using /home/minami/vscode/github/riscv-cof/test/riscof_work/rv64i_m/I/src/blt-01.S/ref/Reference-sail_c_simulator.signature for test-signature output.
tohost located at 0x8004d000
Running file ref.elf.
ELF Entry @ 0x80000000
begin_signature: 0x8004f110
end_signature: 0x80050630
CSR mstatus <- 0x0000000A00000000 (input: 0x0000000000000000)
mem[X,0x0000000000001000] -> 0x0297
mem[X,0x0000000000001002] -> 0x0000
[0] [M]: 0x0000000000001000 (0x00000297) auipc t0, 0
x5 <- 0x0000000000001000
mem[X,0x0000000000001004] -> 0x8593
mem[X,0x0000000000001006] -> 0x0202
[1] [M]: 0x0000000000001004 (0x02028593) addi a1, t0, 32
x11 <- 0x0000000000001020
mem[X,0x0000000000001008] -> 0x2573
mem[X,0x000000000000100A] -> 0xF140
[2] [M]: 0x0000000000001008 (0xF1402573) csrrs a0, mhartid, zero
CSR mhartid -> 0x0000000000000000
x10 <- 0x0000000000000000
mem[X,0x000000000000100C] -> 0xB283
mem[X,0x000000000000100E] -> 0x0182
[3] [M]: 0x000000000000100C (0x0182B283) ld t0, 24(t0)
mem[R,0x0000000000001018] -> 0x0000000080000000
x5 <- 0x0000000080000000
mem[X,0x0000000000001010] -> 0x8067
mem[X,0x0000000000001012] -> 0x0002
[4] [M]: 0x0000000000001010 (0x00028067) jalr zero, t0, 0
mem[X,0x0000000080000000] -> 0xC0B7
mem[X,0x0000000080000002] -> 0xFEED
[5] [M]: 0x0000000080000000 (0xFEEDC0B7) lui ra, 1044188
x1 <- 0xFFFFFFFFFEEDC000
mem[X,0x0000000080000004] -> 0x8093
mem[X,0x0000000080000006] -> 0xEAD0
[6] [M]: 0x0000000080000004 (0xEAD08093) addi ra, ra, 3757
x1 <- 0xFFFFFFFFFEEDBEAD
mem[X,0x0000000080000008] -> 0x9093
mem[X,0x000000008000000A] -> 0x00B0
[7] [M]: 0x0000000080000008 (0x00B09093) slli ra, ra, 11
x1 <- 0xFFFFFFF76DF56800
mem[X,0x000000008000000C] -> 0x8093
mem[X,0x000000008000000E] -> 0x7F70
[8] [M]: 0x000000008000000C (0x7F708093) addi ra, ra, 2039
x1 <- 0xFFFFFFF76DF56FF7
mem[X,0x0000000080000010] -> 0x9093
mem[X,0x0000000080000012] -> 0x00B0
[9] [M]: 0x0000000080000010 (0x00B09093) slli ra, ra, 11
x1 <- 0xFFFFBB6FAB7FB800
mem[X,0x0000000080000014] -> 0x8093
mem[X,0x0000000080000016] -> 0x36F0
[10] [M]: 0x0000000080000014 (0x36F08093) addi ra, ra, 879
x1 <- 0xFFFFBB6FAB7FBB6F
mem[X,0x0000000080000018] -> 0x9093
mem[X,0x000000008000001A] -> 0x00A0
[11] [M]: 0x0000000080000018 (0x00A09093) slli ra, ra, 10
x1 <- 0xFEEDBEADFEEDBC00
mem[X,0x000000008000001C] -> 0x8093
mem[X,0x000000008000001E] -> 0x2AD0
[12] [M]: 0x000000008000001C (0x2AD08093) addi ra, ra, 685
x1 <- 0xFEEDBEADFEEDBEAD
mem[X,0x0000000080000020] -> 0xE137
mem[X,0x0000000080000022] -> 0xFF76
[13] [M]: 0x0000000080000020 (0xFF76E137) lui sp, 1046382
x2 <- 0xFFFFFFFFFF76E000
mem[X,0x0000000080000024] -> 0x0113
mem[X,0x0000000080000026] -> 0xF561
[14] [M]: 0x0000000080000024 (0xF5610113) addi sp, sp, 3926
x2 <- 0xFFFFFFFFFF76DF56
mem[X,0x0000000080000028] -> 0x1113
mem[X,0x000000008000002A] -> 0x00B1
[15] [M]: 0x0000000080000028 (0x00B11113) slli sp, sp, 11
x2 <- 0xFFFFFFFBB6FAB000
mem[X,0x000000008000002C] -> 0x0113
mem[X,0x000000008000002E] -> 0x7FB1
[16] [M]: 0x000000008000002C (0x7FB10113) addi sp, sp, 2043
x2 <- 0xFFFFFFFBB6FAB7FB
mem[X,0x0000000080000030] -> 0x1113
mem[X,0x0000000080000032] -> 0x00B1
[17] [M]: 0x0000000080000030 (0x00B11113) slli sp, sp, 11
x2 <- 0xFFFFDDB7D5BFD800
mem[X,0x0000000080000034] -> 0x0113
mem[X,0x0000000080000036] -> 0x5B71
[18] [M]: 0x0000000080000034 (0x5B710113) addi sp, sp, 1463
x2 <- 0xFFFFDDB7D5BFDDB7
mem[X,0x0000000080000038] -> 0x1113
mem[X,0x000000008000003A] -> 0x00A1
[19] [M]: 0x0000000080000038 (0x00A11113) slli sp, sp, 10
x2 <- 0xFF76DF56FF76DC00
mem[X,0x000000008000003C] -> 0x0113
mem[X,0x000000008000003E] -> 0x3561
[20] [M]: 0x000000008000003C (0x35610113) addi sp, sp, 854
x2 <- 0xFF76DF56FF76DF56
mem[X,0x0000000080000040] -> 0x71B7
mem[X,0x0000000080000042] -> 0x7FBB
[21] [M]: 0x0000000080000040 (0x7FBB71B7) lui gp, 523191
x3 <- 0x000000007FBB7000
mem[X,0x0000000080000044] -> 0x8193
mem[X,0x0000000080000046] -> 0xFAB1
[22] [M]: 0x0000000080000044 (0xFAB18193) addi gp, gp, 4011
x3 <- 0x000000007FBB6FAB
mem[X,0x0000000080000048] -> 0x9193
mem[X,0x000000008000004A] -> 0x00B1
[23] [M]: 0x0000000080000048 (0x00B19193) slli gp, gp, 11
x3 <- 0x000003FDDB7D5800
mem[X,0x000000008000004C] -> 0x8193
mem[X,0x000000008000004E] -> 0x3FD1
[24] [M]: 0x000000008000004C (0x3FD18193) addi gp, gp, 1021
x3 <- 0x000003FDDB7D5BFD
mem[X,0x0000000080000050] -> 0x9193
mem[X,0x0000000080000052] -> 0x00B1
[25] [M]: 0x0000000080000050 (0x00B19193) slli gp, gp, 11
x3 <- 0x001FEEDBEADFE800
mem[X,0x0000000080000054] -> 0x8193
mem[X,0x0000000080000056] -> 0x6DB1
[26] [M]: 0x0000000080000054 (0x6DB18193) addi gp, gp, 1755
x3 <- 0x001FEEDBEADFEEDB
mem[X,0x0000000080000058] -> 0x9193
mem[X,0x000000008000005A] -> 0x00A1
[27] [M]: 0x0000000080000058 (0x00A19193) slli gp, gp, 10
x3 <- 0x7FBB6FAB7FBB6C00
mem[X,0x000000008000005C] -> 0x8193
mem[X,0x000000008000005E] -> 0x3AB1
[28] [M]: 0x000000008000005C (0x3AB18193) addi gp, gp, 939
x3 <- 0x7FBB6FAB7FBB6FAB
mem[X,0x0000000080000060] -> 0xB237
mem[X,0x0000000080000062] -> 0xBFDD
[29] [M]: 0x0000000080000060 (0xBFDDB237) lui tp, 785883
x4 <- 0xFFFFFFFFBFDDB000
mem[X,0x0000000080000064] -> 0x0213
mem[X,0x0000000080000066] -> 0x7D52
[30] [M]: 0x0000000080000064 (0x7D520213) addi tp, tp, 2005
x4 <- 0xFFFFFFFFBFDDB7D5
mem[X,0x0000000080000068] -> 0x1213
mem[X,0x000000008000006A] -> 0x00B2
[31] [M]: 0x0000000080000068 (0x00B21213) slli tp, tp, 11
x4 <- 0xFFFFFDFEEDBEA800
mem[X,0x000000008000006C] -> 0x0213
mem[X,0x000000008000006E] -> 0x5FE2
[32] [M]: 0x000000008000006C (0x5FE20213) addi tp, tp, 1534
x4 <- 0xFFFFFDFEEDBEADFE
mem[X,0x0000000080000070] -> 0x1213
mem[X,0x0000000080000072] -> 0x00B2
[33] [M]: 0x0000000080000070 (0x00B21213) slli tp, tp, 11
x4 <- 0xFFEFF76DF56FF000
mem[X,0x0000000080000074] -> 0x0213
mem[X,0x0000000080000076] -> 0x76D2
[34] [M]: 0x0000000080000074 (0x76D20213) addi tp, tp, 1901
x4 <- 0xFFEFF76DF56FF76D
mem[X,0x0000000080000078] -> 0x1213
mem[X,0x000000008000007A] -> 0x00A2
[35] [M]: 0x0000000080000078 (0x00A21213) slli tp, tp, 10
x4 <- 0xBFDDB7D5BFDDB400
mem[X,0x000000008000007C] -> 0x0213
mem[X,0x000000008000007E] -> 0x3D52
[36] [M]: 0x000000008000007C (0x3D520213) addi tp, tp, 981
x4 <- 0xBFDDB7D5BFDDB7D5
mem[X,0x0000000080000080] -> 0xE2B7
mem[X,0x0000000080000082] -> 0xDFEE
[37] [M]: 0x0000000080000080 (0xDFEEE2B7) lui t0, 917230
x5 <- 0xFFFFFFFFDFEEE000
mem[X,0x0000000080000084] -> 0x8293
mem[X,0x0000000080000086] -> 0xBEA2
[38] [M]: 0x0000000080000084 (0xBEA28293) addi t0, t0, 3050
x5 <- 0xFFFFFFFFDFEEDBEA
mem[X,0x0000000080000088] -> 0x9293
mem[X,0x000000008000008A] -> 0x00B2
[39] [M]: 0x0000000080000088 (0x00B29293) slli t0, t0, 11
x5 <- 0xFFFFFEFF76DF5000
mem[X,0x000000008000008C] -> 0x8293
mem[X,0x000000008000008E] -> 0x6FF2
[40] [M]: 0x000000008000008C (0x6FF28293) addi t0, t0, 1791
x5 <- 0xFFFFFEFF76DF56FF
mem[X,0x0000000080000090] -> 0x9293
mem[X,0x0000000080000092] -> 0x00B2
[41] [M]: 0x0000000080000090 (0x00B29293) slli t0, t0, 11
x5 <- 0xFFF7FBB6FAB7F800
mem[X,0x0000000080000094] -> 0x8293
mem[X,0x0000000080000096] -> 0x3B62
[42] [M]: 0x0000000080000094 (0x3B628293) addi t0, t0, 950
x5 <- 0xFFF7FBB6FAB7FBB6
mem[X,0x0000000080000098] -> 0x9293
mem[X,0x000000008000009A] -> 0x00A2
[43] [M]: 0x0000000080000098 (0x00A29293) slli t0, t0, 10
x5 <- 0xDFEEDBEADFEED800
mem[X,0x000000008000009C] -> 0x8293
mem[X,0x000000008000009E] -> 0x3EA2
[44] [M]: 0x000000008000009C (0x3EA28293) addi t0, t0, 1002
x5 <- 0xDFEEDBEADFEEDBEA
mem[X,0x00000000800000A0] -> 0x7337
mem[X,0x00000000800000A2] -> 0x6FF7
[45] [M]: 0x00000000800000A0 (0x6FF77337) lui t1, 458615
x6 <- 0x000000006FF77000
mem[X,0x00000000800000A4] -> 0x0313
mem[X,0x00000000800000A6] -> 0xDF53
[46] [M]: 0x00000000800000A4 (0xDF530313) addi t1, t1, 3573
x6 <- 0x000000006FF76DF5
mem[X,0x00000000800000A8] -> 0x1313
mem[X,0x00000000800000AA] -> 0x00B3
[47] [M]: 0x00000000800000A8 (0x00B31313) slli t1, t1, 11
x6 <- 0x0000037FBB6FA800
mem[X,0x00000000800000AC] -> 0x0313
mem[X,0x00000000800000AE] -> 0x37F3
[48] [M]: 0x00000000800000AC (0x37F30313) addi t1, t1, 895
x6 <- 0x0000037FBB6FAB7F
mem[X,0x00000000800000B0] -> 0x1313
mem[X,0x00000000800000B2] -> 0x00B3
[49] [M]: 0x00000000800000B0 (0x00B31313) slli t1, t1, 11
x6 <- 0x001BFDDB7D5BF800
mem[X,0x00000000800000B4] -> 0x0313
mem[X,0x00000000800000B6] -> 0x5DB3
[50] [M]: 0x00000000800000B4 (0x5DB30313) addi t1, t1, 1499
x6 <- 0x001BFDDB7D5BFDDB
mem[X,0x00000000800000B8] -> 0x1313
mem[X,0x00000000800000BA] -> 0x00A3
[51] [M]: 0x00000000800000B8 (0x00A31313) slli t1, t1, 10
x6 <- 0x6FF76DF56FF76C00
mem[X,0x00000000800000BC] -> 0x0313
mem[X,0x00000000800000BE] -> 0x1F53
[52] [M]: 0x00000000800000BC (0x1F530313) addi t1, t1, 501
x6 <- 0x6FF76DF56FF76DF5
mem[X,0x00000000800000C0] -> 0xB3B7
mem[X,0x00000000800000C2] -> 0xB7FB
[53] [M]: 0x00000000800000C0 (0xB7FBB3B7) lui t2, 753595
x7 <- 0xFFFFFFFFB7FBB000
mem[X,0x00000000800000C4] -> 0x8393
mem[X,0x00000000800000C6] -> 0x6FA3
[54] [M]: 0x00000000800000C4 (0x6FA38393) addi t2, t2, 1786
x7 <- 0xFFFFFFFFB7FBB6FA
mem[X,0x00000000800000C8] -> 0x9393
mem[X,0x00000000800000CA] -> 0x00B3
[55] [M]: 0x00000000800000C8 (0x00B39393) slli t2, t2, 11
x7 <- 0xFFFFFDBFDDB7D000
mem[X,0x00000000800000CC] -> 0x8393
mem[X,0x00000000800000CE] -> 0x5BF3
[56] [M]: 0x00000000800000CC (0x5BF38393) addi t2, t2, 1471
x7 <- 0xFFFFFDBFDDB7D5BF
mem[X,0x00000000800000D0] -> 0x9393
mem[X,0x00000000800000D2] -> 0x00B3
[57] [M]: 0x00000000800000D0 (0x00B39393) slli t2, t2, 11
x7 <- 0xFFEDFEEDBEADF800
mem[X,0x00000000800000D4] -> 0x8393
mem[X,0x00000000800000D6] -> 0x6ED3
[58] [M]: 0x00000000800000D4 (0x6ED38393) addi t2, t2, 1773
x7 <- 0xFFEDFEEDBEADFEED
mem[X,0x00000000800000D8] -> 0x9393
mem[X,0x00000000800000DA] -> 0x00A3
[59] [M]: 0x00000000800000D8 (0x00A39393) slli t2, t2, 10
x7 <- 0xB7FBB6FAB7FBB400
mem[X,0x00000000800000DC] -> 0x8393
mem[X,0x00000000800000DE] -> 0x2FA3
[60] [M]: 0x00000000800000DC (0x2FA38393) addi t2, t2, 762
x7 <- 0xB7FBB6FAB7FBB6FA
mem[X,0x00000000800000E0] -> 0xE437
mem[X,0x00000000800000E2] -> 0x5BFD
[61] [M]: 0x00000000800000E0 (0x5BFDE437) lui fp, 376798
x8 <- 0x000000005BFDE000
mem[X,0x00000000800000E4] -> 0x0413
mem[X,0x00000000800000E6] -> 0xB7D4
[62] [M]: 0x00000000800000E4 (0xB7D40413) addi fp, fp, 2941
x8 <- 0x000000005BFDDB7D
mem[X,0x00000000800000E8] -> 0x1413
mem[X,0x00000000800000EA] -> 0x00B4
[63] [M]: 0x00000000800000E8 (0x00B41413) slli fp, fp, 11
x8 <- 0x000002DFEEDBE800
mem[X,0x00000000800000EC] -> 0x0413
mem[X,0x00000000800000EE] -> 0x2DF4
[64] [M]: 0x00000000800000EC (0x2DF40413) addi fp, fp, 735
x8 <- 0x000002DFEEDBEADF
mem[X,0x00000000800000F0] -> 0x1413
mem[X,0x00000000800000F2] -> 0x00B4
[65] [M]: 0x00000000800000F0 (0x00B41413) slli fp, fp, 11
x8 <- 0x0016FF76DF56F800
mem[X,0x00000000800000F4] -> 0x0413
mem[X,0x00000000800000F6] -> 0x7764
[66] [M]: 0x00000000800000F4 (0x77640413) addi fp, fp, 1910
x8 <- 0x0016FF76DF56FF76
mem[X,0x00000000800000F8] -> 0x1413
mem[X,0x00000000800000FA] -> 0x00A4
[67] [M]: 0x00000000800000F8 (0x00A41413) slli fp, fp, 10
x8 <- 0x5BFDDB7D5BFDD800
mem[X,0x00000000800000FC] -> 0x0413
mem[X,0x00000000800000FE] -> 0x37D4
[68] [M]: 0x00000000800000FC (0x37D40413) addi fp, fp, 893
x8 <- 0x5BFDDB7D5BFDDB7D
mem[X,0x0000000080000100] -> 0xF4B7
mem[X,0x0000000080000102] -> 0xADFE
[69] [M]: 0x0000000080000100 (0xADFEF4B7) lui s1, 712687
x9 <- 0xFFFFFFFFADFEF000
mem[X,0x0000000080000104] -> 0x8493
mem[X,0x0000000080000106] -> 0xDBE4
[70] [M]: 0x0000000080000104 (0xDBE48493) addi s1, s1, 3518
x9 <- 0xFFFFFFFFADFEEDBE
mem[X,0x0000000080000108] -> 0x9493
mem[X,0x000000008000010A] -> 0x00B4
[71] [M]: 0x0000000080000108 (0x00B49493) slli s1, s1, 11
x9 <- 0xFFFFFD6FF76DF000
mem[X,0x000000008000010C] -> 0x8493
mem[X,0x000000008000010E] -> 0x56F4
[72] [M]: 0x000000008000010C (0x56F48493) addi s1, s1, 1391
x9 <- 0xFFFFFD6FF76DF56F
mem[X,0x0000000080000110] -> 0x9493
mem[X,0x0000000080000112] -> 0x00B4
[73] [M]: 0x0000000080000110 (0x00B49493) slli s1, s1, 11
x9 <- 0xFFEB7FBB6FAB7800
mem[X,0x0000000080000114] -> 0x8493
mem[X,0x0000000080000116] -> 0x7BB4
[74] [M]: 0x0000000080000114 (0x7BB48493) addi s1, s1, 1979
x9 <- 0xFFEB7FBB6FAB7FBB
mem[X,0x0000000080000118] -> 0x9493
mem[X,0x000000008000011A] -> 0x00A4
[75] [M]: 0x0000000080000118 (0x00A49493) slli s1, s1, 10
x9 <- 0xADFEEDBEADFEEC00
mem[X,0x000000008000011C] -> 0x8493
mem[X,0x000000008000011E] -> 0x1BE4
[76] [M]: 0x000000008000011C (0x1BE48493) addi s1, s1, 446
x9 <- 0xADFEEDBEADFEEDBE
mem[X,0x0000000080000120] -> 0x7537
mem[X,0x0000000080000122] -> 0x56FF
[77] [M]: 0x0000000080000120 (0x56FF7537) lui a0, 356343
x10 <- 0x0000000056FF7000
mem[X,0x0000000080000124] -> 0x0513
mem[X,0x0000000080000126] -> 0x6DF5
[78] [M]: 0x0000000080000124 (0x6DF50513) addi a0, a0, 1759
x10 <- 0x0000000056FF76DF
mem[X,0x0000000080000128] -> 0x1513
mem[X,0x000000008000012A] -> 0x00B5
[79] [M]: 0x0000000080000128 (0x00B51513) slli a0, a0, 11
x10 <- 0x000002B7FBB6F800
mem[X,0x000000008000012C] -> 0x0513
mem[X,0x000000008000012E] -> 0x2B75
[80] [M]: 0x000000008000012C (0x2B750513) addi a0, a0, 695
x10 <- 0x000002B7FBB6FAB7
mem[X,0x0000000080000130] -> 0x1513
mem[X,0x0000000080000132] -> 0x00B5
[81] [M]: 0x0000000080000130 (0x00B51513) slli a0, a0, 11
x10 <- 0x0015BFDDB7D5B800
mem[X,0x0000000080000134] -> 0x0513
mem[X,0x0000000080000136] -> 0x7DD5
[82] [M]: 0x0000000080000134 (0x7DD50513) addi a0, a0, 2013
x10 <- 0x0015BFDDB7D5BFDD
mem[X,0x0000000080000138] -> 0x1513
mem[X,0x000000008000013A] -> 0x00A5
[83] [M]: 0x0000000080000138 (0x00A51513) slli a0, a0, 10
x10 <- 0x56FF76DF56FF7400
mem[X,0x000000008000013C] -> 0x0513
mem[X,0x000000008000013E] -> 0x2DF5
[84] [M]: 0x000000008000013C (0x2DF50513) addi a0, a0, 735
x10 <- 0x56FF76DF56FF76DF
mem[X,0x0000000080000140] -> 0xC5B7
mem[X,0x0000000080000142] -> 0xAB7F
[85] [M]: 0x0000000080000140 (0xAB7FC5B7) lui a1, 702460
x11 <- 0xFFFFFFFFAB7FC000
mem[X,0x0000000080000144] -> 0x8593
mem[X,0x0000000080000146] -> 0xB6F5
[86] [M]: 0x0000000080000144 (0xB6F58593) addi a1, a1, 2927
x11 <- 0xFFFFFFFFAB7FBB6F
mem[X,0x0000000080000148] -> 0x9593
mem[X,0x000000008000014A] -> 0x00B5
[87] [M]: 0x0000000080000148 (0x00B59593) slli a1, a1, 11
x11 <- 0xFFFFFD5BFDDB7800
mem[X,0x000000008000014C] -> 0x8593
mem[X,0x000000008000014E] -> 0x55B5
[88] [M]: 0x000000008000014C (0x55B58593) addi a1, a1, 1371
x11 <- 0xFFFFFD5BFDDB7D5B
mem[X,0x0000000080000150] -> 0x9593
mem[X,0x0000000080000152] -> 0x00B5
[89] [M]: 0x0000000080000150 (0x00B59593) slli a1, a1, 11
x11 <- 0xFFEADFEEDBEAD800
mem[X,0x0000000080000154] -> 0x8593
mem[X,0x0000000080000156] -> 0x7EE5
[90] [M]: 0x0000000080000154 (0x7EE58593) addi a1, a1, 2030
x11 <- 0xFFEADFEEDBEADFEE
mem[X,0x0000000080000158] -> 0x9593
mem[X,0x000000008000015A] -> 0x00A5
[91] [M]: 0x0000000080000158 (0x00A59593) slli a1, a1, 10
x11 <- 0xAB7FBB6FAB7FB800
mem[X,0x000000008000015C] -> 0x8593
mem[X,0x000000008000015E] -> 0x36F5
[92] [M]: 0x000000008000015C (0x36F58593) addi a1, a1, 879
x11 <- 0xAB7FBB6FAB7FBB6F
mem[X,0x0000000080000160] -> 0xE637
mem[X,0x0000000080000162] -> 0xD5BF
[93] [M]: 0x0000000080000160 (0xD5BFE637) lui a2, 875518
x12 <- 0xFFFFFFFFD5BFE000
mem[X,0x0000000080000164] -> 0x0613
mem[X,0x0000000080000166] -> 0xDB76
[94] [M]: 0x0000000080000164 (0xDB760613) addi a2, a2, 3511
x12 <- 0xFFFFFFFFD5BFDDB7
mem[X,0x0000000080000168] -> 0x1613
mem[X,0x000000008000016A] -> 0x00B6
[95] [M]: 0x0000000080000168 (0x00B61613) slli a2, a2, 11
x12 <- 0xFFFFFEADFEEDB800
mem[X,0x000000008000016C] -> 0x0613
mem[X,0x000000008000016E] -> 0x6AD6
[96] [M]: 0x000000008000016C (0x6AD60613) addi a2, a2, 1709
x12 <- 0xFFFFFEADFEEDBEAD
mem[X,0x0000000080000170] -> 0x1613
mem[X,0x0000000080000172] -> 0x00B6
[97] [M]: 0x0000000080000170 (0x00B61613) slli a2, a2, 11
x12 <- 0xFFF56FF76DF56800
mem[X,0x0000000080000174] -> 0x0613
mem[X,0x0000000080000176] -> 0x7F76
[98] [M]: 0x0000000080000174 (0x7F760613) addi a2, a2, 2039
x12 <- 0xFFF56FF76DF56FF7
mem[X,0x0000000080000178] -> 0x1613
mem[X,0x000000008000017A] -> 0x00A6
[99] [M]: 0x0000000080000178 (0x00A61613) slli a2, a2, 10
x12 <- 0xD5BFDDB7D5BFDC00
clint::tick mtime <- 0x0000000000000001
 clint timer pending at mtime 0x0000000000000001
htif::tick 0x0000000000000000
mem[X,0x000000008000017C] -> 0x0613
mem[X,0x000000008000017E] -> 0x1B76
[100] [M]: 0x000000008000017C (0x1B760613) addi a2, a2, 439
x12 <- 0xD5BFDDB7D5BFDDB7
mem[X,0x0000000080000180] -> 0xF6B7
mem[X,0x0000000080000182] -> 0xEADF
[101] [M]: 0x0000000080000180 (0xEADFF6B7) lui a3, 962047
x13 <- 0xFFFFFFFFEADFF000
mem[X,0x0000000080000184] -> 0x8693
mem[X,0x0000000080000186] -> 0xEDB6
[102] [M]: 0x0000000080000184 (0xEDB68693) addi a3, a3, 3803
x13 <- 0xFFFFFFFFEADFEEDB
mem[X,0x0000000080000188] -> 0x9693
mem[X,0x000000008000018A] -> 0x00B6
[103] [M]: 0x0000000080000188 (0x00B69693) slli a3, a3, 11
x13 <- 0xFFFFFF56FF76D800
mem[X,0x000000008000018C] -> 0x8693
mem[X,0x000000008000018E] -> 0x7566
[104] [M]: 0x000000008000018C (0x75668693) addi a3, a3, 1878
x13 <- 0xFFFFFF56FF76DF56
mem[X,0x0000000080000190] -> 0x9693
mem[X,0x0000000080000192] -> 0x00B6
[105] [M]: 0x0000000080000190 (0x00B69693) slli a3, a3, 11
x13 <- 0xFFFAB7FBB6FAB000
mem[X,0x0000000080000194] -> 0x8693
mem[X,0x0000000080000196] -> 0x7FB6
[106] [M]: 0x0000000080000194 (0x7FB68693) addi a3, a3, 2043
x13 <- 0xFFFAB7FBB6FAB7FB
mem[X,0x0000000080000198] -> 0x9693
mem[X,0x000000008000019A] -> 0x00A6
[107] [M]: 0x0000000080000198 (0x00A69693) slli a3, a3, 10
x13 <- 0xEADFEEDBEADFEC00
mem[X,0x000000008000019C] -> 0x8693
mem[X,0x000000008000019E] -> 0x2DB6
[108] [M]: 0x000000008000019C (0x2DB68693) addi a3, a3, 731
x13 <- 0xEADFEEDBEADFEEDB
mem[X,0x00000000800001A0] -> 0xF737
mem[X,0x00000000800001A2] -> 0xF56F
[109] [M]: 0x00000000800001A0 (0xF56FF737) lui a4, 1005311
x14 <- 0xFFFFFFFFF56FF000
mem[X,0x00000000800001A4] -> 0x0713
mem[X,0x00000000800001A6] -> 0x76D7
[110] [M]: 0x00000000800001A4 (0x76D70713) addi a4, a4, 1901
x14 <- 0xFFFFFFFFF56FF76D
mem[X,0x00000000800001A8] -> 0x1713
mem[X,0x00000000800001AA] -> 0x00B7
[111] [M]: 0x00000000800001A8 (0x00B71713) slli a4, a4, 11
x14 <- 0xFFFFFFAB7FBB6800
mem[X,0x00000000800001AC] -> 0x0713
mem[X,0x00000000800001AE] -> 0x7AB7
[112] [M]: 0x00000000800001AC (0x7AB70713) addi a4, a4, 1963
x14 <- 0xFFFFFFAB7FBB6FAB
mem[X,0x00000000800001B0] -> 0x1713
mem[X,0x00000000800001B2] -> 0x00B7
[113] [M]: 0x00000000800001B0 (0x00B71713) slli a4, a4, 11
x14 <- 0xFFFD5BFDDB7D5800
mem[X,0x00000000800001B4] -> 0x0713
mem[X,0x00000000800001B6] -> 0x3FD7
[114] [M]: 0x00000000800001B4 (0x3FD70713) addi a4, a4, 1021
x14 <- 0xFFFD5BFDDB7D5BFD
mem[X,0x00000000800001B8] -> 0x1713
mem[X,0x00000000800001BA] -> 0x00A7
[115] [M]: 0x00000000800001B8 (0x00A71713) slli a4, a4, 10
x14 <- 0xF56FF76DF56FF400
mem[X,0x00000000800001BC] -> 0x0713
mem[X,0x00000000800001BE] -> 0x36D7
[116] [M]: 0x00000000800001BC (0x36D70713) addi a4, a4, 877
x14 <- 0xF56FF76DF56FF76D
mem[X,0x00000000800001C0] -> 0x07B7
mem[X,0x00000000800001C2] -> 0xFAB8
[117] [M]: 0x00000000800001C0 (0xFAB807B7) lui a5, 1026944
x15 <- 0xFFFFFFFFFAB80000
mem[X,0x00000000800001C4] -> 0x8793
mem[X,0x00000000800001C6] -> 0xBB67
[118] [M]: 0x00000000800001C4 (0xBB678793) addi a5, a5, 2998
x15 <- 0xFFFFFFFFFAB7FBB6
mem[X,0x00000000800001C8] -> 0x9793
mem[X,0x00000000800001CA] -> 0x00B7
[119] [M]: 0x00000000800001C8 (0x00B79793) slli a5, a5, 11
x15 <- 0xFFFFFFD5BFDDB000
mem[X,0x00000000800001CC] -> 0x8793
mem[X,0x00000000800001CE] -> 0x7D57
[120] [M]: 0x00000000800001CC (0x7D578793) addi a5, a5, 2005
x15 <- 0xFFFFFFD5BFDDB7D5
mem[X,0x00000000800001D0] -> 0x9793
mem[X,0x00000000800001D2] -> 0x00B7
[121] [M]: 0x00000000800001D0 (0x00B79793) slli a5, a5, 11
x15 <- 0xFFFEADFEEDBEA800
mem[X,0x00000000800001D4] -> 0x8793
mem[X,0x00000000800001D6] -> 0x5FE7
[122] [M]: 0x00000000800001D4 (0x5FE78793) addi a5, a5, 1534
x15 <- 0xFFFEADFEEDBEADFE
mem[X,0x00000000800001D8] -> 0x9793
mem[X,0x00000000800001DA] -> 0x00A7
[123] [M]: 0x00000000800001D8 (0x00A79793) slli a5, a5, 10
x15 <- 0xFAB7FBB6FAB7F800
mem[X,0x00000000800001DC] -> 0x8793
mem[X,0x00000000800001DE] -> 0x3B67
[124] [M]: 0x00000000800001DC (0x3B678793) addi a5, a5, 950
x15 <- 0xFAB7FBB6FAB7FBB6
mem[X,0x00000000800001E0] -> 0x0837
mem[X,0x00000000800001E2] -> 0x7D5C
[125] [M]: 0x00000000800001E0 (0x7D5C0837) lui a6, 513472
x16 <- 0x000000007D5C0000
mem[X,0x00000000800001E4] -> 0x0813
mem[X,0x00000000800001E6] -> 0xDDB8
[126] [M]: 0x00000000800001E4 (0xDDB80813) addi a6, a6, 3547
x16 <- 0x000000007D5BFDDB
mem[X,0x00000000800001E8] -> 0x1813
mem[X,0x00000000800001EA] -> 0x00B8
[127] [M]: 0x00000000800001E8 (0x00B81813) slli a6, a6, 11
x16 <- 0x000003EADFEED800
mem[X,0x00000000800001EC] -> 0x0813
mem[X,0x00000000800001EE] -> 0x3EA8
[128] [M]: 0x00000000800001EC (0x3EA80813) addi a6, a6, 1002
x16 <- 0x000003EADFEEDBEA
mem[X,0x00000000800001F0] -> 0x1813
mem[X,0x00000000800001F2] -> 0x00B8
[129] [M]: 0x00000000800001F0 (0x00B81813) slli a6, a6, 11
x16 <- 0x001F56FF76DF5000
mem[X,0x00000000800001F4] -> 0x0813
mem[X,0x00000000800001F6] -> 0x6FF8
[130] [M]: 0x00000000800001F4 (0x6FF80813) addi a6, a6, 1791
x16 <- 0x001F56FF76DF56FF
mem[X,0x00000000800001F8] -> 0x1813
mem[X,0x00000000800001FA] -> 0x00A8
[131] [M]: 0x00000000800001F8 (0x00A81813) slli a6, a6, 10
x16 <- 0x7D5BFDDB7D5BFC00
mem[X,0x00000000800001FC] -> 0x0813
mem[X,0x00000000800001FE] -> 0x1DB8
[132] [M]: 0x00000000800001FC (0x1DB80813) addi a6, a6, 475
x16 <- 0x7D5BFDDB7D5BFDDB
mem[X,0x0000000080000200] -> 0x08B7
mem[X,0x0000000080000202] -> 0xBEAE
[133] [M]: 0x0000000080000200 (0xBEAE08B7) lui a7, 781024
x17 <- 0xFFFFFFFFBEAE0000
mem[X,0x0000000080000204] -> 0x8893
mem[X,0x0000000080000206] -> 0xEED8
[134] [M]: 0x0000000080000204 (0xEED88893) addi a7, a7, 3821
x17 <- 0xFFFFFFFFBEADFEED
mem[X,0x0000000080000208] -> 0x9893
mem[X,0x000000008000020A] -> 0x00B8
[135] [M]: 0x0000000080000208 (0x00B89893) slli a7, a7, 11
x17 <- 0xFFFFFDF56FF76800
mem[X,0x000000008000020C] -> 0x8893
mem[X,0x000000008000020E] -> 0x5F58
[136] [M]: 0x000000008000020C (0x5F588893) addi a7, a7, 1525
x17 <- 0xFFFFFDF56FF76DF5
mem[X,0x0000000080000210] -> 0x9893
mem[X,0x0000000080000212] -> 0x00B8
[137] [M]: 0x0000000080000210 (0x00B89893) slli a7, a7, 11
x17 <- 0xFFEFAB7FBB6FA800
mem[X,0x0000000080000214] -> 0x8893
mem[X,0x0000000080000216] -> 0x37F8
[138] [M]: 0x0000000080000214 (0x37F88893) addi a7, a7, 895
x17 <- 0xFFEFAB7FBB6FAB7F
mem[X,0x0000000080000218] -> 0x9893
mem[X,0x000000008000021A] -> 0x00A8
[139] [M]: 0x0000000080000218 (0x00A89893) slli a7, a7, 10
x17 <- 0xBEADFEEDBEADFC00
mem[X,0x000000008000021C] -> 0x8893
mem[X,0x000000008000021E] -> 0x2ED8
[140] [M]: 0x000000008000021C (0x2ED88893) addi a7, a7, 749
x17 <- 0xBEADFEEDBEADFEED
mem[X,0x0000000080000220] -> 0x0937
mem[X,0x0000000080000222] -> 0xDF57
[141] [M]: 0x0000000080000220 (0xDF570937) lui s2, 914800
x18 <- 0xFFFFFFFFDF570000
mem[X,0x0000000080000224] -> 0x0913
mem[X,0x0000000080000226] -> 0xF769
[142] [M]: 0x0000000080000224 (0xF7690913) addi s2, s2, 3958
x18 <- 0xFFFFFFFFDF56FF76
mem[X,0x0000000080000228] -> 0x1913
mem[X,0x000000008000022A] -> 0x00B9
[143] [M]: 0x0000000080000228 (0x00B91913) slli s2, s2, 11
x18 <- 0xFFFFFEFAB7FBB000
mem[X,0x000000008000022C] -> 0x0913
mem[X,0x000000008000022E] -> 0x6FA9
[144] [M]: 0x000000008000022C (0x6FA90913) addi s2, s2, 1786
x18 <- 0xFFFFFEFAB7FBB6FA
mem[X,0x0000000080000230] -> 0x1913
mem[X,0x0000000080000232] -> 0x00B9
[145] [M]: 0x0000000080000230 (0x00B91913) slli s2, s2, 11
x18 <- 0xFFF7D5BFDDB7D000
mem[X,0x0000000080000234] -> 0x0913
mem[X,0x0000000080000236] -> 0x5BF9
[146] [M]: 0x0000000080000234 (0x5BF90913) addi s2, s2, 1471
x18 <- 0xFFF7D5BFDDB7D5BF
mem[X,0x0000000080000238] -> 0x1913
mem[X,0x000000008000023A] -> 0x00A9
[147] [M]: 0x0000000080000238 (0x00A91913) slli s2, s2, 10
x18 <- 0xDF56FF76DF56FC00
mem[X,0x000000008000023C] -> 0x0913
mem[X,0x000000008000023E] -> 0x3769
[148] [M]: 0x000000008000023C (0x37690913) addi s2, s2, 886
x18 <- 0xDF56FF76DF56FF76
mem[X,0x0000000080000240] -> 0x89B7
mem[X,0x0000000080000242] -> 0x6FAB
[149] [M]: 0x0000000080000240 (0x6FAB89B7) lui s3, 457400
x19 <- 0x000000006FAB8000
mem[X,0x0000000080000244] -> 0x8993
mem[X,0x0000000080000246] -> 0xFBB9
[150] [M]: 0x0000000080000244 (0xFBB98993) addi s3, s3, 4027
x19 <- 0x000000006FAB7FBB
mem[X,0x0000000080000248] -> 0x9993
mem[X,0x000000008000024A] -> 0x00B9
[151] [M]: 0x0000000080000248 (0x00B99993) slli s3, s3, 11
x19 <- 0x0000037D5BFDD800
mem[X,0x000000008000024C] -> 0x8993
mem[X,0x000000008000024E] -> 0x37D9
[152] [M]: 0x000000008000024C (0x37D98993) addi s3, s3, 893
x19 <- 0x0000037D5BFDDB7D
mem[X,0x0000000080000250] -> 0x9993
mem[X,0x0000000080000252] -> 0x00B9
[153] [M]: 0x0000000080000250 (0x00B99993) slli s3, s3, 11
x19 <- 0x001BEADFEEDBE800
mem[X,0x0000000080000254] -> 0x8993
mem[X,0x0000000080000256] -> 0x2DF9
[154] [M]: 0x0000000080000254 (0x2DF98993) addi s3, s3, 735
x19 <- 0x001BEADFEEDBEADF
mem[X,0x0000000080000258] -> 0x9993
mem[X,0x000000008000025A] -> 0x00A9
[155] [M]: 0x0000000080000258 (0x00A99993) slli s3, s3, 10
x19 <- 0x6FAB7FBB6FAB7C00
mem[X,0x000000008000025C] -> 0x8993
mem[X,0x000000008000025E] -> 0x3BB9
[156] [M]: 0x000000008000025C (0x3BB98993) addi s3, s3, 955
x19 <- 0x6FAB7FBB6FAB7FBB
mem[X,0x0000000080000260] -> 0xCA37
mem[X,0x0000000080000262] -> 0xB7D5
[157] [M]: 0x0000000080000260 (0xB7D5CA37) lui s4, 752988
x20 <- 0xFFFFFFFFB7D5C000
mem[X,0x0000000080000264] -> 0x0A13
mem[X,0x0000000080000266] -> 0xFDDA
[158] [M]: 0x0000000080000264 (0xFDDA0A13) addi s4, s4, 4061
x20 <- 0xFFFFFFFFB7D5BFDD
mem[X,0x0000000080000268] -> 0x1A13
mem[X,0x000000008000026A] -> 0x00BA
[159] [M]: 0x0000000080000268 (0x00BA1A13) slli s4, s4, 11
x20 <- 0xFFFFFDBEADFEE800
mem[X,0x000000008000026C] -> 0x0A13
mem[X,0x000000008000026E] -> 0x5BEA
[160] [M]: 0x000000008000026C (0x5BEA0A13) addi s4, s4, 1470
x20 <- 0xFFFFFDBEADFEEDBE
mem[X,0x0000000080000270] -> 0x1A13
mem[X,0x0000000080000272] -> 0x00BA
[161] [M]: 0x0000000080000270 (0x00BA1A13) slli s4, s4, 11
x20 <- 0xFFEDF56FF76DF000
mem[X,0x0000000080000274] -> 0x0A13
mem[X,0x0000000080000276] -> 0x56FA
[162] [M]: 0x0000000080000274 (0x56FA0A13) addi s4, s4, 1391
x20 <- 0xFFEDF56FF76DF56F
mem[X,0x0000000080000278] -> 0x1A13
mem[X,0x000000008000027A] -> 0x00AA
[163] [M]: 0x0000000080000278 (0x00AA1A13) slli s4, s4, 10
x20 <- 0xB7D5BFDDB7D5BC00
mem[X,0x000000008000027C] -> 0x0A13
mem[X,0x000000008000027E] -> 0x3DDA
[164] [M]: 0x000000008000027C (0x3DDA0A13) addi s4, s4, 989
x20 <- 0xB7D5BFDDB7D5BFDD
mem[X,0x0000000080000280] -> 0xEAB7
mem[X,0x0000000080000282] -> 0xDBEA
[165] [M]: 0x0000000080000280 (0xDBEAEAB7) lui s5, 900782
x21 <- 0xFFFFFFFFDBEAE000
mem[X,0x0000000080000284] -> 0x8A93
mem[X,0x0000000080000286] -> 0xFEEA
[166] [M]: 0x0000000080000284 (0xFEEA8A93) addi s5, s5, 4078
x21 <- 0xFFFFFFFFDBEADFEE
mem[X,0x0000000080000288] -> 0x9A93
mem[X,0x000000008000028A] -> 0x00BA
[167] [M]: 0x0000000080000288 (0x00BA9A93) slli s5, s5, 11
x21 <- 0xFFFFFEDF56FF7000
mem[X,0x000000008000028C] -> 0x8A93
mem[X,0x000000008000028E] -> 0x6DFA
[168] [M]: 0x000000008000028C (0x6DFA8A93) addi s5, s5, 1759
x21 <- 0xFFFFFEDF56FF76DF
mem[X,0x0000000080000290] -> 0x9A93
mem[X,0x0000000080000292] -> 0x00BA
[169] [M]: 0x0000000080000290 (0x00BA9A93) slli s5, s5, 11
x21 <- 0xFFF6FAB7FBB6F800
mem[X,0x0000000080000294] -> 0x8A93
mem[X,0x0000000080000296] -> 0x2B7A
[170] [M]: 0x0000000080000294 (0x2B7A8A93) addi s5, s5, 695
x21 <- 0xFFF6FAB7FBB6FAB7
mem[X,0x0000000080000298] -> 0x9A93
mem[X,0x000000008000029A] -> 0x00AA
[171] [M]: 0x0000000080000298 (0x00AA9A93) slli s5, s5, 10
x21 <- 0xDBEADFEEDBEADC00
mem[X,0x000000008000029C] -> 0x8A93
mem[X,0x000000008000029E] -> 0x3EEA
[172] [M]: 0x000000008000029C (0x3EEA8A93) addi s5, s5, 1006
x21 <- 0xDBEADFEEDBEADFEE
mem[X,0x00000000800002A0] -> 0x7B37
mem[X,0x00000000800002A2] -> 0x6DF5
[173] [M]: 0x00000000800002A0 (0x6DF57B37) lui s6, 450391
x22 <- 0x000000006DF57000
mem[X,0x00000000800002A4] -> 0x0B13
mem[X,0x00000000800002A6] -> 0xFF7B
[174] [M]: 0x00000000800002A4 (0xFF7B0B13) addi s6, s6, 4087
x22 <- 0x000000006DF56FF7
mem[X,0x00000000800002A8] -> 0x1B13
mem[X,0x00000000800002AA] -> 0x00BB
[175] [M]: 0x00000000800002A8 (0x00BB1B13) slli s6, s6, 11
x22 <- 0x0000036FAB7FB800
mem[X,0x00000000800002AC] -> 0x0B13
mem[X,0x00000000800002AE] -> 0x36FB
[176] [M]: 0x00000000800002AC (0x36FB0B13) addi s6, s6, 879
x22 <- 0x0000036FAB7FBB6F
mem[X,0x00000000800002B0] -> 0x1B13
mem[X,0x00000000800002B2] -> 0x00BB
[177] [M]: 0x00000000800002B0 (0x00BB1B13) slli s6, s6, 11
x22 <- 0x001B7D5BFDDB7800
mem[X,0x00000000800002B4] -> 0x0B13
mem[X,0x00000000800002B6] -> 0x55BB
[178] [M]: 0x00000000800002B4 (0x55BB0B13) addi s6, s6, 1371
x22 <- 0x001B7D5BFDDB7D5B
mem[X,0x00000000800002B8] -> 0x1B13
mem[X,0x00000000800002BA] -> 0x00AB
[179] [M]: 0x00000000800002B8 (0x00AB1B13) slli s6, s6, 10
x22 <- 0x6DF56FF76DF56C00
mem[X,0x00000000800002BC] -> 0x0B13
mem[X,0x00000000800002BE] -> 0x3F7B
[180] [M]: 0x00000000800002BC (0x3F7B0B13) addi s6, s6, 1015
x22 <- 0x6DF56FF76DF56FF7
mem[X,0x00000000800002C0] -> 0xBBB7
mem[X,0x00000000800002C2] -> 0xB6FA
[181] [M]: 0x00000000800002C0 (0xB6FABBB7) lui s7, 749483
x23 <- 0xFFFFFFFFB6FAB000
mem[X,0x00000000800002C4] -> 0x8B93
mem[X,0x00000000800002C6] -> 0x7FBB
[182] [M]: 0x00000000800002C4 (0x7FBB8B93) addi s7, s7, 2043
x23 <- 0xFFFFFFFFB6FAB7FB
mem[X,0x00000000800002C8] -> 0x9B93
mem[X,0x00000000800002CA] -> 0x00BB
[183] [M]: 0x00000000800002C8 (0x00BB9B93) slli s7, s7, 11
x23 <- 0xFFFFFDB7D5BFD800
mem[X,0x00000000800002CC] -> 0x8B93
mem[X,0x00000000800002CE] -> 0x5B7B
[184] [M]: 0x00000000800002CC (0x5B7B8B93) addi s7, s7, 1463
x23 <- 0xFFFFFDB7D5BFDDB7
mem[X,0x00000000800002D0] -> 0x9B93
mem[X,0x00000000800002D2] -> 0x00BB
[185] [M]: 0x00000000800002D0 (0x00BB9B93) slli s7, s7, 11
x23 <- 0xFFEDBEADFEEDB800
mem[X,0x00000000800002D4] -> 0x8B93
mem[X,0x00000000800002D6] -> 0x6ADB
[186] [M]: 0x00000000800002D4 (0x6ADB8B93) addi s7, s7, 1709
x23 <- 0xFFEDBEADFEEDBEAD
mem[X,0x00000000800002D8] -> 0x9B93
mem[X,0x00000000800002DA] -> 0x00AB
[187] [M]: 0x00000000800002D8 (0x00AB9B93) slli s7, s7, 10
x23 <- 0xB6FAB7FBB6FAB400
mem[X,0x00000000800002DC] -> 0x8B93
mem[X,0x00000000800002DE] -> 0x3FBB
[188] [M]: 0x00000000800002DC (0x3FBB8B93) addi s7, s7, 1019
x23 <- 0xB6FAB7FBB6FAB7FB
mem[X,0x00000000800002E0] -> 0x6C37
mem[X,0x00000000800002E2] -> 0xDB7D
[189] [M]: 0x00000000800002E0 (0xDB7D6C37) lui s8, 899030
x24 <- 0xFFFFFFFFDB7D6000
mem[X,0x00000000800002E4] -> 0x0C13
mem[X,0x00000000800002E6] -> 0xBFDC
[190] [M]: 0x00000000800002E4 (0xBFDC0C13) addi s8, s8, 3069
x24 <- 0xFFFFFFFFDB7D5BFD
mem[X,0x00000000800002E8] -> 0x1C13
mem[X,0x00000000800002EA] -> 0x00BC
[191] [M]: 0x00000000800002E8 (0x00BC1C13) slli s8, s8, 11
x24 <- 0xFFFFFEDBEADFE800
mem[X,0x00000000800002EC] -> 0x0C13
mem[X,0x00000000800002EE] -> 0x6DBC
[192] [M]: 0x00000000800002EC (0x6DBC0C13) addi s8, s8, 1755
x24 <- 0xFFFFFEDBEADFEEDB
mem[X,0x00000000800002F0] -> 0x1C13
mem[X,0x00000000800002F2] -> 0x00BC
[193] [M]: 0x00000000800002F0 (0x00BC1C13) slli s8, s8, 11
x24 <- 0xFFF6DF56FF76D800
mem[X,0x00000000800002F4] -> 0x0C13
mem[X,0x00000000800002F6] -> 0x756C
[194] [M]: 0x00000000800002F4 (0x756C0C13) addi s8, s8, 1878
x24 <- 0xFFF6DF56FF76DF56
mem[X,0x00000000800002F8] -> 0x1C13
mem[X,0x00000000800002FA] -> 0x00AC
[195] [M]: 0x00000000800002F8 (0x00AC1C13) slli s8, s8, 10
x24 <- 0xDB7D5BFDDB7D5800
mem[X,0x00000000800002FC] -> 0x0C13
mem[X,0x00000000800002FE] -> 0x3FDC
[196] [M]: 0x00000000800002FC (0x3FDC0C13) addi s8, s8, 1021
x24 <- 0xDB7D5BFDDB7D5BFD
mem[X,0x0000000080000300] -> 0xBCB7
mem[X,0x0000000080000302] -> 0xEDBE
[197] [M]: 0x0000000080000300 (0xEDBEBCB7) lui s9, 973803
x25 <- 0xFFFFFFFFEDBEB000
mem[X,0x0000000080000304] -> 0x8C93
mem[X,0x0000000080000306] -> 0xDFEC
[198] [M]: 0x0000000080000304 (0xDFEC8C93) addi s9, s9, 3582
x25 <- 0xFFFFFFFFEDBEADFE
mem[X,0x0000000080000308] -> 0x9C93
mem[X,0x000000008000030A] -> 0x00BC
[199] [M]: 0x0000000080000308 (0x00BC9C93) slli s9, s9, 11
x25 <- 0xFFFFFF6DF56FF000
clint::tick mtime <- 0x0000000000000002
 clint timer pending at mtime 0x0000000000000002
htif::tick 0x0000000000000000
mem[X,0x000000008000030C] -> 0x8C93
mem[X,0x000000008000030E] -> 0x76DC
[200] [M]: 0x000000008000030C (0x76DC8C93) addi s9, s9, 1901
x25 <- 0xFFFFFF6DF56FF76D
mem[X,0x0000000080000310] -> 0x9C93
mem[X,0x0000000080000312] -> 0x00BC
[201] [M]: 0x0000000080000310 (0x00BC9C93) slli s9, s9, 11
x25 <- 0xFFFB6FAB7FBB6800
mem[X,0x0000000080000314] -> 0x8C93
mem[X,0x0000000080000316] -> 0x7ABC
[202] [M]: 0x0000000080000314 (0x7ABC8C93) addi s9, s9, 1963
x25 <- 0xFFFB6FAB7FBB6FAB
mem[X,0x0000000080000318] -> 0x9C93
mem[X,0x000000008000031A] -> 0x00AC
[203] [M]: 0x0000000080000318 (0x00AC9C93) slli s9, s9, 10
x25 <- 0xEDBEADFEEDBEAC00
mem[X,0x000000008000031C] -> 0x8C93
mem[X,0x000000008000031E] -> 0x1FEC
[204] [M]: 0x000000008000031C (0x1FEC8C93) addi s9, s9, 510
x25 <- 0xEDBEADFEEDBEADFE
mem[X,0x0000000080000320] -> 0x5D37
mem[X,0x0000000080000322] -> 0x76DF
[205] [M]: 0x0000000080000320 (0x76DF5D37) lui s10, 486901
x26 <- 0x0000000076DF5000
mem[X,0x0000000080000324] -> 0x0D13
mem[X,0x0000000080000326] -> 0x6FFD
[206] [M]: 0x0000000080000324 (0x6FFD0D13) addi s10, s10, 1791
x26 <- 0x0000000076DF56FF
mem[X,0x0000000080000328] -> 0x1D13
mem[X,0x000000008000032A] -> 0x00BD
[207] [M]: 0x0000000080000328 (0x00BD1D13) slli s10, s10, 11
x26 <- 0x000003B6FAB7F800
mem[X,0x000000008000032C] -> 0x0D13
mem[X,0x000000008000032E] -> 0x3B6D
[208] [M]: 0x000000008000032C (0x3B6D0D13) addi s10, s10, 950
x26 <- 0x000003B6FAB7FBB6
mem[X,0x0000000080000330] -> 0x1D13
mem[X,0x0000000080000332] -> 0x00BD
[209] [M]: 0x0000000080000330 (0x00BD1D13) slli s10, s10, 11
x26 <- 0x001DB7D5BFDDB000
mem[X,0x0000000080000334] -> 0x0D13
mem[X,0x0000000080000336] -> 0x7D5D
[210] [M]: 0x0000000080000334 (0x7D5D0D13) addi s10, s10, 2005
x26 <- 0x001DB7D5BFDDB7D5
mem[X,0x0000000080000338] -> 0x1D13
mem[X,0x000000008000033A] -> 0x00AD
[211] [M]: 0x0000000080000338 (0x00AD1D13) slli s10, s10, 10
x26 <- 0x76DF56FF76DF5400
mem[X,0x000000008000033C] -> 0x0D13
mem[X,0x000000008000033E] -> 0x2FFD
[212] [M]: 0x000000008000033C (0x2FFD0D13) addi s10, s10, 767
x26 <- 0x76DF56FF76DF56FF
mem[X,0x0000000080000340] -> 0xBDB7
mem[X,0x0000000080000342] -> 0xBB6F
[213] [M]: 0x0000000080000340 (0xBB6FBDB7) lui s11, 767739
x27 <- 0xFFFFFFFFBB6FB000
mem[X,0x0000000080000344] -> 0x8D93
mem[X,0x0000000080000346] -> 0xB7FD
[214] [M]: 0x0000000080000344 (0xB7FD8D93) addi s11, s11, 2943
x27 <- 0xFFFFFFFFBB6FAB7F
mem[X,0x0000000080000348] -> 0x9D93
mem[X,0x000000008000034A] -> 0x00BD
[215] [M]: 0x0000000080000348 (0x00BD9D93) slli s11, s11, 11
x27 <- 0xFFFFFDDB7D5BF800
mem[X,0x000000008000034C] -> 0x8D93
mem[X,0x000000008000034E] -> 0x5DBD
[216] [M]: 0x000000008000034C (0x5DBD8D93) addi s11, s11, 1499
x27 <- 0xFFFFFDDB7D5BFDDB
mem[X,0x0000000080000350] -> 0x9D93
mem[X,0x0000000080000352] -> 0x00BD
[217] [M]: 0x0000000080000350 (0x00BD9D93) slli s11, s11, 11
x27 <- 0xFFEEDBEADFEED800
mem[X,0x0000000080000354] -> 0x8D93
mem[X,0x0000000080000356] -> 0x3EAD
[218] [M]: 0x0000000080000354 (0x3EAD8D93) addi s11, s11, 1002
x27 <- 0xFFEEDBEADFEEDBEA
mem[X,0x0000000080000358] -> 0x9D93
mem[X,0x000000008000035A] -> 0x00AD
[219] [M]: 0x0000000080000358 (0x00AD9D93) slli s11, s11, 10
x27 <- 0xBB6FAB7FBB6FA800
mem[X,0x000000008000035C] -> 0x8D93
mem[X,0x000000008000035E] -> 0x37FD
[220] [M]: 0x000000008000035C (0x37FD8D93) addi s11, s11, 895
x27 <- 0xBB6FAB7FBB6FAB7F
mem[X,0x0000000080000360] -> 0xDE37
mem[X,0x0000000080000362] -> 0xDDB7
[221] [M]: 0x0000000080000360 (0xDDB7DE37) lui t3, 908157
x28 <- 0xFFFFFFFFDDB7D000
mem[X,0x0000000080000364] -> 0x0E13
mem[X,0x0000000080000366] -> 0x5BFE
[222] [M]: 0x0000000080000364 (0x5BFE0E13) addi t3, t3, 1471
x28 <- 0xFFFFFFFFDDB7D5BF
mem[X,0x0000000080000368] -> 0x1E13
mem[X,0x000000008000036A] -> 0x00BE
[223] [M]: 0x0000000080000368 (0x00BE1E13) slli t3, t3, 11
x28 <- 0xFFFFFEEDBEADF800
mem[X,0x000000008000036C] -> 0x0E13
mem[X,0x000000008000036E] -> 0x6EDE
[224] [M]: 0x000000008000036C (0x6EDE0E13) addi t3, t3, 1773
x28 <- 0xFFFFFEEDBEADFEED
mem[X,0x0000000080000370] -> 0x1E13
mem[X,0x0000000080000372] -> 0x00BE
[225] [M]: 0x0000000080000370 (0x00BE1E13) slli t3, t3, 11
x28 <- 0xFFF76DF56FF76800
mem[X,0x0000000080000374] -> 0x0E13
mem[X,0x0000000080000376] -> 0x5F5E
[226] [M]: 0x0000000080000374 (0x5F5E0E13) addi t3, t3, 1525
x28 <- 0xFFF76DF56FF76DF5
mem[X,0x0000000080000378] -> 0x1E13
mem[X,0x000000008000037A] -> 0x00AE
[227] [M]: 0x0000000080000378 (0x00AE1E13) slli t3, t3, 10
x28 <- 0xDDB7D5BFDDB7D400
mem[X,0x000000008000037C] -> 0x0E13
mem[X,0x000000008000037E] -> 0x1BFE
[228] [M]: 0x000000008000037C (0x1BFE0E13) addi t3, t3, 447
x28 <- 0xDDB7D5BFDDB7D5BF
mem[X,0x0000000080000380] -> 0xFEB7
mem[X,0x0000000080000382] -> 0xEEDB
[229] [M]: 0x0000000080000380 (0xEEDBFEB7) lui t4, 978367
x29 <- 0xFFFFFFFFEEDBF000
mem[X,0x0000000080000384] -> 0x8E93
mem[X,0x0000000080000386] -> 0xADFE
[230] [M]: 0x0000000080000384 (0xADFE8E93) addi t4, t4, 2783
x29 <- 0xFFFFFFFFEEDBEADF
mem[X,0x0000000080000388] -> 0x9E93
mem[X,0x000000008000038A] -> 0x00BE
[231] [M]: 0x0000000080000388 (0x00BE9E93) slli t4, t4, 11
x29 <- 0xFFFFFF76DF56F800
mem[X,0x000000008000038C] -> 0x8E93
mem[X,0x000000008000038E] -> 0x776E
[232] [M]: 0x000000008000038C (0x776E8E93) addi t4, t4, 1910
x29 <- 0xFFFFFF76DF56FF76
mem[X,0x0000000080000390] -> 0x9E93
mem[X,0x0000000080000392] -> 0x00BE
[233] [M]: 0x0000000080000390 (0x00BE9E93) slli t4, t4, 11
x29 <- 0xFFFBB6FAB7FBB000
mem[X,0x0000000080000394] -> 0x8E93
mem[X,0x0000000080000396] -> 0x6FAE
[234] [M]: 0x0000000080000394 (0x6FAE8E93) addi t4, t4, 1786
x29 <- 0xFFFBB6FAB7FBB6FA
mem[X,0x0000000080000398] -> 0x9E93
mem[X,0x000000008000039A] -> 0x00AE
[235] [M]: 0x0000000080000398 (0x00AE9E93) slli t4, t4, 10
x29 <- 0xEEDBEADFEEDBE800
mem[X,0x000000008000039C] -> 0x8E93
mem[X,0x000000008000039E] -> 0x2DFE
[236] [M]: 0x000000008000039C (0x2DFE8E93) addi t4, t4, 735
x29 <- 0xEEDBEADFEEDBEADF
mem[X,0x00000000800003A0] -> 0xFF37
mem[X,0x00000000800003A2] -> 0xF76D
[237] [M]: 0x00000000800003A0 (0xF76DFF37) lui t5, 1013471
x30 <- 0xFFFFFFFFF76DF000
mem[X,0x00000000800003A4] -> 0x0F13
mem[X,0x00000000800003A6] -> 0x56FF
[238] [M]: 0x00000000800003A4 (0x56FF0F13) addi t5, t5, 1391
x30 <- 0xFFFFFFFFF76DF56F
mem[X,0x00000000800003A8] -> 0x1F13
mem[X,0x00000000800003AA] -> 0x00BF
[239] [M]: 0x00000000800003A8 (0x00BF1F13) slli t5, t5, 11
x30 <- 0xFFFFFFBB6FAB7800
mem[X,0x00000000800003AC] -> 0x0F13
mem[X,0x00000000800003AE] -> 0x7BBF
[240] [M]: 0x00000000800003AC (0x7BBF0F13) addi t5, t5, 1979
x30 <- 0xFFFFFFBB6FAB7FBB
mem[X,0x00000000800003B0] -> 0x1F13
mem[X,0x00000000800003B2] -> 0x00BF
[241] [M]: 0x00000000800003B0 (0x00BF1F13) slli t5, t5, 11
x30 <- 0xFFFDDB7D5BFDD800
mem[X,0x00000000800003B4] -> 0x0F13
mem[X,0x00000000800003B6] -> 0x37DF
[242] [M]: 0x00000000800003B4 (0x37DF0F13) addi t5, t5, 893
x30 <- 0xFFFDDB7D5BFDDB7D
mem[X,0x00000000800003B8] -> 0x1F13
mem[X,0x00000000800003BA] -> 0x00AF
[243] [M]: 0x00000000800003B8 (0x00AF1F13) slli t5, t5, 10
x30 <- 0xF76DF56FF76DF400
mem[X,0x00000000800003BC] -> 0x0F13
mem[X,0x00000000800003BE] -> 0x16FF
[244] [M]: 0x00000000800003BC (0x16FF0F13) addi t5, t5, 367
x30 <- 0xF76DF56FF76DF56F
mem[X,0x00000000800003C0] -> 0x0FB7
mem[X,0x00000000800003C2] -> 0xFBB7
[245] [M]: 0x00000000800003C0 (0xFBB70FB7) lui t6, 1031024
x31 <- 0xFFFFFFFFFBB70000
mem[X,0x00000000800003C4] -> 0x8F93
mem[X,0x00000000800003C6] -> 0xAB7F
[246] [M]: 0x00000000800003C4 (0xAB7F8F93) addi t6, t6, 2743
x31 <- 0xFFFFFFFFFBB6FAB7
mem[X,0x00000000800003C8] -> 0x9F93
mem[X,0x00000000800003CA] -> 0x00BF
[247] [M]: 0x00000000800003C8 (0x00BF9F93) slli t6, t6, 11
x31 <- 0xFFFFFFDDB7D5B800
mem[X,0x00000000800003CC] -> 0x8F93
mem[X,0x00000000800003CE] -> 0x7DDF
[248] [M]: 0x00000000800003CC (0x7DDF8F93) addi t6, t6, 2013
x31 <- 0xFFFFFFDDB7D5BFDD
mem[X,0x00000000800003D0] -> 0x9F93
mem[X,0x00000000800003D2] -> 0x00BF
[249] [M]: 0x00000000800003D0 (0x00BF9F93) slli t6, t6, 11
x31 <- 0xFFFEEDBEADFEE800
mem[X,0x00000000800003D4] -> 0x8F93
mem[X,0x00000000800003D6] -> 0x5BEF
[250] [M]: 0x00000000800003D4 (0x5BEF8F93) addi t6, t6, 1470
x31 <- 0xFFFEEDBEADFEEDBE
mem[X,0x00000000800003D8] -> 0x9F93
mem[X,0x00000000800003DA] -> 0x00AF
[251] [M]: 0x00000000800003D8 (0x00AF9F93) slli t6, t6, 10
x31 <- 0xFBB6FAB7FBB6F800
mem[X,0x00000000800003DC] -> 0x8F93
mem[X,0x00000000800003DE] -> 0x2B7F
[252] [M]: 0x00000000800003DC (0x2B7F8F93) addi t6, t6, 695
x31 <- 0xFBB6FAB7FBB6FAB7
mem[X,0x00000000800003E0] -> 0xF217
mem[X,0x00000000800003E2] -> 0x0004
[253] [M]: 0x00000000800003E0 (0x0004F217) auipc tp, 79
x4 <- 0x000000008004F3E0
mem[X,0x00000000800003E4] -> 0x0213
mem[X,0x00000000800003E6] -> 0xD382
[254] [M]: 0x00000000800003E4 (0xD3820213) addi tp, tp, 3384
x4 <- 0x000000008004F118
mem[X,0x00000000800003E8] -> 0x0013
mem[X,0x00000000800003EA] -> 0x0000
[255] [M]: 0x00000000800003E8 (0x00000013) addi zero, zero, 0
mem[X,0x00000000800003EC] -> 0x0013
mem[X,0x00000000800003EE] -> 0x0000
[256] [M]: 0x00000000800003EC (0x00000013) addi zero, zero, 0
mem[X,0x00000000800003F0] -> 0x0013
mem[X,0x00000000800003F2] -> 0x0000
[257] [M]: 0x00000000800003F0 (0x00000013) addi zero, zero, 0
mem[X,0x00000000800003F4] -> 0x0013
mem[X,0x00000000800003F6] -> 0x0000
[258] [M]: 0x00000000800003F4 (0x00000013) addi zero, zero, 0
mem[X,0x00000000800003F8] -> 0x0013
mem[X,0x00000000800003FA] -> 0x0000
[259] [M]: 0x00000000800003F8 (0x00000013) addi zero, zero, 0
mem[X,0x00000000800003FC] -> 0x0013
mem[X,0x00000000800003FE] -> 0x0000
[260] [M]: 0x00000000800003FC (0x00000013) addi zero, zero, 0
mem[X,0x0000000080000400] -> 0x0413
mem[X,0x0000000080000402] -> 0x0050
[261] [M]: 0x0000000080000400 (0x00500413) addi fp, zero, 5
x8 <- 0x0000000000000005
mem[X,0x0000000080000404] -> 0x58B7
mem[X,0x0000000080000406] -> 0x5555
[262] [M]: 0x0000000080000404 (0x555558B7) lui a7, 349525
x17 <- 0x0000000055555000
mem[X,0x0000000080000408] -> 0x8893
mem[X,0x000000008000040A] -> 0x5558
[263] [M]: 0x0000000080000408 (0x55588893) addi a7, a7, 1365
x17 <- 0x0000000055555555
mem[X,0x000000008000040C] -> 0x9893
mem[X,0x000000008000040E] -> 0x00B8
[264] [M]: 0x000000008000040C (0x00B89893) slli a7, a7, 11
x17 <- 0x000002AAAAAAA800
mem[X,0x0000000080000410] -> 0x8893
mem[X,0x0000000080000412] -> 0x2AA8
[265] [M]: 0x0000000080000410 (0x2AA88893) addi a7, a7, 682
x17 <- 0x000002AAAAAAAAAA
mem[X,0x0000000080000414] -> 0x9893
mem[X,0x0000000080000416] -> 0x00B8
[266] [M]: 0x0000000080000414 (0x00B89893) slli a7, a7, 11
x17 <- 0x0015555555555000
mem[X,0x0000000080000418] -> 0x8893
mem[X,0x000000008000041A] -> 0x5558
[267] [M]: 0x0000000080000418 (0x55588893) addi a7, a7, 1365
x17 <- 0x0015555555555555
mem[X,0x000000008000041C] -> 0x9893
mem[X,0x000000008000041E] -> 0x00A8
[268] [M]: 0x000000008000041C (0x00A89893) slli a7, a7, 10
x17 <- 0x5555555555555400
mem[X,0x0000000080000420] -> 0x8893
mem[X,0x0000000080000422] -> 0x1558
[269] [M]: 0x0000000080000420 (0x15588893) addi a7, a7, 341
x17 <- 0x5555555555555555
mem[X,0x0000000080000424] -> 0x0993
mem[X,0x0000000080000426] -> 0x0000
[270] [M]: 0x0000000080000424 (0x00000993) addi s3, zero, 0
x19 <- 0x0000000000000000
mem[X,0x0000000080000428] -> 0x006F
mem[X,0x000000008000042A] -> 0x00C0
[271] [M]: 0x0000000080000428 (0x00C0006F) jal zero, 12
mem[X,0x0000000080000434] -> 0x4663
mem[X,0x0000000080000436] -> 0x0114
[272] [M]: 0x0000000080000434 (0x01144663) blt fp, a7, 12
mem[X,0x0000000080000440] -> 0x8993
mem[X,0x0000000080000442] -> 0x0039
[273] [M]: 0x0000000080000440 (0x00398993) addi s3, s3, 3
x19 <- 0x0000000000000003
mem[X,0x0000000080000444] -> 0x006F
mem[X,0x0000000080000446] -> 0x0040
[274] [M]: 0x0000000080000444 (0x0040006F) jal zero, 4
mem[X,0x0000000080000448] -> 0x3023
mem[X,0x000000008000044A] -> 0x0132
[275] [M]: 0x0000000080000448 (0x01323023) sd s3, 0(tp)
mem[0x000000008004F118] <- 0x0000000000000003
mem[X,0x000000008000044C] -> 0x0393
mem[X,0x000000008000044E] -> 0x1000
[276] [M]: 0x000000008000044C (0x10000393) addi t2, zero, 256
x7 <- 0x0000000000000100
mem[X,0x0000000080000450] -> 0x0393
mem[X,0x0000000080000452] -> 0x1000
[277] [M]: 0x0000000080000450 (0x10000393) addi t2, zero, 256
x7 <- 0x0000000000000100
mem[X,0x0000000080000454] -> 0x0993
mem[X,0x0000000080000456] -> 0x0000
[278] [M]: 0x0000000080000454 (0x00000993) addi s3, zero, 0
x19 <- 0x0000000000000000
mem[X,0x0000000080000458] -> 0x006F
mem[X,0x000000008000045A] -> 0x00C0
[279] [M]: 0x0000000080000458 (0x00C0006F) jal zero, 12
mem[X,0x0000000080000464] -> 0xC063
mem[X,0x0000000080000466] -> 0x0873
[280] [M]: 0x0000000080000464 (0x0873C063) blt t2, t2, 128
mem[X,0x0000000080000468] -> 0x8993
mem[X,0x000000008000046A] -> 0x0029
[281] [M]: 0x0000000080000468 (0x00298993) addi s3, s3, 2
x19 <- 0x0000000000000002
mem[X,0x000000008000046C] -> 0x006F
mem[X,0x000000008000046E] -> 0x0800
[282] [M]: 0x000000008000046C (0x0800006F) jal zero, 128
mem[X,0x00000000800004EC] -> 0x3423
mem[X,0x00000000800004EE] -> 0x0132
[283] [M]: 0x00000000800004EC (0x01323423) sd s3, 8(tp)
mem[0x000000008004F120] <- 0x0000000000000002
mem[X,0x00000000800004F0] -> 0x0E13
mem[X,0x00000000800004F2] -> 0x0010
[284] [M]: 0x00000000800004F0 (0x00100E13) addi t3, zero, 1
x28 <- 0x0000000000000001
mem[X,0x00000000800004F4] -> 0x1E13
mem[X,0x00000000800004F6] -> 0x036E
[285] [M]: 0x00000000800004F4 (0x036E1E13) slli t3, t3, 54
x28 <- 0x0040000000000000
mem[X,0x00000000800004F8] -> 0x4E13
mem[X,0x00000000800004FA] -> 0xFFFE
[286] [M]: 0x00000000800004F8 (0xFFFE4E13) xori t3, t3, 4095
x28 <- 0xFFBFFFFFFFFFFFFF
mem[X,0x00000000800004FC] -> 0x0913
mem[X,0x00000000800004FE] -> 0x0010
[287] [M]: 0x00000000800004FC (0x00100913) addi s2, zero, 1
x18 <- 0x0000000000000001
mem[X,0x0000000080000500] -> 0x1913
mem[X,0x0000000080000502] -> 0x03E9
[288] [M]: 0x0000000080000500 (0x03E91913) slli s2, s2, 62
x18 <- 0x4000000000000000
mem[X,0x0000000080000504] -> 0x4913
mem[X,0x0000000080000506] -> 0xFFF9
[289] [M]: 0x0000000080000504 (0xFFF94913) xori s2, s2, 4095
x18 <- 0xBFFFFFFFFFFFFFFF
mem[X,0x0000000080000508] -> 0x0993
mem[X,0x000000008000050A] -> 0x0000
[290] [M]: 0x0000000080000508 (0x00000993) addi s3, zero, 0
x19 <- 0x0000000000000000
mem[X,0x000000008000050C] -> 0x006F
mem[X,0x000000008000050E] -> 0x00C0
[291] [M]: 0x000000008000050C (0x00C0006F) jal zero, 12
mem[X,0x0000000080000518] -> 0x4663
mem[X,0x000000008000051A] -> 0x012E
[292] [M]: 0x0000000080000518 (0x012E4663) blt t3, s2, 12
mem[X,0x000000008000051C] -> 0x8993
mem[X,0x000000008000051E] -> 0x0029
[293] [M]: 0x000000008000051C (0x00298993) addi s3, s3, 2
x19 <- 0x0000000000000002
mem[X,0x0000000080000520] -> 0x006F
mem[X,0x0000000080000522] -> 0x00C0
[294] [M]: 0x0000000080000520 (0x00C0006F) jal zero, 12
mem[X,0x000000008000052C] -> 0x3823
mem[X,0x000000008000052E] -> 0x0132
[295] [M]: 0x000000008000052C (0x01323823) sd s3, 16(tp)
mem[0x000000008004F128] <- 0x0000000000000002
mem[X,0x0000000080000530] -> 0x0B13
mem[X,0x0000000080000532] -> 0x0010
[296] [M]: 0x0000000080000530 (0x00100B13) addi s6, zero, 1
x22 <- 0x0000000000000001
mem[X,0x0000000080000534] -> 0x1B13
mem[X,0x0000000080000536] -> 0x022B
[297] [M]: 0x0000000080000534 (0x022B1B13) slli s6, s6, 34
x22 <- 0x0000000400000000
mem[X,0x0000000080000538] -> 0x4B13
mem[X,0x000000008000053A] -> 0xFFFB
[298] [M]: 0x0000000080000538 (0xFFFB4B13) xori s6, s6, 4095
x22 <- 0xFFFFFFFBFFFFFFFF
mem[X,0x000000008000053C] -> 0x0013
mem[X,0x000000008000053E] -> 0x0000
[299] [M]: 0x000000008000053C (0x00000013) addi zero, zero, 0
clint::tick mtime <- 0x0000000000000003
 clint timer pending at mtime 0x0000000000000003
htif::tick 0x0000000000000000
mem[X,0x0000000080000540] -> 0x0993
mem[X,0x0000000080000542] -> 0x0000
[300] [M]: 0x0000000080000540 (0x00000993) addi s3, zero, 0
x19 <- 0x0000000000000000
mem[X,0x0000000080000544] -> 0x006F
mem[X,0x0000000080000546] -> 0x0050
[301] [M]: 0x0000000080000544 (0x0050006F) jal zero, 2052
mem[X,0x0000000080000D48] -> 0x40E3
mem[X,0x0000000080000D4A] -> 0x800B
[302] [M]: 0x0000000080000D48 (0x800B40E3) blt s6, zero, 6144
mem[X,0x0000000080000548] -> 0x8993
mem[X,0x000000008000054A] -> 0x0019
[303] [M]: 0x0000000080000548 (0x00198993) addi s3, s3, 1
x19 <- 0x0000000000000001
mem[X,0x000000008000054C] -> 0x006F
mem[X,0x000000008000054E] -> 0x0110
[304] [M]: 0x000000008000054C (0x0110006F) jal zero, 2064
mem[X,0x0000000080000D5C] -> 0x3C23
mem[X,0x0000000080000D5E] -> 0x0132
[305] [M]: 0x0000000080000D5C (0x01323C23) sd s3, 24(tp)
mem[0x000000008004F130] <- 0x0000000000000001
mem[X,0x0000000080000D60] -> 0x0113
mem[X,0x0000000080000D62] -> 0xFFF0
[306] [M]: 0x0000000080000D60 (0xFFF00113) addi sp, zero, 4095
x2 <- 0xFFFFFFFFFFFFFFFF
mem[X,0x0000000080000D64] -> 0x1113
mem[X,0x0000000080000D66] -> 0x03F1
[307] [M]: 0x0000000080000D64 (0x03F11113) slli sp, sp, 63
x2 <- 0x8000000000000000
mem[X,0x0000000080000D68] -> 0x0D93
mem[X,0x0000000080000D6A] -> 0xFFF0
[308] [M]: 0x0000000080000D68 (0xFFF00D93) addi s11, zero, 4095
x27 <- 0xFFFFFFFFFFFFFFFF
mem[X,0x0000000080000D6C] -> 0x9D93
mem[X,0x0000000080000D6E] -> 0x03FD
[309] [M]: 0x0000000080000D6C (0x03FD9D93) slli s11, s11, 63
x27 <- 0x8000000000000000
mem[X,0x0000000080000D70] -> 0x0993
mem[X,0x0000000080000D72] -> 0x0000
[310] [M]: 0x0000000080000D70 (0x00000993) addi s3, zero, 0
x19 <- 0x0000000000000000
mem[X,0x0000000080000D74] -> 0x006F
mem[X,0x0000000080000D76] -> 0x00C0
[311] [M]: 0x0000000080000D74 (0x00C0006F) jal zero, 12
mem[X,0x0000000080000D80] -> 0x4063
mem[X,0x0000000080000D82] -> 0x21B1
[312] [M]: 0x0000000080000D80 (0x21B14063) blt sp, s11, 512
mem[X,0x0000000080000D84] -> 0x8993
mem[X,0x0000000080000D86] -> 0x0029
[313] [M]: 0x0000000080000D84 (0x00298993) addi s3, s3, 2
x19 <- 0x0000000000000002
mem[X,0x0000000080000D88] -> 0x006F
mem[X,0x0000000080000D8A] -> 0x2000
[314] [M]: 0x0000000080000D88 (0x2000006F) jal zero, 512
mem[X,0x0000000080000F88] -> 0x3023
mem[X,0x0000000080000F8A] -> 0x0332
[315] [M]: 0x0000000080000F88 (0x03323023) sd s3, 32(tp)
mem[0x000000008004F138] <- 0x0000000000000002
mem[X,0x0000000080000F8C] -> 0x0013
mem[X,0x0000000080000F8E] -> 0x0000
[316] [M]: 0x0000000080000F8C (0x00000013) addi zero, zero, 0
mem[X,0x0000000080000F90] -> 0x0293
mem[X,0x0000000080000F92] -> 0x0000
[317] [M]: 0x0000000080000F90 (0x00000293) addi t0, zero, 0
x5 <- 0x0000000000000000
mem[X,0x0000000080000F94] -> 0x0993
mem[X,0x0000000080000F96] -> 0x0000
[318] [M]: 0x0000000080000F94 (0x00000993) addi s3, zero, 0
x19 <- 0x0000000000000000
mem[X,0x0000000080000F98] -> 0x006F
mem[X,0x0000000080000F9A] -> 0x0140
[319] [M]: 0x0000000080000F98 (0x0140006F) jal zero, 20
mem[X,0x0000000080000FAC] -> 0x48E3
mem[X,0x0000000080000FAE] -> 0xFE50
[320] [M]: 0x0000000080000FAC (0xFE5048E3) blt zero, t0, 8176
mem[X,0x0000000080000FB0] -> 0x8993
mem[X,0x0000000080000FB2] -> 0x0029
[321] [M]: 0x0000000080000FB0 (0x00298993) addi s3, s3, 2
x19 <- 0x0000000000000002
mem[X,0x0000000080000FB4] -> 0x006F
mem[X,0x0000000080000FB6] -> 0x00C0
[322] [M]: 0x0000000080000FB4 (0x00C0006F) jal zero, 12
mem[X,0x0000000080000FC0] -> 0x3423
mem[X,0x0000000080000FC2] -> 0x0332
[323] [M]: 0x0000000080000FC0 (0x03323423) sd s3, 40(tp)
mem[0x000000008004F140] <- 0x0000000000000002
mem[X,0x0000000080000FC4] -> 0x0093
mem[X,0x0000000080000FC6] -> 0x0200
[324] [M]: 0x0000000080000FC4 (0x02000093) addi ra, zero, 32
x1 <- 0x0000000000000020
mem[X,0x0000000080000FC8] -> 0x0513
mem[X,0x0000000080000FCA] -> 0xDFF0
[325] [M]: 0x0000000080000FC8 (0xDFF00513) addi a0, zero, 3583
x10 <- 0xFFFFFFFFFFFFFDFF
mem[X,0x0000000080000FCC] -> 0x0993
mem[X,0x0000000080000FCE] -> 0x0000
[326] [M]: 0x0000000080000FCC (0x00000993) addi s3, zero, 0
x19 <- 0x0000000000000000
mem[X,0x0000000080000FD0] -> 0x006F
mem[X,0x0000000080000FD2] -> 0x0140
[327] [M]: 0x0000000080000FD0 (0x0140006F) jal zero, 20
mem[X,0x0000000080000FE4] -> 0xC8E3
mem[X,0x0000000080000FE6] -> 0xFEA0
[328] [M]: 0x0000000080000FE4 (0xFEA0C8E3) blt ra, a0, 8176
mem[X,0x0000000080000FE8] -> 0x8993
mem[X,0x0000000080000FEA] -> 0x0029
[329] [M]: 0x0000000080000FE8 (0x00298993) addi s3, s3, 2
x19 <- 0x0000000000000002
mem[X,0x0000000080000FEC] -> 0x006F
mem[X,0x0000000080000FEE] -> 0x00C0
[330] [M]: 0x0000000080000FEC (0x00C0006F) jal zero, 12
mem[X,0x0000000080000FF8] -> 0x3823
mem[X,0x0000000080000FFA] -> 0x0332
[331] [M]: 0x0000000080000FF8 (0x03323823) sd s3, 48(tp)
mem[0x000000008004F148] <- 0x0000000000000002
mem[X,0x0000000080000FFC] -> 0x0E93
mem[X,0x0000000080000FFE] -> 0x0010
[332] [M]: 0x0000000080000FFC (0x00100E93) addi t4, zero, 1
x29 <- 0x0000000000000001
mem[X,0x0000000080001000] -> 0x9E93
mem[X,0x0000000080001002] -> 0x01FE
[333] [M]: 0x0000000080001000 (0x01FE9E93) slli t4, t4, 31
x29 <- 0x0000000080000000
mem[X,0x0000000080001004] -> 0xCE93
mem[X,0x0000000080001006] -> 0xFFFE
[334] [M]: 0x0000000080001004 (0xFFFECE93) xori t4, t4, 4095
x29 <- 0xFFFFFFFF7FFFFFFF
mem[X,0x0000000080001008] -> 0x0313
mem[X,0x000000008000100A] -> 0x0000
[335] [M]: 0x0000000080001008 (0x00000313) addi t1, zero, 0
x6 <- 0x0000000000000000
mem[X,0x000000008000100C] -> 0x0993
mem[X,0x000000008000100E] -> 0x0000
[336] [M]: 0x000000008000100C (0x00000993) addi s3, zero, 0
x19 <- 0x0000000000000000
mem[X,0x0000000080001010] -> 0x006F
mem[X,0x0000000080001012] -> 0x00C0
[337] [M]: 0x0000000080001010 (0x00C0006F) jal zero, 12
mem[X,0x000000008000101C] -> 0xC663
mem[X,0x000000008000101E] -> 0x006E
[338] [M]: 0x000000008000101C (0x006EC663) blt t4, t1, 12
mem[X,0x0000000080001028] -> 0x8993
mem[X,0x000000008000102A] -> 0x0039
[339] [M]: 0x0000000080001028 (0x00398993) addi s3, s3, 3
x19 <- 0x0000000000000003
mem[X,0x000000008000102C] -> 0x006F
mem[X,0x000000008000102E] -> 0x0040
[340] [M]: 0x000000008000102C (0x0040006F) jal zero, 4
mem[X,0x0000000080001030] -> 0x3C23
mem[X,0x0000000080001032] -> 0x0332
[341] [M]: 0x0000000080001030 (0x03323C23) sd s3, 56(tp)
mem[0x000000008004F150] <- 0x0000000000000003
mem[X,0x0000000080001034] -> 0x0693
mem[X,0x0000000080001036] -> 0x0010
[342] [M]: 0x0000000080001034 (0x00100693) addi a3, zero, 1
x13 <- 0x0000000000000001
mem[X,0x0000000080001038] -> 0x9693
mem[X,0x000000008000103A] -> 0x0396
[343] [M]: 0x0000000080001038 (0x03969693) slli a3, a3, 57
x13 <- 0x0200000000000000
mem[X,0x000000008000103C] -> 0xC693
mem[X,0x000000008000103E] -> 0xFFF6
[344] [M]: 0x000000008000103C (0xFFF6C693) xori a3, a3, 4095
x13 <- 0xFDFFFFFFFFFFFFFF
mem[X,0x0000000080001040] -> 0x0413
mem[X,0x0000000080001042] -> 0x0010
[345] [M]: 0x0000000080001040 (0x00100413) addi fp, zero, 1
x8 <- 0x0000000000000001
mem[X,0x0000000080001044] -> 0x0993
mem[X,0x0000000080001046] -> 0x0000
[346] [M]: 0x0000000080001044 (0x00000993) addi s3, zero, 0
x19 <- 0x0000000000000000
mem[X,0x0000000080001048] -> 0x006F
mem[X,0x000000008000104A] -> 0x00C0
[347] [M]: 0x0000000080001048 (0x00C0006F) jal zero, 12
mem[X,0x0000000080001054] -> 0xCCE3
mem[X,0x0000000080001056] -> 0xFE86
[348] [M]: 0x0000000080001054 (0xFE86CCE3) blt a3, fp, 8184
mem[X,0x000000008000104C] -> 0x8993
mem[X,0x000000008000104E] -> 0x0019
[349] [M]: 0x000000008000104C (0x00198993) addi s3, s3, 1
x19 <- 0x0000000000000001
mem[X,0x0000000080001050] -> 0x006F
mem[X,0x0000000080001052] -> 0x0180
[350] [M]: 0x0000000080001050 (0x0180006F) jal zero, 24
mem[X,0x0000000080001068] -> 0x3023
mem[X,0x000000008000106A] -> 0x0532
[351] [M]: 0x0000000080001068 (0x05323023) sd s3, 64(tp)
mem[0x000000008004F158] <- 0x0000000000000001
mem[X,0x000000008000106C] -> 0x02B7
mem[X,0x000000008000106E] -> 0x0000
[352] [M]: 0x000000008000106C (0x000002B7) lui t0, 0
x5 <- 0x0000000000000000
mem[X,0x0000000080001070] -> 0x8293
mem[X,0x0000000080001072] -> 0xFFF2
[353] [M]: 0x0000000080001070 (0xFFF28293) addi t0, t0, 4095
x5 <- 0xFFFFFFFFFFFFFFFF
mem[X,0x0000000080001074] -> 0x9293
mem[X,0x0000000080001076] -> 0x00B2
[354] [M]: 0x0000000080001074 (0x00B29293) slli t0, t0, 11
x5 <- 0xFFFFFFFFFFFFF800
mem[X,0x0000000080001078] -> 0x8293
mem[X,0x000000008000107A] -> 0x2572
[355] [M]: 0x0000000080001078 (0x25728293) addi t0, t0, 599
x5 <- 0xFFFFFFFFFFFFFA57
mem[X,0x000000008000107C] -> 0x9293
mem[X,0x000000008000107E] -> 0x00B2
[356] [M]: 0x000000008000107C (0x00B29293) slli t0, t0, 11
x5 <- 0xFFFFFFFFFFD2B800
mem[X,0x0000000080001080] -> 0x8293
mem[X,0x0000000080001082] -> 0x6C32
[357] [M]: 0x0000000080001080 (0x6C328293) addi t0, t0, 1731
x5 <- 0xFFFFFFFFFFD2BEC3
mem[X,0x0000000080001084] -> 0x9293
mem[X,0x0000000080001086] -> 0x00A2
[358] [M]: 0x0000000080001084 (0x00A29293) slli t0, t0, 10
x5 <- 0xFFFFFFFF4AFB0C00
mem[X,0x0000000080001088] -> 0x8293
mem[X,0x000000008000108A] -> 0x0CD2
[359] [M]: 0x0000000080001088 (0x0CD28293) addi t0, t0, 205
x5 <- 0xFFFFFFFF4AFB0CCD
mem[X,0x000000008000108C] -> 0x0193
mem[X,0x000000008000108E] -> 0x0020
[360] [M]: 0x000000008000108C (0x00200193) addi gp, zero, 2
x3 <- 0x0000000000000002
mem[X,0x0000000080001090] -> 0x0993
mem[X,0x0000000080001092] -> 0x0000
[361] [M]: 0x0000000080001090 (0x00000993) addi s3, zero, 0
x19 <- 0x0000000000000000
mem[X,0x0000000080001094] -> 0x006F
mem[X,0x0000000080001096] -> 0x2B10
[362] [M]: 0x0000000080001094 (0x2B10006F) jal zero, 2736
mem[X,0x0000000080001B44] -> 0xCA63
mem[X,0x0000000080001B46] -> 0xD432
[363] [M]: 0x0000000080001B44 (0xD432CA63) blt t0, gp, 5460
mem[X,0x0000000080001098] -> 0x8993
mem[X,0x000000008000109A] -> 0x0019
[364] [M]: 0x0000000080001098 (0x00198993) addi s3, s3, 1
x19 <- 0x0000000000000001
mem[X,0x000000008000109C] -> 0x006F
mem[X,0x000000008000109E] -> 0x2BD0
[365] [M]: 0x000000008000109C (0x2BD0006F) jal zero, 2748
mem[X,0x0000000080001B58] -> 0x3423
mem[X,0x0000000080001B5A] -> 0x0532
[366] [M]: 0x0000000080001B58 (0x05323423) sd s3, 72(tp)
mem[0x000000008004F160] <- 0x0000000000000001
mem[X,0x0000000080001B5C] -> 0x0313
mem[X,0x0000000080001B5E] -> 0x0010
[367] [M]: 0x0000000080001B5C (0x00100313) addi t1, zero, 1
x6 <- 0x0000000000000001
mem[X,0x0000000080001B60] -> 0x1313
mem[X,0x0000000080001B62] -> 0x01F3
[368] [M]: 0x0000000080001B60 (0x01F31313) slli t1, t1, 31
x6 <- 0x0000000080000000
mem[X,0x0000000080001B64] -> 0x0713
mem[X,0x0000000080001B66] -> 0x0040
[369] [M]: 0x0000000080001B64 (0x00400713) addi a4, zero, 4
x14 <- 0x0000000000000004
mem[X,0x0000000080001B68] -> 0x0993
mem[X,0x0000000080001B6A] -> 0x0000
[370] [M]: 0x0000000080001B68 (0x00000993) addi s3, zero, 0
x19 <- 0x0000000000000000
mem[X,0x0000000080001B6C] -> 0x006F
mem[X,0x0000000080001B6E] -> 0x00C0
[371] [M]: 0x0000000080001B6C (0x00C0006F) jal zero, 12
mem[X,0x0000000080001B78] -> 0x4663
mem[X,0x0000000080001B7A] -> 0x00E3
[372] [M]: 0x0000000080001B78 (0x00E34663) blt t1, a4, 12
mem[X,0x0000000080001B7C] -> 0x8993
mem[X,0x0000000080001B7E] -> 0x0029
[373] [M]: 0x0000000080001B7C (0x00298993) addi s3, s3, 2
x19 <- 0x0000000000000002
mem[X,0x0000000080001B80] -> 0x006F
mem[X,0x0000000080001B82] -> 0x00C0
[374] [M]: 0x0000000080001B80 (0x00C0006F) jal zero, 12
mem[X,0x0000000080001B8C] -> 0x3823
mem[X,0x0000000080001B8E] -> 0x0532
[375] [M]: 0x0000000080001B8C (0x05323823) sd s3, 80(tp)
mem[0x000000008004F168] <- 0x0000000000000002
mem[X,0x0000000080001B90] -> 0x0C37
mem[X,0x0000000080001B92] -> 0x0000
[376] [M]: 0x0000000080001B90 (0x00000C37) lui s8, 0
x24 <- 0x0000000000000000
mem[X,0x0000000080001B94] -> 0x0C13
mem[X,0x0000000080001B96] -> 0xFFFC
[377] [M]: 0x0000000080001B94 (0xFFFC0C13) addi s8, s8, 4095
x24 <- 0xFFFFFFFFFFFFFFFF
mem[X,0x0000000080001B98] -> 0x1C13
mem[X,0x0000000080001B9A] -> 0x00BC
[378] [M]: 0x0000000080001B98 (0x00BC1C13) slli s8, s8, 11
x24 <- 0xFFFFFFFFFFFFF800
mem[X,0x0000000080001B9C] -> 0x0C13
mem[X,0x0000000080001B9E] -> 0x257C
[379] [M]: 0x0000000080001B9C (0x257C0C13) addi s8, s8, 599
x24 <- 0xFFFFFFFFFFFFFA57
mem[X,0x0000000080001BA0] -> 0x1C13
mem[X,0x0000000080001BA2] -> 0x00BC
[380] [M]: 0x0000000080001BA0 (0x00BC1C13) slli s8, s8, 11
x24 <- 0xFFFFFFFFFFD2B800
mem[X,0x0000000080001BA4] -> 0x0C13
mem[X,0x0000000080001BA6] -> 0x6C3C
[381] [M]: 0x0000000080001BA4 (0x6C3C0C13) addi s8, s8, 1731
x24 <- 0xFFFFFFFFFFD2BEC3
mem[X,0x0000000080001BA8] -> 0x1C13
mem[X,0x0000000080001BAA] -> 0x00AC
[382] [M]: 0x0000000080001BA8 (0x00AC1C13) slli s8, s8, 10
x24 <- 0xFFFFFFFF4AFB0C00
mem[X,0x0000000080001BAC] -> 0x0C13
mem[X,0x0000000080001BAE] -> 0x0CDC
[383] [M]: 0x0000000080001BAC (0x0CDC0C13) addi s8, s8, 205
x24 <- 0xFFFFFFFF4AFB0CCD
mem[X,0x0000000080001BB0] -> 0x0F93
mem[X,0x0000000080001BB2] -> 0x0080
[384] [M]: 0x0000000080001BB0 (0x00800F93) addi t6, zero, 8
x31 <- 0x0000000000000008
mem[X,0x0000000080001BB4] -> 0x0993
mem[X,0x0000000080001BB6] -> 0x0000
[385] [M]: 0x0000000080001BB4 (0x00000993) addi s3, zero, 0
x19 <- 0x0000000000000000
mem[X,0x0000000080001BB8] -> 0x006F
mem[X,0x0000000080001BBA] -> 0x2B10
[386] [M]: 0x0000000080001BB8 (0x2B10006F) jal zero, 2736
mem[X,0x0000000080002668] -> 0x4A63
mem[X,0x000000008000266A] -> 0xD5FC
[387] [M]: 0x0000000080002668 (0xD5FC4A63) blt s8, t6, 5460
mem[X,0x0000000080001BBC] -> 0x8993
mem[X,0x0000000080001BBE] -> 0x0019
[388] [M]: 0x0000000080001BBC (0x00198993) addi s3, s3, 1
x19 <- 0x0000000000000001
mem[X,0x0000000080001BC0] -> 0x006F
mem[X,0x0000000080001BC2] -> 0x2BD0
[389] [M]: 0x0000000080001BC0 (0x2BD0006F) jal zero, 2748
mem[X,0x000000008000267C] -> 0x3C23
mem[X,0x000000008000267E] -> 0x0532
[390] [M]: 0x000000008000267C (0x05323C23) sd s3, 88(tp)
mem[0x000000008004F170] <- 0x0000000000000001
mem[X,0x0000000080002680] -> 0x0F93
mem[X,0x0000000080002682] -> 0x0010
[391] [M]: 0x0000000080002680 (0x00100F93) addi t6, zero, 1
x31 <- 0x0000000000000001
mem[X,0x0000000080002684] -> 0x9F93
mem[X,0x0000000080002686] -> 0x02FF
[392] [M]: 0x0000000080002684 (0x02FF9F93) slli t6, t6, 47
x31 <- 0x0000800000000000
mem[X,0x0000000080002688] -> 0x0F13
mem[X,0x000000008000268A] -> 0x0100
[393] [M]: 0x0000000080002688 (0x01000F13) addi t5, zero, 16
x30 <- 0x0000000000000010
mem[X,0x000000008000268C] -> 0x0993
mem[X,0x000000008000268E] -> 0x0000
[394] [M]: 0x000000008000268C (0x00000993) addi s3, zero, 0
x19 <- 0x0000000000000000
mem[X,0x0000000080002690] -> 0x006F
mem[X,0x0000000080002692] -> 0x0140
[395] [M]: 0x0000000080002690 (0x0140006F) jal zero, 20
mem[X,0x00000000800026A4] -> 0xC8E3
mem[X,0x00000000800026A6] -> 0xFFEF
[396] [M]: 0x00000000800026A4 (0xFFEFC8E3) blt t6, t5, 8176
mem[X,0x00000000800026A8] -> 0x8993
mem[X,0x00000000800026AA] -> 0x0029
[397] [M]: 0x00000000800026A8 (0x00298993) addi s3, s3, 2
x19 <- 0x0000000000000002
mem[X,0x00000000800026AC] -> 0x006F
mem[X,0x00000000800026AE] -> 0x00C0
[398] [M]: 0x00000000800026AC (0x00C0006F) jal zero, 12
mem[X,0x00000000800026B8] -> 0x3023
mem[X,0x00000000800026BA] -> 0x0732
[399] [M]: 0x00000000800026B8 (0x07323023) sd s3, 96(tp)
mem[0x000000008004F178] <- 0x0000000000000002
clint::tick mtime <- 0x0000000000000004
 clint timer pending at mtime 0x0000000000000004
htif::tick 0x0000000000000000
mem[X,0x00000000800026BC] -> 0x0913
mem[X,0x00000000800026BE] -> 0x0010
[400] [M]: 0x00000000800026BC (0x00100913) addi s2, zero, 1
x18 <- 0x0000000000000001
mem[X,0x00000000800026C0] -> 0x1913
mem[X,0x00000000800026C2] -> 0x03D9
[401] [M]: 0x00000000800026C0 (0x03D91913) slli s2, s2, 61
x18 <- 0x2000000000000000
mem[X,0x00000000800026C4] -> 0x0793
mem[X,0x00000000800026C6] -> 0x0200
[402] [M]: 0x00000000800026C4 (0x02000793) addi a5, zero, 32
x15 <- 0x0000000000000020
mem[X,0x00000000800026C8] -> 0x0993
mem[X,0x00000000800026CA] -> 0x0000
[403] [M]: 0x00000000800026C8 (0x00000993) addi s3, zero, 0
x19 <- 0x0000000000000000
mem[X,0x00000000800026CC] -> 0x006F
mem[X,0x00000000800026CE] -> 0x2B10
[404] [M]: 0x00000000800026CC (0x2B10006F) jal zero, 2736
mem[X,0x000000008000317C] -> 0x4A63
mem[X,0x000000008000317E] -> 0xD4F9
[405] [M]: 0x000000008000317C (0xD4F94A63) blt s2, a5, 5460
mem[X,0x0000000080003180] -> 0x8993
mem[X,0x0000000080003182] -> 0x0029
[406] [M]: 0x0000000080003180 (0x00298993) addi s3, s3, 2
x19 <- 0x0000000000000002
mem[X,0x0000000080003184] -> 0x006F
mem[X,0x0000000080003186] -> 0x00C0
[407] [M]: 0x0000000080003184 (0x00C0006F) jal zero, 12
mem[X,0x0000000080003190] -> 0x3423
mem[X,0x0000000080003192] -> 0x0732
[408] [M]: 0x0000000080003190 (0x07323423) sd s3, 104(tp)
mem[0x000000008004F180] <- 0x0000000000000002
mem[X,0x0000000080003194] -> 0x0D13
mem[X,0x0000000080003196] -> 0xFF90
[409] [M]: 0x0000000080003194 (0xFF900D13) addi s10, zero, 4089
x26 <- 0xFFFFFFFFFFFFFFF9
mem[X,0x0000000080003198] -> 0x0113
mem[X,0x000000008000319A] -> 0x0400
[410] [M]: 0x0000000080003198 (0x04000113) addi sp, zero, 64
x2 <- 0x0000000000000040
mem[X,0x000000008000319C] -> 0x0993
mem[X,0x000000008000319E] -> 0x0000
[411] [M]: 0x000000008000319C (0x00000993) addi s3, zero, 0
x19 <- 0x0000000000000000
mem[X,0x00000000800031A0] -> 0x006F
mem[X,0x00000000800031A2] -> 0x00C0
[412] [M]: 0x00000000800031A0 (0x00C0006F) jal zero, 12
mem[X,0x00000000800031AC] -> 0x4063
mem[X,0x00000000800031AE] -> 0x202D
[413] [M]: 0x00000000800031AC (0x202D4063) blt s10, sp, 512
mem[X,0x00000000800033AC] -> 0x8993
mem[X,0x00000000800033AE] -> 0x0039
[414] [M]: 0x00000000800033AC (0x00398993) addi s3, s3, 3
x19 <- 0x0000000000000003
mem[X,0x00000000800033B0] -> 0x006F
mem[X,0x00000000800033B2] -> 0x0040
[415] [M]: 0x00000000800033B0 (0x0040006F) jal zero, 4
mem[X,0x00000000800033B4] -> 0x3823
mem[X,0x00000000800033B6] -> 0x0732
[416] [M]: 0x00000000800033B4 (0x07323823) sd s3, 112(tp)
mem[0x000000008004F188] <- 0x0000000000000003
mem[X,0x00000000800033B8] -> 0x0713
mem[X,0x00000000800033BA] -> 0x0010
[417] [M]: 0x00000000800033B8 (0x00100713) addi a4, zero, 1
x14 <- 0x0000000000000001
mem[X,0x00000000800033BC] -> 0x1713
mem[X,0x00000000800033BE] -> 0x03A7
[418] [M]: 0x00000000800033BC (0x03A71713) slli a4, a4, 58
x14 <- 0x0400000000000000
mem[X,0x00000000800033C0] -> 0x0A13
mem[X,0x00000000800033C2] -> 0x0800
[419] [M]: 0x00000000800033C0 (0x08000A13) addi s4, zero, 128
x20 <- 0x0000000000000080
mem[X,0x00000000800033C4] -> 0x0993
mem[X,0x00000000800033C6] -> 0x0000
[420] [M]: 0x00000000800033C4 (0x00000993) addi s3, zero, 0
x19 <- 0x0000000000000000
mem[X,0x00000000800033C8] -> 0x006F
mem[X,0x00000000800033CA] -> 0x0100
[421] [M]: 0x00000000800033C8 (0x0100006F) jal zero, 16
mem[X,0x00000000800033D8] -> 0x4AE3
mem[X,0x00000000800033DA] -> 0xFF47
[422] [M]: 0x00000000800033D8 (0xFF474AE3) blt a4, s4, 8180
mem[X,0x00000000800033DC] -> 0x8993
mem[X,0x00000000800033DE] -> 0x0029
[423] [M]: 0x00000000800033DC (0x00298993) addi s3, s3, 2
x19 <- 0x0000000000000002
mem[X,0x00000000800033E0] -> 0x006F
mem[X,0x00000000800033E2] -> 0x00C0
[424] [M]: 0x00000000800033E0 (0x00C0006F) jal zero, 12
mem[X,0x00000000800033EC] -> 0x3C23
mem[X,0x00000000800033EE] -> 0x0732
[425] [M]: 0x00000000800033EC (0x07323C23) sd s3, 120(tp)
mem[0x000000008004F190] <- 0x0000000000000002
mem[X,0x00000000800033F0] -> 0x0893
mem[X,0x00000000800033F2] -> 0x0010
[426] [M]: 0x00000000800033F0 (0x00100893) addi a7, zero, 1
x17 <- 0x0000000000000001
mem[X,0x00000000800033F4] -> 0x9893
mem[X,0x00000000800033F6] -> 0x0148
[427] [M]: 0x00000000800033F4 (0x01489893) slli a7, a7, 20
x17 <- 0x0000000000100000
mem[X,0x00000000800033F8] -> 0xC893
mem[X,0x00000000800033FA] -> 0xFFF8
[428] [M]: 0x00000000800033F8 (0xFFF8C893) xori a7, a7, 4095
x17 <- 0xFFFFFFFFFFEFFFFF
mem[X,0x00000000800033FC] -> 0x0593
mem[X,0x00000000800033FE] -> 0x1000
[429] [M]: 0x00000000800033FC (0x10000593) addi a1, zero, 256
x11 <- 0x0000000000000100
mem[X,0x0000000080003400] -> 0x0993
mem[X,0x0000000080003402] -> 0x0000
[430] [M]: 0x0000000080003400 (0x00000993) addi s3, zero, 0
x19 <- 0x0000000000000000
mem[X,0x0000000080003404] -> 0x006F
mem[X,0x0000000080003406] -> 0x00C0
[431] [M]: 0x0000000080003404 (0x00C0006F) jal zero, 12
mem[X,0x0000000080003410] -> 0xCCE3
mem[X,0x0000000080003412] -> 0xFEB8
[432] [M]: 0x0000000080003410 (0xFEB8CCE3) blt a7, a1, 8184
mem[X,0x0000000080003408] -> 0x8993
mem[X,0x000000008000340A] -> 0x0019
[433] [M]: 0x0000000080003408 (0x00198993) addi s3, s3, 1
x19 <- 0x0000000000000001
mem[X,0x000000008000340C] -> 0x006F
mem[X,0x000000008000340E] -> 0x0180
[434] [M]: 0x000000008000340C (0x0180006F) jal zero, 24
mem[X,0x0000000080003424] -> 0x3023
mem[X,0x0000000080003426] -> 0x0932
[435] [M]: 0x0000000080003424 (0x09323023) sd s3, 128(tp)
mem[0x000000008004F198] <- 0x0000000000000001
mem[X,0x0000000080003428] -> 0x0D93
mem[X,0x000000008000342A] -> 0x0010
[436] [M]: 0x0000000080003428 (0x00100D93) addi s11, zero, 1
x27 <- 0x0000000000000001
mem[X,0x000000008000342C] -> 0x9D93
mem[X,0x000000008000342E] -> 0x01BD
[437] [M]: 0x000000008000342C (0x01BD9D93) slli s11, s11, 27
x27 <- 0x0000000008000000
mem[X,0x0000000080003430] -> 0x0E93
mem[X,0x0000000080003432] -> 0x2000
[438] [M]: 0x0000000080003430 (0x20000E93) addi t4, zero, 512
x29 <- 0x0000000000000200
mem[X,0x0000000080003434] -> 0x0993
mem[X,0x0000000080003436] -> 0x0000
[439] [M]: 0x0000000080003434 (0x00000993) addi s3, zero, 0
x19 <- 0x0000000000000000
mem[X,0x0000000080003438] -> 0x006F
mem[X,0x000000008000343A] -> 0x00C0
[440] [M]: 0x0000000080003438 (0x00C0006F) jal zero, 12
mem[X,0x0000000080003444] -> 0xC663
mem[X,0x0000000080003446] -> 0x01DD
[441] [M]: 0x0000000080003444 (0x01DDC663) blt s11, t4, 12
mem[X,0x0000000080003448] -> 0x8993
mem[X,0x000000008000344A] -> 0x0029
[442] [M]: 0x0000000080003448 (0x00298993) addi s3, s3, 2
x19 <- 0x0000000000000002
mem[X,0x000000008000344C] -> 0x006F
mem[X,0x000000008000344E] -> 0x00C0
[443] [M]: 0x000000008000344C (0x00C0006F) jal zero, 12
mem[X,0x0000000080003458] -> 0x3423
mem[X,0x000000008000345A] -> 0x0932
[444] [M]: 0x0000000080003458 (0x09323423) sd s3, 136(tp)
mem[0x000000008004F1A0] <- 0x0000000000000002
mem[X,0x000000008000345C] -> 0x0593
mem[X,0x000000008000345E] -> 0x0020
[445] [M]: 0x000000008000345C (0x00200593) addi a1, zero, 2
x11 <- 0x0000000000000002
mem[X,0x0000000080003460] -> 0x0093
mem[X,0x0000000080003462] -> 0x4000
[446] [M]: 0x0000000080003460 (0x40000093) addi ra, zero, 1024
x1 <- 0x0000000000000400
mem[X,0x0000000080003464] -> 0x0993
mem[X,0x0000000080003466] -> 0x0000
[447] [M]: 0x0000000080003464 (0x00000993) addi s3, zero, 0
x19 <- 0x0000000000000000
mem[X,0x0000000080003468] -> 0x006F
mem[X,0x000000008000346A] -> 0x00C0
[448] [M]: 0x0000000080003468 (0x00C0006F) jal zero, 12
mem[X,0x0000000080003474] -> 0xC063
mem[X,0x0000000080003476] -> 0x0415
[449] [M]: 0x0000000080003474 (0x0415C063) blt a1, ra, 64
mem[X,0x00000000800034B4] -> 0x8993
mem[X,0x00000000800034B6] -> 0x0039
[450] [M]: 0x00000000800034B4 (0x00398993) addi s3, s3, 3
x19 <- 0x0000000000000003
mem[X,0x00000000800034B8] -> 0x006F
mem[X,0x00000000800034BA] -> 0x0040
[451] [M]: 0x00000000800034B8 (0x0040006F) jal zero, 4
mem[X,0x00000000800034BC] -> 0x3823
mem[X,0x00000000800034BE] -> 0x0932
[452] [M]: 0x00000000800034BC (0x09323823) sd s3, 144(tp)
mem[0x000000008004F1A8] <- 0x0000000000000003
mem[X,0x00000000800034C0] -> 0x0513
mem[X,0x00000000800034C2] -> 0x0010
[453] [M]: 0x00000000800034C0 (0x00100513) addi a0, zero, 1
x10 <- 0x0000000000000001
mem[X,0x00000000800034C4] -> 0x1513
mem[X,0x00000000800034C6] -> 0x0325
[454] [M]: 0x00000000800034C4 (0x03251513) slli a0, a0, 50
x10 <- 0x0004000000000000
mem[X,0x00000000800034C8] -> 0x4513
mem[X,0x00000000800034CA] -> 0xFFF5
[455] [M]: 0x00000000800034C8 (0xFFF54513) xori a0, a0, 4095
x10 <- 0xFFFBFFFFFFFFFFFF
mem[X,0x00000000800034CC] -> 0x0D13
mem[X,0x00000000800034CE] -> 0x0010
[456] [M]: 0x00000000800034CC (0x00100D13) addi s10, zero, 1
x26 <- 0x0000000000000001
mem[X,0x00000000800034D0] -> 0x1D13
mem[X,0x00000000800034D2] -> 0x00BD
[457] [M]: 0x00000000800034D0 (0x00BD1D13) slli s10, s10, 11
x26 <- 0x0000000000000800
mem[X,0x00000000800034D4] -> 0x0993
mem[X,0x00000000800034D6] -> 0x0000
[458] [M]: 0x00000000800034D4 (0x00000993) addi s3, zero, 0
x19 <- 0x0000000000000000
mem[X,0x00000000800034D8] -> 0x006F
mem[X,0x00000000800034DA] -> 0x0180
[459] [M]: 0x00000000800034D8 (0x0180006F) jal zero, 24
mem[X,0x00000000800034F0] -> 0x46E3
mem[X,0x00000000800034F2] -> 0xFFA5
[460] [M]: 0x00000000800034F0 (0xFFA546E3) blt a0, s10, 8172
mem[X,0x00000000800034DC] -> 0x8993
mem[X,0x00000000800034DE] -> 0x0019
[461] [M]: 0x00000000800034DC (0x00198993) addi s3, s3, 1
x19 <- 0x0000000000000001
mem[X,0x00000000800034E0] -> 0x006F
mem[X,0x00000000800034E2] -> 0x0240
[462] [M]: 0x00000000800034E0 (0x0240006F) jal zero, 36
mem[X,0x0000000080003504] -> 0x3C23
mem[X,0x0000000080003506] -> 0x0932
[463] [M]: 0x0000000080003504 (0x09323C23) sd s3, 152(tp)
mem[0x000000008004F1B0] <- 0x0000000000000001
mem[X,0x0000000080003508] -> 0x0B93
mem[X,0x000000008000350A] -> 0x0010
[464] [M]: 0x0000000080003508 (0x00100B93) addi s7, zero, 1
x23 <- 0x0000000000000001
mem[X,0x000000008000350C] -> 0x9B93
mem[X,0x000000008000350E] -> 0x013B
[465] [M]: 0x000000008000350C (0x013B9B93) slli s7, s7, 19
x23 <- 0x0000000000080000
mem[X,0x0000000080003510] -> 0x0C13
mem[X,0x0000000080003512] -> 0x0010
[466] [M]: 0x0000000080003510 (0x00100C13) addi s8, zero, 1
x24 <- 0x0000000000000001
mem[X,0x0000000080003514] -> 0x1C13
mem[X,0x0000000080003516] -> 0x00CC
[467] [M]: 0x0000000080003514 (0x00CC1C13) slli s8, s8, 12
x24 <- 0x0000000000001000
mem[X,0x0000000080003518] -> 0x0993
mem[X,0x000000008000351A] -> 0x0000
[468] [M]: 0x0000000080003518 (0x00000993) addi s3, zero, 0
x19 <- 0x0000000000000000
mem[X,0x000000008000351C] -> 0x006F
mem[X,0x000000008000351E] -> 0x00C0
[469] [M]: 0x000000008000351C (0x00C0006F) jal zero, 12
mem[X,0x0000000080003528] -> 0xC063
mem[X,0x000000008000352A] -> 0x118B
[470] [M]: 0x0000000080003528 (0x118BC063) blt s7, s8, 256
mem[X,0x000000008000352C] -> 0x8993
mem[X,0x000000008000352E] -> 0x0029
[471] [M]: 0x000000008000352C (0x00298993) addi s3, s3, 2
x19 <- 0x0000000000000002
mem[X,0x0000000080003530] -> 0x006F
mem[X,0x0000000080003532] -> 0x1000
[472] [M]: 0x0000000080003530 (0x1000006F) jal zero, 256
mem[X,0x0000000080003630] -> 0x3023
mem[X,0x0000000080003632] -> 0x0B32
[473] [M]: 0x0000000080003630 (0x0B323023) sd s3, 160(tp)
mem[0x000000008004F1B8] <- 0x0000000000000002
mem[X,0x0000000080003634] -> 0x0A13
mem[X,0x0000000080003636] -> 0x0010
[474] [M]: 0x0000000080003634 (0x00100A13) addi s4, zero, 1
x20 <- 0x0000000000000001
mem[X,0x0000000080003638] -> 0x1A13
mem[X,0x000000008000363A] -> 0x038A
[475] [M]: 0x0000000080003638 (0x038A1A13) slli s4, s4, 56
x20 <- 0x0100000000000000
mem[X,0x000000008000363C] -> 0x0693
mem[X,0x000000008000363E] -> 0x0010
[476] [M]: 0x000000008000363C (0x00100693) addi a3, zero, 1
x13 <- 0x0000000000000001
mem[X,0x0000000080003640] -> 0x9693
mem[X,0x0000000080003642] -> 0x00D6
[477] [M]: 0x0000000080003640 (0x00D69693) slli a3, a3, 13
x13 <- 0x0000000000002000
mem[X,0x0000000080003644] -> 0x0993
mem[X,0x0000000080003646] -> 0x0000
[478] [M]: 0x0000000080003644 (0x00000993) addi s3, zero, 0
x19 <- 0x0000000000000000
mem[X,0x0000000080003648] -> 0x006F
mem[X,0x000000008000364A] -> 0x00C0
[479] [M]: 0x0000000080003648 (0x00C0006F) jal zero, 12
mem[X,0x0000000080003654] -> 0x4663
mem[X,0x0000000080003656] -> 0x00DA
[480] [M]: 0x0000000080003654 (0x00DA4663) blt s4, a3, 12
mem[X,0x0000000080003658] -> 0x8993
mem[X,0x000000008000365A] -> 0x0029
[481] [M]: 0x0000000080003658 (0x00298993) addi s3, s3, 2
x19 <- 0x0000000000000002
mem[X,0x000000008000365C] -> 0x006F
mem[X,0x000000008000365E] -> 0x00C0
[482] [M]: 0x000000008000365C (0x00C0006F) jal zero, 12
mem[X,0x0000000080003668] -> 0x3423
mem[X,0x000000008000366A] -> 0x0B32
[483] [M]: 0x0000000080003668 (0x0B323423) sd s3, 168(tp)
mem[0x000000008004F1C0] <- 0x0000000000000002
mem[X,0x000000008000366C] -> 0x0613
mem[X,0x000000008000366E] -> 0x0010
[484] [M]: 0x000000008000366C (0x00100613) addi a2, zero, 1
x12 <- 0x0000000000000001
mem[X,0x0000000080003670] -> 0x1613
mem[X,0x0000000080003672] -> 0x02D6
[485] [M]: 0x0000000080003670 (0x02D61613) slli a2, a2, 45
x12 <- 0x0000200000000000
mem[X,0x0000000080003674] -> 0x0493
mem[X,0x0000000080003676] -> 0x0010
[486] [M]: 0x0000000080003674 (0x00100493) addi s1, zero, 1
x9 <- 0x0000000000000001
mem[X,0x0000000080003678] -> 0x9493
mem[X,0x000000008000367A] -> 0x00E4
[487] [M]: 0x0000000080003678 (0x00E49493) slli s1, s1, 14
x9 <- 0x0000000000004000
mem[X,0x000000008000367C] -> 0x0993
mem[X,0x000000008000367E] -> 0x0000
[488] [M]: 0x000000008000367C (0x00000993) addi s3, zero, 0
x19 <- 0x0000000000000000
mem[X,0x0000000080003680] -> 0x006F
mem[X,0x0000000080003682] -> 0x00C0
[489] [M]: 0x0000000080003680 (0x00C0006F) jal zero, 12
mem[X,0x000000008000368C] -> 0x4663
mem[X,0x000000008000368E] -> 0x0096
[490] [M]: 0x000000008000368C (0x00964663) blt a2, s1, 12
mem[X,0x0000000080003690] -> 0x8993
mem[X,0x0000000080003692] -> 0x0029
[491] [M]: 0x0000000080003690 (0x00298993) addi s3, s3, 2
x19 <- 0x0000000000000002
mem[X,0x0000000080003694] -> 0x006F
mem[X,0x0000000080003696] -> 0x00C0
[492] [M]: 0x0000000080003694 (0x00C0006F) jal zero, 12
mem[X,0x00000000800036A0] -> 0x3823
mem[X,0x00000000800036A2] -> 0x0B32
[493] [M]: 0x00000000800036A0 (0x0B323823) sd s3, 176(tp)
mem[0x000000008004F1C8] <- 0x0000000000000002
mem[X,0x00000000800036A4] -> 0x0813
mem[X,0x00000000800036A6] -> 0x0020
[494] [M]: 0x00000000800036A4 (0x00200813) addi a6, zero, 2
x16 <- 0x0000000000000002
mem[X,0x00000000800036A8] -> 0x0C93
mem[X,0x00000000800036AA] -> 0x0010
[495] [M]: 0x00000000800036A8 (0x00100C93) addi s9, zero, 1
x25 <- 0x0000000000000001
mem[X,0x00000000800036AC] -> 0x9C93
mem[X,0x00000000800036AE] -> 0x00FC
[496] [M]: 0x00000000800036AC (0x00FC9C93) slli s9, s9, 15
x25 <- 0x0000000000008000
mem[X,0x00000000800036B0] -> 0x0993
mem[X,0x00000000800036B2] -> 0x0000
[497] [M]: 0x00000000800036B0 (0x00000993) addi s3, zero, 0
x19 <- 0x0000000000000000
mem[X,0x00000000800036B4] -> 0x006F
mem[X,0x00000000800036B6] -> 0x00C0
[498] [M]: 0x00000000800036B4 (0x00C0006F) jal zero, 12
mem[X,0x00000000800036C0] -> 0x4063
mem[X,0x00000000800036C2] -> 0x0398
[499] [M]: 0x00000000800036C0 (0x03984063) blt a6, s9, 32
clint::tick mtime <- 0x0000000000000005
 clint timer pending at mtime 0x0000000000000005
htif::tick 0x0000000000000000
mem[X,0x00000000800036E0] -> 0x8993
mem[X,0x00000000800036E2] -> 0x0039
[500] [M]: 0x00000000800036E0 (0x00398993) addi s3, s3, 3
x19 <- 0x0000000000000003
mem[X,0x00000000800036E4] -> 0x006F
mem[X,0x00000000800036E6] -> 0x0040
[501] [M]: 0x00000000800036E4 (0x0040006F) jal zero, 4
mem[X,0x00000000800036E8] -> 0x3C23
mem[X,0x00000000800036EA] -> 0x0B32
[502] [M]: 0x00000000800036E8 (0x0B323C23) sd s3, 184(tp)
mem[0x000000008004F1D0] <- 0x0000000000000003
mem[X,0x00000000800036EC] -> 0x0013
mem[X,0x00000000800036EE] -> 0x0000
[503] [M]: 0x00000000800036EC (0x00000013) addi zero, zero, 0
mem[X,0x00000000800036F0] -> 0x0013
mem[X,0x00000000800036F2] -> 0x0000
[504] [M]: 0x00000000800036F0 (0x00000013) addi zero, zero, 0
mem[X,0x00000000800036F4] -> 0x0013
mem[X,0x00000000800036F6] -> 0x0000
[505] [M]: 0x00000000800036F4 (0x00000013) addi zero, zero, 0
mem[X,0x00000000800036F8] -> 0x0013
mem[X,0x00000000800036FA] -> 0x0000
[506] [M]: 0x00000000800036F8 (0x00000013) addi zero, zero, 0
mem[X,0x00000000800036FC] -> 0x0013
mem[X,0x00000000800036FE] -> 0x0000
[507] [M]: 0x00000000800036FC (0x00000013) addi zero, zero, 0
mem[X,0x0000000080003700] -> 0xC097
mem[X,0x0000000080003702] -> 0x0004
[508] [M]: 0x0000000080003700 (0x0004C097) auipc ra, 76
x1 <- 0x000000008004F700
mem[X,0x0000000080003704] -> 0x8093
mem[X,0x0000000080003706] -> 0xAD80
[509] [M]: 0x0000000080003704 (0xAD808093) addi ra, ra, 2776
x1 <- 0x000000008004F1D8
mem[X,0x0000000080003708] -> 0x0013
mem[X,0x000000008000370A] -> 0x0000
[510] [M]: 0x0000000080003708 (0x00000013) addi zero, zero, 0
mem[X,0x000000008000370C] -> 0x0013
mem[X,0x000000008000370E] -> 0x0000
[511] [M]: 0x000000008000370C (0x00000013) addi zero, zero, 0
mem[X,0x0000000080003710] -> 0x0013
mem[X,0x0000000080003712] -> 0x0000
[512] [M]: 0x0000000080003710 (0x00000013) addi zero, zero, 0
mem[X,0x0000000080003714] -> 0x0013
mem[X,0x0000000080003716] -> 0x0000
[513] [M]: 0x0000000080003714 (0x00000013) addi zero, zero, 0
mem[X,0x0000000080003718] -> 0x0013
mem[X,0x000000008000371A] -> 0x0000
[514] [M]: 0x0000000080003718 (0x00000013) addi zero, zero, 0
mem[X,0x000000008000371C] -> 0x0013
mem[X,0x000000008000371E] -> 0x0000
[515] [M]: 0x000000008000371C (0x00000013) addi zero, zero, 0
mem[X,0x0000000080003720] -> 0x0193
mem[X,0x0000000080003722] -> 0x0030
[516] [M]: 0x0000000080003720 (0x00300193) addi gp, zero, 3
x3 <- 0x0000000000000003
mem[X,0x0000000080003724] -> 0x0813
mem[X,0x0000000080003726] -> 0x0010
[517] [M]: 0x0000000080003724 (0x00100813) addi a6, zero, 1
x16 <- 0x0000000000000001
mem[X,0x0000000080003728] -> 0x1813
mem[X,0x000000008000372A] -> 0x0108
[518] [M]: 0x0000000080003728 (0x01081813) slli a6, a6, 16
x16 <- 0x0000000000010000
mem[X,0x000000008000372C] -> 0x0113
mem[X,0x000000008000372E] -> 0x0000
[519] [M]: 0x000000008000372C (0x00000113) addi sp, zero, 0
x2 <- 0x0000000000000000
mem[X,0x0000000080003730] -> 0x006F
mem[X,0x0000000080003732] -> 0x00C0
[520] [M]: 0x0000000080003730 (0x00C0006F) jal zero, 12
mem[X,0x000000008000373C] -> 0xC863
mem[X,0x000000008000373E] -> 0x0101
[521] [M]: 0x000000008000373C (0x0101C863) blt gp, a6, 16
mem[X,0x000000008000374C] -> 0x0113
mem[X,0x000000008000374E] -> 0x0031
[522] [M]: 0x000000008000374C (0x00310113) addi sp, sp, 3
x2 <- 0x0000000000000003
mem[X,0x0000000080003750] -> 0x006F
mem[X,0x0000000080003752] -> 0x0040
[523] [M]: 0x0000000080003750 (0x0040006F) jal zero, 4
mem[X,0x0000000080003754] -> 0xB023
mem[X,0x0000000080003756] -> 0x0020
[524] [M]: 0x0000000080003754 (0x0020B023) sd sp, 0(ra)
mem[0x000000008004F1D8] <- 0x0000000000000003
mem[X,0x0000000080003758] -> 0x0213
mem[X,0x000000008000375A] -> 0x0010
[525] [M]: 0x0000000080003758 (0x00100213) addi tp, zero, 1
x4 <- 0x0000000000000001
mem[X,0x000000008000375C] -> 0x1213
mem[X,0x000000008000375E] -> 0x00C2
[526] [M]: 0x000000008000375C (0x00C21213) slli tp, tp, 12
x4 <- 0x0000000000001000
mem[X,0x0000000080003760] -> 0x0613
mem[X,0x0000000080003762] -> 0x0010
[527] [M]: 0x0000000080003760 (0x00100613) addi a2, zero, 1
x12 <- 0x0000000000000001
mem[X,0x0000000080003764] -> 0x1613
mem[X,0x0000000080003766] -> 0x0116
[528] [M]: 0x0000000080003764 (0x01161613) slli a2, a2, 17
x12 <- 0x0000000000020000
mem[X,0x0000000080003768] -> 0x0113
mem[X,0x000000008000376A] -> 0x0000
[529] [M]: 0x0000000080003768 (0x00000113) addi sp, zero, 0
x2 <- 0x0000000000000000
mem[X,0x000000008000376C] -> 0x006F
mem[X,0x000000008000376E] -> 0x0100
[530] [M]: 0x000000008000376C (0x0100006F) jal zero, 16
mem[X,0x000000008000377C] -> 0x4AE3
mem[X,0x000000008000377E] -> 0xFEC2
[531] [M]: 0x000000008000377C (0xFEC24AE3) blt tp, a2, 8180
mem[X,0x0000000080003770] -> 0x0113
mem[X,0x0000000080003772] -> 0x0011
[532] [M]: 0x0000000080003770 (0x00110113) addi sp, sp, 1
x2 <- 0x0000000000000001
mem[X,0x0000000080003774] -> 0x006F
mem[X,0x0000000080003776] -> 0x01C0
[533] [M]: 0x0000000080003774 (0x01C0006F) jal zero, 28
mem[X,0x0000000080003790] -> 0xB423
mem[X,0x0000000080003792] -> 0x0020
[534] [M]: 0x0000000080003790 (0x0020B423) sd sp, 8(ra)
mem[0x000000008004F1E0] <- 0x0000000000000001
mem[X,0x0000000080003794] -> 0x0993
mem[X,0x0000000080003796] -> 0x0000
[535] [M]: 0x0000000080003794 (0x00000993) addi s3, zero, 0
x19 <- 0x0000000000000000
mem[X,0x0000000080003798] -> 0x0213
mem[X,0x000000008000379A] -> 0x0010
[536] [M]: 0x0000000080003798 (0x00100213) addi tp, zero, 1
x4 <- 0x0000000000000001
mem[X,0x000000008000379C] -> 0x1213
mem[X,0x000000008000379E] -> 0x0122
[537] [M]: 0x000000008000379C (0x01221213) slli tp, tp, 18
x4 <- 0x0000000000040000
mem[X,0x00000000800037A0] -> 0x0113
mem[X,0x00000000800037A2] -> 0x0000
[538] [M]: 0x00000000800037A0 (0x00000113) addi sp, zero, 0
x2 <- 0x0000000000000000
mem[X,0x00000000800037A4] -> 0x006F
mem[X,0x00000000800037A6] -> 0x00C0
[539] [M]: 0x00000000800037A4 (0x00C0006F) jal zero, 12
mem[X,0x00000000800037B0] -> 0xC063
mem[X,0x00000000800037B2] -> 0x0449
[540] [M]: 0x00000000800037B0 (0x0449C063) blt s3, tp, 64
mem[X,0x00000000800037F0] -> 0x0113
mem[X,0x00000000800037F2] -> 0x0031
[541] [M]: 0x00000000800037F0 (0x00310113) addi sp, sp, 3
x2 <- 0x0000000000000003
mem[X,0x00000000800037F4] -> 0x006F
mem[X,0x00000000800037F6] -> 0x0040
[542] [M]: 0x00000000800037F4 (0x0040006F) jal zero, 4
mem[X,0x00000000800037F8] -> 0xB823
mem[X,0x00000000800037FA] -> 0x0020
[543] [M]: 0x00000000800037F8 (0x0020B823) sd sp, 16(ra)
mem[0x000000008004F1E8] <- 0x0000000000000003
mem[X,0x00000000800037FC] -> 0x0C93
mem[X,0x00000000800037FE] -> 0x0010
[544] [M]: 0x00000000800037FC (0x00100C93) addi s9, zero, 1
x25 <- 0x0000000000000001
mem[X,0x0000000080003800] -> 0x9C93
mem[X,0x0000000080003802] -> 0x023C
[545] [M]: 0x0000000080003800 (0x023C9C93) slli s9, s9, 35
x25 <- 0x0000000800000000
mem[X,0x0000000080003804] -> 0x0E13
mem[X,0x0000000080003806] -> 0x0010
[546] [M]: 0x0000000080003804 (0x00100E13) addi t3, zero, 1
x28 <- 0x0000000000000001
mem[X,0x0000000080003808] -> 0x1E13
mem[X,0x000000008000380A] -> 0x013E
[547] [M]: 0x0000000080003808 (0x013E1E13) slli t3, t3, 19
x28 <- 0x0000000000080000
mem[X,0x000000008000380C] -> 0x0113
mem[X,0x000000008000380E] -> 0x0000
[548] [M]: 0x000000008000380C (0x00000113) addi sp, zero, 0
x2 <- 0x0000000000000000
mem[X,0x0000000080003810] -> 0x006F
mem[X,0x0000000080003812] -> 0x0140
[549] [M]: 0x0000000080003810 (0x0140006F) jal zero, 20
mem[X,0x0000000080003824] -> 0xC8E3
mem[X,0x0000000080003826] -> 0xFFCC
[550] [M]: 0x0000000080003824 (0xFFCCC8E3) blt s9, t3, 8176
mem[X,0x0000000080003828] -> 0x0113
mem[X,0x000000008000382A] -> 0x0021
[551] [M]: 0x0000000080003828 (0x00210113) addi sp, sp, 2
x2 <- 0x0000000000000002
mem[X,0x000000008000382C] -> 0x006F
mem[X,0x000000008000382E] -> 0x00C0
[552] [M]: 0x000000008000382C (0x00C0006F) jal zero, 12
mem[X,0x0000000080003838] -> 0xBC23
mem[X,0x000000008000383A] -> 0x0020
[553] [M]: 0x0000000080003838 (0x0020BC23) sd sp, 24(ra)
mem[0x000000008004F1F0] <- 0x0000000000000002
mem[X,0x000000008000383C] -> 0x0A93
mem[X,0x000000008000383E] -> 0x0010
[554] [M]: 0x000000008000383C (0x00100A93) addi s5, zero, 1
x21 <- 0x0000000000000001
mem[X,0x0000000080003840] -> 0x9A93
mem[X,0x0000000080003842] -> 0x020A
[555] [M]: 0x0000000080003840 (0x020A9A93) slli s5, s5, 32
x21 <- 0x0000000100000000
mem[X,0x0000000080003844] -> 0xCA93
mem[X,0x0000000080003846] -> 0xFFFA
[556] [M]: 0x0000000080003844 (0xFFFACA93) xori s5, s5, 4095
x21 <- 0xFFFFFFFEFFFFFFFF
mem[X,0x0000000080003848] -> 0x0B13
mem[X,0x000000008000384A] -> 0x0010
[557] [M]: 0x0000000080003848 (0x00100B13) addi s6, zero, 1
x22 <- 0x0000000000000001
mem[X,0x000000008000384C] -> 0x1B13
mem[X,0x000000008000384E] -> 0x014B
[558] [M]: 0x000000008000384C (0x014B1B13) slli s6, s6, 20
x22 <- 0x0000000000100000
mem[X,0x0000000080003850] -> 0x0113
mem[X,0x0000000080003852] -> 0x0000
[559] [M]: 0x0000000080003850 (0x00000113) addi sp, zero, 0
x2 <- 0x0000000000000000
mem[X,0x0000000080003854] -> 0x006F
mem[X,0x0000000080003856] -> 0x0180
[560] [M]: 0x0000000080003854 (0x0180006F) jal zero, 24
mem[X,0x000000008000386C] -> 0xC6E3
mem[X,0x000000008000386E] -> 0xFF6A
[561] [M]: 0x000000008000386C (0xFF6AC6E3) blt s5, s6, 8172
mem[X,0x0000000080003858] -> 0x0113
mem[X,0x000000008000385A] -> 0x0011
[562] [M]: 0x0000000080003858 (0x00110113) addi sp, sp, 1
x2 <- 0x0000000000000001
mem[X,0x000000008000385C] -> 0x006F
mem[X,0x000000008000385E] -> 0x0240
[563] [M]: 0x000000008000385C (0x0240006F) jal zero, 36
mem[X,0x0000000080003880] -> 0xB023
mem[X,0x0000000080003882] -> 0x0220
[564] [M]: 0x0000000080003880 (0x0220B023) sd sp, 32(ra)
mem[0x000000008004F1F8] <- 0x0000000000000001
mem[X,0x0000000080003884] -> 0x34B7
mem[X,0x0000000080003886] -> 0x3333
[565] [M]: 0x0000000080003884 (0x333334B7) lui s1, 209715
x9 <- 0x0000000033333000
mem[X,0x0000000080003888] -> 0x8493
mem[X,0x000000008000388A] -> 0x3334
[566] [M]: 0x0000000080003888 (0x33348493) addi s1, s1, 819
x9 <- 0x0000000033333333
mem[X,0x000000008000388C] -> 0x9493
mem[X,0x000000008000388E] -> 0x00B4
[567] [M]: 0x000000008000388C (0x00B49493) slli s1, s1, 11
x9 <- 0x0000019999999800
mem[X,0x0000000080003890] -> 0x8493
mem[X,0x0000000080003892] -> 0x1994
[568] [M]: 0x0000000080003890 (0x19948493) addi s1, s1, 409
x9 <- 0x0000019999999999
mem[X,0x0000000080003894] -> 0x9493
mem[X,0x0000000080003896] -> 0x00B4
[569] [M]: 0x0000000080003894 (0x00B49493) slli s1, s1, 11
x9 <- 0x000CCCCCCCCCC800
mem[X,0x0000000080003898] -> 0x8493
mem[X,0x000000008000389A] -> 0x4CC4
[570] [M]: 0x0000000080003898 (0x4CC48493) addi s1, s1, 1228
x9 <- 0x000CCCCCCCCCCCCC
mem[X,0x000000008000389C] -> 0x9493
mem[X,0x000000008000389E] -> 0x00A4
[571] [M]: 0x000000008000389C (0x00A49493) slli s1, s1, 10
x9 <- 0x3333333333333000
mem[X,0x00000000800038A0] -> 0x8493
mem[X,0x00000000800038A2] -> 0x3344
[572] [M]: 0x00000000800038A0 (0x33448493) addi s1, s1, 820
x9 <- 0x3333333333333334
mem[X,0x00000000800038A4] -> 0x0A93
mem[X,0x00000000800038A6] -> 0x0010
[573] [M]: 0x00000000800038A4 (0x00100A93) addi s5, zero, 1
x21 <- 0x0000000000000001
mem[X,0x00000000800038A8] -> 0x9A93
mem[X,0x00000000800038AA] -> 0x015A
[574] [M]: 0x00000000800038A8 (0x015A9A93) slli s5, s5, 21
x21 <- 0x0000000000200000
mem[X,0x00000000800038AC] -> 0x0113
mem[X,0x00000000800038AE] -> 0x0000
[575] [M]: 0x00000000800038AC (0x00000113) addi sp, zero, 0
x2 <- 0x0000000000000000
mem[X,0x00000000800038B0] -> 0x006F
mem[X,0x00000000800038B2] -> 0x2B10
[576] [M]: 0x00000000800038B0 (0x2B10006F) jal zero, 2736
mem[X,0x0000000080004360] -> 0xCA63
mem[X,0x0000000080004362] -> 0xD554
[577] [M]: 0x0000000080004360 (0xD554CA63) blt s1, s5, 5460
mem[X,0x0000000080004364] -> 0x0113
mem[X,0x0000000080004366] -> 0x0021
[578] [M]: 0x0000000080004364 (0x00210113) addi sp, sp, 2
x2 <- 0x0000000000000002
mem[X,0x0000000080004368] -> 0x006F
mem[X,0x000000008000436A] -> 0x00C0
[579] [M]: 0x0000000080004368 (0x00C0006F) jal zero, 12
mem[X,0x0000000080004374] -> 0xB423
mem[X,0x0000000080004376] -> 0x0220
[580] [M]: 0x0000000080004374 (0x0220B423) sd sp, 40(ra)
mem[0x000000008004F200] <- 0x0000000000000002
mem[X,0x0000000080004378] -> 0x0F13
mem[X,0x000000008000437A] -> 0x0010
[581] [M]: 0x0000000080004378 (0x00100F13) addi t5, zero, 1
x30 <- 0x0000000000000001
mem[X,0x000000008000437C] -> 0x1F13
mem[X,0x000000008000437E] -> 0x01FF
[582] [M]: 0x000000008000437C (0x01FF1F13) slli t5, t5, 31
x30 <- 0x0000000080000000
mem[X,0x0000000080004380] -> 0x4F13
mem[X,0x0000000080004382] -> 0xFFFF
[583] [M]: 0x0000000080004380 (0xFFFF4F13) xori t5, t5, 4095
x30 <- 0xFFFFFFFF7FFFFFFF
mem[X,0x0000000080004384] -> 0x0993
mem[X,0x0000000080004386] -> 0x0010
[584] [M]: 0x0000000080004384 (0x00100993) addi s3, zero, 1
x19 <- 0x0000000000000001
mem[X,0x0000000080004388] -> 0x9993
mem[X,0x000000008000438A] -> 0x0169
[585] [M]: 0x0000000080004388 (0x01699993) slli s3, s3, 22
x19 <- 0x0000000000400000
mem[X,0x000000008000438C] -> 0x0113
mem[X,0x000000008000438E] -> 0x0000
[586] [M]: 0x000000008000438C (0x00000113) addi sp, zero, 0
x2 <- 0x0000000000000000
mem[X,0x0000000080004390] -> 0x006F
mem[X,0x0000000080004392] -> 0x00C0
[587] [M]: 0x0000000080004390 (0x00C0006F) jal zero, 12
mem[X,0x000000008000439C] -> 0x4063
mem[X,0x000000008000439E] -> 0x413F
[588] [M]: 0x000000008000439C (0x413F4063) blt t5, s3, 1024
mem[X,0x000000008000479C] -> 0x0113
mem[X,0x000000008000479E] -> 0x0031
[589] [M]: 0x000000008000479C (0x00310113) addi sp, sp, 3
x2 <- 0x0000000000000003
mem[X,0x00000000800047A0] -> 0x006F
mem[X,0x00000000800047A2] -> 0x0040
[590] [M]: 0x00000000800047A0 (0x0040006F) jal zero, 4
mem[X,0x00000000800047A4] -> 0xB823
mem[X,0x00000000800047A6] -> 0x0220
[591] [M]: 0x00000000800047A4 (0x0220B823) sd sp, 48(ra)
mem[0x000000008004F208] <- 0x0000000000000003
mem[X,0x00000000800047A8] -> 0x0793
mem[X,0x00000000800047AA] -> 0x0040
[592] [M]: 0x00000000800047A8 (0x00400793) addi a5, zero, 4
x15 <- 0x0000000000000004
mem[X,0x00000000800047AC] -> 0x0B93
mem[X,0x00000000800047AE] -> 0x0010
[593] [M]: 0x00000000800047AC (0x00100B93) addi s7, zero, 1
x23 <- 0x0000000000000001
mem[X,0x00000000800047B0] -> 0x9B93
mem[X,0x00000000800047B2] -> 0x017B
[594] [M]: 0x00000000800047B0 (0x017B9B93) slli s7, s7, 23
x23 <- 0x0000000000800000
mem[X,0x00000000800047B4] -> 0x0113
mem[X,0x00000000800047B6] -> 0x0000
[595] [M]: 0x00000000800047B4 (0x00000113) addi sp, zero, 0
x2 <- 0x0000000000000000
mem[X,0x00000000800047B8] -> 0x006F
mem[X,0x00000000800047BA] -> 0x2B10
[596] [M]: 0x00000000800047B8 (0x2B10006F) jal zero, 2736
mem[X,0x0000000080005268] -> 0xCA63
mem[X,0x000000008000526A] -> 0xD577
[597] [M]: 0x0000000080005268 (0xD577CA63) blt a5, s7, 5460
mem[X,0x00000000800047BC] -> 0x0113
mem[X,0x00000000800047BE] -> 0x0011
[598] [M]: 0x00000000800047BC (0x00110113) addi sp, sp, 1
x2 <- 0x0000000000000001
mem[X,0x00000000800047C0] -> 0x006F
mem[X,0x00000000800047C2] -> 0x2BD0
[599] [M]: 0x00000000800047C0 (0x2BD0006F) jal zero, 2748
clint::tick mtime <- 0x0000000000000006
 clint timer pending at mtime 0x0000000000000006
htif::tick 0x0000000000000000
mem[X,0x000000008000527C] -> 0xBC23
mem[X,0x000000008000527E] -> 0x0220
[600] [M]: 0x000000008000527C (0x0220BC23) sd sp, 56(ra)
mem[0x000000008004F210] <- 0x0000000000000001
mem[X,0x0000000080005280] -> 0x5537
mem[X,0x0000000080005282] -> 0x5555
[601] [M]: 0x0000000080005280 (0x55555537) lui a0, 349525
x10 <- 0x0000000055555000
mem[X,0x0000000080005284] -> 0x0513
mem[X,0x0000000080005286] -> 0x5555
[602] [M]: 0x0000000080005284 (0x55550513) addi a0, a0, 1365
x10 <- 0x0000000055555555
mem[X,0x0000000080005288] -> 0x1513
mem[X,0x000000008000528A] -> 0x00B5
[603] [M]: 0x0000000080005288 (0x00B51513) slli a0, a0, 11
x10 <- 0x000002AAAAAAA800
mem[X,0x000000008000528C] -> 0x0513
mem[X,0x000000008000528E] -> 0x2AA5
[604] [M]: 0x000000008000528C (0x2AA50513) addi a0, a0, 682
x10 <- 0x000002AAAAAAAAAA
mem[X,0x0000000080005290] -> 0x1513
mem[X,0x0000000080005292] -> 0x00B5
[605] [M]: 0x0000000080005290 (0x00B51513) slli a0, a0, 11
x10 <- 0x0015555555555000
mem[X,0x0000000080005294] -> 0x0513
mem[X,0x0000000080005296] -> 0x5555
[606] [M]: 0x0000000080005294 (0x55550513) addi a0, a0, 1365
x10 <- 0x0015555555555555
mem[X,0x0000000080005298] -> 0x1513
mem[X,0x000000008000529A] -> 0x00A5
[607] [M]: 0x0000000080005298 (0x00A51513) slli a0, a0, 10
x10 <- 0x5555555555555400
mem[X,0x000000008000529C] -> 0x0513
mem[X,0x000000008000529E] -> 0x1555
[608] [M]: 0x000000008000529C (0x15550513) addi a0, a0, 341
x10 <- 0x5555555555555555
mem[X,0x00000000800052A0] -> 0x0593
mem[X,0x00000000800052A2] -> 0x0010
[609] [M]: 0x00000000800052A0 (0x00100593) addi a1, zero, 1
x11 <- 0x0000000000000001
mem[X,0x00000000800052A4] -> 0x9593
mem[X,0x00000000800052A6] -> 0x0195
[610] [M]: 0x00000000800052A4 (0x01959593) slli a1, a1, 25
x11 <- 0x0000000002000000
mem[X,0x00000000800052A8] -> 0x0113
mem[X,0x00000000800052AA] -> 0x0000
[611] [M]: 0x00000000800052A8 (0x00000113) addi sp, zero, 0
x2 <- 0x0000000000000000
mem[X,0x00000000800052AC] -> 0x006F
mem[X,0x00000000800052AE] -> 0x0050
[612] [M]: 0x00000000800052AC (0x0050006F) jal zero, 2052
mem[X,0x0000000080005AB0] -> 0x40E3
mem[X,0x0000000080005AB2] -> 0x80B5
[613] [M]: 0x0000000080005AB0 (0x80B540E3) blt a0, a1, 6144
mem[X,0x0000000080005AB4] -> 0x0113
mem[X,0x0000000080005AB6] -> 0x0021
[614] [M]: 0x0000000080005AB4 (0x00210113) addi sp, sp, 2
x2 <- 0x0000000000000002
mem[X,0x0000000080005AB8] -> 0x006F
mem[X,0x0000000080005ABA] -> 0x00C0
[615] [M]: 0x0000000080005AB8 (0x00C0006F) jal zero, 12
mem[X,0x0000000080005AC4] -> 0xB023
mem[X,0x0000000080005AC6] -> 0x0420
[616] [M]: 0x0000000080005AC4 (0x0420B023) sd sp, 64(ra)
mem[0x000000008004F218] <- 0x0000000000000002
mem[X,0x0000000080005AC8] -> 0x0513
mem[X,0x0000000080005ACA] -> 0x0010
[617] [M]: 0x0000000080005AC8 (0x00100513) addi a0, zero, 1
x10 <- 0x0000000000000001
mem[X,0x0000000080005ACC] -> 0x1513
mem[X,0x0000000080005ACE] -> 0x0375
[618] [M]: 0x0000000080005ACC (0x03751513) slli a0, a0, 55
x10 <- 0x0080000000000000
mem[X,0x0000000080005AD0] -> 0x4513
mem[X,0x0000000080005AD2] -> 0xFFF5
[619] [M]: 0x0000000080005AD0 (0xFFF54513) xori a0, a0, 4095
x10 <- 0xFF7FFFFFFFFFFFFF
mem[X,0x0000000080005AD4] -> 0x0593
mem[X,0x0000000080005AD6] -> 0x0010
[620] [M]: 0x0000000080005AD4 (0x00100593) addi a1, zero, 1
x11 <- 0x0000000000000001
mem[X,0x0000000080005AD8] -> 0x9593
mem[X,0x0000000080005ADA] -> 0x01A5
[621] [M]: 0x0000000080005AD8 (0x01A59593) slli a1, a1, 26
x11 <- 0x0000000004000000
mem[X,0x0000000080005ADC] -> 0x0113
mem[X,0x0000000080005ADE] -> 0x0000
[622] [M]: 0x0000000080005ADC (0x00000113) addi sp, zero, 0
x2 <- 0x0000000000000000
mem[X,0x0000000080005AE0] -> 0x006F
mem[X,0x0000000080005AE2] -> 0x00C0
[623] [M]: 0x0000000080005AE0 (0x00C0006F) jal zero, 12
mem[X,0x0000000080005AEC] -> 0x4663
mem[X,0x0000000080005AEE] -> 0x00B5
[624] [M]: 0x0000000080005AEC (0x00B54663) blt a0, a1, 12
mem[X,0x0000000080005AF8] -> 0x0113
mem[X,0x0000000080005AFA] -> 0x0031
[625] [M]: 0x0000000080005AF8 (0x00310113) addi sp, sp, 3
x2 <- 0x0000000000000003
mem[X,0x0000000080005AFC] -> 0x006F
mem[X,0x0000000080005AFE] -> 0x0040
[626] [M]: 0x0000000080005AFC (0x0040006F) jal zero, 4
mem[X,0x0000000080005B00] -> 0xB423
mem[X,0x0000000080005B02] -> 0x0420
[627] [M]: 0x0000000080005B00 (0x0420B423) sd sp, 72(ra)
mem[0x000000008004F220] <- 0x0000000000000003
mem[X,0x0000000080005B04] -> 0x0513
mem[X,0x0000000080005B06] -> 0x0010
[628] [M]: 0x0000000080005B04 (0x00100513) addi a0, zero, 1
x10 <- 0x0000000000000001
mem[X,0x0000000080005B08] -> 0x1513
mem[X,0x0000000080005B0A] -> 0x02C5
[629] [M]: 0x0000000080005B08 (0x02C51513) slli a0, a0, 44
x10 <- 0x0000100000000000
mem[X,0x0000000080005B0C] -> 0x0593
mem[X,0x0000000080005B0E] -> 0x0010
[630] [M]: 0x0000000080005B0C (0x00100593) addi a1, zero, 1
x11 <- 0x0000000000000001
mem[X,0x0000000080005B10] -> 0x9593
mem[X,0x0000000080005B12] -> 0x01B5
[631] [M]: 0x0000000080005B10 (0x01B59593) slli a1, a1, 27
x11 <- 0x0000000008000000
mem[X,0x0000000080005B14] -> 0x0113
mem[X,0x0000000080005B16] -> 0x0000
[632] [M]: 0x0000000080005B14 (0x00000113) addi sp, zero, 0
x2 <- 0x0000000000000000
mem[X,0x0000000080005B18] -> 0x006F
mem[X,0x0000000080005B1A] -> 0x00C0
[633] [M]: 0x0000000080005B18 (0x00C0006F) jal zero, 12
mem[X,0x0000000080005B24] -> 0x4663
mem[X,0x0000000080005B26] -> 0x00B5
[634] [M]: 0x0000000080005B24 (0x00B54663) blt a0, a1, 12
mem[X,0x0000000080005B28] -> 0x0113
mem[X,0x0000000080005B2A] -> 0x0021
[635] [M]: 0x0000000080005B28 (0x00210113) addi sp, sp, 2
x2 <- 0x0000000000000002
mem[X,0x0000000080005B2C] -> 0x006F
mem[X,0x0000000080005B2E] -> 0x00C0
[636] [M]: 0x0000000080005B2C (0x00C0006F) jal zero, 12
mem[X,0x0000000080005B38] -> 0xB823
mem[X,0x0000000080005B3A] -> 0x0420
[637] [M]: 0x0000000080005B38 (0x0420B823) sd sp, 80(ra)
mem[0x000000008004F228] <- 0x0000000000000002
mem[X,0x0000000080005B3C] -> 0x0513
mem[X,0x0000000080005B3E] -> 0x0200
[638] [M]: 0x0000000080005B3C (0x02000513) addi a0, zero, 32
x10 <- 0x0000000000000020
mem[X,0x0000000080005B40] -> 0x0593
mem[X,0x0000000080005B42] -> 0x0010
[639] [M]: 0x0000000080005B40 (0x00100593) addi a1, zero, 1
x11 <- 0x0000000000000001
mem[X,0x0000000080005B44] -> 0x9593
mem[X,0x0000000080005B46] -> 0x01C5
[640] [M]: 0x0000000080005B44 (0x01C59593) slli a1, a1, 28
x11 <- 0x0000000010000000
mem[X,0x0000000080005B48] -> 0x0113
mem[X,0x0000000080005B4A] -> 0x0000
[641] [M]: 0x0000000080005B48 (0x00000113) addi sp, zero, 0
x2 <- 0x0000000000000000
mem[X,0x0000000080005B4C] -> 0x006F
mem[X,0x0000000080005B4E] -> 0x00C0
[642] [M]: 0x0000000080005B4C (0x00C0006F) jal zero, 12
mem[X,0x0000000080005B58] -> 0x4863
mem[X,0x0000000080005B5A] -> 0x00B5
[643] [M]: 0x0000000080005B58 (0x00B54863) blt a0, a1, 16
mem[X,0x0000000080005B68] -> 0x0113
mem[X,0x0000000080005B6A] -> 0x0031
[644] [M]: 0x0000000080005B68 (0x00310113) addi sp, sp, 3
x2 <- 0x0000000000000003
mem[X,0x0000000080005B6C] -> 0x006F
mem[X,0x0000000080005B6E] -> 0x0040
[645] [M]: 0x0000000080005B6C (0x0040006F) jal zero, 4
mem[X,0x0000000080005B70] -> 0xBC23
mem[X,0x0000000080005B72] -> 0x0420
[646] [M]: 0x0000000080005B70 (0x0420BC23) sd sp, 88(ra)
mem[0x000000008004F230] <- 0x0000000000000003
mem[X,0x0000000080005B74] -> 0x0513
mem[X,0x0000000080005B76] -> 0x0010
[647] [M]: 0x0000000080005B74 (0x00100513) addi a0, zero, 1
x10 <- 0x0000000000000001
mem[X,0x0000000080005B78] -> 0x1513
mem[X,0x0000000080005B7A] -> 0x0105
[648] [M]: 0x0000000080005B78 (0x01051513) slli a0, a0, 16
x10 <- 0x0000000000010000
mem[X,0x0000000080005B7C] -> 0x4513
mem[X,0x0000000080005B7E] -> 0xFFF5
[649] [M]: 0x0000000080005B7C (0xFFF54513) xori a0, a0, 4095
x10 <- 0xFFFFFFFFFFFEFFFF
mem[X,0x0000000080005B80] -> 0x0593
mem[X,0x0000000080005B82] -> 0x0010
[650] [M]: 0x0000000080005B80 (0x00100593) addi a1, zero, 1
x11 <- 0x0000000000000001
mem[X,0x0000000080005B84] -> 0x9593
mem[X,0x0000000080005B86] -> 0x01D5
[651] [M]: 0x0000000080005B84 (0x01D59593) slli a1, a1, 29
x11 <- 0x0000000020000000
mem[X,0x0000000080005B88] -> 0x0113
mem[X,0x0000000080005B8A] -> 0x0000
[652] [M]: 0x0000000080005B88 (0x00000113) addi sp, zero, 0
x2 <- 0x0000000000000000
mem[X,0x0000000080005B8C] -> 0x006F
mem[X,0x0000000080005B8E] -> 0x00C0
[653] [M]: 0x0000000080005B8C (0x00C0006F) jal zero, 12
mem[X,0x0000000080005B98] -> 0x4663
mem[X,0x0000000080005B9A] -> 0x00B5
[654] [M]: 0x0000000080005B98 (0x00B54663) blt a0, a1, 12
mem[X,0x0000000080005BA4] -> 0x0113
mem[X,0x0000000080005BA6] -> 0x0031
[655] [M]: 0x0000000080005BA4 (0x00310113) addi sp, sp, 3
x2 <- 0x0000000000000003
mem[X,0x0000000080005BA8] -> 0x006F
mem[X,0x0000000080005BAA] -> 0x0040
[656] [M]: 0x0000000080005BA8 (0x0040006F) jal zero, 4
mem[X,0x0000000080005BAC] -> 0xB023
mem[X,0x0000000080005BAE] -> 0x0620
[657] [M]: 0x0000000080005BAC (0x0620B023) sd sp, 96(ra)
mem[0x000000008004F238] <- 0x0000000000000003
mem[X,0x0000000080005BB0] -> 0x0513
mem[X,0x0000000080005BB2] -> 0x0010
[658] [M]: 0x0000000080005BB0 (0x00100513) addi a0, zero, 1
x10 <- 0x0000000000000001
mem[X,0x0000000080005BB4] -> 0x1513
mem[X,0x0000000080005BB6] -> 0x01E5
[659] [M]: 0x0000000080005BB4 (0x01E51513) slli a0, a0, 30
x10 <- 0x0000000040000000
mem[X,0x0000000080005BB8] -> 0x4513
mem[X,0x0000000080005BBA] -> 0xFFF5
[660] [M]: 0x0000000080005BB8 (0xFFF54513) xori a0, a0, 4095
x10 <- 0xFFFFFFFFBFFFFFFF
mem[X,0x0000000080005BBC] -> 0x0593
mem[X,0x0000000080005BBE] -> 0x0010
[661] [M]: 0x0000000080005BBC (0x00100593) addi a1, zero, 1
x11 <- 0x0000000000000001
mem[X,0x0000000080005BC0] -> 0x9593
mem[X,0x0000000080005BC2] -> 0x01E5
[662] [M]: 0x0000000080005BC0 (0x01E59593) slli a1, a1, 30
x11 <- 0x0000000040000000
mem[X,0x0000000080005BC4] -> 0x0113
mem[X,0x0000000080005BC6] -> 0x0000
[663] [M]: 0x0000000080005BC4 (0x00000113) addi sp, zero, 0
x2 <- 0x0000000000000000
mem[X,0x0000000080005BC8] -> 0x006F
mem[X,0x0000000080005BCA] -> 0x00C0
[664] [M]: 0x0000000080005BC8 (0x00C0006F) jal zero, 12
mem[X,0x0000000080005BD4] -> 0x4063
mem[X,0x0000000080005BD6] -> 0x10B5
[665] [M]: 0x0000000080005BD4 (0x10B54063) blt a0, a1, 256
mem[X,0x0000000080005CD4] -> 0x0113
mem[X,0x0000000080005CD6] -> 0x0031
[666] [M]: 0x0000000080005CD4 (0x00310113) addi sp, sp, 3
x2 <- 0x0000000000000003
mem[X,0x0000000080005CD8] -> 0x006F
mem[X,0x0000000080005CDA] -> 0x0040
[667] [M]: 0x0000000080005CD8 (0x0040006F) jal zero, 4
mem[X,0x0000000080005CDC] -> 0xB423
mem[X,0x0000000080005CDE] -> 0x0620
[668] [M]: 0x0000000080005CDC (0x0620B423) sd sp, 104(ra)
mem[0x000000008004F240] <- 0x0000000000000003
mem[X,0x0000000080005CE0] -> 0x0513
mem[X,0x0000000080005CE2] -> 0x0010
[669] [M]: 0x0000000080005CE0 (0x00100513) addi a0, zero, 1
x10 <- 0x0000000000000001
mem[X,0x0000000080005CE4] -> 0x1513
mem[X,0x0000000080005CE6] -> 0x01D5
[670] [M]: 0x0000000080005CE4 (0x01D51513) slli a0, a0, 29
x10 <- 0x0000000020000000
mem[X,0x0000000080005CE8] -> 0x0593
mem[X,0x0000000080005CEA] -> 0x0010
[671] [M]: 0x0000000080005CE8 (0x00100593) addi a1, zero, 1
x11 <- 0x0000000000000001
mem[X,0x0000000080005CEC] -> 0x9593
mem[X,0x0000000080005CEE] -> 0x01F5
[672] [M]: 0x0000000080005CEC (0x01F59593) slli a1, a1, 31
x11 <- 0x0000000080000000
mem[X,0x0000000080005CF0] -> 0x0113
mem[X,0x0000000080005CF2] -> 0x0000
[673] [M]: 0x0000000080005CF0 (0x00000113) addi sp, zero, 0
x2 <- 0x0000000000000000
mem[X,0x0000000080005CF4] -> 0x006F
mem[X,0x0000000080005CF6] -> 0x00C0
[674] [M]: 0x0000000080005CF4 (0x00C0006F) jal zero, 12
mem[X,0x0000000080005D00] -> 0x4663
mem[X,0x0000000080005D02] -> 0x00B5
[675] [M]: 0x0000000080005D00 (0x00B54663) blt a0, a1, 12
mem[X,0x0000000080005D0C] -> 0x0113
mem[X,0x0000000080005D0E] -> 0x0031
[676] [M]: 0x0000000080005D0C (0x00310113) addi sp, sp, 3
x2 <- 0x0000000000000003
mem[X,0x0000000080005D10] -> 0x006F
mem[X,0x0000000080005D12] -> 0x0040
[677] [M]: 0x0000000080005D10 (0x0040006F) jal zero, 4
mem[X,0x0000000080005D14] -> 0xB823
mem[X,0x0000000080005D16] -> 0x0620
[678] [M]: 0x0000000080005D14 (0x0620B823) sd sp, 112(ra)
mem[0x000000008004F248] <- 0x0000000000000003
mem[X,0x0000000080005D18] -> 0xB537
mem[X,0x0000000080005D1A] -> 0xAAAA
[679] [M]: 0x0000000080005D18 (0xAAAAB537) lui a0, 699051
x10 <- 0xFFFFFFFFAAAAB000
mem[X,0x0000000080005D1C] -> 0x0513
mem[X,0x0000000080005D1E] -> 0xAAA5
[680] [M]: 0x0000000080005D1C (0xAAA50513) addi a0, a0, 2730
x10 <- 0xFFFFFFFFAAAAAAAA
mem[X,0x0000000080005D20] -> 0x1513
mem[X,0x0000000080005D22] -> 0x00B5
[681] [M]: 0x0000000080005D20 (0x00B51513) slli a0, a0, 11
x10 <- 0xFFFFFD5555555000
mem[X,0x0000000080005D24] -> 0x0513
mem[X,0x0000000080005D26] -> 0x5555
[682] [M]: 0x0000000080005D24 (0x55550513) addi a0, a0, 1365
x10 <- 0xFFFFFD5555555555
mem[X,0x0000000080005D28] -> 0x1513
mem[X,0x0000000080005D2A] -> 0x00B5
[683] [M]: 0x0000000080005D28 (0x00B51513) slli a0, a0, 11
x10 <- 0xFFEAAAAAAAAAA800
mem[X,0x0000000080005D2C] -> 0x0513
mem[X,0x0000000080005D2E] -> 0x2AA5
[684] [M]: 0x0000000080005D2C (0x2AA50513) addi a0, a0, 682
x10 <- 0xFFEAAAAAAAAAAAAA
mem[X,0x0000000080005D30] -> 0x1513
mem[X,0x0000000080005D32] -> 0x00A5
[685] [M]: 0x0000000080005D30 (0x00A51513) slli a0, a0, 10
x10 <- 0xAAAAAAAAAAAAA800
mem[X,0x0000000080005D34] -> 0x0513
mem[X,0x0000000080005D36] -> 0x2AA5
[686] [M]: 0x0000000080005D34 (0x2AA50513) addi a0, a0, 682
x10 <- 0xAAAAAAAAAAAAAAAA
mem[X,0x0000000080005D38] -> 0x0593
mem[X,0x0000000080005D3A] -> 0x0010
[687] [M]: 0x0000000080005D38 (0x00100593) addi a1, zero, 1
x11 <- 0x0000000000000001
mem[X,0x0000000080005D3C] -> 0x9593
mem[X,0x0000000080005D3E] -> 0x0205
[688] [M]: 0x0000000080005D3C (0x02059593) slli a1, a1, 32
x11 <- 0x0000000100000000
mem[X,0x0000000080005D40] -> 0x0113
mem[X,0x0000000080005D42] -> 0x0000
[689] [M]: 0x0000000080005D40 (0x00000113) addi sp, zero, 0
x2 <- 0x0000000000000000
mem[X,0x0000000080005D44] -> 0x006F
mem[X,0x0000000080005D46] -> 0x00C0
[690] [M]: 0x0000000080005D44 (0x00C0006F) jal zero, 12
mem[X,0x0000000080005D50] -> 0x4CE3
mem[X,0x0000000080005D52] -> 0xFEB5
[691] [M]: 0x0000000080005D50 (0xFEB54CE3) blt a0, a1, 8184
mem[X,0x0000000080005D48] -> 0x0113
mem[X,0x0000000080005D4A] -> 0x0011
[692] [M]: 0x0000000080005D48 (0x00110113) addi sp, sp, 1
x2 <- 0x0000000000000001
mem[X,0x0000000080005D4C] -> 0x006F
mem[X,0x0000000080005D4E] -> 0x0180
[693] [M]: 0x0000000080005D4C (0x0180006F) jal zero, 24
mem[X,0x0000000080005D64] -> 0xBC23
mem[X,0x0000000080005D66] -> 0x0620
[694] [M]: 0x0000000080005D64 (0x0620BC23) sd sp, 120(ra)
mem[0x000000008004F250] <- 0x0000000000000001
mem[X,0x0000000080005D68] -> 0xB537
mem[X,0x0000000080005D6A] -> 0xAAAA
[695] [M]: 0x0000000080005D68 (0xAAAAB537) lui a0, 699051
x10 <- 0xFFFFFFFFAAAAB000
mem[X,0x0000000080005D6C] -> 0x0513
mem[X,0x0000000080005D6E] -> 0xAAA5
[696] [M]: 0x0000000080005D6C (0xAAA50513) addi a0, a0, 2730
x10 <- 0xFFFFFFFFAAAAAAAA
mem[X,0x0000000080005D70] -> 0x1513
mem[X,0x0000000080005D72] -> 0x00B5
[697] [M]: 0x0000000080005D70 (0x00B51513) slli a0, a0, 11
x10 <- 0xFFFFFD5555555000
mem[X,0x0000000080005D74] -> 0x0513
mem[X,0x0000000080005D76] -> 0x5555
[698] [M]: 0x0000000080005D74 (0x55550513) addi a0, a0, 1365
x10 <- 0xFFFFFD5555555555
mem[X,0x0000000080005D78] -> 0x1513
mem[X,0x0000000080005D7A] -> 0x00B5
[699] [M]: 0x0000000080005D78 (0x00B51513) slli a0, a0, 11
x10 <- 0xFFEAAAAAAAAAA800
clint::tick mtime <- 0x0000000000000007
 clint timer pending at mtime 0x0000000000000007
htif::tick 0x0000000000000000
mem[X,0x0000000080005D7C] -> 0x0513
mem[X,0x0000000080005D7E] -> 0x2AA5
[700] [M]: 0x0000000080005D7C (0x2AA50513) addi a0, a0, 682
x10 <- 0xFFEAAAAAAAAAAAAA
mem[X,0x0000000080005D80] -> 0x1513
mem[X,0x0000000080005D82] -> 0x00A5
[701] [M]: 0x0000000080005D80 (0x00A51513) slli a0, a0, 10
x10 <- 0xAAAAAAAAAAAAA800
mem[X,0x0000000080005D84] -> 0x0513
mem[X,0x0000000080005D86] -> 0x2AB5
[702] [M]: 0x0000000080005D84 (0x2AB50513) addi a0, a0, 683
x10 <- 0xAAAAAAAAAAAAAAAB
mem[X,0x0000000080005D88] -> 0x0593
mem[X,0x0000000080005D8A] -> 0x0010
[703] [M]: 0x0000000080005D88 (0x00100593) addi a1, zero, 1
x11 <- 0x0000000000000001
mem[X,0x0000000080005D8C] -> 0x9593
mem[X,0x0000000080005D8E] -> 0x0215
[704] [M]: 0x0000000080005D8C (0x02159593) slli a1, a1, 33
x11 <- 0x0000000200000000
mem[X,0x0000000080005D90] -> 0x0113
mem[X,0x0000000080005D92] -> 0x0000
[705] [M]: 0x0000000080005D90 (0x00000113) addi sp, zero, 0
x2 <- 0x0000000000000000
mem[X,0x0000000080005D94] -> 0x006F
mem[X,0x0000000080005D96] -> 0x00C0
[706] [M]: 0x0000000080005D94 (0x00C0006F) jal zero, 12
mem[X,0x0000000080005DA0] -> 0x4863
mem[X,0x0000000080005DA2] -> 0x00B5
[707] [M]: 0x0000000080005DA0 (0x00B54863) blt a0, a1, 16
mem[X,0x0000000080005DB0] -> 0x0113
mem[X,0x0000000080005DB2] -> 0x0031
[708] [M]: 0x0000000080005DB0 (0x00310113) addi sp, sp, 3
x2 <- 0x0000000000000003
mem[X,0x0000000080005DB4] -> 0x006F
mem[X,0x0000000080005DB6] -> 0x0040
[709] [M]: 0x0000000080005DB4 (0x0040006F) jal zero, 4
mem[X,0x0000000080005DB8] -> 0xB023
mem[X,0x0000000080005DBA] -> 0x0820
[710] [M]: 0x0000000080005DB8 (0x0820B023) sd sp, 128(ra)
mem[0x000000008004F258] <- 0x0000000000000003
mem[X,0x0000000080005DBC] -> 0x0513
mem[X,0x0000000080005DBE] -> 0x0010
[711] [M]: 0x0000000080005DBC (0x00100513) addi a0, zero, 1
x10 <- 0x0000000000000001
mem[X,0x0000000080005DC0] -> 0x1513
mem[X,0x0000000080005DC2] -> 0x0355
[712] [M]: 0x0000000080005DC0 (0x03551513) slli a0, a0, 53
x10 <- 0x0020000000000000
mem[X,0x0000000080005DC4] -> 0x4513
mem[X,0x0000000080005DC6] -> 0xFFF5
[713] [M]: 0x0000000080005DC4 (0xFFF54513) xori a0, a0, 4095
x10 <- 0xFFDFFFFFFFFFFFFF
mem[X,0x0000000080005DC8] -> 0x0593
mem[X,0x0000000080005DCA] -> 0x0010
[714] [M]: 0x0000000080005DC8 (0x00100593) addi a1, zero, 1
x11 <- 0x0000000000000001
mem[X,0x0000000080005DCC] -> 0x9593
mem[X,0x0000000080005DCE] -> 0x0225
[715] [M]: 0x0000000080005DCC (0x02259593) slli a1, a1, 34
x11 <- 0x0000000400000000
mem[X,0x0000000080005DD0] -> 0x0113
mem[X,0x0000000080005DD2] -> 0x0000
[716] [M]: 0x0000000080005DD0 (0x00000113) addi sp, zero, 0
x2 <- 0x0000000000000000
mem[X,0x0000000080005DD4] -> 0x006F
mem[X,0x0000000080005DD6] -> 0x00C0
[717] [M]: 0x0000000080005DD4 (0x00C0006F) jal zero, 12
mem[X,0x0000000080005DE0] -> 0x4663
mem[X,0x0000000080005DE2] -> 0x00B5
[718] [M]: 0x0000000080005DE0 (0x00B54663) blt a0, a1, 12
mem[X,0x0000000080005DEC] -> 0x0113
mem[X,0x0000000080005DEE] -> 0x0031
[719] [M]: 0x0000000080005DEC (0x00310113) addi sp, sp, 3
x2 <- 0x0000000000000003
mem[X,0x0000000080005DF0] -> 0x006F
mem[X,0x0000000080005DF2] -> 0x0040
[720] [M]: 0x0000000080005DF0 (0x0040006F) jal zero, 4
mem[X,0x0000000080005DF4] -> 0xB423
mem[X,0x0000000080005DF6] -> 0x0820
[721] [M]: 0x0000000080005DF4 (0x0820B423) sd sp, 136(ra)
mem[0x000000008004F260] <- 0x0000000000000003
mem[X,0x0000000080005DF8] -> 0xB537
mem[X,0x0000000080005DFA] -> 0xAAAA
[722] [M]: 0x0000000080005DF8 (0xAAAAB537) lui a0, 699051
x10 <- 0xFFFFFFFFAAAAB000
mem[X,0x0000000080005DFC] -> 0x0513
mem[X,0x0000000080005DFE] -> 0xAAA5
[723] [M]: 0x0000000080005DFC (0xAAA50513) addi a0, a0, 2730
x10 <- 0xFFFFFFFFAAAAAAAA
mem[X,0x0000000080005E00] -> 0x1513
mem[X,0x0000000080005E02] -> 0x00B5
[724] [M]: 0x0000000080005E00 (0x00B51513) slli a0, a0, 11
x10 <- 0xFFFFFD5555555000
mem[X,0x0000000080005E04] -> 0x0513
mem[X,0x0000000080005E06] -> 0x5555
[725] [M]: 0x0000000080005E04 (0x55550513) addi a0, a0, 1365
x10 <- 0xFFFFFD5555555555
mem[X,0x0000000080005E08] -> 0x1513
mem[X,0x0000000080005E0A] -> 0x00B5
[726] [M]: 0x0000000080005E08 (0x00B51513) slli a0, a0, 11
x10 <- 0xFFEAAAAAAAAAA800
mem[X,0x0000000080005E0C] -> 0x0513
mem[X,0x0000000080005E0E] -> 0x2AA5
[727] [M]: 0x0000000080005E0C (0x2AA50513) addi a0, a0, 682
x10 <- 0xFFEAAAAAAAAAAAAA
mem[X,0x0000000080005E10] -> 0x1513
mem[X,0x0000000080005E12] -> 0x00A5
[728] [M]: 0x0000000080005E10 (0x00A51513) slli a0, a0, 10
x10 <- 0xAAAAAAAAAAAAA800
mem[X,0x0000000080005E14] -> 0x0513
mem[X,0x0000000080005E16] -> 0x2AB5
[729] [M]: 0x0000000080005E14 (0x2AB50513) addi a0, a0, 683
x10 <- 0xAAAAAAAAAAAAAAAB
mem[X,0x0000000080005E18] -> 0x0593
mem[X,0x0000000080005E1A] -> 0x0010
[730] [M]: 0x0000000080005E18 (0x00100593) addi a1, zero, 1
x11 <- 0x0000000000000001
mem[X,0x0000000080005E1C] -> 0x9593
mem[X,0x0000000080005E1E] -> 0x0235
[731] [M]: 0x0000000080005E1C (0x02359593) slli a1, a1, 35
x11 <- 0x0000000800000000
mem[X,0x0000000080005E20] -> 0x0113
mem[X,0x0000000080005E22] -> 0x0000
[732] [M]: 0x0000000080005E20 (0x00000113) addi sp, zero, 0
x2 <- 0x0000000000000000
mem[X,0x0000000080005E24] -> 0x006F
mem[X,0x0000000080005E26] -> 0x00C0
[733] [M]: 0x0000000080005E24 (0x00C0006F) jal zero, 12
mem[X,0x0000000080005E30] -> 0x4063
mem[X,0x0000000080005E32] -> 0x10B5
[734] [M]: 0x0000000080005E30 (0x10B54063) blt a0, a1, 256
mem[X,0x0000000080005F30] -> 0x0113
mem[X,0x0000000080005F32] -> 0x0031
[735] [M]: 0x0000000080005F30 (0x00310113) addi sp, sp, 3
x2 <- 0x0000000000000003
mem[X,0x0000000080005F34] -> 0x006F
mem[X,0x0000000080005F36] -> 0x0040
[736] [M]: 0x0000000080005F34 (0x0040006F) jal zero, 4
mem[X,0x0000000080005F38] -> 0xB823
mem[X,0x0000000080005F3A] -> 0x0820
[737] [M]: 0x0000000080005F38 (0x0820B823) sd sp, 144(ra)
mem[0x000000008004F268] <- 0x0000000000000003
mem[X,0x0000000080005F3C] -> 0x0513
mem[X,0x0000000080005F3E] -> 0x0010
[738] [M]: 0x0000000080005F3C (0x00100513) addi a0, zero, 1
x10 <- 0x0000000000000001
mem[X,0x0000000080005F40] -> 0x1513
mem[X,0x0000000080005F42] -> 0x02B5
[739] [M]: 0x0000000080005F40 (0x02B51513) slli a0, a0, 43
x10 <- 0x0000080000000000
mem[X,0x0000000080005F44] -> 0x4513
mem[X,0x0000000080005F46] -> 0xFFF5
[740] [M]: 0x0000000080005F44 (0xFFF54513) xori a0, a0, 4095
x10 <- 0xFFFFF7FFFFFFFFFF
mem[X,0x0000000080005F48] -> 0x0593
mem[X,0x0000000080005F4A] -> 0x0010
[741] [M]: 0x0000000080005F48 (0x00100593) addi a1, zero, 1
x11 <- 0x0000000000000001
mem[X,0x0000000080005F4C] -> 0x9593
mem[X,0x0000000080005F4E] -> 0x0245
[742] [M]: 0x0000000080005F4C (0x02459593) slli a1, a1, 36
x11 <- 0x0000001000000000
mem[X,0x0000000080005F50] -> 0x0113
mem[X,0x0000000080005F52] -> 0x0000
[743] [M]: 0x0000000080005F50 (0x00000113) addi sp, zero, 0
x2 <- 0x0000000000000000
mem[X,0x0000000080005F54] -> 0x006F
mem[X,0x0000000080005F56] -> 0x00C0
[744] [M]: 0x0000000080005F54 (0x00C0006F) jal zero, 12
mem[X,0x0000000080005F60] -> 0x4063
mem[X,0x0000000080005F62] -> 0x40B5
[745] [M]: 0x0000000080005F60 (0x40B54063) blt a0, a1, 1024
mem[X,0x0000000080006360] -> 0x0113
mem[X,0x0000000080006362] -> 0x0031
[746] [M]: 0x0000000080006360 (0x00310113) addi sp, sp, 3
x2 <- 0x0000000000000003
mem[X,0x0000000080006364] -> 0x006F
mem[X,0x0000000080006366] -> 0x0040
[747] [M]: 0x0000000080006364 (0x0040006F) jal zero, 4
mem[X,0x0000000080006368] -> 0xBC23
mem[X,0x000000008000636A] -> 0x0820
[748] [M]: 0x0000000080006368 (0x0820BC23) sd sp, 152(ra)
mem[0x000000008004F270] <- 0x0000000000000003
mem[X,0x000000008000636C] -> 0x0513
mem[X,0x000000008000636E] -> 0x0000
[749] [M]: 0x000000008000636C (0x00000513) addi a0, zero, 0
x10 <- 0x0000000000000000
mem[X,0x0000000080006370] -> 0x0593
mem[X,0x0000000080006372] -> 0x0010
[750] [M]: 0x0000000080006370 (0x00100593) addi a1, zero, 1
x11 <- 0x0000000000000001
mem[X,0x0000000080006374] -> 0x9593
mem[X,0x0000000080006376] -> 0x0255
[751] [M]: 0x0000000080006374 (0x02559593) slli a1, a1, 37
x11 <- 0x0000002000000000
mem[X,0x0000000080006378] -> 0x0113
mem[X,0x000000008000637A] -> 0x0000
[752] [M]: 0x0000000080006378 (0x00000113) addi sp, zero, 0
x2 <- 0x0000000000000000
mem[X,0x000000008000637C] -> 0x006F
mem[X,0x000000008000637E] -> 0x00C0
[753] [M]: 0x000000008000637C (0x00C0006F) jal zero, 12
mem[X,0x0000000080006388] -> 0x4663
mem[X,0x000000008000638A] -> 0x00B5
[754] [M]: 0x0000000080006388 (0x00B54663) blt a0, a1, 12
mem[X,0x0000000080006394] -> 0x0113
mem[X,0x0000000080006396] -> 0x0031
[755] [M]: 0x0000000080006394 (0x00310113) addi sp, sp, 3
x2 <- 0x0000000000000003
mem[X,0x0000000080006398] -> 0x006F
mem[X,0x000000008000639A] -> 0x0040
[756] [M]: 0x0000000080006398 (0x0040006F) jal zero, 4
mem[X,0x000000008000639C] -> 0xB023
mem[X,0x000000008000639E] -> 0x0A20
[757] [M]: 0x000000008000639C (0x0A20B023) sd sp, 160(ra)
mem[0x000000008004F278] <- 0x0000000000000003
mem[X,0x00000000800063A0] -> 0x0513
mem[X,0x00000000800063A2] -> 0x0010
[758] [M]: 0x00000000800063A0 (0x00100513) addi a0, zero, 1
x10 <- 0x0000000000000001
mem[X,0x00000000800063A4] -> 0x1513
mem[X,0x00000000800063A6] -> 0x02E5
[759] [M]: 0x00000000800063A4 (0x02E51513) slli a0, a0, 46
x10 <- 0x0000400000000000
mem[X,0x00000000800063A8] -> 0x4513
mem[X,0x00000000800063AA] -> 0xFFF5
[760] [M]: 0x00000000800063A8 (0xFFF54513) xori a0, a0, 4095
x10 <- 0xFFFFBFFFFFFFFFFF
mem[X,0x00000000800063AC] -> 0x0593
mem[X,0x00000000800063AE] -> 0x0010
[761] [M]: 0x00000000800063AC (0x00100593) addi a1, zero, 1
x11 <- 0x0000000000000001
mem[X,0x00000000800063B0] -> 0x9593
mem[X,0x00000000800063B2] -> 0x0265
[762] [M]: 0x00000000800063B0 (0x02659593) slli a1, a1, 38
x11 <- 0x0000004000000000
mem[X,0x00000000800063B4] -> 0x0113
mem[X,0x00000000800063B6] -> 0x0000
[763] [M]: 0x00000000800063B4 (0x00000113) addi sp, zero, 0
x2 <- 0x0000000000000000
mem[X,0x00000000800063B8] -> 0x006F
mem[X,0x00000000800063BA] -> 0x2B10
[764] [M]: 0x00000000800063B8 (0x2B10006F) jal zero, 2736
mem[X,0x0000000080006E68] -> 0x4A63
mem[X,0x0000000080006E6A] -> 0xD4B5
[765] [M]: 0x0000000080006E68 (0xD4B54A63) blt a0, a1, 5460
mem[X,0x00000000800063BC] -> 0x0113
mem[X,0x00000000800063BE] -> 0x0011
[766] [M]: 0x00000000800063BC (0x00110113) addi sp, sp, 1
x2 <- 0x0000000000000001
mem[X,0x00000000800063C0] -> 0x006F
mem[X,0x00000000800063C2] -> 0x2BD0
[767] [M]: 0x00000000800063C0 (0x2BD0006F) jal zero, 2748
mem[X,0x0000000080006E7C] -> 0xB423
mem[X,0x0000000080006E7E] -> 0x0A20
[768] [M]: 0x0000000080006E7C (0x0A20B423) sd sp, 168(ra)
mem[0x000000008004F280] <- 0x0000000000000001
mem[X,0x0000000080006E80] -> 0x0513
mem[X,0x0000000080006E82] -> 0x0010
[769] [M]: 0x0000000080006E80 (0x00100513) addi a0, zero, 1
x10 <- 0x0000000000000001
mem[X,0x0000000080006E84] -> 0x1513
mem[X,0x0000000080006E86] -> 0x0155
[770] [M]: 0x0000000080006E84 (0x01551513) slli a0, a0, 21
x10 <- 0x0000000000200000
mem[X,0x0000000080006E88] -> 0x0593
mem[X,0x0000000080006E8A] -> 0x0010
[771] [M]: 0x0000000080006E88 (0x00100593) addi a1, zero, 1
x11 <- 0x0000000000000001
mem[X,0x0000000080006E8C] -> 0x9593
mem[X,0x0000000080006E8E] -> 0x0275
[772] [M]: 0x0000000080006E8C (0x02759593) slli a1, a1, 39
x11 <- 0x0000008000000000
mem[X,0x0000000080006E90] -> 0x0113
mem[X,0x0000000080006E92] -> 0x0000
[773] [M]: 0x0000000080006E90 (0x00000113) addi sp, zero, 0
x2 <- 0x0000000000000000
mem[X,0x0000000080006E94] -> 0x006F
mem[X,0x0000000080006E96] -> 0x00C0
[774] [M]: 0x0000000080006E94 (0x00C0006F) jal zero, 12
mem[X,0x0000000080006EA0] -> 0x4CE3
mem[X,0x0000000080006EA2] -> 0xFEB5
[775] [M]: 0x0000000080006EA0 (0xFEB54CE3) blt a0, a1, 8184
mem[X,0x0000000080006E98] -> 0x0113
mem[X,0x0000000080006E9A] -> 0x0011
[776] [M]: 0x0000000080006E98 (0x00110113) addi sp, sp, 1
x2 <- 0x0000000000000001
mem[X,0x0000000080006E9C] -> 0x006F
mem[X,0x0000000080006E9E] -> 0x0180
[777] [M]: 0x0000000080006E9C (0x0180006F) jal zero, 24
mem[X,0x0000000080006EB4] -> 0xB823
mem[X,0x0000000080006EB6] -> 0x0A20
[778] [M]: 0x0000000080006EB4 (0x0A20B823) sd sp, 176(ra)
mem[0x000000008004F288] <- 0x0000000000000001
mem[X,0x0000000080006EB8] -> 0x0513
mem[X,0x0000000080006EBA] -> 0x0400
[779] [M]: 0x0000000080006EB8 (0x04000513) addi a0, zero, 64
x10 <- 0x0000000000000040
mem[X,0x0000000080006EBC] -> 0x0593
mem[X,0x0000000080006EBE] -> 0x0010
[780] [M]: 0x0000000080006EBC (0x00100593) addi a1, zero, 1
x11 <- 0x0000000000000001
mem[X,0x0000000080006EC0] -> 0x9593
mem[X,0x0000000080006EC2] -> 0x0285
[781] [M]: 0x0000000080006EC0 (0x02859593) slli a1, a1, 40
x11 <- 0x0000010000000000
mem[X,0x0000000080006EC4] -> 0x0113
mem[X,0x0000000080006EC6] -> 0x0000
[782] [M]: 0x0000000080006EC4 (0x00000113) addi sp, zero, 0
x2 <- 0x0000000000000000
mem[X,0x0000000080006EC8] -> 0x006F
mem[X,0x0000000080006ECA] -> 0x0100
[783] [M]: 0x0000000080006EC8 (0x0100006F) jal zero, 16
mem[X,0x0000000080006ED8] -> 0x4AE3
mem[X,0x0000000080006EDA] -> 0xFEB5
[784] [M]: 0x0000000080006ED8 (0xFEB54AE3) blt a0, a1, 8180
mem[X,0x0000000080006ECC] -> 0x0113
mem[X,0x0000000080006ECE] -> 0x0011
[785] [M]: 0x0000000080006ECC (0x00110113) addi sp, sp, 1
x2 <- 0x0000000000000001
mem[X,0x0000000080006ED0] -> 0x006F
mem[X,0x0000000080006ED2] -> 0x01C0
[786] [M]: 0x0000000080006ED0 (0x01C0006F) jal zero, 28
mem[X,0x0000000080006EEC] -> 0xBC23
mem[X,0x0000000080006EEE] -> 0x0A20
[787] [M]: 0x0000000080006EEC (0x0A20BC23) sd sp, 184(ra)
mem[0x000000008004F290] <- 0x0000000000000001
mem[X,0x0000000080006EF0] -> 0x0513
mem[X,0x0000000080006EF2] -> 0x0010
[788] [M]: 0x0000000080006EF0 (0x00100513) addi a0, zero, 1
x10 <- 0x0000000000000001
mem[X,0x0000000080006EF4] -> 0x1513
mem[X,0x0000000080006EF6] -> 0x0295
[789] [M]: 0x0000000080006EF4 (0x02951513) slli a0, a0, 41
x10 <- 0x0000020000000000
mem[X,0x0000000080006EF8] -> 0x4513
mem[X,0x0000000080006EFA] -> 0xFFF5
[790] [M]: 0x0000000080006EF8 (0xFFF54513) xori a0, a0, 4095
x10 <- 0xFFFFFDFFFFFFFFFF
mem[X,0x0000000080006EFC] -> 0x0593
mem[X,0x0000000080006EFE] -> 0x0010
[791] [M]: 0x0000000080006EFC (0x00100593) addi a1, zero, 1
x11 <- 0x0000000000000001
mem[X,0x0000000080006F00] -> 0x9593
mem[X,0x0000000080006F02] -> 0x0295
[792] [M]: 0x0000000080006F00 (0x02959593) slli a1, a1, 41
x11 <- 0x0000020000000000
mem[X,0x0000000080006F04] -> 0x0113
mem[X,0x0000000080006F06] -> 0x0000
[793] [M]: 0x0000000080006F04 (0x00000113) addi sp, zero, 0
x2 <- 0x0000000000000000
mem[X,0x0000000080006F08] -> 0x006F
mem[X,0x0000000080006F0A] -> 0x0180
[794] [M]: 0x0000000080006F08 (0x0180006F) jal zero, 24
mem[X,0x0000000080006F20] -> 0x46E3
mem[X,0x0000000080006F22] -> 0xFEB5
[795] [M]: 0x0000000080006F20 (0xFEB546E3) blt a0, a1, 8172
mem[X,0x0000000080006F0C] -> 0x0113
mem[X,0x0000000080006F0E] -> 0x0011
[796] [M]: 0x0000000080006F0C (0x00110113) addi sp, sp, 1
x2 <- 0x0000000000000001
mem[X,0x0000000080006F10] -> 0x006F
mem[X,0x0000000080006F12] -> 0x0240
[797] [M]: 0x0000000080006F10 (0x0240006F) jal zero, 36
mem[X,0x0000000080006F34] -> 0xB023
mem[X,0x0000000080006F36] -> 0x0C20
[798] [M]: 0x0000000080006F34 (0x0C20B023) sd sp, 192(ra)
mem[0x000000008004F298] <- 0x0000000000000001
mem[X,0x0000000080006F38] -> 0x0513
mem[X,0x0000000080006F3A] -> 0x0010
[799] [M]: 0x0000000080006F38 (0x00100513) addi a0, zero, 1
x10 <- 0x0000000000000001
clint::tick mtime <- 0x0000000000000008
 clint timer pending at mtime 0x0000000000000008
htif::tick 0x0000000000000000
mem[X,0x0000000080006F3C] -> 0x1513
mem[X,0x0000000080006F3E] -> 0x03B5
[800] [M]: 0x0000000080006F3C (0x03B51513) slli a0, a0, 59
x10 <- 0x0800000000000000
mem[X,0x0000000080006F40] -> 0x0593
mem[X,0x0000000080006F42] -> 0x0010
[801] [M]: 0x0000000080006F40 (0x00100593) addi a1, zero, 1
x11 <- 0x0000000000000001
mem[X,0x0000000080006F44] -> 0x9593
mem[X,0x0000000080006F46] -> 0x02A5
[802] [M]: 0x0000000080006F44 (0x02A59593) slli a1, a1, 42
x11 <- 0x0000040000000000
mem[X,0x0000000080006F48] -> 0x0113
mem[X,0x0000000080006F4A] -> 0x0000
[803] [M]: 0x0000000080006F48 (0x00000113) addi sp, zero, 0
x2 <- 0x0000000000000000
mem[X,0x0000000080006F4C] -> 0x006F
mem[X,0x0000000080006F4E] -> 0x00C0
[804] [M]: 0x0000000080006F4C (0x00C0006F) jal zero, 12
mem[X,0x0000000080006F58] -> 0x4063
mem[X,0x0000000080006F5A] -> 0x02B5
[805] [M]: 0x0000000080006F58 (0x02B54063) blt a0, a1, 32
mem[X,0x0000000080006F5C] -> 0x0113
mem[X,0x0000000080006F5E] -> 0x0021
[806] [M]: 0x0000000080006F5C (0x00210113) addi sp, sp, 2
x2 <- 0x0000000000000002
mem[X,0x0000000080006F60] -> 0x006F
mem[X,0x0000000080006F62] -> 0x0200
[807] [M]: 0x0000000080006F60 (0x0200006F) jal zero, 32
mem[X,0x0000000080006F80] -> 0xB423
mem[X,0x0000000080006F82] -> 0x0C20
[808] [M]: 0x0000000080006F80 (0x0C20B423) sd sp, 200(ra)
mem[0x000000008004F2A0] <- 0x0000000000000002
mem[X,0x0000000080006F84] -> 0x0513
mem[X,0x0000000080006F86] -> 0x0010
[809] [M]: 0x0000000080006F84 (0x00100513) addi a0, zero, 1
x10 <- 0x0000000000000001
mem[X,0x0000000080006F88] -> 0x1513
mem[X,0x0000000080006F8A] -> 0x0235
[810] [M]: 0x0000000080006F88 (0x02351513) slli a0, a0, 35
x10 <- 0x0000000800000000
mem[X,0x0000000080006F8C] -> 0x4513
mem[X,0x0000000080006F8E] -> 0xFFF5
[811] [M]: 0x0000000080006F8C (0xFFF54513) xori a0, a0, 4095
x10 <- 0xFFFFFFF7FFFFFFFF
mem[X,0x0000000080006F90] -> 0x0593
mem[X,0x0000000080006F92] -> 0x0010
[812] [M]: 0x0000000080006F90 (0x00100593) addi a1, zero, 1
x11 <- 0x0000000000000001
mem[X,0x0000000080006F94] -> 0x9593
mem[X,0x0000000080006F96] -> 0x02B5
[813] [M]: 0x0000000080006F94 (0x02B59593) slli a1, a1, 43
x11 <- 0x0000080000000000
mem[X,0x0000000080006F98] -> 0x0113
mem[X,0x0000000080006F9A] -> 0x0000
[814] [M]: 0x0000000080006F98 (0x00000113) addi sp, zero, 0
x2 <- 0x0000000000000000
mem[X,0x0000000080006F9C] -> 0x006F
mem[X,0x0000000080006F9E] -> 0x00C0
[815] [M]: 0x0000000080006F9C (0x00C0006F) jal zero, 12
mem[X,0x0000000080006FA8] -> 0x4CE3
mem[X,0x0000000080006FAA] -> 0xFEB5
[816] [M]: 0x0000000080006FA8 (0xFEB54CE3) blt a0, a1, 8184
mem[X,0x0000000080006FA0] -> 0x0113
mem[X,0x0000000080006FA2] -> 0x0011
[817] [M]: 0x0000000080006FA0 (0x00110113) addi sp, sp, 1
x2 <- 0x0000000000000001
mem[X,0x0000000080006FA4] -> 0x006F
mem[X,0x0000000080006FA6] -> 0x0180
[818] [M]: 0x0000000080006FA4 (0x0180006F) jal zero, 24
mem[X,0x0000000080006FBC] -> 0xB823
mem[X,0x0000000080006FBE] -> 0x0C20
[819] [M]: 0x0000000080006FBC (0x0C20B823) sd sp, 208(ra)
mem[0x000000008004F2A8] <- 0x0000000000000001
mem[X,0x0000000080006FC0] -> 0x0513
mem[X,0x0000000080006FC2] -> 0x0010
[820] [M]: 0x0000000080006FC0 (0x00100513) addi a0, zero, 1
x10 <- 0x0000000000000001
mem[X,0x0000000080006FC4] -> 0x1513
mem[X,0x0000000080006FC6] -> 0x0185
[821] [M]: 0x0000000080006FC4 (0x01851513) slli a0, a0, 24
x10 <- 0x0000000001000000
mem[X,0x0000000080006FC8] -> 0x4513
mem[X,0x0000000080006FCA] -> 0xFFF5
[822] [M]: 0x0000000080006FC8 (0xFFF54513) xori a0, a0, 4095
x10 <- 0xFFFFFFFFFEFFFFFF
mem[X,0x0000000080006FCC] -> 0x0593
mem[X,0x0000000080006FCE] -> 0x0010
[823] [M]: 0x0000000080006FCC (0x00100593) addi a1, zero, 1
x11 <- 0x0000000000000001
mem[X,0x0000000080006FD0] -> 0x9593
mem[X,0x0000000080006FD2] -> 0x02C5
[824] [M]: 0x0000000080006FD0 (0x02C59593) slli a1, a1, 44
x11 <- 0x0000100000000000
mem[X,0x0000000080006FD4] -> 0x0113
mem[X,0x0000000080006FD6] -> 0x0000
[825] [M]: 0x0000000080006FD4 (0x00000113) addi sp, zero, 0
x2 <- 0x0000000000000000
mem[X,0x0000000080006FD8] -> 0x006F
mem[X,0x0000000080006FDA] -> 0x0050
[826] [M]: 0x0000000080006FD8 (0x0050006F) jal zero, 2052
mem[X,0x00000000800077DC] -> 0x40E3
mem[X,0x00000000800077DE] -> 0x80B5
[827] [M]: 0x00000000800077DC (0x80B540E3) blt a0, a1, 6144
mem[X,0x0000000080006FDC] -> 0x0113
mem[X,0x0000000080006FDE] -> 0x0011
[828] [M]: 0x0000000080006FDC (0x00110113) addi sp, sp, 1
x2 <- 0x0000000000000001
mem[X,0x0000000080006FE0] -> 0x006F
mem[X,0x0000000080006FE2] -> 0x0110
[829] [M]: 0x0000000080006FE0 (0x0110006F) jal zero, 2064
mem[X,0x00000000800077F0] -> 0xBC23
mem[X,0x00000000800077F2] -> 0x0C20
[830] [M]: 0x00000000800077F0 (0x0C20BC23) sd sp, 216(ra)
mem[0x000000008004F2B0] <- 0x0000000000000001
mem[X,0x00000000800077F4] -> 0x0513
mem[X,0x00000000800077F6] -> 0x0010
[831] [M]: 0x00000000800077F4 (0x00100513) addi a0, zero, 1
x10 <- 0x0000000000000001
mem[X,0x00000000800077F8] -> 0x1513
mem[X,0x00000000800077FA] -> 0x0305
[832] [M]: 0x00000000800077F8 (0x03051513) slli a0, a0, 48
x10 <- 0x0001000000000000
mem[X,0x00000000800077FC] -> 0x4513
mem[X,0x00000000800077FE] -> 0xFFF5
[833] [M]: 0x00000000800077FC (0xFFF54513) xori a0, a0, 4095
x10 <- 0xFFFEFFFFFFFFFFFF
mem[X,0x0000000080007800] -> 0x0593
mem[X,0x0000000080007802] -> 0x0010
[834] [M]: 0x0000000080007800 (0x00100593) addi a1, zero, 1
x11 <- 0x0000000000000001
mem[X,0x0000000080007804] -> 0x9593
mem[X,0x0000000080007806] -> 0x02D5
[835] [M]: 0x0000000080007804 (0x02D59593) slli a1, a1, 45
x11 <- 0x0000200000000000
mem[X,0x0000000080007808] -> 0x0113
mem[X,0x000000008000780A] -> 0x0000
[836] [M]: 0x0000000080007808 (0x00000113) addi sp, zero, 0
x2 <- 0x0000000000000000
mem[X,0x000000008000780C] -> 0x006F
mem[X,0x000000008000780E] -> 0x00C0
[837] [M]: 0x000000008000780C (0x00C0006F) jal zero, 12
mem[X,0x0000000080007818] -> 0x4063
mem[X,0x000000008000781A] -> 0x02B5
[838] [M]: 0x0000000080007818 (0x02B54063) blt a0, a1, 32
mem[X,0x0000000080007838] -> 0x0113
mem[X,0x000000008000783A] -> 0x0031
[839] [M]: 0x0000000080007838 (0x00310113) addi sp, sp, 3
x2 <- 0x0000000000000003
mem[X,0x000000008000783C] -> 0x006F
mem[X,0x000000008000783E] -> 0x0040
[840] [M]: 0x000000008000783C (0x0040006F) jal zero, 4
mem[X,0x0000000080007840] -> 0xB023
mem[X,0x0000000080007842] -> 0x0E20
[841] [M]: 0x0000000080007840 (0x0E20B023) sd sp, 224(ra)
mem[0x000000008004F2B8] <- 0x0000000000000003
mem[X,0x0000000080007844] -> 0x0513
mem[X,0x0000000080007846] -> 0x0010
[842] [M]: 0x0000000080007844 (0x00100513) addi a0, zero, 1
x10 <- 0x0000000000000001
mem[X,0x0000000080007848] -> 0x1513
mem[X,0x000000008000784A] -> 0x01C5
[843] [M]: 0x0000000080007848 (0x01C51513) slli a0, a0, 28
x10 <- 0x0000000010000000
mem[X,0x000000008000784C] -> 0x4513
mem[X,0x000000008000784E] -> 0xFFF5
[844] [M]: 0x000000008000784C (0xFFF54513) xori a0, a0, 4095
x10 <- 0xFFFFFFFFEFFFFFFF
mem[X,0x0000000080007850] -> 0x0593
mem[X,0x0000000080007852] -> 0x0010
[845] [M]: 0x0000000080007850 (0x00100593) addi a1, zero, 1
x11 <- 0x0000000000000001
mem[X,0x0000000080007854] -> 0x9593
mem[X,0x0000000080007856] -> 0x02E5
[846] [M]: 0x0000000080007854 (0x02E59593) slli a1, a1, 46
x11 <- 0x0000400000000000
mem[X,0x0000000080007858] -> 0x0113
mem[X,0x000000008000785A] -> 0x0000
[847] [M]: 0x0000000080007858 (0x00000113) addi sp, zero, 0
x2 <- 0x0000000000000000
mem[X,0x000000008000785C] -> 0x006F
mem[X,0x000000008000785E] -> 0x0100
[848] [M]: 0x000000008000785C (0x0100006F) jal zero, 16
mem[X,0x000000008000786C] -> 0x4AE3
mem[X,0x000000008000786E] -> 0xFEB5
[849] [M]: 0x000000008000786C (0xFEB54AE3) blt a0, a1, 8180
mem[X,0x0000000080007860] -> 0x0113
mem[X,0x0000000080007862] -> 0x0011
[850] [M]: 0x0000000080007860 (0x00110113) addi sp, sp, 1
x2 <- 0x0000000000000001
mem[X,0x0000000080007864] -> 0x006F
mem[X,0x0000000080007866] -> 0x01C0
[851] [M]: 0x0000000080007864 (0x01C0006F) jal zero, 28
mem[X,0x0000000080007880] -> 0xB423
mem[X,0x0000000080007882] -> 0x0E20
[852] [M]: 0x0000000080007880 (0x0E20B423) sd sp, 232(ra)
mem[0x000000008004F2C0] <- 0x0000000000000001
mem[X,0x0000000080007884] -> 0x0513
mem[X,0x0000000080007886] -> 0x0010
[853] [M]: 0x0000000080007884 (0x00100513) addi a0, zero, 1
x10 <- 0x0000000000000001
mem[X,0x0000000080007888] -> 0x1513
mem[X,0x000000008000788A] -> 0x02E5
[854] [M]: 0x0000000080007888 (0x02E51513) slli a0, a0, 46
x10 <- 0x0000400000000000
mem[X,0x000000008000788C] -> 0x0593
mem[X,0x000000008000788E] -> 0x0010
[855] [M]: 0x000000008000788C (0x00100593) addi a1, zero, 1
x11 <- 0x0000000000000001
mem[X,0x0000000080007890] -> 0x9593
mem[X,0x0000000080007892] -> 0x02F5
[856] [M]: 0x0000000080007890 (0x02F59593) slli a1, a1, 47
x11 <- 0x0000800000000000
mem[X,0x0000000080007894] -> 0x0113
mem[X,0x0000000080007896] -> 0x0000
[857] [M]: 0x0000000080007894 (0x00000113) addi sp, zero, 0
x2 <- 0x0000000000000000
mem[X,0x0000000080007898] -> 0x006F
mem[X,0x000000008000789A] -> 0x00C0
[858] [M]: 0x0000000080007898 (0x00C0006F) jal zero, 12
mem[X,0x00000000800078A4] -> 0x4663
mem[X,0x00000000800078A6] -> 0x00B5
[859] [M]: 0x00000000800078A4 (0x00B54663) blt a0, a1, 12
mem[X,0x00000000800078B0] -> 0x0113
mem[X,0x00000000800078B2] -> 0x0031
[860] [M]: 0x00000000800078B0 (0x00310113) addi sp, sp, 3
x2 <- 0x0000000000000003
mem[X,0x00000000800078B4] -> 0x006F
mem[X,0x00000000800078B6] -> 0x0040
[861] [M]: 0x00000000800078B4 (0x0040006F) jal zero, 4
mem[X,0x00000000800078B8] -> 0xB823
mem[X,0x00000000800078BA] -> 0x0E20
[862] [M]: 0x00000000800078B8 (0x0E20B823) sd sp, 240(ra)
mem[0x000000008004F2C8] <- 0x0000000000000003
mem[X,0x00000000800078BC] -> 0x0513
mem[X,0x00000000800078BE] -> 0x0010
[863] [M]: 0x00000000800078BC (0x00100513) addi a0, zero, 1
x10 <- 0x0000000000000001
mem[X,0x00000000800078C0] -> 0x1513
mem[X,0x00000000800078C2] -> 0x03D5
[864] [M]: 0x00000000800078C0 (0x03D51513) slli a0, a0, 61
x10 <- 0x2000000000000000
mem[X,0x00000000800078C4] -> 0x0593
mem[X,0x00000000800078C6] -> 0x0010
[865] [M]: 0x00000000800078C4 (0x00100593) addi a1, zero, 1
x11 <- 0x0000000000000001
mem[X,0x00000000800078C8] -> 0x9593
mem[X,0x00000000800078CA] -> 0x0305
[866] [M]: 0x00000000800078C8 (0x03059593) slli a1, a1, 48
x11 <- 0x0001000000000000
mem[X,0x00000000800078CC] -> 0x0113
mem[X,0x00000000800078CE] -> 0x0000
[867] [M]: 0x00000000800078CC (0x00000113) addi sp, zero, 0
x2 <- 0x0000000000000000
mem[X,0x00000000800078D0] -> 0x006F
mem[X,0x00000000800078D2] -> 0x00C0
[868] [M]: 0x00000000800078D0 (0x00C0006F) jal zero, 12
mem[X,0x00000000800078DC] -> 0x4CE3
mem[X,0x00000000800078DE] -> 0xFEB5
[869] [M]: 0x00000000800078DC (0xFEB54CE3) blt a0, a1, 8184
mem[X,0x00000000800078E0] -> 0x0113
mem[X,0x00000000800078E2] -> 0x0021
[870] [M]: 0x00000000800078E0 (0x00210113) addi sp, sp, 2
x2 <- 0x0000000000000002
mem[X,0x00000000800078E4] -> 0x006F
mem[X,0x00000000800078E6] -> 0x00C0
[871] [M]: 0x00000000800078E4 (0x00C0006F) jal zero, 12
mem[X,0x00000000800078F0] -> 0xBC23
mem[X,0x00000000800078F2] -> 0x0E20
[872] [M]: 0x00000000800078F0 (0x0E20BC23) sd sp, 248(ra)
mem[0x000000008004F2D0] <- 0x0000000000000002
mem[X,0x00000000800078F4] -> 0x0513
mem[X,0x00000000800078F6] -> 0x0010
[873] [M]: 0x00000000800078F4 (0x00100513) addi a0, zero, 1
x10 <- 0x0000000000000001
mem[X,0x00000000800078F8] -> 0x1513
mem[X,0x00000000800078FA] -> 0x0115
[874] [M]: 0x00000000800078F8 (0x01151513) slli a0, a0, 17
x10 <- 0x0000000000020000
mem[X,0x00000000800078FC] -> 0x4513
mem[X,0x00000000800078FE] -> 0xFFF5
[875] [M]: 0x00000000800078FC (0xFFF54513) xori a0, a0, 4095
x10 <- 0xFFFFFFFFFFFDFFFF
mem[X,0x0000000080007900] -> 0x0593
mem[X,0x0000000080007902] -> 0x0010
[876] [M]: 0x0000000080007900 (0x00100593) addi a1, zero, 1
x11 <- 0x0000000000000001
mem[X,0x0000000080007904] -> 0x9593
mem[X,0x0000000080007906] -> 0x0315
[877] [M]: 0x0000000080007904 (0x03159593) slli a1, a1, 49
x11 <- 0x0002000000000000
mem[X,0x0000000080007908] -> 0x0113
mem[X,0x000000008000790A] -> 0x0000
[878] [M]: 0x0000000080007908 (0x00000113) addi sp, zero, 0
x2 <- 0x0000000000000000
mem[X,0x000000008000790C] -> 0x006F
mem[X,0x000000008000790E] -> 0x00C0
[879] [M]: 0x000000008000790C (0x00C0006F) jal zero, 12
mem[X,0x0000000080007918] -> 0x4063
mem[X,0x000000008000791A] -> 0x10B5
[880] [M]: 0x0000000080007918 (0x10B54063) blt a0, a1, 256
mem[X,0x0000000080007A18] -> 0x0113
mem[X,0x0000000080007A1A] -> 0x0031
[881] [M]: 0x0000000080007A18 (0x00310113) addi sp, sp, 3
x2 <- 0x0000000000000003
mem[X,0x0000000080007A1C] -> 0x006F
mem[X,0x0000000080007A1E] -> 0x0040
[882] [M]: 0x0000000080007A1C (0x0040006F) jal zero, 4
mem[X,0x0000000080007A20] -> 0xB023
mem[X,0x0000000080007A22] -> 0x1020
[883] [M]: 0x0000000080007A20 (0x1020B023) sd sp, 256(ra)
mem[0x000000008004F2D8] <- 0x0000000000000003
mem[X,0x0000000080007A24] -> 0x0513
mem[X,0x0000000080007A26] -> 0x0010
[884] [M]: 0x0000000080007A24 (0x00100513) addi a0, zero, 1
x10 <- 0x0000000000000001
mem[X,0x0000000080007A28] -> 0x1513
mem[X,0x0000000080007A2A] -> 0x0245
[885] [M]: 0x0000000080007A28 (0x02451513) slli a0, a0, 36
x10 <- 0x0000001000000000
mem[X,0x0000000080007A2C] -> 0x4513
mem[X,0x0000000080007A2E] -> 0xFFF5
[886] [M]: 0x0000000080007A2C (0xFFF54513) xori a0, a0, 4095
x10 <- 0xFFFFFFEFFFFFFFFF
mem[X,0x0000000080007A30] -> 0x0593
mem[X,0x0000000080007A32] -> 0x0010
[887] [M]: 0x0000000080007A30 (0x00100593) addi a1, zero, 1
x11 <- 0x0000000000000001
mem[X,0x0000000080007A34] -> 0x9593
mem[X,0x0000000080007A36] -> 0x0325
[888] [M]: 0x0000000080007A34 (0x03259593) slli a1, a1, 50
x11 <- 0x0004000000000000
mem[X,0x0000000080007A38] -> 0x0113
mem[X,0x0000000080007A3A] -> 0x0000
[889] [M]: 0x0000000080007A38 (0x00000113) addi sp, zero, 0
x2 <- 0x0000000000000000
mem[X,0x0000000080007A3C] -> 0x006F
mem[X,0x0000000080007A3E] -> 0x00C0
[890] [M]: 0x0000000080007A3C (0x00C0006F) jal zero, 12
mem[X,0x0000000080007A48] -> 0x4663
mem[X,0x0000000080007A4A] -> 0x00B5
[891] [M]: 0x0000000080007A48 (0x00B54663) blt a0, a1, 12
mem[X,0x0000000080007A54] -> 0x0113
mem[X,0x0000000080007A56] -> 0x0031
[892] [M]: 0x0000000080007A54 (0x00310113) addi sp, sp, 3
x2 <- 0x0000000000000003
mem[X,0x0000000080007A58] -> 0x006F
mem[X,0x0000000080007A5A] -> 0x0040
[893] [M]: 0x0000000080007A58 (0x0040006F) jal zero, 4
mem[X,0x0000000080007A5C] -> 0xB423
mem[X,0x0000000080007A5E] -> 0x1020
[894] [M]: 0x0000000080007A5C (0x1020B423) sd sp, 264(ra)
mem[0x000000008004F2E0] <- 0x0000000000000003
mem[X,0x0000000080007A60] -> 0x0513
mem[X,0x0000000080007A62] -> 0x0400
[895] [M]: 0x0000000080007A60 (0x04000513) addi a0, zero, 64
x10 <- 0x0000000000000040
mem[X,0x0000000080007A64] -> 0x0593
mem[X,0x0000000080007A66] -> 0x0010
[896] [M]: 0x0000000080007A64 (0x00100593) addi a1, zero, 1
x11 <- 0x0000000000000001
mem[X,0x0000000080007A68] -> 0x9593
mem[X,0x0000000080007A6A] -> 0x0335
[897] [M]: 0x0000000080007A68 (0x03359593) slli a1, a1, 51
x11 <- 0x0008000000000000
mem[X,0x0000000080007A6C] -> 0x0113
mem[X,0x0000000080007A6E] -> 0x0000
[898] [M]: 0x0000000080007A6C (0x00000113) addi sp, zero, 0
x2 <- 0x0000000000000000
mem[X,0x0000000080007A70] -> 0x006F
mem[X,0x0000000080007A72] -> 0x00C0
[899] [M]: 0x0000000080007A70 (0x00C0006F) jal zero, 12
clint::tick mtime <- 0x0000000000000009
 clint timer pending at mtime 0x0000000000000009
htif::tick 0x0000000000000000
mem[X,0x0000000080007A7C] -> 0x4663
mem[X,0x0000000080007A7E] -> 0x00B5
[900] [M]: 0x0000000080007A7C (0x00B54663) blt a0, a1, 12
mem[X,0x0000000080007A88] -> 0x0113
mem[X,0x0000000080007A8A] -> 0x0031
[901] [M]: 0x0000000080007A88 (0x00310113) addi sp, sp, 3
x2 <- 0x0000000000000003
mem[X,0x0000000080007A8C] -> 0x006F
mem[X,0x0000000080007A8E] -> 0x0040
[902] [M]: 0x0000000080007A8C (0x0040006F) jal zero, 4
mem[X,0x0000000080007A90] -> 0xB823
mem[X,0x0000000080007A92] -> 0x1020
[903] [M]: 0x0000000080007A90 (0x1020B823) sd sp, 272(ra)
mem[0x000000008004F2E8] <- 0x0000000000000003
mem[X,0x0000000080007A94] -> 0x0513
mem[X,0x0000000080007A96] -> 0x0010
[904] [M]: 0x0000000080007A94 (0x00100513) addi a0, zero, 1
x10 <- 0x0000000000000001
mem[X,0x0000000080007A98] -> 0x1513
mem[X,0x0000000080007A9A] -> 0x0275
[905] [M]: 0x0000000080007A98 (0x02751513) slli a0, a0, 39
x10 <- 0x0000008000000000
mem[X,0x0000000080007A9C] -> 0x0593
mem[X,0x0000000080007A9E] -> 0x0010
[906] [M]: 0x0000000080007A9C (0x00100593) addi a1, zero, 1
x11 <- 0x0000000000000001
mem[X,0x0000000080007AA0] -> 0x9593
mem[X,0x0000000080007AA2] -> 0x0345
[907] [M]: 0x0000000080007AA0 (0x03459593) slli a1, a1, 52
x11 <- 0x0010000000000000
mem[X,0x0000000080007AA4] -> 0x0113
mem[X,0x0000000080007AA6] -> 0x0000
[908] [M]: 0x0000000080007AA4 (0x00000113) addi sp, zero, 0
x2 <- 0x0000000000000000
mem[X,0x0000000080007AA8] -> 0x006F
mem[X,0x0000000080007AAA] -> 0x00C0
[909] [M]: 0x0000000080007AA8 (0x00C0006F) jal zero, 12
mem[X,0x0000000080007AB4] -> 0x4063
mem[X,0x0000000080007AB6] -> 0x10B5
[910] [M]: 0x0000000080007AB4 (0x10B54063) blt a0, a1, 256
mem[X,0x0000000080007BB4] -> 0x0113
mem[X,0x0000000080007BB6] -> 0x0031
[911] [M]: 0x0000000080007BB4 (0x00310113) addi sp, sp, 3
x2 <- 0x0000000000000003
mem[X,0x0000000080007BB8] -> 0x006F
mem[X,0x0000000080007BBA] -> 0x0040
[912] [M]: 0x0000000080007BB8 (0x0040006F) jal zero, 4
mem[X,0x0000000080007BBC] -> 0xBC23
mem[X,0x0000000080007BBE] -> 0x1020
[913] [M]: 0x0000000080007BBC (0x1020BC23) sd sp, 280(ra)
mem[0x000000008004F2F0] <- 0x0000000000000003
mem[X,0x0000000080007BC0] -> 0x0513
mem[X,0x0000000080007BC2] -> 0xFBF0
[914] [M]: 0x0000000080007BC0 (0xFBF00513) addi a0, zero, 4031
x10 <- 0xFFFFFFFFFFFFFFBF
mem[X,0x0000000080007BC4] -> 0x0593
mem[X,0x0000000080007BC6] -> 0x0010
[915] [M]: 0x0000000080007BC4 (0x00100593) addi a1, zero, 1
x11 <- 0x0000000000000001
mem[X,0x0000000080007BC8] -> 0x9593
mem[X,0x0000000080007BCA] -> 0x0355
[916] [M]: 0x0000000080007BC8 (0x03559593) slli a1, a1, 53
x11 <- 0x0020000000000000
mem[X,0x0000000080007BCC] -> 0x0113
mem[X,0x0000000080007BCE] -> 0x0000
[917] [M]: 0x0000000080007BCC (0x00000113) addi sp, zero, 0
x2 <- 0x0000000000000000
mem[X,0x0000000080007BD0] -> 0x006F
mem[X,0x0000000080007BD2] -> 0x00C0
[918] [M]: 0x0000000080007BD0 (0x00C0006F) jal zero, 12
mem[X,0x0000000080007BDC] -> 0x4063
mem[X,0x0000000080007BDE] -> 0x40B5
[919] [M]: 0x0000000080007BDC (0x40B54063) blt a0, a1, 1024
mem[X,0x0000000080007FDC] -> 0x0113
mem[X,0x0000000080007FDE] -> 0x0031
[920] [M]: 0x0000000080007FDC (0x00310113) addi sp, sp, 3
x2 <- 0x0000000000000003
mem[X,0x0000000080007FE0] -> 0x006F
mem[X,0x0000000080007FE2] -> 0x0040
[921] [M]: 0x0000000080007FE0 (0x0040006F) jal zero, 4
mem[X,0x0000000080007FE4] -> 0xB023
mem[X,0x0000000080007FE6] -> 0x1220
[922] [M]: 0x0000000080007FE4 (0x1220B023) sd sp, 288(ra)
mem[0x000000008004F2F8] <- 0x0000000000000003
mem[X,0x0000000080007FE8] -> 0x3537
mem[X,0x0000000080007FEA] -> 0x3333
[923] [M]: 0x0000000080007FE8 (0x33333537) lui a0, 209715
x10 <- 0x0000000033333000
mem[X,0x0000000080007FEC] -> 0x0513
mem[X,0x0000000080007FEE] -> 0x3335
[924] [M]: 0x0000000080007FEC (0x33350513) addi a0, a0, 819
x10 <- 0x0000000033333333
mem[X,0x0000000080007FF0] -> 0x1513
mem[X,0x0000000080007FF2] -> 0x00B5
[925] [M]: 0x0000000080007FF0 (0x00B51513) slli a0, a0, 11
x10 <- 0x0000019999999800
mem[X,0x0000000080007FF4] -> 0x0513
mem[X,0x0000000080007FF6] -> 0x1995
[926] [M]: 0x0000000080007FF4 (0x19950513) addi a0, a0, 409
x10 <- 0x0000019999999999
mem[X,0x0000000080007FF8] -> 0x1513
mem[X,0x0000000080007FFA] -> 0x00B5
[927] [M]: 0x0000000080007FF8 (0x00B51513) slli a0, a0, 11
x10 <- 0x000CCCCCCCCCC800
mem[X,0x0000000080007FFC] -> 0x0513
mem[X,0x0000000080007FFE] -> 0x4CC5
[928] [M]: 0x0000000080007FFC (0x4CC50513) addi a0, a0, 1228
x10 <- 0x000CCCCCCCCCCCCC
mem[X,0x0000000080008000] -> 0x1513
mem[X,0x0000000080008002] -> 0x00A5
[929] [M]: 0x0000000080008000 (0x00A51513) slli a0, a0, 10
x10 <- 0x3333333333333000
mem[X,0x0000000080008004] -> 0x0513
mem[X,0x0000000080008006] -> 0x3345
[930] [M]: 0x0000000080008004 (0x33450513) addi a0, a0, 820
x10 <- 0x3333333333333334
mem[X,0x0000000080008008] -> 0x0593
mem[X,0x000000008000800A] -> 0x0010
[931] [M]: 0x0000000080008008 (0x00100593) addi a1, zero, 1
x11 <- 0x0000000000000001
mem[X,0x000000008000800C] -> 0x9593
mem[X,0x000000008000800E] -> 0x0365
[932] [M]: 0x000000008000800C (0x03659593) slli a1, a1, 54
x11 <- 0x0040000000000000
mem[X,0x0000000080008010] -> 0x0113
mem[X,0x0000000080008012] -> 0x0000
[933] [M]: 0x0000000080008010 (0x00000113) addi sp, zero, 0
x2 <- 0x0000000000000000
mem[X,0x0000000080008014] -> 0x006F
mem[X,0x0000000080008016] -> 0x0140
[934] [M]: 0x0000000080008014 (0x0140006F) jal zero, 20
mem[X,0x0000000080008028] -> 0x48E3
mem[X,0x000000008000802A] -> 0xFEB5
[935] [M]: 0x0000000080008028 (0xFEB548E3) blt a0, a1, 8176
mem[X,0x000000008000802C] -> 0x0113
mem[X,0x000000008000802E] -> 0x0021
[936] [M]: 0x000000008000802C (0x00210113) addi sp, sp, 2
x2 <- 0x0000000000000002
mem[X,0x0000000080008030] -> 0x006F
mem[X,0x0000000080008032] -> 0x00C0
[937] [M]: 0x0000000080008030 (0x00C0006F) jal zero, 12
mem[X,0x000000008000803C] -> 0xB423
mem[X,0x000000008000803E] -> 0x1220
[938] [M]: 0x000000008000803C (0x1220B423) sd sp, 296(ra)
mem[0x000000008004F300] <- 0x0000000000000002
mem[X,0x0000000080008040] -> 0x0513
mem[X,0x0000000080008042] -> 0x0010
[939] [M]: 0x0000000080008040 (0x00100513) addi a0, zero, 1
x10 <- 0x0000000000000001
mem[X,0x0000000080008044] -> 0x1513
mem[X,0x0000000080008046] -> 0x0365
[940] [M]: 0x0000000080008044 (0x03651513) slli a0, a0, 54
x10 <- 0x0040000000000000
mem[X,0x0000000080008048] -> 0x0593
mem[X,0x000000008000804A] -> 0x0010
[941] [M]: 0x0000000080008048 (0x00100593) addi a1, zero, 1
x11 <- 0x0000000000000001
mem[X,0x000000008000804C] -> 0x9593
mem[X,0x000000008000804E] -> 0x0375
[942] [M]: 0x000000008000804C (0x03759593) slli a1, a1, 55
x11 <- 0x0080000000000000
mem[X,0x0000000080008050] -> 0x0113
mem[X,0x0000000080008052] -> 0x0000
[943] [M]: 0x0000000080008050 (0x00000113) addi sp, zero, 0
x2 <- 0x0000000000000000
mem[X,0x0000000080008054] -> 0x006F
mem[X,0x0000000080008056] -> 0x00C0
[944] [M]: 0x0000000080008054 (0x00C0006F) jal zero, 12
mem[X,0x0000000080008060] -> 0x4863
mem[X,0x0000000080008062] -> 0x00B5
[945] [M]: 0x0000000080008060 (0x00B54863) blt a0, a1, 16
mem[X,0x0000000080008070] -> 0x0113
mem[X,0x0000000080008072] -> 0x0031
[946] [M]: 0x0000000080008070 (0x00310113) addi sp, sp, 3
x2 <- 0x0000000000000003
mem[X,0x0000000080008074] -> 0x006F
mem[X,0x0000000080008076] -> 0x0040
[947] [M]: 0x0000000080008074 (0x0040006F) jal zero, 4
mem[X,0x0000000080008078] -> 0xB823
mem[X,0x000000008000807A] -> 0x1220
[948] [M]: 0x0000000080008078 (0x1220B823) sd sp, 304(ra)
mem[0x000000008004F308] <- 0x0000000000000003
mem[X,0x000000008000807C] -> 0x0513
mem[X,0x000000008000807E] -> 0xF7F0
[949] [M]: 0x000000008000807C (0xF7F00513) addi a0, zero, 3967
x10 <- 0xFFFFFFFFFFFFFF7F
mem[X,0x0000000080008080] -> 0x0593
mem[X,0x0000000080008082] -> 0x0010
[950] [M]: 0x0000000080008080 (0x00100593) addi a1, zero, 1
x11 <- 0x0000000000000001
mem[X,0x0000000080008084] -> 0x9593
mem[X,0x0000000080008086] -> 0x0385
[951] [M]: 0x0000000080008084 (0x03859593) slli a1, a1, 56
x11 <- 0x0100000000000000
mem[X,0x0000000080008088] -> 0x0113
mem[X,0x000000008000808A] -> 0x0000
[952] [M]: 0x0000000080008088 (0x00000113) addi sp, zero, 0
x2 <- 0x0000000000000000
mem[X,0x000000008000808C] -> 0x006F
mem[X,0x000000008000808E] -> 0x00C0
[953] [M]: 0x000000008000808C (0x00C0006F) jal zero, 12
mem[X,0x0000000080008098] -> 0x4663
mem[X,0x000000008000809A] -> 0x00B5
[954] [M]: 0x0000000080008098 (0x00B54663) blt a0, a1, 12
mem[X,0x00000000800080A4] -> 0x0113
mem[X,0x00000000800080A6] -> 0x0031
[955] [M]: 0x00000000800080A4 (0x00310113) addi sp, sp, 3
x2 <- 0x0000000000000003
mem[X,0x00000000800080A8] -> 0x006F
mem[X,0x00000000800080AA] -> 0x0040
[956] [M]: 0x00000000800080A8 (0x0040006F) jal zero, 4
mem[X,0x00000000800080AC] -> 0xBC23
mem[X,0x00000000800080AE] -> 0x1220
[957] [M]: 0x00000000800080AC (0x1220BC23) sd sp, 312(ra)
mem[0x000000008004F310] <- 0x0000000000000003
mem[X,0x00000000800080B0] -> 0x0513
mem[X,0x00000000800080B2] -> 0x0400
[958] [M]: 0x00000000800080B0 (0x04000513) addi a0, zero, 64
x10 <- 0x0000000000000040
mem[X,0x00000000800080B4] -> 0x0593
mem[X,0x00000000800080B6] -> 0x0010
[959] [M]: 0x00000000800080B4 (0x00100593) addi a1, zero, 1
x11 <- 0x0000000000000001
mem[X,0x00000000800080B8] -> 0x9593
mem[X,0x00000000800080BA] -> 0x0395
[960] [M]: 0x00000000800080B8 (0x03959593) slli a1, a1, 57
x11 <- 0x0200000000000000
mem[X,0x00000000800080BC] -> 0x0113
mem[X,0x00000000800080BE] -> 0x0000
[961] [M]: 0x00000000800080BC (0x00000113) addi sp, zero, 0
x2 <- 0x0000000000000000
mem[X,0x00000000800080C0] -> 0x006F
mem[X,0x00000000800080C2] -> 0x0140
[962] [M]: 0x00000000800080C0 (0x0140006F) jal zero, 20
mem[X,0x00000000800080D4] -> 0x48E3
mem[X,0x00000000800080D6] -> 0xFEB5
[963] [M]: 0x00000000800080D4 (0xFEB548E3) blt a0, a1, 8176
mem[X,0x00000000800080C4] -> 0x0113
mem[X,0x00000000800080C6] -> 0x0011
[964] [M]: 0x00000000800080C4 (0x00110113) addi sp, sp, 1
x2 <- 0x0000000000000001
mem[X,0x00000000800080C8] -> 0x006F
mem[X,0x00000000800080CA] -> 0x0200
[965] [M]: 0x00000000800080C8 (0x0200006F) jal zero, 32
mem[X,0x00000000800080E8] -> 0xB023
mem[X,0x00000000800080EA] -> 0x1420
[966] [M]: 0x00000000800080E8 (0x1420B023) sd sp, 320(ra)
mem[0x000000008004F318] <- 0x0000000000000001
mem[X,0x00000000800080EC] -> 0x0513
mem[X,0x00000000800080EE] -> 0x0010
[967] [M]: 0x00000000800080EC (0x00100513) addi a0, zero, 1
x10 <- 0x0000000000000001
mem[X,0x00000000800080F0] -> 0x1513
mem[X,0x00000000800080F2] -> 0x03D5
[968] [M]: 0x00000000800080F0 (0x03D51513) slli a0, a0, 61
x10 <- 0x2000000000000000
mem[X,0x00000000800080F4] -> 0x4513
mem[X,0x00000000800080F6] -> 0xFFF5
[969] [M]: 0x00000000800080F4 (0xFFF54513) xori a0, a0, 4095
x10 <- 0xDFFFFFFFFFFFFFFF
mem[X,0x00000000800080F8] -> 0x0593
mem[X,0x00000000800080FA] -> 0x0010
[970] [M]: 0x00000000800080F8 (0x00100593) addi a1, zero, 1
x11 <- 0x0000000000000001
mem[X,0x00000000800080FC] -> 0x9593
mem[X,0x00000000800080FE] -> 0x03A5
[971] [M]: 0x00000000800080FC (0x03A59593) slli a1, a1, 58
x11 <- 0x0400000000000000
mem[X,0x0000000080008100] -> 0x0113
mem[X,0x0000000080008102] -> 0x0000
[972] [M]: 0x0000000080008100 (0x00000113) addi sp, zero, 0
x2 <- 0x0000000000000000
mem[X,0x0000000080008104] -> 0x006F
mem[X,0x0000000080008106] -> 0x00C0
[973] [M]: 0x0000000080008104 (0x00C0006F) jal zero, 12
mem[X,0x0000000080008110] -> 0x4863
mem[X,0x0000000080008112] -> 0x00B5
[974] [M]: 0x0000000080008110 (0x00B54863) blt a0, a1, 16
mem[X,0x0000000080008120] -> 0x0113
mem[X,0x0000000080008122] -> 0x0031
[975] [M]: 0x0000000080008120 (0x00310113) addi sp, sp, 3
x2 <- 0x0000000000000003
mem[X,0x0000000080008124] -> 0x006F
mem[X,0x0000000080008126] -> 0x0040
[976] [M]: 0x0000000080008124 (0x0040006F) jal zero, 4
mem[X,0x0000000080008128] -> 0xB423
mem[X,0x000000008000812A] -> 0x1420
[977] [M]: 0x0000000080008128 (0x1420B423) sd sp, 328(ra)
mem[0x000000008004F320] <- 0x0000000000000003
mem[X,0x000000008000812C] -> 0x0513
mem[X,0x000000008000812E] -> 0x0010
[978] [M]: 0x000000008000812C (0x00100513) addi a0, zero, 1
x10 <- 0x0000000000000001
mem[X,0x0000000080008130] -> 0x1513
mem[X,0x0000000080008132] -> 0x0235
[979] [M]: 0x0000000080008130 (0x02351513) slli a0, a0, 35
x10 <- 0x0000000800000000
mem[X,0x0000000080008134] -> 0x4513
mem[X,0x0000000080008136] -> 0xFFF5
[980] [M]: 0x0000000080008134 (0xFFF54513) xori a0, a0, 4095
x10 <- 0xFFFFFFF7FFFFFFFF
mem[X,0x0000000080008138] -> 0x0593
mem[X,0x000000008000813A] -> 0x0010
[981] [M]: 0x0000000080008138 (0x00100593) addi a1, zero, 1
x11 <- 0x0000000000000001
mem[X,0x000000008000813C] -> 0x9593
mem[X,0x000000008000813E] -> 0x03B5
[982] [M]: 0x000000008000813C (0x03B59593) slli a1, a1, 59
x11 <- 0x0800000000000000
mem[X,0x0000000080008140] -> 0x0113
mem[X,0x0000000080008142] -> 0x0000
[983] [M]: 0x0000000080008140 (0x00000113) addi sp, zero, 0
x2 <- 0x0000000000000000
mem[X,0x0000000080008144] -> 0x006F
mem[X,0x0000000080008146] -> 0x00C0
[984] [M]: 0x0000000080008144 (0x00C0006F) jal zero, 12
mem[X,0x0000000080008150] -> 0x4CE3
mem[X,0x0000000080008152] -> 0xFEB5
[985] [M]: 0x0000000080008150 (0xFEB54CE3) blt a0, a1, 8184
mem[X,0x0000000080008148] -> 0x0113
mem[X,0x000000008000814A] -> 0x0011
[986] [M]: 0x0000000080008148 (0x00110113) addi sp, sp, 1
x2 <- 0x0000000000000001
mem[X,0x000000008000814C] -> 0x006F
mem[X,0x000000008000814E] -> 0x0180
[987] [M]: 0x000000008000814C (0x0180006F) jal zero, 24
mem[X,0x0000000080008164] -> 0xB823
mem[X,0x0000000080008166] -> 0x1420
[988] [M]: 0x0000000080008164 (0x1420B823) sd sp, 336(ra)
mem[0x000000008004F328] <- 0x0000000000000001
mem[X,0x0000000080008168] -> 0x0513
mem[X,0x000000008000816A] -> 0x0010
[989] [M]: 0x0000000080008168 (0x00100513) addi a0, zero, 1
x10 <- 0x0000000000000001
mem[X,0x000000008000816C] -> 0x1513
mem[X,0x000000008000816E] -> 0x01D5
[990] [M]: 0x000000008000816C (0x01D51513) slli a0, a0, 29
x10 <- 0x0000000020000000
mem[X,0x0000000080008170] -> 0x4513
mem[X,0x0000000080008172] -> 0xFFF5
[991] [M]: 0x0000000080008170 (0xFFF54513) xori a0, a0, 4095
x10 <- 0xFFFFFFFFDFFFFFFF
mem[X,0x0000000080008174] -> 0x0593
mem[X,0x0000000080008176] -> 0x0010
[992] [M]: 0x0000000080008174 (0x00100593) addi a1, zero, 1
x11 <- 0x0000000000000001
mem[X,0x0000000080008178] -> 0x9593
mem[X,0x000000008000817A] -> 0x03C5
[993] [M]: 0x0000000080008178 (0x03C59593) slli a1, a1, 60
x11 <- 0x1000000000000000
mem[X,0x000000008000817C] -> 0x0113
mem[X,0x000000008000817E] -> 0x0000
[994] [M]: 0x000000008000817C (0x00000113) addi sp, zero, 0
x2 <- 0x0000000000000000
mem[X,0x0000000080008180] -> 0x006F
mem[X,0x0000000080008182] -> 0x00C0
[995] [M]: 0x0000000080008180 (0x00C0006F) jal zero, 12
mem[X,0x000000008000818C] -> 0x4063
mem[X,0x000000008000818E] -> 0x04B5
[996] [M]: 0x000000008000818C (0x04B54063) blt a0, a1, 64
mem[X,0x00000000800081CC] -> 0x0113
mem[X,0x00000000800081CE] -> 0x0031
[997] [M]: 0x00000000800081CC (0x00310113) addi sp, sp, 3
x2 <- 0x0000000000000003
mem[X,0x00000000800081D0] -> 0x006F
mem[X,0x00000000800081D2] -> 0x0040
[998] [M]: 0x00000000800081D0 (0x0040006F) jal zero, 4
mem[X,0x00000000800081D4] -> 0xBC23
mem[X,0x00000000800081D6] -> 0x1420
[999] [M]: 0x00000000800081D4 (0x1420BC23) sd sp, 344(ra)
mem[0x000000008004F330] <- 0x0000000000000003
clint::tick mtime <- 0x000000000000000A
 clint timer pending at mtime 0x000000000000000A
htif::tick 0x0000000000000000
mem[X,0x00000000800081D8] -> 0x0513
mem[X,0x00000000800081DA] -> 0x0010
[1000] [M]: 0x00000000800081D8 (0x00100513) addi a0, zero, 1
x10 <- 0x0000000000000001
mem[X,0x00000000800081DC] -> 0x1513
mem[X,0x00000000800081DE] -> 0x01D5
[1001] [M]: 0x00000000800081DC (0x01D51513) slli a0, a0, 29
x10 <- 0x0000000020000000
mem[X,0x00000000800081E0] -> 0x4513
mem[X,0x00000000800081E2] -> 0xFFF5
[1002] [M]: 0x00000000800081E0 (0xFFF54513) xori a0, a0, 4095
x10 <- 0xFFFFFFFFDFFFFFFF
mem[X,0x00000000800081E4] -> 0x0593
mem[X,0x00000000800081E6] -> 0x0010
[1003] [M]: 0x00000000800081E4 (0x00100593) addi a1, zero, 1
x11 <- 0x0000000000000001
mem[X,0x00000000800081E8] -> 0x9593
mem[X,0x00000000800081EA] -> 0x03D5
[1004] [M]: 0x00000000800081E8 (0x03D59593) slli a1, a1, 61
x11 <- 0x2000000000000000
mem[X,0x00000000800081EC] -> 0x0113
mem[X,0x00000000800081EE] -> 0x0000
[1005] [M]: 0x00000000800081EC (0x00000113) addi sp, zero, 0
x2 <- 0x0000000000000000
mem[X,0x00000000800081F0] -> 0x006F
mem[X,0x00000000800081F2] -> 0x00C0
[1006] [M]: 0x00000000800081F0 (0x00C0006F) jal zero, 12
mem[X,0x00000000800081FC] -> 0x4063
mem[X,0x00000000800081FE] -> 0x04B5
[1007] [M]: 0x00000000800081FC (0x04B54063) blt a0, a1, 64
mem[X,0x000000008000823C] -> 0x0113
mem[X,0x000000008000823E] -> 0x0031
[1008] [M]: 0x000000008000823C (0x00310113) addi sp, sp, 3
x2 <- 0x0000000000000003
mem[X,0x0000000080008240] -> 0x006F
mem[X,0x0000000080008242] -> 0x0040
[1009] [M]: 0x0000000080008240 (0x0040006F) jal zero, 4
mem[X,0x0000000080008244] -> 0xB023
mem[X,0x0000000080008246] -> 0x1620
[1010] [M]: 0x0000000080008244 (0x1620B023) sd sp, 352(ra)
mem[0x000000008004F338] <- 0x0000000000000003
mem[X,0x0000000080008248] -> 0x0513
mem[X,0x000000008000824A] -> 0x0010
[1011] [M]: 0x0000000080008248 (0x00100513) addi a0, zero, 1
x10 <- 0x0000000000000001
mem[X,0x000000008000824C] -> 0x1513
mem[X,0x000000008000824E] -> 0x0315
[1012] [M]: 0x000000008000824C (0x03151513) slli a0, a0, 49
x10 <- 0x0002000000000000
mem[X,0x0000000080008250] -> 0x4513
mem[X,0x0000000080008252] -> 0xFFF5
[1013] [M]: 0x0000000080008250 (0xFFF54513) xori a0, a0, 4095
x10 <- 0xFFFDFFFFFFFFFFFF
mem[X,0x0000000080008254] -> 0x0593
mem[X,0x0000000080008256] -> 0x0010
[1014] [M]: 0x0000000080008254 (0x00100593) addi a1, zero, 1
x11 <- 0x0000000000000001
mem[X,0x0000000080008258] -> 0x9593
mem[X,0x000000008000825A] -> 0x03E5
[1015] [M]: 0x0000000080008258 (0x03E59593) slli a1, a1, 62
x11 <- 0x4000000000000000
mem[X,0x000000008000825C] -> 0x0113
mem[X,0x000000008000825E] -> 0x0000
[1016] [M]: 0x000000008000825C (0x00000113) addi sp, zero, 0
x2 <- 0x0000000000000000
mem[X,0x0000000080008260] -> 0x006F
mem[X,0x0000000080008262] -> 0x00C0
[1017] [M]: 0x0000000080008260 (0x00C0006F) jal zero, 12
mem[X,0x000000008000826C] -> 0x4663
mem[X,0x000000008000826E] -> 0x00B5
[1018] [M]: 0x000000008000826C (0x00B54663) blt a0, a1, 12
mem[X,0x0000000080008278] -> 0x0113
mem[X,0x000000008000827A] -> 0x0031
[1019] [M]: 0x0000000080008278 (0x00310113) addi sp, sp, 3
x2 <- 0x0000000000000003
mem[X,0x000000008000827C] -> 0x006F
mem[X,0x000000008000827E] -> 0x0040
[1020] [M]: 0x000000008000827C (0x0040006F) jal zero, 4
mem[X,0x0000000080008280] -> 0xB423
mem[X,0x0000000080008282] -> 0x1620
[1021] [M]: 0x0000000080008280 (0x1620B423) sd sp, 360(ra)
mem[0x000000008004F340] <- 0x0000000000000003
mem[X,0x0000000080008284] -> 0x0513
mem[X,0x0000000080008286] -> 0x0010
[1022] [M]: 0x0000000080008284 (0x00100513) addi a0, zero, 1
x10 <- 0x0000000000000001
mem[X,0x0000000080008288] -> 0x1513
mem[X,0x000000008000828A] -> 0x02F5
[1023] [M]: 0x0000000080008288 (0x02F51513) slli a0, a0, 47
x10 <- 0x0000800000000000
mem[X,0x000000008000828C] -> 0x0593
mem[X,0x000000008000828E] -> 0xFFE0
[1024] [M]: 0x000000008000828C (0xFFE00593) addi a1, zero, 4094
x11 <- 0xFFFFFFFFFFFFFFFE
mem[X,0x0000000080008290] -> 0x0113
mem[X,0x0000000080008292] -> 0x0000
[1025] [M]: 0x0000000080008290 (0x00000113) addi sp, zero, 0
x2 <- 0x0000000000000000
mem[X,0x0000000080008294] -> 0x006F
mem[X,0x0000000080008296] -> 0x0140
[1026] [M]: 0x0000000080008294 (0x0140006F) jal zero, 20
mem[X,0x00000000800082A8] -> 0x48E3
mem[X,0x00000000800082AA] -> 0xFEB5
[1027] [M]: 0x00000000800082A8 (0xFEB548E3) blt a0, a1, 8176
mem[X,0x00000000800082AC] -> 0x0113
mem[X,0x00000000800082AE] -> 0x0021
[1028] [M]: 0x00000000800082AC (0x00210113) addi sp, sp, 2
x2 <- 0x0000000000000002
mem[X,0x00000000800082B0] -> 0x006F
mem[X,0x00000000800082B2] -> 0x00C0
[1029] [M]: 0x00000000800082B0 (0x00C0006F) jal zero, 12
mem[X,0x00000000800082BC] -> 0xB823
mem[X,0x00000000800082BE] -> 0x1620
[1030] [M]: 0x00000000800082BC (0x1620B823) sd sp, 368(ra)
mem[0x000000008004F348] <- 0x0000000000000002
mem[X,0x00000000800082C0] -> 0x0513
mem[X,0x00000000800082C2] -> 0x0010
[1031] [M]: 0x00000000800082C0 (0x00100513) addi a0, zero, 1
x10 <- 0x0000000000000001
mem[X,0x00000000800082C4] -> 0x1513
mem[X,0x00000000800082C6] -> 0x0325
[1032] [M]: 0x00000000800082C4 (0x03251513) slli a0, a0, 50
x10 <- 0x0004000000000000
mem[X,0x00000000800082C8] -> 0x0593
mem[X,0x00000000800082CA] -> 0xFFD0
[1033] [M]: 0x00000000800082C8 (0xFFD00593) addi a1, zero, 4093
x11 <- 0xFFFFFFFFFFFFFFFD
mem[X,0x00000000800082CC] -> 0x0113
mem[X,0x00000000800082CE] -> 0x0000
[1034] [M]: 0x00000000800082CC (0x00000113) addi sp, zero, 0
x2 <- 0x0000000000000000
mem[X,0x00000000800082D0] -> 0x006F
mem[X,0x00000000800082D2] -> 0x0050
[1035] [M]: 0x00000000800082D0 (0x0050006F) jal zero, 2052
mem[X,0x0000000080008AD4] -> 0x40E3
mem[X,0x0000000080008AD6] -> 0x80B5
[1036] [M]: 0x0000000080008AD4 (0x80B540E3) blt a0, a1, 6144
mem[X,0x0000000080008AD8] -> 0x0113
mem[X,0x0000000080008ADA] -> 0x0021
[1037] [M]: 0x0000000080008AD8 (0x00210113) addi sp, sp, 2
x2 <- 0x0000000000000002
mem[X,0x0000000080008ADC] -> 0x006F
mem[X,0x0000000080008ADE] -> 0x00C0
[1038] [M]: 0x0000000080008ADC (0x00C0006F) jal zero, 12
mem[X,0x0000000080008AE8] -> 0xBC23
mem[X,0x0000000080008AEA] -> 0x1620
[1039] [M]: 0x0000000080008AE8 (0x1620BC23) sd sp, 376(ra)
mem[0x000000008004F350] <- 0x0000000000000002
mem[X,0x0000000080008AEC] -> 0x0513
mem[X,0x0000000080008AEE] -> 0x0010
[1040] [M]: 0x0000000080008AEC (0x00100513) addi a0, zero, 1
x10 <- 0x0000000000000001
mem[X,0x0000000080008AF0] -> 0x1513
mem[X,0x0000000080008AF2] -> 0x0125
[1041] [M]: 0x0000000080008AF0 (0x01251513) slli a0, a0, 18
x10 <- 0x0000000000040000
mem[X,0x0000000080008AF4] -> 0x0593
mem[X,0x0000000080008AF6] -> 0xFFB0
[1042] [M]: 0x0000000080008AF4 (0xFFB00593) addi a1, zero, 4091
x11 <- 0xFFFFFFFFFFFFFFFB
mem[X,0x0000000080008AF8] -> 0x0113
mem[X,0x0000000080008AFA] -> 0x0000
[1043] [M]: 0x0000000080008AF8 (0x00000113) addi sp, zero, 0
x2 <- 0x0000000000000000
mem[X,0x0000000080008AFC] -> 0x006F
mem[X,0x0000000080008AFE] -> 0x00C0
[1044] [M]: 0x0000000080008AFC (0x00C0006F) jal zero, 12
mem[X,0x0000000080008B08] -> 0x4663
mem[X,0x0000000080008B0A] -> 0x00B5
[1045] [M]: 0x0000000080008B08 (0x00B54663) blt a0, a1, 12
mem[X,0x0000000080008B0C] -> 0x0113
mem[X,0x0000000080008B0E] -> 0x0021
[1046] [M]: 0x0000000080008B0C (0x00210113) addi sp, sp, 2
x2 <- 0x0000000000000002
mem[X,0x0000000080008B10] -> 0x006F
mem[X,0x0000000080008B12] -> 0x00C0
[1047] [M]: 0x0000000080008B10 (0x00C0006F) jal zero, 12
mem[X,0x0000000080008B1C] -> 0xB023
mem[X,0x0000000080008B1E] -> 0x1820
[1048] [M]: 0x0000000080008B1C (0x1820B023) sd sp, 384(ra)
mem[0x000000008004F358] <- 0x0000000000000002
mem[X,0x0000000080008B20] -> 0x0513
mem[X,0x0000000080008B22] -> 0x0010
[1049] [M]: 0x0000000080008B20 (0x00100513) addi a0, zero, 1
x10 <- 0x0000000000000001
mem[X,0x0000000080008B24] -> 0x1513
mem[X,0x0000000080008B26] -> 0x02E5
[1050] [M]: 0x0000000080008B24 (0x02E51513) slli a0, a0, 46
x10 <- 0x0000400000000000
mem[X,0x0000000080008B28] -> 0x0593
mem[X,0x0000000080008B2A] -> 0xFF70
[1051] [M]: 0x0000000080008B28 (0xFF700593) addi a1, zero, 4087
x11 <- 0xFFFFFFFFFFFFFFF7
mem[X,0x0000000080008B2C] -> 0x0113
mem[X,0x0000000080008B2E] -> 0x0000
[1052] [M]: 0x0000000080008B2C (0x00000113) addi sp, zero, 0
x2 <- 0x0000000000000000
mem[X,0x0000000080008B30] -> 0x006F
mem[X,0x0000000080008B32] -> 0x0100
[1053] [M]: 0x0000000080008B30 (0x0100006F) jal zero, 16
mem[X,0x0000000080008B40] -> 0x4AE3
mem[X,0x0000000080008B42] -> 0xFEB5
[1054] [M]: 0x0000000080008B40 (0xFEB54AE3) blt a0, a1, 8180
mem[X,0x0000000080008B44] -> 0x0113
mem[X,0x0000000080008B46] -> 0x0021
[1055] [M]: 0x0000000080008B44 (0x00210113) addi sp, sp, 2
x2 <- 0x0000000000000002
mem[X,0x0000000080008B48] -> 0x006F
mem[X,0x0000000080008B4A] -> 0x00C0
[1056] [M]: 0x0000000080008B48 (0x00C0006F) jal zero, 12
mem[X,0x0000000080008B54] -> 0xB423
mem[X,0x0000000080008B56] -> 0x1820
[1057] [M]: 0x0000000080008B54 (0x1820B423) sd sp, 392(ra)
mem[0x000000008004F360] <- 0x0000000000000002
mem[X,0x0000000080008B58] -> 0x0513
mem[X,0x0000000080008B5A] -> 0x0000
[1058] [M]: 0x0000000080008B58 (0x00000513) addi a0, zero, 0
x10 <- 0x0000000000000000
mem[X,0x0000000080008B5C] -> 0x0593
mem[X,0x0000000080008B5E] -> 0xFEF0
[1059] [M]: 0x0000000080008B5C (0xFEF00593) addi a1, zero, 4079
x11 <- 0xFFFFFFFFFFFFFFEF
mem[X,0x0000000080008B60] -> 0x0113
mem[X,0x0000000080008B62] -> 0x0000
[1060] [M]: 0x0000000080008B60 (0x00000113) addi sp, zero, 0
x2 <- 0x0000000000000000
mem[X,0x0000000080008B64] -> 0x006F
mem[X,0x0000000080008B66] -> 0x00C0
[1061] [M]: 0x0000000080008B64 (0x00C0006F) jal zero, 12
mem[X,0x0000000080008B70] -> 0x4063
mem[X,0x0000000080008B72] -> 0x20B5
[1062] [M]: 0x0000000080008B70 (0x20B54063) blt a0, a1, 512
mem[X,0x0000000080008B74] -> 0x0113
mem[X,0x0000000080008B76] -> 0x0021
[1063] [M]: 0x0000000080008B74 (0x00210113) addi sp, sp, 2
x2 <- 0x0000000000000002
mem[X,0x0000000080008B78] -> 0x006F
mem[X,0x0000000080008B7A] -> 0x2000
[1064] [M]: 0x0000000080008B78 (0x2000006F) jal zero, 512
mem[X,0x0000000080008D78] -> 0xB823
mem[X,0x0000000080008D7A] -> 0x1820
[1065] [M]: 0x0000000080008D78 (0x1820B823) sd sp, 400(ra)
mem[0x000000008004F368] <- 0x0000000000000002
mem[X,0x0000000080008D7C] -> 0x0513
mem[X,0x0000000080008D7E] -> 0x0000
[1066] [M]: 0x0000000080008D7C (0x00000513) addi a0, zero, 0
x10 <- 0x0000000000000000
mem[X,0x0000000080008D80] -> 0x0593
mem[X,0x0000000080008D82] -> 0xFDF0
[1067] [M]: 0x0000000080008D80 (0xFDF00593) addi a1, zero, 4063
x11 <- 0xFFFFFFFFFFFFFFDF
mem[X,0x0000000080008D84] -> 0x0113
mem[X,0x0000000080008D86] -> 0x0000
[1068] [M]: 0x0000000080008D84 (0x00000113) addi sp, zero, 0
x2 <- 0x0000000000000000
mem[X,0x0000000080008D88] -> 0x006F
mem[X,0x0000000080008D8A] -> 0x00C0
[1069] [M]: 0x0000000080008D88 (0x00C0006F) jal zero, 12
mem[X,0x0000000080008D94] -> 0x4063
mem[X,0x0000000080008D96] -> 0x08B5
[1070] [M]: 0x0000000080008D94 (0x08B54063) blt a0, a1, 128
mem[X,0x0000000080008D98] -> 0x0113
mem[X,0x0000000080008D9A] -> 0x0021
[1071] [M]: 0x0000000080008D98 (0x00210113) addi sp, sp, 2
x2 <- 0x0000000000000002
mem[X,0x0000000080008D9C] -> 0x006F
mem[X,0x0000000080008D9E] -> 0x0800
[1072] [M]: 0x0000000080008D9C (0x0800006F) jal zero, 128
mem[X,0x0000000080008E1C] -> 0xBC23
mem[X,0x0000000080008E1E] -> 0x1820
[1073] [M]: 0x0000000080008E1C (0x1820BC23) sd sp, 408(ra)
mem[0x000000008004F370] <- 0x0000000000000002
mem[X,0x0000000080008E20] -> 0x0513
mem[X,0x0000000080008E22] -> 0x2000
[1074] [M]: 0x0000000080008E20 (0x20000513) addi a0, zero, 512
x10 <- 0x0000000000000200
mem[X,0x0000000080008E24] -> 0x0593
mem[X,0x0000000080008E26] -> 0xFBF0
[1075] [M]: 0x0000000080008E24 (0xFBF00593) addi a1, zero, 4031
x11 <- 0xFFFFFFFFFFFFFFBF
mem[X,0x0000000080008E28] -> 0x0113
mem[X,0x0000000080008E2A] -> 0x0000
[1076] [M]: 0x0000000080008E28 (0x00000113) addi sp, zero, 0
x2 <- 0x0000000000000000
mem[X,0x0000000080008E2C] -> 0x006F
mem[X,0x0000000080008E2E] -> 0x00C0
[1077] [M]: 0x0000000080008E2C (0x00C0006F) jal zero, 12
mem[X,0x0000000080008E38] -> 0x4CE3
mem[X,0x0000000080008E3A] -> 0xFEB5
[1078] [M]: 0x0000000080008E38 (0xFEB54CE3) blt a0, a1, 8184
mem[X,0x0000000080008E3C] -> 0x0113
mem[X,0x0000000080008E3E] -> 0x0021
[1079] [M]: 0x0000000080008E3C (0x00210113) addi sp, sp, 2
x2 <- 0x0000000000000002
mem[X,0x0000000080008E40] -> 0x006F
mem[X,0x0000000080008E42] -> 0x00C0
[1080] [M]: 0x0000000080008E40 (0x00C0006F) jal zero, 12
mem[X,0x0000000080008E4C] -> 0xB023
mem[X,0x0000000080008E4E] -> 0x1A20
[1081] [M]: 0x0000000080008E4C (0x1A20B023) sd sp, 416(ra)
mem[0x000000008004F378] <- 0x0000000000000002
mem[X,0x0000000080008E50] -> 0x0513
mem[X,0x0000000080008E52] -> 0x0010
[1082] [M]: 0x0000000080008E50 (0x00100513) addi a0, zero, 1
x10 <- 0x0000000000000001
mem[X,0x0000000080008E54] -> 0x1513
mem[X,0x0000000080008E56] -> 0x02F5
[1083] [M]: 0x0000000080008E54 (0x02F51513) slli a0, a0, 47
x10 <- 0x0000800000000000
mem[X,0x0000000080008E58] -> 0x4513
mem[X,0x0000000080008E5A] -> 0xFFF5
[1084] [M]: 0x0000000080008E58 (0xFFF54513) xori a0, a0, 4095
x10 <- 0xFFFF7FFFFFFFFFFF
mem[X,0x0000000080008E5C] -> 0x0593
mem[X,0x0000000080008E5E] -> 0xF7F0
[1085] [M]: 0x0000000080008E5C (0xF7F00593) addi a1, zero, 3967
x11 <- 0xFFFFFFFFFFFFFF7F
mem[X,0x0000000080008E60] -> 0x0113
mem[X,0x0000000080008E62] -> 0x0000
[1086] [M]: 0x0000000080008E60 (0x00000113) addi sp, zero, 0
x2 <- 0x0000000000000000
mem[X,0x0000000080008E64] -> 0x006F
mem[X,0x0000000080008E66] -> 0x0100
[1087] [M]: 0x0000000080008E64 (0x0100006F) jal zero, 16
mem[X,0x0000000080008E74] -> 0x4AE3
mem[X,0x0000000080008E76] -> 0xFEB5
[1088] [M]: 0x0000000080008E74 (0xFEB54AE3) blt a0, a1, 8180
mem[X,0x0000000080008E68] -> 0x0113
mem[X,0x0000000080008E6A] -> 0x0011
[1089] [M]: 0x0000000080008E68 (0x00110113) addi sp, sp, 1
x2 <- 0x0000000000000001
mem[X,0x0000000080008E6C] -> 0x006F
mem[X,0x0000000080008E6E] -> 0x01C0
[1090] [M]: 0x0000000080008E6C (0x01C0006F) jal zero, 28
mem[X,0x0000000080008E88] -> 0xB423
mem[X,0x0000000080008E8A] -> 0x1A20
[1091] [M]: 0x0000000080008E88 (0x1A20B423) sd sp, 424(ra)
mem[0x000000008004F380] <- 0x0000000000000001
mem[X,0x0000000080008E8C] -> 0x0513
mem[X,0x0000000080008E8E] -> 0x0010
[1092] [M]: 0x0000000080008E8C (0x00100513) addi a0, zero, 1
x10 <- 0x0000000000000001
mem[X,0x0000000080008E90] -> 0x1513
mem[X,0x0000000080008E92] -> 0x0375
[1093] [M]: 0x0000000080008E90 (0x03751513) slli a0, a0, 55
x10 <- 0x0080000000000000
mem[X,0x0000000080008E94] -> 0x0593
mem[X,0x0000000080008E96] -> 0xEFF0
[1094] [M]: 0x0000000080008E94 (0xEFF00593) addi a1, zero, 3839
x11 <- 0xFFFFFFFFFFFFFEFF
mem[X,0x0000000080008E98] -> 0x0113
mem[X,0x0000000080008E9A] -> 0x0000
[1095] [M]: 0x0000000080008E98 (0x00000113) addi sp, zero, 0
x2 <- 0x0000000000000000
mem[X,0x0000000080008E9C] -> 0x006F
mem[X,0x0000000080008E9E] -> 0x0100
[1096] [M]: 0x0000000080008E9C (0x0100006F) jal zero, 16
mem[X,0x0000000080008EAC] -> 0x4AE3
mem[X,0x0000000080008EAE] -> 0xFEB5
[1097] [M]: 0x0000000080008EAC (0xFEB54AE3) blt a0, a1, 8180
mem[X,0x0000000080008EB0] -> 0x0113
mem[X,0x0000000080008EB2] -> 0x0021
[1098] [M]: 0x0000000080008EB0 (0x00210113) addi sp, sp, 2
x2 <- 0x0000000000000002
mem[X,0x0000000080008EB4] -> 0x006F
mem[X,0x0000000080008EB6] -> 0x00C0
[1099] [M]: 0x0000000080008EB4 (0x00C0006F) jal zero, 12
clint::tick mtime <- 0x000000000000000B
 clint timer pending at mtime 0x000000000000000B
htif::tick 0x0000000000000000
mem[X,0x0000000080008EC0] -> 0xB823
mem[X,0x0000000080008EC2] -> 0x1A20
[1100] [M]: 0x0000000080008EC0 (0x1A20B823) sd sp, 432(ra)
mem[0x000000008004F388] <- 0x0000000000000002
mem[X,0x0000000080008EC4] -> 0x0513
mem[X,0x0000000080008EC6] -> 0x0010
[1101] [M]: 0x0000000080008EC4 (0x00100513) addi a0, zero, 1
x10 <- 0x0000000000000001
mem[X,0x0000000080008EC8] -> 0x1513
mem[X,0x0000000080008ECA] -> 0x01A5
[1102] [M]: 0x0000000080008EC8 (0x01A51513) slli a0, a0, 26
x10 <- 0x0000000004000000
mem[X,0x0000000080008ECC] -> 0x0593
mem[X,0x0000000080008ECE] -> 0xBFF0
[1103] [M]: 0x0000000080008ECC (0xBFF00593) addi a1, zero, 3071
x11 <- 0xFFFFFFFFFFFFFBFF
mem[X,0x0000000080008ED0] -> 0x0113
mem[X,0x0000000080008ED2] -> 0x0000
[1104] [M]: 0x0000000080008ED0 (0x00000113) addi sp, zero, 0
x2 <- 0x0000000000000000
mem[X,0x0000000080008ED4] -> 0x006F
mem[X,0x0000000080008ED6] -> 0x0100
[1105] [M]: 0x0000000080008ED4 (0x0100006F) jal zero, 16
mem[X,0x0000000080008EE4] -> 0x4AE3
mem[X,0x0000000080008EE6] -> 0xFEB5
[1106] [M]: 0x0000000080008EE4 (0xFEB54AE3) blt a0, a1, 8180
mem[X,0x0000000080008EE8] -> 0x0113
mem[X,0x0000000080008EEA] -> 0x0021
[1107] [M]: 0x0000000080008EE8 (0x00210113) addi sp, sp, 2
x2 <- 0x0000000000000002
mem[X,0x0000000080008EEC] -> 0x006F
mem[X,0x0000000080008EEE] -> 0x00C0
[1108] [M]: 0x0000000080008EEC (0x00C0006F) jal zero, 12
mem[X,0x0000000080008EF8] -> 0xBC23
mem[X,0x0000000080008EFA] -> 0x1A20
[1109] [M]: 0x0000000080008EF8 (0x1A20BC23) sd sp, 440(ra)
mem[0x000000008004F390] <- 0x0000000000000002
mem[X,0x0000000080008EFC] -> 0x0513
mem[X,0x0000000080008EFE] -> 0x0010
[1110] [M]: 0x0000000080008EFC (0x00100513) addi a0, zero, 1
x10 <- 0x0000000000000001
mem[X,0x0000000080008F00] -> 0x1513
mem[X,0x0000000080008F02] -> 0x0375
[1111] [M]: 0x0000000080008F00 (0x03751513) slli a0, a0, 55
x10 <- 0x0080000000000000
mem[X,0x0000000080008F04] -> 0x0593
mem[X,0x0000000080008F06] -> 0x0010
[1112] [M]: 0x0000000080008F04 (0x00100593) addi a1, zero, 1
x11 <- 0x0000000000000001
mem[X,0x0000000080008F08] -> 0x9593
mem[X,0x0000000080008F0A] -> 0x00B5
[1113] [M]: 0x0000000080008F08 (0x00B59593) slli a1, a1, 11
x11 <- 0x0000000000000800
mem[X,0x0000000080008F0C] -> 0xC593
mem[X,0x0000000080008F0E] -> 0xFFF5
[1114] [M]: 0x0000000080008F0C (0xFFF5C593) xori a1, a1, 4095
x11 <- 0xFFFFFFFFFFFFF7FF
mem[X,0x0000000080008F10] -> 0x0113
mem[X,0x0000000080008F12] -> 0x0000
[1115] [M]: 0x0000000080008F10 (0x00000113) addi sp, zero, 0
x2 <- 0x0000000000000000
mem[X,0x0000000080008F14] -> 0x006F
mem[X,0x0000000080008F16] -> 0x00C0
[1116] [M]: 0x0000000080008F14 (0x00C0006F) jal zero, 12
mem[X,0x0000000080008F20] -> 0x4063
mem[X,0x0000000080008F22] -> 0x04B5
[1117] [M]: 0x0000000080008F20 (0x04B54063) blt a0, a1, 64
mem[X,0x0000000080008F24] -> 0x0113
mem[X,0x0000000080008F26] -> 0x0021
[1118] [M]: 0x0000000080008F24 (0x00210113) addi sp, sp, 2
x2 <- 0x0000000000000002
mem[X,0x0000000080008F28] -> 0x006F
mem[X,0x0000000080008F2A] -> 0x0400
[1119] [M]: 0x0000000080008F28 (0x0400006F) jal zero, 64
mem[X,0x0000000080008F68] -> 0xB023
mem[X,0x0000000080008F6A] -> 0x1C20
[1120] [M]: 0x0000000080008F68 (0x1C20B023) sd sp, 448(ra)
mem[0x000000008004F398] <- 0x0000000000000002
mem[X,0x0000000080008F6C] -> 0x0513
mem[X,0x0000000080008F6E] -> 0x0010
[1121] [M]: 0x0000000080008F6C (0x00100513) addi a0, zero, 1
x10 <- 0x0000000000000001
mem[X,0x0000000080008F70] -> 0x1513
mem[X,0x0000000080008F72] -> 0x0295
[1122] [M]: 0x0000000080008F70 (0x02951513) slli a0, a0, 41
x10 <- 0x0000020000000000
mem[X,0x0000000080008F74] -> 0x4513
mem[X,0x0000000080008F76] -> 0xFFF5
[1123] [M]: 0x0000000080008F74 (0xFFF54513) xori a0, a0, 4095
x10 <- 0xFFFFFDFFFFFFFFFF
mem[X,0x0000000080008F78] -> 0x0593
mem[X,0x0000000080008F7A] -> 0x0010
[1124] [M]: 0x0000000080008F78 (0x00100593) addi a1, zero, 1
x11 <- 0x0000000000000001
mem[X,0x0000000080008F7C] -> 0x9593
mem[X,0x0000000080008F7E] -> 0x00C5
[1125] [M]: 0x0000000080008F7C (0x00C59593) slli a1, a1, 12
x11 <- 0x0000000000001000
mem[X,0x0000000080008F80] -> 0xC593
mem[X,0x0000000080008F82] -> 0xFFF5
[1126] [M]: 0x0000000080008F80 (0xFFF5C593) xori a1, a1, 4095
x11 <- 0xFFFFFFFFFFFFEFFF
mem[X,0x0000000080008F84] -> 0x0113
mem[X,0x0000000080008F86] -> 0x0000
[1127] [M]: 0x0000000080008F84 (0x00000113) addi sp, zero, 0
x2 <- 0x0000000000000000
mem[X,0x0000000080008F88] -> 0x006F
mem[X,0x0000000080008F8A] -> 0x00C0
[1128] [M]: 0x0000000080008F88 (0x00C0006F) jal zero, 12
mem[X,0x0000000080008F94] -> 0x4863
mem[X,0x0000000080008F96] -> 0x00B5
[1129] [M]: 0x0000000080008F94 (0x00B54863) blt a0, a1, 16
mem[X,0x0000000080008FA4] -> 0x0113
mem[X,0x0000000080008FA6] -> 0x0031
[1130] [M]: 0x0000000080008FA4 (0x00310113) addi sp, sp, 3
x2 <- 0x0000000000000003
mem[X,0x0000000080008FA8] -> 0x006F
mem[X,0x0000000080008FAA] -> 0x0040
[1131] [M]: 0x0000000080008FA8 (0x0040006F) jal zero, 4
mem[X,0x0000000080008FAC] -> 0xB423
mem[X,0x0000000080008FAE] -> 0x1C20
[1132] [M]: 0x0000000080008FAC (0x1C20B423) sd sp, 456(ra)
mem[0x000000008004F3A0] <- 0x0000000000000003
mem[X,0x0000000080008FB0] -> 0x0513
mem[X,0x0000000080008FB2] -> 0x0000
[1133] [M]: 0x0000000080008FB0 (0x00000513) addi a0, zero, 0
x10 <- 0x0000000000000000
mem[X,0x0000000080008FB4] -> 0x0593
mem[X,0x0000000080008FB6] -> 0x0010
[1134] [M]: 0x0000000080008FB4 (0x00100593) addi a1, zero, 1
x11 <- 0x0000000000000001
mem[X,0x0000000080008FB8] -> 0x9593
mem[X,0x0000000080008FBA] -> 0x00D5
[1135] [M]: 0x0000000080008FB8 (0x00D59593) slli a1, a1, 13
x11 <- 0x0000000000002000
mem[X,0x0000000080008FBC] -> 0xC593
mem[X,0x0000000080008FBE] -> 0xFFF5
[1136] [M]: 0x0000000080008FBC (0xFFF5C593) xori a1, a1, 4095
x11 <- 0xFFFFFFFFFFFFDFFF
mem[X,0x0000000080008FC0] -> 0x0113
mem[X,0x0000000080008FC2] -> 0x0000
[1137] [M]: 0x0000000080008FC0 (0x00000113) addi sp, zero, 0
x2 <- 0x0000000000000000
mem[X,0x0000000080008FC4] -> 0x006F
mem[X,0x0000000080008FC6] -> 0x00C0
[1138] [M]: 0x0000000080008FC4 (0x00C0006F) jal zero, 12
mem[X,0x0000000080008FD0] -> 0x4063
mem[X,0x0000000080008FD2] -> 0x08B5
[1139] [M]: 0x0000000080008FD0 (0x08B54063) blt a0, a1, 128
mem[X,0x0000000080008FD4] -> 0x0113
mem[X,0x0000000080008FD6] -> 0x0021
[1140] [M]: 0x0000000080008FD4 (0x00210113) addi sp, sp, 2
x2 <- 0x0000000000000002
mem[X,0x0000000080008FD8] -> 0x006F
mem[X,0x0000000080008FDA] -> 0x0800
[1141] [M]: 0x0000000080008FD8 (0x0800006F) jal zero, 128
mem[X,0x0000000080009058] -> 0xB823
mem[X,0x000000008000905A] -> 0x1C20
[1142] [M]: 0x0000000080009058 (0x1C20B823) sd sp, 464(ra)
mem[0x000000008004F3A8] <- 0x0000000000000002
mem[X,0x000000008000905C] -> 0x0513
mem[X,0x000000008000905E] -> 0x0010
[1143] [M]: 0x000000008000905C (0x00100513) addi a0, zero, 1
x10 <- 0x0000000000000001
mem[X,0x0000000080009060] -> 0x1513
mem[X,0x0000000080009062] -> 0x02C5
[1144] [M]: 0x0000000080009060 (0x02C51513) slli a0, a0, 44
x10 <- 0x0000100000000000
mem[X,0x0000000080009064] -> 0x4513
mem[X,0x0000000080009066] -> 0xFFF5
[1145] [M]: 0x0000000080009064 (0xFFF54513) xori a0, a0, 4095
x10 <- 0xFFFFEFFFFFFFFFFF
mem[X,0x0000000080009068] -> 0x0593
mem[X,0x000000008000906A] -> 0x0010
[1146] [M]: 0x0000000080009068 (0x00100593) addi a1, zero, 1
x11 <- 0x0000000000000001
mem[X,0x000000008000906C] -> 0x9593
mem[X,0x000000008000906E] -> 0x00E5
[1147] [M]: 0x000000008000906C (0x00E59593) slli a1, a1, 14
x11 <- 0x0000000000004000
mem[X,0x0000000080009070] -> 0xC593
mem[X,0x0000000080009072] -> 0xFFF5
[1148] [M]: 0x0000000080009070 (0xFFF5C593) xori a1, a1, 4095
x11 <- 0xFFFFFFFFFFFFBFFF
mem[X,0x0000000080009074] -> 0x0113
mem[X,0x0000000080009076] -> 0x0000
[1149] [M]: 0x0000000080009074 (0x00000113) addi sp, zero, 0
x2 <- 0x0000000000000000
mem[X,0x0000000080009078] -> 0x006F
mem[X,0x000000008000907A] -> 0x00C0
[1150] [M]: 0x0000000080009078 (0x00C0006F) jal zero, 12
mem[X,0x0000000080009084] -> 0x4063
mem[X,0x0000000080009086] -> 0x02B5
[1151] [M]: 0x0000000080009084 (0x02B54063) blt a0, a1, 32
mem[X,0x00000000800090A4] -> 0x0113
mem[X,0x00000000800090A6] -> 0x0031
[1152] [M]: 0x00000000800090A4 (0x00310113) addi sp, sp, 3
x2 <- 0x0000000000000003
mem[X,0x00000000800090A8] -> 0x006F
mem[X,0x00000000800090AA] -> 0x0040
[1153] [M]: 0x00000000800090A8 (0x0040006F) jal zero, 4
mem[X,0x00000000800090AC] -> 0xBC23
mem[X,0x00000000800090AE] -> 0x1C20
[1154] [M]: 0x00000000800090AC (0x1C20BC23) sd sp, 472(ra)
mem[0x000000008004F3B0] <- 0x0000000000000003
mem[X,0x00000000800090B0] -> 0x0513
mem[X,0x00000000800090B2] -> 0x0010
[1155] [M]: 0x00000000800090B0 (0x00100513) addi a0, zero, 1
x10 <- 0x0000000000000001
mem[X,0x00000000800090B4] -> 0x1513
mem[X,0x00000000800090B6] -> 0x0395
[1156] [M]: 0x00000000800090B4 (0x03951513) slli a0, a0, 57
x10 <- 0x0200000000000000
mem[X,0x00000000800090B8] -> 0x0593
mem[X,0x00000000800090BA] -> 0x0010
[1157] [M]: 0x00000000800090B8 (0x00100593) addi a1, zero, 1
x11 <- 0x0000000000000001
mem[X,0x00000000800090BC] -> 0x9593
mem[X,0x00000000800090BE] -> 0x00F5
[1158] [M]: 0x00000000800090BC (0x00F59593) slli a1, a1, 15
x11 <- 0x0000000000008000
mem[X,0x00000000800090C0] -> 0xC593
mem[X,0x00000000800090C2] -> 0xFFF5
[1159] [M]: 0x00000000800090C0 (0xFFF5C593) xori a1, a1, 4095
x11 <- 0xFFFFFFFFFFFF7FFF
mem[X,0x00000000800090C4] -> 0x0113
mem[X,0x00000000800090C6] -> 0x0000
[1160] [M]: 0x00000000800090C4 (0x00000113) addi sp, zero, 0
x2 <- 0x0000000000000000
mem[X,0x00000000800090C8] -> 0x006F
mem[X,0x00000000800090CA] -> 0x00C0
[1161] [M]: 0x00000000800090C8 (0x00C0006F) jal zero, 12
mem[X,0x00000000800090D4] -> 0x4863
mem[X,0x00000000800090D6] -> 0x00B5
[1162] [M]: 0x00000000800090D4 (0x00B54863) blt a0, a1, 16
mem[X,0x00000000800090D8] -> 0x0113
mem[X,0x00000000800090DA] -> 0x0021
[1163] [M]: 0x00000000800090D8 (0x00210113) addi sp, sp, 2
x2 <- 0x0000000000000002
mem[X,0x00000000800090DC] -> 0x006F
mem[X,0x00000000800090DE] -> 0x0100
[1164] [M]: 0x00000000800090DC (0x0100006F) jal zero, 16
mem[X,0x00000000800090EC] -> 0xB023
mem[X,0x00000000800090EE] -> 0x1E20
[1165] [M]: 0x00000000800090EC (0x1E20B023) sd sp, 480(ra)
mem[0x000000008004F3B8] <- 0x0000000000000002
mem[X,0x00000000800090F0] -> 0x0513
mem[X,0x00000000800090F2] -> 0x0010
[1166] [M]: 0x00000000800090F0 (0x00100513) addi a0, zero, 1
x10 <- 0x0000000000000001
mem[X,0x00000000800090F4] -> 0x1513
mem[X,0x00000000800090F6] -> 0x03B5
[1167] [M]: 0x00000000800090F4 (0x03B51513) slli a0, a0, 59
x10 <- 0x0800000000000000
mem[X,0x00000000800090F8] -> 0x4513
mem[X,0x00000000800090FA] -> 0xFFF5
[1168] [M]: 0x00000000800090F8 (0xFFF54513) xori a0, a0, 4095
x10 <- 0xF7FFFFFFFFFFFFFF
mem[X,0x00000000800090FC] -> 0x0593
mem[X,0x00000000800090FE] -> 0x0010
[1169] [M]: 0x00000000800090FC (0x00100593) addi a1, zero, 1
x11 <- 0x0000000000000001
mem[X,0x0000000080009100] -> 0x9593
mem[X,0x0000000080009102] -> 0x0105
[1170] [M]: 0x0000000080009100 (0x01059593) slli a1, a1, 16
x11 <- 0x0000000000010000
mem[X,0x0000000080009104] -> 0xC593
mem[X,0x0000000080009106] -> 0xFFF5
[1171] [M]: 0x0000000080009104 (0xFFF5C593) xori a1, a1, 4095
x11 <- 0xFFFFFFFFFFFEFFFF
mem[X,0x0000000080009108] -> 0x0113
mem[X,0x000000008000910A] -> 0x0000
[1172] [M]: 0x0000000080009108 (0x00000113) addi sp, zero, 0
x2 <- 0x0000000000000000
mem[X,0x000000008000910C] -> 0x006F
mem[X,0x000000008000910E] -> 0x2B10
[1173] [M]: 0x000000008000910C (0x2B10006F) jal zero, 2736
mem[X,0x0000000080009BBC] -> 0x4A63
mem[X,0x0000000080009BBE] -> 0xD4B5
[1174] [M]: 0x0000000080009BBC (0xD4B54A63) blt a0, a1, 5460
mem[X,0x0000000080009110] -> 0x0113
mem[X,0x0000000080009112] -> 0x0011
[1175] [M]: 0x0000000080009110 (0x00110113) addi sp, sp, 1
x2 <- 0x0000000000000001
mem[X,0x0000000080009114] -> 0x006F
mem[X,0x0000000080009116] -> 0x2BD0
[1176] [M]: 0x0000000080009114 (0x2BD0006F) jal zero, 2748
mem[X,0x0000000080009BD0] -> 0xB423
mem[X,0x0000000080009BD2] -> 0x1E20
[1177] [M]: 0x0000000080009BD0 (0x1E20B423) sd sp, 488(ra)
mem[0x000000008004F3C0] <- 0x0000000000000001
mem[X,0x0000000080009BD4] -> 0x0513
mem[X,0x0000000080009BD6] -> 0x0010
[1178] [M]: 0x0000000080009BD4 (0x00100513) addi a0, zero, 1
x10 <- 0x0000000000000001
mem[X,0x0000000080009BD8] -> 0x1513
mem[X,0x0000000080009BDA] -> 0x01D5
[1179] [M]: 0x0000000080009BD8 (0x01D51513) slli a0, a0, 29
x10 <- 0x0000000020000000
mem[X,0x0000000080009BDC] -> 0x4513
mem[X,0x0000000080009BDE] -> 0xFFF5
[1180] [M]: 0x0000000080009BDC (0xFFF54513) xori a0, a0, 4095
x10 <- 0xFFFFFFFFDFFFFFFF
mem[X,0x0000000080009BE0] -> 0x0593
mem[X,0x0000000080009BE2] -> 0x0010
[1181] [M]: 0x0000000080009BE0 (0x00100593) addi a1, zero, 1
x11 <- 0x0000000000000001
mem[X,0x0000000080009BE4] -> 0x9593
mem[X,0x0000000080009BE6] -> 0x0115
[1182] [M]: 0x0000000080009BE4 (0x01159593) slli a1, a1, 17
x11 <- 0x0000000000020000
mem[X,0x0000000080009BE8] -> 0xC593
mem[X,0x0000000080009BEA] -> 0xFFF5
[1183] [M]: 0x0000000080009BE8 (0xFFF5C593) xori a1, a1, 4095
x11 <- 0xFFFFFFFFFFFDFFFF
mem[X,0x0000000080009BEC] -> 0x0113
mem[X,0x0000000080009BEE] -> 0x0000
[1184] [M]: 0x0000000080009BEC (0x00000113) addi sp, zero, 0
x2 <- 0x0000000000000000
mem[X,0x0000000080009BF0] -> 0x006F
mem[X,0x0000000080009BF2] -> 0x00C0
[1185] [M]: 0x0000000080009BF0 (0x00C0006F) jal zero, 12
mem[X,0x0000000080009BFC] -> 0x4663
mem[X,0x0000000080009BFE] -> 0x00B5
[1186] [M]: 0x0000000080009BFC (0x00B54663) blt a0, a1, 12
mem[X,0x0000000080009C08] -> 0x0113
mem[X,0x0000000080009C0A] -> 0x0031
[1187] [M]: 0x0000000080009C08 (0x00310113) addi sp, sp, 3
x2 <- 0x0000000000000003
mem[X,0x0000000080009C0C] -> 0x006F
mem[X,0x0000000080009C0E] -> 0x0040
[1188] [M]: 0x0000000080009C0C (0x0040006F) jal zero, 4
mem[X,0x0000000080009C10] -> 0xB823
mem[X,0x0000000080009C12] -> 0x1E20
[1189] [M]: 0x0000000080009C10 (0x1E20B823) sd sp, 496(ra)
mem[0x000000008004F3C8] <- 0x0000000000000003
mem[X,0x0000000080009C14] -> 0x0513
mem[X,0x0000000080009C16] -> 0x0010
[1190] [M]: 0x0000000080009C14 (0x00100513) addi a0, zero, 1
x10 <- 0x0000000000000001
mem[X,0x0000000080009C18] -> 0x1513
mem[X,0x0000000080009C1A] -> 0x0305
[1191] [M]: 0x0000000080009C18 (0x03051513) slli a0, a0, 48
x10 <- 0x0001000000000000
mem[X,0x0000000080009C1C] -> 0x4513
mem[X,0x0000000080009C1E] -> 0xFFF5
[1192] [M]: 0x0000000080009C1C (0xFFF54513) xori a0, a0, 4095
x10 <- 0xFFFEFFFFFFFFFFFF
mem[X,0x0000000080009C20] -> 0x0593
mem[X,0x0000000080009C22] -> 0x0010
[1193] [M]: 0x0000000080009C20 (0x00100593) addi a1, zero, 1
x11 <- 0x0000000000000001
mem[X,0x0000000080009C24] -> 0x9593
mem[X,0x0000000080009C26] -> 0x0125
[1194] [M]: 0x0000000080009C24 (0x01259593) slli a1, a1, 18
x11 <- 0x0000000000040000
mem[X,0x0000000080009C28] -> 0xC593
mem[X,0x0000000080009C2A] -> 0xFFF5
[1195] [M]: 0x0000000080009C28 (0xFFF5C593) xori a1, a1, 4095
x11 <- 0xFFFFFFFFFFFBFFFF
mem[X,0x0000000080009C2C] -> 0x0113
mem[X,0x0000000080009C2E] -> 0x0000
[1196] [M]: 0x0000000080009C2C (0x00000113) addi sp, zero, 0
x2 <- 0x0000000000000000
mem[X,0x0000000080009C30] -> 0x006F
mem[X,0x0000000080009C32] -> 0x0100
[1197] [M]: 0x0000000080009C30 (0x0100006F) jal zero, 16
mem[X,0x0000000080009C40] -> 0x4AE3
mem[X,0x0000000080009C42] -> 0xFEB5
[1198] [M]: 0x0000000080009C40 (0xFEB54AE3) blt a0, a1, 8180
mem[X,0x0000000080009C34] -> 0x0113
mem[X,0x0000000080009C36] -> 0x0011
[1199] [M]: 0x0000000080009C34 (0x00110113) addi sp, sp, 1
x2 <- 0x0000000000000001
clint::tick mtime <- 0x000000000000000C
 clint timer pending at mtime 0x000000000000000C
htif::tick 0x0000000000000000
mem[X,0x0000000080009C38] -> 0x006F
mem[X,0x0000000080009C3A] -> 0x01C0
[1200] [M]: 0x0000000080009C38 (0x01C0006F) jal zero, 28
mem[X,0x0000000080009C54] -> 0xBC23
mem[X,0x0000000080009C56] -> 0x1E20
[1201] [M]: 0x0000000080009C54 (0x1E20BC23) sd sp, 504(ra)
mem[0x000000008004F3D0] <- 0x0000000000000001
mem[X,0x0000000080009C58] -> 0x0513
mem[X,0x0000000080009C5A] -> 0x0010
[1202] [M]: 0x0000000080009C58 (0x00100513) addi a0, zero, 1
x10 <- 0x0000000000000001
mem[X,0x0000000080009C5C] -> 0x1513
mem[X,0x0000000080009C5E] -> 0x0275
[1203] [M]: 0x0000000080009C5C (0x02751513) slli a0, a0, 39
x10 <- 0x0000008000000000
mem[X,0x0000000080009C60] -> 0x0593
mem[X,0x0000000080009C62] -> 0x0010
[1204] [M]: 0x0000000080009C60 (0x00100593) addi a1, zero, 1
x11 <- 0x0000000000000001
mem[X,0x0000000080009C64] -> 0x9593
mem[X,0x0000000080009C66] -> 0x0135
[1205] [M]: 0x0000000080009C64 (0x01359593) slli a1, a1, 19
x11 <- 0x0000000000080000
mem[X,0x0000000080009C68] -> 0xC593
mem[X,0x0000000080009C6A] -> 0xFFF5
[1206] [M]: 0x0000000080009C68 (0xFFF5C593) xori a1, a1, 4095
x11 <- 0xFFFFFFFFFFF7FFFF
mem[X,0x0000000080009C6C] -> 0x0113
mem[X,0x0000000080009C6E] -> 0x0000
[1207] [M]: 0x0000000080009C6C (0x00000113) addi sp, zero, 0
x2 <- 0x0000000000000000
mem[X,0x0000000080009C70] -> 0x006F
mem[X,0x0000000080009C72] -> 0x00C0
[1208] [M]: 0x0000000080009C70 (0x00C0006F) jal zero, 12
mem[X,0x0000000080009C7C] -> 0x4CE3
mem[X,0x0000000080009C7E] -> 0xFEB5
[1209] [M]: 0x0000000080009C7C (0xFEB54CE3) blt a0, a1, 8184
mem[X,0x0000000080009C80] -> 0x0113
mem[X,0x0000000080009C82] -> 0x0021
[1210] [M]: 0x0000000080009C80 (0x00210113) addi sp, sp, 2
x2 <- 0x0000000000000002
mem[X,0x0000000080009C84] -> 0x006F
mem[X,0x0000000080009C86] -> 0x00C0
[1211] [M]: 0x0000000080009C84 (0x00C0006F) jal zero, 12
mem[X,0x0000000080009C90] -> 0xB023
mem[X,0x0000000080009C92] -> 0x2020
[1212] [M]: 0x0000000080009C90 (0x2020B023) sd sp, 512(ra)
mem[0x000000008004F3D8] <- 0x0000000000000002
mem[X,0x0000000080009C94] -> 0x0513
mem[X,0x0000000080009C96] -> 0xFFF0
[1213] [M]: 0x0000000080009C94 (0xFFF00513) addi a0, zero, 4095
x10 <- 0xFFFFFFFFFFFFFFFF
mem[X,0x0000000080009C98] -> 0x1513
mem[X,0x0000000080009C9A] -> 0x03E5
[1214] [M]: 0x0000000080009C98 (0x03E51513) slli a0, a0, 62
x10 <- 0xC000000000000000
mem[X,0x0000000080009C9C] -> 0x0593
mem[X,0x0000000080009C9E] -> 0x0010
[1215] [M]: 0x0000000080009C9C (0x00100593) addi a1, zero, 1
x11 <- 0x0000000000000001
mem[X,0x0000000080009CA0] -> 0x9593
mem[X,0x0000000080009CA2] -> 0x0145
[1216] [M]: 0x0000000080009CA0 (0x01459593) slli a1, a1, 20
x11 <- 0x0000000000100000
mem[X,0x0000000080009CA4] -> 0xC593
mem[X,0x0000000080009CA6] -> 0xFFF5
[1217] [M]: 0x0000000080009CA4 (0xFFF5C593) xori a1, a1, 4095
x11 <- 0xFFFFFFFFFFEFFFFF
mem[X,0x0000000080009CA8] -> 0x0113
mem[X,0x0000000080009CAA] -> 0x0000
[1218] [M]: 0x0000000080009CA8 (0x00000113) addi sp, zero, 0
x2 <- 0x0000000000000000
mem[X,0x0000000080009CAC] -> 0x006F
mem[X,0x0000000080009CAE] -> 0x00C0
[1219] [M]: 0x0000000080009CAC (0x00C0006F) jal zero, 12
mem[X,0x0000000080009CB8] -> 0x4CE3
mem[X,0x0000000080009CBA] -> 0xFEB5
[1220] [M]: 0x0000000080009CB8 (0xFEB54CE3) blt a0, a1, 8184
mem[X,0x0000000080009CB0] -> 0x0113
mem[X,0x0000000080009CB2] -> 0x0011
[1221] [M]: 0x0000000080009CB0 (0x00110113) addi sp, sp, 1
x2 <- 0x0000000000000001
mem[X,0x0000000080009CB4] -> 0x006F
mem[X,0x0000000080009CB6] -> 0x0180
[1222] [M]: 0x0000000080009CB4 (0x0180006F) jal zero, 24
mem[X,0x0000000080009CCC] -> 0xB423
mem[X,0x0000000080009CCE] -> 0x2020
[1223] [M]: 0x0000000080009CCC (0x2020B423) sd sp, 520(ra)
mem[0x000000008004F3E0] <- 0x0000000000000001
mem[X,0x0000000080009CD0] -> 0x0513
mem[X,0x0000000080009CD2] -> 0x0010
[1224] [M]: 0x0000000080009CD0 (0x00100513) addi a0, zero, 1
x10 <- 0x0000000000000001
mem[X,0x0000000080009CD4] -> 0x1513
mem[X,0x0000000080009CD6] -> 0x0105
[1225] [M]: 0x0000000080009CD4 (0x01051513) slli a0, a0, 16
x10 <- 0x0000000000010000
mem[X,0x0000000080009CD8] -> 0x4513
mem[X,0x0000000080009CDA] -> 0xFFF5
[1226] [M]: 0x0000000080009CD8 (0xFFF54513) xori a0, a0, 4095
x10 <- 0xFFFFFFFFFFFEFFFF
mem[X,0x0000000080009CDC] -> 0x0593
mem[X,0x0000000080009CDE] -> 0x0010
[1227] [M]: 0x0000000080009CDC (0x00100593) addi a1, zero, 1
x11 <- 0x0000000000000001
mem[X,0x0000000080009CE0] -> 0x9593
mem[X,0x0000000080009CE2] -> 0x0155
[1228] [M]: 0x0000000080009CE0 (0x01559593) slli a1, a1, 21
x11 <- 0x0000000000200000
mem[X,0x0000000080009CE4] -> 0xC593
mem[X,0x0000000080009CE6] -> 0xFFF5
[1229] [M]: 0x0000000080009CE4 (0xFFF5C593) xori a1, a1, 4095
x11 <- 0xFFFFFFFFFFDFFFFF
mem[X,0x0000000080009CE8] -> 0x0113
mem[X,0x0000000080009CEA] -> 0x0000
[1230] [M]: 0x0000000080009CE8 (0x00000113) addi sp, zero, 0
x2 <- 0x0000000000000000
mem[X,0x0000000080009CEC] -> 0x006F
mem[X,0x0000000080009CEE] -> 0x00C0
[1231] [M]: 0x0000000080009CEC (0x00C0006F) jal zero, 12
mem[X,0x0000000080009CF8] -> 0x4063
mem[X,0x0000000080009CFA] -> 0x10B5
[1232] [M]: 0x0000000080009CF8 (0x10B54063) blt a0, a1, 256
mem[X,0x0000000080009CFC] -> 0x0113
mem[X,0x0000000080009CFE] -> 0x0021
[1233] [M]: 0x0000000080009CFC (0x00210113) addi sp, sp, 2
x2 <- 0x0000000000000002
mem[X,0x0000000080009D00] -> 0x006F
mem[X,0x0000000080009D02] -> 0x1000
[1234] [M]: 0x0000000080009D00 (0x1000006F) jal zero, 256
mem[X,0x0000000080009E00] -> 0xB823
mem[X,0x0000000080009E02] -> 0x2020
[1235] [M]: 0x0000000080009E00 (0x2020B823) sd sp, 528(ra)
mem[0x000000008004F3E8] <- 0x0000000000000002
mem[X,0x0000000080009E04] -> 0x0513
mem[X,0x0000000080009E06] -> 0x0010
[1236] [M]: 0x0000000080009E04 (0x00100513) addi a0, zero, 1
x10 <- 0x0000000000000001
mem[X,0x0000000080009E08] -> 0x1513
mem[X,0x0000000080009E0A] -> 0x00D5
[1237] [M]: 0x0000000080009E08 (0x00D51513) slli a0, a0, 13
x10 <- 0x0000000000002000
mem[X,0x0000000080009E0C] -> 0x4513
mem[X,0x0000000080009E0E] -> 0xFFF5
[1238] [M]: 0x0000000080009E0C (0xFFF54513) xori a0, a0, 4095
x10 <- 0xFFFFFFFFFFFFDFFF
mem[X,0x0000000080009E10] -> 0x0593
mem[X,0x0000000080009E12] -> 0x0010
[1239] [M]: 0x0000000080009E10 (0x00100593) addi a1, zero, 1
x11 <- 0x0000000000000001
mem[X,0x0000000080009E14] -> 0x9593
mem[X,0x0000000080009E16] -> 0x0165
[1240] [M]: 0x0000000080009E14 (0x01659593) slli a1, a1, 22
x11 <- 0x0000000000400000
mem[X,0x0000000080009E18] -> 0xC593
mem[X,0x0000000080009E1A] -> 0xFFF5
[1241] [M]: 0x0000000080009E18 (0xFFF5C593) xori a1, a1, 4095
x11 <- 0xFFFFFFFFFFBFFFFF
mem[X,0x0000000080009E1C] -> 0x0113
mem[X,0x0000000080009E1E] -> 0x0000
[1242] [M]: 0x0000000080009E1C (0x00000113) addi sp, zero, 0
x2 <- 0x0000000000000000
mem[X,0x0000000080009E20] -> 0x006F
mem[X,0x0000000080009E22] -> 0x00C0
[1243] [M]: 0x0000000080009E20 (0x00C0006F) jal zero, 12
mem[X,0x0000000080009E2C] -> 0x4663
mem[X,0x0000000080009E2E] -> 0x00B5
[1244] [M]: 0x0000000080009E2C (0x00B54663) blt a0, a1, 12
mem[X,0x0000000080009E30] -> 0x0113
mem[X,0x0000000080009E32] -> 0x0021
[1245] [M]: 0x0000000080009E30 (0x00210113) addi sp, sp, 2
x2 <- 0x0000000000000002
mem[X,0x0000000080009E34] -> 0x006F
mem[X,0x0000000080009E36] -> 0x00C0
[1246] [M]: 0x0000000080009E34 (0x00C0006F) jal zero, 12
mem[X,0x0000000080009E40] -> 0xBC23
mem[X,0x0000000080009E42] -> 0x2020
[1247] [M]: 0x0000000080009E40 (0x2020BC23) sd sp, 536(ra)
mem[0x000000008004F3F0] <- 0x0000000000000002
mem[X,0x0000000080009E44] -> 0x0513
mem[X,0x0000000080009E46] -> 0x0020
[1248] [M]: 0x0000000080009E44 (0x00200513) addi a0, zero, 2
x10 <- 0x0000000000000002
mem[X,0x0000000080009E48] -> 0x0593
mem[X,0x0000000080009E4A] -> 0x0010
[1249] [M]: 0x0000000080009E48 (0x00100593) addi a1, zero, 1
x11 <- 0x0000000000000001
mem[X,0x0000000080009E4C] -> 0x9593
mem[X,0x0000000080009E4E] -> 0x0175
[1250] [M]: 0x0000000080009E4C (0x01759593) slli a1, a1, 23
x11 <- 0x0000000000800000
mem[X,0x0000000080009E50] -> 0xC593
mem[X,0x0000000080009E52] -> 0xFFF5
[1251] [M]: 0x0000000080009E50 (0xFFF5C593) xori a1, a1, 4095
x11 <- 0xFFFFFFFFFF7FFFFF
mem[X,0x0000000080009E54] -> 0x0113
mem[X,0x0000000080009E56] -> 0x0000
[1252] [M]: 0x0000000080009E54 (0x00000113) addi sp, zero, 0
x2 <- 0x0000000000000000
mem[X,0x0000000080009E58] -> 0x006F
mem[X,0x0000000080009E5A] -> 0x00C0
[1253] [M]: 0x0000000080009E58 (0x00C0006F) jal zero, 12
mem[X,0x0000000080009E64] -> 0x4063
mem[X,0x0000000080009E66] -> 0x40B5
[1254] [M]: 0x0000000080009E64 (0x40B54063) blt a0, a1, 1024
mem[X,0x0000000080009E68] -> 0x0113
mem[X,0x0000000080009E6A] -> 0x0021
[1255] [M]: 0x0000000080009E68 (0x00210113) addi sp, sp, 2
x2 <- 0x0000000000000002
mem[X,0x0000000080009E6C] -> 0x006F
mem[X,0x0000000080009E6E] -> 0x4000
[1256] [M]: 0x0000000080009E6C (0x4000006F) jal zero, 1024
mem[X,0x000000008000A26C] -> 0xB023
mem[X,0x000000008000A26E] -> 0x2220
[1257] [M]: 0x000000008000A26C (0x2220B023) sd sp, 544(ra)
mem[0x000000008004F3F8] <- 0x0000000000000002
mem[X,0x000000008000A270] -> 0x0513
mem[X,0x000000008000A272] -> 0xFFA0
[1258] [M]: 0x000000008000A270 (0xFFA00513) addi a0, zero, 4090
x10 <- 0xFFFFFFFFFFFFFFFA
mem[X,0x000000008000A274] -> 0x0593
mem[X,0x000000008000A276] -> 0x0010
[1259] [M]: 0x000000008000A274 (0x00100593) addi a1, zero, 1
x11 <- 0x0000000000000001
mem[X,0x000000008000A278] -> 0x9593
mem[X,0x000000008000A27A] -> 0x0185
[1260] [M]: 0x000000008000A278 (0x01859593) slli a1, a1, 24
x11 <- 0x0000000001000000
mem[X,0x000000008000A27C] -> 0xC593
mem[X,0x000000008000A27E] -> 0xFFF5
[1261] [M]: 0x000000008000A27C (0xFFF5C593) xori a1, a1, 4095
x11 <- 0xFFFFFFFFFEFFFFFF
mem[X,0x000000008000A280] -> 0x0113
mem[X,0x000000008000A282] -> 0x0000
[1262] [M]: 0x000000008000A280 (0x00000113) addi sp, zero, 0
x2 <- 0x0000000000000000
mem[X,0x000000008000A284] -> 0x006F
mem[X,0x000000008000A286] -> 0x00C0
[1263] [M]: 0x000000008000A284 (0x00C0006F) jal zero, 12
mem[X,0x000000008000A290] -> 0x4063
mem[X,0x000000008000A292] -> 0x02B5
[1264] [M]: 0x000000008000A290 (0x02B54063) blt a0, a1, 32
mem[X,0x000000008000A294] -> 0x0113
mem[X,0x000000008000A296] -> 0x0021
[1265] [M]: 0x000000008000A294 (0x00210113) addi sp, sp, 2
x2 <- 0x0000000000000002
mem[X,0x000000008000A298] -> 0x006F
mem[X,0x000000008000A29A] -> 0x0200
[1266] [M]: 0x000000008000A298 (0x0200006F) jal zero, 32
mem[X,0x000000008000A2B8] -> 0xB423
mem[X,0x000000008000A2BA] -> 0x2220
[1267] [M]: 0x000000008000A2B8 (0x2220B423) sd sp, 552(ra)
mem[0x000000008004F400] <- 0x0000000000000002
mem[X,0x000000008000A2BC] -> 0x0513
mem[X,0x000000008000A2BE] -> 0x0010
[1268] [M]: 0x000000008000A2BC (0x00100513) addi a0, zero, 1
x10 <- 0x0000000000000001
mem[X,0x000000008000A2C0] -> 0x1513
mem[X,0x000000008000A2C2] -> 0x02B5
[1269] [M]: 0x000000008000A2C0 (0x02B51513) slli a0, a0, 43
x10 <- 0x0000080000000000
mem[X,0x000000008000A2C4] -> 0x0593
mem[X,0x000000008000A2C6] -> 0x0010
[1270] [M]: 0x000000008000A2C4 (0x00100593) addi a1, zero, 1
x11 <- 0x0000000000000001
mem[X,0x000000008000A2C8] -> 0x9593
mem[X,0x000000008000A2CA] -> 0x0195
[1271] [M]: 0x000000008000A2C8 (0x01959593) slli a1, a1, 25
x11 <- 0x0000000002000000
mem[X,0x000000008000A2CC] -> 0xC593
mem[X,0x000000008000A2CE] -> 0xFFF5
[1272] [M]: 0x000000008000A2CC (0xFFF5C593) xori a1, a1, 4095
x11 <- 0xFFFFFFFFFDFFFFFF
mem[X,0x000000008000A2D0] -> 0x0113
mem[X,0x000000008000A2D2] -> 0x0000
[1273] [M]: 0x000000008000A2D0 (0x00000113) addi sp, zero, 0
x2 <- 0x0000000000000000
mem[X,0x000000008000A2D4] -> 0x006F
mem[X,0x000000008000A2D6] -> 0x0180
[1274] [M]: 0x000000008000A2D4 (0x0180006F) jal zero, 24
mem[X,0x000000008000A2EC] -> 0x46E3
mem[X,0x000000008000A2EE] -> 0xFEB5
[1275] [M]: 0x000000008000A2EC (0xFEB546E3) blt a0, a1, 8172
mem[X,0x000000008000A2F0] -> 0x0113
mem[X,0x000000008000A2F2] -> 0x0021
[1276] [M]: 0x000000008000A2F0 (0x00210113) addi sp, sp, 2
x2 <- 0x0000000000000002
mem[X,0x000000008000A2F4] -> 0x006F
mem[X,0x000000008000A2F6] -> 0x00C0
[1277] [M]: 0x000000008000A2F4 (0x00C0006F) jal zero, 12
mem[X,0x000000008000A300] -> 0xB823
mem[X,0x000000008000A302] -> 0x2220
[1278] [M]: 0x000000008000A300 (0x2220B823) sd sp, 560(ra)
mem[0x000000008004F408] <- 0x0000000000000002
mem[X,0x000000008000A304] -> 0x0513
mem[X,0x000000008000A306] -> 0x0200
[1279] [M]: 0x000000008000A304 (0x02000513) addi a0, zero, 32
x10 <- 0x0000000000000020
mem[X,0x000000008000A308] -> 0x0593
mem[X,0x000000008000A30A] -> 0x0010
[1280] [M]: 0x000000008000A308 (0x00100593) addi a1, zero, 1
x11 <- 0x0000000000000001
mem[X,0x000000008000A30C] -> 0x9593
mem[X,0x000000008000A30E] -> 0x01A5
[1281] [M]: 0x000000008000A30C (0x01A59593) slli a1, a1, 26
x11 <- 0x0000000004000000
mem[X,0x000000008000A310] -> 0xC593
mem[X,0x000000008000A312] -> 0xFFF5
[1282] [M]: 0x000000008000A310 (0xFFF5C593) xori a1, a1, 4095
x11 <- 0xFFFFFFFFFBFFFFFF
mem[X,0x000000008000A314] -> 0x0113
mem[X,0x000000008000A316] -> 0x0000
[1283] [M]: 0x000000008000A314 (0x00000113) addi sp, zero, 0
x2 <- 0x0000000000000000
mem[X,0x000000008000A318] -> 0x006F
mem[X,0x000000008000A31A] -> 0x0180
[1284] [M]: 0x000000008000A318 (0x0180006F) jal zero, 24
mem[X,0x000000008000A330] -> 0x46E3
mem[X,0x000000008000A332] -> 0xFEB5
[1285] [M]: 0x000000008000A330 (0xFEB546E3) blt a0, a1, 8172
mem[X,0x000000008000A334] -> 0x0113
mem[X,0x000000008000A336] -> 0x0021
[1286] [M]: 0x000000008000A334 (0x00210113) addi sp, sp, 2
x2 <- 0x0000000000000002
mem[X,0x000000008000A338] -> 0x006F
mem[X,0x000000008000A33A] -> 0x00C0
[1287] [M]: 0x000000008000A338 (0x00C0006F) jal zero, 12
mem[X,0x000000008000A344] -> 0xBC23
mem[X,0x000000008000A346] -> 0x2220
[1288] [M]: 0x000000008000A344 (0x2220BC23) sd sp, 568(ra)
mem[0x000000008004F410] <- 0x0000000000000002
mem[X,0x000000008000A348] -> 0x0513
mem[X,0x000000008000A34A] -> 0x0010
[1289] [M]: 0x000000008000A348 (0x00100513) addi a0, zero, 1
x10 <- 0x0000000000000001
mem[X,0x000000008000A34C] -> 0x1513
mem[X,0x000000008000A34E] -> 0x0265
[1290] [M]: 0x000000008000A34C (0x02651513) slli a0, a0, 38
x10 <- 0x0000004000000000
mem[X,0x000000008000A350] -> 0x4513
mem[X,0x000000008000A352] -> 0xFFF5
[1291] [M]: 0x000000008000A350 (0xFFF54513) xori a0, a0, 4095
x10 <- 0xFFFFFFBFFFFFFFFF
mem[X,0x000000008000A354] -> 0x0593
mem[X,0x000000008000A356] -> 0x0010
[1292] [M]: 0x000000008000A354 (0x00100593) addi a1, zero, 1
x11 <- 0x0000000000000001
mem[X,0x000000008000A358] -> 0x9593
mem[X,0x000000008000A35A] -> 0x01B5
[1293] [M]: 0x000000008000A358 (0x01B59593) slli a1, a1, 27
x11 <- 0x0000000008000000
mem[X,0x000000008000A35C] -> 0xC593
mem[X,0x000000008000A35E] -> 0xFFF5
[1294] [M]: 0x000000008000A35C (0xFFF5C593) xori a1, a1, 4095
x11 <- 0xFFFFFFFFF7FFFFFF
mem[X,0x000000008000A360] -> 0x0113
mem[X,0x000000008000A362] -> 0x0000
[1295] [M]: 0x000000008000A360 (0x00000113) addi sp, zero, 0
x2 <- 0x0000000000000000
mem[X,0x000000008000A364] -> 0x006F
mem[X,0x000000008000A366] -> 0x00C0
[1296] [M]: 0x000000008000A364 (0x00C0006F) jal zero, 12
mem[X,0x000000008000A370] -> 0x4063
mem[X,0x000000008000A372] -> 0x20B5
[1297] [M]: 0x000000008000A370 (0x20B54063) blt a0, a1, 512
mem[X,0x000000008000A570] -> 0x0113
mem[X,0x000000008000A572] -> 0x0031
[1298] [M]: 0x000000008000A570 (0x00310113) addi sp, sp, 3
x2 <- 0x0000000000000003
mem[X,0x000000008000A574] -> 0x006F
mem[X,0x000000008000A576] -> 0x0040
[1299] [M]: 0x000000008000A574 (0x0040006F) jal zero, 4
clint::tick mtime <- 0x000000000000000D
 clint timer pending at mtime 0x000000000000000D
htif::tick 0x0000000000000000
mem[X,0x000000008000A578] -> 0xB023
mem[X,0x000000008000A57A] -> 0x2420
[1300] [M]: 0x000000008000A578 (0x2420B023) sd sp, 576(ra)
mem[0x000000008004F418] <- 0x0000000000000003
mem[X,0x000000008000A57C] -> 0x0513
mem[X,0x000000008000A57E] -> 0x0010
[1301] [M]: 0x000000008000A57C (0x00100513) addi a0, zero, 1
x10 <- 0x0000000000000001
mem[X,0x000000008000A580] -> 0x1513
mem[X,0x000000008000A582] -> 0x0245
[1302] [M]: 0x000000008000A580 (0x02451513) slli a0, a0, 36
x10 <- 0x0000001000000000
mem[X,0x000000008000A584] -> 0x0593
mem[X,0x000000008000A586] -> 0x0010
[1303] [M]: 0x000000008000A584 (0x00100593) addi a1, zero, 1
x11 <- 0x0000000000000001
mem[X,0x000000008000A588] -> 0x9593
mem[X,0x000000008000A58A] -> 0x01C5
[1304] [M]: 0x000000008000A588 (0x01C59593) slli a1, a1, 28
x11 <- 0x0000000010000000
mem[X,0x000000008000A58C] -> 0xC593
mem[X,0x000000008000A58E] -> 0xFFF5
[1305] [M]: 0x000000008000A58C (0xFFF5C593) xori a1, a1, 4095
x11 <- 0xFFFFFFFFEFFFFFFF
mem[X,0x000000008000A590] -> 0x0113
mem[X,0x000000008000A592] -> 0x0000
[1306] [M]: 0x000000008000A590 (0x00000113) addi sp, zero, 0
x2 <- 0x0000000000000000
mem[X,0x000000008000A594] -> 0x006F
mem[X,0x000000008000A596] -> 0x00C0
[1307] [M]: 0x000000008000A594 (0x00C0006F) jal zero, 12
mem[X,0x000000008000A5A0] -> 0x4CE3
mem[X,0x000000008000A5A2] -> 0xFEB5
[1308] [M]: 0x000000008000A5A0 (0xFEB54CE3) blt a0, a1, 8184
mem[X,0x000000008000A5A4] -> 0x0113
mem[X,0x000000008000A5A6] -> 0x0021
[1309] [M]: 0x000000008000A5A4 (0x00210113) addi sp, sp, 2
x2 <- 0x0000000000000002
mem[X,0x000000008000A5A8] -> 0x006F
mem[X,0x000000008000A5AA] -> 0x00C0
[1310] [M]: 0x000000008000A5A8 (0x00C0006F) jal zero, 12
mem[X,0x000000008000A5B4] -> 0xB423
mem[X,0x000000008000A5B6] -> 0x2420
[1311] [M]: 0x000000008000A5B4 (0x2420B423) sd sp, 584(ra)
mem[0x000000008004F420] <- 0x0000000000000002
mem[X,0x000000008000A5B8] -> 0x0513
mem[X,0x000000008000A5BA] -> 0x0040
[1312] [M]: 0x000000008000A5B8 (0x00400513) addi a0, zero, 4
x10 <- 0x0000000000000004
mem[X,0x000000008000A5BC] -> 0x0593
mem[X,0x000000008000A5BE] -> 0x0010
[1313] [M]: 0x000000008000A5BC (0x00100593) addi a1, zero, 1
x11 <- 0x0000000000000001
mem[X,0x000000008000A5C0] -> 0x9593
mem[X,0x000000008000A5C2] -> 0x01D5
[1314] [M]: 0x000000008000A5C0 (0x01D59593) slli a1, a1, 29
x11 <- 0x0000000020000000
mem[X,0x000000008000A5C4] -> 0xC593
mem[X,0x000000008000A5C6] -> 0xFFF5
[1315] [M]: 0x000000008000A5C4 (0xFFF5C593) xori a1, a1, 4095
x11 <- 0xFFFFFFFFDFFFFFFF
mem[X,0x000000008000A5C8] -> 0x0113
mem[X,0x000000008000A5CA] -> 0x0000
[1316] [M]: 0x000000008000A5C8 (0x00000113) addi sp, zero, 0
x2 <- 0x0000000000000000
mem[X,0x000000008000A5CC] -> 0x006F
mem[X,0x000000008000A5CE] -> 0x0140
[1317] [M]: 0x000000008000A5CC (0x0140006F) jal zero, 20
mem[X,0x000000008000A5E0] -> 0x48E3
mem[X,0x000000008000A5E2] -> 0xFEB5
[1318] [M]: 0x000000008000A5E0 (0xFEB548E3) blt a0, a1, 8176
mem[X,0x000000008000A5E4] -> 0x0113
mem[X,0x000000008000A5E6] -> 0x0021
[1319] [M]: 0x000000008000A5E4 (0x00210113) addi sp, sp, 2
x2 <- 0x0000000000000002
mem[X,0x000000008000A5E8] -> 0x006F
mem[X,0x000000008000A5EA] -> 0x00C0
[1320] [M]: 0x000000008000A5E8 (0x00C0006F) jal zero, 12
mem[X,0x000000008000A5F4] -> 0xB823
mem[X,0x000000008000A5F6] -> 0x2420
[1321] [M]: 0x000000008000A5F4 (0x2420B823) sd sp, 592(ra)
mem[0x000000008004F428] <- 0x0000000000000002
mem[X,0x000000008000A5F8] -> 0x0513
mem[X,0x000000008000A5FA] -> 0x0010
[1322] [M]: 0x000000008000A5F8 (0x00100513) addi a0, zero, 1
x10 <- 0x0000000000000001
mem[X,0x000000008000A5FC] -> 0x1513
mem[X,0x000000008000A5FE] -> 0x0145
[1323] [M]: 0x000000008000A5FC (0x01451513) slli a0, a0, 20
x10 <- 0x0000000000100000
mem[X,0x000000008000A600] -> 0x0593
mem[X,0x000000008000A602] -> 0x0010
[1324] [M]: 0x000000008000A600 (0x00100593) addi a1, zero, 1
x11 <- 0x0000000000000001
mem[X,0x000000008000A604] -> 0x9593
mem[X,0x000000008000A606] -> 0x01E5
[1325] [M]: 0x000000008000A604 (0x01E59593) slli a1, a1, 30
x11 <- 0x0000000040000000
mem[X,0x000000008000A608] -> 0xC593
mem[X,0x000000008000A60A] -> 0xFFF5
[1326] [M]: 0x000000008000A608 (0xFFF5C593) xori a1, a1, 4095
x11 <- 0xFFFFFFFFBFFFFFFF
mem[X,0x000000008000A60C] -> 0x0113
mem[X,0x000000008000A60E] -> 0x0000
[1327] [M]: 0x000000008000A60C (0x00000113) addi sp, zero, 0
x2 <- 0x0000000000000000
mem[X,0x000000008000A610] -> 0x006F
mem[X,0x000000008000A612] -> 0x00C0
[1328] [M]: 0x000000008000A610 (0x00C0006F) jal zero, 12
mem[X,0x000000008000A61C] -> 0x4063
mem[X,0x000000008000A61E] -> 0x04B5
[1329] [M]: 0x000000008000A61C (0x04B54063) blt a0, a1, 64
mem[X,0x000000008000A620] -> 0x0113
mem[X,0x000000008000A622] -> 0x0021
[1330] [M]: 0x000000008000A620 (0x00210113) addi sp, sp, 2
x2 <- 0x0000000000000002
mem[X,0x000000008000A624] -> 0x006F
mem[X,0x000000008000A626] -> 0x0400
[1331] [M]: 0x000000008000A624 (0x0400006F) jal zero, 64
mem[X,0x000000008000A664] -> 0xBC23
mem[X,0x000000008000A666] -> 0x2420
[1332] [M]: 0x000000008000A664 (0x2420BC23) sd sp, 600(ra)
mem[0x000000008004F430] <- 0x0000000000000002
mem[X,0x000000008000A668] -> 0x0513
mem[X,0x000000008000A66A] -> 0x0050
[1333] [M]: 0x000000008000A668 (0x00500513) addi a0, zero, 5
x10 <- 0x0000000000000005
mem[X,0x000000008000A66C] -> 0x0593
mem[X,0x000000008000A66E] -> 0x0010
[1334] [M]: 0x000000008000A66C (0x00100593) addi a1, zero, 1
x11 <- 0x0000000000000001
mem[X,0x000000008000A670] -> 0x9593
mem[X,0x000000008000A672] -> 0x01F5
[1335] [M]: 0x000000008000A670 (0x01F59593) slli a1, a1, 31
x11 <- 0x0000000080000000
mem[X,0x000000008000A674] -> 0xC593
mem[X,0x000000008000A676] -> 0xFFF5
[1336] [M]: 0x000000008000A674 (0xFFF5C593) xori a1, a1, 4095
x11 <- 0xFFFFFFFF7FFFFFFF
mem[X,0x000000008000A678] -> 0x0113
mem[X,0x000000008000A67A] -> 0x0000
[1337] [M]: 0x000000008000A678 (0x00000113) addi sp, zero, 0
x2 <- 0x0000000000000000
mem[X,0x000000008000A67C] -> 0x006F
mem[X,0x000000008000A67E] -> 0x2B10
[1338] [M]: 0x000000008000A67C (0x2B10006F) jal zero, 2736
mem[X,0x000000008000B12C] -> 0x4A63
mem[X,0x000000008000B12E] -> 0xD4B5
[1339] [M]: 0x000000008000B12C (0xD4B54A63) blt a0, a1, 5460
mem[X,0x000000008000B130] -> 0x0113
mem[X,0x000000008000B132] -> 0x0021
[1340] [M]: 0x000000008000B130 (0x00210113) addi sp, sp, 2
x2 <- 0x0000000000000002
mem[X,0x000000008000B134] -> 0x006F
mem[X,0x000000008000B136] -> 0x00C0
[1341] [M]: 0x000000008000B134 (0x00C0006F) jal zero, 12
mem[X,0x000000008000B140] -> 0xB023
mem[X,0x000000008000B142] -> 0x2620
[1342] [M]: 0x000000008000B140 (0x2620B023) sd sp, 608(ra)
mem[0x000000008004F438] <- 0x0000000000000002
mem[X,0x000000008000B144] -> 0x0513
mem[X,0x000000008000B146] -> 0x0010
[1343] [M]: 0x000000008000B144 (0x00100513) addi a0, zero, 1
x10 <- 0x0000000000000001
mem[X,0x000000008000B148] -> 0x1513
mem[X,0x000000008000B14A] -> 0x0125
[1344] [M]: 0x000000008000B148 (0x01251513) slli a0, a0, 18
x10 <- 0x0000000000040000
mem[X,0x000000008000B14C] -> 0x0593
mem[X,0x000000008000B14E] -> 0x0010
[1345] [M]: 0x000000008000B14C (0x00100593) addi a1, zero, 1
x11 <- 0x0000000000000001
mem[X,0x000000008000B150] -> 0x9593
mem[X,0x000000008000B152] -> 0x0205
[1346] [M]: 0x000000008000B150 (0x02059593) slli a1, a1, 32
x11 <- 0x0000000100000000
mem[X,0x000000008000B154] -> 0xC593
mem[X,0x000000008000B156] -> 0xFFF5
[1347] [M]: 0x000000008000B154 (0xFFF5C593) xori a1, a1, 4095
x11 <- 0xFFFFFFFEFFFFFFFF
mem[X,0x000000008000B158] -> 0x0113
mem[X,0x000000008000B15A] -> 0x0000
[1348] [M]: 0x000000008000B158 (0x00000113) addi sp, zero, 0
x2 <- 0x0000000000000000
mem[X,0x000000008000B15C] -> 0x006F
mem[X,0x000000008000B15E] -> 0x00C0
[1349] [M]: 0x000000008000B15C (0x00C0006F) jal zero, 12
mem[X,0x000000008000B168] -> 0x4063
mem[X,0x000000008000B16A] -> 0x20B5
[1350] [M]: 0x000000008000B168 (0x20B54063) blt a0, a1, 512
mem[X,0x000000008000B16C] -> 0x0113
mem[X,0x000000008000B16E] -> 0x0021
[1351] [M]: 0x000000008000B16C (0x00210113) addi sp, sp, 2
x2 <- 0x0000000000000002
mem[X,0x000000008000B170] -> 0x006F
mem[X,0x000000008000B172] -> 0x2000
[1352] [M]: 0x000000008000B170 (0x2000006F) jal zero, 512
mem[X,0x000000008000B370] -> 0xB423
mem[X,0x000000008000B372] -> 0x2620
[1353] [M]: 0x000000008000B370 (0x2620B423) sd sp, 616(ra)
mem[0x000000008004F440] <- 0x0000000000000002
mem[X,0x000000008000B374] -> 0x0513
mem[X,0x000000008000B376] -> 0xFF60
[1354] [M]: 0x000000008000B374 (0xFF600513) addi a0, zero, 4086
x10 <- 0xFFFFFFFFFFFFFFF6
mem[X,0x000000008000B378] -> 0x0593
mem[X,0x000000008000B37A] -> 0x0010
[1355] [M]: 0x000000008000B378 (0x00100593) addi a1, zero, 1
x11 <- 0x0000000000000001
mem[X,0x000000008000B37C] -> 0x9593
mem[X,0x000000008000B37E] -> 0x0215
[1356] [M]: 0x000000008000B37C (0x02159593) slli a1, a1, 33
x11 <- 0x0000000200000000
mem[X,0x000000008000B380] -> 0xC593
mem[X,0x000000008000B382] -> 0xFFF5
[1357] [M]: 0x000000008000B380 (0xFFF5C593) xori a1, a1, 4095
x11 <- 0xFFFFFFFDFFFFFFFF
mem[X,0x000000008000B384] -> 0x0113
mem[X,0x000000008000B386] -> 0x0000
[1358] [M]: 0x000000008000B384 (0x00000113) addi sp, zero, 0
x2 <- 0x0000000000000000
mem[X,0x000000008000B388] -> 0x006F
mem[X,0x000000008000B38A] -> 0x00C0
[1359] [M]: 0x000000008000B388 (0x00C0006F) jal zero, 12
mem[X,0x000000008000B394] -> 0x4863
mem[X,0x000000008000B396] -> 0x00B5
[1360] [M]: 0x000000008000B394 (0x00B54863) blt a0, a1, 16
mem[X,0x000000008000B398] -> 0x0113
mem[X,0x000000008000B39A] -> 0x0021
[1361] [M]: 0x000000008000B398 (0x00210113) addi sp, sp, 2
x2 <- 0x0000000000000002
mem[X,0x000000008000B39C] -> 0x006F
mem[X,0x000000008000B39E] -> 0x0100
[1362] [M]: 0x000000008000B39C (0x0100006F) jal zero, 16
mem[X,0x000000008000B3AC] -> 0xB823
mem[X,0x000000008000B3AE] -> 0x2620
[1363] [M]: 0x000000008000B3AC (0x2620B823) sd sp, 624(ra)
mem[0x000000008004F448] <- 0x0000000000000002
mem[X,0x000000008000B3B0] -> 0x0513
mem[X,0x000000008000B3B2] -> 0xFF70
[1364] [M]: 0x000000008000B3B0 (0xFF700513) addi a0, zero, 4087
x10 <- 0xFFFFFFFFFFFFFFF7
mem[X,0x000000008000B3B4] -> 0x0593
mem[X,0x000000008000B3B6] -> 0x0010
[1365] [M]: 0x000000008000B3B4 (0x00100593) addi a1, zero, 1
x11 <- 0x0000000000000001
mem[X,0x000000008000B3B8] -> 0x9593
mem[X,0x000000008000B3BA] -> 0x0225
[1366] [M]: 0x000000008000B3B8 (0x02259593) slli a1, a1, 34
x11 <- 0x0000000400000000
mem[X,0x000000008000B3BC] -> 0xC593
mem[X,0x000000008000B3BE] -> 0xFFF5
[1367] [M]: 0x000000008000B3BC (0xFFF5C593) xori a1, a1, 4095
x11 <- 0xFFFFFFFBFFFFFFFF
mem[X,0x000000008000B3C0] -> 0x0113
mem[X,0x000000008000B3C2] -> 0x0000
[1368] [M]: 0x000000008000B3C0 (0x00000113) addi sp, zero, 0
x2 <- 0x0000000000000000
mem[X,0x000000008000B3C4] -> 0x006F
mem[X,0x000000008000B3C6] -> 0x00C0
[1369] [M]: 0x000000008000B3C4 (0x00C0006F) jal zero, 12
mem[X,0x000000008000B3D0] -> 0x4663
mem[X,0x000000008000B3D2] -> 0x00B5
[1370] [M]: 0x000000008000B3D0 (0x00B54663) blt a0, a1, 12
mem[X,0x000000008000B3D4] -> 0x0113
mem[X,0x000000008000B3D6] -> 0x0021
[1371] [M]: 0x000000008000B3D4 (0x00210113) addi sp, sp, 2
x2 <- 0x0000000000000002
mem[X,0x000000008000B3D8] -> 0x006F
mem[X,0x000000008000B3DA] -> 0x00C0
[1372] [M]: 0x000000008000B3D8 (0x00C0006F) jal zero, 12
mem[X,0x000000008000B3E4] -> 0xBC23
mem[X,0x000000008000B3E6] -> 0x2620
[1373] [M]: 0x000000008000B3E4 (0x2620BC23) sd sp, 632(ra)
mem[0x000000008004F450] <- 0x0000000000000002
mem[X,0x000000008000B3E8] -> 0x0513
mem[X,0x000000008000B3EA] -> 0x0010
[1374] [M]: 0x000000008000B3E8 (0x00100513) addi a0, zero, 1
x10 <- 0x0000000000000001
mem[X,0x000000008000B3EC] -> 0x1513
mem[X,0x000000008000B3EE] -> 0x00D5
[1375] [M]: 0x000000008000B3EC (0x00D51513) slli a0, a0, 13
x10 <- 0x0000000000002000
mem[X,0x000000008000B3F0] -> 0x4513
mem[X,0x000000008000B3F2] -> 0xFFF5
[1376] [M]: 0x000000008000B3F0 (0xFFF54513) xori a0, a0, 4095
x10 <- 0xFFFFFFFFFFFFDFFF
mem[X,0x000000008000B3F4] -> 0x0593
mem[X,0x000000008000B3F6] -> 0x0010
[1377] [M]: 0x000000008000B3F4 (0x00100593) addi a1, zero, 1
x11 <- 0x0000000000000001
mem[X,0x000000008000B3F8] -> 0x9593
mem[X,0x000000008000B3FA] -> 0x0235
[1378] [M]: 0x000000008000B3F8 (0x02359593) slli a1, a1, 35
x11 <- 0x0000000800000000
mem[X,0x000000008000B3FC] -> 0xC593
mem[X,0x000000008000B3FE] -> 0xFFF5
[1379] [M]: 0x000000008000B3FC (0xFFF5C593) xori a1, a1, 4095
x11 <- 0xFFFFFFF7FFFFFFFF
mem[X,0x000000008000B400] -> 0x0113
mem[X,0x000000008000B402] -> 0x0000
[1380] [M]: 0x000000008000B400 (0x00000113) addi sp, zero, 0
x2 <- 0x0000000000000000
mem[X,0x000000008000B404] -> 0x006F
mem[X,0x000000008000B406] -> 0x00C0
[1381] [M]: 0x000000008000B404 (0x00C0006F) jal zero, 12
mem[X,0x000000008000B410] -> 0x4CE3
mem[X,0x000000008000B412] -> 0xFEB5
[1382] [M]: 0x000000008000B410 (0xFEB54CE3) blt a0, a1, 8184
mem[X,0x000000008000B414] -> 0x0113
mem[X,0x000000008000B416] -> 0x0021
[1383] [M]: 0x000000008000B414 (0x00210113) addi sp, sp, 2
x2 <- 0x0000000000000002
mem[X,0x000000008000B418] -> 0x006F
mem[X,0x000000008000B41A] -> 0x00C0
[1384] [M]: 0x000000008000B418 (0x00C0006F) jal zero, 12
mem[X,0x000000008000B424] -> 0xB023
mem[X,0x000000008000B426] -> 0x2820
[1385] [M]: 0x000000008000B424 (0x2820B023) sd sp, 640(ra)
mem[0x000000008004F458] <- 0x0000000000000002
mem[X,0x000000008000B428] -> 0x5537
mem[X,0x000000008000B42A] -> 0x5555
[1386] [M]: 0x000000008000B428 (0x55555537) lui a0, 349525
x10 <- 0x0000000055555000
mem[X,0x000000008000B42C] -> 0x0513
mem[X,0x000000008000B42E] -> 0x5555
[1387] [M]: 0x000000008000B42C (0x55550513) addi a0, a0, 1365
x10 <- 0x0000000055555555
mem[X,0x000000008000B430] -> 0x1513
mem[X,0x000000008000B432] -> 0x00B5
[1388] [M]: 0x000000008000B430 (0x00B51513) slli a0, a0, 11
x10 <- 0x000002AAAAAAA800
mem[X,0x000000008000B434] -> 0x0513
mem[X,0x000000008000B436] -> 0x2AA5
[1389] [M]: 0x000000008000B434 (0x2AA50513) addi a0, a0, 682
x10 <- 0x000002AAAAAAAAAA
mem[X,0x000000008000B438] -> 0x1513
mem[X,0x000000008000B43A] -> 0x00B5
[1390] [M]: 0x000000008000B438 (0x00B51513) slli a0, a0, 11
x10 <- 0x0015555555555000
mem[X,0x000000008000B43C] -> 0x0513
mem[X,0x000000008000B43E] -> 0x5555
[1391] [M]: 0x000000008000B43C (0x55550513) addi a0, a0, 1365
x10 <- 0x0015555555555555
mem[X,0x000000008000B440] -> 0x1513
mem[X,0x000000008000B442] -> 0x00A5
[1392] [M]: 0x000000008000B440 (0x00A51513) slli a0, a0, 10
x10 <- 0x5555555555555400
mem[X,0x000000008000B444] -> 0x0513
mem[X,0x000000008000B446] -> 0x1555
[1393] [M]: 0x000000008000B444 (0x15550513) addi a0, a0, 341
x10 <- 0x5555555555555555
mem[X,0x000000008000B448] -> 0x0593
mem[X,0x000000008000B44A] -> 0x0010
[1394] [M]: 0x000000008000B448 (0x00100593) addi a1, zero, 1
x11 <- 0x0000000000000001
mem[X,0x000000008000B44C] -> 0x9593
mem[X,0x000000008000B44E] -> 0x0245
[1395] [M]: 0x000000008000B44C (0x02459593) slli a1, a1, 36
x11 <- 0x0000001000000000
mem[X,0x000000008000B450] -> 0xC593
mem[X,0x000000008000B452] -> 0xFFF5
[1396] [M]: 0x000000008000B450 (0xFFF5C593) xori a1, a1, 4095
x11 <- 0xFFFFFFEFFFFFFFFF
mem[X,0x000000008000B454] -> 0x0113
mem[X,0x000000008000B456] -> 0x0000
[1397] [M]: 0x000000008000B454 (0x00000113) addi sp, zero, 0
x2 <- 0x0000000000000000
mem[X,0x000000008000B458] -> 0x006F
mem[X,0x000000008000B45A] -> 0x0180
[1398] [M]: 0x000000008000B458 (0x0180006F) jal zero, 24
mem[X,0x000000008000B470] -> 0x46E3
mem[X,0x000000008000B472] -> 0xFEB5
[1399] [M]: 0x000000008000B470 (0xFEB546E3) blt a0, a1, 8172
clint::tick mtime <- 0x000000000000000E
 clint timer pending at mtime 0x000000000000000E
htif::tick 0x0000000000000000
mem[X,0x000000008000B474] -> 0x0113
mem[X,0x000000008000B476] -> 0x0021
[1400] [M]: 0x000000008000B474 (0x00210113) addi sp, sp, 2
x2 <- 0x0000000000000002
mem[X,0x000000008000B478] -> 0x006F
mem[X,0x000000008000B47A] -> 0x00C0
[1401] [M]: 0x000000008000B478 (0x00C0006F) jal zero, 12
mem[X,0x000000008000B484] -> 0xB423
mem[X,0x000000008000B486] -> 0x2820
[1402] [M]: 0x000000008000B484 (0x2820B423) sd sp, 648(ra)
mem[0x000000008004F460] <- 0x0000000000000002
mem[X,0x000000008000B488] -> 0x0513
mem[X,0x000000008000B48A] -> 0x0010
[1403] [M]: 0x000000008000B488 (0x00100513) addi a0, zero, 1
x10 <- 0x0000000000000001
mem[X,0x000000008000B48C] -> 0x1513
mem[X,0x000000008000B48E] -> 0x01A5
[1404] [M]: 0x000000008000B48C (0x01A51513) slli a0, a0, 26
x10 <- 0x0000000004000000
mem[X,0x000000008000B490] -> 0x0593
mem[X,0x000000008000B492] -> 0x0010
[1405] [M]: 0x000000008000B490 (0x00100593) addi a1, zero, 1
x11 <- 0x0000000000000001
mem[X,0x000000008000B494] -> 0x9593
mem[X,0x000000008000B496] -> 0x0255
[1406] [M]: 0x000000008000B494 (0x02559593) slli a1, a1, 37
x11 <- 0x0000002000000000
mem[X,0x000000008000B498] -> 0xC593
mem[X,0x000000008000B49A] -> 0xFFF5
[1407] [M]: 0x000000008000B498 (0xFFF5C593) xori a1, a1, 4095
x11 <- 0xFFFFFFDFFFFFFFFF
mem[X,0x000000008000B49C] -> 0x0113
mem[X,0x000000008000B49E] -> 0x0000
[1408] [M]: 0x000000008000B49C (0x00000113) addi sp, zero, 0
x2 <- 0x0000000000000000
mem[X,0x000000008000B4A0] -> 0x006F
mem[X,0x000000008000B4A2] -> 0x00C0
[1409] [M]: 0x000000008000B4A0 (0x00C0006F) jal zero, 12
mem[X,0x000000008000B4AC] -> 0x4CE3
mem[X,0x000000008000B4AE] -> 0xFEB5
[1410] [M]: 0x000000008000B4AC (0xFEB54CE3) blt a0, a1, 8184
mem[X,0x000000008000B4B0] -> 0x0113
mem[X,0x000000008000B4B2] -> 0x0021
[1411] [M]: 0x000000008000B4B0 (0x00210113) addi sp, sp, 2
x2 <- 0x0000000000000002
mem[X,0x000000008000B4B4] -> 0x006F
mem[X,0x000000008000B4B6] -> 0x00C0
[1412] [M]: 0x000000008000B4B4 (0x00C0006F) jal zero, 12
mem[X,0x000000008000B4C0] -> 0xB823
mem[X,0x000000008000B4C2] -> 0x2820
[1413] [M]: 0x000000008000B4C0 (0x2820B823) sd sp, 656(ra)
mem[0x000000008004F468] <- 0x0000000000000002
mem[X,0x000000008000B4C4] -> 0x0513
mem[X,0x000000008000B4C6] -> 0x0010
[1414] [M]: 0x000000008000B4C4 (0x00100513) addi a0, zero, 1
x10 <- 0x0000000000000001
mem[X,0x000000008000B4C8] -> 0x1513
mem[X,0x000000008000B4CA] -> 0x0145
[1415] [M]: 0x000000008000B4C8 (0x01451513) slli a0, a0, 20
x10 <- 0x0000000000100000
mem[X,0x000000008000B4CC] -> 0x4513
mem[X,0x000000008000B4CE] -> 0xFFF5
[1416] [M]: 0x000000008000B4CC (0xFFF54513) xori a0, a0, 4095
x10 <- 0xFFFFFFFFFFEFFFFF
mem[X,0x000000008000B4D0] -> 0x0593
mem[X,0x000000008000B4D2] -> 0x0010
[1417] [M]: 0x000000008000B4D0 (0x00100593) addi a1, zero, 1
x11 <- 0x0000000000000001
mem[X,0x000000008000B4D4] -> 0x9593
mem[X,0x000000008000B4D6] -> 0x0275
[1418] [M]: 0x000000008000B4D4 (0x02759593) slli a1, a1, 39
x11 <- 0x0000008000000000
mem[X,0x000000008000B4D8] -> 0xC593
mem[X,0x000000008000B4DA] -> 0xFFF5
[1419] [M]: 0x000000008000B4D8 (0xFFF5C593) xori a1, a1, 4095
x11 <- 0xFFFFFF7FFFFFFFFF
mem[X,0x000000008000B4DC] -> 0x0113
mem[X,0x000000008000B4DE] -> 0x0000
[1420] [M]: 0x000000008000B4DC (0x00000113) addi sp, zero, 0
x2 <- 0x0000000000000000
mem[X,0x000000008000B4E0] -> 0x006F
mem[X,0x000000008000B4E2] -> 0x00C0
[1421] [M]: 0x000000008000B4E0 (0x00C0006F) jal zero, 12
mem[X,0x000000008000B4EC] -> 0x4063
mem[X,0x000000008000B4EE] -> 0x20B5
[1422] [M]: 0x000000008000B4EC (0x20B54063) blt a0, a1, 512
mem[X,0x000000008000B4F0] -> 0x0113
mem[X,0x000000008000B4F2] -> 0x0021
[1423] [M]: 0x000000008000B4F0 (0x00210113) addi sp, sp, 2
x2 <- 0x0000000000000002
mem[X,0x000000008000B4F4] -> 0x006F
mem[X,0x000000008000B4F6] -> 0x2000
[1424] [M]: 0x000000008000B4F4 (0x2000006F) jal zero, 512
mem[X,0x000000008000B6F4] -> 0xBC23
mem[X,0x000000008000B6F6] -> 0x2820
[1425] [M]: 0x000000008000B6F4 (0x2820BC23) sd sp, 664(ra)
mem[0x000000008004F470] <- 0x0000000000000002
mem[X,0x000000008000B6F8] -> 0x0513
mem[X,0x000000008000B6FA] -> 0x0010
[1426] [M]: 0x000000008000B6F8 (0x00100513) addi a0, zero, 1
x10 <- 0x0000000000000001
mem[X,0x000000008000B6FC] -> 0x1513
mem[X,0x000000008000B6FE] -> 0x0395
[1427] [M]: 0x000000008000B6FC (0x03951513) slli a0, a0, 57
x10 <- 0x0200000000000000
mem[X,0x000000008000B700] -> 0x0593
mem[X,0x000000008000B702] -> 0x0010
[1428] [M]: 0x000000008000B700 (0x00100593) addi a1, zero, 1
x11 <- 0x0000000000000001
mem[X,0x000000008000B704] -> 0x9593
mem[X,0x000000008000B706] -> 0x0285
[1429] [M]: 0x000000008000B704 (0x02859593) slli a1, a1, 40
x11 <- 0x0000010000000000
mem[X,0x000000008000B708] -> 0xC593
mem[X,0x000000008000B70A] -> 0xFFF5
[1430] [M]: 0x000000008000B708 (0xFFF5C593) xori a1, a1, 4095
x11 <- 0xFFFFFEFFFFFFFFFF
mem[X,0x000000008000B70C] -> 0x0113
mem[X,0x000000008000B70E] -> 0x0000
[1431] [M]: 0x000000008000B70C (0x00000113) addi sp, zero, 0
x2 <- 0x0000000000000000
mem[X,0x000000008000B710] -> 0x006F
mem[X,0x000000008000B712] -> 0x00C0
[1432] [M]: 0x000000008000B710 (0x00C0006F) jal zero, 12
mem[X,0x000000008000B71C] -> 0x4063
mem[X,0x000000008000B71E] -> 0x20B5
[1433] [M]: 0x000000008000B71C (0x20B54063) blt a0, a1, 512
mem[X,0x000000008000B720] -> 0x0113
mem[X,0x000000008000B722] -> 0x0021
[1434] [M]: 0x000000008000B720 (0x00210113) addi sp, sp, 2
x2 <- 0x0000000000000002
mem[X,0x000000008000B724] -> 0x006F
mem[X,0x000000008000B726] -> 0x2000
[1435] [M]: 0x000000008000B724 (0x2000006F) jal zero, 512
mem[X,0x000000008000B924] -> 0xB023
mem[X,0x000000008000B926] -> 0x2A20
[1436] [M]: 0x000000008000B924 (0x2A20B023) sd sp, 672(ra)
mem[0x000000008004F478] <- 0x0000000000000002
mem[X,0x000000008000B928] -> 0x0513
mem[X,0x000000008000B92A] -> 0x0010
[1437] [M]: 0x000000008000B928 (0x00100513) addi a0, zero, 1
x10 <- 0x0000000000000001
mem[X,0x000000008000B92C] -> 0x1513
mem[X,0x000000008000B92E] -> 0x0295
[1438] [M]: 0x000000008000B92C (0x02951513) slli a0, a0, 41
x10 <- 0x0000020000000000
mem[X,0x000000008000B930] -> 0x4513
mem[X,0x000000008000B932] -> 0xFFF5
[1439] [M]: 0x000000008000B930 (0xFFF54513) xori a0, a0, 4095
x10 <- 0xFFFFFDFFFFFFFFFF
mem[X,0x000000008000B934] -> 0x0593
mem[X,0x000000008000B936] -> 0x0010
[1440] [M]: 0x000000008000B934 (0x00100593) addi a1, zero, 1
x11 <- 0x0000000000000001
mem[X,0x000000008000B938] -> 0x9593
mem[X,0x000000008000B93A] -> 0x0295
[1441] [M]: 0x000000008000B938 (0x02959593) slli a1, a1, 41
x11 <- 0x0000020000000000
mem[X,0x000000008000B93C] -> 0xC593
mem[X,0x000000008000B93E] -> 0xFFF5
[1442] [M]: 0x000000008000B93C (0xFFF5C593) xori a1, a1, 4095
x11 <- 0xFFFFFDFFFFFFFFFF
mem[X,0x000000008000B940] -> 0x0113
mem[X,0x000000008000B942] -> 0x0000
[1443] [M]: 0x000000008000B940 (0x00000113) addi sp, zero, 0
x2 <- 0x0000000000000000
mem[X,0x000000008000B944] -> 0x006F
mem[X,0x000000008000B946] -> 0x00C0
[1444] [M]: 0x000000008000B944 (0x00C0006F) jal zero, 12
mem[X,0x000000008000B950] -> 0x4CE3
mem[X,0x000000008000B952] -> 0xFEB5
[1445] [M]: 0x000000008000B950 (0xFEB54CE3) blt a0, a1, 8184
mem[X,0x000000008000B954] -> 0x0113
mem[X,0x000000008000B956] -> 0x0021
[1446] [M]: 0x000000008000B954 (0x00210113) addi sp, sp, 2
x2 <- 0x0000000000000002
mem[X,0x000000008000B958] -> 0x006F
mem[X,0x000000008000B95A] -> 0x00C0
[1447] [M]: 0x000000008000B958 (0x00C0006F) jal zero, 12
mem[X,0x000000008000B964] -> 0xB423
mem[X,0x000000008000B966] -> 0x2A20
[1448] [M]: 0x000000008000B964 (0x2A20B423) sd sp, 680(ra)
mem[0x000000008004F480] <- 0x0000000000000002
mem[X,0x000000008000B968] -> 0x0537
mem[X,0x000000008000B96A] -> 0x0000
[1449] [M]: 0x000000008000B968 (0x00000537) lui a0, 0
x10 <- 0x0000000000000000
mem[X,0x000000008000B96C] -> 0x0513
mem[X,0x000000008000B96E] -> 0xFFF5
[1450] [M]: 0x000000008000B96C (0xFFF50513) addi a0, a0, 4095
x10 <- 0xFFFFFFFFFFFFFFFF
mem[X,0x000000008000B970] -> 0x1513
mem[X,0x000000008000B972] -> 0x00B5
[1451] [M]: 0x000000008000B970 (0x00B51513) slli a0, a0, 11
x10 <- 0xFFFFFFFFFFFFF800
mem[X,0x000000008000B974] -> 0x0513
mem[X,0x000000008000B976] -> 0x2575
[1452] [M]: 0x000000008000B974 (0x25750513) addi a0, a0, 599
x10 <- 0xFFFFFFFFFFFFFA57
mem[X,0x000000008000B978] -> 0x1513
mem[X,0x000000008000B97A] -> 0x00B5
[1453] [M]: 0x000000008000B978 (0x00B51513) slli a0, a0, 11
x10 <- 0xFFFFFFFFFFD2B800
mem[X,0x000000008000B97C] -> 0x0513
mem[X,0x000000008000B97E] -> 0x6C35
[1454] [M]: 0x000000008000B97C (0x6C350513) addi a0, a0, 1731
x10 <- 0xFFFFFFFFFFD2BEC3
mem[X,0x000000008000B980] -> 0x1513
mem[X,0x000000008000B982] -> 0x00A5
[1455] [M]: 0x000000008000B980 (0x00A51513) slli a0, a0, 10
x10 <- 0xFFFFFFFF4AFB0C00
mem[X,0x000000008000B984] -> 0x0513
mem[X,0x000000008000B986] -> 0x0CE5
[1456] [M]: 0x000000008000B984 (0x0CE50513) addi a0, a0, 206
x10 <- 0xFFFFFFFF4AFB0CCE
mem[X,0x000000008000B988] -> 0x0593
mem[X,0x000000008000B98A] -> 0x0010
[1457] [M]: 0x000000008000B988 (0x00100593) addi a1, zero, 1
x11 <- 0x0000000000000001
mem[X,0x000000008000B98C] -> 0x9593
mem[X,0x000000008000B98E] -> 0x02A5
[1458] [M]: 0x000000008000B98C (0x02A59593) slli a1, a1, 42
x11 <- 0x0000040000000000
mem[X,0x000000008000B990] -> 0xC593
mem[X,0x000000008000B992] -> 0xFFF5
[1459] [M]: 0x000000008000B990 (0xFFF5C593) xori a1, a1, 4095
x11 <- 0xFFFFFBFFFFFFFFFF
mem[X,0x000000008000B994] -> 0x0113
mem[X,0x000000008000B996] -> 0x0000
[1460] [M]: 0x000000008000B994 (0x00000113) addi sp, zero, 0
x2 <- 0x0000000000000000
mem[X,0x000000008000B998] -> 0x006F
mem[X,0x000000008000B99A] -> 0x00C0
[1461] [M]: 0x000000008000B998 (0x00C0006F) jal zero, 12
mem[X,0x000000008000B9A4] -> 0x4063
mem[X,0x000000008000B9A6] -> 0x02B5
[1462] [M]: 0x000000008000B9A4 (0x02B54063) blt a0, a1, 32
mem[X,0x000000008000B9A8] -> 0x0113
mem[X,0x000000008000B9AA] -> 0x0021
[1463] [M]: 0x000000008000B9A8 (0x00210113) addi sp, sp, 2
x2 <- 0x0000000000000002
mem[X,0x000000008000B9AC] -> 0x006F
mem[X,0x000000008000B9AE] -> 0x0200
[1464] [M]: 0x000000008000B9AC (0x0200006F) jal zero, 32
mem[X,0x000000008000B9CC] -> 0xB823
mem[X,0x000000008000B9CE] -> 0x2A20
[1465] [M]: 0x000000008000B9CC (0x2A20B823) sd sp, 688(ra)
mem[0x000000008004F488] <- 0x0000000000000002
mem[X,0x000000008000B9D0] -> 0x0513
mem[X,0x000000008000B9D2] -> 0x0010
[1466] [M]: 0x000000008000B9D0 (0x00100513) addi a0, zero, 1
x10 <- 0x0000000000000001
mem[X,0x000000008000B9D4] -> 0x1513
mem[X,0x000000008000B9D6] -> 0x0235
[1467] [M]: 0x000000008000B9D4 (0x02351513) slli a0, a0, 35
x10 <- 0x0000000800000000
mem[X,0x000000008000B9D8] -> 0x4513
mem[X,0x000000008000B9DA] -> 0xFFF5
[1468] [M]: 0x000000008000B9D8 (0xFFF54513) xori a0, a0, 4095
x10 <- 0xFFFFFFF7FFFFFFFF
mem[X,0x000000008000B9DC] -> 0x0593
mem[X,0x000000008000B9DE] -> 0x0010
[1469] [M]: 0x000000008000B9DC (0x00100593) addi a1, zero, 1
x11 <- 0x0000000000000001
mem[X,0x000000008000B9E0] -> 0x9593
mem[X,0x000000008000B9E2] -> 0x02B5
[1470] [M]: 0x000000008000B9E0 (0x02B59593) slli a1, a1, 43
x11 <- 0x0000080000000000
mem[X,0x000000008000B9E4] -> 0xC593
mem[X,0x000000008000B9E6] -> 0xFFF5
[1471] [M]: 0x000000008000B9E4 (0xFFF5C593) xori a1, a1, 4095
x11 <- 0xFFFFF7FFFFFFFFFF
mem[X,0x000000008000B9E8] -> 0x0113
mem[X,0x000000008000B9EA] -> 0x0000
[1472] [M]: 0x000000008000B9E8 (0x00000113) addi sp, zero, 0
x2 <- 0x0000000000000000
mem[X,0x000000008000B9EC] -> 0x006F
mem[X,0x000000008000B9EE] -> 0x00C0
[1473] [M]: 0x000000008000B9EC (0x00C0006F) jal zero, 12
mem[X,0x000000008000B9F8] -> 0x4CE3
mem[X,0x000000008000B9FA] -> 0xFEB5
[1474] [M]: 0x000000008000B9F8 (0xFEB54CE3) blt a0, a1, 8184
mem[X,0x000000008000B9FC] -> 0x0113
mem[X,0x000000008000B9FE] -> 0x0021
[1475] [M]: 0x000000008000B9FC (0x00210113) addi sp, sp, 2
x2 <- 0x0000000000000002
mem[X,0x000000008000BA00] -> 0x006F
mem[X,0x000000008000BA02] -> 0x00C0
[1476] [M]: 0x000000008000BA00 (0x00C0006F) jal zero, 12
mem[X,0x000000008000BA0C] -> 0xBC23
mem[X,0x000000008000BA0E] -> 0x2A20
[1477] [M]: 0x000000008000BA0C (0x2A20BC23) sd sp, 696(ra)
mem[0x000000008004F490] <- 0x0000000000000002
mem[X,0x000000008000BA10] -> 0x6537
mem[X,0x000000008000BA12] -> 0x6666
[1478] [M]: 0x000000008000BA10 (0x66666537) lui a0, 419430
x10 <- 0x0000000066666000
mem[X,0x000000008000BA14] -> 0x0513
mem[X,0x000000008000BA16] -> 0x6665
[1479] [M]: 0x000000008000BA14 (0x66650513) addi a0, a0, 1638
x10 <- 0x0000000066666666
mem[X,0x000000008000BA18] -> 0x1513
mem[X,0x000000008000BA1A] -> 0x00B5
[1480] [M]: 0x000000008000BA18 (0x00B51513) slli a0, a0, 11
x10 <- 0x0000033333333000
mem[X,0x000000008000BA1C] -> 0x0513
mem[X,0x000000008000BA1E] -> 0x3335
[1481] [M]: 0x000000008000BA1C (0x33350513) addi a0, a0, 819
x10 <- 0x0000033333333333
mem[X,0x000000008000BA20] -> 0x1513
mem[X,0x000000008000BA22] -> 0x00B5
[1482] [M]: 0x000000008000BA20 (0x00B51513) slli a0, a0, 11
x10 <- 0x0019999999999800
mem[X,0x000000008000BA24] -> 0x0513
mem[X,0x000000008000BA26] -> 0x1995
[1483] [M]: 0x000000008000BA24 (0x19950513) addi a0, a0, 409
x10 <- 0x0019999999999999
mem[X,0x000000008000BA28] -> 0x1513
mem[X,0x000000008000BA2A] -> 0x00A5
[1484] [M]: 0x000000008000BA28 (0x00A51513) slli a0, a0, 10
x10 <- 0x6666666666666400
mem[X,0x000000008000BA2C] -> 0x0513
mem[X,0x000000008000BA2E] -> 0x2665
[1485] [M]: 0x000000008000BA2C (0x26650513) addi a0, a0, 614
x10 <- 0x6666666666666666
mem[X,0x000000008000BA30] -> 0x0593
mem[X,0x000000008000BA32] -> 0x0010
[1486] [M]: 0x000000008000BA30 (0x00100593) addi a1, zero, 1
x11 <- 0x0000000000000001
mem[X,0x000000008000BA34] -> 0x9593
mem[X,0x000000008000BA36] -> 0x02C5
[1487] [M]: 0x000000008000BA34 (0x02C59593) slli a1, a1, 44
x11 <- 0x0000100000000000
mem[X,0x000000008000BA38] -> 0xC593
mem[X,0x000000008000BA3A] -> 0xFFF5
[1488] [M]: 0x000000008000BA38 (0xFFF5C593) xori a1, a1, 4095
x11 <- 0xFFFFEFFFFFFFFFFF
mem[X,0x000000008000BA3C] -> 0x0113
mem[X,0x000000008000BA3E] -> 0x0000
[1489] [M]: 0x000000008000BA3C (0x00000113) addi sp, zero, 0
x2 <- 0x0000000000000000
mem[X,0x000000008000BA40] -> 0x006F
mem[X,0x000000008000BA42] -> 0x00C0
[1490] [M]: 0x000000008000BA40 (0x00C0006F) jal zero, 12
mem[X,0x000000008000BA4C] -> 0x4863
mem[X,0x000000008000BA4E] -> 0x00B5
[1491] [M]: 0x000000008000BA4C (0x00B54863) blt a0, a1, 16
mem[X,0x000000008000BA50] -> 0x0113
mem[X,0x000000008000BA52] -> 0x0021
[1492] [M]: 0x000000008000BA50 (0x00210113) addi sp, sp, 2
x2 <- 0x0000000000000002
mem[X,0x000000008000BA54] -> 0x006F
mem[X,0x000000008000BA56] -> 0x0100
[1493] [M]: 0x000000008000BA54 (0x0100006F) jal zero, 16
mem[X,0x000000008000BA64] -> 0xB023
mem[X,0x000000008000BA66] -> 0x2C20
[1494] [M]: 0x000000008000BA64 (0x2C20B023) sd sp, 704(ra)
mem[0x000000008004F498] <- 0x0000000000000002
mem[X,0x000000008000BA68] -> 0x0513
mem[X,0x000000008000BA6A] -> 0x0010
[1495] [M]: 0x000000008000BA68 (0x00100513) addi a0, zero, 1
x10 <- 0x0000000000000001
mem[X,0x000000008000BA6C] -> 0x1513
mem[X,0x000000008000BA6E] -> 0x0235
[1496] [M]: 0x000000008000BA6C (0x02351513) slli a0, a0, 35
x10 <- 0x0000000800000000
mem[X,0x000000008000BA70] -> 0x4513
mem[X,0x000000008000BA72] -> 0xFFF5
[1497] [M]: 0x000000008000BA70 (0xFFF54513) xori a0, a0, 4095
x10 <- 0xFFFFFFF7FFFFFFFF
mem[X,0x000000008000BA74] -> 0x0593
mem[X,0x000000008000BA76] -> 0x0010
[1498] [M]: 0x000000008000BA74 (0x00100593) addi a1, zero, 1
x11 <- 0x0000000000000001
mem[X,0x000000008000BA78] -> 0x9593
mem[X,0x000000008000BA7A] -> 0x02D5
[1499] [M]: 0x000000008000BA78 (0x02D59593) slli a1, a1, 45
x11 <- 0x0000200000000000
clint::tick mtime <- 0x000000000000000F
 clint timer pending at mtime 0x000000000000000F
htif::tick 0x0000000000000000
mem[X,0x000000008000BA7C] -> 0xC593
mem[X,0x000000008000BA7E] -> 0xFFF5
[1500] [M]: 0x000000008000BA7C (0xFFF5C593) xori a1, a1, 4095
x11 <- 0xFFFFDFFFFFFFFFFF
mem[X,0x000000008000BA80] -> 0x0113
mem[X,0x000000008000BA82] -> 0x0000
[1501] [M]: 0x000000008000BA80 (0x00000113) addi sp, zero, 0
x2 <- 0x0000000000000000
mem[X,0x000000008000BA84] -> 0x006F
mem[X,0x000000008000BA86] -> 0x00C0
[1502] [M]: 0x000000008000BA84 (0x00C0006F) jal zero, 12
mem[X,0x000000008000BA90] -> 0x4CE3
mem[X,0x000000008000BA92] -> 0xFEB5
[1503] [M]: 0x000000008000BA90 (0xFEB54CE3) blt a0, a1, 8184
mem[X,0x000000008000BA94] -> 0x0113
mem[X,0x000000008000BA96] -> 0x0021
[1504] [M]: 0x000000008000BA94 (0x00210113) addi sp, sp, 2
x2 <- 0x0000000000000002
mem[X,0x000000008000BA98] -> 0x006F
mem[X,0x000000008000BA9A] -> 0x00C0
[1505] [M]: 0x000000008000BA98 (0x00C0006F) jal zero, 12
mem[X,0x000000008000BAA4] -> 0xB423
mem[X,0x000000008000BAA6] -> 0x2C20
[1506] [M]: 0x000000008000BAA4 (0x2C20B423) sd sp, 712(ra)
mem[0x000000008004F4A0] <- 0x0000000000000002
mem[X,0x000000008000BAA8] -> 0x0537
mem[X,0x000000008000BAAA] -> 0x0000
[1507] [M]: 0x000000008000BAA8 (0x00000537) lui a0, 0
x10 <- 0x0000000000000000
mem[X,0x000000008000BAAC] -> 0x0513
mem[X,0x000000008000BAAE] -> 0x0005
[1508] [M]: 0x000000008000BAAC (0x00050513) addi a0, a0, 0
x10 <- 0x0000000000000000
mem[X,0x000000008000BAB0] -> 0x1513
mem[X,0x000000008000BAB2] -> 0x00B5
[1509] [M]: 0x000000008000BAB0 (0x00B51513) slli a0, a0, 11
x10 <- 0x0000000000000000
mem[X,0x000000008000BAB4] -> 0x0513
mem[X,0x000000008000BAB6] -> 0x5A85
[1510] [M]: 0x000000008000BAB4 (0x5A850513) addi a0, a0, 1448
x10 <- 0x00000000000005A8
mem[X,0x000000008000BAB8] -> 0x1513
mem[X,0x000000008000BABA] -> 0x00B5
[1511] [M]: 0x000000008000BAB8 (0x00B51513) slli a0, a0, 11
x10 <- 0x00000000002D4000
mem[X,0x000000008000BABC] -> 0x0513
mem[X,0x000000008000BABE] -> 0x13C5
[1512] [M]: 0x000000008000BABC (0x13C50513) addi a0, a0, 316
x10 <- 0x00000000002D413C
mem[X,0x000000008000BAC0] -> 0x1513
mem[X,0x000000008000BAC2] -> 0x00A5
[1513] [M]: 0x000000008000BAC0 (0x00A51513) slli a0, a0, 10
x10 <- 0x00000000B504F000
mem[X,0x000000008000BAC4] -> 0x0513
mem[X,0x000000008000BAC6] -> 0x3335
[1514] [M]: 0x000000008000BAC4 (0x33350513) addi a0, a0, 819
x10 <- 0x00000000B504F333
mem[X,0x000000008000BAC8] -> 0x0593
mem[X,0x000000008000BACA] -> 0x0010
[1515] [M]: 0x000000008000BAC8 (0x00100593) addi a1, zero, 1
x11 <- 0x0000000000000001
mem[X,0x000000008000BACC] -> 0x9593
mem[X,0x000000008000BACE] -> 0x02E5
[1516] [M]: 0x000000008000BACC (0x02E59593) slli a1, a1, 46
x11 <- 0x0000400000000000
mem[X,0x000000008000BAD0] -> 0xC593
mem[X,0x000000008000BAD2] -> 0xFFF5
[1517] [M]: 0x000000008000BAD0 (0xFFF5C593) xori a1, a1, 4095
x11 <- 0xFFFFBFFFFFFFFFFF
mem[X,0x000000008000BAD4] -> 0x0113
mem[X,0x000000008000BAD6] -> 0x0000
[1518] [M]: 0x000000008000BAD4 (0x00000113) addi sp, zero, 0
x2 <- 0x0000000000000000
mem[X,0x000000008000BAD8] -> 0x006F
mem[X,0x000000008000BADA] -> 0x00C0
[1519] [M]: 0x000000008000BAD8 (0x00C0006F) jal zero, 12
mem[X,0x000000008000BAE4] -> 0x4063
mem[X,0x000000008000BAE6] -> 0x40B5
[1520] [M]: 0x000000008000BAE4 (0x40B54063) blt a0, a1, 1024
mem[X,0x000000008000BAE8] -> 0x0113
mem[X,0x000000008000BAEA] -> 0x0021
[1521] [M]: 0x000000008000BAE8 (0x00210113) addi sp, sp, 2
x2 <- 0x0000000000000002
mem[X,0x000000008000BAEC] -> 0x006F
mem[X,0x000000008000BAEE] -> 0x4000
[1522] [M]: 0x000000008000BAEC (0x4000006F) jal zero, 1024
mem[X,0x000000008000BEEC] -> 0xB823
mem[X,0x000000008000BEEE] -> 0x2C20
[1523] [M]: 0x000000008000BEEC (0x2C20B823) sd sp, 720(ra)
mem[0x000000008004F4A8] <- 0x0000000000000002
mem[X,0x000000008000BEF0] -> 0x0513
mem[X,0x000000008000BEF2] -> 0x0010
[1524] [M]: 0x000000008000BEF0 (0x00100513) addi a0, zero, 1
x10 <- 0x0000000000000001
mem[X,0x000000008000BEF4] -> 0x0593
mem[X,0x000000008000BEF6] -> 0x0010
[1525] [M]: 0x000000008000BEF4 (0x00100593) addi a1, zero, 1
x11 <- 0x0000000000000001
mem[X,0x000000008000BEF8] -> 0x9593
mem[X,0x000000008000BEFA] -> 0x02F5
[1526] [M]: 0x000000008000BEF8 (0x02F59593) slli a1, a1, 47
x11 <- 0x0000800000000000
mem[X,0x000000008000BEFC] -> 0xC593
mem[X,0x000000008000BEFE] -> 0xFFF5
[1527] [M]: 0x000000008000BEFC (0xFFF5C593) xori a1, a1, 4095
x11 <- 0xFFFF7FFFFFFFFFFF
mem[X,0x000000008000BF00] -> 0x0113
mem[X,0x000000008000BF02] -> 0x0000
[1528] [M]: 0x000000008000BF00 (0x00000113) addi sp, zero, 0
x2 <- 0x0000000000000000
mem[X,0x000000008000BF04] -> 0x006F
mem[X,0x000000008000BF06] -> 0x0050
[1529] [M]: 0x000000008000BF04 (0x0050006F) jal zero, 2052
mem[X,0x000000008000C708] -> 0x40E3
mem[X,0x000000008000C70A] -> 0x80B5
[1530] [M]: 0x000000008000C708 (0x80B540E3) blt a0, a1, 6144
mem[X,0x000000008000C70C] -> 0x0113
mem[X,0x000000008000C70E] -> 0x0021
[1531] [M]: 0x000000008000C70C (0x00210113) addi sp, sp, 2
x2 <- 0x0000000000000002
mem[X,0x000000008000C710] -> 0x006F
mem[X,0x000000008000C712] -> 0x00C0
[1532] [M]: 0x000000008000C710 (0x00C0006F) jal zero, 12
mem[X,0x000000008000C71C] -> 0xBC23
mem[X,0x000000008000C71E] -> 0x2C20
[1533] [M]: 0x000000008000C71C (0x2C20BC23) sd sp, 728(ra)
mem[0x000000008004F4B0] <- 0x0000000000000002
mem[X,0x000000008000C720] -> 0x0513
mem[X,0x000000008000C722] -> 0x0010
[1534] [M]: 0x000000008000C720 (0x00100513) addi a0, zero, 1
x10 <- 0x0000000000000001
mem[X,0x000000008000C724] -> 0x1513
mem[X,0x000000008000C726] -> 0x02B5
[1535] [M]: 0x000000008000C724 (0x02B51513) slli a0, a0, 43
x10 <- 0x0000080000000000
mem[X,0x000000008000C728] -> 0x0593
mem[X,0x000000008000C72A] -> 0x0010
[1536] [M]: 0x000000008000C728 (0x00100593) addi a1, zero, 1
x11 <- 0x0000000000000001
mem[X,0x000000008000C72C] -> 0x9593
mem[X,0x000000008000C72E] -> 0x0305
[1537] [M]: 0x000000008000C72C (0x03059593) slli a1, a1, 48
x11 <- 0x0001000000000000
mem[X,0x000000008000C730] -> 0xC593
mem[X,0x000000008000C732] -> 0xFFF5
[1538] [M]: 0x000000008000C730 (0xFFF5C593) xori a1, a1, 4095
x11 <- 0xFFFEFFFFFFFFFFFF
mem[X,0x000000008000C734] -> 0x0113
mem[X,0x000000008000C736] -> 0x0000
[1539] [M]: 0x000000008000C734 (0x00000113) addi sp, zero, 0
x2 <- 0x0000000000000000
mem[X,0x000000008000C738] -> 0x006F
mem[X,0x000000008000C73A] -> 0x00C0
[1540] [M]: 0x000000008000C738 (0x00C0006F) jal zero, 12
mem[X,0x000000008000C744] -> 0x4663
mem[X,0x000000008000C746] -> 0x00B5
[1541] [M]: 0x000000008000C744 (0x00B54663) blt a0, a1, 12
mem[X,0x000000008000C748] -> 0x0113
mem[X,0x000000008000C74A] -> 0x0021
[1542] [M]: 0x000000008000C748 (0x00210113) addi sp, sp, 2
x2 <- 0x0000000000000002
mem[X,0x000000008000C74C] -> 0x006F
mem[X,0x000000008000C74E] -> 0x00C0
[1543] [M]: 0x000000008000C74C (0x00C0006F) jal zero, 12
mem[X,0x000000008000C758] -> 0xB023
mem[X,0x000000008000C75A] -> 0x2E20
[1544] [M]: 0x000000008000C758 (0x2E20B023) sd sp, 736(ra)
mem[0x000000008004F4B8] <- 0x0000000000000002
mem[X,0x000000008000C75C] -> 0x0513
mem[X,0x000000008000C75E] -> 0x0010
[1545] [M]: 0x000000008000C75C (0x00100513) addi a0, zero, 1
x10 <- 0x0000000000000001
mem[X,0x000000008000C760] -> 0x1513
mem[X,0x000000008000C762] -> 0x0235
[1546] [M]: 0x000000008000C760 (0x02351513) slli a0, a0, 35
x10 <- 0x0000000800000000
mem[X,0x000000008000C764] -> 0x0593
mem[X,0x000000008000C766] -> 0x0010
[1547] [M]: 0x000000008000C764 (0x00100593) addi a1, zero, 1
x11 <- 0x0000000000000001
mem[X,0x000000008000C768] -> 0x9593
mem[X,0x000000008000C76A] -> 0x0315
[1548] [M]: 0x000000008000C768 (0x03159593) slli a1, a1, 49
x11 <- 0x0002000000000000
mem[X,0x000000008000C76C] -> 0xC593
mem[X,0x000000008000C76E] -> 0xFFF5
[1549] [M]: 0x000000008000C76C (0xFFF5C593) xori a1, a1, 4095
x11 <- 0xFFFDFFFFFFFFFFFF
mem[X,0x000000008000C770] -> 0x0113
mem[X,0x000000008000C772] -> 0x0000
[1550] [M]: 0x000000008000C770 (0x00000113) addi sp, zero, 0
x2 <- 0x0000000000000000
mem[X,0x000000008000C774] -> 0x006F
mem[X,0x000000008000C776] -> 0x00C0
[1551] [M]: 0x000000008000C774 (0x00C0006F) jal zero, 12
mem[X,0x000000008000C780] -> 0x4CE3
mem[X,0x000000008000C782] -> 0xFEB5
[1552] [M]: 0x000000008000C780 (0xFEB54CE3) blt a0, a1, 8184
mem[X,0x000000008000C784] -> 0x0113
mem[X,0x000000008000C786] -> 0x0021
[1553] [M]: 0x000000008000C784 (0x00210113) addi sp, sp, 2
x2 <- 0x0000000000000002
mem[X,0x000000008000C788] -> 0x006F
mem[X,0x000000008000C78A] -> 0x00C0
[1554] [M]: 0x000000008000C788 (0x00C0006F) jal zero, 12
mem[X,0x000000008000C794] -> 0xB423
mem[X,0x000000008000C796] -> 0x2E20
[1555] [M]: 0x000000008000C794 (0x2E20B423) sd sp, 744(ra)
mem[0x000000008004F4C0] <- 0x0000000000000002
mem[X,0x000000008000C798] -> 0x0513
mem[X,0x000000008000C79A] -> 0x0010
[1556] [M]: 0x000000008000C798 (0x00100513) addi a0, zero, 1
x10 <- 0x0000000000000001
mem[X,0x000000008000C79C] -> 0x1513
mem[X,0x000000008000C79E] -> 0x0315
[1557] [M]: 0x000000008000C79C (0x03151513) slli a0, a0, 49
x10 <- 0x0002000000000000
mem[X,0x000000008000C7A0] -> 0x0593
mem[X,0x000000008000C7A2] -> 0x0010
[1558] [M]: 0x000000008000C7A0 (0x00100593) addi a1, zero, 1
x11 <- 0x0000000000000001
mem[X,0x000000008000C7A4] -> 0x9593
mem[X,0x000000008000C7A6] -> 0x0325
[1559] [M]: 0x000000008000C7A4 (0x03259593) slli a1, a1, 50
x11 <- 0x0004000000000000
mem[X,0x000000008000C7A8] -> 0xC593
mem[X,0x000000008000C7AA] -> 0xFFF5
[1560] [M]: 0x000000008000C7A8 (0xFFF5C593) xori a1, a1, 4095
x11 <- 0xFFFBFFFFFFFFFFFF
mem[X,0x000000008000C7AC] -> 0x0113
mem[X,0x000000008000C7AE] -> 0x0000
[1561] [M]: 0x000000008000C7AC (0x00000113) addi sp, zero, 0
x2 <- 0x0000000000000000
mem[X,0x000000008000C7B0] -> 0x006F
mem[X,0x000000008000C7B2] -> 0x00C0
[1562] [M]: 0x000000008000C7B0 (0x00C0006F) jal zero, 12
mem[X,0x000000008000C7BC] -> 0x4663
mem[X,0x000000008000C7BE] -> 0x00B5
[1563] [M]: 0x000000008000C7BC (0x00B54663) blt a0, a1, 12
mem[X,0x000000008000C7C0] -> 0x0113
mem[X,0x000000008000C7C2] -> 0x0021
[1564] [M]: 0x000000008000C7C0 (0x00210113) addi sp, sp, 2
x2 <- 0x0000000000000002
mem[X,0x000000008000C7C4] -> 0x006F
mem[X,0x000000008000C7C6] -> 0x00C0
[1565] [M]: 0x000000008000C7C4 (0x00C0006F) jal zero, 12
mem[X,0x000000008000C7D0] -> 0xB823
mem[X,0x000000008000C7D2] -> 0x2E20
[1566] [M]: 0x000000008000C7D0 (0x2E20B823) sd sp, 752(ra)
mem[0x000000008004F4C8] <- 0x0000000000000002
mem[X,0x000000008000C7D4] -> 0x0513
mem[X,0x000000008000C7D6] -> 0x0010
[1567] [M]: 0x000000008000C7D4 (0x00100513) addi a0, zero, 1
x10 <- 0x0000000000000001
mem[X,0x000000008000C7D8] -> 0x1513
mem[X,0x000000008000C7DA] -> 0x0145
[1568] [M]: 0x000000008000C7D8 (0x01451513) slli a0, a0, 20
x10 <- 0x0000000000100000
mem[X,0x000000008000C7DC] -> 0x4513
mem[X,0x000000008000C7DE] -> 0xFFF5
[1569] [M]: 0x000000008000C7DC (0xFFF54513) xori a0, a0, 4095
x10 <- 0xFFFFFFFFFFEFFFFF
mem[X,0x000000008000C7E0] -> 0x0593
mem[X,0x000000008000C7E2] -> 0x0010
[1570] [M]: 0x000000008000C7E0 (0x00100593) addi a1, zero, 1
x11 <- 0x0000000000000001
mem[X,0x000000008000C7E4] -> 0x9593
mem[X,0x000000008000C7E6] -> 0x0335
[1571] [M]: 0x000000008000C7E4 (0x03359593) slli a1, a1, 51
x11 <- 0x0008000000000000
mem[X,0x000000008000C7E8] -> 0xC593
mem[X,0x000000008000C7EA] -> 0xFFF5
[1572] [M]: 0x000000008000C7E8 (0xFFF5C593) xori a1, a1, 4095
x11 <- 0xFFF7FFFFFFFFFFFF
mem[X,0x000000008000C7EC] -> 0x0113
mem[X,0x000000008000C7EE] -> 0x0000
[1573] [M]: 0x000000008000C7EC (0x00000113) addi sp, zero, 0
x2 <- 0x0000000000000000
mem[X,0x000000008000C7F0] -> 0x006F
mem[X,0x000000008000C7F2] -> 0x00C0
[1574] [M]: 0x000000008000C7F0 (0x00C0006F) jal zero, 12
mem[X,0x000000008000C7FC] -> 0x4663
mem[X,0x000000008000C7FE] -> 0x00B5
[1575] [M]: 0x000000008000C7FC (0x00B54663) blt a0, a1, 12
mem[X,0x000000008000C800] -> 0x0113
mem[X,0x000000008000C802] -> 0x0021
[1576] [M]: 0x000000008000C800 (0x00210113) addi sp, sp, 2
x2 <- 0x0000000000000002
mem[X,0x000000008000C804] -> 0x006F
mem[X,0x000000008000C806] -> 0x00C0
[1577] [M]: 0x000000008000C804 (0x00C0006F) jal zero, 12
mem[X,0x000000008000C810] -> 0xBC23
mem[X,0x000000008000C812] -> 0x2E20
[1578] [M]: 0x000000008000C810 (0x2E20BC23) sd sp, 760(ra)
mem[0x000000008004F4D0] <- 0x0000000000000002
mem[X,0x000000008000C814] -> 0x0513
mem[X,0x000000008000C816] -> 0x0010
[1579] [M]: 0x000000008000C814 (0x00100513) addi a0, zero, 1
x10 <- 0x0000000000000001
mem[X,0x000000008000C818] -> 0x1513
mem[X,0x000000008000C81A] -> 0x0135
[1580] [M]: 0x000000008000C818 (0x01351513) slli a0, a0, 19
x10 <- 0x0000000000080000
mem[X,0x000000008000C81C] -> 0x4513
mem[X,0x000000008000C81E] -> 0xFFF5
[1581] [M]: 0x000000008000C81C (0xFFF54513) xori a0, a0, 4095
x10 <- 0xFFFFFFFFFFF7FFFF
mem[X,0x000000008000C820] -> 0x0593
mem[X,0x000000008000C822] -> 0x0010
[1582] [M]: 0x000000008000C820 (0x00100593) addi a1, zero, 1
x11 <- 0x0000000000000001
mem[X,0x000000008000C824] -> 0x9593
mem[X,0x000000008000C826] -> 0x0345
[1583] [M]: 0x000000008000C824 (0x03459593) slli a1, a1, 52
x11 <- 0x0010000000000000
mem[X,0x000000008000C828] -> 0xC593
mem[X,0x000000008000C82A] -> 0xFFF5
[1584] [M]: 0x000000008000C828 (0xFFF5C593) xori a1, a1, 4095
x11 <- 0xFFEFFFFFFFFFFFFF
mem[X,0x000000008000C82C] -> 0x0113
mem[X,0x000000008000C82E] -> 0x0000
[1585] [M]: 0x000000008000C82C (0x00000113) addi sp, zero, 0
x2 <- 0x0000000000000000
mem[X,0x000000008000C830] -> 0x006F
mem[X,0x000000008000C832] -> 0x00C0
[1586] [M]: 0x000000008000C830 (0x00C0006F) jal zero, 12
mem[X,0x000000008000C83C] -> 0x4663
mem[X,0x000000008000C83E] -> 0x00B5
[1587] [M]: 0x000000008000C83C (0x00B54663) blt a0, a1, 12
mem[X,0x000000008000C840] -> 0x0113
mem[X,0x000000008000C842] -> 0x0021
[1588] [M]: 0x000000008000C840 (0x00210113) addi sp, sp, 2
x2 <- 0x0000000000000002
mem[X,0x000000008000C844] -> 0x006F
mem[X,0x000000008000C846] -> 0x00C0
[1589] [M]: 0x000000008000C844 (0x00C0006F) jal zero, 12
mem[X,0x000000008000C850] -> 0xB023
mem[X,0x000000008000C852] -> 0x3020
[1590] [M]: 0x000000008000C850 (0x3020B023) sd sp, 768(ra)
mem[0x000000008004F4D8] <- 0x0000000000000002
mem[X,0x000000008000C854] -> 0x0513
mem[X,0x000000008000C856] -> 0x0010
[1591] [M]: 0x000000008000C854 (0x00100513) addi a0, zero, 1
x10 <- 0x0000000000000001
mem[X,0x000000008000C858] -> 0x1513
mem[X,0x000000008000C85A] -> 0x02B5
[1592] [M]: 0x000000008000C858 (0x02B51513) slli a0, a0, 43
x10 <- 0x0000080000000000
mem[X,0x000000008000C85C] -> 0x0593
mem[X,0x000000008000C85E] -> 0x0010
[1593] [M]: 0x000000008000C85C (0x00100593) addi a1, zero, 1
x11 <- 0x0000000000000001
mem[X,0x000000008000C860] -> 0x9593
mem[X,0x000000008000C862] -> 0x0355
[1594] [M]: 0x000000008000C860 (0x03559593) slli a1, a1, 53
x11 <- 0x0020000000000000
mem[X,0x000000008000C864] -> 0xC593
mem[X,0x000000008000C866] -> 0xFFF5
[1595] [M]: 0x000000008000C864 (0xFFF5C593) xori a1, a1, 4095
x11 <- 0xFFDFFFFFFFFFFFFF
mem[X,0x000000008000C868] -> 0x0113
mem[X,0x000000008000C86A] -> 0x0000
[1596] [M]: 0x000000008000C868 (0x00000113) addi sp, zero, 0
x2 <- 0x0000000000000000
mem[X,0x000000008000C86C] -> 0x006F
mem[X,0x000000008000C86E] -> 0x00C0
[1597] [M]: 0x000000008000C86C (0x00C0006F) jal zero, 12
mem[X,0x000000008000C878] -> 0x4663
mem[X,0x000000008000C87A] -> 0x00B5
[1598] [M]: 0x000000008000C878 (0x00B54663) blt a0, a1, 12
mem[X,0x000000008000C87C] -> 0x0113
mem[X,0x000000008000C87E] -> 0x0021
[1599] [M]: 0x000000008000C87C (0x00210113) addi sp, sp, 2
x2 <- 0x0000000000000002
clint::tick mtime <- 0x0000000000000010
 clint timer pending at mtime 0x0000000000000010
htif::tick 0x0000000000000000
mem[X,0x000000008000C880] -> 0x006F
mem[X,0x000000008000C882] -> 0x00C0
[1600] [M]: 0x000000008000C880 (0x00C0006F) jal zero, 12
mem[X,0x000000008000C88C] -> 0xB423
mem[X,0x000000008000C88E] -> 0x3020
[1601] [M]: 0x000000008000C88C (0x3020B423) sd sp, 776(ra)
mem[0x000000008004F4E0] <- 0x0000000000000002
mem[X,0x000000008000C890] -> 0x0513
mem[X,0x000000008000C892] -> 0x0060
[1602] [M]: 0x000000008000C890 (0x00600513) addi a0, zero, 6
x10 <- 0x0000000000000006
mem[X,0x000000008000C894] -> 0x0593
mem[X,0x000000008000C896] -> 0x0010
[1603] [M]: 0x000000008000C894 (0x00100593) addi a1, zero, 1
x11 <- 0x0000000000000001
mem[X,0x000000008000C898] -> 0x9593
mem[X,0x000000008000C89A] -> 0x0365
[1604] [M]: 0x000000008000C898 (0x03659593) slli a1, a1, 54
x11 <- 0x0040000000000000
mem[X,0x000000008000C89C] -> 0xC593
mem[X,0x000000008000C89E] -> 0xFFF5
[1605] [M]: 0x000000008000C89C (0xFFF5C593) xori a1, a1, 4095
x11 <- 0xFFBFFFFFFFFFFFFF
mem[X,0x000000008000C8A0] -> 0x0113
mem[X,0x000000008000C8A2] -> 0x0000
[1606] [M]: 0x000000008000C8A0 (0x00000113) addi sp, zero, 0
x2 <- 0x0000000000000000
mem[X,0x000000008000C8A4] -> 0x006F
mem[X,0x000000008000C8A6] -> 0x00C0
[1607] [M]: 0x000000008000C8A4 (0x00C0006F) jal zero, 12
mem[X,0x000000008000C8B0] -> 0x4CE3
mem[X,0x000000008000C8B2] -> 0xFEB5
[1608] [M]: 0x000000008000C8B0 (0xFEB54CE3) blt a0, a1, 8184
mem[X,0x000000008000C8B4] -> 0x0113
mem[X,0x000000008000C8B6] -> 0x0021
[1609] [M]: 0x000000008000C8B4 (0x00210113) addi sp, sp, 2
x2 <- 0x0000000000000002
mem[X,0x000000008000C8B8] -> 0x006F
mem[X,0x000000008000C8BA] -> 0x00C0
[1610] [M]: 0x000000008000C8B8 (0x00C0006F) jal zero, 12
mem[X,0x000000008000C8C4] -> 0xB823
mem[X,0x000000008000C8C6] -> 0x3020
[1611] [M]: 0x000000008000C8C4 (0x3020B823) sd sp, 784(ra)
mem[0x000000008004F4E8] <- 0x0000000000000002
mem[X,0x000000008000C8C8] -> 0x0513
mem[X,0x000000008000C8CA] -> 0x0010
[1612] [M]: 0x000000008000C8C8 (0x00100513) addi a0, zero, 1
x10 <- 0x0000000000000001
mem[X,0x000000008000C8CC] -> 0x1513
mem[X,0x000000008000C8CE] -> 0x0335
[1613] [M]: 0x000000008000C8CC (0x03351513) slli a0, a0, 51
x10 <- 0x0008000000000000
mem[X,0x000000008000C8D0] -> 0x0593
mem[X,0x000000008000C8D2] -> 0x0010
[1614] [M]: 0x000000008000C8D0 (0x00100593) addi a1, zero, 1
x11 <- 0x0000000000000001
mem[X,0x000000008000C8D4] -> 0x9593
mem[X,0x000000008000C8D6] -> 0x0375
[1615] [M]: 0x000000008000C8D4 (0x03759593) slli a1, a1, 55
x11 <- 0x0080000000000000
mem[X,0x000000008000C8D8] -> 0xC593
mem[X,0x000000008000C8DA] -> 0xFFF5
[1616] [M]: 0x000000008000C8D8 (0xFFF5C593) xori a1, a1, 4095
x11 <- 0xFF7FFFFFFFFFFFFF
mem[X,0x000000008000C8DC] -> 0x0113
mem[X,0x000000008000C8DE] -> 0x0000
[1617] [M]: 0x000000008000C8DC (0x00000113) addi sp, zero, 0
x2 <- 0x0000000000000000
mem[X,0x000000008000C8E0] -> 0x006F
mem[X,0x000000008000C8E2] -> 0x2B10
[1618] [M]: 0x000000008000C8E0 (0x2B10006F) jal zero, 2736
mem[X,0x000000008000D390] -> 0x4A63
mem[X,0x000000008000D392] -> 0xD4B5
[1619] [M]: 0x000000008000D390 (0xD4B54A63) blt a0, a1, 5460
mem[X,0x000000008000D394] -> 0x0113
mem[X,0x000000008000D396] -> 0x0021
[1620] [M]: 0x000000008000D394 (0x00210113) addi sp, sp, 2
x2 <- 0x0000000000000002
mem[X,0x000000008000D398] -> 0x006F
mem[X,0x000000008000D39A] -> 0x00C0
[1621] [M]: 0x000000008000D398 (0x00C0006F) jal zero, 12
mem[X,0x000000008000D3A4] -> 0xBC23
mem[X,0x000000008000D3A6] -> 0x3020
[1622] [M]: 0x000000008000D3A4 (0x3020BC23) sd sp, 792(ra)
mem[0x000000008004F4F0] <- 0x0000000000000002
mem[X,0x000000008000D3A8] -> 0x3537
mem[X,0x000000008000D3AA] -> 0x3333
[1623] [M]: 0x000000008000D3A8 (0x33333537) lui a0, 209715
x10 <- 0x0000000033333000
mem[X,0x000000008000D3AC] -> 0x0513
mem[X,0x000000008000D3AE] -> 0x3335
[1624] [M]: 0x000000008000D3AC (0x33350513) addi a0, a0, 819
x10 <- 0x0000000033333333
mem[X,0x000000008000D3B0] -> 0x1513
mem[X,0x000000008000D3B2] -> 0x00B5
[1625] [M]: 0x000000008000D3B0 (0x00B51513) slli a0, a0, 11
x10 <- 0x0000019999999800
mem[X,0x000000008000D3B4] -> 0x0513
mem[X,0x000000008000D3B6] -> 0x1995
[1626] [M]: 0x000000008000D3B4 (0x19950513) addi a0, a0, 409
x10 <- 0x0000019999999999
mem[X,0x000000008000D3B8] -> 0x1513
mem[X,0x000000008000D3BA] -> 0x00B5
[1627] [M]: 0x000000008000D3B8 (0x00B51513) slli a0, a0, 11
x10 <- 0x000CCCCCCCCCC800
mem[X,0x000000008000D3BC] -> 0x0513
mem[X,0x000000008000D3BE] -> 0x4CC5
[1628] [M]: 0x000000008000D3BC (0x4CC50513) addi a0, a0, 1228
x10 <- 0x000CCCCCCCCCCCCC
mem[X,0x000000008000D3C0] -> 0x1513
mem[X,0x000000008000D3C2] -> 0x00A5
[1629] [M]: 0x000000008000D3C0 (0x00A51513) slli a0, a0, 10
x10 <- 0x3333333333333000
mem[X,0x000000008000D3C4] -> 0x0513
mem[X,0x000000008000D3C6] -> 0x3345
[1630] [M]: 0x000000008000D3C4 (0x33450513) addi a0, a0, 820
x10 <- 0x3333333333333334
mem[X,0x000000008000D3C8] -> 0x0593
mem[X,0x000000008000D3CA] -> 0x0010
[1631] [M]: 0x000000008000D3C8 (0x00100593) addi a1, zero, 1
x11 <- 0x0000000000000001
mem[X,0x000000008000D3CC] -> 0x9593
mem[X,0x000000008000D3CE] -> 0x0385
[1632] [M]: 0x000000008000D3CC (0x03859593) slli a1, a1, 56
x11 <- 0x0100000000000000
mem[X,0x000000008000D3D0] -> 0xC593
mem[X,0x000000008000D3D2] -> 0xFFF5
[1633] [M]: 0x000000008000D3D0 (0xFFF5C593) xori a1, a1, 4095
x11 <- 0xFEFFFFFFFFFFFFFF
mem[X,0x000000008000D3D4] -> 0x0113
mem[X,0x000000008000D3D6] -> 0x0000
[1634] [M]: 0x000000008000D3D4 (0x00000113) addi sp, zero, 0
x2 <- 0x0000000000000000
mem[X,0x000000008000D3D8] -> 0x006F
mem[X,0x000000008000D3DA] -> 0x2B10
[1635] [M]: 0x000000008000D3D8 (0x2B10006F) jal zero, 2736
mem[X,0x000000008000DE88] -> 0x4A63
mem[X,0x000000008000DE8A] -> 0xD4B5
[1636] [M]: 0x000000008000DE88 (0xD4B54A63) blt a0, a1, 5460
mem[X,0x000000008000DE8C] -> 0x0113
mem[X,0x000000008000DE8E] -> 0x0021
[1637] [M]: 0x000000008000DE8C (0x00210113) addi sp, sp, 2
x2 <- 0x0000000000000002
mem[X,0x000000008000DE90] -> 0x006F
mem[X,0x000000008000DE92] -> 0x00C0
[1638] [M]: 0x000000008000DE90 (0x00C0006F) jal zero, 12
mem[X,0x000000008000DE9C] -> 0xB023
mem[X,0x000000008000DE9E] -> 0x3220
[1639] [M]: 0x000000008000DE9C (0x3220B023) sd sp, 800(ra)
mem[0x000000008004F4F8] <- 0x0000000000000002
mem[X,0x000000008000DEA0] -> 0x0513
mem[X,0x000000008000DEA2] -> 0x0010
[1640] [M]: 0x000000008000DEA0 (0x00100513) addi a0, zero, 1
x10 <- 0x0000000000000001
mem[X,0x000000008000DEA4] -> 0x1513
mem[X,0x000000008000DEA6] -> 0x01B5
[1641] [M]: 0x000000008000DEA4 (0x01B51513) slli a0, a0, 27
x10 <- 0x0000000008000000
mem[X,0x000000008000DEA8] -> 0x4513
mem[X,0x000000008000DEAA] -> 0xFFF5
[1642] [M]: 0x000000008000DEA8 (0xFFF54513) xori a0, a0, 4095
x10 <- 0xFFFFFFFFF7FFFFFF
mem[X,0x000000008000DEAC] -> 0x0593
mem[X,0x000000008000DEAE] -> 0x0010
[1643] [M]: 0x000000008000DEAC (0x00100593) addi a1, zero, 1
x11 <- 0x0000000000000001
mem[X,0x000000008000DEB0] -> 0x9593
mem[X,0x000000008000DEB2] -> 0x0395
[1644] [M]: 0x000000008000DEB0 (0x03959593) slli a1, a1, 57
x11 <- 0x0200000000000000
mem[X,0x000000008000DEB4] -> 0xC593
mem[X,0x000000008000DEB6] -> 0xFFF5
[1645] [M]: 0x000000008000DEB4 (0xFFF5C593) xori a1, a1, 4095
x11 <- 0xFDFFFFFFFFFFFFFF
mem[X,0x000000008000DEB8] -> 0x0113
mem[X,0x000000008000DEBA] -> 0x0000
[1646] [M]: 0x000000008000DEB8 (0x00000113) addi sp, zero, 0
x2 <- 0x0000000000000000
mem[X,0x000000008000DEBC] -> 0x006F
mem[X,0x000000008000DEBE] -> 0x00C0
[1647] [M]: 0x000000008000DEBC (0x00C0006F) jal zero, 12
mem[X,0x000000008000DEC8] -> 0x4663
mem[X,0x000000008000DECA] -> 0x00B5
[1648] [M]: 0x000000008000DEC8 (0x00B54663) blt a0, a1, 12
mem[X,0x000000008000DECC] -> 0x0113
mem[X,0x000000008000DECE] -> 0x0021
[1649] [M]: 0x000000008000DECC (0x00210113) addi sp, sp, 2
x2 <- 0x0000000000000002
mem[X,0x000000008000DED0] -> 0x006F
mem[X,0x000000008000DED2] -> 0x00C0
[1650] [M]: 0x000000008000DED0 (0x00C0006F) jal zero, 12
mem[X,0x000000008000DEDC] -> 0xB423
mem[X,0x000000008000DEDE] -> 0x3220
[1651] [M]: 0x000000008000DEDC (0x3220B423) sd sp, 808(ra)
mem[0x000000008004F500] <- 0x0000000000000002
mem[X,0x000000008000DEE0] -> 0x0513
mem[X,0x000000008000DEE2] -> 0x0010
[1652] [M]: 0x000000008000DEE0 (0x00100513) addi a0, zero, 1
x10 <- 0x0000000000000001
mem[X,0x000000008000DEE4] -> 0x1513
mem[X,0x000000008000DEE6] -> 0x0245
[1653] [M]: 0x000000008000DEE4 (0x02451513) slli a0, a0, 36
x10 <- 0x0000001000000000
mem[X,0x000000008000DEE8] -> 0x4513
mem[X,0x000000008000DEEA] -> 0xFFF5
[1654] [M]: 0x000000008000DEE8 (0xFFF54513) xori a0, a0, 4095
x10 <- 0xFFFFFFEFFFFFFFFF
mem[X,0x000000008000DEEC] -> 0x0593
mem[X,0x000000008000DEEE] -> 0x0010
[1655] [M]: 0x000000008000DEEC (0x00100593) addi a1, zero, 1
x11 <- 0x0000000000000001
mem[X,0x000000008000DEF0] -> 0x9593
mem[X,0x000000008000DEF2] -> 0x03A5
[1656] [M]: 0x000000008000DEF0 (0x03A59593) slli a1, a1, 58
x11 <- 0x0400000000000000
mem[X,0x000000008000DEF4] -> 0xC593
mem[X,0x000000008000DEF6] -> 0xFFF5
[1657] [M]: 0x000000008000DEF4 (0xFFF5C593) xori a1, a1, 4095
x11 <- 0xFBFFFFFFFFFFFFFF
mem[X,0x000000008000DEF8] -> 0x0113
mem[X,0x000000008000DEFA] -> 0x0000
[1658] [M]: 0x000000008000DEF8 (0x00000113) addi sp, zero, 0
x2 <- 0x0000000000000000
mem[X,0x000000008000DEFC] -> 0x006F
mem[X,0x000000008000DEFE] -> 0x00C0
[1659] [M]: 0x000000008000DEFC (0x00C0006F) jal zero, 12
mem[X,0x000000008000DF08] -> 0x4663
mem[X,0x000000008000DF0A] -> 0x00B5
[1660] [M]: 0x000000008000DF08 (0x00B54663) blt a0, a1, 12
mem[X,0x000000008000DF0C] -> 0x0113
mem[X,0x000000008000DF0E] -> 0x0021
[1661] [M]: 0x000000008000DF0C (0x00210113) addi sp, sp, 2
x2 <- 0x0000000000000002
mem[X,0x000000008000DF10] -> 0x006F
mem[X,0x000000008000DF12] -> 0x00C0
[1662] [M]: 0x000000008000DF10 (0x00C0006F) jal zero, 12
mem[X,0x000000008000DF1C] -> 0xB823
mem[X,0x000000008000DF1E] -> 0x3220
[1663] [M]: 0x000000008000DF1C (0x3220B823) sd sp, 816(ra)
mem[0x000000008004F508] <- 0x0000000000000002
mem[X,0x000000008000DF20] -> 0x0513
mem[X,0x000000008000DF22] -> 0x0010
[1664] [M]: 0x000000008000DF20 (0x00100513) addi a0, zero, 1
x10 <- 0x0000000000000001
mem[X,0x000000008000DF24] -> 0x1513
mem[X,0x000000008000DF26] -> 0x0285
[1665] [M]: 0x000000008000DF24 (0x02851513) slli a0, a0, 40
x10 <- 0x0000010000000000
mem[X,0x000000008000DF28] -> 0x0593
mem[X,0x000000008000DF2A] -> 0x0010
[1666] [M]: 0x000000008000DF28 (0x00100593) addi a1, zero, 1
x11 <- 0x0000000000000001
mem[X,0x000000008000DF2C] -> 0x9593
mem[X,0x000000008000DF2E] -> 0x03B5
[1667] [M]: 0x000000008000DF2C (0x03B59593) slli a1, a1, 59
x11 <- 0x0800000000000000
mem[X,0x000000008000DF30] -> 0xC593
mem[X,0x000000008000DF32] -> 0xFFF5
[1668] [M]: 0x000000008000DF30 (0xFFF5C593) xori a1, a1, 4095
x11 <- 0xF7FFFFFFFFFFFFFF
mem[X,0x000000008000DF34] -> 0x0113
mem[X,0x000000008000DF36] -> 0x0000
[1669] [M]: 0x000000008000DF34 (0x00000113) addi sp, zero, 0
x2 <- 0x0000000000000000
mem[X,0x000000008000DF38] -> 0x006F
mem[X,0x000000008000DF3A] -> 0x0180
[1670] [M]: 0x000000008000DF38 (0x0180006F) jal zero, 24
mem[X,0x000000008000DF50] -> 0x46E3
mem[X,0x000000008000DF52] -> 0xFEB5
[1671] [M]: 0x000000008000DF50 (0xFEB546E3) blt a0, a1, 8172
mem[X,0x000000008000DF54] -> 0x0113
mem[X,0x000000008000DF56] -> 0x0021
[1672] [M]: 0x000000008000DF54 (0x00210113) addi sp, sp, 2
x2 <- 0x0000000000000002
mem[X,0x000000008000DF58] -> 0x006F
mem[X,0x000000008000DF5A] -> 0x00C0
[1673] [M]: 0x000000008000DF58 (0x00C0006F) jal zero, 12
mem[X,0x000000008000DF64] -> 0xBC23
mem[X,0x000000008000DF66] -> 0x3220
[1674] [M]: 0x000000008000DF64 (0x3220BC23) sd sp, 824(ra)
mem[0x000000008004F510] <- 0x0000000000000002
mem[X,0x000000008000DF68] -> 0x0513
mem[X,0x000000008000DF6A] -> 0x0010
[1675] [M]: 0x000000008000DF68 (0x00100513) addi a0, zero, 1
x10 <- 0x0000000000000001
mem[X,0x000000008000DF6C] -> 0x1513
mem[X,0x000000008000DF6E] -> 0x0145
[1676] [M]: 0x000000008000DF6C (0x01451513) slli a0, a0, 20
x10 <- 0x0000000000100000
mem[X,0x000000008000DF70] -> 0x0593
mem[X,0x000000008000DF72] -> 0x0010
[1677] [M]: 0x000000008000DF70 (0x00100593) addi a1, zero, 1
x11 <- 0x0000000000000001
mem[X,0x000000008000DF74] -> 0x9593
mem[X,0x000000008000DF76] -> 0x03C5
[1678] [M]: 0x000000008000DF74 (0x03C59593) slli a1, a1, 60
x11 <- 0x1000000000000000
mem[X,0x000000008000DF78] -> 0xC593
mem[X,0x000000008000DF7A] -> 0xFFF5
[1679] [M]: 0x000000008000DF78 (0xFFF5C593) xori a1, a1, 4095
x11 <- 0xEFFFFFFFFFFFFFFF
mem[X,0x000000008000DF7C] -> 0x0113
mem[X,0x000000008000DF7E] -> 0x0000
[1680] [M]: 0x000000008000DF7C (0x00000113) addi sp, zero, 0
x2 <- 0x0000000000000000
mem[X,0x000000008000DF80] -> 0x006F
mem[X,0x000000008000DF82] -> 0x00C0
[1681] [M]: 0x000000008000DF80 (0x00C0006F) jal zero, 12
mem[X,0x000000008000DF8C] -> 0x4CE3
mem[X,0x000000008000DF8E] -> 0xFEB5
[1682] [M]: 0x000000008000DF8C (0xFEB54CE3) blt a0, a1, 8184
mem[X,0x000000008000DF90] -> 0x0113
mem[X,0x000000008000DF92] -> 0x0021
[1683] [M]: 0x000000008000DF90 (0x00210113) addi sp, sp, 2
x2 <- 0x0000000000000002
mem[X,0x000000008000DF94] -> 0x006F
mem[X,0x000000008000DF96] -> 0x00C0
[1684] [M]: 0x000000008000DF94 (0x00C0006F) jal zero, 12
mem[X,0x000000008000DFA0] -> 0xB023
mem[X,0x000000008000DFA2] -> 0x3420
[1685] [M]: 0x000000008000DFA0 (0x3420B023) sd sp, 832(ra)
mem[0x000000008004F518] <- 0x0000000000000002
mem[X,0x000000008000DFA4] -> 0x0513
mem[X,0x000000008000DFA6] -> 0x0010
[1686] [M]: 0x000000008000DFA4 (0x00100513) addi a0, zero, 1
x10 <- 0x0000000000000001
mem[X,0x000000008000DFA8] -> 0x1513
mem[X,0x000000008000DFAA] -> 0x03C5
[1687] [M]: 0x000000008000DFA8 (0x03C51513) slli a0, a0, 60
x10 <- 0x1000000000000000
mem[X,0x000000008000DFAC] -> 0x0593
mem[X,0x000000008000DFAE] -> 0x0010
[1688] [M]: 0x000000008000DFAC (0x00100593) addi a1, zero, 1
x11 <- 0x0000000000000001
mem[X,0x000000008000DFB0] -> 0x9593
mem[X,0x000000008000DFB2] -> 0x03D5
[1689] [M]: 0x000000008000DFB0 (0x03D59593) slli a1, a1, 61
x11 <- 0x2000000000000000
mem[X,0x000000008000DFB4] -> 0xC593
mem[X,0x000000008000DFB6] -> 0xFFF5
[1690] [M]: 0x000000008000DFB4 (0xFFF5C593) xori a1, a1, 4095
x11 <- 0xDFFFFFFFFFFFFFFF
mem[X,0x000000008000DFB8] -> 0x0113
mem[X,0x000000008000DFBA] -> 0x0000
[1691] [M]: 0x000000008000DFB8 (0x00000113) addi sp, zero, 0
x2 <- 0x0000000000000000
mem[X,0x000000008000DFBC] -> 0x006F
mem[X,0x000000008000DFBE] -> 0x00C0
[1692] [M]: 0x000000008000DFBC (0x00C0006F) jal zero, 12
mem[X,0x000000008000DFC8] -> 0x4663
mem[X,0x000000008000DFCA] -> 0x00B5
[1693] [M]: 0x000000008000DFC8 (0x00B54663) blt a0, a1, 12
mem[X,0x000000008000DFCC] -> 0x0113
mem[X,0x000000008000DFCE] -> 0x0021
[1694] [M]: 0x000000008000DFCC (0x00210113) addi sp, sp, 2
x2 <- 0x0000000000000002
mem[X,0x000000008000DFD0] -> 0x006F
mem[X,0x000000008000DFD2] -> 0x00C0
[1695] [M]: 0x000000008000DFD0 (0x00C0006F) jal zero, 12
mem[X,0x000000008000DFDC] -> 0xB423
mem[X,0x000000008000DFDE] -> 0x3420
[1696] [M]: 0x000000008000DFDC (0x3420B423) sd sp, 840(ra)
mem[0x000000008004F520] <- 0x0000000000000002
mem[X,0x000000008000DFE0] -> 0x0513
mem[X,0x000000008000DFE2] -> 0x0010
[1697] [M]: 0x000000008000DFE0 (0x00100513) addi a0, zero, 1
x10 <- 0x0000000000000001
mem[X,0x000000008000DFE4] -> 0x1513
mem[X,0x000000008000DFE6] -> 0x0125
[1698] [M]: 0x000000008000DFE4 (0x01251513) slli a0, a0, 18
x10 <- 0x0000000000040000
mem[X,0x000000008000DFE8] -> 0x0593
mem[X,0x000000008000DFEA] -> 0xFFF0
[1699] [M]: 0x000000008000DFE8 (0xFFF00593) addi a1, zero, 4095
x11 <- 0xFFFFFFFFFFFFFFFF
clint::tick mtime <- 0x0000000000000011
 clint timer pending at mtime 0x0000000000000011
htif::tick 0x0000000000000000
mem[X,0x000000008000DFEC] -> 0xD593
mem[X,0x000000008000DFEE] -> 0x0015
[1700] [M]: 0x000000008000DFEC (0x0015D593) srli a1, a1, 1
x11 <- 0x7FFFFFFFFFFFFFFF
mem[X,0x000000008000DFF0] -> 0x0113
mem[X,0x000000008000DFF2] -> 0x0000
[1701] [M]: 0x000000008000DFF0 (0x00000113) addi sp, zero, 0
x2 <- 0x0000000000000000
mem[X,0x000000008000DFF4] -> 0x006F
mem[X,0x000000008000DFF6] -> 0x00C0
[1702] [M]: 0x000000008000DFF4 (0x00C0006F) jal zero, 12
mem[X,0x000000008000E000] -> 0x4063
mem[X,0x000000008000E002] -> 0x04B5
[1703] [M]: 0x000000008000E000 (0x04B54063) blt a0, a1, 64
mem[X,0x000000008000E040] -> 0x0113
mem[X,0x000000008000E042] -> 0x0031
[1704] [M]: 0x000000008000E040 (0x00310113) addi sp, sp, 3
x2 <- 0x0000000000000003
mem[X,0x000000008000E044] -> 0x006F
mem[X,0x000000008000E046] -> 0x0040
[1705] [M]: 0x000000008000E044 (0x0040006F) jal zero, 4
mem[X,0x000000008000E048] -> 0xB823
mem[X,0x000000008000E04A] -> 0x3420
[1706] [M]: 0x000000008000E048 (0x3420B823) sd sp, 848(ra)
mem[0x000000008004F528] <- 0x0000000000000003
mem[X,0x000000008000E04C] -> 0x0513
mem[X,0x000000008000E04E] -> 0x0010
[1707] [M]: 0x000000008000E04C (0x00100513) addi a0, zero, 1
x10 <- 0x0000000000000001
mem[X,0x000000008000E050] -> 0x1513
mem[X,0x000000008000E052] -> 0x0135
[1708] [M]: 0x000000008000E050 (0x01351513) slli a0, a0, 19
x10 <- 0x0000000000080000
mem[X,0x000000008000E054] -> 0x4513
mem[X,0x000000008000E056] -> 0xFFF5
[1709] [M]: 0x000000008000E054 (0xFFF54513) xori a0, a0, 4095
x10 <- 0xFFFFFFFFFFF7FFFF
mem[X,0x000000008000E058] -> 0xB5B7
mem[X,0x000000008000E05A] -> 0xAAAA
[1710] [M]: 0x000000008000E058 (0xAAAAB5B7) lui a1, 699051
x11 <- 0xFFFFFFFFAAAAB000
mem[X,0x000000008000E05C] -> 0x8593
mem[X,0x000000008000E05E] -> 0xAAA5
[1711] [M]: 0x000000008000E05C (0xAAA58593) addi a1, a1, 2730
x11 <- 0xFFFFFFFFAAAAAAAA
mem[X,0x000000008000E060] -> 0x9593
mem[X,0x000000008000E062] -> 0x00B5
[1712] [M]: 0x000000008000E060 (0x00B59593) slli a1, a1, 11
x11 <- 0xFFFFFD5555555000
mem[X,0x000000008000E064] -> 0x8593
mem[X,0x000000008000E066] -> 0x5555
[1713] [M]: 0x000000008000E064 (0x55558593) addi a1, a1, 1365
x11 <- 0xFFFFFD5555555555
mem[X,0x000000008000E068] -> 0x9593
mem[X,0x000000008000E06A] -> 0x00B5
[1714] [M]: 0x000000008000E068 (0x00B59593) slli a1, a1, 11
x11 <- 0xFFEAAAAAAAAAA800
mem[X,0x000000008000E06C] -> 0x8593
mem[X,0x000000008000E06E] -> 0x2AA5
[1715] [M]: 0x000000008000E06C (0x2AA58593) addi a1, a1, 682
x11 <- 0xFFEAAAAAAAAAAAAA
mem[X,0x000000008000E070] -> 0x9593
mem[X,0x000000008000E072] -> 0x00A5
[1716] [M]: 0x000000008000E070 (0x00A59593) slli a1, a1, 10
x11 <- 0xAAAAAAAAAAAAA800
mem[X,0x000000008000E074] -> 0x8593
mem[X,0x000000008000E076] -> 0x2AA5
[1717] [M]: 0x000000008000E074 (0x2AA58593) addi a1, a1, 682
x11 <- 0xAAAAAAAAAAAAAAAA
mem[X,0x000000008000E078] -> 0x0113
mem[X,0x000000008000E07A] -> 0x0000
[1718] [M]: 0x000000008000E078 (0x00000113) addi sp, zero, 0
x2 <- 0x0000000000000000
mem[X,0x000000008000E07C] -> 0x006F
mem[X,0x000000008000E07E] -> 0x0050
[1719] [M]: 0x000000008000E07C (0x0050006F) jal zero, 2052
mem[X,0x000000008000E880] -> 0x40E3
mem[X,0x000000008000E882] -> 0x80B5
[1720] [M]: 0x000000008000E880 (0x80B540E3) blt a0, a1, 6144
mem[X,0x000000008000E884] -> 0x0113
mem[X,0x000000008000E886] -> 0x0021
[1721] [M]: 0x000000008000E884 (0x00210113) addi sp, sp, 2
x2 <- 0x0000000000000002
mem[X,0x000000008000E888] -> 0x006F
mem[X,0x000000008000E88A] -> 0x00C0
[1722] [M]: 0x000000008000E888 (0x00C0006F) jal zero, 12
mem[X,0x000000008000E894] -> 0xBC23
mem[X,0x000000008000E896] -> 0x3420
[1723] [M]: 0x000000008000E894 (0x3420BC23) sd sp, 856(ra)
mem[0x000000008004F530] <- 0x0000000000000002
mem[X,0x000000008000E898] -> 0x0513
mem[X,0x000000008000E89A] -> 0x0080
[1724] [M]: 0x000000008000E898 (0x00800513) addi a0, zero, 8
x10 <- 0x0000000000000008
mem[X,0x000000008000E89C] -> 0x0593
mem[X,0x000000008000E89E] -> 0x0010
[1725] [M]: 0x000000008000E89C (0x00100593) addi a1, zero, 1
x11 <- 0x0000000000000001
mem[X,0x000000008000E8A0] -> 0x9593
mem[X,0x000000008000E8A2] -> 0x0325
[1726] [M]: 0x000000008000E8A0 (0x03259593) slli a1, a1, 50
x11 <- 0x0004000000000000
mem[X,0x000000008000E8A4] -> 0xC593
mem[X,0x000000008000E8A6] -> 0xFFF5
[1727] [M]: 0x000000008000E8A4 (0xFFF5C593) xori a1, a1, 4095
x11 <- 0xFFFBFFFFFFFFFFFF
mem[X,0x000000008000E8A8] -> 0x0113
mem[X,0x000000008000E8AA] -> 0x0000
[1728] [M]: 0x000000008000E8A8 (0x00000113) addi sp, zero, 0
x2 <- 0x0000000000000000
mem[X,0x000000008000E8AC] -> 0x006F
mem[X,0x000000008000E8AE] -> 0x00C0
[1729] [M]: 0x000000008000E8AC (0x00C0006F) jal zero, 12
mem[X,0x000000008000E8B8] -> 0x4663
mem[X,0x000000008000E8BA] -> 0x00B5
[1730] [M]: 0x000000008000E8B8 (0x00B54663) blt a0, a1, 12
mem[X,0x000000008000E8BC] -> 0x0113
mem[X,0x000000008000E8BE] -> 0x0021
[1731] [M]: 0x000000008000E8BC (0x00210113) addi sp, sp, 2
x2 <- 0x0000000000000002
mem[X,0x000000008000E8C0] -> 0x006F
mem[X,0x000000008000E8C2] -> 0x00C0
[1732] [M]: 0x000000008000E8C0 (0x00C0006F) jal zero, 12
mem[X,0x000000008000E8CC] -> 0xB023
mem[X,0x000000008000E8CE] -> 0x3620
[1733] [M]: 0x000000008000E8CC (0x3620B023) sd sp, 864(ra)
mem[0x000000008004F538] <- 0x0000000000000002
mem[X,0x000000008000E8D0] -> 0x0513
mem[X,0x000000008000E8D2] -> 0x0100
[1734] [M]: 0x000000008000E8D0 (0x01000513) addi a0, zero, 16
x10 <- 0x0000000000000010
mem[X,0x000000008000E8D4] -> 0x0593
mem[X,0x000000008000E8D6] -> 0x0010
[1735] [M]: 0x000000008000E8D4 (0x00100593) addi a1, zero, 1
x11 <- 0x0000000000000001
mem[X,0x000000008000E8D8] -> 0x9593
mem[X,0x000000008000E8DA] -> 0x03B5
[1736] [M]: 0x000000008000E8D8 (0x03B59593) slli a1, a1, 59
x11 <- 0x0800000000000000
mem[X,0x000000008000E8DC] -> 0x0113
mem[X,0x000000008000E8DE] -> 0x0000
[1737] [M]: 0x000000008000E8DC (0x00000113) addi sp, zero, 0
x2 <- 0x0000000000000000
mem[X,0x000000008000E8E0] -> 0x006F
mem[X,0x000000008000E8E2] -> 0x0100
[1738] [M]: 0x000000008000E8E0 (0x0100006F) jal zero, 16
mem[X,0x000000008000E8F0] -> 0x4AE3
mem[X,0x000000008000E8F2] -> 0xFEB5
[1739] [M]: 0x000000008000E8F0 (0xFEB54AE3) blt a0, a1, 8180
mem[X,0x000000008000E8E4] -> 0x0113
mem[X,0x000000008000E8E6] -> 0x0011
[1740] [M]: 0x000000008000E8E4 (0x00110113) addi sp, sp, 1
x2 <- 0x0000000000000001
mem[X,0x000000008000E8E8] -> 0x006F
mem[X,0x000000008000E8EA] -> 0x01C0
[1741] [M]: 0x000000008000E8E8 (0x01C0006F) jal zero, 28
mem[X,0x000000008000E904] -> 0xB423
mem[X,0x000000008000E906] -> 0x3620
[1742] [M]: 0x000000008000E904 (0x3620B423) sd sp, 872(ra)
mem[0x000000008004F540] <- 0x0000000000000001
mem[X,0x000000008000E908] -> 0x0513
mem[X,0x000000008000E90A] -> 0x0800
[1743] [M]: 0x000000008000E908 (0x08000513) addi a0, zero, 128
x10 <- 0x0000000000000080
mem[X,0x000000008000E90C] -> 0x0593
mem[X,0x000000008000E90E] -> 0x0010
[1744] [M]: 0x000000008000E90C (0x00100593) addi a1, zero, 1
x11 <- 0x0000000000000001
mem[X,0x000000008000E910] -> 0x9593
mem[X,0x000000008000E912] -> 0x0205
[1745] [M]: 0x000000008000E910 (0x02059593) slli a1, a1, 32
x11 <- 0x0000000100000000
mem[X,0x000000008000E914] -> 0x0113
mem[X,0x000000008000E916] -> 0x0000
[1746] [M]: 0x000000008000E914 (0x00000113) addi sp, zero, 0
x2 <- 0x0000000000000000
mem[X,0x000000008000E918] -> 0x006F
mem[X,0x000000008000E91A] -> 0x00C0
[1747] [M]: 0x000000008000E918 (0x00C0006F) jal zero, 12
mem[X,0x000000008000E924] -> 0x4863
mem[X,0x000000008000E926] -> 0x00B5
[1748] [M]: 0x000000008000E924 (0x00B54863) blt a0, a1, 16
mem[X,0x000000008000E934] -> 0x0113
mem[X,0x000000008000E936] -> 0x0031
[1749] [M]: 0x000000008000E934 (0x00310113) addi sp, sp, 3
x2 <- 0x0000000000000003
mem[X,0x000000008000E938] -> 0x006F
mem[X,0x000000008000E93A] -> 0x0040
[1750] [M]: 0x000000008000E938 (0x0040006F) jal zero, 4
mem[X,0x000000008000E93C] -> 0xB823
mem[X,0x000000008000E93E] -> 0x3620
[1751] [M]: 0x000000008000E93C (0x3620B823) sd sp, 880(ra)
mem[0x000000008004F548] <- 0x0000000000000003
mem[X,0x000000008000E940] -> 0x0513
mem[X,0x000000008000E942] -> 0x4000
[1752] [M]: 0x000000008000E940 (0x40000513) addi a0, zero, 1024
x10 <- 0x0000000000000400
mem[X,0x000000008000E944] -> 0x0593
mem[X,0x000000008000E946] -> 0x0010
[1753] [M]: 0x000000008000E944 (0x00100593) addi a1, zero, 1
x11 <- 0x0000000000000001
mem[X,0x000000008000E948] -> 0x9593
mem[X,0x000000008000E94A] -> 0x0315
[1754] [M]: 0x000000008000E948 (0x03159593) slli a1, a1, 49
x11 <- 0x0002000000000000
mem[X,0x000000008000E94C] -> 0x0113
mem[X,0x000000008000E94E] -> 0x0000
[1755] [M]: 0x000000008000E94C (0x00000113) addi sp, zero, 0
x2 <- 0x0000000000000000
mem[X,0x000000008000E950] -> 0x006F
mem[X,0x000000008000E952] -> 0x0180
[1756] [M]: 0x000000008000E950 (0x0180006F) jal zero, 24
mem[X,0x000000008000E968] -> 0x46E3
mem[X,0x000000008000E96A] -> 0xFEB5
[1757] [M]: 0x000000008000E968 (0xFEB546E3) blt a0, a1, 8172
mem[X,0x000000008000E954] -> 0x0113
mem[X,0x000000008000E956] -> 0x0011
[1758] [M]: 0x000000008000E954 (0x00110113) addi sp, sp, 1
x2 <- 0x0000000000000001
mem[X,0x000000008000E958] -> 0x006F
mem[X,0x000000008000E95A] -> 0x0240
[1759] [M]: 0x000000008000E958 (0x0240006F) jal zero, 36
mem[X,0x000000008000E97C] -> 0xBC23
mem[X,0x000000008000E97E] -> 0x3620
[1760] [M]: 0x000000008000E97C (0x3620BC23) sd sp, 888(ra)
mem[0x000000008004F550] <- 0x0000000000000001
mem[X,0x000000008000E980] -> 0x0513
mem[X,0x000000008000E982] -> 0x0010
[1761] [M]: 0x000000008000E980 (0x00100513) addi a0, zero, 1
x10 <- 0x0000000000000001
mem[X,0x000000008000E984] -> 0x1513
mem[X,0x000000008000E986] -> 0x00B5
[1762] [M]: 0x000000008000E984 (0x00B51513) slli a0, a0, 11
x10 <- 0x0000000000000800
mem[X,0x000000008000E988] -> 0x0593
mem[X,0x000000008000E98A] -> 0x0010
[1763] [M]: 0x000000008000E988 (0x00100593) addi a1, zero, 1
x11 <- 0x0000000000000001
mem[X,0x000000008000E98C] -> 0x9593
mem[X,0x000000008000E98E] -> 0x03C5
[1764] [M]: 0x000000008000E98C (0x03C59593) slli a1, a1, 60
x11 <- 0x1000000000000000
mem[X,0x000000008000E990] -> 0x0113
mem[X,0x000000008000E992] -> 0x0000
[1765] [M]: 0x000000008000E990 (0x00000113) addi sp, zero, 0
x2 <- 0x0000000000000000
mem[X,0x000000008000E994] -> 0x006F
mem[X,0x000000008000E996] -> 0x00C0
[1766] [M]: 0x000000008000E994 (0x00C0006F) jal zero, 12
mem[X,0x000000008000E9A0] -> 0x4863
mem[X,0x000000008000E9A2] -> 0x00B5
[1767] [M]: 0x000000008000E9A0 (0x00B54863) blt a0, a1, 16
mem[X,0x000000008000E9B0] -> 0x0113
mem[X,0x000000008000E9B2] -> 0x0031
[1768] [M]: 0x000000008000E9B0 (0x00310113) addi sp, sp, 3
x2 <- 0x0000000000000003
mem[X,0x000000008000E9B4] -> 0x006F
mem[X,0x000000008000E9B6] -> 0x0040
[1769] [M]: 0x000000008000E9B4 (0x0040006F) jal zero, 4
mem[X,0x000000008000E9B8] -> 0xB023
mem[X,0x000000008000E9BA] -> 0x3820
[1770] [M]: 0x000000008000E9B8 (0x3820B023) sd sp, 896(ra)
mem[0x000000008004F558] <- 0x0000000000000003
mem[X,0x000000008000E9BC] -> 0x0513
mem[X,0x000000008000E9BE] -> 0x0010
[1771] [M]: 0x000000008000E9BC (0x00100513) addi a0, zero, 1
x10 <- 0x0000000000000001
mem[X,0x000000008000E9C0] -> 0x1513
mem[X,0x000000008000E9C2] -> 0x00D5
[1772] [M]: 0x000000008000E9C0 (0x00D51513) slli a0, a0, 13
x10 <- 0x0000000000002000
mem[X,0x000000008000E9C4] -> 0x0593
mem[X,0x000000008000E9C6] -> 0x0400
[1773] [M]: 0x000000008000E9C4 (0x04000593) addi a1, zero, 64
x11 <- 0x0000000000000040
mem[X,0x000000008000E9C8] -> 0x0113
mem[X,0x000000008000E9CA] -> 0x0000
[1774] [M]: 0x000000008000E9C8 (0x00000113) addi sp, zero, 0
x2 <- 0x0000000000000000
mem[X,0x000000008000E9CC] -> 0x006F
mem[X,0x000000008000E9CE] -> 0x00C0
[1775] [M]: 0x000000008000E9CC (0x00C0006F) jal zero, 12
mem[X,0x000000008000E9D8] -> 0x4063
mem[X,0x000000008000E9DA] -> 0x02B5
[1776] [M]: 0x000000008000E9D8 (0x02B54063) blt a0, a1, 32
mem[X,0x000000008000E9DC] -> 0x0113
mem[X,0x000000008000E9DE] -> 0x0021
[1777] [M]: 0x000000008000E9DC (0x00210113) addi sp, sp, 2
x2 <- 0x0000000000000002
mem[X,0x000000008000E9E0] -> 0x006F
mem[X,0x000000008000E9E2] -> 0x0200
[1778] [M]: 0x000000008000E9E0 (0x0200006F) jal zero, 32
mem[X,0x000000008000EA00] -> 0xB423
mem[X,0x000000008000EA02] -> 0x3820
[1779] [M]: 0x000000008000EA00 (0x3820B423) sd sp, 904(ra)
mem[0x000000008004F560] <- 0x0000000000000002
mem[X,0x000000008000EA04] -> 0x0513
mem[X,0x000000008000EA06] -> 0x0010
[1780] [M]: 0x000000008000EA04 (0x00100513) addi a0, zero, 1
x10 <- 0x0000000000000001
mem[X,0x000000008000EA08] -> 0x1513
mem[X,0x000000008000EA0A] -> 0x00E5
[1781] [M]: 0x000000008000EA08 (0x00E51513) slli a0, a0, 14
x10 <- 0x0000000000004000
mem[X,0x000000008000EA0C] -> 0x0593
mem[X,0x000000008000EA0E] -> 0xFDF0
[1782] [M]: 0x000000008000EA0C (0xFDF00593) addi a1, zero, 4063
x11 <- 0xFFFFFFFFFFFFFFDF
mem[X,0x000000008000EA10] -> 0x0113
mem[X,0x000000008000EA12] -> 0x0000
[1783] [M]: 0x000000008000EA10 (0x00000113) addi sp, zero, 0
x2 <- 0x0000000000000000
mem[X,0x000000008000EA14] -> 0x006F
mem[X,0x000000008000EA16] -> 0x00C0
[1784] [M]: 0x000000008000EA14 (0x00C0006F) jal zero, 12
mem[X,0x000000008000EA20] -> 0x4063
mem[X,0x000000008000EA22] -> 0x04B5
[1785] [M]: 0x000000008000EA20 (0x04B54063) blt a0, a1, 64
mem[X,0x000000008000EA24] -> 0x0113
mem[X,0x000000008000EA26] -> 0x0021
[1786] [M]: 0x000000008000EA24 (0x00210113) addi sp, sp, 2
x2 <- 0x0000000000000002
mem[X,0x000000008000EA28] -> 0x006F
mem[X,0x000000008000EA2A] -> 0x0400
[1787] [M]: 0x000000008000EA28 (0x0400006F) jal zero, 64
mem[X,0x000000008000EA68] -> 0xB823
mem[X,0x000000008000EA6A] -> 0x3820
[1788] [M]: 0x000000008000EA68 (0x3820B823) sd sp, 912(ra)
mem[0x000000008004F568] <- 0x0000000000000002
mem[X,0x000000008000EA6C] -> 0x0513
mem[X,0x000000008000EA6E] -> 0x0010
[1789] [M]: 0x000000008000EA6C (0x00100513) addi a0, zero, 1
x10 <- 0x0000000000000001
mem[X,0x000000008000EA70] -> 0x1513
mem[X,0x000000008000EA72] -> 0x00F5
[1790] [M]: 0x000000008000EA70 (0x00F51513) slli a0, a0, 15
x10 <- 0x0000000000008000
mem[X,0x000000008000EA74] -> 0x0593
mem[X,0x000000008000EA76] -> 0x0010
[1791] [M]: 0x000000008000EA74 (0x00100593) addi a1, zero, 1
x11 <- 0x0000000000000001
mem[X,0x000000008000EA78] -> 0x9593
mem[X,0x000000008000EA7A] -> 0x03C5
[1792] [M]: 0x000000008000EA78 (0x03C59593) slli a1, a1, 60
x11 <- 0x1000000000000000
mem[X,0x000000008000EA7C] -> 0x0113
mem[X,0x000000008000EA7E] -> 0x0000
[1793] [M]: 0x000000008000EA7C (0x00000113) addi sp, zero, 0
x2 <- 0x0000000000000000
mem[X,0x000000008000EA80] -> 0x006F
mem[X,0x000000008000EA82] -> 0x00C0
[1794] [M]: 0x000000008000EA80 (0x00C0006F) jal zero, 12
mem[X,0x000000008000EA8C] -> 0x4863
mem[X,0x000000008000EA8E] -> 0x00B5
[1795] [M]: 0x000000008000EA8C (0x00B54863) blt a0, a1, 16
mem[X,0x000000008000EA9C] -> 0x0113
mem[X,0x000000008000EA9E] -> 0x0031
[1796] [M]: 0x000000008000EA9C (0x00310113) addi sp, sp, 3
x2 <- 0x0000000000000003
mem[X,0x000000008000EAA0] -> 0x006F
mem[X,0x000000008000EAA2] -> 0x0040
[1797] [M]: 0x000000008000EAA0 (0x0040006F) jal zero, 4
mem[X,0x000000008000EAA4] -> 0xBC23
mem[X,0x000000008000EAA6] -> 0x3820
[1798] [M]: 0x000000008000EAA4 (0x3820BC23) sd sp, 920(ra)
mem[0x000000008004F570] <- 0x0000000000000003
mem[X,0x000000008000EAA8] -> 0x0513
mem[X,0x000000008000EAAA] -> 0x0010
[1799] [M]: 0x000000008000EAA8 (0x00100513) addi a0, zero, 1
x10 <- 0x0000000000000001
clint::tick mtime <- 0x0000000000000012
 clint timer pending at mtime 0x0000000000000012
htif::tick 0x0000000000000000
mem[X,0x000000008000EAAC] -> 0x1513
mem[X,0x000000008000EAAE] -> 0x0105
[1800] [M]: 0x000000008000EAAC (0x01051513) slli a0, a0, 16
x10 <- 0x0000000000010000
mem[X,0x000000008000EAB0] -> 0x0593
mem[X,0x000000008000EAB2] -> 0xFF90
[1801] [M]: 0x000000008000EAB0 (0xFF900593) addi a1, zero, 4089
x11 <- 0xFFFFFFFFFFFFFFF9
mem[X,0x000000008000EAB4] -> 0x0113
mem[X,0x000000008000EAB6] -> 0x0000
[1802] [M]: 0x000000008000EAB4 (0x00000113) addi sp, zero, 0
x2 <- 0x0000000000000000
mem[X,0x000000008000EAB8] -> 0x006F
mem[X,0x000000008000EABA] -> 0x00C0
[1803] [M]: 0x000000008000EAB8 (0x00C0006F) jal zero, 12
mem[X,0x000000008000EAC4] -> 0x4663
mem[X,0x000000008000EAC6] -> 0x00B5
[1804] [M]: 0x000000008000EAC4 (0x00B54663) blt a0, a1, 12
mem[X,0x000000008000EAC8] -> 0x0113
mem[X,0x000000008000EACA] -> 0x0021
[1805] [M]: 0x000000008000EAC8 (0x00210113) addi sp, sp, 2
x2 <- 0x0000000000000002
mem[X,0x000000008000EACC] -> 0x006F
mem[X,0x000000008000EACE] -> 0x00C0
[1806] [M]: 0x000000008000EACC (0x00C0006F) jal zero, 12
mem[X,0x000000008000EAD8] -> 0xB023
mem[X,0x000000008000EADA] -> 0x3A20
[1807] [M]: 0x000000008000EAD8 (0x3A20B023) sd sp, 928(ra)
mem[0x000000008004F578] <- 0x0000000000000002
mem[X,0x000000008000EADC] -> 0x0513
mem[X,0x000000008000EADE] -> 0x0010
[1808] [M]: 0x000000008000EADC (0x00100513) addi a0, zero, 1
x10 <- 0x0000000000000001
mem[X,0x000000008000EAE0] -> 0x1513
mem[X,0x000000008000EAE2] -> 0x0115
[1809] [M]: 0x000000008000EAE0 (0x01151513) slli a0, a0, 17
x10 <- 0x0000000000020000
mem[X,0x000000008000EAE4] -> 0x0593
mem[X,0x000000008000EAE6] -> 0x0010
[1810] [M]: 0x000000008000EAE4 (0x00100593) addi a1, zero, 1
x11 <- 0x0000000000000001
mem[X,0x000000008000EAE8] -> 0x9593
mem[X,0x000000008000EAEA] -> 0x0395
[1811] [M]: 0x000000008000EAE8 (0x03959593) slli a1, a1, 57
x11 <- 0x0200000000000000
mem[X,0x000000008000EAEC] -> 0x0113
mem[X,0x000000008000EAEE] -> 0x0000
[1812] [M]: 0x000000008000EAEC (0x00000113) addi sp, zero, 0
x2 <- 0x0000000000000000
mem[X,0x000000008000EAF0] -> 0x006F
mem[X,0x000000008000EAF2] -> 0x00C0
[1813] [M]: 0x000000008000EAF0 (0x00C0006F) jal zero, 12
mem[X,0x000000008000EAFC] -> 0x4063
mem[X,0x000000008000EAFE] -> 0x10B5
[1814] [M]: 0x000000008000EAFC (0x10B54063) blt a0, a1, 256
mem[X,0x000000008000EBFC] -> 0x0113
mem[X,0x000000008000EBFE] -> 0x0031
[1815] [M]: 0x000000008000EBFC (0x00310113) addi sp, sp, 3
x2 <- 0x0000000000000003
mem[X,0x000000008000EC00] -> 0x006F
mem[X,0x000000008000EC02] -> 0x0040
[1816] [M]: 0x000000008000EC00 (0x0040006F) jal zero, 4
mem[X,0x000000008000EC04] -> 0xB423
mem[X,0x000000008000EC06] -> 0x3A20
[1817] [M]: 0x000000008000EC04 (0x3A20B423) sd sp, 936(ra)
mem[0x000000008004F580] <- 0x0000000000000003
mem[X,0x000000008000EC08] -> 0x0513
mem[X,0x000000008000EC0A] -> 0x0010
[1818] [M]: 0x000000008000EC08 (0x00100513) addi a0, zero, 1
x10 <- 0x0000000000000001
mem[X,0x000000008000EC0C] -> 0x1513
mem[X,0x000000008000EC0E] -> 0x0165
[1819] [M]: 0x000000008000EC0C (0x01651513) slli a0, a0, 22
x10 <- 0x0000000000400000
mem[X,0x000000008000EC10] -> 0x0593
mem[X,0x000000008000EC12] -> 0x0010
[1820] [M]: 0x000000008000EC10 (0x00100593) addi a1, zero, 1
x11 <- 0x0000000000000001
mem[X,0x000000008000EC14] -> 0x9593
mem[X,0x000000008000EC16] -> 0x00B5
[1821] [M]: 0x000000008000EC14 (0x00B59593) slli a1, a1, 11
x11 <- 0x0000000000000800
mem[X,0x000000008000EC18] -> 0x0113
mem[X,0x000000008000EC1A] -> 0x0000
[1822] [M]: 0x000000008000EC18 (0x00000113) addi sp, zero, 0
x2 <- 0x0000000000000000
mem[X,0x000000008000EC1C] -> 0x006F
mem[X,0x000000008000EC1E] -> 0x00C0
[1823] [M]: 0x000000008000EC1C (0x00C0006F) jal zero, 12
mem[X,0x000000008000EC28] -> 0x4CE3
mem[X,0x000000008000EC2A] -> 0xFEB5
[1824] [M]: 0x000000008000EC28 (0xFEB54CE3) blt a0, a1, 8184
mem[X,0x000000008000EC2C] -> 0x0113
mem[X,0x000000008000EC2E] -> 0x0021
[1825] [M]: 0x000000008000EC2C (0x00210113) addi sp, sp, 2
x2 <- 0x0000000000000002
mem[X,0x000000008000EC30] -> 0x006F
mem[X,0x000000008000EC32] -> 0x00C0
[1826] [M]: 0x000000008000EC30 (0x00C0006F) jal zero, 12
mem[X,0x000000008000EC3C] -> 0xB823
mem[X,0x000000008000EC3E] -> 0x3A20
[1827] [M]: 0x000000008000EC3C (0x3A20B823) sd sp, 944(ra)
mem[0x000000008004F588] <- 0x0000000000000002
mem[X,0x000000008000EC40] -> 0x0513
mem[X,0x000000008000EC42] -> 0x0010
[1828] [M]: 0x000000008000EC40 (0x00100513) addi a0, zero, 1
x10 <- 0x0000000000000001
mem[X,0x000000008000EC44] -> 0x1513
mem[X,0x000000008000EC46] -> 0x0175
[1829] [M]: 0x000000008000EC44 (0x01751513) slli a0, a0, 23
x10 <- 0x0000000000800000
mem[X,0x000000008000EC48] -> 0x0593
mem[X,0x000000008000EC4A] -> 0x0100
[1830] [M]: 0x000000008000EC48 (0x01000593) addi a1, zero, 16
x11 <- 0x0000000000000010
mem[X,0x000000008000EC4C] -> 0x0113
mem[X,0x000000008000EC4E] -> 0x0000
[1831] [M]: 0x000000008000EC4C (0x00000113) addi sp, zero, 0
x2 <- 0x0000000000000000
mem[X,0x000000008000EC50] -> 0x006F
mem[X,0x000000008000EC52] -> 0x00C0
[1832] [M]: 0x000000008000EC50 (0x00C0006F) jal zero, 12
mem[X,0x000000008000EC5C] -> 0x4063
mem[X,0x000000008000EC5E] -> 0x04B5
[1833] [M]: 0x000000008000EC5C (0x04B54063) blt a0, a1, 64
mem[X,0x000000008000EC60] -> 0x0113
mem[X,0x000000008000EC62] -> 0x0021
[1834] [M]: 0x000000008000EC60 (0x00210113) addi sp, sp, 2
x2 <- 0x0000000000000002
mem[X,0x000000008000EC64] -> 0x006F
mem[X,0x000000008000EC66] -> 0x0400
[1835] [M]: 0x000000008000EC64 (0x0400006F) jal zero, 64
mem[X,0x000000008000ECA4] -> 0xBC23
mem[X,0x000000008000ECA6] -> 0x3A20
[1836] [M]: 0x000000008000ECA4 (0x3A20BC23) sd sp, 952(ra)
mem[0x000000008004F590] <- 0x0000000000000002
mem[X,0x000000008000ECA8] -> 0x0513
mem[X,0x000000008000ECAA] -> 0x0010
[1837] [M]: 0x000000008000ECA8 (0x00100513) addi a0, zero, 1
x10 <- 0x0000000000000001
mem[X,0x000000008000ECAC] -> 0x1513
mem[X,0x000000008000ECAE] -> 0x0185
[1838] [M]: 0x000000008000ECAC (0x01851513) slli a0, a0, 24
x10 <- 0x0000000001000000
mem[X,0x000000008000ECB0] -> 0x0593
mem[X,0x000000008000ECB2] -> 0x0010
[1839] [M]: 0x000000008000ECB0 (0x00100593) addi a1, zero, 1
x11 <- 0x0000000000000001
mem[X,0x000000008000ECB4] -> 0x9593
mem[X,0x000000008000ECB6] -> 0x0195
[1840] [M]: 0x000000008000ECB4 (0x01959593) slli a1, a1, 25
x11 <- 0x0000000002000000
mem[X,0x000000008000ECB8] -> 0x0113
mem[X,0x000000008000ECBA] -> 0x0000
[1841] [M]: 0x000000008000ECB8 (0x00000113) addi sp, zero, 0
x2 <- 0x0000000000000000
mem[X,0x000000008000ECBC] -> 0x006F
mem[X,0x000000008000ECBE] -> 0x2B10
[1842] [M]: 0x000000008000ECBC (0x2B10006F) jal zero, 2736
mem[X,0x000000008000F76C] -> 0x4A63
mem[X,0x000000008000F76E] -> 0xD4B5
[1843] [M]: 0x000000008000F76C (0xD4B54A63) blt a0, a1, 5460
mem[X,0x000000008000ECC0] -> 0x0113
mem[X,0x000000008000ECC2] -> 0x0011
[1844] [M]: 0x000000008000ECC0 (0x00110113) addi sp, sp, 1
x2 <- 0x0000000000000001
mem[X,0x000000008000ECC4] -> 0x006F
mem[X,0x000000008000ECC6] -> 0x2BD0
[1845] [M]: 0x000000008000ECC4 (0x2BD0006F) jal zero, 2748
mem[X,0x000000008000F780] -> 0xB023
mem[X,0x000000008000F782] -> 0x3C20
[1846] [M]: 0x000000008000F780 (0x3C20B023) sd sp, 960(ra)
mem[0x000000008004F598] <- 0x0000000000000001
mem[X,0x000000008000F784] -> 0x0513
mem[X,0x000000008000F786] -> 0x0010
[1847] [M]: 0x000000008000F784 (0x00100513) addi a0, zero, 1
x10 <- 0x0000000000000001
mem[X,0x000000008000F788] -> 0x1513
mem[X,0x000000008000F78A] -> 0x0195
[1848] [M]: 0x000000008000F788 (0x01951513) slli a0, a0, 25
x10 <- 0x0000000002000000
mem[X,0x000000008000F78C] -> 0x0593
mem[X,0x000000008000F78E] -> 0x0010
[1849] [M]: 0x000000008000F78C (0x00100593) addi a1, zero, 1
x11 <- 0x0000000000000001
mem[X,0x000000008000F790] -> 0x9593
mem[X,0x000000008000F792] -> 0x0315
[1850] [M]: 0x000000008000F790 (0x03159593) slli a1, a1, 49
x11 <- 0x0002000000000000
mem[X,0x000000008000F794] -> 0x0113
mem[X,0x000000008000F796] -> 0x0000
[1851] [M]: 0x000000008000F794 (0x00000113) addi sp, zero, 0
x2 <- 0x0000000000000000
mem[X,0x000000008000F798] -> 0x006F
mem[X,0x000000008000F79A] -> 0x00C0
[1852] [M]: 0x000000008000F798 (0x00C0006F) jal zero, 12
mem[X,0x000000008000F7A4] -> 0x4663
mem[X,0x000000008000F7A6] -> 0x00B5
[1853] [M]: 0x000000008000F7A4 (0x00B54663) blt a0, a1, 12
mem[X,0x000000008000F7B0] -> 0x0113
mem[X,0x000000008000F7B2] -> 0x0031
[1854] [M]: 0x000000008000F7B0 (0x00310113) addi sp, sp, 3
x2 <- 0x0000000000000003
mem[X,0x000000008000F7B4] -> 0x006F
mem[X,0x000000008000F7B6] -> 0x0040
[1855] [M]: 0x000000008000F7B4 (0x0040006F) jal zero, 4
mem[X,0x000000008000F7B8] -> 0xB423
mem[X,0x000000008000F7BA] -> 0x3C20
[1856] [M]: 0x000000008000F7B8 (0x3C20B423) sd sp, 968(ra)
mem[0x000000008004F5A0] <- 0x0000000000000003
mem[X,0x000000008000F7BC] -> 0x0513
mem[X,0x000000008000F7BE] -> 0x0010
[1857] [M]: 0x000000008000F7BC (0x00100513) addi a0, zero, 1
x10 <- 0x0000000000000001
mem[X,0x000000008000F7C0] -> 0x1513
mem[X,0x000000008000F7C2] -> 0x01C5
[1858] [M]: 0x000000008000F7C0 (0x01C51513) slli a0, a0, 28
x10 <- 0x0000000010000000
mem[X,0x000000008000F7C4] -> 0x0593
mem[X,0x000000008000F7C6] -> 0x0010
[1859] [M]: 0x000000008000F7C4 (0x00100593) addi a1, zero, 1
x11 <- 0x0000000000000001
mem[X,0x000000008000F7C8] -> 0x9593
mem[X,0x000000008000F7CA] -> 0x01D5
[1860] [M]: 0x000000008000F7C8 (0x01D59593) slli a1, a1, 29
x11 <- 0x0000000020000000
mem[X,0x000000008000F7CC] -> 0xC593
mem[X,0x000000008000F7CE] -> 0xFFF5
[1861] [M]: 0x000000008000F7CC (0xFFF5C593) xori a1, a1, 4095
x11 <- 0xFFFFFFFFDFFFFFFF
mem[X,0x000000008000F7D0] -> 0x0113
mem[X,0x000000008000F7D2] -> 0x0000
[1862] [M]: 0x000000008000F7D0 (0x00000113) addi sp, zero, 0
x2 <- 0x0000000000000000
mem[X,0x000000008000F7D4] -> 0x006F
mem[X,0x000000008000F7D6] -> 0x00C0
[1863] [M]: 0x000000008000F7D4 (0x00C0006F) jal zero, 12
mem[X,0x000000008000F7E0] -> 0x4663
mem[X,0x000000008000F7E2] -> 0x00B5
[1864] [M]: 0x000000008000F7E0 (0x00B54663) blt a0, a1, 12
mem[X,0x000000008000F7E4] -> 0x0113
mem[X,0x000000008000F7E6] -> 0x0021
[1865] [M]: 0x000000008000F7E4 (0x00210113) addi sp, sp, 2
x2 <- 0x0000000000000002
mem[X,0x000000008000F7E8] -> 0x006F
mem[X,0x000000008000F7EA] -> 0x00C0
[1866] [M]: 0x000000008000F7E8 (0x00C0006F) jal zero, 12
mem[X,0x000000008000F7F4] -> 0xB823
mem[X,0x000000008000F7F6] -> 0x3C20
[1867] [M]: 0x000000008000F7F4 (0x3C20B823) sd sp, 976(ra)
mem[0x000000008004F5A8] <- 0x0000000000000002
mem[X,0x000000008000F7F8] -> 0x0513
mem[X,0x000000008000F7FA] -> 0x0010
[1868] [M]: 0x000000008000F7F8 (0x00100513) addi a0, zero, 1
x10 <- 0x0000000000000001
mem[X,0x000000008000F7FC] -> 0x1513
mem[X,0x000000008000F7FE] -> 0x01E5
[1869] [M]: 0x000000008000F7FC (0x01E51513) slli a0, a0, 30
x10 <- 0x0000000040000000
mem[X,0x000000008000F800] -> 0x0593
mem[X,0x000000008000F802] -> 0x0010
[1870] [M]: 0x000000008000F800 (0x00100593) addi a1, zero, 1
x11 <- 0x0000000000000001
mem[X,0x000000008000F804] -> 0x9593
mem[X,0x000000008000F806] -> 0x0145
[1871] [M]: 0x000000008000F804 (0x01459593) slli a1, a1, 20
x11 <- 0x0000000000100000
mem[X,0x000000008000F808] -> 0xC593
mem[X,0x000000008000F80A] -> 0xFFF5
[1872] [M]: 0x000000008000F808 (0xFFF5C593) xori a1, a1, 4095
x11 <- 0xFFFFFFFFFFEFFFFF
mem[X,0x000000008000F80C] -> 0x0113
mem[X,0x000000008000F80E] -> 0x0000
[1873] [M]: 0x000000008000F80C (0x00000113) addi sp, zero, 0
x2 <- 0x0000000000000000
mem[X,0x000000008000F810] -> 0x006F
mem[X,0x000000008000F812] -> 0x00C0
[1874] [M]: 0x000000008000F810 (0x00C0006F) jal zero, 12
mem[X,0x000000008000F81C] -> 0x4CE3
mem[X,0x000000008000F81E] -> 0xFEB5
[1875] [M]: 0x000000008000F81C (0xFEB54CE3) blt a0, a1, 8184
mem[X,0x000000008000F820] -> 0x0113
mem[X,0x000000008000F822] -> 0x0021
[1876] [M]: 0x000000008000F820 (0x00210113) addi sp, sp, 2
x2 <- 0x0000000000000002
mem[X,0x000000008000F824] -> 0x006F
mem[X,0x000000008000F826] -> 0x00C0
[1877] [M]: 0x000000008000F824 (0x00C0006F) jal zero, 12
mem[X,0x000000008000F830] -> 0xBC23
mem[X,0x000000008000F832] -> 0x3C20
[1878] [M]: 0x000000008000F830 (0x3C20BC23) sd sp, 984(ra)
mem[0x000000008004F5B0] <- 0x0000000000000002
mem[X,0x000000008000F834] -> 0x0513
mem[X,0x000000008000F836] -> 0x0010
[1879] [M]: 0x000000008000F834 (0x00100513) addi a0, zero, 1
x10 <- 0x0000000000000001
mem[X,0x000000008000F838] -> 0x1513
mem[X,0x000000008000F83A] -> 0x0205
[1880] [M]: 0x000000008000F838 (0x02051513) slli a0, a0, 32
x10 <- 0x0000000100000000
mem[X,0x000000008000F83C] -> 0x0593
mem[X,0x000000008000F83E] -> 0x0020
[1881] [M]: 0x000000008000F83C (0x00200593) addi a1, zero, 2
x11 <- 0x0000000000000002
mem[X,0x000000008000F840] -> 0x0113
mem[X,0x000000008000F842] -> 0x0000
[1882] [M]: 0x000000008000F840 (0x00000113) addi sp, zero, 0
x2 <- 0x0000000000000000
mem[X,0x000000008000F844] -> 0x006F
mem[X,0x000000008000F846] -> 0x0100
[1883] [M]: 0x000000008000F844 (0x0100006F) jal zero, 16
mem[X,0x000000008000F854] -> 0x4AE3
mem[X,0x000000008000F856] -> 0xFEB5
[1884] [M]: 0x000000008000F854 (0xFEB54AE3) blt a0, a1, 8180
mem[X,0x000000008000F858] -> 0x0113
mem[X,0x000000008000F85A] -> 0x0021
[1885] [M]: 0x000000008000F858 (0x00210113) addi sp, sp, 2
x2 <- 0x0000000000000002
mem[X,0x000000008000F85C] -> 0x006F
mem[X,0x000000008000F85E] -> 0x00C0
[1886] [M]: 0x000000008000F85C (0x00C0006F) jal zero, 12
mem[X,0x000000008000F868] -> 0xB023
mem[X,0x000000008000F86A] -> 0x3E20
[1887] [M]: 0x000000008000F868 (0x3E20B023) sd sp, 992(ra)
mem[0x000000008004F5B8] <- 0x0000000000000002
mem[X,0x000000008000F86C] -> 0x0513
mem[X,0x000000008000F86E] -> 0x0010
[1888] [M]: 0x000000008000F86C (0x00100513) addi a0, zero, 1
x10 <- 0x0000000000000001
mem[X,0x000000008000F870] -> 0x1513
mem[X,0x000000008000F872] -> 0x0215
[1889] [M]: 0x000000008000F870 (0x02151513) slli a0, a0, 33
x10 <- 0x0000000200000000
mem[X,0x000000008000F874] -> 0x0593
mem[X,0x000000008000F876] -> 0x0000
[1890] [M]: 0x000000008000F874 (0x00000593) addi a1, zero, 0
x11 <- 0x0000000000000000
mem[X,0x000000008000F878] -> 0x0113
mem[X,0x000000008000F87A] -> 0x0000
[1891] [M]: 0x000000008000F878 (0x00000113) addi sp, zero, 0
x2 <- 0x0000000000000000
mem[X,0x000000008000F87C] -> 0x006F
mem[X,0x000000008000F87E] -> 0x2B10
[1892] [M]: 0x000000008000F87C (0x2B10006F) jal zero, 2736
mem[X,0x000000008001032C] -> 0x4A63
mem[X,0x000000008001032E] -> 0xD4B5
[1893] [M]: 0x000000008001032C (0xD4B54A63) blt a0, a1, 5460
mem[X,0x0000000080010330] -> 0x0113
mem[X,0x0000000080010332] -> 0x0021
[1894] [M]: 0x0000000080010330 (0x00210113) addi sp, sp, 2
x2 <- 0x0000000000000002
mem[X,0x0000000080010334] -> 0x006F
mem[X,0x0000000080010336] -> 0x00C0
[1895] [M]: 0x0000000080010334 (0x00C0006F) jal zero, 12
mem[X,0x0000000080010340] -> 0xB423
mem[X,0x0000000080010342] -> 0x3E20
[1896] [M]: 0x0000000080010340 (0x3E20B423) sd sp, 1000(ra)
mem[0x000000008004F5C0] <- 0x0000000000000002
mem[X,0x0000000080010344] -> 0x0513
mem[X,0x0000000080010346] -> 0x0010
[1897] [M]: 0x0000000080010344 (0x00100513) addi a0, zero, 1
x10 <- 0x0000000000000001
mem[X,0x0000000080010348] -> 0x1513
mem[X,0x000000008001034A] -> 0x0225
[1898] [M]: 0x0000000080010348 (0x02251513) slli a0, a0, 34
x10 <- 0x0000000400000000
mem[X,0x000000008001034C] -> 0x0593
mem[X,0x000000008001034E] -> 0x0010
[1899] [M]: 0x000000008001034C (0x00100593) addi a1, zero, 1
x11 <- 0x0000000000000001
clint::tick mtime <- 0x0000000000000013
 clint timer pending at mtime 0x0000000000000013
htif::tick 0x0000000000000000
mem[X,0x0000000080010350] -> 0x9593
mem[X,0x0000000080010352] -> 0x0335
[1900] [M]: 0x0000000080010350 (0x03359593) slli a1, a1, 51
x11 <- 0x0008000000000000
mem[X,0x0000000080010354] -> 0xC593
mem[X,0x0000000080010356] -> 0xFFF5
[1901] [M]: 0x0000000080010354 (0xFFF5C593) xori a1, a1, 4095
x11 <- 0xFFF7FFFFFFFFFFFF
mem[X,0x0000000080010358] -> 0x0113
mem[X,0x000000008001035A] -> 0x0000
[1902] [M]: 0x0000000080010358 (0x00000113) addi sp, zero, 0
x2 <- 0x0000000000000000
mem[X,0x000000008001035C] -> 0x006F
mem[X,0x000000008001035E] -> 0x0100
[1903] [M]: 0x000000008001035C (0x0100006F) jal zero, 16
mem[X,0x000000008001036C] -> 0x4AE3
mem[X,0x000000008001036E] -> 0xFEB5
[1904] [M]: 0x000000008001036C (0xFEB54AE3) blt a0, a1, 8180
mem[X,0x0000000080010370] -> 0x0113
mem[X,0x0000000080010372] -> 0x0021
[1905] [M]: 0x0000000080010370 (0x00210113) addi sp, sp, 2
x2 <- 0x0000000000000002
mem[X,0x0000000080010374] -> 0x006F
mem[X,0x0000000080010376] -> 0x00C0
[1906] [M]: 0x0000000080010374 (0x00C0006F) jal zero, 12
mem[X,0x0000000080010380] -> 0xB823
mem[X,0x0000000080010382] -> 0x3E20
[1907] [M]: 0x0000000080010380 (0x3E20B823) sd sp, 1008(ra)
mem[0x000000008004F5C8] <- 0x0000000000000002
mem[X,0x0000000080010384] -> 0x0513
mem[X,0x0000000080010386] -> 0x0010
[1908] [M]: 0x0000000080010384 (0x00100513) addi a0, zero, 1
x10 <- 0x0000000000000001
mem[X,0x0000000080010388] -> 0x1513
mem[X,0x000000008001038A] -> 0x0255
[1909] [M]: 0x0000000080010388 (0x02551513) slli a0, a0, 37
x10 <- 0x0000002000000000
mem[X,0x000000008001038C] -> 0x0593
mem[X,0x000000008001038E] -> 0x0010
[1910] [M]: 0x000000008001038C (0x00100593) addi a1, zero, 1
x11 <- 0x0000000000000001
mem[X,0x0000000080010390] -> 0x9593
mem[X,0x0000000080010392] -> 0x0115
[1911] [M]: 0x0000000080010390 (0x01159593) slli a1, a1, 17
x11 <- 0x0000000000020000
mem[X,0x0000000080010394] -> 0x0113
mem[X,0x0000000080010396] -> 0x0000
[1912] [M]: 0x0000000080010394 (0x00000113) addi sp, zero, 0
x2 <- 0x0000000000000000
mem[X,0x0000000080010398] -> 0x006F
mem[X,0x000000008001039A] -> 0x00C0
[1913] [M]: 0x0000000080010398 (0x00C0006F) jal zero, 12
mem[X,0x00000000800103A4] -> 0x4063
mem[X,0x00000000800103A6] -> 0x40B5
[1914] [M]: 0x00000000800103A4 (0x40B54063) blt a0, a1, 1024
mem[X,0x00000000800103A8] -> 0x0113
mem[X,0x00000000800103AA] -> 0x0021
[1915] [M]: 0x00000000800103A8 (0x00210113) addi sp, sp, 2
x2 <- 0x0000000000000002
mem[X,0x00000000800103AC] -> 0x006F
mem[X,0x00000000800103AE] -> 0x4000
[1916] [M]: 0x00000000800103AC (0x4000006F) jal zero, 1024
mem[X,0x00000000800107AC] -> 0xBC23
mem[X,0x00000000800107AE] -> 0x3E20
[1917] [M]: 0x00000000800107AC (0x3E20BC23) sd sp, 1016(ra)
mem[0x000000008004F5D0] <- 0x0000000000000002
mem[X,0x00000000800107B0] -> 0x0513
mem[X,0x00000000800107B2] -> 0x0010
[1918] [M]: 0x00000000800107B0 (0x00100513) addi a0, zero, 1
x10 <- 0x0000000000000001
mem[X,0x00000000800107B4] -> 0x1513
mem[X,0x00000000800107B6] -> 0x0265
[1919] [M]: 0x00000000800107B4 (0x02651513) slli a0, a0, 38
x10 <- 0x0000004000000000
mem[X,0x00000000800107B8] -> 0x0593
mem[X,0x00000000800107BA] -> 0xEFF0
[1920] [M]: 0x00000000800107B8 (0xEFF00593) addi a1, zero, 3839
x11 <- 0xFFFFFFFFFFFFFEFF
mem[X,0x00000000800107BC] -> 0x0113
mem[X,0x00000000800107BE] -> 0x0000
[1921] [M]: 0x00000000800107BC (0x00000113) addi sp, zero, 0
x2 <- 0x0000000000000000
mem[X,0x00000000800107C0] -> 0x006F
mem[X,0x00000000800107C2] -> 0x00C0
[1922] [M]: 0x00000000800107C0 (0x00C0006F) jal zero, 12
mem[X,0x00000000800107CC] -> 0x4CE3
mem[X,0x00000000800107CE] -> 0xFEB5
[1923] [M]: 0x00000000800107CC (0xFEB54CE3) blt a0, a1, 8184
mem[X,0x00000000800107D0] -> 0x0113
mem[X,0x00000000800107D2] -> 0x0021
[1924] [M]: 0x00000000800107D0 (0x00210113) addi sp, sp, 2
x2 <- 0x0000000000000002
mem[X,0x00000000800107D4] -> 0x006F
mem[X,0x00000000800107D6] -> 0x00C0
[1925] [M]: 0x00000000800107D4 (0x00C0006F) jal zero, 12
mem[X,0x00000000800107E0] -> 0xB023
mem[X,0x00000000800107E2] -> 0x4020
[1926] [M]: 0x00000000800107E0 (0x4020B023) sd sp, 1024(ra)
mem[0x000000008004F5D8] <- 0x0000000000000002
mem[X,0x00000000800107E4] -> 0x0513
mem[X,0x00000000800107E6] -> 0x0010
[1927] [M]: 0x00000000800107E4 (0x00100513) addi a0, zero, 1
x10 <- 0x0000000000000001
mem[X,0x00000000800107E8] -> 0x1513
mem[X,0x00000000800107EA] -> 0x0295
[1928] [M]: 0x00000000800107E8 (0x02951513) slli a0, a0, 41
x10 <- 0x0000020000000000
mem[X,0x00000000800107EC] -> 0x0593
mem[X,0x00000000800107EE] -> 0x0010
[1929] [M]: 0x00000000800107EC (0x00100593) addi a1, zero, 1
x11 <- 0x0000000000000001
mem[X,0x00000000800107F0] -> 0x9593
mem[X,0x00000000800107F2] -> 0x0275
[1930] [M]: 0x00000000800107F0 (0x02759593) slli a1, a1, 39
x11 <- 0x0000008000000000
mem[X,0x00000000800107F4] -> 0xC593
mem[X,0x00000000800107F6] -> 0xFFF5
[1931] [M]: 0x00000000800107F4 (0xFFF5C593) xori a1, a1, 4095
x11 <- 0xFFFFFF7FFFFFFFFF
mem[X,0x00000000800107F8] -> 0x0113
mem[X,0x00000000800107FA] -> 0x0000
[1932] [M]: 0x00000000800107F8 (0x00000113) addi sp, zero, 0
x2 <- 0x0000000000000000
mem[X,0x00000000800107FC] -> 0x006F
mem[X,0x00000000800107FE] -> 0x00C0
[1933] [M]: 0x00000000800107FC (0x00C0006F) jal zero, 12
mem[X,0x0000000080010808] -> 0x4063
mem[X,0x000000008001080A] -> 0x08B5
[1934] [M]: 0x0000000080010808 (0x08B54063) blt a0, a1, 128
mem[X,0x000000008001080C] -> 0x0113
mem[X,0x000000008001080E] -> 0x0021
[1935] [M]: 0x000000008001080C (0x00210113) addi sp, sp, 2
x2 <- 0x0000000000000002
mem[X,0x0000000080010810] -> 0x006F
mem[X,0x0000000080010812] -> 0x0800
[1936] [M]: 0x0000000080010810 (0x0800006F) jal zero, 128
mem[X,0x0000000080010890] -> 0xB423
mem[X,0x0000000080010892] -> 0x4020
[1937] [M]: 0x0000000080010890 (0x4020B423) sd sp, 1032(ra)
mem[0x000000008004F5E0] <- 0x0000000000000002
mem[X,0x0000000080010894] -> 0x0513
mem[X,0x0000000080010896] -> 0x0010
[1938] [M]: 0x0000000080010894 (0x00100513) addi a0, zero, 1
x10 <- 0x0000000000000001
mem[X,0x0000000080010898] -> 0x1513
mem[X,0x000000008001089A] -> 0x02A5
[1939] [M]: 0x0000000080010898 (0x02A51513) slli a0, a0, 42
x10 <- 0x0000040000000000
mem[X,0x000000008001089C] -> 0x0593
mem[X,0x000000008001089E] -> 0x0010
[1940] [M]: 0x000000008001089C (0x00100593) addi a1, zero, 1
x11 <- 0x0000000000000001
mem[X,0x00000000800108A0] -> 0x9593
mem[X,0x00000000800108A2] -> 0x02F5
[1941] [M]: 0x00000000800108A0 (0x02F59593) slli a1, a1, 47
x11 <- 0x0000800000000000
mem[X,0x00000000800108A4] -> 0xC593
mem[X,0x00000000800108A6] -> 0xFFF5
[1942] [M]: 0x00000000800108A4 (0xFFF5C593) xori a1, a1, 4095
x11 <- 0xFFFF7FFFFFFFFFFF
mem[X,0x00000000800108A8] -> 0x0113
mem[X,0x00000000800108AA] -> 0x0000
[1943] [M]: 0x00000000800108A8 (0x00000113) addi sp, zero, 0
x2 <- 0x0000000000000000
mem[X,0x00000000800108AC] -> 0x006F
mem[X,0x00000000800108AE] -> 0x00C0
[1944] [M]: 0x00000000800108AC (0x00C0006F) jal zero, 12
mem[X,0x00000000800108B8] -> 0x4663
mem[X,0x00000000800108BA] -> 0x00B5
[1945] [M]: 0x00000000800108B8 (0x00B54663) blt a0, a1, 12
mem[X,0x00000000800108BC] -> 0x0113
mem[X,0x00000000800108BE] -> 0x0021
[1946] [M]: 0x00000000800108BC (0x00210113) addi sp, sp, 2
x2 <- 0x0000000000000002
mem[X,0x00000000800108C0] -> 0x006F
mem[X,0x00000000800108C2] -> 0x00C0
[1947] [M]: 0x00000000800108C0 (0x00C0006F) jal zero, 12
mem[X,0x00000000800108CC] -> 0xB823
mem[X,0x00000000800108CE] -> 0x4020
[1948] [M]: 0x00000000800108CC (0x4020B823) sd sp, 1040(ra)
mem[0x000000008004F5E8] <- 0x0000000000000002
mem[X,0x00000000800108D0] -> 0x0513
mem[X,0x00000000800108D2] -> 0x0010
[1949] [M]: 0x00000000800108D0 (0x00100513) addi a0, zero, 1
x10 <- 0x0000000000000001
mem[X,0x00000000800108D4] -> 0x1513
mem[X,0x00000000800108D6] -> 0x0305
[1950] [M]: 0x00000000800108D4 (0x03051513) slli a0, a0, 48
x10 <- 0x0001000000000000
mem[X,0x00000000800108D8] -> 0x0593
mem[X,0x00000000800108DA] -> 0x0010
[1951] [M]: 0x00000000800108D8 (0x00100593) addi a1, zero, 1
x11 <- 0x0000000000000001
mem[X,0x00000000800108DC] -> 0x9593
mem[X,0x00000000800108DE] -> 0x0115
[1952] [M]: 0x00000000800108DC (0x01159593) slli a1, a1, 17
x11 <- 0x0000000000020000
mem[X,0x00000000800108E0] -> 0x0113
mem[X,0x00000000800108E2] -> 0x0000
[1953] [M]: 0x00000000800108E0 (0x00000113) addi sp, zero, 0
x2 <- 0x0000000000000000
mem[X,0x00000000800108E4] -> 0x006F
mem[X,0x00000000800108E6] -> 0x00C0
[1954] [M]: 0x00000000800108E4 (0x00C0006F) jal zero, 12
mem[X,0x00000000800108F0] -> 0x4663
mem[X,0x00000000800108F2] -> 0x00B5
[1955] [M]: 0x00000000800108F0 (0x00B54663) blt a0, a1, 12
mem[X,0x00000000800108F4] -> 0x0113
mem[X,0x00000000800108F6] -> 0x0021
[1956] [M]: 0x00000000800108F4 (0x00210113) addi sp, sp, 2
x2 <- 0x0000000000000002
mem[X,0x00000000800108F8] -> 0x006F
mem[X,0x00000000800108FA] -> 0x00C0
[1957] [M]: 0x00000000800108F8 (0x00C0006F) jal zero, 12
mem[X,0x0000000080010904] -> 0xBC23
mem[X,0x0000000080010906] -> 0x4020
[1958] [M]: 0x0000000080010904 (0x4020BC23) sd sp, 1048(ra)
mem[0x000000008004F5F0] <- 0x0000000000000002
mem[X,0x0000000080010908] -> 0x0513
mem[X,0x000000008001090A] -> 0x0010
[1959] [M]: 0x0000000080010908 (0x00100513) addi a0, zero, 1
x10 <- 0x0000000000000001
mem[X,0x000000008001090C] -> 0x1513
mem[X,0x000000008001090E] -> 0x0345
[1960] [M]: 0x000000008001090C (0x03451513) slli a0, a0, 52
x10 <- 0x0010000000000000
mem[X,0x0000000080010910] -> 0x0593
mem[X,0x0000000080010912] -> 0x0010
[1961] [M]: 0x0000000080010910 (0x00100593) addi a1, zero, 1
x11 <- 0x0000000000000001
mem[X,0x0000000080010914] -> 0x9593
mem[X,0x0000000080010916] -> 0x0365
[1962] [M]: 0x0000000080010914 (0x03659593) slli a1, a1, 54
x11 <- 0x0040000000000000
mem[X,0x0000000080010918] -> 0xC593
mem[X,0x000000008001091A] -> 0xFFF5
[1963] [M]: 0x0000000080010918 (0xFFF5C593) xori a1, a1, 4095
x11 <- 0xFFBFFFFFFFFFFFFF
mem[X,0x000000008001091C] -> 0x0113
mem[X,0x000000008001091E] -> 0x0000
[1964] [M]: 0x000000008001091C (0x00000113) addi sp, zero, 0
x2 <- 0x0000000000000000
mem[X,0x0000000080010920] -> 0x006F
mem[X,0x0000000080010922] -> 0x0140
[1965] [M]: 0x0000000080010920 (0x0140006F) jal zero, 20
mem[X,0x0000000080010934] -> 0x48E3
mem[X,0x0000000080010936] -> 0xFEB5
[1966] [M]: 0x0000000080010934 (0xFEB548E3) blt a0, a1, 8176
mem[X,0x0000000080010938] -> 0x0113
mem[X,0x000000008001093A] -> 0x0021
[1967] [M]: 0x0000000080010938 (0x00210113) addi sp, sp, 2
x2 <- 0x0000000000000002
mem[X,0x000000008001093C] -> 0x006F
mem[X,0x000000008001093E] -> 0x00C0
[1968] [M]: 0x000000008001093C (0x00C0006F) jal zero, 12
mem[X,0x0000000080010948] -> 0xB023
mem[X,0x000000008001094A] -> 0x4220
[1969] [M]: 0x0000000080010948 (0x4220B023) sd sp, 1056(ra)
mem[0x000000008004F5F8] <- 0x0000000000000002
mem[X,0x000000008001094C] -> 0x0513
mem[X,0x000000008001094E] -> 0x0010
[1970] [M]: 0x000000008001094C (0x00100513) addi a0, zero, 1
x10 <- 0x0000000000000001
mem[X,0x0000000080010950] -> 0x1513
mem[X,0x0000000080010952] -> 0x0355
[1971] [M]: 0x0000000080010950 (0x03551513) slli a0, a0, 53
x10 <- 0x0020000000000000
mem[X,0x0000000080010954] -> 0x0593
mem[X,0x0000000080010956] -> 0x0010
[1972] [M]: 0x0000000080010954 (0x00100593) addi a1, zero, 1
x11 <- 0x0000000000000001
mem[X,0x0000000080010958] -> 0x9593
mem[X,0x000000008001095A] -> 0x0185
[1973] [M]: 0x0000000080010958 (0x01859593) slli a1, a1, 24
x11 <- 0x0000000001000000
mem[X,0x000000008001095C] -> 0x0113
mem[X,0x000000008001095E] -> 0x0000
[1974] [M]: 0x000000008001095C (0x00000113) addi sp, zero, 0
x2 <- 0x0000000000000000
mem[X,0x0000000080010960] -> 0x006F
mem[X,0x0000000080010962] -> 0x00C0
[1975] [M]: 0x0000000080010960 (0x00C0006F) jal zero, 12
mem[X,0x000000008001096C] -> 0x4CE3
mem[X,0x000000008001096E] -> 0xFEB5
[1976] [M]: 0x000000008001096C (0xFEB54CE3) blt a0, a1, 8184
mem[X,0x0000000080010970] -> 0x0113
mem[X,0x0000000080010972] -> 0x0021
[1977] [M]: 0x0000000080010970 (0x00210113) addi sp, sp, 2
x2 <- 0x0000000000000002
mem[X,0x0000000080010974] -> 0x006F
mem[X,0x0000000080010976] -> 0x00C0
[1978] [M]: 0x0000000080010974 (0x00C0006F) jal zero, 12
mem[X,0x0000000080010980] -> 0xB423
mem[X,0x0000000080010982] -> 0x4220
[1979] [M]: 0x0000000080010980 (0x4220B423) sd sp, 1064(ra)
mem[0x000000008004F600] <- 0x0000000000000002
mem[X,0x0000000080010984] -> 0x0513
mem[X,0x0000000080010986] -> 0x0010
[1980] [M]: 0x0000000080010984 (0x00100513) addi a0, zero, 1
x10 <- 0x0000000000000001
mem[X,0x0000000080010988] -> 0x1513
mem[X,0x000000008001098A] -> 0x03E5
[1981] [M]: 0x0000000080010988 (0x03E51513) slli a0, a0, 62
x10 <- 0x4000000000000000
mem[X,0x000000008001098C] -> 0x0593
mem[X,0x000000008001098E] -> 0x0010
[1982] [M]: 0x000000008001098C (0x00100593) addi a1, zero, 1
x11 <- 0x0000000000000001
mem[X,0x0000000080010990] -> 0x9593
mem[X,0x0000000080010992] -> 0x0235
[1983] [M]: 0x0000000080010990 (0x02359593) slli a1, a1, 35
x11 <- 0x0000000800000000
mem[X,0x0000000080010994] -> 0xC593
mem[X,0x0000000080010996] -> 0xFFF5
[1984] [M]: 0x0000000080010994 (0xFFF5C593) xori a1, a1, 4095
x11 <- 0xFFFFFFF7FFFFFFFF
mem[X,0x0000000080010998] -> 0x0113
mem[X,0x000000008001099A] -> 0x0000
[1985] [M]: 0x0000000080010998 (0x00000113) addi sp, zero, 0
x2 <- 0x0000000000000000
mem[X,0x000000008001099C] -> 0x006F
mem[X,0x000000008001099E] -> 0x00C0
[1986] [M]: 0x000000008001099C (0x00C0006F) jal zero, 12
mem[X,0x00000000800109A8] -> 0x4063
mem[X,0x00000000800109AA] -> 0x20B5
[1987] [M]: 0x00000000800109A8 (0x20B54063) blt a0, a1, 512
mem[X,0x00000000800109AC] -> 0x0113
mem[X,0x00000000800109AE] -> 0x0021
[1988] [M]: 0x00000000800109AC (0x00210113) addi sp, sp, 2
x2 <- 0x0000000000000002
mem[X,0x00000000800109B0] -> 0x006F
mem[X,0x00000000800109B2] -> 0x2000
[1989] [M]: 0x00000000800109B0 (0x2000006F) jal zero, 512
mem[X,0x0000000080010BB0] -> 0xB823
mem[X,0x0000000080010BB2] -> 0x4220
[1990] [M]: 0x0000000080010BB0 (0x4220B823) sd sp, 1072(ra)
mem[0x000000008004F608] <- 0x0000000000000002
mem[X,0x0000000080010BB4] -> 0x0513
mem[X,0x0000000080010BB6] -> 0xFFE0
[1991] [M]: 0x0000000080010BB4 (0xFFE00513) addi a0, zero, 4094
x10 <- 0xFFFFFFFFFFFFFFFE
mem[X,0x0000000080010BB8] -> 0x0593
mem[X,0x0000000080010BBA] -> 0x0010
[1992] [M]: 0x0000000080010BB8 (0x00100593) addi a1, zero, 1
x11 <- 0x0000000000000001
mem[X,0x0000000080010BBC] -> 0x9593
mem[X,0x0000000080010BBE] -> 0x0305
[1993] [M]: 0x0000000080010BBC (0x03059593) slli a1, a1, 48
x11 <- 0x0001000000000000
mem[X,0x0000000080010BC0] -> 0xC593
mem[X,0x0000000080010BC2] -> 0xFFF5
[1994] [M]: 0x0000000080010BC0 (0xFFF5C593) xori a1, a1, 4095
x11 <- 0xFFFEFFFFFFFFFFFF
mem[X,0x0000000080010BC4] -> 0x0113
mem[X,0x0000000080010BC6] -> 0x0000
[1995] [M]: 0x0000000080010BC4 (0x00000113) addi sp, zero, 0
x2 <- 0x0000000000000000
mem[X,0x0000000080010BC8] -> 0x006F
mem[X,0x0000000080010BCA] -> 0x00C0
[1996] [M]: 0x0000000080010BC8 (0x00C0006F) jal zero, 12
mem[X,0x0000000080010BD4] -> 0x4CE3
mem[X,0x0000000080010BD6] -> 0xFEB5
[1997] [M]: 0x0000000080010BD4 (0xFEB54CE3) blt a0, a1, 8184
mem[X,0x0000000080010BD8] -> 0x0113
mem[X,0x0000000080010BDA] -> 0x0021
[1998] [M]: 0x0000000080010BD8 (0x00210113) addi sp, sp, 2
x2 <- 0x0000000000000002
mem[X,0x0000000080010BDC] -> 0x006F
mem[X,0x0000000080010BDE] -> 0x00C0
[1999] [M]: 0x0000000080010BDC (0x00C0006F) jal zero, 12
clint::tick mtime <- 0x0000000000000014
 clint timer pending at mtime 0x0000000000000014
htif::tick 0x0000000000000000
mem[X,0x0000000080010BE8] -> 0xBC23
mem[X,0x0000000080010BEA] -> 0x4220
[2000] [M]: 0x0000000080010BE8 (0x4220BC23) sd sp, 1080(ra)
mem[0x000000008004F610] <- 0x0000000000000002
mem[X,0x0000000080010BEC] -> 0x0513
mem[X,0x0000000080010BEE] -> 0xFFD0
[2001] [M]: 0x0000000080010BEC (0xFFD00513) addi a0, zero, 4093
x10 <- 0xFFFFFFFFFFFFFFFD
mem[X,0x0000000080010BF0] -> 0x55B7
mem[X,0x0000000080010BF2] -> 0x5555
[2002] [M]: 0x0000000080010BF0 (0x555555B7) lui a1, 349525
x11 <- 0x0000000055555000
mem[X,0x0000000080010BF4] -> 0x8593
mem[X,0x0000000080010BF6] -> 0x5555
[2003] [M]: 0x0000000080010BF4 (0x55558593) addi a1, a1, 1365
x11 <- 0x0000000055555555
mem[X,0x0000000080010BF8] -> 0x9593
mem[X,0x0000000080010BFA] -> 0x00B5
[2004] [M]: 0x0000000080010BF8 (0x00B59593) slli a1, a1, 11
x11 <- 0x000002AAAAAAA800
mem[X,0x0000000080010BFC] -> 0x8593
mem[X,0x0000000080010BFE] -> 0x2AA5
[2005] [M]: 0x0000000080010BFC (0x2AA58593) addi a1, a1, 682
x11 <- 0x000002AAAAAAAAAA
mem[X,0x0000000080010C00] -> 0x9593
mem[X,0x0000000080010C02] -> 0x00B5
[2006] [M]: 0x0000000080010C00 (0x00B59593) slli a1, a1, 11
x11 <- 0x0015555555555000
mem[X,0x0000000080010C04] -> 0x8593
mem[X,0x0000000080010C06] -> 0x5555
[2007] [M]: 0x0000000080010C04 (0x55558593) addi a1, a1, 1365
x11 <- 0x0015555555555555
mem[X,0x0000000080010C08] -> 0x9593
mem[X,0x0000000080010C0A] -> 0x00A5
[2008] [M]: 0x0000000080010C08 (0x00A59593) slli a1, a1, 10
x11 <- 0x5555555555555400
mem[X,0x0000000080010C0C] -> 0x8593
mem[X,0x0000000080010C0E] -> 0x1565
[2009] [M]: 0x0000000080010C0C (0x15658593) addi a1, a1, 342
x11 <- 0x5555555555555556
mem[X,0x0000000080010C10] -> 0x0113
mem[X,0x0000000080010C12] -> 0x0000
[2010] [M]: 0x0000000080010C10 (0x00000113) addi sp, zero, 0
x2 <- 0x0000000000000000
mem[X,0x0000000080010C14] -> 0x006F
mem[X,0x0000000080010C16] -> 0x00C0
[2011] [M]: 0x0000000080010C14 (0x00C0006F) jal zero, 12
mem[X,0x0000000080010C20] -> 0x4063
mem[X,0x0000000080010C22] -> 0x08B5
[2012] [M]: 0x0000000080010C20 (0x08B54063) blt a0, a1, 128
mem[X,0x0000000080010CA0] -> 0x0113
mem[X,0x0000000080010CA2] -> 0x0031
[2013] [M]: 0x0000000080010CA0 (0x00310113) addi sp, sp, 3
x2 <- 0x0000000000000003
mem[X,0x0000000080010CA4] -> 0x006F
mem[X,0x0000000080010CA6] -> 0x0040
[2014] [M]: 0x0000000080010CA4 (0x0040006F) jal zero, 4
mem[X,0x0000000080010CA8] -> 0xB023
mem[X,0x0000000080010CAA] -> 0x4420
[2015] [M]: 0x0000000080010CA8 (0x4420B023) sd sp, 1088(ra)
mem[0x000000008004F618] <- 0x0000000000000003
mem[X,0x0000000080010CAC] -> 0x0513
mem[X,0x0000000080010CAE] -> 0xFFB0
[2016] [M]: 0x0000000080010CAC (0xFFB00513) addi a0, zero, 4091
x10 <- 0xFFFFFFFFFFFFFFFB
mem[X,0x0000000080010CB0] -> 0x0593
mem[X,0x0000000080010CB2] -> 0x0010
[2017] [M]: 0x0000000080010CB0 (0x00100593) addi a1, zero, 1
x11 <- 0x0000000000000001
mem[X,0x0000000080010CB4] -> 0x9593
mem[X,0x0000000080010CB6] -> 0x01F5
[2018] [M]: 0x0000000080010CB4 (0x01F59593) slli a1, a1, 31
x11 <- 0x0000000080000000
mem[X,0x0000000080010CB8] -> 0x0113
mem[X,0x0000000080010CBA] -> 0x0000
[2019] [M]: 0x0000000080010CB8 (0x00000113) addi sp, zero, 0
x2 <- 0x0000000000000000
mem[X,0x0000000080010CBC] -> 0x006F
mem[X,0x0000000080010CBE] -> 0x00C0
[2020] [M]: 0x0000000080010CBC (0x00C0006F) jal zero, 12
mem[X,0x0000000080010CC8] -> 0x4663
mem[X,0x0000000080010CCA] -> 0x00B5
[2021] [M]: 0x0000000080010CC8 (0x00B54663) blt a0, a1, 12
mem[X,0x0000000080010CD4] -> 0x0113
mem[X,0x0000000080010CD6] -> 0x0031
[2022] [M]: 0x0000000080010CD4 (0x00310113) addi sp, sp, 3
x2 <- 0x0000000000000003
mem[X,0x0000000080010CD8] -> 0x006F
mem[X,0x0000000080010CDA] -> 0x0040
[2023] [M]: 0x0000000080010CD8 (0x0040006F) jal zero, 4
mem[X,0x0000000080010CDC] -> 0xB423
mem[X,0x0000000080010CDE] -> 0x4420
[2024] [M]: 0x0000000080010CDC (0x4420B423) sd sp, 1096(ra)
mem[0x000000008004F620] <- 0x0000000000000003
mem[X,0x0000000080010CE0] -> 0x0513
mem[X,0x0000000080010CE2] -> 0xFEF0
[2025] [M]: 0x0000000080010CE0 (0xFEF00513) addi a0, zero, 4079
x10 <- 0xFFFFFFFFFFFFFFEF
mem[X,0x0000000080010CE4] -> 0x0593
mem[X,0x0000000080010CE6] -> 0x0010
[2026] [M]: 0x0000000080010CE4 (0x00100593) addi a1, zero, 1
x11 <- 0x0000000000000001
mem[X,0x0000000080010CE8] -> 0x9593
mem[X,0x0000000080010CEA] -> 0x0235
[2027] [M]: 0x0000000080010CE8 (0x02359593) slli a1, a1, 35
x11 <- 0x0000000800000000
mem[X,0x0000000080010CEC] -> 0xC593
mem[X,0x0000000080010CEE] -> 0xFFF5
[2028] [M]: 0x0000000080010CEC (0xFFF5C593) xori a1, a1, 4095
x11 <- 0xFFFFFFF7FFFFFFFF
mem[X,0x0000000080010CF0] -> 0x0113
mem[X,0x0000000080010CF2] -> 0x0000
[2029] [M]: 0x0000000080010CF0 (0x00000113) addi sp, zero, 0
x2 <- 0x0000000000000000
mem[X,0x0000000080010CF4] -> 0x006F
mem[X,0x0000000080010CF6] -> 0x00C0
[2030] [M]: 0x0000000080010CF4 (0x00C0006F) jal zero, 12
mem[X,0x0000000080010D00] -> 0x4CE3
mem[X,0x0000000080010D02] -> 0xFEB5
[2031] [M]: 0x0000000080010D00 (0xFEB54CE3) blt a0, a1, 8184
mem[X,0x0000000080010D04] -> 0x0113
mem[X,0x0000000080010D06] -> 0x0021
[2032] [M]: 0x0000000080010D04 (0x00210113) addi sp, sp, 2
x2 <- 0x0000000000000002
mem[X,0x0000000080010D08] -> 0x006F
mem[X,0x0000000080010D0A] -> 0x00C0
[2033] [M]: 0x0000000080010D08 (0x00C0006F) jal zero, 12
mem[X,0x0000000080010D14] -> 0xB823
mem[X,0x0000000080010D16] -> 0x4420
[2034] [M]: 0x0000000080010D14 (0x4420B823) sd sp, 1104(ra)
mem[0x000000008004F628] <- 0x0000000000000002
mem[X,0x0000000080010D18] -> 0x0513
mem[X,0x0000000080010D1A] -> 0xFDF0
[2035] [M]: 0x0000000080010D18 (0xFDF00513) addi a0, zero, 4063
x10 <- 0xFFFFFFFFFFFFFFDF
mem[X,0x0000000080010D1C] -> 0x0593
mem[X,0x0000000080010D1E] -> 0x0010
[2036] [M]: 0x0000000080010D1C (0x00100593) addi a1, zero, 1
x11 <- 0x0000000000000001
mem[X,0x0000000080010D20] -> 0x9593
mem[X,0x0000000080010D22] -> 0x00D5
[2037] [M]: 0x0000000080010D20 (0x00D59593) slli a1, a1, 13
x11 <- 0x0000000000002000
mem[X,0x0000000080010D24] -> 0x0113
mem[X,0x0000000080010D26] -> 0x0000
[2038] [M]: 0x0000000080010D24 (0x00000113) addi sp, zero, 0
x2 <- 0x0000000000000000
mem[X,0x0000000080010D28] -> 0x006F
mem[X,0x0000000080010D2A] -> 0x00C0
[2039] [M]: 0x0000000080010D28 (0x00C0006F) jal zero, 12
mem[X,0x0000000080010D34] -> 0x4063
mem[X,0x0000000080010D36] -> 0x10B5
[2040] [M]: 0x0000000080010D34 (0x10B54063) blt a0, a1, 256
mem[X,0x0000000080010E34] -> 0x0113
mem[X,0x0000000080010E36] -> 0x0031
[2041] [M]: 0x0000000080010E34 (0x00310113) addi sp, sp, 3
x2 <- 0x0000000000000003
mem[X,0x0000000080010E38] -> 0x006F
mem[X,0x0000000080010E3A] -> 0x0040
[2042] [M]: 0x0000000080010E38 (0x0040006F) jal zero, 4
mem[X,0x0000000080010E3C] -> 0xBC23
mem[X,0x0000000080010E3E] -> 0x4420
[2043] [M]: 0x0000000080010E3C (0x4420BC23) sd sp, 1112(ra)
mem[0x000000008004F630] <- 0x0000000000000003
mem[X,0x0000000080010E40] -> 0x0513
mem[X,0x0000000080010E42] -> 0xEFF0
[2044] [M]: 0x0000000080010E40 (0xEFF00513) addi a0, zero, 3839
x10 <- 0xFFFFFFFFFFFFFEFF
mem[X,0x0000000080010E44] -> 0x0593
mem[X,0x0000000080010E46] -> 0xFF80
[2045] [M]: 0x0000000080010E44 (0xFF800593) addi a1, zero, 4088
x11 <- 0xFFFFFFFFFFFFFFF8
mem[X,0x0000000080010E48] -> 0x0113
mem[X,0x0000000080010E4A] -> 0x0000
[2046] [M]: 0x0000000080010E48 (0x00000113) addi sp, zero, 0
x2 <- 0x0000000000000000
mem[X,0x0000000080010E4C] -> 0x006F
mem[X,0x0000000080010E4E] -> 0x00C0
[2047] [M]: 0x0000000080010E4C (0x00C0006F) jal zero, 12
mem[X,0x0000000080010E58] -> 0x4063
mem[X,0x0000000080010E5A] -> 0x20B5
[2048] [M]: 0x0000000080010E58 (0x20B54063) blt a0, a1, 512
mem[X,0x0000000080011058] -> 0x0113
mem[X,0x000000008001105A] -> 0x0031
[2049] [M]: 0x0000000080011058 (0x00310113) addi sp, sp, 3
x2 <- 0x0000000000000003
mem[X,0x000000008001105C] -> 0x006F
mem[X,0x000000008001105E] -> 0x0040
[2050] [M]: 0x000000008001105C (0x0040006F) jal zero, 4
mem[X,0x0000000080011060] -> 0xB023
mem[X,0x0000000080011062] -> 0x4620
[2051] [M]: 0x0000000080011060 (0x4620B023) sd sp, 1120(ra)
mem[0x000000008004F638] <- 0x0000000000000003
mem[X,0x0000000080011064] -> 0x0513
mem[X,0x0000000080011066] -> 0xDFF0
[2052] [M]: 0x0000000080011064 (0xDFF00513) addi a0, zero, 3583
x10 <- 0xFFFFFFFFFFFFFDFF
mem[X,0x0000000080011068] -> 0x0593
mem[X,0x000000008001106A] -> 0x0010
[2053] [M]: 0x0000000080011068 (0x00100593) addi a1, zero, 1
x11 <- 0x0000000000000001
mem[X,0x000000008001106C] -> 0x9593
mem[X,0x000000008001106E] -> 0x0175
[2054] [M]: 0x000000008001106C (0x01759593) slli a1, a1, 23
x11 <- 0x0000000000800000
mem[X,0x0000000080011070] -> 0xC593
mem[X,0x0000000080011072] -> 0xFFF5
[2055] [M]: 0x0000000080011070 (0xFFF5C593) xori a1, a1, 4095
x11 <- 0xFFFFFFFFFF7FFFFF
mem[X,0x0000000080011074] -> 0x0113
mem[X,0x0000000080011076] -> 0x0000
[2056] [M]: 0x0000000080011074 (0x00000113) addi sp, zero, 0
x2 <- 0x0000000000000000
mem[X,0x0000000080011078] -> 0x006F
mem[X,0x000000008001107A] -> 0x00C0
[2057] [M]: 0x0000000080011078 (0x00C0006F) jal zero, 12
mem[X,0x0000000080011084] -> 0x4CE3
mem[X,0x0000000080011086] -> 0xFEB5
[2058] [M]: 0x0000000080011084 (0xFEB54CE3) blt a0, a1, 8184
mem[X,0x0000000080011088] -> 0x0113
mem[X,0x000000008001108A] -> 0x0021
[2059] [M]: 0x0000000080011088 (0x00210113) addi sp, sp, 2
x2 <- 0x0000000000000002
mem[X,0x000000008001108C] -> 0x006F
mem[X,0x000000008001108E] -> 0x00C0
[2060] [M]: 0x000000008001108C (0x00C0006F) jal zero, 12
mem[X,0x0000000080011098] -> 0xB423
mem[X,0x000000008001109A] -> 0x4620
[2061] [M]: 0x0000000080011098 (0x4620B423) sd sp, 1128(ra)
mem[0x000000008004F640] <- 0x0000000000000002
mem[X,0x000000008001109C] -> 0x0513
mem[X,0x000000008001109E] -> 0xBFF0
[2062] [M]: 0x000000008001109C (0xBFF00513) addi a0, zero, 3071
x10 <- 0xFFFFFFFFFFFFFBFF
mem[X,0x00000000800110A0] -> 0x0593
mem[X,0x00000000800110A2] -> 0x0010
[2063] [M]: 0x00000000800110A0 (0x00100593) addi a1, zero, 1
x11 <- 0x0000000000000001
mem[X,0x00000000800110A4] -> 0x9593
mem[X,0x00000000800110A6] -> 0x0315
[2064] [M]: 0x00000000800110A4 (0x03159593) slli a1, a1, 49
x11 <- 0x0002000000000000
mem[X,0x00000000800110A8] -> 0x0113
mem[X,0x00000000800110AA] -> 0x0000
[2065] [M]: 0x00000000800110A8 (0x00000113) addi sp, zero, 0
x2 <- 0x0000000000000000
mem[X,0x00000000800110AC] -> 0x006F
mem[X,0x00000000800110AE] -> 0x00C0
[2066] [M]: 0x00000000800110AC (0x00C0006F) jal zero, 12
mem[X,0x00000000800110B8] -> 0x4063
mem[X,0x00000000800110BA] -> 0x02B5
[2067] [M]: 0x00000000800110B8 (0x02B54063) blt a0, a1, 32
mem[X,0x00000000800110D8] -> 0x0113
mem[X,0x00000000800110DA] -> 0x0031
[2068] [M]: 0x00000000800110D8 (0x00310113) addi sp, sp, 3
x2 <- 0x0000000000000003
mem[X,0x00000000800110DC] -> 0x006F
mem[X,0x00000000800110DE] -> 0x0040
[2069] [M]: 0x00000000800110DC (0x0040006F) jal zero, 4
mem[X,0x00000000800110E0] -> 0xB823
mem[X,0x00000000800110E2] -> 0x4620
[2070] [M]: 0x00000000800110E0 (0x4620B823) sd sp, 1136(ra)
mem[0x000000008004F648] <- 0x0000000000000003
mem[X,0x00000000800110E4] -> 0x0513
mem[X,0x00000000800110E6] -> 0x0010
[2071] [M]: 0x00000000800110E4 (0x00100513) addi a0, zero, 1
x10 <- 0x0000000000000001
mem[X,0x00000000800110E8] -> 0x1513
mem[X,0x00000000800110EA] -> 0x00B5
[2072] [M]: 0x00000000800110E8 (0x00B51513) slli a0, a0, 11
x10 <- 0x0000000000000800
mem[X,0x00000000800110EC] -> 0x4513
mem[X,0x00000000800110EE] -> 0xFFF5
[2073] [M]: 0x00000000800110EC (0xFFF54513) xori a0, a0, 4095
x10 <- 0xFFFFFFFFFFFFF7FF
mem[X,0x00000000800110F0] -> 0x0593
mem[X,0x00000000800110F2] -> 0x0200
[2074] [M]: 0x00000000800110F0 (0x02000593) addi a1, zero, 32
x11 <- 0x0000000000000020
mem[X,0x00000000800110F4] -> 0x0113
mem[X,0x00000000800110F6] -> 0x0000
[2075] [M]: 0x00000000800110F4 (0x00000113) addi sp, zero, 0
x2 <- 0x0000000000000000
mem[X,0x00000000800110F8] -> 0x006F
mem[X,0x00000000800110FA] -> 0x0100
[2076] [M]: 0x00000000800110F8 (0x0100006F) jal zero, 16
mem[X,0x0000000080011108] -> 0x4AE3
mem[X,0x000000008001110A] -> 0xFEB5
[2077] [M]: 0x0000000080011108 (0xFEB54AE3) blt a0, a1, 8180
mem[X,0x00000000800110FC] -> 0x0113
mem[X,0x00000000800110FE] -> 0x0011
[2078] [M]: 0x00000000800110FC (0x00110113) addi sp, sp, 1
x2 <- 0x0000000000000001
mem[X,0x0000000080011100] -> 0x006F
mem[X,0x0000000080011102] -> 0x01C0
[2079] [M]: 0x0000000080011100 (0x01C0006F) jal zero, 28
mem[X,0x000000008001111C] -> 0xBC23
mem[X,0x000000008001111E] -> 0x4620
[2080] [M]: 0x000000008001111C (0x4620BC23) sd sp, 1144(ra)
mem[0x000000008004F650] <- 0x0000000000000001
mem[X,0x0000000080011120] -> 0x0513
mem[X,0x0000000080011122] -> 0x0010
[2081] [M]: 0x0000000080011120 (0x00100513) addi a0, zero, 1
x10 <- 0x0000000000000001
mem[X,0x0000000080011124] -> 0x1513
mem[X,0x0000000080011126] -> 0x00C5
[2082] [M]: 0x0000000080011124 (0x00C51513) slli a0, a0, 12
x10 <- 0x0000000000001000
mem[X,0x0000000080011128] -> 0x4513
mem[X,0x000000008001112A] -> 0xFFF5
[2083] [M]: 0x0000000080011128 (0xFFF54513) xori a0, a0, 4095
x10 <- 0xFFFFFFFFFFFFEFFF
mem[X,0x000000008001112C] -> 0x0593
mem[X,0x000000008001112E] -> 0x0010
[2084] [M]: 0x000000008001112C (0x00100593) addi a1, zero, 1
x11 <- 0x0000000000000001
mem[X,0x0000000080011130] -> 0x9593
mem[X,0x0000000080011132] -> 0x0175
[2085] [M]: 0x0000000080011130 (0x01759593) slli a1, a1, 23
x11 <- 0x0000000000800000
mem[X,0x0000000080011134] -> 0x0113
mem[X,0x0000000080011136] -> 0x0000
[2086] [M]: 0x0000000080011134 (0x00000113) addi sp, zero, 0
x2 <- 0x0000000000000000
mem[X,0x0000000080011138] -> 0x006F
mem[X,0x000000008001113A] -> 0x0180
[2087] [M]: 0x0000000080011138 (0x0180006F) jal zero, 24
mem[X,0x0000000080011150] -> 0x46E3
mem[X,0x0000000080011152] -> 0xFEB5
[2088] [M]: 0x0000000080011150 (0xFEB546E3) blt a0, a1, 8172
mem[X,0x000000008001113C] -> 0x0113
mem[X,0x000000008001113E] -> 0x0011
[2089] [M]: 0x000000008001113C (0x00110113) addi sp, sp, 1
x2 <- 0x0000000000000001
mem[X,0x0000000080011140] -> 0x006F
mem[X,0x0000000080011142] -> 0x0240
[2090] [M]: 0x0000000080011140 (0x0240006F) jal zero, 36
mem[X,0x0000000080011164] -> 0xB023
mem[X,0x0000000080011166] -> 0x4820
[2091] [M]: 0x0000000080011164 (0x4820B023) sd sp, 1152(ra)
mem[0x000000008004F658] <- 0x0000000000000001
mem[X,0x0000000080011168] -> 0x0513
mem[X,0x000000008001116A] -> 0x0010
[2092] [M]: 0x0000000080011168 (0x00100513) addi a0, zero, 1
x10 <- 0x0000000000000001
mem[X,0x000000008001116C] -> 0x1513
mem[X,0x000000008001116E] -> 0x00E5
[2093] [M]: 0x000000008001116C (0x00E51513) slli a0, a0, 14
x10 <- 0x0000000000004000
mem[X,0x0000000080011170] -> 0x4513
mem[X,0x0000000080011172] -> 0xFFF5
[2094] [M]: 0x0000000080011170 (0xFFF54513) xori a0, a0, 4095
x10 <- 0xFFFFFFFFFFFFBFFF
mem[X,0x0000000080011174] -> 0x0593
mem[X,0x0000000080011176] -> 0x0010
[2095] [M]: 0x0000000080011174 (0x00100593) addi a1, zero, 1
x11 <- 0x0000000000000001
mem[X,0x0000000080011178] -> 0x9593
mem[X,0x000000008001117A] -> 0x0395
[2096] [M]: 0x0000000080011178 (0x03959593) slli a1, a1, 57
x11 <- 0x0200000000000000
mem[X,0x000000008001117C] -> 0x0113
mem[X,0x000000008001117E] -> 0x0000
[2097] [M]: 0x000000008001117C (0x00000113) addi sp, zero, 0
x2 <- 0x0000000000000000
mem[X,0x0000000080011180] -> 0x006F
mem[X,0x0000000080011182] -> 0x0100
[2098] [M]: 0x0000000080011180 (0x0100006F) jal zero, 16
mem[X,0x0000000080011190] -> 0x4AE3
mem[X,0x0000000080011192] -> 0xFEB5
[2099] [M]: 0x0000000080011190 (0xFEB54AE3) blt a0, a1, 8180
clint::tick mtime <- 0x0000000000000015
 clint timer pending at mtime 0x0000000000000015
htif::tick 0x0000000000000000
mem[X,0x0000000080011184] -> 0x0113
mem[X,0x0000000080011186] -> 0x0011
[2100] [M]: 0x0000000080011184 (0x00110113) addi sp, sp, 1
x2 <- 0x0000000000000001
mem[X,0x0000000080011188] -> 0x006F
mem[X,0x000000008001118A] -> 0x01C0
[2101] [M]: 0x0000000080011188 (0x01C0006F) jal zero, 28
mem[X,0x00000000800111A4] -> 0xB423
mem[X,0x00000000800111A6] -> 0x4820
[2102] [M]: 0x00000000800111A4 (0x4820B423) sd sp, 1160(ra)
mem[0x000000008004F660] <- 0x0000000000000001
mem[X,0x00000000800111A8] -> 0x0513
mem[X,0x00000000800111AA] -> 0x0010
[2103] [M]: 0x00000000800111A8 (0x00100513) addi a0, zero, 1
x10 <- 0x0000000000000001
mem[X,0x00000000800111AC] -> 0x1513
mem[X,0x00000000800111AE] -> 0x00F5
[2104] [M]: 0x00000000800111AC (0x00F51513) slli a0, a0, 15
x10 <- 0x0000000000008000
mem[X,0x00000000800111B0] -> 0x4513
mem[X,0x00000000800111B2] -> 0xFFF5
[2105] [M]: 0x00000000800111B0 (0xFFF54513) xori a0, a0, 4095
x10 <- 0xFFFFFFFFFFFF7FFF
mem[X,0x00000000800111B4] -> 0x0593
mem[X,0x00000000800111B6] -> 0x0010
[2106] [M]: 0x00000000800111B4 (0x00100593) addi a1, zero, 1
x11 <- 0x0000000000000001
mem[X,0x00000000800111B8] -> 0x9593
mem[X,0x00000000800111BA] -> 0x02B5
[2107] [M]: 0x00000000800111B8 (0x02B59593) slli a1, a1, 43
x11 <- 0x0000080000000000
mem[X,0x00000000800111BC] -> 0xC593
mem[X,0x00000000800111BE] -> 0xFFF5
[2108] [M]: 0x00000000800111BC (0xFFF5C593) xori a1, a1, 4095
x11 <- 0xFFFFF7FFFFFFFFFF
mem[X,0x00000000800111C0] -> 0x0113
mem[X,0x00000000800111C2] -> 0x0000
[2109] [M]: 0x00000000800111C0 (0x00000113) addi sp, zero, 0
x2 <- 0x0000000000000000
mem[X,0x00000000800111C4] -> 0x006F
mem[X,0x00000000800111C6] -> 0x00C0
[2110] [M]: 0x00000000800111C4 (0x00C0006F) jal zero, 12
mem[X,0x00000000800111D0] -> 0x4063
mem[X,0x00000000800111D2] -> 0x10B5
[2111] [M]: 0x00000000800111D0 (0x10B54063) blt a0, a1, 256
mem[X,0x00000000800111D4] -> 0x0113
mem[X,0x00000000800111D6] -> 0x0021
[2112] [M]: 0x00000000800111D4 (0x00210113) addi sp, sp, 2
x2 <- 0x0000000000000002
mem[X,0x00000000800111D8] -> 0x006F
mem[X,0x00000000800111DA] -> 0x1000
[2113] [M]: 0x00000000800111D8 (0x1000006F) jal zero, 256
mem[X,0x00000000800112D8] -> 0xB823
mem[X,0x00000000800112DA] -> 0x4820
[2114] [M]: 0x00000000800112D8 (0x4820B823) sd sp, 1168(ra)
mem[0x000000008004F668] <- 0x0000000000000002
mem[X,0x00000000800112DC] -> 0x0513
mem[X,0x00000000800112DE] -> 0x0010
[2115] [M]: 0x00000000800112DC (0x00100513) addi a0, zero, 1
x10 <- 0x0000000000000001
mem[X,0x00000000800112E0] -> 0x1513
mem[X,0x00000000800112E2] -> 0x0125
[2116] [M]: 0x00000000800112E0 (0x01251513) slli a0, a0, 18
x10 <- 0x0000000000040000
mem[X,0x00000000800112E4] -> 0x4513
mem[X,0x00000000800112E6] -> 0xFFF5
[2117] [M]: 0x00000000800112E4 (0xFFF54513) xori a0, a0, 4095
x10 <- 0xFFFFFFFFFFFBFFFF
mem[X,0x00000000800112E8] -> 0x0593
mem[X,0x00000000800112EA] -> 0x0010
[2118] [M]: 0x00000000800112E8 (0x00100593) addi a1, zero, 1
x11 <- 0x0000000000000001
mem[X,0x00000000800112EC] -> 0x9593
mem[X,0x00000000800112EE] -> 0x0115
[2119] [M]: 0x00000000800112EC (0x01159593) slli a1, a1, 17
x11 <- 0x0000000000020000
mem[X,0x00000000800112F0] -> 0x0113
mem[X,0x00000000800112F2] -> 0x0000
[2120] [M]: 0x00000000800112F0 (0x00000113) addi sp, zero, 0
x2 <- 0x0000000000000000
mem[X,0x00000000800112F4] -> 0x006F
mem[X,0x00000000800112F6] -> 0x00C0
[2121] [M]: 0x00000000800112F4 (0x00C0006F) jal zero, 12
mem[X,0x0000000080011300] -> 0x4063
mem[X,0x0000000080011302] -> 0x04B5
[2122] [M]: 0x0000000080011300 (0x04B54063) blt a0, a1, 64
mem[X,0x0000000080011340] -> 0x0113
mem[X,0x0000000080011342] -> 0x0031
[2123] [M]: 0x0000000080011340 (0x00310113) addi sp, sp, 3
x2 <- 0x0000000000000003
mem[X,0x0000000080011344] -> 0x006F
mem[X,0x0000000080011346] -> 0x0040
[2124] [M]: 0x0000000080011344 (0x0040006F) jal zero, 4
mem[X,0x0000000080011348] -> 0xBC23
mem[X,0x000000008001134A] -> 0x4820
[2125] [M]: 0x0000000080011348 (0x4820BC23) sd sp, 1176(ra)
mem[0x000000008004F670] <- 0x0000000000000003
mem[X,0x000000008001134C] -> 0x0513
mem[X,0x000000008001134E] -> 0x0010
[2126] [M]: 0x000000008001134C (0x00100513) addi a0, zero, 1
x10 <- 0x0000000000000001
mem[X,0x0000000080011350] -> 0x1513
mem[X,0x0000000080011352] -> 0x0155
[2127] [M]: 0x0000000080011350 (0x01551513) slli a0, a0, 21
x10 <- 0x0000000000200000
mem[X,0x0000000080011354] -> 0x4513
mem[X,0x0000000080011356] -> 0xFFF5
[2128] [M]: 0x0000000080011354 (0xFFF54513) xori a0, a0, 4095
x10 <- 0xFFFFFFFFFFDFFFFF
mem[X,0x0000000080011358] -> 0x0593
mem[X,0x000000008001135A] -> 0x0010
[2129] [M]: 0x0000000080011358 (0x00100593) addi a1, zero, 1
x11 <- 0x0000000000000001
mem[X,0x000000008001135C] -> 0x9593
mem[X,0x000000008001135E] -> 0x0125
[2130] [M]: 0x000000008001135C (0x01259593) slli a1, a1, 18
x11 <- 0x0000000000040000
mem[X,0x0000000080011360] -> 0x0113
mem[X,0x0000000080011362] -> 0x0000
[2131] [M]: 0x0000000080011360 (0x00000113) addi sp, zero, 0
x2 <- 0x0000000000000000
mem[X,0x0000000080011364] -> 0x006F
mem[X,0x0000000080011366] -> 0x0050
[2132] [M]: 0x0000000080011364 (0x0050006F) jal zero, 2052
mem[X,0x0000000080011B68] -> 0x40E3
mem[X,0x0000000080011B6A] -> 0x80B5
[2133] [M]: 0x0000000080011B68 (0x80B540E3) blt a0, a1, 6144
mem[X,0x0000000080011368] -> 0x0113
mem[X,0x000000008001136A] -> 0x0011
[2134] [M]: 0x0000000080011368 (0x00110113) addi sp, sp, 1
x2 <- 0x0000000000000001
mem[X,0x000000008001136C] -> 0x006F
mem[X,0x000000008001136E] -> 0x0110
[2135] [M]: 0x000000008001136C (0x0110006F) jal zero, 2064
mem[X,0x0000000080011B7C] -> 0xB023
mem[X,0x0000000080011B7E] -> 0x4A20
[2136] [M]: 0x0000000080011B7C (0x4A20B023) sd sp, 1184(ra)
mem[0x000000008004F678] <- 0x0000000000000001
mem[X,0x0000000080011B80] -> 0x0513
mem[X,0x0000000080011B82] -> 0x0010
[2137] [M]: 0x0000000080011B80 (0x00100513) addi a0, zero, 1
x10 <- 0x0000000000000001
mem[X,0x0000000080011B84] -> 0x1513
mem[X,0x0000000080011B86] -> 0x0165
[2138] [M]: 0x0000000080011B84 (0x01651513) slli a0, a0, 22
x10 <- 0x0000000000400000
mem[X,0x0000000080011B88] -> 0x4513
mem[X,0x0000000080011B8A] -> 0xFFF5
[2139] [M]: 0x0000000080011B88 (0xFFF54513) xori a0, a0, 4095
x10 <- 0xFFFFFFFFFFBFFFFF
mem[X,0x0000000080011B8C] -> 0x0593
mem[X,0x0000000080011B8E] -> 0x0010
[2140] [M]: 0x0000000080011B8C (0x00100593) addi a1, zero, 1
x11 <- 0x0000000000000001
mem[X,0x0000000080011B90] -> 0x9593
mem[X,0x0000000080011B92] -> 0x0105
[2141] [M]: 0x0000000080011B90 (0x01059593) slli a1, a1, 16
x11 <- 0x0000000000010000
mem[X,0x0000000080011B94] -> 0x0113
mem[X,0x0000000080011B96] -> 0x0000
[2142] [M]: 0x0000000080011B94 (0x00000113) addi sp, zero, 0
x2 <- 0x0000000000000000
mem[X,0x0000000080011B98] -> 0x006F
mem[X,0x0000000080011B9A] -> 0x00C0
[2143] [M]: 0x0000000080011B98 (0x00C0006F) jal zero, 12
mem[X,0x0000000080011BA4] -> 0x4063
mem[X,0x0000000080011BA6] -> 0x40B5
[2144] [M]: 0x0000000080011BA4 (0x40B54063) blt a0, a1, 1024
mem[X,0x0000000080011FA4] -> 0x0113
mem[X,0x0000000080011FA6] -> 0x0031
[2145] [M]: 0x0000000080011FA4 (0x00310113) addi sp, sp, 3
x2 <- 0x0000000000000003
mem[X,0x0000000080011FA8] -> 0x006F
mem[X,0x0000000080011FAA] -> 0x0040
[2146] [M]: 0x0000000080011FA8 (0x0040006F) jal zero, 4
mem[X,0x0000000080011FAC] -> 0xB423
mem[X,0x0000000080011FAE] -> 0x4A20
[2147] [M]: 0x0000000080011FAC (0x4A20B423) sd sp, 1192(ra)
mem[0x000000008004F680] <- 0x0000000000000003
mem[X,0x0000000080011FB0] -> 0x0513
mem[X,0x0000000080011FB2] -> 0x0010
[2148] [M]: 0x0000000080011FB0 (0x00100513) addi a0, zero, 1
x10 <- 0x0000000000000001
mem[X,0x0000000080011FB4] -> 0x1513
mem[X,0x0000000080011FB6] -> 0x0175
[2149] [M]: 0x0000000080011FB4 (0x01751513) slli a0, a0, 23
x10 <- 0x0000000000800000
mem[X,0x0000000080011FB8] -> 0x4513
mem[X,0x0000000080011FBA] -> 0xFFF5
[2150] [M]: 0x0000000080011FB8 (0xFFF54513) xori a0, a0, 4095
x10 <- 0xFFFFFFFFFF7FFFFF
mem[X,0x0000000080011FBC] -> 0x0593
mem[X,0x0000000080011FBE] -> 0x0100
[2151] [M]: 0x0000000080011FBC (0x01000593) addi a1, zero, 16
x11 <- 0x0000000000000010
mem[X,0x0000000080011FC0] -> 0x0113
mem[X,0x0000000080011FC2] -> 0x0000
[2152] [M]: 0x0000000080011FC0 (0x00000113) addi sp, zero, 0
x2 <- 0x0000000000000000
mem[X,0x0000000080011FC4] -> 0x006F
mem[X,0x0000000080011FC6] -> 0x2B10
[2153] [M]: 0x0000000080011FC4 (0x2B10006F) jal zero, 2736
mem[X,0x0000000080012A74] -> 0x4A63
mem[X,0x0000000080012A76] -> 0xD4B5
[2154] [M]: 0x0000000080012A74 (0xD4B54A63) blt a0, a1, 5460
mem[X,0x0000000080011FC8] -> 0x0113
mem[X,0x0000000080011FCA] -> 0x0011
[2155] [M]: 0x0000000080011FC8 (0x00110113) addi sp, sp, 1
x2 <- 0x0000000000000001
mem[X,0x0000000080011FCC] -> 0x006F
mem[X,0x0000000080011FCE] -> 0x2BD0
[2156] [M]: 0x0000000080011FCC (0x2BD0006F) jal zero, 2748
mem[X,0x0000000080012A88] -> 0xB823
mem[X,0x0000000080012A8A] -> 0x4A20
[2157] [M]: 0x0000000080012A88 (0x4A20B823) sd sp, 1200(ra)
mem[0x000000008004F688] <- 0x0000000000000001
mem[X,0x0000000080012A8C] -> 0x0513
mem[X,0x0000000080012A8E] -> 0x0010
[2158] [M]: 0x0000000080012A8C (0x00100513) addi a0, zero, 1
x10 <- 0x0000000000000001
mem[X,0x0000000080012A90] -> 0x1513
mem[X,0x0000000080012A92] -> 0x0195
[2159] [M]: 0x0000000080012A90 (0x01951513) slli a0, a0, 25
x10 <- 0x0000000002000000
mem[X,0x0000000080012A94] -> 0x4513
mem[X,0x0000000080012A96] -> 0xFFF5
[2160] [M]: 0x0000000080012A94 (0xFFF54513) xori a0, a0, 4095
x10 <- 0xFFFFFFFFFDFFFFFF
mem[X,0x0000000080012A98] -> 0x0593
mem[X,0x0000000080012A9A] -> 0xBFF0
[2161] [M]: 0x0000000080012A98 (0xBFF00593) addi a1, zero, 3071
x11 <- 0xFFFFFFFFFFFFFBFF
mem[X,0x0000000080012A9C] -> 0x0113
mem[X,0x0000000080012A9E] -> 0x0000
[2162] [M]: 0x0000000080012A9C (0x00000113) addi sp, zero, 0
x2 <- 0x0000000000000000
mem[X,0x0000000080012AA0] -> 0x006F
mem[X,0x0000000080012AA2] -> 0x00C0
[2163] [M]: 0x0000000080012AA0 (0x00C0006F) jal zero, 12
mem[X,0x0000000080012AAC] -> 0x4063
mem[X,0x0000000080012AAE] -> 0x40B5
[2164] [M]: 0x0000000080012AAC (0x40B54063) blt a0, a1, 1024
mem[X,0x0000000080012EAC] -> 0x0113
mem[X,0x0000000080012EAE] -> 0x0031
[2165] [M]: 0x0000000080012EAC (0x00310113) addi sp, sp, 3
x2 <- 0x0000000000000003
mem[X,0x0000000080012EB0] -> 0x006F
mem[X,0x0000000080012EB2] -> 0x0040
[2166] [M]: 0x0000000080012EB0 (0x0040006F) jal zero, 4
mem[X,0x0000000080012EB4] -> 0xBC23
mem[X,0x0000000080012EB6] -> 0x4A20
[2167] [M]: 0x0000000080012EB4 (0x4A20BC23) sd sp, 1208(ra)
mem[0x000000008004F690] <- 0x0000000000000003
mem[X,0x0000000080012EB8] -> 0x0513
mem[X,0x0000000080012EBA] -> 0x0010
[2168] [M]: 0x0000000080012EB8 (0x00100513) addi a0, zero, 1
x10 <- 0x0000000000000001
mem[X,0x0000000080012EBC] -> 0x1513
mem[X,0x0000000080012EBE] -> 0x01A5
[2169] [M]: 0x0000000080012EBC (0x01A51513) slli a0, a0, 26
x10 <- 0x0000000004000000
mem[X,0x0000000080012EC0] -> 0x4513
mem[X,0x0000000080012EC2] -> 0xFFF5
[2170] [M]: 0x0000000080012EC0 (0xFFF54513) xori a0, a0, 4095
x10 <- 0xFFFFFFFFFBFFFFFF
mem[X,0x0000000080012EC4] -> 0x0593
mem[X,0x0000000080012EC6] -> 0x0040
[2171] [M]: 0x0000000080012EC4 (0x00400593) addi a1, zero, 4
x11 <- 0x0000000000000004
mem[X,0x0000000080012EC8] -> 0x0113
mem[X,0x0000000080012ECA] -> 0x0000
[2172] [M]: 0x0000000080012EC8 (0x00000113) addi sp, zero, 0
x2 <- 0x0000000000000000
mem[X,0x0000000080012ECC] -> 0x006F
mem[X,0x0000000080012ECE] -> 0x0100
[2173] [M]: 0x0000000080012ECC (0x0100006F) jal zero, 16
mem[X,0x0000000080012EDC] -> 0x4AE3
mem[X,0x0000000080012EDE] -> 0xFEB5
[2174] [M]: 0x0000000080012EDC (0xFEB54AE3) blt a0, a1, 8180
mem[X,0x0000000080012ED0] -> 0x0113
mem[X,0x0000000080012ED2] -> 0x0011
[2175] [M]: 0x0000000080012ED0 (0x00110113) addi sp, sp, 1
x2 <- 0x0000000000000001
mem[X,0x0000000080012ED4] -> 0x006F
mem[X,0x0000000080012ED6] -> 0x01C0
[2176] [M]: 0x0000000080012ED4 (0x01C0006F) jal zero, 28
mem[X,0x0000000080012EF0] -> 0xB023
mem[X,0x0000000080012EF2] -> 0x4C20
[2177] [M]: 0x0000000080012EF0 (0x4C20B023) sd sp, 1216(ra)
mem[0x000000008004F698] <- 0x0000000000000001
mem[X,0x0000000080012EF4] -> 0x0513
mem[X,0x0000000080012EF6] -> 0x0010
[2178] [M]: 0x0000000080012EF4 (0x00100513) addi a0, zero, 1
x10 <- 0x0000000000000001
mem[X,0x0000000080012EF8] -> 0x1513
mem[X,0x0000000080012EFA] -> 0x0215
[2179] [M]: 0x0000000080012EF8 (0x02151513) slli a0, a0, 33
x10 <- 0x0000000200000000
mem[X,0x0000000080012EFC] -> 0x4513
mem[X,0x0000000080012EFE] -> 0xFFF5
[2180] [M]: 0x0000000080012EFC (0xFFF54513) xori a0, a0, 4095
x10 <- 0xFFFFFFFDFFFFFFFF
mem[X,0x0000000080012F00] -> 0x0593
mem[X,0x0000000080012F02] -> 0x0010
[2181] [M]: 0x0000000080012F00 (0x00100593) addi a1, zero, 1
x11 <- 0x0000000000000001
mem[X,0x0000000080012F04] -> 0x9593
mem[X,0x0000000080012F06] -> 0x0165
[2182] [M]: 0x0000000080012F04 (0x01659593) slli a1, a1, 22
x11 <- 0x0000000000400000
mem[X,0x0000000080012F08] -> 0x0113
mem[X,0x0000000080012F0A] -> 0x0000
[2183] [M]: 0x0000000080012F08 (0x00000113) addi sp, zero, 0
x2 <- 0x0000000000000000
mem[X,0x0000000080012F0C] -> 0x006F
mem[X,0x0000000080012F0E] -> 0x00C0
[2184] [M]: 0x0000000080012F0C (0x00C0006F) jal zero, 12
mem[X,0x0000000080012F18] -> 0x4063
mem[X,0x0000000080012F1A] -> 0x08B5
[2185] [M]: 0x0000000080012F18 (0x08B54063) blt a0, a1, 128
mem[X,0x0000000080012F98] -> 0x0113
mem[X,0x0000000080012F9A] -> 0x0031
[2186] [M]: 0x0000000080012F98 (0x00310113) addi sp, sp, 3
x2 <- 0x0000000000000003
mem[X,0x0000000080012F9C] -> 0x006F
mem[X,0x0000000080012F9E] -> 0x0040
[2187] [M]: 0x0000000080012F9C (0x0040006F) jal zero, 4
mem[X,0x0000000080012FA0] -> 0xB423
mem[X,0x0000000080012FA2] -> 0x4C20
[2188] [M]: 0x0000000080012FA0 (0x4C20B423) sd sp, 1224(ra)
mem[0x000000008004F6A0] <- 0x0000000000000003
mem[X,0x0000000080012FA4] -> 0x0513
mem[X,0x0000000080012FA6] -> 0x0010
[2189] [M]: 0x0000000080012FA4 (0x00100513) addi a0, zero, 1
x10 <- 0x0000000000000001
mem[X,0x0000000080012FA8] -> 0x1513
mem[X,0x0000000080012FAA] -> 0x0255
[2190] [M]: 0x0000000080012FA8 (0x02551513) slli a0, a0, 37
x10 <- 0x0000002000000000
mem[X,0x0000000080012FAC] -> 0x4513
mem[X,0x0000000080012FAE] -> 0xFFF5
[2191] [M]: 0x0000000080012FAC (0xFFF54513) xori a0, a0, 4095
x10 <- 0xFFFFFFDFFFFFFFFF
mem[X,0x0000000080012FB0] -> 0x0593
mem[X,0x0000000080012FB2] -> 0x0010
[2192] [M]: 0x0000000080012FB0 (0x00100593) addi a1, zero, 1
x11 <- 0x0000000000000001
mem[X,0x0000000080012FB4] -> 0x9593
mem[X,0x0000000080012FB6] -> 0x01A5
[2193] [M]: 0x0000000080012FB4 (0x01A59593) slli a1, a1, 26
x11 <- 0x0000000004000000
mem[X,0x0000000080012FB8] -> 0x0113
mem[X,0x0000000080012FBA] -> 0x0000
[2194] [M]: 0x0000000080012FB8 (0x00000113) addi sp, zero, 0
x2 <- 0x0000000000000000
mem[X,0x0000000080012FBC] -> 0x006F
mem[X,0x0000000080012FBE] -> 0x00C0
[2195] [M]: 0x0000000080012FBC (0x00C0006F) jal zero, 12
mem[X,0x0000000080012FC8] -> 0x4063
mem[X,0x0000000080012FCA] -> 0x04B5
[2196] [M]: 0x0000000080012FC8 (0x04B54063) blt a0, a1, 64
mem[X,0x0000000080013008] -> 0x0113
mem[X,0x000000008001300A] -> 0x0031
[2197] [M]: 0x0000000080013008 (0x00310113) addi sp, sp, 3
x2 <- 0x0000000000000003
mem[X,0x000000008001300C] -> 0x006F
mem[X,0x000000008001300E] -> 0x0040
[2198] [M]: 0x000000008001300C (0x0040006F) jal zero, 4
mem[X,0x0000000080013010] -> 0xB823
mem[X,0x0000000080013012] -> 0x4C20
[2199] [M]: 0x0000000080013010 (0x4C20B823) sd sp, 1232(ra)
mem[0x000000008004F6A8] <- 0x0000000000000003
clint::tick mtime <- 0x0000000000000016
 clint timer pending at mtime 0x0000000000000016
htif::tick 0x0000000000000000
mem[X,0x0000000080013014] -> 0x0513
mem[X,0x0000000080013016] -> 0x0010
[2200] [M]: 0x0000000080013014 (0x00100513) addi a0, zero, 1
x10 <- 0x0000000000000001
mem[X,0x0000000080013018] -> 0x1513
mem[X,0x000000008001301A] -> 0x0275
[2201] [M]: 0x0000000080013018 (0x02751513) slli a0, a0, 39
x10 <- 0x0000008000000000
mem[X,0x000000008001301C] -> 0x4513
mem[X,0x000000008001301E] -> 0xFFF5
[2202] [M]: 0x000000008001301C (0xFFF54513) xori a0, a0, 4095
x10 <- 0xFFFFFF7FFFFFFFFF
mem[X,0x0000000080013020] -> 0x0593
mem[X,0x0000000080013022] -> 0x0010
[2203] [M]: 0x0000000080013020 (0x00100593) addi a1, zero, 1
x11 <- 0x0000000000000001
mem[X,0x0000000080013024] -> 0x9593
mem[X,0x0000000080013026] -> 0x0385
[2204] [M]: 0x0000000080013024 (0x03859593) slli a1, a1, 56
x11 <- 0x0100000000000000
mem[X,0x0000000080013028] -> 0x0113
mem[X,0x000000008001302A] -> 0x0000
[2205] [M]: 0x0000000080013028 (0x00000113) addi sp, zero, 0
x2 <- 0x0000000000000000
mem[X,0x000000008001302C] -> 0x006F
mem[X,0x000000008001302E] -> 0x00C0
[2206] [M]: 0x000000008001302C (0x00C0006F) jal zero, 12
mem[X,0x0000000080013038] -> 0x4063
mem[X,0x000000008001303A] -> 0x02B5
[2207] [M]: 0x0000000080013038 (0x02B54063) blt a0, a1, 32
mem[X,0x0000000080013058] -> 0x0113
mem[X,0x000000008001305A] -> 0x0031
[2208] [M]: 0x0000000080013058 (0x00310113) addi sp, sp, 3
x2 <- 0x0000000000000003
mem[X,0x000000008001305C] -> 0x006F
mem[X,0x000000008001305E] -> 0x0040
[2209] [M]: 0x000000008001305C (0x0040006F) jal zero, 4
mem[X,0x0000000080013060] -> 0xBC23
mem[X,0x0000000080013062] -> 0x4C20
[2210] [M]: 0x0000000080013060 (0x4C20BC23) sd sp, 1240(ra)
mem[0x000000008004F6B0] <- 0x0000000000000003
mem[X,0x0000000080013064] -> 0x0513
mem[X,0x0000000080013066] -> 0x0010
[2211] [M]: 0x0000000080013064 (0x00100513) addi a0, zero, 1
x10 <- 0x0000000000000001
mem[X,0x0000000080013068] -> 0x1513
mem[X,0x000000008001306A] -> 0x0285
[2212] [M]: 0x0000000080013068 (0x02851513) slli a0, a0, 40
x10 <- 0x0000010000000000
mem[X,0x000000008001306C] -> 0x4513
mem[X,0x000000008001306E] -> 0xFFF5
[2213] [M]: 0x000000008001306C (0xFFF54513) xori a0, a0, 4095
x10 <- 0xFFFFFEFFFFFFFFFF
mem[X,0x0000000080013070] -> 0x0593
mem[X,0x0000000080013072] -> 0x0010
[2214] [M]: 0x0000000080013070 (0x00100593) addi a1, zero, 1
x11 <- 0x0000000000000001
mem[X,0x0000000080013074] -> 0x9593
mem[X,0x0000000080013076] -> 0x00C5
[2215] [M]: 0x0000000080013074 (0x00C59593) slli a1, a1, 12
x11 <- 0x0000000000001000
mem[X,0x0000000080013078] -> 0xC593
mem[X,0x000000008001307A] -> 0xFFF5
[2216] [M]: 0x0000000080013078 (0xFFF5C593) xori a1, a1, 4095
x11 <- 0xFFFFFFFFFFFFEFFF
mem[X,0x000000008001307C] -> 0x0113
mem[X,0x000000008001307E] -> 0x0000
[2217] [M]: 0x000000008001307C (0x00000113) addi sp, zero, 0
x2 <- 0x0000000000000000
mem[X,0x0000000080013080] -> 0x006F
mem[X,0x0000000080013082] -> 0x00C0
[2218] [M]: 0x0000000080013080 (0x00C0006F) jal zero, 12
mem[X,0x000000008001308C] -> 0x4663
mem[X,0x000000008001308E] -> 0x00B5
[2219] [M]: 0x000000008001308C (0x00B54663) blt a0, a1, 12
mem[X,0x0000000080013098] -> 0x0113
mem[X,0x000000008001309A] -> 0x0031
[2220] [M]: 0x0000000080013098 (0x00310113) addi sp, sp, 3
x2 <- 0x0000000000000003
mem[X,0x000000008001309C] -> 0x006F
mem[X,0x000000008001309E] -> 0x0040
[2221] [M]: 0x000000008001309C (0x0040006F) jal zero, 4
mem[X,0x00000000800130A0] -> 0xB023
mem[X,0x00000000800130A2] -> 0x4E20
[2222] [M]: 0x00000000800130A0 (0x4E20B023) sd sp, 1248(ra)
mem[0x000000008004F6B8] <- 0x0000000000000003
mem[X,0x00000000800130A4] -> 0x0513
mem[X,0x00000000800130A6] -> 0x0010
[2223] [M]: 0x00000000800130A4 (0x00100513) addi a0, zero, 1
x10 <- 0x0000000000000001
mem[X,0x00000000800130A8] -> 0x1513
mem[X,0x00000000800130AA] -> 0x02A5
[2224] [M]: 0x00000000800130A8 (0x02A51513) slli a0, a0, 42
x10 <- 0x0000040000000000
mem[X,0x00000000800130AC] -> 0x4513
mem[X,0x00000000800130AE] -> 0xFFF5
[2225] [M]: 0x00000000800130AC (0xFFF54513) xori a0, a0, 4095
x10 <- 0xFFFFFBFFFFFFFFFF
mem[X,0x00000000800130B0] -> 0x55B7
mem[X,0x00000000800130B2] -> 0x5555
[2226] [M]: 0x00000000800130B0 (0x555555B7) lui a1, 349525
x11 <- 0x0000000055555000
mem[X,0x00000000800130B4] -> 0x8593
mem[X,0x00000000800130B6] -> 0x5555
[2227] [M]: 0x00000000800130B4 (0x55558593) addi a1, a1, 1365
x11 <- 0x0000000055555555
mem[X,0x00000000800130B8] -> 0x9593
mem[X,0x00000000800130BA] -> 0x00B5
[2228] [M]: 0x00000000800130B8 (0x00B59593) slli a1, a1, 11
x11 <- 0x000002AAAAAAA800
mem[X,0x00000000800130BC] -> 0x8593
mem[X,0x00000000800130BE] -> 0x2AA5
[2229] [M]: 0x00000000800130BC (0x2AA58593) addi a1, a1, 682
x11 <- 0x000002AAAAAAAAAA
mem[X,0x00000000800130C0] -> 0x9593
mem[X,0x00000000800130C2] -> 0x00B5
[2230] [M]: 0x00000000800130C0 (0x00B59593) slli a1, a1, 11
x11 <- 0x0015555555555000
mem[X,0x00000000800130C4] -> 0x8593
mem[X,0x00000000800130C6] -> 0x5555
[2231] [M]: 0x00000000800130C4 (0x55558593) addi a1, a1, 1365
x11 <- 0x0015555555555555
mem[X,0x00000000800130C8] -> 0x9593
mem[X,0x00000000800130CA] -> 0x00A5
[2232] [M]: 0x00000000800130C8 (0x00A59593) slli a1, a1, 10
x11 <- 0x5555555555555400
mem[X,0x00000000800130CC] -> 0x8593
mem[X,0x00000000800130CE] -> 0x1545
[2233] [M]: 0x00000000800130CC (0x15458593) addi a1, a1, 340
x11 <- 0x5555555555555554
mem[X,0x00000000800130D0] -> 0x0113
mem[X,0x00000000800130D2] -> 0x0000
[2234] [M]: 0x00000000800130D0 (0x00000113) addi sp, zero, 0
x2 <- 0x0000000000000000
mem[X,0x00000000800130D4] -> 0x006F
mem[X,0x00000000800130D6] -> 0x0180
[2235] [M]: 0x00000000800130D4 (0x0180006F) jal zero, 24
mem[X,0x00000000800130EC] -> 0x46E3
mem[X,0x00000000800130EE] -> 0xFEB5
[2236] [M]: 0x00000000800130EC (0xFEB546E3) blt a0, a1, 8172
mem[X,0x00000000800130D8] -> 0x0113
mem[X,0x00000000800130DA] -> 0x0011
[2237] [M]: 0x00000000800130D8 (0x00110113) addi sp, sp, 1
x2 <- 0x0000000000000001
mem[X,0x00000000800130DC] -> 0x006F
mem[X,0x00000000800130DE] -> 0x0240
[2238] [M]: 0x00000000800130DC (0x0240006F) jal zero, 36
mem[X,0x0000000080013100] -> 0xB423
mem[X,0x0000000080013102] -> 0x4E20
[2239] [M]: 0x0000000080013100 (0x4E20B423) sd sp, 1256(ra)
mem[0x000000008004F6C0] <- 0x0000000000000001
mem[X,0x0000000080013104] -> 0x0513
mem[X,0x0000000080013106] -> 0x0010
[2240] [M]: 0x0000000080013104 (0x00100513) addi a0, zero, 1
x10 <- 0x0000000000000001
mem[X,0x0000000080013108] -> 0x1513
mem[X,0x000000008001310A] -> 0x02D5
[2241] [M]: 0x0000000080013108 (0x02D51513) slli a0, a0, 45
x10 <- 0x0000200000000000
mem[X,0x000000008001310C] -> 0x4513
mem[X,0x000000008001310E] -> 0xFFF5
[2242] [M]: 0x000000008001310C (0xFFF54513) xori a0, a0, 4095
x10 <- 0xFFFFDFFFFFFFFFFF
mem[X,0x0000000080013110] -> 0x0593
mem[X,0x0000000080013112] -> 0x0050
[2243] [M]: 0x0000000080013110 (0x00500593) addi a1, zero, 5
x11 <- 0x0000000000000005
mem[X,0x0000000080013114] -> 0x0113
mem[X,0x0000000080013116] -> 0x0000
[2244] [M]: 0x0000000080013114 (0x00000113) addi sp, zero, 0
x2 <- 0x0000000000000000
mem[X,0x0000000080013118] -> 0x006F
mem[X,0x000000008001311A] -> 0x00C0
[2245] [M]: 0x0000000080013118 (0x00C0006F) jal zero, 12
mem[X,0x0000000080013124] -> 0x4663
mem[X,0x0000000080013126] -> 0x00B5
[2246] [M]: 0x0000000080013124 (0x00B54663) blt a0, a1, 12
mem[X,0x0000000080013130] -> 0x0113
mem[X,0x0000000080013132] -> 0x0031
[2247] [M]: 0x0000000080013130 (0x00310113) addi sp, sp, 3
x2 <- 0x0000000000000003
mem[X,0x0000000080013134] -> 0x006F
mem[X,0x0000000080013136] -> 0x0040
[2248] [M]: 0x0000000080013134 (0x0040006F) jal zero, 4
mem[X,0x0000000080013138] -> 0xB823
mem[X,0x000000008001313A] -> 0x4E20
[2249] [M]: 0x0000000080013138 (0x4E20B823) sd sp, 1264(ra)
mem[0x000000008004F6C8] <- 0x0000000000000003
mem[X,0x000000008001313C] -> 0x0513
mem[X,0x000000008001313E] -> 0x0010
[2250] [M]: 0x000000008001313C (0x00100513) addi a0, zero, 1
x10 <- 0x0000000000000001
mem[X,0x0000000080013140] -> 0x1513
mem[X,0x0000000080013142] -> 0x0335
[2251] [M]: 0x0000000080013140 (0x03351513) slli a0, a0, 51
x10 <- 0x0008000000000000
mem[X,0x0000000080013144] -> 0x4513
mem[X,0x0000000080013146] -> 0xFFF5
[2252] [M]: 0x0000000080013144 (0xFFF54513) xori a0, a0, 4095
x10 <- 0xFFF7FFFFFFFFFFFF
mem[X,0x0000000080013148] -> 0x0593
mem[X,0x000000008001314A] -> 0x0010
[2253] [M]: 0x0000000080013148 (0x00100593) addi a1, zero, 1
x11 <- 0x0000000000000001
mem[X,0x000000008001314C] -> 0x9593
mem[X,0x000000008001314E] -> 0x02E5
[2254] [M]: 0x000000008001314C (0x02E59593) slli a1, a1, 46
x11 <- 0x0000400000000000
mem[X,0x0000000080013150] -> 0xC593
mem[X,0x0000000080013152] -> 0xFFF5
[2255] [M]: 0x0000000080013150 (0xFFF5C593) xori a1, a1, 4095
x11 <- 0xFFFFBFFFFFFFFFFF
mem[X,0x0000000080013154] -> 0x0113
mem[X,0x0000000080013156] -> 0x0000
[2256] [M]: 0x0000000080013154 (0x00000113) addi sp, zero, 0
x2 <- 0x0000000000000000
mem[X,0x0000000080013158] -> 0x006F
mem[X,0x000000008001315A] -> 0x00C0
[2257] [M]: 0x0000000080013158 (0x00C0006F) jal zero, 12
mem[X,0x0000000080013164] -> 0x4663
mem[X,0x0000000080013166] -> 0x00B5
[2258] [M]: 0x0000000080013164 (0x00B54663) blt a0, a1, 12
mem[X,0x0000000080013170] -> 0x0113
mem[X,0x0000000080013172] -> 0x0031
[2259] [M]: 0x0000000080013170 (0x00310113) addi sp, sp, 3
x2 <- 0x0000000000000003
mem[X,0x0000000080013174] -> 0x006F
mem[X,0x0000000080013176] -> 0x0040
[2260] [M]: 0x0000000080013174 (0x0040006F) jal zero, 4
mem[X,0x0000000080013178] -> 0xBC23
mem[X,0x000000008001317A] -> 0x4E20
[2261] [M]: 0x0000000080013178 (0x4E20BC23) sd sp, 1272(ra)
mem[0x000000008004F6D0] <- 0x0000000000000003
mem[X,0x000000008001317C] -> 0x0513
mem[X,0x000000008001317E] -> 0x0010
[2262] [M]: 0x000000008001317C (0x00100513) addi a0, zero, 1
x10 <- 0x0000000000000001
mem[X,0x0000000080013180] -> 0x1513
mem[X,0x0000000080013182] -> 0x0345
[2263] [M]: 0x0000000080013180 (0x03451513) slli a0, a0, 52
x10 <- 0x0010000000000000
mem[X,0x0000000080013184] -> 0x4513
mem[X,0x0000000080013186] -> 0xFFF5
[2264] [M]: 0x0000000080013184 (0xFFF54513) xori a0, a0, 4095
x10 <- 0xFFEFFFFFFFFFFFFF
mem[X,0x0000000080013188] -> 0x65B7
mem[X,0x000000008001318A] -> 0x6666
[2265] [M]: 0x0000000080013188 (0x666665B7) lui a1, 419430
x11 <- 0x0000000066666000
mem[X,0x000000008001318C] -> 0x8593
mem[X,0x000000008001318E] -> 0x6665
[2266] [M]: 0x000000008001318C (0x66658593) addi a1, a1, 1638
x11 <- 0x0000000066666666
mem[X,0x0000000080013190] -> 0x9593
mem[X,0x0000000080013192] -> 0x00B5
[2267] [M]: 0x0000000080013190 (0x00B59593) slli a1, a1, 11
x11 <- 0x0000033333333000
mem[X,0x0000000080013194] -> 0x8593
mem[X,0x0000000080013196] -> 0x3335
[2268] [M]: 0x0000000080013194 (0x33358593) addi a1, a1, 819
x11 <- 0x0000033333333333
mem[X,0x0000000080013198] -> 0x9593
mem[X,0x000000008001319A] -> 0x00B5
[2269] [M]: 0x0000000080013198 (0x00B59593) slli a1, a1, 11
x11 <- 0x0019999999999800
mem[X,0x000000008001319C] -> 0x8593
mem[X,0x000000008001319E] -> 0x1995
[2270] [M]: 0x000000008001319C (0x19958593) addi a1, a1, 409
x11 <- 0x0019999999999999
mem[X,0x00000000800131A0] -> 0x9593
mem[X,0x00000000800131A2] -> 0x00A5
[2271] [M]: 0x00000000800131A0 (0x00A59593) slli a1, a1, 10
x11 <- 0x6666666666666400
mem[X,0x00000000800131A4] -> 0x8593
mem[X,0x00000000800131A6] -> 0x2675
[2272] [M]: 0x00000000800131A4 (0x26758593) addi a1, a1, 615
x11 <- 0x6666666666666667
mem[X,0x00000000800131A8] -> 0x0113
mem[X,0x00000000800131AA] -> 0x0000
[2273] [M]: 0x00000000800131A8 (0x00000113) addi sp, zero, 0
x2 <- 0x0000000000000000
mem[X,0x00000000800131AC] -> 0x006F
mem[X,0x00000000800131AE] -> 0x2B10
[2274] [M]: 0x00000000800131AC (0x2B10006F) jal zero, 2736
mem[X,0x0000000080013C5C] -> 0x4A63
mem[X,0x0000000080013C5E] -> 0xD4B5
[2275] [M]: 0x0000000080013C5C (0xD4B54A63) blt a0, a1, 5460
mem[X,0x00000000800131B0] -> 0x0113
mem[X,0x00000000800131B2] -> 0x0011
[2276] [M]: 0x00000000800131B0 (0x00110113) addi sp, sp, 1
x2 <- 0x0000000000000001
mem[X,0x00000000800131B4] -> 0x006F
mem[X,0x00000000800131B6] -> 0x2BD0
[2277] [M]: 0x00000000800131B4 (0x2BD0006F) jal zero, 2748
mem[X,0x0000000080013C70] -> 0xB023
mem[X,0x0000000080013C72] -> 0x5020
[2278] [M]: 0x0000000080013C70 (0x5020B023) sd sp, 1280(ra)
mem[0x000000008004F6D8] <- 0x0000000000000001
mem[X,0x0000000080013C74] -> 0x0513
mem[X,0x0000000080013C76] -> 0x0010
[2279] [M]: 0x0000000080013C74 (0x00100513) addi a0, zero, 1
x10 <- 0x0000000000000001
mem[X,0x0000000080013C78] -> 0x1513
mem[X,0x0000000080013C7A] -> 0x0385
[2280] [M]: 0x0000000080013C78 (0x03851513) slli a0, a0, 56
x10 <- 0x0100000000000000
mem[X,0x0000000080013C7C] -> 0x4513
mem[X,0x0000000080013C7E] -> 0xFFF5
[2281] [M]: 0x0000000080013C7C (0xFFF54513) xori a0, a0, 4095
x10 <- 0xFEFFFFFFFFFFFFFF
mem[X,0x0000000080013C80] -> 0x0593
mem[X,0x0000000080013C82] -> 0x0010
[2282] [M]: 0x0000000080013C80 (0x00100593) addi a1, zero, 1
x11 <- 0x0000000000000001
mem[X,0x0000000080013C84] -> 0x9593
mem[X,0x0000000080013C86] -> 0x0355
[2283] [M]: 0x0000000080013C84 (0x03559593) slli a1, a1, 53
x11 <- 0x0020000000000000
mem[X,0x0000000080013C88] -> 0xC593
mem[X,0x0000000080013C8A] -> 0xFFF5
[2284] [M]: 0x0000000080013C88 (0xFFF5C593) xori a1, a1, 4095
x11 <- 0xFFDFFFFFFFFFFFFF
mem[X,0x0000000080013C8C] -> 0x0113
mem[X,0x0000000080013C8E] -> 0x0000
[2285] [M]: 0x0000000080013C8C (0x00000113) addi sp, zero, 0
x2 <- 0x0000000000000000
mem[X,0x0000000080013C90] -> 0x006F
mem[X,0x0000000080013C92] -> 0x00C0
[2286] [M]: 0x0000000080013C90 (0x00C0006F) jal zero, 12
mem[X,0x0000000080013C9C] -> 0x4663
mem[X,0x0000000080013C9E] -> 0x00B5
[2287] [M]: 0x0000000080013C9C (0x00B54663) blt a0, a1, 12
mem[X,0x0000000080013CA8] -> 0x0113
mem[X,0x0000000080013CAA] -> 0x0031
[2288] [M]: 0x0000000080013CA8 (0x00310113) addi sp, sp, 3
x2 <- 0x0000000000000003
mem[X,0x0000000080013CAC] -> 0x006F
mem[X,0x0000000080013CAE] -> 0x0040
[2289] [M]: 0x0000000080013CAC (0x0040006F) jal zero, 4
mem[X,0x0000000080013CB0] -> 0xB423
mem[X,0x0000000080013CB2] -> 0x5020
[2290] [M]: 0x0000000080013CB0 (0x5020B423) sd sp, 1288(ra)
mem[0x000000008004F6E0] <- 0x0000000000000003
mem[X,0x0000000080013CB4] -> 0x0513
mem[X,0x0000000080013CB6] -> 0x0010
[2291] [M]: 0x0000000080013CB4 (0x00100513) addi a0, zero, 1
x10 <- 0x0000000000000001
mem[X,0x0000000080013CB8] -> 0x1513
mem[X,0x0000000080013CBA] -> 0x03A5
[2292] [M]: 0x0000000080013CB8 (0x03A51513) slli a0, a0, 58
x10 <- 0x0400000000000000
mem[X,0x0000000080013CBC] -> 0x4513
mem[X,0x0000000080013CBE] -> 0xFFF5
[2293] [M]: 0x0000000080013CBC (0xFFF54513) xori a0, a0, 4095
x10 <- 0xFBFFFFFFFFFFFFFF
mem[X,0x0000000080013CC0] -> 0xB5B7
mem[X,0x0000000080013CC2] -> 0xAAAA
[2294] [M]: 0x0000000080013CC0 (0xAAAAB5B7) lui a1, 699051
x11 <- 0xFFFFFFFFAAAAB000
mem[X,0x0000000080013CC4] -> 0x8593
mem[X,0x0000000080013CC6] -> 0xAAA5
[2295] [M]: 0x0000000080013CC4 (0xAAA58593) addi a1, a1, 2730
x11 <- 0xFFFFFFFFAAAAAAAA
mem[X,0x0000000080013CC8] -> 0x9593
mem[X,0x0000000080013CCA] -> 0x00B5
[2296] [M]: 0x0000000080013CC8 (0x00B59593) slli a1, a1, 11
x11 <- 0xFFFFFD5555555000
mem[X,0x0000000080013CCC] -> 0x8593
mem[X,0x0000000080013CCE] -> 0x5555
[2297] [M]: 0x0000000080013CCC (0x55558593) addi a1, a1, 1365
x11 <- 0xFFFFFD5555555555
mem[X,0x0000000080013CD0] -> 0x9593
mem[X,0x0000000080013CD2] -> 0x00B5
[2298] [M]: 0x0000000080013CD0 (0x00B59593) slli a1, a1, 11
x11 <- 0xFFEAAAAAAAAAA800
mem[X,0x0000000080013CD4] -> 0x8593
mem[X,0x0000000080013CD6] -> 0x2AA5
[2299] [M]: 0x0000000080013CD4 (0x2AA58593) addi a1, a1, 682
x11 <- 0xFFEAAAAAAAAAAAAA
clint::tick mtime <- 0x0000000000000017
 clint timer pending at mtime 0x0000000000000017
htif::tick 0x0000000000000000
mem[X,0x0000000080013CD8] -> 0x9593
mem[X,0x0000000080013CDA] -> 0x00A5
[2300] [M]: 0x0000000080013CD8 (0x00A59593) slli a1, a1, 10
x11 <- 0xAAAAAAAAAAAAA800
mem[X,0x0000000080013CDC] -> 0x8593
mem[X,0x0000000080013CDE] -> 0x2AB5
[2301] [M]: 0x0000000080013CDC (0x2AB58593) addi a1, a1, 683
x11 <- 0xAAAAAAAAAAAAAAAB
mem[X,0x0000000080013CE0] -> 0x0113
mem[X,0x0000000080013CE2] -> 0x0000
[2302] [M]: 0x0000000080013CE0 (0x00000113) addi sp, zero, 0
x2 <- 0x0000000000000000
mem[X,0x0000000080013CE4] -> 0x006F
mem[X,0x0000000080013CE6] -> 0x00C0
[2303] [M]: 0x0000000080013CE4 (0x00C0006F) jal zero, 12
mem[X,0x0000000080013CF0] -> 0x4CE3
mem[X,0x0000000080013CF2] -> 0xFEB5
[2304] [M]: 0x0000000080013CF0 (0xFEB54CE3) blt a0, a1, 8184
mem[X,0x0000000080013CF4] -> 0x0113
mem[X,0x0000000080013CF6] -> 0x0021
[2305] [M]: 0x0000000080013CF4 (0x00210113) addi sp, sp, 2
x2 <- 0x0000000000000002
mem[X,0x0000000080013CF8] -> 0x006F
mem[X,0x0000000080013CFA] -> 0x00C0
[2306] [M]: 0x0000000080013CF8 (0x00C0006F) jal zero, 12
mem[X,0x0000000080013D04] -> 0xB823
mem[X,0x0000000080013D06] -> 0x5020
[2307] [M]: 0x0000000080013D04 (0x5020B823) sd sp, 1296(ra)
mem[0x000000008004F6E8] <- 0x0000000000000002
mem[X,0x0000000080013D08] -> 0x0513
mem[X,0x0000000080013D0A] -> 0x0010
[2308] [M]: 0x0000000080013D08 (0x00100513) addi a0, zero, 1
x10 <- 0x0000000000000001
mem[X,0x0000000080013D0C] -> 0x1513
mem[X,0x0000000080013D0E] -> 0x03C5
[2309] [M]: 0x0000000080013D0C (0x03C51513) slli a0, a0, 60
x10 <- 0x1000000000000000
mem[X,0x0000000080013D10] -> 0x4513
mem[X,0x0000000080013D12] -> 0xFFF5
[2310] [M]: 0x0000000080013D10 (0xFFF54513) xori a0, a0, 4095
x10 <- 0xEFFFFFFFFFFFFFFF
mem[X,0x0000000080013D14] -> 0x0593
mem[X,0x0000000080013D16] -> 0x0010
[2311] [M]: 0x0000000080013D14 (0x00100593) addi a1, zero, 1
x11 <- 0x0000000000000001
mem[X,0x0000000080013D18] -> 0x9593
mem[X,0x0000000080013D1A] -> 0x0215
[2312] [M]: 0x0000000080013D18 (0x02159593) slli a1, a1, 33
x11 <- 0x0000000200000000
mem[X,0x0000000080013D1C] -> 0xC593
mem[X,0x0000000080013D1E] -> 0xFFF5
[2313] [M]: 0x0000000080013D1C (0xFFF5C593) xori a1, a1, 4095
x11 <- 0xFFFFFFFDFFFFFFFF
mem[X,0x0000000080013D20] -> 0x0113
mem[X,0x0000000080013D22] -> 0x0000
[2314] [M]: 0x0000000080013D20 (0x00000113) addi sp, zero, 0
x2 <- 0x0000000000000000
mem[X,0x0000000080013D24] -> 0x006F
mem[X,0x0000000080013D26] -> 0x00C0
[2315] [M]: 0x0000000080013D24 (0x00C0006F) jal zero, 12
mem[X,0x0000000080013D30] -> 0x4063
mem[X,0x0000000080013D32] -> 0x02B5
[2316] [M]: 0x0000000080013D30 (0x02B54063) blt a0, a1, 32
mem[X,0x0000000080013D50] -> 0x0113
mem[X,0x0000000080013D52] -> 0x0031
[2317] [M]: 0x0000000080013D50 (0x00310113) addi sp, sp, 3
x2 <- 0x0000000000000003
mem[X,0x0000000080013D54] -> 0x006F
mem[X,0x0000000080013D56] -> 0x0040
[2318] [M]: 0x0000000080013D54 (0x0040006F) jal zero, 4
mem[X,0x0000000080013D58] -> 0xBC23
mem[X,0x0000000080013D5A] -> 0x5020
[2319] [M]: 0x0000000080013D58 (0x5020BC23) sd sp, 1304(ra)
mem[0x000000008004F6F0] <- 0x0000000000000003
mem[X,0x0000000080013D5C] -> 0x0513
mem[X,0x0000000080013D5E] -> 0x0010
[2320] [M]: 0x0000000080013D5C (0x00100513) addi a0, zero, 1
x10 <- 0x0000000000000001
mem[X,0x0000000080013D60] -> 0x1513
mem[X,0x0000000080013D62] -> 0x03E5
[2321] [M]: 0x0000000080013D60 (0x03E51513) slli a0, a0, 62
x10 <- 0x4000000000000000
mem[X,0x0000000080013D64] -> 0x4513
mem[X,0x0000000080013D66] -> 0xFFF5
[2322] [M]: 0x0000000080013D64 (0xFFF54513) xori a0, a0, 4095
x10 <- 0xBFFFFFFFFFFFFFFF
mem[X,0x0000000080013D68] -> 0x55B7
mem[X,0x0000000080013D6A] -> 0x5555
[2323] [M]: 0x0000000080013D68 (0x555555B7) lui a1, 349525
x11 <- 0x0000000055555000
mem[X,0x0000000080013D6C] -> 0x8593
mem[X,0x0000000080013D6E] -> 0x5555
[2324] [M]: 0x0000000080013D6C (0x55558593) addi a1, a1, 1365
x11 <- 0x0000000055555555
mem[X,0x0000000080013D70] -> 0x9593
mem[X,0x0000000080013D72] -> 0x00B5
[2325] [M]: 0x0000000080013D70 (0x00B59593) slli a1, a1, 11
x11 <- 0x000002AAAAAAA800
mem[X,0x0000000080013D74] -> 0x8593
mem[X,0x0000000080013D76] -> 0x2AA5
[2326] [M]: 0x0000000080013D74 (0x2AA58593) addi a1, a1, 682
x11 <- 0x000002AAAAAAAAAA
mem[X,0x0000000080013D78] -> 0x9593
mem[X,0x0000000080013D7A] -> 0x00B5
[2327] [M]: 0x0000000080013D78 (0x00B59593) slli a1, a1, 11
x11 <- 0x0015555555555000
mem[X,0x0000000080013D7C] -> 0x8593
mem[X,0x0000000080013D7E] -> 0x5555
[2328] [M]: 0x0000000080013D7C (0x55558593) addi a1, a1, 1365
x11 <- 0x0015555555555555
mem[X,0x0000000080013D80] -> 0x9593
mem[X,0x0000000080013D82] -> 0x00A5
[2329] [M]: 0x0000000080013D80 (0x00A59593) slli a1, a1, 10
x11 <- 0x5555555555555400
mem[X,0x0000000080013D84] -> 0x8593
mem[X,0x0000000080013D86] -> 0x1555
[2330] [M]: 0x0000000080013D84 (0x15558593) addi a1, a1, 341
x11 <- 0x5555555555555555
mem[X,0x0000000080013D88] -> 0x0113
mem[X,0x0000000080013D8A] -> 0x0000
[2331] [M]: 0x0000000080013D88 (0x00000113) addi sp, zero, 0
x2 <- 0x0000000000000000
mem[X,0x0000000080013D8C] -> 0x006F
mem[X,0x0000000080013D8E] -> 0x0180
[2332] [M]: 0x0000000080013D8C (0x0180006F) jal zero, 24
mem[X,0x0000000080013DA4] -> 0x46E3
mem[X,0x0000000080013DA6] -> 0xFEB5
[2333] [M]: 0x0000000080013DA4 (0xFEB546E3) blt a0, a1, 8172
mem[X,0x0000000080013D90] -> 0x0113
mem[X,0x0000000080013D92] -> 0x0011
[2334] [M]: 0x0000000080013D90 (0x00110113) addi sp, sp, 1
x2 <- 0x0000000000000001
mem[X,0x0000000080013D94] -> 0x006F
mem[X,0x0000000080013D96] -> 0x0240
[2335] [M]: 0x0000000080013D94 (0x0240006F) jal zero, 36
mem[X,0x0000000080013DB8] -> 0xB023
mem[X,0x0000000080013DBA] -> 0x5220
[2336] [M]: 0x0000000080013DB8 (0x5220B023) sd sp, 1312(ra)
mem[0x000000008004F6F8] <- 0x0000000000000001
mem[X,0x0000000080013DBC] -> 0x0513
mem[X,0x0000000080013DBE] -> 0xFFF0
[2337] [M]: 0x0000000080013DBC (0xFFF00513) addi a0, zero, 4095
x10 <- 0xFFFFFFFFFFFFFFFF
mem[X,0x0000000080013DC0] -> 0x5513
mem[X,0x0000000080013DC2] -> 0x0015
[2338] [M]: 0x0000000080013DC0 (0x00155513) srli a0, a0, 1
x10 <- 0x7FFFFFFFFFFFFFFF
mem[X,0x0000000080013DC4] -> 0x0593
mem[X,0x0000000080013DC6] -> 0x0050
[2339] [M]: 0x0000000080013DC4 (0x00500593) addi a1, zero, 5
x11 <- 0x0000000000000005
mem[X,0x0000000080013DC8] -> 0x0113
mem[X,0x0000000080013DCA] -> 0x0000
[2340] [M]: 0x0000000080013DC8 (0x00000113) addi sp, zero, 0
x2 <- 0x0000000000000000
mem[X,0x0000000080013DCC] -> 0x006F
mem[X,0x0000000080013DCE] -> 0x00C0
[2341] [M]: 0x0000000080013DCC (0x00C0006F) jal zero, 12
mem[X,0x0000000080013DD8] -> 0x4663
mem[X,0x0000000080013DDA] -> 0x00B5
[2342] [M]: 0x0000000080013DD8 (0x00B54663) blt a0, a1, 12
mem[X,0x0000000080013DDC] -> 0x0113
mem[X,0x0000000080013DDE] -> 0x0021
[2343] [M]: 0x0000000080013DDC (0x00210113) addi sp, sp, 2
x2 <- 0x0000000000000002
mem[X,0x0000000080013DE0] -> 0x006F
mem[X,0x0000000080013DE2] -> 0x00C0
[2344] [M]: 0x0000000080013DE0 (0x00C0006F) jal zero, 12
mem[X,0x0000000080013DEC] -> 0xB423
mem[X,0x0000000080013DEE] -> 0x5220
[2345] [M]: 0x0000000080013DEC (0x5220B423) sd sp, 1320(ra)
mem[0x000000008004F700] <- 0x0000000000000002
mem[X,0x0000000080013DF0] -> 0x0513
mem[X,0x0000000080013DF2] -> 0x0030
[2346] [M]: 0x0000000080013DF0 (0x00300513) addi a0, zero, 3
x10 <- 0x0000000000000003
mem[X,0x0000000080013DF4] -> 0x0593
mem[X,0x0000000080013DF6] -> 0x0030
[2347] [M]: 0x0000000080013DF4 (0x00300593) addi a1, zero, 3
x11 <- 0x0000000000000003
mem[X,0x0000000080013DF8] -> 0x0113
mem[X,0x0000000080013DFA] -> 0x0000
[2348] [M]: 0x0000000080013DF8 (0x00000113) addi sp, zero, 0
x2 <- 0x0000000000000000
mem[X,0x0000000080013DFC] -> 0x006F
mem[X,0x0000000080013DFE] -> 0x00C0
[2349] [M]: 0x0000000080013DFC (0x00C0006F) jal zero, 12
mem[X,0x0000000080013E08] -> 0x4CE3
mem[X,0x0000000080013E0A] -> 0xFEB5
[2350] [M]: 0x0000000080013E08 (0xFEB54CE3) blt a0, a1, 8184
mem[X,0x0000000080013E0C] -> 0x0113
mem[X,0x0000000080013E0E] -> 0x0021
[2351] [M]: 0x0000000080013E0C (0x00210113) addi sp, sp, 2
x2 <- 0x0000000000000002
mem[X,0x0000000080013E10] -> 0x006F
mem[X,0x0000000080013E12] -> 0x00C0
[2352] [M]: 0x0000000080013E10 (0x00C0006F) jal zero, 12
mem[X,0x0000000080013E1C] -> 0xB823
mem[X,0x0000000080013E1E] -> 0x5220
[2353] [M]: 0x0000000080013E1C (0x5220B823) sd sp, 1328(ra)
mem[0x000000008004F708] <- 0x0000000000000002
mem[X,0x0000000080013E20] -> 0x0513
mem[X,0x0000000080013E22] -> 0x0030
[2354] [M]: 0x0000000080013E20 (0x00300513) addi a0, zero, 3
x10 <- 0x0000000000000003
mem[X,0x0000000080013E24] -> 0x55B7
mem[X,0x0000000080013E26] -> 0x5555
[2355] [M]: 0x0000000080013E24 (0x555555B7) lui a1, 349525
x11 <- 0x0000000055555000
mem[X,0x0000000080013E28] -> 0x8593
mem[X,0x0000000080013E2A] -> 0x5555
[2356] [M]: 0x0000000080013E28 (0x55558593) addi a1, a1, 1365
x11 <- 0x0000000055555555
mem[X,0x0000000080013E2C] -> 0x9593
mem[X,0x0000000080013E2E] -> 0x00B5
[2357] [M]: 0x0000000080013E2C (0x00B59593) slli a1, a1, 11
x11 <- 0x000002AAAAAAA800
mem[X,0x0000000080013E30] -> 0x8593
mem[X,0x0000000080013E32] -> 0x2AA5
[2358] [M]: 0x0000000080013E30 (0x2AA58593) addi a1, a1, 682
x11 <- 0x000002AAAAAAAAAA
mem[X,0x0000000080013E34] -> 0x9593
mem[X,0x0000000080013E36] -> 0x00B5
[2359] [M]: 0x0000000080013E34 (0x00B59593) slli a1, a1, 11
x11 <- 0x0015555555555000
mem[X,0x0000000080013E38] -> 0x8593
mem[X,0x0000000080013E3A] -> 0x5555
[2360] [M]: 0x0000000080013E38 (0x55558593) addi a1, a1, 1365
x11 <- 0x0015555555555555
mem[X,0x0000000080013E3C] -> 0x9593
mem[X,0x0000000080013E3E] -> 0x00A5
[2361] [M]: 0x0000000080013E3C (0x00A59593) slli a1, a1, 10
x11 <- 0x5555555555555400
mem[X,0x0000000080013E40] -> 0x8593
mem[X,0x0000000080013E42] -> 0x1555
[2362] [M]: 0x0000000080013E40 (0x15558593) addi a1, a1, 341
x11 <- 0x5555555555555555
mem[X,0x0000000080013E44] -> 0x0113
mem[X,0x0000000080013E46] -> 0x0000
[2363] [M]: 0x0000000080013E44 (0x00000113) addi sp, zero, 0
x2 <- 0x0000000000000000
mem[X,0x0000000080013E48] -> 0x006F
mem[X,0x0000000080013E4A] -> 0x00C0
[2364] [M]: 0x0000000080013E48 (0x00C0006F) jal zero, 12
mem[X,0x0000000080013E54] -> 0x4663
mem[X,0x0000000080013E56] -> 0x00B5
[2365] [M]: 0x0000000080013E54 (0x00B54663) blt a0, a1, 12
mem[X,0x0000000080013E60] -> 0x0113
mem[X,0x0000000080013E62] -> 0x0031
[2366] [M]: 0x0000000080013E60 (0x00310113) addi sp, sp, 3
x2 <- 0x0000000000000003
mem[X,0x0000000080013E64] -> 0x006F
mem[X,0x0000000080013E66] -> 0x0040
[2367] [M]: 0x0000000080013E64 (0x0040006F) jal zero, 4
mem[X,0x0000000080013E68] -> 0xBC23
mem[X,0x0000000080013E6A] -> 0x5220
[2368] [M]: 0x0000000080013E68 (0x5220BC23) sd sp, 1336(ra)
mem[0x000000008004F710] <- 0x0000000000000003
mem[X,0x0000000080013E6C] -> 0x0513
mem[X,0x0000000080013E6E] -> 0x0030
[2369] [M]: 0x0000000080013E6C (0x00300513) addi a0, zero, 3
x10 <- 0x0000000000000003
mem[X,0x0000000080013E70] -> 0xB5B7
mem[X,0x0000000080013E72] -> 0xAAAA
[2370] [M]: 0x0000000080013E70 (0xAAAAB5B7) lui a1, 699051
x11 <- 0xFFFFFFFFAAAAB000
mem[X,0x0000000080013E74] -> 0x8593
mem[X,0x0000000080013E76] -> 0xAAA5
[2371] [M]: 0x0000000080013E74 (0xAAA58593) addi a1, a1, 2730
x11 <- 0xFFFFFFFFAAAAAAAA
mem[X,0x0000000080013E78] -> 0x9593
mem[X,0x0000000080013E7A] -> 0x00B5
[2372] [M]: 0x0000000080013E78 (0x00B59593) slli a1, a1, 11
x11 <- 0xFFFFFD5555555000
mem[X,0x0000000080013E7C] -> 0x8593
mem[X,0x0000000080013E7E] -> 0x5555
[2373] [M]: 0x0000000080013E7C (0x55558593) addi a1, a1, 1365
x11 <- 0xFFFFFD5555555555
mem[X,0x0000000080013E80] -> 0x9593
mem[X,0x0000000080013E82] -> 0x00B5
[2374] [M]: 0x0000000080013E80 (0x00B59593) slli a1, a1, 11
x11 <- 0xFFEAAAAAAAAAA800
mem[X,0x0000000080013E84] -> 0x8593
mem[X,0x0000000080013E86] -> 0x2AA5
[2375] [M]: 0x0000000080013E84 (0x2AA58593) addi a1, a1, 682
x11 <- 0xFFEAAAAAAAAAAAAA
mem[X,0x0000000080013E88] -> 0x9593
mem[X,0x0000000080013E8A] -> 0x00A5
[2376] [M]: 0x0000000080013E88 (0x00A59593) slli a1, a1, 10
x11 <- 0xAAAAAAAAAAAAA800
mem[X,0x0000000080013E8C] -> 0x8593
mem[X,0x0000000080013E8E] -> 0x2AA5
[2377] [M]: 0x0000000080013E8C (0x2AA58593) addi a1, a1, 682
x11 <- 0xAAAAAAAAAAAAAAAA
mem[X,0x0000000080013E90] -> 0x0113
mem[X,0x0000000080013E92] -> 0x0000
[2378] [M]: 0x0000000080013E90 (0x00000113) addi sp, zero, 0
x2 <- 0x0000000000000000
mem[X,0x0000000080013E94] -> 0x006F
mem[X,0x0000000080013E96] -> 0x00C0
[2379] [M]: 0x0000000080013E94 (0x00C0006F) jal zero, 12
mem[X,0x0000000080013EA0] -> 0x4CE3
mem[X,0x0000000080013EA2] -> 0xFEB5
[2380] [M]: 0x0000000080013EA0 (0xFEB54CE3) blt a0, a1, 8184
mem[X,0x0000000080013EA4] -> 0x0113
mem[X,0x0000000080013EA6] -> 0x0021
[2381] [M]: 0x0000000080013EA4 (0x00210113) addi sp, sp, 2
x2 <- 0x0000000000000002
mem[X,0x0000000080013EA8] -> 0x006F
mem[X,0x0000000080013EAA] -> 0x00C0
[2382] [M]: 0x0000000080013EA8 (0x00C0006F) jal zero, 12
mem[X,0x0000000080013EB4] -> 0xB023
mem[X,0x0000000080013EB6] -> 0x5420
[2383] [M]: 0x0000000080013EB4 (0x5420B023) sd sp, 1344(ra)
mem[0x000000008004F718] <- 0x0000000000000002
mem[X,0x0000000080013EB8] -> 0x0513
mem[X,0x0000000080013EBA] -> 0x0030
[2384] [M]: 0x0000000080013EB8 (0x00300513) addi a0, zero, 3
x10 <- 0x0000000000000003
mem[X,0x0000000080013EBC] -> 0x0593
mem[X,0x0000000080013EBE] -> 0x0050
[2385] [M]: 0x0000000080013EBC (0x00500593) addi a1, zero, 5
x11 <- 0x0000000000000005
mem[X,0x0000000080013EC0] -> 0x0113
mem[X,0x0000000080013EC2] -> 0x0000
[2386] [M]: 0x0000000080013EC0 (0x00000113) addi sp, zero, 0
x2 <- 0x0000000000000000
mem[X,0x0000000080013EC4] -> 0x006F
mem[X,0x0000000080013EC6] -> 0x00C0
[2387] [M]: 0x0000000080013EC4 (0x00C0006F) jal zero, 12
mem[X,0x0000000080013ED0] -> 0x4063
mem[X,0x0000000080013ED2] -> 0x08B5
[2388] [M]: 0x0000000080013ED0 (0x08B54063) blt a0, a1, 128
mem[X,0x0000000080013F50] -> 0x0113
mem[X,0x0000000080013F52] -> 0x0031
[2389] [M]: 0x0000000080013F50 (0x00310113) addi sp, sp, 3
x2 <- 0x0000000000000003
mem[X,0x0000000080013F54] -> 0x006F
mem[X,0x0000000080013F56] -> 0x0040
[2390] [M]: 0x0000000080013F54 (0x0040006F) jal zero, 4
mem[X,0x0000000080013F58] -> 0xB423
mem[X,0x0000000080013F5A] -> 0x5420
[2391] [M]: 0x0000000080013F58 (0x5420B423) sd sp, 1352(ra)
mem[0x000000008004F720] <- 0x0000000000000003
mem[X,0x0000000080013F5C] -> 0x0513
mem[X,0x0000000080013F5E] -> 0x0030
[2392] [M]: 0x0000000080013F5C (0x00300513) addi a0, zero, 3
x10 <- 0x0000000000000003
mem[X,0x0000000080013F60] -> 0x35B7
mem[X,0x0000000080013F62] -> 0x3333
[2393] [M]: 0x0000000080013F60 (0x333335B7) lui a1, 209715
x11 <- 0x0000000033333000
mem[X,0x0000000080013F64] -> 0x8593
mem[X,0x0000000080013F66] -> 0x3335
[2394] [M]: 0x0000000080013F64 (0x33358593) addi a1, a1, 819
x11 <- 0x0000000033333333
mem[X,0x0000000080013F68] -> 0x9593
mem[X,0x0000000080013F6A] -> 0x00B5
[2395] [M]: 0x0000000080013F68 (0x00B59593) slli a1, a1, 11
x11 <- 0x0000019999999800
mem[X,0x0000000080013F6C] -> 0x8593
mem[X,0x0000000080013F6E] -> 0x1995
[2396] [M]: 0x0000000080013F6C (0x19958593) addi a1, a1, 409
x11 <- 0x0000019999999999
mem[X,0x0000000080013F70] -> 0x9593
mem[X,0x0000000080013F72] -> 0x00B5
[2397] [M]: 0x0000000080013F70 (0x00B59593) slli a1, a1, 11
x11 <- 0x000CCCCCCCCCC800
mem[X,0x0000000080013F74] -> 0x8593
mem[X,0x0000000080013F76] -> 0x4CC5
[2398] [M]: 0x0000000080013F74 (0x4CC58593) addi a1, a1, 1228
x11 <- 0x000CCCCCCCCCCCCC
mem[X,0x0000000080013F78] -> 0x9593
mem[X,0x0000000080013F7A] -> 0x00A5
[2399] [M]: 0x0000000080013F78 (0x00A59593) slli a1, a1, 10
x11 <- 0x3333333333333000
clint::tick mtime <- 0x0000000000000018
 clint timer pending at mtime 0x0000000000000018
htif::tick 0x0000000000000000
mem[X,0x0000000080013F7C] -> 0x8593
mem[X,0x0000000080013F7E] -> 0x3335
[2400] [M]: 0x0000000080013F7C (0x33358593) addi a1, a1, 819
x11 <- 0x3333333333333333
mem[X,0x0000000080013F80] -> 0x0113
mem[X,0x0000000080013F82] -> 0x0000
[2401] [M]: 0x0000000080013F80 (0x00000113) addi sp, zero, 0
x2 <- 0x0000000000000000
mem[X,0x0000000080013F84] -> 0x006F
mem[X,0x0000000080013F86] -> 0x00C0
[2402] [M]: 0x0000000080013F84 (0x00C0006F) jal zero, 12
mem[X,0x0000000080013F90] -> 0x4063
mem[X,0x0000000080013F92] -> 0x40B5
[2403] [M]: 0x0000000080013F90 (0x40B54063) blt a0, a1, 1024
mem[X,0x0000000080014390] -> 0x0113
mem[X,0x0000000080014392] -> 0x0031
[2404] [M]: 0x0000000080014390 (0x00310113) addi sp, sp, 3
x2 <- 0x0000000000000003
mem[X,0x0000000080014394] -> 0x006F
mem[X,0x0000000080014396] -> 0x0040
[2405] [M]: 0x0000000080014394 (0x0040006F) jal zero, 4
mem[X,0x0000000080014398] -> 0xB823
mem[X,0x000000008001439A] -> 0x5420
[2406] [M]: 0x0000000080014398 (0x5420B823) sd sp, 1360(ra)
mem[0x000000008004F728] <- 0x0000000000000003
mem[X,0x000000008001439C] -> 0x0513
mem[X,0x000000008001439E] -> 0x0030
[2407] [M]: 0x000000008001439C (0x00300513) addi a0, zero, 3
x10 <- 0x0000000000000003
mem[X,0x00000000800143A0] -> 0x65B7
mem[X,0x00000000800143A2] -> 0x6666
[2408] [M]: 0x00000000800143A0 (0x666665B7) lui a1, 419430
x11 <- 0x0000000066666000
mem[X,0x00000000800143A4] -> 0x8593
mem[X,0x00000000800143A6] -> 0x6665
[2409] [M]: 0x00000000800143A4 (0x66658593) addi a1, a1, 1638
x11 <- 0x0000000066666666
mem[X,0x00000000800143A8] -> 0x9593
mem[X,0x00000000800143AA] -> 0x00B5
[2410] [M]: 0x00000000800143A8 (0x00B59593) slli a1, a1, 11
x11 <- 0x0000033333333000
mem[X,0x00000000800143AC] -> 0x8593
mem[X,0x00000000800143AE] -> 0x3335
[2411] [M]: 0x00000000800143AC (0x33358593) addi a1, a1, 819
x11 <- 0x0000033333333333
mem[X,0x00000000800143B0] -> 0x9593
mem[X,0x00000000800143B2] -> 0x00B5
[2412] [M]: 0x00000000800143B0 (0x00B59593) slli a1, a1, 11
x11 <- 0x0019999999999800
mem[X,0x00000000800143B4] -> 0x8593
mem[X,0x00000000800143B6] -> 0x1995
[2413] [M]: 0x00000000800143B4 (0x19958593) addi a1, a1, 409
x11 <- 0x0019999999999999
mem[X,0x00000000800143B8] -> 0x9593
mem[X,0x00000000800143BA] -> 0x00A5
[2414] [M]: 0x00000000800143B8 (0x00A59593) slli a1, a1, 10
x11 <- 0x6666666666666400
mem[X,0x00000000800143BC] -> 0x8593
mem[X,0x00000000800143BE] -> 0x2665
[2415] [M]: 0x00000000800143BC (0x26658593) addi a1, a1, 614
x11 <- 0x6666666666666666
mem[X,0x00000000800143C0] -> 0x0113
mem[X,0x00000000800143C2] -> 0x0000
[2416] [M]: 0x00000000800143C0 (0x00000113) addi sp, zero, 0
x2 <- 0x0000000000000000
mem[X,0x00000000800143C4] -> 0x006F
mem[X,0x00000000800143C6] -> 0x00C0
[2417] [M]: 0x00000000800143C4 (0x00C0006F) jal zero, 12
mem[X,0x00000000800143D0] -> 0x4663
mem[X,0x00000000800143D2] -> 0x00B5
[2418] [M]: 0x00000000800143D0 (0x00B54663) blt a0, a1, 12
mem[X,0x00000000800143DC] -> 0x0113
mem[X,0x00000000800143DE] -> 0x0031
[2419] [M]: 0x00000000800143DC (0x00310113) addi sp, sp, 3
x2 <- 0x0000000000000003
mem[X,0x00000000800143E0] -> 0x006F
mem[X,0x00000000800143E2] -> 0x0040
[2420] [M]: 0x00000000800143E0 (0x0040006F) jal zero, 4
mem[X,0x00000000800143E4] -> 0xBC23
mem[X,0x00000000800143E6] -> 0x5420
[2421] [M]: 0x00000000800143E4 (0x5420BC23) sd sp, 1368(ra)
mem[0x000000008004F730] <- 0x0000000000000003
mem[X,0x00000000800143E8] -> 0x0513
mem[X,0x00000000800143EA] -> 0x0030
[2422] [M]: 0x00000000800143E8 (0x00300513) addi a0, zero, 3
x10 <- 0x0000000000000003
mem[X,0x00000000800143EC] -> 0x05B7
mem[X,0x00000000800143EE] -> 0x0000
[2423] [M]: 0x00000000800143EC (0x000005B7) lui a1, 0
x11 <- 0x0000000000000000
mem[X,0x00000000800143F0] -> 0x8593
mem[X,0x00000000800143F2] -> 0xFFF5
[2424] [M]: 0x00000000800143F0 (0xFFF58593) addi a1, a1, 4095
x11 <- 0xFFFFFFFFFFFFFFFF
mem[X,0x00000000800143F4] -> 0x9593
mem[X,0x00000000800143F6] -> 0x00B5
[2425] [M]: 0x00000000800143F4 (0x00B59593) slli a1, a1, 11
x11 <- 0xFFFFFFFFFFFFF800
mem[X,0x00000000800143F8] -> 0x8593
mem[X,0x00000000800143FA] -> 0x2575
[2426] [M]: 0x00000000800143F8 (0x25758593) addi a1, a1, 599
x11 <- 0xFFFFFFFFFFFFFA57
mem[X,0x00000000800143FC] -> 0x9593
mem[X,0x00000000800143FE] -> 0x00B5
[2427] [M]: 0x00000000800143FC (0x00B59593) slli a1, a1, 11
x11 <- 0xFFFFFFFFFFD2B800
mem[X,0x0000000080014400] -> 0x8593
mem[X,0x0000000080014402] -> 0x6C35
[2428] [M]: 0x0000000080014400 (0x6C358593) addi a1, a1, 1731
x11 <- 0xFFFFFFFFFFD2BEC3
mem[X,0x0000000080014404] -> 0x9593
mem[X,0x0000000080014406] -> 0x00A5
[2429] [M]: 0x0000000080014404 (0x00A59593) slli a1, a1, 10
x11 <- 0xFFFFFFFF4AFB0C00
mem[X,0x0000000080014408] -> 0x8593
mem[X,0x000000008001440A] -> 0x0CD5
[2430] [M]: 0x0000000080014408 (0x0CD58593) addi a1, a1, 205
x11 <- 0xFFFFFFFF4AFB0CCD
mem[X,0x000000008001440C] -> 0x0113
mem[X,0x000000008001440E] -> 0x0000
[2431] [M]: 0x000000008001440C (0x00000113) addi sp, zero, 0
x2 <- 0x0000000000000000
mem[X,0x0000000080014410] -> 0x006F
mem[X,0x0000000080014412] -> 0x00C0
[2432] [M]: 0x0000000080014410 (0x00C0006F) jal zero, 12
mem[X,0x000000008001441C] -> 0x4663
mem[X,0x000000008001441E] -> 0x00B5
[2433] [M]: 0x000000008001441C (0x00B54663) blt a0, a1, 12
mem[X,0x0000000080014420] -> 0x0113
mem[X,0x0000000080014422] -> 0x0021
[2434] [M]: 0x0000000080014420 (0x00210113) addi sp, sp, 2
x2 <- 0x0000000000000002
mem[X,0x0000000080014424] -> 0x006F
mem[X,0x0000000080014426] -> 0x00C0
[2435] [M]: 0x0000000080014424 (0x00C0006F) jal zero, 12
mem[X,0x0000000080014430] -> 0xB023
mem[X,0x0000000080014432] -> 0x5620
[2436] [M]: 0x0000000080014430 (0x5620B023) sd sp, 1376(ra)
mem[0x000000008004F738] <- 0x0000000000000002
mem[X,0x0000000080014434] -> 0x0513
mem[X,0x0000000080014436] -> 0x0030
[2437] [M]: 0x0000000080014434 (0x00300513) addi a0, zero, 3
x10 <- 0x0000000000000003
mem[X,0x0000000080014438] -> 0x05B7
mem[X,0x000000008001443A] -> 0x0000
[2438] [M]: 0x0000000080014438 (0x000005B7) lui a1, 0
x11 <- 0x0000000000000000
mem[X,0x000000008001443C] -> 0x8593
mem[X,0x000000008001443E] -> 0x0005
[2439] [M]: 0x000000008001443C (0x00058593) addi a1, a1, 0
x11 <- 0x0000000000000000
mem[X,0x0000000080014440] -> 0x9593
mem[X,0x0000000080014442] -> 0x00B5
[2440] [M]: 0x0000000080014440 (0x00B59593) slli a1, a1, 11
x11 <- 0x0000000000000000
mem[X,0x0000000080014444] -> 0x8593
mem[X,0x0000000080014446] -> 0x5A85
[2441] [M]: 0x0000000080014444 (0x5A858593) addi a1, a1, 1448
x11 <- 0x00000000000005A8
mem[X,0x0000000080014448] -> 0x9593
mem[X,0x000000008001444A] -> 0x00B5
[2442] [M]: 0x0000000080014448 (0x00B59593) slli a1, a1, 11
x11 <- 0x00000000002D4000
mem[X,0x000000008001444C] -> 0x8593
mem[X,0x000000008001444E] -> 0x13C5
[2443] [M]: 0x000000008001444C (0x13C58593) addi a1, a1, 316
x11 <- 0x00000000002D413C
mem[X,0x0000000080014450] -> 0x9593
mem[X,0x0000000080014452] -> 0x00A5
[2444] [M]: 0x0000000080014450 (0x00A59593) slli a1, a1, 10
x11 <- 0x00000000B504F000
mem[X,0x0000000080014454] -> 0x8593
mem[X,0x0000000080014456] -> 0x3335
[2445] [M]: 0x0000000080014454 (0x33358593) addi a1, a1, 819
x11 <- 0x00000000B504F333
mem[X,0x0000000080014458] -> 0x0113
mem[X,0x000000008001445A] -> 0x0000
[2446] [M]: 0x0000000080014458 (0x00000113) addi sp, zero, 0
x2 <- 0x0000000000000000
mem[X,0x000000008001445C] -> 0x006F
mem[X,0x000000008001445E] -> 0x00C0
[2447] [M]: 0x000000008001445C (0x00C0006F) jal zero, 12
mem[X,0x0000000080014468] -> 0x4663
mem[X,0x000000008001446A] -> 0x00B5
[2448] [M]: 0x0000000080014468 (0x00B54663) blt a0, a1, 12
mem[X,0x0000000080014474] -> 0x0113
mem[X,0x0000000080014476] -> 0x0031
[2449] [M]: 0x0000000080014474 (0x00310113) addi sp, sp, 3
x2 <- 0x0000000000000003
mem[X,0x0000000080014478] -> 0x006F
mem[X,0x000000008001447A] -> 0x0040
[2450] [M]: 0x0000000080014478 (0x0040006F) jal zero, 4
mem[X,0x000000008001447C] -> 0xB423
mem[X,0x000000008001447E] -> 0x5620
[2451] [M]: 0x000000008001447C (0x5620B423) sd sp, 1384(ra)
mem[0x000000008004F740] <- 0x0000000000000003
mem[X,0x0000000080014480] -> 0x0513
mem[X,0x0000000080014482] -> 0x0030
[2452] [M]: 0x0000000080014480 (0x00300513) addi a0, zero, 3
x10 <- 0x0000000000000003
mem[X,0x0000000080014484] -> 0x0593
mem[X,0x0000000080014486] -> 0x0020
[2453] [M]: 0x0000000080014484 (0x00200593) addi a1, zero, 2
x11 <- 0x0000000000000002
mem[X,0x0000000080014488] -> 0x0113
mem[X,0x000000008001448A] -> 0x0000
[2454] [M]: 0x0000000080014488 (0x00000113) addi sp, zero, 0
x2 <- 0x0000000000000000
mem[X,0x000000008001448C] -> 0x006F
mem[X,0x000000008001448E] -> 0x00C0
[2455] [M]: 0x000000008001448C (0x00C0006F) jal zero, 12
mem[X,0x0000000080014498] -> 0x4063
mem[X,0x000000008001449A] -> 0x20B5
[2456] [M]: 0x0000000080014498 (0x20B54063) blt a0, a1, 512
mem[X,0x000000008001449C] -> 0x0113
mem[X,0x000000008001449E] -> 0x0021
[2457] [M]: 0x000000008001449C (0x00210113) addi sp, sp, 2
x2 <- 0x0000000000000002
mem[X,0x00000000800144A0] -> 0x006F
mem[X,0x00000000800144A2] -> 0x2000
[2458] [M]: 0x00000000800144A0 (0x2000006F) jal zero, 512
mem[X,0x00000000800146A0] -> 0xB823
mem[X,0x00000000800146A2] -> 0x5620
[2459] [M]: 0x00000000800146A0 (0x5620B823) sd sp, 1392(ra)
mem[0x000000008004F748] <- 0x0000000000000002
mem[X,0x00000000800146A4] -> 0x0513
mem[X,0x00000000800146A6] -> 0x0030
[2460] [M]: 0x00000000800146A4 (0x00300513) addi a0, zero, 3
x10 <- 0x0000000000000003
mem[X,0x00000000800146A8] -> 0x55B7
mem[X,0x00000000800146AA] -> 0x5555
[2461] [M]: 0x00000000800146A8 (0x555555B7) lui a1, 349525
x11 <- 0x0000000055555000
mem[X,0x00000000800146AC] -> 0x8593
mem[X,0x00000000800146AE] -> 0x5555
[2462] [M]: 0x00000000800146AC (0x55558593) addi a1, a1, 1365
x11 <- 0x0000000055555555
mem[X,0x00000000800146B0] -> 0x9593
mem[X,0x00000000800146B2] -> 0x00B5
[2463] [M]: 0x00000000800146B0 (0x00B59593) slli a1, a1, 11
x11 <- 0x000002AAAAAAA800
mem[X,0x00000000800146B4] -> 0x8593
mem[X,0x00000000800146B6] -> 0x2AA5
[2464] [M]: 0x00000000800146B4 (0x2AA58593) addi a1, a1, 682
x11 <- 0x000002AAAAAAAAAA
mem[X,0x00000000800146B8] -> 0x9593
mem[X,0x00000000800146BA] -> 0x00B5
[2465] [M]: 0x00000000800146B8 (0x00B59593) slli a1, a1, 11
x11 <- 0x0015555555555000
mem[X,0x00000000800146BC] -> 0x8593
mem[X,0x00000000800146BE] -> 0x5555
[2466] [M]: 0x00000000800146BC (0x55558593) addi a1, a1, 1365
x11 <- 0x0015555555555555
mem[X,0x00000000800146C0] -> 0x9593
mem[X,0x00000000800146C2] -> 0x00A5
[2467] [M]: 0x00000000800146C0 (0x00A59593) slli a1, a1, 10
x11 <- 0x5555555555555400
mem[X,0x00000000800146C4] -> 0x8593
mem[X,0x00000000800146C6] -> 0x1545
[2468] [M]: 0x00000000800146C4 (0x15458593) addi a1, a1, 340
x11 <- 0x5555555555555554
mem[X,0x00000000800146C8] -> 0x0113
mem[X,0x00000000800146CA] -> 0x0000
[2469] [M]: 0x00000000800146C8 (0x00000113) addi sp, zero, 0
x2 <- 0x0000000000000000
mem[X,0x00000000800146CC] -> 0x006F
mem[X,0x00000000800146CE] -> 0x00C0
[2470] [M]: 0x00000000800146CC (0x00C0006F) jal zero, 12
mem[X,0x00000000800146D8] -> 0x4CE3
mem[X,0x00000000800146DA] -> 0xFEB5
[2471] [M]: 0x00000000800146D8 (0xFEB54CE3) blt a0, a1, 8184
mem[X,0x00000000800146D0] -> 0x0113
mem[X,0x00000000800146D2] -> 0x0011
[2472] [M]: 0x00000000800146D0 (0x00110113) addi sp, sp, 1
x2 <- 0x0000000000000001
mem[X,0x00000000800146D4] -> 0x006F
mem[X,0x00000000800146D6] -> 0x0180
[2473] [M]: 0x00000000800146D4 (0x0180006F) jal zero, 24
mem[X,0x00000000800146EC] -> 0xBC23
mem[X,0x00000000800146EE] -> 0x5620
[2474] [M]: 0x00000000800146EC (0x5620BC23) sd sp, 1400(ra)
mem[0x000000008004F750] <- 0x0000000000000001
mem[X,0x00000000800146F0] -> 0x0513
mem[X,0x00000000800146F2] -> 0x0030
[2475] [M]: 0x00000000800146F0 (0x00300513) addi a0, zero, 3
x10 <- 0x0000000000000003
mem[X,0x00000000800146F4] -> 0x0593
mem[X,0x00000000800146F6] -> 0x0000
[2476] [M]: 0x00000000800146F4 (0x00000593) addi a1, zero, 0
x11 <- 0x0000000000000000
mem[X,0x00000000800146F8] -> 0x0113
mem[X,0x00000000800146FA] -> 0x0000
[2477] [M]: 0x00000000800146F8 (0x00000113) addi sp, zero, 0
x2 <- 0x0000000000000000
mem[X,0x00000000800146FC] -> 0x006F
mem[X,0x00000000800146FE] -> 0x0050
[2478] [M]: 0x00000000800146FC (0x0050006F) jal zero, 2052
mem[X,0x0000000080014F00] -> 0x40E3
mem[X,0x0000000080014F02] -> 0x80B5
[2479] [M]: 0x0000000080014F00 (0x80B540E3) blt a0, a1, 6144
mem[X,0x0000000080014F04] -> 0x0113
mem[X,0x0000000080014F06] -> 0x0021
[2480] [M]: 0x0000000080014F04 (0x00210113) addi sp, sp, 2
x2 <- 0x0000000000000002
mem[X,0x0000000080014F08] -> 0x006F
mem[X,0x0000000080014F0A] -> 0x00C0
[2481] [M]: 0x0000000080014F08 (0x00C0006F) jal zero, 12
mem[X,0x0000000080014F14] -> 0xB023
mem[X,0x0000000080014F16] -> 0x5820
[2482] [M]: 0x0000000080014F14 (0x5820B023) sd sp, 1408(ra)
mem[0x000000008004F758] <- 0x0000000000000002
mem[X,0x0000000080014F18] -> 0x0513
mem[X,0x0000000080014F1A] -> 0x0030
[2483] [M]: 0x0000000080014F18 (0x00300513) addi a0, zero, 3
x10 <- 0x0000000000000003
mem[X,0x0000000080014F1C] -> 0x0593
mem[X,0x0000000080014F1E] -> 0x0040
[2484] [M]: 0x0000000080014F1C (0x00400593) addi a1, zero, 4
x11 <- 0x0000000000000004
mem[X,0x0000000080014F20] -> 0x0113
mem[X,0x0000000080014F22] -> 0x0000
[2485] [M]: 0x0000000080014F20 (0x00000113) addi sp, zero, 0
x2 <- 0x0000000000000000
mem[X,0x0000000080014F24] -> 0x006F
mem[X,0x0000000080014F26] -> 0x0140
[2486] [M]: 0x0000000080014F24 (0x0140006F) jal zero, 20
mem[X,0x0000000080014F38] -> 0x48E3
mem[X,0x0000000080014F3A] -> 0xFEB5
[2487] [M]: 0x0000000080014F38 (0xFEB548E3) blt a0, a1, 8176
mem[X,0x0000000080014F28] -> 0x0113
mem[X,0x0000000080014F2A] -> 0x0011
[2488] [M]: 0x0000000080014F28 (0x00110113) addi sp, sp, 1
x2 <- 0x0000000000000001
mem[X,0x0000000080014F2C] -> 0x006F
mem[X,0x0000000080014F2E] -> 0x0200
[2489] [M]: 0x0000000080014F2C (0x0200006F) jal zero, 32
mem[X,0x0000000080014F4C] -> 0xB423
mem[X,0x0000000080014F4E] -> 0x5820
[2490] [M]: 0x0000000080014F4C (0x5820B423) sd sp, 1416(ra)
mem[0x000000008004F760] <- 0x0000000000000001
mem[X,0x0000000080014F50] -> 0x0513
mem[X,0x0000000080014F52] -> 0x0030
[2491] [M]: 0x0000000080014F50 (0x00300513) addi a0, zero, 3
x10 <- 0x0000000000000003
mem[X,0x0000000080014F54] -> 0x35B7
mem[X,0x0000000080014F56] -> 0x3333
[2492] [M]: 0x0000000080014F54 (0x333335B7) lui a1, 209715
x11 <- 0x0000000033333000
mem[X,0x0000000080014F58] -> 0x8593
mem[X,0x0000000080014F5A] -> 0x3335
[2493] [M]: 0x0000000080014F58 (0x33358593) addi a1, a1, 819
x11 <- 0x0000000033333333
mem[X,0x0000000080014F5C] -> 0x9593
mem[X,0x0000000080014F5E] -> 0x00B5
[2494] [M]: 0x0000000080014F5C (0x00B59593) slli a1, a1, 11
x11 <- 0x0000019999999800
mem[X,0x0000000080014F60] -> 0x8593
mem[X,0x0000000080014F62] -> 0x1995
[2495] [M]: 0x0000000080014F60 (0x19958593) addi a1, a1, 409
x11 <- 0x0000019999999999
mem[X,0x0000000080014F64] -> 0x9593
mem[X,0x0000000080014F66] -> 0x00B5
[2496] [M]: 0x0000000080014F64 (0x00B59593) slli a1, a1, 11
x11 <- 0x000CCCCCCCCCC800
mem[X,0x0000000080014F68] -> 0x8593
mem[X,0x0000000080014F6A] -> 0x4CC5
[2497] [M]: 0x0000000080014F68 (0x4CC58593) addi a1, a1, 1228
x11 <- 0x000CCCCCCCCCCCCC
mem[X,0x0000000080014F6C] -> 0x9593
mem[X,0x0000000080014F6E] -> 0x00A5
[2498] [M]: 0x0000000080014F6C (0x00A59593) slli a1, a1, 10
x11 <- 0x3333333333333000
mem[X,0x0000000080014F70] -> 0x8593
mem[X,0x0000000080014F72] -> 0x3325
[2499] [M]: 0x0000000080014F70 (0x33258593) addi a1, a1, 818
x11 <- 0x3333333333333332
clint::tick mtime <- 0x0000000000000019
 clint timer pending at mtime 0x0000000000000019
htif::tick 0x0000000000000000
mem[X,0x0000000080014F74] -> 0x0113
mem[X,0x0000000080014F76] -> 0x0000
[2500] [M]: 0x0000000080014F74 (0x00000113) addi sp, zero, 0
x2 <- 0x0000000000000000
mem[X,0x0000000080014F78] -> 0x006F
mem[X,0x0000000080014F7A] -> 0x00C0
[2501] [M]: 0x0000000080014F78 (0x00C0006F) jal zero, 12
mem[X,0x0000000080014F84] -> 0x4063
mem[X,0x0000000080014F86] -> 0x02B5
[2502] [M]: 0x0000000080014F84 (0x02B54063) blt a0, a1, 32
mem[X,0x0000000080014FA4] -> 0x0113
mem[X,0x0000000080014FA6] -> 0x0031
[2503] [M]: 0x0000000080014FA4 (0x00310113) addi sp, sp, 3
x2 <- 0x0000000000000003
mem[X,0x0000000080014FA8] -> 0x006F
mem[X,0x0000000080014FAA] -> 0x0040
[2504] [M]: 0x0000000080014FA8 (0x0040006F) jal zero, 4
mem[X,0x0000000080014FAC] -> 0xB823
mem[X,0x0000000080014FAE] -> 0x5820
[2505] [M]: 0x0000000080014FAC (0x5820B823) sd sp, 1424(ra)
mem[0x000000008004F768] <- 0x0000000000000003
mem[X,0x0000000080014FB0] -> 0x0513
mem[X,0x0000000080014FB2] -> 0x0030
[2506] [M]: 0x0000000080014FB0 (0x00300513) addi a0, zero, 3
x10 <- 0x0000000000000003
mem[X,0x0000000080014FB4] -> 0x65B7
mem[X,0x0000000080014FB6] -> 0x6666
[2507] [M]: 0x0000000080014FB4 (0x666665B7) lui a1, 419430
x11 <- 0x0000000066666000
mem[X,0x0000000080014FB8] -> 0x8593
mem[X,0x0000000080014FBA] -> 0x6665
[2508] [M]: 0x0000000080014FB8 (0x66658593) addi a1, a1, 1638
x11 <- 0x0000000066666666
mem[X,0x0000000080014FBC] -> 0x9593
mem[X,0x0000000080014FBE] -> 0x00B5
[2509] [M]: 0x0000000080014FBC (0x00B59593) slli a1, a1, 11
x11 <- 0x0000033333333000
mem[X,0x0000000080014FC0] -> 0x8593
mem[X,0x0000000080014FC2] -> 0x3335
[2510] [M]: 0x0000000080014FC0 (0x33358593) addi a1, a1, 819
x11 <- 0x0000033333333333
mem[X,0x0000000080014FC4] -> 0x9593
mem[X,0x0000000080014FC6] -> 0x00B5
[2511] [M]: 0x0000000080014FC4 (0x00B59593) slli a1, a1, 11
x11 <- 0x0019999999999800
mem[X,0x0000000080014FC8] -> 0x8593
mem[X,0x0000000080014FCA] -> 0x1995
[2512] [M]: 0x0000000080014FC8 (0x19958593) addi a1, a1, 409
x11 <- 0x0019999999999999
mem[X,0x0000000080014FCC] -> 0x9593
mem[X,0x0000000080014FCE] -> 0x00A5
[2513] [M]: 0x0000000080014FCC (0x00A59593) slli a1, a1, 10
x11 <- 0x6666666666666400
mem[X,0x0000000080014FD0] -> 0x8593
mem[X,0x0000000080014FD2] -> 0x2655
[2514] [M]: 0x0000000080014FD0 (0x26558593) addi a1, a1, 613
x11 <- 0x6666666666666665
mem[X,0x0000000080014FD4] -> 0x0113
mem[X,0x0000000080014FD6] -> 0x0000
[2515] [M]: 0x0000000080014FD4 (0x00000113) addi sp, zero, 0
x2 <- 0x0000000000000000
mem[X,0x0000000080014FD8] -> 0x006F
mem[X,0x0000000080014FDA] -> 0x00C0
[2516] [M]: 0x0000000080014FD8 (0x00C0006F) jal zero, 12
mem[X,0x0000000080014FE4] -> 0x4063
mem[X,0x0000000080014FE6] -> 0x04B5
[2517] [M]: 0x0000000080014FE4 (0x04B54063) blt a0, a1, 64
mem[X,0x0000000080015024] -> 0x0113
mem[X,0x0000000080015026] -> 0x0031
[2518] [M]: 0x0000000080015024 (0x00310113) addi sp, sp, 3
x2 <- 0x0000000000000003
mem[X,0x0000000080015028] -> 0x006F
mem[X,0x000000008001502A] -> 0x0040
[2519] [M]: 0x0000000080015028 (0x0040006F) jal zero, 4
mem[X,0x000000008001502C] -> 0xBC23
mem[X,0x000000008001502E] -> 0x5820
[2520] [M]: 0x000000008001502C (0x5820BC23) sd sp, 1432(ra)
mem[0x000000008004F770] <- 0x0000000000000003
mem[X,0x0000000080015030] -> 0x0513
mem[X,0x0000000080015032] -> 0x0030
[2521] [M]: 0x0000000080015030 (0x00300513) addi a0, zero, 3
x10 <- 0x0000000000000003
mem[X,0x0000000080015034] -> 0x05B7
mem[X,0x0000000080015036] -> 0x0000
[2522] [M]: 0x0000000080015034 (0x000005B7) lui a1, 0
x11 <- 0x0000000000000000
mem[X,0x0000000080015038] -> 0x8593
mem[X,0x000000008001503A] -> 0x0005
[2523] [M]: 0x0000000080015038 (0x00058593) addi a1, a1, 0
x11 <- 0x0000000000000000
mem[X,0x000000008001503C] -> 0x9593
mem[X,0x000000008001503E] -> 0x00B5
[2524] [M]: 0x000000008001503C (0x00B59593) slli a1, a1, 11
x11 <- 0x0000000000000000
mem[X,0x0000000080015040] -> 0x8593
mem[X,0x0000000080015042] -> 0x5A85
[2525] [M]: 0x0000000080015040 (0x5A858593) addi a1, a1, 1448
x11 <- 0x00000000000005A8
mem[X,0x0000000080015044] -> 0x9593
mem[X,0x0000000080015046] -> 0x00B5
[2526] [M]: 0x0000000080015044 (0x00B59593) slli a1, a1, 11
x11 <- 0x00000000002D4000
mem[X,0x0000000080015048] -> 0x8593
mem[X,0x000000008001504A] -> 0x13C5
[2527] [M]: 0x0000000080015048 (0x13C58593) addi a1, a1, 316
x11 <- 0x00000000002D413C
mem[X,0x000000008001504C] -> 0x9593
mem[X,0x000000008001504E] -> 0x00A5
[2528] [M]: 0x000000008001504C (0x00A59593) slli a1, a1, 10
x11 <- 0x00000000B504F000
mem[X,0x0000000080015050] -> 0x8593
mem[X,0x0000000080015052] -> 0x3325
[2529] [M]: 0x0000000080015050 (0x33258593) addi a1, a1, 818
x11 <- 0x00000000B504F332
mem[X,0x0000000080015054] -> 0x0113
mem[X,0x0000000080015056] -> 0x0000
[2530] [M]: 0x0000000080015054 (0x00000113) addi sp, zero, 0
x2 <- 0x0000000000000000
mem[X,0x0000000080015058] -> 0x006F
mem[X,0x000000008001505A] -> 0x2B10
[2531] [M]: 0x0000000080015058 (0x2B10006F) jal zero, 2736
mem[X,0x0000000080015B08] -> 0x4A63
mem[X,0x0000000080015B0A] -> 0xD4B5
[2532] [M]: 0x0000000080015B08 (0xD4B54A63) blt a0, a1, 5460
mem[X,0x000000008001505C] -> 0x0113
mem[X,0x000000008001505E] -> 0x0011
[2533] [M]: 0x000000008001505C (0x00110113) addi sp, sp, 1
x2 <- 0x0000000000000001
mem[X,0x0000000080015060] -> 0x006F
mem[X,0x0000000080015062] -> 0x2BD0
[2534] [M]: 0x0000000080015060 (0x2BD0006F) jal zero, 2748
mem[X,0x0000000080015B1C] -> 0xB023
mem[X,0x0000000080015B1E] -> 0x5A20
[2535] [M]: 0x0000000080015B1C (0x5A20B023) sd sp, 1440(ra)
mem[0x000000008004F778] <- 0x0000000000000001
mem[X,0x0000000080015B20] -> 0x0513
mem[X,0x0000000080015B22] -> 0x0030
[2536] [M]: 0x0000000080015B20 (0x00300513) addi a0, zero, 3
x10 <- 0x0000000000000003
mem[X,0x0000000080015B24] -> 0x55B7
mem[X,0x0000000080015B26] -> 0x5555
[2537] [M]: 0x0000000080015B24 (0x555555B7) lui a1, 349525
x11 <- 0x0000000055555000
mem[X,0x0000000080015B28] -> 0x8593
mem[X,0x0000000080015B2A] -> 0x5555
[2538] [M]: 0x0000000080015B28 (0x55558593) addi a1, a1, 1365
x11 <- 0x0000000055555555
mem[X,0x0000000080015B2C] -> 0x9593
mem[X,0x0000000080015B2E] -> 0x00B5
[2539] [M]: 0x0000000080015B2C (0x00B59593) slli a1, a1, 11
x11 <- 0x000002AAAAAAA800
mem[X,0x0000000080015B30] -> 0x8593
mem[X,0x0000000080015B32] -> 0x2AA5
[2540] [M]: 0x0000000080015B30 (0x2AA58593) addi a1, a1, 682
x11 <- 0x000002AAAAAAAAAA
mem[X,0x0000000080015B34] -> 0x9593
mem[X,0x0000000080015B36] -> 0x00B5
[2541] [M]: 0x0000000080015B34 (0x00B59593) slli a1, a1, 11
x11 <- 0x0015555555555000
mem[X,0x0000000080015B38] -> 0x8593
mem[X,0x0000000080015B3A] -> 0x5555
[2542] [M]: 0x0000000080015B38 (0x55558593) addi a1, a1, 1365
x11 <- 0x0015555555555555
mem[X,0x0000000080015B3C] -> 0x9593
mem[X,0x0000000080015B3E] -> 0x00A5
[2543] [M]: 0x0000000080015B3C (0x00A59593) slli a1, a1, 10
x11 <- 0x5555555555555400
mem[X,0x0000000080015B40] -> 0x8593
mem[X,0x0000000080015B42] -> 0x1565
[2544] [M]: 0x0000000080015B40 (0x15658593) addi a1, a1, 342
x11 <- 0x5555555555555556
mem[X,0x0000000080015B44] -> 0x0113
mem[X,0x0000000080015B46] -> 0x0000
[2545] [M]: 0x0000000080015B44 (0x00000113) addi sp, zero, 0
x2 <- 0x0000000000000000
mem[X,0x0000000080015B48] -> 0x006F
mem[X,0x0000000080015B4A] -> 0x00C0
[2546] [M]: 0x0000000080015B48 (0x00C0006F) jal zero, 12
mem[X,0x0000000080015B54] -> 0x4063
mem[X,0x0000000080015B56] -> 0x04B5
[2547] [M]: 0x0000000080015B54 (0x04B54063) blt a0, a1, 64
mem[X,0x0000000080015B94] -> 0x0113
mem[X,0x0000000080015B96] -> 0x0031
[2548] [M]: 0x0000000080015B94 (0x00310113) addi sp, sp, 3
x2 <- 0x0000000000000003
mem[X,0x0000000080015B98] -> 0x006F
mem[X,0x0000000080015B9A] -> 0x0040
[2549] [M]: 0x0000000080015B98 (0x0040006F) jal zero, 4
mem[X,0x0000000080015B9C] -> 0xB423
mem[X,0x0000000080015B9E] -> 0x5A20
[2550] [M]: 0x0000000080015B9C (0x5A20B423) sd sp, 1448(ra)
mem[0x000000008004F780] <- 0x0000000000000003
mem[X,0x0000000080015BA0] -> 0x0513
mem[X,0x0000000080015BA2] -> 0x0030
[2551] [M]: 0x0000000080015BA0 (0x00300513) addi a0, zero, 3
x10 <- 0x0000000000000003
mem[X,0x0000000080015BA4] -> 0xB5B7
mem[X,0x0000000080015BA6] -> 0xAAAA
[2552] [M]: 0x0000000080015BA4 (0xAAAAB5B7) lui a1, 699051
x11 <- 0xFFFFFFFFAAAAB000
mem[X,0x0000000080015BA8] -> 0x8593
mem[X,0x0000000080015BAA] -> 0xAAA5
[2553] [M]: 0x0000000080015BA8 (0xAAA58593) addi a1, a1, 2730
x11 <- 0xFFFFFFFFAAAAAAAA
mem[X,0x0000000080015BAC] -> 0x9593
mem[X,0x0000000080015BAE] -> 0x00B5
[2554] [M]: 0x0000000080015BAC (0x00B59593) slli a1, a1, 11
x11 <- 0xFFFFFD5555555000
mem[X,0x0000000080015BB0] -> 0x8593
mem[X,0x0000000080015BB2] -> 0x5555
[2555] [M]: 0x0000000080015BB0 (0x55558593) addi a1, a1, 1365
x11 <- 0xFFFFFD5555555555
mem[X,0x0000000080015BB4] -> 0x9593
mem[X,0x0000000080015BB6] -> 0x00B5
[2556] [M]: 0x0000000080015BB4 (0x00B59593) slli a1, a1, 11
x11 <- 0xFFEAAAAAAAAAA800
mem[X,0x0000000080015BB8] -> 0x8593
mem[X,0x0000000080015BBA] -> 0x2AA5
[2557] [M]: 0x0000000080015BB8 (0x2AA58593) addi a1, a1, 682
x11 <- 0xFFEAAAAAAAAAAAAA
mem[X,0x0000000080015BBC] -> 0x9593
mem[X,0x0000000080015BBE] -> 0x00A5
[2558] [M]: 0x0000000080015BBC (0x00A59593) slli a1, a1, 10
x11 <- 0xAAAAAAAAAAAAA800
mem[X,0x0000000080015BC0] -> 0x8593
mem[X,0x0000000080015BC2] -> 0x2AB5
[2559] [M]: 0x0000000080015BC0 (0x2AB58593) addi a1, a1, 683
x11 <- 0xAAAAAAAAAAAAAAAB
mem[X,0x0000000080015BC4] -> 0x0113
mem[X,0x0000000080015BC6] -> 0x0000
[2560] [M]: 0x0000000080015BC4 (0x00000113) addi sp, zero, 0
x2 <- 0x0000000000000000
mem[X,0x0000000080015BC8] -> 0x006F
mem[X,0x0000000080015BCA] -> 0x2B10
[2561] [M]: 0x0000000080015BC8 (0x2B10006F) jal zero, 2736
mem[X,0x0000000080016678] -> 0x4A63
mem[X,0x000000008001667A] -> 0xD4B5
[2562] [M]: 0x0000000080016678 (0xD4B54A63) blt a0, a1, 5460
mem[X,0x000000008001667C] -> 0x0113
mem[X,0x000000008001667E] -> 0x0021
[2563] [M]: 0x000000008001667C (0x00210113) addi sp, sp, 2
x2 <- 0x0000000000000002
mem[X,0x0000000080016680] -> 0x006F
mem[X,0x0000000080016682] -> 0x00C0
[2564] [M]: 0x0000000080016680 (0x00C0006F) jal zero, 12
mem[X,0x000000008001668C] -> 0xB823
mem[X,0x000000008001668E] -> 0x5A20
[2565] [M]: 0x000000008001668C (0x5A20B823) sd sp, 1456(ra)
mem[0x000000008004F788] <- 0x0000000000000002
mem[X,0x0000000080016690] -> 0x0513
mem[X,0x0000000080016692] -> 0x0030
[2566] [M]: 0x0000000080016690 (0x00300513) addi a0, zero, 3
x10 <- 0x0000000000000003
mem[X,0x0000000080016694] -> 0x0593
mem[X,0x0000000080016696] -> 0x0060
[2567] [M]: 0x0000000080016694 (0x00600593) addi a1, zero, 6
x11 <- 0x0000000000000006
mem[X,0x0000000080016698] -> 0x0113
mem[X,0x000000008001669A] -> 0x0000
[2568] [M]: 0x0000000080016698 (0x00000113) addi sp, zero, 0
x2 <- 0x0000000000000000
mem[X,0x000000008001669C] -> 0x006F
mem[X,0x000000008001669E] -> 0x00C0
[2569] [M]: 0x000000008001669C (0x00C0006F) jal zero, 12
mem[X,0x00000000800166A8] -> 0x4063
mem[X,0x00000000800166AA] -> 0x08B5
[2570] [M]: 0x00000000800166A8 (0x08B54063) blt a0, a1, 128
mem[X,0x0000000080016728] -> 0x0113
mem[X,0x000000008001672A] -> 0x0031
[2571] [M]: 0x0000000080016728 (0x00310113) addi sp, sp, 3
x2 <- 0x0000000000000003
mem[X,0x000000008001672C] -> 0x006F
mem[X,0x000000008001672E] -> 0x0040
[2572] [M]: 0x000000008001672C (0x0040006F) jal zero, 4
mem[X,0x0000000080016730] -> 0xBC23
mem[X,0x0000000080016732] -> 0x5A20
[2573] [M]: 0x0000000080016730 (0x5A20BC23) sd sp, 1464(ra)
mem[0x000000008004F790] <- 0x0000000000000003
mem[X,0x0000000080016734] -> 0x0513
mem[X,0x0000000080016736] -> 0x0030
[2574] [M]: 0x0000000080016734 (0x00300513) addi a0, zero, 3
x10 <- 0x0000000000000003
mem[X,0x0000000080016738] -> 0x35B7
mem[X,0x000000008001673A] -> 0x3333
[2575] [M]: 0x0000000080016738 (0x333335B7) lui a1, 209715
x11 <- 0x0000000033333000
mem[X,0x000000008001673C] -> 0x8593
mem[X,0x000000008001673E] -> 0x3335
[2576] [M]: 0x000000008001673C (0x33358593) addi a1, a1, 819
x11 <- 0x0000000033333333
mem[X,0x0000000080016740] -> 0x9593
mem[X,0x0000000080016742] -> 0x00B5
[2577] [M]: 0x0000000080016740 (0x00B59593) slli a1, a1, 11
x11 <- 0x0000019999999800
mem[X,0x0000000080016744] -> 0x8593
mem[X,0x0000000080016746] -> 0x1995
[2578] [M]: 0x0000000080016744 (0x19958593) addi a1, a1, 409
x11 <- 0x0000019999999999
mem[X,0x0000000080016748] -> 0x9593
mem[X,0x000000008001674A] -> 0x00B5
[2579] [M]: 0x0000000080016748 (0x00B59593) slli a1, a1, 11
x11 <- 0x000CCCCCCCCCC800
mem[X,0x000000008001674C] -> 0x8593
mem[X,0x000000008001674E] -> 0x4CC5
[2580] [M]: 0x000000008001674C (0x4CC58593) addi a1, a1, 1228
x11 <- 0x000CCCCCCCCCCCCC
mem[X,0x0000000080016750] -> 0x9593
mem[X,0x0000000080016752] -> 0x00A5
[2581] [M]: 0x0000000080016750 (0x00A59593) slli a1, a1, 10
x11 <- 0x3333333333333000
mem[X,0x0000000080016754] -> 0x8593
mem[X,0x0000000080016756] -> 0x3345
[2582] [M]: 0x0000000080016754 (0x33458593) addi a1, a1, 820
x11 <- 0x3333333333333334
mem[X,0x0000000080016758] -> 0x0113
mem[X,0x000000008001675A] -> 0x0000
[2583] [M]: 0x0000000080016758 (0x00000113) addi sp, zero, 0
x2 <- 0x0000000000000000
mem[X,0x000000008001675C] -> 0x006F
mem[X,0x000000008001675E] -> 0x00C0
[2584] [M]: 0x000000008001675C (0x00C0006F) jal zero, 12
mem[X,0x0000000080016768] -> 0x4CE3
mem[X,0x000000008001676A] -> 0xFEB5
[2585] [M]: 0x0000000080016768 (0xFEB54CE3) blt a0, a1, 8184
mem[X,0x0000000080016760] -> 0x0113
mem[X,0x0000000080016762] -> 0x0011
[2586] [M]: 0x0000000080016760 (0x00110113) addi sp, sp, 1
x2 <- 0x0000000000000001
mem[X,0x0000000080016764] -> 0x006F
mem[X,0x0000000080016766] -> 0x0180
[2587] [M]: 0x0000000080016764 (0x0180006F) jal zero, 24
mem[X,0x000000008001677C] -> 0xB023
mem[X,0x000000008001677E] -> 0x5C20
[2588] [M]: 0x000000008001677C (0x5C20B023) sd sp, 1472(ra)
mem[0x000000008004F798] <- 0x0000000000000001
mem[X,0x0000000080016780] -> 0x0513
mem[X,0x0000000080016782] -> 0x0030
[2589] [M]: 0x0000000080016780 (0x00300513) addi a0, zero, 3
x10 <- 0x0000000000000003
mem[X,0x0000000080016784] -> 0x65B7
mem[X,0x0000000080016786] -> 0x6666
[2590] [M]: 0x0000000080016784 (0x666665B7) lui a1, 419430
x11 <- 0x0000000066666000
mem[X,0x0000000080016788] -> 0x8593
mem[X,0x000000008001678A] -> 0x6665
[2591] [M]: 0x0000000080016788 (0x66658593) addi a1, a1, 1638
x11 <- 0x0000000066666666
mem[X,0x000000008001678C] -> 0x9593
mem[X,0x000000008001678E] -> 0x00B5
[2592] [M]: 0x000000008001678C (0x00B59593) slli a1, a1, 11
x11 <- 0x0000033333333000
mem[X,0x0000000080016790] -> 0x8593
mem[X,0x0000000080016792] -> 0x3335
[2593] [M]: 0x0000000080016790 (0x33358593) addi a1, a1, 819
x11 <- 0x0000033333333333
mem[X,0x0000000080016794] -> 0x9593
mem[X,0x0000000080016796] -> 0x00B5
[2594] [M]: 0x0000000080016794 (0x00B59593) slli a1, a1, 11
x11 <- 0x0019999999999800
mem[X,0x0000000080016798] -> 0x8593
mem[X,0x000000008001679A] -> 0x1995
[2595] [M]: 0x0000000080016798 (0x19958593) addi a1, a1, 409
x11 <- 0x0019999999999999
mem[X,0x000000008001679C] -> 0x9593
mem[X,0x000000008001679E] -> 0x00A5
[2596] [M]: 0x000000008001679C (0x00A59593) slli a1, a1, 10
x11 <- 0x6666666666666400
mem[X,0x00000000800167A0] -> 0x8593
mem[X,0x00000000800167A2] -> 0x2675
[2597] [M]: 0x00000000800167A0 (0x26758593) addi a1, a1, 615
x11 <- 0x6666666666666667
mem[X,0x00000000800167A4] -> 0x0113
mem[X,0x00000000800167A6] -> 0x0000
[2598] [M]: 0x00000000800167A4 (0x00000113) addi sp, zero, 0
x2 <- 0x0000000000000000
mem[X,0x00000000800167A8] -> 0x006F
mem[X,0x00000000800167AA] -> 0x00C0
[2599] [M]: 0x00000000800167A8 (0x00C0006F) jal zero, 12
clint::tick mtime <- 0x000000000000001A
 clint timer pending at mtime 0x000000000000001A
htif::tick 0x0000000000000000
mem[X,0x00000000800167B4] -> 0x4CE3
mem[X,0x00000000800167B6] -> 0xFEB5
[2600] [M]: 0x00000000800167B4 (0xFEB54CE3) blt a0, a1, 8184
mem[X,0x00000000800167AC] -> 0x0113
mem[X,0x00000000800167AE] -> 0x0011
[2601] [M]: 0x00000000800167AC (0x00110113) addi sp, sp, 1
x2 <- 0x0000000000000001
mem[X,0x00000000800167B0] -> 0x006F
mem[X,0x00000000800167B2] -> 0x0180
[2602] [M]: 0x00000000800167B0 (0x0180006F) jal zero, 24
mem[X,0x00000000800167C8] -> 0xB423
mem[X,0x00000000800167CA] -> 0x5C20
[2603] [M]: 0x00000000800167C8 (0x5C20B423) sd sp, 1480(ra)
mem[0x000000008004F7A0] <- 0x0000000000000001
mem[X,0x00000000800167CC] -> 0x0513
mem[X,0x00000000800167CE] -> 0x0030
[2604] [M]: 0x00000000800167CC (0x00300513) addi a0, zero, 3
x10 <- 0x0000000000000003
mem[X,0x00000000800167D0] -> 0x05B7
mem[X,0x00000000800167D2] -> 0x0000
[2605] [M]: 0x00000000800167D0 (0x000005B7) lui a1, 0
x11 <- 0x0000000000000000
mem[X,0x00000000800167D4] -> 0x8593
mem[X,0x00000000800167D6] -> 0xFFF5
[2606] [M]: 0x00000000800167D4 (0xFFF58593) addi a1, a1, 4095
x11 <- 0xFFFFFFFFFFFFFFFF
mem[X,0x00000000800167D8] -> 0x9593
mem[X,0x00000000800167DA] -> 0x00B5
[2607] [M]: 0x00000000800167D8 (0x00B59593) slli a1, a1, 11
x11 <- 0xFFFFFFFFFFFFF800
mem[X,0x00000000800167DC] -> 0x8593
mem[X,0x00000000800167DE] -> 0x2575
[2608] [M]: 0x00000000800167DC (0x25758593) addi a1, a1, 599
x11 <- 0xFFFFFFFFFFFFFA57
mem[X,0x00000000800167E0] -> 0x9593
mem[X,0x00000000800167E2] -> 0x00B5
[2609] [M]: 0x00000000800167E0 (0x00B59593) slli a1, a1, 11
x11 <- 0xFFFFFFFFFFD2B800
mem[X,0x00000000800167E4] -> 0x8593
mem[X,0x00000000800167E6] -> 0x6C35
[2610] [M]: 0x00000000800167E4 (0x6C358593) addi a1, a1, 1731
x11 <- 0xFFFFFFFFFFD2BEC3
mem[X,0x00000000800167E8] -> 0x9593
mem[X,0x00000000800167EA] -> 0x00A5
[2611] [M]: 0x00000000800167E8 (0x00A59593) slli a1, a1, 10
x11 <- 0xFFFFFFFF4AFB0C00
mem[X,0x00000000800167EC] -> 0x8593
mem[X,0x00000000800167EE] -> 0x0CE5
[2612] [M]: 0x00000000800167EC (0x0CE58593) addi a1, a1, 206
x11 <- 0xFFFFFFFF4AFB0CCE
mem[X,0x00000000800167F0] -> 0x0113
mem[X,0x00000000800167F2] -> 0x0000
[2613] [M]: 0x00000000800167F0 (0x00000113) addi sp, zero, 0
x2 <- 0x0000000000000000
mem[X,0x00000000800167F4] -> 0x006F
mem[X,0x00000000800167F6] -> 0x00C0
[2614] [M]: 0x00000000800167F4 (0x00C0006F) jal zero, 12
mem[X,0x0000000080016800] -> 0x4CE3
mem[X,0x0000000080016802] -> 0xFEB5
[2615] [M]: 0x0000000080016800 (0xFEB54CE3) blt a0, a1, 8184
mem[X,0x0000000080016804] -> 0x0113
mem[X,0x0000000080016806] -> 0x0021
[2616] [M]: 0x0000000080016804 (0x00210113) addi sp, sp, 2
x2 <- 0x0000000000000002
mem[X,0x0000000080016808] -> 0x006F
mem[X,0x000000008001680A] -> 0x00C0
[2617] [M]: 0x0000000080016808 (0x00C0006F) jal zero, 12
mem[X,0x0000000080016814] -> 0xB823
mem[X,0x0000000080016816] -> 0x5C20
[2618] [M]: 0x0000000080016814 (0x5C20B823) sd sp, 1488(ra)
mem[0x000000008004F7A8] <- 0x0000000000000002
mem[X,0x0000000080016818] -> 0x0513
mem[X,0x000000008001681A] -> 0x0030
[2619] [M]: 0x0000000080016818 (0x00300513) addi a0, zero, 3
x10 <- 0x0000000000000003
mem[X,0x000000008001681C] -> 0x05B7
mem[X,0x000000008001681E] -> 0x0000
[2620] [M]: 0x000000008001681C (0x000005B7) lui a1, 0
x11 <- 0x0000000000000000
mem[X,0x0000000080016820] -> 0x8593
mem[X,0x0000000080016822] -> 0x0005
[2621] [M]: 0x0000000080016820 (0x00058593) addi a1, a1, 0
x11 <- 0x0000000000000000
mem[X,0x0000000080016824] -> 0x9593
mem[X,0x0000000080016826] -> 0x00B5
[2622] [M]: 0x0000000080016824 (0x00B59593) slli a1, a1, 11
x11 <- 0x0000000000000000
mem[X,0x0000000080016828] -> 0x8593
mem[X,0x000000008001682A] -> 0x5A85
[2623] [M]: 0x0000000080016828 (0x5A858593) addi a1, a1, 1448
x11 <- 0x00000000000005A8
mem[X,0x000000008001682C] -> 0x9593
mem[X,0x000000008001682E] -> 0x00B5
[2624] [M]: 0x000000008001682C (0x00B59593) slli a1, a1, 11
x11 <- 0x00000000002D4000
mem[X,0x0000000080016830] -> 0x8593
mem[X,0x0000000080016832] -> 0x13C5
[2625] [M]: 0x0000000080016830 (0x13C58593) addi a1, a1, 316
x11 <- 0x00000000002D413C
mem[X,0x0000000080016834] -> 0x9593
mem[X,0x0000000080016836] -> 0x00A5
[2626] [M]: 0x0000000080016834 (0x00A59593) slli a1, a1, 10
x11 <- 0x00000000B504F000
mem[X,0x0000000080016838] -> 0x8593
mem[X,0x000000008001683A] -> 0x3345
[2627] [M]: 0x0000000080016838 (0x33458593) addi a1, a1, 820
x11 <- 0x00000000B504F334
mem[X,0x000000008001683C] -> 0x0113
mem[X,0x000000008001683E] -> 0x0000
[2628] [M]: 0x000000008001683C (0x00000113) addi sp, zero, 0
x2 <- 0x0000000000000000
mem[X,0x0000000080016840] -> 0x006F
mem[X,0x0000000080016842] -> 0x0180
[2629] [M]: 0x0000000080016840 (0x0180006F) jal zero, 24
mem[X,0x0000000080016858] -> 0x46E3
mem[X,0x000000008001685A] -> 0xFEB5
[2630] [M]: 0x0000000080016858 (0xFEB546E3) blt a0, a1, 8172
mem[X,0x0000000080016844] -> 0x0113
mem[X,0x0000000080016846] -> 0x0011
[2631] [M]: 0x0000000080016844 (0x00110113) addi sp, sp, 1
x2 <- 0x0000000000000001
mem[X,0x0000000080016848] -> 0x006F
mem[X,0x000000008001684A] -> 0x0240
[2632] [M]: 0x0000000080016848 (0x0240006F) jal zero, 36
mem[X,0x000000008001686C] -> 0xBC23
mem[X,0x000000008001686E] -> 0x5C20
[2633] [M]: 0x000000008001686C (0x5C20BC23) sd sp, 1496(ra)
mem[0x000000008004F7B0] <- 0x0000000000000001
mem[X,0x0000000080016870] -> 0x5537
mem[X,0x0000000080016872] -> 0x5555
[2634] [M]: 0x0000000080016870 (0x55555537) lui a0, 349525
x10 <- 0x0000000055555000
mem[X,0x0000000080016874] -> 0x0513
mem[X,0x0000000080016876] -> 0x5555
[2635] [M]: 0x0000000080016874 (0x55550513) addi a0, a0, 1365
x10 <- 0x0000000055555555
mem[X,0x0000000080016878] -> 0x1513
mem[X,0x000000008001687A] -> 0x00B5
[2636] [M]: 0x0000000080016878 (0x00B51513) slli a0, a0, 11
x10 <- 0x000002AAAAAAA800
mem[X,0x000000008001687C] -> 0x0513
mem[X,0x000000008001687E] -> 0x2AA5
[2637] [M]: 0x000000008001687C (0x2AA50513) addi a0, a0, 682
x10 <- 0x000002AAAAAAAAAA
mem[X,0x0000000080016880] -> 0x1513
mem[X,0x0000000080016882] -> 0x00B5
[2638] [M]: 0x0000000080016880 (0x00B51513) slli a0, a0, 11
x10 <- 0x0015555555555000
mem[X,0x0000000080016884] -> 0x0513
mem[X,0x0000000080016886] -> 0x5555
[2639] [M]: 0x0000000080016884 (0x55550513) addi a0, a0, 1365
x10 <- 0x0015555555555555
mem[X,0x0000000080016888] -> 0x1513
mem[X,0x000000008001688A] -> 0x00A5
[2640] [M]: 0x0000000080016888 (0x00A51513) slli a0, a0, 10
x10 <- 0x5555555555555400
mem[X,0x000000008001688C] -> 0x0513
mem[X,0x000000008001688E] -> 0x1555
[2641] [M]: 0x000000008001688C (0x15550513) addi a0, a0, 341
x10 <- 0x5555555555555555
mem[X,0x0000000080016890] -> 0x0593
mem[X,0x0000000080016892] -> 0x0030
[2642] [M]: 0x0000000080016890 (0x00300593) addi a1, zero, 3
x11 <- 0x0000000000000003
mem[X,0x0000000080016894] -> 0x0113
mem[X,0x0000000080016896] -> 0x0000
[2643] [M]: 0x0000000080016894 (0x00000113) addi sp, zero, 0
x2 <- 0x0000000000000000
mem[X,0x0000000080016898] -> 0x006F
mem[X,0x000000008001689A] -> 0x00C0
[2644] [M]: 0x0000000080016898 (0x00C0006F) jal zero, 12
mem[X,0x00000000800168A4] -> 0x4CE3
mem[X,0x00000000800168A6] -> 0xFEB5
[2645] [M]: 0x00000000800168A4 (0xFEB54CE3) blt a0, a1, 8184
mem[X,0x00000000800168A8] -> 0x0113
mem[X,0x00000000800168AA] -> 0x0021
[2646] [M]: 0x00000000800168A8 (0x00210113) addi sp, sp, 2
x2 <- 0x0000000000000002
mem[X,0x00000000800168AC] -> 0x006F
mem[X,0x00000000800168AE] -> 0x00C0
[2647] [M]: 0x00000000800168AC (0x00C0006F) jal zero, 12
mem[X,0x00000000800168B8] -> 0xB023
mem[X,0x00000000800168BA] -> 0x5E20
[2648] [M]: 0x00000000800168B8 (0x5E20B023) sd sp, 1504(ra)
mem[0x000000008004F7B8] <- 0x0000000000000002
mem[X,0x00000000800168BC] -> 0x5537
mem[X,0x00000000800168BE] -> 0x5555
[2649] [M]: 0x00000000800168BC (0x55555537) lui a0, 349525
x10 <- 0x0000000055555000
mem[X,0x00000000800168C0] -> 0x0513
mem[X,0x00000000800168C2] -> 0x5555
[2650] [M]: 0x00000000800168C0 (0x55550513) addi a0, a0, 1365
x10 <- 0x0000000055555555
mem[X,0x00000000800168C4] -> 0x1513
mem[X,0x00000000800168C6] -> 0x00B5
[2651] [M]: 0x00000000800168C4 (0x00B51513) slli a0, a0, 11
x10 <- 0x000002AAAAAAA800
mem[X,0x00000000800168C8] -> 0x0513
mem[X,0x00000000800168CA] -> 0x2AA5
[2652] [M]: 0x00000000800168C8 (0x2AA50513) addi a0, a0, 682
x10 <- 0x000002AAAAAAAAAA
mem[X,0x00000000800168CC] -> 0x1513
mem[X,0x00000000800168CE] -> 0x00B5
[2653] [M]: 0x00000000800168CC (0x00B51513) slli a0, a0, 11
x10 <- 0x0015555555555000
mem[X,0x00000000800168D0] -> 0x0513
mem[X,0x00000000800168D2] -> 0x5555
[2654] [M]: 0x00000000800168D0 (0x55550513) addi a0, a0, 1365
x10 <- 0x0015555555555555
mem[X,0x00000000800168D4] -> 0x1513
mem[X,0x00000000800168D6] -> 0x00A5
[2655] [M]: 0x00000000800168D4 (0x00A51513) slli a0, a0, 10
x10 <- 0x5555555555555400
mem[X,0x00000000800168D8] -> 0x0513
mem[X,0x00000000800168DA] -> 0x1555
[2656] [M]: 0x00000000800168D8 (0x15550513) addi a0, a0, 341
x10 <- 0x5555555555555555
mem[X,0x00000000800168DC] -> 0x55B7
mem[X,0x00000000800168DE] -> 0x5555
[2657] [M]: 0x00000000800168DC (0x555555B7) lui a1, 349525
x11 <- 0x0000000055555000
mem[X,0x00000000800168E0] -> 0x8593
mem[X,0x00000000800168E2] -> 0x5555
[2658] [M]: 0x00000000800168E0 (0x55558593) addi a1, a1, 1365
x11 <- 0x0000000055555555
mem[X,0x00000000800168E4] -> 0x9593
mem[X,0x00000000800168E6] -> 0x00B5
[2659] [M]: 0x00000000800168E4 (0x00B59593) slli a1, a1, 11
x11 <- 0x000002AAAAAAA800
mem[X,0x00000000800168E8] -> 0x8593
mem[X,0x00000000800168EA] -> 0x2AA5
[2660] [M]: 0x00000000800168E8 (0x2AA58593) addi a1, a1, 682
x11 <- 0x000002AAAAAAAAAA
mem[X,0x00000000800168EC] -> 0x9593
mem[X,0x00000000800168EE] -> 0x00B5
[2661] [M]: 0x00000000800168EC (0x00B59593) slli a1, a1, 11
x11 <- 0x0015555555555000
mem[X,0x00000000800168F0] -> 0x8593
mem[X,0x00000000800168F2] -> 0x5555
[2662] [M]: 0x00000000800168F0 (0x55558593) addi a1, a1, 1365
x11 <- 0x0015555555555555
mem[X,0x00000000800168F4] -> 0x9593
mem[X,0x00000000800168F6] -> 0x00A5
[2663] [M]: 0x00000000800168F4 (0x00A59593) slli a1, a1, 10
x11 <- 0x5555555555555400
mem[X,0x00000000800168F8] -> 0x8593
mem[X,0x00000000800168FA] -> 0x1555
[2664] [M]: 0x00000000800168F8 (0x15558593) addi a1, a1, 341
x11 <- 0x5555555555555555
mem[X,0x00000000800168FC] -> 0x0113
mem[X,0x00000000800168FE] -> 0x0000
[2665] [M]: 0x00000000800168FC (0x00000113) addi sp, zero, 0
x2 <- 0x0000000000000000
mem[X,0x0000000080016900] -> 0x006F
mem[X,0x0000000080016902] -> 0x00C0
[2666] [M]: 0x0000000080016900 (0x00C0006F) jal zero, 12
mem[X,0x000000008001690C] -> 0x4663
mem[X,0x000000008001690E] -> 0x00B5
[2667] [M]: 0x000000008001690C (0x00B54663) blt a0, a1, 12
mem[X,0x0000000080016910] -> 0x0113
mem[X,0x0000000080016912] -> 0x0021
[2668] [M]: 0x0000000080016910 (0x00210113) addi sp, sp, 2
x2 <- 0x0000000000000002
mem[X,0x0000000080016914] -> 0x006F
mem[X,0x0000000080016916] -> 0x00C0
[2669] [M]: 0x0000000080016914 (0x00C0006F) jal zero, 12
mem[X,0x0000000080016920] -> 0xB423
mem[X,0x0000000080016922] -> 0x5E20
[2670] [M]: 0x0000000080016920 (0x5E20B423) sd sp, 1512(ra)
mem[0x000000008004F7C0] <- 0x0000000000000002
mem[X,0x0000000080016924] -> 0x5537
mem[X,0x0000000080016926] -> 0x5555
[2671] [M]: 0x0000000080016924 (0x55555537) lui a0, 349525
x10 <- 0x0000000055555000
mem[X,0x0000000080016928] -> 0x0513
mem[X,0x000000008001692A] -> 0x5555
[2672] [M]: 0x0000000080016928 (0x55550513) addi a0, a0, 1365
x10 <- 0x0000000055555555
mem[X,0x000000008001692C] -> 0x1513
mem[X,0x000000008001692E] -> 0x00B5
[2673] [M]: 0x000000008001692C (0x00B51513) slli a0, a0, 11
x10 <- 0x000002AAAAAAA800
mem[X,0x0000000080016930] -> 0x0513
mem[X,0x0000000080016932] -> 0x2AA5
[2674] [M]: 0x0000000080016930 (0x2AA50513) addi a0, a0, 682
x10 <- 0x000002AAAAAAAAAA
mem[X,0x0000000080016934] -> 0x1513
mem[X,0x0000000080016936] -> 0x00B5
[2675] [M]: 0x0000000080016934 (0x00B51513) slli a0, a0, 11
x10 <- 0x0015555555555000
mem[X,0x0000000080016938] -> 0x0513
mem[X,0x000000008001693A] -> 0x5555
[2676] [M]: 0x0000000080016938 (0x55550513) addi a0, a0, 1365
x10 <- 0x0015555555555555
mem[X,0x000000008001693C] -> 0x1513
mem[X,0x000000008001693E] -> 0x00A5
[2677] [M]: 0x000000008001693C (0x00A51513) slli a0, a0, 10
x10 <- 0x5555555555555400
mem[X,0x0000000080016940] -> 0x0513
mem[X,0x0000000080016942] -> 0x1555
[2678] [M]: 0x0000000080016940 (0x15550513) addi a0, a0, 341
x10 <- 0x5555555555555555
mem[X,0x0000000080016944] -> 0xB5B7
mem[X,0x0000000080016946] -> 0xAAAA
[2679] [M]: 0x0000000080016944 (0xAAAAB5B7) lui a1, 699051
x11 <- 0xFFFFFFFFAAAAB000
mem[X,0x0000000080016948] -> 0x8593
mem[X,0x000000008001694A] -> 0xAAA5
[2680] [M]: 0x0000000080016948 (0xAAA58593) addi a1, a1, 2730
x11 <- 0xFFFFFFFFAAAAAAAA
mem[X,0x000000008001694C] -> 0x9593
mem[X,0x000000008001694E] -> 0x00B5
[2681] [M]: 0x000000008001694C (0x00B59593) slli a1, a1, 11
x11 <- 0xFFFFFD5555555000
mem[X,0x0000000080016950] -> 0x8593
mem[X,0x0000000080016952] -> 0x5555
[2682] [M]: 0x0000000080016950 (0x55558593) addi a1, a1, 1365
x11 <- 0xFFFFFD5555555555
mem[X,0x0000000080016954] -> 0x9593
mem[X,0x0000000080016956] -> 0x00B5
[2683] [M]: 0x0000000080016954 (0x00B59593) slli a1, a1, 11
x11 <- 0xFFEAAAAAAAAAA800
mem[X,0x0000000080016958] -> 0x8593
mem[X,0x000000008001695A] -> 0x2AA5
[2684] [M]: 0x0000000080016958 (0x2AA58593) addi a1, a1, 682
x11 <- 0xFFEAAAAAAAAAAAAA
mem[X,0x000000008001695C] -> 0x9593
mem[X,0x000000008001695E] -> 0x00A5
[2685] [M]: 0x000000008001695C (0x00A59593) slli a1, a1, 10
x11 <- 0xAAAAAAAAAAAAA800
mem[X,0x0000000080016960] -> 0x8593
mem[X,0x0000000080016962] -> 0x2AA5
[2686] [M]: 0x0000000080016960 (0x2AA58593) addi a1, a1, 682
x11 <- 0xAAAAAAAAAAAAAAAA
mem[X,0x0000000080016964] -> 0x0113
mem[X,0x0000000080016966] -> 0x0000
[2687] [M]: 0x0000000080016964 (0x00000113) addi sp, zero, 0
x2 <- 0x0000000000000000
mem[X,0x0000000080016968] -> 0x006F
mem[X,0x000000008001696A] -> 0x00C0
[2688] [M]: 0x0000000080016968 (0x00C0006F) jal zero, 12
mem[X,0x0000000080016974] -> 0x4663
mem[X,0x0000000080016976] -> 0x00B5
[2689] [M]: 0x0000000080016974 (0x00B54663) blt a0, a1, 12
mem[X,0x0000000080016978] -> 0x0113
mem[X,0x000000008001697A] -> 0x0021
[2690] [M]: 0x0000000080016978 (0x00210113) addi sp, sp, 2
x2 <- 0x0000000000000002
mem[X,0x000000008001697C] -> 0x006F
mem[X,0x000000008001697E] -> 0x00C0
[2691] [M]: 0x000000008001697C (0x00C0006F) jal zero, 12
mem[X,0x0000000080016988] -> 0xB823
mem[X,0x000000008001698A] -> 0x5E20
[2692] [M]: 0x0000000080016988 (0x5E20B823) sd sp, 1520(ra)
mem[0x000000008004F7C8] <- 0x0000000000000002
mem[X,0x000000008001698C] -> 0x5537
mem[X,0x000000008001698E] -> 0x5555
[2693] [M]: 0x000000008001698C (0x55555537) lui a0, 349525
x10 <- 0x0000000055555000
mem[X,0x0000000080016990] -> 0x0513
mem[X,0x0000000080016992] -> 0x5555
[2694] [M]: 0x0000000080016990 (0x55550513) addi a0, a0, 1365
x10 <- 0x0000000055555555
mem[X,0x0000000080016994] -> 0x1513
mem[X,0x0000000080016996] -> 0x00B5
[2695] [M]: 0x0000000080016994 (0x00B51513) slli a0, a0, 11
x10 <- 0x000002AAAAAAA800
mem[X,0x0000000080016998] -> 0x0513
mem[X,0x000000008001699A] -> 0x2AA5
[2696] [M]: 0x0000000080016998 (0x2AA50513) addi a0, a0, 682
x10 <- 0x000002AAAAAAAAAA
mem[X,0x000000008001699C] -> 0x1513
mem[X,0x000000008001699E] -> 0x00B5
[2697] [M]: 0x000000008001699C (0x00B51513) slli a0, a0, 11
x10 <- 0x0015555555555000
mem[X,0x00000000800169A0] -> 0x0513
mem[X,0x00000000800169A2] -> 0x5555
[2698] [M]: 0x00000000800169A0 (0x55550513) addi a0, a0, 1365
x10 <- 0x0015555555555555
mem[X,0x00000000800169A4] -> 0x1513
mem[X,0x00000000800169A6] -> 0x00A5
[2699] [M]: 0x00000000800169A4 (0x00A51513) slli a0, a0, 10
x10 <- 0x5555555555555400
clint::tick mtime <- 0x000000000000001B
 clint timer pending at mtime 0x000000000000001B
htif::tick 0x0000000000000000
mem[X,0x00000000800169A8] -> 0x0513
mem[X,0x00000000800169AA] -> 0x1555
[2700] [M]: 0x00000000800169A8 (0x15550513) addi a0, a0, 341
x10 <- 0x5555555555555555
mem[X,0x00000000800169AC] -> 0x0593
mem[X,0x00000000800169AE] -> 0x0050
[2701] [M]: 0x00000000800169AC (0x00500593) addi a1, zero, 5
x11 <- 0x0000000000000005
mem[X,0x00000000800169B0] -> 0x0113
mem[X,0x00000000800169B2] -> 0x0000
[2702] [M]: 0x00000000800169B0 (0x00000113) addi sp, zero, 0
x2 <- 0x0000000000000000
mem[X,0x00000000800169B4] -> 0x006F
mem[X,0x00000000800169B6] -> 0x00C0
[2703] [M]: 0x00000000800169B4 (0x00C0006F) jal zero, 12
mem[X,0x00000000800169C0] -> 0x4063
mem[X,0x00000000800169C2] -> 0x10B5
[2704] [M]: 0x00000000800169C0 (0x10B54063) blt a0, a1, 256
mem[X,0x00000000800169C4] -> 0x0113
mem[X,0x00000000800169C6] -> 0x0021
[2705] [M]: 0x00000000800169C4 (0x00210113) addi sp, sp, 2
x2 <- 0x0000000000000002
mem[X,0x00000000800169C8] -> 0x006F
mem[X,0x00000000800169CA] -> 0x1000
[2706] [M]: 0x00000000800169C8 (0x1000006F) jal zero, 256
mem[X,0x0000000080016AC8] -> 0xBC23
mem[X,0x0000000080016ACA] -> 0x5E20
[2707] [M]: 0x0000000080016AC8 (0x5E20BC23) sd sp, 1528(ra)
mem[0x000000008004F7D0] <- 0x0000000000000002
mem[X,0x0000000080016ACC] -> 0x5537
mem[X,0x0000000080016ACE] -> 0x5555
[2708] [M]: 0x0000000080016ACC (0x55555537) lui a0, 349525
x10 <- 0x0000000055555000
mem[X,0x0000000080016AD0] -> 0x0513
mem[X,0x0000000080016AD2] -> 0x5555
[2709] [M]: 0x0000000080016AD0 (0x55550513) addi a0, a0, 1365
x10 <- 0x0000000055555555
mem[X,0x0000000080016AD4] -> 0x1513
mem[X,0x0000000080016AD6] -> 0x00B5
[2710] [M]: 0x0000000080016AD4 (0x00B51513) slli a0, a0, 11
x10 <- 0x000002AAAAAAA800
mem[X,0x0000000080016AD8] -> 0x0513
mem[X,0x0000000080016ADA] -> 0x2AA5
[2711] [M]: 0x0000000080016AD8 (0x2AA50513) addi a0, a0, 682
x10 <- 0x000002AAAAAAAAAA
mem[X,0x0000000080016ADC] -> 0x1513
mem[X,0x0000000080016ADE] -> 0x00B5
[2712] [M]: 0x0000000080016ADC (0x00B51513) slli a0, a0, 11
x10 <- 0x0015555555555000
mem[X,0x0000000080016AE0] -> 0x0513
mem[X,0x0000000080016AE2] -> 0x5555
[2713] [M]: 0x0000000080016AE0 (0x55550513) addi a0, a0, 1365
x10 <- 0x0015555555555555
mem[X,0x0000000080016AE4] -> 0x1513
mem[X,0x0000000080016AE6] -> 0x00A5
[2714] [M]: 0x0000000080016AE4 (0x00A51513) slli a0, a0, 10
x10 <- 0x5555555555555400
mem[X,0x0000000080016AE8] -> 0x0513
mem[X,0x0000000080016AEA] -> 0x1555
[2715] [M]: 0x0000000080016AE8 (0x15550513) addi a0, a0, 341
x10 <- 0x5555555555555555
mem[X,0x0000000080016AEC] -> 0x35B7
mem[X,0x0000000080016AEE] -> 0x3333
[2716] [M]: 0x0000000080016AEC (0x333335B7) lui a1, 209715
x11 <- 0x0000000033333000
mem[X,0x0000000080016AF0] -> 0x8593
mem[X,0x0000000080016AF2] -> 0x3335
[2717] [M]: 0x0000000080016AF0 (0x33358593) addi a1, a1, 819
x11 <- 0x0000000033333333
mem[X,0x0000000080016AF4] -> 0x9593
mem[X,0x0000000080016AF6] -> 0x00B5
[2718] [M]: 0x0000000080016AF4 (0x00B59593) slli a1, a1, 11
x11 <- 0x0000019999999800
mem[X,0x0000000080016AF8] -> 0x8593
mem[X,0x0000000080016AFA] -> 0x1995
[2719] [M]: 0x0000000080016AF8 (0x19958593) addi a1, a1, 409
x11 <- 0x0000019999999999
mem[X,0x0000000080016AFC] -> 0x9593
mem[X,0x0000000080016AFE] -> 0x00B5
[2720] [M]: 0x0000000080016AFC (0x00B59593) slli a1, a1, 11
x11 <- 0x000CCCCCCCCCC800
mem[X,0x0000000080016B00] -> 0x8593
mem[X,0x0000000080016B02] -> 0x4CC5
[2721] [M]: 0x0000000080016B00 (0x4CC58593) addi a1, a1, 1228
x11 <- 0x000CCCCCCCCCCCCC
mem[X,0x0000000080016B04] -> 0x9593
mem[X,0x0000000080016B06] -> 0x00A5
[2722] [M]: 0x0000000080016B04 (0x00A59593) slli a1, a1, 10
x11 <- 0x3333333333333000
mem[X,0x0000000080016B08] -> 0x8593
mem[X,0x0000000080016B0A] -> 0x3335
[2723] [M]: 0x0000000080016B08 (0x33358593) addi a1, a1, 819
x11 <- 0x3333333333333333
mem[X,0x0000000080016B0C] -> 0x0113
mem[X,0x0000000080016B0E] -> 0x0000
[2724] [M]: 0x0000000080016B0C (0x00000113) addi sp, zero, 0
x2 <- 0x0000000000000000
mem[X,0x0000000080016B10] -> 0x006F
mem[X,0x0000000080016B12] -> 0x00C0
[2725] [M]: 0x0000000080016B10 (0x00C0006F) jal zero, 12
mem[X,0x0000000080016B1C] -> 0x4CE3
mem[X,0x0000000080016B1E] -> 0xFEB5
[2726] [M]: 0x0000000080016B1C (0xFEB54CE3) blt a0, a1, 8184
mem[X,0x0000000080016B20] -> 0x0113
mem[X,0x0000000080016B22] -> 0x0021
[2727] [M]: 0x0000000080016B20 (0x00210113) addi sp, sp, 2
x2 <- 0x0000000000000002
mem[X,0x0000000080016B24] -> 0x006F
mem[X,0x0000000080016B26] -> 0x00C0
[2728] [M]: 0x0000000080016B24 (0x00C0006F) jal zero, 12
mem[X,0x0000000080016B30] -> 0xB023
mem[X,0x0000000080016B32] -> 0x6020
[2729] [M]: 0x0000000080016B30 (0x6020B023) sd sp, 1536(ra)
mem[0x000000008004F7D8] <- 0x0000000000000002
mem[X,0x0000000080016B34] -> 0x5537
mem[X,0x0000000080016B36] -> 0x5555
[2730] [M]: 0x0000000080016B34 (0x55555537) lui a0, 349525
x10 <- 0x0000000055555000
mem[X,0x0000000080016B38] -> 0x0513
mem[X,0x0000000080016B3A] -> 0x5555
[2731] [M]: 0x0000000080016B38 (0x55550513) addi a0, a0, 1365
x10 <- 0x0000000055555555
mem[X,0x0000000080016B3C] -> 0x1513
mem[X,0x0000000080016B3E] -> 0x00B5
[2732] [M]: 0x0000000080016B3C (0x00B51513) slli a0, a0, 11
x10 <- 0x000002AAAAAAA800
mem[X,0x0000000080016B40] -> 0x0513
mem[X,0x0000000080016B42] -> 0x2AA5
[2733] [M]: 0x0000000080016B40 (0x2AA50513) addi a0, a0, 682
x10 <- 0x000002AAAAAAAAAA
mem[X,0x0000000080016B44] -> 0x1513
mem[X,0x0000000080016B46] -> 0x00B5
[2734] [M]: 0x0000000080016B44 (0x00B51513) slli a0, a0, 11
x10 <- 0x0015555555555000
mem[X,0x0000000080016B48] -> 0x0513
mem[X,0x0000000080016B4A] -> 0x5555
[2735] [M]: 0x0000000080016B48 (0x55550513) addi a0, a0, 1365
x10 <- 0x0015555555555555
mem[X,0x0000000080016B4C] -> 0x1513
mem[X,0x0000000080016B4E] -> 0x00A5
[2736] [M]: 0x0000000080016B4C (0x00A51513) slli a0, a0, 10
x10 <- 0x5555555555555400
mem[X,0x0000000080016B50] -> 0x0513
mem[X,0x0000000080016B52] -> 0x1555
[2737] [M]: 0x0000000080016B50 (0x15550513) addi a0, a0, 341
x10 <- 0x5555555555555555
mem[X,0x0000000080016B54] -> 0x65B7
mem[X,0x0000000080016B56] -> 0x6666
[2738] [M]: 0x0000000080016B54 (0x666665B7) lui a1, 419430
x11 <- 0x0000000066666000
mem[X,0x0000000080016B58] -> 0x8593
mem[X,0x0000000080016B5A] -> 0x6665
[2739] [M]: 0x0000000080016B58 (0x66658593) addi a1, a1, 1638
x11 <- 0x0000000066666666
mem[X,0x0000000080016B5C] -> 0x9593
mem[X,0x0000000080016B5E] -> 0x00B5
[2740] [M]: 0x0000000080016B5C (0x00B59593) slli a1, a1, 11
x11 <- 0x0000033333333000
mem[X,0x0000000080016B60] -> 0x8593
mem[X,0x0000000080016B62] -> 0x3335
[2741] [M]: 0x0000000080016B60 (0x33358593) addi a1, a1, 819
x11 <- 0x0000033333333333
mem[X,0x0000000080016B64] -> 0x9593
mem[X,0x0000000080016B66] -> 0x00B5
[2742] [M]: 0x0000000080016B64 (0x00B59593) slli a1, a1, 11
x11 <- 0x0019999999999800
mem[X,0x0000000080016B68] -> 0x8593
mem[X,0x0000000080016B6A] -> 0x1995
[2743] [M]: 0x0000000080016B68 (0x19958593) addi a1, a1, 409
x11 <- 0x0019999999999999
mem[X,0x0000000080016B6C] -> 0x9593
mem[X,0x0000000080016B6E] -> 0x00A5
[2744] [M]: 0x0000000080016B6C (0x00A59593) slli a1, a1, 10
x11 <- 0x6666666666666400
mem[X,0x0000000080016B70] -> 0x8593
mem[X,0x0000000080016B72] -> 0x2665
[2745] [M]: 0x0000000080016B70 (0x26658593) addi a1, a1, 614
x11 <- 0x6666666666666666
mem[X,0x0000000080016B74] -> 0x0113
mem[X,0x0000000080016B76] -> 0x0000
[2746] [M]: 0x0000000080016B74 (0x00000113) addi sp, zero, 0
x2 <- 0x0000000000000000
mem[X,0x0000000080016B78] -> 0x006F
mem[X,0x0000000080016B7A] -> 0x00C0
[2747] [M]: 0x0000000080016B78 (0x00C0006F) jal zero, 12
mem[X,0x0000000080016B84] -> 0x4063
mem[X,0x0000000080016B86] -> 0x40B5
[2748] [M]: 0x0000000080016B84 (0x40B54063) blt a0, a1, 1024
mem[X,0x0000000080016F84] -> 0x0113
mem[X,0x0000000080016F86] -> 0x0031
[2749] [M]: 0x0000000080016F84 (0x00310113) addi sp, sp, 3
x2 <- 0x0000000000000003
mem[X,0x0000000080016F88] -> 0x006F
mem[X,0x0000000080016F8A] -> 0x0040
[2750] [M]: 0x0000000080016F88 (0x0040006F) jal zero, 4
mem[X,0x0000000080016F8C] -> 0xB423
mem[X,0x0000000080016F8E] -> 0x6020
[2751] [M]: 0x0000000080016F8C (0x6020B423) sd sp, 1544(ra)
mem[0x000000008004F7E0] <- 0x0000000000000003
mem[X,0x0000000080016F90] -> 0x5537
mem[X,0x0000000080016F92] -> 0x5555
[2752] [M]: 0x0000000080016F90 (0x55555537) lui a0, 349525
x10 <- 0x0000000055555000
mem[X,0x0000000080016F94] -> 0x0513
mem[X,0x0000000080016F96] -> 0x5555
[2753] [M]: 0x0000000080016F94 (0x55550513) addi a0, a0, 1365
x10 <- 0x0000000055555555
mem[X,0x0000000080016F98] -> 0x1513
mem[X,0x0000000080016F9A] -> 0x00B5
[2754] [M]: 0x0000000080016F98 (0x00B51513) slli a0, a0, 11
x10 <- 0x000002AAAAAAA800
mem[X,0x0000000080016F9C] -> 0x0513
mem[X,0x0000000080016F9E] -> 0x2AA5
[2755] [M]: 0x0000000080016F9C (0x2AA50513) addi a0, a0, 682
x10 <- 0x000002AAAAAAAAAA
mem[X,0x0000000080016FA0] -> 0x1513
mem[X,0x0000000080016FA2] -> 0x00B5
[2756] [M]: 0x0000000080016FA0 (0x00B51513) slli a0, a0, 11
x10 <- 0x0015555555555000
mem[X,0x0000000080016FA4] -> 0x0513
mem[X,0x0000000080016FA6] -> 0x5555
[2757] [M]: 0x0000000080016FA4 (0x55550513) addi a0, a0, 1365
x10 <- 0x0015555555555555
mem[X,0x0000000080016FA8] -> 0x1513
mem[X,0x0000000080016FAA] -> 0x00A5
[2758] [M]: 0x0000000080016FA8 (0x00A51513) slli a0, a0, 10
x10 <- 0x5555555555555400
mem[X,0x0000000080016FAC] -> 0x0513
mem[X,0x0000000080016FAE] -> 0x1555
[2759] [M]: 0x0000000080016FAC (0x15550513) addi a0, a0, 341
x10 <- 0x5555555555555555
mem[X,0x0000000080016FB0] -> 0x05B7
mem[X,0x0000000080016FB2] -> 0x0000
[2760] [M]: 0x0000000080016FB0 (0x000005B7) lui a1, 0
x11 <- 0x0000000000000000
mem[X,0x0000000080016FB4] -> 0x8593
mem[X,0x0000000080016FB6] -> 0xFFF5
[2761] [M]: 0x0000000080016FB4 (0xFFF58593) addi a1, a1, 4095
x11 <- 0xFFFFFFFFFFFFFFFF
mem[X,0x0000000080016FB8] -> 0x9593
mem[X,0x0000000080016FBA] -> 0x00B5
[2762] [M]: 0x0000000080016FB8 (0x00B59593) slli a1, a1, 11
x11 <- 0xFFFFFFFFFFFFF800
mem[X,0x0000000080016FBC] -> 0x8593
mem[X,0x0000000080016FBE] -> 0x2575
[2763] [M]: 0x0000000080016FBC (0x25758593) addi a1, a1, 599
x11 <- 0xFFFFFFFFFFFFFA57
mem[X,0x0000000080016FC0] -> 0x9593
mem[X,0x0000000080016FC2] -> 0x00B5
[2764] [M]: 0x0000000080016FC0 (0x00B59593) slli a1, a1, 11
x11 <- 0xFFFFFFFFFFD2B800
mem[X,0x0000000080016FC4] -> 0x8593
mem[X,0x0000000080016FC6] -> 0x6C35
[2765] [M]: 0x0000000080016FC4 (0x6C358593) addi a1, a1, 1731
x11 <- 0xFFFFFFFFFFD2BEC3
mem[X,0x0000000080016FC8] -> 0x9593
mem[X,0x0000000080016FCA] -> 0x00A5
[2766] [M]: 0x0000000080016FC8 (0x00A59593) slli a1, a1, 10
x11 <- 0xFFFFFFFF4AFB0C00
mem[X,0x0000000080016FCC] -> 0x8593
mem[X,0x0000000080016FCE] -> 0x0CD5
[2767] [M]: 0x0000000080016FCC (0x0CD58593) addi a1, a1, 205
x11 <- 0xFFFFFFFF4AFB0CCD
mem[X,0x0000000080016FD0] -> 0x0113
mem[X,0x0000000080016FD2] -> 0x0000
[2768] [M]: 0x0000000080016FD0 (0x00000113) addi sp, zero, 0
x2 <- 0x0000000000000000
mem[X,0x0000000080016FD4] -> 0x006F
mem[X,0x0000000080016FD6] -> 0x00C0
[2769] [M]: 0x0000000080016FD4 (0x00C0006F) jal zero, 12
mem[X,0x0000000080016FE0] -> 0x4063
mem[X,0x0000000080016FE2] -> 0x08B5
[2770] [M]: 0x0000000080016FE0 (0x08B54063) blt a0, a1, 128
mem[X,0x0000000080016FE4] -> 0x0113
mem[X,0x0000000080016FE6] -> 0x0021
[2771] [M]: 0x0000000080016FE4 (0x00210113) addi sp, sp, 2
x2 <- 0x0000000000000002
mem[X,0x0000000080016FE8] -> 0x006F
mem[X,0x0000000080016FEA] -> 0x0800
[2772] [M]: 0x0000000080016FE8 (0x0800006F) jal zero, 128
mem[X,0x0000000080017068] -> 0xB823
mem[X,0x000000008001706A] -> 0x6020
[2773] [M]: 0x0000000080017068 (0x6020B823) sd sp, 1552(ra)
mem[0x000000008004F7E8] <- 0x0000000000000002
mem[X,0x000000008001706C] -> 0x5537
mem[X,0x000000008001706E] -> 0x5555
[2774] [M]: 0x000000008001706C (0x55555537) lui a0, 349525
x10 <- 0x0000000055555000
mem[X,0x0000000080017070] -> 0x0513
mem[X,0x0000000080017072] -> 0x5555
[2775] [M]: 0x0000000080017070 (0x55550513) addi a0, a0, 1365
x10 <- 0x0000000055555555
mem[X,0x0000000080017074] -> 0x1513
mem[X,0x0000000080017076] -> 0x00B5
[2776] [M]: 0x0000000080017074 (0x00B51513) slli a0, a0, 11
x10 <- 0x000002AAAAAAA800
mem[X,0x0000000080017078] -> 0x0513
mem[X,0x000000008001707A] -> 0x2AA5
[2777] [M]: 0x0000000080017078 (0x2AA50513) addi a0, a0, 682
x10 <- 0x000002AAAAAAAAAA
mem[X,0x000000008001707C] -> 0x1513
mem[X,0x000000008001707E] -> 0x00B5
[2778] [M]: 0x000000008001707C (0x00B51513) slli a0, a0, 11
x10 <- 0x0015555555555000
mem[X,0x0000000080017080] -> 0x0513
mem[X,0x0000000080017082] -> 0x5555
[2779] [M]: 0x0000000080017080 (0x55550513) addi a0, a0, 1365
x10 <- 0x0015555555555555
mem[X,0x0000000080017084] -> 0x1513
mem[X,0x0000000080017086] -> 0x00A5
[2780] [M]: 0x0000000080017084 (0x00A51513) slli a0, a0, 10
x10 <- 0x5555555555555400
mem[X,0x0000000080017088] -> 0x0513
mem[X,0x000000008001708A] -> 0x1555
[2781] [M]: 0x0000000080017088 (0x15550513) addi a0, a0, 341
x10 <- 0x5555555555555555
mem[X,0x000000008001708C] -> 0x05B7
mem[X,0x000000008001708E] -> 0x0000
[2782] [M]: 0x000000008001708C (0x000005B7) lui a1, 0
x11 <- 0x0000000000000000
mem[X,0x0000000080017090] -> 0x8593
mem[X,0x0000000080017092] -> 0x0005
[2783] [M]: 0x0000000080017090 (0x00058593) addi a1, a1, 0
x11 <- 0x0000000000000000
mem[X,0x0000000080017094] -> 0x9593
mem[X,0x0000000080017096] -> 0x00B5
[2784] [M]: 0x0000000080017094 (0x00B59593) slli a1, a1, 11
x11 <- 0x0000000000000000
mem[X,0x0000000080017098] -> 0x8593
mem[X,0x000000008001709A] -> 0x5A85
[2785] [M]: 0x0000000080017098 (0x5A858593) addi a1, a1, 1448
x11 <- 0x00000000000005A8
mem[X,0x000000008001709C] -> 0x9593
mem[X,0x000000008001709E] -> 0x00B5
[2786] [M]: 0x000000008001709C (0x00B59593) slli a1, a1, 11
x11 <- 0x00000000002D4000
mem[X,0x00000000800170A0] -> 0x8593
mem[X,0x00000000800170A2] -> 0x13C5
[2787] [M]: 0x00000000800170A0 (0x13C58593) addi a1, a1, 316
x11 <- 0x00000000002D413C
mem[X,0x00000000800170A4] -> 0x9593
mem[X,0x00000000800170A6] -> 0x00A5
[2788] [M]: 0x00000000800170A4 (0x00A59593) slli a1, a1, 10
x11 <- 0x00000000B504F000
mem[X,0x00000000800170A8] -> 0x8593
mem[X,0x00000000800170AA] -> 0x3335
[2789] [M]: 0x00000000800170A8 (0x33358593) addi a1, a1, 819
x11 <- 0x00000000B504F333
mem[X,0x00000000800170AC] -> 0x0113
mem[X,0x00000000800170AE] -> 0x0000
[2790] [M]: 0x00000000800170AC (0x00000113) addi sp, zero, 0
x2 <- 0x0000000000000000
mem[X,0x00000000800170B0] -> 0x006F
mem[X,0x00000000800170B2] -> 0x00C0
[2791] [M]: 0x00000000800170B0 (0x00C0006F) jal zero, 12
mem[X,0x00000000800170BC] -> 0x4CE3
mem[X,0x00000000800170BE] -> 0xFEB5
[2792] [M]: 0x00000000800170BC (0xFEB54CE3) blt a0, a1, 8184
mem[X,0x00000000800170C0] -> 0x0113
mem[X,0x00000000800170C2] -> 0x0021
[2793] [M]: 0x00000000800170C0 (0x00210113) addi sp, sp, 2
x2 <- 0x0000000000000002
mem[X,0x00000000800170C4] -> 0x006F
mem[X,0x00000000800170C6] -> 0x00C0
[2794] [M]: 0x00000000800170C4 (0x00C0006F) jal zero, 12
mem[X,0x00000000800170D0] -> 0xBC23
mem[X,0x00000000800170D2] -> 0x6020
[2795] [M]: 0x00000000800170D0 (0x6020BC23) sd sp, 1560(ra)
mem[0x000000008004F7F0] <- 0x0000000000000002
mem[X,0x00000000800170D4] -> 0x5537
mem[X,0x00000000800170D6] -> 0x5555
[2796] [M]: 0x00000000800170D4 (0x55555537) lui a0, 349525
x10 <- 0x0000000055555000
mem[X,0x00000000800170D8] -> 0x0513
mem[X,0x00000000800170DA] -> 0x5555
[2797] [M]: 0x00000000800170D8 (0x55550513) addi a0, a0, 1365
x10 <- 0x0000000055555555
mem[X,0x00000000800170DC] -> 0x1513
mem[X,0x00000000800170DE] -> 0x00B5
[2798] [M]: 0x00000000800170DC (0x00B51513) slli a0, a0, 11
x10 <- 0x000002AAAAAAA800
mem[X,0x00000000800170E0] -> 0x0513
mem[X,0x00000000800170E2] -> 0x2AA5
[2799] [M]: 0x00000000800170E0 (0x2AA50513) addi a0, a0, 682
x10 <- 0x000002AAAAAAAAAA
clint::tick mtime <- 0x000000000000001C
 clint timer pending at mtime 0x000000000000001C
htif::tick 0x0000000000000000
mem[X,0x00000000800170E4] -> 0x1513
mem[X,0x00000000800170E6] -> 0x00B5
[2800] [M]: 0x00000000800170E4 (0x00B51513) slli a0, a0, 11
x10 <- 0x0015555555555000
mem[X,0x00000000800170E8] -> 0x0513
mem[X,0x00000000800170EA] -> 0x5555
[2801] [M]: 0x00000000800170E8 (0x55550513) addi a0, a0, 1365
x10 <- 0x0015555555555555
mem[X,0x00000000800170EC] -> 0x1513
mem[X,0x00000000800170EE] -> 0x00A5
[2802] [M]: 0x00000000800170EC (0x00A51513) slli a0, a0, 10
x10 <- 0x5555555555555400
mem[X,0x00000000800170F0] -> 0x0513
mem[X,0x00000000800170F2] -> 0x1555
[2803] [M]: 0x00000000800170F0 (0x15550513) addi a0, a0, 341
x10 <- 0x5555555555555555
mem[X,0x00000000800170F4] -> 0x0593
mem[X,0x00000000800170F6] -> 0x0020
[2804] [M]: 0x00000000800170F4 (0x00200593) addi a1, zero, 2
x11 <- 0x0000000000000002
mem[X,0x00000000800170F8] -> 0x0113
mem[X,0x00000000800170FA] -> 0x0000
[2805] [M]: 0x00000000800170F8 (0x00000113) addi sp, zero, 0
x2 <- 0x0000000000000000
mem[X,0x00000000800170FC] -> 0x006F
mem[X,0x00000000800170FE] -> 0x0100
[2806] [M]: 0x00000000800170FC (0x0100006F) jal zero, 16
mem[X,0x000000008001710C] -> 0x4AE3
mem[X,0x000000008001710E] -> 0xFEB5
[2807] [M]: 0x000000008001710C (0xFEB54AE3) blt a0, a1, 8180
mem[X,0x0000000080017110] -> 0x0113
mem[X,0x0000000080017112] -> 0x0021
[2808] [M]: 0x0000000080017110 (0x00210113) addi sp, sp, 2
x2 <- 0x0000000000000002
mem[X,0x0000000080017114] -> 0x006F
mem[X,0x0000000080017116] -> 0x00C0
[2809] [M]: 0x0000000080017114 (0x00C0006F) jal zero, 12
mem[X,0x0000000080017120] -> 0xB023
mem[X,0x0000000080017122] -> 0x6220
[2810] [M]: 0x0000000080017120 (0x6220B023) sd sp, 1568(ra)
mem[0x000000008004F7F8] <- 0x0000000000000002
mem[X,0x0000000080017124] -> 0x5537
mem[X,0x0000000080017126] -> 0x5555
[2811] [M]: 0x0000000080017124 (0x55555537) lui a0, 349525
x10 <- 0x0000000055555000
mem[X,0x0000000080017128] -> 0x0513
mem[X,0x000000008001712A] -> 0x5555
[2812] [M]: 0x0000000080017128 (0x55550513) addi a0, a0, 1365
x10 <- 0x0000000055555555
mem[X,0x000000008001712C] -> 0x1513
mem[X,0x000000008001712E] -> 0x00B5
[2813] [M]: 0x000000008001712C (0x00B51513) slli a0, a0, 11
x10 <- 0x000002AAAAAAA800
mem[X,0x0000000080017130] -> 0x0513
mem[X,0x0000000080017132] -> 0x2AA5
[2814] [M]: 0x0000000080017130 (0x2AA50513) addi a0, a0, 682
x10 <- 0x000002AAAAAAAAAA
mem[X,0x0000000080017134] -> 0x1513
mem[X,0x0000000080017136] -> 0x00B5
[2815] [M]: 0x0000000080017134 (0x00B51513) slli a0, a0, 11
x10 <- 0x0015555555555000
mem[X,0x0000000080017138] -> 0x0513
mem[X,0x000000008001713A] -> 0x5555
[2816] [M]: 0x0000000080017138 (0x55550513) addi a0, a0, 1365
x10 <- 0x0015555555555555
mem[X,0x000000008001713C] -> 0x1513
mem[X,0x000000008001713E] -> 0x00A5
[2817] [M]: 0x000000008001713C (0x00A51513) slli a0, a0, 10
x10 <- 0x5555555555555400
mem[X,0x0000000080017140] -> 0x0513
mem[X,0x0000000080017142] -> 0x1555
[2818] [M]: 0x0000000080017140 (0x15550513) addi a0, a0, 341
x10 <- 0x5555555555555555
mem[X,0x0000000080017144] -> 0x55B7
mem[X,0x0000000080017146] -> 0x5555
[2819] [M]: 0x0000000080017144 (0x555555B7) lui a1, 349525
x11 <- 0x0000000055555000
mem[X,0x0000000080017148] -> 0x8593
mem[X,0x000000008001714A] -> 0x5555
[2820] [M]: 0x0000000080017148 (0x55558593) addi a1, a1, 1365
x11 <- 0x0000000055555555
mem[X,0x000000008001714C] -> 0x9593
mem[X,0x000000008001714E] -> 0x00B5
[2821] [M]: 0x000000008001714C (0x00B59593) slli a1, a1, 11
x11 <- 0x000002AAAAAAA800
mem[X,0x0000000080017150] -> 0x8593
mem[X,0x0000000080017152] -> 0x2AA5
[2822] [M]: 0x0000000080017150 (0x2AA58593) addi a1, a1, 682
x11 <- 0x000002AAAAAAAAAA
mem[X,0x0000000080017154] -> 0x9593
mem[X,0x0000000080017156] -> 0x00B5
[2823] [M]: 0x0000000080017154 (0x00B59593) slli a1, a1, 11
x11 <- 0x0015555555555000
mem[X,0x0000000080017158] -> 0x8593
mem[X,0x000000008001715A] -> 0x5555
[2824] [M]: 0x0000000080017158 (0x55558593) addi a1, a1, 1365
x11 <- 0x0015555555555555
mem[X,0x000000008001715C] -> 0x9593
mem[X,0x000000008001715E] -> 0x00A5
[2825] [M]: 0x000000008001715C (0x00A59593) slli a1, a1, 10
x11 <- 0x5555555555555400
mem[X,0x0000000080017160] -> 0x8593
mem[X,0x0000000080017162] -> 0x1545
[2826] [M]: 0x0000000080017160 (0x15458593) addi a1, a1, 340
x11 <- 0x5555555555555554
mem[X,0x0000000080017164] -> 0x0113
mem[X,0x0000000080017166] -> 0x0000
[2827] [M]: 0x0000000080017164 (0x00000113) addi sp, zero, 0
x2 <- 0x0000000000000000
mem[X,0x0000000080017168] -> 0x006F
mem[X,0x000000008001716A] -> 0x00C0
[2828] [M]: 0x0000000080017168 (0x00C0006F) jal zero, 12
mem[X,0x0000000080017174] -> 0x4063
mem[X,0x0000000080017176] -> 0x10B5
[2829] [M]: 0x0000000080017174 (0x10B54063) blt a0, a1, 256
mem[X,0x0000000080017178] -> 0x0113
mem[X,0x000000008001717A] -> 0x0021
[2830] [M]: 0x0000000080017178 (0x00210113) addi sp, sp, 2
x2 <- 0x0000000000000002
mem[X,0x000000008001717C] -> 0x006F
mem[X,0x000000008001717E] -> 0x1000
[2831] [M]: 0x000000008001717C (0x1000006F) jal zero, 256
mem[X,0x000000008001727C] -> 0xB423
mem[X,0x000000008001727E] -> 0x6220
[2832] [M]: 0x000000008001727C (0x6220B423) sd sp, 1576(ra)
mem[0x000000008004F800] <- 0x0000000000000002
mem[X,0x0000000080017280] -> 0x5537
mem[X,0x0000000080017282] -> 0x5555
[2833] [M]: 0x0000000080017280 (0x55555537) lui a0, 349525
x10 <- 0x0000000055555000
mem[X,0x0000000080017284] -> 0x0513
mem[X,0x0000000080017286] -> 0x5555
[2834] [M]: 0x0000000080017284 (0x55550513) addi a0, a0, 1365
x10 <- 0x0000000055555555
mem[X,0x0000000080017288] -> 0x1513
mem[X,0x000000008001728A] -> 0x00B5
[2835] [M]: 0x0000000080017288 (0x00B51513) slli a0, a0, 11
x10 <- 0x000002AAAAAAA800
mem[X,0x000000008001728C] -> 0x0513
mem[X,0x000000008001728E] -> 0x2AA5
[2836] [M]: 0x000000008001728C (0x2AA50513) addi a0, a0, 682
x10 <- 0x000002AAAAAAAAAA
mem[X,0x0000000080017290] -> 0x1513
mem[X,0x0000000080017292] -> 0x00B5
[2837] [M]: 0x0000000080017290 (0x00B51513) slli a0, a0, 11
x10 <- 0x0015555555555000
mem[X,0x0000000080017294] -> 0x0513
mem[X,0x0000000080017296] -> 0x5555
[2838] [M]: 0x0000000080017294 (0x55550513) addi a0, a0, 1365
x10 <- 0x0015555555555555
mem[X,0x0000000080017298] -> 0x1513
mem[X,0x000000008001729A] -> 0x00A5
[2839] [M]: 0x0000000080017298 (0x00A51513) slli a0, a0, 10
x10 <- 0x5555555555555400
mem[X,0x000000008001729C] -> 0x0513
mem[X,0x000000008001729E] -> 0x1555
[2840] [M]: 0x000000008001729C (0x15550513) addi a0, a0, 341
x10 <- 0x5555555555555555
mem[X,0x00000000800172A0] -> 0x0593
mem[X,0x00000000800172A2] -> 0x0000
[2841] [M]: 0x00000000800172A0 (0x00000593) addi a1, zero, 0
x11 <- 0x0000000000000000
mem[X,0x00000000800172A4] -> 0x0113
mem[X,0x00000000800172A6] -> 0x0000
[2842] [M]: 0x00000000800172A4 (0x00000113) addi sp, zero, 0
x2 <- 0x0000000000000000
mem[X,0x00000000800172A8] -> 0x006F
mem[X,0x00000000800172AA] -> 0x00C0
[2843] [M]: 0x00000000800172A8 (0x00C0006F) jal zero, 12
mem[X,0x00000000800172B4] -> 0x4063
mem[X,0x00000000800172B6] -> 0x20B5
[2844] [M]: 0x00000000800172B4 (0x20B54063) blt a0, a1, 512
mem[X,0x00000000800172B8] -> 0x0113
mem[X,0x00000000800172BA] -> 0x0021
[2845] [M]: 0x00000000800172B8 (0x00210113) addi sp, sp, 2
x2 <- 0x0000000000000002
mem[X,0x00000000800172BC] -> 0x006F
mem[X,0x00000000800172BE] -> 0x2000
[2846] [M]: 0x00000000800172BC (0x2000006F) jal zero, 512
mem[X,0x00000000800174BC] -> 0xB823
mem[X,0x00000000800174BE] -> 0x6220
[2847] [M]: 0x00000000800174BC (0x6220B823) sd sp, 1584(ra)
mem[0x000000008004F808] <- 0x0000000000000002
mem[X,0x00000000800174C0] -> 0x5537
mem[X,0x00000000800174C2] -> 0x5555
[2848] [M]: 0x00000000800174C0 (0x55555537) lui a0, 349525
x10 <- 0x0000000055555000
mem[X,0x00000000800174C4] -> 0x0513
mem[X,0x00000000800174C6] -> 0x5555
[2849] [M]: 0x00000000800174C4 (0x55550513) addi a0, a0, 1365
x10 <- 0x0000000055555555
mem[X,0x00000000800174C8] -> 0x1513
mem[X,0x00000000800174CA] -> 0x00B5
[2850] [M]: 0x00000000800174C8 (0x00B51513) slli a0, a0, 11
x10 <- 0x000002AAAAAAA800
mem[X,0x00000000800174CC] -> 0x0513
mem[X,0x00000000800174CE] -> 0x2AA5
[2851] [M]: 0x00000000800174CC (0x2AA50513) addi a0, a0, 682
x10 <- 0x000002AAAAAAAAAA
mem[X,0x00000000800174D0] -> 0x1513
mem[X,0x00000000800174D2] -> 0x00B5
[2852] [M]: 0x00000000800174D0 (0x00B51513) slli a0, a0, 11
x10 <- 0x0015555555555000
mem[X,0x00000000800174D4] -> 0x0513
mem[X,0x00000000800174D6] -> 0x5555
[2853] [M]: 0x00000000800174D4 (0x55550513) addi a0, a0, 1365
x10 <- 0x0015555555555555
mem[X,0x00000000800174D8] -> 0x1513
mem[X,0x00000000800174DA] -> 0x00A5
[2854] [M]: 0x00000000800174D8 (0x00A51513) slli a0, a0, 10
x10 <- 0x5555555555555400
mem[X,0x00000000800174DC] -> 0x0513
mem[X,0x00000000800174DE] -> 0x1555
[2855] [M]: 0x00000000800174DC (0x15550513) addi a0, a0, 341
x10 <- 0x5555555555555555
mem[X,0x00000000800174E0] -> 0x0593
mem[X,0x00000000800174E2] -> 0x0040
[2856] [M]: 0x00000000800174E0 (0x00400593) addi a1, zero, 4
x11 <- 0x0000000000000004
mem[X,0x00000000800174E4] -> 0x0113
mem[X,0x00000000800174E6] -> 0x0000
[2857] [M]: 0x00000000800174E4 (0x00000113) addi sp, zero, 0
x2 <- 0x0000000000000000
mem[X,0x00000000800174E8] -> 0x006F
mem[X,0x00000000800174EA] -> 0x0100
[2858] [M]: 0x00000000800174E8 (0x0100006F) jal zero, 16
mem[X,0x00000000800174F8] -> 0x4AE3
mem[X,0x00000000800174FA] -> 0xFEB5
[2859] [M]: 0x00000000800174F8 (0xFEB54AE3) blt a0, a1, 8180
mem[X,0x00000000800174FC] -> 0x0113
mem[X,0x00000000800174FE] -> 0x0021
[2860] [M]: 0x00000000800174FC (0x00210113) addi sp, sp, 2
x2 <- 0x0000000000000002
mem[X,0x0000000080017500] -> 0x006F
mem[X,0x0000000080017502] -> 0x00C0
[2861] [M]: 0x0000000080017500 (0x00C0006F) jal zero, 12
mem[X,0x000000008001750C] -> 0xBC23
mem[X,0x000000008001750E] -> 0x6220
[2862] [M]: 0x000000008001750C (0x6220BC23) sd sp, 1592(ra)
mem[0x000000008004F810] <- 0x0000000000000002
mem[X,0x0000000080017510] -> 0x5537
mem[X,0x0000000080017512] -> 0x5555
[2863] [M]: 0x0000000080017510 (0x55555537) lui a0, 349525
x10 <- 0x0000000055555000
mem[X,0x0000000080017514] -> 0x0513
mem[X,0x0000000080017516] -> 0x5555
[2864] [M]: 0x0000000080017514 (0x55550513) addi a0, a0, 1365
x10 <- 0x0000000055555555
mem[X,0x0000000080017518] -> 0x1513
mem[X,0x000000008001751A] -> 0x00B5
[2865] [M]: 0x0000000080017518 (0x00B51513) slli a0, a0, 11
x10 <- 0x000002AAAAAAA800
mem[X,0x000000008001751C] -> 0x0513
mem[X,0x000000008001751E] -> 0x2AA5
[2866] [M]: 0x000000008001751C (0x2AA50513) addi a0, a0, 682
x10 <- 0x000002AAAAAAAAAA
mem[X,0x0000000080017520] -> 0x1513
mem[X,0x0000000080017522] -> 0x00B5
[2867] [M]: 0x0000000080017520 (0x00B51513) slli a0, a0, 11
x10 <- 0x0015555555555000
mem[X,0x0000000080017524] -> 0x0513
mem[X,0x0000000080017526] -> 0x5555
[2868] [M]: 0x0000000080017524 (0x55550513) addi a0, a0, 1365
x10 <- 0x0015555555555555
mem[X,0x0000000080017528] -> 0x1513
mem[X,0x000000008001752A] -> 0x00A5
[2869] [M]: 0x0000000080017528 (0x00A51513) slli a0, a0, 10
x10 <- 0x5555555555555400
mem[X,0x000000008001752C] -> 0x0513
mem[X,0x000000008001752E] -> 0x1555
[2870] [M]: 0x000000008001752C (0x15550513) addi a0, a0, 341
x10 <- 0x5555555555555555
mem[X,0x0000000080017530] -> 0x35B7
mem[X,0x0000000080017532] -> 0x3333
[2871] [M]: 0x0000000080017530 (0x333335B7) lui a1, 209715
x11 <- 0x0000000033333000
mem[X,0x0000000080017534] -> 0x8593
mem[X,0x0000000080017536] -> 0x3335
[2872] [M]: 0x0000000080017534 (0x33358593) addi a1, a1, 819
x11 <- 0x0000000033333333
mem[X,0x0000000080017538] -> 0x9593
mem[X,0x000000008001753A] -> 0x00B5
[2873] [M]: 0x0000000080017538 (0x00B59593) slli a1, a1, 11
x11 <- 0x0000019999999800
mem[X,0x000000008001753C] -> 0x8593
mem[X,0x000000008001753E] -> 0x1995
[2874] [M]: 0x000000008001753C (0x19958593) addi a1, a1, 409
x11 <- 0x0000019999999999
mem[X,0x0000000080017540] -> 0x9593
mem[X,0x0000000080017542] -> 0x00B5
[2875] [M]: 0x0000000080017540 (0x00B59593) slli a1, a1, 11
x11 <- 0x000CCCCCCCCCC800
mem[X,0x0000000080017544] -> 0x8593
mem[X,0x0000000080017546] -> 0x4CC5
[2876] [M]: 0x0000000080017544 (0x4CC58593) addi a1, a1, 1228
x11 <- 0x000CCCCCCCCCCCCC
mem[X,0x0000000080017548] -> 0x9593
mem[X,0x000000008001754A] -> 0x00A5
[2877] [M]: 0x0000000080017548 (0x00A59593) slli a1, a1, 10
x11 <- 0x3333333333333000
mem[X,0x000000008001754C] -> 0x8593
mem[X,0x000000008001754E] -> 0x3325
[2878] [M]: 0x000000008001754C (0x33258593) addi a1, a1, 818
x11 <- 0x3333333333333332
mem[X,0x0000000080017550] -> 0x0113
mem[X,0x0000000080017552] -> 0x0000
[2879] [M]: 0x0000000080017550 (0x00000113) addi sp, zero, 0
x2 <- 0x0000000000000000
mem[X,0x0000000080017554] -> 0x006F
mem[X,0x0000000080017556] -> 0x00C0
[2880] [M]: 0x0000000080017554 (0x00C0006F) jal zero, 12
mem[X,0x0000000080017560] -> 0x4063
mem[X,0x0000000080017562] -> 0x08B5
[2881] [M]: 0x0000000080017560 (0x08B54063) blt a0, a1, 128
mem[X,0x0000000080017564] -> 0x0113
mem[X,0x0000000080017566] -> 0x0021
[2882] [M]: 0x0000000080017564 (0x00210113) addi sp, sp, 2
x2 <- 0x0000000000000002
mem[X,0x0000000080017568] -> 0x006F
mem[X,0x000000008001756A] -> 0x0800
[2883] [M]: 0x0000000080017568 (0x0800006F) jal zero, 128
mem[X,0x00000000800175E8] -> 0xB023
mem[X,0x00000000800175EA] -> 0x6420
[2884] [M]: 0x00000000800175E8 (0x6420B023) sd sp, 1600(ra)
mem[0x000000008004F818] <- 0x0000000000000002
mem[X,0x00000000800175EC] -> 0x5537
mem[X,0x00000000800175EE] -> 0x5555
[2885] [M]: 0x00000000800175EC (0x55555537) lui a0, 349525
x10 <- 0x0000000055555000
mem[X,0x00000000800175F0] -> 0x0513
mem[X,0x00000000800175F2] -> 0x5555
[2886] [M]: 0x00000000800175F0 (0x55550513) addi a0, a0, 1365
x10 <- 0x0000000055555555
mem[X,0x00000000800175F4] -> 0x1513
mem[X,0x00000000800175F6] -> 0x00B5
[2887] [M]: 0x00000000800175F4 (0x00B51513) slli a0, a0, 11
x10 <- 0x000002AAAAAAA800
mem[X,0x00000000800175F8] -> 0x0513
mem[X,0x00000000800175FA] -> 0x2AA5
[2888] [M]: 0x00000000800175F8 (0x2AA50513) addi a0, a0, 682
x10 <- 0x000002AAAAAAAAAA
mem[X,0x00000000800175FC] -> 0x1513
mem[X,0x00000000800175FE] -> 0x00B5
[2889] [M]: 0x00000000800175FC (0x00B51513) slli a0, a0, 11
x10 <- 0x0015555555555000
mem[X,0x0000000080017600] -> 0x0513
mem[X,0x0000000080017602] -> 0x5555
[2890] [M]: 0x0000000080017600 (0x55550513) addi a0, a0, 1365
x10 <- 0x0015555555555555
mem[X,0x0000000080017604] -> 0x1513
mem[X,0x0000000080017606] -> 0x00A5
[2891] [M]: 0x0000000080017604 (0x00A51513) slli a0, a0, 10
x10 <- 0x5555555555555400
mem[X,0x0000000080017608] -> 0x0513
mem[X,0x000000008001760A] -> 0x1555
[2892] [M]: 0x0000000080017608 (0x15550513) addi a0, a0, 341
x10 <- 0x5555555555555555
mem[X,0x000000008001760C] -> 0x65B7
mem[X,0x000000008001760E] -> 0x6666
[2893] [M]: 0x000000008001760C (0x666665B7) lui a1, 419430
x11 <- 0x0000000066666000
mem[X,0x0000000080017610] -> 0x8593
mem[X,0x0000000080017612] -> 0x6665
[2894] [M]: 0x0000000080017610 (0x66658593) addi a1, a1, 1638
x11 <- 0x0000000066666666
mem[X,0x0000000080017614] -> 0x9593
mem[X,0x0000000080017616] -> 0x00B5
[2895] [M]: 0x0000000080017614 (0x00B59593) slli a1, a1, 11
x11 <- 0x0000033333333000
mem[X,0x0000000080017618] -> 0x8593
mem[X,0x000000008001761A] -> 0x3335
[2896] [M]: 0x0000000080017618 (0x33358593) addi a1, a1, 819
x11 <- 0x0000033333333333
mem[X,0x000000008001761C] -> 0x9593
mem[X,0x000000008001761E] -> 0x00B5
[2897] [M]: 0x000000008001761C (0x00B59593) slli a1, a1, 11
x11 <- 0x0019999999999800
mem[X,0x0000000080017620] -> 0x8593
mem[X,0x0000000080017622] -> 0x1995
[2898] [M]: 0x0000000080017620 (0x19958593) addi a1, a1, 409
x11 <- 0x0019999999999999
mem[X,0x0000000080017624] -> 0x9593
mem[X,0x0000000080017626] -> 0x00A5
[2899] [M]: 0x0000000080017624 (0x00A59593) slli a1, a1, 10
x11 <- 0x6666666666666400
clint::tick mtime <- 0x000000000000001D
 clint timer pending at mtime 0x000000000000001D
htif::tick 0x0000000000000000
mem[X,0x0000000080017628] -> 0x8593
mem[X,0x000000008001762A] -> 0x2655
[2900] [M]: 0x0000000080017628 (0x26558593) addi a1, a1, 613
x11 <- 0x6666666666666665
mem[X,0x000000008001762C] -> 0x0113
mem[X,0x000000008001762E] -> 0x0000
[2901] [M]: 0x000000008001762C (0x00000113) addi sp, zero, 0
x2 <- 0x0000000000000000
mem[X,0x0000000080017630] -> 0x006F
mem[X,0x0000000080017632] -> 0x00C0
[2902] [M]: 0x0000000080017630 (0x00C0006F) jal zero, 12
mem[X,0x000000008001763C] -> 0x4863
mem[X,0x000000008001763E] -> 0x00B5
[2903] [M]: 0x000000008001763C (0x00B54863) blt a0, a1, 16
mem[X,0x000000008001764C] -> 0x0113
mem[X,0x000000008001764E] -> 0x0031
[2904] [M]: 0x000000008001764C (0x00310113) addi sp, sp, 3
x2 <- 0x0000000000000003
mem[X,0x0000000080017650] -> 0x006F
mem[X,0x0000000080017652] -> 0x0040
[2905] [M]: 0x0000000080017650 (0x0040006F) jal zero, 4
mem[X,0x0000000080017654] -> 0xB423
mem[X,0x0000000080017656] -> 0x6420
[2906] [M]: 0x0000000080017654 (0x6420B423) sd sp, 1608(ra)
mem[0x000000008004F820] <- 0x0000000000000003
mem[X,0x0000000080017658] -> 0x5537
mem[X,0x000000008001765A] -> 0x5555
[2907] [M]: 0x0000000080017658 (0x55555537) lui a0, 349525
x10 <- 0x0000000055555000
mem[X,0x000000008001765C] -> 0x0513
mem[X,0x000000008001765E] -> 0x5555
[2908] [M]: 0x000000008001765C (0x55550513) addi a0, a0, 1365
x10 <- 0x0000000055555555
mem[X,0x0000000080017660] -> 0x1513
mem[X,0x0000000080017662] -> 0x00B5
[2909] [M]: 0x0000000080017660 (0x00B51513) slli a0, a0, 11
x10 <- 0x000002AAAAAAA800
mem[X,0x0000000080017664] -> 0x0513
mem[X,0x0000000080017666] -> 0x2AA5
[2910] [M]: 0x0000000080017664 (0x2AA50513) addi a0, a0, 682
x10 <- 0x000002AAAAAAAAAA
mem[X,0x0000000080017668] -> 0x1513
mem[X,0x000000008001766A] -> 0x00B5
[2911] [M]: 0x0000000080017668 (0x00B51513) slli a0, a0, 11
x10 <- 0x0015555555555000
mem[X,0x000000008001766C] -> 0x0513
mem[X,0x000000008001766E] -> 0x5555
[2912] [M]: 0x000000008001766C (0x55550513) addi a0, a0, 1365
x10 <- 0x0015555555555555
mem[X,0x0000000080017670] -> 0x1513
mem[X,0x0000000080017672] -> 0x00A5
[2913] [M]: 0x0000000080017670 (0x00A51513) slli a0, a0, 10
x10 <- 0x5555555555555400
mem[X,0x0000000080017674] -> 0x0513
mem[X,0x0000000080017676] -> 0x1555
[2914] [M]: 0x0000000080017674 (0x15550513) addi a0, a0, 341
x10 <- 0x5555555555555555
mem[X,0x0000000080017678] -> 0x05B7
mem[X,0x000000008001767A] -> 0x0000
[2915] [M]: 0x0000000080017678 (0x000005B7) lui a1, 0
x11 <- 0x0000000000000000
mem[X,0x000000008001767C] -> 0x8593
mem[X,0x000000008001767E] -> 0x0005
[2916] [M]: 0x000000008001767C (0x00058593) addi a1, a1, 0
x11 <- 0x0000000000000000
mem[X,0x0000000080017680] -> 0x9593
mem[X,0x0000000080017682] -> 0x00B5
[2917] [M]: 0x0000000080017680 (0x00B59593) slli a1, a1, 11
x11 <- 0x0000000000000000
mem[X,0x0000000080017684] -> 0x8593
mem[X,0x0000000080017686] -> 0x5A85
[2918] [M]: 0x0000000080017684 (0x5A858593) addi a1, a1, 1448
x11 <- 0x00000000000005A8
mem[X,0x0000000080017688] -> 0x9593
mem[X,0x000000008001768A] -> 0x00B5
[2919] [M]: 0x0000000080017688 (0x00B59593) slli a1, a1, 11
x11 <- 0x00000000002D4000
mem[X,0x000000008001768C] -> 0x8593
mem[X,0x000000008001768E] -> 0x13C5
[2920] [M]: 0x000000008001768C (0x13C58593) addi a1, a1, 316
x11 <- 0x00000000002D413C
mem[X,0x0000000080017690] -> 0x9593
mem[X,0x0000000080017692] -> 0x00A5
[2921] [M]: 0x0000000080017690 (0x00A59593) slli a1, a1, 10
x11 <- 0x00000000B504F000
mem[X,0x0000000080017694] -> 0x8593
mem[X,0x0000000080017696] -> 0x3325
[2922] [M]: 0x0000000080017694 (0x33258593) addi a1, a1, 818
x11 <- 0x00000000B504F332
mem[X,0x0000000080017698] -> 0x0113
mem[X,0x000000008001769A] -> 0x0000
[2923] [M]: 0x0000000080017698 (0x00000113) addi sp, zero, 0
x2 <- 0x0000000000000000
mem[X,0x000000008001769C] -> 0x006F
mem[X,0x000000008001769E] -> 0x0050
[2924] [M]: 0x000000008001769C (0x0050006F) jal zero, 2052
mem[X,0x0000000080017EA0] -> 0x40E3
mem[X,0x0000000080017EA2] -> 0x80B5
[2925] [M]: 0x0000000080017EA0 (0x80B540E3) blt a0, a1, 6144
mem[X,0x0000000080017EA4] -> 0x0113
mem[X,0x0000000080017EA6] -> 0x0021
[2926] [M]: 0x0000000080017EA4 (0x00210113) addi sp, sp, 2
x2 <- 0x0000000000000002
mem[X,0x0000000080017EA8] -> 0x006F
mem[X,0x0000000080017EAA] -> 0x00C0
[2927] [M]: 0x0000000080017EA8 (0x00C0006F) jal zero, 12
mem[X,0x0000000080017EB4] -> 0xB823
mem[X,0x0000000080017EB6] -> 0x6420
[2928] [M]: 0x0000000080017EB4 (0x6420B823) sd sp, 1616(ra)
mem[0x000000008004F828] <- 0x0000000000000002
mem[X,0x0000000080017EB8] -> 0x5537
mem[X,0x0000000080017EBA] -> 0x5555
[2929] [M]: 0x0000000080017EB8 (0x55555537) lui a0, 349525
x10 <- 0x0000000055555000
mem[X,0x0000000080017EBC] -> 0x0513
mem[X,0x0000000080017EBE] -> 0x5555
[2930] [M]: 0x0000000080017EBC (0x55550513) addi a0, a0, 1365
x10 <- 0x0000000055555555
mem[X,0x0000000080017EC0] -> 0x1513
mem[X,0x0000000080017EC2] -> 0x00B5
[2931] [M]: 0x0000000080017EC0 (0x00B51513) slli a0, a0, 11
x10 <- 0x000002AAAAAAA800
mem[X,0x0000000080017EC4] -> 0x0513
mem[X,0x0000000080017EC6] -> 0x2AA5
[2932] [M]: 0x0000000080017EC4 (0x2AA50513) addi a0, a0, 682
x10 <- 0x000002AAAAAAAAAA
mem[X,0x0000000080017EC8] -> 0x1513
mem[X,0x0000000080017ECA] -> 0x00B5
[2933] [M]: 0x0000000080017EC8 (0x00B51513) slli a0, a0, 11
x10 <- 0x0015555555555000
mem[X,0x0000000080017ECC] -> 0x0513
mem[X,0x0000000080017ECE] -> 0x5555
[2934] [M]: 0x0000000080017ECC (0x55550513) addi a0, a0, 1365
x10 <- 0x0015555555555555
mem[X,0x0000000080017ED0] -> 0x1513
mem[X,0x0000000080017ED2] -> 0x00A5
[2935] [M]: 0x0000000080017ED0 (0x00A51513) slli a0, a0, 10
x10 <- 0x5555555555555400
mem[X,0x0000000080017ED4] -> 0x0513
mem[X,0x0000000080017ED6] -> 0x1555
[2936] [M]: 0x0000000080017ED4 (0x15550513) addi a0, a0, 341
x10 <- 0x5555555555555555
mem[X,0x0000000080017ED8] -> 0x55B7
mem[X,0x0000000080017EDA] -> 0x5555
[2937] [M]: 0x0000000080017ED8 (0x555555B7) lui a1, 349525
x11 <- 0x0000000055555000
mem[X,0x0000000080017EDC] -> 0x8593
mem[X,0x0000000080017EDE] -> 0x5555
[2938] [M]: 0x0000000080017EDC (0x55558593) addi a1, a1, 1365
x11 <- 0x0000000055555555
mem[X,0x0000000080017EE0] -> 0x9593
mem[X,0x0000000080017EE2] -> 0x00B5
[2939] [M]: 0x0000000080017EE0 (0x00B59593) slli a1, a1, 11
x11 <- 0x000002AAAAAAA800
mem[X,0x0000000080017EE4] -> 0x8593
mem[X,0x0000000080017EE6] -> 0x2AA5
[2940] [M]: 0x0000000080017EE4 (0x2AA58593) addi a1, a1, 682
x11 <- 0x000002AAAAAAAAAA
mem[X,0x0000000080017EE8] -> 0x9593
mem[X,0x0000000080017EEA] -> 0x00B5
[2941] [M]: 0x0000000080017EE8 (0x00B59593) slli a1, a1, 11
x11 <- 0x0015555555555000
mem[X,0x0000000080017EEC] -> 0x8593
mem[X,0x0000000080017EEE] -> 0x5555
[2942] [M]: 0x0000000080017EEC (0x55558593) addi a1, a1, 1365
x11 <- 0x0015555555555555
mem[X,0x0000000080017EF0] -> 0x9593
mem[X,0x0000000080017EF2] -> 0x00A5
[2943] [M]: 0x0000000080017EF0 (0x00A59593) slli a1, a1, 10
x11 <- 0x5555555555555400
mem[X,0x0000000080017EF4] -> 0x8593
mem[X,0x0000000080017EF6] -> 0x1565
[2944] [M]: 0x0000000080017EF4 (0x15658593) addi a1, a1, 342
x11 <- 0x5555555555555556
mem[X,0x0000000080017EF8] -> 0x0113
mem[X,0x0000000080017EFA] -> 0x0000
[2945] [M]: 0x0000000080017EF8 (0x00000113) addi sp, zero, 0
x2 <- 0x0000000000000000
mem[X,0x0000000080017EFC] -> 0x006F
mem[X,0x0000000080017EFE] -> 0x0050
[2946] [M]: 0x0000000080017EFC (0x0050006F) jal zero, 2052
mem[X,0x0000000080018700] -> 0x40E3
mem[X,0x0000000080018702] -> 0x80B5
[2947] [M]: 0x0000000080018700 (0x80B540E3) blt a0, a1, 6144
mem[X,0x0000000080017F00] -> 0x0113
mem[X,0x0000000080017F02] -> 0x0011
[2948] [M]: 0x0000000080017F00 (0x00110113) addi sp, sp, 1
x2 <- 0x0000000000000001
mem[X,0x0000000080017F04] -> 0x006F
mem[X,0x0000000080017F06] -> 0x0110
[2949] [M]: 0x0000000080017F04 (0x0110006F) jal zero, 2064
mem[X,0x0000000080018714] -> 0xBC23
mem[X,0x0000000080018716] -> 0x6420
[2950] [M]: 0x0000000080018714 (0x6420BC23) sd sp, 1624(ra)
mem[0x000000008004F830] <- 0x0000000000000001
mem[X,0x0000000080018718] -> 0x5537
mem[X,0x000000008001871A] -> 0x5555
[2951] [M]: 0x0000000080018718 (0x55555537) lui a0, 349525
x10 <- 0x0000000055555000
mem[X,0x000000008001871C] -> 0x0513
mem[X,0x000000008001871E] -> 0x5555
[2952] [M]: 0x000000008001871C (0x55550513) addi a0, a0, 1365
x10 <- 0x0000000055555555
mem[X,0x0000000080018720] -> 0x1513
mem[X,0x0000000080018722] -> 0x00B5
[2953] [M]: 0x0000000080018720 (0x00B51513) slli a0, a0, 11
x10 <- 0x000002AAAAAAA800
mem[X,0x0000000080018724] -> 0x0513
mem[X,0x0000000080018726] -> 0x2AA5
[2954] [M]: 0x0000000080018724 (0x2AA50513) addi a0, a0, 682
x10 <- 0x000002AAAAAAAAAA
mem[X,0x0000000080018728] -> 0x1513
mem[X,0x000000008001872A] -> 0x00B5
[2955] [M]: 0x0000000080018728 (0x00B51513) slli a0, a0, 11
x10 <- 0x0015555555555000
mem[X,0x000000008001872C] -> 0x0513
mem[X,0x000000008001872E] -> 0x5555
[2956] [M]: 0x000000008001872C (0x55550513) addi a0, a0, 1365
x10 <- 0x0015555555555555
mem[X,0x0000000080018730] -> 0x1513
mem[X,0x0000000080018732] -> 0x00A5
[2957] [M]: 0x0000000080018730 (0x00A51513) slli a0, a0, 10
x10 <- 0x5555555555555400
mem[X,0x0000000080018734] -> 0x0513
mem[X,0x0000000080018736] -> 0x1555
[2958] [M]: 0x0000000080018734 (0x15550513) addi a0, a0, 341
x10 <- 0x5555555555555555
mem[X,0x0000000080018738] -> 0xB5B7
mem[X,0x000000008001873A] -> 0xAAAA
[2959] [M]: 0x0000000080018738 (0xAAAAB5B7) lui a1, 699051
x11 <- 0xFFFFFFFFAAAAB000
mem[X,0x000000008001873C] -> 0x8593
mem[X,0x000000008001873E] -> 0xAAA5
[2960] [M]: 0x000000008001873C (0xAAA58593) addi a1, a1, 2730
x11 <- 0xFFFFFFFFAAAAAAAA
mem[X,0x0000000080018740] -> 0x9593
mem[X,0x0000000080018742] -> 0x00B5
[2961] [M]: 0x0000000080018740 (0x00B59593) slli a1, a1, 11
x11 <- 0xFFFFFD5555555000
mem[X,0x0000000080018744] -> 0x8593
mem[X,0x0000000080018746] -> 0x5555
[2962] [M]: 0x0000000080018744 (0x55558593) addi a1, a1, 1365
x11 <- 0xFFFFFD5555555555
mem[X,0x0000000080018748] -> 0x9593
mem[X,0x000000008001874A] -> 0x00B5
[2963] [M]: 0x0000000080018748 (0x00B59593) slli a1, a1, 11
x11 <- 0xFFEAAAAAAAAAA800
mem[X,0x000000008001874C] -> 0x8593
mem[X,0x000000008001874E] -> 0x2AA5
[2964] [M]: 0x000000008001874C (0x2AA58593) addi a1, a1, 682
x11 <- 0xFFEAAAAAAAAAAAAA
mem[X,0x0000000080018750] -> 0x9593
mem[X,0x0000000080018752] -> 0x00A5
[2965] [M]: 0x0000000080018750 (0x00A59593) slli a1, a1, 10
x11 <- 0xAAAAAAAAAAAAA800
mem[X,0x0000000080018754] -> 0x8593
mem[X,0x0000000080018756] -> 0x2AB5
[2966] [M]: 0x0000000080018754 (0x2AB58593) addi a1, a1, 683
x11 <- 0xAAAAAAAAAAAAAAAB
mem[X,0x0000000080018758] -> 0x0113
mem[X,0x000000008001875A] -> 0x0000
[2967] [M]: 0x0000000080018758 (0x00000113) addi sp, zero, 0
x2 <- 0x0000000000000000
mem[X,0x000000008001875C] -> 0x006F
mem[X,0x000000008001875E] -> 0x00C0
[2968] [M]: 0x000000008001875C (0x00C0006F) jal zero, 12
mem[X,0x0000000080018768] -> 0x4863
mem[X,0x000000008001876A] -> 0x00B5
[2969] [M]: 0x0000000080018768 (0x00B54863) blt a0, a1, 16
mem[X,0x000000008001876C] -> 0x0113
mem[X,0x000000008001876E] -> 0x0021
[2970] [M]: 0x000000008001876C (0x00210113) addi sp, sp, 2
x2 <- 0x0000000000000002
mem[X,0x0000000080018770] -> 0x006F
mem[X,0x0000000080018772] -> 0x0100
[2971] [M]: 0x0000000080018770 (0x0100006F) jal zero, 16
mem[X,0x0000000080018780] -> 0xB023
mem[X,0x0000000080018782] -> 0x6620
[2972] [M]: 0x0000000080018780 (0x6620B023) sd sp, 1632(ra)
mem[0x000000008004F838] <- 0x0000000000000002
mem[X,0x0000000080018784] -> 0x5537
mem[X,0x0000000080018786] -> 0x5555
[2973] [M]: 0x0000000080018784 (0x55555537) lui a0, 349525
x10 <- 0x0000000055555000
mem[X,0x0000000080018788] -> 0x0513
mem[X,0x000000008001878A] -> 0x5555
[2974] [M]: 0x0000000080018788 (0x55550513) addi a0, a0, 1365
x10 <- 0x0000000055555555
mem[X,0x000000008001878C] -> 0x1513
mem[X,0x000000008001878E] -> 0x00B5
[2975] [M]: 0x000000008001878C (0x00B51513) slli a0, a0, 11
x10 <- 0x000002AAAAAAA800
mem[X,0x0000000080018790] -> 0x0513
mem[X,0x0000000080018792] -> 0x2AA5
[2976] [M]: 0x0000000080018790 (0x2AA50513) addi a0, a0, 682
x10 <- 0x000002AAAAAAAAAA
mem[X,0x0000000080018794] -> 0x1513
mem[X,0x0000000080018796] -> 0x00B5
[2977] [M]: 0x0000000080018794 (0x00B51513) slli a0, a0, 11
x10 <- 0x0015555555555000
mem[X,0x0000000080018798] -> 0x0513
mem[X,0x000000008001879A] -> 0x5555
[2978] [M]: 0x0000000080018798 (0x55550513) addi a0, a0, 1365
x10 <- 0x0015555555555555
mem[X,0x000000008001879C] -> 0x1513
mem[X,0x000000008001879E] -> 0x00A5
[2979] [M]: 0x000000008001879C (0x00A51513) slli a0, a0, 10
x10 <- 0x5555555555555400
mem[X,0x00000000800187A0] -> 0x0513
mem[X,0x00000000800187A2] -> 0x1555
[2980] [M]: 0x00000000800187A0 (0x15550513) addi a0, a0, 341
x10 <- 0x5555555555555555
mem[X,0x00000000800187A4] -> 0x0593
mem[X,0x00000000800187A6] -> 0x0060
[2981] [M]: 0x00000000800187A4 (0x00600593) addi a1, zero, 6
x11 <- 0x0000000000000006
mem[X,0x00000000800187A8] -> 0x0113
mem[X,0x00000000800187AA] -> 0x0000
[2982] [M]: 0x00000000800187A8 (0x00000113) addi sp, zero, 0
x2 <- 0x0000000000000000
mem[X,0x00000000800187AC] -> 0x006F
mem[X,0x00000000800187AE] -> 0x00C0
[2983] [M]: 0x00000000800187AC (0x00C0006F) jal zero, 12
mem[X,0x00000000800187B8] -> 0x4063
mem[X,0x00000000800187BA] -> 0x20B5
[2984] [M]: 0x00000000800187B8 (0x20B54063) blt a0, a1, 512
mem[X,0x00000000800187BC] -> 0x0113
mem[X,0x00000000800187BE] -> 0x0021
[2985] [M]: 0x00000000800187BC (0x00210113) addi sp, sp, 2
x2 <- 0x0000000000000002
mem[X,0x00000000800187C0] -> 0x006F
mem[X,0x00000000800187C2] -> 0x2000
[2986] [M]: 0x00000000800187C0 (0x2000006F) jal zero, 512
mem[X,0x00000000800189C0] -> 0xB423
mem[X,0x00000000800189C2] -> 0x6620
[2987] [M]: 0x00000000800189C0 (0x6620B423) sd sp, 1640(ra)
mem[0x000000008004F840] <- 0x0000000000000002
mem[X,0x00000000800189C4] -> 0x5537
mem[X,0x00000000800189C6] -> 0x5555
[2988] [M]: 0x00000000800189C4 (0x55555537) lui a0, 349525
x10 <- 0x0000000055555000
mem[X,0x00000000800189C8] -> 0x0513
mem[X,0x00000000800189CA] -> 0x5555
[2989] [M]: 0x00000000800189C8 (0x55550513) addi a0, a0, 1365
x10 <- 0x0000000055555555
mem[X,0x00000000800189CC] -> 0x1513
mem[X,0x00000000800189CE] -> 0x00B5
[2990] [M]: 0x00000000800189CC (0x00B51513) slli a0, a0, 11
x10 <- 0x000002AAAAAAA800
mem[X,0x00000000800189D0] -> 0x0513
mem[X,0x00000000800189D2] -> 0x2AA5
[2991] [M]: 0x00000000800189D0 (0x2AA50513) addi a0, a0, 682
x10 <- 0x000002AAAAAAAAAA
mem[X,0x00000000800189D4] -> 0x1513
mem[X,0x00000000800189D6] -> 0x00B5
[2992] [M]: 0x00000000800189D4 (0x00B51513) slli a0, a0, 11
x10 <- 0x0015555555555000
mem[X,0x00000000800189D8] -> 0x0513
mem[X,0x00000000800189DA] -> 0x5555
[2993] [M]: 0x00000000800189D8 (0x55550513) addi a0, a0, 1365
x10 <- 0x0015555555555555
mem[X,0x00000000800189DC] -> 0x1513
mem[X,0x00000000800189DE] -> 0x00A5
[2994] [M]: 0x00000000800189DC (0x00A51513) slli a0, a0, 10
x10 <- 0x5555555555555400
mem[X,0x00000000800189E0] -> 0x0513
mem[X,0x00000000800189E2] -> 0x1555
[2995] [M]: 0x00000000800189E0 (0x15550513) addi a0, a0, 341
x10 <- 0x5555555555555555
mem[X,0x00000000800189E4] -> 0x35B7
mem[X,0x00000000800189E6] -> 0x3333
[2996] [M]: 0x00000000800189E4 (0x333335B7) lui a1, 209715
x11 <- 0x0000000033333000
mem[X,0x00000000800189E8] -> 0x8593
mem[X,0x00000000800189EA] -> 0x3335
[2997] [M]: 0x00000000800189E8 (0x33358593) addi a1, a1, 819
x11 <- 0x0000000033333333
mem[X,0x00000000800189EC] -> 0x9593
mem[X,0x00000000800189EE] -> 0x00B5
[2998] [M]: 0x00000000800189EC (0x00B59593) slli a1, a1, 11
x11 <- 0x0000019999999800
mem[X,0x00000000800189F0] -> 0x8593
mem[X,0x00000000800189F2] -> 0x1995
[2999] [M]: 0x00000000800189F0 (0x19958593) addi a1, a1, 409
x11 <- 0x0000019999999999
clint::tick mtime <- 0x000000000000001E
 clint timer pending at mtime 0x000000000000001E
htif::tick 0x0000000000000000
mem[X,0x00000000800189F4] -> 0x9593
mem[X,0x00000000800189F6] -> 0x00B5
[3000] [M]: 0x00000000800189F4 (0x00B59593) slli a1, a1, 11
x11 <- 0x000CCCCCCCCCC800
mem[X,0x00000000800189F8] -> 0x8593
mem[X,0x00000000800189FA] -> 0x4CC5
[3001] [M]: 0x00000000800189F8 (0x4CC58593) addi a1, a1, 1228
x11 <- 0x000CCCCCCCCCCCCC
mem[X,0x00000000800189FC] -> 0x9593
mem[X,0x00000000800189FE] -> 0x00A5
[3002] [M]: 0x00000000800189FC (0x00A59593) slli a1, a1, 10
x11 <- 0x3333333333333000
mem[X,0x0000000080018A00] -> 0x8593
mem[X,0x0000000080018A02] -> 0x3345
[3003] [M]: 0x0000000080018A00 (0x33458593) addi a1, a1, 820
x11 <- 0x3333333333333334
mem[X,0x0000000080018A04] -> 0x0113
mem[X,0x0000000080018A06] -> 0x0000
[3004] [M]: 0x0000000080018A04 (0x00000113) addi sp, zero, 0
x2 <- 0x0000000000000000
mem[X,0x0000000080018A08] -> 0x006F
mem[X,0x0000000080018A0A] -> 0x00C0
[3005] [M]: 0x0000000080018A08 (0x00C0006F) jal zero, 12
mem[X,0x0000000080018A14] -> 0x4063
mem[X,0x0000000080018A16] -> 0x04B5
[3006] [M]: 0x0000000080018A14 (0x04B54063) blt a0, a1, 64
mem[X,0x0000000080018A18] -> 0x0113
mem[X,0x0000000080018A1A] -> 0x0021
[3007] [M]: 0x0000000080018A18 (0x00210113) addi sp, sp, 2
x2 <- 0x0000000000000002
mem[X,0x0000000080018A1C] -> 0x006F
mem[X,0x0000000080018A1E] -> 0x0400
[3008] [M]: 0x0000000080018A1C (0x0400006F) jal zero, 64
mem[X,0x0000000080018A5C] -> 0xB823
mem[X,0x0000000080018A5E] -> 0x6620
[3009] [M]: 0x0000000080018A5C (0x6620B823) sd sp, 1648(ra)
mem[0x000000008004F848] <- 0x0000000000000002
mem[X,0x0000000080018A60] -> 0x5537
mem[X,0x0000000080018A62] -> 0x5555
[3010] [M]: 0x0000000080018A60 (0x55555537) lui a0, 349525
x10 <- 0x0000000055555000
mem[X,0x0000000080018A64] -> 0x0513
mem[X,0x0000000080018A66] -> 0x5555
[3011] [M]: 0x0000000080018A64 (0x55550513) addi a0, a0, 1365
x10 <- 0x0000000055555555
mem[X,0x0000000080018A68] -> 0x1513
mem[X,0x0000000080018A6A] -> 0x00B5
[3012] [M]: 0x0000000080018A68 (0x00B51513) slli a0, a0, 11
x10 <- 0x000002AAAAAAA800
mem[X,0x0000000080018A6C] -> 0x0513
mem[X,0x0000000080018A6E] -> 0x2AA5
[3013] [M]: 0x0000000080018A6C (0x2AA50513) addi a0, a0, 682
x10 <- 0x000002AAAAAAAAAA
mem[X,0x0000000080018A70] -> 0x1513
mem[X,0x0000000080018A72] -> 0x00B5
[3014] [M]: 0x0000000080018A70 (0x00B51513) slli a0, a0, 11
x10 <- 0x0015555555555000
mem[X,0x0000000080018A74] -> 0x0513
mem[X,0x0000000080018A76] -> 0x5555
[3015] [M]: 0x0000000080018A74 (0x55550513) addi a0, a0, 1365
x10 <- 0x0015555555555555
mem[X,0x0000000080018A78] -> 0x1513
mem[X,0x0000000080018A7A] -> 0x00A5
[3016] [M]: 0x0000000080018A78 (0x00A51513) slli a0, a0, 10
x10 <- 0x5555555555555400
mem[X,0x0000000080018A7C] -> 0x0513
mem[X,0x0000000080018A7E] -> 0x1555
[3017] [M]: 0x0000000080018A7C (0x15550513) addi a0, a0, 341
x10 <- 0x5555555555555555
mem[X,0x0000000080018A80] -> 0x65B7
mem[X,0x0000000080018A82] -> 0x6666
[3018] [M]: 0x0000000080018A80 (0x666665B7) lui a1, 419430
x11 <- 0x0000000066666000
mem[X,0x0000000080018A84] -> 0x8593
mem[X,0x0000000080018A86] -> 0x6665
[3019] [M]: 0x0000000080018A84 (0x66658593) addi a1, a1, 1638
x11 <- 0x0000000066666666
mem[X,0x0000000080018A88] -> 0x9593
mem[X,0x0000000080018A8A] -> 0x00B5
[3020] [M]: 0x0000000080018A88 (0x00B59593) slli a1, a1, 11
x11 <- 0x0000033333333000
mem[X,0x0000000080018A8C] -> 0x8593
mem[X,0x0000000080018A8E] -> 0x3335
[3021] [M]: 0x0000000080018A8C (0x33358593) addi a1, a1, 819
x11 <- 0x0000033333333333
mem[X,0x0000000080018A90] -> 0x9593
mem[X,0x0000000080018A92] -> 0x00B5
[3022] [M]: 0x0000000080018A90 (0x00B59593) slli a1, a1, 11
x11 <- 0x0019999999999800
mem[X,0x0000000080018A94] -> 0x8593
mem[X,0x0000000080018A96] -> 0x1995
[3023] [M]: 0x0000000080018A94 (0x19958593) addi a1, a1, 409
x11 <- 0x0019999999999999
mem[X,0x0000000080018A98] -> 0x9593
mem[X,0x0000000080018A9A] -> 0x00A5
[3024] [M]: 0x0000000080018A98 (0x00A59593) slli a1, a1, 10
x11 <- 0x6666666666666400
mem[X,0x0000000080018A9C] -> 0x8593
mem[X,0x0000000080018A9E] -> 0x2675
[3025] [M]: 0x0000000080018A9C (0x26758593) addi a1, a1, 615
x11 <- 0x6666666666666667
mem[X,0x0000000080018AA0] -> 0x0113
mem[X,0x0000000080018AA2] -> 0x0000
[3026] [M]: 0x0000000080018AA0 (0x00000113) addi sp, zero, 0
x2 <- 0x0000000000000000
mem[X,0x0000000080018AA4] -> 0x006F
mem[X,0x0000000080018AA6] -> 0x0100
[3027] [M]: 0x0000000080018AA4 (0x0100006F) jal zero, 16
mem[X,0x0000000080018AB4] -> 0x4AE3
mem[X,0x0000000080018AB6] -> 0xFEB5
[3028] [M]: 0x0000000080018AB4 (0xFEB54AE3) blt a0, a1, 8180
mem[X,0x0000000080018AA8] -> 0x0113
mem[X,0x0000000080018AAA] -> 0x0011
[3029] [M]: 0x0000000080018AA8 (0x00110113) addi sp, sp, 1
x2 <- 0x0000000000000001
mem[X,0x0000000080018AAC] -> 0x006F
mem[X,0x0000000080018AAE] -> 0x01C0
[3030] [M]: 0x0000000080018AAC (0x01C0006F) jal zero, 28
mem[X,0x0000000080018AC8] -> 0xBC23
mem[X,0x0000000080018ACA] -> 0x6620
[3031] [M]: 0x0000000080018AC8 (0x6620BC23) sd sp, 1656(ra)
mem[0x000000008004F850] <- 0x0000000000000001
mem[X,0x0000000080018ACC] -> 0x5537
mem[X,0x0000000080018ACE] -> 0x5555
[3032] [M]: 0x0000000080018ACC (0x55555537) lui a0, 349525
x10 <- 0x0000000055555000
mem[X,0x0000000080018AD0] -> 0x0513
mem[X,0x0000000080018AD2] -> 0x5555
[3033] [M]: 0x0000000080018AD0 (0x55550513) addi a0, a0, 1365
x10 <- 0x0000000055555555
mem[X,0x0000000080018AD4] -> 0x1513
mem[X,0x0000000080018AD6] -> 0x00B5
[3034] [M]: 0x0000000080018AD4 (0x00B51513) slli a0, a0, 11
x10 <- 0x000002AAAAAAA800
mem[X,0x0000000080018AD8] -> 0x0513
mem[X,0x0000000080018ADA] -> 0x2AA5
[3035] [M]: 0x0000000080018AD8 (0x2AA50513) addi a0, a0, 682
x10 <- 0x000002AAAAAAAAAA
mem[X,0x0000000080018ADC] -> 0x1513
mem[X,0x0000000080018ADE] -> 0x00B5
[3036] [M]: 0x0000000080018ADC (0x00B51513) slli a0, a0, 11
x10 <- 0x0015555555555000
mem[X,0x0000000080018AE0] -> 0x0513
mem[X,0x0000000080018AE2] -> 0x5555
[3037] [M]: 0x0000000080018AE0 (0x55550513) addi a0, a0, 1365
x10 <- 0x0015555555555555
mem[X,0x0000000080018AE4] -> 0x1513
mem[X,0x0000000080018AE6] -> 0x00A5
[3038] [M]: 0x0000000080018AE4 (0x00A51513) slli a0, a0, 10
x10 <- 0x5555555555555400
mem[X,0x0000000080018AE8] -> 0x0513
mem[X,0x0000000080018AEA] -> 0x1555
[3039] [M]: 0x0000000080018AE8 (0x15550513) addi a0, a0, 341
x10 <- 0x5555555555555555
mem[X,0x0000000080018AEC] -> 0x05B7
mem[X,0x0000000080018AEE] -> 0x0000
[3040] [M]: 0x0000000080018AEC (0x000005B7) lui a1, 0
x11 <- 0x0000000000000000
mem[X,0x0000000080018AF0] -> 0x8593
mem[X,0x0000000080018AF2] -> 0xFFF5
[3041] [M]: 0x0000000080018AF0 (0xFFF58593) addi a1, a1, 4095
x11 <- 0xFFFFFFFFFFFFFFFF
mem[X,0x0000000080018AF4] -> 0x9593
mem[X,0x0000000080018AF6] -> 0x00B5
[3042] [M]: 0x0000000080018AF4 (0x00B59593) slli a1, a1, 11
x11 <- 0xFFFFFFFFFFFFF800
mem[X,0x0000000080018AF8] -> 0x8593
mem[X,0x0000000080018AFA] -> 0x2575
[3043] [M]: 0x0000000080018AF8 (0x25758593) addi a1, a1, 599
x11 <- 0xFFFFFFFFFFFFFA57
mem[X,0x0000000080018AFC] -> 0x9593
mem[X,0x0000000080018AFE] -> 0x00B5
[3044] [M]: 0x0000000080018AFC (0x00B59593) slli a1, a1, 11
x11 <- 0xFFFFFFFFFFD2B800
mem[X,0x0000000080018B00] -> 0x8593
mem[X,0x0000000080018B02] -> 0x6C35
[3045] [M]: 0x0000000080018B00 (0x6C358593) addi a1, a1, 1731
x11 <- 0xFFFFFFFFFFD2BEC3
mem[X,0x0000000080018B04] -> 0x9593
mem[X,0x0000000080018B06] -> 0x00A5
[3046] [M]: 0x0000000080018B04 (0x00A59593) slli a1, a1, 10
x11 <- 0xFFFFFFFF4AFB0C00
mem[X,0x0000000080018B08] -> 0x8593
mem[X,0x0000000080018B0A] -> 0x0CE5
[3047] [M]: 0x0000000080018B08 (0x0CE58593) addi a1, a1, 206
x11 <- 0xFFFFFFFF4AFB0CCE
mem[X,0x0000000080018B0C] -> 0x0113
mem[X,0x0000000080018B0E] -> 0x0000
[3048] [M]: 0x0000000080018B0C (0x00000113) addi sp, zero, 0
x2 <- 0x0000000000000000
mem[X,0x0000000080018B10] -> 0x006F
mem[X,0x0000000080018B12] -> 0x0050
[3049] [M]: 0x0000000080018B10 (0x0050006F) jal zero, 2052
mem[X,0x0000000080019314] -> 0x40E3
mem[X,0x0000000080019316] -> 0x80B5
[3050] [M]: 0x0000000080019314 (0x80B540E3) blt a0, a1, 6144
mem[X,0x0000000080019318] -> 0x0113
mem[X,0x000000008001931A] -> 0x0021
[3051] [M]: 0x0000000080019318 (0x00210113) addi sp, sp, 2
x2 <- 0x0000000000000002
mem[X,0x000000008001931C] -> 0x006F
mem[X,0x000000008001931E] -> 0x00C0
[3052] [M]: 0x000000008001931C (0x00C0006F) jal zero, 12
mem[X,0x0000000080019328] -> 0xB023
mem[X,0x000000008001932A] -> 0x6820
[3053] [M]: 0x0000000080019328 (0x6820B023) sd sp, 1664(ra)
mem[0x000000008004F858] <- 0x0000000000000002
mem[X,0x000000008001932C] -> 0x5537
mem[X,0x000000008001932E] -> 0x5555
[3054] [M]: 0x000000008001932C (0x55555537) lui a0, 349525
x10 <- 0x0000000055555000
mem[X,0x0000000080019330] -> 0x0513
mem[X,0x0000000080019332] -> 0x5555
[3055] [M]: 0x0000000080019330 (0x55550513) addi a0, a0, 1365
x10 <- 0x0000000055555555
mem[X,0x0000000080019334] -> 0x1513
mem[X,0x0000000080019336] -> 0x00B5
[3056] [M]: 0x0000000080019334 (0x00B51513) slli a0, a0, 11
x10 <- 0x000002AAAAAAA800
mem[X,0x0000000080019338] -> 0x0513
mem[X,0x000000008001933A] -> 0x2AA5
[3057] [M]: 0x0000000080019338 (0x2AA50513) addi a0, a0, 682
x10 <- 0x000002AAAAAAAAAA
mem[X,0x000000008001933C] -> 0x1513
mem[X,0x000000008001933E] -> 0x00B5
[3058] [M]: 0x000000008001933C (0x00B51513) slli a0, a0, 11
x10 <- 0x0015555555555000
mem[X,0x0000000080019340] -> 0x0513
mem[X,0x0000000080019342] -> 0x5555
[3059] [M]: 0x0000000080019340 (0x55550513) addi a0, a0, 1365
x10 <- 0x0015555555555555
mem[X,0x0000000080019344] -> 0x1513
mem[X,0x0000000080019346] -> 0x00A5
[3060] [M]: 0x0000000080019344 (0x00A51513) slli a0, a0, 10
x10 <- 0x5555555555555400
mem[X,0x0000000080019348] -> 0x0513
mem[X,0x000000008001934A] -> 0x1555
[3061] [M]: 0x0000000080019348 (0x15550513) addi a0, a0, 341
x10 <- 0x5555555555555555
mem[X,0x000000008001934C] -> 0x05B7
mem[X,0x000000008001934E] -> 0x0000
[3062] [M]: 0x000000008001934C (0x000005B7) lui a1, 0
x11 <- 0x0000000000000000
mem[X,0x0000000080019350] -> 0x8593
mem[X,0x0000000080019352] -> 0x0005
[3063] [M]: 0x0000000080019350 (0x00058593) addi a1, a1, 0
x11 <- 0x0000000000000000
mem[X,0x0000000080019354] -> 0x9593
mem[X,0x0000000080019356] -> 0x00B5
[3064] [M]: 0x0000000080019354 (0x00B59593) slli a1, a1, 11
x11 <- 0x0000000000000000
mem[X,0x0000000080019358] -> 0x8593
mem[X,0x000000008001935A] -> 0x5A85
[3065] [M]: 0x0000000080019358 (0x5A858593) addi a1, a1, 1448
x11 <- 0x00000000000005A8
mem[X,0x000000008001935C] -> 0x9593
mem[X,0x000000008001935E] -> 0x00B5
[3066] [M]: 0x000000008001935C (0x00B59593) slli a1, a1, 11
x11 <- 0x00000000002D4000
mem[X,0x0000000080019360] -> 0x8593
mem[X,0x0000000080019362] -> 0x13C5
[3067] [M]: 0x0000000080019360 (0x13C58593) addi a1, a1, 316
x11 <- 0x00000000002D413C
mem[X,0x0000000080019364] -> 0x9593
mem[X,0x0000000080019366] -> 0x00A5
[3068] [M]: 0x0000000080019364 (0x00A59593) slli a1, a1, 10
x11 <- 0x00000000B504F000
mem[X,0x0000000080019368] -> 0x8593
mem[X,0x000000008001936A] -> 0x3345
[3069] [M]: 0x0000000080019368 (0x33458593) addi a1, a1, 820
x11 <- 0x00000000B504F334
mem[X,0x000000008001936C] -> 0x0113
mem[X,0x000000008001936E] -> 0x0000
[3070] [M]: 0x000000008001936C (0x00000113) addi sp, zero, 0
x2 <- 0x0000000000000000
mem[X,0x0000000080019370] -> 0x006F
mem[X,0x0000000080019372] -> 0x00C0
[3071] [M]: 0x0000000080019370 (0x00C0006F) jal zero, 12
mem[X,0x000000008001937C] -> 0x4063
mem[X,0x000000008001937E] -> 0x08B5
[3072] [M]: 0x000000008001937C (0x08B54063) blt a0, a1, 128
mem[X,0x0000000080019380] -> 0x0113
mem[X,0x0000000080019382] -> 0x0021
[3073] [M]: 0x0000000080019380 (0x00210113) addi sp, sp, 2
x2 <- 0x0000000000000002
mem[X,0x0000000080019384] -> 0x006F
mem[X,0x0000000080019386] -> 0x0800
[3074] [M]: 0x0000000080019384 (0x0800006F) jal zero, 128
mem[X,0x0000000080019404] -> 0xB423
mem[X,0x0000000080019406] -> 0x6820
[3075] [M]: 0x0000000080019404 (0x6820B423) sd sp, 1672(ra)
mem[0x000000008004F860] <- 0x0000000000000002
mem[X,0x0000000080019408] -> 0xB537
mem[X,0x000000008001940A] -> 0xAAAA
[3076] [M]: 0x0000000080019408 (0xAAAAB537) lui a0, 699051
x10 <- 0xFFFFFFFFAAAAB000
mem[X,0x000000008001940C] -> 0x0513
mem[X,0x000000008001940E] -> 0xAAA5
[3077] [M]: 0x000000008001940C (0xAAA50513) addi a0, a0, 2730
x10 <- 0xFFFFFFFFAAAAAAAA
mem[X,0x0000000080019410] -> 0x1513
mem[X,0x0000000080019412] -> 0x00B5
[3078] [M]: 0x0000000080019410 (0x00B51513) slli a0, a0, 11
x10 <- 0xFFFFFD5555555000
mem[X,0x0000000080019414] -> 0x0513
mem[X,0x0000000080019416] -> 0x5555
[3079] [M]: 0x0000000080019414 (0x55550513) addi a0, a0, 1365
x10 <- 0xFFFFFD5555555555
mem[X,0x0000000080019418] -> 0x1513
mem[X,0x000000008001941A] -> 0x00B5
[3080] [M]: 0x0000000080019418 (0x00B51513) slli a0, a0, 11
x10 <- 0xFFEAAAAAAAAAA800
mem[X,0x000000008001941C] -> 0x0513
mem[X,0x000000008001941E] -> 0x2AA5
[3081] [M]: 0x000000008001941C (0x2AA50513) addi a0, a0, 682
x10 <- 0xFFEAAAAAAAAAAAAA
mem[X,0x0000000080019420] -> 0x1513
mem[X,0x0000000080019422] -> 0x00A5
[3082] [M]: 0x0000000080019420 (0x00A51513) slli a0, a0, 10
x10 <- 0xAAAAAAAAAAAAA800
mem[X,0x0000000080019424] -> 0x0513
mem[X,0x0000000080019426] -> 0x2AA5
[3083] [M]: 0x0000000080019424 (0x2AA50513) addi a0, a0, 682
x10 <- 0xAAAAAAAAAAAAAAAA
mem[X,0x0000000080019428] -> 0x0593
mem[X,0x000000008001942A] -> 0x0030
[3084] [M]: 0x0000000080019428 (0x00300593) addi a1, zero, 3
x11 <- 0x0000000000000003
mem[X,0x000000008001942C] -> 0x0113
mem[X,0x000000008001942E] -> 0x0000
[3085] [M]: 0x000000008001942C (0x00000113) addi sp, zero, 0
x2 <- 0x0000000000000000
mem[X,0x0000000080019430] -> 0x006F
mem[X,0x0000000080019432] -> 0x00C0
[3086] [M]: 0x0000000080019430 (0x00C0006F) jal zero, 12
mem[X,0x000000008001943C] -> 0x4663
mem[X,0x000000008001943E] -> 0x00B5
[3087] [M]: 0x000000008001943C (0x00B54663) blt a0, a1, 12
mem[X,0x0000000080019448] -> 0x0113
mem[X,0x000000008001944A] -> 0x0031
[3088] [M]: 0x0000000080019448 (0x00310113) addi sp, sp, 3
x2 <- 0x0000000000000003
mem[X,0x000000008001944C] -> 0x006F
mem[X,0x000000008001944E] -> 0x0040
[3089] [M]: 0x000000008001944C (0x0040006F) jal zero, 4
mem[X,0x0000000080019450] -> 0xB823
mem[X,0x0000000080019452] -> 0x6820
[3090] [M]: 0x0000000080019450 (0x6820B823) sd sp, 1680(ra)
mem[0x000000008004F868] <- 0x0000000000000003
mem[X,0x0000000080019454] -> 0xB537
mem[X,0x0000000080019456] -> 0xAAAA
[3091] [M]: 0x0000000080019454 (0xAAAAB537) lui a0, 699051
x10 <- 0xFFFFFFFFAAAAB000
mem[X,0x0000000080019458] -> 0x0513
mem[X,0x000000008001945A] -> 0xAAA5
[3092] [M]: 0x0000000080019458 (0xAAA50513) addi a0, a0, 2730
x10 <- 0xFFFFFFFFAAAAAAAA
mem[X,0x000000008001945C] -> 0x1513
mem[X,0x000000008001945E] -> 0x00B5
[3093] [M]: 0x000000008001945C (0x00B51513) slli a0, a0, 11
x10 <- 0xFFFFFD5555555000
mem[X,0x0000000080019460] -> 0x0513
mem[X,0x0000000080019462] -> 0x5555
[3094] [M]: 0x0000000080019460 (0x55550513) addi a0, a0, 1365
x10 <- 0xFFFFFD5555555555
mem[X,0x0000000080019464] -> 0x1513
mem[X,0x0000000080019466] -> 0x00B5
[3095] [M]: 0x0000000080019464 (0x00B51513) slli a0, a0, 11
x10 <- 0xFFEAAAAAAAAAA800
mem[X,0x0000000080019468] -> 0x0513
mem[X,0x000000008001946A] -> 0x2AA5
[3096] [M]: 0x0000000080019468 (0x2AA50513) addi a0, a0, 682
x10 <- 0xFFEAAAAAAAAAAAAA
mem[X,0x000000008001946C] -> 0x1513
mem[X,0x000000008001946E] -> 0x00A5
[3097] [M]: 0x000000008001946C (0x00A51513) slli a0, a0, 10
x10 <- 0xAAAAAAAAAAAAA800
mem[X,0x0000000080019470] -> 0x0513
mem[X,0x0000000080019472] -> 0x2AA5
[3098] [M]: 0x0000000080019470 (0x2AA50513) addi a0, a0, 682
x10 <- 0xAAAAAAAAAAAAAAAA
mem[X,0x0000000080019474] -> 0x55B7
mem[X,0x0000000080019476] -> 0x5555
[3099] [M]: 0x0000000080019474 (0x555555B7) lui a1, 349525
x11 <- 0x0000000055555000
clint::tick mtime <- 0x000000000000001F
 clint timer pending at mtime 0x000000000000001F
htif::tick 0x0000000000000000
mem[X,0x0000000080019478] -> 0x8593
mem[X,0x000000008001947A] -> 0x5555
[3100] [M]: 0x0000000080019478 (0x55558593) addi a1, a1, 1365
x11 <- 0x0000000055555555
mem[X,0x000000008001947C] -> 0x9593
mem[X,0x000000008001947E] -> 0x00B5
[3101] [M]: 0x000000008001947C (0x00B59593) slli a1, a1, 11
x11 <- 0x000002AAAAAAA800
mem[X,0x0000000080019480] -> 0x8593
mem[X,0x0000000080019482] -> 0x2AA5
[3102] [M]: 0x0000000080019480 (0x2AA58593) addi a1, a1, 682
x11 <- 0x000002AAAAAAAAAA
mem[X,0x0000000080019484] -> 0x9593
mem[X,0x0000000080019486] -> 0x00B5
[3103] [M]: 0x0000000080019484 (0x00B59593) slli a1, a1, 11
x11 <- 0x0015555555555000
mem[X,0x0000000080019488] -> 0x8593
mem[X,0x000000008001948A] -> 0x5555
[3104] [M]: 0x0000000080019488 (0x55558593) addi a1, a1, 1365
x11 <- 0x0015555555555555
mem[X,0x000000008001948C] -> 0x9593
mem[X,0x000000008001948E] -> 0x00A5
[3105] [M]: 0x000000008001948C (0x00A59593) slli a1, a1, 10
x11 <- 0x5555555555555400
mem[X,0x0000000080019490] -> 0x8593
mem[X,0x0000000080019492] -> 0x1555
[3106] [M]: 0x0000000080019490 (0x15558593) addi a1, a1, 341
x11 <- 0x5555555555555555
mem[X,0x0000000080019494] -> 0x0113
mem[X,0x0000000080019496] -> 0x0000
[3107] [M]: 0x0000000080019494 (0x00000113) addi sp, zero, 0
x2 <- 0x0000000000000000
mem[X,0x0000000080019498] -> 0x006F
mem[X,0x000000008001949A] -> 0x0100
[3108] [M]: 0x0000000080019498 (0x0100006F) jal zero, 16
mem[X,0x00000000800194A8] -> 0x4AE3
mem[X,0x00000000800194AA] -> 0xFEB5
[3109] [M]: 0x00000000800194A8 (0xFEB54AE3) blt a0, a1, 8180
mem[X,0x000000008001949C] -> 0x0113
mem[X,0x000000008001949E] -> 0x0011
[3110] [M]: 0x000000008001949C (0x00110113) addi sp, sp, 1
x2 <- 0x0000000000000001
mem[X,0x00000000800194A0] -> 0x006F
mem[X,0x00000000800194A2] -> 0x01C0
[3111] [M]: 0x00000000800194A0 (0x01C0006F) jal zero, 28
mem[X,0x00000000800194BC] -> 0xBC23
mem[X,0x00000000800194BE] -> 0x6820
[3112] [M]: 0x00000000800194BC (0x6820BC23) sd sp, 1688(ra)
mem[0x000000008004F870] <- 0x0000000000000001
mem[X,0x00000000800194C0] -> 0xB537
mem[X,0x00000000800194C2] -> 0xAAAA
[3113] [M]: 0x00000000800194C0 (0xAAAAB537) lui a0, 699051
x10 <- 0xFFFFFFFFAAAAB000
mem[X,0x00000000800194C4] -> 0x0513
mem[X,0x00000000800194C6] -> 0xAAA5
[3114] [M]: 0x00000000800194C4 (0xAAA50513) addi a0, a0, 2730
x10 <- 0xFFFFFFFFAAAAAAAA
mem[X,0x00000000800194C8] -> 0x1513
mem[X,0x00000000800194CA] -> 0x00B5
[3115] [M]: 0x00000000800194C8 (0x00B51513) slli a0, a0, 11
x10 <- 0xFFFFFD5555555000
mem[X,0x00000000800194CC] -> 0x0513
mem[X,0x00000000800194CE] -> 0x5555
[3116] [M]: 0x00000000800194CC (0x55550513) addi a0, a0, 1365
x10 <- 0xFFFFFD5555555555
mem[X,0x00000000800194D0] -> 0x1513
mem[X,0x00000000800194D2] -> 0x00B5
[3117] [M]: 0x00000000800194D0 (0x00B51513) slli a0, a0, 11
x10 <- 0xFFEAAAAAAAAAA800
mem[X,0x00000000800194D4] -> 0x0513
mem[X,0x00000000800194D6] -> 0x2AA5
[3118] [M]: 0x00000000800194D4 (0x2AA50513) addi a0, a0, 682
x10 <- 0xFFEAAAAAAAAAAAAA
mem[X,0x00000000800194D8] -> 0x1513
mem[X,0x00000000800194DA] -> 0x00A5
[3119] [M]: 0x00000000800194D8 (0x00A51513) slli a0, a0, 10
x10 <- 0xAAAAAAAAAAAAA800
mem[X,0x00000000800194DC] -> 0x0513
mem[X,0x00000000800194DE] -> 0x2AA5
[3120] [M]: 0x00000000800194DC (0x2AA50513) addi a0, a0, 682
x10 <- 0xAAAAAAAAAAAAAAAA
mem[X,0x00000000800194E0] -> 0xB5B7
mem[X,0x00000000800194E2] -> 0xAAAA
[3121] [M]: 0x00000000800194E0 (0xAAAAB5B7) lui a1, 699051
x11 <- 0xFFFFFFFFAAAAB000
mem[X,0x00000000800194E4] -> 0x8593
mem[X,0x00000000800194E6] -> 0xAAA5
[3122] [M]: 0x00000000800194E4 (0xAAA58593) addi a1, a1, 2730
x11 <- 0xFFFFFFFFAAAAAAAA
mem[X,0x00000000800194E8] -> 0x9593
mem[X,0x00000000800194EA] -> 0x00B5
[3123] [M]: 0x00000000800194E8 (0x00B59593) slli a1, a1, 11
x11 <- 0xFFFFFD5555555000
mem[X,0x00000000800194EC] -> 0x8593
mem[X,0x00000000800194EE] -> 0x5555
[3124] [M]: 0x00000000800194EC (0x55558593) addi a1, a1, 1365
x11 <- 0xFFFFFD5555555555
mem[X,0x00000000800194F0] -> 0x9593
mem[X,0x00000000800194F2] -> 0x00B5
[3125] [M]: 0x00000000800194F0 (0x00B59593) slli a1, a1, 11
x11 <- 0xFFEAAAAAAAAAA800
mem[X,0x00000000800194F4] -> 0x8593
mem[X,0x00000000800194F6] -> 0x2AA5
[3126] [M]: 0x00000000800194F4 (0x2AA58593) addi a1, a1, 682
x11 <- 0xFFEAAAAAAAAAAAAA
mem[X,0x00000000800194F8] -> 0x9593
mem[X,0x00000000800194FA] -> 0x00A5
[3127] [M]: 0x00000000800194F8 (0x00A59593) slli a1, a1, 10
x11 <- 0xAAAAAAAAAAAAA800
mem[X,0x00000000800194FC] -> 0x8593
mem[X,0x00000000800194FE] -> 0x2AA5
[3128] [M]: 0x00000000800194FC (0x2AA58593) addi a1, a1, 682
x11 <- 0xAAAAAAAAAAAAAAAA
mem[X,0x0000000080019500] -> 0x0113
mem[X,0x0000000080019502] -> 0x0000
[3129] [M]: 0x0000000080019500 (0x00000113) addi sp, zero, 0
x2 <- 0x0000000000000000
mem[X,0x0000000080019504] -> 0x006F
mem[X,0x0000000080019506] -> 0x00C0
[3130] [M]: 0x0000000080019504 (0x00C0006F) jal zero, 12
mem[X,0x0000000080019510] -> 0x4063
mem[X,0x0000000080019512] -> 0x08B5
[3131] [M]: 0x0000000080019510 (0x08B54063) blt a0, a1, 128
mem[X,0x0000000080019514] -> 0x0113
mem[X,0x0000000080019516] -> 0x0021
[3132] [M]: 0x0000000080019514 (0x00210113) addi sp, sp, 2
x2 <- 0x0000000000000002
mem[X,0x0000000080019518] -> 0x006F
mem[X,0x000000008001951A] -> 0x0800
[3133] [M]: 0x0000000080019518 (0x0800006F) jal zero, 128
mem[X,0x0000000080019598] -> 0xB023
mem[X,0x000000008001959A] -> 0x6A20
[3134] [M]: 0x0000000080019598 (0x6A20B023) sd sp, 1696(ra)
mem[0x000000008004F878] <- 0x0000000000000002
mem[X,0x000000008001959C] -> 0xB537
mem[X,0x000000008001959E] -> 0xAAAA
[3135] [M]: 0x000000008001959C (0xAAAAB537) lui a0, 699051
x10 <- 0xFFFFFFFFAAAAB000
mem[X,0x00000000800195A0] -> 0x0513
mem[X,0x00000000800195A2] -> 0xAAA5
[3136] [M]: 0x00000000800195A0 (0xAAA50513) addi a0, a0, 2730
x10 <- 0xFFFFFFFFAAAAAAAA
mem[X,0x00000000800195A4] -> 0x1513
mem[X,0x00000000800195A6] -> 0x00B5
[3137] [M]: 0x00000000800195A4 (0x00B51513) slli a0, a0, 11
x10 <- 0xFFFFFD5555555000
mem[X,0x00000000800195A8] -> 0x0513
mem[X,0x00000000800195AA] -> 0x5555
[3138] [M]: 0x00000000800195A8 (0x55550513) addi a0, a0, 1365
x10 <- 0xFFFFFD5555555555
mem[X,0x00000000800195AC] -> 0x1513
mem[X,0x00000000800195AE] -> 0x00B5
[3139] [M]: 0x00000000800195AC (0x00B51513) slli a0, a0, 11
x10 <- 0xFFEAAAAAAAAAA800
mem[X,0x00000000800195B0] -> 0x0513
mem[X,0x00000000800195B2] -> 0x2AA5
[3140] [M]: 0x00000000800195B0 (0x2AA50513) addi a0, a0, 682
x10 <- 0xFFEAAAAAAAAAAAAA
mem[X,0x00000000800195B4] -> 0x1513
mem[X,0x00000000800195B6] -> 0x00A5
[3141] [M]: 0x00000000800195B4 (0x00A51513) slli a0, a0, 10
x10 <- 0xAAAAAAAAAAAAA800
mem[X,0x00000000800195B8] -> 0x0513
mem[X,0x00000000800195BA] -> 0x2AA5
[3142] [M]: 0x00000000800195B8 (0x2AA50513) addi a0, a0, 682
x10 <- 0xAAAAAAAAAAAAAAAA
mem[X,0x00000000800195BC] -> 0x0593
mem[X,0x00000000800195BE] -> 0x0050
[3143] [M]: 0x00000000800195BC (0x00500593) addi a1, zero, 5
x11 <- 0x0000000000000005
mem[X,0x00000000800195C0] -> 0x0113
mem[X,0x00000000800195C2] -> 0x0000
[3144] [M]: 0x00000000800195C0 (0x00000113) addi sp, zero, 0
x2 <- 0x0000000000000000
mem[X,0x00000000800195C4] -> 0x006F
mem[X,0x00000000800195C6] -> 0x00C0
[3145] [M]: 0x00000000800195C4 (0x00C0006F) jal zero, 12
mem[X,0x00000000800195D0] -> 0x4663
mem[X,0x00000000800195D2] -> 0x00B5
[3146] [M]: 0x00000000800195D0 (0x00B54663) blt a0, a1, 12
mem[X,0x00000000800195DC] -> 0x0113
mem[X,0x00000000800195DE] -> 0x0031
[3147] [M]: 0x00000000800195DC (0x00310113) addi sp, sp, 3
x2 <- 0x0000000000000003
mem[X,0x00000000800195E0] -> 0x006F
mem[X,0x00000000800195E2] -> 0x0040
[3148] [M]: 0x00000000800195E0 (0x0040006F) jal zero, 4
mem[X,0x00000000800195E4] -> 0xB423
mem[X,0x00000000800195E6] -> 0x6A20
[3149] [M]: 0x00000000800195E4 (0x6A20B423) sd sp, 1704(ra)
mem[0x000000008004F880] <- 0x0000000000000003
mem[X,0x00000000800195E8] -> 0xB537
mem[X,0x00000000800195EA] -> 0xAAAA
[3150] [M]: 0x00000000800195E8 (0xAAAAB537) lui a0, 699051
x10 <- 0xFFFFFFFFAAAAB000
mem[X,0x00000000800195EC] -> 0x0513
mem[X,0x00000000800195EE] -> 0xAAA5
[3151] [M]: 0x00000000800195EC (0xAAA50513) addi a0, a0, 2730
x10 <- 0xFFFFFFFFAAAAAAAA
mem[X,0x00000000800195F0] -> 0x1513
mem[X,0x00000000800195F2] -> 0x00B5
[3152] [M]: 0x00000000800195F0 (0x00B51513) slli a0, a0, 11
x10 <- 0xFFFFFD5555555000
mem[X,0x00000000800195F4] -> 0x0513
mem[X,0x00000000800195F6] -> 0x5555
[3153] [M]: 0x00000000800195F4 (0x55550513) addi a0, a0, 1365
x10 <- 0xFFFFFD5555555555
mem[X,0x00000000800195F8] -> 0x1513
mem[X,0x00000000800195FA] -> 0x00B5
[3154] [M]: 0x00000000800195F8 (0x00B51513) slli a0, a0, 11
x10 <- 0xFFEAAAAAAAAAA800
mem[X,0x00000000800195FC] -> 0x0513
mem[X,0x00000000800195FE] -> 0x2AA5
[3155] [M]: 0x00000000800195FC (0x2AA50513) addi a0, a0, 682
x10 <- 0xFFEAAAAAAAAAAAAA
mem[X,0x0000000080019600] -> 0x1513
mem[X,0x0000000080019602] -> 0x00A5
[3156] [M]: 0x0000000080019600 (0x00A51513) slli a0, a0, 10
x10 <- 0xAAAAAAAAAAAAA800
mem[X,0x0000000080019604] -> 0x0513
mem[X,0x0000000080019606] -> 0x2AA5
[3157] [M]: 0x0000000080019604 (0x2AA50513) addi a0, a0, 682
x10 <- 0xAAAAAAAAAAAAAAAA
mem[X,0x0000000080019608] -> 0x35B7
mem[X,0x000000008001960A] -> 0x3333
[3158] [M]: 0x0000000080019608 (0x333335B7) lui a1, 209715
x11 <- 0x0000000033333000
mem[X,0x000000008001960C] -> 0x8593
mem[X,0x000000008001960E] -> 0x3335
[3159] [M]: 0x000000008001960C (0x33358593) addi a1, a1, 819
x11 <- 0x0000000033333333
mem[X,0x0000000080019610] -> 0x9593
mem[X,0x0000000080019612] -> 0x00B5
[3160] [M]: 0x0000000080019610 (0x00B59593) slli a1, a1, 11
x11 <- 0x0000019999999800
mem[X,0x0000000080019614] -> 0x8593
mem[X,0x0000000080019616] -> 0x1995
[3161] [M]: 0x0000000080019614 (0x19958593) addi a1, a1, 409
x11 <- 0x0000019999999999
mem[X,0x0000000080019618] -> 0x9593
mem[X,0x000000008001961A] -> 0x00B5
[3162] [M]: 0x0000000080019618 (0x00B59593) slli a1, a1, 11
x11 <- 0x000CCCCCCCCCC800
mem[X,0x000000008001961C] -> 0x8593
mem[X,0x000000008001961E] -> 0x4CC5
[3163] [M]: 0x000000008001961C (0x4CC58593) addi a1, a1, 1228
x11 <- 0x000CCCCCCCCCCCCC
mem[X,0x0000000080019620] -> 0x9593
mem[X,0x0000000080019622] -> 0x00A5
[3164] [M]: 0x0000000080019620 (0x00A59593) slli a1, a1, 10
x11 <- 0x3333333333333000
mem[X,0x0000000080019624] -> 0x8593
mem[X,0x0000000080019626] -> 0x3335
[3165] [M]: 0x0000000080019624 (0x33358593) addi a1, a1, 819
x11 <- 0x3333333333333333
mem[X,0x0000000080019628] -> 0x0113
mem[X,0x000000008001962A] -> 0x0000
[3166] [M]: 0x0000000080019628 (0x00000113) addi sp, zero, 0
x2 <- 0x0000000000000000
mem[X,0x000000008001962C] -> 0x006F
mem[X,0x000000008001962E] -> 0x0050
[3167] [M]: 0x000000008001962C (0x0050006F) jal zero, 2052
mem[X,0x0000000080019E30] -> 0x40E3
mem[X,0x0000000080019E32] -> 0x80B5
[3168] [M]: 0x0000000080019E30 (0x80B540E3) blt a0, a1, 6144
mem[X,0x0000000080019630] -> 0x0113
mem[X,0x0000000080019632] -> 0x0011
[3169] [M]: 0x0000000080019630 (0x00110113) addi sp, sp, 1
x2 <- 0x0000000000000001
mem[X,0x0000000080019634] -> 0x006F
mem[X,0x0000000080019636] -> 0x0110
[3170] [M]: 0x0000000080019634 (0x0110006F) jal zero, 2064
mem[X,0x0000000080019E44] -> 0xB823
mem[X,0x0000000080019E46] -> 0x6A20
[3171] [M]: 0x0000000080019E44 (0x6A20B823) sd sp, 1712(ra)
mem[0x000000008004F888] <- 0x0000000000000001
mem[X,0x0000000080019E48] -> 0xB537
mem[X,0x0000000080019E4A] -> 0xAAAA
[3172] [M]: 0x0000000080019E48 (0xAAAAB537) lui a0, 699051
x10 <- 0xFFFFFFFFAAAAB000
mem[X,0x0000000080019E4C] -> 0x0513
mem[X,0x0000000080019E4E] -> 0xAAA5
[3173] [M]: 0x0000000080019E4C (0xAAA50513) addi a0, a0, 2730
x10 <- 0xFFFFFFFFAAAAAAAA
mem[X,0x0000000080019E50] -> 0x1513
mem[X,0x0000000080019E52] -> 0x00B5
[3174] [M]: 0x0000000080019E50 (0x00B51513) slli a0, a0, 11
x10 <- 0xFFFFFD5555555000
mem[X,0x0000000080019E54] -> 0x0513
mem[X,0x0000000080019E56] -> 0x5555
[3175] [M]: 0x0000000080019E54 (0x55550513) addi a0, a0, 1365
x10 <- 0xFFFFFD5555555555
mem[X,0x0000000080019E58] -> 0x1513
mem[X,0x0000000080019E5A] -> 0x00B5
[3176] [M]: 0x0000000080019E58 (0x00B51513) slli a0, a0, 11
x10 <- 0xFFEAAAAAAAAAA800
mem[X,0x0000000080019E5C] -> 0x0513
mem[X,0x0000000080019E5E] -> 0x2AA5
[3177] [M]: 0x0000000080019E5C (0x2AA50513) addi a0, a0, 682
x10 <- 0xFFEAAAAAAAAAAAAA
mem[X,0x0000000080019E60] -> 0x1513
mem[X,0x0000000080019E62] -> 0x00A5
[3178] [M]: 0x0000000080019E60 (0x00A51513) slli a0, a0, 10
x10 <- 0xAAAAAAAAAAAAA800
mem[X,0x0000000080019E64] -> 0x0513
mem[X,0x0000000080019E66] -> 0x2AA5
[3179] [M]: 0x0000000080019E64 (0x2AA50513) addi a0, a0, 682
x10 <- 0xAAAAAAAAAAAAAAAA
mem[X,0x0000000080019E68] -> 0x65B7
mem[X,0x0000000080019E6A] -> 0x6666
[3180] [M]: 0x0000000080019E68 (0x666665B7) lui a1, 419430
x11 <- 0x0000000066666000
mem[X,0x0000000080019E6C] -> 0x8593
mem[X,0x0000000080019E6E] -> 0x6665
[3181] [M]: 0x0000000080019E6C (0x66658593) addi a1, a1, 1638
x11 <- 0x0000000066666666
mem[X,0x0000000080019E70] -> 0x9593
mem[X,0x0000000080019E72] -> 0x00B5
[3182] [M]: 0x0000000080019E70 (0x00B59593) slli a1, a1, 11
x11 <- 0x0000033333333000
mem[X,0x0000000080019E74] -> 0x8593
mem[X,0x0000000080019E76] -> 0x3335
[3183] [M]: 0x0000000080019E74 (0x33358593) addi a1, a1, 819
x11 <- 0x0000033333333333
mem[X,0x0000000080019E78] -> 0x9593
mem[X,0x0000000080019E7A] -> 0x00B5
[3184] [M]: 0x0000000080019E78 (0x00B59593) slli a1, a1, 11
x11 <- 0x0019999999999800
mem[X,0x0000000080019E7C] -> 0x8593
mem[X,0x0000000080019E7E] -> 0x1995
[3185] [M]: 0x0000000080019E7C (0x19958593) addi a1, a1, 409
x11 <- 0x0019999999999999
mem[X,0x0000000080019E80] -> 0x9593
mem[X,0x0000000080019E82] -> 0x00A5
[3186] [M]: 0x0000000080019E80 (0x00A59593) slli a1, a1, 10
x11 <- 0x6666666666666400
mem[X,0x0000000080019E84] -> 0x8593
mem[X,0x0000000080019E86] -> 0x2665
[3187] [M]: 0x0000000080019E84 (0x26658593) addi a1, a1, 614
x11 <- 0x6666666666666666
mem[X,0x0000000080019E88] -> 0x0113
mem[X,0x0000000080019E8A] -> 0x0000
[3188] [M]: 0x0000000080019E88 (0x00000113) addi sp, zero, 0
x2 <- 0x0000000000000000
mem[X,0x0000000080019E8C] -> 0x006F
mem[X,0x0000000080019E8E] -> 0x0050
[3189] [M]: 0x0000000080019E8C (0x0050006F) jal zero, 2052
mem[X,0x000000008001A690] -> 0x40E3
mem[X,0x000000008001A692] -> 0x80B5
[3190] [M]: 0x000000008001A690 (0x80B540E3) blt a0, a1, 6144
mem[X,0x0000000080019E90] -> 0x0113
mem[X,0x0000000080019E92] -> 0x0011
[3191] [M]: 0x0000000080019E90 (0x00110113) addi sp, sp, 1
x2 <- 0x0000000000000001
mem[X,0x0000000080019E94] -> 0x006F
mem[X,0x0000000080019E96] -> 0x0110
[3192] [M]: 0x0000000080019E94 (0x0110006F) jal zero, 2064
mem[X,0x000000008001A6A4] -> 0xBC23
mem[X,0x000000008001A6A6] -> 0x6A20
[3193] [M]: 0x000000008001A6A4 (0x6A20BC23) sd sp, 1720(ra)
mem[0x000000008004F890] <- 0x0000000000000001
mem[X,0x000000008001A6A8] -> 0xB537
mem[X,0x000000008001A6AA] -> 0xAAAA
[3194] [M]: 0x000000008001A6A8 (0xAAAAB537) lui a0, 699051
x10 <- 0xFFFFFFFFAAAAB000
mem[X,0x000000008001A6AC] -> 0x0513
mem[X,0x000000008001A6AE] -> 0xAAA5
[3195] [M]: 0x000000008001A6AC (0xAAA50513) addi a0, a0, 2730
x10 <- 0xFFFFFFFFAAAAAAAA
mem[X,0x000000008001A6B0] -> 0x1513
mem[X,0x000000008001A6B2] -> 0x00B5
[3196] [M]: 0x000000008001A6B0 (0x00B51513) slli a0, a0, 11
x10 <- 0xFFFFFD5555555000
mem[X,0x000000008001A6B4] -> 0x0513
mem[X,0x000000008001A6B6] -> 0x5555
[3197] [M]: 0x000000008001A6B4 (0x55550513) addi a0, a0, 1365
x10 <- 0xFFFFFD5555555555
mem[X,0x000000008001A6B8] -> 0x1513
mem[X,0x000000008001A6BA] -> 0x00B5
[3198] [M]: 0x000000008001A6B8 (0x00B51513) slli a0, a0, 11
x10 <- 0xFFEAAAAAAAAAA800
mem[X,0x000000008001A6BC] -> 0x0513
mem[X,0x000000008001A6BE] -> 0x2AA5
[3199] [M]: 0x000000008001A6BC (0x2AA50513) addi a0, a0, 682
x10 <- 0xFFEAAAAAAAAAAAAA
clint::tick mtime <- 0x0000000000000020
 clint timer pending at mtime 0x0000000000000020
htif::tick 0x0000000000000000
mem[X,0x000000008001A6C0] -> 0x1513
mem[X,0x000000008001A6C2] -> 0x00A5
[3200] [M]: 0x000000008001A6C0 (0x00A51513) slli a0, a0, 10
x10 <- 0xAAAAAAAAAAAAA800
mem[X,0x000000008001A6C4] -> 0x0513
mem[X,0x000000008001A6C6] -> 0x2AA5
[3201] [M]: 0x000000008001A6C4 (0x2AA50513) addi a0, a0, 682
x10 <- 0xAAAAAAAAAAAAAAAA
mem[X,0x000000008001A6C8] -> 0x05B7
mem[X,0x000000008001A6CA] -> 0x0000
[3202] [M]: 0x000000008001A6C8 (0x000005B7) lui a1, 0
x11 <- 0x0000000000000000
mem[X,0x000000008001A6CC] -> 0x8593
mem[X,0x000000008001A6CE] -> 0xFFF5
[3203] [M]: 0x000000008001A6CC (0xFFF58593) addi a1, a1, 4095
x11 <- 0xFFFFFFFFFFFFFFFF
mem[X,0x000000008001A6D0] -> 0x9593
mem[X,0x000000008001A6D2] -> 0x00B5
[3204] [M]: 0x000000008001A6D0 (0x00B59593) slli a1, a1, 11
x11 <- 0xFFFFFFFFFFFFF800
mem[X,0x000000008001A6D4] -> 0x8593
mem[X,0x000000008001A6D6] -> 0x2575
[3205] [M]: 0x000000008001A6D4 (0x25758593) addi a1, a1, 599
x11 <- 0xFFFFFFFFFFFFFA57
mem[X,0x000000008001A6D8] -> 0x9593
mem[X,0x000000008001A6DA] -> 0x00B5
[3206] [M]: 0x000000008001A6D8 (0x00B59593) slli a1, a1, 11
x11 <- 0xFFFFFFFFFFD2B800
mem[X,0x000000008001A6DC] -> 0x8593
mem[X,0x000000008001A6DE] -> 0x6C35
[3207] [M]: 0x000000008001A6DC (0x6C358593) addi a1, a1, 1731
x11 <- 0xFFFFFFFFFFD2BEC3
mem[X,0x000000008001A6E0] -> 0x9593
mem[X,0x000000008001A6E2] -> 0x00A5
[3208] [M]: 0x000000008001A6E0 (0x00A59593) slli a1, a1, 10
x11 <- 0xFFFFFFFF4AFB0C00
mem[X,0x000000008001A6E4] -> 0x8593
mem[X,0x000000008001A6E6] -> 0x0CD5
[3209] [M]: 0x000000008001A6E4 (0x0CD58593) addi a1, a1, 205
x11 <- 0xFFFFFFFF4AFB0CCD
mem[X,0x000000008001A6E8] -> 0x0113
mem[X,0x000000008001A6EA] -> 0x0000
[3210] [M]: 0x000000008001A6E8 (0x00000113) addi sp, zero, 0
x2 <- 0x0000000000000000
mem[X,0x000000008001A6EC] -> 0x006F
mem[X,0x000000008001A6EE] -> 0x00C0
[3211] [M]: 0x000000008001A6EC (0x00C0006F) jal zero, 12
mem[X,0x000000008001A6F8] -> 0x4063
mem[X,0x000000008001A6FA] -> 0x40B5
[3212] [M]: 0x000000008001A6F8 (0x40B54063) blt a0, a1, 1024
mem[X,0x000000008001AAF8] -> 0x0113
mem[X,0x000000008001AAFA] -> 0x0031
[3213] [M]: 0x000000008001AAF8 (0x00310113) addi sp, sp, 3
x2 <- 0x0000000000000003
mem[X,0x000000008001AAFC] -> 0x006F
mem[X,0x000000008001AAFE] -> 0x0040
[3214] [M]: 0x000000008001AAFC (0x0040006F) jal zero, 4
mem[X,0x000000008001AB00] -> 0xB023
mem[X,0x000000008001AB02] -> 0x6C20
[3215] [M]: 0x000000008001AB00 (0x6C20B023) sd sp, 1728(ra)
mem[0x000000008004F898] <- 0x0000000000000003
mem[X,0x000000008001AB04] -> 0xB537
mem[X,0x000000008001AB06] -> 0xAAAA
[3216] [M]: 0x000000008001AB04 (0xAAAAB537) lui a0, 699051
x10 <- 0xFFFFFFFFAAAAB000
mem[X,0x000000008001AB08] -> 0x0513
mem[X,0x000000008001AB0A] -> 0xAAA5
[3217] [M]: 0x000000008001AB08 (0xAAA50513) addi a0, a0, 2730
x10 <- 0xFFFFFFFFAAAAAAAA
mem[X,0x000000008001AB0C] -> 0x1513
mem[X,0x000000008001AB0E] -> 0x00B5
[3218] [M]: 0x000000008001AB0C (0x00B51513) slli a0, a0, 11
x10 <- 0xFFFFFD5555555000
mem[X,0x000000008001AB10] -> 0x0513
mem[X,0x000000008001AB12] -> 0x5555
[3219] [M]: 0x000000008001AB10 (0x55550513) addi a0, a0, 1365
x10 <- 0xFFFFFD5555555555
mem[X,0x000000008001AB14] -> 0x1513
mem[X,0x000000008001AB16] -> 0x00B5
[3220] [M]: 0x000000008001AB14 (0x00B51513) slli a0, a0, 11
x10 <- 0xFFEAAAAAAAAAA800
mem[X,0x000000008001AB18] -> 0x0513
mem[X,0x000000008001AB1A] -> 0x2AA5
[3221] [M]: 0x000000008001AB18 (0x2AA50513) addi a0, a0, 682
x10 <- 0xFFEAAAAAAAAAAAAA
mem[X,0x000000008001AB1C] -> 0x1513
mem[X,0x000000008001AB1E] -> 0x00A5
[3222] [M]: 0x000000008001AB1C (0x00A51513) slli a0, a0, 10
x10 <- 0xAAAAAAAAAAAAA800
mem[X,0x000000008001AB20] -> 0x0513
mem[X,0x000000008001AB22] -> 0x2AA5
[3223] [M]: 0x000000008001AB20 (0x2AA50513) addi a0, a0, 682
x10 <- 0xAAAAAAAAAAAAAAAA
mem[X,0x000000008001AB24] -> 0x05B7
mem[X,0x000000008001AB26] -> 0x0000
[3224] [M]: 0x000000008001AB24 (0x000005B7) lui a1, 0
x11 <- 0x0000000000000000
mem[X,0x000000008001AB28] -> 0x8593
mem[X,0x000000008001AB2A] -> 0x0005
[3225] [M]: 0x000000008001AB28 (0x00058593) addi a1, a1, 0
x11 <- 0x0000000000000000
mem[X,0x000000008001AB2C] -> 0x9593
mem[X,0x000000008001AB2E] -> 0x00B5
[3226] [M]: 0x000000008001AB2C (0x00B59593) slli a1, a1, 11
x11 <- 0x0000000000000000
mem[X,0x000000008001AB30] -> 0x8593
mem[X,0x000000008001AB32] -> 0x5A85
[3227] [M]: 0x000000008001AB30 (0x5A858593) addi a1, a1, 1448
x11 <- 0x00000000000005A8
mem[X,0x000000008001AB34] -> 0x9593
mem[X,0x000000008001AB36] -> 0x00B5
[3228] [M]: 0x000000008001AB34 (0x00B59593) slli a1, a1, 11
x11 <- 0x00000000002D4000
mem[X,0x000000008001AB38] -> 0x8593
mem[X,0x000000008001AB3A] -> 0x13C5
[3229] [M]: 0x000000008001AB38 (0x13C58593) addi a1, a1, 316
x11 <- 0x00000000002D413C
mem[X,0x000000008001AB3C] -> 0x9593
mem[X,0x000000008001AB3E] -> 0x00A5
[3230] [M]: 0x000000008001AB3C (0x00A59593) slli a1, a1, 10
x11 <- 0x00000000B504F000
mem[X,0x000000008001AB40] -> 0x8593
mem[X,0x000000008001AB42] -> 0x3335
[3231] [M]: 0x000000008001AB40 (0x33358593) addi a1, a1, 819
x11 <- 0x00000000B504F333
mem[X,0x000000008001AB44] -> 0x0113
mem[X,0x000000008001AB46] -> 0x0000
[3232] [M]: 0x000000008001AB44 (0x00000113) addi sp, zero, 0
x2 <- 0x0000000000000000
mem[X,0x000000008001AB48] -> 0x006F
mem[X,0x000000008001AB4A] -> 0x0180
[3233] [M]: 0x000000008001AB48 (0x0180006F) jal zero, 24
mem[X,0x000000008001AB60] -> 0x46E3
mem[X,0x000000008001AB62] -> 0xFEB5
[3234] [M]: 0x000000008001AB60 (0xFEB546E3) blt a0, a1, 8172
mem[X,0x000000008001AB4C] -> 0x0113
mem[X,0x000000008001AB4E] -> 0x0011
[3235] [M]: 0x000000008001AB4C (0x00110113) addi sp, sp, 1
x2 <- 0x0000000000000001
mem[X,0x000000008001AB50] -> 0x006F
mem[X,0x000000008001AB52] -> 0x0240
[3236] [M]: 0x000000008001AB50 (0x0240006F) jal zero, 36
mem[X,0x000000008001AB74] -> 0xB423
mem[X,0x000000008001AB76] -> 0x6C20
[3237] [M]: 0x000000008001AB74 (0x6C20B423) sd sp, 1736(ra)
mem[0x000000008004F8A0] <- 0x0000000000000001
mem[X,0x000000008001AB78] -> 0xB537
mem[X,0x000000008001AB7A] -> 0xAAAA
[3238] [M]: 0x000000008001AB78 (0xAAAAB537) lui a0, 699051
x10 <- 0xFFFFFFFFAAAAB000
mem[X,0x000000008001AB7C] -> 0x0513
mem[X,0x000000008001AB7E] -> 0xAAA5
[3239] [M]: 0x000000008001AB7C (0xAAA50513) addi a0, a0, 2730
x10 <- 0xFFFFFFFFAAAAAAAA
mem[X,0x000000008001AB80] -> 0x1513
mem[X,0x000000008001AB82] -> 0x00B5
[3240] [M]: 0x000000008001AB80 (0x00B51513) slli a0, a0, 11
x10 <- 0xFFFFFD5555555000
mem[X,0x000000008001AB84] -> 0x0513
mem[X,0x000000008001AB86] -> 0x5555
[3241] [M]: 0x000000008001AB84 (0x55550513) addi a0, a0, 1365
x10 <- 0xFFFFFD5555555555
mem[X,0x000000008001AB88] -> 0x1513
mem[X,0x000000008001AB8A] -> 0x00B5
[3242] [M]: 0x000000008001AB88 (0x00B51513) slli a0, a0, 11
x10 <- 0xFFEAAAAAAAAAA800
mem[X,0x000000008001AB8C] -> 0x0513
mem[X,0x000000008001AB8E] -> 0x2AA5
[3243] [M]: 0x000000008001AB8C (0x2AA50513) addi a0, a0, 682
x10 <- 0xFFEAAAAAAAAAAAAA
mem[X,0x000000008001AB90] -> 0x1513
mem[X,0x000000008001AB92] -> 0x00A5
[3244] [M]: 0x000000008001AB90 (0x00A51513) slli a0, a0, 10
x10 <- 0xAAAAAAAAAAAAA800
mem[X,0x000000008001AB94] -> 0x0513
mem[X,0x000000008001AB96] -> 0x2AA5
[3245] [M]: 0x000000008001AB94 (0x2AA50513) addi a0, a0, 682
x10 <- 0xAAAAAAAAAAAAAAAA
mem[X,0x000000008001AB98] -> 0x0593
mem[X,0x000000008001AB9A] -> 0x0020
[3246] [M]: 0x000000008001AB98 (0x00200593) addi a1, zero, 2
x11 <- 0x0000000000000002
mem[X,0x000000008001AB9C] -> 0x0113
mem[X,0x000000008001AB9E] -> 0x0000
[3247] [M]: 0x000000008001AB9C (0x00000113) addi sp, zero, 0
x2 <- 0x0000000000000000
mem[X,0x000000008001ABA0] -> 0x006F
mem[X,0x000000008001ABA2] -> 0x0140
[3248] [M]: 0x000000008001ABA0 (0x0140006F) jal zero, 20
mem[X,0x000000008001ABB4] -> 0x48E3
mem[X,0x000000008001ABB6] -> 0xFEB5
[3249] [M]: 0x000000008001ABB4 (0xFEB548E3) blt a0, a1, 8176
mem[X,0x000000008001ABA4] -> 0x0113
mem[X,0x000000008001ABA6] -> 0x0011
[3250] [M]: 0x000000008001ABA4 (0x00110113) addi sp, sp, 1
x2 <- 0x0000000000000001
mem[X,0x000000008001ABA8] -> 0x006F
mem[X,0x000000008001ABAA] -> 0x0200
[3251] [M]: 0x000000008001ABA8 (0x0200006F) jal zero, 32
mem[X,0x000000008001ABC8] -> 0xB823
mem[X,0x000000008001ABCA] -> 0x6C20
[3252] [M]: 0x000000008001ABC8 (0x6C20B823) sd sp, 1744(ra)
mem[0x000000008004F8A8] <- 0x0000000000000001
mem[X,0x000000008001ABCC] -> 0xB537
mem[X,0x000000008001ABCE] -> 0xAAAA
[3253] [M]: 0x000000008001ABCC (0xAAAAB537) lui a0, 699051
x10 <- 0xFFFFFFFFAAAAB000
mem[X,0x000000008001ABD0] -> 0x0513
mem[X,0x000000008001ABD2] -> 0xAAA5
[3254] [M]: 0x000000008001ABD0 (0xAAA50513) addi a0, a0, 2730
x10 <- 0xFFFFFFFFAAAAAAAA
mem[X,0x000000008001ABD4] -> 0x1513
mem[X,0x000000008001ABD6] -> 0x00B5
[3255] [M]: 0x000000008001ABD4 (0x00B51513) slli a0, a0, 11
x10 <- 0xFFFFFD5555555000
mem[X,0x000000008001ABD8] -> 0x0513
mem[X,0x000000008001ABDA] -> 0x5555
[3256] [M]: 0x000000008001ABD8 (0x55550513) addi a0, a0, 1365
x10 <- 0xFFFFFD5555555555
mem[X,0x000000008001ABDC] -> 0x1513
mem[X,0x000000008001ABDE] -> 0x00B5
[3257] [M]: 0x000000008001ABDC (0x00B51513) slli a0, a0, 11
x10 <- 0xFFEAAAAAAAAAA800
mem[X,0x000000008001ABE0] -> 0x0513
mem[X,0x000000008001ABE2] -> 0x2AA5
[3258] [M]: 0x000000008001ABE0 (0x2AA50513) addi a0, a0, 682
x10 <- 0xFFEAAAAAAAAAAAAA
mem[X,0x000000008001ABE4] -> 0x1513
mem[X,0x000000008001ABE6] -> 0x00A5
[3259] [M]: 0x000000008001ABE4 (0x00A51513) slli a0, a0, 10
x10 <- 0xAAAAAAAAAAAAA800
mem[X,0x000000008001ABE8] -> 0x0513
mem[X,0x000000008001ABEA] -> 0x2AA5
[3260] [M]: 0x000000008001ABE8 (0x2AA50513) addi a0, a0, 682
x10 <- 0xAAAAAAAAAAAAAAAA
mem[X,0x000000008001ABEC] -> 0x55B7
mem[X,0x000000008001ABEE] -> 0x5555
[3261] [M]: 0x000000008001ABEC (0x555555B7) lui a1, 349525
x11 <- 0x0000000055555000
mem[X,0x000000008001ABF0] -> 0x8593
mem[X,0x000000008001ABF2] -> 0x5555
[3262] [M]: 0x000000008001ABF0 (0x55558593) addi a1, a1, 1365
x11 <- 0x0000000055555555
mem[X,0x000000008001ABF4] -> 0x9593
mem[X,0x000000008001ABF6] -> 0x00B5
[3263] [M]: 0x000000008001ABF4 (0x00B59593) slli a1, a1, 11
x11 <- 0x000002AAAAAAA800
mem[X,0x000000008001ABF8] -> 0x8593
mem[X,0x000000008001ABFA] -> 0x2AA5
[3264] [M]: 0x000000008001ABF8 (0x2AA58593) addi a1, a1, 682
x11 <- 0x000002AAAAAAAAAA
mem[X,0x000000008001ABFC] -> 0x9593
mem[X,0x000000008001ABFE] -> 0x00B5
[3265] [M]: 0x000000008001ABFC (0x00B59593) slli a1, a1, 11
x11 <- 0x0015555555555000
mem[X,0x000000008001AC00] -> 0x8593
mem[X,0x000000008001AC02] -> 0x5555
[3266] [M]: 0x000000008001AC00 (0x55558593) addi a1, a1, 1365
x11 <- 0x0015555555555555
mem[X,0x000000008001AC04] -> 0x9593
mem[X,0x000000008001AC06] -> 0x00A5
[3267] [M]: 0x000000008001AC04 (0x00A59593) slli a1, a1, 10
x11 <- 0x5555555555555400
mem[X,0x000000008001AC08] -> 0x8593
mem[X,0x000000008001AC0A] -> 0x1545
[3268] [M]: 0x000000008001AC08 (0x15458593) addi a1, a1, 340
x11 <- 0x5555555555555554
mem[X,0x000000008001AC0C] -> 0x0113
mem[X,0x000000008001AC0E] -> 0x0000
[3269] [M]: 0x000000008001AC0C (0x00000113) addi sp, zero, 0
x2 <- 0x0000000000000000
mem[X,0x000000008001AC10] -> 0x006F
mem[X,0x000000008001AC12] -> 0x2B10
[3270] [M]: 0x000000008001AC10 (0x2B10006F) jal zero, 2736
mem[X,0x000000008001B6C0] -> 0x4A63
mem[X,0x000000008001B6C2] -> 0xD4B5
[3271] [M]: 0x000000008001B6C0 (0xD4B54A63) blt a0, a1, 5460
mem[X,0x000000008001AC14] -> 0x0113
mem[X,0x000000008001AC16] -> 0x0011
[3272] [M]: 0x000000008001AC14 (0x00110113) addi sp, sp, 1
x2 <- 0x0000000000000001
mem[X,0x000000008001AC18] -> 0x006F
mem[X,0x000000008001AC1A] -> 0x2BD0
[3273] [M]: 0x000000008001AC18 (0x2BD0006F) jal zero, 2748
mem[X,0x000000008001B6D4] -> 0xBC23
mem[X,0x000000008001B6D6] -> 0x6C20
[3274] [M]: 0x000000008001B6D4 (0x6C20BC23) sd sp, 1752(ra)
mem[0x000000008004F8B0] <- 0x0000000000000001
mem[X,0x000000008001B6D8] -> 0xB537
mem[X,0x000000008001B6DA] -> 0xAAAA
[3275] [M]: 0x000000008001B6D8 (0xAAAAB537) lui a0, 699051
x10 <- 0xFFFFFFFFAAAAB000
mem[X,0x000000008001B6DC] -> 0x0513
mem[X,0x000000008001B6DE] -> 0xAAA5
[3276] [M]: 0x000000008001B6DC (0xAAA50513) addi a0, a0, 2730
x10 <- 0xFFFFFFFFAAAAAAAA
mem[X,0x000000008001B6E0] -> 0x1513
mem[X,0x000000008001B6E2] -> 0x00B5
[3277] [M]: 0x000000008001B6E0 (0x00B51513) slli a0, a0, 11
x10 <- 0xFFFFFD5555555000
mem[X,0x000000008001B6E4] -> 0x0513
mem[X,0x000000008001B6E6] -> 0x5555
[3278] [M]: 0x000000008001B6E4 (0x55550513) addi a0, a0, 1365
x10 <- 0xFFFFFD5555555555
mem[X,0x000000008001B6E8] -> 0x1513
mem[X,0x000000008001B6EA] -> 0x00B5
[3279] [M]: 0x000000008001B6E8 (0x00B51513) slli a0, a0, 11
x10 <- 0xFFEAAAAAAAAAA800
mem[X,0x000000008001B6EC] -> 0x0513
mem[X,0x000000008001B6EE] -> 0x2AA5
[3280] [M]: 0x000000008001B6EC (0x2AA50513) addi a0, a0, 682
x10 <- 0xFFEAAAAAAAAAAAAA
mem[X,0x000000008001B6F0] -> 0x1513
mem[X,0x000000008001B6F2] -> 0x00A5
[3281] [M]: 0x000000008001B6F0 (0x00A51513) slli a0, a0, 10
x10 <- 0xAAAAAAAAAAAAA800
mem[X,0x000000008001B6F4] -> 0x0513
mem[X,0x000000008001B6F6] -> 0x2AA5
[3282] [M]: 0x000000008001B6F4 (0x2AA50513) addi a0, a0, 682
x10 <- 0xAAAAAAAAAAAAAAAA
mem[X,0x000000008001B6F8] -> 0x0593
mem[X,0x000000008001B6FA] -> 0x0000
[3283] [M]: 0x000000008001B6F8 (0x00000593) addi a1, zero, 0
x11 <- 0x0000000000000000
mem[X,0x000000008001B6FC] -> 0x0113
mem[X,0x000000008001B6FE] -> 0x0000
[3284] [M]: 0x000000008001B6FC (0x00000113) addi sp, zero, 0
x2 <- 0x0000000000000000
mem[X,0x000000008001B700] -> 0x006F
mem[X,0x000000008001B702] -> 0x00C0
[3285] [M]: 0x000000008001B700 (0x00C0006F) jal zero, 12
mem[X,0x000000008001B70C] -> 0x4863
mem[X,0x000000008001B70E] -> 0x00B5
[3286] [M]: 0x000000008001B70C (0x00B54863) blt a0, a1, 16
mem[X,0x000000008001B71C] -> 0x0113
mem[X,0x000000008001B71E] -> 0x0031
[3287] [M]: 0x000000008001B71C (0x00310113) addi sp, sp, 3
x2 <- 0x0000000000000003
mem[X,0x000000008001B720] -> 0x006F
mem[X,0x000000008001B722] -> 0x0040
[3288] [M]: 0x000000008001B720 (0x0040006F) jal zero, 4
mem[X,0x000000008001B724] -> 0xB023
mem[X,0x000000008001B726] -> 0x6E20
[3289] [M]: 0x000000008001B724 (0x6E20B023) sd sp, 1760(ra)
mem[0x000000008004F8B8] <- 0x0000000000000003
mem[X,0x000000008001B728] -> 0xB537
mem[X,0x000000008001B72A] -> 0xAAAA
[3290] [M]: 0x000000008001B728 (0xAAAAB537) lui a0, 699051
x10 <- 0xFFFFFFFFAAAAB000
mem[X,0x000000008001B72C] -> 0x0513
mem[X,0x000000008001B72E] -> 0xAAA5
[3291] [M]: 0x000000008001B72C (0xAAA50513) addi a0, a0, 2730
x10 <- 0xFFFFFFFFAAAAAAAA
mem[X,0x000000008001B730] -> 0x1513
mem[X,0x000000008001B732] -> 0x00B5
[3292] [M]: 0x000000008001B730 (0x00B51513) slli a0, a0, 11
x10 <- 0xFFFFFD5555555000
mem[X,0x000000008001B734] -> 0x0513
mem[X,0x000000008001B736] -> 0x5555
[3293] [M]: 0x000000008001B734 (0x55550513) addi a0, a0, 1365
x10 <- 0xFFFFFD5555555555
mem[X,0x000000008001B738] -> 0x1513
mem[X,0x000000008001B73A] -> 0x00B5
[3294] [M]: 0x000000008001B738 (0x00B51513) slli a0, a0, 11
x10 <- 0xFFEAAAAAAAAAA800
mem[X,0x000000008001B73C] -> 0x0513
mem[X,0x000000008001B73E] -> 0x2AA5
[3295] [M]: 0x000000008001B73C (0x2AA50513) addi a0, a0, 682
x10 <- 0xFFEAAAAAAAAAAAAA
mem[X,0x000000008001B740] -> 0x1513
mem[X,0x000000008001B742] -> 0x00A5
[3296] [M]: 0x000000008001B740 (0x00A51513) slli a0, a0, 10
x10 <- 0xAAAAAAAAAAAAA800
mem[X,0x000000008001B744] -> 0x0513
mem[X,0x000000008001B746] -> 0x2AA5
[3297] [M]: 0x000000008001B744 (0x2AA50513) addi a0, a0, 682
x10 <- 0xAAAAAAAAAAAAAAAA
mem[X,0x000000008001B748] -> 0x0593
mem[X,0x000000008001B74A] -> 0x0040
[3298] [M]: 0x000000008001B748 (0x00400593) addi a1, zero, 4
x11 <- 0x0000000000000004
mem[X,0x000000008001B74C] -> 0x0113
mem[X,0x000000008001B74E] -> 0x0000
[3299] [M]: 0x000000008001B74C (0x00000113) addi sp, zero, 0
x2 <- 0x0000000000000000
clint::tick mtime <- 0x0000000000000021
 clint timer pending at mtime 0x0000000000000021
htif::tick 0x0000000000000000
mem[X,0x000000008001B750] -> 0x006F
mem[X,0x000000008001B752] -> 0x2B10
[3300] [M]: 0x000000008001B750 (0x2B10006F) jal zero, 2736
mem[X,0x000000008001C200] -> 0x4A63
mem[X,0x000000008001C202] -> 0xD4B5
[3301] [M]: 0x000000008001C200 (0xD4B54A63) blt a0, a1, 5460
mem[X,0x000000008001B754] -> 0x0113
mem[X,0x000000008001B756] -> 0x0011
[3302] [M]: 0x000000008001B754 (0x00110113) addi sp, sp, 1
x2 <- 0x0000000000000001
mem[X,0x000000008001B758] -> 0x006F
mem[X,0x000000008001B75A] -> 0x2BD0
[3303] [M]: 0x000000008001B758 (0x2BD0006F) jal zero, 2748
mem[X,0x000000008001C214] -> 0xB423
mem[X,0x000000008001C216] -> 0x6E20
[3304] [M]: 0x000000008001C214 (0x6E20B423) sd sp, 1768(ra)
mem[0x000000008004F8C0] <- 0x0000000000000001
mem[X,0x000000008001C218] -> 0xB537
mem[X,0x000000008001C21A] -> 0xAAAA
[3305] [M]: 0x000000008001C218 (0xAAAAB537) lui a0, 699051
x10 <- 0xFFFFFFFFAAAAB000
mem[X,0x000000008001C21C] -> 0x0513
mem[X,0x000000008001C21E] -> 0xAAA5
[3306] [M]: 0x000000008001C21C (0xAAA50513) addi a0, a0, 2730
x10 <- 0xFFFFFFFFAAAAAAAA
mem[X,0x000000008001C220] -> 0x1513
mem[X,0x000000008001C222] -> 0x00B5
[3307] [M]: 0x000000008001C220 (0x00B51513) slli a0, a0, 11
x10 <- 0xFFFFFD5555555000
mem[X,0x000000008001C224] -> 0x0513
mem[X,0x000000008001C226] -> 0x5555
[3308] [M]: 0x000000008001C224 (0x55550513) addi a0, a0, 1365
x10 <- 0xFFFFFD5555555555
mem[X,0x000000008001C228] -> 0x1513
mem[X,0x000000008001C22A] -> 0x00B5
[3309] [M]: 0x000000008001C228 (0x00B51513) slli a0, a0, 11
x10 <- 0xFFEAAAAAAAAAA800
mem[X,0x000000008001C22C] -> 0x0513
mem[X,0x000000008001C22E] -> 0x2AA5
[3310] [M]: 0x000000008001C22C (0x2AA50513) addi a0, a0, 682
x10 <- 0xFFEAAAAAAAAAAAAA
mem[X,0x000000008001C230] -> 0x1513
mem[X,0x000000008001C232] -> 0x00A5
[3311] [M]: 0x000000008001C230 (0x00A51513) slli a0, a0, 10
x10 <- 0xAAAAAAAAAAAAA800
mem[X,0x000000008001C234] -> 0x0513
mem[X,0x000000008001C236] -> 0x2AA5
[3312] [M]: 0x000000008001C234 (0x2AA50513) addi a0, a0, 682
x10 <- 0xAAAAAAAAAAAAAAAA
mem[X,0x000000008001C238] -> 0x35B7
mem[X,0x000000008001C23A] -> 0x3333
[3313] [M]: 0x000000008001C238 (0x333335B7) lui a1, 209715
x11 <- 0x0000000033333000
mem[X,0x000000008001C23C] -> 0x8593
mem[X,0x000000008001C23E] -> 0x3335
[3314] [M]: 0x000000008001C23C (0x33358593) addi a1, a1, 819
x11 <- 0x0000000033333333
mem[X,0x000000008001C240] -> 0x9593
mem[X,0x000000008001C242] -> 0x00B5
[3315] [M]: 0x000000008001C240 (0x00B59593) slli a1, a1, 11
x11 <- 0x0000019999999800
mem[X,0x000000008001C244] -> 0x8593
mem[X,0x000000008001C246] -> 0x1995
[3316] [M]: 0x000000008001C244 (0x19958593) addi a1, a1, 409
x11 <- 0x0000019999999999
mem[X,0x000000008001C248] -> 0x9593
mem[X,0x000000008001C24A] -> 0x00B5
[3317] [M]: 0x000000008001C248 (0x00B59593) slli a1, a1, 11
x11 <- 0x000CCCCCCCCCC800
mem[X,0x000000008001C24C] -> 0x8593
mem[X,0x000000008001C24E] -> 0x4CC5
[3318] [M]: 0x000000008001C24C (0x4CC58593) addi a1, a1, 1228
x11 <- 0x000CCCCCCCCCCCCC
mem[X,0x000000008001C250] -> 0x9593
mem[X,0x000000008001C252] -> 0x00A5
[3319] [M]: 0x000000008001C250 (0x00A59593) slli a1, a1, 10
x11 <- 0x3333333333333000
mem[X,0x000000008001C254] -> 0x8593
mem[X,0x000000008001C256] -> 0x3325
[3320] [M]: 0x000000008001C254 (0x33258593) addi a1, a1, 818
x11 <- 0x3333333333333332
mem[X,0x000000008001C258] -> 0x0113
mem[X,0x000000008001C25A] -> 0x0000
[3321] [M]: 0x000000008001C258 (0x00000113) addi sp, zero, 0
x2 <- 0x0000000000000000
mem[X,0x000000008001C25C] -> 0x006F
mem[X,0x000000008001C25E] -> 0x00C0
[3322] [M]: 0x000000008001C25C (0x00C0006F) jal zero, 12
mem[X,0x000000008001C268] -> 0x4063
mem[X,0x000000008001C26A] -> 0x08B5
[3323] [M]: 0x000000008001C268 (0x08B54063) blt a0, a1, 128
mem[X,0x000000008001C2E8] -> 0x0113
mem[X,0x000000008001C2EA] -> 0x0031
[3324] [M]: 0x000000008001C2E8 (0x00310113) addi sp, sp, 3
x2 <- 0x0000000000000003
mem[X,0x000000008001C2EC] -> 0x006F
mem[X,0x000000008001C2EE] -> 0x0040
[3325] [M]: 0x000000008001C2EC (0x0040006F) jal zero, 4
mem[X,0x000000008001C2F0] -> 0xB823
mem[X,0x000000008001C2F2] -> 0x6E20
[3326] [M]: 0x000000008001C2F0 (0x6E20B823) sd sp, 1776(ra)
mem[0x000000008004F8C8] <- 0x0000000000000003
mem[X,0x000000008001C2F4] -> 0xB537
mem[X,0x000000008001C2F6] -> 0xAAAA
[3327] [M]: 0x000000008001C2F4 (0xAAAAB537) lui a0, 699051
x10 <- 0xFFFFFFFFAAAAB000
mem[X,0x000000008001C2F8] -> 0x0513
mem[X,0x000000008001C2FA] -> 0xAAA5
[3328] [M]: 0x000000008001C2F8 (0xAAA50513) addi a0, a0, 2730
x10 <- 0xFFFFFFFFAAAAAAAA
mem[X,0x000000008001C2FC] -> 0x1513
mem[X,0x000000008001C2FE] -> 0x00B5
[3329] [M]: 0x000000008001C2FC (0x00B51513) slli a0, a0, 11
x10 <- 0xFFFFFD5555555000
mem[X,0x000000008001C300] -> 0x0513
mem[X,0x000000008001C302] -> 0x5555
[3330] [M]: 0x000000008001C300 (0x55550513) addi a0, a0, 1365
x10 <- 0xFFFFFD5555555555
mem[X,0x000000008001C304] -> 0x1513
mem[X,0x000000008001C306] -> 0x00B5
[3331] [M]: 0x000000008001C304 (0x00B51513) slli a0, a0, 11
x10 <- 0xFFEAAAAAAAAAA800
mem[X,0x000000008001C308] -> 0x0513
mem[X,0x000000008001C30A] -> 0x2AA5
[3332] [M]: 0x000000008001C308 (0x2AA50513) addi a0, a0, 682
x10 <- 0xFFEAAAAAAAAAAAAA
mem[X,0x000000008001C30C] -> 0x1513
mem[X,0x000000008001C30E] -> 0x00A5
[3333] [M]: 0x000000008001C30C (0x00A51513) slli a0, a0, 10
x10 <- 0xAAAAAAAAAAAAA800
mem[X,0x000000008001C310] -> 0x0513
mem[X,0x000000008001C312] -> 0x2AA5
[3334] [M]: 0x000000008001C310 (0x2AA50513) addi a0, a0, 682
x10 <- 0xAAAAAAAAAAAAAAAA
mem[X,0x000000008001C314] -> 0x65B7
mem[X,0x000000008001C316] -> 0x6666
[3335] [M]: 0x000000008001C314 (0x666665B7) lui a1, 419430
x11 <- 0x0000000066666000
mem[X,0x000000008001C318] -> 0x8593
mem[X,0x000000008001C31A] -> 0x6665
[3336] [M]: 0x000000008001C318 (0x66658593) addi a1, a1, 1638
x11 <- 0x0000000066666666
mem[X,0x000000008001C31C] -> 0x9593
mem[X,0x000000008001C31E] -> 0x00B5
[3337] [M]: 0x000000008001C31C (0x00B59593) slli a1, a1, 11
x11 <- 0x0000033333333000
mem[X,0x000000008001C320] -> 0x8593
mem[X,0x000000008001C322] -> 0x3335
[3338] [M]: 0x000000008001C320 (0x33358593) addi a1, a1, 819
x11 <- 0x0000033333333333
mem[X,0x000000008001C324] -> 0x9593
mem[X,0x000000008001C326] -> 0x00B5
[3339] [M]: 0x000000008001C324 (0x00B59593) slli a1, a1, 11
x11 <- 0x0019999999999800
mem[X,0x000000008001C328] -> 0x8593
mem[X,0x000000008001C32A] -> 0x1995
[3340] [M]: 0x000000008001C328 (0x19958593) addi a1, a1, 409
x11 <- 0x0019999999999999
mem[X,0x000000008001C32C] -> 0x9593
mem[X,0x000000008001C32E] -> 0x00A5
[3341] [M]: 0x000000008001C32C (0x00A59593) slli a1, a1, 10
x11 <- 0x6666666666666400
mem[X,0x000000008001C330] -> 0x8593
mem[X,0x000000008001C332] -> 0x2655
[3342] [M]: 0x000000008001C330 (0x26558593) addi a1, a1, 613
x11 <- 0x6666666666666665
mem[X,0x000000008001C334] -> 0x0113
mem[X,0x000000008001C336] -> 0x0000
[3343] [M]: 0x000000008001C334 (0x00000113) addi sp, zero, 0
x2 <- 0x0000000000000000
mem[X,0x000000008001C338] -> 0x006F
mem[X,0x000000008001C33A] -> 0x00C0
[3344] [M]: 0x000000008001C338 (0x00C0006F) jal zero, 12
mem[X,0x000000008001C344] -> 0x4CE3
mem[X,0x000000008001C346] -> 0xFEB5
[3345] [M]: 0x000000008001C344 (0xFEB54CE3) blt a0, a1, 8184
mem[X,0x000000008001C33C] -> 0x0113
mem[X,0x000000008001C33E] -> 0x0011
[3346] [M]: 0x000000008001C33C (0x00110113) addi sp, sp, 1
x2 <- 0x0000000000000001
mem[X,0x000000008001C340] -> 0x006F
mem[X,0x000000008001C342] -> 0x0180
[3347] [M]: 0x000000008001C340 (0x0180006F) jal zero, 24
mem[X,0x000000008001C358] -> 0xBC23
mem[X,0x000000008001C35A] -> 0x6E20
[3348] [M]: 0x000000008001C358 (0x6E20BC23) sd sp, 1784(ra)
mem[0x000000008004F8D0] <- 0x0000000000000001
mem[X,0x000000008001C35C] -> 0xB537
mem[X,0x000000008001C35E] -> 0xAAAA
[3349] [M]: 0x000000008001C35C (0xAAAAB537) lui a0, 699051
x10 <- 0xFFFFFFFFAAAAB000
mem[X,0x000000008001C360] -> 0x0513
mem[X,0x000000008001C362] -> 0xAAA5
[3350] [M]: 0x000000008001C360 (0xAAA50513) addi a0, a0, 2730
x10 <- 0xFFFFFFFFAAAAAAAA
mem[X,0x000000008001C364] -> 0x1513
mem[X,0x000000008001C366] -> 0x00B5
[3351] [M]: 0x000000008001C364 (0x00B51513) slli a0, a0, 11
x10 <- 0xFFFFFD5555555000
mem[X,0x000000008001C368] -> 0x0513
mem[X,0x000000008001C36A] -> 0x5555
[3352] [M]: 0x000000008001C368 (0x55550513) addi a0, a0, 1365
x10 <- 0xFFFFFD5555555555
mem[X,0x000000008001C36C] -> 0x1513
mem[X,0x000000008001C36E] -> 0x00B5
[3353] [M]: 0x000000008001C36C (0x00B51513) slli a0, a0, 11
x10 <- 0xFFEAAAAAAAAAA800
mem[X,0x000000008001C370] -> 0x0513
mem[X,0x000000008001C372] -> 0x2AA5
[3354] [M]: 0x000000008001C370 (0x2AA50513) addi a0, a0, 682
x10 <- 0xFFEAAAAAAAAAAAAA
mem[X,0x000000008001C374] -> 0x1513
mem[X,0x000000008001C376] -> 0x00A5
[3355] [M]: 0x000000008001C374 (0x00A51513) slli a0, a0, 10
x10 <- 0xAAAAAAAAAAAAA800
mem[X,0x000000008001C378] -> 0x0513
mem[X,0x000000008001C37A] -> 0x2AA5
[3356] [M]: 0x000000008001C378 (0x2AA50513) addi a0, a0, 682
x10 <- 0xAAAAAAAAAAAAAAAA
mem[X,0x000000008001C37C] -> 0x05B7
mem[X,0x000000008001C37E] -> 0x0000
[3357] [M]: 0x000000008001C37C (0x000005B7) lui a1, 0
x11 <- 0x0000000000000000
mem[X,0x000000008001C380] -> 0x8593
mem[X,0x000000008001C382] -> 0x0005
[3358] [M]: 0x000000008001C380 (0x00058593) addi a1, a1, 0
x11 <- 0x0000000000000000
mem[X,0x000000008001C384] -> 0x9593
mem[X,0x000000008001C386] -> 0x00B5
[3359] [M]: 0x000000008001C384 (0x00B59593) slli a1, a1, 11
x11 <- 0x0000000000000000
mem[X,0x000000008001C388] -> 0x8593
mem[X,0x000000008001C38A] -> 0x5A85
[3360] [M]: 0x000000008001C388 (0x5A858593) addi a1, a1, 1448
x11 <- 0x00000000000005A8
mem[X,0x000000008001C38C] -> 0x9593
mem[X,0x000000008001C38E] -> 0x00B5
[3361] [M]: 0x000000008001C38C (0x00B59593) slli a1, a1, 11
x11 <- 0x00000000002D4000
mem[X,0x000000008001C390] -> 0x8593
mem[X,0x000000008001C392] -> 0x13C5
[3362] [M]: 0x000000008001C390 (0x13C58593) addi a1, a1, 316
x11 <- 0x00000000002D413C
mem[X,0x000000008001C394] -> 0x9593
mem[X,0x000000008001C396] -> 0x00A5
[3363] [M]: 0x000000008001C394 (0x00A59593) slli a1, a1, 10
x11 <- 0x00000000B504F000
mem[X,0x000000008001C398] -> 0x8593
mem[X,0x000000008001C39A] -> 0x3325
[3364] [M]: 0x000000008001C398 (0x33258593) addi a1, a1, 818
x11 <- 0x00000000B504F332
mem[X,0x000000008001C39C] -> 0x0113
mem[X,0x000000008001C39E] -> 0x0000
[3365] [M]: 0x000000008001C39C (0x00000113) addi sp, zero, 0
x2 <- 0x0000000000000000
mem[X,0x000000008001C3A0] -> 0x006F
mem[X,0x000000008001C3A2] -> 0x00C0
[3366] [M]: 0x000000008001C3A0 (0x00C0006F) jal zero, 12
mem[X,0x000000008001C3AC] -> 0x4863
mem[X,0x000000008001C3AE] -> 0x00B5
[3367] [M]: 0x000000008001C3AC (0x00B54863) blt a0, a1, 16
mem[X,0x000000008001C3BC] -> 0x0113
mem[X,0x000000008001C3BE] -> 0x0031
[3368] [M]: 0x000000008001C3BC (0x00310113) addi sp, sp, 3
x2 <- 0x0000000000000003
mem[X,0x000000008001C3C0] -> 0x006F
mem[X,0x000000008001C3C2] -> 0x0040
[3369] [M]: 0x000000008001C3C0 (0x0040006F) jal zero, 4
mem[X,0x000000008001C3C4] -> 0xB023
mem[X,0x000000008001C3C6] -> 0x7020
[3370] [M]: 0x000000008001C3C4 (0x7020B023) sd sp, 1792(ra)
mem[0x000000008004F8D8] <- 0x0000000000000003
mem[X,0x000000008001C3C8] -> 0xB537
mem[X,0x000000008001C3CA] -> 0xAAAA
[3371] [M]: 0x000000008001C3C8 (0xAAAAB537) lui a0, 699051
x10 <- 0xFFFFFFFFAAAAB000
mem[X,0x000000008001C3CC] -> 0x0513
mem[X,0x000000008001C3CE] -> 0xAAA5
[3372] [M]: 0x000000008001C3CC (0xAAA50513) addi a0, a0, 2730
x10 <- 0xFFFFFFFFAAAAAAAA
mem[X,0x000000008001C3D0] -> 0x1513
mem[X,0x000000008001C3D2] -> 0x00B5
[3373] [M]: 0x000000008001C3D0 (0x00B51513) slli a0, a0, 11
x10 <- 0xFFFFFD5555555000
mem[X,0x000000008001C3D4] -> 0x0513
mem[X,0x000000008001C3D6] -> 0x5555
[3374] [M]: 0x000000008001C3D4 (0x55550513) addi a0, a0, 1365
x10 <- 0xFFFFFD5555555555
mem[X,0x000000008001C3D8] -> 0x1513
mem[X,0x000000008001C3DA] -> 0x00B5
[3375] [M]: 0x000000008001C3D8 (0x00B51513) slli a0, a0, 11
x10 <- 0xFFEAAAAAAAAAA800
mem[X,0x000000008001C3DC] -> 0x0513
mem[X,0x000000008001C3DE] -> 0x2AA5
[3376] [M]: 0x000000008001C3DC (0x2AA50513) addi a0, a0, 682
x10 <- 0xFFEAAAAAAAAAAAAA
mem[X,0x000000008001C3E0] -> 0x1513
mem[X,0x000000008001C3E2] -> 0x00A5
[3377] [M]: 0x000000008001C3E0 (0x00A51513) slli a0, a0, 10
x10 <- 0xAAAAAAAAAAAAA800
mem[X,0x000000008001C3E4] -> 0x0513
mem[X,0x000000008001C3E6] -> 0x2AA5
[3378] [M]: 0x000000008001C3E4 (0x2AA50513) addi a0, a0, 682
x10 <- 0xAAAAAAAAAAAAAAAA
mem[X,0x000000008001C3E8] -> 0x55B7
mem[X,0x000000008001C3EA] -> 0x5555
[3379] [M]: 0x000000008001C3E8 (0x555555B7) lui a1, 349525
x11 <- 0x0000000055555000
mem[X,0x000000008001C3EC] -> 0x8593
mem[X,0x000000008001C3EE] -> 0x5555
[3380] [M]: 0x000000008001C3EC (0x55558593) addi a1, a1, 1365
x11 <- 0x0000000055555555
mem[X,0x000000008001C3F0] -> 0x9593
mem[X,0x000000008001C3F2] -> 0x00B5
[3381] [M]: 0x000000008001C3F0 (0x00B59593) slli a1, a1, 11
x11 <- 0x000002AAAAAAA800
mem[X,0x000000008001C3F4] -> 0x8593
mem[X,0x000000008001C3F6] -> 0x2AA5
[3382] [M]: 0x000000008001C3F4 (0x2AA58593) addi a1, a1, 682
x11 <- 0x000002AAAAAAAAAA
mem[X,0x000000008001C3F8] -> 0x9593
mem[X,0x000000008001C3FA] -> 0x00B5
[3383] [M]: 0x000000008001C3F8 (0x00B59593) slli a1, a1, 11
x11 <- 0x0015555555555000
mem[X,0x000000008001C3FC] -> 0x8593
mem[X,0x000000008001C3FE] -> 0x5555
[3384] [M]: 0x000000008001C3FC (0x55558593) addi a1, a1, 1365
x11 <- 0x0015555555555555
mem[X,0x000000008001C400] -> 0x9593
mem[X,0x000000008001C402] -> 0x00A5
[3385] [M]: 0x000000008001C400 (0x00A59593) slli a1, a1, 10
x11 <- 0x5555555555555400
mem[X,0x000000008001C404] -> 0x8593
mem[X,0x000000008001C406] -> 0x1565
[3386] [M]: 0x000000008001C404 (0x15658593) addi a1, a1, 342
x11 <- 0x5555555555555556
mem[X,0x000000008001C408] -> 0x0113
mem[X,0x000000008001C40A] -> 0x0000
[3387] [M]: 0x000000008001C408 (0x00000113) addi sp, zero, 0
x2 <- 0x0000000000000000
mem[X,0x000000008001C40C] -> 0x006F
mem[X,0x000000008001C40E] -> 0x0050
[3388] [M]: 0x000000008001C40C (0x0050006F) jal zero, 2052
mem[X,0x000000008001CC10] -> 0x40E3
mem[X,0x000000008001CC12] -> 0x80B5
[3389] [M]: 0x000000008001CC10 (0x80B540E3) blt a0, a1, 6144
mem[X,0x000000008001C410] -> 0x0113
mem[X,0x000000008001C412] -> 0x0011
[3390] [M]: 0x000000008001C410 (0x00110113) addi sp, sp, 1
x2 <- 0x0000000000000001
mem[X,0x000000008001C414] -> 0x006F
mem[X,0x000000008001C416] -> 0x0110
[3391] [M]: 0x000000008001C414 (0x0110006F) jal zero, 2064
mem[X,0x000000008001CC24] -> 0xB423
mem[X,0x000000008001CC26] -> 0x7020
[3392] [M]: 0x000000008001CC24 (0x7020B423) sd sp, 1800(ra)
mem[0x000000008004F8E0] <- 0x0000000000000001
mem[X,0x000000008001CC28] -> 0xB537
mem[X,0x000000008001CC2A] -> 0xAAAA
[3393] [M]: 0x000000008001CC28 (0xAAAAB537) lui a0, 699051
x10 <- 0xFFFFFFFFAAAAB000
mem[X,0x000000008001CC2C] -> 0x0513
mem[X,0x000000008001CC2E] -> 0xAAA5
[3394] [M]: 0x000000008001CC2C (0xAAA50513) addi a0, a0, 2730
x10 <- 0xFFFFFFFFAAAAAAAA
mem[X,0x000000008001CC30] -> 0x1513
mem[X,0x000000008001CC32] -> 0x00B5
[3395] [M]: 0x000000008001CC30 (0x00B51513) slli a0, a0, 11
x10 <- 0xFFFFFD5555555000
mem[X,0x000000008001CC34] -> 0x0513
mem[X,0x000000008001CC36] -> 0x5555
[3396] [M]: 0x000000008001CC34 (0x55550513) addi a0, a0, 1365
x10 <- 0xFFFFFD5555555555
mem[X,0x000000008001CC38] -> 0x1513
mem[X,0x000000008001CC3A] -> 0x00B5
[3397] [M]: 0x000000008001CC38 (0x00B51513) slli a0, a0, 11
x10 <- 0xFFEAAAAAAAAAA800
mem[X,0x000000008001CC3C] -> 0x0513
mem[X,0x000000008001CC3E] -> 0x2AA5
[3398] [M]: 0x000000008001CC3C (0x2AA50513) addi a0, a0, 682
x10 <- 0xFFEAAAAAAAAAAAAA
mem[X,0x000000008001CC40] -> 0x1513
mem[X,0x000000008001CC42] -> 0x00A5
[3399] [M]: 0x000000008001CC40 (0x00A51513) slli a0, a0, 10
x10 <- 0xAAAAAAAAAAAAA800
clint::tick mtime <- 0x0000000000000022
 clint timer pending at mtime 0x0000000000000022
htif::tick 0x0000000000000000
mem[X,0x000000008001CC44] -> 0x0513
mem[X,0x000000008001CC46] -> 0x2AA5
[3400] [M]: 0x000000008001CC44 (0x2AA50513) addi a0, a0, 682
x10 <- 0xAAAAAAAAAAAAAAAA
mem[X,0x000000008001CC48] -> 0xB5B7
mem[X,0x000000008001CC4A] -> 0xAAAA
[3401] [M]: 0x000000008001CC48 (0xAAAAB5B7) lui a1, 699051
x11 <- 0xFFFFFFFFAAAAB000
mem[X,0x000000008001CC4C] -> 0x8593
mem[X,0x000000008001CC4E] -> 0xAAA5
[3402] [M]: 0x000000008001CC4C (0xAAA58593) addi a1, a1, 2730
x11 <- 0xFFFFFFFFAAAAAAAA
mem[X,0x000000008001CC50] -> 0x9593
mem[X,0x000000008001CC52] -> 0x00B5
[3403] [M]: 0x000000008001CC50 (0x00B59593) slli a1, a1, 11
x11 <- 0xFFFFFD5555555000
mem[X,0x000000008001CC54] -> 0x8593
mem[X,0x000000008001CC56] -> 0x5555
[3404] [M]: 0x000000008001CC54 (0x55558593) addi a1, a1, 1365
x11 <- 0xFFFFFD5555555555
mem[X,0x000000008001CC58] -> 0x9593
mem[X,0x000000008001CC5A] -> 0x00B5
[3405] [M]: 0x000000008001CC58 (0x00B59593) slli a1, a1, 11
x11 <- 0xFFEAAAAAAAAAA800
mem[X,0x000000008001CC5C] -> 0x8593
mem[X,0x000000008001CC5E] -> 0x2AA5
[3406] [M]: 0x000000008001CC5C (0x2AA58593) addi a1, a1, 682
x11 <- 0xFFEAAAAAAAAAAAAA
mem[X,0x000000008001CC60] -> 0x9593
mem[X,0x000000008001CC62] -> 0x00A5
[3407] [M]: 0x000000008001CC60 (0x00A59593) slli a1, a1, 10
x11 <- 0xAAAAAAAAAAAAA800
mem[X,0x000000008001CC64] -> 0x8593
mem[X,0x000000008001CC66] -> 0x2AB5
[3408] [M]: 0x000000008001CC64 (0x2AB58593) addi a1, a1, 683
x11 <- 0xAAAAAAAAAAAAAAAB
mem[X,0x000000008001CC68] -> 0x0113
mem[X,0x000000008001CC6A] -> 0x0000
[3409] [M]: 0x000000008001CC68 (0x00000113) addi sp, zero, 0
x2 <- 0x0000000000000000
mem[X,0x000000008001CC6C] -> 0x006F
mem[X,0x000000008001CC6E] -> 0x00C0
[3410] [M]: 0x000000008001CC6C (0x00C0006F) jal zero, 12
mem[X,0x000000008001CC78] -> 0x4063
mem[X,0x000000008001CC7A] -> 0x04B5
[3411] [M]: 0x000000008001CC78 (0x04B54063) blt a0, a1, 64
mem[X,0x000000008001CCB8] -> 0x0113
mem[X,0x000000008001CCBA] -> 0x0031
[3412] [M]: 0x000000008001CCB8 (0x00310113) addi sp, sp, 3
x2 <- 0x0000000000000003
mem[X,0x000000008001CCBC] -> 0x006F
mem[X,0x000000008001CCBE] -> 0x0040
[3413] [M]: 0x000000008001CCBC (0x0040006F) jal zero, 4
mem[X,0x000000008001CCC0] -> 0xB823
mem[X,0x000000008001CCC2] -> 0x7020
[3414] [M]: 0x000000008001CCC0 (0x7020B823) sd sp, 1808(ra)
mem[0x000000008004F8E8] <- 0x0000000000000003
mem[X,0x000000008001CCC4] -> 0xB537
mem[X,0x000000008001CCC6] -> 0xAAAA
[3415] [M]: 0x000000008001CCC4 (0xAAAAB537) lui a0, 699051
x10 <- 0xFFFFFFFFAAAAB000
mem[X,0x000000008001CCC8] -> 0x0513
mem[X,0x000000008001CCCA] -> 0xAAA5
[3416] [M]: 0x000000008001CCC8 (0xAAA50513) addi a0, a0, 2730
x10 <- 0xFFFFFFFFAAAAAAAA
mem[X,0x000000008001CCCC] -> 0x1513
mem[X,0x000000008001CCCE] -> 0x00B5
[3417] [M]: 0x000000008001CCCC (0x00B51513) slli a0, a0, 11
x10 <- 0xFFFFFD5555555000
mem[X,0x000000008001CCD0] -> 0x0513
mem[X,0x000000008001CCD2] -> 0x5555
[3418] [M]: 0x000000008001CCD0 (0x55550513) addi a0, a0, 1365
x10 <- 0xFFFFFD5555555555
mem[X,0x000000008001CCD4] -> 0x1513
mem[X,0x000000008001CCD6] -> 0x00B5
[3419] [M]: 0x000000008001CCD4 (0x00B51513) slli a0, a0, 11
x10 <- 0xFFEAAAAAAAAAA800
mem[X,0x000000008001CCD8] -> 0x0513
mem[X,0x000000008001CCDA] -> 0x2AA5
[3420] [M]: 0x000000008001CCD8 (0x2AA50513) addi a0, a0, 682
x10 <- 0xFFEAAAAAAAAAAAAA
mem[X,0x000000008001CCDC] -> 0x1513
mem[X,0x000000008001CCDE] -> 0x00A5
[3421] [M]: 0x000000008001CCDC (0x00A51513) slli a0, a0, 10
x10 <- 0xAAAAAAAAAAAAA800
mem[X,0x000000008001CCE0] -> 0x0513
mem[X,0x000000008001CCE2] -> 0x2AA5
[3422] [M]: 0x000000008001CCE0 (0x2AA50513) addi a0, a0, 682
x10 <- 0xAAAAAAAAAAAAAAAA
mem[X,0x000000008001CCE4] -> 0x0593
mem[X,0x000000008001CCE6] -> 0x0060
[3423] [M]: 0x000000008001CCE4 (0x00600593) addi a1, zero, 6
x11 <- 0x0000000000000006
mem[X,0x000000008001CCE8] -> 0x0113
mem[X,0x000000008001CCEA] -> 0x0000
[3424] [M]: 0x000000008001CCE8 (0x00000113) addi sp, zero, 0
x2 <- 0x0000000000000000
mem[X,0x000000008001CCEC] -> 0x006F
mem[X,0x000000008001CCEE] -> 0x00C0
[3425] [M]: 0x000000008001CCEC (0x00C0006F) jal zero, 12
mem[X,0x000000008001CCF8] -> 0x4863
mem[X,0x000000008001CCFA] -> 0x00B5
[3426] [M]: 0x000000008001CCF8 (0x00B54863) blt a0, a1, 16
mem[X,0x000000008001CD08] -> 0x0113
mem[X,0x000000008001CD0A] -> 0x0031
[3427] [M]: 0x000000008001CD08 (0x00310113) addi sp, sp, 3
x2 <- 0x0000000000000003
mem[X,0x000000008001CD0C] -> 0x006F
mem[X,0x000000008001CD0E] -> 0x0040
[3428] [M]: 0x000000008001CD0C (0x0040006F) jal zero, 4
mem[X,0x000000008001CD10] -> 0xBC23
mem[X,0x000000008001CD12] -> 0x7020
[3429] [M]: 0x000000008001CD10 (0x7020BC23) sd sp, 1816(ra)
mem[0x000000008004F8F0] <- 0x0000000000000003
mem[X,0x000000008001CD14] -> 0xB537
mem[X,0x000000008001CD16] -> 0xAAAA
[3430] [M]: 0x000000008001CD14 (0xAAAAB537) lui a0, 699051
x10 <- 0xFFFFFFFFAAAAB000
mem[X,0x000000008001CD18] -> 0x0513
mem[X,0x000000008001CD1A] -> 0xAAA5
[3431] [M]: 0x000000008001CD18 (0xAAA50513) addi a0, a0, 2730
x10 <- 0xFFFFFFFFAAAAAAAA
mem[X,0x000000008001CD1C] -> 0x1513
mem[X,0x000000008001CD1E] -> 0x00B5
[3432] [M]: 0x000000008001CD1C (0x00B51513) slli a0, a0, 11
x10 <- 0xFFFFFD5555555000
mem[X,0x000000008001CD20] -> 0x0513
mem[X,0x000000008001CD22] -> 0x5555
[3433] [M]: 0x000000008001CD20 (0x55550513) addi a0, a0, 1365
x10 <- 0xFFFFFD5555555555
mem[X,0x000000008001CD24] -> 0x1513
mem[X,0x000000008001CD26] -> 0x00B5
[3434] [M]: 0x000000008001CD24 (0x00B51513) slli a0, a0, 11
x10 <- 0xFFEAAAAAAAAAA800
mem[X,0x000000008001CD28] -> 0x0513
mem[X,0x000000008001CD2A] -> 0x2AA5
[3435] [M]: 0x000000008001CD28 (0x2AA50513) addi a0, a0, 682
x10 <- 0xFFEAAAAAAAAAAAAA
mem[X,0x000000008001CD2C] -> 0x1513
mem[X,0x000000008001CD2E] -> 0x00A5
[3436] [M]: 0x000000008001CD2C (0x00A51513) slli a0, a0, 10
x10 <- 0xAAAAAAAAAAAAA800
mem[X,0x000000008001CD30] -> 0x0513
mem[X,0x000000008001CD32] -> 0x2AA5
[3437] [M]: 0x000000008001CD30 (0x2AA50513) addi a0, a0, 682
x10 <- 0xAAAAAAAAAAAAAAAA
mem[X,0x000000008001CD34] -> 0x35B7
mem[X,0x000000008001CD36] -> 0x3333
[3438] [M]: 0x000000008001CD34 (0x333335B7) lui a1, 209715
x11 <- 0x0000000033333000
mem[X,0x000000008001CD38] -> 0x8593
mem[X,0x000000008001CD3A] -> 0x3335
[3439] [M]: 0x000000008001CD38 (0x33358593) addi a1, a1, 819
x11 <- 0x0000000033333333
mem[X,0x000000008001CD3C] -> 0x9593
mem[X,0x000000008001CD3E] -> 0x00B5
[3440] [M]: 0x000000008001CD3C (0x00B59593) slli a1, a1, 11
x11 <- 0x0000019999999800
mem[X,0x000000008001CD40] -> 0x8593
mem[X,0x000000008001CD42] -> 0x1995
[3441] [M]: 0x000000008001CD40 (0x19958593) addi a1, a1, 409
x11 <- 0x0000019999999999
mem[X,0x000000008001CD44] -> 0x9593
mem[X,0x000000008001CD46] -> 0x00B5
[3442] [M]: 0x000000008001CD44 (0x00B59593) slli a1, a1, 11
x11 <- 0x000CCCCCCCCCC800
mem[X,0x000000008001CD48] -> 0x8593
mem[X,0x000000008001CD4A] -> 0x4CC5
[3443] [M]: 0x000000008001CD48 (0x4CC58593) addi a1, a1, 1228
x11 <- 0x000CCCCCCCCCCCCC
mem[X,0x000000008001CD4C] -> 0x9593
mem[X,0x000000008001CD4E] -> 0x00A5
[3444] [M]: 0x000000008001CD4C (0x00A59593) slli a1, a1, 10
x11 <- 0x3333333333333000
mem[X,0x000000008001CD50] -> 0x8593
mem[X,0x000000008001CD52] -> 0x3345
[3445] [M]: 0x000000008001CD50 (0x33458593) addi a1, a1, 820
x11 <- 0x3333333333333334
mem[X,0x000000008001CD54] -> 0x0113
mem[X,0x000000008001CD56] -> 0x0000
[3446] [M]: 0x000000008001CD54 (0x00000113) addi sp, zero, 0
x2 <- 0x0000000000000000
mem[X,0x000000008001CD58] -> 0x006F
mem[X,0x000000008001CD5A] -> 0x00C0
[3447] [M]: 0x000000008001CD58 (0x00C0006F) jal zero, 12
mem[X,0x000000008001CD64] -> 0x4863
mem[X,0x000000008001CD66] -> 0x00B5
[3448] [M]: 0x000000008001CD64 (0x00B54863) blt a0, a1, 16
mem[X,0x000000008001CD74] -> 0x0113
mem[X,0x000000008001CD76] -> 0x0031
[3449] [M]: 0x000000008001CD74 (0x00310113) addi sp, sp, 3
x2 <- 0x0000000000000003
mem[X,0x000000008001CD78] -> 0x006F
mem[X,0x000000008001CD7A] -> 0x0040
[3450] [M]: 0x000000008001CD78 (0x0040006F) jal zero, 4
mem[X,0x000000008001CD7C] -> 0xB023
mem[X,0x000000008001CD7E] -> 0x7220
[3451] [M]: 0x000000008001CD7C (0x7220B023) sd sp, 1824(ra)
mem[0x000000008004F8F8] <- 0x0000000000000003
mem[X,0x000000008001CD80] -> 0xB537
mem[X,0x000000008001CD82] -> 0xAAAA
[3452] [M]: 0x000000008001CD80 (0xAAAAB537) lui a0, 699051
x10 <- 0xFFFFFFFFAAAAB000
mem[X,0x000000008001CD84] -> 0x0513
mem[X,0x000000008001CD86] -> 0xAAA5
[3453] [M]: 0x000000008001CD84 (0xAAA50513) addi a0, a0, 2730
x10 <- 0xFFFFFFFFAAAAAAAA
mem[X,0x000000008001CD88] -> 0x1513
mem[X,0x000000008001CD8A] -> 0x00B5
[3454] [M]: 0x000000008001CD88 (0x00B51513) slli a0, a0, 11
x10 <- 0xFFFFFD5555555000
mem[X,0x000000008001CD8C] -> 0x0513
mem[X,0x000000008001CD8E] -> 0x5555
[3455] [M]: 0x000000008001CD8C (0x55550513) addi a0, a0, 1365
x10 <- 0xFFFFFD5555555555
mem[X,0x000000008001CD90] -> 0x1513
mem[X,0x000000008001CD92] -> 0x00B5
[3456] [M]: 0x000000008001CD90 (0x00B51513) slli a0, a0, 11
x10 <- 0xFFEAAAAAAAAAA800
mem[X,0x000000008001CD94] -> 0x0513
mem[X,0x000000008001CD96] -> 0x2AA5
[3457] [M]: 0x000000008001CD94 (0x2AA50513) addi a0, a0, 682
x10 <- 0xFFEAAAAAAAAAAAAA
mem[X,0x000000008001CD98] -> 0x1513
mem[X,0x000000008001CD9A] -> 0x00A5
[3458] [M]: 0x000000008001CD98 (0x00A51513) slli a0, a0, 10
x10 <- 0xAAAAAAAAAAAAA800
mem[X,0x000000008001CD9C] -> 0x0513
mem[X,0x000000008001CD9E] -> 0x2AA5
[3459] [M]: 0x000000008001CD9C (0x2AA50513) addi a0, a0, 682
x10 <- 0xAAAAAAAAAAAAAAAA
mem[X,0x000000008001CDA0] -> 0x65B7
mem[X,0x000000008001CDA2] -> 0x6666
[3460] [M]: 0x000000008001CDA0 (0x666665B7) lui a1, 419430
x11 <- 0x0000000066666000
mem[X,0x000000008001CDA4] -> 0x8593
mem[X,0x000000008001CDA6] -> 0x6665
[3461] [M]: 0x000000008001CDA4 (0x66658593) addi a1, a1, 1638
x11 <- 0x0000000066666666
mem[X,0x000000008001CDA8] -> 0x9593
mem[X,0x000000008001CDAA] -> 0x00B5
[3462] [M]: 0x000000008001CDA8 (0x00B59593) slli a1, a1, 11
x11 <- 0x0000033333333000
mem[X,0x000000008001CDAC] -> 0x8593
mem[X,0x000000008001CDAE] -> 0x3335
[3463] [M]: 0x000000008001CDAC (0x33358593) addi a1, a1, 819
x11 <- 0x0000033333333333
mem[X,0x000000008001CDB0] -> 0x9593
mem[X,0x000000008001CDB2] -> 0x00B5
[3464] [M]: 0x000000008001CDB0 (0x00B59593) slli a1, a1, 11
x11 <- 0x0019999999999800
mem[X,0x000000008001CDB4] -> 0x8593
mem[X,0x000000008001CDB6] -> 0x1995
[3465] [M]: 0x000000008001CDB4 (0x19958593) addi a1, a1, 409
x11 <- 0x0019999999999999
mem[X,0x000000008001CDB8] -> 0x9593
mem[X,0x000000008001CDBA] -> 0x00A5
[3466] [M]: 0x000000008001CDB8 (0x00A59593) slli a1, a1, 10
x11 <- 0x6666666666666400
mem[X,0x000000008001CDBC] -> 0x8593
mem[X,0x000000008001CDBE] -> 0x2675
[3467] [M]: 0x000000008001CDBC (0x26758593) addi a1, a1, 615
x11 <- 0x6666666666666667
mem[X,0x000000008001CDC0] -> 0x0113
mem[X,0x000000008001CDC2] -> 0x0000
[3468] [M]: 0x000000008001CDC0 (0x00000113) addi sp, zero, 0
x2 <- 0x0000000000000000
mem[X,0x000000008001CDC4] -> 0x006F
mem[X,0x000000008001CDC6] -> 0x00C0
[3469] [M]: 0x000000008001CDC4 (0x00C0006F) jal zero, 12
mem[X,0x000000008001CDD0] -> 0x4663
mem[X,0x000000008001CDD2] -> 0x00B5
[3470] [M]: 0x000000008001CDD0 (0x00B54663) blt a0, a1, 12
mem[X,0x000000008001CDDC] -> 0x0113
mem[X,0x000000008001CDDE] -> 0x0031
[3471] [M]: 0x000000008001CDDC (0x00310113) addi sp, sp, 3
x2 <- 0x0000000000000003
mem[X,0x000000008001CDE0] -> 0x006F
mem[X,0x000000008001CDE2] -> 0x0040
[3472] [M]: 0x000000008001CDE0 (0x0040006F) jal zero, 4
mem[X,0x000000008001CDE4] -> 0xB423
mem[X,0x000000008001CDE6] -> 0x7220
[3473] [M]: 0x000000008001CDE4 (0x7220B423) sd sp, 1832(ra)
mem[0x000000008004F900] <- 0x0000000000000003
mem[X,0x000000008001CDE8] -> 0xB537
mem[X,0x000000008001CDEA] -> 0xAAAA
[3474] [M]: 0x000000008001CDE8 (0xAAAAB537) lui a0, 699051
x10 <- 0xFFFFFFFFAAAAB000
mem[X,0x000000008001CDEC] -> 0x0513
mem[X,0x000000008001CDEE] -> 0xAAA5
[3475] [M]: 0x000000008001CDEC (0xAAA50513) addi a0, a0, 2730
x10 <- 0xFFFFFFFFAAAAAAAA
mem[X,0x000000008001CDF0] -> 0x1513
mem[X,0x000000008001CDF2] -> 0x00B5
[3476] [M]: 0x000000008001CDF0 (0x00B51513) slli a0, a0, 11
x10 <- 0xFFFFFD5555555000
mem[X,0x000000008001CDF4] -> 0x0513
mem[X,0x000000008001CDF6] -> 0x5555
[3477] [M]: 0x000000008001CDF4 (0x55550513) addi a0, a0, 1365
x10 <- 0xFFFFFD5555555555
mem[X,0x000000008001CDF8] -> 0x1513
mem[X,0x000000008001CDFA] -> 0x00B5
[3478] [M]: 0x000000008001CDF8 (0x00B51513) slli a0, a0, 11
x10 <- 0xFFEAAAAAAAAAA800
mem[X,0x000000008001CDFC] -> 0x0513
mem[X,0x000000008001CDFE] -> 0x2AA5
[3479] [M]: 0x000000008001CDFC (0x2AA50513) addi a0, a0, 682
x10 <- 0xFFEAAAAAAAAAAAAA
mem[X,0x000000008001CE00] -> 0x1513
mem[X,0x000000008001CE02] -> 0x00A5
[3480] [M]: 0x000000008001CE00 (0x00A51513) slli a0, a0, 10
x10 <- 0xAAAAAAAAAAAAA800
mem[X,0x000000008001CE04] -> 0x0513
mem[X,0x000000008001CE06] -> 0x2AA5
[3481] [M]: 0x000000008001CE04 (0x2AA50513) addi a0, a0, 682
x10 <- 0xAAAAAAAAAAAAAAAA
mem[X,0x000000008001CE08] -> 0x05B7
mem[X,0x000000008001CE0A] -> 0x0000
[3482] [M]: 0x000000008001CE08 (0x000005B7) lui a1, 0
x11 <- 0x0000000000000000
mem[X,0x000000008001CE0C] -> 0x8593
mem[X,0x000000008001CE0E] -> 0xFFF5
[3483] [M]: 0x000000008001CE0C (0xFFF58593) addi a1, a1, 4095
x11 <- 0xFFFFFFFFFFFFFFFF
mem[X,0x000000008001CE10] -> 0x9593
mem[X,0x000000008001CE12] -> 0x00B5
[3484] [M]: 0x000000008001CE10 (0x00B59593) slli a1, a1, 11
x11 <- 0xFFFFFFFFFFFFF800
mem[X,0x000000008001CE14] -> 0x8593
mem[X,0x000000008001CE16] -> 0x2575
[3485] [M]: 0x000000008001CE14 (0x25758593) addi a1, a1, 599
x11 <- 0xFFFFFFFFFFFFFA57
mem[X,0x000000008001CE18] -> 0x9593
mem[X,0x000000008001CE1A] -> 0x00B5
[3486] [M]: 0x000000008001CE18 (0x00B59593) slli a1, a1, 11
x11 <- 0xFFFFFFFFFFD2B800
mem[X,0x000000008001CE1C] -> 0x8593
mem[X,0x000000008001CE1E] -> 0x6C35
[3487] [M]: 0x000000008001CE1C (0x6C358593) addi a1, a1, 1731
x11 <- 0xFFFFFFFFFFD2BEC3
mem[X,0x000000008001CE20] -> 0x9593
mem[X,0x000000008001CE22] -> 0x00A5
[3488] [M]: 0x000000008001CE20 (0x00A59593) slli a1, a1, 10
x11 <- 0xFFFFFFFF4AFB0C00
mem[X,0x000000008001CE24] -> 0x8593
mem[X,0x000000008001CE26] -> 0x0CE5
[3489] [M]: 0x000000008001CE24 (0x0CE58593) addi a1, a1, 206
x11 <- 0xFFFFFFFF4AFB0CCE
mem[X,0x000000008001CE28] -> 0x0113
mem[X,0x000000008001CE2A] -> 0x0000
[3490] [M]: 0x000000008001CE28 (0x00000113) addi sp, zero, 0
x2 <- 0x0000000000000000
mem[X,0x000000008001CE2C] -> 0x006F
mem[X,0x000000008001CE2E] -> 0x2B10
[3491] [M]: 0x000000008001CE2C (0x2B10006F) jal zero, 2736
mem[X,0x000000008001D8DC] -> 0x4A63
mem[X,0x000000008001D8DE] -> 0xD4B5
[3492] [M]: 0x000000008001D8DC (0xD4B54A63) blt a0, a1, 5460
mem[X,0x000000008001CE30] -> 0x0113
mem[X,0x000000008001CE32] -> 0x0011
[3493] [M]: 0x000000008001CE30 (0x00110113) addi sp, sp, 1
x2 <- 0x0000000000000001
mem[X,0x000000008001CE34] -> 0x006F
mem[X,0x000000008001CE36] -> 0x2BD0
[3494] [M]: 0x000000008001CE34 (0x2BD0006F) jal zero, 2748
mem[X,0x000000008001D8F0] -> 0xB823
mem[X,0x000000008001D8F2] -> 0x7220
[3495] [M]: 0x000000008001D8F0 (0x7220B823) sd sp, 1840(ra)
mem[0x000000008004F908] <- 0x0000000000000001
mem[X,0x000000008001D8F4] -> 0xB537
mem[X,0x000000008001D8F6] -> 0xAAAA
[3496] [M]: 0x000000008001D8F4 (0xAAAAB537) lui a0, 699051
x10 <- 0xFFFFFFFFAAAAB000
mem[X,0x000000008001D8F8] -> 0x0513
mem[X,0x000000008001D8FA] -> 0xAAA5
[3497] [M]: 0x000000008001D8F8 (0xAAA50513) addi a0, a0, 2730
x10 <- 0xFFFFFFFFAAAAAAAA
mem[X,0x000000008001D8FC] -> 0x1513
mem[X,0x000000008001D8FE] -> 0x00B5
[3498] [M]: 0x000000008001D8FC (0x00B51513) slli a0, a0, 11
x10 <- 0xFFFFFD5555555000
mem[X,0x000000008001D900] -> 0x0513
mem[X,0x000000008001D902] -> 0x5555
[3499] [M]: 0x000000008001D900 (0x55550513) addi a0, a0, 1365
x10 <- 0xFFFFFD5555555555
clint::tick mtime <- 0x0000000000000023
 clint timer pending at mtime 0x0000000000000023
htif::tick 0x0000000000000000
mem[X,0x000000008001D904] -> 0x1513
mem[X,0x000000008001D906] -> 0x00B5
[3500] [M]: 0x000000008001D904 (0x00B51513) slli a0, a0, 11
x10 <- 0xFFEAAAAAAAAAA800
mem[X,0x000000008001D908] -> 0x0513
mem[X,0x000000008001D90A] -> 0x2AA5
[3501] [M]: 0x000000008001D908 (0x2AA50513) addi a0, a0, 682
x10 <- 0xFFEAAAAAAAAAAAAA
mem[X,0x000000008001D90C] -> 0x1513
mem[X,0x000000008001D90E] -> 0x00A5
[3502] [M]: 0x000000008001D90C (0x00A51513) slli a0, a0, 10
x10 <- 0xAAAAAAAAAAAAA800
mem[X,0x000000008001D910] -> 0x0513
mem[X,0x000000008001D912] -> 0x2AA5
[3503] [M]: 0x000000008001D910 (0x2AA50513) addi a0, a0, 682
x10 <- 0xAAAAAAAAAAAAAAAA
mem[X,0x000000008001D914] -> 0x05B7
mem[X,0x000000008001D916] -> 0x0000
[3504] [M]: 0x000000008001D914 (0x000005B7) lui a1, 0
x11 <- 0x0000000000000000
mem[X,0x000000008001D918] -> 0x8593
mem[X,0x000000008001D91A] -> 0x0005
[3505] [M]: 0x000000008001D918 (0x00058593) addi a1, a1, 0
x11 <- 0x0000000000000000
mem[X,0x000000008001D91C] -> 0x9593
mem[X,0x000000008001D91E] -> 0x00B5
[3506] [M]: 0x000000008001D91C (0x00B59593) slli a1, a1, 11
x11 <- 0x0000000000000000
mem[X,0x000000008001D920] -> 0x8593
mem[X,0x000000008001D922] -> 0x5A85
[3507] [M]: 0x000000008001D920 (0x5A858593) addi a1, a1, 1448
x11 <- 0x00000000000005A8
mem[X,0x000000008001D924] -> 0x9593
mem[X,0x000000008001D926] -> 0x00B5
[3508] [M]: 0x000000008001D924 (0x00B59593) slli a1, a1, 11
x11 <- 0x00000000002D4000
mem[X,0x000000008001D928] -> 0x8593
mem[X,0x000000008001D92A] -> 0x13C5
[3509] [M]: 0x000000008001D928 (0x13C58593) addi a1, a1, 316
x11 <- 0x00000000002D413C
mem[X,0x000000008001D92C] -> 0x9593
mem[X,0x000000008001D92E] -> 0x00A5
[3510] [M]: 0x000000008001D92C (0x00A59593) slli a1, a1, 10
x11 <- 0x00000000B504F000
mem[X,0x000000008001D930] -> 0x8593
mem[X,0x000000008001D932] -> 0x3345
[3511] [M]: 0x000000008001D930 (0x33458593) addi a1, a1, 820
x11 <- 0x00000000B504F334
mem[X,0x000000008001D934] -> 0x0113
mem[X,0x000000008001D936] -> 0x0000
[3512] [M]: 0x000000008001D934 (0x00000113) addi sp, zero, 0
x2 <- 0x0000000000000000
mem[X,0x000000008001D938] -> 0x006F
mem[X,0x000000008001D93A] -> 0x00C0
[3513] [M]: 0x000000008001D938 (0x00C0006F) jal zero, 12
mem[X,0x000000008001D944] -> 0x4CE3
mem[X,0x000000008001D946] -> 0xFEB5
[3514] [M]: 0x000000008001D944 (0xFEB54CE3) blt a0, a1, 8184
mem[X,0x000000008001D93C] -> 0x0113
mem[X,0x000000008001D93E] -> 0x0011
[3515] [M]: 0x000000008001D93C (0x00110113) addi sp, sp, 1
x2 <- 0x0000000000000001
mem[X,0x000000008001D940] -> 0x006F
mem[X,0x000000008001D942] -> 0x0180
[3516] [M]: 0x000000008001D940 (0x0180006F) jal zero, 24
mem[X,0x000000008001D958] -> 0xBC23
mem[X,0x000000008001D95A] -> 0x7220
[3517] [M]: 0x000000008001D958 (0x7220BC23) sd sp, 1848(ra)
mem[0x000000008004F910] <- 0x0000000000000001
mem[X,0x000000008001D95C] -> 0x0513
mem[X,0x000000008001D95E] -> 0x0050
[3518] [M]: 0x000000008001D95C (0x00500513) addi a0, zero, 5
x10 <- 0x0000000000000005
mem[X,0x000000008001D960] -> 0x0593
mem[X,0x000000008001D962] -> 0x0030
[3519] [M]: 0x000000008001D960 (0x00300593) addi a1, zero, 3
x11 <- 0x0000000000000003
mem[X,0x000000008001D964] -> 0x0113
mem[X,0x000000008001D966] -> 0x0000
[3520] [M]: 0x000000008001D964 (0x00000113) addi sp, zero, 0
x2 <- 0x0000000000000000
mem[X,0x000000008001D968] -> 0x006F
mem[X,0x000000008001D96A] -> 0x00C0
[3521] [M]: 0x000000008001D968 (0x00C0006F) jal zero, 12
mem[X,0x000000008001D974] -> 0x4063
mem[X,0x000000008001D976] -> 0x40B5
[3522] [M]: 0x000000008001D974 (0x40B54063) blt a0, a1, 1024
mem[X,0x000000008001D978] -> 0x0113
mem[X,0x000000008001D97A] -> 0x0021
[3523] [M]: 0x000000008001D978 (0x00210113) addi sp, sp, 2
x2 <- 0x0000000000000002
mem[X,0x000000008001D97C] -> 0x006F
mem[X,0x000000008001D97E] -> 0x4000
[3524] [M]: 0x000000008001D97C (0x4000006F) jal zero, 1024
mem[X,0x000000008001DD7C] -> 0xB023
mem[X,0x000000008001DD7E] -> 0x7420
[3525] [M]: 0x000000008001DD7C (0x7420B023) sd sp, 1856(ra)
mem[0x000000008004F918] <- 0x0000000000000002
mem[X,0x000000008001DD80] -> 0x0513
mem[X,0x000000008001DD82] -> 0x0050
[3526] [M]: 0x000000008001DD80 (0x00500513) addi a0, zero, 5
x10 <- 0x0000000000000005
mem[X,0x000000008001DD84] -> 0xB5B7
mem[X,0x000000008001DD86] -> 0xAAAA
[3527] [M]: 0x000000008001DD84 (0xAAAAB5B7) lui a1, 699051
x11 <- 0xFFFFFFFFAAAAB000
mem[X,0x000000008001DD88] -> 0x8593
mem[X,0x000000008001DD8A] -> 0xAAA5
[3528] [M]: 0x000000008001DD88 (0xAAA58593) addi a1, a1, 2730
x11 <- 0xFFFFFFFFAAAAAAAA
mem[X,0x000000008001DD8C] -> 0x9593
mem[X,0x000000008001DD8E] -> 0x00B5
[3529] [M]: 0x000000008001DD8C (0x00B59593) slli a1, a1, 11
x11 <- 0xFFFFFD5555555000
mem[X,0x000000008001DD90] -> 0x8593
mem[X,0x000000008001DD92] -> 0x5555
[3530] [M]: 0x000000008001DD90 (0x55558593) addi a1, a1, 1365
x11 <- 0xFFFFFD5555555555
mem[X,0x000000008001DD94] -> 0x9593
mem[X,0x000000008001DD96] -> 0x00B5
[3531] [M]: 0x000000008001DD94 (0x00B59593) slli a1, a1, 11
x11 <- 0xFFEAAAAAAAAAA800
mem[X,0x000000008001DD98] -> 0x8593
mem[X,0x000000008001DD9A] -> 0x2AA5
[3532] [M]: 0x000000008001DD98 (0x2AA58593) addi a1, a1, 682
x11 <- 0xFFEAAAAAAAAAAAAA
mem[X,0x000000008001DD9C] -> 0x9593
mem[X,0x000000008001DD9E] -> 0x00A5
[3533] [M]: 0x000000008001DD9C (0x00A59593) slli a1, a1, 10
x11 <- 0xAAAAAAAAAAAAA800
mem[X,0x000000008001DDA0] -> 0x8593
mem[X,0x000000008001DDA2] -> 0x2AA5
[3534] [M]: 0x000000008001DDA0 (0x2AA58593) addi a1, a1, 682
x11 <- 0xAAAAAAAAAAAAAAAA
mem[X,0x000000008001DDA4] -> 0x0113
mem[X,0x000000008001DDA6] -> 0x0000
[3535] [M]: 0x000000008001DDA4 (0x00000113) addi sp, zero, 0
x2 <- 0x0000000000000000
mem[X,0x000000008001DDA8] -> 0x006F
mem[X,0x000000008001DDAA] -> 0x00C0
[3536] [M]: 0x000000008001DDA8 (0x00C0006F) jal zero, 12
mem[X,0x000000008001DDB4] -> 0x4663
mem[X,0x000000008001DDB6] -> 0x00B5
[3537] [M]: 0x000000008001DDB4 (0x00B54663) blt a0, a1, 12
mem[X,0x000000008001DDB8] -> 0x0113
mem[X,0x000000008001DDBA] -> 0x0021
[3538] [M]: 0x000000008001DDB8 (0x00210113) addi sp, sp, 2
x2 <- 0x0000000000000002
mem[X,0x000000008001DDBC] -> 0x006F
mem[X,0x000000008001DDBE] -> 0x00C0
[3539] [M]: 0x000000008001DDBC (0x00C0006F) jal zero, 12
mem[X,0x000000008001DDC8] -> 0xB423
mem[X,0x000000008001DDCA] -> 0x7420
[3540] [M]: 0x000000008001DDC8 (0x7420B423) sd sp, 1864(ra)
mem[0x000000008004F920] <- 0x0000000000000002
mem[X,0x000000008001DDCC] -> 0x0513
mem[X,0x000000008001DDCE] -> 0x0050
[3541] [M]: 0x000000008001DDCC (0x00500513) addi a0, zero, 5
x10 <- 0x0000000000000005
mem[X,0x000000008001DDD0] -> 0x0593
mem[X,0x000000008001DDD2] -> 0x0050
[3542] [M]: 0x000000008001DDD0 (0x00500593) addi a1, zero, 5
x11 <- 0x0000000000000005
mem[X,0x000000008001DDD4] -> 0x0113
mem[X,0x000000008001DDD6] -> 0x0000
[3543] [M]: 0x000000008001DDD4 (0x00000113) addi sp, zero, 0
x2 <- 0x0000000000000000
mem[X,0x000000008001DDD8] -> 0x006F
mem[X,0x000000008001DDDA] -> 0x00C0
[3544] [M]: 0x000000008001DDD8 (0x00C0006F) jal zero, 12
mem[X,0x000000008001DDE4] -> 0x4663
mem[X,0x000000008001DDE6] -> 0x00B5
[3545] [M]: 0x000000008001DDE4 (0x00B54663) blt a0, a1, 12
mem[X,0x000000008001DDE8] -> 0x0113
mem[X,0x000000008001DDEA] -> 0x0021
[3546] [M]: 0x000000008001DDE8 (0x00210113) addi sp, sp, 2
x2 <- 0x0000000000000002
mem[X,0x000000008001DDEC] -> 0x006F
mem[X,0x000000008001DDEE] -> 0x00C0
[3547] [M]: 0x000000008001DDEC (0x00C0006F) jal zero, 12
mem[X,0x000000008001DDF8] -> 0xB823
mem[X,0x000000008001DDFA] -> 0x7420
[3548] [M]: 0x000000008001DDF8 (0x7420B823) sd sp, 1872(ra)
mem[0x000000008004F928] <- 0x0000000000000002
mem[X,0x000000008001DDFC] -> 0x0513
mem[X,0x000000008001DDFE] -> 0x0050
[3549] [M]: 0x000000008001DDFC (0x00500513) addi a0, zero, 5
x10 <- 0x0000000000000005
mem[X,0x000000008001DE00] -> 0x35B7
mem[X,0x000000008001DE02] -> 0x3333
[3550] [M]: 0x000000008001DE00 (0x333335B7) lui a1, 209715
x11 <- 0x0000000033333000
mem[X,0x000000008001DE04] -> 0x8593
mem[X,0x000000008001DE06] -> 0x3335
[3551] [M]: 0x000000008001DE04 (0x33358593) addi a1, a1, 819
x11 <- 0x0000000033333333
mem[X,0x000000008001DE08] -> 0x9593
mem[X,0x000000008001DE0A] -> 0x00B5
[3552] [M]: 0x000000008001DE08 (0x00B59593) slli a1, a1, 11
x11 <- 0x0000019999999800
mem[X,0x000000008001DE0C] -> 0x8593
mem[X,0x000000008001DE0E] -> 0x1995
[3553] [M]: 0x000000008001DE0C (0x19958593) addi a1, a1, 409
x11 <- 0x0000019999999999
mem[X,0x000000008001DE10] -> 0x9593
mem[X,0x000000008001DE12] -> 0x00B5
[3554] [M]: 0x000000008001DE10 (0x00B59593) slli a1, a1, 11
x11 <- 0x000CCCCCCCCCC800
mem[X,0x000000008001DE14] -> 0x8593
mem[X,0x000000008001DE16] -> 0x4CC5
[3555] [M]: 0x000000008001DE14 (0x4CC58593) addi a1, a1, 1228
x11 <- 0x000CCCCCCCCCCCCC
mem[X,0x000000008001DE18] -> 0x9593
mem[X,0x000000008001DE1A] -> 0x00A5
[3556] [M]: 0x000000008001DE18 (0x00A59593) slli a1, a1, 10
x11 <- 0x3333333333333000
mem[X,0x000000008001DE1C] -> 0x8593
mem[X,0x000000008001DE1E] -> 0x3335
[3557] [M]: 0x000000008001DE1C (0x33358593) addi a1, a1, 819
x11 <- 0x3333333333333333
mem[X,0x000000008001DE20] -> 0x0113
mem[X,0x000000008001DE22] -> 0x0000
[3558] [M]: 0x000000008001DE20 (0x00000113) addi sp, zero, 0
x2 <- 0x0000000000000000
mem[X,0x000000008001DE24] -> 0x006F
mem[X,0x000000008001DE26] -> 0x00C0
[3559] [M]: 0x000000008001DE24 (0x00C0006F) jal zero, 12
mem[X,0x000000008001DE30] -> 0x4CE3
mem[X,0x000000008001DE32] -> 0xFEB5
[3560] [M]: 0x000000008001DE30 (0xFEB54CE3) blt a0, a1, 8184
mem[X,0x000000008001DE28] -> 0x0113
mem[X,0x000000008001DE2A] -> 0x0011
[3561] [M]: 0x000000008001DE28 (0x00110113) addi sp, sp, 1
x2 <- 0x0000000000000001
mem[X,0x000000008001DE2C] -> 0x006F
mem[X,0x000000008001DE2E] -> 0x0180
[3562] [M]: 0x000000008001DE2C (0x0180006F) jal zero, 24
mem[X,0x000000008001DE44] -> 0xBC23
mem[X,0x000000008001DE46] -> 0x7420
[3563] [M]: 0x000000008001DE44 (0x7420BC23) sd sp, 1880(ra)
mem[0x000000008004F930] <- 0x0000000000000001
mem[X,0x000000008001DE48] -> 0x0513
mem[X,0x000000008001DE4A] -> 0x0050
[3564] [M]: 0x000000008001DE48 (0x00500513) addi a0, zero, 5
x10 <- 0x0000000000000005
mem[X,0x000000008001DE4C] -> 0x65B7
mem[X,0x000000008001DE4E] -> 0x6666
[3565] [M]: 0x000000008001DE4C (0x666665B7) lui a1, 419430
x11 <- 0x0000000066666000
mem[X,0x000000008001DE50] -> 0x8593
mem[X,0x000000008001DE52] -> 0x6665
[3566] [M]: 0x000000008001DE50 (0x66658593) addi a1, a1, 1638
x11 <- 0x0000000066666666
mem[X,0x000000008001DE54] -> 0x9593
mem[X,0x000000008001DE56] -> 0x00B5
[3567] [M]: 0x000000008001DE54 (0x00B59593) slli a1, a1, 11
x11 <- 0x0000033333333000
mem[X,0x000000008001DE58] -> 0x8593
mem[X,0x000000008001DE5A] -> 0x3335
[3568] [M]: 0x000000008001DE58 (0x33358593) addi a1, a1, 819
x11 <- 0x0000033333333333
mem[X,0x000000008001DE5C] -> 0x9593
mem[X,0x000000008001DE5E] -> 0x00B5
[3569] [M]: 0x000000008001DE5C (0x00B59593) slli a1, a1, 11
x11 <- 0x0019999999999800
mem[X,0x000000008001DE60] -> 0x8593
mem[X,0x000000008001DE62] -> 0x1995
[3570] [M]: 0x000000008001DE60 (0x19958593) addi a1, a1, 409
x11 <- 0x0019999999999999
mem[X,0x000000008001DE64] -> 0x9593
mem[X,0x000000008001DE66] -> 0x00A5
[3571] [M]: 0x000000008001DE64 (0x00A59593) slli a1, a1, 10
x11 <- 0x6666666666666400
mem[X,0x000000008001DE68] -> 0x8593
mem[X,0x000000008001DE6A] -> 0x2665
[3572] [M]: 0x000000008001DE68 (0x26658593) addi a1, a1, 614
x11 <- 0x6666666666666666
mem[X,0x000000008001DE6C] -> 0x0113
mem[X,0x000000008001DE6E] -> 0x0000
[3573] [M]: 0x000000008001DE6C (0x00000113) addi sp, zero, 0
x2 <- 0x0000000000000000
mem[X,0x000000008001DE70] -> 0x006F
mem[X,0x000000008001DE72] -> 0x00C0
[3574] [M]: 0x000000008001DE70 (0x00C0006F) jal zero, 12
mem[X,0x000000008001DE7C] -> 0x4663
mem[X,0x000000008001DE7E] -> 0x00B5
[3575] [M]: 0x000000008001DE7C (0x00B54663) blt a0, a1, 12
mem[X,0x000000008001DE88] -> 0x0113
mem[X,0x000000008001DE8A] -> 0x0031
[3576] [M]: 0x000000008001DE88 (0x00310113) addi sp, sp, 3
x2 <- 0x0000000000000003
mem[X,0x000000008001DE8C] -> 0x006F
mem[X,0x000000008001DE8E] -> 0x0040
[3577] [M]: 0x000000008001DE8C (0x0040006F) jal zero, 4
mem[X,0x000000008001DE90] -> 0xB023
mem[X,0x000000008001DE92] -> 0x7620
[3578] [M]: 0x000000008001DE90 (0x7620B023) sd sp, 1888(ra)
mem[0x000000008004F938] <- 0x0000000000000003
mem[X,0x000000008001DE94] -> 0x0513
mem[X,0x000000008001DE96] -> 0x0050
[3579] [M]: 0x000000008001DE94 (0x00500513) addi a0, zero, 5
x10 <- 0x0000000000000005
mem[X,0x000000008001DE98] -> 0x05B7
mem[X,0x000000008001DE9A] -> 0x0000
[3580] [M]: 0x000000008001DE98 (0x000005B7) lui a1, 0
x11 <- 0x0000000000000000
mem[X,0x000000008001DE9C] -> 0x8593
mem[X,0x000000008001DE9E] -> 0xFFF5
[3581] [M]: 0x000000008001DE9C (0xFFF58593) addi a1, a1, 4095
x11 <- 0xFFFFFFFFFFFFFFFF
mem[X,0x000000008001DEA0] -> 0x9593
mem[X,0x000000008001DEA2] -> 0x00B5
[3582] [M]: 0x000000008001DEA0 (0x00B59593) slli a1, a1, 11
x11 <- 0xFFFFFFFFFFFFF800
mem[X,0x000000008001DEA4] -> 0x8593
mem[X,0x000000008001DEA6] -> 0x2575
[3583] [M]: 0x000000008001DEA4 (0x25758593) addi a1, a1, 599
x11 <- 0xFFFFFFFFFFFFFA57
mem[X,0x000000008001DEA8] -> 0x9593
mem[X,0x000000008001DEAA] -> 0x00B5
[3584] [M]: 0x000000008001DEA8 (0x00B59593) slli a1, a1, 11
x11 <- 0xFFFFFFFFFFD2B800
mem[X,0x000000008001DEAC] -> 0x8593
mem[X,0x000000008001DEAE] -> 0x6C35
[3585] [M]: 0x000000008001DEAC (0x6C358593) addi a1, a1, 1731
x11 <- 0xFFFFFFFFFFD2BEC3
mem[X,0x000000008001DEB0] -> 0x9593
mem[X,0x000000008001DEB2] -> 0x00A5
[3586] [M]: 0x000000008001DEB0 (0x00A59593) slli a1, a1, 10
x11 <- 0xFFFFFFFF4AFB0C00
mem[X,0x000000008001DEB4] -> 0x8593
mem[X,0x000000008001DEB6] -> 0x0CD5
[3587] [M]: 0x000000008001DEB4 (0x0CD58593) addi a1, a1, 205
x11 <- 0xFFFFFFFF4AFB0CCD
mem[X,0x000000008001DEB8] -> 0x0113
mem[X,0x000000008001DEBA] -> 0x0000
[3588] [M]: 0x000000008001DEB8 (0x00000113) addi sp, zero, 0
x2 <- 0x0000000000000000
mem[X,0x000000008001DEBC] -> 0x006F
mem[X,0x000000008001DEBE] -> 0x00C0
[3589] [M]: 0x000000008001DEBC (0x00C0006F) jal zero, 12
mem[X,0x000000008001DEC8] -> 0x4663
mem[X,0x000000008001DECA] -> 0x00B5
[3590] [M]: 0x000000008001DEC8 (0x00B54663) blt a0, a1, 12
mem[X,0x000000008001DECC] -> 0x0113
mem[X,0x000000008001DECE] -> 0x0021
[3591] [M]: 0x000000008001DECC (0x00210113) addi sp, sp, 2
x2 <- 0x0000000000000002
mem[X,0x000000008001DED0] -> 0x006F
mem[X,0x000000008001DED2] -> 0x00C0
[3592] [M]: 0x000000008001DED0 (0x00C0006F) jal zero, 12
mem[X,0x000000008001DEDC] -> 0xB423
mem[X,0x000000008001DEDE] -> 0x7620
[3593] [M]: 0x000000008001DEDC (0x7620B423) sd sp, 1896(ra)
mem[0x000000008004F940] <- 0x0000000000000002
mem[X,0x000000008001DEE0] -> 0x0513
mem[X,0x000000008001DEE2] -> 0x0050
[3594] [M]: 0x000000008001DEE0 (0x00500513) addi a0, zero, 5
x10 <- 0x0000000000000005
mem[X,0x000000008001DEE4] -> 0x05B7
mem[X,0x000000008001DEE6] -> 0x0000
[3595] [M]: 0x000000008001DEE4 (0x000005B7) lui a1, 0
x11 <- 0x0000000000000000
mem[X,0x000000008001DEE8] -> 0x8593
mem[X,0x000000008001DEEA] -> 0x0005
[3596] [M]: 0x000000008001DEE8 (0x00058593) addi a1, a1, 0
x11 <- 0x0000000000000000
mem[X,0x000000008001DEEC] -> 0x9593
mem[X,0x000000008001DEEE] -> 0x00B5
[3597] [M]: 0x000000008001DEEC (0x00B59593) slli a1, a1, 11
x11 <- 0x0000000000000000
mem[X,0x000000008001DEF0] -> 0x8593
mem[X,0x000000008001DEF2] -> 0x5A85
[3598] [M]: 0x000000008001DEF0 (0x5A858593) addi a1, a1, 1448
x11 <- 0x00000000000005A8
mem[X,0x000000008001DEF4] -> 0x9593
mem[X,0x000000008001DEF6] -> 0x00B5
[3599] [M]: 0x000000008001DEF4 (0x00B59593) slli a1, a1, 11
x11 <- 0x00000000002D4000
clint::tick mtime <- 0x0000000000000024
 clint timer pending at mtime 0x0000000000000024
htif::tick 0x0000000000000000
mem[X,0x000000008001DEF8] -> 0x8593
mem[X,0x000000008001DEFA] -> 0x13C5
[3600] [M]: 0x000000008001DEF8 (0x13C58593) addi a1, a1, 316
x11 <- 0x00000000002D413C
mem[X,0x000000008001DEFC] -> 0x9593
mem[X,0x000000008001DEFE] -> 0x00A5
[3601] [M]: 0x000000008001DEFC (0x00A59593) slli a1, a1, 10
x11 <- 0x00000000B504F000
mem[X,0x000000008001DF00] -> 0x8593
mem[X,0x000000008001DF02] -> 0x3335
[3602] [M]: 0x000000008001DF00 (0x33358593) addi a1, a1, 819
x11 <- 0x00000000B504F333
mem[X,0x000000008001DF04] -> 0x0113
mem[X,0x000000008001DF06] -> 0x0000
[3603] [M]: 0x000000008001DF04 (0x00000113) addi sp, zero, 0
x2 <- 0x0000000000000000
mem[X,0x000000008001DF08] -> 0x006F
mem[X,0x000000008001DF0A] -> 0x00C0
[3604] [M]: 0x000000008001DF08 (0x00C0006F) jal zero, 12
mem[X,0x000000008001DF14] -> 0x4CE3
mem[X,0x000000008001DF16] -> 0xFEB5
[3605] [M]: 0x000000008001DF14 (0xFEB54CE3) blt a0, a1, 8184
mem[X,0x000000008001DF0C] -> 0x0113
mem[X,0x000000008001DF0E] -> 0x0011
[3606] [M]: 0x000000008001DF0C (0x00110113) addi sp, sp, 1
x2 <- 0x0000000000000001
mem[X,0x000000008001DF10] -> 0x006F
mem[X,0x000000008001DF12] -> 0x0180
[3607] [M]: 0x000000008001DF10 (0x0180006F) jal zero, 24
mem[X,0x000000008001DF28] -> 0xB823
mem[X,0x000000008001DF2A] -> 0x7620
[3608] [M]: 0x000000008001DF28 (0x7620B823) sd sp, 1904(ra)
mem[0x000000008004F948] <- 0x0000000000000001
mem[X,0x000000008001DF2C] -> 0x0513
mem[X,0x000000008001DF2E] -> 0x0050
[3609] [M]: 0x000000008001DF2C (0x00500513) addi a0, zero, 5
x10 <- 0x0000000000000005
mem[X,0x000000008001DF30] -> 0x0593
mem[X,0x000000008001DF32] -> 0x0020
[3610] [M]: 0x000000008001DF30 (0x00200593) addi a1, zero, 2
x11 <- 0x0000000000000002
mem[X,0x000000008001DF34] -> 0x0113
mem[X,0x000000008001DF36] -> 0x0000
[3611] [M]: 0x000000008001DF34 (0x00000113) addi sp, zero, 0
x2 <- 0x0000000000000000
mem[X,0x000000008001DF38] -> 0x006F
mem[X,0x000000008001DF3A] -> 0x0140
[3612] [M]: 0x000000008001DF38 (0x0140006F) jal zero, 20
mem[X,0x000000008001DF4C] -> 0x48E3
mem[X,0x000000008001DF4E] -> 0xFEB5
[3613] [M]: 0x000000008001DF4C (0xFEB548E3) blt a0, a1, 8176
mem[X,0x000000008001DF50] -> 0x0113
mem[X,0x000000008001DF52] -> 0x0021
[3614] [M]: 0x000000008001DF50 (0x00210113) addi sp, sp, 2
x2 <- 0x0000000000000002
mem[X,0x000000008001DF54] -> 0x006F
mem[X,0x000000008001DF56] -> 0x00C0
[3615] [M]: 0x000000008001DF54 (0x00C0006F) jal zero, 12
mem[X,0x000000008001DF60] -> 0xBC23
mem[X,0x000000008001DF62] -> 0x7620
[3616] [M]: 0x000000008001DF60 (0x7620BC23) sd sp, 1912(ra)
mem[0x000000008004F950] <- 0x0000000000000002
mem[X,0x000000008001DF64] -> 0x0513
mem[X,0x000000008001DF66] -> 0x0050
[3617] [M]: 0x000000008001DF64 (0x00500513) addi a0, zero, 5
x10 <- 0x0000000000000005
mem[X,0x000000008001DF68] -> 0x55B7
mem[X,0x000000008001DF6A] -> 0x5555
[3618] [M]: 0x000000008001DF68 (0x555555B7) lui a1, 349525
x11 <- 0x0000000055555000
mem[X,0x000000008001DF6C] -> 0x8593
mem[X,0x000000008001DF6E] -> 0x5555
[3619] [M]: 0x000000008001DF6C (0x55558593) addi a1, a1, 1365
x11 <- 0x0000000055555555
mem[X,0x000000008001DF70] -> 0x9593
mem[X,0x000000008001DF72] -> 0x00B5
[3620] [M]: 0x000000008001DF70 (0x00B59593) slli a1, a1, 11
x11 <- 0x000002AAAAAAA800
mem[X,0x000000008001DF74] -> 0x8593
mem[X,0x000000008001DF76] -> 0x2AA5
[3621] [M]: 0x000000008001DF74 (0x2AA58593) addi a1, a1, 682
x11 <- 0x000002AAAAAAAAAA
mem[X,0x000000008001DF78] -> 0x9593
mem[X,0x000000008001DF7A] -> 0x00B5
[3622] [M]: 0x000000008001DF78 (0x00B59593) slli a1, a1, 11
x11 <- 0x0015555555555000
mem[X,0x000000008001DF7C] -> 0x8593
mem[X,0x000000008001DF7E] -> 0x5555
[3623] [M]: 0x000000008001DF7C (0x55558593) addi a1, a1, 1365
x11 <- 0x0015555555555555
mem[X,0x000000008001DF80] -> 0x9593
mem[X,0x000000008001DF82] -> 0x00A5
[3624] [M]: 0x000000008001DF80 (0x00A59593) slli a1, a1, 10
x11 <- 0x5555555555555400
mem[X,0x000000008001DF84] -> 0x8593
mem[X,0x000000008001DF86] -> 0x1545
[3625] [M]: 0x000000008001DF84 (0x15458593) addi a1, a1, 340
x11 <- 0x5555555555555554
mem[X,0x000000008001DF88] -> 0x0113
mem[X,0x000000008001DF8A] -> 0x0000
[3626] [M]: 0x000000008001DF88 (0x00000113) addi sp, zero, 0
x2 <- 0x0000000000000000
mem[X,0x000000008001DF8C] -> 0x006F
mem[X,0x000000008001DF8E] -> 0x00C0
[3627] [M]: 0x000000008001DF8C (0x00C0006F) jal zero, 12
mem[X,0x000000008001DF98] -> 0x4663
mem[X,0x000000008001DF9A] -> 0x00B5
[3628] [M]: 0x000000008001DF98 (0x00B54663) blt a0, a1, 12
mem[X,0x000000008001DFA4] -> 0x0113
mem[X,0x000000008001DFA6] -> 0x0031
[3629] [M]: 0x000000008001DFA4 (0x00310113) addi sp, sp, 3
x2 <- 0x0000000000000003
mem[X,0x000000008001DFA8] -> 0x006F
mem[X,0x000000008001DFAA] -> 0x0040
[3630] [M]: 0x000000008001DFA8 (0x0040006F) jal zero, 4
mem[X,0x000000008001DFAC] -> 0xB023
mem[X,0x000000008001DFAE] -> 0x7820
[3631] [M]: 0x000000008001DFAC (0x7820B023) sd sp, 1920(ra)
mem[0x000000008004F958] <- 0x0000000000000003
mem[X,0x000000008001DFB0] -> 0x0513
mem[X,0x000000008001DFB2] -> 0x0050
[3632] [M]: 0x000000008001DFB0 (0x00500513) addi a0, zero, 5
x10 <- 0x0000000000000005
mem[X,0x000000008001DFB4] -> 0x0593
mem[X,0x000000008001DFB6] -> 0x0000
[3633] [M]: 0x000000008001DFB4 (0x00000593) addi a1, zero, 0
x11 <- 0x0000000000000000
mem[X,0x000000008001DFB8] -> 0x0113
mem[X,0x000000008001DFBA] -> 0x0000
[3634] [M]: 0x000000008001DFB8 (0x00000113) addi sp, zero, 0
x2 <- 0x0000000000000000
mem[X,0x000000008001DFBC] -> 0x006F
mem[X,0x000000008001DFBE] -> 0x2B10
[3635] [M]: 0x000000008001DFBC (0x2B10006F) jal zero, 2736
mem[X,0x000000008001EA6C] -> 0x4A63
mem[X,0x000000008001EA6E] -> 0xD4B5
[3636] [M]: 0x000000008001EA6C (0xD4B54A63) blt a0, a1, 5460
mem[X,0x000000008001EA70] -> 0x0113
mem[X,0x000000008001EA72] -> 0x0021
[3637] [M]: 0x000000008001EA70 (0x00210113) addi sp, sp, 2
x2 <- 0x0000000000000002
mem[X,0x000000008001EA74] -> 0x006F
mem[X,0x000000008001EA76] -> 0x00C0
[3638] [M]: 0x000000008001EA74 (0x00C0006F) jal zero, 12
mem[X,0x000000008001EA80] -> 0xB423
mem[X,0x000000008001EA82] -> 0x7820
[3639] [M]: 0x000000008001EA80 (0x7820B423) sd sp, 1928(ra)
mem[0x000000008004F960] <- 0x0000000000000002
mem[X,0x000000008001EA84] -> 0x0513
mem[X,0x000000008001EA86] -> 0x0050
[3640] [M]: 0x000000008001EA84 (0x00500513) addi a0, zero, 5
x10 <- 0x0000000000000005
mem[X,0x000000008001EA88] -> 0x0593
mem[X,0x000000008001EA8A] -> 0x0040
[3641] [M]: 0x000000008001EA88 (0x00400593) addi a1, zero, 4
x11 <- 0x0000000000000004
mem[X,0x000000008001EA8C] -> 0x0113
mem[X,0x000000008001EA8E] -> 0x0000
[3642] [M]: 0x000000008001EA8C (0x00000113) addi sp, zero, 0
x2 <- 0x0000000000000000
mem[X,0x000000008001EA90] -> 0x006F
mem[X,0x000000008001EA92] -> 0x00C0
[3643] [M]: 0x000000008001EA90 (0x00C0006F) jal zero, 12
mem[X,0x000000008001EA9C] -> 0x4CE3
mem[X,0x000000008001EA9E] -> 0xFEB5
[3644] [M]: 0x000000008001EA9C (0xFEB54CE3) blt a0, a1, 8184
mem[X,0x000000008001EAA0] -> 0x0113
mem[X,0x000000008001EAA2] -> 0x0021
[3645] [M]: 0x000000008001EAA0 (0x00210113) addi sp, sp, 2
x2 <- 0x0000000000000002
mem[X,0x000000008001EAA4] -> 0x006F
mem[X,0x000000008001EAA6] -> 0x00C0
[3646] [M]: 0x000000008001EAA4 (0x00C0006F) jal zero, 12
mem[X,0x000000008001EAB0] -> 0xB823
mem[X,0x000000008001EAB2] -> 0x7820
[3647] [M]: 0x000000008001EAB0 (0x7820B823) sd sp, 1936(ra)
mem[0x000000008004F968] <- 0x0000000000000002
mem[X,0x000000008001EAB4] -> 0x0513
mem[X,0x000000008001EAB6] -> 0x0050
[3648] [M]: 0x000000008001EAB4 (0x00500513) addi a0, zero, 5
x10 <- 0x0000000000000005
mem[X,0x000000008001EAB8] -> 0x35B7
mem[X,0x000000008001EABA] -> 0x3333
[3649] [M]: 0x000000008001EAB8 (0x333335B7) lui a1, 209715
x11 <- 0x0000000033333000
mem[X,0x000000008001EABC] -> 0x8593
mem[X,0x000000008001EABE] -> 0x3335
[3650] [M]: 0x000000008001EABC (0x33358593) addi a1, a1, 819
x11 <- 0x0000000033333333
mem[X,0x000000008001EAC0] -> 0x9593
mem[X,0x000000008001EAC2] -> 0x00B5
[3651] [M]: 0x000000008001EAC0 (0x00B59593) slli a1, a1, 11
x11 <- 0x0000019999999800
mem[X,0x000000008001EAC4] -> 0x8593
mem[X,0x000000008001EAC6] -> 0x1995
[3652] [M]: 0x000000008001EAC4 (0x19958593) addi a1, a1, 409
x11 <- 0x0000019999999999
mem[X,0x000000008001EAC8] -> 0x9593
mem[X,0x000000008001EACA] -> 0x00B5
[3653] [M]: 0x000000008001EAC8 (0x00B59593) slli a1, a1, 11
x11 <- 0x000CCCCCCCCCC800
mem[X,0x000000008001EACC] -> 0x8593
mem[X,0x000000008001EACE] -> 0x4CC5
[3654] [M]: 0x000000008001EACC (0x4CC58593) addi a1, a1, 1228
x11 <- 0x000CCCCCCCCCCCCC
mem[X,0x000000008001EAD0] -> 0x9593
mem[X,0x000000008001EAD2] -> 0x00A5
[3655] [M]: 0x000000008001EAD0 (0x00A59593) slli a1, a1, 10
x11 <- 0x3333333333333000
mem[X,0x000000008001EAD4] -> 0x8593
mem[X,0x000000008001EAD6] -> 0x3325
[3656] [M]: 0x000000008001EAD4 (0x33258593) addi a1, a1, 818
x11 <- 0x3333333333333332
mem[X,0x000000008001EAD8] -> 0x0113
mem[X,0x000000008001EADA] -> 0x0000
[3657] [M]: 0x000000008001EAD8 (0x00000113) addi sp, zero, 0
x2 <- 0x0000000000000000
mem[X,0x000000008001EADC] -> 0x006F
mem[X,0x000000008001EADE] -> 0x00C0
[3658] [M]: 0x000000008001EADC (0x00C0006F) jal zero, 12
mem[X,0x000000008001EAE8] -> 0x4063
mem[X,0x000000008001EAEA] -> 0x08B5
[3659] [M]: 0x000000008001EAE8 (0x08B54063) blt a0, a1, 128
mem[X,0x000000008001EB68] -> 0x0113
mem[X,0x000000008001EB6A] -> 0x0031
[3660] [M]: 0x000000008001EB68 (0x00310113) addi sp, sp, 3
x2 <- 0x0000000000000003
mem[X,0x000000008001EB6C] -> 0x006F
mem[X,0x000000008001EB6E] -> 0x0040
[3661] [M]: 0x000000008001EB6C (0x0040006F) jal zero, 4
mem[X,0x000000008001EB70] -> 0xBC23
mem[X,0x000000008001EB72] -> 0x7820
[3662] [M]: 0x000000008001EB70 (0x7820BC23) sd sp, 1944(ra)
mem[0x000000008004F970] <- 0x0000000000000003
mem[X,0x000000008001EB74] -> 0x0513
mem[X,0x000000008001EB76] -> 0x0050
[3663] [M]: 0x000000008001EB74 (0x00500513) addi a0, zero, 5
x10 <- 0x0000000000000005
mem[X,0x000000008001EB78] -> 0x65B7
mem[X,0x000000008001EB7A] -> 0x6666
[3664] [M]: 0x000000008001EB78 (0x666665B7) lui a1, 419430
x11 <- 0x0000000066666000
mem[X,0x000000008001EB7C] -> 0x8593
mem[X,0x000000008001EB7E] -> 0x6665
[3665] [M]: 0x000000008001EB7C (0x66658593) addi a1, a1, 1638
x11 <- 0x0000000066666666
mem[X,0x000000008001EB80] -> 0x9593
mem[X,0x000000008001EB82] -> 0x00B5
[3666] [M]: 0x000000008001EB80 (0x00B59593) slli a1, a1, 11
x11 <- 0x0000033333333000
mem[X,0x000000008001EB84] -> 0x8593
mem[X,0x000000008001EB86] -> 0x3335
[3667] [M]: 0x000000008001EB84 (0x33358593) addi a1, a1, 819
x11 <- 0x0000033333333333
mem[X,0x000000008001EB88] -> 0x9593
mem[X,0x000000008001EB8A] -> 0x00B5
[3668] [M]: 0x000000008001EB88 (0x00B59593) slli a1, a1, 11
x11 <- 0x0019999999999800
mem[X,0x000000008001EB8C] -> 0x8593
mem[X,0x000000008001EB8E] -> 0x1995
[3669] [M]: 0x000000008001EB8C (0x19958593) addi a1, a1, 409
x11 <- 0x0019999999999999
mem[X,0x000000008001EB90] -> 0x9593
mem[X,0x000000008001EB92] -> 0x00A5
[3670] [M]: 0x000000008001EB90 (0x00A59593) slli a1, a1, 10
x11 <- 0x6666666666666400
mem[X,0x000000008001EB94] -> 0x8593
mem[X,0x000000008001EB96] -> 0x2655
[3671] [M]: 0x000000008001EB94 (0x26558593) addi a1, a1, 613
x11 <- 0x6666666666666665
mem[X,0x000000008001EB98] -> 0x0113
mem[X,0x000000008001EB9A] -> 0x0000
[3672] [M]: 0x000000008001EB98 (0x00000113) addi sp, zero, 0
x2 <- 0x0000000000000000
mem[X,0x000000008001EB9C] -> 0x006F
mem[X,0x000000008001EB9E] -> 0x00C0
[3673] [M]: 0x000000008001EB9C (0x00C0006F) jal zero, 12
mem[X,0x000000008001EBA8] -> 0x4663
mem[X,0x000000008001EBAA] -> 0x00B5
[3674] [M]: 0x000000008001EBA8 (0x00B54663) blt a0, a1, 12
mem[X,0x000000008001EBB4] -> 0x0113
mem[X,0x000000008001EBB6] -> 0x0031
[3675] [M]: 0x000000008001EBB4 (0x00310113) addi sp, sp, 3
x2 <- 0x0000000000000003
mem[X,0x000000008001EBB8] -> 0x006F
mem[X,0x000000008001EBBA] -> 0x0040
[3676] [M]: 0x000000008001EBB8 (0x0040006F) jal zero, 4
mem[X,0x000000008001EBBC] -> 0xB023
mem[X,0x000000008001EBBE] -> 0x7A20
[3677] [M]: 0x000000008001EBBC (0x7A20B023) sd sp, 1952(ra)
mem[0x000000008004F978] <- 0x0000000000000003
mem[X,0x000000008001EBC0] -> 0x0513
mem[X,0x000000008001EBC2] -> 0x0050
[3678] [M]: 0x000000008001EBC0 (0x00500513) addi a0, zero, 5
x10 <- 0x0000000000000005
mem[X,0x000000008001EBC4] -> 0x05B7
mem[X,0x000000008001EBC6] -> 0x0000
[3679] [M]: 0x000000008001EBC4 (0x000005B7) lui a1, 0
x11 <- 0x0000000000000000
mem[X,0x000000008001EBC8] -> 0x8593
mem[X,0x000000008001EBCA] -> 0x0005
[3680] [M]: 0x000000008001EBC8 (0x00058593) addi a1, a1, 0
x11 <- 0x0000000000000000
mem[X,0x000000008001EBCC] -> 0x9593
mem[X,0x000000008001EBCE] -> 0x00B5
[3681] [M]: 0x000000008001EBCC (0x00B59593) slli a1, a1, 11
x11 <- 0x0000000000000000
mem[X,0x000000008001EBD0] -> 0x8593
mem[X,0x000000008001EBD2] -> 0x5A85
[3682] [M]: 0x000000008001EBD0 (0x5A858593) addi a1, a1, 1448
x11 <- 0x00000000000005A8
mem[X,0x000000008001EBD4] -> 0x9593
mem[X,0x000000008001EBD6] -> 0x00B5
[3683] [M]: 0x000000008001EBD4 (0x00B59593) slli a1, a1, 11
x11 <- 0x00000000002D4000
mem[X,0x000000008001EBD8] -> 0x8593
mem[X,0x000000008001EBDA] -> 0x13C5
[3684] [M]: 0x000000008001EBD8 (0x13C58593) addi a1, a1, 316
x11 <- 0x00000000002D413C
mem[X,0x000000008001EBDC] -> 0x9593
mem[X,0x000000008001EBDE] -> 0x00A5
[3685] [M]: 0x000000008001EBDC (0x00A59593) slli a1, a1, 10
x11 <- 0x00000000B504F000
mem[X,0x000000008001EBE0] -> 0x8593
mem[X,0x000000008001EBE2] -> 0x3325
[3686] [M]: 0x000000008001EBE0 (0x33258593) addi a1, a1, 818
x11 <- 0x00000000B504F332
mem[X,0x000000008001EBE4] -> 0x0113
mem[X,0x000000008001EBE6] -> 0x0000
[3687] [M]: 0x000000008001EBE4 (0x00000113) addi sp, zero, 0
x2 <- 0x0000000000000000
mem[X,0x000000008001EBE8] -> 0x006F
mem[X,0x000000008001EBEA] -> 0x2B10
[3688] [M]: 0x000000008001EBE8 (0x2B10006F) jal zero, 2736
mem[X,0x000000008001F698] -> 0x4A63
mem[X,0x000000008001F69A] -> 0xD4B5
[3689] [M]: 0x000000008001F698 (0xD4B54A63) blt a0, a1, 5460
mem[X,0x000000008001EBEC] -> 0x0113
mem[X,0x000000008001EBEE] -> 0x0011
[3690] [M]: 0x000000008001EBEC (0x00110113) addi sp, sp, 1
x2 <- 0x0000000000000001
mem[X,0x000000008001EBF0] -> 0x006F
mem[X,0x000000008001EBF2] -> 0x2BD0
[3691] [M]: 0x000000008001EBF0 (0x2BD0006F) jal zero, 2748
mem[X,0x000000008001F6AC] -> 0xB423
mem[X,0x000000008001F6AE] -> 0x7A20
[3692] [M]: 0x000000008001F6AC (0x7A20B423) sd sp, 1960(ra)
mem[0x000000008004F980] <- 0x0000000000000001
mem[X,0x000000008001F6B0] -> 0x0513
mem[X,0x000000008001F6B2] -> 0x0050
[3693] [M]: 0x000000008001F6B0 (0x00500513) addi a0, zero, 5
x10 <- 0x0000000000000005
mem[X,0x000000008001F6B4] -> 0x55B7
mem[X,0x000000008001F6B6] -> 0x5555
[3694] [M]: 0x000000008001F6B4 (0x555555B7) lui a1, 349525
x11 <- 0x0000000055555000
mem[X,0x000000008001F6B8] -> 0x8593
mem[X,0x000000008001F6BA] -> 0x5555
[3695] [M]: 0x000000008001F6B8 (0x55558593) addi a1, a1, 1365
x11 <- 0x0000000055555555
mem[X,0x000000008001F6BC] -> 0x9593
mem[X,0x000000008001F6BE] -> 0x00B5
[3696] [M]: 0x000000008001F6BC (0x00B59593) slli a1, a1, 11
x11 <- 0x000002AAAAAAA800
mem[X,0x000000008001F6C0] -> 0x8593
mem[X,0x000000008001F6C2] -> 0x2AA5
[3697] [M]: 0x000000008001F6C0 (0x2AA58593) addi a1, a1, 682
x11 <- 0x000002AAAAAAAAAA
mem[X,0x000000008001F6C4] -> 0x9593
mem[X,0x000000008001F6C6] -> 0x00B5
[3698] [M]: 0x000000008001F6C4 (0x00B59593) slli a1, a1, 11
x11 <- 0x0015555555555000
mem[X,0x000000008001F6C8] -> 0x8593
mem[X,0x000000008001F6CA] -> 0x5555
[3699] [M]: 0x000000008001F6C8 (0x55558593) addi a1, a1, 1365
x11 <- 0x0015555555555555
clint::tick mtime <- 0x0000000000000025
 clint timer pending at mtime 0x0000000000000025
htif::tick 0x0000000000000000
mem[X,0x000000008001F6CC] -> 0x9593
mem[X,0x000000008001F6CE] -> 0x00A5
[3700] [M]: 0x000000008001F6CC (0x00A59593) slli a1, a1, 10
x11 <- 0x5555555555555400
mem[X,0x000000008001F6D0] -> 0x8593
mem[X,0x000000008001F6D2] -> 0x1565
[3701] [M]: 0x000000008001F6D0 (0x15658593) addi a1, a1, 342
x11 <- 0x5555555555555556
mem[X,0x000000008001F6D4] -> 0x0113
mem[X,0x000000008001F6D6] -> 0x0000
[3702] [M]: 0x000000008001F6D4 (0x00000113) addi sp, zero, 0
x2 <- 0x0000000000000000
mem[X,0x000000008001F6D8] -> 0x006F
mem[X,0x000000008001F6DA] -> 0x00C0
[3703] [M]: 0x000000008001F6D8 (0x00C0006F) jal zero, 12
mem[X,0x000000008001F6E4] -> 0x4063
mem[X,0x000000008001F6E6] -> 0x10B5
[3704] [M]: 0x000000008001F6E4 (0x10B54063) blt a0, a1, 256
mem[X,0x000000008001F7E4] -> 0x0113
mem[X,0x000000008001F7E6] -> 0x0031
[3705] [M]: 0x000000008001F7E4 (0x00310113) addi sp, sp, 3
x2 <- 0x0000000000000003
mem[X,0x000000008001F7E8] -> 0x006F
mem[X,0x000000008001F7EA] -> 0x0040
[3706] [M]: 0x000000008001F7E8 (0x0040006F) jal zero, 4
mem[X,0x000000008001F7EC] -> 0xB823
mem[X,0x000000008001F7EE] -> 0x7A20
[3707] [M]: 0x000000008001F7EC (0x7A20B823) sd sp, 1968(ra)
mem[0x000000008004F988] <- 0x0000000000000003
mem[X,0x000000008001F7F0] -> 0x0513
mem[X,0x000000008001F7F2] -> 0x0050
[3708] [M]: 0x000000008001F7F0 (0x00500513) addi a0, zero, 5
x10 <- 0x0000000000000005
mem[X,0x000000008001F7F4] -> 0xB5B7
mem[X,0x000000008001F7F6] -> 0xAAAA
[3709] [M]: 0x000000008001F7F4 (0xAAAAB5B7) lui a1, 699051
x11 <- 0xFFFFFFFFAAAAB000
mem[X,0x000000008001F7F8] -> 0x8593
mem[X,0x000000008001F7FA] -> 0xAAA5
[3710] [M]: 0x000000008001F7F8 (0xAAA58593) addi a1, a1, 2730
x11 <- 0xFFFFFFFFAAAAAAAA
mem[X,0x000000008001F7FC] -> 0x9593
mem[X,0x000000008001F7FE] -> 0x00B5
[3711] [M]: 0x000000008001F7FC (0x00B59593) slli a1, a1, 11
x11 <- 0xFFFFFD5555555000
mem[X,0x000000008001F800] -> 0x8593
mem[X,0x000000008001F802] -> 0x5555
[3712] [M]: 0x000000008001F800 (0x55558593) addi a1, a1, 1365
x11 <- 0xFFFFFD5555555555
mem[X,0x000000008001F804] -> 0x9593
mem[X,0x000000008001F806] -> 0x00B5
[3713] [M]: 0x000000008001F804 (0x00B59593) slli a1, a1, 11
x11 <- 0xFFEAAAAAAAAAA800
mem[X,0x000000008001F808] -> 0x8593
mem[X,0x000000008001F80A] -> 0x2AA5
[3714] [M]: 0x000000008001F808 (0x2AA58593) addi a1, a1, 682
x11 <- 0xFFEAAAAAAAAAAAAA
mem[X,0x000000008001F80C] -> 0x9593
mem[X,0x000000008001F80E] -> 0x00A5
[3715] [M]: 0x000000008001F80C (0x00A59593) slli a1, a1, 10
x11 <- 0xAAAAAAAAAAAAA800
mem[X,0x000000008001F810] -> 0x8593
mem[X,0x000000008001F812] -> 0x2AB5
[3716] [M]: 0x000000008001F810 (0x2AB58593) addi a1, a1, 683
x11 <- 0xAAAAAAAAAAAAAAAB
mem[X,0x000000008001F814] -> 0x0113
mem[X,0x000000008001F816] -> 0x0000
[3717] [M]: 0x000000008001F814 (0x00000113) addi sp, zero, 0
x2 <- 0x0000000000000000
mem[X,0x000000008001F818] -> 0x006F
mem[X,0x000000008001F81A] -> 0x00C0
[3718] [M]: 0x000000008001F818 (0x00C0006F) jal zero, 12
mem[X,0x000000008001F824] -> 0x4CE3
mem[X,0x000000008001F826] -> 0xFEB5
[3719] [M]: 0x000000008001F824 (0xFEB54CE3) blt a0, a1, 8184
mem[X,0x000000008001F828] -> 0x0113
mem[X,0x000000008001F82A] -> 0x0021
[3720] [M]: 0x000000008001F828 (0x00210113) addi sp, sp, 2
x2 <- 0x0000000000000002
mem[X,0x000000008001F82C] -> 0x006F
mem[X,0x000000008001F82E] -> 0x00C0
[3721] [M]: 0x000000008001F82C (0x00C0006F) jal zero, 12
mem[X,0x000000008001F838] -> 0xBC23
mem[X,0x000000008001F83A] -> 0x7A20
[3722] [M]: 0x000000008001F838 (0x7A20BC23) sd sp, 1976(ra)
mem[0x000000008004F990] <- 0x0000000000000002
mem[X,0x000000008001F83C] -> 0x0513
mem[X,0x000000008001F83E] -> 0x0050
[3723] [M]: 0x000000008001F83C (0x00500513) addi a0, zero, 5
x10 <- 0x0000000000000005
mem[X,0x000000008001F840] -> 0x0593
mem[X,0x000000008001F842] -> 0x0060
[3724] [M]: 0x000000008001F840 (0x00600593) addi a1, zero, 6
x11 <- 0x0000000000000006
mem[X,0x000000008001F844] -> 0x0113
mem[X,0x000000008001F846] -> 0x0000
[3725] [M]: 0x000000008001F844 (0x00000113) addi sp, zero, 0
x2 <- 0x0000000000000000
mem[X,0x000000008001F848] -> 0x006F
mem[X,0x000000008001F84A] -> 0x00C0
[3726] [M]: 0x000000008001F848 (0x00C0006F) jal zero, 12
mem[X,0x000000008001F854] -> 0x4063
mem[X,0x000000008001F856] -> 0x20B5
[3727] [M]: 0x000000008001F854 (0x20B54063) blt a0, a1, 512
mem[X,0x000000008001FA54] -> 0x0113
mem[X,0x000000008001FA56] -> 0x0031
[3728] [M]: 0x000000008001FA54 (0x00310113) addi sp, sp, 3
x2 <- 0x0000000000000003
mem[X,0x000000008001FA58] -> 0x006F
mem[X,0x000000008001FA5A] -> 0x0040
[3729] [M]: 0x000000008001FA58 (0x0040006F) jal zero, 4
mem[X,0x000000008001FA5C] -> 0xB023
mem[X,0x000000008001FA5E] -> 0x7C20
[3730] [M]: 0x000000008001FA5C (0x7C20B023) sd sp, 1984(ra)
mem[0x000000008004F998] <- 0x0000000000000003
mem[X,0x000000008001FA60] -> 0x0513
mem[X,0x000000008001FA62] -> 0x0050
[3731] [M]: 0x000000008001FA60 (0x00500513) addi a0, zero, 5
x10 <- 0x0000000000000005
mem[X,0x000000008001FA64] -> 0x35B7
mem[X,0x000000008001FA66] -> 0x3333
[3732] [M]: 0x000000008001FA64 (0x333335B7) lui a1, 209715
x11 <- 0x0000000033333000
mem[X,0x000000008001FA68] -> 0x8593
mem[X,0x000000008001FA6A] -> 0x3335
[3733] [M]: 0x000000008001FA68 (0x33358593) addi a1, a1, 819
x11 <- 0x0000000033333333
mem[X,0x000000008001FA6C] -> 0x9593
mem[X,0x000000008001FA6E] -> 0x00B5
[3734] [M]: 0x000000008001FA6C (0x00B59593) slli a1, a1, 11
x11 <- 0x0000019999999800
mem[X,0x000000008001FA70] -> 0x8593
mem[X,0x000000008001FA72] -> 0x1995
[3735] [M]: 0x000000008001FA70 (0x19958593) addi a1, a1, 409
x11 <- 0x0000019999999999
mem[X,0x000000008001FA74] -> 0x9593
mem[X,0x000000008001FA76] -> 0x00B5
[3736] [M]: 0x000000008001FA74 (0x00B59593) slli a1, a1, 11
x11 <- 0x000CCCCCCCCCC800
mem[X,0x000000008001FA78] -> 0x8593
mem[X,0x000000008001FA7A] -> 0x4CC5
[3737] [M]: 0x000000008001FA78 (0x4CC58593) addi a1, a1, 1228
x11 <- 0x000CCCCCCCCCCCCC
mem[X,0x000000008001FA7C] -> 0x9593
mem[X,0x000000008001FA7E] -> 0x00A5
[3738] [M]: 0x000000008001FA7C (0x00A59593) slli a1, a1, 10
x11 <- 0x3333333333333000
mem[X,0x000000008001FA80] -> 0x8593
mem[X,0x000000008001FA82] -> 0x3345
[3739] [M]: 0x000000008001FA80 (0x33458593) addi a1, a1, 820
x11 <- 0x3333333333333334
mem[X,0x000000008001FA84] -> 0x0113
mem[X,0x000000008001FA86] -> 0x0000
[3740] [M]: 0x000000008001FA84 (0x00000113) addi sp, zero, 0
x2 <- 0x0000000000000000
mem[X,0x000000008001FA88] -> 0x006F
mem[X,0x000000008001FA8A] -> 0x0180
[3741] [M]: 0x000000008001FA88 (0x0180006F) jal zero, 24
mem[X,0x000000008001FAA0] -> 0x46E3
mem[X,0x000000008001FAA2] -> 0xFEB5
[3742] [M]: 0x000000008001FAA0 (0xFEB546E3) blt a0, a1, 8172
mem[X,0x000000008001FA8C] -> 0x0113
mem[X,0x000000008001FA8E] -> 0x0011
[3743] [M]: 0x000000008001FA8C (0x00110113) addi sp, sp, 1
x2 <- 0x0000000000000001
mem[X,0x000000008001FA90] -> 0x006F
mem[X,0x000000008001FA92] -> 0x0240
[3744] [M]: 0x000000008001FA90 (0x0240006F) jal zero, 36
mem[X,0x000000008001FAB4] -> 0xB423
mem[X,0x000000008001FAB6] -> 0x7C20
[3745] [M]: 0x000000008001FAB4 (0x7C20B423) sd sp, 1992(ra)
mem[0x000000008004F9A0] <- 0x0000000000000001
mem[X,0x000000008001FAB8] -> 0x0513
mem[X,0x000000008001FABA] -> 0x0050
[3746] [M]: 0x000000008001FAB8 (0x00500513) addi a0, zero, 5
x10 <- 0x0000000000000005
mem[X,0x000000008001FABC] -> 0x65B7
mem[X,0x000000008001FABE] -> 0x6666
[3747] [M]: 0x000000008001FABC (0x666665B7) lui a1, 419430
x11 <- 0x0000000066666000
mem[X,0x000000008001FAC0] -> 0x8593
mem[X,0x000000008001FAC2] -> 0x6665
[3748] [M]: 0x000000008001FAC0 (0x66658593) addi a1, a1, 1638
x11 <- 0x0000000066666666
mem[X,0x000000008001FAC4] -> 0x9593
mem[X,0x000000008001FAC6] -> 0x00B5
[3749] [M]: 0x000000008001FAC4 (0x00B59593) slli a1, a1, 11
x11 <- 0x0000033333333000
mem[X,0x000000008001FAC8] -> 0x8593
mem[X,0x000000008001FACA] -> 0x3335
[3750] [M]: 0x000000008001FAC8 (0x33358593) addi a1, a1, 819
x11 <- 0x0000033333333333
mem[X,0x000000008001FACC] -> 0x9593
mem[X,0x000000008001FACE] -> 0x00B5
[3751] [M]: 0x000000008001FACC (0x00B59593) slli a1, a1, 11
x11 <- 0x0019999999999800
mem[X,0x000000008001FAD0] -> 0x8593
mem[X,0x000000008001FAD2] -> 0x1995
[3752] [M]: 0x000000008001FAD0 (0x19958593) addi a1, a1, 409
x11 <- 0x0019999999999999
mem[X,0x000000008001FAD4] -> 0x9593
mem[X,0x000000008001FAD6] -> 0x00A5
[3753] [M]: 0x000000008001FAD4 (0x00A59593) slli a1, a1, 10
x11 <- 0x6666666666666400
mem[X,0x000000008001FAD8] -> 0x8593
mem[X,0x000000008001FADA] -> 0x2675
[3754] [M]: 0x000000008001FAD8 (0x26758593) addi a1, a1, 615
x11 <- 0x6666666666666667
mem[X,0x000000008001FADC] -> 0x0113
mem[X,0x000000008001FADE] -> 0x0000
[3755] [M]: 0x000000008001FADC (0x00000113) addi sp, zero, 0
x2 <- 0x0000000000000000
mem[X,0x000000008001FAE0] -> 0x006F
mem[X,0x000000008001FAE2] -> 0x00C0
[3756] [M]: 0x000000008001FAE0 (0x00C0006F) jal zero, 12
mem[X,0x000000008001FAEC] -> 0x4CE3
mem[X,0x000000008001FAEE] -> 0xFEB5
[3757] [M]: 0x000000008001FAEC (0xFEB54CE3) blt a0, a1, 8184
mem[X,0x000000008001FAE4] -> 0x0113
mem[X,0x000000008001FAE6] -> 0x0011
[3758] [M]: 0x000000008001FAE4 (0x00110113) addi sp, sp, 1
x2 <- 0x0000000000000001
mem[X,0x000000008001FAE8] -> 0x006F
mem[X,0x000000008001FAEA] -> 0x0180
[3759] [M]: 0x000000008001FAE8 (0x0180006F) jal zero, 24
mem[X,0x000000008001FB00] -> 0xB823
mem[X,0x000000008001FB02] -> 0x7C20
[3760] [M]: 0x000000008001FB00 (0x7C20B823) sd sp, 2000(ra)
mem[0x000000008004F9A8] <- 0x0000000000000001
mem[X,0x000000008001FB04] -> 0x0513
mem[X,0x000000008001FB06] -> 0x0050
[3761] [M]: 0x000000008001FB04 (0x00500513) addi a0, zero, 5
x10 <- 0x0000000000000005
mem[X,0x000000008001FB08] -> 0x05B7
mem[X,0x000000008001FB0A] -> 0x0000
[3762] [M]: 0x000000008001FB08 (0x000005B7) lui a1, 0
x11 <- 0x0000000000000000
mem[X,0x000000008001FB0C] -> 0x8593
mem[X,0x000000008001FB0E] -> 0xFFF5
[3763] [M]: 0x000000008001FB0C (0xFFF58593) addi a1, a1, 4095
x11 <- 0xFFFFFFFFFFFFFFFF
mem[X,0x000000008001FB10] -> 0x9593
mem[X,0x000000008001FB12] -> 0x00B5
[3764] [M]: 0x000000008001FB10 (0x00B59593) slli a1, a1, 11
x11 <- 0xFFFFFFFFFFFFF800
mem[X,0x000000008001FB14] -> 0x8593
mem[X,0x000000008001FB16] -> 0x2575
[3765] [M]: 0x000000008001FB14 (0x25758593) addi a1, a1, 599
x11 <- 0xFFFFFFFFFFFFFA57
mem[X,0x000000008001FB18] -> 0x9593
mem[X,0x000000008001FB1A] -> 0x00B5
[3766] [M]: 0x000000008001FB18 (0x00B59593) slli a1, a1, 11
x11 <- 0xFFFFFFFFFFD2B800
mem[X,0x000000008001FB1C] -> 0x8593
mem[X,0x000000008001FB1E] -> 0x6C35
[3767] [M]: 0x000000008001FB1C (0x6C358593) addi a1, a1, 1731
x11 <- 0xFFFFFFFFFFD2BEC3
mem[X,0x000000008001FB20] -> 0x9593
mem[X,0x000000008001FB22] -> 0x00A5
[3768] [M]: 0x000000008001FB20 (0x00A59593) slli a1, a1, 10
x11 <- 0xFFFFFFFF4AFB0C00
mem[X,0x000000008001FB24] -> 0x8593
mem[X,0x000000008001FB26] -> 0x0CE5
[3769] [M]: 0x000000008001FB24 (0x0CE58593) addi a1, a1, 206
x11 <- 0xFFFFFFFF4AFB0CCE
mem[X,0x000000008001FB28] -> 0x0113
mem[X,0x000000008001FB2A] -> 0x0000
[3770] [M]: 0x000000008001FB28 (0x00000113) addi sp, zero, 0
x2 <- 0x0000000000000000
mem[X,0x000000008001FB2C] -> 0x006F
mem[X,0x000000008001FB2E] -> 0x00C0
[3771] [M]: 0x000000008001FB2C (0x00C0006F) jal zero, 12
mem[X,0x000000008001FB38] -> 0x4CE3
mem[X,0x000000008001FB3A] -> 0xFEB5
[3772] [M]: 0x000000008001FB38 (0xFEB54CE3) blt a0, a1, 8184
mem[X,0x000000008001FB3C] -> 0x0113
mem[X,0x000000008001FB3E] -> 0x0021
[3773] [M]: 0x000000008001FB3C (0x00210113) addi sp, sp, 2
x2 <- 0x0000000000000002
mem[X,0x000000008001FB40] -> 0x006F
mem[X,0x000000008001FB42] -> 0x00C0
[3774] [M]: 0x000000008001FB40 (0x00C0006F) jal zero, 12
mem[X,0x000000008001FB4C] -> 0xBC23
mem[X,0x000000008001FB4E] -> 0x7C20
[3775] [M]: 0x000000008001FB4C (0x7C20BC23) sd sp, 2008(ra)
mem[0x000000008004F9B0] <- 0x0000000000000002
mem[X,0x000000008001FB50] -> 0x0513
mem[X,0x000000008001FB52] -> 0x0050
[3776] [M]: 0x000000008001FB50 (0x00500513) addi a0, zero, 5
x10 <- 0x0000000000000005
mem[X,0x000000008001FB54] -> 0x05B7
mem[X,0x000000008001FB56] -> 0x0000
[3777] [M]: 0x000000008001FB54 (0x000005B7) lui a1, 0
x11 <- 0x0000000000000000
mem[X,0x000000008001FB58] -> 0x8593
mem[X,0x000000008001FB5A] -> 0x0005
[3778] [M]: 0x000000008001FB58 (0x00058593) addi a1, a1, 0
x11 <- 0x0000000000000000
mem[X,0x000000008001FB5C] -> 0x9593
mem[X,0x000000008001FB5E] -> 0x00B5
[3779] [M]: 0x000000008001FB5C (0x00B59593) slli a1, a1, 11
x11 <- 0x0000000000000000
mem[X,0x000000008001FB60] -> 0x8593
mem[X,0x000000008001FB62] -> 0x5A85
[3780] [M]: 0x000000008001FB60 (0x5A858593) addi a1, a1, 1448
x11 <- 0x00000000000005A8
mem[X,0x000000008001FB64] -> 0x9593
mem[X,0x000000008001FB66] -> 0x00B5
[3781] [M]: 0x000000008001FB64 (0x00B59593) slli a1, a1, 11
x11 <- 0x00000000002D4000
mem[X,0x000000008001FB68] -> 0x8593
mem[X,0x000000008001FB6A] -> 0x13C5
[3782] [M]: 0x000000008001FB68 (0x13C58593) addi a1, a1, 316
x11 <- 0x00000000002D413C
mem[X,0x000000008001FB6C] -> 0x9593
mem[X,0x000000008001FB6E] -> 0x00A5
[3783] [M]: 0x000000008001FB6C (0x00A59593) slli a1, a1, 10
x11 <- 0x00000000B504F000
mem[X,0x000000008001FB70] -> 0x8593
mem[X,0x000000008001FB72] -> 0x3345
[3784] [M]: 0x000000008001FB70 (0x33458593) addi a1, a1, 820
x11 <- 0x00000000B504F334
mem[X,0x000000008001FB74] -> 0x0113
mem[X,0x000000008001FB76] -> 0x0000
[3785] [M]: 0x000000008001FB74 (0x00000113) addi sp, zero, 0
x2 <- 0x0000000000000000
mem[X,0x000000008001FB78] -> 0x006F
mem[X,0x000000008001FB7A] -> 0x00C0
[3786] [M]: 0x000000008001FB78 (0x00C0006F) jal zero, 12
mem[X,0x000000008001FB84] -> 0x4663
mem[X,0x000000008001FB86] -> 0x00B5
[3787] [M]: 0x000000008001FB84 (0x00B54663) blt a0, a1, 12
mem[X,0x000000008001FB90] -> 0x0113
mem[X,0x000000008001FB92] -> 0x0031
[3788] [M]: 0x000000008001FB90 (0x00310113) addi sp, sp, 3
x2 <- 0x0000000000000003
mem[X,0x000000008001FB94] -> 0x006F
mem[X,0x000000008001FB96] -> 0x0040
[3789] [M]: 0x000000008001FB94 (0x0040006F) jal zero, 4
mem[X,0x000000008001FB98] -> 0xB023
mem[X,0x000000008001FB9A] -> 0x7E20
[3790] [M]: 0x000000008001FB98 (0x7E20B023) sd sp, 2016(ra)
mem[0x000000008004F9B8] <- 0x0000000000000003
mem[X,0x000000008001FB9C] -> 0x3537
mem[X,0x000000008001FB9E] -> 0x3333
[3791] [M]: 0x000000008001FB9C (0x33333537) lui a0, 209715
x10 <- 0x0000000033333000
mem[X,0x000000008001FBA0] -> 0x0513
mem[X,0x000000008001FBA2] -> 0x3335
[3792] [M]: 0x000000008001FBA0 (0x33350513) addi a0, a0, 819
x10 <- 0x0000000033333333
mem[X,0x000000008001FBA4] -> 0x1513
mem[X,0x000000008001FBA6] -> 0x00B5
[3793] [M]: 0x000000008001FBA4 (0x00B51513) slli a0, a0, 11
x10 <- 0x0000019999999800
mem[X,0x000000008001FBA8] -> 0x0513
mem[X,0x000000008001FBAA] -> 0x1995
[3794] [M]: 0x000000008001FBA8 (0x19950513) addi a0, a0, 409
x10 <- 0x0000019999999999
mem[X,0x000000008001FBAC] -> 0x1513
mem[X,0x000000008001FBAE] -> 0x00B5
[3795] [M]: 0x000000008001FBAC (0x00B51513) slli a0, a0, 11
x10 <- 0x000CCCCCCCCCC800
mem[X,0x000000008001FBB0] -> 0x0513
mem[X,0x000000008001FBB2] -> 0x4CC5
[3796] [M]: 0x000000008001FBB0 (0x4CC50513) addi a0, a0, 1228
x10 <- 0x000CCCCCCCCCCCCC
mem[X,0x000000008001FBB4] -> 0x1513
mem[X,0x000000008001FBB6] -> 0x00A5
[3797] [M]: 0x000000008001FBB4 (0x00A51513) slli a0, a0, 10
x10 <- 0x3333333333333000
mem[X,0x000000008001FBB8] -> 0x0513
mem[X,0x000000008001FBBA] -> 0x3335
[3798] [M]: 0x000000008001FBB8 (0x33350513) addi a0, a0, 819
x10 <- 0x3333333333333333
mem[X,0x000000008001FBBC] -> 0x0593
mem[X,0x000000008001FBBE] -> 0x0030
[3799] [M]: 0x000000008001FBBC (0x00300593) addi a1, zero, 3
x11 <- 0x0000000000000003
clint::tick mtime <- 0x0000000000000026
 clint timer pending at mtime 0x0000000000000026
htif::tick 0x0000000000000000
mem[X,0x000000008001FBC0] -> 0x0113
mem[X,0x000000008001FBC2] -> 0x0000
[3800] [M]: 0x000000008001FBC0 (0x00000113) addi sp, zero, 0
x2 <- 0x0000000000000000
mem[X,0x000000008001FBC4] -> 0x006F
mem[X,0x000000008001FBC6] -> 0x0180
[3801] [M]: 0x000000008001FBC4 (0x0180006F) jal zero, 24
mem[X,0x000000008001FBDC] -> 0x46E3
mem[X,0x000000008001FBDE] -> 0xFEB5
[3802] [M]: 0x000000008001FBDC (0xFEB546E3) blt a0, a1, 8172
mem[X,0x000000008001FBE0] -> 0x0113
mem[X,0x000000008001FBE2] -> 0x0021
[3803] [M]: 0x000000008001FBE0 (0x00210113) addi sp, sp, 2
x2 <- 0x0000000000000002
mem[X,0x000000008001FBE4] -> 0x006F
mem[X,0x000000008001FBE6] -> 0x00C0
[3804] [M]: 0x000000008001FBE4 (0x00C0006F) jal zero, 12
mem[X,0x000000008001FBF0] -> 0xB423
mem[X,0x000000008001FBF2] -> 0x7E20
[3805] [M]: 0x000000008001FBF0 (0x7E20B423) sd sp, 2024(ra)
mem[0x000000008004F9C0] <- 0x0000000000000002
mem[X,0x000000008001FBF4] -> 0x3537
mem[X,0x000000008001FBF6] -> 0x3333
[3806] [M]: 0x000000008001FBF4 (0x33333537) lui a0, 209715
x10 <- 0x0000000033333000
mem[X,0x000000008001FBF8] -> 0x0513
mem[X,0x000000008001FBFA] -> 0x3335
[3807] [M]: 0x000000008001FBF8 (0x33350513) addi a0, a0, 819
x10 <- 0x0000000033333333
mem[X,0x000000008001FBFC] -> 0x1513
mem[X,0x000000008001FBFE] -> 0x00B5
[3808] [M]: 0x000000008001FBFC (0x00B51513) slli a0, a0, 11
x10 <- 0x0000019999999800
mem[X,0x000000008001FC00] -> 0x0513
mem[X,0x000000008001FC02] -> 0x1995
[3809] [M]: 0x000000008001FC00 (0x19950513) addi a0, a0, 409
x10 <- 0x0000019999999999
mem[X,0x000000008001FC04] -> 0x1513
mem[X,0x000000008001FC06] -> 0x00B5
[3810] [M]: 0x000000008001FC04 (0x00B51513) slli a0, a0, 11
x10 <- 0x000CCCCCCCCCC800
mem[X,0x000000008001FC08] -> 0x0513
mem[X,0x000000008001FC0A] -> 0x4CC5
[3811] [M]: 0x000000008001FC08 (0x4CC50513) addi a0, a0, 1228
x10 <- 0x000CCCCCCCCCCCCC
mem[X,0x000000008001FC0C] -> 0x1513
mem[X,0x000000008001FC0E] -> 0x00A5
[3812] [M]: 0x000000008001FC0C (0x00A51513) slli a0, a0, 10
x10 <- 0x3333333333333000
mem[X,0x000000008001FC10] -> 0x0513
mem[X,0x000000008001FC12] -> 0x3335
[3813] [M]: 0x000000008001FC10 (0x33350513) addi a0, a0, 819
x10 <- 0x3333333333333333
mem[X,0x000000008001FC14] -> 0x55B7
mem[X,0x000000008001FC16] -> 0x5555
[3814] [M]: 0x000000008001FC14 (0x555555B7) lui a1, 349525
x11 <- 0x0000000055555000
mem[X,0x000000008001FC18] -> 0x8593
mem[X,0x000000008001FC1A] -> 0x5555
[3815] [M]: 0x000000008001FC18 (0x55558593) addi a1, a1, 1365
x11 <- 0x0000000055555555
mem[X,0x000000008001FC1C] -> 0x9593
mem[X,0x000000008001FC1E] -> 0x00B5
[3816] [M]: 0x000000008001FC1C (0x00B59593) slli a1, a1, 11
x11 <- 0x000002AAAAAAA800
mem[X,0x000000008001FC20] -> 0x8593
mem[X,0x000000008001FC22] -> 0x2AA5
[3817] [M]: 0x000000008001FC20 (0x2AA58593) addi a1, a1, 682
x11 <- 0x000002AAAAAAAAAA
mem[X,0x000000008001FC24] -> 0x9593
mem[X,0x000000008001FC26] -> 0x00B5
[3818] [M]: 0x000000008001FC24 (0x00B59593) slli a1, a1, 11
x11 <- 0x0015555555555000
mem[X,0x000000008001FC28] -> 0x8593
mem[X,0x000000008001FC2A] -> 0x5555
[3819] [M]: 0x000000008001FC28 (0x55558593) addi a1, a1, 1365
x11 <- 0x0015555555555555
mem[X,0x000000008001FC2C] -> 0x9593
mem[X,0x000000008001FC2E] -> 0x00A5
[3820] [M]: 0x000000008001FC2C (0x00A59593) slli a1, a1, 10
x11 <- 0x5555555555555400
mem[X,0x000000008001FC30] -> 0x8593
mem[X,0x000000008001FC32] -> 0x1555
[3821] [M]: 0x000000008001FC30 (0x15558593) addi a1, a1, 341
x11 <- 0x5555555555555555
mem[X,0x000000008001FC34] -> 0x0113
mem[X,0x000000008001FC36] -> 0x0000
[3822] [M]: 0x000000008001FC34 (0x00000113) addi sp, zero, 0
x2 <- 0x0000000000000000
mem[X,0x000000008001FC38] -> 0x006F
mem[X,0x000000008001FC3A] -> 0x00C0
[3823] [M]: 0x000000008001FC38 (0x00C0006F) jal zero, 12
mem[X,0x000000008001FC44] -> 0x4863
mem[X,0x000000008001FC46] -> 0x00B5
[3824] [M]: 0x000000008001FC44 (0x00B54863) blt a0, a1, 16
mem[X,0x000000008001FC54] -> 0x0113
mem[X,0x000000008001FC56] -> 0x0031
[3825] [M]: 0x000000008001FC54 (0x00310113) addi sp, sp, 3
x2 <- 0x0000000000000003
mem[X,0x000000008001FC58] -> 0x006F
mem[X,0x000000008001FC5A] -> 0x0040
[3826] [M]: 0x000000008001FC58 (0x0040006F) jal zero, 4
mem[X,0x000000008001FC5C] -> 0xB823
mem[X,0x000000008001FC5E] -> 0x7E20
[3827] [M]: 0x000000008001FC5C (0x7E20B823) sd sp, 2032(ra)
mem[0x000000008004F9C8] <- 0x0000000000000003
mem[X,0x000000008001FC60] -> 0x3537
mem[X,0x000000008001FC62] -> 0x3333
[3828] [M]: 0x000000008001FC60 (0x33333537) lui a0, 209715
x10 <- 0x0000000033333000
mem[X,0x000000008001FC64] -> 0x0513
mem[X,0x000000008001FC66] -> 0x3335
[3829] [M]: 0x000000008001FC64 (0x33350513) addi a0, a0, 819
x10 <- 0x0000000033333333
mem[X,0x000000008001FC68] -> 0x1513
mem[X,0x000000008001FC6A] -> 0x00B5
[3830] [M]: 0x000000008001FC68 (0x00B51513) slli a0, a0, 11
x10 <- 0x0000019999999800
mem[X,0x000000008001FC6C] -> 0x0513
mem[X,0x000000008001FC6E] -> 0x1995
[3831] [M]: 0x000000008001FC6C (0x19950513) addi a0, a0, 409
x10 <- 0x0000019999999999
mem[X,0x000000008001FC70] -> 0x1513
mem[X,0x000000008001FC72] -> 0x00B5
[3832] [M]: 0x000000008001FC70 (0x00B51513) slli a0, a0, 11
x10 <- 0x000CCCCCCCCCC800
mem[X,0x000000008001FC74] -> 0x0513
mem[X,0x000000008001FC76] -> 0x4CC5
[3833] [M]: 0x000000008001FC74 (0x4CC50513) addi a0, a0, 1228
x10 <- 0x000CCCCCCCCCCCCC
mem[X,0x000000008001FC78] -> 0x1513
mem[X,0x000000008001FC7A] -> 0x00A5
[3834] [M]: 0x000000008001FC78 (0x00A51513) slli a0, a0, 10
x10 <- 0x3333333333333000
mem[X,0x000000008001FC7C] -> 0x0513
mem[X,0x000000008001FC7E] -> 0x3335
[3835] [M]: 0x000000008001FC7C (0x33350513) addi a0, a0, 819
x10 <- 0x3333333333333333
mem[X,0x000000008001FC80] -> 0xB5B7
mem[X,0x000000008001FC82] -> 0xAAAA
[3836] [M]: 0x000000008001FC80 (0xAAAAB5B7) lui a1, 699051
x11 <- 0xFFFFFFFFAAAAB000
mem[X,0x000000008001FC84] -> 0x8593
mem[X,0x000000008001FC86] -> 0xAAA5
[3837] [M]: 0x000000008001FC84 (0xAAA58593) addi a1, a1, 2730
x11 <- 0xFFFFFFFFAAAAAAAA
mem[X,0x000000008001FC88] -> 0x9593
mem[X,0x000000008001FC8A] -> 0x00B5
[3838] [M]: 0x000000008001FC88 (0x00B59593) slli a1, a1, 11
x11 <- 0xFFFFFD5555555000
mem[X,0x000000008001FC8C] -> 0x8593
mem[X,0x000000008001FC8E] -> 0x5555
[3839] [M]: 0x000000008001FC8C (0x55558593) addi a1, a1, 1365
x11 <- 0xFFFFFD5555555555
mem[X,0x000000008001FC90] -> 0x9593
mem[X,0x000000008001FC92] -> 0x00B5
[3840] [M]: 0x000000008001FC90 (0x00B59593) slli a1, a1, 11
x11 <- 0xFFEAAAAAAAAAA800
mem[X,0x000000008001FC94] -> 0x8593
mem[X,0x000000008001FC96] -> 0x2AA5
[3841] [M]: 0x000000008001FC94 (0x2AA58593) addi a1, a1, 682
x11 <- 0xFFEAAAAAAAAAAAAA
mem[X,0x000000008001FC98] -> 0x9593
mem[X,0x000000008001FC9A] -> 0x00A5
[3842] [M]: 0x000000008001FC98 (0x00A59593) slli a1, a1, 10
x11 <- 0xAAAAAAAAAAAAA800
mem[X,0x000000008001FC9C] -> 0x8593
mem[X,0x000000008001FC9E] -> 0x2AA5
[3843] [M]: 0x000000008001FC9C (0x2AA58593) addi a1, a1, 682
x11 <- 0xAAAAAAAAAAAAAAAA
mem[X,0x000000008001FCA0] -> 0x0113
mem[X,0x000000008001FCA2] -> 0x0000
[3844] [M]: 0x000000008001FCA0 (0x00000113) addi sp, zero, 0
x2 <- 0x0000000000000000
mem[X,0x000000008001FCA4] -> 0x006F
mem[X,0x000000008001FCA6] -> 0x0100
[3845] [M]: 0x000000008001FCA4 (0x0100006F) jal zero, 16
mem[X,0x000000008001FCB4] -> 0x4AE3
mem[X,0x000000008001FCB6] -> 0xFEB5
[3846] [M]: 0x000000008001FCB4 (0xFEB54AE3) blt a0, a1, 8180
mem[X,0x000000008001FCB8] -> 0x0113
mem[X,0x000000008001FCBA] -> 0x0021
[3847] [M]: 0x000000008001FCB8 (0x00210113) addi sp, sp, 2
x2 <- 0x0000000000000002
mem[X,0x000000008001FCBC] -> 0x006F
mem[X,0x000000008001FCBE] -> 0x00C0
[3848] [M]: 0x000000008001FCBC (0x00C0006F) jal zero, 12
mem[X,0x000000008001FCC8] -> 0xBC23
mem[X,0x000000008001FCCA] -> 0x7E20
[3849] [M]: 0x000000008001FCC8 (0x7E20BC23) sd sp, 2040(ra)
mem[0x000000008004F9D0] <- 0x0000000000000002
mem[X,0x000000008001FCCC] -> 0x0013
mem[X,0x000000008001FCCE] -> 0x0000
[3850] [M]: 0x000000008001FCCC (0x00000013) addi zero, zero, 0
mem[X,0x000000008001FCD0] -> 0x0013
mem[X,0x000000008001FCD2] -> 0x0000
[3851] [M]: 0x000000008001FCD0 (0x00000013) addi zero, zero, 0
mem[X,0x000000008001FCD4] -> 0x0013
mem[X,0x000000008001FCD6] -> 0x0000
[3852] [M]: 0x000000008001FCD4 (0x00000013) addi zero, zero, 0
mem[X,0x000000008001FCD8] -> 0x0013
mem[X,0x000000008001FCDA] -> 0x0000
[3853] [M]: 0x000000008001FCD8 (0x00000013) addi zero, zero, 0
mem[X,0x000000008001FCDC] -> 0x0013
mem[X,0x000000008001FCDE] -> 0x0000
[3854] [M]: 0x000000008001FCDC (0x00000013) addi zero, zero, 0
mem[X,0x000000008001FCE0] -> 0x0097
mem[X,0x000000008001FCE2] -> 0x0003
[3855] [M]: 0x000000008001FCE0 (0x00030097) auipc ra, 48
x1 <- 0x000000008004FCE0
mem[X,0x000000008001FCE4] -> 0x8093
mem[X,0x000000008001FCE6] -> 0xCF80
[3856] [M]: 0x000000008001FCE4 (0xCF808093) addi ra, ra, 3320
x1 <- 0x000000008004F9D8
mem[X,0x000000008001FCE8] -> 0x0013
mem[X,0x000000008001FCEA] -> 0x0000
[3857] [M]: 0x000000008001FCE8 (0x00000013) addi zero, zero, 0
mem[X,0x000000008001FCEC] -> 0x0013
mem[X,0x000000008001FCEE] -> 0x0000
[3858] [M]: 0x000000008001FCEC (0x00000013) addi zero, zero, 0
mem[X,0x000000008001FCF0] -> 0x0013
mem[X,0x000000008001FCF2] -> 0x0000
[3859] [M]: 0x000000008001FCF0 (0x00000013) addi zero, zero, 0
mem[X,0x000000008001FCF4] -> 0x0013
mem[X,0x000000008001FCF6] -> 0x0000
[3860] [M]: 0x000000008001FCF4 (0x00000013) addi zero, zero, 0
mem[X,0x000000008001FCF8] -> 0x0013
mem[X,0x000000008001FCFA] -> 0x0000
[3861] [M]: 0x000000008001FCF8 (0x00000013) addi zero, zero, 0
mem[X,0x000000008001FCFC] -> 0x0013
mem[X,0x000000008001FCFE] -> 0x0000
[3862] [M]: 0x000000008001FCFC (0x00000013) addi zero, zero, 0
mem[X,0x000000008001FD00] -> 0x3537
mem[X,0x000000008001FD02] -> 0x3333
[3863] [M]: 0x000000008001FD00 (0x33333537) lui a0, 209715
x10 <- 0x0000000033333000
mem[X,0x000000008001FD04] -> 0x0513
mem[X,0x000000008001FD06] -> 0x3335
[3864] [M]: 0x000000008001FD04 (0x33350513) addi a0, a0, 819
x10 <- 0x0000000033333333
mem[X,0x000000008001FD08] -> 0x1513
mem[X,0x000000008001FD0A] -> 0x00B5
[3865] [M]: 0x000000008001FD08 (0x00B51513) slli a0, a0, 11
x10 <- 0x0000019999999800
mem[X,0x000000008001FD0C] -> 0x0513
mem[X,0x000000008001FD0E] -> 0x1995
[3866] [M]: 0x000000008001FD0C (0x19950513) addi a0, a0, 409
x10 <- 0x0000019999999999
mem[X,0x000000008001FD10] -> 0x1513
mem[X,0x000000008001FD12] -> 0x00B5
[3867] [M]: 0x000000008001FD10 (0x00B51513) slli a0, a0, 11
x10 <- 0x000CCCCCCCCCC800
mem[X,0x000000008001FD14] -> 0x0513
mem[X,0x000000008001FD16] -> 0x4CC5
[3868] [M]: 0x000000008001FD14 (0x4CC50513) addi a0, a0, 1228
x10 <- 0x000CCCCCCCCCCCCC
mem[X,0x000000008001FD18] -> 0x1513
mem[X,0x000000008001FD1A] -> 0x00A5
[3869] [M]: 0x000000008001FD18 (0x00A51513) slli a0, a0, 10
x10 <- 0x3333333333333000
mem[X,0x000000008001FD1C] -> 0x0513
mem[X,0x000000008001FD1E] -> 0x3335
[3870] [M]: 0x000000008001FD1C (0x33350513) addi a0, a0, 819
x10 <- 0x3333333333333333
mem[X,0x000000008001FD20] -> 0x0593
mem[X,0x000000008001FD22] -> 0x0050
[3871] [M]: 0x000000008001FD20 (0x00500593) addi a1, zero, 5
x11 <- 0x0000000000000005
mem[X,0x000000008001FD24] -> 0x0113
mem[X,0x000000008001FD26] -> 0x0000
[3872] [M]: 0x000000008001FD24 (0x00000113) addi sp, zero, 0
x2 <- 0x0000000000000000
mem[X,0x000000008001FD28] -> 0x006F
mem[X,0x000000008001FD2A] -> 0x00C0
[3873] [M]: 0x000000008001FD28 (0x00C0006F) jal zero, 12
mem[X,0x000000008001FD34] -> 0x4663
mem[X,0x000000008001FD36] -> 0x00B5
[3874] [M]: 0x000000008001FD34 (0x00B54663) blt a0, a1, 12
mem[X,0x000000008001FD38] -> 0x0113
mem[X,0x000000008001FD3A] -> 0x0021
[3875] [M]: 0x000000008001FD38 (0x00210113) addi sp, sp, 2
x2 <- 0x0000000000000002
mem[X,0x000000008001FD3C] -> 0x006F
mem[X,0x000000008001FD3E] -> 0x00C0
[3876] [M]: 0x000000008001FD3C (0x00C0006F) jal zero, 12
mem[X,0x000000008001FD48] -> 0xB023
mem[X,0x000000008001FD4A] -> 0x0020
[3877] [M]: 0x000000008001FD48 (0x0020B023) sd sp, 0(ra)
mem[0x000000008004F9D8] <- 0x0000000000000002
mem[X,0x000000008001FD4C] -> 0x3537
mem[X,0x000000008001FD4E] -> 0x3333
[3878] [M]: 0x000000008001FD4C (0x33333537) lui a0, 209715
x10 <- 0x0000000033333000
mem[X,0x000000008001FD50] -> 0x0513
mem[X,0x000000008001FD52] -> 0x3335
[3879] [M]: 0x000000008001FD50 (0x33350513) addi a0, a0, 819
x10 <- 0x0000000033333333
mem[X,0x000000008001FD54] -> 0x1513
mem[X,0x000000008001FD56] -> 0x00B5
[3880] [M]: 0x000000008001FD54 (0x00B51513) slli a0, a0, 11
x10 <- 0x0000019999999800
mem[X,0x000000008001FD58] -> 0x0513
mem[X,0x000000008001FD5A] -> 0x1995
[3881] [M]: 0x000000008001FD58 (0x19950513) addi a0, a0, 409
x10 <- 0x0000019999999999
mem[X,0x000000008001FD5C] -> 0x1513
mem[X,0x000000008001FD5E] -> 0x00B5
[3882] [M]: 0x000000008001FD5C (0x00B51513) slli a0, a0, 11
x10 <- 0x000CCCCCCCCCC800
mem[X,0x000000008001FD60] -> 0x0513
mem[X,0x000000008001FD62] -> 0x4CC5
[3883] [M]: 0x000000008001FD60 (0x4CC50513) addi a0, a0, 1228
x10 <- 0x000CCCCCCCCCCCCC
mem[X,0x000000008001FD64] -> 0x1513
mem[X,0x000000008001FD66] -> 0x00A5
[3884] [M]: 0x000000008001FD64 (0x00A51513) slli a0, a0, 10
x10 <- 0x3333333333333000
mem[X,0x000000008001FD68] -> 0x0513
mem[X,0x000000008001FD6A] -> 0x3335
[3885] [M]: 0x000000008001FD68 (0x33350513) addi a0, a0, 819
x10 <- 0x3333333333333333
mem[X,0x000000008001FD6C] -> 0x35B7
mem[X,0x000000008001FD6E] -> 0x3333
[3886] [M]: 0x000000008001FD6C (0x333335B7) lui a1, 209715
x11 <- 0x0000000033333000
mem[X,0x000000008001FD70] -> 0x8593
mem[X,0x000000008001FD72] -> 0x3335
[3887] [M]: 0x000000008001FD70 (0x33358593) addi a1, a1, 819
x11 <- 0x0000000033333333
mem[X,0x000000008001FD74] -> 0x9593
mem[X,0x000000008001FD76] -> 0x00B5
[3888] [M]: 0x000000008001FD74 (0x00B59593) slli a1, a1, 11
x11 <- 0x0000019999999800
mem[X,0x000000008001FD78] -> 0x8593
mem[X,0x000000008001FD7A] -> 0x1995
[3889] [M]: 0x000000008001FD78 (0x19958593) addi a1, a1, 409
x11 <- 0x0000019999999999
mem[X,0x000000008001FD7C] -> 0x9593
mem[X,0x000000008001FD7E] -> 0x00B5
[3890] [M]: 0x000000008001FD7C (0x00B59593) slli a1, a1, 11
x11 <- 0x000CCCCCCCCCC800
mem[X,0x000000008001FD80] -> 0x8593
mem[X,0x000000008001FD82] -> 0x4CC5
[3891] [M]: 0x000000008001FD80 (0x4CC58593) addi a1, a1, 1228
x11 <- 0x000CCCCCCCCCCCCC
mem[X,0x000000008001FD84] -> 0x9593
mem[X,0x000000008001FD86] -> 0x00A5
[3892] [M]: 0x000000008001FD84 (0x00A59593) slli a1, a1, 10
x11 <- 0x3333333333333000
mem[X,0x000000008001FD88] -> 0x8593
mem[X,0x000000008001FD8A] -> 0x3335
[3893] [M]: 0x000000008001FD88 (0x33358593) addi a1, a1, 819
x11 <- 0x3333333333333333
mem[X,0x000000008001FD8C] -> 0x0113
mem[X,0x000000008001FD8E] -> 0x0000
[3894] [M]: 0x000000008001FD8C (0x00000113) addi sp, zero, 0
x2 <- 0x0000000000000000
mem[X,0x000000008001FD90] -> 0x006F
mem[X,0x000000008001FD92] -> 0x00C0
[3895] [M]: 0x000000008001FD90 (0x00C0006F) jal zero, 12
mem[X,0x000000008001FD9C] -> 0x4863
mem[X,0x000000008001FD9E] -> 0x00B5
[3896] [M]: 0x000000008001FD9C (0x00B54863) blt a0, a1, 16
mem[X,0x000000008001FDA0] -> 0x0113
mem[X,0x000000008001FDA2] -> 0x0021
[3897] [M]: 0x000000008001FDA0 (0x00210113) addi sp, sp, 2
x2 <- 0x0000000000000002
mem[X,0x000000008001FDA4] -> 0x006F
mem[X,0x000000008001FDA6] -> 0x0100
[3898] [M]: 0x000000008001FDA4 (0x0100006F) jal zero, 16
mem[X,0x000000008001FDB4] -> 0xB423
mem[X,0x000000008001FDB6] -> 0x0020
[3899] [M]: 0x000000008001FDB4 (0x0020B423) sd sp, 8(ra)
mem[0x000000008004F9E0] <- 0x0000000000000002
clint::tick mtime <- 0x0000000000000027
 clint timer pending at mtime 0x0000000000000027
htif::tick 0x0000000000000000
mem[X,0x000000008001FDB8] -> 0x3537
mem[X,0x000000008001FDBA] -> 0x3333
[3900] [M]: 0x000000008001FDB8 (0x33333537) lui a0, 209715
x10 <- 0x0000000033333000
mem[X,0x000000008001FDBC] -> 0x0513
mem[X,0x000000008001FDBE] -> 0x3335
[3901] [M]: 0x000000008001FDBC (0x33350513) addi a0, a0, 819
x10 <- 0x0000000033333333
mem[X,0x000000008001FDC0] -> 0x1513
mem[X,0x000000008001FDC2] -> 0x00B5
[3902] [M]: 0x000000008001FDC0 (0x00B51513) slli a0, a0, 11
x10 <- 0x0000019999999800
mem[X,0x000000008001FDC4] -> 0x0513
mem[X,0x000000008001FDC6] -> 0x1995
[3903] [M]: 0x000000008001FDC4 (0x19950513) addi a0, a0, 409
x10 <- 0x0000019999999999
mem[X,0x000000008001FDC8] -> 0x1513
mem[X,0x000000008001FDCA] -> 0x00B5
[3904] [M]: 0x000000008001FDC8 (0x00B51513) slli a0, a0, 11
x10 <- 0x000CCCCCCCCCC800
mem[X,0x000000008001FDCC] -> 0x0513
mem[X,0x000000008001FDCE] -> 0x4CC5
[3905] [M]: 0x000000008001FDCC (0x4CC50513) addi a0, a0, 1228
x10 <- 0x000CCCCCCCCCCCCC
mem[X,0x000000008001FDD0] -> 0x1513
mem[X,0x000000008001FDD2] -> 0x00A5
[3906] [M]: 0x000000008001FDD0 (0x00A51513) slli a0, a0, 10
x10 <- 0x3333333333333000
mem[X,0x000000008001FDD4] -> 0x0513
mem[X,0x000000008001FDD6] -> 0x3335
[3907] [M]: 0x000000008001FDD4 (0x33350513) addi a0, a0, 819
x10 <- 0x3333333333333333
mem[X,0x000000008001FDD8] -> 0x65B7
mem[X,0x000000008001FDDA] -> 0x6666
[3908] [M]: 0x000000008001FDD8 (0x666665B7) lui a1, 419430
x11 <- 0x0000000066666000
mem[X,0x000000008001FDDC] -> 0x8593
mem[X,0x000000008001FDDE] -> 0x6665
[3909] [M]: 0x000000008001FDDC (0x66658593) addi a1, a1, 1638
x11 <- 0x0000000066666666
mem[X,0x000000008001FDE0] -> 0x9593
mem[X,0x000000008001FDE2] -> 0x00B5
[3910] [M]: 0x000000008001FDE0 (0x00B59593) slli a1, a1, 11
x11 <- 0x0000033333333000
mem[X,0x000000008001FDE4] -> 0x8593
mem[X,0x000000008001FDE6] -> 0x3335
[3911] [M]: 0x000000008001FDE4 (0x33358593) addi a1, a1, 819
x11 <- 0x0000033333333333
mem[X,0x000000008001FDE8] -> 0x9593
mem[X,0x000000008001FDEA] -> 0x00B5
[3912] [M]: 0x000000008001FDE8 (0x00B59593) slli a1, a1, 11
x11 <- 0x0019999999999800
mem[X,0x000000008001FDEC] -> 0x8593
mem[X,0x000000008001FDEE] -> 0x1995
[3913] [M]: 0x000000008001FDEC (0x19958593) addi a1, a1, 409
x11 <- 0x0019999999999999
mem[X,0x000000008001FDF0] -> 0x9593
mem[X,0x000000008001FDF2] -> 0x00A5
[3914] [M]: 0x000000008001FDF0 (0x00A59593) slli a1, a1, 10
x11 <- 0x6666666666666400
mem[X,0x000000008001FDF4] -> 0x8593
mem[X,0x000000008001FDF6] -> 0x2665
[3915] [M]: 0x000000008001FDF4 (0x26658593) addi a1, a1, 614
x11 <- 0x6666666666666666
mem[X,0x000000008001FDF8] -> 0x0113
mem[X,0x000000008001FDFA] -> 0x0000
[3916] [M]: 0x000000008001FDF8 (0x00000113) addi sp, zero, 0
x2 <- 0x0000000000000000
mem[X,0x000000008001FDFC] -> 0x006F
mem[X,0x000000008001FDFE] -> 0x0100
[3917] [M]: 0x000000008001FDFC (0x0100006F) jal zero, 16
mem[X,0x000000008001FE0C] -> 0x4AE3
mem[X,0x000000008001FE0E] -> 0xFEB5
[3918] [M]: 0x000000008001FE0C (0xFEB54AE3) blt a0, a1, 8180
mem[X,0x000000008001FE00] -> 0x0113
mem[X,0x000000008001FE02] -> 0x0011
[3919] [M]: 0x000000008001FE00 (0x00110113) addi sp, sp, 1
x2 <- 0x0000000000000001
mem[X,0x000000008001FE04] -> 0x006F
mem[X,0x000000008001FE06] -> 0x01C0
[3920] [M]: 0x000000008001FE04 (0x01C0006F) jal zero, 28
mem[X,0x000000008001FE20] -> 0xB823
mem[X,0x000000008001FE22] -> 0x0020
[3921] [M]: 0x000000008001FE20 (0x0020B823) sd sp, 16(ra)
mem[0x000000008004F9E8] <- 0x0000000000000001
mem[X,0x000000008001FE24] -> 0x3537
mem[X,0x000000008001FE26] -> 0x3333
[3922] [M]: 0x000000008001FE24 (0x33333537) lui a0, 209715
x10 <- 0x0000000033333000
mem[X,0x000000008001FE28] -> 0x0513
mem[X,0x000000008001FE2A] -> 0x3335
[3923] [M]: 0x000000008001FE28 (0x33350513) addi a0, a0, 819
x10 <- 0x0000000033333333
mem[X,0x000000008001FE2C] -> 0x1513
mem[X,0x000000008001FE2E] -> 0x00B5
[3924] [M]: 0x000000008001FE2C (0x00B51513) slli a0, a0, 11
x10 <- 0x0000019999999800
mem[X,0x000000008001FE30] -> 0x0513
mem[X,0x000000008001FE32] -> 0x1995
[3925] [M]: 0x000000008001FE30 (0x19950513) addi a0, a0, 409
x10 <- 0x0000019999999999
mem[X,0x000000008001FE34] -> 0x1513
mem[X,0x000000008001FE36] -> 0x00B5
[3926] [M]: 0x000000008001FE34 (0x00B51513) slli a0, a0, 11
x10 <- 0x000CCCCCCCCCC800
mem[X,0x000000008001FE38] -> 0x0513
mem[X,0x000000008001FE3A] -> 0x4CC5
[3927] [M]: 0x000000008001FE38 (0x4CC50513) addi a0, a0, 1228
x10 <- 0x000CCCCCCCCCCCCC
mem[X,0x000000008001FE3C] -> 0x1513
mem[X,0x000000008001FE3E] -> 0x00A5
[3928] [M]: 0x000000008001FE3C (0x00A51513) slli a0, a0, 10
x10 <- 0x3333333333333000
mem[X,0x000000008001FE40] -> 0x0513
mem[X,0x000000008001FE42] -> 0x3335
[3929] [M]: 0x000000008001FE40 (0x33350513) addi a0, a0, 819
x10 <- 0x3333333333333333
mem[X,0x000000008001FE44] -> 0x05B7
mem[X,0x000000008001FE46] -> 0x0000
[3930] [M]: 0x000000008001FE44 (0x000005B7) lui a1, 0
x11 <- 0x0000000000000000
mem[X,0x000000008001FE48] -> 0x8593
mem[X,0x000000008001FE4A] -> 0xFFF5
[3931] [M]: 0x000000008001FE48 (0xFFF58593) addi a1, a1, 4095
x11 <- 0xFFFFFFFFFFFFFFFF
mem[X,0x000000008001FE4C] -> 0x9593
mem[X,0x000000008001FE4E] -> 0x00B5
[3932] [M]: 0x000000008001FE4C (0x00B59593) slli a1, a1, 11
x11 <- 0xFFFFFFFFFFFFF800
mem[X,0x000000008001FE50] -> 0x8593
mem[X,0x000000008001FE52] -> 0x2575
[3933] [M]: 0x000000008001FE50 (0x25758593) addi a1, a1, 599
x11 <- 0xFFFFFFFFFFFFFA57
mem[X,0x000000008001FE54] -> 0x9593
mem[X,0x000000008001FE56] -> 0x00B5
[3934] [M]: 0x000000008001FE54 (0x00B59593) slli a1, a1, 11
x11 <- 0xFFFFFFFFFFD2B800
mem[X,0x000000008001FE58] -> 0x8593
mem[X,0x000000008001FE5A] -> 0x6C35
[3935] [M]: 0x000000008001FE58 (0x6C358593) addi a1, a1, 1731
x11 <- 0xFFFFFFFFFFD2BEC3
mem[X,0x000000008001FE5C] -> 0x9593
mem[X,0x000000008001FE5E] -> 0x00A5
[3936] [M]: 0x000000008001FE5C (0x00A59593) slli a1, a1, 10
x11 <- 0xFFFFFFFF4AFB0C00
mem[X,0x000000008001FE60] -> 0x8593
mem[X,0x000000008001FE62] -> 0x0CD5
[3937] [M]: 0x000000008001FE60 (0x0CD58593) addi a1, a1, 205
x11 <- 0xFFFFFFFF4AFB0CCD
mem[X,0x000000008001FE64] -> 0x0113
mem[X,0x000000008001FE66] -> 0x0000
[3938] [M]: 0x000000008001FE64 (0x00000113) addi sp, zero, 0
x2 <- 0x0000000000000000
mem[X,0x000000008001FE68] -> 0x006F
mem[X,0x000000008001FE6A] -> 0x0100
[3939] [M]: 0x000000008001FE68 (0x0100006F) jal zero, 16
mem[X,0x000000008001FE78] -> 0x4AE3
mem[X,0x000000008001FE7A] -> 0xFEB5
[3940] [M]: 0x000000008001FE78 (0xFEB54AE3) blt a0, a1, 8180
mem[X,0x000000008001FE7C] -> 0x0113
mem[X,0x000000008001FE7E] -> 0x0021
[3941] [M]: 0x000000008001FE7C (0x00210113) addi sp, sp, 2
x2 <- 0x0000000000000002
mem[X,0x000000008001FE80] -> 0x006F
mem[X,0x000000008001FE82] -> 0x00C0
[3942] [M]: 0x000000008001FE80 (0x00C0006F) jal zero, 12
mem[X,0x000000008001FE8C] -> 0xBC23
mem[X,0x000000008001FE8E] -> 0x0020
[3943] [M]: 0x000000008001FE8C (0x0020BC23) sd sp, 24(ra)
mem[0x000000008004F9F0] <- 0x0000000000000002
mem[X,0x000000008001FE90] -> 0x3537
mem[X,0x000000008001FE92] -> 0x3333
[3944] [M]: 0x000000008001FE90 (0x33333537) lui a0, 209715
x10 <- 0x0000000033333000
mem[X,0x000000008001FE94] -> 0x0513
mem[X,0x000000008001FE96] -> 0x3335
[3945] [M]: 0x000000008001FE94 (0x33350513) addi a0, a0, 819
x10 <- 0x0000000033333333
mem[X,0x000000008001FE98] -> 0x1513
mem[X,0x000000008001FE9A] -> 0x00B5
[3946] [M]: 0x000000008001FE98 (0x00B51513) slli a0, a0, 11
x10 <- 0x0000019999999800
mem[X,0x000000008001FE9C] -> 0x0513
mem[X,0x000000008001FE9E] -> 0x1995
[3947] [M]: 0x000000008001FE9C (0x19950513) addi a0, a0, 409
x10 <- 0x0000019999999999
mem[X,0x000000008001FEA0] -> 0x1513
mem[X,0x000000008001FEA2] -> 0x00B5
[3948] [M]: 0x000000008001FEA0 (0x00B51513) slli a0, a0, 11
x10 <- 0x000CCCCCCCCCC800
mem[X,0x000000008001FEA4] -> 0x0513
mem[X,0x000000008001FEA6] -> 0x4CC5
[3949] [M]: 0x000000008001FEA4 (0x4CC50513) addi a0, a0, 1228
x10 <- 0x000CCCCCCCCCCCCC
mem[X,0x000000008001FEA8] -> 0x1513
mem[X,0x000000008001FEAA] -> 0x00A5
[3950] [M]: 0x000000008001FEA8 (0x00A51513) slli a0, a0, 10
x10 <- 0x3333333333333000
mem[X,0x000000008001FEAC] -> 0x0513
mem[X,0x000000008001FEAE] -> 0x3335
[3951] [M]: 0x000000008001FEAC (0x33350513) addi a0, a0, 819
x10 <- 0x3333333333333333
mem[X,0x000000008001FEB0] -> 0x05B7
mem[X,0x000000008001FEB2] -> 0x0000
[3952] [M]: 0x000000008001FEB0 (0x000005B7) lui a1, 0
x11 <- 0x0000000000000000
mem[X,0x000000008001FEB4] -> 0x8593
mem[X,0x000000008001FEB6] -> 0x0005
[3953] [M]: 0x000000008001FEB4 (0x00058593) addi a1, a1, 0
x11 <- 0x0000000000000000
mem[X,0x000000008001FEB8] -> 0x9593
mem[X,0x000000008001FEBA] -> 0x00B5
[3954] [M]: 0x000000008001FEB8 (0x00B59593) slli a1, a1, 11
x11 <- 0x0000000000000000
mem[X,0x000000008001FEBC] -> 0x8593
mem[X,0x000000008001FEBE] -> 0x5A85
[3955] [M]: 0x000000008001FEBC (0x5A858593) addi a1, a1, 1448
x11 <- 0x00000000000005A8
mem[X,0x000000008001FEC0] -> 0x9593
mem[X,0x000000008001FEC2] -> 0x00B5
[3956] [M]: 0x000000008001FEC0 (0x00B59593) slli a1, a1, 11
x11 <- 0x00000000002D4000
mem[X,0x000000008001FEC4] -> 0x8593
mem[X,0x000000008001FEC6] -> 0x13C5
[3957] [M]: 0x000000008001FEC4 (0x13C58593) addi a1, a1, 316
x11 <- 0x00000000002D413C
mem[X,0x000000008001FEC8] -> 0x9593
mem[X,0x000000008001FECA] -> 0x00A5
[3958] [M]: 0x000000008001FEC8 (0x00A59593) slli a1, a1, 10
x11 <- 0x00000000B504F000
mem[X,0x000000008001FECC] -> 0x8593
mem[X,0x000000008001FECE] -> 0x3335
[3959] [M]: 0x000000008001FECC (0x33358593) addi a1, a1, 819
x11 <- 0x00000000B504F333
mem[X,0x000000008001FED0] -> 0x0113
mem[X,0x000000008001FED2] -> 0x0000
[3960] [M]: 0x000000008001FED0 (0x00000113) addi sp, zero, 0
x2 <- 0x0000000000000000
mem[X,0x000000008001FED4] -> 0x006F
mem[X,0x000000008001FED6] -> 0x00C0
[3961] [M]: 0x000000008001FED4 (0x00C0006F) jal zero, 12
mem[X,0x000000008001FEE0] -> 0x4663
mem[X,0x000000008001FEE2] -> 0x00B5
[3962] [M]: 0x000000008001FEE0 (0x00B54663) blt a0, a1, 12
mem[X,0x000000008001FEE4] -> 0x0113
mem[X,0x000000008001FEE6] -> 0x0021
[3963] [M]: 0x000000008001FEE4 (0x00210113) addi sp, sp, 2
x2 <- 0x0000000000000002
mem[X,0x000000008001FEE8] -> 0x006F
mem[X,0x000000008001FEEA] -> 0x00C0
[3964] [M]: 0x000000008001FEE8 (0x00C0006F) jal zero, 12
mem[X,0x000000008001FEF4] -> 0xB023
mem[X,0x000000008001FEF6] -> 0x0220
[3965] [M]: 0x000000008001FEF4 (0x0220B023) sd sp, 32(ra)
mem[0x000000008004F9F8] <- 0x0000000000000002
mem[X,0x000000008001FEF8] -> 0x3537
mem[X,0x000000008001FEFA] -> 0x3333
[3966] [M]: 0x000000008001FEF8 (0x33333537) lui a0, 209715
x10 <- 0x0000000033333000
mem[X,0x000000008001FEFC] -> 0x0513
mem[X,0x000000008001FEFE] -> 0x3335
[3967] [M]: 0x000000008001FEFC (0x33350513) addi a0, a0, 819
x10 <- 0x0000000033333333
mem[X,0x000000008001FF00] -> 0x1513
mem[X,0x000000008001FF02] -> 0x00B5
[3968] [M]: 0x000000008001FF00 (0x00B51513) slli a0, a0, 11
x10 <- 0x0000019999999800
mem[X,0x000000008001FF04] -> 0x0513
mem[X,0x000000008001FF06] -> 0x1995
[3969] [M]: 0x000000008001FF04 (0x19950513) addi a0, a0, 409
x10 <- 0x0000019999999999
mem[X,0x000000008001FF08] -> 0x1513
mem[X,0x000000008001FF0A] -> 0x00B5
[3970] [M]: 0x000000008001FF08 (0x00B51513) slli a0, a0, 11
x10 <- 0x000CCCCCCCCCC800
mem[X,0x000000008001FF0C] -> 0x0513
mem[X,0x000000008001FF0E] -> 0x4CC5
[3971] [M]: 0x000000008001FF0C (0x4CC50513) addi a0, a0, 1228
x10 <- 0x000CCCCCCCCCCCCC
mem[X,0x000000008001FF10] -> 0x1513
mem[X,0x000000008001FF12] -> 0x00A5
[3972] [M]: 0x000000008001FF10 (0x00A51513) slli a0, a0, 10
x10 <- 0x3333333333333000
mem[X,0x000000008001FF14] -> 0x0513
mem[X,0x000000008001FF16] -> 0x3335
[3973] [M]: 0x000000008001FF14 (0x33350513) addi a0, a0, 819
x10 <- 0x3333333333333333
mem[X,0x000000008001FF18] -> 0x0593
mem[X,0x000000008001FF1A] -> 0x0020
[3974] [M]: 0x000000008001FF18 (0x00200593) addi a1, zero, 2
x11 <- 0x0000000000000002
mem[X,0x000000008001FF1C] -> 0x0113
mem[X,0x000000008001FF1E] -> 0x0000
[3975] [M]: 0x000000008001FF1C (0x00000113) addi sp, zero, 0
x2 <- 0x0000000000000000
mem[X,0x000000008001FF20] -> 0x006F
mem[X,0x000000008001FF22] -> 0x2B10
[3976] [M]: 0x000000008001FF20 (0x2B10006F) jal zero, 2736
mem[X,0x00000000800209D0] -> 0x4A63
mem[X,0x00000000800209D2] -> 0xD4B5
[3977] [M]: 0x00000000800209D0 (0xD4B54A63) blt a0, a1, 5460
mem[X,0x00000000800209D4] -> 0x0113
mem[X,0x00000000800209D6] -> 0x0021
[3978] [M]: 0x00000000800209D4 (0x00210113) addi sp, sp, 2
x2 <- 0x0000000000000002
mem[X,0x00000000800209D8] -> 0x006F
mem[X,0x00000000800209DA] -> 0x00C0
[3979] [M]: 0x00000000800209D8 (0x00C0006F) jal zero, 12
mem[X,0x00000000800209E4] -> 0xB423
mem[X,0x00000000800209E6] -> 0x0220
[3980] [M]: 0x00000000800209E4 (0x0220B423) sd sp, 40(ra)
mem[0x000000008004FA00] <- 0x0000000000000002
mem[X,0x00000000800209E8] -> 0x3537
mem[X,0x00000000800209EA] -> 0x3333
[3981] [M]: 0x00000000800209E8 (0x33333537) lui a0, 209715
x10 <- 0x0000000033333000
mem[X,0x00000000800209EC] -> 0x0513
mem[X,0x00000000800209EE] -> 0x3335
[3982] [M]: 0x00000000800209EC (0x33350513) addi a0, a0, 819
x10 <- 0x0000000033333333
mem[X,0x00000000800209F0] -> 0x1513
mem[X,0x00000000800209F2] -> 0x00B5
[3983] [M]: 0x00000000800209F0 (0x00B51513) slli a0, a0, 11
x10 <- 0x0000019999999800
mem[X,0x00000000800209F4] -> 0x0513
mem[X,0x00000000800209F6] -> 0x1995
[3984] [M]: 0x00000000800209F4 (0x19950513) addi a0, a0, 409
x10 <- 0x0000019999999999
mem[X,0x00000000800209F8] -> 0x1513
mem[X,0x00000000800209FA] -> 0x00B5
[3985] [M]: 0x00000000800209F8 (0x00B51513) slli a0, a0, 11
x10 <- 0x000CCCCCCCCCC800
mem[X,0x00000000800209FC] -> 0x0513
mem[X,0x00000000800209FE] -> 0x4CC5
[3986] [M]: 0x00000000800209FC (0x4CC50513) addi a0, a0, 1228
x10 <- 0x000CCCCCCCCCCCCC
mem[X,0x0000000080020A00] -> 0x1513
mem[X,0x0000000080020A02] -> 0x00A5
[3987] [M]: 0x0000000080020A00 (0x00A51513) slli a0, a0, 10
x10 <- 0x3333333333333000
mem[X,0x0000000080020A04] -> 0x0513
mem[X,0x0000000080020A06] -> 0x3335
[3988] [M]: 0x0000000080020A04 (0x33350513) addi a0, a0, 819
x10 <- 0x3333333333333333
mem[X,0x0000000080020A08] -> 0x55B7
mem[X,0x0000000080020A0A] -> 0x5555
[3989] [M]: 0x0000000080020A08 (0x555555B7) lui a1, 349525
x11 <- 0x0000000055555000
mem[X,0x0000000080020A0C] -> 0x8593
mem[X,0x0000000080020A0E] -> 0x5555
[3990] [M]: 0x0000000080020A0C (0x55558593) addi a1, a1, 1365
x11 <- 0x0000000055555555
mem[X,0x0000000080020A10] -> 0x9593
mem[X,0x0000000080020A12] -> 0x00B5
[3991] [M]: 0x0000000080020A10 (0x00B59593) slli a1, a1, 11
x11 <- 0x000002AAAAAAA800
mem[X,0x0000000080020A14] -> 0x8593
mem[X,0x0000000080020A16] -> 0x2AA5
[3992] [M]: 0x0000000080020A14 (0x2AA58593) addi a1, a1, 682
x11 <- 0x000002AAAAAAAAAA
mem[X,0x0000000080020A18] -> 0x9593
mem[X,0x0000000080020A1A] -> 0x00B5
[3993] [M]: 0x0000000080020A18 (0x00B59593) slli a1, a1, 11
x11 <- 0x0015555555555000
mem[X,0x0000000080020A1C] -> 0x8593
mem[X,0x0000000080020A1E] -> 0x5555
[3994] [M]: 0x0000000080020A1C (0x55558593) addi a1, a1, 1365
x11 <- 0x0015555555555555
mem[X,0x0000000080020A20] -> 0x9593
mem[X,0x0000000080020A22] -> 0x00A5
[3995] [M]: 0x0000000080020A20 (0x00A59593) slli a1, a1, 10
x11 <- 0x5555555555555400
mem[X,0x0000000080020A24] -> 0x8593
mem[X,0x0000000080020A26] -> 0x1545
[3996] [M]: 0x0000000080020A24 (0x15458593) addi a1, a1, 340
x11 <- 0x5555555555555554
mem[X,0x0000000080020A28] -> 0x0113
mem[X,0x0000000080020A2A] -> 0x0000
[3997] [M]: 0x0000000080020A28 (0x00000113) addi sp, zero, 0
x2 <- 0x0000000000000000
mem[X,0x0000000080020A2C] -> 0x006F
mem[X,0x0000000080020A2E] -> 0x00C0
[3998] [M]: 0x0000000080020A2C (0x00C0006F) jal zero, 12
mem[X,0x0000000080020A38] -> 0x4063
mem[X,0x0000000080020A3A] -> 0x40B5
[3999] [M]: 0x0000000080020A38 (0x40B54063) blt a0, a1, 1024
clint::tick mtime <- 0x0000000000000028
 clint timer pending at mtime 0x0000000000000028
htif::tick 0x0000000000000000
mem[X,0x0000000080020E38] -> 0x0113
mem[X,0x0000000080020E3A] -> 0x0031
[4000] [M]: 0x0000000080020E38 (0x00310113) addi sp, sp, 3
x2 <- 0x0000000000000003
mem[X,0x0000000080020E3C] -> 0x006F
mem[X,0x0000000080020E3E] -> 0x0040
[4001] [M]: 0x0000000080020E3C (0x0040006F) jal zero, 4
mem[X,0x0000000080020E40] -> 0xB823
mem[X,0x0000000080020E42] -> 0x0220
[4002] [M]: 0x0000000080020E40 (0x0220B823) sd sp, 48(ra)
mem[0x000000008004FA08] <- 0x0000000000000003
mem[X,0x0000000080020E44] -> 0x3537
mem[X,0x0000000080020E46] -> 0x3333
[4003] [M]: 0x0000000080020E44 (0x33333537) lui a0, 209715
x10 <- 0x0000000033333000
mem[X,0x0000000080020E48] -> 0x0513
mem[X,0x0000000080020E4A] -> 0x3335
[4004] [M]: 0x0000000080020E48 (0x33350513) addi a0, a0, 819
x10 <- 0x0000000033333333
mem[X,0x0000000080020E4C] -> 0x1513
mem[X,0x0000000080020E4E] -> 0x00B5
[4005] [M]: 0x0000000080020E4C (0x00B51513) slli a0, a0, 11
x10 <- 0x0000019999999800
mem[X,0x0000000080020E50] -> 0x0513
mem[X,0x0000000080020E52] -> 0x1995
[4006] [M]: 0x0000000080020E50 (0x19950513) addi a0, a0, 409
x10 <- 0x0000019999999999
mem[X,0x0000000080020E54] -> 0x1513
mem[X,0x0000000080020E56] -> 0x00B5
[4007] [M]: 0x0000000080020E54 (0x00B51513) slli a0, a0, 11
x10 <- 0x000CCCCCCCCCC800
mem[X,0x0000000080020E58] -> 0x0513
mem[X,0x0000000080020E5A] -> 0x4CC5
[4008] [M]: 0x0000000080020E58 (0x4CC50513) addi a0, a0, 1228
x10 <- 0x000CCCCCCCCCCCCC
mem[X,0x0000000080020E5C] -> 0x1513
mem[X,0x0000000080020E5E] -> 0x00A5
[4009] [M]: 0x0000000080020E5C (0x00A51513) slli a0, a0, 10
x10 <- 0x3333333333333000
mem[X,0x0000000080020E60] -> 0x0513
mem[X,0x0000000080020E62] -> 0x3335
[4010] [M]: 0x0000000080020E60 (0x33350513) addi a0, a0, 819
x10 <- 0x3333333333333333
mem[X,0x0000000080020E64] -> 0x0593
mem[X,0x0000000080020E66] -> 0x0000
[4011] [M]: 0x0000000080020E64 (0x00000593) addi a1, zero, 0
x11 <- 0x0000000000000000
mem[X,0x0000000080020E68] -> 0x0113
mem[X,0x0000000080020E6A] -> 0x0000
[4012] [M]: 0x0000000080020E68 (0x00000113) addi sp, zero, 0
x2 <- 0x0000000000000000
mem[X,0x0000000080020E6C] -> 0x006F
mem[X,0x0000000080020E6E] -> 0x2B10
[4013] [M]: 0x0000000080020E6C (0x2B10006F) jal zero, 2736
mem[X,0x000000008002191C] -> 0x4A63
mem[X,0x000000008002191E] -> 0xD4B5
[4014] [M]: 0x000000008002191C (0xD4B54A63) blt a0, a1, 5460
mem[X,0x0000000080021920] -> 0x0113
mem[X,0x0000000080021922] -> 0x0021
[4015] [M]: 0x0000000080021920 (0x00210113) addi sp, sp, 2
x2 <- 0x0000000000000002
mem[X,0x0000000080021924] -> 0x006F
mem[X,0x0000000080021926] -> 0x00C0
[4016] [M]: 0x0000000080021924 (0x00C0006F) jal zero, 12
mem[X,0x0000000080021930] -> 0xBC23
mem[X,0x0000000080021932] -> 0x0220
[4017] [M]: 0x0000000080021930 (0x0220BC23) sd sp, 56(ra)
mem[0x000000008004FA10] <- 0x0000000000000002
mem[X,0x0000000080021934] -> 0x3537
mem[X,0x0000000080021936] -> 0x3333
[4018] [M]: 0x0000000080021934 (0x33333537) lui a0, 209715
x10 <- 0x0000000033333000
mem[X,0x0000000080021938] -> 0x0513
mem[X,0x000000008002193A] -> 0x3335
[4019] [M]: 0x0000000080021938 (0x33350513) addi a0, a0, 819
x10 <- 0x0000000033333333
mem[X,0x000000008002193C] -> 0x1513
mem[X,0x000000008002193E] -> 0x00B5
[4020] [M]: 0x000000008002193C (0x00B51513) slli a0, a0, 11
x10 <- 0x0000019999999800
mem[X,0x0000000080021940] -> 0x0513
mem[X,0x0000000080021942] -> 0x1995
[4021] [M]: 0x0000000080021940 (0x19950513) addi a0, a0, 409
x10 <- 0x0000019999999999
mem[X,0x0000000080021944] -> 0x1513
mem[X,0x0000000080021946] -> 0x00B5
[4022] [M]: 0x0000000080021944 (0x00B51513) slli a0, a0, 11
x10 <- 0x000CCCCCCCCCC800
mem[X,0x0000000080021948] -> 0x0513
mem[X,0x000000008002194A] -> 0x4CC5
[4023] [M]: 0x0000000080021948 (0x4CC50513) addi a0, a0, 1228
x10 <- 0x000CCCCCCCCCCCCC
mem[X,0x000000008002194C] -> 0x1513
mem[X,0x000000008002194E] -> 0x00A5
[4024] [M]: 0x000000008002194C (0x00A51513) slli a0, a0, 10
x10 <- 0x3333333333333000
mem[X,0x0000000080021950] -> 0x0513
mem[X,0x0000000080021952] -> 0x3335
[4025] [M]: 0x0000000080021950 (0x33350513) addi a0, a0, 819
x10 <- 0x3333333333333333
mem[X,0x0000000080021954] -> 0x0593
mem[X,0x0000000080021956] -> 0x0040
[4026] [M]: 0x0000000080021954 (0x00400593) addi a1, zero, 4
x11 <- 0x0000000000000004
mem[X,0x0000000080021958] -> 0x0113
mem[X,0x000000008002195A] -> 0x0000
[4027] [M]: 0x0000000080021958 (0x00000113) addi sp, zero, 0
x2 <- 0x0000000000000000
mem[X,0x000000008002195C] -> 0x006F
mem[X,0x000000008002195E] -> 0x00C0
[4028] [M]: 0x000000008002195C (0x00C0006F) jal zero, 12
mem[X,0x0000000080021968] -> 0x4863
mem[X,0x000000008002196A] -> 0x00B5
[4029] [M]: 0x0000000080021968 (0x00B54863) blt a0, a1, 16
mem[X,0x000000008002196C] -> 0x0113
mem[X,0x000000008002196E] -> 0x0021
[4030] [M]: 0x000000008002196C (0x00210113) addi sp, sp, 2
x2 <- 0x0000000000000002
mem[X,0x0000000080021970] -> 0x006F
mem[X,0x0000000080021972] -> 0x0100
[4031] [M]: 0x0000000080021970 (0x0100006F) jal zero, 16
mem[X,0x0000000080021980] -> 0xB023
mem[X,0x0000000080021982] -> 0x0420
[4032] [M]: 0x0000000080021980 (0x0420B023) sd sp, 64(ra)
mem[0x000000008004FA18] <- 0x0000000000000002
mem[X,0x0000000080021984] -> 0x3537
mem[X,0x0000000080021986] -> 0x3333
[4033] [M]: 0x0000000080021984 (0x33333537) lui a0, 209715
x10 <- 0x0000000033333000
mem[X,0x0000000080021988] -> 0x0513
mem[X,0x000000008002198A] -> 0x3335
[4034] [M]: 0x0000000080021988 (0x33350513) addi a0, a0, 819
x10 <- 0x0000000033333333
mem[X,0x000000008002198C] -> 0x1513
mem[X,0x000000008002198E] -> 0x00B5
[4035] [M]: 0x000000008002198C (0x00B51513) slli a0, a0, 11
x10 <- 0x0000019999999800
mem[X,0x0000000080021990] -> 0x0513
mem[X,0x0000000080021992] -> 0x1995
[4036] [M]: 0x0000000080021990 (0x19950513) addi a0, a0, 409
x10 <- 0x0000019999999999
mem[X,0x0000000080021994] -> 0x1513
mem[X,0x0000000080021996] -> 0x00B5
[4037] [M]: 0x0000000080021994 (0x00B51513) slli a0, a0, 11
x10 <- 0x000CCCCCCCCCC800
mem[X,0x0000000080021998] -> 0x0513
mem[X,0x000000008002199A] -> 0x4CC5
[4038] [M]: 0x0000000080021998 (0x4CC50513) addi a0, a0, 1228
x10 <- 0x000CCCCCCCCCCCCC
mem[X,0x000000008002199C] -> 0x1513
mem[X,0x000000008002199E] -> 0x00A5
[4039] [M]: 0x000000008002199C (0x00A51513) slli a0, a0, 10
x10 <- 0x3333333333333000
mem[X,0x00000000800219A0] -> 0x0513
mem[X,0x00000000800219A2] -> 0x3335
[4040] [M]: 0x00000000800219A0 (0x33350513) addi a0, a0, 819
x10 <- 0x3333333333333333
mem[X,0x00000000800219A4] -> 0x35B7
mem[X,0x00000000800219A6] -> 0x3333
[4041] [M]: 0x00000000800219A4 (0x333335B7) lui a1, 209715
x11 <- 0x0000000033333000
mem[X,0x00000000800219A8] -> 0x8593
mem[X,0x00000000800219AA] -> 0x3335
[4042] [M]: 0x00000000800219A8 (0x33358593) addi a1, a1, 819
x11 <- 0x0000000033333333
mem[X,0x00000000800219AC] -> 0x9593
mem[X,0x00000000800219AE] -> 0x00B5
[4043] [M]: 0x00000000800219AC (0x00B59593) slli a1, a1, 11
x11 <- 0x0000019999999800
mem[X,0x00000000800219B0] -> 0x8593
mem[X,0x00000000800219B2] -> 0x1995
[4044] [M]: 0x00000000800219B0 (0x19958593) addi a1, a1, 409
x11 <- 0x0000019999999999
mem[X,0x00000000800219B4] -> 0x9593
mem[X,0x00000000800219B6] -> 0x00B5
[4045] [M]: 0x00000000800219B4 (0x00B59593) slli a1, a1, 11
x11 <- 0x000CCCCCCCCCC800
mem[X,0x00000000800219B8] -> 0x8593
mem[X,0x00000000800219BA] -> 0x4CC5
[4046] [M]: 0x00000000800219B8 (0x4CC58593) addi a1, a1, 1228
x11 <- 0x000CCCCCCCCCCCCC
mem[X,0x00000000800219BC] -> 0x9593
mem[X,0x00000000800219BE] -> 0x00A5
[4047] [M]: 0x00000000800219BC (0x00A59593) slli a1, a1, 10
x11 <- 0x3333333333333000
mem[X,0x00000000800219C0] -> 0x8593
mem[X,0x00000000800219C2] -> 0x3325
[4048] [M]: 0x00000000800219C0 (0x33258593) addi a1, a1, 818
x11 <- 0x3333333333333332
mem[X,0x00000000800219C4] -> 0x0113
mem[X,0x00000000800219C6] -> 0x0000
[4049] [M]: 0x00000000800219C4 (0x00000113) addi sp, zero, 0
x2 <- 0x0000000000000000
mem[X,0x00000000800219C8] -> 0x006F
mem[X,0x00000000800219CA] -> 0x0180
[4050] [M]: 0x00000000800219C8 (0x0180006F) jal zero, 24
mem[X,0x00000000800219E0] -> 0x46E3
mem[X,0x00000000800219E2] -> 0xFEB5
[4051] [M]: 0x00000000800219E0 (0xFEB546E3) blt a0, a1, 8172
mem[X,0x00000000800219E4] -> 0x0113
mem[X,0x00000000800219E6] -> 0x0021
[4052] [M]: 0x00000000800219E4 (0x00210113) addi sp, sp, 2
x2 <- 0x0000000000000002
mem[X,0x00000000800219E8] -> 0x006F
mem[X,0x00000000800219EA] -> 0x00C0
[4053] [M]: 0x00000000800219E8 (0x00C0006F) jal zero, 12
mem[X,0x00000000800219F4] -> 0xB423
mem[X,0x00000000800219F6] -> 0x0420
[4054] [M]: 0x00000000800219F4 (0x0420B423) sd sp, 72(ra)
mem[0x000000008004FA20] <- 0x0000000000000002
mem[X,0x00000000800219F8] -> 0x3537
mem[X,0x00000000800219FA] -> 0x3333
[4055] [M]: 0x00000000800219F8 (0x33333537) lui a0, 209715
x10 <- 0x0000000033333000
mem[X,0x00000000800219FC] -> 0x0513
mem[X,0x00000000800219FE] -> 0x3335
[4056] [M]: 0x00000000800219FC (0x33350513) addi a0, a0, 819
x10 <- 0x0000000033333333
mem[X,0x0000000080021A00] -> 0x1513
mem[X,0x0000000080021A02] -> 0x00B5
[4057] [M]: 0x0000000080021A00 (0x00B51513) slli a0, a0, 11
x10 <- 0x0000019999999800
mem[X,0x0000000080021A04] -> 0x0513
mem[X,0x0000000080021A06] -> 0x1995
[4058] [M]: 0x0000000080021A04 (0x19950513) addi a0, a0, 409
x10 <- 0x0000019999999999
mem[X,0x0000000080021A08] -> 0x1513
mem[X,0x0000000080021A0A] -> 0x00B5
[4059] [M]: 0x0000000080021A08 (0x00B51513) slli a0, a0, 11
x10 <- 0x000CCCCCCCCCC800
mem[X,0x0000000080021A0C] -> 0x0513
mem[X,0x0000000080021A0E] -> 0x4CC5
[4060] [M]: 0x0000000080021A0C (0x4CC50513) addi a0, a0, 1228
x10 <- 0x000CCCCCCCCCCCCC
mem[X,0x0000000080021A10] -> 0x1513
mem[X,0x0000000080021A12] -> 0x00A5
[4061] [M]: 0x0000000080021A10 (0x00A51513) slli a0, a0, 10
x10 <- 0x3333333333333000
mem[X,0x0000000080021A14] -> 0x0513
mem[X,0x0000000080021A16] -> 0x3335
[4062] [M]: 0x0000000080021A14 (0x33350513) addi a0, a0, 819
x10 <- 0x3333333333333333
mem[X,0x0000000080021A18] -> 0x65B7
mem[X,0x0000000080021A1A] -> 0x6666
[4063] [M]: 0x0000000080021A18 (0x666665B7) lui a1, 419430
x11 <- 0x0000000066666000
mem[X,0x0000000080021A1C] -> 0x8593
mem[X,0x0000000080021A1E] -> 0x6665
[4064] [M]: 0x0000000080021A1C (0x66658593) addi a1, a1, 1638
x11 <- 0x0000000066666666
mem[X,0x0000000080021A20] -> 0x9593
mem[X,0x0000000080021A22] -> 0x00B5
[4065] [M]: 0x0000000080021A20 (0x00B59593) slli a1, a1, 11
x11 <- 0x0000033333333000
mem[X,0x0000000080021A24] -> 0x8593
mem[X,0x0000000080021A26] -> 0x3335
[4066] [M]: 0x0000000080021A24 (0x33358593) addi a1, a1, 819
x11 <- 0x0000033333333333
mem[X,0x0000000080021A28] -> 0x9593
mem[X,0x0000000080021A2A] -> 0x00B5
[4067] [M]: 0x0000000080021A28 (0x00B59593) slli a1, a1, 11
x11 <- 0x0019999999999800
mem[X,0x0000000080021A2C] -> 0x8593
mem[X,0x0000000080021A2E] -> 0x1995
[4068] [M]: 0x0000000080021A2C (0x19958593) addi a1, a1, 409
x11 <- 0x0019999999999999
mem[X,0x0000000080021A30] -> 0x9593
mem[X,0x0000000080021A32] -> 0x00A5
[4069] [M]: 0x0000000080021A30 (0x00A59593) slli a1, a1, 10
x11 <- 0x6666666666666400
mem[X,0x0000000080021A34] -> 0x8593
mem[X,0x0000000080021A36] -> 0x2655
[4070] [M]: 0x0000000080021A34 (0x26558593) addi a1, a1, 613
x11 <- 0x6666666666666665
mem[X,0x0000000080021A38] -> 0x0113
mem[X,0x0000000080021A3A] -> 0x0000
[4071] [M]: 0x0000000080021A38 (0x00000113) addi sp, zero, 0
x2 <- 0x0000000000000000
mem[X,0x0000000080021A3C] -> 0x006F
mem[X,0x0000000080021A3E] -> 0x00C0
[4072] [M]: 0x0000000080021A3C (0x00C0006F) jal zero, 12
mem[X,0x0000000080021A48] -> 0x4CE3
mem[X,0x0000000080021A4A] -> 0xFEB5
[4073] [M]: 0x0000000080021A48 (0xFEB54CE3) blt a0, a1, 8184
mem[X,0x0000000080021A40] -> 0x0113
mem[X,0x0000000080021A42] -> 0x0011
[4074] [M]: 0x0000000080021A40 (0x00110113) addi sp, sp, 1
x2 <- 0x0000000000000001
mem[X,0x0000000080021A44] -> 0x006F
mem[X,0x0000000080021A46] -> 0x0180
[4075] [M]: 0x0000000080021A44 (0x0180006F) jal zero, 24
mem[X,0x0000000080021A5C] -> 0xB823
mem[X,0x0000000080021A5E] -> 0x0420
[4076] [M]: 0x0000000080021A5C (0x0420B823) sd sp, 80(ra)
mem[0x000000008004FA28] <- 0x0000000000000001
mem[X,0x0000000080021A60] -> 0x3537
mem[X,0x0000000080021A62] -> 0x3333
[4077] [M]: 0x0000000080021A60 (0x33333537) lui a0, 209715
x10 <- 0x0000000033333000
mem[X,0x0000000080021A64] -> 0x0513
mem[X,0x0000000080021A66] -> 0x3335
[4078] [M]: 0x0000000080021A64 (0x33350513) addi a0, a0, 819
x10 <- 0x0000000033333333
mem[X,0x0000000080021A68] -> 0x1513
mem[X,0x0000000080021A6A] -> 0x00B5
[4079] [M]: 0x0000000080021A68 (0x00B51513) slli a0, a0, 11
x10 <- 0x0000019999999800
mem[X,0x0000000080021A6C] -> 0x0513
mem[X,0x0000000080021A6E] -> 0x1995
[4080] [M]: 0x0000000080021A6C (0x19950513) addi a0, a0, 409
x10 <- 0x0000019999999999
mem[X,0x0000000080021A70] -> 0x1513
mem[X,0x0000000080021A72] -> 0x00B5
[4081] [M]: 0x0000000080021A70 (0x00B51513) slli a0, a0, 11
x10 <- 0x000CCCCCCCCCC800
mem[X,0x0000000080021A74] -> 0x0513
mem[X,0x0000000080021A76] -> 0x4CC5
[4082] [M]: 0x0000000080021A74 (0x4CC50513) addi a0, a0, 1228
x10 <- 0x000CCCCCCCCCCCCC
mem[X,0x0000000080021A78] -> 0x1513
mem[X,0x0000000080021A7A] -> 0x00A5
[4083] [M]: 0x0000000080021A78 (0x00A51513) slli a0, a0, 10
x10 <- 0x3333333333333000
mem[X,0x0000000080021A7C] -> 0x0513
mem[X,0x0000000080021A7E] -> 0x3335
[4084] [M]: 0x0000000080021A7C (0x33350513) addi a0, a0, 819
x10 <- 0x3333333333333333
mem[X,0x0000000080021A80] -> 0x05B7
mem[X,0x0000000080021A82] -> 0x0000
[4085] [M]: 0x0000000080021A80 (0x000005B7) lui a1, 0
x11 <- 0x0000000000000000
mem[X,0x0000000080021A84] -> 0x8593
mem[X,0x0000000080021A86] -> 0x0005
[4086] [M]: 0x0000000080021A84 (0x00058593) addi a1, a1, 0
x11 <- 0x0000000000000000
mem[X,0x0000000080021A88] -> 0x9593
mem[X,0x0000000080021A8A] -> 0x00B5
[4087] [M]: 0x0000000080021A88 (0x00B59593) slli a1, a1, 11
x11 <- 0x0000000000000000
mem[X,0x0000000080021A8C] -> 0x8593
mem[X,0x0000000080021A8E] -> 0x5A85
[4088] [M]: 0x0000000080021A8C (0x5A858593) addi a1, a1, 1448
x11 <- 0x00000000000005A8
mem[X,0x0000000080021A90] -> 0x9593
mem[X,0x0000000080021A92] -> 0x00B5
[4089] [M]: 0x0000000080021A90 (0x00B59593) slli a1, a1, 11
x11 <- 0x00000000002D4000
mem[X,0x0000000080021A94] -> 0x8593
mem[X,0x0000000080021A96] -> 0x13C5
[4090] [M]: 0x0000000080021A94 (0x13C58593) addi a1, a1, 316
x11 <- 0x00000000002D413C
mem[X,0x0000000080021A98] -> 0x9593
mem[X,0x0000000080021A9A] -> 0x00A5
[4091] [M]: 0x0000000080021A98 (0x00A59593) slli a1, a1, 10
x11 <- 0x00000000B504F000
mem[X,0x0000000080021A9C] -> 0x8593
mem[X,0x0000000080021A9E] -> 0x3325
[4092] [M]: 0x0000000080021A9C (0x33258593) addi a1, a1, 818
x11 <- 0x00000000B504F332
mem[X,0x0000000080021AA0] -> 0x0113
mem[X,0x0000000080021AA2] -> 0x0000
[4093] [M]: 0x0000000080021AA0 (0x00000113) addi sp, zero, 0
x2 <- 0x0000000000000000
mem[X,0x0000000080021AA4] -> 0x006F
mem[X,0x0000000080021AA6] -> 0x0050
[4094] [M]: 0x0000000080021AA4 (0x0050006F) jal zero, 2052
mem[X,0x00000000800222A8] -> 0x40E3
mem[X,0x00000000800222AA] -> 0x80B5
[4095] [M]: 0x00000000800222A8 (0x80B540E3) blt a0, a1, 6144
mem[X,0x00000000800222AC] -> 0x0113
mem[X,0x00000000800222AE] -> 0x0021
[4096] [M]: 0x00000000800222AC (0x00210113) addi sp, sp, 2
x2 <- 0x0000000000000002
mem[X,0x00000000800222B0] -> 0x006F
mem[X,0x00000000800222B2] -> 0x00C0
[4097] [M]: 0x00000000800222B0 (0x00C0006F) jal zero, 12
mem[X,0x00000000800222BC] -> 0xBC23
mem[X,0x00000000800222BE] -> 0x0420
[4098] [M]: 0x00000000800222BC (0x0420BC23) sd sp, 88(ra)
mem[0x000000008004FA30] <- 0x0000000000000002
mem[X,0x00000000800222C0] -> 0x3537
mem[X,0x00000000800222C2] -> 0x3333
[4099] [M]: 0x00000000800222C0 (0x33333537) lui a0, 209715
x10 <- 0x0000000033333000
clint::tick mtime <- 0x0000000000000029
 clint timer pending at mtime 0x0000000000000029
htif::tick 0x0000000000000000
mem[X,0x00000000800222C4] -> 0x0513
mem[X,0x00000000800222C6] -> 0x3335
[4100] [M]: 0x00000000800222C4 (0x33350513) addi a0, a0, 819
x10 <- 0x0000000033333333
mem[X,0x00000000800222C8] -> 0x1513
mem[X,0x00000000800222CA] -> 0x00B5
[4101] [M]: 0x00000000800222C8 (0x00B51513) slli a0, a0, 11
x10 <- 0x0000019999999800
mem[X,0x00000000800222CC] -> 0x0513
mem[X,0x00000000800222CE] -> 0x1995
[4102] [M]: 0x00000000800222CC (0x19950513) addi a0, a0, 409
x10 <- 0x0000019999999999
mem[X,0x00000000800222D0] -> 0x1513
mem[X,0x00000000800222D2] -> 0x00B5
[4103] [M]: 0x00000000800222D0 (0x00B51513) slli a0, a0, 11
x10 <- 0x000CCCCCCCCCC800
mem[X,0x00000000800222D4] -> 0x0513
mem[X,0x00000000800222D6] -> 0x4CC5
[4104] [M]: 0x00000000800222D4 (0x4CC50513) addi a0, a0, 1228
x10 <- 0x000CCCCCCCCCCCCC
mem[X,0x00000000800222D8] -> 0x1513
mem[X,0x00000000800222DA] -> 0x00A5
[4105] [M]: 0x00000000800222D8 (0x00A51513) slli a0, a0, 10
x10 <- 0x3333333333333000
mem[X,0x00000000800222DC] -> 0x0513
mem[X,0x00000000800222DE] -> 0x3335
[4106] [M]: 0x00000000800222DC (0x33350513) addi a0, a0, 819
x10 <- 0x3333333333333333
mem[X,0x00000000800222E0] -> 0x55B7
mem[X,0x00000000800222E2] -> 0x5555
[4107] [M]: 0x00000000800222E0 (0x555555B7) lui a1, 349525
x11 <- 0x0000000055555000
mem[X,0x00000000800222E4] -> 0x8593
mem[X,0x00000000800222E6] -> 0x5555
[4108] [M]: 0x00000000800222E4 (0x55558593) addi a1, a1, 1365
x11 <- 0x0000000055555555
mem[X,0x00000000800222E8] -> 0x9593
mem[X,0x00000000800222EA] -> 0x00B5
[4109] [M]: 0x00000000800222E8 (0x00B59593) slli a1, a1, 11
x11 <- 0x000002AAAAAAA800
mem[X,0x00000000800222EC] -> 0x8593
mem[X,0x00000000800222EE] -> 0x2AA5
[4110] [M]: 0x00000000800222EC (0x2AA58593) addi a1, a1, 682
x11 <- 0x000002AAAAAAAAAA
mem[X,0x00000000800222F0] -> 0x9593
mem[X,0x00000000800222F2] -> 0x00B5
[4111] [M]: 0x00000000800222F0 (0x00B59593) slli a1, a1, 11
x11 <- 0x0015555555555000
mem[X,0x00000000800222F4] -> 0x8593
mem[X,0x00000000800222F6] -> 0x5555
[4112] [M]: 0x00000000800222F4 (0x55558593) addi a1, a1, 1365
x11 <- 0x0015555555555555
mem[X,0x00000000800222F8] -> 0x9593
mem[X,0x00000000800222FA] -> 0x00A5
[4113] [M]: 0x00000000800222F8 (0x00A59593) slli a1, a1, 10
x11 <- 0x5555555555555400
mem[X,0x00000000800222FC] -> 0x8593
mem[X,0x00000000800222FE] -> 0x1565
[4114] [M]: 0x00000000800222FC (0x15658593) addi a1, a1, 342
x11 <- 0x5555555555555556
mem[X,0x0000000080022300] -> 0x0113
mem[X,0x0000000080022302] -> 0x0000
[4115] [M]: 0x0000000080022300 (0x00000113) addi sp, zero, 0
x2 <- 0x0000000000000000
mem[X,0x0000000080022304] -> 0x006F
mem[X,0x0000000080022306] -> 0x0180
[4116] [M]: 0x0000000080022304 (0x0180006F) jal zero, 24
mem[X,0x000000008002231C] -> 0x46E3
mem[X,0x000000008002231E] -> 0xFEB5
[4117] [M]: 0x000000008002231C (0xFEB546E3) blt a0, a1, 8172
mem[X,0x0000000080022308] -> 0x0113
mem[X,0x000000008002230A] -> 0x0011
[4118] [M]: 0x0000000080022308 (0x00110113) addi sp, sp, 1
x2 <- 0x0000000000000001
mem[X,0x000000008002230C] -> 0x006F
mem[X,0x000000008002230E] -> 0x0240
[4119] [M]: 0x000000008002230C (0x0240006F) jal zero, 36
mem[X,0x0000000080022330] -> 0xB023
mem[X,0x0000000080022332] -> 0x0620
[4120] [M]: 0x0000000080022330 (0x0620B023) sd sp, 96(ra)
mem[0x000000008004FA38] <- 0x0000000000000001
mem[X,0x0000000080022334] -> 0x3537
mem[X,0x0000000080022336] -> 0x3333
[4121] [M]: 0x0000000080022334 (0x33333537) lui a0, 209715
x10 <- 0x0000000033333000
mem[X,0x0000000080022338] -> 0x0513
mem[X,0x000000008002233A] -> 0x3335
[4122] [M]: 0x0000000080022338 (0x33350513) addi a0, a0, 819
x10 <- 0x0000000033333333
mem[X,0x000000008002233C] -> 0x1513
mem[X,0x000000008002233E] -> 0x00B5
[4123] [M]: 0x000000008002233C (0x00B51513) slli a0, a0, 11
x10 <- 0x0000019999999800
mem[X,0x0000000080022340] -> 0x0513
mem[X,0x0000000080022342] -> 0x1995
[4124] [M]: 0x0000000080022340 (0x19950513) addi a0, a0, 409
x10 <- 0x0000019999999999
mem[X,0x0000000080022344] -> 0x1513
mem[X,0x0000000080022346] -> 0x00B5
[4125] [M]: 0x0000000080022344 (0x00B51513) slli a0, a0, 11
x10 <- 0x000CCCCCCCCCC800
mem[X,0x0000000080022348] -> 0x0513
mem[X,0x000000008002234A] -> 0x4CC5
[4126] [M]: 0x0000000080022348 (0x4CC50513) addi a0, a0, 1228
x10 <- 0x000CCCCCCCCCCCCC
mem[X,0x000000008002234C] -> 0x1513
mem[X,0x000000008002234E] -> 0x00A5
[4127] [M]: 0x000000008002234C (0x00A51513) slli a0, a0, 10
x10 <- 0x3333333333333000
mem[X,0x0000000080022350] -> 0x0513
mem[X,0x0000000080022352] -> 0x3335
[4128] [M]: 0x0000000080022350 (0x33350513) addi a0, a0, 819
x10 <- 0x3333333333333333
mem[X,0x0000000080022354] -> 0xB5B7
mem[X,0x0000000080022356] -> 0xAAAA
[4129] [M]: 0x0000000080022354 (0xAAAAB5B7) lui a1, 699051
x11 <- 0xFFFFFFFFAAAAB000
mem[X,0x0000000080022358] -> 0x8593
mem[X,0x000000008002235A] -> 0xAAA5
[4130] [M]: 0x0000000080022358 (0xAAA58593) addi a1, a1, 2730
x11 <- 0xFFFFFFFFAAAAAAAA
mem[X,0x000000008002235C] -> 0x9593
mem[X,0x000000008002235E] -> 0x00B5
[4131] [M]: 0x000000008002235C (0x00B59593) slli a1, a1, 11
x11 <- 0xFFFFFD5555555000
mem[X,0x0000000080022360] -> 0x8593
mem[X,0x0000000080022362] -> 0x5555
[4132] [M]: 0x0000000080022360 (0x55558593) addi a1, a1, 1365
x11 <- 0xFFFFFD5555555555
mem[X,0x0000000080022364] -> 0x9593
mem[X,0x0000000080022366] -> 0x00B5
[4133] [M]: 0x0000000080022364 (0x00B59593) slli a1, a1, 11
x11 <- 0xFFEAAAAAAAAAA800
mem[X,0x0000000080022368] -> 0x8593
mem[X,0x000000008002236A] -> 0x2AA5
[4134] [M]: 0x0000000080022368 (0x2AA58593) addi a1, a1, 682
x11 <- 0xFFEAAAAAAAAAAAAA
mem[X,0x000000008002236C] -> 0x9593
mem[X,0x000000008002236E] -> 0x00A5
[4135] [M]: 0x000000008002236C (0x00A59593) slli a1, a1, 10
x11 <- 0xAAAAAAAAAAAAA800
mem[X,0x0000000080022370] -> 0x8593
mem[X,0x0000000080022372] -> 0x2AB5
[4136] [M]: 0x0000000080022370 (0x2AB58593) addi a1, a1, 683
x11 <- 0xAAAAAAAAAAAAAAAB
mem[X,0x0000000080022374] -> 0x0113
mem[X,0x0000000080022376] -> 0x0000
[4137] [M]: 0x0000000080022374 (0x00000113) addi sp, zero, 0
x2 <- 0x0000000000000000
mem[X,0x0000000080022378] -> 0x006F
mem[X,0x000000008002237A] -> 0x00C0
[4138] [M]: 0x0000000080022378 (0x00C0006F) jal zero, 12
mem[X,0x0000000080022384] -> 0x4063
mem[X,0x0000000080022386] -> 0x40B5
[4139] [M]: 0x0000000080022384 (0x40B54063) blt a0, a1, 1024
mem[X,0x0000000080022388] -> 0x0113
mem[X,0x000000008002238A] -> 0x0021
[4140] [M]: 0x0000000080022388 (0x00210113) addi sp, sp, 2
x2 <- 0x0000000000000002
mem[X,0x000000008002238C] -> 0x006F
mem[X,0x000000008002238E] -> 0x4000
[4141] [M]: 0x000000008002238C (0x4000006F) jal zero, 1024
mem[X,0x000000008002278C] -> 0xB423
mem[X,0x000000008002278E] -> 0x0620
[4142] [M]: 0x000000008002278C (0x0620B423) sd sp, 104(ra)
mem[0x000000008004FA40] <- 0x0000000000000002
mem[X,0x0000000080022790] -> 0x3537
mem[X,0x0000000080022792] -> 0x3333
[4143] [M]: 0x0000000080022790 (0x33333537) lui a0, 209715
x10 <- 0x0000000033333000
mem[X,0x0000000080022794] -> 0x0513
mem[X,0x0000000080022796] -> 0x3335
[4144] [M]: 0x0000000080022794 (0x33350513) addi a0, a0, 819
x10 <- 0x0000000033333333
mem[X,0x0000000080022798] -> 0x1513
mem[X,0x000000008002279A] -> 0x00B5
[4145] [M]: 0x0000000080022798 (0x00B51513) slli a0, a0, 11
x10 <- 0x0000019999999800
mem[X,0x000000008002279C] -> 0x0513
mem[X,0x000000008002279E] -> 0x1995
[4146] [M]: 0x000000008002279C (0x19950513) addi a0, a0, 409
x10 <- 0x0000019999999999
mem[X,0x00000000800227A0] -> 0x1513
mem[X,0x00000000800227A2] -> 0x00B5
[4147] [M]: 0x00000000800227A0 (0x00B51513) slli a0, a0, 11
x10 <- 0x000CCCCCCCCCC800
mem[X,0x00000000800227A4] -> 0x0513
mem[X,0x00000000800227A6] -> 0x4CC5
[4148] [M]: 0x00000000800227A4 (0x4CC50513) addi a0, a0, 1228
x10 <- 0x000CCCCCCCCCCCCC
mem[X,0x00000000800227A8] -> 0x1513
mem[X,0x00000000800227AA] -> 0x00A5
[4149] [M]: 0x00000000800227A8 (0x00A51513) slli a0, a0, 10
x10 <- 0x3333333333333000
mem[X,0x00000000800227AC] -> 0x0513
mem[X,0x00000000800227AE] -> 0x3335
[4150] [M]: 0x00000000800227AC (0x33350513) addi a0, a0, 819
x10 <- 0x3333333333333333
mem[X,0x00000000800227B0] -> 0x0593
mem[X,0x00000000800227B2] -> 0x0060
[4151] [M]: 0x00000000800227B0 (0x00600593) addi a1, zero, 6
x11 <- 0x0000000000000006
mem[X,0x00000000800227B4] -> 0x0113
mem[X,0x00000000800227B6] -> 0x0000
[4152] [M]: 0x00000000800227B4 (0x00000113) addi sp, zero, 0
x2 <- 0x0000000000000000
mem[X,0x00000000800227B8] -> 0x006F
mem[X,0x00000000800227BA] -> 0x00C0
[4153] [M]: 0x00000000800227B8 (0x00C0006F) jal zero, 12
mem[X,0x00000000800227C4] -> 0x4CE3
mem[X,0x00000000800227C6] -> 0xFEB5
[4154] [M]: 0x00000000800227C4 (0xFEB54CE3) blt a0, a1, 8184
mem[X,0x00000000800227C8] -> 0x0113
mem[X,0x00000000800227CA] -> 0x0021
[4155] [M]: 0x00000000800227C8 (0x00210113) addi sp, sp, 2
x2 <- 0x0000000000000002
mem[X,0x00000000800227CC] -> 0x006F
mem[X,0x00000000800227CE] -> 0x00C0
[4156] [M]: 0x00000000800227CC (0x00C0006F) jal zero, 12
mem[X,0x00000000800227D8] -> 0xB823
mem[X,0x00000000800227DA] -> 0x0620
[4157] [M]: 0x00000000800227D8 (0x0620B823) sd sp, 112(ra)
mem[0x000000008004FA48] <- 0x0000000000000002
mem[X,0x00000000800227DC] -> 0x3537
mem[X,0x00000000800227DE] -> 0x3333
[4158] [M]: 0x00000000800227DC (0x33333537) lui a0, 209715
x10 <- 0x0000000033333000
mem[X,0x00000000800227E0] -> 0x0513
mem[X,0x00000000800227E2] -> 0x3335
[4159] [M]: 0x00000000800227E0 (0x33350513) addi a0, a0, 819
x10 <- 0x0000000033333333
mem[X,0x00000000800227E4] -> 0x1513
mem[X,0x00000000800227E6] -> 0x00B5
[4160] [M]: 0x00000000800227E4 (0x00B51513) slli a0, a0, 11
x10 <- 0x0000019999999800
mem[X,0x00000000800227E8] -> 0x0513
mem[X,0x00000000800227EA] -> 0x1995
[4161] [M]: 0x00000000800227E8 (0x19950513) addi a0, a0, 409
x10 <- 0x0000019999999999
mem[X,0x00000000800227EC] -> 0x1513
mem[X,0x00000000800227EE] -> 0x00B5
[4162] [M]: 0x00000000800227EC (0x00B51513) slli a0, a0, 11
x10 <- 0x000CCCCCCCCCC800
mem[X,0x00000000800227F0] -> 0x0513
mem[X,0x00000000800227F2] -> 0x4CC5
[4163] [M]: 0x00000000800227F0 (0x4CC50513) addi a0, a0, 1228
x10 <- 0x000CCCCCCCCCCCCC
mem[X,0x00000000800227F4] -> 0x1513
mem[X,0x00000000800227F6] -> 0x00A5
[4164] [M]: 0x00000000800227F4 (0x00A51513) slli a0, a0, 10
x10 <- 0x3333333333333000
mem[X,0x00000000800227F8] -> 0x0513
mem[X,0x00000000800227FA] -> 0x3335
[4165] [M]: 0x00000000800227F8 (0x33350513) addi a0, a0, 819
x10 <- 0x3333333333333333
mem[X,0x00000000800227FC] -> 0x35B7
mem[X,0x00000000800227FE] -> 0x3333
[4166] [M]: 0x00000000800227FC (0x333335B7) lui a1, 209715
x11 <- 0x0000000033333000
mem[X,0x0000000080022800] -> 0x8593
mem[X,0x0000000080022802] -> 0x3335
[4167] [M]: 0x0000000080022800 (0x33358593) addi a1, a1, 819
x11 <- 0x0000000033333333
mem[X,0x0000000080022804] -> 0x9593
mem[X,0x0000000080022806] -> 0x00B5
[4168] [M]: 0x0000000080022804 (0x00B59593) slli a1, a1, 11
x11 <- 0x0000019999999800
mem[X,0x0000000080022808] -> 0x8593
mem[X,0x000000008002280A] -> 0x1995
[4169] [M]: 0x0000000080022808 (0x19958593) addi a1, a1, 409
x11 <- 0x0000019999999999
mem[X,0x000000008002280C] -> 0x9593
mem[X,0x000000008002280E] -> 0x00B5
[4170] [M]: 0x000000008002280C (0x00B59593) slli a1, a1, 11
x11 <- 0x000CCCCCCCCCC800
mem[X,0x0000000080022810] -> 0x8593
mem[X,0x0000000080022812] -> 0x4CC5
[4171] [M]: 0x0000000080022810 (0x4CC58593) addi a1, a1, 1228
x11 <- 0x000CCCCCCCCCCCCC
mem[X,0x0000000080022814] -> 0x9593
mem[X,0x0000000080022816] -> 0x00A5
[4172] [M]: 0x0000000080022814 (0x00A59593) slli a1, a1, 10
x11 <- 0x3333333333333000
mem[X,0x0000000080022818] -> 0x8593
mem[X,0x000000008002281A] -> 0x3345
[4173] [M]: 0x0000000080022818 (0x33458593) addi a1, a1, 820
x11 <- 0x3333333333333334
mem[X,0x000000008002281C] -> 0x0113
mem[X,0x000000008002281E] -> 0x0000
[4174] [M]: 0x000000008002281C (0x00000113) addi sp, zero, 0
x2 <- 0x0000000000000000
mem[X,0x0000000080022820] -> 0x006F
mem[X,0x0000000080022822] -> 0x00C0
[4175] [M]: 0x0000000080022820 (0x00C0006F) jal zero, 12
mem[X,0x000000008002282C] -> 0x4063
mem[X,0x000000008002282E] -> 0x08B5
[4176] [M]: 0x000000008002282C (0x08B54063) blt a0, a1, 128
mem[X,0x00000000800228AC] -> 0x0113
mem[X,0x00000000800228AE] -> 0x0031
[4177] [M]: 0x00000000800228AC (0x00310113) addi sp, sp, 3
x2 <- 0x0000000000000003
mem[X,0x00000000800228B0] -> 0x006F
mem[X,0x00000000800228B2] -> 0x0040
[4178] [M]: 0x00000000800228B0 (0x0040006F) jal zero, 4
mem[X,0x00000000800228B4] -> 0xBC23
mem[X,0x00000000800228B6] -> 0x0620
[4179] [M]: 0x00000000800228B4 (0x0620BC23) sd sp, 120(ra)
mem[0x000000008004FA50] <- 0x0000000000000003
mem[X,0x00000000800228B8] -> 0x3537
mem[X,0x00000000800228BA] -> 0x3333
[4180] [M]: 0x00000000800228B8 (0x33333537) lui a0, 209715
x10 <- 0x0000000033333000
mem[X,0x00000000800228BC] -> 0x0513
mem[X,0x00000000800228BE] -> 0x3335
[4181] [M]: 0x00000000800228BC (0x33350513) addi a0, a0, 819
x10 <- 0x0000000033333333
mem[X,0x00000000800228C0] -> 0x1513
mem[X,0x00000000800228C2] -> 0x00B5
[4182] [M]: 0x00000000800228C0 (0x00B51513) slli a0, a0, 11
x10 <- 0x0000019999999800
mem[X,0x00000000800228C4] -> 0x0513
mem[X,0x00000000800228C6] -> 0x1995
[4183] [M]: 0x00000000800228C4 (0x19950513) addi a0, a0, 409
x10 <- 0x0000019999999999
mem[X,0x00000000800228C8] -> 0x1513
mem[X,0x00000000800228CA] -> 0x00B5
[4184] [M]: 0x00000000800228C8 (0x00B51513) slli a0, a0, 11
x10 <- 0x000CCCCCCCCCC800
mem[X,0x00000000800228CC] -> 0x0513
mem[X,0x00000000800228CE] -> 0x4CC5
[4185] [M]: 0x00000000800228CC (0x4CC50513) addi a0, a0, 1228
x10 <- 0x000CCCCCCCCCCCCC
mem[X,0x00000000800228D0] -> 0x1513
mem[X,0x00000000800228D2] -> 0x00A5
[4186] [M]: 0x00000000800228D0 (0x00A51513) slli a0, a0, 10
x10 <- 0x3333333333333000
mem[X,0x00000000800228D4] -> 0x0513
mem[X,0x00000000800228D6] -> 0x3335
[4187] [M]: 0x00000000800228D4 (0x33350513) addi a0, a0, 819
x10 <- 0x3333333333333333
mem[X,0x00000000800228D8] -> 0x65B7
mem[X,0x00000000800228DA] -> 0x6666
[4188] [M]: 0x00000000800228D8 (0x666665B7) lui a1, 419430
x11 <- 0x0000000066666000
mem[X,0x00000000800228DC] -> 0x8593
mem[X,0x00000000800228DE] -> 0x6665
[4189] [M]: 0x00000000800228DC (0x66658593) addi a1, a1, 1638
x11 <- 0x0000000066666666
mem[X,0x00000000800228E0] -> 0x9593
mem[X,0x00000000800228E2] -> 0x00B5
[4190] [M]: 0x00000000800228E0 (0x00B59593) slli a1, a1, 11
x11 <- 0x0000033333333000
mem[X,0x00000000800228E4] -> 0x8593
mem[X,0x00000000800228E6] -> 0x3335
[4191] [M]: 0x00000000800228E4 (0x33358593) addi a1, a1, 819
x11 <- 0x0000033333333333
mem[X,0x00000000800228E8] -> 0x9593
mem[X,0x00000000800228EA] -> 0x00B5
[4192] [M]: 0x00000000800228E8 (0x00B59593) slli a1, a1, 11
x11 <- 0x0019999999999800
mem[X,0x00000000800228EC] -> 0x8593
mem[X,0x00000000800228EE] -> 0x1995
[4193] [M]: 0x00000000800228EC (0x19958593) addi a1, a1, 409
x11 <- 0x0019999999999999
mem[X,0x00000000800228F0] -> 0x9593
mem[X,0x00000000800228F2] -> 0x00A5
[4194] [M]: 0x00000000800228F0 (0x00A59593) slli a1, a1, 10
x11 <- 0x6666666666666400
mem[X,0x00000000800228F4] -> 0x8593
mem[X,0x00000000800228F6] -> 0x2675
[4195] [M]: 0x00000000800228F4 (0x26758593) addi a1, a1, 615
x11 <- 0x6666666666666667
mem[X,0x00000000800228F8] -> 0x0113
mem[X,0x00000000800228FA] -> 0x0000
[4196] [M]: 0x00000000800228F8 (0x00000113) addi sp, zero, 0
x2 <- 0x0000000000000000
mem[X,0x00000000800228FC] -> 0x006F
mem[X,0x00000000800228FE] -> 0x00C0
[4197] [M]: 0x00000000800228FC (0x00C0006F) jal zero, 12
mem[X,0x0000000080022908] -> 0x4663
mem[X,0x000000008002290A] -> 0x00B5
[4198] [M]: 0x0000000080022908 (0x00B54663) blt a0, a1, 12
mem[X,0x0000000080022914] -> 0x0113
mem[X,0x0000000080022916] -> 0x0031
[4199] [M]: 0x0000000080022914 (0x00310113) addi sp, sp, 3
x2 <- 0x0000000000000003
clint::tick mtime <- 0x000000000000002A
 clint timer pending at mtime 0x000000000000002A
htif::tick 0x0000000000000000
mem[X,0x0000000080022918] -> 0x006F
mem[X,0x000000008002291A] -> 0x0040
[4200] [M]: 0x0000000080022918 (0x0040006F) jal zero, 4
mem[X,0x000000008002291C] -> 0xB023
mem[X,0x000000008002291E] -> 0x0820
[4201] [M]: 0x000000008002291C (0x0820B023) sd sp, 128(ra)
mem[0x000000008004FA58] <- 0x0000000000000003
mem[X,0x0000000080022920] -> 0x3537
mem[X,0x0000000080022922] -> 0x3333
[4202] [M]: 0x0000000080022920 (0x33333537) lui a0, 209715
x10 <- 0x0000000033333000
mem[X,0x0000000080022924] -> 0x0513
mem[X,0x0000000080022926] -> 0x3335
[4203] [M]: 0x0000000080022924 (0x33350513) addi a0, a0, 819
x10 <- 0x0000000033333333
mem[X,0x0000000080022928] -> 0x1513
mem[X,0x000000008002292A] -> 0x00B5
[4204] [M]: 0x0000000080022928 (0x00B51513) slli a0, a0, 11
x10 <- 0x0000019999999800
mem[X,0x000000008002292C] -> 0x0513
mem[X,0x000000008002292E] -> 0x1995
[4205] [M]: 0x000000008002292C (0x19950513) addi a0, a0, 409
x10 <- 0x0000019999999999
mem[X,0x0000000080022930] -> 0x1513
mem[X,0x0000000080022932] -> 0x00B5
[4206] [M]: 0x0000000080022930 (0x00B51513) slli a0, a0, 11
x10 <- 0x000CCCCCCCCCC800
mem[X,0x0000000080022934] -> 0x0513
mem[X,0x0000000080022936] -> 0x4CC5
[4207] [M]: 0x0000000080022934 (0x4CC50513) addi a0, a0, 1228
x10 <- 0x000CCCCCCCCCCCCC
mem[X,0x0000000080022938] -> 0x1513
mem[X,0x000000008002293A] -> 0x00A5
[4208] [M]: 0x0000000080022938 (0x00A51513) slli a0, a0, 10
x10 <- 0x3333333333333000
mem[X,0x000000008002293C] -> 0x0513
mem[X,0x000000008002293E] -> 0x3335
[4209] [M]: 0x000000008002293C (0x33350513) addi a0, a0, 819
x10 <- 0x3333333333333333
mem[X,0x0000000080022940] -> 0x05B7
mem[X,0x0000000080022942] -> 0x0000
[4210] [M]: 0x0000000080022940 (0x000005B7) lui a1, 0
x11 <- 0x0000000000000000
mem[X,0x0000000080022944] -> 0x8593
mem[X,0x0000000080022946] -> 0xFFF5
[4211] [M]: 0x0000000080022944 (0xFFF58593) addi a1, a1, 4095
x11 <- 0xFFFFFFFFFFFFFFFF
mem[X,0x0000000080022948] -> 0x9593
mem[X,0x000000008002294A] -> 0x00B5
[4212] [M]: 0x0000000080022948 (0x00B59593) slli a1, a1, 11
x11 <- 0xFFFFFFFFFFFFF800
mem[X,0x000000008002294C] -> 0x8593
mem[X,0x000000008002294E] -> 0x2575
[4213] [M]: 0x000000008002294C (0x25758593) addi a1, a1, 599
x11 <- 0xFFFFFFFFFFFFFA57
mem[X,0x0000000080022950] -> 0x9593
mem[X,0x0000000080022952] -> 0x00B5
[4214] [M]: 0x0000000080022950 (0x00B59593) slli a1, a1, 11
x11 <- 0xFFFFFFFFFFD2B800
mem[X,0x0000000080022954] -> 0x8593
mem[X,0x0000000080022956] -> 0x6C35
[4215] [M]: 0x0000000080022954 (0x6C358593) addi a1, a1, 1731
x11 <- 0xFFFFFFFFFFD2BEC3
mem[X,0x0000000080022958] -> 0x9593
mem[X,0x000000008002295A] -> 0x00A5
[4216] [M]: 0x0000000080022958 (0x00A59593) slli a1, a1, 10
x11 <- 0xFFFFFFFF4AFB0C00
mem[X,0x000000008002295C] -> 0x8593
mem[X,0x000000008002295E] -> 0x0CE5
[4217] [M]: 0x000000008002295C (0x0CE58593) addi a1, a1, 206
x11 <- 0xFFFFFFFF4AFB0CCE
mem[X,0x0000000080022960] -> 0x0113
mem[X,0x0000000080022962] -> 0x0000
[4218] [M]: 0x0000000080022960 (0x00000113) addi sp, zero, 0
x2 <- 0x0000000000000000
mem[X,0x0000000080022964] -> 0x006F
mem[X,0x0000000080022966] -> 0x00C0
[4219] [M]: 0x0000000080022964 (0x00C0006F) jal zero, 12
mem[X,0x0000000080022970] -> 0x4863
mem[X,0x0000000080022972] -> 0x00B5
[4220] [M]: 0x0000000080022970 (0x00B54863) blt a0, a1, 16
mem[X,0x0000000080022974] -> 0x0113
mem[X,0x0000000080022976] -> 0x0021
[4221] [M]: 0x0000000080022974 (0x00210113) addi sp, sp, 2
x2 <- 0x0000000000000002
mem[X,0x0000000080022978] -> 0x006F
mem[X,0x000000008002297A] -> 0x0100
[4222] [M]: 0x0000000080022978 (0x0100006F) jal zero, 16
mem[X,0x0000000080022988] -> 0xB423
mem[X,0x000000008002298A] -> 0x0820
[4223] [M]: 0x0000000080022988 (0x0820B423) sd sp, 136(ra)
mem[0x000000008004FA60] <- 0x0000000000000002
mem[X,0x000000008002298C] -> 0x3537
mem[X,0x000000008002298E] -> 0x3333
[4224] [M]: 0x000000008002298C (0x33333537) lui a0, 209715
x10 <- 0x0000000033333000
mem[X,0x0000000080022990] -> 0x0513
mem[X,0x0000000080022992] -> 0x3335
[4225] [M]: 0x0000000080022990 (0x33350513) addi a0, a0, 819
x10 <- 0x0000000033333333
mem[X,0x0000000080022994] -> 0x1513
mem[X,0x0000000080022996] -> 0x00B5
[4226] [M]: 0x0000000080022994 (0x00B51513) slli a0, a0, 11
x10 <- 0x0000019999999800
mem[X,0x0000000080022998] -> 0x0513
mem[X,0x000000008002299A] -> 0x1995
[4227] [M]: 0x0000000080022998 (0x19950513) addi a0, a0, 409
x10 <- 0x0000019999999999
mem[X,0x000000008002299C] -> 0x1513
mem[X,0x000000008002299E] -> 0x00B5
[4228] [M]: 0x000000008002299C (0x00B51513) slli a0, a0, 11
x10 <- 0x000CCCCCCCCCC800
mem[X,0x00000000800229A0] -> 0x0513
mem[X,0x00000000800229A2] -> 0x4CC5
[4229] [M]: 0x00000000800229A0 (0x4CC50513) addi a0, a0, 1228
x10 <- 0x000CCCCCCCCCCCCC
mem[X,0x00000000800229A4] -> 0x1513
mem[X,0x00000000800229A6] -> 0x00A5
[4230] [M]: 0x00000000800229A4 (0x00A51513) slli a0, a0, 10
x10 <- 0x3333333333333000
mem[X,0x00000000800229A8] -> 0x0513
mem[X,0x00000000800229AA] -> 0x3335
[4231] [M]: 0x00000000800229A8 (0x33350513) addi a0, a0, 819
x10 <- 0x3333333333333333
mem[X,0x00000000800229AC] -> 0x05B7
mem[X,0x00000000800229AE] -> 0x0000
[4232] [M]: 0x00000000800229AC (0x000005B7) lui a1, 0
x11 <- 0x0000000000000000
mem[X,0x00000000800229B0] -> 0x8593
mem[X,0x00000000800229B2] -> 0x0005
[4233] [M]: 0x00000000800229B0 (0x00058593) addi a1, a1, 0
x11 <- 0x0000000000000000
mem[X,0x00000000800229B4] -> 0x9593
mem[X,0x00000000800229B6] -> 0x00B5
[4234] [M]: 0x00000000800229B4 (0x00B59593) slli a1, a1, 11
x11 <- 0x0000000000000000
mem[X,0x00000000800229B8] -> 0x8593
mem[X,0x00000000800229BA] -> 0x5A85
[4235] [M]: 0x00000000800229B8 (0x5A858593) addi a1, a1, 1448
x11 <- 0x00000000000005A8
mem[X,0x00000000800229BC] -> 0x9593
mem[X,0x00000000800229BE] -> 0x00B5
[4236] [M]: 0x00000000800229BC (0x00B59593) slli a1, a1, 11
x11 <- 0x00000000002D4000
mem[X,0x00000000800229C0] -> 0x8593
mem[X,0x00000000800229C2] -> 0x13C5
[4237] [M]: 0x00000000800229C0 (0x13C58593) addi a1, a1, 316
x11 <- 0x00000000002D413C
mem[X,0x00000000800229C4] -> 0x9593
mem[X,0x00000000800229C6] -> 0x00A5
[4238] [M]: 0x00000000800229C4 (0x00A59593) slli a1, a1, 10
x11 <- 0x00000000B504F000
mem[X,0x00000000800229C8] -> 0x8593
mem[X,0x00000000800229CA] -> 0x3345
[4239] [M]: 0x00000000800229C8 (0x33458593) addi a1, a1, 820
x11 <- 0x00000000B504F334
mem[X,0x00000000800229CC] -> 0x0113
mem[X,0x00000000800229CE] -> 0x0000
[4240] [M]: 0x00000000800229CC (0x00000113) addi sp, zero, 0
x2 <- 0x0000000000000000
mem[X,0x00000000800229D0] -> 0x006F
mem[X,0x00000000800229D2] -> 0x00C0
[4241] [M]: 0x00000000800229D0 (0x00C0006F) jal zero, 12
mem[X,0x00000000800229DC] -> 0x4CE3
mem[X,0x00000000800229DE] -> 0xFEB5
[4242] [M]: 0x00000000800229DC (0xFEB54CE3) blt a0, a1, 8184
mem[X,0x00000000800229E0] -> 0x0113
mem[X,0x00000000800229E2] -> 0x0021
[4243] [M]: 0x00000000800229E0 (0x00210113) addi sp, sp, 2
x2 <- 0x0000000000000002
mem[X,0x00000000800229E4] -> 0x006F
mem[X,0x00000000800229E6] -> 0x00C0
[4244] [M]: 0x00000000800229E4 (0x00C0006F) jal zero, 12
mem[X,0x00000000800229F0] -> 0xB823
mem[X,0x00000000800229F2] -> 0x0820
[4245] [M]: 0x00000000800229F0 (0x0820B823) sd sp, 144(ra)
mem[0x000000008004FA68] <- 0x0000000000000002
mem[X,0x00000000800229F4] -> 0x6537
mem[X,0x00000000800229F6] -> 0x6666
[4246] [M]: 0x00000000800229F4 (0x66666537) lui a0, 419430
x10 <- 0x0000000066666000
mem[X,0x00000000800229F8] -> 0x0513
mem[X,0x00000000800229FA] -> 0x6665
[4247] [M]: 0x00000000800229F8 (0x66650513) addi a0, a0, 1638
x10 <- 0x0000000066666666
mem[X,0x00000000800229FC] -> 0x1513
mem[X,0x00000000800229FE] -> 0x00B5
[4248] [M]: 0x00000000800229FC (0x00B51513) slli a0, a0, 11
x10 <- 0x0000033333333000
mem[X,0x0000000080022A00] -> 0x0513
mem[X,0x0000000080022A02] -> 0x3335
[4249] [M]: 0x0000000080022A00 (0x33350513) addi a0, a0, 819
x10 <- 0x0000033333333333
mem[X,0x0000000080022A04] -> 0x1513
mem[X,0x0000000080022A06] -> 0x00B5
[4250] [M]: 0x0000000080022A04 (0x00B51513) slli a0, a0, 11
x10 <- 0x0019999999999800
mem[X,0x0000000080022A08] -> 0x0513
mem[X,0x0000000080022A0A] -> 0x1995
[4251] [M]: 0x0000000080022A08 (0x19950513) addi a0, a0, 409
x10 <- 0x0019999999999999
mem[X,0x0000000080022A0C] -> 0x1513
mem[X,0x0000000080022A0E] -> 0x00A5
[4252] [M]: 0x0000000080022A0C (0x00A51513) slli a0, a0, 10
x10 <- 0x6666666666666400
mem[X,0x0000000080022A10] -> 0x0513
mem[X,0x0000000080022A12] -> 0x2665
[4253] [M]: 0x0000000080022A10 (0x26650513) addi a0, a0, 614
x10 <- 0x6666666666666666
mem[X,0x0000000080022A14] -> 0x0593
mem[X,0x0000000080022A16] -> 0x0030
[4254] [M]: 0x0000000080022A14 (0x00300593) addi a1, zero, 3
x11 <- 0x0000000000000003
mem[X,0x0000000080022A18] -> 0x0113
mem[X,0x0000000080022A1A] -> 0x0000
[4255] [M]: 0x0000000080022A18 (0x00000113) addi sp, zero, 0
x2 <- 0x0000000000000000
mem[X,0x0000000080022A1C] -> 0x006F
mem[X,0x0000000080022A1E] -> 0x00C0
[4256] [M]: 0x0000000080022A1C (0x00C0006F) jal zero, 12
mem[X,0x0000000080022A28] -> 0x4CE3
mem[X,0x0000000080022A2A] -> 0xFEB5
[4257] [M]: 0x0000000080022A28 (0xFEB54CE3) blt a0, a1, 8184
mem[X,0x0000000080022A2C] -> 0x0113
mem[X,0x0000000080022A2E] -> 0x0021
[4258] [M]: 0x0000000080022A2C (0x00210113) addi sp, sp, 2
x2 <- 0x0000000000000002
mem[X,0x0000000080022A30] -> 0x006F
mem[X,0x0000000080022A32] -> 0x00C0
[4259] [M]: 0x0000000080022A30 (0x00C0006F) jal zero, 12
mem[X,0x0000000080022A3C] -> 0xBC23
mem[X,0x0000000080022A3E] -> 0x0820
[4260] [M]: 0x0000000080022A3C (0x0820BC23) sd sp, 152(ra)
mem[0x000000008004FA70] <- 0x0000000000000002
mem[X,0x0000000080022A40] -> 0x6537
mem[X,0x0000000080022A42] -> 0x6666
[4261] [M]: 0x0000000080022A40 (0x66666537) lui a0, 419430
x10 <- 0x0000000066666000
mem[X,0x0000000080022A44] -> 0x0513
mem[X,0x0000000080022A46] -> 0x6665
[4262] [M]: 0x0000000080022A44 (0x66650513) addi a0, a0, 1638
x10 <- 0x0000000066666666
mem[X,0x0000000080022A48] -> 0x1513
mem[X,0x0000000080022A4A] -> 0x00B5
[4263] [M]: 0x0000000080022A48 (0x00B51513) slli a0, a0, 11
x10 <- 0x0000033333333000
mem[X,0x0000000080022A4C] -> 0x0513
mem[X,0x0000000080022A4E] -> 0x3335
[4264] [M]: 0x0000000080022A4C (0x33350513) addi a0, a0, 819
x10 <- 0x0000033333333333
mem[X,0x0000000080022A50] -> 0x1513
mem[X,0x0000000080022A52] -> 0x00B5
[4265] [M]: 0x0000000080022A50 (0x00B51513) slli a0, a0, 11
x10 <- 0x0019999999999800
mem[X,0x0000000080022A54] -> 0x0513
mem[X,0x0000000080022A56] -> 0x1995
[4266] [M]: 0x0000000080022A54 (0x19950513) addi a0, a0, 409
x10 <- 0x0019999999999999
mem[X,0x0000000080022A58] -> 0x1513
mem[X,0x0000000080022A5A] -> 0x00A5
[4267] [M]: 0x0000000080022A58 (0x00A51513) slli a0, a0, 10
x10 <- 0x6666666666666400
mem[X,0x0000000080022A5C] -> 0x0513
mem[X,0x0000000080022A5E] -> 0x2665
[4268] [M]: 0x0000000080022A5C (0x26650513) addi a0, a0, 614
x10 <- 0x6666666666666666
mem[X,0x0000000080022A60] -> 0x55B7
mem[X,0x0000000080022A62] -> 0x5555
[4269] [M]: 0x0000000080022A60 (0x555555B7) lui a1, 349525
x11 <- 0x0000000055555000
mem[X,0x0000000080022A64] -> 0x8593
mem[X,0x0000000080022A66] -> 0x5555
[4270] [M]: 0x0000000080022A64 (0x55558593) addi a1, a1, 1365
x11 <- 0x0000000055555555
mem[X,0x0000000080022A68] -> 0x9593
mem[X,0x0000000080022A6A] -> 0x00B5
[4271] [M]: 0x0000000080022A68 (0x00B59593) slli a1, a1, 11
x11 <- 0x000002AAAAAAA800
mem[X,0x0000000080022A6C] -> 0x8593
mem[X,0x0000000080022A6E] -> 0x2AA5
[4272] [M]: 0x0000000080022A6C (0x2AA58593) addi a1, a1, 682
x11 <- 0x000002AAAAAAAAAA
mem[X,0x0000000080022A70] -> 0x9593
mem[X,0x0000000080022A72] -> 0x00B5
[4273] [M]: 0x0000000080022A70 (0x00B59593) slli a1, a1, 11
x11 <- 0x0015555555555000
mem[X,0x0000000080022A74] -> 0x8593
mem[X,0x0000000080022A76] -> 0x5555
[4274] [M]: 0x0000000080022A74 (0x55558593) addi a1, a1, 1365
x11 <- 0x0015555555555555
mem[X,0x0000000080022A78] -> 0x9593
mem[X,0x0000000080022A7A] -> 0x00A5
[4275] [M]: 0x0000000080022A78 (0x00A59593) slli a1, a1, 10
x11 <- 0x5555555555555400
mem[X,0x0000000080022A7C] -> 0x8593
mem[X,0x0000000080022A7E] -> 0x1555
[4276] [M]: 0x0000000080022A7C (0x15558593) addi a1, a1, 341
x11 <- 0x5555555555555555
mem[X,0x0000000080022A80] -> 0x0113
mem[X,0x0000000080022A82] -> 0x0000
[4277] [M]: 0x0000000080022A80 (0x00000113) addi sp, zero, 0
x2 <- 0x0000000000000000
mem[X,0x0000000080022A84] -> 0x006F
mem[X,0x0000000080022A86] -> 0x00C0
[4278] [M]: 0x0000000080022A84 (0x00C0006F) jal zero, 12
mem[X,0x0000000080022A90] -> 0x4663
mem[X,0x0000000080022A92] -> 0x00B5
[4279] [M]: 0x0000000080022A90 (0x00B54663) blt a0, a1, 12
mem[X,0x0000000080022A94] -> 0x0113
mem[X,0x0000000080022A96] -> 0x0021
[4280] [M]: 0x0000000080022A94 (0x00210113) addi sp, sp, 2
x2 <- 0x0000000000000002
mem[X,0x0000000080022A98] -> 0x006F
mem[X,0x0000000080022A9A] -> 0x00C0
[4281] [M]: 0x0000000080022A98 (0x00C0006F) jal zero, 12
mem[X,0x0000000080022AA4] -> 0xB023
mem[X,0x0000000080022AA6] -> 0x0A20
[4282] [M]: 0x0000000080022AA4 (0x0A20B023) sd sp, 160(ra)
mem[0x000000008004FA78] <- 0x0000000000000002
mem[X,0x0000000080022AA8] -> 0x6537
mem[X,0x0000000080022AAA] -> 0x6666
[4283] [M]: 0x0000000080022AA8 (0x66666537) lui a0, 419430
x10 <- 0x0000000066666000
mem[X,0x0000000080022AAC] -> 0x0513
mem[X,0x0000000080022AAE] -> 0x6665
[4284] [M]: 0x0000000080022AAC (0x66650513) addi a0, a0, 1638
x10 <- 0x0000000066666666
mem[X,0x0000000080022AB0] -> 0x1513
mem[X,0x0000000080022AB2] -> 0x00B5
[4285] [M]: 0x0000000080022AB0 (0x00B51513) slli a0, a0, 11
x10 <- 0x0000033333333000
mem[X,0x0000000080022AB4] -> 0x0513
mem[X,0x0000000080022AB6] -> 0x3335
[4286] [M]: 0x0000000080022AB4 (0x33350513) addi a0, a0, 819
x10 <- 0x0000033333333333
mem[X,0x0000000080022AB8] -> 0x1513
mem[X,0x0000000080022ABA] -> 0x00B5
[4287] [M]: 0x0000000080022AB8 (0x00B51513) slli a0, a0, 11
x10 <- 0x0019999999999800
mem[X,0x0000000080022ABC] -> 0x0513
mem[X,0x0000000080022ABE] -> 0x1995
[4288] [M]: 0x0000000080022ABC (0x19950513) addi a0, a0, 409
x10 <- 0x0019999999999999
mem[X,0x0000000080022AC0] -> 0x1513
mem[X,0x0000000080022AC2] -> 0x00A5
[4289] [M]: 0x0000000080022AC0 (0x00A51513) slli a0, a0, 10
x10 <- 0x6666666666666400
mem[X,0x0000000080022AC4] -> 0x0513
mem[X,0x0000000080022AC6] -> 0x2665
[4290] [M]: 0x0000000080022AC4 (0x26650513) addi a0, a0, 614
x10 <- 0x6666666666666666
mem[X,0x0000000080022AC8] -> 0xB5B7
mem[X,0x0000000080022ACA] -> 0xAAAA
[4291] [M]: 0x0000000080022AC8 (0xAAAAB5B7) lui a1, 699051
x11 <- 0xFFFFFFFFAAAAB000
mem[X,0x0000000080022ACC] -> 0x8593
mem[X,0x0000000080022ACE] -> 0xAAA5
[4292] [M]: 0x0000000080022ACC (0xAAA58593) addi a1, a1, 2730
x11 <- 0xFFFFFFFFAAAAAAAA
mem[X,0x0000000080022AD0] -> 0x9593
mem[X,0x0000000080022AD2] -> 0x00B5
[4293] [M]: 0x0000000080022AD0 (0x00B59593) slli a1, a1, 11
x11 <- 0xFFFFFD5555555000
mem[X,0x0000000080022AD4] -> 0x8593
mem[X,0x0000000080022AD6] -> 0x5555
[4294] [M]: 0x0000000080022AD4 (0x55558593) addi a1, a1, 1365
x11 <- 0xFFFFFD5555555555
mem[X,0x0000000080022AD8] -> 0x9593
mem[X,0x0000000080022ADA] -> 0x00B5
[4295] [M]: 0x0000000080022AD8 (0x00B59593) slli a1, a1, 11
x11 <- 0xFFEAAAAAAAAAA800
mem[X,0x0000000080022ADC] -> 0x8593
mem[X,0x0000000080022ADE] -> 0x2AA5
[4296] [M]: 0x0000000080022ADC (0x2AA58593) addi a1, a1, 682
x11 <- 0xFFEAAAAAAAAAAAAA
mem[X,0x0000000080022AE0] -> 0x9593
mem[X,0x0000000080022AE2] -> 0x00A5
[4297] [M]: 0x0000000080022AE0 (0x00A59593) slli a1, a1, 10
x11 <- 0xAAAAAAAAAAAAA800
mem[X,0x0000000080022AE4] -> 0x8593
mem[X,0x0000000080022AE6] -> 0x2AA5
[4298] [M]: 0x0000000080022AE4 (0x2AA58593) addi a1, a1, 682
x11 <- 0xAAAAAAAAAAAAAAAA
mem[X,0x0000000080022AE8] -> 0x0113
mem[X,0x0000000080022AEA] -> 0x0000
[4299] [M]: 0x0000000080022AE8 (0x00000113) addi sp, zero, 0
x2 <- 0x0000000000000000
clint::tick mtime <- 0x000000000000002B
 clint timer pending at mtime 0x000000000000002B
htif::tick 0x0000000000000000
mem[X,0x0000000080022AEC] -> 0x006F
mem[X,0x0000000080022AEE] -> 0x2B10
[4300] [M]: 0x0000000080022AEC (0x2B10006F) jal zero, 2736
mem[X,0x000000008002359C] -> 0x4A63
mem[X,0x000000008002359E] -> 0xD4B5
[4301] [M]: 0x000000008002359C (0xD4B54A63) blt a0, a1, 5460
mem[X,0x00000000800235A0] -> 0x0113
mem[X,0x00000000800235A2] -> 0x0021
[4302] [M]: 0x00000000800235A0 (0x00210113) addi sp, sp, 2
x2 <- 0x0000000000000002
mem[X,0x00000000800235A4] -> 0x006F
mem[X,0x00000000800235A6] -> 0x00C0
[4303] [M]: 0x00000000800235A4 (0x00C0006F) jal zero, 12
mem[X,0x00000000800235B0] -> 0xB423
mem[X,0x00000000800235B2] -> 0x0A20
[4304] [M]: 0x00000000800235B0 (0x0A20B423) sd sp, 168(ra)
mem[0x000000008004FA80] <- 0x0000000000000002
mem[X,0x00000000800235B4] -> 0x6537
mem[X,0x00000000800235B6] -> 0x6666
[4305] [M]: 0x00000000800235B4 (0x66666537) lui a0, 419430
x10 <- 0x0000000066666000
mem[X,0x00000000800235B8] -> 0x0513
mem[X,0x00000000800235BA] -> 0x6665
[4306] [M]: 0x00000000800235B8 (0x66650513) addi a0, a0, 1638
x10 <- 0x0000000066666666
mem[X,0x00000000800235BC] -> 0x1513
mem[X,0x00000000800235BE] -> 0x00B5
[4307] [M]: 0x00000000800235BC (0x00B51513) slli a0, a0, 11
x10 <- 0x0000033333333000
mem[X,0x00000000800235C0] -> 0x0513
mem[X,0x00000000800235C2] -> 0x3335
[4308] [M]: 0x00000000800235C0 (0x33350513) addi a0, a0, 819
x10 <- 0x0000033333333333
mem[X,0x00000000800235C4] -> 0x1513
mem[X,0x00000000800235C6] -> 0x00B5
[4309] [M]: 0x00000000800235C4 (0x00B51513) slli a0, a0, 11
x10 <- 0x0019999999999800
mem[X,0x00000000800235C8] -> 0x0513
mem[X,0x00000000800235CA] -> 0x1995
[4310] [M]: 0x00000000800235C8 (0x19950513) addi a0, a0, 409
x10 <- 0x0019999999999999
mem[X,0x00000000800235CC] -> 0x1513
mem[X,0x00000000800235CE] -> 0x00A5
[4311] [M]: 0x00000000800235CC (0x00A51513) slli a0, a0, 10
x10 <- 0x6666666666666400
mem[X,0x00000000800235D0] -> 0x0513
mem[X,0x00000000800235D2] -> 0x2665
[4312] [M]: 0x00000000800235D0 (0x26650513) addi a0, a0, 614
x10 <- 0x6666666666666666
mem[X,0x00000000800235D4] -> 0x0593
mem[X,0x00000000800235D6] -> 0x0050
[4313] [M]: 0x00000000800235D4 (0x00500593) addi a1, zero, 5
x11 <- 0x0000000000000005
mem[X,0x00000000800235D8] -> 0x0113
mem[X,0x00000000800235DA] -> 0x0000
[4314] [M]: 0x00000000800235D8 (0x00000113) addi sp, zero, 0
x2 <- 0x0000000000000000
mem[X,0x00000000800235DC] -> 0x006F
mem[X,0x00000000800235DE] -> 0x0180
[4315] [M]: 0x00000000800235DC (0x0180006F) jal zero, 24
mem[X,0x00000000800235F4] -> 0x46E3
mem[X,0x00000000800235F6] -> 0xFEB5
[4316] [M]: 0x00000000800235F4 (0xFEB546E3) blt a0, a1, 8172
mem[X,0x00000000800235F8] -> 0x0113
mem[X,0x00000000800235FA] -> 0x0021
[4317] [M]: 0x00000000800235F8 (0x00210113) addi sp, sp, 2
x2 <- 0x0000000000000002
mem[X,0x00000000800235FC] -> 0x006F
mem[X,0x00000000800235FE] -> 0x00C0
[4318] [M]: 0x00000000800235FC (0x00C0006F) jal zero, 12
mem[X,0x0000000080023608] -> 0xB823
mem[X,0x000000008002360A] -> 0x0A20
[4319] [M]: 0x0000000080023608 (0x0A20B823) sd sp, 176(ra)
mem[0x000000008004FA88] <- 0x0000000000000002
mem[X,0x000000008002360C] -> 0x6537
mem[X,0x000000008002360E] -> 0x6666
[4320] [M]: 0x000000008002360C (0x66666537) lui a0, 419430
x10 <- 0x0000000066666000
mem[X,0x0000000080023610] -> 0x0513
mem[X,0x0000000080023612] -> 0x6665
[4321] [M]: 0x0000000080023610 (0x66650513) addi a0, a0, 1638
x10 <- 0x0000000066666666
mem[X,0x0000000080023614] -> 0x1513
mem[X,0x0000000080023616] -> 0x00B5
[4322] [M]: 0x0000000080023614 (0x00B51513) slli a0, a0, 11
x10 <- 0x0000033333333000
mem[X,0x0000000080023618] -> 0x0513
mem[X,0x000000008002361A] -> 0x3335
[4323] [M]: 0x0000000080023618 (0x33350513) addi a0, a0, 819
x10 <- 0x0000033333333333
mem[X,0x000000008002361C] -> 0x1513
mem[X,0x000000008002361E] -> 0x00B5
[4324] [M]: 0x000000008002361C (0x00B51513) slli a0, a0, 11
x10 <- 0x0019999999999800
mem[X,0x0000000080023620] -> 0x0513
mem[X,0x0000000080023622] -> 0x1995
[4325] [M]: 0x0000000080023620 (0x19950513) addi a0, a0, 409
x10 <- 0x0019999999999999
mem[X,0x0000000080023624] -> 0x1513
mem[X,0x0000000080023626] -> 0x00A5
[4326] [M]: 0x0000000080023624 (0x00A51513) slli a0, a0, 10
x10 <- 0x6666666666666400
mem[X,0x0000000080023628] -> 0x0513
mem[X,0x000000008002362A] -> 0x2665
[4327] [M]: 0x0000000080023628 (0x26650513) addi a0, a0, 614
x10 <- 0x6666666666666666
mem[X,0x000000008002362C] -> 0x35B7
mem[X,0x000000008002362E] -> 0x3333
[4328] [M]: 0x000000008002362C (0x333335B7) lui a1, 209715
x11 <- 0x0000000033333000
mem[X,0x0000000080023630] -> 0x8593
mem[X,0x0000000080023632] -> 0x3335
[4329] [M]: 0x0000000080023630 (0x33358593) addi a1, a1, 819
x11 <- 0x0000000033333333
mem[X,0x0000000080023634] -> 0x9593
mem[X,0x0000000080023636] -> 0x00B5
[4330] [M]: 0x0000000080023634 (0x00B59593) slli a1, a1, 11
x11 <- 0x0000019999999800
mem[X,0x0000000080023638] -> 0x8593
mem[X,0x000000008002363A] -> 0x1995
[4331] [M]: 0x0000000080023638 (0x19958593) addi a1, a1, 409
x11 <- 0x0000019999999999
mem[X,0x000000008002363C] -> 0x9593
mem[X,0x000000008002363E] -> 0x00B5
[4332] [M]: 0x000000008002363C (0x00B59593) slli a1, a1, 11
x11 <- 0x000CCCCCCCCCC800
mem[X,0x0000000080023640] -> 0x8593
mem[X,0x0000000080023642] -> 0x4CC5
[4333] [M]: 0x0000000080023640 (0x4CC58593) addi a1, a1, 1228
x11 <- 0x000CCCCCCCCCCCCC
mem[X,0x0000000080023644] -> 0x9593
mem[X,0x0000000080023646] -> 0x00A5
[4334] [M]: 0x0000000080023644 (0x00A59593) slli a1, a1, 10
x11 <- 0x3333333333333000
mem[X,0x0000000080023648] -> 0x8593
mem[X,0x000000008002364A] -> 0x3335
[4335] [M]: 0x0000000080023648 (0x33358593) addi a1, a1, 819
x11 <- 0x3333333333333333
mem[X,0x000000008002364C] -> 0x0113
mem[X,0x000000008002364E] -> 0x0000
[4336] [M]: 0x000000008002364C (0x00000113) addi sp, zero, 0
x2 <- 0x0000000000000000
mem[X,0x0000000080023650] -> 0x006F
mem[X,0x0000000080023652] -> 0x00C0
[4337] [M]: 0x0000000080023650 (0x00C0006F) jal zero, 12
mem[X,0x000000008002365C] -> 0x4663
mem[X,0x000000008002365E] -> 0x00B5
[4338] [M]: 0x000000008002365C (0x00B54663) blt a0, a1, 12
mem[X,0x0000000080023660] -> 0x0113
mem[X,0x0000000080023662] -> 0x0021
[4339] [M]: 0x0000000080023660 (0x00210113) addi sp, sp, 2
x2 <- 0x0000000000000002
mem[X,0x0000000080023664] -> 0x006F
mem[X,0x0000000080023666] -> 0x00C0
[4340] [M]: 0x0000000080023664 (0x00C0006F) jal zero, 12
mem[X,0x0000000080023670] -> 0xBC23
mem[X,0x0000000080023672] -> 0x0A20
[4341] [M]: 0x0000000080023670 (0x0A20BC23) sd sp, 184(ra)
mem[0x000000008004FA90] <- 0x0000000000000002
mem[X,0x0000000080023674] -> 0x6537
mem[X,0x0000000080023676] -> 0x6666
[4342] [M]: 0x0000000080023674 (0x66666537) lui a0, 419430
x10 <- 0x0000000066666000
mem[X,0x0000000080023678] -> 0x0513
mem[X,0x000000008002367A] -> 0x6665
[4343] [M]: 0x0000000080023678 (0x66650513) addi a0, a0, 1638
x10 <- 0x0000000066666666
mem[X,0x000000008002367C] -> 0x1513
mem[X,0x000000008002367E] -> 0x00B5
[4344] [M]: 0x000000008002367C (0x00B51513) slli a0, a0, 11
x10 <- 0x0000033333333000
mem[X,0x0000000080023680] -> 0x0513
mem[X,0x0000000080023682] -> 0x3335
[4345] [M]: 0x0000000080023680 (0x33350513) addi a0, a0, 819
x10 <- 0x0000033333333333
mem[X,0x0000000080023684] -> 0x1513
mem[X,0x0000000080023686] -> 0x00B5
[4346] [M]: 0x0000000080023684 (0x00B51513) slli a0, a0, 11
x10 <- 0x0019999999999800
mem[X,0x0000000080023688] -> 0x0513
mem[X,0x000000008002368A] -> 0x1995
[4347] [M]: 0x0000000080023688 (0x19950513) addi a0, a0, 409
x10 <- 0x0019999999999999
mem[X,0x000000008002368C] -> 0x1513
mem[X,0x000000008002368E] -> 0x00A5
[4348] [M]: 0x000000008002368C (0x00A51513) slli a0, a0, 10
x10 <- 0x6666666666666400
mem[X,0x0000000080023690] -> 0x0513
mem[X,0x0000000080023692] -> 0x2665
[4349] [M]: 0x0000000080023690 (0x26650513) addi a0, a0, 614
x10 <- 0x6666666666666666
mem[X,0x0000000080023694] -> 0x65B7
mem[X,0x0000000080023696] -> 0x6666
[4350] [M]: 0x0000000080023694 (0x666665B7) lui a1, 419430
x11 <- 0x0000000066666000
mem[X,0x0000000080023698] -> 0x8593
mem[X,0x000000008002369A] -> 0x6665
[4351] [M]: 0x0000000080023698 (0x66658593) addi a1, a1, 1638
x11 <- 0x0000000066666666
mem[X,0x000000008002369C] -> 0x9593
mem[X,0x000000008002369E] -> 0x00B5
[4352] [M]: 0x000000008002369C (0x00B59593) slli a1, a1, 11
x11 <- 0x0000033333333000
mem[X,0x00000000800236A0] -> 0x8593
mem[X,0x00000000800236A2] -> 0x3335
[4353] [M]: 0x00000000800236A0 (0x33358593) addi a1, a1, 819
x11 <- 0x0000033333333333
mem[X,0x00000000800236A4] -> 0x9593
mem[X,0x00000000800236A6] -> 0x00B5
[4354] [M]: 0x00000000800236A4 (0x00B59593) slli a1, a1, 11
x11 <- 0x0019999999999800
mem[X,0x00000000800236A8] -> 0x8593
mem[X,0x00000000800236AA] -> 0x1995
[4355] [M]: 0x00000000800236A8 (0x19958593) addi a1, a1, 409
x11 <- 0x0019999999999999
mem[X,0x00000000800236AC] -> 0x9593
mem[X,0x00000000800236AE] -> 0x00A5
[4356] [M]: 0x00000000800236AC (0x00A59593) slli a1, a1, 10
x11 <- 0x6666666666666400
mem[X,0x00000000800236B0] -> 0x8593
mem[X,0x00000000800236B2] -> 0x2665
[4357] [M]: 0x00000000800236B0 (0x26658593) addi a1, a1, 614
x11 <- 0x6666666666666666
mem[X,0x00000000800236B4] -> 0x0113
mem[X,0x00000000800236B6] -> 0x0000
[4358] [M]: 0x00000000800236B4 (0x00000113) addi sp, zero, 0
x2 <- 0x0000000000000000
mem[X,0x00000000800236B8] -> 0x006F
mem[X,0x00000000800236BA] -> 0x00C0
[4359] [M]: 0x00000000800236B8 (0x00C0006F) jal zero, 12
mem[X,0x00000000800236C4] -> 0x4663
mem[X,0x00000000800236C6] -> 0x00B5
[4360] [M]: 0x00000000800236C4 (0x00B54663) blt a0, a1, 12
mem[X,0x00000000800236C8] -> 0x0113
mem[X,0x00000000800236CA] -> 0x0021
[4361] [M]: 0x00000000800236C8 (0x00210113) addi sp, sp, 2
x2 <- 0x0000000000000002
mem[X,0x00000000800236CC] -> 0x006F
mem[X,0x00000000800236CE] -> 0x00C0
[4362] [M]: 0x00000000800236CC (0x00C0006F) jal zero, 12
mem[X,0x00000000800236D8] -> 0xB023
mem[X,0x00000000800236DA] -> 0x0C20
[4363] [M]: 0x00000000800236D8 (0x0C20B023) sd sp, 192(ra)
mem[0x000000008004FA98] <- 0x0000000000000002
mem[X,0x00000000800236DC] -> 0x6537
mem[X,0x00000000800236DE] -> 0x6666
[4364] [M]: 0x00000000800236DC (0x66666537) lui a0, 419430
x10 <- 0x0000000066666000
mem[X,0x00000000800236E0] -> 0x0513
mem[X,0x00000000800236E2] -> 0x6665
[4365] [M]: 0x00000000800236E0 (0x66650513) addi a0, a0, 1638
x10 <- 0x0000000066666666
mem[X,0x00000000800236E4] -> 0x1513
mem[X,0x00000000800236E6] -> 0x00B5
[4366] [M]: 0x00000000800236E4 (0x00B51513) slli a0, a0, 11
x10 <- 0x0000033333333000
mem[X,0x00000000800236E8] -> 0x0513
mem[X,0x00000000800236EA] -> 0x3335
[4367] [M]: 0x00000000800236E8 (0x33350513) addi a0, a0, 819
x10 <- 0x0000033333333333
mem[X,0x00000000800236EC] -> 0x1513
mem[X,0x00000000800236EE] -> 0x00B5
[4368] [M]: 0x00000000800236EC (0x00B51513) slli a0, a0, 11
x10 <- 0x0019999999999800
mem[X,0x00000000800236F0] -> 0x0513
mem[X,0x00000000800236F2] -> 0x1995
[4369] [M]: 0x00000000800236F0 (0x19950513) addi a0, a0, 409
x10 <- 0x0019999999999999
mem[X,0x00000000800236F4] -> 0x1513
mem[X,0x00000000800236F6] -> 0x00A5
[4370] [M]: 0x00000000800236F4 (0x00A51513) slli a0, a0, 10
x10 <- 0x6666666666666400
mem[X,0x00000000800236F8] -> 0x0513
mem[X,0x00000000800236FA] -> 0x2665
[4371] [M]: 0x00000000800236F8 (0x26650513) addi a0, a0, 614
x10 <- 0x6666666666666666
mem[X,0x00000000800236FC] -> 0x05B7
mem[X,0x00000000800236FE] -> 0x0000
[4372] [M]: 0x00000000800236FC (0x000005B7) lui a1, 0
x11 <- 0x0000000000000000
mem[X,0x0000000080023700] -> 0x8593
mem[X,0x0000000080023702] -> 0xFFF5
[4373] [M]: 0x0000000080023700 (0xFFF58593) addi a1, a1, 4095
x11 <- 0xFFFFFFFFFFFFFFFF
mem[X,0x0000000080023704] -> 0x9593
mem[X,0x0000000080023706] -> 0x00B5
[4374] [M]: 0x0000000080023704 (0x00B59593) slli a1, a1, 11
x11 <- 0xFFFFFFFFFFFFF800
mem[X,0x0000000080023708] -> 0x8593
mem[X,0x000000008002370A] -> 0x2575
[4375] [M]: 0x0000000080023708 (0x25758593) addi a1, a1, 599
x11 <- 0xFFFFFFFFFFFFFA57
mem[X,0x000000008002370C] -> 0x9593
mem[X,0x000000008002370E] -> 0x00B5
[4376] [M]: 0x000000008002370C (0x00B59593) slli a1, a1, 11
x11 <- 0xFFFFFFFFFFD2B800
mem[X,0x0000000080023710] -> 0x8593
mem[X,0x0000000080023712] -> 0x6C35
[4377] [M]: 0x0000000080023710 (0x6C358593) addi a1, a1, 1731
x11 <- 0xFFFFFFFFFFD2BEC3
mem[X,0x0000000080023714] -> 0x9593
mem[X,0x0000000080023716] -> 0x00A5
[4378] [M]: 0x0000000080023714 (0x00A59593) slli a1, a1, 10
x11 <- 0xFFFFFFFF4AFB0C00
mem[X,0x0000000080023718] -> 0x8593
mem[X,0x000000008002371A] -> 0x0CD5
[4379] [M]: 0x0000000080023718 (0x0CD58593) addi a1, a1, 205
x11 <- 0xFFFFFFFF4AFB0CCD
mem[X,0x000000008002371C] -> 0x0113
mem[X,0x000000008002371E] -> 0x0000
[4380] [M]: 0x000000008002371C (0x00000113) addi sp, zero, 0
x2 <- 0x0000000000000000
mem[X,0x0000000080023720] -> 0x006F
mem[X,0x0000000080023722] -> 0x00C0
[4381] [M]: 0x0000000080023720 (0x00C0006F) jal zero, 12
mem[X,0x000000008002372C] -> 0x4663
mem[X,0x000000008002372E] -> 0x00B5
[4382] [M]: 0x000000008002372C (0x00B54663) blt a0, a1, 12
mem[X,0x0000000080023730] -> 0x0113
mem[X,0x0000000080023732] -> 0x0021
[4383] [M]: 0x0000000080023730 (0x00210113) addi sp, sp, 2
x2 <- 0x0000000000000002
mem[X,0x0000000080023734] -> 0x006F
mem[X,0x0000000080023736] -> 0x00C0
[4384] [M]: 0x0000000080023734 (0x00C0006F) jal zero, 12
mem[X,0x0000000080023740] -> 0xB423
mem[X,0x0000000080023742] -> 0x0C20
[4385] [M]: 0x0000000080023740 (0x0C20B423) sd sp, 200(ra)
mem[0x000000008004FAA0] <- 0x0000000000000002
mem[X,0x0000000080023744] -> 0x6537
mem[X,0x0000000080023746] -> 0x6666
[4386] [M]: 0x0000000080023744 (0x66666537) lui a0, 419430
x10 <- 0x0000000066666000
mem[X,0x0000000080023748] -> 0x0513
mem[X,0x000000008002374A] -> 0x6665
[4387] [M]: 0x0000000080023748 (0x66650513) addi a0, a0, 1638
x10 <- 0x0000000066666666
mem[X,0x000000008002374C] -> 0x1513
mem[X,0x000000008002374E] -> 0x00B5
[4388] [M]: 0x000000008002374C (0x00B51513) slli a0, a0, 11
x10 <- 0x0000033333333000
mem[X,0x0000000080023750] -> 0x0513
mem[X,0x0000000080023752] -> 0x3335
[4389] [M]: 0x0000000080023750 (0x33350513) addi a0, a0, 819
x10 <- 0x0000033333333333
mem[X,0x0000000080023754] -> 0x1513
mem[X,0x0000000080023756] -> 0x00B5
[4390] [M]: 0x0000000080023754 (0x00B51513) slli a0, a0, 11
x10 <- 0x0019999999999800
mem[X,0x0000000080023758] -> 0x0513
mem[X,0x000000008002375A] -> 0x1995
[4391] [M]: 0x0000000080023758 (0x19950513) addi a0, a0, 409
x10 <- 0x0019999999999999
mem[X,0x000000008002375C] -> 0x1513
mem[X,0x000000008002375E] -> 0x00A5
[4392] [M]: 0x000000008002375C (0x00A51513) slli a0, a0, 10
x10 <- 0x6666666666666400
mem[X,0x0000000080023760] -> 0x0513
mem[X,0x0000000080023762] -> 0x2665
[4393] [M]: 0x0000000080023760 (0x26650513) addi a0, a0, 614
x10 <- 0x6666666666666666
mem[X,0x0000000080023764] -> 0x05B7
mem[X,0x0000000080023766] -> 0x0000
[4394] [M]: 0x0000000080023764 (0x000005B7) lui a1, 0
x11 <- 0x0000000000000000
mem[X,0x0000000080023768] -> 0x8593
mem[X,0x000000008002376A] -> 0x0005
[4395] [M]: 0x0000000080023768 (0x00058593) addi a1, a1, 0
x11 <- 0x0000000000000000
mem[X,0x000000008002376C] -> 0x9593
mem[X,0x000000008002376E] -> 0x00B5
[4396] [M]: 0x000000008002376C (0x00B59593) slli a1, a1, 11
x11 <- 0x0000000000000000
mem[X,0x0000000080023770] -> 0x8593
mem[X,0x0000000080023772] -> 0x5A85
[4397] [M]: 0x0000000080023770 (0x5A858593) addi a1, a1, 1448
x11 <- 0x00000000000005A8
mem[X,0x0000000080023774] -> 0x9593
mem[X,0x0000000080023776] -> 0x00B5
[4398] [M]: 0x0000000080023774 (0x00B59593) slli a1, a1, 11
x11 <- 0x00000000002D4000
mem[X,0x0000000080023778] -> 0x8593
mem[X,0x000000008002377A] -> 0x13C5
[4399] [M]: 0x0000000080023778 (0x13C58593) addi a1, a1, 316
x11 <- 0x00000000002D413C
clint::tick mtime <- 0x000000000000002C
 clint timer pending at mtime 0x000000000000002C
htif::tick 0x0000000000000000
mem[X,0x000000008002377C] -> 0x9593
mem[X,0x000000008002377E] -> 0x00A5
[4400] [M]: 0x000000008002377C (0x00A59593) slli a1, a1, 10
x11 <- 0x00000000B504F000
mem[X,0x0000000080023780] -> 0x8593
mem[X,0x0000000080023782] -> 0x3335
[4401] [M]: 0x0000000080023780 (0x33358593) addi a1, a1, 819
x11 <- 0x00000000B504F333
mem[X,0x0000000080023784] -> 0x0113
mem[X,0x0000000080023786] -> 0x0000
[4402] [M]: 0x0000000080023784 (0x00000113) addi sp, zero, 0
x2 <- 0x0000000000000000
mem[X,0x0000000080023788] -> 0x006F
mem[X,0x000000008002378A] -> 0x00C0
[4403] [M]: 0x0000000080023788 (0x00C0006F) jal zero, 12
mem[X,0x0000000080023794] -> 0x4063
mem[X,0x0000000080023796] -> 0x10B5
[4404] [M]: 0x0000000080023794 (0x10B54063) blt a0, a1, 256
mem[X,0x0000000080023798] -> 0x0113
mem[X,0x000000008002379A] -> 0x0021
[4405] [M]: 0x0000000080023798 (0x00210113) addi sp, sp, 2
x2 <- 0x0000000000000002
mem[X,0x000000008002379C] -> 0x006F
mem[X,0x000000008002379E] -> 0x1000
[4406] [M]: 0x000000008002379C (0x1000006F) jal zero, 256
mem[X,0x000000008002389C] -> 0xB823
mem[X,0x000000008002389E] -> 0x0C20
[4407] [M]: 0x000000008002389C (0x0C20B823) sd sp, 208(ra)
mem[0x000000008004FAA8] <- 0x0000000000000002
mem[X,0x00000000800238A0] -> 0x6537
mem[X,0x00000000800238A2] -> 0x6666
[4408] [M]: 0x00000000800238A0 (0x66666537) lui a0, 419430
x10 <- 0x0000000066666000
mem[X,0x00000000800238A4] -> 0x0513
mem[X,0x00000000800238A6] -> 0x6665
[4409] [M]: 0x00000000800238A4 (0x66650513) addi a0, a0, 1638
x10 <- 0x0000000066666666
mem[X,0x00000000800238A8] -> 0x1513
mem[X,0x00000000800238AA] -> 0x00B5
[4410] [M]: 0x00000000800238A8 (0x00B51513) slli a0, a0, 11
x10 <- 0x0000033333333000
mem[X,0x00000000800238AC] -> 0x0513
mem[X,0x00000000800238AE] -> 0x3335
[4411] [M]: 0x00000000800238AC (0x33350513) addi a0, a0, 819
x10 <- 0x0000033333333333
mem[X,0x00000000800238B0] -> 0x1513
mem[X,0x00000000800238B2] -> 0x00B5
[4412] [M]: 0x00000000800238B0 (0x00B51513) slli a0, a0, 11
x10 <- 0x0019999999999800
mem[X,0x00000000800238B4] -> 0x0513
mem[X,0x00000000800238B6] -> 0x1995
[4413] [M]: 0x00000000800238B4 (0x19950513) addi a0, a0, 409
x10 <- 0x0019999999999999
mem[X,0x00000000800238B8] -> 0x1513
mem[X,0x00000000800238BA] -> 0x00A5
[4414] [M]: 0x00000000800238B8 (0x00A51513) slli a0, a0, 10
x10 <- 0x6666666666666400
mem[X,0x00000000800238BC] -> 0x0513
mem[X,0x00000000800238BE] -> 0x2665
[4415] [M]: 0x00000000800238BC (0x26650513) addi a0, a0, 614
x10 <- 0x6666666666666666
mem[X,0x00000000800238C0] -> 0x0593
mem[X,0x00000000800238C2] -> 0x0020
[4416] [M]: 0x00000000800238C0 (0x00200593) addi a1, zero, 2
x11 <- 0x0000000000000002
mem[X,0x00000000800238C4] -> 0x0113
mem[X,0x00000000800238C6] -> 0x0000
[4417] [M]: 0x00000000800238C4 (0x00000113) addi sp, zero, 0
x2 <- 0x0000000000000000
mem[X,0x00000000800238C8] -> 0x006F
mem[X,0x00000000800238CA] -> 0x0050
[4418] [M]: 0x00000000800238C8 (0x0050006F) jal zero, 2052
mem[X,0x00000000800240CC] -> 0x40E3
mem[X,0x00000000800240CE] -> 0x80B5
[4419] [M]: 0x00000000800240CC (0x80B540E3) blt a0, a1, 6144
mem[X,0x00000000800240D0] -> 0x0113
mem[X,0x00000000800240D2] -> 0x0021
[4420] [M]: 0x00000000800240D0 (0x00210113) addi sp, sp, 2
x2 <- 0x0000000000000002
mem[X,0x00000000800240D4] -> 0x006F
mem[X,0x00000000800240D6] -> 0x00C0
[4421] [M]: 0x00000000800240D4 (0x00C0006F) jal zero, 12
mem[X,0x00000000800240E0] -> 0xBC23
mem[X,0x00000000800240E2] -> 0x0C20
[4422] [M]: 0x00000000800240E0 (0x0C20BC23) sd sp, 216(ra)
mem[0x000000008004FAB0] <- 0x0000000000000002
mem[X,0x00000000800240E4] -> 0x6537
mem[X,0x00000000800240E6] -> 0x6666
[4423] [M]: 0x00000000800240E4 (0x66666537) lui a0, 419430
x10 <- 0x0000000066666000
mem[X,0x00000000800240E8] -> 0x0513
mem[X,0x00000000800240EA] -> 0x6665
[4424] [M]: 0x00000000800240E8 (0x66650513) addi a0, a0, 1638
x10 <- 0x0000000066666666
mem[X,0x00000000800240EC] -> 0x1513
mem[X,0x00000000800240EE] -> 0x00B5
[4425] [M]: 0x00000000800240EC (0x00B51513) slli a0, a0, 11
x10 <- 0x0000033333333000
mem[X,0x00000000800240F0] -> 0x0513
mem[X,0x00000000800240F2] -> 0x3335
[4426] [M]: 0x00000000800240F0 (0x33350513) addi a0, a0, 819
x10 <- 0x0000033333333333
mem[X,0x00000000800240F4] -> 0x1513
mem[X,0x00000000800240F6] -> 0x00B5
[4427] [M]: 0x00000000800240F4 (0x00B51513) slli a0, a0, 11
x10 <- 0x0019999999999800
mem[X,0x00000000800240F8] -> 0x0513
mem[X,0x00000000800240FA] -> 0x1995
[4428] [M]: 0x00000000800240F8 (0x19950513) addi a0, a0, 409
x10 <- 0x0019999999999999
mem[X,0x00000000800240FC] -> 0x1513
mem[X,0x00000000800240FE] -> 0x00A5
[4429] [M]: 0x00000000800240FC (0x00A51513) slli a0, a0, 10
x10 <- 0x6666666666666400
mem[X,0x0000000080024100] -> 0x0513
mem[X,0x0000000080024102] -> 0x2665
[4430] [M]: 0x0000000080024100 (0x26650513) addi a0, a0, 614
x10 <- 0x6666666666666666
mem[X,0x0000000080024104] -> 0x55B7
mem[X,0x0000000080024106] -> 0x5555
[4431] [M]: 0x0000000080024104 (0x555555B7) lui a1, 349525
x11 <- 0x0000000055555000
mem[X,0x0000000080024108] -> 0x8593
mem[X,0x000000008002410A] -> 0x5555
[4432] [M]: 0x0000000080024108 (0x55558593) addi a1, a1, 1365
x11 <- 0x0000000055555555
mem[X,0x000000008002410C] -> 0x9593
mem[X,0x000000008002410E] -> 0x00B5
[4433] [M]: 0x000000008002410C (0x00B59593) slli a1, a1, 11
x11 <- 0x000002AAAAAAA800
mem[X,0x0000000080024110] -> 0x8593
mem[X,0x0000000080024112] -> 0x2AA5
[4434] [M]: 0x0000000080024110 (0x2AA58593) addi a1, a1, 682
x11 <- 0x000002AAAAAAAAAA
mem[X,0x0000000080024114] -> 0x9593
mem[X,0x0000000080024116] -> 0x00B5
[4435] [M]: 0x0000000080024114 (0x00B59593) slli a1, a1, 11
x11 <- 0x0015555555555000
mem[X,0x0000000080024118] -> 0x8593
mem[X,0x000000008002411A] -> 0x5555
[4436] [M]: 0x0000000080024118 (0x55558593) addi a1, a1, 1365
x11 <- 0x0015555555555555
mem[X,0x000000008002411C] -> 0x9593
mem[X,0x000000008002411E] -> 0x00A5
[4437] [M]: 0x000000008002411C (0x00A59593) slli a1, a1, 10
x11 <- 0x5555555555555400
mem[X,0x0000000080024120] -> 0x8593
mem[X,0x0000000080024122] -> 0x1545
[4438] [M]: 0x0000000080024120 (0x15458593) addi a1, a1, 340
x11 <- 0x5555555555555554
mem[X,0x0000000080024124] -> 0x0113
mem[X,0x0000000080024126] -> 0x0000
[4439] [M]: 0x0000000080024124 (0x00000113) addi sp, zero, 0
x2 <- 0x0000000000000000
mem[X,0x0000000080024128] -> 0x006F
mem[X,0x000000008002412A] -> 0x00C0
[4440] [M]: 0x0000000080024128 (0x00C0006F) jal zero, 12
mem[X,0x0000000080024134] -> 0x4863
mem[X,0x0000000080024136] -> 0x00B5
[4441] [M]: 0x0000000080024134 (0x00B54863) blt a0, a1, 16
mem[X,0x0000000080024138] -> 0x0113
mem[X,0x000000008002413A] -> 0x0021
[4442] [M]: 0x0000000080024138 (0x00210113) addi sp, sp, 2
x2 <- 0x0000000000000002
mem[X,0x000000008002413C] -> 0x006F
mem[X,0x000000008002413E] -> 0x0100
[4443] [M]: 0x000000008002413C (0x0100006F) jal zero, 16
mem[X,0x000000008002414C] -> 0xB023
mem[X,0x000000008002414E] -> 0x0E20
[4444] [M]: 0x000000008002414C (0x0E20B023) sd sp, 224(ra)
mem[0x000000008004FAB8] <- 0x0000000000000002
mem[X,0x0000000080024150] -> 0x6537
mem[X,0x0000000080024152] -> 0x6666
[4445] [M]: 0x0000000080024150 (0x66666537) lui a0, 419430
x10 <- 0x0000000066666000
mem[X,0x0000000080024154] -> 0x0513
mem[X,0x0000000080024156] -> 0x6665
[4446] [M]: 0x0000000080024154 (0x66650513) addi a0, a0, 1638
x10 <- 0x0000000066666666
mem[X,0x0000000080024158] -> 0x1513
mem[X,0x000000008002415A] -> 0x00B5
[4447] [M]: 0x0000000080024158 (0x00B51513) slli a0, a0, 11
x10 <- 0x0000033333333000
mem[X,0x000000008002415C] -> 0x0513
mem[X,0x000000008002415E] -> 0x3335
[4448] [M]: 0x000000008002415C (0x33350513) addi a0, a0, 819
x10 <- 0x0000033333333333
mem[X,0x0000000080024160] -> 0x1513
mem[X,0x0000000080024162] -> 0x00B5
[4449] [M]: 0x0000000080024160 (0x00B51513) slli a0, a0, 11
x10 <- 0x0019999999999800
mem[X,0x0000000080024164] -> 0x0513
mem[X,0x0000000080024166] -> 0x1995
[4450] [M]: 0x0000000080024164 (0x19950513) addi a0, a0, 409
x10 <- 0x0019999999999999
mem[X,0x0000000080024168] -> 0x1513
mem[X,0x000000008002416A] -> 0x00A5
[4451] [M]: 0x0000000080024168 (0x00A51513) slli a0, a0, 10
x10 <- 0x6666666666666400
mem[X,0x000000008002416C] -> 0x0513
mem[X,0x000000008002416E] -> 0x2665
[4452] [M]: 0x000000008002416C (0x26650513) addi a0, a0, 614
x10 <- 0x6666666666666666
mem[X,0x0000000080024170] -> 0x0593
mem[X,0x0000000080024172] -> 0x0000
[4453] [M]: 0x0000000080024170 (0x00000593) addi a1, zero, 0
x11 <- 0x0000000000000000
mem[X,0x0000000080024174] -> 0x0113
mem[X,0x0000000080024176] -> 0x0000
[4454] [M]: 0x0000000080024174 (0x00000113) addi sp, zero, 0
x2 <- 0x0000000000000000
mem[X,0x0000000080024178] -> 0x006F
mem[X,0x000000008002417A] -> 0x00C0
[4455] [M]: 0x0000000080024178 (0x00C0006F) jal zero, 12
mem[X,0x0000000080024184] -> 0x4CE3
mem[X,0x0000000080024186] -> 0xFEB5
[4456] [M]: 0x0000000080024184 (0xFEB54CE3) blt a0, a1, 8184
mem[X,0x0000000080024188] -> 0x0113
mem[X,0x000000008002418A] -> 0x0021
[4457] [M]: 0x0000000080024188 (0x00210113) addi sp, sp, 2
x2 <- 0x0000000000000002
mem[X,0x000000008002418C] -> 0x006F
mem[X,0x000000008002418E] -> 0x00C0
[4458] [M]: 0x000000008002418C (0x00C0006F) jal zero, 12
mem[X,0x0000000080024198] -> 0xB423
mem[X,0x000000008002419A] -> 0x0E20
[4459] [M]: 0x0000000080024198 (0x0E20B423) sd sp, 232(ra)
mem[0x000000008004FAC0] <- 0x0000000000000002
mem[X,0x000000008002419C] -> 0x6537
mem[X,0x000000008002419E] -> 0x6666
[4460] [M]: 0x000000008002419C (0x66666537) lui a0, 419430
x10 <- 0x0000000066666000
mem[X,0x00000000800241A0] -> 0x0513
mem[X,0x00000000800241A2] -> 0x6665
[4461] [M]: 0x00000000800241A0 (0x66650513) addi a0, a0, 1638
x10 <- 0x0000000066666666
mem[X,0x00000000800241A4] -> 0x1513
mem[X,0x00000000800241A6] -> 0x00B5
[4462] [M]: 0x00000000800241A4 (0x00B51513) slli a0, a0, 11
x10 <- 0x0000033333333000
mem[X,0x00000000800241A8] -> 0x0513
mem[X,0x00000000800241AA] -> 0x3335
[4463] [M]: 0x00000000800241A8 (0x33350513) addi a0, a0, 819
x10 <- 0x0000033333333333
mem[X,0x00000000800241AC] -> 0x1513
mem[X,0x00000000800241AE] -> 0x00B5
[4464] [M]: 0x00000000800241AC (0x00B51513) slli a0, a0, 11
x10 <- 0x0019999999999800
mem[X,0x00000000800241B0] -> 0x0513
mem[X,0x00000000800241B2] -> 0x1995
[4465] [M]: 0x00000000800241B0 (0x19950513) addi a0, a0, 409
x10 <- 0x0019999999999999
mem[X,0x00000000800241B4] -> 0x1513
mem[X,0x00000000800241B6] -> 0x00A5
[4466] [M]: 0x00000000800241B4 (0x00A51513) slli a0, a0, 10
x10 <- 0x6666666666666400
mem[X,0x00000000800241B8] -> 0x0513
mem[X,0x00000000800241BA] -> 0x2665
[4467] [M]: 0x00000000800241B8 (0x26650513) addi a0, a0, 614
x10 <- 0x6666666666666666
mem[X,0x00000000800241BC] -> 0x0593
mem[X,0x00000000800241BE] -> 0x0040
[4468] [M]: 0x00000000800241BC (0x00400593) addi a1, zero, 4
x11 <- 0x0000000000000004
mem[X,0x00000000800241C0] -> 0x0113
mem[X,0x00000000800241C2] -> 0x0000
[4469] [M]: 0x00000000800241C0 (0x00000113) addi sp, zero, 0
x2 <- 0x0000000000000000
mem[X,0x00000000800241C4] -> 0x006F
mem[X,0x00000000800241C6] -> 0x00C0
[4470] [M]: 0x00000000800241C4 (0x00C0006F) jal zero, 12
mem[X,0x00000000800241D0] -> 0x4663
mem[X,0x00000000800241D2] -> 0x00B5
[4471] [M]: 0x00000000800241D0 (0x00B54663) blt a0, a1, 12
mem[X,0x00000000800241D4] -> 0x0113
mem[X,0x00000000800241D6] -> 0x0021
[4472] [M]: 0x00000000800241D4 (0x00210113) addi sp, sp, 2
x2 <- 0x0000000000000002
mem[X,0x00000000800241D8] -> 0x006F
mem[X,0x00000000800241DA] -> 0x00C0
[4473] [M]: 0x00000000800241D8 (0x00C0006F) jal zero, 12
mem[X,0x00000000800241E4] -> 0xB823
mem[X,0x00000000800241E6] -> 0x0E20
[4474] [M]: 0x00000000800241E4 (0x0E20B823) sd sp, 240(ra)
mem[0x000000008004FAC8] <- 0x0000000000000002
mem[X,0x00000000800241E8] -> 0x6537
mem[X,0x00000000800241EA] -> 0x6666
[4475] [M]: 0x00000000800241E8 (0x66666537) lui a0, 419430
x10 <- 0x0000000066666000
mem[X,0x00000000800241EC] -> 0x0513
mem[X,0x00000000800241EE] -> 0x6665
[4476] [M]: 0x00000000800241EC (0x66650513) addi a0, a0, 1638
x10 <- 0x0000000066666666
mem[X,0x00000000800241F0] -> 0x1513
mem[X,0x00000000800241F2] -> 0x00B5
[4477] [M]: 0x00000000800241F0 (0x00B51513) slli a0, a0, 11
x10 <- 0x0000033333333000
mem[X,0x00000000800241F4] -> 0x0513
mem[X,0x00000000800241F6] -> 0x3335
[4478] [M]: 0x00000000800241F4 (0x33350513) addi a0, a0, 819
x10 <- 0x0000033333333333
mem[X,0x00000000800241F8] -> 0x1513
mem[X,0x00000000800241FA] -> 0x00B5
[4479] [M]: 0x00000000800241F8 (0x00B51513) slli a0, a0, 11
x10 <- 0x0019999999999800
mem[X,0x00000000800241FC] -> 0x0513
mem[X,0x00000000800241FE] -> 0x1995
[4480] [M]: 0x00000000800241FC (0x19950513) addi a0, a0, 409
x10 <- 0x0019999999999999
mem[X,0x0000000080024200] -> 0x1513
mem[X,0x0000000080024202] -> 0x00A5
[4481] [M]: 0x0000000080024200 (0x00A51513) slli a0, a0, 10
x10 <- 0x6666666666666400
mem[X,0x0000000080024204] -> 0x0513
mem[X,0x0000000080024206] -> 0x2665
[4482] [M]: 0x0000000080024204 (0x26650513) addi a0, a0, 614
x10 <- 0x6666666666666666
mem[X,0x0000000080024208] -> 0x35B7
mem[X,0x000000008002420A] -> 0x3333
[4483] [M]: 0x0000000080024208 (0x333335B7) lui a1, 209715
x11 <- 0x0000000033333000
mem[X,0x000000008002420C] -> 0x8593
mem[X,0x000000008002420E] -> 0x3335
[4484] [M]: 0x000000008002420C (0x33358593) addi a1, a1, 819
x11 <- 0x0000000033333333
mem[X,0x0000000080024210] -> 0x9593
mem[X,0x0000000080024212] -> 0x00B5
[4485] [M]: 0x0000000080024210 (0x00B59593) slli a1, a1, 11
x11 <- 0x0000019999999800
mem[X,0x0000000080024214] -> 0x8593
mem[X,0x0000000080024216] -> 0x1995
[4486] [M]: 0x0000000080024214 (0x19958593) addi a1, a1, 409
x11 <- 0x0000019999999999
mem[X,0x0000000080024218] -> 0x9593
mem[X,0x000000008002421A] -> 0x00B5
[4487] [M]: 0x0000000080024218 (0x00B59593) slli a1, a1, 11
x11 <- 0x000CCCCCCCCCC800
mem[X,0x000000008002421C] -> 0x8593
mem[X,0x000000008002421E] -> 0x4CC5
[4488] [M]: 0x000000008002421C (0x4CC58593) addi a1, a1, 1228
x11 <- 0x000CCCCCCCCCCCCC
mem[X,0x0000000080024220] -> 0x9593
mem[X,0x0000000080024222] -> 0x00A5
[4489] [M]: 0x0000000080024220 (0x00A59593) slli a1, a1, 10
x11 <- 0x3333333333333000
mem[X,0x0000000080024224] -> 0x8593
mem[X,0x0000000080024226] -> 0x3325
[4490] [M]: 0x0000000080024224 (0x33258593) addi a1, a1, 818
x11 <- 0x3333333333333332
mem[X,0x0000000080024228] -> 0x0113
mem[X,0x000000008002422A] -> 0x0000
[4491] [M]: 0x0000000080024228 (0x00000113) addi sp, zero, 0
x2 <- 0x0000000000000000
mem[X,0x000000008002422C] -> 0x006F
mem[X,0x000000008002422E] -> 0x00C0
[4492] [M]: 0x000000008002422C (0x00C0006F) jal zero, 12
mem[X,0x0000000080024238] -> 0x4663
mem[X,0x000000008002423A] -> 0x00B5
[4493] [M]: 0x0000000080024238 (0x00B54663) blt a0, a1, 12
mem[X,0x000000008002423C] -> 0x0113
mem[X,0x000000008002423E] -> 0x0021
[4494] [M]: 0x000000008002423C (0x00210113) addi sp, sp, 2
x2 <- 0x0000000000000002
mem[X,0x0000000080024240] -> 0x006F
mem[X,0x0000000080024242] -> 0x00C0
[4495] [M]: 0x0000000080024240 (0x00C0006F) jal zero, 12
mem[X,0x000000008002424C] -> 0xBC23
mem[X,0x000000008002424E] -> 0x0E20
[4496] [M]: 0x000000008002424C (0x0E20BC23) sd sp, 248(ra)
mem[0x000000008004FAD0] <- 0x0000000000000002
mem[X,0x0000000080024250] -> 0x6537
mem[X,0x0000000080024252] -> 0x6666
[4497] [M]: 0x0000000080024250 (0x66666537) lui a0, 419430
x10 <- 0x0000000066666000
mem[X,0x0000000080024254] -> 0x0513
mem[X,0x0000000080024256] -> 0x6665
[4498] [M]: 0x0000000080024254 (0x66650513) addi a0, a0, 1638
x10 <- 0x0000000066666666
mem[X,0x0000000080024258] -> 0x1513
mem[X,0x000000008002425A] -> 0x00B5
[4499] [M]: 0x0000000080024258 (0x00B51513) slli a0, a0, 11
x10 <- 0x0000033333333000
clint::tick mtime <- 0x000000000000002D
 clint timer pending at mtime 0x000000000000002D
htif::tick 0x0000000000000000
mem[X,0x000000008002425C] -> 0x0513
mem[X,0x000000008002425E] -> 0x3335
[4500] [M]: 0x000000008002425C (0x33350513) addi a0, a0, 819
x10 <- 0x0000033333333333
mem[X,0x0000000080024260] -> 0x1513
mem[X,0x0000000080024262] -> 0x00B5
[4501] [M]: 0x0000000080024260 (0x00B51513) slli a0, a0, 11
x10 <- 0x0019999999999800
mem[X,0x0000000080024264] -> 0x0513
mem[X,0x0000000080024266] -> 0x1995
[4502] [M]: 0x0000000080024264 (0x19950513) addi a0, a0, 409
x10 <- 0x0019999999999999
mem[X,0x0000000080024268] -> 0x1513
mem[X,0x000000008002426A] -> 0x00A5
[4503] [M]: 0x0000000080024268 (0x00A51513) slli a0, a0, 10
x10 <- 0x6666666666666400
mem[X,0x000000008002426C] -> 0x0513
mem[X,0x000000008002426E] -> 0x2665
[4504] [M]: 0x000000008002426C (0x26650513) addi a0, a0, 614
x10 <- 0x6666666666666666
mem[X,0x0000000080024270] -> 0x65B7
mem[X,0x0000000080024272] -> 0x6666
[4505] [M]: 0x0000000080024270 (0x666665B7) lui a1, 419430
x11 <- 0x0000000066666000
mem[X,0x0000000080024274] -> 0x8593
mem[X,0x0000000080024276] -> 0x6665
[4506] [M]: 0x0000000080024274 (0x66658593) addi a1, a1, 1638
x11 <- 0x0000000066666666
mem[X,0x0000000080024278] -> 0x9593
mem[X,0x000000008002427A] -> 0x00B5
[4507] [M]: 0x0000000080024278 (0x00B59593) slli a1, a1, 11
x11 <- 0x0000033333333000
mem[X,0x000000008002427C] -> 0x8593
mem[X,0x000000008002427E] -> 0x3335
[4508] [M]: 0x000000008002427C (0x33358593) addi a1, a1, 819
x11 <- 0x0000033333333333
mem[X,0x0000000080024280] -> 0x9593
mem[X,0x0000000080024282] -> 0x00B5
[4509] [M]: 0x0000000080024280 (0x00B59593) slli a1, a1, 11
x11 <- 0x0019999999999800
mem[X,0x0000000080024284] -> 0x8593
mem[X,0x0000000080024286] -> 0x1995
[4510] [M]: 0x0000000080024284 (0x19958593) addi a1, a1, 409
x11 <- 0x0019999999999999
mem[X,0x0000000080024288] -> 0x9593
mem[X,0x000000008002428A] -> 0x00A5
[4511] [M]: 0x0000000080024288 (0x00A59593) slli a1, a1, 10
x11 <- 0x6666666666666400
mem[X,0x000000008002428C] -> 0x8593
mem[X,0x000000008002428E] -> 0x2655
[4512] [M]: 0x000000008002428C (0x26558593) addi a1, a1, 613
x11 <- 0x6666666666666665
mem[X,0x0000000080024290] -> 0x0113
mem[X,0x0000000080024292] -> 0x0000
[4513] [M]: 0x0000000080024290 (0x00000113) addi sp, zero, 0
x2 <- 0x0000000000000000
mem[X,0x0000000080024294] -> 0x006F
mem[X,0x0000000080024296] -> 0x0050
[4514] [M]: 0x0000000080024294 (0x0050006F) jal zero, 2052
mem[X,0x0000000080024A98] -> 0x40E3
mem[X,0x0000000080024A9A] -> 0x80B5
[4515] [M]: 0x0000000080024A98 (0x80B540E3) blt a0, a1, 6144
mem[X,0x0000000080024A9C] -> 0x0113
mem[X,0x0000000080024A9E] -> 0x0021
[4516] [M]: 0x0000000080024A9C (0x00210113) addi sp, sp, 2
x2 <- 0x0000000000000002
mem[X,0x0000000080024AA0] -> 0x006F
mem[X,0x0000000080024AA2] -> 0x00C0
[4517] [M]: 0x0000000080024AA0 (0x00C0006F) jal zero, 12
mem[X,0x0000000080024AAC] -> 0xB023
mem[X,0x0000000080024AAE] -> 0x1020
[4518] [M]: 0x0000000080024AAC (0x1020B023) sd sp, 256(ra)
mem[0x000000008004FAD8] <- 0x0000000000000002
mem[X,0x0000000080024AB0] -> 0x6537
mem[X,0x0000000080024AB2] -> 0x6666
[4519] [M]: 0x0000000080024AB0 (0x66666537) lui a0, 419430
x10 <- 0x0000000066666000
mem[X,0x0000000080024AB4] -> 0x0513
mem[X,0x0000000080024AB6] -> 0x6665
[4520] [M]: 0x0000000080024AB4 (0x66650513) addi a0, a0, 1638
x10 <- 0x0000000066666666
mem[X,0x0000000080024AB8] -> 0x1513
mem[X,0x0000000080024ABA] -> 0x00B5
[4521] [M]: 0x0000000080024AB8 (0x00B51513) slli a0, a0, 11
x10 <- 0x0000033333333000
mem[X,0x0000000080024ABC] -> 0x0513
mem[X,0x0000000080024ABE] -> 0x3335
[4522] [M]: 0x0000000080024ABC (0x33350513) addi a0, a0, 819
x10 <- 0x0000033333333333
mem[X,0x0000000080024AC0] -> 0x1513
mem[X,0x0000000080024AC2] -> 0x00B5
[4523] [M]: 0x0000000080024AC0 (0x00B51513) slli a0, a0, 11
x10 <- 0x0019999999999800
mem[X,0x0000000080024AC4] -> 0x0513
mem[X,0x0000000080024AC6] -> 0x1995
[4524] [M]: 0x0000000080024AC4 (0x19950513) addi a0, a0, 409
x10 <- 0x0019999999999999
mem[X,0x0000000080024AC8] -> 0x1513
mem[X,0x0000000080024ACA] -> 0x00A5
[4525] [M]: 0x0000000080024AC8 (0x00A51513) slli a0, a0, 10
x10 <- 0x6666666666666400
mem[X,0x0000000080024ACC] -> 0x0513
mem[X,0x0000000080024ACE] -> 0x2665
[4526] [M]: 0x0000000080024ACC (0x26650513) addi a0, a0, 614
x10 <- 0x6666666666666666
mem[X,0x0000000080024AD0] -> 0x05B7
mem[X,0x0000000080024AD2] -> 0x0000
[4527] [M]: 0x0000000080024AD0 (0x000005B7) lui a1, 0
x11 <- 0x0000000000000000
mem[X,0x0000000080024AD4] -> 0x8593
mem[X,0x0000000080024AD6] -> 0x0005
[4528] [M]: 0x0000000080024AD4 (0x00058593) addi a1, a1, 0
x11 <- 0x0000000000000000
mem[X,0x0000000080024AD8] -> 0x9593
mem[X,0x0000000080024ADA] -> 0x00B5
[4529] [M]: 0x0000000080024AD8 (0x00B59593) slli a1, a1, 11
x11 <- 0x0000000000000000
mem[X,0x0000000080024ADC] -> 0x8593
mem[X,0x0000000080024ADE] -> 0x5A85
[4530] [M]: 0x0000000080024ADC (0x5A858593) addi a1, a1, 1448
x11 <- 0x00000000000005A8
mem[X,0x0000000080024AE0] -> 0x9593
mem[X,0x0000000080024AE2] -> 0x00B5
[4531] [M]: 0x0000000080024AE0 (0x00B59593) slli a1, a1, 11
x11 <- 0x00000000002D4000
mem[X,0x0000000080024AE4] -> 0x8593
mem[X,0x0000000080024AE6] -> 0x13C5
[4532] [M]: 0x0000000080024AE4 (0x13C58593) addi a1, a1, 316
x11 <- 0x00000000002D413C
mem[X,0x0000000080024AE8] -> 0x9593
mem[X,0x0000000080024AEA] -> 0x00A5
[4533] [M]: 0x0000000080024AE8 (0x00A59593) slli a1, a1, 10
x11 <- 0x00000000B504F000
mem[X,0x0000000080024AEC] -> 0x8593
mem[X,0x0000000080024AEE] -> 0x3325
[4534] [M]: 0x0000000080024AEC (0x33258593) addi a1, a1, 818
x11 <- 0x00000000B504F332
mem[X,0x0000000080024AF0] -> 0x0113
mem[X,0x0000000080024AF2] -> 0x0000
[4535] [M]: 0x0000000080024AF0 (0x00000113) addi sp, zero, 0
x2 <- 0x0000000000000000
mem[X,0x0000000080024AF4] -> 0x006F
mem[X,0x0000000080024AF6] -> 0x00C0
[4536] [M]: 0x0000000080024AF4 (0x00C0006F) jal zero, 12
mem[X,0x0000000080024B00] -> 0x4063
mem[X,0x0000000080024B02] -> 0x04B5
[4537] [M]: 0x0000000080024B00 (0x04B54063) blt a0, a1, 64
mem[X,0x0000000080024B04] -> 0x0113
mem[X,0x0000000080024B06] -> 0x0021
[4538] [M]: 0x0000000080024B04 (0x00210113) addi sp, sp, 2
x2 <- 0x0000000000000002
mem[X,0x0000000080024B08] -> 0x006F
mem[X,0x0000000080024B0A] -> 0x0400
[4539] [M]: 0x0000000080024B08 (0x0400006F) jal zero, 64
mem[X,0x0000000080024B48] -> 0xB423
mem[X,0x0000000080024B4A] -> 0x1020
[4540] [M]: 0x0000000080024B48 (0x1020B423) sd sp, 264(ra)
mem[0x000000008004FAE0] <- 0x0000000000000002
mem[X,0x0000000080024B4C] -> 0x6537
mem[X,0x0000000080024B4E] -> 0x6666
[4541] [M]: 0x0000000080024B4C (0x66666537) lui a0, 419430
x10 <- 0x0000000066666000
mem[X,0x0000000080024B50] -> 0x0513
mem[X,0x0000000080024B52] -> 0x6665
[4542] [M]: 0x0000000080024B50 (0x66650513) addi a0, a0, 1638
x10 <- 0x0000000066666666
mem[X,0x0000000080024B54] -> 0x1513
mem[X,0x0000000080024B56] -> 0x00B5
[4543] [M]: 0x0000000080024B54 (0x00B51513) slli a0, a0, 11
x10 <- 0x0000033333333000
mem[X,0x0000000080024B58] -> 0x0513
mem[X,0x0000000080024B5A] -> 0x3335
[4544] [M]: 0x0000000080024B58 (0x33350513) addi a0, a0, 819
x10 <- 0x0000033333333333
mem[X,0x0000000080024B5C] -> 0x1513
mem[X,0x0000000080024B5E] -> 0x00B5
[4545] [M]: 0x0000000080024B5C (0x00B51513) slli a0, a0, 11
x10 <- 0x0019999999999800
mem[X,0x0000000080024B60] -> 0x0513
mem[X,0x0000000080024B62] -> 0x1995
[4546] [M]: 0x0000000080024B60 (0x19950513) addi a0, a0, 409
x10 <- 0x0019999999999999
mem[X,0x0000000080024B64] -> 0x1513
mem[X,0x0000000080024B66] -> 0x00A5
[4547] [M]: 0x0000000080024B64 (0x00A51513) slli a0, a0, 10
x10 <- 0x6666666666666400
mem[X,0x0000000080024B68] -> 0x0513
mem[X,0x0000000080024B6A] -> 0x2665
[4548] [M]: 0x0000000080024B68 (0x26650513) addi a0, a0, 614
x10 <- 0x6666666666666666
mem[X,0x0000000080024B6C] -> 0x55B7
mem[X,0x0000000080024B6E] -> 0x5555
[4549] [M]: 0x0000000080024B6C (0x555555B7) lui a1, 349525
x11 <- 0x0000000055555000
mem[X,0x0000000080024B70] -> 0x8593
mem[X,0x0000000080024B72] -> 0x5555
[4550] [M]: 0x0000000080024B70 (0x55558593) addi a1, a1, 1365
x11 <- 0x0000000055555555
mem[X,0x0000000080024B74] -> 0x9593
mem[X,0x0000000080024B76] -> 0x00B5
[4551] [M]: 0x0000000080024B74 (0x00B59593) slli a1, a1, 11
x11 <- 0x000002AAAAAAA800
mem[X,0x0000000080024B78] -> 0x8593
mem[X,0x0000000080024B7A] -> 0x2AA5
[4552] [M]: 0x0000000080024B78 (0x2AA58593) addi a1, a1, 682
x11 <- 0x000002AAAAAAAAAA
mem[X,0x0000000080024B7C] -> 0x9593
mem[X,0x0000000080024B7E] -> 0x00B5
[4553] [M]: 0x0000000080024B7C (0x00B59593) slli a1, a1, 11
x11 <- 0x0015555555555000
mem[X,0x0000000080024B80] -> 0x8593
mem[X,0x0000000080024B82] -> 0x5555
[4554] [M]: 0x0000000080024B80 (0x55558593) addi a1, a1, 1365
x11 <- 0x0015555555555555
mem[X,0x0000000080024B84] -> 0x9593
mem[X,0x0000000080024B86] -> 0x00A5
[4555] [M]: 0x0000000080024B84 (0x00A59593) slli a1, a1, 10
x11 <- 0x5555555555555400
mem[X,0x0000000080024B88] -> 0x8593
mem[X,0x0000000080024B8A] -> 0x1565
[4556] [M]: 0x0000000080024B88 (0x15658593) addi a1, a1, 342
x11 <- 0x5555555555555556
mem[X,0x0000000080024B8C] -> 0x0113
mem[X,0x0000000080024B8E] -> 0x0000
[4557] [M]: 0x0000000080024B8C (0x00000113) addi sp, zero, 0
x2 <- 0x0000000000000000
mem[X,0x0000000080024B90] -> 0x006F
mem[X,0x0000000080024B92] -> 0x00C0
[4558] [M]: 0x0000000080024B90 (0x00C0006F) jal zero, 12
mem[X,0x0000000080024B9C] -> 0x4063
mem[X,0x0000000080024B9E] -> 0x20B5
[4559] [M]: 0x0000000080024B9C (0x20B54063) blt a0, a1, 512
mem[X,0x0000000080024BA0] -> 0x0113
mem[X,0x0000000080024BA2] -> 0x0021
[4560] [M]: 0x0000000080024BA0 (0x00210113) addi sp, sp, 2
x2 <- 0x0000000000000002
mem[X,0x0000000080024BA4] -> 0x006F
mem[X,0x0000000080024BA6] -> 0x2000
[4561] [M]: 0x0000000080024BA4 (0x2000006F) jal zero, 512
mem[X,0x0000000080024DA4] -> 0xB823
mem[X,0x0000000080024DA6] -> 0x1020
[4562] [M]: 0x0000000080024DA4 (0x1020B823) sd sp, 272(ra)
mem[0x000000008004FAE8] <- 0x0000000000000002
mem[X,0x0000000080024DA8] -> 0x6537
mem[X,0x0000000080024DAA] -> 0x6666
[4563] [M]: 0x0000000080024DA8 (0x66666537) lui a0, 419430
x10 <- 0x0000000066666000
mem[X,0x0000000080024DAC] -> 0x0513
mem[X,0x0000000080024DAE] -> 0x6665
[4564] [M]: 0x0000000080024DAC (0x66650513) addi a0, a0, 1638
x10 <- 0x0000000066666666
mem[X,0x0000000080024DB0] -> 0x1513
mem[X,0x0000000080024DB2] -> 0x00B5
[4565] [M]: 0x0000000080024DB0 (0x00B51513) slli a0, a0, 11
x10 <- 0x0000033333333000
mem[X,0x0000000080024DB4] -> 0x0513
mem[X,0x0000000080024DB6] -> 0x3335
[4566] [M]: 0x0000000080024DB4 (0x33350513) addi a0, a0, 819
x10 <- 0x0000033333333333
mem[X,0x0000000080024DB8] -> 0x1513
mem[X,0x0000000080024DBA] -> 0x00B5
[4567] [M]: 0x0000000080024DB8 (0x00B51513) slli a0, a0, 11
x10 <- 0x0019999999999800
mem[X,0x0000000080024DBC] -> 0x0513
mem[X,0x0000000080024DBE] -> 0x1995
[4568] [M]: 0x0000000080024DBC (0x19950513) addi a0, a0, 409
x10 <- 0x0019999999999999
mem[X,0x0000000080024DC0] -> 0x1513
mem[X,0x0000000080024DC2] -> 0x00A5
[4569] [M]: 0x0000000080024DC0 (0x00A51513) slli a0, a0, 10
x10 <- 0x6666666666666400
mem[X,0x0000000080024DC4] -> 0x0513
mem[X,0x0000000080024DC6] -> 0x2665
[4570] [M]: 0x0000000080024DC4 (0x26650513) addi a0, a0, 614
x10 <- 0x6666666666666666
mem[X,0x0000000080024DC8] -> 0xB5B7
mem[X,0x0000000080024DCA] -> 0xAAAA
[4571] [M]: 0x0000000080024DC8 (0xAAAAB5B7) lui a1, 699051
x11 <- 0xFFFFFFFFAAAAB000
mem[X,0x0000000080024DCC] -> 0x8593
mem[X,0x0000000080024DCE] -> 0xAAA5
[4572] [M]: 0x0000000080024DCC (0xAAA58593) addi a1, a1, 2730
x11 <- 0xFFFFFFFFAAAAAAAA
mem[X,0x0000000080024DD0] -> 0x9593
mem[X,0x0000000080024DD2] -> 0x00B5
[4573] [M]: 0x0000000080024DD0 (0x00B59593) slli a1, a1, 11
x11 <- 0xFFFFFD5555555000
mem[X,0x0000000080024DD4] -> 0x8593
mem[X,0x0000000080024DD6] -> 0x5555
[4574] [M]: 0x0000000080024DD4 (0x55558593) addi a1, a1, 1365
x11 <- 0xFFFFFD5555555555
mem[X,0x0000000080024DD8] -> 0x9593
mem[X,0x0000000080024DDA] -> 0x00B5
[4575] [M]: 0x0000000080024DD8 (0x00B59593) slli a1, a1, 11
x11 <- 0xFFEAAAAAAAAAA800
mem[X,0x0000000080024DDC] -> 0x8593
mem[X,0x0000000080024DDE] -> 0x2AA5
[4576] [M]: 0x0000000080024DDC (0x2AA58593) addi a1, a1, 682
x11 <- 0xFFEAAAAAAAAAAAAA
mem[X,0x0000000080024DE0] -> 0x9593
mem[X,0x0000000080024DE2] -> 0x00A5
[4577] [M]: 0x0000000080024DE0 (0x00A59593) slli a1, a1, 10
x11 <- 0xAAAAAAAAAAAAA800
mem[X,0x0000000080024DE4] -> 0x8593
mem[X,0x0000000080024DE6] -> 0x2AB5
[4578] [M]: 0x0000000080024DE4 (0x2AB58593) addi a1, a1, 683
x11 <- 0xAAAAAAAAAAAAAAAB
mem[X,0x0000000080024DE8] -> 0x0113
mem[X,0x0000000080024DEA] -> 0x0000
[4579] [M]: 0x0000000080024DE8 (0x00000113) addi sp, zero, 0
x2 <- 0x0000000000000000
mem[X,0x0000000080024DEC] -> 0x006F
mem[X,0x0000000080024DEE] -> 0x2B10
[4580] [M]: 0x0000000080024DEC (0x2B10006F) jal zero, 2736
mem[X,0x000000008002589C] -> 0x4A63
mem[X,0x000000008002589E] -> 0xD4B5
[4581] [M]: 0x000000008002589C (0xD4B54A63) blt a0, a1, 5460
mem[X,0x00000000800258A0] -> 0x0113
mem[X,0x00000000800258A2] -> 0x0021
[4582] [M]: 0x00000000800258A0 (0x00210113) addi sp, sp, 2
x2 <- 0x0000000000000002
mem[X,0x00000000800258A4] -> 0x006F
mem[X,0x00000000800258A6] -> 0x00C0
[4583] [M]: 0x00000000800258A4 (0x00C0006F) jal zero, 12
mem[X,0x00000000800258B0] -> 0xBC23
mem[X,0x00000000800258B2] -> 0x1020
[4584] [M]: 0x00000000800258B0 (0x1020BC23) sd sp, 280(ra)
mem[0x000000008004FAF0] <- 0x0000000000000002
mem[X,0x00000000800258B4] -> 0x6537
mem[X,0x00000000800258B6] -> 0x6666
[4585] [M]: 0x00000000800258B4 (0x66666537) lui a0, 419430
x10 <- 0x0000000066666000
mem[X,0x00000000800258B8] -> 0x0513
mem[X,0x00000000800258BA] -> 0x6665
[4586] [M]: 0x00000000800258B8 (0x66650513) addi a0, a0, 1638
x10 <- 0x0000000066666666
mem[X,0x00000000800258BC] -> 0x1513
mem[X,0x00000000800258BE] -> 0x00B5
[4587] [M]: 0x00000000800258BC (0x00B51513) slli a0, a0, 11
x10 <- 0x0000033333333000
mem[X,0x00000000800258C0] -> 0x0513
mem[X,0x00000000800258C2] -> 0x3335
[4588] [M]: 0x00000000800258C0 (0x33350513) addi a0, a0, 819
x10 <- 0x0000033333333333
mem[X,0x00000000800258C4] -> 0x1513
mem[X,0x00000000800258C6] -> 0x00B5
[4589] [M]: 0x00000000800258C4 (0x00B51513) slli a0, a0, 11
x10 <- 0x0019999999999800
mem[X,0x00000000800258C8] -> 0x0513
mem[X,0x00000000800258CA] -> 0x1995
[4590] [M]: 0x00000000800258C8 (0x19950513) addi a0, a0, 409
x10 <- 0x0019999999999999
mem[X,0x00000000800258CC] -> 0x1513
mem[X,0x00000000800258CE] -> 0x00A5
[4591] [M]: 0x00000000800258CC (0x00A51513) slli a0, a0, 10
x10 <- 0x6666666666666400
mem[X,0x00000000800258D0] -> 0x0513
mem[X,0x00000000800258D2] -> 0x2665
[4592] [M]: 0x00000000800258D0 (0x26650513) addi a0, a0, 614
x10 <- 0x6666666666666666
mem[X,0x00000000800258D4] -> 0x0593
mem[X,0x00000000800258D6] -> 0x0060
[4593] [M]: 0x00000000800258D4 (0x00600593) addi a1, zero, 6
x11 <- 0x0000000000000006
mem[X,0x00000000800258D8] -> 0x0113
mem[X,0x00000000800258DA] -> 0x0000
[4594] [M]: 0x00000000800258D8 (0x00000113) addi sp, zero, 0
x2 <- 0x0000000000000000
mem[X,0x00000000800258DC] -> 0x006F
mem[X,0x00000000800258DE] -> 0x0050
[4595] [M]: 0x00000000800258DC (0x0050006F) jal zero, 2052
mem[X,0x00000000800260E0] -> 0x40E3
mem[X,0x00000000800260E2] -> 0x80B5
[4596] [M]: 0x00000000800260E0 (0x80B540E3) blt a0, a1, 6144
mem[X,0x00000000800260E4] -> 0x0113
mem[X,0x00000000800260E6] -> 0x0021
[4597] [M]: 0x00000000800260E4 (0x00210113) addi sp, sp, 2
x2 <- 0x0000000000000002
mem[X,0x00000000800260E8] -> 0x006F
mem[X,0x00000000800260EA] -> 0x00C0
[4598] [M]: 0x00000000800260E8 (0x00C0006F) jal zero, 12
mem[X,0x00000000800260F4] -> 0xB023
mem[X,0x00000000800260F6] -> 0x1220
[4599] [M]: 0x00000000800260F4 (0x1220B023) sd sp, 288(ra)
mem[0x000000008004FAF8] <- 0x0000000000000002
clint::tick mtime <- 0x000000000000002E
 clint timer pending at mtime 0x000000000000002E
htif::tick 0x0000000000000000
mem[X,0x00000000800260F8] -> 0x6537
mem[X,0x00000000800260FA] -> 0x6666
[4600] [M]: 0x00000000800260F8 (0x66666537) lui a0, 419430
x10 <- 0x0000000066666000
mem[X,0x00000000800260FC] -> 0x0513
mem[X,0x00000000800260FE] -> 0x6665
[4601] [M]: 0x00000000800260FC (0x66650513) addi a0, a0, 1638
x10 <- 0x0000000066666666
mem[X,0x0000000080026100] -> 0x1513
mem[X,0x0000000080026102] -> 0x00B5
[4602] [M]: 0x0000000080026100 (0x00B51513) slli a0, a0, 11
x10 <- 0x0000033333333000
mem[X,0x0000000080026104] -> 0x0513
mem[X,0x0000000080026106] -> 0x3335
[4603] [M]: 0x0000000080026104 (0x33350513) addi a0, a0, 819
x10 <- 0x0000033333333333
mem[X,0x0000000080026108] -> 0x1513
mem[X,0x000000008002610A] -> 0x00B5
[4604] [M]: 0x0000000080026108 (0x00B51513) slli a0, a0, 11
x10 <- 0x0019999999999800
mem[X,0x000000008002610C] -> 0x0513
mem[X,0x000000008002610E] -> 0x1995
[4605] [M]: 0x000000008002610C (0x19950513) addi a0, a0, 409
x10 <- 0x0019999999999999
mem[X,0x0000000080026110] -> 0x1513
mem[X,0x0000000080026112] -> 0x00A5
[4606] [M]: 0x0000000080026110 (0x00A51513) slli a0, a0, 10
x10 <- 0x6666666666666400
mem[X,0x0000000080026114] -> 0x0513
mem[X,0x0000000080026116] -> 0x2665
[4607] [M]: 0x0000000080026114 (0x26650513) addi a0, a0, 614
x10 <- 0x6666666666666666
mem[X,0x0000000080026118] -> 0x35B7
mem[X,0x000000008002611A] -> 0x3333
[4608] [M]: 0x0000000080026118 (0x333335B7) lui a1, 209715
x11 <- 0x0000000033333000
mem[X,0x000000008002611C] -> 0x8593
mem[X,0x000000008002611E] -> 0x3335
[4609] [M]: 0x000000008002611C (0x33358593) addi a1, a1, 819
x11 <- 0x0000000033333333
mem[X,0x0000000080026120] -> 0x9593
mem[X,0x0000000080026122] -> 0x00B5
[4610] [M]: 0x0000000080026120 (0x00B59593) slli a1, a1, 11
x11 <- 0x0000019999999800
mem[X,0x0000000080026124] -> 0x8593
mem[X,0x0000000080026126] -> 0x1995
[4611] [M]: 0x0000000080026124 (0x19958593) addi a1, a1, 409
x11 <- 0x0000019999999999
mem[X,0x0000000080026128] -> 0x9593
mem[X,0x000000008002612A] -> 0x00B5
[4612] [M]: 0x0000000080026128 (0x00B59593) slli a1, a1, 11
x11 <- 0x000CCCCCCCCCC800
mem[X,0x000000008002612C] -> 0x8593
mem[X,0x000000008002612E] -> 0x4CC5
[4613] [M]: 0x000000008002612C (0x4CC58593) addi a1, a1, 1228
x11 <- 0x000CCCCCCCCCCCCC
mem[X,0x0000000080026130] -> 0x9593
mem[X,0x0000000080026132] -> 0x00A5
[4614] [M]: 0x0000000080026130 (0x00A59593) slli a1, a1, 10
x11 <- 0x3333333333333000
mem[X,0x0000000080026134] -> 0x8593
mem[X,0x0000000080026136] -> 0x3345
[4615] [M]: 0x0000000080026134 (0x33458593) addi a1, a1, 820
x11 <- 0x3333333333333334
mem[X,0x0000000080026138] -> 0x0113
mem[X,0x000000008002613A] -> 0x0000
[4616] [M]: 0x0000000080026138 (0x00000113) addi sp, zero, 0
x2 <- 0x0000000000000000
mem[X,0x000000008002613C] -> 0x006F
mem[X,0x000000008002613E] -> 0x00C0
[4617] [M]: 0x000000008002613C (0x00C0006F) jal zero, 12
mem[X,0x0000000080026148] -> 0x4CE3
mem[X,0x000000008002614A] -> 0xFEB5
[4618] [M]: 0x0000000080026148 (0xFEB54CE3) blt a0, a1, 8184
mem[X,0x000000008002614C] -> 0x0113
mem[X,0x000000008002614E] -> 0x0021
[4619] [M]: 0x000000008002614C (0x00210113) addi sp, sp, 2
x2 <- 0x0000000000000002
mem[X,0x0000000080026150] -> 0x006F
mem[X,0x0000000080026152] -> 0x00C0
[4620] [M]: 0x0000000080026150 (0x00C0006F) jal zero, 12
mem[X,0x000000008002615C] -> 0xB423
mem[X,0x000000008002615E] -> 0x1220
[4621] [M]: 0x000000008002615C (0x1220B423) sd sp, 296(ra)
mem[0x000000008004FB00] <- 0x0000000000000002
mem[X,0x0000000080026160] -> 0x6537
mem[X,0x0000000080026162] -> 0x6666
[4622] [M]: 0x0000000080026160 (0x66666537) lui a0, 419430
x10 <- 0x0000000066666000
mem[X,0x0000000080026164] -> 0x0513
mem[X,0x0000000080026166] -> 0x6665
[4623] [M]: 0x0000000080026164 (0x66650513) addi a0, a0, 1638
x10 <- 0x0000000066666666
mem[X,0x0000000080026168] -> 0x1513
mem[X,0x000000008002616A] -> 0x00B5
[4624] [M]: 0x0000000080026168 (0x00B51513) slli a0, a0, 11
x10 <- 0x0000033333333000
mem[X,0x000000008002616C] -> 0x0513
mem[X,0x000000008002616E] -> 0x3335
[4625] [M]: 0x000000008002616C (0x33350513) addi a0, a0, 819
x10 <- 0x0000033333333333
mem[X,0x0000000080026170] -> 0x1513
mem[X,0x0000000080026172] -> 0x00B5
[4626] [M]: 0x0000000080026170 (0x00B51513) slli a0, a0, 11
x10 <- 0x0019999999999800
mem[X,0x0000000080026174] -> 0x0513
mem[X,0x0000000080026176] -> 0x1995
[4627] [M]: 0x0000000080026174 (0x19950513) addi a0, a0, 409
x10 <- 0x0019999999999999
mem[X,0x0000000080026178] -> 0x1513
mem[X,0x000000008002617A] -> 0x00A5
[4628] [M]: 0x0000000080026178 (0x00A51513) slli a0, a0, 10
x10 <- 0x6666666666666400
mem[X,0x000000008002617C] -> 0x0513
mem[X,0x000000008002617E] -> 0x2665
[4629] [M]: 0x000000008002617C (0x26650513) addi a0, a0, 614
x10 <- 0x6666666666666666
mem[X,0x0000000080026180] -> 0x65B7
mem[X,0x0000000080026182] -> 0x6666
[4630] [M]: 0x0000000080026180 (0x666665B7) lui a1, 419430
x11 <- 0x0000000066666000
mem[X,0x0000000080026184] -> 0x8593
mem[X,0x0000000080026186] -> 0x6665
[4631] [M]: 0x0000000080026184 (0x66658593) addi a1, a1, 1638
x11 <- 0x0000000066666666
mem[X,0x0000000080026188] -> 0x9593
mem[X,0x000000008002618A] -> 0x00B5
[4632] [M]: 0x0000000080026188 (0x00B59593) slli a1, a1, 11
x11 <- 0x0000033333333000
mem[X,0x000000008002618C] -> 0x8593
mem[X,0x000000008002618E] -> 0x3335
[4633] [M]: 0x000000008002618C (0x33358593) addi a1, a1, 819
x11 <- 0x0000033333333333
mem[X,0x0000000080026190] -> 0x9593
mem[X,0x0000000080026192] -> 0x00B5
[4634] [M]: 0x0000000080026190 (0x00B59593) slli a1, a1, 11
x11 <- 0x0019999999999800
mem[X,0x0000000080026194] -> 0x8593
mem[X,0x0000000080026196] -> 0x1995
[4635] [M]: 0x0000000080026194 (0x19958593) addi a1, a1, 409
x11 <- 0x0019999999999999
mem[X,0x0000000080026198] -> 0x9593
mem[X,0x000000008002619A] -> 0x00A5
[4636] [M]: 0x0000000080026198 (0x00A59593) slli a1, a1, 10
x11 <- 0x6666666666666400
mem[X,0x000000008002619C] -> 0x8593
mem[X,0x000000008002619E] -> 0x2675
[4637] [M]: 0x000000008002619C (0x26758593) addi a1, a1, 615
x11 <- 0x6666666666666667
mem[X,0x00000000800261A0] -> 0x0113
mem[X,0x00000000800261A2] -> 0x0000
[4638] [M]: 0x00000000800261A0 (0x00000113) addi sp, zero, 0
x2 <- 0x0000000000000000
mem[X,0x00000000800261A4] -> 0x006F
mem[X,0x00000000800261A6] -> 0x0100
[4639] [M]: 0x00000000800261A4 (0x0100006F) jal zero, 16
mem[X,0x00000000800261B4] -> 0x4AE3
mem[X,0x00000000800261B6] -> 0xFEB5
[4640] [M]: 0x00000000800261B4 (0xFEB54AE3) blt a0, a1, 8180
mem[X,0x00000000800261A8] -> 0x0113
mem[X,0x00000000800261AA] -> 0x0011
[4641] [M]: 0x00000000800261A8 (0x00110113) addi sp, sp, 1
x2 <- 0x0000000000000001
mem[X,0x00000000800261AC] -> 0x006F
mem[X,0x00000000800261AE] -> 0x01C0
[4642] [M]: 0x00000000800261AC (0x01C0006F) jal zero, 28
mem[X,0x00000000800261C8] -> 0xB823
mem[X,0x00000000800261CA] -> 0x1220
[4643] [M]: 0x00000000800261C8 (0x1220B823) sd sp, 304(ra)
mem[0x000000008004FB08] <- 0x0000000000000001
mem[X,0x00000000800261CC] -> 0x6537
mem[X,0x00000000800261CE] -> 0x6666
[4644] [M]: 0x00000000800261CC (0x66666537) lui a0, 419430
x10 <- 0x0000000066666000
mem[X,0x00000000800261D0] -> 0x0513
mem[X,0x00000000800261D2] -> 0x6665
[4645] [M]: 0x00000000800261D0 (0x66650513) addi a0, a0, 1638
x10 <- 0x0000000066666666
mem[X,0x00000000800261D4] -> 0x1513
mem[X,0x00000000800261D6] -> 0x00B5
[4646] [M]: 0x00000000800261D4 (0x00B51513) slli a0, a0, 11
x10 <- 0x0000033333333000
mem[X,0x00000000800261D8] -> 0x0513
mem[X,0x00000000800261DA] -> 0x3335
[4647] [M]: 0x00000000800261D8 (0x33350513) addi a0, a0, 819
x10 <- 0x0000033333333333
mem[X,0x00000000800261DC] -> 0x1513
mem[X,0x00000000800261DE] -> 0x00B5
[4648] [M]: 0x00000000800261DC (0x00B51513) slli a0, a0, 11
x10 <- 0x0019999999999800
mem[X,0x00000000800261E0] -> 0x0513
mem[X,0x00000000800261E2] -> 0x1995
[4649] [M]: 0x00000000800261E0 (0x19950513) addi a0, a0, 409
x10 <- 0x0019999999999999
mem[X,0x00000000800261E4] -> 0x1513
mem[X,0x00000000800261E6] -> 0x00A5
[4650] [M]: 0x00000000800261E4 (0x00A51513) slli a0, a0, 10
x10 <- 0x6666666666666400
mem[X,0x00000000800261E8] -> 0x0513
mem[X,0x00000000800261EA] -> 0x2665
[4651] [M]: 0x00000000800261E8 (0x26650513) addi a0, a0, 614
x10 <- 0x6666666666666666
mem[X,0x00000000800261EC] -> 0x05B7
mem[X,0x00000000800261EE] -> 0x0000
[4652] [M]: 0x00000000800261EC (0x000005B7) lui a1, 0
x11 <- 0x0000000000000000
mem[X,0x00000000800261F0] -> 0x8593
mem[X,0x00000000800261F2] -> 0xFFF5
[4653] [M]: 0x00000000800261F0 (0xFFF58593) addi a1, a1, 4095
x11 <- 0xFFFFFFFFFFFFFFFF
mem[X,0x00000000800261F4] -> 0x9593
mem[X,0x00000000800261F6] -> 0x00B5
[4654] [M]: 0x00000000800261F4 (0x00B59593) slli a1, a1, 11
x11 <- 0xFFFFFFFFFFFFF800
mem[X,0x00000000800261F8] -> 0x8593
mem[X,0x00000000800261FA] -> 0x2575
[4655] [M]: 0x00000000800261F8 (0x25758593) addi a1, a1, 599
x11 <- 0xFFFFFFFFFFFFFA57
mem[X,0x00000000800261FC] -> 0x9593
mem[X,0x00000000800261FE] -> 0x00B5
[4656] [M]: 0x00000000800261FC (0x00B59593) slli a1, a1, 11
x11 <- 0xFFFFFFFFFFD2B800
mem[X,0x0000000080026200] -> 0x8593
mem[X,0x0000000080026202] -> 0x6C35
[4657] [M]: 0x0000000080026200 (0x6C358593) addi a1, a1, 1731
x11 <- 0xFFFFFFFFFFD2BEC3
mem[X,0x0000000080026204] -> 0x9593
mem[X,0x0000000080026206] -> 0x00A5
[4658] [M]: 0x0000000080026204 (0x00A59593) slli a1, a1, 10
x11 <- 0xFFFFFFFF4AFB0C00
mem[X,0x0000000080026208] -> 0x8593
mem[X,0x000000008002620A] -> 0x0CE5
[4659] [M]: 0x0000000080026208 (0x0CE58593) addi a1, a1, 206
x11 <- 0xFFFFFFFF4AFB0CCE
mem[X,0x000000008002620C] -> 0x0113
mem[X,0x000000008002620E] -> 0x0000
[4660] [M]: 0x000000008002620C (0x00000113) addi sp, zero, 0
x2 <- 0x0000000000000000
mem[X,0x0000000080026210] -> 0x006F
mem[X,0x0000000080026212] -> 0x0100
[4661] [M]: 0x0000000080026210 (0x0100006F) jal zero, 16
mem[X,0x0000000080026220] -> 0x4AE3
mem[X,0x0000000080026222] -> 0xFEB5
[4662] [M]: 0x0000000080026220 (0xFEB54AE3) blt a0, a1, 8180
mem[X,0x0000000080026224] -> 0x0113
mem[X,0x0000000080026226] -> 0x0021
[4663] [M]: 0x0000000080026224 (0x00210113) addi sp, sp, 2
x2 <- 0x0000000000000002
mem[X,0x0000000080026228] -> 0x006F
mem[X,0x000000008002622A] -> 0x00C0
[4664] [M]: 0x0000000080026228 (0x00C0006F) jal zero, 12
mem[X,0x0000000080026234] -> 0xBC23
mem[X,0x0000000080026236] -> 0x1220
[4665] [M]: 0x0000000080026234 (0x1220BC23) sd sp, 312(ra)
mem[0x000000008004FB10] <- 0x0000000000000002
mem[X,0x0000000080026238] -> 0x6537
mem[X,0x000000008002623A] -> 0x6666
[4666] [M]: 0x0000000080026238 (0x66666537) lui a0, 419430
x10 <- 0x0000000066666000
mem[X,0x000000008002623C] -> 0x0513
mem[X,0x000000008002623E] -> 0x6665
[4667] [M]: 0x000000008002623C (0x66650513) addi a0, a0, 1638
x10 <- 0x0000000066666666
mem[X,0x0000000080026240] -> 0x1513
mem[X,0x0000000080026242] -> 0x00B5
[4668] [M]: 0x0000000080026240 (0x00B51513) slli a0, a0, 11
x10 <- 0x0000033333333000
mem[X,0x0000000080026244] -> 0x0513
mem[X,0x0000000080026246] -> 0x3335
[4669] [M]: 0x0000000080026244 (0x33350513) addi a0, a0, 819
x10 <- 0x0000033333333333
mem[X,0x0000000080026248] -> 0x1513
mem[X,0x000000008002624A] -> 0x00B5
[4670] [M]: 0x0000000080026248 (0x00B51513) slli a0, a0, 11
x10 <- 0x0019999999999800
mem[X,0x000000008002624C] -> 0x0513
mem[X,0x000000008002624E] -> 0x1995
[4671] [M]: 0x000000008002624C (0x19950513) addi a0, a0, 409
x10 <- 0x0019999999999999
mem[X,0x0000000080026250] -> 0x1513
mem[X,0x0000000080026252] -> 0x00A5
[4672] [M]: 0x0000000080026250 (0x00A51513) slli a0, a0, 10
x10 <- 0x6666666666666400
mem[X,0x0000000080026254] -> 0x0513
mem[X,0x0000000080026256] -> 0x2665
[4673] [M]: 0x0000000080026254 (0x26650513) addi a0, a0, 614
x10 <- 0x6666666666666666
mem[X,0x0000000080026258] -> 0x05B7
mem[X,0x000000008002625A] -> 0x0000
[4674] [M]: 0x0000000080026258 (0x000005B7) lui a1, 0
x11 <- 0x0000000000000000
mem[X,0x000000008002625C] -> 0x8593
mem[X,0x000000008002625E] -> 0x0005
[4675] [M]: 0x000000008002625C (0x00058593) addi a1, a1, 0
x11 <- 0x0000000000000000
mem[X,0x0000000080026260] -> 0x9593
mem[X,0x0000000080026262] -> 0x00B5
[4676] [M]: 0x0000000080026260 (0x00B59593) slli a1, a1, 11
x11 <- 0x0000000000000000
mem[X,0x0000000080026264] -> 0x8593
mem[X,0x0000000080026266] -> 0x5A85
[4677] [M]: 0x0000000080026264 (0x5A858593) addi a1, a1, 1448
x11 <- 0x00000000000005A8
mem[X,0x0000000080026268] -> 0x9593
mem[X,0x000000008002626A] -> 0x00B5
[4678] [M]: 0x0000000080026268 (0x00B59593) slli a1, a1, 11
x11 <- 0x00000000002D4000
mem[X,0x000000008002626C] -> 0x8593
mem[X,0x000000008002626E] -> 0x13C5
[4679] [M]: 0x000000008002626C (0x13C58593) addi a1, a1, 316
x11 <- 0x00000000002D413C
mem[X,0x0000000080026270] -> 0x9593
mem[X,0x0000000080026272] -> 0x00A5
[4680] [M]: 0x0000000080026270 (0x00A59593) slli a1, a1, 10
x11 <- 0x00000000B504F000
mem[X,0x0000000080026274] -> 0x8593
mem[X,0x0000000080026276] -> 0x3345
[4681] [M]: 0x0000000080026274 (0x33458593) addi a1, a1, 820
x11 <- 0x00000000B504F334
mem[X,0x0000000080026278] -> 0x0113
mem[X,0x000000008002627A] -> 0x0000
[4682] [M]: 0x0000000080026278 (0x00000113) addi sp, zero, 0
x2 <- 0x0000000000000000
mem[X,0x000000008002627C] -> 0x006F
mem[X,0x000000008002627E] -> 0x00C0
[4683] [M]: 0x000000008002627C (0x00C0006F) jal zero, 12
mem[X,0x0000000080026288] -> 0x4663
mem[X,0x000000008002628A] -> 0x00B5
[4684] [M]: 0x0000000080026288 (0x00B54663) blt a0, a1, 12
mem[X,0x000000008002628C] -> 0x0113
mem[X,0x000000008002628E] -> 0x0021
[4685] [M]: 0x000000008002628C (0x00210113) addi sp, sp, 2
x2 <- 0x0000000000000002
mem[X,0x0000000080026290] -> 0x006F
mem[X,0x0000000080026292] -> 0x00C0
[4686] [M]: 0x0000000080026290 (0x00C0006F) jal zero, 12
mem[X,0x000000008002629C] -> 0xB023
mem[X,0x000000008002629E] -> 0x1420
[4687] [M]: 0x000000008002629C (0x1420B023) sd sp, 320(ra)
mem[0x000000008004FB18] <- 0x0000000000000002
mem[X,0x00000000800262A0] -> 0x0537
mem[X,0x00000000800262A2] -> 0x0000
[4688] [M]: 0x00000000800262A0 (0x00000537) lui a0, 0
x10 <- 0x0000000000000000
mem[X,0x00000000800262A4] -> 0x0513
mem[X,0x00000000800262A6] -> 0xFFF5
[4689] [M]: 0x00000000800262A4 (0xFFF50513) addi a0, a0, 4095
x10 <- 0xFFFFFFFFFFFFFFFF
mem[X,0x00000000800262A8] -> 0x1513
mem[X,0x00000000800262AA] -> 0x00B5
[4690] [M]: 0x00000000800262A8 (0x00B51513) slli a0, a0, 11
x10 <- 0xFFFFFFFFFFFFF800
mem[X,0x00000000800262AC] -> 0x0513
mem[X,0x00000000800262AE] -> 0x2575
[4691] [M]: 0x00000000800262AC (0x25750513) addi a0, a0, 599
x10 <- 0xFFFFFFFFFFFFFA57
mem[X,0x00000000800262B0] -> 0x1513
mem[X,0x00000000800262B2] -> 0x00B5
[4692] [M]: 0x00000000800262B0 (0x00B51513) slli a0, a0, 11
x10 <- 0xFFFFFFFFFFD2B800
mem[X,0x00000000800262B4] -> 0x0513
mem[X,0x00000000800262B6] -> 0x6C35
[4693] [M]: 0x00000000800262B4 (0x6C350513) addi a0, a0, 1731
x10 <- 0xFFFFFFFFFFD2BEC3
mem[X,0x00000000800262B8] -> 0x1513
mem[X,0x00000000800262BA] -> 0x00A5
[4694] [M]: 0x00000000800262B8 (0x00A51513) slli a0, a0, 10
x10 <- 0xFFFFFFFF4AFB0C00
mem[X,0x00000000800262BC] -> 0x0513
mem[X,0x00000000800262BE] -> 0x0CD5
[4695] [M]: 0x00000000800262BC (0x0CD50513) addi a0, a0, 205
x10 <- 0xFFFFFFFF4AFB0CCD
mem[X,0x00000000800262C0] -> 0x0593
mem[X,0x00000000800262C2] -> 0x0030
[4696] [M]: 0x00000000800262C0 (0x00300593) addi a1, zero, 3
x11 <- 0x0000000000000003
mem[X,0x00000000800262C4] -> 0x0113
mem[X,0x00000000800262C6] -> 0x0000
[4697] [M]: 0x00000000800262C4 (0x00000113) addi sp, zero, 0
x2 <- 0x0000000000000000
mem[X,0x00000000800262C8] -> 0x006F
mem[X,0x00000000800262CA] -> 0x00C0
[4698] [M]: 0x00000000800262C8 (0x00C0006F) jal zero, 12
mem[X,0x00000000800262D4] -> 0x4063
mem[X,0x00000000800262D6] -> 0x20B5
[4699] [M]: 0x00000000800262D4 (0x20B54063) blt a0, a1, 512
clint::tick mtime <- 0x000000000000002F
 clint timer pending at mtime 0x000000000000002F
htif::tick 0x0000000000000000
mem[X,0x00000000800264D4] -> 0x0113
mem[X,0x00000000800264D6] -> 0x0031
[4700] [M]: 0x00000000800264D4 (0x00310113) addi sp, sp, 3
x2 <- 0x0000000000000003
mem[X,0x00000000800264D8] -> 0x006F
mem[X,0x00000000800264DA] -> 0x0040
[4701] [M]: 0x00000000800264D8 (0x0040006F) jal zero, 4
mem[X,0x00000000800264DC] -> 0xB423
mem[X,0x00000000800264DE] -> 0x1420
[4702] [M]: 0x00000000800264DC (0x1420B423) sd sp, 328(ra)
mem[0x000000008004FB20] <- 0x0000000000000003
mem[X,0x00000000800264E0] -> 0x0537
mem[X,0x00000000800264E2] -> 0x0000
[4703] [M]: 0x00000000800264E0 (0x00000537) lui a0, 0
x10 <- 0x0000000000000000
mem[X,0x00000000800264E4] -> 0x0513
mem[X,0x00000000800264E6] -> 0xFFF5
[4704] [M]: 0x00000000800264E4 (0xFFF50513) addi a0, a0, 4095
x10 <- 0xFFFFFFFFFFFFFFFF
mem[X,0x00000000800264E8] -> 0x1513
mem[X,0x00000000800264EA] -> 0x00B5
[4705] [M]: 0x00000000800264E8 (0x00B51513) slli a0, a0, 11
x10 <- 0xFFFFFFFFFFFFF800
mem[X,0x00000000800264EC] -> 0x0513
mem[X,0x00000000800264EE] -> 0x2575
[4706] [M]: 0x00000000800264EC (0x25750513) addi a0, a0, 599
x10 <- 0xFFFFFFFFFFFFFA57
mem[X,0x00000000800264F0] -> 0x1513
mem[X,0x00000000800264F2] -> 0x00B5
[4707] [M]: 0x00000000800264F0 (0x00B51513) slli a0, a0, 11
x10 <- 0xFFFFFFFFFFD2B800
mem[X,0x00000000800264F4] -> 0x0513
mem[X,0x00000000800264F6] -> 0x6C35
[4708] [M]: 0x00000000800264F4 (0x6C350513) addi a0, a0, 1731
x10 <- 0xFFFFFFFFFFD2BEC3
mem[X,0x00000000800264F8] -> 0x1513
mem[X,0x00000000800264FA] -> 0x00A5
[4709] [M]: 0x00000000800264F8 (0x00A51513) slli a0, a0, 10
x10 <- 0xFFFFFFFF4AFB0C00
mem[X,0x00000000800264FC] -> 0x0513
mem[X,0x00000000800264FE] -> 0x0CD5
[4710] [M]: 0x00000000800264FC (0x0CD50513) addi a0, a0, 205
x10 <- 0xFFFFFFFF4AFB0CCD
mem[X,0x0000000080026500] -> 0x55B7
mem[X,0x0000000080026502] -> 0x5555
[4711] [M]: 0x0000000080026500 (0x555555B7) lui a1, 349525
x11 <- 0x0000000055555000
mem[X,0x0000000080026504] -> 0x8593
mem[X,0x0000000080026506] -> 0x5555
[4712] [M]: 0x0000000080026504 (0x55558593) addi a1, a1, 1365
x11 <- 0x0000000055555555
mem[X,0x0000000080026508] -> 0x9593
mem[X,0x000000008002650A] -> 0x00B5
[4713] [M]: 0x0000000080026508 (0x00B59593) slli a1, a1, 11
x11 <- 0x000002AAAAAAA800
mem[X,0x000000008002650C] -> 0x8593
mem[X,0x000000008002650E] -> 0x2AA5
[4714] [M]: 0x000000008002650C (0x2AA58593) addi a1, a1, 682
x11 <- 0x000002AAAAAAAAAA
mem[X,0x0000000080026510] -> 0x9593
mem[X,0x0000000080026512] -> 0x00B5
[4715] [M]: 0x0000000080026510 (0x00B59593) slli a1, a1, 11
x11 <- 0x0015555555555000
mem[X,0x0000000080026514] -> 0x8593
mem[X,0x0000000080026516] -> 0x5555
[4716] [M]: 0x0000000080026514 (0x55558593) addi a1, a1, 1365
x11 <- 0x0015555555555555
mem[X,0x0000000080026518] -> 0x9593
mem[X,0x000000008002651A] -> 0x00A5
[4717] [M]: 0x0000000080026518 (0x00A59593) slli a1, a1, 10
x11 <- 0x5555555555555400
mem[X,0x000000008002651C] -> 0x8593
mem[X,0x000000008002651E] -> 0x1555
[4718] [M]: 0x000000008002651C (0x15558593) addi a1, a1, 341
x11 <- 0x5555555555555555
mem[X,0x0000000080026520] -> 0x0113
mem[X,0x0000000080026522] -> 0x0000
[4719] [M]: 0x0000000080026520 (0x00000113) addi sp, zero, 0
x2 <- 0x0000000000000000
mem[X,0x0000000080026524] -> 0x006F
mem[X,0x0000000080026526] -> 0x00C0
[4720] [M]: 0x0000000080026524 (0x00C0006F) jal zero, 12
mem[X,0x0000000080026530] -> 0x4663
mem[X,0x0000000080026532] -> 0x00B5
[4721] [M]: 0x0000000080026530 (0x00B54663) blt a0, a1, 12
mem[X,0x000000008002653C] -> 0x0113
mem[X,0x000000008002653E] -> 0x0031
[4722] [M]: 0x000000008002653C (0x00310113) addi sp, sp, 3
x2 <- 0x0000000000000003
mem[X,0x0000000080026540] -> 0x006F
mem[X,0x0000000080026542] -> 0x0040
[4723] [M]: 0x0000000080026540 (0x0040006F) jal zero, 4
mem[X,0x0000000080026544] -> 0xB823
mem[X,0x0000000080026546] -> 0x1420
[4724] [M]: 0x0000000080026544 (0x1420B823) sd sp, 336(ra)
mem[0x000000008004FB28] <- 0x0000000000000003
mem[X,0x0000000080026548] -> 0x0537
mem[X,0x000000008002654A] -> 0x0000
[4725] [M]: 0x0000000080026548 (0x00000537) lui a0, 0
x10 <- 0x0000000000000000
mem[X,0x000000008002654C] -> 0x0513
mem[X,0x000000008002654E] -> 0xFFF5
[4726] [M]: 0x000000008002654C (0xFFF50513) addi a0, a0, 4095
x10 <- 0xFFFFFFFFFFFFFFFF
mem[X,0x0000000080026550] -> 0x1513
mem[X,0x0000000080026552] -> 0x00B5
[4727] [M]: 0x0000000080026550 (0x00B51513) slli a0, a0, 11
x10 <- 0xFFFFFFFFFFFFF800
mem[X,0x0000000080026554] -> 0x0513
mem[X,0x0000000080026556] -> 0x2575
[4728] [M]: 0x0000000080026554 (0x25750513) addi a0, a0, 599
x10 <- 0xFFFFFFFFFFFFFA57
mem[X,0x0000000080026558] -> 0x1513
mem[X,0x000000008002655A] -> 0x00B5
[4729] [M]: 0x0000000080026558 (0x00B51513) slli a0, a0, 11
x10 <- 0xFFFFFFFFFFD2B800
mem[X,0x000000008002655C] -> 0x0513
mem[X,0x000000008002655E] -> 0x6C35
[4730] [M]: 0x000000008002655C (0x6C350513) addi a0, a0, 1731
x10 <- 0xFFFFFFFFFFD2BEC3
mem[X,0x0000000080026560] -> 0x1513
mem[X,0x0000000080026562] -> 0x00A5
[4731] [M]: 0x0000000080026560 (0x00A51513) slli a0, a0, 10
x10 <- 0xFFFFFFFF4AFB0C00
mem[X,0x0000000080026564] -> 0x0513
mem[X,0x0000000080026566] -> 0x0CD5
[4732] [M]: 0x0000000080026564 (0x0CD50513) addi a0, a0, 205
x10 <- 0xFFFFFFFF4AFB0CCD
mem[X,0x0000000080026568] -> 0xB5B7
mem[X,0x000000008002656A] -> 0xAAAA
[4733] [M]: 0x0000000080026568 (0xAAAAB5B7) lui a1, 699051
x11 <- 0xFFFFFFFFAAAAB000
mem[X,0x000000008002656C] -> 0x8593
mem[X,0x000000008002656E] -> 0xAAA5
[4734] [M]: 0x000000008002656C (0xAAA58593) addi a1, a1, 2730
x11 <- 0xFFFFFFFFAAAAAAAA
mem[X,0x0000000080026570] -> 0x9593
mem[X,0x0000000080026572] -> 0x00B5
[4735] [M]: 0x0000000080026570 (0x00B59593) slli a1, a1, 11
x11 <- 0xFFFFFD5555555000
mem[X,0x0000000080026574] -> 0x8593
mem[X,0x0000000080026576] -> 0x5555
[4736] [M]: 0x0000000080026574 (0x55558593) addi a1, a1, 1365
x11 <- 0xFFFFFD5555555555
mem[X,0x0000000080026578] -> 0x9593
mem[X,0x000000008002657A] -> 0x00B5
[4737] [M]: 0x0000000080026578 (0x00B59593) slli a1, a1, 11
x11 <- 0xFFEAAAAAAAAAA800
mem[X,0x000000008002657C] -> 0x8593
mem[X,0x000000008002657E] -> 0x2AA5
[4738] [M]: 0x000000008002657C (0x2AA58593) addi a1, a1, 682
x11 <- 0xFFEAAAAAAAAAAAAA
mem[X,0x0000000080026580] -> 0x9593
mem[X,0x0000000080026582] -> 0x00A5
[4739] [M]: 0x0000000080026580 (0x00A59593) slli a1, a1, 10
x11 <- 0xAAAAAAAAAAAAA800
mem[X,0x0000000080026584] -> 0x8593
mem[X,0x0000000080026586] -> 0x2AA5
[4740] [M]: 0x0000000080026584 (0x2AA58593) addi a1, a1, 682
x11 <- 0xAAAAAAAAAAAAAAAA
mem[X,0x0000000080026588] -> 0x0113
mem[X,0x000000008002658A] -> 0x0000
[4741] [M]: 0x0000000080026588 (0x00000113) addi sp, zero, 0
x2 <- 0x0000000000000000
mem[X,0x000000008002658C] -> 0x006F
mem[X,0x000000008002658E] -> 0x00C0
[4742] [M]: 0x000000008002658C (0x00C0006F) jal zero, 12
mem[X,0x0000000080026598] -> 0x4663
mem[X,0x000000008002659A] -> 0x00B5
[4743] [M]: 0x0000000080026598 (0x00B54663) blt a0, a1, 12
mem[X,0x000000008002659C] -> 0x0113
mem[X,0x000000008002659E] -> 0x0021
[4744] [M]: 0x000000008002659C (0x00210113) addi sp, sp, 2
x2 <- 0x0000000000000002
mem[X,0x00000000800265A0] -> 0x006F
mem[X,0x00000000800265A2] -> 0x00C0
[4745] [M]: 0x00000000800265A0 (0x00C0006F) jal zero, 12
mem[X,0x00000000800265AC] -> 0xBC23
mem[X,0x00000000800265AE] -> 0x1420
[4746] [M]: 0x00000000800265AC (0x1420BC23) sd sp, 344(ra)
mem[0x000000008004FB30] <- 0x0000000000000002
mem[X,0x00000000800265B0] -> 0x0537
mem[X,0x00000000800265B2] -> 0x0000
[4747] [M]: 0x00000000800265B0 (0x00000537) lui a0, 0
x10 <- 0x0000000000000000
mem[X,0x00000000800265B4] -> 0x0513
mem[X,0x00000000800265B6] -> 0xFFF5
[4748] [M]: 0x00000000800265B4 (0xFFF50513) addi a0, a0, 4095
x10 <- 0xFFFFFFFFFFFFFFFF
mem[X,0x00000000800265B8] -> 0x1513
mem[X,0x00000000800265BA] -> 0x00B5
[4749] [M]: 0x00000000800265B8 (0x00B51513) slli a0, a0, 11
x10 <- 0xFFFFFFFFFFFFF800
mem[X,0x00000000800265BC] -> 0x0513
mem[X,0x00000000800265BE] -> 0x2575
[4750] [M]: 0x00000000800265BC (0x25750513) addi a0, a0, 599
x10 <- 0xFFFFFFFFFFFFFA57
mem[X,0x00000000800265C0] -> 0x1513
mem[X,0x00000000800265C2] -> 0x00B5
[4751] [M]: 0x00000000800265C0 (0x00B51513) slli a0, a0, 11
x10 <- 0xFFFFFFFFFFD2B800
mem[X,0x00000000800265C4] -> 0x0513
mem[X,0x00000000800265C6] -> 0x6C35
[4752] [M]: 0x00000000800265C4 (0x6C350513) addi a0, a0, 1731
x10 <- 0xFFFFFFFFFFD2BEC3
mem[X,0x00000000800265C8] -> 0x1513
mem[X,0x00000000800265CA] -> 0x00A5
[4753] [M]: 0x00000000800265C8 (0x00A51513) slli a0, a0, 10
x10 <- 0xFFFFFFFF4AFB0C00
mem[X,0x00000000800265CC] -> 0x0513
mem[X,0x00000000800265CE] -> 0x0CD5
[4754] [M]: 0x00000000800265CC (0x0CD50513) addi a0, a0, 205
x10 <- 0xFFFFFFFF4AFB0CCD
mem[X,0x00000000800265D0] -> 0x0593
mem[X,0x00000000800265D2] -> 0x0050
[4755] [M]: 0x00000000800265D0 (0x00500593) addi a1, zero, 5
x11 <- 0x0000000000000005
mem[X,0x00000000800265D4] -> 0x0113
mem[X,0x00000000800265D6] -> 0x0000
[4756] [M]: 0x00000000800265D4 (0x00000113) addi sp, zero, 0
x2 <- 0x0000000000000000
mem[X,0x00000000800265D8] -> 0x006F
mem[X,0x00000000800265DA] -> 0x00C0
[4757] [M]: 0x00000000800265D8 (0x00C0006F) jal zero, 12
mem[X,0x00000000800265E4] -> 0x4063
mem[X,0x00000000800265E6] -> 0x04B5
[4758] [M]: 0x00000000800265E4 (0x04B54063) blt a0, a1, 64
mem[X,0x0000000080026624] -> 0x0113
mem[X,0x0000000080026626] -> 0x0031
[4759] [M]: 0x0000000080026624 (0x00310113) addi sp, sp, 3
x2 <- 0x0000000000000003
mem[X,0x0000000080026628] -> 0x006F
mem[X,0x000000008002662A] -> 0x0040
[4760] [M]: 0x0000000080026628 (0x0040006F) jal zero, 4
mem[X,0x000000008002662C] -> 0xB023
mem[X,0x000000008002662E] -> 0x1620
[4761] [M]: 0x000000008002662C (0x1620B023) sd sp, 352(ra)
mem[0x000000008004FB38] <- 0x0000000000000003
mem[X,0x0000000080026630] -> 0x0537
mem[X,0x0000000080026632] -> 0x0000
[4762] [M]: 0x0000000080026630 (0x00000537) lui a0, 0
x10 <- 0x0000000000000000
mem[X,0x0000000080026634] -> 0x0513
mem[X,0x0000000080026636] -> 0xFFF5
[4763] [M]: 0x0000000080026634 (0xFFF50513) addi a0, a0, 4095
x10 <- 0xFFFFFFFFFFFFFFFF
mem[X,0x0000000080026638] -> 0x1513
mem[X,0x000000008002663A] -> 0x00B5
[4764] [M]: 0x0000000080026638 (0x00B51513) slli a0, a0, 11
x10 <- 0xFFFFFFFFFFFFF800
mem[X,0x000000008002663C] -> 0x0513
mem[X,0x000000008002663E] -> 0x2575
[4765] [M]: 0x000000008002663C (0x25750513) addi a0, a0, 599
x10 <- 0xFFFFFFFFFFFFFA57
mem[X,0x0000000080026640] -> 0x1513
mem[X,0x0000000080026642] -> 0x00B5
[4766] [M]: 0x0000000080026640 (0x00B51513) slli a0, a0, 11
x10 <- 0xFFFFFFFFFFD2B800
mem[X,0x0000000080026644] -> 0x0513
mem[X,0x0000000080026646] -> 0x6C35
[4767] [M]: 0x0000000080026644 (0x6C350513) addi a0, a0, 1731
x10 <- 0xFFFFFFFFFFD2BEC3
mem[X,0x0000000080026648] -> 0x1513
mem[X,0x000000008002664A] -> 0x00A5
[4768] [M]: 0x0000000080026648 (0x00A51513) slli a0, a0, 10
x10 <- 0xFFFFFFFF4AFB0C00
mem[X,0x000000008002664C] -> 0x0513
mem[X,0x000000008002664E] -> 0x0CD5
[4769] [M]: 0x000000008002664C (0x0CD50513) addi a0, a0, 205
x10 <- 0xFFFFFFFF4AFB0CCD
mem[X,0x0000000080026650] -> 0x35B7
mem[X,0x0000000080026652] -> 0x3333
[4770] [M]: 0x0000000080026650 (0x333335B7) lui a1, 209715
x11 <- 0x0000000033333000
mem[X,0x0000000080026654] -> 0x8593
mem[X,0x0000000080026656] -> 0x3335
[4771] [M]: 0x0000000080026654 (0x33358593) addi a1, a1, 819
x11 <- 0x0000000033333333
mem[X,0x0000000080026658] -> 0x9593
mem[X,0x000000008002665A] -> 0x00B5
[4772] [M]: 0x0000000080026658 (0x00B59593) slli a1, a1, 11
x11 <- 0x0000019999999800
mem[X,0x000000008002665C] -> 0x8593
mem[X,0x000000008002665E] -> 0x1995
[4773] [M]: 0x000000008002665C (0x19958593) addi a1, a1, 409
x11 <- 0x0000019999999999
mem[X,0x0000000080026660] -> 0x9593
mem[X,0x0000000080026662] -> 0x00B5
[4774] [M]: 0x0000000080026660 (0x00B59593) slli a1, a1, 11
x11 <- 0x000CCCCCCCCCC800
mem[X,0x0000000080026664] -> 0x8593
mem[X,0x0000000080026666] -> 0x4CC5
[4775] [M]: 0x0000000080026664 (0x4CC58593) addi a1, a1, 1228
x11 <- 0x000CCCCCCCCCCCCC
mem[X,0x0000000080026668] -> 0x9593
mem[X,0x000000008002666A] -> 0x00A5
[4776] [M]: 0x0000000080026668 (0x00A59593) slli a1, a1, 10
x11 <- 0x3333333333333000
mem[X,0x000000008002666C] -> 0x8593
mem[X,0x000000008002666E] -> 0x3335
[4777] [M]: 0x000000008002666C (0x33358593) addi a1, a1, 819
x11 <- 0x3333333333333333
mem[X,0x0000000080026670] -> 0x0113
mem[X,0x0000000080026672] -> 0x0000
[4778] [M]: 0x0000000080026670 (0x00000113) addi sp, zero, 0
x2 <- 0x0000000000000000
mem[X,0x0000000080026674] -> 0x006F
mem[X,0x0000000080026676] -> 0x2B10
[4779] [M]: 0x0000000080026674 (0x2B10006F) jal zero, 2736
mem[X,0x0000000080027124] -> 0x4A63
mem[X,0x0000000080027126] -> 0xD4B5
[4780] [M]: 0x0000000080027124 (0xD4B54A63) blt a0, a1, 5460
mem[X,0x0000000080026678] -> 0x0113
mem[X,0x000000008002667A] -> 0x0011
[4781] [M]: 0x0000000080026678 (0x00110113) addi sp, sp, 1
x2 <- 0x0000000000000001
mem[X,0x000000008002667C] -> 0x006F
mem[X,0x000000008002667E] -> 0x2BD0
[4782] [M]: 0x000000008002667C (0x2BD0006F) jal zero, 2748
mem[X,0x0000000080027138] -> 0xB423
mem[X,0x000000008002713A] -> 0x1620
[4783] [M]: 0x0000000080027138 (0x1620B423) sd sp, 360(ra)
mem[0x000000008004FB40] <- 0x0000000000000001
mem[X,0x000000008002713C] -> 0x0537
mem[X,0x000000008002713E] -> 0x0000
[4784] [M]: 0x000000008002713C (0x00000537) lui a0, 0
x10 <- 0x0000000000000000
mem[X,0x0000000080027140] -> 0x0513
mem[X,0x0000000080027142] -> 0xFFF5
[4785] [M]: 0x0000000080027140 (0xFFF50513) addi a0, a0, 4095
x10 <- 0xFFFFFFFFFFFFFFFF
mem[X,0x0000000080027144] -> 0x1513
mem[X,0x0000000080027146] -> 0x00B5
[4786] [M]: 0x0000000080027144 (0x00B51513) slli a0, a0, 11
x10 <- 0xFFFFFFFFFFFFF800
mem[X,0x0000000080027148] -> 0x0513
mem[X,0x000000008002714A] -> 0x2575
[4787] [M]: 0x0000000080027148 (0x25750513) addi a0, a0, 599
x10 <- 0xFFFFFFFFFFFFFA57
mem[X,0x000000008002714C] -> 0x1513
mem[X,0x000000008002714E] -> 0x00B5
[4788] [M]: 0x000000008002714C (0x00B51513) slli a0, a0, 11
x10 <- 0xFFFFFFFFFFD2B800
mem[X,0x0000000080027150] -> 0x0513
mem[X,0x0000000080027152] -> 0x6C35
[4789] [M]: 0x0000000080027150 (0x6C350513) addi a0, a0, 1731
x10 <- 0xFFFFFFFFFFD2BEC3
mem[X,0x0000000080027154] -> 0x1513
mem[X,0x0000000080027156] -> 0x00A5
[4790] [M]: 0x0000000080027154 (0x00A51513) slli a0, a0, 10
x10 <- 0xFFFFFFFF4AFB0C00
mem[X,0x0000000080027158] -> 0x0513
mem[X,0x000000008002715A] -> 0x0CD5
[4791] [M]: 0x0000000080027158 (0x0CD50513) addi a0, a0, 205
x10 <- 0xFFFFFFFF4AFB0CCD
mem[X,0x000000008002715C] -> 0x65B7
mem[X,0x000000008002715E] -> 0x6666
[4792] [M]: 0x000000008002715C (0x666665B7) lui a1, 419430
x11 <- 0x0000000066666000
mem[X,0x0000000080027160] -> 0x8593
mem[X,0x0000000080027162] -> 0x6665
[4793] [M]: 0x0000000080027160 (0x66658593) addi a1, a1, 1638
x11 <- 0x0000000066666666
mem[X,0x0000000080027164] -> 0x9593
mem[X,0x0000000080027166] -> 0x00B5
[4794] [M]: 0x0000000080027164 (0x00B59593) slli a1, a1, 11
x11 <- 0x0000033333333000
mem[X,0x0000000080027168] -> 0x8593
mem[X,0x000000008002716A] -> 0x3335
[4795] [M]: 0x0000000080027168 (0x33358593) addi a1, a1, 819
x11 <- 0x0000033333333333
mem[X,0x000000008002716C] -> 0x9593
mem[X,0x000000008002716E] -> 0x00B5
[4796] [M]: 0x000000008002716C (0x00B59593) slli a1, a1, 11
x11 <- 0x0019999999999800
mem[X,0x0000000080027170] -> 0x8593
mem[X,0x0000000080027172] -> 0x1995
[4797] [M]: 0x0000000080027170 (0x19958593) addi a1, a1, 409
x11 <- 0x0019999999999999
mem[X,0x0000000080027174] -> 0x9593
mem[X,0x0000000080027176] -> 0x00A5
[4798] [M]: 0x0000000080027174 (0x00A59593) slli a1, a1, 10
x11 <- 0x6666666666666400
mem[X,0x0000000080027178] -> 0x8593
mem[X,0x000000008002717A] -> 0x2665
[4799] [M]: 0x0000000080027178 (0x26658593) addi a1, a1, 614
x11 <- 0x6666666666666666
clint::tick mtime <- 0x0000000000000030
 clint timer pending at mtime 0x0000000000000030
htif::tick 0x0000000000000000
mem[X,0x000000008002717C] -> 0x0113
mem[X,0x000000008002717E] -> 0x0000
[4800] [M]: 0x000000008002717C (0x00000113) addi sp, zero, 0
x2 <- 0x0000000000000000
mem[X,0x0000000080027180] -> 0x006F
mem[X,0x0000000080027182] -> 0x0140
[4801] [M]: 0x0000000080027180 (0x0140006F) jal zero, 20
mem[X,0x0000000080027194] -> 0x48E3
mem[X,0x0000000080027196] -> 0xFEB5
[4802] [M]: 0x0000000080027194 (0xFEB548E3) blt a0, a1, 8176
mem[X,0x0000000080027184] -> 0x0113
mem[X,0x0000000080027186] -> 0x0011
[4803] [M]: 0x0000000080027184 (0x00110113) addi sp, sp, 1
x2 <- 0x0000000000000001
mem[X,0x0000000080027188] -> 0x006F
mem[X,0x000000008002718A] -> 0x0200
[4804] [M]: 0x0000000080027188 (0x0200006F) jal zero, 32
mem[X,0x00000000800271A8] -> 0xB823
mem[X,0x00000000800271AA] -> 0x1620
[4805] [M]: 0x00000000800271A8 (0x1620B823) sd sp, 368(ra)
mem[0x000000008004FB48] <- 0x0000000000000001
mem[X,0x00000000800271AC] -> 0x0537
mem[X,0x00000000800271AE] -> 0x0000
[4806] [M]: 0x00000000800271AC (0x00000537) lui a0, 0
x10 <- 0x0000000000000000
mem[X,0x00000000800271B0] -> 0x0513
mem[X,0x00000000800271B2] -> 0xFFF5
[4807] [M]: 0x00000000800271B0 (0xFFF50513) addi a0, a0, 4095
x10 <- 0xFFFFFFFFFFFFFFFF
mem[X,0x00000000800271B4] -> 0x1513
mem[X,0x00000000800271B6] -> 0x00B5
[4808] [M]: 0x00000000800271B4 (0x00B51513) slli a0, a0, 11
x10 <- 0xFFFFFFFFFFFFF800
mem[X,0x00000000800271B8] -> 0x0513
mem[X,0x00000000800271BA] -> 0x2575
[4809] [M]: 0x00000000800271B8 (0x25750513) addi a0, a0, 599
x10 <- 0xFFFFFFFFFFFFFA57
mem[X,0x00000000800271BC] -> 0x1513
mem[X,0x00000000800271BE] -> 0x00B5
[4810] [M]: 0x00000000800271BC (0x00B51513) slli a0, a0, 11
x10 <- 0xFFFFFFFFFFD2B800
mem[X,0x00000000800271C0] -> 0x0513
mem[X,0x00000000800271C2] -> 0x6C35
[4811] [M]: 0x00000000800271C0 (0x6C350513) addi a0, a0, 1731
x10 <- 0xFFFFFFFFFFD2BEC3
mem[X,0x00000000800271C4] -> 0x1513
mem[X,0x00000000800271C6] -> 0x00A5
[4812] [M]: 0x00000000800271C4 (0x00A51513) slli a0, a0, 10
x10 <- 0xFFFFFFFF4AFB0C00
mem[X,0x00000000800271C8] -> 0x0513
mem[X,0x00000000800271CA] -> 0x0CD5
[4813] [M]: 0x00000000800271C8 (0x0CD50513) addi a0, a0, 205
x10 <- 0xFFFFFFFF4AFB0CCD
mem[X,0x00000000800271CC] -> 0x05B7
mem[X,0x00000000800271CE] -> 0x0000
[4814] [M]: 0x00000000800271CC (0x000005B7) lui a1, 0
x11 <- 0x0000000000000000
mem[X,0x00000000800271D0] -> 0x8593
mem[X,0x00000000800271D2] -> 0xFFF5
[4815] [M]: 0x00000000800271D0 (0xFFF58593) addi a1, a1, 4095
x11 <- 0xFFFFFFFFFFFFFFFF
mem[X,0x00000000800271D4] -> 0x9593
mem[X,0x00000000800271D6] -> 0x00B5
[4816] [M]: 0x00000000800271D4 (0x00B59593) slli a1, a1, 11
x11 <- 0xFFFFFFFFFFFFF800
mem[X,0x00000000800271D8] -> 0x8593
mem[X,0x00000000800271DA] -> 0x2575
[4817] [M]: 0x00000000800271D8 (0x25758593) addi a1, a1, 599
x11 <- 0xFFFFFFFFFFFFFA57
mem[X,0x00000000800271DC] -> 0x9593
mem[X,0x00000000800271DE] -> 0x00B5
[4818] [M]: 0x00000000800271DC (0x00B59593) slli a1, a1, 11
x11 <- 0xFFFFFFFFFFD2B800
mem[X,0x00000000800271E0] -> 0x8593
mem[X,0x00000000800271E2] -> 0x6C35
[4819] [M]: 0x00000000800271E0 (0x6C358593) addi a1, a1, 1731
x11 <- 0xFFFFFFFFFFD2BEC3
mem[X,0x00000000800271E4] -> 0x9593
mem[X,0x00000000800271E6] -> 0x00A5
[4820] [M]: 0x00000000800271E4 (0x00A59593) slli a1, a1, 10
x11 <- 0xFFFFFFFF4AFB0C00
mem[X,0x00000000800271E8] -> 0x8593
mem[X,0x00000000800271EA] -> 0x0CD5
[4821] [M]: 0x00000000800271E8 (0x0CD58593) addi a1, a1, 205
x11 <- 0xFFFFFFFF4AFB0CCD
mem[X,0x00000000800271EC] -> 0x0113
mem[X,0x00000000800271EE] -> 0x0000
[4822] [M]: 0x00000000800271EC (0x00000113) addi sp, zero, 0
x2 <- 0x0000000000000000
mem[X,0x00000000800271F0] -> 0x006F
mem[X,0x00000000800271F2] -> 0x00C0
[4823] [M]: 0x00000000800271F0 (0x00C0006F) jal zero, 12
mem[X,0x00000000800271FC] -> 0x4CE3
mem[X,0x00000000800271FE] -> 0xFEB5
[4824] [M]: 0x00000000800271FC (0xFEB54CE3) blt a0, a1, 8184
mem[X,0x0000000080027200] -> 0x0113
mem[X,0x0000000080027202] -> 0x0021
[4825] [M]: 0x0000000080027200 (0x00210113) addi sp, sp, 2
x2 <- 0x0000000000000002
mem[X,0x0000000080027204] -> 0x006F
mem[X,0x0000000080027206] -> 0x00C0
[4826] [M]: 0x0000000080027204 (0x00C0006F) jal zero, 12
mem[X,0x0000000080027210] -> 0xBC23
mem[X,0x0000000080027212] -> 0x1620
[4827] [M]: 0x0000000080027210 (0x1620BC23) sd sp, 376(ra)
mem[0x000000008004FB50] <- 0x0000000000000002
mem[X,0x0000000080027214] -> 0x0537
mem[X,0x0000000080027216] -> 0x0000
[4828] [M]: 0x0000000080027214 (0x00000537) lui a0, 0
x10 <- 0x0000000000000000
mem[X,0x0000000080027218] -> 0x0513
mem[X,0x000000008002721A] -> 0xFFF5
[4829] [M]: 0x0000000080027218 (0xFFF50513) addi a0, a0, 4095
x10 <- 0xFFFFFFFFFFFFFFFF
mem[X,0x000000008002721C] -> 0x1513
mem[X,0x000000008002721E] -> 0x00B5
[4830] [M]: 0x000000008002721C (0x00B51513) slli a0, a0, 11
x10 <- 0xFFFFFFFFFFFFF800
mem[X,0x0000000080027220] -> 0x0513
mem[X,0x0000000080027222] -> 0x2575
[4831] [M]: 0x0000000080027220 (0x25750513) addi a0, a0, 599
x10 <- 0xFFFFFFFFFFFFFA57
mem[X,0x0000000080027224] -> 0x1513
mem[X,0x0000000080027226] -> 0x00B5
[4832] [M]: 0x0000000080027224 (0x00B51513) slli a0, a0, 11
x10 <- 0xFFFFFFFFFFD2B800
mem[X,0x0000000080027228] -> 0x0513
mem[X,0x000000008002722A] -> 0x6C35
[4833] [M]: 0x0000000080027228 (0x6C350513) addi a0, a0, 1731
x10 <- 0xFFFFFFFFFFD2BEC3
mem[X,0x000000008002722C] -> 0x1513
mem[X,0x000000008002722E] -> 0x00A5
[4834] [M]: 0x000000008002722C (0x00A51513) slli a0, a0, 10
x10 <- 0xFFFFFFFF4AFB0C00
mem[X,0x0000000080027230] -> 0x0513
mem[X,0x0000000080027232] -> 0x0CD5
[4835] [M]: 0x0000000080027230 (0x0CD50513) addi a0, a0, 205
x10 <- 0xFFFFFFFF4AFB0CCD
mem[X,0x0000000080027234] -> 0x05B7
mem[X,0x0000000080027236] -> 0x0000
[4836] [M]: 0x0000000080027234 (0x000005B7) lui a1, 0
x11 <- 0x0000000000000000
mem[X,0x0000000080027238] -> 0x8593
mem[X,0x000000008002723A] -> 0x0005
[4837] [M]: 0x0000000080027238 (0x00058593) addi a1, a1, 0
x11 <- 0x0000000000000000
mem[X,0x000000008002723C] -> 0x9593
mem[X,0x000000008002723E] -> 0x00B5
[4838] [M]: 0x000000008002723C (0x00B59593) slli a1, a1, 11
x11 <- 0x0000000000000000
mem[X,0x0000000080027240] -> 0x8593
mem[X,0x0000000080027242] -> 0x5A85
[4839] [M]: 0x0000000080027240 (0x5A858593) addi a1, a1, 1448
x11 <- 0x00000000000005A8
mem[X,0x0000000080027244] -> 0x9593
mem[X,0x0000000080027246] -> 0x00B5
[4840] [M]: 0x0000000080027244 (0x00B59593) slli a1, a1, 11
x11 <- 0x00000000002D4000
mem[X,0x0000000080027248] -> 0x8593
mem[X,0x000000008002724A] -> 0x13C5
[4841] [M]: 0x0000000080027248 (0x13C58593) addi a1, a1, 316
x11 <- 0x00000000002D413C
mem[X,0x000000008002724C] -> 0x9593
mem[X,0x000000008002724E] -> 0x00A5
[4842] [M]: 0x000000008002724C (0x00A59593) slli a1, a1, 10
x11 <- 0x00000000B504F000
mem[X,0x0000000080027250] -> 0x8593
mem[X,0x0000000080027252] -> 0x3335
[4843] [M]: 0x0000000080027250 (0x33358593) addi a1, a1, 819
x11 <- 0x00000000B504F333
mem[X,0x0000000080027254] -> 0x0113
mem[X,0x0000000080027256] -> 0x0000
[4844] [M]: 0x0000000080027254 (0x00000113) addi sp, zero, 0
x2 <- 0x0000000000000000
mem[X,0x0000000080027258] -> 0x006F
mem[X,0x000000008002725A] -> 0x0180
[4845] [M]: 0x0000000080027258 (0x0180006F) jal zero, 24
mem[X,0x0000000080027270] -> 0x46E3
mem[X,0x0000000080027272] -> 0xFEB5
[4846] [M]: 0x0000000080027270 (0xFEB546E3) blt a0, a1, 8172
mem[X,0x000000008002725C] -> 0x0113
mem[X,0x000000008002725E] -> 0x0011
[4847] [M]: 0x000000008002725C (0x00110113) addi sp, sp, 1
x2 <- 0x0000000000000001
mem[X,0x0000000080027260] -> 0x006F
mem[X,0x0000000080027262] -> 0x0240
[4848] [M]: 0x0000000080027260 (0x0240006F) jal zero, 36
mem[X,0x0000000080027284] -> 0xB023
mem[X,0x0000000080027286] -> 0x1820
[4849] [M]: 0x0000000080027284 (0x1820B023) sd sp, 384(ra)
mem[0x000000008004FB58] <- 0x0000000000000001
mem[X,0x0000000080027288] -> 0x0537
mem[X,0x000000008002728A] -> 0x0000
[4850] [M]: 0x0000000080027288 (0x00000537) lui a0, 0
x10 <- 0x0000000000000000
mem[X,0x000000008002728C] -> 0x0513
mem[X,0x000000008002728E] -> 0xFFF5
[4851] [M]: 0x000000008002728C (0xFFF50513) addi a0, a0, 4095
x10 <- 0xFFFFFFFFFFFFFFFF
mem[X,0x0000000080027290] -> 0x1513
mem[X,0x0000000080027292] -> 0x00B5
[4852] [M]: 0x0000000080027290 (0x00B51513) slli a0, a0, 11
x10 <- 0xFFFFFFFFFFFFF800
mem[X,0x0000000080027294] -> 0x0513
mem[X,0x0000000080027296] -> 0x2575
[4853] [M]: 0x0000000080027294 (0x25750513) addi a0, a0, 599
x10 <- 0xFFFFFFFFFFFFFA57
mem[X,0x0000000080027298] -> 0x1513
mem[X,0x000000008002729A] -> 0x00B5
[4854] [M]: 0x0000000080027298 (0x00B51513) slli a0, a0, 11
x10 <- 0xFFFFFFFFFFD2B800
mem[X,0x000000008002729C] -> 0x0513
mem[X,0x000000008002729E] -> 0x6C35
[4855] [M]: 0x000000008002729C (0x6C350513) addi a0, a0, 1731
x10 <- 0xFFFFFFFFFFD2BEC3
mem[X,0x00000000800272A0] -> 0x1513
mem[X,0x00000000800272A2] -> 0x00A5
[4856] [M]: 0x00000000800272A0 (0x00A51513) slli a0, a0, 10
x10 <- 0xFFFFFFFF4AFB0C00
mem[X,0x00000000800272A4] -> 0x0513
mem[X,0x00000000800272A6] -> 0x0CD5
[4857] [M]: 0x00000000800272A4 (0x0CD50513) addi a0, a0, 205
x10 <- 0xFFFFFFFF4AFB0CCD
mem[X,0x00000000800272A8] -> 0x55B7
mem[X,0x00000000800272AA] -> 0x5555
[4858] [M]: 0x00000000800272A8 (0x555555B7) lui a1, 349525
x11 <- 0x0000000055555000
mem[X,0x00000000800272AC] -> 0x8593
mem[X,0x00000000800272AE] -> 0x5555
[4859] [M]: 0x00000000800272AC (0x55558593) addi a1, a1, 1365
x11 <- 0x0000000055555555
mem[X,0x00000000800272B0] -> 0x9593
mem[X,0x00000000800272B2] -> 0x00B5
[4860] [M]: 0x00000000800272B0 (0x00B59593) slli a1, a1, 11
x11 <- 0x000002AAAAAAA800
mem[X,0x00000000800272B4] -> 0x8593
mem[X,0x00000000800272B6] -> 0x2AA5
[4861] [M]: 0x00000000800272B4 (0x2AA58593) addi a1, a1, 682
x11 <- 0x000002AAAAAAAAAA
mem[X,0x00000000800272B8] -> 0x9593
mem[X,0x00000000800272BA] -> 0x00B5
[4862] [M]: 0x00000000800272B8 (0x00B59593) slli a1, a1, 11
x11 <- 0x0015555555555000
mem[X,0x00000000800272BC] -> 0x8593
mem[X,0x00000000800272BE] -> 0x5555
[4863] [M]: 0x00000000800272BC (0x55558593) addi a1, a1, 1365
x11 <- 0x0015555555555555
mem[X,0x00000000800272C0] -> 0x9593
mem[X,0x00000000800272C2] -> 0x00A5
[4864] [M]: 0x00000000800272C0 (0x00A59593) slli a1, a1, 10
x11 <- 0x5555555555555400
mem[X,0x00000000800272C4] -> 0x8593
mem[X,0x00000000800272C6] -> 0x1545
[4865] [M]: 0x00000000800272C4 (0x15458593) addi a1, a1, 340
x11 <- 0x5555555555555554
mem[X,0x00000000800272C8] -> 0x0113
mem[X,0x00000000800272CA] -> 0x0000
[4866] [M]: 0x00000000800272C8 (0x00000113) addi sp, zero, 0
x2 <- 0x0000000000000000
mem[X,0x00000000800272CC] -> 0x006F
mem[X,0x00000000800272CE] -> 0x0100
[4867] [M]: 0x00000000800272CC (0x0100006F) jal zero, 16
mem[X,0x00000000800272DC] -> 0x4AE3
mem[X,0x00000000800272DE] -> 0xFEB5
[4868] [M]: 0x00000000800272DC (0xFEB54AE3) blt a0, a1, 8180
mem[X,0x00000000800272D0] -> 0x0113
mem[X,0x00000000800272D2] -> 0x0011
[4869] [M]: 0x00000000800272D0 (0x00110113) addi sp, sp, 1
x2 <- 0x0000000000000001
mem[X,0x00000000800272D4] -> 0x006F
mem[X,0x00000000800272D6] -> 0x01C0
[4870] [M]: 0x00000000800272D4 (0x01C0006F) jal zero, 28
mem[X,0x00000000800272F0] -> 0xB423
mem[X,0x00000000800272F2] -> 0x1820
[4871] [M]: 0x00000000800272F0 (0x1820B423) sd sp, 392(ra)
mem[0x000000008004FB60] <- 0x0000000000000001
mem[X,0x00000000800272F4] -> 0x0537
mem[X,0x00000000800272F6] -> 0x0000
[4872] [M]: 0x00000000800272F4 (0x00000537) lui a0, 0
x10 <- 0x0000000000000000
mem[X,0x00000000800272F8] -> 0x0513
mem[X,0x00000000800272FA] -> 0xFFF5
[4873] [M]: 0x00000000800272F8 (0xFFF50513) addi a0, a0, 4095
x10 <- 0xFFFFFFFFFFFFFFFF
mem[X,0x00000000800272FC] -> 0x1513
mem[X,0x00000000800272FE] -> 0x00B5
[4874] [M]: 0x00000000800272FC (0x00B51513) slli a0, a0, 11
x10 <- 0xFFFFFFFFFFFFF800
mem[X,0x0000000080027300] -> 0x0513
mem[X,0x0000000080027302] -> 0x2575
[4875] [M]: 0x0000000080027300 (0x25750513) addi a0, a0, 599
x10 <- 0xFFFFFFFFFFFFFA57
mem[X,0x0000000080027304] -> 0x1513
mem[X,0x0000000080027306] -> 0x00B5
[4876] [M]: 0x0000000080027304 (0x00B51513) slli a0, a0, 11
x10 <- 0xFFFFFFFFFFD2B800
mem[X,0x0000000080027308] -> 0x0513
mem[X,0x000000008002730A] -> 0x6C35
[4877] [M]: 0x0000000080027308 (0x6C350513) addi a0, a0, 1731
x10 <- 0xFFFFFFFFFFD2BEC3
mem[X,0x000000008002730C] -> 0x1513
mem[X,0x000000008002730E] -> 0x00A5
[4878] [M]: 0x000000008002730C (0x00A51513) slli a0, a0, 10
x10 <- 0xFFFFFFFF4AFB0C00
mem[X,0x0000000080027310] -> 0x0513
mem[X,0x0000000080027312] -> 0x0CD5
[4879] [M]: 0x0000000080027310 (0x0CD50513) addi a0, a0, 205
x10 <- 0xFFFFFFFF4AFB0CCD
mem[X,0x0000000080027314] -> 0x0593
mem[X,0x0000000080027316] -> 0x0000
[4880] [M]: 0x0000000080027314 (0x00000593) addi a1, zero, 0
x11 <- 0x0000000000000000
mem[X,0x0000000080027318] -> 0x0113
mem[X,0x000000008002731A] -> 0x0000
[4881] [M]: 0x0000000080027318 (0x00000113) addi sp, zero, 0
x2 <- 0x0000000000000000
mem[X,0x000000008002731C] -> 0x006F
mem[X,0x000000008002731E] -> 0x0180
[4882] [M]: 0x000000008002731C (0x0180006F) jal zero, 24
mem[X,0x0000000080027334] -> 0x46E3
mem[X,0x0000000080027336] -> 0xFEB5
[4883] [M]: 0x0000000080027334 (0xFEB546E3) blt a0, a1, 8172
mem[X,0x0000000080027320] -> 0x0113
mem[X,0x0000000080027322] -> 0x0011
[4884] [M]: 0x0000000080027320 (0x00110113) addi sp, sp, 1
x2 <- 0x0000000000000001
mem[X,0x0000000080027324] -> 0x006F
mem[X,0x0000000080027326] -> 0x0240
[4885] [M]: 0x0000000080027324 (0x0240006F) jal zero, 36
mem[X,0x0000000080027348] -> 0xB823
mem[X,0x000000008002734A] -> 0x1820
[4886] [M]: 0x0000000080027348 (0x1820B823) sd sp, 400(ra)
mem[0x000000008004FB68] <- 0x0000000000000001
mem[X,0x000000008002734C] -> 0x0537
mem[X,0x000000008002734E] -> 0x0000
[4887] [M]: 0x000000008002734C (0x00000537) lui a0, 0
x10 <- 0x0000000000000000
mem[X,0x0000000080027350] -> 0x0513
mem[X,0x0000000080027352] -> 0xFFF5
[4888] [M]: 0x0000000080027350 (0xFFF50513) addi a0, a0, 4095
x10 <- 0xFFFFFFFFFFFFFFFF
mem[X,0x0000000080027354] -> 0x1513
mem[X,0x0000000080027356] -> 0x00B5
[4889] [M]: 0x0000000080027354 (0x00B51513) slli a0, a0, 11
x10 <- 0xFFFFFFFFFFFFF800
mem[X,0x0000000080027358] -> 0x0513
mem[X,0x000000008002735A] -> 0x2575
[4890] [M]: 0x0000000080027358 (0x25750513) addi a0, a0, 599
x10 <- 0xFFFFFFFFFFFFFA57
mem[X,0x000000008002735C] -> 0x1513
mem[X,0x000000008002735E] -> 0x00B5
[4891] [M]: 0x000000008002735C (0x00B51513) slli a0, a0, 11
x10 <- 0xFFFFFFFFFFD2B800
mem[X,0x0000000080027360] -> 0x0513
mem[X,0x0000000080027362] -> 0x6C35
[4892] [M]: 0x0000000080027360 (0x6C350513) addi a0, a0, 1731
x10 <- 0xFFFFFFFFFFD2BEC3
mem[X,0x0000000080027364] -> 0x1513
mem[X,0x0000000080027366] -> 0x00A5
[4893] [M]: 0x0000000080027364 (0x00A51513) slli a0, a0, 10
x10 <- 0xFFFFFFFF4AFB0C00
mem[X,0x0000000080027368] -> 0x0513
mem[X,0x000000008002736A] -> 0x0CD5
[4894] [M]: 0x0000000080027368 (0x0CD50513) addi a0, a0, 205
x10 <- 0xFFFFFFFF4AFB0CCD
mem[X,0x000000008002736C] -> 0x0593
mem[X,0x000000008002736E] -> 0x0040
[4895] [M]: 0x000000008002736C (0x00400593) addi a1, zero, 4
x11 <- 0x0000000000000004
mem[X,0x0000000080027370] -> 0x0113
mem[X,0x0000000080027372] -> 0x0000
[4896] [M]: 0x0000000080027370 (0x00000113) addi sp, zero, 0
x2 <- 0x0000000000000000
mem[X,0x0000000080027374] -> 0x006F
mem[X,0x0000000080027376] -> 0x00C0
[4897] [M]: 0x0000000080027374 (0x00C0006F) jal zero, 12
mem[X,0x0000000080027380] -> 0x4CE3
mem[X,0x0000000080027382] -> 0xFEB5
[4898] [M]: 0x0000000080027380 (0xFEB54CE3) blt a0, a1, 8184
mem[X,0x0000000080027378] -> 0x0113
mem[X,0x000000008002737A] -> 0x0011
[4899] [M]: 0x0000000080027378 (0x00110113) addi sp, sp, 1
x2 <- 0x0000000000000001
clint::tick mtime <- 0x0000000000000031
 clint timer pending at mtime 0x0000000000000031
htif::tick 0x0000000000000000
mem[X,0x000000008002737C] -> 0x006F
mem[X,0x000000008002737E] -> 0x0180
[4900] [M]: 0x000000008002737C (0x0180006F) jal zero, 24
mem[X,0x0000000080027394] -> 0xBC23
mem[X,0x0000000080027396] -> 0x1820
[4901] [M]: 0x0000000080027394 (0x1820BC23) sd sp, 408(ra)
mem[0x000000008004FB70] <- 0x0000000000000001
mem[X,0x0000000080027398] -> 0x0537
mem[X,0x000000008002739A] -> 0x0000
[4902] [M]: 0x0000000080027398 (0x00000537) lui a0, 0
x10 <- 0x0000000000000000
mem[X,0x000000008002739C] -> 0x0513
mem[X,0x000000008002739E] -> 0xFFF5
[4903] [M]: 0x000000008002739C (0xFFF50513) addi a0, a0, 4095
x10 <- 0xFFFFFFFFFFFFFFFF
mem[X,0x00000000800273A0] -> 0x1513
mem[X,0x00000000800273A2] -> 0x00B5
[4904] [M]: 0x00000000800273A0 (0x00B51513) slli a0, a0, 11
x10 <- 0xFFFFFFFFFFFFF800
mem[X,0x00000000800273A4] -> 0x0513
mem[X,0x00000000800273A6] -> 0x2575
[4905] [M]: 0x00000000800273A4 (0x25750513) addi a0, a0, 599
x10 <- 0xFFFFFFFFFFFFFA57
mem[X,0x00000000800273A8] -> 0x1513
mem[X,0x00000000800273AA] -> 0x00B5
[4906] [M]: 0x00000000800273A8 (0x00B51513) slli a0, a0, 11
x10 <- 0xFFFFFFFFFFD2B800
mem[X,0x00000000800273AC] -> 0x0513
mem[X,0x00000000800273AE] -> 0x6C35
[4907] [M]: 0x00000000800273AC (0x6C350513) addi a0, a0, 1731
x10 <- 0xFFFFFFFFFFD2BEC3
mem[X,0x00000000800273B0] -> 0x1513
mem[X,0x00000000800273B2] -> 0x00A5
[4908] [M]: 0x00000000800273B0 (0x00A51513) slli a0, a0, 10
x10 <- 0xFFFFFFFF4AFB0C00
mem[X,0x00000000800273B4] -> 0x0513
mem[X,0x00000000800273B6] -> 0x0CD5
[4909] [M]: 0x00000000800273B4 (0x0CD50513) addi a0, a0, 205
x10 <- 0xFFFFFFFF4AFB0CCD
mem[X,0x00000000800273B8] -> 0x35B7
mem[X,0x00000000800273BA] -> 0x3333
[4910] [M]: 0x00000000800273B8 (0x333335B7) lui a1, 209715
x11 <- 0x0000000033333000
mem[X,0x00000000800273BC] -> 0x8593
mem[X,0x00000000800273BE] -> 0x3335
[4911] [M]: 0x00000000800273BC (0x33358593) addi a1, a1, 819
x11 <- 0x0000000033333333
mem[X,0x00000000800273C0] -> 0x9593
mem[X,0x00000000800273C2] -> 0x00B5
[4912] [M]: 0x00000000800273C0 (0x00B59593) slli a1, a1, 11
x11 <- 0x0000019999999800
mem[X,0x00000000800273C4] -> 0x8593
mem[X,0x00000000800273C6] -> 0x1995
[4913] [M]: 0x00000000800273C4 (0x19958593) addi a1, a1, 409
x11 <- 0x0000019999999999
mem[X,0x00000000800273C8] -> 0x9593
mem[X,0x00000000800273CA] -> 0x00B5
[4914] [M]: 0x00000000800273C8 (0x00B59593) slli a1, a1, 11
x11 <- 0x000CCCCCCCCCC800
mem[X,0x00000000800273CC] -> 0x8593
mem[X,0x00000000800273CE] -> 0x4CC5
[4915] [M]: 0x00000000800273CC (0x4CC58593) addi a1, a1, 1228
x11 <- 0x000CCCCCCCCCCCCC
mem[X,0x00000000800273D0] -> 0x9593
mem[X,0x00000000800273D2] -> 0x00A5
[4916] [M]: 0x00000000800273D0 (0x00A59593) slli a1, a1, 10
x11 <- 0x3333333333333000
mem[X,0x00000000800273D4] -> 0x8593
mem[X,0x00000000800273D6] -> 0x3325
[4917] [M]: 0x00000000800273D4 (0x33258593) addi a1, a1, 818
x11 <- 0x3333333333333332
mem[X,0x00000000800273D8] -> 0x0113
mem[X,0x00000000800273DA] -> 0x0000
[4918] [M]: 0x00000000800273D8 (0x00000113) addi sp, zero, 0
x2 <- 0x0000000000000000
mem[X,0x00000000800273DC] -> 0x006F
mem[X,0x00000000800273DE] -> 0x00C0
[4919] [M]: 0x00000000800273DC (0x00C0006F) jal zero, 12
mem[X,0x00000000800273E8] -> 0x4063
mem[X,0x00000000800273EA] -> 0x10B5
[4920] [M]: 0x00000000800273E8 (0x10B54063) blt a0, a1, 256
mem[X,0x00000000800274E8] -> 0x0113
mem[X,0x00000000800274EA] -> 0x0031
[4921] [M]: 0x00000000800274E8 (0x00310113) addi sp, sp, 3
x2 <- 0x0000000000000003
mem[X,0x00000000800274EC] -> 0x006F
mem[X,0x00000000800274EE] -> 0x0040
[4922] [M]: 0x00000000800274EC (0x0040006F) jal zero, 4
mem[X,0x00000000800274F0] -> 0xB023
mem[X,0x00000000800274F2] -> 0x1A20
[4923] [M]: 0x00000000800274F0 (0x1A20B023) sd sp, 416(ra)
mem[0x000000008004FB78] <- 0x0000000000000003
mem[X,0x00000000800274F4] -> 0x0537
mem[X,0x00000000800274F6] -> 0x0000
[4924] [M]: 0x00000000800274F4 (0x00000537) lui a0, 0
x10 <- 0x0000000000000000
mem[X,0x00000000800274F8] -> 0x0513
mem[X,0x00000000800274FA] -> 0xFFF5
[4925] [M]: 0x00000000800274F8 (0xFFF50513) addi a0, a0, 4095
x10 <- 0xFFFFFFFFFFFFFFFF
mem[X,0x00000000800274FC] -> 0x1513
mem[X,0x00000000800274FE] -> 0x00B5
[4926] [M]: 0x00000000800274FC (0x00B51513) slli a0, a0, 11
x10 <- 0xFFFFFFFFFFFFF800
mem[X,0x0000000080027500] -> 0x0513
mem[X,0x0000000080027502] -> 0x2575
[4927] [M]: 0x0000000080027500 (0x25750513) addi a0, a0, 599
x10 <- 0xFFFFFFFFFFFFFA57
mem[X,0x0000000080027504] -> 0x1513
mem[X,0x0000000080027506] -> 0x00B5
[4928] [M]: 0x0000000080027504 (0x00B51513) slli a0, a0, 11
x10 <- 0xFFFFFFFFFFD2B800
mem[X,0x0000000080027508] -> 0x0513
mem[X,0x000000008002750A] -> 0x6C35
[4929] [M]: 0x0000000080027508 (0x6C350513) addi a0, a0, 1731
x10 <- 0xFFFFFFFFFFD2BEC3
mem[X,0x000000008002750C] -> 0x1513
mem[X,0x000000008002750E] -> 0x00A5
[4930] [M]: 0x000000008002750C (0x00A51513) slli a0, a0, 10
x10 <- 0xFFFFFFFF4AFB0C00
mem[X,0x0000000080027510] -> 0x0513
mem[X,0x0000000080027512] -> 0x0CD5
[4931] [M]: 0x0000000080027510 (0x0CD50513) addi a0, a0, 205
x10 <- 0xFFFFFFFF4AFB0CCD
mem[X,0x0000000080027514] -> 0x65B7
mem[X,0x0000000080027516] -> 0x6666
[4932] [M]: 0x0000000080027514 (0x666665B7) lui a1, 419430
x11 <- 0x0000000066666000
mem[X,0x0000000080027518] -> 0x8593
mem[X,0x000000008002751A] -> 0x6665
[4933] [M]: 0x0000000080027518 (0x66658593) addi a1, a1, 1638
x11 <- 0x0000000066666666
mem[X,0x000000008002751C] -> 0x9593
mem[X,0x000000008002751E] -> 0x00B5
[4934] [M]: 0x000000008002751C (0x00B59593) slli a1, a1, 11
x11 <- 0x0000033333333000
mem[X,0x0000000080027520] -> 0x8593
mem[X,0x0000000080027522] -> 0x3335
[4935] [M]: 0x0000000080027520 (0x33358593) addi a1, a1, 819
x11 <- 0x0000033333333333
mem[X,0x0000000080027524] -> 0x9593
mem[X,0x0000000080027526] -> 0x00B5
[4936] [M]: 0x0000000080027524 (0x00B59593) slli a1, a1, 11
x11 <- 0x0019999999999800
mem[X,0x0000000080027528] -> 0x8593
mem[X,0x000000008002752A] -> 0x1995
[4937] [M]: 0x0000000080027528 (0x19958593) addi a1, a1, 409
x11 <- 0x0019999999999999
mem[X,0x000000008002752C] -> 0x9593
mem[X,0x000000008002752E] -> 0x00A5
[4938] [M]: 0x000000008002752C (0x00A59593) slli a1, a1, 10
x11 <- 0x6666666666666400
mem[X,0x0000000080027530] -> 0x8593
mem[X,0x0000000080027532] -> 0x2655
[4939] [M]: 0x0000000080027530 (0x26558593) addi a1, a1, 613
x11 <- 0x6666666666666665
mem[X,0x0000000080027534] -> 0x0113
mem[X,0x0000000080027536] -> 0x0000
[4940] [M]: 0x0000000080027534 (0x00000113) addi sp, zero, 0
x2 <- 0x0000000000000000
mem[X,0x0000000080027538] -> 0x006F
mem[X,0x000000008002753A] -> 0x00C0
[4941] [M]: 0x0000000080027538 (0x00C0006F) jal zero, 12
mem[X,0x0000000080027544] -> 0x4CE3
mem[X,0x0000000080027546] -> 0xFEB5
[4942] [M]: 0x0000000080027544 (0xFEB54CE3) blt a0, a1, 8184
mem[X,0x000000008002753C] -> 0x0113
mem[X,0x000000008002753E] -> 0x0011
[4943] [M]: 0x000000008002753C (0x00110113) addi sp, sp, 1
x2 <- 0x0000000000000001
mem[X,0x0000000080027540] -> 0x006F
mem[X,0x0000000080027542] -> 0x0180
[4944] [M]: 0x0000000080027540 (0x0180006F) jal zero, 24
mem[X,0x0000000080027558] -> 0xB423
mem[X,0x000000008002755A] -> 0x1A20
[4945] [M]: 0x0000000080027558 (0x1A20B423) sd sp, 424(ra)
mem[0x000000008004FB80] <- 0x0000000000000001
mem[X,0x000000008002755C] -> 0x0537
mem[X,0x000000008002755E] -> 0x0000
[4946] [M]: 0x000000008002755C (0x00000537) lui a0, 0
x10 <- 0x0000000000000000
mem[X,0x0000000080027560] -> 0x0513
mem[X,0x0000000080027562] -> 0xFFF5
[4947] [M]: 0x0000000080027560 (0xFFF50513) addi a0, a0, 4095
x10 <- 0xFFFFFFFFFFFFFFFF
mem[X,0x0000000080027564] -> 0x1513
mem[X,0x0000000080027566] -> 0x00B5
[4948] [M]: 0x0000000080027564 (0x00B51513) slli a0, a0, 11
x10 <- 0xFFFFFFFFFFFFF800
mem[X,0x0000000080027568] -> 0x0513
mem[X,0x000000008002756A] -> 0x2575
[4949] [M]: 0x0000000080027568 (0x25750513) addi a0, a0, 599
x10 <- 0xFFFFFFFFFFFFFA57
mem[X,0x000000008002756C] -> 0x1513
mem[X,0x000000008002756E] -> 0x00B5
[4950] [M]: 0x000000008002756C (0x00B51513) slli a0, a0, 11
x10 <- 0xFFFFFFFFFFD2B800
mem[X,0x0000000080027570] -> 0x0513
mem[X,0x0000000080027572] -> 0x6C35
[4951] [M]: 0x0000000080027570 (0x6C350513) addi a0, a0, 1731
x10 <- 0xFFFFFFFFFFD2BEC3
mem[X,0x0000000080027574] -> 0x1513
mem[X,0x0000000080027576] -> 0x00A5
[4952] [M]: 0x0000000080027574 (0x00A51513) slli a0, a0, 10
x10 <- 0xFFFFFFFF4AFB0C00
mem[X,0x0000000080027578] -> 0x0513
mem[X,0x000000008002757A] -> 0x0CD5
[4953] [M]: 0x0000000080027578 (0x0CD50513) addi a0, a0, 205
x10 <- 0xFFFFFFFF4AFB0CCD
mem[X,0x000000008002757C] -> 0x05B7
mem[X,0x000000008002757E] -> 0x0000
[4954] [M]: 0x000000008002757C (0x000005B7) lui a1, 0
x11 <- 0x0000000000000000
mem[X,0x0000000080027580] -> 0x8593
mem[X,0x0000000080027582] -> 0x0005
[4955] [M]: 0x0000000080027580 (0x00058593) addi a1, a1, 0
x11 <- 0x0000000000000000
mem[X,0x0000000080027584] -> 0x9593
mem[X,0x0000000080027586] -> 0x00B5
[4956] [M]: 0x0000000080027584 (0x00B59593) slli a1, a1, 11
x11 <- 0x0000000000000000
mem[X,0x0000000080027588] -> 0x8593
mem[X,0x000000008002758A] -> 0x5A85
[4957] [M]: 0x0000000080027588 (0x5A858593) addi a1, a1, 1448
x11 <- 0x00000000000005A8
mem[X,0x000000008002758C] -> 0x9593
mem[X,0x000000008002758E] -> 0x00B5
[4958] [M]: 0x000000008002758C (0x00B59593) slli a1, a1, 11
x11 <- 0x00000000002D4000
mem[X,0x0000000080027590] -> 0x8593
mem[X,0x0000000080027592] -> 0x13C5
[4959] [M]: 0x0000000080027590 (0x13C58593) addi a1, a1, 316
x11 <- 0x00000000002D413C
mem[X,0x0000000080027594] -> 0x9593
mem[X,0x0000000080027596] -> 0x00A5
[4960] [M]: 0x0000000080027594 (0x00A59593) slli a1, a1, 10
x11 <- 0x00000000B504F000
mem[X,0x0000000080027598] -> 0x8593
mem[X,0x000000008002759A] -> 0x3325
[4961] [M]: 0x0000000080027598 (0x33258593) addi a1, a1, 818
x11 <- 0x00000000B504F332
mem[X,0x000000008002759C] -> 0x0113
mem[X,0x000000008002759E] -> 0x0000
[4962] [M]: 0x000000008002759C (0x00000113) addi sp, zero, 0
x2 <- 0x0000000000000000
mem[X,0x00000000800275A0] -> 0x006F
mem[X,0x00000000800275A2] -> 0x00C0
[4963] [M]: 0x00000000800275A0 (0x00C0006F) jal zero, 12
mem[X,0x00000000800275AC] -> 0x4063
mem[X,0x00000000800275AE] -> 0x08B5
[4964] [M]: 0x00000000800275AC (0x08B54063) blt a0, a1, 128
mem[X,0x000000008002762C] -> 0x0113
mem[X,0x000000008002762E] -> 0x0031
[4965] [M]: 0x000000008002762C (0x00310113) addi sp, sp, 3
x2 <- 0x0000000000000003
mem[X,0x0000000080027630] -> 0x006F
mem[X,0x0000000080027632] -> 0x0040
[4966] [M]: 0x0000000080027630 (0x0040006F) jal zero, 4
mem[X,0x0000000080027634] -> 0xB823
mem[X,0x0000000080027636] -> 0x1A20
[4967] [M]: 0x0000000080027634 (0x1A20B823) sd sp, 432(ra)
mem[0x000000008004FB88] <- 0x0000000000000003
mem[X,0x0000000080027638] -> 0x0537
mem[X,0x000000008002763A] -> 0x0000
[4968] [M]: 0x0000000080027638 (0x00000537) lui a0, 0
x10 <- 0x0000000000000000
mem[X,0x000000008002763C] -> 0x0513
mem[X,0x000000008002763E] -> 0xFFF5
[4969] [M]: 0x000000008002763C (0xFFF50513) addi a0, a0, 4095
x10 <- 0xFFFFFFFFFFFFFFFF
mem[X,0x0000000080027640] -> 0x1513
mem[X,0x0000000080027642] -> 0x00B5
[4970] [M]: 0x0000000080027640 (0x00B51513) slli a0, a0, 11
x10 <- 0xFFFFFFFFFFFFF800
mem[X,0x0000000080027644] -> 0x0513
mem[X,0x0000000080027646] -> 0x2575
[4971] [M]: 0x0000000080027644 (0x25750513) addi a0, a0, 599
x10 <- 0xFFFFFFFFFFFFFA57
mem[X,0x0000000080027648] -> 0x1513
mem[X,0x000000008002764A] -> 0x00B5
[4972] [M]: 0x0000000080027648 (0x00B51513) slli a0, a0, 11
x10 <- 0xFFFFFFFFFFD2B800
mem[X,0x000000008002764C] -> 0x0513
mem[X,0x000000008002764E] -> 0x6C35
[4973] [M]: 0x000000008002764C (0x6C350513) addi a0, a0, 1731
x10 <- 0xFFFFFFFFFFD2BEC3
mem[X,0x0000000080027650] -> 0x1513
mem[X,0x0000000080027652] -> 0x00A5
[4974] [M]: 0x0000000080027650 (0x00A51513) slli a0, a0, 10
x10 <- 0xFFFFFFFF4AFB0C00
mem[X,0x0000000080027654] -> 0x0513
mem[X,0x0000000080027656] -> 0x0CD5
[4975] [M]: 0x0000000080027654 (0x0CD50513) addi a0, a0, 205
x10 <- 0xFFFFFFFF4AFB0CCD
mem[X,0x0000000080027658] -> 0x55B7
mem[X,0x000000008002765A] -> 0x5555
[4976] [M]: 0x0000000080027658 (0x555555B7) lui a1, 349525
x11 <- 0x0000000055555000
mem[X,0x000000008002765C] -> 0x8593
mem[X,0x000000008002765E] -> 0x5555
[4977] [M]: 0x000000008002765C (0x55558593) addi a1, a1, 1365
x11 <- 0x0000000055555555
mem[X,0x0000000080027660] -> 0x9593
mem[X,0x0000000080027662] -> 0x00B5
[4978] [M]: 0x0000000080027660 (0x00B59593) slli a1, a1, 11
x11 <- 0x000002AAAAAAA800
mem[X,0x0000000080027664] -> 0x8593
mem[X,0x0000000080027666] -> 0x2AA5
[4979] [M]: 0x0000000080027664 (0x2AA58593) addi a1, a1, 682
x11 <- 0x000002AAAAAAAAAA
mem[X,0x0000000080027668] -> 0x9593
mem[X,0x000000008002766A] -> 0x00B5
[4980] [M]: 0x0000000080027668 (0x00B59593) slli a1, a1, 11
x11 <- 0x0015555555555000
mem[X,0x000000008002766C] -> 0x8593
mem[X,0x000000008002766E] -> 0x5555
[4981] [M]: 0x000000008002766C (0x55558593) addi a1, a1, 1365
x11 <- 0x0015555555555555
mem[X,0x0000000080027670] -> 0x9593
mem[X,0x0000000080027672] -> 0x00A5
[4982] [M]: 0x0000000080027670 (0x00A59593) slli a1, a1, 10
x11 <- 0x5555555555555400
mem[X,0x0000000080027674] -> 0x8593
mem[X,0x0000000080027676] -> 0x1565
[4983] [M]: 0x0000000080027674 (0x15658593) addi a1, a1, 342
x11 <- 0x5555555555555556
mem[X,0x0000000080027678] -> 0x0113
mem[X,0x000000008002767A] -> 0x0000
[4984] [M]: 0x0000000080027678 (0x00000113) addi sp, zero, 0
x2 <- 0x0000000000000000
mem[X,0x000000008002767C] -> 0x006F
mem[X,0x000000008002767E] -> 0x2B10
[4985] [M]: 0x000000008002767C (0x2B10006F) jal zero, 2736
mem[X,0x000000008002812C] -> 0x4A63
mem[X,0x000000008002812E] -> 0xD4B5
[4986] [M]: 0x000000008002812C (0xD4B54A63) blt a0, a1, 5460
mem[X,0x0000000080027680] -> 0x0113
mem[X,0x0000000080027682] -> 0x0011
[4987] [M]: 0x0000000080027680 (0x00110113) addi sp, sp, 1
x2 <- 0x0000000000000001
mem[X,0x0000000080027684] -> 0x006F
mem[X,0x0000000080027686] -> 0x2BD0
[4988] [M]: 0x0000000080027684 (0x2BD0006F) jal zero, 2748
mem[X,0x0000000080028140] -> 0xBC23
mem[X,0x0000000080028142] -> 0x1A20
[4989] [M]: 0x0000000080028140 (0x1A20BC23) sd sp, 440(ra)
mem[0x000000008004FB90] <- 0x0000000000000001
mem[X,0x0000000080028144] -> 0x0537
mem[X,0x0000000080028146] -> 0x0000
[4990] [M]: 0x0000000080028144 (0x00000537) lui a0, 0
x10 <- 0x0000000000000000
mem[X,0x0000000080028148] -> 0x0513
mem[X,0x000000008002814A] -> 0xFFF5
[4991] [M]: 0x0000000080028148 (0xFFF50513) addi a0, a0, 4095
x10 <- 0xFFFFFFFFFFFFFFFF
mem[X,0x000000008002814C] -> 0x1513
mem[X,0x000000008002814E] -> 0x00B5
[4992] [M]: 0x000000008002814C (0x00B51513) slli a0, a0, 11
x10 <- 0xFFFFFFFFFFFFF800
mem[X,0x0000000080028150] -> 0x0513
mem[X,0x0000000080028152] -> 0x2575
[4993] [M]: 0x0000000080028150 (0x25750513) addi a0, a0, 599
x10 <- 0xFFFFFFFFFFFFFA57
mem[X,0x0000000080028154] -> 0x1513
mem[X,0x0000000080028156] -> 0x00B5
[4994] [M]: 0x0000000080028154 (0x00B51513) slli a0, a0, 11
x10 <- 0xFFFFFFFFFFD2B800
mem[X,0x0000000080028158] -> 0x0513
mem[X,0x000000008002815A] -> 0x6C35
[4995] [M]: 0x0000000080028158 (0x6C350513) addi a0, a0, 1731
x10 <- 0xFFFFFFFFFFD2BEC3
mem[X,0x000000008002815C] -> 0x1513
mem[X,0x000000008002815E] -> 0x00A5
[4996] [M]: 0x000000008002815C (0x00A51513) slli a0, a0, 10
x10 <- 0xFFFFFFFF4AFB0C00
mem[X,0x0000000080028160] -> 0x0513
mem[X,0x0000000080028162] -> 0x0CD5
[4997] [M]: 0x0000000080028160 (0x0CD50513) addi a0, a0, 205
x10 <- 0xFFFFFFFF4AFB0CCD
mem[X,0x0000000080028164] -> 0xB5B7
mem[X,0x0000000080028166] -> 0xAAAA
[4998] [M]: 0x0000000080028164 (0xAAAAB5B7) lui a1, 699051
x11 <- 0xFFFFFFFFAAAAB000
mem[X,0x0000000080028168] -> 0x8593
mem[X,0x000000008002816A] -> 0xAAA5
[4999] [M]: 0x0000000080028168 (0xAAA58593) addi a1, a1, 2730
x11 <- 0xFFFFFFFFAAAAAAAA
clint::tick mtime <- 0x0000000000000032
 clint timer pending at mtime 0x0000000000000032
htif::tick 0x0000000000000000
mem[X,0x000000008002816C] -> 0x9593
mem[X,0x000000008002816E] -> 0x00B5
[5000] [M]: 0x000000008002816C (0x00B59593) slli a1, a1, 11
x11 <- 0xFFFFFD5555555000
mem[X,0x0000000080028170] -> 0x8593
mem[X,0x0000000080028172] -> 0x5555
[5001] [M]: 0x0000000080028170 (0x55558593) addi a1, a1, 1365
x11 <- 0xFFFFFD5555555555
mem[X,0x0000000080028174] -> 0x9593
mem[X,0x0000000080028176] -> 0x00B5
[5002] [M]: 0x0000000080028174 (0x00B59593) slli a1, a1, 11
x11 <- 0xFFEAAAAAAAAAA800
mem[X,0x0000000080028178] -> 0x8593
mem[X,0x000000008002817A] -> 0x2AA5
[5003] [M]: 0x0000000080028178 (0x2AA58593) addi a1, a1, 682
x11 <- 0xFFEAAAAAAAAAAAAA
mem[X,0x000000008002817C] -> 0x9593
mem[X,0x000000008002817E] -> 0x00A5
[5004] [M]: 0x000000008002817C (0x00A59593) slli a1, a1, 10
x11 <- 0xAAAAAAAAAAAAA800
mem[X,0x0000000080028180] -> 0x8593
mem[X,0x0000000080028182] -> 0x2AB5
[5005] [M]: 0x0000000080028180 (0x2AB58593) addi a1, a1, 683
x11 <- 0xAAAAAAAAAAAAAAAB
mem[X,0x0000000080028184] -> 0x0113
mem[X,0x0000000080028186] -> 0x0000
[5006] [M]: 0x0000000080028184 (0x00000113) addi sp, zero, 0
x2 <- 0x0000000000000000
mem[X,0x0000000080028188] -> 0x006F
mem[X,0x000000008002818A] -> 0x0180
[5007] [M]: 0x0000000080028188 (0x0180006F) jal zero, 24
mem[X,0x00000000800281A0] -> 0x46E3
mem[X,0x00000000800281A2] -> 0xFEB5
[5008] [M]: 0x00000000800281A0 (0xFEB546E3) blt a0, a1, 8172
mem[X,0x00000000800281A4] -> 0x0113
mem[X,0x00000000800281A6] -> 0x0021
[5009] [M]: 0x00000000800281A4 (0x00210113) addi sp, sp, 2
x2 <- 0x0000000000000002
mem[X,0x00000000800281A8] -> 0x006F
mem[X,0x00000000800281AA] -> 0x00C0
[5010] [M]: 0x00000000800281A8 (0x00C0006F) jal zero, 12
mem[X,0x00000000800281B4] -> 0xB023
mem[X,0x00000000800281B6] -> 0x1C20
[5011] [M]: 0x00000000800281B4 (0x1C20B023) sd sp, 448(ra)
mem[0x000000008004FB98] <- 0x0000000000000002
mem[X,0x00000000800281B8] -> 0x0537
mem[X,0x00000000800281BA] -> 0x0000
[5012] [M]: 0x00000000800281B8 (0x00000537) lui a0, 0
x10 <- 0x0000000000000000
mem[X,0x00000000800281BC] -> 0x0513
mem[X,0x00000000800281BE] -> 0xFFF5
[5013] [M]: 0x00000000800281BC (0xFFF50513) addi a0, a0, 4095
x10 <- 0xFFFFFFFFFFFFFFFF
mem[X,0x00000000800281C0] -> 0x1513
mem[X,0x00000000800281C2] -> 0x00B5
[5014] [M]: 0x00000000800281C0 (0x00B51513) slli a0, a0, 11
x10 <- 0xFFFFFFFFFFFFF800
mem[X,0x00000000800281C4] -> 0x0513
mem[X,0x00000000800281C6] -> 0x2575
[5015] [M]: 0x00000000800281C4 (0x25750513) addi a0, a0, 599
x10 <- 0xFFFFFFFFFFFFFA57
mem[X,0x00000000800281C8] -> 0x1513
mem[X,0x00000000800281CA] -> 0x00B5
[5016] [M]: 0x00000000800281C8 (0x00B51513) slli a0, a0, 11
x10 <- 0xFFFFFFFFFFD2B800
mem[X,0x00000000800281CC] -> 0x0513
mem[X,0x00000000800281CE] -> 0x6C35
[5017] [M]: 0x00000000800281CC (0x6C350513) addi a0, a0, 1731
x10 <- 0xFFFFFFFFFFD2BEC3
mem[X,0x00000000800281D0] -> 0x1513
mem[X,0x00000000800281D2] -> 0x00A5
[5018] [M]: 0x00000000800281D0 (0x00A51513) slli a0, a0, 10
x10 <- 0xFFFFFFFF4AFB0C00
mem[X,0x00000000800281D4] -> 0x0513
mem[X,0x00000000800281D6] -> 0x0CD5
[5019] [M]: 0x00000000800281D4 (0x0CD50513) addi a0, a0, 205
x10 <- 0xFFFFFFFF4AFB0CCD
mem[X,0x00000000800281D8] -> 0x0593
mem[X,0x00000000800281DA] -> 0x0060
[5020] [M]: 0x00000000800281D8 (0x00600593) addi a1, zero, 6
x11 <- 0x0000000000000006
mem[X,0x00000000800281DC] -> 0x0113
mem[X,0x00000000800281DE] -> 0x0000
[5021] [M]: 0x00000000800281DC (0x00000113) addi sp, zero, 0
x2 <- 0x0000000000000000
mem[X,0x00000000800281E0] -> 0x006F
mem[X,0x00000000800281E2] -> 0x00C0
[5022] [M]: 0x00000000800281E0 (0x00C0006F) jal zero, 12
mem[X,0x00000000800281EC] -> 0x4663
mem[X,0x00000000800281EE] -> 0x00B5
[5023] [M]: 0x00000000800281EC (0x00B54663) blt a0, a1, 12
mem[X,0x00000000800281F8] -> 0x0113
mem[X,0x00000000800281FA] -> 0x0031
[5024] [M]: 0x00000000800281F8 (0x00310113) addi sp, sp, 3
x2 <- 0x0000000000000003
mem[X,0x00000000800281FC] -> 0x006F
mem[X,0x00000000800281FE] -> 0x0040
[5025] [M]: 0x00000000800281FC (0x0040006F) jal zero, 4
mem[X,0x0000000080028200] -> 0xB423
mem[X,0x0000000080028202] -> 0x1C20
[5026] [M]: 0x0000000080028200 (0x1C20B423) sd sp, 456(ra)
mem[0x000000008004FBA0] <- 0x0000000000000003
mem[X,0x0000000080028204] -> 0x0537
mem[X,0x0000000080028206] -> 0x0000
[5027] [M]: 0x0000000080028204 (0x00000537) lui a0, 0
x10 <- 0x0000000000000000
mem[X,0x0000000080028208] -> 0x0513
mem[X,0x000000008002820A] -> 0xFFF5
[5028] [M]: 0x0000000080028208 (0xFFF50513) addi a0, a0, 4095
x10 <- 0xFFFFFFFFFFFFFFFF
mem[X,0x000000008002820C] -> 0x1513
mem[X,0x000000008002820E] -> 0x00B5
[5029] [M]: 0x000000008002820C (0x00B51513) slli a0, a0, 11
x10 <- 0xFFFFFFFFFFFFF800
mem[X,0x0000000080028210] -> 0x0513
mem[X,0x0000000080028212] -> 0x2575
[5030] [M]: 0x0000000080028210 (0x25750513) addi a0, a0, 599
x10 <- 0xFFFFFFFFFFFFFA57
mem[X,0x0000000080028214] -> 0x1513
mem[X,0x0000000080028216] -> 0x00B5
[5031] [M]: 0x0000000080028214 (0x00B51513) slli a0, a0, 11
x10 <- 0xFFFFFFFFFFD2B800
mem[X,0x0000000080028218] -> 0x0513
mem[X,0x000000008002821A] -> 0x6C35
[5032] [M]: 0x0000000080028218 (0x6C350513) addi a0, a0, 1731
x10 <- 0xFFFFFFFFFFD2BEC3
mem[X,0x000000008002821C] -> 0x1513
mem[X,0x000000008002821E] -> 0x00A5
[5033] [M]: 0x000000008002821C (0x00A51513) slli a0, a0, 10
x10 <- 0xFFFFFFFF4AFB0C00
mem[X,0x0000000080028220] -> 0x0513
mem[X,0x0000000080028222] -> 0x0CD5
[5034] [M]: 0x0000000080028220 (0x0CD50513) addi a0, a0, 205
x10 <- 0xFFFFFFFF4AFB0CCD
mem[X,0x0000000080028224] -> 0x35B7
mem[X,0x0000000080028226] -> 0x3333
[5035] [M]: 0x0000000080028224 (0x333335B7) lui a1, 209715
x11 <- 0x0000000033333000
mem[X,0x0000000080028228] -> 0x8593
mem[X,0x000000008002822A] -> 0x3335
[5036] [M]: 0x0000000080028228 (0x33358593) addi a1, a1, 819
x11 <- 0x0000000033333333
mem[X,0x000000008002822C] -> 0x9593
mem[X,0x000000008002822E] -> 0x00B5
[5037] [M]: 0x000000008002822C (0x00B59593) slli a1, a1, 11
x11 <- 0x0000019999999800
mem[X,0x0000000080028230] -> 0x8593
mem[X,0x0000000080028232] -> 0x1995
[5038] [M]: 0x0000000080028230 (0x19958593) addi a1, a1, 409
x11 <- 0x0000019999999999
mem[X,0x0000000080028234] -> 0x9593
mem[X,0x0000000080028236] -> 0x00B5
[5039] [M]: 0x0000000080028234 (0x00B59593) slli a1, a1, 11
x11 <- 0x000CCCCCCCCCC800
mem[X,0x0000000080028238] -> 0x8593
mem[X,0x000000008002823A] -> 0x4CC5
[5040] [M]: 0x0000000080028238 (0x4CC58593) addi a1, a1, 1228
x11 <- 0x000CCCCCCCCCCCCC
mem[X,0x000000008002823C] -> 0x9593
mem[X,0x000000008002823E] -> 0x00A5
[5041] [M]: 0x000000008002823C (0x00A59593) slli a1, a1, 10
x11 <- 0x3333333333333000
mem[X,0x0000000080028240] -> 0x8593
mem[X,0x0000000080028242] -> 0x3345
[5042] [M]: 0x0000000080028240 (0x33458593) addi a1, a1, 820
x11 <- 0x3333333333333334
mem[X,0x0000000080028244] -> 0x0113
mem[X,0x0000000080028246] -> 0x0000
[5043] [M]: 0x0000000080028244 (0x00000113) addi sp, zero, 0
x2 <- 0x0000000000000000
mem[X,0x0000000080028248] -> 0x006F
mem[X,0x000000008002824A] -> 0x00C0
[5044] [M]: 0x0000000080028248 (0x00C0006F) jal zero, 12
mem[X,0x0000000080028254] -> 0x4663
mem[X,0x0000000080028256] -> 0x00B5
[5045] [M]: 0x0000000080028254 (0x00B54663) blt a0, a1, 12
mem[X,0x0000000080028260] -> 0x0113
mem[X,0x0000000080028262] -> 0x0031
[5046] [M]: 0x0000000080028260 (0x00310113) addi sp, sp, 3
x2 <- 0x0000000000000003
mem[X,0x0000000080028264] -> 0x006F
mem[X,0x0000000080028266] -> 0x0040
[5047] [M]: 0x0000000080028264 (0x0040006F) jal zero, 4
mem[X,0x0000000080028268] -> 0xB823
mem[X,0x000000008002826A] -> 0x1C20
[5048] [M]: 0x0000000080028268 (0x1C20B823) sd sp, 464(ra)
mem[0x000000008004FBA8] <- 0x0000000000000003
mem[X,0x000000008002826C] -> 0x0537
mem[X,0x000000008002826E] -> 0x0000
[5049] [M]: 0x000000008002826C (0x00000537) lui a0, 0
x10 <- 0x0000000000000000
mem[X,0x0000000080028270] -> 0x0513
mem[X,0x0000000080028272] -> 0xFFF5
[5050] [M]: 0x0000000080028270 (0xFFF50513) addi a0, a0, 4095
x10 <- 0xFFFFFFFFFFFFFFFF
mem[X,0x0000000080028274] -> 0x1513
mem[X,0x0000000080028276] -> 0x00B5
[5051] [M]: 0x0000000080028274 (0x00B51513) slli a0, a0, 11
x10 <- 0xFFFFFFFFFFFFF800
mem[X,0x0000000080028278] -> 0x0513
mem[X,0x000000008002827A] -> 0x2575
[5052] [M]: 0x0000000080028278 (0x25750513) addi a0, a0, 599
x10 <- 0xFFFFFFFFFFFFFA57
mem[X,0x000000008002827C] -> 0x1513
mem[X,0x000000008002827E] -> 0x00B5
[5053] [M]: 0x000000008002827C (0x00B51513) slli a0, a0, 11
x10 <- 0xFFFFFFFFFFD2B800
mem[X,0x0000000080028280] -> 0x0513
mem[X,0x0000000080028282] -> 0x6C35
[5054] [M]: 0x0000000080028280 (0x6C350513) addi a0, a0, 1731
x10 <- 0xFFFFFFFFFFD2BEC3
mem[X,0x0000000080028284] -> 0x1513
mem[X,0x0000000080028286] -> 0x00A5
[5055] [M]: 0x0000000080028284 (0x00A51513) slli a0, a0, 10
x10 <- 0xFFFFFFFF4AFB0C00
mem[X,0x0000000080028288] -> 0x0513
mem[X,0x000000008002828A] -> 0x0CD5
[5056] [M]: 0x0000000080028288 (0x0CD50513) addi a0, a0, 205
x10 <- 0xFFFFFFFF4AFB0CCD
mem[X,0x000000008002828C] -> 0x65B7
mem[X,0x000000008002828E] -> 0x6666
[5057] [M]: 0x000000008002828C (0x666665B7) lui a1, 419430
x11 <- 0x0000000066666000
mem[X,0x0000000080028290] -> 0x8593
mem[X,0x0000000080028292] -> 0x6665
[5058] [M]: 0x0000000080028290 (0x66658593) addi a1, a1, 1638
x11 <- 0x0000000066666666
mem[X,0x0000000080028294] -> 0x9593
mem[X,0x0000000080028296] -> 0x00B5
[5059] [M]: 0x0000000080028294 (0x00B59593) slli a1, a1, 11
x11 <- 0x0000033333333000
mem[X,0x0000000080028298] -> 0x8593
mem[X,0x000000008002829A] -> 0x3335
[5060] [M]: 0x0000000080028298 (0x33358593) addi a1, a1, 819
x11 <- 0x0000033333333333
mem[X,0x000000008002829C] -> 0x9593
mem[X,0x000000008002829E] -> 0x00B5
[5061] [M]: 0x000000008002829C (0x00B59593) slli a1, a1, 11
x11 <- 0x0019999999999800
mem[X,0x00000000800282A0] -> 0x8593
mem[X,0x00000000800282A2] -> 0x1995
[5062] [M]: 0x00000000800282A0 (0x19958593) addi a1, a1, 409
x11 <- 0x0019999999999999
mem[X,0x00000000800282A4] -> 0x9593
mem[X,0x00000000800282A6] -> 0x00A5
[5063] [M]: 0x00000000800282A4 (0x00A59593) slli a1, a1, 10
x11 <- 0x6666666666666400
mem[X,0x00000000800282A8] -> 0x8593
mem[X,0x00000000800282AA] -> 0x2675
[5064] [M]: 0x00000000800282A8 (0x26758593) addi a1, a1, 615
x11 <- 0x6666666666666667
mem[X,0x00000000800282AC] -> 0x0113
mem[X,0x00000000800282AE] -> 0x0000
[5065] [M]: 0x00000000800282AC (0x00000113) addi sp, zero, 0
x2 <- 0x0000000000000000
mem[X,0x00000000800282B0] -> 0x006F
mem[X,0x00000000800282B2] -> 0x2B10
[5066] [M]: 0x00000000800282B0 (0x2B10006F) jal zero, 2736
mem[X,0x0000000080028D60] -> 0x4A63
mem[X,0x0000000080028D62] -> 0xD4B5
[5067] [M]: 0x0000000080028D60 (0xD4B54A63) blt a0, a1, 5460
mem[X,0x00000000800282B4] -> 0x0113
mem[X,0x00000000800282B6] -> 0x0011
[5068] [M]: 0x00000000800282B4 (0x00110113) addi sp, sp, 1
x2 <- 0x0000000000000001
mem[X,0x00000000800282B8] -> 0x006F
mem[X,0x00000000800282BA] -> 0x2BD0
[5069] [M]: 0x00000000800282B8 (0x2BD0006F) jal zero, 2748
mem[X,0x0000000080028D74] -> 0xBC23
mem[X,0x0000000080028D76] -> 0x1C20
[5070] [M]: 0x0000000080028D74 (0x1C20BC23) sd sp, 472(ra)
mem[0x000000008004FBB0] <- 0x0000000000000001
mem[X,0x0000000080028D78] -> 0x0537
mem[X,0x0000000080028D7A] -> 0x0000
[5071] [M]: 0x0000000080028D78 (0x00000537) lui a0, 0
x10 <- 0x0000000000000000
mem[X,0x0000000080028D7C] -> 0x0513
mem[X,0x0000000080028D7E] -> 0xFFF5
[5072] [M]: 0x0000000080028D7C (0xFFF50513) addi a0, a0, 4095
x10 <- 0xFFFFFFFFFFFFFFFF
mem[X,0x0000000080028D80] -> 0x1513
mem[X,0x0000000080028D82] -> 0x00B5
[5073] [M]: 0x0000000080028D80 (0x00B51513) slli a0, a0, 11
x10 <- 0xFFFFFFFFFFFFF800
mem[X,0x0000000080028D84] -> 0x0513
mem[X,0x0000000080028D86] -> 0x2575
[5074] [M]: 0x0000000080028D84 (0x25750513) addi a0, a0, 599
x10 <- 0xFFFFFFFFFFFFFA57
mem[X,0x0000000080028D88] -> 0x1513
mem[X,0x0000000080028D8A] -> 0x00B5
[5075] [M]: 0x0000000080028D88 (0x00B51513) slli a0, a0, 11
x10 <- 0xFFFFFFFFFFD2B800
mem[X,0x0000000080028D8C] -> 0x0513
mem[X,0x0000000080028D8E] -> 0x6C35
[5076] [M]: 0x0000000080028D8C (0x6C350513) addi a0, a0, 1731
x10 <- 0xFFFFFFFFFFD2BEC3
mem[X,0x0000000080028D90] -> 0x1513
mem[X,0x0000000080028D92] -> 0x00A5
[5077] [M]: 0x0000000080028D90 (0x00A51513) slli a0, a0, 10
x10 <- 0xFFFFFFFF4AFB0C00
mem[X,0x0000000080028D94] -> 0x0513
mem[X,0x0000000080028D96] -> 0x0CD5
[5078] [M]: 0x0000000080028D94 (0x0CD50513) addi a0, a0, 205
x10 <- 0xFFFFFFFF4AFB0CCD
mem[X,0x0000000080028D98] -> 0x05B7
mem[X,0x0000000080028D9A] -> 0x0000
[5079] [M]: 0x0000000080028D98 (0x000005B7) lui a1, 0
x11 <- 0x0000000000000000
mem[X,0x0000000080028D9C] -> 0x8593
mem[X,0x0000000080028D9E] -> 0xFFF5
[5080] [M]: 0x0000000080028D9C (0xFFF58593) addi a1, a1, 4095
x11 <- 0xFFFFFFFFFFFFFFFF
mem[X,0x0000000080028DA0] -> 0x9593
mem[X,0x0000000080028DA2] -> 0x00B5
[5081] [M]: 0x0000000080028DA0 (0x00B59593) slli a1, a1, 11
x11 <- 0xFFFFFFFFFFFFF800
mem[X,0x0000000080028DA4] -> 0x8593
mem[X,0x0000000080028DA6] -> 0x2575
[5082] [M]: 0x0000000080028DA4 (0x25758593) addi a1, a1, 599
x11 <- 0xFFFFFFFFFFFFFA57
mem[X,0x0000000080028DA8] -> 0x9593
mem[X,0x0000000080028DAA] -> 0x00B5
[5083] [M]: 0x0000000080028DA8 (0x00B59593) slli a1, a1, 11
x11 <- 0xFFFFFFFFFFD2B800
mem[X,0x0000000080028DAC] -> 0x8593
mem[X,0x0000000080028DAE] -> 0x6C35
[5084] [M]: 0x0000000080028DAC (0x6C358593) addi a1, a1, 1731
x11 <- 0xFFFFFFFFFFD2BEC3
mem[X,0x0000000080028DB0] -> 0x9593
mem[X,0x0000000080028DB2] -> 0x00A5
[5085] [M]: 0x0000000080028DB0 (0x00A59593) slli a1, a1, 10
x11 <- 0xFFFFFFFF4AFB0C00
mem[X,0x0000000080028DB4] -> 0x8593
mem[X,0x0000000080028DB6] -> 0x0CE5
[5086] [M]: 0x0000000080028DB4 (0x0CE58593) addi a1, a1, 206
x11 <- 0xFFFFFFFF4AFB0CCE
mem[X,0x0000000080028DB8] -> 0x0113
mem[X,0x0000000080028DBA] -> 0x0000
[5087] [M]: 0x0000000080028DB8 (0x00000113) addi sp, zero, 0
x2 <- 0x0000000000000000
mem[X,0x0000000080028DBC] -> 0x006F
mem[X,0x0000000080028DBE] -> 0x00C0
[5088] [M]: 0x0000000080028DBC (0x00C0006F) jal zero, 12
mem[X,0x0000000080028DC8] -> 0x4063
mem[X,0x0000000080028DCA] -> 0x08B5
[5089] [M]: 0x0000000080028DC8 (0x08B54063) blt a0, a1, 128
mem[X,0x0000000080028E48] -> 0x0113
mem[X,0x0000000080028E4A] -> 0x0031
[5090] [M]: 0x0000000080028E48 (0x00310113) addi sp, sp, 3
x2 <- 0x0000000000000003
mem[X,0x0000000080028E4C] -> 0x006F
mem[X,0x0000000080028E4E] -> 0x0040
[5091] [M]: 0x0000000080028E4C (0x0040006F) jal zero, 4
mem[X,0x0000000080028E50] -> 0xB023
mem[X,0x0000000080028E52] -> 0x1E20
[5092] [M]: 0x0000000080028E50 (0x1E20B023) sd sp, 480(ra)
mem[0x000000008004FBB8] <- 0x0000000000000003
mem[X,0x0000000080028E54] -> 0x0537
mem[X,0x0000000080028E56] -> 0x0000
[5093] [M]: 0x0000000080028E54 (0x00000537) lui a0, 0
x10 <- 0x0000000000000000
mem[X,0x0000000080028E58] -> 0x0513
mem[X,0x0000000080028E5A] -> 0xFFF5
[5094] [M]: 0x0000000080028E58 (0xFFF50513) addi a0, a0, 4095
x10 <- 0xFFFFFFFFFFFFFFFF
mem[X,0x0000000080028E5C] -> 0x1513
mem[X,0x0000000080028E5E] -> 0x00B5
[5095] [M]: 0x0000000080028E5C (0x00B51513) slli a0, a0, 11
x10 <- 0xFFFFFFFFFFFFF800
mem[X,0x0000000080028E60] -> 0x0513
mem[X,0x0000000080028E62] -> 0x2575
[5096] [M]: 0x0000000080028E60 (0x25750513) addi a0, a0, 599
x10 <- 0xFFFFFFFFFFFFFA57
mem[X,0x0000000080028E64] -> 0x1513
mem[X,0x0000000080028E66] -> 0x00B5
[5097] [M]: 0x0000000080028E64 (0x00B51513) slli a0, a0, 11
x10 <- 0xFFFFFFFFFFD2B800
mem[X,0x0000000080028E68] -> 0x0513
mem[X,0x0000000080028E6A] -> 0x6C35
[5098] [M]: 0x0000000080028E68 (0x6C350513) addi a0, a0, 1731
x10 <- 0xFFFFFFFFFFD2BEC3
mem[X,0x0000000080028E6C] -> 0x1513
mem[X,0x0000000080028E6E] -> 0x00A5
[5099] [M]: 0x0000000080028E6C (0x00A51513) slli a0, a0, 10
x10 <- 0xFFFFFFFF4AFB0C00
clint::tick mtime <- 0x0000000000000033
 clint timer pending at mtime 0x0000000000000033
htif::tick 0x0000000000000000
mem[X,0x0000000080028E70] -> 0x0513
mem[X,0x0000000080028E72] -> 0x0CD5
[5100] [M]: 0x0000000080028E70 (0x0CD50513) addi a0, a0, 205
x10 <- 0xFFFFFFFF4AFB0CCD
mem[X,0x0000000080028E74] -> 0x05B7
mem[X,0x0000000080028E76] -> 0x0000
[5101] [M]: 0x0000000080028E74 (0x000005B7) lui a1, 0
x11 <- 0x0000000000000000
mem[X,0x0000000080028E78] -> 0x8593
mem[X,0x0000000080028E7A] -> 0x0005
[5102] [M]: 0x0000000080028E78 (0x00058593) addi a1, a1, 0
x11 <- 0x0000000000000000
mem[X,0x0000000080028E7C] -> 0x9593
mem[X,0x0000000080028E7E] -> 0x00B5
[5103] [M]: 0x0000000080028E7C (0x00B59593) slli a1, a1, 11
x11 <- 0x0000000000000000
mem[X,0x0000000080028E80] -> 0x8593
mem[X,0x0000000080028E82] -> 0x5A85
[5104] [M]: 0x0000000080028E80 (0x5A858593) addi a1, a1, 1448
x11 <- 0x00000000000005A8
mem[X,0x0000000080028E84] -> 0x9593
mem[X,0x0000000080028E86] -> 0x00B5
[5105] [M]: 0x0000000080028E84 (0x00B59593) slli a1, a1, 11
x11 <- 0x00000000002D4000
mem[X,0x0000000080028E88] -> 0x8593
mem[X,0x0000000080028E8A] -> 0x13C5
[5106] [M]: 0x0000000080028E88 (0x13C58593) addi a1, a1, 316
x11 <- 0x00000000002D413C
mem[X,0x0000000080028E8C] -> 0x9593
mem[X,0x0000000080028E8E] -> 0x00A5
[5107] [M]: 0x0000000080028E8C (0x00A59593) slli a1, a1, 10
x11 <- 0x00000000B504F000
mem[X,0x0000000080028E90] -> 0x8593
mem[X,0x0000000080028E92] -> 0x3345
[5108] [M]: 0x0000000080028E90 (0x33458593) addi a1, a1, 820
x11 <- 0x00000000B504F334
mem[X,0x0000000080028E94] -> 0x0113
mem[X,0x0000000080028E96] -> 0x0000
[5109] [M]: 0x0000000080028E94 (0x00000113) addi sp, zero, 0
x2 <- 0x0000000000000000
mem[X,0x0000000080028E98] -> 0x006F
mem[X,0x0000000080028E9A] -> 0x00C0
[5110] [M]: 0x0000000080028E98 (0x00C0006F) jal zero, 12
mem[X,0x0000000080028EA4] -> 0x4063
mem[X,0x0000000080028EA6] -> 0x04B5
[5111] [M]: 0x0000000080028EA4 (0x04B54063) blt a0, a1, 64
mem[X,0x0000000080028EE4] -> 0x0113
mem[X,0x0000000080028EE6] -> 0x0031
[5112] [M]: 0x0000000080028EE4 (0x00310113) addi sp, sp, 3
x2 <- 0x0000000000000003
mem[X,0x0000000080028EE8] -> 0x006F
mem[X,0x0000000080028EEA] -> 0x0040
[5113] [M]: 0x0000000080028EE8 (0x0040006F) jal zero, 4
mem[X,0x0000000080028EEC] -> 0xB423
mem[X,0x0000000080028EEE] -> 0x1E20
[5114] [M]: 0x0000000080028EEC (0x1E20B423) sd sp, 488(ra)
mem[0x000000008004FBC0] <- 0x0000000000000003
mem[X,0x0000000080028EF0] -> 0x0537
mem[X,0x0000000080028EF2] -> 0x0000
[5115] [M]: 0x0000000080028EF0 (0x00000537) lui a0, 0
x10 <- 0x0000000000000000
mem[X,0x0000000080028EF4] -> 0x0513
mem[X,0x0000000080028EF6] -> 0x0005
[5116] [M]: 0x0000000080028EF4 (0x00050513) addi a0, a0, 0
x10 <- 0x0000000000000000
mem[X,0x0000000080028EF8] -> 0x1513
mem[X,0x0000000080028EFA] -> 0x00B5
[5117] [M]: 0x0000000080028EF8 (0x00B51513) slli a0, a0, 11
x10 <- 0x0000000000000000
mem[X,0x0000000080028EFC] -> 0x0513
mem[X,0x0000000080028EFE] -> 0x5A85
[5118] [M]: 0x0000000080028EFC (0x5A850513) addi a0, a0, 1448
x10 <- 0x00000000000005A8
mem[X,0x0000000080028F00] -> 0x1513
mem[X,0x0000000080028F02] -> 0x00B5
[5119] [M]: 0x0000000080028F00 (0x00B51513) slli a0, a0, 11
x10 <- 0x00000000002D4000
mem[X,0x0000000080028F04] -> 0x0513
mem[X,0x0000000080028F06] -> 0x13C5
[5120] [M]: 0x0000000080028F04 (0x13C50513) addi a0, a0, 316
x10 <- 0x00000000002D413C
mem[X,0x0000000080028F08] -> 0x1513
mem[X,0x0000000080028F0A] -> 0x00A5
[5121] [M]: 0x0000000080028F08 (0x00A51513) slli a0, a0, 10
x10 <- 0x00000000B504F000
mem[X,0x0000000080028F0C] -> 0x0513
mem[X,0x0000000080028F0E] -> 0x3335
[5122] [M]: 0x0000000080028F0C (0x33350513) addi a0, a0, 819
x10 <- 0x00000000B504F333
mem[X,0x0000000080028F10] -> 0x0593
mem[X,0x0000000080028F12] -> 0x0030
[5123] [M]: 0x0000000080028F10 (0x00300593) addi a1, zero, 3
x11 <- 0x0000000000000003
mem[X,0x0000000080028F14] -> 0x0113
mem[X,0x0000000080028F16] -> 0x0000
[5124] [M]: 0x0000000080028F14 (0x00000113) addi sp, zero, 0
x2 <- 0x0000000000000000
mem[X,0x0000000080028F18] -> 0x006F
mem[X,0x0000000080028F1A] -> 0x2B10
[5125] [M]: 0x0000000080028F18 (0x2B10006F) jal zero, 2736
mem[X,0x00000000800299C8] -> 0x4A63
mem[X,0x00000000800299CA] -> 0xD4B5
[5126] [M]: 0x00000000800299C8 (0xD4B54A63) blt a0, a1, 5460
mem[X,0x00000000800299CC] -> 0x0113
mem[X,0x00000000800299CE] -> 0x0021
[5127] [M]: 0x00000000800299CC (0x00210113) addi sp, sp, 2
x2 <- 0x0000000000000002
mem[X,0x00000000800299D0] -> 0x006F
mem[X,0x00000000800299D2] -> 0x00C0
[5128] [M]: 0x00000000800299D0 (0x00C0006F) jal zero, 12
mem[X,0x00000000800299DC] -> 0xB823
mem[X,0x00000000800299DE] -> 0x1E20
[5129] [M]: 0x00000000800299DC (0x1E20B823) sd sp, 496(ra)
mem[0x000000008004FBC8] <- 0x0000000000000002
mem[X,0x00000000800299E0] -> 0x0537
mem[X,0x00000000800299E2] -> 0x0000
[5130] [M]: 0x00000000800299E0 (0x00000537) lui a0, 0
x10 <- 0x0000000000000000
mem[X,0x00000000800299E4] -> 0x0513
mem[X,0x00000000800299E6] -> 0x0005
[5131] [M]: 0x00000000800299E4 (0x00050513) addi a0, a0, 0
x10 <- 0x0000000000000000
mem[X,0x00000000800299E8] -> 0x1513
mem[X,0x00000000800299EA] -> 0x00B5
[5132] [M]: 0x00000000800299E8 (0x00B51513) slli a0, a0, 11
x10 <- 0x0000000000000000
mem[X,0x00000000800299EC] -> 0x0513
mem[X,0x00000000800299EE] -> 0x5A85
[5133] [M]: 0x00000000800299EC (0x5A850513) addi a0, a0, 1448
x10 <- 0x00000000000005A8
mem[X,0x00000000800299F0] -> 0x1513
mem[X,0x00000000800299F2] -> 0x00B5
[5134] [M]: 0x00000000800299F0 (0x00B51513) slli a0, a0, 11
x10 <- 0x00000000002D4000
mem[X,0x00000000800299F4] -> 0x0513
mem[X,0x00000000800299F6] -> 0x13C5
[5135] [M]: 0x00000000800299F4 (0x13C50513) addi a0, a0, 316
x10 <- 0x00000000002D413C
mem[X,0x00000000800299F8] -> 0x1513
mem[X,0x00000000800299FA] -> 0x00A5
[5136] [M]: 0x00000000800299F8 (0x00A51513) slli a0, a0, 10
x10 <- 0x00000000B504F000
mem[X,0x00000000800299FC] -> 0x0513
mem[X,0x00000000800299FE] -> 0x3335
[5137] [M]: 0x00000000800299FC (0x33350513) addi a0, a0, 819
x10 <- 0x00000000B504F333
mem[X,0x0000000080029A00] -> 0x55B7
mem[X,0x0000000080029A02] -> 0x5555
[5138] [M]: 0x0000000080029A00 (0x555555B7) lui a1, 349525
x11 <- 0x0000000055555000
mem[X,0x0000000080029A04] -> 0x8593
mem[X,0x0000000080029A06] -> 0x5555
[5139] [M]: 0x0000000080029A04 (0x55558593) addi a1, a1, 1365
x11 <- 0x0000000055555555
mem[X,0x0000000080029A08] -> 0x9593
mem[X,0x0000000080029A0A] -> 0x00B5
[5140] [M]: 0x0000000080029A08 (0x00B59593) slli a1, a1, 11
x11 <- 0x000002AAAAAAA800
mem[X,0x0000000080029A0C] -> 0x8593
mem[X,0x0000000080029A0E] -> 0x2AA5
[5141] [M]: 0x0000000080029A0C (0x2AA58593) addi a1, a1, 682
x11 <- 0x000002AAAAAAAAAA
mem[X,0x0000000080029A10] -> 0x9593
mem[X,0x0000000080029A12] -> 0x00B5
[5142] [M]: 0x0000000080029A10 (0x00B59593) slli a1, a1, 11
x11 <- 0x0015555555555000
mem[X,0x0000000080029A14] -> 0x8593
mem[X,0x0000000080029A16] -> 0x5555
[5143] [M]: 0x0000000080029A14 (0x55558593) addi a1, a1, 1365
x11 <- 0x0015555555555555
mem[X,0x0000000080029A18] -> 0x9593
mem[X,0x0000000080029A1A] -> 0x00A5
[5144] [M]: 0x0000000080029A18 (0x00A59593) slli a1, a1, 10
x11 <- 0x5555555555555400
mem[X,0x0000000080029A1C] -> 0x8593
mem[X,0x0000000080029A1E] -> 0x1555
[5145] [M]: 0x0000000080029A1C (0x15558593) addi a1, a1, 341
x11 <- 0x5555555555555555
mem[X,0x0000000080029A20] -> 0x0113
mem[X,0x0000000080029A22] -> 0x0000
[5146] [M]: 0x0000000080029A20 (0x00000113) addi sp, zero, 0
x2 <- 0x0000000000000000
mem[X,0x0000000080029A24] -> 0x006F
mem[X,0x0000000080029A26] -> 0x00C0
[5147] [M]: 0x0000000080029A24 (0x00C0006F) jal zero, 12
mem[X,0x0000000080029A30] -> 0x4663
mem[X,0x0000000080029A32] -> 0x00B5
[5148] [M]: 0x0000000080029A30 (0x00B54663) blt a0, a1, 12
mem[X,0x0000000080029A3C] -> 0x0113
mem[X,0x0000000080029A3E] -> 0x0031
[5149] [M]: 0x0000000080029A3C (0x00310113) addi sp, sp, 3
x2 <- 0x0000000000000003
mem[X,0x0000000080029A40] -> 0x006F
mem[X,0x0000000080029A42] -> 0x0040
[5150] [M]: 0x0000000080029A40 (0x0040006F) jal zero, 4
mem[X,0x0000000080029A44] -> 0xBC23
mem[X,0x0000000080029A46] -> 0x1E20
[5151] [M]: 0x0000000080029A44 (0x1E20BC23) sd sp, 504(ra)
mem[0x000000008004FBD0] <- 0x0000000000000003
mem[X,0x0000000080029A48] -> 0x0537
mem[X,0x0000000080029A4A] -> 0x0000
[5152] [M]: 0x0000000080029A48 (0x00000537) lui a0, 0
x10 <- 0x0000000000000000
mem[X,0x0000000080029A4C] -> 0x0513
mem[X,0x0000000080029A4E] -> 0x0005
[5153] [M]: 0x0000000080029A4C (0x00050513) addi a0, a0, 0
x10 <- 0x0000000000000000
mem[X,0x0000000080029A50] -> 0x1513
mem[X,0x0000000080029A52] -> 0x00B5
[5154] [M]: 0x0000000080029A50 (0x00B51513) slli a0, a0, 11
x10 <- 0x0000000000000000
mem[X,0x0000000080029A54] -> 0x0513
mem[X,0x0000000080029A56] -> 0x5A85
[5155] [M]: 0x0000000080029A54 (0x5A850513) addi a0, a0, 1448
x10 <- 0x00000000000005A8
mem[X,0x0000000080029A58] -> 0x1513
mem[X,0x0000000080029A5A] -> 0x00B5
[5156] [M]: 0x0000000080029A58 (0x00B51513) slli a0, a0, 11
x10 <- 0x00000000002D4000
mem[X,0x0000000080029A5C] -> 0x0513
mem[X,0x0000000080029A5E] -> 0x13C5
[5157] [M]: 0x0000000080029A5C (0x13C50513) addi a0, a0, 316
x10 <- 0x00000000002D413C
mem[X,0x0000000080029A60] -> 0x1513
mem[X,0x0000000080029A62] -> 0x00A5
[5158] [M]: 0x0000000080029A60 (0x00A51513) slli a0, a0, 10
x10 <- 0x00000000B504F000
mem[X,0x0000000080029A64] -> 0x0513
mem[X,0x0000000080029A66] -> 0x3335
[5159] [M]: 0x0000000080029A64 (0x33350513) addi a0, a0, 819
x10 <- 0x00000000B504F333
mem[X,0x0000000080029A68] -> 0xB5B7
mem[X,0x0000000080029A6A] -> 0xAAAA
[5160] [M]: 0x0000000080029A68 (0xAAAAB5B7) lui a1, 699051
x11 <- 0xFFFFFFFFAAAAB000
mem[X,0x0000000080029A6C] -> 0x8593
mem[X,0x0000000080029A6E] -> 0xAAA5
[5161] [M]: 0x0000000080029A6C (0xAAA58593) addi a1, a1, 2730
x11 <- 0xFFFFFFFFAAAAAAAA
mem[X,0x0000000080029A70] -> 0x9593
mem[X,0x0000000080029A72] -> 0x00B5
[5162] [M]: 0x0000000080029A70 (0x00B59593) slli a1, a1, 11
x11 <- 0xFFFFFD5555555000
mem[X,0x0000000080029A74] -> 0x8593
mem[X,0x0000000080029A76] -> 0x5555
[5163] [M]: 0x0000000080029A74 (0x55558593) addi a1, a1, 1365
x11 <- 0xFFFFFD5555555555
mem[X,0x0000000080029A78] -> 0x9593
mem[X,0x0000000080029A7A] -> 0x00B5
[5164] [M]: 0x0000000080029A78 (0x00B59593) slli a1, a1, 11
x11 <- 0xFFEAAAAAAAAAA800
mem[X,0x0000000080029A7C] -> 0x8593
mem[X,0x0000000080029A7E] -> 0x2AA5
[5165] [M]: 0x0000000080029A7C (0x2AA58593) addi a1, a1, 682
x11 <- 0xFFEAAAAAAAAAAAAA
mem[X,0x0000000080029A80] -> 0x9593
mem[X,0x0000000080029A82] -> 0x00A5
[5166] [M]: 0x0000000080029A80 (0x00A59593) slli a1, a1, 10
x11 <- 0xAAAAAAAAAAAAA800
mem[X,0x0000000080029A84] -> 0x8593
mem[X,0x0000000080029A86] -> 0x2AA5
[5167] [M]: 0x0000000080029A84 (0x2AA58593) addi a1, a1, 682
x11 <- 0xAAAAAAAAAAAAAAAA
mem[X,0x0000000080029A88] -> 0x0113
mem[X,0x0000000080029A8A] -> 0x0000
[5168] [M]: 0x0000000080029A88 (0x00000113) addi sp, zero, 0
x2 <- 0x0000000000000000
mem[X,0x0000000080029A8C] -> 0x006F
mem[X,0x0000000080029A8E] -> 0x00C0
[5169] [M]: 0x0000000080029A8C (0x00C0006F) jal zero, 12
mem[X,0x0000000080029A98] -> 0x4663
mem[X,0x0000000080029A9A] -> 0x00B5
[5170] [M]: 0x0000000080029A98 (0x00B54663) blt a0, a1, 12
mem[X,0x0000000080029A9C] -> 0x0113
mem[X,0x0000000080029A9E] -> 0x0021
[5171] [M]: 0x0000000080029A9C (0x00210113) addi sp, sp, 2
x2 <- 0x0000000000000002
mem[X,0x0000000080029AA0] -> 0x006F
mem[X,0x0000000080029AA2] -> 0x00C0
[5172] [M]: 0x0000000080029AA0 (0x00C0006F) jal zero, 12
mem[X,0x0000000080029AAC] -> 0xB023
mem[X,0x0000000080029AAE] -> 0x2020
[5173] [M]: 0x0000000080029AAC (0x2020B023) sd sp, 512(ra)
mem[0x000000008004FBD8] <- 0x0000000000000002
mem[X,0x0000000080029AB0] -> 0x0537
mem[X,0x0000000080029AB2] -> 0x0000
[5174] [M]: 0x0000000080029AB0 (0x00000537) lui a0, 0
x10 <- 0x0000000000000000
mem[X,0x0000000080029AB4] -> 0x0513
mem[X,0x0000000080029AB6] -> 0x0005
[5175] [M]: 0x0000000080029AB4 (0x00050513) addi a0, a0, 0
x10 <- 0x0000000000000000
mem[X,0x0000000080029AB8] -> 0x1513
mem[X,0x0000000080029ABA] -> 0x00B5
[5176] [M]: 0x0000000080029AB8 (0x00B51513) slli a0, a0, 11
x10 <- 0x0000000000000000
mem[X,0x0000000080029ABC] -> 0x0513
mem[X,0x0000000080029ABE] -> 0x5A85
[5177] [M]: 0x0000000080029ABC (0x5A850513) addi a0, a0, 1448
x10 <- 0x00000000000005A8
mem[X,0x0000000080029AC0] -> 0x1513
mem[X,0x0000000080029AC2] -> 0x00B5
[5178] [M]: 0x0000000080029AC0 (0x00B51513) slli a0, a0, 11
x10 <- 0x00000000002D4000
mem[X,0x0000000080029AC4] -> 0x0513
mem[X,0x0000000080029AC6] -> 0x13C5
[5179] [M]: 0x0000000080029AC4 (0x13C50513) addi a0, a0, 316
x10 <- 0x00000000002D413C
mem[X,0x0000000080029AC8] -> 0x1513
mem[X,0x0000000080029ACA] -> 0x00A5
[5180] [M]: 0x0000000080029AC8 (0x00A51513) slli a0, a0, 10
x10 <- 0x00000000B504F000
mem[X,0x0000000080029ACC] -> 0x0513
mem[X,0x0000000080029ACE] -> 0x3335
[5181] [M]: 0x0000000080029ACC (0x33350513) addi a0, a0, 819
x10 <- 0x00000000B504F333
mem[X,0x0000000080029AD0] -> 0x0593
mem[X,0x0000000080029AD2] -> 0x0050
[5182] [M]: 0x0000000080029AD0 (0x00500593) addi a1, zero, 5
x11 <- 0x0000000000000005
mem[X,0x0000000080029AD4] -> 0x0113
mem[X,0x0000000080029AD6] -> 0x0000
[5183] [M]: 0x0000000080029AD4 (0x00000113) addi sp, zero, 0
x2 <- 0x0000000000000000
mem[X,0x0000000080029AD8] -> 0x006F
mem[X,0x0000000080029ADA] -> 0x00C0
[5184] [M]: 0x0000000080029AD8 (0x00C0006F) jal zero, 12
mem[X,0x0000000080029AE4] -> 0x4063
mem[X,0x0000000080029AE6] -> 0x40B5
[5185] [M]: 0x0000000080029AE4 (0x40B54063) blt a0, a1, 1024
mem[X,0x0000000080029AE8] -> 0x0113
mem[X,0x0000000080029AEA] -> 0x0021
[5186] [M]: 0x0000000080029AE8 (0x00210113) addi sp, sp, 2
x2 <- 0x0000000000000002
mem[X,0x0000000080029AEC] -> 0x006F
mem[X,0x0000000080029AEE] -> 0x4000
[5187] [M]: 0x0000000080029AEC (0x4000006F) jal zero, 1024
mem[X,0x0000000080029EEC] -> 0xB423
mem[X,0x0000000080029EEE] -> 0x2020
[5188] [M]: 0x0000000080029EEC (0x2020B423) sd sp, 520(ra)
mem[0x000000008004FBE0] <- 0x0000000000000002
mem[X,0x0000000080029EF0] -> 0x0537
mem[X,0x0000000080029EF2] -> 0x0000
[5189] [M]: 0x0000000080029EF0 (0x00000537) lui a0, 0
x10 <- 0x0000000000000000
mem[X,0x0000000080029EF4] -> 0x0513
mem[X,0x0000000080029EF6] -> 0x0005
[5190] [M]: 0x0000000080029EF4 (0x00050513) addi a0, a0, 0
x10 <- 0x0000000000000000
mem[X,0x0000000080029EF8] -> 0x1513
mem[X,0x0000000080029EFA] -> 0x00B5
[5191] [M]: 0x0000000080029EF8 (0x00B51513) slli a0, a0, 11
x10 <- 0x0000000000000000
mem[X,0x0000000080029EFC] -> 0x0513
mem[X,0x0000000080029EFE] -> 0x5A85
[5192] [M]: 0x0000000080029EFC (0x5A850513) addi a0, a0, 1448
x10 <- 0x00000000000005A8
mem[X,0x0000000080029F00] -> 0x1513
mem[X,0x0000000080029F02] -> 0x00B5
[5193] [M]: 0x0000000080029F00 (0x00B51513) slli a0, a0, 11
x10 <- 0x00000000002D4000
mem[X,0x0000000080029F04] -> 0x0513
mem[X,0x0000000080029F06] -> 0x13C5
[5194] [M]: 0x0000000080029F04 (0x13C50513) addi a0, a0, 316
x10 <- 0x00000000002D413C
mem[X,0x0000000080029F08] -> 0x1513
mem[X,0x0000000080029F0A] -> 0x00A5
[5195] [M]: 0x0000000080029F08 (0x00A51513) slli a0, a0, 10
x10 <- 0x00000000B504F000
mem[X,0x0000000080029F0C] -> 0x0513
mem[X,0x0000000080029F0E] -> 0x3335
[5196] [M]: 0x0000000080029F0C (0x33350513) addi a0, a0, 819
x10 <- 0x00000000B504F333
mem[X,0x0000000080029F10] -> 0x35B7
mem[X,0x0000000080029F12] -> 0x3333
[5197] [M]: 0x0000000080029F10 (0x333335B7) lui a1, 209715
x11 <- 0x0000000033333000
mem[X,0x0000000080029F14] -> 0x8593
mem[X,0x0000000080029F16] -> 0x3335
[5198] [M]: 0x0000000080029F14 (0x33358593) addi a1, a1, 819
x11 <- 0x0000000033333333
mem[X,0x0000000080029F18] -> 0x9593
mem[X,0x0000000080029F1A] -> 0x00B5
[5199] [M]: 0x0000000080029F18 (0x00B59593) slli a1, a1, 11
x11 <- 0x0000019999999800
clint::tick mtime <- 0x0000000000000034
 clint timer pending at mtime 0x0000000000000034
htif::tick 0x0000000000000000
mem[X,0x0000000080029F1C] -> 0x8593
mem[X,0x0000000080029F1E] -> 0x1995
[5200] [M]: 0x0000000080029F1C (0x19958593) addi a1, a1, 409
x11 <- 0x0000019999999999
mem[X,0x0000000080029F20] -> 0x9593
mem[X,0x0000000080029F22] -> 0x00B5
[5201] [M]: 0x0000000080029F20 (0x00B59593) slli a1, a1, 11
x11 <- 0x000CCCCCCCCCC800
mem[X,0x0000000080029F24] -> 0x8593
mem[X,0x0000000080029F26] -> 0x4CC5
[5202] [M]: 0x0000000080029F24 (0x4CC58593) addi a1, a1, 1228
x11 <- 0x000CCCCCCCCCCCCC
mem[X,0x0000000080029F28] -> 0x9593
mem[X,0x0000000080029F2A] -> 0x00A5
[5203] [M]: 0x0000000080029F28 (0x00A59593) slli a1, a1, 10
x11 <- 0x3333333333333000
mem[X,0x0000000080029F2C] -> 0x8593
mem[X,0x0000000080029F2E] -> 0x3335
[5204] [M]: 0x0000000080029F2C (0x33358593) addi a1, a1, 819
x11 <- 0x3333333333333333
mem[X,0x0000000080029F30] -> 0x0113
mem[X,0x0000000080029F32] -> 0x0000
[5205] [M]: 0x0000000080029F30 (0x00000113) addi sp, zero, 0
x2 <- 0x0000000000000000
mem[X,0x0000000080029F34] -> 0x006F
mem[X,0x0000000080029F36] -> 0x00C0
[5206] [M]: 0x0000000080029F34 (0x00C0006F) jal zero, 12
mem[X,0x0000000080029F40] -> 0x4CE3
mem[X,0x0000000080029F42] -> 0xFEB5
[5207] [M]: 0x0000000080029F40 (0xFEB54CE3) blt a0, a1, 8184
mem[X,0x0000000080029F38] -> 0x0113
mem[X,0x0000000080029F3A] -> 0x0011
[5208] [M]: 0x0000000080029F38 (0x00110113) addi sp, sp, 1
x2 <- 0x0000000000000001
mem[X,0x0000000080029F3C] -> 0x006F
mem[X,0x0000000080029F3E] -> 0x0180
[5209] [M]: 0x0000000080029F3C (0x0180006F) jal zero, 24
mem[X,0x0000000080029F54] -> 0xB823
mem[X,0x0000000080029F56] -> 0x2020
[5210] [M]: 0x0000000080029F54 (0x2020B823) sd sp, 528(ra)
mem[0x000000008004FBE8] <- 0x0000000000000001
mem[X,0x0000000080029F58] -> 0x0537
mem[X,0x0000000080029F5A] -> 0x0000
[5211] [M]: 0x0000000080029F58 (0x00000537) lui a0, 0
x10 <- 0x0000000000000000
mem[X,0x0000000080029F5C] -> 0x0513
mem[X,0x0000000080029F5E] -> 0x0005
[5212] [M]: 0x0000000080029F5C (0x00050513) addi a0, a0, 0
x10 <- 0x0000000000000000
mem[X,0x0000000080029F60] -> 0x1513
mem[X,0x0000000080029F62] -> 0x00B5
[5213] [M]: 0x0000000080029F60 (0x00B51513) slli a0, a0, 11
x10 <- 0x0000000000000000
mem[X,0x0000000080029F64] -> 0x0513
mem[X,0x0000000080029F66] -> 0x5A85
[5214] [M]: 0x0000000080029F64 (0x5A850513) addi a0, a0, 1448
x10 <- 0x00000000000005A8
mem[X,0x0000000080029F68] -> 0x1513
mem[X,0x0000000080029F6A] -> 0x00B5
[5215] [M]: 0x0000000080029F68 (0x00B51513) slli a0, a0, 11
x10 <- 0x00000000002D4000
mem[X,0x0000000080029F6C] -> 0x0513
mem[X,0x0000000080029F6E] -> 0x13C5
[5216] [M]: 0x0000000080029F6C (0x13C50513) addi a0, a0, 316
x10 <- 0x00000000002D413C
mem[X,0x0000000080029F70] -> 0x1513
mem[X,0x0000000080029F72] -> 0x00A5
[5217] [M]: 0x0000000080029F70 (0x00A51513) slli a0, a0, 10
x10 <- 0x00000000B504F000
mem[X,0x0000000080029F74] -> 0x0513
mem[X,0x0000000080029F76] -> 0x3335
[5218] [M]: 0x0000000080029F74 (0x33350513) addi a0, a0, 819
x10 <- 0x00000000B504F333
mem[X,0x0000000080029F78] -> 0x65B7
mem[X,0x0000000080029F7A] -> 0x6666
[5219] [M]: 0x0000000080029F78 (0x666665B7) lui a1, 419430
x11 <- 0x0000000066666000
mem[X,0x0000000080029F7C] -> 0x8593
mem[X,0x0000000080029F7E] -> 0x6665
[5220] [M]: 0x0000000080029F7C (0x66658593) addi a1, a1, 1638
x11 <- 0x0000000066666666
mem[X,0x0000000080029F80] -> 0x9593
mem[X,0x0000000080029F82] -> 0x00B5
[5221] [M]: 0x0000000080029F80 (0x00B59593) slli a1, a1, 11
x11 <- 0x0000033333333000
mem[X,0x0000000080029F84] -> 0x8593
mem[X,0x0000000080029F86] -> 0x3335
[5222] [M]: 0x0000000080029F84 (0x33358593) addi a1, a1, 819
x11 <- 0x0000033333333333
mem[X,0x0000000080029F88] -> 0x9593
mem[X,0x0000000080029F8A] -> 0x00B5
[5223] [M]: 0x0000000080029F88 (0x00B59593) slli a1, a1, 11
x11 <- 0x0019999999999800
mem[X,0x0000000080029F8C] -> 0x8593
mem[X,0x0000000080029F8E] -> 0x1995
[5224] [M]: 0x0000000080029F8C (0x19958593) addi a1, a1, 409
x11 <- 0x0019999999999999
mem[X,0x0000000080029F90] -> 0x9593
mem[X,0x0000000080029F92] -> 0x00A5
[5225] [M]: 0x0000000080029F90 (0x00A59593) slli a1, a1, 10
x11 <- 0x6666666666666400
mem[X,0x0000000080029F94] -> 0x8593
mem[X,0x0000000080029F96] -> 0x2665
[5226] [M]: 0x0000000080029F94 (0x26658593) addi a1, a1, 614
x11 <- 0x6666666666666666
mem[X,0x0000000080029F98] -> 0x0113
mem[X,0x0000000080029F9A] -> 0x0000
[5227] [M]: 0x0000000080029F98 (0x00000113) addi sp, zero, 0
x2 <- 0x0000000000000000
mem[X,0x0000000080029F9C] -> 0x006F
mem[X,0x0000000080029F9E] -> 0x00C0
[5228] [M]: 0x0000000080029F9C (0x00C0006F) jal zero, 12
mem[X,0x0000000080029FA8] -> 0x4CE3
mem[X,0x0000000080029FAA] -> 0xFEB5
[5229] [M]: 0x0000000080029FA8 (0xFEB54CE3) blt a0, a1, 8184
mem[X,0x0000000080029FA0] -> 0x0113
mem[X,0x0000000080029FA2] -> 0x0011
[5230] [M]: 0x0000000080029FA0 (0x00110113) addi sp, sp, 1
x2 <- 0x0000000000000001
mem[X,0x0000000080029FA4] -> 0x006F
mem[X,0x0000000080029FA6] -> 0x0180
[5231] [M]: 0x0000000080029FA4 (0x0180006F) jal zero, 24
mem[X,0x0000000080029FBC] -> 0xBC23
mem[X,0x0000000080029FBE] -> 0x2020
[5232] [M]: 0x0000000080029FBC (0x2020BC23) sd sp, 536(ra)
mem[0x000000008004FBF0] <- 0x0000000000000001
mem[X,0x0000000080029FC0] -> 0x0537
mem[X,0x0000000080029FC2] -> 0x0000
[5233] [M]: 0x0000000080029FC0 (0x00000537) lui a0, 0
x10 <- 0x0000000000000000
mem[X,0x0000000080029FC4] -> 0x0513
mem[X,0x0000000080029FC6] -> 0x0005
[5234] [M]: 0x0000000080029FC4 (0x00050513) addi a0, a0, 0
x10 <- 0x0000000000000000
mem[X,0x0000000080029FC8] -> 0x1513
mem[X,0x0000000080029FCA] -> 0x00B5
[5235] [M]: 0x0000000080029FC8 (0x00B51513) slli a0, a0, 11
x10 <- 0x0000000000000000
mem[X,0x0000000080029FCC] -> 0x0513
mem[X,0x0000000080029FCE] -> 0x5A85
[5236] [M]: 0x0000000080029FCC (0x5A850513) addi a0, a0, 1448
x10 <- 0x00000000000005A8
mem[X,0x0000000080029FD0] -> 0x1513
mem[X,0x0000000080029FD2] -> 0x00B5
[5237] [M]: 0x0000000080029FD0 (0x00B51513) slli a0, a0, 11
x10 <- 0x00000000002D4000
mem[X,0x0000000080029FD4] -> 0x0513
mem[X,0x0000000080029FD6] -> 0x13C5
[5238] [M]: 0x0000000080029FD4 (0x13C50513) addi a0, a0, 316
x10 <- 0x00000000002D413C
mem[X,0x0000000080029FD8] -> 0x1513
mem[X,0x0000000080029FDA] -> 0x00A5
[5239] [M]: 0x0000000080029FD8 (0x00A51513) slli a0, a0, 10
x10 <- 0x00000000B504F000
mem[X,0x0000000080029FDC] -> 0x0513
mem[X,0x0000000080029FDE] -> 0x3335
[5240] [M]: 0x0000000080029FDC (0x33350513) addi a0, a0, 819
x10 <- 0x00000000B504F333
mem[X,0x0000000080029FE0] -> 0x05B7
mem[X,0x0000000080029FE2] -> 0x0000
[5241] [M]: 0x0000000080029FE0 (0x000005B7) lui a1, 0
x11 <- 0x0000000000000000
mem[X,0x0000000080029FE4] -> 0x8593
mem[X,0x0000000080029FE6] -> 0xFFF5
[5242] [M]: 0x0000000080029FE4 (0xFFF58593) addi a1, a1, 4095
x11 <- 0xFFFFFFFFFFFFFFFF
mem[X,0x0000000080029FE8] -> 0x9593
mem[X,0x0000000080029FEA] -> 0x00B5
[5243] [M]: 0x0000000080029FE8 (0x00B59593) slli a1, a1, 11
x11 <- 0xFFFFFFFFFFFFF800
mem[X,0x0000000080029FEC] -> 0x8593
mem[X,0x0000000080029FEE] -> 0x2575
[5244] [M]: 0x0000000080029FEC (0x25758593) addi a1, a1, 599
x11 <- 0xFFFFFFFFFFFFFA57
mem[X,0x0000000080029FF0] -> 0x9593
mem[X,0x0000000080029FF2] -> 0x00B5
[5245] [M]: 0x0000000080029FF0 (0x00B59593) slli a1, a1, 11
x11 <- 0xFFFFFFFFFFD2B800
mem[X,0x0000000080029FF4] -> 0x8593
mem[X,0x0000000080029FF6] -> 0x6C35
[5246] [M]: 0x0000000080029FF4 (0x6C358593) addi a1, a1, 1731
x11 <- 0xFFFFFFFFFFD2BEC3
mem[X,0x0000000080029FF8] -> 0x9593
mem[X,0x0000000080029FFA] -> 0x00A5
[5247] [M]: 0x0000000080029FF8 (0x00A59593) slli a1, a1, 10
x11 <- 0xFFFFFFFF4AFB0C00
mem[X,0x0000000080029FFC] -> 0x8593
mem[X,0x0000000080029FFE] -> 0x0CD5
[5248] [M]: 0x0000000080029FFC (0x0CD58593) addi a1, a1, 205
x11 <- 0xFFFFFFFF4AFB0CCD
mem[X,0x000000008002A000] -> 0x0113
mem[X,0x000000008002A002] -> 0x0000
[5249] [M]: 0x000000008002A000 (0x00000113) addi sp, zero, 0
x2 <- 0x0000000000000000
mem[X,0x000000008002A004] -> 0x006F
mem[X,0x000000008002A006] -> 0x00C0
[5250] [M]: 0x000000008002A004 (0x00C0006F) jal zero, 12
mem[X,0x000000008002A010] -> 0x4663
mem[X,0x000000008002A012] -> 0x00B5
[5251] [M]: 0x000000008002A010 (0x00B54663) blt a0, a1, 12
mem[X,0x000000008002A014] -> 0x0113
mem[X,0x000000008002A016] -> 0x0021
[5252] [M]: 0x000000008002A014 (0x00210113) addi sp, sp, 2
x2 <- 0x0000000000000002
mem[X,0x000000008002A018] -> 0x006F
mem[X,0x000000008002A01A] -> 0x00C0
[5253] [M]: 0x000000008002A018 (0x00C0006F) jal zero, 12
mem[X,0x000000008002A024] -> 0xB023
mem[X,0x000000008002A026] -> 0x2220
[5254] [M]: 0x000000008002A024 (0x2220B023) sd sp, 544(ra)
mem[0x000000008004FBF8] <- 0x0000000000000002
mem[X,0x000000008002A028] -> 0x0537
mem[X,0x000000008002A02A] -> 0x0000
[5255] [M]: 0x000000008002A028 (0x00000537) lui a0, 0
x10 <- 0x0000000000000000
mem[X,0x000000008002A02C] -> 0x0513
mem[X,0x000000008002A02E] -> 0x0005
[5256] [M]: 0x000000008002A02C (0x00050513) addi a0, a0, 0
x10 <- 0x0000000000000000
mem[X,0x000000008002A030] -> 0x1513
mem[X,0x000000008002A032] -> 0x00B5
[5257] [M]: 0x000000008002A030 (0x00B51513) slli a0, a0, 11
x10 <- 0x0000000000000000
mem[X,0x000000008002A034] -> 0x0513
mem[X,0x000000008002A036] -> 0x5A85
[5258] [M]: 0x000000008002A034 (0x5A850513) addi a0, a0, 1448
x10 <- 0x00000000000005A8
mem[X,0x000000008002A038] -> 0x1513
mem[X,0x000000008002A03A] -> 0x00B5
[5259] [M]: 0x000000008002A038 (0x00B51513) slli a0, a0, 11
x10 <- 0x00000000002D4000
mem[X,0x000000008002A03C] -> 0x0513
mem[X,0x000000008002A03E] -> 0x13C5
[5260] [M]: 0x000000008002A03C (0x13C50513) addi a0, a0, 316
x10 <- 0x00000000002D413C
mem[X,0x000000008002A040] -> 0x1513
mem[X,0x000000008002A042] -> 0x00A5
[5261] [M]: 0x000000008002A040 (0x00A51513) slli a0, a0, 10
x10 <- 0x00000000B504F000
mem[X,0x000000008002A044] -> 0x0513
mem[X,0x000000008002A046] -> 0x3335
[5262] [M]: 0x000000008002A044 (0x33350513) addi a0, a0, 819
x10 <- 0x00000000B504F333
mem[X,0x000000008002A048] -> 0x05B7
mem[X,0x000000008002A04A] -> 0x0000
[5263] [M]: 0x000000008002A048 (0x000005B7) lui a1, 0
x11 <- 0x0000000000000000
mem[X,0x000000008002A04C] -> 0x8593
mem[X,0x000000008002A04E] -> 0x0005
[5264] [M]: 0x000000008002A04C (0x00058593) addi a1, a1, 0
x11 <- 0x0000000000000000
mem[X,0x000000008002A050] -> 0x9593
mem[X,0x000000008002A052] -> 0x00B5
[5265] [M]: 0x000000008002A050 (0x00B59593) slli a1, a1, 11
x11 <- 0x0000000000000000
mem[X,0x000000008002A054] -> 0x8593
mem[X,0x000000008002A056] -> 0x5A85
[5266] [M]: 0x000000008002A054 (0x5A858593) addi a1, a1, 1448
x11 <- 0x00000000000005A8
mem[X,0x000000008002A058] -> 0x9593
mem[X,0x000000008002A05A] -> 0x00B5
[5267] [M]: 0x000000008002A058 (0x00B59593) slli a1, a1, 11
x11 <- 0x00000000002D4000
mem[X,0x000000008002A05C] -> 0x8593
mem[X,0x000000008002A05E] -> 0x13C5
[5268] [M]: 0x000000008002A05C (0x13C58593) addi a1, a1, 316
x11 <- 0x00000000002D413C
mem[X,0x000000008002A060] -> 0x9593
mem[X,0x000000008002A062] -> 0x00A5
[5269] [M]: 0x000000008002A060 (0x00A59593) slli a1, a1, 10
x11 <- 0x00000000B504F000
mem[X,0x000000008002A064] -> 0x8593
mem[X,0x000000008002A066] -> 0x3335
[5270] [M]: 0x000000008002A064 (0x33358593) addi a1, a1, 819
x11 <- 0x00000000B504F333
mem[X,0x000000008002A068] -> 0x0113
mem[X,0x000000008002A06A] -> 0x0000
[5271] [M]: 0x000000008002A068 (0x00000113) addi sp, zero, 0
x2 <- 0x0000000000000000
mem[X,0x000000008002A06C] -> 0x006F
mem[X,0x000000008002A06E] -> 0x00C0
[5272] [M]: 0x000000008002A06C (0x00C0006F) jal zero, 12
mem[X,0x000000008002A078] -> 0x4063
mem[X,0x000000008002A07A] -> 0x20B5
[5273] [M]: 0x000000008002A078 (0x20B54063) blt a0, a1, 512
mem[X,0x000000008002A07C] -> 0x0113
mem[X,0x000000008002A07E] -> 0x0021
[5274] [M]: 0x000000008002A07C (0x00210113) addi sp, sp, 2
x2 <- 0x0000000000000002
mem[X,0x000000008002A080] -> 0x006F
mem[X,0x000000008002A082] -> 0x2000
[5275] [M]: 0x000000008002A080 (0x2000006F) jal zero, 512
mem[X,0x000000008002A280] -> 0xB423
mem[X,0x000000008002A282] -> 0x2220
[5276] [M]: 0x000000008002A280 (0x2220B423) sd sp, 552(ra)
mem[0x000000008004FC00] <- 0x0000000000000002
mem[X,0x000000008002A284] -> 0x0537
mem[X,0x000000008002A286] -> 0x0000
[5277] [M]: 0x000000008002A284 (0x00000537) lui a0, 0
x10 <- 0x0000000000000000
mem[X,0x000000008002A288] -> 0x0513
mem[X,0x000000008002A28A] -> 0x0005
[5278] [M]: 0x000000008002A288 (0x00050513) addi a0, a0, 0
x10 <- 0x0000000000000000
mem[X,0x000000008002A28C] -> 0x1513
mem[X,0x000000008002A28E] -> 0x00B5
[5279] [M]: 0x000000008002A28C (0x00B51513) slli a0, a0, 11
x10 <- 0x0000000000000000
mem[X,0x000000008002A290] -> 0x0513
mem[X,0x000000008002A292] -> 0x5A85
[5280] [M]: 0x000000008002A290 (0x5A850513) addi a0, a0, 1448
x10 <- 0x00000000000005A8
mem[X,0x000000008002A294] -> 0x1513
mem[X,0x000000008002A296] -> 0x00B5
[5281] [M]: 0x000000008002A294 (0x00B51513) slli a0, a0, 11
x10 <- 0x00000000002D4000
mem[X,0x000000008002A298] -> 0x0513
mem[X,0x000000008002A29A] -> 0x13C5
[5282] [M]: 0x000000008002A298 (0x13C50513) addi a0, a0, 316
x10 <- 0x00000000002D413C
mem[X,0x000000008002A29C] -> 0x1513
mem[X,0x000000008002A29E] -> 0x00A5
[5283] [M]: 0x000000008002A29C (0x00A51513) slli a0, a0, 10
x10 <- 0x00000000B504F000
mem[X,0x000000008002A2A0] -> 0x0513
mem[X,0x000000008002A2A2] -> 0x3335
[5284] [M]: 0x000000008002A2A0 (0x33350513) addi a0, a0, 819
x10 <- 0x00000000B504F333
mem[X,0x000000008002A2A4] -> 0x0593
mem[X,0x000000008002A2A6] -> 0x0020
[5285] [M]: 0x000000008002A2A4 (0x00200593) addi a1, zero, 2
x11 <- 0x0000000000000002
mem[X,0x000000008002A2A8] -> 0x0113
mem[X,0x000000008002A2AA] -> 0x0000
[5286] [M]: 0x000000008002A2A8 (0x00000113) addi sp, zero, 0
x2 <- 0x0000000000000000
mem[X,0x000000008002A2AC] -> 0x006F
mem[X,0x000000008002A2AE] -> 0x0050
[5287] [M]: 0x000000008002A2AC (0x0050006F) jal zero, 2052
mem[X,0x000000008002AAB0] -> 0x40E3
mem[X,0x000000008002AAB2] -> 0x80B5
[5288] [M]: 0x000000008002AAB0 (0x80B540E3) blt a0, a1, 6144
mem[X,0x000000008002AAB4] -> 0x0113
mem[X,0x000000008002AAB6] -> 0x0021
[5289] [M]: 0x000000008002AAB4 (0x00210113) addi sp, sp, 2
x2 <- 0x0000000000000002
mem[X,0x000000008002AAB8] -> 0x006F
mem[X,0x000000008002AABA] -> 0x00C0
[5290] [M]: 0x000000008002AAB8 (0x00C0006F) jal zero, 12
mem[X,0x000000008002AAC4] -> 0xB823
mem[X,0x000000008002AAC6] -> 0x2220
[5291] [M]: 0x000000008002AAC4 (0x2220B823) sd sp, 560(ra)
mem[0x000000008004FC08] <- 0x0000000000000002
mem[X,0x000000008002AAC8] -> 0x0537
mem[X,0x000000008002AACA] -> 0x0000
[5292] [M]: 0x000000008002AAC8 (0x00000537) lui a0, 0
x10 <- 0x0000000000000000
mem[X,0x000000008002AACC] -> 0x0513
mem[X,0x000000008002AACE] -> 0x0005
[5293] [M]: 0x000000008002AACC (0x00050513) addi a0, a0, 0
x10 <- 0x0000000000000000
mem[X,0x000000008002AAD0] -> 0x1513
mem[X,0x000000008002AAD2] -> 0x00B5
[5294] [M]: 0x000000008002AAD0 (0x00B51513) slli a0, a0, 11
x10 <- 0x0000000000000000
mem[X,0x000000008002AAD4] -> 0x0513
mem[X,0x000000008002AAD6] -> 0x5A85
[5295] [M]: 0x000000008002AAD4 (0x5A850513) addi a0, a0, 1448
x10 <- 0x00000000000005A8
mem[X,0x000000008002AAD8] -> 0x1513
mem[X,0x000000008002AADA] -> 0x00B5
[5296] [M]: 0x000000008002AAD8 (0x00B51513) slli a0, a0, 11
x10 <- 0x00000000002D4000
mem[X,0x000000008002AADC] -> 0x0513
mem[X,0x000000008002AADE] -> 0x13C5
[5297] [M]: 0x000000008002AADC (0x13C50513) addi a0, a0, 316
x10 <- 0x00000000002D413C
mem[X,0x000000008002AAE0] -> 0x1513
mem[X,0x000000008002AAE2] -> 0x00A5
[5298] [M]: 0x000000008002AAE0 (0x00A51513) slli a0, a0, 10
x10 <- 0x00000000B504F000
mem[X,0x000000008002AAE4] -> 0x0513
mem[X,0x000000008002AAE6] -> 0x3335
[5299] [M]: 0x000000008002AAE4 (0x33350513) addi a0, a0, 819
x10 <- 0x00000000B504F333
clint::tick mtime <- 0x0000000000000035
 clint timer pending at mtime 0x0000000000000035
htif::tick 0x0000000000000000
mem[X,0x000000008002AAE8] -> 0x55B7
mem[X,0x000000008002AAEA] -> 0x5555
[5300] [M]: 0x000000008002AAE8 (0x555555B7) lui a1, 349525
x11 <- 0x0000000055555000
mem[X,0x000000008002AAEC] -> 0x8593
mem[X,0x000000008002AAEE] -> 0x5555
[5301] [M]: 0x000000008002AAEC (0x55558593) addi a1, a1, 1365
x11 <- 0x0000000055555555
mem[X,0x000000008002AAF0] -> 0x9593
mem[X,0x000000008002AAF2] -> 0x00B5
[5302] [M]: 0x000000008002AAF0 (0x00B59593) slli a1, a1, 11
x11 <- 0x000002AAAAAAA800
mem[X,0x000000008002AAF4] -> 0x8593
mem[X,0x000000008002AAF6] -> 0x2AA5
[5303] [M]: 0x000000008002AAF4 (0x2AA58593) addi a1, a1, 682
x11 <- 0x000002AAAAAAAAAA
mem[X,0x000000008002AAF8] -> 0x9593
mem[X,0x000000008002AAFA] -> 0x00B5
[5304] [M]: 0x000000008002AAF8 (0x00B59593) slli a1, a1, 11
x11 <- 0x0015555555555000
mem[X,0x000000008002AAFC] -> 0x8593
mem[X,0x000000008002AAFE] -> 0x5555
[5305] [M]: 0x000000008002AAFC (0x55558593) addi a1, a1, 1365
x11 <- 0x0015555555555555
mem[X,0x000000008002AB00] -> 0x9593
mem[X,0x000000008002AB02] -> 0x00A5
[5306] [M]: 0x000000008002AB00 (0x00A59593) slli a1, a1, 10
x11 <- 0x5555555555555400
mem[X,0x000000008002AB04] -> 0x8593
mem[X,0x000000008002AB06] -> 0x1545
[5307] [M]: 0x000000008002AB04 (0x15458593) addi a1, a1, 340
x11 <- 0x5555555555555554
mem[X,0x000000008002AB08] -> 0x0113
mem[X,0x000000008002AB0A] -> 0x0000
[5308] [M]: 0x000000008002AB08 (0x00000113) addi sp, zero, 0
x2 <- 0x0000000000000000
mem[X,0x000000008002AB0C] -> 0x006F
mem[X,0x000000008002AB0E] -> 0x0100
[5309] [M]: 0x000000008002AB0C (0x0100006F) jal zero, 16
mem[X,0x000000008002AB1C] -> 0x4AE3
mem[X,0x000000008002AB1E] -> 0xFEB5
[5310] [M]: 0x000000008002AB1C (0xFEB54AE3) blt a0, a1, 8180
mem[X,0x000000008002AB10] -> 0x0113
mem[X,0x000000008002AB12] -> 0x0011
[5311] [M]: 0x000000008002AB10 (0x00110113) addi sp, sp, 1
x2 <- 0x0000000000000001
mem[X,0x000000008002AB14] -> 0x006F
mem[X,0x000000008002AB16] -> 0x01C0
[5312] [M]: 0x000000008002AB14 (0x01C0006F) jal zero, 28
mem[X,0x000000008002AB30] -> 0xBC23
mem[X,0x000000008002AB32] -> 0x2220
[5313] [M]: 0x000000008002AB30 (0x2220BC23) sd sp, 568(ra)
mem[0x000000008004FC10] <- 0x0000000000000001
mem[X,0x000000008002AB34] -> 0x0537
mem[X,0x000000008002AB36] -> 0x0000
[5314] [M]: 0x000000008002AB34 (0x00000537) lui a0, 0
x10 <- 0x0000000000000000
mem[X,0x000000008002AB38] -> 0x0513
mem[X,0x000000008002AB3A] -> 0x0005
[5315] [M]: 0x000000008002AB38 (0x00050513) addi a0, a0, 0
x10 <- 0x0000000000000000
mem[X,0x000000008002AB3C] -> 0x1513
mem[X,0x000000008002AB3E] -> 0x00B5
[5316] [M]: 0x000000008002AB3C (0x00B51513) slli a0, a0, 11
x10 <- 0x0000000000000000
mem[X,0x000000008002AB40] -> 0x0513
mem[X,0x000000008002AB42] -> 0x5A85
[5317] [M]: 0x000000008002AB40 (0x5A850513) addi a0, a0, 1448
x10 <- 0x00000000000005A8
mem[X,0x000000008002AB44] -> 0x1513
mem[X,0x000000008002AB46] -> 0x00B5
[5318] [M]: 0x000000008002AB44 (0x00B51513) slli a0, a0, 11
x10 <- 0x00000000002D4000
mem[X,0x000000008002AB48] -> 0x0513
mem[X,0x000000008002AB4A] -> 0x13C5
[5319] [M]: 0x000000008002AB48 (0x13C50513) addi a0, a0, 316
x10 <- 0x00000000002D413C
mem[X,0x000000008002AB4C] -> 0x1513
mem[X,0x000000008002AB4E] -> 0x00A5
[5320] [M]: 0x000000008002AB4C (0x00A51513) slli a0, a0, 10
x10 <- 0x00000000B504F000
mem[X,0x000000008002AB50] -> 0x0513
mem[X,0x000000008002AB52] -> 0x3335
[5321] [M]: 0x000000008002AB50 (0x33350513) addi a0, a0, 819
x10 <- 0x00000000B504F333
mem[X,0x000000008002AB54] -> 0x0593
mem[X,0x000000008002AB56] -> 0x0000
[5322] [M]: 0x000000008002AB54 (0x00000593) addi a1, zero, 0
x11 <- 0x0000000000000000
mem[X,0x000000008002AB58] -> 0x0113
mem[X,0x000000008002AB5A] -> 0x0000
[5323] [M]: 0x000000008002AB58 (0x00000113) addi sp, zero, 0
x2 <- 0x0000000000000000
mem[X,0x000000008002AB5C] -> 0x006F
mem[X,0x000000008002AB5E] -> 0x00C0
[5324] [M]: 0x000000008002AB5C (0x00C0006F) jal zero, 12
mem[X,0x000000008002AB68] -> 0x4CE3
mem[X,0x000000008002AB6A] -> 0xFEB5
[5325] [M]: 0x000000008002AB68 (0xFEB54CE3) blt a0, a1, 8184
mem[X,0x000000008002AB6C] -> 0x0113
mem[X,0x000000008002AB6E] -> 0x0021
[5326] [M]: 0x000000008002AB6C (0x00210113) addi sp, sp, 2
x2 <- 0x0000000000000002
mem[X,0x000000008002AB70] -> 0x006F
mem[X,0x000000008002AB72] -> 0x00C0
[5327] [M]: 0x000000008002AB70 (0x00C0006F) jal zero, 12
mem[X,0x000000008002AB7C] -> 0xB023
mem[X,0x000000008002AB7E] -> 0x2420
[5328] [M]: 0x000000008002AB7C (0x2420B023) sd sp, 576(ra)
mem[0x000000008004FC18] <- 0x0000000000000002
mem[X,0x000000008002AB80] -> 0x0537
mem[X,0x000000008002AB82] -> 0x0000
[5329] [M]: 0x000000008002AB80 (0x00000537) lui a0, 0
x10 <- 0x0000000000000000
mem[X,0x000000008002AB84] -> 0x0513
mem[X,0x000000008002AB86] -> 0x0005
[5330] [M]: 0x000000008002AB84 (0x00050513) addi a0, a0, 0
x10 <- 0x0000000000000000
mem[X,0x000000008002AB88] -> 0x1513
mem[X,0x000000008002AB8A] -> 0x00B5
[5331] [M]: 0x000000008002AB88 (0x00B51513) slli a0, a0, 11
x10 <- 0x0000000000000000
mem[X,0x000000008002AB8C] -> 0x0513
mem[X,0x000000008002AB8E] -> 0x5A85
[5332] [M]: 0x000000008002AB8C (0x5A850513) addi a0, a0, 1448
x10 <- 0x00000000000005A8
mem[X,0x000000008002AB90] -> 0x1513
mem[X,0x000000008002AB92] -> 0x00B5
[5333] [M]: 0x000000008002AB90 (0x00B51513) slli a0, a0, 11
x10 <- 0x00000000002D4000
mem[X,0x000000008002AB94] -> 0x0513
mem[X,0x000000008002AB96] -> 0x13C5
[5334] [M]: 0x000000008002AB94 (0x13C50513) addi a0, a0, 316
x10 <- 0x00000000002D413C
mem[X,0x000000008002AB98] -> 0x1513
mem[X,0x000000008002AB9A] -> 0x00A5
[5335] [M]: 0x000000008002AB98 (0x00A51513) slli a0, a0, 10
x10 <- 0x00000000B504F000
mem[X,0x000000008002AB9C] -> 0x0513
mem[X,0x000000008002AB9E] -> 0x3335
[5336] [M]: 0x000000008002AB9C (0x33350513) addi a0, a0, 819
x10 <- 0x00000000B504F333
mem[X,0x000000008002ABA0] -> 0x0593
mem[X,0x000000008002ABA2] -> 0x0040
[5337] [M]: 0x000000008002ABA0 (0x00400593) addi a1, zero, 4
x11 <- 0x0000000000000004
mem[X,0x000000008002ABA4] -> 0x0113
mem[X,0x000000008002ABA6] -> 0x0000
[5338] [M]: 0x000000008002ABA4 (0x00000113) addi sp, zero, 0
x2 <- 0x0000000000000000
mem[X,0x000000008002ABA8] -> 0x006F
mem[X,0x000000008002ABAA] -> 0x00C0
[5339] [M]: 0x000000008002ABA8 (0x00C0006F) jal zero, 12
mem[X,0x000000008002ABB4] -> 0x4663
mem[X,0x000000008002ABB6] -> 0x00B5
[5340] [M]: 0x000000008002ABB4 (0x00B54663) blt a0, a1, 12
mem[X,0x000000008002ABB8] -> 0x0113
mem[X,0x000000008002ABBA] -> 0x0021
[5341] [M]: 0x000000008002ABB8 (0x00210113) addi sp, sp, 2
x2 <- 0x0000000000000002
mem[X,0x000000008002ABBC] -> 0x006F
mem[X,0x000000008002ABBE] -> 0x00C0
[5342] [M]: 0x000000008002ABBC (0x00C0006F) jal zero, 12
mem[X,0x000000008002ABC8] -> 0xB423
mem[X,0x000000008002ABCA] -> 0x2420
[5343] [M]: 0x000000008002ABC8 (0x2420B423) sd sp, 584(ra)
mem[0x000000008004FC20] <- 0x0000000000000002
mem[X,0x000000008002ABCC] -> 0x0537
mem[X,0x000000008002ABCE] -> 0x0000
[5344] [M]: 0x000000008002ABCC (0x00000537) lui a0, 0
x10 <- 0x0000000000000000
mem[X,0x000000008002ABD0] -> 0x0513
mem[X,0x000000008002ABD2] -> 0x0005
[5345] [M]: 0x000000008002ABD0 (0x00050513) addi a0, a0, 0
x10 <- 0x0000000000000000
mem[X,0x000000008002ABD4] -> 0x1513
mem[X,0x000000008002ABD6] -> 0x00B5
[5346] [M]: 0x000000008002ABD4 (0x00B51513) slli a0, a0, 11
x10 <- 0x0000000000000000
mem[X,0x000000008002ABD8] -> 0x0513
mem[X,0x000000008002ABDA] -> 0x5A85
[5347] [M]: 0x000000008002ABD8 (0x5A850513) addi a0, a0, 1448
x10 <- 0x00000000000005A8
mem[X,0x000000008002ABDC] -> 0x1513
mem[X,0x000000008002ABDE] -> 0x00B5
[5348] [M]: 0x000000008002ABDC (0x00B51513) slli a0, a0, 11
x10 <- 0x00000000002D4000
mem[X,0x000000008002ABE0] -> 0x0513
mem[X,0x000000008002ABE2] -> 0x13C5
[5349] [M]: 0x000000008002ABE0 (0x13C50513) addi a0, a0, 316
x10 <- 0x00000000002D413C
mem[X,0x000000008002ABE4] -> 0x1513
mem[X,0x000000008002ABE6] -> 0x00A5
[5350] [M]: 0x000000008002ABE4 (0x00A51513) slli a0, a0, 10
x10 <- 0x00000000B504F000
mem[X,0x000000008002ABE8] -> 0x0513
mem[X,0x000000008002ABEA] -> 0x3335
[5351] [M]: 0x000000008002ABE8 (0x33350513) addi a0, a0, 819
x10 <- 0x00000000B504F333
mem[X,0x000000008002ABEC] -> 0x35B7
mem[X,0x000000008002ABEE] -> 0x3333
[5352] [M]: 0x000000008002ABEC (0x333335B7) lui a1, 209715
x11 <- 0x0000000033333000
mem[X,0x000000008002ABF0] -> 0x8593
mem[X,0x000000008002ABF2] -> 0x3335
[5353] [M]: 0x000000008002ABF0 (0x33358593) addi a1, a1, 819
x11 <- 0x0000000033333333
mem[X,0x000000008002ABF4] -> 0x9593
mem[X,0x000000008002ABF6] -> 0x00B5
[5354] [M]: 0x000000008002ABF4 (0x00B59593) slli a1, a1, 11
x11 <- 0x0000019999999800
mem[X,0x000000008002ABF8] -> 0x8593
mem[X,0x000000008002ABFA] -> 0x1995
[5355] [M]: 0x000000008002ABF8 (0x19958593) addi a1, a1, 409
x11 <- 0x0000019999999999
mem[X,0x000000008002ABFC] -> 0x9593
mem[X,0x000000008002ABFE] -> 0x00B5
[5356] [M]: 0x000000008002ABFC (0x00B59593) slli a1, a1, 11
x11 <- 0x000CCCCCCCCCC800
mem[X,0x000000008002AC00] -> 0x8593
mem[X,0x000000008002AC02] -> 0x4CC5
[5357] [M]: 0x000000008002AC00 (0x4CC58593) addi a1, a1, 1228
x11 <- 0x000CCCCCCCCCCCCC
mem[X,0x000000008002AC04] -> 0x9593
mem[X,0x000000008002AC06] -> 0x00A5
[5358] [M]: 0x000000008002AC04 (0x00A59593) slli a1, a1, 10
x11 <- 0x3333333333333000
mem[X,0x000000008002AC08] -> 0x8593
mem[X,0x000000008002AC0A] -> 0x3325
[5359] [M]: 0x000000008002AC08 (0x33258593) addi a1, a1, 818
x11 <- 0x3333333333333332
mem[X,0x000000008002AC0C] -> 0x0113
mem[X,0x000000008002AC0E] -> 0x0000
[5360] [M]: 0x000000008002AC0C (0x00000113) addi sp, zero, 0
x2 <- 0x0000000000000000
mem[X,0x000000008002AC10] -> 0x006F
mem[X,0x000000008002AC12] -> 0x00C0
[5361] [M]: 0x000000008002AC10 (0x00C0006F) jal zero, 12
mem[X,0x000000008002AC1C] -> 0x4663
mem[X,0x000000008002AC1E] -> 0x00B5
[5362] [M]: 0x000000008002AC1C (0x00B54663) blt a0, a1, 12
mem[X,0x000000008002AC28] -> 0x0113
mem[X,0x000000008002AC2A] -> 0x0031
[5363] [M]: 0x000000008002AC28 (0x00310113) addi sp, sp, 3
x2 <- 0x0000000000000003
mem[X,0x000000008002AC2C] -> 0x006F
mem[X,0x000000008002AC2E] -> 0x0040
[5364] [M]: 0x000000008002AC2C (0x0040006F) jal zero, 4
mem[X,0x000000008002AC30] -> 0xB823
mem[X,0x000000008002AC32] -> 0x2420
[5365] [M]: 0x000000008002AC30 (0x2420B823) sd sp, 592(ra)
mem[0x000000008004FC28] <- 0x0000000000000003
mem[X,0x000000008002AC34] -> 0x0537
mem[X,0x000000008002AC36] -> 0x0000
[5366] [M]: 0x000000008002AC34 (0x00000537) lui a0, 0
x10 <- 0x0000000000000000
mem[X,0x000000008002AC38] -> 0x0513
mem[X,0x000000008002AC3A] -> 0x0005
[5367] [M]: 0x000000008002AC38 (0x00050513) addi a0, a0, 0
x10 <- 0x0000000000000000
mem[X,0x000000008002AC3C] -> 0x1513
mem[X,0x000000008002AC3E] -> 0x00B5
[5368] [M]: 0x000000008002AC3C (0x00B51513) slli a0, a0, 11
x10 <- 0x0000000000000000
mem[X,0x000000008002AC40] -> 0x0513
mem[X,0x000000008002AC42] -> 0x5A85
[5369] [M]: 0x000000008002AC40 (0x5A850513) addi a0, a0, 1448
x10 <- 0x00000000000005A8
mem[X,0x000000008002AC44] -> 0x1513
mem[X,0x000000008002AC46] -> 0x00B5
[5370] [M]: 0x000000008002AC44 (0x00B51513) slli a0, a0, 11
x10 <- 0x00000000002D4000
mem[X,0x000000008002AC48] -> 0x0513
mem[X,0x000000008002AC4A] -> 0x13C5
[5371] [M]: 0x000000008002AC48 (0x13C50513) addi a0, a0, 316
x10 <- 0x00000000002D413C
mem[X,0x000000008002AC4C] -> 0x1513
mem[X,0x000000008002AC4E] -> 0x00A5
[5372] [M]: 0x000000008002AC4C (0x00A51513) slli a0, a0, 10
x10 <- 0x00000000B504F000
mem[X,0x000000008002AC50] -> 0x0513
mem[X,0x000000008002AC52] -> 0x3335
[5373] [M]: 0x000000008002AC50 (0x33350513) addi a0, a0, 819
x10 <- 0x00000000B504F333
mem[X,0x000000008002AC54] -> 0x65B7
mem[X,0x000000008002AC56] -> 0x6666
[5374] [M]: 0x000000008002AC54 (0x666665B7) lui a1, 419430
x11 <- 0x0000000066666000
mem[X,0x000000008002AC58] -> 0x8593
mem[X,0x000000008002AC5A] -> 0x6665
[5375] [M]: 0x000000008002AC58 (0x66658593) addi a1, a1, 1638
x11 <- 0x0000000066666666
mem[X,0x000000008002AC5C] -> 0x9593
mem[X,0x000000008002AC5E] -> 0x00B5
[5376] [M]: 0x000000008002AC5C (0x00B59593) slli a1, a1, 11
x11 <- 0x0000033333333000
mem[X,0x000000008002AC60] -> 0x8593
mem[X,0x000000008002AC62] -> 0x3335
[5377] [M]: 0x000000008002AC60 (0x33358593) addi a1, a1, 819
x11 <- 0x0000033333333333
mem[X,0x000000008002AC64] -> 0x9593
mem[X,0x000000008002AC66] -> 0x00B5
[5378] [M]: 0x000000008002AC64 (0x00B59593) slli a1, a1, 11
x11 <- 0x0019999999999800
mem[X,0x000000008002AC68] -> 0x8593
mem[X,0x000000008002AC6A] -> 0x1995
[5379] [M]: 0x000000008002AC68 (0x19958593) addi a1, a1, 409
x11 <- 0x0019999999999999
mem[X,0x000000008002AC6C] -> 0x9593
mem[X,0x000000008002AC6E] -> 0x00A5
[5380] [M]: 0x000000008002AC6C (0x00A59593) slli a1, a1, 10
x11 <- 0x6666666666666400
mem[X,0x000000008002AC70] -> 0x8593
mem[X,0x000000008002AC72] -> 0x2655
[5381] [M]: 0x000000008002AC70 (0x26558593) addi a1, a1, 613
x11 <- 0x6666666666666665
mem[X,0x000000008002AC74] -> 0x0113
mem[X,0x000000008002AC76] -> 0x0000
[5382] [M]: 0x000000008002AC74 (0x00000113) addi sp, zero, 0
x2 <- 0x0000000000000000
mem[X,0x000000008002AC78] -> 0x006F
mem[X,0x000000008002AC7A] -> 0x00C0
[5383] [M]: 0x000000008002AC78 (0x00C0006F) jal zero, 12
mem[X,0x000000008002AC84] -> 0x4063
mem[X,0x000000008002AC86] -> 0x20B5
[5384] [M]: 0x000000008002AC84 (0x20B54063) blt a0, a1, 512
mem[X,0x000000008002AE84] -> 0x0113
mem[X,0x000000008002AE86] -> 0x0031
[5385] [M]: 0x000000008002AE84 (0x00310113) addi sp, sp, 3
x2 <- 0x0000000000000003
mem[X,0x000000008002AE88] -> 0x006F
mem[X,0x000000008002AE8A] -> 0x0040
[5386] [M]: 0x000000008002AE88 (0x0040006F) jal zero, 4
mem[X,0x000000008002AE8C] -> 0xBC23
mem[X,0x000000008002AE8E] -> 0x2420
[5387] [M]: 0x000000008002AE8C (0x2420BC23) sd sp, 600(ra)
mem[0x000000008004FC30] <- 0x0000000000000003
mem[X,0x000000008002AE90] -> 0x0537
mem[X,0x000000008002AE92] -> 0x0000
[5388] [M]: 0x000000008002AE90 (0x00000537) lui a0, 0
x10 <- 0x0000000000000000
mem[X,0x000000008002AE94] -> 0x0513
mem[X,0x000000008002AE96] -> 0x0005
[5389] [M]: 0x000000008002AE94 (0x00050513) addi a0, a0, 0
x10 <- 0x0000000000000000
mem[X,0x000000008002AE98] -> 0x1513
mem[X,0x000000008002AE9A] -> 0x00B5
[5390] [M]: 0x000000008002AE98 (0x00B51513) slli a0, a0, 11
x10 <- 0x0000000000000000
mem[X,0x000000008002AE9C] -> 0x0513
mem[X,0x000000008002AE9E] -> 0x5A85
[5391] [M]: 0x000000008002AE9C (0x5A850513) addi a0, a0, 1448
x10 <- 0x00000000000005A8
mem[X,0x000000008002AEA0] -> 0x1513
mem[X,0x000000008002AEA2] -> 0x00B5
[5392] [M]: 0x000000008002AEA0 (0x00B51513) slli a0, a0, 11
x10 <- 0x00000000002D4000
mem[X,0x000000008002AEA4] -> 0x0513
mem[X,0x000000008002AEA6] -> 0x13C5
[5393] [M]: 0x000000008002AEA4 (0x13C50513) addi a0, a0, 316
x10 <- 0x00000000002D413C
mem[X,0x000000008002AEA8] -> 0x1513
mem[X,0x000000008002AEAA] -> 0x00A5
[5394] [M]: 0x000000008002AEA8 (0x00A51513) slli a0, a0, 10
x10 <- 0x00000000B504F000
mem[X,0x000000008002AEAC] -> 0x0513
mem[X,0x000000008002AEAE] -> 0x3335
[5395] [M]: 0x000000008002AEAC (0x33350513) addi a0, a0, 819
x10 <- 0x00000000B504F333
mem[X,0x000000008002AEB0] -> 0x05B7
mem[X,0x000000008002AEB2] -> 0x0000
[5396] [M]: 0x000000008002AEB0 (0x000005B7) lui a1, 0
x11 <- 0x0000000000000000
mem[X,0x000000008002AEB4] -> 0x8593
mem[X,0x000000008002AEB6] -> 0x0005
[5397] [M]: 0x000000008002AEB4 (0x00058593) addi a1, a1, 0
x11 <- 0x0000000000000000
mem[X,0x000000008002AEB8] -> 0x9593
mem[X,0x000000008002AEBA] -> 0x00B5
[5398] [M]: 0x000000008002AEB8 (0x00B59593) slli a1, a1, 11
x11 <- 0x0000000000000000
mem[X,0x000000008002AEBC] -> 0x8593
mem[X,0x000000008002AEBE] -> 0x5A85
[5399] [M]: 0x000000008002AEBC (0x5A858593) addi a1, a1, 1448
x11 <- 0x00000000000005A8
clint::tick mtime <- 0x0000000000000036
 clint timer pending at mtime 0x0000000000000036
htif::tick 0x0000000000000000
mem[X,0x000000008002AEC0] -> 0x9593
mem[X,0x000000008002AEC2] -> 0x00B5
[5400] [M]: 0x000000008002AEC0 (0x00B59593) slli a1, a1, 11
x11 <- 0x00000000002D4000
mem[X,0x000000008002AEC4] -> 0x8593
mem[X,0x000000008002AEC6] -> 0x13C5
[5401] [M]: 0x000000008002AEC4 (0x13C58593) addi a1, a1, 316
x11 <- 0x00000000002D413C
mem[X,0x000000008002AEC8] -> 0x9593
mem[X,0x000000008002AECA] -> 0x00A5
[5402] [M]: 0x000000008002AEC8 (0x00A59593) slli a1, a1, 10
x11 <- 0x00000000B504F000
mem[X,0x000000008002AECC] -> 0x8593
mem[X,0x000000008002AECE] -> 0x3325
[5403] [M]: 0x000000008002AECC (0x33258593) addi a1, a1, 818
x11 <- 0x00000000B504F332
mem[X,0x000000008002AED0] -> 0x0113
mem[X,0x000000008002AED2] -> 0x0000
[5404] [M]: 0x000000008002AED0 (0x00000113) addi sp, zero, 0
x2 <- 0x0000000000000000
mem[X,0x000000008002AED4] -> 0x006F
mem[X,0x000000008002AED6] -> 0x00C0
[5405] [M]: 0x000000008002AED4 (0x00C0006F) jal zero, 12
mem[X,0x000000008002AEE0] -> 0x4663
mem[X,0x000000008002AEE2] -> 0x00B5
[5406] [M]: 0x000000008002AEE0 (0x00B54663) blt a0, a1, 12
mem[X,0x000000008002AEE4] -> 0x0113
mem[X,0x000000008002AEE6] -> 0x0021
[5407] [M]: 0x000000008002AEE4 (0x00210113) addi sp, sp, 2
x2 <- 0x0000000000000002
mem[X,0x000000008002AEE8] -> 0x006F
mem[X,0x000000008002AEEA] -> 0x00C0
[5408] [M]: 0x000000008002AEE8 (0x00C0006F) jal zero, 12
mem[X,0x000000008002AEF4] -> 0xB023
mem[X,0x000000008002AEF6] -> 0x2620
[5409] [M]: 0x000000008002AEF4 (0x2620B023) sd sp, 608(ra)
mem[0x000000008004FC38] <- 0x0000000000000002
mem[X,0x000000008002AEF8] -> 0x0537
mem[X,0x000000008002AEFA] -> 0x0000
[5410] [M]: 0x000000008002AEF8 (0x00000537) lui a0, 0
x10 <- 0x0000000000000000
mem[X,0x000000008002AEFC] -> 0x0513
mem[X,0x000000008002AEFE] -> 0x0005
[5411] [M]: 0x000000008002AEFC (0x00050513) addi a0, a0, 0
x10 <- 0x0000000000000000
mem[X,0x000000008002AF00] -> 0x1513
mem[X,0x000000008002AF02] -> 0x00B5
[5412] [M]: 0x000000008002AF00 (0x00B51513) slli a0, a0, 11
x10 <- 0x0000000000000000
mem[X,0x000000008002AF04] -> 0x0513
mem[X,0x000000008002AF06] -> 0x5A85
[5413] [M]: 0x000000008002AF04 (0x5A850513) addi a0, a0, 1448
x10 <- 0x00000000000005A8
mem[X,0x000000008002AF08] -> 0x1513
mem[X,0x000000008002AF0A] -> 0x00B5
[5414] [M]: 0x000000008002AF08 (0x00B51513) slli a0, a0, 11
x10 <- 0x00000000002D4000
mem[X,0x000000008002AF0C] -> 0x0513
mem[X,0x000000008002AF0E] -> 0x13C5
[5415] [M]: 0x000000008002AF0C (0x13C50513) addi a0, a0, 316
x10 <- 0x00000000002D413C
mem[X,0x000000008002AF10] -> 0x1513
mem[X,0x000000008002AF12] -> 0x00A5
[5416] [M]: 0x000000008002AF10 (0x00A51513) slli a0, a0, 10
x10 <- 0x00000000B504F000
mem[X,0x000000008002AF14] -> 0x0513
mem[X,0x000000008002AF16] -> 0x3335
[5417] [M]: 0x000000008002AF14 (0x33350513) addi a0, a0, 819
x10 <- 0x00000000B504F333
mem[X,0x000000008002AF18] -> 0x55B7
mem[X,0x000000008002AF1A] -> 0x5555
[5418] [M]: 0x000000008002AF18 (0x555555B7) lui a1, 349525
x11 <- 0x0000000055555000
mem[X,0x000000008002AF1C] -> 0x8593
mem[X,0x000000008002AF1E] -> 0x5555
[5419] [M]: 0x000000008002AF1C (0x55558593) addi a1, a1, 1365
x11 <- 0x0000000055555555
mem[X,0x000000008002AF20] -> 0x9593
mem[X,0x000000008002AF22] -> 0x00B5
[5420] [M]: 0x000000008002AF20 (0x00B59593) slli a1, a1, 11
x11 <- 0x000002AAAAAAA800
mem[X,0x000000008002AF24] -> 0x8593
mem[X,0x000000008002AF26] -> 0x2AA5
[5421] [M]: 0x000000008002AF24 (0x2AA58593) addi a1, a1, 682
x11 <- 0x000002AAAAAAAAAA
mem[X,0x000000008002AF28] -> 0x9593
mem[X,0x000000008002AF2A] -> 0x00B5
[5422] [M]: 0x000000008002AF28 (0x00B59593) slli a1, a1, 11
x11 <- 0x0015555555555000
mem[X,0x000000008002AF2C] -> 0x8593
mem[X,0x000000008002AF2E] -> 0x5555
[5423] [M]: 0x000000008002AF2C (0x55558593) addi a1, a1, 1365
x11 <- 0x0015555555555555
mem[X,0x000000008002AF30] -> 0x9593
mem[X,0x000000008002AF32] -> 0x00A5
[5424] [M]: 0x000000008002AF30 (0x00A59593) slli a1, a1, 10
x11 <- 0x5555555555555400
mem[X,0x000000008002AF34] -> 0x8593
mem[X,0x000000008002AF36] -> 0x1565
[5425] [M]: 0x000000008002AF34 (0x15658593) addi a1, a1, 342
x11 <- 0x5555555555555556
mem[X,0x000000008002AF38] -> 0x0113
mem[X,0x000000008002AF3A] -> 0x0000
[5426] [M]: 0x000000008002AF38 (0x00000113) addi sp, zero, 0
x2 <- 0x0000000000000000
mem[X,0x000000008002AF3C] -> 0x006F
mem[X,0x000000008002AF3E] -> 0x00C0
[5427] [M]: 0x000000008002AF3C (0x00C0006F) jal zero, 12
mem[X,0x000000008002AF48] -> 0x4063
mem[X,0x000000008002AF4A] -> 0x08B5
[5428] [M]: 0x000000008002AF48 (0x08B54063) blt a0, a1, 128
mem[X,0x000000008002AFC8] -> 0x0113
mem[X,0x000000008002AFCA] -> 0x0031
[5429] [M]: 0x000000008002AFC8 (0x00310113) addi sp, sp, 3
x2 <- 0x0000000000000003
mem[X,0x000000008002AFCC] -> 0x006F
mem[X,0x000000008002AFCE] -> 0x0040
[5430] [M]: 0x000000008002AFCC (0x0040006F) jal zero, 4
mem[X,0x000000008002AFD0] -> 0xB423
mem[X,0x000000008002AFD2] -> 0x2620
[5431] [M]: 0x000000008002AFD0 (0x2620B423) sd sp, 616(ra)
mem[0x000000008004FC40] <- 0x0000000000000003
mem[X,0x000000008002AFD4] -> 0x0537
mem[X,0x000000008002AFD6] -> 0x0000
[5432] [M]: 0x000000008002AFD4 (0x00000537) lui a0, 0
x10 <- 0x0000000000000000
mem[X,0x000000008002AFD8] -> 0x0513
mem[X,0x000000008002AFDA] -> 0x0005
[5433] [M]: 0x000000008002AFD8 (0x00050513) addi a0, a0, 0
x10 <- 0x0000000000000000
mem[X,0x000000008002AFDC] -> 0x1513
mem[X,0x000000008002AFDE] -> 0x00B5
[5434] [M]: 0x000000008002AFDC (0x00B51513) slli a0, a0, 11
x10 <- 0x0000000000000000
mem[X,0x000000008002AFE0] -> 0x0513
mem[X,0x000000008002AFE2] -> 0x5A85
[5435] [M]: 0x000000008002AFE0 (0x5A850513) addi a0, a0, 1448
x10 <- 0x00000000000005A8
mem[X,0x000000008002AFE4] -> 0x1513
mem[X,0x000000008002AFE6] -> 0x00B5
[5436] [M]: 0x000000008002AFE4 (0x00B51513) slli a0, a0, 11
x10 <- 0x00000000002D4000
mem[X,0x000000008002AFE8] -> 0x0513
mem[X,0x000000008002AFEA] -> 0x13C5
[5437] [M]: 0x000000008002AFE8 (0x13C50513) addi a0, a0, 316
x10 <- 0x00000000002D413C
mem[X,0x000000008002AFEC] -> 0x1513
mem[X,0x000000008002AFEE] -> 0x00A5
[5438] [M]: 0x000000008002AFEC (0x00A51513) slli a0, a0, 10
x10 <- 0x00000000B504F000
mem[X,0x000000008002AFF0] -> 0x0513
mem[X,0x000000008002AFF2] -> 0x3335
[5439] [M]: 0x000000008002AFF0 (0x33350513) addi a0, a0, 819
x10 <- 0x00000000B504F333
mem[X,0x000000008002AFF4] -> 0xB5B7
mem[X,0x000000008002AFF6] -> 0xAAAA
[5440] [M]: 0x000000008002AFF4 (0xAAAAB5B7) lui a1, 699051
x11 <- 0xFFFFFFFFAAAAB000
mem[X,0x000000008002AFF8] -> 0x8593
mem[X,0x000000008002AFFA] -> 0xAAA5
[5441] [M]: 0x000000008002AFF8 (0xAAA58593) addi a1, a1, 2730
x11 <- 0xFFFFFFFFAAAAAAAA
mem[X,0x000000008002AFFC] -> 0x9593
mem[X,0x000000008002AFFE] -> 0x00B5
[5442] [M]: 0x000000008002AFFC (0x00B59593) slli a1, a1, 11
x11 <- 0xFFFFFD5555555000
mem[X,0x000000008002B000] -> 0x8593
mem[X,0x000000008002B002] -> 0x5555
[5443] [M]: 0x000000008002B000 (0x55558593) addi a1, a1, 1365
x11 <- 0xFFFFFD5555555555
mem[X,0x000000008002B004] -> 0x9593
mem[X,0x000000008002B006] -> 0x00B5
[5444] [M]: 0x000000008002B004 (0x00B59593) slli a1, a1, 11
x11 <- 0xFFEAAAAAAAAAA800
mem[X,0x000000008002B008] -> 0x8593
mem[X,0x000000008002B00A] -> 0x2AA5
[5445] [M]: 0x000000008002B008 (0x2AA58593) addi a1, a1, 682
x11 <- 0xFFEAAAAAAAAAAAAA
mem[X,0x000000008002B00C] -> 0x9593
mem[X,0x000000008002B00E] -> 0x00A5
[5446] [M]: 0x000000008002B00C (0x00A59593) slli a1, a1, 10
x11 <- 0xAAAAAAAAAAAAA800
mem[X,0x000000008002B010] -> 0x8593
mem[X,0x000000008002B012] -> 0x2AB5
[5447] [M]: 0x000000008002B010 (0x2AB58593) addi a1, a1, 683
x11 <- 0xAAAAAAAAAAAAAAAB
mem[X,0x000000008002B014] -> 0x0113
mem[X,0x000000008002B016] -> 0x0000
[5448] [M]: 0x000000008002B014 (0x00000113) addi sp, zero, 0
x2 <- 0x0000000000000000
mem[X,0x000000008002B018] -> 0x006F
mem[X,0x000000008002B01A] -> 0x00C0
[5449] [M]: 0x000000008002B018 (0x00C0006F) jal zero, 12
mem[X,0x000000008002B024] -> 0x4663
mem[X,0x000000008002B026] -> 0x00B5
[5450] [M]: 0x000000008002B024 (0x00B54663) blt a0, a1, 12
mem[X,0x000000008002B028] -> 0x0113
mem[X,0x000000008002B02A] -> 0x0021
[5451] [M]: 0x000000008002B028 (0x00210113) addi sp, sp, 2
x2 <- 0x0000000000000002
mem[X,0x000000008002B02C] -> 0x006F
mem[X,0x000000008002B02E] -> 0x00C0
[5452] [M]: 0x000000008002B02C (0x00C0006F) jal zero, 12
mem[X,0x000000008002B038] -> 0xB823
mem[X,0x000000008002B03A] -> 0x2620
[5453] [M]: 0x000000008002B038 (0x2620B823) sd sp, 624(ra)
mem[0x000000008004FC48] <- 0x0000000000000002
mem[X,0x000000008002B03C] -> 0x0537
mem[X,0x000000008002B03E] -> 0x0000
[5454] [M]: 0x000000008002B03C (0x00000537) lui a0, 0
x10 <- 0x0000000000000000
mem[X,0x000000008002B040] -> 0x0513
mem[X,0x000000008002B042] -> 0x0005
[5455] [M]: 0x000000008002B040 (0x00050513) addi a0, a0, 0
x10 <- 0x0000000000000000
mem[X,0x000000008002B044] -> 0x1513
mem[X,0x000000008002B046] -> 0x00B5
[5456] [M]: 0x000000008002B044 (0x00B51513) slli a0, a0, 11
x10 <- 0x0000000000000000
mem[X,0x000000008002B048] -> 0x0513
mem[X,0x000000008002B04A] -> 0x5A85
[5457] [M]: 0x000000008002B048 (0x5A850513) addi a0, a0, 1448
x10 <- 0x00000000000005A8
mem[X,0x000000008002B04C] -> 0x1513
mem[X,0x000000008002B04E] -> 0x00B5
[5458] [M]: 0x000000008002B04C (0x00B51513) slli a0, a0, 11
x10 <- 0x00000000002D4000
mem[X,0x000000008002B050] -> 0x0513
mem[X,0x000000008002B052] -> 0x13C5
[5459] [M]: 0x000000008002B050 (0x13C50513) addi a0, a0, 316
x10 <- 0x00000000002D413C
mem[X,0x000000008002B054] -> 0x1513
mem[X,0x000000008002B056] -> 0x00A5
[5460] [M]: 0x000000008002B054 (0x00A51513) slli a0, a0, 10
x10 <- 0x00000000B504F000
mem[X,0x000000008002B058] -> 0x0513
mem[X,0x000000008002B05A] -> 0x3335
[5461] [M]: 0x000000008002B058 (0x33350513) addi a0, a0, 819
x10 <- 0x00000000B504F333
mem[X,0x000000008002B05C] -> 0x0593
mem[X,0x000000008002B05E] -> 0x0060
[5462] [M]: 0x000000008002B05C (0x00600593) addi a1, zero, 6
x11 <- 0x0000000000000006
mem[X,0x000000008002B060] -> 0x0113
mem[X,0x000000008002B062] -> 0x0000
[5463] [M]: 0x000000008002B060 (0x00000113) addi sp, zero, 0
x2 <- 0x0000000000000000
mem[X,0x000000008002B064] -> 0x006F
mem[X,0x000000008002B066] -> 0x00C0
[5464] [M]: 0x000000008002B064 (0x00C0006F) jal zero, 12
mem[X,0x000000008002B070] -> 0x4063
mem[X,0x000000008002B072] -> 0x02B5
[5465] [M]: 0x000000008002B070 (0x02B54063) blt a0, a1, 32
mem[X,0x000000008002B074] -> 0x0113
mem[X,0x000000008002B076] -> 0x0021
[5466] [M]: 0x000000008002B074 (0x00210113) addi sp, sp, 2
x2 <- 0x0000000000000002
mem[X,0x000000008002B078] -> 0x006F
mem[X,0x000000008002B07A] -> 0x0200
[5467] [M]: 0x000000008002B078 (0x0200006F) jal zero, 32
mem[X,0x000000008002B098] -> 0xBC23
mem[X,0x000000008002B09A] -> 0x2620
[5468] [M]: 0x000000008002B098 (0x2620BC23) sd sp, 632(ra)
mem[0x000000008004FC50] <- 0x0000000000000002
mem[X,0x000000008002B09C] -> 0x0537
mem[X,0x000000008002B09E] -> 0x0000
[5469] [M]: 0x000000008002B09C (0x00000537) lui a0, 0
x10 <- 0x0000000000000000
mem[X,0x000000008002B0A0] -> 0x0513
mem[X,0x000000008002B0A2] -> 0x0005
[5470] [M]: 0x000000008002B0A0 (0x00050513) addi a0, a0, 0
x10 <- 0x0000000000000000
mem[X,0x000000008002B0A4] -> 0x1513
mem[X,0x000000008002B0A6] -> 0x00B5
[5471] [M]: 0x000000008002B0A4 (0x00B51513) slli a0, a0, 11
x10 <- 0x0000000000000000
mem[X,0x000000008002B0A8] -> 0x0513
mem[X,0x000000008002B0AA] -> 0x5A85
[5472] [M]: 0x000000008002B0A8 (0x5A850513) addi a0, a0, 1448
x10 <- 0x00000000000005A8
mem[X,0x000000008002B0AC] -> 0x1513
mem[X,0x000000008002B0AE] -> 0x00B5
[5473] [M]: 0x000000008002B0AC (0x00B51513) slli a0, a0, 11
x10 <- 0x00000000002D4000
mem[X,0x000000008002B0B0] -> 0x0513
mem[X,0x000000008002B0B2] -> 0x13C5
[5474] [M]: 0x000000008002B0B0 (0x13C50513) addi a0, a0, 316
x10 <- 0x00000000002D413C
mem[X,0x000000008002B0B4] -> 0x1513
mem[X,0x000000008002B0B6] -> 0x00A5
[5475] [M]: 0x000000008002B0B4 (0x00A51513) slli a0, a0, 10
x10 <- 0x00000000B504F000
mem[X,0x000000008002B0B8] -> 0x0513
mem[X,0x000000008002B0BA] -> 0x3335
[5476] [M]: 0x000000008002B0B8 (0x33350513) addi a0, a0, 819
x10 <- 0x00000000B504F333
mem[X,0x000000008002B0BC] -> 0x35B7
mem[X,0x000000008002B0BE] -> 0x3333
[5477] [M]: 0x000000008002B0BC (0x333335B7) lui a1, 209715
x11 <- 0x0000000033333000
mem[X,0x000000008002B0C0] -> 0x8593
mem[X,0x000000008002B0C2] -> 0x3335
[5478] [M]: 0x000000008002B0C0 (0x33358593) addi a1, a1, 819
x11 <- 0x0000000033333333
mem[X,0x000000008002B0C4] -> 0x9593
mem[X,0x000000008002B0C6] -> 0x00B5
[5479] [M]: 0x000000008002B0C4 (0x00B59593) slli a1, a1, 11
x11 <- 0x0000019999999800
mem[X,0x000000008002B0C8] -> 0x8593
mem[X,0x000000008002B0CA] -> 0x1995
[5480] [M]: 0x000000008002B0C8 (0x19958593) addi a1, a1, 409
x11 <- 0x0000019999999999
mem[X,0x000000008002B0CC] -> 0x9593
mem[X,0x000000008002B0CE] -> 0x00B5
[5481] [M]: 0x000000008002B0CC (0x00B59593) slli a1, a1, 11
x11 <- 0x000CCCCCCCCCC800
mem[X,0x000000008002B0D0] -> 0x8593
mem[X,0x000000008002B0D2] -> 0x4CC5
[5482] [M]: 0x000000008002B0D0 (0x4CC58593) addi a1, a1, 1228
x11 <- 0x000CCCCCCCCCCCCC
mem[X,0x000000008002B0D4] -> 0x9593
mem[X,0x000000008002B0D6] -> 0x00A5
[5483] [M]: 0x000000008002B0D4 (0x00A59593) slli a1, a1, 10
x11 <- 0x3333333333333000
mem[X,0x000000008002B0D8] -> 0x8593
mem[X,0x000000008002B0DA] -> 0x3345
[5484] [M]: 0x000000008002B0D8 (0x33458593) addi a1, a1, 820
x11 <- 0x3333333333333334
mem[X,0x000000008002B0DC] -> 0x0113
mem[X,0x000000008002B0DE] -> 0x0000
[5485] [M]: 0x000000008002B0DC (0x00000113) addi sp, zero, 0
x2 <- 0x0000000000000000
mem[X,0x000000008002B0E0] -> 0x006F
mem[X,0x000000008002B0E2] -> 0x00C0
[5486] [M]: 0x000000008002B0E0 (0x00C0006F) jal zero, 12
mem[X,0x000000008002B0EC] -> 0x4063
mem[X,0x000000008002B0EE] -> 0x08B5
[5487] [M]: 0x000000008002B0EC (0x08B54063) blt a0, a1, 128
mem[X,0x000000008002B16C] -> 0x0113
mem[X,0x000000008002B16E] -> 0x0031
[5488] [M]: 0x000000008002B16C (0x00310113) addi sp, sp, 3
x2 <- 0x0000000000000003
mem[X,0x000000008002B170] -> 0x006F
mem[X,0x000000008002B172] -> 0x0040
[5489] [M]: 0x000000008002B170 (0x0040006F) jal zero, 4
mem[X,0x000000008002B174] -> 0xB023
mem[X,0x000000008002B176] -> 0x2820
[5490] [M]: 0x000000008002B174 (0x2820B023) sd sp, 640(ra)
mem[0x000000008004FC58] <- 0x0000000000000003
mem[X,0x000000008002B178] -> 0x0537
mem[X,0x000000008002B17A] -> 0x0000
[5491] [M]: 0x000000008002B178 (0x00000537) lui a0, 0
x10 <- 0x0000000000000000
mem[X,0x000000008002B17C] -> 0x0513
mem[X,0x000000008002B17E] -> 0x0005
[5492] [M]: 0x000000008002B17C (0x00050513) addi a0, a0, 0
x10 <- 0x0000000000000000
mem[X,0x000000008002B180] -> 0x1513
mem[X,0x000000008002B182] -> 0x00B5
[5493] [M]: 0x000000008002B180 (0x00B51513) slli a0, a0, 11
x10 <- 0x0000000000000000
mem[X,0x000000008002B184] -> 0x0513
mem[X,0x000000008002B186] -> 0x5A85
[5494] [M]: 0x000000008002B184 (0x5A850513) addi a0, a0, 1448
x10 <- 0x00000000000005A8
mem[X,0x000000008002B188] -> 0x1513
mem[X,0x000000008002B18A] -> 0x00B5
[5495] [M]: 0x000000008002B188 (0x00B51513) slli a0, a0, 11
x10 <- 0x00000000002D4000
mem[X,0x000000008002B18C] -> 0x0513
mem[X,0x000000008002B18E] -> 0x13C5
[5496] [M]: 0x000000008002B18C (0x13C50513) addi a0, a0, 316
x10 <- 0x00000000002D413C
mem[X,0x000000008002B190] -> 0x1513
mem[X,0x000000008002B192] -> 0x00A5
[5497] [M]: 0x000000008002B190 (0x00A51513) slli a0, a0, 10
x10 <- 0x00000000B504F000
mem[X,0x000000008002B194] -> 0x0513
mem[X,0x000000008002B196] -> 0x3335
[5498] [M]: 0x000000008002B194 (0x33350513) addi a0, a0, 819
x10 <- 0x00000000B504F333
mem[X,0x000000008002B198] -> 0x65B7
mem[X,0x000000008002B19A] -> 0x6666
[5499] [M]: 0x000000008002B198 (0x666665B7) lui a1, 419430
x11 <- 0x0000000066666000
clint::tick mtime <- 0x0000000000000037
 clint timer pending at mtime 0x0000000000000037
htif::tick 0x0000000000000000
mem[X,0x000000008002B19C] -> 0x8593
mem[X,0x000000008002B19E] -> 0x6665
[5500] [M]: 0x000000008002B19C (0x66658593) addi a1, a1, 1638
x11 <- 0x0000000066666666
mem[X,0x000000008002B1A0] -> 0x9593
mem[X,0x000000008002B1A2] -> 0x00B5
[5501] [M]: 0x000000008002B1A0 (0x00B59593) slli a1, a1, 11
x11 <- 0x0000033333333000
mem[X,0x000000008002B1A4] -> 0x8593
mem[X,0x000000008002B1A6] -> 0x3335
[5502] [M]: 0x000000008002B1A4 (0x33358593) addi a1, a1, 819
x11 <- 0x0000033333333333
mem[X,0x000000008002B1A8] -> 0x9593
mem[X,0x000000008002B1AA] -> 0x00B5
[5503] [M]: 0x000000008002B1A8 (0x00B59593) slli a1, a1, 11
x11 <- 0x0019999999999800
mem[X,0x000000008002B1AC] -> 0x8593
mem[X,0x000000008002B1AE] -> 0x1995
[5504] [M]: 0x000000008002B1AC (0x19958593) addi a1, a1, 409
x11 <- 0x0019999999999999
mem[X,0x000000008002B1B0] -> 0x9593
mem[X,0x000000008002B1B2] -> 0x00A5
[5505] [M]: 0x000000008002B1B0 (0x00A59593) slli a1, a1, 10
x11 <- 0x6666666666666400
mem[X,0x000000008002B1B4] -> 0x8593
mem[X,0x000000008002B1B6] -> 0x2675
[5506] [M]: 0x000000008002B1B4 (0x26758593) addi a1, a1, 615
x11 <- 0x6666666666666667
mem[X,0x000000008002B1B8] -> 0x0113
mem[X,0x000000008002B1BA] -> 0x0000
[5507] [M]: 0x000000008002B1B8 (0x00000113) addi sp, zero, 0
x2 <- 0x0000000000000000
mem[X,0x000000008002B1BC] -> 0x006F
mem[X,0x000000008002B1BE] -> 0x0100
[5508] [M]: 0x000000008002B1BC (0x0100006F) jal zero, 16
mem[X,0x000000008002B1CC] -> 0x4AE3
mem[X,0x000000008002B1CE] -> 0xFEB5
[5509] [M]: 0x000000008002B1CC (0xFEB54AE3) blt a0, a1, 8180
mem[X,0x000000008002B1C0] -> 0x0113
mem[X,0x000000008002B1C2] -> 0x0011
[5510] [M]: 0x000000008002B1C0 (0x00110113) addi sp, sp, 1
x2 <- 0x0000000000000001
mem[X,0x000000008002B1C4] -> 0x006F
mem[X,0x000000008002B1C6] -> 0x01C0
[5511] [M]: 0x000000008002B1C4 (0x01C0006F) jal zero, 28
mem[X,0x000000008002B1E0] -> 0xB423
mem[X,0x000000008002B1E2] -> 0x2820
[5512] [M]: 0x000000008002B1E0 (0x2820B423) sd sp, 648(ra)
mem[0x000000008004FC60] <- 0x0000000000000001
mem[X,0x000000008002B1E4] -> 0x0537
mem[X,0x000000008002B1E6] -> 0x0000
[5513] [M]: 0x000000008002B1E4 (0x00000537) lui a0, 0
x10 <- 0x0000000000000000
mem[X,0x000000008002B1E8] -> 0x0513
mem[X,0x000000008002B1EA] -> 0x0005
[5514] [M]: 0x000000008002B1E8 (0x00050513) addi a0, a0, 0
x10 <- 0x0000000000000000
mem[X,0x000000008002B1EC] -> 0x1513
mem[X,0x000000008002B1EE] -> 0x00B5
[5515] [M]: 0x000000008002B1EC (0x00B51513) slli a0, a0, 11
x10 <- 0x0000000000000000
mem[X,0x000000008002B1F0] -> 0x0513
mem[X,0x000000008002B1F2] -> 0x5A85
[5516] [M]: 0x000000008002B1F0 (0x5A850513) addi a0, a0, 1448
x10 <- 0x00000000000005A8
mem[X,0x000000008002B1F4] -> 0x1513
mem[X,0x000000008002B1F6] -> 0x00B5
[5517] [M]: 0x000000008002B1F4 (0x00B51513) slli a0, a0, 11
x10 <- 0x00000000002D4000
mem[X,0x000000008002B1F8] -> 0x0513
mem[X,0x000000008002B1FA] -> 0x13C5
[5518] [M]: 0x000000008002B1F8 (0x13C50513) addi a0, a0, 316
x10 <- 0x00000000002D413C
mem[X,0x000000008002B1FC] -> 0x1513
mem[X,0x000000008002B1FE] -> 0x00A5
[5519] [M]: 0x000000008002B1FC (0x00A51513) slli a0, a0, 10
x10 <- 0x00000000B504F000
mem[X,0x000000008002B200] -> 0x0513
mem[X,0x000000008002B202] -> 0x3335
[5520] [M]: 0x000000008002B200 (0x33350513) addi a0, a0, 819
x10 <- 0x00000000B504F333
mem[X,0x000000008002B204] -> 0x05B7
mem[X,0x000000008002B206] -> 0x0000
[5521] [M]: 0x000000008002B204 (0x000005B7) lui a1, 0
x11 <- 0x0000000000000000
mem[X,0x000000008002B208] -> 0x8593
mem[X,0x000000008002B20A] -> 0xFFF5
[5522] [M]: 0x000000008002B208 (0xFFF58593) addi a1, a1, 4095
x11 <- 0xFFFFFFFFFFFFFFFF
mem[X,0x000000008002B20C] -> 0x9593
mem[X,0x000000008002B20E] -> 0x00B5
[5523] [M]: 0x000000008002B20C (0x00B59593) slli a1, a1, 11
x11 <- 0xFFFFFFFFFFFFF800
mem[X,0x000000008002B210] -> 0x8593
mem[X,0x000000008002B212] -> 0x2575
[5524] [M]: 0x000000008002B210 (0x25758593) addi a1, a1, 599
x11 <- 0xFFFFFFFFFFFFFA57
mem[X,0x000000008002B214] -> 0x9593
mem[X,0x000000008002B216] -> 0x00B5
[5525] [M]: 0x000000008002B214 (0x00B59593) slli a1, a1, 11
x11 <- 0xFFFFFFFFFFD2B800
mem[X,0x000000008002B218] -> 0x8593
mem[X,0x000000008002B21A] -> 0x6C35
[5526] [M]: 0x000000008002B218 (0x6C358593) addi a1, a1, 1731
x11 <- 0xFFFFFFFFFFD2BEC3
mem[X,0x000000008002B21C] -> 0x9593
mem[X,0x000000008002B21E] -> 0x00A5
[5527] [M]: 0x000000008002B21C (0x00A59593) slli a1, a1, 10
x11 <- 0xFFFFFFFF4AFB0C00
mem[X,0x000000008002B220] -> 0x8593
mem[X,0x000000008002B222] -> 0x0CE5
[5528] [M]: 0x000000008002B220 (0x0CE58593) addi a1, a1, 206
x11 <- 0xFFFFFFFF4AFB0CCE
mem[X,0x000000008002B224] -> 0x0113
mem[X,0x000000008002B226] -> 0x0000
[5529] [M]: 0x000000008002B224 (0x00000113) addi sp, zero, 0
x2 <- 0x0000000000000000
mem[X,0x000000008002B228] -> 0x006F
mem[X,0x000000008002B22A] -> 0x00C0
[5530] [M]: 0x000000008002B228 (0x00C0006F) jal zero, 12
mem[X,0x000000008002B234] -> 0x4063
mem[X,0x000000008002B236] -> 0x02B5
[5531] [M]: 0x000000008002B234 (0x02B54063) blt a0, a1, 32
mem[X,0x000000008002B238] -> 0x0113
mem[X,0x000000008002B23A] -> 0x0021
[5532] [M]: 0x000000008002B238 (0x00210113) addi sp, sp, 2
x2 <- 0x0000000000000002
mem[X,0x000000008002B23C] -> 0x006F
mem[X,0x000000008002B23E] -> 0x0200
[5533] [M]: 0x000000008002B23C (0x0200006F) jal zero, 32
mem[X,0x000000008002B25C] -> 0xB823
mem[X,0x000000008002B25E] -> 0x2820
[5534] [M]: 0x000000008002B25C (0x2820B823) sd sp, 656(ra)
mem[0x000000008004FC68] <- 0x0000000000000002
mem[X,0x000000008002B260] -> 0x0537
mem[X,0x000000008002B262] -> 0x0000
[5535] [M]: 0x000000008002B260 (0x00000537) lui a0, 0
x10 <- 0x0000000000000000
mem[X,0x000000008002B264] -> 0x0513
mem[X,0x000000008002B266] -> 0x0005
[5536] [M]: 0x000000008002B264 (0x00050513) addi a0, a0, 0
x10 <- 0x0000000000000000
mem[X,0x000000008002B268] -> 0x1513
mem[X,0x000000008002B26A] -> 0x00B5
[5537] [M]: 0x000000008002B268 (0x00B51513) slli a0, a0, 11
x10 <- 0x0000000000000000
mem[X,0x000000008002B26C] -> 0x0513
mem[X,0x000000008002B26E] -> 0x5A85
[5538] [M]: 0x000000008002B26C (0x5A850513) addi a0, a0, 1448
x10 <- 0x00000000000005A8
mem[X,0x000000008002B270] -> 0x1513
mem[X,0x000000008002B272] -> 0x00B5
[5539] [M]: 0x000000008002B270 (0x00B51513) slli a0, a0, 11
x10 <- 0x00000000002D4000
mem[X,0x000000008002B274] -> 0x0513
mem[X,0x000000008002B276] -> 0x13C5
[5540] [M]: 0x000000008002B274 (0x13C50513) addi a0, a0, 316
x10 <- 0x00000000002D413C
mem[X,0x000000008002B278] -> 0x1513
mem[X,0x000000008002B27A] -> 0x00A5
[5541] [M]: 0x000000008002B278 (0x00A51513) slli a0, a0, 10
x10 <- 0x00000000B504F000
mem[X,0x000000008002B27C] -> 0x0513
mem[X,0x000000008002B27E] -> 0x3335
[5542] [M]: 0x000000008002B27C (0x33350513) addi a0, a0, 819
x10 <- 0x00000000B504F333
mem[X,0x000000008002B280] -> 0x05B7
mem[X,0x000000008002B282] -> 0x0000
[5543] [M]: 0x000000008002B280 (0x000005B7) lui a1, 0
x11 <- 0x0000000000000000
mem[X,0x000000008002B284] -> 0x8593
mem[X,0x000000008002B286] -> 0x0005
[5544] [M]: 0x000000008002B284 (0x00058593) addi a1, a1, 0
x11 <- 0x0000000000000000
mem[X,0x000000008002B288] -> 0x9593
mem[X,0x000000008002B28A] -> 0x00B5
[5545] [M]: 0x000000008002B288 (0x00B59593) slli a1, a1, 11
x11 <- 0x0000000000000000
mem[X,0x000000008002B28C] -> 0x8593
mem[X,0x000000008002B28E] -> 0x5A85
[5546] [M]: 0x000000008002B28C (0x5A858593) addi a1, a1, 1448
x11 <- 0x00000000000005A8
mem[X,0x000000008002B290] -> 0x9593
mem[X,0x000000008002B292] -> 0x00B5
[5547] [M]: 0x000000008002B290 (0x00B59593) slli a1, a1, 11
x11 <- 0x00000000002D4000
mem[X,0x000000008002B294] -> 0x8593
mem[X,0x000000008002B296] -> 0x13C5
[5548] [M]: 0x000000008002B294 (0x13C58593) addi a1, a1, 316
x11 <- 0x00000000002D413C
mem[X,0x000000008002B298] -> 0x9593
mem[X,0x000000008002B29A] -> 0x00A5
[5549] [M]: 0x000000008002B298 (0x00A59593) slli a1, a1, 10
x11 <- 0x00000000B504F000
mem[X,0x000000008002B29C] -> 0x8593
mem[X,0x000000008002B29E] -> 0x3345
[5550] [M]: 0x000000008002B29C (0x33458593) addi a1, a1, 820
x11 <- 0x00000000B504F334
mem[X,0x000000008002B2A0] -> 0x0113
mem[X,0x000000008002B2A2] -> 0x0000
[5551] [M]: 0x000000008002B2A0 (0x00000113) addi sp, zero, 0
x2 <- 0x0000000000000000
mem[X,0x000000008002B2A4] -> 0x006F
mem[X,0x000000008002B2A6] -> 0x0050
[5552] [M]: 0x000000008002B2A4 (0x0050006F) jal zero, 2052
mem[X,0x000000008002BAA8] -> 0x40E3
mem[X,0x000000008002BAAA] -> 0x80B5
[5553] [M]: 0x000000008002BAA8 (0x80B540E3) blt a0, a1, 6144
mem[X,0x000000008002B2A8] -> 0x0113
mem[X,0x000000008002B2AA] -> 0x0011
[5554] [M]: 0x000000008002B2A8 (0x00110113) addi sp, sp, 1
x2 <- 0x0000000000000001
mem[X,0x000000008002B2AC] -> 0x006F
mem[X,0x000000008002B2AE] -> 0x0110
[5555] [M]: 0x000000008002B2AC (0x0110006F) jal zero, 2064
mem[X,0x000000008002BABC] -> 0xBC23
mem[X,0x000000008002BABE] -> 0x2820
[5556] [M]: 0x000000008002BABC (0x2820BC23) sd sp, 664(ra)
mem[0x000000008004FC70] <- 0x0000000000000001
mem[X,0x000000008002BAC0] -> 0x0513
mem[X,0x000000008002BAC2] -> 0x0020
[5557] [M]: 0x000000008002BAC0 (0x00200513) addi a0, zero, 2
x10 <- 0x0000000000000002
mem[X,0x000000008002BAC4] -> 0x0593
mem[X,0x000000008002BAC6] -> 0x0030
[5558] [M]: 0x000000008002BAC4 (0x00300593) addi a1, zero, 3
x11 <- 0x0000000000000003
mem[X,0x000000008002BAC8] -> 0x0113
mem[X,0x000000008002BACA] -> 0x0000
[5559] [M]: 0x000000008002BAC8 (0x00000113) addi sp, zero, 0
x2 <- 0x0000000000000000
mem[X,0x000000008002BACC] -> 0x006F
mem[X,0x000000008002BACE] -> 0x00C0
[5560] [M]: 0x000000008002BACC (0x00C0006F) jal zero, 12
mem[X,0x000000008002BAD8] -> 0x4CE3
mem[X,0x000000008002BADA] -> 0xFEB5
[5561] [M]: 0x000000008002BAD8 (0xFEB54CE3) blt a0, a1, 8184
mem[X,0x000000008002BAD0] -> 0x0113
mem[X,0x000000008002BAD2] -> 0x0011
[5562] [M]: 0x000000008002BAD0 (0x00110113) addi sp, sp, 1
x2 <- 0x0000000000000001
mem[X,0x000000008002BAD4] -> 0x006F
mem[X,0x000000008002BAD6] -> 0x0180
[5563] [M]: 0x000000008002BAD4 (0x0180006F) jal zero, 24
mem[X,0x000000008002BAEC] -> 0xB023
mem[X,0x000000008002BAEE] -> 0x2A20
[5564] [M]: 0x000000008002BAEC (0x2A20B023) sd sp, 672(ra)
mem[0x000000008004FC78] <- 0x0000000000000001
mem[X,0x000000008002BAF0] -> 0x0513
mem[X,0x000000008002BAF2] -> 0x0020
[5565] [M]: 0x000000008002BAF0 (0x00200513) addi a0, zero, 2
x10 <- 0x0000000000000002
mem[X,0x000000008002BAF4] -> 0x55B7
mem[X,0x000000008002BAF6] -> 0x5555
[5566] [M]: 0x000000008002BAF4 (0x555555B7) lui a1, 349525
x11 <- 0x0000000055555000
mem[X,0x000000008002BAF8] -> 0x8593
mem[X,0x000000008002BAFA] -> 0x5555
[5567] [M]: 0x000000008002BAF8 (0x55558593) addi a1, a1, 1365
x11 <- 0x0000000055555555
mem[X,0x000000008002BAFC] -> 0x9593
mem[X,0x000000008002BAFE] -> 0x00B5
[5568] [M]: 0x000000008002BAFC (0x00B59593) slli a1, a1, 11
x11 <- 0x000002AAAAAAA800
mem[X,0x000000008002BB00] -> 0x8593
mem[X,0x000000008002BB02] -> 0x2AA5
[5569] [M]: 0x000000008002BB00 (0x2AA58593) addi a1, a1, 682
x11 <- 0x000002AAAAAAAAAA
mem[X,0x000000008002BB04] -> 0x9593
mem[X,0x000000008002BB06] -> 0x00B5
[5570] [M]: 0x000000008002BB04 (0x00B59593) slli a1, a1, 11
x11 <- 0x0015555555555000
mem[X,0x000000008002BB08] -> 0x8593
mem[X,0x000000008002BB0A] -> 0x5555
[5571] [M]: 0x000000008002BB08 (0x55558593) addi a1, a1, 1365
x11 <- 0x0015555555555555
mem[X,0x000000008002BB0C] -> 0x9593
mem[X,0x000000008002BB0E] -> 0x00A5
[5572] [M]: 0x000000008002BB0C (0x00A59593) slli a1, a1, 10
x11 <- 0x5555555555555400
mem[X,0x000000008002BB10] -> 0x8593
mem[X,0x000000008002BB12] -> 0x1555
[5573] [M]: 0x000000008002BB10 (0x15558593) addi a1, a1, 341
x11 <- 0x5555555555555555
mem[X,0x000000008002BB14] -> 0x0113
mem[X,0x000000008002BB16] -> 0x0000
[5574] [M]: 0x000000008002BB14 (0x00000113) addi sp, zero, 0
x2 <- 0x0000000000000000
mem[X,0x000000008002BB18] -> 0x006F
mem[X,0x000000008002BB1A] -> 0x00C0
[5575] [M]: 0x000000008002BB18 (0x00C0006F) jal zero, 12
mem[X,0x000000008002BB24] -> 0x4663
mem[X,0x000000008002BB26] -> 0x00B5
[5576] [M]: 0x000000008002BB24 (0x00B54663) blt a0, a1, 12
mem[X,0x000000008002BB30] -> 0x0113
mem[X,0x000000008002BB32] -> 0x0031
[5577] [M]: 0x000000008002BB30 (0x00310113) addi sp, sp, 3
x2 <- 0x0000000000000003
mem[X,0x000000008002BB34] -> 0x006F
mem[X,0x000000008002BB36] -> 0x0040
[5578] [M]: 0x000000008002BB34 (0x0040006F) jal zero, 4
mem[X,0x000000008002BB38] -> 0xB423
mem[X,0x000000008002BB3A] -> 0x2A20
[5579] [M]: 0x000000008002BB38 (0x2A20B423) sd sp, 680(ra)
mem[0x000000008004FC80] <- 0x0000000000000003
mem[X,0x000000008002BB3C] -> 0x0513
mem[X,0x000000008002BB3E] -> 0x0020
[5580] [M]: 0x000000008002BB3C (0x00200513) addi a0, zero, 2
x10 <- 0x0000000000000002
mem[X,0x000000008002BB40] -> 0xB5B7
mem[X,0x000000008002BB42] -> 0xAAAA
[5581] [M]: 0x000000008002BB40 (0xAAAAB5B7) lui a1, 699051
x11 <- 0xFFFFFFFFAAAAB000
mem[X,0x000000008002BB44] -> 0x8593
mem[X,0x000000008002BB46] -> 0xAAA5
[5582] [M]: 0x000000008002BB44 (0xAAA58593) addi a1, a1, 2730
x11 <- 0xFFFFFFFFAAAAAAAA
mem[X,0x000000008002BB48] -> 0x9593
mem[X,0x000000008002BB4A] -> 0x00B5
[5583] [M]: 0x000000008002BB48 (0x00B59593) slli a1, a1, 11
x11 <- 0xFFFFFD5555555000
mem[X,0x000000008002BB4C] -> 0x8593
mem[X,0x000000008002BB4E] -> 0x5555
[5584] [M]: 0x000000008002BB4C (0x55558593) addi a1, a1, 1365
x11 <- 0xFFFFFD5555555555
mem[X,0x000000008002BB50] -> 0x9593
mem[X,0x000000008002BB52] -> 0x00B5
[5585] [M]: 0x000000008002BB50 (0x00B59593) slli a1, a1, 11
x11 <- 0xFFEAAAAAAAAAA800
mem[X,0x000000008002BB54] -> 0x8593
mem[X,0x000000008002BB56] -> 0x2AA5
[5586] [M]: 0x000000008002BB54 (0x2AA58593) addi a1, a1, 682
x11 <- 0xFFEAAAAAAAAAAAAA
mem[X,0x000000008002BB58] -> 0x9593
mem[X,0x000000008002BB5A] -> 0x00A5
[5587] [M]: 0x000000008002BB58 (0x00A59593) slli a1, a1, 10
x11 <- 0xAAAAAAAAAAAAA800
mem[X,0x000000008002BB5C] -> 0x8593
mem[X,0x000000008002BB5E] -> 0x2AA5
[5588] [M]: 0x000000008002BB5C (0x2AA58593) addi a1, a1, 682
x11 <- 0xAAAAAAAAAAAAAAAA
mem[X,0x000000008002BB60] -> 0x0113
mem[X,0x000000008002BB62] -> 0x0000
[5589] [M]: 0x000000008002BB60 (0x00000113) addi sp, zero, 0
x2 <- 0x0000000000000000
mem[X,0x000000008002BB64] -> 0x006F
mem[X,0x000000008002BB66] -> 0x00C0
[5590] [M]: 0x000000008002BB64 (0x00C0006F) jal zero, 12
mem[X,0x000000008002BB70] -> 0x4CE3
mem[X,0x000000008002BB72] -> 0xFEB5
[5591] [M]: 0x000000008002BB70 (0xFEB54CE3) blt a0, a1, 8184
mem[X,0x000000008002BB74] -> 0x0113
mem[X,0x000000008002BB76] -> 0x0021
[5592] [M]: 0x000000008002BB74 (0x00210113) addi sp, sp, 2
x2 <- 0x0000000000000002
mem[X,0x000000008002BB78] -> 0x006F
mem[X,0x000000008002BB7A] -> 0x00C0
[5593] [M]: 0x000000008002BB78 (0x00C0006F) jal zero, 12
mem[X,0x000000008002BB84] -> 0xB823
mem[X,0x000000008002BB86] -> 0x2A20
[5594] [M]: 0x000000008002BB84 (0x2A20B823) sd sp, 688(ra)
mem[0x000000008004FC88] <- 0x0000000000000002
mem[X,0x000000008002BB88] -> 0x0513
mem[X,0x000000008002BB8A] -> 0x0020
[5595] [M]: 0x000000008002BB88 (0x00200513) addi a0, zero, 2
x10 <- 0x0000000000000002
mem[X,0x000000008002BB8C] -> 0x0593
mem[X,0x000000008002BB8E] -> 0x0050
[5596] [M]: 0x000000008002BB8C (0x00500593) addi a1, zero, 5
x11 <- 0x0000000000000005
mem[X,0x000000008002BB90] -> 0x0113
mem[X,0x000000008002BB92] -> 0x0000
[5597] [M]: 0x000000008002BB90 (0x00000113) addi sp, zero, 0
x2 <- 0x0000000000000000
mem[X,0x000000008002BB94] -> 0x006F
mem[X,0x000000008002BB96] -> 0x00C0
[5598] [M]: 0x000000008002BB94 (0x00C0006F) jal zero, 12
mem[X,0x000000008002BBA0] -> 0x4063
mem[X,0x000000008002BBA2] -> 0x02B5
[5599] [M]: 0x000000008002BBA0 (0x02B54063) blt a0, a1, 32
clint::tick mtime <- 0x0000000000000038
 clint timer pending at mtime 0x0000000000000038
htif::tick 0x0000000000000000
mem[X,0x000000008002BBC0] -> 0x0113
mem[X,0x000000008002BBC2] -> 0x0031
[5600] [M]: 0x000000008002BBC0 (0x00310113) addi sp, sp, 3
x2 <- 0x0000000000000003
mem[X,0x000000008002BBC4] -> 0x006F
mem[X,0x000000008002BBC6] -> 0x0040
[5601] [M]: 0x000000008002BBC4 (0x0040006F) jal zero, 4
mem[X,0x000000008002BBC8] -> 0xBC23
mem[X,0x000000008002BBCA] -> 0x2A20
[5602] [M]: 0x000000008002BBC8 (0x2A20BC23) sd sp, 696(ra)
mem[0x000000008004FC90] <- 0x0000000000000003
mem[X,0x000000008002BBCC] -> 0x0513
mem[X,0x000000008002BBCE] -> 0x0020
[5603] [M]: 0x000000008002BBCC (0x00200513) addi a0, zero, 2
x10 <- 0x0000000000000002
mem[X,0x000000008002BBD0] -> 0x35B7
mem[X,0x000000008002BBD2] -> 0x3333
[5604] [M]: 0x000000008002BBD0 (0x333335B7) lui a1, 209715
x11 <- 0x0000000033333000
mem[X,0x000000008002BBD4] -> 0x8593
mem[X,0x000000008002BBD6] -> 0x3335
[5605] [M]: 0x000000008002BBD4 (0x33358593) addi a1, a1, 819
x11 <- 0x0000000033333333
mem[X,0x000000008002BBD8] -> 0x9593
mem[X,0x000000008002BBDA] -> 0x00B5
[5606] [M]: 0x000000008002BBD8 (0x00B59593) slli a1, a1, 11
x11 <- 0x0000019999999800
mem[X,0x000000008002BBDC] -> 0x8593
mem[X,0x000000008002BBDE] -> 0x1995
[5607] [M]: 0x000000008002BBDC (0x19958593) addi a1, a1, 409
x11 <- 0x0000019999999999
mem[X,0x000000008002BBE0] -> 0x9593
mem[X,0x000000008002BBE2] -> 0x00B5
[5608] [M]: 0x000000008002BBE0 (0x00B59593) slli a1, a1, 11
x11 <- 0x000CCCCCCCCCC800
mem[X,0x000000008002BBE4] -> 0x8593
mem[X,0x000000008002BBE6] -> 0x4CC5
[5609] [M]: 0x000000008002BBE4 (0x4CC58593) addi a1, a1, 1228
x11 <- 0x000CCCCCCCCCCCCC
mem[X,0x000000008002BBE8] -> 0x9593
mem[X,0x000000008002BBEA] -> 0x00A5
[5610] [M]: 0x000000008002BBE8 (0x00A59593) slli a1, a1, 10
x11 <- 0x3333333333333000
mem[X,0x000000008002BBEC] -> 0x8593
mem[X,0x000000008002BBEE] -> 0x3335
[5611] [M]: 0x000000008002BBEC (0x33358593) addi a1, a1, 819
x11 <- 0x3333333333333333
mem[X,0x000000008002BBF0] -> 0x0113
mem[X,0x000000008002BBF2] -> 0x0000
[5612] [M]: 0x000000008002BBF0 (0x00000113) addi sp, zero, 0
x2 <- 0x0000000000000000
mem[X,0x000000008002BBF4] -> 0x006F
mem[X,0x000000008002BBF6] -> 0x0100
[5613] [M]: 0x000000008002BBF4 (0x0100006F) jal zero, 16
mem[X,0x000000008002BC04] -> 0x4AE3
mem[X,0x000000008002BC06] -> 0xFEB5
[5614] [M]: 0x000000008002BC04 (0xFEB54AE3) blt a0, a1, 8180
mem[X,0x000000008002BBF8] -> 0x0113
mem[X,0x000000008002BBFA] -> 0x0011
[5615] [M]: 0x000000008002BBF8 (0x00110113) addi sp, sp, 1
x2 <- 0x0000000000000001
mem[X,0x000000008002BBFC] -> 0x006F
mem[X,0x000000008002BBFE] -> 0x01C0
[5616] [M]: 0x000000008002BBFC (0x01C0006F) jal zero, 28
mem[X,0x000000008002BC18] -> 0xB023
mem[X,0x000000008002BC1A] -> 0x2C20
[5617] [M]: 0x000000008002BC18 (0x2C20B023) sd sp, 704(ra)
mem[0x000000008004FC98] <- 0x0000000000000001
mem[X,0x000000008002BC1C] -> 0x0513
mem[X,0x000000008002BC1E] -> 0x0020
[5618] [M]: 0x000000008002BC1C (0x00200513) addi a0, zero, 2
x10 <- 0x0000000000000002
mem[X,0x000000008002BC20] -> 0x65B7
mem[X,0x000000008002BC22] -> 0x6666
[5619] [M]: 0x000000008002BC20 (0x666665B7) lui a1, 419430
x11 <- 0x0000000066666000
mem[X,0x000000008002BC24] -> 0x8593
mem[X,0x000000008002BC26] -> 0x6665
[5620] [M]: 0x000000008002BC24 (0x66658593) addi a1, a1, 1638
x11 <- 0x0000000066666666
mem[X,0x000000008002BC28] -> 0x9593
mem[X,0x000000008002BC2A] -> 0x00B5
[5621] [M]: 0x000000008002BC28 (0x00B59593) slli a1, a1, 11
x11 <- 0x0000033333333000
mem[X,0x000000008002BC2C] -> 0x8593
mem[X,0x000000008002BC2E] -> 0x3335
[5622] [M]: 0x000000008002BC2C (0x33358593) addi a1, a1, 819
x11 <- 0x0000033333333333
mem[X,0x000000008002BC30] -> 0x9593
mem[X,0x000000008002BC32] -> 0x00B5
[5623] [M]: 0x000000008002BC30 (0x00B59593) slli a1, a1, 11
x11 <- 0x0019999999999800
mem[X,0x000000008002BC34] -> 0x8593
mem[X,0x000000008002BC36] -> 0x1995
[5624] [M]: 0x000000008002BC34 (0x19958593) addi a1, a1, 409
x11 <- 0x0019999999999999
mem[X,0x000000008002BC38] -> 0x9593
mem[X,0x000000008002BC3A] -> 0x00A5
[5625] [M]: 0x000000008002BC38 (0x00A59593) slli a1, a1, 10
x11 <- 0x6666666666666400
mem[X,0x000000008002BC3C] -> 0x8593
mem[X,0x000000008002BC3E] -> 0x2665
[5626] [M]: 0x000000008002BC3C (0x26658593) addi a1, a1, 614
x11 <- 0x6666666666666666
mem[X,0x000000008002BC40] -> 0x0113
mem[X,0x000000008002BC42] -> 0x0000
[5627] [M]: 0x000000008002BC40 (0x00000113) addi sp, zero, 0
x2 <- 0x0000000000000000
mem[X,0x000000008002BC44] -> 0x006F
mem[X,0x000000008002BC46] -> 0x00C0
[5628] [M]: 0x000000008002BC44 (0x00C0006F) jal zero, 12
mem[X,0x000000008002BC50] -> 0x4CE3
mem[X,0x000000008002BC52] -> 0xFEB5
[5629] [M]: 0x000000008002BC50 (0xFEB54CE3) blt a0, a1, 8184
mem[X,0x000000008002BC48] -> 0x0113
mem[X,0x000000008002BC4A] -> 0x0011
[5630] [M]: 0x000000008002BC48 (0x00110113) addi sp, sp, 1
x2 <- 0x0000000000000001
mem[X,0x000000008002BC4C] -> 0x006F
mem[X,0x000000008002BC4E] -> 0x0180
[5631] [M]: 0x000000008002BC4C (0x0180006F) jal zero, 24
mem[X,0x000000008002BC64] -> 0xB423
mem[X,0x000000008002BC66] -> 0x2C20
[5632] [M]: 0x000000008002BC64 (0x2C20B423) sd sp, 712(ra)
mem[0x000000008004FCA0] <- 0x0000000000000001
mem[X,0x000000008002BC68] -> 0x0513
mem[X,0x000000008002BC6A] -> 0x0020
[5633] [M]: 0x000000008002BC68 (0x00200513) addi a0, zero, 2
x10 <- 0x0000000000000002
mem[X,0x000000008002BC6C] -> 0x05B7
mem[X,0x000000008002BC6E] -> 0x0000
[5634] [M]: 0x000000008002BC6C (0x000005B7) lui a1, 0
x11 <- 0x0000000000000000
mem[X,0x000000008002BC70] -> 0x8593
mem[X,0x000000008002BC72] -> 0xFFF5
[5635] [M]: 0x000000008002BC70 (0xFFF58593) addi a1, a1, 4095
x11 <- 0xFFFFFFFFFFFFFFFF
mem[X,0x000000008002BC74] -> 0x9593
mem[X,0x000000008002BC76] -> 0x00B5
[5636] [M]: 0x000000008002BC74 (0x00B59593) slli a1, a1, 11
x11 <- 0xFFFFFFFFFFFFF800
mem[X,0x000000008002BC78] -> 0x8593
mem[X,0x000000008002BC7A] -> 0x2575
[5637] [M]: 0x000000008002BC78 (0x25758593) addi a1, a1, 599
x11 <- 0xFFFFFFFFFFFFFA57
mem[X,0x000000008002BC7C] -> 0x9593
mem[X,0x000000008002BC7E] -> 0x00B5
[5638] [M]: 0x000000008002BC7C (0x00B59593) slli a1, a1, 11
x11 <- 0xFFFFFFFFFFD2B800
mem[X,0x000000008002BC80] -> 0x8593
mem[X,0x000000008002BC82] -> 0x6C35
[5639] [M]: 0x000000008002BC80 (0x6C358593) addi a1, a1, 1731
x11 <- 0xFFFFFFFFFFD2BEC3
mem[X,0x000000008002BC84] -> 0x9593
mem[X,0x000000008002BC86] -> 0x00A5
[5640] [M]: 0x000000008002BC84 (0x00A59593) slli a1, a1, 10
x11 <- 0xFFFFFFFF4AFB0C00
mem[X,0x000000008002BC88] -> 0x8593
mem[X,0x000000008002BC8A] -> 0x0CD5
[5641] [M]: 0x000000008002BC88 (0x0CD58593) addi a1, a1, 205
x11 <- 0xFFFFFFFF4AFB0CCD
mem[X,0x000000008002BC8C] -> 0x0113
mem[X,0x000000008002BC8E] -> 0x0000
[5642] [M]: 0x000000008002BC8C (0x00000113) addi sp, zero, 0
x2 <- 0x0000000000000000
mem[X,0x000000008002BC90] -> 0x006F
mem[X,0x000000008002BC92] -> 0x2B10
[5643] [M]: 0x000000008002BC90 (0x2B10006F) jal zero, 2736
mem[X,0x000000008002C740] -> 0x4A63
mem[X,0x000000008002C742] -> 0xD4B5
[5644] [M]: 0x000000008002C740 (0xD4B54A63) blt a0, a1, 5460
mem[X,0x000000008002C744] -> 0x0113
mem[X,0x000000008002C746] -> 0x0021
[5645] [M]: 0x000000008002C744 (0x00210113) addi sp, sp, 2
x2 <- 0x0000000000000002
mem[X,0x000000008002C748] -> 0x006F
mem[X,0x000000008002C74A] -> 0x00C0
[5646] [M]: 0x000000008002C748 (0x00C0006F) jal zero, 12
mem[X,0x000000008002C754] -> 0xB823
mem[X,0x000000008002C756] -> 0x2C20
[5647] [M]: 0x000000008002C754 (0x2C20B823) sd sp, 720(ra)
mem[0x000000008004FCA8] <- 0x0000000000000002
mem[X,0x000000008002C758] -> 0x0513
mem[X,0x000000008002C75A] -> 0x0020
[5648] [M]: 0x000000008002C758 (0x00200513) addi a0, zero, 2
x10 <- 0x0000000000000002
mem[X,0x000000008002C75C] -> 0x05B7
mem[X,0x000000008002C75E] -> 0x0000
[5649] [M]: 0x000000008002C75C (0x000005B7) lui a1, 0
x11 <- 0x0000000000000000
mem[X,0x000000008002C760] -> 0x8593
mem[X,0x000000008002C762] -> 0x0005
[5650] [M]: 0x000000008002C760 (0x00058593) addi a1, a1, 0
x11 <- 0x0000000000000000
mem[X,0x000000008002C764] -> 0x9593
mem[X,0x000000008002C766] -> 0x00B5
[5651] [M]: 0x000000008002C764 (0x00B59593) slli a1, a1, 11
x11 <- 0x0000000000000000
mem[X,0x000000008002C768] -> 0x8593
mem[X,0x000000008002C76A] -> 0x5A85
[5652] [M]: 0x000000008002C768 (0x5A858593) addi a1, a1, 1448
x11 <- 0x00000000000005A8
mem[X,0x000000008002C76C] -> 0x9593
mem[X,0x000000008002C76E] -> 0x00B5
[5653] [M]: 0x000000008002C76C (0x00B59593) slli a1, a1, 11
x11 <- 0x00000000002D4000
mem[X,0x000000008002C770] -> 0x8593
mem[X,0x000000008002C772] -> 0x13C5
[5654] [M]: 0x000000008002C770 (0x13C58593) addi a1, a1, 316
x11 <- 0x00000000002D413C
mem[X,0x000000008002C774] -> 0x9593
mem[X,0x000000008002C776] -> 0x00A5
[5655] [M]: 0x000000008002C774 (0x00A59593) slli a1, a1, 10
x11 <- 0x00000000B504F000
mem[X,0x000000008002C778] -> 0x8593
mem[X,0x000000008002C77A] -> 0x3335
[5656] [M]: 0x000000008002C778 (0x33358593) addi a1, a1, 819
x11 <- 0x00000000B504F333
mem[X,0x000000008002C77C] -> 0x0113
mem[X,0x000000008002C77E] -> 0x0000
[5657] [M]: 0x000000008002C77C (0x00000113) addi sp, zero, 0
x2 <- 0x0000000000000000
mem[X,0x000000008002C780] -> 0x006F
mem[X,0x000000008002C782] -> 0x0050
[5658] [M]: 0x000000008002C780 (0x0050006F) jal zero, 2052
mem[X,0x000000008002CF84] -> 0x40E3
mem[X,0x000000008002CF86] -> 0x80B5
[5659] [M]: 0x000000008002CF84 (0x80B540E3) blt a0, a1, 6144
mem[X,0x000000008002C784] -> 0x0113
mem[X,0x000000008002C786] -> 0x0011
[5660] [M]: 0x000000008002C784 (0x00110113) addi sp, sp, 1
x2 <- 0x0000000000000001
mem[X,0x000000008002C788] -> 0x006F
mem[X,0x000000008002C78A] -> 0x0110
[5661] [M]: 0x000000008002C788 (0x0110006F) jal zero, 2064
mem[X,0x000000008002CF98] -> 0xBC23
mem[X,0x000000008002CF9A] -> 0x2C20
[5662] [M]: 0x000000008002CF98 (0x2C20BC23) sd sp, 728(ra)
mem[0x000000008004FCB0] <- 0x0000000000000001
mem[X,0x000000008002CF9C] -> 0x0513
mem[X,0x000000008002CF9E] -> 0x0020
[5663] [M]: 0x000000008002CF9C (0x00200513) addi a0, zero, 2
x10 <- 0x0000000000000002
mem[X,0x000000008002CFA0] -> 0x0593
mem[X,0x000000008002CFA2] -> 0x0020
[5664] [M]: 0x000000008002CFA0 (0x00200593) addi a1, zero, 2
x11 <- 0x0000000000000002
mem[X,0x000000008002CFA4] -> 0x0113
mem[X,0x000000008002CFA6] -> 0x0000
[5665] [M]: 0x000000008002CFA4 (0x00000113) addi sp, zero, 0
x2 <- 0x0000000000000000
mem[X,0x000000008002CFA8] -> 0x006F
mem[X,0x000000008002CFAA] -> 0x00C0
[5666] [M]: 0x000000008002CFA8 (0x00C0006F) jal zero, 12
mem[X,0x000000008002CFB4] -> 0x4063
mem[X,0x000000008002CFB6] -> 0x40B5
[5667] [M]: 0x000000008002CFB4 (0x40B54063) blt a0, a1, 1024
mem[X,0x000000008002CFB8] -> 0x0113
mem[X,0x000000008002CFBA] -> 0x0021
[5668] [M]: 0x000000008002CFB8 (0x00210113) addi sp, sp, 2
x2 <- 0x0000000000000002
mem[X,0x000000008002CFBC] -> 0x006F
mem[X,0x000000008002CFBE] -> 0x4000
[5669] [M]: 0x000000008002CFBC (0x4000006F) jal zero, 1024
mem[X,0x000000008002D3BC] -> 0xB023
mem[X,0x000000008002D3BE] -> 0x2E20
[5670] [M]: 0x000000008002D3BC (0x2E20B023) sd sp, 736(ra)
mem[0x000000008004FCB8] <- 0x0000000000000002
mem[X,0x000000008002D3C0] -> 0x0513
mem[X,0x000000008002D3C2] -> 0x0020
[5671] [M]: 0x000000008002D3C0 (0x00200513) addi a0, zero, 2
x10 <- 0x0000000000000002
mem[X,0x000000008002D3C4] -> 0x55B7
mem[X,0x000000008002D3C6] -> 0x5555
[5672] [M]: 0x000000008002D3C4 (0x555555B7) lui a1, 349525
x11 <- 0x0000000055555000
mem[X,0x000000008002D3C8] -> 0x8593
mem[X,0x000000008002D3CA] -> 0x5555
[5673] [M]: 0x000000008002D3C8 (0x55558593) addi a1, a1, 1365
x11 <- 0x0000000055555555
mem[X,0x000000008002D3CC] -> 0x9593
mem[X,0x000000008002D3CE] -> 0x00B5
[5674] [M]: 0x000000008002D3CC (0x00B59593) slli a1, a1, 11
x11 <- 0x000002AAAAAAA800
mem[X,0x000000008002D3D0] -> 0x8593
mem[X,0x000000008002D3D2] -> 0x2AA5
[5675] [M]: 0x000000008002D3D0 (0x2AA58593) addi a1, a1, 682
x11 <- 0x000002AAAAAAAAAA
mem[X,0x000000008002D3D4] -> 0x9593
mem[X,0x000000008002D3D6] -> 0x00B5
[5676] [M]: 0x000000008002D3D4 (0x00B59593) slli a1, a1, 11
x11 <- 0x0015555555555000
mem[X,0x000000008002D3D8] -> 0x8593
mem[X,0x000000008002D3DA] -> 0x5555
[5677] [M]: 0x000000008002D3D8 (0x55558593) addi a1, a1, 1365
x11 <- 0x0015555555555555
mem[X,0x000000008002D3DC] -> 0x9593
mem[X,0x000000008002D3DE] -> 0x00A5
[5678] [M]: 0x000000008002D3DC (0x00A59593) slli a1, a1, 10
x11 <- 0x5555555555555400
mem[X,0x000000008002D3E0] -> 0x8593
mem[X,0x000000008002D3E2] -> 0x1545
[5679] [M]: 0x000000008002D3E0 (0x15458593) addi a1, a1, 340
x11 <- 0x5555555555555554
mem[X,0x000000008002D3E4] -> 0x0113
mem[X,0x000000008002D3E6] -> 0x0000
[5680] [M]: 0x000000008002D3E4 (0x00000113) addi sp, zero, 0
x2 <- 0x0000000000000000
mem[X,0x000000008002D3E8] -> 0x006F
mem[X,0x000000008002D3EA] -> 0x00C0
[5681] [M]: 0x000000008002D3E8 (0x00C0006F) jal zero, 12
mem[X,0x000000008002D3F4] -> 0x4663
mem[X,0x000000008002D3F6] -> 0x00B5
[5682] [M]: 0x000000008002D3F4 (0x00B54663) blt a0, a1, 12
mem[X,0x000000008002D400] -> 0x0113
mem[X,0x000000008002D402] -> 0x0031
[5683] [M]: 0x000000008002D400 (0x00310113) addi sp, sp, 3
x2 <- 0x0000000000000003
mem[X,0x000000008002D404] -> 0x006F
mem[X,0x000000008002D406] -> 0x0040
[5684] [M]: 0x000000008002D404 (0x0040006F) jal zero, 4
mem[X,0x000000008002D408] -> 0xB423
mem[X,0x000000008002D40A] -> 0x2E20
[5685] [M]: 0x000000008002D408 (0x2E20B423) sd sp, 744(ra)
mem[0x000000008004FCC0] <- 0x0000000000000003
mem[X,0x000000008002D40C] -> 0x0513
mem[X,0x000000008002D40E] -> 0x0020
[5686] [M]: 0x000000008002D40C (0x00200513) addi a0, zero, 2
x10 <- 0x0000000000000002
mem[X,0x000000008002D410] -> 0x0593
mem[X,0x000000008002D412] -> 0x0000
[5687] [M]: 0x000000008002D410 (0x00000593) addi a1, zero, 0
x11 <- 0x0000000000000000
mem[X,0x000000008002D414] -> 0x0113
mem[X,0x000000008002D416] -> 0x0000
[5688] [M]: 0x000000008002D414 (0x00000113) addi sp, zero, 0
x2 <- 0x0000000000000000
mem[X,0x000000008002D418] -> 0x006F
mem[X,0x000000008002D41A] -> 0x00C0
[5689] [M]: 0x000000008002D418 (0x00C0006F) jal zero, 12
mem[X,0x000000008002D424] -> 0x4CE3
mem[X,0x000000008002D426] -> 0xFEB5
[5690] [M]: 0x000000008002D424 (0xFEB54CE3) blt a0, a1, 8184
mem[X,0x000000008002D428] -> 0x0113
mem[X,0x000000008002D42A] -> 0x0021
[5691] [M]: 0x000000008002D428 (0x00210113) addi sp, sp, 2
x2 <- 0x0000000000000002
mem[X,0x000000008002D42C] -> 0x006F
mem[X,0x000000008002D42E] -> 0x00C0
[5692] [M]: 0x000000008002D42C (0x00C0006F) jal zero, 12
mem[X,0x000000008002D438] -> 0xB823
mem[X,0x000000008002D43A] -> 0x2E20
[5693] [M]: 0x000000008002D438 (0x2E20B823) sd sp, 752(ra)
mem[0x000000008004FCC8] <- 0x0000000000000002
mem[X,0x000000008002D43C] -> 0x0513
mem[X,0x000000008002D43E] -> 0x0020
[5694] [M]: 0x000000008002D43C (0x00200513) addi a0, zero, 2
x10 <- 0x0000000000000002
mem[X,0x000000008002D440] -> 0x0593
mem[X,0x000000008002D442] -> 0x0040
[5695] [M]: 0x000000008002D440 (0x00400593) addi a1, zero, 4
x11 <- 0x0000000000000004
mem[X,0x000000008002D444] -> 0x0113
mem[X,0x000000008002D446] -> 0x0000
[5696] [M]: 0x000000008002D444 (0x00000113) addi sp, zero, 0
x2 <- 0x0000000000000000
mem[X,0x000000008002D448] -> 0x006F
mem[X,0x000000008002D44A] -> 0x00C0
[5697] [M]: 0x000000008002D448 (0x00C0006F) jal zero, 12
mem[X,0x000000008002D454] -> 0x4663
mem[X,0x000000008002D456] -> 0x00B5
[5698] [M]: 0x000000008002D454 (0x00B54663) blt a0, a1, 12
mem[X,0x000000008002D460] -> 0x0113
mem[X,0x000000008002D462] -> 0x0031
[5699] [M]: 0x000000008002D460 (0x00310113) addi sp, sp, 3
x2 <- 0x0000000000000003
clint::tick mtime <- 0x0000000000000039
 clint timer pending at mtime 0x0000000000000039
htif::tick 0x0000000000000000
mem[X,0x000000008002D464] -> 0x006F
mem[X,0x000000008002D466] -> 0x0040
[5700] [M]: 0x000000008002D464 (0x0040006F) jal zero, 4
mem[X,0x000000008002D468] -> 0xBC23
mem[X,0x000000008002D46A] -> 0x2E20
[5701] [M]: 0x000000008002D468 (0x2E20BC23) sd sp, 760(ra)
mem[0x000000008004FCD0] <- 0x0000000000000003
mem[X,0x000000008002D46C] -> 0x0513
mem[X,0x000000008002D46E] -> 0x0020
[5702] [M]: 0x000000008002D46C (0x00200513) addi a0, zero, 2
x10 <- 0x0000000000000002
mem[X,0x000000008002D470] -> 0x35B7
mem[X,0x000000008002D472] -> 0x3333
[5703] [M]: 0x000000008002D470 (0x333335B7) lui a1, 209715
x11 <- 0x0000000033333000
mem[X,0x000000008002D474] -> 0x8593
mem[X,0x000000008002D476] -> 0x3335
[5704] [M]: 0x000000008002D474 (0x33358593) addi a1, a1, 819
x11 <- 0x0000000033333333
mem[X,0x000000008002D478] -> 0x9593
mem[X,0x000000008002D47A] -> 0x00B5
[5705] [M]: 0x000000008002D478 (0x00B59593) slli a1, a1, 11
x11 <- 0x0000019999999800
mem[X,0x000000008002D47C] -> 0x8593
mem[X,0x000000008002D47E] -> 0x1995
[5706] [M]: 0x000000008002D47C (0x19958593) addi a1, a1, 409
x11 <- 0x0000019999999999
mem[X,0x000000008002D480] -> 0x9593
mem[X,0x000000008002D482] -> 0x00B5
[5707] [M]: 0x000000008002D480 (0x00B59593) slli a1, a1, 11
x11 <- 0x000CCCCCCCCCC800
mem[X,0x000000008002D484] -> 0x8593
mem[X,0x000000008002D486] -> 0x4CC5
[5708] [M]: 0x000000008002D484 (0x4CC58593) addi a1, a1, 1228
x11 <- 0x000CCCCCCCCCCCCC
mem[X,0x000000008002D488] -> 0x9593
mem[X,0x000000008002D48A] -> 0x00A5
[5709] [M]: 0x000000008002D488 (0x00A59593) slli a1, a1, 10
x11 <- 0x3333333333333000
mem[X,0x000000008002D48C] -> 0x8593
mem[X,0x000000008002D48E] -> 0x3325
[5710] [M]: 0x000000008002D48C (0x33258593) addi a1, a1, 818
x11 <- 0x3333333333333332
mem[X,0x000000008002D490] -> 0x0113
mem[X,0x000000008002D492] -> 0x0000
[5711] [M]: 0x000000008002D490 (0x00000113) addi sp, zero, 0
x2 <- 0x0000000000000000
mem[X,0x000000008002D494] -> 0x006F
mem[X,0x000000008002D496] -> 0x00C0
[5712] [M]: 0x000000008002D494 (0x00C0006F) jal zero, 12
mem[X,0x000000008002D4A0] -> 0x4063
mem[X,0x000000008002D4A2] -> 0x02B5
[5713] [M]: 0x000000008002D4A0 (0x02B54063) blt a0, a1, 32
mem[X,0x000000008002D4C0] -> 0x0113
mem[X,0x000000008002D4C2] -> 0x0031
[5714] [M]: 0x000000008002D4C0 (0x00310113) addi sp, sp, 3
x2 <- 0x0000000000000003
mem[X,0x000000008002D4C4] -> 0x006F
mem[X,0x000000008002D4C6] -> 0x0040
[5715] [M]: 0x000000008002D4C4 (0x0040006F) jal zero, 4
mem[X,0x000000008002D4C8] -> 0xB023
mem[X,0x000000008002D4CA] -> 0x3020
[5716] [M]: 0x000000008002D4C8 (0x3020B023) sd sp, 768(ra)
mem[0x000000008004FCD8] <- 0x0000000000000003
mem[X,0x000000008002D4CC] -> 0x0513
mem[X,0x000000008002D4CE] -> 0x0020
[5717] [M]: 0x000000008002D4CC (0x00200513) addi a0, zero, 2
x10 <- 0x0000000000000002
mem[X,0x000000008002D4D0] -> 0x65B7
mem[X,0x000000008002D4D2] -> 0x6666
[5718] [M]: 0x000000008002D4D0 (0x666665B7) lui a1, 419430
x11 <- 0x0000000066666000
mem[X,0x000000008002D4D4] -> 0x8593
mem[X,0x000000008002D4D6] -> 0x6665
[5719] [M]: 0x000000008002D4D4 (0x66658593) addi a1, a1, 1638
x11 <- 0x0000000066666666
mem[X,0x000000008002D4D8] -> 0x9593
mem[X,0x000000008002D4DA] -> 0x00B5
[5720] [M]: 0x000000008002D4D8 (0x00B59593) slli a1, a1, 11
x11 <- 0x0000033333333000
mem[X,0x000000008002D4DC] -> 0x8593
mem[X,0x000000008002D4DE] -> 0x3335
[5721] [M]: 0x000000008002D4DC (0x33358593) addi a1, a1, 819
x11 <- 0x0000033333333333
mem[X,0x000000008002D4E0] -> 0x9593
mem[X,0x000000008002D4E2] -> 0x00B5
[5722] [M]: 0x000000008002D4E0 (0x00B59593) slli a1, a1, 11
x11 <- 0x0019999999999800
mem[X,0x000000008002D4E4] -> 0x8593
mem[X,0x000000008002D4E6] -> 0x1995
[5723] [M]: 0x000000008002D4E4 (0x19958593) addi a1, a1, 409
x11 <- 0x0019999999999999
mem[X,0x000000008002D4E8] -> 0x9593
mem[X,0x000000008002D4EA] -> 0x00A5
[5724] [M]: 0x000000008002D4E8 (0x00A59593) slli a1, a1, 10
x11 <- 0x6666666666666400
mem[X,0x000000008002D4EC] -> 0x8593
mem[X,0x000000008002D4EE] -> 0x2655
[5725] [M]: 0x000000008002D4EC (0x26558593) addi a1, a1, 613
x11 <- 0x6666666666666665
mem[X,0x000000008002D4F0] -> 0x0113
mem[X,0x000000008002D4F2] -> 0x0000
[5726] [M]: 0x000000008002D4F0 (0x00000113) addi sp, zero, 0
x2 <- 0x0000000000000000
mem[X,0x000000008002D4F4] -> 0x006F
mem[X,0x000000008002D4F6] -> 0x00C0
[5727] [M]: 0x000000008002D4F4 (0x00C0006F) jal zero, 12
mem[X,0x000000008002D500] -> 0x4663
mem[X,0x000000008002D502] -> 0x00B5
[5728] [M]: 0x000000008002D500 (0x00B54663) blt a0, a1, 12
mem[X,0x000000008002D50C] -> 0x0113
mem[X,0x000000008002D50E] -> 0x0031
[5729] [M]: 0x000000008002D50C (0x00310113) addi sp, sp, 3
x2 <- 0x0000000000000003
mem[X,0x000000008002D510] -> 0x006F
mem[X,0x000000008002D512] -> 0x0040
[5730] [M]: 0x000000008002D510 (0x0040006F) jal zero, 4
mem[X,0x000000008002D514] -> 0xB423
mem[X,0x000000008002D516] -> 0x3020
[5731] [M]: 0x000000008002D514 (0x3020B423) sd sp, 776(ra)
mem[0x000000008004FCE0] <- 0x0000000000000003
mem[X,0x000000008002D518] -> 0x0513
mem[X,0x000000008002D51A] -> 0x0020
[5732] [M]: 0x000000008002D518 (0x00200513) addi a0, zero, 2
x10 <- 0x0000000000000002
mem[X,0x000000008002D51C] -> 0x05B7
mem[X,0x000000008002D51E] -> 0x0000
[5733] [M]: 0x000000008002D51C (0x000005B7) lui a1, 0
x11 <- 0x0000000000000000
mem[X,0x000000008002D520] -> 0x8593
mem[X,0x000000008002D522] -> 0x0005
[5734] [M]: 0x000000008002D520 (0x00058593) addi a1, a1, 0
x11 <- 0x0000000000000000
mem[X,0x000000008002D524] -> 0x9593
mem[X,0x000000008002D526] -> 0x00B5
[5735] [M]: 0x000000008002D524 (0x00B59593) slli a1, a1, 11
x11 <- 0x0000000000000000
mem[X,0x000000008002D528] -> 0x8593
mem[X,0x000000008002D52A] -> 0x5A85
[5736] [M]: 0x000000008002D528 (0x5A858593) addi a1, a1, 1448
x11 <- 0x00000000000005A8
mem[X,0x000000008002D52C] -> 0x9593
mem[X,0x000000008002D52E] -> 0x00B5
[5737] [M]: 0x000000008002D52C (0x00B59593) slli a1, a1, 11
x11 <- 0x00000000002D4000
mem[X,0x000000008002D530] -> 0x8593
mem[X,0x000000008002D532] -> 0x13C5
[5738] [M]: 0x000000008002D530 (0x13C58593) addi a1, a1, 316
x11 <- 0x00000000002D413C
mem[X,0x000000008002D534] -> 0x9593
mem[X,0x000000008002D536] -> 0x00A5
[5739] [M]: 0x000000008002D534 (0x00A59593) slli a1, a1, 10
x11 <- 0x00000000B504F000
mem[X,0x000000008002D538] -> 0x8593
mem[X,0x000000008002D53A] -> 0x3325
[5740] [M]: 0x000000008002D538 (0x33258593) addi a1, a1, 818
x11 <- 0x00000000B504F332
mem[X,0x000000008002D53C] -> 0x0113
mem[X,0x000000008002D53E] -> 0x0000
[5741] [M]: 0x000000008002D53C (0x00000113) addi sp, zero, 0
x2 <- 0x0000000000000000
mem[X,0x000000008002D540] -> 0x006F
mem[X,0x000000008002D542] -> 0x0100
[5742] [M]: 0x000000008002D540 (0x0100006F) jal zero, 16
mem[X,0x000000008002D550] -> 0x4AE3
mem[X,0x000000008002D552] -> 0xFEB5
[5743] [M]: 0x000000008002D550 (0xFEB54AE3) blt a0, a1, 8180
mem[X,0x000000008002D544] -> 0x0113
mem[X,0x000000008002D546] -> 0x0011
[5744] [M]: 0x000000008002D544 (0x00110113) addi sp, sp, 1
x2 <- 0x0000000000000001
mem[X,0x000000008002D548] -> 0x006F
mem[X,0x000000008002D54A] -> 0x01C0
[5745] [M]: 0x000000008002D548 (0x01C0006F) jal zero, 28
mem[X,0x000000008002D564] -> 0xB823
mem[X,0x000000008002D566] -> 0x3020
[5746] [M]: 0x000000008002D564 (0x3020B823) sd sp, 784(ra)
mem[0x000000008004FCE8] <- 0x0000000000000001
mem[X,0x000000008002D568] -> 0x0513
mem[X,0x000000008002D56A] -> 0x0020
[5747] [M]: 0x000000008002D568 (0x00200513) addi a0, zero, 2
x10 <- 0x0000000000000002
mem[X,0x000000008002D56C] -> 0x55B7
mem[X,0x000000008002D56E] -> 0x5555
[5748] [M]: 0x000000008002D56C (0x555555B7) lui a1, 349525
x11 <- 0x0000000055555000
mem[X,0x000000008002D570] -> 0x8593
mem[X,0x000000008002D572] -> 0x5555
[5749] [M]: 0x000000008002D570 (0x55558593) addi a1, a1, 1365
x11 <- 0x0000000055555555
mem[X,0x000000008002D574] -> 0x9593
mem[X,0x000000008002D576] -> 0x00B5
[5750] [M]: 0x000000008002D574 (0x00B59593) slli a1, a1, 11
x11 <- 0x000002AAAAAAA800
mem[X,0x000000008002D578] -> 0x8593
mem[X,0x000000008002D57A] -> 0x2AA5
[5751] [M]: 0x000000008002D578 (0x2AA58593) addi a1, a1, 682
x11 <- 0x000002AAAAAAAAAA
mem[X,0x000000008002D57C] -> 0x9593
mem[X,0x000000008002D57E] -> 0x00B5
[5752] [M]: 0x000000008002D57C (0x00B59593) slli a1, a1, 11
x11 <- 0x0015555555555000
mem[X,0x000000008002D580] -> 0x8593
mem[X,0x000000008002D582] -> 0x5555
[5753] [M]: 0x000000008002D580 (0x55558593) addi a1, a1, 1365
x11 <- 0x0015555555555555
mem[X,0x000000008002D584] -> 0x9593
mem[X,0x000000008002D586] -> 0x00A5
[5754] [M]: 0x000000008002D584 (0x00A59593) slli a1, a1, 10
x11 <- 0x5555555555555400
mem[X,0x000000008002D588] -> 0x8593
mem[X,0x000000008002D58A] -> 0x1565
[5755] [M]: 0x000000008002D588 (0x15658593) addi a1, a1, 342
x11 <- 0x5555555555555556
mem[X,0x000000008002D58C] -> 0x0113
mem[X,0x000000008002D58E] -> 0x0000
[5756] [M]: 0x000000008002D58C (0x00000113) addi sp, zero, 0
x2 <- 0x0000000000000000
mem[X,0x000000008002D590] -> 0x006F
mem[X,0x000000008002D592] -> 0x0180
[5757] [M]: 0x000000008002D590 (0x0180006F) jal zero, 24
mem[X,0x000000008002D5A8] -> 0x46E3
mem[X,0x000000008002D5AA] -> 0xFEB5
[5758] [M]: 0x000000008002D5A8 (0xFEB546E3) blt a0, a1, 8172
mem[X,0x000000008002D594] -> 0x0113
mem[X,0x000000008002D596] -> 0x0011
[5759] [M]: 0x000000008002D594 (0x00110113) addi sp, sp, 1
x2 <- 0x0000000000000001
mem[X,0x000000008002D598] -> 0x006F
mem[X,0x000000008002D59A] -> 0x0240
[5760] [M]: 0x000000008002D598 (0x0240006F) jal zero, 36
mem[X,0x000000008002D5BC] -> 0xBC23
mem[X,0x000000008002D5BE] -> 0x3020
[5761] [M]: 0x000000008002D5BC (0x3020BC23) sd sp, 792(ra)
mem[0x000000008004FCF0] <- 0x0000000000000001
mem[X,0x000000008002D5C0] -> 0x0513
mem[X,0x000000008002D5C2] -> 0x0020
[5762] [M]: 0x000000008002D5C0 (0x00200513) addi a0, zero, 2
x10 <- 0x0000000000000002
mem[X,0x000000008002D5C4] -> 0xB5B7
mem[X,0x000000008002D5C6] -> 0xAAAA
[5763] [M]: 0x000000008002D5C4 (0xAAAAB5B7) lui a1, 699051
x11 <- 0xFFFFFFFFAAAAB000
mem[X,0x000000008002D5C8] -> 0x8593
mem[X,0x000000008002D5CA] -> 0xAAA5
[5764] [M]: 0x000000008002D5C8 (0xAAA58593) addi a1, a1, 2730
x11 <- 0xFFFFFFFFAAAAAAAA
mem[X,0x000000008002D5CC] -> 0x9593
mem[X,0x000000008002D5CE] -> 0x00B5
[5765] [M]: 0x000000008002D5CC (0x00B59593) slli a1, a1, 11
x11 <- 0xFFFFFD5555555000
mem[X,0x000000008002D5D0] -> 0x8593
mem[X,0x000000008002D5D2] -> 0x5555
[5766] [M]: 0x000000008002D5D0 (0x55558593) addi a1, a1, 1365
x11 <- 0xFFFFFD5555555555
mem[X,0x000000008002D5D4] -> 0x9593
mem[X,0x000000008002D5D6] -> 0x00B5
[5767] [M]: 0x000000008002D5D4 (0x00B59593) slli a1, a1, 11
x11 <- 0xFFEAAAAAAAAAA800
mem[X,0x000000008002D5D8] -> 0x8593
mem[X,0x000000008002D5DA] -> 0x2AA5
[5768] [M]: 0x000000008002D5D8 (0x2AA58593) addi a1, a1, 682
x11 <- 0xFFEAAAAAAAAAAAAA
mem[X,0x000000008002D5DC] -> 0x9593
mem[X,0x000000008002D5DE] -> 0x00A5
[5769] [M]: 0x000000008002D5DC (0x00A59593) slli a1, a1, 10
x11 <- 0xAAAAAAAAAAAAA800
mem[X,0x000000008002D5E0] -> 0x8593
mem[X,0x000000008002D5E2] -> 0x2AB5
[5770] [M]: 0x000000008002D5E0 (0x2AB58593) addi a1, a1, 683
x11 <- 0xAAAAAAAAAAAAAAAB
mem[X,0x000000008002D5E4] -> 0x0113
mem[X,0x000000008002D5E6] -> 0x0000
[5771] [M]: 0x000000008002D5E4 (0x00000113) addi sp, zero, 0
x2 <- 0x0000000000000000
mem[X,0x000000008002D5E8] -> 0x006F
mem[X,0x000000008002D5EA] -> 0x00C0
[5772] [M]: 0x000000008002D5E8 (0x00C0006F) jal zero, 12
mem[X,0x000000008002D5F4] -> 0x4063
mem[X,0x000000008002D5F6] -> 0x40B5
[5773] [M]: 0x000000008002D5F4 (0x40B54063) blt a0, a1, 1024
mem[X,0x000000008002D5F8] -> 0x0113
mem[X,0x000000008002D5FA] -> 0x0021
[5774] [M]: 0x000000008002D5F8 (0x00210113) addi sp, sp, 2
x2 <- 0x0000000000000002
mem[X,0x000000008002D5FC] -> 0x006F
mem[X,0x000000008002D5FE] -> 0x4000
[5775] [M]: 0x000000008002D5FC (0x4000006F) jal zero, 1024
mem[X,0x000000008002D9FC] -> 0xB023
mem[X,0x000000008002D9FE] -> 0x3220
[5776] [M]: 0x000000008002D9FC (0x3220B023) sd sp, 800(ra)
mem[0x000000008004FCF8] <- 0x0000000000000002
mem[X,0x000000008002DA00] -> 0x0513
mem[X,0x000000008002DA02] -> 0x0020
[5777] [M]: 0x000000008002DA00 (0x00200513) addi a0, zero, 2
x10 <- 0x0000000000000002
mem[X,0x000000008002DA04] -> 0x0593
mem[X,0x000000008002DA06] -> 0x0060
[5778] [M]: 0x000000008002DA04 (0x00600593) addi a1, zero, 6
x11 <- 0x0000000000000006
mem[X,0x000000008002DA08] -> 0x0113
mem[X,0x000000008002DA0A] -> 0x0000
[5779] [M]: 0x000000008002DA08 (0x00000113) addi sp, zero, 0
x2 <- 0x0000000000000000
mem[X,0x000000008002DA0C] -> 0x006F
mem[X,0x000000008002DA0E] -> 0x00C0
[5780] [M]: 0x000000008002DA0C (0x00C0006F) jal zero, 12
mem[X,0x000000008002DA18] -> 0x4663
mem[X,0x000000008002DA1A] -> 0x00B5
[5781] [M]: 0x000000008002DA18 (0x00B54663) blt a0, a1, 12
mem[X,0x000000008002DA24] -> 0x0113
mem[X,0x000000008002DA26] -> 0x0031
[5782] [M]: 0x000000008002DA24 (0x00310113) addi sp, sp, 3
x2 <- 0x0000000000000003
mem[X,0x000000008002DA28] -> 0x006F
mem[X,0x000000008002DA2A] -> 0x0040
[5783] [M]: 0x000000008002DA28 (0x0040006F) jal zero, 4
mem[X,0x000000008002DA2C] -> 0xB423
mem[X,0x000000008002DA2E] -> 0x3220
[5784] [M]: 0x000000008002DA2C (0x3220B423) sd sp, 808(ra)
mem[0x000000008004FD00] <- 0x0000000000000003
mem[X,0x000000008002DA30] -> 0x0513
mem[X,0x000000008002DA32] -> 0x0020
[5785] [M]: 0x000000008002DA30 (0x00200513) addi a0, zero, 2
x10 <- 0x0000000000000002
mem[X,0x000000008002DA34] -> 0x35B7
mem[X,0x000000008002DA36] -> 0x3333
[5786] [M]: 0x000000008002DA34 (0x333335B7) lui a1, 209715
x11 <- 0x0000000033333000
mem[X,0x000000008002DA38] -> 0x8593
mem[X,0x000000008002DA3A] -> 0x3335
[5787] [M]: 0x000000008002DA38 (0x33358593) addi a1, a1, 819
x11 <- 0x0000000033333333
mem[X,0x000000008002DA3C] -> 0x9593
mem[X,0x000000008002DA3E] -> 0x00B5
[5788] [M]: 0x000000008002DA3C (0x00B59593) slli a1, a1, 11
x11 <- 0x0000019999999800
mem[X,0x000000008002DA40] -> 0x8593
mem[X,0x000000008002DA42] -> 0x1995
[5789] [M]: 0x000000008002DA40 (0x19958593) addi a1, a1, 409
x11 <- 0x0000019999999999
mem[X,0x000000008002DA44] -> 0x9593
mem[X,0x000000008002DA46] -> 0x00B5
[5790] [M]: 0x000000008002DA44 (0x00B59593) slli a1, a1, 11
x11 <- 0x000CCCCCCCCCC800
mem[X,0x000000008002DA48] -> 0x8593
mem[X,0x000000008002DA4A] -> 0x4CC5
[5791] [M]: 0x000000008002DA48 (0x4CC58593) addi a1, a1, 1228
x11 <- 0x000CCCCCCCCCCCCC
mem[X,0x000000008002DA4C] -> 0x9593
mem[X,0x000000008002DA4E] -> 0x00A5
[5792] [M]: 0x000000008002DA4C (0x00A59593) slli a1, a1, 10
x11 <- 0x3333333333333000
mem[X,0x000000008002DA50] -> 0x8593
mem[X,0x000000008002DA52] -> 0x3345
[5793] [M]: 0x000000008002DA50 (0x33458593) addi a1, a1, 820
x11 <- 0x3333333333333334
mem[X,0x000000008002DA54] -> 0x0113
mem[X,0x000000008002DA56] -> 0x0000
[5794] [M]: 0x000000008002DA54 (0x00000113) addi sp, zero, 0
x2 <- 0x0000000000000000
mem[X,0x000000008002DA58] -> 0x006F
mem[X,0x000000008002DA5A] -> 0x00C0
[5795] [M]: 0x000000008002DA58 (0x00C0006F) jal zero, 12
mem[X,0x000000008002DA64] -> 0x4663
mem[X,0x000000008002DA66] -> 0x00B5
[5796] [M]: 0x000000008002DA64 (0x00B54663) blt a0, a1, 12
mem[X,0x000000008002DA70] -> 0x0113
mem[X,0x000000008002DA72] -> 0x0031
[5797] [M]: 0x000000008002DA70 (0x00310113) addi sp, sp, 3
x2 <- 0x0000000000000003
mem[X,0x000000008002DA74] -> 0x006F
mem[X,0x000000008002DA76] -> 0x0040
[5798] [M]: 0x000000008002DA74 (0x0040006F) jal zero, 4
mem[X,0x000000008002DA78] -> 0xB823
mem[X,0x000000008002DA7A] -> 0x3220
[5799] [M]: 0x000000008002DA78 (0x3220B823) sd sp, 816(ra)
mem[0x000000008004FD08] <- 0x0000000000000003
clint::tick mtime <- 0x000000000000003A
 clint timer pending at mtime 0x000000000000003A
htif::tick 0x0000000000000000
mem[X,0x000000008002DA7C] -> 0x0513
mem[X,0x000000008002DA7E] -> 0x0020
[5800] [M]: 0x000000008002DA7C (0x00200513) addi a0, zero, 2
x10 <- 0x0000000000000002
mem[X,0x000000008002DA80] -> 0x65B7
mem[X,0x000000008002DA82] -> 0x6666
[5801] [M]: 0x000000008002DA80 (0x666665B7) lui a1, 419430
x11 <- 0x0000000066666000
mem[X,0x000000008002DA84] -> 0x8593
mem[X,0x000000008002DA86] -> 0x6665
[5802] [M]: 0x000000008002DA84 (0x66658593) addi a1, a1, 1638
x11 <- 0x0000000066666666
mem[X,0x000000008002DA88] -> 0x9593
mem[X,0x000000008002DA8A] -> 0x00B5
[5803] [M]: 0x000000008002DA88 (0x00B59593) slli a1, a1, 11
x11 <- 0x0000033333333000
mem[X,0x000000008002DA8C] -> 0x8593
mem[X,0x000000008002DA8E] -> 0x3335
[5804] [M]: 0x000000008002DA8C (0x33358593) addi a1, a1, 819
x11 <- 0x0000033333333333
mem[X,0x000000008002DA90] -> 0x9593
mem[X,0x000000008002DA92] -> 0x00B5
[5805] [M]: 0x000000008002DA90 (0x00B59593) slli a1, a1, 11
x11 <- 0x0019999999999800
mem[X,0x000000008002DA94] -> 0x8593
mem[X,0x000000008002DA96] -> 0x1995
[5806] [M]: 0x000000008002DA94 (0x19958593) addi a1, a1, 409
x11 <- 0x0019999999999999
mem[X,0x000000008002DA98] -> 0x9593
mem[X,0x000000008002DA9A] -> 0x00A5
[5807] [M]: 0x000000008002DA98 (0x00A59593) slli a1, a1, 10
x11 <- 0x6666666666666400
mem[X,0x000000008002DA9C] -> 0x8593
mem[X,0x000000008002DA9E] -> 0x2675
[5808] [M]: 0x000000008002DA9C (0x26758593) addi a1, a1, 615
x11 <- 0x6666666666666667
mem[X,0x000000008002DAA0] -> 0x0113
mem[X,0x000000008002DAA2] -> 0x0000
[5809] [M]: 0x000000008002DAA0 (0x00000113) addi sp, zero, 0
x2 <- 0x0000000000000000
mem[X,0x000000008002DAA4] -> 0x006F
mem[X,0x000000008002DAA6] -> 0x00C0
[5810] [M]: 0x000000008002DAA4 (0x00C0006F) jal zero, 12
mem[X,0x000000008002DAB0] -> 0x4063
mem[X,0x000000008002DAB2] -> 0x40B5
[5811] [M]: 0x000000008002DAB0 (0x40B54063) blt a0, a1, 1024
mem[X,0x000000008002DEB0] -> 0x0113
mem[X,0x000000008002DEB2] -> 0x0031
[5812] [M]: 0x000000008002DEB0 (0x00310113) addi sp, sp, 3
x2 <- 0x0000000000000003
mem[X,0x000000008002DEB4] -> 0x006F
mem[X,0x000000008002DEB6] -> 0x0040
[5813] [M]: 0x000000008002DEB4 (0x0040006F) jal zero, 4
mem[X,0x000000008002DEB8] -> 0xBC23
mem[X,0x000000008002DEBA] -> 0x3220
[5814] [M]: 0x000000008002DEB8 (0x3220BC23) sd sp, 824(ra)
mem[0x000000008004FD10] <- 0x0000000000000003
mem[X,0x000000008002DEBC] -> 0x0513
mem[X,0x000000008002DEBE] -> 0x0020
[5815] [M]: 0x000000008002DEBC (0x00200513) addi a0, zero, 2
x10 <- 0x0000000000000002
mem[X,0x000000008002DEC0] -> 0x05B7
mem[X,0x000000008002DEC2] -> 0x0000
[5816] [M]: 0x000000008002DEC0 (0x000005B7) lui a1, 0
x11 <- 0x0000000000000000
mem[X,0x000000008002DEC4] -> 0x8593
mem[X,0x000000008002DEC6] -> 0xFFF5
[5817] [M]: 0x000000008002DEC4 (0xFFF58593) addi a1, a1, 4095
x11 <- 0xFFFFFFFFFFFFFFFF
mem[X,0x000000008002DEC8] -> 0x9593
mem[X,0x000000008002DECA] -> 0x00B5
[5818] [M]: 0x000000008002DEC8 (0x00B59593) slli a1, a1, 11
x11 <- 0xFFFFFFFFFFFFF800
mem[X,0x000000008002DECC] -> 0x8593
mem[X,0x000000008002DECE] -> 0x2575
[5819] [M]: 0x000000008002DECC (0x25758593) addi a1, a1, 599
x11 <- 0xFFFFFFFFFFFFFA57
mem[X,0x000000008002DED0] -> 0x9593
mem[X,0x000000008002DED2] -> 0x00B5
[5820] [M]: 0x000000008002DED0 (0x00B59593) slli a1, a1, 11
x11 <- 0xFFFFFFFFFFD2B800
mem[X,0x000000008002DED4] -> 0x8593
mem[X,0x000000008002DED6] -> 0x6C35
[5821] [M]: 0x000000008002DED4 (0x6C358593) addi a1, a1, 1731
x11 <- 0xFFFFFFFFFFD2BEC3
mem[X,0x000000008002DED8] -> 0x9593
mem[X,0x000000008002DEDA] -> 0x00A5
[5822] [M]: 0x000000008002DED8 (0x00A59593) slli a1, a1, 10
x11 <- 0xFFFFFFFF4AFB0C00
mem[X,0x000000008002DEDC] -> 0x8593
mem[X,0x000000008002DEDE] -> 0x0CE5
[5823] [M]: 0x000000008002DEDC (0x0CE58593) addi a1, a1, 206
x11 <- 0xFFFFFFFF4AFB0CCE
mem[X,0x000000008002DEE0] -> 0x0113
mem[X,0x000000008002DEE2] -> 0x0000
[5824] [M]: 0x000000008002DEE0 (0x00000113) addi sp, zero, 0
x2 <- 0x0000000000000000
mem[X,0x000000008002DEE4] -> 0x006F
mem[X,0x000000008002DEE6] -> 0x0050
[5825] [M]: 0x000000008002DEE4 (0x0050006F) jal zero, 2052
mem[X,0x000000008002E6E8] -> 0x40E3
mem[X,0x000000008002E6EA] -> 0x80B5
[5826] [M]: 0x000000008002E6E8 (0x80B540E3) blt a0, a1, 6144
mem[X,0x000000008002E6EC] -> 0x0113
mem[X,0x000000008002E6EE] -> 0x0021
[5827] [M]: 0x000000008002E6EC (0x00210113) addi sp, sp, 2
x2 <- 0x0000000000000002
mem[X,0x000000008002E6F0] -> 0x006F
mem[X,0x000000008002E6F2] -> 0x00C0
[5828] [M]: 0x000000008002E6F0 (0x00C0006F) jal zero, 12
mem[X,0x000000008002E6FC] -> 0xB023
mem[X,0x000000008002E6FE] -> 0x3420
[5829] [M]: 0x000000008002E6FC (0x3420B023) sd sp, 832(ra)
mem[0x000000008004FD18] <- 0x0000000000000002
mem[X,0x000000008002E700] -> 0x0513
mem[X,0x000000008002E702] -> 0x0020
[5830] [M]: 0x000000008002E700 (0x00200513) addi a0, zero, 2
x10 <- 0x0000000000000002
mem[X,0x000000008002E704] -> 0x05B7
mem[X,0x000000008002E706] -> 0x0000
[5831] [M]: 0x000000008002E704 (0x000005B7) lui a1, 0
x11 <- 0x0000000000000000
mem[X,0x000000008002E708] -> 0x8593
mem[X,0x000000008002E70A] -> 0x0005
[5832] [M]: 0x000000008002E708 (0x00058593) addi a1, a1, 0
x11 <- 0x0000000000000000
mem[X,0x000000008002E70C] -> 0x9593
mem[X,0x000000008002E70E] -> 0x00B5
[5833] [M]: 0x000000008002E70C (0x00B59593) slli a1, a1, 11
x11 <- 0x0000000000000000
mem[X,0x000000008002E710] -> 0x8593
mem[X,0x000000008002E712] -> 0x5A85
[5834] [M]: 0x000000008002E710 (0x5A858593) addi a1, a1, 1448
x11 <- 0x00000000000005A8
mem[X,0x000000008002E714] -> 0x9593
mem[X,0x000000008002E716] -> 0x00B5
[5835] [M]: 0x000000008002E714 (0x00B59593) slli a1, a1, 11
x11 <- 0x00000000002D4000
mem[X,0x000000008002E718] -> 0x8593
mem[X,0x000000008002E71A] -> 0x13C5
[5836] [M]: 0x000000008002E718 (0x13C58593) addi a1, a1, 316
x11 <- 0x00000000002D413C
mem[X,0x000000008002E71C] -> 0x9593
mem[X,0x000000008002E71E] -> 0x00A5
[5837] [M]: 0x000000008002E71C (0x00A59593) slli a1, a1, 10
x11 <- 0x00000000B504F000
mem[X,0x000000008002E720] -> 0x8593
mem[X,0x000000008002E722] -> 0x3345
[5838] [M]: 0x000000008002E720 (0x33458593) addi a1, a1, 820
x11 <- 0x00000000B504F334
mem[X,0x000000008002E724] -> 0x0113
mem[X,0x000000008002E726] -> 0x0000
[5839] [M]: 0x000000008002E724 (0x00000113) addi sp, zero, 0
x2 <- 0x0000000000000000
mem[X,0x000000008002E728] -> 0x006F
mem[X,0x000000008002E72A] -> 0x0050
[5840] [M]: 0x000000008002E728 (0x0050006F) jal zero, 2052
mem[X,0x000000008002EF2C] -> 0x40E3
mem[X,0x000000008002EF2E] -> 0x80B5
[5841] [M]: 0x000000008002EF2C (0x80B540E3) blt a0, a1, 6144
mem[X,0x000000008002E72C] -> 0x0113
mem[X,0x000000008002E72E] -> 0x0011
[5842] [M]: 0x000000008002E72C (0x00110113) addi sp, sp, 1
x2 <- 0x0000000000000001
mem[X,0x000000008002E730] -> 0x006F
mem[X,0x000000008002E732] -> 0x0110
[5843] [M]: 0x000000008002E730 (0x0110006F) jal zero, 2064
mem[X,0x000000008002EF40] -> 0xB423
mem[X,0x000000008002EF42] -> 0x3420
[5844] [M]: 0x000000008002EF40 (0x3420B423) sd sp, 840(ra)
mem[0x000000008004FD20] <- 0x0000000000000001
mem[X,0x000000008002EF44] -> 0x5537
mem[X,0x000000008002EF46] -> 0x5555
[5845] [M]: 0x000000008002EF44 (0x55555537) lui a0, 349525
x10 <- 0x0000000055555000
mem[X,0x000000008002EF48] -> 0x0513
mem[X,0x000000008002EF4A] -> 0x5555
[5846] [M]: 0x000000008002EF48 (0x55550513) addi a0, a0, 1365
x10 <- 0x0000000055555555
mem[X,0x000000008002EF4C] -> 0x1513
mem[X,0x000000008002EF4E] -> 0x00B5
[5847] [M]: 0x000000008002EF4C (0x00B51513) slli a0, a0, 11
x10 <- 0x000002AAAAAAA800
mem[X,0x000000008002EF50] -> 0x0513
mem[X,0x000000008002EF52] -> 0x2AA5
[5848] [M]: 0x000000008002EF50 (0x2AA50513) addi a0, a0, 682
x10 <- 0x000002AAAAAAAAAA
mem[X,0x000000008002EF54] -> 0x1513
mem[X,0x000000008002EF56] -> 0x00B5
[5849] [M]: 0x000000008002EF54 (0x00B51513) slli a0, a0, 11
x10 <- 0x0015555555555000
mem[X,0x000000008002EF58] -> 0x0513
mem[X,0x000000008002EF5A] -> 0x5555
[5850] [M]: 0x000000008002EF58 (0x55550513) addi a0, a0, 1365
x10 <- 0x0015555555555555
mem[X,0x000000008002EF5C] -> 0x1513
mem[X,0x000000008002EF5E] -> 0x00A5
[5851] [M]: 0x000000008002EF5C (0x00A51513) slli a0, a0, 10
x10 <- 0x5555555555555400
mem[X,0x000000008002EF60] -> 0x0513
mem[X,0x000000008002EF62] -> 0x1545
[5852] [M]: 0x000000008002EF60 (0x15450513) addi a0, a0, 340
x10 <- 0x5555555555555554
mem[X,0x000000008002EF64] -> 0x0593
mem[X,0x000000008002EF66] -> 0x0030
[5853] [M]: 0x000000008002EF64 (0x00300593) addi a1, zero, 3
x11 <- 0x0000000000000003
mem[X,0x000000008002EF68] -> 0x0113
mem[X,0x000000008002EF6A] -> 0x0000
[5854] [M]: 0x000000008002EF68 (0x00000113) addi sp, zero, 0
x2 <- 0x0000000000000000
mem[X,0x000000008002EF6C] -> 0x006F
mem[X,0x000000008002EF6E] -> 0x00C0
[5855] [M]: 0x000000008002EF6C (0x00C0006F) jal zero, 12
mem[X,0x000000008002EF78] -> 0x4063
mem[X,0x000000008002EF7A] -> 0x08B5
[5856] [M]: 0x000000008002EF78 (0x08B54063) blt a0, a1, 128
mem[X,0x000000008002EF7C] -> 0x0113
mem[X,0x000000008002EF7E] -> 0x0021
[5857] [M]: 0x000000008002EF7C (0x00210113) addi sp, sp, 2
x2 <- 0x0000000000000002
mem[X,0x000000008002EF80] -> 0x006F
mem[X,0x000000008002EF82] -> 0x0800
[5858] [M]: 0x000000008002EF80 (0x0800006F) jal zero, 128
mem[X,0x000000008002F000] -> 0xB823
mem[X,0x000000008002F002] -> 0x3420
[5859] [M]: 0x000000008002F000 (0x3420B823) sd sp, 848(ra)
mem[0x000000008004FD28] <- 0x0000000000000002
mem[X,0x000000008002F004] -> 0x5537
mem[X,0x000000008002F006] -> 0x5555
[5860] [M]: 0x000000008002F004 (0x55555537) lui a0, 349525
x10 <- 0x0000000055555000
mem[X,0x000000008002F008] -> 0x0513
mem[X,0x000000008002F00A] -> 0x5555
[5861] [M]: 0x000000008002F008 (0x55550513) addi a0, a0, 1365
x10 <- 0x0000000055555555
mem[X,0x000000008002F00C] -> 0x1513
mem[X,0x000000008002F00E] -> 0x00B5
[5862] [M]: 0x000000008002F00C (0x00B51513) slli a0, a0, 11
x10 <- 0x000002AAAAAAA800
mem[X,0x000000008002F010] -> 0x0513
mem[X,0x000000008002F012] -> 0x2AA5
[5863] [M]: 0x000000008002F010 (0x2AA50513) addi a0, a0, 682
x10 <- 0x000002AAAAAAAAAA
mem[X,0x000000008002F014] -> 0x1513
mem[X,0x000000008002F016] -> 0x00B5
[5864] [M]: 0x000000008002F014 (0x00B51513) slli a0, a0, 11
x10 <- 0x0015555555555000
mem[X,0x000000008002F018] -> 0x0513
mem[X,0x000000008002F01A] -> 0x5555
[5865] [M]: 0x000000008002F018 (0x55550513) addi a0, a0, 1365
x10 <- 0x0015555555555555
mem[X,0x000000008002F01C] -> 0x1513
mem[X,0x000000008002F01E] -> 0x00A5
[5866] [M]: 0x000000008002F01C (0x00A51513) slli a0, a0, 10
x10 <- 0x5555555555555400
mem[X,0x000000008002F020] -> 0x0513
mem[X,0x000000008002F022] -> 0x1545
[5867] [M]: 0x000000008002F020 (0x15450513) addi a0, a0, 340
x10 <- 0x5555555555555554
mem[X,0x000000008002F024] -> 0x55B7
mem[X,0x000000008002F026] -> 0x5555
[5868] [M]: 0x000000008002F024 (0x555555B7) lui a1, 349525
x11 <- 0x0000000055555000
mem[X,0x000000008002F028] -> 0x8593
mem[X,0x000000008002F02A] -> 0x5555
[5869] [M]: 0x000000008002F028 (0x55558593) addi a1, a1, 1365
x11 <- 0x0000000055555555
mem[X,0x000000008002F02C] -> 0x9593
mem[X,0x000000008002F02E] -> 0x00B5
[5870] [M]: 0x000000008002F02C (0x00B59593) slli a1, a1, 11
x11 <- 0x000002AAAAAAA800
mem[X,0x000000008002F030] -> 0x8593
mem[X,0x000000008002F032] -> 0x2AA5
[5871] [M]: 0x000000008002F030 (0x2AA58593) addi a1, a1, 682
x11 <- 0x000002AAAAAAAAAA
mem[X,0x000000008002F034] -> 0x9593
mem[X,0x000000008002F036] -> 0x00B5
[5872] [M]: 0x000000008002F034 (0x00B59593) slli a1, a1, 11
x11 <- 0x0015555555555000
mem[X,0x000000008002F038] -> 0x8593
mem[X,0x000000008002F03A] -> 0x5555
[5873] [M]: 0x000000008002F038 (0x55558593) addi a1, a1, 1365
x11 <- 0x0015555555555555
mem[X,0x000000008002F03C] -> 0x9593
mem[X,0x000000008002F03E] -> 0x00A5
[5874] [M]: 0x000000008002F03C (0x00A59593) slli a1, a1, 10
x11 <- 0x5555555555555400
mem[X,0x000000008002F040] -> 0x8593
mem[X,0x000000008002F042] -> 0x1555
[5875] [M]: 0x000000008002F040 (0x15558593) addi a1, a1, 341
x11 <- 0x5555555555555555
mem[X,0x000000008002F044] -> 0x0113
mem[X,0x000000008002F046] -> 0x0000
[5876] [M]: 0x000000008002F044 (0x00000113) addi sp, zero, 0
x2 <- 0x0000000000000000
mem[X,0x000000008002F048] -> 0x006F
mem[X,0x000000008002F04A] -> 0x00C0
[5877] [M]: 0x000000008002F048 (0x00C0006F) jal zero, 12
mem[X,0x000000008002F054] -> 0x4063
mem[X,0x000000008002F056] -> 0x02B5
[5878] [M]: 0x000000008002F054 (0x02B54063) blt a0, a1, 32
mem[X,0x000000008002F074] -> 0x0113
mem[X,0x000000008002F076] -> 0x0031
[5879] [M]: 0x000000008002F074 (0x00310113) addi sp, sp, 3
x2 <- 0x0000000000000003
mem[X,0x000000008002F078] -> 0x006F
mem[X,0x000000008002F07A] -> 0x0040
[5880] [M]: 0x000000008002F078 (0x0040006F) jal zero, 4
mem[X,0x000000008002F07C] -> 0xBC23
mem[X,0x000000008002F07E] -> 0x3420
[5881] [M]: 0x000000008002F07C (0x3420BC23) sd sp, 856(ra)
mem[0x000000008004FD30] <- 0x0000000000000003
mem[X,0x000000008002F080] -> 0x5537
mem[X,0x000000008002F082] -> 0x5555
[5882] [M]: 0x000000008002F080 (0x55555537) lui a0, 349525
x10 <- 0x0000000055555000
mem[X,0x000000008002F084] -> 0x0513
mem[X,0x000000008002F086] -> 0x5555
[5883] [M]: 0x000000008002F084 (0x55550513) addi a0, a0, 1365
x10 <- 0x0000000055555555
mem[X,0x000000008002F088] -> 0x1513
mem[X,0x000000008002F08A] -> 0x00B5
[5884] [M]: 0x000000008002F088 (0x00B51513) slli a0, a0, 11
x10 <- 0x000002AAAAAAA800
mem[X,0x000000008002F08C] -> 0x0513
mem[X,0x000000008002F08E] -> 0x2AA5
[5885] [M]: 0x000000008002F08C (0x2AA50513) addi a0, a0, 682
x10 <- 0x000002AAAAAAAAAA
mem[X,0x000000008002F090] -> 0x1513
mem[X,0x000000008002F092] -> 0x00B5
[5886] [M]: 0x000000008002F090 (0x00B51513) slli a0, a0, 11
x10 <- 0x0015555555555000
mem[X,0x000000008002F094] -> 0x0513
mem[X,0x000000008002F096] -> 0x5555
[5887] [M]: 0x000000008002F094 (0x55550513) addi a0, a0, 1365
x10 <- 0x0015555555555555
mem[X,0x000000008002F098] -> 0x1513
mem[X,0x000000008002F09A] -> 0x00A5
[5888] [M]: 0x000000008002F098 (0x00A51513) slli a0, a0, 10
x10 <- 0x5555555555555400
mem[X,0x000000008002F09C] -> 0x0513
mem[X,0x000000008002F09E] -> 0x1545
[5889] [M]: 0x000000008002F09C (0x15450513) addi a0, a0, 340
x10 <- 0x5555555555555554
mem[X,0x000000008002F0A0] -> 0xB5B7
mem[X,0x000000008002F0A2] -> 0xAAAA
[5890] [M]: 0x000000008002F0A0 (0xAAAAB5B7) lui a1, 699051
x11 <- 0xFFFFFFFFAAAAB000
mem[X,0x000000008002F0A4] -> 0x8593
mem[X,0x000000008002F0A6] -> 0xAAA5
[5891] [M]: 0x000000008002F0A4 (0xAAA58593) addi a1, a1, 2730
x11 <- 0xFFFFFFFFAAAAAAAA
mem[X,0x000000008002F0A8] -> 0x9593
mem[X,0x000000008002F0AA] -> 0x00B5
[5892] [M]: 0x000000008002F0A8 (0x00B59593) slli a1, a1, 11
x11 <- 0xFFFFFD5555555000
mem[X,0x000000008002F0AC] -> 0x8593
mem[X,0x000000008002F0AE] -> 0x5555
[5893] [M]: 0x000000008002F0AC (0x55558593) addi a1, a1, 1365
x11 <- 0xFFFFFD5555555555
mem[X,0x000000008002F0B0] -> 0x9593
mem[X,0x000000008002F0B2] -> 0x00B5
[5894] [M]: 0x000000008002F0B0 (0x00B59593) slli a1, a1, 11
x11 <- 0xFFEAAAAAAAAAA800
mem[X,0x000000008002F0B4] -> 0x8593
mem[X,0x000000008002F0B6] -> 0x2AA5
[5895] [M]: 0x000000008002F0B4 (0x2AA58593) addi a1, a1, 682
x11 <- 0xFFEAAAAAAAAAAAAA
mem[X,0x000000008002F0B8] -> 0x9593
mem[X,0x000000008002F0BA] -> 0x00A5
[5896] [M]: 0x000000008002F0B8 (0x00A59593) slli a1, a1, 10
x11 <- 0xAAAAAAAAAAAAA800
mem[X,0x000000008002F0BC] -> 0x8593
mem[X,0x000000008002F0BE] -> 0x2AA5
[5897] [M]: 0x000000008002F0BC (0x2AA58593) addi a1, a1, 682
x11 <- 0xAAAAAAAAAAAAAAAA
mem[X,0x000000008002F0C0] -> 0x0113
mem[X,0x000000008002F0C2] -> 0x0000
[5898] [M]: 0x000000008002F0C0 (0x00000113) addi sp, zero, 0
x2 <- 0x0000000000000000
mem[X,0x000000008002F0C4] -> 0x006F
mem[X,0x000000008002F0C6] -> 0x00C0
[5899] [M]: 0x000000008002F0C4 (0x00C0006F) jal zero, 12
clint::tick mtime <- 0x000000000000003B
 clint timer pending at mtime 0x000000000000003B
htif::tick 0x0000000000000000
mem[X,0x000000008002F0D0] -> 0x4663
mem[X,0x000000008002F0D2] -> 0x00B5
[5900] [M]: 0x000000008002F0D0 (0x00B54663) blt a0, a1, 12
mem[X,0x000000008002F0D4] -> 0x0113
mem[X,0x000000008002F0D6] -> 0x0021
[5901] [M]: 0x000000008002F0D4 (0x00210113) addi sp, sp, 2
x2 <- 0x0000000000000002
mem[X,0x000000008002F0D8] -> 0x006F
mem[X,0x000000008002F0DA] -> 0x00C0
[5902] [M]: 0x000000008002F0D8 (0x00C0006F) jal zero, 12
mem[X,0x000000008002F0E4] -> 0xB023
mem[X,0x000000008002F0E6] -> 0x3620
[5903] [M]: 0x000000008002F0E4 (0x3620B023) sd sp, 864(ra)
mem[0x000000008004FD38] <- 0x0000000000000002
mem[X,0x000000008002F0E8] -> 0x5537
mem[X,0x000000008002F0EA] -> 0x5555
[5904] [M]: 0x000000008002F0E8 (0x55555537) lui a0, 349525
x10 <- 0x0000000055555000
mem[X,0x000000008002F0EC] -> 0x0513
mem[X,0x000000008002F0EE] -> 0x5555
[5905] [M]: 0x000000008002F0EC (0x55550513) addi a0, a0, 1365
x10 <- 0x0000000055555555
mem[X,0x000000008002F0F0] -> 0x1513
mem[X,0x000000008002F0F2] -> 0x00B5
[5906] [M]: 0x000000008002F0F0 (0x00B51513) slli a0, a0, 11
x10 <- 0x000002AAAAAAA800
mem[X,0x000000008002F0F4] -> 0x0513
mem[X,0x000000008002F0F6] -> 0x2AA5
[5907] [M]: 0x000000008002F0F4 (0x2AA50513) addi a0, a0, 682
x10 <- 0x000002AAAAAAAAAA
mem[X,0x000000008002F0F8] -> 0x1513
mem[X,0x000000008002F0FA] -> 0x00B5
[5908] [M]: 0x000000008002F0F8 (0x00B51513) slli a0, a0, 11
x10 <- 0x0015555555555000
mem[X,0x000000008002F0FC] -> 0x0513
mem[X,0x000000008002F0FE] -> 0x5555
[5909] [M]: 0x000000008002F0FC (0x55550513) addi a0, a0, 1365
x10 <- 0x0015555555555555
mem[X,0x000000008002F100] -> 0x1513
mem[X,0x000000008002F102] -> 0x00A5
[5910] [M]: 0x000000008002F100 (0x00A51513) slli a0, a0, 10
x10 <- 0x5555555555555400
mem[X,0x000000008002F104] -> 0x0513
mem[X,0x000000008002F106] -> 0x1545
[5911] [M]: 0x000000008002F104 (0x15450513) addi a0, a0, 340
x10 <- 0x5555555555555554
mem[X,0x000000008002F108] -> 0x0593
mem[X,0x000000008002F10A] -> 0x0050
[5912] [M]: 0x000000008002F108 (0x00500593) addi a1, zero, 5
x11 <- 0x0000000000000005
mem[X,0x000000008002F10C] -> 0x0113
mem[X,0x000000008002F10E] -> 0x0000
[5913] [M]: 0x000000008002F10C (0x00000113) addi sp, zero, 0
x2 <- 0x0000000000000000
mem[X,0x000000008002F110] -> 0x006F
mem[X,0x000000008002F112] -> 0x0140
[5914] [M]: 0x000000008002F110 (0x0140006F) jal zero, 20
mem[X,0x000000008002F124] -> 0x48E3
mem[X,0x000000008002F126] -> 0xFEB5
[5915] [M]: 0x000000008002F124 (0xFEB548E3) blt a0, a1, 8176
mem[X,0x000000008002F128] -> 0x0113
mem[X,0x000000008002F12A] -> 0x0021
[5916] [M]: 0x000000008002F128 (0x00210113) addi sp, sp, 2
x2 <- 0x0000000000000002
mem[X,0x000000008002F12C] -> 0x006F
mem[X,0x000000008002F12E] -> 0x00C0
[5917] [M]: 0x000000008002F12C (0x00C0006F) jal zero, 12
mem[X,0x000000008002F138] -> 0xB423
mem[X,0x000000008002F13A] -> 0x3620
[5918] [M]: 0x000000008002F138 (0x3620B423) sd sp, 872(ra)
mem[0x000000008004FD40] <- 0x0000000000000002
mem[X,0x000000008002F13C] -> 0x5537
mem[X,0x000000008002F13E] -> 0x5555
[5919] [M]: 0x000000008002F13C (0x55555537) lui a0, 349525
x10 <- 0x0000000055555000
mem[X,0x000000008002F140] -> 0x0513
mem[X,0x000000008002F142] -> 0x5555
[5920] [M]: 0x000000008002F140 (0x55550513) addi a0, a0, 1365
x10 <- 0x0000000055555555
mem[X,0x000000008002F144] -> 0x1513
mem[X,0x000000008002F146] -> 0x00B5
[5921] [M]: 0x000000008002F144 (0x00B51513) slli a0, a0, 11
x10 <- 0x000002AAAAAAA800
mem[X,0x000000008002F148] -> 0x0513
mem[X,0x000000008002F14A] -> 0x2AA5
[5922] [M]: 0x000000008002F148 (0x2AA50513) addi a0, a0, 682
x10 <- 0x000002AAAAAAAAAA
mem[X,0x000000008002F14C] -> 0x1513
mem[X,0x000000008002F14E] -> 0x00B5
[5923] [M]: 0x000000008002F14C (0x00B51513) slli a0, a0, 11
x10 <- 0x0015555555555000
mem[X,0x000000008002F150] -> 0x0513
mem[X,0x000000008002F152] -> 0x5555
[5924] [M]: 0x000000008002F150 (0x55550513) addi a0, a0, 1365
x10 <- 0x0015555555555555
mem[X,0x000000008002F154] -> 0x1513
mem[X,0x000000008002F156] -> 0x00A5
[5925] [M]: 0x000000008002F154 (0x00A51513) slli a0, a0, 10
x10 <- 0x5555555555555400
mem[X,0x000000008002F158] -> 0x0513
mem[X,0x000000008002F15A] -> 0x1545
[5926] [M]: 0x000000008002F158 (0x15450513) addi a0, a0, 340
x10 <- 0x5555555555555554
mem[X,0x000000008002F15C] -> 0x35B7
mem[X,0x000000008002F15E] -> 0x3333
[5927] [M]: 0x000000008002F15C (0x333335B7) lui a1, 209715
x11 <- 0x0000000033333000
mem[X,0x000000008002F160] -> 0x8593
mem[X,0x000000008002F162] -> 0x3335
[5928] [M]: 0x000000008002F160 (0x33358593) addi a1, a1, 819
x11 <- 0x0000000033333333
mem[X,0x000000008002F164] -> 0x9593
mem[X,0x000000008002F166] -> 0x00B5
[5929] [M]: 0x000000008002F164 (0x00B59593) slli a1, a1, 11
x11 <- 0x0000019999999800
mem[X,0x000000008002F168] -> 0x8593
mem[X,0x000000008002F16A] -> 0x1995
[5930] [M]: 0x000000008002F168 (0x19958593) addi a1, a1, 409
x11 <- 0x0000019999999999
mem[X,0x000000008002F16C] -> 0x9593
mem[X,0x000000008002F16E] -> 0x00B5
[5931] [M]: 0x000000008002F16C (0x00B59593) slli a1, a1, 11
x11 <- 0x000CCCCCCCCCC800
mem[X,0x000000008002F170] -> 0x8593
mem[X,0x000000008002F172] -> 0x4CC5
[5932] [M]: 0x000000008002F170 (0x4CC58593) addi a1, a1, 1228
x11 <- 0x000CCCCCCCCCCCCC
mem[X,0x000000008002F174] -> 0x9593
mem[X,0x000000008002F176] -> 0x00A5
[5933] [M]: 0x000000008002F174 (0x00A59593) slli a1, a1, 10
x11 <- 0x3333333333333000
mem[X,0x000000008002F178] -> 0x8593
mem[X,0x000000008002F17A] -> 0x3335
[5934] [M]: 0x000000008002F178 (0x33358593) addi a1, a1, 819
x11 <- 0x3333333333333333
mem[X,0x000000008002F17C] -> 0x0113
mem[X,0x000000008002F17E] -> 0x0000
[5935] [M]: 0x000000008002F17C (0x00000113) addi sp, zero, 0
x2 <- 0x0000000000000000
mem[X,0x000000008002F180] -> 0x006F
mem[X,0x000000008002F182] -> 0x2B10
[5936] [M]: 0x000000008002F180 (0x2B10006F) jal zero, 2736
mem[X,0x000000008002FC30] -> 0x4A63
mem[X,0x000000008002FC32] -> 0xD4B5
[5937] [M]: 0x000000008002FC30 (0xD4B54A63) blt a0, a1, 5460
mem[X,0x000000008002FC34] -> 0x0113
mem[X,0x000000008002FC36] -> 0x0021
[5938] [M]: 0x000000008002FC34 (0x00210113) addi sp, sp, 2
x2 <- 0x0000000000000002
mem[X,0x000000008002FC38] -> 0x006F
mem[X,0x000000008002FC3A] -> 0x00C0
[5939] [M]: 0x000000008002FC38 (0x00C0006F) jal zero, 12
mem[X,0x000000008002FC44] -> 0xB823
mem[X,0x000000008002FC46] -> 0x3620
[5940] [M]: 0x000000008002FC44 (0x3620B823) sd sp, 880(ra)
mem[0x000000008004FD48] <- 0x0000000000000002
mem[X,0x000000008002FC48] -> 0x5537
mem[X,0x000000008002FC4A] -> 0x5555
[5941] [M]: 0x000000008002FC48 (0x55555537) lui a0, 349525
x10 <- 0x0000000055555000
mem[X,0x000000008002FC4C] -> 0x0513
mem[X,0x000000008002FC4E] -> 0x5555
[5942] [M]: 0x000000008002FC4C (0x55550513) addi a0, a0, 1365
x10 <- 0x0000000055555555
mem[X,0x000000008002FC50] -> 0x1513
mem[X,0x000000008002FC52] -> 0x00B5
[5943] [M]: 0x000000008002FC50 (0x00B51513) slli a0, a0, 11
x10 <- 0x000002AAAAAAA800
mem[X,0x000000008002FC54] -> 0x0513
mem[X,0x000000008002FC56] -> 0x2AA5
[5944] [M]: 0x000000008002FC54 (0x2AA50513) addi a0, a0, 682
x10 <- 0x000002AAAAAAAAAA
mem[X,0x000000008002FC58] -> 0x1513
mem[X,0x000000008002FC5A] -> 0x00B5
[5945] [M]: 0x000000008002FC58 (0x00B51513) slli a0, a0, 11
x10 <- 0x0015555555555000
mem[X,0x000000008002FC5C] -> 0x0513
mem[X,0x000000008002FC5E] -> 0x5555
[5946] [M]: 0x000000008002FC5C (0x55550513) addi a0, a0, 1365
x10 <- 0x0015555555555555
mem[X,0x000000008002FC60] -> 0x1513
mem[X,0x000000008002FC62] -> 0x00A5
[5947] [M]: 0x000000008002FC60 (0x00A51513) slli a0, a0, 10
x10 <- 0x5555555555555400
mem[X,0x000000008002FC64] -> 0x0513
mem[X,0x000000008002FC66] -> 0x1545
[5948] [M]: 0x000000008002FC64 (0x15450513) addi a0, a0, 340
x10 <- 0x5555555555555554
mem[X,0x000000008002FC68] -> 0x65B7
mem[X,0x000000008002FC6A] -> 0x6666
[5949] [M]: 0x000000008002FC68 (0x666665B7) lui a1, 419430
x11 <- 0x0000000066666000
mem[X,0x000000008002FC6C] -> 0x8593
mem[X,0x000000008002FC6E] -> 0x6665
[5950] [M]: 0x000000008002FC6C (0x66658593) addi a1, a1, 1638
x11 <- 0x0000000066666666
mem[X,0x000000008002FC70] -> 0x9593
mem[X,0x000000008002FC72] -> 0x00B5
[5951] [M]: 0x000000008002FC70 (0x00B59593) slli a1, a1, 11
x11 <- 0x0000033333333000
mem[X,0x000000008002FC74] -> 0x8593
mem[X,0x000000008002FC76] -> 0x3335
[5952] [M]: 0x000000008002FC74 (0x33358593) addi a1, a1, 819
x11 <- 0x0000033333333333
mem[X,0x000000008002FC78] -> 0x9593
mem[X,0x000000008002FC7A] -> 0x00B5
[5953] [M]: 0x000000008002FC78 (0x00B59593) slli a1, a1, 11
x11 <- 0x0019999999999800
mem[X,0x000000008002FC7C] -> 0x8593
mem[X,0x000000008002FC7E] -> 0x1995
[5954] [M]: 0x000000008002FC7C (0x19958593) addi a1, a1, 409
x11 <- 0x0019999999999999
mem[X,0x000000008002FC80] -> 0x9593
mem[X,0x000000008002FC82] -> 0x00A5
[5955] [M]: 0x000000008002FC80 (0x00A59593) slli a1, a1, 10
x11 <- 0x6666666666666400
mem[X,0x000000008002FC84] -> 0x8593
mem[X,0x000000008002FC86] -> 0x2665
[5956] [M]: 0x000000008002FC84 (0x26658593) addi a1, a1, 614
x11 <- 0x6666666666666666
mem[X,0x000000008002FC88] -> 0x0113
mem[X,0x000000008002FC8A] -> 0x0000
[5957] [M]: 0x000000008002FC88 (0x00000113) addi sp, zero, 0
x2 <- 0x0000000000000000
mem[X,0x000000008002FC8C] -> 0x006F
mem[X,0x000000008002FC8E] -> 0x00C0
[5958] [M]: 0x000000008002FC8C (0x00C0006F) jal zero, 12
mem[X,0x000000008002FC98] -> 0x4663
mem[X,0x000000008002FC9A] -> 0x00B5
[5959] [M]: 0x000000008002FC98 (0x00B54663) blt a0, a1, 12
mem[X,0x000000008002FCA4] -> 0x0113
mem[X,0x000000008002FCA6] -> 0x0031
[5960] [M]: 0x000000008002FCA4 (0x00310113) addi sp, sp, 3
x2 <- 0x0000000000000003
mem[X,0x000000008002FCA8] -> 0x006F
mem[X,0x000000008002FCAA] -> 0x0040
[5961] [M]: 0x000000008002FCA8 (0x0040006F) jal zero, 4
mem[X,0x000000008002FCAC] -> 0xBC23
mem[X,0x000000008002FCAE] -> 0x3620
[5962] [M]: 0x000000008002FCAC (0x3620BC23) sd sp, 888(ra)
mem[0x000000008004FD50] <- 0x0000000000000003
mem[X,0x000000008002FCB0] -> 0x5537
mem[X,0x000000008002FCB2] -> 0x5555
[5963] [M]: 0x000000008002FCB0 (0x55555537) lui a0, 349525
x10 <- 0x0000000055555000
mem[X,0x000000008002FCB4] -> 0x0513
mem[X,0x000000008002FCB6] -> 0x5555
[5964] [M]: 0x000000008002FCB4 (0x55550513) addi a0, a0, 1365
x10 <- 0x0000000055555555
mem[X,0x000000008002FCB8] -> 0x1513
mem[X,0x000000008002FCBA] -> 0x00B5
[5965] [M]: 0x000000008002FCB8 (0x00B51513) slli a0, a0, 11
x10 <- 0x000002AAAAAAA800
mem[X,0x000000008002FCBC] -> 0x0513
mem[X,0x000000008002FCBE] -> 0x2AA5
[5966] [M]: 0x000000008002FCBC (0x2AA50513) addi a0, a0, 682
x10 <- 0x000002AAAAAAAAAA
mem[X,0x000000008002FCC0] -> 0x1513
mem[X,0x000000008002FCC2] -> 0x00B5
[5967] [M]: 0x000000008002FCC0 (0x00B51513) slli a0, a0, 11
x10 <- 0x0015555555555000
mem[X,0x000000008002FCC4] -> 0x0513
mem[X,0x000000008002FCC6] -> 0x5555
[5968] [M]: 0x000000008002FCC4 (0x55550513) addi a0, a0, 1365
x10 <- 0x0015555555555555
mem[X,0x000000008002FCC8] -> 0x1513
mem[X,0x000000008002FCCA] -> 0x00A5
[5969] [M]: 0x000000008002FCC8 (0x00A51513) slli a0, a0, 10
x10 <- 0x5555555555555400
mem[X,0x000000008002FCCC] -> 0x0513
mem[X,0x000000008002FCCE] -> 0x1545
[5970] [M]: 0x000000008002FCCC (0x15450513) addi a0, a0, 340
x10 <- 0x5555555555555554
mem[X,0x000000008002FCD0] -> 0x05B7
mem[X,0x000000008002FCD2] -> 0x0000
[5971] [M]: 0x000000008002FCD0 (0x000005B7) lui a1, 0
x11 <- 0x0000000000000000
mem[X,0x000000008002FCD4] -> 0x8593
mem[X,0x000000008002FCD6] -> 0xFFF5
[5972] [M]: 0x000000008002FCD4 (0xFFF58593) addi a1, a1, 4095
x11 <- 0xFFFFFFFFFFFFFFFF
mem[X,0x000000008002FCD8] -> 0x9593
mem[X,0x000000008002FCDA] -> 0x00B5
[5973] [M]: 0x000000008002FCD8 (0x00B59593) slli a1, a1, 11
x11 <- 0xFFFFFFFFFFFFF800
mem[X,0x000000008002FCDC] -> 0x8593
mem[X,0x000000008002FCDE] -> 0x2575
[5974] [M]: 0x000000008002FCDC (0x25758593) addi a1, a1, 599
x11 <- 0xFFFFFFFFFFFFFA57
mem[X,0x000000008002FCE0] -> 0x9593
mem[X,0x000000008002FCE2] -> 0x00B5
[5975] [M]: 0x000000008002FCE0 (0x00B59593) slli a1, a1, 11
x11 <- 0xFFFFFFFFFFD2B800
mem[X,0x000000008002FCE4] -> 0x8593
mem[X,0x000000008002FCE6] -> 0x6C35
[5976] [M]: 0x000000008002FCE4 (0x6C358593) addi a1, a1, 1731
x11 <- 0xFFFFFFFFFFD2BEC3
mem[X,0x000000008002FCE8] -> 0x9593
mem[X,0x000000008002FCEA] -> 0x00A5
[5977] [M]: 0x000000008002FCE8 (0x00A59593) slli a1, a1, 10
x11 <- 0xFFFFFFFF4AFB0C00
mem[X,0x000000008002FCEC] -> 0x8593
mem[X,0x000000008002FCEE] -> 0x0CD5
[5978] [M]: 0x000000008002FCEC (0x0CD58593) addi a1, a1, 205
x11 <- 0xFFFFFFFF4AFB0CCD
mem[X,0x000000008002FCF0] -> 0x0113
mem[X,0x000000008002FCF2] -> 0x0000
[5979] [M]: 0x000000008002FCF0 (0x00000113) addi sp, zero, 0
x2 <- 0x0000000000000000
mem[X,0x000000008002FCF4] -> 0x006F
mem[X,0x000000008002FCF6] -> 0x2B10
[5980] [M]: 0x000000008002FCF4 (0x2B10006F) jal zero, 2736
mem[X,0x00000000800307A4] -> 0x4A63
mem[X,0x00000000800307A6] -> 0xD4B5
[5981] [M]: 0x00000000800307A4 (0xD4B54A63) blt a0, a1, 5460
mem[X,0x00000000800307A8] -> 0x0113
mem[X,0x00000000800307AA] -> 0x0021
[5982] [M]: 0x00000000800307A8 (0x00210113) addi sp, sp, 2
x2 <- 0x0000000000000002
mem[X,0x00000000800307AC] -> 0x006F
mem[X,0x00000000800307AE] -> 0x00C0
[5983] [M]: 0x00000000800307AC (0x00C0006F) jal zero, 12
mem[X,0x00000000800307B8] -> 0xB023
mem[X,0x00000000800307BA] -> 0x3820
[5984] [M]: 0x00000000800307B8 (0x3820B023) sd sp, 896(ra)
mem[0x000000008004FD58] <- 0x0000000000000002
mem[X,0x00000000800307BC] -> 0x5537
mem[X,0x00000000800307BE] -> 0x5555
[5985] [M]: 0x00000000800307BC (0x55555537) lui a0, 349525
x10 <- 0x0000000055555000
mem[X,0x00000000800307C0] -> 0x0513
mem[X,0x00000000800307C2] -> 0x5555
[5986] [M]: 0x00000000800307C0 (0x55550513) addi a0, a0, 1365
x10 <- 0x0000000055555555
mem[X,0x00000000800307C4] -> 0x1513
mem[X,0x00000000800307C6] -> 0x00B5
[5987] [M]: 0x00000000800307C4 (0x00B51513) slli a0, a0, 11
x10 <- 0x000002AAAAAAA800
mem[X,0x00000000800307C8] -> 0x0513
mem[X,0x00000000800307CA] -> 0x2AA5
[5988] [M]: 0x00000000800307C8 (0x2AA50513) addi a0, a0, 682
x10 <- 0x000002AAAAAAAAAA
mem[X,0x00000000800307CC] -> 0x1513
mem[X,0x00000000800307CE] -> 0x00B5
[5989] [M]: 0x00000000800307CC (0x00B51513) slli a0, a0, 11
x10 <- 0x0015555555555000
mem[X,0x00000000800307D0] -> 0x0513
mem[X,0x00000000800307D2] -> 0x5555
[5990] [M]: 0x00000000800307D0 (0x55550513) addi a0, a0, 1365
x10 <- 0x0015555555555555
mem[X,0x00000000800307D4] -> 0x1513
mem[X,0x00000000800307D6] -> 0x00A5
[5991] [M]: 0x00000000800307D4 (0x00A51513) slli a0, a0, 10
x10 <- 0x5555555555555400
mem[X,0x00000000800307D8] -> 0x0513
mem[X,0x00000000800307DA] -> 0x1545
[5992] [M]: 0x00000000800307D8 (0x15450513) addi a0, a0, 340
x10 <- 0x5555555555555554
mem[X,0x00000000800307DC] -> 0x05B7
mem[X,0x00000000800307DE] -> 0x0000
[5993] [M]: 0x00000000800307DC (0x000005B7) lui a1, 0
x11 <- 0x0000000000000000
mem[X,0x00000000800307E0] -> 0x8593
mem[X,0x00000000800307E2] -> 0x0005
[5994] [M]: 0x00000000800307E0 (0x00058593) addi a1, a1, 0
x11 <- 0x0000000000000000
mem[X,0x00000000800307E4] -> 0x9593
mem[X,0x00000000800307E6] -> 0x00B5
[5995] [M]: 0x00000000800307E4 (0x00B59593) slli a1, a1, 11
x11 <- 0x0000000000000000
mem[X,0x00000000800307E8] -> 0x8593
mem[X,0x00000000800307EA] -> 0x5A85
[5996] [M]: 0x00000000800307E8 (0x5A858593) addi a1, a1, 1448
x11 <- 0x00000000000005A8
mem[X,0x00000000800307EC] -> 0x9593
mem[X,0x00000000800307EE] -> 0x00B5
[5997] [M]: 0x00000000800307EC (0x00B59593) slli a1, a1, 11
x11 <- 0x00000000002D4000
mem[X,0x00000000800307F0] -> 0x8593
mem[X,0x00000000800307F2] -> 0x13C5
[5998] [M]: 0x00000000800307F0 (0x13C58593) addi a1, a1, 316
x11 <- 0x00000000002D413C
mem[X,0x00000000800307F4] -> 0x9593
mem[X,0x00000000800307F6] -> 0x00A5
[5999] [M]: 0x00000000800307F4 (0x00A59593) slli a1, a1, 10
x11 <- 0x00000000B504F000
clint::tick mtime <- 0x000000000000003C
 clint timer pending at mtime 0x000000000000003C
htif::tick 0x0000000000000000
mem[X,0x00000000800307F8] -> 0x8593
mem[X,0x00000000800307FA] -> 0x3335
[6000] [M]: 0x00000000800307F8 (0x33358593) addi a1, a1, 819
x11 <- 0x00000000B504F333
mem[X,0x00000000800307FC] -> 0x0113
mem[X,0x00000000800307FE] -> 0x0000
[6001] [M]: 0x00000000800307FC (0x00000113) addi sp, zero, 0
x2 <- 0x0000000000000000
mem[X,0x0000000080030800] -> 0x006F
mem[X,0x0000000080030802] -> 0x00C0
[6002] [M]: 0x0000000080030800 (0x00C0006F) jal zero, 12
mem[X,0x000000008003080C] -> 0x4663
mem[X,0x000000008003080E] -> 0x00B5
[6003] [M]: 0x000000008003080C (0x00B54663) blt a0, a1, 12
mem[X,0x0000000080030810] -> 0x0113
mem[X,0x0000000080030812] -> 0x0021
[6004] [M]: 0x0000000080030810 (0x00210113) addi sp, sp, 2
x2 <- 0x0000000000000002
mem[X,0x0000000080030814] -> 0x006F
mem[X,0x0000000080030816] -> 0x00C0
[6005] [M]: 0x0000000080030814 (0x00C0006F) jal zero, 12
mem[X,0x0000000080030820] -> 0xB423
mem[X,0x0000000080030822] -> 0x3820
[6006] [M]: 0x0000000080030820 (0x3820B423) sd sp, 904(ra)
mem[0x000000008004FD60] <- 0x0000000000000002
mem[X,0x0000000080030824] -> 0x5537
mem[X,0x0000000080030826] -> 0x5555
[6007] [M]: 0x0000000080030824 (0x55555537) lui a0, 349525
x10 <- 0x0000000055555000
mem[X,0x0000000080030828] -> 0x0513
mem[X,0x000000008003082A] -> 0x5555
[6008] [M]: 0x0000000080030828 (0x55550513) addi a0, a0, 1365
x10 <- 0x0000000055555555
mem[X,0x000000008003082C] -> 0x1513
mem[X,0x000000008003082E] -> 0x00B5
[6009] [M]: 0x000000008003082C (0x00B51513) slli a0, a0, 11
x10 <- 0x000002AAAAAAA800
mem[X,0x0000000080030830] -> 0x0513
mem[X,0x0000000080030832] -> 0x2AA5
[6010] [M]: 0x0000000080030830 (0x2AA50513) addi a0, a0, 682
x10 <- 0x000002AAAAAAAAAA
mem[X,0x0000000080030834] -> 0x1513
mem[X,0x0000000080030836] -> 0x00B5
[6011] [M]: 0x0000000080030834 (0x00B51513) slli a0, a0, 11
x10 <- 0x0015555555555000
mem[X,0x0000000080030838] -> 0x0513
mem[X,0x000000008003083A] -> 0x5555
[6012] [M]: 0x0000000080030838 (0x55550513) addi a0, a0, 1365
x10 <- 0x0015555555555555
mem[X,0x000000008003083C] -> 0x1513
mem[X,0x000000008003083E] -> 0x00A5
[6013] [M]: 0x000000008003083C (0x00A51513) slli a0, a0, 10
x10 <- 0x5555555555555400
mem[X,0x0000000080030840] -> 0x0513
mem[X,0x0000000080030842] -> 0x1545
[6014] [M]: 0x0000000080030840 (0x15450513) addi a0, a0, 340
x10 <- 0x5555555555555554
mem[X,0x0000000080030844] -> 0x0593
mem[X,0x0000000080030846] -> 0x0020
[6015] [M]: 0x0000000080030844 (0x00200593) addi a1, zero, 2
x11 <- 0x0000000000000002
mem[X,0x0000000080030848] -> 0x0113
mem[X,0x000000008003084A] -> 0x0000
[6016] [M]: 0x0000000080030848 (0x00000113) addi sp, zero, 0
x2 <- 0x0000000000000000
mem[X,0x000000008003084C] -> 0x006F
mem[X,0x000000008003084E] -> 0x00C0
[6017] [M]: 0x000000008003084C (0x00C0006F) jal zero, 12
mem[X,0x0000000080030858] -> 0x4663
mem[X,0x000000008003085A] -> 0x00B5
[6018] [M]: 0x0000000080030858 (0x00B54663) blt a0, a1, 12
mem[X,0x000000008003085C] -> 0x0113
mem[X,0x000000008003085E] -> 0x0021
[6019] [M]: 0x000000008003085C (0x00210113) addi sp, sp, 2
x2 <- 0x0000000000000002
mem[X,0x0000000080030860] -> 0x006F
mem[X,0x0000000080030862] -> 0x00C0
[6020] [M]: 0x0000000080030860 (0x00C0006F) jal zero, 12
mem[X,0x000000008003086C] -> 0xB823
mem[X,0x000000008003086E] -> 0x3820
[6021] [M]: 0x000000008003086C (0x3820B823) sd sp, 912(ra)
mem[0x000000008004FD68] <- 0x0000000000000002
mem[X,0x0000000080030870] -> 0x5537
mem[X,0x0000000080030872] -> 0x5555
[6022] [M]: 0x0000000080030870 (0x55555537) lui a0, 349525
x10 <- 0x0000000055555000
mem[X,0x0000000080030874] -> 0x0513
mem[X,0x0000000080030876] -> 0x5555
[6023] [M]: 0x0000000080030874 (0x55550513) addi a0, a0, 1365
x10 <- 0x0000000055555555
mem[X,0x0000000080030878] -> 0x1513
mem[X,0x000000008003087A] -> 0x00B5
[6024] [M]: 0x0000000080030878 (0x00B51513) slli a0, a0, 11
x10 <- 0x000002AAAAAAA800
mem[X,0x000000008003087C] -> 0x0513
mem[X,0x000000008003087E] -> 0x2AA5
[6025] [M]: 0x000000008003087C (0x2AA50513) addi a0, a0, 682
x10 <- 0x000002AAAAAAAAAA
mem[X,0x0000000080030880] -> 0x1513
mem[X,0x0000000080030882] -> 0x00B5
[6026] [M]: 0x0000000080030880 (0x00B51513) slli a0, a0, 11
x10 <- 0x0015555555555000
mem[X,0x0000000080030884] -> 0x0513
mem[X,0x0000000080030886] -> 0x5555
[6027] [M]: 0x0000000080030884 (0x55550513) addi a0, a0, 1365
x10 <- 0x0015555555555555
mem[X,0x0000000080030888] -> 0x1513
mem[X,0x000000008003088A] -> 0x00A5
[6028] [M]: 0x0000000080030888 (0x00A51513) slli a0, a0, 10
x10 <- 0x5555555555555400
mem[X,0x000000008003088C] -> 0x0513
mem[X,0x000000008003088E] -> 0x1545
[6029] [M]: 0x000000008003088C (0x15450513) addi a0, a0, 340
x10 <- 0x5555555555555554
mem[X,0x0000000080030890] -> 0x55B7
mem[X,0x0000000080030892] -> 0x5555
[6030] [M]: 0x0000000080030890 (0x555555B7) lui a1, 349525
x11 <- 0x0000000055555000
mem[X,0x0000000080030894] -> 0x8593
mem[X,0x0000000080030896] -> 0x5555
[6031] [M]: 0x0000000080030894 (0x55558593) addi a1, a1, 1365
x11 <- 0x0000000055555555
mem[X,0x0000000080030898] -> 0x9593
mem[X,0x000000008003089A] -> 0x00B5
[6032] [M]: 0x0000000080030898 (0x00B59593) slli a1, a1, 11
x11 <- 0x000002AAAAAAA800
mem[X,0x000000008003089C] -> 0x8593
mem[X,0x000000008003089E] -> 0x2AA5
[6033] [M]: 0x000000008003089C (0x2AA58593) addi a1, a1, 682
x11 <- 0x000002AAAAAAAAAA
mem[X,0x00000000800308A0] -> 0x9593
mem[X,0x00000000800308A2] -> 0x00B5
[6034] [M]: 0x00000000800308A0 (0x00B59593) slli a1, a1, 11
x11 <- 0x0015555555555000
mem[X,0x00000000800308A4] -> 0x8593
mem[X,0x00000000800308A6] -> 0x5555
[6035] [M]: 0x00000000800308A4 (0x55558593) addi a1, a1, 1365
x11 <- 0x0015555555555555
mem[X,0x00000000800308A8] -> 0x9593
mem[X,0x00000000800308AA] -> 0x00A5
[6036] [M]: 0x00000000800308A8 (0x00A59593) slli a1, a1, 10
x11 <- 0x5555555555555400
mem[X,0x00000000800308AC] -> 0x8593
mem[X,0x00000000800308AE] -> 0x1545
[6037] [M]: 0x00000000800308AC (0x15458593) addi a1, a1, 340
x11 <- 0x5555555555555554
mem[X,0x00000000800308B0] -> 0x0113
mem[X,0x00000000800308B2] -> 0x0000
[6038] [M]: 0x00000000800308B0 (0x00000113) addi sp, zero, 0
x2 <- 0x0000000000000000
mem[X,0x00000000800308B4] -> 0x006F
mem[X,0x00000000800308B6] -> 0x00C0
[6039] [M]: 0x00000000800308B4 (0x00C0006F) jal zero, 12
mem[X,0x00000000800308C0] -> 0x4663
mem[X,0x00000000800308C2] -> 0x00B5
[6040] [M]: 0x00000000800308C0 (0x00B54663) blt a0, a1, 12
mem[X,0x00000000800308C4] -> 0x0113
mem[X,0x00000000800308C6] -> 0x0021
[6041] [M]: 0x00000000800308C4 (0x00210113) addi sp, sp, 2
x2 <- 0x0000000000000002
mem[X,0x00000000800308C8] -> 0x006F
mem[X,0x00000000800308CA] -> 0x00C0
[6042] [M]: 0x00000000800308C8 (0x00C0006F) jal zero, 12
mem[X,0x00000000800308D4] -> 0xBC23
mem[X,0x00000000800308D6] -> 0x3820
[6043] [M]: 0x00000000800308D4 (0x3820BC23) sd sp, 920(ra)
mem[0x000000008004FD70] <- 0x0000000000000002
mem[X,0x00000000800308D8] -> 0x5537
mem[X,0x00000000800308DA] -> 0x5555
[6044] [M]: 0x00000000800308D8 (0x55555537) lui a0, 349525
x10 <- 0x0000000055555000
mem[X,0x00000000800308DC] -> 0x0513
mem[X,0x00000000800308DE] -> 0x5555
[6045] [M]: 0x00000000800308DC (0x55550513) addi a0, a0, 1365
x10 <- 0x0000000055555555
mem[X,0x00000000800308E0] -> 0x1513
mem[X,0x00000000800308E2] -> 0x00B5
[6046] [M]: 0x00000000800308E0 (0x00B51513) slli a0, a0, 11
x10 <- 0x000002AAAAAAA800
mem[X,0x00000000800308E4] -> 0x0513
mem[X,0x00000000800308E6] -> 0x2AA5
[6047] [M]: 0x00000000800308E4 (0x2AA50513) addi a0, a0, 682
x10 <- 0x000002AAAAAAAAAA
mem[X,0x00000000800308E8] -> 0x1513
mem[X,0x00000000800308EA] -> 0x00B5
[6048] [M]: 0x00000000800308E8 (0x00B51513) slli a0, a0, 11
x10 <- 0x0015555555555000
mem[X,0x00000000800308EC] -> 0x0513
mem[X,0x00000000800308EE] -> 0x5555
[6049] [M]: 0x00000000800308EC (0x55550513) addi a0, a0, 1365
x10 <- 0x0015555555555555
mem[X,0x00000000800308F0] -> 0x1513
mem[X,0x00000000800308F2] -> 0x00A5
[6050] [M]: 0x00000000800308F0 (0x00A51513) slli a0, a0, 10
x10 <- 0x5555555555555400
mem[X,0x00000000800308F4] -> 0x0513
mem[X,0x00000000800308F6] -> 0x1545
[6051] [M]: 0x00000000800308F4 (0x15450513) addi a0, a0, 340
x10 <- 0x5555555555555554
mem[X,0x00000000800308F8] -> 0x0593
mem[X,0x00000000800308FA] -> 0x0000
[6052] [M]: 0x00000000800308F8 (0x00000593) addi a1, zero, 0
x11 <- 0x0000000000000000
mem[X,0x00000000800308FC] -> 0x0113
mem[X,0x00000000800308FE] -> 0x0000
[6053] [M]: 0x00000000800308FC (0x00000113) addi sp, zero, 0
x2 <- 0x0000000000000000
mem[X,0x0000000080030900] -> 0x006F
mem[X,0x0000000080030902] -> 0x00C0
[6054] [M]: 0x0000000080030900 (0x00C0006F) jal zero, 12
mem[X,0x000000008003090C] -> 0x4063
mem[X,0x000000008003090E] -> 0x10B5
[6055] [M]: 0x000000008003090C (0x10B54063) blt a0, a1, 256
mem[X,0x0000000080030910] -> 0x0113
mem[X,0x0000000080030912] -> 0x0021
[6056] [M]: 0x0000000080030910 (0x00210113) addi sp, sp, 2
x2 <- 0x0000000000000002
mem[X,0x0000000080030914] -> 0x006F
mem[X,0x0000000080030916] -> 0x1000
[6057] [M]: 0x0000000080030914 (0x1000006F) jal zero, 256
mem[X,0x0000000080030A14] -> 0xB023
mem[X,0x0000000080030A16] -> 0x3A20
[6058] [M]: 0x0000000080030A14 (0x3A20B023) sd sp, 928(ra)
mem[0x000000008004FD78] <- 0x0000000000000002
mem[X,0x0000000080030A18] -> 0x5537
mem[X,0x0000000080030A1A] -> 0x5555
[6059] [M]: 0x0000000080030A18 (0x55555537) lui a0, 349525
x10 <- 0x0000000055555000
mem[X,0x0000000080030A1C] -> 0x0513
mem[X,0x0000000080030A1E] -> 0x5555
[6060] [M]: 0x0000000080030A1C (0x55550513) addi a0, a0, 1365
x10 <- 0x0000000055555555
mem[X,0x0000000080030A20] -> 0x1513
mem[X,0x0000000080030A22] -> 0x00B5
[6061] [M]: 0x0000000080030A20 (0x00B51513) slli a0, a0, 11
x10 <- 0x000002AAAAAAA800
mem[X,0x0000000080030A24] -> 0x0513
mem[X,0x0000000080030A26] -> 0x2AA5
[6062] [M]: 0x0000000080030A24 (0x2AA50513) addi a0, a0, 682
x10 <- 0x000002AAAAAAAAAA
mem[X,0x0000000080030A28] -> 0x1513
mem[X,0x0000000080030A2A] -> 0x00B5
[6063] [M]: 0x0000000080030A28 (0x00B51513) slli a0, a0, 11
x10 <- 0x0015555555555000
mem[X,0x0000000080030A2C] -> 0x0513
mem[X,0x0000000080030A2E] -> 0x5555
[6064] [M]: 0x0000000080030A2C (0x55550513) addi a0, a0, 1365
x10 <- 0x0015555555555555
mem[X,0x0000000080030A30] -> 0x1513
mem[X,0x0000000080030A32] -> 0x00A5
[6065] [M]: 0x0000000080030A30 (0x00A51513) slli a0, a0, 10
x10 <- 0x5555555555555400
mem[X,0x0000000080030A34] -> 0x0513
mem[X,0x0000000080030A36] -> 0x1545
[6066] [M]: 0x0000000080030A34 (0x15450513) addi a0, a0, 340
x10 <- 0x5555555555555554
mem[X,0x0000000080030A38] -> 0x0593
mem[X,0x0000000080030A3A] -> 0x0040
[6067] [M]: 0x0000000080030A38 (0x00400593) addi a1, zero, 4
x11 <- 0x0000000000000004
mem[X,0x0000000080030A3C] -> 0x0113
mem[X,0x0000000080030A3E] -> 0x0000
[6068] [M]: 0x0000000080030A3C (0x00000113) addi sp, zero, 0
x2 <- 0x0000000000000000
mem[X,0x0000000080030A40] -> 0x006F
mem[X,0x0000000080030A42] -> 0x0180
[6069] [M]: 0x0000000080030A40 (0x0180006F) jal zero, 24
mem[X,0x0000000080030A58] -> 0x46E3
mem[X,0x0000000080030A5A] -> 0xFEB5
[6070] [M]: 0x0000000080030A58 (0xFEB546E3) blt a0, a1, 8172
mem[X,0x0000000080030A5C] -> 0x0113
mem[X,0x0000000080030A5E] -> 0x0021
[6071] [M]: 0x0000000080030A5C (0x00210113) addi sp, sp, 2
x2 <- 0x0000000000000002
mem[X,0x0000000080030A60] -> 0x006F
mem[X,0x0000000080030A62] -> 0x00C0
[6072] [M]: 0x0000000080030A60 (0x00C0006F) jal zero, 12
mem[X,0x0000000080030A6C] -> 0xB423
mem[X,0x0000000080030A6E] -> 0x3A20
[6073] [M]: 0x0000000080030A6C (0x3A20B423) sd sp, 936(ra)
mem[0x000000008004FD80] <- 0x0000000000000002
mem[X,0x0000000080030A70] -> 0x5537
mem[X,0x0000000080030A72] -> 0x5555
[6074] [M]: 0x0000000080030A70 (0x55555537) lui a0, 349525
x10 <- 0x0000000055555000
mem[X,0x0000000080030A74] -> 0x0513
mem[X,0x0000000080030A76] -> 0x5555
[6075] [M]: 0x0000000080030A74 (0x55550513) addi a0, a0, 1365
x10 <- 0x0000000055555555
mem[X,0x0000000080030A78] -> 0x1513
mem[X,0x0000000080030A7A] -> 0x00B5
[6076] [M]: 0x0000000080030A78 (0x00B51513) slli a0, a0, 11
x10 <- 0x000002AAAAAAA800
mem[X,0x0000000080030A7C] -> 0x0513
mem[X,0x0000000080030A7E] -> 0x2AA5
[6077] [M]: 0x0000000080030A7C (0x2AA50513) addi a0, a0, 682
x10 <- 0x000002AAAAAAAAAA
mem[X,0x0000000080030A80] -> 0x1513
mem[X,0x0000000080030A82] -> 0x00B5
[6078] [M]: 0x0000000080030A80 (0x00B51513) slli a0, a0, 11
x10 <- 0x0015555555555000
mem[X,0x0000000080030A84] -> 0x0513
mem[X,0x0000000080030A86] -> 0x5555
[6079] [M]: 0x0000000080030A84 (0x55550513) addi a0, a0, 1365
x10 <- 0x0015555555555555
mem[X,0x0000000080030A88] -> 0x1513
mem[X,0x0000000080030A8A] -> 0x00A5
[6080] [M]: 0x0000000080030A88 (0x00A51513) slli a0, a0, 10
x10 <- 0x5555555555555400
mem[X,0x0000000080030A8C] -> 0x0513
mem[X,0x0000000080030A8E] -> 0x1545
[6081] [M]: 0x0000000080030A8C (0x15450513) addi a0, a0, 340
x10 <- 0x5555555555555554
mem[X,0x0000000080030A90] -> 0x35B7
mem[X,0x0000000080030A92] -> 0x3333
[6082] [M]: 0x0000000080030A90 (0x333335B7) lui a1, 209715
x11 <- 0x0000000033333000
mem[X,0x0000000080030A94] -> 0x8593
mem[X,0x0000000080030A96] -> 0x3335
[6083] [M]: 0x0000000080030A94 (0x33358593) addi a1, a1, 819
x11 <- 0x0000000033333333
mem[X,0x0000000080030A98] -> 0x9593
mem[X,0x0000000080030A9A] -> 0x00B5
[6084] [M]: 0x0000000080030A98 (0x00B59593) slli a1, a1, 11
x11 <- 0x0000019999999800
mem[X,0x0000000080030A9C] -> 0x8593
mem[X,0x0000000080030A9E] -> 0x1995
[6085] [M]: 0x0000000080030A9C (0x19958593) addi a1, a1, 409
x11 <- 0x0000019999999999
mem[X,0x0000000080030AA0] -> 0x9593
mem[X,0x0000000080030AA2] -> 0x00B5
[6086] [M]: 0x0000000080030AA0 (0x00B59593) slli a1, a1, 11
x11 <- 0x000CCCCCCCCCC800
mem[X,0x0000000080030AA4] -> 0x8593
mem[X,0x0000000080030AA6] -> 0x4CC5
[6087] [M]: 0x0000000080030AA4 (0x4CC58593) addi a1, a1, 1228
x11 <- 0x000CCCCCCCCCCCCC
mem[X,0x0000000080030AA8] -> 0x9593
mem[X,0x0000000080030AAA] -> 0x00A5
[6088] [M]: 0x0000000080030AA8 (0x00A59593) slli a1, a1, 10
x11 <- 0x3333333333333000
mem[X,0x0000000080030AAC] -> 0x8593
mem[X,0x0000000080030AAE] -> 0x3325
[6089] [M]: 0x0000000080030AAC (0x33258593) addi a1, a1, 818
x11 <- 0x3333333333333332
mem[X,0x0000000080030AB0] -> 0x0113
mem[X,0x0000000080030AB2] -> 0x0000
[6090] [M]: 0x0000000080030AB0 (0x00000113) addi sp, zero, 0
x2 <- 0x0000000000000000
mem[X,0x0000000080030AB4] -> 0x006F
mem[X,0x0000000080030AB6] -> 0x00C0
[6091] [M]: 0x0000000080030AB4 (0x00C0006F) jal zero, 12
mem[X,0x0000000080030AC0] -> 0x4CE3
mem[X,0x0000000080030AC2] -> 0xFEB5
[6092] [M]: 0x0000000080030AC0 (0xFEB54CE3) blt a0, a1, 8184
mem[X,0x0000000080030AC4] -> 0x0113
mem[X,0x0000000080030AC6] -> 0x0021
[6093] [M]: 0x0000000080030AC4 (0x00210113) addi sp, sp, 2
x2 <- 0x0000000000000002
mem[X,0x0000000080030AC8] -> 0x006F
mem[X,0x0000000080030ACA] -> 0x00C0
[6094] [M]: 0x0000000080030AC8 (0x00C0006F) jal zero, 12
mem[X,0x0000000080030AD4] -> 0xB823
mem[X,0x0000000080030AD6] -> 0x3A20
[6095] [M]: 0x0000000080030AD4 (0x3A20B823) sd sp, 944(ra)
mem[0x000000008004FD88] <- 0x0000000000000002
mem[X,0x0000000080030AD8] -> 0x5537
mem[X,0x0000000080030ADA] -> 0x5555
[6096] [M]: 0x0000000080030AD8 (0x55555537) lui a0, 349525
x10 <- 0x0000000055555000
mem[X,0x0000000080030ADC] -> 0x0513
mem[X,0x0000000080030ADE] -> 0x5555
[6097] [M]: 0x0000000080030ADC (0x55550513) addi a0, a0, 1365
x10 <- 0x0000000055555555
mem[X,0x0000000080030AE0] -> 0x1513
mem[X,0x0000000080030AE2] -> 0x00B5
[6098] [M]: 0x0000000080030AE0 (0x00B51513) slli a0, a0, 11
x10 <- 0x000002AAAAAAA800
mem[X,0x0000000080030AE4] -> 0x0513
mem[X,0x0000000080030AE6] -> 0x2AA5
[6099] [M]: 0x0000000080030AE4 (0x2AA50513) addi a0, a0, 682
x10 <- 0x000002AAAAAAAAAA
clint::tick mtime <- 0x000000000000003D
 clint timer pending at mtime 0x000000000000003D
htif::tick 0x0000000000000000
mem[X,0x0000000080030AE8] -> 0x1513
mem[X,0x0000000080030AEA] -> 0x00B5
[6100] [M]: 0x0000000080030AE8 (0x00B51513) slli a0, a0, 11
x10 <- 0x0015555555555000
mem[X,0x0000000080030AEC] -> 0x0513
mem[X,0x0000000080030AEE] -> 0x5555
[6101] [M]: 0x0000000080030AEC (0x55550513) addi a0, a0, 1365
x10 <- 0x0015555555555555
mem[X,0x0000000080030AF0] -> 0x1513
mem[X,0x0000000080030AF2] -> 0x00A5
[6102] [M]: 0x0000000080030AF0 (0x00A51513) slli a0, a0, 10
x10 <- 0x5555555555555400
mem[X,0x0000000080030AF4] -> 0x0513
mem[X,0x0000000080030AF6] -> 0x1545
[6103] [M]: 0x0000000080030AF4 (0x15450513) addi a0, a0, 340
x10 <- 0x5555555555555554
mem[X,0x0000000080030AF8] -> 0x65B7
mem[X,0x0000000080030AFA] -> 0x6666
[6104] [M]: 0x0000000080030AF8 (0x666665B7) lui a1, 419430
x11 <- 0x0000000066666000
mem[X,0x0000000080030AFC] -> 0x8593
mem[X,0x0000000080030AFE] -> 0x6665
[6105] [M]: 0x0000000080030AFC (0x66658593) addi a1, a1, 1638
x11 <- 0x0000000066666666
mem[X,0x0000000080030B00] -> 0x9593
mem[X,0x0000000080030B02] -> 0x00B5
[6106] [M]: 0x0000000080030B00 (0x00B59593) slli a1, a1, 11
x11 <- 0x0000033333333000
mem[X,0x0000000080030B04] -> 0x8593
mem[X,0x0000000080030B06] -> 0x3335
[6107] [M]: 0x0000000080030B04 (0x33358593) addi a1, a1, 819
x11 <- 0x0000033333333333
mem[X,0x0000000080030B08] -> 0x9593
mem[X,0x0000000080030B0A] -> 0x00B5
[6108] [M]: 0x0000000080030B08 (0x00B59593) slli a1, a1, 11
x11 <- 0x0019999999999800
mem[X,0x0000000080030B0C] -> 0x8593
mem[X,0x0000000080030B0E] -> 0x1995
[6109] [M]: 0x0000000080030B0C (0x19958593) addi a1, a1, 409
x11 <- 0x0019999999999999
mem[X,0x0000000080030B10] -> 0x9593
mem[X,0x0000000080030B12] -> 0x00A5
[6110] [M]: 0x0000000080030B10 (0x00A59593) slli a1, a1, 10
x11 <- 0x6666666666666400
mem[X,0x0000000080030B14] -> 0x8593
mem[X,0x0000000080030B16] -> 0x2655
[6111] [M]: 0x0000000080030B14 (0x26558593) addi a1, a1, 613
x11 <- 0x6666666666666665
mem[X,0x0000000080030B18] -> 0x0113
mem[X,0x0000000080030B1A] -> 0x0000
[6112] [M]: 0x0000000080030B18 (0x00000113) addi sp, zero, 0
x2 <- 0x0000000000000000
mem[X,0x0000000080030B1C] -> 0x006F
mem[X,0x0000000080030B1E] -> 0x0180
[6113] [M]: 0x0000000080030B1C (0x0180006F) jal zero, 24
mem[X,0x0000000080030B34] -> 0x46E3
mem[X,0x0000000080030B36] -> 0xFEB5
[6114] [M]: 0x0000000080030B34 (0xFEB546E3) blt a0, a1, 8172
mem[X,0x0000000080030B20] -> 0x0113
mem[X,0x0000000080030B22] -> 0x0011
[6115] [M]: 0x0000000080030B20 (0x00110113) addi sp, sp, 1
x2 <- 0x0000000000000001
mem[X,0x0000000080030B24] -> 0x006F
mem[X,0x0000000080030B26] -> 0x0240
[6116] [M]: 0x0000000080030B24 (0x0240006F) jal zero, 36
mem[X,0x0000000080030B48] -> 0xBC23
mem[X,0x0000000080030B4A] -> 0x3A20
[6117] [M]: 0x0000000080030B48 (0x3A20BC23) sd sp, 952(ra)
mem[0x000000008004FD90] <- 0x0000000000000001
mem[X,0x0000000080030B4C] -> 0x5537
mem[X,0x0000000080030B4E] -> 0x5555
[6118] [M]: 0x0000000080030B4C (0x55555537) lui a0, 349525
x10 <- 0x0000000055555000
mem[X,0x0000000080030B50] -> 0x0513
mem[X,0x0000000080030B52] -> 0x5555
[6119] [M]: 0x0000000080030B50 (0x55550513) addi a0, a0, 1365
x10 <- 0x0000000055555555
mem[X,0x0000000080030B54] -> 0x1513
mem[X,0x0000000080030B56] -> 0x00B5
[6120] [M]: 0x0000000080030B54 (0x00B51513) slli a0, a0, 11
x10 <- 0x000002AAAAAAA800
mem[X,0x0000000080030B58] -> 0x0513
mem[X,0x0000000080030B5A] -> 0x2AA5
[6121] [M]: 0x0000000080030B58 (0x2AA50513) addi a0, a0, 682
x10 <- 0x000002AAAAAAAAAA
mem[X,0x0000000080030B5C] -> 0x1513
mem[X,0x0000000080030B5E] -> 0x00B5
[6122] [M]: 0x0000000080030B5C (0x00B51513) slli a0, a0, 11
x10 <- 0x0015555555555000
mem[X,0x0000000080030B60] -> 0x0513
mem[X,0x0000000080030B62] -> 0x5555
[6123] [M]: 0x0000000080030B60 (0x55550513) addi a0, a0, 1365
x10 <- 0x0015555555555555
mem[X,0x0000000080030B64] -> 0x1513
mem[X,0x0000000080030B66] -> 0x00A5
[6124] [M]: 0x0000000080030B64 (0x00A51513) slli a0, a0, 10
x10 <- 0x5555555555555400
mem[X,0x0000000080030B68] -> 0x0513
mem[X,0x0000000080030B6A] -> 0x1545
[6125] [M]: 0x0000000080030B68 (0x15450513) addi a0, a0, 340
x10 <- 0x5555555555555554
mem[X,0x0000000080030B6C] -> 0x05B7
mem[X,0x0000000080030B6E] -> 0x0000
[6126] [M]: 0x0000000080030B6C (0x000005B7) lui a1, 0
x11 <- 0x0000000000000000
mem[X,0x0000000080030B70] -> 0x8593
mem[X,0x0000000080030B72] -> 0x0005
[6127] [M]: 0x0000000080030B70 (0x00058593) addi a1, a1, 0
x11 <- 0x0000000000000000
mem[X,0x0000000080030B74] -> 0x9593
mem[X,0x0000000080030B76] -> 0x00B5
[6128] [M]: 0x0000000080030B74 (0x00B59593) slli a1, a1, 11
x11 <- 0x0000000000000000
mem[X,0x0000000080030B78] -> 0x8593
mem[X,0x0000000080030B7A] -> 0x5A85
[6129] [M]: 0x0000000080030B78 (0x5A858593) addi a1, a1, 1448
x11 <- 0x00000000000005A8
mem[X,0x0000000080030B7C] -> 0x9593
mem[X,0x0000000080030B7E] -> 0x00B5
[6130] [M]: 0x0000000080030B7C (0x00B59593) slli a1, a1, 11
x11 <- 0x00000000002D4000
mem[X,0x0000000080030B80] -> 0x8593
mem[X,0x0000000080030B82] -> 0x13C5
[6131] [M]: 0x0000000080030B80 (0x13C58593) addi a1, a1, 316
x11 <- 0x00000000002D413C
mem[X,0x0000000080030B84] -> 0x9593
mem[X,0x0000000080030B86] -> 0x00A5
[6132] [M]: 0x0000000080030B84 (0x00A59593) slli a1, a1, 10
x11 <- 0x00000000B504F000
mem[X,0x0000000080030B88] -> 0x8593
mem[X,0x0000000080030B8A] -> 0x3325
[6133] [M]: 0x0000000080030B88 (0x33258593) addi a1, a1, 818
x11 <- 0x00000000B504F332
mem[X,0x0000000080030B8C] -> 0x0113
mem[X,0x0000000080030B8E] -> 0x0000
[6134] [M]: 0x0000000080030B8C (0x00000113) addi sp, zero, 0
x2 <- 0x0000000000000000
mem[X,0x0000000080030B90] -> 0x006F
mem[X,0x0000000080030B92] -> 0x00C0
[6135] [M]: 0x0000000080030B90 (0x00C0006F) jal zero, 12
mem[X,0x0000000080030B9C] -> 0x4663
mem[X,0x0000000080030B9E] -> 0x00B5
[6136] [M]: 0x0000000080030B9C (0x00B54663) blt a0, a1, 12
mem[X,0x0000000080030BA0] -> 0x0113
mem[X,0x0000000080030BA2] -> 0x0021
[6137] [M]: 0x0000000080030BA0 (0x00210113) addi sp, sp, 2
x2 <- 0x0000000000000002
mem[X,0x0000000080030BA4] -> 0x006F
mem[X,0x0000000080030BA6] -> 0x00C0
[6138] [M]: 0x0000000080030BA4 (0x00C0006F) jal zero, 12
mem[X,0x0000000080030BB0] -> 0xB023
mem[X,0x0000000080030BB2] -> 0x3C20
[6139] [M]: 0x0000000080030BB0 (0x3C20B023) sd sp, 960(ra)
mem[0x000000008004FD98] <- 0x0000000000000002
mem[X,0x0000000080030BB4] -> 0x5537
mem[X,0x0000000080030BB6] -> 0x5555
[6140] [M]: 0x0000000080030BB4 (0x55555537) lui a0, 349525
x10 <- 0x0000000055555000
mem[X,0x0000000080030BB8] -> 0x0513
mem[X,0x0000000080030BBA] -> 0x5555
[6141] [M]: 0x0000000080030BB8 (0x55550513) addi a0, a0, 1365
x10 <- 0x0000000055555555
mem[X,0x0000000080030BBC] -> 0x1513
mem[X,0x0000000080030BBE] -> 0x00B5
[6142] [M]: 0x0000000080030BBC (0x00B51513) slli a0, a0, 11
x10 <- 0x000002AAAAAAA800
mem[X,0x0000000080030BC0] -> 0x0513
mem[X,0x0000000080030BC2] -> 0x2AA5
[6143] [M]: 0x0000000080030BC0 (0x2AA50513) addi a0, a0, 682
x10 <- 0x000002AAAAAAAAAA
mem[X,0x0000000080030BC4] -> 0x1513
mem[X,0x0000000080030BC6] -> 0x00B5
[6144] [M]: 0x0000000080030BC4 (0x00B51513) slli a0, a0, 11
x10 <- 0x0015555555555000
mem[X,0x0000000080030BC8] -> 0x0513
mem[X,0x0000000080030BCA] -> 0x5555
[6145] [M]: 0x0000000080030BC8 (0x55550513) addi a0, a0, 1365
x10 <- 0x0015555555555555
mem[X,0x0000000080030BCC] -> 0x1513
mem[X,0x0000000080030BCE] -> 0x00A5
[6146] [M]: 0x0000000080030BCC (0x00A51513) slli a0, a0, 10
x10 <- 0x5555555555555400
mem[X,0x0000000080030BD0] -> 0x0513
mem[X,0x0000000080030BD2] -> 0x1545
[6147] [M]: 0x0000000080030BD0 (0x15450513) addi a0, a0, 340
x10 <- 0x5555555555555554
mem[X,0x0000000080030BD4] -> 0x55B7
mem[X,0x0000000080030BD6] -> 0x5555
[6148] [M]: 0x0000000080030BD4 (0x555555B7) lui a1, 349525
x11 <- 0x0000000055555000
mem[X,0x0000000080030BD8] -> 0x8593
mem[X,0x0000000080030BDA] -> 0x5555
[6149] [M]: 0x0000000080030BD8 (0x55558593) addi a1, a1, 1365
x11 <- 0x0000000055555555
mem[X,0x0000000080030BDC] -> 0x9593
mem[X,0x0000000080030BDE] -> 0x00B5
[6150] [M]: 0x0000000080030BDC (0x00B59593) slli a1, a1, 11
x11 <- 0x000002AAAAAAA800
mem[X,0x0000000080030BE0] -> 0x8593
mem[X,0x0000000080030BE2] -> 0x2AA5
[6151] [M]: 0x0000000080030BE0 (0x2AA58593) addi a1, a1, 682
x11 <- 0x000002AAAAAAAAAA
mem[X,0x0000000080030BE4] -> 0x9593
mem[X,0x0000000080030BE6] -> 0x00B5
[6152] [M]: 0x0000000080030BE4 (0x00B59593) slli a1, a1, 11
x11 <- 0x0015555555555000
mem[X,0x0000000080030BE8] -> 0x8593
mem[X,0x0000000080030BEA] -> 0x5555
[6153] [M]: 0x0000000080030BE8 (0x55558593) addi a1, a1, 1365
x11 <- 0x0015555555555555
mem[X,0x0000000080030BEC] -> 0x9593
mem[X,0x0000000080030BEE] -> 0x00A5
[6154] [M]: 0x0000000080030BEC (0x00A59593) slli a1, a1, 10
x11 <- 0x5555555555555400
mem[X,0x0000000080030BF0] -> 0x8593
mem[X,0x0000000080030BF2] -> 0x1565
[6155] [M]: 0x0000000080030BF0 (0x15658593) addi a1, a1, 342
x11 <- 0x5555555555555556
mem[X,0x0000000080030BF4] -> 0x0113
mem[X,0x0000000080030BF6] -> 0x0000
[6156] [M]: 0x0000000080030BF4 (0x00000113) addi sp, zero, 0
x2 <- 0x0000000000000000
mem[X,0x0000000080030BF8] -> 0x006F
mem[X,0x0000000080030BFA] -> 0x00C0
[6157] [M]: 0x0000000080030BF8 (0x00C0006F) jal zero, 12
mem[X,0x0000000080030C04] -> 0x4063
mem[X,0x0000000080030C06] -> 0x40B5
[6158] [M]: 0x0000000080030C04 (0x40B54063) blt a0, a1, 1024
mem[X,0x0000000080031004] -> 0x0113
mem[X,0x0000000080031006] -> 0x0031
[6159] [M]: 0x0000000080031004 (0x00310113) addi sp, sp, 3
x2 <- 0x0000000000000003
mem[X,0x0000000080031008] -> 0x006F
mem[X,0x000000008003100A] -> 0x0040
[6160] [M]: 0x0000000080031008 (0x0040006F) jal zero, 4
mem[X,0x000000008003100C] -> 0xB423
mem[X,0x000000008003100E] -> 0x3C20
[6161] [M]: 0x000000008003100C (0x3C20B423) sd sp, 968(ra)
mem[0x000000008004FDA0] <- 0x0000000000000003
mem[X,0x0000000080031010] -> 0x5537
mem[X,0x0000000080031012] -> 0x5555
[6162] [M]: 0x0000000080031010 (0x55555537) lui a0, 349525
x10 <- 0x0000000055555000
mem[X,0x0000000080031014] -> 0x0513
mem[X,0x0000000080031016] -> 0x5555
[6163] [M]: 0x0000000080031014 (0x55550513) addi a0, a0, 1365
x10 <- 0x0000000055555555
mem[X,0x0000000080031018] -> 0x1513
mem[X,0x000000008003101A] -> 0x00B5
[6164] [M]: 0x0000000080031018 (0x00B51513) slli a0, a0, 11
x10 <- 0x000002AAAAAAA800
mem[X,0x000000008003101C] -> 0x0513
mem[X,0x000000008003101E] -> 0x2AA5
[6165] [M]: 0x000000008003101C (0x2AA50513) addi a0, a0, 682
x10 <- 0x000002AAAAAAAAAA
mem[X,0x0000000080031020] -> 0x1513
mem[X,0x0000000080031022] -> 0x00B5
[6166] [M]: 0x0000000080031020 (0x00B51513) slli a0, a0, 11
x10 <- 0x0015555555555000
mem[X,0x0000000080031024] -> 0x0513
mem[X,0x0000000080031026] -> 0x5555
[6167] [M]: 0x0000000080031024 (0x55550513) addi a0, a0, 1365
x10 <- 0x0015555555555555
mem[X,0x0000000080031028] -> 0x1513
mem[X,0x000000008003102A] -> 0x00A5
[6168] [M]: 0x0000000080031028 (0x00A51513) slli a0, a0, 10
x10 <- 0x5555555555555400
mem[X,0x000000008003102C] -> 0x0513
mem[X,0x000000008003102E] -> 0x1545
[6169] [M]: 0x000000008003102C (0x15450513) addi a0, a0, 340
x10 <- 0x5555555555555554
mem[X,0x0000000080031030] -> 0xB5B7
mem[X,0x0000000080031032] -> 0xAAAA
[6170] [M]: 0x0000000080031030 (0xAAAAB5B7) lui a1, 699051
x11 <- 0xFFFFFFFFAAAAB000
mem[X,0x0000000080031034] -> 0x8593
mem[X,0x0000000080031036] -> 0xAAA5
[6171] [M]: 0x0000000080031034 (0xAAA58593) addi a1, a1, 2730
x11 <- 0xFFFFFFFFAAAAAAAA
mem[X,0x0000000080031038] -> 0x9593
mem[X,0x000000008003103A] -> 0x00B5
[6172] [M]: 0x0000000080031038 (0x00B59593) slli a1, a1, 11
x11 <- 0xFFFFFD5555555000
mem[X,0x000000008003103C] -> 0x8593
mem[X,0x000000008003103E] -> 0x5555
[6173] [M]: 0x000000008003103C (0x55558593) addi a1, a1, 1365
x11 <- 0xFFFFFD5555555555
mem[X,0x0000000080031040] -> 0x9593
mem[X,0x0000000080031042] -> 0x00B5
[6174] [M]: 0x0000000080031040 (0x00B59593) slli a1, a1, 11
x11 <- 0xFFEAAAAAAAAAA800
mem[X,0x0000000080031044] -> 0x8593
mem[X,0x0000000080031046] -> 0x2AA5
[6175] [M]: 0x0000000080031044 (0x2AA58593) addi a1, a1, 682
x11 <- 0xFFEAAAAAAAAAAAAA
mem[X,0x0000000080031048] -> 0x9593
mem[X,0x000000008003104A] -> 0x00A5
[6176] [M]: 0x0000000080031048 (0x00A59593) slli a1, a1, 10
x11 <- 0xAAAAAAAAAAAAA800
mem[X,0x000000008003104C] -> 0x8593
mem[X,0x000000008003104E] -> 0x2AB5
[6177] [M]: 0x000000008003104C (0x2AB58593) addi a1, a1, 683
x11 <- 0xAAAAAAAAAAAAAAAB
mem[X,0x0000000080031050] -> 0x0113
mem[X,0x0000000080031052] -> 0x0000
[6178] [M]: 0x0000000080031050 (0x00000113) addi sp, zero, 0
x2 <- 0x0000000000000000
mem[X,0x0000000080031054] -> 0x006F
mem[X,0x0000000080031056] -> 0x0050
[6179] [M]: 0x0000000080031054 (0x0050006F) jal zero, 2052
mem[X,0x0000000080031858] -> 0x40E3
mem[X,0x000000008003185A] -> 0x80B5
[6180] [M]: 0x0000000080031858 (0x80B540E3) blt a0, a1, 6144
mem[X,0x000000008003185C] -> 0x0113
mem[X,0x000000008003185E] -> 0x0021
[6181] [M]: 0x000000008003185C (0x00210113) addi sp, sp, 2
x2 <- 0x0000000000000002
mem[X,0x0000000080031860] -> 0x006F
mem[X,0x0000000080031862] -> 0x00C0
[6182] [M]: 0x0000000080031860 (0x00C0006F) jal zero, 12
mem[X,0x000000008003186C] -> 0xB823
mem[X,0x000000008003186E] -> 0x3C20
[6183] [M]: 0x000000008003186C (0x3C20B823) sd sp, 976(ra)
mem[0x000000008004FDA8] <- 0x0000000000000002
mem[X,0x0000000080031870] -> 0x5537
mem[X,0x0000000080031872] -> 0x5555
[6184] [M]: 0x0000000080031870 (0x55555537) lui a0, 349525
x10 <- 0x0000000055555000
mem[X,0x0000000080031874] -> 0x0513
mem[X,0x0000000080031876] -> 0x5555
[6185] [M]: 0x0000000080031874 (0x55550513) addi a0, a0, 1365
x10 <- 0x0000000055555555
mem[X,0x0000000080031878] -> 0x1513
mem[X,0x000000008003187A] -> 0x00B5
[6186] [M]: 0x0000000080031878 (0x00B51513) slli a0, a0, 11
x10 <- 0x000002AAAAAAA800
mem[X,0x000000008003187C] -> 0x0513
mem[X,0x000000008003187E] -> 0x2AA5
[6187] [M]: 0x000000008003187C (0x2AA50513) addi a0, a0, 682
x10 <- 0x000002AAAAAAAAAA
mem[X,0x0000000080031880] -> 0x1513
mem[X,0x0000000080031882] -> 0x00B5
[6188] [M]: 0x0000000080031880 (0x00B51513) slli a0, a0, 11
x10 <- 0x0015555555555000
mem[X,0x0000000080031884] -> 0x0513
mem[X,0x0000000080031886] -> 0x5555
[6189] [M]: 0x0000000080031884 (0x55550513) addi a0, a0, 1365
x10 <- 0x0015555555555555
mem[X,0x0000000080031888] -> 0x1513
mem[X,0x000000008003188A] -> 0x00A5
[6190] [M]: 0x0000000080031888 (0x00A51513) slli a0, a0, 10
x10 <- 0x5555555555555400
mem[X,0x000000008003188C] -> 0x0513
mem[X,0x000000008003188E] -> 0x1545
[6191] [M]: 0x000000008003188C (0x15450513) addi a0, a0, 340
x10 <- 0x5555555555555554
mem[X,0x0000000080031890] -> 0x0593
mem[X,0x0000000080031892] -> 0x0060
[6192] [M]: 0x0000000080031890 (0x00600593) addi a1, zero, 6
x11 <- 0x0000000000000006
mem[X,0x0000000080031894] -> 0x0113
mem[X,0x0000000080031896] -> 0x0000
[6193] [M]: 0x0000000080031894 (0x00000113) addi sp, zero, 0
x2 <- 0x0000000000000000
mem[X,0x0000000080031898] -> 0x006F
mem[X,0x000000008003189A] -> 0x00C0
[6194] [M]: 0x0000000080031898 (0x00C0006F) jal zero, 12
mem[X,0x00000000800318A4] -> 0x4063
mem[X,0x00000000800318A6] -> 0x20B5
[6195] [M]: 0x00000000800318A4 (0x20B54063) blt a0, a1, 512
mem[X,0x00000000800318A8] -> 0x0113
mem[X,0x00000000800318AA] -> 0x0021
[6196] [M]: 0x00000000800318A8 (0x00210113) addi sp, sp, 2
x2 <- 0x0000000000000002
mem[X,0x00000000800318AC] -> 0x006F
mem[X,0x00000000800318AE] -> 0x2000
[6197] [M]: 0x00000000800318AC (0x2000006F) jal zero, 512
mem[X,0x0000000080031AAC] -> 0xBC23
mem[X,0x0000000080031AAE] -> 0x3C20
[6198] [M]: 0x0000000080031AAC (0x3C20BC23) sd sp, 984(ra)
mem[0x000000008004FDB0] <- 0x0000000000000002
mem[X,0x0000000080031AB0] -> 0x5537
mem[X,0x0000000080031AB2] -> 0x5555
[6199] [M]: 0x0000000080031AB0 (0x55555537) lui a0, 349525
x10 <- 0x0000000055555000
clint::tick mtime <- 0x000000000000003E
 clint timer pending at mtime 0x000000000000003E
htif::tick 0x0000000000000000
mem[X,0x0000000080031AB4] -> 0x0513
mem[X,0x0000000080031AB6] -> 0x5555
[6200] [M]: 0x0000000080031AB4 (0x55550513) addi a0, a0, 1365
x10 <- 0x0000000055555555
mem[X,0x0000000080031AB8] -> 0x1513
mem[X,0x0000000080031ABA] -> 0x00B5
[6201] [M]: 0x0000000080031AB8 (0x00B51513) slli a0, a0, 11
x10 <- 0x000002AAAAAAA800
mem[X,0x0000000080031ABC] -> 0x0513
mem[X,0x0000000080031ABE] -> 0x2AA5
[6202] [M]: 0x0000000080031ABC (0x2AA50513) addi a0, a0, 682
x10 <- 0x000002AAAAAAAAAA
mem[X,0x0000000080031AC0] -> 0x1513
mem[X,0x0000000080031AC2] -> 0x00B5
[6203] [M]: 0x0000000080031AC0 (0x00B51513) slli a0, a0, 11
x10 <- 0x0015555555555000
mem[X,0x0000000080031AC4] -> 0x0513
mem[X,0x0000000080031AC6] -> 0x5555
[6204] [M]: 0x0000000080031AC4 (0x55550513) addi a0, a0, 1365
x10 <- 0x0015555555555555
mem[X,0x0000000080031AC8] -> 0x1513
mem[X,0x0000000080031ACA] -> 0x00A5
[6205] [M]: 0x0000000080031AC8 (0x00A51513) slli a0, a0, 10
x10 <- 0x5555555555555400
mem[X,0x0000000080031ACC] -> 0x0513
mem[X,0x0000000080031ACE] -> 0x1545
[6206] [M]: 0x0000000080031ACC (0x15450513) addi a0, a0, 340
x10 <- 0x5555555555555554
mem[X,0x0000000080031AD0] -> 0x35B7
mem[X,0x0000000080031AD2] -> 0x3333
[6207] [M]: 0x0000000080031AD0 (0x333335B7) lui a1, 209715
x11 <- 0x0000000033333000
mem[X,0x0000000080031AD4] -> 0x8593
mem[X,0x0000000080031AD6] -> 0x3335
[6208] [M]: 0x0000000080031AD4 (0x33358593) addi a1, a1, 819
x11 <- 0x0000000033333333
mem[X,0x0000000080031AD8] -> 0x9593
mem[X,0x0000000080031ADA] -> 0x00B5
[6209] [M]: 0x0000000080031AD8 (0x00B59593) slli a1, a1, 11
x11 <- 0x0000019999999800
mem[X,0x0000000080031ADC] -> 0x8593
mem[X,0x0000000080031ADE] -> 0x1995
[6210] [M]: 0x0000000080031ADC (0x19958593) addi a1, a1, 409
x11 <- 0x0000019999999999
mem[X,0x0000000080031AE0] -> 0x9593
mem[X,0x0000000080031AE2] -> 0x00B5
[6211] [M]: 0x0000000080031AE0 (0x00B59593) slli a1, a1, 11
x11 <- 0x000CCCCCCCCCC800
mem[X,0x0000000080031AE4] -> 0x8593
mem[X,0x0000000080031AE6] -> 0x4CC5
[6212] [M]: 0x0000000080031AE4 (0x4CC58593) addi a1, a1, 1228
x11 <- 0x000CCCCCCCCCCCCC
mem[X,0x0000000080031AE8] -> 0x9593
mem[X,0x0000000080031AEA] -> 0x00A5
[6213] [M]: 0x0000000080031AE8 (0x00A59593) slli a1, a1, 10
x11 <- 0x3333333333333000
mem[X,0x0000000080031AEC] -> 0x8593
mem[X,0x0000000080031AEE] -> 0x3345
[6214] [M]: 0x0000000080031AEC (0x33458593) addi a1, a1, 820
x11 <- 0x3333333333333334
mem[X,0x0000000080031AF0] -> 0x0113
mem[X,0x0000000080031AF2] -> 0x0000
[6215] [M]: 0x0000000080031AF0 (0x00000113) addi sp, zero, 0
x2 <- 0x0000000000000000
mem[X,0x0000000080031AF4] -> 0x006F
mem[X,0x0000000080031AF6] -> 0x00C0
[6216] [M]: 0x0000000080031AF4 (0x00C0006F) jal zero, 12
mem[X,0x0000000080031B00] -> 0x4063
mem[X,0x0000000080031B02] -> 0x10B5
[6217] [M]: 0x0000000080031B00 (0x10B54063) blt a0, a1, 256
mem[X,0x0000000080031B04] -> 0x0113
mem[X,0x0000000080031B06] -> 0x0021
[6218] [M]: 0x0000000080031B04 (0x00210113) addi sp, sp, 2
x2 <- 0x0000000000000002
mem[X,0x0000000080031B08] -> 0x006F
mem[X,0x0000000080031B0A] -> 0x1000
[6219] [M]: 0x0000000080031B08 (0x1000006F) jal zero, 256
mem[X,0x0000000080031C08] -> 0xB023
mem[X,0x0000000080031C0A] -> 0x3E20
[6220] [M]: 0x0000000080031C08 (0x3E20B023) sd sp, 992(ra)
mem[0x000000008004FDB8] <- 0x0000000000000002
mem[X,0x0000000080031C0C] -> 0x5537
mem[X,0x0000000080031C0E] -> 0x5555
[6221] [M]: 0x0000000080031C0C (0x55555537) lui a0, 349525
x10 <- 0x0000000055555000
mem[X,0x0000000080031C10] -> 0x0513
mem[X,0x0000000080031C12] -> 0x5555
[6222] [M]: 0x0000000080031C10 (0x55550513) addi a0, a0, 1365
x10 <- 0x0000000055555555
mem[X,0x0000000080031C14] -> 0x1513
mem[X,0x0000000080031C16] -> 0x00B5
[6223] [M]: 0x0000000080031C14 (0x00B51513) slli a0, a0, 11
x10 <- 0x000002AAAAAAA800
mem[X,0x0000000080031C18] -> 0x0513
mem[X,0x0000000080031C1A] -> 0x2AA5
[6224] [M]: 0x0000000080031C18 (0x2AA50513) addi a0, a0, 682
x10 <- 0x000002AAAAAAAAAA
mem[X,0x0000000080031C1C] -> 0x1513
mem[X,0x0000000080031C1E] -> 0x00B5
[6225] [M]: 0x0000000080031C1C (0x00B51513) slli a0, a0, 11
x10 <- 0x0015555555555000
mem[X,0x0000000080031C20] -> 0x0513
mem[X,0x0000000080031C22] -> 0x5555
[6226] [M]: 0x0000000080031C20 (0x55550513) addi a0, a0, 1365
x10 <- 0x0015555555555555
mem[X,0x0000000080031C24] -> 0x1513
mem[X,0x0000000080031C26] -> 0x00A5
[6227] [M]: 0x0000000080031C24 (0x00A51513) slli a0, a0, 10
x10 <- 0x5555555555555400
mem[X,0x0000000080031C28] -> 0x0513
mem[X,0x0000000080031C2A] -> 0x1545
[6228] [M]: 0x0000000080031C28 (0x15450513) addi a0, a0, 340
x10 <- 0x5555555555555554
mem[X,0x0000000080031C2C] -> 0x65B7
mem[X,0x0000000080031C2E] -> 0x6666
[6229] [M]: 0x0000000080031C2C (0x666665B7) lui a1, 419430
x11 <- 0x0000000066666000
mem[X,0x0000000080031C30] -> 0x8593
mem[X,0x0000000080031C32] -> 0x6665
[6230] [M]: 0x0000000080031C30 (0x66658593) addi a1, a1, 1638
x11 <- 0x0000000066666666
mem[X,0x0000000080031C34] -> 0x9593
mem[X,0x0000000080031C36] -> 0x00B5
[6231] [M]: 0x0000000080031C34 (0x00B59593) slli a1, a1, 11
x11 <- 0x0000033333333000
mem[X,0x0000000080031C38] -> 0x8593
mem[X,0x0000000080031C3A] -> 0x3335
[6232] [M]: 0x0000000080031C38 (0x33358593) addi a1, a1, 819
x11 <- 0x0000033333333333
mem[X,0x0000000080031C3C] -> 0x9593
mem[X,0x0000000080031C3E] -> 0x00B5
[6233] [M]: 0x0000000080031C3C (0x00B59593) slli a1, a1, 11
x11 <- 0x0019999999999800
mem[X,0x0000000080031C40] -> 0x8593
mem[X,0x0000000080031C42] -> 0x1995
[6234] [M]: 0x0000000080031C40 (0x19958593) addi a1, a1, 409
x11 <- 0x0019999999999999
mem[X,0x0000000080031C44] -> 0x9593
mem[X,0x0000000080031C46] -> 0x00A5
[6235] [M]: 0x0000000080031C44 (0x00A59593) slli a1, a1, 10
x11 <- 0x6666666666666400
mem[X,0x0000000080031C48] -> 0x8593
mem[X,0x0000000080031C4A] -> 0x2675
[6236] [M]: 0x0000000080031C48 (0x26758593) addi a1, a1, 615
x11 <- 0x6666666666666667
mem[X,0x0000000080031C4C] -> 0x0113
mem[X,0x0000000080031C4E] -> 0x0000
[6237] [M]: 0x0000000080031C4C (0x00000113) addi sp, zero, 0
x2 <- 0x0000000000000000
mem[X,0x0000000080031C50] -> 0x006F
mem[X,0x0000000080031C52] -> 0x00C0
[6238] [M]: 0x0000000080031C50 (0x00C0006F) jal zero, 12
mem[X,0x0000000080031C5C] -> 0x4663
mem[X,0x0000000080031C5E] -> 0x00B5
[6239] [M]: 0x0000000080031C5C (0x00B54663) blt a0, a1, 12
mem[X,0x0000000080031C68] -> 0x0113
mem[X,0x0000000080031C6A] -> 0x0031
[6240] [M]: 0x0000000080031C68 (0x00310113) addi sp, sp, 3
x2 <- 0x0000000000000003
mem[X,0x0000000080031C6C] -> 0x006F
mem[X,0x0000000080031C6E] -> 0x0040
[6241] [M]: 0x0000000080031C6C (0x0040006F) jal zero, 4
mem[X,0x0000000080031C70] -> 0xB423
mem[X,0x0000000080031C72] -> 0x3E20
[6242] [M]: 0x0000000080031C70 (0x3E20B423) sd sp, 1000(ra)
mem[0x000000008004FDC0] <- 0x0000000000000003
mem[X,0x0000000080031C74] -> 0x5537
mem[X,0x0000000080031C76] -> 0x5555
[6243] [M]: 0x0000000080031C74 (0x55555537) lui a0, 349525
x10 <- 0x0000000055555000
mem[X,0x0000000080031C78] -> 0x0513
mem[X,0x0000000080031C7A] -> 0x5555
[6244] [M]: 0x0000000080031C78 (0x55550513) addi a0, a0, 1365
x10 <- 0x0000000055555555
mem[X,0x0000000080031C7C] -> 0x1513
mem[X,0x0000000080031C7E] -> 0x00B5
[6245] [M]: 0x0000000080031C7C (0x00B51513) slli a0, a0, 11
x10 <- 0x000002AAAAAAA800
mem[X,0x0000000080031C80] -> 0x0513
mem[X,0x0000000080031C82] -> 0x2AA5
[6246] [M]: 0x0000000080031C80 (0x2AA50513) addi a0, a0, 682
x10 <- 0x000002AAAAAAAAAA
mem[X,0x0000000080031C84] -> 0x1513
mem[X,0x0000000080031C86] -> 0x00B5
[6247] [M]: 0x0000000080031C84 (0x00B51513) slli a0, a0, 11
x10 <- 0x0015555555555000
mem[X,0x0000000080031C88] -> 0x0513
mem[X,0x0000000080031C8A] -> 0x5555
[6248] [M]: 0x0000000080031C88 (0x55550513) addi a0, a0, 1365
x10 <- 0x0015555555555555
mem[X,0x0000000080031C8C] -> 0x1513
mem[X,0x0000000080031C8E] -> 0x00A5
[6249] [M]: 0x0000000080031C8C (0x00A51513) slli a0, a0, 10
x10 <- 0x5555555555555400
mem[X,0x0000000080031C90] -> 0x0513
mem[X,0x0000000080031C92] -> 0x1545
[6250] [M]: 0x0000000080031C90 (0x15450513) addi a0, a0, 340
x10 <- 0x5555555555555554
mem[X,0x0000000080031C94] -> 0x05B7
mem[X,0x0000000080031C96] -> 0x0000
[6251] [M]: 0x0000000080031C94 (0x000005B7) lui a1, 0
x11 <- 0x0000000000000000
mem[X,0x0000000080031C98] -> 0x8593
mem[X,0x0000000080031C9A] -> 0xFFF5
[6252] [M]: 0x0000000080031C98 (0xFFF58593) addi a1, a1, 4095
x11 <- 0xFFFFFFFFFFFFFFFF
mem[X,0x0000000080031C9C] -> 0x9593
mem[X,0x0000000080031C9E] -> 0x00B5
[6253] [M]: 0x0000000080031C9C (0x00B59593) slli a1, a1, 11
x11 <- 0xFFFFFFFFFFFFF800
mem[X,0x0000000080031CA0] -> 0x8593
mem[X,0x0000000080031CA2] -> 0x2575
[6254] [M]: 0x0000000080031CA0 (0x25758593) addi a1, a1, 599
x11 <- 0xFFFFFFFFFFFFFA57
mem[X,0x0000000080031CA4] -> 0x9593
mem[X,0x0000000080031CA6] -> 0x00B5
[6255] [M]: 0x0000000080031CA4 (0x00B59593) slli a1, a1, 11
x11 <- 0xFFFFFFFFFFD2B800
mem[X,0x0000000080031CA8] -> 0x8593
mem[X,0x0000000080031CAA] -> 0x6C35
[6256] [M]: 0x0000000080031CA8 (0x6C358593) addi a1, a1, 1731
x11 <- 0xFFFFFFFFFFD2BEC3
mem[X,0x0000000080031CAC] -> 0x9593
mem[X,0x0000000080031CAE] -> 0x00A5
[6257] [M]: 0x0000000080031CAC (0x00A59593) slli a1, a1, 10
x11 <- 0xFFFFFFFF4AFB0C00
mem[X,0x0000000080031CB0] -> 0x8593
mem[X,0x0000000080031CB2] -> 0x0CE5
[6258] [M]: 0x0000000080031CB0 (0x0CE58593) addi a1, a1, 206
x11 <- 0xFFFFFFFF4AFB0CCE
mem[X,0x0000000080031CB4] -> 0x0113
mem[X,0x0000000080031CB6] -> 0x0000
[6259] [M]: 0x0000000080031CB4 (0x00000113) addi sp, zero, 0
x2 <- 0x0000000000000000
mem[X,0x0000000080031CB8] -> 0x006F
mem[X,0x0000000080031CBA] -> 0x00C0
[6260] [M]: 0x0000000080031CB8 (0x00C0006F) jal zero, 12
mem[X,0x0000000080031CC4] -> 0x4CE3
mem[X,0x0000000080031CC6] -> 0xFEB5
[6261] [M]: 0x0000000080031CC4 (0xFEB54CE3) blt a0, a1, 8184
mem[X,0x0000000080031CC8] -> 0x0113
mem[X,0x0000000080031CCA] -> 0x0021
[6262] [M]: 0x0000000080031CC8 (0x00210113) addi sp, sp, 2
x2 <- 0x0000000000000002
mem[X,0x0000000080031CCC] -> 0x006F
mem[X,0x0000000080031CCE] -> 0x00C0
[6263] [M]: 0x0000000080031CCC (0x00C0006F) jal zero, 12
mem[X,0x0000000080031CD8] -> 0xB823
mem[X,0x0000000080031CDA] -> 0x3E20
[6264] [M]: 0x0000000080031CD8 (0x3E20B823) sd sp, 1008(ra)
mem[0x000000008004FDC8] <- 0x0000000000000002
mem[X,0x0000000080031CDC] -> 0x5537
mem[X,0x0000000080031CDE] -> 0x5555
[6265] [M]: 0x0000000080031CDC (0x55555537) lui a0, 349525
x10 <- 0x0000000055555000
mem[X,0x0000000080031CE0] -> 0x0513
mem[X,0x0000000080031CE2] -> 0x5555
[6266] [M]: 0x0000000080031CE0 (0x55550513) addi a0, a0, 1365
x10 <- 0x0000000055555555
mem[X,0x0000000080031CE4] -> 0x1513
mem[X,0x0000000080031CE6] -> 0x00B5
[6267] [M]: 0x0000000080031CE4 (0x00B51513) slli a0, a0, 11
x10 <- 0x000002AAAAAAA800
mem[X,0x0000000080031CE8] -> 0x0513
mem[X,0x0000000080031CEA] -> 0x2AA5
[6268] [M]: 0x0000000080031CE8 (0x2AA50513) addi a0, a0, 682
x10 <- 0x000002AAAAAAAAAA
mem[X,0x0000000080031CEC] -> 0x1513
mem[X,0x0000000080031CEE] -> 0x00B5
[6269] [M]: 0x0000000080031CEC (0x00B51513) slli a0, a0, 11
x10 <- 0x0015555555555000
mem[X,0x0000000080031CF0] -> 0x0513
mem[X,0x0000000080031CF2] -> 0x5555
[6270] [M]: 0x0000000080031CF0 (0x55550513) addi a0, a0, 1365
x10 <- 0x0015555555555555
mem[X,0x0000000080031CF4] -> 0x1513
mem[X,0x0000000080031CF6] -> 0x00A5
[6271] [M]: 0x0000000080031CF4 (0x00A51513) slli a0, a0, 10
x10 <- 0x5555555555555400
mem[X,0x0000000080031CF8] -> 0x0513
mem[X,0x0000000080031CFA] -> 0x1545
[6272] [M]: 0x0000000080031CF8 (0x15450513) addi a0, a0, 340
x10 <- 0x5555555555555554
mem[X,0x0000000080031CFC] -> 0x05B7
mem[X,0x0000000080031CFE] -> 0x0000
[6273] [M]: 0x0000000080031CFC (0x000005B7) lui a1, 0
x11 <- 0x0000000000000000
mem[X,0x0000000080031D00] -> 0x8593
mem[X,0x0000000080031D02] -> 0x0005
[6274] [M]: 0x0000000080031D00 (0x00058593) addi a1, a1, 0
x11 <- 0x0000000000000000
mem[X,0x0000000080031D04] -> 0x9593
mem[X,0x0000000080031D06] -> 0x00B5
[6275] [M]: 0x0000000080031D04 (0x00B59593) slli a1, a1, 11
x11 <- 0x0000000000000000
mem[X,0x0000000080031D08] -> 0x8593
mem[X,0x0000000080031D0A] -> 0x5A85
[6276] [M]: 0x0000000080031D08 (0x5A858593) addi a1, a1, 1448
x11 <- 0x00000000000005A8
mem[X,0x0000000080031D0C] -> 0x9593
mem[X,0x0000000080031D0E] -> 0x00B5
[6277] [M]: 0x0000000080031D0C (0x00B59593) slli a1, a1, 11
x11 <- 0x00000000002D4000
mem[X,0x0000000080031D10] -> 0x8593
mem[X,0x0000000080031D12] -> 0x13C5
[6278] [M]: 0x0000000080031D10 (0x13C58593) addi a1, a1, 316
x11 <- 0x00000000002D413C
mem[X,0x0000000080031D14] -> 0x9593
mem[X,0x0000000080031D16] -> 0x00A5
[6279] [M]: 0x0000000080031D14 (0x00A59593) slli a1, a1, 10
x11 <- 0x00000000B504F000
mem[X,0x0000000080031D18] -> 0x8593
mem[X,0x0000000080031D1A] -> 0x3345
[6280] [M]: 0x0000000080031D18 (0x33458593) addi a1, a1, 820
x11 <- 0x00000000B504F334
mem[X,0x0000000080031D1C] -> 0x0113
mem[X,0x0000000080031D1E] -> 0x0000
[6281] [M]: 0x0000000080031D1C (0x00000113) addi sp, zero, 0
x2 <- 0x0000000000000000
mem[X,0x0000000080031D20] -> 0x006F
mem[X,0x0000000080031D22] -> 0x00C0
[6282] [M]: 0x0000000080031D20 (0x00C0006F) jal zero, 12
mem[X,0x0000000080031D2C] -> 0x4863
mem[X,0x0000000080031D2E] -> 0x00B5
[6283] [M]: 0x0000000080031D2C (0x00B54863) blt a0, a1, 16
mem[X,0x0000000080031D30] -> 0x0113
mem[X,0x0000000080031D32] -> 0x0021
[6284] [M]: 0x0000000080031D30 (0x00210113) addi sp, sp, 2
x2 <- 0x0000000000000002
mem[X,0x0000000080031D34] -> 0x006F
mem[X,0x0000000080031D36] -> 0x0100
[6285] [M]: 0x0000000080031D34 (0x0100006F) jal zero, 16
mem[X,0x0000000080031D44] -> 0xBC23
mem[X,0x0000000080031D46] -> 0x3E20
[6286] [M]: 0x0000000080031D44 (0x3E20BC23) sd sp, 1016(ra)
mem[0x000000008004FDD0] <- 0x0000000000000002
mem[X,0x0000000080031D48] -> 0x0513
mem[X,0x0000000080031D4A] -> 0x0000
[6287] [M]: 0x0000000080031D48 (0x00000513) addi a0, zero, 0
x10 <- 0x0000000000000000
mem[X,0x0000000080031D4C] -> 0x0593
mem[X,0x0000000080031D4E] -> 0x0030
[6288] [M]: 0x0000000080031D4C (0x00300593) addi a1, zero, 3
x11 <- 0x0000000000000003
mem[X,0x0000000080031D50] -> 0x0113
mem[X,0x0000000080031D52] -> 0x0000
[6289] [M]: 0x0000000080031D50 (0x00000113) addi sp, zero, 0
x2 <- 0x0000000000000000
mem[X,0x0000000080031D54] -> 0x006F
mem[X,0x0000000080031D56] -> 0x00C0
[6290] [M]: 0x0000000080031D54 (0x00C0006F) jal zero, 12
mem[X,0x0000000080031D60] -> 0x4063
mem[X,0x0000000080031D62] -> 0x20B5
[6291] [M]: 0x0000000080031D60 (0x20B54063) blt a0, a1, 512
mem[X,0x0000000080031F60] -> 0x0113
mem[X,0x0000000080031F62] -> 0x0031
[6292] [M]: 0x0000000080031F60 (0x00310113) addi sp, sp, 3
x2 <- 0x0000000000000003
mem[X,0x0000000080031F64] -> 0x006F
mem[X,0x0000000080031F66] -> 0x0040
[6293] [M]: 0x0000000080031F64 (0x0040006F) jal zero, 4
mem[X,0x0000000080031F68] -> 0xB023
mem[X,0x0000000080031F6A] -> 0x4020
[6294] [M]: 0x0000000080031F68 (0x4020B023) sd sp, 1024(ra)
mem[0x000000008004FDD8] <- 0x0000000000000003
mem[X,0x0000000080031F6C] -> 0x0513
mem[X,0x0000000080031F6E] -> 0x0000
[6295] [M]: 0x0000000080031F6C (0x00000513) addi a0, zero, 0
x10 <- 0x0000000000000000
mem[X,0x0000000080031F70] -> 0x55B7
mem[X,0x0000000080031F72] -> 0x5555
[6296] [M]: 0x0000000080031F70 (0x555555B7) lui a1, 349525
x11 <- 0x0000000055555000
mem[X,0x0000000080031F74] -> 0x8593
mem[X,0x0000000080031F76] -> 0x5555
[6297] [M]: 0x0000000080031F74 (0x55558593) addi a1, a1, 1365
x11 <- 0x0000000055555555
mem[X,0x0000000080031F78] -> 0x9593
mem[X,0x0000000080031F7A] -> 0x00B5
[6298] [M]: 0x0000000080031F78 (0x00B59593) slli a1, a1, 11
x11 <- 0x000002AAAAAAA800
mem[X,0x0000000080031F7C] -> 0x8593
mem[X,0x0000000080031F7E] -> 0x2AA5
[6299] [M]: 0x0000000080031F7C (0x2AA58593) addi a1, a1, 682
x11 <- 0x000002AAAAAAAAAA
clint::tick mtime <- 0x000000000000003F
 clint timer pending at mtime 0x000000000000003F
htif::tick 0x0000000000000000
mem[X,0x0000000080031F80] -> 0x9593
mem[X,0x0000000080031F82] -> 0x00B5
[6300] [M]: 0x0000000080031F80 (0x00B59593) slli a1, a1, 11
x11 <- 0x0015555555555000
mem[X,0x0000000080031F84] -> 0x8593
mem[X,0x0000000080031F86] -> 0x5555
[6301] [M]: 0x0000000080031F84 (0x55558593) addi a1, a1, 1365
x11 <- 0x0015555555555555
mem[X,0x0000000080031F88] -> 0x9593
mem[X,0x0000000080031F8A] -> 0x00A5
[6302] [M]: 0x0000000080031F88 (0x00A59593) slli a1, a1, 10
x11 <- 0x5555555555555400
mem[X,0x0000000080031F8C] -> 0x8593
mem[X,0x0000000080031F8E] -> 0x1555
[6303] [M]: 0x0000000080031F8C (0x15558593) addi a1, a1, 341
x11 <- 0x5555555555555555
mem[X,0x0000000080031F90] -> 0x0113
mem[X,0x0000000080031F92] -> 0x0000
[6304] [M]: 0x0000000080031F90 (0x00000113) addi sp, zero, 0
x2 <- 0x0000000000000000
mem[X,0x0000000080031F94] -> 0x006F
mem[X,0x0000000080031F96] -> 0x00C0
[6305] [M]: 0x0000000080031F94 (0x00C0006F) jal zero, 12
mem[X,0x0000000080031FA0] -> 0x4063
mem[X,0x0000000080031FA2] -> 0x04B5
[6306] [M]: 0x0000000080031FA0 (0x04B54063) blt a0, a1, 64
mem[X,0x0000000080031FE0] -> 0x0113
mem[X,0x0000000080031FE2] -> 0x0031
[6307] [M]: 0x0000000080031FE0 (0x00310113) addi sp, sp, 3
x2 <- 0x0000000000000003
mem[X,0x0000000080031FE4] -> 0x006F
mem[X,0x0000000080031FE6] -> 0x0040
[6308] [M]: 0x0000000080031FE4 (0x0040006F) jal zero, 4
mem[X,0x0000000080031FE8] -> 0xB423
mem[X,0x0000000080031FEA] -> 0x4020
[6309] [M]: 0x0000000080031FE8 (0x4020B423) sd sp, 1032(ra)
mem[0x000000008004FDE0] <- 0x0000000000000003
mem[X,0x0000000080031FEC] -> 0x0513
mem[X,0x0000000080031FEE] -> 0x0000
[6310] [M]: 0x0000000080031FEC (0x00000513) addi a0, zero, 0
x10 <- 0x0000000000000000
mem[X,0x0000000080031FF0] -> 0xB5B7
mem[X,0x0000000080031FF2] -> 0xAAAA
[6311] [M]: 0x0000000080031FF0 (0xAAAAB5B7) lui a1, 699051
x11 <- 0xFFFFFFFFAAAAB000
mem[X,0x0000000080031FF4] -> 0x8593
mem[X,0x0000000080031FF6] -> 0xAAA5
[6312] [M]: 0x0000000080031FF4 (0xAAA58593) addi a1, a1, 2730
x11 <- 0xFFFFFFFFAAAAAAAA
mem[X,0x0000000080031FF8] -> 0x9593
mem[X,0x0000000080031FFA] -> 0x00B5
[6313] [M]: 0x0000000080031FF8 (0x00B59593) slli a1, a1, 11
x11 <- 0xFFFFFD5555555000
mem[X,0x0000000080031FFC] -> 0x8593
mem[X,0x0000000080031FFE] -> 0x5555
[6314] [M]: 0x0000000080031FFC (0x55558593) addi a1, a1, 1365
x11 <- 0xFFFFFD5555555555
mem[X,0x0000000080032000] -> 0x9593
mem[X,0x0000000080032002] -> 0x00B5
[6315] [M]: 0x0000000080032000 (0x00B59593) slli a1, a1, 11
x11 <- 0xFFEAAAAAAAAAA800
mem[X,0x0000000080032004] -> 0x8593
mem[X,0x0000000080032006] -> 0x2AA5
[6316] [M]: 0x0000000080032004 (0x2AA58593) addi a1, a1, 682
x11 <- 0xFFEAAAAAAAAAAAAA
mem[X,0x0000000080032008] -> 0x9593
mem[X,0x000000008003200A] -> 0x00A5
[6317] [M]: 0x0000000080032008 (0x00A59593) slli a1, a1, 10
x11 <- 0xAAAAAAAAAAAAA800
mem[X,0x000000008003200C] -> 0x8593
mem[X,0x000000008003200E] -> 0x2AA5
[6318] [M]: 0x000000008003200C (0x2AA58593) addi a1, a1, 682
x11 <- 0xAAAAAAAAAAAAAAAA
mem[X,0x0000000080032010] -> 0x0113
mem[X,0x0000000080032012] -> 0x0000
[6319] [M]: 0x0000000080032010 (0x00000113) addi sp, zero, 0
x2 <- 0x0000000000000000
mem[X,0x0000000080032014] -> 0x006F
mem[X,0x0000000080032016] -> 0x00C0
[6320] [M]: 0x0000000080032014 (0x00C0006F) jal zero, 12
mem[X,0x0000000080032020] -> 0x4663
mem[X,0x0000000080032022] -> 0x00B5
[6321] [M]: 0x0000000080032020 (0x00B54663) blt a0, a1, 12
mem[X,0x0000000080032024] -> 0x0113
mem[X,0x0000000080032026] -> 0x0021
[6322] [M]: 0x0000000080032024 (0x00210113) addi sp, sp, 2
x2 <- 0x0000000000000002
mem[X,0x0000000080032028] -> 0x006F
mem[X,0x000000008003202A] -> 0x00C0
[6323] [M]: 0x0000000080032028 (0x00C0006F) jal zero, 12
mem[X,0x0000000080032034] -> 0xB823
mem[X,0x0000000080032036] -> 0x4020
[6324] [M]: 0x0000000080032034 (0x4020B823) sd sp, 1040(ra)
mem[0x000000008004FDE8] <- 0x0000000000000002
mem[X,0x0000000080032038] -> 0x0513
mem[X,0x000000008003203A] -> 0x0000
[6325] [M]: 0x0000000080032038 (0x00000513) addi a0, zero, 0
x10 <- 0x0000000000000000
mem[X,0x000000008003203C] -> 0x0593
mem[X,0x000000008003203E] -> 0x0050
[6326] [M]: 0x000000008003203C (0x00500593) addi a1, zero, 5
x11 <- 0x0000000000000005
mem[X,0x0000000080032040] -> 0x0113
mem[X,0x0000000080032042] -> 0x0000
[6327] [M]: 0x0000000080032040 (0x00000113) addi sp, zero, 0
x2 <- 0x0000000000000000
mem[X,0x0000000080032044] -> 0x006F
mem[X,0x0000000080032046] -> 0x00C0
[6328] [M]: 0x0000000080032044 (0x00C0006F) jal zero, 12
mem[X,0x0000000080032050] -> 0x4CE3
mem[X,0x0000000080032052] -> 0xFEB5
[6329] [M]: 0x0000000080032050 (0xFEB54CE3) blt a0, a1, 8184
mem[X,0x0000000080032048] -> 0x0113
mem[X,0x000000008003204A] -> 0x0011
[6330] [M]: 0x0000000080032048 (0x00110113) addi sp, sp, 1
x2 <- 0x0000000000000001
mem[X,0x000000008003204C] -> 0x006F
mem[X,0x000000008003204E] -> 0x0180
[6331] [M]: 0x000000008003204C (0x0180006F) jal zero, 24
mem[X,0x0000000080032064] -> 0xBC23
mem[X,0x0000000080032066] -> 0x4020
[6332] [M]: 0x0000000080032064 (0x4020BC23) sd sp, 1048(ra)
mem[0x000000008004FDF0] <- 0x0000000000000001
mem[X,0x0000000080032068] -> 0x0513
mem[X,0x000000008003206A] -> 0x0000
[6333] [M]: 0x0000000080032068 (0x00000513) addi a0, zero, 0
x10 <- 0x0000000000000000
mem[X,0x000000008003206C] -> 0x35B7
mem[X,0x000000008003206E] -> 0x3333
[6334] [M]: 0x000000008003206C (0x333335B7) lui a1, 209715
x11 <- 0x0000000033333000
mem[X,0x0000000080032070] -> 0x8593
mem[X,0x0000000080032072] -> 0x3335
[6335] [M]: 0x0000000080032070 (0x33358593) addi a1, a1, 819
x11 <- 0x0000000033333333
mem[X,0x0000000080032074] -> 0x9593
mem[X,0x0000000080032076] -> 0x00B5
[6336] [M]: 0x0000000080032074 (0x00B59593) slli a1, a1, 11
x11 <- 0x0000019999999800
mem[X,0x0000000080032078] -> 0x8593
mem[X,0x000000008003207A] -> 0x1995
[6337] [M]: 0x0000000080032078 (0x19958593) addi a1, a1, 409
x11 <- 0x0000019999999999
mem[X,0x000000008003207C] -> 0x9593
mem[X,0x000000008003207E] -> 0x00B5
[6338] [M]: 0x000000008003207C (0x00B59593) slli a1, a1, 11
x11 <- 0x000CCCCCCCCCC800
mem[X,0x0000000080032080] -> 0x8593
mem[X,0x0000000080032082] -> 0x4CC5
[6339] [M]: 0x0000000080032080 (0x4CC58593) addi a1, a1, 1228
x11 <- 0x000CCCCCCCCCCCCC
mem[X,0x0000000080032084] -> 0x9593
mem[X,0x0000000080032086] -> 0x00A5
[6340] [M]: 0x0000000080032084 (0x00A59593) slli a1, a1, 10
x11 <- 0x3333333333333000
mem[X,0x0000000080032088] -> 0x8593
mem[X,0x000000008003208A] -> 0x3335
[6341] [M]: 0x0000000080032088 (0x33358593) addi a1, a1, 819
x11 <- 0x3333333333333333
mem[X,0x000000008003208C] -> 0x0113
mem[X,0x000000008003208E] -> 0x0000
[6342] [M]: 0x000000008003208C (0x00000113) addi sp, zero, 0
x2 <- 0x0000000000000000
mem[X,0x0000000080032090] -> 0x006F
mem[X,0x0000000080032092] -> 0x00C0
[6343] [M]: 0x0000000080032090 (0x00C0006F) jal zero, 12
mem[X,0x000000008003209C] -> 0x4063
mem[X,0x000000008003209E] -> 0x40B5
[6344] [M]: 0x000000008003209C (0x40B54063) blt a0, a1, 1024
mem[X,0x000000008003249C] -> 0x0113
mem[X,0x000000008003249E] -> 0x0031
[6345] [M]: 0x000000008003249C (0x00310113) addi sp, sp, 3
x2 <- 0x0000000000000003
mem[X,0x00000000800324A0] -> 0x006F
mem[X,0x00000000800324A2] -> 0x0040
[6346] [M]: 0x00000000800324A0 (0x0040006F) jal zero, 4
mem[X,0x00000000800324A4] -> 0xB023
mem[X,0x00000000800324A6] -> 0x4220
[6347] [M]: 0x00000000800324A4 (0x4220B023) sd sp, 1056(ra)
mem[0x000000008004FDF8] <- 0x0000000000000003
mem[X,0x00000000800324A8] -> 0x0513
mem[X,0x00000000800324AA] -> 0x0000
[6348] [M]: 0x00000000800324A8 (0x00000513) addi a0, zero, 0
x10 <- 0x0000000000000000
mem[X,0x00000000800324AC] -> 0x65B7
mem[X,0x00000000800324AE] -> 0x6666
[6349] [M]: 0x00000000800324AC (0x666665B7) lui a1, 419430
x11 <- 0x0000000066666000
mem[X,0x00000000800324B0] -> 0x8593
mem[X,0x00000000800324B2] -> 0x6665
[6350] [M]: 0x00000000800324B0 (0x66658593) addi a1, a1, 1638
x11 <- 0x0000000066666666
mem[X,0x00000000800324B4] -> 0x9593
mem[X,0x00000000800324B6] -> 0x00B5
[6351] [M]: 0x00000000800324B4 (0x00B59593) slli a1, a1, 11
x11 <- 0x0000033333333000
mem[X,0x00000000800324B8] -> 0x8593
mem[X,0x00000000800324BA] -> 0x3335
[6352] [M]: 0x00000000800324B8 (0x33358593) addi a1, a1, 819
x11 <- 0x0000033333333333
mem[X,0x00000000800324BC] -> 0x9593
mem[X,0x00000000800324BE] -> 0x00B5
[6353] [M]: 0x00000000800324BC (0x00B59593) slli a1, a1, 11
x11 <- 0x0019999999999800
mem[X,0x00000000800324C0] -> 0x8593
mem[X,0x00000000800324C2] -> 0x1995
[6354] [M]: 0x00000000800324C0 (0x19958593) addi a1, a1, 409
x11 <- 0x0019999999999999
mem[X,0x00000000800324C4] -> 0x9593
mem[X,0x00000000800324C6] -> 0x00A5
[6355] [M]: 0x00000000800324C4 (0x00A59593) slli a1, a1, 10
x11 <- 0x6666666666666400
mem[X,0x00000000800324C8] -> 0x8593
mem[X,0x00000000800324CA] -> 0x2665
[6356] [M]: 0x00000000800324C8 (0x26658593) addi a1, a1, 614
x11 <- 0x6666666666666666
mem[X,0x00000000800324CC] -> 0x0113
mem[X,0x00000000800324CE] -> 0x0000
[6357] [M]: 0x00000000800324CC (0x00000113) addi sp, zero, 0
x2 <- 0x0000000000000000
mem[X,0x00000000800324D0] -> 0x006F
mem[X,0x00000000800324D2] -> 0x00C0
[6358] [M]: 0x00000000800324D0 (0x00C0006F) jal zero, 12
mem[X,0x00000000800324DC] -> 0x4663
mem[X,0x00000000800324DE] -> 0x00B5
[6359] [M]: 0x00000000800324DC (0x00B54663) blt a0, a1, 12
mem[X,0x00000000800324E8] -> 0x0113
mem[X,0x00000000800324EA] -> 0x0031
[6360] [M]: 0x00000000800324E8 (0x00310113) addi sp, sp, 3
x2 <- 0x0000000000000003
mem[X,0x00000000800324EC] -> 0x006F
mem[X,0x00000000800324EE] -> 0x0040
[6361] [M]: 0x00000000800324EC (0x0040006F) jal zero, 4
mem[X,0x00000000800324F0] -> 0xB423
mem[X,0x00000000800324F2] -> 0x4220
[6362] [M]: 0x00000000800324F0 (0x4220B423) sd sp, 1064(ra)
mem[0x000000008004FE00] <- 0x0000000000000003
mem[X,0x00000000800324F4] -> 0x0513
mem[X,0x00000000800324F6] -> 0x0000
[6363] [M]: 0x00000000800324F4 (0x00000513) addi a0, zero, 0
x10 <- 0x0000000000000000
mem[X,0x00000000800324F8] -> 0x05B7
mem[X,0x00000000800324FA] -> 0x0000
[6364] [M]: 0x00000000800324F8 (0x000005B7) lui a1, 0
x11 <- 0x0000000000000000
mem[X,0x00000000800324FC] -> 0x8593
mem[X,0x00000000800324FE] -> 0xFFF5
[6365] [M]: 0x00000000800324FC (0xFFF58593) addi a1, a1, 4095
x11 <- 0xFFFFFFFFFFFFFFFF
mem[X,0x0000000080032500] -> 0x9593
mem[X,0x0000000080032502] -> 0x00B5
[6366] [M]: 0x0000000080032500 (0x00B59593) slli a1, a1, 11
x11 <- 0xFFFFFFFFFFFFF800
mem[X,0x0000000080032504] -> 0x8593
mem[X,0x0000000080032506] -> 0x2575
[6367] [M]: 0x0000000080032504 (0x25758593) addi a1, a1, 599
x11 <- 0xFFFFFFFFFFFFFA57
mem[X,0x0000000080032508] -> 0x9593
mem[X,0x000000008003250A] -> 0x00B5
[6368] [M]: 0x0000000080032508 (0x00B59593) slli a1, a1, 11
x11 <- 0xFFFFFFFFFFD2B800
mem[X,0x000000008003250C] -> 0x8593
mem[X,0x000000008003250E] -> 0x6C35
[6369] [M]: 0x000000008003250C (0x6C358593) addi a1, a1, 1731
x11 <- 0xFFFFFFFFFFD2BEC3
mem[X,0x0000000080032510] -> 0x9593
mem[X,0x0000000080032512] -> 0x00A5
[6370] [M]: 0x0000000080032510 (0x00A59593) slli a1, a1, 10
x11 <- 0xFFFFFFFF4AFB0C00
mem[X,0x0000000080032514] -> 0x8593
mem[X,0x0000000080032516] -> 0x0CD5
[6371] [M]: 0x0000000080032514 (0x0CD58593) addi a1, a1, 205
x11 <- 0xFFFFFFFF4AFB0CCD
mem[X,0x0000000080032518] -> 0x0113
mem[X,0x000000008003251A] -> 0x0000
[6372] [M]: 0x0000000080032518 (0x00000113) addi sp, zero, 0
x2 <- 0x0000000000000000
mem[X,0x000000008003251C] -> 0x006F
mem[X,0x000000008003251E] -> 0x00C0
[6373] [M]: 0x000000008003251C (0x00C0006F) jal zero, 12
mem[X,0x0000000080032528] -> 0x4063
mem[X,0x000000008003252A] -> 0x40B5
[6374] [M]: 0x0000000080032528 (0x40B54063) blt a0, a1, 1024
mem[X,0x000000008003252C] -> 0x0113
mem[X,0x000000008003252E] -> 0x0021
[6375] [M]: 0x000000008003252C (0x00210113) addi sp, sp, 2
x2 <- 0x0000000000000002
mem[X,0x0000000080032530] -> 0x006F
mem[X,0x0000000080032532] -> 0x4000
[6376] [M]: 0x0000000080032530 (0x4000006F) jal zero, 1024
mem[X,0x0000000080032930] -> 0xB823
mem[X,0x0000000080032932] -> 0x4220
[6377] [M]: 0x0000000080032930 (0x4220B823) sd sp, 1072(ra)
mem[0x000000008004FE08] <- 0x0000000000000002
mem[X,0x0000000080032934] -> 0x0513
mem[X,0x0000000080032936] -> 0x0000
[6378] [M]: 0x0000000080032934 (0x00000513) addi a0, zero, 0
x10 <- 0x0000000000000000
mem[X,0x0000000080032938] -> 0x05B7
mem[X,0x000000008003293A] -> 0x0000
[6379] [M]: 0x0000000080032938 (0x000005B7) lui a1, 0
x11 <- 0x0000000000000000
mem[X,0x000000008003293C] -> 0x8593
mem[X,0x000000008003293E] -> 0x0005
[6380] [M]: 0x000000008003293C (0x00058593) addi a1, a1, 0
x11 <- 0x0000000000000000
mem[X,0x0000000080032940] -> 0x9593
mem[X,0x0000000080032942] -> 0x00B5
[6381] [M]: 0x0000000080032940 (0x00B59593) slli a1, a1, 11
x11 <- 0x0000000000000000
mem[X,0x0000000080032944] -> 0x8593
mem[X,0x0000000080032946] -> 0x5A85
[6382] [M]: 0x0000000080032944 (0x5A858593) addi a1, a1, 1448
x11 <- 0x00000000000005A8
mem[X,0x0000000080032948] -> 0x9593
mem[X,0x000000008003294A] -> 0x00B5
[6383] [M]: 0x0000000080032948 (0x00B59593) slli a1, a1, 11
x11 <- 0x00000000002D4000
mem[X,0x000000008003294C] -> 0x8593
mem[X,0x000000008003294E] -> 0x13C5
[6384] [M]: 0x000000008003294C (0x13C58593) addi a1, a1, 316
x11 <- 0x00000000002D413C
mem[X,0x0000000080032950] -> 0x9593
mem[X,0x0000000080032952] -> 0x00A5
[6385] [M]: 0x0000000080032950 (0x00A59593) slli a1, a1, 10
x11 <- 0x00000000B504F000
mem[X,0x0000000080032954] -> 0x8593
mem[X,0x0000000080032956] -> 0x3335
[6386] [M]: 0x0000000080032954 (0x33358593) addi a1, a1, 819
x11 <- 0x00000000B504F333
mem[X,0x0000000080032958] -> 0x0113
mem[X,0x000000008003295A] -> 0x0000
[6387] [M]: 0x0000000080032958 (0x00000113) addi sp, zero, 0
x2 <- 0x0000000000000000
mem[X,0x000000008003295C] -> 0x006F
mem[X,0x000000008003295E] -> 0x00C0
[6388] [M]: 0x000000008003295C (0x00C0006F) jal zero, 12
mem[X,0x0000000080032968] -> 0x4CE3
mem[X,0x000000008003296A] -> 0xFEB5
[6389] [M]: 0x0000000080032968 (0xFEB54CE3) blt a0, a1, 8184
mem[X,0x0000000080032960] -> 0x0113
mem[X,0x0000000080032962] -> 0x0011
[6390] [M]: 0x0000000080032960 (0x00110113) addi sp, sp, 1
x2 <- 0x0000000000000001
mem[X,0x0000000080032964] -> 0x006F
mem[X,0x0000000080032966] -> 0x0180
[6391] [M]: 0x0000000080032964 (0x0180006F) jal zero, 24
mem[X,0x000000008003297C] -> 0xBC23
mem[X,0x000000008003297E] -> 0x4220
[6392] [M]: 0x000000008003297C (0x4220BC23) sd sp, 1080(ra)
mem[0x000000008004FE10] <- 0x0000000000000001
mem[X,0x0000000080032980] -> 0x0513
mem[X,0x0000000080032982] -> 0x0040
[6393] [M]: 0x0000000080032980 (0x00400513) addi a0, zero, 4
x10 <- 0x0000000000000004
mem[X,0x0000000080032984] -> 0x0593
mem[X,0x0000000080032986] -> 0x0030
[6394] [M]: 0x0000000080032984 (0x00300593) addi a1, zero, 3
x11 <- 0x0000000000000003
mem[X,0x0000000080032988] -> 0x0113
mem[X,0x000000008003298A] -> 0x0000
[6395] [M]: 0x0000000080032988 (0x00000113) addi sp, zero, 0
x2 <- 0x0000000000000000
mem[X,0x000000008003298C] -> 0x006F
mem[X,0x000000008003298E] -> 0x00C0
[6396] [M]: 0x000000008003298C (0x00C0006F) jal zero, 12
mem[X,0x0000000080032998] -> 0x4063
mem[X,0x000000008003299A] -> 0x08B5
[6397] [M]: 0x0000000080032998 (0x08B54063) blt a0, a1, 128
mem[X,0x000000008003299C] -> 0x0113
mem[X,0x000000008003299E] -> 0x0021
[6398] [M]: 0x000000008003299C (0x00210113) addi sp, sp, 2
x2 <- 0x0000000000000002
mem[X,0x00000000800329A0] -> 0x006F
mem[X,0x00000000800329A2] -> 0x0800
[6399] [M]: 0x00000000800329A0 (0x0800006F) jal zero, 128
clint::tick mtime <- 0x0000000000000040
 clint timer pending at mtime 0x0000000000000040
htif::tick 0x0000000000000000
mem[X,0x0000000080032A20] -> 0xB023
mem[X,0x0000000080032A22] -> 0x4420
[6400] [M]: 0x0000000080032A20 (0x4420B023) sd sp, 1088(ra)
mem[0x000000008004FE18] <- 0x0000000000000002
mem[X,0x0000000080032A24] -> 0x0513
mem[X,0x0000000080032A26] -> 0x0040
[6401] [M]: 0x0000000080032A24 (0x00400513) addi a0, zero, 4
x10 <- 0x0000000000000004
mem[X,0x0000000080032A28] -> 0x55B7
mem[X,0x0000000080032A2A] -> 0x5555
[6402] [M]: 0x0000000080032A28 (0x555555B7) lui a1, 349525
x11 <- 0x0000000055555000
mem[X,0x0000000080032A2C] -> 0x8593
mem[X,0x0000000080032A2E] -> 0x5555
[6403] [M]: 0x0000000080032A2C (0x55558593) addi a1, a1, 1365
x11 <- 0x0000000055555555
mem[X,0x0000000080032A30] -> 0x9593
mem[X,0x0000000080032A32] -> 0x00B5
[6404] [M]: 0x0000000080032A30 (0x00B59593) slli a1, a1, 11
x11 <- 0x000002AAAAAAA800
mem[X,0x0000000080032A34] -> 0x8593
mem[X,0x0000000080032A36] -> 0x2AA5
[6405] [M]: 0x0000000080032A34 (0x2AA58593) addi a1, a1, 682
x11 <- 0x000002AAAAAAAAAA
mem[X,0x0000000080032A38] -> 0x9593
mem[X,0x0000000080032A3A] -> 0x00B5
[6406] [M]: 0x0000000080032A38 (0x00B59593) slli a1, a1, 11
x11 <- 0x0015555555555000
mem[X,0x0000000080032A3C] -> 0x8593
mem[X,0x0000000080032A3E] -> 0x5555
[6407] [M]: 0x0000000080032A3C (0x55558593) addi a1, a1, 1365
x11 <- 0x0015555555555555
mem[X,0x0000000080032A40] -> 0x9593
mem[X,0x0000000080032A42] -> 0x00A5
[6408] [M]: 0x0000000080032A40 (0x00A59593) slli a1, a1, 10
x11 <- 0x5555555555555400
mem[X,0x0000000080032A44] -> 0x8593
mem[X,0x0000000080032A46] -> 0x1555
[6409] [M]: 0x0000000080032A44 (0x15558593) addi a1, a1, 341
x11 <- 0x5555555555555555
mem[X,0x0000000080032A48] -> 0x0113
mem[X,0x0000000080032A4A] -> 0x0000
[6410] [M]: 0x0000000080032A48 (0x00000113) addi sp, zero, 0
x2 <- 0x0000000000000000
mem[X,0x0000000080032A4C] -> 0x006F
mem[X,0x0000000080032A4E] -> 0x00C0
[6411] [M]: 0x0000000080032A4C (0x00C0006F) jal zero, 12
mem[X,0x0000000080032A58] -> 0x4CE3
mem[X,0x0000000080032A5A] -> 0xFEB5
[6412] [M]: 0x0000000080032A58 (0xFEB54CE3) blt a0, a1, 8184
mem[X,0x0000000080032A50] -> 0x0113
mem[X,0x0000000080032A52] -> 0x0011
[6413] [M]: 0x0000000080032A50 (0x00110113) addi sp, sp, 1
x2 <- 0x0000000000000001
mem[X,0x0000000080032A54] -> 0x006F
mem[X,0x0000000080032A56] -> 0x0180
[6414] [M]: 0x0000000080032A54 (0x0180006F) jal zero, 24
mem[X,0x0000000080032A6C] -> 0xB423
mem[X,0x0000000080032A6E] -> 0x4420
[6415] [M]: 0x0000000080032A6C (0x4420B423) sd sp, 1096(ra)
mem[0x000000008004FE20] <- 0x0000000000000001
mem[X,0x0000000080032A70] -> 0x0513
mem[X,0x0000000080032A72] -> 0x0040
[6416] [M]: 0x0000000080032A70 (0x00400513) addi a0, zero, 4
x10 <- 0x0000000000000004
mem[X,0x0000000080032A74] -> 0xB5B7
mem[X,0x0000000080032A76] -> 0xAAAA
[6417] [M]: 0x0000000080032A74 (0xAAAAB5B7) lui a1, 699051
x11 <- 0xFFFFFFFFAAAAB000
mem[X,0x0000000080032A78] -> 0x8593
mem[X,0x0000000080032A7A] -> 0xAAA5
[6418] [M]: 0x0000000080032A78 (0xAAA58593) addi a1, a1, 2730
x11 <- 0xFFFFFFFFAAAAAAAA
mem[X,0x0000000080032A7C] -> 0x9593
mem[X,0x0000000080032A7E] -> 0x00B5
[6419] [M]: 0x0000000080032A7C (0x00B59593) slli a1, a1, 11
x11 <- 0xFFFFFD5555555000
mem[X,0x0000000080032A80] -> 0x8593
mem[X,0x0000000080032A82] -> 0x5555
[6420] [M]: 0x0000000080032A80 (0x55558593) addi a1, a1, 1365
x11 <- 0xFFFFFD5555555555
mem[X,0x0000000080032A84] -> 0x9593
mem[X,0x0000000080032A86] -> 0x00B5
[6421] [M]: 0x0000000080032A84 (0x00B59593) slli a1, a1, 11
x11 <- 0xFFEAAAAAAAAAA800
mem[X,0x0000000080032A88] -> 0x8593
mem[X,0x0000000080032A8A] -> 0x2AA5
[6422] [M]: 0x0000000080032A88 (0x2AA58593) addi a1, a1, 682
x11 <- 0xFFEAAAAAAAAAAAAA
mem[X,0x0000000080032A8C] -> 0x9593
mem[X,0x0000000080032A8E] -> 0x00A5
[6423] [M]: 0x0000000080032A8C (0x00A59593) slli a1, a1, 10
x11 <- 0xAAAAAAAAAAAAA800
mem[X,0x0000000080032A90] -> 0x8593
mem[X,0x0000000080032A92] -> 0x2AA5
[6424] [M]: 0x0000000080032A90 (0x2AA58593) addi a1, a1, 682
x11 <- 0xAAAAAAAAAAAAAAAA
mem[X,0x0000000080032A94] -> 0x0113
mem[X,0x0000000080032A96] -> 0x0000
[6425] [M]: 0x0000000080032A94 (0x00000113) addi sp, zero, 0
x2 <- 0x0000000000000000
mem[X,0x0000000080032A98] -> 0x006F
mem[X,0x0000000080032A9A] -> 0x00C0
[6426] [M]: 0x0000000080032A98 (0x00C0006F) jal zero, 12
mem[X,0x0000000080032AA4] -> 0x4063
mem[X,0x0000000080032AA6] -> 0x04B5
[6427] [M]: 0x0000000080032AA4 (0x04B54063) blt a0, a1, 64
mem[X,0x0000000080032AA8] -> 0x0113
mem[X,0x0000000080032AAA] -> 0x0021
[6428] [M]: 0x0000000080032AA8 (0x00210113) addi sp, sp, 2
x2 <- 0x0000000000000002
mem[X,0x0000000080032AAC] -> 0x006F
mem[X,0x0000000080032AAE] -> 0x0400
[6429] [M]: 0x0000000080032AAC (0x0400006F) jal zero, 64
mem[X,0x0000000080032AEC] -> 0xB823
mem[X,0x0000000080032AEE] -> 0x4420
[6430] [M]: 0x0000000080032AEC (0x4420B823) sd sp, 1104(ra)
mem[0x000000008004FE28] <- 0x0000000000000002
mem[X,0x0000000080032AF0] -> 0x0513
mem[X,0x0000000080032AF2] -> 0x0040
[6431] [M]: 0x0000000080032AF0 (0x00400513) addi a0, zero, 4
x10 <- 0x0000000000000004
mem[X,0x0000000080032AF4] -> 0x0593
mem[X,0x0000000080032AF6] -> 0x0050
[6432] [M]: 0x0000000080032AF4 (0x00500593) addi a1, zero, 5
x11 <- 0x0000000000000005
mem[X,0x0000000080032AF8] -> 0x0113
mem[X,0x0000000080032AFA] -> 0x0000
[6433] [M]: 0x0000000080032AF8 (0x00000113) addi sp, zero, 0
x2 <- 0x0000000000000000
mem[X,0x0000000080032AFC] -> 0x006F
mem[X,0x0000000080032AFE] -> 0x0180
[6434] [M]: 0x0000000080032AFC (0x0180006F) jal zero, 24
mem[X,0x0000000080032B14] -> 0x46E3
mem[X,0x0000000080032B16] -> 0xFEB5
[6435] [M]: 0x0000000080032B14 (0xFEB546E3) blt a0, a1, 8172
mem[X,0x0000000080032B00] -> 0x0113
mem[X,0x0000000080032B02] -> 0x0011
[6436] [M]: 0x0000000080032B00 (0x00110113) addi sp, sp, 1
x2 <- 0x0000000000000001
mem[X,0x0000000080032B04] -> 0x006F
mem[X,0x0000000080032B06] -> 0x0240
[6437] [M]: 0x0000000080032B04 (0x0240006F) jal zero, 36
mem[X,0x0000000080032B28] -> 0xBC23
mem[X,0x0000000080032B2A] -> 0x4420
[6438] [M]: 0x0000000080032B28 (0x4420BC23) sd sp, 1112(ra)
mem[0x000000008004FE30] <- 0x0000000000000001
mem[X,0x0000000080032B2C] -> 0x0513
mem[X,0x0000000080032B2E] -> 0x0040
[6439] [M]: 0x0000000080032B2C (0x00400513) addi a0, zero, 4
x10 <- 0x0000000000000004
mem[X,0x0000000080032B30] -> 0x35B7
mem[X,0x0000000080032B32] -> 0x3333
[6440] [M]: 0x0000000080032B30 (0x333335B7) lui a1, 209715
x11 <- 0x0000000033333000
mem[X,0x0000000080032B34] -> 0x8593
mem[X,0x0000000080032B36] -> 0x3335
[6441] [M]: 0x0000000080032B34 (0x33358593) addi a1, a1, 819
x11 <- 0x0000000033333333
mem[X,0x0000000080032B38] -> 0x9593
mem[X,0x0000000080032B3A] -> 0x00B5
[6442] [M]: 0x0000000080032B38 (0x00B59593) slli a1, a1, 11
x11 <- 0x0000019999999800
mem[X,0x0000000080032B3C] -> 0x8593
mem[X,0x0000000080032B3E] -> 0x1995
[6443] [M]: 0x0000000080032B3C (0x19958593) addi a1, a1, 409
x11 <- 0x0000019999999999
mem[X,0x0000000080032B40] -> 0x9593
mem[X,0x0000000080032B42] -> 0x00B5
[6444] [M]: 0x0000000080032B40 (0x00B59593) slli a1, a1, 11
x11 <- 0x000CCCCCCCCCC800
mem[X,0x0000000080032B44] -> 0x8593
mem[X,0x0000000080032B46] -> 0x4CC5
[6445] [M]: 0x0000000080032B44 (0x4CC58593) addi a1, a1, 1228
x11 <- 0x000CCCCCCCCCCCCC
mem[X,0x0000000080032B48] -> 0x9593
mem[X,0x0000000080032B4A] -> 0x00A5
[6446] [M]: 0x0000000080032B48 (0x00A59593) slli a1, a1, 10
x11 <- 0x3333333333333000
mem[X,0x0000000080032B4C] -> 0x8593
mem[X,0x0000000080032B4E] -> 0x3335
[6447] [M]: 0x0000000080032B4C (0x33358593) addi a1, a1, 819
x11 <- 0x3333333333333333
mem[X,0x0000000080032B50] -> 0x0113
mem[X,0x0000000080032B52] -> 0x0000
[6448] [M]: 0x0000000080032B50 (0x00000113) addi sp, zero, 0
x2 <- 0x0000000000000000
mem[X,0x0000000080032B54] -> 0x006F
mem[X,0x0000000080032B56] -> 0x00C0
[6449] [M]: 0x0000000080032B54 (0x00C0006F) jal zero, 12
mem[X,0x0000000080032B60] -> 0x4663
mem[X,0x0000000080032B62] -> 0x00B5
[6450] [M]: 0x0000000080032B60 (0x00B54663) blt a0, a1, 12
mem[X,0x0000000080032B6C] -> 0x0113
mem[X,0x0000000080032B6E] -> 0x0031
[6451] [M]: 0x0000000080032B6C (0x00310113) addi sp, sp, 3
x2 <- 0x0000000000000003
mem[X,0x0000000080032B70] -> 0x006F
mem[X,0x0000000080032B72] -> 0x0040
[6452] [M]: 0x0000000080032B70 (0x0040006F) jal zero, 4
mem[X,0x0000000080032B74] -> 0xB023
mem[X,0x0000000080032B76] -> 0x4620
[6453] [M]: 0x0000000080032B74 (0x4620B023) sd sp, 1120(ra)
mem[0x000000008004FE38] <- 0x0000000000000003
mem[X,0x0000000080032B78] -> 0x0513
mem[X,0x0000000080032B7A] -> 0x0040
[6454] [M]: 0x0000000080032B78 (0x00400513) addi a0, zero, 4
x10 <- 0x0000000000000004
mem[X,0x0000000080032B7C] -> 0x65B7
mem[X,0x0000000080032B7E] -> 0x6666
[6455] [M]: 0x0000000080032B7C (0x666665B7) lui a1, 419430
x11 <- 0x0000000066666000
mem[X,0x0000000080032B80] -> 0x8593
mem[X,0x0000000080032B82] -> 0x6665
[6456] [M]: 0x0000000080032B80 (0x66658593) addi a1, a1, 1638
x11 <- 0x0000000066666666
mem[X,0x0000000080032B84] -> 0x9593
mem[X,0x0000000080032B86] -> 0x00B5
[6457] [M]: 0x0000000080032B84 (0x00B59593) slli a1, a1, 11
x11 <- 0x0000033333333000
mem[X,0x0000000080032B88] -> 0x8593
mem[X,0x0000000080032B8A] -> 0x3335
[6458] [M]: 0x0000000080032B88 (0x33358593) addi a1, a1, 819
x11 <- 0x0000033333333333
mem[X,0x0000000080032B8C] -> 0x9593
mem[X,0x0000000080032B8E] -> 0x00B5
[6459] [M]: 0x0000000080032B8C (0x00B59593) slli a1, a1, 11
x11 <- 0x0019999999999800
mem[X,0x0000000080032B90] -> 0x8593
mem[X,0x0000000080032B92] -> 0x1995
[6460] [M]: 0x0000000080032B90 (0x19958593) addi a1, a1, 409
x11 <- 0x0019999999999999
mem[X,0x0000000080032B94] -> 0x9593
mem[X,0x0000000080032B96] -> 0x00A5
[6461] [M]: 0x0000000080032B94 (0x00A59593) slli a1, a1, 10
x11 <- 0x6666666666666400
mem[X,0x0000000080032B98] -> 0x8593
mem[X,0x0000000080032B9A] -> 0x2665
[6462] [M]: 0x0000000080032B98 (0x26658593) addi a1, a1, 614
x11 <- 0x6666666666666666
mem[X,0x0000000080032B9C] -> 0x0113
mem[X,0x0000000080032B9E] -> 0x0000
[6463] [M]: 0x0000000080032B9C (0x00000113) addi sp, zero, 0
x2 <- 0x0000000000000000
mem[X,0x0000000080032BA0] -> 0x006F
mem[X,0x0000000080032BA2] -> 0x00C0
[6464] [M]: 0x0000000080032BA0 (0x00C0006F) jal zero, 12
mem[X,0x0000000080032BAC] -> 0x4663
mem[X,0x0000000080032BAE] -> 0x00B5
[6465] [M]: 0x0000000080032BAC (0x00B54663) blt a0, a1, 12
mem[X,0x0000000080032BB8] -> 0x0113
mem[X,0x0000000080032BBA] -> 0x0031
[6466] [M]: 0x0000000080032BB8 (0x00310113) addi sp, sp, 3
x2 <- 0x0000000000000003
mem[X,0x0000000080032BBC] -> 0x006F
mem[X,0x0000000080032BBE] -> 0x0040
[6467] [M]: 0x0000000080032BBC (0x0040006F) jal zero, 4
mem[X,0x0000000080032BC0] -> 0xB423
mem[X,0x0000000080032BC2] -> 0x4620
[6468] [M]: 0x0000000080032BC0 (0x4620B423) sd sp, 1128(ra)
mem[0x000000008004FE40] <- 0x0000000000000003
mem[X,0x0000000080032BC4] -> 0x0513
mem[X,0x0000000080032BC6] -> 0x0040
[6469] [M]: 0x0000000080032BC4 (0x00400513) addi a0, zero, 4
x10 <- 0x0000000000000004
mem[X,0x0000000080032BC8] -> 0x05B7
mem[X,0x0000000080032BCA] -> 0x0000
[6470] [M]: 0x0000000080032BC8 (0x000005B7) lui a1, 0
x11 <- 0x0000000000000000
mem[X,0x0000000080032BCC] -> 0x8593
mem[X,0x0000000080032BCE] -> 0xFFF5
[6471] [M]: 0x0000000080032BCC (0xFFF58593) addi a1, a1, 4095
x11 <- 0xFFFFFFFFFFFFFFFF
mem[X,0x0000000080032BD0] -> 0x9593
mem[X,0x0000000080032BD2] -> 0x00B5
[6472] [M]: 0x0000000080032BD0 (0x00B59593) slli a1, a1, 11
x11 <- 0xFFFFFFFFFFFFF800
mem[X,0x0000000080032BD4] -> 0x8593
mem[X,0x0000000080032BD6] -> 0x2575
[6473] [M]: 0x0000000080032BD4 (0x25758593) addi a1, a1, 599
x11 <- 0xFFFFFFFFFFFFFA57
mem[X,0x0000000080032BD8] -> 0x9593
mem[X,0x0000000080032BDA] -> 0x00B5
[6474] [M]: 0x0000000080032BD8 (0x00B59593) slli a1, a1, 11
x11 <- 0xFFFFFFFFFFD2B800
mem[X,0x0000000080032BDC] -> 0x8593
mem[X,0x0000000080032BDE] -> 0x6C35
[6475] [M]: 0x0000000080032BDC (0x6C358593) addi a1, a1, 1731
x11 <- 0xFFFFFFFFFFD2BEC3
mem[X,0x0000000080032BE0] -> 0x9593
mem[X,0x0000000080032BE2] -> 0x00A5
[6476] [M]: 0x0000000080032BE0 (0x00A59593) slli a1, a1, 10
x11 <- 0xFFFFFFFF4AFB0C00
mem[X,0x0000000080032BE4] -> 0x8593
mem[X,0x0000000080032BE6] -> 0x0CD5
[6477] [M]: 0x0000000080032BE4 (0x0CD58593) addi a1, a1, 205
x11 <- 0xFFFFFFFF4AFB0CCD
mem[X,0x0000000080032BE8] -> 0x0113
mem[X,0x0000000080032BEA] -> 0x0000
[6478] [M]: 0x0000000080032BE8 (0x00000113) addi sp, zero, 0
x2 <- 0x0000000000000000
mem[X,0x0000000080032BEC] -> 0x006F
mem[X,0x0000000080032BEE] -> 0x00C0
[6479] [M]: 0x0000000080032BEC (0x00C0006F) jal zero, 12
mem[X,0x0000000080032BF8] -> 0x4CE3
mem[X,0x0000000080032BFA] -> 0xFEB5
[6480] [M]: 0x0000000080032BF8 (0xFEB54CE3) blt a0, a1, 8184
mem[X,0x0000000080032BFC] -> 0x0113
mem[X,0x0000000080032BFE] -> 0x0021
[6481] [M]: 0x0000000080032BFC (0x00210113) addi sp, sp, 2
x2 <- 0x0000000000000002
mem[X,0x0000000080032C00] -> 0x006F
mem[X,0x0000000080032C02] -> 0x00C0
[6482] [M]: 0x0000000080032C00 (0x00C0006F) jal zero, 12
mem[X,0x0000000080032C0C] -> 0xB823
mem[X,0x0000000080032C0E] -> 0x4620
[6483] [M]: 0x0000000080032C0C (0x4620B823) sd sp, 1136(ra)
mem[0x000000008004FE48] <- 0x0000000000000002
mem[X,0x0000000080032C10] -> 0x0513
mem[X,0x0000000080032C12] -> 0x0040
[6484] [M]: 0x0000000080032C10 (0x00400513) addi a0, zero, 4
x10 <- 0x0000000000000004
mem[X,0x0000000080032C14] -> 0x05B7
mem[X,0x0000000080032C16] -> 0x0000
[6485] [M]: 0x0000000080032C14 (0x000005B7) lui a1, 0
x11 <- 0x0000000000000000
mem[X,0x0000000080032C18] -> 0x8593
mem[X,0x0000000080032C1A] -> 0x0005
[6486] [M]: 0x0000000080032C18 (0x00058593) addi a1, a1, 0
x11 <- 0x0000000000000000
mem[X,0x0000000080032C1C] -> 0x9593
mem[X,0x0000000080032C1E] -> 0x00B5
[6487] [M]: 0x0000000080032C1C (0x00B59593) slli a1, a1, 11
x11 <- 0x0000000000000000
mem[X,0x0000000080032C20] -> 0x8593
mem[X,0x0000000080032C22] -> 0x5A85
[6488] [M]: 0x0000000080032C20 (0x5A858593) addi a1, a1, 1448
x11 <- 0x00000000000005A8
mem[X,0x0000000080032C24] -> 0x9593
mem[X,0x0000000080032C26] -> 0x00B5
[6489] [M]: 0x0000000080032C24 (0x00B59593) slli a1, a1, 11
x11 <- 0x00000000002D4000
mem[X,0x0000000080032C28] -> 0x8593
mem[X,0x0000000080032C2A] -> 0x13C5
[6490] [M]: 0x0000000080032C28 (0x13C58593) addi a1, a1, 316
x11 <- 0x00000000002D413C
mem[X,0x0000000080032C2C] -> 0x9593
mem[X,0x0000000080032C2E] -> 0x00A5
[6491] [M]: 0x0000000080032C2C (0x00A59593) slli a1, a1, 10
x11 <- 0x00000000B504F000
mem[X,0x0000000080032C30] -> 0x8593
mem[X,0x0000000080032C32] -> 0x3335
[6492] [M]: 0x0000000080032C30 (0x33358593) addi a1, a1, 819
x11 <- 0x00000000B504F333
mem[X,0x0000000080032C34] -> 0x0113
mem[X,0x0000000080032C36] -> 0x0000
[6493] [M]: 0x0000000080032C34 (0x00000113) addi sp, zero, 0
x2 <- 0x0000000000000000
mem[X,0x0000000080032C38] -> 0x006F
mem[X,0x0000000080032C3A] -> 0x00C0
[6494] [M]: 0x0000000080032C38 (0x00C0006F) jal zero, 12
mem[X,0x0000000080032C44] -> 0x4663
mem[X,0x0000000080032C46] -> 0x00B5
[6495] [M]: 0x0000000080032C44 (0x00B54663) blt a0, a1, 12
mem[X,0x0000000080032C50] -> 0x0113
mem[X,0x0000000080032C52] -> 0x0031
[6496] [M]: 0x0000000080032C50 (0x00310113) addi sp, sp, 3
x2 <- 0x0000000000000003
mem[X,0x0000000080032C54] -> 0x006F
mem[X,0x0000000080032C56] -> 0x0040
[6497] [M]: 0x0000000080032C54 (0x0040006F) jal zero, 4
mem[X,0x0000000080032C58] -> 0xBC23
mem[X,0x0000000080032C5A] -> 0x4620
[6498] [M]: 0x0000000080032C58 (0x4620BC23) sd sp, 1144(ra)
mem[0x000000008004FE50] <- 0x0000000000000003
mem[X,0x0000000080032C5C] -> 0x0513
mem[X,0x0000000080032C5E] -> 0x0040
[6499] [M]: 0x0000000080032C5C (0x00400513) addi a0, zero, 4
x10 <- 0x0000000000000004
clint::tick mtime <- 0x0000000000000041
 clint timer pending at mtime 0x0000000000000041
htif::tick 0x0000000000000000
mem[X,0x0000000080032C60] -> 0x0593
mem[X,0x0000000080032C62] -> 0x0020
[6500] [M]: 0x0000000080032C60 (0x00200593) addi a1, zero, 2
x11 <- 0x0000000000000002
mem[X,0x0000000080032C64] -> 0x0113
mem[X,0x0000000080032C66] -> 0x0000
[6501] [M]: 0x0000000080032C64 (0x00000113) addi sp, zero, 0
x2 <- 0x0000000000000000
mem[X,0x0000000080032C68] -> 0x006F
mem[X,0x0000000080032C6A] -> 0x2B10
[6502] [M]: 0x0000000080032C68 (0x2B10006F) jal zero, 2736
mem[X,0x0000000080033718] -> 0x4A63
mem[X,0x000000008003371A] -> 0xD4B5
[6503] [M]: 0x0000000080033718 (0xD4B54A63) blt a0, a1, 5460
mem[X,0x000000008003371C] -> 0x0113
mem[X,0x000000008003371E] -> 0x0021
[6504] [M]: 0x000000008003371C (0x00210113) addi sp, sp, 2
x2 <- 0x0000000000000002
mem[X,0x0000000080033720] -> 0x006F
mem[X,0x0000000080033722] -> 0x00C0
[6505] [M]: 0x0000000080033720 (0x00C0006F) jal zero, 12
mem[X,0x000000008003372C] -> 0xB023
mem[X,0x000000008003372E] -> 0x4820
[6506] [M]: 0x000000008003372C (0x4820B023) sd sp, 1152(ra)
mem[0x000000008004FE58] <- 0x0000000000000002
mem[X,0x0000000080033730] -> 0x0513
mem[X,0x0000000080033732] -> 0x0040
[6507] [M]: 0x0000000080033730 (0x00400513) addi a0, zero, 4
x10 <- 0x0000000000000004
mem[X,0x0000000080033734] -> 0x55B7
mem[X,0x0000000080033736] -> 0x5555
[6508] [M]: 0x0000000080033734 (0x555555B7) lui a1, 349525
x11 <- 0x0000000055555000
mem[X,0x0000000080033738] -> 0x8593
mem[X,0x000000008003373A] -> 0x5555
[6509] [M]: 0x0000000080033738 (0x55558593) addi a1, a1, 1365
x11 <- 0x0000000055555555
mem[X,0x000000008003373C] -> 0x9593
mem[X,0x000000008003373E] -> 0x00B5
[6510] [M]: 0x000000008003373C (0x00B59593) slli a1, a1, 11
x11 <- 0x000002AAAAAAA800
mem[X,0x0000000080033740] -> 0x8593
mem[X,0x0000000080033742] -> 0x2AA5
[6511] [M]: 0x0000000080033740 (0x2AA58593) addi a1, a1, 682
x11 <- 0x000002AAAAAAAAAA
mem[X,0x0000000080033744] -> 0x9593
mem[X,0x0000000080033746] -> 0x00B5
[6512] [M]: 0x0000000080033744 (0x00B59593) slli a1, a1, 11
x11 <- 0x0015555555555000
mem[X,0x0000000080033748] -> 0x8593
mem[X,0x000000008003374A] -> 0x5555
[6513] [M]: 0x0000000080033748 (0x55558593) addi a1, a1, 1365
x11 <- 0x0015555555555555
mem[X,0x000000008003374C] -> 0x9593
mem[X,0x000000008003374E] -> 0x00A5
[6514] [M]: 0x000000008003374C (0x00A59593) slli a1, a1, 10
x11 <- 0x5555555555555400
mem[X,0x0000000080033750] -> 0x8593
mem[X,0x0000000080033752] -> 0x1545
[6515] [M]: 0x0000000080033750 (0x15458593) addi a1, a1, 340
x11 <- 0x5555555555555554
mem[X,0x0000000080033754] -> 0x0113
mem[X,0x0000000080033756] -> 0x0000
[6516] [M]: 0x0000000080033754 (0x00000113) addi sp, zero, 0
x2 <- 0x0000000000000000
mem[X,0x0000000080033758] -> 0x006F
mem[X,0x000000008003375A] -> 0x00C0
[6517] [M]: 0x0000000080033758 (0x00C0006F) jal zero, 12
mem[X,0x0000000080033764] -> 0x4663
mem[X,0x0000000080033766] -> 0x00B5
[6518] [M]: 0x0000000080033764 (0x00B54663) blt a0, a1, 12
mem[X,0x0000000080033770] -> 0x0113
mem[X,0x0000000080033772] -> 0x0031
[6519] [M]: 0x0000000080033770 (0x00310113) addi sp, sp, 3
x2 <- 0x0000000000000003
mem[X,0x0000000080033774] -> 0x006F
mem[X,0x0000000080033776] -> 0x0040
[6520] [M]: 0x0000000080033774 (0x0040006F) jal zero, 4
mem[X,0x0000000080033778] -> 0xB423
mem[X,0x000000008003377A] -> 0x4820
[6521] [M]: 0x0000000080033778 (0x4820B423) sd sp, 1160(ra)
mem[0x000000008004FE60] <- 0x0000000000000003
mem[X,0x000000008003377C] -> 0x0513
mem[X,0x000000008003377E] -> 0x0040
[6522] [M]: 0x000000008003377C (0x00400513) addi a0, zero, 4
x10 <- 0x0000000000000004
mem[X,0x0000000080033780] -> 0x0593
mem[X,0x0000000080033782] -> 0x0000
[6523] [M]: 0x0000000080033780 (0x00000593) addi a1, zero, 0
x11 <- 0x0000000000000000
mem[X,0x0000000080033784] -> 0x0113
mem[X,0x0000000080033786] -> 0x0000
[6524] [M]: 0x0000000080033784 (0x00000113) addi sp, zero, 0
x2 <- 0x0000000000000000
mem[X,0x0000000080033788] -> 0x006F
mem[X,0x000000008003378A] -> 0x0140
[6525] [M]: 0x0000000080033788 (0x0140006F) jal zero, 20
mem[X,0x000000008003379C] -> 0x48E3
mem[X,0x000000008003379E] -> 0xFEB5
[6526] [M]: 0x000000008003379C (0xFEB548E3) blt a0, a1, 8176
mem[X,0x00000000800337A0] -> 0x0113
mem[X,0x00000000800337A2] -> 0x0021
[6527] [M]: 0x00000000800337A0 (0x00210113) addi sp, sp, 2
x2 <- 0x0000000000000002
mem[X,0x00000000800337A4] -> 0x006F
mem[X,0x00000000800337A6] -> 0x00C0
[6528] [M]: 0x00000000800337A4 (0x00C0006F) jal zero, 12
mem[X,0x00000000800337B0] -> 0xB823
mem[X,0x00000000800337B2] -> 0x4820
[6529] [M]: 0x00000000800337B0 (0x4820B823) sd sp, 1168(ra)
mem[0x000000008004FE68] <- 0x0000000000000002
mem[X,0x00000000800337B4] -> 0x0513
mem[X,0x00000000800337B6] -> 0x0040
[6530] [M]: 0x00000000800337B4 (0x00400513) addi a0, zero, 4
x10 <- 0x0000000000000004
mem[X,0x00000000800337B8] -> 0x0593
mem[X,0x00000000800337BA] -> 0x0040
[6531] [M]: 0x00000000800337B8 (0x00400593) addi a1, zero, 4
x11 <- 0x0000000000000004
mem[X,0x00000000800337BC] -> 0x0113
mem[X,0x00000000800337BE] -> 0x0000
[6532] [M]: 0x00000000800337BC (0x00000113) addi sp, zero, 0
x2 <- 0x0000000000000000
mem[X,0x00000000800337C0] -> 0x006F
mem[X,0x00000000800337C2] -> 0x00C0
[6533] [M]: 0x00000000800337C0 (0x00C0006F) jal zero, 12
mem[X,0x00000000800337CC] -> 0x4CE3
mem[X,0x00000000800337CE] -> 0xFEB5
[6534] [M]: 0x00000000800337CC (0xFEB54CE3) blt a0, a1, 8184
mem[X,0x00000000800337D0] -> 0x0113
mem[X,0x00000000800337D2] -> 0x0021
[6535] [M]: 0x00000000800337D0 (0x00210113) addi sp, sp, 2
x2 <- 0x0000000000000002
mem[X,0x00000000800337D4] -> 0x006F
mem[X,0x00000000800337D6] -> 0x00C0
[6536] [M]: 0x00000000800337D4 (0x00C0006F) jal zero, 12
mem[X,0x00000000800337E0] -> 0xBC23
mem[X,0x00000000800337E2] -> 0x4820
[6537] [M]: 0x00000000800337E0 (0x4820BC23) sd sp, 1176(ra)
mem[0x000000008004FE70] <- 0x0000000000000002
mem[X,0x00000000800337E4] -> 0x0513
mem[X,0x00000000800337E6] -> 0x0040
[6538] [M]: 0x00000000800337E4 (0x00400513) addi a0, zero, 4
x10 <- 0x0000000000000004
mem[X,0x00000000800337E8] -> 0x35B7
mem[X,0x00000000800337EA] -> 0x3333
[6539] [M]: 0x00000000800337E8 (0x333335B7) lui a1, 209715
x11 <- 0x0000000033333000
mem[X,0x00000000800337EC] -> 0x8593
mem[X,0x00000000800337EE] -> 0x3335
[6540] [M]: 0x00000000800337EC (0x33358593) addi a1, a1, 819
x11 <- 0x0000000033333333
mem[X,0x00000000800337F0] -> 0x9593
mem[X,0x00000000800337F2] -> 0x00B5
[6541] [M]: 0x00000000800337F0 (0x00B59593) slli a1, a1, 11
x11 <- 0x0000019999999800
mem[X,0x00000000800337F4] -> 0x8593
mem[X,0x00000000800337F6] -> 0x1995
[6542] [M]: 0x00000000800337F4 (0x19958593) addi a1, a1, 409
x11 <- 0x0000019999999999
mem[X,0x00000000800337F8] -> 0x9593
mem[X,0x00000000800337FA] -> 0x00B5
[6543] [M]: 0x00000000800337F8 (0x00B59593) slli a1, a1, 11
x11 <- 0x000CCCCCCCCCC800
mem[X,0x00000000800337FC] -> 0x8593
mem[X,0x00000000800337FE] -> 0x4CC5
[6544] [M]: 0x00000000800337FC (0x4CC58593) addi a1, a1, 1228
x11 <- 0x000CCCCCCCCCCCCC
mem[X,0x0000000080033800] -> 0x9593
mem[X,0x0000000080033802] -> 0x00A5
[6545] [M]: 0x0000000080033800 (0x00A59593) slli a1, a1, 10
x11 <- 0x3333333333333000
mem[X,0x0000000080033804] -> 0x8593
mem[X,0x0000000080033806] -> 0x3325
[6546] [M]: 0x0000000080033804 (0x33258593) addi a1, a1, 818
x11 <- 0x3333333333333332
mem[X,0x0000000080033808] -> 0x0113
mem[X,0x000000008003380A] -> 0x0000
[6547] [M]: 0x0000000080033808 (0x00000113) addi sp, zero, 0
x2 <- 0x0000000000000000
mem[X,0x000000008003380C] -> 0x006F
mem[X,0x000000008003380E] -> 0x0100
[6548] [M]: 0x000000008003380C (0x0100006F) jal zero, 16
mem[X,0x000000008003381C] -> 0x4AE3
mem[X,0x000000008003381E] -> 0xFEB5
[6549] [M]: 0x000000008003381C (0xFEB54AE3) blt a0, a1, 8180
mem[X,0x0000000080033810] -> 0x0113
mem[X,0x0000000080033812] -> 0x0011
[6550] [M]: 0x0000000080033810 (0x00110113) addi sp, sp, 1
x2 <- 0x0000000000000001
mem[X,0x0000000080033814] -> 0x006F
mem[X,0x0000000080033816] -> 0x01C0
[6551] [M]: 0x0000000080033814 (0x01C0006F) jal zero, 28
mem[X,0x0000000080033830] -> 0xB023
mem[X,0x0000000080033832] -> 0x4A20
[6552] [M]: 0x0000000080033830 (0x4A20B023) sd sp, 1184(ra)
mem[0x000000008004FE78] <- 0x0000000000000001
mem[X,0x0000000080033834] -> 0x0513
mem[X,0x0000000080033836] -> 0x0040
[6553] [M]: 0x0000000080033834 (0x00400513) addi a0, zero, 4
x10 <- 0x0000000000000004
mem[X,0x0000000080033838] -> 0x65B7
mem[X,0x000000008003383A] -> 0x6666
[6554] [M]: 0x0000000080033838 (0x666665B7) lui a1, 419430
x11 <- 0x0000000066666000
mem[X,0x000000008003383C] -> 0x8593
mem[X,0x000000008003383E] -> 0x6665
[6555] [M]: 0x000000008003383C (0x66658593) addi a1, a1, 1638
x11 <- 0x0000000066666666
mem[X,0x0000000080033840] -> 0x9593
mem[X,0x0000000080033842] -> 0x00B5
[6556] [M]: 0x0000000080033840 (0x00B59593) slli a1, a1, 11
x11 <- 0x0000033333333000
mem[X,0x0000000080033844] -> 0x8593
mem[X,0x0000000080033846] -> 0x3335
[6557] [M]: 0x0000000080033844 (0x33358593) addi a1, a1, 819
x11 <- 0x0000033333333333
mem[X,0x0000000080033848] -> 0x9593
mem[X,0x000000008003384A] -> 0x00B5
[6558] [M]: 0x0000000080033848 (0x00B59593) slli a1, a1, 11
x11 <- 0x0019999999999800
mem[X,0x000000008003384C] -> 0x8593
mem[X,0x000000008003384E] -> 0x1995
[6559] [M]: 0x000000008003384C (0x19958593) addi a1, a1, 409
x11 <- 0x0019999999999999
mem[X,0x0000000080033850] -> 0x9593
mem[X,0x0000000080033852] -> 0x00A5
[6560] [M]: 0x0000000080033850 (0x00A59593) slli a1, a1, 10
x11 <- 0x6666666666666400
mem[X,0x0000000080033854] -> 0x8593
mem[X,0x0000000080033856] -> 0x2655
[6561] [M]: 0x0000000080033854 (0x26558593) addi a1, a1, 613
x11 <- 0x6666666666666665
mem[X,0x0000000080033858] -> 0x0113
mem[X,0x000000008003385A] -> 0x0000
[6562] [M]: 0x0000000080033858 (0x00000113) addi sp, zero, 0
x2 <- 0x0000000000000000
mem[X,0x000000008003385C] -> 0x006F
mem[X,0x000000008003385E] -> 0x0050
[6563] [M]: 0x000000008003385C (0x0050006F) jal zero, 2052
mem[X,0x0000000080034060] -> 0x40E3
mem[X,0x0000000080034062] -> 0x80B5
[6564] [M]: 0x0000000080034060 (0x80B540E3) blt a0, a1, 6144
mem[X,0x0000000080033860] -> 0x0113
mem[X,0x0000000080033862] -> 0x0011
[6565] [M]: 0x0000000080033860 (0x00110113) addi sp, sp, 1
x2 <- 0x0000000000000001
mem[X,0x0000000080033864] -> 0x006F
mem[X,0x0000000080033866] -> 0x0110
[6566] [M]: 0x0000000080033864 (0x0110006F) jal zero, 2064
mem[X,0x0000000080034074] -> 0xB423
mem[X,0x0000000080034076] -> 0x4A20
[6567] [M]: 0x0000000080034074 (0x4A20B423) sd sp, 1192(ra)
mem[0x000000008004FE80] <- 0x0000000000000001
mem[X,0x0000000080034078] -> 0x0513
mem[X,0x000000008003407A] -> 0x0040
[6568] [M]: 0x0000000080034078 (0x00400513) addi a0, zero, 4
x10 <- 0x0000000000000004
mem[X,0x000000008003407C] -> 0x05B7
mem[X,0x000000008003407E] -> 0x0000
[6569] [M]: 0x000000008003407C (0x000005B7) lui a1, 0
x11 <- 0x0000000000000000
mem[X,0x0000000080034080] -> 0x8593
mem[X,0x0000000080034082] -> 0x0005
[6570] [M]: 0x0000000080034080 (0x00058593) addi a1, a1, 0
x11 <- 0x0000000000000000
mem[X,0x0000000080034084] -> 0x9593
mem[X,0x0000000080034086] -> 0x00B5
[6571] [M]: 0x0000000080034084 (0x00B59593) slli a1, a1, 11
x11 <- 0x0000000000000000
mem[X,0x0000000080034088] -> 0x8593
mem[X,0x000000008003408A] -> 0x5A85
[6572] [M]: 0x0000000080034088 (0x5A858593) addi a1, a1, 1448
x11 <- 0x00000000000005A8
mem[X,0x000000008003408C] -> 0x9593
mem[X,0x000000008003408E] -> 0x00B5
[6573] [M]: 0x000000008003408C (0x00B59593) slli a1, a1, 11
x11 <- 0x00000000002D4000
mem[X,0x0000000080034090] -> 0x8593
mem[X,0x0000000080034092] -> 0x13C5
[6574] [M]: 0x0000000080034090 (0x13C58593) addi a1, a1, 316
x11 <- 0x00000000002D413C
mem[X,0x0000000080034094] -> 0x9593
mem[X,0x0000000080034096] -> 0x00A5
[6575] [M]: 0x0000000080034094 (0x00A59593) slli a1, a1, 10
x11 <- 0x00000000B504F000
mem[X,0x0000000080034098] -> 0x8593
mem[X,0x000000008003409A] -> 0x3325
[6576] [M]: 0x0000000080034098 (0x33258593) addi a1, a1, 818
x11 <- 0x00000000B504F332
mem[X,0x000000008003409C] -> 0x0113
mem[X,0x000000008003409E] -> 0x0000
[6577] [M]: 0x000000008003409C (0x00000113) addi sp, zero, 0
x2 <- 0x0000000000000000
mem[X,0x00000000800340A0] -> 0x006F
mem[X,0x00000000800340A2] -> 0x00C0
[6578] [M]: 0x00000000800340A0 (0x00C0006F) jal zero, 12
mem[X,0x00000000800340AC] -> 0x4063
mem[X,0x00000000800340AE] -> 0x40B5
[6579] [M]: 0x00000000800340AC (0x40B54063) blt a0, a1, 1024
mem[X,0x00000000800344AC] -> 0x0113
mem[X,0x00000000800344AE] -> 0x0031
[6580] [M]: 0x00000000800344AC (0x00310113) addi sp, sp, 3
x2 <- 0x0000000000000003
mem[X,0x00000000800344B0] -> 0x006F
mem[X,0x00000000800344B2] -> 0x0040
[6581] [M]: 0x00000000800344B0 (0x0040006F) jal zero, 4
mem[X,0x00000000800344B4] -> 0xB823
mem[X,0x00000000800344B6] -> 0x4A20
[6582] [M]: 0x00000000800344B4 (0x4A20B823) sd sp, 1200(ra)
mem[0x000000008004FE88] <- 0x0000000000000003
mem[X,0x00000000800344B8] -> 0x0513
mem[X,0x00000000800344BA] -> 0x0040
[6583] [M]: 0x00000000800344B8 (0x00400513) addi a0, zero, 4
x10 <- 0x0000000000000004
mem[X,0x00000000800344BC] -> 0x55B7
mem[X,0x00000000800344BE] -> 0x5555
[6584] [M]: 0x00000000800344BC (0x555555B7) lui a1, 349525
x11 <- 0x0000000055555000
mem[X,0x00000000800344C0] -> 0x8593
mem[X,0x00000000800344C2] -> 0x5555
[6585] [M]: 0x00000000800344C0 (0x55558593) addi a1, a1, 1365
x11 <- 0x0000000055555555
mem[X,0x00000000800344C4] -> 0x9593
mem[X,0x00000000800344C6] -> 0x00B5
[6586] [M]: 0x00000000800344C4 (0x00B59593) slli a1, a1, 11
x11 <- 0x000002AAAAAAA800
mem[X,0x00000000800344C8] -> 0x8593
mem[X,0x00000000800344CA] -> 0x2AA5
[6587] [M]: 0x00000000800344C8 (0x2AA58593) addi a1, a1, 682
x11 <- 0x000002AAAAAAAAAA
mem[X,0x00000000800344CC] -> 0x9593
mem[X,0x00000000800344CE] -> 0x00B5
[6588] [M]: 0x00000000800344CC (0x00B59593) slli a1, a1, 11
x11 <- 0x0015555555555000
mem[X,0x00000000800344D0] -> 0x8593
mem[X,0x00000000800344D2] -> 0x5555
[6589] [M]: 0x00000000800344D0 (0x55558593) addi a1, a1, 1365
x11 <- 0x0015555555555555
mem[X,0x00000000800344D4] -> 0x9593
mem[X,0x00000000800344D6] -> 0x00A5
[6590] [M]: 0x00000000800344D4 (0x00A59593) slli a1, a1, 10
x11 <- 0x5555555555555400
mem[X,0x00000000800344D8] -> 0x8593
mem[X,0x00000000800344DA] -> 0x1565
[6591] [M]: 0x00000000800344D8 (0x15658593) addi a1, a1, 342
x11 <- 0x5555555555555556
mem[X,0x00000000800344DC] -> 0x0113
mem[X,0x00000000800344DE] -> 0x0000
[6592] [M]: 0x00000000800344DC (0x00000113) addi sp, zero, 0
x2 <- 0x0000000000000000
mem[X,0x00000000800344E0] -> 0x006F
mem[X,0x00000000800344E2] -> 0x00C0
[6593] [M]: 0x00000000800344E0 (0x00C0006F) jal zero, 12
mem[X,0x00000000800344EC] -> 0x4063
mem[X,0x00000000800344EE] -> 0x02B5
[6594] [M]: 0x00000000800344EC (0x02B54063) blt a0, a1, 32
mem[X,0x000000008003450C] -> 0x0113
mem[X,0x000000008003450E] -> 0x0031
[6595] [M]: 0x000000008003450C (0x00310113) addi sp, sp, 3
x2 <- 0x0000000000000003
mem[X,0x0000000080034510] -> 0x006F
mem[X,0x0000000080034512] -> 0x0040
[6596] [M]: 0x0000000080034510 (0x0040006F) jal zero, 4
mem[X,0x0000000080034514] -> 0xBC23
mem[X,0x0000000080034516] -> 0x4A20
[6597] [M]: 0x0000000080034514 (0x4A20BC23) sd sp, 1208(ra)
mem[0x000000008004FE90] <- 0x0000000000000003
mem[X,0x0000000080034518] -> 0x0513
mem[X,0x000000008003451A] -> 0x0040
[6598] [M]: 0x0000000080034518 (0x00400513) addi a0, zero, 4
x10 <- 0x0000000000000004
mem[X,0x000000008003451C] -> 0xB5B7
mem[X,0x000000008003451E] -> 0xAAAA
[6599] [M]: 0x000000008003451C (0xAAAAB5B7) lui a1, 699051
x11 <- 0xFFFFFFFFAAAAB000
clint::tick mtime <- 0x0000000000000042
 clint timer pending at mtime 0x0000000000000042
htif::tick 0x0000000000000000
mem[X,0x0000000080034520] -> 0x8593
mem[X,0x0000000080034522] -> 0xAAA5
[6600] [M]: 0x0000000080034520 (0xAAA58593) addi a1, a1, 2730
x11 <- 0xFFFFFFFFAAAAAAAA
mem[X,0x0000000080034524] -> 0x9593
mem[X,0x0000000080034526] -> 0x00B5
[6601] [M]: 0x0000000080034524 (0x00B59593) slli a1, a1, 11
x11 <- 0xFFFFFD5555555000
mem[X,0x0000000080034528] -> 0x8593
mem[X,0x000000008003452A] -> 0x5555
[6602] [M]: 0x0000000080034528 (0x55558593) addi a1, a1, 1365
x11 <- 0xFFFFFD5555555555
mem[X,0x000000008003452C] -> 0x9593
mem[X,0x000000008003452E] -> 0x00B5
[6603] [M]: 0x000000008003452C (0x00B59593) slli a1, a1, 11
x11 <- 0xFFEAAAAAAAAAA800
mem[X,0x0000000080034530] -> 0x8593
mem[X,0x0000000080034532] -> 0x2AA5
[6604] [M]: 0x0000000080034530 (0x2AA58593) addi a1, a1, 682
x11 <- 0xFFEAAAAAAAAAAAAA
mem[X,0x0000000080034534] -> 0x9593
mem[X,0x0000000080034536] -> 0x00A5
[6605] [M]: 0x0000000080034534 (0x00A59593) slli a1, a1, 10
x11 <- 0xAAAAAAAAAAAAA800
mem[X,0x0000000080034538] -> 0x8593
mem[X,0x000000008003453A] -> 0x2AB5
[6606] [M]: 0x0000000080034538 (0x2AB58593) addi a1, a1, 683
x11 <- 0xAAAAAAAAAAAAAAAB
mem[X,0x000000008003453C] -> 0x0113
mem[X,0x000000008003453E] -> 0x0000
[6607] [M]: 0x000000008003453C (0x00000113) addi sp, zero, 0
x2 <- 0x0000000000000000
mem[X,0x0000000080034540] -> 0x006F
mem[X,0x0000000080034542] -> 0x00C0
[6608] [M]: 0x0000000080034540 (0x00C0006F) jal zero, 12
mem[X,0x000000008003454C] -> 0x4063
mem[X,0x000000008003454E] -> 0x04B5
[6609] [M]: 0x000000008003454C (0x04B54063) blt a0, a1, 64
mem[X,0x0000000080034550] -> 0x0113
mem[X,0x0000000080034552] -> 0x0021
[6610] [M]: 0x0000000080034550 (0x00210113) addi sp, sp, 2
x2 <- 0x0000000000000002
mem[X,0x0000000080034554] -> 0x006F
mem[X,0x0000000080034556] -> 0x0400
[6611] [M]: 0x0000000080034554 (0x0400006F) jal zero, 64
mem[X,0x0000000080034594] -> 0xB023
mem[X,0x0000000080034596] -> 0x4C20
[6612] [M]: 0x0000000080034594 (0x4C20B023) sd sp, 1216(ra)
mem[0x000000008004FE98] <- 0x0000000000000002
mem[X,0x0000000080034598] -> 0x0513
mem[X,0x000000008003459A] -> 0x0040
[6613] [M]: 0x0000000080034598 (0x00400513) addi a0, zero, 4
x10 <- 0x0000000000000004
mem[X,0x000000008003459C] -> 0x0593
mem[X,0x000000008003459E] -> 0x0060
[6614] [M]: 0x000000008003459C (0x00600593) addi a1, zero, 6
x11 <- 0x0000000000000006
mem[X,0x00000000800345A0] -> 0x0113
mem[X,0x00000000800345A2] -> 0x0000
[6615] [M]: 0x00000000800345A0 (0x00000113) addi sp, zero, 0
x2 <- 0x0000000000000000
mem[X,0x00000000800345A4] -> 0x006F
mem[X,0x00000000800345A6] -> 0x00C0
[6616] [M]: 0x00000000800345A4 (0x00C0006F) jal zero, 12
mem[X,0x00000000800345B0] -> 0x4063
mem[X,0x00000000800345B2] -> 0x10B5
[6617] [M]: 0x00000000800345B0 (0x10B54063) blt a0, a1, 256
mem[X,0x00000000800346B0] -> 0x0113
mem[X,0x00000000800346B2] -> 0x0031
[6618] [M]: 0x00000000800346B0 (0x00310113) addi sp, sp, 3
x2 <- 0x0000000000000003
mem[X,0x00000000800346B4] -> 0x006F
mem[X,0x00000000800346B6] -> 0x0040
[6619] [M]: 0x00000000800346B4 (0x0040006F) jal zero, 4
mem[X,0x00000000800346B8] -> 0xB423
mem[X,0x00000000800346BA] -> 0x4C20
[6620] [M]: 0x00000000800346B8 (0x4C20B423) sd sp, 1224(ra)
mem[0x000000008004FEA0] <- 0x0000000000000003
mem[X,0x00000000800346BC] -> 0x0513
mem[X,0x00000000800346BE] -> 0x0040
[6621] [M]: 0x00000000800346BC (0x00400513) addi a0, zero, 4
x10 <- 0x0000000000000004
mem[X,0x00000000800346C0] -> 0x35B7
mem[X,0x00000000800346C2] -> 0x3333
[6622] [M]: 0x00000000800346C0 (0x333335B7) lui a1, 209715
x11 <- 0x0000000033333000
mem[X,0x00000000800346C4] -> 0x8593
mem[X,0x00000000800346C6] -> 0x3335
[6623] [M]: 0x00000000800346C4 (0x33358593) addi a1, a1, 819
x11 <- 0x0000000033333333
mem[X,0x00000000800346C8] -> 0x9593
mem[X,0x00000000800346CA] -> 0x00B5
[6624] [M]: 0x00000000800346C8 (0x00B59593) slli a1, a1, 11
x11 <- 0x0000019999999800
mem[X,0x00000000800346CC] -> 0x8593
mem[X,0x00000000800346CE] -> 0x1995
[6625] [M]: 0x00000000800346CC (0x19958593) addi a1, a1, 409
x11 <- 0x0000019999999999
mem[X,0x00000000800346D0] -> 0x9593
mem[X,0x00000000800346D2] -> 0x00B5
[6626] [M]: 0x00000000800346D0 (0x00B59593) slli a1, a1, 11
x11 <- 0x000CCCCCCCCCC800
mem[X,0x00000000800346D4] -> 0x8593
mem[X,0x00000000800346D6] -> 0x4CC5
[6627] [M]: 0x00000000800346D4 (0x4CC58593) addi a1, a1, 1228
x11 <- 0x000CCCCCCCCCCCCC
mem[X,0x00000000800346D8] -> 0x9593
mem[X,0x00000000800346DA] -> 0x00A5
[6628] [M]: 0x00000000800346D8 (0x00A59593) slli a1, a1, 10
x11 <- 0x3333333333333000
mem[X,0x00000000800346DC] -> 0x8593
mem[X,0x00000000800346DE] -> 0x3345
[6629] [M]: 0x00000000800346DC (0x33458593) addi a1, a1, 820
x11 <- 0x3333333333333334
mem[X,0x00000000800346E0] -> 0x0113
mem[X,0x00000000800346E2] -> 0x0000
[6630] [M]: 0x00000000800346E0 (0x00000113) addi sp, zero, 0
x2 <- 0x0000000000000000
mem[X,0x00000000800346E4] -> 0x006F
mem[X,0x00000000800346E6] -> 0x2B10
[6631] [M]: 0x00000000800346E4 (0x2B10006F) jal zero, 2736
mem[X,0x0000000080035194] -> 0x4A63
mem[X,0x0000000080035196] -> 0xD4B5
[6632] [M]: 0x0000000080035194 (0xD4B54A63) blt a0, a1, 5460
mem[X,0x00000000800346E8] -> 0x0113
mem[X,0x00000000800346EA] -> 0x0011
[6633] [M]: 0x00000000800346E8 (0x00110113) addi sp, sp, 1
x2 <- 0x0000000000000001
mem[X,0x00000000800346EC] -> 0x006F
mem[X,0x00000000800346EE] -> 0x2BD0
[6634] [M]: 0x00000000800346EC (0x2BD0006F) jal zero, 2748
mem[X,0x00000000800351A8] -> 0xB823
mem[X,0x00000000800351AA] -> 0x4C20
[6635] [M]: 0x00000000800351A8 (0x4C20B823) sd sp, 1232(ra)
mem[0x000000008004FEA8] <- 0x0000000000000001
mem[X,0x00000000800351AC] -> 0x0513
mem[X,0x00000000800351AE] -> 0x0040
[6636] [M]: 0x00000000800351AC (0x00400513) addi a0, zero, 4
x10 <- 0x0000000000000004
mem[X,0x00000000800351B0] -> 0x65B7
mem[X,0x00000000800351B2] -> 0x6666
[6637] [M]: 0x00000000800351B0 (0x666665B7) lui a1, 419430
x11 <- 0x0000000066666000
mem[X,0x00000000800351B4] -> 0x8593
mem[X,0x00000000800351B6] -> 0x6665
[6638] [M]: 0x00000000800351B4 (0x66658593) addi a1, a1, 1638
x11 <- 0x0000000066666666
mem[X,0x00000000800351B8] -> 0x9593
mem[X,0x00000000800351BA] -> 0x00B5
[6639] [M]: 0x00000000800351B8 (0x00B59593) slli a1, a1, 11
x11 <- 0x0000033333333000
mem[X,0x00000000800351BC] -> 0x8593
mem[X,0x00000000800351BE] -> 0x3335
[6640] [M]: 0x00000000800351BC (0x33358593) addi a1, a1, 819
x11 <- 0x0000033333333333
mem[X,0x00000000800351C0] -> 0x9593
mem[X,0x00000000800351C2] -> 0x00B5
[6641] [M]: 0x00000000800351C0 (0x00B59593) slli a1, a1, 11
x11 <- 0x0019999999999800
mem[X,0x00000000800351C4] -> 0x8593
mem[X,0x00000000800351C6] -> 0x1995
[6642] [M]: 0x00000000800351C4 (0x19958593) addi a1, a1, 409
x11 <- 0x0019999999999999
mem[X,0x00000000800351C8] -> 0x9593
mem[X,0x00000000800351CA] -> 0x00A5
[6643] [M]: 0x00000000800351C8 (0x00A59593) slli a1, a1, 10
x11 <- 0x6666666666666400
mem[X,0x00000000800351CC] -> 0x8593
mem[X,0x00000000800351CE] -> 0x2675
[6644] [M]: 0x00000000800351CC (0x26758593) addi a1, a1, 615
x11 <- 0x6666666666666667
mem[X,0x00000000800351D0] -> 0x0113
mem[X,0x00000000800351D2] -> 0x0000
[6645] [M]: 0x00000000800351D0 (0x00000113) addi sp, zero, 0
x2 <- 0x0000000000000000
mem[X,0x00000000800351D4] -> 0x006F
mem[X,0x00000000800351D6] -> 0x00C0
[6646] [M]: 0x00000000800351D4 (0x00C0006F) jal zero, 12
mem[X,0x00000000800351E0] -> 0x4663
mem[X,0x00000000800351E2] -> 0x00B5
[6647] [M]: 0x00000000800351E0 (0x00B54663) blt a0, a1, 12
mem[X,0x00000000800351EC] -> 0x0113
mem[X,0x00000000800351EE] -> 0x0031
[6648] [M]: 0x00000000800351EC (0x00310113) addi sp, sp, 3
x2 <- 0x0000000000000003
mem[X,0x00000000800351F0] -> 0x006F
mem[X,0x00000000800351F2] -> 0x0040
[6649] [M]: 0x00000000800351F0 (0x0040006F) jal zero, 4
mem[X,0x00000000800351F4] -> 0xBC23
mem[X,0x00000000800351F6] -> 0x4C20
[6650] [M]: 0x00000000800351F4 (0x4C20BC23) sd sp, 1240(ra)
mem[0x000000008004FEB0] <- 0x0000000000000003
mem[X,0x00000000800351F8] -> 0x0513
mem[X,0x00000000800351FA] -> 0x0040
[6651] [M]: 0x00000000800351F8 (0x00400513) addi a0, zero, 4
x10 <- 0x0000000000000004
mem[X,0x00000000800351FC] -> 0x05B7
mem[X,0x00000000800351FE] -> 0x0000
[6652] [M]: 0x00000000800351FC (0x000005B7) lui a1, 0
x11 <- 0x0000000000000000
mem[X,0x0000000080035200] -> 0x8593
mem[X,0x0000000080035202] -> 0xFFF5
[6653] [M]: 0x0000000080035200 (0xFFF58593) addi a1, a1, 4095
x11 <- 0xFFFFFFFFFFFFFFFF
mem[X,0x0000000080035204] -> 0x9593
mem[X,0x0000000080035206] -> 0x00B5
[6654] [M]: 0x0000000080035204 (0x00B59593) slli a1, a1, 11
x11 <- 0xFFFFFFFFFFFFF800
mem[X,0x0000000080035208] -> 0x8593
mem[X,0x000000008003520A] -> 0x2575
[6655] [M]: 0x0000000080035208 (0x25758593) addi a1, a1, 599
x11 <- 0xFFFFFFFFFFFFFA57
mem[X,0x000000008003520C] -> 0x9593
mem[X,0x000000008003520E] -> 0x00B5
[6656] [M]: 0x000000008003520C (0x00B59593) slli a1, a1, 11
x11 <- 0xFFFFFFFFFFD2B800
mem[X,0x0000000080035210] -> 0x8593
mem[X,0x0000000080035212] -> 0x6C35
[6657] [M]: 0x0000000080035210 (0x6C358593) addi a1, a1, 1731
x11 <- 0xFFFFFFFFFFD2BEC3
mem[X,0x0000000080035214] -> 0x9593
mem[X,0x0000000080035216] -> 0x00A5
[6658] [M]: 0x0000000080035214 (0x00A59593) slli a1, a1, 10
x11 <- 0xFFFFFFFF4AFB0C00
mem[X,0x0000000080035218] -> 0x8593
mem[X,0x000000008003521A] -> 0x0CE5
[6659] [M]: 0x0000000080035218 (0x0CE58593) addi a1, a1, 206
x11 <- 0xFFFFFFFF4AFB0CCE
mem[X,0x000000008003521C] -> 0x0113
mem[X,0x000000008003521E] -> 0x0000
[6660] [M]: 0x000000008003521C (0x00000113) addi sp, zero, 0
x2 <- 0x0000000000000000
mem[X,0x0000000080035220] -> 0x006F
mem[X,0x0000000080035222] -> 0x00C0
[6661] [M]: 0x0000000080035220 (0x00C0006F) jal zero, 12
mem[X,0x000000008003522C] -> 0x4663
mem[X,0x000000008003522E] -> 0x00B5
[6662] [M]: 0x000000008003522C (0x00B54663) blt a0, a1, 12
mem[X,0x0000000080035230] -> 0x0113
mem[X,0x0000000080035232] -> 0x0021
[6663] [M]: 0x0000000080035230 (0x00210113) addi sp, sp, 2
x2 <- 0x0000000000000002
mem[X,0x0000000080035234] -> 0x006F
mem[X,0x0000000080035236] -> 0x00C0
[6664] [M]: 0x0000000080035234 (0x00C0006F) jal zero, 12
mem[X,0x0000000080035240] -> 0xB023
mem[X,0x0000000080035242] -> 0x4E20
[6665] [M]: 0x0000000080035240 (0x4E20B023) sd sp, 1248(ra)
mem[0x000000008004FEB8] <- 0x0000000000000002
mem[X,0x0000000080035244] -> 0x0513
mem[X,0x0000000080035246] -> 0x0040
[6666] [M]: 0x0000000080035244 (0x00400513) addi a0, zero, 4
x10 <- 0x0000000000000004
mem[X,0x0000000080035248] -> 0x05B7
mem[X,0x000000008003524A] -> 0x0000
[6667] [M]: 0x0000000080035248 (0x000005B7) lui a1, 0
x11 <- 0x0000000000000000
mem[X,0x000000008003524C] -> 0x8593
mem[X,0x000000008003524E] -> 0x0005
[6668] [M]: 0x000000008003524C (0x00058593) addi a1, a1, 0
x11 <- 0x0000000000000000
mem[X,0x0000000080035250] -> 0x9593
mem[X,0x0000000080035252] -> 0x00B5
[6669] [M]: 0x0000000080035250 (0x00B59593) slli a1, a1, 11
x11 <- 0x0000000000000000
mem[X,0x0000000080035254] -> 0x8593
mem[X,0x0000000080035256] -> 0x5A85
[6670] [M]: 0x0000000080035254 (0x5A858593) addi a1, a1, 1448
x11 <- 0x00000000000005A8
mem[X,0x0000000080035258] -> 0x9593
mem[X,0x000000008003525A] -> 0x00B5
[6671] [M]: 0x0000000080035258 (0x00B59593) slli a1, a1, 11
x11 <- 0x00000000002D4000
mem[X,0x000000008003525C] -> 0x8593
mem[X,0x000000008003525E] -> 0x13C5
[6672] [M]: 0x000000008003525C (0x13C58593) addi a1, a1, 316
x11 <- 0x00000000002D413C
mem[X,0x0000000080035260] -> 0x9593
mem[X,0x0000000080035262] -> 0x00A5
[6673] [M]: 0x0000000080035260 (0x00A59593) slli a1, a1, 10
x11 <- 0x00000000B504F000
mem[X,0x0000000080035264] -> 0x8593
mem[X,0x0000000080035266] -> 0x3345
[6674] [M]: 0x0000000080035264 (0x33458593) addi a1, a1, 820
x11 <- 0x00000000B504F334
mem[X,0x0000000080035268] -> 0x0113
mem[X,0x000000008003526A] -> 0x0000
[6675] [M]: 0x0000000080035268 (0x00000113) addi sp, zero, 0
x2 <- 0x0000000000000000
mem[X,0x000000008003526C] -> 0x006F
mem[X,0x000000008003526E] -> 0x00C0
[6676] [M]: 0x000000008003526C (0x00C0006F) jal zero, 12
mem[X,0x0000000080035278] -> 0x4063
mem[X,0x000000008003527A] -> 0x08B5
[6677] [M]: 0x0000000080035278 (0x08B54063) blt a0, a1, 128
mem[X,0x00000000800352F8] -> 0x0113
mem[X,0x00000000800352FA] -> 0x0031
[6678] [M]: 0x00000000800352F8 (0x00310113) addi sp, sp, 3
x2 <- 0x0000000000000003
mem[X,0x00000000800352FC] -> 0x006F
mem[X,0x00000000800352FE] -> 0x0040
[6679] [M]: 0x00000000800352FC (0x0040006F) jal zero, 4
mem[X,0x0000000080035300] -> 0xB423
mem[X,0x0000000080035302] -> 0x4E20
[6680] [M]: 0x0000000080035300 (0x4E20B423) sd sp, 1256(ra)
mem[0x000000008004FEC0] <- 0x0000000000000003
mem[X,0x0000000080035304] -> 0x3537
mem[X,0x0000000080035306] -> 0x3333
[6681] [M]: 0x0000000080035304 (0x33333537) lui a0, 209715
x10 <- 0x0000000033333000
mem[X,0x0000000080035308] -> 0x0513
mem[X,0x000000008003530A] -> 0x3335
[6682] [M]: 0x0000000080035308 (0x33350513) addi a0, a0, 819
x10 <- 0x0000000033333333
mem[X,0x000000008003530C] -> 0x1513
mem[X,0x000000008003530E] -> 0x00B5
[6683] [M]: 0x000000008003530C (0x00B51513) slli a0, a0, 11
x10 <- 0x0000019999999800
mem[X,0x0000000080035310] -> 0x0513
mem[X,0x0000000080035312] -> 0x1995
[6684] [M]: 0x0000000080035310 (0x19950513) addi a0, a0, 409
x10 <- 0x0000019999999999
mem[X,0x0000000080035314] -> 0x1513
mem[X,0x0000000080035316] -> 0x00B5
[6685] [M]: 0x0000000080035314 (0x00B51513) slli a0, a0, 11
x10 <- 0x000CCCCCCCCCC800
mem[X,0x0000000080035318] -> 0x0513
mem[X,0x000000008003531A] -> 0x4CC5
[6686] [M]: 0x0000000080035318 (0x4CC50513) addi a0, a0, 1228
x10 <- 0x000CCCCCCCCCCCCC
mem[X,0x000000008003531C] -> 0x1513
mem[X,0x000000008003531E] -> 0x00A5
[6687] [M]: 0x000000008003531C (0x00A51513) slli a0, a0, 10
x10 <- 0x3333333333333000
mem[X,0x0000000080035320] -> 0x0513
mem[X,0x0000000080035322] -> 0x3325
[6688] [M]: 0x0000000080035320 (0x33250513) addi a0, a0, 818
x10 <- 0x3333333333333332
mem[X,0x0000000080035324] -> 0x0593
mem[X,0x0000000080035326] -> 0x0030
[6689] [M]: 0x0000000080035324 (0x00300593) addi a1, zero, 3
x11 <- 0x0000000000000003
mem[X,0x0000000080035328] -> 0x0113
mem[X,0x000000008003532A] -> 0x0000
[6690] [M]: 0x0000000080035328 (0x00000113) addi sp, zero, 0
x2 <- 0x0000000000000000
mem[X,0x000000008003532C] -> 0x006F
mem[X,0x000000008003532E] -> 0x00C0
[6691] [M]: 0x000000008003532C (0x00C0006F) jal zero, 12
mem[X,0x0000000080035338] -> 0x4663
mem[X,0x000000008003533A] -> 0x00B5
[6692] [M]: 0x0000000080035338 (0x00B54663) blt a0, a1, 12
mem[X,0x000000008003533C] -> 0x0113
mem[X,0x000000008003533E] -> 0x0021
[6693] [M]: 0x000000008003533C (0x00210113) addi sp, sp, 2
x2 <- 0x0000000000000002
mem[X,0x0000000080035340] -> 0x006F
mem[X,0x0000000080035342] -> 0x00C0
[6694] [M]: 0x0000000080035340 (0x00C0006F) jal zero, 12
mem[X,0x000000008003534C] -> 0xB823
mem[X,0x000000008003534E] -> 0x4E20
[6695] [M]: 0x000000008003534C (0x4E20B823) sd sp, 1264(ra)
mem[0x000000008004FEC8] <- 0x0000000000000002
mem[X,0x0000000080035350] -> 0x3537
mem[X,0x0000000080035352] -> 0x3333
[6696] [M]: 0x0000000080035350 (0x33333537) lui a0, 209715
x10 <- 0x0000000033333000
mem[X,0x0000000080035354] -> 0x0513
mem[X,0x0000000080035356] -> 0x3335
[6697] [M]: 0x0000000080035354 (0x33350513) addi a0, a0, 819
x10 <- 0x0000000033333333
mem[X,0x0000000080035358] -> 0x1513
mem[X,0x000000008003535A] -> 0x00B5
[6698] [M]: 0x0000000080035358 (0x00B51513) slli a0, a0, 11
x10 <- 0x0000019999999800
mem[X,0x000000008003535C] -> 0x0513
mem[X,0x000000008003535E] -> 0x1995
[6699] [M]: 0x000000008003535C (0x19950513) addi a0, a0, 409
x10 <- 0x0000019999999999
clint::tick mtime <- 0x0000000000000043
 clint timer pending at mtime 0x0000000000000043
htif::tick 0x0000000000000000
mem[X,0x0000000080035360] -> 0x1513
mem[X,0x0000000080035362] -> 0x00B5
[6700] [M]: 0x0000000080035360 (0x00B51513) slli a0, a0, 11
x10 <- 0x000CCCCCCCCCC800
mem[X,0x0000000080035364] -> 0x0513
mem[X,0x0000000080035366] -> 0x4CC5
[6701] [M]: 0x0000000080035364 (0x4CC50513) addi a0, a0, 1228
x10 <- 0x000CCCCCCCCCCCCC
mem[X,0x0000000080035368] -> 0x1513
mem[X,0x000000008003536A] -> 0x00A5
[6702] [M]: 0x0000000080035368 (0x00A51513) slli a0, a0, 10
x10 <- 0x3333333333333000
mem[X,0x000000008003536C] -> 0x0513
mem[X,0x000000008003536E] -> 0x3325
[6703] [M]: 0x000000008003536C (0x33250513) addi a0, a0, 818
x10 <- 0x3333333333333332
mem[X,0x0000000080035370] -> 0x55B7
mem[X,0x0000000080035372] -> 0x5555
[6704] [M]: 0x0000000080035370 (0x555555B7) lui a1, 349525
x11 <- 0x0000000055555000
mem[X,0x0000000080035374] -> 0x8593
mem[X,0x0000000080035376] -> 0x5555
[6705] [M]: 0x0000000080035374 (0x55558593) addi a1, a1, 1365
x11 <- 0x0000000055555555
mem[X,0x0000000080035378] -> 0x9593
mem[X,0x000000008003537A] -> 0x00B5
[6706] [M]: 0x0000000080035378 (0x00B59593) slli a1, a1, 11
x11 <- 0x000002AAAAAAA800
mem[X,0x000000008003537C] -> 0x8593
mem[X,0x000000008003537E] -> 0x2AA5
[6707] [M]: 0x000000008003537C (0x2AA58593) addi a1, a1, 682
x11 <- 0x000002AAAAAAAAAA
mem[X,0x0000000080035380] -> 0x9593
mem[X,0x0000000080035382] -> 0x00B5
[6708] [M]: 0x0000000080035380 (0x00B59593) slli a1, a1, 11
x11 <- 0x0015555555555000
mem[X,0x0000000080035384] -> 0x8593
mem[X,0x0000000080035386] -> 0x5555
[6709] [M]: 0x0000000080035384 (0x55558593) addi a1, a1, 1365
x11 <- 0x0015555555555555
mem[X,0x0000000080035388] -> 0x9593
mem[X,0x000000008003538A] -> 0x00A5
[6710] [M]: 0x0000000080035388 (0x00A59593) slli a1, a1, 10
x11 <- 0x5555555555555400
mem[X,0x000000008003538C] -> 0x8593
mem[X,0x000000008003538E] -> 0x1555
[6711] [M]: 0x000000008003538C (0x15558593) addi a1, a1, 341
x11 <- 0x5555555555555555
mem[X,0x0000000080035390] -> 0x0113
mem[X,0x0000000080035392] -> 0x0000
[6712] [M]: 0x0000000080035390 (0x00000113) addi sp, zero, 0
x2 <- 0x0000000000000000
mem[X,0x0000000080035394] -> 0x006F
mem[X,0x0000000080035396] -> 0x00C0
[6713] [M]: 0x0000000080035394 (0x00C0006F) jal zero, 12
mem[X,0x00000000800353A0] -> 0x4863
mem[X,0x00000000800353A2] -> 0x00B5
[6714] [M]: 0x00000000800353A0 (0x00B54863) blt a0, a1, 16
mem[X,0x00000000800353B0] -> 0x0113
mem[X,0x00000000800353B2] -> 0x0031
[6715] [M]: 0x00000000800353B0 (0x00310113) addi sp, sp, 3
x2 <- 0x0000000000000003
mem[X,0x00000000800353B4] -> 0x006F
mem[X,0x00000000800353B6] -> 0x0040
[6716] [M]: 0x00000000800353B4 (0x0040006F) jal zero, 4
mem[X,0x00000000800353B8] -> 0xBC23
mem[X,0x00000000800353BA] -> 0x4E20
[6717] [M]: 0x00000000800353B8 (0x4E20BC23) sd sp, 1272(ra)
mem[0x000000008004FED0] <- 0x0000000000000003
mem[X,0x00000000800353BC] -> 0x3537
mem[X,0x00000000800353BE] -> 0x3333
[6718] [M]: 0x00000000800353BC (0x33333537) lui a0, 209715
x10 <- 0x0000000033333000
mem[X,0x00000000800353C0] -> 0x0513
mem[X,0x00000000800353C2] -> 0x3335
[6719] [M]: 0x00000000800353C0 (0x33350513) addi a0, a0, 819
x10 <- 0x0000000033333333
mem[X,0x00000000800353C4] -> 0x1513
mem[X,0x00000000800353C6] -> 0x00B5
[6720] [M]: 0x00000000800353C4 (0x00B51513) slli a0, a0, 11
x10 <- 0x0000019999999800
mem[X,0x00000000800353C8] -> 0x0513
mem[X,0x00000000800353CA] -> 0x1995
[6721] [M]: 0x00000000800353C8 (0x19950513) addi a0, a0, 409
x10 <- 0x0000019999999999
mem[X,0x00000000800353CC] -> 0x1513
mem[X,0x00000000800353CE] -> 0x00B5
[6722] [M]: 0x00000000800353CC (0x00B51513) slli a0, a0, 11
x10 <- 0x000CCCCCCCCCC800
mem[X,0x00000000800353D0] -> 0x0513
mem[X,0x00000000800353D2] -> 0x4CC5
[6723] [M]: 0x00000000800353D0 (0x4CC50513) addi a0, a0, 1228
x10 <- 0x000CCCCCCCCCCCCC
mem[X,0x00000000800353D4] -> 0x1513
mem[X,0x00000000800353D6] -> 0x00A5
[6724] [M]: 0x00000000800353D4 (0x00A51513) slli a0, a0, 10
x10 <- 0x3333333333333000
mem[X,0x00000000800353D8] -> 0x0513
mem[X,0x00000000800353DA] -> 0x3325
[6725] [M]: 0x00000000800353D8 (0x33250513) addi a0, a0, 818
x10 <- 0x3333333333333332
mem[X,0x00000000800353DC] -> 0xB5B7
mem[X,0x00000000800353DE] -> 0xAAAA
[6726] [M]: 0x00000000800353DC (0xAAAAB5B7) lui a1, 699051
x11 <- 0xFFFFFFFFAAAAB000
mem[X,0x00000000800353E0] -> 0x8593
mem[X,0x00000000800353E2] -> 0xAAA5
[6727] [M]: 0x00000000800353E0 (0xAAA58593) addi a1, a1, 2730
x11 <- 0xFFFFFFFFAAAAAAAA
mem[X,0x00000000800353E4] -> 0x9593
mem[X,0x00000000800353E6] -> 0x00B5
[6728] [M]: 0x00000000800353E4 (0x00B59593) slli a1, a1, 11
x11 <- 0xFFFFFD5555555000
mem[X,0x00000000800353E8] -> 0x8593
mem[X,0x00000000800353EA] -> 0x5555
[6729] [M]: 0x00000000800353E8 (0x55558593) addi a1, a1, 1365
x11 <- 0xFFFFFD5555555555
mem[X,0x00000000800353EC] -> 0x9593
mem[X,0x00000000800353EE] -> 0x00B5
[6730] [M]: 0x00000000800353EC (0x00B59593) slli a1, a1, 11
x11 <- 0xFFEAAAAAAAAAA800
mem[X,0x00000000800353F0] -> 0x8593
mem[X,0x00000000800353F2] -> 0x2AA5
[6731] [M]: 0x00000000800353F0 (0x2AA58593) addi a1, a1, 682
x11 <- 0xFFEAAAAAAAAAAAAA
mem[X,0x00000000800353F4] -> 0x9593
mem[X,0x00000000800353F6] -> 0x00A5
[6732] [M]: 0x00000000800353F4 (0x00A59593) slli a1, a1, 10
x11 <- 0xAAAAAAAAAAAAA800
mem[X,0x00000000800353F8] -> 0x8593
mem[X,0x00000000800353FA] -> 0x2AA5
[6733] [M]: 0x00000000800353F8 (0x2AA58593) addi a1, a1, 682
x11 <- 0xAAAAAAAAAAAAAAAA
mem[X,0x00000000800353FC] -> 0x0113
mem[X,0x00000000800353FE] -> 0x0000
[6734] [M]: 0x00000000800353FC (0x00000113) addi sp, zero, 0
x2 <- 0x0000000000000000
mem[X,0x0000000080035400] -> 0x006F
mem[X,0x0000000080035402] -> 0x00C0
[6735] [M]: 0x0000000080035400 (0x00C0006F) jal zero, 12
mem[X,0x000000008003540C] -> 0x4063
mem[X,0x000000008003540E] -> 0x10B5
[6736] [M]: 0x000000008003540C (0x10B54063) blt a0, a1, 256
mem[X,0x0000000080035410] -> 0x0113
mem[X,0x0000000080035412] -> 0x0021
[6737] [M]: 0x0000000080035410 (0x00210113) addi sp, sp, 2
x2 <- 0x0000000000000002
mem[X,0x0000000080035414] -> 0x006F
mem[X,0x0000000080035416] -> 0x1000
[6738] [M]: 0x0000000080035414 (0x1000006F) jal zero, 256
mem[X,0x0000000080035514] -> 0xB023
mem[X,0x0000000080035516] -> 0x5020
[6739] [M]: 0x0000000080035514 (0x5020B023) sd sp, 1280(ra)
mem[0x000000008004FED8] <- 0x0000000000000002
mem[X,0x0000000080035518] -> 0x3537
mem[X,0x000000008003551A] -> 0x3333
[6740] [M]: 0x0000000080035518 (0x33333537) lui a0, 209715
x10 <- 0x0000000033333000
mem[X,0x000000008003551C] -> 0x0513
mem[X,0x000000008003551E] -> 0x3335
[6741] [M]: 0x000000008003551C (0x33350513) addi a0, a0, 819
x10 <- 0x0000000033333333
mem[X,0x0000000080035520] -> 0x1513
mem[X,0x0000000080035522] -> 0x00B5
[6742] [M]: 0x0000000080035520 (0x00B51513) slli a0, a0, 11
x10 <- 0x0000019999999800
mem[X,0x0000000080035524] -> 0x0513
mem[X,0x0000000080035526] -> 0x1995
[6743] [M]: 0x0000000080035524 (0x19950513) addi a0, a0, 409
x10 <- 0x0000019999999999
mem[X,0x0000000080035528] -> 0x1513
mem[X,0x000000008003552A] -> 0x00B5
[6744] [M]: 0x0000000080035528 (0x00B51513) slli a0, a0, 11
x10 <- 0x000CCCCCCCCCC800
mem[X,0x000000008003552C] -> 0x0513
mem[X,0x000000008003552E] -> 0x4CC5
[6745] [M]: 0x000000008003552C (0x4CC50513) addi a0, a0, 1228
x10 <- 0x000CCCCCCCCCCCCC
mem[X,0x0000000080035530] -> 0x1513
mem[X,0x0000000080035532] -> 0x00A5
[6746] [M]: 0x0000000080035530 (0x00A51513) slli a0, a0, 10
x10 <- 0x3333333333333000
mem[X,0x0000000080035534] -> 0x0513
mem[X,0x0000000080035536] -> 0x3325
[6747] [M]: 0x0000000080035534 (0x33250513) addi a0, a0, 818
x10 <- 0x3333333333333332
mem[X,0x0000000080035538] -> 0x0593
mem[X,0x000000008003553A] -> 0x0050
[6748] [M]: 0x0000000080035538 (0x00500593) addi a1, zero, 5
x11 <- 0x0000000000000005
mem[X,0x000000008003553C] -> 0x0113
mem[X,0x000000008003553E] -> 0x0000
[6749] [M]: 0x000000008003553C (0x00000113) addi sp, zero, 0
x2 <- 0x0000000000000000
mem[X,0x0000000080035540] -> 0x006F
mem[X,0x0000000080035542] -> 0x00C0
[6750] [M]: 0x0000000080035540 (0x00C0006F) jal zero, 12
mem[X,0x000000008003554C] -> 0x4CE3
mem[X,0x000000008003554E] -> 0xFEB5
[6751] [M]: 0x000000008003554C (0xFEB54CE3) blt a0, a1, 8184
mem[X,0x0000000080035550] -> 0x0113
mem[X,0x0000000080035552] -> 0x0021
[6752] [M]: 0x0000000080035550 (0x00210113) addi sp, sp, 2
x2 <- 0x0000000000000002
mem[X,0x0000000080035554] -> 0x006F
mem[X,0x0000000080035556] -> 0x00C0
[6753] [M]: 0x0000000080035554 (0x00C0006F) jal zero, 12
mem[X,0x0000000080035560] -> 0xB423
mem[X,0x0000000080035562] -> 0x5020
[6754] [M]: 0x0000000080035560 (0x5020B423) sd sp, 1288(ra)
mem[0x000000008004FEE0] <- 0x0000000000000002
mem[X,0x0000000080035564] -> 0x3537
mem[X,0x0000000080035566] -> 0x3333
[6755] [M]: 0x0000000080035564 (0x33333537) lui a0, 209715
x10 <- 0x0000000033333000
mem[X,0x0000000080035568] -> 0x0513
mem[X,0x000000008003556A] -> 0x3335
[6756] [M]: 0x0000000080035568 (0x33350513) addi a0, a0, 819
x10 <- 0x0000000033333333
mem[X,0x000000008003556C] -> 0x1513
mem[X,0x000000008003556E] -> 0x00B5
[6757] [M]: 0x000000008003556C (0x00B51513) slli a0, a0, 11
x10 <- 0x0000019999999800
mem[X,0x0000000080035570] -> 0x0513
mem[X,0x0000000080035572] -> 0x1995
[6758] [M]: 0x0000000080035570 (0x19950513) addi a0, a0, 409
x10 <- 0x0000019999999999
mem[X,0x0000000080035574] -> 0x1513
mem[X,0x0000000080035576] -> 0x00B5
[6759] [M]: 0x0000000080035574 (0x00B51513) slli a0, a0, 11
x10 <- 0x000CCCCCCCCCC800
mem[X,0x0000000080035578] -> 0x0513
mem[X,0x000000008003557A] -> 0x4CC5
[6760] [M]: 0x0000000080035578 (0x4CC50513) addi a0, a0, 1228
x10 <- 0x000CCCCCCCCCCCCC
mem[X,0x000000008003557C] -> 0x1513
mem[X,0x000000008003557E] -> 0x00A5
[6761] [M]: 0x000000008003557C (0x00A51513) slli a0, a0, 10
x10 <- 0x3333333333333000
mem[X,0x0000000080035580] -> 0x0513
mem[X,0x0000000080035582] -> 0x3325
[6762] [M]: 0x0000000080035580 (0x33250513) addi a0, a0, 818
x10 <- 0x3333333333333332
mem[X,0x0000000080035584] -> 0x35B7
mem[X,0x0000000080035586] -> 0x3333
[6763] [M]: 0x0000000080035584 (0x333335B7) lui a1, 209715
x11 <- 0x0000000033333000
mem[X,0x0000000080035588] -> 0x8593
mem[X,0x000000008003558A] -> 0x3335
[6764] [M]: 0x0000000080035588 (0x33358593) addi a1, a1, 819
x11 <- 0x0000000033333333
mem[X,0x000000008003558C] -> 0x9593
mem[X,0x000000008003558E] -> 0x00B5
[6765] [M]: 0x000000008003558C (0x00B59593) slli a1, a1, 11
x11 <- 0x0000019999999800
mem[X,0x0000000080035590] -> 0x8593
mem[X,0x0000000080035592] -> 0x1995
[6766] [M]: 0x0000000080035590 (0x19958593) addi a1, a1, 409
x11 <- 0x0000019999999999
mem[X,0x0000000080035594] -> 0x9593
mem[X,0x0000000080035596] -> 0x00B5
[6767] [M]: 0x0000000080035594 (0x00B59593) slli a1, a1, 11
x11 <- 0x000CCCCCCCCCC800
mem[X,0x0000000080035598] -> 0x8593
mem[X,0x000000008003559A] -> 0x4CC5
[6768] [M]: 0x0000000080035598 (0x4CC58593) addi a1, a1, 1228
x11 <- 0x000CCCCCCCCCCCCC
mem[X,0x000000008003559C] -> 0x9593
mem[X,0x000000008003559E] -> 0x00A5
[6769] [M]: 0x000000008003559C (0x00A59593) slli a1, a1, 10
x11 <- 0x3333333333333000
mem[X,0x00000000800355A0] -> 0x8593
mem[X,0x00000000800355A2] -> 0x3335
[6770] [M]: 0x00000000800355A0 (0x33358593) addi a1, a1, 819
x11 <- 0x3333333333333333
mem[X,0x00000000800355A4] -> 0x0113
mem[X,0x00000000800355A6] -> 0x0000
[6771] [M]: 0x00000000800355A4 (0x00000113) addi sp, zero, 0
x2 <- 0x0000000000000000
mem[X,0x00000000800355A8] -> 0x006F
mem[X,0x00000000800355AA] -> 0x0180
[6772] [M]: 0x00000000800355A8 (0x0180006F) jal zero, 24
mem[X,0x00000000800355C0] -> 0x46E3
mem[X,0x00000000800355C2] -> 0xFEB5
[6773] [M]: 0x00000000800355C0 (0xFEB546E3) blt a0, a1, 8172
mem[X,0x00000000800355AC] -> 0x0113
mem[X,0x00000000800355AE] -> 0x0011
[6774] [M]: 0x00000000800355AC (0x00110113) addi sp, sp, 1
x2 <- 0x0000000000000001
mem[X,0x00000000800355B0] -> 0x006F
mem[X,0x00000000800355B2] -> 0x0240
[6775] [M]: 0x00000000800355B0 (0x0240006F) jal zero, 36
mem[X,0x00000000800355D4] -> 0xB823
mem[X,0x00000000800355D6] -> 0x5020
[6776] [M]: 0x00000000800355D4 (0x5020B823) sd sp, 1296(ra)
mem[0x000000008004FEE8] <- 0x0000000000000001
mem[X,0x00000000800355D8] -> 0x3537
mem[X,0x00000000800355DA] -> 0x3333
[6777] [M]: 0x00000000800355D8 (0x33333537) lui a0, 209715
x10 <- 0x0000000033333000
mem[X,0x00000000800355DC] -> 0x0513
mem[X,0x00000000800355DE] -> 0x3335
[6778] [M]: 0x00000000800355DC (0x33350513) addi a0, a0, 819
x10 <- 0x0000000033333333
mem[X,0x00000000800355E0] -> 0x1513
mem[X,0x00000000800355E2] -> 0x00B5
[6779] [M]: 0x00000000800355E0 (0x00B51513) slli a0, a0, 11
x10 <- 0x0000019999999800
mem[X,0x00000000800355E4] -> 0x0513
mem[X,0x00000000800355E6] -> 0x1995
[6780] [M]: 0x00000000800355E4 (0x19950513) addi a0, a0, 409
x10 <- 0x0000019999999999
mem[X,0x00000000800355E8] -> 0x1513
mem[X,0x00000000800355EA] -> 0x00B5
[6781] [M]: 0x00000000800355E8 (0x00B51513) slli a0, a0, 11
x10 <- 0x000CCCCCCCCCC800
mem[X,0x00000000800355EC] -> 0x0513
mem[X,0x00000000800355EE] -> 0x4CC5
[6782] [M]: 0x00000000800355EC (0x4CC50513) addi a0, a0, 1228
x10 <- 0x000CCCCCCCCCCCCC
mem[X,0x00000000800355F0] -> 0x1513
mem[X,0x00000000800355F2] -> 0x00A5
[6783] [M]: 0x00000000800355F0 (0x00A51513) slli a0, a0, 10
x10 <- 0x3333333333333000
mem[X,0x00000000800355F4] -> 0x0513
mem[X,0x00000000800355F6] -> 0x3325
[6784] [M]: 0x00000000800355F4 (0x33250513) addi a0, a0, 818
x10 <- 0x3333333333333332
mem[X,0x00000000800355F8] -> 0x65B7
mem[X,0x00000000800355FA] -> 0x6666
[6785] [M]: 0x00000000800355F8 (0x666665B7) lui a1, 419430
x11 <- 0x0000000066666000
mem[X,0x00000000800355FC] -> 0x8593
mem[X,0x00000000800355FE] -> 0x6665
[6786] [M]: 0x00000000800355FC (0x66658593) addi a1, a1, 1638
x11 <- 0x0000000066666666
mem[X,0x0000000080035600] -> 0x9593
mem[X,0x0000000080035602] -> 0x00B5
[6787] [M]: 0x0000000080035600 (0x00B59593) slli a1, a1, 11
x11 <- 0x0000033333333000
mem[X,0x0000000080035604] -> 0x8593
mem[X,0x0000000080035606] -> 0x3335
[6788] [M]: 0x0000000080035604 (0x33358593) addi a1, a1, 819
x11 <- 0x0000033333333333
mem[X,0x0000000080035608] -> 0x9593
mem[X,0x000000008003560A] -> 0x00B5
[6789] [M]: 0x0000000080035608 (0x00B59593) slli a1, a1, 11
x11 <- 0x0019999999999800
mem[X,0x000000008003560C] -> 0x8593
mem[X,0x000000008003560E] -> 0x1995
[6790] [M]: 0x000000008003560C (0x19958593) addi a1, a1, 409
x11 <- 0x0019999999999999
mem[X,0x0000000080035610] -> 0x9593
mem[X,0x0000000080035612] -> 0x00A5
[6791] [M]: 0x0000000080035610 (0x00A59593) slli a1, a1, 10
x11 <- 0x6666666666666400
mem[X,0x0000000080035614] -> 0x8593
mem[X,0x0000000080035616] -> 0x2665
[6792] [M]: 0x0000000080035614 (0x26658593) addi a1, a1, 614
x11 <- 0x6666666666666666
mem[X,0x0000000080035618] -> 0x0113
mem[X,0x000000008003561A] -> 0x0000
[6793] [M]: 0x0000000080035618 (0x00000113) addi sp, zero, 0
x2 <- 0x0000000000000000
mem[X,0x000000008003561C] -> 0x006F
mem[X,0x000000008003561E] -> 0x00C0
[6794] [M]: 0x000000008003561C (0x00C0006F) jal zero, 12
mem[X,0x0000000080035628] -> 0x4063
mem[X,0x000000008003562A] -> 0x10B5
[6795] [M]: 0x0000000080035628 (0x10B54063) blt a0, a1, 256
mem[X,0x0000000080035728] -> 0x0113
mem[X,0x000000008003572A] -> 0x0031
[6796] [M]: 0x0000000080035728 (0x00310113) addi sp, sp, 3
x2 <- 0x0000000000000003
mem[X,0x000000008003572C] -> 0x006F
mem[X,0x000000008003572E] -> 0x0040
[6797] [M]: 0x000000008003572C (0x0040006F) jal zero, 4
mem[X,0x0000000080035730] -> 0xBC23
mem[X,0x0000000080035732] -> 0x5020
[6798] [M]: 0x0000000080035730 (0x5020BC23) sd sp, 1304(ra)
mem[0x000000008004FEF0] <- 0x0000000000000003
mem[X,0x0000000080035734] -> 0x3537
mem[X,0x0000000080035736] -> 0x3333
[6799] [M]: 0x0000000080035734 (0x33333537) lui a0, 209715
x10 <- 0x0000000033333000
clint::tick mtime <- 0x0000000000000044
 clint timer pending at mtime 0x0000000000000044
htif::tick 0x0000000000000000
mem[X,0x0000000080035738] -> 0x0513
mem[X,0x000000008003573A] -> 0x3335
[6800] [M]: 0x0000000080035738 (0x33350513) addi a0, a0, 819
x10 <- 0x0000000033333333
mem[X,0x000000008003573C] -> 0x1513
mem[X,0x000000008003573E] -> 0x00B5
[6801] [M]: 0x000000008003573C (0x00B51513) slli a0, a0, 11
x10 <- 0x0000019999999800
mem[X,0x0000000080035740] -> 0x0513
mem[X,0x0000000080035742] -> 0x1995
[6802] [M]: 0x0000000080035740 (0x19950513) addi a0, a0, 409
x10 <- 0x0000019999999999
mem[X,0x0000000080035744] -> 0x1513
mem[X,0x0000000080035746] -> 0x00B5
[6803] [M]: 0x0000000080035744 (0x00B51513) slli a0, a0, 11
x10 <- 0x000CCCCCCCCCC800
mem[X,0x0000000080035748] -> 0x0513
mem[X,0x000000008003574A] -> 0x4CC5
[6804] [M]: 0x0000000080035748 (0x4CC50513) addi a0, a0, 1228
x10 <- 0x000CCCCCCCCCCCCC
mem[X,0x000000008003574C] -> 0x1513
mem[X,0x000000008003574E] -> 0x00A5
[6805] [M]: 0x000000008003574C (0x00A51513) slli a0, a0, 10
x10 <- 0x3333333333333000
mem[X,0x0000000080035750] -> 0x0513
mem[X,0x0000000080035752] -> 0x3325
[6806] [M]: 0x0000000080035750 (0x33250513) addi a0, a0, 818
x10 <- 0x3333333333333332
mem[X,0x0000000080035754] -> 0x05B7
mem[X,0x0000000080035756] -> 0x0000
[6807] [M]: 0x0000000080035754 (0x000005B7) lui a1, 0
x11 <- 0x0000000000000000
mem[X,0x0000000080035758] -> 0x8593
mem[X,0x000000008003575A] -> 0xFFF5
[6808] [M]: 0x0000000080035758 (0xFFF58593) addi a1, a1, 4095
x11 <- 0xFFFFFFFFFFFFFFFF
mem[X,0x000000008003575C] -> 0x9593
mem[X,0x000000008003575E] -> 0x00B5
[6809] [M]: 0x000000008003575C (0x00B59593) slli a1, a1, 11
x11 <- 0xFFFFFFFFFFFFF800
mem[X,0x0000000080035760] -> 0x8593
mem[X,0x0000000080035762] -> 0x2575
[6810] [M]: 0x0000000080035760 (0x25758593) addi a1, a1, 599
x11 <- 0xFFFFFFFFFFFFFA57
mem[X,0x0000000080035764] -> 0x9593
mem[X,0x0000000080035766] -> 0x00B5
[6811] [M]: 0x0000000080035764 (0x00B59593) slli a1, a1, 11
x11 <- 0xFFFFFFFFFFD2B800
mem[X,0x0000000080035768] -> 0x8593
mem[X,0x000000008003576A] -> 0x6C35
[6812] [M]: 0x0000000080035768 (0x6C358593) addi a1, a1, 1731
x11 <- 0xFFFFFFFFFFD2BEC3
mem[X,0x000000008003576C] -> 0x9593
mem[X,0x000000008003576E] -> 0x00A5
[6813] [M]: 0x000000008003576C (0x00A59593) slli a1, a1, 10
x11 <- 0xFFFFFFFF4AFB0C00
mem[X,0x0000000080035770] -> 0x8593
mem[X,0x0000000080035772] -> 0x0CD5
[6814] [M]: 0x0000000080035770 (0x0CD58593) addi a1, a1, 205
x11 <- 0xFFFFFFFF4AFB0CCD
mem[X,0x0000000080035774] -> 0x0113
mem[X,0x0000000080035776] -> 0x0000
[6815] [M]: 0x0000000080035774 (0x00000113) addi sp, zero, 0
x2 <- 0x0000000000000000
mem[X,0x0000000080035778] -> 0x006F
mem[X,0x000000008003577A] -> 0x00C0
[6816] [M]: 0x0000000080035778 (0x00C0006F) jal zero, 12
mem[X,0x0000000080035784] -> 0x4663
mem[X,0x0000000080035786] -> 0x00B5
[6817] [M]: 0x0000000080035784 (0x00B54663) blt a0, a1, 12
mem[X,0x0000000080035788] -> 0x0113
mem[X,0x000000008003578A] -> 0x0021
[6818] [M]: 0x0000000080035788 (0x00210113) addi sp, sp, 2
x2 <- 0x0000000000000002
mem[X,0x000000008003578C] -> 0x006F
mem[X,0x000000008003578E] -> 0x00C0
[6819] [M]: 0x000000008003578C (0x00C0006F) jal zero, 12
mem[X,0x0000000080035798] -> 0xB023
mem[X,0x000000008003579A] -> 0x5220
[6820] [M]: 0x0000000080035798 (0x5220B023) sd sp, 1312(ra)
mem[0x000000008004FEF8] <- 0x0000000000000002
mem[X,0x000000008003579C] -> 0x3537
mem[X,0x000000008003579E] -> 0x3333
[6821] [M]: 0x000000008003579C (0x33333537) lui a0, 209715
x10 <- 0x0000000033333000
mem[X,0x00000000800357A0] -> 0x0513
mem[X,0x00000000800357A2] -> 0x3335
[6822] [M]: 0x00000000800357A0 (0x33350513) addi a0, a0, 819
x10 <- 0x0000000033333333
mem[X,0x00000000800357A4] -> 0x1513
mem[X,0x00000000800357A6] -> 0x00B5
[6823] [M]: 0x00000000800357A4 (0x00B51513) slli a0, a0, 11
x10 <- 0x0000019999999800
mem[X,0x00000000800357A8] -> 0x0513
mem[X,0x00000000800357AA] -> 0x1995
[6824] [M]: 0x00000000800357A8 (0x19950513) addi a0, a0, 409
x10 <- 0x0000019999999999
mem[X,0x00000000800357AC] -> 0x1513
mem[X,0x00000000800357AE] -> 0x00B5
[6825] [M]: 0x00000000800357AC (0x00B51513) slli a0, a0, 11
x10 <- 0x000CCCCCCCCCC800
mem[X,0x00000000800357B0] -> 0x0513
mem[X,0x00000000800357B2] -> 0x4CC5
[6826] [M]: 0x00000000800357B0 (0x4CC50513) addi a0, a0, 1228
x10 <- 0x000CCCCCCCCCCCCC
mem[X,0x00000000800357B4] -> 0x1513
mem[X,0x00000000800357B6] -> 0x00A5
[6827] [M]: 0x00000000800357B4 (0x00A51513) slli a0, a0, 10
x10 <- 0x3333333333333000
mem[X,0x00000000800357B8] -> 0x0513
mem[X,0x00000000800357BA] -> 0x3325
[6828] [M]: 0x00000000800357B8 (0x33250513) addi a0, a0, 818
x10 <- 0x3333333333333332
mem[X,0x00000000800357BC] -> 0x05B7
mem[X,0x00000000800357BE] -> 0x0000
[6829] [M]: 0x00000000800357BC (0x000005B7) lui a1, 0
x11 <- 0x0000000000000000
mem[X,0x00000000800357C0] -> 0x8593
mem[X,0x00000000800357C2] -> 0x0005
[6830] [M]: 0x00000000800357C0 (0x00058593) addi a1, a1, 0
x11 <- 0x0000000000000000
mem[X,0x00000000800357C4] -> 0x9593
mem[X,0x00000000800357C6] -> 0x00B5
[6831] [M]: 0x00000000800357C4 (0x00B59593) slli a1, a1, 11
x11 <- 0x0000000000000000
mem[X,0x00000000800357C8] -> 0x8593
mem[X,0x00000000800357CA] -> 0x5A85
[6832] [M]: 0x00000000800357C8 (0x5A858593) addi a1, a1, 1448
x11 <- 0x00000000000005A8
mem[X,0x00000000800357CC] -> 0x9593
mem[X,0x00000000800357CE] -> 0x00B5
[6833] [M]: 0x00000000800357CC (0x00B59593) slli a1, a1, 11
x11 <- 0x00000000002D4000
mem[X,0x00000000800357D0] -> 0x8593
mem[X,0x00000000800357D2] -> 0x13C5
[6834] [M]: 0x00000000800357D0 (0x13C58593) addi a1, a1, 316
x11 <- 0x00000000002D413C
mem[X,0x00000000800357D4] -> 0x9593
mem[X,0x00000000800357D6] -> 0x00A5
[6835] [M]: 0x00000000800357D4 (0x00A59593) slli a1, a1, 10
x11 <- 0x00000000B504F000
mem[X,0x00000000800357D8] -> 0x8593
mem[X,0x00000000800357DA] -> 0x3335
[6836] [M]: 0x00000000800357D8 (0x33358593) addi a1, a1, 819
x11 <- 0x00000000B504F333
mem[X,0x00000000800357DC] -> 0x0113
mem[X,0x00000000800357DE] -> 0x0000
[6837] [M]: 0x00000000800357DC (0x00000113) addi sp, zero, 0
x2 <- 0x0000000000000000
mem[X,0x00000000800357E0] -> 0x006F
mem[X,0x00000000800357E2] -> 0x00C0
[6838] [M]: 0x00000000800357E0 (0x00C0006F) jal zero, 12
mem[X,0x00000000800357EC] -> 0x4063
mem[X,0x00000000800357EE] -> 0x08B5
[6839] [M]: 0x00000000800357EC (0x08B54063) blt a0, a1, 128
mem[X,0x00000000800357F0] -> 0x0113
mem[X,0x00000000800357F2] -> 0x0021
[6840] [M]: 0x00000000800357F0 (0x00210113) addi sp, sp, 2
x2 <- 0x0000000000000002
mem[X,0x00000000800357F4] -> 0x006F
mem[X,0x00000000800357F6] -> 0x0800
[6841] [M]: 0x00000000800357F4 (0x0800006F) jal zero, 128
mem[X,0x0000000080035874] -> 0xB423
mem[X,0x0000000080035876] -> 0x5220
[6842] [M]: 0x0000000080035874 (0x5220B423) sd sp, 1320(ra)
mem[0x000000008004FF00] <- 0x0000000000000002
mem[X,0x0000000080035878] -> 0x3537
mem[X,0x000000008003587A] -> 0x3333
[6843] [M]: 0x0000000080035878 (0x33333537) lui a0, 209715
x10 <- 0x0000000033333000
mem[X,0x000000008003587C] -> 0x0513
mem[X,0x000000008003587E] -> 0x3335
[6844] [M]: 0x000000008003587C (0x33350513) addi a0, a0, 819
x10 <- 0x0000000033333333
mem[X,0x0000000080035880] -> 0x1513
mem[X,0x0000000080035882] -> 0x00B5
[6845] [M]: 0x0000000080035880 (0x00B51513) slli a0, a0, 11
x10 <- 0x0000019999999800
mem[X,0x0000000080035884] -> 0x0513
mem[X,0x0000000080035886] -> 0x1995
[6846] [M]: 0x0000000080035884 (0x19950513) addi a0, a0, 409
x10 <- 0x0000019999999999
mem[X,0x0000000080035888] -> 0x1513
mem[X,0x000000008003588A] -> 0x00B5
[6847] [M]: 0x0000000080035888 (0x00B51513) slli a0, a0, 11
x10 <- 0x000CCCCCCCCCC800
mem[X,0x000000008003588C] -> 0x0513
mem[X,0x000000008003588E] -> 0x4CC5
[6848] [M]: 0x000000008003588C (0x4CC50513) addi a0, a0, 1228
x10 <- 0x000CCCCCCCCCCCCC
mem[X,0x0000000080035890] -> 0x1513
mem[X,0x0000000080035892] -> 0x00A5
[6849] [M]: 0x0000000080035890 (0x00A51513) slli a0, a0, 10
x10 <- 0x3333333333333000
mem[X,0x0000000080035894] -> 0x0513
mem[X,0x0000000080035896] -> 0x3325
[6850] [M]: 0x0000000080035894 (0x33250513) addi a0, a0, 818
x10 <- 0x3333333333333332
mem[X,0x0000000080035898] -> 0x0593
mem[X,0x000000008003589A] -> 0x0020
[6851] [M]: 0x0000000080035898 (0x00200593) addi a1, zero, 2
x11 <- 0x0000000000000002
mem[X,0x000000008003589C] -> 0x0113
mem[X,0x000000008003589E] -> 0x0000
[6852] [M]: 0x000000008003589C (0x00000113) addi sp, zero, 0
x2 <- 0x0000000000000000
mem[X,0x00000000800358A0] -> 0x006F
mem[X,0x00000000800358A2] -> 0x00C0
[6853] [M]: 0x00000000800358A0 (0x00C0006F) jal zero, 12
mem[X,0x00000000800358AC] -> 0x4663
mem[X,0x00000000800358AE] -> 0x00B5
[6854] [M]: 0x00000000800358AC (0x00B54663) blt a0, a1, 12
mem[X,0x00000000800358B0] -> 0x0113
mem[X,0x00000000800358B2] -> 0x0021
[6855] [M]: 0x00000000800358B0 (0x00210113) addi sp, sp, 2
x2 <- 0x0000000000000002
mem[X,0x00000000800358B4] -> 0x006F
mem[X,0x00000000800358B6] -> 0x00C0
[6856] [M]: 0x00000000800358B4 (0x00C0006F) jal zero, 12
mem[X,0x00000000800358C0] -> 0xB823
mem[X,0x00000000800358C2] -> 0x5220
[6857] [M]: 0x00000000800358C0 (0x5220B823) sd sp, 1328(ra)
mem[0x000000008004FF08] <- 0x0000000000000002
mem[X,0x00000000800358C4] -> 0x3537
mem[X,0x00000000800358C6] -> 0x3333
[6858] [M]: 0x00000000800358C4 (0x33333537) lui a0, 209715
x10 <- 0x0000000033333000
mem[X,0x00000000800358C8] -> 0x0513
mem[X,0x00000000800358CA] -> 0x3335
[6859] [M]: 0x00000000800358C8 (0x33350513) addi a0, a0, 819
x10 <- 0x0000000033333333
mem[X,0x00000000800358CC] -> 0x1513
mem[X,0x00000000800358CE] -> 0x00B5
[6860] [M]: 0x00000000800358CC (0x00B51513) slli a0, a0, 11
x10 <- 0x0000019999999800
mem[X,0x00000000800358D0] -> 0x0513
mem[X,0x00000000800358D2] -> 0x1995
[6861] [M]: 0x00000000800358D0 (0x19950513) addi a0, a0, 409
x10 <- 0x0000019999999999
mem[X,0x00000000800358D4] -> 0x1513
mem[X,0x00000000800358D6] -> 0x00B5
[6862] [M]: 0x00000000800358D4 (0x00B51513) slli a0, a0, 11
x10 <- 0x000CCCCCCCCCC800
mem[X,0x00000000800358D8] -> 0x0513
mem[X,0x00000000800358DA] -> 0x4CC5
[6863] [M]: 0x00000000800358D8 (0x4CC50513) addi a0, a0, 1228
x10 <- 0x000CCCCCCCCCCCCC
mem[X,0x00000000800358DC] -> 0x1513
mem[X,0x00000000800358DE] -> 0x00A5
[6864] [M]: 0x00000000800358DC (0x00A51513) slli a0, a0, 10
x10 <- 0x3333333333333000
mem[X,0x00000000800358E0] -> 0x0513
mem[X,0x00000000800358E2] -> 0x3325
[6865] [M]: 0x00000000800358E0 (0x33250513) addi a0, a0, 818
x10 <- 0x3333333333333332
mem[X,0x00000000800358E4] -> 0x55B7
mem[X,0x00000000800358E6] -> 0x5555
[6866] [M]: 0x00000000800358E4 (0x555555B7) lui a1, 349525
x11 <- 0x0000000055555000
mem[X,0x00000000800358E8] -> 0x8593
mem[X,0x00000000800358EA] -> 0x5555
[6867] [M]: 0x00000000800358E8 (0x55558593) addi a1, a1, 1365
x11 <- 0x0000000055555555
mem[X,0x00000000800358EC] -> 0x9593
mem[X,0x00000000800358EE] -> 0x00B5
[6868] [M]: 0x00000000800358EC (0x00B59593) slli a1, a1, 11
x11 <- 0x000002AAAAAAA800
mem[X,0x00000000800358F0] -> 0x8593
mem[X,0x00000000800358F2] -> 0x2AA5
[6869] [M]: 0x00000000800358F0 (0x2AA58593) addi a1, a1, 682
x11 <- 0x000002AAAAAAAAAA
mem[X,0x00000000800358F4] -> 0x9593
mem[X,0x00000000800358F6] -> 0x00B5
[6870] [M]: 0x00000000800358F4 (0x00B59593) slli a1, a1, 11
x11 <- 0x0015555555555000
mem[X,0x00000000800358F8] -> 0x8593
mem[X,0x00000000800358FA] -> 0x5555
[6871] [M]: 0x00000000800358F8 (0x55558593) addi a1, a1, 1365
x11 <- 0x0015555555555555
mem[X,0x00000000800358FC] -> 0x9593
mem[X,0x00000000800358FE] -> 0x00A5
[6872] [M]: 0x00000000800358FC (0x00A59593) slli a1, a1, 10
x11 <- 0x5555555555555400
mem[X,0x0000000080035900] -> 0x8593
mem[X,0x0000000080035902] -> 0x1545
[6873] [M]: 0x0000000080035900 (0x15458593) addi a1, a1, 340
x11 <- 0x5555555555555554
mem[X,0x0000000080035904] -> 0x0113
mem[X,0x0000000080035906] -> 0x0000
[6874] [M]: 0x0000000080035904 (0x00000113) addi sp, zero, 0
x2 <- 0x0000000000000000
mem[X,0x0000000080035908] -> 0x006F
mem[X,0x000000008003590A] -> 0x0100
[6875] [M]: 0x0000000080035908 (0x0100006F) jal zero, 16
mem[X,0x0000000080035918] -> 0x4AE3
mem[X,0x000000008003591A] -> 0xFEB5
[6876] [M]: 0x0000000080035918 (0xFEB54AE3) blt a0, a1, 8180
mem[X,0x000000008003590C] -> 0x0113
mem[X,0x000000008003590E] -> 0x0011
[6877] [M]: 0x000000008003590C (0x00110113) addi sp, sp, 1
x2 <- 0x0000000000000001
mem[X,0x0000000080035910] -> 0x006F
mem[X,0x0000000080035912] -> 0x01C0
[6878] [M]: 0x0000000080035910 (0x01C0006F) jal zero, 28
mem[X,0x000000008003592C] -> 0xBC23
mem[X,0x000000008003592E] -> 0x5220
[6879] [M]: 0x000000008003592C (0x5220BC23) sd sp, 1336(ra)
mem[0x000000008004FF10] <- 0x0000000000000001
mem[X,0x0000000080035930] -> 0x3537
mem[X,0x0000000080035932] -> 0x3333
[6880] [M]: 0x0000000080035930 (0x33333537) lui a0, 209715
x10 <- 0x0000000033333000
mem[X,0x0000000080035934] -> 0x0513
mem[X,0x0000000080035936] -> 0x3335
[6881] [M]: 0x0000000080035934 (0x33350513) addi a0, a0, 819
x10 <- 0x0000000033333333
mem[X,0x0000000080035938] -> 0x1513
mem[X,0x000000008003593A] -> 0x00B5
[6882] [M]: 0x0000000080035938 (0x00B51513) slli a0, a0, 11
x10 <- 0x0000019999999800
mem[X,0x000000008003593C] -> 0x0513
mem[X,0x000000008003593E] -> 0x1995
[6883] [M]: 0x000000008003593C (0x19950513) addi a0, a0, 409
x10 <- 0x0000019999999999
mem[X,0x0000000080035940] -> 0x1513
mem[X,0x0000000080035942] -> 0x00B5
[6884] [M]: 0x0000000080035940 (0x00B51513) slli a0, a0, 11
x10 <- 0x000CCCCCCCCCC800
mem[X,0x0000000080035944] -> 0x0513
mem[X,0x0000000080035946] -> 0x4CC5
[6885] [M]: 0x0000000080035944 (0x4CC50513) addi a0, a0, 1228
x10 <- 0x000CCCCCCCCCCCCC
mem[X,0x0000000080035948] -> 0x1513
mem[X,0x000000008003594A] -> 0x00A5
[6886] [M]: 0x0000000080035948 (0x00A51513) slli a0, a0, 10
x10 <- 0x3333333333333000
mem[X,0x000000008003594C] -> 0x0513
mem[X,0x000000008003594E] -> 0x3325
[6887] [M]: 0x000000008003594C (0x33250513) addi a0, a0, 818
x10 <- 0x3333333333333332
mem[X,0x0000000080035950] -> 0x0593
mem[X,0x0000000080035952] -> 0x0000
[6888] [M]: 0x0000000080035950 (0x00000593) addi a1, zero, 0
x11 <- 0x0000000000000000
mem[X,0x0000000080035954] -> 0x0113
mem[X,0x0000000080035956] -> 0x0000
[6889] [M]: 0x0000000080035954 (0x00000113) addi sp, zero, 0
x2 <- 0x0000000000000000
mem[X,0x0000000080035958] -> 0x006F
mem[X,0x000000008003595A] -> 0x00C0
[6890] [M]: 0x0000000080035958 (0x00C0006F) jal zero, 12
mem[X,0x0000000080035964] -> 0x4663
mem[X,0x0000000080035966] -> 0x00B5
[6891] [M]: 0x0000000080035964 (0x00B54663) blt a0, a1, 12
mem[X,0x0000000080035968] -> 0x0113
mem[X,0x000000008003596A] -> 0x0021
[6892] [M]: 0x0000000080035968 (0x00210113) addi sp, sp, 2
x2 <- 0x0000000000000002
mem[X,0x000000008003596C] -> 0x006F
mem[X,0x000000008003596E] -> 0x00C0
[6893] [M]: 0x000000008003596C (0x00C0006F) jal zero, 12
mem[X,0x0000000080035978] -> 0xB023
mem[X,0x000000008003597A] -> 0x5420
[6894] [M]: 0x0000000080035978 (0x5420B023) sd sp, 1344(ra)
mem[0x000000008004FF18] <- 0x0000000000000002
mem[X,0x000000008003597C] -> 0x3537
mem[X,0x000000008003597E] -> 0x3333
[6895] [M]: 0x000000008003597C (0x33333537) lui a0, 209715
x10 <- 0x0000000033333000
mem[X,0x0000000080035980] -> 0x0513
mem[X,0x0000000080035982] -> 0x3335
[6896] [M]: 0x0000000080035980 (0x33350513) addi a0, a0, 819
x10 <- 0x0000000033333333
mem[X,0x0000000080035984] -> 0x1513
mem[X,0x0000000080035986] -> 0x00B5
[6897] [M]: 0x0000000080035984 (0x00B51513) slli a0, a0, 11
x10 <- 0x0000019999999800
mem[X,0x0000000080035988] -> 0x0513
mem[X,0x000000008003598A] -> 0x1995
[6898] [M]: 0x0000000080035988 (0x19950513) addi a0, a0, 409
x10 <- 0x0000019999999999
mem[X,0x000000008003598C] -> 0x1513
mem[X,0x000000008003598E] -> 0x00B5
[6899] [M]: 0x000000008003598C (0x00B51513) slli a0, a0, 11
x10 <- 0x000CCCCCCCCCC800
clint::tick mtime <- 0x0000000000000045
 clint timer pending at mtime 0x0000000000000045
htif::tick 0x0000000000000000
mem[X,0x0000000080035990] -> 0x0513
mem[X,0x0000000080035992] -> 0x4CC5
[6900] [M]: 0x0000000080035990 (0x4CC50513) addi a0, a0, 1228
x10 <- 0x000CCCCCCCCCCCCC
mem[X,0x0000000080035994] -> 0x1513
mem[X,0x0000000080035996] -> 0x00A5
[6901] [M]: 0x0000000080035994 (0x00A51513) slli a0, a0, 10
x10 <- 0x3333333333333000
mem[X,0x0000000080035998] -> 0x0513
mem[X,0x000000008003599A] -> 0x3325
[6902] [M]: 0x0000000080035998 (0x33250513) addi a0, a0, 818
x10 <- 0x3333333333333332
mem[X,0x000000008003599C] -> 0x0593
mem[X,0x000000008003599E] -> 0x0040
[6903] [M]: 0x000000008003599C (0x00400593) addi a1, zero, 4
x11 <- 0x0000000000000004
mem[X,0x00000000800359A0] -> 0x0113
mem[X,0x00000000800359A2] -> 0x0000
[6904] [M]: 0x00000000800359A0 (0x00000113) addi sp, zero, 0
x2 <- 0x0000000000000000
mem[X,0x00000000800359A4] -> 0x006F
mem[X,0x00000000800359A6] -> 0x00C0
[6905] [M]: 0x00000000800359A4 (0x00C0006F) jal zero, 12
mem[X,0x00000000800359B0] -> 0x4CE3
mem[X,0x00000000800359B2] -> 0xFEB5
[6906] [M]: 0x00000000800359B0 (0xFEB54CE3) blt a0, a1, 8184
mem[X,0x00000000800359B4] -> 0x0113
mem[X,0x00000000800359B6] -> 0x0021
[6907] [M]: 0x00000000800359B4 (0x00210113) addi sp, sp, 2
x2 <- 0x0000000000000002
mem[X,0x00000000800359B8] -> 0x006F
mem[X,0x00000000800359BA] -> 0x00C0
[6908] [M]: 0x00000000800359B8 (0x00C0006F) jal zero, 12
mem[X,0x00000000800359C4] -> 0xB423
mem[X,0x00000000800359C6] -> 0x5420
[6909] [M]: 0x00000000800359C4 (0x5420B423) sd sp, 1352(ra)
mem[0x000000008004FF20] <- 0x0000000000000002
mem[X,0x00000000800359C8] -> 0x3537
mem[X,0x00000000800359CA] -> 0x3333
[6910] [M]: 0x00000000800359C8 (0x33333537) lui a0, 209715
x10 <- 0x0000000033333000
mem[X,0x00000000800359CC] -> 0x0513
mem[X,0x00000000800359CE] -> 0x3335
[6911] [M]: 0x00000000800359CC (0x33350513) addi a0, a0, 819
x10 <- 0x0000000033333333
mem[X,0x00000000800359D0] -> 0x1513
mem[X,0x00000000800359D2] -> 0x00B5
[6912] [M]: 0x00000000800359D0 (0x00B51513) slli a0, a0, 11
x10 <- 0x0000019999999800
mem[X,0x00000000800359D4] -> 0x0513
mem[X,0x00000000800359D6] -> 0x1995
[6913] [M]: 0x00000000800359D4 (0x19950513) addi a0, a0, 409
x10 <- 0x0000019999999999
mem[X,0x00000000800359D8] -> 0x1513
mem[X,0x00000000800359DA] -> 0x00B5
[6914] [M]: 0x00000000800359D8 (0x00B51513) slli a0, a0, 11
x10 <- 0x000CCCCCCCCCC800
mem[X,0x00000000800359DC] -> 0x0513
mem[X,0x00000000800359DE] -> 0x4CC5
[6915] [M]: 0x00000000800359DC (0x4CC50513) addi a0, a0, 1228
x10 <- 0x000CCCCCCCCCCCCC
mem[X,0x00000000800359E0] -> 0x1513
mem[X,0x00000000800359E2] -> 0x00A5
[6916] [M]: 0x00000000800359E0 (0x00A51513) slli a0, a0, 10
x10 <- 0x3333333333333000
mem[X,0x00000000800359E4] -> 0x0513
mem[X,0x00000000800359E6] -> 0x3325
[6917] [M]: 0x00000000800359E4 (0x33250513) addi a0, a0, 818
x10 <- 0x3333333333333332
mem[X,0x00000000800359E8] -> 0x35B7
mem[X,0x00000000800359EA] -> 0x3333
[6918] [M]: 0x00000000800359E8 (0x333335B7) lui a1, 209715
x11 <- 0x0000000033333000
mem[X,0x00000000800359EC] -> 0x8593
mem[X,0x00000000800359EE] -> 0x3335
[6919] [M]: 0x00000000800359EC (0x33358593) addi a1, a1, 819
x11 <- 0x0000000033333333
mem[X,0x00000000800359F0] -> 0x9593
mem[X,0x00000000800359F2] -> 0x00B5
[6920] [M]: 0x00000000800359F0 (0x00B59593) slli a1, a1, 11
x11 <- 0x0000019999999800
mem[X,0x00000000800359F4] -> 0x8593
mem[X,0x00000000800359F6] -> 0x1995
[6921] [M]: 0x00000000800359F4 (0x19958593) addi a1, a1, 409
x11 <- 0x0000019999999999
mem[X,0x00000000800359F8] -> 0x9593
mem[X,0x00000000800359FA] -> 0x00B5
[6922] [M]: 0x00000000800359F8 (0x00B59593) slli a1, a1, 11
x11 <- 0x000CCCCCCCCCC800
mem[X,0x00000000800359FC] -> 0x8593
mem[X,0x00000000800359FE] -> 0x4CC5
[6923] [M]: 0x00000000800359FC (0x4CC58593) addi a1, a1, 1228
x11 <- 0x000CCCCCCCCCCCCC
mem[X,0x0000000080035A00] -> 0x9593
mem[X,0x0000000080035A02] -> 0x00A5
[6924] [M]: 0x0000000080035A00 (0x00A59593) slli a1, a1, 10
x11 <- 0x3333333333333000
mem[X,0x0000000080035A04] -> 0x8593
mem[X,0x0000000080035A06] -> 0x3325
[6925] [M]: 0x0000000080035A04 (0x33258593) addi a1, a1, 818
x11 <- 0x3333333333333332
mem[X,0x0000000080035A08] -> 0x0113
mem[X,0x0000000080035A0A] -> 0x0000
[6926] [M]: 0x0000000080035A08 (0x00000113) addi sp, zero, 0
x2 <- 0x0000000000000000
mem[X,0x0000000080035A0C] -> 0x006F
mem[X,0x0000000080035A0E] -> 0x00C0
[6927] [M]: 0x0000000080035A0C (0x00C0006F) jal zero, 12
mem[X,0x0000000080035A18] -> 0x4863
mem[X,0x0000000080035A1A] -> 0x00B5
[6928] [M]: 0x0000000080035A18 (0x00B54863) blt a0, a1, 16
mem[X,0x0000000080035A1C] -> 0x0113
mem[X,0x0000000080035A1E] -> 0x0021
[6929] [M]: 0x0000000080035A1C (0x00210113) addi sp, sp, 2
x2 <- 0x0000000000000002
mem[X,0x0000000080035A20] -> 0x006F
mem[X,0x0000000080035A22] -> 0x0100
[6930] [M]: 0x0000000080035A20 (0x0100006F) jal zero, 16
mem[X,0x0000000080035A30] -> 0xB823
mem[X,0x0000000080035A32] -> 0x5420
[6931] [M]: 0x0000000080035A30 (0x5420B823) sd sp, 1360(ra)
mem[0x000000008004FF28] <- 0x0000000000000002
mem[X,0x0000000080035A34] -> 0x3537
mem[X,0x0000000080035A36] -> 0x3333
[6932] [M]: 0x0000000080035A34 (0x33333537) lui a0, 209715
x10 <- 0x0000000033333000
mem[X,0x0000000080035A38] -> 0x0513
mem[X,0x0000000080035A3A] -> 0x3335
[6933] [M]: 0x0000000080035A38 (0x33350513) addi a0, a0, 819
x10 <- 0x0000000033333333
mem[X,0x0000000080035A3C] -> 0x1513
mem[X,0x0000000080035A3E] -> 0x00B5
[6934] [M]: 0x0000000080035A3C (0x00B51513) slli a0, a0, 11
x10 <- 0x0000019999999800
mem[X,0x0000000080035A40] -> 0x0513
mem[X,0x0000000080035A42] -> 0x1995
[6935] [M]: 0x0000000080035A40 (0x19950513) addi a0, a0, 409
x10 <- 0x0000019999999999
mem[X,0x0000000080035A44] -> 0x1513
mem[X,0x0000000080035A46] -> 0x00B5
[6936] [M]: 0x0000000080035A44 (0x00B51513) slli a0, a0, 11
x10 <- 0x000CCCCCCCCCC800
mem[X,0x0000000080035A48] -> 0x0513
mem[X,0x0000000080035A4A] -> 0x4CC5
[6937] [M]: 0x0000000080035A48 (0x4CC50513) addi a0, a0, 1228
x10 <- 0x000CCCCCCCCCCCCC
mem[X,0x0000000080035A4C] -> 0x1513
mem[X,0x0000000080035A4E] -> 0x00A5
[6938] [M]: 0x0000000080035A4C (0x00A51513) slli a0, a0, 10
x10 <- 0x3333333333333000
mem[X,0x0000000080035A50] -> 0x0513
mem[X,0x0000000080035A52] -> 0x3325
[6939] [M]: 0x0000000080035A50 (0x33250513) addi a0, a0, 818
x10 <- 0x3333333333333332
mem[X,0x0000000080035A54] -> 0x65B7
mem[X,0x0000000080035A56] -> 0x6666
[6940] [M]: 0x0000000080035A54 (0x666665B7) lui a1, 419430
x11 <- 0x0000000066666000
mem[X,0x0000000080035A58] -> 0x8593
mem[X,0x0000000080035A5A] -> 0x6665
[6941] [M]: 0x0000000080035A58 (0x66658593) addi a1, a1, 1638
x11 <- 0x0000000066666666
mem[X,0x0000000080035A5C] -> 0x9593
mem[X,0x0000000080035A5E] -> 0x00B5
[6942] [M]: 0x0000000080035A5C (0x00B59593) slli a1, a1, 11
x11 <- 0x0000033333333000
mem[X,0x0000000080035A60] -> 0x8593
mem[X,0x0000000080035A62] -> 0x3335
[6943] [M]: 0x0000000080035A60 (0x33358593) addi a1, a1, 819
x11 <- 0x0000033333333333
mem[X,0x0000000080035A64] -> 0x9593
mem[X,0x0000000080035A66] -> 0x00B5
[6944] [M]: 0x0000000080035A64 (0x00B59593) slli a1, a1, 11
x11 <- 0x0019999999999800
mem[X,0x0000000080035A68] -> 0x8593
mem[X,0x0000000080035A6A] -> 0x1995
[6945] [M]: 0x0000000080035A68 (0x19958593) addi a1, a1, 409
x11 <- 0x0019999999999999
mem[X,0x0000000080035A6C] -> 0x9593
mem[X,0x0000000080035A6E] -> 0x00A5
[6946] [M]: 0x0000000080035A6C (0x00A59593) slli a1, a1, 10
x11 <- 0x6666666666666400
mem[X,0x0000000080035A70] -> 0x8593
mem[X,0x0000000080035A72] -> 0x2655
[6947] [M]: 0x0000000080035A70 (0x26558593) addi a1, a1, 613
x11 <- 0x6666666666666665
mem[X,0x0000000080035A74] -> 0x0113
mem[X,0x0000000080035A76] -> 0x0000
[6948] [M]: 0x0000000080035A74 (0x00000113) addi sp, zero, 0
x2 <- 0x0000000000000000
mem[X,0x0000000080035A78] -> 0x006F
mem[X,0x0000000080035A7A] -> 0x00C0
[6949] [M]: 0x0000000080035A78 (0x00C0006F) jal zero, 12
mem[X,0x0000000080035A84] -> 0x4663
mem[X,0x0000000080035A86] -> 0x00B5
[6950] [M]: 0x0000000080035A84 (0x00B54663) blt a0, a1, 12
mem[X,0x0000000080035A90] -> 0x0113
mem[X,0x0000000080035A92] -> 0x0031
[6951] [M]: 0x0000000080035A90 (0x00310113) addi sp, sp, 3
x2 <- 0x0000000000000003
mem[X,0x0000000080035A94] -> 0x006F
mem[X,0x0000000080035A96] -> 0x0040
[6952] [M]: 0x0000000080035A94 (0x0040006F) jal zero, 4
mem[X,0x0000000080035A98] -> 0xBC23
mem[X,0x0000000080035A9A] -> 0x5420
[6953] [M]: 0x0000000080035A98 (0x5420BC23) sd sp, 1368(ra)
mem[0x000000008004FF30] <- 0x0000000000000003
mem[X,0x0000000080035A9C] -> 0x3537
mem[X,0x0000000080035A9E] -> 0x3333
[6954] [M]: 0x0000000080035A9C (0x33333537) lui a0, 209715
x10 <- 0x0000000033333000
mem[X,0x0000000080035AA0] -> 0x0513
mem[X,0x0000000080035AA2] -> 0x3335
[6955] [M]: 0x0000000080035AA0 (0x33350513) addi a0, a0, 819
x10 <- 0x0000000033333333
mem[X,0x0000000080035AA4] -> 0x1513
mem[X,0x0000000080035AA6] -> 0x00B5
[6956] [M]: 0x0000000080035AA4 (0x00B51513) slli a0, a0, 11
x10 <- 0x0000019999999800
mem[X,0x0000000080035AA8] -> 0x0513
mem[X,0x0000000080035AAA] -> 0x1995
[6957] [M]: 0x0000000080035AA8 (0x19950513) addi a0, a0, 409
x10 <- 0x0000019999999999
mem[X,0x0000000080035AAC] -> 0x1513
mem[X,0x0000000080035AAE] -> 0x00B5
[6958] [M]: 0x0000000080035AAC (0x00B51513) slli a0, a0, 11
x10 <- 0x000CCCCCCCCCC800
mem[X,0x0000000080035AB0] -> 0x0513
mem[X,0x0000000080035AB2] -> 0x4CC5
[6959] [M]: 0x0000000080035AB0 (0x4CC50513) addi a0, a0, 1228
x10 <- 0x000CCCCCCCCCCCCC
mem[X,0x0000000080035AB4] -> 0x1513
mem[X,0x0000000080035AB6] -> 0x00A5
[6960] [M]: 0x0000000080035AB4 (0x00A51513) slli a0, a0, 10
x10 <- 0x3333333333333000
mem[X,0x0000000080035AB8] -> 0x0513
mem[X,0x0000000080035ABA] -> 0x3325
[6961] [M]: 0x0000000080035AB8 (0x33250513) addi a0, a0, 818
x10 <- 0x3333333333333332
mem[X,0x0000000080035ABC] -> 0x05B7
mem[X,0x0000000080035ABE] -> 0x0000
[6962] [M]: 0x0000000080035ABC (0x000005B7) lui a1, 0
x11 <- 0x0000000000000000
mem[X,0x0000000080035AC0] -> 0x8593
mem[X,0x0000000080035AC2] -> 0x0005
[6963] [M]: 0x0000000080035AC0 (0x00058593) addi a1, a1, 0
x11 <- 0x0000000000000000
mem[X,0x0000000080035AC4] -> 0x9593
mem[X,0x0000000080035AC6] -> 0x00B5
[6964] [M]: 0x0000000080035AC4 (0x00B59593) slli a1, a1, 11
x11 <- 0x0000000000000000
mem[X,0x0000000080035AC8] -> 0x8593
mem[X,0x0000000080035ACA] -> 0x5A85
[6965] [M]: 0x0000000080035AC8 (0x5A858593) addi a1, a1, 1448
x11 <- 0x00000000000005A8
mem[X,0x0000000080035ACC] -> 0x9593
mem[X,0x0000000080035ACE] -> 0x00B5
[6966] [M]: 0x0000000080035ACC (0x00B59593) slli a1, a1, 11
x11 <- 0x00000000002D4000
mem[X,0x0000000080035AD0] -> 0x8593
mem[X,0x0000000080035AD2] -> 0x13C5
[6967] [M]: 0x0000000080035AD0 (0x13C58593) addi a1, a1, 316
x11 <- 0x00000000002D413C
mem[X,0x0000000080035AD4] -> 0x9593
mem[X,0x0000000080035AD6] -> 0x00A5
[6968] [M]: 0x0000000080035AD4 (0x00A59593) slli a1, a1, 10
x11 <- 0x00000000B504F000
mem[X,0x0000000080035AD8] -> 0x8593
mem[X,0x0000000080035ADA] -> 0x3325
[6969] [M]: 0x0000000080035AD8 (0x33258593) addi a1, a1, 818
x11 <- 0x00000000B504F332
mem[X,0x0000000080035ADC] -> 0x0113
mem[X,0x0000000080035ADE] -> 0x0000
[6970] [M]: 0x0000000080035ADC (0x00000113) addi sp, zero, 0
x2 <- 0x0000000000000000
mem[X,0x0000000080035AE0] -> 0x006F
mem[X,0x0000000080035AE2] -> 0x00C0
[6971] [M]: 0x0000000080035AE0 (0x00C0006F) jal zero, 12
mem[X,0x0000000080035AEC] -> 0x4663
mem[X,0x0000000080035AEE] -> 0x00B5
[6972] [M]: 0x0000000080035AEC (0x00B54663) blt a0, a1, 12
mem[X,0x0000000080035AF0] -> 0x0113
mem[X,0x0000000080035AF2] -> 0x0021
[6973] [M]: 0x0000000080035AF0 (0x00210113) addi sp, sp, 2
x2 <- 0x0000000000000002
mem[X,0x0000000080035AF4] -> 0x006F
mem[X,0x0000000080035AF6] -> 0x00C0
[6974] [M]: 0x0000000080035AF4 (0x00C0006F) jal zero, 12
mem[X,0x0000000080035B00] -> 0xB023
mem[X,0x0000000080035B02] -> 0x5620
[6975] [M]: 0x0000000080035B00 (0x5620B023) sd sp, 1376(ra)
mem[0x000000008004FF38] <- 0x0000000000000002
mem[X,0x0000000080035B04] -> 0x3537
mem[X,0x0000000080035B06] -> 0x3333
[6976] [M]: 0x0000000080035B04 (0x33333537) lui a0, 209715
x10 <- 0x0000000033333000
mem[X,0x0000000080035B08] -> 0x0513
mem[X,0x0000000080035B0A] -> 0x3335
[6977] [M]: 0x0000000080035B08 (0x33350513) addi a0, a0, 819
x10 <- 0x0000000033333333
mem[X,0x0000000080035B0C] -> 0x1513
mem[X,0x0000000080035B0E] -> 0x00B5
[6978] [M]: 0x0000000080035B0C (0x00B51513) slli a0, a0, 11
x10 <- 0x0000019999999800
mem[X,0x0000000080035B10] -> 0x0513
mem[X,0x0000000080035B12] -> 0x1995
[6979] [M]: 0x0000000080035B10 (0x19950513) addi a0, a0, 409
x10 <- 0x0000019999999999
mem[X,0x0000000080035B14] -> 0x1513
mem[X,0x0000000080035B16] -> 0x00B5
[6980] [M]: 0x0000000080035B14 (0x00B51513) slli a0, a0, 11
x10 <- 0x000CCCCCCCCCC800
mem[X,0x0000000080035B18] -> 0x0513
mem[X,0x0000000080035B1A] -> 0x4CC5
[6981] [M]: 0x0000000080035B18 (0x4CC50513) addi a0, a0, 1228
x10 <- 0x000CCCCCCCCCCCCC
mem[X,0x0000000080035B1C] -> 0x1513
mem[X,0x0000000080035B1E] -> 0x00A5
[6982] [M]: 0x0000000080035B1C (0x00A51513) slli a0, a0, 10
x10 <- 0x3333333333333000
mem[X,0x0000000080035B20] -> 0x0513
mem[X,0x0000000080035B22] -> 0x3325
[6983] [M]: 0x0000000080035B20 (0x33250513) addi a0, a0, 818
x10 <- 0x3333333333333332
mem[X,0x0000000080035B24] -> 0x55B7
mem[X,0x0000000080035B26] -> 0x5555
[6984] [M]: 0x0000000080035B24 (0x555555B7) lui a1, 349525
x11 <- 0x0000000055555000
mem[X,0x0000000080035B28] -> 0x8593
mem[X,0x0000000080035B2A] -> 0x5555
[6985] [M]: 0x0000000080035B28 (0x55558593) addi a1, a1, 1365
x11 <- 0x0000000055555555
mem[X,0x0000000080035B2C] -> 0x9593
mem[X,0x0000000080035B2E] -> 0x00B5
[6986] [M]: 0x0000000080035B2C (0x00B59593) slli a1, a1, 11
x11 <- 0x000002AAAAAAA800
mem[X,0x0000000080035B30] -> 0x8593
mem[X,0x0000000080035B32] -> 0x2AA5
[6987] [M]: 0x0000000080035B30 (0x2AA58593) addi a1, a1, 682
x11 <- 0x000002AAAAAAAAAA
mem[X,0x0000000080035B34] -> 0x9593
mem[X,0x0000000080035B36] -> 0x00B5
[6988] [M]: 0x0000000080035B34 (0x00B59593) slli a1, a1, 11
x11 <- 0x0015555555555000
mem[X,0x0000000080035B38] -> 0x8593
mem[X,0x0000000080035B3A] -> 0x5555
[6989] [M]: 0x0000000080035B38 (0x55558593) addi a1, a1, 1365
x11 <- 0x0015555555555555
mem[X,0x0000000080035B3C] -> 0x9593
mem[X,0x0000000080035B3E] -> 0x00A5
[6990] [M]: 0x0000000080035B3C (0x00A59593) slli a1, a1, 10
x11 <- 0x5555555555555400
mem[X,0x0000000080035B40] -> 0x8593
mem[X,0x0000000080035B42] -> 0x1565
[6991] [M]: 0x0000000080035B40 (0x15658593) addi a1, a1, 342
x11 <- 0x5555555555555556
mem[X,0x0000000080035B44] -> 0x0113
mem[X,0x0000000080035B46] -> 0x0000
[6992] [M]: 0x0000000080035B44 (0x00000113) addi sp, zero, 0
x2 <- 0x0000000000000000
mem[X,0x0000000080035B48] -> 0x006F
mem[X,0x0000000080035B4A] -> 0x00C0
[6993] [M]: 0x0000000080035B48 (0x00C0006F) jal zero, 12
mem[X,0x0000000080035B54] -> 0x4663
mem[X,0x0000000080035B56] -> 0x00B5
[6994] [M]: 0x0000000080035B54 (0x00B54663) blt a0, a1, 12
mem[X,0x0000000080035B60] -> 0x0113
mem[X,0x0000000080035B62] -> 0x0031
[6995] [M]: 0x0000000080035B60 (0x00310113) addi sp, sp, 3
x2 <- 0x0000000000000003
mem[X,0x0000000080035B64] -> 0x006F
mem[X,0x0000000080035B66] -> 0x0040
[6996] [M]: 0x0000000080035B64 (0x0040006F) jal zero, 4
mem[X,0x0000000080035B68] -> 0xB423
mem[X,0x0000000080035B6A] -> 0x5620
[6997] [M]: 0x0000000080035B68 (0x5620B423) sd sp, 1384(ra)
mem[0x000000008004FF40] <- 0x0000000000000003
mem[X,0x0000000080035B6C] -> 0x3537
mem[X,0x0000000080035B6E] -> 0x3333
[6998] [M]: 0x0000000080035B6C (0x33333537) lui a0, 209715
x10 <- 0x0000000033333000
mem[X,0x0000000080035B70] -> 0x0513
mem[X,0x0000000080035B72] -> 0x3335
[6999] [M]: 0x0000000080035B70 (0x33350513) addi a0, a0, 819
x10 <- 0x0000000033333333
clint::tick mtime <- 0x0000000000000046
 clint timer pending at mtime 0x0000000000000046
htif::tick 0x0000000000000000
mem[X,0x0000000080035B74] -> 0x1513
mem[X,0x0000000080035B76] -> 0x00B5
[7000] [M]: 0x0000000080035B74 (0x00B51513) slli a0, a0, 11
x10 <- 0x0000019999999800
mem[X,0x0000000080035B78] -> 0x0513
mem[X,0x0000000080035B7A] -> 0x1995
[7001] [M]: 0x0000000080035B78 (0x19950513) addi a0, a0, 409
x10 <- 0x0000019999999999
mem[X,0x0000000080035B7C] -> 0x1513
mem[X,0x0000000080035B7E] -> 0x00B5
[7002] [M]: 0x0000000080035B7C (0x00B51513) slli a0, a0, 11
x10 <- 0x000CCCCCCCCCC800
mem[X,0x0000000080035B80] -> 0x0513
mem[X,0x0000000080035B82] -> 0x4CC5
[7003] [M]: 0x0000000080035B80 (0x4CC50513) addi a0, a0, 1228
x10 <- 0x000CCCCCCCCCCCCC
mem[X,0x0000000080035B84] -> 0x1513
mem[X,0x0000000080035B86] -> 0x00A5
[7004] [M]: 0x0000000080035B84 (0x00A51513) slli a0, a0, 10
x10 <- 0x3333333333333000
mem[X,0x0000000080035B88] -> 0x0513
mem[X,0x0000000080035B8A] -> 0x3325
[7005] [M]: 0x0000000080035B88 (0x33250513) addi a0, a0, 818
x10 <- 0x3333333333333332
mem[X,0x0000000080035B8C] -> 0xB5B7
mem[X,0x0000000080035B8E] -> 0xAAAA
[7006] [M]: 0x0000000080035B8C (0xAAAAB5B7) lui a1, 699051
x11 <- 0xFFFFFFFFAAAAB000
mem[X,0x0000000080035B90] -> 0x8593
mem[X,0x0000000080035B92] -> 0xAAA5
[7007] [M]: 0x0000000080035B90 (0xAAA58593) addi a1, a1, 2730
x11 <- 0xFFFFFFFFAAAAAAAA
mem[X,0x0000000080035B94] -> 0x9593
mem[X,0x0000000080035B96] -> 0x00B5
[7008] [M]: 0x0000000080035B94 (0x00B59593) slli a1, a1, 11
x11 <- 0xFFFFFD5555555000
mem[X,0x0000000080035B98] -> 0x8593
mem[X,0x0000000080035B9A] -> 0x5555
[7009] [M]: 0x0000000080035B98 (0x55558593) addi a1, a1, 1365
x11 <- 0xFFFFFD5555555555
mem[X,0x0000000080035B9C] -> 0x9593
mem[X,0x0000000080035B9E] -> 0x00B5
[7010] [M]: 0x0000000080035B9C (0x00B59593) slli a1, a1, 11
x11 <- 0xFFEAAAAAAAAAA800
mem[X,0x0000000080035BA0] -> 0x8593
mem[X,0x0000000080035BA2] -> 0x2AA5
[7011] [M]: 0x0000000080035BA0 (0x2AA58593) addi a1, a1, 682
x11 <- 0xFFEAAAAAAAAAAAAA
mem[X,0x0000000080035BA4] -> 0x9593
mem[X,0x0000000080035BA6] -> 0x00A5
[7012] [M]: 0x0000000080035BA4 (0x00A59593) slli a1, a1, 10
x11 <- 0xAAAAAAAAAAAAA800
mem[X,0x0000000080035BA8] -> 0x8593
mem[X,0x0000000080035BAA] -> 0x2AB5
[7013] [M]: 0x0000000080035BA8 (0x2AB58593) addi a1, a1, 683
x11 <- 0xAAAAAAAAAAAAAAAB
mem[X,0x0000000080035BAC] -> 0x0113
mem[X,0x0000000080035BAE] -> 0x0000
[7014] [M]: 0x0000000080035BAC (0x00000113) addi sp, zero, 0
x2 <- 0x0000000000000000
mem[X,0x0000000080035BB0] -> 0x006F
mem[X,0x0000000080035BB2] -> 0x00C0
[7015] [M]: 0x0000000080035BB0 (0x00C0006F) jal zero, 12
mem[X,0x0000000080035BBC] -> 0x4663
mem[X,0x0000000080035BBE] -> 0x00B5
[7016] [M]: 0x0000000080035BBC (0x00B54663) blt a0, a1, 12
mem[X,0x0000000080035BC0] -> 0x0113
mem[X,0x0000000080035BC2] -> 0x0021
[7017] [M]: 0x0000000080035BC0 (0x00210113) addi sp, sp, 2
x2 <- 0x0000000000000002
mem[X,0x0000000080035BC4] -> 0x006F
mem[X,0x0000000080035BC6] -> 0x00C0
[7018] [M]: 0x0000000080035BC4 (0x00C0006F) jal zero, 12
mem[X,0x0000000080035BD0] -> 0xB823
mem[X,0x0000000080035BD2] -> 0x5620
[7019] [M]: 0x0000000080035BD0 (0x5620B823) sd sp, 1392(ra)
mem[0x000000008004FF48] <- 0x0000000000000002
mem[X,0x0000000080035BD4] -> 0x3537
mem[X,0x0000000080035BD6] -> 0x3333
[7020] [M]: 0x0000000080035BD4 (0x33333537) lui a0, 209715
x10 <- 0x0000000033333000
mem[X,0x0000000080035BD8] -> 0x0513
mem[X,0x0000000080035BDA] -> 0x3335
[7021] [M]: 0x0000000080035BD8 (0x33350513) addi a0, a0, 819
x10 <- 0x0000000033333333
mem[X,0x0000000080035BDC] -> 0x1513
mem[X,0x0000000080035BDE] -> 0x00B5
[7022] [M]: 0x0000000080035BDC (0x00B51513) slli a0, a0, 11
x10 <- 0x0000019999999800
mem[X,0x0000000080035BE0] -> 0x0513
mem[X,0x0000000080035BE2] -> 0x1995
[7023] [M]: 0x0000000080035BE0 (0x19950513) addi a0, a0, 409
x10 <- 0x0000019999999999
mem[X,0x0000000080035BE4] -> 0x1513
mem[X,0x0000000080035BE6] -> 0x00B5
[7024] [M]: 0x0000000080035BE4 (0x00B51513) slli a0, a0, 11
x10 <- 0x000CCCCCCCCCC800
mem[X,0x0000000080035BE8] -> 0x0513
mem[X,0x0000000080035BEA] -> 0x4CC5
[7025] [M]: 0x0000000080035BE8 (0x4CC50513) addi a0, a0, 1228
x10 <- 0x000CCCCCCCCCCCCC
mem[X,0x0000000080035BEC] -> 0x1513
mem[X,0x0000000080035BEE] -> 0x00A5
[7026] [M]: 0x0000000080035BEC (0x00A51513) slli a0, a0, 10
x10 <- 0x3333333333333000
mem[X,0x0000000080035BF0] -> 0x0513
mem[X,0x0000000080035BF2] -> 0x3325
[7027] [M]: 0x0000000080035BF0 (0x33250513) addi a0, a0, 818
x10 <- 0x3333333333333332
mem[X,0x0000000080035BF4] -> 0x0593
mem[X,0x0000000080035BF6] -> 0x0060
[7028] [M]: 0x0000000080035BF4 (0x00600593) addi a1, zero, 6
x11 <- 0x0000000000000006
mem[X,0x0000000080035BF8] -> 0x0113
mem[X,0x0000000080035BFA] -> 0x0000
[7029] [M]: 0x0000000080035BF8 (0x00000113) addi sp, zero, 0
x2 <- 0x0000000000000000
mem[X,0x0000000080035BFC] -> 0x006F
mem[X,0x0000000080035BFE] -> 0x00C0
[7030] [M]: 0x0000000080035BFC (0x00C0006F) jal zero, 12
mem[X,0x0000000080035C08] -> 0x4CE3
mem[X,0x0000000080035C0A] -> 0xFEB5
[7031] [M]: 0x0000000080035C08 (0xFEB54CE3) blt a0, a1, 8184
mem[X,0x0000000080035C0C] -> 0x0113
mem[X,0x0000000080035C0E] -> 0x0021
[7032] [M]: 0x0000000080035C0C (0x00210113) addi sp, sp, 2
x2 <- 0x0000000000000002
mem[X,0x0000000080035C10] -> 0x006F
mem[X,0x0000000080035C12] -> 0x00C0
[7033] [M]: 0x0000000080035C10 (0x00C0006F) jal zero, 12
mem[X,0x0000000080035C1C] -> 0xBC23
mem[X,0x0000000080035C1E] -> 0x5620
[7034] [M]: 0x0000000080035C1C (0x5620BC23) sd sp, 1400(ra)
mem[0x000000008004FF50] <- 0x0000000000000002
mem[X,0x0000000080035C20] -> 0x3537
mem[X,0x0000000080035C22] -> 0x3333
[7035] [M]: 0x0000000080035C20 (0x33333537) lui a0, 209715
x10 <- 0x0000000033333000
mem[X,0x0000000080035C24] -> 0x0513
mem[X,0x0000000080035C26] -> 0x3335
[7036] [M]: 0x0000000080035C24 (0x33350513) addi a0, a0, 819
x10 <- 0x0000000033333333
mem[X,0x0000000080035C28] -> 0x1513
mem[X,0x0000000080035C2A] -> 0x00B5
[7037] [M]: 0x0000000080035C28 (0x00B51513) slli a0, a0, 11
x10 <- 0x0000019999999800
mem[X,0x0000000080035C2C] -> 0x0513
mem[X,0x0000000080035C2E] -> 0x1995
[7038] [M]: 0x0000000080035C2C (0x19950513) addi a0, a0, 409
x10 <- 0x0000019999999999
mem[X,0x0000000080035C30] -> 0x1513
mem[X,0x0000000080035C32] -> 0x00B5
[7039] [M]: 0x0000000080035C30 (0x00B51513) slli a0, a0, 11
x10 <- 0x000CCCCCCCCCC800
mem[X,0x0000000080035C34] -> 0x0513
mem[X,0x0000000080035C36] -> 0x4CC5
[7040] [M]: 0x0000000080035C34 (0x4CC50513) addi a0, a0, 1228
x10 <- 0x000CCCCCCCCCCCCC
mem[X,0x0000000080035C38] -> 0x1513
mem[X,0x0000000080035C3A] -> 0x00A5
[7041] [M]: 0x0000000080035C38 (0x00A51513) slli a0, a0, 10
x10 <- 0x3333333333333000
mem[X,0x0000000080035C3C] -> 0x0513
mem[X,0x0000000080035C3E] -> 0x3325
[7042] [M]: 0x0000000080035C3C (0x33250513) addi a0, a0, 818
x10 <- 0x3333333333333332
mem[X,0x0000000080035C40] -> 0x35B7
mem[X,0x0000000080035C42] -> 0x3333
[7043] [M]: 0x0000000080035C40 (0x333335B7) lui a1, 209715
x11 <- 0x0000000033333000
mem[X,0x0000000080035C44] -> 0x8593
mem[X,0x0000000080035C46] -> 0x3335
[7044] [M]: 0x0000000080035C44 (0x33358593) addi a1, a1, 819
x11 <- 0x0000000033333333
mem[X,0x0000000080035C48] -> 0x9593
mem[X,0x0000000080035C4A] -> 0x00B5
[7045] [M]: 0x0000000080035C48 (0x00B59593) slli a1, a1, 11
x11 <- 0x0000019999999800
mem[X,0x0000000080035C4C] -> 0x8593
mem[X,0x0000000080035C4E] -> 0x1995
[7046] [M]: 0x0000000080035C4C (0x19958593) addi a1, a1, 409
x11 <- 0x0000019999999999
mem[X,0x0000000080035C50] -> 0x9593
mem[X,0x0000000080035C52] -> 0x00B5
[7047] [M]: 0x0000000080035C50 (0x00B59593) slli a1, a1, 11
x11 <- 0x000CCCCCCCCCC800
mem[X,0x0000000080035C54] -> 0x8593
mem[X,0x0000000080035C56] -> 0x4CC5
[7048] [M]: 0x0000000080035C54 (0x4CC58593) addi a1, a1, 1228
x11 <- 0x000CCCCCCCCCCCCC
mem[X,0x0000000080035C58] -> 0x9593
mem[X,0x0000000080035C5A] -> 0x00A5
[7049] [M]: 0x0000000080035C58 (0x00A59593) slli a1, a1, 10
x11 <- 0x3333333333333000
mem[X,0x0000000080035C5C] -> 0x8593
mem[X,0x0000000080035C5E] -> 0x3345
[7050] [M]: 0x0000000080035C5C (0x33458593) addi a1, a1, 820
x11 <- 0x3333333333333334
mem[X,0x0000000080035C60] -> 0x0113
mem[X,0x0000000080035C62] -> 0x0000
[7051] [M]: 0x0000000080035C60 (0x00000113) addi sp, zero, 0
x2 <- 0x0000000000000000
mem[X,0x0000000080035C64] -> 0x006F
mem[X,0x0000000080035C66] -> 0x00C0
[7052] [M]: 0x0000000080035C64 (0x00C0006F) jal zero, 12
mem[X,0x0000000080035C70] -> 0x4663
mem[X,0x0000000080035C72] -> 0x00B5
[7053] [M]: 0x0000000080035C70 (0x00B54663) blt a0, a1, 12
mem[X,0x0000000080035C7C] -> 0x0113
mem[X,0x0000000080035C7E] -> 0x0031
[7054] [M]: 0x0000000080035C7C (0x00310113) addi sp, sp, 3
x2 <- 0x0000000000000003
mem[X,0x0000000080035C80] -> 0x006F
mem[X,0x0000000080035C82] -> 0x0040
[7055] [M]: 0x0000000080035C80 (0x0040006F) jal zero, 4
mem[X,0x0000000080035C84] -> 0xB023
mem[X,0x0000000080035C86] -> 0x5820
[7056] [M]: 0x0000000080035C84 (0x5820B023) sd sp, 1408(ra)
mem[0x000000008004FF58] <- 0x0000000000000003
mem[X,0x0000000080035C88] -> 0x3537
mem[X,0x0000000080035C8A] -> 0x3333
[7057] [M]: 0x0000000080035C88 (0x33333537) lui a0, 209715
x10 <- 0x0000000033333000
mem[X,0x0000000080035C8C] -> 0x0513
mem[X,0x0000000080035C8E] -> 0x3335
[7058] [M]: 0x0000000080035C8C (0x33350513) addi a0, a0, 819
x10 <- 0x0000000033333333
mem[X,0x0000000080035C90] -> 0x1513
mem[X,0x0000000080035C92] -> 0x00B5
[7059] [M]: 0x0000000080035C90 (0x00B51513) slli a0, a0, 11
x10 <- 0x0000019999999800
mem[X,0x0000000080035C94] -> 0x0513
mem[X,0x0000000080035C96] -> 0x1995
[7060] [M]: 0x0000000080035C94 (0x19950513) addi a0, a0, 409
x10 <- 0x0000019999999999
mem[X,0x0000000080035C98] -> 0x1513
mem[X,0x0000000080035C9A] -> 0x00B5
[7061] [M]: 0x0000000080035C98 (0x00B51513) slli a0, a0, 11
x10 <- 0x000CCCCCCCCCC800
mem[X,0x0000000080035C9C] -> 0x0513
mem[X,0x0000000080035C9E] -> 0x4CC5
[7062] [M]: 0x0000000080035C9C (0x4CC50513) addi a0, a0, 1228
x10 <- 0x000CCCCCCCCCCCCC
mem[X,0x0000000080035CA0] -> 0x1513
mem[X,0x0000000080035CA2] -> 0x00A5
[7063] [M]: 0x0000000080035CA0 (0x00A51513) slli a0, a0, 10
x10 <- 0x3333333333333000
mem[X,0x0000000080035CA4] -> 0x0513
mem[X,0x0000000080035CA6] -> 0x3325
[7064] [M]: 0x0000000080035CA4 (0x33250513) addi a0, a0, 818
x10 <- 0x3333333333333332
mem[X,0x0000000080035CA8] -> 0x65B7
mem[X,0x0000000080035CAA] -> 0x6666
[7065] [M]: 0x0000000080035CA8 (0x666665B7) lui a1, 419430
x11 <- 0x0000000066666000
mem[X,0x0000000080035CAC] -> 0x8593
mem[X,0x0000000080035CAE] -> 0x6665
[7066] [M]: 0x0000000080035CAC (0x66658593) addi a1, a1, 1638
x11 <- 0x0000000066666666
mem[X,0x0000000080035CB0] -> 0x9593
mem[X,0x0000000080035CB2] -> 0x00B5
[7067] [M]: 0x0000000080035CB0 (0x00B59593) slli a1, a1, 11
x11 <- 0x0000033333333000
mem[X,0x0000000080035CB4] -> 0x8593
mem[X,0x0000000080035CB6] -> 0x3335
[7068] [M]: 0x0000000080035CB4 (0x33358593) addi a1, a1, 819
x11 <- 0x0000033333333333
mem[X,0x0000000080035CB8] -> 0x9593
mem[X,0x0000000080035CBA] -> 0x00B5
[7069] [M]: 0x0000000080035CB8 (0x00B59593) slli a1, a1, 11
x11 <- 0x0019999999999800
mem[X,0x0000000080035CBC] -> 0x8593
mem[X,0x0000000080035CBE] -> 0x1995
[7070] [M]: 0x0000000080035CBC (0x19958593) addi a1, a1, 409
x11 <- 0x0019999999999999
mem[X,0x0000000080035CC0] -> 0x9593
mem[X,0x0000000080035CC2] -> 0x00A5
[7071] [M]: 0x0000000080035CC0 (0x00A59593) slli a1, a1, 10
x11 <- 0x6666666666666400
mem[X,0x0000000080035CC4] -> 0x8593
mem[X,0x0000000080035CC6] -> 0x2675
[7072] [M]: 0x0000000080035CC4 (0x26758593) addi a1, a1, 615
x11 <- 0x6666666666666667
mem[X,0x0000000080035CC8] -> 0x0113
mem[X,0x0000000080035CCA] -> 0x0000
[7073] [M]: 0x0000000080035CC8 (0x00000113) addi sp, zero, 0
x2 <- 0x0000000000000000
mem[X,0x0000000080035CCC] -> 0x006F
mem[X,0x0000000080035CCE] -> 0x00C0
[7074] [M]: 0x0000000080035CCC (0x00C0006F) jal zero, 12
mem[X,0x0000000080035CD8] -> 0x4063
mem[X,0x0000000080035CDA] -> 0x20B5
[7075] [M]: 0x0000000080035CD8 (0x20B54063) blt a0, a1, 512
mem[X,0x0000000080035ED8] -> 0x0113
mem[X,0x0000000080035EDA] -> 0x0031
[7076] [M]: 0x0000000080035ED8 (0x00310113) addi sp, sp, 3
x2 <- 0x0000000000000003
mem[X,0x0000000080035EDC] -> 0x006F
mem[X,0x0000000080035EDE] -> 0x0040
[7077] [M]: 0x0000000080035EDC (0x0040006F) jal zero, 4
mem[X,0x0000000080035EE0] -> 0xB423
mem[X,0x0000000080035EE2] -> 0x5820
[7078] [M]: 0x0000000080035EE0 (0x5820B423) sd sp, 1416(ra)
mem[0x000000008004FF60] <- 0x0000000000000003
mem[X,0x0000000080035EE4] -> 0x3537
mem[X,0x0000000080035EE6] -> 0x3333
[7079] [M]: 0x0000000080035EE4 (0x33333537) lui a0, 209715
x10 <- 0x0000000033333000
mem[X,0x0000000080035EE8] -> 0x0513
mem[X,0x0000000080035EEA] -> 0x3335
[7080] [M]: 0x0000000080035EE8 (0x33350513) addi a0, a0, 819
x10 <- 0x0000000033333333
mem[X,0x0000000080035EEC] -> 0x1513
mem[X,0x0000000080035EEE] -> 0x00B5
[7081] [M]: 0x0000000080035EEC (0x00B51513) slli a0, a0, 11
x10 <- 0x0000019999999800
mem[X,0x0000000080035EF0] -> 0x0513
mem[X,0x0000000080035EF2] -> 0x1995
[7082] [M]: 0x0000000080035EF0 (0x19950513) addi a0, a0, 409
x10 <- 0x0000019999999999
mem[X,0x0000000080035EF4] -> 0x1513
mem[X,0x0000000080035EF6] -> 0x00B5
[7083] [M]: 0x0000000080035EF4 (0x00B51513) slli a0, a0, 11
x10 <- 0x000CCCCCCCCCC800
mem[X,0x0000000080035EF8] -> 0x0513
mem[X,0x0000000080035EFA] -> 0x4CC5
[7084] [M]: 0x0000000080035EF8 (0x4CC50513) addi a0, a0, 1228
x10 <- 0x000CCCCCCCCCCCCC
mem[X,0x0000000080035EFC] -> 0x1513
mem[X,0x0000000080035EFE] -> 0x00A5
[7085] [M]: 0x0000000080035EFC (0x00A51513) slli a0, a0, 10
x10 <- 0x3333333333333000
mem[X,0x0000000080035F00] -> 0x0513
mem[X,0x0000000080035F02] -> 0x3325
[7086] [M]: 0x0000000080035F00 (0x33250513) addi a0, a0, 818
x10 <- 0x3333333333333332
mem[X,0x0000000080035F04] -> 0x05B7
mem[X,0x0000000080035F06] -> 0x0000
[7087] [M]: 0x0000000080035F04 (0x000005B7) lui a1, 0
x11 <- 0x0000000000000000
mem[X,0x0000000080035F08] -> 0x8593
mem[X,0x0000000080035F0A] -> 0xFFF5
[7088] [M]: 0x0000000080035F08 (0xFFF58593) addi a1, a1, 4095
x11 <- 0xFFFFFFFFFFFFFFFF
mem[X,0x0000000080035F0C] -> 0x9593
mem[X,0x0000000080035F0E] -> 0x00B5
[7089] [M]: 0x0000000080035F0C (0x00B59593) slli a1, a1, 11
x11 <- 0xFFFFFFFFFFFFF800
mem[X,0x0000000080035F10] -> 0x8593
mem[X,0x0000000080035F12] -> 0x2575
[7090] [M]: 0x0000000080035F10 (0x25758593) addi a1, a1, 599
x11 <- 0xFFFFFFFFFFFFFA57
mem[X,0x0000000080035F14] -> 0x9593
mem[X,0x0000000080035F16] -> 0x00B5
[7091] [M]: 0x0000000080035F14 (0x00B59593) slli a1, a1, 11
x11 <- 0xFFFFFFFFFFD2B800
mem[X,0x0000000080035F18] -> 0x8593
mem[X,0x0000000080035F1A] -> 0x6C35
[7092] [M]: 0x0000000080035F18 (0x6C358593) addi a1, a1, 1731
x11 <- 0xFFFFFFFFFFD2BEC3
mem[X,0x0000000080035F1C] -> 0x9593
mem[X,0x0000000080035F1E] -> 0x00A5
[7093] [M]: 0x0000000080035F1C (0x00A59593) slli a1, a1, 10
x11 <- 0xFFFFFFFF4AFB0C00
mem[X,0x0000000080035F20] -> 0x8593
mem[X,0x0000000080035F22] -> 0x0CE5
[7094] [M]: 0x0000000080035F20 (0x0CE58593) addi a1, a1, 206
x11 <- 0xFFFFFFFF4AFB0CCE
mem[X,0x0000000080035F24] -> 0x0113
mem[X,0x0000000080035F26] -> 0x0000
[7095] [M]: 0x0000000080035F24 (0x00000113) addi sp, zero, 0
x2 <- 0x0000000000000000
mem[X,0x0000000080035F28] -> 0x006F
mem[X,0x0000000080035F2A] -> 0x00C0
[7096] [M]: 0x0000000080035F28 (0x00C0006F) jal zero, 12
mem[X,0x0000000080035F34] -> 0x4063
mem[X,0x0000000080035F36] -> 0x40B5
[7097] [M]: 0x0000000080035F34 (0x40B54063) blt a0, a1, 1024
mem[X,0x0000000080035F38] -> 0x0113
mem[X,0x0000000080035F3A] -> 0x0021
[7098] [M]: 0x0000000080035F38 (0x00210113) addi sp, sp, 2
x2 <- 0x0000000000000002
mem[X,0x0000000080035F3C] -> 0x006F
mem[X,0x0000000080035F3E] -> 0x4000
[7099] [M]: 0x0000000080035F3C (0x4000006F) jal zero, 1024
clint::tick mtime <- 0x0000000000000047
 clint timer pending at mtime 0x0000000000000047
htif::tick 0x0000000000000000
mem[X,0x000000008003633C] -> 0xB823
mem[X,0x000000008003633E] -> 0x5820
[7100] [M]: 0x000000008003633C (0x5820B823) sd sp, 1424(ra)
mem[0x000000008004FF68] <- 0x0000000000000002
mem[X,0x0000000080036340] -> 0x3537
mem[X,0x0000000080036342] -> 0x3333
[7101] [M]: 0x0000000080036340 (0x33333537) lui a0, 209715
x10 <- 0x0000000033333000
mem[X,0x0000000080036344] -> 0x0513
mem[X,0x0000000080036346] -> 0x3335
[7102] [M]: 0x0000000080036344 (0x33350513) addi a0, a0, 819
x10 <- 0x0000000033333333
mem[X,0x0000000080036348] -> 0x1513
mem[X,0x000000008003634A] -> 0x00B5
[7103] [M]: 0x0000000080036348 (0x00B51513) slli a0, a0, 11
x10 <- 0x0000019999999800
mem[X,0x000000008003634C] -> 0x0513
mem[X,0x000000008003634E] -> 0x1995
[7104] [M]: 0x000000008003634C (0x19950513) addi a0, a0, 409
x10 <- 0x0000019999999999
mem[X,0x0000000080036350] -> 0x1513
mem[X,0x0000000080036352] -> 0x00B5
[7105] [M]: 0x0000000080036350 (0x00B51513) slli a0, a0, 11
x10 <- 0x000CCCCCCCCCC800
mem[X,0x0000000080036354] -> 0x0513
mem[X,0x0000000080036356] -> 0x4CC5
[7106] [M]: 0x0000000080036354 (0x4CC50513) addi a0, a0, 1228
x10 <- 0x000CCCCCCCCCCCCC
mem[X,0x0000000080036358] -> 0x1513
mem[X,0x000000008003635A] -> 0x00A5
[7107] [M]: 0x0000000080036358 (0x00A51513) slli a0, a0, 10
x10 <- 0x3333333333333000
mem[X,0x000000008003635C] -> 0x0513
mem[X,0x000000008003635E] -> 0x3325
[7108] [M]: 0x000000008003635C (0x33250513) addi a0, a0, 818
x10 <- 0x3333333333333332
mem[X,0x0000000080036360] -> 0x05B7
mem[X,0x0000000080036362] -> 0x0000
[7109] [M]: 0x0000000080036360 (0x000005B7) lui a1, 0
x11 <- 0x0000000000000000
mem[X,0x0000000080036364] -> 0x8593
mem[X,0x0000000080036366] -> 0x0005
[7110] [M]: 0x0000000080036364 (0x00058593) addi a1, a1, 0
x11 <- 0x0000000000000000
mem[X,0x0000000080036368] -> 0x9593
mem[X,0x000000008003636A] -> 0x00B5
[7111] [M]: 0x0000000080036368 (0x00B59593) slli a1, a1, 11
x11 <- 0x0000000000000000
mem[X,0x000000008003636C] -> 0x8593
mem[X,0x000000008003636E] -> 0x5A85
[7112] [M]: 0x000000008003636C (0x5A858593) addi a1, a1, 1448
x11 <- 0x00000000000005A8
mem[X,0x0000000080036370] -> 0x9593
mem[X,0x0000000080036372] -> 0x00B5
[7113] [M]: 0x0000000080036370 (0x00B59593) slli a1, a1, 11
x11 <- 0x00000000002D4000
mem[X,0x0000000080036374] -> 0x8593
mem[X,0x0000000080036376] -> 0x13C5
[7114] [M]: 0x0000000080036374 (0x13C58593) addi a1, a1, 316
x11 <- 0x00000000002D413C
mem[X,0x0000000080036378] -> 0x9593
mem[X,0x000000008003637A] -> 0x00A5
[7115] [M]: 0x0000000080036378 (0x00A59593) slli a1, a1, 10
x11 <- 0x00000000B504F000
mem[X,0x000000008003637C] -> 0x8593
mem[X,0x000000008003637E] -> 0x3345
[7116] [M]: 0x000000008003637C (0x33458593) addi a1, a1, 820
x11 <- 0x00000000B504F334
mem[X,0x0000000080036380] -> 0x0113
mem[X,0x0000000080036382] -> 0x0000
[7117] [M]: 0x0000000080036380 (0x00000113) addi sp, zero, 0
x2 <- 0x0000000000000000
mem[X,0x0000000080036384] -> 0x006F
mem[X,0x0000000080036386] -> 0x00C0
[7118] [M]: 0x0000000080036384 (0x00C0006F) jal zero, 12
mem[X,0x0000000080036390] -> 0x4663
mem[X,0x0000000080036392] -> 0x00B5
[7119] [M]: 0x0000000080036390 (0x00B54663) blt a0, a1, 12
mem[X,0x0000000080036394] -> 0x0113
mem[X,0x0000000080036396] -> 0x0021
[7120] [M]: 0x0000000080036394 (0x00210113) addi sp, sp, 2
x2 <- 0x0000000000000002
mem[X,0x0000000080036398] -> 0x006F
mem[X,0x000000008003639A] -> 0x00C0
[7121] [M]: 0x0000000080036398 (0x00C0006F) jal zero, 12
mem[X,0x00000000800363A4] -> 0xBC23
mem[X,0x00000000800363A6] -> 0x5820
[7122] [M]: 0x00000000800363A4 (0x5820BC23) sd sp, 1432(ra)
mem[0x000000008004FF70] <- 0x0000000000000002
mem[X,0x00000000800363A8] -> 0x6537
mem[X,0x00000000800363AA] -> 0x6666
[7123] [M]: 0x00000000800363A8 (0x66666537) lui a0, 419430
x10 <- 0x0000000066666000
mem[X,0x00000000800363AC] -> 0x0513
mem[X,0x00000000800363AE] -> 0x6665
[7124] [M]: 0x00000000800363AC (0x66650513) addi a0, a0, 1638
x10 <- 0x0000000066666666
mem[X,0x00000000800363B0] -> 0x1513
mem[X,0x00000000800363B2] -> 0x00B5
[7125] [M]: 0x00000000800363B0 (0x00B51513) slli a0, a0, 11
x10 <- 0x0000033333333000
mem[X,0x00000000800363B4] -> 0x0513
mem[X,0x00000000800363B6] -> 0x3335
[7126] [M]: 0x00000000800363B4 (0x33350513) addi a0, a0, 819
x10 <- 0x0000033333333333
mem[X,0x00000000800363B8] -> 0x1513
mem[X,0x00000000800363BA] -> 0x00B5
[7127] [M]: 0x00000000800363B8 (0x00B51513) slli a0, a0, 11
x10 <- 0x0019999999999800
mem[X,0x00000000800363BC] -> 0x0513
mem[X,0x00000000800363BE] -> 0x1995
[7128] [M]: 0x00000000800363BC (0x19950513) addi a0, a0, 409
x10 <- 0x0019999999999999
mem[X,0x00000000800363C0] -> 0x1513
mem[X,0x00000000800363C2] -> 0x00A5
[7129] [M]: 0x00000000800363C0 (0x00A51513) slli a0, a0, 10
x10 <- 0x6666666666666400
mem[X,0x00000000800363C4] -> 0x0513
mem[X,0x00000000800363C6] -> 0x2655
[7130] [M]: 0x00000000800363C4 (0x26550513) addi a0, a0, 613
x10 <- 0x6666666666666665
mem[X,0x00000000800363C8] -> 0x0593
mem[X,0x00000000800363CA] -> 0x0030
[7131] [M]: 0x00000000800363C8 (0x00300593) addi a1, zero, 3
x11 <- 0x0000000000000003
mem[X,0x00000000800363CC] -> 0x0113
mem[X,0x00000000800363CE] -> 0x0000
[7132] [M]: 0x00000000800363CC (0x00000113) addi sp, zero, 0
x2 <- 0x0000000000000000
mem[X,0x00000000800363D0] -> 0x006F
mem[X,0x00000000800363D2] -> 0x0050
[7133] [M]: 0x00000000800363D0 (0x0050006F) jal zero, 2052
mem[X,0x0000000080036BD4] -> 0x40E3
mem[X,0x0000000080036BD6] -> 0x80B5
[7134] [M]: 0x0000000080036BD4 (0x80B540E3) blt a0, a1, 6144
mem[X,0x0000000080036BD8] -> 0x0113
mem[X,0x0000000080036BDA] -> 0x0021
[7135] [M]: 0x0000000080036BD8 (0x00210113) addi sp, sp, 2
x2 <- 0x0000000000000002
mem[X,0x0000000080036BDC] -> 0x006F
mem[X,0x0000000080036BDE] -> 0x00C0
[7136] [M]: 0x0000000080036BDC (0x00C0006F) jal zero, 12
mem[X,0x0000000080036BE8] -> 0xB023
mem[X,0x0000000080036BEA] -> 0x5A20
[7137] [M]: 0x0000000080036BE8 (0x5A20B023) sd sp, 1440(ra)
mem[0x000000008004FF78] <- 0x0000000000000002
mem[X,0x0000000080036BEC] -> 0x6537
mem[X,0x0000000080036BEE] -> 0x6666
[7138] [M]: 0x0000000080036BEC (0x66666537) lui a0, 419430
x10 <- 0x0000000066666000
mem[X,0x0000000080036BF0] -> 0x0513
mem[X,0x0000000080036BF2] -> 0x6665
[7139] [M]: 0x0000000080036BF0 (0x66650513) addi a0, a0, 1638
x10 <- 0x0000000066666666
mem[X,0x0000000080036BF4] -> 0x1513
mem[X,0x0000000080036BF6] -> 0x00B5
[7140] [M]: 0x0000000080036BF4 (0x00B51513) slli a0, a0, 11
x10 <- 0x0000033333333000
mem[X,0x0000000080036BF8] -> 0x0513
mem[X,0x0000000080036BFA] -> 0x3335
[7141] [M]: 0x0000000080036BF8 (0x33350513) addi a0, a0, 819
x10 <- 0x0000033333333333
mem[X,0x0000000080036BFC] -> 0x1513
mem[X,0x0000000080036BFE] -> 0x00B5
[7142] [M]: 0x0000000080036BFC (0x00B51513) slli a0, a0, 11
x10 <- 0x0019999999999800
mem[X,0x0000000080036C00] -> 0x0513
mem[X,0x0000000080036C02] -> 0x1995
[7143] [M]: 0x0000000080036C00 (0x19950513) addi a0, a0, 409
x10 <- 0x0019999999999999
mem[X,0x0000000080036C04] -> 0x1513
mem[X,0x0000000080036C06] -> 0x00A5
[7144] [M]: 0x0000000080036C04 (0x00A51513) slli a0, a0, 10
x10 <- 0x6666666666666400
mem[X,0x0000000080036C08] -> 0x0513
mem[X,0x0000000080036C0A] -> 0x2655
[7145] [M]: 0x0000000080036C08 (0x26550513) addi a0, a0, 613
x10 <- 0x6666666666666665
mem[X,0x0000000080036C0C] -> 0x55B7
mem[X,0x0000000080036C0E] -> 0x5555
[7146] [M]: 0x0000000080036C0C (0x555555B7) lui a1, 349525
x11 <- 0x0000000055555000
mem[X,0x0000000080036C10] -> 0x8593
mem[X,0x0000000080036C12] -> 0x5555
[7147] [M]: 0x0000000080036C10 (0x55558593) addi a1, a1, 1365
x11 <- 0x0000000055555555
mem[X,0x0000000080036C14] -> 0x9593
mem[X,0x0000000080036C16] -> 0x00B5
[7148] [M]: 0x0000000080036C14 (0x00B59593) slli a1, a1, 11
x11 <- 0x000002AAAAAAA800
mem[X,0x0000000080036C18] -> 0x8593
mem[X,0x0000000080036C1A] -> 0x2AA5
[7149] [M]: 0x0000000080036C18 (0x2AA58593) addi a1, a1, 682
x11 <- 0x000002AAAAAAAAAA
mem[X,0x0000000080036C1C] -> 0x9593
mem[X,0x0000000080036C1E] -> 0x00B5
[7150] [M]: 0x0000000080036C1C (0x00B59593) slli a1, a1, 11
x11 <- 0x0015555555555000
mem[X,0x0000000080036C20] -> 0x8593
mem[X,0x0000000080036C22] -> 0x5555
[7151] [M]: 0x0000000080036C20 (0x55558593) addi a1, a1, 1365
x11 <- 0x0015555555555555
mem[X,0x0000000080036C24] -> 0x9593
mem[X,0x0000000080036C26] -> 0x00A5
[7152] [M]: 0x0000000080036C24 (0x00A59593) slli a1, a1, 10
x11 <- 0x5555555555555400
mem[X,0x0000000080036C28] -> 0x8593
mem[X,0x0000000080036C2A] -> 0x1555
[7153] [M]: 0x0000000080036C28 (0x15558593) addi a1, a1, 341
x11 <- 0x5555555555555555
mem[X,0x0000000080036C2C] -> 0x0113
mem[X,0x0000000080036C2E] -> 0x0000
[7154] [M]: 0x0000000080036C2C (0x00000113) addi sp, zero, 0
x2 <- 0x0000000000000000
mem[X,0x0000000080036C30] -> 0x006F
mem[X,0x0000000080036C32] -> 0x0140
[7155] [M]: 0x0000000080036C30 (0x0140006F) jal zero, 20
mem[X,0x0000000080036C44] -> 0x48E3
mem[X,0x0000000080036C46] -> 0xFEB5
[7156] [M]: 0x0000000080036C44 (0xFEB548E3) blt a0, a1, 8176
mem[X,0x0000000080036C48] -> 0x0113
mem[X,0x0000000080036C4A] -> 0x0021
[7157] [M]: 0x0000000080036C48 (0x00210113) addi sp, sp, 2
x2 <- 0x0000000000000002
mem[X,0x0000000080036C4C] -> 0x006F
mem[X,0x0000000080036C4E] -> 0x00C0
[7158] [M]: 0x0000000080036C4C (0x00C0006F) jal zero, 12
mem[X,0x0000000080036C58] -> 0xB423
mem[X,0x0000000080036C5A] -> 0x5A20
[7159] [M]: 0x0000000080036C58 (0x5A20B423) sd sp, 1448(ra)
mem[0x000000008004FF80] <- 0x0000000000000002
mem[X,0x0000000080036C5C] -> 0x6537
mem[X,0x0000000080036C5E] -> 0x6666
[7160] [M]: 0x0000000080036C5C (0x66666537) lui a0, 419430
x10 <- 0x0000000066666000
mem[X,0x0000000080036C60] -> 0x0513
mem[X,0x0000000080036C62] -> 0x6665
[7161] [M]: 0x0000000080036C60 (0x66650513) addi a0, a0, 1638
x10 <- 0x0000000066666666
mem[X,0x0000000080036C64] -> 0x1513
mem[X,0x0000000080036C66] -> 0x00B5
[7162] [M]: 0x0000000080036C64 (0x00B51513) slli a0, a0, 11
x10 <- 0x0000033333333000
mem[X,0x0000000080036C68] -> 0x0513
mem[X,0x0000000080036C6A] -> 0x3335
[7163] [M]: 0x0000000080036C68 (0x33350513) addi a0, a0, 819
x10 <- 0x0000033333333333
mem[X,0x0000000080036C6C] -> 0x1513
mem[X,0x0000000080036C6E] -> 0x00B5
[7164] [M]: 0x0000000080036C6C (0x00B51513) slli a0, a0, 11
x10 <- 0x0019999999999800
mem[X,0x0000000080036C70] -> 0x0513
mem[X,0x0000000080036C72] -> 0x1995
[7165] [M]: 0x0000000080036C70 (0x19950513) addi a0, a0, 409
x10 <- 0x0019999999999999
mem[X,0x0000000080036C74] -> 0x1513
mem[X,0x0000000080036C76] -> 0x00A5
[7166] [M]: 0x0000000080036C74 (0x00A51513) slli a0, a0, 10
x10 <- 0x6666666666666400
mem[X,0x0000000080036C78] -> 0x0513
mem[X,0x0000000080036C7A] -> 0x2655
[7167] [M]: 0x0000000080036C78 (0x26550513) addi a0, a0, 613
x10 <- 0x6666666666666665
mem[X,0x0000000080036C7C] -> 0xB5B7
mem[X,0x0000000080036C7E] -> 0xAAAA
[7168] [M]: 0x0000000080036C7C (0xAAAAB5B7) lui a1, 699051
x11 <- 0xFFFFFFFFAAAAB000
mem[X,0x0000000080036C80] -> 0x8593
mem[X,0x0000000080036C82] -> 0xAAA5
[7169] [M]: 0x0000000080036C80 (0xAAA58593) addi a1, a1, 2730
x11 <- 0xFFFFFFFFAAAAAAAA
mem[X,0x0000000080036C84] -> 0x9593
mem[X,0x0000000080036C86] -> 0x00B5
[7170] [M]: 0x0000000080036C84 (0x00B59593) slli a1, a1, 11
x11 <- 0xFFFFFD5555555000
mem[X,0x0000000080036C88] -> 0x8593
mem[X,0x0000000080036C8A] -> 0x5555
[7171] [M]: 0x0000000080036C88 (0x55558593) addi a1, a1, 1365
x11 <- 0xFFFFFD5555555555
mem[X,0x0000000080036C8C] -> 0x9593
mem[X,0x0000000080036C8E] -> 0x00B5
[7172] [M]: 0x0000000080036C8C (0x00B59593) slli a1, a1, 11
x11 <- 0xFFEAAAAAAAAAA800
mem[X,0x0000000080036C90] -> 0x8593
mem[X,0x0000000080036C92] -> 0x2AA5
[7173] [M]: 0x0000000080036C90 (0x2AA58593) addi a1, a1, 682
x11 <- 0xFFEAAAAAAAAAAAAA
mem[X,0x0000000080036C94] -> 0x9593
mem[X,0x0000000080036C96] -> 0x00A5
[7174] [M]: 0x0000000080036C94 (0x00A59593) slli a1, a1, 10
x11 <- 0xAAAAAAAAAAAAA800
mem[X,0x0000000080036C98] -> 0x8593
mem[X,0x0000000080036C9A] -> 0x2AA5
[7175] [M]: 0x0000000080036C98 (0x2AA58593) addi a1, a1, 682
x11 <- 0xAAAAAAAAAAAAAAAA
mem[X,0x0000000080036C9C] -> 0x0113
mem[X,0x0000000080036C9E] -> 0x0000
[7176] [M]: 0x0000000080036C9C (0x00000113) addi sp, zero, 0
x2 <- 0x0000000000000000
mem[X,0x0000000080036CA0] -> 0x006F
mem[X,0x0000000080036CA2] -> 0x2B10
[7177] [M]: 0x0000000080036CA0 (0x2B10006F) jal zero, 2736
mem[X,0x0000000080037750] -> 0x4A63
mem[X,0x0000000080037752] -> 0xD4B5
[7178] [M]: 0x0000000080037750 (0xD4B54A63) blt a0, a1, 5460
mem[X,0x0000000080037754] -> 0x0113
mem[X,0x0000000080037756] -> 0x0021
[7179] [M]: 0x0000000080037754 (0x00210113) addi sp, sp, 2
x2 <- 0x0000000000000002
mem[X,0x0000000080037758] -> 0x006F
mem[X,0x000000008003775A] -> 0x00C0
[7180] [M]: 0x0000000080037758 (0x00C0006F) jal zero, 12
mem[X,0x0000000080037764] -> 0xB823
mem[X,0x0000000080037766] -> 0x5A20
[7181] [M]: 0x0000000080037764 (0x5A20B823) sd sp, 1456(ra)
mem[0x000000008004FF88] <- 0x0000000000000002
mem[X,0x0000000080037768] -> 0x6537
mem[X,0x000000008003776A] -> 0x6666
[7182] [M]: 0x0000000080037768 (0x66666537) lui a0, 419430
x10 <- 0x0000000066666000
mem[X,0x000000008003776C] -> 0x0513
mem[X,0x000000008003776E] -> 0x6665
[7183] [M]: 0x000000008003776C (0x66650513) addi a0, a0, 1638
x10 <- 0x0000000066666666
mem[X,0x0000000080037770] -> 0x1513
mem[X,0x0000000080037772] -> 0x00B5
[7184] [M]: 0x0000000080037770 (0x00B51513) slli a0, a0, 11
x10 <- 0x0000033333333000
mem[X,0x0000000080037774] -> 0x0513
mem[X,0x0000000080037776] -> 0x3335
[7185] [M]: 0x0000000080037774 (0x33350513) addi a0, a0, 819
x10 <- 0x0000033333333333
mem[X,0x0000000080037778] -> 0x1513
mem[X,0x000000008003777A] -> 0x00B5
[7186] [M]: 0x0000000080037778 (0x00B51513) slli a0, a0, 11
x10 <- 0x0019999999999800
mem[X,0x000000008003777C] -> 0x0513
mem[X,0x000000008003777E] -> 0x1995
[7187] [M]: 0x000000008003777C (0x19950513) addi a0, a0, 409
x10 <- 0x0019999999999999
mem[X,0x0000000080037780] -> 0x1513
mem[X,0x0000000080037782] -> 0x00A5
[7188] [M]: 0x0000000080037780 (0x00A51513) slli a0, a0, 10
x10 <- 0x6666666666666400
mem[X,0x0000000080037784] -> 0x0513
mem[X,0x0000000080037786] -> 0x2655
[7189] [M]: 0x0000000080037784 (0x26550513) addi a0, a0, 613
x10 <- 0x6666666666666665
mem[X,0x0000000080037788] -> 0x0593
mem[X,0x000000008003778A] -> 0x0050
[7190] [M]: 0x0000000080037788 (0x00500593) addi a1, zero, 5
x11 <- 0x0000000000000005
mem[X,0x000000008003778C] -> 0x0113
mem[X,0x000000008003778E] -> 0x0000
[7191] [M]: 0x000000008003778C (0x00000113) addi sp, zero, 0
x2 <- 0x0000000000000000
mem[X,0x0000000080037790] -> 0x006F
mem[X,0x0000000080037792] -> 0x2B10
[7192] [M]: 0x0000000080037790 (0x2B10006F) jal zero, 2736
mem[X,0x0000000080038240] -> 0x4A63
mem[X,0x0000000080038242] -> 0xD4B5
[7193] [M]: 0x0000000080038240 (0xD4B54A63) blt a0, a1, 5460
mem[X,0x0000000080038244] -> 0x0113
mem[X,0x0000000080038246] -> 0x0021
[7194] [M]: 0x0000000080038244 (0x00210113) addi sp, sp, 2
x2 <- 0x0000000000000002
mem[X,0x0000000080038248] -> 0x006F
mem[X,0x000000008003824A] -> 0x00C0
[7195] [M]: 0x0000000080038248 (0x00C0006F) jal zero, 12
mem[X,0x0000000080038254] -> 0xBC23
mem[X,0x0000000080038256] -> 0x5A20
[7196] [M]: 0x0000000080038254 (0x5A20BC23) sd sp, 1464(ra)
mem[0x000000008004FF90] <- 0x0000000000000002
mem[X,0x0000000080038258] -> 0x6537
mem[X,0x000000008003825A] -> 0x6666
[7197] [M]: 0x0000000080038258 (0x66666537) lui a0, 419430
x10 <- 0x0000000066666000
mem[X,0x000000008003825C] -> 0x0513
mem[X,0x000000008003825E] -> 0x6665
[7198] [M]: 0x000000008003825C (0x66650513) addi a0, a0, 1638
x10 <- 0x0000000066666666
mem[X,0x0000000080038260] -> 0x1513
mem[X,0x0000000080038262] -> 0x00B5
[7199] [M]: 0x0000000080038260 (0x00B51513) slli a0, a0, 11
x10 <- 0x0000033333333000
clint::tick mtime <- 0x0000000000000048
 clint timer pending at mtime 0x0000000000000048
htif::tick 0x0000000000000000
mem[X,0x0000000080038264] -> 0x0513
mem[X,0x0000000080038266] -> 0x3335
[7200] [M]: 0x0000000080038264 (0x33350513) addi a0, a0, 819
x10 <- 0x0000033333333333
mem[X,0x0000000080038268] -> 0x1513
mem[X,0x000000008003826A] -> 0x00B5
[7201] [M]: 0x0000000080038268 (0x00B51513) slli a0, a0, 11
x10 <- 0x0019999999999800
mem[X,0x000000008003826C] -> 0x0513
mem[X,0x000000008003826E] -> 0x1995
[7202] [M]: 0x000000008003826C (0x19950513) addi a0, a0, 409
x10 <- 0x0019999999999999
mem[X,0x0000000080038270] -> 0x1513
mem[X,0x0000000080038272] -> 0x00A5
[7203] [M]: 0x0000000080038270 (0x00A51513) slli a0, a0, 10
x10 <- 0x6666666666666400
mem[X,0x0000000080038274] -> 0x0513
mem[X,0x0000000080038276] -> 0x2655
[7204] [M]: 0x0000000080038274 (0x26550513) addi a0, a0, 613
x10 <- 0x6666666666666665
mem[X,0x0000000080038278] -> 0x35B7
mem[X,0x000000008003827A] -> 0x3333
[7205] [M]: 0x0000000080038278 (0x333335B7) lui a1, 209715
x11 <- 0x0000000033333000
mem[X,0x000000008003827C] -> 0x8593
mem[X,0x000000008003827E] -> 0x3335
[7206] [M]: 0x000000008003827C (0x33358593) addi a1, a1, 819
x11 <- 0x0000000033333333
mem[X,0x0000000080038280] -> 0x9593
mem[X,0x0000000080038282] -> 0x00B5
[7207] [M]: 0x0000000080038280 (0x00B59593) slli a1, a1, 11
x11 <- 0x0000019999999800
mem[X,0x0000000080038284] -> 0x8593
mem[X,0x0000000080038286] -> 0x1995
[7208] [M]: 0x0000000080038284 (0x19958593) addi a1, a1, 409
x11 <- 0x0000019999999999
mem[X,0x0000000080038288] -> 0x9593
mem[X,0x000000008003828A] -> 0x00B5
[7209] [M]: 0x0000000080038288 (0x00B59593) slli a1, a1, 11
x11 <- 0x000CCCCCCCCCC800
mem[X,0x000000008003828C] -> 0x8593
mem[X,0x000000008003828E] -> 0x4CC5
[7210] [M]: 0x000000008003828C (0x4CC58593) addi a1, a1, 1228
x11 <- 0x000CCCCCCCCCCCCC
mem[X,0x0000000080038290] -> 0x9593
mem[X,0x0000000080038292] -> 0x00A5
[7211] [M]: 0x0000000080038290 (0x00A59593) slli a1, a1, 10
x11 <- 0x3333333333333000
mem[X,0x0000000080038294] -> 0x8593
mem[X,0x0000000080038296] -> 0x3335
[7212] [M]: 0x0000000080038294 (0x33358593) addi a1, a1, 819
x11 <- 0x3333333333333333
mem[X,0x0000000080038298] -> 0x0113
mem[X,0x000000008003829A] -> 0x0000
[7213] [M]: 0x0000000080038298 (0x00000113) addi sp, zero, 0
x2 <- 0x0000000000000000
mem[X,0x000000008003829C] -> 0x006F
mem[X,0x000000008003829E] -> 0x00C0
[7214] [M]: 0x000000008003829C (0x00C0006F) jal zero, 12
mem[X,0x00000000800382A8] -> 0x4CE3
mem[X,0x00000000800382AA] -> 0xFEB5
[7215] [M]: 0x00000000800382A8 (0xFEB54CE3) blt a0, a1, 8184
mem[X,0x00000000800382AC] -> 0x0113
mem[X,0x00000000800382AE] -> 0x0021
[7216] [M]: 0x00000000800382AC (0x00210113) addi sp, sp, 2
x2 <- 0x0000000000000002
mem[X,0x00000000800382B0] -> 0x006F
mem[X,0x00000000800382B2] -> 0x00C0
[7217] [M]: 0x00000000800382B0 (0x00C0006F) jal zero, 12
mem[X,0x00000000800382BC] -> 0xB023
mem[X,0x00000000800382BE] -> 0x5C20
[7218] [M]: 0x00000000800382BC (0x5C20B023) sd sp, 1472(ra)
mem[0x000000008004FF98] <- 0x0000000000000002
mem[X,0x00000000800382C0] -> 0x6537
mem[X,0x00000000800382C2] -> 0x6666
[7219] [M]: 0x00000000800382C0 (0x66666537) lui a0, 419430
x10 <- 0x0000000066666000
mem[X,0x00000000800382C4] -> 0x0513
mem[X,0x00000000800382C6] -> 0x6665
[7220] [M]: 0x00000000800382C4 (0x66650513) addi a0, a0, 1638
x10 <- 0x0000000066666666
mem[X,0x00000000800382C8] -> 0x1513
mem[X,0x00000000800382CA] -> 0x00B5
[7221] [M]: 0x00000000800382C8 (0x00B51513) slli a0, a0, 11
x10 <- 0x0000033333333000
mem[X,0x00000000800382CC] -> 0x0513
mem[X,0x00000000800382CE] -> 0x3335
[7222] [M]: 0x00000000800382CC (0x33350513) addi a0, a0, 819
x10 <- 0x0000033333333333
mem[X,0x00000000800382D0] -> 0x1513
mem[X,0x00000000800382D2] -> 0x00B5
[7223] [M]: 0x00000000800382D0 (0x00B51513) slli a0, a0, 11
x10 <- 0x0019999999999800
mem[X,0x00000000800382D4] -> 0x0513
mem[X,0x00000000800382D6] -> 0x1995
[7224] [M]: 0x00000000800382D4 (0x19950513) addi a0, a0, 409
x10 <- 0x0019999999999999
mem[X,0x00000000800382D8] -> 0x1513
mem[X,0x00000000800382DA] -> 0x00A5
[7225] [M]: 0x00000000800382D8 (0x00A51513) slli a0, a0, 10
x10 <- 0x6666666666666400
mem[X,0x00000000800382DC] -> 0x0513
mem[X,0x00000000800382DE] -> 0x2655
[7226] [M]: 0x00000000800382DC (0x26550513) addi a0, a0, 613
x10 <- 0x6666666666666665
mem[X,0x00000000800382E0] -> 0x65B7
mem[X,0x00000000800382E2] -> 0x6666
[7227] [M]: 0x00000000800382E0 (0x666665B7) lui a1, 419430
x11 <- 0x0000000066666000
mem[X,0x00000000800382E4] -> 0x8593
mem[X,0x00000000800382E6] -> 0x6665
[7228] [M]: 0x00000000800382E4 (0x66658593) addi a1, a1, 1638
x11 <- 0x0000000066666666
mem[X,0x00000000800382E8] -> 0x9593
mem[X,0x00000000800382EA] -> 0x00B5
[7229] [M]: 0x00000000800382E8 (0x00B59593) slli a1, a1, 11
x11 <- 0x0000033333333000
mem[X,0x00000000800382EC] -> 0x8593
mem[X,0x00000000800382EE] -> 0x3335
[7230] [M]: 0x00000000800382EC (0x33358593) addi a1, a1, 819
x11 <- 0x0000033333333333
mem[X,0x00000000800382F0] -> 0x9593
mem[X,0x00000000800382F2] -> 0x00B5
[7231] [M]: 0x00000000800382F0 (0x00B59593) slli a1, a1, 11
x11 <- 0x0019999999999800
mem[X,0x00000000800382F4] -> 0x8593
mem[X,0x00000000800382F6] -> 0x1995
[7232] [M]: 0x00000000800382F4 (0x19958593) addi a1, a1, 409
x11 <- 0x0019999999999999
mem[X,0x00000000800382F8] -> 0x9593
mem[X,0x00000000800382FA] -> 0x00A5
[7233] [M]: 0x00000000800382F8 (0x00A59593) slli a1, a1, 10
x11 <- 0x6666666666666400
mem[X,0x00000000800382FC] -> 0x8593
mem[X,0x00000000800382FE] -> 0x2665
[7234] [M]: 0x00000000800382FC (0x26658593) addi a1, a1, 614
x11 <- 0x6666666666666666
mem[X,0x0000000080038300] -> 0x0113
mem[X,0x0000000080038302] -> 0x0000
[7235] [M]: 0x0000000080038300 (0x00000113) addi sp, zero, 0
x2 <- 0x0000000000000000
mem[X,0x0000000080038304] -> 0x006F
mem[X,0x0000000080038306] -> 0x00C0
[7236] [M]: 0x0000000080038304 (0x00C0006F) jal zero, 12
mem[X,0x0000000080038310] -> 0x4063
mem[X,0x0000000080038312] -> 0x10B5
[7237] [M]: 0x0000000080038310 (0x10B54063) blt a0, a1, 256
mem[X,0x0000000080038410] -> 0x0113
mem[X,0x0000000080038412] -> 0x0031
[7238] [M]: 0x0000000080038410 (0x00310113) addi sp, sp, 3
x2 <- 0x0000000000000003
mem[X,0x0000000080038414] -> 0x006F
mem[X,0x0000000080038416] -> 0x0040
[7239] [M]: 0x0000000080038414 (0x0040006F) jal zero, 4
mem[X,0x0000000080038418] -> 0xB423
mem[X,0x000000008003841A] -> 0x5C20
[7240] [M]: 0x0000000080038418 (0x5C20B423) sd sp, 1480(ra)
mem[0x000000008004FFA0] <- 0x0000000000000003
mem[X,0x000000008003841C] -> 0x6537
mem[X,0x000000008003841E] -> 0x6666
[7241] [M]: 0x000000008003841C (0x66666537) lui a0, 419430
x10 <- 0x0000000066666000
mem[X,0x0000000080038420] -> 0x0513
mem[X,0x0000000080038422] -> 0x6665
[7242] [M]: 0x0000000080038420 (0x66650513) addi a0, a0, 1638
x10 <- 0x0000000066666666
mem[X,0x0000000080038424] -> 0x1513
mem[X,0x0000000080038426] -> 0x00B5
[7243] [M]: 0x0000000080038424 (0x00B51513) slli a0, a0, 11
x10 <- 0x0000033333333000
mem[X,0x0000000080038428] -> 0x0513
mem[X,0x000000008003842A] -> 0x3335
[7244] [M]: 0x0000000080038428 (0x33350513) addi a0, a0, 819
x10 <- 0x0000033333333333
mem[X,0x000000008003842C] -> 0x1513
mem[X,0x000000008003842E] -> 0x00B5
[7245] [M]: 0x000000008003842C (0x00B51513) slli a0, a0, 11
x10 <- 0x0019999999999800
mem[X,0x0000000080038430] -> 0x0513
mem[X,0x0000000080038432] -> 0x1995
[7246] [M]: 0x0000000080038430 (0x19950513) addi a0, a0, 409
x10 <- 0x0019999999999999
mem[X,0x0000000080038434] -> 0x1513
mem[X,0x0000000080038436] -> 0x00A5
[7247] [M]: 0x0000000080038434 (0x00A51513) slli a0, a0, 10
x10 <- 0x6666666666666400
mem[X,0x0000000080038438] -> 0x0513
mem[X,0x000000008003843A] -> 0x2655
[7248] [M]: 0x0000000080038438 (0x26550513) addi a0, a0, 613
x10 <- 0x6666666666666665
mem[X,0x000000008003843C] -> 0x05B7
mem[X,0x000000008003843E] -> 0x0000
[7249] [M]: 0x000000008003843C (0x000005B7) lui a1, 0
x11 <- 0x0000000000000000
mem[X,0x0000000080038440] -> 0x8593
mem[X,0x0000000080038442] -> 0xFFF5
[7250] [M]: 0x0000000080038440 (0xFFF58593) addi a1, a1, 4095
x11 <- 0xFFFFFFFFFFFFFFFF
mem[X,0x0000000080038444] -> 0x9593
mem[X,0x0000000080038446] -> 0x00B5
[7251] [M]: 0x0000000080038444 (0x00B59593) slli a1, a1, 11
x11 <- 0xFFFFFFFFFFFFF800
mem[X,0x0000000080038448] -> 0x8593
mem[X,0x000000008003844A] -> 0x2575
[7252] [M]: 0x0000000080038448 (0x25758593) addi a1, a1, 599
x11 <- 0xFFFFFFFFFFFFFA57
mem[X,0x000000008003844C] -> 0x9593
mem[X,0x000000008003844E] -> 0x00B5
[7253] [M]: 0x000000008003844C (0x00B59593) slli a1, a1, 11
x11 <- 0xFFFFFFFFFFD2B800
mem[X,0x0000000080038450] -> 0x8593
mem[X,0x0000000080038452] -> 0x6C35
[7254] [M]: 0x0000000080038450 (0x6C358593) addi a1, a1, 1731
x11 <- 0xFFFFFFFFFFD2BEC3
mem[X,0x0000000080038454] -> 0x9593
mem[X,0x0000000080038456] -> 0x00A5
[7255] [M]: 0x0000000080038454 (0x00A59593) slli a1, a1, 10
x11 <- 0xFFFFFFFF4AFB0C00
mem[X,0x0000000080038458] -> 0x8593
mem[X,0x000000008003845A] -> 0x0CD5
[7256] [M]: 0x0000000080038458 (0x0CD58593) addi a1, a1, 205
x11 <- 0xFFFFFFFF4AFB0CCD
mem[X,0x000000008003845C] -> 0x0113
mem[X,0x000000008003845E] -> 0x0000
[7257] [M]: 0x000000008003845C (0x00000113) addi sp, zero, 0
x2 <- 0x0000000000000000
mem[X,0x0000000080038460] -> 0x006F
mem[X,0x0000000080038462] -> 0x00C0
[7258] [M]: 0x0000000080038460 (0x00C0006F) jal zero, 12
mem[X,0x000000008003846C] -> 0x4663
mem[X,0x000000008003846E] -> 0x00B5
[7259] [M]: 0x000000008003846C (0x00B54663) blt a0, a1, 12
mem[X,0x0000000080038470] -> 0x0113
mem[X,0x0000000080038472] -> 0x0021
[7260] [M]: 0x0000000080038470 (0x00210113) addi sp, sp, 2
x2 <- 0x0000000000000002
mem[X,0x0000000080038474] -> 0x006F
mem[X,0x0000000080038476] -> 0x00C0
[7261] [M]: 0x0000000080038474 (0x00C0006F) jal zero, 12
mem[X,0x0000000080038480] -> 0xB823
mem[X,0x0000000080038482] -> 0x5C20
[7262] [M]: 0x0000000080038480 (0x5C20B823) sd sp, 1488(ra)
mem[0x000000008004FFA8] <- 0x0000000000000002
mem[X,0x0000000080038484] -> 0x6537
mem[X,0x0000000080038486] -> 0x6666
[7263] [M]: 0x0000000080038484 (0x66666537) lui a0, 419430
x10 <- 0x0000000066666000
mem[X,0x0000000080038488] -> 0x0513
mem[X,0x000000008003848A] -> 0x6665
[7264] [M]: 0x0000000080038488 (0x66650513) addi a0, a0, 1638
x10 <- 0x0000000066666666
mem[X,0x000000008003848C] -> 0x1513
mem[X,0x000000008003848E] -> 0x00B5
[7265] [M]: 0x000000008003848C (0x00B51513) slli a0, a0, 11
x10 <- 0x0000033333333000
mem[X,0x0000000080038490] -> 0x0513
mem[X,0x0000000080038492] -> 0x3335
[7266] [M]: 0x0000000080038490 (0x33350513) addi a0, a0, 819
x10 <- 0x0000033333333333
mem[X,0x0000000080038494] -> 0x1513
mem[X,0x0000000080038496] -> 0x00B5
[7267] [M]: 0x0000000080038494 (0x00B51513) slli a0, a0, 11
x10 <- 0x0019999999999800
mem[X,0x0000000080038498] -> 0x0513
mem[X,0x000000008003849A] -> 0x1995
[7268] [M]: 0x0000000080038498 (0x19950513) addi a0, a0, 409
x10 <- 0x0019999999999999
mem[X,0x000000008003849C] -> 0x1513
mem[X,0x000000008003849E] -> 0x00A5
[7269] [M]: 0x000000008003849C (0x00A51513) slli a0, a0, 10
x10 <- 0x6666666666666400
mem[X,0x00000000800384A0] -> 0x0513
mem[X,0x00000000800384A2] -> 0x2655
[7270] [M]: 0x00000000800384A0 (0x26550513) addi a0, a0, 613
x10 <- 0x6666666666666665
mem[X,0x00000000800384A4] -> 0x05B7
mem[X,0x00000000800384A6] -> 0x0000
[7271] [M]: 0x00000000800384A4 (0x000005B7) lui a1, 0
x11 <- 0x0000000000000000
mem[X,0x00000000800384A8] -> 0x8593
mem[X,0x00000000800384AA] -> 0x0005
[7272] [M]: 0x00000000800384A8 (0x00058593) addi a1, a1, 0
x11 <- 0x0000000000000000
mem[X,0x00000000800384AC] -> 0x9593
mem[X,0x00000000800384AE] -> 0x00B5
[7273] [M]: 0x00000000800384AC (0x00B59593) slli a1, a1, 11
x11 <- 0x0000000000000000
mem[X,0x00000000800384B0] -> 0x8593
mem[X,0x00000000800384B2] -> 0x5A85
[7274] [M]: 0x00000000800384B0 (0x5A858593) addi a1, a1, 1448
x11 <- 0x00000000000005A8
mem[X,0x00000000800384B4] -> 0x9593
mem[X,0x00000000800384B6] -> 0x00B5
[7275] [M]: 0x00000000800384B4 (0x00B59593) slli a1, a1, 11
x11 <- 0x00000000002D4000
mem[X,0x00000000800384B8] -> 0x8593
mem[X,0x00000000800384BA] -> 0x13C5
[7276] [M]: 0x00000000800384B8 (0x13C58593) addi a1, a1, 316
x11 <- 0x00000000002D413C
mem[X,0x00000000800384BC] -> 0x9593
mem[X,0x00000000800384BE] -> 0x00A5
[7277] [M]: 0x00000000800384BC (0x00A59593) slli a1, a1, 10
x11 <- 0x00000000B504F000
mem[X,0x00000000800384C0] -> 0x8593
mem[X,0x00000000800384C2] -> 0x3335
[7278] [M]: 0x00000000800384C0 (0x33358593) addi a1, a1, 819
x11 <- 0x00000000B504F333
mem[X,0x00000000800384C4] -> 0x0113
mem[X,0x00000000800384C6] -> 0x0000
[7279] [M]: 0x00000000800384C4 (0x00000113) addi sp, zero, 0
x2 <- 0x0000000000000000
mem[X,0x00000000800384C8] -> 0x006F
mem[X,0x00000000800384CA] -> 0x00C0
[7280] [M]: 0x00000000800384C8 (0x00C0006F) jal zero, 12
mem[X,0x00000000800384D4] -> 0x4663
mem[X,0x00000000800384D6] -> 0x00B5
[7281] [M]: 0x00000000800384D4 (0x00B54663) blt a0, a1, 12
mem[X,0x00000000800384D8] -> 0x0113
mem[X,0x00000000800384DA] -> 0x0021
[7282] [M]: 0x00000000800384D8 (0x00210113) addi sp, sp, 2
x2 <- 0x0000000000000002
mem[X,0x00000000800384DC] -> 0x006F
mem[X,0x00000000800384DE] -> 0x00C0
[7283] [M]: 0x00000000800384DC (0x00C0006F) jal zero, 12
mem[X,0x00000000800384E8] -> 0xBC23
mem[X,0x00000000800384EA] -> 0x5C20
[7284] [M]: 0x00000000800384E8 (0x5C20BC23) sd sp, 1496(ra)
mem[0x000000008004FFB0] <- 0x0000000000000002
mem[X,0x00000000800384EC] -> 0x6537
mem[X,0x00000000800384EE] -> 0x6666
[7285] [M]: 0x00000000800384EC (0x66666537) lui a0, 419430
x10 <- 0x0000000066666000
mem[X,0x00000000800384F0] -> 0x0513
mem[X,0x00000000800384F2] -> 0x6665
[7286] [M]: 0x00000000800384F0 (0x66650513) addi a0, a0, 1638
x10 <- 0x0000000066666666
mem[X,0x00000000800384F4] -> 0x1513
mem[X,0x00000000800384F6] -> 0x00B5
[7287] [M]: 0x00000000800384F4 (0x00B51513) slli a0, a0, 11
x10 <- 0x0000033333333000
mem[X,0x00000000800384F8] -> 0x0513
mem[X,0x00000000800384FA] -> 0x3335
[7288] [M]: 0x00000000800384F8 (0x33350513) addi a0, a0, 819
x10 <- 0x0000033333333333
mem[X,0x00000000800384FC] -> 0x1513
mem[X,0x00000000800384FE] -> 0x00B5
[7289] [M]: 0x00000000800384FC (0x00B51513) slli a0, a0, 11
x10 <- 0x0019999999999800
mem[X,0x0000000080038500] -> 0x0513
mem[X,0x0000000080038502] -> 0x1995
[7290] [M]: 0x0000000080038500 (0x19950513) addi a0, a0, 409
x10 <- 0x0019999999999999
mem[X,0x0000000080038504] -> 0x1513
mem[X,0x0000000080038506] -> 0x00A5
[7291] [M]: 0x0000000080038504 (0x00A51513) slli a0, a0, 10
x10 <- 0x6666666666666400
mem[X,0x0000000080038508] -> 0x0513
mem[X,0x000000008003850A] -> 0x2655
[7292] [M]: 0x0000000080038508 (0x26550513) addi a0, a0, 613
x10 <- 0x6666666666666665
mem[X,0x000000008003850C] -> 0x0593
mem[X,0x000000008003850E] -> 0x0020
[7293] [M]: 0x000000008003850C (0x00200593) addi a1, zero, 2
x11 <- 0x0000000000000002
mem[X,0x0000000080038510] -> 0x0113
mem[X,0x0000000080038512] -> 0x0000
[7294] [M]: 0x0000000080038510 (0x00000113) addi sp, zero, 0
x2 <- 0x0000000000000000
mem[X,0x0000000080038514] -> 0x006F
mem[X,0x0000000080038516] -> 0x00C0
[7295] [M]: 0x0000000080038514 (0x00C0006F) jal zero, 12
mem[X,0x0000000080038520] -> 0x4CE3
mem[X,0x0000000080038522] -> 0xFEB5
[7296] [M]: 0x0000000080038520 (0xFEB54CE3) blt a0, a1, 8184
mem[X,0x0000000080038524] -> 0x0113
mem[X,0x0000000080038526] -> 0x0021
[7297] [M]: 0x0000000080038524 (0x00210113) addi sp, sp, 2
x2 <- 0x0000000000000002
mem[X,0x0000000080038528] -> 0x006F
mem[X,0x000000008003852A] -> 0x00C0
[7298] [M]: 0x0000000080038528 (0x00C0006F) jal zero, 12
mem[X,0x0000000080038534] -> 0xB023
mem[X,0x0000000080038536] -> 0x5E20
[7299] [M]: 0x0000000080038534 (0x5E20B023) sd sp, 1504(ra)
mem[0x000000008004FFB8] <- 0x0000000000000002
clint::tick mtime <- 0x0000000000000049
 clint timer pending at mtime 0x0000000000000049
htif::tick 0x0000000000000000
mem[X,0x0000000080038538] -> 0x6537
mem[X,0x000000008003853A] -> 0x6666
[7300] [M]: 0x0000000080038538 (0x66666537) lui a0, 419430
x10 <- 0x0000000066666000
mem[X,0x000000008003853C] -> 0x0513
mem[X,0x000000008003853E] -> 0x6665
[7301] [M]: 0x000000008003853C (0x66650513) addi a0, a0, 1638
x10 <- 0x0000000066666666
mem[X,0x0000000080038540] -> 0x1513
mem[X,0x0000000080038542] -> 0x00B5
[7302] [M]: 0x0000000080038540 (0x00B51513) slli a0, a0, 11
x10 <- 0x0000033333333000
mem[X,0x0000000080038544] -> 0x0513
mem[X,0x0000000080038546] -> 0x3335
[7303] [M]: 0x0000000080038544 (0x33350513) addi a0, a0, 819
x10 <- 0x0000033333333333
mem[X,0x0000000080038548] -> 0x1513
mem[X,0x000000008003854A] -> 0x00B5
[7304] [M]: 0x0000000080038548 (0x00B51513) slli a0, a0, 11
x10 <- 0x0019999999999800
mem[X,0x000000008003854C] -> 0x0513
mem[X,0x000000008003854E] -> 0x1995
[7305] [M]: 0x000000008003854C (0x19950513) addi a0, a0, 409
x10 <- 0x0019999999999999
mem[X,0x0000000080038550] -> 0x1513
mem[X,0x0000000080038552] -> 0x00A5
[7306] [M]: 0x0000000080038550 (0x00A51513) slli a0, a0, 10
x10 <- 0x6666666666666400
mem[X,0x0000000080038554] -> 0x0513
mem[X,0x0000000080038556] -> 0x2655
[7307] [M]: 0x0000000080038554 (0x26550513) addi a0, a0, 613
x10 <- 0x6666666666666665
mem[X,0x0000000080038558] -> 0x55B7
mem[X,0x000000008003855A] -> 0x5555
[7308] [M]: 0x0000000080038558 (0x555555B7) lui a1, 349525
x11 <- 0x0000000055555000
mem[X,0x000000008003855C] -> 0x8593
mem[X,0x000000008003855E] -> 0x5555
[7309] [M]: 0x000000008003855C (0x55558593) addi a1, a1, 1365
x11 <- 0x0000000055555555
mem[X,0x0000000080038560] -> 0x9593
mem[X,0x0000000080038562] -> 0x00B5
[7310] [M]: 0x0000000080038560 (0x00B59593) slli a1, a1, 11
x11 <- 0x000002AAAAAAA800
mem[X,0x0000000080038564] -> 0x8593
mem[X,0x0000000080038566] -> 0x2AA5
[7311] [M]: 0x0000000080038564 (0x2AA58593) addi a1, a1, 682
x11 <- 0x000002AAAAAAAAAA
mem[X,0x0000000080038568] -> 0x9593
mem[X,0x000000008003856A] -> 0x00B5
[7312] [M]: 0x0000000080038568 (0x00B59593) slli a1, a1, 11
x11 <- 0x0015555555555000
mem[X,0x000000008003856C] -> 0x8593
mem[X,0x000000008003856E] -> 0x5555
[7313] [M]: 0x000000008003856C (0x55558593) addi a1, a1, 1365
x11 <- 0x0015555555555555
mem[X,0x0000000080038570] -> 0x9593
mem[X,0x0000000080038572] -> 0x00A5
[7314] [M]: 0x0000000080038570 (0x00A59593) slli a1, a1, 10
x11 <- 0x5555555555555400
mem[X,0x0000000080038574] -> 0x8593
mem[X,0x0000000080038576] -> 0x1545
[7315] [M]: 0x0000000080038574 (0x15458593) addi a1, a1, 340
x11 <- 0x5555555555555554
mem[X,0x0000000080038578] -> 0x0113
mem[X,0x000000008003857A] -> 0x0000
[7316] [M]: 0x0000000080038578 (0x00000113) addi sp, zero, 0
x2 <- 0x0000000000000000
mem[X,0x000000008003857C] -> 0x006F
mem[X,0x000000008003857E] -> 0x00C0
[7317] [M]: 0x000000008003857C (0x00C0006F) jal zero, 12
mem[X,0x0000000080038588] -> 0x4663
mem[X,0x000000008003858A] -> 0x00B5
[7318] [M]: 0x0000000080038588 (0x00B54663) blt a0, a1, 12
mem[X,0x000000008003858C] -> 0x0113
mem[X,0x000000008003858E] -> 0x0021
[7319] [M]: 0x000000008003858C (0x00210113) addi sp, sp, 2
x2 <- 0x0000000000000002
mem[X,0x0000000080038590] -> 0x006F
mem[X,0x0000000080038592] -> 0x00C0
[7320] [M]: 0x0000000080038590 (0x00C0006F) jal zero, 12
mem[X,0x000000008003859C] -> 0xB423
mem[X,0x000000008003859E] -> 0x5E20
[7321] [M]: 0x000000008003859C (0x5E20B423) sd sp, 1512(ra)
mem[0x000000008004FFC0] <- 0x0000000000000002
mem[X,0x00000000800385A0] -> 0x6537
mem[X,0x00000000800385A2] -> 0x6666
[7322] [M]: 0x00000000800385A0 (0x66666537) lui a0, 419430
x10 <- 0x0000000066666000
mem[X,0x00000000800385A4] -> 0x0513
mem[X,0x00000000800385A6] -> 0x6665
[7323] [M]: 0x00000000800385A4 (0x66650513) addi a0, a0, 1638
x10 <- 0x0000000066666666
mem[X,0x00000000800385A8] -> 0x1513
mem[X,0x00000000800385AA] -> 0x00B5
[7324] [M]: 0x00000000800385A8 (0x00B51513) slli a0, a0, 11
x10 <- 0x0000033333333000
mem[X,0x00000000800385AC] -> 0x0513
mem[X,0x00000000800385AE] -> 0x3335
[7325] [M]: 0x00000000800385AC (0x33350513) addi a0, a0, 819
x10 <- 0x0000033333333333
mem[X,0x00000000800385B0] -> 0x1513
mem[X,0x00000000800385B2] -> 0x00B5
[7326] [M]: 0x00000000800385B0 (0x00B51513) slli a0, a0, 11
x10 <- 0x0019999999999800
mem[X,0x00000000800385B4] -> 0x0513
mem[X,0x00000000800385B6] -> 0x1995
[7327] [M]: 0x00000000800385B4 (0x19950513) addi a0, a0, 409
x10 <- 0x0019999999999999
mem[X,0x00000000800385B8] -> 0x1513
mem[X,0x00000000800385BA] -> 0x00A5
[7328] [M]: 0x00000000800385B8 (0x00A51513) slli a0, a0, 10
x10 <- 0x6666666666666400
mem[X,0x00000000800385BC] -> 0x0513
mem[X,0x00000000800385BE] -> 0x2655
[7329] [M]: 0x00000000800385BC (0x26550513) addi a0, a0, 613
x10 <- 0x6666666666666665
mem[X,0x00000000800385C0] -> 0x0593
mem[X,0x00000000800385C2] -> 0x0000
[7330] [M]: 0x00000000800385C0 (0x00000593) addi a1, zero, 0
x11 <- 0x0000000000000000
mem[X,0x00000000800385C4] -> 0x0113
mem[X,0x00000000800385C6] -> 0x0000
[7331] [M]: 0x00000000800385C4 (0x00000113) addi sp, zero, 0
x2 <- 0x0000000000000000
mem[X,0x00000000800385C8] -> 0x006F
mem[X,0x00000000800385CA] -> 0x2B10
[7332] [M]: 0x00000000800385C8 (0x2B10006F) jal zero, 2736
mem[X,0x0000000080039078] -> 0x4A63
mem[X,0x000000008003907A] -> 0xD4B5
[7333] [M]: 0x0000000080039078 (0xD4B54A63) blt a0, a1, 5460
mem[X,0x000000008003907C] -> 0x0113
mem[X,0x000000008003907E] -> 0x0021
[7334] [M]: 0x000000008003907C (0x00210113) addi sp, sp, 2
x2 <- 0x0000000000000002
mem[X,0x0000000080039080] -> 0x006F
mem[X,0x0000000080039082] -> 0x00C0
[7335] [M]: 0x0000000080039080 (0x00C0006F) jal zero, 12
mem[X,0x000000008003908C] -> 0xB823
mem[X,0x000000008003908E] -> 0x5E20
[7336] [M]: 0x000000008003908C (0x5E20B823) sd sp, 1520(ra)
mem[0x000000008004FFC8] <- 0x0000000000000002
mem[X,0x0000000080039090] -> 0x6537
mem[X,0x0000000080039092] -> 0x6666
[7337] [M]: 0x0000000080039090 (0x66666537) lui a0, 419430
x10 <- 0x0000000066666000
mem[X,0x0000000080039094] -> 0x0513
mem[X,0x0000000080039096] -> 0x6665
[7338] [M]: 0x0000000080039094 (0x66650513) addi a0, a0, 1638
x10 <- 0x0000000066666666
mem[X,0x0000000080039098] -> 0x1513
mem[X,0x000000008003909A] -> 0x00B5
[7339] [M]: 0x0000000080039098 (0x00B51513) slli a0, a0, 11
x10 <- 0x0000033333333000
mem[X,0x000000008003909C] -> 0x0513
mem[X,0x000000008003909E] -> 0x3335
[7340] [M]: 0x000000008003909C (0x33350513) addi a0, a0, 819
x10 <- 0x0000033333333333
mem[X,0x00000000800390A0] -> 0x1513
mem[X,0x00000000800390A2] -> 0x00B5
[7341] [M]: 0x00000000800390A0 (0x00B51513) slli a0, a0, 11
x10 <- 0x0019999999999800
mem[X,0x00000000800390A4] -> 0x0513
mem[X,0x00000000800390A6] -> 0x1995
[7342] [M]: 0x00000000800390A4 (0x19950513) addi a0, a0, 409
x10 <- 0x0019999999999999
mem[X,0x00000000800390A8] -> 0x1513
mem[X,0x00000000800390AA] -> 0x00A5
[7343] [M]: 0x00000000800390A8 (0x00A51513) slli a0, a0, 10
x10 <- 0x6666666666666400
mem[X,0x00000000800390AC] -> 0x0513
mem[X,0x00000000800390AE] -> 0x2655
[7344] [M]: 0x00000000800390AC (0x26550513) addi a0, a0, 613
x10 <- 0x6666666666666665
mem[X,0x00000000800390B0] -> 0x0593
mem[X,0x00000000800390B2] -> 0x0040
[7345] [M]: 0x00000000800390B0 (0x00400593) addi a1, zero, 4
x11 <- 0x0000000000000004
mem[X,0x00000000800390B4] -> 0x0113
mem[X,0x00000000800390B6] -> 0x0000
[7346] [M]: 0x00000000800390B4 (0x00000113) addi sp, zero, 0
x2 <- 0x0000000000000000
mem[X,0x00000000800390B8] -> 0x006F
mem[X,0x00000000800390BA] -> 0x00C0
[7347] [M]: 0x00000000800390B8 (0x00C0006F) jal zero, 12
mem[X,0x00000000800390C4] -> 0x4CE3
mem[X,0x00000000800390C6] -> 0xFEB5
[7348] [M]: 0x00000000800390C4 (0xFEB54CE3) blt a0, a1, 8184
mem[X,0x00000000800390C8] -> 0x0113
mem[X,0x00000000800390CA] -> 0x0021
[7349] [M]: 0x00000000800390C8 (0x00210113) addi sp, sp, 2
x2 <- 0x0000000000000002
mem[X,0x00000000800390CC] -> 0x006F
mem[X,0x00000000800390CE] -> 0x00C0
[7350] [M]: 0x00000000800390CC (0x00C0006F) jal zero, 12
mem[X,0x00000000800390D8] -> 0xBC23
mem[X,0x00000000800390DA] -> 0x5E20
[7351] [M]: 0x00000000800390D8 (0x5E20BC23) sd sp, 1528(ra)
mem[0x000000008004FFD0] <- 0x0000000000000002
mem[X,0x00000000800390DC] -> 0x6537
mem[X,0x00000000800390DE] -> 0x6666
[7352] [M]: 0x00000000800390DC (0x66666537) lui a0, 419430
x10 <- 0x0000000066666000
mem[X,0x00000000800390E0] -> 0x0513
mem[X,0x00000000800390E2] -> 0x6665
[7353] [M]: 0x00000000800390E0 (0x66650513) addi a0, a0, 1638
x10 <- 0x0000000066666666
mem[X,0x00000000800390E4] -> 0x1513
mem[X,0x00000000800390E6] -> 0x00B5
[7354] [M]: 0x00000000800390E4 (0x00B51513) slli a0, a0, 11
x10 <- 0x0000033333333000
mem[X,0x00000000800390E8] -> 0x0513
mem[X,0x00000000800390EA] -> 0x3335
[7355] [M]: 0x00000000800390E8 (0x33350513) addi a0, a0, 819
x10 <- 0x0000033333333333
mem[X,0x00000000800390EC] -> 0x1513
mem[X,0x00000000800390EE] -> 0x00B5
[7356] [M]: 0x00000000800390EC (0x00B51513) slli a0, a0, 11
x10 <- 0x0019999999999800
mem[X,0x00000000800390F0] -> 0x0513
mem[X,0x00000000800390F2] -> 0x1995
[7357] [M]: 0x00000000800390F0 (0x19950513) addi a0, a0, 409
x10 <- 0x0019999999999999
mem[X,0x00000000800390F4] -> 0x1513
mem[X,0x00000000800390F6] -> 0x00A5
[7358] [M]: 0x00000000800390F4 (0x00A51513) slli a0, a0, 10
x10 <- 0x6666666666666400
mem[X,0x00000000800390F8] -> 0x0513
mem[X,0x00000000800390FA] -> 0x2655
[7359] [M]: 0x00000000800390F8 (0x26550513) addi a0, a0, 613
x10 <- 0x6666666666666665
mem[X,0x00000000800390FC] -> 0x35B7
mem[X,0x00000000800390FE] -> 0x3333
[7360] [M]: 0x00000000800390FC (0x333335B7) lui a1, 209715
x11 <- 0x0000000033333000
mem[X,0x0000000080039100] -> 0x8593
mem[X,0x0000000080039102] -> 0x3335
[7361] [M]: 0x0000000080039100 (0x33358593) addi a1, a1, 819
x11 <- 0x0000000033333333
mem[X,0x0000000080039104] -> 0x9593
mem[X,0x0000000080039106] -> 0x00B5
[7362] [M]: 0x0000000080039104 (0x00B59593) slli a1, a1, 11
x11 <- 0x0000019999999800
mem[X,0x0000000080039108] -> 0x8593
mem[X,0x000000008003910A] -> 0x1995
[7363] [M]: 0x0000000080039108 (0x19958593) addi a1, a1, 409
x11 <- 0x0000019999999999
mem[X,0x000000008003910C] -> 0x9593
mem[X,0x000000008003910E] -> 0x00B5
[7364] [M]: 0x000000008003910C (0x00B59593) slli a1, a1, 11
x11 <- 0x000CCCCCCCCCC800
mem[X,0x0000000080039110] -> 0x8593
mem[X,0x0000000080039112] -> 0x4CC5
[7365] [M]: 0x0000000080039110 (0x4CC58593) addi a1, a1, 1228
x11 <- 0x000CCCCCCCCCCCCC
mem[X,0x0000000080039114] -> 0x9593
mem[X,0x0000000080039116] -> 0x00A5
[7366] [M]: 0x0000000080039114 (0x00A59593) slli a1, a1, 10
x11 <- 0x3333333333333000
mem[X,0x0000000080039118] -> 0x8593
mem[X,0x000000008003911A] -> 0x3325
[7367] [M]: 0x0000000080039118 (0x33258593) addi a1, a1, 818
x11 <- 0x3333333333333332
mem[X,0x000000008003911C] -> 0x0113
mem[X,0x000000008003911E] -> 0x0000
[7368] [M]: 0x000000008003911C (0x00000113) addi sp, zero, 0
x2 <- 0x0000000000000000
mem[X,0x0000000080039120] -> 0x006F
mem[X,0x0000000080039122] -> 0x00C0
[7369] [M]: 0x0000000080039120 (0x00C0006F) jal zero, 12
mem[X,0x000000008003912C] -> 0x4CE3
mem[X,0x000000008003912E] -> 0xFEB5
[7370] [M]: 0x000000008003912C (0xFEB54CE3) blt a0, a1, 8184
mem[X,0x0000000080039130] -> 0x0113
mem[X,0x0000000080039132] -> 0x0021
[7371] [M]: 0x0000000080039130 (0x00210113) addi sp, sp, 2
x2 <- 0x0000000000000002
mem[X,0x0000000080039134] -> 0x006F
mem[X,0x0000000080039136] -> 0x00C0
[7372] [M]: 0x0000000080039134 (0x00C0006F) jal zero, 12
mem[X,0x0000000080039140] -> 0xB023
mem[X,0x0000000080039142] -> 0x6020
[7373] [M]: 0x0000000080039140 (0x6020B023) sd sp, 1536(ra)
mem[0x000000008004FFD8] <- 0x0000000000000002
mem[X,0x0000000080039144] -> 0x6537
mem[X,0x0000000080039146] -> 0x6666
[7374] [M]: 0x0000000080039144 (0x66666537) lui a0, 419430
x10 <- 0x0000000066666000
mem[X,0x0000000080039148] -> 0x0513
mem[X,0x000000008003914A] -> 0x6665
[7375] [M]: 0x0000000080039148 (0x66650513) addi a0, a0, 1638
x10 <- 0x0000000066666666
mem[X,0x000000008003914C] -> 0x1513
mem[X,0x000000008003914E] -> 0x00B5
[7376] [M]: 0x000000008003914C (0x00B51513) slli a0, a0, 11
x10 <- 0x0000033333333000
mem[X,0x0000000080039150] -> 0x0513
mem[X,0x0000000080039152] -> 0x3335
[7377] [M]: 0x0000000080039150 (0x33350513) addi a0, a0, 819
x10 <- 0x0000033333333333
mem[X,0x0000000080039154] -> 0x1513
mem[X,0x0000000080039156] -> 0x00B5
[7378] [M]: 0x0000000080039154 (0x00B51513) slli a0, a0, 11
x10 <- 0x0019999999999800
mem[X,0x0000000080039158] -> 0x0513
mem[X,0x000000008003915A] -> 0x1995
[7379] [M]: 0x0000000080039158 (0x19950513) addi a0, a0, 409
x10 <- 0x0019999999999999
mem[X,0x000000008003915C] -> 0x1513
mem[X,0x000000008003915E] -> 0x00A5
[7380] [M]: 0x000000008003915C (0x00A51513) slli a0, a0, 10
x10 <- 0x6666666666666400
mem[X,0x0000000080039160] -> 0x0513
mem[X,0x0000000080039162] -> 0x2655
[7381] [M]: 0x0000000080039160 (0x26550513) addi a0, a0, 613
x10 <- 0x6666666666666665
mem[X,0x0000000080039164] -> 0x65B7
mem[X,0x0000000080039166] -> 0x6666
[7382] [M]: 0x0000000080039164 (0x666665B7) lui a1, 419430
x11 <- 0x0000000066666000
mem[X,0x0000000080039168] -> 0x8593
mem[X,0x000000008003916A] -> 0x6665
[7383] [M]: 0x0000000080039168 (0x66658593) addi a1, a1, 1638
x11 <- 0x0000000066666666
mem[X,0x000000008003916C] -> 0x9593
mem[X,0x000000008003916E] -> 0x00B5
[7384] [M]: 0x000000008003916C (0x00B59593) slli a1, a1, 11
x11 <- 0x0000033333333000
mem[X,0x0000000080039170] -> 0x8593
mem[X,0x0000000080039172] -> 0x3335
[7385] [M]: 0x0000000080039170 (0x33358593) addi a1, a1, 819
x11 <- 0x0000033333333333
mem[X,0x0000000080039174] -> 0x9593
mem[X,0x0000000080039176] -> 0x00B5
[7386] [M]: 0x0000000080039174 (0x00B59593) slli a1, a1, 11
x11 <- 0x0019999999999800
mem[X,0x0000000080039178] -> 0x8593
mem[X,0x000000008003917A] -> 0x1995
[7387] [M]: 0x0000000080039178 (0x19958593) addi a1, a1, 409
x11 <- 0x0019999999999999
mem[X,0x000000008003917C] -> 0x9593
mem[X,0x000000008003917E] -> 0x00A5
[7388] [M]: 0x000000008003917C (0x00A59593) slli a1, a1, 10
x11 <- 0x6666666666666400
mem[X,0x0000000080039180] -> 0x8593
mem[X,0x0000000080039182] -> 0x2655
[7389] [M]: 0x0000000080039180 (0x26558593) addi a1, a1, 613
x11 <- 0x6666666666666665
mem[X,0x0000000080039184] -> 0x0113
mem[X,0x0000000080039186] -> 0x0000
[7390] [M]: 0x0000000080039184 (0x00000113) addi sp, zero, 0
x2 <- 0x0000000000000000
mem[X,0x0000000080039188] -> 0x006F
mem[X,0x000000008003918A] -> 0x00C0
[7391] [M]: 0x0000000080039188 (0x00C0006F) jal zero, 12
mem[X,0x0000000080039194] -> 0x4663
mem[X,0x0000000080039196] -> 0x00B5
[7392] [M]: 0x0000000080039194 (0x00B54663) blt a0, a1, 12
mem[X,0x0000000080039198] -> 0x0113
mem[X,0x000000008003919A] -> 0x0021
[7393] [M]: 0x0000000080039198 (0x00210113) addi sp, sp, 2
x2 <- 0x0000000000000002
mem[X,0x000000008003919C] -> 0x006F
mem[X,0x000000008003919E] -> 0x00C0
[7394] [M]: 0x000000008003919C (0x00C0006F) jal zero, 12
mem[X,0x00000000800391A8] -> 0xB423
mem[X,0x00000000800391AA] -> 0x6020
[7395] [M]: 0x00000000800391A8 (0x6020B423) sd sp, 1544(ra)
mem[0x000000008004FFE0] <- 0x0000000000000002
mem[X,0x00000000800391AC] -> 0x6537
mem[X,0x00000000800391AE] -> 0x6666
[7396] [M]: 0x00000000800391AC (0x66666537) lui a0, 419430
x10 <- 0x0000000066666000
mem[X,0x00000000800391B0] -> 0x0513
mem[X,0x00000000800391B2] -> 0x6665
[7397] [M]: 0x00000000800391B0 (0x66650513) addi a0, a0, 1638
x10 <- 0x0000000066666666
mem[X,0x00000000800391B4] -> 0x1513
mem[X,0x00000000800391B6] -> 0x00B5
[7398] [M]: 0x00000000800391B4 (0x00B51513) slli a0, a0, 11
x10 <- 0x0000033333333000
mem[X,0x00000000800391B8] -> 0x0513
mem[X,0x00000000800391BA] -> 0x3335
[7399] [M]: 0x00000000800391B8 (0x33350513) addi a0, a0, 819
x10 <- 0x0000033333333333
clint::tick mtime <- 0x000000000000004A
 clint timer pending at mtime 0x000000000000004A
htif::tick 0x0000000000000000
mem[X,0x00000000800391BC] -> 0x1513
mem[X,0x00000000800391BE] -> 0x00B5
[7400] [M]: 0x00000000800391BC (0x00B51513) slli a0, a0, 11
x10 <- 0x0019999999999800
mem[X,0x00000000800391C0] -> 0x0513
mem[X,0x00000000800391C2] -> 0x1995
[7401] [M]: 0x00000000800391C0 (0x19950513) addi a0, a0, 409
x10 <- 0x0019999999999999
mem[X,0x00000000800391C4] -> 0x1513
mem[X,0x00000000800391C6] -> 0x00A5
[7402] [M]: 0x00000000800391C4 (0x00A51513) slli a0, a0, 10
x10 <- 0x6666666666666400
mem[X,0x00000000800391C8] -> 0x0513
mem[X,0x00000000800391CA] -> 0x2655
[7403] [M]: 0x00000000800391C8 (0x26550513) addi a0, a0, 613
x10 <- 0x6666666666666665
mem[X,0x00000000800391CC] -> 0x05B7
mem[X,0x00000000800391CE] -> 0x0000
[7404] [M]: 0x00000000800391CC (0x000005B7) lui a1, 0
x11 <- 0x0000000000000000
mem[X,0x00000000800391D0] -> 0x8593
mem[X,0x00000000800391D2] -> 0x0005
[7405] [M]: 0x00000000800391D0 (0x00058593) addi a1, a1, 0
x11 <- 0x0000000000000000
mem[X,0x00000000800391D4] -> 0x9593
mem[X,0x00000000800391D6] -> 0x00B5
[7406] [M]: 0x00000000800391D4 (0x00B59593) slli a1, a1, 11
x11 <- 0x0000000000000000
mem[X,0x00000000800391D8] -> 0x8593
mem[X,0x00000000800391DA] -> 0x5A85
[7407] [M]: 0x00000000800391D8 (0x5A858593) addi a1, a1, 1448
x11 <- 0x00000000000005A8
mem[X,0x00000000800391DC] -> 0x9593
mem[X,0x00000000800391DE] -> 0x00B5
[7408] [M]: 0x00000000800391DC (0x00B59593) slli a1, a1, 11
x11 <- 0x00000000002D4000
mem[X,0x00000000800391E0] -> 0x8593
mem[X,0x00000000800391E2] -> 0x13C5
[7409] [M]: 0x00000000800391E0 (0x13C58593) addi a1, a1, 316
x11 <- 0x00000000002D413C
mem[X,0x00000000800391E4] -> 0x9593
mem[X,0x00000000800391E6] -> 0x00A5
[7410] [M]: 0x00000000800391E4 (0x00A59593) slli a1, a1, 10
x11 <- 0x00000000B504F000
mem[X,0x00000000800391E8] -> 0x8593
mem[X,0x00000000800391EA] -> 0x3325
[7411] [M]: 0x00000000800391E8 (0x33258593) addi a1, a1, 818
x11 <- 0x00000000B504F332
mem[X,0x00000000800391EC] -> 0x0113
mem[X,0x00000000800391EE] -> 0x0000
[7412] [M]: 0x00000000800391EC (0x00000113) addi sp, zero, 0
x2 <- 0x0000000000000000
mem[X,0x00000000800391F0] -> 0x006F
mem[X,0x00000000800391F2] -> 0x0140
[7413] [M]: 0x00000000800391F0 (0x0140006F) jal zero, 20
mem[X,0x0000000080039204] -> 0x48E3
mem[X,0x0000000080039206] -> 0xFEB5
[7414] [M]: 0x0000000080039204 (0xFEB548E3) blt a0, a1, 8176
mem[X,0x0000000080039208] -> 0x0113
mem[X,0x000000008003920A] -> 0x0021
[7415] [M]: 0x0000000080039208 (0x00210113) addi sp, sp, 2
x2 <- 0x0000000000000002
mem[X,0x000000008003920C] -> 0x006F
mem[X,0x000000008003920E] -> 0x00C0
[7416] [M]: 0x000000008003920C (0x00C0006F) jal zero, 12
mem[X,0x0000000080039218] -> 0xB823
mem[X,0x000000008003921A] -> 0x6020
[7417] [M]: 0x0000000080039218 (0x6020B823) sd sp, 1552(ra)
mem[0x000000008004FFE8] <- 0x0000000000000002
mem[X,0x000000008003921C] -> 0x6537
mem[X,0x000000008003921E] -> 0x6666
[7418] [M]: 0x000000008003921C (0x66666537) lui a0, 419430
x10 <- 0x0000000066666000
mem[X,0x0000000080039220] -> 0x0513
mem[X,0x0000000080039222] -> 0x6665
[7419] [M]: 0x0000000080039220 (0x66650513) addi a0, a0, 1638
x10 <- 0x0000000066666666
mem[X,0x0000000080039224] -> 0x1513
mem[X,0x0000000080039226] -> 0x00B5
[7420] [M]: 0x0000000080039224 (0x00B51513) slli a0, a0, 11
x10 <- 0x0000033333333000
mem[X,0x0000000080039228] -> 0x0513
mem[X,0x000000008003922A] -> 0x3335
[7421] [M]: 0x0000000080039228 (0x33350513) addi a0, a0, 819
x10 <- 0x0000033333333333
mem[X,0x000000008003922C] -> 0x1513
mem[X,0x000000008003922E] -> 0x00B5
[7422] [M]: 0x000000008003922C (0x00B51513) slli a0, a0, 11
x10 <- 0x0019999999999800
mem[X,0x0000000080039230] -> 0x0513
mem[X,0x0000000080039232] -> 0x1995
[7423] [M]: 0x0000000080039230 (0x19950513) addi a0, a0, 409
x10 <- 0x0019999999999999
mem[X,0x0000000080039234] -> 0x1513
mem[X,0x0000000080039236] -> 0x00A5
[7424] [M]: 0x0000000080039234 (0x00A51513) slli a0, a0, 10
x10 <- 0x6666666666666400
mem[X,0x0000000080039238] -> 0x0513
mem[X,0x000000008003923A] -> 0x2655
[7425] [M]: 0x0000000080039238 (0x26550513) addi a0, a0, 613
x10 <- 0x6666666666666665
mem[X,0x000000008003923C] -> 0x55B7
mem[X,0x000000008003923E] -> 0x5555
[7426] [M]: 0x000000008003923C (0x555555B7) lui a1, 349525
x11 <- 0x0000000055555000
mem[X,0x0000000080039240] -> 0x8593
mem[X,0x0000000080039242] -> 0x5555
[7427] [M]: 0x0000000080039240 (0x55558593) addi a1, a1, 1365
x11 <- 0x0000000055555555
mem[X,0x0000000080039244] -> 0x9593
mem[X,0x0000000080039246] -> 0x00B5
[7428] [M]: 0x0000000080039244 (0x00B59593) slli a1, a1, 11
x11 <- 0x000002AAAAAAA800
mem[X,0x0000000080039248] -> 0x8593
mem[X,0x000000008003924A] -> 0x2AA5
[7429] [M]: 0x0000000080039248 (0x2AA58593) addi a1, a1, 682
x11 <- 0x000002AAAAAAAAAA
mem[X,0x000000008003924C] -> 0x9593
mem[X,0x000000008003924E] -> 0x00B5
[7430] [M]: 0x000000008003924C (0x00B59593) slli a1, a1, 11
x11 <- 0x0015555555555000
mem[X,0x0000000080039250] -> 0x8593
mem[X,0x0000000080039252] -> 0x5555
[7431] [M]: 0x0000000080039250 (0x55558593) addi a1, a1, 1365
x11 <- 0x0015555555555555
mem[X,0x0000000080039254] -> 0x9593
mem[X,0x0000000080039256] -> 0x00A5
[7432] [M]: 0x0000000080039254 (0x00A59593) slli a1, a1, 10
x11 <- 0x5555555555555400
mem[X,0x0000000080039258] -> 0x8593
mem[X,0x000000008003925A] -> 0x1565
[7433] [M]: 0x0000000080039258 (0x15658593) addi a1, a1, 342
x11 <- 0x5555555555555556
mem[X,0x000000008003925C] -> 0x0113
mem[X,0x000000008003925E] -> 0x0000
[7434] [M]: 0x000000008003925C (0x00000113) addi sp, zero, 0
x2 <- 0x0000000000000000
mem[X,0x0000000080039260] -> 0x006F
mem[X,0x0000000080039262] -> 0x00C0
[7435] [M]: 0x0000000080039260 (0x00C0006F) jal zero, 12
mem[X,0x000000008003926C] -> 0x4663
mem[X,0x000000008003926E] -> 0x00B5
[7436] [M]: 0x000000008003926C (0x00B54663) blt a0, a1, 12
mem[X,0x0000000080039270] -> 0x0113
mem[X,0x0000000080039272] -> 0x0021
[7437] [M]: 0x0000000080039270 (0x00210113) addi sp, sp, 2
x2 <- 0x0000000000000002
mem[X,0x0000000080039274] -> 0x006F
mem[X,0x0000000080039276] -> 0x00C0
[7438] [M]: 0x0000000080039274 (0x00C0006F) jal zero, 12
mem[X,0x0000000080039280] -> 0xBC23
mem[X,0x0000000080039282] -> 0x6020
[7439] [M]: 0x0000000080039280 (0x6020BC23) sd sp, 1560(ra)
mem[0x000000008004FFF0] <- 0x0000000000000002
mem[X,0x0000000080039284] -> 0x6537
mem[X,0x0000000080039286] -> 0x6666
[7440] [M]: 0x0000000080039284 (0x66666537) lui a0, 419430
x10 <- 0x0000000066666000
mem[X,0x0000000080039288] -> 0x0513
mem[X,0x000000008003928A] -> 0x6665
[7441] [M]: 0x0000000080039288 (0x66650513) addi a0, a0, 1638
x10 <- 0x0000000066666666
mem[X,0x000000008003928C] -> 0x1513
mem[X,0x000000008003928E] -> 0x00B5
[7442] [M]: 0x000000008003928C (0x00B51513) slli a0, a0, 11
x10 <- 0x0000033333333000
mem[X,0x0000000080039290] -> 0x0513
mem[X,0x0000000080039292] -> 0x3335
[7443] [M]: 0x0000000080039290 (0x33350513) addi a0, a0, 819
x10 <- 0x0000033333333333
mem[X,0x0000000080039294] -> 0x1513
mem[X,0x0000000080039296] -> 0x00B5
[7444] [M]: 0x0000000080039294 (0x00B51513) slli a0, a0, 11
x10 <- 0x0019999999999800
mem[X,0x0000000080039298] -> 0x0513
mem[X,0x000000008003929A] -> 0x1995
[7445] [M]: 0x0000000080039298 (0x19950513) addi a0, a0, 409
x10 <- 0x0019999999999999
mem[X,0x000000008003929C] -> 0x1513
mem[X,0x000000008003929E] -> 0x00A5
[7446] [M]: 0x000000008003929C (0x00A51513) slli a0, a0, 10
x10 <- 0x6666666666666400
mem[X,0x00000000800392A0] -> 0x0513
mem[X,0x00000000800392A2] -> 0x2655
[7447] [M]: 0x00000000800392A0 (0x26550513) addi a0, a0, 613
x10 <- 0x6666666666666665
mem[X,0x00000000800392A4] -> 0xB5B7
mem[X,0x00000000800392A6] -> 0xAAAA
[7448] [M]: 0x00000000800392A4 (0xAAAAB5B7) lui a1, 699051
x11 <- 0xFFFFFFFFAAAAB000
mem[X,0x00000000800392A8] -> 0x8593
mem[X,0x00000000800392AA] -> 0xAAA5
[7449] [M]: 0x00000000800392A8 (0xAAA58593) addi a1, a1, 2730
x11 <- 0xFFFFFFFFAAAAAAAA
mem[X,0x00000000800392AC] -> 0x9593
mem[X,0x00000000800392AE] -> 0x00B5
[7450] [M]: 0x00000000800392AC (0x00B59593) slli a1, a1, 11
x11 <- 0xFFFFFD5555555000
mem[X,0x00000000800392B0] -> 0x8593
mem[X,0x00000000800392B2] -> 0x5555
[7451] [M]: 0x00000000800392B0 (0x55558593) addi a1, a1, 1365
x11 <- 0xFFFFFD5555555555
mem[X,0x00000000800392B4] -> 0x9593
mem[X,0x00000000800392B6] -> 0x00B5
[7452] [M]: 0x00000000800392B4 (0x00B59593) slli a1, a1, 11
x11 <- 0xFFEAAAAAAAAAA800
mem[X,0x00000000800392B8] -> 0x8593
mem[X,0x00000000800392BA] -> 0x2AA5
[7453] [M]: 0x00000000800392B8 (0x2AA58593) addi a1, a1, 682
x11 <- 0xFFEAAAAAAAAAAAAA
mem[X,0x00000000800392BC] -> 0x9593
mem[X,0x00000000800392BE] -> 0x00A5
[7454] [M]: 0x00000000800392BC (0x00A59593) slli a1, a1, 10
x11 <- 0xAAAAAAAAAAAAA800
mem[X,0x00000000800392C0] -> 0x8593
mem[X,0x00000000800392C2] -> 0x2AB5
[7455] [M]: 0x00000000800392C0 (0x2AB58593) addi a1, a1, 683
x11 <- 0xAAAAAAAAAAAAAAAB
mem[X,0x00000000800392C4] -> 0x0113
mem[X,0x00000000800392C6] -> 0x0000
[7456] [M]: 0x00000000800392C4 (0x00000113) addi sp, zero, 0
x2 <- 0x0000000000000000
mem[X,0x00000000800392C8] -> 0x006F
mem[X,0x00000000800392CA] -> 0x00C0
[7457] [M]: 0x00000000800392C8 (0x00C0006F) jal zero, 12
mem[X,0x00000000800392D4] -> 0x4CE3
mem[X,0x00000000800392D6] -> 0xFEB5
[7458] [M]: 0x00000000800392D4 (0xFEB54CE3) blt a0, a1, 8184
mem[X,0x00000000800392D8] -> 0x0113
mem[X,0x00000000800392DA] -> 0x0021
[7459] [M]: 0x00000000800392D8 (0x00210113) addi sp, sp, 2
x2 <- 0x0000000000000002
mem[X,0x00000000800392DC] -> 0x006F
mem[X,0x00000000800392DE] -> 0x00C0
[7460] [M]: 0x00000000800392DC (0x00C0006F) jal zero, 12
mem[X,0x00000000800392E8] -> 0xB023
mem[X,0x00000000800392EA] -> 0x6220
[7461] [M]: 0x00000000800392E8 (0x6220B023) sd sp, 1568(ra)
mem[0x000000008004FFF8] <- 0x0000000000000002
mem[X,0x00000000800392EC] -> 0x6537
mem[X,0x00000000800392EE] -> 0x6666
[7462] [M]: 0x00000000800392EC (0x66666537) lui a0, 419430
x10 <- 0x0000000066666000
mem[X,0x00000000800392F0] -> 0x0513
mem[X,0x00000000800392F2] -> 0x6665
[7463] [M]: 0x00000000800392F0 (0x66650513) addi a0, a0, 1638
x10 <- 0x0000000066666666
mem[X,0x00000000800392F4] -> 0x1513
mem[X,0x00000000800392F6] -> 0x00B5
[7464] [M]: 0x00000000800392F4 (0x00B51513) slli a0, a0, 11
x10 <- 0x0000033333333000
mem[X,0x00000000800392F8] -> 0x0513
mem[X,0x00000000800392FA] -> 0x3335
[7465] [M]: 0x00000000800392F8 (0x33350513) addi a0, a0, 819
x10 <- 0x0000033333333333
mem[X,0x00000000800392FC] -> 0x1513
mem[X,0x00000000800392FE] -> 0x00B5
[7466] [M]: 0x00000000800392FC (0x00B51513) slli a0, a0, 11
x10 <- 0x0019999999999800
mem[X,0x0000000080039300] -> 0x0513
mem[X,0x0000000080039302] -> 0x1995
[7467] [M]: 0x0000000080039300 (0x19950513) addi a0, a0, 409
x10 <- 0x0019999999999999
mem[X,0x0000000080039304] -> 0x1513
mem[X,0x0000000080039306] -> 0x00A5
[7468] [M]: 0x0000000080039304 (0x00A51513) slli a0, a0, 10
x10 <- 0x6666666666666400
mem[X,0x0000000080039308] -> 0x0513
mem[X,0x000000008003930A] -> 0x2655
[7469] [M]: 0x0000000080039308 (0x26550513) addi a0, a0, 613
x10 <- 0x6666666666666665
mem[X,0x000000008003930C] -> 0x0593
mem[X,0x000000008003930E] -> 0x0060
[7470] [M]: 0x000000008003930C (0x00600593) addi a1, zero, 6
x11 <- 0x0000000000000006
mem[X,0x0000000080039310] -> 0x0113
mem[X,0x0000000080039312] -> 0x0000
[7471] [M]: 0x0000000080039310 (0x00000113) addi sp, zero, 0
x2 <- 0x0000000000000000
mem[X,0x0000000080039314] -> 0x006F
mem[X,0x0000000080039316] -> 0x00C0
[7472] [M]: 0x0000000080039314 (0x00C0006F) jal zero, 12
mem[X,0x0000000080039320] -> 0x4863
mem[X,0x0000000080039322] -> 0x00B5
[7473] [M]: 0x0000000080039320 (0x00B54863) blt a0, a1, 16
mem[X,0x0000000080039324] -> 0x0113
mem[X,0x0000000080039326] -> 0x0021
[7474] [M]: 0x0000000080039324 (0x00210113) addi sp, sp, 2
x2 <- 0x0000000000000002
mem[X,0x0000000080039328] -> 0x006F
mem[X,0x000000008003932A] -> 0x0100
[7475] [M]: 0x0000000080039328 (0x0100006F) jal zero, 16
mem[X,0x0000000080039338] -> 0xB423
mem[X,0x000000008003933A] -> 0x6220
[7476] [M]: 0x0000000080039338 (0x6220B423) sd sp, 1576(ra)
mem[0x0000000080050000] <- 0x0000000000000002
mem[X,0x000000008003933C] -> 0x6537
mem[X,0x000000008003933E] -> 0x6666
[7477] [M]: 0x000000008003933C (0x66666537) lui a0, 419430
x10 <- 0x0000000066666000
mem[X,0x0000000080039340] -> 0x0513
mem[X,0x0000000080039342] -> 0x6665
[7478] [M]: 0x0000000080039340 (0x66650513) addi a0, a0, 1638
x10 <- 0x0000000066666666
mem[X,0x0000000080039344] -> 0x1513
mem[X,0x0000000080039346] -> 0x00B5
[7479] [M]: 0x0000000080039344 (0x00B51513) slli a0, a0, 11
x10 <- 0x0000033333333000
mem[X,0x0000000080039348] -> 0x0513
mem[X,0x000000008003934A] -> 0x3335
[7480] [M]: 0x0000000080039348 (0x33350513) addi a0, a0, 819
x10 <- 0x0000033333333333
mem[X,0x000000008003934C] -> 0x1513
mem[X,0x000000008003934E] -> 0x00B5
[7481] [M]: 0x000000008003934C (0x00B51513) slli a0, a0, 11
x10 <- 0x0019999999999800
mem[X,0x0000000080039350] -> 0x0513
mem[X,0x0000000080039352] -> 0x1995
[7482] [M]: 0x0000000080039350 (0x19950513) addi a0, a0, 409
x10 <- 0x0019999999999999
mem[X,0x0000000080039354] -> 0x1513
mem[X,0x0000000080039356] -> 0x00A5
[7483] [M]: 0x0000000080039354 (0x00A51513) slli a0, a0, 10
x10 <- 0x6666666666666400
mem[X,0x0000000080039358] -> 0x0513
mem[X,0x000000008003935A] -> 0x2655
[7484] [M]: 0x0000000080039358 (0x26550513) addi a0, a0, 613
x10 <- 0x6666666666666665
mem[X,0x000000008003935C] -> 0x35B7
mem[X,0x000000008003935E] -> 0x3333
[7485] [M]: 0x000000008003935C (0x333335B7) lui a1, 209715
x11 <- 0x0000000033333000
mem[X,0x0000000080039360] -> 0x8593
mem[X,0x0000000080039362] -> 0x3335
[7486] [M]: 0x0000000080039360 (0x33358593) addi a1, a1, 819
x11 <- 0x0000000033333333
mem[X,0x0000000080039364] -> 0x9593
mem[X,0x0000000080039366] -> 0x00B5
[7487] [M]: 0x0000000080039364 (0x00B59593) slli a1, a1, 11
x11 <- 0x0000019999999800
mem[X,0x0000000080039368] -> 0x8593
mem[X,0x000000008003936A] -> 0x1995
[7488] [M]: 0x0000000080039368 (0x19958593) addi a1, a1, 409
x11 <- 0x0000019999999999
mem[X,0x000000008003936C] -> 0x9593
mem[X,0x000000008003936E] -> 0x00B5
[7489] [M]: 0x000000008003936C (0x00B59593) slli a1, a1, 11
x11 <- 0x000CCCCCCCCCC800
mem[X,0x0000000080039370] -> 0x8593
mem[X,0x0000000080039372] -> 0x4CC5
[7490] [M]: 0x0000000080039370 (0x4CC58593) addi a1, a1, 1228
x11 <- 0x000CCCCCCCCCCCCC
mem[X,0x0000000080039374] -> 0x9593
mem[X,0x0000000080039376] -> 0x00A5
[7491] [M]: 0x0000000080039374 (0x00A59593) slli a1, a1, 10
x11 <- 0x3333333333333000
mem[X,0x0000000080039378] -> 0x8593
mem[X,0x000000008003937A] -> 0x3345
[7492] [M]: 0x0000000080039378 (0x33458593) addi a1, a1, 820
x11 <- 0x3333333333333334
mem[X,0x000000008003937C] -> 0x0113
mem[X,0x000000008003937E] -> 0x0000
[7493] [M]: 0x000000008003937C (0x00000113) addi sp, zero, 0
x2 <- 0x0000000000000000
mem[X,0x0000000080039380] -> 0x006F
mem[X,0x0000000080039382] -> 0x00C0
[7494] [M]: 0x0000000080039380 (0x00C0006F) jal zero, 12
mem[X,0x000000008003938C] -> 0x4063
mem[X,0x000000008003938E] -> 0x02B5
[7495] [M]: 0x000000008003938C (0x02B54063) blt a0, a1, 32
mem[X,0x0000000080039390] -> 0x0113
mem[X,0x0000000080039392] -> 0x0021
[7496] [M]: 0x0000000080039390 (0x00210113) addi sp, sp, 2
x2 <- 0x0000000000000002
mem[X,0x0000000080039394] -> 0x006F
mem[X,0x0000000080039396] -> 0x0200
[7497] [M]: 0x0000000080039394 (0x0200006F) jal zero, 32
mem[X,0x00000000800393B4] -> 0xB823
mem[X,0x00000000800393B6] -> 0x6220
[7498] [M]: 0x00000000800393B4 (0x6220B823) sd sp, 1584(ra)
mem[0x0000000080050008] <- 0x0000000000000002
mem[X,0x00000000800393B8] -> 0x6537
mem[X,0x00000000800393BA] -> 0x6666
[7499] [M]: 0x00000000800393B8 (0x66666537) lui a0, 419430
x10 <- 0x0000000066666000
clint::tick mtime <- 0x000000000000004B
 clint timer pending at mtime 0x000000000000004B
htif::tick 0x0000000000000000
mem[X,0x00000000800393BC] -> 0x0513
mem[X,0x00000000800393BE] -> 0x6665
[7500] [M]: 0x00000000800393BC (0x66650513) addi a0, a0, 1638
x10 <- 0x0000000066666666
mem[X,0x00000000800393C0] -> 0x1513
mem[X,0x00000000800393C2] -> 0x00B5
[7501] [M]: 0x00000000800393C0 (0x00B51513) slli a0, a0, 11
x10 <- 0x0000033333333000
mem[X,0x00000000800393C4] -> 0x0513
mem[X,0x00000000800393C6] -> 0x3335
[7502] [M]: 0x00000000800393C4 (0x33350513) addi a0, a0, 819
x10 <- 0x0000033333333333
mem[X,0x00000000800393C8] -> 0x1513
mem[X,0x00000000800393CA] -> 0x00B5
[7503] [M]: 0x00000000800393C8 (0x00B51513) slli a0, a0, 11
x10 <- 0x0019999999999800
mem[X,0x00000000800393CC] -> 0x0513
mem[X,0x00000000800393CE] -> 0x1995
[7504] [M]: 0x00000000800393CC (0x19950513) addi a0, a0, 409
x10 <- 0x0019999999999999
mem[X,0x00000000800393D0] -> 0x1513
mem[X,0x00000000800393D2] -> 0x00A5
[7505] [M]: 0x00000000800393D0 (0x00A51513) slli a0, a0, 10
x10 <- 0x6666666666666400
mem[X,0x00000000800393D4] -> 0x0513
mem[X,0x00000000800393D6] -> 0x2655
[7506] [M]: 0x00000000800393D4 (0x26550513) addi a0, a0, 613
x10 <- 0x6666666666666665
mem[X,0x00000000800393D8] -> 0x65B7
mem[X,0x00000000800393DA] -> 0x6666
[7507] [M]: 0x00000000800393D8 (0x666665B7) lui a1, 419430
x11 <- 0x0000000066666000
mem[X,0x00000000800393DC] -> 0x8593
mem[X,0x00000000800393DE] -> 0x6665
[7508] [M]: 0x00000000800393DC (0x66658593) addi a1, a1, 1638
x11 <- 0x0000000066666666
mem[X,0x00000000800393E0] -> 0x9593
mem[X,0x00000000800393E2] -> 0x00B5
[7509] [M]: 0x00000000800393E0 (0x00B59593) slli a1, a1, 11
x11 <- 0x0000033333333000
mem[X,0x00000000800393E4] -> 0x8593
mem[X,0x00000000800393E6] -> 0x3335
[7510] [M]: 0x00000000800393E4 (0x33358593) addi a1, a1, 819
x11 <- 0x0000033333333333
mem[X,0x00000000800393E8] -> 0x9593
mem[X,0x00000000800393EA] -> 0x00B5
[7511] [M]: 0x00000000800393E8 (0x00B59593) slli a1, a1, 11
x11 <- 0x0019999999999800
mem[X,0x00000000800393EC] -> 0x8593
mem[X,0x00000000800393EE] -> 0x1995
[7512] [M]: 0x00000000800393EC (0x19958593) addi a1, a1, 409
x11 <- 0x0019999999999999
mem[X,0x00000000800393F0] -> 0x9593
mem[X,0x00000000800393F2] -> 0x00A5
[7513] [M]: 0x00000000800393F0 (0x00A59593) slli a1, a1, 10
x11 <- 0x6666666666666400
mem[X,0x00000000800393F4] -> 0x8593
mem[X,0x00000000800393F6] -> 0x2675
[7514] [M]: 0x00000000800393F4 (0x26758593) addi a1, a1, 615
x11 <- 0x6666666666666667
mem[X,0x00000000800393F8] -> 0x0113
mem[X,0x00000000800393FA] -> 0x0000
[7515] [M]: 0x00000000800393F8 (0x00000113) addi sp, zero, 0
x2 <- 0x0000000000000000
mem[X,0x00000000800393FC] -> 0x006F
mem[X,0x00000000800393FE] -> 0x0100
[7516] [M]: 0x00000000800393FC (0x0100006F) jal zero, 16
mem[X,0x000000008003940C] -> 0x4AE3
mem[X,0x000000008003940E] -> 0xFEB5
[7517] [M]: 0x000000008003940C (0xFEB54AE3) blt a0, a1, 8180
mem[X,0x0000000080039400] -> 0x0113
mem[X,0x0000000080039402] -> 0x0011
[7518] [M]: 0x0000000080039400 (0x00110113) addi sp, sp, 1
x2 <- 0x0000000000000001
mem[X,0x0000000080039404] -> 0x006F
mem[X,0x0000000080039406] -> 0x01C0
[7519] [M]: 0x0000000080039404 (0x01C0006F) jal zero, 28
mem[X,0x0000000080039420] -> 0xBC23
mem[X,0x0000000080039422] -> 0x6220
[7520] [M]: 0x0000000080039420 (0x6220BC23) sd sp, 1592(ra)
mem[0x0000000080050010] <- 0x0000000000000001
mem[X,0x0000000080039424] -> 0x6537
mem[X,0x0000000080039426] -> 0x6666
[7521] [M]: 0x0000000080039424 (0x66666537) lui a0, 419430
x10 <- 0x0000000066666000
mem[X,0x0000000080039428] -> 0x0513
mem[X,0x000000008003942A] -> 0x6665
[7522] [M]: 0x0000000080039428 (0x66650513) addi a0, a0, 1638
x10 <- 0x0000000066666666
mem[X,0x000000008003942C] -> 0x1513
mem[X,0x000000008003942E] -> 0x00B5
[7523] [M]: 0x000000008003942C (0x00B51513) slli a0, a0, 11
x10 <- 0x0000033333333000
mem[X,0x0000000080039430] -> 0x0513
mem[X,0x0000000080039432] -> 0x3335
[7524] [M]: 0x0000000080039430 (0x33350513) addi a0, a0, 819
x10 <- 0x0000033333333333
mem[X,0x0000000080039434] -> 0x1513
mem[X,0x0000000080039436] -> 0x00B5
[7525] [M]: 0x0000000080039434 (0x00B51513) slli a0, a0, 11
x10 <- 0x0019999999999800
mem[X,0x0000000080039438] -> 0x0513
mem[X,0x000000008003943A] -> 0x1995
[7526] [M]: 0x0000000080039438 (0x19950513) addi a0, a0, 409
x10 <- 0x0019999999999999
mem[X,0x000000008003943C] -> 0x1513
mem[X,0x000000008003943E] -> 0x00A5
[7527] [M]: 0x000000008003943C (0x00A51513) slli a0, a0, 10
x10 <- 0x6666666666666400
mem[X,0x0000000080039440] -> 0x0513
mem[X,0x0000000080039442] -> 0x2655
[7528] [M]: 0x0000000080039440 (0x26550513) addi a0, a0, 613
x10 <- 0x6666666666666665
mem[X,0x0000000080039444] -> 0x05B7
mem[X,0x0000000080039446] -> 0x0000
[7529] [M]: 0x0000000080039444 (0x000005B7) lui a1, 0
x11 <- 0x0000000000000000
mem[X,0x0000000080039448] -> 0x8593
mem[X,0x000000008003944A] -> 0xFFF5
[7530] [M]: 0x0000000080039448 (0xFFF58593) addi a1, a1, 4095
x11 <- 0xFFFFFFFFFFFFFFFF
mem[X,0x000000008003944C] -> 0x9593
mem[X,0x000000008003944E] -> 0x00B5
[7531] [M]: 0x000000008003944C (0x00B59593) slli a1, a1, 11
x11 <- 0xFFFFFFFFFFFFF800
mem[X,0x0000000080039450] -> 0x8593
mem[X,0x0000000080039452] -> 0x2575
[7532] [M]: 0x0000000080039450 (0x25758593) addi a1, a1, 599
x11 <- 0xFFFFFFFFFFFFFA57
mem[X,0x0000000080039454] -> 0x9593
mem[X,0x0000000080039456] -> 0x00B5
[7533] [M]: 0x0000000080039454 (0x00B59593) slli a1, a1, 11
x11 <- 0xFFFFFFFFFFD2B800
mem[X,0x0000000080039458] -> 0x8593
mem[X,0x000000008003945A] -> 0x6C35
[7534] [M]: 0x0000000080039458 (0x6C358593) addi a1, a1, 1731
x11 <- 0xFFFFFFFFFFD2BEC3
mem[X,0x000000008003945C] -> 0x9593
mem[X,0x000000008003945E] -> 0x00A5
[7535] [M]: 0x000000008003945C (0x00A59593) slli a1, a1, 10
x11 <- 0xFFFFFFFF4AFB0C00
mem[X,0x0000000080039460] -> 0x8593
mem[X,0x0000000080039462] -> 0x0CE5
[7536] [M]: 0x0000000080039460 (0x0CE58593) addi a1, a1, 206
x11 <- 0xFFFFFFFF4AFB0CCE
mem[X,0x0000000080039464] -> 0x0113
mem[X,0x0000000080039466] -> 0x0000
[7537] [M]: 0x0000000080039464 (0x00000113) addi sp, zero, 0
x2 <- 0x0000000000000000
mem[X,0x0000000080039468] -> 0x006F
mem[X,0x000000008003946A] -> 0x00C0
[7538] [M]: 0x0000000080039468 (0x00C0006F) jal zero, 12
mem[X,0x0000000080039474] -> 0x4CE3
mem[X,0x0000000080039476] -> 0xFEB5
[7539] [M]: 0x0000000080039474 (0xFEB54CE3) blt a0, a1, 8184
mem[X,0x0000000080039478] -> 0x0113
mem[X,0x000000008003947A] -> 0x0021
[7540] [M]: 0x0000000080039478 (0x00210113) addi sp, sp, 2
x2 <- 0x0000000000000002
mem[X,0x000000008003947C] -> 0x006F
mem[X,0x000000008003947E] -> 0x00C0
[7541] [M]: 0x000000008003947C (0x00C0006F) jal zero, 12
mem[X,0x0000000080039488] -> 0xB023
mem[X,0x000000008003948A] -> 0x6420
[7542] [M]: 0x0000000080039488 (0x6420B023) sd sp, 1600(ra)
mem[0x0000000080050018] <- 0x0000000000000002
mem[X,0x000000008003948C] -> 0x6537
mem[X,0x000000008003948E] -> 0x6666
[7543] [M]: 0x000000008003948C (0x66666537) lui a0, 419430
x10 <- 0x0000000066666000
mem[X,0x0000000080039490] -> 0x0513
mem[X,0x0000000080039492] -> 0x6665
[7544] [M]: 0x0000000080039490 (0x66650513) addi a0, a0, 1638
x10 <- 0x0000000066666666
mem[X,0x0000000080039494] -> 0x1513
mem[X,0x0000000080039496] -> 0x00B5
[7545] [M]: 0x0000000080039494 (0x00B51513) slli a0, a0, 11
x10 <- 0x0000033333333000
mem[X,0x0000000080039498] -> 0x0513
mem[X,0x000000008003949A] -> 0x3335
[7546] [M]: 0x0000000080039498 (0x33350513) addi a0, a0, 819
x10 <- 0x0000033333333333
mem[X,0x000000008003949C] -> 0x1513
mem[X,0x000000008003949E] -> 0x00B5
[7547] [M]: 0x000000008003949C (0x00B51513) slli a0, a0, 11
x10 <- 0x0019999999999800
mem[X,0x00000000800394A0] -> 0x0513
mem[X,0x00000000800394A2] -> 0x1995
[7548] [M]: 0x00000000800394A0 (0x19950513) addi a0, a0, 409
x10 <- 0x0019999999999999
mem[X,0x00000000800394A4] -> 0x1513
mem[X,0x00000000800394A6] -> 0x00A5
[7549] [M]: 0x00000000800394A4 (0x00A51513) slli a0, a0, 10
x10 <- 0x6666666666666400
mem[X,0x00000000800394A8] -> 0x0513
mem[X,0x00000000800394AA] -> 0x2655
[7550] [M]: 0x00000000800394A8 (0x26550513) addi a0, a0, 613
x10 <- 0x6666666666666665
mem[X,0x00000000800394AC] -> 0x05B7
mem[X,0x00000000800394AE] -> 0x0000
[7551] [M]: 0x00000000800394AC (0x000005B7) lui a1, 0
x11 <- 0x0000000000000000
mem[X,0x00000000800394B0] -> 0x8593
mem[X,0x00000000800394B2] -> 0x0005
[7552] [M]: 0x00000000800394B0 (0x00058593) addi a1, a1, 0
x11 <- 0x0000000000000000
mem[X,0x00000000800394B4] -> 0x9593
mem[X,0x00000000800394B6] -> 0x00B5
[7553] [M]: 0x00000000800394B4 (0x00B59593) slli a1, a1, 11
x11 <- 0x0000000000000000
mem[X,0x00000000800394B8] -> 0x8593
mem[X,0x00000000800394BA] -> 0x5A85
[7554] [M]: 0x00000000800394B8 (0x5A858593) addi a1, a1, 1448
x11 <- 0x00000000000005A8
mem[X,0x00000000800394BC] -> 0x9593
mem[X,0x00000000800394BE] -> 0x00B5
[7555] [M]: 0x00000000800394BC (0x00B59593) slli a1, a1, 11
x11 <- 0x00000000002D4000
mem[X,0x00000000800394C0] -> 0x8593
mem[X,0x00000000800394C2] -> 0x13C5
[7556] [M]: 0x00000000800394C0 (0x13C58593) addi a1, a1, 316
x11 <- 0x00000000002D413C
mem[X,0x00000000800394C4] -> 0x9593
mem[X,0x00000000800394C6] -> 0x00A5
[7557] [M]: 0x00000000800394C4 (0x00A59593) slli a1, a1, 10
x11 <- 0x00000000B504F000
mem[X,0x00000000800394C8] -> 0x8593
mem[X,0x00000000800394CA] -> 0x3345
[7558] [M]: 0x00000000800394C8 (0x33458593) addi a1, a1, 820
x11 <- 0x00000000B504F334
mem[X,0x00000000800394CC] -> 0x0113
mem[X,0x00000000800394CE] -> 0x0000
[7559] [M]: 0x00000000800394CC (0x00000113) addi sp, zero, 0
x2 <- 0x0000000000000000
mem[X,0x00000000800394D0] -> 0x006F
mem[X,0x00000000800394D2] -> 0x0140
[7560] [M]: 0x00000000800394D0 (0x0140006F) jal zero, 20
mem[X,0x00000000800394E4] -> 0x48E3
mem[X,0x00000000800394E6] -> 0xFEB5
[7561] [M]: 0x00000000800394E4 (0xFEB548E3) blt a0, a1, 8176
mem[X,0x00000000800394E8] -> 0x0113
mem[X,0x00000000800394EA] -> 0x0021
[7562] [M]: 0x00000000800394E8 (0x00210113) addi sp, sp, 2
x2 <- 0x0000000000000002
mem[X,0x00000000800394EC] -> 0x006F
mem[X,0x00000000800394EE] -> 0x00C0
[7563] [M]: 0x00000000800394EC (0x00C0006F) jal zero, 12
mem[X,0x00000000800394F8] -> 0xB423
mem[X,0x00000000800394FA] -> 0x6420
[7564] [M]: 0x00000000800394F8 (0x6420B423) sd sp, 1608(ra)
mem[0x0000000080050020] <- 0x0000000000000002
mem[X,0x00000000800394FC] -> 0x0537
mem[X,0x00000000800394FE] -> 0x0000
[7565] [M]: 0x00000000800394FC (0x00000537) lui a0, 0
x10 <- 0x0000000000000000
mem[X,0x0000000080039500] -> 0x0513
mem[X,0x0000000080039502] -> 0x0005
[7566] [M]: 0x0000000080039500 (0x00050513) addi a0, a0, 0
x10 <- 0x0000000000000000
mem[X,0x0000000080039504] -> 0x1513
mem[X,0x0000000080039506] -> 0x00B5
[7567] [M]: 0x0000000080039504 (0x00B51513) slli a0, a0, 11
x10 <- 0x0000000000000000
mem[X,0x0000000080039508] -> 0x0513
mem[X,0x000000008003950A] -> 0x5A85
[7568] [M]: 0x0000000080039508 (0x5A850513) addi a0, a0, 1448
x10 <- 0x00000000000005A8
mem[X,0x000000008003950C] -> 0x1513
mem[X,0x000000008003950E] -> 0x00B5
[7569] [M]: 0x000000008003950C (0x00B51513) slli a0, a0, 11
x10 <- 0x00000000002D4000
mem[X,0x0000000080039510] -> 0x0513
mem[X,0x0000000080039512] -> 0x13C5
[7570] [M]: 0x0000000080039510 (0x13C50513) addi a0, a0, 316
x10 <- 0x00000000002D413C
mem[X,0x0000000080039514] -> 0x1513
mem[X,0x0000000080039516] -> 0x00A5
[7571] [M]: 0x0000000080039514 (0x00A51513) slli a0, a0, 10
x10 <- 0x00000000B504F000
mem[X,0x0000000080039518] -> 0x0513
mem[X,0x000000008003951A] -> 0x3325
[7572] [M]: 0x0000000080039518 (0x33250513) addi a0, a0, 818
x10 <- 0x00000000B504F332
mem[X,0x000000008003951C] -> 0x0593
mem[X,0x000000008003951E] -> 0x0030
[7573] [M]: 0x000000008003951C (0x00300593) addi a1, zero, 3
x11 <- 0x0000000000000003
mem[X,0x0000000080039520] -> 0x0113
mem[X,0x0000000080039522] -> 0x0000
[7574] [M]: 0x0000000080039520 (0x00000113) addi sp, zero, 0
x2 <- 0x0000000000000000
mem[X,0x0000000080039524] -> 0x006F
mem[X,0x0000000080039526] -> 0x00C0
[7575] [M]: 0x0000000080039524 (0x00C0006F) jal zero, 12
mem[X,0x0000000080039530] -> 0x4063
mem[X,0x0000000080039532] -> 0x40B5
[7576] [M]: 0x0000000080039530 (0x40B54063) blt a0, a1, 1024
mem[X,0x0000000080039534] -> 0x0113
mem[X,0x0000000080039536] -> 0x0021
[7577] [M]: 0x0000000080039534 (0x00210113) addi sp, sp, 2
x2 <- 0x0000000000000002
mem[X,0x0000000080039538] -> 0x006F
mem[X,0x000000008003953A] -> 0x4000
[7578] [M]: 0x0000000080039538 (0x4000006F) jal zero, 1024
mem[X,0x0000000080039938] -> 0xB823
mem[X,0x000000008003993A] -> 0x6420
[7579] [M]: 0x0000000080039938 (0x6420B823) sd sp, 1616(ra)
mem[0x0000000080050028] <- 0x0000000000000002
mem[X,0x000000008003993C] -> 0x0537
mem[X,0x000000008003993E] -> 0x0000
[7580] [M]: 0x000000008003993C (0x00000537) lui a0, 0
x10 <- 0x0000000000000000
mem[X,0x0000000080039940] -> 0x0513
mem[X,0x0000000080039942] -> 0x0005
[7581] [M]: 0x0000000080039940 (0x00050513) addi a0, a0, 0
x10 <- 0x0000000000000000
mem[X,0x0000000080039944] -> 0x1513
mem[X,0x0000000080039946] -> 0x00B5
[7582] [M]: 0x0000000080039944 (0x00B51513) slli a0, a0, 11
x10 <- 0x0000000000000000
mem[X,0x0000000080039948] -> 0x0513
mem[X,0x000000008003994A] -> 0x5A85
[7583] [M]: 0x0000000080039948 (0x5A850513) addi a0, a0, 1448
x10 <- 0x00000000000005A8
mem[X,0x000000008003994C] -> 0x1513
mem[X,0x000000008003994E] -> 0x00B5
[7584] [M]: 0x000000008003994C (0x00B51513) slli a0, a0, 11
x10 <- 0x00000000002D4000
mem[X,0x0000000080039950] -> 0x0513
mem[X,0x0000000080039952] -> 0x13C5
[7585] [M]: 0x0000000080039950 (0x13C50513) addi a0, a0, 316
x10 <- 0x00000000002D413C
mem[X,0x0000000080039954] -> 0x1513
mem[X,0x0000000080039956] -> 0x00A5
[7586] [M]: 0x0000000080039954 (0x00A51513) slli a0, a0, 10
x10 <- 0x00000000B504F000
mem[X,0x0000000080039958] -> 0x0513
mem[X,0x000000008003995A] -> 0x3325
[7587] [M]: 0x0000000080039958 (0x33250513) addi a0, a0, 818
x10 <- 0x00000000B504F332
mem[X,0x000000008003995C] -> 0x55B7
mem[X,0x000000008003995E] -> 0x5555
[7588] [M]: 0x000000008003995C (0x555555B7) lui a1, 349525
x11 <- 0x0000000055555000
mem[X,0x0000000080039960] -> 0x8593
mem[X,0x0000000080039962] -> 0x5555
[7589] [M]: 0x0000000080039960 (0x55558593) addi a1, a1, 1365
x11 <- 0x0000000055555555
mem[X,0x0000000080039964] -> 0x9593
mem[X,0x0000000080039966] -> 0x00B5
[7590] [M]: 0x0000000080039964 (0x00B59593) slli a1, a1, 11
x11 <- 0x000002AAAAAAA800
mem[X,0x0000000080039968] -> 0x8593
mem[X,0x000000008003996A] -> 0x2AA5
[7591] [M]: 0x0000000080039968 (0x2AA58593) addi a1, a1, 682
x11 <- 0x000002AAAAAAAAAA
mem[X,0x000000008003996C] -> 0x9593
mem[X,0x000000008003996E] -> 0x00B5
[7592] [M]: 0x000000008003996C (0x00B59593) slli a1, a1, 11
x11 <- 0x0015555555555000
mem[X,0x0000000080039970] -> 0x8593
mem[X,0x0000000080039972] -> 0x5555
[7593] [M]: 0x0000000080039970 (0x55558593) addi a1, a1, 1365
x11 <- 0x0015555555555555
mem[X,0x0000000080039974] -> 0x9593
mem[X,0x0000000080039976] -> 0x00A5
[7594] [M]: 0x0000000080039974 (0x00A59593) slli a1, a1, 10
x11 <- 0x5555555555555400
mem[X,0x0000000080039978] -> 0x8593
mem[X,0x000000008003997A] -> 0x1555
[7595] [M]: 0x0000000080039978 (0x15558593) addi a1, a1, 341
x11 <- 0x5555555555555555
mem[X,0x000000008003997C] -> 0x0113
mem[X,0x000000008003997E] -> 0x0000
[7596] [M]: 0x000000008003997C (0x00000113) addi sp, zero, 0
x2 <- 0x0000000000000000
mem[X,0x0000000080039980] -> 0x006F
mem[X,0x0000000080039982] -> 0x00C0
[7597] [M]: 0x0000000080039980 (0x00C0006F) jal zero, 12
mem[X,0x000000008003998C] -> 0x4063
mem[X,0x000000008003998E] -> 0x02B5
[7598] [M]: 0x000000008003998C (0x02B54063) blt a0, a1, 32
mem[X,0x00000000800399AC] -> 0x0113
mem[X,0x00000000800399AE] -> 0x0031
[7599] [M]: 0x00000000800399AC (0x00310113) addi sp, sp, 3
x2 <- 0x0000000000000003
clint::tick mtime <- 0x000000000000004C
 clint timer pending at mtime 0x000000000000004C
htif::tick 0x0000000000000000
mem[X,0x00000000800399B0] -> 0x006F
mem[X,0x00000000800399B2] -> 0x0040
[7600] [M]: 0x00000000800399B0 (0x0040006F) jal zero, 4
mem[X,0x00000000800399B4] -> 0xBC23
mem[X,0x00000000800399B6] -> 0x6420
[7601] [M]: 0x00000000800399B4 (0x6420BC23) sd sp, 1624(ra)
mem[0x0000000080050030] <- 0x0000000000000003
mem[X,0x00000000800399B8] -> 0x0537
mem[X,0x00000000800399BA] -> 0x0000
[7602] [M]: 0x00000000800399B8 (0x00000537) lui a0, 0
x10 <- 0x0000000000000000
mem[X,0x00000000800399BC] -> 0x0513
mem[X,0x00000000800399BE] -> 0x0005
[7603] [M]: 0x00000000800399BC (0x00050513) addi a0, a0, 0
x10 <- 0x0000000000000000
mem[X,0x00000000800399C0] -> 0x1513
mem[X,0x00000000800399C2] -> 0x00B5
[7604] [M]: 0x00000000800399C0 (0x00B51513) slli a0, a0, 11
x10 <- 0x0000000000000000
mem[X,0x00000000800399C4] -> 0x0513
mem[X,0x00000000800399C6] -> 0x5A85
[7605] [M]: 0x00000000800399C4 (0x5A850513) addi a0, a0, 1448
x10 <- 0x00000000000005A8
mem[X,0x00000000800399C8] -> 0x1513
mem[X,0x00000000800399CA] -> 0x00B5
[7606] [M]: 0x00000000800399C8 (0x00B51513) slli a0, a0, 11
x10 <- 0x00000000002D4000
mem[X,0x00000000800399CC] -> 0x0513
mem[X,0x00000000800399CE] -> 0x13C5
[7607] [M]: 0x00000000800399CC (0x13C50513) addi a0, a0, 316
x10 <- 0x00000000002D413C
mem[X,0x00000000800399D0] -> 0x1513
mem[X,0x00000000800399D2] -> 0x00A5
[7608] [M]: 0x00000000800399D0 (0x00A51513) slli a0, a0, 10
x10 <- 0x00000000B504F000
mem[X,0x00000000800399D4] -> 0x0513
mem[X,0x00000000800399D6] -> 0x3325
[7609] [M]: 0x00000000800399D4 (0x33250513) addi a0, a0, 818
x10 <- 0x00000000B504F332
mem[X,0x00000000800399D8] -> 0xB5B7
mem[X,0x00000000800399DA] -> 0xAAAA
[7610] [M]: 0x00000000800399D8 (0xAAAAB5B7) lui a1, 699051
x11 <- 0xFFFFFFFFAAAAB000
mem[X,0x00000000800399DC] -> 0x8593
mem[X,0x00000000800399DE] -> 0xAAA5
[7611] [M]: 0x00000000800399DC (0xAAA58593) addi a1, a1, 2730
x11 <- 0xFFFFFFFFAAAAAAAA
mem[X,0x00000000800399E0] -> 0x9593
mem[X,0x00000000800399E2] -> 0x00B5
[7612] [M]: 0x00000000800399E0 (0x00B59593) slli a1, a1, 11
x11 <- 0xFFFFFD5555555000
mem[X,0x00000000800399E4] -> 0x8593
mem[X,0x00000000800399E6] -> 0x5555
[7613] [M]: 0x00000000800399E4 (0x55558593) addi a1, a1, 1365
x11 <- 0xFFFFFD5555555555
mem[X,0x00000000800399E8] -> 0x9593
mem[X,0x00000000800399EA] -> 0x00B5
[7614] [M]: 0x00000000800399E8 (0x00B59593) slli a1, a1, 11
x11 <- 0xFFEAAAAAAAAAA800
mem[X,0x00000000800399EC] -> 0x8593
mem[X,0x00000000800399EE] -> 0x2AA5
[7615] [M]: 0x00000000800399EC (0x2AA58593) addi a1, a1, 682
x11 <- 0xFFEAAAAAAAAAAAAA
mem[X,0x00000000800399F0] -> 0x9593
mem[X,0x00000000800399F2] -> 0x00A5
[7616] [M]: 0x00000000800399F0 (0x00A59593) slli a1, a1, 10
x11 <- 0xAAAAAAAAAAAAA800
mem[X,0x00000000800399F4] -> 0x8593
mem[X,0x00000000800399F6] -> 0x2AA5
[7617] [M]: 0x00000000800399F4 (0x2AA58593) addi a1, a1, 682
x11 <- 0xAAAAAAAAAAAAAAAA
mem[X,0x00000000800399F8] -> 0x0113
mem[X,0x00000000800399FA] -> 0x0000
[7618] [M]: 0x00000000800399F8 (0x00000113) addi sp, zero, 0
x2 <- 0x0000000000000000
mem[X,0x00000000800399FC] -> 0x006F
mem[X,0x00000000800399FE] -> 0x00C0
[7619] [M]: 0x00000000800399FC (0x00C0006F) jal zero, 12
mem[X,0x0000000080039A08] -> 0x4063
mem[X,0x0000000080039A0A] -> 0x04B5
[7620] [M]: 0x0000000080039A08 (0x04B54063) blt a0, a1, 64
mem[X,0x0000000080039A0C] -> 0x0113
mem[X,0x0000000080039A0E] -> 0x0021
[7621] [M]: 0x0000000080039A0C (0x00210113) addi sp, sp, 2
x2 <- 0x0000000000000002
mem[X,0x0000000080039A10] -> 0x006F
mem[X,0x0000000080039A12] -> 0x0400
[7622] [M]: 0x0000000080039A10 (0x0400006F) jal zero, 64
mem[X,0x0000000080039A50] -> 0xB023
mem[X,0x0000000080039A52] -> 0x6620
[7623] [M]: 0x0000000080039A50 (0x6620B023) sd sp, 1632(ra)
mem[0x0000000080050038] <- 0x0000000000000002
mem[X,0x0000000080039A54] -> 0x0537
mem[X,0x0000000080039A56] -> 0x0000
[7624] [M]: 0x0000000080039A54 (0x00000537) lui a0, 0
x10 <- 0x0000000000000000
mem[X,0x0000000080039A58] -> 0x0513
mem[X,0x0000000080039A5A] -> 0x0005
[7625] [M]: 0x0000000080039A58 (0x00050513) addi a0, a0, 0
x10 <- 0x0000000000000000
mem[X,0x0000000080039A5C] -> 0x1513
mem[X,0x0000000080039A5E] -> 0x00B5
[7626] [M]: 0x0000000080039A5C (0x00B51513) slli a0, a0, 11
x10 <- 0x0000000000000000
mem[X,0x0000000080039A60] -> 0x0513
mem[X,0x0000000080039A62] -> 0x5A85
[7627] [M]: 0x0000000080039A60 (0x5A850513) addi a0, a0, 1448
x10 <- 0x00000000000005A8
mem[X,0x0000000080039A64] -> 0x1513
mem[X,0x0000000080039A66] -> 0x00B5
[7628] [M]: 0x0000000080039A64 (0x00B51513) slli a0, a0, 11
x10 <- 0x00000000002D4000
mem[X,0x0000000080039A68] -> 0x0513
mem[X,0x0000000080039A6A] -> 0x13C5
[7629] [M]: 0x0000000080039A68 (0x13C50513) addi a0, a0, 316
x10 <- 0x00000000002D413C
mem[X,0x0000000080039A6C] -> 0x1513
mem[X,0x0000000080039A6E] -> 0x00A5
[7630] [M]: 0x0000000080039A6C (0x00A51513) slli a0, a0, 10
x10 <- 0x00000000B504F000
mem[X,0x0000000080039A70] -> 0x0513
mem[X,0x0000000080039A72] -> 0x3325
[7631] [M]: 0x0000000080039A70 (0x33250513) addi a0, a0, 818
x10 <- 0x00000000B504F332
mem[X,0x0000000080039A74] -> 0x0593
mem[X,0x0000000080039A76] -> 0x0050
[7632] [M]: 0x0000000080039A74 (0x00500593) addi a1, zero, 5
x11 <- 0x0000000000000005
mem[X,0x0000000080039A78] -> 0x0113
mem[X,0x0000000080039A7A] -> 0x0000
[7633] [M]: 0x0000000080039A78 (0x00000113) addi sp, zero, 0
x2 <- 0x0000000000000000
mem[X,0x0000000080039A7C] -> 0x006F
mem[X,0x0000000080039A7E] -> 0x0100
[7634] [M]: 0x0000000080039A7C (0x0100006F) jal zero, 16
mem[X,0x0000000080039A8C] -> 0x4AE3
mem[X,0x0000000080039A8E] -> 0xFEB5
[7635] [M]: 0x0000000080039A8C (0xFEB54AE3) blt a0, a1, 8180
mem[X,0x0000000080039A90] -> 0x0113
mem[X,0x0000000080039A92] -> 0x0021
[7636] [M]: 0x0000000080039A90 (0x00210113) addi sp, sp, 2
x2 <- 0x0000000000000002
mem[X,0x0000000080039A94] -> 0x006F
mem[X,0x0000000080039A96] -> 0x00C0
[7637] [M]: 0x0000000080039A94 (0x00C0006F) jal zero, 12
mem[X,0x0000000080039AA0] -> 0xB423
mem[X,0x0000000080039AA2] -> 0x6620
[7638] [M]: 0x0000000080039AA0 (0x6620B423) sd sp, 1640(ra)
mem[0x0000000080050040] <- 0x0000000000000002
mem[X,0x0000000080039AA4] -> 0x0537
mem[X,0x0000000080039AA6] -> 0x0000
[7639] [M]: 0x0000000080039AA4 (0x00000537) lui a0, 0
x10 <- 0x0000000000000000
mem[X,0x0000000080039AA8] -> 0x0513
mem[X,0x0000000080039AAA] -> 0x0005
[7640] [M]: 0x0000000080039AA8 (0x00050513) addi a0, a0, 0
x10 <- 0x0000000000000000
mem[X,0x0000000080039AAC] -> 0x1513
mem[X,0x0000000080039AAE] -> 0x00B5
[7641] [M]: 0x0000000080039AAC (0x00B51513) slli a0, a0, 11
x10 <- 0x0000000000000000
mem[X,0x0000000080039AB0] -> 0x0513
mem[X,0x0000000080039AB2] -> 0x5A85
[7642] [M]: 0x0000000080039AB0 (0x5A850513) addi a0, a0, 1448
x10 <- 0x00000000000005A8
mem[X,0x0000000080039AB4] -> 0x1513
mem[X,0x0000000080039AB6] -> 0x00B5
[7643] [M]: 0x0000000080039AB4 (0x00B51513) slli a0, a0, 11
x10 <- 0x00000000002D4000
mem[X,0x0000000080039AB8] -> 0x0513
mem[X,0x0000000080039ABA] -> 0x13C5
[7644] [M]: 0x0000000080039AB8 (0x13C50513) addi a0, a0, 316
x10 <- 0x00000000002D413C
mem[X,0x0000000080039ABC] -> 0x1513
mem[X,0x0000000080039ABE] -> 0x00A5
[7645] [M]: 0x0000000080039ABC (0x00A51513) slli a0, a0, 10
x10 <- 0x00000000B504F000
mem[X,0x0000000080039AC0] -> 0x0513
mem[X,0x0000000080039AC2] -> 0x3325
[7646] [M]: 0x0000000080039AC0 (0x33250513) addi a0, a0, 818
x10 <- 0x00000000B504F332
mem[X,0x0000000080039AC4] -> 0x35B7
mem[X,0x0000000080039AC6] -> 0x3333
[7647] [M]: 0x0000000080039AC4 (0x333335B7) lui a1, 209715
x11 <- 0x0000000033333000
mem[X,0x0000000080039AC8] -> 0x8593
mem[X,0x0000000080039ACA] -> 0x3335
[7648] [M]: 0x0000000080039AC8 (0x33358593) addi a1, a1, 819
x11 <- 0x0000000033333333
mem[X,0x0000000080039ACC] -> 0x9593
mem[X,0x0000000080039ACE] -> 0x00B5
[7649] [M]: 0x0000000080039ACC (0x00B59593) slli a1, a1, 11
x11 <- 0x0000019999999800
mem[X,0x0000000080039AD0] -> 0x8593
mem[X,0x0000000080039AD2] -> 0x1995
[7650] [M]: 0x0000000080039AD0 (0x19958593) addi a1, a1, 409
x11 <- 0x0000019999999999
mem[X,0x0000000080039AD4] -> 0x9593
mem[X,0x0000000080039AD6] -> 0x00B5
[7651] [M]: 0x0000000080039AD4 (0x00B59593) slli a1, a1, 11
x11 <- 0x000CCCCCCCCCC800
mem[X,0x0000000080039AD8] -> 0x8593
mem[X,0x0000000080039ADA] -> 0x4CC5
[7652] [M]: 0x0000000080039AD8 (0x4CC58593) addi a1, a1, 1228
x11 <- 0x000CCCCCCCCCCCCC
mem[X,0x0000000080039ADC] -> 0x9593
mem[X,0x0000000080039ADE] -> 0x00A5
[7653] [M]: 0x0000000080039ADC (0x00A59593) slli a1, a1, 10
x11 <- 0x3333333333333000
mem[X,0x0000000080039AE0] -> 0x8593
mem[X,0x0000000080039AE2] -> 0x3335
[7654] [M]: 0x0000000080039AE0 (0x33358593) addi a1, a1, 819
x11 <- 0x3333333333333333
mem[X,0x0000000080039AE4] -> 0x0113
mem[X,0x0000000080039AE6] -> 0x0000
[7655] [M]: 0x0000000080039AE4 (0x00000113) addi sp, zero, 0
x2 <- 0x0000000000000000
mem[X,0x0000000080039AE8] -> 0x006F
mem[X,0x0000000080039AEA] -> 0x00C0
[7656] [M]: 0x0000000080039AE8 (0x00C0006F) jal zero, 12
mem[X,0x0000000080039AF4] -> 0x4663
mem[X,0x0000000080039AF6] -> 0x00B5
[7657] [M]: 0x0000000080039AF4 (0x00B54663) blt a0, a1, 12
mem[X,0x0000000080039B00] -> 0x0113
mem[X,0x0000000080039B02] -> 0x0031
[7658] [M]: 0x0000000080039B00 (0x00310113) addi sp, sp, 3
x2 <- 0x0000000000000003
mem[X,0x0000000080039B04] -> 0x006F
mem[X,0x0000000080039B06] -> 0x0040
[7659] [M]: 0x0000000080039B04 (0x0040006F) jal zero, 4
mem[X,0x0000000080039B08] -> 0xB823
mem[X,0x0000000080039B0A] -> 0x6620
[7660] [M]: 0x0000000080039B08 (0x6620B823) sd sp, 1648(ra)
mem[0x0000000080050048] <- 0x0000000000000003
mem[X,0x0000000080039B0C] -> 0x0537
mem[X,0x0000000080039B0E] -> 0x0000
[7661] [M]: 0x0000000080039B0C (0x00000537) lui a0, 0
x10 <- 0x0000000000000000
mem[X,0x0000000080039B10] -> 0x0513
mem[X,0x0000000080039B12] -> 0x0005
[7662] [M]: 0x0000000080039B10 (0x00050513) addi a0, a0, 0
x10 <- 0x0000000000000000
mem[X,0x0000000080039B14] -> 0x1513
mem[X,0x0000000080039B16] -> 0x00B5
[7663] [M]: 0x0000000080039B14 (0x00B51513) slli a0, a0, 11
x10 <- 0x0000000000000000
mem[X,0x0000000080039B18] -> 0x0513
mem[X,0x0000000080039B1A] -> 0x5A85
[7664] [M]: 0x0000000080039B18 (0x5A850513) addi a0, a0, 1448
x10 <- 0x00000000000005A8
mem[X,0x0000000080039B1C] -> 0x1513
mem[X,0x0000000080039B1E] -> 0x00B5
[7665] [M]: 0x0000000080039B1C (0x00B51513) slli a0, a0, 11
x10 <- 0x00000000002D4000
mem[X,0x0000000080039B20] -> 0x0513
mem[X,0x0000000080039B22] -> 0x13C5
[7666] [M]: 0x0000000080039B20 (0x13C50513) addi a0, a0, 316
x10 <- 0x00000000002D413C
mem[X,0x0000000080039B24] -> 0x1513
mem[X,0x0000000080039B26] -> 0x00A5
[7667] [M]: 0x0000000080039B24 (0x00A51513) slli a0, a0, 10
x10 <- 0x00000000B504F000
mem[X,0x0000000080039B28] -> 0x0513
mem[X,0x0000000080039B2A] -> 0x3325
[7668] [M]: 0x0000000080039B28 (0x33250513) addi a0, a0, 818
x10 <- 0x00000000B504F332
mem[X,0x0000000080039B2C] -> 0x65B7
mem[X,0x0000000080039B2E] -> 0x6666
[7669] [M]: 0x0000000080039B2C (0x666665B7) lui a1, 419430
x11 <- 0x0000000066666000
mem[X,0x0000000080039B30] -> 0x8593
mem[X,0x0000000080039B32] -> 0x6665
[7670] [M]: 0x0000000080039B30 (0x66658593) addi a1, a1, 1638
x11 <- 0x0000000066666666
mem[X,0x0000000080039B34] -> 0x9593
mem[X,0x0000000080039B36] -> 0x00B5
[7671] [M]: 0x0000000080039B34 (0x00B59593) slli a1, a1, 11
x11 <- 0x0000033333333000
mem[X,0x0000000080039B38] -> 0x8593
mem[X,0x0000000080039B3A] -> 0x3335
[7672] [M]: 0x0000000080039B38 (0x33358593) addi a1, a1, 819
x11 <- 0x0000033333333333
mem[X,0x0000000080039B3C] -> 0x9593
mem[X,0x0000000080039B3E] -> 0x00B5
[7673] [M]: 0x0000000080039B3C (0x00B59593) slli a1, a1, 11
x11 <- 0x0019999999999800
mem[X,0x0000000080039B40] -> 0x8593
mem[X,0x0000000080039B42] -> 0x1995
[7674] [M]: 0x0000000080039B40 (0x19958593) addi a1, a1, 409
x11 <- 0x0019999999999999
mem[X,0x0000000080039B44] -> 0x9593
mem[X,0x0000000080039B46] -> 0x00A5
[7675] [M]: 0x0000000080039B44 (0x00A59593) slli a1, a1, 10
x11 <- 0x6666666666666400
mem[X,0x0000000080039B48] -> 0x8593
mem[X,0x0000000080039B4A] -> 0x2665
[7676] [M]: 0x0000000080039B48 (0x26658593) addi a1, a1, 614
x11 <- 0x6666666666666666
mem[X,0x0000000080039B4C] -> 0x0113
mem[X,0x0000000080039B4E] -> 0x0000
[7677] [M]: 0x0000000080039B4C (0x00000113) addi sp, zero, 0
x2 <- 0x0000000000000000
mem[X,0x0000000080039B50] -> 0x006F
mem[X,0x0000000080039B52] -> 0x00C0
[7678] [M]: 0x0000000080039B50 (0x00C0006F) jal zero, 12
mem[X,0x0000000080039B5C] -> 0x4663
mem[X,0x0000000080039B5E] -> 0x00B5
[7679] [M]: 0x0000000080039B5C (0x00B54663) blt a0, a1, 12
mem[X,0x0000000080039B68] -> 0x0113
mem[X,0x0000000080039B6A] -> 0x0031
[7680] [M]: 0x0000000080039B68 (0x00310113) addi sp, sp, 3
x2 <- 0x0000000000000003
mem[X,0x0000000080039B6C] -> 0x006F
mem[X,0x0000000080039B6E] -> 0x0040
[7681] [M]: 0x0000000080039B6C (0x0040006F) jal zero, 4
mem[X,0x0000000080039B70] -> 0xBC23
mem[X,0x0000000080039B72] -> 0x6620
[7682] [M]: 0x0000000080039B70 (0x6620BC23) sd sp, 1656(ra)
mem[0x0000000080050050] <- 0x0000000000000003
mem[X,0x0000000080039B74] -> 0x0537
mem[X,0x0000000080039B76] -> 0x0000
[7683] [M]: 0x0000000080039B74 (0x00000537) lui a0, 0
x10 <- 0x0000000000000000
mem[X,0x0000000080039B78] -> 0x0513
mem[X,0x0000000080039B7A] -> 0x0005
[7684] [M]: 0x0000000080039B78 (0x00050513) addi a0, a0, 0
x10 <- 0x0000000000000000
mem[X,0x0000000080039B7C] -> 0x1513
mem[X,0x0000000080039B7E] -> 0x00B5
[7685] [M]: 0x0000000080039B7C (0x00B51513) slli a0, a0, 11
x10 <- 0x0000000000000000
mem[X,0x0000000080039B80] -> 0x0513
mem[X,0x0000000080039B82] -> 0x5A85
[7686] [M]: 0x0000000080039B80 (0x5A850513) addi a0, a0, 1448
x10 <- 0x00000000000005A8
mem[X,0x0000000080039B84] -> 0x1513
mem[X,0x0000000080039B86] -> 0x00B5
[7687] [M]: 0x0000000080039B84 (0x00B51513) slli a0, a0, 11
x10 <- 0x00000000002D4000
mem[X,0x0000000080039B88] -> 0x0513
mem[X,0x0000000080039B8A] -> 0x13C5
[7688] [M]: 0x0000000080039B88 (0x13C50513) addi a0, a0, 316
x10 <- 0x00000000002D413C
mem[X,0x0000000080039B8C] -> 0x1513
mem[X,0x0000000080039B8E] -> 0x00A5
[7689] [M]: 0x0000000080039B8C (0x00A51513) slli a0, a0, 10
x10 <- 0x00000000B504F000
mem[X,0x0000000080039B90] -> 0x0513
mem[X,0x0000000080039B92] -> 0x3325
[7690] [M]: 0x0000000080039B90 (0x33250513) addi a0, a0, 818
x10 <- 0x00000000B504F332
mem[X,0x0000000080039B94] -> 0x05B7
mem[X,0x0000000080039B96] -> 0x0000
[7691] [M]: 0x0000000080039B94 (0x000005B7) lui a1, 0
x11 <- 0x0000000000000000
mem[X,0x0000000080039B98] -> 0x8593
mem[X,0x0000000080039B9A] -> 0xFFF5
[7692] [M]: 0x0000000080039B98 (0xFFF58593) addi a1, a1, 4095
x11 <- 0xFFFFFFFFFFFFFFFF
mem[X,0x0000000080039B9C] -> 0x9593
mem[X,0x0000000080039B9E] -> 0x00B5
[7693] [M]: 0x0000000080039B9C (0x00B59593) slli a1, a1, 11
x11 <- 0xFFFFFFFFFFFFF800
mem[X,0x0000000080039BA0] -> 0x8593
mem[X,0x0000000080039BA2] -> 0x2575
[7694] [M]: 0x0000000080039BA0 (0x25758593) addi a1, a1, 599
x11 <- 0xFFFFFFFFFFFFFA57
mem[X,0x0000000080039BA4] -> 0x9593
mem[X,0x0000000080039BA6] -> 0x00B5
[7695] [M]: 0x0000000080039BA4 (0x00B59593) slli a1, a1, 11
x11 <- 0xFFFFFFFFFFD2B800
mem[X,0x0000000080039BA8] -> 0x8593
mem[X,0x0000000080039BAA] -> 0x6C35
[7696] [M]: 0x0000000080039BA8 (0x6C358593) addi a1, a1, 1731
x11 <- 0xFFFFFFFFFFD2BEC3
mem[X,0x0000000080039BAC] -> 0x9593
mem[X,0x0000000080039BAE] -> 0x00A5
[7697] [M]: 0x0000000080039BAC (0x00A59593) slli a1, a1, 10
x11 <- 0xFFFFFFFF4AFB0C00
mem[X,0x0000000080039BB0] -> 0x8593
mem[X,0x0000000080039BB2] -> 0x0CD5
[7698] [M]: 0x0000000080039BB0 (0x0CD58593) addi a1, a1, 205
x11 <- 0xFFFFFFFF4AFB0CCD
mem[X,0x0000000080039BB4] -> 0x0113
mem[X,0x0000000080039BB6] -> 0x0000
[7699] [M]: 0x0000000080039BB4 (0x00000113) addi sp, zero, 0
x2 <- 0x0000000000000000
clint::tick mtime <- 0x000000000000004D
 clint timer pending at mtime 0x000000000000004D
htif::tick 0x0000000000000000
mem[X,0x0000000080039BB8] -> 0x006F
mem[X,0x0000000080039BBA] -> 0x0050
[7700] [M]: 0x0000000080039BB8 (0x0050006F) jal zero, 2052
mem[X,0x000000008003A3BC] -> 0x40E3
mem[X,0x000000008003A3BE] -> 0x80B5
[7701] [M]: 0x000000008003A3BC (0x80B540E3) blt a0, a1, 6144
mem[X,0x000000008003A3C0] -> 0x0113
mem[X,0x000000008003A3C2] -> 0x0021
[7702] [M]: 0x000000008003A3C0 (0x00210113) addi sp, sp, 2
x2 <- 0x0000000000000002
mem[X,0x000000008003A3C4] -> 0x006F
mem[X,0x000000008003A3C6] -> 0x00C0
[7703] [M]: 0x000000008003A3C4 (0x00C0006F) jal zero, 12
mem[X,0x000000008003A3D0] -> 0xB023
mem[X,0x000000008003A3D2] -> 0x6820
[7704] [M]: 0x000000008003A3D0 (0x6820B023) sd sp, 1664(ra)
mem[0x0000000080050058] <- 0x0000000000000002
mem[X,0x000000008003A3D4] -> 0x0537
mem[X,0x000000008003A3D6] -> 0x0000
[7705] [M]: 0x000000008003A3D4 (0x00000537) lui a0, 0
x10 <- 0x0000000000000000
mem[X,0x000000008003A3D8] -> 0x0513
mem[X,0x000000008003A3DA] -> 0x0005
[7706] [M]: 0x000000008003A3D8 (0x00050513) addi a0, a0, 0
x10 <- 0x0000000000000000
mem[X,0x000000008003A3DC] -> 0x1513
mem[X,0x000000008003A3DE] -> 0x00B5
[7707] [M]: 0x000000008003A3DC (0x00B51513) slli a0, a0, 11
x10 <- 0x0000000000000000
mem[X,0x000000008003A3E0] -> 0x0513
mem[X,0x000000008003A3E2] -> 0x5A85
[7708] [M]: 0x000000008003A3E0 (0x5A850513) addi a0, a0, 1448
x10 <- 0x00000000000005A8
mem[X,0x000000008003A3E4] -> 0x1513
mem[X,0x000000008003A3E6] -> 0x00B5
[7709] [M]: 0x000000008003A3E4 (0x00B51513) slli a0, a0, 11
x10 <- 0x00000000002D4000
mem[X,0x000000008003A3E8] -> 0x0513
mem[X,0x000000008003A3EA] -> 0x13C5
[7710] [M]: 0x000000008003A3E8 (0x13C50513) addi a0, a0, 316
x10 <- 0x00000000002D413C
mem[X,0x000000008003A3EC] -> 0x1513
mem[X,0x000000008003A3EE] -> 0x00A5
[7711] [M]: 0x000000008003A3EC (0x00A51513) slli a0, a0, 10
x10 <- 0x00000000B504F000
mem[X,0x000000008003A3F0] -> 0x0513
mem[X,0x000000008003A3F2] -> 0x3325
[7712] [M]: 0x000000008003A3F0 (0x33250513) addi a0, a0, 818
x10 <- 0x00000000B504F332
mem[X,0x000000008003A3F4] -> 0x05B7
mem[X,0x000000008003A3F6] -> 0x0000
[7713] [M]: 0x000000008003A3F4 (0x000005B7) lui a1, 0
x11 <- 0x0000000000000000
mem[X,0x000000008003A3F8] -> 0x8593
mem[X,0x000000008003A3FA] -> 0x0005
[7714] [M]: 0x000000008003A3F8 (0x00058593) addi a1, a1, 0
x11 <- 0x0000000000000000
mem[X,0x000000008003A3FC] -> 0x9593
mem[X,0x000000008003A3FE] -> 0x00B5
[7715] [M]: 0x000000008003A3FC (0x00B59593) slli a1, a1, 11
x11 <- 0x0000000000000000
mem[X,0x000000008003A400] -> 0x8593
mem[X,0x000000008003A402] -> 0x5A85
[7716] [M]: 0x000000008003A400 (0x5A858593) addi a1, a1, 1448
x11 <- 0x00000000000005A8
mem[X,0x000000008003A404] -> 0x9593
mem[X,0x000000008003A406] -> 0x00B5
[7717] [M]: 0x000000008003A404 (0x00B59593) slli a1, a1, 11
x11 <- 0x00000000002D4000
mem[X,0x000000008003A408] -> 0x8593
mem[X,0x000000008003A40A] -> 0x13C5
[7718] [M]: 0x000000008003A408 (0x13C58593) addi a1, a1, 316
x11 <- 0x00000000002D413C
mem[X,0x000000008003A40C] -> 0x9593
mem[X,0x000000008003A40E] -> 0x00A5
[7719] [M]: 0x000000008003A40C (0x00A59593) slli a1, a1, 10
x11 <- 0x00000000B504F000
mem[X,0x000000008003A410] -> 0x8593
mem[X,0x000000008003A412] -> 0x3335
[7720] [M]: 0x000000008003A410 (0x33358593) addi a1, a1, 819
x11 <- 0x00000000B504F333
mem[X,0x000000008003A414] -> 0x0113
mem[X,0x000000008003A416] -> 0x0000
[7721] [M]: 0x000000008003A414 (0x00000113) addi sp, zero, 0
x2 <- 0x0000000000000000
mem[X,0x000000008003A418] -> 0x006F
mem[X,0x000000008003A41A] -> 0x00C0
[7722] [M]: 0x000000008003A418 (0x00C0006F) jal zero, 12
mem[X,0x000000008003A424] -> 0x4663
mem[X,0x000000008003A426] -> 0x00B5
[7723] [M]: 0x000000008003A424 (0x00B54663) blt a0, a1, 12
mem[X,0x000000008003A430] -> 0x0113
mem[X,0x000000008003A432] -> 0x0031
[7724] [M]: 0x000000008003A430 (0x00310113) addi sp, sp, 3
x2 <- 0x0000000000000003
mem[X,0x000000008003A434] -> 0x006F
mem[X,0x000000008003A436] -> 0x0040
[7725] [M]: 0x000000008003A434 (0x0040006F) jal zero, 4
mem[X,0x000000008003A438] -> 0xB423
mem[X,0x000000008003A43A] -> 0x6820
[7726] [M]: 0x000000008003A438 (0x6820B423) sd sp, 1672(ra)
mem[0x0000000080050060] <- 0x0000000000000003
mem[X,0x000000008003A43C] -> 0x0537
mem[X,0x000000008003A43E] -> 0x0000
[7727] [M]: 0x000000008003A43C (0x00000537) lui a0, 0
x10 <- 0x0000000000000000
mem[X,0x000000008003A440] -> 0x0513
mem[X,0x000000008003A442] -> 0x0005
[7728] [M]: 0x000000008003A440 (0x00050513) addi a0, a0, 0
x10 <- 0x0000000000000000
mem[X,0x000000008003A444] -> 0x1513
mem[X,0x000000008003A446] -> 0x00B5
[7729] [M]: 0x000000008003A444 (0x00B51513) slli a0, a0, 11
x10 <- 0x0000000000000000
mem[X,0x000000008003A448] -> 0x0513
mem[X,0x000000008003A44A] -> 0x5A85
[7730] [M]: 0x000000008003A448 (0x5A850513) addi a0, a0, 1448
x10 <- 0x00000000000005A8
mem[X,0x000000008003A44C] -> 0x1513
mem[X,0x000000008003A44E] -> 0x00B5
[7731] [M]: 0x000000008003A44C (0x00B51513) slli a0, a0, 11
x10 <- 0x00000000002D4000
mem[X,0x000000008003A450] -> 0x0513
mem[X,0x000000008003A452] -> 0x13C5
[7732] [M]: 0x000000008003A450 (0x13C50513) addi a0, a0, 316
x10 <- 0x00000000002D413C
mem[X,0x000000008003A454] -> 0x1513
mem[X,0x000000008003A456] -> 0x00A5
[7733] [M]: 0x000000008003A454 (0x00A51513) slli a0, a0, 10
x10 <- 0x00000000B504F000
mem[X,0x000000008003A458] -> 0x0513
mem[X,0x000000008003A45A] -> 0x3325
[7734] [M]: 0x000000008003A458 (0x33250513) addi a0, a0, 818
x10 <- 0x00000000B504F332
mem[X,0x000000008003A45C] -> 0x0593
mem[X,0x000000008003A45E] -> 0x0020
[7735] [M]: 0x000000008003A45C (0x00200593) addi a1, zero, 2
x11 <- 0x0000000000000002
mem[X,0x000000008003A460] -> 0x0113
mem[X,0x000000008003A462] -> 0x0000
[7736] [M]: 0x000000008003A460 (0x00000113) addi sp, zero, 0
x2 <- 0x0000000000000000
mem[X,0x000000008003A464] -> 0x006F
mem[X,0x000000008003A466] -> 0x0050
[7737] [M]: 0x000000008003A464 (0x0050006F) jal zero, 2052
mem[X,0x000000008003AC68] -> 0x40E3
mem[X,0x000000008003AC6A] -> 0x80B5
[7738] [M]: 0x000000008003AC68 (0x80B540E3) blt a0, a1, 6144
mem[X,0x000000008003AC6C] -> 0x0113
mem[X,0x000000008003AC6E] -> 0x0021
[7739] [M]: 0x000000008003AC6C (0x00210113) addi sp, sp, 2
x2 <- 0x0000000000000002
mem[X,0x000000008003AC70] -> 0x006F
mem[X,0x000000008003AC72] -> 0x00C0
[7740] [M]: 0x000000008003AC70 (0x00C0006F) jal zero, 12
mem[X,0x000000008003AC7C] -> 0xB823
mem[X,0x000000008003AC7E] -> 0x6820
[7741] [M]: 0x000000008003AC7C (0x6820B823) sd sp, 1680(ra)
mem[0x0000000080050068] <- 0x0000000000000002
mem[X,0x000000008003AC80] -> 0x0537
mem[X,0x000000008003AC82] -> 0x0000
[7742] [M]: 0x000000008003AC80 (0x00000537) lui a0, 0
x10 <- 0x0000000000000000
mem[X,0x000000008003AC84] -> 0x0513
mem[X,0x000000008003AC86] -> 0x0005
[7743] [M]: 0x000000008003AC84 (0x00050513) addi a0, a0, 0
x10 <- 0x0000000000000000
mem[X,0x000000008003AC88] -> 0x1513
mem[X,0x000000008003AC8A] -> 0x00B5
[7744] [M]: 0x000000008003AC88 (0x00B51513) slli a0, a0, 11
x10 <- 0x0000000000000000
mem[X,0x000000008003AC8C] -> 0x0513
mem[X,0x000000008003AC8E] -> 0x5A85
[7745] [M]: 0x000000008003AC8C (0x5A850513) addi a0, a0, 1448
x10 <- 0x00000000000005A8
mem[X,0x000000008003AC90] -> 0x1513
mem[X,0x000000008003AC92] -> 0x00B5
[7746] [M]: 0x000000008003AC90 (0x00B51513) slli a0, a0, 11
x10 <- 0x00000000002D4000
mem[X,0x000000008003AC94] -> 0x0513
mem[X,0x000000008003AC96] -> 0x13C5
[7747] [M]: 0x000000008003AC94 (0x13C50513) addi a0, a0, 316
x10 <- 0x00000000002D413C
mem[X,0x000000008003AC98] -> 0x1513
mem[X,0x000000008003AC9A] -> 0x00A5
[7748] [M]: 0x000000008003AC98 (0x00A51513) slli a0, a0, 10
x10 <- 0x00000000B504F000
mem[X,0x000000008003AC9C] -> 0x0513
mem[X,0x000000008003AC9E] -> 0x3325
[7749] [M]: 0x000000008003AC9C (0x33250513) addi a0, a0, 818
x10 <- 0x00000000B504F332
mem[X,0x000000008003ACA0] -> 0x55B7
mem[X,0x000000008003ACA2] -> 0x5555
[7750] [M]: 0x000000008003ACA0 (0x555555B7) lui a1, 349525
x11 <- 0x0000000055555000
mem[X,0x000000008003ACA4] -> 0x8593
mem[X,0x000000008003ACA6] -> 0x5555
[7751] [M]: 0x000000008003ACA4 (0x55558593) addi a1, a1, 1365
x11 <- 0x0000000055555555
mem[X,0x000000008003ACA8] -> 0x9593
mem[X,0x000000008003ACAA] -> 0x00B5
[7752] [M]: 0x000000008003ACA8 (0x00B59593) slli a1, a1, 11
x11 <- 0x000002AAAAAAA800
mem[X,0x000000008003ACAC] -> 0x8593
mem[X,0x000000008003ACAE] -> 0x2AA5
[7753] [M]: 0x000000008003ACAC (0x2AA58593) addi a1, a1, 682
x11 <- 0x000002AAAAAAAAAA
mem[X,0x000000008003ACB0] -> 0x9593
mem[X,0x000000008003ACB2] -> 0x00B5
[7754] [M]: 0x000000008003ACB0 (0x00B59593) slli a1, a1, 11
x11 <- 0x0015555555555000
mem[X,0x000000008003ACB4] -> 0x8593
mem[X,0x000000008003ACB6] -> 0x5555
[7755] [M]: 0x000000008003ACB4 (0x55558593) addi a1, a1, 1365
x11 <- 0x0015555555555555
mem[X,0x000000008003ACB8] -> 0x9593
mem[X,0x000000008003ACBA] -> 0x00A5
[7756] [M]: 0x000000008003ACB8 (0x00A59593) slli a1, a1, 10
x11 <- 0x5555555555555400
mem[X,0x000000008003ACBC] -> 0x8593
mem[X,0x000000008003ACBE] -> 0x1545
[7757] [M]: 0x000000008003ACBC (0x15458593) addi a1, a1, 340
x11 <- 0x5555555555555554
mem[X,0x000000008003ACC0] -> 0x0113
mem[X,0x000000008003ACC2] -> 0x0000
[7758] [M]: 0x000000008003ACC0 (0x00000113) addi sp, zero, 0
x2 <- 0x0000000000000000
mem[X,0x000000008003ACC4] -> 0x006F
mem[X,0x000000008003ACC6] -> 0x2B10
[7759] [M]: 0x000000008003ACC4 (0x2B10006F) jal zero, 2736
mem[X,0x000000008003B774] -> 0x4A63
mem[X,0x000000008003B776] -> 0xD4B5
[7760] [M]: 0x000000008003B774 (0xD4B54A63) blt a0, a1, 5460
mem[X,0x000000008003ACC8] -> 0x0113
mem[X,0x000000008003ACCA] -> 0x0011
[7761] [M]: 0x000000008003ACC8 (0x00110113) addi sp, sp, 1
x2 <- 0x0000000000000001
mem[X,0x000000008003ACCC] -> 0x006F
mem[X,0x000000008003ACCE] -> 0x2BD0
[7762] [M]: 0x000000008003ACCC (0x2BD0006F) jal zero, 2748
mem[X,0x000000008003B788] -> 0xBC23
mem[X,0x000000008003B78A] -> 0x6820
[7763] [M]: 0x000000008003B788 (0x6820BC23) sd sp, 1688(ra)
mem[0x0000000080050070] <- 0x0000000000000001
mem[X,0x000000008003B78C] -> 0x0537
mem[X,0x000000008003B78E] -> 0x0000
[7764] [M]: 0x000000008003B78C (0x00000537) lui a0, 0
x10 <- 0x0000000000000000
mem[X,0x000000008003B790] -> 0x0513
mem[X,0x000000008003B792] -> 0x0005
[7765] [M]: 0x000000008003B790 (0x00050513) addi a0, a0, 0
x10 <- 0x0000000000000000
mem[X,0x000000008003B794] -> 0x1513
mem[X,0x000000008003B796] -> 0x00B5
[7766] [M]: 0x000000008003B794 (0x00B51513) slli a0, a0, 11
x10 <- 0x0000000000000000
mem[X,0x000000008003B798] -> 0x0513
mem[X,0x000000008003B79A] -> 0x5A85
[7767] [M]: 0x000000008003B798 (0x5A850513) addi a0, a0, 1448
x10 <- 0x00000000000005A8
mem[X,0x000000008003B79C] -> 0x1513
mem[X,0x000000008003B79E] -> 0x00B5
[7768] [M]: 0x000000008003B79C (0x00B51513) slli a0, a0, 11
x10 <- 0x00000000002D4000
mem[X,0x000000008003B7A0] -> 0x0513
mem[X,0x000000008003B7A2] -> 0x13C5
[7769] [M]: 0x000000008003B7A0 (0x13C50513) addi a0, a0, 316
x10 <- 0x00000000002D413C
mem[X,0x000000008003B7A4] -> 0x1513
mem[X,0x000000008003B7A6] -> 0x00A5
[7770] [M]: 0x000000008003B7A4 (0x00A51513) slli a0, a0, 10
x10 <- 0x00000000B504F000
mem[X,0x000000008003B7A8] -> 0x0513
mem[X,0x000000008003B7AA] -> 0x3325
[7771] [M]: 0x000000008003B7A8 (0x33250513) addi a0, a0, 818
x10 <- 0x00000000B504F332
mem[X,0x000000008003B7AC] -> 0x0593
mem[X,0x000000008003B7AE] -> 0x0000
[7772] [M]: 0x000000008003B7AC (0x00000593) addi a1, zero, 0
x11 <- 0x0000000000000000
mem[X,0x000000008003B7B0] -> 0x0113
mem[X,0x000000008003B7B2] -> 0x0000
[7773] [M]: 0x000000008003B7B0 (0x00000113) addi sp, zero, 0
x2 <- 0x0000000000000000
mem[X,0x000000008003B7B4] -> 0x006F
mem[X,0x000000008003B7B6] -> 0x00C0
[7774] [M]: 0x000000008003B7B4 (0x00C0006F) jal zero, 12
mem[X,0x000000008003B7C0] -> 0x4063
mem[X,0x000000008003B7C2] -> 0x40B5
[7775] [M]: 0x000000008003B7C0 (0x40B54063) blt a0, a1, 1024
mem[X,0x000000008003B7C4] -> 0x0113
mem[X,0x000000008003B7C6] -> 0x0021
[7776] [M]: 0x000000008003B7C4 (0x00210113) addi sp, sp, 2
x2 <- 0x0000000000000002
mem[X,0x000000008003B7C8] -> 0x006F
mem[X,0x000000008003B7CA] -> 0x4000
[7777] [M]: 0x000000008003B7C8 (0x4000006F) jal zero, 1024
mem[X,0x000000008003BBC8] -> 0xB023
mem[X,0x000000008003BBCA] -> 0x6A20
[7778] [M]: 0x000000008003BBC8 (0x6A20B023) sd sp, 1696(ra)
mem[0x0000000080050078] <- 0x0000000000000002
mem[X,0x000000008003BBCC] -> 0x0537
mem[X,0x000000008003BBCE] -> 0x0000
[7779] [M]: 0x000000008003BBCC (0x00000537) lui a0, 0
x10 <- 0x0000000000000000
mem[X,0x000000008003BBD0] -> 0x0513
mem[X,0x000000008003BBD2] -> 0x0005
[7780] [M]: 0x000000008003BBD0 (0x00050513) addi a0, a0, 0
x10 <- 0x0000000000000000
mem[X,0x000000008003BBD4] -> 0x1513
mem[X,0x000000008003BBD6] -> 0x00B5
[7781] [M]: 0x000000008003BBD4 (0x00B51513) slli a0, a0, 11
x10 <- 0x0000000000000000
mem[X,0x000000008003BBD8] -> 0x0513
mem[X,0x000000008003BBDA] -> 0x5A85
[7782] [M]: 0x000000008003BBD8 (0x5A850513) addi a0, a0, 1448
x10 <- 0x00000000000005A8
mem[X,0x000000008003BBDC] -> 0x1513
mem[X,0x000000008003BBDE] -> 0x00B5
[7783] [M]: 0x000000008003BBDC (0x00B51513) slli a0, a0, 11
x10 <- 0x00000000002D4000
mem[X,0x000000008003BBE0] -> 0x0513
mem[X,0x000000008003BBE2] -> 0x13C5
[7784] [M]: 0x000000008003BBE0 (0x13C50513) addi a0, a0, 316
x10 <- 0x00000000002D413C
mem[X,0x000000008003BBE4] -> 0x1513
mem[X,0x000000008003BBE6] -> 0x00A5
[7785] [M]: 0x000000008003BBE4 (0x00A51513) slli a0, a0, 10
x10 <- 0x00000000B504F000
mem[X,0x000000008003BBE8] -> 0x0513
mem[X,0x000000008003BBEA] -> 0x3325
[7786] [M]: 0x000000008003BBE8 (0x33250513) addi a0, a0, 818
x10 <- 0x00000000B504F332
mem[X,0x000000008003BBEC] -> 0x0593
mem[X,0x000000008003BBEE] -> 0x0040
[7787] [M]: 0x000000008003BBEC (0x00400593) addi a1, zero, 4
x11 <- 0x0000000000000004
mem[X,0x000000008003BBF0] -> 0x0113
mem[X,0x000000008003BBF2] -> 0x0000
[7788] [M]: 0x000000008003BBF0 (0x00000113) addi sp, zero, 0
x2 <- 0x0000000000000000
mem[X,0x000000008003BBF4] -> 0x006F
mem[X,0x000000008003BBF6] -> 0x00C0
[7789] [M]: 0x000000008003BBF4 (0x00C0006F) jal zero, 12
mem[X,0x000000008003BC00] -> 0x4663
mem[X,0x000000008003BC02] -> 0x00B5
[7790] [M]: 0x000000008003BC00 (0x00B54663) blt a0, a1, 12
mem[X,0x000000008003BC04] -> 0x0113
mem[X,0x000000008003BC06] -> 0x0021
[7791] [M]: 0x000000008003BC04 (0x00210113) addi sp, sp, 2
x2 <- 0x0000000000000002
mem[X,0x000000008003BC08] -> 0x006F
mem[X,0x000000008003BC0A] -> 0x00C0
[7792] [M]: 0x000000008003BC08 (0x00C0006F) jal zero, 12
mem[X,0x000000008003BC14] -> 0xB423
mem[X,0x000000008003BC16] -> 0x6A20
[7793] [M]: 0x000000008003BC14 (0x6A20B423) sd sp, 1704(ra)
mem[0x0000000080050080] <- 0x0000000000000002
mem[X,0x000000008003BC18] -> 0x0537
mem[X,0x000000008003BC1A] -> 0x0000
[7794] [M]: 0x000000008003BC18 (0x00000537) lui a0, 0
x10 <- 0x0000000000000000
mem[X,0x000000008003BC1C] -> 0x0513
mem[X,0x000000008003BC1E] -> 0x0005
[7795] [M]: 0x000000008003BC1C (0x00050513) addi a0, a0, 0
x10 <- 0x0000000000000000
mem[X,0x000000008003BC20] -> 0x1513
mem[X,0x000000008003BC22] -> 0x00B5
[7796] [M]: 0x000000008003BC20 (0x00B51513) slli a0, a0, 11
x10 <- 0x0000000000000000
mem[X,0x000000008003BC24] -> 0x0513
mem[X,0x000000008003BC26] -> 0x5A85
[7797] [M]: 0x000000008003BC24 (0x5A850513) addi a0, a0, 1448
x10 <- 0x00000000000005A8
mem[X,0x000000008003BC28] -> 0x1513
mem[X,0x000000008003BC2A] -> 0x00B5
[7798] [M]: 0x000000008003BC28 (0x00B51513) slli a0, a0, 11
x10 <- 0x00000000002D4000
mem[X,0x000000008003BC2C] -> 0x0513
mem[X,0x000000008003BC2E] -> 0x13C5
[7799] [M]: 0x000000008003BC2C (0x13C50513) addi a0, a0, 316
x10 <- 0x00000000002D413C
clint::tick mtime <- 0x000000000000004E
 clint timer pending at mtime 0x000000000000004E
htif::tick 0x0000000000000000
mem[X,0x000000008003BC30] -> 0x1513
mem[X,0x000000008003BC32] -> 0x00A5
[7800] [M]: 0x000000008003BC30 (0x00A51513) slli a0, a0, 10
x10 <- 0x00000000B504F000
mem[X,0x000000008003BC34] -> 0x0513
mem[X,0x000000008003BC36] -> 0x3325
[7801] [M]: 0x000000008003BC34 (0x33250513) addi a0, a0, 818
x10 <- 0x00000000B504F332
mem[X,0x000000008003BC38] -> 0x35B7
mem[X,0x000000008003BC3A] -> 0x3333
[7802] [M]: 0x000000008003BC38 (0x333335B7) lui a1, 209715
x11 <- 0x0000000033333000
mem[X,0x000000008003BC3C] -> 0x8593
mem[X,0x000000008003BC3E] -> 0x3335
[7803] [M]: 0x000000008003BC3C (0x33358593) addi a1, a1, 819
x11 <- 0x0000000033333333
mem[X,0x000000008003BC40] -> 0x9593
mem[X,0x000000008003BC42] -> 0x00B5
[7804] [M]: 0x000000008003BC40 (0x00B59593) slli a1, a1, 11
x11 <- 0x0000019999999800
mem[X,0x000000008003BC44] -> 0x8593
mem[X,0x000000008003BC46] -> 0x1995
[7805] [M]: 0x000000008003BC44 (0x19958593) addi a1, a1, 409
x11 <- 0x0000019999999999
mem[X,0x000000008003BC48] -> 0x9593
mem[X,0x000000008003BC4A] -> 0x00B5
[7806] [M]: 0x000000008003BC48 (0x00B59593) slli a1, a1, 11
x11 <- 0x000CCCCCCCCCC800
mem[X,0x000000008003BC4C] -> 0x8593
mem[X,0x000000008003BC4E] -> 0x4CC5
[7807] [M]: 0x000000008003BC4C (0x4CC58593) addi a1, a1, 1228
x11 <- 0x000CCCCCCCCCCCCC
mem[X,0x000000008003BC50] -> 0x9593
mem[X,0x000000008003BC52] -> 0x00A5
[7808] [M]: 0x000000008003BC50 (0x00A59593) slli a1, a1, 10
x11 <- 0x3333333333333000
mem[X,0x000000008003BC54] -> 0x8593
mem[X,0x000000008003BC56] -> 0x3325
[7809] [M]: 0x000000008003BC54 (0x33258593) addi a1, a1, 818
x11 <- 0x3333333333333332
mem[X,0x000000008003BC58] -> 0x0113
mem[X,0x000000008003BC5A] -> 0x0000
[7810] [M]: 0x000000008003BC58 (0x00000113) addi sp, zero, 0
x2 <- 0x0000000000000000
mem[X,0x000000008003BC5C] -> 0x006F
mem[X,0x000000008003BC5E] -> 0x00C0
[7811] [M]: 0x000000008003BC5C (0x00C0006F) jal zero, 12
mem[X,0x000000008003BC68] -> 0x4663
mem[X,0x000000008003BC6A] -> 0x00B5
[7812] [M]: 0x000000008003BC68 (0x00B54663) blt a0, a1, 12
mem[X,0x000000008003BC74] -> 0x0113
mem[X,0x000000008003BC76] -> 0x0031
[7813] [M]: 0x000000008003BC74 (0x00310113) addi sp, sp, 3
x2 <- 0x0000000000000003
mem[X,0x000000008003BC78] -> 0x006F
mem[X,0x000000008003BC7A] -> 0x0040
[7814] [M]: 0x000000008003BC78 (0x0040006F) jal zero, 4
mem[X,0x000000008003BC7C] -> 0xB823
mem[X,0x000000008003BC7E] -> 0x6A20
[7815] [M]: 0x000000008003BC7C (0x6A20B823) sd sp, 1712(ra)
mem[0x0000000080050088] <- 0x0000000000000003
mem[X,0x000000008003BC80] -> 0x0537
mem[X,0x000000008003BC82] -> 0x0000
[7816] [M]: 0x000000008003BC80 (0x00000537) lui a0, 0
x10 <- 0x0000000000000000
mem[X,0x000000008003BC84] -> 0x0513
mem[X,0x000000008003BC86] -> 0x0005
[7817] [M]: 0x000000008003BC84 (0x00050513) addi a0, a0, 0
x10 <- 0x0000000000000000
mem[X,0x000000008003BC88] -> 0x1513
mem[X,0x000000008003BC8A] -> 0x00B5
[7818] [M]: 0x000000008003BC88 (0x00B51513) slli a0, a0, 11
x10 <- 0x0000000000000000
mem[X,0x000000008003BC8C] -> 0x0513
mem[X,0x000000008003BC8E] -> 0x5A85
[7819] [M]: 0x000000008003BC8C (0x5A850513) addi a0, a0, 1448
x10 <- 0x00000000000005A8
mem[X,0x000000008003BC90] -> 0x1513
mem[X,0x000000008003BC92] -> 0x00B5
[7820] [M]: 0x000000008003BC90 (0x00B51513) slli a0, a0, 11
x10 <- 0x00000000002D4000
mem[X,0x000000008003BC94] -> 0x0513
mem[X,0x000000008003BC96] -> 0x13C5
[7821] [M]: 0x000000008003BC94 (0x13C50513) addi a0, a0, 316
x10 <- 0x00000000002D413C
mem[X,0x000000008003BC98] -> 0x1513
mem[X,0x000000008003BC9A] -> 0x00A5
[7822] [M]: 0x000000008003BC98 (0x00A51513) slli a0, a0, 10
x10 <- 0x00000000B504F000
mem[X,0x000000008003BC9C] -> 0x0513
mem[X,0x000000008003BC9E] -> 0x3325
[7823] [M]: 0x000000008003BC9C (0x33250513) addi a0, a0, 818
x10 <- 0x00000000B504F332
mem[X,0x000000008003BCA0] -> 0x65B7
mem[X,0x000000008003BCA2] -> 0x6666
[7824] [M]: 0x000000008003BCA0 (0x666665B7) lui a1, 419430
x11 <- 0x0000000066666000
mem[X,0x000000008003BCA4] -> 0x8593
mem[X,0x000000008003BCA6] -> 0x6665
[7825] [M]: 0x000000008003BCA4 (0x66658593) addi a1, a1, 1638
x11 <- 0x0000000066666666
mem[X,0x000000008003BCA8] -> 0x9593
mem[X,0x000000008003BCAA] -> 0x00B5
[7826] [M]: 0x000000008003BCA8 (0x00B59593) slli a1, a1, 11
x11 <- 0x0000033333333000
mem[X,0x000000008003BCAC] -> 0x8593
mem[X,0x000000008003BCAE] -> 0x3335
[7827] [M]: 0x000000008003BCAC (0x33358593) addi a1, a1, 819
x11 <- 0x0000033333333333
mem[X,0x000000008003BCB0] -> 0x9593
mem[X,0x000000008003BCB2] -> 0x00B5
[7828] [M]: 0x000000008003BCB0 (0x00B59593) slli a1, a1, 11
x11 <- 0x0019999999999800
mem[X,0x000000008003BCB4] -> 0x8593
mem[X,0x000000008003BCB6] -> 0x1995
[7829] [M]: 0x000000008003BCB4 (0x19958593) addi a1, a1, 409
x11 <- 0x0019999999999999
mem[X,0x000000008003BCB8] -> 0x9593
mem[X,0x000000008003BCBA] -> 0x00A5
[7830] [M]: 0x000000008003BCB8 (0x00A59593) slli a1, a1, 10
x11 <- 0x6666666666666400
mem[X,0x000000008003BCBC] -> 0x8593
mem[X,0x000000008003BCBE] -> 0x2655
[7831] [M]: 0x000000008003BCBC (0x26558593) addi a1, a1, 613
x11 <- 0x6666666666666665
mem[X,0x000000008003BCC0] -> 0x0113
mem[X,0x000000008003BCC2] -> 0x0000
[7832] [M]: 0x000000008003BCC0 (0x00000113) addi sp, zero, 0
x2 <- 0x0000000000000000
mem[X,0x000000008003BCC4] -> 0x006F
mem[X,0x000000008003BCC6] -> 0x00C0
[7833] [M]: 0x000000008003BCC4 (0x00C0006F) jal zero, 12
mem[X,0x000000008003BCD0] -> 0x4CE3
mem[X,0x000000008003BCD2] -> 0xFEB5
[7834] [M]: 0x000000008003BCD0 (0xFEB54CE3) blt a0, a1, 8184
mem[X,0x000000008003BCC8] -> 0x0113
mem[X,0x000000008003BCCA] -> 0x0011
[7835] [M]: 0x000000008003BCC8 (0x00110113) addi sp, sp, 1
x2 <- 0x0000000000000001
mem[X,0x000000008003BCCC] -> 0x006F
mem[X,0x000000008003BCCE] -> 0x0180
[7836] [M]: 0x000000008003BCCC (0x0180006F) jal zero, 24
mem[X,0x000000008003BCE4] -> 0xBC23
mem[X,0x000000008003BCE6] -> 0x6A20
[7837] [M]: 0x000000008003BCE4 (0x6A20BC23) sd sp, 1720(ra)
mem[0x0000000080050090] <- 0x0000000000000001
mem[X,0x000000008003BCE8] -> 0x0537
mem[X,0x000000008003BCEA] -> 0x0000
[7838] [M]: 0x000000008003BCE8 (0x00000537) lui a0, 0
x10 <- 0x0000000000000000
mem[X,0x000000008003BCEC] -> 0x0513
mem[X,0x000000008003BCEE] -> 0x0005
[7839] [M]: 0x000000008003BCEC (0x00050513) addi a0, a0, 0
x10 <- 0x0000000000000000
mem[X,0x000000008003BCF0] -> 0x1513
mem[X,0x000000008003BCF2] -> 0x00B5
[7840] [M]: 0x000000008003BCF0 (0x00B51513) slli a0, a0, 11
x10 <- 0x0000000000000000
mem[X,0x000000008003BCF4] -> 0x0513
mem[X,0x000000008003BCF6] -> 0x5A85
[7841] [M]: 0x000000008003BCF4 (0x5A850513) addi a0, a0, 1448
x10 <- 0x00000000000005A8
mem[X,0x000000008003BCF8] -> 0x1513
mem[X,0x000000008003BCFA] -> 0x00B5
[7842] [M]: 0x000000008003BCF8 (0x00B51513) slli a0, a0, 11
x10 <- 0x00000000002D4000
mem[X,0x000000008003BCFC] -> 0x0513
mem[X,0x000000008003BCFE] -> 0x13C5
[7843] [M]: 0x000000008003BCFC (0x13C50513) addi a0, a0, 316
x10 <- 0x00000000002D413C
mem[X,0x000000008003BD00] -> 0x1513
mem[X,0x000000008003BD02] -> 0x00A5
[7844] [M]: 0x000000008003BD00 (0x00A51513) slli a0, a0, 10
x10 <- 0x00000000B504F000
mem[X,0x000000008003BD04] -> 0x0513
mem[X,0x000000008003BD06] -> 0x3325
[7845] [M]: 0x000000008003BD04 (0x33250513) addi a0, a0, 818
x10 <- 0x00000000B504F332
mem[X,0x000000008003BD08] -> 0x05B7
mem[X,0x000000008003BD0A] -> 0x0000
[7846] [M]: 0x000000008003BD08 (0x000005B7) lui a1, 0
x11 <- 0x0000000000000000
mem[X,0x000000008003BD0C] -> 0x8593
mem[X,0x000000008003BD0E] -> 0x0005
[7847] [M]: 0x000000008003BD0C (0x00058593) addi a1, a1, 0
x11 <- 0x0000000000000000
mem[X,0x000000008003BD10] -> 0x9593
mem[X,0x000000008003BD12] -> 0x00B5
[7848] [M]: 0x000000008003BD10 (0x00B59593) slli a1, a1, 11
x11 <- 0x0000000000000000
mem[X,0x000000008003BD14] -> 0x8593
mem[X,0x000000008003BD16] -> 0x5A85
[7849] [M]: 0x000000008003BD14 (0x5A858593) addi a1, a1, 1448
x11 <- 0x00000000000005A8
mem[X,0x000000008003BD18] -> 0x9593
mem[X,0x000000008003BD1A] -> 0x00B5
[7850] [M]: 0x000000008003BD18 (0x00B59593) slli a1, a1, 11
x11 <- 0x00000000002D4000
mem[X,0x000000008003BD1C] -> 0x8593
mem[X,0x000000008003BD1E] -> 0x13C5
[7851] [M]: 0x000000008003BD1C (0x13C58593) addi a1, a1, 316
x11 <- 0x00000000002D413C
mem[X,0x000000008003BD20] -> 0x9593
mem[X,0x000000008003BD22] -> 0x00A5
[7852] [M]: 0x000000008003BD20 (0x00A59593) slli a1, a1, 10
x11 <- 0x00000000B504F000
mem[X,0x000000008003BD24] -> 0x8593
mem[X,0x000000008003BD26] -> 0x3325
[7853] [M]: 0x000000008003BD24 (0x33258593) addi a1, a1, 818
x11 <- 0x00000000B504F332
mem[X,0x000000008003BD28] -> 0x0113
mem[X,0x000000008003BD2A] -> 0x0000
[7854] [M]: 0x000000008003BD28 (0x00000113) addi sp, zero, 0
x2 <- 0x0000000000000000
mem[X,0x000000008003BD2C] -> 0x006F
mem[X,0x000000008003BD2E] -> 0x0180
[7855] [M]: 0x000000008003BD2C (0x0180006F) jal zero, 24
mem[X,0x000000008003BD44] -> 0x46E3
mem[X,0x000000008003BD46] -> 0xFEB5
[7856] [M]: 0x000000008003BD44 (0xFEB546E3) blt a0, a1, 8172
mem[X,0x000000008003BD48] -> 0x0113
mem[X,0x000000008003BD4A] -> 0x0021
[7857] [M]: 0x000000008003BD48 (0x00210113) addi sp, sp, 2
x2 <- 0x0000000000000002
mem[X,0x000000008003BD4C] -> 0x006F
mem[X,0x000000008003BD4E] -> 0x00C0
[7858] [M]: 0x000000008003BD4C (0x00C0006F) jal zero, 12
mem[X,0x000000008003BD58] -> 0xB023
mem[X,0x000000008003BD5A] -> 0x6C20
[7859] [M]: 0x000000008003BD58 (0x6C20B023) sd sp, 1728(ra)
mem[0x0000000080050098] <- 0x0000000000000002
mem[X,0x000000008003BD5C] -> 0x0537
mem[X,0x000000008003BD5E] -> 0x0000
[7860] [M]: 0x000000008003BD5C (0x00000537) lui a0, 0
x10 <- 0x0000000000000000
mem[X,0x000000008003BD60] -> 0x0513
mem[X,0x000000008003BD62] -> 0x0005
[7861] [M]: 0x000000008003BD60 (0x00050513) addi a0, a0, 0
x10 <- 0x0000000000000000
mem[X,0x000000008003BD64] -> 0x1513
mem[X,0x000000008003BD66] -> 0x00B5
[7862] [M]: 0x000000008003BD64 (0x00B51513) slli a0, a0, 11
x10 <- 0x0000000000000000
mem[X,0x000000008003BD68] -> 0x0513
mem[X,0x000000008003BD6A] -> 0x5A85
[7863] [M]: 0x000000008003BD68 (0x5A850513) addi a0, a0, 1448
x10 <- 0x00000000000005A8
mem[X,0x000000008003BD6C] -> 0x1513
mem[X,0x000000008003BD6E] -> 0x00B5
[7864] [M]: 0x000000008003BD6C (0x00B51513) slli a0, a0, 11
x10 <- 0x00000000002D4000
mem[X,0x000000008003BD70] -> 0x0513
mem[X,0x000000008003BD72] -> 0x13C5
[7865] [M]: 0x000000008003BD70 (0x13C50513) addi a0, a0, 316
x10 <- 0x00000000002D413C
mem[X,0x000000008003BD74] -> 0x1513
mem[X,0x000000008003BD76] -> 0x00A5
[7866] [M]: 0x000000008003BD74 (0x00A51513) slli a0, a0, 10
x10 <- 0x00000000B504F000
mem[X,0x000000008003BD78] -> 0x0513
mem[X,0x000000008003BD7A] -> 0x3325
[7867] [M]: 0x000000008003BD78 (0x33250513) addi a0, a0, 818
x10 <- 0x00000000B504F332
mem[X,0x000000008003BD7C] -> 0x55B7
mem[X,0x000000008003BD7E] -> 0x5555
[7868] [M]: 0x000000008003BD7C (0x555555B7) lui a1, 349525
x11 <- 0x0000000055555000
mem[X,0x000000008003BD80] -> 0x8593
mem[X,0x000000008003BD82] -> 0x5555
[7869] [M]: 0x000000008003BD80 (0x55558593) addi a1, a1, 1365
x11 <- 0x0000000055555555
mem[X,0x000000008003BD84] -> 0x9593
mem[X,0x000000008003BD86] -> 0x00B5
[7870] [M]: 0x000000008003BD84 (0x00B59593) slli a1, a1, 11
x11 <- 0x000002AAAAAAA800
mem[X,0x000000008003BD88] -> 0x8593
mem[X,0x000000008003BD8A] -> 0x2AA5
[7871] [M]: 0x000000008003BD88 (0x2AA58593) addi a1, a1, 682
x11 <- 0x000002AAAAAAAAAA
mem[X,0x000000008003BD8C] -> 0x9593
mem[X,0x000000008003BD8E] -> 0x00B5
[7872] [M]: 0x000000008003BD8C (0x00B59593) slli a1, a1, 11
x11 <- 0x0015555555555000
mem[X,0x000000008003BD90] -> 0x8593
mem[X,0x000000008003BD92] -> 0x5555
[7873] [M]: 0x000000008003BD90 (0x55558593) addi a1, a1, 1365
x11 <- 0x0015555555555555
mem[X,0x000000008003BD94] -> 0x9593
mem[X,0x000000008003BD96] -> 0x00A5
[7874] [M]: 0x000000008003BD94 (0x00A59593) slli a1, a1, 10
x11 <- 0x5555555555555400
mem[X,0x000000008003BD98] -> 0x8593
mem[X,0x000000008003BD9A] -> 0x1565
[7875] [M]: 0x000000008003BD98 (0x15658593) addi a1, a1, 342
x11 <- 0x5555555555555556
mem[X,0x000000008003BD9C] -> 0x0113
mem[X,0x000000008003BD9E] -> 0x0000
[7876] [M]: 0x000000008003BD9C (0x00000113) addi sp, zero, 0
x2 <- 0x0000000000000000
mem[X,0x000000008003BDA0] -> 0x006F
mem[X,0x000000008003BDA2] -> 0x00C0
[7877] [M]: 0x000000008003BDA0 (0x00C0006F) jal zero, 12
mem[X,0x000000008003BDAC] -> 0x4063
mem[X,0x000000008003BDAE] -> 0x04B5
[7878] [M]: 0x000000008003BDAC (0x04B54063) blt a0, a1, 64
mem[X,0x000000008003BDEC] -> 0x0113
mem[X,0x000000008003BDEE] -> 0x0031
[7879] [M]: 0x000000008003BDEC (0x00310113) addi sp, sp, 3
x2 <- 0x0000000000000003
mem[X,0x000000008003BDF0] -> 0x006F
mem[X,0x000000008003BDF2] -> 0x0040
[7880] [M]: 0x000000008003BDF0 (0x0040006F) jal zero, 4
mem[X,0x000000008003BDF4] -> 0xB423
mem[X,0x000000008003BDF6] -> 0x6C20
[7881] [M]: 0x000000008003BDF4 (0x6C20B423) sd sp, 1736(ra)
mem[0x00000000800500A0] <- 0x0000000000000003
mem[X,0x000000008003BDF8] -> 0x0537
mem[X,0x000000008003BDFA] -> 0x0000
[7882] [M]: 0x000000008003BDF8 (0x00000537) lui a0, 0
x10 <- 0x0000000000000000
mem[X,0x000000008003BDFC] -> 0x0513
mem[X,0x000000008003BDFE] -> 0x0005
[7883] [M]: 0x000000008003BDFC (0x00050513) addi a0, a0, 0
x10 <- 0x0000000000000000
mem[X,0x000000008003BE00] -> 0x1513
mem[X,0x000000008003BE02] -> 0x00B5
[7884] [M]: 0x000000008003BE00 (0x00B51513) slli a0, a0, 11
x10 <- 0x0000000000000000
mem[X,0x000000008003BE04] -> 0x0513
mem[X,0x000000008003BE06] -> 0x5A85
[7885] [M]: 0x000000008003BE04 (0x5A850513) addi a0, a0, 1448
x10 <- 0x00000000000005A8
mem[X,0x000000008003BE08] -> 0x1513
mem[X,0x000000008003BE0A] -> 0x00B5
[7886] [M]: 0x000000008003BE08 (0x00B51513) slli a0, a0, 11
x10 <- 0x00000000002D4000
mem[X,0x000000008003BE0C] -> 0x0513
mem[X,0x000000008003BE0E] -> 0x13C5
[7887] [M]: 0x000000008003BE0C (0x13C50513) addi a0, a0, 316
x10 <- 0x00000000002D413C
mem[X,0x000000008003BE10] -> 0x1513
mem[X,0x000000008003BE12] -> 0x00A5
[7888] [M]: 0x000000008003BE10 (0x00A51513) slli a0, a0, 10
x10 <- 0x00000000B504F000
mem[X,0x000000008003BE14] -> 0x0513
mem[X,0x000000008003BE16] -> 0x3325
[7889] [M]: 0x000000008003BE14 (0x33250513) addi a0, a0, 818
x10 <- 0x00000000B504F332
mem[X,0x000000008003BE18] -> 0xB5B7
mem[X,0x000000008003BE1A] -> 0xAAAA
[7890] [M]: 0x000000008003BE18 (0xAAAAB5B7) lui a1, 699051
x11 <- 0xFFFFFFFFAAAAB000
mem[X,0x000000008003BE1C] -> 0x8593
mem[X,0x000000008003BE1E] -> 0xAAA5
[7891] [M]: 0x000000008003BE1C (0xAAA58593) addi a1, a1, 2730
x11 <- 0xFFFFFFFFAAAAAAAA
mem[X,0x000000008003BE20] -> 0x9593
mem[X,0x000000008003BE22] -> 0x00B5
[7892] [M]: 0x000000008003BE20 (0x00B59593) slli a1, a1, 11
x11 <- 0xFFFFFD5555555000
mem[X,0x000000008003BE24] -> 0x8593
mem[X,0x000000008003BE26] -> 0x5555
[7893] [M]: 0x000000008003BE24 (0x55558593) addi a1, a1, 1365
x11 <- 0xFFFFFD5555555555
mem[X,0x000000008003BE28] -> 0x9593
mem[X,0x000000008003BE2A] -> 0x00B5
[7894] [M]: 0x000000008003BE28 (0x00B59593) slli a1, a1, 11
x11 <- 0xFFEAAAAAAAAAA800
mem[X,0x000000008003BE2C] -> 0x8593
mem[X,0x000000008003BE2E] -> 0x2AA5
[7895] [M]: 0x000000008003BE2C (0x2AA58593) addi a1, a1, 682
x11 <- 0xFFEAAAAAAAAAAAAA
mem[X,0x000000008003BE30] -> 0x9593
mem[X,0x000000008003BE32] -> 0x00A5
[7896] [M]: 0x000000008003BE30 (0x00A59593) slli a1, a1, 10
x11 <- 0xAAAAAAAAAAAAA800
mem[X,0x000000008003BE34] -> 0x8593
mem[X,0x000000008003BE36] -> 0x2AB5
[7897] [M]: 0x000000008003BE34 (0x2AB58593) addi a1, a1, 683
x11 <- 0xAAAAAAAAAAAAAAAB
mem[X,0x000000008003BE38] -> 0x0113
mem[X,0x000000008003BE3A] -> 0x0000
[7898] [M]: 0x000000008003BE38 (0x00000113) addi sp, zero, 0
x2 <- 0x0000000000000000
mem[X,0x000000008003BE3C] -> 0x006F
mem[X,0x000000008003BE3E] -> 0x00C0
[7899] [M]: 0x000000008003BE3C (0x00C0006F) jal zero, 12
clint::tick mtime <- 0x000000000000004F
 clint timer pending at mtime 0x000000000000004F
htif::tick 0x0000000000000000
mem[X,0x000000008003BE48] -> 0x4063
mem[X,0x000000008003BE4A] -> 0x20B5
[7900] [M]: 0x000000008003BE48 (0x20B54063) blt a0, a1, 512
mem[X,0x000000008003BE4C] -> 0x0113
mem[X,0x000000008003BE4E] -> 0x0021
[7901] [M]: 0x000000008003BE4C (0x00210113) addi sp, sp, 2
x2 <- 0x0000000000000002
mem[X,0x000000008003BE50] -> 0x006F
mem[X,0x000000008003BE52] -> 0x2000
[7902] [M]: 0x000000008003BE50 (0x2000006F) jal zero, 512
mem[X,0x000000008003C050] -> 0xB823
mem[X,0x000000008003C052] -> 0x6C20
[7903] [M]: 0x000000008003C050 (0x6C20B823) sd sp, 1744(ra)
mem[0x00000000800500A8] <- 0x0000000000000002
mem[X,0x000000008003C054] -> 0x0537
mem[X,0x000000008003C056] -> 0x0000
[7904] [M]: 0x000000008003C054 (0x00000537) lui a0, 0
x10 <- 0x0000000000000000
mem[X,0x000000008003C058] -> 0x0513
mem[X,0x000000008003C05A] -> 0x0005
[7905] [M]: 0x000000008003C058 (0x00050513) addi a0, a0, 0
x10 <- 0x0000000000000000
mem[X,0x000000008003C05C] -> 0x1513
mem[X,0x000000008003C05E] -> 0x00B5
[7906] [M]: 0x000000008003C05C (0x00B51513) slli a0, a0, 11
x10 <- 0x0000000000000000
mem[X,0x000000008003C060] -> 0x0513
mem[X,0x000000008003C062] -> 0x5A85
[7907] [M]: 0x000000008003C060 (0x5A850513) addi a0, a0, 1448
x10 <- 0x00000000000005A8
mem[X,0x000000008003C064] -> 0x1513
mem[X,0x000000008003C066] -> 0x00B5
[7908] [M]: 0x000000008003C064 (0x00B51513) slli a0, a0, 11
x10 <- 0x00000000002D4000
mem[X,0x000000008003C068] -> 0x0513
mem[X,0x000000008003C06A] -> 0x13C5
[7909] [M]: 0x000000008003C068 (0x13C50513) addi a0, a0, 316
x10 <- 0x00000000002D413C
mem[X,0x000000008003C06C] -> 0x1513
mem[X,0x000000008003C06E] -> 0x00A5
[7910] [M]: 0x000000008003C06C (0x00A51513) slli a0, a0, 10
x10 <- 0x00000000B504F000
mem[X,0x000000008003C070] -> 0x0513
mem[X,0x000000008003C072] -> 0x3325
[7911] [M]: 0x000000008003C070 (0x33250513) addi a0, a0, 818
x10 <- 0x00000000B504F332
mem[X,0x000000008003C074] -> 0x0593
mem[X,0x000000008003C076] -> 0x0060
[7912] [M]: 0x000000008003C074 (0x00600593) addi a1, zero, 6
x11 <- 0x0000000000000006
mem[X,0x000000008003C078] -> 0x0113
mem[X,0x000000008003C07A] -> 0x0000
[7913] [M]: 0x000000008003C078 (0x00000113) addi sp, zero, 0
x2 <- 0x0000000000000000
mem[X,0x000000008003C07C] -> 0x006F
mem[X,0x000000008003C07E] -> 0x0050
[7914] [M]: 0x000000008003C07C (0x0050006F) jal zero, 2052
mem[X,0x000000008003C880] -> 0x40E3
mem[X,0x000000008003C882] -> 0x80B5
[7915] [M]: 0x000000008003C880 (0x80B540E3) blt a0, a1, 6144
mem[X,0x000000008003C884] -> 0x0113
mem[X,0x000000008003C886] -> 0x0021
[7916] [M]: 0x000000008003C884 (0x00210113) addi sp, sp, 2
x2 <- 0x0000000000000002
mem[X,0x000000008003C888] -> 0x006F
mem[X,0x000000008003C88A] -> 0x00C0
[7917] [M]: 0x000000008003C888 (0x00C0006F) jal zero, 12
mem[X,0x000000008003C894] -> 0xBC23
mem[X,0x000000008003C896] -> 0x6C20
[7918] [M]: 0x000000008003C894 (0x6C20BC23) sd sp, 1752(ra)
mem[0x00000000800500B0] <- 0x0000000000000002
mem[X,0x000000008003C898] -> 0x0537
mem[X,0x000000008003C89A] -> 0x0000
[7919] [M]: 0x000000008003C898 (0x00000537) lui a0, 0
x10 <- 0x0000000000000000
mem[X,0x000000008003C89C] -> 0x0513
mem[X,0x000000008003C89E] -> 0x0005
[7920] [M]: 0x000000008003C89C (0x00050513) addi a0, a0, 0
x10 <- 0x0000000000000000
mem[X,0x000000008003C8A0] -> 0x1513
mem[X,0x000000008003C8A2] -> 0x00B5
[7921] [M]: 0x000000008003C8A0 (0x00B51513) slli a0, a0, 11
x10 <- 0x0000000000000000
mem[X,0x000000008003C8A4] -> 0x0513
mem[X,0x000000008003C8A6] -> 0x5A85
[7922] [M]: 0x000000008003C8A4 (0x5A850513) addi a0, a0, 1448
x10 <- 0x00000000000005A8
mem[X,0x000000008003C8A8] -> 0x1513
mem[X,0x000000008003C8AA] -> 0x00B5
[7923] [M]: 0x000000008003C8A8 (0x00B51513) slli a0, a0, 11
x10 <- 0x00000000002D4000
mem[X,0x000000008003C8AC] -> 0x0513
mem[X,0x000000008003C8AE] -> 0x13C5
[7924] [M]: 0x000000008003C8AC (0x13C50513) addi a0, a0, 316
x10 <- 0x00000000002D413C
mem[X,0x000000008003C8B0] -> 0x1513
mem[X,0x000000008003C8B2] -> 0x00A5
[7925] [M]: 0x000000008003C8B0 (0x00A51513) slli a0, a0, 10
x10 <- 0x00000000B504F000
mem[X,0x000000008003C8B4] -> 0x0513
mem[X,0x000000008003C8B6] -> 0x3325
[7926] [M]: 0x000000008003C8B4 (0x33250513) addi a0, a0, 818
x10 <- 0x00000000B504F332
mem[X,0x000000008003C8B8] -> 0x35B7
mem[X,0x000000008003C8BA] -> 0x3333
[7927] [M]: 0x000000008003C8B8 (0x333335B7) lui a1, 209715
x11 <- 0x0000000033333000
mem[X,0x000000008003C8BC] -> 0x8593
mem[X,0x000000008003C8BE] -> 0x3335
[7928] [M]: 0x000000008003C8BC (0x33358593) addi a1, a1, 819
x11 <- 0x0000000033333333
mem[X,0x000000008003C8C0] -> 0x9593
mem[X,0x000000008003C8C2] -> 0x00B5
[7929] [M]: 0x000000008003C8C0 (0x00B59593) slli a1, a1, 11
x11 <- 0x0000019999999800
mem[X,0x000000008003C8C4] -> 0x8593
mem[X,0x000000008003C8C6] -> 0x1995
[7930] [M]: 0x000000008003C8C4 (0x19958593) addi a1, a1, 409
x11 <- 0x0000019999999999
mem[X,0x000000008003C8C8] -> 0x9593
mem[X,0x000000008003C8CA] -> 0x00B5
[7931] [M]: 0x000000008003C8C8 (0x00B59593) slli a1, a1, 11
x11 <- 0x000CCCCCCCCCC800
mem[X,0x000000008003C8CC] -> 0x8593
mem[X,0x000000008003C8CE] -> 0x4CC5
[7932] [M]: 0x000000008003C8CC (0x4CC58593) addi a1, a1, 1228
x11 <- 0x000CCCCCCCCCCCCC
mem[X,0x000000008003C8D0] -> 0x9593
mem[X,0x000000008003C8D2] -> 0x00A5
[7933] [M]: 0x000000008003C8D0 (0x00A59593) slli a1, a1, 10
x11 <- 0x3333333333333000
mem[X,0x000000008003C8D4] -> 0x8593
mem[X,0x000000008003C8D6] -> 0x3345
[7934] [M]: 0x000000008003C8D4 (0x33458593) addi a1, a1, 820
x11 <- 0x3333333333333334
mem[X,0x000000008003C8D8] -> 0x0113
mem[X,0x000000008003C8DA] -> 0x0000
[7935] [M]: 0x000000008003C8D8 (0x00000113) addi sp, zero, 0
x2 <- 0x0000000000000000
mem[X,0x000000008003C8DC] -> 0x006F
mem[X,0x000000008003C8DE] -> 0x00C0
[7936] [M]: 0x000000008003C8DC (0x00C0006F) jal zero, 12
mem[X,0x000000008003C8E8] -> 0x4CE3
mem[X,0x000000008003C8EA] -> 0xFEB5
[7937] [M]: 0x000000008003C8E8 (0xFEB54CE3) blt a0, a1, 8184
mem[X,0x000000008003C8E0] -> 0x0113
mem[X,0x000000008003C8E2] -> 0x0011
[7938] [M]: 0x000000008003C8E0 (0x00110113) addi sp, sp, 1
x2 <- 0x0000000000000001
mem[X,0x000000008003C8E4] -> 0x006F
mem[X,0x000000008003C8E6] -> 0x0180
[7939] [M]: 0x000000008003C8E4 (0x0180006F) jal zero, 24
mem[X,0x000000008003C8FC] -> 0xB023
mem[X,0x000000008003C8FE] -> 0x6E20
[7940] [M]: 0x000000008003C8FC (0x6E20B023) sd sp, 1760(ra)
mem[0x00000000800500B8] <- 0x0000000000000001
mem[X,0x000000008003C900] -> 0x0537
mem[X,0x000000008003C902] -> 0x0000
[7941] [M]: 0x000000008003C900 (0x00000537) lui a0, 0
x10 <- 0x0000000000000000
mem[X,0x000000008003C904] -> 0x0513
mem[X,0x000000008003C906] -> 0x0005
[7942] [M]: 0x000000008003C904 (0x00050513) addi a0, a0, 0
x10 <- 0x0000000000000000
mem[X,0x000000008003C908] -> 0x1513
mem[X,0x000000008003C90A] -> 0x00B5
[7943] [M]: 0x000000008003C908 (0x00B51513) slli a0, a0, 11
x10 <- 0x0000000000000000
mem[X,0x000000008003C90C] -> 0x0513
mem[X,0x000000008003C90E] -> 0x5A85
[7944] [M]: 0x000000008003C90C (0x5A850513) addi a0, a0, 1448
x10 <- 0x00000000000005A8
mem[X,0x000000008003C910] -> 0x1513
mem[X,0x000000008003C912] -> 0x00B5
[7945] [M]: 0x000000008003C910 (0x00B51513) slli a0, a0, 11
x10 <- 0x00000000002D4000
mem[X,0x000000008003C914] -> 0x0513
mem[X,0x000000008003C916] -> 0x13C5
[7946] [M]: 0x000000008003C914 (0x13C50513) addi a0, a0, 316
x10 <- 0x00000000002D413C
mem[X,0x000000008003C918] -> 0x1513
mem[X,0x000000008003C91A] -> 0x00A5
[7947] [M]: 0x000000008003C918 (0x00A51513) slli a0, a0, 10
x10 <- 0x00000000B504F000
mem[X,0x000000008003C91C] -> 0x0513
mem[X,0x000000008003C91E] -> 0x3325
[7948] [M]: 0x000000008003C91C (0x33250513) addi a0, a0, 818
x10 <- 0x00000000B504F332
mem[X,0x000000008003C920] -> 0x65B7
mem[X,0x000000008003C922] -> 0x6666
[7949] [M]: 0x000000008003C920 (0x666665B7) lui a1, 419430
x11 <- 0x0000000066666000
mem[X,0x000000008003C924] -> 0x8593
mem[X,0x000000008003C926] -> 0x6665
[7950] [M]: 0x000000008003C924 (0x66658593) addi a1, a1, 1638
x11 <- 0x0000000066666666
mem[X,0x000000008003C928] -> 0x9593
mem[X,0x000000008003C92A] -> 0x00B5
[7951] [M]: 0x000000008003C928 (0x00B59593) slli a1, a1, 11
x11 <- 0x0000033333333000
mem[X,0x000000008003C92C] -> 0x8593
mem[X,0x000000008003C92E] -> 0x3335
[7952] [M]: 0x000000008003C92C (0x33358593) addi a1, a1, 819
x11 <- 0x0000033333333333
mem[X,0x000000008003C930] -> 0x9593
mem[X,0x000000008003C932] -> 0x00B5
[7953] [M]: 0x000000008003C930 (0x00B59593) slli a1, a1, 11
x11 <- 0x0019999999999800
mem[X,0x000000008003C934] -> 0x8593
mem[X,0x000000008003C936] -> 0x1995
[7954] [M]: 0x000000008003C934 (0x19958593) addi a1, a1, 409
x11 <- 0x0019999999999999
mem[X,0x000000008003C938] -> 0x9593
mem[X,0x000000008003C93A] -> 0x00A5
[7955] [M]: 0x000000008003C938 (0x00A59593) slli a1, a1, 10
x11 <- 0x6666666666666400
mem[X,0x000000008003C93C] -> 0x8593
mem[X,0x000000008003C93E] -> 0x2675
[7956] [M]: 0x000000008003C93C (0x26758593) addi a1, a1, 615
x11 <- 0x6666666666666667
mem[X,0x000000008003C940] -> 0x0113
mem[X,0x000000008003C942] -> 0x0000
[7957] [M]: 0x000000008003C940 (0x00000113) addi sp, zero, 0
x2 <- 0x0000000000000000
mem[X,0x000000008003C944] -> 0x006F
mem[X,0x000000008003C946] -> 0x00C0
[7958] [M]: 0x000000008003C944 (0x00C0006F) jal zero, 12
mem[X,0x000000008003C950] -> 0x4663
mem[X,0x000000008003C952] -> 0x00B5
[7959] [M]: 0x000000008003C950 (0x00B54663) blt a0, a1, 12
mem[X,0x000000008003C95C] -> 0x0113
mem[X,0x000000008003C95E] -> 0x0031
[7960] [M]: 0x000000008003C95C (0x00310113) addi sp, sp, 3
x2 <- 0x0000000000000003
mem[X,0x000000008003C960] -> 0x006F
mem[X,0x000000008003C962] -> 0x0040
[7961] [M]: 0x000000008003C960 (0x0040006F) jal zero, 4
mem[X,0x000000008003C964] -> 0xB423
mem[X,0x000000008003C966] -> 0x6E20
[7962] [M]: 0x000000008003C964 (0x6E20B423) sd sp, 1768(ra)
mem[0x00000000800500C0] <- 0x0000000000000003
mem[X,0x000000008003C968] -> 0x0537
mem[X,0x000000008003C96A] -> 0x0000
[7963] [M]: 0x000000008003C968 (0x00000537) lui a0, 0
x10 <- 0x0000000000000000
mem[X,0x000000008003C96C] -> 0x0513
mem[X,0x000000008003C96E] -> 0x0005
[7964] [M]: 0x000000008003C96C (0x00050513) addi a0, a0, 0
x10 <- 0x0000000000000000
mem[X,0x000000008003C970] -> 0x1513
mem[X,0x000000008003C972] -> 0x00B5
[7965] [M]: 0x000000008003C970 (0x00B51513) slli a0, a0, 11
x10 <- 0x0000000000000000
mem[X,0x000000008003C974] -> 0x0513
mem[X,0x000000008003C976] -> 0x5A85
[7966] [M]: 0x000000008003C974 (0x5A850513) addi a0, a0, 1448
x10 <- 0x00000000000005A8
mem[X,0x000000008003C978] -> 0x1513
mem[X,0x000000008003C97A] -> 0x00B5
[7967] [M]: 0x000000008003C978 (0x00B51513) slli a0, a0, 11
x10 <- 0x00000000002D4000
mem[X,0x000000008003C97C] -> 0x0513
mem[X,0x000000008003C97E] -> 0x13C5
[7968] [M]: 0x000000008003C97C (0x13C50513) addi a0, a0, 316
x10 <- 0x00000000002D413C
mem[X,0x000000008003C980] -> 0x1513
mem[X,0x000000008003C982] -> 0x00A5
[7969] [M]: 0x000000008003C980 (0x00A51513) slli a0, a0, 10
x10 <- 0x00000000B504F000
mem[X,0x000000008003C984] -> 0x0513
mem[X,0x000000008003C986] -> 0x3325
[7970] [M]: 0x000000008003C984 (0x33250513) addi a0, a0, 818
x10 <- 0x00000000B504F332
mem[X,0x000000008003C988] -> 0x05B7
mem[X,0x000000008003C98A] -> 0x0000
[7971] [M]: 0x000000008003C988 (0x000005B7) lui a1, 0
x11 <- 0x0000000000000000
mem[X,0x000000008003C98C] -> 0x8593
mem[X,0x000000008003C98E] -> 0xFFF5
[7972] [M]: 0x000000008003C98C (0xFFF58593) addi a1, a1, 4095
x11 <- 0xFFFFFFFFFFFFFFFF
mem[X,0x000000008003C990] -> 0x9593
mem[X,0x000000008003C992] -> 0x00B5
[7973] [M]: 0x000000008003C990 (0x00B59593) slli a1, a1, 11
x11 <- 0xFFFFFFFFFFFFF800
mem[X,0x000000008003C994] -> 0x8593
mem[X,0x000000008003C996] -> 0x2575
[7974] [M]: 0x000000008003C994 (0x25758593) addi a1, a1, 599
x11 <- 0xFFFFFFFFFFFFFA57
mem[X,0x000000008003C998] -> 0x9593
mem[X,0x000000008003C99A] -> 0x00B5
[7975] [M]: 0x000000008003C998 (0x00B59593) slli a1, a1, 11
x11 <- 0xFFFFFFFFFFD2B800
mem[X,0x000000008003C99C] -> 0x8593
mem[X,0x000000008003C99E] -> 0x6C35
[7976] [M]: 0x000000008003C99C (0x6C358593) addi a1, a1, 1731
x11 <- 0xFFFFFFFFFFD2BEC3
mem[X,0x000000008003C9A0] -> 0x9593
mem[X,0x000000008003C9A2] -> 0x00A5
[7977] [M]: 0x000000008003C9A0 (0x00A59593) slli a1, a1, 10
x11 <- 0xFFFFFFFF4AFB0C00
mem[X,0x000000008003C9A4] -> 0x8593
mem[X,0x000000008003C9A6] -> 0x0CE5
[7978] [M]: 0x000000008003C9A4 (0x0CE58593) addi a1, a1, 206
x11 <- 0xFFFFFFFF4AFB0CCE
mem[X,0x000000008003C9A8] -> 0x0113
mem[X,0x000000008003C9AA] -> 0x0000
[7979] [M]: 0x000000008003C9A8 (0x00000113) addi sp, zero, 0
x2 <- 0x0000000000000000
mem[X,0x000000008003C9AC] -> 0x006F
mem[X,0x000000008003C9AE] -> 0x00C0
[7980] [M]: 0x000000008003C9AC (0x00C0006F) jal zero, 12
mem[X,0x000000008003C9B8] -> 0x4CE3
mem[X,0x000000008003C9BA] -> 0xFEB5
[7981] [M]: 0x000000008003C9B8 (0xFEB54CE3) blt a0, a1, 8184
mem[X,0x000000008003C9BC] -> 0x0113
mem[X,0x000000008003C9BE] -> 0x0021
[7982] [M]: 0x000000008003C9BC (0x00210113) addi sp, sp, 2
x2 <- 0x0000000000000002
mem[X,0x000000008003C9C0] -> 0x006F
mem[X,0x000000008003C9C2] -> 0x00C0
[7983] [M]: 0x000000008003C9C0 (0x00C0006F) jal zero, 12
mem[X,0x000000008003C9CC] -> 0xB823
mem[X,0x000000008003C9CE] -> 0x6E20
[7984] [M]: 0x000000008003C9CC (0x6E20B823) sd sp, 1776(ra)
mem[0x00000000800500C8] <- 0x0000000000000002
mem[X,0x000000008003C9D0] -> 0x0537
mem[X,0x000000008003C9D2] -> 0x0000
[7985] [M]: 0x000000008003C9D0 (0x00000537) lui a0, 0
x10 <- 0x0000000000000000
mem[X,0x000000008003C9D4] -> 0x0513
mem[X,0x000000008003C9D6] -> 0x0005
[7986] [M]: 0x000000008003C9D4 (0x00050513) addi a0, a0, 0
x10 <- 0x0000000000000000
mem[X,0x000000008003C9D8] -> 0x1513
mem[X,0x000000008003C9DA] -> 0x00B5
[7987] [M]: 0x000000008003C9D8 (0x00B51513) slli a0, a0, 11
x10 <- 0x0000000000000000
mem[X,0x000000008003C9DC] -> 0x0513
mem[X,0x000000008003C9DE] -> 0x5A85
[7988] [M]: 0x000000008003C9DC (0x5A850513) addi a0, a0, 1448
x10 <- 0x00000000000005A8
mem[X,0x000000008003C9E0] -> 0x1513
mem[X,0x000000008003C9E2] -> 0x00B5
[7989] [M]: 0x000000008003C9E0 (0x00B51513) slli a0, a0, 11
x10 <- 0x00000000002D4000
mem[X,0x000000008003C9E4] -> 0x0513
mem[X,0x000000008003C9E6] -> 0x13C5
[7990] [M]: 0x000000008003C9E4 (0x13C50513) addi a0, a0, 316
x10 <- 0x00000000002D413C
mem[X,0x000000008003C9E8] -> 0x1513
mem[X,0x000000008003C9EA] -> 0x00A5
[7991] [M]: 0x000000008003C9E8 (0x00A51513) slli a0, a0, 10
x10 <- 0x00000000B504F000
mem[X,0x000000008003C9EC] -> 0x0513
mem[X,0x000000008003C9EE] -> 0x3325
[7992] [M]: 0x000000008003C9EC (0x33250513) addi a0, a0, 818
x10 <- 0x00000000B504F332
mem[X,0x000000008003C9F0] -> 0x05B7
mem[X,0x000000008003C9F2] -> 0x0000
[7993] [M]: 0x000000008003C9F0 (0x000005B7) lui a1, 0
x11 <- 0x0000000000000000
mem[X,0x000000008003C9F4] -> 0x8593
mem[X,0x000000008003C9F6] -> 0x0005
[7994] [M]: 0x000000008003C9F4 (0x00058593) addi a1, a1, 0
x11 <- 0x0000000000000000
mem[X,0x000000008003C9F8] -> 0x9593
mem[X,0x000000008003C9FA] -> 0x00B5
[7995] [M]: 0x000000008003C9F8 (0x00B59593) slli a1, a1, 11
x11 <- 0x0000000000000000
mem[X,0x000000008003C9FC] -> 0x8593
mem[X,0x000000008003C9FE] -> 0x5A85
[7996] [M]: 0x000000008003C9FC (0x5A858593) addi a1, a1, 1448
x11 <- 0x00000000000005A8
mem[X,0x000000008003CA00] -> 0x9593
mem[X,0x000000008003CA02] -> 0x00B5
[7997] [M]: 0x000000008003CA00 (0x00B59593) slli a1, a1, 11
x11 <- 0x00000000002D4000
mem[X,0x000000008003CA04] -> 0x8593
mem[X,0x000000008003CA06] -> 0x13C5
[7998] [M]: 0x000000008003CA04 (0x13C58593) addi a1, a1, 316
x11 <- 0x00000000002D413C
mem[X,0x000000008003CA08] -> 0x9593
mem[X,0x000000008003CA0A] -> 0x00A5
[7999] [M]: 0x000000008003CA08 (0x00A59593) slli a1, a1, 10
x11 <- 0x00000000B504F000
clint::tick mtime <- 0x0000000000000050
 clint timer pending at mtime 0x0000000000000050
htif::tick 0x0000000000000000
mem[X,0x000000008003CA0C] -> 0x8593
mem[X,0x000000008003CA0E] -> 0x3345
[8000] [M]: 0x000000008003CA0C (0x33458593) addi a1, a1, 820
x11 <- 0x00000000B504F334
mem[X,0x000000008003CA10] -> 0x0113
mem[X,0x000000008003CA12] -> 0x0000
[8001] [M]: 0x000000008003CA10 (0x00000113) addi sp, zero, 0
x2 <- 0x0000000000000000
mem[X,0x000000008003CA14] -> 0x006F
mem[X,0x000000008003CA16] -> 0x00C0
[8002] [M]: 0x000000008003CA14 (0x00C0006F) jal zero, 12
mem[X,0x000000008003CA20] -> 0x4063
mem[X,0x000000008003CA22] -> 0x40B5
[8003] [M]: 0x000000008003CA20 (0x40B54063) blt a0, a1, 1024
mem[X,0x000000008003CE20] -> 0x0113
mem[X,0x000000008003CE22] -> 0x0031
[8004] [M]: 0x000000008003CE20 (0x00310113) addi sp, sp, 3
x2 <- 0x0000000000000003
mem[X,0x000000008003CE24] -> 0x006F
mem[X,0x000000008003CE26] -> 0x0040
[8005] [M]: 0x000000008003CE24 (0x0040006F) jal zero, 4
mem[X,0x000000008003CE28] -> 0xBC23
mem[X,0x000000008003CE2A] -> 0x6E20
[8006] [M]: 0x000000008003CE28 (0x6E20BC23) sd sp, 1784(ra)
mem[0x00000000800500D0] <- 0x0000000000000003
mem[X,0x000000008003CE2C] -> 0x5537
mem[X,0x000000008003CE2E] -> 0x5555
[8007] [M]: 0x000000008003CE2C (0x55555537) lui a0, 349525
x10 <- 0x0000000055555000
mem[X,0x000000008003CE30] -> 0x0513
mem[X,0x000000008003CE32] -> 0x5555
[8008] [M]: 0x000000008003CE30 (0x55550513) addi a0, a0, 1365
x10 <- 0x0000000055555555
mem[X,0x000000008003CE34] -> 0x1513
mem[X,0x000000008003CE36] -> 0x00B5
[8009] [M]: 0x000000008003CE34 (0x00B51513) slli a0, a0, 11
x10 <- 0x000002AAAAAAA800
mem[X,0x000000008003CE38] -> 0x0513
mem[X,0x000000008003CE3A] -> 0x2AA5
[8010] [M]: 0x000000008003CE38 (0x2AA50513) addi a0, a0, 682
x10 <- 0x000002AAAAAAAAAA
mem[X,0x000000008003CE3C] -> 0x1513
mem[X,0x000000008003CE3E] -> 0x00B5
[8011] [M]: 0x000000008003CE3C (0x00B51513) slli a0, a0, 11
x10 <- 0x0015555555555000
mem[X,0x000000008003CE40] -> 0x0513
mem[X,0x000000008003CE42] -> 0x5555
[8012] [M]: 0x000000008003CE40 (0x55550513) addi a0, a0, 1365
x10 <- 0x0015555555555555
mem[X,0x000000008003CE44] -> 0x1513
mem[X,0x000000008003CE46] -> 0x00A5
[8013] [M]: 0x000000008003CE44 (0x00A51513) slli a0, a0, 10
x10 <- 0x5555555555555400
mem[X,0x000000008003CE48] -> 0x0513
mem[X,0x000000008003CE4A] -> 0x1565
[8014] [M]: 0x000000008003CE48 (0x15650513) addi a0, a0, 342
x10 <- 0x5555555555555556
mem[X,0x000000008003CE4C] -> 0x0593
mem[X,0x000000008003CE4E] -> 0x0030
[8015] [M]: 0x000000008003CE4C (0x00300593) addi a1, zero, 3
x11 <- 0x0000000000000003
mem[X,0x000000008003CE50] -> 0x0113
mem[X,0x000000008003CE52] -> 0x0000
[8016] [M]: 0x000000008003CE50 (0x00000113) addi sp, zero, 0
x2 <- 0x0000000000000000
mem[X,0x000000008003CE54] -> 0x006F
mem[X,0x000000008003CE56] -> 0x00C0
[8017] [M]: 0x000000008003CE54 (0x00C0006F) jal zero, 12
mem[X,0x000000008003CE60] -> 0x4063
mem[X,0x000000008003CE62] -> 0x08B5
[8018] [M]: 0x000000008003CE60 (0x08B54063) blt a0, a1, 128
mem[X,0x000000008003CE64] -> 0x0113
mem[X,0x000000008003CE66] -> 0x0021
[8019] [M]: 0x000000008003CE64 (0x00210113) addi sp, sp, 2
x2 <- 0x0000000000000002
mem[X,0x000000008003CE68] -> 0x006F
mem[X,0x000000008003CE6A] -> 0x0800
[8020] [M]: 0x000000008003CE68 (0x0800006F) jal zero, 128
mem[X,0x000000008003CEE8] -> 0xB023
mem[X,0x000000008003CEEA] -> 0x7020
[8021] [M]: 0x000000008003CEE8 (0x7020B023) sd sp, 1792(ra)
mem[0x00000000800500D8] <- 0x0000000000000002
mem[X,0x000000008003CEEC] -> 0x5537
mem[X,0x000000008003CEEE] -> 0x5555
[8022] [M]: 0x000000008003CEEC (0x55555537) lui a0, 349525
x10 <- 0x0000000055555000
mem[X,0x000000008003CEF0] -> 0x0513
mem[X,0x000000008003CEF2] -> 0x5555
[8023] [M]: 0x000000008003CEF0 (0x55550513) addi a0, a0, 1365
x10 <- 0x0000000055555555
mem[X,0x000000008003CEF4] -> 0x1513
mem[X,0x000000008003CEF6] -> 0x00B5
[8024] [M]: 0x000000008003CEF4 (0x00B51513) slli a0, a0, 11
x10 <- 0x000002AAAAAAA800
mem[X,0x000000008003CEF8] -> 0x0513
mem[X,0x000000008003CEFA] -> 0x2AA5
[8025] [M]: 0x000000008003CEF8 (0x2AA50513) addi a0, a0, 682
x10 <- 0x000002AAAAAAAAAA
mem[X,0x000000008003CEFC] -> 0x1513
mem[X,0x000000008003CEFE] -> 0x00B5
[8026] [M]: 0x000000008003CEFC (0x00B51513) slli a0, a0, 11
x10 <- 0x0015555555555000
mem[X,0x000000008003CF00] -> 0x0513
mem[X,0x000000008003CF02] -> 0x5555
[8027] [M]: 0x000000008003CF00 (0x55550513) addi a0, a0, 1365
x10 <- 0x0015555555555555
mem[X,0x000000008003CF04] -> 0x1513
mem[X,0x000000008003CF06] -> 0x00A5
[8028] [M]: 0x000000008003CF04 (0x00A51513) slli a0, a0, 10
x10 <- 0x5555555555555400
mem[X,0x000000008003CF08] -> 0x0513
mem[X,0x000000008003CF0A] -> 0x1565
[8029] [M]: 0x000000008003CF08 (0x15650513) addi a0, a0, 342
x10 <- 0x5555555555555556
mem[X,0x000000008003CF0C] -> 0x55B7
mem[X,0x000000008003CF0E] -> 0x5555
[8030] [M]: 0x000000008003CF0C (0x555555B7) lui a1, 349525
x11 <- 0x0000000055555000
mem[X,0x000000008003CF10] -> 0x8593
mem[X,0x000000008003CF12] -> 0x5555
[8031] [M]: 0x000000008003CF10 (0x55558593) addi a1, a1, 1365
x11 <- 0x0000000055555555
mem[X,0x000000008003CF14] -> 0x9593
mem[X,0x000000008003CF16] -> 0x00B5
[8032] [M]: 0x000000008003CF14 (0x00B59593) slli a1, a1, 11
x11 <- 0x000002AAAAAAA800
mem[X,0x000000008003CF18] -> 0x8593
mem[X,0x000000008003CF1A] -> 0x2AA5
[8033] [M]: 0x000000008003CF18 (0x2AA58593) addi a1, a1, 682
x11 <- 0x000002AAAAAAAAAA
mem[X,0x000000008003CF1C] -> 0x9593
mem[X,0x000000008003CF1E] -> 0x00B5
[8034] [M]: 0x000000008003CF1C (0x00B59593) slli a1, a1, 11
x11 <- 0x0015555555555000
mem[X,0x000000008003CF20] -> 0x8593
mem[X,0x000000008003CF22] -> 0x5555
[8035] [M]: 0x000000008003CF20 (0x55558593) addi a1, a1, 1365
x11 <- 0x0015555555555555
mem[X,0x000000008003CF24] -> 0x9593
mem[X,0x000000008003CF26] -> 0x00A5
[8036] [M]: 0x000000008003CF24 (0x00A59593) slli a1, a1, 10
x11 <- 0x5555555555555400
mem[X,0x000000008003CF28] -> 0x8593
mem[X,0x000000008003CF2A] -> 0x1555
[8037] [M]: 0x000000008003CF28 (0x15558593) addi a1, a1, 341
x11 <- 0x5555555555555555
mem[X,0x000000008003CF2C] -> 0x0113
mem[X,0x000000008003CF2E] -> 0x0000
[8038] [M]: 0x000000008003CF2C (0x00000113) addi sp, zero, 0
x2 <- 0x0000000000000000
mem[X,0x000000008003CF30] -> 0x006F
mem[X,0x000000008003CF32] -> 0x00C0
[8039] [M]: 0x000000008003CF30 (0x00C0006F) jal zero, 12
mem[X,0x000000008003CF3C] -> 0x4063
mem[X,0x000000008003CF3E] -> 0x04B5
[8040] [M]: 0x000000008003CF3C (0x04B54063) blt a0, a1, 64
mem[X,0x000000008003CF40] -> 0x0113
mem[X,0x000000008003CF42] -> 0x0021
[8041] [M]: 0x000000008003CF40 (0x00210113) addi sp, sp, 2
x2 <- 0x0000000000000002
mem[X,0x000000008003CF44] -> 0x006F
mem[X,0x000000008003CF46] -> 0x0400
[8042] [M]: 0x000000008003CF44 (0x0400006F) jal zero, 64
mem[X,0x000000008003CF84] -> 0xB423
mem[X,0x000000008003CF86] -> 0x7020
[8043] [M]: 0x000000008003CF84 (0x7020B423) sd sp, 1800(ra)
mem[0x00000000800500E0] <- 0x0000000000000002
mem[X,0x000000008003CF88] -> 0x5537
mem[X,0x000000008003CF8A] -> 0x5555
[8044] [M]: 0x000000008003CF88 (0x55555537) lui a0, 349525
x10 <- 0x0000000055555000
mem[X,0x000000008003CF8C] -> 0x0513
mem[X,0x000000008003CF8E] -> 0x5555
[8045] [M]: 0x000000008003CF8C (0x55550513) addi a0, a0, 1365
x10 <- 0x0000000055555555
mem[X,0x000000008003CF90] -> 0x1513
mem[X,0x000000008003CF92] -> 0x00B5
[8046] [M]: 0x000000008003CF90 (0x00B51513) slli a0, a0, 11
x10 <- 0x000002AAAAAAA800
mem[X,0x000000008003CF94] -> 0x0513
mem[X,0x000000008003CF96] -> 0x2AA5
[8047] [M]: 0x000000008003CF94 (0x2AA50513) addi a0, a0, 682
x10 <- 0x000002AAAAAAAAAA
mem[X,0x000000008003CF98] -> 0x1513
mem[X,0x000000008003CF9A] -> 0x00B5
[8048] [M]: 0x000000008003CF98 (0x00B51513) slli a0, a0, 11
x10 <- 0x0015555555555000
mem[X,0x000000008003CF9C] -> 0x0513
mem[X,0x000000008003CF9E] -> 0x5555
[8049] [M]: 0x000000008003CF9C (0x55550513) addi a0, a0, 1365
x10 <- 0x0015555555555555
mem[X,0x000000008003CFA0] -> 0x1513
mem[X,0x000000008003CFA2] -> 0x00A5
[8050] [M]: 0x000000008003CFA0 (0x00A51513) slli a0, a0, 10
x10 <- 0x5555555555555400
mem[X,0x000000008003CFA4] -> 0x0513
mem[X,0x000000008003CFA6] -> 0x1565
[8051] [M]: 0x000000008003CFA4 (0x15650513) addi a0, a0, 342
x10 <- 0x5555555555555556
mem[X,0x000000008003CFA8] -> 0xB5B7
mem[X,0x000000008003CFAA] -> 0xAAAA
[8052] [M]: 0x000000008003CFA8 (0xAAAAB5B7) lui a1, 699051
x11 <- 0xFFFFFFFFAAAAB000
mem[X,0x000000008003CFAC] -> 0x8593
mem[X,0x000000008003CFAE] -> 0xAAA5
[8053] [M]: 0x000000008003CFAC (0xAAA58593) addi a1, a1, 2730
x11 <- 0xFFFFFFFFAAAAAAAA
mem[X,0x000000008003CFB0] -> 0x9593
mem[X,0x000000008003CFB2] -> 0x00B5
[8054] [M]: 0x000000008003CFB0 (0x00B59593) slli a1, a1, 11
x11 <- 0xFFFFFD5555555000
mem[X,0x000000008003CFB4] -> 0x8593
mem[X,0x000000008003CFB6] -> 0x5555
[8055] [M]: 0x000000008003CFB4 (0x55558593) addi a1, a1, 1365
x11 <- 0xFFFFFD5555555555
mem[X,0x000000008003CFB8] -> 0x9593
mem[X,0x000000008003CFBA] -> 0x00B5
[8056] [M]: 0x000000008003CFB8 (0x00B59593) slli a1, a1, 11
x11 <- 0xFFEAAAAAAAAAA800
mem[X,0x000000008003CFBC] -> 0x8593
mem[X,0x000000008003CFBE] -> 0x2AA5
[8057] [M]: 0x000000008003CFBC (0x2AA58593) addi a1, a1, 682
x11 <- 0xFFEAAAAAAAAAAAAA
mem[X,0x000000008003CFC0] -> 0x9593
mem[X,0x000000008003CFC2] -> 0x00A5
[8058] [M]: 0x000000008003CFC0 (0x00A59593) slli a1, a1, 10
x11 <- 0xAAAAAAAAAAAAA800
mem[X,0x000000008003CFC4] -> 0x8593
mem[X,0x000000008003CFC6] -> 0x2AA5
[8059] [M]: 0x000000008003CFC4 (0x2AA58593) addi a1, a1, 682
x11 <- 0xAAAAAAAAAAAAAAAA
mem[X,0x000000008003CFC8] -> 0x0113
mem[X,0x000000008003CFCA] -> 0x0000
[8060] [M]: 0x000000008003CFC8 (0x00000113) addi sp, zero, 0
x2 <- 0x0000000000000000
mem[X,0x000000008003CFCC] -> 0x006F
mem[X,0x000000008003CFCE] -> 0x0050
[8061] [M]: 0x000000008003CFCC (0x0050006F) jal zero, 2052
mem[X,0x000000008003D7D0] -> 0x40E3
mem[X,0x000000008003D7D2] -> 0x80B5
[8062] [M]: 0x000000008003D7D0 (0x80B540E3) blt a0, a1, 6144
mem[X,0x000000008003D7D4] -> 0x0113
mem[X,0x000000008003D7D6] -> 0x0021
[8063] [M]: 0x000000008003D7D4 (0x00210113) addi sp, sp, 2
x2 <- 0x0000000000000002
mem[X,0x000000008003D7D8] -> 0x006F
mem[X,0x000000008003D7DA] -> 0x00C0
[8064] [M]: 0x000000008003D7D8 (0x00C0006F) jal zero, 12
mem[X,0x000000008003D7E4] -> 0xB823
mem[X,0x000000008003D7E6] -> 0x7020
[8065] [M]: 0x000000008003D7E4 (0x7020B823) sd sp, 1808(ra)
mem[0x00000000800500E8] <- 0x0000000000000002
mem[X,0x000000008003D7E8] -> 0x5537
mem[X,0x000000008003D7EA] -> 0x5555
[8066] [M]: 0x000000008003D7E8 (0x55555537) lui a0, 349525
x10 <- 0x0000000055555000
mem[X,0x000000008003D7EC] -> 0x0513
mem[X,0x000000008003D7EE] -> 0x5555
[8067] [M]: 0x000000008003D7EC (0x55550513) addi a0, a0, 1365
x10 <- 0x0000000055555555
mem[X,0x000000008003D7F0] -> 0x1513
mem[X,0x000000008003D7F2] -> 0x00B5
[8068] [M]: 0x000000008003D7F0 (0x00B51513) slli a0, a0, 11
x10 <- 0x000002AAAAAAA800
mem[X,0x000000008003D7F4] -> 0x0513
mem[X,0x000000008003D7F6] -> 0x2AA5
[8069] [M]: 0x000000008003D7F4 (0x2AA50513) addi a0, a0, 682
x10 <- 0x000002AAAAAAAAAA
mem[X,0x000000008003D7F8] -> 0x1513
mem[X,0x000000008003D7FA] -> 0x00B5
[8070] [M]: 0x000000008003D7F8 (0x00B51513) slli a0, a0, 11
x10 <- 0x0015555555555000
mem[X,0x000000008003D7FC] -> 0x0513
mem[X,0x000000008003D7FE] -> 0x5555
[8071] [M]: 0x000000008003D7FC (0x55550513) addi a0, a0, 1365
x10 <- 0x0015555555555555
mem[X,0x000000008003D800] -> 0x1513
mem[X,0x000000008003D802] -> 0x00A5
[8072] [M]: 0x000000008003D800 (0x00A51513) slli a0, a0, 10
x10 <- 0x5555555555555400
mem[X,0x000000008003D804] -> 0x0513
mem[X,0x000000008003D806] -> 0x1565
[8073] [M]: 0x000000008003D804 (0x15650513) addi a0, a0, 342
x10 <- 0x5555555555555556
mem[X,0x000000008003D808] -> 0x0593
mem[X,0x000000008003D80A] -> 0x0050
[8074] [M]: 0x000000008003D808 (0x00500593) addi a1, zero, 5
x11 <- 0x0000000000000005
mem[X,0x000000008003D80C] -> 0x0113
mem[X,0x000000008003D80E] -> 0x0000
[8075] [M]: 0x000000008003D80C (0x00000113) addi sp, zero, 0
x2 <- 0x0000000000000000
mem[X,0x000000008003D810] -> 0x006F
mem[X,0x000000008003D812] -> 0x00C0
[8076] [M]: 0x000000008003D810 (0x00C0006F) jal zero, 12
mem[X,0x000000008003D81C] -> 0x4663
mem[X,0x000000008003D81E] -> 0x00B5
[8077] [M]: 0x000000008003D81C (0x00B54663) blt a0, a1, 12
mem[X,0x000000008003D820] -> 0x0113
mem[X,0x000000008003D822] -> 0x0021
[8078] [M]: 0x000000008003D820 (0x00210113) addi sp, sp, 2
x2 <- 0x0000000000000002
mem[X,0x000000008003D824] -> 0x006F
mem[X,0x000000008003D826] -> 0x00C0
[8079] [M]: 0x000000008003D824 (0x00C0006F) jal zero, 12
mem[X,0x000000008003D830] -> 0xBC23
mem[X,0x000000008003D832] -> 0x7020
[8080] [M]: 0x000000008003D830 (0x7020BC23) sd sp, 1816(ra)
mem[0x00000000800500F0] <- 0x0000000000000002
mem[X,0x000000008003D834] -> 0x5537
mem[X,0x000000008003D836] -> 0x5555
[8081] [M]: 0x000000008003D834 (0x55555537) lui a0, 349525
x10 <- 0x0000000055555000
mem[X,0x000000008003D838] -> 0x0513
mem[X,0x000000008003D83A] -> 0x5555
[8082] [M]: 0x000000008003D838 (0x55550513) addi a0, a0, 1365
x10 <- 0x0000000055555555
mem[X,0x000000008003D83C] -> 0x1513
mem[X,0x000000008003D83E] -> 0x00B5
[8083] [M]: 0x000000008003D83C (0x00B51513) slli a0, a0, 11
x10 <- 0x000002AAAAAAA800
mem[X,0x000000008003D840] -> 0x0513
mem[X,0x000000008003D842] -> 0x2AA5
[8084] [M]: 0x000000008003D840 (0x2AA50513) addi a0, a0, 682
x10 <- 0x000002AAAAAAAAAA
mem[X,0x000000008003D844] -> 0x1513
mem[X,0x000000008003D846] -> 0x00B5
[8085] [M]: 0x000000008003D844 (0x00B51513) slli a0, a0, 11
x10 <- 0x0015555555555000
mem[X,0x000000008003D848] -> 0x0513
mem[X,0x000000008003D84A] -> 0x5555
[8086] [M]: 0x000000008003D848 (0x55550513) addi a0, a0, 1365
x10 <- 0x0015555555555555
mem[X,0x000000008003D84C] -> 0x1513
mem[X,0x000000008003D84E] -> 0x00A5
[8087] [M]: 0x000000008003D84C (0x00A51513) slli a0, a0, 10
x10 <- 0x5555555555555400
mem[X,0x000000008003D850] -> 0x0513
mem[X,0x000000008003D852] -> 0x1565
[8088] [M]: 0x000000008003D850 (0x15650513) addi a0, a0, 342
x10 <- 0x5555555555555556
mem[X,0x000000008003D854] -> 0x35B7
mem[X,0x000000008003D856] -> 0x3333
[8089] [M]: 0x000000008003D854 (0x333335B7) lui a1, 209715
x11 <- 0x0000000033333000
mem[X,0x000000008003D858] -> 0x8593
mem[X,0x000000008003D85A] -> 0x3335
[8090] [M]: 0x000000008003D858 (0x33358593) addi a1, a1, 819
x11 <- 0x0000000033333333
mem[X,0x000000008003D85C] -> 0x9593
mem[X,0x000000008003D85E] -> 0x00B5
[8091] [M]: 0x000000008003D85C (0x00B59593) slli a1, a1, 11
x11 <- 0x0000019999999800
mem[X,0x000000008003D860] -> 0x8593
mem[X,0x000000008003D862] -> 0x1995
[8092] [M]: 0x000000008003D860 (0x19958593) addi a1, a1, 409
x11 <- 0x0000019999999999
mem[X,0x000000008003D864] -> 0x9593
mem[X,0x000000008003D866] -> 0x00B5
[8093] [M]: 0x000000008003D864 (0x00B59593) slli a1, a1, 11
x11 <- 0x000CCCCCCCCCC800
mem[X,0x000000008003D868] -> 0x8593
mem[X,0x000000008003D86A] -> 0x4CC5
[8094] [M]: 0x000000008003D868 (0x4CC58593) addi a1, a1, 1228
x11 <- 0x000CCCCCCCCCCCCC
mem[X,0x000000008003D86C] -> 0x9593
mem[X,0x000000008003D86E] -> 0x00A5
[8095] [M]: 0x000000008003D86C (0x00A59593) slli a1, a1, 10
x11 <- 0x3333333333333000
mem[X,0x000000008003D870] -> 0x8593
mem[X,0x000000008003D872] -> 0x3335
[8096] [M]: 0x000000008003D870 (0x33358593) addi a1, a1, 819
x11 <- 0x3333333333333333
mem[X,0x000000008003D874] -> 0x0113
mem[X,0x000000008003D876] -> 0x0000
[8097] [M]: 0x000000008003D874 (0x00000113) addi sp, zero, 0
x2 <- 0x0000000000000000
mem[X,0x000000008003D878] -> 0x006F
mem[X,0x000000008003D87A] -> 0x00C0
[8098] [M]: 0x000000008003D878 (0x00C0006F) jal zero, 12
mem[X,0x000000008003D884] -> 0x4CE3
mem[X,0x000000008003D886] -> 0xFEB5
[8099] [M]: 0x000000008003D884 (0xFEB54CE3) blt a0, a1, 8184
clint::tick mtime <- 0x0000000000000051
 clint timer pending at mtime 0x0000000000000051
htif::tick 0x0000000000000000
mem[X,0x000000008003D888] -> 0x0113
mem[X,0x000000008003D88A] -> 0x0021
[8100] [M]: 0x000000008003D888 (0x00210113) addi sp, sp, 2
x2 <- 0x0000000000000002
mem[X,0x000000008003D88C] -> 0x006F
mem[X,0x000000008003D88E] -> 0x00C0
[8101] [M]: 0x000000008003D88C (0x00C0006F) jal zero, 12
mem[X,0x000000008003D898] -> 0xB023
mem[X,0x000000008003D89A] -> 0x7220
[8102] [M]: 0x000000008003D898 (0x7220B023) sd sp, 1824(ra)
mem[0x00000000800500F8] <- 0x0000000000000002
mem[X,0x000000008003D89C] -> 0x5537
mem[X,0x000000008003D89E] -> 0x5555
[8103] [M]: 0x000000008003D89C (0x55555537) lui a0, 349525
x10 <- 0x0000000055555000
mem[X,0x000000008003D8A0] -> 0x0513
mem[X,0x000000008003D8A2] -> 0x5555
[8104] [M]: 0x000000008003D8A0 (0x55550513) addi a0, a0, 1365
x10 <- 0x0000000055555555
mem[X,0x000000008003D8A4] -> 0x1513
mem[X,0x000000008003D8A6] -> 0x00B5
[8105] [M]: 0x000000008003D8A4 (0x00B51513) slli a0, a0, 11
x10 <- 0x000002AAAAAAA800
mem[X,0x000000008003D8A8] -> 0x0513
mem[X,0x000000008003D8AA] -> 0x2AA5
[8106] [M]: 0x000000008003D8A8 (0x2AA50513) addi a0, a0, 682
x10 <- 0x000002AAAAAAAAAA
mem[X,0x000000008003D8AC] -> 0x1513
mem[X,0x000000008003D8AE] -> 0x00B5
[8107] [M]: 0x000000008003D8AC (0x00B51513) slli a0, a0, 11
x10 <- 0x0015555555555000
mem[X,0x000000008003D8B0] -> 0x0513
mem[X,0x000000008003D8B2] -> 0x5555
[8108] [M]: 0x000000008003D8B0 (0x55550513) addi a0, a0, 1365
x10 <- 0x0015555555555555
mem[X,0x000000008003D8B4] -> 0x1513
mem[X,0x000000008003D8B6] -> 0x00A5
[8109] [M]: 0x000000008003D8B4 (0x00A51513) slli a0, a0, 10
x10 <- 0x5555555555555400
mem[X,0x000000008003D8B8] -> 0x0513
mem[X,0x000000008003D8BA] -> 0x1565
[8110] [M]: 0x000000008003D8B8 (0x15650513) addi a0, a0, 342
x10 <- 0x5555555555555556
mem[X,0x000000008003D8BC] -> 0x65B7
mem[X,0x000000008003D8BE] -> 0x6666
[8111] [M]: 0x000000008003D8BC (0x666665B7) lui a1, 419430
x11 <- 0x0000000066666000
mem[X,0x000000008003D8C0] -> 0x8593
mem[X,0x000000008003D8C2] -> 0x6665
[8112] [M]: 0x000000008003D8C0 (0x66658593) addi a1, a1, 1638
x11 <- 0x0000000066666666
mem[X,0x000000008003D8C4] -> 0x9593
mem[X,0x000000008003D8C6] -> 0x00B5
[8113] [M]: 0x000000008003D8C4 (0x00B59593) slli a1, a1, 11
x11 <- 0x0000033333333000
mem[X,0x000000008003D8C8] -> 0x8593
mem[X,0x000000008003D8CA] -> 0x3335
[8114] [M]: 0x000000008003D8C8 (0x33358593) addi a1, a1, 819
x11 <- 0x0000033333333333
mem[X,0x000000008003D8CC] -> 0x9593
mem[X,0x000000008003D8CE] -> 0x00B5
[8115] [M]: 0x000000008003D8CC (0x00B59593) slli a1, a1, 11
x11 <- 0x0019999999999800
mem[X,0x000000008003D8D0] -> 0x8593
mem[X,0x000000008003D8D2] -> 0x1995
[8116] [M]: 0x000000008003D8D0 (0x19958593) addi a1, a1, 409
x11 <- 0x0019999999999999
mem[X,0x000000008003D8D4] -> 0x9593
mem[X,0x000000008003D8D6] -> 0x00A5
[8117] [M]: 0x000000008003D8D4 (0x00A59593) slli a1, a1, 10
x11 <- 0x6666666666666400
mem[X,0x000000008003D8D8] -> 0x8593
mem[X,0x000000008003D8DA] -> 0x2665
[8118] [M]: 0x000000008003D8D8 (0x26658593) addi a1, a1, 614
x11 <- 0x6666666666666666
mem[X,0x000000008003D8DC] -> 0x0113
mem[X,0x000000008003D8DE] -> 0x0000
[8119] [M]: 0x000000008003D8DC (0x00000113) addi sp, zero, 0
x2 <- 0x0000000000000000
mem[X,0x000000008003D8E0] -> 0x006F
mem[X,0x000000008003D8E2] -> 0x00C0
[8120] [M]: 0x000000008003D8E0 (0x00C0006F) jal zero, 12
mem[X,0x000000008003D8EC] -> 0x4CE3
mem[X,0x000000008003D8EE] -> 0xFEB5
[8121] [M]: 0x000000008003D8EC (0xFEB54CE3) blt a0, a1, 8184
mem[X,0x000000008003D8E4] -> 0x0113
mem[X,0x000000008003D8E6] -> 0x0011
[8122] [M]: 0x000000008003D8E4 (0x00110113) addi sp, sp, 1
x2 <- 0x0000000000000001
mem[X,0x000000008003D8E8] -> 0x006F
mem[X,0x000000008003D8EA] -> 0x0180
[8123] [M]: 0x000000008003D8E8 (0x0180006F) jal zero, 24
mem[X,0x000000008003D900] -> 0xB423
mem[X,0x000000008003D902] -> 0x7220
[8124] [M]: 0x000000008003D900 (0x7220B423) sd sp, 1832(ra)
mem[0x0000000080050100] <- 0x0000000000000001
mem[X,0x000000008003D904] -> 0x5537
mem[X,0x000000008003D906] -> 0x5555
[8125] [M]: 0x000000008003D904 (0x55555537) lui a0, 349525
x10 <- 0x0000000055555000
mem[X,0x000000008003D908] -> 0x0513
mem[X,0x000000008003D90A] -> 0x5555
[8126] [M]: 0x000000008003D908 (0x55550513) addi a0, a0, 1365
x10 <- 0x0000000055555555
mem[X,0x000000008003D90C] -> 0x1513
mem[X,0x000000008003D90E] -> 0x00B5
[8127] [M]: 0x000000008003D90C (0x00B51513) slli a0, a0, 11
x10 <- 0x000002AAAAAAA800
mem[X,0x000000008003D910] -> 0x0513
mem[X,0x000000008003D912] -> 0x2AA5
[8128] [M]: 0x000000008003D910 (0x2AA50513) addi a0, a0, 682
x10 <- 0x000002AAAAAAAAAA
mem[X,0x000000008003D914] -> 0x1513
mem[X,0x000000008003D916] -> 0x00B5
[8129] [M]: 0x000000008003D914 (0x00B51513) slli a0, a0, 11
x10 <- 0x0015555555555000
mem[X,0x000000008003D918] -> 0x0513
mem[X,0x000000008003D91A] -> 0x5555
[8130] [M]: 0x000000008003D918 (0x55550513) addi a0, a0, 1365
x10 <- 0x0015555555555555
mem[X,0x000000008003D91C] -> 0x1513
mem[X,0x000000008003D91E] -> 0x00A5
[8131] [M]: 0x000000008003D91C (0x00A51513) slli a0, a0, 10
x10 <- 0x5555555555555400
mem[X,0x000000008003D920] -> 0x0513
mem[X,0x000000008003D922] -> 0x1565
[8132] [M]: 0x000000008003D920 (0x15650513) addi a0, a0, 342
x10 <- 0x5555555555555556
mem[X,0x000000008003D924] -> 0x05B7
mem[X,0x000000008003D926] -> 0x0000
[8133] [M]: 0x000000008003D924 (0x000005B7) lui a1, 0
x11 <- 0x0000000000000000
mem[X,0x000000008003D928] -> 0x8593
mem[X,0x000000008003D92A] -> 0xFFF5
[8134] [M]: 0x000000008003D928 (0xFFF58593) addi a1, a1, 4095
x11 <- 0xFFFFFFFFFFFFFFFF
mem[X,0x000000008003D92C] -> 0x9593
mem[X,0x000000008003D92E] -> 0x00B5
[8135] [M]: 0x000000008003D92C (0x00B59593) slli a1, a1, 11
x11 <- 0xFFFFFFFFFFFFF800
mem[X,0x000000008003D930] -> 0x8593
mem[X,0x000000008003D932] -> 0x2575
[8136] [M]: 0x000000008003D930 (0x25758593) addi a1, a1, 599
x11 <- 0xFFFFFFFFFFFFFA57
mem[X,0x000000008003D934] -> 0x9593
mem[X,0x000000008003D936] -> 0x00B5
[8137] [M]: 0x000000008003D934 (0x00B59593) slli a1, a1, 11
x11 <- 0xFFFFFFFFFFD2B800
mem[X,0x000000008003D938] -> 0x8593
mem[X,0x000000008003D93A] -> 0x6C35
[8138] [M]: 0x000000008003D938 (0x6C358593) addi a1, a1, 1731
x11 <- 0xFFFFFFFFFFD2BEC3
mem[X,0x000000008003D93C] -> 0x9593
mem[X,0x000000008003D93E] -> 0x00A5
[8139] [M]: 0x000000008003D93C (0x00A59593) slli a1, a1, 10
x11 <- 0xFFFFFFFF4AFB0C00
mem[X,0x000000008003D940] -> 0x8593
mem[X,0x000000008003D942] -> 0x0CD5
[8140] [M]: 0x000000008003D940 (0x0CD58593) addi a1, a1, 205
x11 <- 0xFFFFFFFF4AFB0CCD
mem[X,0x000000008003D944] -> 0x0113
mem[X,0x000000008003D946] -> 0x0000
[8141] [M]: 0x000000008003D944 (0x00000113) addi sp, zero, 0
x2 <- 0x0000000000000000
mem[X,0x000000008003D948] -> 0x006F
mem[X,0x000000008003D94A] -> 0x00C0
[8142] [M]: 0x000000008003D948 (0x00C0006F) jal zero, 12
mem[X,0x000000008003D954] -> 0x4063
mem[X,0x000000008003D956] -> 0x10B5
[8143] [M]: 0x000000008003D954 (0x10B54063) blt a0, a1, 256
mem[X,0x000000008003D958] -> 0x0113
mem[X,0x000000008003D95A] -> 0x0021
[8144] [M]: 0x000000008003D958 (0x00210113) addi sp, sp, 2
x2 <- 0x0000000000000002
mem[X,0x000000008003D95C] -> 0x006F
mem[X,0x000000008003D95E] -> 0x1000
[8145] [M]: 0x000000008003D95C (0x1000006F) jal zero, 256
mem[X,0x000000008003DA5C] -> 0xB823
mem[X,0x000000008003DA5E] -> 0x7220
[8146] [M]: 0x000000008003DA5C (0x7220B823) sd sp, 1840(ra)
mem[0x0000000080050108] <- 0x0000000000000002
mem[X,0x000000008003DA60] -> 0x5537
mem[X,0x000000008003DA62] -> 0x5555
[8147] [M]: 0x000000008003DA60 (0x55555537) lui a0, 349525
x10 <- 0x0000000055555000
mem[X,0x000000008003DA64] -> 0x0513
mem[X,0x000000008003DA66] -> 0x5555
[8148] [M]: 0x000000008003DA64 (0x55550513) addi a0, a0, 1365
x10 <- 0x0000000055555555
mem[X,0x000000008003DA68] -> 0x1513
mem[X,0x000000008003DA6A] -> 0x00B5
[8149] [M]: 0x000000008003DA68 (0x00B51513) slli a0, a0, 11
x10 <- 0x000002AAAAAAA800
mem[X,0x000000008003DA6C] -> 0x0513
mem[X,0x000000008003DA6E] -> 0x2AA5
[8150] [M]: 0x000000008003DA6C (0x2AA50513) addi a0, a0, 682
x10 <- 0x000002AAAAAAAAAA
mem[X,0x000000008003DA70] -> 0x1513
mem[X,0x000000008003DA72] -> 0x00B5
[8151] [M]: 0x000000008003DA70 (0x00B51513) slli a0, a0, 11
x10 <- 0x0015555555555000
mem[X,0x000000008003DA74] -> 0x0513
mem[X,0x000000008003DA76] -> 0x5555
[8152] [M]: 0x000000008003DA74 (0x55550513) addi a0, a0, 1365
x10 <- 0x0015555555555555
mem[X,0x000000008003DA78] -> 0x1513
mem[X,0x000000008003DA7A] -> 0x00A5
[8153] [M]: 0x000000008003DA78 (0x00A51513) slli a0, a0, 10
x10 <- 0x5555555555555400
mem[X,0x000000008003DA7C] -> 0x0513
mem[X,0x000000008003DA7E] -> 0x1565
[8154] [M]: 0x000000008003DA7C (0x15650513) addi a0, a0, 342
x10 <- 0x5555555555555556
mem[X,0x000000008003DA80] -> 0x05B7
mem[X,0x000000008003DA82] -> 0x0000
[8155] [M]: 0x000000008003DA80 (0x000005B7) lui a1, 0
x11 <- 0x0000000000000000
mem[X,0x000000008003DA84] -> 0x8593
mem[X,0x000000008003DA86] -> 0x0005
[8156] [M]: 0x000000008003DA84 (0x00058593) addi a1, a1, 0
x11 <- 0x0000000000000000
mem[X,0x000000008003DA88] -> 0x9593
mem[X,0x000000008003DA8A] -> 0x00B5
[8157] [M]: 0x000000008003DA88 (0x00B59593) slli a1, a1, 11
x11 <- 0x0000000000000000
mem[X,0x000000008003DA8C] -> 0x8593
mem[X,0x000000008003DA8E] -> 0x5A85
[8158] [M]: 0x000000008003DA8C (0x5A858593) addi a1, a1, 1448
x11 <- 0x00000000000005A8
mem[X,0x000000008003DA90] -> 0x9593
mem[X,0x000000008003DA92] -> 0x00B5
[8159] [M]: 0x000000008003DA90 (0x00B59593) slli a1, a1, 11
x11 <- 0x00000000002D4000
mem[X,0x000000008003DA94] -> 0x8593
mem[X,0x000000008003DA96] -> 0x13C5
[8160] [M]: 0x000000008003DA94 (0x13C58593) addi a1, a1, 316
x11 <- 0x00000000002D413C
mem[X,0x000000008003DA98] -> 0x9593
mem[X,0x000000008003DA9A] -> 0x00A5
[8161] [M]: 0x000000008003DA98 (0x00A59593) slli a1, a1, 10
x11 <- 0x00000000B504F000
mem[X,0x000000008003DA9C] -> 0x8593
mem[X,0x000000008003DA9E] -> 0x3335
[8162] [M]: 0x000000008003DA9C (0x33358593) addi a1, a1, 819
x11 <- 0x00000000B504F333
mem[X,0x000000008003DAA0] -> 0x0113
mem[X,0x000000008003DAA2] -> 0x0000
[8163] [M]: 0x000000008003DAA0 (0x00000113) addi sp, zero, 0
x2 <- 0x0000000000000000
mem[X,0x000000008003DAA4] -> 0x006F
mem[X,0x000000008003DAA6] -> 0x00C0
[8164] [M]: 0x000000008003DAA4 (0x00C0006F) jal zero, 12
mem[X,0x000000008003DAB0] -> 0x4063
mem[X,0x000000008003DAB2] -> 0x10B5
[8165] [M]: 0x000000008003DAB0 (0x10B54063) blt a0, a1, 256
mem[X,0x000000008003DAB4] -> 0x0113
mem[X,0x000000008003DAB6] -> 0x0021
[8166] [M]: 0x000000008003DAB4 (0x00210113) addi sp, sp, 2
x2 <- 0x0000000000000002
mem[X,0x000000008003DAB8] -> 0x006F
mem[X,0x000000008003DABA] -> 0x1000
[8167] [M]: 0x000000008003DAB8 (0x1000006F) jal zero, 256
mem[X,0x000000008003DBB8] -> 0xBC23
mem[X,0x000000008003DBBA] -> 0x7220
[8168] [M]: 0x000000008003DBB8 (0x7220BC23) sd sp, 1848(ra)
mem[0x0000000080050110] <- 0x0000000000000002
mem[X,0x000000008003DBBC] -> 0x5537
mem[X,0x000000008003DBBE] -> 0x5555
[8169] [M]: 0x000000008003DBBC (0x55555537) lui a0, 349525
x10 <- 0x0000000055555000
mem[X,0x000000008003DBC0] -> 0x0513
mem[X,0x000000008003DBC2] -> 0x5555
[8170] [M]: 0x000000008003DBC0 (0x55550513) addi a0, a0, 1365
x10 <- 0x0000000055555555
mem[X,0x000000008003DBC4] -> 0x1513
mem[X,0x000000008003DBC6] -> 0x00B5
[8171] [M]: 0x000000008003DBC4 (0x00B51513) slli a0, a0, 11
x10 <- 0x000002AAAAAAA800
mem[X,0x000000008003DBC8] -> 0x0513
mem[X,0x000000008003DBCA] -> 0x2AA5
[8172] [M]: 0x000000008003DBC8 (0x2AA50513) addi a0, a0, 682
x10 <- 0x000002AAAAAAAAAA
mem[X,0x000000008003DBCC] -> 0x1513
mem[X,0x000000008003DBCE] -> 0x00B5
[8173] [M]: 0x000000008003DBCC (0x00B51513) slli a0, a0, 11
x10 <- 0x0015555555555000
mem[X,0x000000008003DBD0] -> 0x0513
mem[X,0x000000008003DBD2] -> 0x5555
[8174] [M]: 0x000000008003DBD0 (0x55550513) addi a0, a0, 1365
x10 <- 0x0015555555555555
mem[X,0x000000008003DBD4] -> 0x1513
mem[X,0x000000008003DBD6] -> 0x00A5
[8175] [M]: 0x000000008003DBD4 (0x00A51513) slli a0, a0, 10
x10 <- 0x5555555555555400
mem[X,0x000000008003DBD8] -> 0x0513
mem[X,0x000000008003DBDA] -> 0x1565
[8176] [M]: 0x000000008003DBD8 (0x15650513) addi a0, a0, 342
x10 <- 0x5555555555555556
mem[X,0x000000008003DBDC] -> 0x0593
mem[X,0x000000008003DBDE] -> 0x0020
[8177] [M]: 0x000000008003DBDC (0x00200593) addi a1, zero, 2
x11 <- 0x0000000000000002
mem[X,0x000000008003DBE0] -> 0x0113
mem[X,0x000000008003DBE2] -> 0x0000
[8178] [M]: 0x000000008003DBE0 (0x00000113) addi sp, zero, 0
x2 <- 0x0000000000000000
mem[X,0x000000008003DBE4] -> 0x006F
mem[X,0x000000008003DBE6] -> 0x0140
[8179] [M]: 0x000000008003DBE4 (0x0140006F) jal zero, 20
mem[X,0x000000008003DBF8] -> 0x48E3
mem[X,0x000000008003DBFA] -> 0xFEB5
[8180] [M]: 0x000000008003DBF8 (0xFEB548E3) blt a0, a1, 8176
mem[X,0x000000008003DBFC] -> 0x0113
mem[X,0x000000008003DBFE] -> 0x0021
[8181] [M]: 0x000000008003DBFC (0x00210113) addi sp, sp, 2
x2 <- 0x0000000000000002
mem[X,0x000000008003DC00] -> 0x006F
mem[X,0x000000008003DC02] -> 0x00C0
[8182] [M]: 0x000000008003DC00 (0x00C0006F) jal zero, 12
mem[X,0x000000008003DC0C] -> 0xB023
mem[X,0x000000008003DC0E] -> 0x7420
[8183] [M]: 0x000000008003DC0C (0x7420B023) sd sp, 1856(ra)
mem[0x0000000080050118] <- 0x0000000000000002
mem[X,0x000000008003DC10] -> 0x5537
mem[X,0x000000008003DC12] -> 0x5555
[8184] [M]: 0x000000008003DC10 (0x55555537) lui a0, 349525
x10 <- 0x0000000055555000
mem[X,0x000000008003DC14] -> 0x0513
mem[X,0x000000008003DC16] -> 0x5555
[8185] [M]: 0x000000008003DC14 (0x55550513) addi a0, a0, 1365
x10 <- 0x0000000055555555
mem[X,0x000000008003DC18] -> 0x1513
mem[X,0x000000008003DC1A] -> 0x00B5
[8186] [M]: 0x000000008003DC18 (0x00B51513) slli a0, a0, 11
x10 <- 0x000002AAAAAAA800
mem[X,0x000000008003DC1C] -> 0x0513
mem[X,0x000000008003DC1E] -> 0x2AA5
[8187] [M]: 0x000000008003DC1C (0x2AA50513) addi a0, a0, 682
x10 <- 0x000002AAAAAAAAAA
mem[X,0x000000008003DC20] -> 0x1513
mem[X,0x000000008003DC22] -> 0x00B5
[8188] [M]: 0x000000008003DC20 (0x00B51513) slli a0, a0, 11
x10 <- 0x0015555555555000
mem[X,0x000000008003DC24] -> 0x0513
mem[X,0x000000008003DC26] -> 0x5555
[8189] [M]: 0x000000008003DC24 (0x55550513) addi a0, a0, 1365
x10 <- 0x0015555555555555
mem[X,0x000000008003DC28] -> 0x1513
mem[X,0x000000008003DC2A] -> 0x00A5
[8190] [M]: 0x000000008003DC28 (0x00A51513) slli a0, a0, 10
x10 <- 0x5555555555555400
mem[X,0x000000008003DC2C] -> 0x0513
mem[X,0x000000008003DC2E] -> 0x1565
[8191] [M]: 0x000000008003DC2C (0x15650513) addi a0, a0, 342
x10 <- 0x5555555555555556
mem[X,0x000000008003DC30] -> 0x55B7
mem[X,0x000000008003DC32] -> 0x5555
[8192] [M]: 0x000000008003DC30 (0x555555B7) lui a1, 349525
x11 <- 0x0000000055555000
mem[X,0x000000008003DC34] -> 0x8593
mem[X,0x000000008003DC36] -> 0x5555
[8193] [M]: 0x000000008003DC34 (0x55558593) addi a1, a1, 1365
x11 <- 0x0000000055555555
mem[X,0x000000008003DC38] -> 0x9593
mem[X,0x000000008003DC3A] -> 0x00B5
[8194] [M]: 0x000000008003DC38 (0x00B59593) slli a1, a1, 11
x11 <- 0x000002AAAAAAA800
mem[X,0x000000008003DC3C] -> 0x8593
mem[X,0x000000008003DC3E] -> 0x2AA5
[8195] [M]: 0x000000008003DC3C (0x2AA58593) addi a1, a1, 682
x11 <- 0x000002AAAAAAAAAA
mem[X,0x000000008003DC40] -> 0x9593
mem[X,0x000000008003DC42] -> 0x00B5
[8196] [M]: 0x000000008003DC40 (0x00B59593) slli a1, a1, 11
x11 <- 0x0015555555555000
mem[X,0x000000008003DC44] -> 0x8593
mem[X,0x000000008003DC46] -> 0x5555
[8197] [M]: 0x000000008003DC44 (0x55558593) addi a1, a1, 1365
x11 <- 0x0015555555555555
mem[X,0x000000008003DC48] -> 0x9593
mem[X,0x000000008003DC4A] -> 0x00A5
[8198] [M]: 0x000000008003DC48 (0x00A59593) slli a1, a1, 10
x11 <- 0x5555555555555400
mem[X,0x000000008003DC4C] -> 0x8593
mem[X,0x000000008003DC4E] -> 0x1545
[8199] [M]: 0x000000008003DC4C (0x15458593) addi a1, a1, 340
x11 <- 0x5555555555555554
clint::tick mtime <- 0x0000000000000052
 clint timer pending at mtime 0x0000000000000052
htif::tick 0x0000000000000000
mem[X,0x000000008003DC50] -> 0x0113
mem[X,0x000000008003DC52] -> 0x0000
[8200] [M]: 0x000000008003DC50 (0x00000113) addi sp, zero, 0
x2 <- 0x0000000000000000
mem[X,0x000000008003DC54] -> 0x006F
mem[X,0x000000008003DC56] -> 0x00C0
[8201] [M]: 0x000000008003DC54 (0x00C0006F) jal zero, 12
mem[X,0x000000008003DC60] -> 0x4063
mem[X,0x000000008003DC62] -> 0x10B5
[8202] [M]: 0x000000008003DC60 (0x10B54063) blt a0, a1, 256
mem[X,0x000000008003DC64] -> 0x0113
mem[X,0x000000008003DC66] -> 0x0021
[8203] [M]: 0x000000008003DC64 (0x00210113) addi sp, sp, 2
x2 <- 0x0000000000000002
mem[X,0x000000008003DC68] -> 0x006F
mem[X,0x000000008003DC6A] -> 0x1000
[8204] [M]: 0x000000008003DC68 (0x1000006F) jal zero, 256
mem[X,0x000000008003DD68] -> 0xB423
mem[X,0x000000008003DD6A] -> 0x7420
[8205] [M]: 0x000000008003DD68 (0x7420B423) sd sp, 1864(ra)
mem[0x0000000080050120] <- 0x0000000000000002
mem[X,0x000000008003DD6C] -> 0x5537
mem[X,0x000000008003DD6E] -> 0x5555
[8206] [M]: 0x000000008003DD6C (0x55555537) lui a0, 349525
x10 <- 0x0000000055555000
mem[X,0x000000008003DD70] -> 0x0513
mem[X,0x000000008003DD72] -> 0x5555
[8207] [M]: 0x000000008003DD70 (0x55550513) addi a0, a0, 1365
x10 <- 0x0000000055555555
mem[X,0x000000008003DD74] -> 0x1513
mem[X,0x000000008003DD76] -> 0x00B5
[8208] [M]: 0x000000008003DD74 (0x00B51513) slli a0, a0, 11
x10 <- 0x000002AAAAAAA800
mem[X,0x000000008003DD78] -> 0x0513
mem[X,0x000000008003DD7A] -> 0x2AA5
[8209] [M]: 0x000000008003DD78 (0x2AA50513) addi a0, a0, 682
x10 <- 0x000002AAAAAAAAAA
mem[X,0x000000008003DD7C] -> 0x1513
mem[X,0x000000008003DD7E] -> 0x00B5
[8210] [M]: 0x000000008003DD7C (0x00B51513) slli a0, a0, 11
x10 <- 0x0015555555555000
mem[X,0x000000008003DD80] -> 0x0513
mem[X,0x000000008003DD82] -> 0x5555
[8211] [M]: 0x000000008003DD80 (0x55550513) addi a0, a0, 1365
x10 <- 0x0015555555555555
mem[X,0x000000008003DD84] -> 0x1513
mem[X,0x000000008003DD86] -> 0x00A5
[8212] [M]: 0x000000008003DD84 (0x00A51513) slli a0, a0, 10
x10 <- 0x5555555555555400
mem[X,0x000000008003DD88] -> 0x0513
mem[X,0x000000008003DD8A] -> 0x1565
[8213] [M]: 0x000000008003DD88 (0x15650513) addi a0, a0, 342
x10 <- 0x5555555555555556
mem[X,0x000000008003DD8C] -> 0x0593
mem[X,0x000000008003DD8E] -> 0x0000
[8214] [M]: 0x000000008003DD8C (0x00000593) addi a1, zero, 0
x11 <- 0x0000000000000000
mem[X,0x000000008003DD90] -> 0x0113
mem[X,0x000000008003DD92] -> 0x0000
[8215] [M]: 0x000000008003DD90 (0x00000113) addi sp, zero, 0
x2 <- 0x0000000000000000
mem[X,0x000000008003DD94] -> 0x006F
mem[X,0x000000008003DD96] -> 0x00C0
[8216] [M]: 0x000000008003DD94 (0x00C0006F) jal zero, 12
mem[X,0x000000008003DDA0] -> 0x4063
mem[X,0x000000008003DDA2] -> 0x02B5
[8217] [M]: 0x000000008003DDA0 (0x02B54063) blt a0, a1, 32
mem[X,0x000000008003DDA4] -> 0x0113
mem[X,0x000000008003DDA6] -> 0x0021
[8218] [M]: 0x000000008003DDA4 (0x00210113) addi sp, sp, 2
x2 <- 0x0000000000000002
mem[X,0x000000008003DDA8] -> 0x006F
mem[X,0x000000008003DDAA] -> 0x0200
[8219] [M]: 0x000000008003DDA8 (0x0200006F) jal zero, 32
mem[X,0x000000008003DDC8] -> 0xB823
mem[X,0x000000008003DDCA] -> 0x7420
[8220] [M]: 0x000000008003DDC8 (0x7420B823) sd sp, 1872(ra)
mem[0x0000000080050128] <- 0x0000000000000002
mem[X,0x000000008003DDCC] -> 0x5537
mem[X,0x000000008003DDCE] -> 0x5555
[8221] [M]: 0x000000008003DDCC (0x55555537) lui a0, 349525
x10 <- 0x0000000055555000
mem[X,0x000000008003DDD0] -> 0x0513
mem[X,0x000000008003DDD2] -> 0x5555
[8222] [M]: 0x000000008003DDD0 (0x55550513) addi a0, a0, 1365
x10 <- 0x0000000055555555
mem[X,0x000000008003DDD4] -> 0x1513
mem[X,0x000000008003DDD6] -> 0x00B5
[8223] [M]: 0x000000008003DDD4 (0x00B51513) slli a0, a0, 11
x10 <- 0x000002AAAAAAA800
mem[X,0x000000008003DDD8] -> 0x0513
mem[X,0x000000008003DDDA] -> 0x2AA5
[8224] [M]: 0x000000008003DDD8 (0x2AA50513) addi a0, a0, 682
x10 <- 0x000002AAAAAAAAAA
mem[X,0x000000008003DDDC] -> 0x1513
mem[X,0x000000008003DDDE] -> 0x00B5
[8225] [M]: 0x000000008003DDDC (0x00B51513) slli a0, a0, 11
x10 <- 0x0015555555555000
mem[X,0x000000008003DDE0] -> 0x0513
mem[X,0x000000008003DDE2] -> 0x5555
[8226] [M]: 0x000000008003DDE0 (0x55550513) addi a0, a0, 1365
x10 <- 0x0015555555555555
mem[X,0x000000008003DDE4] -> 0x1513
mem[X,0x000000008003DDE6] -> 0x00A5
[8227] [M]: 0x000000008003DDE4 (0x00A51513) slli a0, a0, 10
x10 <- 0x5555555555555400
mem[X,0x000000008003DDE8] -> 0x0513
mem[X,0x000000008003DDEA] -> 0x1565
[8228] [M]: 0x000000008003DDE8 (0x15650513) addi a0, a0, 342
x10 <- 0x5555555555555556
mem[X,0x000000008003DDEC] -> 0x0593
mem[X,0x000000008003DDEE] -> 0x0040
[8229] [M]: 0x000000008003DDEC (0x00400593) addi a1, zero, 4
x11 <- 0x0000000000000004
mem[X,0x000000008003DDF0] -> 0x0113
mem[X,0x000000008003DDF2] -> 0x0000
[8230] [M]: 0x000000008003DDF0 (0x00000113) addi sp, zero, 0
x2 <- 0x0000000000000000
mem[X,0x000000008003DDF4] -> 0x006F
mem[X,0x000000008003DDF6] -> 0x00C0
[8231] [M]: 0x000000008003DDF4 (0x00C0006F) jal zero, 12
mem[X,0x000000008003DE00] -> 0x4063
mem[X,0x000000008003DE02] -> 0x02B5
[8232] [M]: 0x000000008003DE00 (0x02B54063) blt a0, a1, 32
mem[X,0x000000008003DE04] -> 0x0113
mem[X,0x000000008003DE06] -> 0x0021
[8233] [M]: 0x000000008003DE04 (0x00210113) addi sp, sp, 2
x2 <- 0x0000000000000002
mem[X,0x000000008003DE08] -> 0x006F
mem[X,0x000000008003DE0A] -> 0x0200
[8234] [M]: 0x000000008003DE08 (0x0200006F) jal zero, 32
mem[X,0x000000008003DE28] -> 0xBC23
mem[X,0x000000008003DE2A] -> 0x7420
[8235] [M]: 0x000000008003DE28 (0x7420BC23) sd sp, 1880(ra)
mem[0x0000000080050130] <- 0x0000000000000002
mem[X,0x000000008003DE2C] -> 0x5537
mem[X,0x000000008003DE2E] -> 0x5555
[8236] [M]: 0x000000008003DE2C (0x55555537) lui a0, 349525
x10 <- 0x0000000055555000
mem[X,0x000000008003DE30] -> 0x0513
mem[X,0x000000008003DE32] -> 0x5555
[8237] [M]: 0x000000008003DE30 (0x55550513) addi a0, a0, 1365
x10 <- 0x0000000055555555
mem[X,0x000000008003DE34] -> 0x1513
mem[X,0x000000008003DE36] -> 0x00B5
[8238] [M]: 0x000000008003DE34 (0x00B51513) slli a0, a0, 11
x10 <- 0x000002AAAAAAA800
mem[X,0x000000008003DE38] -> 0x0513
mem[X,0x000000008003DE3A] -> 0x2AA5
[8239] [M]: 0x000000008003DE38 (0x2AA50513) addi a0, a0, 682
x10 <- 0x000002AAAAAAAAAA
mem[X,0x000000008003DE3C] -> 0x1513
mem[X,0x000000008003DE3E] -> 0x00B5
[8240] [M]: 0x000000008003DE3C (0x00B51513) slli a0, a0, 11
x10 <- 0x0015555555555000
mem[X,0x000000008003DE40] -> 0x0513
mem[X,0x000000008003DE42] -> 0x5555
[8241] [M]: 0x000000008003DE40 (0x55550513) addi a0, a0, 1365
x10 <- 0x0015555555555555
mem[X,0x000000008003DE44] -> 0x1513
mem[X,0x000000008003DE46] -> 0x00A5
[8242] [M]: 0x000000008003DE44 (0x00A51513) slli a0, a0, 10
x10 <- 0x5555555555555400
mem[X,0x000000008003DE48] -> 0x0513
mem[X,0x000000008003DE4A] -> 0x1565
[8243] [M]: 0x000000008003DE48 (0x15650513) addi a0, a0, 342
x10 <- 0x5555555555555556
mem[X,0x000000008003DE4C] -> 0x35B7
mem[X,0x000000008003DE4E] -> 0x3333
[8244] [M]: 0x000000008003DE4C (0x333335B7) lui a1, 209715
x11 <- 0x0000000033333000
mem[X,0x000000008003DE50] -> 0x8593
mem[X,0x000000008003DE52] -> 0x3335
[8245] [M]: 0x000000008003DE50 (0x33358593) addi a1, a1, 819
x11 <- 0x0000000033333333
mem[X,0x000000008003DE54] -> 0x9593
mem[X,0x000000008003DE56] -> 0x00B5
[8246] [M]: 0x000000008003DE54 (0x00B59593) slli a1, a1, 11
x11 <- 0x0000019999999800
mem[X,0x000000008003DE58] -> 0x8593
mem[X,0x000000008003DE5A] -> 0x1995
[8247] [M]: 0x000000008003DE58 (0x19958593) addi a1, a1, 409
x11 <- 0x0000019999999999
mem[X,0x000000008003DE5C] -> 0x9593
mem[X,0x000000008003DE5E] -> 0x00B5
[8248] [M]: 0x000000008003DE5C (0x00B59593) slli a1, a1, 11
x11 <- 0x000CCCCCCCCCC800
mem[X,0x000000008003DE60] -> 0x8593
mem[X,0x000000008003DE62] -> 0x4CC5
[8249] [M]: 0x000000008003DE60 (0x4CC58593) addi a1, a1, 1228
x11 <- 0x000CCCCCCCCCCCCC
mem[X,0x000000008003DE64] -> 0x9593
mem[X,0x000000008003DE66] -> 0x00A5
[8250] [M]: 0x000000008003DE64 (0x00A59593) slli a1, a1, 10
x11 <- 0x3333333333333000
mem[X,0x000000008003DE68] -> 0x8593
mem[X,0x000000008003DE6A] -> 0x3325
[8251] [M]: 0x000000008003DE68 (0x33258593) addi a1, a1, 818
x11 <- 0x3333333333333332
mem[X,0x000000008003DE6C] -> 0x0113
mem[X,0x000000008003DE6E] -> 0x0000
[8252] [M]: 0x000000008003DE6C (0x00000113) addi sp, zero, 0
x2 <- 0x0000000000000000
mem[X,0x000000008003DE70] -> 0x006F
mem[X,0x000000008003DE72] -> 0x0180
[8253] [M]: 0x000000008003DE70 (0x0180006F) jal zero, 24
mem[X,0x000000008003DE88] -> 0x46E3
mem[X,0x000000008003DE8A] -> 0xFEB5
[8254] [M]: 0x000000008003DE88 (0xFEB546E3) blt a0, a1, 8172
mem[X,0x000000008003DE8C] -> 0x0113
mem[X,0x000000008003DE8E] -> 0x0021
[8255] [M]: 0x000000008003DE8C (0x00210113) addi sp, sp, 2
x2 <- 0x0000000000000002
mem[X,0x000000008003DE90] -> 0x006F
mem[X,0x000000008003DE92] -> 0x00C0
[8256] [M]: 0x000000008003DE90 (0x00C0006F) jal zero, 12
mem[X,0x000000008003DE9C] -> 0xB023
mem[X,0x000000008003DE9E] -> 0x7620
[8257] [M]: 0x000000008003DE9C (0x7620B023) sd sp, 1888(ra)
mem[0x0000000080050138] <- 0x0000000000000002
mem[X,0x000000008003DEA0] -> 0x5537
mem[X,0x000000008003DEA2] -> 0x5555
[8258] [M]: 0x000000008003DEA0 (0x55555537) lui a0, 349525
x10 <- 0x0000000055555000
mem[X,0x000000008003DEA4] -> 0x0513
mem[X,0x000000008003DEA6] -> 0x5555
[8259] [M]: 0x000000008003DEA4 (0x55550513) addi a0, a0, 1365
x10 <- 0x0000000055555555
mem[X,0x000000008003DEA8] -> 0x1513
mem[X,0x000000008003DEAA] -> 0x00B5
[8260] [M]: 0x000000008003DEA8 (0x00B51513) slli a0, a0, 11
x10 <- 0x000002AAAAAAA800
mem[X,0x000000008003DEAC] -> 0x0513
mem[X,0x000000008003DEAE] -> 0x2AA5
[8261] [M]: 0x000000008003DEAC (0x2AA50513) addi a0, a0, 682
x10 <- 0x000002AAAAAAAAAA
mem[X,0x000000008003DEB0] -> 0x1513
mem[X,0x000000008003DEB2] -> 0x00B5
[8262] [M]: 0x000000008003DEB0 (0x00B51513) slli a0, a0, 11
x10 <- 0x0015555555555000
mem[X,0x000000008003DEB4] -> 0x0513
mem[X,0x000000008003DEB6] -> 0x5555
[8263] [M]: 0x000000008003DEB4 (0x55550513) addi a0, a0, 1365
x10 <- 0x0015555555555555
mem[X,0x000000008003DEB8] -> 0x1513
mem[X,0x000000008003DEBA] -> 0x00A5
[8264] [M]: 0x000000008003DEB8 (0x00A51513) slli a0, a0, 10
x10 <- 0x5555555555555400
mem[X,0x000000008003DEBC] -> 0x0513
mem[X,0x000000008003DEBE] -> 0x1565
[8265] [M]: 0x000000008003DEBC (0x15650513) addi a0, a0, 342
x10 <- 0x5555555555555556
mem[X,0x000000008003DEC0] -> 0x65B7
mem[X,0x000000008003DEC2] -> 0x6666
[8266] [M]: 0x000000008003DEC0 (0x666665B7) lui a1, 419430
x11 <- 0x0000000066666000
mem[X,0x000000008003DEC4] -> 0x8593
mem[X,0x000000008003DEC6] -> 0x6665
[8267] [M]: 0x000000008003DEC4 (0x66658593) addi a1, a1, 1638
x11 <- 0x0000000066666666
mem[X,0x000000008003DEC8] -> 0x9593
mem[X,0x000000008003DECA] -> 0x00B5
[8268] [M]: 0x000000008003DEC8 (0x00B59593) slli a1, a1, 11
x11 <- 0x0000033333333000
mem[X,0x000000008003DECC] -> 0x8593
mem[X,0x000000008003DECE] -> 0x3335
[8269] [M]: 0x000000008003DECC (0x33358593) addi a1, a1, 819
x11 <- 0x0000033333333333
mem[X,0x000000008003DED0] -> 0x9593
mem[X,0x000000008003DED2] -> 0x00B5
[8270] [M]: 0x000000008003DED0 (0x00B59593) slli a1, a1, 11
x11 <- 0x0019999999999800
mem[X,0x000000008003DED4] -> 0x8593
mem[X,0x000000008003DED6] -> 0x1995
[8271] [M]: 0x000000008003DED4 (0x19958593) addi a1, a1, 409
x11 <- 0x0019999999999999
mem[X,0x000000008003DED8] -> 0x9593
mem[X,0x000000008003DEDA] -> 0x00A5
[8272] [M]: 0x000000008003DED8 (0x00A59593) slli a1, a1, 10
x11 <- 0x6666666666666400
mem[X,0x000000008003DEDC] -> 0x8593
mem[X,0x000000008003DEDE] -> 0x2655
[8273] [M]: 0x000000008003DEDC (0x26558593) addi a1, a1, 613
x11 <- 0x6666666666666665
mem[X,0x000000008003DEE0] -> 0x0113
mem[X,0x000000008003DEE2] -> 0x0000
[8274] [M]: 0x000000008003DEE0 (0x00000113) addi sp, zero, 0
x2 <- 0x0000000000000000
mem[X,0x000000008003DEE4] -> 0x006F
mem[X,0x000000008003DEE6] -> 0x00C0
[8275] [M]: 0x000000008003DEE4 (0x00C0006F) jal zero, 12
mem[X,0x000000008003DEF0] -> 0x4CE3
mem[X,0x000000008003DEF2] -> 0xFEB5
[8276] [M]: 0x000000008003DEF0 (0xFEB54CE3) blt a0, a1, 8184
mem[X,0x000000008003DEE8] -> 0x0113
mem[X,0x000000008003DEEA] -> 0x0011
[8277] [M]: 0x000000008003DEE8 (0x00110113) addi sp, sp, 1
x2 <- 0x0000000000000001
mem[X,0x000000008003DEEC] -> 0x006F
mem[X,0x000000008003DEEE] -> 0x0180
[8278] [M]: 0x000000008003DEEC (0x0180006F) jal zero, 24
mem[X,0x000000008003DF04] -> 0xB423
mem[X,0x000000008003DF06] -> 0x7620
[8279] [M]: 0x000000008003DF04 (0x7620B423) sd sp, 1896(ra)
mem[0x0000000080050140] <- 0x0000000000000001
mem[X,0x000000008003DF08] -> 0x5537
mem[X,0x000000008003DF0A] -> 0x5555
[8280] [M]: 0x000000008003DF08 (0x55555537) lui a0, 349525
x10 <- 0x0000000055555000
mem[X,0x000000008003DF0C] -> 0x0513
mem[X,0x000000008003DF0E] -> 0x5555
[8281] [M]: 0x000000008003DF0C (0x55550513) addi a0, a0, 1365
x10 <- 0x0000000055555555
mem[X,0x000000008003DF10] -> 0x1513
mem[X,0x000000008003DF12] -> 0x00B5
[8282] [M]: 0x000000008003DF10 (0x00B51513) slli a0, a0, 11
x10 <- 0x000002AAAAAAA800
mem[X,0x000000008003DF14] -> 0x0513
mem[X,0x000000008003DF16] -> 0x2AA5
[8283] [M]: 0x000000008003DF14 (0x2AA50513) addi a0, a0, 682
x10 <- 0x000002AAAAAAAAAA
mem[X,0x000000008003DF18] -> 0x1513
mem[X,0x000000008003DF1A] -> 0x00B5
[8284] [M]: 0x000000008003DF18 (0x00B51513) slli a0, a0, 11
x10 <- 0x0015555555555000
mem[X,0x000000008003DF1C] -> 0x0513
mem[X,0x000000008003DF1E] -> 0x5555
[8285] [M]: 0x000000008003DF1C (0x55550513) addi a0, a0, 1365
x10 <- 0x0015555555555555
mem[X,0x000000008003DF20] -> 0x1513
mem[X,0x000000008003DF22] -> 0x00A5
[8286] [M]: 0x000000008003DF20 (0x00A51513) slli a0, a0, 10
x10 <- 0x5555555555555400
mem[X,0x000000008003DF24] -> 0x0513
mem[X,0x000000008003DF26] -> 0x1565
[8287] [M]: 0x000000008003DF24 (0x15650513) addi a0, a0, 342
x10 <- 0x5555555555555556
mem[X,0x000000008003DF28] -> 0x05B7
mem[X,0x000000008003DF2A] -> 0x0000
[8288] [M]: 0x000000008003DF28 (0x000005B7) lui a1, 0
x11 <- 0x0000000000000000
mem[X,0x000000008003DF2C] -> 0x8593
mem[X,0x000000008003DF2E] -> 0x0005
[8289] [M]: 0x000000008003DF2C (0x00058593) addi a1, a1, 0
x11 <- 0x0000000000000000
mem[X,0x000000008003DF30] -> 0x9593
mem[X,0x000000008003DF32] -> 0x00B5
[8290] [M]: 0x000000008003DF30 (0x00B59593) slli a1, a1, 11
x11 <- 0x0000000000000000
mem[X,0x000000008003DF34] -> 0x8593
mem[X,0x000000008003DF36] -> 0x5A85
[8291] [M]: 0x000000008003DF34 (0x5A858593) addi a1, a1, 1448
x11 <- 0x00000000000005A8
mem[X,0x000000008003DF38] -> 0x9593
mem[X,0x000000008003DF3A] -> 0x00B5
[8292] [M]: 0x000000008003DF38 (0x00B59593) slli a1, a1, 11
x11 <- 0x00000000002D4000
mem[X,0x000000008003DF3C] -> 0x8593
mem[X,0x000000008003DF3E] -> 0x13C5
[8293] [M]: 0x000000008003DF3C (0x13C58593) addi a1, a1, 316
x11 <- 0x00000000002D413C
mem[X,0x000000008003DF40] -> 0x9593
mem[X,0x000000008003DF42] -> 0x00A5
[8294] [M]: 0x000000008003DF40 (0x00A59593) slli a1, a1, 10
x11 <- 0x00000000B504F000
mem[X,0x000000008003DF44] -> 0x8593
mem[X,0x000000008003DF46] -> 0x3325
[8295] [M]: 0x000000008003DF44 (0x33258593) addi a1, a1, 818
x11 <- 0x00000000B504F332
mem[X,0x000000008003DF48] -> 0x0113
mem[X,0x000000008003DF4A] -> 0x0000
[8296] [M]: 0x000000008003DF48 (0x00000113) addi sp, zero, 0
x2 <- 0x0000000000000000
mem[X,0x000000008003DF4C] -> 0x006F
mem[X,0x000000008003DF4E] -> 0x00C0
[8297] [M]: 0x000000008003DF4C (0x00C0006F) jal zero, 12
mem[X,0x000000008003DF58] -> 0x4CE3
mem[X,0x000000008003DF5A] -> 0xFEB5
[8298] [M]: 0x000000008003DF58 (0xFEB54CE3) blt a0, a1, 8184
mem[X,0x000000008003DF5C] -> 0x0113
mem[X,0x000000008003DF5E] -> 0x0021
[8299] [M]: 0x000000008003DF5C (0x00210113) addi sp, sp, 2
x2 <- 0x0000000000000002
clint::tick mtime <- 0x0000000000000053
 clint timer pending at mtime 0x0000000000000053
htif::tick 0x0000000000000000
mem[X,0x000000008003DF60] -> 0x006F
mem[X,0x000000008003DF62] -> 0x00C0
[8300] [M]: 0x000000008003DF60 (0x00C0006F) jal zero, 12
mem[X,0x000000008003DF6C] -> 0xB823
mem[X,0x000000008003DF6E] -> 0x7620
[8301] [M]: 0x000000008003DF6C (0x7620B823) sd sp, 1904(ra)
mem[0x0000000080050148] <- 0x0000000000000002
mem[X,0x000000008003DF70] -> 0x5537
mem[X,0x000000008003DF72] -> 0x5555
[8302] [M]: 0x000000008003DF70 (0x55555537) lui a0, 349525
x10 <- 0x0000000055555000
mem[X,0x000000008003DF74] -> 0x0513
mem[X,0x000000008003DF76] -> 0x5555
[8303] [M]: 0x000000008003DF74 (0x55550513) addi a0, a0, 1365
x10 <- 0x0000000055555555
mem[X,0x000000008003DF78] -> 0x1513
mem[X,0x000000008003DF7A] -> 0x00B5
[8304] [M]: 0x000000008003DF78 (0x00B51513) slli a0, a0, 11
x10 <- 0x000002AAAAAAA800
mem[X,0x000000008003DF7C] -> 0x0513
mem[X,0x000000008003DF7E] -> 0x2AA5
[8305] [M]: 0x000000008003DF7C (0x2AA50513) addi a0, a0, 682
x10 <- 0x000002AAAAAAAAAA
mem[X,0x000000008003DF80] -> 0x1513
mem[X,0x000000008003DF82] -> 0x00B5
[8306] [M]: 0x000000008003DF80 (0x00B51513) slli a0, a0, 11
x10 <- 0x0015555555555000
mem[X,0x000000008003DF84] -> 0x0513
mem[X,0x000000008003DF86] -> 0x5555
[8307] [M]: 0x000000008003DF84 (0x55550513) addi a0, a0, 1365
x10 <- 0x0015555555555555
mem[X,0x000000008003DF88] -> 0x1513
mem[X,0x000000008003DF8A] -> 0x00A5
[8308] [M]: 0x000000008003DF88 (0x00A51513) slli a0, a0, 10
x10 <- 0x5555555555555400
mem[X,0x000000008003DF8C] -> 0x0513
mem[X,0x000000008003DF8E] -> 0x1565
[8309] [M]: 0x000000008003DF8C (0x15650513) addi a0, a0, 342
x10 <- 0x5555555555555556
mem[X,0x000000008003DF90] -> 0x55B7
mem[X,0x000000008003DF92] -> 0x5555
[8310] [M]: 0x000000008003DF90 (0x555555B7) lui a1, 349525
x11 <- 0x0000000055555000
mem[X,0x000000008003DF94] -> 0x8593
mem[X,0x000000008003DF96] -> 0x5555
[8311] [M]: 0x000000008003DF94 (0x55558593) addi a1, a1, 1365
x11 <- 0x0000000055555555
mem[X,0x000000008003DF98] -> 0x9593
mem[X,0x000000008003DF9A] -> 0x00B5
[8312] [M]: 0x000000008003DF98 (0x00B59593) slli a1, a1, 11
x11 <- 0x000002AAAAAAA800
mem[X,0x000000008003DF9C] -> 0x8593
mem[X,0x000000008003DF9E] -> 0x2AA5
[8313] [M]: 0x000000008003DF9C (0x2AA58593) addi a1, a1, 682
x11 <- 0x000002AAAAAAAAAA
mem[X,0x000000008003DFA0] -> 0x9593
mem[X,0x000000008003DFA2] -> 0x00B5
[8314] [M]: 0x000000008003DFA0 (0x00B59593) slli a1, a1, 11
x11 <- 0x0015555555555000
mem[X,0x000000008003DFA4] -> 0x8593
mem[X,0x000000008003DFA6] -> 0x5555
[8315] [M]: 0x000000008003DFA4 (0x55558593) addi a1, a1, 1365
x11 <- 0x0015555555555555
mem[X,0x000000008003DFA8] -> 0x9593
mem[X,0x000000008003DFAA] -> 0x00A5
[8316] [M]: 0x000000008003DFA8 (0x00A59593) slli a1, a1, 10
x11 <- 0x5555555555555400
mem[X,0x000000008003DFAC] -> 0x8593
mem[X,0x000000008003DFAE] -> 0x1565
[8317] [M]: 0x000000008003DFAC (0x15658593) addi a1, a1, 342
x11 <- 0x5555555555555556
mem[X,0x000000008003DFB0] -> 0x0113
mem[X,0x000000008003DFB2] -> 0x0000
[8318] [M]: 0x000000008003DFB0 (0x00000113) addi sp, zero, 0
x2 <- 0x0000000000000000
mem[X,0x000000008003DFB4] -> 0x006F
mem[X,0x000000008003DFB6] -> 0x0100
[8319] [M]: 0x000000008003DFB4 (0x0100006F) jal zero, 16
mem[X,0x000000008003DFC4] -> 0x4AE3
mem[X,0x000000008003DFC6] -> 0xFEB5
[8320] [M]: 0x000000008003DFC4 (0xFEB54AE3) blt a0, a1, 8180
mem[X,0x000000008003DFC8] -> 0x0113
mem[X,0x000000008003DFCA] -> 0x0021
[8321] [M]: 0x000000008003DFC8 (0x00210113) addi sp, sp, 2
x2 <- 0x0000000000000002
mem[X,0x000000008003DFCC] -> 0x006F
mem[X,0x000000008003DFCE] -> 0x00C0
[8322] [M]: 0x000000008003DFCC (0x00C0006F) jal zero, 12
mem[X,0x000000008003DFD8] -> 0xBC23
mem[X,0x000000008003DFDA] -> 0x7620
[8323] [M]: 0x000000008003DFD8 (0x7620BC23) sd sp, 1912(ra)
mem[0x0000000080050150] <- 0x0000000000000002
mem[X,0x000000008003DFDC] -> 0x5537
mem[X,0x000000008003DFDE] -> 0x5555
[8324] [M]: 0x000000008003DFDC (0x55555537) lui a0, 349525
x10 <- 0x0000000055555000
mem[X,0x000000008003DFE0] -> 0x0513
mem[X,0x000000008003DFE2] -> 0x5555
[8325] [M]: 0x000000008003DFE0 (0x55550513) addi a0, a0, 1365
x10 <- 0x0000000055555555
mem[X,0x000000008003DFE4] -> 0x1513
mem[X,0x000000008003DFE6] -> 0x00B5
[8326] [M]: 0x000000008003DFE4 (0x00B51513) slli a0, a0, 11
x10 <- 0x000002AAAAAAA800
mem[X,0x000000008003DFE8] -> 0x0513
mem[X,0x000000008003DFEA] -> 0x2AA5
[8327] [M]: 0x000000008003DFE8 (0x2AA50513) addi a0, a0, 682
x10 <- 0x000002AAAAAAAAAA
mem[X,0x000000008003DFEC] -> 0x1513
mem[X,0x000000008003DFEE] -> 0x00B5
[8328] [M]: 0x000000008003DFEC (0x00B51513) slli a0, a0, 11
x10 <- 0x0015555555555000
mem[X,0x000000008003DFF0] -> 0x0513
mem[X,0x000000008003DFF2] -> 0x5555
[8329] [M]: 0x000000008003DFF0 (0x55550513) addi a0, a0, 1365
x10 <- 0x0015555555555555
mem[X,0x000000008003DFF4] -> 0x1513
mem[X,0x000000008003DFF6] -> 0x00A5
[8330] [M]: 0x000000008003DFF4 (0x00A51513) slli a0, a0, 10
x10 <- 0x5555555555555400
mem[X,0x000000008003DFF8] -> 0x0513
mem[X,0x000000008003DFFA] -> 0x1565
[8331] [M]: 0x000000008003DFF8 (0x15650513) addi a0, a0, 342
x10 <- 0x5555555555555556
mem[X,0x000000008003DFFC] -> 0xB5B7
mem[X,0x000000008003DFFE] -> 0xAAAA
[8332] [M]: 0x000000008003DFFC (0xAAAAB5B7) lui a1, 699051
x11 <- 0xFFFFFFFFAAAAB000
mem[X,0x000000008003E000] -> 0x8593
mem[X,0x000000008003E002] -> 0xAAA5
[8333] [M]: 0x000000008003E000 (0xAAA58593) addi a1, a1, 2730
x11 <- 0xFFFFFFFFAAAAAAAA
mem[X,0x000000008003E004] -> 0x9593
mem[X,0x000000008003E006] -> 0x00B5
[8334] [M]: 0x000000008003E004 (0x00B59593) slli a1, a1, 11
x11 <- 0xFFFFFD5555555000
mem[X,0x000000008003E008] -> 0x8593
mem[X,0x000000008003E00A] -> 0x5555
[8335] [M]: 0x000000008003E008 (0x55558593) addi a1, a1, 1365
x11 <- 0xFFFFFD5555555555
mem[X,0x000000008003E00C] -> 0x9593
mem[X,0x000000008003E00E] -> 0x00B5
[8336] [M]: 0x000000008003E00C (0x00B59593) slli a1, a1, 11
x11 <- 0xFFEAAAAAAAAAA800
mem[X,0x000000008003E010] -> 0x8593
mem[X,0x000000008003E012] -> 0x2AA5
[8337] [M]: 0x000000008003E010 (0x2AA58593) addi a1, a1, 682
x11 <- 0xFFEAAAAAAAAAAAAA
mem[X,0x000000008003E014] -> 0x9593
mem[X,0x000000008003E016] -> 0x00A5
[8338] [M]: 0x000000008003E014 (0x00A59593) slli a1, a1, 10
x11 <- 0xAAAAAAAAAAAAA800
mem[X,0x000000008003E018] -> 0x8593
mem[X,0x000000008003E01A] -> 0x2AB5
[8339] [M]: 0x000000008003E018 (0x2AB58593) addi a1, a1, 683
x11 <- 0xAAAAAAAAAAAAAAAB
mem[X,0x000000008003E01C] -> 0x0113
mem[X,0x000000008003E01E] -> 0x0000
[8340] [M]: 0x000000008003E01C (0x00000113) addi sp, zero, 0
x2 <- 0x0000000000000000
mem[X,0x000000008003E020] -> 0x006F
mem[X,0x000000008003E022] -> 0x0100
[8341] [M]: 0x000000008003E020 (0x0100006F) jal zero, 16
mem[X,0x000000008003E030] -> 0x4AE3
mem[X,0x000000008003E032] -> 0xFEB5
[8342] [M]: 0x000000008003E030 (0xFEB54AE3) blt a0, a1, 8180
mem[X,0x000000008003E034] -> 0x0113
mem[X,0x000000008003E036] -> 0x0021
[8343] [M]: 0x000000008003E034 (0x00210113) addi sp, sp, 2
x2 <- 0x0000000000000002
mem[X,0x000000008003E038] -> 0x006F
mem[X,0x000000008003E03A] -> 0x00C0
[8344] [M]: 0x000000008003E038 (0x00C0006F) jal zero, 12
mem[X,0x000000008003E044] -> 0xB023
mem[X,0x000000008003E046] -> 0x7820
[8345] [M]: 0x000000008003E044 (0x7820B023) sd sp, 1920(ra)
mem[0x0000000080050158] <- 0x0000000000000002
mem[X,0x000000008003E048] -> 0x5537
mem[X,0x000000008003E04A] -> 0x5555
[8346] [M]: 0x000000008003E048 (0x55555537) lui a0, 349525
x10 <- 0x0000000055555000
mem[X,0x000000008003E04C] -> 0x0513
mem[X,0x000000008003E04E] -> 0x5555
[8347] [M]: 0x000000008003E04C (0x55550513) addi a0, a0, 1365
x10 <- 0x0000000055555555
mem[X,0x000000008003E050] -> 0x1513
mem[X,0x000000008003E052] -> 0x00B5
[8348] [M]: 0x000000008003E050 (0x00B51513) slli a0, a0, 11
x10 <- 0x000002AAAAAAA800
mem[X,0x000000008003E054] -> 0x0513
mem[X,0x000000008003E056] -> 0x2AA5
[8349] [M]: 0x000000008003E054 (0x2AA50513) addi a0, a0, 682
x10 <- 0x000002AAAAAAAAAA
mem[X,0x000000008003E058] -> 0x1513
mem[X,0x000000008003E05A] -> 0x00B5
[8350] [M]: 0x000000008003E058 (0x00B51513) slli a0, a0, 11
x10 <- 0x0015555555555000
mem[X,0x000000008003E05C] -> 0x0513
mem[X,0x000000008003E05E] -> 0x5555
[8351] [M]: 0x000000008003E05C (0x55550513) addi a0, a0, 1365
x10 <- 0x0015555555555555
mem[X,0x000000008003E060] -> 0x1513
mem[X,0x000000008003E062] -> 0x00A5
[8352] [M]: 0x000000008003E060 (0x00A51513) slli a0, a0, 10
x10 <- 0x5555555555555400
mem[X,0x000000008003E064] -> 0x0513
mem[X,0x000000008003E066] -> 0x1565
[8353] [M]: 0x000000008003E064 (0x15650513) addi a0, a0, 342
x10 <- 0x5555555555555556
mem[X,0x000000008003E068] -> 0x0593
mem[X,0x000000008003E06A] -> 0x0060
[8354] [M]: 0x000000008003E068 (0x00600593) addi a1, zero, 6
x11 <- 0x0000000000000006
mem[X,0x000000008003E06C] -> 0x0113
mem[X,0x000000008003E06E] -> 0x0000
[8355] [M]: 0x000000008003E06C (0x00000113) addi sp, zero, 0
x2 <- 0x0000000000000000
mem[X,0x000000008003E070] -> 0x006F
mem[X,0x000000008003E072] -> 0x00C0
[8356] [M]: 0x000000008003E070 (0x00C0006F) jal zero, 12
mem[X,0x000000008003E07C] -> 0x4CE3
mem[X,0x000000008003E07E] -> 0xFEB5
[8357] [M]: 0x000000008003E07C (0xFEB54CE3) blt a0, a1, 8184
mem[X,0x000000008003E080] -> 0x0113
mem[X,0x000000008003E082] -> 0x0021
[8358] [M]: 0x000000008003E080 (0x00210113) addi sp, sp, 2
x2 <- 0x0000000000000002
mem[X,0x000000008003E084] -> 0x006F
mem[X,0x000000008003E086] -> 0x00C0
[8359] [M]: 0x000000008003E084 (0x00C0006F) jal zero, 12
mem[X,0x000000008003E090] -> 0xB423
mem[X,0x000000008003E092] -> 0x7820
[8360] [M]: 0x000000008003E090 (0x7820B423) sd sp, 1928(ra)
mem[0x0000000080050160] <- 0x0000000000000002
mem[X,0x000000008003E094] -> 0x5537
mem[X,0x000000008003E096] -> 0x5555
[8361] [M]: 0x000000008003E094 (0x55555537) lui a0, 349525
x10 <- 0x0000000055555000
mem[X,0x000000008003E098] -> 0x0513
mem[X,0x000000008003E09A] -> 0x5555
[8362] [M]: 0x000000008003E098 (0x55550513) addi a0, a0, 1365
x10 <- 0x0000000055555555
mem[X,0x000000008003E09C] -> 0x1513
mem[X,0x000000008003E09E] -> 0x00B5
[8363] [M]: 0x000000008003E09C (0x00B51513) slli a0, a0, 11
x10 <- 0x000002AAAAAAA800
mem[X,0x000000008003E0A0] -> 0x0513
mem[X,0x000000008003E0A2] -> 0x2AA5
[8364] [M]: 0x000000008003E0A0 (0x2AA50513) addi a0, a0, 682
x10 <- 0x000002AAAAAAAAAA
mem[X,0x000000008003E0A4] -> 0x1513
mem[X,0x000000008003E0A6] -> 0x00B5
[8365] [M]: 0x000000008003E0A4 (0x00B51513) slli a0, a0, 11
x10 <- 0x0015555555555000
mem[X,0x000000008003E0A8] -> 0x0513
mem[X,0x000000008003E0AA] -> 0x5555
[8366] [M]: 0x000000008003E0A8 (0x55550513) addi a0, a0, 1365
x10 <- 0x0015555555555555
mem[X,0x000000008003E0AC] -> 0x1513
mem[X,0x000000008003E0AE] -> 0x00A5
[8367] [M]: 0x000000008003E0AC (0x00A51513) slli a0, a0, 10
x10 <- 0x5555555555555400
mem[X,0x000000008003E0B0] -> 0x0513
mem[X,0x000000008003E0B2] -> 0x1565
[8368] [M]: 0x000000008003E0B0 (0x15650513) addi a0, a0, 342
x10 <- 0x5555555555555556
mem[X,0x000000008003E0B4] -> 0x35B7
mem[X,0x000000008003E0B6] -> 0x3333
[8369] [M]: 0x000000008003E0B4 (0x333335B7) lui a1, 209715
x11 <- 0x0000000033333000
mem[X,0x000000008003E0B8] -> 0x8593
mem[X,0x000000008003E0BA] -> 0x3335
[8370] [M]: 0x000000008003E0B8 (0x33358593) addi a1, a1, 819
x11 <- 0x0000000033333333
mem[X,0x000000008003E0BC] -> 0x9593
mem[X,0x000000008003E0BE] -> 0x00B5
[8371] [M]: 0x000000008003E0BC (0x00B59593) slli a1, a1, 11
x11 <- 0x0000019999999800
mem[X,0x000000008003E0C0] -> 0x8593
mem[X,0x000000008003E0C2] -> 0x1995
[8372] [M]: 0x000000008003E0C0 (0x19958593) addi a1, a1, 409
x11 <- 0x0000019999999999
mem[X,0x000000008003E0C4] -> 0x9593
mem[X,0x000000008003E0C6] -> 0x00B5
[8373] [M]: 0x000000008003E0C4 (0x00B59593) slli a1, a1, 11
x11 <- 0x000CCCCCCCCCC800
mem[X,0x000000008003E0C8] -> 0x8593
mem[X,0x000000008003E0CA] -> 0x4CC5
[8374] [M]: 0x000000008003E0C8 (0x4CC58593) addi a1, a1, 1228
x11 <- 0x000CCCCCCCCCCCCC
mem[X,0x000000008003E0CC] -> 0x9593
mem[X,0x000000008003E0CE] -> 0x00A5
[8375] [M]: 0x000000008003E0CC (0x00A59593) slli a1, a1, 10
x11 <- 0x3333333333333000
mem[X,0x000000008003E0D0] -> 0x8593
mem[X,0x000000008003E0D2] -> 0x3345
[8376] [M]: 0x000000008003E0D0 (0x33458593) addi a1, a1, 820
x11 <- 0x3333333333333334
mem[X,0x000000008003E0D4] -> 0x0113
mem[X,0x000000008003E0D6] -> 0x0000
[8377] [M]: 0x000000008003E0D4 (0x00000113) addi sp, zero, 0
x2 <- 0x0000000000000000
mem[X,0x000000008003E0D8] -> 0x006F
mem[X,0x000000008003E0DA] -> 0x00C0
[8378] [M]: 0x000000008003E0D8 (0x00C0006F) jal zero, 12
mem[X,0x000000008003E0E4] -> 0x4063
mem[X,0x000000008003E0E6] -> 0x08B5
[8379] [M]: 0x000000008003E0E4 (0x08B54063) blt a0, a1, 128
mem[X,0x000000008003E0E8] -> 0x0113
mem[X,0x000000008003E0EA] -> 0x0021
[8380] [M]: 0x000000008003E0E8 (0x00210113) addi sp, sp, 2
x2 <- 0x0000000000000002
mem[X,0x000000008003E0EC] -> 0x006F
mem[X,0x000000008003E0EE] -> 0x0800
[8381] [M]: 0x000000008003E0EC (0x0800006F) jal zero, 128
mem[X,0x000000008003E16C] -> 0xB823
mem[X,0x000000008003E16E] -> 0x7820
[8382] [M]: 0x000000008003E16C (0x7820B823) sd sp, 1936(ra)
mem[0x0000000080050168] <- 0x0000000000000002
mem[X,0x000000008003E170] -> 0x5537
mem[X,0x000000008003E172] -> 0x5555
[8383] [M]: 0x000000008003E170 (0x55555537) lui a0, 349525
x10 <- 0x0000000055555000
mem[X,0x000000008003E174] -> 0x0513
mem[X,0x000000008003E176] -> 0x5555
[8384] [M]: 0x000000008003E174 (0x55550513) addi a0, a0, 1365
x10 <- 0x0000000055555555
mem[X,0x000000008003E178] -> 0x1513
mem[X,0x000000008003E17A] -> 0x00B5
[8385] [M]: 0x000000008003E178 (0x00B51513) slli a0, a0, 11
x10 <- 0x000002AAAAAAA800
mem[X,0x000000008003E17C] -> 0x0513
mem[X,0x000000008003E17E] -> 0x2AA5
[8386] [M]: 0x000000008003E17C (0x2AA50513) addi a0, a0, 682
x10 <- 0x000002AAAAAAAAAA
mem[X,0x000000008003E180] -> 0x1513
mem[X,0x000000008003E182] -> 0x00B5
[8387] [M]: 0x000000008003E180 (0x00B51513) slli a0, a0, 11
x10 <- 0x0015555555555000
mem[X,0x000000008003E184] -> 0x0513
mem[X,0x000000008003E186] -> 0x5555
[8388] [M]: 0x000000008003E184 (0x55550513) addi a0, a0, 1365
x10 <- 0x0015555555555555
mem[X,0x000000008003E188] -> 0x1513
mem[X,0x000000008003E18A] -> 0x00A5
[8389] [M]: 0x000000008003E188 (0x00A51513) slli a0, a0, 10
x10 <- 0x5555555555555400
mem[X,0x000000008003E18C] -> 0x0513
mem[X,0x000000008003E18E] -> 0x1565
[8390] [M]: 0x000000008003E18C (0x15650513) addi a0, a0, 342
x10 <- 0x5555555555555556
mem[X,0x000000008003E190] -> 0x65B7
mem[X,0x000000008003E192] -> 0x6666
[8391] [M]: 0x000000008003E190 (0x666665B7) lui a1, 419430
x11 <- 0x0000000066666000
mem[X,0x000000008003E194] -> 0x8593
mem[X,0x000000008003E196] -> 0x6665
[8392] [M]: 0x000000008003E194 (0x66658593) addi a1, a1, 1638
x11 <- 0x0000000066666666
mem[X,0x000000008003E198] -> 0x9593
mem[X,0x000000008003E19A] -> 0x00B5
[8393] [M]: 0x000000008003E198 (0x00B59593) slli a1, a1, 11
x11 <- 0x0000033333333000
mem[X,0x000000008003E19C] -> 0x8593
mem[X,0x000000008003E19E] -> 0x3335
[8394] [M]: 0x000000008003E19C (0x33358593) addi a1, a1, 819
x11 <- 0x0000033333333333
mem[X,0x000000008003E1A0] -> 0x9593
mem[X,0x000000008003E1A2] -> 0x00B5
[8395] [M]: 0x000000008003E1A0 (0x00B59593) slli a1, a1, 11
x11 <- 0x0019999999999800
mem[X,0x000000008003E1A4] -> 0x8593
mem[X,0x000000008003E1A6] -> 0x1995
[8396] [M]: 0x000000008003E1A4 (0x19958593) addi a1, a1, 409
x11 <- 0x0019999999999999
mem[X,0x000000008003E1A8] -> 0x9593
mem[X,0x000000008003E1AA] -> 0x00A5
[8397] [M]: 0x000000008003E1A8 (0x00A59593) slli a1, a1, 10
x11 <- 0x6666666666666400
mem[X,0x000000008003E1AC] -> 0x8593
mem[X,0x000000008003E1AE] -> 0x2675
[8398] [M]: 0x000000008003E1AC (0x26758593) addi a1, a1, 615
x11 <- 0x6666666666666667
mem[X,0x000000008003E1B0] -> 0x0113
mem[X,0x000000008003E1B2] -> 0x0000
[8399] [M]: 0x000000008003E1B0 (0x00000113) addi sp, zero, 0
x2 <- 0x0000000000000000
clint::tick mtime <- 0x0000000000000054
 clint timer pending at mtime 0x0000000000000054
htif::tick 0x0000000000000000
mem[X,0x000000008003E1B4] -> 0x006F
mem[X,0x000000008003E1B6] -> 0x0100
[8400] [M]: 0x000000008003E1B4 (0x0100006F) jal zero, 16
mem[X,0x000000008003E1C4] -> 0x4AE3
mem[X,0x000000008003E1C6] -> 0xFEB5
[8401] [M]: 0x000000008003E1C4 (0xFEB54AE3) blt a0, a1, 8180
mem[X,0x000000008003E1B8] -> 0x0113
mem[X,0x000000008003E1BA] -> 0x0011
[8402] [M]: 0x000000008003E1B8 (0x00110113) addi sp, sp, 1
x2 <- 0x0000000000000001
mem[X,0x000000008003E1BC] -> 0x006F
mem[X,0x000000008003E1BE] -> 0x01C0
[8403] [M]: 0x000000008003E1BC (0x01C0006F) jal zero, 28
mem[X,0x000000008003E1D8] -> 0xBC23
mem[X,0x000000008003E1DA] -> 0x7820
[8404] [M]: 0x000000008003E1D8 (0x7820BC23) sd sp, 1944(ra)
mem[0x0000000080050170] <- 0x0000000000000001
mem[X,0x000000008003E1DC] -> 0x5537
mem[X,0x000000008003E1DE] -> 0x5555
[8405] [M]: 0x000000008003E1DC (0x55555537) lui a0, 349525
x10 <- 0x0000000055555000
mem[X,0x000000008003E1E0] -> 0x0513
mem[X,0x000000008003E1E2] -> 0x5555
[8406] [M]: 0x000000008003E1E0 (0x55550513) addi a0, a0, 1365
x10 <- 0x0000000055555555
mem[X,0x000000008003E1E4] -> 0x1513
mem[X,0x000000008003E1E6] -> 0x00B5
[8407] [M]: 0x000000008003E1E4 (0x00B51513) slli a0, a0, 11
x10 <- 0x000002AAAAAAA800
mem[X,0x000000008003E1E8] -> 0x0513
mem[X,0x000000008003E1EA] -> 0x2AA5
[8408] [M]: 0x000000008003E1E8 (0x2AA50513) addi a0, a0, 682
x10 <- 0x000002AAAAAAAAAA
mem[X,0x000000008003E1EC] -> 0x1513
mem[X,0x000000008003E1EE] -> 0x00B5
[8409] [M]: 0x000000008003E1EC (0x00B51513) slli a0, a0, 11
x10 <- 0x0015555555555000
mem[X,0x000000008003E1F0] -> 0x0513
mem[X,0x000000008003E1F2] -> 0x5555
[8410] [M]: 0x000000008003E1F0 (0x55550513) addi a0, a0, 1365
x10 <- 0x0015555555555555
mem[X,0x000000008003E1F4] -> 0x1513
mem[X,0x000000008003E1F6] -> 0x00A5
[8411] [M]: 0x000000008003E1F4 (0x00A51513) slli a0, a0, 10
x10 <- 0x5555555555555400
mem[X,0x000000008003E1F8] -> 0x0513
mem[X,0x000000008003E1FA] -> 0x1565
[8412] [M]: 0x000000008003E1F8 (0x15650513) addi a0, a0, 342
x10 <- 0x5555555555555556
mem[X,0x000000008003E1FC] -> 0x05B7
mem[X,0x000000008003E1FE] -> 0x0000
[8413] [M]: 0x000000008003E1FC (0x000005B7) lui a1, 0
x11 <- 0x0000000000000000
mem[X,0x000000008003E200] -> 0x8593
mem[X,0x000000008003E202] -> 0xFFF5
[8414] [M]: 0x000000008003E200 (0xFFF58593) addi a1, a1, 4095
x11 <- 0xFFFFFFFFFFFFFFFF
mem[X,0x000000008003E204] -> 0x9593
mem[X,0x000000008003E206] -> 0x00B5
[8415] [M]: 0x000000008003E204 (0x00B59593) slli a1, a1, 11
x11 <- 0xFFFFFFFFFFFFF800
mem[X,0x000000008003E208] -> 0x8593
mem[X,0x000000008003E20A] -> 0x2575
[8416] [M]: 0x000000008003E208 (0x25758593) addi a1, a1, 599
x11 <- 0xFFFFFFFFFFFFFA57
mem[X,0x000000008003E20C] -> 0x9593
mem[X,0x000000008003E20E] -> 0x00B5
[8417] [M]: 0x000000008003E20C (0x00B59593) slli a1, a1, 11
x11 <- 0xFFFFFFFFFFD2B800
mem[X,0x000000008003E210] -> 0x8593
mem[X,0x000000008003E212] -> 0x6C35
[8418] [M]: 0x000000008003E210 (0x6C358593) addi a1, a1, 1731
x11 <- 0xFFFFFFFFFFD2BEC3
mem[X,0x000000008003E214] -> 0x9593
mem[X,0x000000008003E216] -> 0x00A5
[8419] [M]: 0x000000008003E214 (0x00A59593) slli a1, a1, 10
x11 <- 0xFFFFFFFF4AFB0C00
mem[X,0x000000008003E218] -> 0x8593
mem[X,0x000000008003E21A] -> 0x0CE5
[8420] [M]: 0x000000008003E218 (0x0CE58593) addi a1, a1, 206
x11 <- 0xFFFFFFFF4AFB0CCE
mem[X,0x000000008003E21C] -> 0x0113
mem[X,0x000000008003E21E] -> 0x0000
[8421] [M]: 0x000000008003E21C (0x00000113) addi sp, zero, 0
x2 <- 0x0000000000000000
mem[X,0x000000008003E220] -> 0x006F
mem[X,0x000000008003E222] -> 0x00C0
[8422] [M]: 0x000000008003E220 (0x00C0006F) jal zero, 12
mem[X,0x000000008003E22C] -> 0x4663
mem[X,0x000000008003E22E] -> 0x00B5
[8423] [M]: 0x000000008003E22C (0x00B54663) blt a0, a1, 12
mem[X,0x000000008003E230] -> 0x0113
mem[X,0x000000008003E232] -> 0x0021
[8424] [M]: 0x000000008003E230 (0x00210113) addi sp, sp, 2
x2 <- 0x0000000000000002
mem[X,0x000000008003E234] -> 0x006F
mem[X,0x000000008003E236] -> 0x00C0
[8425] [M]: 0x000000008003E234 (0x00C0006F) jal zero, 12
mem[X,0x000000008003E240] -> 0xB023
mem[X,0x000000008003E242] -> 0x7A20
[8426] [M]: 0x000000008003E240 (0x7A20B023) sd sp, 1952(ra)
mem[0x0000000080050178] <- 0x0000000000000002
mem[X,0x000000008003E244] -> 0x5537
mem[X,0x000000008003E246] -> 0x5555
[8427] [M]: 0x000000008003E244 (0x55555537) lui a0, 349525
x10 <- 0x0000000055555000
mem[X,0x000000008003E248] -> 0x0513
mem[X,0x000000008003E24A] -> 0x5555
[8428] [M]: 0x000000008003E248 (0x55550513) addi a0, a0, 1365
x10 <- 0x0000000055555555
mem[X,0x000000008003E24C] -> 0x1513
mem[X,0x000000008003E24E] -> 0x00B5
[8429] [M]: 0x000000008003E24C (0x00B51513) slli a0, a0, 11
x10 <- 0x000002AAAAAAA800
mem[X,0x000000008003E250] -> 0x0513
mem[X,0x000000008003E252] -> 0x2AA5
[8430] [M]: 0x000000008003E250 (0x2AA50513) addi a0, a0, 682
x10 <- 0x000002AAAAAAAAAA
mem[X,0x000000008003E254] -> 0x1513
mem[X,0x000000008003E256] -> 0x00B5
[8431] [M]: 0x000000008003E254 (0x00B51513) slli a0, a0, 11
x10 <- 0x0015555555555000
mem[X,0x000000008003E258] -> 0x0513
mem[X,0x000000008003E25A] -> 0x5555
[8432] [M]: 0x000000008003E258 (0x55550513) addi a0, a0, 1365
x10 <- 0x0015555555555555
mem[X,0x000000008003E25C] -> 0x1513
mem[X,0x000000008003E25E] -> 0x00A5
[8433] [M]: 0x000000008003E25C (0x00A51513) slli a0, a0, 10
x10 <- 0x5555555555555400
mem[X,0x000000008003E260] -> 0x0513
mem[X,0x000000008003E262] -> 0x1565
[8434] [M]: 0x000000008003E260 (0x15650513) addi a0, a0, 342
x10 <- 0x5555555555555556
mem[X,0x000000008003E264] -> 0x05B7
mem[X,0x000000008003E266] -> 0x0000
[8435] [M]: 0x000000008003E264 (0x000005B7) lui a1, 0
x11 <- 0x0000000000000000
mem[X,0x000000008003E268] -> 0x8593
mem[X,0x000000008003E26A] -> 0x0005
[8436] [M]: 0x000000008003E268 (0x00058593) addi a1, a1, 0
x11 <- 0x0000000000000000
mem[X,0x000000008003E26C] -> 0x9593
mem[X,0x000000008003E26E] -> 0x00B5
[8437] [M]: 0x000000008003E26C (0x00B59593) slli a1, a1, 11
x11 <- 0x0000000000000000
mem[X,0x000000008003E270] -> 0x8593
mem[X,0x000000008003E272] -> 0x5A85
[8438] [M]: 0x000000008003E270 (0x5A858593) addi a1, a1, 1448
x11 <- 0x00000000000005A8
mem[X,0x000000008003E274] -> 0x9593
mem[X,0x000000008003E276] -> 0x00B5
[8439] [M]: 0x000000008003E274 (0x00B59593) slli a1, a1, 11
x11 <- 0x00000000002D4000
mem[X,0x000000008003E278] -> 0x8593
mem[X,0x000000008003E27A] -> 0x13C5
[8440] [M]: 0x000000008003E278 (0x13C58593) addi a1, a1, 316
x11 <- 0x00000000002D413C
mem[X,0x000000008003E27C] -> 0x9593
mem[X,0x000000008003E27E] -> 0x00A5
[8441] [M]: 0x000000008003E27C (0x00A59593) slli a1, a1, 10
x11 <- 0x00000000B504F000
mem[X,0x000000008003E280] -> 0x8593
mem[X,0x000000008003E282] -> 0x3345
[8442] [M]: 0x000000008003E280 (0x33458593) addi a1, a1, 820
x11 <- 0x00000000B504F334
mem[X,0x000000008003E284] -> 0x0113
mem[X,0x000000008003E286] -> 0x0000
[8443] [M]: 0x000000008003E284 (0x00000113) addi sp, zero, 0
x2 <- 0x0000000000000000
mem[X,0x000000008003E288] -> 0x006F
mem[X,0x000000008003E28A] -> 0x2B10
[8444] [M]: 0x000000008003E288 (0x2B10006F) jal zero, 2736
mem[X,0x000000008003ED38] -> 0x4A63
mem[X,0x000000008003ED3A] -> 0xD4B5
[8445] [M]: 0x000000008003ED38 (0xD4B54A63) blt a0, a1, 5460
mem[X,0x000000008003ED3C] -> 0x0113
mem[X,0x000000008003ED3E] -> 0x0021
[8446] [M]: 0x000000008003ED3C (0x00210113) addi sp, sp, 2
x2 <- 0x0000000000000002
mem[X,0x000000008003ED40] -> 0x006F
mem[X,0x000000008003ED42] -> 0x00C0
[8447] [M]: 0x000000008003ED40 (0x00C0006F) jal zero, 12
mem[X,0x000000008003ED4C] -> 0xB423
mem[X,0x000000008003ED4E] -> 0x7A20
[8448] [M]: 0x000000008003ED4C (0x7A20B423) sd sp, 1960(ra)
mem[0x0000000080050180] <- 0x0000000000000002
mem[X,0x000000008003ED50] -> 0xB537
mem[X,0x000000008003ED52] -> 0xAAAA
[8449] [M]: 0x000000008003ED50 (0xAAAAB537) lui a0, 699051
x10 <- 0xFFFFFFFFAAAAB000
mem[X,0x000000008003ED54] -> 0x0513
mem[X,0x000000008003ED56] -> 0xAAA5
[8450] [M]: 0x000000008003ED54 (0xAAA50513) addi a0, a0, 2730
x10 <- 0xFFFFFFFFAAAAAAAA
mem[X,0x000000008003ED58] -> 0x1513
mem[X,0x000000008003ED5A] -> 0x00B5
[8451] [M]: 0x000000008003ED58 (0x00B51513) slli a0, a0, 11
x10 <- 0xFFFFFD5555555000
mem[X,0x000000008003ED5C] -> 0x0513
mem[X,0x000000008003ED5E] -> 0x5555
[8452] [M]: 0x000000008003ED5C (0x55550513) addi a0, a0, 1365
x10 <- 0xFFFFFD5555555555
mem[X,0x000000008003ED60] -> 0x1513
mem[X,0x000000008003ED62] -> 0x00B5
[8453] [M]: 0x000000008003ED60 (0x00B51513) slli a0, a0, 11
x10 <- 0xFFEAAAAAAAAAA800
mem[X,0x000000008003ED64] -> 0x0513
mem[X,0x000000008003ED66] -> 0x2AA5
[8454] [M]: 0x000000008003ED64 (0x2AA50513) addi a0, a0, 682
x10 <- 0xFFEAAAAAAAAAAAAA
mem[X,0x000000008003ED68] -> 0x1513
mem[X,0x000000008003ED6A] -> 0x00A5
[8455] [M]: 0x000000008003ED68 (0x00A51513) slli a0, a0, 10
x10 <- 0xAAAAAAAAAAAAA800
mem[X,0x000000008003ED6C] -> 0x0513
mem[X,0x000000008003ED6E] -> 0x2AB5
[8456] [M]: 0x000000008003ED6C (0x2AB50513) addi a0, a0, 683
x10 <- 0xAAAAAAAAAAAAAAAB
mem[X,0x000000008003ED70] -> 0x0593
mem[X,0x000000008003ED72] -> 0x0030
[8457] [M]: 0x000000008003ED70 (0x00300593) addi a1, zero, 3
x11 <- 0x0000000000000003
mem[X,0x000000008003ED74] -> 0x0113
mem[X,0x000000008003ED76] -> 0x0000
[8458] [M]: 0x000000008003ED74 (0x00000113) addi sp, zero, 0
x2 <- 0x0000000000000000
mem[X,0x000000008003ED78] -> 0x006F
mem[X,0x000000008003ED7A] -> 0x0140
[8459] [M]: 0x000000008003ED78 (0x0140006F) jal zero, 20
mem[X,0x000000008003ED8C] -> 0x48E3
mem[X,0x000000008003ED8E] -> 0xFEB5
[8460] [M]: 0x000000008003ED8C (0xFEB548E3) blt a0, a1, 8176
mem[X,0x000000008003ED7C] -> 0x0113
mem[X,0x000000008003ED7E] -> 0x0011
[8461] [M]: 0x000000008003ED7C (0x00110113) addi sp, sp, 1
x2 <- 0x0000000000000001
mem[X,0x000000008003ED80] -> 0x006F
mem[X,0x000000008003ED82] -> 0x0200
[8462] [M]: 0x000000008003ED80 (0x0200006F) jal zero, 32
mem[X,0x000000008003EDA0] -> 0xB823
mem[X,0x000000008003EDA2] -> 0x7A20
[8463] [M]: 0x000000008003EDA0 (0x7A20B823) sd sp, 1968(ra)
mem[0x0000000080050188] <- 0x0000000000000001
mem[X,0x000000008003EDA4] -> 0xB537
mem[X,0x000000008003EDA6] -> 0xAAAA
[8464] [M]: 0x000000008003EDA4 (0xAAAAB537) lui a0, 699051
x10 <- 0xFFFFFFFFAAAAB000
mem[X,0x000000008003EDA8] -> 0x0513
mem[X,0x000000008003EDAA] -> 0xAAA5
[8465] [M]: 0x000000008003EDA8 (0xAAA50513) addi a0, a0, 2730
x10 <- 0xFFFFFFFFAAAAAAAA
mem[X,0x000000008003EDAC] -> 0x1513
mem[X,0x000000008003EDAE] -> 0x00B5
[8466] [M]: 0x000000008003EDAC (0x00B51513) slli a0, a0, 11
x10 <- 0xFFFFFD5555555000
mem[X,0x000000008003EDB0] -> 0x0513
mem[X,0x000000008003EDB2] -> 0x5555
[8467] [M]: 0x000000008003EDB0 (0x55550513) addi a0, a0, 1365
x10 <- 0xFFFFFD5555555555
mem[X,0x000000008003EDB4] -> 0x1513
mem[X,0x000000008003EDB6] -> 0x00B5
[8468] [M]: 0x000000008003EDB4 (0x00B51513) slli a0, a0, 11
x10 <- 0xFFEAAAAAAAAAA800
mem[X,0x000000008003EDB8] -> 0x0513
mem[X,0x000000008003EDBA] -> 0x2AA5
[8469] [M]: 0x000000008003EDB8 (0x2AA50513) addi a0, a0, 682
x10 <- 0xFFEAAAAAAAAAAAAA
mem[X,0x000000008003EDBC] -> 0x1513
mem[X,0x000000008003EDBE] -> 0x00A5
[8470] [M]: 0x000000008003EDBC (0x00A51513) slli a0, a0, 10
x10 <- 0xAAAAAAAAAAAAA800
mem[X,0x000000008003EDC0] -> 0x0513
mem[X,0x000000008003EDC2] -> 0x2AB5
[8471] [M]: 0x000000008003EDC0 (0x2AB50513) addi a0, a0, 683
x10 <- 0xAAAAAAAAAAAAAAAB
mem[X,0x000000008003EDC4] -> 0x55B7
mem[X,0x000000008003EDC6] -> 0x5555
[8472] [M]: 0x000000008003EDC4 (0x555555B7) lui a1, 349525
x11 <- 0x0000000055555000
mem[X,0x000000008003EDC8] -> 0x8593
mem[X,0x000000008003EDCA] -> 0x5555
[8473] [M]: 0x000000008003EDC8 (0x55558593) addi a1, a1, 1365
x11 <- 0x0000000055555555
mem[X,0x000000008003EDCC] -> 0x9593
mem[X,0x000000008003EDCE] -> 0x00B5
[8474] [M]: 0x000000008003EDCC (0x00B59593) slli a1, a1, 11
x11 <- 0x000002AAAAAAA800
mem[X,0x000000008003EDD0] -> 0x8593
mem[X,0x000000008003EDD2] -> 0x2AA5
[8475] [M]: 0x000000008003EDD0 (0x2AA58593) addi a1, a1, 682
x11 <- 0x000002AAAAAAAAAA
mem[X,0x000000008003EDD4] -> 0x9593
mem[X,0x000000008003EDD6] -> 0x00B5
[8476] [M]: 0x000000008003EDD4 (0x00B59593) slli a1, a1, 11
x11 <- 0x0015555555555000
mem[X,0x000000008003EDD8] -> 0x8593
mem[X,0x000000008003EDDA] -> 0x5555
[8477] [M]: 0x000000008003EDD8 (0x55558593) addi a1, a1, 1365
x11 <- 0x0015555555555555
mem[X,0x000000008003EDDC] -> 0x9593
mem[X,0x000000008003EDDE] -> 0x00A5
[8478] [M]: 0x000000008003EDDC (0x00A59593) slli a1, a1, 10
x11 <- 0x5555555555555400
mem[X,0x000000008003EDE0] -> 0x8593
mem[X,0x000000008003EDE2] -> 0x1555
[8479] [M]: 0x000000008003EDE0 (0x15558593) addi a1, a1, 341
x11 <- 0x5555555555555555
mem[X,0x000000008003EDE4] -> 0x0113
mem[X,0x000000008003EDE6] -> 0x0000
[8480] [M]: 0x000000008003EDE4 (0x00000113) addi sp, zero, 0
x2 <- 0x0000000000000000
mem[X,0x000000008003EDE8] -> 0x006F
mem[X,0x000000008003EDEA] -> 0x0050
[8481] [M]: 0x000000008003EDE8 (0x0050006F) jal zero, 2052
mem[X,0x000000008003F5EC] -> 0x40E3
mem[X,0x000000008003F5EE] -> 0x80B5
[8482] [M]: 0x000000008003F5EC (0x80B540E3) blt a0, a1, 6144
mem[X,0x000000008003EDEC] -> 0x0113
mem[X,0x000000008003EDEE] -> 0x0011
[8483] [M]: 0x000000008003EDEC (0x00110113) addi sp, sp, 1
x2 <- 0x0000000000000001
mem[X,0x000000008003EDF0] -> 0x006F
mem[X,0x000000008003EDF2] -> 0x0110
[8484] [M]: 0x000000008003EDF0 (0x0110006F) jal zero, 2064
mem[X,0x000000008003F600] -> 0xBC23
mem[X,0x000000008003F602] -> 0x7A20
[8485] [M]: 0x000000008003F600 (0x7A20BC23) sd sp, 1976(ra)
mem[0x0000000080050190] <- 0x0000000000000001
mem[X,0x000000008003F604] -> 0xB537
mem[X,0x000000008003F606] -> 0xAAAA
[8486] [M]: 0x000000008003F604 (0xAAAAB537) lui a0, 699051
x10 <- 0xFFFFFFFFAAAAB000
mem[X,0x000000008003F608] -> 0x0513
mem[X,0x000000008003F60A] -> 0xAAA5
[8487] [M]: 0x000000008003F608 (0xAAA50513) addi a0, a0, 2730
x10 <- 0xFFFFFFFFAAAAAAAA
mem[X,0x000000008003F60C] -> 0x1513
mem[X,0x000000008003F60E] -> 0x00B5
[8488] [M]: 0x000000008003F60C (0x00B51513) slli a0, a0, 11
x10 <- 0xFFFFFD5555555000
mem[X,0x000000008003F610] -> 0x0513
mem[X,0x000000008003F612] -> 0x5555
[8489] [M]: 0x000000008003F610 (0x55550513) addi a0, a0, 1365
x10 <- 0xFFFFFD5555555555
mem[X,0x000000008003F614] -> 0x1513
mem[X,0x000000008003F616] -> 0x00B5
[8490] [M]: 0x000000008003F614 (0x00B51513) slli a0, a0, 11
x10 <- 0xFFEAAAAAAAAAA800
mem[X,0x000000008003F618] -> 0x0513
mem[X,0x000000008003F61A] -> 0x2AA5
[8491] [M]: 0x000000008003F618 (0x2AA50513) addi a0, a0, 682
x10 <- 0xFFEAAAAAAAAAAAAA
mem[X,0x000000008003F61C] -> 0x1513
mem[X,0x000000008003F61E] -> 0x00A5
[8492] [M]: 0x000000008003F61C (0x00A51513) slli a0, a0, 10
x10 <- 0xAAAAAAAAAAAAA800
mem[X,0x000000008003F620] -> 0x0513
mem[X,0x000000008003F622] -> 0x2AB5
[8493] [M]: 0x000000008003F620 (0x2AB50513) addi a0, a0, 683
x10 <- 0xAAAAAAAAAAAAAAAB
mem[X,0x000000008003F624] -> 0xB5B7
mem[X,0x000000008003F626] -> 0xAAAA
[8494] [M]: 0x000000008003F624 (0xAAAAB5B7) lui a1, 699051
x11 <- 0xFFFFFFFFAAAAB000
mem[X,0x000000008003F628] -> 0x8593
mem[X,0x000000008003F62A] -> 0xAAA5
[8495] [M]: 0x000000008003F628 (0xAAA58593) addi a1, a1, 2730
x11 <- 0xFFFFFFFFAAAAAAAA
mem[X,0x000000008003F62C] -> 0x9593
mem[X,0x000000008003F62E] -> 0x00B5
[8496] [M]: 0x000000008003F62C (0x00B59593) slli a1, a1, 11
x11 <- 0xFFFFFD5555555000
mem[X,0x000000008003F630] -> 0x8593
mem[X,0x000000008003F632] -> 0x5555
[8497] [M]: 0x000000008003F630 (0x55558593) addi a1, a1, 1365
x11 <- 0xFFFFFD5555555555
mem[X,0x000000008003F634] -> 0x9593
mem[X,0x000000008003F636] -> 0x00B5
[8498] [M]: 0x000000008003F634 (0x00B59593) slli a1, a1, 11
x11 <- 0xFFEAAAAAAAAAA800
mem[X,0x000000008003F638] -> 0x8593
mem[X,0x000000008003F63A] -> 0x2AA5
[8499] [M]: 0x000000008003F638 (0x2AA58593) addi a1, a1, 682
x11 <- 0xFFEAAAAAAAAAAAAA
clint::tick mtime <- 0x0000000000000055
 clint timer pending at mtime 0x0000000000000055
htif::tick 0x0000000000000000
mem[X,0x000000008003F63C] -> 0x9593
mem[X,0x000000008003F63E] -> 0x00A5
[8500] [M]: 0x000000008003F63C (0x00A59593) slli a1, a1, 10
x11 <- 0xAAAAAAAAAAAAA800
mem[X,0x000000008003F640] -> 0x8593
mem[X,0x000000008003F642] -> 0x2AA5
[8501] [M]: 0x000000008003F640 (0x2AA58593) addi a1, a1, 682
x11 <- 0xAAAAAAAAAAAAAAAA
mem[X,0x000000008003F644] -> 0x0113
mem[X,0x000000008003F646] -> 0x0000
[8502] [M]: 0x000000008003F644 (0x00000113) addi sp, zero, 0
x2 <- 0x0000000000000000
mem[X,0x000000008003F648] -> 0x006F
mem[X,0x000000008003F64A] -> 0x00C0
[8503] [M]: 0x000000008003F648 (0x00C0006F) jal zero, 12
mem[X,0x000000008003F654] -> 0x4CE3
mem[X,0x000000008003F656] -> 0xFEB5
[8504] [M]: 0x000000008003F654 (0xFEB54CE3) blt a0, a1, 8184
mem[X,0x000000008003F658] -> 0x0113
mem[X,0x000000008003F65A] -> 0x0021
[8505] [M]: 0x000000008003F658 (0x00210113) addi sp, sp, 2
x2 <- 0x0000000000000002
mem[X,0x000000008003F65C] -> 0x006F
mem[X,0x000000008003F65E] -> 0x00C0
[8506] [M]: 0x000000008003F65C (0x00C0006F) jal zero, 12
mem[X,0x000000008003F668] -> 0xB023
mem[X,0x000000008003F66A] -> 0x7C20
[8507] [M]: 0x000000008003F668 (0x7C20B023) sd sp, 1984(ra)
mem[0x0000000080050198] <- 0x0000000000000002
mem[X,0x000000008003F66C] -> 0xB537
mem[X,0x000000008003F66E] -> 0xAAAA
[8508] [M]: 0x000000008003F66C (0xAAAAB537) lui a0, 699051
x10 <- 0xFFFFFFFFAAAAB000
mem[X,0x000000008003F670] -> 0x0513
mem[X,0x000000008003F672] -> 0xAAA5
[8509] [M]: 0x000000008003F670 (0xAAA50513) addi a0, a0, 2730
x10 <- 0xFFFFFFFFAAAAAAAA
mem[X,0x000000008003F674] -> 0x1513
mem[X,0x000000008003F676] -> 0x00B5
[8510] [M]: 0x000000008003F674 (0x00B51513) slli a0, a0, 11
x10 <- 0xFFFFFD5555555000
mem[X,0x000000008003F678] -> 0x0513
mem[X,0x000000008003F67A] -> 0x5555
[8511] [M]: 0x000000008003F678 (0x55550513) addi a0, a0, 1365
x10 <- 0xFFFFFD5555555555
mem[X,0x000000008003F67C] -> 0x1513
mem[X,0x000000008003F67E] -> 0x00B5
[8512] [M]: 0x000000008003F67C (0x00B51513) slli a0, a0, 11
x10 <- 0xFFEAAAAAAAAAA800
mem[X,0x000000008003F680] -> 0x0513
mem[X,0x000000008003F682] -> 0x2AA5
[8513] [M]: 0x000000008003F680 (0x2AA50513) addi a0, a0, 682
x10 <- 0xFFEAAAAAAAAAAAAA
mem[X,0x000000008003F684] -> 0x1513
mem[X,0x000000008003F686] -> 0x00A5
[8514] [M]: 0x000000008003F684 (0x00A51513) slli a0, a0, 10
x10 <- 0xAAAAAAAAAAAAA800
mem[X,0x000000008003F688] -> 0x0513
mem[X,0x000000008003F68A] -> 0x2AB5
[8515] [M]: 0x000000008003F688 (0x2AB50513) addi a0, a0, 683
x10 <- 0xAAAAAAAAAAAAAAAB
mem[X,0x000000008003F68C] -> 0x0593
mem[X,0x000000008003F68E] -> 0x0050
[8516] [M]: 0x000000008003F68C (0x00500593) addi a1, zero, 5
x11 <- 0x0000000000000005
mem[X,0x000000008003F690] -> 0x0113
mem[X,0x000000008003F692] -> 0x0000
[8517] [M]: 0x000000008003F690 (0x00000113) addi sp, zero, 0
x2 <- 0x0000000000000000
mem[X,0x000000008003F694] -> 0x006F
mem[X,0x000000008003F696] -> 0x00C0
[8518] [M]: 0x000000008003F694 (0x00C0006F) jal zero, 12
mem[X,0x000000008003F6A0] -> 0x4CE3
mem[X,0x000000008003F6A2] -> 0xFEB5
[8519] [M]: 0x000000008003F6A0 (0xFEB54CE3) blt a0, a1, 8184
mem[X,0x000000008003F698] -> 0x0113
mem[X,0x000000008003F69A] -> 0x0011
[8520] [M]: 0x000000008003F698 (0x00110113) addi sp, sp, 1
x2 <- 0x0000000000000001
mem[X,0x000000008003F69C] -> 0x006F
mem[X,0x000000008003F69E] -> 0x0180
[8521] [M]: 0x000000008003F69C (0x0180006F) jal zero, 24
mem[X,0x000000008003F6B4] -> 0xB423
mem[X,0x000000008003F6B6] -> 0x7C20
[8522] [M]: 0x000000008003F6B4 (0x7C20B423) sd sp, 1992(ra)
mem[0x00000000800501A0] <- 0x0000000000000001
mem[X,0x000000008003F6B8] -> 0xB537
mem[X,0x000000008003F6BA] -> 0xAAAA
[8523] [M]: 0x000000008003F6B8 (0xAAAAB537) lui a0, 699051
x10 <- 0xFFFFFFFFAAAAB000
mem[X,0x000000008003F6BC] -> 0x0513
mem[X,0x000000008003F6BE] -> 0xAAA5
[8524] [M]: 0x000000008003F6BC (0xAAA50513) addi a0, a0, 2730
x10 <- 0xFFFFFFFFAAAAAAAA
mem[X,0x000000008003F6C0] -> 0x1513
mem[X,0x000000008003F6C2] -> 0x00B5
[8525] [M]: 0x000000008003F6C0 (0x00B51513) slli a0, a0, 11
x10 <- 0xFFFFFD5555555000
mem[X,0x000000008003F6C4] -> 0x0513
mem[X,0x000000008003F6C6] -> 0x5555
[8526] [M]: 0x000000008003F6C4 (0x55550513) addi a0, a0, 1365
x10 <- 0xFFFFFD5555555555
mem[X,0x000000008003F6C8] -> 0x1513
mem[X,0x000000008003F6CA] -> 0x00B5
[8527] [M]: 0x000000008003F6C8 (0x00B51513) slli a0, a0, 11
x10 <- 0xFFEAAAAAAAAAA800
mem[X,0x000000008003F6CC] -> 0x0513
mem[X,0x000000008003F6CE] -> 0x2AA5
[8528] [M]: 0x000000008003F6CC (0x2AA50513) addi a0, a0, 682
x10 <- 0xFFEAAAAAAAAAAAAA
mem[X,0x000000008003F6D0] -> 0x1513
mem[X,0x000000008003F6D2] -> 0x00A5
[8529] [M]: 0x000000008003F6D0 (0x00A51513) slli a0, a0, 10
x10 <- 0xAAAAAAAAAAAAA800
mem[X,0x000000008003F6D4] -> 0x0513
mem[X,0x000000008003F6D6] -> 0x2AB5
[8530] [M]: 0x000000008003F6D4 (0x2AB50513) addi a0, a0, 683
x10 <- 0xAAAAAAAAAAAAAAAB
mem[X,0x000000008003F6D8] -> 0x35B7
mem[X,0x000000008003F6DA] -> 0x3333
[8531] [M]: 0x000000008003F6D8 (0x333335B7) lui a1, 209715
x11 <- 0x0000000033333000
mem[X,0x000000008003F6DC] -> 0x8593
mem[X,0x000000008003F6DE] -> 0x3335
[8532] [M]: 0x000000008003F6DC (0x33358593) addi a1, a1, 819
x11 <- 0x0000000033333333
mem[X,0x000000008003F6E0] -> 0x9593
mem[X,0x000000008003F6E2] -> 0x00B5
[8533] [M]: 0x000000008003F6E0 (0x00B59593) slli a1, a1, 11
x11 <- 0x0000019999999800
mem[X,0x000000008003F6E4] -> 0x8593
mem[X,0x000000008003F6E6] -> 0x1995
[8534] [M]: 0x000000008003F6E4 (0x19958593) addi a1, a1, 409
x11 <- 0x0000019999999999
mem[X,0x000000008003F6E8] -> 0x9593
mem[X,0x000000008003F6EA] -> 0x00B5
[8535] [M]: 0x000000008003F6E8 (0x00B59593) slli a1, a1, 11
x11 <- 0x000CCCCCCCCCC800
mem[X,0x000000008003F6EC] -> 0x8593
mem[X,0x000000008003F6EE] -> 0x4CC5
[8536] [M]: 0x000000008003F6EC (0x4CC58593) addi a1, a1, 1228
x11 <- 0x000CCCCCCCCCCCCC
mem[X,0x000000008003F6F0] -> 0x9593
mem[X,0x000000008003F6F2] -> 0x00A5
[8537] [M]: 0x000000008003F6F0 (0x00A59593) slli a1, a1, 10
x11 <- 0x3333333333333000
mem[X,0x000000008003F6F4] -> 0x8593
mem[X,0x000000008003F6F6] -> 0x3335
[8538] [M]: 0x000000008003F6F4 (0x33358593) addi a1, a1, 819
x11 <- 0x3333333333333333
mem[X,0x000000008003F6F8] -> 0x0113
mem[X,0x000000008003F6FA] -> 0x0000
[8539] [M]: 0x000000008003F6F8 (0x00000113) addi sp, zero, 0
x2 <- 0x0000000000000000
mem[X,0x000000008003F6FC] -> 0x006F
mem[X,0x000000008003F6FE] -> 0x00C0
[8540] [M]: 0x000000008003F6FC (0x00C0006F) jal zero, 12
mem[X,0x000000008003F708] -> 0x4063
mem[X,0x000000008003F70A] -> 0x20B5
[8541] [M]: 0x000000008003F708 (0x20B54063) blt a0, a1, 512
mem[X,0x000000008003F908] -> 0x0113
mem[X,0x000000008003F90A] -> 0x0031
[8542] [M]: 0x000000008003F908 (0x00310113) addi sp, sp, 3
x2 <- 0x0000000000000003
mem[X,0x000000008003F90C] -> 0x006F
mem[X,0x000000008003F90E] -> 0x0040
[8543] [M]: 0x000000008003F90C (0x0040006F) jal zero, 4
mem[X,0x000000008003F910] -> 0xB823
mem[X,0x000000008003F912] -> 0x7C20
[8544] [M]: 0x000000008003F910 (0x7C20B823) sd sp, 2000(ra)
mem[0x00000000800501A8] <- 0x0000000000000003
mem[X,0x000000008003F914] -> 0xB537
mem[X,0x000000008003F916] -> 0xAAAA
[8545] [M]: 0x000000008003F914 (0xAAAAB537) lui a0, 699051
x10 <- 0xFFFFFFFFAAAAB000
mem[X,0x000000008003F918] -> 0x0513
mem[X,0x000000008003F91A] -> 0xAAA5
[8546] [M]: 0x000000008003F918 (0xAAA50513) addi a0, a0, 2730
x10 <- 0xFFFFFFFFAAAAAAAA
mem[X,0x000000008003F91C] -> 0x1513
mem[X,0x000000008003F91E] -> 0x00B5
[8547] [M]: 0x000000008003F91C (0x00B51513) slli a0, a0, 11
x10 <- 0xFFFFFD5555555000
mem[X,0x000000008003F920] -> 0x0513
mem[X,0x000000008003F922] -> 0x5555
[8548] [M]: 0x000000008003F920 (0x55550513) addi a0, a0, 1365
x10 <- 0xFFFFFD5555555555
mem[X,0x000000008003F924] -> 0x1513
mem[X,0x000000008003F926] -> 0x00B5
[8549] [M]: 0x000000008003F924 (0x00B51513) slli a0, a0, 11
x10 <- 0xFFEAAAAAAAAAA800
mem[X,0x000000008003F928] -> 0x0513
mem[X,0x000000008003F92A] -> 0x2AA5
[8550] [M]: 0x000000008003F928 (0x2AA50513) addi a0, a0, 682
x10 <- 0xFFEAAAAAAAAAAAAA
mem[X,0x000000008003F92C] -> 0x1513
mem[X,0x000000008003F92E] -> 0x00A5
[8551] [M]: 0x000000008003F92C (0x00A51513) slli a0, a0, 10
x10 <- 0xAAAAAAAAAAAAA800
mem[X,0x000000008003F930] -> 0x0513
mem[X,0x000000008003F932] -> 0x2AB5
[8552] [M]: 0x000000008003F930 (0x2AB50513) addi a0, a0, 683
x10 <- 0xAAAAAAAAAAAAAAAB
mem[X,0x000000008003F934] -> 0x65B7
mem[X,0x000000008003F936] -> 0x6666
[8553] [M]: 0x000000008003F934 (0x666665B7) lui a1, 419430
x11 <- 0x0000000066666000
mem[X,0x000000008003F938] -> 0x8593
mem[X,0x000000008003F93A] -> 0x6665
[8554] [M]: 0x000000008003F938 (0x66658593) addi a1, a1, 1638
x11 <- 0x0000000066666666
mem[X,0x000000008003F93C] -> 0x9593
mem[X,0x000000008003F93E] -> 0x00B5
[8555] [M]: 0x000000008003F93C (0x00B59593) slli a1, a1, 11
x11 <- 0x0000033333333000
mem[X,0x000000008003F940] -> 0x8593
mem[X,0x000000008003F942] -> 0x3335
[8556] [M]: 0x000000008003F940 (0x33358593) addi a1, a1, 819
x11 <- 0x0000033333333333
mem[X,0x000000008003F944] -> 0x9593
mem[X,0x000000008003F946] -> 0x00B5
[8557] [M]: 0x000000008003F944 (0x00B59593) slli a1, a1, 11
x11 <- 0x0019999999999800
mem[X,0x000000008003F948] -> 0x8593
mem[X,0x000000008003F94A] -> 0x1995
[8558] [M]: 0x000000008003F948 (0x19958593) addi a1, a1, 409
x11 <- 0x0019999999999999
mem[X,0x000000008003F94C] -> 0x9593
mem[X,0x000000008003F94E] -> 0x00A5
[8559] [M]: 0x000000008003F94C (0x00A59593) slli a1, a1, 10
x11 <- 0x6666666666666400
mem[X,0x000000008003F950] -> 0x8593
mem[X,0x000000008003F952] -> 0x2665
[8560] [M]: 0x000000008003F950 (0x26658593) addi a1, a1, 614
x11 <- 0x6666666666666666
mem[X,0x000000008003F954] -> 0x0113
mem[X,0x000000008003F956] -> 0x0000
[8561] [M]: 0x000000008003F954 (0x00000113) addi sp, zero, 0
x2 <- 0x0000000000000000
mem[X,0x000000008003F958] -> 0x006F
mem[X,0x000000008003F95A] -> 0x0180
[8562] [M]: 0x000000008003F958 (0x0180006F) jal zero, 24
mem[X,0x000000008003F970] -> 0x46E3
mem[X,0x000000008003F972] -> 0xFEB5
[8563] [M]: 0x000000008003F970 (0xFEB546E3) blt a0, a1, 8172
mem[X,0x000000008003F95C] -> 0x0113
mem[X,0x000000008003F95E] -> 0x0011
[8564] [M]: 0x000000008003F95C (0x00110113) addi sp, sp, 1
x2 <- 0x0000000000000001
mem[X,0x000000008003F960] -> 0x006F
mem[X,0x000000008003F962] -> 0x0240
[8565] [M]: 0x000000008003F960 (0x0240006F) jal zero, 36
mem[X,0x000000008003F984] -> 0xBC23
mem[X,0x000000008003F986] -> 0x7C20
[8566] [M]: 0x000000008003F984 (0x7C20BC23) sd sp, 2008(ra)
mem[0x00000000800501B0] <- 0x0000000000000001
mem[X,0x000000008003F988] -> 0xB537
mem[X,0x000000008003F98A] -> 0xAAAA
[8567] [M]: 0x000000008003F988 (0xAAAAB537) lui a0, 699051
x10 <- 0xFFFFFFFFAAAAB000
mem[X,0x000000008003F98C] -> 0x0513
mem[X,0x000000008003F98E] -> 0xAAA5
[8568] [M]: 0x000000008003F98C (0xAAA50513) addi a0, a0, 2730
x10 <- 0xFFFFFFFFAAAAAAAA
mem[X,0x000000008003F990] -> 0x1513
mem[X,0x000000008003F992] -> 0x00B5
[8569] [M]: 0x000000008003F990 (0x00B51513) slli a0, a0, 11
x10 <- 0xFFFFFD5555555000
mem[X,0x000000008003F994] -> 0x0513
mem[X,0x000000008003F996] -> 0x5555
[8570] [M]: 0x000000008003F994 (0x55550513) addi a0, a0, 1365
x10 <- 0xFFFFFD5555555555
mem[X,0x000000008003F998] -> 0x1513
mem[X,0x000000008003F99A] -> 0x00B5
[8571] [M]: 0x000000008003F998 (0x00B51513) slli a0, a0, 11
x10 <- 0xFFEAAAAAAAAAA800
mem[X,0x000000008003F99C] -> 0x0513
mem[X,0x000000008003F99E] -> 0x2AA5
[8572] [M]: 0x000000008003F99C (0x2AA50513) addi a0, a0, 682
x10 <- 0xFFEAAAAAAAAAAAAA
mem[X,0x000000008003F9A0] -> 0x1513
mem[X,0x000000008003F9A2] -> 0x00A5
[8573] [M]: 0x000000008003F9A0 (0x00A51513) slli a0, a0, 10
x10 <- 0xAAAAAAAAAAAAA800
mem[X,0x000000008003F9A4] -> 0x0513
mem[X,0x000000008003F9A6] -> 0x2AB5
[8574] [M]: 0x000000008003F9A4 (0x2AB50513) addi a0, a0, 683
x10 <- 0xAAAAAAAAAAAAAAAB
mem[X,0x000000008003F9A8] -> 0x05B7
mem[X,0x000000008003F9AA] -> 0x0000
[8575] [M]: 0x000000008003F9A8 (0x000005B7) lui a1, 0
x11 <- 0x0000000000000000
mem[X,0x000000008003F9AC] -> 0x8593
mem[X,0x000000008003F9AE] -> 0xFFF5
[8576] [M]: 0x000000008003F9AC (0xFFF58593) addi a1, a1, 4095
x11 <- 0xFFFFFFFFFFFFFFFF
mem[X,0x000000008003F9B0] -> 0x9593
mem[X,0x000000008003F9B2] -> 0x00B5
[8577] [M]: 0x000000008003F9B0 (0x00B59593) slli a1, a1, 11
x11 <- 0xFFFFFFFFFFFFF800
mem[X,0x000000008003F9B4] -> 0x8593
mem[X,0x000000008003F9B6] -> 0x2575
[8578] [M]: 0x000000008003F9B4 (0x25758593) addi a1, a1, 599
x11 <- 0xFFFFFFFFFFFFFA57
mem[X,0x000000008003F9B8] -> 0x9593
mem[X,0x000000008003F9BA] -> 0x00B5
[8579] [M]: 0x000000008003F9B8 (0x00B59593) slli a1, a1, 11
x11 <- 0xFFFFFFFFFFD2B800
mem[X,0x000000008003F9BC] -> 0x8593
mem[X,0x000000008003F9BE] -> 0x6C35
[8580] [M]: 0x000000008003F9BC (0x6C358593) addi a1, a1, 1731
x11 <- 0xFFFFFFFFFFD2BEC3
mem[X,0x000000008003F9C0] -> 0x9593
mem[X,0x000000008003F9C2] -> 0x00A5
[8581] [M]: 0x000000008003F9C0 (0x00A59593) slli a1, a1, 10
x11 <- 0xFFFFFFFF4AFB0C00
mem[X,0x000000008003F9C4] -> 0x8593
mem[X,0x000000008003F9C6] -> 0x0CD5
[8582] [M]: 0x000000008003F9C4 (0x0CD58593) addi a1, a1, 205
x11 <- 0xFFFFFFFF4AFB0CCD
mem[X,0x000000008003F9C8] -> 0x0113
mem[X,0x000000008003F9CA] -> 0x0000
[8583] [M]: 0x000000008003F9C8 (0x00000113) addi sp, zero, 0
x2 <- 0x0000000000000000
mem[X,0x000000008003F9CC] -> 0x006F
mem[X,0x000000008003F9CE] -> 0x00C0
[8584] [M]: 0x000000008003F9CC (0x00C0006F) jal zero, 12
mem[X,0x000000008003F9D8] -> 0x4CE3
mem[X,0x000000008003F9DA] -> 0xFEB5
[8585] [M]: 0x000000008003F9D8 (0xFEB54CE3) blt a0, a1, 8184
mem[X,0x000000008003F9D0] -> 0x0113
mem[X,0x000000008003F9D2] -> 0x0011
[8586] [M]: 0x000000008003F9D0 (0x00110113) addi sp, sp, 1
x2 <- 0x0000000000000001
mem[X,0x000000008003F9D4] -> 0x006F
mem[X,0x000000008003F9D6] -> 0x0180
[8587] [M]: 0x000000008003F9D4 (0x0180006F) jal zero, 24
mem[X,0x000000008003F9EC] -> 0xB023
mem[X,0x000000008003F9EE] -> 0x7E20
[8588] [M]: 0x000000008003F9EC (0x7E20B023) sd sp, 2016(ra)
mem[0x00000000800501B8] <- 0x0000000000000001
mem[X,0x000000008003F9F0] -> 0xB537
mem[X,0x000000008003F9F2] -> 0xAAAA
[8589] [M]: 0x000000008003F9F0 (0xAAAAB537) lui a0, 699051
x10 <- 0xFFFFFFFFAAAAB000
mem[X,0x000000008003F9F4] -> 0x0513
mem[X,0x000000008003F9F6] -> 0xAAA5
[8590] [M]: 0x000000008003F9F4 (0xAAA50513) addi a0, a0, 2730
x10 <- 0xFFFFFFFFAAAAAAAA
mem[X,0x000000008003F9F8] -> 0x1513
mem[X,0x000000008003F9FA] -> 0x00B5
[8591] [M]: 0x000000008003F9F8 (0x00B51513) slli a0, a0, 11
x10 <- 0xFFFFFD5555555000
mem[X,0x000000008003F9FC] -> 0x0513
mem[X,0x000000008003F9FE] -> 0x5555
[8592] [M]: 0x000000008003F9FC (0x55550513) addi a0, a0, 1365
x10 <- 0xFFFFFD5555555555
mem[X,0x000000008003FA00] -> 0x1513
mem[X,0x000000008003FA02] -> 0x00B5
[8593] [M]: 0x000000008003FA00 (0x00B51513) slli a0, a0, 11
x10 <- 0xFFEAAAAAAAAAA800
mem[X,0x000000008003FA04] -> 0x0513
mem[X,0x000000008003FA06] -> 0x2AA5
[8594] [M]: 0x000000008003FA04 (0x2AA50513) addi a0, a0, 682
x10 <- 0xFFEAAAAAAAAAAAAA
mem[X,0x000000008003FA08] -> 0x1513
mem[X,0x000000008003FA0A] -> 0x00A5
[8595] [M]: 0x000000008003FA08 (0x00A51513) slli a0, a0, 10
x10 <- 0xAAAAAAAAAAAAA800
mem[X,0x000000008003FA0C] -> 0x0513
mem[X,0x000000008003FA0E] -> 0x2AB5
[8596] [M]: 0x000000008003FA0C (0x2AB50513) addi a0, a0, 683
x10 <- 0xAAAAAAAAAAAAAAAB
mem[X,0x000000008003FA10] -> 0x05B7
mem[X,0x000000008003FA12] -> 0x0000
[8597] [M]: 0x000000008003FA10 (0x000005B7) lui a1, 0
x11 <- 0x0000000000000000
mem[X,0x000000008003FA14] -> 0x8593
mem[X,0x000000008003FA16] -> 0x0005
[8598] [M]: 0x000000008003FA14 (0x00058593) addi a1, a1, 0
x11 <- 0x0000000000000000
mem[X,0x000000008003FA18] -> 0x9593
mem[X,0x000000008003FA1A] -> 0x00B5
[8599] [M]: 0x000000008003FA18 (0x00B59593) slli a1, a1, 11
x11 <- 0x0000000000000000
clint::tick mtime <- 0x0000000000000056
 clint timer pending at mtime 0x0000000000000056
htif::tick 0x0000000000000000
mem[X,0x000000008003FA1C] -> 0x8593
mem[X,0x000000008003FA1E] -> 0x5A85
[8600] [M]: 0x000000008003FA1C (0x5A858593) addi a1, a1, 1448
x11 <- 0x00000000000005A8
mem[X,0x000000008003FA20] -> 0x9593
mem[X,0x000000008003FA22] -> 0x00B5
[8601] [M]: 0x000000008003FA20 (0x00B59593) slli a1, a1, 11
x11 <- 0x00000000002D4000
mem[X,0x000000008003FA24] -> 0x8593
mem[X,0x000000008003FA26] -> 0x13C5
[8602] [M]: 0x000000008003FA24 (0x13C58593) addi a1, a1, 316
x11 <- 0x00000000002D413C
mem[X,0x000000008003FA28] -> 0x9593
mem[X,0x000000008003FA2A] -> 0x00A5
[8603] [M]: 0x000000008003FA28 (0x00A59593) slli a1, a1, 10
x11 <- 0x00000000B504F000
mem[X,0x000000008003FA2C] -> 0x8593
mem[X,0x000000008003FA2E] -> 0x3335
[8604] [M]: 0x000000008003FA2C (0x33358593) addi a1, a1, 819
x11 <- 0x00000000B504F333
mem[X,0x000000008003FA30] -> 0x0113
mem[X,0x000000008003FA32] -> 0x0000
[8605] [M]: 0x000000008003FA30 (0x00000113) addi sp, zero, 0
x2 <- 0x0000000000000000
mem[X,0x000000008003FA34] -> 0x006F
mem[X,0x000000008003FA36] -> 0x00C0
[8606] [M]: 0x000000008003FA34 (0x00C0006F) jal zero, 12
mem[X,0x000000008003FA40] -> 0x4863
mem[X,0x000000008003FA42] -> 0x00B5
[8607] [M]: 0x000000008003FA40 (0x00B54863) blt a0, a1, 16
mem[X,0x000000008003FA50] -> 0x0113
mem[X,0x000000008003FA52] -> 0x0031
[8608] [M]: 0x000000008003FA50 (0x00310113) addi sp, sp, 3
x2 <- 0x0000000000000003
mem[X,0x000000008003FA54] -> 0x006F
mem[X,0x000000008003FA56] -> 0x0040
[8609] [M]: 0x000000008003FA54 (0x0040006F) jal zero, 4
mem[X,0x000000008003FA58] -> 0xB423
mem[X,0x000000008003FA5A] -> 0x7E20
[8610] [M]: 0x000000008003FA58 (0x7E20B423) sd sp, 2024(ra)
mem[0x00000000800501C0] <- 0x0000000000000003
mem[X,0x000000008003FA5C] -> 0xB537
mem[X,0x000000008003FA5E] -> 0xAAAA
[8611] [M]: 0x000000008003FA5C (0xAAAAB537) lui a0, 699051
x10 <- 0xFFFFFFFFAAAAB000
mem[X,0x000000008003FA60] -> 0x0513
mem[X,0x000000008003FA62] -> 0xAAA5
[8612] [M]: 0x000000008003FA60 (0xAAA50513) addi a0, a0, 2730
x10 <- 0xFFFFFFFFAAAAAAAA
mem[X,0x000000008003FA64] -> 0x1513
mem[X,0x000000008003FA66] -> 0x00B5
[8613] [M]: 0x000000008003FA64 (0x00B51513) slli a0, a0, 11
x10 <- 0xFFFFFD5555555000
mem[X,0x000000008003FA68] -> 0x0513
mem[X,0x000000008003FA6A] -> 0x5555
[8614] [M]: 0x000000008003FA68 (0x55550513) addi a0, a0, 1365
x10 <- 0xFFFFFD5555555555
mem[X,0x000000008003FA6C] -> 0x1513
mem[X,0x000000008003FA6E] -> 0x00B5
[8615] [M]: 0x000000008003FA6C (0x00B51513) slli a0, a0, 11
x10 <- 0xFFEAAAAAAAAAA800
mem[X,0x000000008003FA70] -> 0x0513
mem[X,0x000000008003FA72] -> 0x2AA5
[8616] [M]: 0x000000008003FA70 (0x2AA50513) addi a0, a0, 682
x10 <- 0xFFEAAAAAAAAAAAAA
mem[X,0x000000008003FA74] -> 0x1513
mem[X,0x000000008003FA76] -> 0x00A5
[8617] [M]: 0x000000008003FA74 (0x00A51513) slli a0, a0, 10
x10 <- 0xAAAAAAAAAAAAA800
mem[X,0x000000008003FA78] -> 0x0513
mem[X,0x000000008003FA7A] -> 0x2AB5
[8618] [M]: 0x000000008003FA78 (0x2AB50513) addi a0, a0, 683
x10 <- 0xAAAAAAAAAAAAAAAB
mem[X,0x000000008003FA7C] -> 0x0593
mem[X,0x000000008003FA7E] -> 0x0020
[8619] [M]: 0x000000008003FA7C (0x00200593) addi a1, zero, 2
x11 <- 0x0000000000000002
mem[X,0x000000008003FA80] -> 0x0113
mem[X,0x000000008003FA82] -> 0x0000
[8620] [M]: 0x000000008003FA80 (0x00000113) addi sp, zero, 0
x2 <- 0x0000000000000000
mem[X,0x000000008003FA84] -> 0x006F
mem[X,0x000000008003FA86] -> 0x00C0
[8621] [M]: 0x000000008003FA84 (0x00C0006F) jal zero, 12
mem[X,0x000000008003FA90] -> 0x4663
mem[X,0x000000008003FA92] -> 0x00B5
[8622] [M]: 0x000000008003FA90 (0x00B54663) blt a0, a1, 12
mem[X,0x000000008003FA9C] -> 0x0113
mem[X,0x000000008003FA9E] -> 0x0031
[8623] [M]: 0x000000008003FA9C (0x00310113) addi sp, sp, 3
x2 <- 0x0000000000000003
mem[X,0x000000008003FAA0] -> 0x006F
mem[X,0x000000008003FAA2] -> 0x0040
[8624] [M]: 0x000000008003FAA0 (0x0040006F) jal zero, 4
mem[X,0x000000008003FAA4] -> 0xB823
mem[X,0x000000008003FAA6] -> 0x7E20
[8625] [M]: 0x000000008003FAA4 (0x7E20B823) sd sp, 2032(ra)
mem[0x00000000800501C8] <- 0x0000000000000003
mem[X,0x000000008003FAA8] -> 0xB537
mem[X,0x000000008003FAAA] -> 0xAAAA
[8626] [M]: 0x000000008003FAA8 (0xAAAAB537) lui a0, 699051
x10 <- 0xFFFFFFFFAAAAB000
mem[X,0x000000008003FAAC] -> 0x0513
mem[X,0x000000008003FAAE] -> 0xAAA5
[8627] [M]: 0x000000008003FAAC (0xAAA50513) addi a0, a0, 2730
x10 <- 0xFFFFFFFFAAAAAAAA
mem[X,0x000000008003FAB0] -> 0x1513
mem[X,0x000000008003FAB2] -> 0x00B5
[8628] [M]: 0x000000008003FAB0 (0x00B51513) slli a0, a0, 11
x10 <- 0xFFFFFD5555555000
mem[X,0x000000008003FAB4] -> 0x0513
mem[X,0x000000008003FAB6] -> 0x5555
[8629] [M]: 0x000000008003FAB4 (0x55550513) addi a0, a0, 1365
x10 <- 0xFFFFFD5555555555
mem[X,0x000000008003FAB8] -> 0x1513
mem[X,0x000000008003FABA] -> 0x00B5
[8630] [M]: 0x000000008003FAB8 (0x00B51513) slli a0, a0, 11
x10 <- 0xFFEAAAAAAAAAA800
mem[X,0x000000008003FABC] -> 0x0513
mem[X,0x000000008003FABE] -> 0x2AA5
[8631] [M]: 0x000000008003FABC (0x2AA50513) addi a0, a0, 682
x10 <- 0xFFEAAAAAAAAAAAAA
mem[X,0x000000008003FAC0] -> 0x1513
mem[X,0x000000008003FAC2] -> 0x00A5
[8632] [M]: 0x000000008003FAC0 (0x00A51513) slli a0, a0, 10
x10 <- 0xAAAAAAAAAAAAA800
mem[X,0x000000008003FAC4] -> 0x0513
mem[X,0x000000008003FAC6] -> 0x2AB5
[8633] [M]: 0x000000008003FAC4 (0x2AB50513) addi a0, a0, 683
x10 <- 0xAAAAAAAAAAAAAAAB
mem[X,0x000000008003FAC8] -> 0x55B7
mem[X,0x000000008003FACA] -> 0x5555
[8634] [M]: 0x000000008003FAC8 (0x555555B7) lui a1, 349525
x11 <- 0x0000000055555000
mem[X,0x000000008003FACC] -> 0x8593
mem[X,0x000000008003FACE] -> 0x5555
[8635] [M]: 0x000000008003FACC (0x55558593) addi a1, a1, 1365
x11 <- 0x0000000055555555
mem[X,0x000000008003FAD0] -> 0x9593
mem[X,0x000000008003FAD2] -> 0x00B5
[8636] [M]: 0x000000008003FAD0 (0x00B59593) slli a1, a1, 11
x11 <- 0x000002AAAAAAA800
mem[X,0x000000008003FAD4] -> 0x8593
mem[X,0x000000008003FAD6] -> 0x2AA5
[8637] [M]: 0x000000008003FAD4 (0x2AA58593) addi a1, a1, 682
x11 <- 0x000002AAAAAAAAAA
mem[X,0x000000008003FAD8] -> 0x9593
mem[X,0x000000008003FADA] -> 0x00B5
[8638] [M]: 0x000000008003FAD8 (0x00B59593) slli a1, a1, 11
x11 <- 0x0015555555555000
mem[X,0x000000008003FADC] -> 0x8593
mem[X,0x000000008003FADE] -> 0x5555
[8639] [M]: 0x000000008003FADC (0x55558593) addi a1, a1, 1365
x11 <- 0x0015555555555555
mem[X,0x000000008003FAE0] -> 0x9593
mem[X,0x000000008003FAE2] -> 0x00A5
[8640] [M]: 0x000000008003FAE0 (0x00A59593) slli a1, a1, 10
x11 <- 0x5555555555555400
mem[X,0x000000008003FAE4] -> 0x8593
mem[X,0x000000008003FAE6] -> 0x1545
[8641] [M]: 0x000000008003FAE4 (0x15458593) addi a1, a1, 340
x11 <- 0x5555555555555554
mem[X,0x000000008003FAE8] -> 0x0113
mem[X,0x000000008003FAEA] -> 0x0000
[8642] [M]: 0x000000008003FAE8 (0x00000113) addi sp, zero, 0
x2 <- 0x0000000000000000
mem[X,0x000000008003FAEC] -> 0x006F
mem[X,0x000000008003FAEE] -> 0x00C0
[8643] [M]: 0x000000008003FAEC (0x00C0006F) jal zero, 12
mem[X,0x000000008003FAF8] -> 0x4063
mem[X,0x000000008003FAFA] -> 0x04B5
[8644] [M]: 0x000000008003FAF8 (0x04B54063) blt a0, a1, 64
mem[X,0x000000008003FB38] -> 0x0113
mem[X,0x000000008003FB3A] -> 0x0031
[8645] [M]: 0x000000008003FB38 (0x00310113) addi sp, sp, 3
x2 <- 0x0000000000000003
mem[X,0x000000008003FB3C] -> 0x006F
mem[X,0x000000008003FB3E] -> 0x0040
[8646] [M]: 0x000000008003FB3C (0x0040006F) jal zero, 4
mem[X,0x000000008003FB40] -> 0xBC23
mem[X,0x000000008003FB42] -> 0x7E20
[8647] [M]: 0x000000008003FB40 (0x7E20BC23) sd sp, 2040(ra)
mem[0x00000000800501D0] <- 0x0000000000000003
mem[X,0x000000008003FB44] -> 0x0013
mem[X,0x000000008003FB46] -> 0x0000
[8648] [M]: 0x000000008003FB44 (0x00000013) addi zero, zero, 0
mem[X,0x000000008003FB48] -> 0x0013
mem[X,0x000000008003FB4A] -> 0x0000
[8649] [M]: 0x000000008003FB48 (0x00000013) addi zero, zero, 0
mem[X,0x000000008003FB4C] -> 0x0013
mem[X,0x000000008003FB4E] -> 0x0000
[8650] [M]: 0x000000008003FB4C (0x00000013) addi zero, zero, 0
mem[X,0x000000008003FB50] -> 0x0013
mem[X,0x000000008003FB52] -> 0x0000
[8651] [M]: 0x000000008003FB50 (0x00000013) addi zero, zero, 0
mem[X,0x000000008003FB54] -> 0x0013
mem[X,0x000000008003FB56] -> 0x0000
[8652] [M]: 0x000000008003FB54 (0x00000013) addi zero, zero, 0
mem[X,0x000000008003FB58] -> 0x0013
mem[X,0x000000008003FB5A] -> 0x0000
[8653] [M]: 0x000000008003FB58 (0x00000013) addi zero, zero, 0
mem[X,0x000000008003FB5C] -> 0x0013
mem[X,0x000000008003FB5E] -> 0x0000
[8654] [M]: 0x000000008003FB5C (0x00000013) addi zero, zero, 0
mem[X,0x000000008003FB60] -> 0x0097
mem[X,0x000000008003FB62] -> 0x0001
[8655] [M]: 0x000000008003FB60 (0x00010097) auipc ra, 16
x1 <- 0x000000008004FB60
mem[X,0x000000008003FB64] -> 0x8093
mem[X,0x000000008003FB66] -> 0x6780
[8656] [M]: 0x000000008003FB64 (0x67808093) addi ra, ra, 1656
x1 <- 0x00000000800501D8
mem[X,0x000000008003FB68] -> 0x0013
mem[X,0x000000008003FB6A] -> 0x0000
[8657] [M]: 0x000000008003FB68 (0x00000013) addi zero, zero, 0
mem[X,0x000000008003FB6C] -> 0x0013
mem[X,0x000000008003FB6E] -> 0x0000
[8658] [M]: 0x000000008003FB6C (0x00000013) addi zero, zero, 0
mem[X,0x000000008003FB70] -> 0x0013
mem[X,0x000000008003FB72] -> 0x0000
[8659] [M]: 0x000000008003FB70 (0x00000013) addi zero, zero, 0
mem[X,0x000000008003FB74] -> 0x0013
mem[X,0x000000008003FB76] -> 0x0000
[8660] [M]: 0x000000008003FB74 (0x00000013) addi zero, zero, 0
mem[X,0x000000008003FB78] -> 0x0013
mem[X,0x000000008003FB7A] -> 0x0000
[8661] [M]: 0x000000008003FB78 (0x00000013) addi zero, zero, 0
mem[X,0x000000008003FB7C] -> 0x0013
mem[X,0x000000008003FB7E] -> 0x0000
[8662] [M]: 0x000000008003FB7C (0x00000013) addi zero, zero, 0
mem[X,0x000000008003FB80] -> 0xB537
mem[X,0x000000008003FB82] -> 0xAAAA
[8663] [M]: 0x000000008003FB80 (0xAAAAB537) lui a0, 699051
x10 <- 0xFFFFFFFFAAAAB000
mem[X,0x000000008003FB84] -> 0x0513
mem[X,0x000000008003FB86] -> 0xAAA5
[8664] [M]: 0x000000008003FB84 (0xAAA50513) addi a0, a0, 2730
x10 <- 0xFFFFFFFFAAAAAAAA
mem[X,0x000000008003FB88] -> 0x1513
mem[X,0x000000008003FB8A] -> 0x00B5
[8665] [M]: 0x000000008003FB88 (0x00B51513) slli a0, a0, 11
x10 <- 0xFFFFFD5555555000
mem[X,0x000000008003FB8C] -> 0x0513
mem[X,0x000000008003FB8E] -> 0x5555
[8666] [M]: 0x000000008003FB8C (0x55550513) addi a0, a0, 1365
x10 <- 0xFFFFFD5555555555
mem[X,0x000000008003FB90] -> 0x1513
mem[X,0x000000008003FB92] -> 0x00B5
[8667] [M]: 0x000000008003FB90 (0x00B51513) slli a0, a0, 11
x10 <- 0xFFEAAAAAAAAAA800
mem[X,0x000000008003FB94] -> 0x0513
mem[X,0x000000008003FB96] -> 0x2AA5
[8668] [M]: 0x000000008003FB94 (0x2AA50513) addi a0, a0, 682
x10 <- 0xFFEAAAAAAAAAAAAA
mem[X,0x000000008003FB98] -> 0x1513
mem[X,0x000000008003FB9A] -> 0x00A5
[8669] [M]: 0x000000008003FB98 (0x00A51513) slli a0, a0, 10
x10 <- 0xAAAAAAAAAAAAA800
mem[X,0x000000008003FB9C] -> 0x0513
mem[X,0x000000008003FB9E] -> 0x2AB5
[8670] [M]: 0x000000008003FB9C (0x2AB50513) addi a0, a0, 683
x10 <- 0xAAAAAAAAAAAAAAAB
mem[X,0x000000008003FBA0] -> 0x0593
mem[X,0x000000008003FBA2] -> 0x0000
[8671] [M]: 0x000000008003FBA0 (0x00000593) addi a1, zero, 0
x11 <- 0x0000000000000000
mem[X,0x000000008003FBA4] -> 0x0113
mem[X,0x000000008003FBA6] -> 0x0000
[8672] [M]: 0x000000008003FBA4 (0x00000113) addi sp, zero, 0
x2 <- 0x0000000000000000
mem[X,0x000000008003FBA8] -> 0x006F
mem[X,0x000000008003FBAA] -> 0x00C0
[8673] [M]: 0x000000008003FBA8 (0x00C0006F) jal zero, 12
mem[X,0x000000008003FBB4] -> 0x4063
mem[X,0x000000008003FBB6] -> 0x10B5
[8674] [M]: 0x000000008003FBB4 (0x10B54063) blt a0, a1, 256
mem[X,0x000000008003FCB4] -> 0x0113
mem[X,0x000000008003FCB6] -> 0x0031
[8675] [M]: 0x000000008003FCB4 (0x00310113) addi sp, sp, 3
x2 <- 0x0000000000000003
mem[X,0x000000008003FCB8] -> 0x006F
mem[X,0x000000008003FCBA] -> 0x0040
[8676] [M]: 0x000000008003FCB8 (0x0040006F) jal zero, 4
mem[X,0x000000008003FCBC] -> 0xB023
mem[X,0x000000008003FCBE] -> 0x0020
[8677] [M]: 0x000000008003FCBC (0x0020B023) sd sp, 0(ra)
mem[0x00000000800501D8] <- 0x0000000000000003
mem[X,0x000000008003FCC0] -> 0xB537
mem[X,0x000000008003FCC2] -> 0xAAAA
[8678] [M]: 0x000000008003FCC0 (0xAAAAB537) lui a0, 699051
x10 <- 0xFFFFFFFFAAAAB000
mem[X,0x000000008003FCC4] -> 0x0513
mem[X,0x000000008003FCC6] -> 0xAAA5
[8679] [M]: 0x000000008003FCC4 (0xAAA50513) addi a0, a0, 2730
x10 <- 0xFFFFFFFFAAAAAAAA
mem[X,0x000000008003FCC8] -> 0x1513
mem[X,0x000000008003FCCA] -> 0x00B5
[8680] [M]: 0x000000008003FCC8 (0x00B51513) slli a0, a0, 11
x10 <- 0xFFFFFD5555555000
mem[X,0x000000008003FCCC] -> 0x0513
mem[X,0x000000008003FCCE] -> 0x5555
[8681] [M]: 0x000000008003FCCC (0x55550513) addi a0, a0, 1365
x10 <- 0xFFFFFD5555555555
mem[X,0x000000008003FCD0] -> 0x1513
mem[X,0x000000008003FCD2] -> 0x00B5
[8682] [M]: 0x000000008003FCD0 (0x00B51513) slli a0, a0, 11
x10 <- 0xFFEAAAAAAAAAA800
mem[X,0x000000008003FCD4] -> 0x0513
mem[X,0x000000008003FCD6] -> 0x2AA5
[8683] [M]: 0x000000008003FCD4 (0x2AA50513) addi a0, a0, 682
x10 <- 0xFFEAAAAAAAAAAAAA
mem[X,0x000000008003FCD8] -> 0x1513
mem[X,0x000000008003FCDA] -> 0x00A5
[8684] [M]: 0x000000008003FCD8 (0x00A51513) slli a0, a0, 10
x10 <- 0xAAAAAAAAAAAAA800
mem[X,0x000000008003FCDC] -> 0x0513
mem[X,0x000000008003FCDE] -> 0x2AB5
[8685] [M]: 0x000000008003FCDC (0x2AB50513) addi a0, a0, 683
x10 <- 0xAAAAAAAAAAAAAAAB
mem[X,0x000000008003FCE0] -> 0x0593
mem[X,0x000000008003FCE2] -> 0x0040
[8686] [M]: 0x000000008003FCE0 (0x00400593) addi a1, zero, 4
x11 <- 0x0000000000000004
mem[X,0x000000008003FCE4] -> 0x0113
mem[X,0x000000008003FCE6] -> 0x0000
[8687] [M]: 0x000000008003FCE4 (0x00000113) addi sp, zero, 0
x2 <- 0x0000000000000000
mem[X,0x000000008003FCE8] -> 0x006F
mem[X,0x000000008003FCEA] -> 0x00C0
[8688] [M]: 0x000000008003FCE8 (0x00C0006F) jal zero, 12
mem[X,0x000000008003FCF4] -> 0x4663
mem[X,0x000000008003FCF6] -> 0x00B5
[8689] [M]: 0x000000008003FCF4 (0x00B54663) blt a0, a1, 12
mem[X,0x000000008003FD00] -> 0x0113
mem[X,0x000000008003FD02] -> 0x0031
[8690] [M]: 0x000000008003FD00 (0x00310113) addi sp, sp, 3
x2 <- 0x0000000000000003
mem[X,0x000000008003FD04] -> 0x006F
mem[X,0x000000008003FD06] -> 0x0040
[8691] [M]: 0x000000008003FD04 (0x0040006F) jal zero, 4
mem[X,0x000000008003FD08] -> 0xB423
mem[X,0x000000008003FD0A] -> 0x0020
[8692] [M]: 0x000000008003FD08 (0x0020B423) sd sp, 8(ra)
mem[0x00000000800501E0] <- 0x0000000000000003
mem[X,0x000000008003FD0C] -> 0xB537
mem[X,0x000000008003FD0E] -> 0xAAAA
[8693] [M]: 0x000000008003FD0C (0xAAAAB537) lui a0, 699051
x10 <- 0xFFFFFFFFAAAAB000
mem[X,0x000000008003FD10] -> 0x0513
mem[X,0x000000008003FD12] -> 0xAAA5
[8694] [M]: 0x000000008003FD10 (0xAAA50513) addi a0, a0, 2730
x10 <- 0xFFFFFFFFAAAAAAAA
mem[X,0x000000008003FD14] -> 0x1513
mem[X,0x000000008003FD16] -> 0x00B5
[8695] [M]: 0x000000008003FD14 (0x00B51513) slli a0, a0, 11
x10 <- 0xFFFFFD5555555000
mem[X,0x000000008003FD18] -> 0x0513
mem[X,0x000000008003FD1A] -> 0x5555
[8696] [M]: 0x000000008003FD18 (0x55550513) addi a0, a0, 1365
x10 <- 0xFFFFFD5555555555
mem[X,0x000000008003FD1C] -> 0x1513
mem[X,0x000000008003FD1E] -> 0x00B5
[8697] [M]: 0x000000008003FD1C (0x00B51513) slli a0, a0, 11
x10 <- 0xFFEAAAAAAAAAA800
mem[X,0x000000008003FD20] -> 0x0513
mem[X,0x000000008003FD22] -> 0x2AA5
[8698] [M]: 0x000000008003FD20 (0x2AA50513) addi a0, a0, 682
x10 <- 0xFFEAAAAAAAAAAAAA
mem[X,0x000000008003FD24] -> 0x1513
mem[X,0x000000008003FD26] -> 0x00A5
[8699] [M]: 0x000000008003FD24 (0x00A51513) slli a0, a0, 10
x10 <- 0xAAAAAAAAAAAAA800
clint::tick mtime <- 0x0000000000000057
 clint timer pending at mtime 0x0000000000000057
htif::tick 0x0000000000000000
mem[X,0x000000008003FD28] -> 0x0513
mem[X,0x000000008003FD2A] -> 0x2AB5
[8700] [M]: 0x000000008003FD28 (0x2AB50513) addi a0, a0, 683
x10 <- 0xAAAAAAAAAAAAAAAB
mem[X,0x000000008003FD2C] -> 0x35B7
mem[X,0x000000008003FD2E] -> 0x3333
[8701] [M]: 0x000000008003FD2C (0x333335B7) lui a1, 209715
x11 <- 0x0000000033333000
mem[X,0x000000008003FD30] -> 0x8593
mem[X,0x000000008003FD32] -> 0x3335
[8702] [M]: 0x000000008003FD30 (0x33358593) addi a1, a1, 819
x11 <- 0x0000000033333333
mem[X,0x000000008003FD34] -> 0x9593
mem[X,0x000000008003FD36] -> 0x00B5
[8703] [M]: 0x000000008003FD34 (0x00B59593) slli a1, a1, 11
x11 <- 0x0000019999999800
mem[X,0x000000008003FD38] -> 0x8593
mem[X,0x000000008003FD3A] -> 0x1995
[8704] [M]: 0x000000008003FD38 (0x19958593) addi a1, a1, 409
x11 <- 0x0000019999999999
mem[X,0x000000008003FD3C] -> 0x9593
mem[X,0x000000008003FD3E] -> 0x00B5
[8705] [M]: 0x000000008003FD3C (0x00B59593) slli a1, a1, 11
x11 <- 0x000CCCCCCCCCC800
mem[X,0x000000008003FD40] -> 0x8593
mem[X,0x000000008003FD42] -> 0x4CC5
[8706] [M]: 0x000000008003FD40 (0x4CC58593) addi a1, a1, 1228
x11 <- 0x000CCCCCCCCCCCCC
mem[X,0x000000008003FD44] -> 0x9593
mem[X,0x000000008003FD46] -> 0x00A5
[8707] [M]: 0x000000008003FD44 (0x00A59593) slli a1, a1, 10
x11 <- 0x3333333333333000
mem[X,0x000000008003FD48] -> 0x8593
mem[X,0x000000008003FD4A] -> 0x3325
[8708] [M]: 0x000000008003FD48 (0x33258593) addi a1, a1, 818
x11 <- 0x3333333333333332
mem[X,0x000000008003FD4C] -> 0x0113
mem[X,0x000000008003FD4E] -> 0x0000
[8709] [M]: 0x000000008003FD4C (0x00000113) addi sp, zero, 0
x2 <- 0x0000000000000000
mem[X,0x000000008003FD50] -> 0x006F
mem[X,0x000000008003FD52] -> 0x00C0
[8710] [M]: 0x000000008003FD50 (0x00C0006F) jal zero, 12
mem[X,0x000000008003FD5C] -> 0x4063
mem[X,0x000000008003FD5E] -> 0x04B5
[8711] [M]: 0x000000008003FD5C (0x04B54063) blt a0, a1, 64
mem[X,0x000000008003FD9C] -> 0x0113
mem[X,0x000000008003FD9E] -> 0x0031
[8712] [M]: 0x000000008003FD9C (0x00310113) addi sp, sp, 3
x2 <- 0x0000000000000003
mem[X,0x000000008003FDA0] -> 0x006F
mem[X,0x000000008003FDA2] -> 0x0040
[8713] [M]: 0x000000008003FDA0 (0x0040006F) jal zero, 4
mem[X,0x000000008003FDA4] -> 0xB823
mem[X,0x000000008003FDA6] -> 0x0020
[8714] [M]: 0x000000008003FDA4 (0x0020B823) sd sp, 16(ra)
mem[0x00000000800501E8] <- 0x0000000000000003
mem[X,0x000000008003FDA8] -> 0xB537
mem[X,0x000000008003FDAA] -> 0xAAAA
[8715] [M]: 0x000000008003FDA8 (0xAAAAB537) lui a0, 699051
x10 <- 0xFFFFFFFFAAAAB000
mem[X,0x000000008003FDAC] -> 0x0513
mem[X,0x000000008003FDAE] -> 0xAAA5
[8716] [M]: 0x000000008003FDAC (0xAAA50513) addi a0, a0, 2730
x10 <- 0xFFFFFFFFAAAAAAAA
mem[X,0x000000008003FDB0] -> 0x1513
mem[X,0x000000008003FDB2] -> 0x00B5
[8717] [M]: 0x000000008003FDB0 (0x00B51513) slli a0, a0, 11
x10 <- 0xFFFFFD5555555000
mem[X,0x000000008003FDB4] -> 0x0513
mem[X,0x000000008003FDB6] -> 0x5555
[8718] [M]: 0x000000008003FDB4 (0x55550513) addi a0, a0, 1365
x10 <- 0xFFFFFD5555555555
mem[X,0x000000008003FDB8] -> 0x1513
mem[X,0x000000008003FDBA] -> 0x00B5
[8719] [M]: 0x000000008003FDB8 (0x00B51513) slli a0, a0, 11
x10 <- 0xFFEAAAAAAAAAA800
mem[X,0x000000008003FDBC] -> 0x0513
mem[X,0x000000008003FDBE] -> 0x2AA5
[8720] [M]: 0x000000008003FDBC (0x2AA50513) addi a0, a0, 682
x10 <- 0xFFEAAAAAAAAAAAAA
mem[X,0x000000008003FDC0] -> 0x1513
mem[X,0x000000008003FDC2] -> 0x00A5
[8721] [M]: 0x000000008003FDC0 (0x00A51513) slli a0, a0, 10
x10 <- 0xAAAAAAAAAAAAA800
mem[X,0x000000008003FDC4] -> 0x0513
mem[X,0x000000008003FDC6] -> 0x2AB5
[8722] [M]: 0x000000008003FDC4 (0x2AB50513) addi a0, a0, 683
x10 <- 0xAAAAAAAAAAAAAAAB
mem[X,0x000000008003FDC8] -> 0x65B7
mem[X,0x000000008003FDCA] -> 0x6666
[8723] [M]: 0x000000008003FDC8 (0x666665B7) lui a1, 419430
x11 <- 0x0000000066666000
mem[X,0x000000008003FDCC] -> 0x8593
mem[X,0x000000008003FDCE] -> 0x6665
[8724] [M]: 0x000000008003FDCC (0x66658593) addi a1, a1, 1638
x11 <- 0x0000000066666666
mem[X,0x000000008003FDD0] -> 0x9593
mem[X,0x000000008003FDD2] -> 0x00B5
[8725] [M]: 0x000000008003FDD0 (0x00B59593) slli a1, a1, 11
x11 <- 0x0000033333333000
mem[X,0x000000008003FDD4] -> 0x8593
mem[X,0x000000008003FDD6] -> 0x3335
[8726] [M]: 0x000000008003FDD4 (0x33358593) addi a1, a1, 819
x11 <- 0x0000033333333333
mem[X,0x000000008003FDD8] -> 0x9593
mem[X,0x000000008003FDDA] -> 0x00B5
[8727] [M]: 0x000000008003FDD8 (0x00B59593) slli a1, a1, 11
x11 <- 0x0019999999999800
mem[X,0x000000008003FDDC] -> 0x8593
mem[X,0x000000008003FDDE] -> 0x1995
[8728] [M]: 0x000000008003FDDC (0x19958593) addi a1, a1, 409
x11 <- 0x0019999999999999
mem[X,0x000000008003FDE0] -> 0x9593
mem[X,0x000000008003FDE2] -> 0x00A5
[8729] [M]: 0x000000008003FDE0 (0x00A59593) slli a1, a1, 10
x11 <- 0x6666666666666400
mem[X,0x000000008003FDE4] -> 0x8593
mem[X,0x000000008003FDE6] -> 0x2655
[8730] [M]: 0x000000008003FDE4 (0x26558593) addi a1, a1, 613
x11 <- 0x6666666666666665
mem[X,0x000000008003FDE8] -> 0x0113
mem[X,0x000000008003FDEA] -> 0x0000
[8731] [M]: 0x000000008003FDE8 (0x00000113) addi sp, zero, 0
x2 <- 0x0000000000000000
mem[X,0x000000008003FDEC] -> 0x006F
mem[X,0x000000008003FDEE] -> 0x00C0
[8732] [M]: 0x000000008003FDEC (0x00C0006F) jal zero, 12
mem[X,0x000000008003FDF8] -> 0x4CE3
mem[X,0x000000008003FDFA] -> 0xFEB5
[8733] [M]: 0x000000008003FDF8 (0xFEB54CE3) blt a0, a1, 8184
mem[X,0x000000008003FDF0] -> 0x0113
mem[X,0x000000008003FDF2] -> 0x0011
[8734] [M]: 0x000000008003FDF0 (0x00110113) addi sp, sp, 1
x2 <- 0x0000000000000001
mem[X,0x000000008003FDF4] -> 0x006F
mem[X,0x000000008003FDF6] -> 0x0180
[8735] [M]: 0x000000008003FDF4 (0x0180006F) jal zero, 24
mem[X,0x000000008003FE0C] -> 0xBC23
mem[X,0x000000008003FE0E] -> 0x0020
[8736] [M]: 0x000000008003FE0C (0x0020BC23) sd sp, 24(ra)
mem[0x00000000800501F0] <- 0x0000000000000001
mem[X,0x000000008003FE10] -> 0xB537
mem[X,0x000000008003FE12] -> 0xAAAA
[8737] [M]: 0x000000008003FE10 (0xAAAAB537) lui a0, 699051
x10 <- 0xFFFFFFFFAAAAB000
mem[X,0x000000008003FE14] -> 0x0513
mem[X,0x000000008003FE16] -> 0xAAA5
[8738] [M]: 0x000000008003FE14 (0xAAA50513) addi a0, a0, 2730
x10 <- 0xFFFFFFFFAAAAAAAA
mem[X,0x000000008003FE18] -> 0x1513
mem[X,0x000000008003FE1A] -> 0x00B5
[8739] [M]: 0x000000008003FE18 (0x00B51513) slli a0, a0, 11
x10 <- 0xFFFFFD5555555000
mem[X,0x000000008003FE1C] -> 0x0513
mem[X,0x000000008003FE1E] -> 0x5555
[8740] [M]: 0x000000008003FE1C (0x55550513) addi a0, a0, 1365
x10 <- 0xFFFFFD5555555555
mem[X,0x000000008003FE20] -> 0x1513
mem[X,0x000000008003FE22] -> 0x00B5
[8741] [M]: 0x000000008003FE20 (0x00B51513) slli a0, a0, 11
x10 <- 0xFFEAAAAAAAAAA800
mem[X,0x000000008003FE24] -> 0x0513
mem[X,0x000000008003FE26] -> 0x2AA5
[8742] [M]: 0x000000008003FE24 (0x2AA50513) addi a0, a0, 682
x10 <- 0xFFEAAAAAAAAAAAAA
mem[X,0x000000008003FE28] -> 0x1513
mem[X,0x000000008003FE2A] -> 0x00A5
[8743] [M]: 0x000000008003FE28 (0x00A51513) slli a0, a0, 10
x10 <- 0xAAAAAAAAAAAAA800
mem[X,0x000000008003FE2C] -> 0x0513
mem[X,0x000000008003FE2E] -> 0x2AB5
[8744] [M]: 0x000000008003FE2C (0x2AB50513) addi a0, a0, 683
x10 <- 0xAAAAAAAAAAAAAAAB
mem[X,0x000000008003FE30] -> 0x05B7
mem[X,0x000000008003FE32] -> 0x0000
[8745] [M]: 0x000000008003FE30 (0x000005B7) lui a1, 0
x11 <- 0x0000000000000000
mem[X,0x000000008003FE34] -> 0x8593
mem[X,0x000000008003FE36] -> 0x0005
[8746] [M]: 0x000000008003FE34 (0x00058593) addi a1, a1, 0
x11 <- 0x0000000000000000
mem[X,0x000000008003FE38] -> 0x9593
mem[X,0x000000008003FE3A] -> 0x00B5
[8747] [M]: 0x000000008003FE38 (0x00B59593) slli a1, a1, 11
x11 <- 0x0000000000000000
mem[X,0x000000008003FE3C] -> 0x8593
mem[X,0x000000008003FE3E] -> 0x5A85
[8748] [M]: 0x000000008003FE3C (0x5A858593) addi a1, a1, 1448
x11 <- 0x00000000000005A8
mem[X,0x000000008003FE40] -> 0x9593
mem[X,0x000000008003FE42] -> 0x00B5
[8749] [M]: 0x000000008003FE40 (0x00B59593) slli a1, a1, 11
x11 <- 0x00000000002D4000
mem[X,0x000000008003FE44] -> 0x8593
mem[X,0x000000008003FE46] -> 0x13C5
[8750] [M]: 0x000000008003FE44 (0x13C58593) addi a1, a1, 316
x11 <- 0x00000000002D413C
mem[X,0x000000008003FE48] -> 0x9593
mem[X,0x000000008003FE4A] -> 0x00A5
[8751] [M]: 0x000000008003FE48 (0x00A59593) slli a1, a1, 10
x11 <- 0x00000000B504F000
mem[X,0x000000008003FE4C] -> 0x8593
mem[X,0x000000008003FE4E] -> 0x3325
[8752] [M]: 0x000000008003FE4C (0x33258593) addi a1, a1, 818
x11 <- 0x00000000B504F332
mem[X,0x000000008003FE50] -> 0x0113
mem[X,0x000000008003FE52] -> 0x0000
[8753] [M]: 0x000000008003FE50 (0x00000113) addi sp, zero, 0
x2 <- 0x0000000000000000
mem[X,0x000000008003FE54] -> 0x006F
mem[X,0x000000008003FE56] -> 0x00C0
[8754] [M]: 0x000000008003FE54 (0x00C0006F) jal zero, 12
mem[X,0x000000008003FE60] -> 0x4063
mem[X,0x000000008003FE62] -> 0x04B5
[8755] [M]: 0x000000008003FE60 (0x04B54063) blt a0, a1, 64
mem[X,0x000000008003FEA0] -> 0x0113
mem[X,0x000000008003FEA2] -> 0x0031
[8756] [M]: 0x000000008003FEA0 (0x00310113) addi sp, sp, 3
x2 <- 0x0000000000000003
mem[X,0x000000008003FEA4] -> 0x006F
mem[X,0x000000008003FEA6] -> 0x0040
[8757] [M]: 0x000000008003FEA4 (0x0040006F) jal zero, 4
mem[X,0x000000008003FEA8] -> 0xB023
mem[X,0x000000008003FEAA] -> 0x0220
[8758] [M]: 0x000000008003FEA8 (0x0220B023) sd sp, 32(ra)
mem[0x00000000800501F8] <- 0x0000000000000003
mem[X,0x000000008003FEAC] -> 0xB537
mem[X,0x000000008003FEAE] -> 0xAAAA
[8759] [M]: 0x000000008003FEAC (0xAAAAB537) lui a0, 699051
x10 <- 0xFFFFFFFFAAAAB000
mem[X,0x000000008003FEB0] -> 0x0513
mem[X,0x000000008003FEB2] -> 0xAAA5
[8760] [M]: 0x000000008003FEB0 (0xAAA50513) addi a0, a0, 2730
x10 <- 0xFFFFFFFFAAAAAAAA
mem[X,0x000000008003FEB4] -> 0x1513
mem[X,0x000000008003FEB6] -> 0x00B5
[8761] [M]: 0x000000008003FEB4 (0x00B51513) slli a0, a0, 11
x10 <- 0xFFFFFD5555555000
mem[X,0x000000008003FEB8] -> 0x0513
mem[X,0x000000008003FEBA] -> 0x5555
[8762] [M]: 0x000000008003FEB8 (0x55550513) addi a0, a0, 1365
x10 <- 0xFFFFFD5555555555
mem[X,0x000000008003FEBC] -> 0x1513
mem[X,0x000000008003FEBE] -> 0x00B5
[8763] [M]: 0x000000008003FEBC (0x00B51513) slli a0, a0, 11
x10 <- 0xFFEAAAAAAAAAA800
mem[X,0x000000008003FEC0] -> 0x0513
mem[X,0x000000008003FEC2] -> 0x2AA5
[8764] [M]: 0x000000008003FEC0 (0x2AA50513) addi a0, a0, 682
x10 <- 0xFFEAAAAAAAAAAAAA
mem[X,0x000000008003FEC4] -> 0x1513
mem[X,0x000000008003FEC6] -> 0x00A5
[8765] [M]: 0x000000008003FEC4 (0x00A51513) slli a0, a0, 10
x10 <- 0xAAAAAAAAAAAAA800
mem[X,0x000000008003FEC8] -> 0x0513
mem[X,0x000000008003FECA] -> 0x2AB5
[8766] [M]: 0x000000008003FEC8 (0x2AB50513) addi a0, a0, 683
x10 <- 0xAAAAAAAAAAAAAAAB
mem[X,0x000000008003FECC] -> 0x55B7
mem[X,0x000000008003FECE] -> 0x5555
[8767] [M]: 0x000000008003FECC (0x555555B7) lui a1, 349525
x11 <- 0x0000000055555000
mem[X,0x000000008003FED0] -> 0x8593
mem[X,0x000000008003FED2] -> 0x5555
[8768] [M]: 0x000000008003FED0 (0x55558593) addi a1, a1, 1365
x11 <- 0x0000000055555555
mem[X,0x000000008003FED4] -> 0x9593
mem[X,0x000000008003FED6] -> 0x00B5
[8769] [M]: 0x000000008003FED4 (0x00B59593) slli a1, a1, 11
x11 <- 0x000002AAAAAAA800
mem[X,0x000000008003FED8] -> 0x8593
mem[X,0x000000008003FEDA] -> 0x2AA5
[8770] [M]: 0x000000008003FED8 (0x2AA58593) addi a1, a1, 682
x11 <- 0x000002AAAAAAAAAA
mem[X,0x000000008003FEDC] -> 0x9593
mem[X,0x000000008003FEDE] -> 0x00B5
[8771] [M]: 0x000000008003FEDC (0x00B59593) slli a1, a1, 11
x11 <- 0x0015555555555000
mem[X,0x000000008003FEE0] -> 0x8593
mem[X,0x000000008003FEE2] -> 0x5555
[8772] [M]: 0x000000008003FEE0 (0x55558593) addi a1, a1, 1365
x11 <- 0x0015555555555555
mem[X,0x000000008003FEE4] -> 0x9593
mem[X,0x000000008003FEE6] -> 0x00A5
[8773] [M]: 0x000000008003FEE4 (0x00A59593) slli a1, a1, 10
x11 <- 0x5555555555555400
mem[X,0x000000008003FEE8] -> 0x8593
mem[X,0x000000008003FEEA] -> 0x1565
[8774] [M]: 0x000000008003FEE8 (0x15658593) addi a1, a1, 342
x11 <- 0x5555555555555556
mem[X,0x000000008003FEEC] -> 0x0113
mem[X,0x000000008003FEEE] -> 0x0000
[8775] [M]: 0x000000008003FEEC (0x00000113) addi sp, zero, 0
x2 <- 0x0000000000000000
mem[X,0x000000008003FEF0] -> 0x006F
mem[X,0x000000008003FEF2] -> 0x00C0
[8776] [M]: 0x000000008003FEF0 (0x00C0006F) jal zero, 12
mem[X,0x000000008003FEFC] -> 0x4063
mem[X,0x000000008003FEFE] -> 0x04B5
[8777] [M]: 0x000000008003FEFC (0x04B54063) blt a0, a1, 64
mem[X,0x000000008003FF3C] -> 0x0113
mem[X,0x000000008003FF3E] -> 0x0031
[8778] [M]: 0x000000008003FF3C (0x00310113) addi sp, sp, 3
x2 <- 0x0000000000000003
mem[X,0x000000008003FF40] -> 0x006F
mem[X,0x000000008003FF42] -> 0x0040
[8779] [M]: 0x000000008003FF40 (0x0040006F) jal zero, 4
mem[X,0x000000008003FF44] -> 0xB423
mem[X,0x000000008003FF46] -> 0x0220
[8780] [M]: 0x000000008003FF44 (0x0220B423) sd sp, 40(ra)
mem[0x0000000080050200] <- 0x0000000000000003
mem[X,0x000000008003FF48] -> 0xB537
mem[X,0x000000008003FF4A] -> 0xAAAA
[8781] [M]: 0x000000008003FF48 (0xAAAAB537) lui a0, 699051
x10 <- 0xFFFFFFFFAAAAB000
mem[X,0x000000008003FF4C] -> 0x0513
mem[X,0x000000008003FF4E] -> 0xAAA5
[8782] [M]: 0x000000008003FF4C (0xAAA50513) addi a0, a0, 2730
x10 <- 0xFFFFFFFFAAAAAAAA
mem[X,0x000000008003FF50] -> 0x1513
mem[X,0x000000008003FF52] -> 0x00B5
[8783] [M]: 0x000000008003FF50 (0x00B51513) slli a0, a0, 11
x10 <- 0xFFFFFD5555555000
mem[X,0x000000008003FF54] -> 0x0513
mem[X,0x000000008003FF56] -> 0x5555
[8784] [M]: 0x000000008003FF54 (0x55550513) addi a0, a0, 1365
x10 <- 0xFFFFFD5555555555
mem[X,0x000000008003FF58] -> 0x1513
mem[X,0x000000008003FF5A] -> 0x00B5
[8785] [M]: 0x000000008003FF58 (0x00B51513) slli a0, a0, 11
x10 <- 0xFFEAAAAAAAAAA800
mem[X,0x000000008003FF5C] -> 0x0513
mem[X,0x000000008003FF5E] -> 0x2AA5
[8786] [M]: 0x000000008003FF5C (0x2AA50513) addi a0, a0, 682
x10 <- 0xFFEAAAAAAAAAAAAA
mem[X,0x000000008003FF60] -> 0x1513
mem[X,0x000000008003FF62] -> 0x00A5
[8787] [M]: 0x000000008003FF60 (0x00A51513) slli a0, a0, 10
x10 <- 0xAAAAAAAAAAAAA800
mem[X,0x000000008003FF64] -> 0x0513
mem[X,0x000000008003FF66] -> 0x2AB5
[8788] [M]: 0x000000008003FF64 (0x2AB50513) addi a0, a0, 683
x10 <- 0xAAAAAAAAAAAAAAAB
mem[X,0x000000008003FF68] -> 0xB5B7
mem[X,0x000000008003FF6A] -> 0xAAAA
[8789] [M]: 0x000000008003FF68 (0xAAAAB5B7) lui a1, 699051
x11 <- 0xFFFFFFFFAAAAB000
mem[X,0x000000008003FF6C] -> 0x8593
mem[X,0x000000008003FF6E] -> 0xAAA5
[8790] [M]: 0x000000008003FF6C (0xAAA58593) addi a1, a1, 2730
x11 <- 0xFFFFFFFFAAAAAAAA
mem[X,0x000000008003FF70] -> 0x9593
mem[X,0x000000008003FF72] -> 0x00B5
[8791] [M]: 0x000000008003FF70 (0x00B59593) slli a1, a1, 11
x11 <- 0xFFFFFD5555555000
mem[X,0x000000008003FF74] -> 0x8593
mem[X,0x000000008003FF76] -> 0x5555
[8792] [M]: 0x000000008003FF74 (0x55558593) addi a1, a1, 1365
x11 <- 0xFFFFFD5555555555
mem[X,0x000000008003FF78] -> 0x9593
mem[X,0x000000008003FF7A] -> 0x00B5
[8793] [M]: 0x000000008003FF78 (0x00B59593) slli a1, a1, 11
x11 <- 0xFFEAAAAAAAAAA800
mem[X,0x000000008003FF7C] -> 0x8593
mem[X,0x000000008003FF7E] -> 0x2AA5
[8794] [M]: 0x000000008003FF7C (0x2AA58593) addi a1, a1, 682
x11 <- 0xFFEAAAAAAAAAAAAA
mem[X,0x000000008003FF80] -> 0x9593
mem[X,0x000000008003FF82] -> 0x00A5
[8795] [M]: 0x000000008003FF80 (0x00A59593) slli a1, a1, 10
x11 <- 0xAAAAAAAAAAAAA800
mem[X,0x000000008003FF84] -> 0x8593
mem[X,0x000000008003FF86] -> 0x2AB5
[8796] [M]: 0x000000008003FF84 (0x2AB58593) addi a1, a1, 683
x11 <- 0xAAAAAAAAAAAAAAAB
mem[X,0x000000008003FF88] -> 0x0113
mem[X,0x000000008003FF8A] -> 0x0000
[8797] [M]: 0x000000008003FF88 (0x00000113) addi sp, zero, 0
x2 <- 0x0000000000000000
mem[X,0x000000008003FF8C] -> 0x006F
mem[X,0x000000008003FF8E] -> 0x00C0
[8798] [M]: 0x000000008003FF8C (0x00C0006F) jal zero, 12
mem[X,0x000000008003FF98] -> 0x4063
mem[X,0x000000008003FF9A] -> 0x10B5
[8799] [M]: 0x000000008003FF98 (0x10B54063) blt a0, a1, 256
clint::tick mtime <- 0x0000000000000058
 clint timer pending at mtime 0x0000000000000058
htif::tick 0x0000000000000000
mem[X,0x000000008003FF9C] -> 0x0113
mem[X,0x000000008003FF9E] -> 0x0021
[8800] [M]: 0x000000008003FF9C (0x00210113) addi sp, sp, 2
x2 <- 0x0000000000000002
mem[X,0x000000008003FFA0] -> 0x006F
mem[X,0x000000008003FFA2] -> 0x1000
[8801] [M]: 0x000000008003FFA0 (0x1000006F) jal zero, 256
mem[X,0x00000000800400A0] -> 0xB823
mem[X,0x00000000800400A2] -> 0x0220
[8802] [M]: 0x00000000800400A0 (0x0220B823) sd sp, 48(ra)
mem[0x0000000080050208] <- 0x0000000000000002
mem[X,0x00000000800400A4] -> 0xB537
mem[X,0x00000000800400A6] -> 0xAAAA
[8803] [M]: 0x00000000800400A4 (0xAAAAB537) lui a0, 699051
x10 <- 0xFFFFFFFFAAAAB000
mem[X,0x00000000800400A8] -> 0x0513
mem[X,0x00000000800400AA] -> 0xAAA5
[8804] [M]: 0x00000000800400A8 (0xAAA50513) addi a0, a0, 2730
x10 <- 0xFFFFFFFFAAAAAAAA
mem[X,0x00000000800400AC] -> 0x1513
mem[X,0x00000000800400AE] -> 0x00B5
[8805] [M]: 0x00000000800400AC (0x00B51513) slli a0, a0, 11
x10 <- 0xFFFFFD5555555000
mem[X,0x00000000800400B0] -> 0x0513
mem[X,0x00000000800400B2] -> 0x5555
[8806] [M]: 0x00000000800400B0 (0x55550513) addi a0, a0, 1365
x10 <- 0xFFFFFD5555555555
mem[X,0x00000000800400B4] -> 0x1513
mem[X,0x00000000800400B6] -> 0x00B5
[8807] [M]: 0x00000000800400B4 (0x00B51513) slli a0, a0, 11
x10 <- 0xFFEAAAAAAAAAA800
mem[X,0x00000000800400B8] -> 0x0513
mem[X,0x00000000800400BA] -> 0x2AA5
[8808] [M]: 0x00000000800400B8 (0x2AA50513) addi a0, a0, 682
x10 <- 0xFFEAAAAAAAAAAAAA
mem[X,0x00000000800400BC] -> 0x1513
mem[X,0x00000000800400BE] -> 0x00A5
[8809] [M]: 0x00000000800400BC (0x00A51513) slli a0, a0, 10
x10 <- 0xAAAAAAAAAAAAA800
mem[X,0x00000000800400C0] -> 0x0513
mem[X,0x00000000800400C2] -> 0x2AB5
[8810] [M]: 0x00000000800400C0 (0x2AB50513) addi a0, a0, 683
x10 <- 0xAAAAAAAAAAAAAAAB
mem[X,0x00000000800400C4] -> 0x0593
mem[X,0x00000000800400C6] -> 0x0060
[8811] [M]: 0x00000000800400C4 (0x00600593) addi a1, zero, 6
x11 <- 0x0000000000000006
mem[X,0x00000000800400C8] -> 0x0113
mem[X,0x00000000800400CA] -> 0x0000
[8812] [M]: 0x00000000800400C8 (0x00000113) addi sp, zero, 0
x2 <- 0x0000000000000000
mem[X,0x00000000800400CC] -> 0x006F
mem[X,0x00000000800400CE] -> 0x0180
[8813] [M]: 0x00000000800400CC (0x0180006F) jal zero, 24
mem[X,0x00000000800400E4] -> 0x46E3
mem[X,0x00000000800400E6] -> 0xFEB5
[8814] [M]: 0x00000000800400E4 (0xFEB546E3) blt a0, a1, 8172
mem[X,0x00000000800400D0] -> 0x0113
mem[X,0x00000000800400D2] -> 0x0011
[8815] [M]: 0x00000000800400D0 (0x00110113) addi sp, sp, 1
x2 <- 0x0000000000000001
mem[X,0x00000000800400D4] -> 0x006F
mem[X,0x00000000800400D6] -> 0x0240
[8816] [M]: 0x00000000800400D4 (0x0240006F) jal zero, 36
mem[X,0x00000000800400F8] -> 0xBC23
mem[X,0x00000000800400FA] -> 0x0220
[8817] [M]: 0x00000000800400F8 (0x0220BC23) sd sp, 56(ra)
mem[0x0000000080050210] <- 0x0000000000000001
mem[X,0x00000000800400FC] -> 0xB537
mem[X,0x00000000800400FE] -> 0xAAAA
[8818] [M]: 0x00000000800400FC (0xAAAAB537) lui a0, 699051
x10 <- 0xFFFFFFFFAAAAB000
mem[X,0x0000000080040100] -> 0x0513
mem[X,0x0000000080040102] -> 0xAAA5
[8819] [M]: 0x0000000080040100 (0xAAA50513) addi a0, a0, 2730
x10 <- 0xFFFFFFFFAAAAAAAA
mem[X,0x0000000080040104] -> 0x1513
mem[X,0x0000000080040106] -> 0x00B5
[8820] [M]: 0x0000000080040104 (0x00B51513) slli a0, a0, 11
x10 <- 0xFFFFFD5555555000
mem[X,0x0000000080040108] -> 0x0513
mem[X,0x000000008004010A] -> 0x5555
[8821] [M]: 0x0000000080040108 (0x55550513) addi a0, a0, 1365
x10 <- 0xFFFFFD5555555555
mem[X,0x000000008004010C] -> 0x1513
mem[X,0x000000008004010E] -> 0x00B5
[8822] [M]: 0x000000008004010C (0x00B51513) slli a0, a0, 11
x10 <- 0xFFEAAAAAAAAAA800
mem[X,0x0000000080040110] -> 0x0513
mem[X,0x0000000080040112] -> 0x2AA5
[8823] [M]: 0x0000000080040110 (0x2AA50513) addi a0, a0, 682
x10 <- 0xFFEAAAAAAAAAAAAA
mem[X,0x0000000080040114] -> 0x1513
mem[X,0x0000000080040116] -> 0x00A5
[8824] [M]: 0x0000000080040114 (0x00A51513) slli a0, a0, 10
x10 <- 0xAAAAAAAAAAAAA800
mem[X,0x0000000080040118] -> 0x0513
mem[X,0x000000008004011A] -> 0x2AB5
[8825] [M]: 0x0000000080040118 (0x2AB50513) addi a0, a0, 683
x10 <- 0xAAAAAAAAAAAAAAAB
mem[X,0x000000008004011C] -> 0x35B7
mem[X,0x000000008004011E] -> 0x3333
[8826] [M]: 0x000000008004011C (0x333335B7) lui a1, 209715
x11 <- 0x0000000033333000
mem[X,0x0000000080040120] -> 0x8593
mem[X,0x0000000080040122] -> 0x3335
[8827] [M]: 0x0000000080040120 (0x33358593) addi a1, a1, 819
x11 <- 0x0000000033333333
mem[X,0x0000000080040124] -> 0x9593
mem[X,0x0000000080040126] -> 0x00B5
[8828] [M]: 0x0000000080040124 (0x00B59593) slli a1, a1, 11
x11 <- 0x0000019999999800
mem[X,0x0000000080040128] -> 0x8593
mem[X,0x000000008004012A] -> 0x1995
[8829] [M]: 0x0000000080040128 (0x19958593) addi a1, a1, 409
x11 <- 0x0000019999999999
mem[X,0x000000008004012C] -> 0x9593
mem[X,0x000000008004012E] -> 0x00B5
[8830] [M]: 0x000000008004012C (0x00B59593) slli a1, a1, 11
x11 <- 0x000CCCCCCCCCC800
mem[X,0x0000000080040130] -> 0x8593
mem[X,0x0000000080040132] -> 0x4CC5
[8831] [M]: 0x0000000080040130 (0x4CC58593) addi a1, a1, 1228
x11 <- 0x000CCCCCCCCCCCCC
mem[X,0x0000000080040134] -> 0x9593
mem[X,0x0000000080040136] -> 0x00A5
[8832] [M]: 0x0000000080040134 (0x00A59593) slli a1, a1, 10
x11 <- 0x3333333333333000
mem[X,0x0000000080040138] -> 0x8593
mem[X,0x000000008004013A] -> 0x3345
[8833] [M]: 0x0000000080040138 (0x33458593) addi a1, a1, 820
x11 <- 0x3333333333333334
mem[X,0x000000008004013C] -> 0x0113
mem[X,0x000000008004013E] -> 0x0000
[8834] [M]: 0x000000008004013C (0x00000113) addi sp, zero, 0
x2 <- 0x0000000000000000
mem[X,0x0000000080040140] -> 0x006F
mem[X,0x0000000080040142] -> 0x00C0
[8835] [M]: 0x0000000080040140 (0x00C0006F) jal zero, 12
mem[X,0x000000008004014C] -> 0x4063
mem[X,0x000000008004014E] -> 0x08B5
[8836] [M]: 0x000000008004014C (0x08B54063) blt a0, a1, 128
mem[X,0x00000000800401CC] -> 0x0113
mem[X,0x00000000800401CE] -> 0x0031
[8837] [M]: 0x00000000800401CC (0x00310113) addi sp, sp, 3
x2 <- 0x0000000000000003
mem[X,0x00000000800401D0] -> 0x006F
mem[X,0x00000000800401D2] -> 0x0040
[8838] [M]: 0x00000000800401D0 (0x0040006F) jal zero, 4
mem[X,0x00000000800401D4] -> 0xB023
mem[X,0x00000000800401D6] -> 0x0420
[8839] [M]: 0x00000000800401D4 (0x0420B023) sd sp, 64(ra)
mem[0x0000000080050218] <- 0x0000000000000003
mem[X,0x00000000800401D8] -> 0xB537
mem[X,0x00000000800401DA] -> 0xAAAA
[8840] [M]: 0x00000000800401D8 (0xAAAAB537) lui a0, 699051
x10 <- 0xFFFFFFFFAAAAB000
mem[X,0x00000000800401DC] -> 0x0513
mem[X,0x00000000800401DE] -> 0xAAA5
[8841] [M]: 0x00000000800401DC (0xAAA50513) addi a0, a0, 2730
x10 <- 0xFFFFFFFFAAAAAAAA
mem[X,0x00000000800401E0] -> 0x1513
mem[X,0x00000000800401E2] -> 0x00B5
[8842] [M]: 0x00000000800401E0 (0x00B51513) slli a0, a0, 11
x10 <- 0xFFFFFD5555555000
mem[X,0x00000000800401E4] -> 0x0513
mem[X,0x00000000800401E6] -> 0x5555
[8843] [M]: 0x00000000800401E4 (0x55550513) addi a0, a0, 1365
x10 <- 0xFFFFFD5555555555
mem[X,0x00000000800401E8] -> 0x1513
mem[X,0x00000000800401EA] -> 0x00B5
[8844] [M]: 0x00000000800401E8 (0x00B51513) slli a0, a0, 11
x10 <- 0xFFEAAAAAAAAAA800
mem[X,0x00000000800401EC] -> 0x0513
mem[X,0x00000000800401EE] -> 0x2AA5
[8845] [M]: 0x00000000800401EC (0x2AA50513) addi a0, a0, 682
x10 <- 0xFFEAAAAAAAAAAAAA
mem[X,0x00000000800401F0] -> 0x1513
mem[X,0x00000000800401F2] -> 0x00A5
[8846] [M]: 0x00000000800401F0 (0x00A51513) slli a0, a0, 10
x10 <- 0xAAAAAAAAAAAAA800
mem[X,0x00000000800401F4] -> 0x0513
mem[X,0x00000000800401F6] -> 0x2AB5
[8847] [M]: 0x00000000800401F4 (0x2AB50513) addi a0, a0, 683
x10 <- 0xAAAAAAAAAAAAAAAB
mem[X,0x00000000800401F8] -> 0x65B7
mem[X,0x00000000800401FA] -> 0x6666
[8848] [M]: 0x00000000800401F8 (0x666665B7) lui a1, 419430
x11 <- 0x0000000066666000
mem[X,0x00000000800401FC] -> 0x8593
mem[X,0x00000000800401FE] -> 0x6665
[8849] [M]: 0x00000000800401FC (0x66658593) addi a1, a1, 1638
x11 <- 0x0000000066666666
mem[X,0x0000000080040200] -> 0x9593
mem[X,0x0000000080040202] -> 0x00B5
[8850] [M]: 0x0000000080040200 (0x00B59593) slli a1, a1, 11
x11 <- 0x0000033333333000
mem[X,0x0000000080040204] -> 0x8593
mem[X,0x0000000080040206] -> 0x3335
[8851] [M]: 0x0000000080040204 (0x33358593) addi a1, a1, 819
x11 <- 0x0000033333333333
mem[X,0x0000000080040208] -> 0x9593
mem[X,0x000000008004020A] -> 0x00B5
[8852] [M]: 0x0000000080040208 (0x00B59593) slli a1, a1, 11
x11 <- 0x0019999999999800
mem[X,0x000000008004020C] -> 0x8593
mem[X,0x000000008004020E] -> 0x1995
[8853] [M]: 0x000000008004020C (0x19958593) addi a1, a1, 409
x11 <- 0x0019999999999999
mem[X,0x0000000080040210] -> 0x9593
mem[X,0x0000000080040212] -> 0x00A5
[8854] [M]: 0x0000000080040210 (0x00A59593) slli a1, a1, 10
x11 <- 0x6666666666666400
mem[X,0x0000000080040214] -> 0x8593
mem[X,0x0000000080040216] -> 0x2675
[8855] [M]: 0x0000000080040214 (0x26758593) addi a1, a1, 615
x11 <- 0x6666666666666667
mem[X,0x0000000080040218] -> 0x0113
mem[X,0x000000008004021A] -> 0x0000
[8856] [M]: 0x0000000080040218 (0x00000113) addi sp, zero, 0
x2 <- 0x0000000000000000
mem[X,0x000000008004021C] -> 0x006F
mem[X,0x000000008004021E] -> 0x00C0
[8857] [M]: 0x000000008004021C (0x00C0006F) jal zero, 12
mem[X,0x0000000080040228] -> 0x4063
mem[X,0x000000008004022A] -> 0x08B5
[8858] [M]: 0x0000000080040228 (0x08B54063) blt a0, a1, 128
mem[X,0x00000000800402A8] -> 0x0113
mem[X,0x00000000800402AA] -> 0x0031
[8859] [M]: 0x00000000800402A8 (0x00310113) addi sp, sp, 3
x2 <- 0x0000000000000003
mem[X,0x00000000800402AC] -> 0x006F
mem[X,0x00000000800402AE] -> 0x0040
[8860] [M]: 0x00000000800402AC (0x0040006F) jal zero, 4
mem[X,0x00000000800402B0] -> 0xB423
mem[X,0x00000000800402B2] -> 0x0420
[8861] [M]: 0x00000000800402B0 (0x0420B423) sd sp, 72(ra)
mem[0x0000000080050220] <- 0x0000000000000003
mem[X,0x00000000800402B4] -> 0xB537
mem[X,0x00000000800402B6] -> 0xAAAA
[8862] [M]: 0x00000000800402B4 (0xAAAAB537) lui a0, 699051
x10 <- 0xFFFFFFFFAAAAB000
mem[X,0x00000000800402B8] -> 0x0513
mem[X,0x00000000800402BA] -> 0xAAA5
[8863] [M]: 0x00000000800402B8 (0xAAA50513) addi a0, a0, 2730
x10 <- 0xFFFFFFFFAAAAAAAA
mem[X,0x00000000800402BC] -> 0x1513
mem[X,0x00000000800402BE] -> 0x00B5
[8864] [M]: 0x00000000800402BC (0x00B51513) slli a0, a0, 11
x10 <- 0xFFFFFD5555555000
mem[X,0x00000000800402C0] -> 0x0513
mem[X,0x00000000800402C2] -> 0x5555
[8865] [M]: 0x00000000800402C0 (0x55550513) addi a0, a0, 1365
x10 <- 0xFFFFFD5555555555
mem[X,0x00000000800402C4] -> 0x1513
mem[X,0x00000000800402C6] -> 0x00B5
[8866] [M]: 0x00000000800402C4 (0x00B51513) slli a0, a0, 11
x10 <- 0xFFEAAAAAAAAAA800
mem[X,0x00000000800402C8] -> 0x0513
mem[X,0x00000000800402CA] -> 0x2AA5
[8867] [M]: 0x00000000800402C8 (0x2AA50513) addi a0, a0, 682
x10 <- 0xFFEAAAAAAAAAAAAA
mem[X,0x00000000800402CC] -> 0x1513
mem[X,0x00000000800402CE] -> 0x00A5
[8868] [M]: 0x00000000800402CC (0x00A51513) slli a0, a0, 10
x10 <- 0xAAAAAAAAAAAAA800
mem[X,0x00000000800402D0] -> 0x0513
mem[X,0x00000000800402D2] -> 0x2AB5
[8869] [M]: 0x00000000800402D0 (0x2AB50513) addi a0, a0, 683
x10 <- 0xAAAAAAAAAAAAAAAB
mem[X,0x00000000800402D4] -> 0x05B7
mem[X,0x00000000800402D6] -> 0x0000
[8870] [M]: 0x00000000800402D4 (0x000005B7) lui a1, 0
x11 <- 0x0000000000000000
mem[X,0x00000000800402D8] -> 0x8593
mem[X,0x00000000800402DA] -> 0xFFF5
[8871] [M]: 0x00000000800402D8 (0xFFF58593) addi a1, a1, 4095
x11 <- 0xFFFFFFFFFFFFFFFF
mem[X,0x00000000800402DC] -> 0x9593
mem[X,0x00000000800402DE] -> 0x00B5
[8872] [M]: 0x00000000800402DC (0x00B59593) slli a1, a1, 11
x11 <- 0xFFFFFFFFFFFFF800
mem[X,0x00000000800402E0] -> 0x8593
mem[X,0x00000000800402E2] -> 0x2575
[8873] [M]: 0x00000000800402E0 (0x25758593) addi a1, a1, 599
x11 <- 0xFFFFFFFFFFFFFA57
mem[X,0x00000000800402E4] -> 0x9593
mem[X,0x00000000800402E6] -> 0x00B5
[8874] [M]: 0x00000000800402E4 (0x00B59593) slli a1, a1, 11
x11 <- 0xFFFFFFFFFFD2B800
mem[X,0x00000000800402E8] -> 0x8593
mem[X,0x00000000800402EA] -> 0x6C35
[8875] [M]: 0x00000000800402E8 (0x6C358593) addi a1, a1, 1731
x11 <- 0xFFFFFFFFFFD2BEC3
mem[X,0x00000000800402EC] -> 0x9593
mem[X,0x00000000800402EE] -> 0x00A5
[8876] [M]: 0x00000000800402EC (0x00A59593) slli a1, a1, 10
x11 <- 0xFFFFFFFF4AFB0C00
mem[X,0x00000000800402F0] -> 0x8593
mem[X,0x00000000800402F2] -> 0x0CE5
[8877] [M]: 0x00000000800402F0 (0x0CE58593) addi a1, a1, 206
x11 <- 0xFFFFFFFF4AFB0CCE
mem[X,0x00000000800402F4] -> 0x0113
mem[X,0x00000000800402F6] -> 0x0000
[8878] [M]: 0x00000000800402F4 (0x00000113) addi sp, zero, 0
x2 <- 0x0000000000000000
mem[X,0x00000000800402F8] -> 0x006F
mem[X,0x00000000800402FA] -> 0x2B10
[8879] [M]: 0x00000000800402F8 (0x2B10006F) jal zero, 2736
mem[X,0x0000000080040DA8] -> 0x4A63
mem[X,0x0000000080040DAA] -> 0xD4B5
[8880] [M]: 0x0000000080040DA8 (0xD4B54A63) blt a0, a1, 5460
mem[X,0x00000000800402FC] -> 0x0113
mem[X,0x00000000800402FE] -> 0x0011
[8881] [M]: 0x00000000800402FC (0x00110113) addi sp, sp, 1
x2 <- 0x0000000000000001
mem[X,0x0000000080040300] -> 0x006F
mem[X,0x0000000080040302] -> 0x2BD0
[8882] [M]: 0x0000000080040300 (0x2BD0006F) jal zero, 2748
mem[X,0x0000000080040DBC] -> 0xB823
mem[X,0x0000000080040DBE] -> 0x0420
[8883] [M]: 0x0000000080040DBC (0x0420B823) sd sp, 80(ra)
mem[0x0000000080050228] <- 0x0000000000000001
mem[X,0x0000000080040DC0] -> 0xB537
mem[X,0x0000000080040DC2] -> 0xAAAA
[8884] [M]: 0x0000000080040DC0 (0xAAAAB537) lui a0, 699051
x10 <- 0xFFFFFFFFAAAAB000
mem[X,0x0000000080040DC4] -> 0x0513
mem[X,0x0000000080040DC6] -> 0xAAA5
[8885] [M]: 0x0000000080040DC4 (0xAAA50513) addi a0, a0, 2730
x10 <- 0xFFFFFFFFAAAAAAAA
mem[X,0x0000000080040DC8] -> 0x1513
mem[X,0x0000000080040DCA] -> 0x00B5
[8886] [M]: 0x0000000080040DC8 (0x00B51513) slli a0, a0, 11
x10 <- 0xFFFFFD5555555000
mem[X,0x0000000080040DCC] -> 0x0513
mem[X,0x0000000080040DCE] -> 0x5555
[8887] [M]: 0x0000000080040DCC (0x55550513) addi a0, a0, 1365
x10 <- 0xFFFFFD5555555555
mem[X,0x0000000080040DD0] -> 0x1513
mem[X,0x0000000080040DD2] -> 0x00B5
[8888] [M]: 0x0000000080040DD0 (0x00B51513) slli a0, a0, 11
x10 <- 0xFFEAAAAAAAAAA800
mem[X,0x0000000080040DD4] -> 0x0513
mem[X,0x0000000080040DD6] -> 0x2AA5
[8889] [M]: 0x0000000080040DD4 (0x2AA50513) addi a0, a0, 682
x10 <- 0xFFEAAAAAAAAAAAAA
mem[X,0x0000000080040DD8] -> 0x1513
mem[X,0x0000000080040DDA] -> 0x00A5
[8890] [M]: 0x0000000080040DD8 (0x00A51513) slli a0, a0, 10
x10 <- 0xAAAAAAAAAAAAA800
mem[X,0x0000000080040DDC] -> 0x0513
mem[X,0x0000000080040DDE] -> 0x2AB5
[8891] [M]: 0x0000000080040DDC (0x2AB50513) addi a0, a0, 683
x10 <- 0xAAAAAAAAAAAAAAAB
mem[X,0x0000000080040DE0] -> 0x05B7
mem[X,0x0000000080040DE2] -> 0x0000
[8892] [M]: 0x0000000080040DE0 (0x000005B7) lui a1, 0
x11 <- 0x0000000000000000
mem[X,0x0000000080040DE4] -> 0x8593
mem[X,0x0000000080040DE6] -> 0x0005
[8893] [M]: 0x0000000080040DE4 (0x00058593) addi a1, a1, 0
x11 <- 0x0000000000000000
mem[X,0x0000000080040DE8] -> 0x9593
mem[X,0x0000000080040DEA] -> 0x00B5
[8894] [M]: 0x0000000080040DE8 (0x00B59593) slli a1, a1, 11
x11 <- 0x0000000000000000
mem[X,0x0000000080040DEC] -> 0x8593
mem[X,0x0000000080040DEE] -> 0x5A85
[8895] [M]: 0x0000000080040DEC (0x5A858593) addi a1, a1, 1448
x11 <- 0x00000000000005A8
mem[X,0x0000000080040DF0] -> 0x9593
mem[X,0x0000000080040DF2] -> 0x00B5
[8896] [M]: 0x0000000080040DF0 (0x00B59593) slli a1, a1, 11
x11 <- 0x00000000002D4000
mem[X,0x0000000080040DF4] -> 0x8593
mem[X,0x0000000080040DF6] -> 0x13C5
[8897] [M]: 0x0000000080040DF4 (0x13C58593) addi a1, a1, 316
x11 <- 0x00000000002D413C
mem[X,0x0000000080040DF8] -> 0x9593
mem[X,0x0000000080040DFA] -> 0x00A5
[8898] [M]: 0x0000000080040DF8 (0x00A59593) slli a1, a1, 10
x11 <- 0x00000000B504F000
mem[X,0x0000000080040DFC] -> 0x8593
mem[X,0x0000000080040DFE] -> 0x3345
[8899] [M]: 0x0000000080040DFC (0x33458593) addi a1, a1, 820
x11 <- 0x00000000B504F334
clint::tick mtime <- 0x0000000000000059
 clint timer pending at mtime 0x0000000000000059
htif::tick 0x0000000000000000
mem[X,0x0000000080040E00] -> 0x0113
mem[X,0x0000000080040E02] -> 0x0000
[8900] [M]: 0x0000000080040E00 (0x00000113) addi sp, zero, 0
x2 <- 0x0000000000000000
mem[X,0x0000000080040E04] -> 0x006F
mem[X,0x0000000080040E06] -> 0x0140
[8901] [M]: 0x0000000080040E04 (0x0140006F) jal zero, 20
mem[X,0x0000000080040E18] -> 0x48E3
mem[X,0x0000000080040E1A] -> 0xFEB5
[8902] [M]: 0x0000000080040E18 (0xFEB548E3) blt a0, a1, 8176
mem[X,0x0000000080040E08] -> 0x0113
mem[X,0x0000000080040E0A] -> 0x0011
[8903] [M]: 0x0000000080040E08 (0x00110113) addi sp, sp, 1
x2 <- 0x0000000000000001
mem[X,0x0000000080040E0C] -> 0x006F
mem[X,0x0000000080040E0E] -> 0x0200
[8904] [M]: 0x0000000080040E0C (0x0200006F) jal zero, 32
mem[X,0x0000000080040E2C] -> 0xBC23
mem[X,0x0000000080040E2E] -> 0x0420
[8905] [M]: 0x0000000080040E2C (0x0420BC23) sd sp, 88(ra)
mem[0x0000000080050230] <- 0x0000000000000001
mem[X,0x0000000080040E30] -> 0x0513
mem[X,0x0000000080040E32] -> 0x0060
[8906] [M]: 0x0000000080040E30 (0x00600513) addi a0, zero, 6
x10 <- 0x0000000000000006
mem[X,0x0000000080040E34] -> 0x0593
mem[X,0x0000000080040E36] -> 0x0030
[8907] [M]: 0x0000000080040E34 (0x00300593) addi a1, zero, 3
x11 <- 0x0000000000000003
mem[X,0x0000000080040E38] -> 0x0113
mem[X,0x0000000080040E3A] -> 0x0000
[8908] [M]: 0x0000000080040E38 (0x00000113) addi sp, zero, 0
x2 <- 0x0000000000000000
mem[X,0x0000000080040E3C] -> 0x006F
mem[X,0x0000000080040E3E] -> 0x00C0
[8909] [M]: 0x0000000080040E3C (0x00C0006F) jal zero, 12
mem[X,0x0000000080040E48] -> 0x4663
mem[X,0x0000000080040E4A] -> 0x00B5
[8910] [M]: 0x0000000080040E48 (0x00B54663) blt a0, a1, 12
mem[X,0x0000000080040E4C] -> 0x0113
mem[X,0x0000000080040E4E] -> 0x0021
[8911] [M]: 0x0000000080040E4C (0x00210113) addi sp, sp, 2
x2 <- 0x0000000000000002
mem[X,0x0000000080040E50] -> 0x006F
mem[X,0x0000000080040E52] -> 0x00C0
[8912] [M]: 0x0000000080040E50 (0x00C0006F) jal zero, 12
mem[X,0x0000000080040E5C] -> 0xB023
mem[X,0x0000000080040E5E] -> 0x0620
[8913] [M]: 0x0000000080040E5C (0x0620B023) sd sp, 96(ra)
mem[0x0000000080050238] <- 0x0000000000000002
mem[X,0x0000000080040E60] -> 0x0513
mem[X,0x0000000080040E62] -> 0x0060
[8914] [M]: 0x0000000080040E60 (0x00600513) addi a0, zero, 6
x10 <- 0x0000000000000006
mem[X,0x0000000080040E64] -> 0x55B7
mem[X,0x0000000080040E66] -> 0x5555
[8915] [M]: 0x0000000080040E64 (0x555555B7) lui a1, 349525
x11 <- 0x0000000055555000
mem[X,0x0000000080040E68] -> 0x8593
mem[X,0x0000000080040E6A] -> 0x5555
[8916] [M]: 0x0000000080040E68 (0x55558593) addi a1, a1, 1365
x11 <- 0x0000000055555555
mem[X,0x0000000080040E6C] -> 0x9593
mem[X,0x0000000080040E6E] -> 0x00B5
[8917] [M]: 0x0000000080040E6C (0x00B59593) slli a1, a1, 11
x11 <- 0x000002AAAAAAA800
mem[X,0x0000000080040E70] -> 0x8593
mem[X,0x0000000080040E72] -> 0x2AA5
[8918] [M]: 0x0000000080040E70 (0x2AA58593) addi a1, a1, 682
x11 <- 0x000002AAAAAAAAAA
mem[X,0x0000000080040E74] -> 0x9593
mem[X,0x0000000080040E76] -> 0x00B5
[8919] [M]: 0x0000000080040E74 (0x00B59593) slli a1, a1, 11
x11 <- 0x0015555555555000
mem[X,0x0000000080040E78] -> 0x8593
mem[X,0x0000000080040E7A] -> 0x5555
[8920] [M]: 0x0000000080040E78 (0x55558593) addi a1, a1, 1365
x11 <- 0x0015555555555555
mem[X,0x0000000080040E7C] -> 0x9593
mem[X,0x0000000080040E7E] -> 0x00A5
[8921] [M]: 0x0000000080040E7C (0x00A59593) slli a1, a1, 10
x11 <- 0x5555555555555400
mem[X,0x0000000080040E80] -> 0x8593
mem[X,0x0000000080040E82] -> 0x1555
[8922] [M]: 0x0000000080040E80 (0x15558593) addi a1, a1, 341
x11 <- 0x5555555555555555
mem[X,0x0000000080040E84] -> 0x0113
mem[X,0x0000000080040E86] -> 0x0000
[8923] [M]: 0x0000000080040E84 (0x00000113) addi sp, zero, 0
x2 <- 0x0000000000000000
mem[X,0x0000000080040E88] -> 0x006F
mem[X,0x0000000080040E8A] -> 0x0140
[8924] [M]: 0x0000000080040E88 (0x0140006F) jal zero, 20
mem[X,0x0000000080040E9C] -> 0x48E3
mem[X,0x0000000080040E9E] -> 0xFEB5
[8925] [M]: 0x0000000080040E9C (0xFEB548E3) blt a0, a1, 8176
mem[X,0x0000000080040E8C] -> 0x0113
mem[X,0x0000000080040E8E] -> 0x0011
[8926] [M]: 0x0000000080040E8C (0x00110113) addi sp, sp, 1
x2 <- 0x0000000000000001
mem[X,0x0000000080040E90] -> 0x006F
mem[X,0x0000000080040E92] -> 0x0200
[8927] [M]: 0x0000000080040E90 (0x0200006F) jal zero, 32
mem[X,0x0000000080040EB0] -> 0xB423
mem[X,0x0000000080040EB2] -> 0x0620
[8928] [M]: 0x0000000080040EB0 (0x0620B423) sd sp, 104(ra)
mem[0x0000000080050240] <- 0x0000000000000001
mem[X,0x0000000080040EB4] -> 0x0513
mem[X,0x0000000080040EB6] -> 0x0060
[8929] [M]: 0x0000000080040EB4 (0x00600513) addi a0, zero, 6
x10 <- 0x0000000000000006
mem[X,0x0000000080040EB8] -> 0xB5B7
mem[X,0x0000000080040EBA] -> 0xAAAA
[8930] [M]: 0x0000000080040EB8 (0xAAAAB5B7) lui a1, 699051
x11 <- 0xFFFFFFFFAAAAB000
mem[X,0x0000000080040EBC] -> 0x8593
mem[X,0x0000000080040EBE] -> 0xAAA5
[8931] [M]: 0x0000000080040EBC (0xAAA58593) addi a1, a1, 2730
x11 <- 0xFFFFFFFFAAAAAAAA
mem[X,0x0000000080040EC0] -> 0x9593
mem[X,0x0000000080040EC2] -> 0x00B5
[8932] [M]: 0x0000000080040EC0 (0x00B59593) slli a1, a1, 11
x11 <- 0xFFFFFD5555555000
mem[X,0x0000000080040EC4] -> 0x8593
mem[X,0x0000000080040EC6] -> 0x5555
[8933] [M]: 0x0000000080040EC4 (0x55558593) addi a1, a1, 1365
x11 <- 0xFFFFFD5555555555
mem[X,0x0000000080040EC8] -> 0x9593
mem[X,0x0000000080040ECA] -> 0x00B5
[8934] [M]: 0x0000000080040EC8 (0x00B59593) slli a1, a1, 11
x11 <- 0xFFEAAAAAAAAAA800
mem[X,0x0000000080040ECC] -> 0x8593
mem[X,0x0000000080040ECE] -> 0x2AA5
[8935] [M]: 0x0000000080040ECC (0x2AA58593) addi a1, a1, 682
x11 <- 0xFFEAAAAAAAAAAAAA
mem[X,0x0000000080040ED0] -> 0x9593
mem[X,0x0000000080040ED2] -> 0x00A5
[8936] [M]: 0x0000000080040ED0 (0x00A59593) slli a1, a1, 10
x11 <- 0xAAAAAAAAAAAAA800
mem[X,0x0000000080040ED4] -> 0x8593
mem[X,0x0000000080040ED6] -> 0x2AA5
[8937] [M]: 0x0000000080040ED4 (0x2AA58593) addi a1, a1, 682
x11 <- 0xAAAAAAAAAAAAAAAA
mem[X,0x0000000080040ED8] -> 0x0113
mem[X,0x0000000080040EDA] -> 0x0000
[8938] [M]: 0x0000000080040ED8 (0x00000113) addi sp, zero, 0
x2 <- 0x0000000000000000
mem[X,0x0000000080040EDC] -> 0x006F
mem[X,0x0000000080040EDE] -> 0x00C0
[8939] [M]: 0x0000000080040EDC (0x00C0006F) jal zero, 12
mem[X,0x0000000080040EE8] -> 0x4063
mem[X,0x0000000080040EEA] -> 0x08B5
[8940] [M]: 0x0000000080040EE8 (0x08B54063) blt a0, a1, 128
mem[X,0x0000000080040EEC] -> 0x0113
mem[X,0x0000000080040EEE] -> 0x0021
[8941] [M]: 0x0000000080040EEC (0x00210113) addi sp, sp, 2
x2 <- 0x0000000000000002
mem[X,0x0000000080040EF0] -> 0x006F
mem[X,0x0000000080040EF2] -> 0x0800
[8942] [M]: 0x0000000080040EF0 (0x0800006F) jal zero, 128
mem[X,0x0000000080040F70] -> 0xB823
mem[X,0x0000000080040F72] -> 0x0620
[8943] [M]: 0x0000000080040F70 (0x0620B823) sd sp, 112(ra)
mem[0x0000000080050248] <- 0x0000000000000002
mem[X,0x0000000080040F74] -> 0x0513
mem[X,0x0000000080040F76] -> 0x0060
[8944] [M]: 0x0000000080040F74 (0x00600513) addi a0, zero, 6
x10 <- 0x0000000000000006
mem[X,0x0000000080040F78] -> 0x0593
mem[X,0x0000000080040F7A] -> 0x0050
[8945] [M]: 0x0000000080040F78 (0x00500593) addi a1, zero, 5
x11 <- 0x0000000000000005
mem[X,0x0000000080040F7C] -> 0x0113
mem[X,0x0000000080040F7E] -> 0x0000
[8946] [M]: 0x0000000080040F7C (0x00000113) addi sp, zero, 0
x2 <- 0x0000000000000000
mem[X,0x0000000080040F80] -> 0x006F
mem[X,0x0000000080040F82] -> 0x0180
[8947] [M]: 0x0000000080040F80 (0x0180006F) jal zero, 24
mem[X,0x0000000080040F98] -> 0x46E3
mem[X,0x0000000080040F9A] -> 0xFEB5
[8948] [M]: 0x0000000080040F98 (0xFEB546E3) blt a0, a1, 8172
mem[X,0x0000000080040F9C] -> 0x0113
mem[X,0x0000000080040F9E] -> 0x0021
[8949] [M]: 0x0000000080040F9C (0x00210113) addi sp, sp, 2
x2 <- 0x0000000000000002
mem[X,0x0000000080040FA0] -> 0x006F
mem[X,0x0000000080040FA2] -> 0x00C0
[8950] [M]: 0x0000000080040FA0 (0x00C0006F) jal zero, 12
mem[X,0x0000000080040FAC] -> 0xBC23
mem[X,0x0000000080040FAE] -> 0x0620
[8951] [M]: 0x0000000080040FAC (0x0620BC23) sd sp, 120(ra)
mem[0x0000000080050250] <- 0x0000000000000002
mem[X,0x0000000080040FB0] -> 0x0513
mem[X,0x0000000080040FB2] -> 0x0060
[8952] [M]: 0x0000000080040FB0 (0x00600513) addi a0, zero, 6
x10 <- 0x0000000000000006
mem[X,0x0000000080040FB4] -> 0x35B7
mem[X,0x0000000080040FB6] -> 0x3333
[8953] [M]: 0x0000000080040FB4 (0x333335B7) lui a1, 209715
x11 <- 0x0000000033333000
mem[X,0x0000000080040FB8] -> 0x8593
mem[X,0x0000000080040FBA] -> 0x3335
[8954] [M]: 0x0000000080040FB8 (0x33358593) addi a1, a1, 819
x11 <- 0x0000000033333333
mem[X,0x0000000080040FBC] -> 0x9593
mem[X,0x0000000080040FBE] -> 0x00B5
[8955] [M]: 0x0000000080040FBC (0x00B59593) slli a1, a1, 11
x11 <- 0x0000019999999800
mem[X,0x0000000080040FC0] -> 0x8593
mem[X,0x0000000080040FC2] -> 0x1995
[8956] [M]: 0x0000000080040FC0 (0x19958593) addi a1, a1, 409
x11 <- 0x0000019999999999
mem[X,0x0000000080040FC4] -> 0x9593
mem[X,0x0000000080040FC6] -> 0x00B5
[8957] [M]: 0x0000000080040FC4 (0x00B59593) slli a1, a1, 11
x11 <- 0x000CCCCCCCCCC800
mem[X,0x0000000080040FC8] -> 0x8593
mem[X,0x0000000080040FCA] -> 0x4CC5
[8958] [M]: 0x0000000080040FC8 (0x4CC58593) addi a1, a1, 1228
x11 <- 0x000CCCCCCCCCCCCC
mem[X,0x0000000080040FCC] -> 0x9593
mem[X,0x0000000080040FCE] -> 0x00A5
[8959] [M]: 0x0000000080040FCC (0x00A59593) slli a1, a1, 10
x11 <- 0x3333333333333000
mem[X,0x0000000080040FD0] -> 0x8593
mem[X,0x0000000080040FD2] -> 0x3335
[8960] [M]: 0x0000000080040FD0 (0x33358593) addi a1, a1, 819
x11 <- 0x3333333333333333
mem[X,0x0000000080040FD4] -> 0x0113
mem[X,0x0000000080040FD6] -> 0x0000
[8961] [M]: 0x0000000080040FD4 (0x00000113) addi sp, zero, 0
x2 <- 0x0000000000000000
mem[X,0x0000000080040FD8] -> 0x006F
mem[X,0x0000000080040FDA] -> 0x00C0
[8962] [M]: 0x0000000080040FD8 (0x00C0006F) jal zero, 12
mem[X,0x0000000080040FE4] -> 0x4663
mem[X,0x0000000080040FE6] -> 0x00B5
[8963] [M]: 0x0000000080040FE4 (0x00B54663) blt a0, a1, 12
mem[X,0x0000000080040FF0] -> 0x0113
mem[X,0x0000000080040FF2] -> 0x0031
[8964] [M]: 0x0000000080040FF0 (0x00310113) addi sp, sp, 3
x2 <- 0x0000000000000003
mem[X,0x0000000080040FF4] -> 0x006F
mem[X,0x0000000080040FF6] -> 0x0040
[8965] [M]: 0x0000000080040FF4 (0x0040006F) jal zero, 4
mem[X,0x0000000080040FF8] -> 0xB023
mem[X,0x0000000080040FFA] -> 0x0820
[8966] [M]: 0x0000000080040FF8 (0x0820B023) sd sp, 128(ra)
mem[0x0000000080050258] <- 0x0000000000000003
mem[X,0x0000000080040FFC] -> 0x0513
mem[X,0x0000000080040FFE] -> 0x0060
[8967] [M]: 0x0000000080040FFC (0x00600513) addi a0, zero, 6
x10 <- 0x0000000000000006
mem[X,0x0000000080041000] -> 0x65B7
mem[X,0x0000000080041002] -> 0x6666
[8968] [M]: 0x0000000080041000 (0x666665B7) lui a1, 419430
x11 <- 0x0000000066666000
mem[X,0x0000000080041004] -> 0x8593
mem[X,0x0000000080041006] -> 0x6665
[8969] [M]: 0x0000000080041004 (0x66658593) addi a1, a1, 1638
x11 <- 0x0000000066666666
mem[X,0x0000000080041008] -> 0x9593
mem[X,0x000000008004100A] -> 0x00B5
[8970] [M]: 0x0000000080041008 (0x00B59593) slli a1, a1, 11
x11 <- 0x0000033333333000
mem[X,0x000000008004100C] -> 0x8593
mem[X,0x000000008004100E] -> 0x3335
[8971] [M]: 0x000000008004100C (0x33358593) addi a1, a1, 819
x11 <- 0x0000033333333333
mem[X,0x0000000080041010] -> 0x9593
mem[X,0x0000000080041012] -> 0x00B5
[8972] [M]: 0x0000000080041010 (0x00B59593) slli a1, a1, 11
x11 <- 0x0019999999999800
mem[X,0x0000000080041014] -> 0x8593
mem[X,0x0000000080041016] -> 0x1995
[8973] [M]: 0x0000000080041014 (0x19958593) addi a1, a1, 409
x11 <- 0x0019999999999999
mem[X,0x0000000080041018] -> 0x9593
mem[X,0x000000008004101A] -> 0x00A5
[8974] [M]: 0x0000000080041018 (0x00A59593) slli a1, a1, 10
x11 <- 0x6666666666666400
mem[X,0x000000008004101C] -> 0x8593
mem[X,0x000000008004101E] -> 0x2665
[8975] [M]: 0x000000008004101C (0x26658593) addi a1, a1, 614
x11 <- 0x6666666666666666
mem[X,0x0000000080041020] -> 0x0113
mem[X,0x0000000080041022] -> 0x0000
[8976] [M]: 0x0000000080041020 (0x00000113) addi sp, zero, 0
x2 <- 0x0000000000000000
mem[X,0x0000000080041024] -> 0x006F
mem[X,0x0000000080041026] -> 0x00C0
[8977] [M]: 0x0000000080041024 (0x00C0006F) jal zero, 12
mem[X,0x0000000080041030] -> 0x4063
mem[X,0x0000000080041032] -> 0x04B5
[8978] [M]: 0x0000000080041030 (0x04B54063) blt a0, a1, 64
mem[X,0x0000000080041070] -> 0x0113
mem[X,0x0000000080041072] -> 0x0031
[8979] [M]: 0x0000000080041070 (0x00310113) addi sp, sp, 3
x2 <- 0x0000000000000003
mem[X,0x0000000080041074] -> 0x006F
mem[X,0x0000000080041076] -> 0x0040
[8980] [M]: 0x0000000080041074 (0x0040006F) jal zero, 4
mem[X,0x0000000080041078] -> 0xB423
mem[X,0x000000008004107A] -> 0x0820
[8981] [M]: 0x0000000080041078 (0x0820B423) sd sp, 136(ra)
mem[0x0000000080050260] <- 0x0000000000000003
mem[X,0x000000008004107C] -> 0x0513
mem[X,0x000000008004107E] -> 0x0060
[8982] [M]: 0x000000008004107C (0x00600513) addi a0, zero, 6
x10 <- 0x0000000000000006
mem[X,0x0000000080041080] -> 0x05B7
mem[X,0x0000000080041082] -> 0x0000
[8983] [M]: 0x0000000080041080 (0x000005B7) lui a1, 0
x11 <- 0x0000000000000000
mem[X,0x0000000080041084] -> 0x8593
mem[X,0x0000000080041086] -> 0xFFF5
[8984] [M]: 0x0000000080041084 (0xFFF58593) addi a1, a1, 4095
x11 <- 0xFFFFFFFFFFFFFFFF
mem[X,0x0000000080041088] -> 0x9593
mem[X,0x000000008004108A] -> 0x00B5
[8985] [M]: 0x0000000080041088 (0x00B59593) slli a1, a1, 11
x11 <- 0xFFFFFFFFFFFFF800
mem[X,0x000000008004108C] -> 0x8593
mem[X,0x000000008004108E] -> 0x2575
[8986] [M]: 0x000000008004108C (0x25758593) addi a1, a1, 599
x11 <- 0xFFFFFFFFFFFFFA57
mem[X,0x0000000080041090] -> 0x9593
mem[X,0x0000000080041092] -> 0x00B5
[8987] [M]: 0x0000000080041090 (0x00B59593) slli a1, a1, 11
x11 <- 0xFFFFFFFFFFD2B800
mem[X,0x0000000080041094] -> 0x8593
mem[X,0x0000000080041096] -> 0x6C35
[8988] [M]: 0x0000000080041094 (0x6C358593) addi a1, a1, 1731
x11 <- 0xFFFFFFFFFFD2BEC3
mem[X,0x0000000080041098] -> 0x9593
mem[X,0x000000008004109A] -> 0x00A5
[8989] [M]: 0x0000000080041098 (0x00A59593) slli a1, a1, 10
x11 <- 0xFFFFFFFF4AFB0C00
mem[X,0x000000008004109C] -> 0x8593
mem[X,0x000000008004109E] -> 0x0CD5
[8990] [M]: 0x000000008004109C (0x0CD58593) addi a1, a1, 205
x11 <- 0xFFFFFFFF4AFB0CCD
mem[X,0x00000000800410A0] -> 0x0113
mem[X,0x00000000800410A2] -> 0x0000
[8991] [M]: 0x00000000800410A0 (0x00000113) addi sp, zero, 0
x2 <- 0x0000000000000000
mem[X,0x00000000800410A4] -> 0x006F
mem[X,0x00000000800410A6] -> 0x0050
[8992] [M]: 0x00000000800410A4 (0x0050006F) jal zero, 2052
mem[X,0x00000000800418A8] -> 0x40E3
mem[X,0x00000000800418AA] -> 0x80B5
[8993] [M]: 0x00000000800418A8 (0x80B540E3) blt a0, a1, 6144
mem[X,0x00000000800418AC] -> 0x0113
mem[X,0x00000000800418AE] -> 0x0021
[8994] [M]: 0x00000000800418AC (0x00210113) addi sp, sp, 2
x2 <- 0x0000000000000002
mem[X,0x00000000800418B0] -> 0x006F
mem[X,0x00000000800418B2] -> 0x00C0
[8995] [M]: 0x00000000800418B0 (0x00C0006F) jal zero, 12
mem[X,0x00000000800418BC] -> 0xB823
mem[X,0x00000000800418BE] -> 0x0820
[8996] [M]: 0x00000000800418BC (0x0820B823) sd sp, 144(ra)
mem[0x0000000080050268] <- 0x0000000000000002
mem[X,0x00000000800418C0] -> 0x0513
mem[X,0x00000000800418C2] -> 0x0060
[8997] [M]: 0x00000000800418C0 (0x00600513) addi a0, zero, 6
x10 <- 0x0000000000000006
mem[X,0x00000000800418C4] -> 0x05B7
mem[X,0x00000000800418C6] -> 0x0000
[8998] [M]: 0x00000000800418C4 (0x000005B7) lui a1, 0
x11 <- 0x0000000000000000
mem[X,0x00000000800418C8] -> 0x8593
mem[X,0x00000000800418CA] -> 0x0005
[8999] [M]: 0x00000000800418C8 (0x00058593) addi a1, a1, 0
x11 <- 0x0000000000000000
clint::tick mtime <- 0x000000000000005A
 clint timer pending at mtime 0x000000000000005A
htif::tick 0x0000000000000000
mem[X,0x00000000800418CC] -> 0x9593
mem[X,0x00000000800418CE] -> 0x00B5
[9000] [M]: 0x00000000800418CC (0x00B59593) slli a1, a1, 11
x11 <- 0x0000000000000000
mem[X,0x00000000800418D0] -> 0x8593
mem[X,0x00000000800418D2] -> 0x5A85
[9001] [M]: 0x00000000800418D0 (0x5A858593) addi a1, a1, 1448
x11 <- 0x00000000000005A8
mem[X,0x00000000800418D4] -> 0x9593
mem[X,0x00000000800418D6] -> 0x00B5
[9002] [M]: 0x00000000800418D4 (0x00B59593) slli a1, a1, 11
x11 <- 0x00000000002D4000
mem[X,0x00000000800418D8] -> 0x8593
mem[X,0x00000000800418DA] -> 0x13C5
[9003] [M]: 0x00000000800418D8 (0x13C58593) addi a1, a1, 316
x11 <- 0x00000000002D413C
mem[X,0x00000000800418DC] -> 0x9593
mem[X,0x00000000800418DE] -> 0x00A5
[9004] [M]: 0x00000000800418DC (0x00A59593) slli a1, a1, 10
x11 <- 0x00000000B504F000
mem[X,0x00000000800418E0] -> 0x8593
mem[X,0x00000000800418E2] -> 0x3335
[9005] [M]: 0x00000000800418E0 (0x33358593) addi a1, a1, 819
x11 <- 0x00000000B504F333
mem[X,0x00000000800418E4] -> 0x0113
mem[X,0x00000000800418E6] -> 0x0000
[9006] [M]: 0x00000000800418E4 (0x00000113) addi sp, zero, 0
x2 <- 0x0000000000000000
mem[X,0x00000000800418E8] -> 0x006F
mem[X,0x00000000800418EA] -> 0x00C0
[9007] [M]: 0x00000000800418E8 (0x00C0006F) jal zero, 12
mem[X,0x00000000800418F4] -> 0x4063
mem[X,0x00000000800418F6] -> 0x08B5
[9008] [M]: 0x00000000800418F4 (0x08B54063) blt a0, a1, 128
mem[X,0x0000000080041974] -> 0x0113
mem[X,0x0000000080041976] -> 0x0031
[9009] [M]: 0x0000000080041974 (0x00310113) addi sp, sp, 3
x2 <- 0x0000000000000003
mem[X,0x0000000080041978] -> 0x006F
mem[X,0x000000008004197A] -> 0x0040
[9010] [M]: 0x0000000080041978 (0x0040006F) jal zero, 4
mem[X,0x000000008004197C] -> 0xBC23
mem[X,0x000000008004197E] -> 0x0820
[9011] [M]: 0x000000008004197C (0x0820BC23) sd sp, 152(ra)
mem[0x0000000080050270] <- 0x0000000000000003
mem[X,0x0000000080041980] -> 0x0513
mem[X,0x0000000080041982] -> 0x0060
[9012] [M]: 0x0000000080041980 (0x00600513) addi a0, zero, 6
x10 <- 0x0000000000000006
mem[X,0x0000000080041984] -> 0x0593
mem[X,0x0000000080041986] -> 0x0020
[9013] [M]: 0x0000000080041984 (0x00200593) addi a1, zero, 2
x11 <- 0x0000000000000002
mem[X,0x0000000080041988] -> 0x0113
mem[X,0x000000008004198A] -> 0x0000
[9014] [M]: 0x0000000080041988 (0x00000113) addi sp, zero, 0
x2 <- 0x0000000000000000
mem[X,0x000000008004198C] -> 0x006F
mem[X,0x000000008004198E] -> 0x00C0
[9015] [M]: 0x000000008004198C (0x00C0006F) jal zero, 12
mem[X,0x0000000080041998] -> 0x4863
mem[X,0x000000008004199A] -> 0x00B5
[9016] [M]: 0x0000000080041998 (0x00B54863) blt a0, a1, 16
mem[X,0x000000008004199C] -> 0x0113
mem[X,0x000000008004199E] -> 0x0021
[9017] [M]: 0x000000008004199C (0x00210113) addi sp, sp, 2
x2 <- 0x0000000000000002
mem[X,0x00000000800419A0] -> 0x006F
mem[X,0x00000000800419A2] -> 0x0100
[9018] [M]: 0x00000000800419A0 (0x0100006F) jal zero, 16
mem[X,0x00000000800419B0] -> 0xB023
mem[X,0x00000000800419B2] -> 0x0A20
[9019] [M]: 0x00000000800419B0 (0x0A20B023) sd sp, 160(ra)
mem[0x0000000080050278] <- 0x0000000000000002
mem[X,0x00000000800419B4] -> 0x0513
mem[X,0x00000000800419B6] -> 0x0060
[9020] [M]: 0x00000000800419B4 (0x00600513) addi a0, zero, 6
x10 <- 0x0000000000000006
mem[X,0x00000000800419B8] -> 0x55B7
mem[X,0x00000000800419BA] -> 0x5555
[9021] [M]: 0x00000000800419B8 (0x555555B7) lui a1, 349525
x11 <- 0x0000000055555000
mem[X,0x00000000800419BC] -> 0x8593
mem[X,0x00000000800419BE] -> 0x5555
[9022] [M]: 0x00000000800419BC (0x55558593) addi a1, a1, 1365
x11 <- 0x0000000055555555
mem[X,0x00000000800419C0] -> 0x9593
mem[X,0x00000000800419C2] -> 0x00B5
[9023] [M]: 0x00000000800419C0 (0x00B59593) slli a1, a1, 11
x11 <- 0x000002AAAAAAA800
mem[X,0x00000000800419C4] -> 0x8593
mem[X,0x00000000800419C6] -> 0x2AA5
[9024] [M]: 0x00000000800419C4 (0x2AA58593) addi a1, a1, 682
x11 <- 0x000002AAAAAAAAAA
mem[X,0x00000000800419C8] -> 0x9593
mem[X,0x00000000800419CA] -> 0x00B5
[9025] [M]: 0x00000000800419C8 (0x00B59593) slli a1, a1, 11
x11 <- 0x0015555555555000
mem[X,0x00000000800419CC] -> 0x8593
mem[X,0x00000000800419CE] -> 0x5555
[9026] [M]: 0x00000000800419CC (0x55558593) addi a1, a1, 1365
x11 <- 0x0015555555555555
mem[X,0x00000000800419D0] -> 0x9593
mem[X,0x00000000800419D2] -> 0x00A5
[9027] [M]: 0x00000000800419D0 (0x00A59593) slli a1, a1, 10
x11 <- 0x5555555555555400
mem[X,0x00000000800419D4] -> 0x8593
mem[X,0x00000000800419D6] -> 0x1545
[9028] [M]: 0x00000000800419D4 (0x15458593) addi a1, a1, 340
x11 <- 0x5555555555555554
mem[X,0x00000000800419D8] -> 0x0113
mem[X,0x00000000800419DA] -> 0x0000
[9029] [M]: 0x00000000800419D8 (0x00000113) addi sp, zero, 0
x2 <- 0x0000000000000000
mem[X,0x00000000800419DC] -> 0x006F
mem[X,0x00000000800419DE] -> 0x00C0
[9030] [M]: 0x00000000800419DC (0x00C0006F) jal zero, 12
mem[X,0x00000000800419E8] -> 0x4063
mem[X,0x00000000800419EA] -> 0x10B5
[9031] [M]: 0x00000000800419E8 (0x10B54063) blt a0, a1, 256
mem[X,0x0000000080041AE8] -> 0x0113
mem[X,0x0000000080041AEA] -> 0x0031
[9032] [M]: 0x0000000080041AE8 (0x00310113) addi sp, sp, 3
x2 <- 0x0000000000000003
mem[X,0x0000000080041AEC] -> 0x006F
mem[X,0x0000000080041AEE] -> 0x0040
[9033] [M]: 0x0000000080041AEC (0x0040006F) jal zero, 4
mem[X,0x0000000080041AF0] -> 0xB423
mem[X,0x0000000080041AF2] -> 0x0A20
[9034] [M]: 0x0000000080041AF0 (0x0A20B423) sd sp, 168(ra)
mem[0x0000000080050280] <- 0x0000000000000003
mem[X,0x0000000080041AF4] -> 0x0513
mem[X,0x0000000080041AF6] -> 0x0060
[9035] [M]: 0x0000000080041AF4 (0x00600513) addi a0, zero, 6
x10 <- 0x0000000000000006
mem[X,0x0000000080041AF8] -> 0x0593
mem[X,0x0000000080041AFA] -> 0x0000
[9036] [M]: 0x0000000080041AF8 (0x00000593) addi a1, zero, 0
x11 <- 0x0000000000000000
mem[X,0x0000000080041AFC] -> 0x0113
mem[X,0x0000000080041AFE] -> 0x0000
[9037] [M]: 0x0000000080041AFC (0x00000113) addi sp, zero, 0
x2 <- 0x0000000000000000
mem[X,0x0000000080041B00] -> 0x006F
mem[X,0x0000000080041B02] -> 0x00C0
[9038] [M]: 0x0000000080041B00 (0x00C0006F) jal zero, 12
mem[X,0x0000000080041B0C] -> 0x4663
mem[X,0x0000000080041B0E] -> 0x00B5
[9039] [M]: 0x0000000080041B0C (0x00B54663) blt a0, a1, 12
mem[X,0x0000000080041B10] -> 0x0113
mem[X,0x0000000080041B12] -> 0x0021
[9040] [M]: 0x0000000080041B10 (0x00210113) addi sp, sp, 2
x2 <- 0x0000000000000002
mem[X,0x0000000080041B14] -> 0x006F
mem[X,0x0000000080041B16] -> 0x00C0
[9041] [M]: 0x0000000080041B14 (0x00C0006F) jal zero, 12
mem[X,0x0000000080041B20] -> 0xB823
mem[X,0x0000000080041B22] -> 0x0A20
[9042] [M]: 0x0000000080041B20 (0x0A20B823) sd sp, 176(ra)
mem[0x0000000080050288] <- 0x0000000000000002
mem[X,0x0000000080041B24] -> 0x0513
mem[X,0x0000000080041B26] -> 0x0060
[9043] [M]: 0x0000000080041B24 (0x00600513) addi a0, zero, 6
x10 <- 0x0000000000000006
mem[X,0x0000000080041B28] -> 0x0593
mem[X,0x0000000080041B2A] -> 0x0040
[9044] [M]: 0x0000000080041B28 (0x00400593) addi a1, zero, 4
x11 <- 0x0000000000000004
mem[X,0x0000000080041B2C] -> 0x0113
mem[X,0x0000000080041B2E] -> 0x0000
[9045] [M]: 0x0000000080041B2C (0x00000113) addi sp, zero, 0
x2 <- 0x0000000000000000
mem[X,0x0000000080041B30] -> 0x006F
mem[X,0x0000000080041B32] -> 0x00C0
[9046] [M]: 0x0000000080041B30 (0x00C0006F) jal zero, 12
mem[X,0x0000000080041B3C] -> 0x4063
mem[X,0x0000000080041B3E] -> 0x02B5
[9047] [M]: 0x0000000080041B3C (0x02B54063) blt a0, a1, 32
mem[X,0x0000000080041B40] -> 0x0113
mem[X,0x0000000080041B42] -> 0x0021
[9048] [M]: 0x0000000080041B40 (0x00210113) addi sp, sp, 2
x2 <- 0x0000000000000002
mem[X,0x0000000080041B44] -> 0x006F
mem[X,0x0000000080041B46] -> 0x0200
[9049] [M]: 0x0000000080041B44 (0x0200006F) jal zero, 32
mem[X,0x0000000080041B64] -> 0xBC23
mem[X,0x0000000080041B66] -> 0x0A20
[9050] [M]: 0x0000000080041B64 (0x0A20BC23) sd sp, 184(ra)
mem[0x0000000080050290] <- 0x0000000000000002
mem[X,0x0000000080041B68] -> 0x0513
mem[X,0x0000000080041B6A] -> 0x0060
[9051] [M]: 0x0000000080041B68 (0x00600513) addi a0, zero, 6
x10 <- 0x0000000000000006
mem[X,0x0000000080041B6C] -> 0x35B7
mem[X,0x0000000080041B6E] -> 0x3333
[9052] [M]: 0x0000000080041B6C (0x333335B7) lui a1, 209715
x11 <- 0x0000000033333000
mem[X,0x0000000080041B70] -> 0x8593
mem[X,0x0000000080041B72] -> 0x3335
[9053] [M]: 0x0000000080041B70 (0x33358593) addi a1, a1, 819
x11 <- 0x0000000033333333
mem[X,0x0000000080041B74] -> 0x9593
mem[X,0x0000000080041B76] -> 0x00B5
[9054] [M]: 0x0000000080041B74 (0x00B59593) slli a1, a1, 11
x11 <- 0x0000019999999800
mem[X,0x0000000080041B78] -> 0x8593
mem[X,0x0000000080041B7A] -> 0x1995
[9055] [M]: 0x0000000080041B78 (0x19958593) addi a1, a1, 409
x11 <- 0x0000019999999999
mem[X,0x0000000080041B7C] -> 0x9593
mem[X,0x0000000080041B7E] -> 0x00B5
[9056] [M]: 0x0000000080041B7C (0x00B59593) slli a1, a1, 11
x11 <- 0x000CCCCCCCCCC800
mem[X,0x0000000080041B80] -> 0x8593
mem[X,0x0000000080041B82] -> 0x4CC5
[9057] [M]: 0x0000000080041B80 (0x4CC58593) addi a1, a1, 1228
x11 <- 0x000CCCCCCCCCCCCC
mem[X,0x0000000080041B84] -> 0x9593
mem[X,0x0000000080041B86] -> 0x00A5
[9058] [M]: 0x0000000080041B84 (0x00A59593) slli a1, a1, 10
x11 <- 0x3333333333333000
mem[X,0x0000000080041B88] -> 0x8593
mem[X,0x0000000080041B8A] -> 0x3325
[9059] [M]: 0x0000000080041B88 (0x33258593) addi a1, a1, 818
x11 <- 0x3333333333333332
mem[X,0x0000000080041B8C] -> 0x0113
mem[X,0x0000000080041B8E] -> 0x0000
[9060] [M]: 0x0000000080041B8C (0x00000113) addi sp, zero, 0
x2 <- 0x0000000000000000
mem[X,0x0000000080041B90] -> 0x006F
mem[X,0x0000000080041B92] -> 0x00C0
[9061] [M]: 0x0000000080041B90 (0x00C0006F) jal zero, 12
mem[X,0x0000000080041B9C] -> 0x4663
mem[X,0x0000000080041B9E] -> 0x00B5
[9062] [M]: 0x0000000080041B9C (0x00B54663) blt a0, a1, 12
mem[X,0x0000000080041BA8] -> 0x0113
mem[X,0x0000000080041BAA] -> 0x0031
[9063] [M]: 0x0000000080041BA8 (0x00310113) addi sp, sp, 3
x2 <- 0x0000000000000003
mem[X,0x0000000080041BAC] -> 0x006F
mem[X,0x0000000080041BAE] -> 0x0040
[9064] [M]: 0x0000000080041BAC (0x0040006F) jal zero, 4
mem[X,0x0000000080041BB0] -> 0xB023
mem[X,0x0000000080041BB2] -> 0x0C20
[9065] [M]: 0x0000000080041BB0 (0x0C20B023) sd sp, 192(ra)
mem[0x0000000080050298] <- 0x0000000000000003
mem[X,0x0000000080041BB4] -> 0x0513
mem[X,0x0000000080041BB6] -> 0x0060
[9066] [M]: 0x0000000080041BB4 (0x00600513) addi a0, zero, 6
x10 <- 0x0000000000000006
mem[X,0x0000000080041BB8] -> 0x65B7
mem[X,0x0000000080041BBA] -> 0x6666
[9067] [M]: 0x0000000080041BB8 (0x666665B7) lui a1, 419430
x11 <- 0x0000000066666000
mem[X,0x0000000080041BBC] -> 0x8593
mem[X,0x0000000080041BBE] -> 0x6665
[9068] [M]: 0x0000000080041BBC (0x66658593) addi a1, a1, 1638
x11 <- 0x0000000066666666
mem[X,0x0000000080041BC0] -> 0x9593
mem[X,0x0000000080041BC2] -> 0x00B5
[9069] [M]: 0x0000000080041BC0 (0x00B59593) slli a1, a1, 11
x11 <- 0x0000033333333000
mem[X,0x0000000080041BC4] -> 0x8593
mem[X,0x0000000080041BC6] -> 0x3335
[9070] [M]: 0x0000000080041BC4 (0x33358593) addi a1, a1, 819
x11 <- 0x0000033333333333
mem[X,0x0000000080041BC8] -> 0x9593
mem[X,0x0000000080041BCA] -> 0x00B5
[9071] [M]: 0x0000000080041BC8 (0x00B59593) slli a1, a1, 11
x11 <- 0x0019999999999800
mem[X,0x0000000080041BCC] -> 0x8593
mem[X,0x0000000080041BCE] -> 0x1995
[9072] [M]: 0x0000000080041BCC (0x19958593) addi a1, a1, 409
x11 <- 0x0019999999999999
mem[X,0x0000000080041BD0] -> 0x9593
mem[X,0x0000000080041BD2] -> 0x00A5
[9073] [M]: 0x0000000080041BD0 (0x00A59593) slli a1, a1, 10
x11 <- 0x6666666666666400
mem[X,0x0000000080041BD4] -> 0x8593
mem[X,0x0000000080041BD6] -> 0x2655
[9074] [M]: 0x0000000080041BD4 (0x26558593) addi a1, a1, 613
x11 <- 0x6666666666666665
mem[X,0x0000000080041BD8] -> 0x0113
mem[X,0x0000000080041BDA] -> 0x0000
[9075] [M]: 0x0000000080041BD8 (0x00000113) addi sp, zero, 0
x2 <- 0x0000000000000000
mem[X,0x0000000080041BDC] -> 0x006F
mem[X,0x0000000080041BDE] -> 0x00C0
[9076] [M]: 0x0000000080041BDC (0x00C0006F) jal zero, 12
mem[X,0x0000000080041BE8] -> 0x4CE3
mem[X,0x0000000080041BEA] -> 0xFEB5
[9077] [M]: 0x0000000080041BE8 (0xFEB54CE3) blt a0, a1, 8184
mem[X,0x0000000080041BE0] -> 0x0113
mem[X,0x0000000080041BE2] -> 0x0011
[9078] [M]: 0x0000000080041BE0 (0x00110113) addi sp, sp, 1
x2 <- 0x0000000000000001
mem[X,0x0000000080041BE4] -> 0x006F
mem[X,0x0000000080041BE6] -> 0x0180
[9079] [M]: 0x0000000080041BE4 (0x0180006F) jal zero, 24
mem[X,0x0000000080041BFC] -> 0xB423
mem[X,0x0000000080041BFE] -> 0x0C20
[9080] [M]: 0x0000000080041BFC (0x0C20B423) sd sp, 200(ra)
mem[0x00000000800502A0] <- 0x0000000000000001
mem[X,0x0000000080041C00] -> 0x0513
mem[X,0x0000000080041C02] -> 0x0060
[9081] [M]: 0x0000000080041C00 (0x00600513) addi a0, zero, 6
x10 <- 0x0000000000000006
mem[X,0x0000000080041C04] -> 0x05B7
mem[X,0x0000000080041C06] -> 0x0000
[9082] [M]: 0x0000000080041C04 (0x000005B7) lui a1, 0
x11 <- 0x0000000000000000
mem[X,0x0000000080041C08] -> 0x8593
mem[X,0x0000000080041C0A] -> 0x0005
[9083] [M]: 0x0000000080041C08 (0x00058593) addi a1, a1, 0
x11 <- 0x0000000000000000
mem[X,0x0000000080041C0C] -> 0x9593
mem[X,0x0000000080041C0E] -> 0x00B5
[9084] [M]: 0x0000000080041C0C (0x00B59593) slli a1, a1, 11
x11 <- 0x0000000000000000
mem[X,0x0000000080041C10] -> 0x8593
mem[X,0x0000000080041C12] -> 0x5A85
[9085] [M]: 0x0000000080041C10 (0x5A858593) addi a1, a1, 1448
x11 <- 0x00000000000005A8
mem[X,0x0000000080041C14] -> 0x9593
mem[X,0x0000000080041C16] -> 0x00B5
[9086] [M]: 0x0000000080041C14 (0x00B59593) slli a1, a1, 11
x11 <- 0x00000000002D4000
mem[X,0x0000000080041C18] -> 0x8593
mem[X,0x0000000080041C1A] -> 0x13C5
[9087] [M]: 0x0000000080041C18 (0x13C58593) addi a1, a1, 316
x11 <- 0x00000000002D413C
mem[X,0x0000000080041C1C] -> 0x9593
mem[X,0x0000000080041C1E] -> 0x00A5
[9088] [M]: 0x0000000080041C1C (0x00A59593) slli a1, a1, 10
x11 <- 0x00000000B504F000
mem[X,0x0000000080041C20] -> 0x8593
mem[X,0x0000000080041C22] -> 0x3325
[9089] [M]: 0x0000000080041C20 (0x33258593) addi a1, a1, 818
x11 <- 0x00000000B504F332
mem[X,0x0000000080041C24] -> 0x0113
mem[X,0x0000000080041C26] -> 0x0000
[9090] [M]: 0x0000000080041C24 (0x00000113) addi sp, zero, 0
x2 <- 0x0000000000000000
mem[X,0x0000000080041C28] -> 0x006F
mem[X,0x0000000080041C2A] -> 0x00C0
[9091] [M]: 0x0000000080041C28 (0x00C0006F) jal zero, 12
mem[X,0x0000000080041C34] -> 0x4063
mem[X,0x0000000080041C36] -> 0x08B5
[9092] [M]: 0x0000000080041C34 (0x08B54063) blt a0, a1, 128
mem[X,0x0000000080041CB4] -> 0x0113
mem[X,0x0000000080041CB6] -> 0x0031
[9093] [M]: 0x0000000080041CB4 (0x00310113) addi sp, sp, 3
x2 <- 0x0000000000000003
mem[X,0x0000000080041CB8] -> 0x006F
mem[X,0x0000000080041CBA] -> 0x0040
[9094] [M]: 0x0000000080041CB8 (0x0040006F) jal zero, 4
mem[X,0x0000000080041CBC] -> 0xB823
mem[X,0x0000000080041CBE] -> 0x0C20
[9095] [M]: 0x0000000080041CBC (0x0C20B823) sd sp, 208(ra)
mem[0x00000000800502A8] <- 0x0000000000000003
mem[X,0x0000000080041CC0] -> 0x0513
mem[X,0x0000000080041CC2] -> 0x0060
[9096] [M]: 0x0000000080041CC0 (0x00600513) addi a0, zero, 6
x10 <- 0x0000000000000006
mem[X,0x0000000080041CC4] -> 0x55B7
mem[X,0x0000000080041CC6] -> 0x5555
[9097] [M]: 0x0000000080041CC4 (0x555555B7) lui a1, 349525
x11 <- 0x0000000055555000
mem[X,0x0000000080041CC8] -> 0x8593
mem[X,0x0000000080041CCA] -> 0x5555
[9098] [M]: 0x0000000080041CC8 (0x55558593) addi a1, a1, 1365
x11 <- 0x0000000055555555
mem[X,0x0000000080041CCC] -> 0x9593
mem[X,0x0000000080041CCE] -> 0x00B5
[9099] [M]: 0x0000000080041CCC (0x00B59593) slli a1, a1, 11
x11 <- 0x000002AAAAAAA800
clint::tick mtime <- 0x000000000000005B
 clint timer pending at mtime 0x000000000000005B
htif::tick 0x0000000000000000
mem[X,0x0000000080041CD0] -> 0x8593
mem[X,0x0000000080041CD2] -> 0x2AA5
[9100] [M]: 0x0000000080041CD0 (0x2AA58593) addi a1, a1, 682
x11 <- 0x000002AAAAAAAAAA
mem[X,0x0000000080041CD4] -> 0x9593
mem[X,0x0000000080041CD6] -> 0x00B5
[9101] [M]: 0x0000000080041CD4 (0x00B59593) slli a1, a1, 11
x11 <- 0x0015555555555000
mem[X,0x0000000080041CD8] -> 0x8593
mem[X,0x0000000080041CDA] -> 0x5555
[9102] [M]: 0x0000000080041CD8 (0x55558593) addi a1, a1, 1365
x11 <- 0x0015555555555555
mem[X,0x0000000080041CDC] -> 0x9593
mem[X,0x0000000080041CDE] -> 0x00A5
[9103] [M]: 0x0000000080041CDC (0x00A59593) slli a1, a1, 10
x11 <- 0x5555555555555400
mem[X,0x0000000080041CE0] -> 0x8593
mem[X,0x0000000080041CE2] -> 0x1565
[9104] [M]: 0x0000000080041CE0 (0x15658593) addi a1, a1, 342
x11 <- 0x5555555555555556
mem[X,0x0000000080041CE4] -> 0x0113
mem[X,0x0000000080041CE6] -> 0x0000
[9105] [M]: 0x0000000080041CE4 (0x00000113) addi sp, zero, 0
x2 <- 0x0000000000000000
mem[X,0x0000000080041CE8] -> 0x006F
mem[X,0x0000000080041CEA] -> 0x00C0
[9106] [M]: 0x0000000080041CE8 (0x00C0006F) jal zero, 12
mem[X,0x0000000080041CF4] -> 0x4063
mem[X,0x0000000080041CF6] -> 0x02B5
[9107] [M]: 0x0000000080041CF4 (0x02B54063) blt a0, a1, 32
mem[X,0x0000000080041D14] -> 0x0113
mem[X,0x0000000080041D16] -> 0x0031
[9108] [M]: 0x0000000080041D14 (0x00310113) addi sp, sp, 3
x2 <- 0x0000000000000003
mem[X,0x0000000080041D18] -> 0x006F
mem[X,0x0000000080041D1A] -> 0x0040
[9109] [M]: 0x0000000080041D18 (0x0040006F) jal zero, 4
mem[X,0x0000000080041D1C] -> 0xBC23
mem[X,0x0000000080041D1E] -> 0x0C20
[9110] [M]: 0x0000000080041D1C (0x0C20BC23) sd sp, 216(ra)
mem[0x00000000800502B0] <- 0x0000000000000003
mem[X,0x0000000080041D20] -> 0x0513
mem[X,0x0000000080041D22] -> 0x0060
[9111] [M]: 0x0000000080041D20 (0x00600513) addi a0, zero, 6
x10 <- 0x0000000000000006
mem[X,0x0000000080041D24] -> 0xB5B7
mem[X,0x0000000080041D26] -> 0xAAAA
[9112] [M]: 0x0000000080041D24 (0xAAAAB5B7) lui a1, 699051
x11 <- 0xFFFFFFFFAAAAB000
mem[X,0x0000000080041D28] -> 0x8593
mem[X,0x0000000080041D2A] -> 0xAAA5
[9113] [M]: 0x0000000080041D28 (0xAAA58593) addi a1, a1, 2730
x11 <- 0xFFFFFFFFAAAAAAAA
mem[X,0x0000000080041D2C] -> 0x9593
mem[X,0x0000000080041D2E] -> 0x00B5
[9114] [M]: 0x0000000080041D2C (0x00B59593) slli a1, a1, 11
x11 <- 0xFFFFFD5555555000
mem[X,0x0000000080041D30] -> 0x8593
mem[X,0x0000000080041D32] -> 0x5555
[9115] [M]: 0x0000000080041D30 (0x55558593) addi a1, a1, 1365
x11 <- 0xFFFFFD5555555555
mem[X,0x0000000080041D34] -> 0x9593
mem[X,0x0000000080041D36] -> 0x00B5
[9116] [M]: 0x0000000080041D34 (0x00B59593) slli a1, a1, 11
x11 <- 0xFFEAAAAAAAAAA800
mem[X,0x0000000080041D38] -> 0x8593
mem[X,0x0000000080041D3A] -> 0x2AA5
[9117] [M]: 0x0000000080041D38 (0x2AA58593) addi a1, a1, 682
x11 <- 0xFFEAAAAAAAAAAAAA
mem[X,0x0000000080041D3C] -> 0x9593
mem[X,0x0000000080041D3E] -> 0x00A5
[9118] [M]: 0x0000000080041D3C (0x00A59593) slli a1, a1, 10
x11 <- 0xAAAAAAAAAAAAA800
mem[X,0x0000000080041D40] -> 0x8593
mem[X,0x0000000080041D42] -> 0x2AB5
[9119] [M]: 0x0000000080041D40 (0x2AB58593) addi a1, a1, 683
x11 <- 0xAAAAAAAAAAAAAAAB
mem[X,0x0000000080041D44] -> 0x0113
mem[X,0x0000000080041D46] -> 0x0000
[9120] [M]: 0x0000000080041D44 (0x00000113) addi sp, zero, 0
x2 <- 0x0000000000000000
mem[X,0x0000000080041D48] -> 0x006F
mem[X,0x0000000080041D4A] -> 0x0100
[9121] [M]: 0x0000000080041D48 (0x0100006F) jal zero, 16
mem[X,0x0000000080041D58] -> 0x4AE3
mem[X,0x0000000080041D5A] -> 0xFEB5
[9122] [M]: 0x0000000080041D58 (0xFEB54AE3) blt a0, a1, 8180
mem[X,0x0000000080041D5C] -> 0x0113
mem[X,0x0000000080041D5E] -> 0x0021
[9123] [M]: 0x0000000080041D5C (0x00210113) addi sp, sp, 2
x2 <- 0x0000000000000002
mem[X,0x0000000080041D60] -> 0x006F
mem[X,0x0000000080041D62] -> 0x00C0
[9124] [M]: 0x0000000080041D60 (0x00C0006F) jal zero, 12
mem[X,0x0000000080041D6C] -> 0xB023
mem[X,0x0000000080041D6E] -> 0x0E20
[9125] [M]: 0x0000000080041D6C (0x0E20B023) sd sp, 224(ra)
mem[0x00000000800502B8] <- 0x0000000000000002
mem[X,0x0000000080041D70] -> 0x0513
mem[X,0x0000000080041D72] -> 0x0060
[9126] [M]: 0x0000000080041D70 (0x00600513) addi a0, zero, 6
x10 <- 0x0000000000000006
mem[X,0x0000000080041D74] -> 0x0593
mem[X,0x0000000080041D76] -> 0x0060
[9127] [M]: 0x0000000080041D74 (0x00600593) addi a1, zero, 6
x11 <- 0x0000000000000006
mem[X,0x0000000080041D78] -> 0x0113
mem[X,0x0000000080041D7A] -> 0x0000
[9128] [M]: 0x0000000080041D78 (0x00000113) addi sp, zero, 0
x2 <- 0x0000000000000000
mem[X,0x0000000080041D7C] -> 0x006F
mem[X,0x0000000080041D7E] -> 0x00C0
[9129] [M]: 0x0000000080041D7C (0x00C0006F) jal zero, 12
mem[X,0x0000000080041D88] -> 0x4663
mem[X,0x0000000080041D8A] -> 0x00B5
[9130] [M]: 0x0000000080041D88 (0x00B54663) blt a0, a1, 12
mem[X,0x0000000080041D8C] -> 0x0113
mem[X,0x0000000080041D8E] -> 0x0021
[9131] [M]: 0x0000000080041D8C (0x00210113) addi sp, sp, 2
x2 <- 0x0000000000000002
mem[X,0x0000000080041D90] -> 0x006F
mem[X,0x0000000080041D92] -> 0x00C0
[9132] [M]: 0x0000000080041D90 (0x00C0006F) jal zero, 12
mem[X,0x0000000080041D9C] -> 0xB423
mem[X,0x0000000080041D9E] -> 0x0E20
[9133] [M]: 0x0000000080041D9C (0x0E20B423) sd sp, 232(ra)
mem[0x00000000800502C0] <- 0x0000000000000002
mem[X,0x0000000080041DA0] -> 0x0513
mem[X,0x0000000080041DA2] -> 0x0060
[9134] [M]: 0x0000000080041DA0 (0x00600513) addi a0, zero, 6
x10 <- 0x0000000000000006
mem[X,0x0000000080041DA4] -> 0x35B7
mem[X,0x0000000080041DA6] -> 0x3333
[9135] [M]: 0x0000000080041DA4 (0x333335B7) lui a1, 209715
x11 <- 0x0000000033333000
mem[X,0x0000000080041DA8] -> 0x8593
mem[X,0x0000000080041DAA] -> 0x3335
[9136] [M]: 0x0000000080041DA8 (0x33358593) addi a1, a1, 819
x11 <- 0x0000000033333333
mem[X,0x0000000080041DAC] -> 0x9593
mem[X,0x0000000080041DAE] -> 0x00B5
[9137] [M]: 0x0000000080041DAC (0x00B59593) slli a1, a1, 11
x11 <- 0x0000019999999800
mem[X,0x0000000080041DB0] -> 0x8593
mem[X,0x0000000080041DB2] -> 0x1995
[9138] [M]: 0x0000000080041DB0 (0x19958593) addi a1, a1, 409
x11 <- 0x0000019999999999
mem[X,0x0000000080041DB4] -> 0x9593
mem[X,0x0000000080041DB6] -> 0x00B5
[9139] [M]: 0x0000000080041DB4 (0x00B59593) slli a1, a1, 11
x11 <- 0x000CCCCCCCCCC800
mem[X,0x0000000080041DB8] -> 0x8593
mem[X,0x0000000080041DBA] -> 0x4CC5
[9140] [M]: 0x0000000080041DB8 (0x4CC58593) addi a1, a1, 1228
x11 <- 0x000CCCCCCCCCCCCC
mem[X,0x0000000080041DBC] -> 0x9593
mem[X,0x0000000080041DBE] -> 0x00A5
[9141] [M]: 0x0000000080041DBC (0x00A59593) slli a1, a1, 10
x11 <- 0x3333333333333000
mem[X,0x0000000080041DC0] -> 0x8593
mem[X,0x0000000080041DC2] -> 0x3345
[9142] [M]: 0x0000000080041DC0 (0x33458593) addi a1, a1, 820
x11 <- 0x3333333333333334
mem[X,0x0000000080041DC4] -> 0x0113
mem[X,0x0000000080041DC6] -> 0x0000
[9143] [M]: 0x0000000080041DC4 (0x00000113) addi sp, zero, 0
x2 <- 0x0000000000000000
mem[X,0x0000000080041DC8] -> 0x006F
mem[X,0x0000000080041DCA] -> 0x0140
[9144] [M]: 0x0000000080041DC8 (0x0140006F) jal zero, 20
mem[X,0x0000000080041DDC] -> 0x48E3
mem[X,0x0000000080041DDE] -> 0xFEB5
[9145] [M]: 0x0000000080041DDC (0xFEB548E3) blt a0, a1, 8176
mem[X,0x0000000080041DCC] -> 0x0113
mem[X,0x0000000080041DCE] -> 0x0011
[9146] [M]: 0x0000000080041DCC (0x00110113) addi sp, sp, 1
x2 <- 0x0000000000000001
mem[X,0x0000000080041DD0] -> 0x006F
mem[X,0x0000000080041DD2] -> 0x0200
[9147] [M]: 0x0000000080041DD0 (0x0200006F) jal zero, 32
mem[X,0x0000000080041DF0] -> 0xB823
mem[X,0x0000000080041DF2] -> 0x0E20
[9148] [M]: 0x0000000080041DF0 (0x0E20B823) sd sp, 240(ra)
mem[0x00000000800502C8] <- 0x0000000000000001
mem[X,0x0000000080041DF4] -> 0x0513
mem[X,0x0000000080041DF6] -> 0x0060
[9149] [M]: 0x0000000080041DF4 (0x00600513) addi a0, zero, 6
x10 <- 0x0000000000000006
mem[X,0x0000000080041DF8] -> 0x65B7
mem[X,0x0000000080041DFA] -> 0x6666
[9150] [M]: 0x0000000080041DF8 (0x666665B7) lui a1, 419430
x11 <- 0x0000000066666000
mem[X,0x0000000080041DFC] -> 0x8593
mem[X,0x0000000080041DFE] -> 0x6665
[9151] [M]: 0x0000000080041DFC (0x66658593) addi a1, a1, 1638
x11 <- 0x0000000066666666
mem[X,0x0000000080041E00] -> 0x9593
mem[X,0x0000000080041E02] -> 0x00B5
[9152] [M]: 0x0000000080041E00 (0x00B59593) slli a1, a1, 11
x11 <- 0x0000033333333000
mem[X,0x0000000080041E04] -> 0x8593
mem[X,0x0000000080041E06] -> 0x3335
[9153] [M]: 0x0000000080041E04 (0x33358593) addi a1, a1, 819
x11 <- 0x0000033333333333
mem[X,0x0000000080041E08] -> 0x9593
mem[X,0x0000000080041E0A] -> 0x00B5
[9154] [M]: 0x0000000080041E08 (0x00B59593) slli a1, a1, 11
x11 <- 0x0019999999999800
mem[X,0x0000000080041E0C] -> 0x8593
mem[X,0x0000000080041E0E] -> 0x1995
[9155] [M]: 0x0000000080041E0C (0x19958593) addi a1, a1, 409
x11 <- 0x0019999999999999
mem[X,0x0000000080041E10] -> 0x9593
mem[X,0x0000000080041E12] -> 0x00A5
[9156] [M]: 0x0000000080041E10 (0x00A59593) slli a1, a1, 10
x11 <- 0x6666666666666400
mem[X,0x0000000080041E14] -> 0x8593
mem[X,0x0000000080041E16] -> 0x2675
[9157] [M]: 0x0000000080041E14 (0x26758593) addi a1, a1, 615
x11 <- 0x6666666666666667
mem[X,0x0000000080041E18] -> 0x0113
mem[X,0x0000000080041E1A] -> 0x0000
[9158] [M]: 0x0000000080041E18 (0x00000113) addi sp, zero, 0
x2 <- 0x0000000000000000
mem[X,0x0000000080041E1C] -> 0x006F
mem[X,0x0000000080041E1E] -> 0x0180
[9159] [M]: 0x0000000080041E1C (0x0180006F) jal zero, 24
mem[X,0x0000000080041E34] -> 0x46E3
mem[X,0x0000000080041E36] -> 0xFEB5
[9160] [M]: 0x0000000080041E34 (0xFEB546E3) blt a0, a1, 8172
mem[X,0x0000000080041E20] -> 0x0113
mem[X,0x0000000080041E22] -> 0x0011
[9161] [M]: 0x0000000080041E20 (0x00110113) addi sp, sp, 1
x2 <- 0x0000000000000001
mem[X,0x0000000080041E24] -> 0x006F
mem[X,0x0000000080041E26] -> 0x0240
[9162] [M]: 0x0000000080041E24 (0x0240006F) jal zero, 36
mem[X,0x0000000080041E48] -> 0xBC23
mem[X,0x0000000080041E4A] -> 0x0E20
[9163] [M]: 0x0000000080041E48 (0x0E20BC23) sd sp, 248(ra)
mem[0x00000000800502D0] <- 0x0000000000000001
mem[X,0x0000000080041E4C] -> 0x0513
mem[X,0x0000000080041E4E] -> 0x0060
[9164] [M]: 0x0000000080041E4C (0x00600513) addi a0, zero, 6
x10 <- 0x0000000000000006
mem[X,0x0000000080041E50] -> 0x05B7
mem[X,0x0000000080041E52] -> 0x0000
[9165] [M]: 0x0000000080041E50 (0x000005B7) lui a1, 0
x11 <- 0x0000000000000000
mem[X,0x0000000080041E54] -> 0x8593
mem[X,0x0000000080041E56] -> 0xFFF5
[9166] [M]: 0x0000000080041E54 (0xFFF58593) addi a1, a1, 4095
x11 <- 0xFFFFFFFFFFFFFFFF
mem[X,0x0000000080041E58] -> 0x9593
mem[X,0x0000000080041E5A] -> 0x00B5
[9167] [M]: 0x0000000080041E58 (0x00B59593) slli a1, a1, 11
x11 <- 0xFFFFFFFFFFFFF800
mem[X,0x0000000080041E5C] -> 0x8593
mem[X,0x0000000080041E5E] -> 0x2575
[9168] [M]: 0x0000000080041E5C (0x25758593) addi a1, a1, 599
x11 <- 0xFFFFFFFFFFFFFA57
mem[X,0x0000000080041E60] -> 0x9593
mem[X,0x0000000080041E62] -> 0x00B5
[9169] [M]: 0x0000000080041E60 (0x00B59593) slli a1, a1, 11
x11 <- 0xFFFFFFFFFFD2B800
mem[X,0x0000000080041E64] -> 0x8593
mem[X,0x0000000080041E66] -> 0x6C35
[9170] [M]: 0x0000000080041E64 (0x6C358593) addi a1, a1, 1731
x11 <- 0xFFFFFFFFFFD2BEC3
mem[X,0x0000000080041E68] -> 0x9593
mem[X,0x0000000080041E6A] -> 0x00A5
[9171] [M]: 0x0000000080041E68 (0x00A59593) slli a1, a1, 10
x11 <- 0xFFFFFFFF4AFB0C00
mem[X,0x0000000080041E6C] -> 0x8593
mem[X,0x0000000080041E6E] -> 0x0CE5
[9172] [M]: 0x0000000080041E6C (0x0CE58593) addi a1, a1, 206
x11 <- 0xFFFFFFFF4AFB0CCE
mem[X,0x0000000080041E70] -> 0x0113
mem[X,0x0000000080041E72] -> 0x0000
[9173] [M]: 0x0000000080041E70 (0x00000113) addi sp, zero, 0
x2 <- 0x0000000000000000
mem[X,0x0000000080041E74] -> 0x006F
mem[X,0x0000000080041E76] -> 0x00C0
[9174] [M]: 0x0000000080041E74 (0x00C0006F) jal zero, 12
mem[X,0x0000000080041E80] -> 0x4CE3
mem[X,0x0000000080041E82] -> 0xFEB5
[9175] [M]: 0x0000000080041E80 (0xFEB54CE3) blt a0, a1, 8184
mem[X,0x0000000080041E84] -> 0x0113
mem[X,0x0000000080041E86] -> 0x0021
[9176] [M]: 0x0000000080041E84 (0x00210113) addi sp, sp, 2
x2 <- 0x0000000000000002
mem[X,0x0000000080041E88] -> 0x006F
mem[X,0x0000000080041E8A] -> 0x00C0
[9177] [M]: 0x0000000080041E88 (0x00C0006F) jal zero, 12
mem[X,0x0000000080041E94] -> 0xB023
mem[X,0x0000000080041E96] -> 0x1020
[9178] [M]: 0x0000000080041E94 (0x1020B023) sd sp, 256(ra)
mem[0x00000000800502D8] <- 0x0000000000000002
mem[X,0x0000000080041E98] -> 0x0513
mem[X,0x0000000080041E9A] -> 0x0060
[9179] [M]: 0x0000000080041E98 (0x00600513) addi a0, zero, 6
x10 <- 0x0000000000000006
mem[X,0x0000000080041E9C] -> 0x05B7
mem[X,0x0000000080041E9E] -> 0x0000
[9180] [M]: 0x0000000080041E9C (0x000005B7) lui a1, 0
x11 <- 0x0000000000000000
mem[X,0x0000000080041EA0] -> 0x8593
mem[X,0x0000000080041EA2] -> 0x0005
[9181] [M]: 0x0000000080041EA0 (0x00058593) addi a1, a1, 0
x11 <- 0x0000000000000000
mem[X,0x0000000080041EA4] -> 0x9593
mem[X,0x0000000080041EA6] -> 0x00B5
[9182] [M]: 0x0000000080041EA4 (0x00B59593) slli a1, a1, 11
x11 <- 0x0000000000000000
mem[X,0x0000000080041EA8] -> 0x8593
mem[X,0x0000000080041EAA] -> 0x5A85
[9183] [M]: 0x0000000080041EA8 (0x5A858593) addi a1, a1, 1448
x11 <- 0x00000000000005A8
mem[X,0x0000000080041EAC] -> 0x9593
mem[X,0x0000000080041EAE] -> 0x00B5
[9184] [M]: 0x0000000080041EAC (0x00B59593) slli a1, a1, 11
x11 <- 0x00000000002D4000
mem[X,0x0000000080041EB0] -> 0x8593
mem[X,0x0000000080041EB2] -> 0x13C5
[9185] [M]: 0x0000000080041EB0 (0x13C58593) addi a1, a1, 316
x11 <- 0x00000000002D413C
mem[X,0x0000000080041EB4] -> 0x9593
mem[X,0x0000000080041EB6] -> 0x00A5
[9186] [M]: 0x0000000080041EB4 (0x00A59593) slli a1, a1, 10
x11 <- 0x00000000B504F000
mem[X,0x0000000080041EB8] -> 0x8593
mem[X,0x0000000080041EBA] -> 0x3345
[9187] [M]: 0x0000000080041EB8 (0x33458593) addi a1, a1, 820
x11 <- 0x00000000B504F334
mem[X,0x0000000080041EBC] -> 0x0113
mem[X,0x0000000080041EBE] -> 0x0000
[9188] [M]: 0x0000000080041EBC (0x00000113) addi sp, zero, 0
x2 <- 0x0000000000000000
mem[X,0x0000000080041EC0] -> 0x006F
mem[X,0x0000000080041EC2] -> 0x2B10
[9189] [M]: 0x0000000080041EC0 (0x2B10006F) jal zero, 2736
mem[X,0x0000000080042970] -> 0x4A63
mem[X,0x0000000080042972] -> 0xD4B5
[9190] [M]: 0x0000000080042970 (0xD4B54A63) blt a0, a1, 5460
mem[X,0x0000000080041EC4] -> 0x0113
mem[X,0x0000000080041EC6] -> 0x0011
[9191] [M]: 0x0000000080041EC4 (0x00110113) addi sp, sp, 1
x2 <- 0x0000000000000001
mem[X,0x0000000080041EC8] -> 0x006F
mem[X,0x0000000080041ECA] -> 0x2BD0
[9192] [M]: 0x0000000080041EC8 (0x2BD0006F) jal zero, 2748
mem[X,0x0000000080042984] -> 0xB423
mem[X,0x0000000080042986] -> 0x1020
[9193] [M]: 0x0000000080042984 (0x1020B423) sd sp, 264(ra)
mem[0x00000000800502E0] <- 0x0000000000000001
mem[X,0x0000000080042988] -> 0x3537
mem[X,0x000000008004298A] -> 0x3333
[9194] [M]: 0x0000000080042988 (0x33333537) lui a0, 209715
x10 <- 0x0000000033333000
mem[X,0x000000008004298C] -> 0x0513
mem[X,0x000000008004298E] -> 0x3335
[9195] [M]: 0x000000008004298C (0x33350513) addi a0, a0, 819
x10 <- 0x0000000033333333
mem[X,0x0000000080042990] -> 0x1513
mem[X,0x0000000080042992] -> 0x00B5
[9196] [M]: 0x0000000080042990 (0x00B51513) slli a0, a0, 11
x10 <- 0x0000019999999800
mem[X,0x0000000080042994] -> 0x0513
mem[X,0x0000000080042996] -> 0x1995
[9197] [M]: 0x0000000080042994 (0x19950513) addi a0, a0, 409
x10 <- 0x0000019999999999
mem[X,0x0000000080042998] -> 0x1513
mem[X,0x000000008004299A] -> 0x00B5
[9198] [M]: 0x0000000080042998 (0x00B51513) slli a0, a0, 11
x10 <- 0x000CCCCCCCCCC800
mem[X,0x000000008004299C] -> 0x0513
mem[X,0x000000008004299E] -> 0x4CC5
[9199] [M]: 0x000000008004299C (0x4CC50513) addi a0, a0, 1228
x10 <- 0x000CCCCCCCCCCCCC
clint::tick mtime <- 0x000000000000005C
 clint timer pending at mtime 0x000000000000005C
htif::tick 0x0000000000000000
mem[X,0x00000000800429A0] -> 0x1513
mem[X,0x00000000800429A2] -> 0x00A5
[9200] [M]: 0x00000000800429A0 (0x00A51513) slli a0, a0, 10
x10 <- 0x3333333333333000
mem[X,0x00000000800429A4] -> 0x0513
mem[X,0x00000000800429A6] -> 0x3345
[9201] [M]: 0x00000000800429A4 (0x33450513) addi a0, a0, 820
x10 <- 0x3333333333333334
mem[X,0x00000000800429A8] -> 0x0593
mem[X,0x00000000800429AA] -> 0x0030
[9202] [M]: 0x00000000800429A8 (0x00300593) addi a1, zero, 3
x11 <- 0x0000000000000003
mem[X,0x00000000800429AC] -> 0x0113
mem[X,0x00000000800429AE] -> 0x0000
[9203] [M]: 0x00000000800429AC (0x00000113) addi sp, zero, 0
x2 <- 0x0000000000000000
mem[X,0x00000000800429B0] -> 0x006F
mem[X,0x00000000800429B2] -> 0x00C0
[9204] [M]: 0x00000000800429B0 (0x00C0006F) jal zero, 12
mem[X,0x00000000800429BC] -> 0x4063
mem[X,0x00000000800429BE] -> 0x10B5
[9205] [M]: 0x00000000800429BC (0x10B54063) blt a0, a1, 256
mem[X,0x00000000800429C0] -> 0x0113
mem[X,0x00000000800429C2] -> 0x0021
[9206] [M]: 0x00000000800429C0 (0x00210113) addi sp, sp, 2
x2 <- 0x0000000000000002
mem[X,0x00000000800429C4] -> 0x006F
mem[X,0x00000000800429C6] -> 0x1000
[9207] [M]: 0x00000000800429C4 (0x1000006F) jal zero, 256
mem[X,0x0000000080042AC4] -> 0xB823
mem[X,0x0000000080042AC6] -> 0x1020
[9208] [M]: 0x0000000080042AC4 (0x1020B823) sd sp, 272(ra)
mem[0x00000000800502E8] <- 0x0000000000000002
mem[X,0x0000000080042AC8] -> 0x3537
mem[X,0x0000000080042ACA] -> 0x3333
[9209] [M]: 0x0000000080042AC8 (0x33333537) lui a0, 209715
x10 <- 0x0000000033333000
mem[X,0x0000000080042ACC] -> 0x0513
mem[X,0x0000000080042ACE] -> 0x3335
[9210] [M]: 0x0000000080042ACC (0x33350513) addi a0, a0, 819
x10 <- 0x0000000033333333
mem[X,0x0000000080042AD0] -> 0x1513
mem[X,0x0000000080042AD2] -> 0x00B5
[9211] [M]: 0x0000000080042AD0 (0x00B51513) slli a0, a0, 11
x10 <- 0x0000019999999800
mem[X,0x0000000080042AD4] -> 0x0513
mem[X,0x0000000080042AD6] -> 0x1995
[9212] [M]: 0x0000000080042AD4 (0x19950513) addi a0, a0, 409
x10 <- 0x0000019999999999
mem[X,0x0000000080042AD8] -> 0x1513
mem[X,0x0000000080042ADA] -> 0x00B5
[9213] [M]: 0x0000000080042AD8 (0x00B51513) slli a0, a0, 11
x10 <- 0x000CCCCCCCCCC800
mem[X,0x0000000080042ADC] -> 0x0513
mem[X,0x0000000080042ADE] -> 0x4CC5
[9214] [M]: 0x0000000080042ADC (0x4CC50513) addi a0, a0, 1228
x10 <- 0x000CCCCCCCCCCCCC
mem[X,0x0000000080042AE0] -> 0x1513
mem[X,0x0000000080042AE2] -> 0x00A5
[9215] [M]: 0x0000000080042AE0 (0x00A51513) slli a0, a0, 10
x10 <- 0x3333333333333000
mem[X,0x0000000080042AE4] -> 0x0513
mem[X,0x0000000080042AE6] -> 0x3345
[9216] [M]: 0x0000000080042AE4 (0x33450513) addi a0, a0, 820
x10 <- 0x3333333333333334
mem[X,0x0000000080042AE8] -> 0x55B7
mem[X,0x0000000080042AEA] -> 0x5555
[9217] [M]: 0x0000000080042AE8 (0x555555B7) lui a1, 349525
x11 <- 0x0000000055555000
mem[X,0x0000000080042AEC] -> 0x8593
mem[X,0x0000000080042AEE] -> 0x5555
[9218] [M]: 0x0000000080042AEC (0x55558593) addi a1, a1, 1365
x11 <- 0x0000000055555555
mem[X,0x0000000080042AF0] -> 0x9593
mem[X,0x0000000080042AF2] -> 0x00B5
[9219] [M]: 0x0000000080042AF0 (0x00B59593) slli a1, a1, 11
x11 <- 0x000002AAAAAAA800
mem[X,0x0000000080042AF4] -> 0x8593
mem[X,0x0000000080042AF6] -> 0x2AA5
[9220] [M]: 0x0000000080042AF4 (0x2AA58593) addi a1, a1, 682
x11 <- 0x000002AAAAAAAAAA
mem[X,0x0000000080042AF8] -> 0x9593
mem[X,0x0000000080042AFA] -> 0x00B5
[9221] [M]: 0x0000000080042AF8 (0x00B59593) slli a1, a1, 11
x11 <- 0x0015555555555000
mem[X,0x0000000080042AFC] -> 0x8593
mem[X,0x0000000080042AFE] -> 0x5555
[9222] [M]: 0x0000000080042AFC (0x55558593) addi a1, a1, 1365
x11 <- 0x0015555555555555
mem[X,0x0000000080042B00] -> 0x9593
mem[X,0x0000000080042B02] -> 0x00A5
[9223] [M]: 0x0000000080042B00 (0x00A59593) slli a1, a1, 10
x11 <- 0x5555555555555400
mem[X,0x0000000080042B04] -> 0x8593
mem[X,0x0000000080042B06] -> 0x1555
[9224] [M]: 0x0000000080042B04 (0x15558593) addi a1, a1, 341
x11 <- 0x5555555555555555
mem[X,0x0000000080042B08] -> 0x0113
mem[X,0x0000000080042B0A] -> 0x0000
[9225] [M]: 0x0000000080042B08 (0x00000113) addi sp, zero, 0
x2 <- 0x0000000000000000
mem[X,0x0000000080042B0C] -> 0x006F
mem[X,0x0000000080042B0E] -> 0x00C0
[9226] [M]: 0x0000000080042B0C (0x00C0006F) jal zero, 12
mem[X,0x0000000080042B18] -> 0x4063
mem[X,0x0000000080042B1A] -> 0x08B5
[9227] [M]: 0x0000000080042B18 (0x08B54063) blt a0, a1, 128
mem[X,0x0000000080042B98] -> 0x0113
mem[X,0x0000000080042B9A] -> 0x0031
[9228] [M]: 0x0000000080042B98 (0x00310113) addi sp, sp, 3
x2 <- 0x0000000000000003
mem[X,0x0000000080042B9C] -> 0x006F
mem[X,0x0000000080042B9E] -> 0x0040
[9229] [M]: 0x0000000080042B9C (0x0040006F) jal zero, 4
mem[X,0x0000000080042BA0] -> 0xBC23
mem[X,0x0000000080042BA2] -> 0x1020
[9230] [M]: 0x0000000080042BA0 (0x1020BC23) sd sp, 280(ra)
mem[0x00000000800502F0] <- 0x0000000000000003
mem[X,0x0000000080042BA4] -> 0x3537
mem[X,0x0000000080042BA6] -> 0x3333
[9231] [M]: 0x0000000080042BA4 (0x33333537) lui a0, 209715
x10 <- 0x0000000033333000
mem[X,0x0000000080042BA8] -> 0x0513
mem[X,0x0000000080042BAA] -> 0x3335
[9232] [M]: 0x0000000080042BA8 (0x33350513) addi a0, a0, 819
x10 <- 0x0000000033333333
mem[X,0x0000000080042BAC] -> 0x1513
mem[X,0x0000000080042BAE] -> 0x00B5
[9233] [M]: 0x0000000080042BAC (0x00B51513) slli a0, a0, 11
x10 <- 0x0000019999999800
mem[X,0x0000000080042BB0] -> 0x0513
mem[X,0x0000000080042BB2] -> 0x1995
[9234] [M]: 0x0000000080042BB0 (0x19950513) addi a0, a0, 409
x10 <- 0x0000019999999999
mem[X,0x0000000080042BB4] -> 0x1513
mem[X,0x0000000080042BB6] -> 0x00B5
[9235] [M]: 0x0000000080042BB4 (0x00B51513) slli a0, a0, 11
x10 <- 0x000CCCCCCCCCC800
mem[X,0x0000000080042BB8] -> 0x0513
mem[X,0x0000000080042BBA] -> 0x4CC5
[9236] [M]: 0x0000000080042BB8 (0x4CC50513) addi a0, a0, 1228
x10 <- 0x000CCCCCCCCCCCCC
mem[X,0x0000000080042BBC] -> 0x1513
mem[X,0x0000000080042BBE] -> 0x00A5
[9237] [M]: 0x0000000080042BBC (0x00A51513) slli a0, a0, 10
x10 <- 0x3333333333333000
mem[X,0x0000000080042BC0] -> 0x0513
mem[X,0x0000000080042BC2] -> 0x3345
[9238] [M]: 0x0000000080042BC0 (0x33450513) addi a0, a0, 820
x10 <- 0x3333333333333334
mem[X,0x0000000080042BC4] -> 0xB5B7
mem[X,0x0000000080042BC6] -> 0xAAAA
[9239] [M]: 0x0000000080042BC4 (0xAAAAB5B7) lui a1, 699051
x11 <- 0xFFFFFFFFAAAAB000
mem[X,0x0000000080042BC8] -> 0x8593
mem[X,0x0000000080042BCA] -> 0xAAA5
[9240] [M]: 0x0000000080042BC8 (0xAAA58593) addi a1, a1, 2730
x11 <- 0xFFFFFFFFAAAAAAAA
mem[X,0x0000000080042BCC] -> 0x9593
mem[X,0x0000000080042BCE] -> 0x00B5
[9241] [M]: 0x0000000080042BCC (0x00B59593) slli a1, a1, 11
x11 <- 0xFFFFFD5555555000
mem[X,0x0000000080042BD0] -> 0x8593
mem[X,0x0000000080042BD2] -> 0x5555
[9242] [M]: 0x0000000080042BD0 (0x55558593) addi a1, a1, 1365
x11 <- 0xFFFFFD5555555555
mem[X,0x0000000080042BD4] -> 0x9593
mem[X,0x0000000080042BD6] -> 0x00B5
[9243] [M]: 0x0000000080042BD4 (0x00B59593) slli a1, a1, 11
x11 <- 0xFFEAAAAAAAAAA800
mem[X,0x0000000080042BD8] -> 0x8593
mem[X,0x0000000080042BDA] -> 0x2AA5
[9244] [M]: 0x0000000080042BD8 (0x2AA58593) addi a1, a1, 682
x11 <- 0xFFEAAAAAAAAAAAAA
mem[X,0x0000000080042BDC] -> 0x9593
mem[X,0x0000000080042BDE] -> 0x00A5
[9245] [M]: 0x0000000080042BDC (0x00A59593) slli a1, a1, 10
x11 <- 0xAAAAAAAAAAAAA800
mem[X,0x0000000080042BE0] -> 0x8593
mem[X,0x0000000080042BE2] -> 0x2AA5
[9246] [M]: 0x0000000080042BE0 (0x2AA58593) addi a1, a1, 682
x11 <- 0xAAAAAAAAAAAAAAAA
mem[X,0x0000000080042BE4] -> 0x0113
mem[X,0x0000000080042BE6] -> 0x0000
[9247] [M]: 0x0000000080042BE4 (0x00000113) addi sp, zero, 0
x2 <- 0x0000000000000000
mem[X,0x0000000080042BE8] -> 0x006F
mem[X,0x0000000080042BEA] -> 0x00C0
[9248] [M]: 0x0000000080042BE8 (0x00C0006F) jal zero, 12
mem[X,0x0000000080042BF4] -> 0x4663
mem[X,0x0000000080042BF6] -> 0x00B5
[9249] [M]: 0x0000000080042BF4 (0x00B54663) blt a0, a1, 12
mem[X,0x0000000080042BF8] -> 0x0113
mem[X,0x0000000080042BFA] -> 0x0021
[9250] [M]: 0x0000000080042BF8 (0x00210113) addi sp, sp, 2
x2 <- 0x0000000000000002
mem[X,0x0000000080042BFC] -> 0x006F
mem[X,0x0000000080042BFE] -> 0x00C0
[9251] [M]: 0x0000000080042BFC (0x00C0006F) jal zero, 12
mem[X,0x0000000080042C08] -> 0xB023
mem[X,0x0000000080042C0A] -> 0x1220
[9252] [M]: 0x0000000080042C08 (0x1220B023) sd sp, 288(ra)
mem[0x00000000800502F8] <- 0x0000000000000002
mem[X,0x0000000080042C0C] -> 0x3537
mem[X,0x0000000080042C0E] -> 0x3333
[9253] [M]: 0x0000000080042C0C (0x33333537) lui a0, 209715
x10 <- 0x0000000033333000
mem[X,0x0000000080042C10] -> 0x0513
mem[X,0x0000000080042C12] -> 0x3335
[9254] [M]: 0x0000000080042C10 (0x33350513) addi a0, a0, 819
x10 <- 0x0000000033333333
mem[X,0x0000000080042C14] -> 0x1513
mem[X,0x0000000080042C16] -> 0x00B5
[9255] [M]: 0x0000000080042C14 (0x00B51513) slli a0, a0, 11
x10 <- 0x0000019999999800
mem[X,0x0000000080042C18] -> 0x0513
mem[X,0x0000000080042C1A] -> 0x1995
[9256] [M]: 0x0000000080042C18 (0x19950513) addi a0, a0, 409
x10 <- 0x0000019999999999
mem[X,0x0000000080042C1C] -> 0x1513
mem[X,0x0000000080042C1E] -> 0x00B5
[9257] [M]: 0x0000000080042C1C (0x00B51513) slli a0, a0, 11
x10 <- 0x000CCCCCCCCCC800
mem[X,0x0000000080042C20] -> 0x0513
mem[X,0x0000000080042C22] -> 0x4CC5
[9258] [M]: 0x0000000080042C20 (0x4CC50513) addi a0, a0, 1228
x10 <- 0x000CCCCCCCCCCCCC
mem[X,0x0000000080042C24] -> 0x1513
mem[X,0x0000000080042C26] -> 0x00A5
[9259] [M]: 0x0000000080042C24 (0x00A51513) slli a0, a0, 10
x10 <- 0x3333333333333000
mem[X,0x0000000080042C28] -> 0x0513
mem[X,0x0000000080042C2A] -> 0x3345
[9260] [M]: 0x0000000080042C28 (0x33450513) addi a0, a0, 820
x10 <- 0x3333333333333334
mem[X,0x0000000080042C2C] -> 0x0593
mem[X,0x0000000080042C2E] -> 0x0050
[9261] [M]: 0x0000000080042C2C (0x00500593) addi a1, zero, 5
x11 <- 0x0000000000000005
mem[X,0x0000000080042C30] -> 0x0113
mem[X,0x0000000080042C32] -> 0x0000
[9262] [M]: 0x0000000080042C30 (0x00000113) addi sp, zero, 0
x2 <- 0x0000000000000000
mem[X,0x0000000080042C34] -> 0x006F
mem[X,0x0000000080042C36] -> 0x00C0
[9263] [M]: 0x0000000080042C34 (0x00C0006F) jal zero, 12
mem[X,0x0000000080042C40] -> 0x4663
mem[X,0x0000000080042C42] -> 0x00B5
[9264] [M]: 0x0000000080042C40 (0x00B54663) blt a0, a1, 12
mem[X,0x0000000080042C44] -> 0x0113
mem[X,0x0000000080042C46] -> 0x0021
[9265] [M]: 0x0000000080042C44 (0x00210113) addi sp, sp, 2
x2 <- 0x0000000000000002
mem[X,0x0000000080042C48] -> 0x006F
mem[X,0x0000000080042C4A] -> 0x00C0
[9266] [M]: 0x0000000080042C48 (0x00C0006F) jal zero, 12
mem[X,0x0000000080042C54] -> 0xB423
mem[X,0x0000000080042C56] -> 0x1220
[9267] [M]: 0x0000000080042C54 (0x1220B423) sd sp, 296(ra)
mem[0x0000000080050300] <- 0x0000000000000002
mem[X,0x0000000080042C58] -> 0x3537
mem[X,0x0000000080042C5A] -> 0x3333
[9268] [M]: 0x0000000080042C58 (0x33333537) lui a0, 209715
x10 <- 0x0000000033333000
mem[X,0x0000000080042C5C] -> 0x0513
mem[X,0x0000000080042C5E] -> 0x3335
[9269] [M]: 0x0000000080042C5C (0x33350513) addi a0, a0, 819
x10 <- 0x0000000033333333
mem[X,0x0000000080042C60] -> 0x1513
mem[X,0x0000000080042C62] -> 0x00B5
[9270] [M]: 0x0000000080042C60 (0x00B51513) slli a0, a0, 11
x10 <- 0x0000019999999800
mem[X,0x0000000080042C64] -> 0x0513
mem[X,0x0000000080042C66] -> 0x1995
[9271] [M]: 0x0000000080042C64 (0x19950513) addi a0, a0, 409
x10 <- 0x0000019999999999
mem[X,0x0000000080042C68] -> 0x1513
mem[X,0x0000000080042C6A] -> 0x00B5
[9272] [M]: 0x0000000080042C68 (0x00B51513) slli a0, a0, 11
x10 <- 0x000CCCCCCCCCC800
mem[X,0x0000000080042C6C] -> 0x0513
mem[X,0x0000000080042C6E] -> 0x4CC5
[9273] [M]: 0x0000000080042C6C (0x4CC50513) addi a0, a0, 1228
x10 <- 0x000CCCCCCCCCCCCC
mem[X,0x0000000080042C70] -> 0x1513
mem[X,0x0000000080042C72] -> 0x00A5
[9274] [M]: 0x0000000080042C70 (0x00A51513) slli a0, a0, 10
x10 <- 0x3333333333333000
mem[X,0x0000000080042C74] -> 0x0513
mem[X,0x0000000080042C76] -> 0x3345
[9275] [M]: 0x0000000080042C74 (0x33450513) addi a0, a0, 820
x10 <- 0x3333333333333334
mem[X,0x0000000080042C78] -> 0x35B7
mem[X,0x0000000080042C7A] -> 0x3333
[9276] [M]: 0x0000000080042C78 (0x333335B7) lui a1, 209715
x11 <- 0x0000000033333000
mem[X,0x0000000080042C7C] -> 0x8593
mem[X,0x0000000080042C7E] -> 0x3335
[9277] [M]: 0x0000000080042C7C (0x33358593) addi a1, a1, 819
x11 <- 0x0000000033333333
mem[X,0x0000000080042C80] -> 0x9593
mem[X,0x0000000080042C82] -> 0x00B5
[9278] [M]: 0x0000000080042C80 (0x00B59593) slli a1, a1, 11
x11 <- 0x0000019999999800
mem[X,0x0000000080042C84] -> 0x8593
mem[X,0x0000000080042C86] -> 0x1995
[9279] [M]: 0x0000000080042C84 (0x19958593) addi a1, a1, 409
x11 <- 0x0000019999999999
mem[X,0x0000000080042C88] -> 0x9593
mem[X,0x0000000080042C8A] -> 0x00B5
[9280] [M]: 0x0000000080042C88 (0x00B59593) slli a1, a1, 11
x11 <- 0x000CCCCCCCCCC800
mem[X,0x0000000080042C8C] -> 0x8593
mem[X,0x0000000080042C8E] -> 0x4CC5
[9281] [M]: 0x0000000080042C8C (0x4CC58593) addi a1, a1, 1228
x11 <- 0x000CCCCCCCCCCCCC
mem[X,0x0000000080042C90] -> 0x9593
mem[X,0x0000000080042C92] -> 0x00A5
[9282] [M]: 0x0000000080042C90 (0x00A59593) slli a1, a1, 10
x11 <- 0x3333333333333000
mem[X,0x0000000080042C94] -> 0x8593
mem[X,0x0000000080042C96] -> 0x3335
[9283] [M]: 0x0000000080042C94 (0x33358593) addi a1, a1, 819
x11 <- 0x3333333333333333
mem[X,0x0000000080042C98] -> 0x0113
mem[X,0x0000000080042C9A] -> 0x0000
[9284] [M]: 0x0000000080042C98 (0x00000113) addi sp, zero, 0
x2 <- 0x0000000000000000
mem[X,0x0000000080042C9C] -> 0x006F
mem[X,0x0000000080042C9E] -> 0x00C0
[9285] [M]: 0x0000000080042C9C (0x00C0006F) jal zero, 12
mem[X,0x0000000080042CA8] -> 0x4CE3
mem[X,0x0000000080042CAA] -> 0xFEB5
[9286] [M]: 0x0000000080042CA8 (0xFEB54CE3) blt a0, a1, 8184
mem[X,0x0000000080042CAC] -> 0x0113
mem[X,0x0000000080042CAE] -> 0x0021
[9287] [M]: 0x0000000080042CAC (0x00210113) addi sp, sp, 2
x2 <- 0x0000000000000002
mem[X,0x0000000080042CB0] -> 0x006F
mem[X,0x0000000080042CB2] -> 0x00C0
[9288] [M]: 0x0000000080042CB0 (0x00C0006F) jal zero, 12
mem[X,0x0000000080042CBC] -> 0xB823
mem[X,0x0000000080042CBE] -> 0x1220
[9289] [M]: 0x0000000080042CBC (0x1220B823) sd sp, 304(ra)
mem[0x0000000080050308] <- 0x0000000000000002
mem[X,0x0000000080042CC0] -> 0x3537
mem[X,0x0000000080042CC2] -> 0x3333
[9290] [M]: 0x0000000080042CC0 (0x33333537) lui a0, 209715
x10 <- 0x0000000033333000
mem[X,0x0000000080042CC4] -> 0x0513
mem[X,0x0000000080042CC6] -> 0x3335
[9291] [M]: 0x0000000080042CC4 (0x33350513) addi a0, a0, 819
x10 <- 0x0000000033333333
mem[X,0x0000000080042CC8] -> 0x1513
mem[X,0x0000000080042CCA] -> 0x00B5
[9292] [M]: 0x0000000080042CC8 (0x00B51513) slli a0, a0, 11
x10 <- 0x0000019999999800
mem[X,0x0000000080042CCC] -> 0x0513
mem[X,0x0000000080042CCE] -> 0x1995
[9293] [M]: 0x0000000080042CCC (0x19950513) addi a0, a0, 409
x10 <- 0x0000019999999999
mem[X,0x0000000080042CD0] -> 0x1513
mem[X,0x0000000080042CD2] -> 0x00B5
[9294] [M]: 0x0000000080042CD0 (0x00B51513) slli a0, a0, 11
x10 <- 0x000CCCCCCCCCC800
mem[X,0x0000000080042CD4] -> 0x0513
mem[X,0x0000000080042CD6] -> 0x4CC5
[9295] [M]: 0x0000000080042CD4 (0x4CC50513) addi a0, a0, 1228
x10 <- 0x000CCCCCCCCCCCCC
mem[X,0x0000000080042CD8] -> 0x1513
mem[X,0x0000000080042CDA] -> 0x00A5
[9296] [M]: 0x0000000080042CD8 (0x00A51513) slli a0, a0, 10
x10 <- 0x3333333333333000
mem[X,0x0000000080042CDC] -> 0x0513
mem[X,0x0000000080042CDE] -> 0x3345
[9297] [M]: 0x0000000080042CDC (0x33450513) addi a0, a0, 820
x10 <- 0x3333333333333334
mem[X,0x0000000080042CE0] -> 0x65B7
mem[X,0x0000000080042CE2] -> 0x6666
[9298] [M]: 0x0000000080042CE0 (0x666665B7) lui a1, 419430
x11 <- 0x0000000066666000
mem[X,0x0000000080042CE4] -> 0x8593
mem[X,0x0000000080042CE6] -> 0x6665
[9299] [M]: 0x0000000080042CE4 (0x66658593) addi a1, a1, 1638
x11 <- 0x0000000066666666
clint::tick mtime <- 0x000000000000005D
 clint timer pending at mtime 0x000000000000005D
htif::tick 0x0000000000000000
mem[X,0x0000000080042CE8] -> 0x9593
mem[X,0x0000000080042CEA] -> 0x00B5
[9300] [M]: 0x0000000080042CE8 (0x00B59593) slli a1, a1, 11
x11 <- 0x0000033333333000
mem[X,0x0000000080042CEC] -> 0x8593
mem[X,0x0000000080042CEE] -> 0x3335
[9301] [M]: 0x0000000080042CEC (0x33358593) addi a1, a1, 819
x11 <- 0x0000033333333333
mem[X,0x0000000080042CF0] -> 0x9593
mem[X,0x0000000080042CF2] -> 0x00B5
[9302] [M]: 0x0000000080042CF0 (0x00B59593) slli a1, a1, 11
x11 <- 0x0019999999999800
mem[X,0x0000000080042CF4] -> 0x8593
mem[X,0x0000000080042CF6] -> 0x1995
[9303] [M]: 0x0000000080042CF4 (0x19958593) addi a1, a1, 409
x11 <- 0x0019999999999999
mem[X,0x0000000080042CF8] -> 0x9593
mem[X,0x0000000080042CFA] -> 0x00A5
[9304] [M]: 0x0000000080042CF8 (0x00A59593) slli a1, a1, 10
x11 <- 0x6666666666666400
mem[X,0x0000000080042CFC] -> 0x8593
mem[X,0x0000000080042CFE] -> 0x2665
[9305] [M]: 0x0000000080042CFC (0x26658593) addi a1, a1, 614
x11 <- 0x6666666666666666
mem[X,0x0000000080042D00] -> 0x0113
mem[X,0x0000000080042D02] -> 0x0000
[9306] [M]: 0x0000000080042D00 (0x00000113) addi sp, zero, 0
x2 <- 0x0000000000000000
mem[X,0x0000000080042D04] -> 0x006F
mem[X,0x0000000080042D06] -> 0x00C0
[9307] [M]: 0x0000000080042D04 (0x00C0006F) jal zero, 12
mem[X,0x0000000080042D10] -> 0x4CE3
mem[X,0x0000000080042D12] -> 0xFEB5
[9308] [M]: 0x0000000080042D10 (0xFEB54CE3) blt a0, a1, 8184
mem[X,0x0000000080042D08] -> 0x0113
mem[X,0x0000000080042D0A] -> 0x0011
[9309] [M]: 0x0000000080042D08 (0x00110113) addi sp, sp, 1
x2 <- 0x0000000000000001
mem[X,0x0000000080042D0C] -> 0x006F
mem[X,0x0000000080042D0E] -> 0x0180
[9310] [M]: 0x0000000080042D0C (0x0180006F) jal zero, 24
mem[X,0x0000000080042D24] -> 0xBC23
mem[X,0x0000000080042D26] -> 0x1220
[9311] [M]: 0x0000000080042D24 (0x1220BC23) sd sp, 312(ra)
mem[0x0000000080050310] <- 0x0000000000000001
mem[X,0x0000000080042D28] -> 0x3537
mem[X,0x0000000080042D2A] -> 0x3333
[9312] [M]: 0x0000000080042D28 (0x33333537) lui a0, 209715
x10 <- 0x0000000033333000
mem[X,0x0000000080042D2C] -> 0x0513
mem[X,0x0000000080042D2E] -> 0x3335
[9313] [M]: 0x0000000080042D2C (0x33350513) addi a0, a0, 819
x10 <- 0x0000000033333333
mem[X,0x0000000080042D30] -> 0x1513
mem[X,0x0000000080042D32] -> 0x00B5
[9314] [M]: 0x0000000080042D30 (0x00B51513) slli a0, a0, 11
x10 <- 0x0000019999999800
mem[X,0x0000000080042D34] -> 0x0513
mem[X,0x0000000080042D36] -> 0x1995
[9315] [M]: 0x0000000080042D34 (0x19950513) addi a0, a0, 409
x10 <- 0x0000019999999999
mem[X,0x0000000080042D38] -> 0x1513
mem[X,0x0000000080042D3A] -> 0x00B5
[9316] [M]: 0x0000000080042D38 (0x00B51513) slli a0, a0, 11
x10 <- 0x000CCCCCCCCCC800
mem[X,0x0000000080042D3C] -> 0x0513
mem[X,0x0000000080042D3E] -> 0x4CC5
[9317] [M]: 0x0000000080042D3C (0x4CC50513) addi a0, a0, 1228
x10 <- 0x000CCCCCCCCCCCCC
mem[X,0x0000000080042D40] -> 0x1513
mem[X,0x0000000080042D42] -> 0x00A5
[9318] [M]: 0x0000000080042D40 (0x00A51513) slli a0, a0, 10
x10 <- 0x3333333333333000
mem[X,0x0000000080042D44] -> 0x0513
mem[X,0x0000000080042D46] -> 0x3345
[9319] [M]: 0x0000000080042D44 (0x33450513) addi a0, a0, 820
x10 <- 0x3333333333333334
mem[X,0x0000000080042D48] -> 0x05B7
mem[X,0x0000000080042D4A] -> 0x0000
[9320] [M]: 0x0000000080042D48 (0x000005B7) lui a1, 0
x11 <- 0x0000000000000000
mem[X,0x0000000080042D4C] -> 0x8593
mem[X,0x0000000080042D4E] -> 0xFFF5
[9321] [M]: 0x0000000080042D4C (0xFFF58593) addi a1, a1, 4095
x11 <- 0xFFFFFFFFFFFFFFFF
mem[X,0x0000000080042D50] -> 0x9593
mem[X,0x0000000080042D52] -> 0x00B5
[9322] [M]: 0x0000000080042D50 (0x00B59593) slli a1, a1, 11
x11 <- 0xFFFFFFFFFFFFF800
mem[X,0x0000000080042D54] -> 0x8593
mem[X,0x0000000080042D56] -> 0x2575
[9323] [M]: 0x0000000080042D54 (0x25758593) addi a1, a1, 599
x11 <- 0xFFFFFFFFFFFFFA57
mem[X,0x0000000080042D58] -> 0x9593
mem[X,0x0000000080042D5A] -> 0x00B5
[9324] [M]: 0x0000000080042D58 (0x00B59593) slli a1, a1, 11
x11 <- 0xFFFFFFFFFFD2B800
mem[X,0x0000000080042D5C] -> 0x8593
mem[X,0x0000000080042D5E] -> 0x6C35
[9325] [M]: 0x0000000080042D5C (0x6C358593) addi a1, a1, 1731
x11 <- 0xFFFFFFFFFFD2BEC3
mem[X,0x0000000080042D60] -> 0x9593
mem[X,0x0000000080042D62] -> 0x00A5
[9326] [M]: 0x0000000080042D60 (0x00A59593) slli a1, a1, 10
x11 <- 0xFFFFFFFF4AFB0C00
mem[X,0x0000000080042D64] -> 0x8593
mem[X,0x0000000080042D66] -> 0x0CD5
[9327] [M]: 0x0000000080042D64 (0x0CD58593) addi a1, a1, 205
x11 <- 0xFFFFFFFF4AFB0CCD
mem[X,0x0000000080042D68] -> 0x0113
mem[X,0x0000000080042D6A] -> 0x0000
[9328] [M]: 0x0000000080042D68 (0x00000113) addi sp, zero, 0
x2 <- 0x0000000000000000
mem[X,0x0000000080042D6C] -> 0x006F
mem[X,0x0000000080042D6E] -> 0x00C0
[9329] [M]: 0x0000000080042D6C (0x00C0006F) jal zero, 12
mem[X,0x0000000080042D78] -> 0x4663
mem[X,0x0000000080042D7A] -> 0x00B5
[9330] [M]: 0x0000000080042D78 (0x00B54663) blt a0, a1, 12
mem[X,0x0000000080042D7C] -> 0x0113
mem[X,0x0000000080042D7E] -> 0x0021
[9331] [M]: 0x0000000080042D7C (0x00210113) addi sp, sp, 2
x2 <- 0x0000000000000002
mem[X,0x0000000080042D80] -> 0x006F
mem[X,0x0000000080042D82] -> 0x00C0
[9332] [M]: 0x0000000080042D80 (0x00C0006F) jal zero, 12
mem[X,0x0000000080042D8C] -> 0xB023
mem[X,0x0000000080042D8E] -> 0x1420
[9333] [M]: 0x0000000080042D8C (0x1420B023) sd sp, 320(ra)
mem[0x0000000080050318] <- 0x0000000000000002
mem[X,0x0000000080042D90] -> 0x3537
mem[X,0x0000000080042D92] -> 0x3333
[9334] [M]: 0x0000000080042D90 (0x33333537) lui a0, 209715
x10 <- 0x0000000033333000
mem[X,0x0000000080042D94] -> 0x0513
mem[X,0x0000000080042D96] -> 0x3335
[9335] [M]: 0x0000000080042D94 (0x33350513) addi a0, a0, 819
x10 <- 0x0000000033333333
mem[X,0x0000000080042D98] -> 0x1513
mem[X,0x0000000080042D9A] -> 0x00B5
[9336] [M]: 0x0000000080042D98 (0x00B51513) slli a0, a0, 11
x10 <- 0x0000019999999800
mem[X,0x0000000080042D9C] -> 0x0513
mem[X,0x0000000080042D9E] -> 0x1995
[9337] [M]: 0x0000000080042D9C (0x19950513) addi a0, a0, 409
x10 <- 0x0000019999999999
mem[X,0x0000000080042DA0] -> 0x1513
mem[X,0x0000000080042DA2] -> 0x00B5
[9338] [M]: 0x0000000080042DA0 (0x00B51513) slli a0, a0, 11
x10 <- 0x000CCCCCCCCCC800
mem[X,0x0000000080042DA4] -> 0x0513
mem[X,0x0000000080042DA6] -> 0x4CC5
[9339] [M]: 0x0000000080042DA4 (0x4CC50513) addi a0, a0, 1228
x10 <- 0x000CCCCCCCCCCCCC
mem[X,0x0000000080042DA8] -> 0x1513
mem[X,0x0000000080042DAA] -> 0x00A5
[9340] [M]: 0x0000000080042DA8 (0x00A51513) slli a0, a0, 10
x10 <- 0x3333333333333000
mem[X,0x0000000080042DAC] -> 0x0513
mem[X,0x0000000080042DAE] -> 0x3345
[9341] [M]: 0x0000000080042DAC (0x33450513) addi a0, a0, 820
x10 <- 0x3333333333333334
mem[X,0x0000000080042DB0] -> 0x05B7
mem[X,0x0000000080042DB2] -> 0x0000
[9342] [M]: 0x0000000080042DB0 (0x000005B7) lui a1, 0
x11 <- 0x0000000000000000
mem[X,0x0000000080042DB4] -> 0x8593
mem[X,0x0000000080042DB6] -> 0x0005
[9343] [M]: 0x0000000080042DB4 (0x00058593) addi a1, a1, 0
x11 <- 0x0000000000000000
mem[X,0x0000000080042DB8] -> 0x9593
mem[X,0x0000000080042DBA] -> 0x00B5
[9344] [M]: 0x0000000080042DB8 (0x00B59593) slli a1, a1, 11
x11 <- 0x0000000000000000
mem[X,0x0000000080042DBC] -> 0x8593
mem[X,0x0000000080042DBE] -> 0x5A85
[9345] [M]: 0x0000000080042DBC (0x5A858593) addi a1, a1, 1448
x11 <- 0x00000000000005A8
mem[X,0x0000000080042DC0] -> 0x9593
mem[X,0x0000000080042DC2] -> 0x00B5
[9346] [M]: 0x0000000080042DC0 (0x00B59593) slli a1, a1, 11
x11 <- 0x00000000002D4000
mem[X,0x0000000080042DC4] -> 0x8593
mem[X,0x0000000080042DC6] -> 0x13C5
[9347] [M]: 0x0000000080042DC4 (0x13C58593) addi a1, a1, 316
x11 <- 0x00000000002D413C
mem[X,0x0000000080042DC8] -> 0x9593
mem[X,0x0000000080042DCA] -> 0x00A5
[9348] [M]: 0x0000000080042DC8 (0x00A59593) slli a1, a1, 10
x11 <- 0x00000000B504F000
mem[X,0x0000000080042DCC] -> 0x8593
mem[X,0x0000000080042DCE] -> 0x3335
[9349] [M]: 0x0000000080042DCC (0x33358593) addi a1, a1, 819
x11 <- 0x00000000B504F333
mem[X,0x0000000080042DD0] -> 0x0113
mem[X,0x0000000080042DD2] -> 0x0000
[9350] [M]: 0x0000000080042DD0 (0x00000113) addi sp, zero, 0
x2 <- 0x0000000000000000
mem[X,0x0000000080042DD4] -> 0x006F
mem[X,0x0000000080042DD6] -> 0x00C0
[9351] [M]: 0x0000000080042DD4 (0x00C0006F) jal zero, 12
mem[X,0x0000000080042DE0] -> 0x4663
mem[X,0x0000000080042DE2] -> 0x00B5
[9352] [M]: 0x0000000080042DE0 (0x00B54663) blt a0, a1, 12
mem[X,0x0000000080042DE4] -> 0x0113
mem[X,0x0000000080042DE6] -> 0x0021
[9353] [M]: 0x0000000080042DE4 (0x00210113) addi sp, sp, 2
x2 <- 0x0000000000000002
mem[X,0x0000000080042DE8] -> 0x006F
mem[X,0x0000000080042DEA] -> 0x00C0
[9354] [M]: 0x0000000080042DE8 (0x00C0006F) jal zero, 12
mem[X,0x0000000080042DF4] -> 0xB423
mem[X,0x0000000080042DF6] -> 0x1420
[9355] [M]: 0x0000000080042DF4 (0x1420B423) sd sp, 328(ra)
mem[0x0000000080050320] <- 0x0000000000000002
mem[X,0x0000000080042DF8] -> 0x3537
mem[X,0x0000000080042DFA] -> 0x3333
[9356] [M]: 0x0000000080042DF8 (0x33333537) lui a0, 209715
x10 <- 0x0000000033333000
mem[X,0x0000000080042DFC] -> 0x0513
mem[X,0x0000000080042DFE] -> 0x3335
[9357] [M]: 0x0000000080042DFC (0x33350513) addi a0, a0, 819
x10 <- 0x0000000033333333
mem[X,0x0000000080042E00] -> 0x1513
mem[X,0x0000000080042E02] -> 0x00B5
[9358] [M]: 0x0000000080042E00 (0x00B51513) slli a0, a0, 11
x10 <- 0x0000019999999800
mem[X,0x0000000080042E04] -> 0x0513
mem[X,0x0000000080042E06] -> 0x1995
[9359] [M]: 0x0000000080042E04 (0x19950513) addi a0, a0, 409
x10 <- 0x0000019999999999
mem[X,0x0000000080042E08] -> 0x1513
mem[X,0x0000000080042E0A] -> 0x00B5
[9360] [M]: 0x0000000080042E08 (0x00B51513) slli a0, a0, 11
x10 <- 0x000CCCCCCCCCC800
mem[X,0x0000000080042E0C] -> 0x0513
mem[X,0x0000000080042E0E] -> 0x4CC5
[9361] [M]: 0x0000000080042E0C (0x4CC50513) addi a0, a0, 1228
x10 <- 0x000CCCCCCCCCCCCC
mem[X,0x0000000080042E10] -> 0x1513
mem[X,0x0000000080042E12] -> 0x00A5
[9362] [M]: 0x0000000080042E10 (0x00A51513) slli a0, a0, 10
x10 <- 0x3333333333333000
mem[X,0x0000000080042E14] -> 0x0513
mem[X,0x0000000080042E16] -> 0x3345
[9363] [M]: 0x0000000080042E14 (0x33450513) addi a0, a0, 820
x10 <- 0x3333333333333334
mem[X,0x0000000080042E18] -> 0x0593
mem[X,0x0000000080042E1A] -> 0x0020
[9364] [M]: 0x0000000080042E18 (0x00200593) addi a1, zero, 2
x11 <- 0x0000000000000002
mem[X,0x0000000080042E1C] -> 0x0113
mem[X,0x0000000080042E1E] -> 0x0000
[9365] [M]: 0x0000000080042E1C (0x00000113) addi sp, zero, 0
x2 <- 0x0000000000000000
mem[X,0x0000000080042E20] -> 0x006F
mem[X,0x0000000080042E22] -> 0x00C0
[9366] [M]: 0x0000000080042E20 (0x00C0006F) jal zero, 12
mem[X,0x0000000080042E2C] -> 0x4063
mem[X,0x0000000080042E2E] -> 0x10B5
[9367] [M]: 0x0000000080042E2C (0x10B54063) blt a0, a1, 256
mem[X,0x0000000080042E30] -> 0x0113
mem[X,0x0000000080042E32] -> 0x0021
[9368] [M]: 0x0000000080042E30 (0x00210113) addi sp, sp, 2
x2 <- 0x0000000000000002
mem[X,0x0000000080042E34] -> 0x006F
mem[X,0x0000000080042E36] -> 0x1000
[9369] [M]: 0x0000000080042E34 (0x1000006F) jal zero, 256
mem[X,0x0000000080042F34] -> 0xB823
mem[X,0x0000000080042F36] -> 0x1420
[9370] [M]: 0x0000000080042F34 (0x1420B823) sd sp, 336(ra)
mem[0x0000000080050328] <- 0x0000000000000002
mem[X,0x0000000080042F38] -> 0x3537
mem[X,0x0000000080042F3A] -> 0x3333
[9371] [M]: 0x0000000080042F38 (0x33333537) lui a0, 209715
x10 <- 0x0000000033333000
mem[X,0x0000000080042F3C] -> 0x0513
mem[X,0x0000000080042F3E] -> 0x3335
[9372] [M]: 0x0000000080042F3C (0x33350513) addi a0, a0, 819
x10 <- 0x0000000033333333
mem[X,0x0000000080042F40] -> 0x1513
mem[X,0x0000000080042F42] -> 0x00B5
[9373] [M]: 0x0000000080042F40 (0x00B51513) slli a0, a0, 11
x10 <- 0x0000019999999800
mem[X,0x0000000080042F44] -> 0x0513
mem[X,0x0000000080042F46] -> 0x1995
[9374] [M]: 0x0000000080042F44 (0x19950513) addi a0, a0, 409
x10 <- 0x0000019999999999
mem[X,0x0000000080042F48] -> 0x1513
mem[X,0x0000000080042F4A] -> 0x00B5
[9375] [M]: 0x0000000080042F48 (0x00B51513) slli a0, a0, 11
x10 <- 0x000CCCCCCCCCC800
mem[X,0x0000000080042F4C] -> 0x0513
mem[X,0x0000000080042F4E] -> 0x4CC5
[9376] [M]: 0x0000000080042F4C (0x4CC50513) addi a0, a0, 1228
x10 <- 0x000CCCCCCCCCCCCC
mem[X,0x0000000080042F50] -> 0x1513
mem[X,0x0000000080042F52] -> 0x00A5
[9377] [M]: 0x0000000080042F50 (0x00A51513) slli a0, a0, 10
x10 <- 0x3333333333333000
mem[X,0x0000000080042F54] -> 0x0513
mem[X,0x0000000080042F56] -> 0x3345
[9378] [M]: 0x0000000080042F54 (0x33450513) addi a0, a0, 820
x10 <- 0x3333333333333334
mem[X,0x0000000080042F58] -> 0x55B7
mem[X,0x0000000080042F5A] -> 0x5555
[9379] [M]: 0x0000000080042F58 (0x555555B7) lui a1, 349525
x11 <- 0x0000000055555000
mem[X,0x0000000080042F5C] -> 0x8593
mem[X,0x0000000080042F5E] -> 0x5555
[9380] [M]: 0x0000000080042F5C (0x55558593) addi a1, a1, 1365
x11 <- 0x0000000055555555
mem[X,0x0000000080042F60] -> 0x9593
mem[X,0x0000000080042F62] -> 0x00B5
[9381] [M]: 0x0000000080042F60 (0x00B59593) slli a1, a1, 11
x11 <- 0x000002AAAAAAA800
mem[X,0x0000000080042F64] -> 0x8593
mem[X,0x0000000080042F66] -> 0x2AA5
[9382] [M]: 0x0000000080042F64 (0x2AA58593) addi a1, a1, 682
x11 <- 0x000002AAAAAAAAAA
mem[X,0x0000000080042F68] -> 0x9593
mem[X,0x0000000080042F6A] -> 0x00B5
[9383] [M]: 0x0000000080042F68 (0x00B59593) slli a1, a1, 11
x11 <- 0x0015555555555000
mem[X,0x0000000080042F6C] -> 0x8593
mem[X,0x0000000080042F6E] -> 0x5555
[9384] [M]: 0x0000000080042F6C (0x55558593) addi a1, a1, 1365
x11 <- 0x0015555555555555
mem[X,0x0000000080042F70] -> 0x9593
mem[X,0x0000000080042F72] -> 0x00A5
[9385] [M]: 0x0000000080042F70 (0x00A59593) slli a1, a1, 10
x11 <- 0x5555555555555400
mem[X,0x0000000080042F74] -> 0x8593
mem[X,0x0000000080042F76] -> 0x1545
[9386] [M]: 0x0000000080042F74 (0x15458593) addi a1, a1, 340
x11 <- 0x5555555555555554
mem[X,0x0000000080042F78] -> 0x0113
mem[X,0x0000000080042F7A] -> 0x0000
[9387] [M]: 0x0000000080042F78 (0x00000113) addi sp, zero, 0
x2 <- 0x0000000000000000
mem[X,0x0000000080042F7C] -> 0x006F
mem[X,0x0000000080042F7E] -> 0x2B10
[9388] [M]: 0x0000000080042F7C (0x2B10006F) jal zero, 2736
mem[X,0x0000000080043A2C] -> 0x4A63
mem[X,0x0000000080043A2E] -> 0xD4B5
[9389] [M]: 0x0000000080043A2C (0xD4B54A63) blt a0, a1, 5460
mem[X,0x0000000080042F80] -> 0x0113
mem[X,0x0000000080042F82] -> 0x0011
[9390] [M]: 0x0000000080042F80 (0x00110113) addi sp, sp, 1
x2 <- 0x0000000000000001
mem[X,0x0000000080042F84] -> 0x006F
mem[X,0x0000000080042F86] -> 0x2BD0
[9391] [M]: 0x0000000080042F84 (0x2BD0006F) jal zero, 2748
mem[X,0x0000000080043A40] -> 0xBC23
mem[X,0x0000000080043A42] -> 0x1420
[9392] [M]: 0x0000000080043A40 (0x1420BC23) sd sp, 344(ra)
mem[0x0000000080050330] <- 0x0000000000000001
mem[X,0x0000000080043A44] -> 0x3537
mem[X,0x0000000080043A46] -> 0x3333
[9393] [M]: 0x0000000080043A44 (0x33333537) lui a0, 209715
x10 <- 0x0000000033333000
mem[X,0x0000000080043A48] -> 0x0513
mem[X,0x0000000080043A4A] -> 0x3335
[9394] [M]: 0x0000000080043A48 (0x33350513) addi a0, a0, 819
x10 <- 0x0000000033333333
mem[X,0x0000000080043A4C] -> 0x1513
mem[X,0x0000000080043A4E] -> 0x00B5
[9395] [M]: 0x0000000080043A4C (0x00B51513) slli a0, a0, 11
x10 <- 0x0000019999999800
mem[X,0x0000000080043A50] -> 0x0513
mem[X,0x0000000080043A52] -> 0x1995
[9396] [M]: 0x0000000080043A50 (0x19950513) addi a0, a0, 409
x10 <- 0x0000019999999999
mem[X,0x0000000080043A54] -> 0x1513
mem[X,0x0000000080043A56] -> 0x00B5
[9397] [M]: 0x0000000080043A54 (0x00B51513) slli a0, a0, 11
x10 <- 0x000CCCCCCCCCC800
mem[X,0x0000000080043A58] -> 0x0513
mem[X,0x0000000080043A5A] -> 0x4CC5
[9398] [M]: 0x0000000080043A58 (0x4CC50513) addi a0, a0, 1228
x10 <- 0x000CCCCCCCCCCCCC
mem[X,0x0000000080043A5C] -> 0x1513
mem[X,0x0000000080043A5E] -> 0x00A5
[9399] [M]: 0x0000000080043A5C (0x00A51513) slli a0, a0, 10
x10 <- 0x3333333333333000
clint::tick mtime <- 0x000000000000005E
 clint timer pending at mtime 0x000000000000005E
htif::tick 0x0000000000000000
mem[X,0x0000000080043A60] -> 0x0513
mem[X,0x0000000080043A62] -> 0x3345
[9400] [M]: 0x0000000080043A60 (0x33450513) addi a0, a0, 820
x10 <- 0x3333333333333334
mem[X,0x0000000080043A64] -> 0x0593
mem[X,0x0000000080043A66] -> 0x0000
[9401] [M]: 0x0000000080043A64 (0x00000593) addi a1, zero, 0
x11 <- 0x0000000000000000
mem[X,0x0000000080043A68] -> 0x0113
mem[X,0x0000000080043A6A] -> 0x0000
[9402] [M]: 0x0000000080043A68 (0x00000113) addi sp, zero, 0
x2 <- 0x0000000000000000
mem[X,0x0000000080043A6C] -> 0x006F
mem[X,0x0000000080043A6E] -> 0x00C0
[9403] [M]: 0x0000000080043A6C (0x00C0006F) jal zero, 12
mem[X,0x0000000080043A78] -> 0x4063
mem[X,0x0000000080043A7A] -> 0x04B5
[9404] [M]: 0x0000000080043A78 (0x04B54063) blt a0, a1, 64
mem[X,0x0000000080043A7C] -> 0x0113
mem[X,0x0000000080043A7E] -> 0x0021
[9405] [M]: 0x0000000080043A7C (0x00210113) addi sp, sp, 2
x2 <- 0x0000000000000002
mem[X,0x0000000080043A80] -> 0x006F
mem[X,0x0000000080043A82] -> 0x0400
[9406] [M]: 0x0000000080043A80 (0x0400006F) jal zero, 64
mem[X,0x0000000080043AC0] -> 0xB023
mem[X,0x0000000080043AC2] -> 0x1620
[9407] [M]: 0x0000000080043AC0 (0x1620B023) sd sp, 352(ra)
mem[0x0000000080050338] <- 0x0000000000000002
mem[X,0x0000000080043AC4] -> 0x3537
mem[X,0x0000000080043AC6] -> 0x3333
[9408] [M]: 0x0000000080043AC4 (0x33333537) lui a0, 209715
x10 <- 0x0000000033333000
mem[X,0x0000000080043AC8] -> 0x0513
mem[X,0x0000000080043ACA] -> 0x3335
[9409] [M]: 0x0000000080043AC8 (0x33350513) addi a0, a0, 819
x10 <- 0x0000000033333333
mem[X,0x0000000080043ACC] -> 0x1513
mem[X,0x0000000080043ACE] -> 0x00B5
[9410] [M]: 0x0000000080043ACC (0x00B51513) slli a0, a0, 11
x10 <- 0x0000019999999800
mem[X,0x0000000080043AD0] -> 0x0513
mem[X,0x0000000080043AD2] -> 0x1995
[9411] [M]: 0x0000000080043AD0 (0x19950513) addi a0, a0, 409
x10 <- 0x0000019999999999
mem[X,0x0000000080043AD4] -> 0x1513
mem[X,0x0000000080043AD6] -> 0x00B5
[9412] [M]: 0x0000000080043AD4 (0x00B51513) slli a0, a0, 11
x10 <- 0x000CCCCCCCCCC800
mem[X,0x0000000080043AD8] -> 0x0513
mem[X,0x0000000080043ADA] -> 0x4CC5
[9413] [M]: 0x0000000080043AD8 (0x4CC50513) addi a0, a0, 1228
x10 <- 0x000CCCCCCCCCCCCC
mem[X,0x0000000080043ADC] -> 0x1513
mem[X,0x0000000080043ADE] -> 0x00A5
[9414] [M]: 0x0000000080043ADC (0x00A51513) slli a0, a0, 10
x10 <- 0x3333333333333000
mem[X,0x0000000080043AE0] -> 0x0513
mem[X,0x0000000080043AE2] -> 0x3345
[9415] [M]: 0x0000000080043AE0 (0x33450513) addi a0, a0, 820
x10 <- 0x3333333333333334
mem[X,0x0000000080043AE4] -> 0x0593
mem[X,0x0000000080043AE6] -> 0x0040
[9416] [M]: 0x0000000080043AE4 (0x00400593) addi a1, zero, 4
x11 <- 0x0000000000000004
mem[X,0x0000000080043AE8] -> 0x0113
mem[X,0x0000000080043AEA] -> 0x0000
[9417] [M]: 0x0000000080043AE8 (0x00000113) addi sp, zero, 0
x2 <- 0x0000000000000000
mem[X,0x0000000080043AEC] -> 0x006F
mem[X,0x0000000080043AEE] -> 0x00C0
[9418] [M]: 0x0000000080043AEC (0x00C0006F) jal zero, 12
mem[X,0x0000000080043AF8] -> 0x4663
mem[X,0x0000000080043AFA] -> 0x00B5
[9419] [M]: 0x0000000080043AF8 (0x00B54663) blt a0, a1, 12
mem[X,0x0000000080043AFC] -> 0x0113
mem[X,0x0000000080043AFE] -> 0x0021
[9420] [M]: 0x0000000080043AFC (0x00210113) addi sp, sp, 2
x2 <- 0x0000000000000002
mem[X,0x0000000080043B00] -> 0x006F
mem[X,0x0000000080043B02] -> 0x00C0
[9421] [M]: 0x0000000080043B00 (0x00C0006F) jal zero, 12
mem[X,0x0000000080043B0C] -> 0xB423
mem[X,0x0000000080043B0E] -> 0x1620
[9422] [M]: 0x0000000080043B0C (0x1620B423) sd sp, 360(ra)
mem[0x0000000080050340] <- 0x0000000000000002
mem[X,0x0000000080043B10] -> 0x3537
mem[X,0x0000000080043B12] -> 0x3333
[9423] [M]: 0x0000000080043B10 (0x33333537) lui a0, 209715
x10 <- 0x0000000033333000
mem[X,0x0000000080043B14] -> 0x0513
mem[X,0x0000000080043B16] -> 0x3335
[9424] [M]: 0x0000000080043B14 (0x33350513) addi a0, a0, 819
x10 <- 0x0000000033333333
mem[X,0x0000000080043B18] -> 0x1513
mem[X,0x0000000080043B1A] -> 0x00B5
[9425] [M]: 0x0000000080043B18 (0x00B51513) slli a0, a0, 11
x10 <- 0x0000019999999800
mem[X,0x0000000080043B1C] -> 0x0513
mem[X,0x0000000080043B1E] -> 0x1995
[9426] [M]: 0x0000000080043B1C (0x19950513) addi a0, a0, 409
x10 <- 0x0000019999999999
mem[X,0x0000000080043B20] -> 0x1513
mem[X,0x0000000080043B22] -> 0x00B5
[9427] [M]: 0x0000000080043B20 (0x00B51513) slli a0, a0, 11
x10 <- 0x000CCCCCCCCCC800
mem[X,0x0000000080043B24] -> 0x0513
mem[X,0x0000000080043B26] -> 0x4CC5
[9428] [M]: 0x0000000080043B24 (0x4CC50513) addi a0, a0, 1228
x10 <- 0x000CCCCCCCCCCCCC
mem[X,0x0000000080043B28] -> 0x1513
mem[X,0x0000000080043B2A] -> 0x00A5
[9429] [M]: 0x0000000080043B28 (0x00A51513) slli a0, a0, 10
x10 <- 0x3333333333333000
mem[X,0x0000000080043B2C] -> 0x0513
mem[X,0x0000000080043B2E] -> 0x3345
[9430] [M]: 0x0000000080043B2C (0x33450513) addi a0, a0, 820
x10 <- 0x3333333333333334
mem[X,0x0000000080043B30] -> 0x35B7
mem[X,0x0000000080043B32] -> 0x3333
[9431] [M]: 0x0000000080043B30 (0x333335B7) lui a1, 209715
x11 <- 0x0000000033333000
mem[X,0x0000000080043B34] -> 0x8593
mem[X,0x0000000080043B36] -> 0x3335
[9432] [M]: 0x0000000080043B34 (0x33358593) addi a1, a1, 819
x11 <- 0x0000000033333333
mem[X,0x0000000080043B38] -> 0x9593
mem[X,0x0000000080043B3A] -> 0x00B5
[9433] [M]: 0x0000000080043B38 (0x00B59593) slli a1, a1, 11
x11 <- 0x0000019999999800
mem[X,0x0000000080043B3C] -> 0x8593
mem[X,0x0000000080043B3E] -> 0x1995
[9434] [M]: 0x0000000080043B3C (0x19958593) addi a1, a1, 409
x11 <- 0x0000019999999999
mem[X,0x0000000080043B40] -> 0x9593
mem[X,0x0000000080043B42] -> 0x00B5
[9435] [M]: 0x0000000080043B40 (0x00B59593) slli a1, a1, 11
x11 <- 0x000CCCCCCCCCC800
mem[X,0x0000000080043B44] -> 0x8593
mem[X,0x0000000080043B46] -> 0x4CC5
[9436] [M]: 0x0000000080043B44 (0x4CC58593) addi a1, a1, 1228
x11 <- 0x000CCCCCCCCCCCCC
mem[X,0x0000000080043B48] -> 0x9593
mem[X,0x0000000080043B4A] -> 0x00A5
[9437] [M]: 0x0000000080043B48 (0x00A59593) slli a1, a1, 10
x11 <- 0x3333333333333000
mem[X,0x0000000080043B4C] -> 0x8593
mem[X,0x0000000080043B4E] -> 0x3325
[9438] [M]: 0x0000000080043B4C (0x33258593) addi a1, a1, 818
x11 <- 0x3333333333333332
mem[X,0x0000000080043B50] -> 0x0113
mem[X,0x0000000080043B52] -> 0x0000
[9439] [M]: 0x0000000080043B50 (0x00000113) addi sp, zero, 0
x2 <- 0x0000000000000000
mem[X,0x0000000080043B54] -> 0x006F
mem[X,0x0000000080043B56] -> 0x00C0
[9440] [M]: 0x0000000080043B54 (0x00C0006F) jal zero, 12
mem[X,0x0000000080043B60] -> 0x4663
mem[X,0x0000000080043B62] -> 0x00B5
[9441] [M]: 0x0000000080043B60 (0x00B54663) blt a0, a1, 12
mem[X,0x0000000080043B64] -> 0x0113
mem[X,0x0000000080043B66] -> 0x0021
[9442] [M]: 0x0000000080043B64 (0x00210113) addi sp, sp, 2
x2 <- 0x0000000000000002
mem[X,0x0000000080043B68] -> 0x006F
mem[X,0x0000000080043B6A] -> 0x00C0
[9443] [M]: 0x0000000080043B68 (0x00C0006F) jal zero, 12
mem[X,0x0000000080043B74] -> 0xB823
mem[X,0x0000000080043B76] -> 0x1620
[9444] [M]: 0x0000000080043B74 (0x1620B823) sd sp, 368(ra)
mem[0x0000000080050348] <- 0x0000000000000002
mem[X,0x0000000080043B78] -> 0x3537
mem[X,0x0000000080043B7A] -> 0x3333
[9445] [M]: 0x0000000080043B78 (0x33333537) lui a0, 209715
x10 <- 0x0000000033333000
mem[X,0x0000000080043B7C] -> 0x0513
mem[X,0x0000000080043B7E] -> 0x3335
[9446] [M]: 0x0000000080043B7C (0x33350513) addi a0, a0, 819
x10 <- 0x0000000033333333
mem[X,0x0000000080043B80] -> 0x1513
mem[X,0x0000000080043B82] -> 0x00B5
[9447] [M]: 0x0000000080043B80 (0x00B51513) slli a0, a0, 11
x10 <- 0x0000019999999800
mem[X,0x0000000080043B84] -> 0x0513
mem[X,0x0000000080043B86] -> 0x1995
[9448] [M]: 0x0000000080043B84 (0x19950513) addi a0, a0, 409
x10 <- 0x0000019999999999
mem[X,0x0000000080043B88] -> 0x1513
mem[X,0x0000000080043B8A] -> 0x00B5
[9449] [M]: 0x0000000080043B88 (0x00B51513) slli a0, a0, 11
x10 <- 0x000CCCCCCCCCC800
mem[X,0x0000000080043B8C] -> 0x0513
mem[X,0x0000000080043B8E] -> 0x4CC5
[9450] [M]: 0x0000000080043B8C (0x4CC50513) addi a0, a0, 1228
x10 <- 0x000CCCCCCCCCCCCC
mem[X,0x0000000080043B90] -> 0x1513
mem[X,0x0000000080043B92] -> 0x00A5
[9451] [M]: 0x0000000080043B90 (0x00A51513) slli a0, a0, 10
x10 <- 0x3333333333333000
mem[X,0x0000000080043B94] -> 0x0513
mem[X,0x0000000080043B96] -> 0x3345
[9452] [M]: 0x0000000080043B94 (0x33450513) addi a0, a0, 820
x10 <- 0x3333333333333334
mem[X,0x0000000080043B98] -> 0x65B7
mem[X,0x0000000080043B9A] -> 0x6666
[9453] [M]: 0x0000000080043B98 (0x666665B7) lui a1, 419430
x11 <- 0x0000000066666000
mem[X,0x0000000080043B9C] -> 0x8593
mem[X,0x0000000080043B9E] -> 0x6665
[9454] [M]: 0x0000000080043B9C (0x66658593) addi a1, a1, 1638
x11 <- 0x0000000066666666
mem[X,0x0000000080043BA0] -> 0x9593
mem[X,0x0000000080043BA2] -> 0x00B5
[9455] [M]: 0x0000000080043BA0 (0x00B59593) slli a1, a1, 11
x11 <- 0x0000033333333000
mem[X,0x0000000080043BA4] -> 0x8593
mem[X,0x0000000080043BA6] -> 0x3335
[9456] [M]: 0x0000000080043BA4 (0x33358593) addi a1, a1, 819
x11 <- 0x0000033333333333
mem[X,0x0000000080043BA8] -> 0x9593
mem[X,0x0000000080043BAA] -> 0x00B5
[9457] [M]: 0x0000000080043BA8 (0x00B59593) slli a1, a1, 11
x11 <- 0x0019999999999800
mem[X,0x0000000080043BAC] -> 0x8593
mem[X,0x0000000080043BAE] -> 0x1995
[9458] [M]: 0x0000000080043BAC (0x19958593) addi a1, a1, 409
x11 <- 0x0019999999999999
mem[X,0x0000000080043BB0] -> 0x9593
mem[X,0x0000000080043BB2] -> 0x00A5
[9459] [M]: 0x0000000080043BB0 (0x00A59593) slli a1, a1, 10
x11 <- 0x6666666666666400
mem[X,0x0000000080043BB4] -> 0x8593
mem[X,0x0000000080043BB6] -> 0x2655
[9460] [M]: 0x0000000080043BB4 (0x26558593) addi a1, a1, 613
x11 <- 0x6666666666666665
mem[X,0x0000000080043BB8] -> 0x0113
mem[X,0x0000000080043BBA] -> 0x0000
[9461] [M]: 0x0000000080043BB8 (0x00000113) addi sp, zero, 0
x2 <- 0x0000000000000000
mem[X,0x0000000080043BBC] -> 0x006F
mem[X,0x0000000080043BBE] -> 0x00C0
[9462] [M]: 0x0000000080043BBC (0x00C0006F) jal zero, 12
mem[X,0x0000000080043BC8] -> 0x4063
mem[X,0x0000000080043BCA] -> 0x04B5
[9463] [M]: 0x0000000080043BC8 (0x04B54063) blt a0, a1, 64
mem[X,0x0000000080043C08] -> 0x0113
mem[X,0x0000000080043C0A] -> 0x0031
[9464] [M]: 0x0000000080043C08 (0x00310113) addi sp, sp, 3
x2 <- 0x0000000000000003
mem[X,0x0000000080043C0C] -> 0x006F
mem[X,0x0000000080043C0E] -> 0x0040
[9465] [M]: 0x0000000080043C0C (0x0040006F) jal zero, 4
mem[X,0x0000000080043C10] -> 0xBC23
mem[X,0x0000000080043C12] -> 0x1620
[9466] [M]: 0x0000000080043C10 (0x1620BC23) sd sp, 376(ra)
mem[0x0000000080050350] <- 0x0000000000000003
mem[X,0x0000000080043C14] -> 0x3537
mem[X,0x0000000080043C16] -> 0x3333
[9467] [M]: 0x0000000080043C14 (0x33333537) lui a0, 209715
x10 <- 0x0000000033333000
mem[X,0x0000000080043C18] -> 0x0513
mem[X,0x0000000080043C1A] -> 0x3335
[9468] [M]: 0x0000000080043C18 (0x33350513) addi a0, a0, 819
x10 <- 0x0000000033333333
mem[X,0x0000000080043C1C] -> 0x1513
mem[X,0x0000000080043C1E] -> 0x00B5
[9469] [M]: 0x0000000080043C1C (0x00B51513) slli a0, a0, 11
x10 <- 0x0000019999999800
mem[X,0x0000000080043C20] -> 0x0513
mem[X,0x0000000080043C22] -> 0x1995
[9470] [M]: 0x0000000080043C20 (0x19950513) addi a0, a0, 409
x10 <- 0x0000019999999999
mem[X,0x0000000080043C24] -> 0x1513
mem[X,0x0000000080043C26] -> 0x00B5
[9471] [M]: 0x0000000080043C24 (0x00B51513) slli a0, a0, 11
x10 <- 0x000CCCCCCCCCC800
mem[X,0x0000000080043C28] -> 0x0513
mem[X,0x0000000080043C2A] -> 0x4CC5
[9472] [M]: 0x0000000080043C28 (0x4CC50513) addi a0, a0, 1228
x10 <- 0x000CCCCCCCCCCCCC
mem[X,0x0000000080043C2C] -> 0x1513
mem[X,0x0000000080043C2E] -> 0x00A5
[9473] [M]: 0x0000000080043C2C (0x00A51513) slli a0, a0, 10
x10 <- 0x3333333333333000
mem[X,0x0000000080043C30] -> 0x0513
mem[X,0x0000000080043C32] -> 0x3345
[9474] [M]: 0x0000000080043C30 (0x33450513) addi a0, a0, 820
x10 <- 0x3333333333333334
mem[X,0x0000000080043C34] -> 0x05B7
mem[X,0x0000000080043C36] -> 0x0000
[9475] [M]: 0x0000000080043C34 (0x000005B7) lui a1, 0
x11 <- 0x0000000000000000
mem[X,0x0000000080043C38] -> 0x8593
mem[X,0x0000000080043C3A] -> 0x0005
[9476] [M]: 0x0000000080043C38 (0x00058593) addi a1, a1, 0
x11 <- 0x0000000000000000
mem[X,0x0000000080043C3C] -> 0x9593
mem[X,0x0000000080043C3E] -> 0x00B5
[9477] [M]: 0x0000000080043C3C (0x00B59593) slli a1, a1, 11
x11 <- 0x0000000000000000
mem[X,0x0000000080043C40] -> 0x8593
mem[X,0x0000000080043C42] -> 0x5A85
[9478] [M]: 0x0000000080043C40 (0x5A858593) addi a1, a1, 1448
x11 <- 0x00000000000005A8
mem[X,0x0000000080043C44] -> 0x9593
mem[X,0x0000000080043C46] -> 0x00B5
[9479] [M]: 0x0000000080043C44 (0x00B59593) slli a1, a1, 11
x11 <- 0x00000000002D4000
mem[X,0x0000000080043C48] -> 0x8593
mem[X,0x0000000080043C4A] -> 0x13C5
[9480] [M]: 0x0000000080043C48 (0x13C58593) addi a1, a1, 316
x11 <- 0x00000000002D413C
mem[X,0x0000000080043C4C] -> 0x9593
mem[X,0x0000000080043C4E] -> 0x00A5
[9481] [M]: 0x0000000080043C4C (0x00A59593) slli a1, a1, 10
x11 <- 0x00000000B504F000
mem[X,0x0000000080043C50] -> 0x8593
mem[X,0x0000000080043C52] -> 0x3325
[9482] [M]: 0x0000000080043C50 (0x33258593) addi a1, a1, 818
x11 <- 0x00000000B504F332
mem[X,0x0000000080043C54] -> 0x0113
mem[X,0x0000000080043C56] -> 0x0000
[9483] [M]: 0x0000000080043C54 (0x00000113) addi sp, zero, 0
x2 <- 0x0000000000000000
mem[X,0x0000000080043C58] -> 0x006F
mem[X,0x0000000080043C5A] -> 0x00C0
[9484] [M]: 0x0000000080043C58 (0x00C0006F) jal zero, 12
mem[X,0x0000000080043C64] -> 0x4063
mem[X,0x0000000080043C66] -> 0x40B5
[9485] [M]: 0x0000000080043C64 (0x40B54063) blt a0, a1, 1024
mem[X,0x0000000080043C68] -> 0x0113
mem[X,0x0000000080043C6A] -> 0x0021
[9486] [M]: 0x0000000080043C68 (0x00210113) addi sp, sp, 2
x2 <- 0x0000000000000002
mem[X,0x0000000080043C6C] -> 0x006F
mem[X,0x0000000080043C6E] -> 0x4000
[9487] [M]: 0x0000000080043C6C (0x4000006F) jal zero, 1024
mem[X,0x000000008004406C] -> 0xB023
mem[X,0x000000008004406E] -> 0x1820
[9488] [M]: 0x000000008004406C (0x1820B023) sd sp, 384(ra)
mem[0x0000000080050358] <- 0x0000000000000002
mem[X,0x0000000080044070] -> 0x3537
mem[X,0x0000000080044072] -> 0x3333
[9489] [M]: 0x0000000080044070 (0x33333537) lui a0, 209715
x10 <- 0x0000000033333000
mem[X,0x0000000080044074] -> 0x0513
mem[X,0x0000000080044076] -> 0x3335
[9490] [M]: 0x0000000080044074 (0x33350513) addi a0, a0, 819
x10 <- 0x0000000033333333
mem[X,0x0000000080044078] -> 0x1513
mem[X,0x000000008004407A] -> 0x00B5
[9491] [M]: 0x0000000080044078 (0x00B51513) slli a0, a0, 11
x10 <- 0x0000019999999800
mem[X,0x000000008004407C] -> 0x0513
mem[X,0x000000008004407E] -> 0x1995
[9492] [M]: 0x000000008004407C (0x19950513) addi a0, a0, 409
x10 <- 0x0000019999999999
mem[X,0x0000000080044080] -> 0x1513
mem[X,0x0000000080044082] -> 0x00B5
[9493] [M]: 0x0000000080044080 (0x00B51513) slli a0, a0, 11
x10 <- 0x000CCCCCCCCCC800
mem[X,0x0000000080044084] -> 0x0513
mem[X,0x0000000080044086] -> 0x4CC5
[9494] [M]: 0x0000000080044084 (0x4CC50513) addi a0, a0, 1228
x10 <- 0x000CCCCCCCCCCCCC
mem[X,0x0000000080044088] -> 0x1513
mem[X,0x000000008004408A] -> 0x00A5
[9495] [M]: 0x0000000080044088 (0x00A51513) slli a0, a0, 10
x10 <- 0x3333333333333000
mem[X,0x000000008004408C] -> 0x0513
mem[X,0x000000008004408E] -> 0x3345
[9496] [M]: 0x000000008004408C (0x33450513) addi a0, a0, 820
x10 <- 0x3333333333333334
mem[X,0x0000000080044090] -> 0x55B7
mem[X,0x0000000080044092] -> 0x5555
[9497] [M]: 0x0000000080044090 (0x555555B7) lui a1, 349525
x11 <- 0x0000000055555000
mem[X,0x0000000080044094] -> 0x8593
mem[X,0x0000000080044096] -> 0x5555
[9498] [M]: 0x0000000080044094 (0x55558593) addi a1, a1, 1365
x11 <- 0x0000000055555555
mem[X,0x0000000080044098] -> 0x9593
mem[X,0x000000008004409A] -> 0x00B5
[9499] [M]: 0x0000000080044098 (0x00B59593) slli a1, a1, 11
x11 <- 0x000002AAAAAAA800
clint::tick mtime <- 0x000000000000005F
 clint timer pending at mtime 0x000000000000005F
htif::tick 0x0000000000000000
mem[X,0x000000008004409C] -> 0x8593
mem[X,0x000000008004409E] -> 0x2AA5
[9500] [M]: 0x000000008004409C (0x2AA58593) addi a1, a1, 682
x11 <- 0x000002AAAAAAAAAA
mem[X,0x00000000800440A0] -> 0x9593
mem[X,0x00000000800440A2] -> 0x00B5
[9501] [M]: 0x00000000800440A0 (0x00B59593) slli a1, a1, 11
x11 <- 0x0015555555555000
mem[X,0x00000000800440A4] -> 0x8593
mem[X,0x00000000800440A6] -> 0x5555
[9502] [M]: 0x00000000800440A4 (0x55558593) addi a1, a1, 1365
x11 <- 0x0015555555555555
mem[X,0x00000000800440A8] -> 0x9593
mem[X,0x00000000800440AA] -> 0x00A5
[9503] [M]: 0x00000000800440A8 (0x00A59593) slli a1, a1, 10
x11 <- 0x5555555555555400
mem[X,0x00000000800440AC] -> 0x8593
mem[X,0x00000000800440AE] -> 0x1565
[9504] [M]: 0x00000000800440AC (0x15658593) addi a1, a1, 342
x11 <- 0x5555555555555556
mem[X,0x00000000800440B0] -> 0x0113
mem[X,0x00000000800440B2] -> 0x0000
[9505] [M]: 0x00000000800440B0 (0x00000113) addi sp, zero, 0
x2 <- 0x0000000000000000
mem[X,0x00000000800440B4] -> 0x006F
mem[X,0x00000000800440B6] -> 0x00C0
[9506] [M]: 0x00000000800440B4 (0x00C0006F) jal zero, 12
mem[X,0x00000000800440C0] -> 0x4063
mem[X,0x00000000800440C2] -> 0x20B5
[9507] [M]: 0x00000000800440C0 (0x20B54063) blt a0, a1, 512
mem[X,0x00000000800442C0] -> 0x0113
mem[X,0x00000000800442C2] -> 0x0031
[9508] [M]: 0x00000000800442C0 (0x00310113) addi sp, sp, 3
x2 <- 0x0000000000000003
mem[X,0x00000000800442C4] -> 0x006F
mem[X,0x00000000800442C6] -> 0x0040
[9509] [M]: 0x00000000800442C4 (0x0040006F) jal zero, 4
mem[X,0x00000000800442C8] -> 0xB423
mem[X,0x00000000800442CA] -> 0x1820
[9510] [M]: 0x00000000800442C8 (0x1820B423) sd sp, 392(ra)
mem[0x0000000080050360] <- 0x0000000000000003
mem[X,0x00000000800442CC] -> 0x3537
mem[X,0x00000000800442CE] -> 0x3333
[9511] [M]: 0x00000000800442CC (0x33333537) lui a0, 209715
x10 <- 0x0000000033333000
mem[X,0x00000000800442D0] -> 0x0513
mem[X,0x00000000800442D2] -> 0x3335
[9512] [M]: 0x00000000800442D0 (0x33350513) addi a0, a0, 819
x10 <- 0x0000000033333333
mem[X,0x00000000800442D4] -> 0x1513
mem[X,0x00000000800442D6] -> 0x00B5
[9513] [M]: 0x00000000800442D4 (0x00B51513) slli a0, a0, 11
x10 <- 0x0000019999999800
mem[X,0x00000000800442D8] -> 0x0513
mem[X,0x00000000800442DA] -> 0x1995
[9514] [M]: 0x00000000800442D8 (0x19950513) addi a0, a0, 409
x10 <- 0x0000019999999999
mem[X,0x00000000800442DC] -> 0x1513
mem[X,0x00000000800442DE] -> 0x00B5
[9515] [M]: 0x00000000800442DC (0x00B51513) slli a0, a0, 11
x10 <- 0x000CCCCCCCCCC800
mem[X,0x00000000800442E0] -> 0x0513
mem[X,0x00000000800442E2] -> 0x4CC5
[9516] [M]: 0x00000000800442E0 (0x4CC50513) addi a0, a0, 1228
x10 <- 0x000CCCCCCCCCCCCC
mem[X,0x00000000800442E4] -> 0x1513
mem[X,0x00000000800442E6] -> 0x00A5
[9517] [M]: 0x00000000800442E4 (0x00A51513) slli a0, a0, 10
x10 <- 0x3333333333333000
mem[X,0x00000000800442E8] -> 0x0513
mem[X,0x00000000800442EA] -> 0x3345
[9518] [M]: 0x00000000800442E8 (0x33450513) addi a0, a0, 820
x10 <- 0x3333333333333334
mem[X,0x00000000800442EC] -> 0xB5B7
mem[X,0x00000000800442EE] -> 0xAAAA
[9519] [M]: 0x00000000800442EC (0xAAAAB5B7) lui a1, 699051
x11 <- 0xFFFFFFFFAAAAB000
mem[X,0x00000000800442F0] -> 0x8593
mem[X,0x00000000800442F2] -> 0xAAA5
[9520] [M]: 0x00000000800442F0 (0xAAA58593) addi a1, a1, 2730
x11 <- 0xFFFFFFFFAAAAAAAA
mem[X,0x00000000800442F4] -> 0x9593
mem[X,0x00000000800442F6] -> 0x00B5
[9521] [M]: 0x00000000800442F4 (0x00B59593) slli a1, a1, 11
x11 <- 0xFFFFFD5555555000
mem[X,0x00000000800442F8] -> 0x8593
mem[X,0x00000000800442FA] -> 0x5555
[9522] [M]: 0x00000000800442F8 (0x55558593) addi a1, a1, 1365
x11 <- 0xFFFFFD5555555555
mem[X,0x00000000800442FC] -> 0x9593
mem[X,0x00000000800442FE] -> 0x00B5
[9523] [M]: 0x00000000800442FC (0x00B59593) slli a1, a1, 11
x11 <- 0xFFEAAAAAAAAAA800
mem[X,0x0000000080044300] -> 0x8593
mem[X,0x0000000080044302] -> 0x2AA5
[9524] [M]: 0x0000000080044300 (0x2AA58593) addi a1, a1, 682
x11 <- 0xFFEAAAAAAAAAAAAA
mem[X,0x0000000080044304] -> 0x9593
mem[X,0x0000000080044306] -> 0x00A5
[9525] [M]: 0x0000000080044304 (0x00A59593) slli a1, a1, 10
x11 <- 0xAAAAAAAAAAAAA800
mem[X,0x0000000080044308] -> 0x8593
mem[X,0x000000008004430A] -> 0x2AB5
[9526] [M]: 0x0000000080044308 (0x2AB58593) addi a1, a1, 683
x11 <- 0xAAAAAAAAAAAAAAAB
mem[X,0x000000008004430C] -> 0x0113
mem[X,0x000000008004430E] -> 0x0000
[9527] [M]: 0x000000008004430C (0x00000113) addi sp, zero, 0
x2 <- 0x0000000000000000
mem[X,0x0000000080044310] -> 0x006F
mem[X,0x0000000080044312] -> 0x00C0
[9528] [M]: 0x0000000080044310 (0x00C0006F) jal zero, 12
mem[X,0x000000008004431C] -> 0x4063
mem[X,0x000000008004431E] -> 0x10B5
[9529] [M]: 0x000000008004431C (0x10B54063) blt a0, a1, 256
mem[X,0x0000000080044320] -> 0x0113
mem[X,0x0000000080044322] -> 0x0021
[9530] [M]: 0x0000000080044320 (0x00210113) addi sp, sp, 2
x2 <- 0x0000000000000002
mem[X,0x0000000080044324] -> 0x006F
mem[X,0x0000000080044326] -> 0x1000
[9531] [M]: 0x0000000080044324 (0x1000006F) jal zero, 256
mem[X,0x0000000080044424] -> 0xB823
mem[X,0x0000000080044426] -> 0x1820
[9532] [M]: 0x0000000080044424 (0x1820B823) sd sp, 400(ra)
mem[0x0000000080050368] <- 0x0000000000000002
mem[X,0x0000000080044428] -> 0x3537
mem[X,0x000000008004442A] -> 0x3333
[9533] [M]: 0x0000000080044428 (0x33333537) lui a0, 209715
x10 <- 0x0000000033333000
mem[X,0x000000008004442C] -> 0x0513
mem[X,0x000000008004442E] -> 0x3335
[9534] [M]: 0x000000008004442C (0x33350513) addi a0, a0, 819
x10 <- 0x0000000033333333
mem[X,0x0000000080044430] -> 0x1513
mem[X,0x0000000080044432] -> 0x00B5
[9535] [M]: 0x0000000080044430 (0x00B51513) slli a0, a0, 11
x10 <- 0x0000019999999800
mem[X,0x0000000080044434] -> 0x0513
mem[X,0x0000000080044436] -> 0x1995
[9536] [M]: 0x0000000080044434 (0x19950513) addi a0, a0, 409
x10 <- 0x0000019999999999
mem[X,0x0000000080044438] -> 0x1513
mem[X,0x000000008004443A] -> 0x00B5
[9537] [M]: 0x0000000080044438 (0x00B51513) slli a0, a0, 11
x10 <- 0x000CCCCCCCCCC800
mem[X,0x000000008004443C] -> 0x0513
mem[X,0x000000008004443E] -> 0x4CC5
[9538] [M]: 0x000000008004443C (0x4CC50513) addi a0, a0, 1228
x10 <- 0x000CCCCCCCCCCCCC
mem[X,0x0000000080044440] -> 0x1513
mem[X,0x0000000080044442] -> 0x00A5
[9539] [M]: 0x0000000080044440 (0x00A51513) slli a0, a0, 10
x10 <- 0x3333333333333000
mem[X,0x0000000080044444] -> 0x0513
mem[X,0x0000000080044446] -> 0x3345
[9540] [M]: 0x0000000080044444 (0x33450513) addi a0, a0, 820
x10 <- 0x3333333333333334
mem[X,0x0000000080044448] -> 0x0593
mem[X,0x000000008004444A] -> 0x0060
[9541] [M]: 0x0000000080044448 (0x00600593) addi a1, zero, 6
x11 <- 0x0000000000000006
mem[X,0x000000008004444C] -> 0x0113
mem[X,0x000000008004444E] -> 0x0000
[9542] [M]: 0x000000008004444C (0x00000113) addi sp, zero, 0
x2 <- 0x0000000000000000
mem[X,0x0000000080044450] -> 0x006F
mem[X,0x0000000080044452] -> 0x2B10
[9543] [M]: 0x0000000080044450 (0x2B10006F) jal zero, 2736
mem[X,0x0000000080044F00] -> 0x4A63
mem[X,0x0000000080044F02] -> 0xD4B5
[9544] [M]: 0x0000000080044F00 (0xD4B54A63) blt a0, a1, 5460
mem[X,0x0000000080044F04] -> 0x0113
mem[X,0x0000000080044F06] -> 0x0021
[9545] [M]: 0x0000000080044F04 (0x00210113) addi sp, sp, 2
x2 <- 0x0000000000000002
mem[X,0x0000000080044F08] -> 0x006F
mem[X,0x0000000080044F0A] -> 0x00C0
[9546] [M]: 0x0000000080044F08 (0x00C0006F) jal zero, 12
mem[X,0x0000000080044F14] -> 0xBC23
mem[X,0x0000000080044F16] -> 0x1820
[9547] [M]: 0x0000000080044F14 (0x1820BC23) sd sp, 408(ra)
mem[0x0000000080050370] <- 0x0000000000000002
mem[X,0x0000000080044F18] -> 0x3537
mem[X,0x0000000080044F1A] -> 0x3333
[9548] [M]: 0x0000000080044F18 (0x33333537) lui a0, 209715
x10 <- 0x0000000033333000
mem[X,0x0000000080044F1C] -> 0x0513
mem[X,0x0000000080044F1E] -> 0x3335
[9549] [M]: 0x0000000080044F1C (0x33350513) addi a0, a0, 819
x10 <- 0x0000000033333333
mem[X,0x0000000080044F20] -> 0x1513
mem[X,0x0000000080044F22] -> 0x00B5
[9550] [M]: 0x0000000080044F20 (0x00B51513) slli a0, a0, 11
x10 <- 0x0000019999999800
mem[X,0x0000000080044F24] -> 0x0513
mem[X,0x0000000080044F26] -> 0x1995
[9551] [M]: 0x0000000080044F24 (0x19950513) addi a0, a0, 409
x10 <- 0x0000019999999999
mem[X,0x0000000080044F28] -> 0x1513
mem[X,0x0000000080044F2A] -> 0x00B5
[9552] [M]: 0x0000000080044F28 (0x00B51513) slli a0, a0, 11
x10 <- 0x000CCCCCCCCCC800
mem[X,0x0000000080044F2C] -> 0x0513
mem[X,0x0000000080044F2E] -> 0x4CC5
[9553] [M]: 0x0000000080044F2C (0x4CC50513) addi a0, a0, 1228
x10 <- 0x000CCCCCCCCCCCCC
mem[X,0x0000000080044F30] -> 0x1513
mem[X,0x0000000080044F32] -> 0x00A5
[9554] [M]: 0x0000000080044F30 (0x00A51513) slli a0, a0, 10
x10 <- 0x3333333333333000
mem[X,0x0000000080044F34] -> 0x0513
mem[X,0x0000000080044F36] -> 0x3345
[9555] [M]: 0x0000000080044F34 (0x33450513) addi a0, a0, 820
x10 <- 0x3333333333333334
mem[X,0x0000000080044F38] -> 0x35B7
mem[X,0x0000000080044F3A] -> 0x3333
[9556] [M]: 0x0000000080044F38 (0x333335B7) lui a1, 209715
x11 <- 0x0000000033333000
mem[X,0x0000000080044F3C] -> 0x8593
mem[X,0x0000000080044F3E] -> 0x3335
[9557] [M]: 0x0000000080044F3C (0x33358593) addi a1, a1, 819
x11 <- 0x0000000033333333
mem[X,0x0000000080044F40] -> 0x9593
mem[X,0x0000000080044F42] -> 0x00B5
[9558] [M]: 0x0000000080044F40 (0x00B59593) slli a1, a1, 11
x11 <- 0x0000019999999800
mem[X,0x0000000080044F44] -> 0x8593
mem[X,0x0000000080044F46] -> 0x1995
[9559] [M]: 0x0000000080044F44 (0x19958593) addi a1, a1, 409
x11 <- 0x0000019999999999
mem[X,0x0000000080044F48] -> 0x9593
mem[X,0x0000000080044F4A] -> 0x00B5
[9560] [M]: 0x0000000080044F48 (0x00B59593) slli a1, a1, 11
x11 <- 0x000CCCCCCCCCC800
mem[X,0x0000000080044F4C] -> 0x8593
mem[X,0x0000000080044F4E] -> 0x4CC5
[9561] [M]: 0x0000000080044F4C (0x4CC58593) addi a1, a1, 1228
x11 <- 0x000CCCCCCCCCCCCC
mem[X,0x0000000080044F50] -> 0x9593
mem[X,0x0000000080044F52] -> 0x00A5
[9562] [M]: 0x0000000080044F50 (0x00A59593) slli a1, a1, 10
x11 <- 0x3333333333333000
mem[X,0x0000000080044F54] -> 0x8593
mem[X,0x0000000080044F56] -> 0x3345
[9563] [M]: 0x0000000080044F54 (0x33458593) addi a1, a1, 820
x11 <- 0x3333333333333334
mem[X,0x0000000080044F58] -> 0x0113
mem[X,0x0000000080044F5A] -> 0x0000
[9564] [M]: 0x0000000080044F58 (0x00000113) addi sp, zero, 0
x2 <- 0x0000000000000000
mem[X,0x0000000080044F5C] -> 0x006F
mem[X,0x0000000080044F5E] -> 0x00C0
[9565] [M]: 0x0000000080044F5C (0x00C0006F) jal zero, 12
mem[X,0x0000000080044F68] -> 0x4663
mem[X,0x0000000080044F6A] -> 0x00B5
[9566] [M]: 0x0000000080044F68 (0x00B54663) blt a0, a1, 12
mem[X,0x0000000080044F6C] -> 0x0113
mem[X,0x0000000080044F6E] -> 0x0021
[9567] [M]: 0x0000000080044F6C (0x00210113) addi sp, sp, 2
x2 <- 0x0000000000000002
mem[X,0x0000000080044F70] -> 0x006F
mem[X,0x0000000080044F72] -> 0x00C0
[9568] [M]: 0x0000000080044F70 (0x00C0006F) jal zero, 12
mem[X,0x0000000080044F7C] -> 0xB023
mem[X,0x0000000080044F7E] -> 0x1A20
[9569] [M]: 0x0000000080044F7C (0x1A20B023) sd sp, 416(ra)
mem[0x0000000080050378] <- 0x0000000000000002
mem[X,0x0000000080044F80] -> 0x3537
mem[X,0x0000000080044F82] -> 0x3333
[9570] [M]: 0x0000000080044F80 (0x33333537) lui a0, 209715
x10 <- 0x0000000033333000
mem[X,0x0000000080044F84] -> 0x0513
mem[X,0x0000000080044F86] -> 0x3335
[9571] [M]: 0x0000000080044F84 (0x33350513) addi a0, a0, 819
x10 <- 0x0000000033333333
mem[X,0x0000000080044F88] -> 0x1513
mem[X,0x0000000080044F8A] -> 0x00B5
[9572] [M]: 0x0000000080044F88 (0x00B51513) slli a0, a0, 11
x10 <- 0x0000019999999800
mem[X,0x0000000080044F8C] -> 0x0513
mem[X,0x0000000080044F8E] -> 0x1995
[9573] [M]: 0x0000000080044F8C (0x19950513) addi a0, a0, 409
x10 <- 0x0000019999999999
mem[X,0x0000000080044F90] -> 0x1513
mem[X,0x0000000080044F92] -> 0x00B5
[9574] [M]: 0x0000000080044F90 (0x00B51513) slli a0, a0, 11
x10 <- 0x000CCCCCCCCCC800
mem[X,0x0000000080044F94] -> 0x0513
mem[X,0x0000000080044F96] -> 0x4CC5
[9575] [M]: 0x0000000080044F94 (0x4CC50513) addi a0, a0, 1228
x10 <- 0x000CCCCCCCCCCCCC
mem[X,0x0000000080044F98] -> 0x1513
mem[X,0x0000000080044F9A] -> 0x00A5
[9576] [M]: 0x0000000080044F98 (0x00A51513) slli a0, a0, 10
x10 <- 0x3333333333333000
mem[X,0x0000000080044F9C] -> 0x0513
mem[X,0x0000000080044F9E] -> 0x3345
[9577] [M]: 0x0000000080044F9C (0x33450513) addi a0, a0, 820
x10 <- 0x3333333333333334
mem[X,0x0000000080044FA0] -> 0x65B7
mem[X,0x0000000080044FA2] -> 0x6666
[9578] [M]: 0x0000000080044FA0 (0x666665B7) lui a1, 419430
x11 <- 0x0000000066666000
mem[X,0x0000000080044FA4] -> 0x8593
mem[X,0x0000000080044FA6] -> 0x6665
[9579] [M]: 0x0000000080044FA4 (0x66658593) addi a1, a1, 1638
x11 <- 0x0000000066666666
mem[X,0x0000000080044FA8] -> 0x9593
mem[X,0x0000000080044FAA] -> 0x00B5
[9580] [M]: 0x0000000080044FA8 (0x00B59593) slli a1, a1, 11
x11 <- 0x0000033333333000
mem[X,0x0000000080044FAC] -> 0x8593
mem[X,0x0000000080044FAE] -> 0x3335
[9581] [M]: 0x0000000080044FAC (0x33358593) addi a1, a1, 819
x11 <- 0x0000033333333333
mem[X,0x0000000080044FB0] -> 0x9593
mem[X,0x0000000080044FB2] -> 0x00B5
[9582] [M]: 0x0000000080044FB0 (0x00B59593) slli a1, a1, 11
x11 <- 0x0019999999999800
mem[X,0x0000000080044FB4] -> 0x8593
mem[X,0x0000000080044FB6] -> 0x1995
[9583] [M]: 0x0000000080044FB4 (0x19958593) addi a1, a1, 409
x11 <- 0x0019999999999999
mem[X,0x0000000080044FB8] -> 0x9593
mem[X,0x0000000080044FBA] -> 0x00A5
[9584] [M]: 0x0000000080044FB8 (0x00A59593) slli a1, a1, 10
x11 <- 0x6666666666666400
mem[X,0x0000000080044FBC] -> 0x8593
mem[X,0x0000000080044FBE] -> 0x2675
[9585] [M]: 0x0000000080044FBC (0x26758593) addi a1, a1, 615
x11 <- 0x6666666666666667
mem[X,0x0000000080044FC0] -> 0x0113
mem[X,0x0000000080044FC2] -> 0x0000
[9586] [M]: 0x0000000080044FC0 (0x00000113) addi sp, zero, 0
x2 <- 0x0000000000000000
mem[X,0x0000000080044FC4] -> 0x006F
mem[X,0x0000000080044FC6] -> 0x00C0
[9587] [M]: 0x0000000080044FC4 (0x00C0006F) jal zero, 12
mem[X,0x0000000080044FD0] -> 0x4063
mem[X,0x0000000080044FD2] -> 0x08B5
[9588] [M]: 0x0000000080044FD0 (0x08B54063) blt a0, a1, 128
mem[X,0x0000000080045050] -> 0x0113
mem[X,0x0000000080045052] -> 0x0031
[9589] [M]: 0x0000000080045050 (0x00310113) addi sp, sp, 3
x2 <- 0x0000000000000003
mem[X,0x0000000080045054] -> 0x006F
mem[X,0x0000000080045056] -> 0x0040
[9590] [M]: 0x0000000080045054 (0x0040006F) jal zero, 4
mem[X,0x0000000080045058] -> 0xB423
mem[X,0x000000008004505A] -> 0x1A20
[9591] [M]: 0x0000000080045058 (0x1A20B423) sd sp, 424(ra)
mem[0x0000000080050380] <- 0x0000000000000003
mem[X,0x000000008004505C] -> 0x3537
mem[X,0x000000008004505E] -> 0x3333
[9592] [M]: 0x000000008004505C (0x33333537) lui a0, 209715
x10 <- 0x0000000033333000
mem[X,0x0000000080045060] -> 0x0513
mem[X,0x0000000080045062] -> 0x3335
[9593] [M]: 0x0000000080045060 (0x33350513) addi a0, a0, 819
x10 <- 0x0000000033333333
mem[X,0x0000000080045064] -> 0x1513
mem[X,0x0000000080045066] -> 0x00B5
[9594] [M]: 0x0000000080045064 (0x00B51513) slli a0, a0, 11
x10 <- 0x0000019999999800
mem[X,0x0000000080045068] -> 0x0513
mem[X,0x000000008004506A] -> 0x1995
[9595] [M]: 0x0000000080045068 (0x19950513) addi a0, a0, 409
x10 <- 0x0000019999999999
mem[X,0x000000008004506C] -> 0x1513
mem[X,0x000000008004506E] -> 0x00B5
[9596] [M]: 0x000000008004506C (0x00B51513) slli a0, a0, 11
x10 <- 0x000CCCCCCCCCC800
mem[X,0x0000000080045070] -> 0x0513
mem[X,0x0000000080045072] -> 0x4CC5
[9597] [M]: 0x0000000080045070 (0x4CC50513) addi a0, a0, 1228
x10 <- 0x000CCCCCCCCCCCCC
mem[X,0x0000000080045074] -> 0x1513
mem[X,0x0000000080045076] -> 0x00A5
[9598] [M]: 0x0000000080045074 (0x00A51513) slli a0, a0, 10
x10 <- 0x3333333333333000
mem[X,0x0000000080045078] -> 0x0513
mem[X,0x000000008004507A] -> 0x3345
[9599] [M]: 0x0000000080045078 (0x33450513) addi a0, a0, 820
x10 <- 0x3333333333333334
clint::tick mtime <- 0x0000000000000060
 clint timer pending at mtime 0x0000000000000060
htif::tick 0x0000000000000000
mem[X,0x000000008004507C] -> 0x05B7
mem[X,0x000000008004507E] -> 0x0000
[9600] [M]: 0x000000008004507C (0x000005B7) lui a1, 0
x11 <- 0x0000000000000000
mem[X,0x0000000080045080] -> 0x8593
mem[X,0x0000000080045082] -> 0xFFF5
[9601] [M]: 0x0000000080045080 (0xFFF58593) addi a1, a1, 4095
x11 <- 0xFFFFFFFFFFFFFFFF
mem[X,0x0000000080045084] -> 0x9593
mem[X,0x0000000080045086] -> 0x00B5
[9602] [M]: 0x0000000080045084 (0x00B59593) slli a1, a1, 11
x11 <- 0xFFFFFFFFFFFFF800
mem[X,0x0000000080045088] -> 0x8593
mem[X,0x000000008004508A] -> 0x2575
[9603] [M]: 0x0000000080045088 (0x25758593) addi a1, a1, 599
x11 <- 0xFFFFFFFFFFFFFA57
mem[X,0x000000008004508C] -> 0x9593
mem[X,0x000000008004508E] -> 0x00B5
[9604] [M]: 0x000000008004508C (0x00B59593) slli a1, a1, 11
x11 <- 0xFFFFFFFFFFD2B800
mem[X,0x0000000080045090] -> 0x8593
mem[X,0x0000000080045092] -> 0x6C35
[9605] [M]: 0x0000000080045090 (0x6C358593) addi a1, a1, 1731
x11 <- 0xFFFFFFFFFFD2BEC3
mem[X,0x0000000080045094] -> 0x9593
mem[X,0x0000000080045096] -> 0x00A5
[9606] [M]: 0x0000000080045094 (0x00A59593) slli a1, a1, 10
x11 <- 0xFFFFFFFF4AFB0C00
mem[X,0x0000000080045098] -> 0x8593
mem[X,0x000000008004509A] -> 0x0CE5
[9607] [M]: 0x0000000080045098 (0x0CE58593) addi a1, a1, 206
x11 <- 0xFFFFFFFF4AFB0CCE
mem[X,0x000000008004509C] -> 0x0113
mem[X,0x000000008004509E] -> 0x0000
[9608] [M]: 0x000000008004509C (0x00000113) addi sp, zero, 0
x2 <- 0x0000000000000000
mem[X,0x00000000800450A0] -> 0x006F
mem[X,0x00000000800450A2] -> 0x00C0
[9609] [M]: 0x00000000800450A0 (0x00C0006F) jal zero, 12
mem[X,0x00000000800450AC] -> 0x4863
mem[X,0x00000000800450AE] -> 0x00B5
[9610] [M]: 0x00000000800450AC (0x00B54863) blt a0, a1, 16
mem[X,0x00000000800450B0] -> 0x0113
mem[X,0x00000000800450B2] -> 0x0021
[9611] [M]: 0x00000000800450B0 (0x00210113) addi sp, sp, 2
x2 <- 0x0000000000000002
mem[X,0x00000000800450B4] -> 0x006F
mem[X,0x00000000800450B6] -> 0x0100
[9612] [M]: 0x00000000800450B4 (0x0100006F) jal zero, 16
mem[X,0x00000000800450C4] -> 0xB823
mem[X,0x00000000800450C6] -> 0x1A20
[9613] [M]: 0x00000000800450C4 (0x1A20B823) sd sp, 432(ra)
mem[0x0000000080050388] <- 0x0000000000000002
mem[X,0x00000000800450C8] -> 0x3537
mem[X,0x00000000800450CA] -> 0x3333
[9614] [M]: 0x00000000800450C8 (0x33333537) lui a0, 209715
x10 <- 0x0000000033333000
mem[X,0x00000000800450CC] -> 0x0513
mem[X,0x00000000800450CE] -> 0x3335
[9615] [M]: 0x00000000800450CC (0x33350513) addi a0, a0, 819
x10 <- 0x0000000033333333
mem[X,0x00000000800450D0] -> 0x1513
mem[X,0x00000000800450D2] -> 0x00B5
[9616] [M]: 0x00000000800450D0 (0x00B51513) slli a0, a0, 11
x10 <- 0x0000019999999800
mem[X,0x00000000800450D4] -> 0x0513
mem[X,0x00000000800450D6] -> 0x1995
[9617] [M]: 0x00000000800450D4 (0x19950513) addi a0, a0, 409
x10 <- 0x0000019999999999
mem[X,0x00000000800450D8] -> 0x1513
mem[X,0x00000000800450DA] -> 0x00B5
[9618] [M]: 0x00000000800450D8 (0x00B51513) slli a0, a0, 11
x10 <- 0x000CCCCCCCCCC800
mem[X,0x00000000800450DC] -> 0x0513
mem[X,0x00000000800450DE] -> 0x4CC5
[9619] [M]: 0x00000000800450DC (0x4CC50513) addi a0, a0, 1228
x10 <- 0x000CCCCCCCCCCCCC
mem[X,0x00000000800450E0] -> 0x1513
mem[X,0x00000000800450E2] -> 0x00A5
[9620] [M]: 0x00000000800450E0 (0x00A51513) slli a0, a0, 10
x10 <- 0x3333333333333000
mem[X,0x00000000800450E4] -> 0x0513
mem[X,0x00000000800450E6] -> 0x3345
[9621] [M]: 0x00000000800450E4 (0x33450513) addi a0, a0, 820
x10 <- 0x3333333333333334
mem[X,0x00000000800450E8] -> 0x05B7
mem[X,0x00000000800450EA] -> 0x0000
[9622] [M]: 0x00000000800450E8 (0x000005B7) lui a1, 0
x11 <- 0x0000000000000000
mem[X,0x00000000800450EC] -> 0x8593
mem[X,0x00000000800450EE] -> 0x0005
[9623] [M]: 0x00000000800450EC (0x00058593) addi a1, a1, 0
x11 <- 0x0000000000000000
mem[X,0x00000000800450F0] -> 0x9593
mem[X,0x00000000800450F2] -> 0x00B5
[9624] [M]: 0x00000000800450F0 (0x00B59593) slli a1, a1, 11
x11 <- 0x0000000000000000
mem[X,0x00000000800450F4] -> 0x8593
mem[X,0x00000000800450F6] -> 0x5A85
[9625] [M]: 0x00000000800450F4 (0x5A858593) addi a1, a1, 1448
x11 <- 0x00000000000005A8
mem[X,0x00000000800450F8] -> 0x9593
mem[X,0x00000000800450FA] -> 0x00B5
[9626] [M]: 0x00000000800450F8 (0x00B59593) slli a1, a1, 11
x11 <- 0x00000000002D4000
mem[X,0x00000000800450FC] -> 0x8593
mem[X,0x00000000800450FE] -> 0x13C5
[9627] [M]: 0x00000000800450FC (0x13C58593) addi a1, a1, 316
x11 <- 0x00000000002D413C
mem[X,0x0000000080045100] -> 0x9593
mem[X,0x0000000080045102] -> 0x00A5
[9628] [M]: 0x0000000080045100 (0x00A59593) slli a1, a1, 10
x11 <- 0x00000000B504F000
mem[X,0x0000000080045104] -> 0x8593
mem[X,0x0000000080045106] -> 0x3345
[9629] [M]: 0x0000000080045104 (0x33458593) addi a1, a1, 820
x11 <- 0x00000000B504F334
mem[X,0x0000000080045108] -> 0x0113
mem[X,0x000000008004510A] -> 0x0000
[9630] [M]: 0x0000000080045108 (0x00000113) addi sp, zero, 0
x2 <- 0x0000000000000000
mem[X,0x000000008004510C] -> 0x006F
mem[X,0x000000008004510E] -> 0x00C0
[9631] [M]: 0x000000008004510C (0x00C0006F) jal zero, 12
mem[X,0x0000000080045118] -> 0x4663
mem[X,0x000000008004511A] -> 0x00B5
[9632] [M]: 0x0000000080045118 (0x00B54663) blt a0, a1, 12
mem[X,0x000000008004511C] -> 0x0113
mem[X,0x000000008004511E] -> 0x0021
[9633] [M]: 0x000000008004511C (0x00210113) addi sp, sp, 2
x2 <- 0x0000000000000002
mem[X,0x0000000080045120] -> 0x006F
mem[X,0x0000000080045122] -> 0x00C0
[9634] [M]: 0x0000000080045120 (0x00C0006F) jal zero, 12
mem[X,0x000000008004512C] -> 0xBC23
mem[X,0x000000008004512E] -> 0x1A20
[9635] [M]: 0x000000008004512C (0x1A20BC23) sd sp, 440(ra)
mem[0x0000000080050390] <- 0x0000000000000002
mem[X,0x0000000080045130] -> 0x6537
mem[X,0x0000000080045132] -> 0x6666
[9636] [M]: 0x0000000080045130 (0x66666537) lui a0, 419430
x10 <- 0x0000000066666000
mem[X,0x0000000080045134] -> 0x0513
mem[X,0x0000000080045136] -> 0x6665
[9637] [M]: 0x0000000080045134 (0x66650513) addi a0, a0, 1638
x10 <- 0x0000000066666666
mem[X,0x0000000080045138] -> 0x1513
mem[X,0x000000008004513A] -> 0x00B5
[9638] [M]: 0x0000000080045138 (0x00B51513) slli a0, a0, 11
x10 <- 0x0000033333333000
mem[X,0x000000008004513C] -> 0x0513
mem[X,0x000000008004513E] -> 0x3335
[9639] [M]: 0x000000008004513C (0x33350513) addi a0, a0, 819
x10 <- 0x0000033333333333
mem[X,0x0000000080045140] -> 0x1513
mem[X,0x0000000080045142] -> 0x00B5
[9640] [M]: 0x0000000080045140 (0x00B51513) slli a0, a0, 11
x10 <- 0x0019999999999800
mem[X,0x0000000080045144] -> 0x0513
mem[X,0x0000000080045146] -> 0x1995
[9641] [M]: 0x0000000080045144 (0x19950513) addi a0, a0, 409
x10 <- 0x0019999999999999
mem[X,0x0000000080045148] -> 0x1513
mem[X,0x000000008004514A] -> 0x00A5
[9642] [M]: 0x0000000080045148 (0x00A51513) slli a0, a0, 10
x10 <- 0x6666666666666400
mem[X,0x000000008004514C] -> 0x0513
mem[X,0x000000008004514E] -> 0x2675
[9643] [M]: 0x000000008004514C (0x26750513) addi a0, a0, 615
x10 <- 0x6666666666666667
mem[X,0x0000000080045150] -> 0x0593
mem[X,0x0000000080045152] -> 0x0030
[9644] [M]: 0x0000000080045150 (0x00300593) addi a1, zero, 3
x11 <- 0x0000000000000003
mem[X,0x0000000080045154] -> 0x0113
mem[X,0x0000000080045156] -> 0x0000
[9645] [M]: 0x0000000080045154 (0x00000113) addi sp, zero, 0
x2 <- 0x0000000000000000
mem[X,0x0000000080045158] -> 0x006F
mem[X,0x000000008004515A] -> 0x00C0
[9646] [M]: 0x0000000080045158 (0x00C0006F) jal zero, 12
mem[X,0x0000000080045164] -> 0x4063
mem[X,0x0000000080045166] -> 0x20B5
[9647] [M]: 0x0000000080045164 (0x20B54063) blt a0, a1, 512
mem[X,0x0000000080045168] -> 0x0113
mem[X,0x000000008004516A] -> 0x0021
[9648] [M]: 0x0000000080045168 (0x00210113) addi sp, sp, 2
x2 <- 0x0000000000000002
mem[X,0x000000008004516C] -> 0x006F
mem[X,0x000000008004516E] -> 0x2000
[9649] [M]: 0x000000008004516C (0x2000006F) jal zero, 512
mem[X,0x000000008004536C] -> 0xB023
mem[X,0x000000008004536E] -> 0x1C20
[9650] [M]: 0x000000008004536C (0x1C20B023) sd sp, 448(ra)
mem[0x0000000080050398] <- 0x0000000000000002
mem[X,0x0000000080045370] -> 0x6537
mem[X,0x0000000080045372] -> 0x6666
[9651] [M]: 0x0000000080045370 (0x66666537) lui a0, 419430
x10 <- 0x0000000066666000
mem[X,0x0000000080045374] -> 0x0513
mem[X,0x0000000080045376] -> 0x6665
[9652] [M]: 0x0000000080045374 (0x66650513) addi a0, a0, 1638
x10 <- 0x0000000066666666
mem[X,0x0000000080045378] -> 0x1513
mem[X,0x000000008004537A] -> 0x00B5
[9653] [M]: 0x0000000080045378 (0x00B51513) slli a0, a0, 11
x10 <- 0x0000033333333000
mem[X,0x000000008004537C] -> 0x0513
mem[X,0x000000008004537E] -> 0x3335
[9654] [M]: 0x000000008004537C (0x33350513) addi a0, a0, 819
x10 <- 0x0000033333333333
mem[X,0x0000000080045380] -> 0x1513
mem[X,0x0000000080045382] -> 0x00B5
[9655] [M]: 0x0000000080045380 (0x00B51513) slli a0, a0, 11
x10 <- 0x0019999999999800
mem[X,0x0000000080045384] -> 0x0513
mem[X,0x0000000080045386] -> 0x1995
[9656] [M]: 0x0000000080045384 (0x19950513) addi a0, a0, 409
x10 <- 0x0019999999999999
mem[X,0x0000000080045388] -> 0x1513
mem[X,0x000000008004538A] -> 0x00A5
[9657] [M]: 0x0000000080045388 (0x00A51513) slli a0, a0, 10
x10 <- 0x6666666666666400
mem[X,0x000000008004538C] -> 0x0513
mem[X,0x000000008004538E] -> 0x2675
[9658] [M]: 0x000000008004538C (0x26750513) addi a0, a0, 615
x10 <- 0x6666666666666667
mem[X,0x0000000080045390] -> 0x55B7
mem[X,0x0000000080045392] -> 0x5555
[9659] [M]: 0x0000000080045390 (0x555555B7) lui a1, 349525
x11 <- 0x0000000055555000
mem[X,0x0000000080045394] -> 0x8593
mem[X,0x0000000080045396] -> 0x5555
[9660] [M]: 0x0000000080045394 (0x55558593) addi a1, a1, 1365
x11 <- 0x0000000055555555
mem[X,0x0000000080045398] -> 0x9593
mem[X,0x000000008004539A] -> 0x00B5
[9661] [M]: 0x0000000080045398 (0x00B59593) slli a1, a1, 11
x11 <- 0x000002AAAAAAA800
mem[X,0x000000008004539C] -> 0x8593
mem[X,0x000000008004539E] -> 0x2AA5
[9662] [M]: 0x000000008004539C (0x2AA58593) addi a1, a1, 682
x11 <- 0x000002AAAAAAAAAA
mem[X,0x00000000800453A0] -> 0x9593
mem[X,0x00000000800453A2] -> 0x00B5
[9663] [M]: 0x00000000800453A0 (0x00B59593) slli a1, a1, 11
x11 <- 0x0015555555555000
mem[X,0x00000000800453A4] -> 0x8593
mem[X,0x00000000800453A6] -> 0x5555
[9664] [M]: 0x00000000800453A4 (0x55558593) addi a1, a1, 1365
x11 <- 0x0015555555555555
mem[X,0x00000000800453A8] -> 0x9593
mem[X,0x00000000800453AA] -> 0x00A5
[9665] [M]: 0x00000000800453A8 (0x00A59593) slli a1, a1, 10
x11 <- 0x5555555555555400
mem[X,0x00000000800453AC] -> 0x8593
mem[X,0x00000000800453AE] -> 0x1555
[9666] [M]: 0x00000000800453AC (0x15558593) addi a1, a1, 341
x11 <- 0x5555555555555555
mem[X,0x00000000800453B0] -> 0x0113
mem[X,0x00000000800453B2] -> 0x0000
[9667] [M]: 0x00000000800453B0 (0x00000113) addi sp, zero, 0
x2 <- 0x0000000000000000
mem[X,0x00000000800453B4] -> 0x006F
mem[X,0x00000000800453B6] -> 0x00C0
[9668] [M]: 0x00000000800453B4 (0x00C0006F) jal zero, 12
mem[X,0x00000000800453C0] -> 0x4063
mem[X,0x00000000800453C2] -> 0x40B5
[9669] [M]: 0x00000000800453C0 (0x40B54063) blt a0, a1, 1024
mem[X,0x00000000800453C4] -> 0x0113
mem[X,0x00000000800453C6] -> 0x0021
[9670] [M]: 0x00000000800453C4 (0x00210113) addi sp, sp, 2
x2 <- 0x0000000000000002
mem[X,0x00000000800453C8] -> 0x006F
mem[X,0x00000000800453CA] -> 0x4000
[9671] [M]: 0x00000000800453C8 (0x4000006F) jal zero, 1024
mem[X,0x00000000800457C8] -> 0xB423
mem[X,0x00000000800457CA] -> 0x1C20
[9672] [M]: 0x00000000800457C8 (0x1C20B423) sd sp, 456(ra)
mem[0x00000000800503A0] <- 0x0000000000000002
mem[X,0x00000000800457CC] -> 0x6537
mem[X,0x00000000800457CE] -> 0x6666
[9673] [M]: 0x00000000800457CC (0x66666537) lui a0, 419430
x10 <- 0x0000000066666000
mem[X,0x00000000800457D0] -> 0x0513
mem[X,0x00000000800457D2] -> 0x6665
[9674] [M]: 0x00000000800457D0 (0x66650513) addi a0, a0, 1638
x10 <- 0x0000000066666666
mem[X,0x00000000800457D4] -> 0x1513
mem[X,0x00000000800457D6] -> 0x00B5
[9675] [M]: 0x00000000800457D4 (0x00B51513) slli a0, a0, 11
x10 <- 0x0000033333333000
mem[X,0x00000000800457D8] -> 0x0513
mem[X,0x00000000800457DA] -> 0x3335
[9676] [M]: 0x00000000800457D8 (0x33350513) addi a0, a0, 819
x10 <- 0x0000033333333333
mem[X,0x00000000800457DC] -> 0x1513
mem[X,0x00000000800457DE] -> 0x00B5
[9677] [M]: 0x00000000800457DC (0x00B51513) slli a0, a0, 11
x10 <- 0x0019999999999800
mem[X,0x00000000800457E0] -> 0x0513
mem[X,0x00000000800457E2] -> 0x1995
[9678] [M]: 0x00000000800457E0 (0x19950513) addi a0, a0, 409
x10 <- 0x0019999999999999
mem[X,0x00000000800457E4] -> 0x1513
mem[X,0x00000000800457E6] -> 0x00A5
[9679] [M]: 0x00000000800457E4 (0x00A51513) slli a0, a0, 10
x10 <- 0x6666666666666400
mem[X,0x00000000800457E8] -> 0x0513
mem[X,0x00000000800457EA] -> 0x2675
[9680] [M]: 0x00000000800457E8 (0x26750513) addi a0, a0, 615
x10 <- 0x6666666666666667
mem[X,0x00000000800457EC] -> 0xB5B7
mem[X,0x00000000800457EE] -> 0xAAAA
[9681] [M]: 0x00000000800457EC (0xAAAAB5B7) lui a1, 699051
x11 <- 0xFFFFFFFFAAAAB000
mem[X,0x00000000800457F0] -> 0x8593
mem[X,0x00000000800457F2] -> 0xAAA5
[9682] [M]: 0x00000000800457F0 (0xAAA58593) addi a1, a1, 2730
x11 <- 0xFFFFFFFFAAAAAAAA
mem[X,0x00000000800457F4] -> 0x9593
mem[X,0x00000000800457F6] -> 0x00B5
[9683] [M]: 0x00000000800457F4 (0x00B59593) slli a1, a1, 11
x11 <- 0xFFFFFD5555555000
mem[X,0x00000000800457F8] -> 0x8593
mem[X,0x00000000800457FA] -> 0x5555
[9684] [M]: 0x00000000800457F8 (0x55558593) addi a1, a1, 1365
x11 <- 0xFFFFFD5555555555
mem[X,0x00000000800457FC] -> 0x9593
mem[X,0x00000000800457FE] -> 0x00B5
[9685] [M]: 0x00000000800457FC (0x00B59593) slli a1, a1, 11
x11 <- 0xFFEAAAAAAAAAA800
mem[X,0x0000000080045800] -> 0x8593
mem[X,0x0000000080045802] -> 0x2AA5
[9686] [M]: 0x0000000080045800 (0x2AA58593) addi a1, a1, 682
x11 <- 0xFFEAAAAAAAAAAAAA
mem[X,0x0000000080045804] -> 0x9593
mem[X,0x0000000080045806] -> 0x00A5
[9687] [M]: 0x0000000080045804 (0x00A59593) slli a1, a1, 10
x11 <- 0xAAAAAAAAAAAAA800
mem[X,0x0000000080045808] -> 0x8593
mem[X,0x000000008004580A] -> 0x2AA5
[9688] [M]: 0x0000000080045808 (0x2AA58593) addi a1, a1, 682
x11 <- 0xAAAAAAAAAAAAAAAA
mem[X,0x000000008004580C] -> 0x0113
mem[X,0x000000008004580E] -> 0x0000
[9689] [M]: 0x000000008004580C (0x00000113) addi sp, zero, 0
x2 <- 0x0000000000000000
mem[X,0x0000000080045810] -> 0x006F
mem[X,0x0000000080045812] -> 0x0140
[9690] [M]: 0x0000000080045810 (0x0140006F) jal zero, 20
mem[X,0x0000000080045824] -> 0x48E3
mem[X,0x0000000080045826] -> 0xFEB5
[9691] [M]: 0x0000000080045824 (0xFEB548E3) blt a0, a1, 8176
mem[X,0x0000000080045828] -> 0x0113
mem[X,0x000000008004582A] -> 0x0021
[9692] [M]: 0x0000000080045828 (0x00210113) addi sp, sp, 2
x2 <- 0x0000000000000002
mem[X,0x000000008004582C] -> 0x006F
mem[X,0x000000008004582E] -> 0x00C0
[9693] [M]: 0x000000008004582C (0x00C0006F) jal zero, 12
mem[X,0x0000000080045838] -> 0xB823
mem[X,0x000000008004583A] -> 0x1C20
[9694] [M]: 0x0000000080045838 (0x1C20B823) sd sp, 464(ra)
mem[0x00000000800503A8] <- 0x0000000000000002
mem[X,0x000000008004583C] -> 0x6537
mem[X,0x000000008004583E] -> 0x6666
[9695] [M]: 0x000000008004583C (0x66666537) lui a0, 419430
x10 <- 0x0000000066666000
mem[X,0x0000000080045840] -> 0x0513
mem[X,0x0000000080045842] -> 0x6665
[9696] [M]: 0x0000000080045840 (0x66650513) addi a0, a0, 1638
x10 <- 0x0000000066666666
mem[X,0x0000000080045844] -> 0x1513
mem[X,0x0000000080045846] -> 0x00B5
[9697] [M]: 0x0000000080045844 (0x00B51513) slli a0, a0, 11
x10 <- 0x0000033333333000
mem[X,0x0000000080045848] -> 0x0513
mem[X,0x000000008004584A] -> 0x3335
[9698] [M]: 0x0000000080045848 (0x33350513) addi a0, a0, 819
x10 <- 0x0000033333333333
mem[X,0x000000008004584C] -> 0x1513
mem[X,0x000000008004584E] -> 0x00B5
[9699] [M]: 0x000000008004584C (0x00B51513) slli a0, a0, 11
x10 <- 0x0019999999999800
clint::tick mtime <- 0x0000000000000061
 clint timer pending at mtime 0x0000000000000061
htif::tick 0x0000000000000000
mem[X,0x0000000080045850] -> 0x0513
mem[X,0x0000000080045852] -> 0x1995
[9700] [M]: 0x0000000080045850 (0x19950513) addi a0, a0, 409
x10 <- 0x0019999999999999
mem[X,0x0000000080045854] -> 0x1513
mem[X,0x0000000080045856] -> 0x00A5
[9701] [M]: 0x0000000080045854 (0x00A51513) slli a0, a0, 10
x10 <- 0x6666666666666400
mem[X,0x0000000080045858] -> 0x0513
mem[X,0x000000008004585A] -> 0x2675
[9702] [M]: 0x0000000080045858 (0x26750513) addi a0, a0, 615
x10 <- 0x6666666666666667
mem[X,0x000000008004585C] -> 0x0593
mem[X,0x000000008004585E] -> 0x0050
[9703] [M]: 0x000000008004585C (0x00500593) addi a1, zero, 5
x11 <- 0x0000000000000005
mem[X,0x0000000080045860] -> 0x0113
mem[X,0x0000000080045862] -> 0x0000
[9704] [M]: 0x0000000080045860 (0x00000113) addi sp, zero, 0
x2 <- 0x0000000000000000
mem[X,0x0000000080045864] -> 0x006F
mem[X,0x0000000080045866] -> 0x00C0
[9705] [M]: 0x0000000080045864 (0x00C0006F) jal zero, 12
mem[X,0x0000000080045870] -> 0x4063
mem[X,0x0000000080045872] -> 0x08B5
[9706] [M]: 0x0000000080045870 (0x08B54063) blt a0, a1, 128
mem[X,0x0000000080045874] -> 0x0113
mem[X,0x0000000080045876] -> 0x0021
[9707] [M]: 0x0000000080045874 (0x00210113) addi sp, sp, 2
x2 <- 0x0000000000000002
mem[X,0x0000000080045878] -> 0x006F
mem[X,0x000000008004587A] -> 0x0800
[9708] [M]: 0x0000000080045878 (0x0800006F) jal zero, 128
mem[X,0x00000000800458F8] -> 0xBC23
mem[X,0x00000000800458FA] -> 0x1C20
[9709] [M]: 0x00000000800458F8 (0x1C20BC23) sd sp, 472(ra)
mem[0x00000000800503B0] <- 0x0000000000000002
mem[X,0x00000000800458FC] -> 0x6537
mem[X,0x00000000800458FE] -> 0x6666
[9710] [M]: 0x00000000800458FC (0x66666537) lui a0, 419430
x10 <- 0x0000000066666000
mem[X,0x0000000080045900] -> 0x0513
mem[X,0x0000000080045902] -> 0x6665
[9711] [M]: 0x0000000080045900 (0x66650513) addi a0, a0, 1638
x10 <- 0x0000000066666666
mem[X,0x0000000080045904] -> 0x1513
mem[X,0x0000000080045906] -> 0x00B5
[9712] [M]: 0x0000000080045904 (0x00B51513) slli a0, a0, 11
x10 <- 0x0000033333333000
mem[X,0x0000000080045908] -> 0x0513
mem[X,0x000000008004590A] -> 0x3335
[9713] [M]: 0x0000000080045908 (0x33350513) addi a0, a0, 819
x10 <- 0x0000033333333333
mem[X,0x000000008004590C] -> 0x1513
mem[X,0x000000008004590E] -> 0x00B5
[9714] [M]: 0x000000008004590C (0x00B51513) slli a0, a0, 11
x10 <- 0x0019999999999800
mem[X,0x0000000080045910] -> 0x0513
mem[X,0x0000000080045912] -> 0x1995
[9715] [M]: 0x0000000080045910 (0x19950513) addi a0, a0, 409
x10 <- 0x0019999999999999
mem[X,0x0000000080045914] -> 0x1513
mem[X,0x0000000080045916] -> 0x00A5
[9716] [M]: 0x0000000080045914 (0x00A51513) slli a0, a0, 10
x10 <- 0x6666666666666400
mem[X,0x0000000080045918] -> 0x0513
mem[X,0x000000008004591A] -> 0x2675
[9717] [M]: 0x0000000080045918 (0x26750513) addi a0, a0, 615
x10 <- 0x6666666666666667
mem[X,0x000000008004591C] -> 0x35B7
mem[X,0x000000008004591E] -> 0x3333
[9718] [M]: 0x000000008004591C (0x333335B7) lui a1, 209715
x11 <- 0x0000000033333000
mem[X,0x0000000080045920] -> 0x8593
mem[X,0x0000000080045922] -> 0x3335
[9719] [M]: 0x0000000080045920 (0x33358593) addi a1, a1, 819
x11 <- 0x0000000033333333
mem[X,0x0000000080045924] -> 0x9593
mem[X,0x0000000080045926] -> 0x00B5
[9720] [M]: 0x0000000080045924 (0x00B59593) slli a1, a1, 11
x11 <- 0x0000019999999800
mem[X,0x0000000080045928] -> 0x8593
mem[X,0x000000008004592A] -> 0x1995
[9721] [M]: 0x0000000080045928 (0x19958593) addi a1, a1, 409
x11 <- 0x0000019999999999
mem[X,0x000000008004592C] -> 0x9593
mem[X,0x000000008004592E] -> 0x00B5
[9722] [M]: 0x000000008004592C (0x00B59593) slli a1, a1, 11
x11 <- 0x000CCCCCCCCCC800
mem[X,0x0000000080045930] -> 0x8593
mem[X,0x0000000080045932] -> 0x4CC5
[9723] [M]: 0x0000000080045930 (0x4CC58593) addi a1, a1, 1228
x11 <- 0x000CCCCCCCCCCCCC
mem[X,0x0000000080045934] -> 0x9593
mem[X,0x0000000080045936] -> 0x00A5
[9724] [M]: 0x0000000080045934 (0x00A59593) slli a1, a1, 10
x11 <- 0x3333333333333000
mem[X,0x0000000080045938] -> 0x8593
mem[X,0x000000008004593A] -> 0x3335
[9725] [M]: 0x0000000080045938 (0x33358593) addi a1, a1, 819
x11 <- 0x3333333333333333
mem[X,0x000000008004593C] -> 0x0113
mem[X,0x000000008004593E] -> 0x0000
[9726] [M]: 0x000000008004593C (0x00000113) addi sp, zero, 0
x2 <- 0x0000000000000000
mem[X,0x0000000080045940] -> 0x006F
mem[X,0x0000000080045942] -> 0x00C0
[9727] [M]: 0x0000000080045940 (0x00C0006F) jal zero, 12
mem[X,0x000000008004594C] -> 0x4663
mem[X,0x000000008004594E] -> 0x00B5
[9728] [M]: 0x000000008004594C (0x00B54663) blt a0, a1, 12
mem[X,0x0000000080045950] -> 0x0113
mem[X,0x0000000080045952] -> 0x0021
[9729] [M]: 0x0000000080045950 (0x00210113) addi sp, sp, 2
x2 <- 0x0000000000000002
mem[X,0x0000000080045954] -> 0x006F
mem[X,0x0000000080045956] -> 0x00C0
[9730] [M]: 0x0000000080045954 (0x00C0006F) jal zero, 12
mem[X,0x0000000080045960] -> 0xB023
mem[X,0x0000000080045962] -> 0x1E20
[9731] [M]: 0x0000000080045960 (0x1E20B023) sd sp, 480(ra)
mem[0x00000000800503B8] <- 0x0000000000000002
mem[X,0x0000000080045964] -> 0x6537
mem[X,0x0000000080045966] -> 0x6666
[9732] [M]: 0x0000000080045964 (0x66666537) lui a0, 419430
x10 <- 0x0000000066666000
mem[X,0x0000000080045968] -> 0x0513
mem[X,0x000000008004596A] -> 0x6665
[9733] [M]: 0x0000000080045968 (0x66650513) addi a0, a0, 1638
x10 <- 0x0000000066666666
mem[X,0x000000008004596C] -> 0x1513
mem[X,0x000000008004596E] -> 0x00B5
[9734] [M]: 0x000000008004596C (0x00B51513) slli a0, a0, 11
x10 <- 0x0000033333333000
mem[X,0x0000000080045970] -> 0x0513
mem[X,0x0000000080045972] -> 0x3335
[9735] [M]: 0x0000000080045970 (0x33350513) addi a0, a0, 819
x10 <- 0x0000033333333333
mem[X,0x0000000080045974] -> 0x1513
mem[X,0x0000000080045976] -> 0x00B5
[9736] [M]: 0x0000000080045974 (0x00B51513) slli a0, a0, 11
x10 <- 0x0019999999999800
mem[X,0x0000000080045978] -> 0x0513
mem[X,0x000000008004597A] -> 0x1995
[9737] [M]: 0x0000000080045978 (0x19950513) addi a0, a0, 409
x10 <- 0x0019999999999999
mem[X,0x000000008004597C] -> 0x1513
mem[X,0x000000008004597E] -> 0x00A5
[9738] [M]: 0x000000008004597C (0x00A51513) slli a0, a0, 10
x10 <- 0x6666666666666400
mem[X,0x0000000080045980] -> 0x0513
mem[X,0x0000000080045982] -> 0x2675
[9739] [M]: 0x0000000080045980 (0x26750513) addi a0, a0, 615
x10 <- 0x6666666666666667
mem[X,0x0000000080045984] -> 0x65B7
mem[X,0x0000000080045986] -> 0x6666
[9740] [M]: 0x0000000080045984 (0x666665B7) lui a1, 419430
x11 <- 0x0000000066666000
mem[X,0x0000000080045988] -> 0x8593
mem[X,0x000000008004598A] -> 0x6665
[9741] [M]: 0x0000000080045988 (0x66658593) addi a1, a1, 1638
x11 <- 0x0000000066666666
mem[X,0x000000008004598C] -> 0x9593
mem[X,0x000000008004598E] -> 0x00B5
[9742] [M]: 0x000000008004598C (0x00B59593) slli a1, a1, 11
x11 <- 0x0000033333333000
mem[X,0x0000000080045990] -> 0x8593
mem[X,0x0000000080045992] -> 0x3335
[9743] [M]: 0x0000000080045990 (0x33358593) addi a1, a1, 819
x11 <- 0x0000033333333333
mem[X,0x0000000080045994] -> 0x9593
mem[X,0x0000000080045996] -> 0x00B5
[9744] [M]: 0x0000000080045994 (0x00B59593) slli a1, a1, 11
x11 <- 0x0019999999999800
mem[X,0x0000000080045998] -> 0x8593
mem[X,0x000000008004599A] -> 0x1995
[9745] [M]: 0x0000000080045998 (0x19958593) addi a1, a1, 409
x11 <- 0x0019999999999999
mem[X,0x000000008004599C] -> 0x9593
mem[X,0x000000008004599E] -> 0x00A5
[9746] [M]: 0x000000008004599C (0x00A59593) slli a1, a1, 10
x11 <- 0x6666666666666400
mem[X,0x00000000800459A0] -> 0x8593
mem[X,0x00000000800459A2] -> 0x2665
[9747] [M]: 0x00000000800459A0 (0x26658593) addi a1, a1, 614
x11 <- 0x6666666666666666
mem[X,0x00000000800459A4] -> 0x0113
mem[X,0x00000000800459A6] -> 0x0000
[9748] [M]: 0x00000000800459A4 (0x00000113) addi sp, zero, 0
x2 <- 0x0000000000000000
mem[X,0x00000000800459A8] -> 0x006F
mem[X,0x00000000800459AA] -> 0x00C0
[9749] [M]: 0x00000000800459A8 (0x00C0006F) jal zero, 12
mem[X,0x00000000800459B4] -> 0x4063
mem[X,0x00000000800459B6] -> 0x20B5
[9750] [M]: 0x00000000800459B4 (0x20B54063) blt a0, a1, 512
mem[X,0x00000000800459B8] -> 0x0113
mem[X,0x00000000800459BA] -> 0x0021
[9751] [M]: 0x00000000800459B8 (0x00210113) addi sp, sp, 2
x2 <- 0x0000000000000002
mem[X,0x00000000800459BC] -> 0x006F
mem[X,0x00000000800459BE] -> 0x2000
[9752] [M]: 0x00000000800459BC (0x2000006F) jal zero, 512
mem[X,0x0000000080045BBC] -> 0xB423
mem[X,0x0000000080045BBE] -> 0x1E20
[9753] [M]: 0x0000000080045BBC (0x1E20B423) sd sp, 488(ra)
mem[0x00000000800503C0] <- 0x0000000000000002
mem[X,0x0000000080045BC0] -> 0x6537
mem[X,0x0000000080045BC2] -> 0x6666
[9754] [M]: 0x0000000080045BC0 (0x66666537) lui a0, 419430
x10 <- 0x0000000066666000
mem[X,0x0000000080045BC4] -> 0x0513
mem[X,0x0000000080045BC6] -> 0x6665
[9755] [M]: 0x0000000080045BC4 (0x66650513) addi a0, a0, 1638
x10 <- 0x0000000066666666
mem[X,0x0000000080045BC8] -> 0x1513
mem[X,0x0000000080045BCA] -> 0x00B5
[9756] [M]: 0x0000000080045BC8 (0x00B51513) slli a0, a0, 11
x10 <- 0x0000033333333000
mem[X,0x0000000080045BCC] -> 0x0513
mem[X,0x0000000080045BCE] -> 0x3335
[9757] [M]: 0x0000000080045BCC (0x33350513) addi a0, a0, 819
x10 <- 0x0000033333333333
mem[X,0x0000000080045BD0] -> 0x1513
mem[X,0x0000000080045BD2] -> 0x00B5
[9758] [M]: 0x0000000080045BD0 (0x00B51513) slli a0, a0, 11
x10 <- 0x0019999999999800
mem[X,0x0000000080045BD4] -> 0x0513
mem[X,0x0000000080045BD6] -> 0x1995
[9759] [M]: 0x0000000080045BD4 (0x19950513) addi a0, a0, 409
x10 <- 0x0019999999999999
mem[X,0x0000000080045BD8] -> 0x1513
mem[X,0x0000000080045BDA] -> 0x00A5
[9760] [M]: 0x0000000080045BD8 (0x00A51513) slli a0, a0, 10
x10 <- 0x6666666666666400
mem[X,0x0000000080045BDC] -> 0x0513
mem[X,0x0000000080045BDE] -> 0x2675
[9761] [M]: 0x0000000080045BDC (0x26750513) addi a0, a0, 615
x10 <- 0x6666666666666667
mem[X,0x0000000080045BE0] -> 0x05B7
mem[X,0x0000000080045BE2] -> 0x0000
[9762] [M]: 0x0000000080045BE0 (0x000005B7) lui a1, 0
x11 <- 0x0000000000000000
mem[X,0x0000000080045BE4] -> 0x8593
mem[X,0x0000000080045BE6] -> 0xFFF5
[9763] [M]: 0x0000000080045BE4 (0xFFF58593) addi a1, a1, 4095
x11 <- 0xFFFFFFFFFFFFFFFF
mem[X,0x0000000080045BE8] -> 0x9593
mem[X,0x0000000080045BEA] -> 0x00B5
[9764] [M]: 0x0000000080045BE8 (0x00B59593) slli a1, a1, 11
x11 <- 0xFFFFFFFFFFFFF800
mem[X,0x0000000080045BEC] -> 0x8593
mem[X,0x0000000080045BEE] -> 0x2575
[9765] [M]: 0x0000000080045BEC (0x25758593) addi a1, a1, 599
x11 <- 0xFFFFFFFFFFFFFA57
mem[X,0x0000000080045BF0] -> 0x9593
mem[X,0x0000000080045BF2] -> 0x00B5
[9766] [M]: 0x0000000080045BF0 (0x00B59593) slli a1, a1, 11
x11 <- 0xFFFFFFFFFFD2B800
mem[X,0x0000000080045BF4] -> 0x8593
mem[X,0x0000000080045BF6] -> 0x6C35
[9767] [M]: 0x0000000080045BF4 (0x6C358593) addi a1, a1, 1731
x11 <- 0xFFFFFFFFFFD2BEC3
mem[X,0x0000000080045BF8] -> 0x9593
mem[X,0x0000000080045BFA] -> 0x00A5
[9768] [M]: 0x0000000080045BF8 (0x00A59593) slli a1, a1, 10
x11 <- 0xFFFFFFFF4AFB0C00
mem[X,0x0000000080045BFC] -> 0x8593
mem[X,0x0000000080045BFE] -> 0x0CD5
[9769] [M]: 0x0000000080045BFC (0x0CD58593) addi a1, a1, 205
x11 <- 0xFFFFFFFF4AFB0CCD
mem[X,0x0000000080045C00] -> 0x0113
mem[X,0x0000000080045C02] -> 0x0000
[9770] [M]: 0x0000000080045C00 (0x00000113) addi sp, zero, 0
x2 <- 0x0000000000000000
mem[X,0x0000000080045C04] -> 0x006F
mem[X,0x0000000080045C06] -> 0x00C0
[9771] [M]: 0x0000000080045C04 (0x00C0006F) jal zero, 12
mem[X,0x0000000080045C10] -> 0x4663
mem[X,0x0000000080045C12] -> 0x00B5
[9772] [M]: 0x0000000080045C10 (0x00B54663) blt a0, a1, 12
mem[X,0x0000000080045C14] -> 0x0113
mem[X,0x0000000080045C16] -> 0x0021
[9773] [M]: 0x0000000080045C14 (0x00210113) addi sp, sp, 2
x2 <- 0x0000000000000002
mem[X,0x0000000080045C18] -> 0x006F
mem[X,0x0000000080045C1A] -> 0x00C0
[9774] [M]: 0x0000000080045C18 (0x00C0006F) jal zero, 12
mem[X,0x0000000080045C24] -> 0xB823
mem[X,0x0000000080045C26] -> 0x1E20
[9775] [M]: 0x0000000080045C24 (0x1E20B823) sd sp, 496(ra)
mem[0x00000000800503C8] <- 0x0000000000000002
mem[X,0x0000000080045C28] -> 0x6537
mem[X,0x0000000080045C2A] -> 0x6666
[9776] [M]: 0x0000000080045C28 (0x66666537) lui a0, 419430
x10 <- 0x0000000066666000
mem[X,0x0000000080045C2C] -> 0x0513
mem[X,0x0000000080045C2E] -> 0x6665
[9777] [M]: 0x0000000080045C2C (0x66650513) addi a0, a0, 1638
x10 <- 0x0000000066666666
mem[X,0x0000000080045C30] -> 0x1513
mem[X,0x0000000080045C32] -> 0x00B5
[9778] [M]: 0x0000000080045C30 (0x00B51513) slli a0, a0, 11
x10 <- 0x0000033333333000
mem[X,0x0000000080045C34] -> 0x0513
mem[X,0x0000000080045C36] -> 0x3335
[9779] [M]: 0x0000000080045C34 (0x33350513) addi a0, a0, 819
x10 <- 0x0000033333333333
mem[X,0x0000000080045C38] -> 0x1513
mem[X,0x0000000080045C3A] -> 0x00B5
[9780] [M]: 0x0000000080045C38 (0x00B51513) slli a0, a0, 11
x10 <- 0x0019999999999800
mem[X,0x0000000080045C3C] -> 0x0513
mem[X,0x0000000080045C3E] -> 0x1995
[9781] [M]: 0x0000000080045C3C (0x19950513) addi a0, a0, 409
x10 <- 0x0019999999999999
mem[X,0x0000000080045C40] -> 0x1513
mem[X,0x0000000080045C42] -> 0x00A5
[9782] [M]: 0x0000000080045C40 (0x00A51513) slli a0, a0, 10
x10 <- 0x6666666666666400
mem[X,0x0000000080045C44] -> 0x0513
mem[X,0x0000000080045C46] -> 0x2675
[9783] [M]: 0x0000000080045C44 (0x26750513) addi a0, a0, 615
x10 <- 0x6666666666666667
mem[X,0x0000000080045C48] -> 0x05B7
mem[X,0x0000000080045C4A] -> 0x0000
[9784] [M]: 0x0000000080045C48 (0x000005B7) lui a1, 0
x11 <- 0x0000000000000000
mem[X,0x0000000080045C4C] -> 0x8593
mem[X,0x0000000080045C4E] -> 0x0005
[9785] [M]: 0x0000000080045C4C (0x00058593) addi a1, a1, 0
x11 <- 0x0000000000000000
mem[X,0x0000000080045C50] -> 0x9593
mem[X,0x0000000080045C52] -> 0x00B5
[9786] [M]: 0x0000000080045C50 (0x00B59593) slli a1, a1, 11
x11 <- 0x0000000000000000
mem[X,0x0000000080045C54] -> 0x8593
mem[X,0x0000000080045C56] -> 0x5A85
[9787] [M]: 0x0000000080045C54 (0x5A858593) addi a1, a1, 1448
x11 <- 0x00000000000005A8
mem[X,0x0000000080045C58] -> 0x9593
mem[X,0x0000000080045C5A] -> 0x00B5
[9788] [M]: 0x0000000080045C58 (0x00B59593) slli a1, a1, 11
x11 <- 0x00000000002D4000
mem[X,0x0000000080045C5C] -> 0x8593
mem[X,0x0000000080045C5E] -> 0x13C5
[9789] [M]: 0x0000000080045C5C (0x13C58593) addi a1, a1, 316
x11 <- 0x00000000002D413C
mem[X,0x0000000080045C60] -> 0x9593
mem[X,0x0000000080045C62] -> 0x00A5
[9790] [M]: 0x0000000080045C60 (0x00A59593) slli a1, a1, 10
x11 <- 0x00000000B504F000
mem[X,0x0000000080045C64] -> 0x8593
mem[X,0x0000000080045C66] -> 0x3335
[9791] [M]: 0x0000000080045C64 (0x33358593) addi a1, a1, 819
x11 <- 0x00000000B504F333
mem[X,0x0000000080045C68] -> 0x0113
mem[X,0x0000000080045C6A] -> 0x0000
[9792] [M]: 0x0000000080045C68 (0x00000113) addi sp, zero, 0
x2 <- 0x0000000000000000
mem[X,0x0000000080045C6C] -> 0x006F
mem[X,0x0000000080045C6E] -> 0x00C0
[9793] [M]: 0x0000000080045C6C (0x00C0006F) jal zero, 12
mem[X,0x0000000080045C78] -> 0x4663
mem[X,0x0000000080045C7A] -> 0x00B5
[9794] [M]: 0x0000000080045C78 (0x00B54663) blt a0, a1, 12
mem[X,0x0000000080045C7C] -> 0x0113
mem[X,0x0000000080045C7E] -> 0x0021
[9795] [M]: 0x0000000080045C7C (0x00210113) addi sp, sp, 2
x2 <- 0x0000000000000002
mem[X,0x0000000080045C80] -> 0x006F
mem[X,0x0000000080045C82] -> 0x00C0
[9796] [M]: 0x0000000080045C80 (0x00C0006F) jal zero, 12
mem[X,0x0000000080045C8C] -> 0xBC23
mem[X,0x0000000080045C8E] -> 0x1E20
[9797] [M]: 0x0000000080045C8C (0x1E20BC23) sd sp, 504(ra)
mem[0x00000000800503D0] <- 0x0000000000000002
mem[X,0x0000000080045C90] -> 0x6537
mem[X,0x0000000080045C92] -> 0x6666
[9798] [M]: 0x0000000080045C90 (0x66666537) lui a0, 419430
x10 <- 0x0000000066666000
mem[X,0x0000000080045C94] -> 0x0513
mem[X,0x0000000080045C96] -> 0x6665
[9799] [M]: 0x0000000080045C94 (0x66650513) addi a0, a0, 1638
x10 <- 0x0000000066666666
clint::tick mtime <- 0x0000000000000062
 clint timer pending at mtime 0x0000000000000062
htif::tick 0x0000000000000000
mem[X,0x0000000080045C98] -> 0x1513
mem[X,0x0000000080045C9A] -> 0x00B5
[9800] [M]: 0x0000000080045C98 (0x00B51513) slli a0, a0, 11
x10 <- 0x0000033333333000
mem[X,0x0000000080045C9C] -> 0x0513
mem[X,0x0000000080045C9E] -> 0x3335
[9801] [M]: 0x0000000080045C9C (0x33350513) addi a0, a0, 819
x10 <- 0x0000033333333333
mem[X,0x0000000080045CA0] -> 0x1513
mem[X,0x0000000080045CA2] -> 0x00B5
[9802] [M]: 0x0000000080045CA0 (0x00B51513) slli a0, a0, 11
x10 <- 0x0019999999999800
mem[X,0x0000000080045CA4] -> 0x0513
mem[X,0x0000000080045CA6] -> 0x1995
[9803] [M]: 0x0000000080045CA4 (0x19950513) addi a0, a0, 409
x10 <- 0x0019999999999999
mem[X,0x0000000080045CA8] -> 0x1513
mem[X,0x0000000080045CAA] -> 0x00A5
[9804] [M]: 0x0000000080045CA8 (0x00A51513) slli a0, a0, 10
x10 <- 0x6666666666666400
mem[X,0x0000000080045CAC] -> 0x0513
mem[X,0x0000000080045CAE] -> 0x2675
[9805] [M]: 0x0000000080045CAC (0x26750513) addi a0, a0, 615
x10 <- 0x6666666666666667
mem[X,0x0000000080045CB0] -> 0x0593
mem[X,0x0000000080045CB2] -> 0x0020
[9806] [M]: 0x0000000080045CB0 (0x00200593) addi a1, zero, 2
x11 <- 0x0000000000000002
mem[X,0x0000000080045CB4] -> 0x0113
mem[X,0x0000000080045CB6] -> 0x0000
[9807] [M]: 0x0000000080045CB4 (0x00000113) addi sp, zero, 0
x2 <- 0x0000000000000000
mem[X,0x0000000080045CB8] -> 0x006F
mem[X,0x0000000080045CBA] -> 0x00C0
[9808] [M]: 0x0000000080045CB8 (0x00C0006F) jal zero, 12
mem[X,0x0000000080045CC4] -> 0x4063
mem[X,0x0000000080045CC6] -> 0x10B5
[9809] [M]: 0x0000000080045CC4 (0x10B54063) blt a0, a1, 256
mem[X,0x0000000080045CC8] -> 0x0113
mem[X,0x0000000080045CCA] -> 0x0021
[9810] [M]: 0x0000000080045CC8 (0x00210113) addi sp, sp, 2
x2 <- 0x0000000000000002
mem[X,0x0000000080045CCC] -> 0x006F
mem[X,0x0000000080045CCE] -> 0x1000
[9811] [M]: 0x0000000080045CCC (0x1000006F) jal zero, 256
mem[X,0x0000000080045DCC] -> 0xB023
mem[X,0x0000000080045DCE] -> 0x2020
[9812] [M]: 0x0000000080045DCC (0x2020B023) sd sp, 512(ra)
mem[0x00000000800503D8] <- 0x0000000000000002
mem[X,0x0000000080045DD0] -> 0x6537
mem[X,0x0000000080045DD2] -> 0x6666
[9813] [M]: 0x0000000080045DD0 (0x66666537) lui a0, 419430
x10 <- 0x0000000066666000
mem[X,0x0000000080045DD4] -> 0x0513
mem[X,0x0000000080045DD6] -> 0x6665
[9814] [M]: 0x0000000080045DD4 (0x66650513) addi a0, a0, 1638
x10 <- 0x0000000066666666
mem[X,0x0000000080045DD8] -> 0x1513
mem[X,0x0000000080045DDA] -> 0x00B5
[9815] [M]: 0x0000000080045DD8 (0x00B51513) slli a0, a0, 11
x10 <- 0x0000033333333000
mem[X,0x0000000080045DDC] -> 0x0513
mem[X,0x0000000080045DDE] -> 0x3335
[9816] [M]: 0x0000000080045DDC (0x33350513) addi a0, a0, 819
x10 <- 0x0000033333333333
mem[X,0x0000000080045DE0] -> 0x1513
mem[X,0x0000000080045DE2] -> 0x00B5
[9817] [M]: 0x0000000080045DE0 (0x00B51513) slli a0, a0, 11
x10 <- 0x0019999999999800
mem[X,0x0000000080045DE4] -> 0x0513
mem[X,0x0000000080045DE6] -> 0x1995
[9818] [M]: 0x0000000080045DE4 (0x19950513) addi a0, a0, 409
x10 <- 0x0019999999999999
mem[X,0x0000000080045DE8] -> 0x1513
mem[X,0x0000000080045DEA] -> 0x00A5
[9819] [M]: 0x0000000080045DE8 (0x00A51513) slli a0, a0, 10
x10 <- 0x6666666666666400
mem[X,0x0000000080045DEC] -> 0x0513
mem[X,0x0000000080045DEE] -> 0x2675
[9820] [M]: 0x0000000080045DEC (0x26750513) addi a0, a0, 615
x10 <- 0x6666666666666667
mem[X,0x0000000080045DF0] -> 0x55B7
mem[X,0x0000000080045DF2] -> 0x5555
[9821] [M]: 0x0000000080045DF0 (0x555555B7) lui a1, 349525
x11 <- 0x0000000055555000
mem[X,0x0000000080045DF4] -> 0x8593
mem[X,0x0000000080045DF6] -> 0x5555
[9822] [M]: 0x0000000080045DF4 (0x55558593) addi a1, a1, 1365
x11 <- 0x0000000055555555
mem[X,0x0000000080045DF8] -> 0x9593
mem[X,0x0000000080045DFA] -> 0x00B5
[9823] [M]: 0x0000000080045DF8 (0x00B59593) slli a1, a1, 11
x11 <- 0x000002AAAAAAA800
mem[X,0x0000000080045DFC] -> 0x8593
mem[X,0x0000000080045DFE] -> 0x2AA5
[9824] [M]: 0x0000000080045DFC (0x2AA58593) addi a1, a1, 682
x11 <- 0x000002AAAAAAAAAA
mem[X,0x0000000080045E00] -> 0x9593
mem[X,0x0000000080045E02] -> 0x00B5
[9825] [M]: 0x0000000080045E00 (0x00B59593) slli a1, a1, 11
x11 <- 0x0015555555555000
mem[X,0x0000000080045E04] -> 0x8593
mem[X,0x0000000080045E06] -> 0x5555
[9826] [M]: 0x0000000080045E04 (0x55558593) addi a1, a1, 1365
x11 <- 0x0015555555555555
mem[X,0x0000000080045E08] -> 0x9593
mem[X,0x0000000080045E0A] -> 0x00A5
[9827] [M]: 0x0000000080045E08 (0x00A59593) slli a1, a1, 10
x11 <- 0x5555555555555400
mem[X,0x0000000080045E0C] -> 0x8593
mem[X,0x0000000080045E0E] -> 0x1545
[9828] [M]: 0x0000000080045E0C (0x15458593) addi a1, a1, 340
x11 <- 0x5555555555555554
mem[X,0x0000000080045E10] -> 0x0113
mem[X,0x0000000080045E12] -> 0x0000
[9829] [M]: 0x0000000080045E10 (0x00000113) addi sp, zero, 0
x2 <- 0x0000000000000000
mem[X,0x0000000080045E14] -> 0x006F
mem[X,0x0000000080045E16] -> 0x0050
[9830] [M]: 0x0000000080045E14 (0x0050006F) jal zero, 2052
mem[X,0x0000000080046618] -> 0x40E3
mem[X,0x000000008004661A] -> 0x80B5
[9831] [M]: 0x0000000080046618 (0x80B540E3) blt a0, a1, 6144
mem[X,0x000000008004661C] -> 0x0113
mem[X,0x000000008004661E] -> 0x0021
[9832] [M]: 0x000000008004661C (0x00210113) addi sp, sp, 2
x2 <- 0x0000000000000002
mem[X,0x0000000080046620] -> 0x006F
mem[X,0x0000000080046622] -> 0x00C0
[9833] [M]: 0x0000000080046620 (0x00C0006F) jal zero, 12
mem[X,0x000000008004662C] -> 0xB423
mem[X,0x000000008004662E] -> 0x2020
[9834] [M]: 0x000000008004662C (0x2020B423) sd sp, 520(ra)
mem[0x00000000800503E0] <- 0x0000000000000002
mem[X,0x0000000080046630] -> 0x6537
mem[X,0x0000000080046632] -> 0x6666
[9835] [M]: 0x0000000080046630 (0x66666537) lui a0, 419430
x10 <- 0x0000000066666000
mem[X,0x0000000080046634] -> 0x0513
mem[X,0x0000000080046636] -> 0x6665
[9836] [M]: 0x0000000080046634 (0x66650513) addi a0, a0, 1638
x10 <- 0x0000000066666666
mem[X,0x0000000080046638] -> 0x1513
mem[X,0x000000008004663A] -> 0x00B5
[9837] [M]: 0x0000000080046638 (0x00B51513) slli a0, a0, 11
x10 <- 0x0000033333333000
mem[X,0x000000008004663C] -> 0x0513
mem[X,0x000000008004663E] -> 0x3335
[9838] [M]: 0x000000008004663C (0x33350513) addi a0, a0, 819
x10 <- 0x0000033333333333
mem[X,0x0000000080046640] -> 0x1513
mem[X,0x0000000080046642] -> 0x00B5
[9839] [M]: 0x0000000080046640 (0x00B51513) slli a0, a0, 11
x10 <- 0x0019999999999800
mem[X,0x0000000080046644] -> 0x0513
mem[X,0x0000000080046646] -> 0x1995
[9840] [M]: 0x0000000080046644 (0x19950513) addi a0, a0, 409
x10 <- 0x0019999999999999
mem[X,0x0000000080046648] -> 0x1513
mem[X,0x000000008004664A] -> 0x00A5
[9841] [M]: 0x0000000080046648 (0x00A51513) slli a0, a0, 10
x10 <- 0x6666666666666400
mem[X,0x000000008004664C] -> 0x0513
mem[X,0x000000008004664E] -> 0x2675
[9842] [M]: 0x000000008004664C (0x26750513) addi a0, a0, 615
x10 <- 0x6666666666666667
mem[X,0x0000000080046650] -> 0x0593
mem[X,0x0000000080046652] -> 0x0000
[9843] [M]: 0x0000000080046650 (0x00000593) addi a1, zero, 0
x11 <- 0x0000000000000000
mem[X,0x0000000080046654] -> 0x0113
mem[X,0x0000000080046656] -> 0x0000
[9844] [M]: 0x0000000080046654 (0x00000113) addi sp, zero, 0
x2 <- 0x0000000000000000
mem[X,0x0000000080046658] -> 0x006F
mem[X,0x000000008004665A] -> 0x00C0
[9845] [M]: 0x0000000080046658 (0x00C0006F) jal zero, 12
mem[X,0x0000000080046664] -> 0x4663
mem[X,0x0000000080046666] -> 0x00B5
[9846] [M]: 0x0000000080046664 (0x00B54663) blt a0, a1, 12
mem[X,0x0000000080046668] -> 0x0113
mem[X,0x000000008004666A] -> 0x0021
[9847] [M]: 0x0000000080046668 (0x00210113) addi sp, sp, 2
x2 <- 0x0000000000000002
mem[X,0x000000008004666C] -> 0x006F
mem[X,0x000000008004666E] -> 0x00C0
[9848] [M]: 0x000000008004666C (0x00C0006F) jal zero, 12
mem[X,0x0000000080046678] -> 0xB823
mem[X,0x000000008004667A] -> 0x2020
[9849] [M]: 0x0000000080046678 (0x2020B823) sd sp, 528(ra)
mem[0x00000000800503E8] <- 0x0000000000000002
mem[X,0x000000008004667C] -> 0x6537
mem[X,0x000000008004667E] -> 0x6666
[9850] [M]: 0x000000008004667C (0x66666537) lui a0, 419430
x10 <- 0x0000000066666000
mem[X,0x0000000080046680] -> 0x0513
mem[X,0x0000000080046682] -> 0x6665
[9851] [M]: 0x0000000080046680 (0x66650513) addi a0, a0, 1638
x10 <- 0x0000000066666666
mem[X,0x0000000080046684] -> 0x1513
mem[X,0x0000000080046686] -> 0x00B5
[9852] [M]: 0x0000000080046684 (0x00B51513) slli a0, a0, 11
x10 <- 0x0000033333333000
mem[X,0x0000000080046688] -> 0x0513
mem[X,0x000000008004668A] -> 0x3335
[9853] [M]: 0x0000000080046688 (0x33350513) addi a0, a0, 819
x10 <- 0x0000033333333333
mem[X,0x000000008004668C] -> 0x1513
mem[X,0x000000008004668E] -> 0x00B5
[9854] [M]: 0x000000008004668C (0x00B51513) slli a0, a0, 11
x10 <- 0x0019999999999800
mem[X,0x0000000080046690] -> 0x0513
mem[X,0x0000000080046692] -> 0x1995
[9855] [M]: 0x0000000080046690 (0x19950513) addi a0, a0, 409
x10 <- 0x0019999999999999
mem[X,0x0000000080046694] -> 0x1513
mem[X,0x0000000080046696] -> 0x00A5
[9856] [M]: 0x0000000080046694 (0x00A51513) slli a0, a0, 10
x10 <- 0x6666666666666400
mem[X,0x0000000080046698] -> 0x0513
mem[X,0x000000008004669A] -> 0x2675
[9857] [M]: 0x0000000080046698 (0x26750513) addi a0, a0, 615
x10 <- 0x6666666666666667
mem[X,0x000000008004669C] -> 0x0593
mem[X,0x000000008004669E] -> 0x0040
[9858] [M]: 0x000000008004669C (0x00400593) addi a1, zero, 4
x11 <- 0x0000000000000004
mem[X,0x00000000800466A0] -> 0x0113
mem[X,0x00000000800466A2] -> 0x0000
[9859] [M]: 0x00000000800466A0 (0x00000113) addi sp, zero, 0
x2 <- 0x0000000000000000
mem[X,0x00000000800466A4] -> 0x006F
mem[X,0x00000000800466A6] -> 0x00C0
[9860] [M]: 0x00000000800466A4 (0x00C0006F) jal zero, 12
mem[X,0x00000000800466B0] -> 0x4063
mem[X,0x00000000800466B2] -> 0x02B5
[9861] [M]: 0x00000000800466B0 (0x02B54063) blt a0, a1, 32
mem[X,0x00000000800466B4] -> 0x0113
mem[X,0x00000000800466B6] -> 0x0021
[9862] [M]: 0x00000000800466B4 (0x00210113) addi sp, sp, 2
x2 <- 0x0000000000000002
mem[X,0x00000000800466B8] -> 0x006F
mem[X,0x00000000800466BA] -> 0x0200
[9863] [M]: 0x00000000800466B8 (0x0200006F) jal zero, 32
mem[X,0x00000000800466D8] -> 0xBC23
mem[X,0x00000000800466DA] -> 0x2020
[9864] [M]: 0x00000000800466D8 (0x2020BC23) sd sp, 536(ra)
mem[0x00000000800503F0] <- 0x0000000000000002
mem[X,0x00000000800466DC] -> 0x6537
mem[X,0x00000000800466DE] -> 0x6666
[9865] [M]: 0x00000000800466DC (0x66666537) lui a0, 419430
x10 <- 0x0000000066666000
mem[X,0x00000000800466E0] -> 0x0513
mem[X,0x00000000800466E2] -> 0x6665
[9866] [M]: 0x00000000800466E0 (0x66650513) addi a0, a0, 1638
x10 <- 0x0000000066666666
mem[X,0x00000000800466E4] -> 0x1513
mem[X,0x00000000800466E6] -> 0x00B5
[9867] [M]: 0x00000000800466E4 (0x00B51513) slli a0, a0, 11
x10 <- 0x0000033333333000
mem[X,0x00000000800466E8] -> 0x0513
mem[X,0x00000000800466EA] -> 0x3335
[9868] [M]: 0x00000000800466E8 (0x33350513) addi a0, a0, 819
x10 <- 0x0000033333333333
mem[X,0x00000000800466EC] -> 0x1513
mem[X,0x00000000800466EE] -> 0x00B5
[9869] [M]: 0x00000000800466EC (0x00B51513) slli a0, a0, 11
x10 <- 0x0019999999999800
mem[X,0x00000000800466F0] -> 0x0513
mem[X,0x00000000800466F2] -> 0x1995
[9870] [M]: 0x00000000800466F0 (0x19950513) addi a0, a0, 409
x10 <- 0x0019999999999999
mem[X,0x00000000800466F4] -> 0x1513
mem[X,0x00000000800466F6] -> 0x00A5
[9871] [M]: 0x00000000800466F4 (0x00A51513) slli a0, a0, 10
x10 <- 0x6666666666666400
mem[X,0x00000000800466F8] -> 0x0513
mem[X,0x00000000800466FA] -> 0x2675
[9872] [M]: 0x00000000800466F8 (0x26750513) addi a0, a0, 615
x10 <- 0x6666666666666667
mem[X,0x00000000800466FC] -> 0x35B7
mem[X,0x00000000800466FE] -> 0x3333
[9873] [M]: 0x00000000800466FC (0x333335B7) lui a1, 209715
x11 <- 0x0000000033333000
mem[X,0x0000000080046700] -> 0x8593
mem[X,0x0000000080046702] -> 0x3335
[9874] [M]: 0x0000000080046700 (0x33358593) addi a1, a1, 819
x11 <- 0x0000000033333333
mem[X,0x0000000080046704] -> 0x9593
mem[X,0x0000000080046706] -> 0x00B5
[9875] [M]: 0x0000000080046704 (0x00B59593) slli a1, a1, 11
x11 <- 0x0000019999999800
mem[X,0x0000000080046708] -> 0x8593
mem[X,0x000000008004670A] -> 0x1995
[9876] [M]: 0x0000000080046708 (0x19958593) addi a1, a1, 409
x11 <- 0x0000019999999999
mem[X,0x000000008004670C] -> 0x9593
mem[X,0x000000008004670E] -> 0x00B5
[9877] [M]: 0x000000008004670C (0x00B59593) slli a1, a1, 11
x11 <- 0x000CCCCCCCCCC800
mem[X,0x0000000080046710] -> 0x8593
mem[X,0x0000000080046712] -> 0x4CC5
[9878] [M]: 0x0000000080046710 (0x4CC58593) addi a1, a1, 1228
x11 <- 0x000CCCCCCCCCCCCC
mem[X,0x0000000080046714] -> 0x9593
mem[X,0x0000000080046716] -> 0x00A5
[9879] [M]: 0x0000000080046714 (0x00A59593) slli a1, a1, 10
x11 <- 0x3333333333333000
mem[X,0x0000000080046718] -> 0x8593
mem[X,0x000000008004671A] -> 0x3325
[9880] [M]: 0x0000000080046718 (0x33258593) addi a1, a1, 818
x11 <- 0x3333333333333332
mem[X,0x000000008004671C] -> 0x0113
mem[X,0x000000008004671E] -> 0x0000
[9881] [M]: 0x000000008004671C (0x00000113) addi sp, zero, 0
x2 <- 0x0000000000000000
mem[X,0x0000000080046720] -> 0x006F
mem[X,0x0000000080046722] -> 0x0100
[9882] [M]: 0x0000000080046720 (0x0100006F) jal zero, 16
mem[X,0x0000000080046730] -> 0x4AE3
mem[X,0x0000000080046732] -> 0xFEB5
[9883] [M]: 0x0000000080046730 (0xFEB54AE3) blt a0, a1, 8180
mem[X,0x0000000080046734] -> 0x0113
mem[X,0x0000000080046736] -> 0x0021
[9884] [M]: 0x0000000080046734 (0x00210113) addi sp, sp, 2
x2 <- 0x0000000000000002
mem[X,0x0000000080046738] -> 0x006F
mem[X,0x000000008004673A] -> 0x00C0
[9885] [M]: 0x0000000080046738 (0x00C0006F) jal zero, 12
mem[X,0x0000000080046744] -> 0xB023
mem[X,0x0000000080046746] -> 0x2220
[9886] [M]: 0x0000000080046744 (0x2220B023) sd sp, 544(ra)
mem[0x00000000800503F8] <- 0x0000000000000002
mem[X,0x0000000080046748] -> 0x6537
mem[X,0x000000008004674A] -> 0x6666
[9887] [M]: 0x0000000080046748 (0x66666537) lui a0, 419430
x10 <- 0x0000000066666000
mem[X,0x000000008004674C] -> 0x0513
mem[X,0x000000008004674E] -> 0x6665
[9888] [M]: 0x000000008004674C (0x66650513) addi a0, a0, 1638
x10 <- 0x0000000066666666
mem[X,0x0000000080046750] -> 0x1513
mem[X,0x0000000080046752] -> 0x00B5
[9889] [M]: 0x0000000080046750 (0x00B51513) slli a0, a0, 11
x10 <- 0x0000033333333000
mem[X,0x0000000080046754] -> 0x0513
mem[X,0x0000000080046756] -> 0x3335
[9890] [M]: 0x0000000080046754 (0x33350513) addi a0, a0, 819
x10 <- 0x0000033333333333
mem[X,0x0000000080046758] -> 0x1513
mem[X,0x000000008004675A] -> 0x00B5
[9891] [M]: 0x0000000080046758 (0x00B51513) slli a0, a0, 11
x10 <- 0x0019999999999800
mem[X,0x000000008004675C] -> 0x0513
mem[X,0x000000008004675E] -> 0x1995
[9892] [M]: 0x000000008004675C (0x19950513) addi a0, a0, 409
x10 <- 0x0019999999999999
mem[X,0x0000000080046760] -> 0x1513
mem[X,0x0000000080046762] -> 0x00A5
[9893] [M]: 0x0000000080046760 (0x00A51513) slli a0, a0, 10
x10 <- 0x6666666666666400
mem[X,0x0000000080046764] -> 0x0513
mem[X,0x0000000080046766] -> 0x2675
[9894] [M]: 0x0000000080046764 (0x26750513) addi a0, a0, 615
x10 <- 0x6666666666666667
mem[X,0x0000000080046768] -> 0x65B7
mem[X,0x000000008004676A] -> 0x6666
[9895] [M]: 0x0000000080046768 (0x666665B7) lui a1, 419430
x11 <- 0x0000000066666000
mem[X,0x000000008004676C] -> 0x8593
mem[X,0x000000008004676E] -> 0x6665
[9896] [M]: 0x000000008004676C (0x66658593) addi a1, a1, 1638
x11 <- 0x0000000066666666
mem[X,0x0000000080046770] -> 0x9593
mem[X,0x0000000080046772] -> 0x00B5
[9897] [M]: 0x0000000080046770 (0x00B59593) slli a1, a1, 11
x11 <- 0x0000033333333000
mem[X,0x0000000080046774] -> 0x8593
mem[X,0x0000000080046776] -> 0x3335
[9898] [M]: 0x0000000080046774 (0x33358593) addi a1, a1, 819
x11 <- 0x0000033333333333
mem[X,0x0000000080046778] -> 0x9593
mem[X,0x000000008004677A] -> 0x00B5
[9899] [M]: 0x0000000080046778 (0x00B59593) slli a1, a1, 11
x11 <- 0x0019999999999800
clint::tick mtime <- 0x0000000000000063
 clint timer pending at mtime 0x0000000000000063
htif::tick 0x0000000000000000
mem[X,0x000000008004677C] -> 0x8593
mem[X,0x000000008004677E] -> 0x1995
[9900] [M]: 0x000000008004677C (0x19958593) addi a1, a1, 409
x11 <- 0x0019999999999999
mem[X,0x0000000080046780] -> 0x9593
mem[X,0x0000000080046782] -> 0x00A5
[9901] [M]: 0x0000000080046780 (0x00A59593) slli a1, a1, 10
x11 <- 0x6666666666666400
mem[X,0x0000000080046784] -> 0x8593
mem[X,0x0000000080046786] -> 0x2655
[9902] [M]: 0x0000000080046784 (0x26558593) addi a1, a1, 613
x11 <- 0x6666666666666665
mem[X,0x0000000080046788] -> 0x0113
mem[X,0x000000008004678A] -> 0x0000
[9903] [M]: 0x0000000080046788 (0x00000113) addi sp, zero, 0
x2 <- 0x0000000000000000
mem[X,0x000000008004678C] -> 0x006F
mem[X,0x000000008004678E] -> 0x00C0
[9904] [M]: 0x000000008004678C (0x00C0006F) jal zero, 12
mem[X,0x0000000080046798] -> 0x4063
mem[X,0x000000008004679A] -> 0x04B5
[9905] [M]: 0x0000000080046798 (0x04B54063) blt a0, a1, 64
mem[X,0x000000008004679C] -> 0x0113
mem[X,0x000000008004679E] -> 0x0021
[9906] [M]: 0x000000008004679C (0x00210113) addi sp, sp, 2
x2 <- 0x0000000000000002
mem[X,0x00000000800467A0] -> 0x006F
mem[X,0x00000000800467A2] -> 0x0400
[9907] [M]: 0x00000000800467A0 (0x0400006F) jal zero, 64
mem[X,0x00000000800467E0] -> 0xB423
mem[X,0x00000000800467E2] -> 0x2220
[9908] [M]: 0x00000000800467E0 (0x2220B423) sd sp, 552(ra)
mem[0x0000000080050400] <- 0x0000000000000002
mem[X,0x00000000800467E4] -> 0x6537
mem[X,0x00000000800467E6] -> 0x6666
[9909] [M]: 0x00000000800467E4 (0x66666537) lui a0, 419430
x10 <- 0x0000000066666000
mem[X,0x00000000800467E8] -> 0x0513
mem[X,0x00000000800467EA] -> 0x6665
[9910] [M]: 0x00000000800467E8 (0x66650513) addi a0, a0, 1638
x10 <- 0x0000000066666666
mem[X,0x00000000800467EC] -> 0x1513
mem[X,0x00000000800467EE] -> 0x00B5
[9911] [M]: 0x00000000800467EC (0x00B51513) slli a0, a0, 11
x10 <- 0x0000033333333000
mem[X,0x00000000800467F0] -> 0x0513
mem[X,0x00000000800467F2] -> 0x3335
[9912] [M]: 0x00000000800467F0 (0x33350513) addi a0, a0, 819
x10 <- 0x0000033333333333
mem[X,0x00000000800467F4] -> 0x1513
mem[X,0x00000000800467F6] -> 0x00B5
[9913] [M]: 0x00000000800467F4 (0x00B51513) slli a0, a0, 11
x10 <- 0x0019999999999800
mem[X,0x00000000800467F8] -> 0x0513
mem[X,0x00000000800467FA] -> 0x1995
[9914] [M]: 0x00000000800467F8 (0x19950513) addi a0, a0, 409
x10 <- 0x0019999999999999
mem[X,0x00000000800467FC] -> 0x1513
mem[X,0x00000000800467FE] -> 0x00A5
[9915] [M]: 0x00000000800467FC (0x00A51513) slli a0, a0, 10
x10 <- 0x6666666666666400
mem[X,0x0000000080046800] -> 0x0513
mem[X,0x0000000080046802] -> 0x2675
[9916] [M]: 0x0000000080046800 (0x26750513) addi a0, a0, 615
x10 <- 0x6666666666666667
mem[X,0x0000000080046804] -> 0x05B7
mem[X,0x0000000080046806] -> 0x0000
[9917] [M]: 0x0000000080046804 (0x000005B7) lui a1, 0
x11 <- 0x0000000000000000
mem[X,0x0000000080046808] -> 0x8593
mem[X,0x000000008004680A] -> 0x0005
[9918] [M]: 0x0000000080046808 (0x00058593) addi a1, a1, 0
x11 <- 0x0000000000000000
mem[X,0x000000008004680C] -> 0x9593
mem[X,0x000000008004680E] -> 0x00B5
[9919] [M]: 0x000000008004680C (0x00B59593) slli a1, a1, 11
x11 <- 0x0000000000000000
mem[X,0x0000000080046810] -> 0x8593
mem[X,0x0000000080046812] -> 0x5A85
[9920] [M]: 0x0000000080046810 (0x5A858593) addi a1, a1, 1448
x11 <- 0x00000000000005A8
mem[X,0x0000000080046814] -> 0x9593
mem[X,0x0000000080046816] -> 0x00B5
[9921] [M]: 0x0000000080046814 (0x00B59593) slli a1, a1, 11
x11 <- 0x00000000002D4000
mem[X,0x0000000080046818] -> 0x8593
mem[X,0x000000008004681A] -> 0x13C5
[9922] [M]: 0x0000000080046818 (0x13C58593) addi a1, a1, 316
x11 <- 0x00000000002D413C
mem[X,0x000000008004681C] -> 0x9593
mem[X,0x000000008004681E] -> 0x00A5
[9923] [M]: 0x000000008004681C (0x00A59593) slli a1, a1, 10
x11 <- 0x00000000B504F000
mem[X,0x0000000080046820] -> 0x8593
mem[X,0x0000000080046822] -> 0x3325
[9924] [M]: 0x0000000080046820 (0x33258593) addi a1, a1, 818
x11 <- 0x00000000B504F332
mem[X,0x0000000080046824] -> 0x0113
mem[X,0x0000000080046826] -> 0x0000
[9925] [M]: 0x0000000080046824 (0x00000113) addi sp, zero, 0
x2 <- 0x0000000000000000
mem[X,0x0000000080046828] -> 0x006F
mem[X,0x000000008004682A] -> 0x2B10
[9926] [M]: 0x0000000080046828 (0x2B10006F) jal zero, 2736
mem[X,0x00000000800472D8] -> 0x4A63
mem[X,0x00000000800472DA] -> 0xD4B5
[9927] [M]: 0x00000000800472D8 (0xD4B54A63) blt a0, a1, 5460
mem[X,0x00000000800472DC] -> 0x0113
mem[X,0x00000000800472DE] -> 0x0021
[9928] [M]: 0x00000000800472DC (0x00210113) addi sp, sp, 2
x2 <- 0x0000000000000002
mem[X,0x00000000800472E0] -> 0x006F
mem[X,0x00000000800472E2] -> 0x00C0
[9929] [M]: 0x00000000800472E0 (0x00C0006F) jal zero, 12
mem[X,0x00000000800472EC] -> 0xB823
mem[X,0x00000000800472EE] -> 0x2220
[9930] [M]: 0x00000000800472EC (0x2220B823) sd sp, 560(ra)
mem[0x0000000080050408] <- 0x0000000000000002
mem[X,0x00000000800472F0] -> 0x6537
mem[X,0x00000000800472F2] -> 0x6666
[9931] [M]: 0x00000000800472F0 (0x66666537) lui a0, 419430
x10 <- 0x0000000066666000
mem[X,0x00000000800472F4] -> 0x0513
mem[X,0x00000000800472F6] -> 0x6665
[9932] [M]: 0x00000000800472F4 (0x66650513) addi a0, a0, 1638
x10 <- 0x0000000066666666
mem[X,0x00000000800472F8] -> 0x1513
mem[X,0x00000000800472FA] -> 0x00B5
[9933] [M]: 0x00000000800472F8 (0x00B51513) slli a0, a0, 11
x10 <- 0x0000033333333000
mem[X,0x00000000800472FC] -> 0x0513
mem[X,0x00000000800472FE] -> 0x3335
[9934] [M]: 0x00000000800472FC (0x33350513) addi a0, a0, 819
x10 <- 0x0000033333333333
mem[X,0x0000000080047300] -> 0x1513
mem[X,0x0000000080047302] -> 0x00B5
[9935] [M]: 0x0000000080047300 (0x00B51513) slli a0, a0, 11
x10 <- 0x0019999999999800
mem[X,0x0000000080047304] -> 0x0513
mem[X,0x0000000080047306] -> 0x1995
[9936] [M]: 0x0000000080047304 (0x19950513) addi a0, a0, 409
x10 <- 0x0019999999999999
mem[X,0x0000000080047308] -> 0x1513
mem[X,0x000000008004730A] -> 0x00A5
[9937] [M]: 0x0000000080047308 (0x00A51513) slli a0, a0, 10
x10 <- 0x6666666666666400
mem[X,0x000000008004730C] -> 0x0513
mem[X,0x000000008004730E] -> 0x2675
[9938] [M]: 0x000000008004730C (0x26750513) addi a0, a0, 615
x10 <- 0x6666666666666667
mem[X,0x0000000080047310] -> 0x55B7
mem[X,0x0000000080047312] -> 0x5555
[9939] [M]: 0x0000000080047310 (0x555555B7) lui a1, 349525
x11 <- 0x0000000055555000
mem[X,0x0000000080047314] -> 0x8593
mem[X,0x0000000080047316] -> 0x5555
[9940] [M]: 0x0000000080047314 (0x55558593) addi a1, a1, 1365
x11 <- 0x0000000055555555
mem[X,0x0000000080047318] -> 0x9593
mem[X,0x000000008004731A] -> 0x00B5
[9941] [M]: 0x0000000080047318 (0x00B59593) slli a1, a1, 11
x11 <- 0x000002AAAAAAA800
mem[X,0x000000008004731C] -> 0x8593
mem[X,0x000000008004731E] -> 0x2AA5
[9942] [M]: 0x000000008004731C (0x2AA58593) addi a1, a1, 682
x11 <- 0x000002AAAAAAAAAA
mem[X,0x0000000080047320] -> 0x9593
mem[X,0x0000000080047322] -> 0x00B5
[9943] [M]: 0x0000000080047320 (0x00B59593) slli a1, a1, 11
x11 <- 0x0015555555555000
mem[X,0x0000000080047324] -> 0x8593
mem[X,0x0000000080047326] -> 0x5555
[9944] [M]: 0x0000000080047324 (0x55558593) addi a1, a1, 1365
x11 <- 0x0015555555555555
mem[X,0x0000000080047328] -> 0x9593
mem[X,0x000000008004732A] -> 0x00A5
[9945] [M]: 0x0000000080047328 (0x00A59593) slli a1, a1, 10
x11 <- 0x5555555555555400
mem[X,0x000000008004732C] -> 0x8593
mem[X,0x000000008004732E] -> 0x1565
[9946] [M]: 0x000000008004732C (0x15658593) addi a1, a1, 342
x11 <- 0x5555555555555556
mem[X,0x0000000080047330] -> 0x0113
mem[X,0x0000000080047332] -> 0x0000
[9947] [M]: 0x0000000080047330 (0x00000113) addi sp, zero, 0
x2 <- 0x0000000000000000
mem[X,0x0000000080047334] -> 0x006F
mem[X,0x0000000080047336] -> 0x00C0
[9948] [M]: 0x0000000080047334 (0x00C0006F) jal zero, 12
mem[X,0x0000000080047340] -> 0x4663
mem[X,0x0000000080047342] -> 0x00B5
[9949] [M]: 0x0000000080047340 (0x00B54663) blt a0, a1, 12
mem[X,0x0000000080047344] -> 0x0113
mem[X,0x0000000080047346] -> 0x0021
[9950] [M]: 0x0000000080047344 (0x00210113) addi sp, sp, 2
x2 <- 0x0000000000000002
mem[X,0x0000000080047348] -> 0x006F
mem[X,0x000000008004734A] -> 0x00C0
[9951] [M]: 0x0000000080047348 (0x00C0006F) jal zero, 12
mem[X,0x0000000080047354] -> 0xBC23
mem[X,0x0000000080047356] -> 0x2220
[9952] [M]: 0x0000000080047354 (0x2220BC23) sd sp, 568(ra)
mem[0x0000000080050410] <- 0x0000000000000002
mem[X,0x0000000080047358] -> 0x6537
mem[X,0x000000008004735A] -> 0x6666
[9953] [M]: 0x0000000080047358 (0x66666537) lui a0, 419430
x10 <- 0x0000000066666000
mem[X,0x000000008004735C] -> 0x0513
mem[X,0x000000008004735E] -> 0x6665
[9954] [M]: 0x000000008004735C (0x66650513) addi a0, a0, 1638
x10 <- 0x0000000066666666
mem[X,0x0000000080047360] -> 0x1513
mem[X,0x0000000080047362] -> 0x00B5
[9955] [M]: 0x0000000080047360 (0x00B51513) slli a0, a0, 11
x10 <- 0x0000033333333000
mem[X,0x0000000080047364] -> 0x0513
mem[X,0x0000000080047366] -> 0x3335
[9956] [M]: 0x0000000080047364 (0x33350513) addi a0, a0, 819
x10 <- 0x0000033333333333
mem[X,0x0000000080047368] -> 0x1513
mem[X,0x000000008004736A] -> 0x00B5
[9957] [M]: 0x0000000080047368 (0x00B51513) slli a0, a0, 11
x10 <- 0x0019999999999800
mem[X,0x000000008004736C] -> 0x0513
mem[X,0x000000008004736E] -> 0x1995
[9958] [M]: 0x000000008004736C (0x19950513) addi a0, a0, 409
x10 <- 0x0019999999999999
mem[X,0x0000000080047370] -> 0x1513
mem[X,0x0000000080047372] -> 0x00A5
[9959] [M]: 0x0000000080047370 (0x00A51513) slli a0, a0, 10
x10 <- 0x6666666666666400
mem[X,0x0000000080047374] -> 0x0513
mem[X,0x0000000080047376] -> 0x2675
[9960] [M]: 0x0000000080047374 (0x26750513) addi a0, a0, 615
x10 <- 0x6666666666666667
mem[X,0x0000000080047378] -> 0xB5B7
mem[X,0x000000008004737A] -> 0xAAAA
[9961] [M]: 0x0000000080047378 (0xAAAAB5B7) lui a1, 699051
x11 <- 0xFFFFFFFFAAAAB000
mem[X,0x000000008004737C] -> 0x8593
mem[X,0x000000008004737E] -> 0xAAA5
[9962] [M]: 0x000000008004737C (0xAAA58593) addi a1, a1, 2730
x11 <- 0xFFFFFFFFAAAAAAAA
mem[X,0x0000000080047380] -> 0x9593
mem[X,0x0000000080047382] -> 0x00B5
[9963] [M]: 0x0000000080047380 (0x00B59593) slli a1, a1, 11
x11 <- 0xFFFFFD5555555000
mem[X,0x0000000080047384] -> 0x8593
mem[X,0x0000000080047386] -> 0x5555
[9964] [M]: 0x0000000080047384 (0x55558593) addi a1, a1, 1365
x11 <- 0xFFFFFD5555555555
mem[X,0x0000000080047388] -> 0x9593
mem[X,0x000000008004738A] -> 0x00B5
[9965] [M]: 0x0000000080047388 (0x00B59593) slli a1, a1, 11
x11 <- 0xFFEAAAAAAAAAA800
mem[X,0x000000008004738C] -> 0x8593
mem[X,0x000000008004738E] -> 0x2AA5
[9966] [M]: 0x000000008004738C (0x2AA58593) addi a1, a1, 682
x11 <- 0xFFEAAAAAAAAAAAAA
mem[X,0x0000000080047390] -> 0x9593
mem[X,0x0000000080047392] -> 0x00A5
[9967] [M]: 0x0000000080047390 (0x00A59593) slli a1, a1, 10
x11 <- 0xAAAAAAAAAAAAA800
mem[X,0x0000000080047394] -> 0x8593
mem[X,0x0000000080047396] -> 0x2AB5
[9968] [M]: 0x0000000080047394 (0x2AB58593) addi a1, a1, 683
x11 <- 0xAAAAAAAAAAAAAAAB
mem[X,0x0000000080047398] -> 0x0113
mem[X,0x000000008004739A] -> 0x0000
[9969] [M]: 0x0000000080047398 (0x00000113) addi sp, zero, 0
x2 <- 0x0000000000000000
mem[X,0x000000008004739C] -> 0x006F
mem[X,0x000000008004739E] -> 0x0180
[9970] [M]: 0x000000008004739C (0x0180006F) jal zero, 24
mem[X,0x00000000800473B4] -> 0x46E3
mem[X,0x00000000800473B6] -> 0xFEB5
[9971] [M]: 0x00000000800473B4 (0xFEB546E3) blt a0, a1, 8172
mem[X,0x00000000800473B8] -> 0x0113
mem[X,0x00000000800473BA] -> 0x0021
[9972] [M]: 0x00000000800473B8 (0x00210113) addi sp, sp, 2
x2 <- 0x0000000000000002
mem[X,0x00000000800473BC] -> 0x006F
mem[X,0x00000000800473BE] -> 0x00C0
[9973] [M]: 0x00000000800473BC (0x00C0006F) jal zero, 12
mem[X,0x00000000800473C8] -> 0xB023
mem[X,0x00000000800473CA] -> 0x2420
[9974] [M]: 0x00000000800473C8 (0x2420B023) sd sp, 576(ra)
mem[0x0000000080050418] <- 0x0000000000000002
mem[X,0x00000000800473CC] -> 0x6537
mem[X,0x00000000800473CE] -> 0x6666
[9975] [M]: 0x00000000800473CC (0x66666537) lui a0, 419430
x10 <- 0x0000000066666000
mem[X,0x00000000800473D0] -> 0x0513
mem[X,0x00000000800473D2] -> 0x6665
[9976] [M]: 0x00000000800473D0 (0x66650513) addi a0, a0, 1638
x10 <- 0x0000000066666666
mem[X,0x00000000800473D4] -> 0x1513
mem[X,0x00000000800473D6] -> 0x00B5
[9977] [M]: 0x00000000800473D4 (0x00B51513) slli a0, a0, 11
x10 <- 0x0000033333333000
mem[X,0x00000000800473D8] -> 0x0513
mem[X,0x00000000800473DA] -> 0x3335
[9978] [M]: 0x00000000800473D8 (0x33350513) addi a0, a0, 819
x10 <- 0x0000033333333333
mem[X,0x00000000800473DC] -> 0x1513
mem[X,0x00000000800473DE] -> 0x00B5
[9979] [M]: 0x00000000800473DC (0x00B51513) slli a0, a0, 11
x10 <- 0x0019999999999800
mem[X,0x00000000800473E0] -> 0x0513
mem[X,0x00000000800473E2] -> 0x1995
[9980] [M]: 0x00000000800473E0 (0x19950513) addi a0, a0, 409
x10 <- 0x0019999999999999
mem[X,0x00000000800473E4] -> 0x1513
mem[X,0x00000000800473E6] -> 0x00A5
[9981] [M]: 0x00000000800473E4 (0x00A51513) slli a0, a0, 10
x10 <- 0x6666666666666400
mem[X,0x00000000800473E8] -> 0x0513
mem[X,0x00000000800473EA] -> 0x2675
[9982] [M]: 0x00000000800473E8 (0x26750513) addi a0, a0, 615
x10 <- 0x6666666666666667
mem[X,0x00000000800473EC] -> 0x0593
mem[X,0x00000000800473EE] -> 0x0060
[9983] [M]: 0x00000000800473EC (0x00600593) addi a1, zero, 6
x11 <- 0x0000000000000006
mem[X,0x00000000800473F0] -> 0x0113
mem[X,0x00000000800473F2] -> 0x0000
[9984] [M]: 0x00000000800473F0 (0x00000113) addi sp, zero, 0
x2 <- 0x0000000000000000
mem[X,0x00000000800473F4] -> 0x006F
mem[X,0x00000000800473F6] -> 0x00C0
[9985] [M]: 0x00000000800473F4 (0x00C0006F) jal zero, 12
mem[X,0x0000000080047400] -> 0x4663
mem[X,0x0000000080047402] -> 0x00B5
[9986] [M]: 0x0000000080047400 (0x00B54663) blt a0, a1, 12
mem[X,0x0000000080047404] -> 0x0113
mem[X,0x0000000080047406] -> 0x0021
[9987] [M]: 0x0000000080047404 (0x00210113) addi sp, sp, 2
x2 <- 0x0000000000000002
mem[X,0x0000000080047408] -> 0x006F
mem[X,0x000000008004740A] -> 0x00C0
[9988] [M]: 0x0000000080047408 (0x00C0006F) jal zero, 12
mem[X,0x0000000080047414] -> 0xB423
mem[X,0x0000000080047416] -> 0x2420
[9989] [M]: 0x0000000080047414 (0x2420B423) sd sp, 584(ra)
mem[0x0000000080050420] <- 0x0000000000000002
mem[X,0x0000000080047418] -> 0x6537
mem[X,0x000000008004741A] -> 0x6666
[9990] [M]: 0x0000000080047418 (0x66666537) lui a0, 419430
x10 <- 0x0000000066666000
mem[X,0x000000008004741C] -> 0x0513
mem[X,0x000000008004741E] -> 0x6665
[9991] [M]: 0x000000008004741C (0x66650513) addi a0, a0, 1638
x10 <- 0x0000000066666666
mem[X,0x0000000080047420] -> 0x1513
mem[X,0x0000000080047422] -> 0x00B5
[9992] [M]: 0x0000000080047420 (0x00B51513) slli a0, a0, 11
x10 <- 0x0000033333333000
mem[X,0x0000000080047424] -> 0x0513
mem[X,0x0000000080047426] -> 0x3335
[9993] [M]: 0x0000000080047424 (0x33350513) addi a0, a0, 819
x10 <- 0x0000033333333333
mem[X,0x0000000080047428] -> 0x1513
mem[X,0x000000008004742A] -> 0x00B5
[9994] [M]: 0x0000000080047428 (0x00B51513) slli a0, a0, 11
x10 <- 0x0019999999999800
mem[X,0x000000008004742C] -> 0x0513
mem[X,0x000000008004742E] -> 0x1995
[9995] [M]: 0x000000008004742C (0x19950513) addi a0, a0, 409
x10 <- 0x0019999999999999
mem[X,0x0000000080047430] -> 0x1513
mem[X,0x0000000080047432] -> 0x00A5
[9996] [M]: 0x0000000080047430 (0x00A51513) slli a0, a0, 10
x10 <- 0x6666666666666400
mem[X,0x0000000080047434] -> 0x0513
mem[X,0x0000000080047436] -> 0x2675
[9997] [M]: 0x0000000080047434 (0x26750513) addi a0, a0, 615
x10 <- 0x6666666666666667
mem[X,0x0000000080047438] -> 0x35B7
mem[X,0x000000008004743A] -> 0x3333
[9998] [M]: 0x0000000080047438 (0x333335B7) lui a1, 209715
x11 <- 0x0000000033333000
mem[X,0x000000008004743C] -> 0x8593
mem[X,0x000000008004743E] -> 0x3335
[9999] [M]: 0x000000008004743C (0x33358593) addi a1, a1, 819
x11 <- 0x0000000033333333
clint::tick mtime <- 0x0000000000000064
 clint timer pending at mtime 0x0000000000000064
htif::tick 0x0000000000000000
mem[X,0x0000000080047440] -> 0x9593
mem[X,0x0000000080047442] -> 0x00B5
[10000] [M]: 0x0000000080047440 (0x00B59593) slli a1, a1, 11
x11 <- 0x0000019999999800
mem[X,0x0000000080047444] -> 0x8593
mem[X,0x0000000080047446] -> 0x1995
[10001] [M]: 0x0000000080047444 (0x19958593) addi a1, a1, 409
x11 <- 0x0000019999999999
mem[X,0x0000000080047448] -> 0x9593
mem[X,0x000000008004744A] -> 0x00B5
[10002] [M]: 0x0000000080047448 (0x00B59593) slli a1, a1, 11
x11 <- 0x000CCCCCCCCCC800
mem[X,0x000000008004744C] -> 0x8593
mem[X,0x000000008004744E] -> 0x4CC5
[10003] [M]: 0x000000008004744C (0x4CC58593) addi a1, a1, 1228
x11 <- 0x000CCCCCCCCCCCCC
mem[X,0x0000000080047450] -> 0x9593
mem[X,0x0000000080047452] -> 0x00A5
[10004] [M]: 0x0000000080047450 (0x00A59593) slli a1, a1, 10
x11 <- 0x3333333333333000
mem[X,0x0000000080047454] -> 0x8593
mem[X,0x0000000080047456] -> 0x3345
[10005] [M]: 0x0000000080047454 (0x33458593) addi a1, a1, 820
x11 <- 0x3333333333333334
mem[X,0x0000000080047458] -> 0x0113
mem[X,0x000000008004745A] -> 0x0000
[10006] [M]: 0x0000000080047458 (0x00000113) addi sp, zero, 0
x2 <- 0x0000000000000000
mem[X,0x000000008004745C] -> 0x006F
mem[X,0x000000008004745E] -> 0x00C0
[10007] [M]: 0x000000008004745C (0x00C0006F) jal zero, 12
mem[X,0x0000000080047468] -> 0x4063
mem[X,0x000000008004746A] -> 0x02B5
[10008] [M]: 0x0000000080047468 (0x02B54063) blt a0, a1, 32
mem[X,0x000000008004746C] -> 0x0113
mem[X,0x000000008004746E] -> 0x0021
[10009] [M]: 0x000000008004746C (0x00210113) addi sp, sp, 2
x2 <- 0x0000000000000002
mem[X,0x0000000080047470] -> 0x006F
mem[X,0x0000000080047472] -> 0x0200
[10010] [M]: 0x0000000080047470 (0x0200006F) jal zero, 32
mem[X,0x0000000080047490] -> 0xB823
mem[X,0x0000000080047492] -> 0x2420
[10011] [M]: 0x0000000080047490 (0x2420B823) sd sp, 592(ra)
mem[0x0000000080050428] <- 0x0000000000000002
mem[X,0x0000000080047494] -> 0x6537
mem[X,0x0000000080047496] -> 0x6666
[10012] [M]: 0x0000000080047494 (0x66666537) lui a0, 419430
x10 <- 0x0000000066666000
mem[X,0x0000000080047498] -> 0x0513
mem[X,0x000000008004749A] -> 0x6665
[10013] [M]: 0x0000000080047498 (0x66650513) addi a0, a0, 1638
x10 <- 0x0000000066666666
mem[X,0x000000008004749C] -> 0x1513
mem[X,0x000000008004749E] -> 0x00B5
[10014] [M]: 0x000000008004749C (0x00B51513) slli a0, a0, 11
x10 <- 0x0000033333333000
mem[X,0x00000000800474A0] -> 0x0513
mem[X,0x00000000800474A2] -> 0x3335
[10015] [M]: 0x00000000800474A0 (0x33350513) addi a0, a0, 819
x10 <- 0x0000033333333333
mem[X,0x00000000800474A4] -> 0x1513
mem[X,0x00000000800474A6] -> 0x00B5
[10016] [M]: 0x00000000800474A4 (0x00B51513) slli a0, a0, 11
x10 <- 0x0019999999999800
mem[X,0x00000000800474A8] -> 0x0513
mem[X,0x00000000800474AA] -> 0x1995
[10017] [M]: 0x00000000800474A8 (0x19950513) addi a0, a0, 409
x10 <- 0x0019999999999999
mem[X,0x00000000800474AC] -> 0x1513
mem[X,0x00000000800474AE] -> 0x00A5
[10018] [M]: 0x00000000800474AC (0x00A51513) slli a0, a0, 10
x10 <- 0x6666666666666400
mem[X,0x00000000800474B0] -> 0x0513
mem[X,0x00000000800474B2] -> 0x2675
[10019] [M]: 0x00000000800474B0 (0x26750513) addi a0, a0, 615
x10 <- 0x6666666666666667
mem[X,0x00000000800474B4] -> 0x65B7
mem[X,0x00000000800474B6] -> 0x6666
[10020] [M]: 0x00000000800474B4 (0x666665B7) lui a1, 419430
x11 <- 0x0000000066666000
mem[X,0x00000000800474B8] -> 0x8593
mem[X,0x00000000800474BA] -> 0x6665
[10021] [M]: 0x00000000800474B8 (0x66658593) addi a1, a1, 1638
x11 <- 0x0000000066666666
mem[X,0x00000000800474BC] -> 0x9593
mem[X,0x00000000800474BE] -> 0x00B5
[10022] [M]: 0x00000000800474BC (0x00B59593) slli a1, a1, 11
x11 <- 0x0000033333333000
mem[X,0x00000000800474C0] -> 0x8593
mem[X,0x00000000800474C2] -> 0x3335
[10023] [M]: 0x00000000800474C0 (0x33358593) addi a1, a1, 819
x11 <- 0x0000033333333333
mem[X,0x00000000800474C4] -> 0x9593
mem[X,0x00000000800474C6] -> 0x00B5
[10024] [M]: 0x00000000800474C4 (0x00B59593) slli a1, a1, 11
x11 <- 0x0019999999999800
mem[X,0x00000000800474C8] -> 0x8593
mem[X,0x00000000800474CA] -> 0x1995
[10025] [M]: 0x00000000800474C8 (0x19958593) addi a1, a1, 409
x11 <- 0x0019999999999999
mem[X,0x00000000800474CC] -> 0x9593
mem[X,0x00000000800474CE] -> 0x00A5
[10026] [M]: 0x00000000800474CC (0x00A59593) slli a1, a1, 10
x11 <- 0x6666666666666400
mem[X,0x00000000800474D0] -> 0x8593
mem[X,0x00000000800474D2] -> 0x2675
[10027] [M]: 0x00000000800474D0 (0x26758593) addi a1, a1, 615
x11 <- 0x6666666666666667
mem[X,0x00000000800474D4] -> 0x0113
mem[X,0x00000000800474D6] -> 0x0000
[10028] [M]: 0x00000000800474D4 (0x00000113) addi sp, zero, 0
x2 <- 0x0000000000000000
mem[X,0x00000000800474D8] -> 0x006F
mem[X,0x00000000800474DA] -> 0x00C0
[10029] [M]: 0x00000000800474D8 (0x00C0006F) jal zero, 12
mem[X,0x00000000800474E4] -> 0x4CE3
mem[X,0x00000000800474E6] -> 0xFEB5
[10030] [M]: 0x00000000800474E4 (0xFEB54CE3) blt a0, a1, 8184
mem[X,0x00000000800474E8] -> 0x0113
mem[X,0x00000000800474EA] -> 0x0021
[10031] [M]: 0x00000000800474E8 (0x00210113) addi sp, sp, 2
x2 <- 0x0000000000000002
mem[X,0x00000000800474EC] -> 0x006F
mem[X,0x00000000800474EE] -> 0x00C0
[10032] [M]: 0x00000000800474EC (0x00C0006F) jal zero, 12
mem[X,0x00000000800474F8] -> 0xBC23
mem[X,0x00000000800474FA] -> 0x2420
[10033] [M]: 0x00000000800474F8 (0x2420BC23) sd sp, 600(ra)
mem[0x0000000080050430] <- 0x0000000000000002
mem[X,0x00000000800474FC] -> 0x6537
mem[X,0x00000000800474FE] -> 0x6666
[10034] [M]: 0x00000000800474FC (0x66666537) lui a0, 419430
x10 <- 0x0000000066666000
mem[X,0x0000000080047500] -> 0x0513
mem[X,0x0000000080047502] -> 0x6665
[10035] [M]: 0x0000000080047500 (0x66650513) addi a0, a0, 1638
x10 <- 0x0000000066666666
mem[X,0x0000000080047504] -> 0x1513
mem[X,0x0000000080047506] -> 0x00B5
[10036] [M]: 0x0000000080047504 (0x00B51513) slli a0, a0, 11
x10 <- 0x0000033333333000
mem[X,0x0000000080047508] -> 0x0513
mem[X,0x000000008004750A] -> 0x3335
[10037] [M]: 0x0000000080047508 (0x33350513) addi a0, a0, 819
x10 <- 0x0000033333333333
mem[X,0x000000008004750C] -> 0x1513
mem[X,0x000000008004750E] -> 0x00B5
[10038] [M]: 0x000000008004750C (0x00B51513) slli a0, a0, 11
x10 <- 0x0019999999999800
mem[X,0x0000000080047510] -> 0x0513
mem[X,0x0000000080047512] -> 0x1995
[10039] [M]: 0x0000000080047510 (0x19950513) addi a0, a0, 409
x10 <- 0x0019999999999999
mem[X,0x0000000080047514] -> 0x1513
mem[X,0x0000000080047516] -> 0x00A5
[10040] [M]: 0x0000000080047514 (0x00A51513) slli a0, a0, 10
x10 <- 0x6666666666666400
mem[X,0x0000000080047518] -> 0x0513
mem[X,0x000000008004751A] -> 0x2675
[10041] [M]: 0x0000000080047518 (0x26750513) addi a0, a0, 615
x10 <- 0x6666666666666667
mem[X,0x000000008004751C] -> 0x05B7
mem[X,0x000000008004751E] -> 0x0000
[10042] [M]: 0x000000008004751C (0x000005B7) lui a1, 0
x11 <- 0x0000000000000000
mem[X,0x0000000080047520] -> 0x8593
mem[X,0x0000000080047522] -> 0xFFF5
[10043] [M]: 0x0000000080047520 (0xFFF58593) addi a1, a1, 4095
x11 <- 0xFFFFFFFFFFFFFFFF
mem[X,0x0000000080047524] -> 0x9593
mem[X,0x0000000080047526] -> 0x00B5
[10044] [M]: 0x0000000080047524 (0x00B59593) slli a1, a1, 11
x11 <- 0xFFFFFFFFFFFFF800
mem[X,0x0000000080047528] -> 0x8593
mem[X,0x000000008004752A] -> 0x2575
[10045] [M]: 0x0000000080047528 (0x25758593) addi a1, a1, 599
x11 <- 0xFFFFFFFFFFFFFA57
mem[X,0x000000008004752C] -> 0x9593
mem[X,0x000000008004752E] -> 0x00B5
[10046] [M]: 0x000000008004752C (0x00B59593) slli a1, a1, 11
x11 <- 0xFFFFFFFFFFD2B800
mem[X,0x0000000080047530] -> 0x8593
mem[X,0x0000000080047532] -> 0x6C35
[10047] [M]: 0x0000000080047530 (0x6C358593) addi a1, a1, 1731
x11 <- 0xFFFFFFFFFFD2BEC3
mem[X,0x0000000080047534] -> 0x9593
mem[X,0x0000000080047536] -> 0x00A5
[10048] [M]: 0x0000000080047534 (0x00A59593) slli a1, a1, 10
x11 <- 0xFFFFFFFF4AFB0C00
mem[X,0x0000000080047538] -> 0x8593
mem[X,0x000000008004753A] -> 0x0CE5
[10049] [M]: 0x0000000080047538 (0x0CE58593) addi a1, a1, 206
x11 <- 0xFFFFFFFF4AFB0CCE
mem[X,0x000000008004753C] -> 0x0113
mem[X,0x000000008004753E] -> 0x0000
[10050] [M]: 0x000000008004753C (0x00000113) addi sp, zero, 0
x2 <- 0x0000000000000000
mem[X,0x0000000080047540] -> 0x006F
mem[X,0x0000000080047542] -> 0x00C0
[10051] [M]: 0x0000000080047540 (0x00C0006F) jal zero, 12
mem[X,0x000000008004754C] -> 0x4063
mem[X,0x000000008004754E] -> 0x02B5
[10052] [M]: 0x000000008004754C (0x02B54063) blt a0, a1, 32
mem[X,0x0000000080047550] -> 0x0113
mem[X,0x0000000080047552] -> 0x0021
[10053] [M]: 0x0000000080047550 (0x00210113) addi sp, sp, 2
x2 <- 0x0000000000000002
mem[X,0x0000000080047554] -> 0x006F
mem[X,0x0000000080047556] -> 0x0200
[10054] [M]: 0x0000000080047554 (0x0200006F) jal zero, 32
mem[X,0x0000000080047574] -> 0xB023
mem[X,0x0000000080047576] -> 0x2620
[10055] [M]: 0x0000000080047574 (0x2620B023) sd sp, 608(ra)
mem[0x0000000080050438] <- 0x0000000000000002
mem[X,0x0000000080047578] -> 0x6537
mem[X,0x000000008004757A] -> 0x6666
[10056] [M]: 0x0000000080047578 (0x66666537) lui a0, 419430
x10 <- 0x0000000066666000
mem[X,0x000000008004757C] -> 0x0513
mem[X,0x000000008004757E] -> 0x6665
[10057] [M]: 0x000000008004757C (0x66650513) addi a0, a0, 1638
x10 <- 0x0000000066666666
mem[X,0x0000000080047580] -> 0x1513
mem[X,0x0000000080047582] -> 0x00B5
[10058] [M]: 0x0000000080047580 (0x00B51513) slli a0, a0, 11
x10 <- 0x0000033333333000
mem[X,0x0000000080047584] -> 0x0513
mem[X,0x0000000080047586] -> 0x3335
[10059] [M]: 0x0000000080047584 (0x33350513) addi a0, a0, 819
x10 <- 0x0000033333333333
mem[X,0x0000000080047588] -> 0x1513
mem[X,0x000000008004758A] -> 0x00B5
[10060] [M]: 0x0000000080047588 (0x00B51513) slli a0, a0, 11
x10 <- 0x0019999999999800
mem[X,0x000000008004758C] -> 0x0513
mem[X,0x000000008004758E] -> 0x1995
[10061] [M]: 0x000000008004758C (0x19950513) addi a0, a0, 409
x10 <- 0x0019999999999999
mem[X,0x0000000080047590] -> 0x1513
mem[X,0x0000000080047592] -> 0x00A5
[10062] [M]: 0x0000000080047590 (0x00A51513) slli a0, a0, 10
x10 <- 0x6666666666666400
mem[X,0x0000000080047594] -> 0x0513
mem[X,0x0000000080047596] -> 0x2675
[10063] [M]: 0x0000000080047594 (0x26750513) addi a0, a0, 615
x10 <- 0x6666666666666667
mem[X,0x0000000080047598] -> 0x05B7
mem[X,0x000000008004759A] -> 0x0000
[10064] [M]: 0x0000000080047598 (0x000005B7) lui a1, 0
x11 <- 0x0000000000000000
mem[X,0x000000008004759C] -> 0x8593
mem[X,0x000000008004759E] -> 0x0005
[10065] [M]: 0x000000008004759C (0x00058593) addi a1, a1, 0
x11 <- 0x0000000000000000
mem[X,0x00000000800475A0] -> 0x9593
mem[X,0x00000000800475A2] -> 0x00B5
[10066] [M]: 0x00000000800475A0 (0x00B59593) slli a1, a1, 11
x11 <- 0x0000000000000000
mem[X,0x00000000800475A4] -> 0x8593
mem[X,0x00000000800475A6] -> 0x5A85
[10067] [M]: 0x00000000800475A4 (0x5A858593) addi a1, a1, 1448
x11 <- 0x00000000000005A8
mem[X,0x00000000800475A8] -> 0x9593
mem[X,0x00000000800475AA] -> 0x00B5
[10068] [M]: 0x00000000800475A8 (0x00B59593) slli a1, a1, 11
x11 <- 0x00000000002D4000
mem[X,0x00000000800475AC] -> 0x8593
mem[X,0x00000000800475AE] -> 0x13C5
[10069] [M]: 0x00000000800475AC (0x13C58593) addi a1, a1, 316
x11 <- 0x00000000002D413C
mem[X,0x00000000800475B0] -> 0x9593
mem[X,0x00000000800475B2] -> 0x00A5
[10070] [M]: 0x00000000800475B0 (0x00A59593) slli a1, a1, 10
x11 <- 0x00000000B504F000
mem[X,0x00000000800475B4] -> 0x8593
mem[X,0x00000000800475B6] -> 0x3345
[10071] [M]: 0x00000000800475B4 (0x33458593) addi a1, a1, 820
x11 <- 0x00000000B504F334
mem[X,0x00000000800475B8] -> 0x0113
mem[X,0x00000000800475BA] -> 0x0000
[10072] [M]: 0x00000000800475B8 (0x00000113) addi sp, zero, 0
x2 <- 0x0000000000000000
mem[X,0x00000000800475BC] -> 0x006F
mem[X,0x00000000800475BE] -> 0x00C0
[10073] [M]: 0x00000000800475BC (0x00C0006F) jal zero, 12
mem[X,0x00000000800475C8] -> 0x4063
mem[X,0x00000000800475CA] -> 0x02B5
[10074] [M]: 0x00000000800475C8 (0x02B54063) blt a0, a1, 32
mem[X,0x00000000800475CC] -> 0x0113
mem[X,0x00000000800475CE] -> 0x0021
[10075] [M]: 0x00000000800475CC (0x00210113) addi sp, sp, 2
x2 <- 0x0000000000000002
mem[X,0x00000000800475D0] -> 0x006F
mem[X,0x00000000800475D2] -> 0x0200
[10076] [M]: 0x00000000800475D0 (0x0200006F) jal zero, 32
mem[X,0x00000000800475F0] -> 0xB423
mem[X,0x00000000800475F2] -> 0x2620
[10077] [M]: 0x00000000800475F0 (0x2620B423) sd sp, 616(ra)
mem[0x0000000080050440] <- 0x0000000000000002
mem[X,0x00000000800475F4] -> 0x0537
mem[X,0x00000000800475F6] -> 0x0000
[10078] [M]: 0x00000000800475F4 (0x00000537) lui a0, 0
x10 <- 0x0000000000000000
mem[X,0x00000000800475F8] -> 0x0513
mem[X,0x00000000800475FA] -> 0xFFF5
[10079] [M]: 0x00000000800475F8 (0xFFF50513) addi a0, a0, 4095
x10 <- 0xFFFFFFFFFFFFFFFF
mem[X,0x00000000800475FC] -> 0x1513
mem[X,0x00000000800475FE] -> 0x00B5
[10080] [M]: 0x00000000800475FC (0x00B51513) slli a0, a0, 11
x10 <- 0xFFFFFFFFFFFFF800
mem[X,0x0000000080047600] -> 0x0513
mem[X,0x0000000080047602] -> 0x2575
[10081] [M]: 0x0000000080047600 (0x25750513) addi a0, a0, 599
x10 <- 0xFFFFFFFFFFFFFA57
mem[X,0x0000000080047604] -> 0x1513
mem[X,0x0000000080047606] -> 0x00B5
[10082] [M]: 0x0000000080047604 (0x00B51513) slli a0, a0, 11
x10 <- 0xFFFFFFFFFFD2B800
mem[X,0x0000000080047608] -> 0x0513
mem[X,0x000000008004760A] -> 0x6C35
[10083] [M]: 0x0000000080047608 (0x6C350513) addi a0, a0, 1731
x10 <- 0xFFFFFFFFFFD2BEC3
mem[X,0x000000008004760C] -> 0x1513
mem[X,0x000000008004760E] -> 0x00A5
[10084] [M]: 0x000000008004760C (0x00A51513) slli a0, a0, 10
x10 <- 0xFFFFFFFF4AFB0C00
mem[X,0x0000000080047610] -> 0x0513
mem[X,0x0000000080047612] -> 0x0CE5
[10085] [M]: 0x0000000080047610 (0x0CE50513) addi a0, a0, 206
x10 <- 0xFFFFFFFF4AFB0CCE
mem[X,0x0000000080047614] -> 0x0593
mem[X,0x0000000080047616] -> 0x0030
[10086] [M]: 0x0000000080047614 (0x00300593) addi a1, zero, 3
x11 <- 0x0000000000000003
mem[X,0x0000000080047618] -> 0x0113
mem[X,0x000000008004761A] -> 0x0000
[10087] [M]: 0x0000000080047618 (0x00000113) addi sp, zero, 0
x2 <- 0x0000000000000000
mem[X,0x000000008004761C] -> 0x006F
mem[X,0x000000008004761E] -> 0x00C0
[10088] [M]: 0x000000008004761C (0x00C0006F) jal zero, 12
mem[X,0x0000000080047628] -> 0x4663
mem[X,0x000000008004762A] -> 0x00B5
[10089] [M]: 0x0000000080047628 (0x00B54663) blt a0, a1, 12
mem[X,0x0000000080047634] -> 0x0113
mem[X,0x0000000080047636] -> 0x0031
[10090] [M]: 0x0000000080047634 (0x00310113) addi sp, sp, 3
x2 <- 0x0000000000000003
mem[X,0x0000000080047638] -> 0x006F
mem[X,0x000000008004763A] -> 0x0040
[10091] [M]: 0x0000000080047638 (0x0040006F) jal zero, 4
mem[X,0x000000008004763C] -> 0xB823
mem[X,0x000000008004763E] -> 0x2620
[10092] [M]: 0x000000008004763C (0x2620B823) sd sp, 624(ra)
mem[0x0000000080050448] <- 0x0000000000000003
mem[X,0x0000000080047640] -> 0x0537
mem[X,0x0000000080047642] -> 0x0000
[10093] [M]: 0x0000000080047640 (0x00000537) lui a0, 0
x10 <- 0x0000000000000000
mem[X,0x0000000080047644] -> 0x0513
mem[X,0x0000000080047646] -> 0xFFF5
[10094] [M]: 0x0000000080047644 (0xFFF50513) addi a0, a0, 4095
x10 <- 0xFFFFFFFFFFFFFFFF
mem[X,0x0000000080047648] -> 0x1513
mem[X,0x000000008004764A] -> 0x00B5
[10095] [M]: 0x0000000080047648 (0x00B51513) slli a0, a0, 11
x10 <- 0xFFFFFFFFFFFFF800
mem[X,0x000000008004764C] -> 0x0513
mem[X,0x000000008004764E] -> 0x2575
[10096] [M]: 0x000000008004764C (0x25750513) addi a0, a0, 599
x10 <- 0xFFFFFFFFFFFFFA57
mem[X,0x0000000080047650] -> 0x1513
mem[X,0x0000000080047652] -> 0x00B5
[10097] [M]: 0x0000000080047650 (0x00B51513) slli a0, a0, 11
x10 <- 0xFFFFFFFFFFD2B800
mem[X,0x0000000080047654] -> 0x0513
mem[X,0x0000000080047656] -> 0x6C35
[10098] [M]: 0x0000000080047654 (0x6C350513) addi a0, a0, 1731
x10 <- 0xFFFFFFFFFFD2BEC3
mem[X,0x0000000080047658] -> 0x1513
mem[X,0x000000008004765A] -> 0x00A5
[10099] [M]: 0x0000000080047658 (0x00A51513) slli a0, a0, 10
x10 <- 0xFFFFFFFF4AFB0C00
clint::tick mtime <- 0x0000000000000065
 clint timer pending at mtime 0x0000000000000065
htif::tick 0x0000000000000000
mem[X,0x000000008004765C] -> 0x0513
mem[X,0x000000008004765E] -> 0x0CE5
[10100] [M]: 0x000000008004765C (0x0CE50513) addi a0, a0, 206
x10 <- 0xFFFFFFFF4AFB0CCE
mem[X,0x0000000080047660] -> 0x55B7
mem[X,0x0000000080047662] -> 0x5555
[10101] [M]: 0x0000000080047660 (0x555555B7) lui a1, 349525
x11 <- 0x0000000055555000
mem[X,0x0000000080047664] -> 0x8593
mem[X,0x0000000080047666] -> 0x5555
[10102] [M]: 0x0000000080047664 (0x55558593) addi a1, a1, 1365
x11 <- 0x0000000055555555
mem[X,0x0000000080047668] -> 0x9593
mem[X,0x000000008004766A] -> 0x00B5
[10103] [M]: 0x0000000080047668 (0x00B59593) slli a1, a1, 11
x11 <- 0x000002AAAAAAA800
mem[X,0x000000008004766C] -> 0x8593
mem[X,0x000000008004766E] -> 0x2AA5
[10104] [M]: 0x000000008004766C (0x2AA58593) addi a1, a1, 682
x11 <- 0x000002AAAAAAAAAA
mem[X,0x0000000080047670] -> 0x9593
mem[X,0x0000000080047672] -> 0x00B5
[10105] [M]: 0x0000000080047670 (0x00B59593) slli a1, a1, 11
x11 <- 0x0015555555555000
mem[X,0x0000000080047674] -> 0x8593
mem[X,0x0000000080047676] -> 0x5555
[10106] [M]: 0x0000000080047674 (0x55558593) addi a1, a1, 1365
x11 <- 0x0015555555555555
mem[X,0x0000000080047678] -> 0x9593
mem[X,0x000000008004767A] -> 0x00A5
[10107] [M]: 0x0000000080047678 (0x00A59593) slli a1, a1, 10
x11 <- 0x5555555555555400
mem[X,0x000000008004767C] -> 0x8593
mem[X,0x000000008004767E] -> 0x1555
[10108] [M]: 0x000000008004767C (0x15558593) addi a1, a1, 341
x11 <- 0x5555555555555555
mem[X,0x0000000080047680] -> 0x0113
mem[X,0x0000000080047682] -> 0x0000
[10109] [M]: 0x0000000080047680 (0x00000113) addi sp, zero, 0
x2 <- 0x0000000000000000
mem[X,0x0000000080047684] -> 0x006F
mem[X,0x0000000080047686] -> 0x00C0
[10110] [M]: 0x0000000080047684 (0x00C0006F) jal zero, 12
mem[X,0x0000000080047690] -> 0x4063
mem[X,0x0000000080047692] -> 0x02B5
[10111] [M]: 0x0000000080047690 (0x02B54063) blt a0, a1, 32
mem[X,0x00000000800476B0] -> 0x0113
mem[X,0x00000000800476B2] -> 0x0031
[10112] [M]: 0x00000000800476B0 (0x00310113) addi sp, sp, 3
x2 <- 0x0000000000000003
mem[X,0x00000000800476B4] -> 0x006F
mem[X,0x00000000800476B6] -> 0x0040
[10113] [M]: 0x00000000800476B4 (0x0040006F) jal zero, 4
mem[X,0x00000000800476B8] -> 0xBC23
mem[X,0x00000000800476BA] -> 0x2620
[10114] [M]: 0x00000000800476B8 (0x2620BC23) sd sp, 632(ra)
mem[0x0000000080050450] <- 0x0000000000000003
mem[X,0x00000000800476BC] -> 0x0537
mem[X,0x00000000800476BE] -> 0x0000
[10115] [M]: 0x00000000800476BC (0x00000537) lui a0, 0
x10 <- 0x0000000000000000
mem[X,0x00000000800476C0] -> 0x0513
mem[X,0x00000000800476C2] -> 0xFFF5
[10116] [M]: 0x00000000800476C0 (0xFFF50513) addi a0, a0, 4095
x10 <- 0xFFFFFFFFFFFFFFFF
mem[X,0x00000000800476C4] -> 0x1513
mem[X,0x00000000800476C6] -> 0x00B5
[10117] [M]: 0x00000000800476C4 (0x00B51513) slli a0, a0, 11
x10 <- 0xFFFFFFFFFFFFF800
mem[X,0x00000000800476C8] -> 0x0513
mem[X,0x00000000800476CA] -> 0x2575
[10118] [M]: 0x00000000800476C8 (0x25750513) addi a0, a0, 599
x10 <- 0xFFFFFFFFFFFFFA57
mem[X,0x00000000800476CC] -> 0x1513
mem[X,0x00000000800476CE] -> 0x00B5
[10119] [M]: 0x00000000800476CC (0x00B51513) slli a0, a0, 11
x10 <- 0xFFFFFFFFFFD2B800
mem[X,0x00000000800476D0] -> 0x0513
mem[X,0x00000000800476D2] -> 0x6C35
[10120] [M]: 0x00000000800476D0 (0x6C350513) addi a0, a0, 1731
x10 <- 0xFFFFFFFFFFD2BEC3
mem[X,0x00000000800476D4] -> 0x1513
mem[X,0x00000000800476D6] -> 0x00A5
[10121] [M]: 0x00000000800476D4 (0x00A51513) slli a0, a0, 10
x10 <- 0xFFFFFFFF4AFB0C00
mem[X,0x00000000800476D8] -> 0x0513
mem[X,0x00000000800476DA] -> 0x0CE5
[10122] [M]: 0x00000000800476D8 (0x0CE50513) addi a0, a0, 206
x10 <- 0xFFFFFFFF4AFB0CCE
mem[X,0x00000000800476DC] -> 0xB5B7
mem[X,0x00000000800476DE] -> 0xAAAA
[10123] [M]: 0x00000000800476DC (0xAAAAB5B7) lui a1, 699051
x11 <- 0xFFFFFFFFAAAAB000
mem[X,0x00000000800476E0] -> 0x8593
mem[X,0x00000000800476E2] -> 0xAAA5
[10124] [M]: 0x00000000800476E0 (0xAAA58593) addi a1, a1, 2730
x11 <- 0xFFFFFFFFAAAAAAAA
mem[X,0x00000000800476E4] -> 0x9593
mem[X,0x00000000800476E6] -> 0x00B5
[10125] [M]: 0x00000000800476E4 (0x00B59593) slli a1, a1, 11
x11 <- 0xFFFFFD5555555000
mem[X,0x00000000800476E8] -> 0x8593
mem[X,0x00000000800476EA] -> 0x5555
[10126] [M]: 0x00000000800476E8 (0x55558593) addi a1, a1, 1365
x11 <- 0xFFFFFD5555555555
mem[X,0x00000000800476EC] -> 0x9593
mem[X,0x00000000800476EE] -> 0x00B5
[10127] [M]: 0x00000000800476EC (0x00B59593) slli a1, a1, 11
x11 <- 0xFFEAAAAAAAAAA800
mem[X,0x00000000800476F0] -> 0x8593
mem[X,0x00000000800476F2] -> 0x2AA5
[10128] [M]: 0x00000000800476F0 (0x2AA58593) addi a1, a1, 682
x11 <- 0xFFEAAAAAAAAAAAAA
mem[X,0x00000000800476F4] -> 0x9593
mem[X,0x00000000800476F6] -> 0x00A5
[10129] [M]: 0x00000000800476F4 (0x00A59593) slli a1, a1, 10
x11 <- 0xAAAAAAAAAAAAA800
mem[X,0x00000000800476F8] -> 0x8593
mem[X,0x00000000800476FA] -> 0x2AA5
[10130] [M]: 0x00000000800476F8 (0x2AA58593) addi a1, a1, 682
x11 <- 0xAAAAAAAAAAAAAAAA
mem[X,0x00000000800476FC] -> 0x0113
mem[X,0x00000000800476FE] -> 0x0000
[10131] [M]: 0x00000000800476FC (0x00000113) addi sp, zero, 0
x2 <- 0x0000000000000000
mem[X,0x0000000080047700] -> 0x006F
mem[X,0x0000000080047702] -> 0x00C0
[10132] [M]: 0x0000000080047700 (0x00C0006F) jal zero, 12
mem[X,0x000000008004770C] -> 0x4663
mem[X,0x000000008004770E] -> 0x00B5
[10133] [M]: 0x000000008004770C (0x00B54663) blt a0, a1, 12
mem[X,0x0000000080047710] -> 0x0113
mem[X,0x0000000080047712] -> 0x0021
[10134] [M]: 0x0000000080047710 (0x00210113) addi sp, sp, 2
x2 <- 0x0000000000000002
mem[X,0x0000000080047714] -> 0x006F
mem[X,0x0000000080047716] -> 0x00C0
[10135] [M]: 0x0000000080047714 (0x00C0006F) jal zero, 12
mem[X,0x0000000080047720] -> 0xB023
mem[X,0x0000000080047722] -> 0x2820
[10136] [M]: 0x0000000080047720 (0x2820B023) sd sp, 640(ra)
mem[0x0000000080050458] <- 0x0000000000000002
mem[X,0x0000000080047724] -> 0x0537
mem[X,0x0000000080047726] -> 0x0000
[10137] [M]: 0x0000000080047724 (0x00000537) lui a0, 0
x10 <- 0x0000000000000000
mem[X,0x0000000080047728] -> 0x0513
mem[X,0x000000008004772A] -> 0xFFF5
[10138] [M]: 0x0000000080047728 (0xFFF50513) addi a0, a0, 4095
x10 <- 0xFFFFFFFFFFFFFFFF
mem[X,0x000000008004772C] -> 0x1513
mem[X,0x000000008004772E] -> 0x00B5
[10139] [M]: 0x000000008004772C (0x00B51513) slli a0, a0, 11
x10 <- 0xFFFFFFFFFFFFF800
mem[X,0x0000000080047730] -> 0x0513
mem[X,0x0000000080047732] -> 0x2575
[10140] [M]: 0x0000000080047730 (0x25750513) addi a0, a0, 599
x10 <- 0xFFFFFFFFFFFFFA57
mem[X,0x0000000080047734] -> 0x1513
mem[X,0x0000000080047736] -> 0x00B5
[10141] [M]: 0x0000000080047734 (0x00B51513) slli a0, a0, 11
x10 <- 0xFFFFFFFFFFD2B800
mem[X,0x0000000080047738] -> 0x0513
mem[X,0x000000008004773A] -> 0x6C35
[10142] [M]: 0x0000000080047738 (0x6C350513) addi a0, a0, 1731
x10 <- 0xFFFFFFFFFFD2BEC3
mem[X,0x000000008004773C] -> 0x1513
mem[X,0x000000008004773E] -> 0x00A5
[10143] [M]: 0x000000008004773C (0x00A51513) slli a0, a0, 10
x10 <- 0xFFFFFFFF4AFB0C00
mem[X,0x0000000080047740] -> 0x0513
mem[X,0x0000000080047742] -> 0x0CE5
[10144] [M]: 0x0000000080047740 (0x0CE50513) addi a0, a0, 206
x10 <- 0xFFFFFFFF4AFB0CCE
mem[X,0x0000000080047744] -> 0x0593
mem[X,0x0000000080047746] -> 0x0050
[10145] [M]: 0x0000000080047744 (0x00500593) addi a1, zero, 5
x11 <- 0x0000000000000005
mem[X,0x0000000080047748] -> 0x0113
mem[X,0x000000008004774A] -> 0x0000
[10146] [M]: 0x0000000080047748 (0x00000113) addi sp, zero, 0
x2 <- 0x0000000000000000
mem[X,0x000000008004774C] -> 0x006F
mem[X,0x000000008004774E] -> 0x00C0
[10147] [M]: 0x000000008004774C (0x00C0006F) jal zero, 12
mem[X,0x0000000080047758] -> 0x4863
mem[X,0x000000008004775A] -> 0x00B5
[10148] [M]: 0x0000000080047758 (0x00B54863) blt a0, a1, 16
mem[X,0x0000000080047768] -> 0x0113
mem[X,0x000000008004776A] -> 0x0031
[10149] [M]: 0x0000000080047768 (0x00310113) addi sp, sp, 3
x2 <- 0x0000000000000003
mem[X,0x000000008004776C] -> 0x006F
mem[X,0x000000008004776E] -> 0x0040
[10150] [M]: 0x000000008004776C (0x0040006F) jal zero, 4
mem[X,0x0000000080047770] -> 0xB423
mem[X,0x0000000080047772] -> 0x2820
[10151] [M]: 0x0000000080047770 (0x2820B423) sd sp, 648(ra)
mem[0x0000000080050460] <- 0x0000000000000003
mem[X,0x0000000080047774] -> 0x0537
mem[X,0x0000000080047776] -> 0x0000
[10152] [M]: 0x0000000080047774 (0x00000537) lui a0, 0
x10 <- 0x0000000000000000
mem[X,0x0000000080047778] -> 0x0513
mem[X,0x000000008004777A] -> 0xFFF5
[10153] [M]: 0x0000000080047778 (0xFFF50513) addi a0, a0, 4095
x10 <- 0xFFFFFFFFFFFFFFFF
mem[X,0x000000008004777C] -> 0x1513
mem[X,0x000000008004777E] -> 0x00B5
[10154] [M]: 0x000000008004777C (0x00B51513) slli a0, a0, 11
x10 <- 0xFFFFFFFFFFFFF800
mem[X,0x0000000080047780] -> 0x0513
mem[X,0x0000000080047782] -> 0x2575
[10155] [M]: 0x0000000080047780 (0x25750513) addi a0, a0, 599
x10 <- 0xFFFFFFFFFFFFFA57
mem[X,0x0000000080047784] -> 0x1513
mem[X,0x0000000080047786] -> 0x00B5
[10156] [M]: 0x0000000080047784 (0x00B51513) slli a0, a0, 11
x10 <- 0xFFFFFFFFFFD2B800
mem[X,0x0000000080047788] -> 0x0513
mem[X,0x000000008004778A] -> 0x6C35
[10157] [M]: 0x0000000080047788 (0x6C350513) addi a0, a0, 1731
x10 <- 0xFFFFFFFFFFD2BEC3
mem[X,0x000000008004778C] -> 0x1513
mem[X,0x000000008004778E] -> 0x00A5
[10158] [M]: 0x000000008004778C (0x00A51513) slli a0, a0, 10
x10 <- 0xFFFFFFFF4AFB0C00
mem[X,0x0000000080047790] -> 0x0513
mem[X,0x0000000080047792] -> 0x0CE5
[10159] [M]: 0x0000000080047790 (0x0CE50513) addi a0, a0, 206
x10 <- 0xFFFFFFFF4AFB0CCE
mem[X,0x0000000080047794] -> 0x35B7
mem[X,0x0000000080047796] -> 0x3333
[10160] [M]: 0x0000000080047794 (0x333335B7) lui a1, 209715
x11 <- 0x0000000033333000
mem[X,0x0000000080047798] -> 0x8593
mem[X,0x000000008004779A] -> 0x3335
[10161] [M]: 0x0000000080047798 (0x33358593) addi a1, a1, 819
x11 <- 0x0000000033333333
mem[X,0x000000008004779C] -> 0x9593
mem[X,0x000000008004779E] -> 0x00B5
[10162] [M]: 0x000000008004779C (0x00B59593) slli a1, a1, 11
x11 <- 0x0000019999999800
mem[X,0x00000000800477A0] -> 0x8593
mem[X,0x00000000800477A2] -> 0x1995
[10163] [M]: 0x00000000800477A0 (0x19958593) addi a1, a1, 409
x11 <- 0x0000019999999999
mem[X,0x00000000800477A4] -> 0x9593
mem[X,0x00000000800477A6] -> 0x00B5
[10164] [M]: 0x00000000800477A4 (0x00B59593) slli a1, a1, 11
x11 <- 0x000CCCCCCCCCC800
mem[X,0x00000000800477A8] -> 0x8593
mem[X,0x00000000800477AA] -> 0x4CC5
[10165] [M]: 0x00000000800477A8 (0x4CC58593) addi a1, a1, 1228
x11 <- 0x000CCCCCCCCCCCCC
mem[X,0x00000000800477AC] -> 0x9593
mem[X,0x00000000800477AE] -> 0x00A5
[10166] [M]: 0x00000000800477AC (0x00A59593) slli a1, a1, 10
x11 <- 0x3333333333333000
mem[X,0x00000000800477B0] -> 0x8593
mem[X,0x00000000800477B2] -> 0x3335
[10167] [M]: 0x00000000800477B0 (0x33358593) addi a1, a1, 819
x11 <- 0x3333333333333333
mem[X,0x00000000800477B4] -> 0x0113
mem[X,0x00000000800477B6] -> 0x0000
[10168] [M]: 0x00000000800477B4 (0x00000113) addi sp, zero, 0
x2 <- 0x0000000000000000
mem[X,0x00000000800477B8] -> 0x006F
mem[X,0x00000000800477BA] -> 0x00C0
[10169] [M]: 0x00000000800477B8 (0x00C0006F) jal zero, 12
mem[X,0x00000000800477C4] -> 0x4863
mem[X,0x00000000800477C6] -> 0x00B5
[10170] [M]: 0x00000000800477C4 (0x00B54863) blt a0, a1, 16
mem[X,0x00000000800477D4] -> 0x0113
mem[X,0x00000000800477D6] -> 0x0031
[10171] [M]: 0x00000000800477D4 (0x00310113) addi sp, sp, 3
x2 <- 0x0000000000000003
mem[X,0x00000000800477D8] -> 0x006F
mem[X,0x00000000800477DA] -> 0x0040
[10172] [M]: 0x00000000800477D8 (0x0040006F) jal zero, 4
mem[X,0x00000000800477DC] -> 0xB823
mem[X,0x00000000800477DE] -> 0x2820
[10173] [M]: 0x00000000800477DC (0x2820B823) sd sp, 656(ra)
mem[0x0000000080050468] <- 0x0000000000000003
mem[X,0x00000000800477E0] -> 0x0537
mem[X,0x00000000800477E2] -> 0x0000
[10174] [M]: 0x00000000800477E0 (0x00000537) lui a0, 0
x10 <- 0x0000000000000000
mem[X,0x00000000800477E4] -> 0x0513
mem[X,0x00000000800477E6] -> 0xFFF5
[10175] [M]: 0x00000000800477E4 (0xFFF50513) addi a0, a0, 4095
x10 <- 0xFFFFFFFFFFFFFFFF
mem[X,0x00000000800477E8] -> 0x1513
mem[X,0x00000000800477EA] -> 0x00B5
[10176] [M]: 0x00000000800477E8 (0x00B51513) slli a0, a0, 11
x10 <- 0xFFFFFFFFFFFFF800
mem[X,0x00000000800477EC] -> 0x0513
mem[X,0x00000000800477EE] -> 0x2575
[10177] [M]: 0x00000000800477EC (0x25750513) addi a0, a0, 599
x10 <- 0xFFFFFFFFFFFFFA57
mem[X,0x00000000800477F0] -> 0x1513
mem[X,0x00000000800477F2] -> 0x00B5
[10178] [M]: 0x00000000800477F0 (0x00B51513) slli a0, a0, 11
x10 <- 0xFFFFFFFFFFD2B800
mem[X,0x00000000800477F4] -> 0x0513
mem[X,0x00000000800477F6] -> 0x6C35
[10179] [M]: 0x00000000800477F4 (0x6C350513) addi a0, a0, 1731
x10 <- 0xFFFFFFFFFFD2BEC3
mem[X,0x00000000800477F8] -> 0x1513
mem[X,0x00000000800477FA] -> 0x00A5
[10180] [M]: 0x00000000800477F8 (0x00A51513) slli a0, a0, 10
x10 <- 0xFFFFFFFF4AFB0C00
mem[X,0x00000000800477FC] -> 0x0513
mem[X,0x00000000800477FE] -> 0x0CE5
[10181] [M]: 0x00000000800477FC (0x0CE50513) addi a0, a0, 206
x10 <- 0xFFFFFFFF4AFB0CCE
mem[X,0x0000000080047800] -> 0x65B7
mem[X,0x0000000080047802] -> 0x6666
[10182] [M]: 0x0000000080047800 (0x666665B7) lui a1, 419430
x11 <- 0x0000000066666000
mem[X,0x0000000080047804] -> 0x8593
mem[X,0x0000000080047806] -> 0x6665
[10183] [M]: 0x0000000080047804 (0x66658593) addi a1, a1, 1638
x11 <- 0x0000000066666666
mem[X,0x0000000080047808] -> 0x9593
mem[X,0x000000008004780A] -> 0x00B5
[10184] [M]: 0x0000000080047808 (0x00B59593) slli a1, a1, 11
x11 <- 0x0000033333333000
mem[X,0x000000008004780C] -> 0x8593
mem[X,0x000000008004780E] -> 0x3335
[10185] [M]: 0x000000008004780C (0x33358593) addi a1, a1, 819
x11 <- 0x0000033333333333
mem[X,0x0000000080047810] -> 0x9593
mem[X,0x0000000080047812] -> 0x00B5
[10186] [M]: 0x0000000080047810 (0x00B59593) slli a1, a1, 11
x11 <- 0x0019999999999800
mem[X,0x0000000080047814] -> 0x8593
mem[X,0x0000000080047816] -> 0x1995
[10187] [M]: 0x0000000080047814 (0x19958593) addi a1, a1, 409
x11 <- 0x0019999999999999
mem[X,0x0000000080047818] -> 0x9593
mem[X,0x000000008004781A] -> 0x00A5
[10188] [M]: 0x0000000080047818 (0x00A59593) slli a1, a1, 10
x11 <- 0x6666666666666400
mem[X,0x000000008004781C] -> 0x8593
mem[X,0x000000008004781E] -> 0x2665
[10189] [M]: 0x000000008004781C (0x26658593) addi a1, a1, 614
x11 <- 0x6666666666666666
mem[X,0x0000000080047820] -> 0x0113
mem[X,0x0000000080047822] -> 0x0000
[10190] [M]: 0x0000000080047820 (0x00000113) addi sp, zero, 0
x2 <- 0x0000000000000000
mem[X,0x0000000080047824] -> 0x006F
mem[X,0x0000000080047826] -> 0x00C0
[10191] [M]: 0x0000000080047824 (0x00C0006F) jal zero, 12
mem[X,0x0000000080047830] -> 0x4CE3
mem[X,0x0000000080047832] -> 0xFEB5
[10192] [M]: 0x0000000080047830 (0xFEB54CE3) blt a0, a1, 8184
mem[X,0x0000000080047828] -> 0x0113
mem[X,0x000000008004782A] -> 0x0011
[10193] [M]: 0x0000000080047828 (0x00110113) addi sp, sp, 1
x2 <- 0x0000000000000001
mem[X,0x000000008004782C] -> 0x006F
mem[X,0x000000008004782E] -> 0x0180
[10194] [M]: 0x000000008004782C (0x0180006F) jal zero, 24
mem[X,0x0000000080047844] -> 0xBC23
mem[X,0x0000000080047846] -> 0x2820
[10195] [M]: 0x0000000080047844 (0x2820BC23) sd sp, 664(ra)
mem[0x0000000080050470] <- 0x0000000000000001
mem[X,0x0000000080047848] -> 0x0537
mem[X,0x000000008004784A] -> 0x0000
[10196] [M]: 0x0000000080047848 (0x00000537) lui a0, 0
x10 <- 0x0000000000000000
mem[X,0x000000008004784C] -> 0x0513
mem[X,0x000000008004784E] -> 0xFFF5
[10197] [M]: 0x000000008004784C (0xFFF50513) addi a0, a0, 4095
x10 <- 0xFFFFFFFFFFFFFFFF
mem[X,0x0000000080047850] -> 0x1513
mem[X,0x0000000080047852] -> 0x00B5
[10198] [M]: 0x0000000080047850 (0x00B51513) slli a0, a0, 11
x10 <- 0xFFFFFFFFFFFFF800
mem[X,0x0000000080047854] -> 0x0513
mem[X,0x0000000080047856] -> 0x2575
[10199] [M]: 0x0000000080047854 (0x25750513) addi a0, a0, 599
x10 <- 0xFFFFFFFFFFFFFA57
clint::tick mtime <- 0x0000000000000066
 clint timer pending at mtime 0x0000000000000066
htif::tick 0x0000000000000000
mem[X,0x0000000080047858] -> 0x1513
mem[X,0x000000008004785A] -> 0x00B5
[10200] [M]: 0x0000000080047858 (0x00B51513) slli a0, a0, 11
x10 <- 0xFFFFFFFFFFD2B800
mem[X,0x000000008004785C] -> 0x0513
mem[X,0x000000008004785E] -> 0x6C35
[10201] [M]: 0x000000008004785C (0x6C350513) addi a0, a0, 1731
x10 <- 0xFFFFFFFFFFD2BEC3
mem[X,0x0000000080047860] -> 0x1513
mem[X,0x0000000080047862] -> 0x00A5
[10202] [M]: 0x0000000080047860 (0x00A51513) slli a0, a0, 10
x10 <- 0xFFFFFFFF4AFB0C00
mem[X,0x0000000080047864] -> 0x0513
mem[X,0x0000000080047866] -> 0x0CE5
[10203] [M]: 0x0000000080047864 (0x0CE50513) addi a0, a0, 206
x10 <- 0xFFFFFFFF4AFB0CCE
mem[X,0x0000000080047868] -> 0x05B7
mem[X,0x000000008004786A] -> 0x0000
[10204] [M]: 0x0000000080047868 (0x000005B7) lui a1, 0
x11 <- 0x0000000000000000
mem[X,0x000000008004786C] -> 0x8593
mem[X,0x000000008004786E] -> 0xFFF5
[10205] [M]: 0x000000008004786C (0xFFF58593) addi a1, a1, 4095
x11 <- 0xFFFFFFFFFFFFFFFF
mem[X,0x0000000080047870] -> 0x9593
mem[X,0x0000000080047872] -> 0x00B5
[10206] [M]: 0x0000000080047870 (0x00B59593) slli a1, a1, 11
x11 <- 0xFFFFFFFFFFFFF800
mem[X,0x0000000080047874] -> 0x8593
mem[X,0x0000000080047876] -> 0x2575
[10207] [M]: 0x0000000080047874 (0x25758593) addi a1, a1, 599
x11 <- 0xFFFFFFFFFFFFFA57
mem[X,0x0000000080047878] -> 0x9593
mem[X,0x000000008004787A] -> 0x00B5
[10208] [M]: 0x0000000080047878 (0x00B59593) slli a1, a1, 11
x11 <- 0xFFFFFFFFFFD2B800
mem[X,0x000000008004787C] -> 0x8593
mem[X,0x000000008004787E] -> 0x6C35
[10209] [M]: 0x000000008004787C (0x6C358593) addi a1, a1, 1731
x11 <- 0xFFFFFFFFFFD2BEC3
mem[X,0x0000000080047880] -> 0x9593
mem[X,0x0000000080047882] -> 0x00A5
[10210] [M]: 0x0000000080047880 (0x00A59593) slli a1, a1, 10
x11 <- 0xFFFFFFFF4AFB0C00
mem[X,0x0000000080047884] -> 0x8593
mem[X,0x0000000080047886] -> 0x0CD5
[10211] [M]: 0x0000000080047884 (0x0CD58593) addi a1, a1, 205
x11 <- 0xFFFFFFFF4AFB0CCD
mem[X,0x0000000080047888] -> 0x0113
mem[X,0x000000008004788A] -> 0x0000
[10212] [M]: 0x0000000080047888 (0x00000113) addi sp, zero, 0
x2 <- 0x0000000000000000
mem[X,0x000000008004788C] -> 0x006F
mem[X,0x000000008004788E] -> 0x00C0
[10213] [M]: 0x000000008004788C (0x00C0006F) jal zero, 12
mem[X,0x0000000080047898] -> 0x4CE3
mem[X,0x000000008004789A] -> 0xFEB5
[10214] [M]: 0x0000000080047898 (0xFEB54CE3) blt a0, a1, 8184
mem[X,0x000000008004789C] -> 0x0113
mem[X,0x000000008004789E] -> 0x0021
[10215] [M]: 0x000000008004789C (0x00210113) addi sp, sp, 2
x2 <- 0x0000000000000002
mem[X,0x00000000800478A0] -> 0x006F
mem[X,0x00000000800478A2] -> 0x00C0
[10216] [M]: 0x00000000800478A0 (0x00C0006F) jal zero, 12
mem[X,0x00000000800478AC] -> 0xB023
mem[X,0x00000000800478AE] -> 0x2A20
[10217] [M]: 0x00000000800478AC (0x2A20B023) sd sp, 672(ra)
mem[0x0000000080050478] <- 0x0000000000000002
mem[X,0x00000000800478B0] -> 0x0537
mem[X,0x00000000800478B2] -> 0x0000
[10218] [M]: 0x00000000800478B0 (0x00000537) lui a0, 0
x10 <- 0x0000000000000000
mem[X,0x00000000800478B4] -> 0x0513
mem[X,0x00000000800478B6] -> 0xFFF5
[10219] [M]: 0x00000000800478B4 (0xFFF50513) addi a0, a0, 4095
x10 <- 0xFFFFFFFFFFFFFFFF
mem[X,0x00000000800478B8] -> 0x1513
mem[X,0x00000000800478BA] -> 0x00B5
[10220] [M]: 0x00000000800478B8 (0x00B51513) slli a0, a0, 11
x10 <- 0xFFFFFFFFFFFFF800
mem[X,0x00000000800478BC] -> 0x0513
mem[X,0x00000000800478BE] -> 0x2575
[10221] [M]: 0x00000000800478BC (0x25750513) addi a0, a0, 599
x10 <- 0xFFFFFFFFFFFFFA57
mem[X,0x00000000800478C0] -> 0x1513
mem[X,0x00000000800478C2] -> 0x00B5
[10222] [M]: 0x00000000800478C0 (0x00B51513) slli a0, a0, 11
x10 <- 0xFFFFFFFFFFD2B800
mem[X,0x00000000800478C4] -> 0x0513
mem[X,0x00000000800478C6] -> 0x6C35
[10223] [M]: 0x00000000800478C4 (0x6C350513) addi a0, a0, 1731
x10 <- 0xFFFFFFFFFFD2BEC3
mem[X,0x00000000800478C8] -> 0x1513
mem[X,0x00000000800478CA] -> 0x00A5
[10224] [M]: 0x00000000800478C8 (0x00A51513) slli a0, a0, 10
x10 <- 0xFFFFFFFF4AFB0C00
mem[X,0x00000000800478CC] -> 0x0513
mem[X,0x00000000800478CE] -> 0x0CE5
[10225] [M]: 0x00000000800478CC (0x0CE50513) addi a0, a0, 206
x10 <- 0xFFFFFFFF4AFB0CCE
mem[X,0x00000000800478D0] -> 0x05B7
mem[X,0x00000000800478D2] -> 0x0000
[10226] [M]: 0x00000000800478D0 (0x000005B7) lui a1, 0
x11 <- 0x0000000000000000
mem[X,0x00000000800478D4] -> 0x8593
mem[X,0x00000000800478D6] -> 0x0005
[10227] [M]: 0x00000000800478D4 (0x00058593) addi a1, a1, 0
x11 <- 0x0000000000000000
mem[X,0x00000000800478D8] -> 0x9593
mem[X,0x00000000800478DA] -> 0x00B5
[10228] [M]: 0x00000000800478D8 (0x00B59593) slli a1, a1, 11
x11 <- 0x0000000000000000
mem[X,0x00000000800478DC] -> 0x8593
mem[X,0x00000000800478DE] -> 0x5A85
[10229] [M]: 0x00000000800478DC (0x5A858593) addi a1, a1, 1448
x11 <- 0x00000000000005A8
mem[X,0x00000000800478E0] -> 0x9593
mem[X,0x00000000800478E2] -> 0x00B5
[10230] [M]: 0x00000000800478E0 (0x00B59593) slli a1, a1, 11
x11 <- 0x00000000002D4000
mem[X,0x00000000800478E4] -> 0x8593
mem[X,0x00000000800478E6] -> 0x13C5
[10231] [M]: 0x00000000800478E4 (0x13C58593) addi a1, a1, 316
x11 <- 0x00000000002D413C
mem[X,0x00000000800478E8] -> 0x9593
mem[X,0x00000000800478EA] -> 0x00A5
[10232] [M]: 0x00000000800478E8 (0x00A59593) slli a1, a1, 10
x11 <- 0x00000000B504F000
mem[X,0x00000000800478EC] -> 0x8593
mem[X,0x00000000800478EE] -> 0x3335
[10233] [M]: 0x00000000800478EC (0x33358593) addi a1, a1, 819
x11 <- 0x00000000B504F333
mem[X,0x00000000800478F0] -> 0x0113
mem[X,0x00000000800478F2] -> 0x0000
[10234] [M]: 0x00000000800478F0 (0x00000113) addi sp, zero, 0
x2 <- 0x0000000000000000
mem[X,0x00000000800478F4] -> 0x006F
mem[X,0x00000000800478F6] -> 0x0050
[10235] [M]: 0x00000000800478F4 (0x0050006F) jal zero, 2052
mem[X,0x00000000800480F8] -> 0x40E3
mem[X,0x00000000800480FA] -> 0x80B5
[10236] [M]: 0x00000000800480F8 (0x80B540E3) blt a0, a1, 6144
mem[X,0x00000000800478F8] -> 0x0113
mem[X,0x00000000800478FA] -> 0x0011
[10237] [M]: 0x00000000800478F8 (0x00110113) addi sp, sp, 1
x2 <- 0x0000000000000001
mem[X,0x00000000800478FC] -> 0x006F
mem[X,0x00000000800478FE] -> 0x0110
[10238] [M]: 0x00000000800478FC (0x0110006F) jal zero, 2064
mem[X,0x000000008004810C] -> 0xB423
mem[X,0x000000008004810E] -> 0x2A20
[10239] [M]: 0x000000008004810C (0x2A20B423) sd sp, 680(ra)
mem[0x0000000080050480] <- 0x0000000000000001
mem[X,0x0000000080048110] -> 0x0537
mem[X,0x0000000080048112] -> 0x0000
[10240] [M]: 0x0000000080048110 (0x00000537) lui a0, 0
x10 <- 0x0000000000000000
mem[X,0x0000000080048114] -> 0x0513
mem[X,0x0000000080048116] -> 0xFFF5
[10241] [M]: 0x0000000080048114 (0xFFF50513) addi a0, a0, 4095
x10 <- 0xFFFFFFFFFFFFFFFF
mem[X,0x0000000080048118] -> 0x1513
mem[X,0x000000008004811A] -> 0x00B5
[10242] [M]: 0x0000000080048118 (0x00B51513) slli a0, a0, 11
x10 <- 0xFFFFFFFFFFFFF800
mem[X,0x000000008004811C] -> 0x0513
mem[X,0x000000008004811E] -> 0x2575
[10243] [M]: 0x000000008004811C (0x25750513) addi a0, a0, 599
x10 <- 0xFFFFFFFFFFFFFA57
mem[X,0x0000000080048120] -> 0x1513
mem[X,0x0000000080048122] -> 0x00B5
[10244] [M]: 0x0000000080048120 (0x00B51513) slli a0, a0, 11
x10 <- 0xFFFFFFFFFFD2B800
mem[X,0x0000000080048124] -> 0x0513
mem[X,0x0000000080048126] -> 0x6C35
[10245] [M]: 0x0000000080048124 (0x6C350513) addi a0, a0, 1731
x10 <- 0xFFFFFFFFFFD2BEC3
mem[X,0x0000000080048128] -> 0x1513
mem[X,0x000000008004812A] -> 0x00A5
[10246] [M]: 0x0000000080048128 (0x00A51513) slli a0, a0, 10
x10 <- 0xFFFFFFFF4AFB0C00
mem[X,0x000000008004812C] -> 0x0513
mem[X,0x000000008004812E] -> 0x0CE5
[10247] [M]: 0x000000008004812C (0x0CE50513) addi a0, a0, 206
x10 <- 0xFFFFFFFF4AFB0CCE
mem[X,0x0000000080048130] -> 0x0593
mem[X,0x0000000080048132] -> 0x0020
[10248] [M]: 0x0000000080048130 (0x00200593) addi a1, zero, 2
x11 <- 0x0000000000000002
mem[X,0x0000000080048134] -> 0x0113
mem[X,0x0000000080048136] -> 0x0000
[10249] [M]: 0x0000000080048134 (0x00000113) addi sp, zero, 0
x2 <- 0x0000000000000000
mem[X,0x0000000080048138] -> 0x006F
mem[X,0x000000008004813A] -> 0x00C0
[10250] [M]: 0x0000000080048138 (0x00C0006F) jal zero, 12
mem[X,0x0000000080048144] -> 0x4663
mem[X,0x0000000080048146] -> 0x00B5
[10251] [M]: 0x0000000080048144 (0x00B54663) blt a0, a1, 12
mem[X,0x0000000080048150] -> 0x0113
mem[X,0x0000000080048152] -> 0x0031
[10252] [M]: 0x0000000080048150 (0x00310113) addi sp, sp, 3
x2 <- 0x0000000000000003
mem[X,0x0000000080048154] -> 0x006F
mem[X,0x0000000080048156] -> 0x0040
[10253] [M]: 0x0000000080048154 (0x0040006F) jal zero, 4
mem[X,0x0000000080048158] -> 0xB823
mem[X,0x000000008004815A] -> 0x2A20
[10254] [M]: 0x0000000080048158 (0x2A20B823) sd sp, 688(ra)
mem[0x0000000080050488] <- 0x0000000000000003
mem[X,0x000000008004815C] -> 0x0537
mem[X,0x000000008004815E] -> 0x0000
[10255] [M]: 0x000000008004815C (0x00000537) lui a0, 0
x10 <- 0x0000000000000000
mem[X,0x0000000080048160] -> 0x0513
mem[X,0x0000000080048162] -> 0xFFF5
[10256] [M]: 0x0000000080048160 (0xFFF50513) addi a0, a0, 4095
x10 <- 0xFFFFFFFFFFFFFFFF
mem[X,0x0000000080048164] -> 0x1513
mem[X,0x0000000080048166] -> 0x00B5
[10257] [M]: 0x0000000080048164 (0x00B51513) slli a0, a0, 11
x10 <- 0xFFFFFFFFFFFFF800
mem[X,0x0000000080048168] -> 0x0513
mem[X,0x000000008004816A] -> 0x2575
[10258] [M]: 0x0000000080048168 (0x25750513) addi a0, a0, 599
x10 <- 0xFFFFFFFFFFFFFA57
mem[X,0x000000008004816C] -> 0x1513
mem[X,0x000000008004816E] -> 0x00B5
[10259] [M]: 0x000000008004816C (0x00B51513) slli a0, a0, 11
x10 <- 0xFFFFFFFFFFD2B800
mem[X,0x0000000080048170] -> 0x0513
mem[X,0x0000000080048172] -> 0x6C35
[10260] [M]: 0x0000000080048170 (0x6C350513) addi a0, a0, 1731
x10 <- 0xFFFFFFFFFFD2BEC3
mem[X,0x0000000080048174] -> 0x1513
mem[X,0x0000000080048176] -> 0x00A5
[10261] [M]: 0x0000000080048174 (0x00A51513) slli a0, a0, 10
x10 <- 0xFFFFFFFF4AFB0C00
mem[X,0x0000000080048178] -> 0x0513
mem[X,0x000000008004817A] -> 0x0CE5
[10262] [M]: 0x0000000080048178 (0x0CE50513) addi a0, a0, 206
x10 <- 0xFFFFFFFF4AFB0CCE
mem[X,0x000000008004817C] -> 0x55B7
mem[X,0x000000008004817E] -> 0x5555
[10263] [M]: 0x000000008004817C (0x555555B7) lui a1, 349525
x11 <- 0x0000000055555000
mem[X,0x0000000080048180] -> 0x8593
mem[X,0x0000000080048182] -> 0x5555
[10264] [M]: 0x0000000080048180 (0x55558593) addi a1, a1, 1365
x11 <- 0x0000000055555555
mem[X,0x0000000080048184] -> 0x9593
mem[X,0x0000000080048186] -> 0x00B5
[10265] [M]: 0x0000000080048184 (0x00B59593) slli a1, a1, 11
x11 <- 0x000002AAAAAAA800
mem[X,0x0000000080048188] -> 0x8593
mem[X,0x000000008004818A] -> 0x2AA5
[10266] [M]: 0x0000000080048188 (0x2AA58593) addi a1, a1, 682
x11 <- 0x000002AAAAAAAAAA
mem[X,0x000000008004818C] -> 0x9593
mem[X,0x000000008004818E] -> 0x00B5
[10267] [M]: 0x000000008004818C (0x00B59593) slli a1, a1, 11
x11 <- 0x0015555555555000
mem[X,0x0000000080048190] -> 0x8593
mem[X,0x0000000080048192] -> 0x5555
[10268] [M]: 0x0000000080048190 (0x55558593) addi a1, a1, 1365
x11 <- 0x0015555555555555
mem[X,0x0000000080048194] -> 0x9593
mem[X,0x0000000080048196] -> 0x00A5
[10269] [M]: 0x0000000080048194 (0x00A59593) slli a1, a1, 10
x11 <- 0x5555555555555400
mem[X,0x0000000080048198] -> 0x8593
mem[X,0x000000008004819A] -> 0x1545
[10270] [M]: 0x0000000080048198 (0x15458593) addi a1, a1, 340
x11 <- 0x5555555555555554
mem[X,0x000000008004819C] -> 0x0113
mem[X,0x000000008004819E] -> 0x0000
[10271] [M]: 0x000000008004819C (0x00000113) addi sp, zero, 0
x2 <- 0x0000000000000000
mem[X,0x00000000800481A0] -> 0x006F
mem[X,0x00000000800481A2] -> 0x00C0
[10272] [M]: 0x00000000800481A0 (0x00C0006F) jal zero, 12
mem[X,0x00000000800481AC] -> 0x4663
mem[X,0x00000000800481AE] -> 0x00B5
[10273] [M]: 0x00000000800481AC (0x00B54663) blt a0, a1, 12
mem[X,0x00000000800481B8] -> 0x0113
mem[X,0x00000000800481BA] -> 0x0031
[10274] [M]: 0x00000000800481B8 (0x00310113) addi sp, sp, 3
x2 <- 0x0000000000000003
mem[X,0x00000000800481BC] -> 0x006F
mem[X,0x00000000800481BE] -> 0x0040
[10275] [M]: 0x00000000800481BC (0x0040006F) jal zero, 4
mem[X,0x00000000800481C0] -> 0xBC23
mem[X,0x00000000800481C2] -> 0x2A20
[10276] [M]: 0x00000000800481C0 (0x2A20BC23) sd sp, 696(ra)
mem[0x0000000080050490] <- 0x0000000000000003
mem[X,0x00000000800481C4] -> 0x0537
mem[X,0x00000000800481C6] -> 0x0000
[10277] [M]: 0x00000000800481C4 (0x00000537) lui a0, 0
x10 <- 0x0000000000000000
mem[X,0x00000000800481C8] -> 0x0513
mem[X,0x00000000800481CA] -> 0xFFF5
[10278] [M]: 0x00000000800481C8 (0xFFF50513) addi a0, a0, 4095
x10 <- 0xFFFFFFFFFFFFFFFF
mem[X,0x00000000800481CC] -> 0x1513
mem[X,0x00000000800481CE] -> 0x00B5
[10279] [M]: 0x00000000800481CC (0x00B51513) slli a0, a0, 11
x10 <- 0xFFFFFFFFFFFFF800
mem[X,0x00000000800481D0] -> 0x0513
mem[X,0x00000000800481D2] -> 0x2575
[10280] [M]: 0x00000000800481D0 (0x25750513) addi a0, a0, 599
x10 <- 0xFFFFFFFFFFFFFA57
mem[X,0x00000000800481D4] -> 0x1513
mem[X,0x00000000800481D6] -> 0x00B5
[10281] [M]: 0x00000000800481D4 (0x00B51513) slli a0, a0, 11
x10 <- 0xFFFFFFFFFFD2B800
mem[X,0x00000000800481D8] -> 0x0513
mem[X,0x00000000800481DA] -> 0x6C35
[10282] [M]: 0x00000000800481D8 (0x6C350513) addi a0, a0, 1731
x10 <- 0xFFFFFFFFFFD2BEC3
mem[X,0x00000000800481DC] -> 0x1513
mem[X,0x00000000800481DE] -> 0x00A5
[10283] [M]: 0x00000000800481DC (0x00A51513) slli a0, a0, 10
x10 <- 0xFFFFFFFF4AFB0C00
mem[X,0x00000000800481E0] -> 0x0513
mem[X,0x00000000800481E2] -> 0x0CE5
[10284] [M]: 0x00000000800481E0 (0x0CE50513) addi a0, a0, 206
x10 <- 0xFFFFFFFF4AFB0CCE
mem[X,0x00000000800481E4] -> 0x0593
mem[X,0x00000000800481E6] -> 0x0000
[10285] [M]: 0x00000000800481E4 (0x00000593) addi a1, zero, 0
x11 <- 0x0000000000000000
mem[X,0x00000000800481E8] -> 0x0113
mem[X,0x00000000800481EA] -> 0x0000
[10286] [M]: 0x00000000800481E8 (0x00000113) addi sp, zero, 0
x2 <- 0x0000000000000000
mem[X,0x00000000800481EC] -> 0x006F
mem[X,0x00000000800481EE] -> 0x00C0
[10287] [M]: 0x00000000800481EC (0x00C0006F) jal zero, 12
mem[X,0x00000000800481F8] -> 0x4863
mem[X,0x00000000800481FA] -> 0x00B5
[10288] [M]: 0x00000000800481F8 (0x00B54863) blt a0, a1, 16
mem[X,0x0000000080048208] -> 0x0113
mem[X,0x000000008004820A] -> 0x0031
[10289] [M]: 0x0000000080048208 (0x00310113) addi sp, sp, 3
x2 <- 0x0000000000000003
mem[X,0x000000008004820C] -> 0x006F
mem[X,0x000000008004820E] -> 0x0040
[10290] [M]: 0x000000008004820C (0x0040006F) jal zero, 4
mem[X,0x0000000080048210] -> 0xB023
mem[X,0x0000000080048212] -> 0x2C20
[10291] [M]: 0x0000000080048210 (0x2C20B023) sd sp, 704(ra)
mem[0x0000000080050498] <- 0x0000000000000003
mem[X,0x0000000080048214] -> 0x0537
mem[X,0x0000000080048216] -> 0x0000
[10292] [M]: 0x0000000080048214 (0x00000537) lui a0, 0
x10 <- 0x0000000000000000
mem[X,0x0000000080048218] -> 0x0513
mem[X,0x000000008004821A] -> 0xFFF5
[10293] [M]: 0x0000000080048218 (0xFFF50513) addi a0, a0, 4095
x10 <- 0xFFFFFFFFFFFFFFFF
mem[X,0x000000008004821C] -> 0x1513
mem[X,0x000000008004821E] -> 0x00B5
[10294] [M]: 0x000000008004821C (0x00B51513) slli a0, a0, 11
x10 <- 0xFFFFFFFFFFFFF800
mem[X,0x0000000080048220] -> 0x0513
mem[X,0x0000000080048222] -> 0x2575
[10295] [M]: 0x0000000080048220 (0x25750513) addi a0, a0, 599
x10 <- 0xFFFFFFFFFFFFFA57
mem[X,0x0000000080048224] -> 0x1513
mem[X,0x0000000080048226] -> 0x00B5
[10296] [M]: 0x0000000080048224 (0x00B51513) slli a0, a0, 11
x10 <- 0xFFFFFFFFFFD2B800
mem[X,0x0000000080048228] -> 0x0513
mem[X,0x000000008004822A] -> 0x6C35
[10297] [M]: 0x0000000080048228 (0x6C350513) addi a0, a0, 1731
x10 <- 0xFFFFFFFFFFD2BEC3
mem[X,0x000000008004822C] -> 0x1513
mem[X,0x000000008004822E] -> 0x00A5
[10298] [M]: 0x000000008004822C (0x00A51513) slli a0, a0, 10
x10 <- 0xFFFFFFFF4AFB0C00
mem[X,0x0000000080048230] -> 0x0513
mem[X,0x0000000080048232] -> 0x0CE5
[10299] [M]: 0x0000000080048230 (0x0CE50513) addi a0, a0, 206
x10 <- 0xFFFFFFFF4AFB0CCE
clint::tick mtime <- 0x0000000000000067
 clint timer pending at mtime 0x0000000000000067
htif::tick 0x0000000000000000
mem[X,0x0000000080048234] -> 0x0593
mem[X,0x0000000080048236] -> 0x0040
[10300] [M]: 0x0000000080048234 (0x00400593) addi a1, zero, 4
x11 <- 0x0000000000000004
mem[X,0x0000000080048238] -> 0x0113
mem[X,0x000000008004823A] -> 0x0000
[10301] [M]: 0x0000000080048238 (0x00000113) addi sp, zero, 0
x2 <- 0x0000000000000000
mem[X,0x000000008004823C] -> 0x006F
mem[X,0x000000008004823E] -> 0x00C0
[10302] [M]: 0x000000008004823C (0x00C0006F) jal zero, 12
mem[X,0x0000000080048248] -> 0x4863
mem[X,0x000000008004824A] -> 0x00B5
[10303] [M]: 0x0000000080048248 (0x00B54863) blt a0, a1, 16
mem[X,0x0000000080048258] -> 0x0113
mem[X,0x000000008004825A] -> 0x0031
[10304] [M]: 0x0000000080048258 (0x00310113) addi sp, sp, 3
x2 <- 0x0000000000000003
mem[X,0x000000008004825C] -> 0x006F
mem[X,0x000000008004825E] -> 0x0040
[10305] [M]: 0x000000008004825C (0x0040006F) jal zero, 4
mem[X,0x0000000080048260] -> 0xB423
mem[X,0x0000000080048262] -> 0x2C20
[10306] [M]: 0x0000000080048260 (0x2C20B423) sd sp, 712(ra)
mem[0x00000000800504A0] <- 0x0000000000000003
mem[X,0x0000000080048264] -> 0x0537
mem[X,0x0000000080048266] -> 0x0000
[10307] [M]: 0x0000000080048264 (0x00000537) lui a0, 0
x10 <- 0x0000000000000000
mem[X,0x0000000080048268] -> 0x0513
mem[X,0x000000008004826A] -> 0xFFF5
[10308] [M]: 0x0000000080048268 (0xFFF50513) addi a0, a0, 4095
x10 <- 0xFFFFFFFFFFFFFFFF
mem[X,0x000000008004826C] -> 0x1513
mem[X,0x000000008004826E] -> 0x00B5
[10309] [M]: 0x000000008004826C (0x00B51513) slli a0, a0, 11
x10 <- 0xFFFFFFFFFFFFF800
mem[X,0x0000000080048270] -> 0x0513
mem[X,0x0000000080048272] -> 0x2575
[10310] [M]: 0x0000000080048270 (0x25750513) addi a0, a0, 599
x10 <- 0xFFFFFFFFFFFFFA57
mem[X,0x0000000080048274] -> 0x1513
mem[X,0x0000000080048276] -> 0x00B5
[10311] [M]: 0x0000000080048274 (0x00B51513) slli a0, a0, 11
x10 <- 0xFFFFFFFFFFD2B800
mem[X,0x0000000080048278] -> 0x0513
mem[X,0x000000008004827A] -> 0x6C35
[10312] [M]: 0x0000000080048278 (0x6C350513) addi a0, a0, 1731
x10 <- 0xFFFFFFFFFFD2BEC3
mem[X,0x000000008004827C] -> 0x1513
mem[X,0x000000008004827E] -> 0x00A5
[10313] [M]: 0x000000008004827C (0x00A51513) slli a0, a0, 10
x10 <- 0xFFFFFFFF4AFB0C00
mem[X,0x0000000080048280] -> 0x0513
mem[X,0x0000000080048282] -> 0x0CE5
[10314] [M]: 0x0000000080048280 (0x0CE50513) addi a0, a0, 206
x10 <- 0xFFFFFFFF4AFB0CCE
mem[X,0x0000000080048284] -> 0x35B7
mem[X,0x0000000080048286] -> 0x3333
[10315] [M]: 0x0000000080048284 (0x333335B7) lui a1, 209715
x11 <- 0x0000000033333000
mem[X,0x0000000080048288] -> 0x8593
mem[X,0x000000008004828A] -> 0x3335
[10316] [M]: 0x0000000080048288 (0x33358593) addi a1, a1, 819
x11 <- 0x0000000033333333
mem[X,0x000000008004828C] -> 0x9593
mem[X,0x000000008004828E] -> 0x00B5
[10317] [M]: 0x000000008004828C (0x00B59593) slli a1, a1, 11
x11 <- 0x0000019999999800
mem[X,0x0000000080048290] -> 0x8593
mem[X,0x0000000080048292] -> 0x1995
[10318] [M]: 0x0000000080048290 (0x19958593) addi a1, a1, 409
x11 <- 0x0000019999999999
mem[X,0x0000000080048294] -> 0x9593
mem[X,0x0000000080048296] -> 0x00B5
[10319] [M]: 0x0000000080048294 (0x00B59593) slli a1, a1, 11
x11 <- 0x000CCCCCCCCCC800
mem[X,0x0000000080048298] -> 0x8593
mem[X,0x000000008004829A] -> 0x4CC5
[10320] [M]: 0x0000000080048298 (0x4CC58593) addi a1, a1, 1228
x11 <- 0x000CCCCCCCCCCCCC
mem[X,0x000000008004829C] -> 0x9593
mem[X,0x000000008004829E] -> 0x00A5
[10321] [M]: 0x000000008004829C (0x00A59593) slli a1, a1, 10
x11 <- 0x3333333333333000
mem[X,0x00000000800482A0] -> 0x8593
mem[X,0x00000000800482A2] -> 0x3325
[10322] [M]: 0x00000000800482A0 (0x33258593) addi a1, a1, 818
x11 <- 0x3333333333333332
mem[X,0x00000000800482A4] -> 0x0113
mem[X,0x00000000800482A6] -> 0x0000
[10323] [M]: 0x00000000800482A4 (0x00000113) addi sp, zero, 0
x2 <- 0x0000000000000000
mem[X,0x00000000800482A8] -> 0x006F
mem[X,0x00000000800482AA] -> 0x00C0
[10324] [M]: 0x00000000800482A8 (0x00C0006F) jal zero, 12
mem[X,0x00000000800482B4] -> 0x4663
mem[X,0x00000000800482B6] -> 0x00B5
[10325] [M]: 0x00000000800482B4 (0x00B54663) blt a0, a1, 12
mem[X,0x00000000800482C0] -> 0x0113
mem[X,0x00000000800482C2] -> 0x0031
[10326] [M]: 0x00000000800482C0 (0x00310113) addi sp, sp, 3
x2 <- 0x0000000000000003
mem[X,0x00000000800482C4] -> 0x006F
mem[X,0x00000000800482C6] -> 0x0040
[10327] [M]: 0x00000000800482C4 (0x0040006F) jal zero, 4
mem[X,0x00000000800482C8] -> 0xB823
mem[X,0x00000000800482CA] -> 0x2C20
[10328] [M]: 0x00000000800482C8 (0x2C20B823) sd sp, 720(ra)
mem[0x00000000800504A8] <- 0x0000000000000003
mem[X,0x00000000800482CC] -> 0x0537
mem[X,0x00000000800482CE] -> 0x0000
[10329] [M]: 0x00000000800482CC (0x00000537) lui a0, 0
x10 <- 0x0000000000000000
mem[X,0x00000000800482D0] -> 0x0513
mem[X,0x00000000800482D2] -> 0xFFF5
[10330] [M]: 0x00000000800482D0 (0xFFF50513) addi a0, a0, 4095
x10 <- 0xFFFFFFFFFFFFFFFF
mem[X,0x00000000800482D4] -> 0x1513
mem[X,0x00000000800482D6] -> 0x00B5
[10331] [M]: 0x00000000800482D4 (0x00B51513) slli a0, a0, 11
x10 <- 0xFFFFFFFFFFFFF800
mem[X,0x00000000800482D8] -> 0x0513
mem[X,0x00000000800482DA] -> 0x2575
[10332] [M]: 0x00000000800482D8 (0x25750513) addi a0, a0, 599
x10 <- 0xFFFFFFFFFFFFFA57
mem[X,0x00000000800482DC] -> 0x1513
mem[X,0x00000000800482DE] -> 0x00B5
[10333] [M]: 0x00000000800482DC (0x00B51513) slli a0, a0, 11
x10 <- 0xFFFFFFFFFFD2B800
mem[X,0x00000000800482E0] -> 0x0513
mem[X,0x00000000800482E2] -> 0x6C35
[10334] [M]: 0x00000000800482E0 (0x6C350513) addi a0, a0, 1731
x10 <- 0xFFFFFFFFFFD2BEC3
mem[X,0x00000000800482E4] -> 0x1513
mem[X,0x00000000800482E6] -> 0x00A5
[10335] [M]: 0x00000000800482E4 (0x00A51513) slli a0, a0, 10
x10 <- 0xFFFFFFFF4AFB0C00
mem[X,0x00000000800482E8] -> 0x0513
mem[X,0x00000000800482EA] -> 0x0CE5
[10336] [M]: 0x00000000800482E8 (0x0CE50513) addi a0, a0, 206
x10 <- 0xFFFFFFFF4AFB0CCE
mem[X,0x00000000800482EC] -> 0x65B7
mem[X,0x00000000800482EE] -> 0x6666
[10337] [M]: 0x00000000800482EC (0x666665B7) lui a1, 419430
x11 <- 0x0000000066666000
mem[X,0x00000000800482F0] -> 0x8593
mem[X,0x00000000800482F2] -> 0x6665
[10338] [M]: 0x00000000800482F0 (0x66658593) addi a1, a1, 1638
x11 <- 0x0000000066666666
mem[X,0x00000000800482F4] -> 0x9593
mem[X,0x00000000800482F6] -> 0x00B5
[10339] [M]: 0x00000000800482F4 (0x00B59593) slli a1, a1, 11
x11 <- 0x0000033333333000
mem[X,0x00000000800482F8] -> 0x8593
mem[X,0x00000000800482FA] -> 0x3335
[10340] [M]: 0x00000000800482F8 (0x33358593) addi a1, a1, 819
x11 <- 0x0000033333333333
mem[X,0x00000000800482FC] -> 0x9593
mem[X,0x00000000800482FE] -> 0x00B5
[10341] [M]: 0x00000000800482FC (0x00B59593) slli a1, a1, 11
x11 <- 0x0019999999999800
mem[X,0x0000000080048300] -> 0x8593
mem[X,0x0000000080048302] -> 0x1995
[10342] [M]: 0x0000000080048300 (0x19958593) addi a1, a1, 409
x11 <- 0x0019999999999999
mem[X,0x0000000080048304] -> 0x9593
mem[X,0x0000000080048306] -> 0x00A5
[10343] [M]: 0x0000000080048304 (0x00A59593) slli a1, a1, 10
x11 <- 0x6666666666666400
mem[X,0x0000000080048308] -> 0x8593
mem[X,0x000000008004830A] -> 0x2655
[10344] [M]: 0x0000000080048308 (0x26558593) addi a1, a1, 613
x11 <- 0x6666666666666665
mem[X,0x000000008004830C] -> 0x0113
mem[X,0x000000008004830E] -> 0x0000
[10345] [M]: 0x000000008004830C (0x00000113) addi sp, zero, 0
x2 <- 0x0000000000000000
mem[X,0x0000000080048310] -> 0x006F
mem[X,0x0000000080048312] -> 0x00C0
[10346] [M]: 0x0000000080048310 (0x00C0006F) jal zero, 12
mem[X,0x000000008004831C] -> 0x4063
mem[X,0x000000008004831E] -> 0x10B5
[10347] [M]: 0x000000008004831C (0x10B54063) blt a0, a1, 256
mem[X,0x000000008004841C] -> 0x0113
mem[X,0x000000008004841E] -> 0x0031
[10348] [M]: 0x000000008004841C (0x00310113) addi sp, sp, 3
x2 <- 0x0000000000000003
mem[X,0x0000000080048420] -> 0x006F
mem[X,0x0000000080048422] -> 0x0040
[10349] [M]: 0x0000000080048420 (0x0040006F) jal zero, 4
mem[X,0x0000000080048424] -> 0xBC23
mem[X,0x0000000080048426] -> 0x2C20
[10350] [M]: 0x0000000080048424 (0x2C20BC23) sd sp, 728(ra)
mem[0x00000000800504B0] <- 0x0000000000000003
mem[X,0x0000000080048428] -> 0x0537
mem[X,0x000000008004842A] -> 0x0000
[10351] [M]: 0x0000000080048428 (0x00000537) lui a0, 0
x10 <- 0x0000000000000000
mem[X,0x000000008004842C] -> 0x0513
mem[X,0x000000008004842E] -> 0xFFF5
[10352] [M]: 0x000000008004842C (0xFFF50513) addi a0, a0, 4095
x10 <- 0xFFFFFFFFFFFFFFFF
mem[X,0x0000000080048430] -> 0x1513
mem[X,0x0000000080048432] -> 0x00B5
[10353] [M]: 0x0000000080048430 (0x00B51513) slli a0, a0, 11
x10 <- 0xFFFFFFFFFFFFF800
mem[X,0x0000000080048434] -> 0x0513
mem[X,0x0000000080048436] -> 0x2575
[10354] [M]: 0x0000000080048434 (0x25750513) addi a0, a0, 599
x10 <- 0xFFFFFFFFFFFFFA57
mem[X,0x0000000080048438] -> 0x1513
mem[X,0x000000008004843A] -> 0x00B5
[10355] [M]: 0x0000000080048438 (0x00B51513) slli a0, a0, 11
x10 <- 0xFFFFFFFFFFD2B800
mem[X,0x000000008004843C] -> 0x0513
mem[X,0x000000008004843E] -> 0x6C35
[10356] [M]: 0x000000008004843C (0x6C350513) addi a0, a0, 1731
x10 <- 0xFFFFFFFFFFD2BEC3
mem[X,0x0000000080048440] -> 0x1513
mem[X,0x0000000080048442] -> 0x00A5
[10357] [M]: 0x0000000080048440 (0x00A51513) slli a0, a0, 10
x10 <- 0xFFFFFFFF4AFB0C00
mem[X,0x0000000080048444] -> 0x0513
mem[X,0x0000000080048446] -> 0x0CE5
[10358] [M]: 0x0000000080048444 (0x0CE50513) addi a0, a0, 206
x10 <- 0xFFFFFFFF4AFB0CCE
mem[X,0x0000000080048448] -> 0x05B7
mem[X,0x000000008004844A] -> 0x0000
[10359] [M]: 0x0000000080048448 (0x000005B7) lui a1, 0
x11 <- 0x0000000000000000
mem[X,0x000000008004844C] -> 0x8593
mem[X,0x000000008004844E] -> 0x0005
[10360] [M]: 0x000000008004844C (0x00058593) addi a1, a1, 0
x11 <- 0x0000000000000000
mem[X,0x0000000080048450] -> 0x9593
mem[X,0x0000000080048452] -> 0x00B5
[10361] [M]: 0x0000000080048450 (0x00B59593) slli a1, a1, 11
x11 <- 0x0000000000000000
mem[X,0x0000000080048454] -> 0x8593
mem[X,0x0000000080048456] -> 0x5A85
[10362] [M]: 0x0000000080048454 (0x5A858593) addi a1, a1, 1448
x11 <- 0x00000000000005A8
mem[X,0x0000000080048458] -> 0x9593
mem[X,0x000000008004845A] -> 0x00B5
[10363] [M]: 0x0000000080048458 (0x00B59593) slli a1, a1, 11
x11 <- 0x00000000002D4000
mem[X,0x000000008004845C] -> 0x8593
mem[X,0x000000008004845E] -> 0x13C5
[10364] [M]: 0x000000008004845C (0x13C58593) addi a1, a1, 316
x11 <- 0x00000000002D413C
mem[X,0x0000000080048460] -> 0x9593
mem[X,0x0000000080048462] -> 0x00A5
[10365] [M]: 0x0000000080048460 (0x00A59593) slli a1, a1, 10
x11 <- 0x00000000B504F000
mem[X,0x0000000080048464] -> 0x8593
mem[X,0x0000000080048466] -> 0x3325
[10366] [M]: 0x0000000080048464 (0x33258593) addi a1, a1, 818
x11 <- 0x00000000B504F332
mem[X,0x0000000080048468] -> 0x0113
mem[X,0x000000008004846A] -> 0x0000
[10367] [M]: 0x0000000080048468 (0x00000113) addi sp, zero, 0
x2 <- 0x0000000000000000
mem[X,0x000000008004846C] -> 0x006F
mem[X,0x000000008004846E] -> 0x00C0
[10368] [M]: 0x000000008004846C (0x00C0006F) jal zero, 12
mem[X,0x0000000080048478] -> 0x4663
mem[X,0x000000008004847A] -> 0x00B5
[10369] [M]: 0x0000000080048478 (0x00B54663) blt a0, a1, 12
mem[X,0x0000000080048484] -> 0x0113
mem[X,0x0000000080048486] -> 0x0031
[10370] [M]: 0x0000000080048484 (0x00310113) addi sp, sp, 3
x2 <- 0x0000000000000003
mem[X,0x0000000080048488] -> 0x006F
mem[X,0x000000008004848A] -> 0x0040
[10371] [M]: 0x0000000080048488 (0x0040006F) jal zero, 4
mem[X,0x000000008004848C] -> 0xB023
mem[X,0x000000008004848E] -> 0x2E20
[10372] [M]: 0x000000008004848C (0x2E20B023) sd sp, 736(ra)
mem[0x00000000800504B8] <- 0x0000000000000003
mem[X,0x0000000080048490] -> 0x0537
mem[X,0x0000000080048492] -> 0x0000
[10373] [M]: 0x0000000080048490 (0x00000537) lui a0, 0
x10 <- 0x0000000000000000
mem[X,0x0000000080048494] -> 0x0513
mem[X,0x0000000080048496] -> 0xFFF5
[10374] [M]: 0x0000000080048494 (0xFFF50513) addi a0, a0, 4095
x10 <- 0xFFFFFFFFFFFFFFFF
mem[X,0x0000000080048498] -> 0x1513
mem[X,0x000000008004849A] -> 0x00B5
[10375] [M]: 0x0000000080048498 (0x00B51513) slli a0, a0, 11
x10 <- 0xFFFFFFFFFFFFF800
mem[X,0x000000008004849C] -> 0x0513
mem[X,0x000000008004849E] -> 0x2575
[10376] [M]: 0x000000008004849C (0x25750513) addi a0, a0, 599
x10 <- 0xFFFFFFFFFFFFFA57
mem[X,0x00000000800484A0] -> 0x1513
mem[X,0x00000000800484A2] -> 0x00B5
[10377] [M]: 0x00000000800484A0 (0x00B51513) slli a0, a0, 11
x10 <- 0xFFFFFFFFFFD2B800
mem[X,0x00000000800484A4] -> 0x0513
mem[X,0x00000000800484A6] -> 0x6C35
[10378] [M]: 0x00000000800484A4 (0x6C350513) addi a0, a0, 1731
x10 <- 0xFFFFFFFFFFD2BEC3
mem[X,0x00000000800484A8] -> 0x1513
mem[X,0x00000000800484AA] -> 0x00A5
[10379] [M]: 0x00000000800484A8 (0x00A51513) slli a0, a0, 10
x10 <- 0xFFFFFFFF4AFB0C00
mem[X,0x00000000800484AC] -> 0x0513
mem[X,0x00000000800484AE] -> 0x0CE5
[10380] [M]: 0x00000000800484AC (0x0CE50513) addi a0, a0, 206
x10 <- 0xFFFFFFFF4AFB0CCE
mem[X,0x00000000800484B0] -> 0x55B7
mem[X,0x00000000800484B2] -> 0x5555
[10381] [M]: 0x00000000800484B0 (0x555555B7) lui a1, 349525
x11 <- 0x0000000055555000
mem[X,0x00000000800484B4] -> 0x8593
mem[X,0x00000000800484B6] -> 0x5555
[10382] [M]: 0x00000000800484B4 (0x55558593) addi a1, a1, 1365
x11 <- 0x0000000055555555
mem[X,0x00000000800484B8] -> 0x9593
mem[X,0x00000000800484BA] -> 0x00B5
[10383] [M]: 0x00000000800484B8 (0x00B59593) slli a1, a1, 11
x11 <- 0x000002AAAAAAA800
mem[X,0x00000000800484BC] -> 0x8593
mem[X,0x00000000800484BE] -> 0x2AA5
[10384] [M]: 0x00000000800484BC (0x2AA58593) addi a1, a1, 682
x11 <- 0x000002AAAAAAAAAA
mem[X,0x00000000800484C0] -> 0x9593
mem[X,0x00000000800484C2] -> 0x00B5
[10385] [M]: 0x00000000800484C0 (0x00B59593) slli a1, a1, 11
x11 <- 0x0015555555555000
mem[X,0x00000000800484C4] -> 0x8593
mem[X,0x00000000800484C6] -> 0x5555
[10386] [M]: 0x00000000800484C4 (0x55558593) addi a1, a1, 1365
x11 <- 0x0015555555555555
mem[X,0x00000000800484C8] -> 0x9593
mem[X,0x00000000800484CA] -> 0x00A5
[10387] [M]: 0x00000000800484C8 (0x00A59593) slli a1, a1, 10
x11 <- 0x5555555555555400
mem[X,0x00000000800484CC] -> 0x8593
mem[X,0x00000000800484CE] -> 0x1565
[10388] [M]: 0x00000000800484CC (0x15658593) addi a1, a1, 342
x11 <- 0x5555555555555556
mem[X,0x00000000800484D0] -> 0x0113
mem[X,0x00000000800484D2] -> 0x0000
[10389] [M]: 0x00000000800484D0 (0x00000113) addi sp, zero, 0
x2 <- 0x0000000000000000
mem[X,0x00000000800484D4] -> 0x006F
mem[X,0x00000000800484D6] -> 0x2B10
[10390] [M]: 0x00000000800484D4 (0x2B10006F) jal zero, 2736
mem[X,0x0000000080048F84] -> 0x4A63
mem[X,0x0000000080048F86] -> 0xD4B5
[10391] [M]: 0x0000000080048F84 (0xD4B54A63) blt a0, a1, 5460
mem[X,0x00000000800484D8] -> 0x0113
mem[X,0x00000000800484DA] -> 0x0011
[10392] [M]: 0x00000000800484D8 (0x00110113) addi sp, sp, 1
x2 <- 0x0000000000000001
mem[X,0x00000000800484DC] -> 0x006F
mem[X,0x00000000800484DE] -> 0x2BD0
[10393] [M]: 0x00000000800484DC (0x2BD0006F) jal zero, 2748
mem[X,0x0000000080048F98] -> 0xB423
mem[X,0x0000000080048F9A] -> 0x2E20
[10394] [M]: 0x0000000080048F98 (0x2E20B423) sd sp, 744(ra)
mem[0x00000000800504C0] <- 0x0000000000000001
mem[X,0x0000000080048F9C] -> 0x0537
mem[X,0x0000000080048F9E] -> 0x0000
[10395] [M]: 0x0000000080048F9C (0x00000537) lui a0, 0
x10 <- 0x0000000000000000
mem[X,0x0000000080048FA0] -> 0x0513
mem[X,0x0000000080048FA2] -> 0xFFF5
[10396] [M]: 0x0000000080048FA0 (0xFFF50513) addi a0, a0, 4095
x10 <- 0xFFFFFFFFFFFFFFFF
mem[X,0x0000000080048FA4] -> 0x1513
mem[X,0x0000000080048FA6] -> 0x00B5
[10397] [M]: 0x0000000080048FA4 (0x00B51513) slli a0, a0, 11
x10 <- 0xFFFFFFFFFFFFF800
mem[X,0x0000000080048FA8] -> 0x0513
mem[X,0x0000000080048FAA] -> 0x2575
[10398] [M]: 0x0000000080048FA8 (0x25750513) addi a0, a0, 599
x10 <- 0xFFFFFFFFFFFFFA57
mem[X,0x0000000080048FAC] -> 0x1513
mem[X,0x0000000080048FAE] -> 0x00B5
[10399] [M]: 0x0000000080048FAC (0x00B51513) slli a0, a0, 11
x10 <- 0xFFFFFFFFFFD2B800
clint::tick mtime <- 0x0000000000000068
 clint timer pending at mtime 0x0000000000000068
htif::tick 0x0000000000000000
mem[X,0x0000000080048FB0] -> 0x0513
mem[X,0x0000000080048FB2] -> 0x6C35
[10400] [M]: 0x0000000080048FB0 (0x6C350513) addi a0, a0, 1731
x10 <- 0xFFFFFFFFFFD2BEC3
mem[X,0x0000000080048FB4] -> 0x1513
mem[X,0x0000000080048FB6] -> 0x00A5
[10401] [M]: 0x0000000080048FB4 (0x00A51513) slli a0, a0, 10
x10 <- 0xFFFFFFFF4AFB0C00
mem[X,0x0000000080048FB8] -> 0x0513
mem[X,0x0000000080048FBA] -> 0x0CE5
[10402] [M]: 0x0000000080048FB8 (0x0CE50513) addi a0, a0, 206
x10 <- 0xFFFFFFFF4AFB0CCE
mem[X,0x0000000080048FBC] -> 0xB5B7
mem[X,0x0000000080048FBE] -> 0xAAAA
[10403] [M]: 0x0000000080048FBC (0xAAAAB5B7) lui a1, 699051
x11 <- 0xFFFFFFFFAAAAB000
mem[X,0x0000000080048FC0] -> 0x8593
mem[X,0x0000000080048FC2] -> 0xAAA5
[10404] [M]: 0x0000000080048FC0 (0xAAA58593) addi a1, a1, 2730
x11 <- 0xFFFFFFFFAAAAAAAA
mem[X,0x0000000080048FC4] -> 0x9593
mem[X,0x0000000080048FC6] -> 0x00B5
[10405] [M]: 0x0000000080048FC4 (0x00B59593) slli a1, a1, 11
x11 <- 0xFFFFFD5555555000
mem[X,0x0000000080048FC8] -> 0x8593
mem[X,0x0000000080048FCA] -> 0x5555
[10406] [M]: 0x0000000080048FC8 (0x55558593) addi a1, a1, 1365
x11 <- 0xFFFFFD5555555555
mem[X,0x0000000080048FCC] -> 0x9593
mem[X,0x0000000080048FCE] -> 0x00B5
[10407] [M]: 0x0000000080048FCC (0x00B59593) slli a1, a1, 11
x11 <- 0xFFEAAAAAAAAAA800
mem[X,0x0000000080048FD0] -> 0x8593
mem[X,0x0000000080048FD2] -> 0x2AA5
[10408] [M]: 0x0000000080048FD0 (0x2AA58593) addi a1, a1, 682
x11 <- 0xFFEAAAAAAAAAAAAA
mem[X,0x0000000080048FD4] -> 0x9593
mem[X,0x0000000080048FD6] -> 0x00A5
[10409] [M]: 0x0000000080048FD4 (0x00A59593) slli a1, a1, 10
x11 <- 0xAAAAAAAAAAAAA800
mem[X,0x0000000080048FD8] -> 0x8593
mem[X,0x0000000080048FDA] -> 0x2AB5
[10410] [M]: 0x0000000080048FD8 (0x2AB58593) addi a1, a1, 683
x11 <- 0xAAAAAAAAAAAAAAAB
mem[X,0x0000000080048FDC] -> 0x0113
mem[X,0x0000000080048FDE] -> 0x0000
[10411] [M]: 0x0000000080048FDC (0x00000113) addi sp, zero, 0
x2 <- 0x0000000000000000
mem[X,0x0000000080048FE0] -> 0x006F
mem[X,0x0000000080048FE2] -> 0x00C0
[10412] [M]: 0x0000000080048FE0 (0x00C0006F) jal zero, 12
mem[X,0x0000000080048FEC] -> 0x4CE3
mem[X,0x0000000080048FEE] -> 0xFEB5
[10413] [M]: 0x0000000080048FEC (0xFEB54CE3) blt a0, a1, 8184
mem[X,0x0000000080048FF0] -> 0x0113
mem[X,0x0000000080048FF2] -> 0x0021
[10414] [M]: 0x0000000080048FF0 (0x00210113) addi sp, sp, 2
x2 <- 0x0000000000000002
mem[X,0x0000000080048FF4] -> 0x006F
mem[X,0x0000000080048FF6] -> 0x00C0
[10415] [M]: 0x0000000080048FF4 (0x00C0006F) jal zero, 12
mem[X,0x0000000080049000] -> 0xB823
mem[X,0x0000000080049002] -> 0x2E20
[10416] [M]: 0x0000000080049000 (0x2E20B823) sd sp, 752(ra)
mem[0x00000000800504C8] <- 0x0000000000000002
mem[X,0x0000000080049004] -> 0x0537
mem[X,0x0000000080049006] -> 0x0000
[10417] [M]: 0x0000000080049004 (0x00000537) lui a0, 0
x10 <- 0x0000000000000000
mem[X,0x0000000080049008] -> 0x0513
mem[X,0x000000008004900A] -> 0xFFF5
[10418] [M]: 0x0000000080049008 (0xFFF50513) addi a0, a0, 4095
x10 <- 0xFFFFFFFFFFFFFFFF
mem[X,0x000000008004900C] -> 0x1513
mem[X,0x000000008004900E] -> 0x00B5
[10419] [M]: 0x000000008004900C (0x00B51513) slli a0, a0, 11
x10 <- 0xFFFFFFFFFFFFF800
mem[X,0x0000000080049010] -> 0x0513
mem[X,0x0000000080049012] -> 0x2575
[10420] [M]: 0x0000000080049010 (0x25750513) addi a0, a0, 599
x10 <- 0xFFFFFFFFFFFFFA57
mem[X,0x0000000080049014] -> 0x1513
mem[X,0x0000000080049016] -> 0x00B5
[10421] [M]: 0x0000000080049014 (0x00B51513) slli a0, a0, 11
x10 <- 0xFFFFFFFFFFD2B800
mem[X,0x0000000080049018] -> 0x0513
mem[X,0x000000008004901A] -> 0x6C35
[10422] [M]: 0x0000000080049018 (0x6C350513) addi a0, a0, 1731
x10 <- 0xFFFFFFFFFFD2BEC3
mem[X,0x000000008004901C] -> 0x1513
mem[X,0x000000008004901E] -> 0x00A5
[10423] [M]: 0x000000008004901C (0x00A51513) slli a0, a0, 10
x10 <- 0xFFFFFFFF4AFB0C00
mem[X,0x0000000080049020] -> 0x0513
mem[X,0x0000000080049022] -> 0x0CE5
[10424] [M]: 0x0000000080049020 (0x0CE50513) addi a0, a0, 206
x10 <- 0xFFFFFFFF4AFB0CCE
mem[X,0x0000000080049024] -> 0x0593
mem[X,0x0000000080049026] -> 0x0060
[10425] [M]: 0x0000000080049024 (0x00600593) addi a1, zero, 6
x11 <- 0x0000000000000006
mem[X,0x0000000080049028] -> 0x0113
mem[X,0x000000008004902A] -> 0x0000
[10426] [M]: 0x0000000080049028 (0x00000113) addi sp, zero, 0
x2 <- 0x0000000000000000
mem[X,0x000000008004902C] -> 0x006F
mem[X,0x000000008004902E] -> 0x00C0
[10427] [M]: 0x000000008004902C (0x00C0006F) jal zero, 12
mem[X,0x0000000080049038] -> 0x4663
mem[X,0x000000008004903A] -> 0x00B5
[10428] [M]: 0x0000000080049038 (0x00B54663) blt a0, a1, 12
mem[X,0x0000000080049044] -> 0x0113
mem[X,0x0000000080049046] -> 0x0031
[10429] [M]: 0x0000000080049044 (0x00310113) addi sp, sp, 3
x2 <- 0x0000000000000003
mem[X,0x0000000080049048] -> 0x006F
mem[X,0x000000008004904A] -> 0x0040
[10430] [M]: 0x0000000080049048 (0x0040006F) jal zero, 4
mem[X,0x000000008004904C] -> 0xBC23
mem[X,0x000000008004904E] -> 0x2E20
[10431] [M]: 0x000000008004904C (0x2E20BC23) sd sp, 760(ra)
mem[0x00000000800504D0] <- 0x0000000000000003
mem[X,0x0000000080049050] -> 0x0537
mem[X,0x0000000080049052] -> 0x0000
[10432] [M]: 0x0000000080049050 (0x00000537) lui a0, 0
x10 <- 0x0000000000000000
mem[X,0x0000000080049054] -> 0x0513
mem[X,0x0000000080049056] -> 0xFFF5
[10433] [M]: 0x0000000080049054 (0xFFF50513) addi a0, a0, 4095
x10 <- 0xFFFFFFFFFFFFFFFF
mem[X,0x0000000080049058] -> 0x1513
mem[X,0x000000008004905A] -> 0x00B5
[10434] [M]: 0x0000000080049058 (0x00B51513) slli a0, a0, 11
x10 <- 0xFFFFFFFFFFFFF800
mem[X,0x000000008004905C] -> 0x0513
mem[X,0x000000008004905E] -> 0x2575
[10435] [M]: 0x000000008004905C (0x25750513) addi a0, a0, 599
x10 <- 0xFFFFFFFFFFFFFA57
mem[X,0x0000000080049060] -> 0x1513
mem[X,0x0000000080049062] -> 0x00B5
[10436] [M]: 0x0000000080049060 (0x00B51513) slli a0, a0, 11
x10 <- 0xFFFFFFFFFFD2B800
mem[X,0x0000000080049064] -> 0x0513
mem[X,0x0000000080049066] -> 0x6C35
[10437] [M]: 0x0000000080049064 (0x6C350513) addi a0, a0, 1731
x10 <- 0xFFFFFFFFFFD2BEC3
mem[X,0x0000000080049068] -> 0x1513
mem[X,0x000000008004906A] -> 0x00A5
[10438] [M]: 0x0000000080049068 (0x00A51513) slli a0, a0, 10
x10 <- 0xFFFFFFFF4AFB0C00
mem[X,0x000000008004906C] -> 0x0513
mem[X,0x000000008004906E] -> 0x0CE5
[10439] [M]: 0x000000008004906C (0x0CE50513) addi a0, a0, 206
x10 <- 0xFFFFFFFF4AFB0CCE
mem[X,0x0000000080049070] -> 0x35B7
mem[X,0x0000000080049072] -> 0x3333
[10440] [M]: 0x0000000080049070 (0x333335B7) lui a1, 209715
x11 <- 0x0000000033333000
mem[X,0x0000000080049074] -> 0x8593
mem[X,0x0000000080049076] -> 0x3335
[10441] [M]: 0x0000000080049074 (0x33358593) addi a1, a1, 819
x11 <- 0x0000000033333333
mem[X,0x0000000080049078] -> 0x9593
mem[X,0x000000008004907A] -> 0x00B5
[10442] [M]: 0x0000000080049078 (0x00B59593) slli a1, a1, 11
x11 <- 0x0000019999999800
mem[X,0x000000008004907C] -> 0x8593
mem[X,0x000000008004907E] -> 0x1995
[10443] [M]: 0x000000008004907C (0x19958593) addi a1, a1, 409
x11 <- 0x0000019999999999
mem[X,0x0000000080049080] -> 0x9593
mem[X,0x0000000080049082] -> 0x00B5
[10444] [M]: 0x0000000080049080 (0x00B59593) slli a1, a1, 11
x11 <- 0x000CCCCCCCCCC800
mem[X,0x0000000080049084] -> 0x8593
mem[X,0x0000000080049086] -> 0x4CC5
[10445] [M]: 0x0000000080049084 (0x4CC58593) addi a1, a1, 1228
x11 <- 0x000CCCCCCCCCCCCC
mem[X,0x0000000080049088] -> 0x9593
mem[X,0x000000008004908A] -> 0x00A5
[10446] [M]: 0x0000000080049088 (0x00A59593) slli a1, a1, 10
x11 <- 0x3333333333333000
mem[X,0x000000008004908C] -> 0x8593
mem[X,0x000000008004908E] -> 0x3345
[10447] [M]: 0x000000008004908C (0x33458593) addi a1, a1, 820
x11 <- 0x3333333333333334
mem[X,0x0000000080049090] -> 0x0113
mem[X,0x0000000080049092] -> 0x0000
[10448] [M]: 0x0000000080049090 (0x00000113) addi sp, zero, 0
x2 <- 0x0000000000000000
mem[X,0x0000000080049094] -> 0x006F
mem[X,0x0000000080049096] -> 0x00C0
[10449] [M]: 0x0000000080049094 (0x00C0006F) jal zero, 12
mem[X,0x00000000800490A0] -> 0x4663
mem[X,0x00000000800490A2] -> 0x00B5
[10450] [M]: 0x00000000800490A0 (0x00B54663) blt a0, a1, 12
mem[X,0x00000000800490AC] -> 0x0113
mem[X,0x00000000800490AE] -> 0x0031
[10451] [M]: 0x00000000800490AC (0x00310113) addi sp, sp, 3
x2 <- 0x0000000000000003
mem[X,0x00000000800490B0] -> 0x006F
mem[X,0x00000000800490B2] -> 0x0040
[10452] [M]: 0x00000000800490B0 (0x0040006F) jal zero, 4
mem[X,0x00000000800490B4] -> 0xB023
mem[X,0x00000000800490B6] -> 0x3020
[10453] [M]: 0x00000000800490B4 (0x3020B023) sd sp, 768(ra)
mem[0x00000000800504D8] <- 0x0000000000000003
mem[X,0x00000000800490B8] -> 0x0537
mem[X,0x00000000800490BA] -> 0x0000
[10454] [M]: 0x00000000800490B8 (0x00000537) lui a0, 0
x10 <- 0x0000000000000000
mem[X,0x00000000800490BC] -> 0x0513
mem[X,0x00000000800490BE] -> 0xFFF5
[10455] [M]: 0x00000000800490BC (0xFFF50513) addi a0, a0, 4095
x10 <- 0xFFFFFFFFFFFFFFFF
mem[X,0x00000000800490C0] -> 0x1513
mem[X,0x00000000800490C2] -> 0x00B5
[10456] [M]: 0x00000000800490C0 (0x00B51513) slli a0, a0, 11
x10 <- 0xFFFFFFFFFFFFF800
mem[X,0x00000000800490C4] -> 0x0513
mem[X,0x00000000800490C6] -> 0x2575
[10457] [M]: 0x00000000800490C4 (0x25750513) addi a0, a0, 599
x10 <- 0xFFFFFFFFFFFFFA57
mem[X,0x00000000800490C8] -> 0x1513
mem[X,0x00000000800490CA] -> 0x00B5
[10458] [M]: 0x00000000800490C8 (0x00B51513) slli a0, a0, 11
x10 <- 0xFFFFFFFFFFD2B800
mem[X,0x00000000800490CC] -> 0x0513
mem[X,0x00000000800490CE] -> 0x6C35
[10459] [M]: 0x00000000800490CC (0x6C350513) addi a0, a0, 1731
x10 <- 0xFFFFFFFFFFD2BEC3
mem[X,0x00000000800490D0] -> 0x1513
mem[X,0x00000000800490D2] -> 0x00A5
[10460] [M]: 0x00000000800490D0 (0x00A51513) slli a0, a0, 10
x10 <- 0xFFFFFFFF4AFB0C00
mem[X,0x00000000800490D4] -> 0x0513
mem[X,0x00000000800490D6] -> 0x0CE5
[10461] [M]: 0x00000000800490D4 (0x0CE50513) addi a0, a0, 206
x10 <- 0xFFFFFFFF4AFB0CCE
mem[X,0x00000000800490D8] -> 0x65B7
mem[X,0x00000000800490DA] -> 0x6666
[10462] [M]: 0x00000000800490D8 (0x666665B7) lui a1, 419430
x11 <- 0x0000000066666000
mem[X,0x00000000800490DC] -> 0x8593
mem[X,0x00000000800490DE] -> 0x6665
[10463] [M]: 0x00000000800490DC (0x66658593) addi a1, a1, 1638
x11 <- 0x0000000066666666
mem[X,0x00000000800490E0] -> 0x9593
mem[X,0x00000000800490E2] -> 0x00B5
[10464] [M]: 0x00000000800490E0 (0x00B59593) slli a1, a1, 11
x11 <- 0x0000033333333000
mem[X,0x00000000800490E4] -> 0x8593
mem[X,0x00000000800490E6] -> 0x3335
[10465] [M]: 0x00000000800490E4 (0x33358593) addi a1, a1, 819
x11 <- 0x0000033333333333
mem[X,0x00000000800490E8] -> 0x9593
mem[X,0x00000000800490EA] -> 0x00B5
[10466] [M]: 0x00000000800490E8 (0x00B59593) slli a1, a1, 11
x11 <- 0x0019999999999800
mem[X,0x00000000800490EC] -> 0x8593
mem[X,0x00000000800490EE] -> 0x1995
[10467] [M]: 0x00000000800490EC (0x19958593) addi a1, a1, 409
x11 <- 0x0019999999999999
mem[X,0x00000000800490F0] -> 0x9593
mem[X,0x00000000800490F2] -> 0x00A5
[10468] [M]: 0x00000000800490F0 (0x00A59593) slli a1, a1, 10
x11 <- 0x6666666666666400
mem[X,0x00000000800490F4] -> 0x8593
mem[X,0x00000000800490F6] -> 0x2675
[10469] [M]: 0x00000000800490F4 (0x26758593) addi a1, a1, 615
x11 <- 0x6666666666666667
mem[X,0x00000000800490F8] -> 0x0113
mem[X,0x00000000800490FA] -> 0x0000
[10470] [M]: 0x00000000800490F8 (0x00000113) addi sp, zero, 0
x2 <- 0x0000000000000000
mem[X,0x00000000800490FC] -> 0x006F
mem[X,0x00000000800490FE] -> 0x00C0
[10471] [M]: 0x00000000800490FC (0x00C0006F) jal zero, 12
mem[X,0x0000000080049108] -> 0x4663
mem[X,0x000000008004910A] -> 0x00B5
[10472] [M]: 0x0000000080049108 (0x00B54663) blt a0, a1, 12
mem[X,0x0000000080049114] -> 0x0113
mem[X,0x0000000080049116] -> 0x0031
[10473] [M]: 0x0000000080049114 (0x00310113) addi sp, sp, 3
x2 <- 0x0000000000000003
mem[X,0x0000000080049118] -> 0x006F
mem[X,0x000000008004911A] -> 0x0040
[10474] [M]: 0x0000000080049118 (0x0040006F) jal zero, 4
mem[X,0x000000008004911C] -> 0xB423
mem[X,0x000000008004911E] -> 0x3020
[10475] [M]: 0x000000008004911C (0x3020B423) sd sp, 776(ra)
mem[0x00000000800504E0] <- 0x0000000000000003
mem[X,0x0000000080049120] -> 0x0537
mem[X,0x0000000080049122] -> 0x0000
[10476] [M]: 0x0000000080049120 (0x00000537) lui a0, 0
x10 <- 0x0000000000000000
mem[X,0x0000000080049124] -> 0x0513
mem[X,0x0000000080049126] -> 0xFFF5
[10477] [M]: 0x0000000080049124 (0xFFF50513) addi a0, a0, 4095
x10 <- 0xFFFFFFFFFFFFFFFF
mem[X,0x0000000080049128] -> 0x1513
mem[X,0x000000008004912A] -> 0x00B5
[10478] [M]: 0x0000000080049128 (0x00B51513) slli a0, a0, 11
x10 <- 0xFFFFFFFFFFFFF800
mem[X,0x000000008004912C] -> 0x0513
mem[X,0x000000008004912E] -> 0x2575
[10479] [M]: 0x000000008004912C (0x25750513) addi a0, a0, 599
x10 <- 0xFFFFFFFFFFFFFA57
mem[X,0x0000000080049130] -> 0x1513
mem[X,0x0000000080049132] -> 0x00B5
[10480] [M]: 0x0000000080049130 (0x00B51513) slli a0, a0, 11
x10 <- 0xFFFFFFFFFFD2B800
mem[X,0x0000000080049134] -> 0x0513
mem[X,0x0000000080049136] -> 0x6C35
[10481] [M]: 0x0000000080049134 (0x6C350513) addi a0, a0, 1731
x10 <- 0xFFFFFFFFFFD2BEC3
mem[X,0x0000000080049138] -> 0x1513
mem[X,0x000000008004913A] -> 0x00A5
[10482] [M]: 0x0000000080049138 (0x00A51513) slli a0, a0, 10
x10 <- 0xFFFFFFFF4AFB0C00
mem[X,0x000000008004913C] -> 0x0513
mem[X,0x000000008004913E] -> 0x0CE5
[10483] [M]: 0x000000008004913C (0x0CE50513) addi a0, a0, 206
x10 <- 0xFFFFFFFF4AFB0CCE
mem[X,0x0000000080049140] -> 0x05B7
mem[X,0x0000000080049142] -> 0x0000
[10484] [M]: 0x0000000080049140 (0x000005B7) lui a1, 0
x11 <- 0x0000000000000000
mem[X,0x0000000080049144] -> 0x8593
mem[X,0x0000000080049146] -> 0xFFF5
[10485] [M]: 0x0000000080049144 (0xFFF58593) addi a1, a1, 4095
x11 <- 0xFFFFFFFFFFFFFFFF
mem[X,0x0000000080049148] -> 0x9593
mem[X,0x000000008004914A] -> 0x00B5
[10486] [M]: 0x0000000080049148 (0x00B59593) slli a1, a1, 11
x11 <- 0xFFFFFFFFFFFFF800
mem[X,0x000000008004914C] -> 0x8593
mem[X,0x000000008004914E] -> 0x2575
[10487] [M]: 0x000000008004914C (0x25758593) addi a1, a1, 599
x11 <- 0xFFFFFFFFFFFFFA57
mem[X,0x0000000080049150] -> 0x9593
mem[X,0x0000000080049152] -> 0x00B5
[10488] [M]: 0x0000000080049150 (0x00B59593) slli a1, a1, 11
x11 <- 0xFFFFFFFFFFD2B800
mem[X,0x0000000080049154] -> 0x8593
mem[X,0x0000000080049156] -> 0x6C35
[10489] [M]: 0x0000000080049154 (0x6C358593) addi a1, a1, 1731
x11 <- 0xFFFFFFFFFFD2BEC3
mem[X,0x0000000080049158] -> 0x9593
mem[X,0x000000008004915A] -> 0x00A5
[10490] [M]: 0x0000000080049158 (0x00A59593) slli a1, a1, 10
x11 <- 0xFFFFFFFF4AFB0C00
mem[X,0x000000008004915C] -> 0x8593
mem[X,0x000000008004915E] -> 0x0CE5
[10491] [M]: 0x000000008004915C (0x0CE58593) addi a1, a1, 206
x11 <- 0xFFFFFFFF4AFB0CCE
mem[X,0x0000000080049160] -> 0x0113
mem[X,0x0000000080049162] -> 0x0000
[10492] [M]: 0x0000000080049160 (0x00000113) addi sp, zero, 0
x2 <- 0x0000000000000000
mem[X,0x0000000080049164] -> 0x006F
mem[X,0x0000000080049166] -> 0x00C0
[10493] [M]: 0x0000000080049164 (0x00C0006F) jal zero, 12
mem[X,0x0000000080049170] -> 0x4CE3
mem[X,0x0000000080049172] -> 0xFEB5
[10494] [M]: 0x0000000080049170 (0xFEB54CE3) blt a0, a1, 8184
mem[X,0x0000000080049174] -> 0x0113
mem[X,0x0000000080049176] -> 0x0021
[10495] [M]: 0x0000000080049174 (0x00210113) addi sp, sp, 2
x2 <- 0x0000000000000002
mem[X,0x0000000080049178] -> 0x006F
mem[X,0x000000008004917A] -> 0x00C0
[10496] [M]: 0x0000000080049178 (0x00C0006F) jal zero, 12
mem[X,0x0000000080049184] -> 0xB823
mem[X,0x0000000080049186] -> 0x3020
[10497] [M]: 0x0000000080049184 (0x3020B823) sd sp, 784(ra)
mem[0x00000000800504E8] <- 0x0000000000000002
mem[X,0x0000000080049188] -> 0x0537
mem[X,0x000000008004918A] -> 0x0000
[10498] [M]: 0x0000000080049188 (0x00000537) lui a0, 0
x10 <- 0x0000000000000000
mem[X,0x000000008004918C] -> 0x0513
mem[X,0x000000008004918E] -> 0xFFF5
[10499] [M]: 0x000000008004918C (0xFFF50513) addi a0, a0, 4095
x10 <- 0xFFFFFFFFFFFFFFFF
clint::tick mtime <- 0x0000000000000069
 clint timer pending at mtime 0x0000000000000069
htif::tick 0x0000000000000000
mem[X,0x0000000080049190] -> 0x1513
mem[X,0x0000000080049192] -> 0x00B5
[10500] [M]: 0x0000000080049190 (0x00B51513) slli a0, a0, 11
x10 <- 0xFFFFFFFFFFFFF800
mem[X,0x0000000080049194] -> 0x0513
mem[X,0x0000000080049196] -> 0x2575
[10501] [M]: 0x0000000080049194 (0x25750513) addi a0, a0, 599
x10 <- 0xFFFFFFFFFFFFFA57
mem[X,0x0000000080049198] -> 0x1513
mem[X,0x000000008004919A] -> 0x00B5
[10502] [M]: 0x0000000080049198 (0x00B51513) slli a0, a0, 11
x10 <- 0xFFFFFFFFFFD2B800
mem[X,0x000000008004919C] -> 0x0513
mem[X,0x000000008004919E] -> 0x6C35
[10503] [M]: 0x000000008004919C (0x6C350513) addi a0, a0, 1731
x10 <- 0xFFFFFFFFFFD2BEC3
mem[X,0x00000000800491A0] -> 0x1513
mem[X,0x00000000800491A2] -> 0x00A5
[10504] [M]: 0x00000000800491A0 (0x00A51513) slli a0, a0, 10
x10 <- 0xFFFFFFFF4AFB0C00
mem[X,0x00000000800491A4] -> 0x0513
mem[X,0x00000000800491A6] -> 0x0CE5
[10505] [M]: 0x00000000800491A4 (0x0CE50513) addi a0, a0, 206
x10 <- 0xFFFFFFFF4AFB0CCE
mem[X,0x00000000800491A8] -> 0x05B7
mem[X,0x00000000800491AA] -> 0x0000
[10506] [M]: 0x00000000800491A8 (0x000005B7) lui a1, 0
x11 <- 0x0000000000000000
mem[X,0x00000000800491AC] -> 0x8593
mem[X,0x00000000800491AE] -> 0x0005
[10507] [M]: 0x00000000800491AC (0x00058593) addi a1, a1, 0
x11 <- 0x0000000000000000
mem[X,0x00000000800491B0] -> 0x9593
mem[X,0x00000000800491B2] -> 0x00B5
[10508] [M]: 0x00000000800491B0 (0x00B59593) slli a1, a1, 11
x11 <- 0x0000000000000000
mem[X,0x00000000800491B4] -> 0x8593
mem[X,0x00000000800491B6] -> 0x5A85
[10509] [M]: 0x00000000800491B4 (0x5A858593) addi a1, a1, 1448
x11 <- 0x00000000000005A8
mem[X,0x00000000800491B8] -> 0x9593
mem[X,0x00000000800491BA] -> 0x00B5
[10510] [M]: 0x00000000800491B8 (0x00B59593) slli a1, a1, 11
x11 <- 0x00000000002D4000
mem[X,0x00000000800491BC] -> 0x8593
mem[X,0x00000000800491BE] -> 0x13C5
[10511] [M]: 0x00000000800491BC (0x13C58593) addi a1, a1, 316
x11 <- 0x00000000002D413C
mem[X,0x00000000800491C0] -> 0x9593
mem[X,0x00000000800491C2] -> 0x00A5
[10512] [M]: 0x00000000800491C0 (0x00A59593) slli a1, a1, 10
x11 <- 0x00000000B504F000
mem[X,0x00000000800491C4] -> 0x8593
mem[X,0x00000000800491C6] -> 0x3345
[10513] [M]: 0x00000000800491C4 (0x33458593) addi a1, a1, 820
x11 <- 0x00000000B504F334
mem[X,0x00000000800491C8] -> 0x0113
mem[X,0x00000000800491CA] -> 0x0000
[10514] [M]: 0x00000000800491C8 (0x00000113) addi sp, zero, 0
x2 <- 0x0000000000000000
mem[X,0x00000000800491CC] -> 0x006F
mem[X,0x00000000800491CE] -> 0x00C0
[10515] [M]: 0x00000000800491CC (0x00C0006F) jal zero, 12
mem[X,0x00000000800491D8] -> 0x4063
mem[X,0x00000000800491DA] -> 0x10B5
[10516] [M]: 0x00000000800491D8 (0x10B54063) blt a0, a1, 256
mem[X,0x00000000800492D8] -> 0x0113
mem[X,0x00000000800492DA] -> 0x0031
[10517] [M]: 0x00000000800492D8 (0x00310113) addi sp, sp, 3
x2 <- 0x0000000000000003
mem[X,0x00000000800492DC] -> 0x006F
mem[X,0x00000000800492DE] -> 0x0040
[10518] [M]: 0x00000000800492DC (0x0040006F) jal zero, 4
mem[X,0x00000000800492E0] -> 0xBC23
mem[X,0x00000000800492E2] -> 0x3020
[10519] [M]: 0x00000000800492E0 (0x3020BC23) sd sp, 792(ra)
mem[0x00000000800504F0] <- 0x0000000000000003
mem[X,0x00000000800492E4] -> 0x0537
mem[X,0x00000000800492E6] -> 0x0000
[10520] [M]: 0x00000000800492E4 (0x00000537) lui a0, 0
x10 <- 0x0000000000000000
mem[X,0x00000000800492E8] -> 0x0513
mem[X,0x00000000800492EA] -> 0x0005
[10521] [M]: 0x00000000800492E8 (0x00050513) addi a0, a0, 0
x10 <- 0x0000000000000000
mem[X,0x00000000800492EC] -> 0x1513
mem[X,0x00000000800492EE] -> 0x00B5
[10522] [M]: 0x00000000800492EC (0x00B51513) slli a0, a0, 11
x10 <- 0x0000000000000000
mem[X,0x00000000800492F0] -> 0x0513
mem[X,0x00000000800492F2] -> 0x5A85
[10523] [M]: 0x00000000800492F0 (0x5A850513) addi a0, a0, 1448
x10 <- 0x00000000000005A8
mem[X,0x00000000800492F4] -> 0x1513
mem[X,0x00000000800492F6] -> 0x00B5
[10524] [M]: 0x00000000800492F4 (0x00B51513) slli a0, a0, 11
x10 <- 0x00000000002D4000
mem[X,0x00000000800492F8] -> 0x0513
mem[X,0x00000000800492FA] -> 0x13C5
[10525] [M]: 0x00000000800492F8 (0x13C50513) addi a0, a0, 316
x10 <- 0x00000000002D413C
mem[X,0x00000000800492FC] -> 0x1513
mem[X,0x00000000800492FE] -> 0x00A5
[10526] [M]: 0x00000000800492FC (0x00A51513) slli a0, a0, 10
x10 <- 0x00000000B504F000
mem[X,0x0000000080049300] -> 0x0513
mem[X,0x0000000080049302] -> 0x3345
[10527] [M]: 0x0000000080049300 (0x33450513) addi a0, a0, 820
x10 <- 0x00000000B504F334
mem[X,0x0000000080049304] -> 0x0593
mem[X,0x0000000080049306] -> 0x0030
[10528] [M]: 0x0000000080049304 (0x00300593) addi a1, zero, 3
x11 <- 0x0000000000000003
mem[X,0x0000000080049308] -> 0x0113
mem[X,0x000000008004930A] -> 0x0000
[10529] [M]: 0x0000000080049308 (0x00000113) addi sp, zero, 0
x2 <- 0x0000000000000000
mem[X,0x000000008004930C] -> 0x006F
mem[X,0x000000008004930E] -> 0x00C0
[10530] [M]: 0x000000008004930C (0x00C0006F) jal zero, 12
mem[X,0x0000000080049318] -> 0x4063
mem[X,0x000000008004931A] -> 0x02B5
[10531] [M]: 0x0000000080049318 (0x02B54063) blt a0, a1, 32
mem[X,0x000000008004931C] -> 0x0113
mem[X,0x000000008004931E] -> 0x0021
[10532] [M]: 0x000000008004931C (0x00210113) addi sp, sp, 2
x2 <- 0x0000000000000002
mem[X,0x0000000080049320] -> 0x006F
mem[X,0x0000000080049322] -> 0x0200
[10533] [M]: 0x0000000080049320 (0x0200006F) jal zero, 32
mem[X,0x0000000080049340] -> 0xB023
mem[X,0x0000000080049342] -> 0x3220
[10534] [M]: 0x0000000080049340 (0x3220B023) sd sp, 800(ra)
mem[0x00000000800504F8] <- 0x0000000000000002
mem[X,0x0000000080049344] -> 0x0537
mem[X,0x0000000080049346] -> 0x0000
[10535] [M]: 0x0000000080049344 (0x00000537) lui a0, 0
x10 <- 0x0000000000000000
mem[X,0x0000000080049348] -> 0x0513
mem[X,0x000000008004934A] -> 0x0005
[10536] [M]: 0x0000000080049348 (0x00050513) addi a0, a0, 0
x10 <- 0x0000000000000000
mem[X,0x000000008004934C] -> 0x1513
mem[X,0x000000008004934E] -> 0x00B5
[10537] [M]: 0x000000008004934C (0x00B51513) slli a0, a0, 11
x10 <- 0x0000000000000000
mem[X,0x0000000080049350] -> 0x0513
mem[X,0x0000000080049352] -> 0x5A85
[10538] [M]: 0x0000000080049350 (0x5A850513) addi a0, a0, 1448
x10 <- 0x00000000000005A8
mem[X,0x0000000080049354] -> 0x1513
mem[X,0x0000000080049356] -> 0x00B5
[10539] [M]: 0x0000000080049354 (0x00B51513) slli a0, a0, 11
x10 <- 0x00000000002D4000
mem[X,0x0000000080049358] -> 0x0513
mem[X,0x000000008004935A] -> 0x13C5
[10540] [M]: 0x0000000080049358 (0x13C50513) addi a0, a0, 316
x10 <- 0x00000000002D413C
mem[X,0x000000008004935C] -> 0x1513
mem[X,0x000000008004935E] -> 0x00A5
[10541] [M]: 0x000000008004935C (0x00A51513) slli a0, a0, 10
x10 <- 0x00000000B504F000
mem[X,0x0000000080049360] -> 0x0513
mem[X,0x0000000080049362] -> 0x3345
[10542] [M]: 0x0000000080049360 (0x33450513) addi a0, a0, 820
x10 <- 0x00000000B504F334
mem[X,0x0000000080049364] -> 0x55B7
mem[X,0x0000000080049366] -> 0x5555
[10543] [M]: 0x0000000080049364 (0x555555B7) lui a1, 349525
x11 <- 0x0000000055555000
mem[X,0x0000000080049368] -> 0x8593
mem[X,0x000000008004936A] -> 0x5555
[10544] [M]: 0x0000000080049368 (0x55558593) addi a1, a1, 1365
x11 <- 0x0000000055555555
mem[X,0x000000008004936C] -> 0x9593
mem[X,0x000000008004936E] -> 0x00B5
[10545] [M]: 0x000000008004936C (0x00B59593) slli a1, a1, 11
x11 <- 0x000002AAAAAAA800
mem[X,0x0000000080049370] -> 0x8593
mem[X,0x0000000080049372] -> 0x2AA5
[10546] [M]: 0x0000000080049370 (0x2AA58593) addi a1, a1, 682
x11 <- 0x000002AAAAAAAAAA
mem[X,0x0000000080049374] -> 0x9593
mem[X,0x0000000080049376] -> 0x00B5
[10547] [M]: 0x0000000080049374 (0x00B59593) slli a1, a1, 11
x11 <- 0x0015555555555000
mem[X,0x0000000080049378] -> 0x8593
mem[X,0x000000008004937A] -> 0x5555
[10548] [M]: 0x0000000080049378 (0x55558593) addi a1, a1, 1365
x11 <- 0x0015555555555555
mem[X,0x000000008004937C] -> 0x9593
mem[X,0x000000008004937E] -> 0x00A5
[10549] [M]: 0x000000008004937C (0x00A59593) slli a1, a1, 10
x11 <- 0x5555555555555400
mem[X,0x0000000080049380] -> 0x8593
mem[X,0x0000000080049382] -> 0x1555
[10550] [M]: 0x0000000080049380 (0x15558593) addi a1, a1, 341
x11 <- 0x5555555555555555
mem[X,0x0000000080049384] -> 0x0113
mem[X,0x0000000080049386] -> 0x0000
[10551] [M]: 0x0000000080049384 (0x00000113) addi sp, zero, 0
x2 <- 0x0000000000000000
mem[X,0x0000000080049388] -> 0x006F
mem[X,0x000000008004938A] -> 0x00C0
[10552] [M]: 0x0000000080049388 (0x00C0006F) jal zero, 12
mem[X,0x0000000080049394] -> 0x4063
mem[X,0x0000000080049396] -> 0x10B5
[10553] [M]: 0x0000000080049394 (0x10B54063) blt a0, a1, 256
mem[X,0x0000000080049494] -> 0x0113
mem[X,0x0000000080049496] -> 0x0031
[10554] [M]: 0x0000000080049494 (0x00310113) addi sp, sp, 3
x2 <- 0x0000000000000003
mem[X,0x0000000080049498] -> 0x006F
mem[X,0x000000008004949A] -> 0x0040
[10555] [M]: 0x0000000080049498 (0x0040006F) jal zero, 4
mem[X,0x000000008004949C] -> 0xB423
mem[X,0x000000008004949E] -> 0x3220
[10556] [M]: 0x000000008004949C (0x3220B423) sd sp, 808(ra)
mem[0x0000000080050500] <- 0x0000000000000003
mem[X,0x00000000800494A0] -> 0x0537
mem[X,0x00000000800494A2] -> 0x0000
[10557] [M]: 0x00000000800494A0 (0x00000537) lui a0, 0
x10 <- 0x0000000000000000
mem[X,0x00000000800494A4] -> 0x0513
mem[X,0x00000000800494A6] -> 0x0005
[10558] [M]: 0x00000000800494A4 (0x00050513) addi a0, a0, 0
x10 <- 0x0000000000000000
mem[X,0x00000000800494A8] -> 0x1513
mem[X,0x00000000800494AA] -> 0x00B5
[10559] [M]: 0x00000000800494A8 (0x00B51513) slli a0, a0, 11
x10 <- 0x0000000000000000
mem[X,0x00000000800494AC] -> 0x0513
mem[X,0x00000000800494AE] -> 0x5A85
[10560] [M]: 0x00000000800494AC (0x5A850513) addi a0, a0, 1448
x10 <- 0x00000000000005A8
mem[X,0x00000000800494B0] -> 0x1513
mem[X,0x00000000800494B2] -> 0x00B5
[10561] [M]: 0x00000000800494B0 (0x00B51513) slli a0, a0, 11
x10 <- 0x00000000002D4000
mem[X,0x00000000800494B4] -> 0x0513
mem[X,0x00000000800494B6] -> 0x13C5
[10562] [M]: 0x00000000800494B4 (0x13C50513) addi a0, a0, 316
x10 <- 0x00000000002D413C
mem[X,0x00000000800494B8] -> 0x1513
mem[X,0x00000000800494BA] -> 0x00A5
[10563] [M]: 0x00000000800494B8 (0x00A51513) slli a0, a0, 10
x10 <- 0x00000000B504F000
mem[X,0x00000000800494BC] -> 0x0513
mem[X,0x00000000800494BE] -> 0x3345
[10564] [M]: 0x00000000800494BC (0x33450513) addi a0, a0, 820
x10 <- 0x00000000B504F334
mem[X,0x00000000800494C0] -> 0xB5B7
mem[X,0x00000000800494C2] -> 0xAAAA
[10565] [M]: 0x00000000800494C0 (0xAAAAB5B7) lui a1, 699051
x11 <- 0xFFFFFFFFAAAAB000
mem[X,0x00000000800494C4] -> 0x8593
mem[X,0x00000000800494C6] -> 0xAAA5
[10566] [M]: 0x00000000800494C4 (0xAAA58593) addi a1, a1, 2730
x11 <- 0xFFFFFFFFAAAAAAAA
mem[X,0x00000000800494C8] -> 0x9593
mem[X,0x00000000800494CA] -> 0x00B5
[10567] [M]: 0x00000000800494C8 (0x00B59593) slli a1, a1, 11
x11 <- 0xFFFFFD5555555000
mem[X,0x00000000800494CC] -> 0x8593
mem[X,0x00000000800494CE] -> 0x5555
[10568] [M]: 0x00000000800494CC (0x55558593) addi a1, a1, 1365
x11 <- 0xFFFFFD5555555555
mem[X,0x00000000800494D0] -> 0x9593
mem[X,0x00000000800494D2] -> 0x00B5
[10569] [M]: 0x00000000800494D0 (0x00B59593) slli a1, a1, 11
x11 <- 0xFFEAAAAAAAAAA800
mem[X,0x00000000800494D4] -> 0x8593
mem[X,0x00000000800494D6] -> 0x2AA5
[10570] [M]: 0x00000000800494D4 (0x2AA58593) addi a1, a1, 682
x11 <- 0xFFEAAAAAAAAAAAAA
mem[X,0x00000000800494D8] -> 0x9593
mem[X,0x00000000800494DA] -> 0x00A5
[10571] [M]: 0x00000000800494D8 (0x00A59593) slli a1, a1, 10
x11 <- 0xAAAAAAAAAAAAA800
mem[X,0x00000000800494DC] -> 0x8593
mem[X,0x00000000800494DE] -> 0x2AA5
[10572] [M]: 0x00000000800494DC (0x2AA58593) addi a1, a1, 682
x11 <- 0xAAAAAAAAAAAAAAAA
mem[X,0x00000000800494E0] -> 0x0113
mem[X,0x00000000800494E2] -> 0x0000
[10573] [M]: 0x00000000800494E0 (0x00000113) addi sp, zero, 0
x2 <- 0x0000000000000000
mem[X,0x00000000800494E4] -> 0x006F
mem[X,0x00000000800494E6] -> 0x00C0
[10574] [M]: 0x00000000800494E4 (0x00C0006F) jal zero, 12
mem[X,0x00000000800494F0] -> 0x4663
mem[X,0x00000000800494F2] -> 0x00B5
[10575] [M]: 0x00000000800494F0 (0x00B54663) blt a0, a1, 12
mem[X,0x00000000800494F4] -> 0x0113
mem[X,0x00000000800494F6] -> 0x0021
[10576] [M]: 0x00000000800494F4 (0x00210113) addi sp, sp, 2
x2 <- 0x0000000000000002
mem[X,0x00000000800494F8] -> 0x006F
mem[X,0x00000000800494FA] -> 0x00C0
[10577] [M]: 0x00000000800494F8 (0x00C0006F) jal zero, 12
mem[X,0x0000000080049504] -> 0xB823
mem[X,0x0000000080049506] -> 0x3220
[10578] [M]: 0x0000000080049504 (0x3220B823) sd sp, 816(ra)
mem[0x0000000080050508] <- 0x0000000000000002
mem[X,0x0000000080049508] -> 0x0537
mem[X,0x000000008004950A] -> 0x0000
[10579] [M]: 0x0000000080049508 (0x00000537) lui a0, 0
x10 <- 0x0000000000000000
mem[X,0x000000008004950C] -> 0x0513
mem[X,0x000000008004950E] -> 0x0005
[10580] [M]: 0x000000008004950C (0x00050513) addi a0, a0, 0
x10 <- 0x0000000000000000
mem[X,0x0000000080049510] -> 0x1513
mem[X,0x0000000080049512] -> 0x00B5
[10581] [M]: 0x0000000080049510 (0x00B51513) slli a0, a0, 11
x10 <- 0x0000000000000000
mem[X,0x0000000080049514] -> 0x0513
mem[X,0x0000000080049516] -> 0x5A85
[10582] [M]: 0x0000000080049514 (0x5A850513) addi a0, a0, 1448
x10 <- 0x00000000000005A8
mem[X,0x0000000080049518] -> 0x1513
mem[X,0x000000008004951A] -> 0x00B5
[10583] [M]: 0x0000000080049518 (0x00B51513) slli a0, a0, 11
x10 <- 0x00000000002D4000
mem[X,0x000000008004951C] -> 0x0513
mem[X,0x000000008004951E] -> 0x13C5
[10584] [M]: 0x000000008004951C (0x13C50513) addi a0, a0, 316
x10 <- 0x00000000002D413C
mem[X,0x0000000080049520] -> 0x1513
mem[X,0x0000000080049522] -> 0x00A5
[10585] [M]: 0x0000000080049520 (0x00A51513) slli a0, a0, 10
x10 <- 0x00000000B504F000
mem[X,0x0000000080049524] -> 0x0513
mem[X,0x0000000080049526] -> 0x3345
[10586] [M]: 0x0000000080049524 (0x33450513) addi a0, a0, 820
x10 <- 0x00000000B504F334
mem[X,0x0000000080049528] -> 0x0593
mem[X,0x000000008004952A] -> 0x0050
[10587] [M]: 0x0000000080049528 (0x00500593) addi a1, zero, 5
x11 <- 0x0000000000000005
mem[X,0x000000008004952C] -> 0x0113
mem[X,0x000000008004952E] -> 0x0000
[10588] [M]: 0x000000008004952C (0x00000113) addi sp, zero, 0
x2 <- 0x0000000000000000
mem[X,0x0000000080049530] -> 0x006F
mem[X,0x0000000080049532] -> 0x00C0
[10589] [M]: 0x0000000080049530 (0x00C0006F) jal zero, 12
mem[X,0x000000008004953C] -> 0x4663
mem[X,0x000000008004953E] -> 0x00B5
[10590] [M]: 0x000000008004953C (0x00B54663) blt a0, a1, 12
mem[X,0x0000000080049540] -> 0x0113
mem[X,0x0000000080049542] -> 0x0021
[10591] [M]: 0x0000000080049540 (0x00210113) addi sp, sp, 2
x2 <- 0x0000000000000002
mem[X,0x0000000080049544] -> 0x006F
mem[X,0x0000000080049546] -> 0x00C0
[10592] [M]: 0x0000000080049544 (0x00C0006F) jal zero, 12
mem[X,0x0000000080049550] -> 0xBC23
mem[X,0x0000000080049552] -> 0x3220
[10593] [M]: 0x0000000080049550 (0x3220BC23) sd sp, 824(ra)
mem[0x0000000080050510] <- 0x0000000000000002
mem[X,0x0000000080049554] -> 0x0537
mem[X,0x0000000080049556] -> 0x0000
[10594] [M]: 0x0000000080049554 (0x00000537) lui a0, 0
x10 <- 0x0000000000000000
mem[X,0x0000000080049558] -> 0x0513
mem[X,0x000000008004955A] -> 0x0005
[10595] [M]: 0x0000000080049558 (0x00050513) addi a0, a0, 0
x10 <- 0x0000000000000000
mem[X,0x000000008004955C] -> 0x1513
mem[X,0x000000008004955E] -> 0x00B5
[10596] [M]: 0x000000008004955C (0x00B51513) slli a0, a0, 11
x10 <- 0x0000000000000000
mem[X,0x0000000080049560] -> 0x0513
mem[X,0x0000000080049562] -> 0x5A85
[10597] [M]: 0x0000000080049560 (0x5A850513) addi a0, a0, 1448
x10 <- 0x00000000000005A8
mem[X,0x0000000080049564] -> 0x1513
mem[X,0x0000000080049566] -> 0x00B5
[10598] [M]: 0x0000000080049564 (0x00B51513) slli a0, a0, 11
x10 <- 0x00000000002D4000
mem[X,0x0000000080049568] -> 0x0513
mem[X,0x000000008004956A] -> 0x13C5
[10599] [M]: 0x0000000080049568 (0x13C50513) addi a0, a0, 316
x10 <- 0x00000000002D413C
clint::tick mtime <- 0x000000000000006A
 clint timer pending at mtime 0x000000000000006A
htif::tick 0x0000000000000000
mem[X,0x000000008004956C] -> 0x1513
mem[X,0x000000008004956E] -> 0x00A5
[10600] [M]: 0x000000008004956C (0x00A51513) slli a0, a0, 10
x10 <- 0x00000000B504F000
mem[X,0x0000000080049570] -> 0x0513
mem[X,0x0000000080049572] -> 0x3345
[10601] [M]: 0x0000000080049570 (0x33450513) addi a0, a0, 820
x10 <- 0x00000000B504F334
mem[X,0x0000000080049574] -> 0x35B7
mem[X,0x0000000080049576] -> 0x3333
[10602] [M]: 0x0000000080049574 (0x333335B7) lui a1, 209715
x11 <- 0x0000000033333000
mem[X,0x0000000080049578] -> 0x8593
mem[X,0x000000008004957A] -> 0x3335
[10603] [M]: 0x0000000080049578 (0x33358593) addi a1, a1, 819
x11 <- 0x0000000033333333
mem[X,0x000000008004957C] -> 0x9593
mem[X,0x000000008004957E] -> 0x00B5
[10604] [M]: 0x000000008004957C (0x00B59593) slli a1, a1, 11
x11 <- 0x0000019999999800
mem[X,0x0000000080049580] -> 0x8593
mem[X,0x0000000080049582] -> 0x1995
[10605] [M]: 0x0000000080049580 (0x19958593) addi a1, a1, 409
x11 <- 0x0000019999999999
mem[X,0x0000000080049584] -> 0x9593
mem[X,0x0000000080049586] -> 0x00B5
[10606] [M]: 0x0000000080049584 (0x00B59593) slli a1, a1, 11
x11 <- 0x000CCCCCCCCCC800
mem[X,0x0000000080049588] -> 0x8593
mem[X,0x000000008004958A] -> 0x4CC5
[10607] [M]: 0x0000000080049588 (0x4CC58593) addi a1, a1, 1228
x11 <- 0x000CCCCCCCCCCCCC
mem[X,0x000000008004958C] -> 0x9593
mem[X,0x000000008004958E] -> 0x00A5
[10608] [M]: 0x000000008004958C (0x00A59593) slli a1, a1, 10
x11 <- 0x3333333333333000
mem[X,0x0000000080049590] -> 0x8593
mem[X,0x0000000080049592] -> 0x3335
[10609] [M]: 0x0000000080049590 (0x33358593) addi a1, a1, 819
x11 <- 0x3333333333333333
mem[X,0x0000000080049594] -> 0x0113
mem[X,0x0000000080049596] -> 0x0000
[10610] [M]: 0x0000000080049594 (0x00000113) addi sp, zero, 0
x2 <- 0x0000000000000000
mem[X,0x0000000080049598] -> 0x006F
mem[X,0x000000008004959A] -> 0x00C0
[10611] [M]: 0x0000000080049598 (0x00C0006F) jal zero, 12
mem[X,0x00000000800495A4] -> 0x4063
mem[X,0x00000000800495A6] -> 0x40B5
[10612] [M]: 0x00000000800495A4 (0x40B54063) blt a0, a1, 1024
mem[X,0x00000000800499A4] -> 0x0113
mem[X,0x00000000800499A6] -> 0x0031
[10613] [M]: 0x00000000800499A4 (0x00310113) addi sp, sp, 3
x2 <- 0x0000000000000003
mem[X,0x00000000800499A8] -> 0x006F
mem[X,0x00000000800499AA] -> 0x0040
[10614] [M]: 0x00000000800499A8 (0x0040006F) jal zero, 4
mem[X,0x00000000800499AC] -> 0xB023
mem[X,0x00000000800499AE] -> 0x3420
[10615] [M]: 0x00000000800499AC (0x3420B023) sd sp, 832(ra)
mem[0x0000000080050518] <- 0x0000000000000003
mem[X,0x00000000800499B0] -> 0x0537
mem[X,0x00000000800499B2] -> 0x0000
[10616] [M]: 0x00000000800499B0 (0x00000537) lui a0, 0
x10 <- 0x0000000000000000
mem[X,0x00000000800499B4] -> 0x0513
mem[X,0x00000000800499B6] -> 0x0005
[10617] [M]: 0x00000000800499B4 (0x00050513) addi a0, a0, 0
x10 <- 0x0000000000000000
mem[X,0x00000000800499B8] -> 0x1513
mem[X,0x00000000800499BA] -> 0x00B5
[10618] [M]: 0x00000000800499B8 (0x00B51513) slli a0, a0, 11
x10 <- 0x0000000000000000
mem[X,0x00000000800499BC] -> 0x0513
mem[X,0x00000000800499BE] -> 0x5A85
[10619] [M]: 0x00000000800499BC (0x5A850513) addi a0, a0, 1448
x10 <- 0x00000000000005A8
mem[X,0x00000000800499C0] -> 0x1513
mem[X,0x00000000800499C2] -> 0x00B5
[10620] [M]: 0x00000000800499C0 (0x00B51513) slli a0, a0, 11
x10 <- 0x00000000002D4000
mem[X,0x00000000800499C4] -> 0x0513
mem[X,0x00000000800499C6] -> 0x13C5
[10621] [M]: 0x00000000800499C4 (0x13C50513) addi a0, a0, 316
x10 <- 0x00000000002D413C
mem[X,0x00000000800499C8] -> 0x1513
mem[X,0x00000000800499CA] -> 0x00A5
[10622] [M]: 0x00000000800499C8 (0x00A51513) slli a0, a0, 10
x10 <- 0x00000000B504F000
mem[X,0x00000000800499CC] -> 0x0513
mem[X,0x00000000800499CE] -> 0x3345
[10623] [M]: 0x00000000800499CC (0x33450513) addi a0, a0, 820
x10 <- 0x00000000B504F334
mem[X,0x00000000800499D0] -> 0x65B7
mem[X,0x00000000800499D2] -> 0x6666
[10624] [M]: 0x00000000800499D0 (0x666665B7) lui a1, 419430
x11 <- 0x0000000066666000
mem[X,0x00000000800499D4] -> 0x8593
mem[X,0x00000000800499D6] -> 0x6665
[10625] [M]: 0x00000000800499D4 (0x66658593) addi a1, a1, 1638
x11 <- 0x0000000066666666
mem[X,0x00000000800499D8] -> 0x9593
mem[X,0x00000000800499DA] -> 0x00B5
[10626] [M]: 0x00000000800499D8 (0x00B59593) slli a1, a1, 11
x11 <- 0x0000033333333000
mem[X,0x00000000800499DC] -> 0x8593
mem[X,0x00000000800499DE] -> 0x3335
[10627] [M]: 0x00000000800499DC (0x33358593) addi a1, a1, 819
x11 <- 0x0000033333333333
mem[X,0x00000000800499E0] -> 0x9593
mem[X,0x00000000800499E2] -> 0x00B5
[10628] [M]: 0x00000000800499E0 (0x00B59593) slli a1, a1, 11
x11 <- 0x0019999999999800
mem[X,0x00000000800499E4] -> 0x8593
mem[X,0x00000000800499E6] -> 0x1995
[10629] [M]: 0x00000000800499E4 (0x19958593) addi a1, a1, 409
x11 <- 0x0019999999999999
mem[X,0x00000000800499E8] -> 0x9593
mem[X,0x00000000800499EA] -> 0x00A5
[10630] [M]: 0x00000000800499E8 (0x00A59593) slli a1, a1, 10
x11 <- 0x6666666666666400
mem[X,0x00000000800499EC] -> 0x8593
mem[X,0x00000000800499EE] -> 0x2665
[10631] [M]: 0x00000000800499EC (0x26658593) addi a1, a1, 614
x11 <- 0x6666666666666666
mem[X,0x00000000800499F0] -> 0x0113
mem[X,0x00000000800499F2] -> 0x0000
[10632] [M]: 0x00000000800499F0 (0x00000113) addi sp, zero, 0
x2 <- 0x0000000000000000
mem[X,0x00000000800499F4] -> 0x006F
mem[X,0x00000000800499F6] -> 0x0100
[10633] [M]: 0x00000000800499F4 (0x0100006F) jal zero, 16
mem[X,0x0000000080049A04] -> 0x4AE3
mem[X,0x0000000080049A06] -> 0xFEB5
[10634] [M]: 0x0000000080049A04 (0xFEB54AE3) blt a0, a1, 8180
mem[X,0x00000000800499F8] -> 0x0113
mem[X,0x00000000800499FA] -> 0x0011
[10635] [M]: 0x00000000800499F8 (0x00110113) addi sp, sp, 1
x2 <- 0x0000000000000001
mem[X,0x00000000800499FC] -> 0x006F
mem[X,0x00000000800499FE] -> 0x01C0
[10636] [M]: 0x00000000800499FC (0x01C0006F) jal zero, 28
mem[X,0x0000000080049A18] -> 0xB423
mem[X,0x0000000080049A1A] -> 0x3420
[10637] [M]: 0x0000000080049A18 (0x3420B423) sd sp, 840(ra)
mem[0x0000000080050520] <- 0x0000000000000001
mem[X,0x0000000080049A1C] -> 0x0537
mem[X,0x0000000080049A1E] -> 0x0000
[10638] [M]: 0x0000000080049A1C (0x00000537) lui a0, 0
x10 <- 0x0000000000000000
mem[X,0x0000000080049A20] -> 0x0513
mem[X,0x0000000080049A22] -> 0x0005
[10639] [M]: 0x0000000080049A20 (0x00050513) addi a0, a0, 0
x10 <- 0x0000000000000000
mem[X,0x0000000080049A24] -> 0x1513
mem[X,0x0000000080049A26] -> 0x00B5
[10640] [M]: 0x0000000080049A24 (0x00B51513) slli a0, a0, 11
x10 <- 0x0000000000000000
mem[X,0x0000000080049A28] -> 0x0513
mem[X,0x0000000080049A2A] -> 0x5A85
[10641] [M]: 0x0000000080049A28 (0x5A850513) addi a0, a0, 1448
x10 <- 0x00000000000005A8
mem[X,0x0000000080049A2C] -> 0x1513
mem[X,0x0000000080049A2E] -> 0x00B5
[10642] [M]: 0x0000000080049A2C (0x00B51513) slli a0, a0, 11
x10 <- 0x00000000002D4000
mem[X,0x0000000080049A30] -> 0x0513
mem[X,0x0000000080049A32] -> 0x13C5
[10643] [M]: 0x0000000080049A30 (0x13C50513) addi a0, a0, 316
x10 <- 0x00000000002D413C
mem[X,0x0000000080049A34] -> 0x1513
mem[X,0x0000000080049A36] -> 0x00A5
[10644] [M]: 0x0000000080049A34 (0x00A51513) slli a0, a0, 10
x10 <- 0x00000000B504F000
mem[X,0x0000000080049A38] -> 0x0513
mem[X,0x0000000080049A3A] -> 0x3345
[10645] [M]: 0x0000000080049A38 (0x33450513) addi a0, a0, 820
x10 <- 0x00000000B504F334
mem[X,0x0000000080049A3C] -> 0x05B7
mem[X,0x0000000080049A3E] -> 0x0000
[10646] [M]: 0x0000000080049A3C (0x000005B7) lui a1, 0
x11 <- 0x0000000000000000
mem[X,0x0000000080049A40] -> 0x8593
mem[X,0x0000000080049A42] -> 0xFFF5
[10647] [M]: 0x0000000080049A40 (0xFFF58593) addi a1, a1, 4095
x11 <- 0xFFFFFFFFFFFFFFFF
mem[X,0x0000000080049A44] -> 0x9593
mem[X,0x0000000080049A46] -> 0x00B5
[10648] [M]: 0x0000000080049A44 (0x00B59593) slli a1, a1, 11
x11 <- 0xFFFFFFFFFFFFF800
mem[X,0x0000000080049A48] -> 0x8593
mem[X,0x0000000080049A4A] -> 0x2575
[10649] [M]: 0x0000000080049A48 (0x25758593) addi a1, a1, 599
x11 <- 0xFFFFFFFFFFFFFA57
mem[X,0x0000000080049A4C] -> 0x9593
mem[X,0x0000000080049A4E] -> 0x00B5
[10650] [M]: 0x0000000080049A4C (0x00B59593) slli a1, a1, 11
x11 <- 0xFFFFFFFFFFD2B800
mem[X,0x0000000080049A50] -> 0x8593
mem[X,0x0000000080049A52] -> 0x6C35
[10651] [M]: 0x0000000080049A50 (0x6C358593) addi a1, a1, 1731
x11 <- 0xFFFFFFFFFFD2BEC3
mem[X,0x0000000080049A54] -> 0x9593
mem[X,0x0000000080049A56] -> 0x00A5
[10652] [M]: 0x0000000080049A54 (0x00A59593) slli a1, a1, 10
x11 <- 0xFFFFFFFF4AFB0C00
mem[X,0x0000000080049A58] -> 0x8593
mem[X,0x0000000080049A5A] -> 0x0CD5
[10653] [M]: 0x0000000080049A58 (0x0CD58593) addi a1, a1, 205
x11 <- 0xFFFFFFFF4AFB0CCD
mem[X,0x0000000080049A5C] -> 0x0113
mem[X,0x0000000080049A5E] -> 0x0000
[10654] [M]: 0x0000000080049A5C (0x00000113) addi sp, zero, 0
x2 <- 0x0000000000000000
mem[X,0x0000000080049A60] -> 0x006F
mem[X,0x0000000080049A62] -> 0x00C0
[10655] [M]: 0x0000000080049A60 (0x00C0006F) jal zero, 12
mem[X,0x0000000080049A6C] -> 0x4CE3
mem[X,0x0000000080049A6E] -> 0xFEB5
[10656] [M]: 0x0000000080049A6C (0xFEB54CE3) blt a0, a1, 8184
mem[X,0x0000000080049A70] -> 0x0113
mem[X,0x0000000080049A72] -> 0x0021
[10657] [M]: 0x0000000080049A70 (0x00210113) addi sp, sp, 2
x2 <- 0x0000000000000002
mem[X,0x0000000080049A74] -> 0x006F
mem[X,0x0000000080049A76] -> 0x00C0
[10658] [M]: 0x0000000080049A74 (0x00C0006F) jal zero, 12
mem[X,0x0000000080049A80] -> 0xB823
mem[X,0x0000000080049A82] -> 0x3420
[10659] [M]: 0x0000000080049A80 (0x3420B823) sd sp, 848(ra)
mem[0x0000000080050528] <- 0x0000000000000002
mem[X,0x0000000080049A84] -> 0x0537
mem[X,0x0000000080049A86] -> 0x0000
[10660] [M]: 0x0000000080049A84 (0x00000537) lui a0, 0
x10 <- 0x0000000000000000
mem[X,0x0000000080049A88] -> 0x0513
mem[X,0x0000000080049A8A] -> 0x0005
[10661] [M]: 0x0000000080049A88 (0x00050513) addi a0, a0, 0
x10 <- 0x0000000000000000
mem[X,0x0000000080049A8C] -> 0x1513
mem[X,0x0000000080049A8E] -> 0x00B5
[10662] [M]: 0x0000000080049A8C (0x00B51513) slli a0, a0, 11
x10 <- 0x0000000000000000
mem[X,0x0000000080049A90] -> 0x0513
mem[X,0x0000000080049A92] -> 0x5A85
[10663] [M]: 0x0000000080049A90 (0x5A850513) addi a0, a0, 1448
x10 <- 0x00000000000005A8
mem[X,0x0000000080049A94] -> 0x1513
mem[X,0x0000000080049A96] -> 0x00B5
[10664] [M]: 0x0000000080049A94 (0x00B51513) slli a0, a0, 11
x10 <- 0x00000000002D4000
mem[X,0x0000000080049A98] -> 0x0513
mem[X,0x0000000080049A9A] -> 0x13C5
[10665] [M]: 0x0000000080049A98 (0x13C50513) addi a0, a0, 316
x10 <- 0x00000000002D413C
mem[X,0x0000000080049A9C] -> 0x1513
mem[X,0x0000000080049A9E] -> 0x00A5
[10666] [M]: 0x0000000080049A9C (0x00A51513) slli a0, a0, 10
x10 <- 0x00000000B504F000
mem[X,0x0000000080049AA0] -> 0x0513
mem[X,0x0000000080049AA2] -> 0x3345
[10667] [M]: 0x0000000080049AA0 (0x33450513) addi a0, a0, 820
x10 <- 0x00000000B504F334
mem[X,0x0000000080049AA4] -> 0x05B7
mem[X,0x0000000080049AA6] -> 0x0000
[10668] [M]: 0x0000000080049AA4 (0x000005B7) lui a1, 0
x11 <- 0x0000000000000000
mem[X,0x0000000080049AA8] -> 0x8593
mem[X,0x0000000080049AAA] -> 0x0005
[10669] [M]: 0x0000000080049AA8 (0x00058593) addi a1, a1, 0
x11 <- 0x0000000000000000
mem[X,0x0000000080049AAC] -> 0x9593
mem[X,0x0000000080049AAE] -> 0x00B5
[10670] [M]: 0x0000000080049AAC (0x00B59593) slli a1, a1, 11
x11 <- 0x0000000000000000
mem[X,0x0000000080049AB0] -> 0x8593
mem[X,0x0000000080049AB2] -> 0x5A85
[10671] [M]: 0x0000000080049AB0 (0x5A858593) addi a1, a1, 1448
x11 <- 0x00000000000005A8
mem[X,0x0000000080049AB4] -> 0x9593
mem[X,0x0000000080049AB6] -> 0x00B5
[10672] [M]: 0x0000000080049AB4 (0x00B59593) slli a1, a1, 11
x11 <- 0x00000000002D4000
mem[X,0x0000000080049AB8] -> 0x8593
mem[X,0x0000000080049ABA] -> 0x13C5
[10673] [M]: 0x0000000080049AB8 (0x13C58593) addi a1, a1, 316
x11 <- 0x00000000002D413C
mem[X,0x0000000080049ABC] -> 0x9593
mem[X,0x0000000080049ABE] -> 0x00A5
[10674] [M]: 0x0000000080049ABC (0x00A59593) slli a1, a1, 10
x11 <- 0x00000000B504F000
mem[X,0x0000000080049AC0] -> 0x8593
mem[X,0x0000000080049AC2] -> 0x3335
[10675] [M]: 0x0000000080049AC0 (0x33358593) addi a1, a1, 819
x11 <- 0x00000000B504F333
mem[X,0x0000000080049AC4] -> 0x0113
mem[X,0x0000000080049AC6] -> 0x0000
[10676] [M]: 0x0000000080049AC4 (0x00000113) addi sp, zero, 0
x2 <- 0x0000000000000000
mem[X,0x0000000080049AC8] -> 0x006F
mem[X,0x0000000080049ACA] -> 0x00C0
[10677] [M]: 0x0000000080049AC8 (0x00C0006F) jal zero, 12
mem[X,0x0000000080049AD4] -> 0x4CE3
mem[X,0x0000000080049AD6] -> 0xFEB5
[10678] [M]: 0x0000000080049AD4 (0xFEB54CE3) blt a0, a1, 8184
mem[X,0x0000000080049AD8] -> 0x0113
mem[X,0x0000000080049ADA] -> 0x0021
[10679] [M]: 0x0000000080049AD8 (0x00210113) addi sp, sp, 2
x2 <- 0x0000000000000002
mem[X,0x0000000080049ADC] -> 0x006F
mem[X,0x0000000080049ADE] -> 0x00C0
[10680] [M]: 0x0000000080049ADC (0x00C0006F) jal zero, 12
mem[X,0x0000000080049AE8] -> 0xBC23
mem[X,0x0000000080049AEA] -> 0x3420
[10681] [M]: 0x0000000080049AE8 (0x3420BC23) sd sp, 856(ra)
mem[0x0000000080050530] <- 0x0000000000000002
mem[X,0x0000000080049AEC] -> 0x0537
mem[X,0x0000000080049AEE] -> 0x0000
[10682] [M]: 0x0000000080049AEC (0x00000537) lui a0, 0
x10 <- 0x0000000000000000
mem[X,0x0000000080049AF0] -> 0x0513
mem[X,0x0000000080049AF2] -> 0x0005
[10683] [M]: 0x0000000080049AF0 (0x00050513) addi a0, a0, 0
x10 <- 0x0000000000000000
mem[X,0x0000000080049AF4] -> 0x1513
mem[X,0x0000000080049AF6] -> 0x00B5
[10684] [M]: 0x0000000080049AF4 (0x00B51513) slli a0, a0, 11
x10 <- 0x0000000000000000
mem[X,0x0000000080049AF8] -> 0x0513
mem[X,0x0000000080049AFA] -> 0x5A85
[10685] [M]: 0x0000000080049AF8 (0x5A850513) addi a0, a0, 1448
x10 <- 0x00000000000005A8
mem[X,0x0000000080049AFC] -> 0x1513
mem[X,0x0000000080049AFE] -> 0x00B5
[10686] [M]: 0x0000000080049AFC (0x00B51513) slli a0, a0, 11
x10 <- 0x00000000002D4000
mem[X,0x0000000080049B00] -> 0x0513
mem[X,0x0000000080049B02] -> 0x13C5
[10687] [M]: 0x0000000080049B00 (0x13C50513) addi a0, a0, 316
x10 <- 0x00000000002D413C
mem[X,0x0000000080049B04] -> 0x1513
mem[X,0x0000000080049B06] -> 0x00A5
[10688] [M]: 0x0000000080049B04 (0x00A51513) slli a0, a0, 10
x10 <- 0x00000000B504F000
mem[X,0x0000000080049B08] -> 0x0513
mem[X,0x0000000080049B0A] -> 0x3345
[10689] [M]: 0x0000000080049B08 (0x33450513) addi a0, a0, 820
x10 <- 0x00000000B504F334
mem[X,0x0000000080049B0C] -> 0x0593
mem[X,0x0000000080049B0E] -> 0x0020
[10690] [M]: 0x0000000080049B0C (0x00200593) addi a1, zero, 2
x11 <- 0x0000000000000002
mem[X,0x0000000080049B10] -> 0x0113
mem[X,0x0000000080049B12] -> 0x0000
[10691] [M]: 0x0000000080049B10 (0x00000113) addi sp, zero, 0
x2 <- 0x0000000000000000
mem[X,0x0000000080049B14] -> 0x006F
mem[X,0x0000000080049B16] -> 0x00C0
[10692] [M]: 0x0000000080049B14 (0x00C0006F) jal zero, 12
mem[X,0x0000000080049B20] -> 0x4063
mem[X,0x0000000080049B22] -> 0x02B5
[10693] [M]: 0x0000000080049B20 (0x02B54063) blt a0, a1, 32
mem[X,0x0000000080049B24] -> 0x0113
mem[X,0x0000000080049B26] -> 0x0021
[10694] [M]: 0x0000000080049B24 (0x00210113) addi sp, sp, 2
x2 <- 0x0000000000000002
mem[X,0x0000000080049B28] -> 0x006F
mem[X,0x0000000080049B2A] -> 0x0200
[10695] [M]: 0x0000000080049B28 (0x0200006F) jal zero, 32
mem[X,0x0000000080049B48] -> 0xB023
mem[X,0x0000000080049B4A] -> 0x3620
[10696] [M]: 0x0000000080049B48 (0x3620B023) sd sp, 864(ra)
mem[0x0000000080050538] <- 0x0000000000000002
mem[X,0x0000000080049B4C] -> 0x0537
mem[X,0x0000000080049B4E] -> 0x0000
[10697] [M]: 0x0000000080049B4C (0x00000537) lui a0, 0
x10 <- 0x0000000000000000
mem[X,0x0000000080049B50] -> 0x0513
mem[X,0x0000000080049B52] -> 0x0005
[10698] [M]: 0x0000000080049B50 (0x00050513) addi a0, a0, 0
x10 <- 0x0000000000000000
mem[X,0x0000000080049B54] -> 0x1513
mem[X,0x0000000080049B56] -> 0x00B5
[10699] [M]: 0x0000000080049B54 (0x00B51513) slli a0, a0, 11
x10 <- 0x0000000000000000
clint::tick mtime <- 0x000000000000006B
 clint timer pending at mtime 0x000000000000006B
htif::tick 0x0000000000000000
mem[X,0x0000000080049B58] -> 0x0513
mem[X,0x0000000080049B5A] -> 0x5A85
[10700] [M]: 0x0000000080049B58 (0x5A850513) addi a0, a0, 1448
x10 <- 0x00000000000005A8
mem[X,0x0000000080049B5C] -> 0x1513
mem[X,0x0000000080049B5E] -> 0x00B5
[10701] [M]: 0x0000000080049B5C (0x00B51513) slli a0, a0, 11
x10 <- 0x00000000002D4000
mem[X,0x0000000080049B60] -> 0x0513
mem[X,0x0000000080049B62] -> 0x13C5
[10702] [M]: 0x0000000080049B60 (0x13C50513) addi a0, a0, 316
x10 <- 0x00000000002D413C
mem[X,0x0000000080049B64] -> 0x1513
mem[X,0x0000000080049B66] -> 0x00A5
[10703] [M]: 0x0000000080049B64 (0x00A51513) slli a0, a0, 10
x10 <- 0x00000000B504F000
mem[X,0x0000000080049B68] -> 0x0513
mem[X,0x0000000080049B6A] -> 0x3345
[10704] [M]: 0x0000000080049B68 (0x33450513) addi a0, a0, 820
x10 <- 0x00000000B504F334
mem[X,0x0000000080049B6C] -> 0x55B7
mem[X,0x0000000080049B6E] -> 0x5555
[10705] [M]: 0x0000000080049B6C (0x555555B7) lui a1, 349525
x11 <- 0x0000000055555000
mem[X,0x0000000080049B70] -> 0x8593
mem[X,0x0000000080049B72] -> 0x5555
[10706] [M]: 0x0000000080049B70 (0x55558593) addi a1, a1, 1365
x11 <- 0x0000000055555555
mem[X,0x0000000080049B74] -> 0x9593
mem[X,0x0000000080049B76] -> 0x00B5
[10707] [M]: 0x0000000080049B74 (0x00B59593) slli a1, a1, 11
x11 <- 0x000002AAAAAAA800
mem[X,0x0000000080049B78] -> 0x8593
mem[X,0x0000000080049B7A] -> 0x2AA5
[10708] [M]: 0x0000000080049B78 (0x2AA58593) addi a1, a1, 682
x11 <- 0x000002AAAAAAAAAA
mem[X,0x0000000080049B7C] -> 0x9593
mem[X,0x0000000080049B7E] -> 0x00B5
[10709] [M]: 0x0000000080049B7C (0x00B59593) slli a1, a1, 11
x11 <- 0x0015555555555000
mem[X,0x0000000080049B80] -> 0x8593
mem[X,0x0000000080049B82] -> 0x5555
[10710] [M]: 0x0000000080049B80 (0x55558593) addi a1, a1, 1365
x11 <- 0x0015555555555555
mem[X,0x0000000080049B84] -> 0x9593
mem[X,0x0000000080049B86] -> 0x00A5
[10711] [M]: 0x0000000080049B84 (0x00A59593) slli a1, a1, 10
x11 <- 0x5555555555555400
mem[X,0x0000000080049B88] -> 0x8593
mem[X,0x0000000080049B8A] -> 0x1545
[10712] [M]: 0x0000000080049B88 (0x15458593) addi a1, a1, 340
x11 <- 0x5555555555555554
mem[X,0x0000000080049B8C] -> 0x0113
mem[X,0x0000000080049B8E] -> 0x0000
[10713] [M]: 0x0000000080049B8C (0x00000113) addi sp, zero, 0
x2 <- 0x0000000000000000
mem[X,0x0000000080049B90] -> 0x006F
mem[X,0x0000000080049B92] -> 0x00C0
[10714] [M]: 0x0000000080049B90 (0x00C0006F) jal zero, 12
mem[X,0x0000000080049B9C] -> 0x4063
mem[X,0x0000000080049B9E] -> 0x10B5
[10715] [M]: 0x0000000080049B9C (0x10B54063) blt a0, a1, 256
mem[X,0x0000000080049C9C] -> 0x0113
mem[X,0x0000000080049C9E] -> 0x0031
[10716] [M]: 0x0000000080049C9C (0x00310113) addi sp, sp, 3
x2 <- 0x0000000000000003
mem[X,0x0000000080049CA0] -> 0x006F
mem[X,0x0000000080049CA2] -> 0x0040
[10717] [M]: 0x0000000080049CA0 (0x0040006F) jal zero, 4
mem[X,0x0000000080049CA4] -> 0xB423
mem[X,0x0000000080049CA6] -> 0x3620
[10718] [M]: 0x0000000080049CA4 (0x3620B423) sd sp, 872(ra)
mem[0x0000000080050540] <- 0x0000000000000003
mem[X,0x0000000080049CA8] -> 0x0537
mem[X,0x0000000080049CAA] -> 0x0000
[10719] [M]: 0x0000000080049CA8 (0x00000537) lui a0, 0
x10 <- 0x0000000000000000
mem[X,0x0000000080049CAC] -> 0x0513
mem[X,0x0000000080049CAE] -> 0x0005
[10720] [M]: 0x0000000080049CAC (0x00050513) addi a0, a0, 0
x10 <- 0x0000000000000000
mem[X,0x0000000080049CB0] -> 0x1513
mem[X,0x0000000080049CB2] -> 0x00B5
[10721] [M]: 0x0000000080049CB0 (0x00B51513) slli a0, a0, 11
x10 <- 0x0000000000000000
mem[X,0x0000000080049CB4] -> 0x0513
mem[X,0x0000000080049CB6] -> 0x5A85
[10722] [M]: 0x0000000080049CB4 (0x5A850513) addi a0, a0, 1448
x10 <- 0x00000000000005A8
mem[X,0x0000000080049CB8] -> 0x1513
mem[X,0x0000000080049CBA] -> 0x00B5
[10723] [M]: 0x0000000080049CB8 (0x00B51513) slli a0, a0, 11
x10 <- 0x00000000002D4000
mem[X,0x0000000080049CBC] -> 0x0513
mem[X,0x0000000080049CBE] -> 0x13C5
[10724] [M]: 0x0000000080049CBC (0x13C50513) addi a0, a0, 316
x10 <- 0x00000000002D413C
mem[X,0x0000000080049CC0] -> 0x1513
mem[X,0x0000000080049CC2] -> 0x00A5
[10725] [M]: 0x0000000080049CC0 (0x00A51513) slli a0, a0, 10
x10 <- 0x00000000B504F000
mem[X,0x0000000080049CC4] -> 0x0513
mem[X,0x0000000080049CC6] -> 0x3345
[10726] [M]: 0x0000000080049CC4 (0x33450513) addi a0, a0, 820
x10 <- 0x00000000B504F334
mem[X,0x0000000080049CC8] -> 0x0593
mem[X,0x0000000080049CCA] -> 0x0000
[10727] [M]: 0x0000000080049CC8 (0x00000593) addi a1, zero, 0
x11 <- 0x0000000000000000
mem[X,0x0000000080049CCC] -> 0x0113
mem[X,0x0000000080049CCE] -> 0x0000
[10728] [M]: 0x0000000080049CCC (0x00000113) addi sp, zero, 0
x2 <- 0x0000000000000000
mem[X,0x0000000080049CD0] -> 0x006F
mem[X,0x0000000080049CD2] -> 0x0100
[10729] [M]: 0x0000000080049CD0 (0x0100006F) jal zero, 16
mem[X,0x0000000080049CE0] -> 0x4AE3
mem[X,0x0000000080049CE2] -> 0xFEB5
[10730] [M]: 0x0000000080049CE0 (0xFEB54AE3) blt a0, a1, 8180
mem[X,0x0000000080049CE4] -> 0x0113
mem[X,0x0000000080049CE6] -> 0x0021
[10731] [M]: 0x0000000080049CE4 (0x00210113) addi sp, sp, 2
x2 <- 0x0000000000000002
mem[X,0x0000000080049CE8] -> 0x006F
mem[X,0x0000000080049CEA] -> 0x00C0
[10732] [M]: 0x0000000080049CE8 (0x00C0006F) jal zero, 12
mem[X,0x0000000080049CF4] -> 0xB823
mem[X,0x0000000080049CF6] -> 0x3620
[10733] [M]: 0x0000000080049CF4 (0x3620B823) sd sp, 880(ra)
mem[0x0000000080050548] <- 0x0000000000000002
mem[X,0x0000000080049CF8] -> 0x0537
mem[X,0x0000000080049CFA] -> 0x0000
[10734] [M]: 0x0000000080049CF8 (0x00000537) lui a0, 0
x10 <- 0x0000000000000000
mem[X,0x0000000080049CFC] -> 0x0513
mem[X,0x0000000080049CFE] -> 0x0005
[10735] [M]: 0x0000000080049CFC (0x00050513) addi a0, a0, 0
x10 <- 0x0000000000000000
mem[X,0x0000000080049D00] -> 0x1513
mem[X,0x0000000080049D02] -> 0x00B5
[10736] [M]: 0x0000000080049D00 (0x00B51513) slli a0, a0, 11
x10 <- 0x0000000000000000
mem[X,0x0000000080049D04] -> 0x0513
mem[X,0x0000000080049D06] -> 0x5A85
[10737] [M]: 0x0000000080049D04 (0x5A850513) addi a0, a0, 1448
x10 <- 0x00000000000005A8
mem[X,0x0000000080049D08] -> 0x1513
mem[X,0x0000000080049D0A] -> 0x00B5
[10738] [M]: 0x0000000080049D08 (0x00B51513) slli a0, a0, 11
x10 <- 0x00000000002D4000
mem[X,0x0000000080049D0C] -> 0x0513
mem[X,0x0000000080049D0E] -> 0x13C5
[10739] [M]: 0x0000000080049D0C (0x13C50513) addi a0, a0, 316
x10 <- 0x00000000002D413C
mem[X,0x0000000080049D10] -> 0x1513
mem[X,0x0000000080049D12] -> 0x00A5
[10740] [M]: 0x0000000080049D10 (0x00A51513) slli a0, a0, 10
x10 <- 0x00000000B504F000
mem[X,0x0000000080049D14] -> 0x0513
mem[X,0x0000000080049D16] -> 0x3345
[10741] [M]: 0x0000000080049D14 (0x33450513) addi a0, a0, 820
x10 <- 0x00000000B504F334
mem[X,0x0000000080049D18] -> 0x0593
mem[X,0x0000000080049D1A] -> 0x0040
[10742] [M]: 0x0000000080049D18 (0x00400593) addi a1, zero, 4
x11 <- 0x0000000000000004
mem[X,0x0000000080049D1C] -> 0x0113
mem[X,0x0000000080049D1E] -> 0x0000
[10743] [M]: 0x0000000080049D1C (0x00000113) addi sp, zero, 0
x2 <- 0x0000000000000000
mem[X,0x0000000080049D20] -> 0x006F
mem[X,0x0000000080049D22] -> 0x0140
[10744] [M]: 0x0000000080049D20 (0x0140006F) jal zero, 20
mem[X,0x0000000080049D34] -> 0x48E3
mem[X,0x0000000080049D36] -> 0xFEB5
[10745] [M]: 0x0000000080049D34 (0xFEB548E3) blt a0, a1, 8176
mem[X,0x0000000080049D38] -> 0x0113
mem[X,0x0000000080049D3A] -> 0x0021
[10746] [M]: 0x0000000080049D38 (0x00210113) addi sp, sp, 2
x2 <- 0x0000000000000002
mem[X,0x0000000080049D3C] -> 0x006F
mem[X,0x0000000080049D3E] -> 0x00C0
[10747] [M]: 0x0000000080049D3C (0x00C0006F) jal zero, 12
mem[X,0x0000000080049D48] -> 0xBC23
mem[X,0x0000000080049D4A] -> 0x3620
[10748] [M]: 0x0000000080049D48 (0x3620BC23) sd sp, 888(ra)
mem[0x0000000080050550] <- 0x0000000000000002
mem[X,0x0000000080049D4C] -> 0x0537
mem[X,0x0000000080049D4E] -> 0x0000
[10749] [M]: 0x0000000080049D4C (0x00000537) lui a0, 0
x10 <- 0x0000000000000000
mem[X,0x0000000080049D50] -> 0x0513
mem[X,0x0000000080049D52] -> 0x0005
[10750] [M]: 0x0000000080049D50 (0x00050513) addi a0, a0, 0
x10 <- 0x0000000000000000
mem[X,0x0000000080049D54] -> 0x1513
mem[X,0x0000000080049D56] -> 0x00B5
[10751] [M]: 0x0000000080049D54 (0x00B51513) slli a0, a0, 11
x10 <- 0x0000000000000000
mem[X,0x0000000080049D58] -> 0x0513
mem[X,0x0000000080049D5A] -> 0x5A85
[10752] [M]: 0x0000000080049D58 (0x5A850513) addi a0, a0, 1448
x10 <- 0x00000000000005A8
mem[X,0x0000000080049D5C] -> 0x1513
mem[X,0x0000000080049D5E] -> 0x00B5
[10753] [M]: 0x0000000080049D5C (0x00B51513) slli a0, a0, 11
x10 <- 0x00000000002D4000
mem[X,0x0000000080049D60] -> 0x0513
mem[X,0x0000000080049D62] -> 0x13C5
[10754] [M]: 0x0000000080049D60 (0x13C50513) addi a0, a0, 316
x10 <- 0x00000000002D413C
mem[X,0x0000000080049D64] -> 0x1513
mem[X,0x0000000080049D66] -> 0x00A5
[10755] [M]: 0x0000000080049D64 (0x00A51513) slli a0, a0, 10
x10 <- 0x00000000B504F000
mem[X,0x0000000080049D68] -> 0x0513
mem[X,0x0000000080049D6A] -> 0x3345
[10756] [M]: 0x0000000080049D68 (0x33450513) addi a0, a0, 820
x10 <- 0x00000000B504F334
mem[X,0x0000000080049D6C] -> 0x35B7
mem[X,0x0000000080049D6E] -> 0x3333
[10757] [M]: 0x0000000080049D6C (0x333335B7) lui a1, 209715
x11 <- 0x0000000033333000
mem[X,0x0000000080049D70] -> 0x8593
mem[X,0x0000000080049D72] -> 0x3335
[10758] [M]: 0x0000000080049D70 (0x33358593) addi a1, a1, 819
x11 <- 0x0000000033333333
mem[X,0x0000000080049D74] -> 0x9593
mem[X,0x0000000080049D76] -> 0x00B5
[10759] [M]: 0x0000000080049D74 (0x00B59593) slli a1, a1, 11
x11 <- 0x0000019999999800
mem[X,0x0000000080049D78] -> 0x8593
mem[X,0x0000000080049D7A] -> 0x1995
[10760] [M]: 0x0000000080049D78 (0x19958593) addi a1, a1, 409
x11 <- 0x0000019999999999
mem[X,0x0000000080049D7C] -> 0x9593
mem[X,0x0000000080049D7E] -> 0x00B5
[10761] [M]: 0x0000000080049D7C (0x00B59593) slli a1, a1, 11
x11 <- 0x000CCCCCCCCCC800
mem[X,0x0000000080049D80] -> 0x8593
mem[X,0x0000000080049D82] -> 0x4CC5
[10762] [M]: 0x0000000080049D80 (0x4CC58593) addi a1, a1, 1228
x11 <- 0x000CCCCCCCCCCCCC
mem[X,0x0000000080049D84] -> 0x9593
mem[X,0x0000000080049D86] -> 0x00A5
[10763] [M]: 0x0000000080049D84 (0x00A59593) slli a1, a1, 10
x11 <- 0x3333333333333000
mem[X,0x0000000080049D88] -> 0x8593
mem[X,0x0000000080049D8A] -> 0x3325
[10764] [M]: 0x0000000080049D88 (0x33258593) addi a1, a1, 818
x11 <- 0x3333333333333332
mem[X,0x0000000080049D8C] -> 0x0113
mem[X,0x0000000080049D8E] -> 0x0000
[10765] [M]: 0x0000000080049D8C (0x00000113) addi sp, zero, 0
x2 <- 0x0000000000000000
mem[X,0x0000000080049D90] -> 0x006F
mem[X,0x0000000080049D92] -> 0x00C0
[10766] [M]: 0x0000000080049D90 (0x00C0006F) jal zero, 12
mem[X,0x0000000080049D9C] -> 0x4663
mem[X,0x0000000080049D9E] -> 0x00B5
[10767] [M]: 0x0000000080049D9C (0x00B54663) blt a0, a1, 12
mem[X,0x0000000080049DA8] -> 0x0113
mem[X,0x0000000080049DAA] -> 0x0031
[10768] [M]: 0x0000000080049DA8 (0x00310113) addi sp, sp, 3
x2 <- 0x0000000000000003
mem[X,0x0000000080049DAC] -> 0x006F
mem[X,0x0000000080049DAE] -> 0x0040
[10769] [M]: 0x0000000080049DAC (0x0040006F) jal zero, 4
mem[X,0x0000000080049DB0] -> 0xB023
mem[X,0x0000000080049DB2] -> 0x3820
[10770] [M]: 0x0000000080049DB0 (0x3820B023) sd sp, 896(ra)
mem[0x0000000080050558] <- 0x0000000000000003
mem[X,0x0000000080049DB4] -> 0x0537
mem[X,0x0000000080049DB6] -> 0x0000
[10771] [M]: 0x0000000080049DB4 (0x00000537) lui a0, 0
x10 <- 0x0000000000000000
mem[X,0x0000000080049DB8] -> 0x0513
mem[X,0x0000000080049DBA] -> 0x0005
[10772] [M]: 0x0000000080049DB8 (0x00050513) addi a0, a0, 0
x10 <- 0x0000000000000000
mem[X,0x0000000080049DBC] -> 0x1513
mem[X,0x0000000080049DBE] -> 0x00B5
[10773] [M]: 0x0000000080049DBC (0x00B51513) slli a0, a0, 11
x10 <- 0x0000000000000000
mem[X,0x0000000080049DC0] -> 0x0513
mem[X,0x0000000080049DC2] -> 0x5A85
[10774] [M]: 0x0000000080049DC0 (0x5A850513) addi a0, a0, 1448
x10 <- 0x00000000000005A8
mem[X,0x0000000080049DC4] -> 0x1513
mem[X,0x0000000080049DC6] -> 0x00B5
[10775] [M]: 0x0000000080049DC4 (0x00B51513) slli a0, a0, 11
x10 <- 0x00000000002D4000
mem[X,0x0000000080049DC8] -> 0x0513
mem[X,0x0000000080049DCA] -> 0x13C5
[10776] [M]: 0x0000000080049DC8 (0x13C50513) addi a0, a0, 316
x10 <- 0x00000000002D413C
mem[X,0x0000000080049DCC] -> 0x1513
mem[X,0x0000000080049DCE] -> 0x00A5
[10777] [M]: 0x0000000080049DCC (0x00A51513) slli a0, a0, 10
x10 <- 0x00000000B504F000
mem[X,0x0000000080049DD0] -> 0x0513
mem[X,0x0000000080049DD2] -> 0x3345
[10778] [M]: 0x0000000080049DD0 (0x33450513) addi a0, a0, 820
x10 <- 0x00000000B504F334
mem[X,0x0000000080049DD4] -> 0x65B7
mem[X,0x0000000080049DD6] -> 0x6666
[10779] [M]: 0x0000000080049DD4 (0x666665B7) lui a1, 419430
x11 <- 0x0000000066666000
mem[X,0x0000000080049DD8] -> 0x8593
mem[X,0x0000000080049DDA] -> 0x6665
[10780] [M]: 0x0000000080049DD8 (0x66658593) addi a1, a1, 1638
x11 <- 0x0000000066666666
mem[X,0x0000000080049DDC] -> 0x9593
mem[X,0x0000000080049DDE] -> 0x00B5
[10781] [M]: 0x0000000080049DDC (0x00B59593) slli a1, a1, 11
x11 <- 0x0000033333333000
mem[X,0x0000000080049DE0] -> 0x8593
mem[X,0x0000000080049DE2] -> 0x3335
[10782] [M]: 0x0000000080049DE0 (0x33358593) addi a1, a1, 819
x11 <- 0x0000033333333333
mem[X,0x0000000080049DE4] -> 0x9593
mem[X,0x0000000080049DE6] -> 0x00B5
[10783] [M]: 0x0000000080049DE4 (0x00B59593) slli a1, a1, 11
x11 <- 0x0019999999999800
mem[X,0x0000000080049DE8] -> 0x8593
mem[X,0x0000000080049DEA] -> 0x1995
[10784] [M]: 0x0000000080049DE8 (0x19958593) addi a1, a1, 409
x11 <- 0x0019999999999999
mem[X,0x0000000080049DEC] -> 0x9593
mem[X,0x0000000080049DEE] -> 0x00A5
[10785] [M]: 0x0000000080049DEC (0x00A59593) slli a1, a1, 10
x11 <- 0x6666666666666400
mem[X,0x0000000080049DF0] -> 0x8593
mem[X,0x0000000080049DF2] -> 0x2655
[10786] [M]: 0x0000000080049DF0 (0x26558593) addi a1, a1, 613
x11 <- 0x6666666666666665
mem[X,0x0000000080049DF4] -> 0x0113
mem[X,0x0000000080049DF6] -> 0x0000
[10787] [M]: 0x0000000080049DF4 (0x00000113) addi sp, zero, 0
x2 <- 0x0000000000000000
mem[X,0x0000000080049DF8] -> 0x006F
mem[X,0x0000000080049DFA] -> 0x0140
[10788] [M]: 0x0000000080049DF8 (0x0140006F) jal zero, 20
mem[X,0x0000000080049E0C] -> 0x48E3
mem[X,0x0000000080049E0E] -> 0xFEB5
[10789] [M]: 0x0000000080049E0C (0xFEB548E3) blt a0, a1, 8176
mem[X,0x0000000080049DFC] -> 0x0113
mem[X,0x0000000080049DFE] -> 0x0011
[10790] [M]: 0x0000000080049DFC (0x00110113) addi sp, sp, 1
x2 <- 0x0000000000000001
mem[X,0x0000000080049E00] -> 0x006F
mem[X,0x0000000080049E02] -> 0x0200
[10791] [M]: 0x0000000080049E00 (0x0200006F) jal zero, 32
mem[X,0x0000000080049E20] -> 0xB423
mem[X,0x0000000080049E22] -> 0x3820
[10792] [M]: 0x0000000080049E20 (0x3820B423) sd sp, 904(ra)
mem[0x0000000080050560] <- 0x0000000000000001
mem[X,0x0000000080049E24] -> 0x0537
mem[X,0x0000000080049E26] -> 0x0000
[10793] [M]: 0x0000000080049E24 (0x00000537) lui a0, 0
x10 <- 0x0000000000000000
mem[X,0x0000000080049E28] -> 0x0513
mem[X,0x0000000080049E2A] -> 0x0005
[10794] [M]: 0x0000000080049E28 (0x00050513) addi a0, a0, 0
x10 <- 0x0000000000000000
mem[X,0x0000000080049E2C] -> 0x1513
mem[X,0x0000000080049E2E] -> 0x00B5
[10795] [M]: 0x0000000080049E2C (0x00B51513) slli a0, a0, 11
x10 <- 0x0000000000000000
mem[X,0x0000000080049E30] -> 0x0513
mem[X,0x0000000080049E32] -> 0x5A85
[10796] [M]: 0x0000000080049E30 (0x5A850513) addi a0, a0, 1448
x10 <- 0x00000000000005A8
mem[X,0x0000000080049E34] -> 0x1513
mem[X,0x0000000080049E36] -> 0x00B5
[10797] [M]: 0x0000000080049E34 (0x00B51513) slli a0, a0, 11
x10 <- 0x00000000002D4000
mem[X,0x0000000080049E38] -> 0x0513
mem[X,0x0000000080049E3A] -> 0x13C5
[10798] [M]: 0x0000000080049E38 (0x13C50513) addi a0, a0, 316
x10 <- 0x00000000002D413C
mem[X,0x0000000080049E3C] -> 0x1513
mem[X,0x0000000080049E3E] -> 0x00A5
[10799] [M]: 0x0000000080049E3C (0x00A51513) slli a0, a0, 10
x10 <- 0x00000000B504F000
clint::tick mtime <- 0x000000000000006C
 clint timer pending at mtime 0x000000000000006C
htif::tick 0x0000000000000000
mem[X,0x0000000080049E40] -> 0x0513
mem[X,0x0000000080049E42] -> 0x3345
[10800] [M]: 0x0000000080049E40 (0x33450513) addi a0, a0, 820
x10 <- 0x00000000B504F334
mem[X,0x0000000080049E44] -> 0x05B7
mem[X,0x0000000080049E46] -> 0x0000
[10801] [M]: 0x0000000080049E44 (0x000005B7) lui a1, 0
x11 <- 0x0000000000000000
mem[X,0x0000000080049E48] -> 0x8593
mem[X,0x0000000080049E4A] -> 0x0005
[10802] [M]: 0x0000000080049E48 (0x00058593) addi a1, a1, 0
x11 <- 0x0000000000000000
mem[X,0x0000000080049E4C] -> 0x9593
mem[X,0x0000000080049E4E] -> 0x00B5
[10803] [M]: 0x0000000080049E4C (0x00B59593) slli a1, a1, 11
x11 <- 0x0000000000000000
mem[X,0x0000000080049E50] -> 0x8593
mem[X,0x0000000080049E52] -> 0x5A85
[10804] [M]: 0x0000000080049E50 (0x5A858593) addi a1, a1, 1448
x11 <- 0x00000000000005A8
mem[X,0x0000000080049E54] -> 0x9593
mem[X,0x0000000080049E56] -> 0x00B5
[10805] [M]: 0x0000000080049E54 (0x00B59593) slli a1, a1, 11
x11 <- 0x00000000002D4000
mem[X,0x0000000080049E58] -> 0x8593
mem[X,0x0000000080049E5A] -> 0x13C5
[10806] [M]: 0x0000000080049E58 (0x13C58593) addi a1, a1, 316
x11 <- 0x00000000002D413C
mem[X,0x0000000080049E5C] -> 0x9593
mem[X,0x0000000080049E5E] -> 0x00A5
[10807] [M]: 0x0000000080049E5C (0x00A59593) slli a1, a1, 10
x11 <- 0x00000000B504F000
mem[X,0x0000000080049E60] -> 0x8593
mem[X,0x0000000080049E62] -> 0x3325
[10808] [M]: 0x0000000080049E60 (0x33258593) addi a1, a1, 818
x11 <- 0x00000000B504F332
mem[X,0x0000000080049E64] -> 0x0113
mem[X,0x0000000080049E66] -> 0x0000
[10809] [M]: 0x0000000080049E64 (0x00000113) addi sp, zero, 0
x2 <- 0x0000000000000000
mem[X,0x0000000080049E68] -> 0x006F
mem[X,0x0000000080049E6A] -> 0x00C0
[10810] [M]: 0x0000000080049E68 (0x00C0006F) jal zero, 12
mem[X,0x0000000080049E74] -> 0x4CE3
mem[X,0x0000000080049E76] -> 0xFEB5
[10811] [M]: 0x0000000080049E74 (0xFEB54CE3) blt a0, a1, 8184
mem[X,0x0000000080049E78] -> 0x0113
mem[X,0x0000000080049E7A] -> 0x0021
[10812] [M]: 0x0000000080049E78 (0x00210113) addi sp, sp, 2
x2 <- 0x0000000000000002
mem[X,0x0000000080049E7C] -> 0x006F
mem[X,0x0000000080049E7E] -> 0x00C0
[10813] [M]: 0x0000000080049E7C (0x00C0006F) jal zero, 12
mem[X,0x0000000080049E88] -> 0xB823
mem[X,0x0000000080049E8A] -> 0x3820
[10814] [M]: 0x0000000080049E88 (0x3820B823) sd sp, 912(ra)
mem[0x0000000080050568] <- 0x0000000000000002
mem[X,0x0000000080049E8C] -> 0x0537
mem[X,0x0000000080049E8E] -> 0x0000
[10815] [M]: 0x0000000080049E8C (0x00000537) lui a0, 0
x10 <- 0x0000000000000000
mem[X,0x0000000080049E90] -> 0x0513
mem[X,0x0000000080049E92] -> 0x0005
[10816] [M]: 0x0000000080049E90 (0x00050513) addi a0, a0, 0
x10 <- 0x0000000000000000
mem[X,0x0000000080049E94] -> 0x1513
mem[X,0x0000000080049E96] -> 0x00B5
[10817] [M]: 0x0000000080049E94 (0x00B51513) slli a0, a0, 11
x10 <- 0x0000000000000000
mem[X,0x0000000080049E98] -> 0x0513
mem[X,0x0000000080049E9A] -> 0x5A85
[10818] [M]: 0x0000000080049E98 (0x5A850513) addi a0, a0, 1448
x10 <- 0x00000000000005A8
mem[X,0x0000000080049E9C] -> 0x1513
mem[X,0x0000000080049E9E] -> 0x00B5
[10819] [M]: 0x0000000080049E9C (0x00B51513) slli a0, a0, 11
x10 <- 0x00000000002D4000
mem[X,0x0000000080049EA0] -> 0x0513
mem[X,0x0000000080049EA2] -> 0x13C5
[10820] [M]: 0x0000000080049EA0 (0x13C50513) addi a0, a0, 316
x10 <- 0x00000000002D413C
mem[X,0x0000000080049EA4] -> 0x1513
mem[X,0x0000000080049EA6] -> 0x00A5
[10821] [M]: 0x0000000080049EA4 (0x00A51513) slli a0, a0, 10
x10 <- 0x00000000B504F000
mem[X,0x0000000080049EA8] -> 0x0513
mem[X,0x0000000080049EAA] -> 0x3345
[10822] [M]: 0x0000000080049EA8 (0x33450513) addi a0, a0, 820
x10 <- 0x00000000B504F334
mem[X,0x0000000080049EAC] -> 0x55B7
mem[X,0x0000000080049EAE] -> 0x5555
[10823] [M]: 0x0000000080049EAC (0x555555B7) lui a1, 349525
x11 <- 0x0000000055555000
mem[X,0x0000000080049EB0] -> 0x8593
mem[X,0x0000000080049EB2] -> 0x5555
[10824] [M]: 0x0000000080049EB0 (0x55558593) addi a1, a1, 1365
x11 <- 0x0000000055555555
mem[X,0x0000000080049EB4] -> 0x9593
mem[X,0x0000000080049EB6] -> 0x00B5
[10825] [M]: 0x0000000080049EB4 (0x00B59593) slli a1, a1, 11
x11 <- 0x000002AAAAAAA800
mem[X,0x0000000080049EB8] -> 0x8593
mem[X,0x0000000080049EBA] -> 0x2AA5
[10826] [M]: 0x0000000080049EB8 (0x2AA58593) addi a1, a1, 682
x11 <- 0x000002AAAAAAAAAA
mem[X,0x0000000080049EBC] -> 0x9593
mem[X,0x0000000080049EBE] -> 0x00B5
[10827] [M]: 0x0000000080049EBC (0x00B59593) slli a1, a1, 11
x11 <- 0x0015555555555000
mem[X,0x0000000080049EC0] -> 0x8593
mem[X,0x0000000080049EC2] -> 0x5555
[10828] [M]: 0x0000000080049EC0 (0x55558593) addi a1, a1, 1365
x11 <- 0x0015555555555555
mem[X,0x0000000080049EC4] -> 0x9593
mem[X,0x0000000080049EC6] -> 0x00A5
[10829] [M]: 0x0000000080049EC4 (0x00A59593) slli a1, a1, 10
x11 <- 0x5555555555555400
mem[X,0x0000000080049EC8] -> 0x8593
mem[X,0x0000000080049ECA] -> 0x1565
[10830] [M]: 0x0000000080049EC8 (0x15658593) addi a1, a1, 342
x11 <- 0x5555555555555556
mem[X,0x0000000080049ECC] -> 0x0113
mem[X,0x0000000080049ECE] -> 0x0000
[10831] [M]: 0x0000000080049ECC (0x00000113) addi sp, zero, 0
x2 <- 0x0000000000000000
mem[X,0x0000000080049ED0] -> 0x006F
mem[X,0x0000000080049ED2] -> 0x00C0
[10832] [M]: 0x0000000080049ED0 (0x00C0006F) jal zero, 12
mem[X,0x0000000080049EDC] -> 0x4663
mem[X,0x0000000080049EDE] -> 0x00B5
[10833] [M]: 0x0000000080049EDC (0x00B54663) blt a0, a1, 12
mem[X,0x0000000080049EE8] -> 0x0113
mem[X,0x0000000080049EEA] -> 0x0031
[10834] [M]: 0x0000000080049EE8 (0x00310113) addi sp, sp, 3
x2 <- 0x0000000000000003
mem[X,0x0000000080049EEC] -> 0x006F
mem[X,0x0000000080049EEE] -> 0x0040
[10835] [M]: 0x0000000080049EEC (0x0040006F) jal zero, 4
mem[X,0x0000000080049EF0] -> 0xBC23
mem[X,0x0000000080049EF2] -> 0x3820
[10836] [M]: 0x0000000080049EF0 (0x3820BC23) sd sp, 920(ra)
mem[0x0000000080050570] <- 0x0000000000000003
mem[X,0x0000000080049EF4] -> 0x0537
mem[X,0x0000000080049EF6] -> 0x0000
[10837] [M]: 0x0000000080049EF4 (0x00000537) lui a0, 0
x10 <- 0x0000000000000000
mem[X,0x0000000080049EF8] -> 0x0513
mem[X,0x0000000080049EFA] -> 0x0005
[10838] [M]: 0x0000000080049EF8 (0x00050513) addi a0, a0, 0
x10 <- 0x0000000000000000
mem[X,0x0000000080049EFC] -> 0x1513
mem[X,0x0000000080049EFE] -> 0x00B5
[10839] [M]: 0x0000000080049EFC (0x00B51513) slli a0, a0, 11
x10 <- 0x0000000000000000
mem[X,0x0000000080049F00] -> 0x0513
mem[X,0x0000000080049F02] -> 0x5A85
[10840] [M]: 0x0000000080049F00 (0x5A850513) addi a0, a0, 1448
x10 <- 0x00000000000005A8
mem[X,0x0000000080049F04] -> 0x1513
mem[X,0x0000000080049F06] -> 0x00B5
[10841] [M]: 0x0000000080049F04 (0x00B51513) slli a0, a0, 11
x10 <- 0x00000000002D4000
mem[X,0x0000000080049F08] -> 0x0513
mem[X,0x0000000080049F0A] -> 0x13C5
[10842] [M]: 0x0000000080049F08 (0x13C50513) addi a0, a0, 316
x10 <- 0x00000000002D413C
mem[X,0x0000000080049F0C] -> 0x1513
mem[X,0x0000000080049F0E] -> 0x00A5
[10843] [M]: 0x0000000080049F0C (0x00A51513) slli a0, a0, 10
x10 <- 0x00000000B504F000
mem[X,0x0000000080049F10] -> 0x0513
mem[X,0x0000000080049F12] -> 0x3345
[10844] [M]: 0x0000000080049F10 (0x33450513) addi a0, a0, 820
x10 <- 0x00000000B504F334
mem[X,0x0000000080049F14] -> 0xB5B7
mem[X,0x0000000080049F16] -> 0xAAAA
[10845] [M]: 0x0000000080049F14 (0xAAAAB5B7) lui a1, 699051
x11 <- 0xFFFFFFFFAAAAB000
mem[X,0x0000000080049F18] -> 0x8593
mem[X,0x0000000080049F1A] -> 0xAAA5
[10846] [M]: 0x0000000080049F18 (0xAAA58593) addi a1, a1, 2730
x11 <- 0xFFFFFFFFAAAAAAAA
mem[X,0x0000000080049F1C] -> 0x9593
mem[X,0x0000000080049F1E] -> 0x00B5
[10847] [M]: 0x0000000080049F1C (0x00B59593) slli a1, a1, 11
x11 <- 0xFFFFFD5555555000
mem[X,0x0000000080049F20] -> 0x8593
mem[X,0x0000000080049F22] -> 0x5555
[10848] [M]: 0x0000000080049F20 (0x55558593) addi a1, a1, 1365
x11 <- 0xFFFFFD5555555555
mem[X,0x0000000080049F24] -> 0x9593
mem[X,0x0000000080049F26] -> 0x00B5
[10849] [M]: 0x0000000080049F24 (0x00B59593) slli a1, a1, 11
x11 <- 0xFFEAAAAAAAAAA800
mem[X,0x0000000080049F28] -> 0x8593
mem[X,0x0000000080049F2A] -> 0x2AA5
[10850] [M]: 0x0000000080049F28 (0x2AA58593) addi a1, a1, 682
x11 <- 0xFFEAAAAAAAAAAAAA
mem[X,0x0000000080049F2C] -> 0x9593
mem[X,0x0000000080049F2E] -> 0x00A5
[10851] [M]: 0x0000000080049F2C (0x00A59593) slli a1, a1, 10
x11 <- 0xAAAAAAAAAAAAA800
mem[X,0x0000000080049F30] -> 0x8593
mem[X,0x0000000080049F32] -> 0x2AB5
[10852] [M]: 0x0000000080049F30 (0x2AB58593) addi a1, a1, 683
x11 <- 0xAAAAAAAAAAAAAAAB
mem[X,0x0000000080049F34] -> 0x0113
mem[X,0x0000000080049F36] -> 0x0000
[10853] [M]: 0x0000000080049F34 (0x00000113) addi sp, zero, 0
x2 <- 0x0000000000000000
mem[X,0x0000000080049F38] -> 0x006F
mem[X,0x0000000080049F3A] -> 0x00C0
[10854] [M]: 0x0000000080049F38 (0x00C0006F) jal zero, 12
mem[X,0x0000000080049F44] -> 0x4663
mem[X,0x0000000080049F46] -> 0x00B5
[10855] [M]: 0x0000000080049F44 (0x00B54663) blt a0, a1, 12
mem[X,0x0000000080049F48] -> 0x0113
mem[X,0x0000000080049F4A] -> 0x0021
[10856] [M]: 0x0000000080049F48 (0x00210113) addi sp, sp, 2
x2 <- 0x0000000000000002
mem[X,0x0000000080049F4C] -> 0x006F
mem[X,0x0000000080049F4E] -> 0x00C0
[10857] [M]: 0x0000000080049F4C (0x00C0006F) jal zero, 12
mem[X,0x0000000080049F58] -> 0xB023
mem[X,0x0000000080049F5A] -> 0x3A20
[10858] [M]: 0x0000000080049F58 (0x3A20B023) sd sp, 928(ra)
mem[0x0000000080050578] <- 0x0000000000000002
mem[X,0x0000000080049F5C] -> 0x0537
mem[X,0x0000000080049F5E] -> 0x0000
[10859] [M]: 0x0000000080049F5C (0x00000537) lui a0, 0
x10 <- 0x0000000000000000
mem[X,0x0000000080049F60] -> 0x0513
mem[X,0x0000000080049F62] -> 0x0005
[10860] [M]: 0x0000000080049F60 (0x00050513) addi a0, a0, 0
x10 <- 0x0000000000000000
mem[X,0x0000000080049F64] -> 0x1513
mem[X,0x0000000080049F66] -> 0x00B5
[10861] [M]: 0x0000000080049F64 (0x00B51513) slli a0, a0, 11
x10 <- 0x0000000000000000
mem[X,0x0000000080049F68] -> 0x0513
mem[X,0x0000000080049F6A] -> 0x5A85
[10862] [M]: 0x0000000080049F68 (0x5A850513) addi a0, a0, 1448
x10 <- 0x00000000000005A8
mem[X,0x0000000080049F6C] -> 0x1513
mem[X,0x0000000080049F6E] -> 0x00B5
[10863] [M]: 0x0000000080049F6C (0x00B51513) slli a0, a0, 11
x10 <- 0x00000000002D4000
mem[X,0x0000000080049F70] -> 0x0513
mem[X,0x0000000080049F72] -> 0x13C5
[10864] [M]: 0x0000000080049F70 (0x13C50513) addi a0, a0, 316
x10 <- 0x00000000002D413C
mem[X,0x0000000080049F74] -> 0x1513
mem[X,0x0000000080049F76] -> 0x00A5
[10865] [M]: 0x0000000080049F74 (0x00A51513) slli a0, a0, 10
x10 <- 0x00000000B504F000
mem[X,0x0000000080049F78] -> 0x0513
mem[X,0x0000000080049F7A] -> 0x3345
[10866] [M]: 0x0000000080049F78 (0x33450513) addi a0, a0, 820
x10 <- 0x00000000B504F334
mem[X,0x0000000080049F7C] -> 0x0593
mem[X,0x0000000080049F7E] -> 0x0060
[10867] [M]: 0x0000000080049F7C (0x00600593) addi a1, zero, 6
x11 <- 0x0000000000000006
mem[X,0x0000000080049F80] -> 0x0113
mem[X,0x0000000080049F82] -> 0x0000
[10868] [M]: 0x0000000080049F80 (0x00000113) addi sp, zero, 0
x2 <- 0x0000000000000000
mem[X,0x0000000080049F84] -> 0x006F
mem[X,0x0000000080049F86] -> 0x00C0
[10869] [M]: 0x0000000080049F84 (0x00C0006F) jal zero, 12
mem[X,0x0000000080049F90] -> 0x4663
mem[X,0x0000000080049F92] -> 0x00B5
[10870] [M]: 0x0000000080049F90 (0x00B54663) blt a0, a1, 12
mem[X,0x0000000080049F94] -> 0x0113
mem[X,0x0000000080049F96] -> 0x0021
[10871] [M]: 0x0000000080049F94 (0x00210113) addi sp, sp, 2
x2 <- 0x0000000000000002
mem[X,0x0000000080049F98] -> 0x006F
mem[X,0x0000000080049F9A] -> 0x00C0
[10872] [M]: 0x0000000080049F98 (0x00C0006F) jal zero, 12
mem[X,0x0000000080049FA4] -> 0xB423
mem[X,0x0000000080049FA6] -> 0x3A20
[10873] [M]: 0x0000000080049FA4 (0x3A20B423) sd sp, 936(ra)
mem[0x0000000080050580] <- 0x0000000000000002
mem[X,0x0000000080049FA8] -> 0x0537
mem[X,0x0000000080049FAA] -> 0x0000
[10874] [M]: 0x0000000080049FA8 (0x00000537) lui a0, 0
x10 <- 0x0000000000000000
mem[X,0x0000000080049FAC] -> 0x0513
mem[X,0x0000000080049FAE] -> 0x0005
[10875] [M]: 0x0000000080049FAC (0x00050513) addi a0, a0, 0
x10 <- 0x0000000000000000
mem[X,0x0000000080049FB0] -> 0x1513
mem[X,0x0000000080049FB2] -> 0x00B5
[10876] [M]: 0x0000000080049FB0 (0x00B51513) slli a0, a0, 11
x10 <- 0x0000000000000000
mem[X,0x0000000080049FB4] -> 0x0513
mem[X,0x0000000080049FB6] -> 0x5A85
[10877] [M]: 0x0000000080049FB4 (0x5A850513) addi a0, a0, 1448
x10 <- 0x00000000000005A8
mem[X,0x0000000080049FB8] -> 0x1513
mem[X,0x0000000080049FBA] -> 0x00B5
[10878] [M]: 0x0000000080049FB8 (0x00B51513) slli a0, a0, 11
x10 <- 0x00000000002D4000
mem[X,0x0000000080049FBC] -> 0x0513
mem[X,0x0000000080049FBE] -> 0x13C5
[10879] [M]: 0x0000000080049FBC (0x13C50513) addi a0, a0, 316
x10 <- 0x00000000002D413C
mem[X,0x0000000080049FC0] -> 0x1513
mem[X,0x0000000080049FC2] -> 0x00A5
[10880] [M]: 0x0000000080049FC0 (0x00A51513) slli a0, a0, 10
x10 <- 0x00000000B504F000
mem[X,0x0000000080049FC4] -> 0x0513
mem[X,0x0000000080049FC6] -> 0x3345
[10881] [M]: 0x0000000080049FC4 (0x33450513) addi a0, a0, 820
x10 <- 0x00000000B504F334
mem[X,0x0000000080049FC8] -> 0x35B7
mem[X,0x0000000080049FCA] -> 0x3333
[10882] [M]: 0x0000000080049FC8 (0x333335B7) lui a1, 209715
x11 <- 0x0000000033333000
mem[X,0x0000000080049FCC] -> 0x8593
mem[X,0x0000000080049FCE] -> 0x3335
[10883] [M]: 0x0000000080049FCC (0x33358593) addi a1, a1, 819
x11 <- 0x0000000033333333
mem[X,0x0000000080049FD0] -> 0x9593
mem[X,0x0000000080049FD2] -> 0x00B5
[10884] [M]: 0x0000000080049FD0 (0x00B59593) slli a1, a1, 11
x11 <- 0x0000019999999800
mem[X,0x0000000080049FD4] -> 0x8593
mem[X,0x0000000080049FD6] -> 0x1995
[10885] [M]: 0x0000000080049FD4 (0x19958593) addi a1, a1, 409
x11 <- 0x0000019999999999
mem[X,0x0000000080049FD8] -> 0x9593
mem[X,0x0000000080049FDA] -> 0x00B5
[10886] [M]: 0x0000000080049FD8 (0x00B59593) slli a1, a1, 11
x11 <- 0x000CCCCCCCCCC800
mem[X,0x0000000080049FDC] -> 0x8593
mem[X,0x0000000080049FDE] -> 0x4CC5
[10887] [M]: 0x0000000080049FDC (0x4CC58593) addi a1, a1, 1228
x11 <- 0x000CCCCCCCCCCCCC
mem[X,0x0000000080049FE0] -> 0x9593
mem[X,0x0000000080049FE2] -> 0x00A5
[10888] [M]: 0x0000000080049FE0 (0x00A59593) slli a1, a1, 10
x11 <- 0x3333333333333000
mem[X,0x0000000080049FE4] -> 0x8593
mem[X,0x0000000080049FE6] -> 0x3345
[10889] [M]: 0x0000000080049FE4 (0x33458593) addi a1, a1, 820
x11 <- 0x3333333333333334
mem[X,0x0000000080049FE8] -> 0x0113
mem[X,0x0000000080049FEA] -> 0x0000
[10890] [M]: 0x0000000080049FE8 (0x00000113) addi sp, zero, 0
x2 <- 0x0000000000000000
mem[X,0x0000000080049FEC] -> 0x006F
mem[X,0x0000000080049FEE] -> 0x0050
[10891] [M]: 0x0000000080049FEC (0x0050006F) jal zero, 2052
mem[X,0x000000008004A7F0] -> 0x40E3
mem[X,0x000000008004A7F2] -> 0x80B5
[10892] [M]: 0x000000008004A7F0 (0x80B540E3) blt a0, a1, 6144
mem[X,0x0000000080049FF0] -> 0x0113
mem[X,0x0000000080049FF2] -> 0x0011
[10893] [M]: 0x0000000080049FF0 (0x00110113) addi sp, sp, 1
x2 <- 0x0000000000000001
mem[X,0x0000000080049FF4] -> 0x006F
mem[X,0x0000000080049FF6] -> 0x0110
[10894] [M]: 0x0000000080049FF4 (0x0110006F) jal zero, 2064
mem[X,0x000000008004A804] -> 0xB823
mem[X,0x000000008004A806] -> 0x3A20
[10895] [M]: 0x000000008004A804 (0x3A20B823) sd sp, 944(ra)
mem[0x0000000080050588] <- 0x0000000000000001
mem[X,0x000000008004A808] -> 0x0537
mem[X,0x000000008004A80A] -> 0x0000
[10896] [M]: 0x000000008004A808 (0x00000537) lui a0, 0
x10 <- 0x0000000000000000
mem[X,0x000000008004A80C] -> 0x0513
mem[X,0x000000008004A80E] -> 0x0005
[10897] [M]: 0x000000008004A80C (0x00050513) addi a0, a0, 0
x10 <- 0x0000000000000000
mem[X,0x000000008004A810] -> 0x1513
mem[X,0x000000008004A812] -> 0x00B5
[10898] [M]: 0x000000008004A810 (0x00B51513) slli a0, a0, 11
x10 <- 0x0000000000000000
mem[X,0x000000008004A814] -> 0x0513
mem[X,0x000000008004A816] -> 0x5A85
[10899] [M]: 0x000000008004A814 (0x5A850513) addi a0, a0, 1448
x10 <- 0x00000000000005A8
clint::tick mtime <- 0x000000000000006D
 clint timer pending at mtime 0x000000000000006D
htif::tick 0x0000000000000000
mem[X,0x000000008004A818] -> 0x1513
mem[X,0x000000008004A81A] -> 0x00B5
[10900] [M]: 0x000000008004A818 (0x00B51513) slli a0, a0, 11
x10 <- 0x00000000002D4000
mem[X,0x000000008004A81C] -> 0x0513
mem[X,0x000000008004A81E] -> 0x13C5
[10901] [M]: 0x000000008004A81C (0x13C50513) addi a0, a0, 316
x10 <- 0x00000000002D413C
mem[X,0x000000008004A820] -> 0x1513
mem[X,0x000000008004A822] -> 0x00A5
[10902] [M]: 0x000000008004A820 (0x00A51513) slli a0, a0, 10
x10 <- 0x00000000B504F000
mem[X,0x000000008004A824] -> 0x0513
mem[X,0x000000008004A826] -> 0x3345
[10903] [M]: 0x000000008004A824 (0x33450513) addi a0, a0, 820
x10 <- 0x00000000B504F334
mem[X,0x000000008004A828] -> 0x65B7
mem[X,0x000000008004A82A] -> 0x6666
[10904] [M]: 0x000000008004A828 (0x666665B7) lui a1, 419430
x11 <- 0x0000000066666000
mem[X,0x000000008004A82C] -> 0x8593
mem[X,0x000000008004A82E] -> 0x6665
[10905] [M]: 0x000000008004A82C (0x66658593) addi a1, a1, 1638
x11 <- 0x0000000066666666
mem[X,0x000000008004A830] -> 0x9593
mem[X,0x000000008004A832] -> 0x00B5
[10906] [M]: 0x000000008004A830 (0x00B59593) slli a1, a1, 11
x11 <- 0x0000033333333000
mem[X,0x000000008004A834] -> 0x8593
mem[X,0x000000008004A836] -> 0x3335
[10907] [M]: 0x000000008004A834 (0x33358593) addi a1, a1, 819
x11 <- 0x0000033333333333
mem[X,0x000000008004A838] -> 0x9593
mem[X,0x000000008004A83A] -> 0x00B5
[10908] [M]: 0x000000008004A838 (0x00B59593) slli a1, a1, 11
x11 <- 0x0019999999999800
mem[X,0x000000008004A83C] -> 0x8593
mem[X,0x000000008004A83E] -> 0x1995
[10909] [M]: 0x000000008004A83C (0x19958593) addi a1, a1, 409
x11 <- 0x0019999999999999
mem[X,0x000000008004A840] -> 0x9593
mem[X,0x000000008004A842] -> 0x00A5
[10910] [M]: 0x000000008004A840 (0x00A59593) slli a1, a1, 10
x11 <- 0x6666666666666400
mem[X,0x000000008004A844] -> 0x8593
mem[X,0x000000008004A846] -> 0x2675
[10911] [M]: 0x000000008004A844 (0x26758593) addi a1, a1, 615
x11 <- 0x6666666666666667
mem[X,0x000000008004A848] -> 0x0113
mem[X,0x000000008004A84A] -> 0x0000
[10912] [M]: 0x000000008004A848 (0x00000113) addi sp, zero, 0
x2 <- 0x0000000000000000
mem[X,0x000000008004A84C] -> 0x006F
mem[X,0x000000008004A84E] -> 0x00C0
[10913] [M]: 0x000000008004A84C (0x00C0006F) jal zero, 12
mem[X,0x000000008004A858] -> 0x4CE3
mem[X,0x000000008004A85A] -> 0xFEB5
[10914] [M]: 0x000000008004A858 (0xFEB54CE3) blt a0, a1, 8184
mem[X,0x000000008004A850] -> 0x0113
mem[X,0x000000008004A852] -> 0x0011
[10915] [M]: 0x000000008004A850 (0x00110113) addi sp, sp, 1
x2 <- 0x0000000000000001
mem[X,0x000000008004A854] -> 0x006F
mem[X,0x000000008004A856] -> 0x0180
[10916] [M]: 0x000000008004A854 (0x0180006F) jal zero, 24
mem[X,0x000000008004A86C] -> 0xBC23
mem[X,0x000000008004A86E] -> 0x3A20
[10917] [M]: 0x000000008004A86C (0x3A20BC23) sd sp, 952(ra)
mem[0x0000000080050590] <- 0x0000000000000001
mem[X,0x000000008004A870] -> 0x0537
mem[X,0x000000008004A872] -> 0x0000
[10918] [M]: 0x000000008004A870 (0x00000537) lui a0, 0
x10 <- 0x0000000000000000
mem[X,0x000000008004A874] -> 0x0513
mem[X,0x000000008004A876] -> 0x0005
[10919] [M]: 0x000000008004A874 (0x00050513) addi a0, a0, 0
x10 <- 0x0000000000000000
mem[X,0x000000008004A878] -> 0x1513
mem[X,0x000000008004A87A] -> 0x00B5
[10920] [M]: 0x000000008004A878 (0x00B51513) slli a0, a0, 11
x10 <- 0x0000000000000000
mem[X,0x000000008004A87C] -> 0x0513
mem[X,0x000000008004A87E] -> 0x5A85
[10921] [M]: 0x000000008004A87C (0x5A850513) addi a0, a0, 1448
x10 <- 0x00000000000005A8
mem[X,0x000000008004A880] -> 0x1513
mem[X,0x000000008004A882] -> 0x00B5
[10922] [M]: 0x000000008004A880 (0x00B51513) slli a0, a0, 11
x10 <- 0x00000000002D4000
mem[X,0x000000008004A884] -> 0x0513
mem[X,0x000000008004A886] -> 0x13C5
[10923] [M]: 0x000000008004A884 (0x13C50513) addi a0, a0, 316
x10 <- 0x00000000002D413C
mem[X,0x000000008004A888] -> 0x1513
mem[X,0x000000008004A88A] -> 0x00A5
[10924] [M]: 0x000000008004A888 (0x00A51513) slli a0, a0, 10
x10 <- 0x00000000B504F000
mem[X,0x000000008004A88C] -> 0x0513
mem[X,0x000000008004A88E] -> 0x3345
[10925] [M]: 0x000000008004A88C (0x33450513) addi a0, a0, 820
x10 <- 0x00000000B504F334
mem[X,0x000000008004A890] -> 0x05B7
mem[X,0x000000008004A892] -> 0x0000
[10926] [M]: 0x000000008004A890 (0x000005B7) lui a1, 0
x11 <- 0x0000000000000000
mem[X,0x000000008004A894] -> 0x8593
mem[X,0x000000008004A896] -> 0xFFF5
[10927] [M]: 0x000000008004A894 (0xFFF58593) addi a1, a1, 4095
x11 <- 0xFFFFFFFFFFFFFFFF
mem[X,0x000000008004A898] -> 0x9593
mem[X,0x000000008004A89A] -> 0x00B5
[10928] [M]: 0x000000008004A898 (0x00B59593) slli a1, a1, 11
x11 <- 0xFFFFFFFFFFFFF800
mem[X,0x000000008004A89C] -> 0x8593
mem[X,0x000000008004A89E] -> 0x2575
[10929] [M]: 0x000000008004A89C (0x25758593) addi a1, a1, 599
x11 <- 0xFFFFFFFFFFFFFA57
mem[X,0x000000008004A8A0] -> 0x9593
mem[X,0x000000008004A8A2] -> 0x00B5
[10930] [M]: 0x000000008004A8A0 (0x00B59593) slli a1, a1, 11
x11 <- 0xFFFFFFFFFFD2B800
mem[X,0x000000008004A8A4] -> 0x8593
mem[X,0x000000008004A8A6] -> 0x6C35
[10931] [M]: 0x000000008004A8A4 (0x6C358593) addi a1, a1, 1731
x11 <- 0xFFFFFFFFFFD2BEC3
mem[X,0x000000008004A8A8] -> 0x9593
mem[X,0x000000008004A8AA] -> 0x00A5
[10932] [M]: 0x000000008004A8A8 (0x00A59593) slli a1, a1, 10
x11 <- 0xFFFFFFFF4AFB0C00
mem[X,0x000000008004A8AC] -> 0x8593
mem[X,0x000000008004A8AE] -> 0x0CE5
[10933] [M]: 0x000000008004A8AC (0x0CE58593) addi a1, a1, 206
x11 <- 0xFFFFFFFF4AFB0CCE
mem[X,0x000000008004A8B0] -> 0x0113
mem[X,0x000000008004A8B2] -> 0x0000
[10934] [M]: 0x000000008004A8B0 (0x00000113) addi sp, zero, 0
x2 <- 0x0000000000000000
mem[X,0x000000008004A8B4] -> 0x006F
mem[X,0x000000008004A8B6] -> 0x00C0
[10935] [M]: 0x000000008004A8B4 (0x00C0006F) jal zero, 12
mem[X,0x000000008004A8C0] -> 0x4863
mem[X,0x000000008004A8C2] -> 0x00B5
[10936] [M]: 0x000000008004A8C0 (0x00B54863) blt a0, a1, 16
mem[X,0x000000008004A8C4] -> 0x0113
mem[X,0x000000008004A8C6] -> 0x0021
[10937] [M]: 0x000000008004A8C4 (0x00210113) addi sp, sp, 2
x2 <- 0x0000000000000002
mem[X,0x000000008004A8C8] -> 0x006F
mem[X,0x000000008004A8CA] -> 0x0100
[10938] [M]: 0x000000008004A8C8 (0x0100006F) jal zero, 16
mem[X,0x000000008004A8D8] -> 0xB023
mem[X,0x000000008004A8DA] -> 0x3C20
[10939] [M]: 0x000000008004A8D8 (0x3C20B023) sd sp, 960(ra)
mem[0x0000000080050598] <- 0x0000000000000002
mem[X,0x000000008004A8DC] -> 0x0537
mem[X,0x000000008004A8DE] -> 0x0000
[10940] [M]: 0x000000008004A8DC (0x00000537) lui a0, 0
x10 <- 0x0000000000000000
mem[X,0x000000008004A8E0] -> 0x0513
mem[X,0x000000008004A8E2] -> 0x0005
[10941] [M]: 0x000000008004A8E0 (0x00050513) addi a0, a0, 0
x10 <- 0x0000000000000000
mem[X,0x000000008004A8E4] -> 0x1513
mem[X,0x000000008004A8E6] -> 0x00B5
[10942] [M]: 0x000000008004A8E4 (0x00B51513) slli a0, a0, 11
x10 <- 0x0000000000000000
mem[X,0x000000008004A8E8] -> 0x0513
mem[X,0x000000008004A8EA] -> 0x5A85
[10943] [M]: 0x000000008004A8E8 (0x5A850513) addi a0, a0, 1448
x10 <- 0x00000000000005A8
mem[X,0x000000008004A8EC] -> 0x1513
mem[X,0x000000008004A8EE] -> 0x00B5
[10944] [M]: 0x000000008004A8EC (0x00B51513) slli a0, a0, 11
x10 <- 0x00000000002D4000
mem[X,0x000000008004A8F0] -> 0x0513
mem[X,0x000000008004A8F2] -> 0x13C5
[10945] [M]: 0x000000008004A8F0 (0x13C50513) addi a0, a0, 316
x10 <- 0x00000000002D413C
mem[X,0x000000008004A8F4] -> 0x1513
mem[X,0x000000008004A8F6] -> 0x00A5
[10946] [M]: 0x000000008004A8F4 (0x00A51513) slli a0, a0, 10
x10 <- 0x00000000B504F000
mem[X,0x000000008004A8F8] -> 0x0513
mem[X,0x000000008004A8FA] -> 0x3345
[10947] [M]: 0x000000008004A8F8 (0x33450513) addi a0, a0, 820
x10 <- 0x00000000B504F334
mem[X,0x000000008004A8FC] -> 0x05B7
mem[X,0x000000008004A8FE] -> 0x0000
[10948] [M]: 0x000000008004A8FC (0x000005B7) lui a1, 0
x11 <- 0x0000000000000000
mem[X,0x000000008004A900] -> 0x8593
mem[X,0x000000008004A902] -> 0x0005
[10949] [M]: 0x000000008004A900 (0x00058593) addi a1, a1, 0
x11 <- 0x0000000000000000
mem[X,0x000000008004A904] -> 0x9593
mem[X,0x000000008004A906] -> 0x00B5
[10950] [M]: 0x000000008004A904 (0x00B59593) slli a1, a1, 11
x11 <- 0x0000000000000000
mem[X,0x000000008004A908] -> 0x8593
mem[X,0x000000008004A90A] -> 0x5A85
[10951] [M]: 0x000000008004A908 (0x5A858593) addi a1, a1, 1448
x11 <- 0x00000000000005A8
mem[X,0x000000008004A90C] -> 0x9593
mem[X,0x000000008004A90E] -> 0x00B5
[10952] [M]: 0x000000008004A90C (0x00B59593) slli a1, a1, 11
x11 <- 0x00000000002D4000
mem[X,0x000000008004A910] -> 0x8593
mem[X,0x000000008004A912] -> 0x13C5
[10953] [M]: 0x000000008004A910 (0x13C58593) addi a1, a1, 316
x11 <- 0x00000000002D413C
mem[X,0x000000008004A914] -> 0x9593
mem[X,0x000000008004A916] -> 0x00A5
[10954] [M]: 0x000000008004A914 (0x00A59593) slli a1, a1, 10
x11 <- 0x00000000B504F000
mem[X,0x000000008004A918] -> 0x8593
mem[X,0x000000008004A91A] -> 0x3345
[10955] [M]: 0x000000008004A918 (0x33458593) addi a1, a1, 820
x11 <- 0x00000000B504F334
mem[X,0x000000008004A91C] -> 0x0113
mem[X,0x000000008004A91E] -> 0x0000
[10956] [M]: 0x000000008004A91C (0x00000113) addi sp, zero, 0
x2 <- 0x0000000000000000
mem[X,0x000000008004A920] -> 0x006F
mem[X,0x000000008004A922] -> 0x2B10
[10957] [M]: 0x000000008004A920 (0x2B10006F) jal zero, 2736
mem[X,0x000000008004B3D0] -> 0x4A63
mem[X,0x000000008004B3D2] -> 0xD4B5
[10958] [M]: 0x000000008004B3D0 (0xD4B54A63) blt a0, a1, 5460
mem[X,0x000000008004B3D4] -> 0x0113
mem[X,0x000000008004B3D6] -> 0x0021
[10959] [M]: 0x000000008004B3D4 (0x00210113) addi sp, sp, 2
x2 <- 0x0000000000000002
mem[X,0x000000008004B3D8] -> 0x006F
mem[X,0x000000008004B3DA] -> 0x00C0
[10960] [M]: 0x000000008004B3D8 (0x00C0006F) jal zero, 12
mem[X,0x000000008004B3E4] -> 0xB423
mem[X,0x000000008004B3E6] -> 0x3C20
[10961] [M]: 0x000000008004B3E4 (0x3C20B423) sd sp, 968(ra)
mem[0x00000000800505A0] <- 0x0000000000000002
mem[X,0x000000008004B3E8] -> 0x0513
mem[X,0x000000008004B3EA] -> 0x0000
[10962] [M]: 0x000000008004B3E8 (0x00000513) addi a0, zero, 0
x10 <- 0x0000000000000000
mem[X,0x000000008004B3EC] -> 0x0593
mem[X,0x000000008004B3EE] -> 0x0020
[10963] [M]: 0x000000008004B3EC (0x00200593) addi a1, zero, 2
x11 <- 0x0000000000000002
mem[X,0x000000008004B3F0] -> 0x0113
mem[X,0x000000008004B3F2] -> 0x0000
[10964] [M]: 0x000000008004B3F0 (0x00000113) addi sp, zero, 0
x2 <- 0x0000000000000000
mem[X,0x000000008004B3F4] -> 0x006F
mem[X,0x000000008004B3F6] -> 0x00C0
[10965] [M]: 0x000000008004B3F4 (0x00C0006F) jal zero, 12
mem[X,0x000000008004B400] -> 0x4863
mem[X,0x000000008004B402] -> 0x00B5
[10966] [M]: 0x000000008004B400 (0x00B54863) blt a0, a1, 16
mem[X,0x000000008004B410] -> 0x0113
mem[X,0x000000008004B412] -> 0x0031
[10967] [M]: 0x000000008004B410 (0x00310113) addi sp, sp, 3
x2 <- 0x0000000000000003
mem[X,0x000000008004B414] -> 0x006F
mem[X,0x000000008004B416] -> 0x0040
[10968] [M]: 0x000000008004B414 (0x0040006F) jal zero, 4
mem[X,0x000000008004B418] -> 0xB823
mem[X,0x000000008004B41A] -> 0x3C20
[10969] [M]: 0x000000008004B418 (0x3C20B823) sd sp, 976(ra)
mem[0x00000000800505A8] <- 0x0000000000000003
mem[X,0x000000008004B41C] -> 0x0513
mem[X,0x000000008004B41E] -> 0x0000
[10970] [M]: 0x000000008004B41C (0x00000513) addi a0, zero, 0
x10 <- 0x0000000000000000
mem[X,0x000000008004B420] -> 0x55B7
mem[X,0x000000008004B422] -> 0x5555
[10971] [M]: 0x000000008004B420 (0x555555B7) lui a1, 349525
x11 <- 0x0000000055555000
mem[X,0x000000008004B424] -> 0x8593
mem[X,0x000000008004B426] -> 0x5555
[10972] [M]: 0x000000008004B424 (0x55558593) addi a1, a1, 1365
x11 <- 0x0000000055555555
mem[X,0x000000008004B428] -> 0x9593
mem[X,0x000000008004B42A] -> 0x00B5
[10973] [M]: 0x000000008004B428 (0x00B59593) slli a1, a1, 11
x11 <- 0x000002AAAAAAA800
mem[X,0x000000008004B42C] -> 0x8593
mem[X,0x000000008004B42E] -> 0x2AA5
[10974] [M]: 0x000000008004B42C (0x2AA58593) addi a1, a1, 682
x11 <- 0x000002AAAAAAAAAA
mem[X,0x000000008004B430] -> 0x9593
mem[X,0x000000008004B432] -> 0x00B5
[10975] [M]: 0x000000008004B430 (0x00B59593) slli a1, a1, 11
x11 <- 0x0015555555555000
mem[X,0x000000008004B434] -> 0x8593
mem[X,0x000000008004B436] -> 0x5555
[10976] [M]: 0x000000008004B434 (0x55558593) addi a1, a1, 1365
x11 <- 0x0015555555555555
mem[X,0x000000008004B438] -> 0x9593
mem[X,0x000000008004B43A] -> 0x00A5
[10977] [M]: 0x000000008004B438 (0x00A59593) slli a1, a1, 10
x11 <- 0x5555555555555400
mem[X,0x000000008004B43C] -> 0x8593
mem[X,0x000000008004B43E] -> 0x1545
[10978] [M]: 0x000000008004B43C (0x15458593) addi a1, a1, 340
x11 <- 0x5555555555555554
mem[X,0x000000008004B440] -> 0x0113
mem[X,0x000000008004B442] -> 0x0000
[10979] [M]: 0x000000008004B440 (0x00000113) addi sp, zero, 0
x2 <- 0x0000000000000000
mem[X,0x000000008004B444] -> 0x006F
mem[X,0x000000008004B446] -> 0x00C0
[10980] [M]: 0x000000008004B444 (0x00C0006F) jal zero, 12
mem[X,0x000000008004B450] -> 0x4CE3
mem[X,0x000000008004B452] -> 0xFEB5
[10981] [M]: 0x000000008004B450 (0xFEB54CE3) blt a0, a1, 8184
mem[X,0x000000008004B448] -> 0x0113
mem[X,0x000000008004B44A] -> 0x0011
[10982] [M]: 0x000000008004B448 (0x00110113) addi sp, sp, 1
x2 <- 0x0000000000000001
mem[X,0x000000008004B44C] -> 0x006F
mem[X,0x000000008004B44E] -> 0x0180
[10983] [M]: 0x000000008004B44C (0x0180006F) jal zero, 24
mem[X,0x000000008004B464] -> 0xBC23
mem[X,0x000000008004B466] -> 0x3C20
[10984] [M]: 0x000000008004B464 (0x3C20BC23) sd sp, 984(ra)
mem[0x00000000800505B0] <- 0x0000000000000001
mem[X,0x000000008004B468] -> 0x0513
mem[X,0x000000008004B46A] -> 0x0000
[10985] [M]: 0x000000008004B468 (0x00000513) addi a0, zero, 0
x10 <- 0x0000000000000000
mem[X,0x000000008004B46C] -> 0x0593
mem[X,0x000000008004B46E] -> 0x0040
[10986] [M]: 0x000000008004B46C (0x00400593) addi a1, zero, 4
x11 <- 0x0000000000000004
mem[X,0x000000008004B470] -> 0x0113
mem[X,0x000000008004B472] -> 0x0000
[10987] [M]: 0x000000008004B470 (0x00000113) addi sp, zero, 0
x2 <- 0x0000000000000000
mem[X,0x000000008004B474] -> 0x006F
mem[X,0x000000008004B476] -> 0x00C0
[10988] [M]: 0x000000008004B474 (0x00C0006F) jal zero, 12
mem[X,0x000000008004B480] -> 0x4663
mem[X,0x000000008004B482] -> 0x00B5
[10989] [M]: 0x000000008004B480 (0x00B54663) blt a0, a1, 12
mem[X,0x000000008004B48C] -> 0x0113
mem[X,0x000000008004B48E] -> 0x0031
[10990] [M]: 0x000000008004B48C (0x00310113) addi sp, sp, 3
x2 <- 0x0000000000000003
mem[X,0x000000008004B490] -> 0x006F
mem[X,0x000000008004B492] -> 0x0040
[10991] [M]: 0x000000008004B490 (0x0040006F) jal zero, 4
mem[X,0x000000008004B494] -> 0xB023
mem[X,0x000000008004B496] -> 0x3E20
[10992] [M]: 0x000000008004B494 (0x3E20B023) sd sp, 992(ra)
mem[0x00000000800505B8] <- 0x0000000000000003
mem[X,0x000000008004B498] -> 0x0513
mem[X,0x000000008004B49A] -> 0x0000
[10993] [M]: 0x000000008004B498 (0x00000513) addi a0, zero, 0
x10 <- 0x0000000000000000
mem[X,0x000000008004B49C] -> 0x35B7
mem[X,0x000000008004B49E] -> 0x3333
[10994] [M]: 0x000000008004B49C (0x333335B7) lui a1, 209715
x11 <- 0x0000000033333000
mem[X,0x000000008004B4A0] -> 0x8593
mem[X,0x000000008004B4A2] -> 0x3335
[10995] [M]: 0x000000008004B4A0 (0x33358593) addi a1, a1, 819
x11 <- 0x0000000033333333
mem[X,0x000000008004B4A4] -> 0x9593
mem[X,0x000000008004B4A6] -> 0x00B5
[10996] [M]: 0x000000008004B4A4 (0x00B59593) slli a1, a1, 11
x11 <- 0x0000019999999800
mem[X,0x000000008004B4A8] -> 0x8593
mem[X,0x000000008004B4AA] -> 0x1995
[10997] [M]: 0x000000008004B4A8 (0x19958593) addi a1, a1, 409
x11 <- 0x0000019999999999
mem[X,0x000000008004B4AC] -> 0x9593
mem[X,0x000000008004B4AE] -> 0x00B5
[10998] [M]: 0x000000008004B4AC (0x00B59593) slli a1, a1, 11
x11 <- 0x000CCCCCCCCCC800
mem[X,0x000000008004B4B0] -> 0x8593
mem[X,0x000000008004B4B2] -> 0x4CC5
[10999] [M]: 0x000000008004B4B0 (0x4CC58593) addi a1, a1, 1228
x11 <- 0x000CCCCCCCCCCCCC
clint::tick mtime <- 0x000000000000006E
 clint timer pending at mtime 0x000000000000006E
htif::tick 0x0000000000000000
mem[X,0x000000008004B4B4] -> 0x9593
mem[X,0x000000008004B4B6] -> 0x00A5
[11000] [M]: 0x000000008004B4B4 (0x00A59593) slli a1, a1, 10
x11 <- 0x3333333333333000
mem[X,0x000000008004B4B8] -> 0x8593
mem[X,0x000000008004B4BA] -> 0x3325
[11001] [M]: 0x000000008004B4B8 (0x33258593) addi a1, a1, 818
x11 <- 0x3333333333333332
mem[X,0x000000008004B4BC] -> 0x0113
mem[X,0x000000008004B4BE] -> 0x0000
[11002] [M]: 0x000000008004B4BC (0x00000113) addi sp, zero, 0
x2 <- 0x0000000000000000
mem[X,0x000000008004B4C0] -> 0x006F
mem[X,0x000000008004B4C2] -> 0x00C0
[11003] [M]: 0x000000008004B4C0 (0x00C0006F) jal zero, 12
mem[X,0x000000008004B4CC] -> 0x4663
mem[X,0x000000008004B4CE] -> 0x00B5
[11004] [M]: 0x000000008004B4CC (0x00B54663) blt a0, a1, 12
mem[X,0x000000008004B4D8] -> 0x0113
mem[X,0x000000008004B4DA] -> 0x0031
[11005] [M]: 0x000000008004B4D8 (0x00310113) addi sp, sp, 3
x2 <- 0x0000000000000003
mem[X,0x000000008004B4DC] -> 0x006F
mem[X,0x000000008004B4DE] -> 0x0040
[11006] [M]: 0x000000008004B4DC (0x0040006F) jal zero, 4
mem[X,0x000000008004B4E0] -> 0xB423
mem[X,0x000000008004B4E2] -> 0x3E20
[11007] [M]: 0x000000008004B4E0 (0x3E20B423) sd sp, 1000(ra)
mem[0x00000000800505C0] <- 0x0000000000000003
mem[X,0x000000008004B4E4] -> 0x0513
mem[X,0x000000008004B4E6] -> 0x0000
[11008] [M]: 0x000000008004B4E4 (0x00000513) addi a0, zero, 0
x10 <- 0x0000000000000000
mem[X,0x000000008004B4E8] -> 0x65B7
mem[X,0x000000008004B4EA] -> 0x6666
[11009] [M]: 0x000000008004B4E8 (0x666665B7) lui a1, 419430
x11 <- 0x0000000066666000
mem[X,0x000000008004B4EC] -> 0x8593
mem[X,0x000000008004B4EE] -> 0x6665
[11010] [M]: 0x000000008004B4EC (0x66658593) addi a1, a1, 1638
x11 <- 0x0000000066666666
mem[X,0x000000008004B4F0] -> 0x9593
mem[X,0x000000008004B4F2] -> 0x00B5
[11011] [M]: 0x000000008004B4F0 (0x00B59593) slli a1, a1, 11
x11 <- 0x0000033333333000
mem[X,0x000000008004B4F4] -> 0x8593
mem[X,0x000000008004B4F6] -> 0x3335
[11012] [M]: 0x000000008004B4F4 (0x33358593) addi a1, a1, 819
x11 <- 0x0000033333333333
mem[X,0x000000008004B4F8] -> 0x9593
mem[X,0x000000008004B4FA] -> 0x00B5
[11013] [M]: 0x000000008004B4F8 (0x00B59593) slli a1, a1, 11
x11 <- 0x0019999999999800
mem[X,0x000000008004B4FC] -> 0x8593
mem[X,0x000000008004B4FE] -> 0x1995
[11014] [M]: 0x000000008004B4FC (0x19958593) addi a1, a1, 409
x11 <- 0x0019999999999999
mem[X,0x000000008004B500] -> 0x9593
mem[X,0x000000008004B502] -> 0x00A5
[11015] [M]: 0x000000008004B500 (0x00A59593) slli a1, a1, 10
x11 <- 0x6666666666666400
mem[X,0x000000008004B504] -> 0x8593
mem[X,0x000000008004B506] -> 0x2655
[11016] [M]: 0x000000008004B504 (0x26558593) addi a1, a1, 613
x11 <- 0x6666666666666665
mem[X,0x000000008004B508] -> 0x0113
mem[X,0x000000008004B50A] -> 0x0000
[11017] [M]: 0x000000008004B508 (0x00000113) addi sp, zero, 0
x2 <- 0x0000000000000000
mem[X,0x000000008004B50C] -> 0x006F
mem[X,0x000000008004B50E] -> 0x0180
[11018] [M]: 0x000000008004B50C (0x0180006F) jal zero, 24
mem[X,0x000000008004B524] -> 0x46E3
mem[X,0x000000008004B526] -> 0xFEB5
[11019] [M]: 0x000000008004B524 (0xFEB546E3) blt a0, a1, 8172
mem[X,0x000000008004B510] -> 0x0113
mem[X,0x000000008004B512] -> 0x0011
[11020] [M]: 0x000000008004B510 (0x00110113) addi sp, sp, 1
x2 <- 0x0000000000000001
mem[X,0x000000008004B514] -> 0x006F
mem[X,0x000000008004B516] -> 0x0240
[11021] [M]: 0x000000008004B514 (0x0240006F) jal zero, 36
mem[X,0x000000008004B538] -> 0xB823
mem[X,0x000000008004B53A] -> 0x3E20
[11022] [M]: 0x000000008004B538 (0x3E20B823) sd sp, 1008(ra)
mem[0x00000000800505C8] <- 0x0000000000000001
mem[X,0x000000008004B53C] -> 0x0513
mem[X,0x000000008004B53E] -> 0x0000
[11023] [M]: 0x000000008004B53C (0x00000513) addi a0, zero, 0
x10 <- 0x0000000000000000
mem[X,0x000000008004B540] -> 0x05B7
mem[X,0x000000008004B542] -> 0x0000
[11024] [M]: 0x000000008004B540 (0x000005B7) lui a1, 0
x11 <- 0x0000000000000000
mem[X,0x000000008004B544] -> 0x8593
mem[X,0x000000008004B546] -> 0x0005
[11025] [M]: 0x000000008004B544 (0x00058593) addi a1, a1, 0
x11 <- 0x0000000000000000
mem[X,0x000000008004B548] -> 0x9593
mem[X,0x000000008004B54A] -> 0x00B5
[11026] [M]: 0x000000008004B548 (0x00B59593) slli a1, a1, 11
x11 <- 0x0000000000000000
mem[X,0x000000008004B54C] -> 0x8593
mem[X,0x000000008004B54E] -> 0x5A85
[11027] [M]: 0x000000008004B54C (0x5A858593) addi a1, a1, 1448
x11 <- 0x00000000000005A8
mem[X,0x000000008004B550] -> 0x9593
mem[X,0x000000008004B552] -> 0x00B5
[11028] [M]: 0x000000008004B550 (0x00B59593) slli a1, a1, 11
x11 <- 0x00000000002D4000
mem[X,0x000000008004B554] -> 0x8593
mem[X,0x000000008004B556] -> 0x13C5
[11029] [M]: 0x000000008004B554 (0x13C58593) addi a1, a1, 316
x11 <- 0x00000000002D413C
mem[X,0x000000008004B558] -> 0x9593
mem[X,0x000000008004B55A] -> 0x00A5
[11030] [M]: 0x000000008004B558 (0x00A59593) slli a1, a1, 10
x11 <- 0x00000000B504F000
mem[X,0x000000008004B55C] -> 0x8593
mem[X,0x000000008004B55E] -> 0x3325
[11031] [M]: 0x000000008004B55C (0x33258593) addi a1, a1, 818
x11 <- 0x00000000B504F332
mem[X,0x000000008004B560] -> 0x0113
mem[X,0x000000008004B562] -> 0x0000
[11032] [M]: 0x000000008004B560 (0x00000113) addi sp, zero, 0
x2 <- 0x0000000000000000
mem[X,0x000000008004B564] -> 0x006F
mem[X,0x000000008004B566] -> 0x00C0
[11033] [M]: 0x000000008004B564 (0x00C0006F) jal zero, 12
mem[X,0x000000008004B570] -> 0x4863
mem[X,0x000000008004B572] -> 0x00B5
[11034] [M]: 0x000000008004B570 (0x00B54863) blt a0, a1, 16
mem[X,0x000000008004B580] -> 0x0113
mem[X,0x000000008004B582] -> 0x0031
[11035] [M]: 0x000000008004B580 (0x00310113) addi sp, sp, 3
x2 <- 0x0000000000000003
mem[X,0x000000008004B584] -> 0x006F
mem[X,0x000000008004B586] -> 0x0040
[11036] [M]: 0x000000008004B584 (0x0040006F) jal zero, 4
mem[X,0x000000008004B588] -> 0xBC23
mem[X,0x000000008004B58A] -> 0x3E20
[11037] [M]: 0x000000008004B588 (0x3E20BC23) sd sp, 1016(ra)
mem[0x00000000800505D0] <- 0x0000000000000003
mem[X,0x000000008004B58C] -> 0x0513
mem[X,0x000000008004B58E] -> 0x0000
[11038] [M]: 0x000000008004B58C (0x00000513) addi a0, zero, 0
x10 <- 0x0000000000000000
mem[X,0x000000008004B590] -> 0x55B7
mem[X,0x000000008004B592] -> 0x5555
[11039] [M]: 0x000000008004B590 (0x555555B7) lui a1, 349525
x11 <- 0x0000000055555000
mem[X,0x000000008004B594] -> 0x8593
mem[X,0x000000008004B596] -> 0x5555
[11040] [M]: 0x000000008004B594 (0x55558593) addi a1, a1, 1365
x11 <- 0x0000000055555555
mem[X,0x000000008004B598] -> 0x9593
mem[X,0x000000008004B59A] -> 0x00B5
[11041] [M]: 0x000000008004B598 (0x00B59593) slli a1, a1, 11
x11 <- 0x000002AAAAAAA800
mem[X,0x000000008004B59C] -> 0x8593
mem[X,0x000000008004B59E] -> 0x2AA5
[11042] [M]: 0x000000008004B59C (0x2AA58593) addi a1, a1, 682
x11 <- 0x000002AAAAAAAAAA
mem[X,0x000000008004B5A0] -> 0x9593
mem[X,0x000000008004B5A2] -> 0x00B5
[11043] [M]: 0x000000008004B5A0 (0x00B59593) slli a1, a1, 11
x11 <- 0x0015555555555000
mem[X,0x000000008004B5A4] -> 0x8593
mem[X,0x000000008004B5A6] -> 0x5555
[11044] [M]: 0x000000008004B5A4 (0x55558593) addi a1, a1, 1365
x11 <- 0x0015555555555555
mem[X,0x000000008004B5A8] -> 0x9593
mem[X,0x000000008004B5AA] -> 0x00A5
[11045] [M]: 0x000000008004B5A8 (0x00A59593) slli a1, a1, 10
x11 <- 0x5555555555555400
mem[X,0x000000008004B5AC] -> 0x8593
mem[X,0x000000008004B5AE] -> 0x1565
[11046] [M]: 0x000000008004B5AC (0x15658593) addi a1, a1, 342
x11 <- 0x5555555555555556
mem[X,0x000000008004B5B0] -> 0x0113
mem[X,0x000000008004B5B2] -> 0x0000
[11047] [M]: 0x000000008004B5B0 (0x00000113) addi sp, zero, 0
x2 <- 0x0000000000000000
mem[X,0x000000008004B5B4] -> 0x006F
mem[X,0x000000008004B5B6] -> 0x00C0
[11048] [M]: 0x000000008004B5B4 (0x00C0006F) jal zero, 12
mem[X,0x000000008004B5C0] -> 0x4663
mem[X,0x000000008004B5C2] -> 0x00B5
[11049] [M]: 0x000000008004B5C0 (0x00B54663) blt a0, a1, 12
mem[X,0x000000008004B5CC] -> 0x0113
mem[X,0x000000008004B5CE] -> 0x0031
[11050] [M]: 0x000000008004B5CC (0x00310113) addi sp, sp, 3
x2 <- 0x0000000000000003
mem[X,0x000000008004B5D0] -> 0x006F
mem[X,0x000000008004B5D2] -> 0x0040
[11051] [M]: 0x000000008004B5D0 (0x0040006F) jal zero, 4
mem[X,0x000000008004B5D4] -> 0xB023
mem[X,0x000000008004B5D6] -> 0x4020
[11052] [M]: 0x000000008004B5D4 (0x4020B023) sd sp, 1024(ra)
mem[0x00000000800505D8] <- 0x0000000000000003
mem[X,0x000000008004B5D8] -> 0x0513
mem[X,0x000000008004B5DA] -> 0x0000
[11053] [M]: 0x000000008004B5D8 (0x00000513) addi a0, zero, 0
x10 <- 0x0000000000000000
mem[X,0x000000008004B5DC] -> 0xB5B7
mem[X,0x000000008004B5DE] -> 0xAAAA
[11054] [M]: 0x000000008004B5DC (0xAAAAB5B7) lui a1, 699051
x11 <- 0xFFFFFFFFAAAAB000
mem[X,0x000000008004B5E0] -> 0x8593
mem[X,0x000000008004B5E2] -> 0xAAA5
[11055] [M]: 0x000000008004B5E0 (0xAAA58593) addi a1, a1, 2730
x11 <- 0xFFFFFFFFAAAAAAAA
mem[X,0x000000008004B5E4] -> 0x9593
mem[X,0x000000008004B5E6] -> 0x00B5
[11056] [M]: 0x000000008004B5E4 (0x00B59593) slli a1, a1, 11
x11 <- 0xFFFFFD5555555000
mem[X,0x000000008004B5E8] -> 0x8593
mem[X,0x000000008004B5EA] -> 0x5555
[11057] [M]: 0x000000008004B5E8 (0x55558593) addi a1, a1, 1365
x11 <- 0xFFFFFD5555555555
mem[X,0x000000008004B5EC] -> 0x9593
mem[X,0x000000008004B5EE] -> 0x00B5
[11058] [M]: 0x000000008004B5EC (0x00B59593) slli a1, a1, 11
x11 <- 0xFFEAAAAAAAAAA800
mem[X,0x000000008004B5F0] -> 0x8593
mem[X,0x000000008004B5F2] -> 0x2AA5
[11059] [M]: 0x000000008004B5F0 (0x2AA58593) addi a1, a1, 682
x11 <- 0xFFEAAAAAAAAAAAAA
mem[X,0x000000008004B5F4] -> 0x9593
mem[X,0x000000008004B5F6] -> 0x00A5
[11060] [M]: 0x000000008004B5F4 (0x00A59593) slli a1, a1, 10
x11 <- 0xAAAAAAAAAAAAA800
mem[X,0x000000008004B5F8] -> 0x8593
mem[X,0x000000008004B5FA] -> 0x2AB5
[11061] [M]: 0x000000008004B5F8 (0x2AB58593) addi a1, a1, 683
x11 <- 0xAAAAAAAAAAAAAAAB
mem[X,0x000000008004B5FC] -> 0x0113
mem[X,0x000000008004B5FE] -> 0x0000
[11062] [M]: 0x000000008004B5FC (0x00000113) addi sp, zero, 0
x2 <- 0x0000000000000000
mem[X,0x000000008004B600] -> 0x006F
mem[X,0x000000008004B602] -> 0x00C0
[11063] [M]: 0x000000008004B600 (0x00C0006F) jal zero, 12
mem[X,0x000000008004B60C] -> 0x4CE3
mem[X,0x000000008004B60E] -> 0xFEB5
[11064] [M]: 0x000000008004B60C (0xFEB54CE3) blt a0, a1, 8184
mem[X,0x000000008004B610] -> 0x0113
mem[X,0x000000008004B612] -> 0x0021
[11065] [M]: 0x000000008004B610 (0x00210113) addi sp, sp, 2
x2 <- 0x0000000000000002
mem[X,0x000000008004B614] -> 0x006F
mem[X,0x000000008004B616] -> 0x00C0
[11066] [M]: 0x000000008004B614 (0x00C0006F) jal zero, 12
mem[X,0x000000008004B620] -> 0xB423
mem[X,0x000000008004B622] -> 0x4020
[11067] [M]: 0x000000008004B620 (0x4020B423) sd sp, 1032(ra)
mem[0x00000000800505E0] <- 0x0000000000000002
mem[X,0x000000008004B624] -> 0x0513
mem[X,0x000000008004B626] -> 0x0000
[11068] [M]: 0x000000008004B624 (0x00000513) addi a0, zero, 0
x10 <- 0x0000000000000000
mem[X,0x000000008004B628] -> 0x0593
mem[X,0x000000008004B62A] -> 0x0060
[11069] [M]: 0x000000008004B628 (0x00600593) addi a1, zero, 6
x11 <- 0x0000000000000006
mem[X,0x000000008004B62C] -> 0x0113
mem[X,0x000000008004B62E] -> 0x0000
[11070] [M]: 0x000000008004B62C (0x00000113) addi sp, zero, 0
x2 <- 0x0000000000000000
mem[X,0x000000008004B630] -> 0x006F
mem[X,0x000000008004B632] -> 0x0180
[11071] [M]: 0x000000008004B630 (0x0180006F) jal zero, 24
mem[X,0x000000008004B648] -> 0x46E3
mem[X,0x000000008004B64A] -> 0xFEB5
[11072] [M]: 0x000000008004B648 (0xFEB546E3) blt a0, a1, 8172
mem[X,0x000000008004B634] -> 0x0113
mem[X,0x000000008004B636] -> 0x0011
[11073] [M]: 0x000000008004B634 (0x00110113) addi sp, sp, 1
x2 <- 0x0000000000000001
mem[X,0x000000008004B638] -> 0x006F
mem[X,0x000000008004B63A] -> 0x0240
[11074] [M]: 0x000000008004B638 (0x0240006F) jal zero, 36
mem[X,0x000000008004B65C] -> 0xB823
mem[X,0x000000008004B65E] -> 0x4020
[11075] [M]: 0x000000008004B65C (0x4020B823) sd sp, 1040(ra)
mem[0x00000000800505E8] <- 0x0000000000000001
mem[X,0x000000008004B660] -> 0x0513
mem[X,0x000000008004B662] -> 0x0000
[11076] [M]: 0x000000008004B660 (0x00000513) addi a0, zero, 0
x10 <- 0x0000000000000000
mem[X,0x000000008004B664] -> 0x35B7
mem[X,0x000000008004B666] -> 0x3333
[11077] [M]: 0x000000008004B664 (0x333335B7) lui a1, 209715
x11 <- 0x0000000033333000
mem[X,0x000000008004B668] -> 0x8593
mem[X,0x000000008004B66A] -> 0x3335
[11078] [M]: 0x000000008004B668 (0x33358593) addi a1, a1, 819
x11 <- 0x0000000033333333
mem[X,0x000000008004B66C] -> 0x9593
mem[X,0x000000008004B66E] -> 0x00B5
[11079] [M]: 0x000000008004B66C (0x00B59593) slli a1, a1, 11
x11 <- 0x0000019999999800
mem[X,0x000000008004B670] -> 0x8593
mem[X,0x000000008004B672] -> 0x1995
[11080] [M]: 0x000000008004B670 (0x19958593) addi a1, a1, 409
x11 <- 0x0000019999999999
mem[X,0x000000008004B674] -> 0x9593
mem[X,0x000000008004B676] -> 0x00B5
[11081] [M]: 0x000000008004B674 (0x00B59593) slli a1, a1, 11
x11 <- 0x000CCCCCCCCCC800
mem[X,0x000000008004B678] -> 0x8593
mem[X,0x000000008004B67A] -> 0x4CC5
[11082] [M]: 0x000000008004B678 (0x4CC58593) addi a1, a1, 1228
x11 <- 0x000CCCCCCCCCCCCC
mem[X,0x000000008004B67C] -> 0x9593
mem[X,0x000000008004B67E] -> 0x00A5
[11083] [M]: 0x000000008004B67C (0x00A59593) slli a1, a1, 10
x11 <- 0x3333333333333000
mem[X,0x000000008004B680] -> 0x8593
mem[X,0x000000008004B682] -> 0x3345
[11084] [M]: 0x000000008004B680 (0x33458593) addi a1, a1, 820
x11 <- 0x3333333333333334
mem[X,0x000000008004B684] -> 0x0113
mem[X,0x000000008004B686] -> 0x0000
[11085] [M]: 0x000000008004B684 (0x00000113) addi sp, zero, 0
x2 <- 0x0000000000000000
mem[X,0x000000008004B688] -> 0x006F
mem[X,0x000000008004B68A] -> 0x00C0
[11086] [M]: 0x000000008004B688 (0x00C0006F) jal zero, 12
mem[X,0x000000008004B694] -> 0x4063
mem[X,0x000000008004B696] -> 0x10B5
[11087] [M]: 0x000000008004B694 (0x10B54063) blt a0, a1, 256
mem[X,0x000000008004B794] -> 0x0113
mem[X,0x000000008004B796] -> 0x0031
[11088] [M]: 0x000000008004B794 (0x00310113) addi sp, sp, 3
x2 <- 0x0000000000000003
mem[X,0x000000008004B798] -> 0x006F
mem[X,0x000000008004B79A] -> 0x0040
[11089] [M]: 0x000000008004B798 (0x0040006F) jal zero, 4
mem[X,0x000000008004B79C] -> 0xBC23
mem[X,0x000000008004B79E] -> 0x4020
[11090] [M]: 0x000000008004B79C (0x4020BC23) sd sp, 1048(ra)
mem[0x00000000800505F0] <- 0x0000000000000003
mem[X,0x000000008004B7A0] -> 0x0513
mem[X,0x000000008004B7A2] -> 0x0000
[11091] [M]: 0x000000008004B7A0 (0x00000513) addi a0, zero, 0
x10 <- 0x0000000000000000
mem[X,0x000000008004B7A4] -> 0x65B7
mem[X,0x000000008004B7A6] -> 0x6666
[11092] [M]: 0x000000008004B7A4 (0x666665B7) lui a1, 419430
x11 <- 0x0000000066666000
mem[X,0x000000008004B7A8] -> 0x8593
mem[X,0x000000008004B7AA] -> 0x6665
[11093] [M]: 0x000000008004B7A8 (0x66658593) addi a1, a1, 1638
x11 <- 0x0000000066666666
mem[X,0x000000008004B7AC] -> 0x9593
mem[X,0x000000008004B7AE] -> 0x00B5
[11094] [M]: 0x000000008004B7AC (0x00B59593) slli a1, a1, 11
x11 <- 0x0000033333333000
mem[X,0x000000008004B7B0] -> 0x8593
mem[X,0x000000008004B7B2] -> 0x3335
[11095] [M]: 0x000000008004B7B0 (0x33358593) addi a1, a1, 819
x11 <- 0x0000033333333333
mem[X,0x000000008004B7B4] -> 0x9593
mem[X,0x000000008004B7B6] -> 0x00B5
[11096] [M]: 0x000000008004B7B4 (0x00B59593) slli a1, a1, 11
x11 <- 0x0019999999999800
mem[X,0x000000008004B7B8] -> 0x8593
mem[X,0x000000008004B7BA] -> 0x1995
[11097] [M]: 0x000000008004B7B8 (0x19958593) addi a1, a1, 409
x11 <- 0x0019999999999999
mem[X,0x000000008004B7BC] -> 0x9593
mem[X,0x000000008004B7BE] -> 0x00A5
[11098] [M]: 0x000000008004B7BC (0x00A59593) slli a1, a1, 10
x11 <- 0x6666666666666400
mem[X,0x000000008004B7C0] -> 0x8593
mem[X,0x000000008004B7C2] -> 0x2675
[11099] [M]: 0x000000008004B7C0 (0x26758593) addi a1, a1, 615
x11 <- 0x6666666666666667
clint::tick mtime <- 0x000000000000006F
 clint timer pending at mtime 0x000000000000006F
htif::tick 0x0000000000000000
mem[X,0x000000008004B7C4] -> 0x0113
mem[X,0x000000008004B7C6] -> 0x0000
[11100] [M]: 0x000000008004B7C4 (0x00000113) addi sp, zero, 0
x2 <- 0x0000000000000000
mem[X,0x000000008004B7C8] -> 0x006F
mem[X,0x000000008004B7CA] -> 0x00C0
[11101] [M]: 0x000000008004B7C8 (0x00C0006F) jal zero, 12
mem[X,0x000000008004B7D4] -> 0x4063
mem[X,0x000000008004B7D6] -> 0x20B5
[11102] [M]: 0x000000008004B7D4 (0x20B54063) blt a0, a1, 512
mem[X,0x000000008004B9D4] -> 0x0113
mem[X,0x000000008004B9D6] -> 0x0031
[11103] [M]: 0x000000008004B9D4 (0x00310113) addi sp, sp, 3
x2 <- 0x0000000000000003
mem[X,0x000000008004B9D8] -> 0x006F
mem[X,0x000000008004B9DA] -> 0x0040
[11104] [M]: 0x000000008004B9D8 (0x0040006F) jal zero, 4
mem[X,0x000000008004B9DC] -> 0xB023
mem[X,0x000000008004B9DE] -> 0x4220
[11105] [M]: 0x000000008004B9DC (0x4220B023) sd sp, 1056(ra)
mem[0x00000000800505F8] <- 0x0000000000000003
mem[X,0x000000008004B9E0] -> 0x0513
mem[X,0x000000008004B9E2] -> 0x0000
[11106] [M]: 0x000000008004B9E0 (0x00000513) addi a0, zero, 0
x10 <- 0x0000000000000000
mem[X,0x000000008004B9E4] -> 0x05B7
mem[X,0x000000008004B9E6] -> 0x0000
[11107] [M]: 0x000000008004B9E4 (0x000005B7) lui a1, 0
x11 <- 0x0000000000000000
mem[X,0x000000008004B9E8] -> 0x8593
mem[X,0x000000008004B9EA] -> 0xFFF5
[11108] [M]: 0x000000008004B9E8 (0xFFF58593) addi a1, a1, 4095
x11 <- 0xFFFFFFFFFFFFFFFF
mem[X,0x000000008004B9EC] -> 0x9593
mem[X,0x000000008004B9EE] -> 0x00B5
[11109] [M]: 0x000000008004B9EC (0x00B59593) slli a1, a1, 11
x11 <- 0xFFFFFFFFFFFFF800
mem[X,0x000000008004B9F0] -> 0x8593
mem[X,0x000000008004B9F2] -> 0x2575
[11110] [M]: 0x000000008004B9F0 (0x25758593) addi a1, a1, 599
x11 <- 0xFFFFFFFFFFFFFA57
mem[X,0x000000008004B9F4] -> 0x9593
mem[X,0x000000008004B9F6] -> 0x00B5
[11111] [M]: 0x000000008004B9F4 (0x00B59593) slli a1, a1, 11
x11 <- 0xFFFFFFFFFFD2B800
mem[X,0x000000008004B9F8] -> 0x8593
mem[X,0x000000008004B9FA] -> 0x6C35
[11112] [M]: 0x000000008004B9F8 (0x6C358593) addi a1, a1, 1731
x11 <- 0xFFFFFFFFFFD2BEC3
mem[X,0x000000008004B9FC] -> 0x9593
mem[X,0x000000008004B9FE] -> 0x00A5
[11113] [M]: 0x000000008004B9FC (0x00A59593) slli a1, a1, 10
x11 <- 0xFFFFFFFF4AFB0C00
mem[X,0x000000008004BA00] -> 0x8593
mem[X,0x000000008004BA02] -> 0x0CE5
[11114] [M]: 0x000000008004BA00 (0x0CE58593) addi a1, a1, 206
x11 <- 0xFFFFFFFF4AFB0CCE
mem[X,0x000000008004BA04] -> 0x0113
mem[X,0x000000008004BA06] -> 0x0000
[11115] [M]: 0x000000008004BA04 (0x00000113) addi sp, zero, 0
x2 <- 0x0000000000000000
mem[X,0x000000008004BA08] -> 0x006F
mem[X,0x000000008004BA0A] -> 0x00C0
[11116] [M]: 0x000000008004BA08 (0x00C0006F) jal zero, 12
mem[X,0x000000008004BA14] -> 0x4663
mem[X,0x000000008004BA16] -> 0x00B5
[11117] [M]: 0x000000008004BA14 (0x00B54663) blt a0, a1, 12
mem[X,0x000000008004BA18] -> 0x0113
mem[X,0x000000008004BA1A] -> 0x0021
[11118] [M]: 0x000000008004BA18 (0x00210113) addi sp, sp, 2
x2 <- 0x0000000000000002
mem[X,0x000000008004BA1C] -> 0x006F
mem[X,0x000000008004BA1E] -> 0x00C0
[11119] [M]: 0x000000008004BA1C (0x00C0006F) jal zero, 12
mem[X,0x000000008004BA28] -> 0xB423
mem[X,0x000000008004BA2A] -> 0x4220
[11120] [M]: 0x000000008004BA28 (0x4220B423) sd sp, 1064(ra)
mem[0x0000000080050600] <- 0x0000000000000002
mem[X,0x000000008004BA2C] -> 0x0513
mem[X,0x000000008004BA2E] -> 0x0000
[11121] [M]: 0x000000008004BA2C (0x00000513) addi a0, zero, 0
x10 <- 0x0000000000000000
mem[X,0x000000008004BA30] -> 0x05B7
mem[X,0x000000008004BA32] -> 0x0000
[11122] [M]: 0x000000008004BA30 (0x000005B7) lui a1, 0
x11 <- 0x0000000000000000
mem[X,0x000000008004BA34] -> 0x8593
mem[X,0x000000008004BA36] -> 0x0005
[11123] [M]: 0x000000008004BA34 (0x00058593) addi a1, a1, 0
x11 <- 0x0000000000000000
mem[X,0x000000008004BA38] -> 0x9593
mem[X,0x000000008004BA3A] -> 0x00B5
[11124] [M]: 0x000000008004BA38 (0x00B59593) slli a1, a1, 11
x11 <- 0x0000000000000000
mem[X,0x000000008004BA3C] -> 0x8593
mem[X,0x000000008004BA3E] -> 0x5A85
[11125] [M]: 0x000000008004BA3C (0x5A858593) addi a1, a1, 1448
x11 <- 0x00000000000005A8
mem[X,0x000000008004BA40] -> 0x9593
mem[X,0x000000008004BA42] -> 0x00B5
[11126] [M]: 0x000000008004BA40 (0x00B59593) slli a1, a1, 11
x11 <- 0x00000000002D4000
mem[X,0x000000008004BA44] -> 0x8593
mem[X,0x000000008004BA46] -> 0x13C5
[11127] [M]: 0x000000008004BA44 (0x13C58593) addi a1, a1, 316
x11 <- 0x00000000002D413C
mem[X,0x000000008004BA48] -> 0x9593
mem[X,0x000000008004BA4A] -> 0x00A5
[11128] [M]: 0x000000008004BA48 (0x00A59593) slli a1, a1, 10
x11 <- 0x00000000B504F000
mem[X,0x000000008004BA4C] -> 0x8593
mem[X,0x000000008004BA4E] -> 0x3345
[11129] [M]: 0x000000008004BA4C (0x33458593) addi a1, a1, 820
x11 <- 0x00000000B504F334
mem[X,0x000000008004BA50] -> 0x0113
mem[X,0x000000008004BA52] -> 0x0000
[11130] [M]: 0x000000008004BA50 (0x00000113) addi sp, zero, 0
x2 <- 0x0000000000000000
mem[X,0x000000008004BA54] -> 0x006F
mem[X,0x000000008004BA56] -> 0x00C0
[11131] [M]: 0x000000008004BA54 (0x00C0006F) jal zero, 12
mem[X,0x000000008004BA60] -> 0x4063
mem[X,0x000000008004BA62] -> 0x10B5
[11132] [M]: 0x000000008004BA60 (0x10B54063) blt a0, a1, 256
mem[X,0x000000008004BB60] -> 0x0113
mem[X,0x000000008004BB62] -> 0x0031
[11133] [M]: 0x000000008004BB60 (0x00310113) addi sp, sp, 3
x2 <- 0x0000000000000003
mem[X,0x000000008004BB64] -> 0x006F
mem[X,0x000000008004BB66] -> 0x0040
[11134] [M]: 0x000000008004BB64 (0x0040006F) jal zero, 4
mem[X,0x000000008004BB68] -> 0xB823
mem[X,0x000000008004BB6A] -> 0x4220
[11135] [M]: 0x000000008004BB68 (0x4220B823) sd sp, 1072(ra)
mem[0x0000000080050608] <- 0x0000000000000003
mem[X,0x000000008004BB6C] -> 0x0513
mem[X,0x000000008004BB6E] -> 0x1000
[11136] [M]: 0x000000008004BB6C (0x10000513) addi a0, zero, 256
x10 <- 0x0000000000000100
mem[X,0x000000008004BB70] -> 0x0593
mem[X,0x000000008004BB72] -> 0x0010
[11137] [M]: 0x000000008004BB70 (0x00100593) addi a1, zero, 1
x11 <- 0x0000000000000001
mem[X,0x000000008004BB74] -> 0x9593
mem[X,0x000000008004BB76] -> 0x0265
[11138] [M]: 0x000000008004BB74 (0x02659593) slli a1, a1, 38
x11 <- 0x0000004000000000
mem[X,0x000000008004BB78] -> 0xC593
mem[X,0x000000008004BB7A] -> 0xFFF5
[11139] [M]: 0x000000008004BB78 (0xFFF5C593) xori a1, a1, 4095
x11 <- 0xFFFFFFBFFFFFFFFF
mem[X,0x000000008004BB7C] -> 0x0113
mem[X,0x000000008004BB7E] -> 0x0000
[11140] [M]: 0x000000008004BB7C (0x00000113) addi sp, zero, 0
x2 <- 0x0000000000000000
mem[X,0x000000008004BB80] -> 0x006F
mem[X,0x000000008004BB82] -> 0x00C0
[11141] [M]: 0x000000008004BB80 (0x00C0006F) jal zero, 12
mem[X,0x000000008004BB8C] -> 0x4063
mem[X,0x000000008004BB8E] -> 0x08B5
[11142] [M]: 0x000000008004BB8C (0x08B54063) blt a0, a1, 128
mem[X,0x000000008004BB90] -> 0x0113
mem[X,0x000000008004BB92] -> 0x0021
[11143] [M]: 0x000000008004BB90 (0x00210113) addi sp, sp, 2
x2 <- 0x0000000000000002
mem[X,0x000000008004BB94] -> 0x006F
mem[X,0x000000008004BB96] -> 0x0800
[11144] [M]: 0x000000008004BB94 (0x0800006F) jal zero, 128
mem[X,0x000000008004BC14] -> 0xBC23
mem[X,0x000000008004BC16] -> 0x4220
[11145] [M]: 0x000000008004BC14 (0x4220BC23) sd sp, 1080(ra)
mem[0x0000000080050610] <- 0x0000000000000002
mem[X,0x000000008004BC18] -> 0x0513
mem[X,0x000000008004BC1A] -> 0x0010
[11146] [M]: 0x000000008004BC18 (0x00100513) addi a0, zero, 1
x10 <- 0x0000000000000001
mem[X,0x000000008004BC1C] -> 0x1513
mem[X,0x000000008004BC1E] -> 0x0225
[11147] [M]: 0x000000008004BC1C (0x02251513) slli a0, a0, 34
x10 <- 0x0000000400000000
mem[X,0x000000008004BC20] -> 0x4513
mem[X,0x000000008004BC22] -> 0xFFF5
[11148] [M]: 0x000000008004BC20 (0xFFF54513) xori a0, a0, 4095
x10 <- 0xFFFFFFFBFFFFFFFF
mem[X,0x000000008004BC24] -> 0x0593
mem[X,0x000000008004BC26] -> 0x0010
[11149] [M]: 0x000000008004BC24 (0x00100593) addi a1, zero, 1
x11 <- 0x0000000000000001
mem[X,0x000000008004BC28] -> 0x9593
mem[X,0x000000008004BC2A] -> 0x0185
[11150] [M]: 0x000000008004BC28 (0x01859593) slli a1, a1, 24
x11 <- 0x0000000001000000
mem[X,0x000000008004BC2C] -> 0x0113
mem[X,0x000000008004BC2E] -> 0x0000
[11151] [M]: 0x000000008004BC2C (0x00000113) addi sp, zero, 0
x2 <- 0x0000000000000000
mem[X,0x000000008004BC30] -> 0x006F
mem[X,0x000000008004BC32] -> 0x0050
[11152] [M]: 0x000000008004BC30 (0x0050006F) jal zero, 2052
mem[X,0x000000008004C434] -> 0x40E3
mem[X,0x000000008004C436] -> 0x80B5
[11153] [M]: 0x000000008004C434 (0x80B540E3) blt a0, a1, 6144
mem[X,0x000000008004BC34] -> 0x0113
mem[X,0x000000008004BC36] -> 0x0011
[11154] [M]: 0x000000008004BC34 (0x00110113) addi sp, sp, 1
x2 <- 0x0000000000000001
mem[X,0x000000008004BC38] -> 0x006F
mem[X,0x000000008004BC3A] -> 0x0110
[11155] [M]: 0x000000008004BC38 (0x0110006F) jal zero, 2064
mem[X,0x000000008004C448] -> 0xB023
mem[X,0x000000008004C44A] -> 0x4420
[11156] [M]: 0x000000008004C448 (0x4420B023) sd sp, 1088(ra)
mem[0x0000000080050618] <- 0x0000000000000001
mem[X,0x000000008004C44C] -> 0x0513
mem[X,0x000000008004C44E] -> 0x0000
[11157] [M]: 0x000000008004C44C (0x00000513) addi a0, zero, 0
x10 <- 0x0000000000000000
mem[X,0x000000008004C450] -> 0x0593
mem[X,0x000000008004C452] -> 0x0000
[11158] [M]: 0x000000008004C450 (0x00000593) addi a1, zero, 0
x11 <- 0x0000000000000000
mem[X,0x000000008004C454] -> 0x0113
mem[X,0x000000008004C456] -> 0x0000
[11159] [M]: 0x000000008004C454 (0x00000113) addi sp, zero, 0
x2 <- 0x0000000000000000
mem[X,0x000000008004C458] -> 0x006F
mem[X,0x000000008004C45A] -> 0x0140
[11160] [M]: 0x000000008004C458 (0x0140006F) jal zero, 20
mem[X,0x000000008004C46C] -> 0x48E3
mem[X,0x000000008004C46E] -> 0xFEB5
[11161] [M]: 0x000000008004C46C (0xFEB548E3) blt a0, a1, 8176
mem[X,0x000000008004C470] -> 0x0113
mem[X,0x000000008004C472] -> 0x0021
[11162] [M]: 0x000000008004C470 (0x00210113) addi sp, sp, 2
x2 <- 0x0000000000000002
mem[X,0x000000008004C474] -> 0x006F
mem[X,0x000000008004C476] -> 0x00C0
[11163] [M]: 0x000000008004C474 (0x00C0006F) jal zero, 12
mem[X,0x000000008004C480] -> 0xB423
mem[X,0x000000008004C482] -> 0x4420
[11164] [M]: 0x000000008004C480 (0x4420B423) sd sp, 1096(ra)
mem[0x0000000080050620] <- 0x0000000000000002
mem[X,0x000000008004C484] -> 0x006F
mem[X,0x000000008004C486] -> 0x0380
[11165] [M]: 0x000000008004C484 (0x0380006F) jal zero, 56
mem[X,0x000000008004C4BC] -> 0x0093
mem[X,0x000000008004C4BE] -> 0x0010
[11166] [M]: 0x000000008004C4BC (0x00100093) addi ra, zero, 1
x1 <- 0x0000000000000001
mem[X,0x000000008004C4C0] -> 0x1F17
mem[X,0x000000008004C4C2] -> 0x0000
[11167] [M]: 0x000000008004C4C0 (0x00001F17) auipc t5, 1
x30 <- 0x000000008004D4C0
mem[X,0x000000008004C4C4] -> 0x2023
mem[X,0x000000008004C4C6] -> 0xB41F
[11168] [M]: 0x000000008004C4C4 (0xB41F2023) sw ra, 2880(t5)
htif[0x000000008004D000] <- 0x00000001
mem[X,0x000000008004C4C8] -> 0xF06F
mem[X,0x000000008004C4CA] -> 0xFF9F
[11169] [M]: 0x000000008004C4C8 (0xFF9FF06F) jal zero, 2097144
mem[X,0x000000008004C4C0] -> 0x1F17
mem[X,0x000000008004C4C2] -> 0x0000
[11170] [M]: 0x000000008004C4C0 (0x00001F17) auipc t5, 1
x30 <- 0x000000008004D4C0
mem[X,0x000000008004C4C4] -> 0x2023
mem[X,0x000000008004C4C6] -> 0xB41F
[11171] [M]: 0x000000008004C4C4 (0xB41F2023) sw ra, 2880(t5)
htif[0x000000008004D000] <- 0x00000001
mem[X,0x000000008004C4C8] -> 0xF06F
mem[X,0x000000008004C4CA] -> 0xFF9F
[11172] [M]: 0x000000008004C4C8 (0xFF9FF06F) jal zero, 2097144
mem[X,0x000000008004C4C0] -> 0x1F17
mem[X,0x000000008004C4C2] -> 0x0000
[11173] [M]: 0x000000008004C4C0 (0x00001F17) auipc t5, 1
x30 <- 0x000000008004D4C0
mem[X,0x000000008004C4C4] -> 0x2023
mem[X,0x000000008004C4C6] -> 0xB41F
[11174] [M]: 0x000000008004C4C4 (0xB41F2023) sw ra, 2880(t5)
htif[0x000000008004D000] <- 0x00000001
htif-syscall-proxy cmd: 0x000000000001
SUCCESS
