+ source /root/mugen/libs/locallibs/common_lib.sh
++ python3 --version
++ '[' 0 -eq 0 ']'
++ source /root/mugen/libs/locallibs/common_lib_python.sh
+ main
++ type -t post_test
+ '[' -n function ']'
+ trap post_test EXIT INT HUP TERM
+ rpm -qa
+ grep expect
++ type -t config_params
+ '[' -n '' ']'
++ type -t pre_test
+ '[' -n function ']'
+ pre_test
+ LOG_INFO 'Start environment preparation.'
+ message='Start environment preparation.'
+ python3 /root/mugen/libs/locallibs/mugen_log.py --level info --message 'Start environment preparation.'
Sat Apr 29 10:18:11 2023 - INFO  - Start environment preparation.
+ mkdir -p /tmp/test /tmp/person
+ path1=/tmp/test
+ path2=/tmp/person
+ cat
+ cat
+ cat
+ DNF_INSTALL 'glibc-static libstdc++-static'
+ pkgs='glibc-static libstdc++-static'
+ node=1
+ '[' -z '' ']'
+ tmpfile=
++ python3 /root/mugen/libs/locallibs/rpm_manage.py install --pkgs 'glibc-static libstdc++-static' --node 1 --tempfile ''
+ tmpfile2=/tmp/tmp9mvsn8bj
+ '[' -z '' ']'
+ tmpfile=/tmp/tmp9mvsn8bj
+ LOG_INFO 'End of environmental preparation!'
+ message='End of environmental preparation!'
+ python3 /root/mugen/libs/locallibs/mugen_log.py --level info --message 'End of environmental preparation!'
Sat Apr 29 10:18:49 2023 - INFO  - End of environmental preparation!
++ type -t run_test
+ '[' -n function ']'
+ run_test
+ LOG_INFO 'Start testing...'
+ message='Start testing...'
+ python3 /root/mugen/libs/locallibs/mugen_log.py --level info --message 'Start testing...'
Sat Apr 29 10:18:50 2023 - INFO  - Start testing...
+ cd /tmp/person
+ g++ -c /tmp/person/person.cpp
+ test -f /tmp/person/person.o
+ CHECK_RESULT 0 0 0 'person file fails'
+ actual_result=0
+ expect_result=0
+ mode=0
+ error_log='person file fails'
+ exit_mode=0
+ '[' -z 0 ']'
+ '[' 0 -eq 0 ']'
+ test 0x '!=' 0x
+ return 0
+ cd /tmp/test
+ g++ main.cpp ../person/person.o -I ../person/ -o main
In file included from /usr/include/errno.h:28,
                 from /usr/include/c++/10.3.1/cerrno:42,
                 from /usr/include/c++/10.3.1/ext/string_conversions.h:44,
                 from /usr/include/c++/10.3.1/bits/basic_string.h:6545,
                 from /usr/include/c++/10.3.1/string:55,
                 from /usr/include/c++/10.3.1/bits/locale_classes.h:40,
                 from /usr/include/c++/10.3.1/bits/ios_base.h:41,
                 from /usr/include/c++/10.3.1/ios:42,
                 from /usr/include/c++/10.3.1/ostream:38,
                 from /usr/include/c++/10.3.1/iostream:39,
                 from main.cpp:1:
/usr/include/bits/errno.h:26:11: fatal error: linux/errno.h: No such file or directory
   26 | # include <linux/errno.h>
      |           ^~~~~~~~~~~~~~~
compilation terminated.
+ test -f /tmp/test/main
+ CHECK_RESULT 1 0 0 'main file fails'
+ actual_result=1
+ expect_result=0
+ mode=0
+ error_log='main file fails'
+ exit_mode=0
+ '[' -z 1 ']'
+ '[' 0 -eq 0 ']'
+ test 1x '!=' 0x
+ test -n 'main file fails'
+ LOG_ERROR 'main file fails'
+ message='main file fails'
+ python3 /root/mugen/libs/locallibs/mugen_log.py --level error --message 'main file fails'
Sat Apr 29 10:18:52 2023 - ERROR - main file fails
+ (( exec_result++ ))
+ LOG_ERROR 'oe_test_gcc_001.sh line 67'
+ message='oe_test_gcc_001.sh line 67'
+ python3 /root/mugen/libs/locallibs/mugen_log.py --level error --message 'oe_test_gcc_001.sh line 67'
Sat Apr 29 10:18:53 2023 - ERROR - oe_test_gcc_001.sh line 67
+ '[' 0 -eq 1 ']'
+ return 0
+ ./main
oe_test_gcc_001.sh: line 68: ./main: No such file or directory
+ grep 'test g++' /tmp/test/main.txt
+ CHECK_RESULT 1 0 0 'main.txt file fails'
+ actual_result=1
+ expect_result=0
+ mode=0
+ error_log='main.txt file fails'
+ exit_mode=0
+ '[' -z 1 ']'
+ '[' 0 -eq 0 ']'
+ test 1x '!=' 0x
+ test -n 'main.txt file fails'
+ LOG_ERROR 'main.txt file fails'
+ message='main.txt file fails'
+ python3 /root/mugen/libs/locallibs/mugen_log.py --level error --message 'main.txt file fails'
Sat Apr 29 10:18:54 2023 - ERROR - main.txt file fails
+ (( exec_result++ ))
+ LOG_ERROR 'oe_test_gcc_001.sh line 70'
+ message='oe_test_gcc_001.sh line 70'
+ python3 /root/mugen/libs/locallibs/mugen_log.py --level error --message 'oe_test_gcc_001.sh line 70'
Sat Apr 29 10:18:55 2023 - ERROR - oe_test_gcc_001.sh line 70
+ '[' 0 -eq 1 ']'
+ return 0
+ ldd main
ldd: ./main: No such file or directory
+ grep libstdc++.so.6 /tmp/test/main.txt1
+ CHECK_RESULT 1 0 0 'ldd main file fails'
+ actual_result=1
+ expect_result=0
+ mode=0
+ error_log='ldd main file fails'
+ exit_mode=0
+ '[' -z 1 ']'
+ '[' 0 -eq 0 ']'
+ test 1x '!=' 0x
+ test -n 'ldd main file fails'
+ LOG_ERROR 'ldd main file fails'
+ message='ldd main file fails'
+ python3 /root/mugen/libs/locallibs/mugen_log.py --level error --message 'ldd main file fails'
Sat Apr 29 10:18:56 2023 - ERROR - ldd main file fails
+ (( exec_result++ ))
+ LOG_ERROR 'oe_test_gcc_001.sh line 73'
+ message='oe_test_gcc_001.sh line 73'
+ python3 /root/mugen/libs/locallibs/mugen_log.py --level error --message 'oe_test_gcc_001.sh line 73'
Sat Apr 29 10:18:56 2023 - ERROR - oe_test_gcc_001.sh line 73
+ '[' 0 -eq 1 ']'
+ return 0
+ cd /tmp/test
+ g++ main.cpp ../person/person.o -o main_static -I ../person/ -static
In file included from /usr/include/errno.h:28,
                 from /usr/include/c++/10.3.1/cerrno:42,
                 from /usr/include/c++/10.3.1/ext/string_conversions.h:44,
                 from /usr/include/c++/10.3.1/bits/basic_string.h:6545,
                 from /usr/include/c++/10.3.1/string:55,
                 from /usr/include/c++/10.3.1/bits/locale_classes.h:40,
                 from /usr/include/c++/10.3.1/bits/ios_base.h:41,
                 from /usr/include/c++/10.3.1/ios:42,
                 from /usr/include/c++/10.3.1/ostream:38,
                 from /usr/include/c++/10.3.1/iostream:39,
                 from main.cpp:1:
/usr/include/bits/errno.h:26:11: fatal error: linux/errno.h: No such file or directory
   26 | # include <linux/errno.h>
      |           ^~~~~~~~~~~~~~~
compilation terminated.
+ test -f /tmp/test/main_static
+ CHECK_RESULT 1 0 0 'main_static file fails'
+ actual_result=1
+ expect_result=0
+ mode=0
+ error_log='main_static file fails'
+ exit_mode=0
+ '[' -z 1 ']'
+ '[' 0 -eq 0 ']'
+ test 1x '!=' 0x
+ test -n 'main_static file fails'
+ LOG_ERROR 'main_static file fails'
+ message='main_static file fails'
+ python3 /root/mugen/libs/locallibs/mugen_log.py --level error --message 'main_static file fails'
Sat Apr 29 10:18:58 2023 - ERROR - main_static file fails
+ (( exec_result++ ))
+ LOG_ERROR 'oe_test_gcc_001.sh line 76'
+ message='oe_test_gcc_001.sh line 76'
+ python3 /root/mugen/libs/locallibs/mugen_log.py --level error --message 'oe_test_gcc_001.sh line 76'
Sat Apr 29 10:18:59 2023 - ERROR - oe_test_gcc_001.sh line 76
+ '[' 0 -eq 1 ']'
+ return 0
+ ldd main_static
ldd: ./main_static: No such file or directory
+ grep 'not a dynamic executable' /tmp/test/main_static.txt
+ CHECK_RESULT 1 0 0 'ldd main_static file fails'
+ actual_result=1
+ expect_result=0
+ mode=0
+ error_log='ldd main_static file fails'
+ exit_mode=0
+ '[' -z 1 ']'
+ '[' 0 -eq 0 ']'
+ test 1x '!=' 0x
+ test -n 'ldd main_static file fails'
+ LOG_ERROR 'ldd main_static file fails'
+ message='ldd main_static file fails'
+ python3 /root/mugen/libs/locallibs/mugen_log.py --level error --message 'ldd main_static file fails'
Sat Apr 29 10:19:00 2023 - ERROR - ldd main_static file fails
+ (( exec_result++ ))
+ LOG_ERROR 'oe_test_gcc_001.sh line 79'
+ message='oe_test_gcc_001.sh line 79'
+ python3 /root/mugen/libs/locallibs/mugen_log.py --level error --message 'oe_test_gcc_001.sh line 79'
Sat Apr 29 10:19:01 2023 - ERROR - oe_test_gcc_001.sh line 79
+ '[' 0 -eq 1 ']'
+ return 0
+ CASE_RESULT 0
+ case_re=0
+ test -z 5
+ test 5 -gt 0
+ LOG_ERROR 'failed to execute the case.'
+ message='failed to execute the case.'
+ python3 /root/mugen/libs/locallibs/mugen_log.py --level error --message 'failed to execute the case.'
Sat Apr 29 10:19:01 2023 - ERROR - failed to execute the case.
+ exit 5
+ post_test
+ LOG_INFO 'start environment cleanup.'
+ message='start environment cleanup.'
+ python3 /root/mugen/libs/locallibs/mugen_log.py --level info --message 'start environment cleanup.'
Sat Apr 29 10:19:02 2023 - INFO  - start environment cleanup.
+ rm -rf /tmp/test /tmp/person
+ DNF_REMOVE
+ node=1
+ pkg_list=
+ mode=0
+ [[ -z /tmp/tmp9mvsn8bj ]]
+ '[' 0 -ne 0 ']'
+ '[' 1 == 0 ']'
+ python3 /root/mugen/libs/locallibs/rpm_manage.py remove --node 1 --pkgs '' --tempfile /tmp/tmp9mvsn8bj
+ '[' 0 -ne 0 ']'
+ LOG_INFO 'Finish environment cleanup!'
+ message='Finish environment cleanup!'
+ python3 /root/mugen/libs/locallibs/mugen_log.py --level info --message 'Finish environment cleanup!'
Sat Apr 29 10:19:14 2023 - INFO  - Finish environment cleanup!
