using /home/minami/vscode/github/riscv-cof/test/riscof_work/rv64i_m/I/src/fence-01.S/ref/Reference-sail_c_simulator.signature for test-signature output.
tohost located at 0x80001000
Running file ref.elf.
ELF Entry @ 0x80000000
begin_signature: 0x80003110
end_signature: 0x80003130
CSR mstatus <- 0x0000000A00000000 (input: 0x0000000000000000)
mem[X,0x0000000000001000] -> 0x0297
mem[X,0x0000000000001002] -> 0x0000
[0] [M]: 0x0000000000001000 (0x00000297) auipc t0, 0
x5 <- 0x0000000000001000
mem[X,0x0000000000001004] -> 0x8593
mem[X,0x0000000000001006] -> 0x0202
[1] [M]: 0x0000000000001004 (0x02028593) addi a1, t0, 32
x11 <- 0x0000000000001020
mem[X,0x0000000000001008] -> 0x2573
mem[X,0x000000000000100A] -> 0xF140
[2] [M]: 0x0000000000001008 (0xF1402573) csrrs a0, mhartid, zero
CSR mhartid -> 0x0000000000000000
x10 <- 0x0000000000000000
mem[X,0x000000000000100C] -> 0xB283
mem[X,0x000000000000100E] -> 0x0182
[3] [M]: 0x000000000000100C (0x0182B283) ld t0, 24(t0)
mem[R,0x0000000000001018] -> 0x0000000080000000
x5 <- 0x0000000080000000
mem[X,0x0000000000001010] -> 0x8067
mem[X,0x0000000000001012] -> 0x0002
[4] [M]: 0x0000000000001010 (0x00028067) jalr zero, t0, 0
mem[X,0x0000000080000000] -> 0xC0B7
mem[X,0x0000000080000002] -> 0xFEED
[5] [M]: 0x0000000080000000 (0xFEEDC0B7) lui ra, 1044188
x1 <- 0xFFFFFFFFFEEDC000
mem[X,0x0000000080000004] -> 0x8093
mem[X,0x0000000080000006] -> 0xEAD0
[6] [M]: 0x0000000080000004 (0xEAD08093) addi ra, ra, 3757
x1 <- 0xFFFFFFFFFEEDBEAD
mem[X,0x0000000080000008] -> 0x9093
mem[X,0x000000008000000A] -> 0x00B0
[7] [M]: 0x0000000080000008 (0x00B09093) slli ra, ra, 11
x1 <- 0xFFFFFFF76DF56800
mem[X,0x000000008000000C] -> 0x8093
mem[X,0x000000008000000E] -> 0x7F70
[8] [M]: 0x000000008000000C (0x7F708093) addi ra, ra, 2039
x1 <- 0xFFFFFFF76DF56FF7
mem[X,0x0000000080000010] -> 0x9093
mem[X,0x0000000080000012] -> 0x00B0
[9] [M]: 0x0000000080000010 (0x00B09093) slli ra, ra, 11
x1 <- 0xFFFFBB6FAB7FB800
mem[X,0x0000000080000014] -> 0x8093
mem[X,0x0000000080000016] -> 0x36F0
[10] [M]: 0x0000000080000014 (0x36F08093) addi ra, ra, 879
x1 <- 0xFFFFBB6FAB7FBB6F
mem[X,0x0000000080000018] -> 0x9093
mem[X,0x000000008000001A] -> 0x00A0
[11] [M]: 0x0000000080000018 (0x00A09093) slli ra, ra, 10
x1 <- 0xFEEDBEADFEEDBC00
mem[X,0x000000008000001C] -> 0x8093
mem[X,0x000000008000001E] -> 0x2AD0
[12] [M]: 0x000000008000001C (0x2AD08093) addi ra, ra, 685
x1 <- 0xFEEDBEADFEEDBEAD
mem[X,0x0000000080000020] -> 0xE137
mem[X,0x0000000080000022] -> 0xFF76
[13] [M]: 0x0000000080000020 (0xFF76E137) lui sp, 1046382
x2 <- 0xFFFFFFFFFF76E000
mem[X,0x0000000080000024] -> 0x0113
mem[X,0x0000000080000026] -> 0xF561
[14] [M]: 0x0000000080000024 (0xF5610113) addi sp, sp, 3926
x2 <- 0xFFFFFFFFFF76DF56
mem[X,0x0000000080000028] -> 0x1113
mem[X,0x000000008000002A] -> 0x00B1
[15] [M]: 0x0000000080000028 (0x00B11113) slli sp, sp, 11
x2 <- 0xFFFFFFFBB6FAB000
mem[X,0x000000008000002C] -> 0x0113
mem[X,0x000000008000002E] -> 0x7FB1
[16] [M]: 0x000000008000002C (0x7FB10113) addi sp, sp, 2043
x2 <- 0xFFFFFFFBB6FAB7FB
mem[X,0x0000000080000030] -> 0x1113
mem[X,0x0000000080000032] -> 0x00B1
[17] [M]: 0x0000000080000030 (0x00B11113) slli sp, sp, 11
x2 <- 0xFFFFDDB7D5BFD800
mem[X,0x0000000080000034] -> 0x0113
mem[X,0x0000000080000036] -> 0x5B71
[18] [M]: 0x0000000080000034 (0x5B710113) addi sp, sp, 1463
x2 <- 0xFFFFDDB7D5BFDDB7
mem[X,0x0000000080000038] -> 0x1113
mem[X,0x000000008000003A] -> 0x00A1
[19] [M]: 0x0000000080000038 (0x00A11113) slli sp, sp, 10
x2 <- 0xFF76DF56FF76DC00
mem[X,0x000000008000003C] -> 0x0113
mem[X,0x000000008000003E] -> 0x3561
[20] [M]: 0x000000008000003C (0x35610113) addi sp, sp, 854
x2 <- 0xFF76DF56FF76DF56
mem[X,0x0000000080000040] -> 0x71B7
mem[X,0x0000000080000042] -> 0x7FBB
[21] [M]: 0x0000000080000040 (0x7FBB71B7) lui gp, 523191
x3 <- 0x000000007FBB7000
mem[X,0x0000000080000044] -> 0x8193
mem[X,0x0000000080000046] -> 0xFAB1
[22] [M]: 0x0000000080000044 (0xFAB18193) addi gp, gp, 4011
x3 <- 0x000000007FBB6FAB
mem[X,0x0000000080000048] -> 0x9193
mem[X,0x000000008000004A] -> 0x00B1
[23] [M]: 0x0000000080000048 (0x00B19193) slli gp, gp, 11
x3 <- 0x000003FDDB7D5800
mem[X,0x000000008000004C] -> 0x8193
mem[X,0x000000008000004E] -> 0x3FD1
[24] [M]: 0x000000008000004C (0x3FD18193) addi gp, gp, 1021
x3 <- 0x000003FDDB7D5BFD
mem[X,0x0000000080000050] -> 0x9193
mem[X,0x0000000080000052] -> 0x00B1
[25] [M]: 0x0000000080000050 (0x00B19193) slli gp, gp, 11
x3 <- 0x001FEEDBEADFE800
mem[X,0x0000000080000054] -> 0x8193
mem[X,0x0000000080000056] -> 0x6DB1
[26] [M]: 0x0000000080000054 (0x6DB18193) addi gp, gp, 1755
x3 <- 0x001FEEDBEADFEEDB
mem[X,0x0000000080000058] -> 0x9193
mem[X,0x000000008000005A] -> 0x00A1
[27] [M]: 0x0000000080000058 (0x00A19193) slli gp, gp, 10
x3 <- 0x7FBB6FAB7FBB6C00
mem[X,0x000000008000005C] -> 0x8193
mem[X,0x000000008000005E] -> 0x3AB1
[28] [M]: 0x000000008000005C (0x3AB18193) addi gp, gp, 939
x3 <- 0x7FBB6FAB7FBB6FAB
mem[X,0x0000000080000060] -> 0xB237
mem[X,0x0000000080000062] -> 0xBFDD
[29] [M]: 0x0000000080000060 (0xBFDDB237) lui tp, 785883
x4 <- 0xFFFFFFFFBFDDB000
mem[X,0x0000000080000064] -> 0x0213
mem[X,0x0000000080000066] -> 0x7D52
[30] [M]: 0x0000000080000064 (0x7D520213) addi tp, tp, 2005
x4 <- 0xFFFFFFFFBFDDB7D5
mem[X,0x0000000080000068] -> 0x1213
mem[X,0x000000008000006A] -> 0x00B2
[31] [M]: 0x0000000080000068 (0x00B21213) slli tp, tp, 11
x4 <- 0xFFFFFDFEEDBEA800
mem[X,0x000000008000006C] -> 0x0213
mem[X,0x000000008000006E] -> 0x5FE2
[32] [M]: 0x000000008000006C (0x5FE20213) addi tp, tp, 1534
x4 <- 0xFFFFFDFEEDBEADFE
mem[X,0x0000000080000070] -> 0x1213
mem[X,0x0000000080000072] -> 0x00B2
[33] [M]: 0x0000000080000070 (0x00B21213) slli tp, tp, 11
x4 <- 0xFFEFF76DF56FF000
mem[X,0x0000000080000074] -> 0x0213
mem[X,0x0000000080000076] -> 0x76D2
[34] [M]: 0x0000000080000074 (0x76D20213) addi tp, tp, 1901
x4 <- 0xFFEFF76DF56FF76D
mem[X,0x0000000080000078] -> 0x1213
mem[X,0x000000008000007A] -> 0x00A2
[35] [M]: 0x0000000080000078 (0x00A21213) slli tp, tp, 10
x4 <- 0xBFDDB7D5BFDDB400
mem[X,0x000000008000007C] -> 0x0213
mem[X,0x000000008000007E] -> 0x3D52
[36] [M]: 0x000000008000007C (0x3D520213) addi tp, tp, 981
x4 <- 0xBFDDB7D5BFDDB7D5
mem[X,0x0000000080000080] -> 0xE2B7
mem[X,0x0000000080000082] -> 0xDFEE
[37] [M]: 0x0000000080000080 (0xDFEEE2B7) lui t0, 917230
x5 <- 0xFFFFFFFFDFEEE000
mem[X,0x0000000080000084] -> 0x8293
mem[X,0x0000000080000086] -> 0xBEA2
[38] [M]: 0x0000000080000084 (0xBEA28293) addi t0, t0, 3050
x5 <- 0xFFFFFFFFDFEEDBEA
mem[X,0x0000000080000088] -> 0x9293
mem[X,0x000000008000008A] -> 0x00B2
[39] [M]: 0x0000000080000088 (0x00B29293) slli t0, t0, 11
x5 <- 0xFFFFFEFF76DF5000
mem[X,0x000000008000008C] -> 0x8293
mem[X,0x000000008000008E] -> 0x6FF2
[40] [M]: 0x000000008000008C (0x6FF28293) addi t0, t0, 1791
x5 <- 0xFFFFFEFF76DF56FF
mem[X,0x0000000080000090] -> 0x9293
mem[X,0x0000000080000092] -> 0x00B2
[41] [M]: 0x0000000080000090 (0x00B29293) slli t0, t0, 11
x5 <- 0xFFF7FBB6FAB7F800
mem[X,0x0000000080000094] -> 0x8293
mem[X,0x0000000080000096] -> 0x3B62
[42] [M]: 0x0000000080000094 (0x3B628293) addi t0, t0, 950
x5 <- 0xFFF7FBB6FAB7FBB6
mem[X,0x0000000080000098] -> 0x9293
mem[X,0x000000008000009A] -> 0x00A2
[43] [M]: 0x0000000080000098 (0x00A29293) slli t0, t0, 10
x5 <- 0xDFEEDBEADFEED800
mem[X,0x000000008000009C] -> 0x8293
mem[X,0x000000008000009E] -> 0x3EA2
[44] [M]: 0x000000008000009C (0x3EA28293) addi t0, t0, 1002
x5 <- 0xDFEEDBEADFEEDBEA
mem[X,0x00000000800000A0] -> 0x7337
mem[X,0x00000000800000A2] -> 0x6FF7
[45] [M]: 0x00000000800000A0 (0x6FF77337) lui t1, 458615
x6 <- 0x000000006FF77000
mem[X,0x00000000800000A4] -> 0x0313
mem[X,0x00000000800000A6] -> 0xDF53
[46] [M]: 0x00000000800000A4 (0xDF530313) addi t1, t1, 3573
x6 <- 0x000000006FF76DF5
mem[X,0x00000000800000A8] -> 0x1313
mem[X,0x00000000800000AA] -> 0x00B3
[47] [M]: 0x00000000800000A8 (0x00B31313) slli t1, t1, 11
x6 <- 0x0000037FBB6FA800
mem[X,0x00000000800000AC] -> 0x0313
mem[X,0x00000000800000AE] -> 0x37F3
[48] [M]: 0x00000000800000AC (0x37F30313) addi t1, t1, 895
x6 <- 0x0000037FBB6FAB7F
mem[X,0x00000000800000B0] -> 0x1313
mem[X,0x00000000800000B2] -> 0x00B3
[49] [M]: 0x00000000800000B0 (0x00B31313) slli t1, t1, 11
x6 <- 0x001BFDDB7D5BF800
mem[X,0x00000000800000B4] -> 0x0313
mem[X,0x00000000800000B6] -> 0x5DB3
[50] [M]: 0x00000000800000B4 (0x5DB30313) addi t1, t1, 1499
x6 <- 0x001BFDDB7D5BFDDB
mem[X,0x00000000800000B8] -> 0x1313
mem[X,0x00000000800000BA] -> 0x00A3
[51] [M]: 0x00000000800000B8 (0x00A31313) slli t1, t1, 10
x6 <- 0x6FF76DF56FF76C00
mem[X,0x00000000800000BC] -> 0x0313
mem[X,0x00000000800000BE] -> 0x1F53
[52] [M]: 0x00000000800000BC (0x1F530313) addi t1, t1, 501
x6 <- 0x6FF76DF56FF76DF5
mem[X,0x00000000800000C0] -> 0xB3B7
mem[X,0x00000000800000C2] -> 0xB7FB
[53] [M]: 0x00000000800000C0 (0xB7FBB3B7) lui t2, 753595
x7 <- 0xFFFFFFFFB7FBB000
mem[X,0x00000000800000C4] -> 0x8393
mem[X,0x00000000800000C6] -> 0x6FA3
[54] [M]: 0x00000000800000C4 (0x6FA38393) addi t2, t2, 1786
x7 <- 0xFFFFFFFFB7FBB6FA
mem[X,0x00000000800000C8] -> 0x9393
mem[X,0x00000000800000CA] -> 0x00B3
[55] [M]: 0x00000000800000C8 (0x00B39393) slli t2, t2, 11
x7 <- 0xFFFFFDBFDDB7D000
mem[X,0x00000000800000CC] -> 0x8393
mem[X,0x00000000800000CE] -> 0x5BF3
[56] [M]: 0x00000000800000CC (0x5BF38393) addi t2, t2, 1471
x7 <- 0xFFFFFDBFDDB7D5BF
mem[X,0x00000000800000D0] -> 0x9393
mem[X,0x00000000800000D2] -> 0x00B3
[57] [M]: 0x00000000800000D0 (0x00B39393) slli t2, t2, 11
x7 <- 0xFFEDFEEDBEADF800
mem[X,0x00000000800000D4] -> 0x8393
mem[X,0x00000000800000D6] -> 0x6ED3
[58] [M]: 0x00000000800000D4 (0x6ED38393) addi t2, t2, 1773
x7 <- 0xFFEDFEEDBEADFEED
mem[X,0x00000000800000D8] -> 0x9393
mem[X,0x00000000800000DA] -> 0x00A3
[59] [M]: 0x00000000800000D8 (0x00A39393) slli t2, t2, 10
x7 <- 0xB7FBB6FAB7FBB400
mem[X,0x00000000800000DC] -> 0x8393
mem[X,0x00000000800000DE] -> 0x2FA3
[60] [M]: 0x00000000800000DC (0x2FA38393) addi t2, t2, 762
x7 <- 0xB7FBB6FAB7FBB6FA
mem[X,0x00000000800000E0] -> 0xE437
mem[X,0x00000000800000E2] -> 0x5BFD
[61] [M]: 0x00000000800000E0 (0x5BFDE437) lui fp, 376798
x8 <- 0x000000005BFDE000
mem[X,0x00000000800000E4] -> 0x0413
mem[X,0x00000000800000E6] -> 0xB7D4
[62] [M]: 0x00000000800000E4 (0xB7D40413) addi fp, fp, 2941
x8 <- 0x000000005BFDDB7D
mem[X,0x00000000800000E8] -> 0x1413
mem[X,0x00000000800000EA] -> 0x00B4
[63] [M]: 0x00000000800000E8 (0x00B41413) slli fp, fp, 11
x8 <- 0x000002DFEEDBE800
mem[X,0x00000000800000EC] -> 0x0413
mem[X,0x00000000800000EE] -> 0x2DF4
[64] [M]: 0x00000000800000EC (0x2DF40413) addi fp, fp, 735
x8 <- 0x000002DFEEDBEADF
mem[X,0x00000000800000F0] -> 0x1413
mem[X,0x00000000800000F2] -> 0x00B4
[65] [M]: 0x00000000800000F0 (0x00B41413) slli fp, fp, 11
x8 <- 0x0016FF76DF56F800
mem[X,0x00000000800000F4] -> 0x0413
mem[X,0x00000000800000F6] -> 0x7764
[66] [M]: 0x00000000800000F4 (0x77640413) addi fp, fp, 1910
x8 <- 0x0016FF76DF56FF76
mem[X,0x00000000800000F8] -> 0x1413
mem[X,0x00000000800000FA] -> 0x00A4
[67] [M]: 0x00000000800000F8 (0x00A41413) slli fp, fp, 10
x8 <- 0x5BFDDB7D5BFDD800
mem[X,0x00000000800000FC] -> 0x0413
mem[X,0x00000000800000FE] -> 0x37D4
[68] [M]: 0x00000000800000FC (0x37D40413) addi fp, fp, 893
x8 <- 0x5BFDDB7D5BFDDB7D
mem[X,0x0000000080000100] -> 0xF4B7
mem[X,0x0000000080000102] -> 0xADFE
[69] [M]: 0x0000000080000100 (0xADFEF4B7) lui s1, 712687
x9 <- 0xFFFFFFFFADFEF000
mem[X,0x0000000080000104] -> 0x8493
mem[X,0x0000000080000106] -> 0xDBE4
[70] [M]: 0x0000000080000104 (0xDBE48493) addi s1, s1, 3518
x9 <- 0xFFFFFFFFADFEEDBE
mem[X,0x0000000080000108] -> 0x9493
mem[X,0x000000008000010A] -> 0x00B4
[71] [M]: 0x0000000080000108 (0x00B49493) slli s1, s1, 11
x9 <- 0xFFFFFD6FF76DF000
mem[X,0x000000008000010C] -> 0x8493
mem[X,0x000000008000010E] -> 0x56F4
[72] [M]: 0x000000008000010C (0x56F48493) addi s1, s1, 1391
x9 <- 0xFFFFFD6FF76DF56F
mem[X,0x0000000080000110] -> 0x9493
mem[X,0x0000000080000112] -> 0x00B4
[73] [M]: 0x0000000080000110 (0x00B49493) slli s1, s1, 11
x9 <- 0xFFEB7FBB6FAB7800
mem[X,0x0000000080000114] -> 0x8493
mem[X,0x0000000080000116] -> 0x7BB4
[74] [M]: 0x0000000080000114 (0x7BB48493) addi s1, s1, 1979
x9 <- 0xFFEB7FBB6FAB7FBB
mem[X,0x0000000080000118] -> 0x9493
mem[X,0x000000008000011A] -> 0x00A4
[75] [M]: 0x0000000080000118 (0x00A49493) slli s1, s1, 10
x9 <- 0xADFEEDBEADFEEC00
mem[X,0x000000008000011C] -> 0x8493
mem[X,0x000000008000011E] -> 0x1BE4
[76] [M]: 0x000000008000011C (0x1BE48493) addi s1, s1, 446
x9 <- 0xADFEEDBEADFEEDBE
mem[X,0x0000000080000120] -> 0x7537
mem[X,0x0000000080000122] -> 0x56FF
[77] [M]: 0x0000000080000120 (0x56FF7537) lui a0, 356343
x10 <- 0x0000000056FF7000
mem[X,0x0000000080000124] -> 0x0513
mem[X,0x0000000080000126] -> 0x6DF5
[78] [M]: 0x0000000080000124 (0x6DF50513) addi a0, a0, 1759
x10 <- 0x0000000056FF76DF
mem[X,0x0000000080000128] -> 0x1513
mem[X,0x000000008000012A] -> 0x00B5
[79] [M]: 0x0000000080000128 (0x00B51513) slli a0, a0, 11
x10 <- 0x000002B7FBB6F800
mem[X,0x000000008000012C] -> 0x0513
mem[X,0x000000008000012E] -> 0x2B75
[80] [M]: 0x000000008000012C (0x2B750513) addi a0, a0, 695
x10 <- 0x000002B7FBB6FAB7
mem[X,0x0000000080000130] -> 0x1513
mem[X,0x0000000080000132] -> 0x00B5
[81] [M]: 0x0000000080000130 (0x00B51513) slli a0, a0, 11
x10 <- 0x0015BFDDB7D5B800
mem[X,0x0000000080000134] -> 0x0513
mem[X,0x0000000080000136] -> 0x7DD5
[82] [M]: 0x0000000080000134 (0x7DD50513) addi a0, a0, 2013
x10 <- 0x0015BFDDB7D5BFDD
mem[X,0x0000000080000138] -> 0x1513
mem[X,0x000000008000013A] -> 0x00A5
[83] [M]: 0x0000000080000138 (0x00A51513) slli a0, a0, 10
x10 <- 0x56FF76DF56FF7400
mem[X,0x000000008000013C] -> 0x0513
mem[X,0x000000008000013E] -> 0x2DF5
[84] [M]: 0x000000008000013C (0x2DF50513) addi a0, a0, 735
x10 <- 0x56FF76DF56FF76DF
mem[X,0x0000000080000140] -> 0xC5B7
mem[X,0x0000000080000142] -> 0xAB7F
[85] [M]: 0x0000000080000140 (0xAB7FC5B7) lui a1, 702460
x11 <- 0xFFFFFFFFAB7FC000
mem[X,0x0000000080000144] -> 0x8593
mem[X,0x0000000080000146] -> 0xB6F5
[86] [M]: 0x0000000080000144 (0xB6F58593) addi a1, a1, 2927
x11 <- 0xFFFFFFFFAB7FBB6F
mem[X,0x0000000080000148] -> 0x9593
mem[X,0x000000008000014A] -> 0x00B5
[87] [M]: 0x0000000080000148 (0x00B59593) slli a1, a1, 11
x11 <- 0xFFFFFD5BFDDB7800
mem[X,0x000000008000014C] -> 0x8593
mem[X,0x000000008000014E] -> 0x55B5
[88] [M]: 0x000000008000014C (0x55B58593) addi a1, a1, 1371
x11 <- 0xFFFFFD5BFDDB7D5B
mem[X,0x0000000080000150] -> 0x9593
mem[X,0x0000000080000152] -> 0x00B5
[89] [M]: 0x0000000080000150 (0x00B59593) slli a1, a1, 11
x11 <- 0xFFEADFEEDBEAD800
mem[X,0x0000000080000154] -> 0x8593
mem[X,0x0000000080000156] -> 0x7EE5
[90] [M]: 0x0000000080000154 (0x7EE58593) addi a1, a1, 2030
x11 <- 0xFFEADFEEDBEADFEE
mem[X,0x0000000080000158] -> 0x9593
mem[X,0x000000008000015A] -> 0x00A5
[91] [M]: 0x0000000080000158 (0x00A59593) slli a1, a1, 10
x11 <- 0xAB7FBB6FAB7FB800
mem[X,0x000000008000015C] -> 0x8593
mem[X,0x000000008000015E] -> 0x36F5
[92] [M]: 0x000000008000015C (0x36F58593) addi a1, a1, 879
x11 <- 0xAB7FBB6FAB7FBB6F
mem[X,0x0000000080000160] -> 0xE637
mem[X,0x0000000080000162] -> 0xD5BF
[93] [M]: 0x0000000080000160 (0xD5BFE637) lui a2, 875518
x12 <- 0xFFFFFFFFD5BFE000
mem[X,0x0000000080000164] -> 0x0613
mem[X,0x0000000080000166] -> 0xDB76
[94] [M]: 0x0000000080000164 (0xDB760613) addi a2, a2, 3511
x12 <- 0xFFFFFFFFD5BFDDB7
mem[X,0x0000000080000168] -> 0x1613
mem[X,0x000000008000016A] -> 0x00B6
[95] [M]: 0x0000000080000168 (0x00B61613) slli a2, a2, 11
x12 <- 0xFFFFFEADFEEDB800
mem[X,0x000000008000016C] -> 0x0613
mem[X,0x000000008000016E] -> 0x6AD6
[96] [M]: 0x000000008000016C (0x6AD60613) addi a2, a2, 1709
x12 <- 0xFFFFFEADFEEDBEAD
mem[X,0x0000000080000170] -> 0x1613
mem[X,0x0000000080000172] -> 0x00B6
[97] [M]: 0x0000000080000170 (0x00B61613) slli a2, a2, 11
x12 <- 0xFFF56FF76DF56800
mem[X,0x0000000080000174] -> 0x0613
mem[X,0x0000000080000176] -> 0x7F76
[98] [M]: 0x0000000080000174 (0x7F760613) addi a2, a2, 2039
x12 <- 0xFFF56FF76DF56FF7
mem[X,0x0000000080000178] -> 0x1613
mem[X,0x000000008000017A] -> 0x00A6
[99] [M]: 0x0000000080000178 (0x00A61613) slli a2, a2, 10
x12 <- 0xD5BFDDB7D5BFDC00
clint::tick mtime <- 0x0000000000000001
 clint timer pending at mtime 0x0000000000000001
htif::tick 0x0000000000000000
mem[X,0x000000008000017C] -> 0x0613
mem[X,0x000000008000017E] -> 0x1B76
[100] [M]: 0x000000008000017C (0x1B760613) addi a2, a2, 439
x12 <- 0xD5BFDDB7D5BFDDB7
mem[X,0x0000000080000180] -> 0xF6B7
mem[X,0x0000000080000182] -> 0xEADF
[101] [M]: 0x0000000080000180 (0xEADFF6B7) lui a3, 962047
x13 <- 0xFFFFFFFFEADFF000
mem[X,0x0000000080000184] -> 0x8693
mem[X,0x0000000080000186] -> 0xEDB6
[102] [M]: 0x0000000080000184 (0xEDB68693) addi a3, a3, 3803
x13 <- 0xFFFFFFFFEADFEEDB
mem[X,0x0000000080000188] -> 0x9693
mem[X,0x000000008000018A] -> 0x00B6
[103] [M]: 0x0000000080000188 (0x00B69693) slli a3, a3, 11
x13 <- 0xFFFFFF56FF76D800
mem[X,0x000000008000018C] -> 0x8693
mem[X,0x000000008000018E] -> 0x7566
[104] [M]: 0x000000008000018C (0x75668693) addi a3, a3, 1878
x13 <- 0xFFFFFF56FF76DF56
mem[X,0x0000000080000190] -> 0x9693
mem[X,0x0000000080000192] -> 0x00B6
[105] [M]: 0x0000000080000190 (0x00B69693) slli a3, a3, 11
x13 <- 0xFFFAB7FBB6FAB000
mem[X,0x0000000080000194] -> 0x8693
mem[X,0x0000000080000196] -> 0x7FB6
[106] [M]: 0x0000000080000194 (0x7FB68693) addi a3, a3, 2043
x13 <- 0xFFFAB7FBB6FAB7FB
mem[X,0x0000000080000198] -> 0x9693
mem[X,0x000000008000019A] -> 0x00A6
[107] [M]: 0x0000000080000198 (0x00A69693) slli a3, a3, 10
x13 <- 0xEADFEEDBEADFEC00
mem[X,0x000000008000019C] -> 0x8693
mem[X,0x000000008000019E] -> 0x2DB6
[108] [M]: 0x000000008000019C (0x2DB68693) addi a3, a3, 731
x13 <- 0xEADFEEDBEADFEEDB
mem[X,0x00000000800001A0] -> 0xF737
mem[X,0x00000000800001A2] -> 0xF56F
[109] [M]: 0x00000000800001A0 (0xF56FF737) lui a4, 1005311
x14 <- 0xFFFFFFFFF56FF000
mem[X,0x00000000800001A4] -> 0x0713
mem[X,0x00000000800001A6] -> 0x76D7
[110] [M]: 0x00000000800001A4 (0x76D70713) addi a4, a4, 1901
x14 <- 0xFFFFFFFFF56FF76D
mem[X,0x00000000800001A8] -> 0x1713
mem[X,0x00000000800001AA] -> 0x00B7
[111] [M]: 0x00000000800001A8 (0x00B71713) slli a4, a4, 11
x14 <- 0xFFFFFFAB7FBB6800
mem[X,0x00000000800001AC] -> 0x0713
mem[X,0x00000000800001AE] -> 0x7AB7
[112] [M]: 0x00000000800001AC (0x7AB70713) addi a4, a4, 1963
x14 <- 0xFFFFFFAB7FBB6FAB
mem[X,0x00000000800001B0] -> 0x1713
mem[X,0x00000000800001B2] -> 0x00B7
[113] [M]: 0x00000000800001B0 (0x00B71713) slli a4, a4, 11
x14 <- 0xFFFD5BFDDB7D5800
mem[X,0x00000000800001B4] -> 0x0713
mem[X,0x00000000800001B6] -> 0x3FD7
[114] [M]: 0x00000000800001B4 (0x3FD70713) addi a4, a4, 1021
x14 <- 0xFFFD5BFDDB7D5BFD
mem[X,0x00000000800001B8] -> 0x1713
mem[X,0x00000000800001BA] -> 0x00A7
[115] [M]: 0x00000000800001B8 (0x00A71713) slli a4, a4, 10
x14 <- 0xF56FF76DF56FF400
mem[X,0x00000000800001BC] -> 0x0713
mem[X,0x00000000800001BE] -> 0x36D7
[116] [M]: 0x00000000800001BC (0x36D70713) addi a4, a4, 877
x14 <- 0xF56FF76DF56FF76D
mem[X,0x00000000800001C0] -> 0x07B7
mem[X,0x00000000800001C2] -> 0xFAB8
[117] [M]: 0x00000000800001C0 (0xFAB807B7) lui a5, 1026944
x15 <- 0xFFFFFFFFFAB80000
mem[X,0x00000000800001C4] -> 0x8793
mem[X,0x00000000800001C6] -> 0xBB67
[118] [M]: 0x00000000800001C4 (0xBB678793) addi a5, a5, 2998
x15 <- 0xFFFFFFFFFAB7FBB6
mem[X,0x00000000800001C8] -> 0x9793
mem[X,0x00000000800001CA] -> 0x00B7
[119] [M]: 0x00000000800001C8 (0x00B79793) slli a5, a5, 11
x15 <- 0xFFFFFFD5BFDDB000
mem[X,0x00000000800001CC] -> 0x8793
mem[X,0x00000000800001CE] -> 0x7D57
[120] [M]: 0x00000000800001CC (0x7D578793) addi a5, a5, 2005
x15 <- 0xFFFFFFD5BFDDB7D5
mem[X,0x00000000800001D0] -> 0x9793
mem[X,0x00000000800001D2] -> 0x00B7
[121] [M]: 0x00000000800001D0 (0x00B79793) slli a5, a5, 11
x15 <- 0xFFFEADFEEDBEA800
mem[X,0x00000000800001D4] -> 0x8793
mem[X,0x00000000800001D6] -> 0x5FE7
[122] [M]: 0x00000000800001D4 (0x5FE78793) addi a5, a5, 1534
x15 <- 0xFFFEADFEEDBEADFE
mem[X,0x00000000800001D8] -> 0x9793
mem[X,0x00000000800001DA] -> 0x00A7
[123] [M]: 0x00000000800001D8 (0x00A79793) slli a5, a5, 10
x15 <- 0xFAB7FBB6FAB7F800
mem[X,0x00000000800001DC] -> 0x8793
mem[X,0x00000000800001DE] -> 0x3B67
[124] [M]: 0x00000000800001DC (0x3B678793) addi a5, a5, 950
x15 <- 0xFAB7FBB6FAB7FBB6
mem[X,0x00000000800001E0] -> 0x0837
mem[X,0x00000000800001E2] -> 0x7D5C
[125] [M]: 0x00000000800001E0 (0x7D5C0837) lui a6, 513472
x16 <- 0x000000007D5C0000
mem[X,0x00000000800001E4] -> 0x0813
mem[X,0x00000000800001E6] -> 0xDDB8
[126] [M]: 0x00000000800001E4 (0xDDB80813) addi a6, a6, 3547
x16 <- 0x000000007D5BFDDB
mem[X,0x00000000800001E8] -> 0x1813
mem[X,0x00000000800001EA] -> 0x00B8
[127] [M]: 0x00000000800001E8 (0x00B81813) slli a6, a6, 11
x16 <- 0x000003EADFEED800
mem[X,0x00000000800001EC] -> 0x0813
mem[X,0x00000000800001EE] -> 0x3EA8
[128] [M]: 0x00000000800001EC (0x3EA80813) addi a6, a6, 1002
x16 <- 0x000003EADFEEDBEA
mem[X,0x00000000800001F0] -> 0x1813
mem[X,0x00000000800001F2] -> 0x00B8
[129] [M]: 0x00000000800001F0 (0x00B81813) slli a6, a6, 11
x16 <- 0x001F56FF76DF5000
mem[X,0x00000000800001F4] -> 0x0813
mem[X,0x00000000800001F6] -> 0x6FF8
[130] [M]: 0x00000000800001F4 (0x6FF80813) addi a6, a6, 1791
x16 <- 0x001F56FF76DF56FF
mem[X,0x00000000800001F8] -> 0x1813
mem[X,0x00000000800001FA] -> 0x00A8
[131] [M]: 0x00000000800001F8 (0x00A81813) slli a6, a6, 10
x16 <- 0x7D5BFDDB7D5BFC00
mem[X,0x00000000800001FC] -> 0x0813
mem[X,0x00000000800001FE] -> 0x1DB8
[132] [M]: 0x00000000800001FC (0x1DB80813) addi a6, a6, 475
x16 <- 0x7D5BFDDB7D5BFDDB
mem[X,0x0000000080000200] -> 0x08B7
mem[X,0x0000000080000202] -> 0xBEAE
[133] [M]: 0x0000000080000200 (0xBEAE08B7) lui a7, 781024
x17 <- 0xFFFFFFFFBEAE0000
mem[X,0x0000000080000204] -> 0x8893
mem[X,0x0000000080000206] -> 0xEED8
[134] [M]: 0x0000000080000204 (0xEED88893) addi a7, a7, 3821
x17 <- 0xFFFFFFFFBEADFEED
mem[X,0x0000000080000208] -> 0x9893
mem[X,0x000000008000020A] -> 0x00B8
[135] [M]: 0x0000000080000208 (0x00B89893) slli a7, a7, 11
x17 <- 0xFFFFFDF56FF76800
mem[X,0x000000008000020C] -> 0x8893
mem[X,0x000000008000020E] -> 0x5F58
[136] [M]: 0x000000008000020C (0x5F588893) addi a7, a7, 1525
x17 <- 0xFFFFFDF56FF76DF5
mem[X,0x0000000080000210] -> 0x9893
mem[X,0x0000000080000212] -> 0x00B8
[137] [M]: 0x0000000080000210 (0x00B89893) slli a7, a7, 11
x17 <- 0xFFEFAB7FBB6FA800
mem[X,0x0000000080000214] -> 0x8893
mem[X,0x0000000080000216] -> 0x37F8
[138] [M]: 0x0000000080000214 (0x37F88893) addi a7, a7, 895
x17 <- 0xFFEFAB7FBB6FAB7F
mem[X,0x0000000080000218] -> 0x9893
mem[X,0x000000008000021A] -> 0x00A8
[139] [M]: 0x0000000080000218 (0x00A89893) slli a7, a7, 10
x17 <- 0xBEADFEEDBEADFC00
mem[X,0x000000008000021C] -> 0x8893
mem[X,0x000000008000021E] -> 0x2ED8
[140] [M]: 0x000000008000021C (0x2ED88893) addi a7, a7, 749
x17 <- 0xBEADFEEDBEADFEED
mem[X,0x0000000080000220] -> 0x0937
mem[X,0x0000000080000222] -> 0xDF57
[141] [M]: 0x0000000080000220 (0xDF570937) lui s2, 914800
x18 <- 0xFFFFFFFFDF570000
mem[X,0x0000000080000224] -> 0x0913
mem[X,0x0000000080000226] -> 0xF769
[142] [M]: 0x0000000080000224 (0xF7690913) addi s2, s2, 3958
x18 <- 0xFFFFFFFFDF56FF76
mem[X,0x0000000080000228] -> 0x1913
mem[X,0x000000008000022A] -> 0x00B9
[143] [M]: 0x0000000080000228 (0x00B91913) slli s2, s2, 11
x18 <- 0xFFFFFEFAB7FBB000
mem[X,0x000000008000022C] -> 0x0913
mem[X,0x000000008000022E] -> 0x6FA9
[144] [M]: 0x000000008000022C (0x6FA90913) addi s2, s2, 1786
x18 <- 0xFFFFFEFAB7FBB6FA
mem[X,0x0000000080000230] -> 0x1913
mem[X,0x0000000080000232] -> 0x00B9
[145] [M]: 0x0000000080000230 (0x00B91913) slli s2, s2, 11
x18 <- 0xFFF7D5BFDDB7D000
mem[X,0x0000000080000234] -> 0x0913
mem[X,0x0000000080000236] -> 0x5BF9
[146] [M]: 0x0000000080000234 (0x5BF90913) addi s2, s2, 1471
x18 <- 0xFFF7D5BFDDB7D5BF
mem[X,0x0000000080000238] -> 0x1913
mem[X,0x000000008000023A] -> 0x00A9
[147] [M]: 0x0000000080000238 (0x00A91913) slli s2, s2, 10
x18 <- 0xDF56FF76DF56FC00
mem[X,0x000000008000023C] -> 0x0913
mem[X,0x000000008000023E] -> 0x3769
[148] [M]: 0x000000008000023C (0x37690913) addi s2, s2, 886
x18 <- 0xDF56FF76DF56FF76
mem[X,0x0000000080000240] -> 0x89B7
mem[X,0x0000000080000242] -> 0x6FAB
[149] [M]: 0x0000000080000240 (0x6FAB89B7) lui s3, 457400
x19 <- 0x000000006FAB8000
mem[X,0x0000000080000244] -> 0x8993
mem[X,0x0000000080000246] -> 0xFBB9
[150] [M]: 0x0000000080000244 (0xFBB98993) addi s3, s3, 4027
x19 <- 0x000000006FAB7FBB
mem[X,0x0000000080000248] -> 0x9993
mem[X,0x000000008000024A] -> 0x00B9
[151] [M]: 0x0000000080000248 (0x00B99993) slli s3, s3, 11
x19 <- 0x0000037D5BFDD800
mem[X,0x000000008000024C] -> 0x8993
mem[X,0x000000008000024E] -> 0x37D9
[152] [M]: 0x000000008000024C (0x37D98993) addi s3, s3, 893
x19 <- 0x0000037D5BFDDB7D
mem[X,0x0000000080000250] -> 0x9993
mem[X,0x0000000080000252] -> 0x00B9
[153] [M]: 0x0000000080000250 (0x00B99993) slli s3, s3, 11
x19 <- 0x001BEADFEEDBE800
mem[X,0x0000000080000254] -> 0x8993
mem[X,0x0000000080000256] -> 0x2DF9
[154] [M]: 0x0000000080000254 (0x2DF98993) addi s3, s3, 735
x19 <- 0x001BEADFEEDBEADF
mem[X,0x0000000080000258] -> 0x9993
mem[X,0x000000008000025A] -> 0x00A9
[155] [M]: 0x0000000080000258 (0x00A99993) slli s3, s3, 10
x19 <- 0x6FAB7FBB6FAB7C00
mem[X,0x000000008000025C] -> 0x8993
mem[X,0x000000008000025E] -> 0x3BB9
[156] [M]: 0x000000008000025C (0x3BB98993) addi s3, s3, 955
x19 <- 0x6FAB7FBB6FAB7FBB
mem[X,0x0000000080000260] -> 0xCA37
mem[X,0x0000000080000262] -> 0xB7D5
[157] [M]: 0x0000000080000260 (0xB7D5CA37) lui s4, 752988
x20 <- 0xFFFFFFFFB7D5C000
mem[X,0x0000000080000264] -> 0x0A13
mem[X,0x0000000080000266] -> 0xFDDA
[158] [M]: 0x0000000080000264 (0xFDDA0A13) addi s4, s4, 4061
x20 <- 0xFFFFFFFFB7D5BFDD
mem[X,0x0000000080000268] -> 0x1A13
mem[X,0x000000008000026A] -> 0x00BA
[159] [M]: 0x0000000080000268 (0x00BA1A13) slli s4, s4, 11
x20 <- 0xFFFFFDBEADFEE800
mem[X,0x000000008000026C] -> 0x0A13
mem[X,0x000000008000026E] -> 0x5BEA
[160] [M]: 0x000000008000026C (0x5BEA0A13) addi s4, s4, 1470
x20 <- 0xFFFFFDBEADFEEDBE
mem[X,0x0000000080000270] -> 0x1A13
mem[X,0x0000000080000272] -> 0x00BA
[161] [M]: 0x0000000080000270 (0x00BA1A13) slli s4, s4, 11
x20 <- 0xFFEDF56FF76DF000
mem[X,0x0000000080000274] -> 0x0A13
mem[X,0x0000000080000276] -> 0x56FA
[162] [M]: 0x0000000080000274 (0x56FA0A13) addi s4, s4, 1391
x20 <- 0xFFEDF56FF76DF56F
mem[X,0x0000000080000278] -> 0x1A13
mem[X,0x000000008000027A] -> 0x00AA
[163] [M]: 0x0000000080000278 (0x00AA1A13) slli s4, s4, 10
x20 <- 0xB7D5BFDDB7D5BC00
mem[X,0x000000008000027C] -> 0x0A13
mem[X,0x000000008000027E] -> 0x3DDA
[164] [M]: 0x000000008000027C (0x3DDA0A13) addi s4, s4, 989
x20 <- 0xB7D5BFDDB7D5BFDD
mem[X,0x0000000080000280] -> 0xEAB7
mem[X,0x0000000080000282] -> 0xDBEA
[165] [M]: 0x0000000080000280 (0xDBEAEAB7) lui s5, 900782
x21 <- 0xFFFFFFFFDBEAE000
mem[X,0x0000000080000284] -> 0x8A93
mem[X,0x0000000080000286] -> 0xFEEA
[166] [M]: 0x0000000080000284 (0xFEEA8A93) addi s5, s5, 4078
x21 <- 0xFFFFFFFFDBEADFEE
mem[X,0x0000000080000288] -> 0x9A93
mem[X,0x000000008000028A] -> 0x00BA
[167] [M]: 0x0000000080000288 (0x00BA9A93) slli s5, s5, 11
x21 <- 0xFFFFFEDF56FF7000
mem[X,0x000000008000028C] -> 0x8A93
mem[X,0x000000008000028E] -> 0x6DFA
[168] [M]: 0x000000008000028C (0x6DFA8A93) addi s5, s5, 1759
x21 <- 0xFFFFFEDF56FF76DF
mem[X,0x0000000080000290] -> 0x9A93
mem[X,0x0000000080000292] -> 0x00BA
[169] [M]: 0x0000000080000290 (0x00BA9A93) slli s5, s5, 11
x21 <- 0xFFF6FAB7FBB6F800
mem[X,0x0000000080000294] -> 0x8A93
mem[X,0x0000000080000296] -> 0x2B7A
[170] [M]: 0x0000000080000294 (0x2B7A8A93) addi s5, s5, 695
x21 <- 0xFFF6FAB7FBB6FAB7
mem[X,0x0000000080000298] -> 0x9A93
mem[X,0x000000008000029A] -> 0x00AA
[171] [M]: 0x0000000080000298 (0x00AA9A93) slli s5, s5, 10
x21 <- 0xDBEADFEEDBEADC00
mem[X,0x000000008000029C] -> 0x8A93
mem[X,0x000000008000029E] -> 0x3EEA
[172] [M]: 0x000000008000029C (0x3EEA8A93) addi s5, s5, 1006
x21 <- 0xDBEADFEEDBEADFEE
mem[X,0x00000000800002A0] -> 0x7B37
mem[X,0x00000000800002A2] -> 0x6DF5
[173] [M]: 0x00000000800002A0 (0x6DF57B37) lui s6, 450391
x22 <- 0x000000006DF57000
mem[X,0x00000000800002A4] -> 0x0B13
mem[X,0x00000000800002A6] -> 0xFF7B
[174] [M]: 0x00000000800002A4 (0xFF7B0B13) addi s6, s6, 4087
x22 <- 0x000000006DF56FF7
mem[X,0x00000000800002A8] -> 0x1B13
mem[X,0x00000000800002AA] -> 0x00BB
[175] [M]: 0x00000000800002A8 (0x00BB1B13) slli s6, s6, 11
x22 <- 0x0000036FAB7FB800
mem[X,0x00000000800002AC] -> 0x0B13
mem[X,0x00000000800002AE] -> 0x36FB
[176] [M]: 0x00000000800002AC (0x36FB0B13) addi s6, s6, 879
x22 <- 0x0000036FAB7FBB6F
mem[X,0x00000000800002B0] -> 0x1B13
mem[X,0x00000000800002B2] -> 0x00BB
[177] [M]: 0x00000000800002B0 (0x00BB1B13) slli s6, s6, 11
x22 <- 0x001B7D5BFDDB7800
mem[X,0x00000000800002B4] -> 0x0B13
mem[X,0x00000000800002B6] -> 0x55BB
[178] [M]: 0x00000000800002B4 (0x55BB0B13) addi s6, s6, 1371
x22 <- 0x001B7D5BFDDB7D5B
mem[X,0x00000000800002B8] -> 0x1B13
mem[X,0x00000000800002BA] -> 0x00AB
[179] [M]: 0x00000000800002B8 (0x00AB1B13) slli s6, s6, 10
x22 <- 0x6DF56FF76DF56C00
mem[X,0x00000000800002BC] -> 0x0B13
mem[X,0x00000000800002BE] -> 0x3F7B
[180] [M]: 0x00000000800002BC (0x3F7B0B13) addi s6, s6, 1015
x22 <- 0x6DF56FF76DF56FF7
mem[X,0x00000000800002C0] -> 0xBBB7
mem[X,0x00000000800002C2] -> 0xB6FA
[181] [M]: 0x00000000800002C0 (0xB6FABBB7) lui s7, 749483
x23 <- 0xFFFFFFFFB6FAB000
mem[X,0x00000000800002C4] -> 0x8B93
mem[X,0x00000000800002C6] -> 0x7FBB
[182] [M]: 0x00000000800002C4 (0x7FBB8B93) addi s7, s7, 2043
x23 <- 0xFFFFFFFFB6FAB7FB
mem[X,0x00000000800002C8] -> 0x9B93
mem[X,0x00000000800002CA] -> 0x00BB
[183] [M]: 0x00000000800002C8 (0x00BB9B93) slli s7, s7, 11
x23 <- 0xFFFFFDB7D5BFD800
mem[X,0x00000000800002CC] -> 0x8B93
mem[X,0x00000000800002CE] -> 0x5B7B
[184] [M]: 0x00000000800002CC (0x5B7B8B93) addi s7, s7, 1463
x23 <- 0xFFFFFDB7D5BFDDB7
mem[X,0x00000000800002D0] -> 0x9B93
mem[X,0x00000000800002D2] -> 0x00BB
[185] [M]: 0x00000000800002D0 (0x00BB9B93) slli s7, s7, 11
x23 <- 0xFFEDBEADFEEDB800
mem[X,0x00000000800002D4] -> 0x8B93
mem[X,0x00000000800002D6] -> 0x6ADB
[186] [M]: 0x00000000800002D4 (0x6ADB8B93) addi s7, s7, 1709
x23 <- 0xFFEDBEADFEEDBEAD
mem[X,0x00000000800002D8] -> 0x9B93
mem[X,0x00000000800002DA] -> 0x00AB
[187] [M]: 0x00000000800002D8 (0x00AB9B93) slli s7, s7, 10
x23 <- 0xB6FAB7FBB6FAB400
mem[X,0x00000000800002DC] -> 0x8B93
mem[X,0x00000000800002DE] -> 0x3FBB
[188] [M]: 0x00000000800002DC (0x3FBB8B93) addi s7, s7, 1019
x23 <- 0xB6FAB7FBB6FAB7FB
mem[X,0x00000000800002E0] -> 0x6C37
mem[X,0x00000000800002E2] -> 0xDB7D
[189] [M]: 0x00000000800002E0 (0xDB7D6C37) lui s8, 899030
x24 <- 0xFFFFFFFFDB7D6000
mem[X,0x00000000800002E4] -> 0x0C13
mem[X,0x00000000800002E6] -> 0xBFDC
[190] [M]: 0x00000000800002E4 (0xBFDC0C13) addi s8, s8, 3069
x24 <- 0xFFFFFFFFDB7D5BFD
mem[X,0x00000000800002E8] -> 0x1C13
mem[X,0x00000000800002EA] -> 0x00BC
[191] [M]: 0x00000000800002E8 (0x00BC1C13) slli s8, s8, 11
x24 <- 0xFFFFFEDBEADFE800
mem[X,0x00000000800002EC] -> 0x0C13
mem[X,0x00000000800002EE] -> 0x6DBC
[192] [M]: 0x00000000800002EC (0x6DBC0C13) addi s8, s8, 1755
x24 <- 0xFFFFFEDBEADFEEDB
mem[X,0x00000000800002F0] -> 0x1C13
mem[X,0x00000000800002F2] -> 0x00BC
[193] [M]: 0x00000000800002F0 (0x00BC1C13) slli s8, s8, 11
x24 <- 0xFFF6DF56FF76D800
mem[X,0x00000000800002F4] -> 0x0C13
mem[X,0x00000000800002F6] -> 0x756C
[194] [M]: 0x00000000800002F4 (0x756C0C13) addi s8, s8, 1878
x24 <- 0xFFF6DF56FF76DF56
mem[X,0x00000000800002F8] -> 0x1C13
mem[X,0x00000000800002FA] -> 0x00AC
[195] [M]: 0x00000000800002F8 (0x00AC1C13) slli s8, s8, 10
x24 <- 0xDB7D5BFDDB7D5800
mem[X,0x00000000800002FC] -> 0x0C13
mem[X,0x00000000800002FE] -> 0x3FDC
[196] [M]: 0x00000000800002FC (0x3FDC0C13) addi s8, s8, 1021
x24 <- 0xDB7D5BFDDB7D5BFD
mem[X,0x0000000080000300] -> 0xBCB7
mem[X,0x0000000080000302] -> 0xEDBE
[197] [M]: 0x0000000080000300 (0xEDBEBCB7) lui s9, 973803
x25 <- 0xFFFFFFFFEDBEB000
mem[X,0x0000000080000304] -> 0x8C93
mem[X,0x0000000080000306] -> 0xDFEC
[198] [M]: 0x0000000080000304 (0xDFEC8C93) addi s9, s9, 3582
x25 <- 0xFFFFFFFFEDBEADFE
mem[X,0x0000000080000308] -> 0x9C93
mem[X,0x000000008000030A] -> 0x00BC
[199] [M]: 0x0000000080000308 (0x00BC9C93) slli s9, s9, 11
x25 <- 0xFFFFFF6DF56FF000
clint::tick mtime <- 0x0000000000000002
 clint timer pending at mtime 0x0000000000000002
htif::tick 0x0000000000000000
mem[X,0x000000008000030C] -> 0x8C93
mem[X,0x000000008000030E] -> 0x76DC
[200] [M]: 0x000000008000030C (0x76DC8C93) addi s9, s9, 1901
x25 <- 0xFFFFFF6DF56FF76D
mem[X,0x0000000080000310] -> 0x9C93
mem[X,0x0000000080000312] -> 0x00BC
[201] [M]: 0x0000000080000310 (0x00BC9C93) slli s9, s9, 11
x25 <- 0xFFFB6FAB7FBB6800
mem[X,0x0000000080000314] -> 0x8C93
mem[X,0x0000000080000316] -> 0x7ABC
[202] [M]: 0x0000000080000314 (0x7ABC8C93) addi s9, s9, 1963
x25 <- 0xFFFB6FAB7FBB6FAB
mem[X,0x0000000080000318] -> 0x9C93
mem[X,0x000000008000031A] -> 0x00AC
[203] [M]: 0x0000000080000318 (0x00AC9C93) slli s9, s9, 10
x25 <- 0xEDBEADFEEDBEAC00
mem[X,0x000000008000031C] -> 0x8C93
mem[X,0x000000008000031E] -> 0x1FEC
[204] [M]: 0x000000008000031C (0x1FEC8C93) addi s9, s9, 510
x25 <- 0xEDBEADFEEDBEADFE
mem[X,0x0000000080000320] -> 0x5D37
mem[X,0x0000000080000322] -> 0x76DF
[205] [M]: 0x0000000080000320 (0x76DF5D37) lui s10, 486901
x26 <- 0x0000000076DF5000
mem[X,0x0000000080000324] -> 0x0D13
mem[X,0x0000000080000326] -> 0x6FFD
[206] [M]: 0x0000000080000324 (0x6FFD0D13) addi s10, s10, 1791
x26 <- 0x0000000076DF56FF
mem[X,0x0000000080000328] -> 0x1D13
mem[X,0x000000008000032A] -> 0x00BD
[207] [M]: 0x0000000080000328 (0x00BD1D13) slli s10, s10, 11
x26 <- 0x000003B6FAB7F800
mem[X,0x000000008000032C] -> 0x0D13
mem[X,0x000000008000032E] -> 0x3B6D
[208] [M]: 0x000000008000032C (0x3B6D0D13) addi s10, s10, 950
x26 <- 0x000003B6FAB7FBB6
mem[X,0x0000000080000330] -> 0x1D13
mem[X,0x0000000080000332] -> 0x00BD
[209] [M]: 0x0000000080000330 (0x00BD1D13) slli s10, s10, 11
x26 <- 0x001DB7D5BFDDB000
mem[X,0x0000000080000334] -> 0x0D13
mem[X,0x0000000080000336] -> 0x7D5D
[210] [M]: 0x0000000080000334 (0x7D5D0D13) addi s10, s10, 2005
x26 <- 0x001DB7D5BFDDB7D5
mem[X,0x0000000080000338] -> 0x1D13
mem[X,0x000000008000033A] -> 0x00AD
[211] [M]: 0x0000000080000338 (0x00AD1D13) slli s10, s10, 10
x26 <- 0x76DF56FF76DF5400
mem[X,0x000000008000033C] -> 0x0D13
mem[X,0x000000008000033E] -> 0x2FFD
[212] [M]: 0x000000008000033C (0x2FFD0D13) addi s10, s10, 767
x26 <- 0x76DF56FF76DF56FF
mem[X,0x0000000080000340] -> 0xBDB7
mem[X,0x0000000080000342] -> 0xBB6F
[213] [M]: 0x0000000080000340 (0xBB6FBDB7) lui s11, 767739
x27 <- 0xFFFFFFFFBB6FB000
mem[X,0x0000000080000344] -> 0x8D93
mem[X,0x0000000080000346] -> 0xB7FD
[214] [M]: 0x0000000080000344 (0xB7FD8D93) addi s11, s11, 2943
x27 <- 0xFFFFFFFFBB6FAB7F
mem[X,0x0000000080000348] -> 0x9D93
mem[X,0x000000008000034A] -> 0x00BD
[215] [M]: 0x0000000080000348 (0x00BD9D93) slli s11, s11, 11
x27 <- 0xFFFFFDDB7D5BF800
mem[X,0x000000008000034C] -> 0x8D93
mem[X,0x000000008000034E] -> 0x5DBD
[216] [M]: 0x000000008000034C (0x5DBD8D93) addi s11, s11, 1499
x27 <- 0xFFFFFDDB7D5BFDDB
mem[X,0x0000000080000350] -> 0x9D93
mem[X,0x0000000080000352] -> 0x00BD
[217] [M]: 0x0000000080000350 (0x00BD9D93) slli s11, s11, 11
x27 <- 0xFFEEDBEADFEED800
mem[X,0x0000000080000354] -> 0x8D93
mem[X,0x0000000080000356] -> 0x3EAD
[218] [M]: 0x0000000080000354 (0x3EAD8D93) addi s11, s11, 1002
x27 <- 0xFFEEDBEADFEEDBEA
mem[X,0x0000000080000358] -> 0x9D93
mem[X,0x000000008000035A] -> 0x00AD
[219] [M]: 0x0000000080000358 (0x00AD9D93) slli s11, s11, 10
x27 <- 0xBB6FAB7FBB6FA800
mem[X,0x000000008000035C] -> 0x8D93
mem[X,0x000000008000035E] -> 0x37FD
[220] [M]: 0x000000008000035C (0x37FD8D93) addi s11, s11, 895
x27 <- 0xBB6FAB7FBB6FAB7F
mem[X,0x0000000080000360] -> 0xDE37
mem[X,0x0000000080000362] -> 0xDDB7
[221] [M]: 0x0000000080000360 (0xDDB7DE37) lui t3, 908157
x28 <- 0xFFFFFFFFDDB7D000
mem[X,0x0000000080000364] -> 0x0E13
mem[X,0x0000000080000366] -> 0x5BFE
[222] [M]: 0x0000000080000364 (0x5BFE0E13) addi t3, t3, 1471
x28 <- 0xFFFFFFFFDDB7D5BF
mem[X,0x0000000080000368] -> 0x1E13
mem[X,0x000000008000036A] -> 0x00BE
[223] [M]: 0x0000000080000368 (0x00BE1E13) slli t3, t3, 11
x28 <- 0xFFFFFEEDBEADF800
mem[X,0x000000008000036C] -> 0x0E13
mem[X,0x000000008000036E] -> 0x6EDE
[224] [M]: 0x000000008000036C (0x6EDE0E13) addi t3, t3, 1773
x28 <- 0xFFFFFEEDBEADFEED
mem[X,0x0000000080000370] -> 0x1E13
mem[X,0x0000000080000372] -> 0x00BE
[225] [M]: 0x0000000080000370 (0x00BE1E13) slli t3, t3, 11
x28 <- 0xFFF76DF56FF76800
mem[X,0x0000000080000374] -> 0x0E13
mem[X,0x0000000080000376] -> 0x5F5E
[226] [M]: 0x0000000080000374 (0x5F5E0E13) addi t3, t3, 1525
x28 <- 0xFFF76DF56FF76DF5
mem[X,0x0000000080000378] -> 0x1E13
mem[X,0x000000008000037A] -> 0x00AE
[227] [M]: 0x0000000080000378 (0x00AE1E13) slli t3, t3, 10
x28 <- 0xDDB7D5BFDDB7D400
mem[X,0x000000008000037C] -> 0x0E13
mem[X,0x000000008000037E] -> 0x1BFE
[228] [M]: 0x000000008000037C (0x1BFE0E13) addi t3, t3, 447
x28 <- 0xDDB7D5BFDDB7D5BF
mem[X,0x0000000080000380] -> 0xFEB7
mem[X,0x0000000080000382] -> 0xEEDB
[229] [M]: 0x0000000080000380 (0xEEDBFEB7) lui t4, 978367
x29 <- 0xFFFFFFFFEEDBF000
mem[X,0x0000000080000384] -> 0x8E93
mem[X,0x0000000080000386] -> 0xADFE
[230] [M]: 0x0000000080000384 (0xADFE8E93) addi t4, t4, 2783
x29 <- 0xFFFFFFFFEEDBEADF
mem[X,0x0000000080000388] -> 0x9E93
mem[X,0x000000008000038A] -> 0x00BE
[231] [M]: 0x0000000080000388 (0x00BE9E93) slli t4, t4, 11
x29 <- 0xFFFFFF76DF56F800
mem[X,0x000000008000038C] -> 0x8E93
mem[X,0x000000008000038E] -> 0x776E
[232] [M]: 0x000000008000038C (0x776E8E93) addi t4, t4, 1910
x29 <- 0xFFFFFF76DF56FF76
mem[X,0x0000000080000390] -> 0x9E93
mem[X,0x0000000080000392] -> 0x00BE
[233] [M]: 0x0000000080000390 (0x00BE9E93) slli t4, t4, 11
x29 <- 0xFFFBB6FAB7FBB000
mem[X,0x0000000080000394] -> 0x8E93
mem[X,0x0000000080000396] -> 0x6FAE
[234] [M]: 0x0000000080000394 (0x6FAE8E93) addi t4, t4, 1786
x29 <- 0xFFFBB6FAB7FBB6FA
mem[X,0x0000000080000398] -> 0x9E93
mem[X,0x000000008000039A] -> 0x00AE
[235] [M]: 0x0000000080000398 (0x00AE9E93) slli t4, t4, 10
x29 <- 0xEEDBEADFEEDBE800
mem[X,0x000000008000039C] -> 0x8E93
mem[X,0x000000008000039E] -> 0x2DFE
[236] [M]: 0x000000008000039C (0x2DFE8E93) addi t4, t4, 735
x29 <- 0xEEDBEADFEEDBEADF
mem[X,0x00000000800003A0] -> 0xFF37
mem[X,0x00000000800003A2] -> 0xF76D
[237] [M]: 0x00000000800003A0 (0xF76DFF37) lui t5, 1013471
x30 <- 0xFFFFFFFFF76DF000
mem[X,0x00000000800003A4] -> 0x0F13
mem[X,0x00000000800003A6] -> 0x56FF
[238] [M]: 0x00000000800003A4 (0x56FF0F13) addi t5, t5, 1391
x30 <- 0xFFFFFFFFF76DF56F
mem[X,0x00000000800003A8] -> 0x1F13
mem[X,0x00000000800003AA] -> 0x00BF
[239] [M]: 0x00000000800003A8 (0x00BF1F13) slli t5, t5, 11
x30 <- 0xFFFFFFBB6FAB7800
mem[X,0x00000000800003AC] -> 0x0F13
mem[X,0x00000000800003AE] -> 0x7BBF
[240] [M]: 0x00000000800003AC (0x7BBF0F13) addi t5, t5, 1979
x30 <- 0xFFFFFFBB6FAB7FBB
mem[X,0x00000000800003B0] -> 0x1F13
mem[X,0x00000000800003B2] -> 0x00BF
[241] [M]: 0x00000000800003B0 (0x00BF1F13) slli t5, t5, 11
x30 <- 0xFFFDDB7D5BFDD800
mem[X,0x00000000800003B4] -> 0x0F13
mem[X,0x00000000800003B6] -> 0x37DF
[242] [M]: 0x00000000800003B4 (0x37DF0F13) addi t5, t5, 893
x30 <- 0xFFFDDB7D5BFDDB7D
mem[X,0x00000000800003B8] -> 0x1F13
mem[X,0x00000000800003BA] -> 0x00AF
[243] [M]: 0x00000000800003B8 (0x00AF1F13) slli t5, t5, 10
x30 <- 0xF76DF56FF76DF400
mem[X,0x00000000800003BC] -> 0x0F13
mem[X,0x00000000800003BE] -> 0x16FF
[244] [M]: 0x00000000800003BC (0x16FF0F13) addi t5, t5, 367
x30 <- 0xF76DF56FF76DF56F
mem[X,0x00000000800003C0] -> 0x0FB7
mem[X,0x00000000800003C2] -> 0xFBB7
[245] [M]: 0x00000000800003C0 (0xFBB70FB7) lui t6, 1031024
x31 <- 0xFFFFFFFFFBB70000
mem[X,0x00000000800003C4] -> 0x8F93
mem[X,0x00000000800003C6] -> 0xAB7F
[246] [M]: 0x00000000800003C4 (0xAB7F8F93) addi t6, t6, 2743
x31 <- 0xFFFFFFFFFBB6FAB7
mem[X,0x00000000800003C8] -> 0x9F93
mem[X,0x00000000800003CA] -> 0x00BF
[247] [M]: 0x00000000800003C8 (0x00BF9F93) slli t6, t6, 11
x31 <- 0xFFFFFFDDB7D5B800
mem[X,0x00000000800003CC] -> 0x8F93
mem[X,0x00000000800003CE] -> 0x7DDF
[248] [M]: 0x00000000800003CC (0x7DDF8F93) addi t6, t6, 2013
x31 <- 0xFFFFFFDDB7D5BFDD
mem[X,0x00000000800003D0] -> 0x9F93
mem[X,0x00000000800003D2] -> 0x00BF
[249] [M]: 0x00000000800003D0 (0x00BF9F93) slli t6, t6, 11
x31 <- 0xFFFEEDBEADFEE800
mem[X,0x00000000800003D4] -> 0x8F93
mem[X,0x00000000800003D6] -> 0x5BEF
[250] [M]: 0x00000000800003D4 (0x5BEF8F93) addi t6, t6, 1470
x31 <- 0xFFFEEDBEADFEEDBE
mem[X,0x00000000800003D8] -> 0x9F93
mem[X,0x00000000800003DA] -> 0x00AF
[251] [M]: 0x00000000800003D8 (0x00AF9F93) slli t6, t6, 10
x31 <- 0xFBB6FAB7FBB6F800
mem[X,0x00000000800003DC] -> 0x8F93
mem[X,0x00000000800003DE] -> 0x2B7F
[252] [M]: 0x00000000800003DC (0x2B7F8F93) addi t6, t6, 695
x31 <- 0xFBB6FAB7FBB6FAB7
mem[X,0x00000000800003E0] -> 0x2497
mem[X,0x00000000800003E2] -> 0x0000
[253] [M]: 0x00000000800003E0 (0x00002497) auipc s1, 2
x9 <- 0x00000000800023E0
mem[X,0x00000000800003E4] -> 0x8493
mem[X,0x00000000800003E6] -> 0xC204
[254] [M]: 0x00000000800003E4 (0xC2048493) addi s1, s1, 3104
x9 <- 0x0000000080002000
mem[X,0x00000000800003E8] -> 0x0013
mem[X,0x00000000800003EA] -> 0x0000
[255] [M]: 0x00000000800003E8 (0x00000013) addi zero, zero, 0
mem[X,0x00000000800003EC] -> 0x0013
mem[X,0x00000000800003EE] -> 0x0000
[256] [M]: 0x00000000800003EC (0x00000013) addi zero, zero, 0
mem[X,0x00000000800003F0] -> 0x0013
mem[X,0x00000000800003F2] -> 0x0000
[257] [M]: 0x00000000800003F0 (0x00000013) addi zero, zero, 0
mem[X,0x00000000800003F4] -> 0x0013
mem[X,0x00000000800003F6] -> 0x0000
[258] [M]: 0x00000000800003F4 (0x00000013) addi zero, zero, 0
mem[X,0x00000000800003F8] -> 0x0013
mem[X,0x00000000800003FA] -> 0x0000
[259] [M]: 0x00000000800003F8 (0x00000013) addi zero, zero, 0
mem[X,0x00000000800003FC] -> 0x0013
mem[X,0x00000000800003FE] -> 0x0000
[260] [M]: 0x00000000800003FC (0x00000013) addi zero, zero, 0
mem[X,0x0000000080000400] -> 0x0413
mem[X,0x0000000080000402] -> 0xFFF0
[261] [M]: 0x0000000080000400 (0xFFF00413) addi fp, zero, 4095
x8 <- 0xFFFFFFFFFFFFFFFF
mem[X,0x0000000080000404] -> 0x5413
mem[X,0x0000000080000406] -> 0x0204
[262] [M]: 0x0000000080000404 (0x02045413) srli fp, fp, 32
x8 <- 0x00000000FFFFFFFF
mem[X,0x0000000080000408] -> 0x53B7
mem[X,0x000000008000040A] -> 0x5555
[263] [M]: 0x0000000080000408 (0x555553B7) lui t2, 349525
x7 <- 0x0000000055555000
mem[X,0x000000008000040C] -> 0x8393
mem[X,0x000000008000040E] -> 0x5553
[264] [M]: 0x000000008000040C (0x55538393) addi t2, t2, 1365
x7 <- 0x0000000055555555
mem[X,0x0000000080000410] -> 0x9393
mem[X,0x0000000080000412] -> 0x0013
[265] [M]: 0x0000000080000410 (0x00139393) slli t2, t2, 1
x7 <- 0x00000000AAAAAAAA
mem[X,0x0000000080000414] -> 0xA023
mem[X,0x0000000080000416] -> 0x0084
[266] [M]: 0x0000000080000414 (0x0084A023) sw fp, 0(s1)
mem[0x0000000080002000] <- 0xFFFFFFFF
mem[X,0x0000000080000418] -> 0xA223
mem[X,0x000000008000041A] -> 0x0074
[267] [M]: 0x0000000080000418 (0x0074A223) sw t2, 4(s1)
mem[0x0000000080002004] <- 0xAAAAAAAA
mem[X,0x000000008000041C] -> 0x000F
mem[X,0x000000008000041E] -> 0x0FF0
[268] [M]: 0x000000008000041C (0x0FF0000F) fence iorw, iorw
mem[X,0x0000000080000420] -> 0xA183
mem[X,0x0000000080000422] -> 0x0004
[269] [M]: 0x0000000080000420 (0x0004A183) lw gp, 0(s1)
mem[R,0x0000000080002000] -> 0xFFFFFFFF
x3 <- 0xFFFFFFFFFFFFFFFF
mem[X,0x0000000080000424] -> 0xA203
mem[X,0x0000000080000426] -> 0x0044
[270] [M]: 0x0000000080000424 (0x0044A203) lw tp, 4(s1)
mem[R,0x0000000080002004] -> 0xAAAAAAAA
x4 <- 0xFFFFFFFFAAAAAAAA
mem[X,0x0000000080000428] -> 0x0013
mem[X,0x000000008000042A] -> 0x0000
[271] [M]: 0x0000000080000428 (0x00000013) addi zero, zero, 0
mem[X,0x000000008000042C] -> 0x0013
mem[X,0x000000008000042E] -> 0x0000
[272] [M]: 0x000000008000042C (0x00000013) addi zero, zero, 0
mem[X,0x0000000080000430] -> 0x0013
mem[X,0x0000000080000432] -> 0x0000
[273] [M]: 0x0000000080000430 (0x00000013) addi zero, zero, 0
mem[X,0x0000000080000434] -> 0x0013
mem[X,0x0000000080000436] -> 0x0000
[274] [M]: 0x0000000080000434 (0x00000013) addi zero, zero, 0
mem[X,0x0000000080000438] -> 0x0013
mem[X,0x000000008000043A] -> 0x0000
[275] [M]: 0x0000000080000438 (0x00000013) addi zero, zero, 0
mem[X,0x000000008000043C] -> 0x0013
mem[X,0x000000008000043E] -> 0x0000
[276] [M]: 0x000000008000043C (0x00000013) addi zero, zero, 0
mem[X,0x0000000080000440] -> 0x3497
mem[X,0x0000000080000442] -> 0x0000
[277] [M]: 0x0000000080000440 (0x00003497) auipc s1, 3
x9 <- 0x0000000080003440
mem[X,0x0000000080000444] -> 0x8493
mem[X,0x0000000080000446] -> 0xCD84
[278] [M]: 0x0000000080000444 (0xCD848493) addi s1, s1, 3288
x9 <- 0x0000000080003118
mem[X,0x0000000080000448] -> 0x0013
mem[X,0x000000008000044A] -> 0x0000
[279] [M]: 0x0000000080000448 (0x00000013) addi zero, zero, 0
mem[X,0x000000008000044C] -> 0x0013
mem[X,0x000000008000044E] -> 0x0000
[280] [M]: 0x000000008000044C (0x00000013) addi zero, zero, 0
mem[X,0x0000000080000450] -> 0x0013
mem[X,0x0000000080000452] -> 0x0000
[281] [M]: 0x0000000080000450 (0x00000013) addi zero, zero, 0
mem[X,0x0000000080000454] -> 0x0013
mem[X,0x0000000080000456] -> 0x0000
[282] [M]: 0x0000000080000454 (0x00000013) addi zero, zero, 0
mem[X,0x0000000080000458] -> 0x0013
mem[X,0x000000008000045A] -> 0x0000
[283] [M]: 0x0000000080000458 (0x00000013) addi zero, zero, 0
mem[X,0x000000008000045C] -> 0x0013
mem[X,0x000000008000045E] -> 0x0000
[284] [M]: 0x000000008000045C (0x00000013) addi zero, zero, 0
mem[X,0x0000000080000460] -> 0xA023
mem[X,0x0000000080000462] -> 0x0044
[285] [M]: 0x0000000080000460 (0x0044A023) sw tp, 0(s1)
mem[0x0000000080003118] <- 0xAAAAAAAA
mem[X,0x0000000080000464] -> 0xA223
mem[X,0x0000000080000466] -> 0x0034
[286] [M]: 0x0000000080000464 (0x0034A223) sw gp, 4(s1)
mem[0x000000008000311C] <- 0xFFFFFFFF
mem[X,0x0000000080000468] -> 0x006F
mem[X,0x000000008000046A] -> 0x0380
[287] [M]: 0x0000000080000468 (0x0380006F) jal zero, 56
mem[X,0x00000000800004A0] -> 0x0093
mem[X,0x00000000800004A2] -> 0x0010
[288] [M]: 0x00000000800004A0 (0x00100093) addi ra, zero, 1
x1 <- 0x0000000000000001
mem[X,0x00000000800004A4] -> 0x1F17
mem[X,0x00000000800004A6] -> 0x0000
[289] [M]: 0x00000000800004A4 (0x00001F17) auipc t5, 1
x30 <- 0x00000000800014A4
mem[X,0x00000000800004A8] -> 0x2E23
mem[X,0x00000000800004AA] -> 0xB41F
[290] [M]: 0x00000000800004A8 (0xB41F2E23) sw ra, 2908(t5)
htif[0x0000000080001000] <- 0x00000001
mem[X,0x00000000800004AC] -> 0xF06F
mem[X,0x00000000800004AE] -> 0xFF9F
[291] [M]: 0x00000000800004AC (0xFF9FF06F) jal zero, 2097144
mem[X,0x00000000800004A4] -> 0x1F17
mem[X,0x00000000800004A6] -> 0x0000
[292] [M]: 0x00000000800004A4 (0x00001F17) auipc t5, 1
x30 <- 0x00000000800014A4
mem[X,0x00000000800004A8] -> 0x2E23
mem[X,0x00000000800004AA] -> 0xB41F
[293] [M]: 0x00000000800004A8 (0xB41F2E23) sw ra, 2908(t5)
htif[0x0000000080001000] <- 0x00000001
mem[X,0x00000000800004AC] -> 0xF06F
mem[X,0x00000000800004AE] -> 0xFF9F
[294] [M]: 0x00000000800004AC (0xFF9FF06F) jal zero, 2097144
mem[X,0x00000000800004A4] -> 0x1F17
mem[X,0x00000000800004A6] -> 0x0000
[295] [M]: 0x00000000800004A4 (0x00001F17) auipc t5, 1
x30 <- 0x00000000800014A4
mem[X,0x00000000800004A8] -> 0x2E23
mem[X,0x00000000800004AA] -> 0xB41F
[296] [M]: 0x00000000800004A8 (0xB41F2E23) sw ra, 2908(t5)
htif[0x0000000080001000] <- 0x00000001
htif-syscall-proxy cmd: 0x000000000001
SUCCESS
