+ source ../common/common_podman.sh
++ source /root/mugen/libs/locallibs/common_lib.sh
+++ python3 --version
+++ '[' 0 -eq 0 ']'
+++ source /root/mugen/libs/locallibs/common_lib_python.sh
+ main
++ type -t post_test
+ '[' -n function ']'
+ trap post_test EXIT INT HUP TERM
+ rpm -qa
+ grep expect
++ type -t config_params
+ '[' -n function ']'
+ config_params
+ LOG_INFO 'Start loading data!'
+ message='Start loading data!'
+ python3 /root/mugen/libs/locallibs/mugen_log.py --level info --message 'Start loading data!'
Tue Nov 21 07:27:35 2023 - INFO  - Start loading data!
+ name=postgres
+ LOG_INFO 'Loading data is complete!'
+ message='Loading data is complete!'
+ python3 /root/mugen/libs/locallibs/mugen_log.py --level info --message 'Loading data is complete!'
Tue Nov 21 07:27:36 2023 - INFO  - Loading data is complete!
++ type -t pre_test
+ '[' -n function ']'
+ pre_test
+ LOG_INFO 'Start environment preparation.'
+ message='Start environment preparation.'
+ python3 /root/mugen/libs/locallibs/mugen_log.py --level info --message 'Start environment preparation.'
Tue Nov 21 07:27:36 2023 - INFO  - Start environment preparation.
+ deploy_env
+ DNF_INSTALL 'podman podman-docker'
+ pkgs='podman podman-docker'
+ node=1
+ '[' -z '' ']'
+ tmpfile=
++ python3 /root/mugen/libs/locallibs/rpm_manage.py install --pkgs 'podman podman-docker' --node 1 --tempfile ''
+ tmpfile2=/tmp/tmpcuny59w7
+ '[' -z '' ']'
+ tmpfile=/tmp/tmpcuny59w7
+ echo -e '[registries.search]
registries = ['\''docker.io'\'']

[registries.insecure]
registries = []

[registries.block]
registries = []
'
+ podman rm -all
Error: --all and --latest cannot be used together
+ LOG_INFO 'Environmental preparation is over.'
+ message='Environmental preparation is over.'
+ python3 /root/mugen/libs/locallibs/mugen_log.py --level info --message 'Environmental preparation is over.'
Tue Nov 21 07:30:26 2023 - INFO  - Environmental preparation is over.
++ type -t run_test
+ '[' -n function ']'
+ run_test
+ LOG_INFO 'Start executing testcase.'
+ message='Start executing testcase.'
+ python3 /root/mugen/libs/locallibs/mugen_log.py --level info --message 'Start executing testcase.'
Tue Nov 21 07:30:27 2023 - INFO  - Start executing testcase.
+ podman pull postgres:alpine
Resolving "postgres" using unqualified-search registries (/etc/containers/registries.conf)
Trying to pull docker.io/library/postgres:alpine...
Error: choosing an image from manifest list docker://postgres:alpine: no image found in image index for architecture riscv64, variant "", OS linux
+ CHECK_RESULT 125
+ actual_result=125
+ expect_result=0
+ mode=0
+ error_log=
+ exit_mode=0
+ '[' -z 125 ']'
+ '[' 0 -eq 0 ']'
+ test 125x '!=' 0x
+ test -n ''
+ (( exec_result++ ))
+ LOG_ERROR 'oe_test_podman_25.sh line 37'
+ message='oe_test_podman_25.sh line 37'
+ python3 /root/mugen/libs/locallibs/mugen_log.py --level error --message 'oe_test_podman_25.sh line 37'
Tue Nov 21 07:30:31 2023 - ERROR - oe_test_podman_25.sh line 37
+ '[' 0 -eq 1 ']'
+ return 0
+ podman run --name postgres -e POSTGRES_PASSWORD=secret -d postgres:alpine
Resolving "postgres" using unqualified-search registries (/etc/containers/registries.conf)
Trying to pull docker.io/library/postgres:alpine...
Error: choosing an image from manifest list docker://postgres:alpine: no image found in image index for architecture riscv64, variant "", OS linux
+ CHECK_RESULT 125
+ actual_result=125
+ expect_result=0
+ mode=0
+ error_log=
+ exit_mode=0
+ '[' -z 125 ']'
+ '[' 0 -eq 0 ']'
+ test 125x '!=' 0x
+ test -n ''
+ (( exec_result++ ))
+ LOG_ERROR 'oe_test_podman_25.sh line 39'
+ message='oe_test_podman_25.sh line 39'
+ python3 /root/mugen/libs/locallibs/mugen_log.py --level error --message 'oe_test_podman_25.sh line 39'
Tue Nov 21 07:30:35 2023 - ERROR - oe_test_podman_25.sh line 39
+ '[' 0 -eq 1 ']'
+ return 0
+ podman save -q -o alpine.tar postgres:alpine
Error: postgres:alpine: image not known
+ CHECK_RESULT 125
+ actual_result=125
+ expect_result=0
+ mode=0
+ error_log=
+ exit_mode=0
+ '[' -z 125 ']'
+ '[' 0 -eq 0 ']'
+ test 125x '!=' 0x
+ test -n ''
+ (( exec_result++ ))
+ LOG_ERROR 'oe_test_podman_25.sh line 41'
+ message='oe_test_podman_25.sh line 41'
+ python3 /root/mugen/libs/locallibs/mugen_log.py --level error --message 'oe_test_podman_25.sh line 41'
Tue Nov 21 07:30:36 2023 - ERROR - oe_test_podman_25.sh line 41
+ '[' 0 -eq 1 ']'
+ return 0
+ test -f ./alpine.tar
+ CHECK_RESULT 1
+ actual_result=1
+ expect_result=0
+ mode=0
+ error_log=
+ exit_mode=0
+ '[' -z 1 ']'
+ '[' 0 -eq 0 ']'
+ test 1x '!=' 0x
+ test -n ''
+ (( exec_result++ ))
+ LOG_ERROR 'oe_test_podman_25.sh line 43'
+ message='oe_test_podman_25.sh line 43'
+ python3 /root/mugen/libs/locallibs/mugen_log.py --level error --message 'oe_test_podman_25.sh line 43'
Tue Nov 21 07:30:36 2023 - ERROR - oe_test_podman_25.sh line 43
+ '[' 0 -eq 1 ']'
+ return 0
+ grep ID
+ podman inspect -f json postgres
Error: error inspecting object: no such object: "postgres"
+ CHECK_RESULT 1
+ actual_result=1
+ expect_result=0
+ mode=0
+ error_log=
+ exit_mode=0
+ '[' -z 1 ']'
+ '[' 0 -eq 0 ']'
+ test 1x '!=' 0x
+ test -n ''
+ (( exec_result++ ))
+ LOG_ERROR 'oe_test_podman_25.sh line 45'
+ message='oe_test_podman_25.sh line 45'
+ python3 /root/mugen/libs/locallibs/mugen_log.py --level error --message 'oe_test_podman_25.sh line 45'
Tue Nov 21 07:30:38 2023 - ERROR - oe_test_podman_25.sh line 45
+ '[' 0 -eq 1 ']'
+ return 0
+ podman inspect postgres --format '{{.ImageName}}'
+ grep docker.io/library/postgres:alpine
Error: error inspecting object: no such object: "postgres"
+ CHECK_RESULT 1
+ actual_result=1
+ expect_result=0
+ mode=0
+ error_log=
+ exit_mode=0
+ '[' -z 1 ']'
+ '[' 0 -eq 0 ']'
+ test 1x '!=' 0x
+ test -n ''
+ (( exec_result++ ))
+ LOG_ERROR 'oe_test_podman_25.sh line 47'
+ message='oe_test_podman_25.sh line 47'
+ python3 /root/mugen/libs/locallibs/mugen_log.py --level error --message 'oe_test_podman_25.sh line 47'
Tue Nov 21 07:30:39 2023 - ERROR - oe_test_podman_25.sh line 47
+ '[' 0 -eq 1 ']'
+ return 0
+ podman inspect postgres --type all --format '{{.Name}}'
+ grep postgres
Error: error inspecting object: no such object: "postgres"
+ CHECK_RESULT 1
+ actual_result=1
+ expect_result=0
+ mode=0
+ error_log=
+ exit_mode=0
+ '[' -z 1 ']'
+ '[' 0 -eq 0 ']'
+ test 1x '!=' 0x
+ test -n ''
+ (( exec_result++ ))
+ LOG_ERROR 'oe_test_podman_25.sh line 49'
+ message='oe_test_podman_25.sh line 49'
+ python3 /root/mugen/libs/locallibs/mugen_log.py --level error --message 'oe_test_podman_25.sh line 49'
Tue Nov 21 07:30:40 2023 - ERROR - oe_test_podman_25.sh line 49
+ '[' 0 -eq 1 ']'
+ return 0
+ podman inspect postgres --type container --format '{{.Name}}'
+ grep postgres
Error: error inspecting object: no such container postgres
+ CHECK_RESULT 1
+ actual_result=1
+ expect_result=0
+ mode=0
+ error_log=
+ exit_mode=0
+ '[' -z 1 ']'
+ '[' 0 -eq 0 ']'
+ test 1x '!=' 0x
+ test -n ''
+ (( exec_result++ ))
+ LOG_ERROR 'oe_test_podman_25.sh line 51'
+ message='oe_test_podman_25.sh line 51'
+ python3 /root/mugen/libs/locallibs/mugen_log.py --level error --message 'oe_test_podman_25.sh line 51'
Tue Nov 21 07:30:41 2023 - ERROR - oe_test_podman_25.sh line 51
+ '[' 0 -eq 1 ']'
+ return 0
+ podman stop postgres
Error: no container with name or ID "postgres" found: no such container
+ CHECK_RESULT 125
+ actual_result=125
+ expect_result=0
+ mode=0
+ error_log=
+ exit_mode=0
+ '[' -z 125 ']'
+ '[' 0 -eq 0 ']'
+ test 125x '!=' 0x
+ test -n ''
+ (( exec_result++ ))
+ LOG_ERROR 'oe_test_podman_25.sh line 53'
+ message='oe_test_podman_25.sh line 53'
+ python3 /root/mugen/libs/locallibs/mugen_log.py --level error --message 'oe_test_podman_25.sh line 53'
Tue Nov 21 07:30:42 2023 - ERROR - oe_test_podman_25.sh line 53
+ '[' 0 -eq 1 ']'
+ return 0
+ podman rm postgres
Error: no container with name or ID "postgres" found: no such container
+ CHECK_RESULT 1
+ actual_result=1
+ expect_result=0
+ mode=0
+ error_log=
+ exit_mode=0
+ '[' -z 1 ']'
+ '[' 0 -eq 0 ']'
+ test 1x '!=' 0x
+ test -n ''
+ (( exec_result++ ))
+ LOG_ERROR 'oe_test_podman_25.sh line 55'
+ message='oe_test_podman_25.sh line 55'
+ python3 /root/mugen/libs/locallibs/mugen_log.py --level error --message 'oe_test_podman_25.sh line 55'
Tue Nov 21 07:30:43 2023 - ERROR - oe_test_podman_25.sh line 55
+ '[' 0 -eq 1 ']'
+ return 0
+ LOG_INFO 'End executing testcase.'
+ message='End executing testcase.'
+ python3 /root/mugen/libs/locallibs/mugen_log.py --level info --message 'End executing testcase.'
Tue Nov 21 07:30:44 2023 - INFO  - End executing testcase.
+ CASE_RESULT 0
+ case_re=0
+ test -z 10
+ test 10 -gt 0
+ LOG_ERROR 'failed to execute the case.'
+ message='failed to execute the case.'
+ python3 /root/mugen/libs/locallibs/mugen_log.py --level error --message 'failed to execute the case.'
Tue Nov 21 07:30:44 2023 - ERROR - failed to execute the case.
+ exit 10
+ post_test
+ LOG_INFO 'start environment cleanup.'
+ message='start environment cleanup.'
+ python3 /root/mugen/libs/locallibs/mugen_log.py --level info --message 'start environment cleanup.'
Tue Nov 21 07:30:45 2023 - INFO  - start environment cleanup.
+ rm -rf ./alpine.tar
+ clear_env
+ podman stop postgres
Error: no container with name or ID "postgres" found: no such container
+ podman rm --all
+ podman rmi -f --all
+ DNF_REMOVE
+ node=1
+ pkg_list=
+ mode=0
+ [[ -z /tmp/tmpcuny59w7 ]]
+ '[' 0 -ne 0 ']'
+ '[' 1 == 0 ']'
+ python3 /root/mugen/libs/locallibs/rpm_manage.py remove --node 1 --pkgs '' --tempfile /tmp/tmpcuny59w7
+ '[' 0 -ne 0 ']'
+ LOG_INFO 'Finish environment cleanup.'
+ message='Finish environment cleanup.'
+ python3 /root/mugen/libs/locallibs/mugen_log.py --level info --message 'Finish environment cleanup.'
Tue Nov 21 07:31:46 2023 - INFO  - Finish environment cleanup.
