using /home/minami/vscode/github/riscv-cof/test/riscof_work/rv64i_m/privilege/src/ecall.S/ref/Reference-sail_c_simulator.signature for test-signature output.
tohost located at 0x80001000
Running file ref.elf.
ELF Entry @ 0x80000000
begin_signature: 0x80003110
end_signature: 0x80003150
CSR mstatus <- 0x0000000A00000000 (input: 0x0000000000000000)
mem[X,0x0000000000001000] -> 0x0297
mem[X,0x0000000000001002] -> 0x0000
[0] [M]: 0x0000000000001000 (0x00000297) auipc t0, 0
x5 <- 0x0000000000001000
mem[X,0x0000000000001004] -> 0x8593
mem[X,0x0000000000001006] -> 0x0202
[1] [M]: 0x0000000000001004 (0x02028593) addi a1, t0, 32
x11 <- 0x0000000000001020
mem[X,0x0000000000001008] -> 0x2573
mem[X,0x000000000000100A] -> 0xF140
[2] [M]: 0x0000000000001008 (0xF1402573) csrrs a0, mhartid, zero
CSR mhartid -> 0x0000000000000000
x10 <- 0x0000000000000000
mem[X,0x000000000000100C] -> 0xB283
mem[X,0x000000000000100E] -> 0x0182
[3] [M]: 0x000000000000100C (0x0182B283) ld t0, 24(t0)
mem[R,0x0000000000001018] -> 0x0000000080000000
x5 <- 0x0000000080000000
mem[X,0x0000000000001010] -> 0x8067
mem[X,0x0000000000001012] -> 0x0002
[4] [M]: 0x0000000000001010 (0x00028067) jalr zero, t0, 0
mem[X,0x0000000080000000] -> 0x2317
mem[X,0x0000000080000002] -> 0x0000
[5] [M]: 0x0000000080000000 (0x00002317) auipc t1, 2
x6 <- 0x0000000080002000
mem[X,0x0000000080000004] -> 0x0313
mem[X,0x0000000080000006] -> 0x0003
[6] [M]: 0x0000000080000004 (0x00030313) addi t1, t1, 0
x6 <- 0x0000000080002000
mem[X,0x0000000080000008] -> 0x0013
mem[X,0x000000008000000A] -> 0x0000
[7] [M]: 0x0000000080000008 (0x00000013) addi zero, zero, 0
mem[X,0x000000008000000C] -> 0x0013
mem[X,0x000000008000000E] -> 0x0000
[8] [M]: 0x000000008000000C (0x00000013) addi zero, zero, 0
mem[X,0x0000000080000010] -> 0x0013
mem[X,0x0000000080000012] -> 0x0000
[9] [M]: 0x0000000080000010 (0x00000013) addi zero, zero, 0
mem[X,0x0000000080000014] -> 0x0013
mem[X,0x0000000080000016] -> 0x0000
[10] [M]: 0x0000000080000014 (0x00000013) addi zero, zero, 0
mem[X,0x0000000080000018] -> 0x0013
mem[X,0x000000008000001A] -> 0x0000
[11] [M]: 0x0000000080000018 (0x00000013) addi zero, zero, 0
mem[X,0x000000008000001C] -> 0x0013
mem[X,0x000000008000001E] -> 0x0000
[12] [M]: 0x000000008000001C (0x00000013) addi zero, zero, 0
mem[X,0x0000000080000020] -> 0x1473
mem[X,0x0000000080000022] -> 0x3403
[13] [M]: 0x0000000080000020 (0x34031473) csrrw fp, mscratch, t1
CSR mscratch -> 0x0000000000000000
CSR mscratch <- 0x0000000080002000 (input: 0x0000000080002000)
x8 <- 0x0000000000000000
mem[X,0x0000000080000024] -> 0x3823
mem[X,0x0000000080000026] -> 0x2483
[14] [M]: 0x0000000080000024 (0x24833823) sd fp, 592(t1)
mem[0x0000000080002250] <- 0x0000000000000000
mem[X,0x0000000080000028] -> 0x0393
mem[X,0x000000008000002A] -> 0x0000
[15] [M]: 0x0000000080000028 (0x00000393) addi t2, zero, 0
x7 <- 0x0000000000000000
mem[X,0x000000008000002C] -> 0x3C23
mem[X,0x000000008000002E] -> 0x2273
[16] [M]: 0x000000008000002C (0x22733C23) sd t2, 568(t1)
mem[0x0000000080002238] <- 0x0000000000000000
mem[X,0x0000000080000030] -> 0x2473
mem[X,0x0000000080000032] -> 0x3050
[17] [M]: 0x0000000080000030 (0x30502473) csrrs fp, mtvec, zero
CSR mtvec -> 0x0000000000000000
x8 <- 0x0000000000000000
mem[X,0x0000000080000034] -> 0x3423
mem[X,0x0000000080000036] -> 0x2483
[18] [M]: 0x0000000080000034 (0x24833423) sd fp, 584(t1)
mem[0x0000000080002248] <- 0x0000000000000000
mem[X,0x0000000080000038] -> 0x7393
mem[X,0x000000008000003A] -> 0x0034
[19] [M]: 0x0000000080000038 (0x00347393) andi t2, fp, 3
x7 <- 0x0000000000000000
mem[X,0x000000008000003C] -> 0x3483
mem[X,0x000000008000003E] -> 0x2303
[20] [M]: 0x000000008000003C (0x23033483) ld s1, 560(t1)
mem[R,0x0000000080002230] -> 0x0000000080000794
x9 <- 0x0000000080000794
mem[X,0x0000000080000040] -> 0x8493
mem[X,0x0000000080000042] -> 0xE2C4
[21] [M]: 0x0000000080000040 (0xE2C48493) addi s1, s1, 3628
x9 <- 0x00000000800005C0
mem[X,0x0000000080000044] -> 0xE3B3
mem[X,0x0000000080000046] -> 0x0074
[22] [M]: 0x0000000080000044 (0x0074E3B3) or t2, s1, t2
x7 <- 0x00000000800005C0
mem[X,0x0000000080000048] -> 0x3023
mem[X,0x000000008000004A] -> 0x2473
[23] [M]: 0x0000000080000048 (0x24733023) sd t2, 576(t1)
mem[0x0000000080002240] <- 0x00000000800005C0
mem[X,0x000000008000004C] -> 0x9073
mem[X,0x000000008000004E] -> 0x3053
[24] [M]: 0x000000008000004C (0x30539073) csrrw zero, mtvec, t2
CSR mtvec -> 0x0000000000000000
CSR mtvec <- 0x00000000800005C0 (input: 0x00000000800005C0)
mem[X,0x0000000080000050] -> 0x2573
mem[X,0x0000000080000052] -> 0x3050
[25] [M]: 0x0000000080000050 (0x30502573) csrrs a0, mtvec, zero
CSR mtvec -> 0x00000000800005C0
x10 <- 0x00000000800005C0
mem[X,0x0000000080000054] -> 0x0863
mem[X,0x0000000080000056] -> 0x0875
[26] [M]: 0x0000000080000054 (0x08750863) beq a0, t2, 144
mem[X,0x00000000800000E4] -> 0xC0B7
mem[X,0x00000000800000E6] -> 0xFEED
[27] [M]: 0x00000000800000E4 (0xFEEDC0B7) lui ra, 1044188
x1 <- 0xFFFFFFFFFEEDC000
mem[X,0x00000000800000E8] -> 0x8093
mem[X,0x00000000800000EA] -> 0xEAD0
[28] [M]: 0x00000000800000E8 (0xEAD08093) addi ra, ra, 3757
x1 <- 0xFFFFFFFFFEEDBEAD
mem[X,0x00000000800000EC] -> 0x9093
mem[X,0x00000000800000EE] -> 0x00B0
[29] [M]: 0x00000000800000EC (0x00B09093) slli ra, ra, 11
x1 <- 0xFFFFFFF76DF56800
mem[X,0x00000000800000F0] -> 0x8093
mem[X,0x00000000800000F2] -> 0x7F70
[30] [M]: 0x00000000800000F0 (0x7F708093) addi ra, ra, 2039
x1 <- 0xFFFFFFF76DF56FF7
mem[X,0x00000000800000F4] -> 0x9093
mem[X,0x00000000800000F6] -> 0x00B0
[31] [M]: 0x00000000800000F4 (0x00B09093) slli ra, ra, 11
x1 <- 0xFFFFBB6FAB7FB800
mem[X,0x00000000800000F8] -> 0x8093
mem[X,0x00000000800000FA] -> 0x36F0
[32] [M]: 0x00000000800000F8 (0x36F08093) addi ra, ra, 879
x1 <- 0xFFFFBB6FAB7FBB6F
mem[X,0x00000000800000FC] -> 0x9093
mem[X,0x00000000800000FE] -> 0x00A0
[33] [M]: 0x00000000800000FC (0x00A09093) slli ra, ra, 10
x1 <- 0xFEEDBEADFEEDBC00
mem[X,0x0000000080000100] -> 0x8093
mem[X,0x0000000080000102] -> 0x2AD0
[34] [M]: 0x0000000080000100 (0x2AD08093) addi ra, ra, 685
x1 <- 0xFEEDBEADFEEDBEAD
mem[X,0x0000000080000104] -> 0xE137
mem[X,0x0000000080000106] -> 0xFF76
[35] [M]: 0x0000000080000104 (0xFF76E137) lui sp, 1046382
x2 <- 0xFFFFFFFFFF76E000
mem[X,0x0000000080000108] -> 0x0113
mem[X,0x000000008000010A] -> 0xF561
[36] [M]: 0x0000000080000108 (0xF5610113) addi sp, sp, 3926
x2 <- 0xFFFFFFFFFF76DF56
mem[X,0x000000008000010C] -> 0x1113
mem[X,0x000000008000010E] -> 0x00B1
[37] [M]: 0x000000008000010C (0x00B11113) slli sp, sp, 11
x2 <- 0xFFFFFFFBB6FAB000
mem[X,0x0000000080000110] -> 0x0113
mem[X,0x0000000080000112] -> 0x7FB1
[38] [M]: 0x0000000080000110 (0x7FB10113) addi sp, sp, 2043
x2 <- 0xFFFFFFFBB6FAB7FB
mem[X,0x0000000080000114] -> 0x1113
mem[X,0x0000000080000116] -> 0x00B1
[39] [M]: 0x0000000080000114 (0x00B11113) slli sp, sp, 11
x2 <- 0xFFFFDDB7D5BFD800
mem[X,0x0000000080000118] -> 0x0113
mem[X,0x000000008000011A] -> 0x5B71
[40] [M]: 0x0000000080000118 (0x5B710113) addi sp, sp, 1463
x2 <- 0xFFFFDDB7D5BFDDB7
mem[X,0x000000008000011C] -> 0x1113
mem[X,0x000000008000011E] -> 0x00A1
[41] [M]: 0x000000008000011C (0x00A11113) slli sp, sp, 10
x2 <- 0xFF76DF56FF76DC00
mem[X,0x0000000080000120] -> 0x0113
mem[X,0x0000000080000122] -> 0x3561
[42] [M]: 0x0000000080000120 (0x35610113) addi sp, sp, 854
x2 <- 0xFF76DF56FF76DF56
mem[X,0x0000000080000124] -> 0x71B7
mem[X,0x0000000080000126] -> 0x7FBB
[43] [M]: 0x0000000080000124 (0x7FBB71B7) lui gp, 523191
x3 <- 0x000000007FBB7000
mem[X,0x0000000080000128] -> 0x8193
mem[X,0x000000008000012A] -> 0xFAB1
[44] [M]: 0x0000000080000128 (0xFAB18193) addi gp, gp, 4011
x3 <- 0x000000007FBB6FAB
mem[X,0x000000008000012C] -> 0x9193
mem[X,0x000000008000012E] -> 0x00B1
[45] [M]: 0x000000008000012C (0x00B19193) slli gp, gp, 11
x3 <- 0x000003FDDB7D5800
mem[X,0x0000000080000130] -> 0x8193
mem[X,0x0000000080000132] -> 0x3FD1
[46] [M]: 0x0000000080000130 (0x3FD18193) addi gp, gp, 1021
x3 <- 0x000003FDDB7D5BFD
mem[X,0x0000000080000134] -> 0x9193
mem[X,0x0000000080000136] -> 0x00B1
[47] [M]: 0x0000000080000134 (0x00B19193) slli gp, gp, 11
x3 <- 0x001FEEDBEADFE800
mem[X,0x0000000080000138] -> 0x8193
mem[X,0x000000008000013A] -> 0x6DB1
[48] [M]: 0x0000000080000138 (0x6DB18193) addi gp, gp, 1755
x3 <- 0x001FEEDBEADFEEDB
mem[X,0x000000008000013C] -> 0x9193
mem[X,0x000000008000013E] -> 0x00A1
[49] [M]: 0x000000008000013C (0x00A19193) slli gp, gp, 10
x3 <- 0x7FBB6FAB7FBB6C00
mem[X,0x0000000080000140] -> 0x8193
mem[X,0x0000000080000142] -> 0x3AB1
[50] [M]: 0x0000000080000140 (0x3AB18193) addi gp, gp, 939
x3 <- 0x7FBB6FAB7FBB6FAB
mem[X,0x0000000080000144] -> 0xB237
mem[X,0x0000000080000146] -> 0xBFDD
[51] [M]: 0x0000000080000144 (0xBFDDB237) lui tp, 785883
x4 <- 0xFFFFFFFFBFDDB000
mem[X,0x0000000080000148] -> 0x0213
mem[X,0x000000008000014A] -> 0x7D52
[52] [M]: 0x0000000080000148 (0x7D520213) addi tp, tp, 2005
x4 <- 0xFFFFFFFFBFDDB7D5
mem[X,0x000000008000014C] -> 0x1213
mem[X,0x000000008000014E] -> 0x00B2
[53] [M]: 0x000000008000014C (0x00B21213) slli tp, tp, 11
x4 <- 0xFFFFFDFEEDBEA800
mem[X,0x0000000080000150] -> 0x0213
mem[X,0x0000000080000152] -> 0x5FE2
[54] [M]: 0x0000000080000150 (0x5FE20213) addi tp, tp, 1534
x4 <- 0xFFFFFDFEEDBEADFE
mem[X,0x0000000080000154] -> 0x1213
mem[X,0x0000000080000156] -> 0x00B2
[55] [M]: 0x0000000080000154 (0x00B21213) slli tp, tp, 11
x4 <- 0xFFEFF76DF56FF000
mem[X,0x0000000080000158] -> 0x0213
mem[X,0x000000008000015A] -> 0x76D2
[56] [M]: 0x0000000080000158 (0x76D20213) addi tp, tp, 1901
x4 <- 0xFFEFF76DF56FF76D
mem[X,0x000000008000015C] -> 0x1213
mem[X,0x000000008000015E] -> 0x00A2
[57] [M]: 0x000000008000015C (0x00A21213) slli tp, tp, 10
x4 <- 0xBFDDB7D5BFDDB400
mem[X,0x0000000080000160] -> 0x0213
mem[X,0x0000000080000162] -> 0x3D52
[58] [M]: 0x0000000080000160 (0x3D520213) addi tp, tp, 981
x4 <- 0xBFDDB7D5BFDDB7D5
mem[X,0x0000000080000164] -> 0xE2B7
mem[X,0x0000000080000166] -> 0xDFEE
[59] [M]: 0x0000000080000164 (0xDFEEE2B7) lui t0, 917230
x5 <- 0xFFFFFFFFDFEEE000
mem[X,0x0000000080000168] -> 0x8293
mem[X,0x000000008000016A] -> 0xBEA2
[60] [M]: 0x0000000080000168 (0xBEA28293) addi t0, t0, 3050
x5 <- 0xFFFFFFFFDFEEDBEA
mem[X,0x000000008000016C] -> 0x9293
mem[X,0x000000008000016E] -> 0x00B2
[61] [M]: 0x000000008000016C (0x00B29293) slli t0, t0, 11
x5 <- 0xFFFFFEFF76DF5000
mem[X,0x0000000080000170] -> 0x8293
mem[X,0x0000000080000172] -> 0x6FF2
[62] [M]: 0x0000000080000170 (0x6FF28293) addi t0, t0, 1791
x5 <- 0xFFFFFEFF76DF56FF
mem[X,0x0000000080000174] -> 0x9293
mem[X,0x0000000080000176] -> 0x00B2
[63] [M]: 0x0000000080000174 (0x00B29293) slli t0, t0, 11
x5 <- 0xFFF7FBB6FAB7F800
mem[X,0x0000000080000178] -> 0x8293
mem[X,0x000000008000017A] -> 0x3B62
[64] [M]: 0x0000000080000178 (0x3B628293) addi t0, t0, 950
x5 <- 0xFFF7FBB6FAB7FBB6
mem[X,0x000000008000017C] -> 0x9293
mem[X,0x000000008000017E] -> 0x00A2
[65] [M]: 0x000000008000017C (0x00A29293) slli t0, t0, 10
x5 <- 0xDFEEDBEADFEED800
mem[X,0x0000000080000180] -> 0x8293
mem[X,0x0000000080000182] -> 0x3EA2
[66] [M]: 0x0000000080000180 (0x3EA28293) addi t0, t0, 1002
x5 <- 0xDFEEDBEADFEEDBEA
mem[X,0x0000000080000184] -> 0x7337
mem[X,0x0000000080000186] -> 0x6FF7
[67] [M]: 0x0000000080000184 (0x6FF77337) lui t1, 458615
x6 <- 0x000000006FF77000
mem[X,0x0000000080000188] -> 0x0313
mem[X,0x000000008000018A] -> 0xDF53
[68] [M]: 0x0000000080000188 (0xDF530313) addi t1, t1, 3573
x6 <- 0x000000006FF76DF5
mem[X,0x000000008000018C] -> 0x1313
mem[X,0x000000008000018E] -> 0x00B3
[69] [M]: 0x000000008000018C (0x00B31313) slli t1, t1, 11
x6 <- 0x0000037FBB6FA800
mem[X,0x0000000080000190] -> 0x0313
mem[X,0x0000000080000192] -> 0x37F3
[70] [M]: 0x0000000080000190 (0x37F30313) addi t1, t1, 895
x6 <- 0x0000037FBB6FAB7F
mem[X,0x0000000080000194] -> 0x1313
mem[X,0x0000000080000196] -> 0x00B3
[71] [M]: 0x0000000080000194 (0x00B31313) slli t1, t1, 11
x6 <- 0x001BFDDB7D5BF800
mem[X,0x0000000080000198] -> 0x0313
mem[X,0x000000008000019A] -> 0x5DB3
[72] [M]: 0x0000000080000198 (0x5DB30313) addi t1, t1, 1499
x6 <- 0x001BFDDB7D5BFDDB
mem[X,0x000000008000019C] -> 0x1313
mem[X,0x000000008000019E] -> 0x00A3
[73] [M]: 0x000000008000019C (0x00A31313) slli t1, t1, 10
x6 <- 0x6FF76DF56FF76C00
mem[X,0x00000000800001A0] -> 0x0313
mem[X,0x00000000800001A2] -> 0x1F53
[74] [M]: 0x00000000800001A0 (0x1F530313) addi t1, t1, 501
x6 <- 0x6FF76DF56FF76DF5
mem[X,0x00000000800001A4] -> 0xB3B7
mem[X,0x00000000800001A6] -> 0xB7FB
[75] [M]: 0x00000000800001A4 (0xB7FBB3B7) lui t2, 753595
x7 <- 0xFFFFFFFFB7FBB000
mem[X,0x00000000800001A8] -> 0x8393
mem[X,0x00000000800001AA] -> 0x6FA3
[76] [M]: 0x00000000800001A8 (0x6FA38393) addi t2, t2, 1786
x7 <- 0xFFFFFFFFB7FBB6FA
mem[X,0x00000000800001AC] -> 0x9393
mem[X,0x00000000800001AE] -> 0x00B3
[77] [M]: 0x00000000800001AC (0x00B39393) slli t2, t2, 11
x7 <- 0xFFFFFDBFDDB7D000
mem[X,0x00000000800001B0] -> 0x8393
mem[X,0x00000000800001B2] -> 0x5BF3
[78] [M]: 0x00000000800001B0 (0x5BF38393) addi t2, t2, 1471
x7 <- 0xFFFFFDBFDDB7D5BF
mem[X,0x00000000800001B4] -> 0x9393
mem[X,0x00000000800001B6] -> 0x00B3
[79] [M]: 0x00000000800001B4 (0x00B39393) slli t2, t2, 11
x7 <- 0xFFEDFEEDBEADF800
mem[X,0x00000000800001B8] -> 0x8393
mem[X,0x00000000800001BA] -> 0x6ED3
[80] [M]: 0x00000000800001B8 (0x6ED38393) addi t2, t2, 1773
x7 <- 0xFFEDFEEDBEADFEED
mem[X,0x00000000800001BC] -> 0x9393
mem[X,0x00000000800001BE] -> 0x00A3
[81] [M]: 0x00000000800001BC (0x00A39393) slli t2, t2, 10
x7 <- 0xB7FBB6FAB7FBB400
mem[X,0x00000000800001C0] -> 0x8393
mem[X,0x00000000800001C2] -> 0x2FA3
[82] [M]: 0x00000000800001C0 (0x2FA38393) addi t2, t2, 762
x7 <- 0xB7FBB6FAB7FBB6FA
mem[X,0x00000000800001C4] -> 0xE437
mem[X,0x00000000800001C6] -> 0x5BFD
[83] [M]: 0x00000000800001C4 (0x5BFDE437) lui fp, 376798
x8 <- 0x000000005BFDE000
mem[X,0x00000000800001C8] -> 0x0413
mem[X,0x00000000800001CA] -> 0xB7D4
[84] [M]: 0x00000000800001C8 (0xB7D40413) addi fp, fp, 2941
x8 <- 0x000000005BFDDB7D
mem[X,0x00000000800001CC] -> 0x1413
mem[X,0x00000000800001CE] -> 0x00B4
[85] [M]: 0x00000000800001CC (0x00B41413) slli fp, fp, 11
x8 <- 0x000002DFEEDBE800
mem[X,0x00000000800001D0] -> 0x0413
mem[X,0x00000000800001D2] -> 0x2DF4
[86] [M]: 0x00000000800001D0 (0x2DF40413) addi fp, fp, 735
x8 <- 0x000002DFEEDBEADF
mem[X,0x00000000800001D4] -> 0x1413
mem[X,0x00000000800001D6] -> 0x00B4
[87] [M]: 0x00000000800001D4 (0x00B41413) slli fp, fp, 11
x8 <- 0x0016FF76DF56F800
mem[X,0x00000000800001D8] -> 0x0413
mem[X,0x00000000800001DA] -> 0x7764
[88] [M]: 0x00000000800001D8 (0x77640413) addi fp, fp, 1910
x8 <- 0x0016FF76DF56FF76
mem[X,0x00000000800001DC] -> 0x1413
mem[X,0x00000000800001DE] -> 0x00A4
[89] [M]: 0x00000000800001DC (0x00A41413) slli fp, fp, 10
x8 <- 0x5BFDDB7D5BFDD800
mem[X,0x00000000800001E0] -> 0x0413
mem[X,0x00000000800001E2] -> 0x37D4
[90] [M]: 0x00000000800001E0 (0x37D40413) addi fp, fp, 893
x8 <- 0x5BFDDB7D5BFDDB7D
mem[X,0x00000000800001E4] -> 0xF4B7
mem[X,0x00000000800001E6] -> 0xADFE
[91] [M]: 0x00000000800001E4 (0xADFEF4B7) lui s1, 712687
x9 <- 0xFFFFFFFFADFEF000
mem[X,0x00000000800001E8] -> 0x8493
mem[X,0x00000000800001EA] -> 0xDBE4
[92] [M]: 0x00000000800001E8 (0xDBE48493) addi s1, s1, 3518
x9 <- 0xFFFFFFFFADFEEDBE
mem[X,0x00000000800001EC] -> 0x9493
mem[X,0x00000000800001EE] -> 0x00B4
[93] [M]: 0x00000000800001EC (0x00B49493) slli s1, s1, 11
x9 <- 0xFFFFFD6FF76DF000
mem[X,0x00000000800001F0] -> 0x8493
mem[X,0x00000000800001F2] -> 0x56F4
[94] [M]: 0x00000000800001F0 (0x56F48493) addi s1, s1, 1391
x9 <- 0xFFFFFD6FF76DF56F
mem[X,0x00000000800001F4] -> 0x9493
mem[X,0x00000000800001F6] -> 0x00B4
[95] [M]: 0x00000000800001F4 (0x00B49493) slli s1, s1, 11
x9 <- 0xFFEB7FBB6FAB7800
mem[X,0x00000000800001F8] -> 0x8493
mem[X,0x00000000800001FA] -> 0x7BB4
[96] [M]: 0x00000000800001F8 (0x7BB48493) addi s1, s1, 1979
x9 <- 0xFFEB7FBB6FAB7FBB
mem[X,0x00000000800001FC] -> 0x9493
mem[X,0x00000000800001FE] -> 0x00A4
[97] [M]: 0x00000000800001FC (0x00A49493) slli s1, s1, 10
x9 <- 0xADFEEDBEADFEEC00
mem[X,0x0000000080000200] -> 0x8493
mem[X,0x0000000080000202] -> 0x1BE4
[98] [M]: 0x0000000080000200 (0x1BE48493) addi s1, s1, 446
x9 <- 0xADFEEDBEADFEEDBE
mem[X,0x0000000080000204] -> 0x7537
mem[X,0x0000000080000206] -> 0x56FF
[99] [M]: 0x0000000080000204 (0x56FF7537) lui a0, 356343
x10 <- 0x0000000056FF7000
clint::tick mtime <- 0x0000000000000001
 clint timer pending at mtime 0x0000000000000001
htif::tick 0x0000000000000000
mem[X,0x0000000080000208] -> 0x0513
mem[X,0x000000008000020A] -> 0x6DF5
[100] [M]: 0x0000000080000208 (0x6DF50513) addi a0, a0, 1759
x10 <- 0x0000000056FF76DF
mem[X,0x000000008000020C] -> 0x1513
mem[X,0x000000008000020E] -> 0x00B5
[101] [M]: 0x000000008000020C (0x00B51513) slli a0, a0, 11
x10 <- 0x000002B7FBB6F800
mem[X,0x0000000080000210] -> 0x0513
mem[X,0x0000000080000212] -> 0x2B75
[102] [M]: 0x0000000080000210 (0x2B750513) addi a0, a0, 695
x10 <- 0x000002B7FBB6FAB7
mem[X,0x0000000080000214] -> 0x1513
mem[X,0x0000000080000216] -> 0x00B5
[103] [M]: 0x0000000080000214 (0x00B51513) slli a0, a0, 11
x10 <- 0x0015BFDDB7D5B800
mem[X,0x0000000080000218] -> 0x0513
mem[X,0x000000008000021A] -> 0x7DD5
[104] [M]: 0x0000000080000218 (0x7DD50513) addi a0, a0, 2013
x10 <- 0x0015BFDDB7D5BFDD
mem[X,0x000000008000021C] -> 0x1513
mem[X,0x000000008000021E] -> 0x00A5
[105] [M]: 0x000000008000021C (0x00A51513) slli a0, a0, 10
x10 <- 0x56FF76DF56FF7400
mem[X,0x0000000080000220] -> 0x0513
mem[X,0x0000000080000222] -> 0x2DF5
[106] [M]: 0x0000000080000220 (0x2DF50513) addi a0, a0, 735
x10 <- 0x56FF76DF56FF76DF
mem[X,0x0000000080000224] -> 0xC5B7
mem[X,0x0000000080000226] -> 0xAB7F
[107] [M]: 0x0000000080000224 (0xAB7FC5B7) lui a1, 702460
x11 <- 0xFFFFFFFFAB7FC000
mem[X,0x0000000080000228] -> 0x8593
mem[X,0x000000008000022A] -> 0xB6F5
[108] [M]: 0x0000000080000228 (0xB6F58593) addi a1, a1, 2927
x11 <- 0xFFFFFFFFAB7FBB6F
mem[X,0x000000008000022C] -> 0x9593
mem[X,0x000000008000022E] -> 0x00B5
[109] [M]: 0x000000008000022C (0x00B59593) slli a1, a1, 11
x11 <- 0xFFFFFD5BFDDB7800
mem[X,0x0000000080000230] -> 0x8593
mem[X,0x0000000080000232] -> 0x55B5
[110] [M]: 0x0000000080000230 (0x55B58593) addi a1, a1, 1371
x11 <- 0xFFFFFD5BFDDB7D5B
mem[X,0x0000000080000234] -> 0x9593
mem[X,0x0000000080000236] -> 0x00B5
[111] [M]: 0x0000000080000234 (0x00B59593) slli a1, a1, 11
x11 <- 0xFFEADFEEDBEAD800
mem[X,0x0000000080000238] -> 0x8593
mem[X,0x000000008000023A] -> 0x7EE5
[112] [M]: 0x0000000080000238 (0x7EE58593) addi a1, a1, 2030
x11 <- 0xFFEADFEEDBEADFEE
mem[X,0x000000008000023C] -> 0x9593
mem[X,0x000000008000023E] -> 0x00A5
[113] [M]: 0x000000008000023C (0x00A59593) slli a1, a1, 10
x11 <- 0xAB7FBB6FAB7FB800
mem[X,0x0000000080000240] -> 0x8593
mem[X,0x0000000080000242] -> 0x36F5
[114] [M]: 0x0000000080000240 (0x36F58593) addi a1, a1, 879
x11 <- 0xAB7FBB6FAB7FBB6F
mem[X,0x0000000080000244] -> 0xE637
mem[X,0x0000000080000246] -> 0xD5BF
[115] [M]: 0x0000000080000244 (0xD5BFE637) lui a2, 875518
x12 <- 0xFFFFFFFFD5BFE000
mem[X,0x0000000080000248] -> 0x0613
mem[X,0x000000008000024A] -> 0xDB76
[116] [M]: 0x0000000080000248 (0xDB760613) addi a2, a2, 3511
x12 <- 0xFFFFFFFFD5BFDDB7
mem[X,0x000000008000024C] -> 0x1613
mem[X,0x000000008000024E] -> 0x00B6
[117] [M]: 0x000000008000024C (0x00B61613) slli a2, a2, 11
x12 <- 0xFFFFFEADFEEDB800
mem[X,0x0000000080000250] -> 0x0613
mem[X,0x0000000080000252] -> 0x6AD6
[118] [M]: 0x0000000080000250 (0x6AD60613) addi a2, a2, 1709
x12 <- 0xFFFFFEADFEEDBEAD
mem[X,0x0000000080000254] -> 0x1613
mem[X,0x0000000080000256] -> 0x00B6
[119] [M]: 0x0000000080000254 (0x00B61613) slli a2, a2, 11
x12 <- 0xFFF56FF76DF56800
mem[X,0x0000000080000258] -> 0x0613
mem[X,0x000000008000025A] -> 0x7F76
[120] [M]: 0x0000000080000258 (0x7F760613) addi a2, a2, 2039
x12 <- 0xFFF56FF76DF56FF7
mem[X,0x000000008000025C] -> 0x1613
mem[X,0x000000008000025E] -> 0x00A6
[121] [M]: 0x000000008000025C (0x00A61613) slli a2, a2, 10
x12 <- 0xD5BFDDB7D5BFDC00
mem[X,0x0000000080000260] -> 0x0613
mem[X,0x0000000080000262] -> 0x1B76
[122] [M]: 0x0000000080000260 (0x1B760613) addi a2, a2, 439
x12 <- 0xD5BFDDB7D5BFDDB7
mem[X,0x0000000080000264] -> 0xF6B7
mem[X,0x0000000080000266] -> 0xEADF
[123] [M]: 0x0000000080000264 (0xEADFF6B7) lui a3, 962047
x13 <- 0xFFFFFFFFEADFF000
mem[X,0x0000000080000268] -> 0x8693
mem[X,0x000000008000026A] -> 0xEDB6
[124] [M]: 0x0000000080000268 (0xEDB68693) addi a3, a3, 3803
x13 <- 0xFFFFFFFFEADFEEDB
mem[X,0x000000008000026C] -> 0x9693
mem[X,0x000000008000026E] -> 0x00B6
[125] [M]: 0x000000008000026C (0x00B69693) slli a3, a3, 11
x13 <- 0xFFFFFF56FF76D800
mem[X,0x0000000080000270] -> 0x8693
mem[X,0x0000000080000272] -> 0x7566
[126] [M]: 0x0000000080000270 (0x75668693) addi a3, a3, 1878
x13 <- 0xFFFFFF56FF76DF56
mem[X,0x0000000080000274] -> 0x9693
mem[X,0x0000000080000276] -> 0x00B6
[127] [M]: 0x0000000080000274 (0x00B69693) slli a3, a3, 11
x13 <- 0xFFFAB7FBB6FAB000
mem[X,0x0000000080000278] -> 0x8693
mem[X,0x000000008000027A] -> 0x7FB6
[128] [M]: 0x0000000080000278 (0x7FB68693) addi a3, a3, 2043
x13 <- 0xFFFAB7FBB6FAB7FB
mem[X,0x000000008000027C] -> 0x9693
mem[X,0x000000008000027E] -> 0x00A6
[129] [M]: 0x000000008000027C (0x00A69693) slli a3, a3, 10
x13 <- 0xEADFEEDBEADFEC00
mem[X,0x0000000080000280] -> 0x8693
mem[X,0x0000000080000282] -> 0x2DB6
[130] [M]: 0x0000000080000280 (0x2DB68693) addi a3, a3, 731
x13 <- 0xEADFEEDBEADFEEDB
mem[X,0x0000000080000284] -> 0xF737
mem[X,0x0000000080000286] -> 0xF56F
[131] [M]: 0x0000000080000284 (0xF56FF737) lui a4, 1005311
x14 <- 0xFFFFFFFFF56FF000
mem[X,0x0000000080000288] -> 0x0713
mem[X,0x000000008000028A] -> 0x76D7
[132] [M]: 0x0000000080000288 (0x76D70713) addi a4, a4, 1901
x14 <- 0xFFFFFFFFF56FF76D
mem[X,0x000000008000028C] -> 0x1713
mem[X,0x000000008000028E] -> 0x00B7
[133] [M]: 0x000000008000028C (0x00B71713) slli a4, a4, 11
x14 <- 0xFFFFFFAB7FBB6800
mem[X,0x0000000080000290] -> 0x0713
mem[X,0x0000000080000292] -> 0x7AB7
[134] [M]: 0x0000000080000290 (0x7AB70713) addi a4, a4, 1963
x14 <- 0xFFFFFFAB7FBB6FAB
mem[X,0x0000000080000294] -> 0x1713
mem[X,0x0000000080000296] -> 0x00B7
[135] [M]: 0x0000000080000294 (0x00B71713) slli a4, a4, 11
x14 <- 0xFFFD5BFDDB7D5800
mem[X,0x0000000080000298] -> 0x0713
mem[X,0x000000008000029A] -> 0x3FD7
[136] [M]: 0x0000000080000298 (0x3FD70713) addi a4, a4, 1021
x14 <- 0xFFFD5BFDDB7D5BFD
mem[X,0x000000008000029C] -> 0x1713
mem[X,0x000000008000029E] -> 0x00A7
[137] [M]: 0x000000008000029C (0x00A71713) slli a4, a4, 10
x14 <- 0xF56FF76DF56FF400
mem[X,0x00000000800002A0] -> 0x0713
mem[X,0x00000000800002A2] -> 0x36D7
[138] [M]: 0x00000000800002A0 (0x36D70713) addi a4, a4, 877
x14 <- 0xF56FF76DF56FF76D
mem[X,0x00000000800002A4] -> 0x07B7
mem[X,0x00000000800002A6] -> 0xFAB8
[139] [M]: 0x00000000800002A4 (0xFAB807B7) lui a5, 1026944
x15 <- 0xFFFFFFFFFAB80000
mem[X,0x00000000800002A8] -> 0x8793
mem[X,0x00000000800002AA] -> 0xBB67
[140] [M]: 0x00000000800002A8 (0xBB678793) addi a5, a5, 2998
x15 <- 0xFFFFFFFFFAB7FBB6
mem[X,0x00000000800002AC] -> 0x9793
mem[X,0x00000000800002AE] -> 0x00B7
[141] [M]: 0x00000000800002AC (0x00B79793) slli a5, a5, 11
x15 <- 0xFFFFFFD5BFDDB000
mem[X,0x00000000800002B0] -> 0x8793
mem[X,0x00000000800002B2] -> 0x7D57
[142] [M]: 0x00000000800002B0 (0x7D578793) addi a5, a5, 2005
x15 <- 0xFFFFFFD5BFDDB7D5
mem[X,0x00000000800002B4] -> 0x9793
mem[X,0x00000000800002B6] -> 0x00B7
[143] [M]: 0x00000000800002B4 (0x00B79793) slli a5, a5, 11
x15 <- 0xFFFEADFEEDBEA800
mem[X,0x00000000800002B8] -> 0x8793
mem[X,0x00000000800002BA] -> 0x5FE7
[144] [M]: 0x00000000800002B8 (0x5FE78793) addi a5, a5, 1534
x15 <- 0xFFFEADFEEDBEADFE
mem[X,0x00000000800002BC] -> 0x9793
mem[X,0x00000000800002BE] -> 0x00A7
[145] [M]: 0x00000000800002BC (0x00A79793) slli a5, a5, 10
x15 <- 0xFAB7FBB6FAB7F800
mem[X,0x00000000800002C0] -> 0x8793
mem[X,0x00000000800002C2] -> 0x3B67
[146] [M]: 0x00000000800002C0 (0x3B678793) addi a5, a5, 950
x15 <- 0xFAB7FBB6FAB7FBB6
mem[X,0x00000000800002C4] -> 0x0837
mem[X,0x00000000800002C6] -> 0x7D5C
[147] [M]: 0x00000000800002C4 (0x7D5C0837) lui a6, 513472
x16 <- 0x000000007D5C0000
mem[X,0x00000000800002C8] -> 0x0813
mem[X,0x00000000800002CA] -> 0xDDB8
[148] [M]: 0x00000000800002C8 (0xDDB80813) addi a6, a6, 3547
x16 <- 0x000000007D5BFDDB
mem[X,0x00000000800002CC] -> 0x1813
mem[X,0x00000000800002CE] -> 0x00B8
[149] [M]: 0x00000000800002CC (0x00B81813) slli a6, a6, 11
x16 <- 0x000003EADFEED800
mem[X,0x00000000800002D0] -> 0x0813
mem[X,0x00000000800002D2] -> 0x3EA8
[150] [M]: 0x00000000800002D0 (0x3EA80813) addi a6, a6, 1002
x16 <- 0x000003EADFEEDBEA
mem[X,0x00000000800002D4] -> 0x1813
mem[X,0x00000000800002D6] -> 0x00B8
[151] [M]: 0x00000000800002D4 (0x00B81813) slli a6, a6, 11
x16 <- 0x001F56FF76DF5000
mem[X,0x00000000800002D8] -> 0x0813
mem[X,0x00000000800002DA] -> 0x6FF8
[152] [M]: 0x00000000800002D8 (0x6FF80813) addi a6, a6, 1791
x16 <- 0x001F56FF76DF56FF
mem[X,0x00000000800002DC] -> 0x1813
mem[X,0x00000000800002DE] -> 0x00A8
[153] [M]: 0x00000000800002DC (0x00A81813) slli a6, a6, 10
x16 <- 0x7D5BFDDB7D5BFC00
mem[X,0x00000000800002E0] -> 0x0813
mem[X,0x00000000800002E2] -> 0x1DB8
[154] [M]: 0x00000000800002E0 (0x1DB80813) addi a6, a6, 475
x16 <- 0x7D5BFDDB7D5BFDDB
mem[X,0x00000000800002E4] -> 0x08B7
mem[X,0x00000000800002E6] -> 0xBEAE
[155] [M]: 0x00000000800002E4 (0xBEAE08B7) lui a7, 781024
x17 <- 0xFFFFFFFFBEAE0000
mem[X,0x00000000800002E8] -> 0x8893
mem[X,0x00000000800002EA] -> 0xEED8
[156] [M]: 0x00000000800002E8 (0xEED88893) addi a7, a7, 3821
x17 <- 0xFFFFFFFFBEADFEED
mem[X,0x00000000800002EC] -> 0x9893
mem[X,0x00000000800002EE] -> 0x00B8
[157] [M]: 0x00000000800002EC (0x00B89893) slli a7, a7, 11
x17 <- 0xFFFFFDF56FF76800
mem[X,0x00000000800002F0] -> 0x8893
mem[X,0x00000000800002F2] -> 0x5F58
[158] [M]: 0x00000000800002F0 (0x5F588893) addi a7, a7, 1525
x17 <- 0xFFFFFDF56FF76DF5
mem[X,0x00000000800002F4] -> 0x9893
mem[X,0x00000000800002F6] -> 0x00B8
[159] [M]: 0x00000000800002F4 (0x00B89893) slli a7, a7, 11
x17 <- 0xFFEFAB7FBB6FA800
mem[X,0x00000000800002F8] -> 0x8893
mem[X,0x00000000800002FA] -> 0x37F8
[160] [M]: 0x00000000800002F8 (0x37F88893) addi a7, a7, 895
x17 <- 0xFFEFAB7FBB6FAB7F
mem[X,0x00000000800002FC] -> 0x9893
mem[X,0x00000000800002FE] -> 0x00A8
[161] [M]: 0x00000000800002FC (0x00A89893) slli a7, a7, 10
x17 <- 0xBEADFEEDBEADFC00
mem[X,0x0000000080000300] -> 0x8893
mem[X,0x0000000080000302] -> 0x2ED8
[162] [M]: 0x0000000080000300 (0x2ED88893) addi a7, a7, 749
x17 <- 0xBEADFEEDBEADFEED
mem[X,0x0000000080000304] -> 0x0937
mem[X,0x0000000080000306] -> 0xDF57
[163] [M]: 0x0000000080000304 (0xDF570937) lui s2, 914800
x18 <- 0xFFFFFFFFDF570000
mem[X,0x0000000080000308] -> 0x0913
mem[X,0x000000008000030A] -> 0xF769
[164] [M]: 0x0000000080000308 (0xF7690913) addi s2, s2, 3958
x18 <- 0xFFFFFFFFDF56FF76
mem[X,0x000000008000030C] -> 0x1913
mem[X,0x000000008000030E] -> 0x00B9
[165] [M]: 0x000000008000030C (0x00B91913) slli s2, s2, 11
x18 <- 0xFFFFFEFAB7FBB000
mem[X,0x0000000080000310] -> 0x0913
mem[X,0x0000000080000312] -> 0x6FA9
[166] [M]: 0x0000000080000310 (0x6FA90913) addi s2, s2, 1786
x18 <- 0xFFFFFEFAB7FBB6FA
mem[X,0x0000000080000314] -> 0x1913
mem[X,0x0000000080000316] -> 0x00B9
[167] [M]: 0x0000000080000314 (0x00B91913) slli s2, s2, 11
x18 <- 0xFFF7D5BFDDB7D000
mem[X,0x0000000080000318] -> 0x0913
mem[X,0x000000008000031A] -> 0x5BF9
[168] [M]: 0x0000000080000318 (0x5BF90913) addi s2, s2, 1471
x18 <- 0xFFF7D5BFDDB7D5BF
mem[X,0x000000008000031C] -> 0x1913
mem[X,0x000000008000031E] -> 0x00A9
[169] [M]: 0x000000008000031C (0x00A91913) slli s2, s2, 10
x18 <- 0xDF56FF76DF56FC00
mem[X,0x0000000080000320] -> 0x0913
mem[X,0x0000000080000322] -> 0x3769
[170] [M]: 0x0000000080000320 (0x37690913) addi s2, s2, 886
x18 <- 0xDF56FF76DF56FF76
mem[X,0x0000000080000324] -> 0x89B7
mem[X,0x0000000080000326] -> 0x6FAB
[171] [M]: 0x0000000080000324 (0x6FAB89B7) lui s3, 457400
x19 <- 0x000000006FAB8000
mem[X,0x0000000080000328] -> 0x8993
mem[X,0x000000008000032A] -> 0xFBB9
[172] [M]: 0x0000000080000328 (0xFBB98993) addi s3, s3, 4027
x19 <- 0x000000006FAB7FBB
mem[X,0x000000008000032C] -> 0x9993
mem[X,0x000000008000032E] -> 0x00B9
[173] [M]: 0x000000008000032C (0x00B99993) slli s3, s3, 11
x19 <- 0x0000037D5BFDD800
mem[X,0x0000000080000330] -> 0x8993
mem[X,0x0000000080000332] -> 0x37D9
[174] [M]: 0x0000000080000330 (0x37D98993) addi s3, s3, 893
x19 <- 0x0000037D5BFDDB7D
mem[X,0x0000000080000334] -> 0x9993
mem[X,0x0000000080000336] -> 0x00B9
[175] [M]: 0x0000000080000334 (0x00B99993) slli s3, s3, 11
x19 <- 0x001BEADFEEDBE800
mem[X,0x0000000080000338] -> 0x8993
mem[X,0x000000008000033A] -> 0x2DF9
[176] [M]: 0x0000000080000338 (0x2DF98993) addi s3, s3, 735
x19 <- 0x001BEADFEEDBEADF
mem[X,0x000000008000033C] -> 0x9993
mem[X,0x000000008000033E] -> 0x00A9
[177] [M]: 0x000000008000033C (0x00A99993) slli s3, s3, 10
x19 <- 0x6FAB7FBB6FAB7C00
mem[X,0x0000000080000340] -> 0x8993
mem[X,0x0000000080000342] -> 0x3BB9
[178] [M]: 0x0000000080000340 (0x3BB98993) addi s3, s3, 955
x19 <- 0x6FAB7FBB6FAB7FBB
mem[X,0x0000000080000344] -> 0xCA37
mem[X,0x0000000080000346] -> 0xB7D5
[179] [M]: 0x0000000080000344 (0xB7D5CA37) lui s4, 752988
x20 <- 0xFFFFFFFFB7D5C000
mem[X,0x0000000080000348] -> 0x0A13
mem[X,0x000000008000034A] -> 0xFDDA
[180] [M]: 0x0000000080000348 (0xFDDA0A13) addi s4, s4, 4061
x20 <- 0xFFFFFFFFB7D5BFDD
mem[X,0x000000008000034C] -> 0x1A13
mem[X,0x000000008000034E] -> 0x00BA
[181] [M]: 0x000000008000034C (0x00BA1A13) slli s4, s4, 11
x20 <- 0xFFFFFDBEADFEE800
mem[X,0x0000000080000350] -> 0x0A13
mem[X,0x0000000080000352] -> 0x5BEA
[182] [M]: 0x0000000080000350 (0x5BEA0A13) addi s4, s4, 1470
x20 <- 0xFFFFFDBEADFEEDBE
mem[X,0x0000000080000354] -> 0x1A13
mem[X,0x0000000080000356] -> 0x00BA
[183] [M]: 0x0000000080000354 (0x00BA1A13) slli s4, s4, 11
x20 <- 0xFFEDF56FF76DF000
mem[X,0x0000000080000358] -> 0x0A13
mem[X,0x000000008000035A] -> 0x56FA
[184] [M]: 0x0000000080000358 (0x56FA0A13) addi s4, s4, 1391
x20 <- 0xFFEDF56FF76DF56F
mem[X,0x000000008000035C] -> 0x1A13
mem[X,0x000000008000035E] -> 0x00AA
[185] [M]: 0x000000008000035C (0x00AA1A13) slli s4, s4, 10
x20 <- 0xB7D5BFDDB7D5BC00
mem[X,0x0000000080000360] -> 0x0A13
mem[X,0x0000000080000362] -> 0x3DDA
[186] [M]: 0x0000000080000360 (0x3DDA0A13) addi s4, s4, 989
x20 <- 0xB7D5BFDDB7D5BFDD
mem[X,0x0000000080000364] -> 0xEAB7
mem[X,0x0000000080000366] -> 0xDBEA
[187] [M]: 0x0000000080000364 (0xDBEAEAB7) lui s5, 900782
x21 <- 0xFFFFFFFFDBEAE000
mem[X,0x0000000080000368] -> 0x8A93
mem[X,0x000000008000036A] -> 0xFEEA
[188] [M]: 0x0000000080000368 (0xFEEA8A93) addi s5, s5, 4078
x21 <- 0xFFFFFFFFDBEADFEE
mem[X,0x000000008000036C] -> 0x9A93
mem[X,0x000000008000036E] -> 0x00BA
[189] [M]: 0x000000008000036C (0x00BA9A93) slli s5, s5, 11
x21 <- 0xFFFFFEDF56FF7000
mem[X,0x0000000080000370] -> 0x8A93
mem[X,0x0000000080000372] -> 0x6DFA
[190] [M]: 0x0000000080000370 (0x6DFA8A93) addi s5, s5, 1759
x21 <- 0xFFFFFEDF56FF76DF
mem[X,0x0000000080000374] -> 0x9A93
mem[X,0x0000000080000376] -> 0x00BA
[191] [M]: 0x0000000080000374 (0x00BA9A93) slli s5, s5, 11
x21 <- 0xFFF6FAB7FBB6F800
mem[X,0x0000000080000378] -> 0x8A93
mem[X,0x000000008000037A] -> 0x2B7A
[192] [M]: 0x0000000080000378 (0x2B7A8A93) addi s5, s5, 695
x21 <- 0xFFF6FAB7FBB6FAB7
mem[X,0x000000008000037C] -> 0x9A93
mem[X,0x000000008000037E] -> 0x00AA
[193] [M]: 0x000000008000037C (0x00AA9A93) slli s5, s5, 10
x21 <- 0xDBEADFEEDBEADC00
mem[X,0x0000000080000380] -> 0x8A93
mem[X,0x0000000080000382] -> 0x3EEA
[194] [M]: 0x0000000080000380 (0x3EEA8A93) addi s5, s5, 1006
x21 <- 0xDBEADFEEDBEADFEE
mem[X,0x0000000080000384] -> 0x7B37
mem[X,0x0000000080000386] -> 0x6DF5
[195] [M]: 0x0000000080000384 (0x6DF57B37) lui s6, 450391
x22 <- 0x000000006DF57000
mem[X,0x0000000080000388] -> 0x0B13
mem[X,0x000000008000038A] -> 0xFF7B
[196] [M]: 0x0000000080000388 (0xFF7B0B13) addi s6, s6, 4087
x22 <- 0x000000006DF56FF7
mem[X,0x000000008000038C] -> 0x1B13
mem[X,0x000000008000038E] -> 0x00BB
[197] [M]: 0x000000008000038C (0x00BB1B13) slli s6, s6, 11
x22 <- 0x0000036FAB7FB800
mem[X,0x0000000080000390] -> 0x0B13
mem[X,0x0000000080000392] -> 0x36FB
[198] [M]: 0x0000000080000390 (0x36FB0B13) addi s6, s6, 879
x22 <- 0x0000036FAB7FBB6F
mem[X,0x0000000080000394] -> 0x1B13
mem[X,0x0000000080000396] -> 0x00BB
[199] [M]: 0x0000000080000394 (0x00BB1B13) slli s6, s6, 11
x22 <- 0x001B7D5BFDDB7800
clint::tick mtime <- 0x0000000000000002
 clint timer pending at mtime 0x0000000000000002
htif::tick 0x0000000000000000
mem[X,0x0000000080000398] -> 0x0B13
mem[X,0x000000008000039A] -> 0x55BB
[200] [M]: 0x0000000080000398 (0x55BB0B13) addi s6, s6, 1371
x22 <- 0x001B7D5BFDDB7D5B
mem[X,0x000000008000039C] -> 0x1B13
mem[X,0x000000008000039E] -> 0x00AB
[201] [M]: 0x000000008000039C (0x00AB1B13) slli s6, s6, 10
x22 <- 0x6DF56FF76DF56C00
mem[X,0x00000000800003A0] -> 0x0B13
mem[X,0x00000000800003A2] -> 0x3F7B
[202] [M]: 0x00000000800003A0 (0x3F7B0B13) addi s6, s6, 1015
x22 <- 0x6DF56FF76DF56FF7
mem[X,0x00000000800003A4] -> 0xBBB7
mem[X,0x00000000800003A6] -> 0xB6FA
[203] [M]: 0x00000000800003A4 (0xB6FABBB7) lui s7, 749483
x23 <- 0xFFFFFFFFB6FAB000
mem[X,0x00000000800003A8] -> 0x8B93
mem[X,0x00000000800003AA] -> 0x7FBB
[204] [M]: 0x00000000800003A8 (0x7FBB8B93) addi s7, s7, 2043
x23 <- 0xFFFFFFFFB6FAB7FB
mem[X,0x00000000800003AC] -> 0x9B93
mem[X,0x00000000800003AE] -> 0x00BB
[205] [M]: 0x00000000800003AC (0x00BB9B93) slli s7, s7, 11
x23 <- 0xFFFFFDB7D5BFD800
mem[X,0x00000000800003B0] -> 0x8B93
mem[X,0x00000000800003B2] -> 0x5B7B
[206] [M]: 0x00000000800003B0 (0x5B7B8B93) addi s7, s7, 1463
x23 <- 0xFFFFFDB7D5BFDDB7
mem[X,0x00000000800003B4] -> 0x9B93
mem[X,0x00000000800003B6] -> 0x00BB
[207] [M]: 0x00000000800003B4 (0x00BB9B93) slli s7, s7, 11
x23 <- 0xFFEDBEADFEEDB800
mem[X,0x00000000800003B8] -> 0x8B93
mem[X,0x00000000800003BA] -> 0x6ADB
[208] [M]: 0x00000000800003B8 (0x6ADB8B93) addi s7, s7, 1709
x23 <- 0xFFEDBEADFEEDBEAD
mem[X,0x00000000800003BC] -> 0x9B93
mem[X,0x00000000800003BE] -> 0x00AB
[209] [M]: 0x00000000800003BC (0x00AB9B93) slli s7, s7, 10
x23 <- 0xB6FAB7FBB6FAB400
mem[X,0x00000000800003C0] -> 0x8B93
mem[X,0x00000000800003C2] -> 0x3FBB
[210] [M]: 0x00000000800003C0 (0x3FBB8B93) addi s7, s7, 1019
x23 <- 0xB6FAB7FBB6FAB7FB
mem[X,0x00000000800003C4] -> 0x6C37
mem[X,0x00000000800003C6] -> 0xDB7D
[211] [M]: 0x00000000800003C4 (0xDB7D6C37) lui s8, 899030
x24 <- 0xFFFFFFFFDB7D6000
mem[X,0x00000000800003C8] -> 0x0C13
mem[X,0x00000000800003CA] -> 0xBFDC
[212] [M]: 0x00000000800003C8 (0xBFDC0C13) addi s8, s8, 3069
x24 <- 0xFFFFFFFFDB7D5BFD
mem[X,0x00000000800003CC] -> 0x1C13
mem[X,0x00000000800003CE] -> 0x00BC
[213] [M]: 0x00000000800003CC (0x00BC1C13) slli s8, s8, 11
x24 <- 0xFFFFFEDBEADFE800
mem[X,0x00000000800003D0] -> 0x0C13
mem[X,0x00000000800003D2] -> 0x6DBC
[214] [M]: 0x00000000800003D0 (0x6DBC0C13) addi s8, s8, 1755
x24 <- 0xFFFFFEDBEADFEEDB
mem[X,0x00000000800003D4] -> 0x1C13
mem[X,0x00000000800003D6] -> 0x00BC
[215] [M]: 0x00000000800003D4 (0x00BC1C13) slli s8, s8, 11
x24 <- 0xFFF6DF56FF76D800
mem[X,0x00000000800003D8] -> 0x0C13
mem[X,0x00000000800003DA] -> 0x756C
[216] [M]: 0x00000000800003D8 (0x756C0C13) addi s8, s8, 1878
x24 <- 0xFFF6DF56FF76DF56
mem[X,0x00000000800003DC] -> 0x1C13
mem[X,0x00000000800003DE] -> 0x00AC
[217] [M]: 0x00000000800003DC (0x00AC1C13) slli s8, s8, 10
x24 <- 0xDB7D5BFDDB7D5800
mem[X,0x00000000800003E0] -> 0x0C13
mem[X,0x00000000800003E2] -> 0x3FDC
[218] [M]: 0x00000000800003E0 (0x3FDC0C13) addi s8, s8, 1021
x24 <- 0xDB7D5BFDDB7D5BFD
mem[X,0x00000000800003E4] -> 0xBCB7
mem[X,0x00000000800003E6] -> 0xEDBE
[219] [M]: 0x00000000800003E4 (0xEDBEBCB7) lui s9, 973803
x25 <- 0xFFFFFFFFEDBEB000
mem[X,0x00000000800003E8] -> 0x8C93
mem[X,0x00000000800003EA] -> 0xDFEC
[220] [M]: 0x00000000800003E8 (0xDFEC8C93) addi s9, s9, 3582
x25 <- 0xFFFFFFFFEDBEADFE
mem[X,0x00000000800003EC] -> 0x9C93
mem[X,0x00000000800003EE] -> 0x00BC
[221] [M]: 0x00000000800003EC (0x00BC9C93) slli s9, s9, 11
x25 <- 0xFFFFFF6DF56FF000
mem[X,0x00000000800003F0] -> 0x8C93
mem[X,0x00000000800003F2] -> 0x76DC
[222] [M]: 0x00000000800003F0 (0x76DC8C93) addi s9, s9, 1901
x25 <- 0xFFFFFF6DF56FF76D
mem[X,0x00000000800003F4] -> 0x9C93
mem[X,0x00000000800003F6] -> 0x00BC
[223] [M]: 0x00000000800003F4 (0x00BC9C93) slli s9, s9, 11
x25 <- 0xFFFB6FAB7FBB6800
mem[X,0x00000000800003F8] -> 0x8C93
mem[X,0x00000000800003FA] -> 0x7ABC
[224] [M]: 0x00000000800003F8 (0x7ABC8C93) addi s9, s9, 1963
x25 <- 0xFFFB6FAB7FBB6FAB
mem[X,0x00000000800003FC] -> 0x9C93
mem[X,0x00000000800003FE] -> 0x00AC
[225] [M]: 0x00000000800003FC (0x00AC9C93) slli s9, s9, 10
x25 <- 0xEDBEADFEEDBEAC00
mem[X,0x0000000080000400] -> 0x8C93
mem[X,0x0000000080000402] -> 0x1FEC
[226] [M]: 0x0000000080000400 (0x1FEC8C93) addi s9, s9, 510
x25 <- 0xEDBEADFEEDBEADFE
mem[X,0x0000000080000404] -> 0x5D37
mem[X,0x0000000080000406] -> 0x76DF
[227] [M]: 0x0000000080000404 (0x76DF5D37) lui s10, 486901
x26 <- 0x0000000076DF5000
mem[X,0x0000000080000408] -> 0x0D13
mem[X,0x000000008000040A] -> 0x6FFD
[228] [M]: 0x0000000080000408 (0x6FFD0D13) addi s10, s10, 1791
x26 <- 0x0000000076DF56FF
mem[X,0x000000008000040C] -> 0x1D13
mem[X,0x000000008000040E] -> 0x00BD
[229] [M]: 0x000000008000040C (0x00BD1D13) slli s10, s10, 11
x26 <- 0x000003B6FAB7F800
mem[X,0x0000000080000410] -> 0x0D13
mem[X,0x0000000080000412] -> 0x3B6D
[230] [M]: 0x0000000080000410 (0x3B6D0D13) addi s10, s10, 950
x26 <- 0x000003B6FAB7FBB6
mem[X,0x0000000080000414] -> 0x1D13
mem[X,0x0000000080000416] -> 0x00BD
[231] [M]: 0x0000000080000414 (0x00BD1D13) slli s10, s10, 11
x26 <- 0x001DB7D5BFDDB000
mem[X,0x0000000080000418] -> 0x0D13
mem[X,0x000000008000041A] -> 0x7D5D
[232] [M]: 0x0000000080000418 (0x7D5D0D13) addi s10, s10, 2005
x26 <- 0x001DB7D5BFDDB7D5
mem[X,0x000000008000041C] -> 0x1D13
mem[X,0x000000008000041E] -> 0x00AD
[233] [M]: 0x000000008000041C (0x00AD1D13) slli s10, s10, 10
x26 <- 0x76DF56FF76DF5400
mem[X,0x0000000080000420] -> 0x0D13
mem[X,0x0000000080000422] -> 0x2FFD
[234] [M]: 0x0000000080000420 (0x2FFD0D13) addi s10, s10, 767
x26 <- 0x76DF56FF76DF56FF
mem[X,0x0000000080000424] -> 0xBDB7
mem[X,0x0000000080000426] -> 0xBB6F
[235] [M]: 0x0000000080000424 (0xBB6FBDB7) lui s11, 767739
x27 <- 0xFFFFFFFFBB6FB000
mem[X,0x0000000080000428] -> 0x8D93
mem[X,0x000000008000042A] -> 0xB7FD
[236] [M]: 0x0000000080000428 (0xB7FD8D93) addi s11, s11, 2943
x27 <- 0xFFFFFFFFBB6FAB7F
mem[X,0x000000008000042C] -> 0x9D93
mem[X,0x000000008000042E] -> 0x00BD
[237] [M]: 0x000000008000042C (0x00BD9D93) slli s11, s11, 11
x27 <- 0xFFFFFDDB7D5BF800
mem[X,0x0000000080000430] -> 0x8D93
mem[X,0x0000000080000432] -> 0x5DBD
[238] [M]: 0x0000000080000430 (0x5DBD8D93) addi s11, s11, 1499
x27 <- 0xFFFFFDDB7D5BFDDB
mem[X,0x0000000080000434] -> 0x9D93
mem[X,0x0000000080000436] -> 0x00BD
[239] [M]: 0x0000000080000434 (0x00BD9D93) slli s11, s11, 11
x27 <- 0xFFEEDBEADFEED800
mem[X,0x0000000080000438] -> 0x8D93
mem[X,0x000000008000043A] -> 0x3EAD
[240] [M]: 0x0000000080000438 (0x3EAD8D93) addi s11, s11, 1002
x27 <- 0xFFEEDBEADFEEDBEA
mem[X,0x000000008000043C] -> 0x9D93
mem[X,0x000000008000043E] -> 0x00AD
[241] [M]: 0x000000008000043C (0x00AD9D93) slli s11, s11, 10
x27 <- 0xBB6FAB7FBB6FA800
mem[X,0x0000000080000440] -> 0x8D93
mem[X,0x0000000080000442] -> 0x37FD
[242] [M]: 0x0000000080000440 (0x37FD8D93) addi s11, s11, 895
x27 <- 0xBB6FAB7FBB6FAB7F
mem[X,0x0000000080000444] -> 0xDE37
mem[X,0x0000000080000446] -> 0xDDB7
[243] [M]: 0x0000000080000444 (0xDDB7DE37) lui t3, 908157
x28 <- 0xFFFFFFFFDDB7D000
mem[X,0x0000000080000448] -> 0x0E13
mem[X,0x000000008000044A] -> 0x5BFE
[244] [M]: 0x0000000080000448 (0x5BFE0E13) addi t3, t3, 1471
x28 <- 0xFFFFFFFFDDB7D5BF
mem[X,0x000000008000044C] -> 0x1E13
mem[X,0x000000008000044E] -> 0x00BE
[245] [M]: 0x000000008000044C (0x00BE1E13) slli t3, t3, 11
x28 <- 0xFFFFFEEDBEADF800
mem[X,0x0000000080000450] -> 0x0E13
mem[X,0x0000000080000452] -> 0x6EDE
[246] [M]: 0x0000000080000450 (0x6EDE0E13) addi t3, t3, 1773
x28 <- 0xFFFFFEEDBEADFEED
mem[X,0x0000000080000454] -> 0x1E13
mem[X,0x0000000080000456] -> 0x00BE
[247] [M]: 0x0000000080000454 (0x00BE1E13) slli t3, t3, 11
x28 <- 0xFFF76DF56FF76800
mem[X,0x0000000080000458] -> 0x0E13
mem[X,0x000000008000045A] -> 0x5F5E
[248] [M]: 0x0000000080000458 (0x5F5E0E13) addi t3, t3, 1525
x28 <- 0xFFF76DF56FF76DF5
mem[X,0x000000008000045C] -> 0x1E13
mem[X,0x000000008000045E] -> 0x00AE
[249] [M]: 0x000000008000045C (0x00AE1E13) slli t3, t3, 10
x28 <- 0xDDB7D5BFDDB7D400
mem[X,0x0000000080000460] -> 0x0E13
mem[X,0x0000000080000462] -> 0x1BFE
[250] [M]: 0x0000000080000460 (0x1BFE0E13) addi t3, t3, 447
x28 <- 0xDDB7D5BFDDB7D5BF
mem[X,0x0000000080000464] -> 0xFEB7
mem[X,0x0000000080000466] -> 0xEEDB
[251] [M]: 0x0000000080000464 (0xEEDBFEB7) lui t4, 978367
x29 <- 0xFFFFFFFFEEDBF000
mem[X,0x0000000080000468] -> 0x8E93
mem[X,0x000000008000046A] -> 0xADFE
[252] [M]: 0x0000000080000468 (0xADFE8E93) addi t4, t4, 2783
x29 <- 0xFFFFFFFFEEDBEADF
mem[X,0x000000008000046C] -> 0x9E93
mem[X,0x000000008000046E] -> 0x00BE
[253] [M]: 0x000000008000046C (0x00BE9E93) slli t4, t4, 11
x29 <- 0xFFFFFF76DF56F800
mem[X,0x0000000080000470] -> 0x8E93
mem[X,0x0000000080000472] -> 0x776E
[254] [M]: 0x0000000080000470 (0x776E8E93) addi t4, t4, 1910
x29 <- 0xFFFFFF76DF56FF76
mem[X,0x0000000080000474] -> 0x9E93
mem[X,0x0000000080000476] -> 0x00BE
[255] [M]: 0x0000000080000474 (0x00BE9E93) slli t4, t4, 11
x29 <- 0xFFFBB6FAB7FBB000
mem[X,0x0000000080000478] -> 0x8E93
mem[X,0x000000008000047A] -> 0x6FAE
[256] [M]: 0x0000000080000478 (0x6FAE8E93) addi t4, t4, 1786
x29 <- 0xFFFBB6FAB7FBB6FA
mem[X,0x000000008000047C] -> 0x9E93
mem[X,0x000000008000047E] -> 0x00AE
[257] [M]: 0x000000008000047C (0x00AE9E93) slli t4, t4, 10
x29 <- 0xEEDBEADFEEDBE800
mem[X,0x0000000080000480] -> 0x8E93
mem[X,0x0000000080000482] -> 0x2DFE
[258] [M]: 0x0000000080000480 (0x2DFE8E93) addi t4, t4, 735
x29 <- 0xEEDBEADFEEDBEADF
mem[X,0x0000000080000484] -> 0xFF37
mem[X,0x0000000080000486] -> 0xF76D
[259] [M]: 0x0000000080000484 (0xF76DFF37) lui t5, 1013471
x30 <- 0xFFFFFFFFF76DF000
mem[X,0x0000000080000488] -> 0x0F13
mem[X,0x000000008000048A] -> 0x56FF
[260] [M]: 0x0000000080000488 (0x56FF0F13) addi t5, t5, 1391
x30 <- 0xFFFFFFFFF76DF56F
mem[X,0x000000008000048C] -> 0x1F13
mem[X,0x000000008000048E] -> 0x00BF
[261] [M]: 0x000000008000048C (0x00BF1F13) slli t5, t5, 11
x30 <- 0xFFFFFFBB6FAB7800
mem[X,0x0000000080000490] -> 0x0F13
mem[X,0x0000000080000492] -> 0x7BBF
[262] [M]: 0x0000000080000490 (0x7BBF0F13) addi t5, t5, 1979
x30 <- 0xFFFFFFBB6FAB7FBB
mem[X,0x0000000080000494] -> 0x1F13
mem[X,0x0000000080000496] -> 0x00BF
[263] [M]: 0x0000000080000494 (0x00BF1F13) slli t5, t5, 11
x30 <- 0xFFFDDB7D5BFDD800
mem[X,0x0000000080000498] -> 0x0F13
mem[X,0x000000008000049A] -> 0x37DF
[264] [M]: 0x0000000080000498 (0x37DF0F13) addi t5, t5, 893
x30 <- 0xFFFDDB7D5BFDDB7D
mem[X,0x000000008000049C] -> 0x1F13
mem[X,0x000000008000049E] -> 0x00AF
[265] [M]: 0x000000008000049C (0x00AF1F13) slli t5, t5, 10
x30 <- 0xF76DF56FF76DF400
mem[X,0x00000000800004A0] -> 0x0F13
mem[X,0x00000000800004A2] -> 0x16FF
[266] [M]: 0x00000000800004A0 (0x16FF0F13) addi t5, t5, 367
x30 <- 0xF76DF56FF76DF56F
mem[X,0x00000000800004A4] -> 0x0FB7
mem[X,0x00000000800004A6] -> 0xFBB7
[267] [M]: 0x00000000800004A4 (0xFBB70FB7) lui t6, 1031024
x31 <- 0xFFFFFFFFFBB70000
mem[X,0x00000000800004A8] -> 0x8F93
mem[X,0x00000000800004AA] -> 0xAB7F
[268] [M]: 0x00000000800004A8 (0xAB7F8F93) addi t6, t6, 2743
x31 <- 0xFFFFFFFFFBB6FAB7
mem[X,0x00000000800004AC] -> 0x9F93
mem[X,0x00000000800004AE] -> 0x00BF
[269] [M]: 0x00000000800004AC (0x00BF9F93) slli t6, t6, 11
x31 <- 0xFFFFFFDDB7D5B800
mem[X,0x00000000800004B0] -> 0x8F93
mem[X,0x00000000800004B2] -> 0x7DDF
[270] [M]: 0x00000000800004B0 (0x7DDF8F93) addi t6, t6, 2013
x31 <- 0xFFFFFFDDB7D5BFDD
mem[X,0x00000000800004B4] -> 0x9F93
mem[X,0x00000000800004B6] -> 0x00BF
[271] [M]: 0x00000000800004B4 (0x00BF9F93) slli t6, t6, 11
x31 <- 0xFFFEEDBEADFEE800
mem[X,0x00000000800004B8] -> 0x8F93
mem[X,0x00000000800004BA] -> 0x5BEF
[272] [M]: 0x00000000800004B8 (0x5BEF8F93) addi t6, t6, 1470
x31 <- 0xFFFEEDBEADFEEDBE
mem[X,0x00000000800004BC] -> 0x9F93
mem[X,0x00000000800004BE] -> 0x00AF
[273] [M]: 0x00000000800004BC (0x00AF9F93) slli t6, t6, 10
x31 <- 0xFBB6FAB7FBB6F800
mem[X,0x00000000800004C0] -> 0x8F93
mem[X,0x00000000800004C2] -> 0x2B7F
[274] [M]: 0x00000000800004C0 (0x2B7F8F93) addi t6, t6, 695
x31 <- 0xFBB6FAB7FBB6FAB7
mem[X,0x00000000800004C4] -> 0x0013
mem[X,0x00000000800004C6] -> 0x0000
[275] [M]: 0x00000000800004C4 (0x00000013) addi zero, zero, 0
mem[X,0x00000000800004C8] -> 0x0013
mem[X,0x00000000800004CA] -> 0x0000
[276] [M]: 0x00000000800004C8 (0x00000013) addi zero, zero, 0
mem[X,0x00000000800004CC] -> 0x0013
mem[X,0x00000000800004CE] -> 0x0000
[277] [M]: 0x00000000800004CC (0x00000013) addi zero, zero, 0
mem[X,0x00000000800004D0] -> 0x0013
mem[X,0x00000000800004D2] -> 0x0000
[278] [M]: 0x00000000800004D0 (0x00000013) addi zero, zero, 0
mem[X,0x00000000800004D4] -> 0x0013
mem[X,0x00000000800004D6] -> 0x0000
[279] [M]: 0x00000000800004D4 (0x00000013) addi zero, zero, 0
mem[X,0x00000000800004D8] -> 0x0013
mem[X,0x00000000800004DA] -> 0x0000
[280] [M]: 0x00000000800004D8 (0x00000013) addi zero, zero, 0
mem[X,0x00000000800004DC] -> 0x0013
mem[X,0x00000000800004DE] -> 0x0000
[281] [M]: 0x00000000800004DC (0x00000013) addi zero, zero, 0
mem[X,0x00000000800004E0] -> 0x3097
mem[X,0x00000000800004E2] -> 0x0000
[282] [M]: 0x00000000800004E0 (0x00003097) auipc ra, 3
x1 <- 0x00000000800034E0
mem[X,0x00000000800004E4] -> 0x8093
mem[X,0x00000000800004E6] -> 0xC380
[283] [M]: 0x00000000800004E4 (0xC3808093) addi ra, ra, 3128
x1 <- 0x0000000080003118
mem[X,0x00000000800004E8] -> 0x0013
mem[X,0x00000000800004EA] -> 0x0000
[284] [M]: 0x00000000800004E8 (0x00000013) addi zero, zero, 0
mem[X,0x00000000800004EC] -> 0x0013
mem[X,0x00000000800004EE] -> 0x0000
[285] [M]: 0x00000000800004EC (0x00000013) addi zero, zero, 0
mem[X,0x00000000800004F0] -> 0x0013
mem[X,0x00000000800004F2] -> 0x0000
[286] [M]: 0x00000000800004F0 (0x00000013) addi zero, zero, 0
mem[X,0x00000000800004F4] -> 0x0013
mem[X,0x00000000800004F6] -> 0x0000
[287] [M]: 0x00000000800004F4 (0x00000013) addi zero, zero, 0
mem[X,0x00000000800004F8] -> 0x0013
mem[X,0x00000000800004FA] -> 0x0000
[288] [M]: 0x00000000800004F8 (0x00000013) addi zero, zero, 0
mem[X,0x00000000800004FC] -> 0x0013
mem[X,0x00000000800004FE] -> 0x0000
[289] [M]: 0x00000000800004FC (0x00000013) addi zero, zero, 0
mem[X,0x0000000080000500] -> 0x0137
mem[X,0x0000000080000502] -> 0x0000
[290] [M]: 0x0000000080000500 (0x00000137) lui sp, 0
x2 <- 0x0000000000000000
mem[X,0x0000000080000504] -> 0x0113
mem[X,0x0000000080000506] -> 0x0001
[291] [M]: 0x0000000080000504 (0x00010113) addi sp, sp, 0
x2 <- 0x0000000000000000
mem[X,0x0000000080000508] -> 0x1113
mem[X,0x000000008000050A] -> 0x00B1
[292] [M]: 0x0000000080000508 (0x00B11113) slli sp, sp, 11
x2 <- 0x0000000000000000
mem[X,0x000000008000050C] -> 0x0113
mem[X,0x000000008000050E] -> 0x0881
[293] [M]: 0x000000008000050C (0x08810113) addi sp, sp, 136
x2 <- 0x0000000000000088
mem[X,0x0000000080000510] -> 0x1113
mem[X,0x0000000080000512] -> 0x00B1
[294] [M]: 0x0000000080000510 (0x00B11113) slli sp, sp, 11
x2 <- 0x0000000000044000
mem[X,0x0000000080000514] -> 0x0113
mem[X,0x0000000080000516] -> 0x4441
[295] [M]: 0x0000000080000514 (0x44410113) addi sp, sp, 1092
x2 <- 0x0000000000044444
mem[X,0x0000000080000518] -> 0x1113
mem[X,0x000000008000051A] -> 0x00A1
[296] [M]: 0x0000000080000518 (0x00A11113) slli sp, sp, 10
x2 <- 0x0000000011111000
mem[X,0x000000008000051C] -> 0x0113
mem[X,0x000000008000051E] -> 0x1111
[297] [M]: 0x000000008000051C (0x11110113) addi sp, sp, 273
x2 <- 0x0000000011111111
mem[X,0x0000000080000520] -> 0x0073
mem[X,0x0000000080000522] -> 0x0000
[298] [M]: 0x0000000080000520 (0x00000073) ecall
trapping from M to M to handle m-call
handling exc#0x0B at priv M with tval 0x0000000000000000
CSR mstatus <- 0x0000000A00001800
mem[X,0x00000000800005C0] -> 0x006F
mem[X,0x00000000800005C2] -> 0x1000
[299] [M]: 0x00000000800005C0 (0x1000006F) jal zero, 256
clint::tick mtime <- 0x0000000000000003
 clint timer pending at mtime 0x0000000000000003
htif::tick 0x0000000000000000
mem[X,0x00000000800006C0] -> 0x1173
mem[X,0x00000000800006C2] -> 0x3401
[300] [M]: 0x00000000800006C0 (0x34011173) csrrw sp, mscratch, sp
CSR mscratch -> 0x0000000080002000
CSR mscratch <- 0x0000000011111111 (input: 0x0000000011111111)
x2 <- 0x0000000080002000
mem[X,0x00000000800006C4] -> 0x3423
mem[X,0x00000000800006C6] -> 0x28B1
[301] [M]: 0x00000000800006C4 (0x28B13423) sd a1, 648(sp)
mem[0x0000000080002288] <- 0xAB7FBB6FAB7FBB6F
mem[X,0x00000000800006C8] -> 0x05EF
mem[X,0x00000000800006CA] -> 0x0B80
[302] [M]: 0x00000000800006C8 (0x0B8005EF) jal a1, 184
x11 <- 0x00000000800006CC
mem[X,0x0000000080000780] -> 0x3023
mem[X,0x0000000080000782] -> 0x28A1
[303] [M]: 0x0000000080000780 (0x28A13023) sd a0, 640(sp)
mem[0x0000000080002280] <- 0x56FF76DF56FF76DF
mem[X,0x0000000080000784] -> 0x1573
mem[X,0x0000000080000786] -> 0x3401
[304] [M]: 0x0000000080000784 (0x34011573) csrrw a0, mscratch, sp
CSR mscratch -> 0x0000000011111111
CSR mscratch <- 0x0000000080002000 (input: 0x0000000080002000)
x10 <- 0x0000000011111111
mem[X,0x0000000080000788] -> 0x3823
mem[X,0x000000008000078A] -> 0x28A1
[305] [M]: 0x0000000080000788 (0x28A13823) sd a0, 656(sp)
mem[0x0000000080002290] <- 0x0000000011111111
mem[X,0x000000008000078C] -> 0x3503
mem[X,0x000000008000078E] -> 0x2301
[306] [M]: 0x000000008000078C (0x23013503) ld a0, 560(sp)
mem[R,0x0000000080002230] -> 0x0000000080000794
x10 <- 0x0000000080000794
mem[X,0x0000000080000790] -> 0x0067
mem[X,0x0000000080000792] -> 0x0005
[307] [M]: 0x0000000080000790 (0x00050067) jalr zero, a0, 0
mem[X,0x0000000080000794] -> 0x3C23
mem[X,0x0000000080000796] -> 0x2691
[308] [M]: 0x0000000080000794 (0x26913C23) sd s1, 632(sp)
mem[0x0000000080002278] <- 0xADFEEDBEADFEEDBE
mem[X,0x0000000080000798] -> 0x3823
mem[X,0x000000008000079A] -> 0x2681
[309] [M]: 0x0000000080000798 (0x26813823) sd fp, 624(sp)
mem[0x0000000080002270] <- 0x5BFDDB7D5BFDDB7D
mem[X,0x000000008000079C] -> 0x3423
mem[X,0x000000008000079E] -> 0x2671
[310] [M]: 0x000000008000079C (0x26713423) sd t2, 616(sp)
mem[0x0000000080002268] <- 0xB7FBB6FAB7FBB6FA
mem[X,0x00000000800007A0] -> 0x3023
mem[X,0x00000000800007A2] -> 0x2661
[311] [M]: 0x00000000800007A0 (0x26613023) sd t1, 608(sp)
mem[0x0000000080002260] <- 0x6FF76DF56FF76DF5
mem[X,0x00000000800007A4] -> 0x2573
mem[X,0x00000000800007A6] -> 0x3420
[312] [M]: 0x00000000800007A4 (0x34202573) csrrs a0, mcause, zero
CSR mcause -> 0x000000000000000B
x10 <- 0x000000000000000B
mem[X,0x00000000800007A8] -> 0x0493
mem[X,0x00000000800007AA] -> 0xFF85
[313] [M]: 0x00000000800007A8 (0xFF850493) addi s1, a0, 4088
x9 <- 0x0000000000000003
mem[X,0x00000000800007AC] -> 0xF493
mem[X,0x00000000800007AE] -> 0xFFC4
[314] [M]: 0x00000000800007AC (0xFFC4F493) andi s1, s1, 4092
x9 <- 0x0000000000000000
mem[X,0x00000000800007B0] -> 0x9663
mem[X,0x00000000800007B2] -> 0x0004
[315] [M]: 0x00000000800007B0 (0x00049663) bne s1, zero, 12
mem[X,0x00000000800007B4] -> 0x3383
mem[X,0x00000000800007B6] -> 0x2901
[316] [M]: 0x00000000800007B4 (0x29013383) ld t2, 656(sp)
mem[R,0x0000000080002290] -> 0x0000000011111111
x7 <- 0x0000000011111111
mem[X,0x00000000800007B8] -> 0x8E63
mem[X,0x00000000800007BA] -> 0x6A03
[317] [M]: 0x00000000800007B8 (0x6A038E63) beq t2, zero, 1724
mem[X,0x00000000800007BC] -> 0x0393
mem[X,0x00000000800007BE] -> 0x0200
[318] [M]: 0x00000000800007BC (0x02000393) addi t2, zero, 32
x7 <- 0x0000000000000020
mem[X,0x00000000800007C0] -> 0x5263
mem[X,0x00000000800007C2] -> 0x0405
[319] [M]: 0x00000000800007C0 (0x04055263) bge a0, zero, 68
mem[X,0x0000000080000804] -> 0x2373
mem[X,0x0000000080000806] -> 0x3010
[320] [M]: 0x0000000080000804 (0x30102373) csrrs t1, misa, zero
CSR misa -> 0x800000000034112D
x6 <- 0x800000000034112D
mem[X,0x0000000080000808] -> 0x1313
mem[X,0x000000008000080A] -> 0x0383
[321] [M]: 0x0000000080000808 (0x03831313) slli t1, t1, 56
x6 <- 0x2D00000000000000
mem[X,0x000000008000080C] -> 0x5463
mem[X,0x000000008000080E] -> 0x0003
[322] [M]: 0x000000008000080C (0x00035463) bge t1, zero, 8
mem[X,0x0000000080000814] -> 0x3303
mem[X,0x0000000080000816] -> 0x2181
[323] [M]: 0x0000000080000814 (0x21813303) ld t1, 536(sp)
mem[R,0x0000000080002218] -> 0x0000000080003120
x6 <- 0x0000000080003120
mem[X,0x0000000080000818] -> 0x04B3
mem[X,0x000000008000081A] -> 0x0073
[324] [M]: 0x0000000080000818 (0x007304B3) add s1, t1, t2
x9 <- 0x0000000080003140
mem[X,0x000000008000081C] -> 0x3C23
mem[X,0x000000008000081E] -> 0x2091
[325] [M]: 0x000000008000081C (0x20913C23) sd s1, 536(sp)
mem[0x0000000080002218] <- 0x0000000080003140
mem[X,0x0000000080000820] -> 0x3403
mem[X,0x0000000080000822] -> 0x1F81
[326] [M]: 0x0000000080000820 (0x1F813403) ld fp, 504(sp)
mem[R,0x00000000800021F8] -> 0x0000000080003110
x8 <- 0x0000000080003110
mem[X,0x0000000080000824] -> 0x0333
mem[X,0x0000000080000826] -> 0x4083
[327] [M]: 0x0000000080000824 (0x40830333) sub t1, t1, fp
x6 <- 0x0000000000000010
mem[X,0x0000000080000828] -> 0x3403
mem[X,0x000000008000082A] -> 0x1F81
[328] [M]: 0x0000000080000828 (0x1F813403) ld fp, 504(sp)
mem[R,0x00000000800021F8] -> 0x0000000080003110
x8 <- 0x0000000080003110
mem[X,0x000000008000082C] -> 0x0333
mem[X,0x000000008000082E] -> 0x0083
[329] [M]: 0x000000008000082C (0x00830333) add t1, t1, fp
x6 <- 0x0000000080003120
mem[X,0x0000000080000830] -> 0x3403
mem[X,0x0000000080000832] -> 0x2401
[330] [M]: 0x0000000080000830 (0x24013403) ld fp, 576(sp)
mem[R,0x0000000080002240] -> 0x00000000800005C0
x8 <- 0x00000000800005C0
mem[X,0x0000000080000834] -> 0x85B3
mem[X,0x0000000080000836] -> 0x4085
[331] [M]: 0x0000000080000834 (0x408585B3) sub a1, a1, fp
x11 <- 0x000000000000010C
mem[X,0x0000000080000838] -> 0x9593
mem[X,0x000000008000083A] -> 0x0045
[332] [M]: 0x0000000080000838 (0x00459593) slli a1, a1, 4
x11 <- 0x00000000000010C0
mem[X,0x000000008000083C] -> 0xE5B3
mem[X,0x000000008000083E] -> 0x0075
[333] [M]: 0x000000008000083C (0x0075E5B3) or a1, a1, t2
x11 <- 0x00000000000010E0
mem[X,0x0000000080000840] -> 0x8593
mem[X,0x0000000080000842] -> 0x0035
[334] [M]: 0x0000000080000840 (0x00358593) addi a1, a1, 3
x11 <- 0x00000000000010E3
mem[X,0x0000000080000844] -> 0x3023
mem[X,0x0000000080000846] -> 0x00B3
[335] [M]: 0x0000000080000844 (0x00B33023) sd a1, 0(t1)
mem[0x0000000080003120] <- 0x00000000000010E3
mem[X,0x0000000080000848] -> 0x3423
mem[X,0x000000008000084A] -> 0x00A3
[336] [M]: 0x0000000080000848 (0x00A33423) sd a0, 8(t1)
mem[0x0000000080003128] <- 0x000000000000000B
mem[X,0x000000008000084C] -> 0x4063
mem[X,0x000000008000084E] -> 0x1805
[337] [M]: 0x000000008000084C (0x18054063) blt a0, zero, 384
mem[X,0x0000000080000850] -> 0x25F3
mem[X,0x0000000080000852] -> 0x3000
[338] [M]: 0x0000000080000850 (0x300025F3) csrrs a1, mstatus, zero
CSR mstatus -> 0x0000000A00001800
x11 <- 0x0000000A00001800
mem[X,0x0000000080000854] -> 0x3483
mem[X,0x0000000080000856] -> 0x4B01
[339] [M]: 0x0000000080000854 (0x4B013483) ld s1, 1200(sp)
mem[R,0x00000000800024B0] -> 0x0000000000000000
x9 <- 0x0000000000000000
mem[X,0x0000000080000858] -> 0x9413
mem[X,0x000000008000085A] -> 0x02E5
[340] [M]: 0x0000000080000858 (0x02E59413) slli fp, a1, 46
x8 <- 0x0600000000000000
mem[X,0x000000008000085C] -> 0x5463
mem[X,0x000000008000085E] -> 0x0004
[341] [M]: 0x000000008000085C (0x00045463) bge fp, zero, 8
mem[X,0x0000000080000864] -> 0xD493
mem[X,0x0000000080000866] -> 0x00B4
[342] [M]: 0x0000000080000864 (0x00B4D493) srli s1, s1, 11
x9 <- 0x0000000000000000
mem[X,0x0000000080000868] -> 0xF493
mem[X,0x000000008000086A] -> 0x0034
[343] [M]: 0x0000000080000868 (0x0034F493) andi s1, s1, 3
x9 <- 0x0000000000000000
mem[X,0x000000008000086C] -> 0x8493
mem[X,0x000000008000086E] -> 0x0014
[344] [M]: 0x000000008000086C (0x00148493) addi s1, s1, 1
x9 <- 0x0000000000000001
mem[X,0x0000000080000870] -> 0xF493
mem[X,0x0000000080000872] -> 0x0044
[345] [M]: 0x0000000080000870 (0x0044F493) andi s1, s1, 4
x9 <- 0x0000000000000000
mem[X,0x0000000080000874] -> 0xD413
mem[X,0x0000000080000876] -> 0x0255
[346] [M]: 0x0000000080000874 (0x0255D413) srli fp, a1, 37
x8 <- 0x0000000000000000
mem[X,0x0000000080000878] -> 0x7413
mem[X,0x000000008000087A] -> 0x0024
[347] [M]: 0x0000000080000878 (0x00247413) andi fp, fp, 2
x8 <- 0x0000000000000000
mem[X,0x000000008000087C] -> 0xE4B3
mem[X,0x000000008000087E] -> 0x0084
[348] [M]: 0x000000008000087C (0x0084E4B3) or s1, s1, fp
x9 <- 0x0000000000000000
mem[X,0x0000000080000880] -> 0x0593
mem[X,0x0000000080000882] -> 0x03B0
[349] [M]: 0x0000000080000880 (0x03B00593) addi a1, zero, 59
x11 <- 0x000000000000003B
mem[X,0x0000000080000884] -> 0xD5B3
mem[X,0x0000000080000886] -> 0x0095
[350] [M]: 0x0000000080000884 (0x0095D5B3) srl a1, a1, s1
x11 <- 0x000000000000003B
mem[X,0x0000000080000888] -> 0xF593
mem[X,0x000000008000088A] -> 0x0015
[351] [M]: 0x0000000080000888 (0x0015F593) andi a1, a1, 1
x11 <- 0x0000000000000001
mem[X,0x000000008000088C] -> 0x86E3
mem[X,0x000000008000088E] -> 0xF405
[352] [M]: 0x000000008000088C (0xF40586E3) beq a1, zero, 8012
mem[X,0x0000000080000890] -> 0x0593
mem[X,0x0000000080000892] -> 0x2980
[353] [M]: 0x0000000080000890 (0x29800593) addi a1, zero, 664
x11 <- 0x0000000000000298
mem[X,0x0000000080000894] -> 0xF413
mem[X,0x0000000080000896] -> 0x0024
[354] [M]: 0x0000000080000894 (0x0024F413) andi fp, s1, 2
x8 <- 0x0000000000000000
mem[X,0x0000000080000898] -> 0x5413
mem[X,0x000000008000089A] -> 0x0014
[355] [M]: 0x0000000080000898 (0x00145413) srli fp, fp, 1
x8 <- 0x0000000000000000
mem[X,0x000000008000089C] -> 0xD5B3
mem[X,0x000000008000089E] -> 0x0085
[356] [M]: 0x000000008000089C (0x0085D5B3) srl a1, a1, fp
x11 <- 0x0000000000000298
mem[X,0x00000000800008A0] -> 0x9413
mem[X,0x00000000800008A2] -> 0x03D4
[357] [M]: 0x00000000800008A0 (0x03D49413) slli fp, s1, 61
x8 <- 0x0000000000000000
mem[X,0x00000000800008A4] -> 0x5413
mem[X,0x00000000800008A6] -> 0x43F4
[358] [M]: 0x00000000800008A4 (0x43F45413) srai fp, fp, 63
x8 <- 0x0000000000000000
mem[X,0x00000000800008A8] -> 0xF5B3
mem[X,0x00000000800008AA] -> 0x0085
[359] [M]: 0x00000000800008A8 (0x0085F5B3) and a1, a1, fp
x11 <- 0x0000000000000000
mem[X,0x00000000800008AC] -> 0x84B3
mem[X,0x00000000800008AE] -> 0x0024
[360] [M]: 0x00000000800008AC (0x002484B3) add s1, s1, sp
x9 <- 0x0000000080002000
mem[X,0x00000000800008B0] -> 0x23F3
mem[X,0x00000000800008B2] -> 0x3410
[361] [M]: 0x00000000800008B0 (0x341023F3) csrrs t2, mepc, zero
CSR mepc -> 0x0000000080000520
x7 <- 0x0000000080000520
mem[X,0x00000000800008B4] -> 0xB403
mem[X,0x00000000800008B6] -> 0x2084
[362] [M]: 0x00000000800008B4 (0x2084B403) ld fp, 520(s1)
mem[R,0x0000000080002208] -> 0x00000000800004C4
x8 <- 0x00000000800004C4
mem[X,0x00000000800008B8] -> 0xB583
mem[X,0x00000000800008BA] -> 0x2104
[363] [M]: 0x00000000800008B8 (0x2104B583) ld a1, 528(s1)
mem[R,0x0000000080002210] -> 0x0000000000000070
x11 <- 0x0000000000000070
mem[X,0x00000000800008BC] -> 0x85B3
mem[X,0x00000000800008BE] -> 0x0085
[364] [M]: 0x00000000800008BC (0x008585B3) add a1, a1, fp
x11 <- 0x0000000080000534
mem[X,0x00000000800008C0] -> 0xF463
mem[X,0x00000000800008C2] -> 0x00B3
[365] [M]: 0x00000000800008C0 (0x00B3F463) bgeu t2, a1, 8
mem[X,0x00000000800008C4] -> 0xF663
mem[X,0x00000000800008C6] -> 0x0283
[366] [M]: 0x00000000800008C4 (0x0283F663) bgeu t2, fp, 44
mem[X,0x00000000800008F0] -> 0x8433
mem[X,0x00000000800008F2] -> 0x4083
[367] [M]: 0x00000000800008F0 (0x40838433) sub fp, t2, fp
x8 <- 0x000000000000005C
mem[X,0x00000000800008F4] -> 0x3823
mem[X,0x00000000800008F6] -> 0x0083
[368] [M]: 0x00000000800008F4 (0x00833823) sd fp, 16(t1)
mem[0x0000000080003130] <- 0x000000000000005C
mem[X,0x00000000800008F8] -> 0xF593
mem[X,0x00000000800008FA] -> 0xFFC3
[369] [M]: 0x00000000800008F8 (0xFFC3F593) andi a1, t2, 4092
x11 <- 0x0000000080000520
mem[X,0x00000000800008FC] -> 0x8593
mem[X,0x00000000800008FE] -> 0x0085
[370] [M]: 0x00000000800008FC (0x00858593) addi a1, a1, 8
x11 <- 0x0000000080000528
mem[X,0x0000000080000900] -> 0x9073
mem[X,0x0000000080000902] -> 0x3415
[371] [M]: 0x0000000080000900 (0x34159073) csrrw zero, mepc, a1
CSR mepc -> 0x0000000080000520
CSR mepc <- 0x0000000080000528 (input: 0x0000000080000528)
mem[X,0x0000000080000904] -> 0x23F3
mem[X,0x0000000080000906] -> 0x3430
[372] [M]: 0x0000000080000904 (0x343023F3) csrrs t2, mtval, zero
CSR mtval -> 0x0000000000000000
x7 <- 0x0000000000000000
mem[X,0x0000000080000908] -> 0x7513
mem[X,0x000000008000090A] -> 0x00F5
[373] [M]: 0x0000000080000908 (0x00F57513) andi a0, a0, 15
x10 <- 0x000000000000000B
mem[X,0x000000008000090C] -> 0x0437
mem[X,0x000000008000090E] -> 0x0000
[374] [M]: 0x000000008000090C (0x00000437) lui fp, 0
x8 <- 0x0000000000000000
mem[X,0x0000000080000910] -> 0x0413
mem[X,0x0000000080000912] -> 0x0004
[375] [M]: 0x0000000080000910 (0x00040413) addi fp, fp, 0
x8 <- 0x0000000000000000
mem[X,0x0000000080000914] -> 0x1413
mem[X,0x0000000080000916] -> 0x00B4
[376] [M]: 0x0000000080000914 (0x00B41413) slli fp, fp, 11
x8 <- 0x0000000000000000
mem[X,0x0000000080000918] -> 0x0413
mem[X,0x000000008000091A] -> 0x0004
[377] [M]: 0x0000000080000918 (0x00040413) addi fp, fp, 0
x8 <- 0x0000000000000000
mem[X,0x000000008000091C] -> 0x1413
mem[X,0x000000008000091E] -> 0x00B4
[378] [M]: 0x000000008000091C (0x00B41413) slli fp, fp, 11
x8 <- 0x0000000000000000
mem[X,0x0000000080000920] -> 0x0413
mem[X,0x0000000080000922] -> 0x02C4
[379] [M]: 0x0000000080000920 (0x02C40413) addi fp, fp, 44
x8 <- 0x000000000000002C
mem[X,0x0000000080000924] -> 0x1413
mem[X,0x0000000080000926] -> 0x00A4
[380] [M]: 0x0000000080000924 (0x00A41413) slli fp, fp, 10
x8 <- 0x000000000000B000
mem[X,0x0000000080000928] -> 0x0413
mem[X,0x000000008000092A] -> 0x0FB4
[381] [M]: 0x0000000080000928 (0x0FB40413) addi fp, fp, 251
x8 <- 0x000000000000B0FB
mem[X,0x000000008000092C] -> 0x5433
mem[X,0x000000008000092E] -> 0x00A4
[382] [M]: 0x000000008000092C (0x00A45433) srl fp, fp, a0
x8 <- 0x0000000000000016
mem[X,0x0000000080000930] -> 0x1413
mem[X,0x0000000080000932] -> 0x03F4
[383] [M]: 0x0000000080000930 (0x03F41413) slli fp, fp, 63
x8 <- 0x0000000000000000
mem[X,0x0000000080000934] -> 0x5C63
mem[X,0x0000000080000936] -> 0x0404
[384] [M]: 0x0000000080000934 (0x04045C63) bge fp, zero, 88
mem[X,0x000000008000098C] -> 0x3C23
mem[X,0x000000008000098E] -> 0x0083
[385] [M]: 0x000000008000098C (0x00833C23) sd fp, 24(t1)
mem[0x0000000080003138] <- 0x0000000000000000
mem[X,0x0000000080000990] -> 0x3483
mem[X,0x0000000080000992] -> 0x2181
[386] [M]: 0x0000000080000990 (0x21813483) ld s1, 536(sp)
mem[R,0x0000000080002218] -> 0x0000000080003140
x9 <- 0x0000000080003140
mem[X,0x0000000080000994] -> 0x3383
mem[X,0x0000000080000996] -> 0x1F81
[387] [M]: 0x0000000080000994 (0x1F813383) ld t2, 504(sp)
mem[R,0x00000000800021F8] -> 0x0000000080003110
x7 <- 0x0000000080003110
mem[X,0x0000000080000998] -> 0x3303
mem[X,0x000000008000099A] -> 0x2001
[388] [M]: 0x0000000080000998 (0x20013303) ld t1, 512(sp)
mem[R,0x0000000080002200] -> 0x0000000000000038
x6 <- 0x0000000000000038
mem[X,0x000000008000099C] -> 0x0333
mem[X,0x000000008000099E] -> 0x0073
[389] [M]: 0x000000008000099C (0x00730333) add t1, t1, t2
x6 <- 0x0000000080003148
mem[X,0x00000000800009A0] -> 0x6EE3
mem[X,0x00000000800009A2] -> 0xB893
[390] [M]: 0x00000000800009A0 (0xB8936EE3) bltu t1, s1, 7068
mem[X,0x00000000800009A4] -> 0x0393
mem[X,0x00000000800009A6] -> 0x2000
[391] [M]: 0x00000000800009A4 (0x20000393) addi t2, zero, 512
x7 <- 0x0000000000000200
mem[X,0x00000000800009A8] -> 0x006F
mem[X,0x00000000800009AA] -> 0x0400
[392] [M]: 0x00000000800009A8 (0x0400006F) jal zero, 64
mem[X,0x00000000800009E8] -> 0x0417
mem[X,0x00000000800009EA] -> 0x0000
[393] [M]: 0x00000000800009E8 (0x00000417) auipc fp, 0
x8 <- 0x00000000800009E8
mem[X,0x00000000800009EC] -> 0x0413
mem[X,0x00000000800009EE] -> 0x03C4
[394] [M]: 0x00000000800009EC (0x03C40413) addi fp, fp, 60
x8 <- 0x0000000080000A24
mem[X,0x00000000800009F0] -> 0x0433
mem[X,0x00000000800009F2] -> 0x0074
[395] [M]: 0x00000000800009F0 (0x00740433) add fp, fp, t2
x8 <- 0x0000000080000C24
mem[X,0x00000000800009F4] -> 0x1393
mem[X,0x00000000800009F6] -> 0x0035
[396] [M]: 0x00000000800009F4 (0x00351393) slli t2, a0, 3
x7 <- 0x0000000000000058
mem[X,0x00000000800009F8] -> 0x0433
mem[X,0x00000000800009FA] -> 0x0074
[397] [M]: 0x00000000800009F8 (0x00740433) add fp, fp, t2
x8 <- 0x0000000080000C7C
mem[X,0x00000000800009FC] -> 0x7413
mem[X,0x00000000800009FE] -> 0xFF84
[398] [M]: 0x00000000800009FC (0xFF847413) andi fp, fp, 4088
x8 <- 0x0000000080000C78
mem[X,0x0000000080000A00] -> 0x3403
mem[X,0x0000000080000A02] -> 0x0004
[399] [M]: 0x0000000080000A00 (0x00043403) ld fp, 0(fp)
mem[R,0x0000000080000C78] -> 0x0000000000000017
x8 <- 0x0000000000000017
clint::tick mtime <- 0x0000000000000004
 clint timer pending at mtime 0x0000000000000004
htif::tick 0x0000000000000000
mem[X,0x0000000080000A04] -> 0x0EE3
mem[X,0x0000000080000A06] -> 0xB604
[400] [M]: 0x0000000080000A04 (0xB6040EE3) beq fp, zero, 7036
mem[X,0x0000000080000A08] -> 0x1393
mem[X,0x0000000080000A0A] -> 0x03F4
[401] [M]: 0x0000000080000A08 (0x03F41393) slli t2, fp, 63
x7 <- 0x8000000000000000
mem[X,0x0000000080000A0C] -> 0xD863
mem[X,0x0000000080000A0E] -> 0x0003
[402] [M]: 0x0000000080000A0C (0x0003D863) bge t2, zero, 16
mem[X,0x0000000080000A10] -> 0x5413
mem[X,0x0000000080000A12] -> 0x0014
[403] [M]: 0x0000000080000A10 (0x00145413) srli fp, fp, 1
x8 <- 0x000000000000000B
mem[X,0x0000000080000A14] -> 0x0CE3
mem[X,0x0000000080000A16] -> 0xF885
[404] [M]: 0x0000000080000A14 (0xF8850CE3) beq a0, fp, 8088
mem[X,0x00000000800009AC] -> 0x3303
mem[X,0x00000000800009AE] -> 0x2601
[405] [M]: 0x00000000800009AC (0x26013303) ld t1, 608(sp)
mem[R,0x0000000080002260] -> 0x6FF76DF56FF76DF5
x6 <- 0x6FF76DF56FF76DF5
mem[X,0x00000000800009B0] -> 0x3383
mem[X,0x00000000800009B2] -> 0x2681
[406] [M]: 0x00000000800009B0 (0x26813383) ld t2, 616(sp)
mem[R,0x0000000080002268] -> 0xB7FBB6FAB7FBB6FA
x7 <- 0xB7FBB6FAB7FBB6FA
mem[X,0x00000000800009B4] -> 0x3403
mem[X,0x00000000800009B6] -> 0x2701
[407] [M]: 0x00000000800009B4 (0x27013403) ld fp, 624(sp)
mem[R,0x0000000080002270] -> 0x5BFDDB7D5BFDDB7D
x8 <- 0x5BFDDB7D5BFDDB7D
mem[X,0x00000000800009B8] -> 0x3483
mem[X,0x00000000800009BA] -> 0x2781
[408] [M]: 0x00000000800009B8 (0x27813483) ld s1, 632(sp)
mem[R,0x0000000080002278] -> 0xADFEEDBEADFEEDBE
x9 <- 0xADFEEDBEADFEEDBE
mem[X,0x00000000800009BC] -> 0x3503
mem[X,0x00000000800009BE] -> 0x2801
[409] [M]: 0x00000000800009BC (0x28013503) ld a0, 640(sp)
mem[R,0x0000000080002280] -> 0x56FF76DF56FF76DF
x10 <- 0x56FF76DF56FF76DF
mem[X,0x00000000800009C0] -> 0x3583
mem[X,0x00000000800009C2] -> 0x2881
[410] [M]: 0x00000000800009C0 (0x28813583) ld a1, 648(sp)
mem[R,0x0000000080002288] -> 0xAB7FBB6FAB7FBB6F
x11 <- 0xAB7FBB6FAB7FBB6F
mem[X,0x00000000800009C4] -> 0x3103
mem[X,0x00000000800009C6] -> 0x2901
[411] [M]: 0x00000000800009C4 (0x29013103) ld sp, 656(sp)
mem[R,0x0000000080002290] -> 0x0000000011111111
x2 <- 0x0000000011111111
mem[X,0x00000000800009C8] -> 0x0073
mem[X,0x00000000800009CA] -> 0x3020
[412] [M]: 0x00000000800009C8 (0x30200073) mret
CSR mstatus <- 0x0000000A00000080
ret-ing from M to M
mem[X,0x0000000080000528] -> 0x0013
mem[X,0x000000008000052A] -> 0x0000
[413] [M]: 0x0000000080000528 (0x00000013) addi zero, zero, 0
mem[X,0x000000008000052C] -> 0xA023
mem[X,0x000000008000052E] -> 0x0000
[414] [M]: 0x000000008000052C (0x0000A023) sw zero, 0(ra)
mem[0x0000000080003118] <- 0x00000000
mem[X,0x0000000080000530] -> 0xA223
mem[X,0x0000000080000532] -> 0x0020
[415] [M]: 0x0000000080000530 (0x0020A223) sw sp, 4(ra)
mem[0x000000008000311C] <- 0x11111111
mem[X,0x0000000080000534] -> 0x0113
mem[X,0x0000000080000536] -> 0x0000
[416] [M]: 0x0000000080000534 (0x00000113) addi sp, zero, 0
x2 <- 0x0000000000000000
mem[X,0x0000000080000538] -> 0x0073
mem[X,0x000000008000053A] -> 0x0000
[417] [M]: 0x0000000080000538 (0x00000073) ecall
trapping from M to M to handle m-call
handling exc#0x0B at priv M with tval 0x0000000000000000
CSR mstatus <- 0x0000000A00001800
mem[X,0x00000000800005C0] -> 0x006F
mem[X,0x00000000800005C2] -> 0x1000
[418] [M]: 0x00000000800005C0 (0x1000006F) jal zero, 256
mem[X,0x00000000800006C0] -> 0x1173
mem[X,0x00000000800006C2] -> 0x3401
[419] [M]: 0x00000000800006C0 (0x34011173) csrrw sp, mscratch, sp
CSR mscratch -> 0x0000000080002000
CSR mscratch <- 0x0000000000000000 (input: 0x0000000000000000)
x2 <- 0x0000000080002000
mem[X,0x00000000800006C4] -> 0x3423
mem[X,0x00000000800006C6] -> 0x28B1
[420] [M]: 0x00000000800006C4 (0x28B13423) sd a1, 648(sp)
mem[0x0000000080002288] <- 0xAB7FBB6FAB7FBB6F
mem[X,0x00000000800006C8] -> 0x05EF
mem[X,0x00000000800006CA] -> 0x0B80
[421] [M]: 0x00000000800006C8 (0x0B8005EF) jal a1, 184
x11 <- 0x00000000800006CC
mem[X,0x0000000080000780] -> 0x3023
mem[X,0x0000000080000782] -> 0x28A1
[422] [M]: 0x0000000080000780 (0x28A13023) sd a0, 640(sp)
mem[0x0000000080002280] <- 0x56FF76DF56FF76DF
mem[X,0x0000000080000784] -> 0x1573
mem[X,0x0000000080000786] -> 0x3401
[423] [M]: 0x0000000080000784 (0x34011573) csrrw a0, mscratch, sp
CSR mscratch -> 0x0000000000000000
CSR mscratch <- 0x0000000080002000 (input: 0x0000000080002000)
x10 <- 0x0000000000000000
mem[X,0x0000000080000788] -> 0x3823
mem[X,0x000000008000078A] -> 0x28A1
[424] [M]: 0x0000000080000788 (0x28A13823) sd a0, 656(sp)
mem[0x0000000080002290] <- 0x0000000000000000
mem[X,0x000000008000078C] -> 0x3503
mem[X,0x000000008000078E] -> 0x2301
[425] [M]: 0x000000008000078C (0x23013503) ld a0, 560(sp)
mem[R,0x0000000080002230] -> 0x0000000080000794
x10 <- 0x0000000080000794
mem[X,0x0000000080000790] -> 0x0067
mem[X,0x0000000080000792] -> 0x0005
[426] [M]: 0x0000000080000790 (0x00050067) jalr zero, a0, 0
mem[X,0x0000000080000794] -> 0x3C23
mem[X,0x0000000080000796] -> 0x2691
[427] [M]: 0x0000000080000794 (0x26913C23) sd s1, 632(sp)
mem[0x0000000080002278] <- 0xADFEEDBEADFEEDBE
mem[X,0x0000000080000798] -> 0x3823
mem[X,0x000000008000079A] -> 0x2681
[428] [M]: 0x0000000080000798 (0x26813823) sd fp, 624(sp)
mem[0x0000000080002270] <- 0x5BFDDB7D5BFDDB7D
mem[X,0x000000008000079C] -> 0x3423
mem[X,0x000000008000079E] -> 0x2671
[429] [M]: 0x000000008000079C (0x26713423) sd t2, 616(sp)
mem[0x0000000080002268] <- 0xB7FBB6FAB7FBB6FA
mem[X,0x00000000800007A0] -> 0x3023
mem[X,0x00000000800007A2] -> 0x2661
[430] [M]: 0x00000000800007A0 (0x26613023) sd t1, 608(sp)
mem[0x0000000080002260] <- 0x6FF76DF56FF76DF5
mem[X,0x00000000800007A4] -> 0x2573
mem[X,0x00000000800007A6] -> 0x3420
[431] [M]: 0x00000000800007A4 (0x34202573) csrrs a0, mcause, zero
CSR mcause -> 0x000000000000000B
x10 <- 0x000000000000000B
mem[X,0x00000000800007A8] -> 0x0493
mem[X,0x00000000800007AA] -> 0xFF85
[432] [M]: 0x00000000800007A8 (0xFF850493) addi s1, a0, 4088
x9 <- 0x0000000000000003
mem[X,0x00000000800007AC] -> 0xF493
mem[X,0x00000000800007AE] -> 0xFFC4
[433] [M]: 0x00000000800007AC (0xFFC4F493) andi s1, s1, 4092
x9 <- 0x0000000000000000
mem[X,0x00000000800007B0] -> 0x9663
mem[X,0x00000000800007B2] -> 0x0004
[434] [M]: 0x00000000800007B0 (0x00049663) bne s1, zero, 12
mem[X,0x00000000800007B4] -> 0x3383
mem[X,0x00000000800007B6] -> 0x2901
[435] [M]: 0x00000000800007B4 (0x29013383) ld t2, 656(sp)
mem[R,0x0000000080002290] -> 0x0000000000000000
x7 <- 0x0000000000000000
mem[X,0x00000000800007B8] -> 0x8E63
mem[X,0x00000000800007BA] -> 0x6A03
[436] [M]: 0x00000000800007B8 (0x6A038E63) beq t2, zero, 1724
mem[X,0x0000000080000E74] -> 0x0493
mem[X,0x0000000080000E76] -> 0xFF55
[437] [M]: 0x0000000080000E74 (0xFF550493) addi s1, a0, 4085
x9 <- 0x0000000000000000
mem[X,0x0000000080000E78] -> 0x8063
mem[X,0x0000000080000E7A] -> 0x0204
[438] [M]: 0x0000000080000E78 (0x02048063) beq s1, zero, 32
mem[X,0x0000000080000E98] -> 0x23F3
mem[X,0x0000000080000E9A] -> 0x3410
[439] [M]: 0x0000000080000E98 (0x341023F3) csrrs t2, mepc, zero
CSR mepc -> 0x0000000080000538
x7 <- 0x0000000080000538
mem[X,0x0000000080000E9C] -> 0x83B3
mem[X,0x0000000080000E9E] -> 0x0093
[440] [M]: 0x0000000080000E9C (0x009383B3) add t2, t2, s1
x7 <- 0x0000000080000538
mem[X,0x0000000080000EA0] -> 0x3303
mem[X,0x0000000080000EA2] -> 0x2601
[441] [M]: 0x0000000080000EA0 (0x26013303) ld t1, 608(sp)
mem[R,0x0000000080002260] -> 0x6FF76DF56FF76DF5
x6 <- 0x6FF76DF56FF76DF5
mem[X,0x0000000080000EA4] -> 0x3403
mem[X,0x0000000080000EA6] -> 0x2701
[442] [M]: 0x0000000080000EA4 (0x27013403) ld fp, 624(sp)
mem[R,0x0000000080002270] -> 0x5BFDDB7D5BFDDB7D
x8 <- 0x5BFDDB7D5BFDDB7D
mem[X,0x0000000080000EA8] -> 0x3483
mem[X,0x0000000080000EAA] -> 0x2781
[443] [M]: 0x0000000080000EA8 (0x27813483) ld s1, 632(sp)
mem[R,0x0000000080002278] -> 0xADFEEDBEADFEEDBE
x9 <- 0xADFEEDBEADFEEDBE
mem[X,0x0000000080000EAC] -> 0x3503
mem[X,0x0000000080000EAE] -> 0x2801
[444] [M]: 0x0000000080000EAC (0x28013503) ld a0, 640(sp)
mem[R,0x0000000080002280] -> 0x56FF76DF56FF76DF
x10 <- 0x56FF76DF56FF76DF
mem[X,0x0000000080000EB0] -> 0x3583
mem[X,0x0000000080000EB2] -> 0x2881
[445] [M]: 0x0000000080000EB0 (0x28813583) ld a1, 648(sp)
mem[R,0x0000000080002288] -> 0xAB7FBB6FAB7FBB6F
x11 <- 0xAB7FBB6FAB7FBB6F
mem[X,0x0000000080000EB4] -> 0x3103
mem[X,0x0000000080000EB6] -> 0x2901
[446] [M]: 0x0000000080000EB4 (0x29013103) ld sp, 656(sp)
mem[R,0x0000000080002290] -> 0x0000000000000000
x2 <- 0x0000000000000000
mem[X,0x0000000080000EB8] -> 0x8067
mem[X,0x0000000080000EBA] -> 0x0043
[447] [M]: 0x0000000080000EB8 (0x00438067) jalr zero, t2, 4
mem[X,0x000000008000053C] -> 0x2373
mem[X,0x000000008000053E] -> 0x3400
[448] [M]: 0x000000008000053C (0x34002373) csrrs t1, mscratch, zero
CSR mscratch -> 0x0000000080002000
x6 <- 0x0000000080002000
mem[X,0x0000000080000540] -> 0x3383
mem[X,0x0000000080000542] -> 0x2383
[449] [M]: 0x0000000080000540 (0x23833383) ld t2, 568(t1)
mem[R,0x0000000080002238] -> 0x0000000000000000
x7 <- 0x0000000000000000
mem[X,0x0000000080000544] -> 0x3503
mem[X,0x0000000080000546] -> 0x2503
[450] [M]: 0x0000000080000544 (0x25033503) ld a0, 592(t1)
mem[R,0x0000000080002250] -> 0x0000000000000000
x10 <- 0x0000000000000000
mem[X,0x0000000080000548] -> 0x1073
mem[X,0x000000008000054A] -> 0x3405
[451] [M]: 0x0000000080000548 (0x34051073) csrrw zero, mscratch, a0
CSR mscratch -> 0x0000000080002000
CSR mscratch <- 0x0000000000000000 (input: 0x0000000000000000)
mem[X,0x000000008000054C] -> 0x3483
mem[X,0x000000008000054E] -> 0x2483
[452] [M]: 0x000000008000054C (0x24833483) ld s1, 584(t1)
mem[R,0x0000000080002248] -> 0x0000000000000000
x9 <- 0x0000000000000000
mem[X,0x0000000080000550] -> 0x93F3
mem[X,0x0000000080000552] -> 0x3054
[453] [M]: 0x0000000080000550 (0x305493F3) csrrw t2, mtvec, s1
CSR mtvec -> 0x00000000800005C0
CSR mtvec <- 0x0000000000000000 (input: 0x0000000000000000)
x7 <- 0x00000000800005C0
mem[X,0x0000000080000554] -> 0xF493
mem[X,0x0000000080000556] -> 0xFFC4
[454] [M]: 0x0000000080000554 (0xFFC4F493) andi s1, s1, 4092
x9 <- 0x0000000000000000
mem[X,0x0000000080000558] -> 0xF393
mem[X,0x000000008000055A] -> 0xFFC3
[455] [M]: 0x0000000080000558 (0xFFC3F393) andi t2, t2, 4092
x7 <- 0x00000000800005C0
mem[X,0x000000008000055C] -> 0x9063
mem[X,0x000000008000055E] -> 0x0274
[456] [M]: 0x000000008000055C (0x02749063) bne s1, t2, 32
mem[X,0x000000008000057C] -> 0x006F
mem[X,0x000000008000057E] -> 0x1410
[457] [M]: 0x000000008000057C (0x1410006F) jal zero, 2368
mem[X,0x0000000080000EBC] -> 0x0093
mem[X,0x0000000080000EBE] -> 0x0010
[458] [M]: 0x0000000080000EBC (0x00100093) addi ra, zero, 1
x1 <- 0x0000000000000001
mem[X,0x0000000080000EC0] -> 0x0F17
mem[X,0x0000000080000EC2] -> 0x0000
[459] [M]: 0x0000000080000EC0 (0x00000F17) auipc t5, 0
x30 <- 0x0000000080000EC0
mem[X,0x0000000080000EC4] -> 0x2023
mem[X,0x0000000080000EC6] -> 0x141F
[460] [M]: 0x0000000080000EC4 (0x141F2023) sw ra, 320(t5)
htif[0x0000000080001000] <- 0x00000001
mem[X,0x0000000080000EC8] -> 0xF06F
mem[X,0x0000000080000ECA] -> 0xFF9F
[461] [M]: 0x0000000080000EC8 (0xFF9FF06F) jal zero, 2097144
mem[X,0x0000000080000EC0] -> 0x0F17
mem[X,0x0000000080000EC2] -> 0x0000
[462] [M]: 0x0000000080000EC0 (0x00000F17) auipc t5, 0
x30 <- 0x0000000080000EC0
mem[X,0x0000000080000EC4] -> 0x2023
mem[X,0x0000000080000EC6] -> 0x141F
[463] [M]: 0x0000000080000EC4 (0x141F2023) sw ra, 320(t5)
htif[0x0000000080001000] <- 0x00000001
mem[X,0x0000000080000EC8] -> 0xF06F
mem[X,0x0000000080000ECA] -> 0xFF9F
[464] [M]: 0x0000000080000EC8 (0xFF9FF06F) jal zero, 2097144
mem[X,0x0000000080000EC0] -> 0x0F17
mem[X,0x0000000080000EC2] -> 0x0000
[465] [M]: 0x0000000080000EC0 (0x00000F17) auipc t5, 0
x30 <- 0x0000000080000EC0
mem[X,0x0000000080000EC4] -> 0x2023
mem[X,0x0000000080000EC6] -> 0x141F
[466] [M]: 0x0000000080000EC4 (0x141F2023) sw ra, 320(t5)
htif[0x0000000080001000] <- 0x00000001
htif-syscall-proxy cmd: 0x000000000001
SUCCESS
