using /home/minami/vscode/github/riscv-cof/test/riscof_work/rv64i_m/I/src/lh-align-01.S/ref/Reference-sail_c_simulator.signature for test-signature output.
tohost located at 0x80001000
Running file ref.elf.
ELF Entry @ 0x80000000
begin_signature: 0x80003110
end_signature: 0x80003220
CSR mstatus <- 0x0000000A00000000 (input: 0x0000000000000000)
mem[X,0x0000000000001000] -> 0x0297
mem[X,0x0000000000001002] -> 0x0000
[0] [M]: 0x0000000000001000 (0x00000297) auipc t0, 0
x5 <- 0x0000000000001000
mem[X,0x0000000000001004] -> 0x8593
mem[X,0x0000000000001006] -> 0x0202
[1] [M]: 0x0000000000001004 (0x02028593) addi a1, t0, 32
x11 <- 0x0000000000001020
mem[X,0x0000000000001008] -> 0x2573
mem[X,0x000000000000100A] -> 0xF140
[2] [M]: 0x0000000000001008 (0xF1402573) csrrs a0, mhartid, zero
CSR mhartid -> 0x0000000000000000
x10 <- 0x0000000000000000
mem[X,0x000000000000100C] -> 0xB283
mem[X,0x000000000000100E] -> 0x0182
[3] [M]: 0x000000000000100C (0x0182B283) ld t0, 24(t0)
mem[R,0x0000000000001018] -> 0x0000000080000000
x5 <- 0x0000000080000000
mem[X,0x0000000000001010] -> 0x8067
mem[X,0x0000000000001012] -> 0x0002
[4] [M]: 0x0000000000001010 (0x00028067) jalr zero, t0, 0
mem[X,0x0000000080000000] -> 0xC0B7
mem[X,0x0000000080000002] -> 0xFEED
[5] [M]: 0x0000000080000000 (0xFEEDC0B7) lui ra, 1044188
x1 <- 0xFFFFFFFFFEEDC000
mem[X,0x0000000080000004] -> 0x8093
mem[X,0x0000000080000006] -> 0xEAD0
[6] [M]: 0x0000000080000004 (0xEAD08093) addi ra, ra, 3757
x1 <- 0xFFFFFFFFFEEDBEAD
mem[X,0x0000000080000008] -> 0x9093
mem[X,0x000000008000000A] -> 0x00B0
[7] [M]: 0x0000000080000008 (0x00B09093) slli ra, ra, 11
x1 <- 0xFFFFFFF76DF56800
mem[X,0x000000008000000C] -> 0x8093
mem[X,0x000000008000000E] -> 0x7F70
[8] [M]: 0x000000008000000C (0x7F708093) addi ra, ra, 2039
x1 <- 0xFFFFFFF76DF56FF7
mem[X,0x0000000080000010] -> 0x9093
mem[X,0x0000000080000012] -> 0x00B0
[9] [M]: 0x0000000080000010 (0x00B09093) slli ra, ra, 11
x1 <- 0xFFFFBB6FAB7FB800
mem[X,0x0000000080000014] -> 0x8093
mem[X,0x0000000080000016] -> 0x36F0
[10] [M]: 0x0000000080000014 (0x36F08093) addi ra, ra, 879
x1 <- 0xFFFFBB6FAB7FBB6F
mem[X,0x0000000080000018] -> 0x9093
mem[X,0x000000008000001A] -> 0x00A0
[11] [M]: 0x0000000080000018 (0x00A09093) slli ra, ra, 10
x1 <- 0xFEEDBEADFEEDBC00
mem[X,0x000000008000001C] -> 0x8093
mem[X,0x000000008000001E] -> 0x2AD0
[12] [M]: 0x000000008000001C (0x2AD08093) addi ra, ra, 685
x1 <- 0xFEEDBEADFEEDBEAD
mem[X,0x0000000080000020] -> 0xE137
mem[X,0x0000000080000022] -> 0xFF76
[13] [M]: 0x0000000080000020 (0xFF76E137) lui sp, 1046382
x2 <- 0xFFFFFFFFFF76E000
mem[X,0x0000000080000024] -> 0x0113
mem[X,0x0000000080000026] -> 0xF561
[14] [M]: 0x0000000080000024 (0xF5610113) addi sp, sp, 3926
x2 <- 0xFFFFFFFFFF76DF56
mem[X,0x0000000080000028] -> 0x1113
mem[X,0x000000008000002A] -> 0x00B1
[15] [M]: 0x0000000080000028 (0x00B11113) slli sp, sp, 11
x2 <- 0xFFFFFFFBB6FAB000
mem[X,0x000000008000002C] -> 0x0113
mem[X,0x000000008000002E] -> 0x7FB1
[16] [M]: 0x000000008000002C (0x7FB10113) addi sp, sp, 2043
x2 <- 0xFFFFFFFBB6FAB7FB
mem[X,0x0000000080000030] -> 0x1113
mem[X,0x0000000080000032] -> 0x00B1
[17] [M]: 0x0000000080000030 (0x00B11113) slli sp, sp, 11
x2 <- 0xFFFFDDB7D5BFD800
mem[X,0x0000000080000034] -> 0x0113
mem[X,0x0000000080000036] -> 0x5B71
[18] [M]: 0x0000000080000034 (0x5B710113) addi sp, sp, 1463
x2 <- 0xFFFFDDB7D5BFDDB7
mem[X,0x0000000080000038] -> 0x1113
mem[X,0x000000008000003A] -> 0x00A1
[19] [M]: 0x0000000080000038 (0x00A11113) slli sp, sp, 10
x2 <- 0xFF76DF56FF76DC00
mem[X,0x000000008000003C] -> 0x0113
mem[X,0x000000008000003E] -> 0x3561
[20] [M]: 0x000000008000003C (0x35610113) addi sp, sp, 854
x2 <- 0xFF76DF56FF76DF56
mem[X,0x0000000080000040] -> 0x71B7
mem[X,0x0000000080000042] -> 0x7FBB
[21] [M]: 0x0000000080000040 (0x7FBB71B7) lui gp, 523191
x3 <- 0x000000007FBB7000
mem[X,0x0000000080000044] -> 0x8193
mem[X,0x0000000080000046] -> 0xFAB1
[22] [M]: 0x0000000080000044 (0xFAB18193) addi gp, gp, 4011
x3 <- 0x000000007FBB6FAB
mem[X,0x0000000080000048] -> 0x9193
mem[X,0x000000008000004A] -> 0x00B1
[23] [M]: 0x0000000080000048 (0x00B19193) slli gp, gp, 11
x3 <- 0x000003FDDB7D5800
mem[X,0x000000008000004C] -> 0x8193
mem[X,0x000000008000004E] -> 0x3FD1
[24] [M]: 0x000000008000004C (0x3FD18193) addi gp, gp, 1021
x3 <- 0x000003FDDB7D5BFD
mem[X,0x0000000080000050] -> 0x9193
mem[X,0x0000000080000052] -> 0x00B1
[25] [M]: 0x0000000080000050 (0x00B19193) slli gp, gp, 11
x3 <- 0x001FEEDBEADFE800
mem[X,0x0000000080000054] -> 0x8193
mem[X,0x0000000080000056] -> 0x6DB1
[26] [M]: 0x0000000080000054 (0x6DB18193) addi gp, gp, 1755
x3 <- 0x001FEEDBEADFEEDB
mem[X,0x0000000080000058] -> 0x9193
mem[X,0x000000008000005A] -> 0x00A1
[27] [M]: 0x0000000080000058 (0x00A19193) slli gp, gp, 10
x3 <- 0x7FBB6FAB7FBB6C00
mem[X,0x000000008000005C] -> 0x8193
mem[X,0x000000008000005E] -> 0x3AB1
[28] [M]: 0x000000008000005C (0x3AB18193) addi gp, gp, 939
x3 <- 0x7FBB6FAB7FBB6FAB
mem[X,0x0000000080000060] -> 0xB237
mem[X,0x0000000080000062] -> 0xBFDD
[29] [M]: 0x0000000080000060 (0xBFDDB237) lui tp, 785883
x4 <- 0xFFFFFFFFBFDDB000
mem[X,0x0000000080000064] -> 0x0213
mem[X,0x0000000080000066] -> 0x7D52
[30] [M]: 0x0000000080000064 (0x7D520213) addi tp, tp, 2005
x4 <- 0xFFFFFFFFBFDDB7D5
mem[X,0x0000000080000068] -> 0x1213
mem[X,0x000000008000006A] -> 0x00B2
[31] [M]: 0x0000000080000068 (0x00B21213) slli tp, tp, 11
x4 <- 0xFFFFFDFEEDBEA800
mem[X,0x000000008000006C] -> 0x0213
mem[X,0x000000008000006E] -> 0x5FE2
[32] [M]: 0x000000008000006C (0x5FE20213) addi tp, tp, 1534
x4 <- 0xFFFFFDFEEDBEADFE
mem[X,0x0000000080000070] -> 0x1213
mem[X,0x0000000080000072] -> 0x00B2
[33] [M]: 0x0000000080000070 (0x00B21213) slli tp, tp, 11
x4 <- 0xFFEFF76DF56FF000
mem[X,0x0000000080000074] -> 0x0213
mem[X,0x0000000080000076] -> 0x76D2
[34] [M]: 0x0000000080000074 (0x76D20213) addi tp, tp, 1901
x4 <- 0xFFEFF76DF56FF76D
mem[X,0x0000000080000078] -> 0x1213
mem[X,0x000000008000007A] -> 0x00A2
[35] [M]: 0x0000000080000078 (0x00A21213) slli tp, tp, 10
x4 <- 0xBFDDB7D5BFDDB400
mem[X,0x000000008000007C] -> 0x0213
mem[X,0x000000008000007E] -> 0x3D52
[36] [M]: 0x000000008000007C (0x3D520213) addi tp, tp, 981
x4 <- 0xBFDDB7D5BFDDB7D5
mem[X,0x0000000080000080] -> 0xE2B7
mem[X,0x0000000080000082] -> 0xDFEE
[37] [M]: 0x0000000080000080 (0xDFEEE2B7) lui t0, 917230
x5 <- 0xFFFFFFFFDFEEE000
mem[X,0x0000000080000084] -> 0x8293
mem[X,0x0000000080000086] -> 0xBEA2
[38] [M]: 0x0000000080000084 (0xBEA28293) addi t0, t0, 3050
x5 <- 0xFFFFFFFFDFEEDBEA
mem[X,0x0000000080000088] -> 0x9293
mem[X,0x000000008000008A] -> 0x00B2
[39] [M]: 0x0000000080000088 (0x00B29293) slli t0, t0, 11
x5 <- 0xFFFFFEFF76DF5000
mem[X,0x000000008000008C] -> 0x8293
mem[X,0x000000008000008E] -> 0x6FF2
[40] [M]: 0x000000008000008C (0x6FF28293) addi t0, t0, 1791
x5 <- 0xFFFFFEFF76DF56FF
mem[X,0x0000000080000090] -> 0x9293
mem[X,0x0000000080000092] -> 0x00B2
[41] [M]: 0x0000000080000090 (0x00B29293) slli t0, t0, 11
x5 <- 0xFFF7FBB6FAB7F800
mem[X,0x0000000080000094] -> 0x8293
mem[X,0x0000000080000096] -> 0x3B62
[42] [M]: 0x0000000080000094 (0x3B628293) addi t0, t0, 950
x5 <- 0xFFF7FBB6FAB7FBB6
mem[X,0x0000000080000098] -> 0x9293
mem[X,0x000000008000009A] -> 0x00A2
[43] [M]: 0x0000000080000098 (0x00A29293) slli t0, t0, 10
x5 <- 0xDFEEDBEADFEED800
mem[X,0x000000008000009C] -> 0x8293
mem[X,0x000000008000009E] -> 0x3EA2
[44] [M]: 0x000000008000009C (0x3EA28293) addi t0, t0, 1002
x5 <- 0xDFEEDBEADFEEDBEA
mem[X,0x00000000800000A0] -> 0x7337
mem[X,0x00000000800000A2] -> 0x6FF7
[45] [M]: 0x00000000800000A0 (0x6FF77337) lui t1, 458615
x6 <- 0x000000006FF77000
mem[X,0x00000000800000A4] -> 0x0313
mem[X,0x00000000800000A6] -> 0xDF53
[46] [M]: 0x00000000800000A4 (0xDF530313) addi t1, t1, 3573
x6 <- 0x000000006FF76DF5
mem[X,0x00000000800000A8] -> 0x1313
mem[X,0x00000000800000AA] -> 0x00B3
[47] [M]: 0x00000000800000A8 (0x00B31313) slli t1, t1, 11
x6 <- 0x0000037FBB6FA800
mem[X,0x00000000800000AC] -> 0x0313
mem[X,0x00000000800000AE] -> 0x37F3
[48] [M]: 0x00000000800000AC (0x37F30313) addi t1, t1, 895
x6 <- 0x0000037FBB6FAB7F
mem[X,0x00000000800000B0] -> 0x1313
mem[X,0x00000000800000B2] -> 0x00B3
[49] [M]: 0x00000000800000B0 (0x00B31313) slli t1, t1, 11
x6 <- 0x001BFDDB7D5BF800
mem[X,0x00000000800000B4] -> 0x0313
mem[X,0x00000000800000B6] -> 0x5DB3
[50] [M]: 0x00000000800000B4 (0x5DB30313) addi t1, t1, 1499
x6 <- 0x001BFDDB7D5BFDDB
mem[X,0x00000000800000B8] -> 0x1313
mem[X,0x00000000800000BA] -> 0x00A3
[51] [M]: 0x00000000800000B8 (0x00A31313) slli t1, t1, 10
x6 <- 0x6FF76DF56FF76C00
mem[X,0x00000000800000BC] -> 0x0313
mem[X,0x00000000800000BE] -> 0x1F53
[52] [M]: 0x00000000800000BC (0x1F530313) addi t1, t1, 501
x6 <- 0x6FF76DF56FF76DF5
mem[X,0x00000000800000C0] -> 0xB3B7
mem[X,0x00000000800000C2] -> 0xB7FB
[53] [M]: 0x00000000800000C0 (0xB7FBB3B7) lui t2, 753595
x7 <- 0xFFFFFFFFB7FBB000
mem[X,0x00000000800000C4] -> 0x8393
mem[X,0x00000000800000C6] -> 0x6FA3
[54] [M]: 0x00000000800000C4 (0x6FA38393) addi t2, t2, 1786
x7 <- 0xFFFFFFFFB7FBB6FA
mem[X,0x00000000800000C8] -> 0x9393
mem[X,0x00000000800000CA] -> 0x00B3
[55] [M]: 0x00000000800000C8 (0x00B39393) slli t2, t2, 11
x7 <- 0xFFFFFDBFDDB7D000
mem[X,0x00000000800000CC] -> 0x8393
mem[X,0x00000000800000CE] -> 0x5BF3
[56] [M]: 0x00000000800000CC (0x5BF38393) addi t2, t2, 1471
x7 <- 0xFFFFFDBFDDB7D5BF
mem[X,0x00000000800000D0] -> 0x9393
mem[X,0x00000000800000D2] -> 0x00B3
[57] [M]: 0x00000000800000D0 (0x00B39393) slli t2, t2, 11
x7 <- 0xFFEDFEEDBEADF800
mem[X,0x00000000800000D4] -> 0x8393
mem[X,0x00000000800000D6] -> 0x6ED3
[58] [M]: 0x00000000800000D4 (0x6ED38393) addi t2, t2, 1773
x7 <- 0xFFEDFEEDBEADFEED
mem[X,0x00000000800000D8] -> 0x9393
mem[X,0x00000000800000DA] -> 0x00A3
[59] [M]: 0x00000000800000D8 (0x00A39393) slli t2, t2, 10
x7 <- 0xB7FBB6FAB7FBB400
mem[X,0x00000000800000DC] -> 0x8393
mem[X,0x00000000800000DE] -> 0x2FA3
[60] [M]: 0x00000000800000DC (0x2FA38393) addi t2, t2, 762
x7 <- 0xB7FBB6FAB7FBB6FA
mem[X,0x00000000800000E0] -> 0xE437
mem[X,0x00000000800000E2] -> 0x5BFD
[61] [M]: 0x00000000800000E0 (0x5BFDE437) lui fp, 376798
x8 <- 0x000000005BFDE000
mem[X,0x00000000800000E4] -> 0x0413
mem[X,0x00000000800000E6] -> 0xB7D4
[62] [M]: 0x00000000800000E4 (0xB7D40413) addi fp, fp, 2941
x8 <- 0x000000005BFDDB7D
mem[X,0x00000000800000E8] -> 0x1413
mem[X,0x00000000800000EA] -> 0x00B4
[63] [M]: 0x00000000800000E8 (0x00B41413) slli fp, fp, 11
x8 <- 0x000002DFEEDBE800
mem[X,0x00000000800000EC] -> 0x0413
mem[X,0x00000000800000EE] -> 0x2DF4
[64] [M]: 0x00000000800000EC (0x2DF40413) addi fp, fp, 735
x8 <- 0x000002DFEEDBEADF
mem[X,0x00000000800000F0] -> 0x1413
mem[X,0x00000000800000F2] -> 0x00B4
[65] [M]: 0x00000000800000F0 (0x00B41413) slli fp, fp, 11
x8 <- 0x0016FF76DF56F800
mem[X,0x00000000800000F4] -> 0x0413
mem[X,0x00000000800000F6] -> 0x7764
[66] [M]: 0x00000000800000F4 (0x77640413) addi fp, fp, 1910
x8 <- 0x0016FF76DF56FF76
mem[X,0x00000000800000F8] -> 0x1413
mem[X,0x00000000800000FA] -> 0x00A4
[67] [M]: 0x00000000800000F8 (0x00A41413) slli fp, fp, 10
x8 <- 0x5BFDDB7D5BFDD800
mem[X,0x00000000800000FC] -> 0x0413
mem[X,0x00000000800000FE] -> 0x37D4
[68] [M]: 0x00000000800000FC (0x37D40413) addi fp, fp, 893
x8 <- 0x5BFDDB7D5BFDDB7D
mem[X,0x0000000080000100] -> 0xF4B7
mem[X,0x0000000080000102] -> 0xADFE
[69] [M]: 0x0000000080000100 (0xADFEF4B7) lui s1, 712687
x9 <- 0xFFFFFFFFADFEF000
mem[X,0x0000000080000104] -> 0x8493
mem[X,0x0000000080000106] -> 0xDBE4
[70] [M]: 0x0000000080000104 (0xDBE48493) addi s1, s1, 3518
x9 <- 0xFFFFFFFFADFEEDBE
mem[X,0x0000000080000108] -> 0x9493
mem[X,0x000000008000010A] -> 0x00B4
[71] [M]: 0x0000000080000108 (0x00B49493) slli s1, s1, 11
x9 <- 0xFFFFFD6FF76DF000
mem[X,0x000000008000010C] -> 0x8493
mem[X,0x000000008000010E] -> 0x56F4
[72] [M]: 0x000000008000010C (0x56F48493) addi s1, s1, 1391
x9 <- 0xFFFFFD6FF76DF56F
mem[X,0x0000000080000110] -> 0x9493
mem[X,0x0000000080000112] -> 0x00B4
[73] [M]: 0x0000000080000110 (0x00B49493) slli s1, s1, 11
x9 <- 0xFFEB7FBB6FAB7800
mem[X,0x0000000080000114] -> 0x8493
mem[X,0x0000000080000116] -> 0x7BB4
[74] [M]: 0x0000000080000114 (0x7BB48493) addi s1, s1, 1979
x9 <- 0xFFEB7FBB6FAB7FBB
mem[X,0x0000000080000118] -> 0x9493
mem[X,0x000000008000011A] -> 0x00A4
[75] [M]: 0x0000000080000118 (0x00A49493) slli s1, s1, 10
x9 <- 0xADFEEDBEADFEEC00
mem[X,0x000000008000011C] -> 0x8493
mem[X,0x000000008000011E] -> 0x1BE4
[76] [M]: 0x000000008000011C (0x1BE48493) addi s1, s1, 446
x9 <- 0xADFEEDBEADFEEDBE
mem[X,0x0000000080000120] -> 0x7537
mem[X,0x0000000080000122] -> 0x56FF
[77] [M]: 0x0000000080000120 (0x56FF7537) lui a0, 356343
x10 <- 0x0000000056FF7000
mem[X,0x0000000080000124] -> 0x0513
mem[X,0x0000000080000126] -> 0x6DF5
[78] [M]: 0x0000000080000124 (0x6DF50513) addi a0, a0, 1759
x10 <- 0x0000000056FF76DF
mem[X,0x0000000080000128] -> 0x1513
mem[X,0x000000008000012A] -> 0x00B5
[79] [M]: 0x0000000080000128 (0x00B51513) slli a0, a0, 11
x10 <- 0x000002B7FBB6F800
mem[X,0x000000008000012C] -> 0x0513
mem[X,0x000000008000012E] -> 0x2B75
[80] [M]: 0x000000008000012C (0x2B750513) addi a0, a0, 695
x10 <- 0x000002B7FBB6FAB7
mem[X,0x0000000080000130] -> 0x1513
mem[X,0x0000000080000132] -> 0x00B5
[81] [M]: 0x0000000080000130 (0x00B51513) slli a0, a0, 11
x10 <- 0x0015BFDDB7D5B800
mem[X,0x0000000080000134] -> 0x0513
mem[X,0x0000000080000136] -> 0x7DD5
[82] [M]: 0x0000000080000134 (0x7DD50513) addi a0, a0, 2013
x10 <- 0x0015BFDDB7D5BFDD
mem[X,0x0000000080000138] -> 0x1513
mem[X,0x000000008000013A] -> 0x00A5
[83] [M]: 0x0000000080000138 (0x00A51513) slli a0, a0, 10
x10 <- 0x56FF76DF56FF7400
mem[X,0x000000008000013C] -> 0x0513
mem[X,0x000000008000013E] -> 0x2DF5
[84] [M]: 0x000000008000013C (0x2DF50513) addi a0, a0, 735
x10 <- 0x56FF76DF56FF76DF
mem[X,0x0000000080000140] -> 0xC5B7
mem[X,0x0000000080000142] -> 0xAB7F
[85] [M]: 0x0000000080000140 (0xAB7FC5B7) lui a1, 702460
x11 <- 0xFFFFFFFFAB7FC000
mem[X,0x0000000080000144] -> 0x8593
mem[X,0x0000000080000146] -> 0xB6F5
[86] [M]: 0x0000000080000144 (0xB6F58593) addi a1, a1, 2927
x11 <- 0xFFFFFFFFAB7FBB6F
mem[X,0x0000000080000148] -> 0x9593
mem[X,0x000000008000014A] -> 0x00B5
[87] [M]: 0x0000000080000148 (0x00B59593) slli a1, a1, 11
x11 <- 0xFFFFFD5BFDDB7800
mem[X,0x000000008000014C] -> 0x8593
mem[X,0x000000008000014E] -> 0x55B5
[88] [M]: 0x000000008000014C (0x55B58593) addi a1, a1, 1371
x11 <- 0xFFFFFD5BFDDB7D5B
mem[X,0x0000000080000150] -> 0x9593
mem[X,0x0000000080000152] -> 0x00B5
[89] [M]: 0x0000000080000150 (0x00B59593) slli a1, a1, 11
x11 <- 0xFFEADFEEDBEAD800
mem[X,0x0000000080000154] -> 0x8593
mem[X,0x0000000080000156] -> 0x7EE5
[90] [M]: 0x0000000080000154 (0x7EE58593) addi a1, a1, 2030
x11 <- 0xFFEADFEEDBEADFEE
mem[X,0x0000000080000158] -> 0x9593
mem[X,0x000000008000015A] -> 0x00A5
[91] [M]: 0x0000000080000158 (0x00A59593) slli a1, a1, 10
x11 <- 0xAB7FBB6FAB7FB800
mem[X,0x000000008000015C] -> 0x8593
mem[X,0x000000008000015E] -> 0x36F5
[92] [M]: 0x000000008000015C (0x36F58593) addi a1, a1, 879
x11 <- 0xAB7FBB6FAB7FBB6F
mem[X,0x0000000080000160] -> 0xE637
mem[X,0x0000000080000162] -> 0xD5BF
[93] [M]: 0x0000000080000160 (0xD5BFE637) lui a2, 875518
x12 <- 0xFFFFFFFFD5BFE000
mem[X,0x0000000080000164] -> 0x0613
mem[X,0x0000000080000166] -> 0xDB76
[94] [M]: 0x0000000080000164 (0xDB760613) addi a2, a2, 3511
x12 <- 0xFFFFFFFFD5BFDDB7
mem[X,0x0000000080000168] -> 0x1613
mem[X,0x000000008000016A] -> 0x00B6
[95] [M]: 0x0000000080000168 (0x00B61613) slli a2, a2, 11
x12 <- 0xFFFFFEADFEEDB800
mem[X,0x000000008000016C] -> 0x0613
mem[X,0x000000008000016E] -> 0x6AD6
[96] [M]: 0x000000008000016C (0x6AD60613) addi a2, a2, 1709
x12 <- 0xFFFFFEADFEEDBEAD
mem[X,0x0000000080000170] -> 0x1613
mem[X,0x0000000080000172] -> 0x00B6
[97] [M]: 0x0000000080000170 (0x00B61613) slli a2, a2, 11
x12 <- 0xFFF56FF76DF56800
mem[X,0x0000000080000174] -> 0x0613
mem[X,0x0000000080000176] -> 0x7F76
[98] [M]: 0x0000000080000174 (0x7F760613) addi a2, a2, 2039
x12 <- 0xFFF56FF76DF56FF7
mem[X,0x0000000080000178] -> 0x1613
mem[X,0x000000008000017A] -> 0x00A6
[99] [M]: 0x0000000080000178 (0x00A61613) slli a2, a2, 10
x12 <- 0xD5BFDDB7D5BFDC00
clint::tick mtime <- 0x0000000000000001
 clint timer pending at mtime 0x0000000000000001
htif::tick 0x0000000000000000
mem[X,0x000000008000017C] -> 0x0613
mem[X,0x000000008000017E] -> 0x1B76
[100] [M]: 0x000000008000017C (0x1B760613) addi a2, a2, 439
x12 <- 0xD5BFDDB7D5BFDDB7
mem[X,0x0000000080000180] -> 0xF6B7
mem[X,0x0000000080000182] -> 0xEADF
[101] [M]: 0x0000000080000180 (0xEADFF6B7) lui a3, 962047
x13 <- 0xFFFFFFFFEADFF000
mem[X,0x0000000080000184] -> 0x8693
mem[X,0x0000000080000186] -> 0xEDB6
[102] [M]: 0x0000000080000184 (0xEDB68693) addi a3, a3, 3803
x13 <- 0xFFFFFFFFEADFEEDB
mem[X,0x0000000080000188] -> 0x9693
mem[X,0x000000008000018A] -> 0x00B6
[103] [M]: 0x0000000080000188 (0x00B69693) slli a3, a3, 11
x13 <- 0xFFFFFF56FF76D800
mem[X,0x000000008000018C] -> 0x8693
mem[X,0x000000008000018E] -> 0x7566
[104] [M]: 0x000000008000018C (0x75668693) addi a3, a3, 1878
x13 <- 0xFFFFFF56FF76DF56
mem[X,0x0000000080000190] -> 0x9693
mem[X,0x0000000080000192] -> 0x00B6
[105] [M]: 0x0000000080000190 (0x00B69693) slli a3, a3, 11
x13 <- 0xFFFAB7FBB6FAB000
mem[X,0x0000000080000194] -> 0x8693
mem[X,0x0000000080000196] -> 0x7FB6
[106] [M]: 0x0000000080000194 (0x7FB68693) addi a3, a3, 2043
x13 <- 0xFFFAB7FBB6FAB7FB
mem[X,0x0000000080000198] -> 0x9693
mem[X,0x000000008000019A] -> 0x00A6
[107] [M]: 0x0000000080000198 (0x00A69693) slli a3, a3, 10
x13 <- 0xEADFEEDBEADFEC00
mem[X,0x000000008000019C] -> 0x8693
mem[X,0x000000008000019E] -> 0x2DB6
[108] [M]: 0x000000008000019C (0x2DB68693) addi a3, a3, 731
x13 <- 0xEADFEEDBEADFEEDB
mem[X,0x00000000800001A0] -> 0xF737
mem[X,0x00000000800001A2] -> 0xF56F
[109] [M]: 0x00000000800001A0 (0xF56FF737) lui a4, 1005311
x14 <- 0xFFFFFFFFF56FF000
mem[X,0x00000000800001A4] -> 0x0713
mem[X,0x00000000800001A6] -> 0x76D7
[110] [M]: 0x00000000800001A4 (0x76D70713) addi a4, a4, 1901
x14 <- 0xFFFFFFFFF56FF76D
mem[X,0x00000000800001A8] -> 0x1713
mem[X,0x00000000800001AA] -> 0x00B7
[111] [M]: 0x00000000800001A8 (0x00B71713) slli a4, a4, 11
x14 <- 0xFFFFFFAB7FBB6800
mem[X,0x00000000800001AC] -> 0x0713
mem[X,0x00000000800001AE] -> 0x7AB7
[112] [M]: 0x00000000800001AC (0x7AB70713) addi a4, a4, 1963
x14 <- 0xFFFFFFAB7FBB6FAB
mem[X,0x00000000800001B0] -> 0x1713
mem[X,0x00000000800001B2] -> 0x00B7
[113] [M]: 0x00000000800001B0 (0x00B71713) slli a4, a4, 11
x14 <- 0xFFFD5BFDDB7D5800
mem[X,0x00000000800001B4] -> 0x0713
mem[X,0x00000000800001B6] -> 0x3FD7
[114] [M]: 0x00000000800001B4 (0x3FD70713) addi a4, a4, 1021
x14 <- 0xFFFD5BFDDB7D5BFD
mem[X,0x00000000800001B8] -> 0x1713
mem[X,0x00000000800001BA] -> 0x00A7
[115] [M]: 0x00000000800001B8 (0x00A71713) slli a4, a4, 10
x14 <- 0xF56FF76DF56FF400
mem[X,0x00000000800001BC] -> 0x0713
mem[X,0x00000000800001BE] -> 0x36D7
[116] [M]: 0x00000000800001BC (0x36D70713) addi a4, a4, 877
x14 <- 0xF56FF76DF56FF76D
mem[X,0x00000000800001C0] -> 0x07B7
mem[X,0x00000000800001C2] -> 0xFAB8
[117] [M]: 0x00000000800001C0 (0xFAB807B7) lui a5, 1026944
x15 <- 0xFFFFFFFFFAB80000
mem[X,0x00000000800001C4] -> 0x8793
mem[X,0x00000000800001C6] -> 0xBB67
[118] [M]: 0x00000000800001C4 (0xBB678793) addi a5, a5, 2998
x15 <- 0xFFFFFFFFFAB7FBB6
mem[X,0x00000000800001C8] -> 0x9793
mem[X,0x00000000800001CA] -> 0x00B7
[119] [M]: 0x00000000800001C8 (0x00B79793) slli a5, a5, 11
x15 <- 0xFFFFFFD5BFDDB000
mem[X,0x00000000800001CC] -> 0x8793
mem[X,0x00000000800001CE] -> 0x7D57
[120] [M]: 0x00000000800001CC (0x7D578793) addi a5, a5, 2005
x15 <- 0xFFFFFFD5BFDDB7D5
mem[X,0x00000000800001D0] -> 0x9793
mem[X,0x00000000800001D2] -> 0x00B7
[121] [M]: 0x00000000800001D0 (0x00B79793) slli a5, a5, 11
x15 <- 0xFFFEADFEEDBEA800
mem[X,0x00000000800001D4] -> 0x8793
mem[X,0x00000000800001D6] -> 0x5FE7
[122] [M]: 0x00000000800001D4 (0x5FE78793) addi a5, a5, 1534
x15 <- 0xFFFEADFEEDBEADFE
mem[X,0x00000000800001D8] -> 0x9793
mem[X,0x00000000800001DA] -> 0x00A7
[123] [M]: 0x00000000800001D8 (0x00A79793) slli a5, a5, 10
x15 <- 0xFAB7FBB6FAB7F800
mem[X,0x00000000800001DC] -> 0x8793
mem[X,0x00000000800001DE] -> 0x3B67
[124] [M]: 0x00000000800001DC (0x3B678793) addi a5, a5, 950
x15 <- 0xFAB7FBB6FAB7FBB6
mem[X,0x00000000800001E0] -> 0x0837
mem[X,0x00000000800001E2] -> 0x7D5C
[125] [M]: 0x00000000800001E0 (0x7D5C0837) lui a6, 513472
x16 <- 0x000000007D5C0000
mem[X,0x00000000800001E4] -> 0x0813
mem[X,0x00000000800001E6] -> 0xDDB8
[126] [M]: 0x00000000800001E4 (0xDDB80813) addi a6, a6, 3547
x16 <- 0x000000007D5BFDDB
mem[X,0x00000000800001E8] -> 0x1813
mem[X,0x00000000800001EA] -> 0x00B8
[127] [M]: 0x00000000800001E8 (0x00B81813) slli a6, a6, 11
x16 <- 0x000003EADFEED800
mem[X,0x00000000800001EC] -> 0x0813
mem[X,0x00000000800001EE] -> 0x3EA8
[128] [M]: 0x00000000800001EC (0x3EA80813) addi a6, a6, 1002
x16 <- 0x000003EADFEEDBEA
mem[X,0x00000000800001F0] -> 0x1813
mem[X,0x00000000800001F2] -> 0x00B8
[129] [M]: 0x00000000800001F0 (0x00B81813) slli a6, a6, 11
x16 <- 0x001F56FF76DF5000
mem[X,0x00000000800001F4] -> 0x0813
mem[X,0x00000000800001F6] -> 0x6FF8
[130] [M]: 0x00000000800001F4 (0x6FF80813) addi a6, a6, 1791
x16 <- 0x001F56FF76DF56FF
mem[X,0x00000000800001F8] -> 0x1813
mem[X,0x00000000800001FA] -> 0x00A8
[131] [M]: 0x00000000800001F8 (0x00A81813) slli a6, a6, 10
x16 <- 0x7D5BFDDB7D5BFC00
mem[X,0x00000000800001FC] -> 0x0813
mem[X,0x00000000800001FE] -> 0x1DB8
[132] [M]: 0x00000000800001FC (0x1DB80813) addi a6, a6, 475
x16 <- 0x7D5BFDDB7D5BFDDB
mem[X,0x0000000080000200] -> 0x08B7
mem[X,0x0000000080000202] -> 0xBEAE
[133] [M]: 0x0000000080000200 (0xBEAE08B7) lui a7, 781024
x17 <- 0xFFFFFFFFBEAE0000
mem[X,0x0000000080000204] -> 0x8893
mem[X,0x0000000080000206] -> 0xEED8
[134] [M]: 0x0000000080000204 (0xEED88893) addi a7, a7, 3821
x17 <- 0xFFFFFFFFBEADFEED
mem[X,0x0000000080000208] -> 0x9893
mem[X,0x000000008000020A] -> 0x00B8
[135] [M]: 0x0000000080000208 (0x00B89893) slli a7, a7, 11
x17 <- 0xFFFFFDF56FF76800
mem[X,0x000000008000020C] -> 0x8893
mem[X,0x000000008000020E] -> 0x5F58
[136] [M]: 0x000000008000020C (0x5F588893) addi a7, a7, 1525
x17 <- 0xFFFFFDF56FF76DF5
mem[X,0x0000000080000210] -> 0x9893
mem[X,0x0000000080000212] -> 0x00B8
[137] [M]: 0x0000000080000210 (0x00B89893) slli a7, a7, 11
x17 <- 0xFFEFAB7FBB6FA800
mem[X,0x0000000080000214] -> 0x8893
mem[X,0x0000000080000216] -> 0x37F8
[138] [M]: 0x0000000080000214 (0x37F88893) addi a7, a7, 895
x17 <- 0xFFEFAB7FBB6FAB7F
mem[X,0x0000000080000218] -> 0x9893
mem[X,0x000000008000021A] -> 0x00A8
[139] [M]: 0x0000000080000218 (0x00A89893) slli a7, a7, 10
x17 <- 0xBEADFEEDBEADFC00
mem[X,0x000000008000021C] -> 0x8893
mem[X,0x000000008000021E] -> 0x2ED8
[140] [M]: 0x000000008000021C (0x2ED88893) addi a7, a7, 749
x17 <- 0xBEADFEEDBEADFEED
mem[X,0x0000000080000220] -> 0x0937
mem[X,0x0000000080000222] -> 0xDF57
[141] [M]: 0x0000000080000220 (0xDF570937) lui s2, 914800
x18 <- 0xFFFFFFFFDF570000
mem[X,0x0000000080000224] -> 0x0913
mem[X,0x0000000080000226] -> 0xF769
[142] [M]: 0x0000000080000224 (0xF7690913) addi s2, s2, 3958
x18 <- 0xFFFFFFFFDF56FF76
mem[X,0x0000000080000228] -> 0x1913
mem[X,0x000000008000022A] -> 0x00B9
[143] [M]: 0x0000000080000228 (0x00B91913) slli s2, s2, 11
x18 <- 0xFFFFFEFAB7FBB000
mem[X,0x000000008000022C] -> 0x0913
mem[X,0x000000008000022E] -> 0x6FA9
[144] [M]: 0x000000008000022C (0x6FA90913) addi s2, s2, 1786
x18 <- 0xFFFFFEFAB7FBB6FA
mem[X,0x0000000080000230] -> 0x1913
mem[X,0x0000000080000232] -> 0x00B9
[145] [M]: 0x0000000080000230 (0x00B91913) slli s2, s2, 11
x18 <- 0xFFF7D5BFDDB7D000
mem[X,0x0000000080000234] -> 0x0913
mem[X,0x0000000080000236] -> 0x5BF9
[146] [M]: 0x0000000080000234 (0x5BF90913) addi s2, s2, 1471
x18 <- 0xFFF7D5BFDDB7D5BF
mem[X,0x0000000080000238] -> 0x1913
mem[X,0x000000008000023A] -> 0x00A9
[147] [M]: 0x0000000080000238 (0x00A91913) slli s2, s2, 10
x18 <- 0xDF56FF76DF56FC00
mem[X,0x000000008000023C] -> 0x0913
mem[X,0x000000008000023E] -> 0x3769
[148] [M]: 0x000000008000023C (0x37690913) addi s2, s2, 886
x18 <- 0xDF56FF76DF56FF76
mem[X,0x0000000080000240] -> 0x89B7
mem[X,0x0000000080000242] -> 0x6FAB
[149] [M]: 0x0000000080000240 (0x6FAB89B7) lui s3, 457400
x19 <- 0x000000006FAB8000
mem[X,0x0000000080000244] -> 0x8993
mem[X,0x0000000080000246] -> 0xFBB9
[150] [M]: 0x0000000080000244 (0xFBB98993) addi s3, s3, 4027
x19 <- 0x000000006FAB7FBB
mem[X,0x0000000080000248] -> 0x9993
mem[X,0x000000008000024A] -> 0x00B9
[151] [M]: 0x0000000080000248 (0x00B99993) slli s3, s3, 11
x19 <- 0x0000037D5BFDD800
mem[X,0x000000008000024C] -> 0x8993
mem[X,0x000000008000024E] -> 0x37D9
[152] [M]: 0x000000008000024C (0x37D98993) addi s3, s3, 893
x19 <- 0x0000037D5BFDDB7D
mem[X,0x0000000080000250] -> 0x9993
mem[X,0x0000000080000252] -> 0x00B9
[153] [M]: 0x0000000080000250 (0x00B99993) slli s3, s3, 11
x19 <- 0x001BEADFEEDBE800
mem[X,0x0000000080000254] -> 0x8993
mem[X,0x0000000080000256] -> 0x2DF9
[154] [M]: 0x0000000080000254 (0x2DF98993) addi s3, s3, 735
x19 <- 0x001BEADFEEDBEADF
mem[X,0x0000000080000258] -> 0x9993
mem[X,0x000000008000025A] -> 0x00A9
[155] [M]: 0x0000000080000258 (0x00A99993) slli s3, s3, 10
x19 <- 0x6FAB7FBB6FAB7C00
mem[X,0x000000008000025C] -> 0x8993
mem[X,0x000000008000025E] -> 0x3BB9
[156] [M]: 0x000000008000025C (0x3BB98993) addi s3, s3, 955
x19 <- 0x6FAB7FBB6FAB7FBB
mem[X,0x0000000080000260] -> 0xCA37
mem[X,0x0000000080000262] -> 0xB7D5
[157] [M]: 0x0000000080000260 (0xB7D5CA37) lui s4, 752988
x20 <- 0xFFFFFFFFB7D5C000
mem[X,0x0000000080000264] -> 0x0A13
mem[X,0x0000000080000266] -> 0xFDDA
[158] [M]: 0x0000000080000264 (0xFDDA0A13) addi s4, s4, 4061
x20 <- 0xFFFFFFFFB7D5BFDD
mem[X,0x0000000080000268] -> 0x1A13
mem[X,0x000000008000026A] -> 0x00BA
[159] [M]: 0x0000000080000268 (0x00BA1A13) slli s4, s4, 11
x20 <- 0xFFFFFDBEADFEE800
mem[X,0x000000008000026C] -> 0x0A13
mem[X,0x000000008000026E] -> 0x5BEA
[160] [M]: 0x000000008000026C (0x5BEA0A13) addi s4, s4, 1470
x20 <- 0xFFFFFDBEADFEEDBE
mem[X,0x0000000080000270] -> 0x1A13
mem[X,0x0000000080000272] -> 0x00BA
[161] [M]: 0x0000000080000270 (0x00BA1A13) slli s4, s4, 11
x20 <- 0xFFEDF56FF76DF000
mem[X,0x0000000080000274] -> 0x0A13
mem[X,0x0000000080000276] -> 0x56FA
[162] [M]: 0x0000000080000274 (0x56FA0A13) addi s4, s4, 1391
x20 <- 0xFFEDF56FF76DF56F
mem[X,0x0000000080000278] -> 0x1A13
mem[X,0x000000008000027A] -> 0x00AA
[163] [M]: 0x0000000080000278 (0x00AA1A13) slli s4, s4, 10
x20 <- 0xB7D5BFDDB7D5BC00
mem[X,0x000000008000027C] -> 0x0A13
mem[X,0x000000008000027E] -> 0x3DDA
[164] [M]: 0x000000008000027C (0x3DDA0A13) addi s4, s4, 989
x20 <- 0xB7D5BFDDB7D5BFDD
mem[X,0x0000000080000280] -> 0xEAB7
mem[X,0x0000000080000282] -> 0xDBEA
[165] [M]: 0x0000000080000280 (0xDBEAEAB7) lui s5, 900782
x21 <- 0xFFFFFFFFDBEAE000
mem[X,0x0000000080000284] -> 0x8A93
mem[X,0x0000000080000286] -> 0xFEEA
[166] [M]: 0x0000000080000284 (0xFEEA8A93) addi s5, s5, 4078
x21 <- 0xFFFFFFFFDBEADFEE
mem[X,0x0000000080000288] -> 0x9A93
mem[X,0x000000008000028A] -> 0x00BA
[167] [M]: 0x0000000080000288 (0x00BA9A93) slli s5, s5, 11
x21 <- 0xFFFFFEDF56FF7000
mem[X,0x000000008000028C] -> 0x8A93
mem[X,0x000000008000028E] -> 0x6DFA
[168] [M]: 0x000000008000028C (0x6DFA8A93) addi s5, s5, 1759
x21 <- 0xFFFFFEDF56FF76DF
mem[X,0x0000000080000290] -> 0x9A93
mem[X,0x0000000080000292] -> 0x00BA
[169] [M]: 0x0000000080000290 (0x00BA9A93) slli s5, s5, 11
x21 <- 0xFFF6FAB7FBB6F800
mem[X,0x0000000080000294] -> 0x8A93
mem[X,0x0000000080000296] -> 0x2B7A
[170] [M]: 0x0000000080000294 (0x2B7A8A93) addi s5, s5, 695
x21 <- 0xFFF6FAB7FBB6FAB7
mem[X,0x0000000080000298] -> 0x9A93
mem[X,0x000000008000029A] -> 0x00AA
[171] [M]: 0x0000000080000298 (0x00AA9A93) slli s5, s5, 10
x21 <- 0xDBEADFEEDBEADC00
mem[X,0x000000008000029C] -> 0x8A93
mem[X,0x000000008000029E] -> 0x3EEA
[172] [M]: 0x000000008000029C (0x3EEA8A93) addi s5, s5, 1006
x21 <- 0xDBEADFEEDBEADFEE
mem[X,0x00000000800002A0] -> 0x7B37
mem[X,0x00000000800002A2] -> 0x6DF5
[173] [M]: 0x00000000800002A0 (0x6DF57B37) lui s6, 450391
x22 <- 0x000000006DF57000
mem[X,0x00000000800002A4] -> 0x0B13
mem[X,0x00000000800002A6] -> 0xFF7B
[174] [M]: 0x00000000800002A4 (0xFF7B0B13) addi s6, s6, 4087
x22 <- 0x000000006DF56FF7
mem[X,0x00000000800002A8] -> 0x1B13
mem[X,0x00000000800002AA] -> 0x00BB
[175] [M]: 0x00000000800002A8 (0x00BB1B13) slli s6, s6, 11
x22 <- 0x0000036FAB7FB800
mem[X,0x00000000800002AC] -> 0x0B13
mem[X,0x00000000800002AE] -> 0x36FB
[176] [M]: 0x00000000800002AC (0x36FB0B13) addi s6, s6, 879
x22 <- 0x0000036FAB7FBB6F
mem[X,0x00000000800002B0] -> 0x1B13
mem[X,0x00000000800002B2] -> 0x00BB
[177] [M]: 0x00000000800002B0 (0x00BB1B13) slli s6, s6, 11
x22 <- 0x001B7D5BFDDB7800
mem[X,0x00000000800002B4] -> 0x0B13
mem[X,0x00000000800002B6] -> 0x55BB
[178] [M]: 0x00000000800002B4 (0x55BB0B13) addi s6, s6, 1371
x22 <- 0x001B7D5BFDDB7D5B
mem[X,0x00000000800002B8] -> 0x1B13
mem[X,0x00000000800002BA] -> 0x00AB
[179] [M]: 0x00000000800002B8 (0x00AB1B13) slli s6, s6, 10
x22 <- 0x6DF56FF76DF56C00
mem[X,0x00000000800002BC] -> 0x0B13
mem[X,0x00000000800002BE] -> 0x3F7B
[180] [M]: 0x00000000800002BC (0x3F7B0B13) addi s6, s6, 1015
x22 <- 0x6DF56FF76DF56FF7
mem[X,0x00000000800002C0] -> 0xBBB7
mem[X,0x00000000800002C2] -> 0xB6FA
[181] [M]: 0x00000000800002C0 (0xB6FABBB7) lui s7, 749483
x23 <- 0xFFFFFFFFB6FAB000
mem[X,0x00000000800002C4] -> 0x8B93
mem[X,0x00000000800002C6] -> 0x7FBB
[182] [M]: 0x00000000800002C4 (0x7FBB8B93) addi s7, s7, 2043
x23 <- 0xFFFFFFFFB6FAB7FB
mem[X,0x00000000800002C8] -> 0x9B93
mem[X,0x00000000800002CA] -> 0x00BB
[183] [M]: 0x00000000800002C8 (0x00BB9B93) slli s7, s7, 11
x23 <- 0xFFFFFDB7D5BFD800
mem[X,0x00000000800002CC] -> 0x8B93
mem[X,0x00000000800002CE] -> 0x5B7B
[184] [M]: 0x00000000800002CC (0x5B7B8B93) addi s7, s7, 1463
x23 <- 0xFFFFFDB7D5BFDDB7
mem[X,0x00000000800002D0] -> 0x9B93
mem[X,0x00000000800002D2] -> 0x00BB
[185] [M]: 0x00000000800002D0 (0x00BB9B93) slli s7, s7, 11
x23 <- 0xFFEDBEADFEEDB800
mem[X,0x00000000800002D4] -> 0x8B93
mem[X,0x00000000800002D6] -> 0x6ADB
[186] [M]: 0x00000000800002D4 (0x6ADB8B93) addi s7, s7, 1709
x23 <- 0xFFEDBEADFEEDBEAD
mem[X,0x00000000800002D8] -> 0x9B93
mem[X,0x00000000800002DA] -> 0x00AB
[187] [M]: 0x00000000800002D8 (0x00AB9B93) slli s7, s7, 10
x23 <- 0xB6FAB7FBB6FAB400
mem[X,0x00000000800002DC] -> 0x8B93
mem[X,0x00000000800002DE] -> 0x3FBB
[188] [M]: 0x00000000800002DC (0x3FBB8B93) addi s7, s7, 1019
x23 <- 0xB6FAB7FBB6FAB7FB
mem[X,0x00000000800002E0] -> 0x6C37
mem[X,0x00000000800002E2] -> 0xDB7D
[189] [M]: 0x00000000800002E0 (0xDB7D6C37) lui s8, 899030
x24 <- 0xFFFFFFFFDB7D6000
mem[X,0x00000000800002E4] -> 0x0C13
mem[X,0x00000000800002E6] -> 0xBFDC
[190] [M]: 0x00000000800002E4 (0xBFDC0C13) addi s8, s8, 3069
x24 <- 0xFFFFFFFFDB7D5BFD
mem[X,0x00000000800002E8] -> 0x1C13
mem[X,0x00000000800002EA] -> 0x00BC
[191] [M]: 0x00000000800002E8 (0x00BC1C13) slli s8, s8, 11
x24 <- 0xFFFFFEDBEADFE800
mem[X,0x00000000800002EC] -> 0x0C13
mem[X,0x00000000800002EE] -> 0x6DBC
[192] [M]: 0x00000000800002EC (0x6DBC0C13) addi s8, s8, 1755
x24 <- 0xFFFFFEDBEADFEEDB
mem[X,0x00000000800002F0] -> 0x1C13
mem[X,0x00000000800002F2] -> 0x00BC
[193] [M]: 0x00000000800002F0 (0x00BC1C13) slli s8, s8, 11
x24 <- 0xFFF6DF56FF76D800
mem[X,0x00000000800002F4] -> 0x0C13
mem[X,0x00000000800002F6] -> 0x756C
[194] [M]: 0x00000000800002F4 (0x756C0C13) addi s8, s8, 1878
x24 <- 0xFFF6DF56FF76DF56
mem[X,0x00000000800002F8] -> 0x1C13
mem[X,0x00000000800002FA] -> 0x00AC
[195] [M]: 0x00000000800002F8 (0x00AC1C13) slli s8, s8, 10
x24 <- 0xDB7D5BFDDB7D5800
mem[X,0x00000000800002FC] -> 0x0C13
mem[X,0x00000000800002FE] -> 0x3FDC
[196] [M]: 0x00000000800002FC (0x3FDC0C13) addi s8, s8, 1021
x24 <- 0xDB7D5BFDDB7D5BFD
mem[X,0x0000000080000300] -> 0xBCB7
mem[X,0x0000000080000302] -> 0xEDBE
[197] [M]: 0x0000000080000300 (0xEDBEBCB7) lui s9, 973803
x25 <- 0xFFFFFFFFEDBEB000
mem[X,0x0000000080000304] -> 0x8C93
mem[X,0x0000000080000306] -> 0xDFEC
[198] [M]: 0x0000000080000304 (0xDFEC8C93) addi s9, s9, 3582
x25 <- 0xFFFFFFFFEDBEADFE
mem[X,0x0000000080000308] -> 0x9C93
mem[X,0x000000008000030A] -> 0x00BC
[199] [M]: 0x0000000080000308 (0x00BC9C93) slli s9, s9, 11
x25 <- 0xFFFFFF6DF56FF000
clint::tick mtime <- 0x0000000000000002
 clint timer pending at mtime 0x0000000000000002
htif::tick 0x0000000000000000
mem[X,0x000000008000030C] -> 0x8C93
mem[X,0x000000008000030E] -> 0x76DC
[200] [M]: 0x000000008000030C (0x76DC8C93) addi s9, s9, 1901
x25 <- 0xFFFFFF6DF56FF76D
mem[X,0x0000000080000310] -> 0x9C93
mem[X,0x0000000080000312] -> 0x00BC
[201] [M]: 0x0000000080000310 (0x00BC9C93) slli s9, s9, 11
x25 <- 0xFFFB6FAB7FBB6800
mem[X,0x0000000080000314] -> 0x8C93
mem[X,0x0000000080000316] -> 0x7ABC
[202] [M]: 0x0000000080000314 (0x7ABC8C93) addi s9, s9, 1963
x25 <- 0xFFFB6FAB7FBB6FAB
mem[X,0x0000000080000318] -> 0x9C93
mem[X,0x000000008000031A] -> 0x00AC
[203] [M]: 0x0000000080000318 (0x00AC9C93) slli s9, s9, 10
x25 <- 0xEDBEADFEEDBEAC00
mem[X,0x000000008000031C] -> 0x8C93
mem[X,0x000000008000031E] -> 0x1FEC
[204] [M]: 0x000000008000031C (0x1FEC8C93) addi s9, s9, 510
x25 <- 0xEDBEADFEEDBEADFE
mem[X,0x0000000080000320] -> 0x5D37
mem[X,0x0000000080000322] -> 0x76DF
[205] [M]: 0x0000000080000320 (0x76DF5D37) lui s10, 486901
x26 <- 0x0000000076DF5000
mem[X,0x0000000080000324] -> 0x0D13
mem[X,0x0000000080000326] -> 0x6FFD
[206] [M]: 0x0000000080000324 (0x6FFD0D13) addi s10, s10, 1791
x26 <- 0x0000000076DF56FF
mem[X,0x0000000080000328] -> 0x1D13
mem[X,0x000000008000032A] -> 0x00BD
[207] [M]: 0x0000000080000328 (0x00BD1D13) slli s10, s10, 11
x26 <- 0x000003B6FAB7F800
mem[X,0x000000008000032C] -> 0x0D13
mem[X,0x000000008000032E] -> 0x3B6D
[208] [M]: 0x000000008000032C (0x3B6D0D13) addi s10, s10, 950
x26 <- 0x000003B6FAB7FBB6
mem[X,0x0000000080000330] -> 0x1D13
mem[X,0x0000000080000332] -> 0x00BD
[209] [M]: 0x0000000080000330 (0x00BD1D13) slli s10, s10, 11
x26 <- 0x001DB7D5BFDDB000
mem[X,0x0000000080000334] -> 0x0D13
mem[X,0x0000000080000336] -> 0x7D5D
[210] [M]: 0x0000000080000334 (0x7D5D0D13) addi s10, s10, 2005
x26 <- 0x001DB7D5BFDDB7D5
mem[X,0x0000000080000338] -> 0x1D13
mem[X,0x000000008000033A] -> 0x00AD
[211] [M]: 0x0000000080000338 (0x00AD1D13) slli s10, s10, 10
x26 <- 0x76DF56FF76DF5400
mem[X,0x000000008000033C] -> 0x0D13
mem[X,0x000000008000033E] -> 0x2FFD
[212] [M]: 0x000000008000033C (0x2FFD0D13) addi s10, s10, 767
x26 <- 0x76DF56FF76DF56FF
mem[X,0x0000000080000340] -> 0xBDB7
mem[X,0x0000000080000342] -> 0xBB6F
[213] [M]: 0x0000000080000340 (0xBB6FBDB7) lui s11, 767739
x27 <- 0xFFFFFFFFBB6FB000
mem[X,0x0000000080000344] -> 0x8D93
mem[X,0x0000000080000346] -> 0xB7FD
[214] [M]: 0x0000000080000344 (0xB7FD8D93) addi s11, s11, 2943
x27 <- 0xFFFFFFFFBB6FAB7F
mem[X,0x0000000080000348] -> 0x9D93
mem[X,0x000000008000034A] -> 0x00BD
[215] [M]: 0x0000000080000348 (0x00BD9D93) slli s11, s11, 11
x27 <- 0xFFFFFDDB7D5BF800
mem[X,0x000000008000034C] -> 0x8D93
mem[X,0x000000008000034E] -> 0x5DBD
[216] [M]: 0x000000008000034C (0x5DBD8D93) addi s11, s11, 1499
x27 <- 0xFFFFFDDB7D5BFDDB
mem[X,0x0000000080000350] -> 0x9D93
mem[X,0x0000000080000352] -> 0x00BD
[217] [M]: 0x0000000080000350 (0x00BD9D93) slli s11, s11, 11
x27 <- 0xFFEEDBEADFEED800
mem[X,0x0000000080000354] -> 0x8D93
mem[X,0x0000000080000356] -> 0x3EAD
[218] [M]: 0x0000000080000354 (0x3EAD8D93) addi s11, s11, 1002
x27 <- 0xFFEEDBEADFEEDBEA
mem[X,0x0000000080000358] -> 0x9D93
mem[X,0x000000008000035A] -> 0x00AD
[219] [M]: 0x0000000080000358 (0x00AD9D93) slli s11, s11, 10
x27 <- 0xBB6FAB7FBB6FA800
mem[X,0x000000008000035C] -> 0x8D93
mem[X,0x000000008000035E] -> 0x37FD
[220] [M]: 0x000000008000035C (0x37FD8D93) addi s11, s11, 895
x27 <- 0xBB6FAB7FBB6FAB7F
mem[X,0x0000000080000360] -> 0xDE37
mem[X,0x0000000080000362] -> 0xDDB7
[221] [M]: 0x0000000080000360 (0xDDB7DE37) lui t3, 908157
x28 <- 0xFFFFFFFFDDB7D000
mem[X,0x0000000080000364] -> 0x0E13
mem[X,0x0000000080000366] -> 0x5BFE
[222] [M]: 0x0000000080000364 (0x5BFE0E13) addi t3, t3, 1471
x28 <- 0xFFFFFFFFDDB7D5BF
mem[X,0x0000000080000368] -> 0x1E13
mem[X,0x000000008000036A] -> 0x00BE
[223] [M]: 0x0000000080000368 (0x00BE1E13) slli t3, t3, 11
x28 <- 0xFFFFFEEDBEADF800
mem[X,0x000000008000036C] -> 0x0E13
mem[X,0x000000008000036E] -> 0x6EDE
[224] [M]: 0x000000008000036C (0x6EDE0E13) addi t3, t3, 1773
x28 <- 0xFFFFFEEDBEADFEED
mem[X,0x0000000080000370] -> 0x1E13
mem[X,0x0000000080000372] -> 0x00BE
[225] [M]: 0x0000000080000370 (0x00BE1E13) slli t3, t3, 11
x28 <- 0xFFF76DF56FF76800
mem[X,0x0000000080000374] -> 0x0E13
mem[X,0x0000000080000376] -> 0x5F5E
[226] [M]: 0x0000000080000374 (0x5F5E0E13) addi t3, t3, 1525
x28 <- 0xFFF76DF56FF76DF5
mem[X,0x0000000080000378] -> 0x1E13
mem[X,0x000000008000037A] -> 0x00AE
[227] [M]: 0x0000000080000378 (0x00AE1E13) slli t3, t3, 10
x28 <- 0xDDB7D5BFDDB7D400
mem[X,0x000000008000037C] -> 0x0E13
mem[X,0x000000008000037E] -> 0x1BFE
[228] [M]: 0x000000008000037C (0x1BFE0E13) addi t3, t3, 447
x28 <- 0xDDB7D5BFDDB7D5BF
mem[X,0x0000000080000380] -> 0xFEB7
mem[X,0x0000000080000382] -> 0xEEDB
[229] [M]: 0x0000000080000380 (0xEEDBFEB7) lui t4, 978367
x29 <- 0xFFFFFFFFEEDBF000
mem[X,0x0000000080000384] -> 0x8E93
mem[X,0x0000000080000386] -> 0xADFE
[230] [M]: 0x0000000080000384 (0xADFE8E93) addi t4, t4, 2783
x29 <- 0xFFFFFFFFEEDBEADF
mem[X,0x0000000080000388] -> 0x9E93
mem[X,0x000000008000038A] -> 0x00BE
[231] [M]: 0x0000000080000388 (0x00BE9E93) slli t4, t4, 11
x29 <- 0xFFFFFF76DF56F800
mem[X,0x000000008000038C] -> 0x8E93
mem[X,0x000000008000038E] -> 0x776E
[232] [M]: 0x000000008000038C (0x776E8E93) addi t4, t4, 1910
x29 <- 0xFFFFFF76DF56FF76
mem[X,0x0000000080000390] -> 0x9E93
mem[X,0x0000000080000392] -> 0x00BE
[233] [M]: 0x0000000080000390 (0x00BE9E93) slli t4, t4, 11
x29 <- 0xFFFBB6FAB7FBB000
mem[X,0x0000000080000394] -> 0x8E93
mem[X,0x0000000080000396] -> 0x6FAE
[234] [M]: 0x0000000080000394 (0x6FAE8E93) addi t4, t4, 1786
x29 <- 0xFFFBB6FAB7FBB6FA
mem[X,0x0000000080000398] -> 0x9E93
mem[X,0x000000008000039A] -> 0x00AE
[235] [M]: 0x0000000080000398 (0x00AE9E93) slli t4, t4, 10
x29 <- 0xEEDBEADFEEDBE800
mem[X,0x000000008000039C] -> 0x8E93
mem[X,0x000000008000039E] -> 0x2DFE
[236] [M]: 0x000000008000039C (0x2DFE8E93) addi t4, t4, 735
x29 <- 0xEEDBEADFEEDBEADF
mem[X,0x00000000800003A0] -> 0xFF37
mem[X,0x00000000800003A2] -> 0xF76D
[237] [M]: 0x00000000800003A0 (0xF76DFF37) lui t5, 1013471
x30 <- 0xFFFFFFFFF76DF000
mem[X,0x00000000800003A4] -> 0x0F13
mem[X,0x00000000800003A6] -> 0x56FF
[238] [M]: 0x00000000800003A4 (0x56FF0F13) addi t5, t5, 1391
x30 <- 0xFFFFFFFFF76DF56F
mem[X,0x00000000800003A8] -> 0x1F13
mem[X,0x00000000800003AA] -> 0x00BF
[239] [M]: 0x00000000800003A8 (0x00BF1F13) slli t5, t5, 11
x30 <- 0xFFFFFFBB6FAB7800
mem[X,0x00000000800003AC] -> 0x0F13
mem[X,0x00000000800003AE] -> 0x7BBF
[240] [M]: 0x00000000800003AC (0x7BBF0F13) addi t5, t5, 1979
x30 <- 0xFFFFFFBB6FAB7FBB
mem[X,0x00000000800003B0] -> 0x1F13
mem[X,0x00000000800003B2] -> 0x00BF
[241] [M]: 0x00000000800003B0 (0x00BF1F13) slli t5, t5, 11
x30 <- 0xFFFDDB7D5BFDD800
mem[X,0x00000000800003B4] -> 0x0F13
mem[X,0x00000000800003B6] -> 0x37DF
[242] [M]: 0x00000000800003B4 (0x37DF0F13) addi t5, t5, 893
x30 <- 0xFFFDDB7D5BFDDB7D
mem[X,0x00000000800003B8] -> 0x1F13
mem[X,0x00000000800003BA] -> 0x00AF
[243] [M]: 0x00000000800003B8 (0x00AF1F13) slli t5, t5, 10
x30 <- 0xF76DF56FF76DF400
mem[X,0x00000000800003BC] -> 0x0F13
mem[X,0x00000000800003BE] -> 0x16FF
[244] [M]: 0x00000000800003BC (0x16FF0F13) addi t5, t5, 367
x30 <- 0xF76DF56FF76DF56F
mem[X,0x00000000800003C0] -> 0x0FB7
mem[X,0x00000000800003C2] -> 0xFBB7
[245] [M]: 0x00000000800003C0 (0xFBB70FB7) lui t6, 1031024
x31 <- 0xFFFFFFFFFBB70000
mem[X,0x00000000800003C4] -> 0x8F93
mem[X,0x00000000800003C6] -> 0xAB7F
[246] [M]: 0x00000000800003C4 (0xAB7F8F93) addi t6, t6, 2743
x31 <- 0xFFFFFFFFFBB6FAB7
mem[X,0x00000000800003C8] -> 0x9F93
mem[X,0x00000000800003CA] -> 0x00BF
[247] [M]: 0x00000000800003C8 (0x00BF9F93) slli t6, t6, 11
x31 <- 0xFFFFFFDDB7D5B800
mem[X,0x00000000800003CC] -> 0x8F93
mem[X,0x00000000800003CE] -> 0x7DDF
[248] [M]: 0x00000000800003CC (0x7DDF8F93) addi t6, t6, 2013
x31 <- 0xFFFFFFDDB7D5BFDD
mem[X,0x00000000800003D0] -> 0x9F93
mem[X,0x00000000800003D2] -> 0x00BF
[249] [M]: 0x00000000800003D0 (0x00BF9F93) slli t6, t6, 11
x31 <- 0xFFFEEDBEADFEE800
mem[X,0x00000000800003D4] -> 0x8F93
mem[X,0x00000000800003D6] -> 0x5BEF
[250] [M]: 0x00000000800003D4 (0x5BEF8F93) addi t6, t6, 1470
x31 <- 0xFFFEEDBEADFEEDBE
mem[X,0x00000000800003D8] -> 0x9F93
mem[X,0x00000000800003DA] -> 0x00AF
[251] [M]: 0x00000000800003D8 (0x00AF9F93) slli t6, t6, 10
x31 <- 0xFBB6FAB7FBB6F800
mem[X,0x00000000800003DC] -> 0x8F93
mem[X,0x00000000800003DE] -> 0x2B7F
[252] [M]: 0x00000000800003DC (0x2B7F8F93) addi t6, t6, 695
x31 <- 0xFBB6FAB7FBB6FAB7
mem[X,0x00000000800003E0] -> 0x3497
mem[X,0x00000000800003E2] -> 0x0000
[253] [M]: 0x00000000800003E0 (0x00003497) auipc s1, 3
x9 <- 0x00000000800033E0
mem[X,0x00000000800003E4] -> 0x8493
mem[X,0x00000000800003E6] -> 0xD384
[254] [M]: 0x00000000800003E4 (0xD3848493) addi s1, s1, 3384
x9 <- 0x0000000080003118
mem[X,0x00000000800003E8] -> 0x0013
mem[X,0x00000000800003EA] -> 0x0000
[255] [M]: 0x00000000800003E8 (0x00000013) addi zero, zero, 0
mem[X,0x00000000800003EC] -> 0x0013
mem[X,0x00000000800003EE] -> 0x0000
[256] [M]: 0x00000000800003EC (0x00000013) addi zero, zero, 0
mem[X,0x00000000800003F0] -> 0x0013
mem[X,0x00000000800003F2] -> 0x0000
[257] [M]: 0x00000000800003F0 (0x00000013) addi zero, zero, 0
mem[X,0x00000000800003F4] -> 0x0013
mem[X,0x00000000800003F6] -> 0x0000
[258] [M]: 0x00000000800003F4 (0x00000013) addi zero, zero, 0
mem[X,0x00000000800003F8] -> 0x0013
mem[X,0x00000000800003FA] -> 0x0000
[259] [M]: 0x00000000800003F8 (0x00000013) addi zero, zero, 0
mem[X,0x00000000800003FC] -> 0x0013
mem[X,0x00000000800003FE] -> 0x0000
[260] [M]: 0x00000000800003FC (0x00000013) addi zero, zero, 0
mem[X,0x0000000080000400] -> 0x2697
mem[X,0x0000000080000402] -> 0x0000
[261] [M]: 0x0000000080000400 (0x00002697) auipc a3, 2
x13 <- 0x0000000080002400
mem[X,0x0000000080000404] -> 0x8693
mem[X,0x0000000080000406] -> 0x4006
[262] [M]: 0x0000000080000404 (0x40068693) addi a3, a3, 1024
x13 <- 0x0000000080002800
mem[X,0x0000000080000408] -> 0x0013
mem[X,0x000000008000040A] -> 0x0000
[263] [M]: 0x0000000080000408 (0x00000013) addi zero, zero, 0
mem[X,0x000000008000040C] -> 0x0013
mem[X,0x000000008000040E] -> 0x0000
[264] [M]: 0x000000008000040C (0x00000013) addi zero, zero, 0
mem[X,0x0000000080000410] -> 0x0013
mem[X,0x0000000080000412] -> 0x0000
[265] [M]: 0x0000000080000410 (0x00000013) addi zero, zero, 0
mem[X,0x0000000080000414] -> 0x0013
mem[X,0x0000000080000416] -> 0x0000
[266] [M]: 0x0000000080000414 (0x00000013) addi zero, zero, 0
mem[X,0x0000000080000418] -> 0x0013
mem[X,0x000000008000041A] -> 0x0000
[267] [M]: 0x0000000080000418 (0x00000013) addi zero, zero, 0
mem[X,0x000000008000041C] -> 0x0013
mem[X,0x000000008000041E] -> 0x0000
[268] [M]: 0x000000008000041C (0x00000013) addi zero, zero, 0
mem[X,0x0000000080000420] -> 0x9683
mem[X,0x0000000080000422] -> 0x8006
[269] [M]: 0x0000000080000420 (0x80069683) lh a3, 2048(a3)
mem[R,0x0000000080002000] -> 0xCAFE
x13 <- 0xFFFFFFFFFFFFCAFE
mem[X,0x0000000080000424] -> 0x0013
mem[X,0x0000000080000426] -> 0x0000
[270] [M]: 0x0000000080000424 (0x00000013) addi zero, zero, 0
mem[X,0x0000000080000428] -> 0x0013
mem[X,0x000000008000042A] -> 0x0000
[271] [M]: 0x0000000080000428 (0x00000013) addi zero, zero, 0
mem[X,0x000000008000042C] -> 0xB023
mem[X,0x000000008000042E] -> 0x00D4
[272] [M]: 0x000000008000042C (0x00D4B023) sd a3, 0(s1)
mem[0x0000000080003118] <- 0xFFFFFFFFFFFFCAFE
mem[X,0x0000000080000430] -> 0x0013
mem[X,0x0000000080000432] -> 0x0000
[273] [M]: 0x0000000080000430 (0x00000013) addi zero, zero, 0
mem[X,0x0000000080000434] -> 0x0013
mem[X,0x0000000080000436] -> 0x0000
[274] [M]: 0x0000000080000434 (0x00000013) addi zero, zero, 0
mem[X,0x0000000080000438] -> 0x0013
mem[X,0x000000008000043A] -> 0x0000
[275] [M]: 0x0000000080000438 (0x00000013) addi zero, zero, 0
mem[X,0x000000008000043C] -> 0x0013
mem[X,0x000000008000043E] -> 0x0000
[276] [M]: 0x000000008000043C (0x00000013) addi zero, zero, 0
mem[X,0x0000000080000440] -> 0x1217
mem[X,0x0000000080000442] -> 0x0000
[277] [M]: 0x0000000080000440 (0x00001217) auipc tp, 1
x4 <- 0x0000000080001440
mem[X,0x0000000080000444] -> 0x0213
mem[X,0x0000000080000446] -> 0x66B2
[278] [M]: 0x0000000080000444 (0x66B20213) addi tp, tp, 1643
x4 <- 0x0000000080001AAB
mem[X,0x0000000080000448] -> 0x0013
mem[X,0x000000008000044A] -> 0x0000
[279] [M]: 0x0000000080000448 (0x00000013) addi zero, zero, 0
mem[X,0x000000008000044C] -> 0x0013
mem[X,0x000000008000044E] -> 0x0000
[280] [M]: 0x000000008000044C (0x00000013) addi zero, zero, 0
mem[X,0x0000000080000450] -> 0x0013
mem[X,0x0000000080000452] -> 0x0000
[281] [M]: 0x0000000080000450 (0x00000013) addi zero, zero, 0
mem[X,0x0000000080000454] -> 0x0013
mem[X,0x0000000080000456] -> 0x0000
[282] [M]: 0x0000000080000454 (0x00000013) addi zero, zero, 0
mem[X,0x0000000080000458] -> 0x0013
mem[X,0x000000008000045A] -> 0x0000
[283] [M]: 0x0000000080000458 (0x00000013) addi zero, zero, 0
mem[X,0x000000008000045C] -> 0x0013
mem[X,0x000000008000045E] -> 0x0000
[284] [M]: 0x000000008000045C (0x00000013) addi zero, zero, 0
mem[X,0x0000000080000460] -> 0x1883
mem[X,0x0000000080000462] -> 0x5552
[285] [M]: 0x0000000080000460 (0x55521883) lh a7, 1365(tp)
mem[R,0x0000000080002000] -> 0xCAFE
x17 <- 0xFFFFFFFFFFFFCAFE
mem[X,0x0000000080000464] -> 0x0013
mem[X,0x0000000080000466] -> 0x0000
[286] [M]: 0x0000000080000464 (0x00000013) addi zero, zero, 0
mem[X,0x0000000080000468] -> 0x0013
mem[X,0x000000008000046A] -> 0x0000
[287] [M]: 0x0000000080000468 (0x00000013) addi zero, zero, 0
mem[X,0x000000008000046C] -> 0xB423
mem[X,0x000000008000046E] -> 0x0114
[288] [M]: 0x000000008000046C (0x0114B423) sd a7, 8(s1)
mem[0x0000000080003120] <- 0xFFFFFFFFFFFFCAFE
mem[X,0x0000000080000470] -> 0x0013
mem[X,0x0000000080000472] -> 0x0000
[289] [M]: 0x0000000080000470 (0x00000013) addi zero, zero, 0
mem[X,0x0000000080000474] -> 0x0013
mem[X,0x0000000080000476] -> 0x0000
[290] [M]: 0x0000000080000474 (0x00000013) addi zero, zero, 0
mem[X,0x0000000080000478] -> 0x0013
mem[X,0x000000008000047A] -> 0x0000
[291] [M]: 0x0000000080000478 (0x00000013) addi zero, zero, 0
mem[X,0x000000008000047C] -> 0x0013
mem[X,0x000000008000047E] -> 0x0000
[292] [M]: 0x000000008000047C (0x00000013) addi zero, zero, 0
mem[X,0x0000000080000480] -> 0x2B97
mem[X,0x0000000080000482] -> 0x0000
[293] [M]: 0x0000000080000480 (0x00002B97) auipc s7, 2
x23 <- 0x0000000080002480
mem[X,0x0000000080000484] -> 0x8B93
mem[X,0x0000000080000486] -> 0xB7AB
[294] [M]: 0x0000000080000484 (0xB7AB8B93) addi s7, s7, 2938
x23 <- 0x0000000080001FFA
mem[X,0x0000000080000488] -> 0x0013
mem[X,0x000000008000048A] -> 0x0000
[295] [M]: 0x0000000080000488 (0x00000013) addi zero, zero, 0
mem[X,0x000000008000048C] -> 0x0013
mem[X,0x000000008000048E] -> 0x0000
[296] [M]: 0x000000008000048C (0x00000013) addi zero, zero, 0
mem[X,0x0000000080000490] -> 0x0013
mem[X,0x0000000080000492] -> 0x0000
[297] [M]: 0x0000000080000490 (0x00000013) addi zero, zero, 0
mem[X,0x0000000080000494] -> 0x0013
mem[X,0x0000000080000496] -> 0x0000
[298] [M]: 0x0000000080000494 (0x00000013) addi zero, zero, 0
mem[X,0x0000000080000498] -> 0x0013
mem[X,0x000000008000049A] -> 0x0000
[299] [M]: 0x0000000080000498 (0x00000013) addi zero, zero, 0
clint::tick mtime <- 0x0000000000000003
 clint timer pending at mtime 0x0000000000000003
htif::tick 0x0000000000000000
mem[X,0x000000008000049C] -> 0x0013
mem[X,0x000000008000049E] -> 0x0000
[300] [M]: 0x000000008000049C (0x00000013) addi zero, zero, 0
mem[X,0x00000000800004A0] -> 0x9503
mem[X,0x00000000800004A2] -> 0x006B
[301] [M]: 0x00000000800004A0 (0x006B9503) lh a0, 6(s7)
mem[R,0x0000000080002000] -> 0xCAFE
x10 <- 0xFFFFFFFFFFFFCAFE
mem[X,0x00000000800004A4] -> 0x0013
mem[X,0x00000000800004A6] -> 0x0000
[302] [M]: 0x00000000800004A4 (0x00000013) addi zero, zero, 0
mem[X,0x00000000800004A8] -> 0x0013
mem[X,0x00000000800004AA] -> 0x0000
[303] [M]: 0x00000000800004A8 (0x00000013) addi zero, zero, 0
mem[X,0x00000000800004AC] -> 0xB823
mem[X,0x00000000800004AE] -> 0x00A4
[304] [M]: 0x00000000800004AC (0x00A4B823) sd a0, 16(s1)
mem[0x0000000080003128] <- 0xFFFFFFFFFFFFCAFE
mem[X,0x00000000800004B0] -> 0x0013
mem[X,0x00000000800004B2] -> 0x0000
[305] [M]: 0x00000000800004B0 (0x00000013) addi zero, zero, 0
mem[X,0x00000000800004B4] -> 0x0013
mem[X,0x00000000800004B6] -> 0x0000
[306] [M]: 0x00000000800004B4 (0x00000013) addi zero, zero, 0
mem[X,0x00000000800004B8] -> 0x0013
mem[X,0x00000000800004BA] -> 0x0000
[307] [M]: 0x00000000800004B8 (0x00000013) addi zero, zero, 0
mem[X,0x00000000800004BC] -> 0x0013
mem[X,0x00000000800004BE] -> 0x0000
[308] [M]: 0x00000000800004BC (0x00000013) addi zero, zero, 0
mem[X,0x00000000800004C0] -> 0x1097
mem[X,0x00000000800004C2] -> 0x0000
[309] [M]: 0x00000000800004C0 (0x00001097) auipc ra, 1
x1 <- 0x00000000800014C0
mem[X,0x00000000800004C4] -> 0x8093
mem[X,0x00000000800004C6] -> 0x3410
[310] [M]: 0x00000000800004C4 (0x34108093) addi ra, ra, 833
x1 <- 0x0000000080001801
mem[X,0x00000000800004C8] -> 0x0013
mem[X,0x00000000800004CA] -> 0x0000
[311] [M]: 0x00000000800004C8 (0x00000013) addi zero, zero, 0
mem[X,0x00000000800004CC] -> 0x0013
mem[X,0x00000000800004CE] -> 0x0000
[312] [M]: 0x00000000800004CC (0x00000013) addi zero, zero, 0
mem[X,0x00000000800004D0] -> 0x0013
mem[X,0x00000000800004D2] -> 0x0000
[313] [M]: 0x00000000800004D0 (0x00000013) addi zero, zero, 0
mem[X,0x00000000800004D4] -> 0x0013
mem[X,0x00000000800004D6] -> 0x0000
[314] [M]: 0x00000000800004D4 (0x00000013) addi zero, zero, 0
mem[X,0x00000000800004D8] -> 0x0013
mem[X,0x00000000800004DA] -> 0x0000
[315] [M]: 0x00000000800004D8 (0x00000013) addi zero, zero, 0
mem[X,0x00000000800004DC] -> 0x0013
mem[X,0x00000000800004DE] -> 0x0000
[316] [M]: 0x00000000800004DC (0x00000013) addi zero, zero, 0
mem[X,0x00000000800004E0] -> 0x9D03
mem[X,0x00000000800004E2] -> 0x7FF0
[317] [M]: 0x00000000800004E0 (0x7FF09D03) lh s10, 2047(ra)
mem[R,0x0000000080002000] -> 0xCAFE
x26 <- 0xFFFFFFFFFFFFCAFE
mem[X,0x00000000800004E4] -> 0x0013
mem[X,0x00000000800004E6] -> 0x0000
[318] [M]: 0x00000000800004E4 (0x00000013) addi zero, zero, 0
mem[X,0x00000000800004E8] -> 0x0013
mem[X,0x00000000800004EA] -> 0x0000
[319] [M]: 0x00000000800004E8 (0x00000013) addi zero, zero, 0
mem[X,0x00000000800004EC] -> 0xBC23
mem[X,0x00000000800004EE] -> 0x01A4
[320] [M]: 0x00000000800004EC (0x01A4BC23) sd s10, 24(s1)
mem[0x0000000080003130] <- 0xFFFFFFFFFFFFCAFE
mem[X,0x00000000800004F0] -> 0x0013
mem[X,0x00000000800004F2] -> 0x0000
[321] [M]: 0x00000000800004F0 (0x00000013) addi zero, zero, 0
mem[X,0x00000000800004F4] -> 0x0013
mem[X,0x00000000800004F6] -> 0x0000
[322] [M]: 0x00000000800004F4 (0x00000013) addi zero, zero, 0
mem[X,0x00000000800004F8] -> 0x0013
mem[X,0x00000000800004FA] -> 0x0000
[323] [M]: 0x00000000800004F8 (0x00000013) addi zero, zero, 0
mem[X,0x00000000800004FC] -> 0x0013
mem[X,0x00000000800004FE] -> 0x0000
[324] [M]: 0x00000000800004FC (0x00000013) addi zero, zero, 0
mem[X,0x0000000080000500] -> 0x2F17
mem[X,0x0000000080000502] -> 0x0000
[325] [M]: 0x0000000080000500 (0x00002F17) auipc t5, 2
x30 <- 0x0000000080002500
mem[X,0x0000000080000504] -> 0x0F13
mem[X,0x0000000080000506] -> 0xAC2F
[326] [M]: 0x0000000080000504 (0xAC2F0F13) addi t5, t5, 2754
x30 <- 0x0000000080001FC2
mem[X,0x0000000080000508] -> 0x0013
mem[X,0x000000008000050A] -> 0x0000
[327] [M]: 0x0000000080000508 (0x00000013) addi zero, zero, 0
mem[X,0x000000008000050C] -> 0x0013
mem[X,0x000000008000050E] -> 0x0000
[328] [M]: 0x000000008000050C (0x00000013) addi zero, zero, 0
mem[X,0x0000000080000510] -> 0x0013
mem[X,0x0000000080000512] -> 0x0000
[329] [M]: 0x0000000080000510 (0x00000013) addi zero, zero, 0
mem[X,0x0000000080000514] -> 0x0013
mem[X,0x0000000080000516] -> 0x0000
[330] [M]: 0x0000000080000514 (0x00000013) addi zero, zero, 0
mem[X,0x0000000080000518] -> 0x0013
mem[X,0x000000008000051A] -> 0x0000
[331] [M]: 0x0000000080000518 (0x00000013) addi zero, zero, 0
mem[X,0x000000008000051C] -> 0x0013
mem[X,0x000000008000051E] -> 0x0000
[332] [M]: 0x000000008000051C (0x00000013) addi zero, zero, 0
mem[X,0x0000000080000520] -> 0x1C83
mem[X,0x0000000080000522] -> 0x040F
[333] [M]: 0x0000000080000520 (0x040F1C83) lh s9, 64(t5)
mem[R,0x0000000080002002] -> 0xBABE
x25 <- 0xFFFFFFFFFFFFBABE
mem[X,0x0000000080000524] -> 0x0013
mem[X,0x0000000080000526] -> 0x0000
[334] [M]: 0x0000000080000524 (0x00000013) addi zero, zero, 0
mem[X,0x0000000080000528] -> 0x0013
mem[X,0x000000008000052A] -> 0x0000
[335] [M]: 0x0000000080000528 (0x00000013) addi zero, zero, 0
mem[X,0x000000008000052C] -> 0xB023
mem[X,0x000000008000052E] -> 0x0394
[336] [M]: 0x000000008000052C (0x0394B023) sd s9, 32(s1)
mem[0x0000000080003138] <- 0xFFFFFFFFFFFFBABE
mem[X,0x0000000080000530] -> 0x0013
mem[X,0x0000000080000532] -> 0x0000
[337] [M]: 0x0000000080000530 (0x00000013) addi zero, zero, 0
mem[X,0x0000000080000534] -> 0x0013
mem[X,0x0000000080000536] -> 0x0000
[338] [M]: 0x0000000080000534 (0x00000013) addi zero, zero, 0
mem[X,0x0000000080000538] -> 0x0013
mem[X,0x000000008000053A] -> 0x0000
[339] [M]: 0x0000000080000538 (0x00000013) addi zero, zero, 0
mem[X,0x000000008000053C] -> 0x0013
mem[X,0x000000008000053E] -> 0x0000
[340] [M]: 0x000000008000053C (0x00000013) addi zero, zero, 0
mem[X,0x0000000080000540] -> 0x2A17
mem[X,0x0000000080000542] -> 0x0000
[341] [M]: 0x0000000080000540 (0x00002A17) auipc s4, 2
x20 <- 0x0000000080002540
mem[X,0x0000000080000544] -> 0x0A13
mem[X,0x0000000080000546] -> 0xAC0A
[342] [M]: 0x0000000080000544 (0xAC0A0A13) addi s4, s4, 2752
x20 <- 0x0000000080002000
mem[X,0x0000000080000548] -> 0x0013
mem[X,0x000000008000054A] -> 0x0000
[343] [M]: 0x0000000080000548 (0x00000013) addi zero, zero, 0
mem[X,0x000000008000054C] -> 0x0013
mem[X,0x000000008000054E] -> 0x0000
[344] [M]: 0x000000008000054C (0x00000013) addi zero, zero, 0
mem[X,0x0000000080000550] -> 0x0013
mem[X,0x0000000080000552] -> 0x0000
[345] [M]: 0x0000000080000550 (0x00000013) addi zero, zero, 0
mem[X,0x0000000080000554] -> 0x0013
mem[X,0x0000000080000556] -> 0x0000
[346] [M]: 0x0000000080000554 (0x00000013) addi zero, zero, 0
mem[X,0x0000000080000558] -> 0x0013
mem[X,0x000000008000055A] -> 0x0000
[347] [M]: 0x0000000080000558 (0x00000013) addi zero, zero, 0
mem[X,0x000000008000055C] -> 0x0013
mem[X,0x000000008000055E] -> 0x0000
[348] [M]: 0x000000008000055C (0x00000013) addi zero, zero, 0
mem[X,0x0000000080000560] -> 0x1903
mem[X,0x0000000080000562] -> 0x000A
[349] [M]: 0x0000000080000560 (0x000A1903) lh s2, 0(s4)
mem[R,0x0000000080002000] -> 0xCAFE
x18 <- 0xFFFFFFFFFFFFCAFE
mem[X,0x0000000080000564] -> 0x0013
mem[X,0x0000000080000566] -> 0x0000
[350] [M]: 0x0000000080000564 (0x00000013) addi zero, zero, 0
mem[X,0x0000000080000568] -> 0x0013
mem[X,0x000000008000056A] -> 0x0000
[351] [M]: 0x0000000080000568 (0x00000013) addi zero, zero, 0
mem[X,0x000000008000056C] -> 0xB423
mem[X,0x000000008000056E] -> 0x0324
[352] [M]: 0x000000008000056C (0x0324B423) sd s2, 40(s1)
mem[0x0000000080003140] <- 0xFFFFFFFFFFFFCAFE
mem[X,0x0000000080000570] -> 0x0013
mem[X,0x0000000080000572] -> 0x0000
[353] [M]: 0x0000000080000570 (0x00000013) addi zero, zero, 0
mem[X,0x0000000080000574] -> 0x0013
mem[X,0x0000000080000576] -> 0x0000
[354] [M]: 0x0000000080000574 (0x00000013) addi zero, zero, 0
mem[X,0x0000000080000578] -> 0x0013
mem[X,0x000000008000057A] -> 0x0000
[355] [M]: 0x0000000080000578 (0x00000013) addi zero, zero, 0
mem[X,0x000000008000057C] -> 0x0013
mem[X,0x000000008000057E] -> 0x0000
[356] [M]: 0x000000008000057C (0x00000013) addi zero, zero, 0
mem[X,0x0000000080000580] -> 0x2297
mem[X,0x0000000080000582] -> 0x0000
[357] [M]: 0x0000000080000580 (0x00002297) auipc t0, 2
x5 <- 0x0000000080002580
mem[X,0x0000000080000584] -> 0x8293
mem[X,0x0000000080000586] -> 0xA812
[358] [M]: 0x0000000080000584 (0xA8128293) addi t0, t0, 2689
x5 <- 0x0000000080002001
mem[X,0x0000000080000588] -> 0x0013
mem[X,0x000000008000058A] -> 0x0000
[359] [M]: 0x0000000080000588 (0x00000013) addi zero, zero, 0
mem[X,0x000000008000058C] -> 0x0013
mem[X,0x000000008000058E] -> 0x0000
[360] [M]: 0x000000008000058C (0x00000013) addi zero, zero, 0
mem[X,0x0000000080000590] -> 0x0013
mem[X,0x0000000080000592] -> 0x0000
[361] [M]: 0x0000000080000590 (0x00000013) addi zero, zero, 0
mem[X,0x0000000080000594] -> 0x0013
mem[X,0x0000000080000596] -> 0x0000
[362] [M]: 0x0000000080000594 (0x00000013) addi zero, zero, 0
mem[X,0x0000000080000598] -> 0x0013
mem[X,0x000000008000059A] -> 0x0000
[363] [M]: 0x0000000080000598 (0x00000013) addi zero, zero, 0
mem[X,0x000000008000059C] -> 0x0013
mem[X,0x000000008000059E] -> 0x0000
[364] [M]: 0x000000008000059C (0x00000013) addi zero, zero, 0
mem[X,0x00000000800005A0] -> 0x9203
mem[X,0x00000000800005A2] -> 0x0012
[365] [M]: 0x00000000800005A0 (0x00129203) lh tp, 1(t0)
mem[R,0x0000000080002002] -> 0xBABE
x4 <- 0xFFFFFFFFFFFFBABE
mem[X,0x00000000800005A4] -> 0x0013
mem[X,0x00000000800005A6] -> 0x0000
[366] [M]: 0x00000000800005A4 (0x00000013) addi zero, zero, 0
mem[X,0x00000000800005A8] -> 0x0013
mem[X,0x00000000800005AA] -> 0x0000
[367] [M]: 0x00000000800005A8 (0x00000013) addi zero, zero, 0
mem[X,0x00000000800005AC] -> 0xB823
mem[X,0x00000000800005AE] -> 0x0244
[368] [M]: 0x00000000800005AC (0x0244B823) sd tp, 48(s1)
mem[0x0000000080003148] <- 0xFFFFFFFFFFFFBABE
mem[X,0x00000000800005B0] -> 0x0013
mem[X,0x00000000800005B2] -> 0x0000
[369] [M]: 0x00000000800005B0 (0x00000013) addi zero, zero, 0
mem[X,0x00000000800005B4] -> 0x0013
mem[X,0x00000000800005B6] -> 0x0000
[370] [M]: 0x00000000800005B4 (0x00000013) addi zero, zero, 0
mem[X,0x00000000800005B8] -> 0x0013
mem[X,0x00000000800005BA] -> 0x0000
[371] [M]: 0x00000000800005B8 (0x00000013) addi zero, zero, 0
mem[X,0x00000000800005BC] -> 0x0013
mem[X,0x00000000800005BE] -> 0x0000
[372] [M]: 0x00000000800005BC (0x00000013) addi zero, zero, 0
mem[X,0x00000000800005C0] -> 0x2997
mem[X,0x00000000800005C2] -> 0x0000
[373] [M]: 0x00000000800005C0 (0x00002997) auipc s3, 2
x19 <- 0x00000000800025C0
mem[X,0x00000000800005C4] -> 0x8993
mem[X,0x00000000800005C6] -> 0xA3C9
[374] [M]: 0x00000000800005C4 (0xA3C98993) addi s3, s3, 2620
x19 <- 0x0000000080001FFC
mem[X,0x00000000800005C8] -> 0x0013
mem[X,0x00000000800005CA] -> 0x0000
[375] [M]: 0x00000000800005C8 (0x00000013) addi zero, zero, 0
mem[X,0x00000000800005CC] -> 0x0013
mem[X,0x00000000800005CE] -> 0x0000
[376] [M]: 0x00000000800005CC (0x00000013) addi zero, zero, 0
mem[X,0x00000000800005D0] -> 0x0013
mem[X,0x00000000800005D2] -> 0x0000
[377] [M]: 0x00000000800005D0 (0x00000013) addi zero, zero, 0
mem[X,0x00000000800005D4] -> 0x0013
mem[X,0x00000000800005D6] -> 0x0000
[378] [M]: 0x00000000800005D4 (0x00000013) addi zero, zero, 0
mem[X,0x00000000800005D8] -> 0x0013
mem[X,0x00000000800005DA] -> 0x0000
[379] [M]: 0x00000000800005D8 (0x00000013) addi zero, zero, 0
mem[X,0x00000000800005DC] -> 0x0013
mem[X,0x00000000800005DE] -> 0x0000
[380] [M]: 0x00000000800005DC (0x00000013) addi zero, zero, 0
mem[X,0x00000000800005E0] -> 0x9B83
mem[X,0x00000000800005E2] -> 0x0069
[381] [M]: 0x00000000800005E0 (0x00699B83) lh s7, 6(s3)
mem[R,0x0000000080002002] -> 0xBABE
x23 <- 0xFFFFFFFFFFFFBABE
mem[X,0x00000000800005E4] -> 0x0013
mem[X,0x00000000800005E6] -> 0x0000
[382] [M]: 0x00000000800005E4 (0x00000013) addi zero, zero, 0
mem[X,0x00000000800005E8] -> 0x0013
mem[X,0x00000000800005EA] -> 0x0000
[383] [M]: 0x00000000800005E8 (0x00000013) addi zero, zero, 0
mem[X,0x00000000800005EC] -> 0xBC23
mem[X,0x00000000800005EE] -> 0x0374
[384] [M]: 0x00000000800005EC (0x0374BC23) sd s7, 56(s1)
mem[0x0000000080003150] <- 0xFFFFFFFFFFFFBABE
mem[X,0x00000000800005F0] -> 0x0013
mem[X,0x00000000800005F2] -> 0x0000
[385] [M]: 0x00000000800005F0 (0x00000013) addi zero, zero, 0
mem[X,0x00000000800005F4] -> 0x0013
mem[X,0x00000000800005F6] -> 0x0000
[386] [M]: 0x00000000800005F4 (0x00000013) addi zero, zero, 0
mem[X,0x00000000800005F8] -> 0x0013
mem[X,0x00000000800005FA] -> 0x0000
[387] [M]: 0x00000000800005F8 (0x00000013) addi zero, zero, 0
mem[X,0x00000000800005FC] -> 0x0013
mem[X,0x00000000800005FE] -> 0x0000
[388] [M]: 0x00000000800005FC (0x00000013) addi zero, zero, 0
mem[X,0x0000000080000600] -> 0x1397
mem[X,0x0000000080000602] -> 0x0000
[389] [M]: 0x0000000080000600 (0x00001397) auipc t2, 1
x7 <- 0x0000000080001600
mem[X,0x0000000080000604] -> 0x8393
mem[X,0x0000000080000606] -> 0x2033
[390] [M]: 0x0000000080000604 (0x20338393) addi t2, t2, 515
x7 <- 0x0000000080001803
mem[X,0x0000000080000608] -> 0x0013
mem[X,0x000000008000060A] -> 0x0000
[391] [M]: 0x0000000080000608 (0x00000013) addi zero, zero, 0
mem[X,0x000000008000060C] -> 0x0013
mem[X,0x000000008000060E] -> 0x0000
[392] [M]: 0x000000008000060C (0x00000013) addi zero, zero, 0
mem[X,0x0000000080000610] -> 0x0013
mem[X,0x0000000080000612] -> 0x0000
[393] [M]: 0x0000000080000610 (0x00000013) addi zero, zero, 0
mem[X,0x0000000080000614] -> 0x0013
mem[X,0x0000000080000616] -> 0x0000
[394] [M]: 0x0000000080000614 (0x00000013) addi zero, zero, 0
mem[X,0x0000000080000618] -> 0x0013
mem[X,0x000000008000061A] -> 0x0000
[395] [M]: 0x0000000080000618 (0x00000013) addi zero, zero, 0
mem[X,0x000000008000061C] -> 0x0013
mem[X,0x000000008000061E] -> 0x0000
[396] [M]: 0x000000008000061C (0x00000013) addi zero, zero, 0
mem[X,0x0000000080000620] -> 0x9F83
mem[X,0x0000000080000622] -> 0x7FF3
[397] [M]: 0x0000000080000620 (0x7FF39F83) lh t6, 2047(t2)
mem[R,0x0000000080002002] -> 0xBABE
x31 <- 0xFFFFFFFFFFFFBABE
mem[X,0x0000000080000624] -> 0x0013
mem[X,0x0000000080000626] -> 0x0000
[398] [M]: 0x0000000080000624 (0x00000013) addi zero, zero, 0
mem[X,0x0000000080000628] -> 0x0013
mem[X,0x000000008000062A] -> 0x0000
[399] [M]: 0x0000000080000628 (0x00000013) addi zero, zero, 0
clint::tick mtime <- 0x0000000000000004
 clint timer pending at mtime 0x0000000000000004
htif::tick 0x0000000000000000
mem[X,0x000000008000062C] -> 0xB023
mem[X,0x000000008000062E] -> 0x05F4
[400] [M]: 0x000000008000062C (0x05F4B023) sd t6, 64(s1)
mem[0x0000000080003158] <- 0xFFFFFFFFFFFFBABE
mem[X,0x0000000080000630] -> 0x0013
mem[X,0x0000000080000632] -> 0x0000
[401] [M]: 0x0000000080000630 (0x00000013) addi zero, zero, 0
mem[X,0x0000000080000634] -> 0x0013
mem[X,0x0000000080000636] -> 0x0000
[402] [M]: 0x0000000080000634 (0x00000013) addi zero, zero, 0
mem[X,0x0000000080000638] -> 0x0013
mem[X,0x000000008000063A] -> 0x0000
[403] [M]: 0x0000000080000638 (0x00000013) addi zero, zero, 0
mem[X,0x000000008000063C] -> 0x0013
mem[X,0x000000008000063E] -> 0x0000
[404] [M]: 0x000000008000063C (0x00000013) addi zero, zero, 0
mem[X,0x0000000080000640] -> 0x2417
mem[X,0x0000000080000642] -> 0x0000
[405] [M]: 0x0000000080000640 (0x00002417) auipc fp, 2
x8 <- 0x0000000080002640
mem[X,0x0000000080000644] -> 0x0413
mem[X,0x0000000080000646] -> 0x1C04
[406] [M]: 0x0000000080000644 (0x1C040413) addi fp, fp, 448
x8 <- 0x0000000080002800
mem[X,0x0000000080000648] -> 0x0013
mem[X,0x000000008000064A] -> 0x0000
[407] [M]: 0x0000000080000648 (0x00000013) addi zero, zero, 0
mem[X,0x000000008000064C] -> 0x0013
mem[X,0x000000008000064E] -> 0x0000
[408] [M]: 0x000000008000064C (0x00000013) addi zero, zero, 0
mem[X,0x0000000080000650] -> 0x0013
mem[X,0x0000000080000652] -> 0x0000
[409] [M]: 0x0000000080000650 (0x00000013) addi zero, zero, 0
mem[X,0x0000000080000654] -> 0x0013
mem[X,0x0000000080000656] -> 0x0000
[410] [M]: 0x0000000080000654 (0x00000013) addi zero, zero, 0
mem[X,0x0000000080000658] -> 0x0013
mem[X,0x000000008000065A] -> 0x0000
[411] [M]: 0x0000000080000658 (0x00000013) addi zero, zero, 0
mem[X,0x000000008000065C] -> 0x0013
mem[X,0x000000008000065E] -> 0x0000
[412] [M]: 0x000000008000065C (0x00000013) addi zero, zero, 0
mem[X,0x0000000080000660] -> 0x1D83
mem[X,0x0000000080000662] -> 0x8004
[413] [M]: 0x0000000080000660 (0x80041D83) lh s11, 2048(fp)
mem[R,0x0000000080002000] -> 0xCAFE
x27 <- 0xFFFFFFFFFFFFCAFE
mem[X,0x0000000080000664] -> 0x0013
mem[X,0x0000000080000666] -> 0x0000
[414] [M]: 0x0000000080000664 (0x00000013) addi zero, zero, 0
mem[X,0x0000000080000668] -> 0x0013
mem[X,0x000000008000066A] -> 0x0000
[415] [M]: 0x0000000080000668 (0x00000013) addi zero, zero, 0
mem[X,0x000000008000066C] -> 0xB423
mem[X,0x000000008000066E] -> 0x05B4
[416] [M]: 0x000000008000066C (0x05B4B423) sd s11, 72(s1)
mem[0x0000000080003160] <- 0xFFFFFFFFFFFFCAFE
mem[X,0x0000000080000670] -> 0x0013
mem[X,0x0000000080000672] -> 0x0000
[417] [M]: 0x0000000080000670 (0x00000013) addi zero, zero, 0
mem[X,0x0000000080000674] -> 0x0013
mem[X,0x0000000080000676] -> 0x0000
[418] [M]: 0x0000000080000674 (0x00000013) addi zero, zero, 0
mem[X,0x0000000080000678] -> 0x0013
mem[X,0x000000008000067A] -> 0x0000
[419] [M]: 0x0000000080000678 (0x00000013) addi zero, zero, 0
mem[X,0x000000008000067C] -> 0x0013
mem[X,0x000000008000067E] -> 0x0000
[420] [M]: 0x000000008000067C (0x00000013) addi zero, zero, 0
mem[X,0x0000000080000680] -> 0x2597
mem[X,0x0000000080000682] -> 0x0000
[421] [M]: 0x0000000080000680 (0x00002597) auipc a1, 2
x11 <- 0x0000000080002680
mem[X,0x0000000080000684] -> 0x8593
mem[X,0x0000000080000686] -> 0x1805
[422] [M]: 0x0000000080000684 (0x18058593) addi a1, a1, 384
x11 <- 0x0000000080002800
mem[X,0x0000000080000688] -> 0x0013
mem[X,0x000000008000068A] -> 0x0000
[423] [M]: 0x0000000080000688 (0x00000013) addi zero, zero, 0
mem[X,0x000000008000068C] -> 0x0013
mem[X,0x000000008000068E] -> 0x0000
[424] [M]: 0x000000008000068C (0x00000013) addi zero, zero, 0
mem[X,0x0000000080000690] -> 0x0013
mem[X,0x0000000080000692] -> 0x0000
[425] [M]: 0x0000000080000690 (0x00000013) addi zero, zero, 0
mem[X,0x0000000080000694] -> 0x0013
mem[X,0x0000000080000696] -> 0x0000
[426] [M]: 0x0000000080000694 (0x00000013) addi zero, zero, 0
mem[X,0x0000000080000698] -> 0x0013
mem[X,0x000000008000069A] -> 0x0000
[427] [M]: 0x0000000080000698 (0x00000013) addi zero, zero, 0
mem[X,0x000000008000069C] -> 0x0013
mem[X,0x000000008000069E] -> 0x0000
[428] [M]: 0x000000008000069C (0x00000013) addi zero, zero, 0
mem[X,0x00000000800006A0] -> 0x9783
mem[X,0x00000000800006A2] -> 0x8005
[429] [M]: 0x00000000800006A0 (0x80059783) lh a5, 2048(a1)
mem[R,0x0000000080002000] -> 0xCAFE
x15 <- 0xFFFFFFFFFFFFCAFE
mem[X,0x00000000800006A4] -> 0x0013
mem[X,0x00000000800006A6] -> 0x0000
[430] [M]: 0x00000000800006A4 (0x00000013) addi zero, zero, 0
mem[X,0x00000000800006A8] -> 0x0013
mem[X,0x00000000800006AA] -> 0x0000
[431] [M]: 0x00000000800006A8 (0x00000013) addi zero, zero, 0
mem[X,0x00000000800006AC] -> 0xB823
mem[X,0x00000000800006AE] -> 0x04F4
[432] [M]: 0x00000000800006AC (0x04F4B823) sd a5, 80(s1)
mem[0x0000000080003168] <- 0xFFFFFFFFFFFFCAFE
mem[X,0x00000000800006B0] -> 0x0013
mem[X,0x00000000800006B2] -> 0x0000
[433] [M]: 0x00000000800006B0 (0x00000013) addi zero, zero, 0
mem[X,0x00000000800006B4] -> 0x0013
mem[X,0x00000000800006B6] -> 0x0000
[434] [M]: 0x00000000800006B4 (0x00000013) addi zero, zero, 0
mem[X,0x00000000800006B8] -> 0x0013
mem[X,0x00000000800006BA] -> 0x0000
[435] [M]: 0x00000000800006B8 (0x00000013) addi zero, zero, 0
mem[X,0x00000000800006BC] -> 0x0013
mem[X,0x00000000800006BE] -> 0x0000
[436] [M]: 0x00000000800006BC (0x00000013) addi zero, zero, 0
mem[X,0x00000000800006C0] -> 0x2E97
mem[X,0x00000000800006C2] -> 0x0000
[437] [M]: 0x00000000800006C0 (0x00002E97) auipc t4, 2
x29 <- 0x00000000800026C0
mem[X,0x00000000800006C4] -> 0x8E93
mem[X,0x00000000800006C6] -> 0x140E
[438] [M]: 0x00000000800006C4 (0x140E8E93) addi t4, t4, 320
x29 <- 0x0000000080002800
mem[X,0x00000000800006C8] -> 0x0013
mem[X,0x00000000800006CA] -> 0x0000
[439] [M]: 0x00000000800006C8 (0x00000013) addi zero, zero, 0
mem[X,0x00000000800006CC] -> 0x0013
mem[X,0x00000000800006CE] -> 0x0000
[440] [M]: 0x00000000800006CC (0x00000013) addi zero, zero, 0
mem[X,0x00000000800006D0] -> 0x0013
mem[X,0x00000000800006D2] -> 0x0000
[441] [M]: 0x00000000800006D0 (0x00000013) addi zero, zero, 0
mem[X,0x00000000800006D4] -> 0x0013
mem[X,0x00000000800006D6] -> 0x0000
[442] [M]: 0x00000000800006D4 (0x00000013) addi zero, zero, 0
mem[X,0x00000000800006D8] -> 0x0013
mem[X,0x00000000800006DA] -> 0x0000
[443] [M]: 0x00000000800006D8 (0x00000013) addi zero, zero, 0
mem[X,0x00000000800006DC] -> 0x0013
mem[X,0x00000000800006DE] -> 0x0000
[444] [M]: 0x00000000800006DC (0x00000013) addi zero, zero, 0
mem[X,0x00000000800006E0] -> 0x9A83
mem[X,0x00000000800006E2] -> 0x800E
[445] [M]: 0x00000000800006E0 (0x800E9A83) lh s5, 2048(t4)
mem[R,0x0000000080002000] -> 0xCAFE
x21 <- 0xFFFFFFFFFFFFCAFE
mem[X,0x00000000800006E4] -> 0x0013
mem[X,0x00000000800006E6] -> 0x0000
[446] [M]: 0x00000000800006E4 (0x00000013) addi zero, zero, 0
mem[X,0x00000000800006E8] -> 0x0013
mem[X,0x00000000800006EA] -> 0x0000
[447] [M]: 0x00000000800006E8 (0x00000013) addi zero, zero, 0
mem[X,0x00000000800006EC] -> 0xBC23
mem[X,0x00000000800006EE] -> 0x0554
[448] [M]: 0x00000000800006EC (0x0554BC23) sd s5, 88(s1)
mem[0x0000000080003170] <- 0xFFFFFFFFFFFFCAFE
mem[X,0x00000000800006F0] -> 0x0013
mem[X,0x00000000800006F2] -> 0x0000
[449] [M]: 0x00000000800006F0 (0x00000013) addi zero, zero, 0
mem[X,0x00000000800006F4] -> 0x0013
mem[X,0x00000000800006F6] -> 0x0000
[450] [M]: 0x00000000800006F4 (0x00000013) addi zero, zero, 0
mem[X,0x00000000800006F8] -> 0x0013
mem[X,0x00000000800006FA] -> 0x0000
[451] [M]: 0x00000000800006F8 (0x00000013) addi zero, zero, 0
mem[X,0x00000000800006FC] -> 0x0013
mem[X,0x00000000800006FE] -> 0x0000
[452] [M]: 0x00000000800006FC (0x00000013) addi zero, zero, 0
mem[X,0x0000000080000700] -> 0x2E17
mem[X,0x0000000080000702] -> 0x0000
[453] [M]: 0x0000000080000700 (0x00002E17) auipc t3, 2
x28 <- 0x0000000080002700
mem[X,0x0000000080000704] -> 0x0E13
mem[X,0x0000000080000706] -> 0x100E
[454] [M]: 0x0000000080000704 (0x100E0E13) addi t3, t3, 256
x28 <- 0x0000000080002800
mem[X,0x0000000080000708] -> 0x0013
mem[X,0x000000008000070A] -> 0x0000
[455] [M]: 0x0000000080000708 (0x00000013) addi zero, zero, 0
mem[X,0x000000008000070C] -> 0x0013
mem[X,0x000000008000070E] -> 0x0000
[456] [M]: 0x000000008000070C (0x00000013) addi zero, zero, 0
mem[X,0x0000000080000710] -> 0x0013
mem[X,0x0000000080000712] -> 0x0000
[457] [M]: 0x0000000080000710 (0x00000013) addi zero, zero, 0
mem[X,0x0000000080000714] -> 0x0013
mem[X,0x0000000080000716] -> 0x0000
[458] [M]: 0x0000000080000714 (0x00000013) addi zero, zero, 0
mem[X,0x0000000080000718] -> 0x0013
mem[X,0x000000008000071A] -> 0x0000
[459] [M]: 0x0000000080000718 (0x00000013) addi zero, zero, 0
mem[X,0x000000008000071C] -> 0x0013
mem[X,0x000000008000071E] -> 0x0000
[460] [M]: 0x000000008000071C (0x00000013) addi zero, zero, 0
mem[X,0x0000000080000720] -> 0x1003
mem[X,0x0000000080000722] -> 0x800E
[461] [M]: 0x0000000080000720 (0x800E1003) lh zero, 2048(t3)
mem[R,0x0000000080002000] -> 0xCAFE
mem[X,0x0000000080000724] -> 0x0013
mem[X,0x0000000080000726] -> 0x0000
[462] [M]: 0x0000000080000724 (0x00000013) addi zero, zero, 0
mem[X,0x0000000080000728] -> 0x0013
mem[X,0x000000008000072A] -> 0x0000
[463] [M]: 0x0000000080000728 (0x00000013) addi zero, zero, 0
mem[X,0x000000008000072C] -> 0xB023
mem[X,0x000000008000072E] -> 0x0604
[464] [M]: 0x000000008000072C (0x0604B023) sd zero, 96(s1)
mem[0x0000000080003178] <- 0x0000000000000000
mem[X,0x0000000080000730] -> 0x0013
mem[X,0x0000000080000732] -> 0x0000
[465] [M]: 0x0000000080000730 (0x00000013) addi zero, zero, 0
mem[X,0x0000000080000734] -> 0x0013
mem[X,0x0000000080000736] -> 0x0000
[466] [M]: 0x0000000080000734 (0x00000013) addi zero, zero, 0
mem[X,0x0000000080000738] -> 0x0013
mem[X,0x000000008000073A] -> 0x0000
[467] [M]: 0x0000000080000738 (0x00000013) addi zero, zero, 0
mem[X,0x000000008000073C] -> 0x0013
mem[X,0x000000008000073E] -> 0x0000
[468] [M]: 0x000000008000073C (0x00000013) addi zero, zero, 0
mem[X,0x0000000080000740] -> 0x2917
mem[X,0x0000000080000742] -> 0x0000
[469] [M]: 0x0000000080000740 (0x00002917) auipc s2, 2
x18 <- 0x0000000080002740
mem[X,0x0000000080000744] -> 0x0913
mem[X,0x0000000080000746] -> 0x0C09
[470] [M]: 0x0000000080000744 (0x0C090913) addi s2, s2, 192
x18 <- 0x0000000080002800
mem[X,0x0000000080000748] -> 0x0013
mem[X,0x000000008000074A] -> 0x0000
[471] [M]: 0x0000000080000748 (0x00000013) addi zero, zero, 0
mem[X,0x000000008000074C] -> 0x0013
mem[X,0x000000008000074E] -> 0x0000
[472] [M]: 0x000000008000074C (0x00000013) addi zero, zero, 0
mem[X,0x0000000080000750] -> 0x0013
mem[X,0x0000000080000752] -> 0x0000
[473] [M]: 0x0000000080000750 (0x00000013) addi zero, zero, 0
mem[X,0x0000000080000754] -> 0x0013
mem[X,0x0000000080000756] -> 0x0000
[474] [M]: 0x0000000080000754 (0x00000013) addi zero, zero, 0
mem[X,0x0000000080000758] -> 0x0013
mem[X,0x000000008000075A] -> 0x0000
[475] [M]: 0x0000000080000758 (0x00000013) addi zero, zero, 0
mem[X,0x000000008000075C] -> 0x0013
mem[X,0x000000008000075E] -> 0x0000
[476] [M]: 0x000000008000075C (0x00000013) addi zero, zero, 0
mem[X,0x0000000080000760] -> 0x1303
mem[X,0x0000000080000762] -> 0x8009
[477] [M]: 0x0000000080000760 (0x80091303) lh t1, 2048(s2)
mem[R,0x0000000080002000] -> 0xCAFE
x6 <- 0xFFFFFFFFFFFFCAFE
mem[X,0x0000000080000764] -> 0x0013
mem[X,0x0000000080000766] -> 0x0000
[478] [M]: 0x0000000080000764 (0x00000013) addi zero, zero, 0
mem[X,0x0000000080000768] -> 0x0013
mem[X,0x000000008000076A] -> 0x0000
[479] [M]: 0x0000000080000768 (0x00000013) addi zero, zero, 0
mem[X,0x000000008000076C] -> 0xB423
mem[X,0x000000008000076E] -> 0x0664
[480] [M]: 0x000000008000076C (0x0664B423) sd t1, 104(s1)
mem[0x0000000080003180] <- 0xFFFFFFFFFFFFCAFE
mem[X,0x0000000080000770] -> 0x0013
mem[X,0x0000000080000772] -> 0x0000
[481] [M]: 0x0000000080000770 (0x00000013) addi zero, zero, 0
mem[X,0x0000000080000774] -> 0x0013
mem[X,0x0000000080000776] -> 0x0000
[482] [M]: 0x0000000080000774 (0x00000013) addi zero, zero, 0
mem[X,0x0000000080000778] -> 0x0013
mem[X,0x000000008000077A] -> 0x0000
[483] [M]: 0x0000000080000778 (0x00000013) addi zero, zero, 0
mem[X,0x000000008000077C] -> 0x0013
mem[X,0x000000008000077E] -> 0x0000
[484] [M]: 0x000000008000077C (0x00000013) addi zero, zero, 0
mem[X,0x0000000080000780] -> 0x2117
mem[X,0x0000000080000782] -> 0x0000
[485] [M]: 0x0000000080000780 (0x00002117) auipc sp, 2
x2 <- 0x0000000080002780
mem[X,0x0000000080000784] -> 0x0113
mem[X,0x0000000080000786] -> 0x0801
[486] [M]: 0x0000000080000784 (0x08010113) addi sp, sp, 128
x2 <- 0x0000000080002800
mem[X,0x0000000080000788] -> 0x0013
mem[X,0x000000008000078A] -> 0x0000
[487] [M]: 0x0000000080000788 (0x00000013) addi zero, zero, 0
mem[X,0x000000008000078C] -> 0x0013
mem[X,0x000000008000078E] -> 0x0000
[488] [M]: 0x000000008000078C (0x00000013) addi zero, zero, 0
mem[X,0x0000000080000790] -> 0x0013
mem[X,0x0000000080000792] -> 0x0000
[489] [M]: 0x0000000080000790 (0x00000013) addi zero, zero, 0
mem[X,0x0000000080000794] -> 0x0013
mem[X,0x0000000080000796] -> 0x0000
[490] [M]: 0x0000000080000794 (0x00000013) addi zero, zero, 0
mem[X,0x0000000080000798] -> 0x0013
mem[X,0x000000008000079A] -> 0x0000
[491] [M]: 0x0000000080000798 (0x00000013) addi zero, zero, 0
mem[X,0x000000008000079C] -> 0x0013
mem[X,0x000000008000079E] -> 0x0000
[492] [M]: 0x000000008000079C (0x00000013) addi zero, zero, 0
mem[X,0x00000000800007A0] -> 0x1A03
mem[X,0x00000000800007A2] -> 0x8001
[493] [M]: 0x00000000800007A0 (0x80011A03) lh s4, 2048(sp)
mem[R,0x0000000080002000] -> 0xCAFE
x20 <- 0xFFFFFFFFFFFFCAFE
mem[X,0x00000000800007A4] -> 0x0013
mem[X,0x00000000800007A6] -> 0x0000
[494] [M]: 0x00000000800007A4 (0x00000013) addi zero, zero, 0
mem[X,0x00000000800007A8] -> 0x0013
mem[X,0x00000000800007AA] -> 0x0000
[495] [M]: 0x00000000800007A8 (0x00000013) addi zero, zero, 0
mem[X,0x00000000800007AC] -> 0xB823
mem[X,0x00000000800007AE] -> 0x0744
[496] [M]: 0x00000000800007AC (0x0744B823) sd s4, 112(s1)
mem[0x0000000080003188] <- 0xFFFFFFFFFFFFCAFE
mem[X,0x00000000800007B0] -> 0x0013
mem[X,0x00000000800007B2] -> 0x0000
[497] [M]: 0x00000000800007B0 (0x00000013) addi zero, zero, 0
mem[X,0x00000000800007B4] -> 0x0013
mem[X,0x00000000800007B6] -> 0x0000
[498] [M]: 0x00000000800007B4 (0x00000013) addi zero, zero, 0
mem[X,0x00000000800007B8] -> 0x0013
mem[X,0x00000000800007BA] -> 0x0000
[499] [M]: 0x00000000800007B8 (0x00000013) addi zero, zero, 0
clint::tick mtime <- 0x0000000000000005
 clint timer pending at mtime 0x0000000000000005
htif::tick 0x0000000000000000
mem[X,0x00000000800007BC] -> 0x0013
mem[X,0x00000000800007BE] -> 0x0000
[500] [M]: 0x00000000800007BC (0x00000013) addi zero, zero, 0
mem[X,0x00000000800007C0] -> 0x2F97
mem[X,0x00000000800007C2] -> 0x0000
[501] [M]: 0x00000000800007C0 (0x00002F97) auipc t6, 2
x31 <- 0x00000000800027C0
mem[X,0x00000000800007C4] -> 0x8F93
mem[X,0x00000000800007C6] -> 0x040F
[502] [M]: 0x00000000800007C4 (0x040F8F93) addi t6, t6, 64
x31 <- 0x0000000080002800
mem[X,0x00000000800007C8] -> 0x0013
mem[X,0x00000000800007CA] -> 0x0000
[503] [M]: 0x00000000800007C8 (0x00000013) addi zero, zero, 0
mem[X,0x00000000800007CC] -> 0x0013
mem[X,0x00000000800007CE] -> 0x0000
[504] [M]: 0x00000000800007CC (0x00000013) addi zero, zero, 0
mem[X,0x00000000800007D0] -> 0x0013
mem[X,0x00000000800007D2] -> 0x0000
[505] [M]: 0x00000000800007D0 (0x00000013) addi zero, zero, 0
mem[X,0x00000000800007D4] -> 0x0013
mem[X,0x00000000800007D6] -> 0x0000
[506] [M]: 0x00000000800007D4 (0x00000013) addi zero, zero, 0
mem[X,0x00000000800007D8] -> 0x0013
mem[X,0x00000000800007DA] -> 0x0000
[507] [M]: 0x00000000800007D8 (0x00000013) addi zero, zero, 0
mem[X,0x00000000800007DC] -> 0x0013
mem[X,0x00000000800007DE] -> 0x0000
[508] [M]: 0x00000000800007DC (0x00000013) addi zero, zero, 0
mem[X,0x00000000800007E0] -> 0x9383
mem[X,0x00000000800007E2] -> 0x800F
[509] [M]: 0x00000000800007E0 (0x800F9383) lh t2, 2048(t6)
mem[R,0x0000000080002000] -> 0xCAFE
x7 <- 0xFFFFFFFFFFFFCAFE
mem[X,0x00000000800007E4] -> 0x0013
mem[X,0x00000000800007E6] -> 0x0000
[510] [M]: 0x00000000800007E4 (0x00000013) addi zero, zero, 0
mem[X,0x00000000800007E8] -> 0x0013
mem[X,0x00000000800007EA] -> 0x0000
[511] [M]: 0x00000000800007E8 (0x00000013) addi zero, zero, 0
mem[X,0x00000000800007EC] -> 0xBC23
mem[X,0x00000000800007EE] -> 0x0674
[512] [M]: 0x00000000800007EC (0x0674BC23) sd t2, 120(s1)
mem[0x0000000080003190] <- 0xFFFFFFFFFFFFCAFE
mem[X,0x00000000800007F0] -> 0x0013
mem[X,0x00000000800007F2] -> 0x0000
[513] [M]: 0x00000000800007F0 (0x00000013) addi zero, zero, 0
mem[X,0x00000000800007F4] -> 0x0013
mem[X,0x00000000800007F6] -> 0x0000
[514] [M]: 0x00000000800007F4 (0x00000013) addi zero, zero, 0
mem[X,0x00000000800007F8] -> 0x0013
mem[X,0x00000000800007FA] -> 0x0000
[515] [M]: 0x00000000800007F8 (0x00000013) addi zero, zero, 0
mem[X,0x00000000800007FC] -> 0x0013
mem[X,0x00000000800007FE] -> 0x0000
[516] [M]: 0x00000000800007FC (0x00000013) addi zero, zero, 0
mem[X,0x0000000080000800] -> 0x2517
mem[X,0x0000000080000802] -> 0x0000
[517] [M]: 0x0000000080000800 (0x00002517) auipc a0, 2
x10 <- 0x0000000080002800
mem[X,0x0000000080000804] -> 0x0513
mem[X,0x0000000080000806] -> 0x0005
[518] [M]: 0x0000000080000804 (0x00050513) addi a0, a0, 0
x10 <- 0x0000000080002800
mem[X,0x0000000080000808] -> 0x0013
mem[X,0x000000008000080A] -> 0x0000
[519] [M]: 0x0000000080000808 (0x00000013) addi zero, zero, 0
mem[X,0x000000008000080C] -> 0x0013
mem[X,0x000000008000080E] -> 0x0000
[520] [M]: 0x000000008000080C (0x00000013) addi zero, zero, 0
mem[X,0x0000000080000810] -> 0x0013
mem[X,0x0000000080000812] -> 0x0000
[521] [M]: 0x0000000080000810 (0x00000013) addi zero, zero, 0
mem[X,0x0000000080000814] -> 0x0013
mem[X,0x0000000080000816] -> 0x0000
[522] [M]: 0x0000000080000814 (0x00000013) addi zero, zero, 0
mem[X,0x0000000080000818] -> 0x0013
mem[X,0x000000008000081A] -> 0x0000
[523] [M]: 0x0000000080000818 (0x00000013) addi zero, zero, 0
mem[X,0x000000008000081C] -> 0x0013
mem[X,0x000000008000081E] -> 0x0000
[524] [M]: 0x000000008000081C (0x00000013) addi zero, zero, 0
mem[X,0x0000000080000820] -> 0x1C03
mem[X,0x0000000080000822] -> 0x8005
[525] [M]: 0x0000000080000820 (0x80051C03) lh s8, 2048(a0)
mem[R,0x0000000080002000] -> 0xCAFE
x24 <- 0xFFFFFFFFFFFFCAFE
mem[X,0x0000000080000824] -> 0x0013
mem[X,0x0000000080000826] -> 0x0000
[526] [M]: 0x0000000080000824 (0x00000013) addi zero, zero, 0
mem[X,0x0000000080000828] -> 0x0013
mem[X,0x000000008000082A] -> 0x0000
[527] [M]: 0x0000000080000828 (0x00000013) addi zero, zero, 0
mem[X,0x000000008000082C] -> 0xB023
mem[X,0x000000008000082E] -> 0x0984
[528] [M]: 0x000000008000082C (0x0984B023) sd s8, 128(s1)
mem[0x0000000080003198] <- 0xFFFFFFFFFFFFCAFE
mem[X,0x0000000080000830] -> 0x0013
mem[X,0x0000000080000832] -> 0x0000
[529] [M]: 0x0000000080000830 (0x00000013) addi zero, zero, 0
mem[X,0x0000000080000834] -> 0x0013
mem[X,0x0000000080000836] -> 0x0000
[530] [M]: 0x0000000080000834 (0x00000013) addi zero, zero, 0
mem[X,0x0000000080000838] -> 0x0013
mem[X,0x000000008000083A] -> 0x0000
[531] [M]: 0x0000000080000838 (0x00000013) addi zero, zero, 0
mem[X,0x000000008000083C] -> 0x0013
mem[X,0x000000008000083E] -> 0x0000
[532] [M]: 0x000000008000083C (0x00000013) addi zero, zero, 0
mem[X,0x0000000080000840] -> 0x2717
mem[X,0x0000000080000842] -> 0x0000
[533] [M]: 0x0000000080000840 (0x00002717) auipc a4, 2
x14 <- 0x0000000080002840
mem[X,0x0000000080000844] -> 0x0713
mem[X,0x0000000080000846] -> 0xFC07
[534] [M]: 0x0000000080000844 (0xFC070713) addi a4, a4, 4032
x14 <- 0x0000000080002800
mem[X,0x0000000080000848] -> 0x0013
mem[X,0x000000008000084A] -> 0x0000
[535] [M]: 0x0000000080000848 (0x00000013) addi zero, zero, 0
mem[X,0x000000008000084C] -> 0x0013
mem[X,0x000000008000084E] -> 0x0000
[536] [M]: 0x000000008000084C (0x00000013) addi zero, zero, 0
mem[X,0x0000000080000850] -> 0x0013
mem[X,0x0000000080000852] -> 0x0000
[537] [M]: 0x0000000080000850 (0x00000013) addi zero, zero, 0
mem[X,0x0000000080000854] -> 0x0013
mem[X,0x0000000080000856] -> 0x0000
[538] [M]: 0x0000000080000854 (0x00000013) addi zero, zero, 0
mem[X,0x0000000080000858] -> 0x0013
mem[X,0x000000008000085A] -> 0x0000
[539] [M]: 0x0000000080000858 (0x00000013) addi zero, zero, 0
mem[X,0x000000008000085C] -> 0x0013
mem[X,0x000000008000085E] -> 0x0000
[540] [M]: 0x000000008000085C (0x00000013) addi zero, zero, 0
mem[X,0x0000000080000860] -> 0x1183
mem[X,0x0000000080000862] -> 0x8007
[541] [M]: 0x0000000080000860 (0x80071183) lh gp, 2048(a4)
mem[R,0x0000000080002000] -> 0xCAFE
x3 <- 0xFFFFFFFFFFFFCAFE
mem[X,0x0000000080000864] -> 0x0013
mem[X,0x0000000080000866] -> 0x0000
[542] [M]: 0x0000000080000864 (0x00000013) addi zero, zero, 0
mem[X,0x0000000080000868] -> 0x0013
mem[X,0x000000008000086A] -> 0x0000
[543] [M]: 0x0000000080000868 (0x00000013) addi zero, zero, 0
mem[X,0x000000008000086C] -> 0xB423
mem[X,0x000000008000086E] -> 0x0834
[544] [M]: 0x000000008000086C (0x0834B423) sd gp, 136(s1)
mem[0x00000000800031A0] <- 0xFFFFFFFFFFFFCAFE
mem[X,0x0000000080000870] -> 0x0013
mem[X,0x0000000080000872] -> 0x0000
[545] [M]: 0x0000000080000870 (0x00000013) addi zero, zero, 0
mem[X,0x0000000080000874] -> 0x0013
mem[X,0x0000000080000876] -> 0x0000
[546] [M]: 0x0000000080000874 (0x00000013) addi zero, zero, 0
mem[X,0x0000000080000878] -> 0x0013
mem[X,0x000000008000087A] -> 0x0000
[547] [M]: 0x0000000080000878 (0x00000013) addi zero, zero, 0
mem[X,0x000000008000087C] -> 0x0013
mem[X,0x000000008000087E] -> 0x0000
[548] [M]: 0x000000008000087C (0x00000013) addi zero, zero, 0
mem[X,0x0000000080000880] -> 0x2197
mem[X,0x0000000080000882] -> 0x0000
[549] [M]: 0x0000000080000880 (0x00002197) auipc gp, 2
x3 <- 0x0000000080002880
mem[X,0x0000000080000884] -> 0x8193
mem[X,0x0000000080000886] -> 0xF801
[550] [M]: 0x0000000080000884 (0xF8018193) addi gp, gp, 3968
x3 <- 0x0000000080002800
mem[X,0x0000000080000888] -> 0x0013
mem[X,0x000000008000088A] -> 0x0000
[551] [M]: 0x0000000080000888 (0x00000013) addi zero, zero, 0
mem[X,0x000000008000088C] -> 0x0013
mem[X,0x000000008000088E] -> 0x0000
[552] [M]: 0x000000008000088C (0x00000013) addi zero, zero, 0
mem[X,0x0000000080000890] -> 0x0013
mem[X,0x0000000080000892] -> 0x0000
[553] [M]: 0x0000000080000890 (0x00000013) addi zero, zero, 0
mem[X,0x0000000080000894] -> 0x0013
mem[X,0x0000000080000896] -> 0x0000
[554] [M]: 0x0000000080000894 (0x00000013) addi zero, zero, 0
mem[X,0x0000000080000898] -> 0x0013
mem[X,0x000000008000089A] -> 0x0000
[555] [M]: 0x0000000080000898 (0x00000013) addi zero, zero, 0
mem[X,0x000000008000089C] -> 0x0013
mem[X,0x000000008000089E] -> 0x0000
[556] [M]: 0x000000008000089C (0x00000013) addi zero, zero, 0
mem[X,0x00000000800008A0] -> 0x9283
mem[X,0x00000000800008A2] -> 0x8001
[557] [M]: 0x00000000800008A0 (0x80019283) lh t0, 2048(gp)
mem[R,0x0000000080002000] -> 0xCAFE
x5 <- 0xFFFFFFFFFFFFCAFE
mem[X,0x00000000800008A4] -> 0x0013
mem[X,0x00000000800008A6] -> 0x0000
[558] [M]: 0x00000000800008A4 (0x00000013) addi zero, zero, 0
mem[X,0x00000000800008A8] -> 0x0013
mem[X,0x00000000800008AA] -> 0x0000
[559] [M]: 0x00000000800008A8 (0x00000013) addi zero, zero, 0
mem[X,0x00000000800008AC] -> 0xB823
mem[X,0x00000000800008AE] -> 0x0854
[560] [M]: 0x00000000800008AC (0x0854B823) sd t0, 144(s1)
mem[0x00000000800031A8] <- 0xFFFFFFFFFFFFCAFE
mem[X,0x00000000800008B0] -> 0x0013
mem[X,0x00000000800008B2] -> 0x0000
[561] [M]: 0x00000000800008B0 (0x00000013) addi zero, zero, 0
mem[X,0x00000000800008B4] -> 0x0013
mem[X,0x00000000800008B6] -> 0x0000
[562] [M]: 0x00000000800008B4 (0x00000013) addi zero, zero, 0
mem[X,0x00000000800008B8] -> 0x0013
mem[X,0x00000000800008BA] -> 0x0000
[563] [M]: 0x00000000800008B8 (0x00000013) addi zero, zero, 0
mem[X,0x00000000800008BC] -> 0x0013
mem[X,0x00000000800008BE] -> 0x0000
[564] [M]: 0x00000000800008BC (0x00000013) addi zero, zero, 0
mem[X,0x00000000800008C0] -> 0x2D17
mem[X,0x00000000800008C2] -> 0x0000
[565] [M]: 0x00000000800008C0 (0x00002D17) auipc s10, 2
x26 <- 0x00000000800028C0
mem[X,0x00000000800008C4] -> 0x0D13
mem[X,0x00000000800008C6] -> 0xF40D
[566] [M]: 0x00000000800008C4 (0xF40D0D13) addi s10, s10, 3904
x26 <- 0x0000000080002800
mem[X,0x00000000800008C8] -> 0x0013
mem[X,0x00000000800008CA] -> 0x0000
[567] [M]: 0x00000000800008C8 (0x00000013) addi zero, zero, 0
mem[X,0x00000000800008CC] -> 0x0013
mem[X,0x00000000800008CE] -> 0x0000
[568] [M]: 0x00000000800008CC (0x00000013) addi zero, zero, 0
mem[X,0x00000000800008D0] -> 0x0013
mem[X,0x00000000800008D2] -> 0x0000
[569] [M]: 0x00000000800008D0 (0x00000013) addi zero, zero, 0
mem[X,0x00000000800008D4] -> 0x0013
mem[X,0x00000000800008D6] -> 0x0000
[570] [M]: 0x00000000800008D4 (0x00000013) addi zero, zero, 0
mem[X,0x00000000800008D8] -> 0x0013
mem[X,0x00000000800008DA] -> 0x0000
[571] [M]: 0x00000000800008D8 (0x00000013) addi zero, zero, 0
mem[X,0x00000000800008DC] -> 0x0013
mem[X,0x00000000800008DE] -> 0x0000
[572] [M]: 0x00000000800008DC (0x00000013) addi zero, zero, 0
mem[X,0x00000000800008E0] -> 0x1603
mem[X,0x00000000800008E2] -> 0x800D
[573] [M]: 0x00000000800008E0 (0x800D1603) lh a2, 2048(s10)
mem[R,0x0000000080002000] -> 0xCAFE
x12 <- 0xFFFFFFFFFFFFCAFE
mem[X,0x00000000800008E4] -> 0x0013
mem[X,0x00000000800008E6] -> 0x0000
[574] [M]: 0x00000000800008E4 (0x00000013) addi zero, zero, 0
mem[X,0x00000000800008E8] -> 0x0013
mem[X,0x00000000800008EA] -> 0x0000
[575] [M]: 0x00000000800008E8 (0x00000013) addi zero, zero, 0
mem[X,0x00000000800008EC] -> 0xBC23
mem[X,0x00000000800008EE] -> 0x08C4
[576] [M]: 0x00000000800008EC (0x08C4BC23) sd a2, 152(s1)
mem[0x00000000800031B0] <- 0xFFFFFFFFFFFFCAFE
mem[X,0x00000000800008F0] -> 0x0013
mem[X,0x00000000800008F2] -> 0x0000
[577] [M]: 0x00000000800008F0 (0x00000013) addi zero, zero, 0
mem[X,0x00000000800008F4] -> 0x0013
mem[X,0x00000000800008F6] -> 0x0000
[578] [M]: 0x00000000800008F4 (0x00000013) addi zero, zero, 0
mem[X,0x00000000800008F8] -> 0x0013
mem[X,0x00000000800008FA] -> 0x0000
[579] [M]: 0x00000000800008F8 (0x00000013) addi zero, zero, 0
mem[X,0x00000000800008FC] -> 0x0013
mem[X,0x00000000800008FE] -> 0x0000
[580] [M]: 0x00000000800008FC (0x00000013) addi zero, zero, 0
mem[X,0x0000000080000900] -> 0x3197
mem[X,0x0000000080000902] -> 0x0000
[581] [M]: 0x0000000080000900 (0x00003197) auipc gp, 3
x3 <- 0x0000000080003900
mem[X,0x0000000080000904] -> 0x8193
mem[X,0x0000000080000906] -> 0x8B81
[582] [M]: 0x0000000080000904 (0x8B818193) addi gp, gp, 2232
x3 <- 0x00000000800031B8
mem[X,0x0000000080000908] -> 0x0013
mem[X,0x000000008000090A] -> 0x0000
[583] [M]: 0x0000000080000908 (0x00000013) addi zero, zero, 0
mem[X,0x000000008000090C] -> 0x0013
mem[X,0x000000008000090E] -> 0x0000
[584] [M]: 0x000000008000090C (0x00000013) addi zero, zero, 0
mem[X,0x0000000080000910] -> 0x0013
mem[X,0x0000000080000912] -> 0x0000
[585] [M]: 0x0000000080000910 (0x00000013) addi zero, zero, 0
mem[X,0x0000000080000914] -> 0x0013
mem[X,0x0000000080000916] -> 0x0000
[586] [M]: 0x0000000080000914 (0x00000013) addi zero, zero, 0
mem[X,0x0000000080000918] -> 0x0013
mem[X,0x000000008000091A] -> 0x0000
[587] [M]: 0x0000000080000918 (0x00000013) addi zero, zero, 0
mem[X,0x000000008000091C] -> 0x0013
mem[X,0x000000008000091E] -> 0x0000
[588] [M]: 0x000000008000091C (0x00000013) addi zero, zero, 0
mem[X,0x0000000080000920] -> 0x2317
mem[X,0x0000000080000922] -> 0x0000
[589] [M]: 0x0000000080000920 (0x00002317) auipc t1, 2
x6 <- 0x0000000080002920
mem[X,0x0000000080000924] -> 0x0313
mem[X,0x0000000080000926] -> 0xEE03
[590] [M]: 0x0000000080000924 (0xEE030313) addi t1, t1, 3808
x6 <- 0x0000000080002800
mem[X,0x0000000080000928] -> 0x0013
mem[X,0x000000008000092A] -> 0x0000
[591] [M]: 0x0000000080000928 (0x00000013) addi zero, zero, 0
mem[X,0x000000008000092C] -> 0x0013
mem[X,0x000000008000092E] -> 0x0000
[592] [M]: 0x000000008000092C (0x00000013) addi zero, zero, 0
mem[X,0x0000000080000930] -> 0x0013
mem[X,0x0000000080000932] -> 0x0000
[593] [M]: 0x0000000080000930 (0x00000013) addi zero, zero, 0
mem[X,0x0000000080000934] -> 0x0013
mem[X,0x0000000080000936] -> 0x0000
[594] [M]: 0x0000000080000934 (0x00000013) addi zero, zero, 0
mem[X,0x0000000080000938] -> 0x0013
mem[X,0x000000008000093A] -> 0x0000
[595] [M]: 0x0000000080000938 (0x00000013) addi zero, zero, 0
mem[X,0x000000008000093C] -> 0x0013
mem[X,0x000000008000093E] -> 0x0000
[596] [M]: 0x000000008000093C (0x00000013) addi zero, zero, 0
mem[X,0x0000000080000940] -> 0x1803
mem[X,0x0000000080000942] -> 0x8003
[597] [M]: 0x0000000080000940 (0x80031803) lh a6, 2048(t1)
mem[R,0x0000000080002000] -> 0xCAFE
x16 <- 0xFFFFFFFFFFFFCAFE
mem[X,0x0000000080000944] -> 0x0013
mem[X,0x0000000080000946] -> 0x0000
[598] [M]: 0x0000000080000944 (0x00000013) addi zero, zero, 0
mem[X,0x0000000080000948] -> 0x0013
mem[X,0x000000008000094A] -> 0x0000
[599] [M]: 0x0000000080000948 (0x00000013) addi zero, zero, 0
clint::tick mtime <- 0x0000000000000006
 clint timer pending at mtime 0x0000000000000006
htif::tick 0x0000000000000000
mem[X,0x000000008000094C] -> 0xB023
mem[X,0x000000008000094E] -> 0x0101
[600] [M]: 0x000000008000094C (0x0101B023) sd a6, 0(gp)
mem[0x00000000800031B8] <- 0xFFFFFFFFFFFFCAFE
mem[X,0x0000000080000950] -> 0x0013
mem[X,0x0000000080000952] -> 0x0000
[601] [M]: 0x0000000080000950 (0x00000013) addi zero, zero, 0
mem[X,0x0000000080000954] -> 0x0013
mem[X,0x0000000080000956] -> 0x0000
[602] [M]: 0x0000000080000954 (0x00000013) addi zero, zero, 0
mem[X,0x0000000080000958] -> 0x0013
mem[X,0x000000008000095A] -> 0x0000
[603] [M]: 0x0000000080000958 (0x00000013) addi zero, zero, 0
mem[X,0x000000008000095C] -> 0x0013
mem[X,0x000000008000095E] -> 0x0000
[604] [M]: 0x000000008000095C (0x00000013) addi zero, zero, 0
mem[X,0x0000000080000960] -> 0x2497
mem[X,0x0000000080000962] -> 0x0000
[605] [M]: 0x0000000080000960 (0x00002497) auipc s1, 2
x9 <- 0x0000000080002960
mem[X,0x0000000080000964] -> 0x8493
mem[X,0x0000000080000966] -> 0xEA04
[606] [M]: 0x0000000080000964 (0xEA048493) addi s1, s1, 3744
x9 <- 0x0000000080002800
mem[X,0x0000000080000968] -> 0x0013
mem[X,0x000000008000096A] -> 0x0000
[607] [M]: 0x0000000080000968 (0x00000013) addi zero, zero, 0
mem[X,0x000000008000096C] -> 0x0013
mem[X,0x000000008000096E] -> 0x0000
[608] [M]: 0x000000008000096C (0x00000013) addi zero, zero, 0
mem[X,0x0000000080000970] -> 0x0013
mem[X,0x0000000080000972] -> 0x0000
[609] [M]: 0x0000000080000970 (0x00000013) addi zero, zero, 0
mem[X,0x0000000080000974] -> 0x0013
mem[X,0x0000000080000976] -> 0x0000
[610] [M]: 0x0000000080000974 (0x00000013) addi zero, zero, 0
mem[X,0x0000000080000978] -> 0x0013
mem[X,0x000000008000097A] -> 0x0000
[611] [M]: 0x0000000080000978 (0x00000013) addi zero, zero, 0
mem[X,0x000000008000097C] -> 0x0013
mem[X,0x000000008000097E] -> 0x0000
[612] [M]: 0x000000008000097C (0x00000013) addi zero, zero, 0
mem[X,0x0000000080000980] -> 0x9083
mem[X,0x0000000080000982] -> 0x8004
[613] [M]: 0x0000000080000980 (0x80049083) lh ra, 2048(s1)
mem[R,0x0000000080002000] -> 0xCAFE
x1 <- 0xFFFFFFFFFFFFCAFE
mem[X,0x0000000080000984] -> 0x0013
mem[X,0x0000000080000986] -> 0x0000
[614] [M]: 0x0000000080000984 (0x00000013) addi zero, zero, 0
mem[X,0x0000000080000988] -> 0x0013
mem[X,0x000000008000098A] -> 0x0000
[615] [M]: 0x0000000080000988 (0x00000013) addi zero, zero, 0
mem[X,0x000000008000098C] -> 0xB423
mem[X,0x000000008000098E] -> 0x0011
[616] [M]: 0x000000008000098C (0x0011B423) sd ra, 8(gp)
mem[0x00000000800031C0] <- 0xFFFFFFFFFFFFCAFE
mem[X,0x0000000080000990] -> 0x0013
mem[X,0x0000000080000992] -> 0x0000
[617] [M]: 0x0000000080000990 (0x00000013) addi zero, zero, 0
mem[X,0x0000000080000994] -> 0x0013
mem[X,0x0000000080000996] -> 0x0000
[618] [M]: 0x0000000080000994 (0x00000013) addi zero, zero, 0
mem[X,0x0000000080000998] -> 0x0013
mem[X,0x000000008000099A] -> 0x0000
[619] [M]: 0x0000000080000998 (0x00000013) addi zero, zero, 0
mem[X,0x000000008000099C] -> 0x0013
mem[X,0x000000008000099E] -> 0x0000
[620] [M]: 0x000000008000099C (0x00000013) addi zero, zero, 0
mem[X,0x00000000800009A0] -> 0x2C97
mem[X,0x00000000800009A2] -> 0x0000
[621] [M]: 0x00000000800009A0 (0x00002C97) auipc s9, 2
x25 <- 0x00000000800029A0
mem[X,0x00000000800009A4] -> 0x8C93
mem[X,0x00000000800009A6] -> 0xE60C
[622] [M]: 0x00000000800009A4 (0xE60C8C93) addi s9, s9, 3680
x25 <- 0x0000000080002800
mem[X,0x00000000800009A8] -> 0x0013
mem[X,0x00000000800009AA] -> 0x0000
[623] [M]: 0x00000000800009A8 (0x00000013) addi zero, zero, 0
mem[X,0x00000000800009AC] -> 0x0013
mem[X,0x00000000800009AE] -> 0x0000
[624] [M]: 0x00000000800009AC (0x00000013) addi zero, zero, 0
mem[X,0x00000000800009B0] -> 0x0013
mem[X,0x00000000800009B2] -> 0x0000
[625] [M]: 0x00000000800009B0 (0x00000013) addi zero, zero, 0
mem[X,0x00000000800009B4] -> 0x0013
mem[X,0x00000000800009B6] -> 0x0000
[626] [M]: 0x00000000800009B4 (0x00000013) addi zero, zero, 0
mem[X,0x00000000800009B8] -> 0x0013
mem[X,0x00000000800009BA] -> 0x0000
[627] [M]: 0x00000000800009B8 (0x00000013) addi zero, zero, 0
mem[X,0x00000000800009BC] -> 0x0013
mem[X,0x00000000800009BE] -> 0x0000
[628] [M]: 0x00000000800009BC (0x00000013) addi zero, zero, 0
mem[X,0x00000000800009C0] -> 0x9B03
mem[X,0x00000000800009C2] -> 0x800C
[629] [M]: 0x00000000800009C0 (0x800C9B03) lh s6, 2048(s9)
mem[R,0x0000000080002000] -> 0xCAFE
x22 <- 0xFFFFFFFFFFFFCAFE
mem[X,0x00000000800009C4] -> 0x0013
mem[X,0x00000000800009C6] -> 0x0000
[630] [M]: 0x00000000800009C4 (0x00000013) addi zero, zero, 0
mem[X,0x00000000800009C8] -> 0x0013
mem[X,0x00000000800009CA] -> 0x0000
[631] [M]: 0x00000000800009C8 (0x00000013) addi zero, zero, 0
mem[X,0x00000000800009CC] -> 0xB823
mem[X,0x00000000800009CE] -> 0x0161
[632] [M]: 0x00000000800009CC (0x0161B823) sd s6, 16(gp)
mem[0x00000000800031C8] <- 0xFFFFFFFFFFFFCAFE
mem[X,0x00000000800009D0] -> 0x0013
mem[X,0x00000000800009D2] -> 0x0000
[633] [M]: 0x00000000800009D0 (0x00000013) addi zero, zero, 0
mem[X,0x00000000800009D4] -> 0x0013
mem[X,0x00000000800009D6] -> 0x0000
[634] [M]: 0x00000000800009D4 (0x00000013) addi zero, zero, 0
mem[X,0x00000000800009D8] -> 0x0013
mem[X,0x00000000800009DA] -> 0x0000
[635] [M]: 0x00000000800009D8 (0x00000013) addi zero, zero, 0
mem[X,0x00000000800009DC] -> 0x0013
mem[X,0x00000000800009DE] -> 0x0000
[636] [M]: 0x00000000800009DC (0x00000013) addi zero, zero, 0
mem[X,0x00000000800009E0] -> 0x2797
mem[X,0x00000000800009E2] -> 0x0000
[637] [M]: 0x00000000800009E0 (0x00002797) auipc a5, 2
x15 <- 0x00000000800029E0
mem[X,0x00000000800009E4] -> 0x8793
mem[X,0x00000000800009E6] -> 0xE207
[638] [M]: 0x00000000800009E4 (0xE2078793) addi a5, a5, 3616
x15 <- 0x0000000080002800
mem[X,0x00000000800009E8] -> 0x0013
mem[X,0x00000000800009EA] -> 0x0000
[639] [M]: 0x00000000800009E8 (0x00000013) addi zero, zero, 0
mem[X,0x00000000800009EC] -> 0x0013
mem[X,0x00000000800009EE] -> 0x0000
[640] [M]: 0x00000000800009EC (0x00000013) addi zero, zero, 0
mem[X,0x00000000800009F0] -> 0x0013
mem[X,0x00000000800009F2] -> 0x0000
[641] [M]: 0x00000000800009F0 (0x00000013) addi zero, zero, 0
mem[X,0x00000000800009F4] -> 0x0013
mem[X,0x00000000800009F6] -> 0x0000
[642] [M]: 0x00000000800009F4 (0x00000013) addi zero, zero, 0
mem[X,0x00000000800009F8] -> 0x0013
mem[X,0x00000000800009FA] -> 0x0000
[643] [M]: 0x00000000800009F8 (0x00000013) addi zero, zero, 0
mem[X,0x00000000800009FC] -> 0x0013
mem[X,0x00000000800009FE] -> 0x0000
[644] [M]: 0x00000000800009FC (0x00000013) addi zero, zero, 0
mem[X,0x0000000080000A00] -> 0x9483
mem[X,0x0000000080000A02] -> 0x8007
[645] [M]: 0x0000000080000A00 (0x80079483) lh s1, 2048(a5)
mem[R,0x0000000080002000] -> 0xCAFE
x9 <- 0xFFFFFFFFFFFFCAFE
mem[X,0x0000000080000A04] -> 0x0013
mem[X,0x0000000080000A06] -> 0x0000
[646] [M]: 0x0000000080000A04 (0x00000013) addi zero, zero, 0
mem[X,0x0000000080000A08] -> 0x0013
mem[X,0x0000000080000A0A] -> 0x0000
[647] [M]: 0x0000000080000A08 (0x00000013) addi zero, zero, 0
mem[X,0x0000000080000A0C] -> 0xBC23
mem[X,0x0000000080000A0E] -> 0x0091
[648] [M]: 0x0000000080000A0C (0x0091BC23) sd s1, 24(gp)
mem[0x00000000800031D0] <- 0xFFFFFFFFFFFFCAFE
mem[X,0x0000000080000A10] -> 0x0013
mem[X,0x0000000080000A12] -> 0x0000
[649] [M]: 0x0000000080000A10 (0x00000013) addi zero, zero, 0
mem[X,0x0000000080000A14] -> 0x0013
mem[X,0x0000000080000A16] -> 0x0000
[650] [M]: 0x0000000080000A14 (0x00000013) addi zero, zero, 0
mem[X,0x0000000080000A18] -> 0x0013
mem[X,0x0000000080000A1A] -> 0x0000
[651] [M]: 0x0000000080000A18 (0x00000013) addi zero, zero, 0
mem[X,0x0000000080000A1C] -> 0x0013
mem[X,0x0000000080000A1E] -> 0x0000
[652] [M]: 0x0000000080000A1C (0x00000013) addi zero, zero, 0
mem[X,0x0000000080000A20] -> 0x2617
mem[X,0x0000000080000A22] -> 0x0000
[653] [M]: 0x0000000080000A20 (0x00002617) auipc a2, 2
x12 <- 0x0000000080002A20
mem[X,0x0000000080000A24] -> 0x0613
mem[X,0x0000000080000A26] -> 0xDE06
[654] [M]: 0x0000000080000A24 (0xDE060613) addi a2, a2, 3552
x12 <- 0x0000000080002800
mem[X,0x0000000080000A28] -> 0x0013
mem[X,0x0000000080000A2A] -> 0x0000
[655] [M]: 0x0000000080000A28 (0x00000013) addi zero, zero, 0
mem[X,0x0000000080000A2C] -> 0x0013
mem[X,0x0000000080000A2E] -> 0x0000
[656] [M]: 0x0000000080000A2C (0x00000013) addi zero, zero, 0
mem[X,0x0000000080000A30] -> 0x0013
mem[X,0x0000000080000A32] -> 0x0000
[657] [M]: 0x0000000080000A30 (0x00000013) addi zero, zero, 0
mem[X,0x0000000080000A34] -> 0x0013
mem[X,0x0000000080000A36] -> 0x0000
[658] [M]: 0x0000000080000A34 (0x00000013) addi zero, zero, 0
mem[X,0x0000000080000A38] -> 0x0013
mem[X,0x0000000080000A3A] -> 0x0000
[659] [M]: 0x0000000080000A38 (0x00000013) addi zero, zero, 0
mem[X,0x0000000080000A3C] -> 0x0013
mem[X,0x0000000080000A3E] -> 0x0000
[660] [M]: 0x0000000080000A3C (0x00000013) addi zero, zero, 0
mem[X,0x0000000080000A40] -> 0x1983
mem[X,0x0000000080000A42] -> 0x8006
[661] [M]: 0x0000000080000A40 (0x80061983) lh s3, 2048(a2)
mem[R,0x0000000080002000] -> 0xCAFE
x19 <- 0xFFFFFFFFFFFFCAFE
mem[X,0x0000000080000A44] -> 0x0013
mem[X,0x0000000080000A46] -> 0x0000
[662] [M]: 0x0000000080000A44 (0x00000013) addi zero, zero, 0
mem[X,0x0000000080000A48] -> 0x0013
mem[X,0x0000000080000A4A] -> 0x0000
[663] [M]: 0x0000000080000A48 (0x00000013) addi zero, zero, 0
mem[X,0x0000000080000A4C] -> 0xB023
mem[X,0x0000000080000A4E] -> 0x0331
[664] [M]: 0x0000000080000A4C (0x0331B023) sd s3, 32(gp)
mem[0x00000000800031D8] <- 0xFFFFFFFFFFFFCAFE
mem[X,0x0000000080000A50] -> 0x0013
mem[X,0x0000000080000A52] -> 0x0000
[665] [M]: 0x0000000080000A50 (0x00000013) addi zero, zero, 0
mem[X,0x0000000080000A54] -> 0x0013
mem[X,0x0000000080000A56] -> 0x0000
[666] [M]: 0x0000000080000A54 (0x00000013) addi zero, zero, 0
mem[X,0x0000000080000A58] -> 0x0013
mem[X,0x0000000080000A5A] -> 0x0000
[667] [M]: 0x0000000080000A58 (0x00000013) addi zero, zero, 0
mem[X,0x0000000080000A5C] -> 0x0013
mem[X,0x0000000080000A5E] -> 0x0000
[668] [M]: 0x0000000080000A5C (0x00000013) addi zero, zero, 0
mem[X,0x0000000080000A60] -> 0x2817
mem[X,0x0000000080000A62] -> 0x0000
[669] [M]: 0x0000000080000A60 (0x00002817) auipc a6, 2
x16 <- 0x0000000080002A60
mem[X,0x0000000080000A64] -> 0x0813
mem[X,0x0000000080000A66] -> 0xDA08
[670] [M]: 0x0000000080000A64 (0xDA080813) addi a6, a6, 3488
x16 <- 0x0000000080002800
mem[X,0x0000000080000A68] -> 0x0013
mem[X,0x0000000080000A6A] -> 0x0000
[671] [M]: 0x0000000080000A68 (0x00000013) addi zero, zero, 0
mem[X,0x0000000080000A6C] -> 0x0013
mem[X,0x0000000080000A6E] -> 0x0000
[672] [M]: 0x0000000080000A6C (0x00000013) addi zero, zero, 0
mem[X,0x0000000080000A70] -> 0x0013
mem[X,0x0000000080000A72] -> 0x0000
[673] [M]: 0x0000000080000A70 (0x00000013) addi zero, zero, 0
mem[X,0x0000000080000A74] -> 0x0013
mem[X,0x0000000080000A76] -> 0x0000
[674] [M]: 0x0000000080000A74 (0x00000013) addi zero, zero, 0
mem[X,0x0000000080000A78] -> 0x0013
mem[X,0x0000000080000A7A] -> 0x0000
[675] [M]: 0x0000000080000A78 (0x00000013) addi zero, zero, 0
mem[X,0x0000000080000A7C] -> 0x0013
mem[X,0x0000000080000A7E] -> 0x0000
[676] [M]: 0x0000000080000A7C (0x00000013) addi zero, zero, 0
mem[X,0x0000000080000A80] -> 0x1103
mem[X,0x0000000080000A82] -> 0x8008
[677] [M]: 0x0000000080000A80 (0x80081103) lh sp, 2048(a6)
mem[R,0x0000000080002000] -> 0xCAFE
x2 <- 0xFFFFFFFFFFFFCAFE
mem[X,0x0000000080000A84] -> 0x0013
mem[X,0x0000000080000A86] -> 0x0000
[678] [M]: 0x0000000080000A84 (0x00000013) addi zero, zero, 0
mem[X,0x0000000080000A88] -> 0x0013
mem[X,0x0000000080000A8A] -> 0x0000
[679] [M]: 0x0000000080000A88 (0x00000013) addi zero, zero, 0
mem[X,0x0000000080000A8C] -> 0xB423
mem[X,0x0000000080000A8E] -> 0x0221
[680] [M]: 0x0000000080000A8C (0x0221B423) sd sp, 40(gp)
mem[0x00000000800031E0] <- 0xFFFFFFFFFFFFCAFE
mem[X,0x0000000080000A90] -> 0x0013
mem[X,0x0000000080000A92] -> 0x0000
[681] [M]: 0x0000000080000A90 (0x00000013) addi zero, zero, 0
mem[X,0x0000000080000A94] -> 0x0013
mem[X,0x0000000080000A96] -> 0x0000
[682] [M]: 0x0000000080000A94 (0x00000013) addi zero, zero, 0
mem[X,0x0000000080000A98] -> 0x0013
mem[X,0x0000000080000A9A] -> 0x0000
[683] [M]: 0x0000000080000A98 (0x00000013) addi zero, zero, 0
mem[X,0x0000000080000A9C] -> 0x0013
mem[X,0x0000000080000A9E] -> 0x0000
[684] [M]: 0x0000000080000A9C (0x00000013) addi zero, zero, 0
mem[X,0x0000000080000AA0] -> 0x2C17
mem[X,0x0000000080000AA2] -> 0x0000
[685] [M]: 0x0000000080000AA0 (0x00002C17) auipc s8, 2
x24 <- 0x0000000080002AA0
mem[X,0x0000000080000AA4] -> 0x0C13
mem[X,0x0000000080000AA6] -> 0xD60C
[686] [M]: 0x0000000080000AA4 (0xD60C0C13) addi s8, s8, 3424
x24 <- 0x0000000080002800
mem[X,0x0000000080000AA8] -> 0x0013
mem[X,0x0000000080000AAA] -> 0x0000
[687] [M]: 0x0000000080000AA8 (0x00000013) addi zero, zero, 0
mem[X,0x0000000080000AAC] -> 0x0013
mem[X,0x0000000080000AAE] -> 0x0000
[688] [M]: 0x0000000080000AAC (0x00000013) addi zero, zero, 0
mem[X,0x0000000080000AB0] -> 0x0013
mem[X,0x0000000080000AB2] -> 0x0000
[689] [M]: 0x0000000080000AB0 (0x00000013) addi zero, zero, 0
mem[X,0x0000000080000AB4] -> 0x0013
mem[X,0x0000000080000AB6] -> 0x0000
[690] [M]: 0x0000000080000AB4 (0x00000013) addi zero, zero, 0
mem[X,0x0000000080000AB8] -> 0x0013
mem[X,0x0000000080000ABA] -> 0x0000
[691] [M]: 0x0000000080000AB8 (0x00000013) addi zero, zero, 0
mem[X,0x0000000080000ABC] -> 0x0013
mem[X,0x0000000080000ABE] -> 0x0000
[692] [M]: 0x0000000080000ABC (0x00000013) addi zero, zero, 0
mem[X,0x0000000080000AC0] -> 0x1403
mem[X,0x0000000080000AC2] -> 0x800C
[693] [M]: 0x0000000080000AC0 (0x800C1403) lh fp, 2048(s8)
mem[R,0x0000000080002000] -> 0xCAFE
x8 <- 0xFFFFFFFFFFFFCAFE
mem[X,0x0000000080000AC4] -> 0x0013
mem[X,0x0000000080000AC6] -> 0x0000
[694] [M]: 0x0000000080000AC4 (0x00000013) addi zero, zero, 0
mem[X,0x0000000080000AC8] -> 0x0013
mem[X,0x0000000080000ACA] -> 0x0000
[695] [M]: 0x0000000080000AC8 (0x00000013) addi zero, zero, 0
mem[X,0x0000000080000ACC] -> 0xB823
mem[X,0x0000000080000ACE] -> 0x0281
[696] [M]: 0x0000000080000ACC (0x0281B823) sd fp, 48(gp)
mem[0x00000000800031E8] <- 0xFFFFFFFFFFFFCAFE
mem[X,0x0000000080000AD0] -> 0x0013
mem[X,0x0000000080000AD2] -> 0x0000
[697] [M]: 0x0000000080000AD0 (0x00000013) addi zero, zero, 0
mem[X,0x0000000080000AD4] -> 0x0013
mem[X,0x0000000080000AD6] -> 0x0000
[698] [M]: 0x0000000080000AD4 (0x00000013) addi zero, zero, 0
mem[X,0x0000000080000AD8] -> 0x0013
mem[X,0x0000000080000ADA] -> 0x0000
[699] [M]: 0x0000000080000AD8 (0x00000013) addi zero, zero, 0
clint::tick mtime <- 0x0000000000000007
 clint timer pending at mtime 0x0000000000000007
htif::tick 0x0000000000000000
mem[X,0x0000000080000ADC] -> 0x0013
mem[X,0x0000000080000ADE] -> 0x0000
[700] [M]: 0x0000000080000ADC (0x00000013) addi zero, zero, 0
mem[X,0x0000000080000AE0] -> 0x2B17
mem[X,0x0000000080000AE2] -> 0x0000
[701] [M]: 0x0000000080000AE0 (0x00002B17) auipc s6, 2
x22 <- 0x0000000080002AE0
mem[X,0x0000000080000AE4] -> 0x0B13
mem[X,0x0000000080000AE6] -> 0xD20B
[702] [M]: 0x0000000080000AE4 (0xD20B0B13) addi s6, s6, 3360
x22 <- 0x0000000080002800
mem[X,0x0000000080000AE8] -> 0x0013
mem[X,0x0000000080000AEA] -> 0x0000
[703] [M]: 0x0000000080000AE8 (0x00000013) addi zero, zero, 0
mem[X,0x0000000080000AEC] -> 0x0013
mem[X,0x0000000080000AEE] -> 0x0000
[704] [M]: 0x0000000080000AEC (0x00000013) addi zero, zero, 0
mem[X,0x0000000080000AF0] -> 0x0013
mem[X,0x0000000080000AF2] -> 0x0000
[705] [M]: 0x0000000080000AF0 (0x00000013) addi zero, zero, 0
mem[X,0x0000000080000AF4] -> 0x0013
mem[X,0x0000000080000AF6] -> 0x0000
[706] [M]: 0x0000000080000AF4 (0x00000013) addi zero, zero, 0
mem[X,0x0000000080000AF8] -> 0x0013
mem[X,0x0000000080000AFA] -> 0x0000
[707] [M]: 0x0000000080000AF8 (0x00000013) addi zero, zero, 0
mem[X,0x0000000080000AFC] -> 0x0013
mem[X,0x0000000080000AFE] -> 0x0000
[708] [M]: 0x0000000080000AFC (0x00000013) addi zero, zero, 0
mem[X,0x0000000080000B00] -> 0x1E03
mem[X,0x0000000080000B02] -> 0x800B
[709] [M]: 0x0000000080000B00 (0x800B1E03) lh t3, 2048(s6)
mem[R,0x0000000080002000] -> 0xCAFE
x28 <- 0xFFFFFFFFFFFFCAFE
mem[X,0x0000000080000B04] -> 0x0013
mem[X,0x0000000080000B06] -> 0x0000
[710] [M]: 0x0000000080000B04 (0x00000013) addi zero, zero, 0
mem[X,0x0000000080000B08] -> 0x0013
mem[X,0x0000000080000B0A] -> 0x0000
[711] [M]: 0x0000000080000B08 (0x00000013) addi zero, zero, 0
mem[X,0x0000000080000B0C] -> 0xBC23
mem[X,0x0000000080000B0E] -> 0x03C1
[712] [M]: 0x0000000080000B0C (0x03C1BC23) sd t3, 56(gp)
mem[0x00000000800031F0] <- 0xFFFFFFFFFFFFCAFE
mem[X,0x0000000080000B10] -> 0x0013
mem[X,0x0000000080000B12] -> 0x0000
[713] [M]: 0x0000000080000B10 (0x00000013) addi zero, zero, 0
mem[X,0x0000000080000B14] -> 0x0013
mem[X,0x0000000080000B16] -> 0x0000
[714] [M]: 0x0000000080000B14 (0x00000013) addi zero, zero, 0
mem[X,0x0000000080000B18] -> 0x0013
mem[X,0x0000000080000B1A] -> 0x0000
[715] [M]: 0x0000000080000B18 (0x00000013) addi zero, zero, 0
mem[X,0x0000000080000B1C] -> 0x0013
mem[X,0x0000000080000B1E] -> 0x0000
[716] [M]: 0x0000000080000B1C (0x00000013) addi zero, zero, 0
mem[X,0x0000000080000B20] -> 0x2897
mem[X,0x0000000080000B22] -> 0x0000
[717] [M]: 0x0000000080000B20 (0x00002897) auipc a7, 2
x17 <- 0x0000000080002B20
mem[X,0x0000000080000B24] -> 0x8893
mem[X,0x0000000080000B26] -> 0xCE08
[718] [M]: 0x0000000080000B24 (0xCE088893) addi a7, a7, 3296
x17 <- 0x0000000080002800
mem[X,0x0000000080000B28] -> 0x0013
mem[X,0x0000000080000B2A] -> 0x0000
[719] [M]: 0x0000000080000B28 (0x00000013) addi zero, zero, 0
mem[X,0x0000000080000B2C] -> 0x0013
mem[X,0x0000000080000B2E] -> 0x0000
[720] [M]: 0x0000000080000B2C (0x00000013) addi zero, zero, 0
mem[X,0x0000000080000B30] -> 0x0013
mem[X,0x0000000080000B32] -> 0x0000
[721] [M]: 0x0000000080000B30 (0x00000013) addi zero, zero, 0
mem[X,0x0000000080000B34] -> 0x0013
mem[X,0x0000000080000B36] -> 0x0000
[722] [M]: 0x0000000080000B34 (0x00000013) addi zero, zero, 0
mem[X,0x0000000080000B38] -> 0x0013
mem[X,0x0000000080000B3A] -> 0x0000
[723] [M]: 0x0000000080000B38 (0x00000013) addi zero, zero, 0
mem[X,0x0000000080000B3C] -> 0x0013
mem[X,0x0000000080000B3E] -> 0x0000
[724] [M]: 0x0000000080000B3C (0x00000013) addi zero, zero, 0
mem[X,0x0000000080000B40] -> 0x9703
mem[X,0x0000000080000B42] -> 0x8008
[725] [M]: 0x0000000080000B40 (0x80089703) lh a4, 2048(a7)
mem[R,0x0000000080002000] -> 0xCAFE
x14 <- 0xFFFFFFFFFFFFCAFE
mem[X,0x0000000080000B44] -> 0x0013
mem[X,0x0000000080000B46] -> 0x0000
[726] [M]: 0x0000000080000B44 (0x00000013) addi zero, zero, 0
mem[X,0x0000000080000B48] -> 0x0013
mem[X,0x0000000080000B4A] -> 0x0000
[727] [M]: 0x0000000080000B48 (0x00000013) addi zero, zero, 0
mem[X,0x0000000080000B4C] -> 0xB023
mem[X,0x0000000080000B4E] -> 0x04E1
[728] [M]: 0x0000000080000B4C (0x04E1B023) sd a4, 64(gp)
mem[0x00000000800031F8] <- 0xFFFFFFFFFFFFCAFE
mem[X,0x0000000080000B50] -> 0x0013
mem[X,0x0000000080000B52] -> 0x0000
[729] [M]: 0x0000000080000B50 (0x00000013) addi zero, zero, 0
mem[X,0x0000000080000B54] -> 0x0013
mem[X,0x0000000080000B56] -> 0x0000
[730] [M]: 0x0000000080000B54 (0x00000013) addi zero, zero, 0
mem[X,0x0000000080000B58] -> 0x0013
mem[X,0x0000000080000B5A] -> 0x0000
[731] [M]: 0x0000000080000B58 (0x00000013) addi zero, zero, 0
mem[X,0x0000000080000B5C] -> 0x0013
mem[X,0x0000000080000B5E] -> 0x0000
[732] [M]: 0x0000000080000B5C (0x00000013) addi zero, zero, 0
mem[X,0x0000000080000B60] -> 0x2A97
mem[X,0x0000000080000B62] -> 0x0000
[733] [M]: 0x0000000080000B60 (0x00002A97) auipc s5, 2
x21 <- 0x0000000080002B60
mem[X,0x0000000080000B64] -> 0x8A93
mem[X,0x0000000080000B66] -> 0xCA0A
[734] [M]: 0x0000000080000B64 (0xCA0A8A93) addi s5, s5, 3232
x21 <- 0x0000000080002800
mem[X,0x0000000080000B68] -> 0x0013
mem[X,0x0000000080000B6A] -> 0x0000
[735] [M]: 0x0000000080000B68 (0x00000013) addi zero, zero, 0
mem[X,0x0000000080000B6C] -> 0x0013
mem[X,0x0000000080000B6E] -> 0x0000
[736] [M]: 0x0000000080000B6C (0x00000013) addi zero, zero, 0
mem[X,0x0000000080000B70] -> 0x0013
mem[X,0x0000000080000B72] -> 0x0000
[737] [M]: 0x0000000080000B70 (0x00000013) addi zero, zero, 0
mem[X,0x0000000080000B74] -> 0x0013
mem[X,0x0000000080000B76] -> 0x0000
[738] [M]: 0x0000000080000B74 (0x00000013) addi zero, zero, 0
mem[X,0x0000000080000B78] -> 0x0013
mem[X,0x0000000080000B7A] -> 0x0000
[739] [M]: 0x0000000080000B78 (0x00000013) addi zero, zero, 0
mem[X,0x0000000080000B7C] -> 0x0013
mem[X,0x0000000080000B7E] -> 0x0000
[740] [M]: 0x0000000080000B7C (0x00000013) addi zero, zero, 0
mem[X,0x0000000080000B80] -> 0x9583
mem[X,0x0000000080000B82] -> 0x800A
[741] [M]: 0x0000000080000B80 (0x800A9583) lh a1, 2048(s5)
mem[R,0x0000000080002000] -> 0xCAFE
x11 <- 0xFFFFFFFFFFFFCAFE
mem[X,0x0000000080000B84] -> 0x0013
mem[X,0x0000000080000B86] -> 0x0000
[742] [M]: 0x0000000080000B84 (0x00000013) addi zero, zero, 0
mem[X,0x0000000080000B88] -> 0x0013
mem[X,0x0000000080000B8A] -> 0x0000
[743] [M]: 0x0000000080000B88 (0x00000013) addi zero, zero, 0
mem[X,0x0000000080000B8C] -> 0xB423
mem[X,0x0000000080000B8E] -> 0x04B1
[744] [M]: 0x0000000080000B8C (0x04B1B423) sd a1, 72(gp)
mem[0x0000000080003200] <- 0xFFFFFFFFFFFFCAFE
mem[X,0x0000000080000B90] -> 0x0013
mem[X,0x0000000080000B92] -> 0x0000
[745] [M]: 0x0000000080000B90 (0x00000013) addi zero, zero, 0
mem[X,0x0000000080000B94] -> 0x0013
mem[X,0x0000000080000B96] -> 0x0000
[746] [M]: 0x0000000080000B94 (0x00000013) addi zero, zero, 0
mem[X,0x0000000080000B98] -> 0x0013
mem[X,0x0000000080000B9A] -> 0x0000
[747] [M]: 0x0000000080000B98 (0x00000013) addi zero, zero, 0
mem[X,0x0000000080000B9C] -> 0x0013
mem[X,0x0000000080000B9E] -> 0x0000
[748] [M]: 0x0000000080000B9C (0x00000013) addi zero, zero, 0
mem[X,0x0000000080000BA0] -> 0x2D97
mem[X,0x0000000080000BA2] -> 0x0000
[749] [M]: 0x0000000080000BA0 (0x00002D97) auipc s11, 2
x27 <- 0x0000000080002BA0
mem[X,0x0000000080000BA4] -> 0x8D93
mem[X,0x0000000080000BA6] -> 0xC60D
[750] [M]: 0x0000000080000BA4 (0xC60D8D93) addi s11, s11, 3168
x27 <- 0x0000000080002800
mem[X,0x0000000080000BA8] -> 0x0013
mem[X,0x0000000080000BAA] -> 0x0000
[751] [M]: 0x0000000080000BA8 (0x00000013) addi zero, zero, 0
mem[X,0x0000000080000BAC] -> 0x0013
mem[X,0x0000000080000BAE] -> 0x0000
[752] [M]: 0x0000000080000BAC (0x00000013) addi zero, zero, 0
mem[X,0x0000000080000BB0] -> 0x0013
mem[X,0x0000000080000BB2] -> 0x0000
[753] [M]: 0x0000000080000BB0 (0x00000013) addi zero, zero, 0
mem[X,0x0000000080000BB4] -> 0x0013
mem[X,0x0000000080000BB6] -> 0x0000
[754] [M]: 0x0000000080000BB4 (0x00000013) addi zero, zero, 0
mem[X,0x0000000080000BB8] -> 0x0013
mem[X,0x0000000080000BBA] -> 0x0000
[755] [M]: 0x0000000080000BB8 (0x00000013) addi zero, zero, 0
mem[X,0x0000000080000BBC] -> 0x0013
mem[X,0x0000000080000BBE] -> 0x0000
[756] [M]: 0x0000000080000BBC (0x00000013) addi zero, zero, 0
mem[X,0x0000000080000BC0] -> 0x9E83
mem[X,0x0000000080000BC2] -> 0x800D
[757] [M]: 0x0000000080000BC0 (0x800D9E83) lh t4, 2048(s11)
mem[R,0x0000000080002000] -> 0xCAFE
x29 <- 0xFFFFFFFFFFFFCAFE
mem[X,0x0000000080000BC4] -> 0x0013
mem[X,0x0000000080000BC6] -> 0x0000
[758] [M]: 0x0000000080000BC4 (0x00000013) addi zero, zero, 0
mem[X,0x0000000080000BC8] -> 0x0013
mem[X,0x0000000080000BCA] -> 0x0000
[759] [M]: 0x0000000080000BC8 (0x00000013) addi zero, zero, 0
mem[X,0x0000000080000BCC] -> 0xB823
mem[X,0x0000000080000BCE] -> 0x05D1
[760] [M]: 0x0000000080000BCC (0x05D1B823) sd t4, 80(gp)
mem[0x0000000080003208] <- 0xFFFFFFFFFFFFCAFE
mem[X,0x0000000080000BD0] -> 0x0013
mem[X,0x0000000080000BD2] -> 0x0000
[761] [M]: 0x0000000080000BD0 (0x00000013) addi zero, zero, 0
mem[X,0x0000000080000BD4] -> 0x0013
mem[X,0x0000000080000BD6] -> 0x0000
[762] [M]: 0x0000000080000BD4 (0x00000013) addi zero, zero, 0
mem[X,0x0000000080000BD8] -> 0x0013
mem[X,0x0000000080000BDA] -> 0x0000
[763] [M]: 0x0000000080000BD8 (0x00000013) addi zero, zero, 0
mem[X,0x0000000080000BDC] -> 0x0013
mem[X,0x0000000080000BDE] -> 0x0000
[764] [M]: 0x0000000080000BDC (0x00000013) addi zero, zero, 0
mem[X,0x0000000080000BE0] -> 0x2817
mem[X,0x0000000080000BE2] -> 0x0000
[765] [M]: 0x0000000080000BE0 (0x00002817) auipc a6, 2
x16 <- 0x0000000080002BE0
mem[X,0x0000000080000BE4] -> 0x0813
mem[X,0x0000000080000BE6] -> 0xC208
[766] [M]: 0x0000000080000BE4 (0xC2080813) addi a6, a6, 3104
x16 <- 0x0000000080002800
mem[X,0x0000000080000BE8] -> 0x0013
mem[X,0x0000000080000BEA] -> 0x0000
[767] [M]: 0x0000000080000BE8 (0x00000013) addi zero, zero, 0
mem[X,0x0000000080000BEC] -> 0x0013
mem[X,0x0000000080000BEE] -> 0x0000
[768] [M]: 0x0000000080000BEC (0x00000013) addi zero, zero, 0
mem[X,0x0000000080000BF0] -> 0x0013
mem[X,0x0000000080000BF2] -> 0x0000
[769] [M]: 0x0000000080000BF0 (0x00000013) addi zero, zero, 0
mem[X,0x0000000080000BF4] -> 0x0013
mem[X,0x0000000080000BF6] -> 0x0000
[770] [M]: 0x0000000080000BF4 (0x00000013) addi zero, zero, 0
mem[X,0x0000000080000BF8] -> 0x0013
mem[X,0x0000000080000BFA] -> 0x0000
[771] [M]: 0x0000000080000BF8 (0x00000013) addi zero, zero, 0
mem[X,0x0000000080000BFC] -> 0x0013
mem[X,0x0000000080000BFE] -> 0x0000
[772] [M]: 0x0000000080000BFC (0x00000013) addi zero, zero, 0
mem[X,0x0000000080000C00] -> 0x1F03
mem[X,0x0000000080000C02] -> 0x8008
[773] [M]: 0x0000000080000C00 (0x80081F03) lh t5, 2048(a6)
mem[R,0x0000000080002000] -> 0xCAFE
x30 <- 0xFFFFFFFFFFFFCAFE
mem[X,0x0000000080000C04] -> 0x0013
mem[X,0x0000000080000C06] -> 0x0000
[774] [M]: 0x0000000080000C04 (0x00000013) addi zero, zero, 0
mem[X,0x0000000080000C08] -> 0x0013
mem[X,0x0000000080000C0A] -> 0x0000
[775] [M]: 0x0000000080000C08 (0x00000013) addi zero, zero, 0
mem[X,0x0000000080000C0C] -> 0xBC23
mem[X,0x0000000080000C0E] -> 0x05E1
[776] [M]: 0x0000000080000C0C (0x05E1BC23) sd t5, 88(gp)
mem[0x0000000080003210] <- 0xFFFFFFFFFFFFCAFE
mem[X,0x0000000080000C10] -> 0x006F
mem[X,0x0000000080000C12] -> 0x0380
[777] [M]: 0x0000000080000C10 (0x0380006F) jal zero, 56
mem[X,0x0000000080000C48] -> 0x0093
mem[X,0x0000000080000C4A] -> 0x0010
[778] [M]: 0x0000000080000C48 (0x00100093) addi ra, zero, 1
x1 <- 0x0000000000000001
mem[X,0x0000000080000C4C] -> 0x0F17
mem[X,0x0000000080000C4E] -> 0x0000
[779] [M]: 0x0000000080000C4C (0x00000F17) auipc t5, 0
x30 <- 0x0000000080000C4C
mem[X,0x0000000080000C50] -> 0x2A23
mem[X,0x0000000080000C52] -> 0x3A1F
[780] [M]: 0x0000000080000C50 (0x3A1F2A23) sw ra, 948(t5)
htif[0x0000000080001000] <- 0x00000001
mem[X,0x0000000080000C54] -> 0xF06F
mem[X,0x0000000080000C56] -> 0xFF9F
[781] [M]: 0x0000000080000C54 (0xFF9FF06F) jal zero, 2097144
mem[X,0x0000000080000C4C] -> 0x0F17
mem[X,0x0000000080000C4E] -> 0x0000
[782] [M]: 0x0000000080000C4C (0x00000F17) auipc t5, 0
x30 <- 0x0000000080000C4C
mem[X,0x0000000080000C50] -> 0x2A23
mem[X,0x0000000080000C52] -> 0x3A1F
[783] [M]: 0x0000000080000C50 (0x3A1F2A23) sw ra, 948(t5)
htif[0x0000000080001000] <- 0x00000001
mem[X,0x0000000080000C54] -> 0xF06F
mem[X,0x0000000080000C56] -> 0xFF9F
[784] [M]: 0x0000000080000C54 (0xFF9FF06F) jal zero, 2097144
mem[X,0x0000000080000C4C] -> 0x0F17
mem[X,0x0000000080000C4E] -> 0x0000
[785] [M]: 0x0000000080000C4C (0x00000F17) auipc t5, 0
x30 <- 0x0000000080000C4C
mem[X,0x0000000080000C50] -> 0x2A23
mem[X,0x0000000080000C52] -> 0x3A1F
[786] [M]: 0x0000000080000C50 (0x3A1F2A23) sw ra, 948(t5)
htif[0x0000000080001000] <- 0x00000001
htif-syscall-proxy cmd: 0x000000000001
SUCCESS
