+ source ../common/common_podman.sh
++ source /root/mugen/libs/locallibs/common_lib.sh
+++ python3 --version
+++ '[' 0 -eq 0 ']'
+++ source /root/mugen/libs/locallibs/common_lib_python.sh
+ main
++ type -t post_test
+ '[' -n function ']'
+ trap post_test EXIT INT HUP TERM
+ rpm -qa
+ grep expect
++ type -t config_params
+ '[' -n function ']'
+ config_params
+ LOG_INFO 'Start loading data!'
+ message='Start loading data!'
+ python3 /root/mugen/libs/locallibs/mugen_log.py --level info --message 'Start loading data!'
Tue Nov 21 07:32:37 2023 - INFO  - Start loading data!
+ name=postgres
+ LOG_INFO 'Loading data is complete!'
+ message='Loading data is complete!'
+ python3 /root/mugen/libs/locallibs/mugen_log.py --level info --message 'Loading data is complete!'
Tue Nov 21 07:32:37 2023 - INFO  - Loading data is complete!
++ type -t pre_test
+ '[' -n function ']'
+ pre_test
+ LOG_INFO 'Start environment preparation.'
+ message='Start environment preparation.'
+ python3 /root/mugen/libs/locallibs/mugen_log.py --level info --message 'Start environment preparation.'
Tue Nov 21 07:32:38 2023 - INFO  - Start environment preparation.
+ deploy_env
+ DNF_INSTALL 'podman podman-docker'
+ pkgs='podman podman-docker'
+ node=1
+ '[' -z '' ']'
+ tmpfile=
++ python3 /root/mugen/libs/locallibs/rpm_manage.py install --pkgs 'podman podman-docker' --node 1 --tempfile ''
+ tmpfile2=/tmp/tmpqcat1dv1
+ '[' -z '' ']'
+ tmpfile=/tmp/tmpqcat1dv1
+ echo -e '[registries.search]
registries = ['\''docker.io'\'']

[registries.insecure]
registries = []

[registries.block]
registries = []
'
+ podman rm -all
Error: --all and --latest cannot be used together
+ cp ../common/common3.4.4.2_podman.sh ../common/common_podman.sh ../common/Containerfile.notsosimple ../common/Dockerfile ../common/Dockerfile.example ../common/Dockerfile.in ../common/Dockerfile.simple ../common/test.json .
+ LOG_INFO 'Environmental preparation is over.'
+ message='Environmental preparation is over.'
+ python3 /root/mugen/libs/locallibs/mugen_log.py --level info --message 'Environmental preparation is over.'
Tue Nov 21 07:35:30 2023 - INFO  - Environmental preparation is over.
++ type -t run_test
+ '[' -n function ']'
+ run_test
+ LOG_INFO 'Start executing testcase.'
+ message='Start executing testcase.'
+ python3 /root/mugen/libs/locallibs/mugen_log.py --level info --message 'Start executing testcase.'
Tue Nov 21 07:35:31 2023 - INFO  - Start executing testcase.
+ podman build .
Resolving "nginx" using unqualified-search registries (/etc/containers/registries.conf)
Trying to pull docker.io/library/nginx:latest...
Error: error creating build container: choosing an image from manifest list docker://nginx:latest: no image found in manifest list for architecture riscv64, variant "", OS linux
+ CHECK_RESULT 125
+ actual_result=125
+ expect_result=0
+ mode=0
+ error_log=
+ exit_mode=0
+ '[' -z 125 ']'
+ '[' 0 -eq 0 ']'
+ test 125x '!=' 0x
+ test -n ''
+ (( exec_result++ ))
+ LOG_ERROR 'oe_test_podman_26.sh line 38'
+ message='oe_test_podman_26.sh line 38'
+ python3 /root/mugen/libs/locallibs/mugen_log.py --level error --message 'oe_test_podman_26.sh line 38'
Tue Nov 21 07:35:35 2023 - ERROR - oe_test_podman_26.sh line 38
+ '[' 0 -eq 1 ']'
+ return 0
++ cat test.log
++ awk '{print $2}'
+ id=1/2:
+ echo 1/2:
1/2:
+ cat ./Dockerfile
+ podman build -f - .
+ grep 1/2:
Resolving "nginx" using unqualified-search registries (/etc/containers/registries.conf)
Trying to pull docker.io/library/nginx:latest...
Error: error creating build container: choosing an image from manifest list docker://nginx:latest: no image found in manifest list for architecture riscv64, variant "", OS linux
STEP 1/2: FROM nginx
+ CHECK_RESULT 0
+ actual_result=0
+ expect_result=0
+ mode=0
+ error_log=
+ exit_mode=0
+ '[' -z 0 ']'
+ '[' 0 -eq 0 ']'
+ test 0x '!=' 0x
+ return 0
+ podman build --runtime-flag debug .
+ grep 1/2:
Resolving "nginx" using unqualified-search registries (/etc/containers/registries.conf)
Trying to pull docker.io/library/nginx:latest...
Error: error creating build container: choosing an image from manifest list docker://nginx:latest: no image found in manifest list for architecture riscv64, variant "", OS linux
STEP 1/2: FROM nginx
+ CHECK_RESULT 0
+ actual_result=0
+ expect_result=0
+ mode=0
+ error_log=
+ exit_mode=0
+ '[' -z 0 ']'
+ '[' 0 -eq 0 ']'
+ test 0x '!=' 0x
+ return 0
+ podman build --authfile /tmp/auths/myauths.json --cert-dir /root/auth --tls-verify=true --creds=username:password -t hjfd -f ./Dockerfile.simple .
+ grep 1/2:
Error: checking authfile: stat /tmp/auths/myauths.json: no such file or directory
+ CHECK_RESULT 1
+ actual_result=1
+ expect_result=0
+ mode=0
+ error_log=
+ exit_mode=0
+ '[' -z 1 ']'
+ '[' 0 -eq 0 ']'
+ test 1x '!=' 0x
+ test -n ''
+ (( exec_result++ ))
+ LOG_ERROR 'oe_test_podman_26.sh line 46'
+ message='oe_test_podman_26.sh line 46'
+ python3 /root/mugen/libs/locallibs/mugen_log.py --level error --message 'oe_test_podman_26.sh line 46'
Tue Nov 21 07:35:44 2023 - ERROR - oe_test_podman_26.sh line 46
+ '[' 0 -eq 1 ']'
+ return 0
+ podman build --memory 40m --cpu-period 10000 --cpu-quota 50000 --ulimit nofile=1024:1028 -t imagenam .
+ grep 1/2:
Resolving "nginx" using unqualified-search registries (/etc/containers/registries.conf)
Trying to pull docker.io/library/nginx:latest...
Error: error creating build container: choosing an image from manifest list docker://nginx:latest: no image found in manifest list for architecture riscv64, variant "", OS linux
STEP 1/2: FROM nginx
+ CHECK_RESULT 0
+ actual_result=0
+ expect_result=0
+ mode=0
+ error_log=
+ exit_mode=0
+ '[' -z 0 ']'
+ '[' 0 -eq 0 ']'
+ test 0x '!=' 0x
+ return 0
+ podman build -f Dockerfile.simple -f Containerfile.notsosimple .
+ grep 1/2:
Resolving "nginx" using unqualified-search registries (/etc/containers/registries.conf)
Trying to pull docker.io/library/nginx:latest...
Error: error creating build container: choosing an image from manifest list docker://nginx:latest: no image found in manifest list for architecture riscv64, variant "", OS linux
[1/2] STEP 1/2: FROM nginx
[2/2] STEP 1/2: FROM nginx
+ CHECK_RESULT 0
+ actual_result=0
+ expect_result=0
+ mode=0
+ error_log=
+ exit_mode=0
+ '[' -z 0 ']'
+ '[' 0 -eq 0 ']'
+ test 0x '!=' 0x
+ return 0
+ podman build -f Dockerfile.in /root
+ grep 1/2:
Resolving "nginx" using unqualified-search registries (/etc/containers/registries.conf)
Trying to pull docker.io/library/nginx:latest...
Error: error creating build container: choosing an image from manifest list docker://nginx:latest: no image found in manifest list for architecture riscv64, variant "", OS linux
STEP 1/2: FROM nginx
+ CHECK_RESULT 0
+ actual_result=0
+ expect_result=0
+ mode=0
+ error_log=
+ exit_mode=0
+ '[' -z 0 ']'
+ '[' 0 -eq 0 ']'
+ test 0x '!=' 0x
+ return 0
+ podman build --no-cache --rm=false -t newimages1 .
STEP 1/2: FROM nginx
Resolving "nginx" using unqualified-search registries (/etc/containers/registries.conf)
Trying to pull docker.io/library/nginx:latest...
Error: error creating build container: choosing an image from manifest list docker://nginx:latest: no image found in manifest list for architecture riscv64, variant "", OS linux
+ CHECK_RESULT 125
+ actual_result=125
+ expect_result=0
+ mode=0
+ error_log=
+ exit_mode=0
+ '[' -z 125 ']'
+ '[' 0 -eq 0 ']'
+ test 125x '!=' 0x
+ test -n ''
+ (( exec_result++ ))
+ LOG_ERROR 'oe_test_podman_26.sh line 54'
+ message='oe_test_podman_26.sh line 54'
+ python3 /root/mugen/libs/locallibs/mugen_log.py --level error --message 'oe_test_podman_26.sh line 54'
Tue Nov 21 07:35:57 2023 - ERROR - oe_test_podman_26.sh line 54
+ '[' 0 -eq 1 ']'
+ return 0
+ podman build --layers --force-rm -t testname .
STEP 1/2: FROM nginx
Resolving "nginx" using unqualified-search registries (/etc/containers/registries.conf)
Trying to pull docker.io/library/nginx:latest...
Error: error creating build container: choosing an image from manifest list docker://nginx:latest: no image found in manifest list for architecture riscv64, variant "", OS linux
+ CHECK_RESULT 125
+ actual_result=125
+ expect_result=0
+ mode=0
+ error_log=
+ exit_mode=0
+ '[' -z 125 ']'
+ '[' 0 -eq 0 ']'
+ test 125x '!=' 0x
+ test -n ''
+ (( exec_result++ ))
+ LOG_ERROR 'oe_test_podman_26.sh line 56'
+ message='oe_test_podman_26.sh line 56'
+ python3 /root/mugen/libs/locallibs/mugen_log.py --level error --message 'oe_test_podman_26.sh line 56'
Tue Nov 21 07:36:02 2023 - ERROR - oe_test_podman_26.sh line 56
+ '[' 0 -eq 1 ']'
+ return 0
+ podman build --no-cache -t imageert .
STEP 1/2: FROM nginx
Resolving "nginx" using unqualified-search registries (/etc/containers/registries.conf)
Trying to pull docker.io/library/nginx:latest...
Error: error creating build container: choosing an image from manifest list docker://nginx:latest: no image found in manifest list for architecture riscv64, variant "", OS linux
+ CHECK_RESULT 125
+ actual_result=125
+ expect_result=0
+ mode=0
+ error_log=
+ exit_mode=0
+ '[' -z 125 ']'
+ '[' 0 -eq 0 ']'
+ test 125x '!=' 0x
+ test -n ''
+ (( exec_result++ ))
+ LOG_ERROR 'oe_test_podman_26.sh line 58'
+ message='oe_test_podman_26.sh line 58'
+ python3 /root/mugen/libs/locallibs/mugen_log.py --level error --message 'oe_test_podman_26.sh line 58'
Tue Nov 21 07:36:05 2023 - ERROR - oe_test_podman_26.sh line 58
+ '[' 0 -eq 1 ']'
+ return 0
+ podman rmi -force --all
Error: unknown shorthand flag: 'o' in -orce
+ CHECK_RESULT 125
+ actual_result=125
+ expect_result=0
+ mode=0
+ error_log=
+ exit_mode=0
+ '[' -z 125 ']'
+ '[' 0 -eq 0 ']'
+ test 125x '!=' 0x
+ test -n ''
+ (( exec_result++ ))
+ LOG_ERROR 'oe_test_podman_26.sh line 60'
+ message='oe_test_podman_26.sh line 60'
+ python3 /root/mugen/libs/locallibs/mugen_log.py --level error --message 'oe_test_podman_26.sh line 60'
Tue Nov 21 07:36:06 2023 - ERROR - oe_test_podman_26.sh line 60
+ '[' 0 -eq 1 ']'
+ return 0
+ LOG_INFO 'End executing testcase.'
+ message='End executing testcase.'
+ python3 /root/mugen/libs/locallibs/mugen_log.py --level info --message 'End executing testcase.'
Tue Nov 21 07:36:07 2023 - INFO  - End executing testcase.
+ CASE_RESULT 0
+ case_re=0
+ test -z 6
+ test 6 -gt 0
+ LOG_ERROR 'failed to execute the case.'
+ message='failed to execute the case.'
+ python3 /root/mugen/libs/locallibs/mugen_log.py --level error --message 'failed to execute the case.'
Tue Nov 21 07:36:07 2023 - ERROR - failed to execute the case.
+ exit 6
+ post_test
+ LOG_INFO 'start environment cleanup.'
+ message='start environment cleanup.'
+ python3 /root/mugen/libs/locallibs/mugen_log.py --level info --message 'start environment cleanup.'
Tue Nov 21 07:36:07 2023 - INFO  - start environment cleanup.
+ rm -rf Dockerfile Dockerfile.example Dockerfile.in Dockerfile.simple Containerfile.notsosimple common3.4.4.2_podman.sh common_podman.sh test.log
+ clear_env
+ podman stop postgres
Error: no container with name or ID "postgres" found: no such container
+ podman rm --all
+ podman rmi -f --all
+ DNF_REMOVE
+ node=1
+ pkg_list=
+ mode=0
+ [[ -z /tmp/tmpqcat1dv1 ]]
+ '[' 0 -ne 0 ']'
+ '[' 1 == 0 ']'
+ python3 /root/mugen/libs/locallibs/rpm_manage.py remove --node 1 --pkgs '' --tempfile /tmp/tmpqcat1dv1
+ '[' 0 -ne 0 ']'
+ LOG_INFO 'Finish environment cleanup.'
+ message='Finish environment cleanup.'
+ python3 /root/mugen/libs/locallibs/mugen_log.py --level info --message 'Finish environment cleanup.'
Tue Nov 21 07:37:12 2023 - INFO  - Finish environment cleanup.
