In file included from /tmp/autopkgtest.pPibW7/autopkgtest_tmp/jsontest.cpp:7:
/tmp/autopkgtest.pPibW7/autopkgtest_tmp/jsontest.h:9:10: fatal error: json/config.h: No such file or directory
    9 | #include <json/config.h>
      |          ^~~~~~~~~~~~~~~
In file included from /tmp/autopkgtest.pPibW7/autopkgtest_tmp/main.cpp:6:
/tmp/autopkgtest.pPibW7/autopkgtest_tmp/jsontest.h:9:10: fatal error: json/config.h: No such file or directory
    9 | #include <json/config.h>
      |          ^~~~~~~~~~~~~~~
compilation terminated.
compilation terminated.
make[2]: *** [CMakeFiles/jsoncpp_test.dir/build.make:76: CMakeFiles/jsoncpp_test.dir/jsontest.cpp.o] Error 1
make[2]: *** Waiting for unfinished jobs....
make[2]: *** [CMakeFiles/jsoncpp_test.dir/build.make:63: CMakeFiles/jsoncpp_test.dir/main.cpp.o] Error 1
make[1]: *** [CMakeFiles/Makefile2:76: CMakeFiles/jsoncpp_test.dir/all] Error 2
make: *** [Makefile:84: all] Error 2
