+ source /root/mugen/libs/locallibs/common_lib.sh
++ python3 --version
++ '[' 0 -eq 0 ']'
++ source /root/mugen/libs/locallibs/common_lib_python.sh
+ main
++ type -t post_test
+ '[' -n function ']'
+ trap post_test EXIT INT HUP TERM
+ rpm -qa
+ grep expect
++ type -t config_params
+ '[' -n '' ']'
++ type -t pre_test
+ '[' -n function ']'
+ pre_test
+ LOG_INFO 'Start to prepare the test environment.'
+ message='Start to prepare the test environment.'
+ python3 /root/mugen/libs/locallibs/mugen_log.py --level info --message 'Start to prepare the test environment.'
Wed Nov 22 05:57:13 2023 - INFO  - Start to prepare the test environment.
+ DNF_INSTALL 'hyperscan hyperscan-devel libstdc++*'
+ pkgs='hyperscan hyperscan-devel libstdc++*'
+ node=1
+ '[' -z '' ']'
+ tmpfile=
++ python3 /root/mugen/libs/locallibs/rpm_manage.py install --pkgs 'hyperscan hyperscan-devel libstdc++*' --node 1 --tempfile ''
+ tmpfile2='Last metadata expiration check: 1 day, 4:08:22 ago on Tue 21 Nov 2023 01:49:15 AM CST.
No match for argument: hyperscan
No match for argument: hyperscan-devel
Package libstdc++-10.3.1-25.oe2303.riscv64 is already installed.
Package libstdc++-devel-10.3.1-25.oe2303.riscv64 is already installed.
Error: Unable to find a match: hyperscan hyperscan-devel'
+ '[' -z '' ']'
+ tmpfile='Last metadata expiration check: 1 day, 4:08:22 ago on Tue 21 Nov 2023 01:49:15 AM CST.
No match for argument: hyperscan
No match for argument: hyperscan-devel
Package libstdc++-10.3.1-25.oe2303.riscv64 is already installed.
Package libstdc++-devel-10.3.1-25.oe2303.riscv64 is already installed.
Error: Unable to find a match: hyperscan hyperscan-devel'
+ cp -r /usr/include /usr/include_bak
+ LOG_INFO 'End to prepare the test environment.'
+ message='End to prepare the test environment.'
+ python3 /root/mugen/libs/locallibs/mugen_log.py --level info --message 'End to prepare the test environment.'
Wed Nov 22 05:57:40 2023 - INFO  - End to prepare the test environment.
++ type -t run_test
+ '[' -n function ']'
+ run_test
+ LOG_INFO 'Start testing...'
+ message='Start testing...'
+ python3 /root/mugen/libs/locallibs/mugen_log.py --level info --message 'Start testing...'
Wed Nov 22 05:57:40 2023 - INFO  - Start testing...
+ cp '/usr/include/hs/*' /usr/include
cp: cannot stat '/usr/include/hs/*': No such file or directory
+ cd /usr/share/doc/hyperscan/examples
oe_test_hyperscan_simplegrep.sh: line 32: cd: /usr/share/doc/hyperscan/examples: No such file or directory
+ gcc -o simplegrep simplegrep.c -lhs -lstdc++ -lm
gcc: error: simplegrep.c: No such file or directory
+ test -e simplegrep
+ CHECK_RESULT 1 0 0 'Compilation failure'
+ actual_result=1
+ expect_result=0
+ mode=0
+ error_log='Compilation failure'
+ exit_mode=0
+ '[' -z 1 ']'
+ '[' 0 -eq 0 ']'
+ test 1x '!=' 0x
+ test -n 'Compilation failure'
+ LOG_ERROR 'Compilation failure'
+ message='Compilation failure'
+ python3 /root/mugen/libs/locallibs/mugen_log.py --level error --message 'Compilation failure'
Wed Nov 22 05:57:41 2023 - ERROR - Compilation failure
+ (( exec_result++ ))
+ LOG_ERROR 'oe_test_hyperscan_simplegrep.sh line 35'
+ message='oe_test_hyperscan_simplegrep.sh line 35'
+ python3 /root/mugen/libs/locallibs/mugen_log.py --level error --message 'oe_test_hyperscan_simplegrep.sh line 35'
Wed Nov 22 05:57:41 2023 - ERROR - oe_test_hyperscan_simplegrep.sh line 35
+ '[' 0 -eq 1 ']'
+ return 0
+ ./simplegrep '[f|F]ile' pcapscan.cc
oe_test_hyperscan_simplegrep.sh: line 36: ./simplegrep: No such file or directory
+ wc -l
+ grep 46
+ CHECK_RESULT 1 0 0 'Query failure'
+ actual_result=1
+ expect_result=0
+ mode=0
+ error_log='Query failure'
+ exit_mode=0
+ '[' -z 1 ']'
+ '[' 0 -eq 0 ']'
+ test 1x '!=' 0x
+ test -n 'Query failure'
+ LOG_ERROR 'Query failure'
+ message='Query failure'
+ python3 /root/mugen/libs/locallibs/mugen_log.py --level error --message 'Query failure'
Wed Nov 22 05:57:42 2023 - ERROR - Query failure
+ (( exec_result++ ))
+ LOG_ERROR 'oe_test_hyperscan_simplegrep.sh line 37'
+ message='oe_test_hyperscan_simplegrep.sh line 37'
+ python3 /root/mugen/libs/locallibs/mugen_log.py --level error --message 'oe_test_hyperscan_simplegrep.sh line 37'
Wed Nov 22 05:57:42 2023 - ERROR - oe_test_hyperscan_simplegrep.sh line 37
+ '[' 0 -eq 1 ']'
+ return 0
+ grep '[f|F]ile' pcapscan.cc
+ wc -l
+ grep 33
grep: pcapscan.cc: No such file or directory
+ CHECK_RESULT 1 0 0 'Query failure2'
+ actual_result=1
+ expect_result=0
+ mode=0
+ error_log='Query failure2'
+ exit_mode=0
+ '[' -z 1 ']'
+ '[' 0 -eq 0 ']'
+ test 1x '!=' 0x
+ test -n 'Query failure2'
+ LOG_ERROR 'Query failure2'
+ message='Query failure2'
+ python3 /root/mugen/libs/locallibs/mugen_log.py --level error --message 'Query failure2'
Wed Nov 22 05:57:43 2023 - ERROR - Query failure2
+ (( exec_result++ ))
+ LOG_ERROR 'oe_test_hyperscan_simplegrep.sh line 39'
+ message='oe_test_hyperscan_simplegrep.sh line 39'
+ python3 /root/mugen/libs/locallibs/mugen_log.py --level error --message 'oe_test_hyperscan_simplegrep.sh line 39'
Wed Nov 22 05:57:43 2023 - ERROR - oe_test_hyperscan_simplegrep.sh line 39
+ '[' 0 -eq 1 ']'
+ return 0
+ LOG_INFO 'Finish test!'
+ message='Finish test!'
+ python3 /root/mugen/libs/locallibs/mugen_log.py --level info --message 'Finish test!'
Wed Nov 22 05:57:44 2023 - INFO  - Finish test!
+ CASE_RESULT 0
+ case_re=0
+ test -z 3
+ test 3 -gt 0
+ LOG_ERROR 'failed to execute the case.'
+ message='failed to execute the case.'
+ python3 /root/mugen/libs/locallibs/mugen_log.py --level error --message 'failed to execute the case.'
Wed Nov 22 05:57:44 2023 - ERROR - failed to execute the case.
+ exit 3
+ post_test
+ LOG_INFO 'Start to restore the test environment.'
+ message='Start to restore the test environment.'
+ python3 /root/mugen/libs/locallibs/mugen_log.py --level info --message 'Start to restore the test environment.'
Wed Nov 22 05:57:45 2023 - INFO  - Start to restore the test environment.
+ DNF_REMOVE
+ node=1
+ pkg_list=
+ mode=0
+ [[ -z Last metadata expiration check: 1 day, 4:08:22 ago on Tue 21 Nov 2023 01:49:15 AM CST.
No match for argument: hyperscan
No match for argument: hyperscan-devel
Package libstdc++-10.3.1-25.oe2303.riscv64 is already installed.
Package libstdc++-devel-10.3.1-25.oe2303.riscv64 is already installed.
Error: Unable to find a match: hyperscan hyperscan-devel ]]
+ '[' 0 -ne 0 ']'
+ '[' 1 == 0 ']'
+ python3 /root/mugen/libs/locallibs/rpm_manage.py remove --node 1 --pkgs '' --tempfile 'Last metadata expiration check: 1 day, 4:08:22 ago on Tue 21 Nov 2023 01:49:15 AM CST.
No match for argument: hyperscan
No match for argument: hyperscan-devel
Package libstdc++-10.3.1-25.oe2303.riscv64 is already installed.
Package libstdc++-devel-10.3.1-25.oe2303.riscv64 is already installed.
Error: Unable to find a match: hyperscan hyperscan-devel'
Traceback (most recent call last):
  File "/root/mugen/libs/locallibs/rpm_manage.py", line 192, in <module>
    exitcode = rpm_remove(args.node, args.pkgs, args.tempfile)
  File "/root/mugen/libs/locallibs/rpm_manage.py", line 163, in rpm_remove
    with open(tmpfile, "r") as f:
OSError: [Errno 36] File name too long: 'Last metadata expiration check: 1 day, 4:08:22 ago on Tue 21 Nov 2023 01:49:15 AM CST.\nNo match for argument: hyperscan\nNo match for argument: hyperscan-devel\nPackage libstdc++-10.3.1-25.oe2303.riscv64 is already installed.\nPackage libstdc++-devel-10.3.1-25.oe2303.riscv64 is already installed.\nError: Unable to find a match: hyperscan hyperscan-devel'
+ '[' 0 -ne 0 ']'
+ mv -f /usr/include_bak /usr/include
+ LOG_INFO 'End to restore the test environment.'
+ message='End to restore the test environment.'
+ python3 /root/mugen/libs/locallibs/mugen_log.py --level info --message 'End to restore the test environment.'
Wed Nov 22 05:57:47 2023 - INFO  - End to restore the test environment.
