using /home/minami/vscode/github/riscv-cof/test/riscof_work/rv64i_m/I/src/addi-01.S/ref/Reference-sail_c_simulator.signature for test-signature output.
tohost located at 0x80005000
Running file ref.elf.
ELF Entry @ 0x80000000
begin_signature: 0x80007110
end_signature: 0x80008480
CSR mstatus <- 0x0000000A00000000 (input: 0x0000000000000000)
mem[X,0x0000000000001000] -> 0x0297
mem[X,0x0000000000001002] -> 0x0000
[0] [M]: 0x0000000000001000 (0x00000297) auipc t0, 0
x5 <- 0x0000000000001000
mem[X,0x0000000000001004] -> 0x8593
mem[X,0x0000000000001006] -> 0x0202
[1] [M]: 0x0000000000001004 (0x02028593) addi a1, t0, 32
x11 <- 0x0000000000001020
mem[X,0x0000000000001008] -> 0x2573
mem[X,0x000000000000100A] -> 0xF140
[2] [M]: 0x0000000000001008 (0xF1402573) csrrs a0, mhartid, zero
CSR mhartid -> 0x0000000000000000
x10 <- 0x0000000000000000
mem[X,0x000000000000100C] -> 0xB283
mem[X,0x000000000000100E] -> 0x0182
[3] [M]: 0x000000000000100C (0x0182B283) ld t0, 24(t0)
mem[R,0x0000000000001018] -> 0x0000000080000000
x5 <- 0x0000000080000000
mem[X,0x0000000000001010] -> 0x8067
mem[X,0x0000000000001012] -> 0x0002
[4] [M]: 0x0000000000001010 (0x00028067) jalr zero, t0, 0
mem[X,0x0000000080000000] -> 0xC0B7
mem[X,0x0000000080000002] -> 0xFEED
[5] [M]: 0x0000000080000000 (0xFEEDC0B7) lui ra, 1044188
x1 <- 0xFFFFFFFFFEEDC000
mem[X,0x0000000080000004] -> 0x8093
mem[X,0x0000000080000006] -> 0xEAD0
[6] [M]: 0x0000000080000004 (0xEAD08093) addi ra, ra, 3757
x1 <- 0xFFFFFFFFFEEDBEAD
mem[X,0x0000000080000008] -> 0x9093
mem[X,0x000000008000000A] -> 0x00B0
[7] [M]: 0x0000000080000008 (0x00B09093) slli ra, ra, 11
x1 <- 0xFFFFFFF76DF56800
mem[X,0x000000008000000C] -> 0x8093
mem[X,0x000000008000000E] -> 0x7F70
[8] [M]: 0x000000008000000C (0x7F708093) addi ra, ra, 2039
x1 <- 0xFFFFFFF76DF56FF7
mem[X,0x0000000080000010] -> 0x9093
mem[X,0x0000000080000012] -> 0x00B0
[9] [M]: 0x0000000080000010 (0x00B09093) slli ra, ra, 11
x1 <- 0xFFFFBB6FAB7FB800
mem[X,0x0000000080000014] -> 0x8093
mem[X,0x0000000080000016] -> 0x36F0
[10] [M]: 0x0000000080000014 (0x36F08093) addi ra, ra, 879
x1 <- 0xFFFFBB6FAB7FBB6F
mem[X,0x0000000080000018] -> 0x9093
mem[X,0x000000008000001A] -> 0x00A0
[11] [M]: 0x0000000080000018 (0x00A09093) slli ra, ra, 10
x1 <- 0xFEEDBEADFEEDBC00
mem[X,0x000000008000001C] -> 0x8093
mem[X,0x000000008000001E] -> 0x2AD0
[12] [M]: 0x000000008000001C (0x2AD08093) addi ra, ra, 685
x1 <- 0xFEEDBEADFEEDBEAD
mem[X,0x0000000080000020] -> 0xE137
mem[X,0x0000000080000022] -> 0xFF76
[13] [M]: 0x0000000080000020 (0xFF76E137) lui sp, 1046382
x2 <- 0xFFFFFFFFFF76E000
mem[X,0x0000000080000024] -> 0x0113
mem[X,0x0000000080000026] -> 0xF561
[14] [M]: 0x0000000080000024 (0xF5610113) addi sp, sp, 3926
x2 <- 0xFFFFFFFFFF76DF56
mem[X,0x0000000080000028] -> 0x1113
mem[X,0x000000008000002A] -> 0x00B1
[15] [M]: 0x0000000080000028 (0x00B11113) slli sp, sp, 11
x2 <- 0xFFFFFFFBB6FAB000
mem[X,0x000000008000002C] -> 0x0113
mem[X,0x000000008000002E] -> 0x7FB1
[16] [M]: 0x000000008000002C (0x7FB10113) addi sp, sp, 2043
x2 <- 0xFFFFFFFBB6FAB7FB
mem[X,0x0000000080000030] -> 0x1113
mem[X,0x0000000080000032] -> 0x00B1
[17] [M]: 0x0000000080000030 (0x00B11113) slli sp, sp, 11
x2 <- 0xFFFFDDB7D5BFD800
mem[X,0x0000000080000034] -> 0x0113
mem[X,0x0000000080000036] -> 0x5B71
[18] [M]: 0x0000000080000034 (0x5B710113) addi sp, sp, 1463
x2 <- 0xFFFFDDB7D5BFDDB7
mem[X,0x0000000080000038] -> 0x1113
mem[X,0x000000008000003A] -> 0x00A1
[19] [M]: 0x0000000080000038 (0x00A11113) slli sp, sp, 10
x2 <- 0xFF76DF56FF76DC00
mem[X,0x000000008000003C] -> 0x0113
mem[X,0x000000008000003E] -> 0x3561
[20] [M]: 0x000000008000003C (0x35610113) addi sp, sp, 854
x2 <- 0xFF76DF56FF76DF56
mem[X,0x0000000080000040] -> 0x71B7
mem[X,0x0000000080000042] -> 0x7FBB
[21] [M]: 0x0000000080000040 (0x7FBB71B7) lui gp, 523191
x3 <- 0x000000007FBB7000
mem[X,0x0000000080000044] -> 0x8193
mem[X,0x0000000080000046] -> 0xFAB1
[22] [M]: 0x0000000080000044 (0xFAB18193) addi gp, gp, 4011
x3 <- 0x000000007FBB6FAB
mem[X,0x0000000080000048] -> 0x9193
mem[X,0x000000008000004A] -> 0x00B1
[23] [M]: 0x0000000080000048 (0x00B19193) slli gp, gp, 11
x3 <- 0x000003FDDB7D5800
mem[X,0x000000008000004C] -> 0x8193
mem[X,0x000000008000004E] -> 0x3FD1
[24] [M]: 0x000000008000004C (0x3FD18193) addi gp, gp, 1021
x3 <- 0x000003FDDB7D5BFD
mem[X,0x0000000080000050] -> 0x9193
mem[X,0x0000000080000052] -> 0x00B1
[25] [M]: 0x0000000080000050 (0x00B19193) slli gp, gp, 11
x3 <- 0x001FEEDBEADFE800
mem[X,0x0000000080000054] -> 0x8193
mem[X,0x0000000080000056] -> 0x6DB1
[26] [M]: 0x0000000080000054 (0x6DB18193) addi gp, gp, 1755
x3 <- 0x001FEEDBEADFEEDB
mem[X,0x0000000080000058] -> 0x9193
mem[X,0x000000008000005A] -> 0x00A1
[27] [M]: 0x0000000080000058 (0x00A19193) slli gp, gp, 10
x3 <- 0x7FBB6FAB7FBB6C00
mem[X,0x000000008000005C] -> 0x8193
mem[X,0x000000008000005E] -> 0x3AB1
[28] [M]: 0x000000008000005C (0x3AB18193) addi gp, gp, 939
x3 <- 0x7FBB6FAB7FBB6FAB
mem[X,0x0000000080000060] -> 0xB237
mem[X,0x0000000080000062] -> 0xBFDD
[29] [M]: 0x0000000080000060 (0xBFDDB237) lui tp, 785883
x4 <- 0xFFFFFFFFBFDDB000
mem[X,0x0000000080000064] -> 0x0213
mem[X,0x0000000080000066] -> 0x7D52
[30] [M]: 0x0000000080000064 (0x7D520213) addi tp, tp, 2005
x4 <- 0xFFFFFFFFBFDDB7D5
mem[X,0x0000000080000068] -> 0x1213
mem[X,0x000000008000006A] -> 0x00B2
[31] [M]: 0x0000000080000068 (0x00B21213) slli tp, tp, 11
x4 <- 0xFFFFFDFEEDBEA800
mem[X,0x000000008000006C] -> 0x0213
mem[X,0x000000008000006E] -> 0x5FE2
[32] [M]: 0x000000008000006C (0x5FE20213) addi tp, tp, 1534
x4 <- 0xFFFFFDFEEDBEADFE
mem[X,0x0000000080000070] -> 0x1213
mem[X,0x0000000080000072] -> 0x00B2
[33] [M]: 0x0000000080000070 (0x00B21213) slli tp, tp, 11
x4 <- 0xFFEFF76DF56FF000
mem[X,0x0000000080000074] -> 0x0213
mem[X,0x0000000080000076] -> 0x76D2
[34] [M]: 0x0000000080000074 (0x76D20213) addi tp, tp, 1901
x4 <- 0xFFEFF76DF56FF76D
mem[X,0x0000000080000078] -> 0x1213
mem[X,0x000000008000007A] -> 0x00A2
[35] [M]: 0x0000000080000078 (0x00A21213) slli tp, tp, 10
x4 <- 0xBFDDB7D5BFDDB400
mem[X,0x000000008000007C] -> 0x0213
mem[X,0x000000008000007E] -> 0x3D52
[36] [M]: 0x000000008000007C (0x3D520213) addi tp, tp, 981
x4 <- 0xBFDDB7D5BFDDB7D5
mem[X,0x0000000080000080] -> 0xE2B7
mem[X,0x0000000080000082] -> 0xDFEE
[37] [M]: 0x0000000080000080 (0xDFEEE2B7) lui t0, 917230
x5 <- 0xFFFFFFFFDFEEE000
mem[X,0x0000000080000084] -> 0x8293
mem[X,0x0000000080000086] -> 0xBEA2
[38] [M]: 0x0000000080000084 (0xBEA28293) addi t0, t0, 3050
x5 <- 0xFFFFFFFFDFEEDBEA
mem[X,0x0000000080000088] -> 0x9293
mem[X,0x000000008000008A] -> 0x00B2
[39] [M]: 0x0000000080000088 (0x00B29293) slli t0, t0, 11
x5 <- 0xFFFFFEFF76DF5000
mem[X,0x000000008000008C] -> 0x8293
mem[X,0x000000008000008E] -> 0x6FF2
[40] [M]: 0x000000008000008C (0x6FF28293) addi t0, t0, 1791
x5 <- 0xFFFFFEFF76DF56FF
mem[X,0x0000000080000090] -> 0x9293
mem[X,0x0000000080000092] -> 0x00B2
[41] [M]: 0x0000000080000090 (0x00B29293) slli t0, t0, 11
x5 <- 0xFFF7FBB6FAB7F800
mem[X,0x0000000080000094] -> 0x8293
mem[X,0x0000000080000096] -> 0x3B62
[42] [M]: 0x0000000080000094 (0x3B628293) addi t0, t0, 950
x5 <- 0xFFF7FBB6FAB7FBB6
mem[X,0x0000000080000098] -> 0x9293
mem[X,0x000000008000009A] -> 0x00A2
[43] [M]: 0x0000000080000098 (0x00A29293) slli t0, t0, 10
x5 <- 0xDFEEDBEADFEED800
mem[X,0x000000008000009C] -> 0x8293
mem[X,0x000000008000009E] -> 0x3EA2
[44] [M]: 0x000000008000009C (0x3EA28293) addi t0, t0, 1002
x5 <- 0xDFEEDBEADFEEDBEA
mem[X,0x00000000800000A0] -> 0x7337
mem[X,0x00000000800000A2] -> 0x6FF7
[45] [M]: 0x00000000800000A0 (0x6FF77337) lui t1, 458615
x6 <- 0x000000006FF77000
mem[X,0x00000000800000A4] -> 0x0313
mem[X,0x00000000800000A6] -> 0xDF53
[46] [M]: 0x00000000800000A4 (0xDF530313) addi t1, t1, 3573
x6 <- 0x000000006FF76DF5
mem[X,0x00000000800000A8] -> 0x1313
mem[X,0x00000000800000AA] -> 0x00B3
[47] [M]: 0x00000000800000A8 (0x00B31313) slli t1, t1, 11
x6 <- 0x0000037FBB6FA800
mem[X,0x00000000800000AC] -> 0x0313
mem[X,0x00000000800000AE] -> 0x37F3
[48] [M]: 0x00000000800000AC (0x37F30313) addi t1, t1, 895
x6 <- 0x0000037FBB6FAB7F
mem[X,0x00000000800000B0] -> 0x1313
mem[X,0x00000000800000B2] -> 0x00B3
[49] [M]: 0x00000000800000B0 (0x00B31313) slli t1, t1, 11
x6 <- 0x001BFDDB7D5BF800
mem[X,0x00000000800000B4] -> 0x0313
mem[X,0x00000000800000B6] -> 0x5DB3
[50] [M]: 0x00000000800000B4 (0x5DB30313) addi t1, t1, 1499
x6 <- 0x001BFDDB7D5BFDDB
mem[X,0x00000000800000B8] -> 0x1313
mem[X,0x00000000800000BA] -> 0x00A3
[51] [M]: 0x00000000800000B8 (0x00A31313) slli t1, t1, 10
x6 <- 0x6FF76DF56FF76C00
mem[X,0x00000000800000BC] -> 0x0313
mem[X,0x00000000800000BE] -> 0x1F53
[52] [M]: 0x00000000800000BC (0x1F530313) addi t1, t1, 501
x6 <- 0x6FF76DF56FF76DF5
mem[X,0x00000000800000C0] -> 0xB3B7
mem[X,0x00000000800000C2] -> 0xB7FB
[53] [M]: 0x00000000800000C0 (0xB7FBB3B7) lui t2, 753595
x7 <- 0xFFFFFFFFB7FBB000
mem[X,0x00000000800000C4] -> 0x8393
mem[X,0x00000000800000C6] -> 0x6FA3
[54] [M]: 0x00000000800000C4 (0x6FA38393) addi t2, t2, 1786
x7 <- 0xFFFFFFFFB7FBB6FA
mem[X,0x00000000800000C8] -> 0x9393
mem[X,0x00000000800000CA] -> 0x00B3
[55] [M]: 0x00000000800000C8 (0x00B39393) slli t2, t2, 11
x7 <- 0xFFFFFDBFDDB7D000
mem[X,0x00000000800000CC] -> 0x8393
mem[X,0x00000000800000CE] -> 0x5BF3
[56] [M]: 0x00000000800000CC (0x5BF38393) addi t2, t2, 1471
x7 <- 0xFFFFFDBFDDB7D5BF
mem[X,0x00000000800000D0] -> 0x9393
mem[X,0x00000000800000D2] -> 0x00B3
[57] [M]: 0x00000000800000D0 (0x00B39393) slli t2, t2, 11
x7 <- 0xFFEDFEEDBEADF800
mem[X,0x00000000800000D4] -> 0x8393
mem[X,0x00000000800000D6] -> 0x6ED3
[58] [M]: 0x00000000800000D4 (0x6ED38393) addi t2, t2, 1773
x7 <- 0xFFEDFEEDBEADFEED
mem[X,0x00000000800000D8] -> 0x9393
mem[X,0x00000000800000DA] -> 0x00A3
[59] [M]: 0x00000000800000D8 (0x00A39393) slli t2, t2, 10
x7 <- 0xB7FBB6FAB7FBB400
mem[X,0x00000000800000DC] -> 0x8393
mem[X,0x00000000800000DE] -> 0x2FA3
[60] [M]: 0x00000000800000DC (0x2FA38393) addi t2, t2, 762
x7 <- 0xB7FBB6FAB7FBB6FA
mem[X,0x00000000800000E0] -> 0xE437
mem[X,0x00000000800000E2] -> 0x5BFD
[61] [M]: 0x00000000800000E0 (0x5BFDE437) lui fp, 376798
x8 <- 0x000000005BFDE000
mem[X,0x00000000800000E4] -> 0x0413
mem[X,0x00000000800000E6] -> 0xB7D4
[62] [M]: 0x00000000800000E4 (0xB7D40413) addi fp, fp, 2941
x8 <- 0x000000005BFDDB7D
mem[X,0x00000000800000E8] -> 0x1413
mem[X,0x00000000800000EA] -> 0x00B4
[63] [M]: 0x00000000800000E8 (0x00B41413) slli fp, fp, 11
x8 <- 0x000002DFEEDBE800
mem[X,0x00000000800000EC] -> 0x0413
mem[X,0x00000000800000EE] -> 0x2DF4
[64] [M]: 0x00000000800000EC (0x2DF40413) addi fp, fp, 735
x8 <- 0x000002DFEEDBEADF
mem[X,0x00000000800000F0] -> 0x1413
mem[X,0x00000000800000F2] -> 0x00B4
[65] [M]: 0x00000000800000F0 (0x00B41413) slli fp, fp, 11
x8 <- 0x0016FF76DF56F800
mem[X,0x00000000800000F4] -> 0x0413
mem[X,0x00000000800000F6] -> 0x7764
[66] [M]: 0x00000000800000F4 (0x77640413) addi fp, fp, 1910
x8 <- 0x0016FF76DF56FF76
mem[X,0x00000000800000F8] -> 0x1413
mem[X,0x00000000800000FA] -> 0x00A4
[67] [M]: 0x00000000800000F8 (0x00A41413) slli fp, fp, 10
x8 <- 0x5BFDDB7D5BFDD800
mem[X,0x00000000800000FC] -> 0x0413
mem[X,0x00000000800000FE] -> 0x37D4
[68] [M]: 0x00000000800000FC (0x37D40413) addi fp, fp, 893
x8 <- 0x5BFDDB7D5BFDDB7D
mem[X,0x0000000080000100] -> 0xF4B7
mem[X,0x0000000080000102] -> 0xADFE
[69] [M]: 0x0000000080000100 (0xADFEF4B7) lui s1, 712687
x9 <- 0xFFFFFFFFADFEF000
mem[X,0x0000000080000104] -> 0x8493
mem[X,0x0000000080000106] -> 0xDBE4
[70] [M]: 0x0000000080000104 (0xDBE48493) addi s1, s1, 3518
x9 <- 0xFFFFFFFFADFEEDBE
mem[X,0x0000000080000108] -> 0x9493
mem[X,0x000000008000010A] -> 0x00B4
[71] [M]: 0x0000000080000108 (0x00B49493) slli s1, s1, 11
x9 <- 0xFFFFFD6FF76DF000
mem[X,0x000000008000010C] -> 0x8493
mem[X,0x000000008000010E] -> 0x56F4
[72] [M]: 0x000000008000010C (0x56F48493) addi s1, s1, 1391
x9 <- 0xFFFFFD6FF76DF56F
mem[X,0x0000000080000110] -> 0x9493
mem[X,0x0000000080000112] -> 0x00B4
[73] [M]: 0x0000000080000110 (0x00B49493) slli s1, s1, 11
x9 <- 0xFFEB7FBB6FAB7800
mem[X,0x0000000080000114] -> 0x8493
mem[X,0x0000000080000116] -> 0x7BB4
[74] [M]: 0x0000000080000114 (0x7BB48493) addi s1, s1, 1979
x9 <- 0xFFEB7FBB6FAB7FBB
mem[X,0x0000000080000118] -> 0x9493
mem[X,0x000000008000011A] -> 0x00A4
[75] [M]: 0x0000000080000118 (0x00A49493) slli s1, s1, 10
x9 <- 0xADFEEDBEADFEEC00
mem[X,0x000000008000011C] -> 0x8493
mem[X,0x000000008000011E] -> 0x1BE4
[76] [M]: 0x000000008000011C (0x1BE48493) addi s1, s1, 446
x9 <- 0xADFEEDBEADFEEDBE
mem[X,0x0000000080000120] -> 0x7537
mem[X,0x0000000080000122] -> 0x56FF
[77] [M]: 0x0000000080000120 (0x56FF7537) lui a0, 356343
x10 <- 0x0000000056FF7000
mem[X,0x0000000080000124] -> 0x0513
mem[X,0x0000000080000126] -> 0x6DF5
[78] [M]: 0x0000000080000124 (0x6DF50513) addi a0, a0, 1759
x10 <- 0x0000000056FF76DF
mem[X,0x0000000080000128] -> 0x1513
mem[X,0x000000008000012A] -> 0x00B5
[79] [M]: 0x0000000080000128 (0x00B51513) slli a0, a0, 11
x10 <- 0x000002B7FBB6F800
mem[X,0x000000008000012C] -> 0x0513
mem[X,0x000000008000012E] -> 0x2B75
[80] [M]: 0x000000008000012C (0x2B750513) addi a0, a0, 695
x10 <- 0x000002B7FBB6FAB7
mem[X,0x0000000080000130] -> 0x1513
mem[X,0x0000000080000132] -> 0x00B5
[81] [M]: 0x0000000080000130 (0x00B51513) slli a0, a0, 11
x10 <- 0x0015BFDDB7D5B800
mem[X,0x0000000080000134] -> 0x0513
mem[X,0x0000000080000136] -> 0x7DD5
[82] [M]: 0x0000000080000134 (0x7DD50513) addi a0, a0, 2013
x10 <- 0x0015BFDDB7D5BFDD
mem[X,0x0000000080000138] -> 0x1513
mem[X,0x000000008000013A] -> 0x00A5
[83] [M]: 0x0000000080000138 (0x00A51513) slli a0, a0, 10
x10 <- 0x56FF76DF56FF7400
mem[X,0x000000008000013C] -> 0x0513
mem[X,0x000000008000013E] -> 0x2DF5
[84] [M]: 0x000000008000013C (0x2DF50513) addi a0, a0, 735
x10 <- 0x56FF76DF56FF76DF
mem[X,0x0000000080000140] -> 0xC5B7
mem[X,0x0000000080000142] -> 0xAB7F
[85] [M]: 0x0000000080000140 (0xAB7FC5B7) lui a1, 702460
x11 <- 0xFFFFFFFFAB7FC000
mem[X,0x0000000080000144] -> 0x8593
mem[X,0x0000000080000146] -> 0xB6F5
[86] [M]: 0x0000000080000144 (0xB6F58593) addi a1, a1, 2927
x11 <- 0xFFFFFFFFAB7FBB6F
mem[X,0x0000000080000148] -> 0x9593
mem[X,0x000000008000014A] -> 0x00B5
[87] [M]: 0x0000000080000148 (0x00B59593) slli a1, a1, 11
x11 <- 0xFFFFFD5BFDDB7800
mem[X,0x000000008000014C] -> 0x8593
mem[X,0x000000008000014E] -> 0x55B5
[88] [M]: 0x000000008000014C (0x55B58593) addi a1, a1, 1371
x11 <- 0xFFFFFD5BFDDB7D5B
mem[X,0x0000000080000150] -> 0x9593
mem[X,0x0000000080000152] -> 0x00B5
[89] [M]: 0x0000000080000150 (0x00B59593) slli a1, a1, 11
x11 <- 0xFFEADFEEDBEAD800
mem[X,0x0000000080000154] -> 0x8593
mem[X,0x0000000080000156] -> 0x7EE5
[90] [M]: 0x0000000080000154 (0x7EE58593) addi a1, a1, 2030
x11 <- 0xFFEADFEEDBEADFEE
mem[X,0x0000000080000158] -> 0x9593
mem[X,0x000000008000015A] -> 0x00A5
[91] [M]: 0x0000000080000158 (0x00A59593) slli a1, a1, 10
x11 <- 0xAB7FBB6FAB7FB800
mem[X,0x000000008000015C] -> 0x8593
mem[X,0x000000008000015E] -> 0x36F5
[92] [M]: 0x000000008000015C (0x36F58593) addi a1, a1, 879
x11 <- 0xAB7FBB6FAB7FBB6F
mem[X,0x0000000080000160] -> 0xE637
mem[X,0x0000000080000162] -> 0xD5BF
[93] [M]: 0x0000000080000160 (0xD5BFE637) lui a2, 875518
x12 <- 0xFFFFFFFFD5BFE000
mem[X,0x0000000080000164] -> 0x0613
mem[X,0x0000000080000166] -> 0xDB76
[94] [M]: 0x0000000080000164 (0xDB760613) addi a2, a2, 3511
x12 <- 0xFFFFFFFFD5BFDDB7
mem[X,0x0000000080000168] -> 0x1613
mem[X,0x000000008000016A] -> 0x00B6
[95] [M]: 0x0000000080000168 (0x00B61613) slli a2, a2, 11
x12 <- 0xFFFFFEADFEEDB800
mem[X,0x000000008000016C] -> 0x0613
mem[X,0x000000008000016E] -> 0x6AD6
[96] [M]: 0x000000008000016C (0x6AD60613) addi a2, a2, 1709
x12 <- 0xFFFFFEADFEEDBEAD
mem[X,0x0000000080000170] -> 0x1613
mem[X,0x0000000080000172] -> 0x00B6
[97] [M]: 0x0000000080000170 (0x00B61613) slli a2, a2, 11
x12 <- 0xFFF56FF76DF56800
mem[X,0x0000000080000174] -> 0x0613
mem[X,0x0000000080000176] -> 0x7F76
[98] [M]: 0x0000000080000174 (0x7F760613) addi a2, a2, 2039
x12 <- 0xFFF56FF76DF56FF7
mem[X,0x0000000080000178] -> 0x1613
mem[X,0x000000008000017A] -> 0x00A6
[99] [M]: 0x0000000080000178 (0x00A61613) slli a2, a2, 10
x12 <- 0xD5BFDDB7D5BFDC00
clint::tick mtime <- 0x0000000000000001
 clint timer pending at mtime 0x0000000000000001
htif::tick 0x0000000000000000
mem[X,0x000000008000017C] -> 0x0613
mem[X,0x000000008000017E] -> 0x1B76
[100] [M]: 0x000000008000017C (0x1B760613) addi a2, a2, 439
x12 <- 0xD5BFDDB7D5BFDDB7
mem[X,0x0000000080000180] -> 0xF6B7
mem[X,0x0000000080000182] -> 0xEADF
[101] [M]: 0x0000000080000180 (0xEADFF6B7) lui a3, 962047
x13 <- 0xFFFFFFFFEADFF000
mem[X,0x0000000080000184] -> 0x8693
mem[X,0x0000000080000186] -> 0xEDB6
[102] [M]: 0x0000000080000184 (0xEDB68693) addi a3, a3, 3803
x13 <- 0xFFFFFFFFEADFEEDB
mem[X,0x0000000080000188] -> 0x9693
mem[X,0x000000008000018A] -> 0x00B6
[103] [M]: 0x0000000080000188 (0x00B69693) slli a3, a3, 11
x13 <- 0xFFFFFF56FF76D800
mem[X,0x000000008000018C] -> 0x8693
mem[X,0x000000008000018E] -> 0x7566
[104] [M]: 0x000000008000018C (0x75668693) addi a3, a3, 1878
x13 <- 0xFFFFFF56FF76DF56
mem[X,0x0000000080000190] -> 0x9693
mem[X,0x0000000080000192] -> 0x00B6
[105] [M]: 0x0000000080000190 (0x00B69693) slli a3, a3, 11
x13 <- 0xFFFAB7FBB6FAB000
mem[X,0x0000000080000194] -> 0x8693
mem[X,0x0000000080000196] -> 0x7FB6
[106] [M]: 0x0000000080000194 (0x7FB68693) addi a3, a3, 2043
x13 <- 0xFFFAB7FBB6FAB7FB
mem[X,0x0000000080000198] -> 0x9693
mem[X,0x000000008000019A] -> 0x00A6
[107] [M]: 0x0000000080000198 (0x00A69693) slli a3, a3, 10
x13 <- 0xEADFEEDBEADFEC00
mem[X,0x000000008000019C] -> 0x8693
mem[X,0x000000008000019E] -> 0x2DB6
[108] [M]: 0x000000008000019C (0x2DB68693) addi a3, a3, 731
x13 <- 0xEADFEEDBEADFEEDB
mem[X,0x00000000800001A0] -> 0xF737
mem[X,0x00000000800001A2] -> 0xF56F
[109] [M]: 0x00000000800001A0 (0xF56FF737) lui a4, 1005311
x14 <- 0xFFFFFFFFF56FF000
mem[X,0x00000000800001A4] -> 0x0713
mem[X,0x00000000800001A6] -> 0x76D7
[110] [M]: 0x00000000800001A4 (0x76D70713) addi a4, a4, 1901
x14 <- 0xFFFFFFFFF56FF76D
mem[X,0x00000000800001A8] -> 0x1713
mem[X,0x00000000800001AA] -> 0x00B7
[111] [M]: 0x00000000800001A8 (0x00B71713) slli a4, a4, 11
x14 <- 0xFFFFFFAB7FBB6800
mem[X,0x00000000800001AC] -> 0x0713
mem[X,0x00000000800001AE] -> 0x7AB7
[112] [M]: 0x00000000800001AC (0x7AB70713) addi a4, a4, 1963
x14 <- 0xFFFFFFAB7FBB6FAB
mem[X,0x00000000800001B0] -> 0x1713
mem[X,0x00000000800001B2] -> 0x00B7
[113] [M]: 0x00000000800001B0 (0x00B71713) slli a4, a4, 11
x14 <- 0xFFFD5BFDDB7D5800
mem[X,0x00000000800001B4] -> 0x0713
mem[X,0x00000000800001B6] -> 0x3FD7
[114] [M]: 0x00000000800001B4 (0x3FD70713) addi a4, a4, 1021
x14 <- 0xFFFD5BFDDB7D5BFD
mem[X,0x00000000800001B8] -> 0x1713
mem[X,0x00000000800001BA] -> 0x00A7
[115] [M]: 0x00000000800001B8 (0x00A71713) slli a4, a4, 10
x14 <- 0xF56FF76DF56FF400
mem[X,0x00000000800001BC] -> 0x0713
mem[X,0x00000000800001BE] -> 0x36D7
[116] [M]: 0x00000000800001BC (0x36D70713) addi a4, a4, 877
x14 <- 0xF56FF76DF56FF76D
mem[X,0x00000000800001C0] -> 0x07B7
mem[X,0x00000000800001C2] -> 0xFAB8
[117] [M]: 0x00000000800001C0 (0xFAB807B7) lui a5, 1026944
x15 <- 0xFFFFFFFFFAB80000
mem[X,0x00000000800001C4] -> 0x8793
mem[X,0x00000000800001C6] -> 0xBB67
[118] [M]: 0x00000000800001C4 (0xBB678793) addi a5, a5, 2998
x15 <- 0xFFFFFFFFFAB7FBB6
mem[X,0x00000000800001C8] -> 0x9793
mem[X,0x00000000800001CA] -> 0x00B7
[119] [M]: 0x00000000800001C8 (0x00B79793) slli a5, a5, 11
x15 <- 0xFFFFFFD5BFDDB000
mem[X,0x00000000800001CC] -> 0x8793
mem[X,0x00000000800001CE] -> 0x7D57
[120] [M]: 0x00000000800001CC (0x7D578793) addi a5, a5, 2005
x15 <- 0xFFFFFFD5BFDDB7D5
mem[X,0x00000000800001D0] -> 0x9793
mem[X,0x00000000800001D2] -> 0x00B7
[121] [M]: 0x00000000800001D0 (0x00B79793) slli a5, a5, 11
x15 <- 0xFFFEADFEEDBEA800
mem[X,0x00000000800001D4] -> 0x8793
mem[X,0x00000000800001D6] -> 0x5FE7
[122] [M]: 0x00000000800001D4 (0x5FE78793) addi a5, a5, 1534
x15 <- 0xFFFEADFEEDBEADFE
mem[X,0x00000000800001D8] -> 0x9793
mem[X,0x00000000800001DA] -> 0x00A7
[123] [M]: 0x00000000800001D8 (0x00A79793) slli a5, a5, 10
x15 <- 0xFAB7FBB6FAB7F800
mem[X,0x00000000800001DC] -> 0x8793
mem[X,0x00000000800001DE] -> 0x3B67
[124] [M]: 0x00000000800001DC (0x3B678793) addi a5, a5, 950
x15 <- 0xFAB7FBB6FAB7FBB6
mem[X,0x00000000800001E0] -> 0x0837
mem[X,0x00000000800001E2] -> 0x7D5C
[125] [M]: 0x00000000800001E0 (0x7D5C0837) lui a6, 513472
x16 <- 0x000000007D5C0000
mem[X,0x00000000800001E4] -> 0x0813
mem[X,0x00000000800001E6] -> 0xDDB8
[126] [M]: 0x00000000800001E4 (0xDDB80813) addi a6, a6, 3547
x16 <- 0x000000007D5BFDDB
mem[X,0x00000000800001E8] -> 0x1813
mem[X,0x00000000800001EA] -> 0x00B8
[127] [M]: 0x00000000800001E8 (0x00B81813) slli a6, a6, 11
x16 <- 0x000003EADFEED800
mem[X,0x00000000800001EC] -> 0x0813
mem[X,0x00000000800001EE] -> 0x3EA8
[128] [M]: 0x00000000800001EC (0x3EA80813) addi a6, a6, 1002
x16 <- 0x000003EADFEEDBEA
mem[X,0x00000000800001F0] -> 0x1813
mem[X,0x00000000800001F2] -> 0x00B8
[129] [M]: 0x00000000800001F0 (0x00B81813) slli a6, a6, 11
x16 <- 0x001F56FF76DF5000
mem[X,0x00000000800001F4] -> 0x0813
mem[X,0x00000000800001F6] -> 0x6FF8
[130] [M]: 0x00000000800001F4 (0x6FF80813) addi a6, a6, 1791
x16 <- 0x001F56FF76DF56FF
mem[X,0x00000000800001F8] -> 0x1813
mem[X,0x00000000800001FA] -> 0x00A8
[131] [M]: 0x00000000800001F8 (0x00A81813) slli a6, a6, 10
x16 <- 0x7D5BFDDB7D5BFC00
mem[X,0x00000000800001FC] -> 0x0813
mem[X,0x00000000800001FE] -> 0x1DB8
[132] [M]: 0x00000000800001FC (0x1DB80813) addi a6, a6, 475
x16 <- 0x7D5BFDDB7D5BFDDB
mem[X,0x0000000080000200] -> 0x08B7
mem[X,0x0000000080000202] -> 0xBEAE
[133] [M]: 0x0000000080000200 (0xBEAE08B7) lui a7, 781024
x17 <- 0xFFFFFFFFBEAE0000
mem[X,0x0000000080000204] -> 0x8893
mem[X,0x0000000080000206] -> 0xEED8
[134] [M]: 0x0000000080000204 (0xEED88893) addi a7, a7, 3821
x17 <- 0xFFFFFFFFBEADFEED
mem[X,0x0000000080000208] -> 0x9893
mem[X,0x000000008000020A] -> 0x00B8
[135] [M]: 0x0000000080000208 (0x00B89893) slli a7, a7, 11
x17 <- 0xFFFFFDF56FF76800
mem[X,0x000000008000020C] -> 0x8893
mem[X,0x000000008000020E] -> 0x5F58
[136] [M]: 0x000000008000020C (0x5F588893) addi a7, a7, 1525
x17 <- 0xFFFFFDF56FF76DF5
mem[X,0x0000000080000210] -> 0x9893
mem[X,0x0000000080000212] -> 0x00B8
[137] [M]: 0x0000000080000210 (0x00B89893) slli a7, a7, 11
x17 <- 0xFFEFAB7FBB6FA800
mem[X,0x0000000080000214] -> 0x8893
mem[X,0x0000000080000216] -> 0x37F8
[138] [M]: 0x0000000080000214 (0x37F88893) addi a7, a7, 895
x17 <- 0xFFEFAB7FBB6FAB7F
mem[X,0x0000000080000218] -> 0x9893
mem[X,0x000000008000021A] -> 0x00A8
[139] [M]: 0x0000000080000218 (0x00A89893) slli a7, a7, 10
x17 <- 0xBEADFEEDBEADFC00
mem[X,0x000000008000021C] -> 0x8893
mem[X,0x000000008000021E] -> 0x2ED8
[140] [M]: 0x000000008000021C (0x2ED88893) addi a7, a7, 749
x17 <- 0xBEADFEEDBEADFEED
mem[X,0x0000000080000220] -> 0x0937
mem[X,0x0000000080000222] -> 0xDF57
[141] [M]: 0x0000000080000220 (0xDF570937) lui s2, 914800
x18 <- 0xFFFFFFFFDF570000
mem[X,0x0000000080000224] -> 0x0913
mem[X,0x0000000080000226] -> 0xF769
[142] [M]: 0x0000000080000224 (0xF7690913) addi s2, s2, 3958
x18 <- 0xFFFFFFFFDF56FF76
mem[X,0x0000000080000228] -> 0x1913
mem[X,0x000000008000022A] -> 0x00B9
[143] [M]: 0x0000000080000228 (0x00B91913) slli s2, s2, 11
x18 <- 0xFFFFFEFAB7FBB000
mem[X,0x000000008000022C] -> 0x0913
mem[X,0x000000008000022E] -> 0x6FA9
[144] [M]: 0x000000008000022C (0x6FA90913) addi s2, s2, 1786
x18 <- 0xFFFFFEFAB7FBB6FA
mem[X,0x0000000080000230] -> 0x1913
mem[X,0x0000000080000232] -> 0x00B9
[145] [M]: 0x0000000080000230 (0x00B91913) slli s2, s2, 11
x18 <- 0xFFF7D5BFDDB7D000
mem[X,0x0000000080000234] -> 0x0913
mem[X,0x0000000080000236] -> 0x5BF9
[146] [M]: 0x0000000080000234 (0x5BF90913) addi s2, s2, 1471
x18 <- 0xFFF7D5BFDDB7D5BF
mem[X,0x0000000080000238] -> 0x1913
mem[X,0x000000008000023A] -> 0x00A9
[147] [M]: 0x0000000080000238 (0x00A91913) slli s2, s2, 10
x18 <- 0xDF56FF76DF56FC00
mem[X,0x000000008000023C] -> 0x0913
mem[X,0x000000008000023E] -> 0x3769
[148] [M]: 0x000000008000023C (0x37690913) addi s2, s2, 886
x18 <- 0xDF56FF76DF56FF76
mem[X,0x0000000080000240] -> 0x89B7
mem[X,0x0000000080000242] -> 0x6FAB
[149] [M]: 0x0000000080000240 (0x6FAB89B7) lui s3, 457400
x19 <- 0x000000006FAB8000
mem[X,0x0000000080000244] -> 0x8993
mem[X,0x0000000080000246] -> 0xFBB9
[150] [M]: 0x0000000080000244 (0xFBB98993) addi s3, s3, 4027
x19 <- 0x000000006FAB7FBB
mem[X,0x0000000080000248] -> 0x9993
mem[X,0x000000008000024A] -> 0x00B9
[151] [M]: 0x0000000080000248 (0x00B99993) slli s3, s3, 11
x19 <- 0x0000037D5BFDD800
mem[X,0x000000008000024C] -> 0x8993
mem[X,0x000000008000024E] -> 0x37D9
[152] [M]: 0x000000008000024C (0x37D98993) addi s3, s3, 893
x19 <- 0x0000037D5BFDDB7D
mem[X,0x0000000080000250] -> 0x9993
mem[X,0x0000000080000252] -> 0x00B9
[153] [M]: 0x0000000080000250 (0x00B99993) slli s3, s3, 11
x19 <- 0x001BEADFEEDBE800
mem[X,0x0000000080000254] -> 0x8993
mem[X,0x0000000080000256] -> 0x2DF9
[154] [M]: 0x0000000080000254 (0x2DF98993) addi s3, s3, 735
x19 <- 0x001BEADFEEDBEADF
mem[X,0x0000000080000258] -> 0x9993
mem[X,0x000000008000025A] -> 0x00A9
[155] [M]: 0x0000000080000258 (0x00A99993) slli s3, s3, 10
x19 <- 0x6FAB7FBB6FAB7C00
mem[X,0x000000008000025C] -> 0x8993
mem[X,0x000000008000025E] -> 0x3BB9
[156] [M]: 0x000000008000025C (0x3BB98993) addi s3, s3, 955
x19 <- 0x6FAB7FBB6FAB7FBB
mem[X,0x0000000080000260] -> 0xCA37
mem[X,0x0000000080000262] -> 0xB7D5
[157] [M]: 0x0000000080000260 (0xB7D5CA37) lui s4, 752988
x20 <- 0xFFFFFFFFB7D5C000
mem[X,0x0000000080000264] -> 0x0A13
mem[X,0x0000000080000266] -> 0xFDDA
[158] [M]: 0x0000000080000264 (0xFDDA0A13) addi s4, s4, 4061
x20 <- 0xFFFFFFFFB7D5BFDD
mem[X,0x0000000080000268] -> 0x1A13
mem[X,0x000000008000026A] -> 0x00BA
[159] [M]: 0x0000000080000268 (0x00BA1A13) slli s4, s4, 11
x20 <- 0xFFFFFDBEADFEE800
mem[X,0x000000008000026C] -> 0x0A13
mem[X,0x000000008000026E] -> 0x5BEA
[160] [M]: 0x000000008000026C (0x5BEA0A13) addi s4, s4, 1470
x20 <- 0xFFFFFDBEADFEEDBE
mem[X,0x0000000080000270] -> 0x1A13
mem[X,0x0000000080000272] -> 0x00BA
[161] [M]: 0x0000000080000270 (0x00BA1A13) slli s4, s4, 11
x20 <- 0xFFEDF56FF76DF000
mem[X,0x0000000080000274] -> 0x0A13
mem[X,0x0000000080000276] -> 0x56FA
[162] [M]: 0x0000000080000274 (0x56FA0A13) addi s4, s4, 1391
x20 <- 0xFFEDF56FF76DF56F
mem[X,0x0000000080000278] -> 0x1A13
mem[X,0x000000008000027A] -> 0x00AA
[163] [M]: 0x0000000080000278 (0x00AA1A13) slli s4, s4, 10
x20 <- 0xB7D5BFDDB7D5BC00
mem[X,0x000000008000027C] -> 0x0A13
mem[X,0x000000008000027E] -> 0x3DDA
[164] [M]: 0x000000008000027C (0x3DDA0A13) addi s4, s4, 989
x20 <- 0xB7D5BFDDB7D5BFDD
mem[X,0x0000000080000280] -> 0xEAB7
mem[X,0x0000000080000282] -> 0xDBEA
[165] [M]: 0x0000000080000280 (0xDBEAEAB7) lui s5, 900782
x21 <- 0xFFFFFFFFDBEAE000
mem[X,0x0000000080000284] -> 0x8A93
mem[X,0x0000000080000286] -> 0xFEEA
[166] [M]: 0x0000000080000284 (0xFEEA8A93) addi s5, s5, 4078
x21 <- 0xFFFFFFFFDBEADFEE
mem[X,0x0000000080000288] -> 0x9A93
mem[X,0x000000008000028A] -> 0x00BA
[167] [M]: 0x0000000080000288 (0x00BA9A93) slli s5, s5, 11
x21 <- 0xFFFFFEDF56FF7000
mem[X,0x000000008000028C] -> 0x8A93
mem[X,0x000000008000028E] -> 0x6DFA
[168] [M]: 0x000000008000028C (0x6DFA8A93) addi s5, s5, 1759
x21 <- 0xFFFFFEDF56FF76DF
mem[X,0x0000000080000290] -> 0x9A93
mem[X,0x0000000080000292] -> 0x00BA
[169] [M]: 0x0000000080000290 (0x00BA9A93) slli s5, s5, 11
x21 <- 0xFFF6FAB7FBB6F800
mem[X,0x0000000080000294] -> 0x8A93
mem[X,0x0000000080000296] -> 0x2B7A
[170] [M]: 0x0000000080000294 (0x2B7A8A93) addi s5, s5, 695
x21 <- 0xFFF6FAB7FBB6FAB7
mem[X,0x0000000080000298] -> 0x9A93
mem[X,0x000000008000029A] -> 0x00AA
[171] [M]: 0x0000000080000298 (0x00AA9A93) slli s5, s5, 10
x21 <- 0xDBEADFEEDBEADC00
mem[X,0x000000008000029C] -> 0x8A93
mem[X,0x000000008000029E] -> 0x3EEA
[172] [M]: 0x000000008000029C (0x3EEA8A93) addi s5, s5, 1006
x21 <- 0xDBEADFEEDBEADFEE
mem[X,0x00000000800002A0] -> 0x7B37
mem[X,0x00000000800002A2] -> 0x6DF5
[173] [M]: 0x00000000800002A0 (0x6DF57B37) lui s6, 450391
x22 <- 0x000000006DF57000
mem[X,0x00000000800002A4] -> 0x0B13
mem[X,0x00000000800002A6] -> 0xFF7B
[174] [M]: 0x00000000800002A4 (0xFF7B0B13) addi s6, s6, 4087
x22 <- 0x000000006DF56FF7
mem[X,0x00000000800002A8] -> 0x1B13
mem[X,0x00000000800002AA] -> 0x00BB
[175] [M]: 0x00000000800002A8 (0x00BB1B13) slli s6, s6, 11
x22 <- 0x0000036FAB7FB800
mem[X,0x00000000800002AC] -> 0x0B13
mem[X,0x00000000800002AE] -> 0x36FB
[176] [M]: 0x00000000800002AC (0x36FB0B13) addi s6, s6, 879
x22 <- 0x0000036FAB7FBB6F
mem[X,0x00000000800002B0] -> 0x1B13
mem[X,0x00000000800002B2] -> 0x00BB
[177] [M]: 0x00000000800002B0 (0x00BB1B13) slli s6, s6, 11
x22 <- 0x001B7D5BFDDB7800
mem[X,0x00000000800002B4] -> 0x0B13
mem[X,0x00000000800002B6] -> 0x55BB
[178] [M]: 0x00000000800002B4 (0x55BB0B13) addi s6, s6, 1371
x22 <- 0x001B7D5BFDDB7D5B
mem[X,0x00000000800002B8] -> 0x1B13
mem[X,0x00000000800002BA] -> 0x00AB
[179] [M]: 0x00000000800002B8 (0x00AB1B13) slli s6, s6, 10
x22 <- 0x6DF56FF76DF56C00
mem[X,0x00000000800002BC] -> 0x0B13
mem[X,0x00000000800002BE] -> 0x3F7B
[180] [M]: 0x00000000800002BC (0x3F7B0B13) addi s6, s6, 1015
x22 <- 0x6DF56FF76DF56FF7
mem[X,0x00000000800002C0] -> 0xBBB7
mem[X,0x00000000800002C2] -> 0xB6FA
[181] [M]: 0x00000000800002C0 (0xB6FABBB7) lui s7, 749483
x23 <- 0xFFFFFFFFB6FAB000
mem[X,0x00000000800002C4] -> 0x8B93
mem[X,0x00000000800002C6] -> 0x7FBB
[182] [M]: 0x00000000800002C4 (0x7FBB8B93) addi s7, s7, 2043
x23 <- 0xFFFFFFFFB6FAB7FB
mem[X,0x00000000800002C8] -> 0x9B93
mem[X,0x00000000800002CA] -> 0x00BB
[183] [M]: 0x00000000800002C8 (0x00BB9B93) slli s7, s7, 11
x23 <- 0xFFFFFDB7D5BFD800
mem[X,0x00000000800002CC] -> 0x8B93
mem[X,0x00000000800002CE] -> 0x5B7B
[184] [M]: 0x00000000800002CC (0x5B7B8B93) addi s7, s7, 1463
x23 <- 0xFFFFFDB7D5BFDDB7
mem[X,0x00000000800002D0] -> 0x9B93
mem[X,0x00000000800002D2] -> 0x00BB
[185] [M]: 0x00000000800002D0 (0x00BB9B93) slli s7, s7, 11
x23 <- 0xFFEDBEADFEEDB800
mem[X,0x00000000800002D4] -> 0x8B93
mem[X,0x00000000800002D6] -> 0x6ADB
[186] [M]: 0x00000000800002D4 (0x6ADB8B93) addi s7, s7, 1709
x23 <- 0xFFEDBEADFEEDBEAD
mem[X,0x00000000800002D8] -> 0x9B93
mem[X,0x00000000800002DA] -> 0x00AB
[187] [M]: 0x00000000800002D8 (0x00AB9B93) slli s7, s7, 10
x23 <- 0xB6FAB7FBB6FAB400
mem[X,0x00000000800002DC] -> 0x8B93
mem[X,0x00000000800002DE] -> 0x3FBB
[188] [M]: 0x00000000800002DC (0x3FBB8B93) addi s7, s7, 1019
x23 <- 0xB6FAB7FBB6FAB7FB
mem[X,0x00000000800002E0] -> 0x6C37
mem[X,0x00000000800002E2] -> 0xDB7D
[189] [M]: 0x00000000800002E0 (0xDB7D6C37) lui s8, 899030
x24 <- 0xFFFFFFFFDB7D6000
mem[X,0x00000000800002E4] -> 0x0C13
mem[X,0x00000000800002E6] -> 0xBFDC
[190] [M]: 0x00000000800002E4 (0xBFDC0C13) addi s8, s8, 3069
x24 <- 0xFFFFFFFFDB7D5BFD
mem[X,0x00000000800002E8] -> 0x1C13
mem[X,0x00000000800002EA] -> 0x00BC
[191] [M]: 0x00000000800002E8 (0x00BC1C13) slli s8, s8, 11
x24 <- 0xFFFFFEDBEADFE800
mem[X,0x00000000800002EC] -> 0x0C13
mem[X,0x00000000800002EE] -> 0x6DBC
[192] [M]: 0x00000000800002EC (0x6DBC0C13) addi s8, s8, 1755
x24 <- 0xFFFFFEDBEADFEEDB
mem[X,0x00000000800002F0] -> 0x1C13
mem[X,0x00000000800002F2] -> 0x00BC
[193] [M]: 0x00000000800002F0 (0x00BC1C13) slli s8, s8, 11
x24 <- 0xFFF6DF56FF76D800
mem[X,0x00000000800002F4] -> 0x0C13
mem[X,0x00000000800002F6] -> 0x756C
[194] [M]: 0x00000000800002F4 (0x756C0C13) addi s8, s8, 1878
x24 <- 0xFFF6DF56FF76DF56
mem[X,0x00000000800002F8] -> 0x1C13
mem[X,0x00000000800002FA] -> 0x00AC
[195] [M]: 0x00000000800002F8 (0x00AC1C13) slli s8, s8, 10
x24 <- 0xDB7D5BFDDB7D5800
mem[X,0x00000000800002FC] -> 0x0C13
mem[X,0x00000000800002FE] -> 0x3FDC
[196] [M]: 0x00000000800002FC (0x3FDC0C13) addi s8, s8, 1021
x24 <- 0xDB7D5BFDDB7D5BFD
mem[X,0x0000000080000300] -> 0xBCB7
mem[X,0x0000000080000302] -> 0xEDBE
[197] [M]: 0x0000000080000300 (0xEDBEBCB7) lui s9, 973803
x25 <- 0xFFFFFFFFEDBEB000
mem[X,0x0000000080000304] -> 0x8C93
mem[X,0x0000000080000306] -> 0xDFEC
[198] [M]: 0x0000000080000304 (0xDFEC8C93) addi s9, s9, 3582
x25 <- 0xFFFFFFFFEDBEADFE
mem[X,0x0000000080000308] -> 0x9C93
mem[X,0x000000008000030A] -> 0x00BC
[199] [M]: 0x0000000080000308 (0x00BC9C93) slli s9, s9, 11
x25 <- 0xFFFFFF6DF56FF000
clint::tick mtime <- 0x0000000000000002
 clint timer pending at mtime 0x0000000000000002
htif::tick 0x0000000000000000
mem[X,0x000000008000030C] -> 0x8C93
mem[X,0x000000008000030E] -> 0x76DC
[200] [M]: 0x000000008000030C (0x76DC8C93) addi s9, s9, 1901
x25 <- 0xFFFFFF6DF56FF76D
mem[X,0x0000000080000310] -> 0x9C93
mem[X,0x0000000080000312] -> 0x00BC
[201] [M]: 0x0000000080000310 (0x00BC9C93) slli s9, s9, 11
x25 <- 0xFFFB6FAB7FBB6800
mem[X,0x0000000080000314] -> 0x8C93
mem[X,0x0000000080000316] -> 0x7ABC
[202] [M]: 0x0000000080000314 (0x7ABC8C93) addi s9, s9, 1963
x25 <- 0xFFFB6FAB7FBB6FAB
mem[X,0x0000000080000318] -> 0x9C93
mem[X,0x000000008000031A] -> 0x00AC
[203] [M]: 0x0000000080000318 (0x00AC9C93) slli s9, s9, 10
x25 <- 0xEDBEADFEEDBEAC00
mem[X,0x000000008000031C] -> 0x8C93
mem[X,0x000000008000031E] -> 0x1FEC
[204] [M]: 0x000000008000031C (0x1FEC8C93) addi s9, s9, 510
x25 <- 0xEDBEADFEEDBEADFE
mem[X,0x0000000080000320] -> 0x5D37
mem[X,0x0000000080000322] -> 0x76DF
[205] [M]: 0x0000000080000320 (0x76DF5D37) lui s10, 486901
x26 <- 0x0000000076DF5000
mem[X,0x0000000080000324] -> 0x0D13
mem[X,0x0000000080000326] -> 0x6FFD
[206] [M]: 0x0000000080000324 (0x6FFD0D13) addi s10, s10, 1791
x26 <- 0x0000000076DF56FF
mem[X,0x0000000080000328] -> 0x1D13
mem[X,0x000000008000032A] -> 0x00BD
[207] [M]: 0x0000000080000328 (0x00BD1D13) slli s10, s10, 11
x26 <- 0x000003B6FAB7F800
mem[X,0x000000008000032C] -> 0x0D13
mem[X,0x000000008000032E] -> 0x3B6D
[208] [M]: 0x000000008000032C (0x3B6D0D13) addi s10, s10, 950
x26 <- 0x000003B6FAB7FBB6
mem[X,0x0000000080000330] -> 0x1D13
mem[X,0x0000000080000332] -> 0x00BD
[209] [M]: 0x0000000080000330 (0x00BD1D13) slli s10, s10, 11
x26 <- 0x001DB7D5BFDDB000
mem[X,0x0000000080000334] -> 0x0D13
mem[X,0x0000000080000336] -> 0x7D5D
[210] [M]: 0x0000000080000334 (0x7D5D0D13) addi s10, s10, 2005
x26 <- 0x001DB7D5BFDDB7D5
mem[X,0x0000000080000338] -> 0x1D13
mem[X,0x000000008000033A] -> 0x00AD
[211] [M]: 0x0000000080000338 (0x00AD1D13) slli s10, s10, 10
x26 <- 0x76DF56FF76DF5400
mem[X,0x000000008000033C] -> 0x0D13
mem[X,0x000000008000033E] -> 0x2FFD
[212] [M]: 0x000000008000033C (0x2FFD0D13) addi s10, s10, 767
x26 <- 0x76DF56FF76DF56FF
mem[X,0x0000000080000340] -> 0xBDB7
mem[X,0x0000000080000342] -> 0xBB6F
[213] [M]: 0x0000000080000340 (0xBB6FBDB7) lui s11, 767739
x27 <- 0xFFFFFFFFBB6FB000
mem[X,0x0000000080000344] -> 0x8D93
mem[X,0x0000000080000346] -> 0xB7FD
[214] [M]: 0x0000000080000344 (0xB7FD8D93) addi s11, s11, 2943
x27 <- 0xFFFFFFFFBB6FAB7F
mem[X,0x0000000080000348] -> 0x9D93
mem[X,0x000000008000034A] -> 0x00BD
[215] [M]: 0x0000000080000348 (0x00BD9D93) slli s11, s11, 11
x27 <- 0xFFFFFDDB7D5BF800
mem[X,0x000000008000034C] -> 0x8D93
mem[X,0x000000008000034E] -> 0x5DBD
[216] [M]: 0x000000008000034C (0x5DBD8D93) addi s11, s11, 1499
x27 <- 0xFFFFFDDB7D5BFDDB
mem[X,0x0000000080000350] -> 0x9D93
mem[X,0x0000000080000352] -> 0x00BD
[217] [M]: 0x0000000080000350 (0x00BD9D93) slli s11, s11, 11
x27 <- 0xFFEEDBEADFEED800
mem[X,0x0000000080000354] -> 0x8D93
mem[X,0x0000000080000356] -> 0x3EAD
[218] [M]: 0x0000000080000354 (0x3EAD8D93) addi s11, s11, 1002
x27 <- 0xFFEEDBEADFEEDBEA
mem[X,0x0000000080000358] -> 0x9D93
mem[X,0x000000008000035A] -> 0x00AD
[219] [M]: 0x0000000080000358 (0x00AD9D93) slli s11, s11, 10
x27 <- 0xBB6FAB7FBB6FA800
mem[X,0x000000008000035C] -> 0x8D93
mem[X,0x000000008000035E] -> 0x37FD
[220] [M]: 0x000000008000035C (0x37FD8D93) addi s11, s11, 895
x27 <- 0xBB6FAB7FBB6FAB7F
mem[X,0x0000000080000360] -> 0xDE37
mem[X,0x0000000080000362] -> 0xDDB7
[221] [M]: 0x0000000080000360 (0xDDB7DE37) lui t3, 908157
x28 <- 0xFFFFFFFFDDB7D000
mem[X,0x0000000080000364] -> 0x0E13
mem[X,0x0000000080000366] -> 0x5BFE
[222] [M]: 0x0000000080000364 (0x5BFE0E13) addi t3, t3, 1471
x28 <- 0xFFFFFFFFDDB7D5BF
mem[X,0x0000000080000368] -> 0x1E13
mem[X,0x000000008000036A] -> 0x00BE
[223] [M]: 0x0000000080000368 (0x00BE1E13) slli t3, t3, 11
x28 <- 0xFFFFFEEDBEADF800
mem[X,0x000000008000036C] -> 0x0E13
mem[X,0x000000008000036E] -> 0x6EDE
[224] [M]: 0x000000008000036C (0x6EDE0E13) addi t3, t3, 1773
x28 <- 0xFFFFFEEDBEADFEED
mem[X,0x0000000080000370] -> 0x1E13
mem[X,0x0000000080000372] -> 0x00BE
[225] [M]: 0x0000000080000370 (0x00BE1E13) slli t3, t3, 11
x28 <- 0xFFF76DF56FF76800
mem[X,0x0000000080000374] -> 0x0E13
mem[X,0x0000000080000376] -> 0x5F5E
[226] [M]: 0x0000000080000374 (0x5F5E0E13) addi t3, t3, 1525
x28 <- 0xFFF76DF56FF76DF5
mem[X,0x0000000080000378] -> 0x1E13
mem[X,0x000000008000037A] -> 0x00AE
[227] [M]: 0x0000000080000378 (0x00AE1E13) slli t3, t3, 10
x28 <- 0xDDB7D5BFDDB7D400
mem[X,0x000000008000037C] -> 0x0E13
mem[X,0x000000008000037E] -> 0x1BFE
[228] [M]: 0x000000008000037C (0x1BFE0E13) addi t3, t3, 447
x28 <- 0xDDB7D5BFDDB7D5BF
mem[X,0x0000000080000380] -> 0xFEB7
mem[X,0x0000000080000382] -> 0xEEDB
[229] [M]: 0x0000000080000380 (0xEEDBFEB7) lui t4, 978367
x29 <- 0xFFFFFFFFEEDBF000
mem[X,0x0000000080000384] -> 0x8E93
mem[X,0x0000000080000386] -> 0xADFE
[230] [M]: 0x0000000080000384 (0xADFE8E93) addi t4, t4, 2783
x29 <- 0xFFFFFFFFEEDBEADF
mem[X,0x0000000080000388] -> 0x9E93
mem[X,0x000000008000038A] -> 0x00BE
[231] [M]: 0x0000000080000388 (0x00BE9E93) slli t4, t4, 11
x29 <- 0xFFFFFF76DF56F800
mem[X,0x000000008000038C] -> 0x8E93
mem[X,0x000000008000038E] -> 0x776E
[232] [M]: 0x000000008000038C (0x776E8E93) addi t4, t4, 1910
x29 <- 0xFFFFFF76DF56FF76
mem[X,0x0000000080000390] -> 0x9E93
mem[X,0x0000000080000392] -> 0x00BE
[233] [M]: 0x0000000080000390 (0x00BE9E93) slli t4, t4, 11
x29 <- 0xFFFBB6FAB7FBB000
mem[X,0x0000000080000394] -> 0x8E93
mem[X,0x0000000080000396] -> 0x6FAE
[234] [M]: 0x0000000080000394 (0x6FAE8E93) addi t4, t4, 1786
x29 <- 0xFFFBB6FAB7FBB6FA
mem[X,0x0000000080000398] -> 0x9E93
mem[X,0x000000008000039A] -> 0x00AE
[235] [M]: 0x0000000080000398 (0x00AE9E93) slli t4, t4, 10
x29 <- 0xEEDBEADFEEDBE800
mem[X,0x000000008000039C] -> 0x8E93
mem[X,0x000000008000039E] -> 0x2DFE
[236] [M]: 0x000000008000039C (0x2DFE8E93) addi t4, t4, 735
x29 <- 0xEEDBEADFEEDBEADF
mem[X,0x00000000800003A0] -> 0xFF37
mem[X,0x00000000800003A2] -> 0xF76D
[237] [M]: 0x00000000800003A0 (0xF76DFF37) lui t5, 1013471
x30 <- 0xFFFFFFFFF76DF000
mem[X,0x00000000800003A4] -> 0x0F13
mem[X,0x00000000800003A6] -> 0x56FF
[238] [M]: 0x00000000800003A4 (0x56FF0F13) addi t5, t5, 1391
x30 <- 0xFFFFFFFFF76DF56F
mem[X,0x00000000800003A8] -> 0x1F13
mem[X,0x00000000800003AA] -> 0x00BF
[239] [M]: 0x00000000800003A8 (0x00BF1F13) slli t5, t5, 11
x30 <- 0xFFFFFFBB6FAB7800
mem[X,0x00000000800003AC] -> 0x0F13
mem[X,0x00000000800003AE] -> 0x7BBF
[240] [M]: 0x00000000800003AC (0x7BBF0F13) addi t5, t5, 1979
x30 <- 0xFFFFFFBB6FAB7FBB
mem[X,0x00000000800003B0] -> 0x1F13
mem[X,0x00000000800003B2] -> 0x00BF
[241] [M]: 0x00000000800003B0 (0x00BF1F13) slli t5, t5, 11
x30 <- 0xFFFDDB7D5BFDD800
mem[X,0x00000000800003B4] -> 0x0F13
mem[X,0x00000000800003B6] -> 0x37DF
[242] [M]: 0x00000000800003B4 (0x37DF0F13) addi t5, t5, 893
x30 <- 0xFFFDDB7D5BFDDB7D
mem[X,0x00000000800003B8] -> 0x1F13
mem[X,0x00000000800003BA] -> 0x00AF
[243] [M]: 0x00000000800003B8 (0x00AF1F13) slli t5, t5, 10
x30 <- 0xF76DF56FF76DF400
mem[X,0x00000000800003BC] -> 0x0F13
mem[X,0x00000000800003BE] -> 0x16FF
[244] [M]: 0x00000000800003BC (0x16FF0F13) addi t5, t5, 367
x30 <- 0xF76DF56FF76DF56F
mem[X,0x00000000800003C0] -> 0x0FB7
mem[X,0x00000000800003C2] -> 0xFBB7
[245] [M]: 0x00000000800003C0 (0xFBB70FB7) lui t6, 1031024
x31 <- 0xFFFFFFFFFBB70000
mem[X,0x00000000800003C4] -> 0x8F93
mem[X,0x00000000800003C6] -> 0xAB7F
[246] [M]: 0x00000000800003C4 (0xAB7F8F93) addi t6, t6, 2743
x31 <- 0xFFFFFFFFFBB6FAB7
mem[X,0x00000000800003C8] -> 0x9F93
mem[X,0x00000000800003CA] -> 0x00BF
[247] [M]: 0x00000000800003C8 (0x00BF9F93) slli t6, t6, 11
x31 <- 0xFFFFFFDDB7D5B800
mem[X,0x00000000800003CC] -> 0x8F93
mem[X,0x00000000800003CE] -> 0x7DDF
[248] [M]: 0x00000000800003CC (0x7DDF8F93) addi t6, t6, 2013
x31 <- 0xFFFFFFDDB7D5BFDD
mem[X,0x00000000800003D0] -> 0x9F93
mem[X,0x00000000800003D2] -> 0x00BF
[249] [M]: 0x00000000800003D0 (0x00BF9F93) slli t6, t6, 11
x31 <- 0xFFFEEDBEADFEE800
mem[X,0x00000000800003D4] -> 0x8F93
mem[X,0x00000000800003D6] -> 0x5BEF
[250] [M]: 0x00000000800003D4 (0x5BEF8F93) addi t6, t6, 1470
x31 <- 0xFFFEEDBEADFEEDBE
mem[X,0x00000000800003D8] -> 0x9F93
mem[X,0x00000000800003DA] -> 0x00AF
[251] [M]: 0x00000000800003D8 (0x00AF9F93) slli t6, t6, 10
x31 <- 0xFBB6FAB7FBB6F800
mem[X,0x00000000800003DC] -> 0x8F93
mem[X,0x00000000800003DE] -> 0x2B7F
[252] [M]: 0x00000000800003DC (0x2B7F8F93) addi t6, t6, 695
x31 <- 0xFBB6FAB7FBB6FAB7
mem[X,0x00000000800003E0] -> 0x7817
mem[X,0x00000000800003E2] -> 0x0000
[253] [M]: 0x00000000800003E0 (0x00007817) auipc a6, 7
x16 <- 0x00000000800073E0
mem[X,0x00000000800003E4] -> 0x0813
mem[X,0x00000000800003E6] -> 0xD388
[254] [M]: 0x00000000800003E4 (0xD3880813) addi a6, a6, 3384
x16 <- 0x0000000080007118
mem[X,0x00000000800003E8] -> 0x0013
mem[X,0x00000000800003EA] -> 0x0000
[255] [M]: 0x00000000800003E8 (0x00000013) addi zero, zero, 0
mem[X,0x00000000800003EC] -> 0x0013
mem[X,0x00000000800003EE] -> 0x0000
[256] [M]: 0x00000000800003EC (0x00000013) addi zero, zero, 0
mem[X,0x00000000800003F0] -> 0x0013
mem[X,0x00000000800003F2] -> 0x0000
[257] [M]: 0x00000000800003F0 (0x00000013) addi zero, zero, 0
mem[X,0x00000000800003F4] -> 0x0013
mem[X,0x00000000800003F6] -> 0x0000
[258] [M]: 0x00000000800003F4 (0x00000013) addi zero, zero, 0
mem[X,0x00000000800003F8] -> 0x0013
mem[X,0x00000000800003FA] -> 0x0000
[259] [M]: 0x00000000800003F8 (0x00000013) addi zero, zero, 0
mem[X,0x00000000800003FC] -> 0x0013
mem[X,0x00000000800003FE] -> 0x0000
[260] [M]: 0x00000000800003FC (0x00000013) addi zero, zero, 0
mem[X,0x0000000080000400] -> 0x0993
mem[X,0x0000000080000402] -> 0x0010
[261] [M]: 0x0000000080000400 (0x00100993) addi s3, zero, 1
x19 <- 0x0000000000000001
mem[X,0x0000000080000404] -> 0x9993
mem[X,0x0000000080000406] -> 0x00C9
[262] [M]: 0x0000000080000404 (0x00C99993) slli s3, s3, 12
x19 <- 0x0000000000001000
mem[X,0x0000000080000408] -> 0xC993
mem[X,0x000000008000040A] -> 0xFFF9
[263] [M]: 0x0000000080000408 (0xFFF9C993) xori s3, s3, 4095
x19 <- 0xFFFFFFFFFFFFEFFF
mem[X,0x000000008000040C] -> 0x8993
mem[X,0x000000008000040E] -> 0x8009
[264] [M]: 0x000000008000040C (0x80098993) addi s3, s3, 2048
x19 <- 0xFFFFFFFFFFFFE7FF
mem[X,0x0000000080000410] -> 0x3023
mem[X,0x0000000080000412] -> 0x0138
[265] [M]: 0x0000000080000410 (0x01383023) sd s3, 0(a6)
mem[0x0000000080007118] <- 0xFFFFFFFFFFFFE7FF
mem[X,0x0000000080000414] -> 0x0093
mem[X,0x0000000080000416] -> 0x0010
[266] [M]: 0x0000000080000414 (0x00100093) addi ra, zero, 1
x1 <- 0x0000000000000001
mem[X,0x0000000080000418] -> 0x9093
mem[X,0x000000008000041A] -> 0x0100
[267] [M]: 0x0000000080000418 (0x01009093) slli ra, ra, 16
x1 <- 0x0000000000010000
mem[X,0x000000008000041C] -> 0xC093
mem[X,0x000000008000041E] -> 0xFFF0
[268] [M]: 0x000000008000041C (0xFFF0C093) xori ra, ra, 4095
x1 <- 0xFFFFFFFFFFFEFFFF
mem[X,0x0000000080000420] -> 0x8793
mem[X,0x0000000080000422] -> 0x0000
[269] [M]: 0x0000000080000420 (0x00008793) addi a5, ra, 0
x15 <- 0xFFFFFFFFFFFEFFFF
mem[X,0x0000000080000424] -> 0x3423
mem[X,0x0000000080000426] -> 0x00F8
[270] [M]: 0x0000000080000424 (0x00F83423) sd a5, 8(a6)
mem[0x0000000080007120] <- 0xFFFFFFFFFFFEFFFF
mem[X,0x0000000080000428] -> 0x0B13
mem[X,0x000000008000042A] -> 0x0010
[271] [M]: 0x0000000080000428 (0x00100B13) addi s6, zero, 1
x22 <- 0x0000000000000001
mem[X,0x000000008000042C] -> 0x1B13
mem[X,0x000000008000042E] -> 0x016B
[272] [M]: 0x000000008000042C (0x016B1B13) slli s6, s6, 22
x22 <- 0x0000000000400000
mem[X,0x0000000080000430] -> 0x0613
mem[X,0x0000000080000432] -> 0x7FFB
[273] [M]: 0x0000000080000430 (0x7FFB0613) addi a2, s6, 2047
x12 <- 0x00000000004007FF
mem[X,0x0000000080000434] -> 0x3823
mem[X,0x0000000080000436] -> 0x00C8
[274] [M]: 0x0000000080000434 (0x00C83823) sd a2, 16(a6)
mem[0x0000000080007128] <- 0x00000000004007FF
mem[X,0x0000000080000438] -> 0x0D13
mem[X,0x000000008000043A] -> 0x0010
[275] [M]: 0x0000000080000438 (0x00100D13) addi s10, zero, 1
x26 <- 0x0000000000000001
mem[X,0x000000008000043C] -> 0x1D13
mem[X,0x000000008000043E] -> 0x036D
[276] [M]: 0x000000008000043C (0x036D1D13) slli s10, s10, 54
x26 <- 0x0040000000000000
mem[X,0x0000000080000440] -> 0x0513
mem[X,0x0000000080000442] -> 0x001D
[277] [M]: 0x0000000080000440 (0x001D0513) addi a0, s10, 1
x10 <- 0x0040000000000001
mem[X,0x0000000080000444] -> 0x3C23
mem[X,0x0000000080000446] -> 0x00A8
[278] [M]: 0x0000000080000444 (0x00A83C23) sd a0, 24(a6)
mem[0x0000000080007130] <- 0x0040000000000001
mem[X,0x0000000080000448] -> 0x0893
mem[X,0x000000008000044A] -> 0xFFF0
[279] [M]: 0x0000000080000448 (0xFFF00893) addi a7, zero, 4095
x17 <- 0xFFFFFFFFFFFFFFFF
mem[X,0x000000008000044C] -> 0x9893
mem[X,0x000000008000044E] -> 0x03F8
[280] [M]: 0x000000008000044C (0x03F89893) slli a7, a7, 63
x17 <- 0x8000000000000000
mem[X,0x0000000080000450] -> 0x8A93
mem[X,0x0000000080000452] -> 0xF7F8
[281] [M]: 0x0000000080000450 (0xF7F88A93) addi s5, a7, 3967
x21 <- 0x7FFFFFFFFFFFFF7F
mem[X,0x0000000080000454] -> 0x3023
mem[X,0x0000000080000456] -> 0x0358
[282] [M]: 0x0000000080000454 (0x03583023) sd s5, 32(a6)
mem[0x0000000080007138] <- 0x7FFFFFFFFFFFFF7F
mem[X,0x0000000080000458] -> 0x0F13
mem[X,0x000000008000045A] -> 0x0000
[283] [M]: 0x0000000080000458 (0x00000F13) addi t5, zero, 0
x30 <- 0x0000000000000000
mem[X,0x000000008000045C] -> 0x0C93
mem[X,0x000000008000045E] -> 0x004F
[284] [M]: 0x000000008000045C (0x004F0C93) addi s9, t5, 4
x25 <- 0x0000000000000004
mem[X,0x0000000080000460] -> 0x3423
mem[X,0x0000000080000462] -> 0x0398
[285] [M]: 0x0000000080000460 (0x03983423) sd s9, 40(a6)
mem[0x0000000080007140] <- 0x0000000000000004
mem[X,0x0000000080000464] -> 0x0013
mem[X,0x0000000080000466] -> 0x0000
[286] [M]: 0x0000000080000464 (0x00000013) addi zero, zero, 0
mem[X,0x0000000080000468] -> 0x0C13
mem[X,0x000000008000046A] -> 0xDFF0
[287] [M]: 0x0000000080000468 (0xDFF00C13) addi s8, zero, 3583
x24 <- 0xFFFFFFFFFFFFFDFF
mem[X,0x000000008000046C] -> 0x3823
mem[X,0x000000008000046E] -> 0x0388
[288] [M]: 0x000000008000046C (0x03883823) sd s8, 48(a6)
mem[0x0000000080007148] <- 0xFFFFFFFFFFFFFDFF
mem[X,0x0000000080000470] -> 0x0713
mem[X,0x0000000080000472] -> 0x0010
[289] [M]: 0x0000000080000470 (0x00100713) addi a4, zero, 1
x14 <- 0x0000000000000001
mem[X,0x0000000080000474] -> 0x0F13
mem[X,0x0000000080000476] -> 0x3337
[290] [M]: 0x0000000080000474 (0x33370F13) addi t5, a4, 819
x30 <- 0x0000000000000334
mem[X,0x0000000080000478] -> 0x3C23
mem[X,0x000000008000047A] -> 0x03E8
[291] [M]: 0x0000000080000478 (0x03E83C23) sd t5, 56(a6)
mem[0x0000000080007150] <- 0x0000000000000334
mem[X,0x000000008000047C] -> 0x0313
mem[X,0x000000008000047E] -> 0x0070
[292] [M]: 0x000000008000047C (0x00700313) addi t1, zero, 7
x6 <- 0x0000000000000007
mem[X,0x0000000080000480] -> 0x0213
mem[X,0x0000000080000482] -> 0x0073
[293] [M]: 0x0000000080000480 (0x00730213) addi tp, t1, 7
x4 <- 0x000000000000000E
mem[X,0x0000000080000484] -> 0x3023
mem[X,0x0000000080000486] -> 0x0448
[294] [M]: 0x0000000080000484 (0x04483023) sd tp, 64(a6)
mem[0x0000000080007158] <- 0x000000000000000E
mem[X,0x0000000080000488] -> 0x0A93
mem[X,0x000000008000048A] -> 0x0010
[295] [M]: 0x0000000080000488 (0x00100A93) addi s5, zero, 1
x21 <- 0x0000000000000001
mem[X,0x000000008000048C] -> 0x9A93
mem[X,0x000000008000048E] -> 0x030A
[296] [M]: 0x000000008000048C (0x030A9A93) slli s5, s5, 48
x21 <- 0x0001000000000000
mem[X,0x0000000080000490] -> 0xCA93
mem[X,0x0000000080000492] -> 0xFFFA
[297] [M]: 0x0000000080000490 (0xFFFACA93) xori s5, s5, 4095
x21 <- 0xFFFEFFFFFFFFFFFF
mem[X,0x0000000080000494] -> 0x8413
mem[X,0x0000000080000496] -> 0x665A
[298] [M]: 0x0000000080000494 (0x665A8413) addi fp, s5, 1637
x8 <- 0xFFFF000000000664
mem[X,0x0000000080000498] -> 0x3423
mem[X,0x000000008000049A] -> 0x0488
[299] [M]: 0x0000000080000498 (0x04883423) sd fp, 72(a6)
mem[0x0000000080007160] <- 0xFFFF000000000664
clint::tick mtime <- 0x0000000000000003
 clint timer pending at mtime 0x0000000000000003
htif::tick 0x0000000000000000
mem[X,0x000000008000049C] -> 0x0513
mem[X,0x000000008000049E] -> 0x0010
[300] [M]: 0x000000008000049C (0x00100513) addi a0, zero, 1
x10 <- 0x0000000000000001
mem[X,0x00000000800004A0] -> 0x1513
mem[X,0x00000000800004A2] -> 0x0115
[301] [M]: 0x00000000800004A0 (0x01151513) slli a0, a0, 17
x10 <- 0x0000000000020000
mem[X,0x00000000800004A4] -> 0x0693
mem[X,0x00000000800004A6] -> 0x0025
[302] [M]: 0x00000000800004A4 (0x00250693) addi a3, a0, 2
x13 <- 0x0000000000020002
mem[X,0x00000000800004A8] -> 0x3823
mem[X,0x00000000800004AA] -> 0x04D8
[303] [M]: 0x00000000800004A8 (0x04D83823) sd a3, 80(a6)
mem[0x0000000080007168] <- 0x0000000000020002
mem[X,0x00000000800004AC] -> 0x0C93
mem[X,0x00000000800004AE] -> 0x0010
[304] [M]: 0x00000000800004AC (0x00100C93) addi s9, zero, 1
x25 <- 0x0000000000000001
mem[X,0x00000000800004B0] -> 0x9C93
mem[X,0x00000000800004B2] -> 0x037C
[305] [M]: 0x00000000800004B0 (0x037C9C93) slli s9, s9, 55
x25 <- 0x0080000000000000
mem[X,0x00000000800004B4] -> 0xCC93
mem[X,0x00000000800004B6] -> 0xFFFC
[306] [M]: 0x00000000800004B4 (0xFFFCCC93) xori s9, s9, 4095
x25 <- 0xFF7FFFFFFFFFFFFF
mem[X,0x00000000800004B8] -> 0x8B13
mem[X,0x00000000800004BA] -> 0x008C
[307] [M]: 0x00000000800004B8 (0x008C8B13) addi s6, s9, 8
x22 <- 0xFF80000000000007
mem[X,0x00000000800004BC] -> 0x3C23
mem[X,0x00000000800004BE] -> 0x0568
[308] [M]: 0x00000000800004BC (0x05683C23) sd s6, 88(a6)
mem[0x0000000080007170] <- 0xFF80000000000007
mem[X,0x00000000800004C0] -> 0x0D93
mem[X,0x00000000800004C2] -> 0x0010
[309] [M]: 0x00000000800004C0 (0x00100D93) addi s11, zero, 1
x27 <- 0x0000000000000001
mem[X,0x00000000800004C4] -> 0x9D93
mem[X,0x00000000800004C6] -> 0x017D
[310] [M]: 0x00000000800004C4 (0x017D9D93) slli s11, s11, 23
x27 <- 0x0000000000800000
mem[X,0x00000000800004C8] -> 0xCD93
mem[X,0x00000000800004CA] -> 0xFFFD
[311] [M]: 0x00000000800004C8 (0xFFFDCD93) xori s11, s11, 4095
x27 <- 0xFFFFFFFFFF7FFFFF
mem[X,0x00000000800004CC] -> 0x8493
mem[X,0x00000000800004CE] -> 0x010D
[312] [M]: 0x00000000800004CC (0x010D8493) addi s1, s11, 16
x9 <- 0xFFFFFFFFFF80000F
mem[X,0x00000000800004D0] -> 0x3023
mem[X,0x00000000800004D2] -> 0x0698
[313] [M]: 0x00000000800004D0 (0x06983023) sd s1, 96(a6)
mem[0x0000000080007178] <- 0xFFFFFFFFFF80000F
mem[X,0x00000000800004D4] -> 0x0E13
mem[X,0x00000000800004D6] -> 0x0010
[314] [M]: 0x00000000800004D4 (0x00100E13) addi t3, zero, 1
x28 <- 0x0000000000000001
mem[X,0x00000000800004D8] -> 0x1E13
mem[X,0x00000000800004DA] -> 0x036E
[315] [M]: 0x00000000800004D8 (0x036E1E13) slli t3, t3, 54
x28 <- 0x0040000000000000
mem[X,0x00000000800004DC] -> 0x4E13
mem[X,0x00000000800004DE] -> 0xFFFE
[316] [M]: 0x00000000800004DC (0xFFFE4E13) xori t3, t3, 4095
x28 <- 0xFFBFFFFFFFFFFFFF
mem[X,0x00000000800004E0] -> 0x0293
mem[X,0x00000000800004E2] -> 0x020E
[317] [M]: 0x00000000800004E0 (0x020E0293) addi t0, t3, 32
x5 <- 0xFFC000000000001F
mem[X,0x00000000800004E4] -> 0x3423
mem[X,0x00000000800004E6] -> 0x0658
[318] [M]: 0x00000000800004E4 (0x06583423) sd t0, 104(a6)
mem[0x0000000080007180] <- 0xFFC000000000001F
mem[X,0x00000000800004E8] -> 0x0113
mem[X,0x00000000800004EA] -> 0x0010
[319] [M]: 0x00000000800004E8 (0x00100113) addi sp, zero, 1
x2 <- 0x0000000000000001
mem[X,0x00000000800004EC] -> 0x1113
mem[X,0x00000000800004EE] -> 0x02C1
[320] [M]: 0x00000000800004EC (0x02C11113) slli sp, sp, 44
x2 <- 0x0000100000000000
mem[X,0x00000000800004F0] -> 0x0313
mem[X,0x00000000800004F2] -> 0x0401
[321] [M]: 0x00000000800004F0 (0x04010313) addi t1, sp, 64
x6 <- 0x0000100000000040
mem[X,0x00000000800004F4] -> 0x3823
mem[X,0x00000000800004F6] -> 0x0668
[322] [M]: 0x00000000800004F4 (0x06683823) sd t1, 112(a6)
mem[0x0000000080007188] <- 0x0000100000000040
mem[X,0x00000000800004F8] -> 0x0493
mem[X,0x00000000800004FA] -> 0x0010
[323] [M]: 0x00000000800004F8 (0x00100493) addi s1, zero, 1
x9 <- 0x0000000000000001
mem[X,0x00000000800004FC] -> 0x9493
mem[X,0x00000000800004FE] -> 0x0194
[324] [M]: 0x00000000800004FC (0x01949493) slli s1, s1, 25
x9 <- 0x0000000002000000
mem[X,0x0000000080000500] -> 0x8593
mem[X,0x0000000080000502] -> 0x0804
[325] [M]: 0x0000000080000500 (0x08048593) addi a1, s1, 128
x11 <- 0x0000000002000080
mem[X,0x0000000080000504] -> 0x3C23
mem[X,0x0000000080000506] -> 0x06B8
[326] [M]: 0x0000000080000504 (0x06B83C23) sd a1, 120(a6)
mem[0x0000000080007190] <- 0x0000000002000080
mem[X,0x0000000080000508] -> 0x55B7
mem[X,0x000000008000050A] -> 0x5555
[327] [M]: 0x0000000080000508 (0x555555B7) lui a1, 349525
x11 <- 0x0000000055555000
mem[X,0x000000008000050C] -> 0x8593
mem[X,0x000000008000050E] -> 0x5555
[328] [M]: 0x000000008000050C (0x55558593) addi a1, a1, 1365
x11 <- 0x0000000055555555
mem[X,0x0000000080000510] -> 0x9593
mem[X,0x0000000080000512] -> 0x00B5
[329] [M]: 0x0000000080000510 (0x00B59593) slli a1, a1, 11
x11 <- 0x000002AAAAAAA800
mem[X,0x0000000080000514] -> 0x8593
mem[X,0x0000000080000516] -> 0x2AA5
[330] [M]: 0x0000000080000514 (0x2AA58593) addi a1, a1, 682
x11 <- 0x000002AAAAAAAAAA
mem[X,0x0000000080000518] -> 0x9593
mem[X,0x000000008000051A] -> 0x00B5
[331] [M]: 0x0000000080000518 (0x00B59593) slli a1, a1, 11
x11 <- 0x0015555555555000
mem[X,0x000000008000051C] -> 0x8593
mem[X,0x000000008000051E] -> 0x5555
[332] [M]: 0x000000008000051C (0x55558593) addi a1, a1, 1365
x11 <- 0x0015555555555555
mem[X,0x0000000080000520] -> 0x9593
mem[X,0x0000000080000522] -> 0x00A5
[333] [M]: 0x0000000080000520 (0x00A59593) slli a1, a1, 10
x11 <- 0x5555555555555400
mem[X,0x0000000080000524] -> 0x8593
mem[X,0x0000000080000526] -> 0x1545
[334] [M]: 0x0000000080000524 (0x15458593) addi a1, a1, 340
x11 <- 0x5555555555555554
mem[X,0x0000000080000528] -> 0x8A13
mem[X,0x000000008000052A] -> 0x1005
[335] [M]: 0x0000000080000528 (0x10058A13) addi s4, a1, 256
x20 <- 0x5555555555555654
mem[X,0x000000008000052C] -> 0x3023
mem[X,0x000000008000052E] -> 0x0948
[336] [M]: 0x000000008000052C (0x09483023) sd s4, 128(a6)
mem[0x0000000080007198] <- 0x5555555555555654
mem[X,0x0000000080000530] -> 0x0393
mem[X,0x0000000080000532] -> 0x0010
[337] [M]: 0x0000000080000530 (0x00100393) addi t2, zero, 1
x7 <- 0x0000000000000001
mem[X,0x0000000080000534] -> 0x9393
mem[X,0x0000000080000536] -> 0x02A3
[338] [M]: 0x0000000080000534 (0x02A39393) slli t2, t2, 42
x7 <- 0x0000040000000000
mem[X,0x0000000080000538] -> 0xC393
mem[X,0x000000008000053A] -> 0xFFF3
[339] [M]: 0x0000000080000538 (0xFFF3C393) xori t2, t2, 4095
x7 <- 0xFFFFFBFFFFFFFFFF
mem[X,0x000000008000053C] -> 0x8D13
mem[X,0x000000008000053E] -> 0x2003
[340] [M]: 0x000000008000053C (0x20038D13) addi s10, t2, 512
x26 <- 0xFFFFFC00000001FF
mem[X,0x0000000080000540] -> 0x3423
mem[X,0x0000000080000542] -> 0x09A8
[341] [M]: 0x0000000080000540 (0x09A83423) sd s10, 136(a6)
mem[0x00000000800071A0] <- 0xFFFFFC00000001FF
mem[X,0x0000000080000544] -> 0x0693
mem[X,0x0000000080000546] -> 0xFEF0
[342] [M]: 0x0000000080000544 (0xFEF00693) addi a3, zero, 4079
x13 <- 0xFFFFFFFFFFFFFFEF
mem[X,0x0000000080000548] -> 0x8013
mem[X,0x000000008000054A] -> 0x4006
[343] [M]: 0x0000000080000548 (0x40068013) addi zero, a3, 1024
mem[X,0x000000008000054C] -> 0x3823
mem[X,0x000000008000054E] -> 0x0808
[344] [M]: 0x000000008000054C (0x08083823) sd zero, 144(a6)
mem[0x00000000800071A8] <- 0x0000000000000000
mem[X,0x0000000080000550] -> 0x0E93
mem[X,0x0000000080000552] -> 0x0010
[345] [M]: 0x0000000080000550 (0x00100E93) addi t4, zero, 1
x29 <- 0x0000000000000001
mem[X,0x0000000080000554] -> 0x9E93
mem[X,0x0000000080000556] -> 0x01FE
[346] [M]: 0x0000000080000554 (0x01FE9E93) slli t4, t4, 31
x29 <- 0x0000000080000000
mem[X,0x0000000080000558] -> 0xCE93
mem[X,0x000000008000055A] -> 0xFFFE
[347] [M]: 0x0000000080000558 (0xFFFECE93) xori t4, t4, 4095
x29 <- 0xFFFFFFFF7FFFFFFF
mem[X,0x000000008000055C] -> 0x8E13
mem[X,0x000000008000055E] -> 0xFFEE
[348] [M]: 0x000000008000055C (0xFFEE8E13) addi t3, t4, 4094
x28 <- 0xFFFFFFFF7FFFFFFD
mem[X,0x0000000080000560] -> 0x3C23
mem[X,0x0000000080000562] -> 0x09C8
[349] [M]: 0x0000000080000560 (0x09C83C23) sd t3, 152(a6)
mem[0x00000000800071B0] <- 0xFFFFFFFF7FFFFFFD
mem[X,0x0000000080000564] -> 0x0C13
mem[X,0x0000000080000566] -> 0x0010
[350] [M]: 0x0000000080000564 (0x00100C13) addi s8, zero, 1
x24 <- 0x0000000000000001
mem[X,0x0000000080000568] -> 0x1C13
mem[X,0x000000008000056A] -> 0x01BC
[351] [M]: 0x0000000080000568 (0x01BC1C13) slli s8, s8, 27
x24 <- 0x0000000008000000
mem[X,0x000000008000056C] -> 0x4C13
mem[X,0x000000008000056E] -> 0xFFFC
[352] [M]: 0x000000008000056C (0xFFFC4C13) xori s8, s8, 4095
x24 <- 0xFFFFFFFFF7FFFFFF
mem[X,0x0000000080000570] -> 0x0113
mem[X,0x0000000080000572] -> 0xFFDC
[353] [M]: 0x0000000080000570 (0xFFDC0113) addi sp, s8, 4093
x2 <- 0xFFFFFFFFF7FFFFFC
mem[X,0x0000000080000574] -> 0x3023
mem[X,0x0000000080000576] -> 0x0A28
[354] [M]: 0x0000000080000574 (0x0A283023) sd sp, 160(a6)
mem[0x00000000800071B8] <- 0xFFFFFFFFF7FFFFFC
mem[X,0x0000000080000578] -> 0x0193
mem[X,0x000000008000057A] -> 0x0010
[355] [M]: 0x0000000080000578 (0x00100193) addi gp, zero, 1
x3 <- 0x0000000000000001
mem[X,0x000000008000057C] -> 0x9193
mem[X,0x000000008000057E] -> 0x01D1
[356] [M]: 0x000000008000057C (0x01D19193) slli gp, gp, 29
x3 <- 0x0000000020000000
mem[X,0x0000000080000580] -> 0x8893
mem[X,0x0000000080000582] -> 0xFFB1
[357] [M]: 0x0000000080000580 (0xFFB18893) addi a7, gp, 4091
x17 <- 0x000000001FFFFFFB
mem[X,0x0000000080000584] -> 0x3423
mem[X,0x0000000080000586] -> 0x0B18
[358] [M]: 0x0000000080000584 (0x0B183423) sd a7, 168(a6)
mem[0x00000000800071C0] <- 0x000000001FFFFFFB
mem[X,0x0000000080000588] -> 0x67B7
mem[X,0x000000008000058A] -> 0x6666
[359] [M]: 0x0000000080000588 (0x666667B7) lui a5, 419430
x15 <- 0x0000000066666000
mem[X,0x000000008000058C] -> 0x8793
mem[X,0x000000008000058E] -> 0x6667
[360] [M]: 0x000000008000058C (0x66678793) addi a5, a5, 1638
x15 <- 0x0000000066666666
mem[X,0x0000000080000590] -> 0x9793
mem[X,0x0000000080000592] -> 0x00B7
[361] [M]: 0x0000000080000590 (0x00B79793) slli a5, a5, 11
x15 <- 0x0000033333333000
mem[X,0x0000000080000594] -> 0x8793
mem[X,0x0000000080000596] -> 0x3337
[362] [M]: 0x0000000080000594 (0x33378793) addi a5, a5, 819
x15 <- 0x0000033333333333
mem[X,0x0000000080000598] -> 0x9793
mem[X,0x000000008000059A] -> 0x00B7
[363] [M]: 0x0000000080000598 (0x00B79793) slli a5, a5, 11
x15 <- 0x0019999999999800
mem[X,0x000000008000059C] -> 0x8793
mem[X,0x000000008000059E] -> 0x1997
[364] [M]: 0x000000008000059C (0x19978793) addi a5, a5, 409
x15 <- 0x0019999999999999
mem[X,0x00000000800005A0] -> 0x9793
mem[X,0x00000000800005A2] -> 0x00A7
[365] [M]: 0x00000000800005A0 (0x00A79793) slli a5, a5, 10
x15 <- 0x6666666666666400
mem[X,0x00000000800005A4] -> 0x8793
mem[X,0x00000000800005A6] -> 0x2667
[366] [M]: 0x00000000800005A4 (0x26678793) addi a5, a5, 614
x15 <- 0x6666666666666666
mem[X,0x00000000800005A8] -> 0x8913
mem[X,0x00000000800005AA] -> 0xFF77
[367] [M]: 0x00000000800005A8 (0xFF778913) addi s2, a5, 4087
x18 <- 0x666666666666665D
mem[X,0x00000000800005AC] -> 0x3823
mem[X,0x00000000800005AE] -> 0x0B28
[368] [M]: 0x00000000800005AC (0x0B283823) sd s2, 176(a6)
mem[0x00000000800071C8] <- 0x666666666666665D
mem[X,0x00000000800005B0] -> 0x0013
mem[X,0x00000000800005B2] -> 0x0000
[369] [M]: 0x00000000800005B0 (0x00000013) addi zero, zero, 0
mem[X,0x00000000800005B4] -> 0x0013
mem[X,0x00000000800005B6] -> 0x0000
[370] [M]: 0x00000000800005B4 (0x00000013) addi zero, zero, 0
mem[X,0x00000000800005B8] -> 0x0013
mem[X,0x00000000800005BA] -> 0x0000
[371] [M]: 0x00000000800005B8 (0x00000013) addi zero, zero, 0
mem[X,0x00000000800005BC] -> 0x0013
mem[X,0x00000000800005BE] -> 0x0000
[372] [M]: 0x00000000800005BC (0x00000013) addi zero, zero, 0
mem[X,0x00000000800005C0] -> 0x7117
mem[X,0x00000000800005C2] -> 0x0000
[373] [M]: 0x00000000800005C0 (0x00007117) auipc sp, 7
x2 <- 0x00000000800075C0
mem[X,0x00000000800005C4] -> 0x0113
mem[X,0x00000000800005C6] -> 0xC101
[374] [M]: 0x00000000800005C4 (0xC1010113) addi sp, sp, 3088
x2 <- 0x00000000800071D0
mem[X,0x00000000800005C8] -> 0x0013
mem[X,0x00000000800005CA] -> 0x0000
[375] [M]: 0x00000000800005C8 (0x00000013) addi zero, zero, 0
mem[X,0x00000000800005CC] -> 0x0013
mem[X,0x00000000800005CE] -> 0x0000
[376] [M]: 0x00000000800005CC (0x00000013) addi zero, zero, 0
mem[X,0x00000000800005D0] -> 0x0013
mem[X,0x00000000800005D2] -> 0x0000
[377] [M]: 0x00000000800005D0 (0x00000013) addi zero, zero, 0
mem[X,0x00000000800005D4] -> 0x0013
mem[X,0x00000000800005D6] -> 0x0000
[378] [M]: 0x00000000800005D4 (0x00000013) addi zero, zero, 0
mem[X,0x00000000800005D8] -> 0x0013
mem[X,0x00000000800005DA] -> 0x0000
[379] [M]: 0x00000000800005D8 (0x00000013) addi zero, zero, 0
mem[X,0x00000000800005DC] -> 0x0013
mem[X,0x00000000800005DE] -> 0x0000
[380] [M]: 0x00000000800005DC (0x00000013) addi zero, zero, 0
mem[X,0x00000000800005E0] -> 0x0B93
mem[X,0x00000000800005E2] -> 0x0040
[381] [M]: 0x00000000800005E0 (0x00400B93) addi s7, zero, 4
x23 <- 0x0000000000000004
mem[X,0x00000000800005E4] -> 0x8713
mem[X,0x00000000800005E6] -> 0xFEFB
[382] [M]: 0x00000000800005E4 (0xFEFB8713) addi a4, s7, 4079
x14 <- 0xFFFFFFFFFFFFFFF3
mem[X,0x00000000800005E8] -> 0x3023
mem[X,0x00000000800005EA] -> 0x00E1
[383] [M]: 0x00000000800005E8 (0x00E13023) sd a4, 0(sp)
mem[0x00000000800071D0] <- 0xFFFFFFFFFFFFFFF3
mem[X,0x00000000800005EC] -> 0x0813
mem[X,0x00000000800005EE] -> 0x0010
[384] [M]: 0x00000000800005EC (0x00100813) addi a6, zero, 1
x16 <- 0x0000000000000001
mem[X,0x00000000800005F0] -> 0x1813
mem[X,0x00000000800005F2] -> 0x02B8
[385] [M]: 0x00000000800005F0 (0x02B81813) slli a6, a6, 43
x16 <- 0x0000080000000000
mem[X,0x00000000800005F4] -> 0x4813
mem[X,0x00000000800005F6] -> 0xFFF8
[386] [M]: 0x00000000800005F4 (0xFFF84813) xori a6, a6, 4095
x16 <- 0xFFFFF7FFFFFFFFFF
mem[X,0x00000000800005F8] -> 0x0E93
mem[X,0x00000000800005FA] -> 0xFDF8
[387] [M]: 0x00000000800005F8 (0xFDF80E93) addi t4, a6, 4063
x29 <- 0xFFFFF7FFFFFFFFDE
mem[X,0x00000000800005FC] -> 0x3423
mem[X,0x00000000800005FE] -> 0x01D1
[388] [M]: 0x00000000800005FC (0x01D13423) sd t4, 8(sp)
mem[0x00000000800071D8] <- 0xFFFFF7FFFFFFFFDE
mem[X,0x0000000080000600] -> 0x0913
mem[X,0x0000000080000602] -> 0xFBF0
[389] [M]: 0x0000000080000600 (0xFBF00913) addi s2, zero, 4031
x18 <- 0xFFFFFFFFFFFFFFBF
mem[X,0x0000000080000604] -> 0x0193
mem[X,0x0000000080000606] -> 0xFBF9
[390] [M]: 0x0000000080000604 (0xFBF90193) addi gp, s2, 4031
x3 <- 0xFFFFFFFFFFFFFF7E
mem[X,0x0000000080000608] -> 0x3823
mem[X,0x000000008000060A] -> 0x0031
[391] [M]: 0x0000000080000608 (0x00313823) sd gp, 16(sp)
mem[0x00000000800071E0] <- 0xFFFFFFFFFFFFFF7E
mem[X,0x000000008000060C] -> 0x0613
mem[X,0x000000008000060E] -> 0x0010
[392] [M]: 0x000000008000060C (0x00100613) addi a2, zero, 1
x12 <- 0x0000000000000001
mem[X,0x0000000080000610] -> 0x1613
mem[X,0x0000000080000612] -> 0x01C6
[393] [M]: 0x0000000080000610 (0x01C61613) slli a2, a2, 28
x12 <- 0x0000000010000000
mem[X,0x0000000080000614] -> 0x4613
mem[X,0x0000000080000616] -> 0xFFF6
[394] [M]: 0x0000000080000614 (0xFFF64613) xori a2, a2, 4095
x12 <- 0xFFFFFFFFEFFFFFFF
mem[X,0x0000000080000618] -> 0x0393
mem[X,0x000000008000061A] -> 0xEFF6
[395] [M]: 0x0000000080000618 (0xEFF60393) addi t2, a2, 3839
x7 <- 0xFFFFFFFFEFFFFEFE
mem[X,0x000000008000061C] -> 0x3C23
mem[X,0x000000008000061E] -> 0x0071
[396] [M]: 0x000000008000061C (0x00713C23) sd t2, 24(sp)
mem[0x00000000800071E8] <- 0xFFFFFFFFEFFFFEFE
mem[X,0x0000000080000620] -> 0x0A13
mem[X,0x0000000080000622] -> 0xFFF0
[397] [M]: 0x0000000080000620 (0xFFF00A13) addi s4, zero, 4095
x20 <- 0xFFFFFFFFFFFFFFFF
mem[X,0x0000000080000624] -> 0x0813
mem[X,0x0000000080000626] -> 0xBFFA
[398] [M]: 0x0000000080000624 (0xBFFA0813) addi a6, s4, 3071
x16 <- 0xFFFFFFFFFFFFFBFE
mem[X,0x0000000080000628] -> 0x3023
mem[X,0x000000008000062A] -> 0x0301
[399] [M]: 0x0000000080000628 (0x03013023) sd a6, 32(sp)
mem[0x00000000800071F0] <- 0xFFFFFFFFFFFFFBFE
clint::tick mtime <- 0x0000000000000004
 clint timer pending at mtime 0x0000000000000004
htif::tick 0x0000000000000000
mem[X,0x000000008000062C] -> 0x0293
mem[X,0x000000008000062E] -> 0xF7F0
[400] [M]: 0x000000008000062C (0xF7F00293) addi t0, zero, 3967
x5 <- 0xFFFFFFFFFFFFFF7F
mem[X,0x0000000080000630] -> 0x8F93
mem[X,0x0000000080000632] -> 0x5552
[401] [M]: 0x0000000080000630 (0x55528F93) addi t6, t0, 1365
x31 <- 0x00000000000004D4
mem[X,0x0000000080000634] -> 0x3423
mem[X,0x0000000080000636] -> 0x03F1
[402] [M]: 0x0000000080000634 (0x03F13423) sd t6, 40(sp)
mem[0x00000000800071F8] <- 0x00000000000004D4
mem[X,0x0000000080000638] -> 0x0213
mem[X,0x000000008000063A] -> 0x0010
[403] [M]: 0x0000000080000638 (0x00100213) addi tp, zero, 1
x4 <- 0x0000000000000001
mem[X,0x000000008000063C] -> 0x1213
mem[X,0x000000008000063E] -> 0x0122
[404] [M]: 0x000000008000063C (0x01221213) slli tp, tp, 18
x4 <- 0x0000000000040000
mem[X,0x0000000080000640] -> 0x0D93
mem[X,0x0000000080000642] -> 0xAAA2
[405] [M]: 0x0000000080000640 (0xAAA20D93) addi s11, tp, 2730
x27 <- 0x000000000003FAAA
mem[X,0x0000000080000644] -> 0x3823
mem[X,0x0000000080000646] -> 0x03B1
[406] [M]: 0x0000000080000644 (0x03B13823) sd s11, 48(sp)
mem[0x0000000080007200] <- 0x000000000003FAAA
mem[X,0x0000000080000648] -> 0x0F93
mem[X,0x000000008000064A] -> 0x0020
[407] [M]: 0x0000000080000648 (0x00200F93) addi t6, zero, 2
x31 <- 0x0000000000000002
mem[X,0x000000008000064C] -> 0x8B93
mem[X,0x000000008000064E] -> 0xFEFF
[408] [M]: 0x000000008000064C (0xFEFF8B93) addi s7, t6, 4079
x23 <- 0xFFFFFFFFFFFFFFF1
mem[X,0x0000000080000650] -> 0x3C23
mem[X,0x0000000080000652] -> 0x0371
[409] [M]: 0x0000000080000650 (0x03713C23) sd s7, 56(sp)
mem[0x0000000080007208] <- 0xFFFFFFFFFFFFFFF1
mem[X,0x0000000080000654] -> 0x0413
mem[X,0x0000000080000656] -> 0x0080
[410] [M]: 0x0000000080000654 (0x00800413) addi fp, zero, 8
x8 <- 0x0000000000000008
mem[X,0x0000000080000658] -> 0x0093
mem[X,0x000000008000065A] -> 0x6674
[411] [M]: 0x0000000080000658 (0x66740093) addi ra, fp, 1639
x1 <- 0x000000000000066F
mem[X,0x000000008000065C] -> 0x3023
mem[X,0x000000008000065E] -> 0x0411
[412] [M]: 0x000000008000065C (0x04113023) sd ra, 64(sp)
mem[0x0000000080007210] <- 0x000000000000066F
mem[X,0x0000000080000660] -> 0x0513
mem[X,0x0000000080000662] -> 0x0100
[413] [M]: 0x0000000080000660 (0x01000513) addi a0, zero, 16
x10 <- 0x0000000000000010
mem[X,0x0000000080000664] -> 0x0593
mem[X,0x0000000080000666] -> 0xFF95
[414] [M]: 0x0000000080000664 (0xFF950593) addi a1, a0, 4089
x11 <- 0x0000000000000009
mem[X,0x0000000080000668] -> 0x3423
mem[X,0x000000008000066A] -> 0x04B1
[415] [M]: 0x0000000080000668 (0x04B13423) sd a1, 72(sp)
mem[0x0000000080007218] <- 0x0000000000000009
mem[X,0x000000008000066C] -> 0x0513
mem[X,0x000000008000066E] -> 0x0200
[416] [M]: 0x000000008000066C (0x02000513) addi a0, zero, 32
x10 <- 0x0000000000000020
mem[X,0x0000000080000670] -> 0x0593
mem[X,0x0000000080000672] -> 0x0405
[417] [M]: 0x0000000080000670 (0x04050593) addi a1, a0, 64
x11 <- 0x0000000000000060
mem[X,0x0000000080000674] -> 0x3823
mem[X,0x0000000080000676] -> 0x04B1
[418] [M]: 0x0000000080000674 (0x04B13823) sd a1, 80(sp)
mem[0x0000000080007220] <- 0x0000000000000060
mem[X,0x0000000080000678] -> 0x0513
mem[X,0x000000008000067A] -> 0x0400
[419] [M]: 0x0000000080000678 (0x04000513) addi a0, zero, 64
x10 <- 0x0000000000000040
mem[X,0x000000008000067C] -> 0x0593
mem[X,0x000000008000067E] -> 0x0405
[420] [M]: 0x000000008000067C (0x04050593) addi a1, a0, 64
x11 <- 0x0000000000000080
mem[X,0x0000000080000680] -> 0x3C23
mem[X,0x0000000080000682] -> 0x04B1
[421] [M]: 0x0000000080000680 (0x04B13C23) sd a1, 88(sp)
mem[0x0000000080007228] <- 0x0000000000000080
mem[X,0x0000000080000684] -> 0x0513
mem[X,0x0000000080000686] -> 0x0800
[422] [M]: 0x0000000080000684 (0x08000513) addi a0, zero, 128
x10 <- 0x0000000000000080
mem[X,0x0000000080000688] -> 0x0593
mem[X,0x000000008000068A] -> 0xDFF5
[423] [M]: 0x0000000080000688 (0xDFF50593) addi a1, a0, 3583
x11 <- 0xFFFFFFFFFFFFFE7F
mem[X,0x000000008000068C] -> 0x3023
mem[X,0x000000008000068E] -> 0x06B1
[424] [M]: 0x000000008000068C (0x06B13023) sd a1, 96(sp)
mem[0x0000000080007230] <- 0xFFFFFFFFFFFFFE7F
mem[X,0x0000000080000690] -> 0x0513
mem[X,0x0000000080000692] -> 0x1000
[425] [M]: 0x0000000080000690 (0x10000513) addi a0, zero, 256
x10 <- 0x0000000000000100
mem[X,0x0000000080000694] -> 0x0593
mem[X,0x0000000080000696] -> 0xFF85
[426] [M]: 0x0000000080000694 (0xFF850593) addi a1, a0, 4088
x11 <- 0x00000000000000F8
mem[X,0x0000000080000698] -> 0x3423
mem[X,0x000000008000069A] -> 0x06B1
[427] [M]: 0x0000000080000698 (0x06B13423) sd a1, 104(sp)
mem[0x0000000080007238] <- 0x00000000000000F8
mem[X,0x000000008000069C] -> 0x0513
mem[X,0x000000008000069E] -> 0x2000
[428] [M]: 0x000000008000069C (0x20000513) addi a0, zero, 512
x10 <- 0x0000000000000200
mem[X,0x00000000800006A0] -> 0x0593
mem[X,0x00000000800006A2] -> 0x0085
[429] [M]: 0x00000000800006A0 (0x00850593) addi a1, a0, 8
x11 <- 0x0000000000000208
mem[X,0x00000000800006A4] -> 0x3823
mem[X,0x00000000800006A6] -> 0x06B1
[430] [M]: 0x00000000800006A4 (0x06B13823) sd a1, 112(sp)
mem[0x0000000080007240] <- 0x0000000000000208
mem[X,0x00000000800006A8] -> 0x0513
mem[X,0x00000000800006AA] -> 0x4000
[431] [M]: 0x00000000800006A8 (0x40000513) addi a0, zero, 1024
x10 <- 0x0000000000000400
mem[X,0x00000000800006AC] -> 0x0593
mem[X,0x00000000800006AE] -> 0x0065
[432] [M]: 0x00000000800006AC (0x00650593) addi a1, a0, 6
x11 <- 0x0000000000000406
mem[X,0x00000000800006B0] -> 0x3C23
mem[X,0x00000000800006B2] -> 0x06B1
[433] [M]: 0x00000000800006B0 (0x06B13C23) sd a1, 120(sp)
mem[0x0000000080007248] <- 0x0000000000000406
mem[X,0x00000000800006B4] -> 0x0513
mem[X,0x00000000800006B6] -> 0x0010
[434] [M]: 0x00000000800006B4 (0x00100513) addi a0, zero, 1
x10 <- 0x0000000000000001
mem[X,0x00000000800006B8] -> 0x1513
mem[X,0x00000000800006BA] -> 0x00B5
[435] [M]: 0x00000000800006B8 (0x00B51513) slli a0, a0, 11
x10 <- 0x0000000000000800
mem[X,0x00000000800006BC] -> 0x0593
mem[X,0x00000000800006BE] -> 0x0005
[436] [M]: 0x00000000800006BC (0x00050593) addi a1, a0, 0
x11 <- 0x0000000000000800
mem[X,0x00000000800006C0] -> 0x3023
mem[X,0x00000000800006C2] -> 0x08B1
[437] [M]: 0x00000000800006C0 (0x08B13023) sd a1, 128(sp)
mem[0x0000000080007250] <- 0x0000000000000800
mem[X,0x00000000800006C4] -> 0x0513
mem[X,0x00000000800006C6] -> 0x0010
[438] [M]: 0x00000000800006C4 (0x00100513) addi a0, zero, 1
x10 <- 0x0000000000000001
mem[X,0x00000000800006C8] -> 0x1513
mem[X,0x00000000800006CA] -> 0x00C5
[439] [M]: 0x00000000800006C8 (0x00C51513) slli a0, a0, 12
x10 <- 0x0000000000001000
mem[X,0x00000000800006CC] -> 0x0593
mem[X,0x00000000800006CE] -> 0xFFF5
[440] [M]: 0x00000000800006CC (0xFFF50593) addi a1, a0, 4095
x11 <- 0x0000000000000FFF
mem[X,0x00000000800006D0] -> 0x3423
mem[X,0x00000000800006D2] -> 0x08B1
[441] [M]: 0x00000000800006D0 (0x08B13423) sd a1, 136(sp)
mem[0x0000000080007258] <- 0x0000000000000FFF
mem[X,0x00000000800006D4] -> 0x0513
mem[X,0x00000000800006D6] -> 0x0010
[442] [M]: 0x00000000800006D4 (0x00100513) addi a0, zero, 1
x10 <- 0x0000000000000001
mem[X,0x00000000800006D8] -> 0x1513
mem[X,0x00000000800006DA] -> 0x00D5
[443] [M]: 0x00000000800006D8 (0x00D51513) slli a0, a0, 13
x10 <- 0x0000000000002000
mem[X,0x00000000800006DC] -> 0x0593
mem[X,0x00000000800006DE] -> 0x8005
[444] [M]: 0x00000000800006DC (0x80050593) addi a1, a0, 2048
x11 <- 0x0000000000001800
mem[X,0x00000000800006E0] -> 0x3823
mem[X,0x00000000800006E2] -> 0x08B1
[445] [M]: 0x00000000800006E0 (0x08B13823) sd a1, 144(sp)
mem[0x0000000080007260] <- 0x0000000000001800
mem[X,0x00000000800006E4] -> 0x0513
mem[X,0x00000000800006E6] -> 0x0010
[446] [M]: 0x00000000800006E4 (0x00100513) addi a0, zero, 1
x10 <- 0x0000000000000001
mem[X,0x00000000800006E8] -> 0x1513
mem[X,0x00000000800006EA] -> 0x00E5
[447] [M]: 0x00000000800006E8 (0x00E51513) slli a0, a0, 14
x10 <- 0x0000000000004000
mem[X,0x00000000800006EC] -> 0x0593
mem[X,0x00000000800006EE] -> 0x0025
[448] [M]: 0x00000000800006EC (0x00250593) addi a1, a0, 2
x11 <- 0x0000000000004002
mem[X,0x00000000800006F0] -> 0x3C23
mem[X,0x00000000800006F2] -> 0x08B1
[449] [M]: 0x00000000800006F0 (0x08B13C23) sd a1, 152(sp)
mem[0x0000000080007268] <- 0x0000000000004002
mem[X,0x00000000800006F4] -> 0x0513
mem[X,0x00000000800006F6] -> 0x0010
[450] [M]: 0x00000000800006F4 (0x00100513) addi a0, zero, 1
x10 <- 0x0000000000000001
mem[X,0x00000000800006F8] -> 0x1513
mem[X,0x00000000800006FA] -> 0x00F5
[451] [M]: 0x00000000800006F8 (0x00F51513) slli a0, a0, 15
x10 <- 0x0000000000008000
mem[X,0x00000000800006FC] -> 0x0593
mem[X,0x00000000800006FE] -> 0x0045
[452] [M]: 0x00000000800006FC (0x00450593) addi a1, a0, 4
x11 <- 0x0000000000008004
mem[X,0x0000000080000700] -> 0x3023
mem[X,0x0000000080000702] -> 0x0AB1
[453] [M]: 0x0000000080000700 (0x0AB13023) sd a1, 160(sp)
mem[0x0000000080007270] <- 0x0000000000008004
mem[X,0x0000000080000704] -> 0x0513
mem[X,0x0000000080000706] -> 0x0010
[454] [M]: 0x0000000080000704 (0x00100513) addi a0, zero, 1
x10 <- 0x0000000000000001
mem[X,0x0000000080000708] -> 0x1513
mem[X,0x000000008000070A] -> 0x0105
[455] [M]: 0x0000000080000708 (0x01051513) slli a0, a0, 16
x10 <- 0x0000000000010000
mem[X,0x000000008000070C] -> 0x0593
mem[X,0x000000008000070E] -> 0x0055
[456] [M]: 0x000000008000070C (0x00550593) addi a1, a0, 5
x11 <- 0x0000000000010005
mem[X,0x0000000080000710] -> 0x3423
mem[X,0x0000000080000712] -> 0x0AB1
[457] [M]: 0x0000000080000710 (0x0AB13423) sd a1, 168(sp)
mem[0x0000000080007278] <- 0x0000000000010005
mem[X,0x0000000080000714] -> 0x0513
mem[X,0x0000000080000716] -> 0x0010
[458] [M]: 0x0000000080000714 (0x00100513) addi a0, zero, 1
x10 <- 0x0000000000000001
mem[X,0x0000000080000718] -> 0x1513
mem[X,0x000000008000071A] -> 0x0135
[459] [M]: 0x0000000080000718 (0x01351513) slli a0, a0, 19
x10 <- 0x0000000000080000
mem[X,0x000000008000071C] -> 0x0593
mem[X,0x000000008000071E] -> 0x4005
[460] [M]: 0x000000008000071C (0x40050593) addi a1, a0, 1024
x11 <- 0x0000000000080400
mem[X,0x0000000080000720] -> 0x3823
mem[X,0x0000000080000722] -> 0x0AB1
[461] [M]: 0x0000000080000720 (0x0AB13823) sd a1, 176(sp)
mem[0x0000000080007280] <- 0x0000000000080400
mem[X,0x0000000080000724] -> 0x0513
mem[X,0x0000000080000726] -> 0x0010
[462] [M]: 0x0000000080000724 (0x00100513) addi a0, zero, 1
x10 <- 0x0000000000000001
mem[X,0x0000000080000728] -> 0x1513
mem[X,0x000000008000072A] -> 0x0145
[463] [M]: 0x0000000080000728 (0x01451513) slli a0, a0, 20
x10 <- 0x0000000000100000
mem[X,0x000000008000072C] -> 0x0593
mem[X,0x000000008000072E] -> 0x02E5
[464] [M]: 0x000000008000072C (0x02E50593) addi a1, a0, 46
x11 <- 0x000000000010002E
mem[X,0x0000000080000730] -> 0x3C23
mem[X,0x0000000080000732] -> 0x0AB1
[465] [M]: 0x0000000080000730 (0x0AB13C23) sd a1, 184(sp)
mem[0x0000000080007288] <- 0x000000000010002E
mem[X,0x0000000080000734] -> 0x0513
mem[X,0x0000000080000736] -> 0x0010
[466] [M]: 0x0000000080000734 (0x00100513) addi a0, zero, 1
x10 <- 0x0000000000000001
mem[X,0x0000000080000738] -> 0x1513
mem[X,0x000000008000073A] -> 0x0155
[467] [M]: 0x0000000080000738 (0x01551513) slli a0, a0, 21
x10 <- 0x0000000000200000
mem[X,0x000000008000073C] -> 0x0593
mem[X,0x000000008000073E] -> 0xF7F5
[468] [M]: 0x000000008000073C (0xF7F50593) addi a1, a0, 3967
x11 <- 0x00000000001FFF7F
mem[X,0x0000000080000740] -> 0x3023
mem[X,0x0000000080000742] -> 0x0CB1
[469] [M]: 0x0000000080000740 (0x0CB13023) sd a1, 192(sp)
mem[0x0000000080007290] <- 0x00000000001FFF7F
mem[X,0x0000000080000744] -> 0x0513
mem[X,0x0000000080000746] -> 0x0010
[470] [M]: 0x0000000080000744 (0x00100513) addi a0, zero, 1
x10 <- 0x0000000000000001
mem[X,0x0000000080000748] -> 0x1513
mem[X,0x000000008000074A] -> 0x0175
[471] [M]: 0x0000000080000748 (0x01751513) slli a0, a0, 23
x10 <- 0x0000000000800000
mem[X,0x000000008000074C] -> 0x0593
mem[X,0x000000008000074E] -> 0x0805
[472] [M]: 0x000000008000074C (0x08050593) addi a1, a0, 128
x11 <- 0x0000000000800080
mem[X,0x0000000080000750] -> 0x3423
mem[X,0x0000000080000752] -> 0x0CB1
[473] [M]: 0x0000000080000750 (0x0CB13423) sd a1, 200(sp)
mem[0x0000000080007298] <- 0x0000000000800080
mem[X,0x0000000080000754] -> 0x0513
mem[X,0x0000000080000756] -> 0x0010
[474] [M]: 0x0000000080000754 (0x00100513) addi a0, zero, 1
x10 <- 0x0000000000000001
mem[X,0x0000000080000758] -> 0x1513
mem[X,0x000000008000075A] -> 0x0185
[475] [M]: 0x0000000080000758 (0x01851513) slli a0, a0, 24
x10 <- 0x0000000001000000
mem[X,0x000000008000075C] -> 0x0593
mem[X,0x000000008000075E] -> 0xFDF5
[476] [M]: 0x000000008000075C (0xFDF50593) addi a1, a0, 4063
x11 <- 0x0000000000FFFFDF
mem[X,0x0000000080000760] -> 0x3823
mem[X,0x0000000080000762] -> 0x0CB1
[477] [M]: 0x0000000080000760 (0x0CB13823) sd a1, 208(sp)
mem[0x00000000800072A0] <- 0x0000000000FFFFDF
mem[X,0x0000000080000764] -> 0x0513
mem[X,0x0000000080000766] -> 0x0010
[478] [M]: 0x0000000080000764 (0x00100513) addi a0, zero, 1
x10 <- 0x0000000000000001
mem[X,0x0000000080000768] -> 0x1513
mem[X,0x000000008000076A] -> 0x01A5
[479] [M]: 0x0000000080000768 (0x01A51513) slli a0, a0, 26
x10 <- 0x0000000004000000
mem[X,0x000000008000076C] -> 0x0593
mem[X,0x000000008000076E] -> 0x0045
[480] [M]: 0x000000008000076C (0x00450593) addi a1, a0, 4
x11 <- 0x0000000004000004
mem[X,0x0000000080000770] -> 0x3C23
mem[X,0x0000000080000772] -> 0x0CB1
[481] [M]: 0x0000000080000770 (0x0CB13C23) sd a1, 216(sp)
mem[0x00000000800072A8] <- 0x0000000004000004
mem[X,0x0000000080000774] -> 0x0513
mem[X,0x0000000080000776] -> 0x0010
[482] [M]: 0x0000000080000774 (0x00100513) addi a0, zero, 1
x10 <- 0x0000000000000001
mem[X,0x0000000080000778] -> 0x1513
mem[X,0x000000008000077A] -> 0x01B5
[483] [M]: 0x0000000080000778 (0x01B51513) slli a0, a0, 27
x10 <- 0x0000000008000000
mem[X,0x000000008000077C] -> 0x0593
mem[X,0x000000008000077E] -> 0xFD45
[484] [M]: 0x000000008000077C (0xFD450593) addi a1, a0, 4052
x11 <- 0x0000000007FFFFD4
mem[X,0x0000000080000780] -> 0x3023
mem[X,0x0000000080000782] -> 0x0EB1
[485] [M]: 0x0000000080000780 (0x0EB13023) sd a1, 224(sp)
mem[0x00000000800072B0] <- 0x0000000007FFFFD4
mem[X,0x0000000080000784] -> 0x0513
mem[X,0x0000000080000786] -> 0x0010
[486] [M]: 0x0000000080000784 (0x00100513) addi a0, zero, 1
x10 <- 0x0000000000000001
mem[X,0x0000000080000788] -> 0x1513
mem[X,0x000000008000078A] -> 0x01C5
[487] [M]: 0x0000000080000788 (0x01C51513) slli a0, a0, 28
x10 <- 0x0000000010000000
mem[X,0x000000008000078C] -> 0x0593
mem[X,0x000000008000078E] -> 0xFEF5
[488] [M]: 0x000000008000078C (0xFEF50593) addi a1, a0, 4079
x11 <- 0x000000000FFFFFEF
mem[X,0x0000000080000790] -> 0x3423
mem[X,0x0000000080000792] -> 0x0EB1
[489] [M]: 0x0000000080000790 (0x0EB13423) sd a1, 232(sp)
mem[0x00000000800072B8] <- 0x000000000FFFFFEF
mem[X,0x0000000080000794] -> 0x0513
mem[X,0x0000000080000796] -> 0x0010
[490] [M]: 0x0000000080000794 (0x00100513) addi a0, zero, 1
x10 <- 0x0000000000000001
mem[X,0x0000000080000798] -> 0x1513
mem[X,0x000000008000079A] -> 0x01E5
[491] [M]: 0x0000000080000798 (0x01E51513) slli a0, a0, 30
x10 <- 0x0000000040000000
mem[X,0x000000008000079C] -> 0x0593
mem[X,0x000000008000079E] -> 0x0005
[492] [M]: 0x000000008000079C (0x00050593) addi a1, a0, 0
x11 <- 0x0000000040000000
mem[X,0x00000000800007A0] -> 0x3823
mem[X,0x00000000800007A2] -> 0x0EB1
[493] [M]: 0x00000000800007A0 (0x0EB13823) sd a1, 240(sp)
mem[0x00000000800072C0] <- 0x0000000040000000
mem[X,0x00000000800007A4] -> 0x0513
mem[X,0x00000000800007A6] -> 0x0010
[494] [M]: 0x00000000800007A4 (0x00100513) addi a0, zero, 1
x10 <- 0x0000000000000001
mem[X,0x00000000800007A8] -> 0x1513
mem[X,0x00000000800007AA] -> 0x01F5
[495] [M]: 0x00000000800007A8 (0x01F51513) slli a0, a0, 31
x10 <- 0x0000000080000000
mem[X,0x00000000800007AC] -> 0x0593
mem[X,0x00000000800007AE] -> 0x0055
[496] [M]: 0x00000000800007AC (0x00550593) addi a1, a0, 5
x11 <- 0x0000000080000005
mem[X,0x00000000800007B0] -> 0x3C23
mem[X,0x00000000800007B2] -> 0x0EB1
[497] [M]: 0x00000000800007B0 (0x0EB13C23) sd a1, 248(sp)
mem[0x00000000800072C8] <- 0x0000000080000005
mem[X,0x00000000800007B4] -> 0x0513
mem[X,0x00000000800007B6] -> 0x0010
[498] [M]: 0x00000000800007B4 (0x00100513) addi a0, zero, 1
x10 <- 0x0000000000000001
mem[X,0x00000000800007B8] -> 0x1513
mem[X,0x00000000800007BA] -> 0x0205
[499] [M]: 0x00000000800007B8 (0x02051513) slli a0, a0, 32
x10 <- 0x0000000100000000
clint::tick mtime <- 0x0000000000000005
 clint timer pending at mtime 0x0000000000000005
htif::tick 0x0000000000000000
mem[X,0x00000000800007BC] -> 0x0593
mem[X,0x00000000800007BE] -> 0xAAA5
[500] [M]: 0x00000000800007BC (0xAAA50593) addi a1, a0, 2730
x11 <- 0x00000000FFFFFAAA
mem[X,0x00000000800007C0] -> 0x3023
mem[X,0x00000000800007C2] -> 0x10B1
[501] [M]: 0x00000000800007C0 (0x10B13023) sd a1, 256(sp)
mem[0x00000000800072D0] <- 0x00000000FFFFFAAA
mem[X,0x00000000800007C4] -> 0x0513
mem[X,0x00000000800007C6] -> 0x0010
[502] [M]: 0x00000000800007C4 (0x00100513) addi a0, zero, 1
x10 <- 0x0000000000000001
mem[X,0x00000000800007C8] -> 0x1513
mem[X,0x00000000800007CA] -> 0x0215
[503] [M]: 0x00000000800007C8 (0x02151513) slli a0, a0, 33
x10 <- 0x0000000200000000
mem[X,0x00000000800007CC] -> 0x0593
mem[X,0x00000000800007CE] -> 0x0045
[504] [M]: 0x00000000800007CC (0x00450593) addi a1, a0, 4
x11 <- 0x0000000200000004
mem[X,0x00000000800007D0] -> 0x3423
mem[X,0x00000000800007D2] -> 0x10B1
[505] [M]: 0x00000000800007D0 (0x10B13423) sd a1, 264(sp)
mem[0x00000000800072D8] <- 0x0000000200000004
mem[X,0x00000000800007D4] -> 0x0513
mem[X,0x00000000800007D6] -> 0x0010
[506] [M]: 0x00000000800007D4 (0x00100513) addi a0, zero, 1
x10 <- 0x0000000000000001
mem[X,0x00000000800007D8] -> 0x1513
mem[X,0x00000000800007DA] -> 0x0225
[507] [M]: 0x00000000800007D8 (0x02251513) slli a0, a0, 34
x10 <- 0x0000000400000000
mem[X,0x00000000800007DC] -> 0x0593
mem[X,0x00000000800007DE] -> 0x0045
[508] [M]: 0x00000000800007DC (0x00450593) addi a1, a0, 4
x11 <- 0x0000000400000004
mem[X,0x00000000800007E0] -> 0x3823
mem[X,0x00000000800007E2] -> 0x10B1
[509] [M]: 0x00000000800007E0 (0x10B13823) sd a1, 272(sp)
mem[0x00000000800072E0] <- 0x0000000400000004
mem[X,0x00000000800007E4] -> 0x0513
mem[X,0x00000000800007E6] -> 0x0010
[510] [M]: 0x00000000800007E4 (0x00100513) addi a0, zero, 1
x10 <- 0x0000000000000001
mem[X,0x00000000800007E8] -> 0x1513
mem[X,0x00000000800007EA] -> 0x0235
[511] [M]: 0x00000000800007E8 (0x02351513) slli a0, a0, 35
x10 <- 0x0000000800000000
mem[X,0x00000000800007EC] -> 0x0593
mem[X,0x00000000800007EE] -> 0x8005
[512] [M]: 0x00000000800007EC (0x80050593) addi a1, a0, 2048
x11 <- 0x00000007FFFFF800
mem[X,0x00000000800007F0] -> 0x3C23
mem[X,0x00000000800007F2] -> 0x10B1
[513] [M]: 0x00000000800007F0 (0x10B13C23) sd a1, 280(sp)
mem[0x00000000800072E8] <- 0x00000007FFFFF800
mem[X,0x00000000800007F4] -> 0x0513
mem[X,0x00000000800007F6] -> 0x0010
[514] [M]: 0x00000000800007F4 (0x00100513) addi a0, zero, 1
x10 <- 0x0000000000000001
mem[X,0x00000000800007F8] -> 0x1513
mem[X,0x00000000800007FA] -> 0x0245
[515] [M]: 0x00000000800007F8 (0x02451513) slli a0, a0, 36
x10 <- 0x0000001000000000
mem[X,0x00000000800007FC] -> 0x0593
mem[X,0x00000000800007FE] -> 0x6655
[516] [M]: 0x00000000800007FC (0x66550593) addi a1, a0, 1637
x11 <- 0x0000001000000665
mem[X,0x0000000080000800] -> 0x3023
mem[X,0x0000000080000802] -> 0x12B1
[517] [M]: 0x0000000080000800 (0x12B13023) sd a1, 288(sp)
mem[0x00000000800072F0] <- 0x0000001000000665
mem[X,0x0000000080000804] -> 0x0513
mem[X,0x0000000080000806] -> 0x0010
[518] [M]: 0x0000000080000804 (0x00100513) addi a0, zero, 1
x10 <- 0x0000000000000001
mem[X,0x0000000080000808] -> 0x1513
mem[X,0x000000008000080A] -> 0x0255
[519] [M]: 0x0000000080000808 (0x02551513) slli a0, a0, 37
x10 <- 0x0000002000000000
mem[X,0x000000008000080C] -> 0x0593
mem[X,0x000000008000080E] -> 0x0015
[520] [M]: 0x000000008000080C (0x00150593) addi a1, a0, 1
x11 <- 0x0000002000000001
mem[X,0x0000000080000810] -> 0x3423
mem[X,0x0000000080000812] -> 0x12B1
[521] [M]: 0x0000000080000810 (0x12B13423) sd a1, 296(sp)
mem[0x00000000800072F8] <- 0x0000002000000001
mem[X,0x0000000080000814] -> 0x0513
mem[X,0x0000000080000816] -> 0x0010
[522] [M]: 0x0000000080000814 (0x00100513) addi a0, zero, 1
x10 <- 0x0000000000000001
mem[X,0x0000000080000818] -> 0x1513
mem[X,0x000000008000081A] -> 0x0265
[523] [M]: 0x0000000080000818 (0x02651513) slli a0, a0, 38
x10 <- 0x0000004000000000
mem[X,0x000000008000081C] -> 0x0593
mem[X,0x000000008000081E] -> 0x0805
[524] [M]: 0x000000008000081C (0x08050593) addi a1, a0, 128
x11 <- 0x0000004000000080
mem[X,0x0000000080000820] -> 0x3823
mem[X,0x0000000080000822] -> 0x12B1
[525] [M]: 0x0000000080000820 (0x12B13823) sd a1, 304(sp)
mem[0x0000000080007300] <- 0x0000004000000080
mem[X,0x0000000080000824] -> 0x0513
mem[X,0x0000000080000826] -> 0x0010
[526] [M]: 0x0000000080000824 (0x00100513) addi a0, zero, 1
x10 <- 0x0000000000000001
mem[X,0x0000000080000828] -> 0x1513
mem[X,0x000000008000082A] -> 0x0275
[527] [M]: 0x0000000080000828 (0x02751513) slli a0, a0, 39
x10 <- 0x0000008000000000
mem[X,0x000000008000082C] -> 0x0593
mem[X,0x000000008000082E] -> 0xFF85
[528] [M]: 0x000000008000082C (0xFF850593) addi a1, a0, 4088
x11 <- 0x0000007FFFFFFFF8
mem[X,0x0000000080000830] -> 0x3C23
mem[X,0x0000000080000832] -> 0x12B1
[529] [M]: 0x0000000080000830 (0x12B13C23) sd a1, 312(sp)
mem[0x0000000080007308] <- 0x0000007FFFFFFFF8
mem[X,0x0000000080000834] -> 0x0513
mem[X,0x0000000080000836] -> 0x0010
[530] [M]: 0x0000000080000834 (0x00100513) addi a0, zero, 1
x10 <- 0x0000000000000001
mem[X,0x0000000080000838] -> 0x1513
mem[X,0x000000008000083A] -> 0x0285
[531] [M]: 0x0000000080000838 (0x02851513) slli a0, a0, 40
x10 <- 0x0000010000000000
mem[X,0x000000008000083C] -> 0x0593
mem[X,0x000000008000083E] -> 0x02E5
[532] [M]: 0x000000008000083C (0x02E50593) addi a1, a0, 46
x11 <- 0x000001000000002E
mem[X,0x0000000080000840] -> 0x3023
mem[X,0x0000000080000842] -> 0x14B1
[533] [M]: 0x0000000080000840 (0x14B13023) sd a1, 320(sp)
mem[0x0000000080007310] <- 0x000001000000002E
mem[X,0x0000000080000844] -> 0x0513
mem[X,0x0000000080000846] -> 0x0010
[534] [M]: 0x0000000080000844 (0x00100513) addi a0, zero, 1
x10 <- 0x0000000000000001
mem[X,0x0000000080000848] -> 0x1513
mem[X,0x000000008000084A] -> 0x0295
[535] [M]: 0x0000000080000848 (0x02951513) slli a0, a0, 41
x10 <- 0x0000020000000000
mem[X,0x000000008000084C] -> 0x0593
mem[X,0x000000008000084E] -> 0xEFF5
[536] [M]: 0x000000008000084C (0xEFF50593) addi a1, a0, 3839
x11 <- 0x000001FFFFFFFEFF
mem[X,0x0000000080000850] -> 0x3423
mem[X,0x0000000080000852] -> 0x14B1
[537] [M]: 0x0000000080000850 (0x14B13423) sd a1, 328(sp)
mem[0x0000000080007318] <- 0x000001FFFFFFFEFF
mem[X,0x0000000080000854] -> 0x0513
mem[X,0x0000000080000856] -> 0x0010
[538] [M]: 0x0000000080000854 (0x00100513) addi a0, zero, 1
x10 <- 0x0000000000000001
mem[X,0x0000000080000858] -> 0x1513
mem[X,0x000000008000085A] -> 0x02A5
[539] [M]: 0x0000000080000858 (0x02A51513) slli a0, a0, 42
x10 <- 0x0000040000000000
mem[X,0x000000008000085C] -> 0x0593
mem[X,0x000000008000085E] -> 0x2005
[540] [M]: 0x000000008000085C (0x20050593) addi a1, a0, 512
x11 <- 0x0000040000000200
mem[X,0x0000000080000860] -> 0x3823
mem[X,0x0000000080000862] -> 0x14B1
[541] [M]: 0x0000000080000860 (0x14B13823) sd a1, 336(sp)
mem[0x0000000080007320] <- 0x0000040000000200
mem[X,0x0000000080000864] -> 0x0513
mem[X,0x0000000080000866] -> 0x0010
[542] [M]: 0x0000000080000864 (0x00100513) addi a0, zero, 1
x10 <- 0x0000000000000001
mem[X,0x0000000080000868] -> 0x1513
mem[X,0x000000008000086A] -> 0x02B5
[543] [M]: 0x0000000080000868 (0x02B51513) slli a0, a0, 43
x10 <- 0x0000080000000000
mem[X,0x000000008000086C] -> 0x0593
mem[X,0x000000008000086E] -> 0x0085
[544] [M]: 0x000000008000086C (0x00850593) addi a1, a0, 8
x11 <- 0x0000080000000008
mem[X,0x0000000080000870] -> 0x3C23
mem[X,0x0000000080000872] -> 0x14B1
[545] [M]: 0x0000000080000870 (0x14B13C23) sd a1, 344(sp)
mem[0x0000000080007328] <- 0x0000080000000008
mem[X,0x0000000080000874] -> 0x0513
mem[X,0x0000000080000876] -> 0x0010
[546] [M]: 0x0000000080000874 (0x00100513) addi a0, zero, 1
x10 <- 0x0000000000000001
mem[X,0x0000000080000878] -> 0x1513
mem[X,0x000000008000087A] -> 0x02D5
[547] [M]: 0x0000000080000878 (0x02D51513) slli a0, a0, 45
x10 <- 0x0000200000000000
mem[X,0x000000008000087C] -> 0x0593
mem[X,0x000000008000087E] -> 0x0025
[548] [M]: 0x000000008000087C (0x00250593) addi a1, a0, 2
x11 <- 0x0000200000000002
mem[X,0x0000000080000880] -> 0x3023
mem[X,0x0000000080000882] -> 0x16B1
[549] [M]: 0x0000000080000880 (0x16B13023) sd a1, 352(sp)
mem[0x0000000080007330] <- 0x0000200000000002
mem[X,0x0000000080000884] -> 0x0513
mem[X,0x0000000080000886] -> 0x0010
[550] [M]: 0x0000000080000884 (0x00100513) addi a0, zero, 1
x10 <- 0x0000000000000001
mem[X,0x0000000080000888] -> 0x1513
mem[X,0x000000008000088A] -> 0x02E5
[551] [M]: 0x0000000080000888 (0x02E51513) slli a0, a0, 46
x10 <- 0x0000400000000000
mem[X,0x000000008000088C] -> 0x0593
mem[X,0x000000008000088E] -> 0x5545
[552] [M]: 0x000000008000088C (0x55450593) addi a1, a0, 1364
x11 <- 0x0000400000000554
mem[X,0x0000000080000890] -> 0x3423
mem[X,0x0000000080000892] -> 0x16B1
[553] [M]: 0x0000000080000890 (0x16B13423) sd a1, 360(sp)
mem[0x0000000080007338] <- 0x0000400000000554
mem[X,0x0000000080000894] -> 0x0513
mem[X,0x0000000080000896] -> 0x0010
[554] [M]: 0x0000000080000894 (0x00100513) addi a0, zero, 1
x10 <- 0x0000000000000001
mem[X,0x0000000080000898] -> 0x1513
mem[X,0x000000008000089A] -> 0x02F5
[555] [M]: 0x0000000080000898 (0x02F51513) slli a0, a0, 47
x10 <- 0x0000800000000000
mem[X,0x000000008000089C] -> 0x0593
mem[X,0x000000008000089E] -> 0x0045
[556] [M]: 0x000000008000089C (0x00450593) addi a1, a0, 4
x11 <- 0x0000800000000004
mem[X,0x00000000800008A0] -> 0x3823
mem[X,0x00000000800008A2] -> 0x16B1
[557] [M]: 0x00000000800008A0 (0x16B13823) sd a1, 368(sp)
mem[0x0000000080007340] <- 0x0000800000000004
mem[X,0x00000000800008A4] -> 0x0513
mem[X,0x00000000800008A6] -> 0x0010
[558] [M]: 0x00000000800008A4 (0x00100513) addi a0, zero, 1
x10 <- 0x0000000000000001
mem[X,0x00000000800008A8] -> 0x1513
mem[X,0x00000000800008AA] -> 0x0305
[559] [M]: 0x00000000800008A8 (0x03051513) slli a0, a0, 48
x10 <- 0x0001000000000000
mem[X,0x00000000800008AC] -> 0x0593
mem[X,0x00000000800008AE] -> 0x02D5
[560] [M]: 0x00000000800008AC (0x02D50593) addi a1, a0, 45
x11 <- 0x000100000000002D
mem[X,0x00000000800008B0] -> 0x3C23
mem[X,0x00000000800008B2] -> 0x16B1
[561] [M]: 0x00000000800008B0 (0x16B13C23) sd a1, 376(sp)
mem[0x0000000080007348] <- 0x000100000000002D
mem[X,0x00000000800008B4] -> 0x0513
mem[X,0x00000000800008B6] -> 0x0010
[562] [M]: 0x00000000800008B4 (0x00100513) addi a0, zero, 1
x10 <- 0x0000000000000001
mem[X,0x00000000800008B8] -> 0x1513
mem[X,0x00000000800008BA] -> 0x0315
[563] [M]: 0x00000000800008B8 (0x03151513) slli a0, a0, 49
x10 <- 0x0002000000000000
mem[X,0x00000000800008BC] -> 0x0593
mem[X,0x00000000800008BE] -> 0x3325
[564] [M]: 0x00000000800008BC (0x33250593) addi a1, a0, 818
x11 <- 0x0002000000000332
mem[X,0x00000000800008C0] -> 0x3023
mem[X,0x00000000800008C2] -> 0x18B1
[565] [M]: 0x00000000800008C0 (0x18B13023) sd a1, 384(sp)
mem[0x0000000080007350] <- 0x0002000000000332
mem[X,0x00000000800008C4] -> 0x0513
mem[X,0x00000000800008C6] -> 0x0010
[566] [M]: 0x00000000800008C4 (0x00100513) addi a0, zero, 1
x10 <- 0x0000000000000001
mem[X,0x00000000800008C8] -> 0x1513
mem[X,0x00000000800008CA] -> 0x0325
[567] [M]: 0x00000000800008C8 (0x03251513) slli a0, a0, 50
x10 <- 0x0004000000000000
mem[X,0x00000000800008CC] -> 0x0593
mem[X,0x00000000800008CE] -> 0x5555
[568] [M]: 0x00000000800008CC (0x55550593) addi a1, a0, 1365
x11 <- 0x0004000000000555
mem[X,0x00000000800008D0] -> 0x3423
mem[X,0x00000000800008D2] -> 0x18B1
[569] [M]: 0x00000000800008D0 (0x18B13423) sd a1, 392(sp)
mem[0x0000000080007358] <- 0x0004000000000555
mem[X,0x00000000800008D4] -> 0x0513
mem[X,0x00000000800008D6] -> 0x0010
[570] [M]: 0x00000000800008D4 (0x00100513) addi a0, zero, 1
x10 <- 0x0000000000000001
mem[X,0x00000000800008D8] -> 0x1513
mem[X,0x00000000800008DA] -> 0x0335
[571] [M]: 0x00000000800008D8 (0x03351513) slli a0, a0, 51
x10 <- 0x0008000000000000
mem[X,0x00000000800008DC] -> 0x0593
mem[X,0x00000000800008DE] -> 0x0095
[572] [M]: 0x00000000800008DC (0x00950593) addi a1, a0, 9
x11 <- 0x0008000000000009
mem[X,0x00000000800008E0] -> 0x3823
mem[X,0x00000000800008E2] -> 0x18B1
[573] [M]: 0x00000000800008E0 (0x18B13823) sd a1, 400(sp)
mem[0x0000000080007360] <- 0x0008000000000009
mem[X,0x00000000800008E4] -> 0x0513
mem[X,0x00000000800008E6] -> 0x0010
[574] [M]: 0x00000000800008E4 (0x00100513) addi a0, zero, 1
x10 <- 0x0000000000000001
mem[X,0x00000000800008E8] -> 0x1513
mem[X,0x00000000800008EA] -> 0x0345
[575] [M]: 0x00000000800008E8 (0x03451513) slli a0, a0, 52
x10 <- 0x0010000000000000
mem[X,0x00000000800008EC] -> 0x0593
mem[X,0x00000000800008EE] -> 0x0005
[576] [M]: 0x00000000800008EC (0x00050593) addi a1, a0, 0
x11 <- 0x0010000000000000
mem[X,0x00000000800008F0] -> 0x3C23
mem[X,0x00000000800008F2] -> 0x18B1
[577] [M]: 0x00000000800008F0 (0x18B13C23) sd a1, 408(sp)
mem[0x0000000080007368] <- 0x0010000000000000
mem[X,0x00000000800008F4] -> 0x0513
mem[X,0x00000000800008F6] -> 0x0010
[578] [M]: 0x00000000800008F4 (0x00100513) addi a0, zero, 1
x10 <- 0x0000000000000001
mem[X,0x00000000800008F8] -> 0x1513
mem[X,0x00000000800008FA] -> 0x0355
[579] [M]: 0x00000000800008F8 (0x03551513) slli a0, a0, 53
x10 <- 0x0020000000000000
mem[X,0x00000000800008FC] -> 0x0593
mem[X,0x00000000800008FE] -> 0x5545
[580] [M]: 0x00000000800008FC (0x55450593) addi a1, a0, 1364
x11 <- 0x0020000000000554
mem[X,0x0000000080000900] -> 0x3023
mem[X,0x0000000080000902] -> 0x1AB1
[581] [M]: 0x0000000080000900 (0x1AB13023) sd a1, 416(sp)
mem[0x0000000080007370] <- 0x0020000000000554
mem[X,0x0000000080000904] -> 0x0513
mem[X,0x0000000080000906] -> 0x0010
[582] [M]: 0x0000000080000904 (0x00100513) addi a0, zero, 1
x10 <- 0x0000000000000001
mem[X,0x0000000080000908] -> 0x1513
mem[X,0x000000008000090A] -> 0x0375
[583] [M]: 0x0000000080000908 (0x03751513) slli a0, a0, 55
x10 <- 0x0080000000000000
mem[X,0x000000008000090C] -> 0x0593
mem[X,0x000000008000090E] -> 0x0005
[584] [M]: 0x000000008000090C (0x00050593) addi a1, a0, 0
x11 <- 0x0080000000000000
mem[X,0x0000000080000910] -> 0x3423
mem[X,0x0000000080000912] -> 0x1AB1
[585] [M]: 0x0000000080000910 (0x1AB13423) sd a1, 424(sp)
mem[0x0000000080007378] <- 0x0080000000000000
mem[X,0x0000000080000914] -> 0x0513
mem[X,0x0000000080000916] -> 0x0010
[586] [M]: 0x0000000080000914 (0x00100513) addi a0, zero, 1
x10 <- 0x0000000000000001
mem[X,0x0000000080000918] -> 0x1513
mem[X,0x000000008000091A] -> 0x0385
[587] [M]: 0x0000000080000918 (0x03851513) slli a0, a0, 56
x10 <- 0x0100000000000000
mem[X,0x000000008000091C] -> 0x0593
mem[X,0x000000008000091E] -> 0xDFF5
[588] [M]: 0x000000008000091C (0xDFF50593) addi a1, a0, 3583
x11 <- 0x00FFFFFFFFFFFDFF
mem[X,0x0000000080000920] -> 0x3823
mem[X,0x0000000080000922] -> 0x1AB1
[589] [M]: 0x0000000080000920 (0x1AB13823) sd a1, 432(sp)
mem[0x0000000080007380] <- 0x00FFFFFFFFFFFDFF
mem[X,0x0000000080000924] -> 0x0513
mem[X,0x0000000080000926] -> 0x0010
[590] [M]: 0x0000000080000924 (0x00100513) addi a0, zero, 1
x10 <- 0x0000000000000001
mem[X,0x0000000080000928] -> 0x1513
mem[X,0x000000008000092A] -> 0x0395
[591] [M]: 0x0000000080000928 (0x03951513) slli a0, a0, 57
x10 <- 0x0200000000000000
mem[X,0x000000008000092C] -> 0x0593
mem[X,0x000000008000092E] -> 0x8005
[592] [M]: 0x000000008000092C (0x80050593) addi a1, a0, 2048
x11 <- 0x01FFFFFFFFFFF800
mem[X,0x0000000080000930] -> 0x3C23
mem[X,0x0000000080000932] -> 0x1AB1
[593] [M]: 0x0000000080000930 (0x1AB13C23) sd a1, 440(sp)
mem[0x0000000080007388] <- 0x01FFFFFFFFFFF800
mem[X,0x0000000080000934] -> 0x0513
mem[X,0x0000000080000936] -> 0x0010
[594] [M]: 0x0000000080000934 (0x00100513) addi a0, zero, 1
x10 <- 0x0000000000000001
mem[X,0x0000000080000938] -> 0x1513
mem[X,0x000000008000093A] -> 0x03A5
[595] [M]: 0x0000000080000938 (0x03A51513) slli a0, a0, 58
x10 <- 0x0400000000000000
mem[X,0x000000008000093C] -> 0x0593
mem[X,0x000000008000093E] -> 0x0805
[596] [M]: 0x000000008000093C (0x08050593) addi a1, a0, 128
x11 <- 0x0400000000000080
mem[X,0x0000000080000940] -> 0x3023
mem[X,0x0000000080000942] -> 0x1CB1
[597] [M]: 0x0000000080000940 (0x1CB13023) sd a1, 448(sp)
mem[0x0000000080007390] <- 0x0400000000000080
mem[X,0x0000000080000944] -> 0x0513
mem[X,0x0000000080000946] -> 0x0010
[598] [M]: 0x0000000080000944 (0x00100513) addi a0, zero, 1
x10 <- 0x0000000000000001
mem[X,0x0000000080000948] -> 0x1513
mem[X,0x000000008000094A] -> 0x03B5
[599] [M]: 0x0000000080000948 (0x03B51513) slli a0, a0, 59
x10 <- 0x0800000000000000
clint::tick mtime <- 0x0000000000000006
 clint timer pending at mtime 0x0000000000000006
htif::tick 0x0000000000000000
mem[X,0x000000008000094C] -> 0x0593
mem[X,0x000000008000094E] -> 0xF7F5
[600] [M]: 0x000000008000094C (0xF7F50593) addi a1, a0, 3967
x11 <- 0x07FFFFFFFFFFFF7F
mem[X,0x0000000080000950] -> 0x3423
mem[X,0x0000000080000952] -> 0x1CB1
[601] [M]: 0x0000000080000950 (0x1CB13423) sd a1, 456(sp)
mem[0x0000000080007398] <- 0x07FFFFFFFFFFFF7F
mem[X,0x0000000080000954] -> 0x0513
mem[X,0x0000000080000956] -> 0x0010
[602] [M]: 0x0000000080000954 (0x00100513) addi a0, zero, 1
x10 <- 0x0000000000000001
mem[X,0x0000000080000958] -> 0x1513
mem[X,0x000000008000095A] -> 0x03C5
[603] [M]: 0x0000000080000958 (0x03C51513) slli a0, a0, 60
x10 <- 0x1000000000000000
mem[X,0x000000008000095C] -> 0x0593
mem[X,0x000000008000095E] -> 0xFFF5
[604] [M]: 0x000000008000095C (0xFFF50593) addi a1, a0, 4095
x11 <- 0x0FFFFFFFFFFFFFFF
mem[X,0x0000000080000960] -> 0x3823
mem[X,0x0000000080000962] -> 0x1CB1
[605] [M]: 0x0000000080000960 (0x1CB13823) sd a1, 464(sp)
mem[0x00000000800073A0] <- 0x0FFFFFFFFFFFFFFF
mem[X,0x0000000080000964] -> 0x0513
mem[X,0x0000000080000966] -> 0x0010
[606] [M]: 0x0000000080000964 (0x00100513) addi a0, zero, 1
x10 <- 0x0000000000000001
mem[X,0x0000000080000968] -> 0x1513
mem[X,0x000000008000096A] -> 0x03D5
[607] [M]: 0x0000000080000968 (0x03D51513) slli a0, a0, 61
x10 <- 0x2000000000000000
mem[X,0x000000008000096C] -> 0x0593
mem[X,0x000000008000096E] -> 0x0025
[608] [M]: 0x000000008000096C (0x00250593) addi a1, a0, 2
x11 <- 0x2000000000000002
mem[X,0x0000000080000970] -> 0x3C23
mem[X,0x0000000080000972] -> 0x1CB1
[609] [M]: 0x0000000080000970 (0x1CB13C23) sd a1, 472(sp)
mem[0x00000000800073A8] <- 0x2000000000000002
mem[X,0x0000000080000974] -> 0x0513
mem[X,0x0000000080000976] -> 0x0010
[610] [M]: 0x0000000080000974 (0x00100513) addi a0, zero, 1
x10 <- 0x0000000000000001
mem[X,0x0000000080000978] -> 0x1513
mem[X,0x000000008000097A] -> 0x03E5
[611] [M]: 0x0000000080000978 (0x03E51513) slli a0, a0, 62
x10 <- 0x4000000000000000
mem[X,0x000000008000097C] -> 0x0593
mem[X,0x000000008000097E] -> 0x5555
[612] [M]: 0x000000008000097C (0x55550593) addi a1, a0, 1365
x11 <- 0x4000000000000555
mem[X,0x0000000080000980] -> 0x3023
mem[X,0x0000000080000982] -> 0x1EB1
[613] [M]: 0x0000000080000980 (0x1EB13023) sd a1, 480(sp)
mem[0x00000000800073B0] <- 0x4000000000000555
mem[X,0x0000000080000984] -> 0x0513
mem[X,0x0000000080000986] -> 0xFFE0
[614] [M]: 0x0000000080000984 (0xFFE00513) addi a0, zero, 4094
x10 <- 0xFFFFFFFFFFFFFFFE
mem[X,0x0000000080000988] -> 0x0593
mem[X,0x000000008000098A] -> 0xFFE5
[615] [M]: 0x0000000080000988 (0xFFE50593) addi a1, a0, 4094
x11 <- 0xFFFFFFFFFFFFFFFC
mem[X,0x000000008000098C] -> 0x3423
mem[X,0x000000008000098E] -> 0x1EB1
[616] [M]: 0x000000008000098C (0x1EB13423) sd a1, 488(sp)
mem[0x00000000800073B8] <- 0xFFFFFFFFFFFFFFFC
mem[X,0x0000000080000990] -> 0x0513
mem[X,0x0000000080000992] -> 0xFFD0
[617] [M]: 0x0000000080000990 (0xFFD00513) addi a0, zero, 4093
x10 <- 0xFFFFFFFFFFFFFFFD
mem[X,0x0000000080000994] -> 0x0593
mem[X,0x0000000080000996] -> 0x0055
[618] [M]: 0x0000000080000994 (0x00550593) addi a1, a0, 5
x11 <- 0x0000000000000002
mem[X,0x0000000080000998] -> 0x3823
mem[X,0x000000008000099A] -> 0x1EB1
[619] [M]: 0x0000000080000998 (0x1EB13823) sd a1, 496(sp)
mem[0x00000000800073C0] <- 0x0000000000000002
mem[X,0x000000008000099C] -> 0x0513
mem[X,0x000000008000099E] -> 0xFFB0
[620] [M]: 0x000000008000099C (0xFFB00513) addi a0, zero, 4091
x10 <- 0xFFFFFFFFFFFFFFFB
mem[X,0x00000000800009A0] -> 0x0593
mem[X,0x00000000800009A2] -> 0x6655
[621] [M]: 0x00000000800009A0 (0x66550593) addi a1, a0, 1637
x11 <- 0x0000000000000660
mem[X,0x00000000800009A4] -> 0x3C23
mem[X,0x00000000800009A6] -> 0x1EB1
[622] [M]: 0x00000000800009A4 (0x1EB13C23) sd a1, 504(sp)
mem[0x00000000800073C8] <- 0x0000000000000660
mem[X,0x00000000800009A8] -> 0x0513
mem[X,0x00000000800009AA] -> 0xFF70
[623] [M]: 0x00000000800009A8 (0xFF700513) addi a0, zero, 4087
x10 <- 0xFFFFFFFFFFFFFFF7
mem[X,0x00000000800009AC] -> 0x0593
mem[X,0x00000000800009AE] -> 0xDFF5
[624] [M]: 0x00000000800009AC (0xDFF50593) addi a1, a0, 3583
x11 <- 0xFFFFFFFFFFFFFDF6
mem[X,0x00000000800009B0] -> 0x3023
mem[X,0x00000000800009B2] -> 0x20B1
[625] [M]: 0x00000000800009B0 (0x20B13023) sd a1, 512(sp)
mem[0x00000000800073D0] <- 0xFFFFFFFFFFFFFDF6
mem[X,0x00000000800009B4] -> 0x0513
mem[X,0x00000000800009B6] -> 0xFDF0
[626] [M]: 0x00000000800009B4 (0xFDF00513) addi a0, zero, 4063
x10 <- 0xFFFFFFFFFFFFFFDF
mem[X,0x00000000800009B8] -> 0x0593
mem[X,0x00000000800009BA] -> 0x02E5
[627] [M]: 0x00000000800009B8 (0x02E50593) addi a1, a0, 46
x11 <- 0x000000000000000D
mem[X,0x00000000800009BC] -> 0x3423
mem[X,0x00000000800009BE] -> 0x20B1
[628] [M]: 0x00000000800009BC (0x20B13423) sd a1, 520(sp)
mem[0x00000000800073D8] <- 0x000000000000000D
mem[X,0x00000000800009C0] -> 0x0513
mem[X,0x00000000800009C2] -> 0xEFF0
[629] [M]: 0x00000000800009C0 (0xEFF00513) addi a0, zero, 3839
x10 <- 0xFFFFFFFFFFFFFEFF
mem[X,0x00000000800009C4] -> 0x0593
mem[X,0x00000000800009C6] -> 0x0105
[630] [M]: 0x00000000800009C4 (0x01050593) addi a1, a0, 16
x11 <- 0xFFFFFFFFFFFFFF0F
mem[X,0x00000000800009C8] -> 0x3823
mem[X,0x00000000800009CA] -> 0x20B1
[631] [M]: 0x00000000800009C8 (0x20B13823) sd a1, 528(sp)
mem[0x00000000800073E0] <- 0xFFFFFFFFFFFFFF0F
mem[X,0x00000000800009CC] -> 0x0513
mem[X,0x00000000800009CE] -> 0xDFF0
[632] [M]: 0x00000000800009CC (0xDFF00513) addi a0, zero, 3583
x10 <- 0xFFFFFFFFFFFFFDFF
mem[X,0x00000000800009D0] -> 0x0593
mem[X,0x00000000800009D2] -> 0xFF85
[633] [M]: 0x00000000800009D0 (0xFF850593) addi a1, a0, 4088
x11 <- 0xFFFFFFFFFFFFFDF7
mem[X,0x00000000800009D4] -> 0x3C23
mem[X,0x00000000800009D6] -> 0x20B1
[634] [M]: 0x00000000800009D4 (0x20B13C23) sd a1, 536(sp)
mem[0x00000000800073E8] <- 0xFFFFFFFFFFFFFDF7
mem[X,0x00000000800009D8] -> 0x0513
mem[X,0x00000000800009DA] -> 0xBFF0
[635] [M]: 0x00000000800009D8 (0xBFF00513) addi a0, zero, 3071
x10 <- 0xFFFFFFFFFFFFFBFF
mem[X,0x00000000800009DC] -> 0x0593
mem[X,0x00000000800009DE] -> 0x6675
[636] [M]: 0x00000000800009DC (0x66750593) addi a1, a0, 1639
x11 <- 0x0000000000000266
mem[X,0x00000000800009E0] -> 0x3023
mem[X,0x00000000800009E2] -> 0x22B1
[637] [M]: 0x00000000800009E0 (0x22B13023) sd a1, 544(sp)
mem[0x00000000800073F0] <- 0x0000000000000266
mem[X,0x00000000800009E4] -> 0x0513
mem[X,0x00000000800009E6] -> 0x0010
[638] [M]: 0x00000000800009E4 (0x00100513) addi a0, zero, 1
x10 <- 0x0000000000000001
mem[X,0x00000000800009E8] -> 0x1513
mem[X,0x00000000800009EA] -> 0x00B5
[639] [M]: 0x00000000800009E8 (0x00B51513) slli a0, a0, 11
x10 <- 0x0000000000000800
mem[X,0x00000000800009EC] -> 0x4513
mem[X,0x00000000800009EE] -> 0xFFF5
[640] [M]: 0x00000000800009EC (0xFFF54513) xori a0, a0, 4095
x10 <- 0xFFFFFFFFFFFFF7FF
mem[X,0x00000000800009F0] -> 0x0593
mem[X,0x00000000800009F2] -> 0x0035
[641] [M]: 0x00000000800009F0 (0x00350593) addi a1, a0, 3
x11 <- 0xFFFFFFFFFFFFF802
mem[X,0x00000000800009F4] -> 0x3423
mem[X,0x00000000800009F6] -> 0x22B1
[642] [M]: 0x00000000800009F4 (0x22B13423) sd a1, 552(sp)
mem[0x00000000800073F8] <- 0xFFFFFFFFFFFFF802
mem[X,0x00000000800009F8] -> 0x0513
mem[X,0x00000000800009FA] -> 0x0010
[643] [M]: 0x00000000800009F8 (0x00100513) addi a0, zero, 1
x10 <- 0x0000000000000001
mem[X,0x00000000800009FC] -> 0x1513
mem[X,0x00000000800009FE] -> 0x00D5
[644] [M]: 0x00000000800009FC (0x00D51513) slli a0, a0, 13
x10 <- 0x0000000000002000
mem[X,0x0000000080000A00] -> 0x4513
mem[X,0x0000000080000A02] -> 0xFFF5
[645] [M]: 0x0000000080000A00 (0xFFF54513) xori a0, a0, 4095
x10 <- 0xFFFFFFFFFFFFDFFF
mem[X,0x0000000080000A04] -> 0x0593
mem[X,0x0000000080000A06] -> 0xFD35
[646] [M]: 0x0000000080000A04 (0xFD350593) addi a1, a0, 4051
x11 <- 0xFFFFFFFFFFFFDFD2
mem[X,0x0000000080000A08] -> 0x3823
mem[X,0x0000000080000A0A] -> 0x22B1
[647] [M]: 0x0000000080000A08 (0x22B13823) sd a1, 560(sp)
mem[0x0000000080007400] <- 0xFFFFFFFFFFFFDFD2
mem[X,0x0000000080000A0C] -> 0x0513
mem[X,0x0000000080000A0E] -> 0x0010
[648] [M]: 0x0000000080000A0C (0x00100513) addi a0, zero, 1
x10 <- 0x0000000000000001
mem[X,0x0000000080000A10] -> 0x1513
mem[X,0x0000000080000A12] -> 0x00E5
[649] [M]: 0x0000000080000A10 (0x00E51513) slli a0, a0, 14
x10 <- 0x0000000000004000
mem[X,0x0000000080000A14] -> 0x4513
mem[X,0x0000000080000A16] -> 0xFFF5
[650] [M]: 0x0000000080000A14 (0xFFF54513) xori a0, a0, 4095
x10 <- 0xFFFFFFFFFFFFBFFF
mem[X,0x0000000080000A18] -> 0x0593
mem[X,0x0000000080000A1A] -> 0x4005
[651] [M]: 0x0000000080000A18 (0x40050593) addi a1, a0, 1024
x11 <- 0xFFFFFFFFFFFFC3FF
mem[X,0x0000000080000A1C] -> 0x3C23
mem[X,0x0000000080000A1E] -> 0x22B1
[652] [M]: 0x0000000080000A1C (0x22B13C23) sd a1, 568(sp)
mem[0x0000000080007408] <- 0xFFFFFFFFFFFFC3FF
mem[X,0x0000000080000A20] -> 0x0513
mem[X,0x0000000080000A22] -> 0x0010
[653] [M]: 0x0000000080000A20 (0x00100513) addi a0, zero, 1
x10 <- 0x0000000000000001
mem[X,0x0000000080000A24] -> 0x1513
mem[X,0x0000000080000A26] -> 0x00F5
[654] [M]: 0x0000000080000A24 (0x00F51513) slli a0, a0, 15
x10 <- 0x0000000000008000
mem[X,0x0000000080000A28] -> 0x4513
mem[X,0x0000000080000A2A] -> 0xFFF5
[655] [M]: 0x0000000080000A28 (0xFFF54513) xori a0, a0, 4095
x10 <- 0xFFFFFFFFFFFF7FFF
mem[X,0x0000000080000A2C] -> 0x0593
mem[X,0x0000000080000A2E] -> 0x6655
[656] [M]: 0x0000000080000A2C (0x66550593) addi a1, a0, 1637
x11 <- 0xFFFFFFFFFFFF8664
mem[X,0x0000000080000A30] -> 0x3023
mem[X,0x0000000080000A32] -> 0x24B1
[657] [M]: 0x0000000080000A30 (0x24B13023) sd a1, 576(sp)
mem[0x0000000080007410] <- 0xFFFFFFFFFFFF8664
mem[X,0x0000000080000A34] -> 0x0513
mem[X,0x0000000080000A36] -> 0x0010
[658] [M]: 0x0000000080000A34 (0x00100513) addi a0, zero, 1
x10 <- 0x0000000000000001
mem[X,0x0000000080000A38] -> 0x1513
mem[X,0x0000000080000A3A] -> 0x0115
[659] [M]: 0x0000000080000A38 (0x01151513) slli a0, a0, 17
x10 <- 0x0000000000020000
mem[X,0x0000000080000A3C] -> 0x4513
mem[X,0x0000000080000A3E] -> 0xFFF5
[660] [M]: 0x0000000080000A3C (0xFFF54513) xori a0, a0, 4095
x10 <- 0xFFFFFFFFFFFDFFFF
mem[X,0x0000000080000A40] -> 0x0593
mem[X,0x0000000080000A42] -> 0xAAA5
[661] [M]: 0x0000000080000A40 (0xAAA50593) addi a1, a0, 2730
x11 <- 0xFFFFFFFFFFFDFAA9
mem[X,0x0000000080000A44] -> 0x3423
mem[X,0x0000000080000A46] -> 0x24B1
[662] [M]: 0x0000000080000A44 (0x24B13423) sd a1, 584(sp)
mem[0x0000000080007418] <- 0xFFFFFFFFFFFDFAA9
mem[X,0x0000000080000A48] -> 0x0513
mem[X,0x0000000080000A4A] -> 0x0010
[663] [M]: 0x0000000080000A48 (0x00100513) addi a0, zero, 1
x10 <- 0x0000000000000001
mem[X,0x0000000080000A4C] -> 0x1513
mem[X,0x0000000080000A4E] -> 0x0125
[664] [M]: 0x0000000080000A4C (0x01251513) slli a0, a0, 18
x10 <- 0x0000000000040000
mem[X,0x0000000080000A50] -> 0x4513
mem[X,0x0000000080000A52] -> 0xFFF5
[665] [M]: 0x0000000080000A50 (0xFFF54513) xori a0, a0, 4095
x10 <- 0xFFFFFFFFFFFBFFFF
mem[X,0x0000000080000A54] -> 0x0593
mem[X,0x0000000080000A56] -> 0x0055
[666] [M]: 0x0000000080000A54 (0x00550593) addi a1, a0, 5
x11 <- 0xFFFFFFFFFFFC0004
mem[X,0x0000000080000A58] -> 0x3823
mem[X,0x0000000080000A5A] -> 0x24B1
[667] [M]: 0x0000000080000A58 (0x24B13823) sd a1, 592(sp)
mem[0x0000000080007420] <- 0xFFFFFFFFFFFC0004
mem[X,0x0000000080000A5C] -> 0x0513
mem[X,0x0000000080000A5E] -> 0x0010
[668] [M]: 0x0000000080000A5C (0x00100513) addi a0, zero, 1
x10 <- 0x0000000000000001
mem[X,0x0000000080000A60] -> 0x1513
mem[X,0x0000000080000A62] -> 0x0135
[669] [M]: 0x0000000080000A60 (0x01351513) slli a0, a0, 19
x10 <- 0x0000000000080000
mem[X,0x0000000080000A64] -> 0x4513
mem[X,0x0000000080000A66] -> 0xFFF5
[670] [M]: 0x0000000080000A64 (0xFFF54513) xori a0, a0, 4095
x10 <- 0xFFFFFFFFFFF7FFFF
mem[X,0x0000000080000A68] -> 0x0593
mem[X,0x0000000080000A6A] -> 0x3345
[671] [M]: 0x0000000080000A68 (0x33450593) addi a1, a0, 820
x11 <- 0xFFFFFFFFFFF80333
mem[X,0x0000000080000A6C] -> 0x3C23
mem[X,0x0000000080000A6E] -> 0x24B1
[672] [M]: 0x0000000080000A6C (0x24B13C23) sd a1, 600(sp)
mem[0x0000000080007428] <- 0xFFFFFFFFFFF80333
mem[X,0x0000000080000A70] -> 0x0513
mem[X,0x0000000080000A72] -> 0x0010
[673] [M]: 0x0000000080000A70 (0x00100513) addi a0, zero, 1
x10 <- 0x0000000000000001
mem[X,0x0000000080000A74] -> 0x1513
mem[X,0x0000000080000A76] -> 0x0145
[674] [M]: 0x0000000080000A74 (0x01451513) slli a0, a0, 20
x10 <- 0x0000000000100000
mem[X,0x0000000080000A78] -> 0x4513
mem[X,0x0000000080000A7A] -> 0xFFF5
[675] [M]: 0x0000000080000A78 (0xFFF54513) xori a0, a0, 4095
x10 <- 0xFFFFFFFFFFEFFFFF
mem[X,0x0000000080000A7C] -> 0x0593
mem[X,0x0000000080000A7E] -> 0x0055
[676] [M]: 0x0000000080000A7C (0x00550593) addi a1, a0, 5
x11 <- 0xFFFFFFFFFFF00004
mem[X,0x0000000080000A80] -> 0x3023
mem[X,0x0000000080000A82] -> 0x26B1
[677] [M]: 0x0000000080000A80 (0x26B13023) sd a1, 608(sp)
mem[0x0000000080007430] <- 0xFFFFFFFFFFF00004
mem[X,0x0000000080000A84] -> 0x0513
mem[X,0x0000000080000A86] -> 0x0010
[678] [M]: 0x0000000080000A84 (0x00100513) addi a0, zero, 1
x10 <- 0x0000000000000001
mem[X,0x0000000080000A88] -> 0x1513
mem[X,0x0000000080000A8A] -> 0x0155
[679] [M]: 0x0000000080000A88 (0x01551513) slli a0, a0, 21
x10 <- 0x0000000000200000
mem[X,0x0000000080000A8C] -> 0x4513
mem[X,0x0000000080000A8E] -> 0xFFF5
[680] [M]: 0x0000000080000A8C (0xFFF54513) xori a0, a0, 4095
x10 <- 0xFFFFFFFFFFDFFFFF
mem[X,0x0000000080000A90] -> 0x0593
mem[X,0x0000000080000A92] -> 0xFEF5
[681] [M]: 0x0000000080000A90 (0xFEF50593) addi a1, a0, 4079
x11 <- 0xFFFFFFFFFFDFFFEE
mem[X,0x0000000080000A94] -> 0x3423
mem[X,0x0000000080000A96] -> 0x26B1
[682] [M]: 0x0000000080000A94 (0x26B13423) sd a1, 616(sp)
mem[0x0000000080007438] <- 0xFFFFFFFFFFDFFFEE
mem[X,0x0000000080000A98] -> 0x0513
mem[X,0x0000000080000A9A] -> 0x0010
[683] [M]: 0x0000000080000A98 (0x00100513) addi a0, zero, 1
x10 <- 0x0000000000000001
mem[X,0x0000000080000A9C] -> 0x1513
mem[X,0x0000000080000A9E] -> 0x0165
[684] [M]: 0x0000000080000A9C (0x01651513) slli a0, a0, 22
x10 <- 0x0000000000400000
mem[X,0x0000000080000AA0] -> 0x4513
mem[X,0x0000000080000AA2] -> 0xFFF5
[685] [M]: 0x0000000080000AA0 (0xFFF54513) xori a0, a0, 4095
x10 <- 0xFFFFFFFFFFBFFFFF
mem[X,0x0000000080000AA4] -> 0x0593
mem[X,0x0000000080000AA6] -> 0x7FF5
[686] [M]: 0x0000000080000AA4 (0x7FF50593) addi a1, a0, 2047
x11 <- 0xFFFFFFFFFFC007FE
mem[X,0x0000000080000AA8] -> 0x3823
mem[X,0x0000000080000AAA] -> 0x26B1
[687] [M]: 0x0000000080000AA8 (0x26B13823) sd a1, 624(sp)
mem[0x0000000080007440] <- 0xFFFFFFFFFFC007FE
mem[X,0x0000000080000AAC] -> 0x0513
mem[X,0x0000000080000AAE] -> 0x0010
[688] [M]: 0x0000000080000AAC (0x00100513) addi a0, zero, 1
x10 <- 0x0000000000000001
mem[X,0x0000000080000AB0] -> 0x1513
mem[X,0x0000000080000AB2] -> 0x0185
[689] [M]: 0x0000000080000AB0 (0x01851513) slli a0, a0, 24
x10 <- 0x0000000001000000
mem[X,0x0000000080000AB4] -> 0x4513
mem[X,0x0000000080000AB6] -> 0xFFF5
[690] [M]: 0x0000000080000AB4 (0xFFF54513) xori a0, a0, 4095
x10 <- 0xFFFFFFFFFEFFFFFF
mem[X,0x0000000080000AB8] -> 0x0593
mem[X,0x0000000080000ABA] -> 0xAAA5
[691] [M]: 0x0000000080000AB8 (0xAAA50593) addi a1, a0, 2730
x11 <- 0xFFFFFFFFFEFFFAA9
mem[X,0x0000000080000ABC] -> 0x3C23
mem[X,0x0000000080000ABE] -> 0x26B1
[692] [M]: 0x0000000080000ABC (0x26B13C23) sd a1, 632(sp)
mem[0x0000000080007448] <- 0xFFFFFFFFFEFFFAA9
mem[X,0x0000000080000AC0] -> 0x0513
mem[X,0x0000000080000AC2] -> 0x0010
[693] [M]: 0x0000000080000AC0 (0x00100513) addi a0, zero, 1
x10 <- 0x0000000000000001
mem[X,0x0000000080000AC4] -> 0x1513
mem[X,0x0000000080000AC6] -> 0x0195
[694] [M]: 0x0000000080000AC4 (0x01951513) slli a0, a0, 25
x10 <- 0x0000000002000000
mem[X,0x0000000080000AC8] -> 0x4513
mem[X,0x0000000080000ACA] -> 0xFFF5
[695] [M]: 0x0000000080000AC8 (0xFFF54513) xori a0, a0, 4095
x10 <- 0xFFFFFFFFFDFFFFFF
mem[X,0x0000000080000ACC] -> 0x0593
mem[X,0x0000000080000ACE] -> 0xFFE5
[696] [M]: 0x0000000080000ACC (0xFFE50593) addi a1, a0, 4094
x11 <- 0xFFFFFFFFFDFFFFFD
mem[X,0x0000000080000AD0] -> 0x3023
mem[X,0x0000000080000AD2] -> 0x28B1
[697] [M]: 0x0000000080000AD0 (0x28B13023) sd a1, 640(sp)
mem[0x0000000080007450] <- 0xFFFFFFFFFDFFFFFD
mem[X,0x0000000080000AD4] -> 0x0513
mem[X,0x0000000080000AD6] -> 0x0010
[698] [M]: 0x0000000080000AD4 (0x00100513) addi a0, zero, 1
x10 <- 0x0000000000000001
mem[X,0x0000000080000AD8] -> 0x1513
mem[X,0x0000000080000ADA] -> 0x01A5
[699] [M]: 0x0000000080000AD8 (0x01A51513) slli a0, a0, 26
x10 <- 0x0000000004000000
clint::tick mtime <- 0x0000000000000007
 clint timer pending at mtime 0x0000000000000007
htif::tick 0x0000000000000000
mem[X,0x0000000080000ADC] -> 0x4513
mem[X,0x0000000080000ADE] -> 0xFFF5
[700] [M]: 0x0000000080000ADC (0xFFF54513) xori a0, a0, 4095
x10 <- 0xFFFFFFFFFBFFFFFF
mem[X,0x0000000080000AE0] -> 0x0593
mem[X,0x0000000080000AE2] -> 0x0805
[701] [M]: 0x0000000080000AE0 (0x08050593) addi a1, a0, 128
x11 <- 0xFFFFFFFFFC00007F
mem[X,0x0000000080000AE4] -> 0x3423
mem[X,0x0000000080000AE6] -> 0x28B1
[702] [M]: 0x0000000080000AE4 (0x28B13423) sd a1, 648(sp)
mem[0x0000000080007458] <- 0xFFFFFFFFFC00007F
mem[X,0x0000000080000AE8] -> 0x0513
mem[X,0x0000000080000AEA] -> 0x0010
[703] [M]: 0x0000000080000AE8 (0x00100513) addi a0, zero, 1
x10 <- 0x0000000000000001
mem[X,0x0000000080000AEC] -> 0x1513
mem[X,0x0000000080000AEE] -> 0x01D5
[704] [M]: 0x0000000080000AEC (0x01D51513) slli a0, a0, 29
x10 <- 0x0000000020000000
mem[X,0x0000000080000AF0] -> 0x4513
mem[X,0x0000000080000AF2] -> 0xFFF5
[705] [M]: 0x0000000080000AF0 (0xFFF54513) xori a0, a0, 4095
x10 <- 0xFFFFFFFFDFFFFFFF
mem[X,0x0000000080000AF4] -> 0x0593
mem[X,0x0000000080000AF6] -> 0x0005
[706] [M]: 0x0000000080000AF4 (0x00050593) addi a1, a0, 0
x11 <- 0xFFFFFFFFDFFFFFFF
mem[X,0x0000000080000AF8] -> 0x3823
mem[X,0x0000000080000AFA] -> 0x28B1
[707] [M]: 0x0000000080000AF8 (0x28B13823) sd a1, 656(sp)
mem[0x0000000080007460] <- 0xFFFFFFFFDFFFFFFF
mem[X,0x0000000080000AFC] -> 0x0513
mem[X,0x0000000080000AFE] -> 0x0010
[708] [M]: 0x0000000080000AFC (0x00100513) addi a0, zero, 1
x10 <- 0x0000000000000001
mem[X,0x0000000080000B00] -> 0x1513
mem[X,0x0000000080000B02] -> 0x01E5
[709] [M]: 0x0000000080000B00 (0x01E51513) slli a0, a0, 30
x10 <- 0x0000000040000000
mem[X,0x0000000080000B04] -> 0x4513
mem[X,0x0000000080000B06] -> 0xFFF5
[710] [M]: 0x0000000080000B04 (0xFFF54513) xori a0, a0, 4095
x10 <- 0xFFFFFFFFBFFFFFFF
mem[X,0x0000000080000B08] -> 0x0593
mem[X,0x0000000080000B0A] -> 0xFFF5
[711] [M]: 0x0000000080000B08 (0xFFF50593) addi a1, a0, 4095
x11 <- 0xFFFFFFFFBFFFFFFE
mem[X,0x0000000080000B0C] -> 0x3C23
mem[X,0x0000000080000B0E] -> 0x28B1
[712] [M]: 0x0000000080000B0C (0x28B13C23) sd a1, 664(sp)
mem[0x0000000080007468] <- 0xFFFFFFFFBFFFFFFE
mem[X,0x0000000080000B10] -> 0x0513
mem[X,0x0000000080000B12] -> 0x0010
[713] [M]: 0x0000000080000B10 (0x00100513) addi a0, zero, 1
x10 <- 0x0000000000000001
mem[X,0x0000000080000B14] -> 0x1513
mem[X,0x0000000080000B16] -> 0x0205
[714] [M]: 0x0000000080000B14 (0x02051513) slli a0, a0, 32
x10 <- 0x0000000100000000
mem[X,0x0000000080000B18] -> 0x4513
mem[X,0x0000000080000B1A] -> 0xFFF5
[715] [M]: 0x0000000080000B18 (0xFFF54513) xori a0, a0, 4095
x10 <- 0xFFFFFFFEFFFFFFFF
mem[X,0x0000000080000B1C] -> 0x0593
mem[X,0x0000000080000B1E] -> 0xFF65
[716] [M]: 0x0000000080000B1C (0xFF650593) addi a1, a0, 4086
x11 <- 0xFFFFFFFEFFFFFFF5
mem[X,0x0000000080000B20] -> 0x3023
mem[X,0x0000000080000B22] -> 0x2AB1
[717] [M]: 0x0000000080000B20 (0x2AB13023) sd a1, 672(sp)
mem[0x0000000080007470] <- 0xFFFFFFFEFFFFFFF5
mem[X,0x0000000080000B24] -> 0x0513
mem[X,0x0000000080000B26] -> 0x0010
[718] [M]: 0x0000000080000B24 (0x00100513) addi a0, zero, 1
x10 <- 0x0000000000000001
mem[X,0x0000000080000B28] -> 0x1513
mem[X,0x0000000080000B2A] -> 0x0215
[719] [M]: 0x0000000080000B28 (0x02151513) slli a0, a0, 33
x10 <- 0x0000000200000000
mem[X,0x0000000080000B2C] -> 0x4513
mem[X,0x0000000080000B2E] -> 0xFFF5
[720] [M]: 0x0000000080000B2C (0xFFF54513) xori a0, a0, 4095
x10 <- 0xFFFFFFFDFFFFFFFF
mem[X,0x0000000080000B30] -> 0x0593
mem[X,0x0000000080000B32] -> 0xFFD5
[721] [M]: 0x0000000080000B30 (0xFFD50593) addi a1, a0, 4093
x11 <- 0xFFFFFFFDFFFFFFFC
mem[X,0x0000000080000B34] -> 0x3423
mem[X,0x0000000080000B36] -> 0x2AB1
[722] [M]: 0x0000000080000B34 (0x2AB13423) sd a1, 680(sp)
mem[0x0000000080007478] <- 0xFFFFFFFDFFFFFFFC
mem[X,0x0000000080000B38] -> 0x0513
mem[X,0x0000000080000B3A] -> 0x0010
[723] [M]: 0x0000000080000B38 (0x00100513) addi a0, zero, 1
x10 <- 0x0000000000000001
mem[X,0x0000000080000B3C] -> 0x1513
mem[X,0x0000000080000B3E] -> 0x0225
[724] [M]: 0x0000000080000B3C (0x02251513) slli a0, a0, 34
x10 <- 0x0000000400000000
mem[X,0x0000000080000B40] -> 0x4513
mem[X,0x0000000080000B42] -> 0xFFF5
[725] [M]: 0x0000000080000B40 (0xFFF54513) xori a0, a0, 4095
x10 <- 0xFFFFFFFBFFFFFFFF
mem[X,0x0000000080000B44] -> 0x0593
mem[X,0x0000000080000B46] -> 0x0055
[726] [M]: 0x0000000080000B44 (0x00550593) addi a1, a0, 5
x11 <- 0xFFFFFFFC00000004
mem[X,0x0000000080000B48] -> 0x3823
mem[X,0x0000000080000B4A] -> 0x2AB1
[727] [M]: 0x0000000080000B48 (0x2AB13823) sd a1, 688(sp)
mem[0x0000000080007480] <- 0xFFFFFFFC00000004
mem[X,0x0000000080000B4C] -> 0x0513
mem[X,0x0000000080000B4E] -> 0x0010
[728] [M]: 0x0000000080000B4C (0x00100513) addi a0, zero, 1
x10 <- 0x0000000000000001
mem[X,0x0000000080000B50] -> 0x1513
mem[X,0x0000000080000B52] -> 0x0235
[729] [M]: 0x0000000080000B50 (0x02351513) slli a0, a0, 35
x10 <- 0x0000000800000000
mem[X,0x0000000080000B54] -> 0x4513
mem[X,0x0000000080000B56] -> 0xFFF5
[730] [M]: 0x0000000080000B54 (0xFFF54513) xori a0, a0, 4095
x10 <- 0xFFFFFFF7FFFFFFFF
mem[X,0x0000000080000B58] -> 0x0593
mem[X,0x0000000080000B5A] -> 0x3345
[731] [M]: 0x0000000080000B58 (0x33450593) addi a1, a0, 820
x11 <- 0xFFFFFFF800000333
mem[X,0x0000000080000B5C] -> 0x3C23
mem[X,0x0000000080000B5E] -> 0x2AB1
[732] [M]: 0x0000000080000B5C (0x2AB13C23) sd a1, 696(sp)
mem[0x0000000080007488] <- 0xFFFFFFF800000333
mem[X,0x0000000080000B60] -> 0x0513
mem[X,0x0000000080000B62] -> 0x0010
[733] [M]: 0x0000000080000B60 (0x00100513) addi a0, zero, 1
x10 <- 0x0000000000000001
mem[X,0x0000000080000B64] -> 0x1513
mem[X,0x0000000080000B66] -> 0x0245
[734] [M]: 0x0000000080000B64 (0x02451513) slli a0, a0, 36
x10 <- 0x0000001000000000
mem[X,0x0000000080000B68] -> 0x4513
mem[X,0x0000000080000B6A] -> 0xFFF5
[735] [M]: 0x0000000080000B68 (0xFFF54513) xori a0, a0, 4095
x10 <- 0xFFFFFFEFFFFFFFFF
mem[X,0x0000000080000B6C] -> 0x0593
mem[X,0x0000000080000B6E] -> 0xEFF5
[736] [M]: 0x0000000080000B6C (0xEFF50593) addi a1, a0, 3839
x11 <- 0xFFFFFFEFFFFFFEFE
mem[X,0x0000000080000B70] -> 0x3023
mem[X,0x0000000080000B72] -> 0x2CB1
[737] [M]: 0x0000000080000B70 (0x2CB13023) sd a1, 704(sp)
mem[0x0000000080007490] <- 0xFFFFFFEFFFFFFEFE
mem[X,0x0000000080000B74] -> 0x0513
mem[X,0x0000000080000B76] -> 0x0010
[738] [M]: 0x0000000080000B74 (0x00100513) addi a0, zero, 1
x10 <- 0x0000000000000001
mem[X,0x0000000080000B78] -> 0x1513
mem[X,0x0000000080000B7A] -> 0x0255
[739] [M]: 0x0000000080000B78 (0x02551513) slli a0, a0, 37
x10 <- 0x0000002000000000
mem[X,0x0000000080000B7C] -> 0x4513
mem[X,0x0000000080000B7E] -> 0xFFF5
[740] [M]: 0x0000000080000B7C (0xFFF54513) xori a0, a0, 4095
x10 <- 0xFFFFFFDFFFFFFFFF
mem[X,0x0000000080000B80] -> 0x0593
mem[X,0x0000000080000B82] -> 0x0405
[741] [M]: 0x0000000080000B80 (0x04050593) addi a1, a0, 64
x11 <- 0xFFFFFFE00000003F
mem[X,0x0000000080000B84] -> 0x3423
mem[X,0x0000000080000B86] -> 0x2CB1
[742] [M]: 0x0000000080000B84 (0x2CB13423) sd a1, 712(sp)
mem[0x0000000080007498] <- 0xFFFFFFE00000003F
mem[X,0x0000000080000B88] -> 0x0513
mem[X,0x0000000080000B8A] -> 0x0010
[743] [M]: 0x0000000080000B88 (0x00100513) addi a0, zero, 1
x10 <- 0x0000000000000001
mem[X,0x0000000080000B8C] -> 0x1513
mem[X,0x0000000080000B8E] -> 0x0265
[744] [M]: 0x0000000080000B8C (0x02651513) slli a0, a0, 38
x10 <- 0x0000004000000000
mem[X,0x0000000080000B90] -> 0x4513
mem[X,0x0000000080000B92] -> 0xFFF5
[745] [M]: 0x0000000080000B90 (0xFFF54513) xori a0, a0, 4095
x10 <- 0xFFFFFFBFFFFFFFFF
mem[X,0x0000000080000B94] -> 0x0593
mem[X,0x0000000080000B96] -> 0xFD45
[746] [M]: 0x0000000080000B94 (0xFD450593) addi a1, a0, 4052
x11 <- 0xFFFFFFBFFFFFFFD3
mem[X,0x0000000080000B98] -> 0x3823
mem[X,0x0000000080000B9A] -> 0x2CB1
[747] [M]: 0x0000000080000B98 (0x2CB13823) sd a1, 720(sp)
mem[0x00000000800074A0] <- 0xFFFFFFBFFFFFFFD3
mem[X,0x0000000080000B9C] -> 0x0513
mem[X,0x0000000080000B9E] -> 0x0010
[748] [M]: 0x0000000080000B9C (0x00100513) addi a0, zero, 1
x10 <- 0x0000000000000001
mem[X,0x0000000080000BA0] -> 0x1513
mem[X,0x0000000080000BA2] -> 0x0275
[749] [M]: 0x0000000080000BA0 (0x02751513) slli a0, a0, 39
x10 <- 0x0000008000000000
mem[X,0x0000000080000BA4] -> 0x4513
mem[X,0x0000000080000BA6] -> 0xFFF5
[750] [M]: 0x0000000080000BA4 (0xFFF54513) xori a0, a0, 4095
x10 <- 0xFFFFFF7FFFFFFFFF
mem[X,0x0000000080000BA8] -> 0x0593
mem[X,0x0000000080000BAA] -> 0xDFF5
[751] [M]: 0x0000000080000BA8 (0xDFF50593) addi a1, a0, 3583
x11 <- 0xFFFFFF7FFFFFFDFE
mem[X,0x0000000080000BAC] -> 0x3C23
mem[X,0x0000000080000BAE] -> 0x2CB1
[752] [M]: 0x0000000080000BAC (0x2CB13C23) sd a1, 728(sp)
mem[0x00000000800074A8] <- 0xFFFFFF7FFFFFFDFE
mem[X,0x0000000080000BB0] -> 0x0513
mem[X,0x0000000080000BB2] -> 0x0010
[753] [M]: 0x0000000080000BB0 (0x00100513) addi a0, zero, 1
x10 <- 0x0000000000000001
mem[X,0x0000000080000BB4] -> 0x1513
mem[X,0x0000000080000BB6] -> 0x0285
[754] [M]: 0x0000000080000BB4 (0x02851513) slli a0, a0, 40
x10 <- 0x0000010000000000
mem[X,0x0000000080000BB8] -> 0x4513
mem[X,0x0000000080000BBA] -> 0xFFF5
[755] [M]: 0x0000000080000BB8 (0xFFF54513) xori a0, a0, 4095
x10 <- 0xFFFFFEFFFFFFFFFF
mem[X,0x0000000080000BBC] -> 0x0593
mem[X,0x0000000080000BBE] -> 0x02E5
[756] [M]: 0x0000000080000BBC (0x02E50593) addi a1, a0, 46
x11 <- 0xFFFFFF000000002D
mem[X,0x0000000080000BC0] -> 0x3023
mem[X,0x0000000080000BC2] -> 0x2EB1
[757] [M]: 0x0000000080000BC0 (0x2EB13023) sd a1, 736(sp)
mem[0x00000000800074B0] <- 0xFFFFFF000000002D
mem[X,0x0000000080000BC4] -> 0x0513
mem[X,0x0000000080000BC6] -> 0x0010
[758] [M]: 0x0000000080000BC4 (0x00100513) addi a0, zero, 1
x10 <- 0x0000000000000001
mem[X,0x0000000080000BC8] -> 0x1513
mem[X,0x0000000080000BCA] -> 0x0295
[759] [M]: 0x0000000080000BC8 (0x02951513) slli a0, a0, 41
x10 <- 0x0000020000000000
mem[X,0x0000000080000BCC] -> 0x4513
mem[X,0x0000000080000BCE] -> 0xFFF5
[760] [M]: 0x0000000080000BCC (0xFFF54513) xori a0, a0, 4095
x10 <- 0xFFFFFDFFFFFFFFFF
mem[X,0x0000000080000BD0] -> 0x0593
mem[X,0x0000000080000BD2] -> 0xF7F5
[761] [M]: 0x0000000080000BD0 (0xF7F50593) addi a1, a0, 3967
x11 <- 0xFFFFFDFFFFFFFF7E
mem[X,0x0000000080000BD4] -> 0x3423
mem[X,0x0000000080000BD6] -> 0x2EB1
[762] [M]: 0x0000000080000BD4 (0x2EB13423) sd a1, 744(sp)
mem[0x00000000800074B8] <- 0xFFFFFDFFFFFFFF7E
mem[X,0x0000000080000BD8] -> 0x0513
mem[X,0x0000000080000BDA] -> 0x0010
[763] [M]: 0x0000000080000BD8 (0x00100513) addi a0, zero, 1
x10 <- 0x0000000000000001
mem[X,0x0000000080000BDC] -> 0x1513
mem[X,0x0000000080000BDE] -> 0x02C5
[764] [M]: 0x0000000080000BDC (0x02C51513) slli a0, a0, 44
x10 <- 0x0000100000000000
mem[X,0x0000000080000BE0] -> 0x4513
mem[X,0x0000000080000BE2] -> 0xFFF5
[765] [M]: 0x0000000080000BE0 (0xFFF54513) xori a0, a0, 4095
x10 <- 0xFFFFEFFFFFFFFFFF
mem[X,0x0000000080000BE4] -> 0x0593
mem[X,0x0000000080000BE6] -> 0x7FF5
[766] [M]: 0x0000000080000BE4 (0x7FF50593) addi a1, a0, 2047
x11 <- 0xFFFFF000000007FE
mem[X,0x0000000080000BE8] -> 0x3823
mem[X,0x0000000080000BEA] -> 0x2EB1
[767] [M]: 0x0000000080000BE8 (0x2EB13823) sd a1, 752(sp)
mem[0x00000000800074C0] <- 0xFFFFF000000007FE
mem[X,0x0000000080000BEC] -> 0x0513
mem[X,0x0000000080000BEE] -> 0x0010
[768] [M]: 0x0000000080000BEC (0x00100513) addi a0, zero, 1
x10 <- 0x0000000000000001
mem[X,0x0000000080000BF0] -> 0x1513
mem[X,0x0000000080000BF2] -> 0x02D5
[769] [M]: 0x0000000080000BF0 (0x02D51513) slli a0, a0, 45
x10 <- 0x0000200000000000
mem[X,0x0000000080000BF4] -> 0x4513
mem[X,0x0000000080000BF6] -> 0xFFF5
[770] [M]: 0x0000000080000BF4 (0xFFF54513) xori a0, a0, 4095
x10 <- 0xFFFFDFFFFFFFFFFF
mem[X,0x0000000080000BF8] -> 0x0593
mem[X,0x0000000080000BFA] -> 0x5555
[771] [M]: 0x0000000080000BF8 (0x55550593) addi a1, a0, 1365
x11 <- 0xFFFFE00000000554
mem[X,0x0000000080000BFC] -> 0x3C23
mem[X,0x0000000080000BFE] -> 0x2EB1
[772] [M]: 0x0000000080000BFC (0x2EB13C23) sd a1, 760(sp)
mem[0x00000000800074C8] <- 0xFFFFE00000000554
mem[X,0x0000000080000C00] -> 0x0513
mem[X,0x0000000080000C02] -> 0x0010
[773] [M]: 0x0000000080000C00 (0x00100513) addi a0, zero, 1
x10 <- 0x0000000000000001
mem[X,0x0000000080000C04] -> 0x1513
mem[X,0x0000000080000C06] -> 0x02E5
[774] [M]: 0x0000000080000C04 (0x02E51513) slli a0, a0, 46
x10 <- 0x0000400000000000
mem[X,0x0000000080000C08] -> 0x4513
mem[X,0x0000000080000C0A] -> 0xFFF5
[775] [M]: 0x0000000080000C08 (0xFFF54513) xori a0, a0, 4095
x10 <- 0xFFFFBFFFFFFFFFFF
mem[X,0x0000000080000C0C] -> 0x0593
mem[X,0x0000000080000C0E] -> 0x0035
[776] [M]: 0x0000000080000C0C (0x00350593) addi a1, a0, 3
x11 <- 0xFFFFC00000000002
mem[X,0x0000000080000C10] -> 0x3023
mem[X,0x0000000080000C12] -> 0x30B1
[777] [M]: 0x0000000080000C10 (0x30B13023) sd a1, 768(sp)
mem[0x00000000800074D0] <- 0xFFFFC00000000002
mem[X,0x0000000080000C14] -> 0x0513
mem[X,0x0000000080000C16] -> 0x0010
[778] [M]: 0x0000000080000C14 (0x00100513) addi a0, zero, 1
x10 <- 0x0000000000000001
mem[X,0x0000000080000C18] -> 0x1513
mem[X,0x0000000080000C1A] -> 0x02F5
[779] [M]: 0x0000000080000C18 (0x02F51513) slli a0, a0, 47
x10 <- 0x0000800000000000
mem[X,0x0000000080000C1C] -> 0x4513
mem[X,0x0000000080000C1E] -> 0xFFF5
[780] [M]: 0x0000000080000C1C (0xFFF54513) xori a0, a0, 4095
x10 <- 0xFFFF7FFFFFFFFFFF
mem[X,0x0000000080000C20] -> 0x0593
mem[X,0x0000000080000C22] -> 0x8005
[781] [M]: 0x0000000080000C20 (0x80050593) addi a1, a0, 2048
x11 <- 0xFFFF7FFFFFFFF7FF
mem[X,0x0000000080000C24] -> 0x3423
mem[X,0x0000000080000C26] -> 0x30B1
[782] [M]: 0x0000000080000C24 (0x30B13423) sd a1, 776(sp)
mem[0x00000000800074D8] <- 0xFFFF7FFFFFFFF7FF
mem[X,0x0000000080000C28] -> 0x0513
mem[X,0x0000000080000C2A] -> 0x0010
[783] [M]: 0x0000000080000C28 (0x00100513) addi a0, zero, 1
x10 <- 0x0000000000000001
mem[X,0x0000000080000C2C] -> 0x1513
mem[X,0x0000000080000C2E] -> 0x0315
[784] [M]: 0x0000000080000C2C (0x03151513) slli a0, a0, 49
x10 <- 0x0002000000000000
mem[X,0x0000000080000C30] -> 0x4513
mem[X,0x0000000080000C32] -> 0xFFF5
[785] [M]: 0x0000000080000C30 (0xFFF54513) xori a0, a0, 4095
x10 <- 0xFFFDFFFFFFFFFFFF
mem[X,0x0000000080000C34] -> 0x0593
mem[X,0x0000000080000C36] -> 0x6675
[786] [M]: 0x0000000080000C34 (0x66750593) addi a1, a0, 1639
x11 <- 0xFFFE000000000666
mem[X,0x0000000080000C38] -> 0x3823
mem[X,0x0000000080000C3A] -> 0x30B1
[787] [M]: 0x0000000080000C38 (0x30B13823) sd a1, 784(sp)
mem[0x00000000800074E0] <- 0xFFFE000000000666
mem[X,0x0000000080000C3C] -> 0x0513
mem[X,0x0000000080000C3E] -> 0x0010
[788] [M]: 0x0000000080000C3C (0x00100513) addi a0, zero, 1
x10 <- 0x0000000000000001
mem[X,0x0000000080000C40] -> 0x1513
mem[X,0x0000000080000C42] -> 0x0325
[789] [M]: 0x0000000080000C40 (0x03251513) slli a0, a0, 50
x10 <- 0x0004000000000000
mem[X,0x0000000080000C44] -> 0x4513
mem[X,0x0000000080000C46] -> 0xFFF5
[790] [M]: 0x0000000080000C44 (0xFFF54513) xori a0, a0, 4095
x10 <- 0xFFFBFFFFFFFFFFFF
mem[X,0x0000000080000C48] -> 0x0593
mem[X,0x0000000080000C4A] -> 0x0045
[791] [M]: 0x0000000080000C48 (0x00450593) addi a1, a0, 4
x11 <- 0xFFFC000000000003
mem[X,0x0000000080000C4C] -> 0x3C23
mem[X,0x0000000080000C4E] -> 0x30B1
[792] [M]: 0x0000000080000C4C (0x30B13C23) sd a1, 792(sp)
mem[0x00000000800074E8] <- 0xFFFC000000000003
mem[X,0x0000000080000C50] -> 0x0513
mem[X,0x0000000080000C52] -> 0x0010
[793] [M]: 0x0000000080000C50 (0x00100513) addi a0, zero, 1
x10 <- 0x0000000000000001
mem[X,0x0000000080000C54] -> 0x1513
mem[X,0x0000000080000C56] -> 0x0335
[794] [M]: 0x0000000080000C54 (0x03351513) slli a0, a0, 51
x10 <- 0x0008000000000000
mem[X,0x0000000080000C58] -> 0x4513
mem[X,0x0000000080000C5A] -> 0xFFF5
[795] [M]: 0x0000000080000C58 (0xFFF54513) xori a0, a0, 4095
x10 <- 0xFFF7FFFFFFFFFFFF
mem[X,0x0000000080000C5C] -> 0x0593
mem[X,0x0000000080000C5E] -> 0xFD35
[796] [M]: 0x0000000080000C5C (0xFD350593) addi a1, a0, 4051
x11 <- 0xFFF7FFFFFFFFFFD2
mem[X,0x0000000080000C60] -> 0x3023
mem[X,0x0000000080000C62] -> 0x32B1
[797] [M]: 0x0000000080000C60 (0x32B13023) sd a1, 800(sp)
mem[0x00000000800074F0] <- 0xFFF7FFFFFFFFFFD2
mem[X,0x0000000080000C64] -> 0x0513
mem[X,0x0000000080000C66] -> 0x0010
[798] [M]: 0x0000000080000C64 (0x00100513) addi a0, zero, 1
x10 <- 0x0000000000000001
mem[X,0x0000000080000C68] -> 0x1513
mem[X,0x0000000080000C6A] -> 0x0345
[799] [M]: 0x0000000080000C68 (0x03451513) slli a0, a0, 52
x10 <- 0x0010000000000000
clint::tick mtime <- 0x0000000000000008
 clint timer pending at mtime 0x0000000000000008
htif::tick 0x0000000000000000
mem[X,0x0000000080000C6C] -> 0x4513
mem[X,0x0000000080000C6E] -> 0xFFF5
[800] [M]: 0x0000000080000C6C (0xFFF54513) xori a0, a0, 4095
x10 <- 0xFFEFFFFFFFFFFFFF
mem[X,0x0000000080000C70] -> 0x0593
mem[X,0x0000000080000C72] -> 0x3335
[801] [M]: 0x0000000080000C70 (0x33350593) addi a1, a0, 819
x11 <- 0xFFF0000000000332
mem[X,0x0000000080000C74] -> 0x3423
mem[X,0x0000000080000C76] -> 0x32B1
[802] [M]: 0x0000000080000C74 (0x32B13423) sd a1, 808(sp)
mem[0x00000000800074F8] <- 0xFFF0000000000332
mem[X,0x0000000080000C78] -> 0x0513
mem[X,0x0000000080000C7A] -> 0x0010
[803] [M]: 0x0000000080000C78 (0x00100513) addi a0, zero, 1
x10 <- 0x0000000000000001
mem[X,0x0000000080000C7C] -> 0x1513
mem[X,0x0000000080000C7E] -> 0x0355
[804] [M]: 0x0000000080000C7C (0x03551513) slli a0, a0, 53
x10 <- 0x0020000000000000
mem[X,0x0000000080000C80] -> 0x4513
mem[X,0x0000000080000C82] -> 0xFFF5
[805] [M]: 0x0000000080000C80 (0xFFF54513) xori a0, a0, 4095
x10 <- 0xFFDFFFFFFFFFFFFF
mem[X,0x0000000080000C84] -> 0x0593
mem[X,0x0000000080000C86] -> 0x5555
[806] [M]: 0x0000000080000C84 (0x55550593) addi a1, a0, 1365
x11 <- 0xFFE0000000000554
mem[X,0x0000000080000C88] -> 0x3823
mem[X,0x0000000080000C8A] -> 0x32B1
[807] [M]: 0x0000000080000C88 (0x32B13823) sd a1, 816(sp)
mem[0x0000000080007500] <- 0xFFE0000000000554
mem[X,0x0000000080000C8C] -> 0x0513
mem[X,0x0000000080000C8E] -> 0x0010
[808] [M]: 0x0000000080000C8C (0x00100513) addi a0, zero, 1
x10 <- 0x0000000000000001
mem[X,0x0000000080000C90] -> 0x1513
mem[X,0x0000000080000C92] -> 0x0385
[809] [M]: 0x0000000080000C90 (0x03851513) slli a0, a0, 56
x10 <- 0x0100000000000000
mem[X,0x0000000080000C94] -> 0x4513
mem[X,0x0000000080000C96] -> 0xFFF5
[810] [M]: 0x0000000080000C94 (0xFFF54513) xori a0, a0, 4095
x10 <- 0xFEFFFFFFFFFFFFFF
mem[X,0x0000000080000C98] -> 0x0593
mem[X,0x0000000080000C9A] -> 0xFFE5
[811] [M]: 0x0000000080000C98 (0xFFE50593) addi a1, a0, 4094
x11 <- 0xFEFFFFFFFFFFFFFD
mem[X,0x0000000080000C9C] -> 0x3C23
mem[X,0x0000000080000C9E] -> 0x32B1
[812] [M]: 0x0000000080000C9C (0x32B13C23) sd a1, 824(sp)
mem[0x0000000080007508] <- 0xFEFFFFFFFFFFFFFD
mem[X,0x0000000080000CA0] -> 0x0513
mem[X,0x0000000080000CA2] -> 0x0010
[813] [M]: 0x0000000080000CA0 (0x00100513) addi a0, zero, 1
x10 <- 0x0000000000000001
mem[X,0x0000000080000CA4] -> 0x1513
mem[X,0x0000000080000CA6] -> 0x0395
[814] [M]: 0x0000000080000CA4 (0x03951513) slli a0, a0, 57
x10 <- 0x0200000000000000
mem[X,0x0000000080000CA8] -> 0x4513
mem[X,0x0000000080000CAA] -> 0xFFF5
[815] [M]: 0x0000000080000CA8 (0xFFF54513) xori a0, a0, 4095
x10 <- 0xFDFFFFFFFFFFFFFF
mem[X,0x0000000080000CAC] -> 0x0593
mem[X,0x0000000080000CAE] -> 0x4005
[816] [M]: 0x0000000080000CAC (0x40050593) addi a1, a0, 1024
x11 <- 0xFE000000000003FF
mem[X,0x0000000080000CB0] -> 0x3023
mem[X,0x0000000080000CB2] -> 0x34B1
[817] [M]: 0x0000000080000CB0 (0x34B13023) sd a1, 832(sp)
mem[0x0000000080007510] <- 0xFE000000000003FF
mem[X,0x0000000080000CB4] -> 0x0513
mem[X,0x0000000080000CB6] -> 0x0010
[818] [M]: 0x0000000080000CB4 (0x00100513) addi a0, zero, 1
x10 <- 0x0000000000000001
mem[X,0x0000000080000CB8] -> 0x1513
mem[X,0x0000000080000CBA] -> 0x03A5
[819] [M]: 0x0000000080000CB8 (0x03A51513) slli a0, a0, 58
x10 <- 0x0400000000000000
mem[X,0x0000000080000CBC] -> 0x4513
mem[X,0x0000000080000CBE] -> 0xFFF5
[820] [M]: 0x0000000080000CBC (0xFFF54513) xori a0, a0, 4095
x10 <- 0xFBFFFFFFFFFFFFFF
mem[X,0x0000000080000CC0] -> 0x0593
mem[X,0x0000000080000CC2] -> 0x0005
[821] [M]: 0x0000000080000CC0 (0x00050593) addi a1, a0, 0
x11 <- 0xFBFFFFFFFFFFFFFF
mem[X,0x0000000080000CC4] -> 0x3423
mem[X,0x0000000080000CC6] -> 0x34B1
[822] [M]: 0x0000000080000CC4 (0x34B13423) sd a1, 840(sp)
mem[0x0000000080007518] <- 0xFBFFFFFFFFFFFFFF
mem[X,0x0000000080000CC8] -> 0x0513
mem[X,0x0000000080000CCA] -> 0x0010
[823] [M]: 0x0000000080000CC8 (0x00100513) addi a0, zero, 1
x10 <- 0x0000000000000001
mem[X,0x0000000080000CCC] -> 0x1513
mem[X,0x0000000080000CCE] -> 0x03B5
[824] [M]: 0x0000000080000CCC (0x03B51513) slli a0, a0, 59
x10 <- 0x0800000000000000
mem[X,0x0000000080000CD0] -> 0x4513
mem[X,0x0000000080000CD2] -> 0xFFF5
[825] [M]: 0x0000000080000CD0 (0xFFF54513) xori a0, a0, 4095
x10 <- 0xF7FFFFFFFFFFFFFF
mem[X,0x0000000080000CD4] -> 0x0593
mem[X,0x0000000080000CD6] -> 0xF7F5
[826] [M]: 0x0000000080000CD4 (0xF7F50593) addi a1, a0, 3967
x11 <- 0xF7FFFFFFFFFFFF7E
mem[X,0x0000000080000CD8] -> 0x3823
mem[X,0x0000000080000CDA] -> 0x34B1
[827] [M]: 0x0000000080000CD8 (0x34B13823) sd a1, 848(sp)
mem[0x0000000080007520] <- 0xF7FFFFFFFFFFFF7E
mem[X,0x0000000080000CDC] -> 0x0513
mem[X,0x0000000080000CDE] -> 0x0010
[828] [M]: 0x0000000080000CDC (0x00100513) addi a0, zero, 1
x10 <- 0x0000000000000001
mem[X,0x0000000080000CE0] -> 0x1513
mem[X,0x0000000080000CE2] -> 0x03C5
[829] [M]: 0x0000000080000CE0 (0x03C51513) slli a0, a0, 60
x10 <- 0x1000000000000000
mem[X,0x0000000080000CE4] -> 0x4513
mem[X,0x0000000080000CE6] -> 0xFFF5
[830] [M]: 0x0000000080000CE4 (0xFFF54513) xori a0, a0, 4095
x10 <- 0xEFFFFFFFFFFFFFFF
mem[X,0x0000000080000CE8] -> 0x0593
mem[X,0x0000000080000CEA] -> 0x0105
[831] [M]: 0x0000000080000CE8 (0x01050593) addi a1, a0, 16
x11 <- 0xF00000000000000F
mem[X,0x0000000080000CEC] -> 0x3C23
mem[X,0x0000000080000CEE] -> 0x34B1
[832] [M]: 0x0000000080000CEC (0x34B13C23) sd a1, 856(sp)
mem[0x0000000080007528] <- 0xF00000000000000F
mem[X,0x0000000080000CF0] -> 0x0513
mem[X,0x0000000080000CF2] -> 0x0010
[833] [M]: 0x0000000080000CF0 (0x00100513) addi a0, zero, 1
x10 <- 0x0000000000000001
mem[X,0x0000000080000CF4] -> 0x1513
mem[X,0x0000000080000CF6] -> 0x03D5
[834] [M]: 0x0000000080000CF4 (0x03D51513) slli a0, a0, 61
x10 <- 0x2000000000000000
mem[X,0x0000000080000CF8] -> 0x4513
mem[X,0x0000000080000CFA] -> 0xFFF5
[835] [M]: 0x0000000080000CF8 (0xFFF54513) xori a0, a0, 4095
x10 <- 0xDFFFFFFFFFFFFFFF
mem[X,0x0000000080000CFC] -> 0x0593
mem[X,0x0000000080000CFE] -> 0x0035
[836] [M]: 0x0000000080000CFC (0x00350593) addi a1, a0, 3
x11 <- 0xE000000000000002
mem[X,0x0000000080000D00] -> 0x3023
mem[X,0x0000000080000D02] -> 0x36B1
[837] [M]: 0x0000000080000D00 (0x36B13023) sd a1, 864(sp)
mem[0x0000000080007530] <- 0xE000000000000002
mem[X,0x0000000080000D04] -> 0x0513
mem[X,0x0000000080000D06] -> 0x0010
[838] [M]: 0x0000000080000D04 (0x00100513) addi a0, zero, 1
x10 <- 0x0000000000000001
mem[X,0x0000000080000D08] -> 0x1513
mem[X,0x0000000080000D0A] -> 0x03E5
[839] [M]: 0x0000000080000D08 (0x03E51513) slli a0, a0, 62
x10 <- 0x4000000000000000
mem[X,0x0000000080000D0C] -> 0x4513
mem[X,0x0000000080000D0E] -> 0xFFF5
[840] [M]: 0x0000000080000D0C (0xFFF54513) xori a0, a0, 4095
x10 <- 0xBFFFFFFFFFFFFFFF
mem[X,0x0000000080000D10] -> 0x0593
mem[X,0x0000000080000D12] -> 0xDFF5
[841] [M]: 0x0000000080000D10 (0xDFF50593) addi a1, a0, 3583
x11 <- 0xBFFFFFFFFFFFFDFE
mem[X,0x0000000080000D14] -> 0x3423
mem[X,0x0000000080000D16] -> 0x36B1
[842] [M]: 0x0000000080000D14 (0x36B13423) sd a1, 872(sp)
mem[0x0000000080007538] <- 0xBFFFFFFFFFFFFDFE
mem[X,0x0000000080000D18] -> 0x5537
mem[X,0x0000000080000D1A] -> 0x5555
[843] [M]: 0x0000000080000D18 (0x55555537) lui a0, 349525
x10 <- 0x0000000055555000
mem[X,0x0000000080000D1C] -> 0x0513
mem[X,0x0000000080000D1E] -> 0x5555
[844] [M]: 0x0000000080000D1C (0x55550513) addi a0, a0, 1365
x10 <- 0x0000000055555555
mem[X,0x0000000080000D20] -> 0x1513
mem[X,0x0000000080000D22] -> 0x00B5
[845] [M]: 0x0000000080000D20 (0x00B51513) slli a0, a0, 11
x10 <- 0x000002AAAAAAA800
mem[X,0x0000000080000D24] -> 0x0513
mem[X,0x0000000080000D26] -> 0x2AA5
[846] [M]: 0x0000000080000D24 (0x2AA50513) addi a0, a0, 682
x10 <- 0x000002AAAAAAAAAA
mem[X,0x0000000080000D28] -> 0x1513
mem[X,0x0000000080000D2A] -> 0x00B5
[847] [M]: 0x0000000080000D28 (0x00B51513) slli a0, a0, 11
x10 <- 0x0015555555555000
mem[X,0x0000000080000D2C] -> 0x0513
mem[X,0x0000000080000D2E] -> 0x5555
[848] [M]: 0x0000000080000D2C (0x55550513) addi a0, a0, 1365
x10 <- 0x0015555555555555
mem[X,0x0000000080000D30] -> 0x1513
mem[X,0x0000000080000D32] -> 0x00A5
[849] [M]: 0x0000000080000D30 (0x00A51513) slli a0, a0, 10
x10 <- 0x5555555555555400
mem[X,0x0000000080000D34] -> 0x0513
mem[X,0x0000000080000D36] -> 0x1555
[850] [M]: 0x0000000080000D34 (0x15550513) addi a0, a0, 341
x10 <- 0x5555555555555555
mem[X,0x0000000080000D38] -> 0x0593
mem[X,0x0000000080000D3A] -> 0x0065
[851] [M]: 0x0000000080000D38 (0x00650593) addi a1, a0, 6
x11 <- 0x555555555555555B
mem[X,0x0000000080000D3C] -> 0x3823
mem[X,0x0000000080000D3E] -> 0x36B1
[852] [M]: 0x0000000080000D3C (0x36B13823) sd a1, 880(sp)
mem[0x0000000080007540] <- 0x555555555555555B
mem[X,0x0000000080000D40] -> 0xB537
mem[X,0x0000000080000D42] -> 0xAAAA
[853] [M]: 0x0000000080000D40 (0xAAAAB537) lui a0, 699051
x10 <- 0xFFFFFFFFAAAAB000
mem[X,0x0000000080000D44] -> 0x0513
mem[X,0x0000000080000D46] -> 0xAAA5
[854] [M]: 0x0000000080000D44 (0xAAA50513) addi a0, a0, 2730
x10 <- 0xFFFFFFFFAAAAAAAA
mem[X,0x0000000080000D48] -> 0x1513
mem[X,0x0000000080000D4A] -> 0x00B5
[855] [M]: 0x0000000080000D48 (0x00B51513) slli a0, a0, 11
x10 <- 0xFFFFFD5555555000
mem[X,0x0000000080000D4C] -> 0x0513
mem[X,0x0000000080000D4E] -> 0x5555
[856] [M]: 0x0000000080000D4C (0x55550513) addi a0, a0, 1365
x10 <- 0xFFFFFD5555555555
mem[X,0x0000000080000D50] -> 0x1513
mem[X,0x0000000080000D52] -> 0x00B5
[857] [M]: 0x0000000080000D50 (0x00B51513) slli a0, a0, 11
x10 <- 0xFFEAAAAAAAAAA800
mem[X,0x0000000080000D54] -> 0x0513
mem[X,0x0000000080000D56] -> 0x2AA5
[858] [M]: 0x0000000080000D54 (0x2AA50513) addi a0, a0, 682
x10 <- 0xFFEAAAAAAAAAAAAA
mem[X,0x0000000080000D58] -> 0x1513
mem[X,0x0000000080000D5A] -> 0x00A5
[859] [M]: 0x0000000080000D58 (0x00A51513) slli a0, a0, 10
x10 <- 0xAAAAAAAAAAAAA800
mem[X,0x0000000080000D5C] -> 0x0513
mem[X,0x0000000080000D5E] -> 0x2AA5
[860] [M]: 0x0000000080000D5C (0x2AA50513) addi a0, a0, 682
x10 <- 0xAAAAAAAAAAAAAAAA
mem[X,0x0000000080000D60] -> 0x0593
mem[X,0x0000000080000D62] -> 0x0085
[861] [M]: 0x0000000080000D60 (0x00850593) addi a1, a0, 8
x11 <- 0xAAAAAAAAAAAAAAB2
mem[X,0x0000000080000D64] -> 0x3C23
mem[X,0x0000000080000D66] -> 0x36B1
[862] [M]: 0x0000000080000D64 (0x36B13C23) sd a1, 888(sp)
mem[0x0000000080007548] <- 0xAAAAAAAAAAAAAAB2
mem[X,0x0000000080000D68] -> 0x0513
mem[X,0x0000000080000D6A] -> 0x0030
[863] [M]: 0x0000000080000D68 (0x00300513) addi a0, zero, 3
x10 <- 0x0000000000000003
mem[X,0x0000000080000D6C] -> 0x0593
mem[X,0x0000000080000D6E] -> 0x0035
[864] [M]: 0x0000000080000D6C (0x00350593) addi a1, a0, 3
x11 <- 0x0000000000000006
mem[X,0x0000000080000D70] -> 0x3023
mem[X,0x0000000080000D72] -> 0x38B1
[865] [M]: 0x0000000080000D70 (0x38B13023) sd a1, 896(sp)
mem[0x0000000080007550] <- 0x0000000000000006
mem[X,0x0000000080000D74] -> 0x0513
mem[X,0x0000000080000D76] -> 0x0030
[866] [M]: 0x0000000080000D74 (0x00300513) addi a0, zero, 3
x10 <- 0x0000000000000003
mem[X,0x0000000080000D78] -> 0x0593
mem[X,0x0000000080000D7A] -> 0x5555
[867] [M]: 0x0000000080000D78 (0x55550593) addi a1, a0, 1365
x11 <- 0x0000000000000558
mem[X,0x0000000080000D7C] -> 0x3423
mem[X,0x0000000080000D7E] -> 0x38B1
[868] [M]: 0x0000000080000D7C (0x38B13423) sd a1, 904(sp)
mem[0x0000000080007558] <- 0x0000000000000558
mem[X,0x0000000080000D80] -> 0x0513
mem[X,0x0000000080000D82] -> 0x0030
[869] [M]: 0x0000000080000D80 (0x00300513) addi a0, zero, 3
x10 <- 0x0000000000000003
mem[X,0x0000000080000D84] -> 0x0593
mem[X,0x0000000080000D86] -> 0xAAA5
[870] [M]: 0x0000000080000D84 (0xAAA50593) addi a1, a0, 2730
x11 <- 0xFFFFFFFFFFFFFAAD
mem[X,0x0000000080000D88] -> 0x3823
mem[X,0x0000000080000D8A] -> 0x38B1
[871] [M]: 0x0000000080000D88 (0x38B13823) sd a1, 912(sp)
mem[0x0000000080007560] <- 0xFFFFFFFFFFFFFAAD
mem[X,0x0000000080000D8C] -> 0x0513
mem[X,0x0000000080000D8E] -> 0x0030
[872] [M]: 0x0000000080000D8C (0x00300513) addi a0, zero, 3
x10 <- 0x0000000000000003
mem[X,0x0000000080000D90] -> 0x0593
mem[X,0x0000000080000D92] -> 0x0055
[873] [M]: 0x0000000080000D90 (0x00550593) addi a1, a0, 5
x11 <- 0x0000000000000008
mem[X,0x0000000080000D94] -> 0x3C23
mem[X,0x0000000080000D96] -> 0x38B1
[874] [M]: 0x0000000080000D94 (0x38B13C23) sd a1, 920(sp)
mem[0x0000000080007568] <- 0x0000000000000008
mem[X,0x0000000080000D98] -> 0x0513
mem[X,0x0000000080000D9A] -> 0x0030
[875] [M]: 0x0000000080000D98 (0x00300513) addi a0, zero, 3
x10 <- 0x0000000000000003
mem[X,0x0000000080000D9C] -> 0x0593
mem[X,0x0000000080000D9E] -> 0x3335
[876] [M]: 0x0000000080000D9C (0x33350593) addi a1, a0, 819
x11 <- 0x0000000000000336
mem[X,0x0000000080000DA0] -> 0x3023
mem[X,0x0000000080000DA2] -> 0x3AB1
[877] [M]: 0x0000000080000DA0 (0x3AB13023) sd a1, 928(sp)
mem[0x0000000080007570] <- 0x0000000000000336
mem[X,0x0000000080000DA4] -> 0x0513
mem[X,0x0000000080000DA6] -> 0x0030
[878] [M]: 0x0000000080000DA4 (0x00300513) addi a0, zero, 3
x10 <- 0x0000000000000003
mem[X,0x0000000080000DA8] -> 0x0593
mem[X,0x0000000080000DAA] -> 0x6665
[879] [M]: 0x0000000080000DA8 (0x66650593) addi a1, a0, 1638
x11 <- 0x0000000000000669
mem[X,0x0000000080000DAC] -> 0x3423
mem[X,0x0000000080000DAE] -> 0x3AB1
[880] [M]: 0x0000000080000DAC (0x3AB13423) sd a1, 936(sp)
mem[0x0000000080007578] <- 0x0000000000000669
mem[X,0x0000000080000DB0] -> 0x0513
mem[X,0x0000000080000DB2] -> 0x0030
[881] [M]: 0x0000000080000DB0 (0x00300513) addi a0, zero, 3
x10 <- 0x0000000000000003
mem[X,0x0000000080000DB4] -> 0x0593
mem[X,0x0000000080000DB6] -> 0xFD35
[882] [M]: 0x0000000080000DB4 (0xFD350593) addi a1, a0, 4051
x11 <- 0xFFFFFFFFFFFFFFD6
mem[X,0x0000000080000DB8] -> 0x3823
mem[X,0x0000000080000DBA] -> 0x3AB1
[883] [M]: 0x0000000080000DB8 (0x3AB13823) sd a1, 944(sp)
mem[0x0000000080007580] <- 0xFFFFFFFFFFFFFFD6
mem[X,0x0000000080000DBC] -> 0x0513
mem[X,0x0000000080000DBE] -> 0x0030
[884] [M]: 0x0000000080000DBC (0x00300513) addi a0, zero, 3
x10 <- 0x0000000000000003
mem[X,0x0000000080000DC0] -> 0x0593
mem[X,0x0000000080000DC2] -> 0x02D5
[885] [M]: 0x0000000080000DC0 (0x02D50593) addi a1, a0, 45
x11 <- 0x0000000000000030
mem[X,0x0000000080000DC4] -> 0x3C23
mem[X,0x0000000080000DC6] -> 0x3AB1
[886] [M]: 0x0000000080000DC4 (0x3AB13C23) sd a1, 952(sp)
mem[0x0000000080007588] <- 0x0000000000000030
mem[X,0x0000000080000DC8] -> 0x0513
mem[X,0x0000000080000DCA] -> 0x0030
[887] [M]: 0x0000000080000DC8 (0x00300513) addi a0, zero, 3
x10 <- 0x0000000000000003
mem[X,0x0000000080000DCC] -> 0x0593
mem[X,0x0000000080000DCE] -> 0x0025
[888] [M]: 0x0000000080000DCC (0x00250593) addi a1, a0, 2
x11 <- 0x0000000000000005
mem[X,0x0000000080000DD0] -> 0x3023
mem[X,0x0000000080000DD2] -> 0x3CB1
[889] [M]: 0x0000000080000DD0 (0x3CB13023) sd a1, 960(sp)
mem[0x0000000080007590] <- 0x0000000000000005
mem[X,0x0000000080000DD4] -> 0x0513
mem[X,0x0000000080000DD6] -> 0x0030
[890] [M]: 0x0000000080000DD4 (0x00300513) addi a0, zero, 3
x10 <- 0x0000000000000003
mem[X,0x0000000080000DD8] -> 0x0593
mem[X,0x0000000080000DDA] -> 0x5545
[891] [M]: 0x0000000080000DD8 (0x55450593) addi a1, a0, 1364
x11 <- 0x0000000000000557
mem[X,0x0000000080000DDC] -> 0x3423
mem[X,0x0000000080000DDE] -> 0x3CB1
[892] [M]: 0x0000000080000DDC (0x3CB13423) sd a1, 968(sp)
mem[0x0000000080007598] <- 0x0000000000000557
mem[X,0x0000000080000DE0] -> 0x0513
mem[X,0x0000000080000DE2] -> 0x0030
[893] [M]: 0x0000000080000DE0 (0x00300513) addi a0, zero, 3
x10 <- 0x0000000000000003
mem[X,0x0000000080000DE4] -> 0x0593
mem[X,0x0000000080000DE6] -> 0x0005
[894] [M]: 0x0000000080000DE4 (0x00050593) addi a1, a0, 0
x11 <- 0x0000000000000003
mem[X,0x0000000080000DE8] -> 0x3823
mem[X,0x0000000080000DEA] -> 0x3CB1
[895] [M]: 0x0000000080000DE8 (0x3CB13823) sd a1, 976(sp)
mem[0x00000000800075A0] <- 0x0000000000000003
mem[X,0x0000000080000DEC] -> 0x0513
mem[X,0x0000000080000DEE] -> 0x0030
[896] [M]: 0x0000000080000DEC (0x00300513) addi a0, zero, 3
x10 <- 0x0000000000000003
mem[X,0x0000000080000DF0] -> 0x0593
mem[X,0x0000000080000DF2] -> 0x0045
[897] [M]: 0x0000000080000DF0 (0x00450593) addi a1, a0, 4
x11 <- 0x0000000000000007
mem[X,0x0000000080000DF4] -> 0x3C23
mem[X,0x0000000080000DF6] -> 0x3CB1
[898] [M]: 0x0000000080000DF4 (0x3CB13C23) sd a1, 984(sp)
mem[0x00000000800075A8] <- 0x0000000000000007
mem[X,0x0000000080000DF8] -> 0x0513
mem[X,0x0000000080000DFA] -> 0x0030
[899] [M]: 0x0000000080000DF8 (0x00300513) addi a0, zero, 3
x10 <- 0x0000000000000003
clint::tick mtime <- 0x0000000000000009
 clint timer pending at mtime 0x0000000000000009
htif::tick 0x0000000000000000
mem[X,0x0000000080000DFC] -> 0x0593
mem[X,0x0000000080000DFE] -> 0x3325
[900] [M]: 0x0000000080000DFC (0x33250593) addi a1, a0, 818
x11 <- 0x0000000000000335
mem[X,0x0000000080000E00] -> 0x3023
mem[X,0x0000000080000E02] -> 0x3EB1
[901] [M]: 0x0000000080000E00 (0x3EB13023) sd a1, 992(sp)
mem[0x00000000800075B0] <- 0x0000000000000335
mem[X,0x0000000080000E04] -> 0x0513
mem[X,0x0000000080000E06] -> 0x0030
[902] [M]: 0x0000000080000E04 (0x00300513) addi a0, zero, 3
x10 <- 0x0000000000000003
mem[X,0x0000000080000E08] -> 0x0593
mem[X,0x0000000080000E0A] -> 0x6655
[903] [M]: 0x0000000080000E08 (0x66550593) addi a1, a0, 1637
x11 <- 0x0000000000000668
mem[X,0x0000000080000E0C] -> 0x3423
mem[X,0x0000000080000E0E] -> 0x3EB1
[904] [M]: 0x0000000080000E0C (0x3EB13423) sd a1, 1000(sp)
mem[0x00000000800075B8] <- 0x0000000000000668
mem[X,0x0000000080000E10] -> 0x0513
mem[X,0x0000000080000E12] -> 0x0030
[905] [M]: 0x0000000080000E10 (0x00300513) addi a0, zero, 3
x10 <- 0x0000000000000003
mem[X,0x0000000080000E14] -> 0x0593
mem[X,0x0000000080000E16] -> 0x02C5
[906] [M]: 0x0000000080000E14 (0x02C50593) addi a1, a0, 44
x11 <- 0x000000000000002F
mem[X,0x0000000080000E18] -> 0x3823
mem[X,0x0000000080000E1A] -> 0x3EB1
[907] [M]: 0x0000000080000E18 (0x3EB13823) sd a1, 1008(sp)
mem[0x00000000800075C0] <- 0x000000000000002F
mem[X,0x0000000080000E1C] -> 0x0513
mem[X,0x0000000080000E1E] -> 0x0030
[908] [M]: 0x0000000080000E1C (0x00300513) addi a0, zero, 3
x10 <- 0x0000000000000003
mem[X,0x0000000080000E20] -> 0x0593
mem[X,0x0000000080000E22] -> 0x5565
[909] [M]: 0x0000000080000E20 (0x55650593) addi a1, a0, 1366
x11 <- 0x0000000000000559
mem[X,0x0000000080000E24] -> 0x3C23
mem[X,0x0000000080000E26] -> 0x3EB1
[910] [M]: 0x0000000080000E24 (0x3EB13C23) sd a1, 1016(sp)
mem[0x00000000800075C8] <- 0x0000000000000559
mem[X,0x0000000080000E28] -> 0x0513
mem[X,0x0000000080000E2A] -> 0x0030
[911] [M]: 0x0000000080000E28 (0x00300513) addi a0, zero, 3
x10 <- 0x0000000000000003
mem[X,0x0000000080000E2C] -> 0x0593
mem[X,0x0000000080000E2E] -> 0xAAB5
[912] [M]: 0x0000000080000E2C (0xAAB50593) addi a1, a0, 2731
x11 <- 0xFFFFFFFFFFFFFAAE
mem[X,0x0000000080000E30] -> 0x3023
mem[X,0x0000000080000E32] -> 0x40B1
[913] [M]: 0x0000000080000E30 (0x40B13023) sd a1, 1024(sp)
mem[0x00000000800075D0] <- 0xFFFFFFFFFFFFFAAE
mem[X,0x0000000080000E34] -> 0x0513
mem[X,0x0000000080000E36] -> 0x0030
[914] [M]: 0x0000000080000E34 (0x00300513) addi a0, zero, 3
x10 <- 0x0000000000000003
mem[X,0x0000000080000E38] -> 0x0593
mem[X,0x0000000080000E3A] -> 0x0065
[915] [M]: 0x0000000080000E38 (0x00650593) addi a1, a0, 6
x11 <- 0x0000000000000009
mem[X,0x0000000080000E3C] -> 0x3423
mem[X,0x0000000080000E3E] -> 0x40B1
[916] [M]: 0x0000000080000E3C (0x40B13423) sd a1, 1032(sp)
mem[0x00000000800075D8] <- 0x0000000000000009
mem[X,0x0000000080000E40] -> 0x0513
mem[X,0x0000000080000E42] -> 0x0030
[917] [M]: 0x0000000080000E40 (0x00300513) addi a0, zero, 3
x10 <- 0x0000000000000003
mem[X,0x0000000080000E44] -> 0x0593
mem[X,0x0000000080000E46] -> 0x3345
[918] [M]: 0x0000000080000E44 (0x33450593) addi a1, a0, 820
x11 <- 0x0000000000000337
mem[X,0x0000000080000E48] -> 0x3823
mem[X,0x0000000080000E4A] -> 0x40B1
[919] [M]: 0x0000000080000E48 (0x40B13823) sd a1, 1040(sp)
mem[0x00000000800075E0] <- 0x0000000000000337
mem[X,0x0000000080000E4C] -> 0x0513
mem[X,0x0000000080000E4E] -> 0x0030
[920] [M]: 0x0000000080000E4C (0x00300513) addi a0, zero, 3
x10 <- 0x0000000000000003
mem[X,0x0000000080000E50] -> 0x0593
mem[X,0x0000000080000E52] -> 0x6675
[921] [M]: 0x0000000080000E50 (0x66750593) addi a1, a0, 1639
x11 <- 0x000000000000066A
mem[X,0x0000000080000E54] -> 0x3C23
mem[X,0x0000000080000E56] -> 0x40B1
[922] [M]: 0x0000000080000E54 (0x40B13C23) sd a1, 1048(sp)
mem[0x00000000800075E8] <- 0x000000000000066A
mem[X,0x0000000080000E58] -> 0x0513
mem[X,0x0000000080000E5A] -> 0x0030
[923] [M]: 0x0000000080000E58 (0x00300513) addi a0, zero, 3
x10 <- 0x0000000000000003
mem[X,0x0000000080000E5C] -> 0x0593
mem[X,0x0000000080000E5E] -> 0xFD45
[924] [M]: 0x0000000080000E5C (0xFD450593) addi a1, a0, 4052
x11 <- 0xFFFFFFFFFFFFFFD7
mem[X,0x0000000080000E60] -> 0x3023
mem[X,0x0000000080000E62] -> 0x42B1
[925] [M]: 0x0000000080000E60 (0x42B13023) sd a1, 1056(sp)
mem[0x00000000800075F0] <- 0xFFFFFFFFFFFFFFD7
mem[X,0x0000000080000E64] -> 0x0513
mem[X,0x0000000080000E66] -> 0x0030
[926] [M]: 0x0000000080000E64 (0x00300513) addi a0, zero, 3
x10 <- 0x0000000000000003
mem[X,0x0000000080000E68] -> 0x0593
mem[X,0x0000000080000E6A] -> 0x02E5
[927] [M]: 0x0000000080000E68 (0x02E50593) addi a1, a0, 46
x11 <- 0x0000000000000031
mem[X,0x0000000080000E6C] -> 0x3423
mem[X,0x0000000080000E6E] -> 0x42B1
[928] [M]: 0x0000000080000E6C (0x42B13423) sd a1, 1064(sp)
mem[0x00000000800075F8] <- 0x0000000000000031
mem[X,0x0000000080000E70] -> 0x5537
mem[X,0x0000000080000E72] -> 0x5555
[929] [M]: 0x0000000080000E70 (0x55555537) lui a0, 349525
x10 <- 0x0000000055555000
mem[X,0x0000000080000E74] -> 0x0513
mem[X,0x0000000080000E76] -> 0x5555
[930] [M]: 0x0000000080000E74 (0x55550513) addi a0, a0, 1365
x10 <- 0x0000000055555555
mem[X,0x0000000080000E78] -> 0x1513
mem[X,0x0000000080000E7A] -> 0x00B5
[931] [M]: 0x0000000080000E78 (0x00B51513) slli a0, a0, 11
x10 <- 0x000002AAAAAAA800
mem[X,0x0000000080000E7C] -> 0x0513
mem[X,0x0000000080000E7E] -> 0x2AA5
[932] [M]: 0x0000000080000E7C (0x2AA50513) addi a0, a0, 682
x10 <- 0x000002AAAAAAAAAA
mem[X,0x0000000080000E80] -> 0x1513
mem[X,0x0000000080000E82] -> 0x00B5
[933] [M]: 0x0000000080000E80 (0x00B51513) slli a0, a0, 11
x10 <- 0x0015555555555000
mem[X,0x0000000080000E84] -> 0x0513
mem[X,0x0000000080000E86] -> 0x5555
[934] [M]: 0x0000000080000E84 (0x55550513) addi a0, a0, 1365
x10 <- 0x0015555555555555
mem[X,0x0000000080000E88] -> 0x1513
mem[X,0x0000000080000E8A] -> 0x00A5
[935] [M]: 0x0000000080000E88 (0x00A51513) slli a0, a0, 10
x10 <- 0x5555555555555400
mem[X,0x0000000080000E8C] -> 0x0513
mem[X,0x0000000080000E8E] -> 0x1555
[936] [M]: 0x0000000080000E8C (0x15550513) addi a0, a0, 341
x10 <- 0x5555555555555555
mem[X,0x0000000080000E90] -> 0x0593
mem[X,0x0000000080000E92] -> 0x0035
[937] [M]: 0x0000000080000E90 (0x00350593) addi a1, a0, 3
x11 <- 0x5555555555555558
mem[X,0x0000000080000E94] -> 0x3823
mem[X,0x0000000080000E96] -> 0x42B1
[938] [M]: 0x0000000080000E94 (0x42B13823) sd a1, 1072(sp)
mem[0x0000000080007600] <- 0x5555555555555558
mem[X,0x0000000080000E98] -> 0x5537
mem[X,0x0000000080000E9A] -> 0x5555
[939] [M]: 0x0000000080000E98 (0x55555537) lui a0, 349525
x10 <- 0x0000000055555000
mem[X,0x0000000080000E9C] -> 0x0513
mem[X,0x0000000080000E9E] -> 0x5555
[940] [M]: 0x0000000080000E9C (0x55550513) addi a0, a0, 1365
x10 <- 0x0000000055555555
mem[X,0x0000000080000EA0] -> 0x1513
mem[X,0x0000000080000EA2] -> 0x00B5
[941] [M]: 0x0000000080000EA0 (0x00B51513) slli a0, a0, 11
x10 <- 0x000002AAAAAAA800
mem[X,0x0000000080000EA4] -> 0x0513
mem[X,0x0000000080000EA6] -> 0x2AA5
[942] [M]: 0x0000000080000EA4 (0x2AA50513) addi a0, a0, 682
x10 <- 0x000002AAAAAAAAAA
mem[X,0x0000000080000EA8] -> 0x1513
mem[X,0x0000000080000EAA] -> 0x00B5
[943] [M]: 0x0000000080000EA8 (0x00B51513) slli a0, a0, 11
x10 <- 0x0015555555555000
mem[X,0x0000000080000EAC] -> 0x0513
mem[X,0x0000000080000EAE] -> 0x5555
[944] [M]: 0x0000000080000EAC (0x55550513) addi a0, a0, 1365
x10 <- 0x0015555555555555
mem[X,0x0000000080000EB0] -> 0x1513
mem[X,0x0000000080000EB2] -> 0x00A5
[945] [M]: 0x0000000080000EB0 (0x00A51513) slli a0, a0, 10
x10 <- 0x5555555555555400
mem[X,0x0000000080000EB4] -> 0x0513
mem[X,0x0000000080000EB6] -> 0x1555
[946] [M]: 0x0000000080000EB4 (0x15550513) addi a0, a0, 341
x10 <- 0x5555555555555555
mem[X,0x0000000080000EB8] -> 0x0593
mem[X,0x0000000080000EBA] -> 0x5555
[947] [M]: 0x0000000080000EB8 (0x55550593) addi a1, a0, 1365
x11 <- 0x5555555555555AAA
mem[X,0x0000000080000EBC] -> 0x3C23
mem[X,0x0000000080000EBE] -> 0x42B1
[948] [M]: 0x0000000080000EBC (0x42B13C23) sd a1, 1080(sp)
mem[0x0000000080007608] <- 0x5555555555555AAA
mem[X,0x0000000080000EC0] -> 0x5537
mem[X,0x0000000080000EC2] -> 0x5555
[949] [M]: 0x0000000080000EC0 (0x55555537) lui a0, 349525
x10 <- 0x0000000055555000
mem[X,0x0000000080000EC4] -> 0x0513
mem[X,0x0000000080000EC6] -> 0x5555
[950] [M]: 0x0000000080000EC4 (0x55550513) addi a0, a0, 1365
x10 <- 0x0000000055555555
mem[X,0x0000000080000EC8] -> 0x1513
mem[X,0x0000000080000ECA] -> 0x00B5
[951] [M]: 0x0000000080000EC8 (0x00B51513) slli a0, a0, 11
x10 <- 0x000002AAAAAAA800
mem[X,0x0000000080000ECC] -> 0x0513
mem[X,0x0000000080000ECE] -> 0x2AA5
[952] [M]: 0x0000000080000ECC (0x2AA50513) addi a0, a0, 682
x10 <- 0x000002AAAAAAAAAA
mem[X,0x0000000080000ED0] -> 0x1513
mem[X,0x0000000080000ED2] -> 0x00B5
[953] [M]: 0x0000000080000ED0 (0x00B51513) slli a0, a0, 11
x10 <- 0x0015555555555000
mem[X,0x0000000080000ED4] -> 0x0513
mem[X,0x0000000080000ED6] -> 0x5555
[954] [M]: 0x0000000080000ED4 (0x55550513) addi a0, a0, 1365
x10 <- 0x0015555555555555
mem[X,0x0000000080000ED8] -> 0x1513
mem[X,0x0000000080000EDA] -> 0x00A5
[955] [M]: 0x0000000080000ED8 (0x00A51513) slli a0, a0, 10
x10 <- 0x5555555555555400
mem[X,0x0000000080000EDC] -> 0x0513
mem[X,0x0000000080000EDE] -> 0x1555
[956] [M]: 0x0000000080000EDC (0x15550513) addi a0, a0, 341
x10 <- 0x5555555555555555
mem[X,0x0000000080000EE0] -> 0x0593
mem[X,0x0000000080000EE2] -> 0xAAA5
[957] [M]: 0x0000000080000EE0 (0xAAA50593) addi a1, a0, 2730
x11 <- 0x5555555555554FFF
mem[X,0x0000000080000EE4] -> 0x3023
mem[X,0x0000000080000EE6] -> 0x44B1
[958] [M]: 0x0000000080000EE4 (0x44B13023) sd a1, 1088(sp)
mem[0x0000000080007610] <- 0x5555555555554FFF
mem[X,0x0000000080000EE8] -> 0x5537
mem[X,0x0000000080000EEA] -> 0x5555
[959] [M]: 0x0000000080000EE8 (0x55555537) lui a0, 349525
x10 <- 0x0000000055555000
mem[X,0x0000000080000EEC] -> 0x0513
mem[X,0x0000000080000EEE] -> 0x5555
[960] [M]: 0x0000000080000EEC (0x55550513) addi a0, a0, 1365
x10 <- 0x0000000055555555
mem[X,0x0000000080000EF0] -> 0x1513
mem[X,0x0000000080000EF2] -> 0x00B5
[961] [M]: 0x0000000080000EF0 (0x00B51513) slli a0, a0, 11
x10 <- 0x000002AAAAAAA800
mem[X,0x0000000080000EF4] -> 0x0513
mem[X,0x0000000080000EF6] -> 0x2AA5
[962] [M]: 0x0000000080000EF4 (0x2AA50513) addi a0, a0, 682
x10 <- 0x000002AAAAAAAAAA
mem[X,0x0000000080000EF8] -> 0x1513
mem[X,0x0000000080000EFA] -> 0x00B5
[963] [M]: 0x0000000080000EF8 (0x00B51513) slli a0, a0, 11
x10 <- 0x0015555555555000
mem[X,0x0000000080000EFC] -> 0x0513
mem[X,0x0000000080000EFE] -> 0x5555
[964] [M]: 0x0000000080000EFC (0x55550513) addi a0, a0, 1365
x10 <- 0x0015555555555555
mem[X,0x0000000080000F00] -> 0x1513
mem[X,0x0000000080000F02] -> 0x00A5
[965] [M]: 0x0000000080000F00 (0x00A51513) slli a0, a0, 10
x10 <- 0x5555555555555400
mem[X,0x0000000080000F04] -> 0x0513
mem[X,0x0000000080000F06] -> 0x1555
[966] [M]: 0x0000000080000F04 (0x15550513) addi a0, a0, 341
x10 <- 0x5555555555555555
mem[X,0x0000000080000F08] -> 0x0593
mem[X,0x0000000080000F0A] -> 0x0055
[967] [M]: 0x0000000080000F08 (0x00550593) addi a1, a0, 5
x11 <- 0x555555555555555A
mem[X,0x0000000080000F0C] -> 0x3423
mem[X,0x0000000080000F0E] -> 0x44B1
[968] [M]: 0x0000000080000F0C (0x44B13423) sd a1, 1096(sp)
mem[0x0000000080007618] <- 0x555555555555555A
mem[X,0x0000000080000F10] -> 0x5537
mem[X,0x0000000080000F12] -> 0x5555
[969] [M]: 0x0000000080000F10 (0x55555537) lui a0, 349525
x10 <- 0x0000000055555000
mem[X,0x0000000080000F14] -> 0x0513
mem[X,0x0000000080000F16] -> 0x5555
[970] [M]: 0x0000000080000F14 (0x55550513) addi a0, a0, 1365
x10 <- 0x0000000055555555
mem[X,0x0000000080000F18] -> 0x1513
mem[X,0x0000000080000F1A] -> 0x00B5
[971] [M]: 0x0000000080000F18 (0x00B51513) slli a0, a0, 11
x10 <- 0x000002AAAAAAA800
mem[X,0x0000000080000F1C] -> 0x0513
mem[X,0x0000000080000F1E] -> 0x2AA5
[972] [M]: 0x0000000080000F1C (0x2AA50513) addi a0, a0, 682
x10 <- 0x000002AAAAAAAAAA
mem[X,0x0000000080000F20] -> 0x1513
mem[X,0x0000000080000F22] -> 0x00B5
[973] [M]: 0x0000000080000F20 (0x00B51513) slli a0, a0, 11
x10 <- 0x0015555555555000
mem[X,0x0000000080000F24] -> 0x0513
mem[X,0x0000000080000F26] -> 0x5555
[974] [M]: 0x0000000080000F24 (0x55550513) addi a0, a0, 1365
x10 <- 0x0015555555555555
mem[X,0x0000000080000F28] -> 0x1513
mem[X,0x0000000080000F2A] -> 0x00A5
[975] [M]: 0x0000000080000F28 (0x00A51513) slli a0, a0, 10
x10 <- 0x5555555555555400
mem[X,0x0000000080000F2C] -> 0x0513
mem[X,0x0000000080000F2E] -> 0x1555
[976] [M]: 0x0000000080000F2C (0x15550513) addi a0, a0, 341
x10 <- 0x5555555555555555
mem[X,0x0000000080000F30] -> 0x0593
mem[X,0x0000000080000F32] -> 0x3335
[977] [M]: 0x0000000080000F30 (0x33350593) addi a1, a0, 819
x11 <- 0x5555555555555888
mem[X,0x0000000080000F34] -> 0x3823
mem[X,0x0000000080000F36] -> 0x44B1
[978] [M]: 0x0000000080000F34 (0x44B13823) sd a1, 1104(sp)
mem[0x0000000080007620] <- 0x5555555555555888
mem[X,0x0000000080000F38] -> 0x5537
mem[X,0x0000000080000F3A] -> 0x5555
[979] [M]: 0x0000000080000F38 (0x55555537) lui a0, 349525
x10 <- 0x0000000055555000
mem[X,0x0000000080000F3C] -> 0x0513
mem[X,0x0000000080000F3E] -> 0x5555
[980] [M]: 0x0000000080000F3C (0x55550513) addi a0, a0, 1365
x10 <- 0x0000000055555555
mem[X,0x0000000080000F40] -> 0x1513
mem[X,0x0000000080000F42] -> 0x00B5
[981] [M]: 0x0000000080000F40 (0x00B51513) slli a0, a0, 11
x10 <- 0x000002AAAAAAA800
mem[X,0x0000000080000F44] -> 0x0513
mem[X,0x0000000080000F46] -> 0x2AA5
[982] [M]: 0x0000000080000F44 (0x2AA50513) addi a0, a0, 682
x10 <- 0x000002AAAAAAAAAA
mem[X,0x0000000080000F48] -> 0x1513
mem[X,0x0000000080000F4A] -> 0x00B5
[983] [M]: 0x0000000080000F48 (0x00B51513) slli a0, a0, 11
x10 <- 0x0015555555555000
mem[X,0x0000000080000F4C] -> 0x0513
mem[X,0x0000000080000F4E] -> 0x5555
[984] [M]: 0x0000000080000F4C (0x55550513) addi a0, a0, 1365
x10 <- 0x0015555555555555
mem[X,0x0000000080000F50] -> 0x1513
mem[X,0x0000000080000F52] -> 0x00A5
[985] [M]: 0x0000000080000F50 (0x00A51513) slli a0, a0, 10
x10 <- 0x5555555555555400
mem[X,0x0000000080000F54] -> 0x0513
mem[X,0x0000000080000F56] -> 0x1555
[986] [M]: 0x0000000080000F54 (0x15550513) addi a0, a0, 341
x10 <- 0x5555555555555555
mem[X,0x0000000080000F58] -> 0x0593
mem[X,0x0000000080000F5A] -> 0x6665
[987] [M]: 0x0000000080000F58 (0x66650593) addi a1, a0, 1638
x11 <- 0x5555555555555BBB
mem[X,0x0000000080000F5C] -> 0x3C23
mem[X,0x0000000080000F5E] -> 0x44B1
[988] [M]: 0x0000000080000F5C (0x44B13C23) sd a1, 1112(sp)
mem[0x0000000080007628] <- 0x5555555555555BBB
mem[X,0x0000000080000F60] -> 0x5537
mem[X,0x0000000080000F62] -> 0x5555
[989] [M]: 0x0000000080000F60 (0x55555537) lui a0, 349525
x10 <- 0x0000000055555000
mem[X,0x0000000080000F64] -> 0x0513
mem[X,0x0000000080000F66] -> 0x5555
[990] [M]: 0x0000000080000F64 (0x55550513) addi a0, a0, 1365
x10 <- 0x0000000055555555
mem[X,0x0000000080000F68] -> 0x1513
mem[X,0x0000000080000F6A] -> 0x00B5
[991] [M]: 0x0000000080000F68 (0x00B51513) slli a0, a0, 11
x10 <- 0x000002AAAAAAA800
mem[X,0x0000000080000F6C] -> 0x0513
mem[X,0x0000000080000F6E] -> 0x2AA5
[992] [M]: 0x0000000080000F6C (0x2AA50513) addi a0, a0, 682
x10 <- 0x000002AAAAAAAAAA
mem[X,0x0000000080000F70] -> 0x1513
mem[X,0x0000000080000F72] -> 0x00B5
[993] [M]: 0x0000000080000F70 (0x00B51513) slli a0, a0, 11
x10 <- 0x0015555555555000
mem[X,0x0000000080000F74] -> 0x0513
mem[X,0x0000000080000F76] -> 0x5555
[994] [M]: 0x0000000080000F74 (0x55550513) addi a0, a0, 1365
x10 <- 0x0015555555555555
mem[X,0x0000000080000F78] -> 0x1513
mem[X,0x0000000080000F7A] -> 0x00A5
[995] [M]: 0x0000000080000F78 (0x00A51513) slli a0, a0, 10
x10 <- 0x5555555555555400
mem[X,0x0000000080000F7C] -> 0x0513
mem[X,0x0000000080000F7E] -> 0x1555
[996] [M]: 0x0000000080000F7C (0x15550513) addi a0, a0, 341
x10 <- 0x5555555555555555
mem[X,0x0000000080000F80] -> 0x0593
mem[X,0x0000000080000F82] -> 0xFD35
[997] [M]: 0x0000000080000F80 (0xFD350593) addi a1, a0, 4051
x11 <- 0x5555555555555528
mem[X,0x0000000080000F84] -> 0x3023
mem[X,0x0000000080000F86] -> 0x46B1
[998] [M]: 0x0000000080000F84 (0x46B13023) sd a1, 1120(sp)
mem[0x0000000080007630] <- 0x5555555555555528
mem[X,0x0000000080000F88] -> 0x5537
mem[X,0x0000000080000F8A] -> 0x5555
[999] [M]: 0x0000000080000F88 (0x55555537) lui a0, 349525
x10 <- 0x0000000055555000
clint::tick mtime <- 0x000000000000000A
 clint timer pending at mtime 0x000000000000000A
htif::tick 0x0000000000000000
mem[X,0x0000000080000F8C] -> 0x0513
mem[X,0x0000000080000F8E] -> 0x5555
[1000] [M]: 0x0000000080000F8C (0x55550513) addi a0, a0, 1365
x10 <- 0x0000000055555555
mem[X,0x0000000080000F90] -> 0x1513
mem[X,0x0000000080000F92] -> 0x00B5
[1001] [M]: 0x0000000080000F90 (0x00B51513) slli a0, a0, 11
x10 <- 0x000002AAAAAAA800
mem[X,0x0000000080000F94] -> 0x0513
mem[X,0x0000000080000F96] -> 0x2AA5
[1002] [M]: 0x0000000080000F94 (0x2AA50513) addi a0, a0, 682
x10 <- 0x000002AAAAAAAAAA
mem[X,0x0000000080000F98] -> 0x1513
mem[X,0x0000000080000F9A] -> 0x00B5
[1003] [M]: 0x0000000080000F98 (0x00B51513) slli a0, a0, 11
x10 <- 0x0015555555555000
mem[X,0x0000000080000F9C] -> 0x0513
mem[X,0x0000000080000F9E] -> 0x5555
[1004] [M]: 0x0000000080000F9C (0x55550513) addi a0, a0, 1365
x10 <- 0x0015555555555555
mem[X,0x0000000080000FA0] -> 0x1513
mem[X,0x0000000080000FA2] -> 0x00A5
[1005] [M]: 0x0000000080000FA0 (0x00A51513) slli a0, a0, 10
x10 <- 0x5555555555555400
mem[X,0x0000000080000FA4] -> 0x0513
mem[X,0x0000000080000FA6] -> 0x1555
[1006] [M]: 0x0000000080000FA4 (0x15550513) addi a0, a0, 341
x10 <- 0x5555555555555555
mem[X,0x0000000080000FA8] -> 0x0593
mem[X,0x0000000080000FAA] -> 0x02D5
[1007] [M]: 0x0000000080000FA8 (0x02D50593) addi a1, a0, 45
x11 <- 0x5555555555555582
mem[X,0x0000000080000FAC] -> 0x3423
mem[X,0x0000000080000FAE] -> 0x46B1
[1008] [M]: 0x0000000080000FAC (0x46B13423) sd a1, 1128(sp)
mem[0x0000000080007638] <- 0x5555555555555582
mem[X,0x0000000080000FB0] -> 0x5537
mem[X,0x0000000080000FB2] -> 0x5555
[1009] [M]: 0x0000000080000FB0 (0x55555537) lui a0, 349525
x10 <- 0x0000000055555000
mem[X,0x0000000080000FB4] -> 0x0513
mem[X,0x0000000080000FB6] -> 0x5555
[1010] [M]: 0x0000000080000FB4 (0x55550513) addi a0, a0, 1365
x10 <- 0x0000000055555555
mem[X,0x0000000080000FB8] -> 0x1513
mem[X,0x0000000080000FBA] -> 0x00B5
[1011] [M]: 0x0000000080000FB8 (0x00B51513) slli a0, a0, 11
x10 <- 0x000002AAAAAAA800
mem[X,0x0000000080000FBC] -> 0x0513
mem[X,0x0000000080000FBE] -> 0x2AA5
[1012] [M]: 0x0000000080000FBC (0x2AA50513) addi a0, a0, 682
x10 <- 0x000002AAAAAAAAAA
mem[X,0x0000000080000FC0] -> 0x1513
mem[X,0x0000000080000FC2] -> 0x00B5
[1013] [M]: 0x0000000080000FC0 (0x00B51513) slli a0, a0, 11
x10 <- 0x0015555555555000
mem[X,0x0000000080000FC4] -> 0x0513
mem[X,0x0000000080000FC6] -> 0x5555
[1014] [M]: 0x0000000080000FC4 (0x55550513) addi a0, a0, 1365
x10 <- 0x0015555555555555
mem[X,0x0000000080000FC8] -> 0x1513
mem[X,0x0000000080000FCA] -> 0x00A5
[1015] [M]: 0x0000000080000FC8 (0x00A51513) slli a0, a0, 10
x10 <- 0x5555555555555400
mem[X,0x0000000080000FCC] -> 0x0513
mem[X,0x0000000080000FCE] -> 0x1555
[1016] [M]: 0x0000000080000FCC (0x15550513) addi a0, a0, 341
x10 <- 0x5555555555555555
mem[X,0x0000000080000FD0] -> 0x0593
mem[X,0x0000000080000FD2] -> 0x0025
[1017] [M]: 0x0000000080000FD0 (0x00250593) addi a1, a0, 2
x11 <- 0x5555555555555557
mem[X,0x0000000080000FD4] -> 0x3823
mem[X,0x0000000080000FD6] -> 0x46B1
[1018] [M]: 0x0000000080000FD4 (0x46B13823) sd a1, 1136(sp)
mem[0x0000000080007640] <- 0x5555555555555557
mem[X,0x0000000080000FD8] -> 0x5537
mem[X,0x0000000080000FDA] -> 0x5555
[1019] [M]: 0x0000000080000FD8 (0x55555537) lui a0, 349525
x10 <- 0x0000000055555000
mem[X,0x0000000080000FDC] -> 0x0513
mem[X,0x0000000080000FDE] -> 0x5555
[1020] [M]: 0x0000000080000FDC (0x55550513) addi a0, a0, 1365
x10 <- 0x0000000055555555
mem[X,0x0000000080000FE0] -> 0x1513
mem[X,0x0000000080000FE2] -> 0x00B5
[1021] [M]: 0x0000000080000FE0 (0x00B51513) slli a0, a0, 11
x10 <- 0x000002AAAAAAA800
mem[X,0x0000000080000FE4] -> 0x0513
mem[X,0x0000000080000FE6] -> 0x2AA5
[1022] [M]: 0x0000000080000FE4 (0x2AA50513) addi a0, a0, 682
x10 <- 0x000002AAAAAAAAAA
mem[X,0x0000000080000FE8] -> 0x1513
mem[X,0x0000000080000FEA] -> 0x00B5
[1023] [M]: 0x0000000080000FE8 (0x00B51513) slli a0, a0, 11
x10 <- 0x0015555555555000
mem[X,0x0000000080000FEC] -> 0x0513
mem[X,0x0000000080000FEE] -> 0x5555
[1024] [M]: 0x0000000080000FEC (0x55550513) addi a0, a0, 1365
x10 <- 0x0015555555555555
mem[X,0x0000000080000FF0] -> 0x1513
mem[X,0x0000000080000FF2] -> 0x00A5
[1025] [M]: 0x0000000080000FF0 (0x00A51513) slli a0, a0, 10
x10 <- 0x5555555555555400
mem[X,0x0000000080000FF4] -> 0x0513
mem[X,0x0000000080000FF6] -> 0x1555
[1026] [M]: 0x0000000080000FF4 (0x15550513) addi a0, a0, 341
x10 <- 0x5555555555555555
mem[X,0x0000000080000FF8] -> 0x0593
mem[X,0x0000000080000FFA] -> 0x5545
[1027] [M]: 0x0000000080000FF8 (0x55450593) addi a1, a0, 1364
x11 <- 0x5555555555555AA9
mem[X,0x0000000080000FFC] -> 0x3C23
mem[X,0x0000000080000FFE] -> 0x46B1
[1028] [M]: 0x0000000080000FFC (0x46B13C23) sd a1, 1144(sp)
mem[0x0000000080007648] <- 0x5555555555555AA9
mem[X,0x0000000080001000] -> 0x5537
mem[X,0x0000000080001002] -> 0x5555
[1029] [M]: 0x0000000080001000 (0x55555537) lui a0, 349525
x10 <- 0x0000000055555000
mem[X,0x0000000080001004] -> 0x0513
mem[X,0x0000000080001006] -> 0x5555
[1030] [M]: 0x0000000080001004 (0x55550513) addi a0, a0, 1365
x10 <- 0x0000000055555555
mem[X,0x0000000080001008] -> 0x1513
mem[X,0x000000008000100A] -> 0x00B5
[1031] [M]: 0x0000000080001008 (0x00B51513) slli a0, a0, 11
x10 <- 0x000002AAAAAAA800
mem[X,0x000000008000100C] -> 0x0513
mem[X,0x000000008000100E] -> 0x2AA5
[1032] [M]: 0x000000008000100C (0x2AA50513) addi a0, a0, 682
x10 <- 0x000002AAAAAAAAAA
mem[X,0x0000000080001010] -> 0x1513
mem[X,0x0000000080001012] -> 0x00B5
[1033] [M]: 0x0000000080001010 (0x00B51513) slli a0, a0, 11
x10 <- 0x0015555555555000
mem[X,0x0000000080001014] -> 0x0513
mem[X,0x0000000080001016] -> 0x5555
[1034] [M]: 0x0000000080001014 (0x55550513) addi a0, a0, 1365
x10 <- 0x0015555555555555
mem[X,0x0000000080001018] -> 0x1513
mem[X,0x000000008000101A] -> 0x00A5
[1035] [M]: 0x0000000080001018 (0x00A51513) slli a0, a0, 10
x10 <- 0x5555555555555400
mem[X,0x000000008000101C] -> 0x0513
mem[X,0x000000008000101E] -> 0x1555
[1036] [M]: 0x000000008000101C (0x15550513) addi a0, a0, 341
x10 <- 0x5555555555555555
mem[X,0x0000000080001020] -> 0x0593
mem[X,0x0000000080001022] -> 0x0005
[1037] [M]: 0x0000000080001020 (0x00050593) addi a1, a0, 0
x11 <- 0x5555555555555555
mem[X,0x0000000080001024] -> 0x3023
mem[X,0x0000000080001026] -> 0x48B1
[1038] [M]: 0x0000000080001024 (0x48B13023) sd a1, 1152(sp)
mem[0x0000000080007650] <- 0x5555555555555555
mem[X,0x0000000080001028] -> 0x5537
mem[X,0x000000008000102A] -> 0x5555
[1039] [M]: 0x0000000080001028 (0x55555537) lui a0, 349525
x10 <- 0x0000000055555000
mem[X,0x000000008000102C] -> 0x0513
mem[X,0x000000008000102E] -> 0x5555
[1040] [M]: 0x000000008000102C (0x55550513) addi a0, a0, 1365
x10 <- 0x0000000055555555
mem[X,0x0000000080001030] -> 0x1513
mem[X,0x0000000080001032] -> 0x00B5
[1041] [M]: 0x0000000080001030 (0x00B51513) slli a0, a0, 11
x10 <- 0x000002AAAAAAA800
mem[X,0x0000000080001034] -> 0x0513
mem[X,0x0000000080001036] -> 0x2AA5
[1042] [M]: 0x0000000080001034 (0x2AA50513) addi a0, a0, 682
x10 <- 0x000002AAAAAAAAAA
mem[X,0x0000000080001038] -> 0x1513
mem[X,0x000000008000103A] -> 0x00B5
[1043] [M]: 0x0000000080001038 (0x00B51513) slli a0, a0, 11
x10 <- 0x0015555555555000
mem[X,0x000000008000103C] -> 0x0513
mem[X,0x000000008000103E] -> 0x5555
[1044] [M]: 0x000000008000103C (0x55550513) addi a0, a0, 1365
x10 <- 0x0015555555555555
mem[X,0x0000000080001040] -> 0x1513
mem[X,0x0000000080001042] -> 0x00A5
[1045] [M]: 0x0000000080001040 (0x00A51513) slli a0, a0, 10
x10 <- 0x5555555555555400
mem[X,0x0000000080001044] -> 0x0513
mem[X,0x0000000080001046] -> 0x1555
[1046] [M]: 0x0000000080001044 (0x15550513) addi a0, a0, 341
x10 <- 0x5555555555555555
mem[X,0x0000000080001048] -> 0x0593
mem[X,0x000000008000104A] -> 0x0045
[1047] [M]: 0x0000000080001048 (0x00450593) addi a1, a0, 4
x11 <- 0x5555555555555559
mem[X,0x000000008000104C] -> 0x3423
mem[X,0x000000008000104E] -> 0x48B1
[1048] [M]: 0x000000008000104C (0x48B13423) sd a1, 1160(sp)
mem[0x0000000080007658] <- 0x5555555555555559
mem[X,0x0000000080001050] -> 0x5537
mem[X,0x0000000080001052] -> 0x5555
[1049] [M]: 0x0000000080001050 (0x55555537) lui a0, 349525
x10 <- 0x0000000055555000
mem[X,0x0000000080001054] -> 0x0513
mem[X,0x0000000080001056] -> 0x5555
[1050] [M]: 0x0000000080001054 (0x55550513) addi a0, a0, 1365
x10 <- 0x0000000055555555
mem[X,0x0000000080001058] -> 0x1513
mem[X,0x000000008000105A] -> 0x00B5
[1051] [M]: 0x0000000080001058 (0x00B51513) slli a0, a0, 11
x10 <- 0x000002AAAAAAA800
mem[X,0x000000008000105C] -> 0x0513
mem[X,0x000000008000105E] -> 0x2AA5
[1052] [M]: 0x000000008000105C (0x2AA50513) addi a0, a0, 682
x10 <- 0x000002AAAAAAAAAA
mem[X,0x0000000080001060] -> 0x1513
mem[X,0x0000000080001062] -> 0x00B5
[1053] [M]: 0x0000000080001060 (0x00B51513) slli a0, a0, 11
x10 <- 0x0015555555555000
mem[X,0x0000000080001064] -> 0x0513
mem[X,0x0000000080001066] -> 0x5555
[1054] [M]: 0x0000000080001064 (0x55550513) addi a0, a0, 1365
x10 <- 0x0015555555555555
mem[X,0x0000000080001068] -> 0x1513
mem[X,0x000000008000106A] -> 0x00A5
[1055] [M]: 0x0000000080001068 (0x00A51513) slli a0, a0, 10
x10 <- 0x5555555555555400
mem[X,0x000000008000106C] -> 0x0513
mem[X,0x000000008000106E] -> 0x1555
[1056] [M]: 0x000000008000106C (0x15550513) addi a0, a0, 341
x10 <- 0x5555555555555555
mem[X,0x0000000080001070] -> 0x0593
mem[X,0x0000000080001072] -> 0x3325
[1057] [M]: 0x0000000080001070 (0x33250593) addi a1, a0, 818
x11 <- 0x5555555555555887
mem[X,0x0000000080001074] -> 0x3823
mem[X,0x0000000080001076] -> 0x48B1
[1058] [M]: 0x0000000080001074 (0x48B13823) sd a1, 1168(sp)
mem[0x0000000080007660] <- 0x5555555555555887
mem[X,0x0000000080001078] -> 0x5537
mem[X,0x000000008000107A] -> 0x5555
[1059] [M]: 0x0000000080001078 (0x55555537) lui a0, 349525
x10 <- 0x0000000055555000
mem[X,0x000000008000107C] -> 0x0513
mem[X,0x000000008000107E] -> 0x5555
[1060] [M]: 0x000000008000107C (0x55550513) addi a0, a0, 1365
x10 <- 0x0000000055555555
mem[X,0x0000000080001080] -> 0x1513
mem[X,0x0000000080001082] -> 0x00B5
[1061] [M]: 0x0000000080001080 (0x00B51513) slli a0, a0, 11
x10 <- 0x000002AAAAAAA800
mem[X,0x0000000080001084] -> 0x0513
mem[X,0x0000000080001086] -> 0x2AA5
[1062] [M]: 0x0000000080001084 (0x2AA50513) addi a0, a0, 682
x10 <- 0x000002AAAAAAAAAA
mem[X,0x0000000080001088] -> 0x1513
mem[X,0x000000008000108A] -> 0x00B5
[1063] [M]: 0x0000000080001088 (0x00B51513) slli a0, a0, 11
x10 <- 0x0015555555555000
mem[X,0x000000008000108C] -> 0x0513
mem[X,0x000000008000108E] -> 0x5555
[1064] [M]: 0x000000008000108C (0x55550513) addi a0, a0, 1365
x10 <- 0x0015555555555555
mem[X,0x0000000080001090] -> 0x1513
mem[X,0x0000000080001092] -> 0x00A5
[1065] [M]: 0x0000000080001090 (0x00A51513) slli a0, a0, 10
x10 <- 0x5555555555555400
mem[X,0x0000000080001094] -> 0x0513
mem[X,0x0000000080001096] -> 0x1555
[1066] [M]: 0x0000000080001094 (0x15550513) addi a0, a0, 341
x10 <- 0x5555555555555555
mem[X,0x0000000080001098] -> 0x0593
mem[X,0x000000008000109A] -> 0x6655
[1067] [M]: 0x0000000080001098 (0x66550593) addi a1, a0, 1637
x11 <- 0x5555555555555BBA
mem[X,0x000000008000109C] -> 0x3C23
mem[X,0x000000008000109E] -> 0x48B1
[1068] [M]: 0x000000008000109C (0x48B13C23) sd a1, 1176(sp)
mem[0x0000000080007668] <- 0x5555555555555BBA
mem[X,0x00000000800010A0] -> 0x5537
mem[X,0x00000000800010A2] -> 0x5555
[1069] [M]: 0x00000000800010A0 (0x55555537) lui a0, 349525
x10 <- 0x0000000055555000
mem[X,0x00000000800010A4] -> 0x0513
mem[X,0x00000000800010A6] -> 0x5555
[1070] [M]: 0x00000000800010A4 (0x55550513) addi a0, a0, 1365
x10 <- 0x0000000055555555
mem[X,0x00000000800010A8] -> 0x1513
mem[X,0x00000000800010AA] -> 0x00B5
[1071] [M]: 0x00000000800010A8 (0x00B51513) slli a0, a0, 11
x10 <- 0x000002AAAAAAA800
mem[X,0x00000000800010AC] -> 0x0513
mem[X,0x00000000800010AE] -> 0x2AA5
[1072] [M]: 0x00000000800010AC (0x2AA50513) addi a0, a0, 682
x10 <- 0x000002AAAAAAAAAA
mem[X,0x00000000800010B0] -> 0x1513
mem[X,0x00000000800010B2] -> 0x00B5
[1073] [M]: 0x00000000800010B0 (0x00B51513) slli a0, a0, 11
x10 <- 0x0015555555555000
mem[X,0x00000000800010B4] -> 0x0513
mem[X,0x00000000800010B6] -> 0x5555
[1074] [M]: 0x00000000800010B4 (0x55550513) addi a0, a0, 1365
x10 <- 0x0015555555555555
mem[X,0x00000000800010B8] -> 0x1513
mem[X,0x00000000800010BA] -> 0x00A5
[1075] [M]: 0x00000000800010B8 (0x00A51513) slli a0, a0, 10
x10 <- 0x5555555555555400
mem[X,0x00000000800010BC] -> 0x0513
mem[X,0x00000000800010BE] -> 0x1555
[1076] [M]: 0x00000000800010BC (0x15550513) addi a0, a0, 341
x10 <- 0x5555555555555555
mem[X,0x00000000800010C0] -> 0x0593
mem[X,0x00000000800010C2] -> 0x02C5
[1077] [M]: 0x00000000800010C0 (0x02C50593) addi a1, a0, 44
x11 <- 0x5555555555555581
mem[X,0x00000000800010C4] -> 0x3023
mem[X,0x00000000800010C6] -> 0x4AB1
[1078] [M]: 0x00000000800010C4 (0x4AB13023) sd a1, 1184(sp)
mem[0x0000000080007670] <- 0x5555555555555581
mem[X,0x00000000800010C8] -> 0x5537
mem[X,0x00000000800010CA] -> 0x5555
[1079] [M]: 0x00000000800010C8 (0x55555537) lui a0, 349525
x10 <- 0x0000000055555000
mem[X,0x00000000800010CC] -> 0x0513
mem[X,0x00000000800010CE] -> 0x5555
[1080] [M]: 0x00000000800010CC (0x55550513) addi a0, a0, 1365
x10 <- 0x0000000055555555
mem[X,0x00000000800010D0] -> 0x1513
mem[X,0x00000000800010D2] -> 0x00B5
[1081] [M]: 0x00000000800010D0 (0x00B51513) slli a0, a0, 11
x10 <- 0x000002AAAAAAA800
mem[X,0x00000000800010D4] -> 0x0513
mem[X,0x00000000800010D6] -> 0x2AA5
[1082] [M]: 0x00000000800010D4 (0x2AA50513) addi a0, a0, 682
x10 <- 0x000002AAAAAAAAAA
mem[X,0x00000000800010D8] -> 0x1513
mem[X,0x00000000800010DA] -> 0x00B5
[1083] [M]: 0x00000000800010D8 (0x00B51513) slli a0, a0, 11
x10 <- 0x0015555555555000
mem[X,0x00000000800010DC] -> 0x0513
mem[X,0x00000000800010DE] -> 0x5555
[1084] [M]: 0x00000000800010DC (0x55550513) addi a0, a0, 1365
x10 <- 0x0015555555555555
mem[X,0x00000000800010E0] -> 0x1513
mem[X,0x00000000800010E2] -> 0x00A5
[1085] [M]: 0x00000000800010E0 (0x00A51513) slli a0, a0, 10
x10 <- 0x5555555555555400
mem[X,0x00000000800010E4] -> 0x0513
mem[X,0x00000000800010E6] -> 0x1555
[1086] [M]: 0x00000000800010E4 (0x15550513) addi a0, a0, 341
x10 <- 0x5555555555555555
mem[X,0x00000000800010E8] -> 0x0593
mem[X,0x00000000800010EA] -> 0x5565
[1087] [M]: 0x00000000800010E8 (0x55650593) addi a1, a0, 1366
x11 <- 0x5555555555555AAB
mem[X,0x00000000800010EC] -> 0x3423
mem[X,0x00000000800010EE] -> 0x4AB1
[1088] [M]: 0x00000000800010EC (0x4AB13423) sd a1, 1192(sp)
mem[0x0000000080007678] <- 0x5555555555555AAB
mem[X,0x00000000800010F0] -> 0x5537
mem[X,0x00000000800010F2] -> 0x5555
[1089] [M]: 0x00000000800010F0 (0x55555537) lui a0, 349525
x10 <- 0x0000000055555000
mem[X,0x00000000800010F4] -> 0x0513
mem[X,0x00000000800010F6] -> 0x5555
[1090] [M]: 0x00000000800010F4 (0x55550513) addi a0, a0, 1365
x10 <- 0x0000000055555555
mem[X,0x00000000800010F8] -> 0x1513
mem[X,0x00000000800010FA] -> 0x00B5
[1091] [M]: 0x00000000800010F8 (0x00B51513) slli a0, a0, 11
x10 <- 0x000002AAAAAAA800
mem[X,0x00000000800010FC] -> 0x0513
mem[X,0x00000000800010FE] -> 0x2AA5
[1092] [M]: 0x00000000800010FC (0x2AA50513) addi a0, a0, 682
x10 <- 0x000002AAAAAAAAAA
mem[X,0x0000000080001100] -> 0x1513
mem[X,0x0000000080001102] -> 0x00B5
[1093] [M]: 0x0000000080001100 (0x00B51513) slli a0, a0, 11
x10 <- 0x0015555555555000
mem[X,0x0000000080001104] -> 0x0513
mem[X,0x0000000080001106] -> 0x5555
[1094] [M]: 0x0000000080001104 (0x55550513) addi a0, a0, 1365
x10 <- 0x0015555555555555
mem[X,0x0000000080001108] -> 0x1513
mem[X,0x000000008000110A] -> 0x00A5
[1095] [M]: 0x0000000080001108 (0x00A51513) slli a0, a0, 10
x10 <- 0x5555555555555400
mem[X,0x000000008000110C] -> 0x0513
mem[X,0x000000008000110E] -> 0x1555
[1096] [M]: 0x000000008000110C (0x15550513) addi a0, a0, 341
x10 <- 0x5555555555555555
mem[X,0x0000000080001110] -> 0x0593
mem[X,0x0000000080001112] -> 0xAAB5
[1097] [M]: 0x0000000080001110 (0xAAB50593) addi a1, a0, 2731
x11 <- 0x5555555555555000
mem[X,0x0000000080001114] -> 0x3823
mem[X,0x0000000080001116] -> 0x4AB1
[1098] [M]: 0x0000000080001114 (0x4AB13823) sd a1, 1200(sp)
mem[0x0000000080007680] <- 0x5555555555555000
mem[X,0x0000000080001118] -> 0x5537
mem[X,0x000000008000111A] -> 0x5555
[1099] [M]: 0x0000000080001118 (0x55555537) lui a0, 349525
x10 <- 0x0000000055555000
clint::tick mtime <- 0x000000000000000B
 clint timer pending at mtime 0x000000000000000B
htif::tick 0x0000000000000000
mem[X,0x000000008000111C] -> 0x0513
mem[X,0x000000008000111E] -> 0x5555
[1100] [M]: 0x000000008000111C (0x55550513) addi a0, a0, 1365
x10 <- 0x0000000055555555
mem[X,0x0000000080001120] -> 0x1513
mem[X,0x0000000080001122] -> 0x00B5
[1101] [M]: 0x0000000080001120 (0x00B51513) slli a0, a0, 11
x10 <- 0x000002AAAAAAA800
mem[X,0x0000000080001124] -> 0x0513
mem[X,0x0000000080001126] -> 0x2AA5
[1102] [M]: 0x0000000080001124 (0x2AA50513) addi a0, a0, 682
x10 <- 0x000002AAAAAAAAAA
mem[X,0x0000000080001128] -> 0x1513
mem[X,0x000000008000112A] -> 0x00B5
[1103] [M]: 0x0000000080001128 (0x00B51513) slli a0, a0, 11
x10 <- 0x0015555555555000
mem[X,0x000000008000112C] -> 0x0513
mem[X,0x000000008000112E] -> 0x5555
[1104] [M]: 0x000000008000112C (0x55550513) addi a0, a0, 1365
x10 <- 0x0015555555555555
mem[X,0x0000000080001130] -> 0x1513
mem[X,0x0000000080001132] -> 0x00A5
[1105] [M]: 0x0000000080001130 (0x00A51513) slli a0, a0, 10
x10 <- 0x5555555555555400
mem[X,0x0000000080001134] -> 0x0513
mem[X,0x0000000080001136] -> 0x1555
[1106] [M]: 0x0000000080001134 (0x15550513) addi a0, a0, 341
x10 <- 0x5555555555555555
mem[X,0x0000000080001138] -> 0x0593
mem[X,0x000000008000113A] -> 0x3345
[1107] [M]: 0x0000000080001138 (0x33450593) addi a1, a0, 820
x11 <- 0x5555555555555889
mem[X,0x000000008000113C] -> 0x3C23
mem[X,0x000000008000113E] -> 0x4AB1
[1108] [M]: 0x000000008000113C (0x4AB13C23) sd a1, 1208(sp)
mem[0x0000000080007688] <- 0x5555555555555889
mem[X,0x0000000080001140] -> 0x5537
mem[X,0x0000000080001142] -> 0x5555
[1109] [M]: 0x0000000080001140 (0x55555537) lui a0, 349525
x10 <- 0x0000000055555000
mem[X,0x0000000080001144] -> 0x0513
mem[X,0x0000000080001146] -> 0x5555
[1110] [M]: 0x0000000080001144 (0x55550513) addi a0, a0, 1365
x10 <- 0x0000000055555555
mem[X,0x0000000080001148] -> 0x1513
mem[X,0x000000008000114A] -> 0x00B5
[1111] [M]: 0x0000000080001148 (0x00B51513) slli a0, a0, 11
x10 <- 0x000002AAAAAAA800
mem[X,0x000000008000114C] -> 0x0513
mem[X,0x000000008000114E] -> 0x2AA5
[1112] [M]: 0x000000008000114C (0x2AA50513) addi a0, a0, 682
x10 <- 0x000002AAAAAAAAAA
mem[X,0x0000000080001150] -> 0x1513
mem[X,0x0000000080001152] -> 0x00B5
[1113] [M]: 0x0000000080001150 (0x00B51513) slli a0, a0, 11
x10 <- 0x0015555555555000
mem[X,0x0000000080001154] -> 0x0513
mem[X,0x0000000080001156] -> 0x5555
[1114] [M]: 0x0000000080001154 (0x55550513) addi a0, a0, 1365
x10 <- 0x0015555555555555
mem[X,0x0000000080001158] -> 0x1513
mem[X,0x000000008000115A] -> 0x00A5
[1115] [M]: 0x0000000080001158 (0x00A51513) slli a0, a0, 10
x10 <- 0x5555555555555400
mem[X,0x000000008000115C] -> 0x0513
mem[X,0x000000008000115E] -> 0x1555
[1116] [M]: 0x000000008000115C (0x15550513) addi a0, a0, 341
x10 <- 0x5555555555555555
mem[X,0x0000000080001160] -> 0x0593
mem[X,0x0000000080001162] -> 0x6675
[1117] [M]: 0x0000000080001160 (0x66750593) addi a1, a0, 1639
x11 <- 0x5555555555555BBC
mem[X,0x0000000080001164] -> 0x3023
mem[X,0x0000000080001166] -> 0x4CB1
[1118] [M]: 0x0000000080001164 (0x4CB13023) sd a1, 1216(sp)
mem[0x0000000080007690] <- 0x5555555555555BBC
mem[X,0x0000000080001168] -> 0x5537
mem[X,0x000000008000116A] -> 0x5555
[1119] [M]: 0x0000000080001168 (0x55555537) lui a0, 349525
x10 <- 0x0000000055555000
mem[X,0x000000008000116C] -> 0x0513
mem[X,0x000000008000116E] -> 0x5555
[1120] [M]: 0x000000008000116C (0x55550513) addi a0, a0, 1365
x10 <- 0x0000000055555555
mem[X,0x0000000080001170] -> 0x1513
mem[X,0x0000000080001172] -> 0x00B5
[1121] [M]: 0x0000000080001170 (0x00B51513) slli a0, a0, 11
x10 <- 0x000002AAAAAAA800
mem[X,0x0000000080001174] -> 0x0513
mem[X,0x0000000080001176] -> 0x2AA5
[1122] [M]: 0x0000000080001174 (0x2AA50513) addi a0, a0, 682
x10 <- 0x000002AAAAAAAAAA
mem[X,0x0000000080001178] -> 0x1513
mem[X,0x000000008000117A] -> 0x00B5
[1123] [M]: 0x0000000080001178 (0x00B51513) slli a0, a0, 11
x10 <- 0x0015555555555000
mem[X,0x000000008000117C] -> 0x0513
mem[X,0x000000008000117E] -> 0x5555
[1124] [M]: 0x000000008000117C (0x55550513) addi a0, a0, 1365
x10 <- 0x0015555555555555
mem[X,0x0000000080001180] -> 0x1513
mem[X,0x0000000080001182] -> 0x00A5
[1125] [M]: 0x0000000080001180 (0x00A51513) slli a0, a0, 10
x10 <- 0x5555555555555400
mem[X,0x0000000080001184] -> 0x0513
mem[X,0x0000000080001186] -> 0x1555
[1126] [M]: 0x0000000080001184 (0x15550513) addi a0, a0, 341
x10 <- 0x5555555555555555
mem[X,0x0000000080001188] -> 0x0593
mem[X,0x000000008000118A] -> 0xFD45
[1127] [M]: 0x0000000080001188 (0xFD450593) addi a1, a0, 4052
x11 <- 0x5555555555555529
mem[X,0x000000008000118C] -> 0x3423
mem[X,0x000000008000118E] -> 0x4CB1
[1128] [M]: 0x000000008000118C (0x4CB13423) sd a1, 1224(sp)
mem[0x0000000080007698] <- 0x5555555555555529
mem[X,0x0000000080001190] -> 0x5537
mem[X,0x0000000080001192] -> 0x5555
[1129] [M]: 0x0000000080001190 (0x55555537) lui a0, 349525
x10 <- 0x0000000055555000
mem[X,0x0000000080001194] -> 0x0513
mem[X,0x0000000080001196] -> 0x5555
[1130] [M]: 0x0000000080001194 (0x55550513) addi a0, a0, 1365
x10 <- 0x0000000055555555
mem[X,0x0000000080001198] -> 0x1513
mem[X,0x000000008000119A] -> 0x00B5
[1131] [M]: 0x0000000080001198 (0x00B51513) slli a0, a0, 11
x10 <- 0x000002AAAAAAA800
mem[X,0x000000008000119C] -> 0x0513
mem[X,0x000000008000119E] -> 0x2AA5
[1132] [M]: 0x000000008000119C (0x2AA50513) addi a0, a0, 682
x10 <- 0x000002AAAAAAAAAA
mem[X,0x00000000800011A0] -> 0x1513
mem[X,0x00000000800011A2] -> 0x00B5
[1133] [M]: 0x00000000800011A0 (0x00B51513) slli a0, a0, 11
x10 <- 0x0015555555555000
mem[X,0x00000000800011A4] -> 0x0513
mem[X,0x00000000800011A6] -> 0x5555
[1134] [M]: 0x00000000800011A4 (0x55550513) addi a0, a0, 1365
x10 <- 0x0015555555555555
mem[X,0x00000000800011A8] -> 0x1513
mem[X,0x00000000800011AA] -> 0x00A5
[1135] [M]: 0x00000000800011A8 (0x00A51513) slli a0, a0, 10
x10 <- 0x5555555555555400
mem[X,0x00000000800011AC] -> 0x0513
mem[X,0x00000000800011AE] -> 0x1555
[1136] [M]: 0x00000000800011AC (0x15550513) addi a0, a0, 341
x10 <- 0x5555555555555555
mem[X,0x00000000800011B0] -> 0x0593
mem[X,0x00000000800011B2] -> 0x02E5
[1137] [M]: 0x00000000800011B0 (0x02E50593) addi a1, a0, 46
x11 <- 0x5555555555555583
mem[X,0x00000000800011B4] -> 0x3823
mem[X,0x00000000800011B6] -> 0x4CB1
[1138] [M]: 0x00000000800011B4 (0x4CB13823) sd a1, 1232(sp)
mem[0x00000000800076A0] <- 0x5555555555555583
mem[X,0x00000000800011B8] -> 0xB537
mem[X,0x00000000800011BA] -> 0xAAAA
[1139] [M]: 0x00000000800011B8 (0xAAAAB537) lui a0, 699051
x10 <- 0xFFFFFFFFAAAAB000
mem[X,0x00000000800011BC] -> 0x0513
mem[X,0x00000000800011BE] -> 0xAAA5
[1140] [M]: 0x00000000800011BC (0xAAA50513) addi a0, a0, 2730
x10 <- 0xFFFFFFFFAAAAAAAA
mem[X,0x00000000800011C0] -> 0x1513
mem[X,0x00000000800011C2] -> 0x00B5
[1141] [M]: 0x00000000800011C0 (0x00B51513) slli a0, a0, 11
x10 <- 0xFFFFFD5555555000
mem[X,0x00000000800011C4] -> 0x0513
mem[X,0x00000000800011C6] -> 0x5555
[1142] [M]: 0x00000000800011C4 (0x55550513) addi a0, a0, 1365
x10 <- 0xFFFFFD5555555555
mem[X,0x00000000800011C8] -> 0x1513
mem[X,0x00000000800011CA] -> 0x00B5
[1143] [M]: 0x00000000800011C8 (0x00B51513) slli a0, a0, 11
x10 <- 0xFFEAAAAAAAAAA800
mem[X,0x00000000800011CC] -> 0x0513
mem[X,0x00000000800011CE] -> 0x2AA5
[1144] [M]: 0x00000000800011CC (0x2AA50513) addi a0, a0, 682
x10 <- 0xFFEAAAAAAAAAAAAA
mem[X,0x00000000800011D0] -> 0x1513
mem[X,0x00000000800011D2] -> 0x00A5
[1145] [M]: 0x00000000800011D0 (0x00A51513) slli a0, a0, 10
x10 <- 0xAAAAAAAAAAAAA800
mem[X,0x00000000800011D4] -> 0x0513
mem[X,0x00000000800011D6] -> 0x2AA5
[1146] [M]: 0x00000000800011D4 (0x2AA50513) addi a0, a0, 682
x10 <- 0xAAAAAAAAAAAAAAAA
mem[X,0x00000000800011D8] -> 0x0593
mem[X,0x00000000800011DA] -> 0x0035
[1147] [M]: 0x00000000800011D8 (0x00350593) addi a1, a0, 3
x11 <- 0xAAAAAAAAAAAAAAAD
mem[X,0x00000000800011DC] -> 0x3C23
mem[X,0x00000000800011DE] -> 0x4CB1
[1148] [M]: 0x00000000800011DC (0x4CB13C23) sd a1, 1240(sp)
mem[0x00000000800076A8] <- 0xAAAAAAAAAAAAAAAD
mem[X,0x00000000800011E0] -> 0xB537
mem[X,0x00000000800011E2] -> 0xAAAA
[1149] [M]: 0x00000000800011E0 (0xAAAAB537) lui a0, 699051
x10 <- 0xFFFFFFFFAAAAB000
mem[X,0x00000000800011E4] -> 0x0513
mem[X,0x00000000800011E6] -> 0xAAA5
[1150] [M]: 0x00000000800011E4 (0xAAA50513) addi a0, a0, 2730
x10 <- 0xFFFFFFFFAAAAAAAA
mem[X,0x00000000800011E8] -> 0x1513
mem[X,0x00000000800011EA] -> 0x00B5
[1151] [M]: 0x00000000800011E8 (0x00B51513) slli a0, a0, 11
x10 <- 0xFFFFFD5555555000
mem[X,0x00000000800011EC] -> 0x0513
mem[X,0x00000000800011EE] -> 0x5555
[1152] [M]: 0x00000000800011EC (0x55550513) addi a0, a0, 1365
x10 <- 0xFFFFFD5555555555
mem[X,0x00000000800011F0] -> 0x1513
mem[X,0x00000000800011F2] -> 0x00B5
[1153] [M]: 0x00000000800011F0 (0x00B51513) slli a0, a0, 11
x10 <- 0xFFEAAAAAAAAAA800
mem[X,0x00000000800011F4] -> 0x0513
mem[X,0x00000000800011F6] -> 0x2AA5
[1154] [M]: 0x00000000800011F4 (0x2AA50513) addi a0, a0, 682
x10 <- 0xFFEAAAAAAAAAAAAA
mem[X,0x00000000800011F8] -> 0x1513
mem[X,0x00000000800011FA] -> 0x00A5
[1155] [M]: 0x00000000800011F8 (0x00A51513) slli a0, a0, 10
x10 <- 0xAAAAAAAAAAAAA800
mem[X,0x00000000800011FC] -> 0x0513
mem[X,0x00000000800011FE] -> 0x2AA5
[1156] [M]: 0x00000000800011FC (0x2AA50513) addi a0, a0, 682
x10 <- 0xAAAAAAAAAAAAAAAA
mem[X,0x0000000080001200] -> 0x0593
mem[X,0x0000000080001202] -> 0x5555
[1157] [M]: 0x0000000080001200 (0x55550593) addi a1, a0, 1365
x11 <- 0xAAAAAAAAAAAAAFFF
mem[X,0x0000000080001204] -> 0x3023
mem[X,0x0000000080001206] -> 0x4EB1
[1158] [M]: 0x0000000080001204 (0x4EB13023) sd a1, 1248(sp)
mem[0x00000000800076B0] <- 0xAAAAAAAAAAAAAFFF
mem[X,0x0000000080001208] -> 0xB537
mem[X,0x000000008000120A] -> 0xAAAA
[1159] [M]: 0x0000000080001208 (0xAAAAB537) lui a0, 699051
x10 <- 0xFFFFFFFFAAAAB000
mem[X,0x000000008000120C] -> 0x0513
mem[X,0x000000008000120E] -> 0xAAA5
[1160] [M]: 0x000000008000120C (0xAAA50513) addi a0, a0, 2730
x10 <- 0xFFFFFFFFAAAAAAAA
mem[X,0x0000000080001210] -> 0x1513
mem[X,0x0000000080001212] -> 0x00B5
[1161] [M]: 0x0000000080001210 (0x00B51513) slli a0, a0, 11
x10 <- 0xFFFFFD5555555000
mem[X,0x0000000080001214] -> 0x0513
mem[X,0x0000000080001216] -> 0x5555
[1162] [M]: 0x0000000080001214 (0x55550513) addi a0, a0, 1365
x10 <- 0xFFFFFD5555555555
mem[X,0x0000000080001218] -> 0x1513
mem[X,0x000000008000121A] -> 0x00B5
[1163] [M]: 0x0000000080001218 (0x00B51513) slli a0, a0, 11
x10 <- 0xFFEAAAAAAAAAA800
mem[X,0x000000008000121C] -> 0x0513
mem[X,0x000000008000121E] -> 0x2AA5
[1164] [M]: 0x000000008000121C (0x2AA50513) addi a0, a0, 682
x10 <- 0xFFEAAAAAAAAAAAAA
mem[X,0x0000000080001220] -> 0x1513
mem[X,0x0000000080001222] -> 0x00A5
[1165] [M]: 0x0000000080001220 (0x00A51513) slli a0, a0, 10
x10 <- 0xAAAAAAAAAAAAA800
mem[X,0x0000000080001224] -> 0x0513
mem[X,0x0000000080001226] -> 0x2AA5
[1166] [M]: 0x0000000080001224 (0x2AA50513) addi a0, a0, 682
x10 <- 0xAAAAAAAAAAAAAAAA
mem[X,0x0000000080001228] -> 0x0593
mem[X,0x000000008000122A] -> 0xAAA5
[1167] [M]: 0x0000000080001228 (0xAAA50593) addi a1, a0, 2730
x11 <- 0xAAAAAAAAAAAAA554
mem[X,0x000000008000122C] -> 0x3423
mem[X,0x000000008000122E] -> 0x4EB1
[1168] [M]: 0x000000008000122C (0x4EB13423) sd a1, 1256(sp)
mem[0x00000000800076B8] <- 0xAAAAAAAAAAAAA554
mem[X,0x0000000080001230] -> 0xB537
mem[X,0x0000000080001232] -> 0xAAAA
[1169] [M]: 0x0000000080001230 (0xAAAAB537) lui a0, 699051
x10 <- 0xFFFFFFFFAAAAB000
mem[X,0x0000000080001234] -> 0x0513
mem[X,0x0000000080001236] -> 0xAAA5
[1170] [M]: 0x0000000080001234 (0xAAA50513) addi a0, a0, 2730
x10 <- 0xFFFFFFFFAAAAAAAA
mem[X,0x0000000080001238] -> 0x1513
mem[X,0x000000008000123A] -> 0x00B5
[1171] [M]: 0x0000000080001238 (0x00B51513) slli a0, a0, 11
x10 <- 0xFFFFFD5555555000
mem[X,0x000000008000123C] -> 0x0513
mem[X,0x000000008000123E] -> 0x5555
[1172] [M]: 0x000000008000123C (0x55550513) addi a0, a0, 1365
x10 <- 0xFFFFFD5555555555
mem[X,0x0000000080001240] -> 0x1513
mem[X,0x0000000080001242] -> 0x00B5
[1173] [M]: 0x0000000080001240 (0x00B51513) slli a0, a0, 11
x10 <- 0xFFEAAAAAAAAAA800
mem[X,0x0000000080001244] -> 0x0513
mem[X,0x0000000080001246] -> 0x2AA5
[1174] [M]: 0x0000000080001244 (0x2AA50513) addi a0, a0, 682
x10 <- 0xFFEAAAAAAAAAAAAA
mem[X,0x0000000080001248] -> 0x1513
mem[X,0x000000008000124A] -> 0x00A5
[1175] [M]: 0x0000000080001248 (0x00A51513) slli a0, a0, 10
x10 <- 0xAAAAAAAAAAAAA800
mem[X,0x000000008000124C] -> 0x0513
mem[X,0x000000008000124E] -> 0x2AA5
[1176] [M]: 0x000000008000124C (0x2AA50513) addi a0, a0, 682
x10 <- 0xAAAAAAAAAAAAAAAA
mem[X,0x0000000080001250] -> 0x0593
mem[X,0x0000000080001252] -> 0x0055
[1177] [M]: 0x0000000080001250 (0x00550593) addi a1, a0, 5
x11 <- 0xAAAAAAAAAAAAAAAF
mem[X,0x0000000080001254] -> 0x3823
mem[X,0x0000000080001256] -> 0x4EB1
[1178] [M]: 0x0000000080001254 (0x4EB13823) sd a1, 1264(sp)
mem[0x00000000800076C0] <- 0xAAAAAAAAAAAAAAAF
mem[X,0x0000000080001258] -> 0xB537
mem[X,0x000000008000125A] -> 0xAAAA
[1179] [M]: 0x0000000080001258 (0xAAAAB537) lui a0, 699051
x10 <- 0xFFFFFFFFAAAAB000
mem[X,0x000000008000125C] -> 0x0513
mem[X,0x000000008000125E] -> 0xAAA5
[1180] [M]: 0x000000008000125C (0xAAA50513) addi a0, a0, 2730
x10 <- 0xFFFFFFFFAAAAAAAA
mem[X,0x0000000080001260] -> 0x1513
mem[X,0x0000000080001262] -> 0x00B5
[1181] [M]: 0x0000000080001260 (0x00B51513) slli a0, a0, 11
x10 <- 0xFFFFFD5555555000
mem[X,0x0000000080001264] -> 0x0513
mem[X,0x0000000080001266] -> 0x5555
[1182] [M]: 0x0000000080001264 (0x55550513) addi a0, a0, 1365
x10 <- 0xFFFFFD5555555555
mem[X,0x0000000080001268] -> 0x1513
mem[X,0x000000008000126A] -> 0x00B5
[1183] [M]: 0x0000000080001268 (0x00B51513) slli a0, a0, 11
x10 <- 0xFFEAAAAAAAAAA800
mem[X,0x000000008000126C] -> 0x0513
mem[X,0x000000008000126E] -> 0x2AA5
[1184] [M]: 0x000000008000126C (0x2AA50513) addi a0, a0, 682
x10 <- 0xFFEAAAAAAAAAAAAA
mem[X,0x0000000080001270] -> 0x1513
mem[X,0x0000000080001272] -> 0x00A5
[1185] [M]: 0x0000000080001270 (0x00A51513) slli a0, a0, 10
x10 <- 0xAAAAAAAAAAAAA800
mem[X,0x0000000080001274] -> 0x0513
mem[X,0x0000000080001276] -> 0x2AA5
[1186] [M]: 0x0000000080001274 (0x2AA50513) addi a0, a0, 682
x10 <- 0xAAAAAAAAAAAAAAAA
mem[X,0x0000000080001278] -> 0x0593
mem[X,0x000000008000127A] -> 0x3335
[1187] [M]: 0x0000000080001278 (0x33350593) addi a1, a0, 819
x11 <- 0xAAAAAAAAAAAAADDD
mem[X,0x000000008000127C] -> 0x3C23
mem[X,0x000000008000127E] -> 0x4EB1
[1188] [M]: 0x000000008000127C (0x4EB13C23) sd a1, 1272(sp)
mem[0x00000000800076C8] <- 0xAAAAAAAAAAAAADDD
mem[X,0x0000000080001280] -> 0xB537
mem[X,0x0000000080001282] -> 0xAAAA
[1189] [M]: 0x0000000080001280 (0xAAAAB537) lui a0, 699051
x10 <- 0xFFFFFFFFAAAAB000
mem[X,0x0000000080001284] -> 0x0513
mem[X,0x0000000080001286] -> 0xAAA5
[1190] [M]: 0x0000000080001284 (0xAAA50513) addi a0, a0, 2730
x10 <- 0xFFFFFFFFAAAAAAAA
mem[X,0x0000000080001288] -> 0x1513
mem[X,0x000000008000128A] -> 0x00B5
[1191] [M]: 0x0000000080001288 (0x00B51513) slli a0, a0, 11
x10 <- 0xFFFFFD5555555000
mem[X,0x000000008000128C] -> 0x0513
mem[X,0x000000008000128E] -> 0x5555
[1192] [M]: 0x000000008000128C (0x55550513) addi a0, a0, 1365
x10 <- 0xFFFFFD5555555555
mem[X,0x0000000080001290] -> 0x1513
mem[X,0x0000000080001292] -> 0x00B5
[1193] [M]: 0x0000000080001290 (0x00B51513) slli a0, a0, 11
x10 <- 0xFFEAAAAAAAAAA800
mem[X,0x0000000080001294] -> 0x0513
mem[X,0x0000000080001296] -> 0x2AA5
[1194] [M]: 0x0000000080001294 (0x2AA50513) addi a0, a0, 682
x10 <- 0xFFEAAAAAAAAAAAAA
mem[X,0x0000000080001298] -> 0x1513
mem[X,0x000000008000129A] -> 0x00A5
[1195] [M]: 0x0000000080001298 (0x00A51513) slli a0, a0, 10
x10 <- 0xAAAAAAAAAAAAA800
mem[X,0x000000008000129C] -> 0x0513
mem[X,0x000000008000129E] -> 0x2AA5
[1196] [M]: 0x000000008000129C (0x2AA50513) addi a0, a0, 682
x10 <- 0xAAAAAAAAAAAAAAAA
mem[X,0x00000000800012A0] -> 0x0593
mem[X,0x00000000800012A2] -> 0x6665
[1197] [M]: 0x00000000800012A0 (0x66650593) addi a1, a0, 1638
x11 <- 0xAAAAAAAAAAAAB110
mem[X,0x00000000800012A4] -> 0x3023
mem[X,0x00000000800012A6] -> 0x50B1
[1198] [M]: 0x00000000800012A4 (0x50B13023) sd a1, 1280(sp)
mem[0x00000000800076D0] <- 0xAAAAAAAAAAAAB110
mem[X,0x00000000800012A8] -> 0xB537
mem[X,0x00000000800012AA] -> 0xAAAA
[1199] [M]: 0x00000000800012A8 (0xAAAAB537) lui a0, 699051
x10 <- 0xFFFFFFFFAAAAB000
clint::tick mtime <- 0x000000000000000C
 clint timer pending at mtime 0x000000000000000C
htif::tick 0x0000000000000000
mem[X,0x00000000800012AC] -> 0x0513
mem[X,0x00000000800012AE] -> 0xAAA5
[1200] [M]: 0x00000000800012AC (0xAAA50513) addi a0, a0, 2730
x10 <- 0xFFFFFFFFAAAAAAAA
mem[X,0x00000000800012B0] -> 0x1513
mem[X,0x00000000800012B2] -> 0x00B5
[1201] [M]: 0x00000000800012B0 (0x00B51513) slli a0, a0, 11
x10 <- 0xFFFFFD5555555000
mem[X,0x00000000800012B4] -> 0x0513
mem[X,0x00000000800012B6] -> 0x5555
[1202] [M]: 0x00000000800012B4 (0x55550513) addi a0, a0, 1365
x10 <- 0xFFFFFD5555555555
mem[X,0x00000000800012B8] -> 0x1513
mem[X,0x00000000800012BA] -> 0x00B5
[1203] [M]: 0x00000000800012B8 (0x00B51513) slli a0, a0, 11
x10 <- 0xFFEAAAAAAAAAA800
mem[X,0x00000000800012BC] -> 0x0513
mem[X,0x00000000800012BE] -> 0x2AA5
[1204] [M]: 0x00000000800012BC (0x2AA50513) addi a0, a0, 682
x10 <- 0xFFEAAAAAAAAAAAAA
mem[X,0x00000000800012C0] -> 0x1513
mem[X,0x00000000800012C2] -> 0x00A5
[1205] [M]: 0x00000000800012C0 (0x00A51513) slli a0, a0, 10
x10 <- 0xAAAAAAAAAAAAA800
mem[X,0x00000000800012C4] -> 0x0513
mem[X,0x00000000800012C6] -> 0x2AA5
[1206] [M]: 0x00000000800012C4 (0x2AA50513) addi a0, a0, 682
x10 <- 0xAAAAAAAAAAAAAAAA
mem[X,0x00000000800012C8] -> 0x0593
mem[X,0x00000000800012CA] -> 0xFD35
[1207] [M]: 0x00000000800012C8 (0xFD350593) addi a1, a0, 4051
x11 <- 0xAAAAAAAAAAAAAA7D
mem[X,0x00000000800012CC] -> 0x3423
mem[X,0x00000000800012CE] -> 0x50B1
[1208] [M]: 0x00000000800012CC (0x50B13423) sd a1, 1288(sp)
mem[0x00000000800076D8] <- 0xAAAAAAAAAAAAAA7D
mem[X,0x00000000800012D0] -> 0xB537
mem[X,0x00000000800012D2] -> 0xAAAA
[1209] [M]: 0x00000000800012D0 (0xAAAAB537) lui a0, 699051
x10 <- 0xFFFFFFFFAAAAB000
mem[X,0x00000000800012D4] -> 0x0513
mem[X,0x00000000800012D6] -> 0xAAA5
[1210] [M]: 0x00000000800012D4 (0xAAA50513) addi a0, a0, 2730
x10 <- 0xFFFFFFFFAAAAAAAA
mem[X,0x00000000800012D8] -> 0x1513
mem[X,0x00000000800012DA] -> 0x00B5
[1211] [M]: 0x00000000800012D8 (0x00B51513) slli a0, a0, 11
x10 <- 0xFFFFFD5555555000
mem[X,0x00000000800012DC] -> 0x0513
mem[X,0x00000000800012DE] -> 0x5555
[1212] [M]: 0x00000000800012DC (0x55550513) addi a0, a0, 1365
x10 <- 0xFFFFFD5555555555
mem[X,0x00000000800012E0] -> 0x1513
mem[X,0x00000000800012E2] -> 0x00B5
[1213] [M]: 0x00000000800012E0 (0x00B51513) slli a0, a0, 11
x10 <- 0xFFEAAAAAAAAAA800
mem[X,0x00000000800012E4] -> 0x0513
mem[X,0x00000000800012E6] -> 0x2AA5
[1214] [M]: 0x00000000800012E4 (0x2AA50513) addi a0, a0, 682
x10 <- 0xFFEAAAAAAAAAAAAA
mem[X,0x00000000800012E8] -> 0x1513
mem[X,0x00000000800012EA] -> 0x00A5
[1215] [M]: 0x00000000800012E8 (0x00A51513) slli a0, a0, 10
x10 <- 0xAAAAAAAAAAAAA800
mem[X,0x00000000800012EC] -> 0x0513
mem[X,0x00000000800012EE] -> 0x2AA5
[1216] [M]: 0x00000000800012EC (0x2AA50513) addi a0, a0, 682
x10 <- 0xAAAAAAAAAAAAAAAA
mem[X,0x00000000800012F0] -> 0x0593
mem[X,0x00000000800012F2] -> 0x02D5
[1217] [M]: 0x00000000800012F0 (0x02D50593) addi a1, a0, 45
x11 <- 0xAAAAAAAAAAAAAAD7
mem[X,0x00000000800012F4] -> 0x3823
mem[X,0x00000000800012F6] -> 0x50B1
[1218] [M]: 0x00000000800012F4 (0x50B13823) sd a1, 1296(sp)
mem[0x00000000800076E0] <- 0xAAAAAAAAAAAAAAD7
mem[X,0x00000000800012F8] -> 0xB537
mem[X,0x00000000800012FA] -> 0xAAAA
[1219] [M]: 0x00000000800012F8 (0xAAAAB537) lui a0, 699051
x10 <- 0xFFFFFFFFAAAAB000
mem[X,0x00000000800012FC] -> 0x0513
mem[X,0x00000000800012FE] -> 0xAAA5
[1220] [M]: 0x00000000800012FC (0xAAA50513) addi a0, a0, 2730
x10 <- 0xFFFFFFFFAAAAAAAA
mem[X,0x0000000080001300] -> 0x1513
mem[X,0x0000000080001302] -> 0x00B5
[1221] [M]: 0x0000000080001300 (0x00B51513) slli a0, a0, 11
x10 <- 0xFFFFFD5555555000
mem[X,0x0000000080001304] -> 0x0513
mem[X,0x0000000080001306] -> 0x5555
[1222] [M]: 0x0000000080001304 (0x55550513) addi a0, a0, 1365
x10 <- 0xFFFFFD5555555555
mem[X,0x0000000080001308] -> 0x1513
mem[X,0x000000008000130A] -> 0x00B5
[1223] [M]: 0x0000000080001308 (0x00B51513) slli a0, a0, 11
x10 <- 0xFFEAAAAAAAAAA800
mem[X,0x000000008000130C] -> 0x0513
mem[X,0x000000008000130E] -> 0x2AA5
[1224] [M]: 0x000000008000130C (0x2AA50513) addi a0, a0, 682
x10 <- 0xFFEAAAAAAAAAAAAA
mem[X,0x0000000080001310] -> 0x1513
mem[X,0x0000000080001312] -> 0x00A5
[1225] [M]: 0x0000000080001310 (0x00A51513) slli a0, a0, 10
x10 <- 0xAAAAAAAAAAAAA800
mem[X,0x0000000080001314] -> 0x0513
mem[X,0x0000000080001316] -> 0x2AA5
[1226] [M]: 0x0000000080001314 (0x2AA50513) addi a0, a0, 682
x10 <- 0xAAAAAAAAAAAAAAAA
mem[X,0x0000000080001318] -> 0x0593
mem[X,0x000000008000131A] -> 0x0025
[1227] [M]: 0x0000000080001318 (0x00250593) addi a1, a0, 2
x11 <- 0xAAAAAAAAAAAAAAAC
mem[X,0x000000008000131C] -> 0x3C23
mem[X,0x000000008000131E] -> 0x50B1
[1228] [M]: 0x000000008000131C (0x50B13C23) sd a1, 1304(sp)
mem[0x00000000800076E8] <- 0xAAAAAAAAAAAAAAAC
mem[X,0x0000000080001320] -> 0xB537
mem[X,0x0000000080001322] -> 0xAAAA
[1229] [M]: 0x0000000080001320 (0xAAAAB537) lui a0, 699051
x10 <- 0xFFFFFFFFAAAAB000
mem[X,0x0000000080001324] -> 0x0513
mem[X,0x0000000080001326] -> 0xAAA5
[1230] [M]: 0x0000000080001324 (0xAAA50513) addi a0, a0, 2730
x10 <- 0xFFFFFFFFAAAAAAAA
mem[X,0x0000000080001328] -> 0x1513
mem[X,0x000000008000132A] -> 0x00B5
[1231] [M]: 0x0000000080001328 (0x00B51513) slli a0, a0, 11
x10 <- 0xFFFFFD5555555000
mem[X,0x000000008000132C] -> 0x0513
mem[X,0x000000008000132E] -> 0x5555
[1232] [M]: 0x000000008000132C (0x55550513) addi a0, a0, 1365
x10 <- 0xFFFFFD5555555555
mem[X,0x0000000080001330] -> 0x1513
mem[X,0x0000000080001332] -> 0x00B5
[1233] [M]: 0x0000000080001330 (0x00B51513) slli a0, a0, 11
x10 <- 0xFFEAAAAAAAAAA800
mem[X,0x0000000080001334] -> 0x0513
mem[X,0x0000000080001336] -> 0x2AA5
[1234] [M]: 0x0000000080001334 (0x2AA50513) addi a0, a0, 682
x10 <- 0xFFEAAAAAAAAAAAAA
mem[X,0x0000000080001338] -> 0x1513
mem[X,0x000000008000133A] -> 0x00A5
[1235] [M]: 0x0000000080001338 (0x00A51513) slli a0, a0, 10
x10 <- 0xAAAAAAAAAAAAA800
mem[X,0x000000008000133C] -> 0x0513
mem[X,0x000000008000133E] -> 0x2AA5
[1236] [M]: 0x000000008000133C (0x2AA50513) addi a0, a0, 682
x10 <- 0xAAAAAAAAAAAAAAAA
mem[X,0x0000000080001340] -> 0x0593
mem[X,0x0000000080001342] -> 0x5545
[1237] [M]: 0x0000000080001340 (0x55450593) addi a1, a0, 1364
x11 <- 0xAAAAAAAAAAAAAFFE
mem[X,0x0000000080001344] -> 0x3023
mem[X,0x0000000080001346] -> 0x52B1
[1238] [M]: 0x0000000080001344 (0x52B13023) sd a1, 1312(sp)
mem[0x00000000800076F0] <- 0xAAAAAAAAAAAAAFFE
mem[X,0x0000000080001348] -> 0xB537
mem[X,0x000000008000134A] -> 0xAAAA
[1239] [M]: 0x0000000080001348 (0xAAAAB537) lui a0, 699051
x10 <- 0xFFFFFFFFAAAAB000
mem[X,0x000000008000134C] -> 0x0513
mem[X,0x000000008000134E] -> 0xAAA5
[1240] [M]: 0x000000008000134C (0xAAA50513) addi a0, a0, 2730
x10 <- 0xFFFFFFFFAAAAAAAA
mem[X,0x0000000080001350] -> 0x1513
mem[X,0x0000000080001352] -> 0x00B5
[1241] [M]: 0x0000000080001350 (0x00B51513) slli a0, a0, 11
x10 <- 0xFFFFFD5555555000
mem[X,0x0000000080001354] -> 0x0513
mem[X,0x0000000080001356] -> 0x5555
[1242] [M]: 0x0000000080001354 (0x55550513) addi a0, a0, 1365
x10 <- 0xFFFFFD5555555555
mem[X,0x0000000080001358] -> 0x1513
mem[X,0x000000008000135A] -> 0x00B5
[1243] [M]: 0x0000000080001358 (0x00B51513) slli a0, a0, 11
x10 <- 0xFFEAAAAAAAAAA800
mem[X,0x000000008000135C] -> 0x0513
mem[X,0x000000008000135E] -> 0x2AA5
[1244] [M]: 0x000000008000135C (0x2AA50513) addi a0, a0, 682
x10 <- 0xFFEAAAAAAAAAAAAA
mem[X,0x0000000080001360] -> 0x1513
mem[X,0x0000000080001362] -> 0x00A5
[1245] [M]: 0x0000000080001360 (0x00A51513) slli a0, a0, 10
x10 <- 0xAAAAAAAAAAAAA800
mem[X,0x0000000080001364] -> 0x0513
mem[X,0x0000000080001366] -> 0x2AA5
[1246] [M]: 0x0000000080001364 (0x2AA50513) addi a0, a0, 682
x10 <- 0xAAAAAAAAAAAAAAAA
mem[X,0x0000000080001368] -> 0x0593
mem[X,0x000000008000136A] -> 0x0005
[1247] [M]: 0x0000000080001368 (0x00050593) addi a1, a0, 0
x11 <- 0xAAAAAAAAAAAAAAAA
mem[X,0x000000008000136C] -> 0x3423
mem[X,0x000000008000136E] -> 0x52B1
[1248] [M]: 0x000000008000136C (0x52B13423) sd a1, 1320(sp)
mem[0x00000000800076F8] <- 0xAAAAAAAAAAAAAAAA
mem[X,0x0000000080001370] -> 0xB537
mem[X,0x0000000080001372] -> 0xAAAA
[1249] [M]: 0x0000000080001370 (0xAAAAB537) lui a0, 699051
x10 <- 0xFFFFFFFFAAAAB000
mem[X,0x0000000080001374] -> 0x0513
mem[X,0x0000000080001376] -> 0xAAA5
[1250] [M]: 0x0000000080001374 (0xAAA50513) addi a0, a0, 2730
x10 <- 0xFFFFFFFFAAAAAAAA
mem[X,0x0000000080001378] -> 0x1513
mem[X,0x000000008000137A] -> 0x00B5
[1251] [M]: 0x0000000080001378 (0x00B51513) slli a0, a0, 11
x10 <- 0xFFFFFD5555555000
mem[X,0x000000008000137C] -> 0x0513
mem[X,0x000000008000137E] -> 0x5555
[1252] [M]: 0x000000008000137C (0x55550513) addi a0, a0, 1365
x10 <- 0xFFFFFD5555555555
mem[X,0x0000000080001380] -> 0x1513
mem[X,0x0000000080001382] -> 0x00B5
[1253] [M]: 0x0000000080001380 (0x00B51513) slli a0, a0, 11
x10 <- 0xFFEAAAAAAAAAA800
mem[X,0x0000000080001384] -> 0x0513
mem[X,0x0000000080001386] -> 0x2AA5
[1254] [M]: 0x0000000080001384 (0x2AA50513) addi a0, a0, 682
x10 <- 0xFFEAAAAAAAAAAAAA
mem[X,0x0000000080001388] -> 0x1513
mem[X,0x000000008000138A] -> 0x00A5
[1255] [M]: 0x0000000080001388 (0x00A51513) slli a0, a0, 10
x10 <- 0xAAAAAAAAAAAAA800
mem[X,0x000000008000138C] -> 0x0513
mem[X,0x000000008000138E] -> 0x2AA5
[1256] [M]: 0x000000008000138C (0x2AA50513) addi a0, a0, 682
x10 <- 0xAAAAAAAAAAAAAAAA
mem[X,0x0000000080001390] -> 0x0593
mem[X,0x0000000080001392] -> 0x0045
[1257] [M]: 0x0000000080001390 (0x00450593) addi a1, a0, 4
x11 <- 0xAAAAAAAAAAAAAAAE
mem[X,0x0000000080001394] -> 0x3823
mem[X,0x0000000080001396] -> 0x52B1
[1258] [M]: 0x0000000080001394 (0x52B13823) sd a1, 1328(sp)
mem[0x0000000080007700] <- 0xAAAAAAAAAAAAAAAE
mem[X,0x0000000080001398] -> 0xB537
mem[X,0x000000008000139A] -> 0xAAAA
[1259] [M]: 0x0000000080001398 (0xAAAAB537) lui a0, 699051
x10 <- 0xFFFFFFFFAAAAB000
mem[X,0x000000008000139C] -> 0x0513
mem[X,0x000000008000139E] -> 0xAAA5
[1260] [M]: 0x000000008000139C (0xAAA50513) addi a0, a0, 2730
x10 <- 0xFFFFFFFFAAAAAAAA
mem[X,0x00000000800013A0] -> 0x1513
mem[X,0x00000000800013A2] -> 0x00B5
[1261] [M]: 0x00000000800013A0 (0x00B51513) slli a0, a0, 11
x10 <- 0xFFFFFD5555555000
mem[X,0x00000000800013A4] -> 0x0513
mem[X,0x00000000800013A6] -> 0x5555
[1262] [M]: 0x00000000800013A4 (0x55550513) addi a0, a0, 1365
x10 <- 0xFFFFFD5555555555
mem[X,0x00000000800013A8] -> 0x1513
mem[X,0x00000000800013AA] -> 0x00B5
[1263] [M]: 0x00000000800013A8 (0x00B51513) slli a0, a0, 11
x10 <- 0xFFEAAAAAAAAAA800
mem[X,0x00000000800013AC] -> 0x0513
mem[X,0x00000000800013AE] -> 0x2AA5
[1264] [M]: 0x00000000800013AC (0x2AA50513) addi a0, a0, 682
x10 <- 0xFFEAAAAAAAAAAAAA
mem[X,0x00000000800013B0] -> 0x1513
mem[X,0x00000000800013B2] -> 0x00A5
[1265] [M]: 0x00000000800013B0 (0x00A51513) slli a0, a0, 10
x10 <- 0xAAAAAAAAAAAAA800
mem[X,0x00000000800013B4] -> 0x0513
mem[X,0x00000000800013B6] -> 0x2AA5
[1266] [M]: 0x00000000800013B4 (0x2AA50513) addi a0, a0, 682
x10 <- 0xAAAAAAAAAAAAAAAA
mem[X,0x00000000800013B8] -> 0x0593
mem[X,0x00000000800013BA] -> 0x3325
[1267] [M]: 0x00000000800013B8 (0x33250593) addi a1, a0, 818
x11 <- 0xAAAAAAAAAAAAADDC
mem[X,0x00000000800013BC] -> 0x3C23
mem[X,0x00000000800013BE] -> 0x52B1
[1268] [M]: 0x00000000800013BC (0x52B13C23) sd a1, 1336(sp)
mem[0x0000000080007708] <- 0xAAAAAAAAAAAAADDC
mem[X,0x00000000800013C0] -> 0xB537
mem[X,0x00000000800013C2] -> 0xAAAA
[1269] [M]: 0x00000000800013C0 (0xAAAAB537) lui a0, 699051
x10 <- 0xFFFFFFFFAAAAB000
mem[X,0x00000000800013C4] -> 0x0513
mem[X,0x00000000800013C6] -> 0xAAA5
[1270] [M]: 0x00000000800013C4 (0xAAA50513) addi a0, a0, 2730
x10 <- 0xFFFFFFFFAAAAAAAA
mem[X,0x00000000800013C8] -> 0x1513
mem[X,0x00000000800013CA] -> 0x00B5
[1271] [M]: 0x00000000800013C8 (0x00B51513) slli a0, a0, 11
x10 <- 0xFFFFFD5555555000
mem[X,0x00000000800013CC] -> 0x0513
mem[X,0x00000000800013CE] -> 0x5555
[1272] [M]: 0x00000000800013CC (0x55550513) addi a0, a0, 1365
x10 <- 0xFFFFFD5555555555
mem[X,0x00000000800013D0] -> 0x1513
mem[X,0x00000000800013D2] -> 0x00B5
[1273] [M]: 0x00000000800013D0 (0x00B51513) slli a0, a0, 11
x10 <- 0xFFEAAAAAAAAAA800
mem[X,0x00000000800013D4] -> 0x0513
mem[X,0x00000000800013D6] -> 0x2AA5
[1274] [M]: 0x00000000800013D4 (0x2AA50513) addi a0, a0, 682
x10 <- 0xFFEAAAAAAAAAAAAA
mem[X,0x00000000800013D8] -> 0x1513
mem[X,0x00000000800013DA] -> 0x00A5
[1275] [M]: 0x00000000800013D8 (0x00A51513) slli a0, a0, 10
x10 <- 0xAAAAAAAAAAAAA800
mem[X,0x00000000800013DC] -> 0x0513
mem[X,0x00000000800013DE] -> 0x2AA5
[1276] [M]: 0x00000000800013DC (0x2AA50513) addi a0, a0, 682
x10 <- 0xAAAAAAAAAAAAAAAA
mem[X,0x00000000800013E0] -> 0x0593
mem[X,0x00000000800013E2] -> 0x6655
[1277] [M]: 0x00000000800013E0 (0x66550593) addi a1, a0, 1637
x11 <- 0xAAAAAAAAAAAAB10F
mem[X,0x00000000800013E4] -> 0x3023
mem[X,0x00000000800013E6] -> 0x54B1
[1278] [M]: 0x00000000800013E4 (0x54B13023) sd a1, 1344(sp)
mem[0x0000000080007710] <- 0xAAAAAAAAAAAAB10F
mem[X,0x00000000800013E8] -> 0xB537
mem[X,0x00000000800013EA] -> 0xAAAA
[1279] [M]: 0x00000000800013E8 (0xAAAAB537) lui a0, 699051
x10 <- 0xFFFFFFFFAAAAB000
mem[X,0x00000000800013EC] -> 0x0513
mem[X,0x00000000800013EE] -> 0xAAA5
[1280] [M]: 0x00000000800013EC (0xAAA50513) addi a0, a0, 2730
x10 <- 0xFFFFFFFFAAAAAAAA
mem[X,0x00000000800013F0] -> 0x1513
mem[X,0x00000000800013F2] -> 0x00B5
[1281] [M]: 0x00000000800013F0 (0x00B51513) slli a0, a0, 11
x10 <- 0xFFFFFD5555555000
mem[X,0x00000000800013F4] -> 0x0513
mem[X,0x00000000800013F6] -> 0x5555
[1282] [M]: 0x00000000800013F4 (0x55550513) addi a0, a0, 1365
x10 <- 0xFFFFFD5555555555
mem[X,0x00000000800013F8] -> 0x1513
mem[X,0x00000000800013FA] -> 0x00B5
[1283] [M]: 0x00000000800013F8 (0x00B51513) slli a0, a0, 11
x10 <- 0xFFEAAAAAAAAAA800
mem[X,0x00000000800013FC] -> 0x0513
mem[X,0x00000000800013FE] -> 0x2AA5
[1284] [M]: 0x00000000800013FC (0x2AA50513) addi a0, a0, 682
x10 <- 0xFFEAAAAAAAAAAAAA
mem[X,0x0000000080001400] -> 0x1513
mem[X,0x0000000080001402] -> 0x00A5
[1285] [M]: 0x0000000080001400 (0x00A51513) slli a0, a0, 10
x10 <- 0xAAAAAAAAAAAAA800
mem[X,0x0000000080001404] -> 0x0513
mem[X,0x0000000080001406] -> 0x2AA5
[1286] [M]: 0x0000000080001404 (0x2AA50513) addi a0, a0, 682
x10 <- 0xAAAAAAAAAAAAAAAA
mem[X,0x0000000080001408] -> 0x0593
mem[X,0x000000008000140A] -> 0x02C5
[1287] [M]: 0x0000000080001408 (0x02C50593) addi a1, a0, 44
x11 <- 0xAAAAAAAAAAAAAAD6
mem[X,0x000000008000140C] -> 0x3423
mem[X,0x000000008000140E] -> 0x54B1
[1288] [M]: 0x000000008000140C (0x54B13423) sd a1, 1352(sp)
mem[0x0000000080007718] <- 0xAAAAAAAAAAAAAAD6
mem[X,0x0000000080001410] -> 0xB537
mem[X,0x0000000080001412] -> 0xAAAA
[1289] [M]: 0x0000000080001410 (0xAAAAB537) lui a0, 699051
x10 <- 0xFFFFFFFFAAAAB000
mem[X,0x0000000080001414] -> 0x0513
mem[X,0x0000000080001416] -> 0xAAA5
[1290] [M]: 0x0000000080001414 (0xAAA50513) addi a0, a0, 2730
x10 <- 0xFFFFFFFFAAAAAAAA
mem[X,0x0000000080001418] -> 0x1513
mem[X,0x000000008000141A] -> 0x00B5
[1291] [M]: 0x0000000080001418 (0x00B51513) slli a0, a0, 11
x10 <- 0xFFFFFD5555555000
mem[X,0x000000008000141C] -> 0x0513
mem[X,0x000000008000141E] -> 0x5555
[1292] [M]: 0x000000008000141C (0x55550513) addi a0, a0, 1365
x10 <- 0xFFFFFD5555555555
mem[X,0x0000000080001420] -> 0x1513
mem[X,0x0000000080001422] -> 0x00B5
[1293] [M]: 0x0000000080001420 (0x00B51513) slli a0, a0, 11
x10 <- 0xFFEAAAAAAAAAA800
mem[X,0x0000000080001424] -> 0x0513
mem[X,0x0000000080001426] -> 0x2AA5
[1294] [M]: 0x0000000080001424 (0x2AA50513) addi a0, a0, 682
x10 <- 0xFFEAAAAAAAAAAAAA
mem[X,0x0000000080001428] -> 0x1513
mem[X,0x000000008000142A] -> 0x00A5
[1295] [M]: 0x0000000080001428 (0x00A51513) slli a0, a0, 10
x10 <- 0xAAAAAAAAAAAAA800
mem[X,0x000000008000142C] -> 0x0513
mem[X,0x000000008000142E] -> 0x2AA5
[1296] [M]: 0x000000008000142C (0x2AA50513) addi a0, a0, 682
x10 <- 0xAAAAAAAAAAAAAAAA
mem[X,0x0000000080001430] -> 0x0593
mem[X,0x0000000080001432] -> 0x5565
[1297] [M]: 0x0000000080001430 (0x55650593) addi a1, a0, 1366
x11 <- 0xAAAAAAAAAAAAB000
mem[X,0x0000000080001434] -> 0x3823
mem[X,0x0000000080001436] -> 0x54B1
[1298] [M]: 0x0000000080001434 (0x54B13823) sd a1, 1360(sp)
mem[0x0000000080007720] <- 0xAAAAAAAAAAAAB000
mem[X,0x0000000080001438] -> 0xB537
mem[X,0x000000008000143A] -> 0xAAAA
[1299] [M]: 0x0000000080001438 (0xAAAAB537) lui a0, 699051
x10 <- 0xFFFFFFFFAAAAB000
clint::tick mtime <- 0x000000000000000D
 clint timer pending at mtime 0x000000000000000D
htif::tick 0x0000000000000000
mem[X,0x000000008000143C] -> 0x0513
mem[X,0x000000008000143E] -> 0xAAA5
[1300] [M]: 0x000000008000143C (0xAAA50513) addi a0, a0, 2730
x10 <- 0xFFFFFFFFAAAAAAAA
mem[X,0x0000000080001440] -> 0x1513
mem[X,0x0000000080001442] -> 0x00B5
[1301] [M]: 0x0000000080001440 (0x00B51513) slli a0, a0, 11
x10 <- 0xFFFFFD5555555000
mem[X,0x0000000080001444] -> 0x0513
mem[X,0x0000000080001446] -> 0x5555
[1302] [M]: 0x0000000080001444 (0x55550513) addi a0, a0, 1365
x10 <- 0xFFFFFD5555555555
mem[X,0x0000000080001448] -> 0x1513
mem[X,0x000000008000144A] -> 0x00B5
[1303] [M]: 0x0000000080001448 (0x00B51513) slli a0, a0, 11
x10 <- 0xFFEAAAAAAAAAA800
mem[X,0x000000008000144C] -> 0x0513
mem[X,0x000000008000144E] -> 0x2AA5
[1304] [M]: 0x000000008000144C (0x2AA50513) addi a0, a0, 682
x10 <- 0xFFEAAAAAAAAAAAAA
mem[X,0x0000000080001450] -> 0x1513
mem[X,0x0000000080001452] -> 0x00A5
[1305] [M]: 0x0000000080001450 (0x00A51513) slli a0, a0, 10
x10 <- 0xAAAAAAAAAAAAA800
mem[X,0x0000000080001454] -> 0x0513
mem[X,0x0000000080001456] -> 0x2AA5
[1306] [M]: 0x0000000080001454 (0x2AA50513) addi a0, a0, 682
x10 <- 0xAAAAAAAAAAAAAAAA
mem[X,0x0000000080001458] -> 0x0593
mem[X,0x000000008000145A] -> 0xAAB5
[1307] [M]: 0x0000000080001458 (0xAAB50593) addi a1, a0, 2731
x11 <- 0xAAAAAAAAAAAAA555
mem[X,0x000000008000145C] -> 0x3C23
mem[X,0x000000008000145E] -> 0x54B1
[1308] [M]: 0x000000008000145C (0x54B13C23) sd a1, 1368(sp)
mem[0x0000000080007728] <- 0xAAAAAAAAAAAAA555
mem[X,0x0000000080001460] -> 0xB537
mem[X,0x0000000080001462] -> 0xAAAA
[1309] [M]: 0x0000000080001460 (0xAAAAB537) lui a0, 699051
x10 <- 0xFFFFFFFFAAAAB000
mem[X,0x0000000080001464] -> 0x0513
mem[X,0x0000000080001466] -> 0xAAA5
[1310] [M]: 0x0000000080001464 (0xAAA50513) addi a0, a0, 2730
x10 <- 0xFFFFFFFFAAAAAAAA
mem[X,0x0000000080001468] -> 0x1513
mem[X,0x000000008000146A] -> 0x00B5
[1311] [M]: 0x0000000080001468 (0x00B51513) slli a0, a0, 11
x10 <- 0xFFFFFD5555555000
mem[X,0x000000008000146C] -> 0x0513
mem[X,0x000000008000146E] -> 0x5555
[1312] [M]: 0x000000008000146C (0x55550513) addi a0, a0, 1365
x10 <- 0xFFFFFD5555555555
mem[X,0x0000000080001470] -> 0x1513
mem[X,0x0000000080001472] -> 0x00B5
[1313] [M]: 0x0000000080001470 (0x00B51513) slli a0, a0, 11
x10 <- 0xFFEAAAAAAAAAA800
mem[X,0x0000000080001474] -> 0x0513
mem[X,0x0000000080001476] -> 0x2AA5
[1314] [M]: 0x0000000080001474 (0x2AA50513) addi a0, a0, 682
x10 <- 0xFFEAAAAAAAAAAAAA
mem[X,0x0000000080001478] -> 0x1513
mem[X,0x000000008000147A] -> 0x00A5
[1315] [M]: 0x0000000080001478 (0x00A51513) slli a0, a0, 10
x10 <- 0xAAAAAAAAAAAAA800
mem[X,0x000000008000147C] -> 0x0513
mem[X,0x000000008000147E] -> 0x2AA5
[1316] [M]: 0x000000008000147C (0x2AA50513) addi a0, a0, 682
x10 <- 0xAAAAAAAAAAAAAAAA
mem[X,0x0000000080001480] -> 0x0593
mem[X,0x0000000080001482] -> 0x0065
[1317] [M]: 0x0000000080001480 (0x00650593) addi a1, a0, 6
x11 <- 0xAAAAAAAAAAAAAAB0
mem[X,0x0000000080001484] -> 0x3023
mem[X,0x0000000080001486] -> 0x56B1
[1318] [M]: 0x0000000080001484 (0x56B13023) sd a1, 1376(sp)
mem[0x0000000080007730] <- 0xAAAAAAAAAAAAAAB0
mem[X,0x0000000080001488] -> 0xB537
mem[X,0x000000008000148A] -> 0xAAAA
[1319] [M]: 0x0000000080001488 (0xAAAAB537) lui a0, 699051
x10 <- 0xFFFFFFFFAAAAB000
mem[X,0x000000008000148C] -> 0x0513
mem[X,0x000000008000148E] -> 0xAAA5
[1320] [M]: 0x000000008000148C (0xAAA50513) addi a0, a0, 2730
x10 <- 0xFFFFFFFFAAAAAAAA
mem[X,0x0000000080001490] -> 0x1513
mem[X,0x0000000080001492] -> 0x00B5
[1321] [M]: 0x0000000080001490 (0x00B51513) slli a0, a0, 11
x10 <- 0xFFFFFD5555555000
mem[X,0x0000000080001494] -> 0x0513
mem[X,0x0000000080001496] -> 0x5555
[1322] [M]: 0x0000000080001494 (0x55550513) addi a0, a0, 1365
x10 <- 0xFFFFFD5555555555
mem[X,0x0000000080001498] -> 0x1513
mem[X,0x000000008000149A] -> 0x00B5
[1323] [M]: 0x0000000080001498 (0x00B51513) slli a0, a0, 11
x10 <- 0xFFEAAAAAAAAAA800
mem[X,0x000000008000149C] -> 0x0513
mem[X,0x000000008000149E] -> 0x2AA5
[1324] [M]: 0x000000008000149C (0x2AA50513) addi a0, a0, 682
x10 <- 0xFFEAAAAAAAAAAAAA
mem[X,0x00000000800014A0] -> 0x1513
mem[X,0x00000000800014A2] -> 0x00A5
[1325] [M]: 0x00000000800014A0 (0x00A51513) slli a0, a0, 10
x10 <- 0xAAAAAAAAAAAAA800
mem[X,0x00000000800014A4] -> 0x0513
mem[X,0x00000000800014A6] -> 0x2AA5
[1326] [M]: 0x00000000800014A4 (0x2AA50513) addi a0, a0, 682
x10 <- 0xAAAAAAAAAAAAAAAA
mem[X,0x00000000800014A8] -> 0x0593
mem[X,0x00000000800014AA] -> 0x3345
[1327] [M]: 0x00000000800014A8 (0x33450593) addi a1, a0, 820
x11 <- 0xAAAAAAAAAAAAADDE
mem[X,0x00000000800014AC] -> 0x3423
mem[X,0x00000000800014AE] -> 0x56B1
[1328] [M]: 0x00000000800014AC (0x56B13423) sd a1, 1384(sp)
mem[0x0000000080007738] <- 0xAAAAAAAAAAAAADDE
mem[X,0x00000000800014B0] -> 0xB537
mem[X,0x00000000800014B2] -> 0xAAAA
[1329] [M]: 0x00000000800014B0 (0xAAAAB537) lui a0, 699051
x10 <- 0xFFFFFFFFAAAAB000
mem[X,0x00000000800014B4] -> 0x0513
mem[X,0x00000000800014B6] -> 0xAAA5
[1330] [M]: 0x00000000800014B4 (0xAAA50513) addi a0, a0, 2730
x10 <- 0xFFFFFFFFAAAAAAAA
mem[X,0x00000000800014B8] -> 0x1513
mem[X,0x00000000800014BA] -> 0x00B5
[1331] [M]: 0x00000000800014B8 (0x00B51513) slli a0, a0, 11
x10 <- 0xFFFFFD5555555000
mem[X,0x00000000800014BC] -> 0x0513
mem[X,0x00000000800014BE] -> 0x5555
[1332] [M]: 0x00000000800014BC (0x55550513) addi a0, a0, 1365
x10 <- 0xFFFFFD5555555555
mem[X,0x00000000800014C0] -> 0x1513
mem[X,0x00000000800014C2] -> 0x00B5
[1333] [M]: 0x00000000800014C0 (0x00B51513) slli a0, a0, 11
x10 <- 0xFFEAAAAAAAAAA800
mem[X,0x00000000800014C4] -> 0x0513
mem[X,0x00000000800014C6] -> 0x2AA5
[1334] [M]: 0x00000000800014C4 (0x2AA50513) addi a0, a0, 682
x10 <- 0xFFEAAAAAAAAAAAAA
mem[X,0x00000000800014C8] -> 0x1513
mem[X,0x00000000800014CA] -> 0x00A5
[1335] [M]: 0x00000000800014C8 (0x00A51513) slli a0, a0, 10
x10 <- 0xAAAAAAAAAAAAA800
mem[X,0x00000000800014CC] -> 0x0513
mem[X,0x00000000800014CE] -> 0x2AA5
[1336] [M]: 0x00000000800014CC (0x2AA50513) addi a0, a0, 682
x10 <- 0xAAAAAAAAAAAAAAAA
mem[X,0x00000000800014D0] -> 0x0593
mem[X,0x00000000800014D2] -> 0x6675
[1337] [M]: 0x00000000800014D0 (0x66750593) addi a1, a0, 1639
x11 <- 0xAAAAAAAAAAAAB111
mem[X,0x00000000800014D4] -> 0x3823
mem[X,0x00000000800014D6] -> 0x56B1
[1338] [M]: 0x00000000800014D4 (0x56B13823) sd a1, 1392(sp)
mem[0x0000000080007740] <- 0xAAAAAAAAAAAAB111
mem[X,0x00000000800014D8] -> 0xB537
mem[X,0x00000000800014DA] -> 0xAAAA
[1339] [M]: 0x00000000800014D8 (0xAAAAB537) lui a0, 699051
x10 <- 0xFFFFFFFFAAAAB000
mem[X,0x00000000800014DC] -> 0x0513
mem[X,0x00000000800014DE] -> 0xAAA5
[1340] [M]: 0x00000000800014DC (0xAAA50513) addi a0, a0, 2730
x10 <- 0xFFFFFFFFAAAAAAAA
mem[X,0x00000000800014E0] -> 0x1513
mem[X,0x00000000800014E2] -> 0x00B5
[1341] [M]: 0x00000000800014E0 (0x00B51513) slli a0, a0, 11
x10 <- 0xFFFFFD5555555000
mem[X,0x00000000800014E4] -> 0x0513
mem[X,0x00000000800014E6] -> 0x5555
[1342] [M]: 0x00000000800014E4 (0x55550513) addi a0, a0, 1365
x10 <- 0xFFFFFD5555555555
mem[X,0x00000000800014E8] -> 0x1513
mem[X,0x00000000800014EA] -> 0x00B5
[1343] [M]: 0x00000000800014E8 (0x00B51513) slli a0, a0, 11
x10 <- 0xFFEAAAAAAAAAA800
mem[X,0x00000000800014EC] -> 0x0513
mem[X,0x00000000800014EE] -> 0x2AA5
[1344] [M]: 0x00000000800014EC (0x2AA50513) addi a0, a0, 682
x10 <- 0xFFEAAAAAAAAAAAAA
mem[X,0x00000000800014F0] -> 0x1513
mem[X,0x00000000800014F2] -> 0x00A5
[1345] [M]: 0x00000000800014F0 (0x00A51513) slli a0, a0, 10
x10 <- 0xAAAAAAAAAAAAA800
mem[X,0x00000000800014F4] -> 0x0513
mem[X,0x00000000800014F6] -> 0x2AA5
[1346] [M]: 0x00000000800014F4 (0x2AA50513) addi a0, a0, 682
x10 <- 0xAAAAAAAAAAAAAAAA
mem[X,0x00000000800014F8] -> 0x0593
mem[X,0x00000000800014FA] -> 0xFD45
[1347] [M]: 0x00000000800014F8 (0xFD450593) addi a1, a0, 4052
x11 <- 0xAAAAAAAAAAAAAA7E
mem[X,0x00000000800014FC] -> 0x3C23
mem[X,0x00000000800014FE] -> 0x56B1
[1348] [M]: 0x00000000800014FC (0x56B13C23) sd a1, 1400(sp)
mem[0x0000000080007748] <- 0xAAAAAAAAAAAAAA7E
mem[X,0x0000000080001500] -> 0xB537
mem[X,0x0000000080001502] -> 0xAAAA
[1349] [M]: 0x0000000080001500 (0xAAAAB537) lui a0, 699051
x10 <- 0xFFFFFFFFAAAAB000
mem[X,0x0000000080001504] -> 0x0513
mem[X,0x0000000080001506] -> 0xAAA5
[1350] [M]: 0x0000000080001504 (0xAAA50513) addi a0, a0, 2730
x10 <- 0xFFFFFFFFAAAAAAAA
mem[X,0x0000000080001508] -> 0x1513
mem[X,0x000000008000150A] -> 0x00B5
[1351] [M]: 0x0000000080001508 (0x00B51513) slli a0, a0, 11
x10 <- 0xFFFFFD5555555000
mem[X,0x000000008000150C] -> 0x0513
mem[X,0x000000008000150E] -> 0x5555
[1352] [M]: 0x000000008000150C (0x55550513) addi a0, a0, 1365
x10 <- 0xFFFFFD5555555555
mem[X,0x0000000080001510] -> 0x1513
mem[X,0x0000000080001512] -> 0x00B5
[1353] [M]: 0x0000000080001510 (0x00B51513) slli a0, a0, 11
x10 <- 0xFFEAAAAAAAAAA800
mem[X,0x0000000080001514] -> 0x0513
mem[X,0x0000000080001516] -> 0x2AA5
[1354] [M]: 0x0000000080001514 (0x2AA50513) addi a0, a0, 682
x10 <- 0xFFEAAAAAAAAAAAAA
mem[X,0x0000000080001518] -> 0x1513
mem[X,0x000000008000151A] -> 0x00A5
[1355] [M]: 0x0000000080001518 (0x00A51513) slli a0, a0, 10
x10 <- 0xAAAAAAAAAAAAA800
mem[X,0x000000008000151C] -> 0x0513
mem[X,0x000000008000151E] -> 0x2AA5
[1356] [M]: 0x000000008000151C (0x2AA50513) addi a0, a0, 682
x10 <- 0xAAAAAAAAAAAAAAAA
mem[X,0x0000000080001520] -> 0x0593
mem[X,0x0000000080001522] -> 0x02E5
[1357] [M]: 0x0000000080001520 (0x02E50593) addi a1, a0, 46
x11 <- 0xAAAAAAAAAAAAAAD8
mem[X,0x0000000080001524] -> 0x3023
mem[X,0x0000000080001526] -> 0x58B1
[1358] [M]: 0x0000000080001524 (0x58B13023) sd a1, 1408(sp)
mem[0x0000000080007750] <- 0xAAAAAAAAAAAAAAD8
mem[X,0x0000000080001528] -> 0x0513
mem[X,0x000000008000152A] -> 0x0050
[1359] [M]: 0x0000000080001528 (0x00500513) addi a0, zero, 5
x10 <- 0x0000000000000005
mem[X,0x000000008000152C] -> 0x0593
mem[X,0x000000008000152E] -> 0x0035
[1360] [M]: 0x000000008000152C (0x00350593) addi a1, a0, 3
x11 <- 0x0000000000000008
mem[X,0x0000000080001530] -> 0x3423
mem[X,0x0000000080001532] -> 0x58B1
[1361] [M]: 0x0000000080001530 (0x58B13423) sd a1, 1416(sp)
mem[0x0000000080007758] <- 0x0000000000000008
mem[X,0x0000000080001534] -> 0x0513
mem[X,0x0000000080001536] -> 0x0050
[1362] [M]: 0x0000000080001534 (0x00500513) addi a0, zero, 5
x10 <- 0x0000000000000005
mem[X,0x0000000080001538] -> 0x0593
mem[X,0x000000008000153A] -> 0x5555
[1363] [M]: 0x0000000080001538 (0x55550593) addi a1, a0, 1365
x11 <- 0x000000000000055A
mem[X,0x000000008000153C] -> 0x3823
mem[X,0x000000008000153E] -> 0x58B1
[1364] [M]: 0x000000008000153C (0x58B13823) sd a1, 1424(sp)
mem[0x0000000080007760] <- 0x000000000000055A
mem[X,0x0000000080001540] -> 0x0513
mem[X,0x0000000080001542] -> 0x0050
[1365] [M]: 0x0000000080001540 (0x00500513) addi a0, zero, 5
x10 <- 0x0000000000000005
mem[X,0x0000000080001544] -> 0x0593
mem[X,0x0000000080001546] -> 0xAAA5
[1366] [M]: 0x0000000080001544 (0xAAA50593) addi a1, a0, 2730
x11 <- 0xFFFFFFFFFFFFFAAF
mem[X,0x0000000080001548] -> 0x3C23
mem[X,0x000000008000154A] -> 0x58B1
[1367] [M]: 0x0000000080001548 (0x58B13C23) sd a1, 1432(sp)
mem[0x0000000080007768] <- 0xFFFFFFFFFFFFFAAF
mem[X,0x000000008000154C] -> 0x0513
mem[X,0x000000008000154E] -> 0x0050
[1368] [M]: 0x000000008000154C (0x00500513) addi a0, zero, 5
x10 <- 0x0000000000000005
mem[X,0x0000000080001550] -> 0x0593
mem[X,0x0000000080001552] -> 0x0055
[1369] [M]: 0x0000000080001550 (0x00550593) addi a1, a0, 5
x11 <- 0x000000000000000A
mem[X,0x0000000080001554] -> 0x3023
mem[X,0x0000000080001556] -> 0x5AB1
[1370] [M]: 0x0000000080001554 (0x5AB13023) sd a1, 1440(sp)
mem[0x0000000080007770] <- 0x000000000000000A
mem[X,0x0000000080001558] -> 0x0513
mem[X,0x000000008000155A] -> 0x0050
[1371] [M]: 0x0000000080001558 (0x00500513) addi a0, zero, 5
x10 <- 0x0000000000000005
mem[X,0x000000008000155C] -> 0x0593
mem[X,0x000000008000155E] -> 0x3335
[1372] [M]: 0x000000008000155C (0x33350593) addi a1, a0, 819
x11 <- 0x0000000000000338
mem[X,0x0000000080001560] -> 0x3423
mem[X,0x0000000080001562] -> 0x5AB1
[1373] [M]: 0x0000000080001560 (0x5AB13423) sd a1, 1448(sp)
mem[0x0000000080007778] <- 0x0000000000000338
mem[X,0x0000000080001564] -> 0x0513
mem[X,0x0000000080001566] -> 0x0050
[1374] [M]: 0x0000000080001564 (0x00500513) addi a0, zero, 5
x10 <- 0x0000000000000005
mem[X,0x0000000080001568] -> 0x0593
mem[X,0x000000008000156A] -> 0x6665
[1375] [M]: 0x0000000080001568 (0x66650593) addi a1, a0, 1638
x11 <- 0x000000000000066B
mem[X,0x000000008000156C] -> 0x3823
mem[X,0x000000008000156E] -> 0x5AB1
[1376] [M]: 0x000000008000156C (0x5AB13823) sd a1, 1456(sp)
mem[0x0000000080007780] <- 0x000000000000066B
mem[X,0x0000000080001570] -> 0x0513
mem[X,0x0000000080001572] -> 0x0050
[1377] [M]: 0x0000000080001570 (0x00500513) addi a0, zero, 5
x10 <- 0x0000000000000005
mem[X,0x0000000080001574] -> 0x0593
mem[X,0x0000000080001576] -> 0xFD35
[1378] [M]: 0x0000000080001574 (0xFD350593) addi a1, a0, 4051
x11 <- 0xFFFFFFFFFFFFFFD8
mem[X,0x0000000080001578] -> 0x3C23
mem[X,0x000000008000157A] -> 0x5AB1
[1379] [M]: 0x0000000080001578 (0x5AB13C23) sd a1, 1464(sp)
mem[0x0000000080007788] <- 0xFFFFFFFFFFFFFFD8
mem[X,0x000000008000157C] -> 0x0513
mem[X,0x000000008000157E] -> 0x0050
[1380] [M]: 0x000000008000157C (0x00500513) addi a0, zero, 5
x10 <- 0x0000000000000005
mem[X,0x0000000080001580] -> 0x0593
mem[X,0x0000000080001582] -> 0x02D5
[1381] [M]: 0x0000000080001580 (0x02D50593) addi a1, a0, 45
x11 <- 0x0000000000000032
mem[X,0x0000000080001584] -> 0x3023
mem[X,0x0000000080001586] -> 0x5CB1
[1382] [M]: 0x0000000080001584 (0x5CB13023) sd a1, 1472(sp)
mem[0x0000000080007790] <- 0x0000000000000032
mem[X,0x0000000080001588] -> 0x0513
mem[X,0x000000008000158A] -> 0x0050
[1383] [M]: 0x0000000080001588 (0x00500513) addi a0, zero, 5
x10 <- 0x0000000000000005
mem[X,0x000000008000158C] -> 0x0593
mem[X,0x000000008000158E] -> 0x0025
[1384] [M]: 0x000000008000158C (0x00250593) addi a1, a0, 2
x11 <- 0x0000000000000007
mem[X,0x0000000080001590] -> 0x3423
mem[X,0x0000000080001592] -> 0x5CB1
[1385] [M]: 0x0000000080001590 (0x5CB13423) sd a1, 1480(sp)
mem[0x0000000080007798] <- 0x0000000000000007
mem[X,0x0000000080001594] -> 0x0513
mem[X,0x0000000080001596] -> 0x0050
[1386] [M]: 0x0000000080001594 (0x00500513) addi a0, zero, 5
x10 <- 0x0000000000000005
mem[X,0x0000000080001598] -> 0x0593
mem[X,0x000000008000159A] -> 0x5545
[1387] [M]: 0x0000000080001598 (0x55450593) addi a1, a0, 1364
x11 <- 0x0000000000000559
mem[X,0x000000008000159C] -> 0x3823
mem[X,0x000000008000159E] -> 0x5CB1
[1388] [M]: 0x000000008000159C (0x5CB13823) sd a1, 1488(sp)
mem[0x00000000800077A0] <- 0x0000000000000559
mem[X,0x00000000800015A0] -> 0x0513
mem[X,0x00000000800015A2] -> 0x0050
[1389] [M]: 0x00000000800015A0 (0x00500513) addi a0, zero, 5
x10 <- 0x0000000000000005
mem[X,0x00000000800015A4] -> 0x0593
mem[X,0x00000000800015A6] -> 0x0005
[1390] [M]: 0x00000000800015A4 (0x00050593) addi a1, a0, 0
x11 <- 0x0000000000000005
mem[X,0x00000000800015A8] -> 0x3C23
mem[X,0x00000000800015AA] -> 0x5CB1
[1391] [M]: 0x00000000800015A8 (0x5CB13C23) sd a1, 1496(sp)
mem[0x00000000800077A8] <- 0x0000000000000005
mem[X,0x00000000800015AC] -> 0x0513
mem[X,0x00000000800015AE] -> 0x0050
[1392] [M]: 0x00000000800015AC (0x00500513) addi a0, zero, 5
x10 <- 0x0000000000000005
mem[X,0x00000000800015B0] -> 0x0593
mem[X,0x00000000800015B2] -> 0x0045
[1393] [M]: 0x00000000800015B0 (0x00450593) addi a1, a0, 4
x11 <- 0x0000000000000009
mem[X,0x00000000800015B4] -> 0x3023
mem[X,0x00000000800015B6] -> 0x5EB1
[1394] [M]: 0x00000000800015B4 (0x5EB13023) sd a1, 1504(sp)
mem[0x00000000800077B0] <- 0x0000000000000009
mem[X,0x00000000800015B8] -> 0x0513
mem[X,0x00000000800015BA] -> 0x0050
[1395] [M]: 0x00000000800015B8 (0x00500513) addi a0, zero, 5
x10 <- 0x0000000000000005
mem[X,0x00000000800015BC] -> 0x0593
mem[X,0x00000000800015BE] -> 0x3325
[1396] [M]: 0x00000000800015BC (0x33250593) addi a1, a0, 818
x11 <- 0x0000000000000337
mem[X,0x00000000800015C0] -> 0x3423
mem[X,0x00000000800015C2] -> 0x5EB1
[1397] [M]: 0x00000000800015C0 (0x5EB13423) sd a1, 1512(sp)
mem[0x00000000800077B8] <- 0x0000000000000337
mem[X,0x00000000800015C4] -> 0x0513
mem[X,0x00000000800015C6] -> 0x0050
[1398] [M]: 0x00000000800015C4 (0x00500513) addi a0, zero, 5
x10 <- 0x0000000000000005
mem[X,0x00000000800015C8] -> 0x0593
mem[X,0x00000000800015CA] -> 0x6655
[1399] [M]: 0x00000000800015C8 (0x66550593) addi a1, a0, 1637
x11 <- 0x000000000000066A
clint::tick mtime <- 0x000000000000000E
 clint timer pending at mtime 0x000000000000000E
htif::tick 0x0000000000000000
mem[X,0x00000000800015CC] -> 0x3823
mem[X,0x00000000800015CE] -> 0x5EB1
[1400] [M]: 0x00000000800015CC (0x5EB13823) sd a1, 1520(sp)
mem[0x00000000800077C0] <- 0x000000000000066A
mem[X,0x00000000800015D0] -> 0x0513
mem[X,0x00000000800015D2] -> 0x0050
[1401] [M]: 0x00000000800015D0 (0x00500513) addi a0, zero, 5
x10 <- 0x0000000000000005
mem[X,0x00000000800015D4] -> 0x0593
mem[X,0x00000000800015D6] -> 0x02C5
[1402] [M]: 0x00000000800015D4 (0x02C50593) addi a1, a0, 44
x11 <- 0x0000000000000031
mem[X,0x00000000800015D8] -> 0x3C23
mem[X,0x00000000800015DA] -> 0x5EB1
[1403] [M]: 0x00000000800015D8 (0x5EB13C23) sd a1, 1528(sp)
mem[0x00000000800077C8] <- 0x0000000000000031
mem[X,0x00000000800015DC] -> 0x0513
mem[X,0x00000000800015DE] -> 0x0050
[1404] [M]: 0x00000000800015DC (0x00500513) addi a0, zero, 5
x10 <- 0x0000000000000005
mem[X,0x00000000800015E0] -> 0x0593
mem[X,0x00000000800015E2] -> 0x5565
[1405] [M]: 0x00000000800015E0 (0x55650593) addi a1, a0, 1366
x11 <- 0x000000000000055B
mem[X,0x00000000800015E4] -> 0x3023
mem[X,0x00000000800015E6] -> 0x60B1
[1406] [M]: 0x00000000800015E4 (0x60B13023) sd a1, 1536(sp)
mem[0x00000000800077D0] <- 0x000000000000055B
mem[X,0x00000000800015E8] -> 0x0513
mem[X,0x00000000800015EA] -> 0x0050
[1407] [M]: 0x00000000800015E8 (0x00500513) addi a0, zero, 5
x10 <- 0x0000000000000005
mem[X,0x00000000800015EC] -> 0x0593
mem[X,0x00000000800015EE] -> 0xAAB5
[1408] [M]: 0x00000000800015EC (0xAAB50593) addi a1, a0, 2731
x11 <- 0xFFFFFFFFFFFFFAB0
mem[X,0x00000000800015F0] -> 0x3423
mem[X,0x00000000800015F2] -> 0x60B1
[1409] [M]: 0x00000000800015F0 (0x60B13423) sd a1, 1544(sp)
mem[0x00000000800077D8] <- 0xFFFFFFFFFFFFFAB0
mem[X,0x00000000800015F4] -> 0x0513
mem[X,0x00000000800015F6] -> 0x0050
[1410] [M]: 0x00000000800015F4 (0x00500513) addi a0, zero, 5
x10 <- 0x0000000000000005
mem[X,0x00000000800015F8] -> 0x0593
mem[X,0x00000000800015FA] -> 0x0065
[1411] [M]: 0x00000000800015F8 (0x00650593) addi a1, a0, 6
x11 <- 0x000000000000000B
mem[X,0x00000000800015FC] -> 0x3823
mem[X,0x00000000800015FE] -> 0x60B1
[1412] [M]: 0x00000000800015FC (0x60B13823) sd a1, 1552(sp)
mem[0x00000000800077E0] <- 0x000000000000000B
mem[X,0x0000000080001600] -> 0x0513
mem[X,0x0000000080001602] -> 0x0050
[1413] [M]: 0x0000000080001600 (0x00500513) addi a0, zero, 5
x10 <- 0x0000000000000005
mem[X,0x0000000080001604] -> 0x0593
mem[X,0x0000000080001606] -> 0x3345
[1414] [M]: 0x0000000080001604 (0x33450593) addi a1, a0, 820
x11 <- 0x0000000000000339
mem[X,0x0000000080001608] -> 0x3C23
mem[X,0x000000008000160A] -> 0x60B1
[1415] [M]: 0x0000000080001608 (0x60B13C23) sd a1, 1560(sp)
mem[0x00000000800077E8] <- 0x0000000000000339
mem[X,0x000000008000160C] -> 0x0513
mem[X,0x000000008000160E] -> 0x0050
[1416] [M]: 0x000000008000160C (0x00500513) addi a0, zero, 5
x10 <- 0x0000000000000005
mem[X,0x0000000080001610] -> 0x0593
mem[X,0x0000000080001612] -> 0x6675
[1417] [M]: 0x0000000080001610 (0x66750593) addi a1, a0, 1639
x11 <- 0x000000000000066C
mem[X,0x0000000080001614] -> 0x3023
mem[X,0x0000000080001616] -> 0x62B1
[1418] [M]: 0x0000000080001614 (0x62B13023) sd a1, 1568(sp)
mem[0x00000000800077F0] <- 0x000000000000066C
mem[X,0x0000000080001618] -> 0x0513
mem[X,0x000000008000161A] -> 0x0050
[1419] [M]: 0x0000000080001618 (0x00500513) addi a0, zero, 5
x10 <- 0x0000000000000005
mem[X,0x000000008000161C] -> 0x0593
mem[X,0x000000008000161E] -> 0xFD45
[1420] [M]: 0x000000008000161C (0xFD450593) addi a1, a0, 4052
x11 <- 0xFFFFFFFFFFFFFFD9
mem[X,0x0000000080001620] -> 0x3423
mem[X,0x0000000080001622] -> 0x62B1
[1421] [M]: 0x0000000080001620 (0x62B13423) sd a1, 1576(sp)
mem[0x00000000800077F8] <- 0xFFFFFFFFFFFFFFD9
mem[X,0x0000000080001624] -> 0x0513
mem[X,0x0000000080001626] -> 0x0050
[1422] [M]: 0x0000000080001624 (0x00500513) addi a0, zero, 5
x10 <- 0x0000000000000005
mem[X,0x0000000080001628] -> 0x0593
mem[X,0x000000008000162A] -> 0x02E5
[1423] [M]: 0x0000000080001628 (0x02E50593) addi a1, a0, 46
x11 <- 0x0000000000000033
mem[X,0x000000008000162C] -> 0x3823
mem[X,0x000000008000162E] -> 0x62B1
[1424] [M]: 0x000000008000162C (0x62B13823) sd a1, 1584(sp)
mem[0x0000000080007800] <- 0x0000000000000033
mem[X,0x0000000080001630] -> 0x3537
mem[X,0x0000000080001632] -> 0x3333
[1425] [M]: 0x0000000080001630 (0x33333537) lui a0, 209715
x10 <- 0x0000000033333000
mem[X,0x0000000080001634] -> 0x0513
mem[X,0x0000000080001636] -> 0x3335
[1426] [M]: 0x0000000080001634 (0x33350513) addi a0, a0, 819
x10 <- 0x0000000033333333
mem[X,0x0000000080001638] -> 0x1513
mem[X,0x000000008000163A] -> 0x00B5
[1427] [M]: 0x0000000080001638 (0x00B51513) slli a0, a0, 11
x10 <- 0x0000019999999800
mem[X,0x000000008000163C] -> 0x0513
mem[X,0x000000008000163E] -> 0x1995
[1428] [M]: 0x000000008000163C (0x19950513) addi a0, a0, 409
x10 <- 0x0000019999999999
mem[X,0x0000000080001640] -> 0x1513
mem[X,0x0000000080001642] -> 0x00B5
[1429] [M]: 0x0000000080001640 (0x00B51513) slli a0, a0, 11
x10 <- 0x000CCCCCCCCCC800
mem[X,0x0000000080001644] -> 0x0513
mem[X,0x0000000080001646] -> 0x4CC5
[1430] [M]: 0x0000000080001644 (0x4CC50513) addi a0, a0, 1228
x10 <- 0x000CCCCCCCCCCCCC
mem[X,0x0000000080001648] -> 0x1513
mem[X,0x000000008000164A] -> 0x00A5
[1431] [M]: 0x0000000080001648 (0x00A51513) slli a0, a0, 10
x10 <- 0x3333333333333000
mem[X,0x000000008000164C] -> 0x0513
mem[X,0x000000008000164E] -> 0x3335
[1432] [M]: 0x000000008000164C (0x33350513) addi a0, a0, 819
x10 <- 0x3333333333333333
mem[X,0x0000000080001650] -> 0x0593
mem[X,0x0000000080001652] -> 0x0035
[1433] [M]: 0x0000000080001650 (0x00350593) addi a1, a0, 3
x11 <- 0x3333333333333336
mem[X,0x0000000080001654] -> 0x3C23
mem[X,0x0000000080001656] -> 0x62B1
[1434] [M]: 0x0000000080001654 (0x62B13C23) sd a1, 1592(sp)
mem[0x0000000080007808] <- 0x3333333333333336
mem[X,0x0000000080001658] -> 0x3537
mem[X,0x000000008000165A] -> 0x3333
[1435] [M]: 0x0000000080001658 (0x33333537) lui a0, 209715
x10 <- 0x0000000033333000
mem[X,0x000000008000165C] -> 0x0513
mem[X,0x000000008000165E] -> 0x3335
[1436] [M]: 0x000000008000165C (0x33350513) addi a0, a0, 819
x10 <- 0x0000000033333333
mem[X,0x0000000080001660] -> 0x1513
mem[X,0x0000000080001662] -> 0x00B5
[1437] [M]: 0x0000000080001660 (0x00B51513) slli a0, a0, 11
x10 <- 0x0000019999999800
mem[X,0x0000000080001664] -> 0x0513
mem[X,0x0000000080001666] -> 0x1995
[1438] [M]: 0x0000000080001664 (0x19950513) addi a0, a0, 409
x10 <- 0x0000019999999999
mem[X,0x0000000080001668] -> 0x1513
mem[X,0x000000008000166A] -> 0x00B5
[1439] [M]: 0x0000000080001668 (0x00B51513) slli a0, a0, 11
x10 <- 0x000CCCCCCCCCC800
mem[X,0x000000008000166C] -> 0x0513
mem[X,0x000000008000166E] -> 0x4CC5
[1440] [M]: 0x000000008000166C (0x4CC50513) addi a0, a0, 1228
x10 <- 0x000CCCCCCCCCCCCC
mem[X,0x0000000080001670] -> 0x1513
mem[X,0x0000000080001672] -> 0x00A5
[1441] [M]: 0x0000000080001670 (0x00A51513) slli a0, a0, 10
x10 <- 0x3333333333333000
mem[X,0x0000000080001674] -> 0x0513
mem[X,0x0000000080001676] -> 0x3335
[1442] [M]: 0x0000000080001674 (0x33350513) addi a0, a0, 819
x10 <- 0x3333333333333333
mem[X,0x0000000080001678] -> 0x0593
mem[X,0x000000008000167A] -> 0x5555
[1443] [M]: 0x0000000080001678 (0x55550593) addi a1, a0, 1365
x11 <- 0x3333333333333888
mem[X,0x000000008000167C] -> 0x3023
mem[X,0x000000008000167E] -> 0x64B1
[1444] [M]: 0x000000008000167C (0x64B13023) sd a1, 1600(sp)
mem[0x0000000080007810] <- 0x3333333333333888
mem[X,0x0000000080001680] -> 0x3537
mem[X,0x0000000080001682] -> 0x3333
[1445] [M]: 0x0000000080001680 (0x33333537) lui a0, 209715
x10 <- 0x0000000033333000
mem[X,0x0000000080001684] -> 0x0513
mem[X,0x0000000080001686] -> 0x3335
[1446] [M]: 0x0000000080001684 (0x33350513) addi a0, a0, 819
x10 <- 0x0000000033333333
mem[X,0x0000000080001688] -> 0x1513
mem[X,0x000000008000168A] -> 0x00B5
[1447] [M]: 0x0000000080001688 (0x00B51513) slli a0, a0, 11
x10 <- 0x0000019999999800
mem[X,0x000000008000168C] -> 0x0513
mem[X,0x000000008000168E] -> 0x1995
[1448] [M]: 0x000000008000168C (0x19950513) addi a0, a0, 409
x10 <- 0x0000019999999999
mem[X,0x0000000080001690] -> 0x1513
mem[X,0x0000000080001692] -> 0x00B5
[1449] [M]: 0x0000000080001690 (0x00B51513) slli a0, a0, 11
x10 <- 0x000CCCCCCCCCC800
mem[X,0x0000000080001694] -> 0x0513
mem[X,0x0000000080001696] -> 0x4CC5
[1450] [M]: 0x0000000080001694 (0x4CC50513) addi a0, a0, 1228
x10 <- 0x000CCCCCCCCCCCCC
mem[X,0x0000000080001698] -> 0x1513
mem[X,0x000000008000169A] -> 0x00A5
[1451] [M]: 0x0000000080001698 (0x00A51513) slli a0, a0, 10
x10 <- 0x3333333333333000
mem[X,0x000000008000169C] -> 0x0513
mem[X,0x000000008000169E] -> 0x3335
[1452] [M]: 0x000000008000169C (0x33350513) addi a0, a0, 819
x10 <- 0x3333333333333333
mem[X,0x00000000800016A0] -> 0x0593
mem[X,0x00000000800016A2] -> 0xAAA5
[1453] [M]: 0x00000000800016A0 (0xAAA50593) addi a1, a0, 2730
x11 <- 0x3333333333332DDD
mem[X,0x00000000800016A4] -> 0x3423
mem[X,0x00000000800016A6] -> 0x64B1
[1454] [M]: 0x00000000800016A4 (0x64B13423) sd a1, 1608(sp)
mem[0x0000000080007818] <- 0x3333333333332DDD
mem[X,0x00000000800016A8] -> 0x3537
mem[X,0x00000000800016AA] -> 0x3333
[1455] [M]: 0x00000000800016A8 (0x33333537) lui a0, 209715
x10 <- 0x0000000033333000
mem[X,0x00000000800016AC] -> 0x0513
mem[X,0x00000000800016AE] -> 0x3335
[1456] [M]: 0x00000000800016AC (0x33350513) addi a0, a0, 819
x10 <- 0x0000000033333333
mem[X,0x00000000800016B0] -> 0x1513
mem[X,0x00000000800016B2] -> 0x00B5
[1457] [M]: 0x00000000800016B0 (0x00B51513) slli a0, a0, 11
x10 <- 0x0000019999999800
mem[X,0x00000000800016B4] -> 0x0513
mem[X,0x00000000800016B6] -> 0x1995
[1458] [M]: 0x00000000800016B4 (0x19950513) addi a0, a0, 409
x10 <- 0x0000019999999999
mem[X,0x00000000800016B8] -> 0x1513
mem[X,0x00000000800016BA] -> 0x00B5
[1459] [M]: 0x00000000800016B8 (0x00B51513) slli a0, a0, 11
x10 <- 0x000CCCCCCCCCC800
mem[X,0x00000000800016BC] -> 0x0513
mem[X,0x00000000800016BE] -> 0x4CC5
[1460] [M]: 0x00000000800016BC (0x4CC50513) addi a0, a0, 1228
x10 <- 0x000CCCCCCCCCCCCC
mem[X,0x00000000800016C0] -> 0x1513
mem[X,0x00000000800016C2] -> 0x00A5
[1461] [M]: 0x00000000800016C0 (0x00A51513) slli a0, a0, 10
x10 <- 0x3333333333333000
mem[X,0x00000000800016C4] -> 0x0513
mem[X,0x00000000800016C6] -> 0x3335
[1462] [M]: 0x00000000800016C4 (0x33350513) addi a0, a0, 819
x10 <- 0x3333333333333333
mem[X,0x00000000800016C8] -> 0x0593
mem[X,0x00000000800016CA] -> 0x0055
[1463] [M]: 0x00000000800016C8 (0x00550593) addi a1, a0, 5
x11 <- 0x3333333333333338
mem[X,0x00000000800016CC] -> 0x3823
mem[X,0x00000000800016CE] -> 0x64B1
[1464] [M]: 0x00000000800016CC (0x64B13823) sd a1, 1616(sp)
mem[0x0000000080007820] <- 0x3333333333333338
mem[X,0x00000000800016D0] -> 0x3537
mem[X,0x00000000800016D2] -> 0x3333
[1465] [M]: 0x00000000800016D0 (0x33333537) lui a0, 209715
x10 <- 0x0000000033333000
mem[X,0x00000000800016D4] -> 0x0513
mem[X,0x00000000800016D6] -> 0x3335
[1466] [M]: 0x00000000800016D4 (0x33350513) addi a0, a0, 819
x10 <- 0x0000000033333333
mem[X,0x00000000800016D8] -> 0x1513
mem[X,0x00000000800016DA] -> 0x00B5
[1467] [M]: 0x00000000800016D8 (0x00B51513) slli a0, a0, 11
x10 <- 0x0000019999999800
mem[X,0x00000000800016DC] -> 0x0513
mem[X,0x00000000800016DE] -> 0x1995
[1468] [M]: 0x00000000800016DC (0x19950513) addi a0, a0, 409
x10 <- 0x0000019999999999
mem[X,0x00000000800016E0] -> 0x1513
mem[X,0x00000000800016E2] -> 0x00B5
[1469] [M]: 0x00000000800016E0 (0x00B51513) slli a0, a0, 11
x10 <- 0x000CCCCCCCCCC800
mem[X,0x00000000800016E4] -> 0x0513
mem[X,0x00000000800016E6] -> 0x4CC5
[1470] [M]: 0x00000000800016E4 (0x4CC50513) addi a0, a0, 1228
x10 <- 0x000CCCCCCCCCCCCC
mem[X,0x00000000800016E8] -> 0x1513
mem[X,0x00000000800016EA] -> 0x00A5
[1471] [M]: 0x00000000800016E8 (0x00A51513) slli a0, a0, 10
x10 <- 0x3333333333333000
mem[X,0x00000000800016EC] -> 0x0513
mem[X,0x00000000800016EE] -> 0x3335
[1472] [M]: 0x00000000800016EC (0x33350513) addi a0, a0, 819
x10 <- 0x3333333333333333
mem[X,0x00000000800016F0] -> 0x0593
mem[X,0x00000000800016F2] -> 0x3335
[1473] [M]: 0x00000000800016F0 (0x33350593) addi a1, a0, 819
x11 <- 0x3333333333333666
mem[X,0x00000000800016F4] -> 0x3C23
mem[X,0x00000000800016F6] -> 0x64B1
[1474] [M]: 0x00000000800016F4 (0x64B13C23) sd a1, 1624(sp)
mem[0x0000000080007828] <- 0x3333333333333666
mem[X,0x00000000800016F8] -> 0x3537
mem[X,0x00000000800016FA] -> 0x3333
[1475] [M]: 0x00000000800016F8 (0x33333537) lui a0, 209715
x10 <- 0x0000000033333000
mem[X,0x00000000800016FC] -> 0x0513
mem[X,0x00000000800016FE] -> 0x3335
[1476] [M]: 0x00000000800016FC (0x33350513) addi a0, a0, 819
x10 <- 0x0000000033333333
mem[X,0x0000000080001700] -> 0x1513
mem[X,0x0000000080001702] -> 0x00B5
[1477] [M]: 0x0000000080001700 (0x00B51513) slli a0, a0, 11
x10 <- 0x0000019999999800
mem[X,0x0000000080001704] -> 0x0513
mem[X,0x0000000080001706] -> 0x1995
[1478] [M]: 0x0000000080001704 (0x19950513) addi a0, a0, 409
x10 <- 0x0000019999999999
mem[X,0x0000000080001708] -> 0x1513
mem[X,0x000000008000170A] -> 0x00B5
[1479] [M]: 0x0000000080001708 (0x00B51513) slli a0, a0, 11
x10 <- 0x000CCCCCCCCCC800
mem[X,0x000000008000170C] -> 0x0513
mem[X,0x000000008000170E] -> 0x4CC5
[1480] [M]: 0x000000008000170C (0x4CC50513) addi a0, a0, 1228
x10 <- 0x000CCCCCCCCCCCCC
mem[X,0x0000000080001710] -> 0x1513
mem[X,0x0000000080001712] -> 0x00A5
[1481] [M]: 0x0000000080001710 (0x00A51513) slli a0, a0, 10
x10 <- 0x3333333333333000
mem[X,0x0000000080001714] -> 0x0513
mem[X,0x0000000080001716] -> 0x3335
[1482] [M]: 0x0000000080001714 (0x33350513) addi a0, a0, 819
x10 <- 0x3333333333333333
mem[X,0x0000000080001718] -> 0x0593
mem[X,0x000000008000171A] -> 0x6665
[1483] [M]: 0x0000000080001718 (0x66650593) addi a1, a0, 1638
x11 <- 0x3333333333333999
mem[X,0x000000008000171C] -> 0x3023
mem[X,0x000000008000171E] -> 0x66B1
[1484] [M]: 0x000000008000171C (0x66B13023) sd a1, 1632(sp)
mem[0x0000000080007830] <- 0x3333333333333999
mem[X,0x0000000080001720] -> 0x3537
mem[X,0x0000000080001722] -> 0x3333
[1485] [M]: 0x0000000080001720 (0x33333537) lui a0, 209715
x10 <- 0x0000000033333000
mem[X,0x0000000080001724] -> 0x0513
mem[X,0x0000000080001726] -> 0x3335
[1486] [M]: 0x0000000080001724 (0x33350513) addi a0, a0, 819
x10 <- 0x0000000033333333
mem[X,0x0000000080001728] -> 0x1513
mem[X,0x000000008000172A] -> 0x00B5
[1487] [M]: 0x0000000080001728 (0x00B51513) slli a0, a0, 11
x10 <- 0x0000019999999800
mem[X,0x000000008000172C] -> 0x0513
mem[X,0x000000008000172E] -> 0x1995
[1488] [M]: 0x000000008000172C (0x19950513) addi a0, a0, 409
x10 <- 0x0000019999999999
mem[X,0x0000000080001730] -> 0x1513
mem[X,0x0000000080001732] -> 0x00B5
[1489] [M]: 0x0000000080001730 (0x00B51513) slli a0, a0, 11
x10 <- 0x000CCCCCCCCCC800
mem[X,0x0000000080001734] -> 0x0513
mem[X,0x0000000080001736] -> 0x4CC5
[1490] [M]: 0x0000000080001734 (0x4CC50513) addi a0, a0, 1228
x10 <- 0x000CCCCCCCCCCCCC
mem[X,0x0000000080001738] -> 0x1513
mem[X,0x000000008000173A] -> 0x00A5
[1491] [M]: 0x0000000080001738 (0x00A51513) slli a0, a0, 10
x10 <- 0x3333333333333000
mem[X,0x000000008000173C] -> 0x0513
mem[X,0x000000008000173E] -> 0x3335
[1492] [M]: 0x000000008000173C (0x33350513) addi a0, a0, 819
x10 <- 0x3333333333333333
mem[X,0x0000000080001740] -> 0x0593
mem[X,0x0000000080001742] -> 0xFD35
[1493] [M]: 0x0000000080001740 (0xFD350593) addi a1, a0, 4051
x11 <- 0x3333333333333306
mem[X,0x0000000080001744] -> 0x3423
mem[X,0x0000000080001746] -> 0x66B1
[1494] [M]: 0x0000000080001744 (0x66B13423) sd a1, 1640(sp)
mem[0x0000000080007838] <- 0x3333333333333306
mem[X,0x0000000080001748] -> 0x3537
mem[X,0x000000008000174A] -> 0x3333
[1495] [M]: 0x0000000080001748 (0x33333537) lui a0, 209715
x10 <- 0x0000000033333000
mem[X,0x000000008000174C] -> 0x0513
mem[X,0x000000008000174E] -> 0x3335
[1496] [M]: 0x000000008000174C (0x33350513) addi a0, a0, 819
x10 <- 0x0000000033333333
mem[X,0x0000000080001750] -> 0x1513
mem[X,0x0000000080001752] -> 0x00B5
[1497] [M]: 0x0000000080001750 (0x00B51513) slli a0, a0, 11
x10 <- 0x0000019999999800
mem[X,0x0000000080001754] -> 0x0513
mem[X,0x0000000080001756] -> 0x1995
[1498] [M]: 0x0000000080001754 (0x19950513) addi a0, a0, 409
x10 <- 0x0000019999999999
mem[X,0x0000000080001758] -> 0x1513
mem[X,0x000000008000175A] -> 0x00B5
[1499] [M]: 0x0000000080001758 (0x00B51513) slli a0, a0, 11
x10 <- 0x000CCCCCCCCCC800
clint::tick mtime <- 0x000000000000000F
 clint timer pending at mtime 0x000000000000000F
htif::tick 0x0000000000000000
mem[X,0x000000008000175C] -> 0x0513
mem[X,0x000000008000175E] -> 0x4CC5
[1500] [M]: 0x000000008000175C (0x4CC50513) addi a0, a0, 1228
x10 <- 0x000CCCCCCCCCCCCC
mem[X,0x0000000080001760] -> 0x1513
mem[X,0x0000000080001762] -> 0x00A5
[1501] [M]: 0x0000000080001760 (0x00A51513) slli a0, a0, 10
x10 <- 0x3333333333333000
mem[X,0x0000000080001764] -> 0x0513
mem[X,0x0000000080001766] -> 0x3335
[1502] [M]: 0x0000000080001764 (0x33350513) addi a0, a0, 819
x10 <- 0x3333333333333333
mem[X,0x0000000080001768] -> 0x0593
mem[X,0x000000008000176A] -> 0x02D5
[1503] [M]: 0x0000000080001768 (0x02D50593) addi a1, a0, 45
x11 <- 0x3333333333333360
mem[X,0x000000008000176C] -> 0x3823
mem[X,0x000000008000176E] -> 0x66B1
[1504] [M]: 0x000000008000176C (0x66B13823) sd a1, 1648(sp)
mem[0x0000000080007840] <- 0x3333333333333360
mem[X,0x0000000080001770] -> 0x3537
mem[X,0x0000000080001772] -> 0x3333
[1505] [M]: 0x0000000080001770 (0x33333537) lui a0, 209715
x10 <- 0x0000000033333000
mem[X,0x0000000080001774] -> 0x0513
mem[X,0x0000000080001776] -> 0x3335
[1506] [M]: 0x0000000080001774 (0x33350513) addi a0, a0, 819
x10 <- 0x0000000033333333
mem[X,0x0000000080001778] -> 0x1513
mem[X,0x000000008000177A] -> 0x00B5
[1507] [M]: 0x0000000080001778 (0x00B51513) slli a0, a0, 11
x10 <- 0x0000019999999800
mem[X,0x000000008000177C] -> 0x0513
mem[X,0x000000008000177E] -> 0x1995
[1508] [M]: 0x000000008000177C (0x19950513) addi a0, a0, 409
x10 <- 0x0000019999999999
mem[X,0x0000000080001780] -> 0x1513
mem[X,0x0000000080001782] -> 0x00B5
[1509] [M]: 0x0000000080001780 (0x00B51513) slli a0, a0, 11
x10 <- 0x000CCCCCCCCCC800
mem[X,0x0000000080001784] -> 0x0513
mem[X,0x0000000080001786] -> 0x4CC5
[1510] [M]: 0x0000000080001784 (0x4CC50513) addi a0, a0, 1228
x10 <- 0x000CCCCCCCCCCCCC
mem[X,0x0000000080001788] -> 0x1513
mem[X,0x000000008000178A] -> 0x00A5
[1511] [M]: 0x0000000080001788 (0x00A51513) slli a0, a0, 10
x10 <- 0x3333333333333000
mem[X,0x000000008000178C] -> 0x0513
mem[X,0x000000008000178E] -> 0x3335
[1512] [M]: 0x000000008000178C (0x33350513) addi a0, a0, 819
x10 <- 0x3333333333333333
mem[X,0x0000000080001790] -> 0x0593
mem[X,0x0000000080001792] -> 0x0025
[1513] [M]: 0x0000000080001790 (0x00250593) addi a1, a0, 2
x11 <- 0x3333333333333335
mem[X,0x0000000080001794] -> 0x3C23
mem[X,0x0000000080001796] -> 0x66B1
[1514] [M]: 0x0000000080001794 (0x66B13C23) sd a1, 1656(sp)
mem[0x0000000080007848] <- 0x3333333333333335
mem[X,0x0000000080001798] -> 0x3537
mem[X,0x000000008000179A] -> 0x3333
[1515] [M]: 0x0000000080001798 (0x33333537) lui a0, 209715
x10 <- 0x0000000033333000
mem[X,0x000000008000179C] -> 0x0513
mem[X,0x000000008000179E] -> 0x3335
[1516] [M]: 0x000000008000179C (0x33350513) addi a0, a0, 819
x10 <- 0x0000000033333333
mem[X,0x00000000800017A0] -> 0x1513
mem[X,0x00000000800017A2] -> 0x00B5
[1517] [M]: 0x00000000800017A0 (0x00B51513) slli a0, a0, 11
x10 <- 0x0000019999999800
mem[X,0x00000000800017A4] -> 0x0513
mem[X,0x00000000800017A6] -> 0x1995
[1518] [M]: 0x00000000800017A4 (0x19950513) addi a0, a0, 409
x10 <- 0x0000019999999999
mem[X,0x00000000800017A8] -> 0x1513
mem[X,0x00000000800017AA] -> 0x00B5
[1519] [M]: 0x00000000800017A8 (0x00B51513) slli a0, a0, 11
x10 <- 0x000CCCCCCCCCC800
mem[X,0x00000000800017AC] -> 0x0513
mem[X,0x00000000800017AE] -> 0x4CC5
[1520] [M]: 0x00000000800017AC (0x4CC50513) addi a0, a0, 1228
x10 <- 0x000CCCCCCCCCCCCC
mem[X,0x00000000800017B0] -> 0x1513
mem[X,0x00000000800017B2] -> 0x00A5
[1521] [M]: 0x00000000800017B0 (0x00A51513) slli a0, a0, 10
x10 <- 0x3333333333333000
mem[X,0x00000000800017B4] -> 0x0513
mem[X,0x00000000800017B6] -> 0x3335
[1522] [M]: 0x00000000800017B4 (0x33350513) addi a0, a0, 819
x10 <- 0x3333333333333333
mem[X,0x00000000800017B8] -> 0x0593
mem[X,0x00000000800017BA] -> 0x5545
[1523] [M]: 0x00000000800017B8 (0x55450593) addi a1, a0, 1364
x11 <- 0x3333333333333887
mem[X,0x00000000800017BC] -> 0x3023
mem[X,0x00000000800017BE] -> 0x68B1
[1524] [M]: 0x00000000800017BC (0x68B13023) sd a1, 1664(sp)
mem[0x0000000080007850] <- 0x3333333333333887
mem[X,0x00000000800017C0] -> 0x3537
mem[X,0x00000000800017C2] -> 0x3333
[1525] [M]: 0x00000000800017C0 (0x33333537) lui a0, 209715
x10 <- 0x0000000033333000
mem[X,0x00000000800017C4] -> 0x0513
mem[X,0x00000000800017C6] -> 0x3335
[1526] [M]: 0x00000000800017C4 (0x33350513) addi a0, a0, 819
x10 <- 0x0000000033333333
mem[X,0x00000000800017C8] -> 0x1513
mem[X,0x00000000800017CA] -> 0x00B5
[1527] [M]: 0x00000000800017C8 (0x00B51513) slli a0, a0, 11
x10 <- 0x0000019999999800
mem[X,0x00000000800017CC] -> 0x0513
mem[X,0x00000000800017CE] -> 0x1995
[1528] [M]: 0x00000000800017CC (0x19950513) addi a0, a0, 409
x10 <- 0x0000019999999999
mem[X,0x00000000800017D0] -> 0x1513
mem[X,0x00000000800017D2] -> 0x00B5
[1529] [M]: 0x00000000800017D0 (0x00B51513) slli a0, a0, 11
x10 <- 0x000CCCCCCCCCC800
mem[X,0x00000000800017D4] -> 0x0513
mem[X,0x00000000800017D6] -> 0x4CC5
[1530] [M]: 0x00000000800017D4 (0x4CC50513) addi a0, a0, 1228
x10 <- 0x000CCCCCCCCCCCCC
mem[X,0x00000000800017D8] -> 0x1513
mem[X,0x00000000800017DA] -> 0x00A5
[1531] [M]: 0x00000000800017D8 (0x00A51513) slli a0, a0, 10
x10 <- 0x3333333333333000
mem[X,0x00000000800017DC] -> 0x0513
mem[X,0x00000000800017DE] -> 0x3335
[1532] [M]: 0x00000000800017DC (0x33350513) addi a0, a0, 819
x10 <- 0x3333333333333333
mem[X,0x00000000800017E0] -> 0x0593
mem[X,0x00000000800017E2] -> 0x0005
[1533] [M]: 0x00000000800017E0 (0x00050593) addi a1, a0, 0
x11 <- 0x3333333333333333
mem[X,0x00000000800017E4] -> 0x3423
mem[X,0x00000000800017E6] -> 0x68B1
[1534] [M]: 0x00000000800017E4 (0x68B13423) sd a1, 1672(sp)
mem[0x0000000080007858] <- 0x3333333333333333
mem[X,0x00000000800017E8] -> 0x3537
mem[X,0x00000000800017EA] -> 0x3333
[1535] [M]: 0x00000000800017E8 (0x33333537) lui a0, 209715
x10 <- 0x0000000033333000
mem[X,0x00000000800017EC] -> 0x0513
mem[X,0x00000000800017EE] -> 0x3335
[1536] [M]: 0x00000000800017EC (0x33350513) addi a0, a0, 819
x10 <- 0x0000000033333333
mem[X,0x00000000800017F0] -> 0x1513
mem[X,0x00000000800017F2] -> 0x00B5
[1537] [M]: 0x00000000800017F0 (0x00B51513) slli a0, a0, 11
x10 <- 0x0000019999999800
mem[X,0x00000000800017F4] -> 0x0513
mem[X,0x00000000800017F6] -> 0x1995
[1538] [M]: 0x00000000800017F4 (0x19950513) addi a0, a0, 409
x10 <- 0x0000019999999999
mem[X,0x00000000800017F8] -> 0x1513
mem[X,0x00000000800017FA] -> 0x00B5
[1539] [M]: 0x00000000800017F8 (0x00B51513) slli a0, a0, 11
x10 <- 0x000CCCCCCCCCC800
mem[X,0x00000000800017FC] -> 0x0513
mem[X,0x00000000800017FE] -> 0x4CC5
[1540] [M]: 0x00000000800017FC (0x4CC50513) addi a0, a0, 1228
x10 <- 0x000CCCCCCCCCCCCC
mem[X,0x0000000080001800] -> 0x1513
mem[X,0x0000000080001802] -> 0x00A5
[1541] [M]: 0x0000000080001800 (0x00A51513) slli a0, a0, 10
x10 <- 0x3333333333333000
mem[X,0x0000000080001804] -> 0x0513
mem[X,0x0000000080001806] -> 0x3335
[1542] [M]: 0x0000000080001804 (0x33350513) addi a0, a0, 819
x10 <- 0x3333333333333333
mem[X,0x0000000080001808] -> 0x0593
mem[X,0x000000008000180A] -> 0x0045
[1543] [M]: 0x0000000080001808 (0x00450593) addi a1, a0, 4
x11 <- 0x3333333333333337
mem[X,0x000000008000180C] -> 0x3823
mem[X,0x000000008000180E] -> 0x68B1
[1544] [M]: 0x000000008000180C (0x68B13823) sd a1, 1680(sp)
mem[0x0000000080007860] <- 0x3333333333333337
mem[X,0x0000000080001810] -> 0x3537
mem[X,0x0000000080001812] -> 0x3333
[1545] [M]: 0x0000000080001810 (0x33333537) lui a0, 209715
x10 <- 0x0000000033333000
mem[X,0x0000000080001814] -> 0x0513
mem[X,0x0000000080001816] -> 0x3335
[1546] [M]: 0x0000000080001814 (0x33350513) addi a0, a0, 819
x10 <- 0x0000000033333333
mem[X,0x0000000080001818] -> 0x1513
mem[X,0x000000008000181A] -> 0x00B5
[1547] [M]: 0x0000000080001818 (0x00B51513) slli a0, a0, 11
x10 <- 0x0000019999999800
mem[X,0x000000008000181C] -> 0x0513
mem[X,0x000000008000181E] -> 0x1995
[1548] [M]: 0x000000008000181C (0x19950513) addi a0, a0, 409
x10 <- 0x0000019999999999
mem[X,0x0000000080001820] -> 0x1513
mem[X,0x0000000080001822] -> 0x00B5
[1549] [M]: 0x0000000080001820 (0x00B51513) slli a0, a0, 11
x10 <- 0x000CCCCCCCCCC800
mem[X,0x0000000080001824] -> 0x0513
mem[X,0x0000000080001826] -> 0x4CC5
[1550] [M]: 0x0000000080001824 (0x4CC50513) addi a0, a0, 1228
x10 <- 0x000CCCCCCCCCCCCC
mem[X,0x0000000080001828] -> 0x1513
mem[X,0x000000008000182A] -> 0x00A5
[1551] [M]: 0x0000000080001828 (0x00A51513) slli a0, a0, 10
x10 <- 0x3333333333333000
mem[X,0x000000008000182C] -> 0x0513
mem[X,0x000000008000182E] -> 0x3335
[1552] [M]: 0x000000008000182C (0x33350513) addi a0, a0, 819
x10 <- 0x3333333333333333
mem[X,0x0000000080001830] -> 0x0593
mem[X,0x0000000080001832] -> 0x3325
[1553] [M]: 0x0000000080001830 (0x33250593) addi a1, a0, 818
x11 <- 0x3333333333333665
mem[X,0x0000000080001834] -> 0x3C23
mem[X,0x0000000080001836] -> 0x68B1
[1554] [M]: 0x0000000080001834 (0x68B13C23) sd a1, 1688(sp)
mem[0x0000000080007868] <- 0x3333333333333665
mem[X,0x0000000080001838] -> 0x3537
mem[X,0x000000008000183A] -> 0x3333
[1555] [M]: 0x0000000080001838 (0x33333537) lui a0, 209715
x10 <- 0x0000000033333000
mem[X,0x000000008000183C] -> 0x0513
mem[X,0x000000008000183E] -> 0x3335
[1556] [M]: 0x000000008000183C (0x33350513) addi a0, a0, 819
x10 <- 0x0000000033333333
mem[X,0x0000000080001840] -> 0x1513
mem[X,0x0000000080001842] -> 0x00B5
[1557] [M]: 0x0000000080001840 (0x00B51513) slli a0, a0, 11
x10 <- 0x0000019999999800
mem[X,0x0000000080001844] -> 0x0513
mem[X,0x0000000080001846] -> 0x1995
[1558] [M]: 0x0000000080001844 (0x19950513) addi a0, a0, 409
x10 <- 0x0000019999999999
mem[X,0x0000000080001848] -> 0x1513
mem[X,0x000000008000184A] -> 0x00B5
[1559] [M]: 0x0000000080001848 (0x00B51513) slli a0, a0, 11
x10 <- 0x000CCCCCCCCCC800
mem[X,0x000000008000184C] -> 0x0513
mem[X,0x000000008000184E] -> 0x4CC5
[1560] [M]: 0x000000008000184C (0x4CC50513) addi a0, a0, 1228
x10 <- 0x000CCCCCCCCCCCCC
mem[X,0x0000000080001850] -> 0x1513
mem[X,0x0000000080001852] -> 0x00A5
[1561] [M]: 0x0000000080001850 (0x00A51513) slli a0, a0, 10
x10 <- 0x3333333333333000
mem[X,0x0000000080001854] -> 0x0513
mem[X,0x0000000080001856] -> 0x3335
[1562] [M]: 0x0000000080001854 (0x33350513) addi a0, a0, 819
x10 <- 0x3333333333333333
mem[X,0x0000000080001858] -> 0x0593
mem[X,0x000000008000185A] -> 0x6655
[1563] [M]: 0x0000000080001858 (0x66550593) addi a1, a0, 1637
x11 <- 0x3333333333333998
mem[X,0x000000008000185C] -> 0x3023
mem[X,0x000000008000185E] -> 0x6AB1
[1564] [M]: 0x000000008000185C (0x6AB13023) sd a1, 1696(sp)
mem[0x0000000080007870] <- 0x3333333333333998
mem[X,0x0000000080001860] -> 0x3537
mem[X,0x0000000080001862] -> 0x3333
[1565] [M]: 0x0000000080001860 (0x33333537) lui a0, 209715
x10 <- 0x0000000033333000
mem[X,0x0000000080001864] -> 0x0513
mem[X,0x0000000080001866] -> 0x3335
[1566] [M]: 0x0000000080001864 (0x33350513) addi a0, a0, 819
x10 <- 0x0000000033333333
mem[X,0x0000000080001868] -> 0x1513
mem[X,0x000000008000186A] -> 0x00B5
[1567] [M]: 0x0000000080001868 (0x00B51513) slli a0, a0, 11
x10 <- 0x0000019999999800
mem[X,0x000000008000186C] -> 0x0513
mem[X,0x000000008000186E] -> 0x1995
[1568] [M]: 0x000000008000186C (0x19950513) addi a0, a0, 409
x10 <- 0x0000019999999999
mem[X,0x0000000080001870] -> 0x1513
mem[X,0x0000000080001872] -> 0x00B5
[1569] [M]: 0x0000000080001870 (0x00B51513) slli a0, a0, 11
x10 <- 0x000CCCCCCCCCC800
mem[X,0x0000000080001874] -> 0x0513
mem[X,0x0000000080001876] -> 0x4CC5
[1570] [M]: 0x0000000080001874 (0x4CC50513) addi a0, a0, 1228
x10 <- 0x000CCCCCCCCCCCCC
mem[X,0x0000000080001878] -> 0x1513
mem[X,0x000000008000187A] -> 0x00A5
[1571] [M]: 0x0000000080001878 (0x00A51513) slli a0, a0, 10
x10 <- 0x3333333333333000
mem[X,0x000000008000187C] -> 0x0513
mem[X,0x000000008000187E] -> 0x3335
[1572] [M]: 0x000000008000187C (0x33350513) addi a0, a0, 819
x10 <- 0x3333333333333333
mem[X,0x0000000080001880] -> 0x0593
mem[X,0x0000000080001882] -> 0x02C5
[1573] [M]: 0x0000000080001880 (0x02C50593) addi a1, a0, 44
x11 <- 0x333333333333335F
mem[X,0x0000000080001884] -> 0x3423
mem[X,0x0000000080001886] -> 0x6AB1
[1574] [M]: 0x0000000080001884 (0x6AB13423) sd a1, 1704(sp)
mem[0x0000000080007878] <- 0x333333333333335F
mem[X,0x0000000080001888] -> 0x3537
mem[X,0x000000008000188A] -> 0x3333
[1575] [M]: 0x0000000080001888 (0x33333537) lui a0, 209715
x10 <- 0x0000000033333000
mem[X,0x000000008000188C] -> 0x0513
mem[X,0x000000008000188E] -> 0x3335
[1576] [M]: 0x000000008000188C (0x33350513) addi a0, a0, 819
x10 <- 0x0000000033333333
mem[X,0x0000000080001890] -> 0x1513
mem[X,0x0000000080001892] -> 0x00B5
[1577] [M]: 0x0000000080001890 (0x00B51513) slli a0, a0, 11
x10 <- 0x0000019999999800
mem[X,0x0000000080001894] -> 0x0513
mem[X,0x0000000080001896] -> 0x1995
[1578] [M]: 0x0000000080001894 (0x19950513) addi a0, a0, 409
x10 <- 0x0000019999999999
mem[X,0x0000000080001898] -> 0x1513
mem[X,0x000000008000189A] -> 0x00B5
[1579] [M]: 0x0000000080001898 (0x00B51513) slli a0, a0, 11
x10 <- 0x000CCCCCCCCCC800
mem[X,0x000000008000189C] -> 0x0513
mem[X,0x000000008000189E] -> 0x4CC5
[1580] [M]: 0x000000008000189C (0x4CC50513) addi a0, a0, 1228
x10 <- 0x000CCCCCCCCCCCCC
mem[X,0x00000000800018A0] -> 0x1513
mem[X,0x00000000800018A2] -> 0x00A5
[1581] [M]: 0x00000000800018A0 (0x00A51513) slli a0, a0, 10
x10 <- 0x3333333333333000
mem[X,0x00000000800018A4] -> 0x0513
mem[X,0x00000000800018A6] -> 0x3335
[1582] [M]: 0x00000000800018A4 (0x33350513) addi a0, a0, 819
x10 <- 0x3333333333333333
mem[X,0x00000000800018A8] -> 0x0593
mem[X,0x00000000800018AA] -> 0x5565
[1583] [M]: 0x00000000800018A8 (0x55650593) addi a1, a0, 1366
x11 <- 0x3333333333333889
mem[X,0x00000000800018AC] -> 0x3823
mem[X,0x00000000800018AE] -> 0x6AB1
[1584] [M]: 0x00000000800018AC (0x6AB13823) sd a1, 1712(sp)
mem[0x0000000080007880] <- 0x3333333333333889
mem[X,0x00000000800018B0] -> 0x3537
mem[X,0x00000000800018B2] -> 0x3333
[1585] [M]: 0x00000000800018B0 (0x33333537) lui a0, 209715
x10 <- 0x0000000033333000
mem[X,0x00000000800018B4] -> 0x0513
mem[X,0x00000000800018B6] -> 0x3335
[1586] [M]: 0x00000000800018B4 (0x33350513) addi a0, a0, 819
x10 <- 0x0000000033333333
mem[X,0x00000000800018B8] -> 0x1513
mem[X,0x00000000800018BA] -> 0x00B5
[1587] [M]: 0x00000000800018B8 (0x00B51513) slli a0, a0, 11
x10 <- 0x0000019999999800
mem[X,0x00000000800018BC] -> 0x0513
mem[X,0x00000000800018BE] -> 0x1995
[1588] [M]: 0x00000000800018BC (0x19950513) addi a0, a0, 409
x10 <- 0x0000019999999999
mem[X,0x00000000800018C0] -> 0x1513
mem[X,0x00000000800018C2] -> 0x00B5
[1589] [M]: 0x00000000800018C0 (0x00B51513) slli a0, a0, 11
x10 <- 0x000CCCCCCCCCC800
mem[X,0x00000000800018C4] -> 0x0513
mem[X,0x00000000800018C6] -> 0x4CC5
[1590] [M]: 0x00000000800018C4 (0x4CC50513) addi a0, a0, 1228
x10 <- 0x000CCCCCCCCCCCCC
mem[X,0x00000000800018C8] -> 0x1513
mem[X,0x00000000800018CA] -> 0x00A5
[1591] [M]: 0x00000000800018C8 (0x00A51513) slli a0, a0, 10
x10 <- 0x3333333333333000
mem[X,0x00000000800018CC] -> 0x0513
mem[X,0x00000000800018CE] -> 0x3335
[1592] [M]: 0x00000000800018CC (0x33350513) addi a0, a0, 819
x10 <- 0x3333333333333333
mem[X,0x00000000800018D0] -> 0x0593
mem[X,0x00000000800018D2] -> 0xAAB5
[1593] [M]: 0x00000000800018D0 (0xAAB50593) addi a1, a0, 2731
x11 <- 0x3333333333332DDE
mem[X,0x00000000800018D4] -> 0x3C23
mem[X,0x00000000800018D6] -> 0x6AB1
[1594] [M]: 0x00000000800018D4 (0x6AB13C23) sd a1, 1720(sp)
mem[0x0000000080007888] <- 0x3333333333332DDE
mem[X,0x00000000800018D8] -> 0x3537
mem[X,0x00000000800018DA] -> 0x3333
[1595] [M]: 0x00000000800018D8 (0x33333537) lui a0, 209715
x10 <- 0x0000000033333000
mem[X,0x00000000800018DC] -> 0x0513
mem[X,0x00000000800018DE] -> 0x3335
[1596] [M]: 0x00000000800018DC (0x33350513) addi a0, a0, 819
x10 <- 0x0000000033333333
mem[X,0x00000000800018E0] -> 0x1513
mem[X,0x00000000800018E2] -> 0x00B5
[1597] [M]: 0x00000000800018E0 (0x00B51513) slli a0, a0, 11
x10 <- 0x0000019999999800
mem[X,0x00000000800018E4] -> 0x0513
mem[X,0x00000000800018E6] -> 0x1995
[1598] [M]: 0x00000000800018E4 (0x19950513) addi a0, a0, 409
x10 <- 0x0000019999999999
mem[X,0x00000000800018E8] -> 0x1513
mem[X,0x00000000800018EA] -> 0x00B5
[1599] [M]: 0x00000000800018E8 (0x00B51513) slli a0, a0, 11
x10 <- 0x000CCCCCCCCCC800
clint::tick mtime <- 0x0000000000000010
 clint timer pending at mtime 0x0000000000000010
htif::tick 0x0000000000000000
mem[X,0x00000000800018EC] -> 0x0513
mem[X,0x00000000800018EE] -> 0x4CC5
[1600] [M]: 0x00000000800018EC (0x4CC50513) addi a0, a0, 1228
x10 <- 0x000CCCCCCCCCCCCC
mem[X,0x00000000800018F0] -> 0x1513
mem[X,0x00000000800018F2] -> 0x00A5
[1601] [M]: 0x00000000800018F0 (0x00A51513) slli a0, a0, 10
x10 <- 0x3333333333333000
mem[X,0x00000000800018F4] -> 0x0513
mem[X,0x00000000800018F6] -> 0x3335
[1602] [M]: 0x00000000800018F4 (0x33350513) addi a0, a0, 819
x10 <- 0x3333333333333333
mem[X,0x00000000800018F8] -> 0x0593
mem[X,0x00000000800018FA] -> 0x0065
[1603] [M]: 0x00000000800018F8 (0x00650593) addi a1, a0, 6
x11 <- 0x3333333333333339
mem[X,0x00000000800018FC] -> 0x3023
mem[X,0x00000000800018FE] -> 0x6CB1
[1604] [M]: 0x00000000800018FC (0x6CB13023) sd a1, 1728(sp)
mem[0x0000000080007890] <- 0x3333333333333339
mem[X,0x0000000080001900] -> 0x3537
mem[X,0x0000000080001902] -> 0x3333
[1605] [M]: 0x0000000080001900 (0x33333537) lui a0, 209715
x10 <- 0x0000000033333000
mem[X,0x0000000080001904] -> 0x0513
mem[X,0x0000000080001906] -> 0x3335
[1606] [M]: 0x0000000080001904 (0x33350513) addi a0, a0, 819
x10 <- 0x0000000033333333
mem[X,0x0000000080001908] -> 0x1513
mem[X,0x000000008000190A] -> 0x00B5
[1607] [M]: 0x0000000080001908 (0x00B51513) slli a0, a0, 11
x10 <- 0x0000019999999800
mem[X,0x000000008000190C] -> 0x0513
mem[X,0x000000008000190E] -> 0x1995
[1608] [M]: 0x000000008000190C (0x19950513) addi a0, a0, 409
x10 <- 0x0000019999999999
mem[X,0x0000000080001910] -> 0x1513
mem[X,0x0000000080001912] -> 0x00B5
[1609] [M]: 0x0000000080001910 (0x00B51513) slli a0, a0, 11
x10 <- 0x000CCCCCCCCCC800
mem[X,0x0000000080001914] -> 0x0513
mem[X,0x0000000080001916] -> 0x4CC5
[1610] [M]: 0x0000000080001914 (0x4CC50513) addi a0, a0, 1228
x10 <- 0x000CCCCCCCCCCCCC
mem[X,0x0000000080001918] -> 0x1513
mem[X,0x000000008000191A] -> 0x00A5
[1611] [M]: 0x0000000080001918 (0x00A51513) slli a0, a0, 10
x10 <- 0x3333333333333000
mem[X,0x000000008000191C] -> 0x0513
mem[X,0x000000008000191E] -> 0x3335
[1612] [M]: 0x000000008000191C (0x33350513) addi a0, a0, 819
x10 <- 0x3333333333333333
mem[X,0x0000000080001920] -> 0x0593
mem[X,0x0000000080001922] -> 0x3345
[1613] [M]: 0x0000000080001920 (0x33450593) addi a1, a0, 820
x11 <- 0x3333333333333667
mem[X,0x0000000080001924] -> 0x3423
mem[X,0x0000000080001926] -> 0x6CB1
[1614] [M]: 0x0000000080001924 (0x6CB13423) sd a1, 1736(sp)
mem[0x0000000080007898] <- 0x3333333333333667
mem[X,0x0000000080001928] -> 0x3537
mem[X,0x000000008000192A] -> 0x3333
[1615] [M]: 0x0000000080001928 (0x33333537) lui a0, 209715
x10 <- 0x0000000033333000
mem[X,0x000000008000192C] -> 0x0513
mem[X,0x000000008000192E] -> 0x3335
[1616] [M]: 0x000000008000192C (0x33350513) addi a0, a0, 819
x10 <- 0x0000000033333333
mem[X,0x0000000080001930] -> 0x1513
mem[X,0x0000000080001932] -> 0x00B5
[1617] [M]: 0x0000000080001930 (0x00B51513) slli a0, a0, 11
x10 <- 0x0000019999999800
mem[X,0x0000000080001934] -> 0x0513
mem[X,0x0000000080001936] -> 0x1995
[1618] [M]: 0x0000000080001934 (0x19950513) addi a0, a0, 409
x10 <- 0x0000019999999999
mem[X,0x0000000080001938] -> 0x1513
mem[X,0x000000008000193A] -> 0x00B5
[1619] [M]: 0x0000000080001938 (0x00B51513) slli a0, a0, 11
x10 <- 0x000CCCCCCCCCC800
mem[X,0x000000008000193C] -> 0x0513
mem[X,0x000000008000193E] -> 0x4CC5
[1620] [M]: 0x000000008000193C (0x4CC50513) addi a0, a0, 1228
x10 <- 0x000CCCCCCCCCCCCC
mem[X,0x0000000080001940] -> 0x1513
mem[X,0x0000000080001942] -> 0x00A5
[1621] [M]: 0x0000000080001940 (0x00A51513) slli a0, a0, 10
x10 <- 0x3333333333333000
mem[X,0x0000000080001944] -> 0x0513
mem[X,0x0000000080001946] -> 0x3335
[1622] [M]: 0x0000000080001944 (0x33350513) addi a0, a0, 819
x10 <- 0x3333333333333333
mem[X,0x0000000080001948] -> 0x0593
mem[X,0x000000008000194A] -> 0x6675
[1623] [M]: 0x0000000080001948 (0x66750593) addi a1, a0, 1639
x11 <- 0x333333333333399A
mem[X,0x000000008000194C] -> 0x3823
mem[X,0x000000008000194E] -> 0x6CB1
[1624] [M]: 0x000000008000194C (0x6CB13823) sd a1, 1744(sp)
mem[0x00000000800078A0] <- 0x333333333333399A
mem[X,0x0000000080001950] -> 0x3537
mem[X,0x0000000080001952] -> 0x3333
[1625] [M]: 0x0000000080001950 (0x33333537) lui a0, 209715
x10 <- 0x0000000033333000
mem[X,0x0000000080001954] -> 0x0513
mem[X,0x0000000080001956] -> 0x3335
[1626] [M]: 0x0000000080001954 (0x33350513) addi a0, a0, 819
x10 <- 0x0000000033333333
mem[X,0x0000000080001958] -> 0x1513
mem[X,0x000000008000195A] -> 0x00B5
[1627] [M]: 0x0000000080001958 (0x00B51513) slli a0, a0, 11
x10 <- 0x0000019999999800
mem[X,0x000000008000195C] -> 0x0513
mem[X,0x000000008000195E] -> 0x1995
[1628] [M]: 0x000000008000195C (0x19950513) addi a0, a0, 409
x10 <- 0x0000019999999999
mem[X,0x0000000080001960] -> 0x1513
mem[X,0x0000000080001962] -> 0x00B5
[1629] [M]: 0x0000000080001960 (0x00B51513) slli a0, a0, 11
x10 <- 0x000CCCCCCCCCC800
mem[X,0x0000000080001964] -> 0x0513
mem[X,0x0000000080001966] -> 0x4CC5
[1630] [M]: 0x0000000080001964 (0x4CC50513) addi a0, a0, 1228
x10 <- 0x000CCCCCCCCCCCCC
mem[X,0x0000000080001968] -> 0x1513
mem[X,0x000000008000196A] -> 0x00A5
[1631] [M]: 0x0000000080001968 (0x00A51513) slli a0, a0, 10
x10 <- 0x3333333333333000
mem[X,0x000000008000196C] -> 0x0513
mem[X,0x000000008000196E] -> 0x3335
[1632] [M]: 0x000000008000196C (0x33350513) addi a0, a0, 819
x10 <- 0x3333333333333333
mem[X,0x0000000080001970] -> 0x0593
mem[X,0x0000000080001972] -> 0xFD45
[1633] [M]: 0x0000000080001970 (0xFD450593) addi a1, a0, 4052
x11 <- 0x3333333333333307
mem[X,0x0000000080001974] -> 0x3C23
mem[X,0x0000000080001976] -> 0x6CB1
[1634] [M]: 0x0000000080001974 (0x6CB13C23) sd a1, 1752(sp)
mem[0x00000000800078A8] <- 0x3333333333333307
mem[X,0x0000000080001978] -> 0x3537
mem[X,0x000000008000197A] -> 0x3333
[1635] [M]: 0x0000000080001978 (0x33333537) lui a0, 209715
x10 <- 0x0000000033333000
mem[X,0x000000008000197C] -> 0x0513
mem[X,0x000000008000197E] -> 0x3335
[1636] [M]: 0x000000008000197C (0x33350513) addi a0, a0, 819
x10 <- 0x0000000033333333
mem[X,0x0000000080001980] -> 0x1513
mem[X,0x0000000080001982] -> 0x00B5
[1637] [M]: 0x0000000080001980 (0x00B51513) slli a0, a0, 11
x10 <- 0x0000019999999800
mem[X,0x0000000080001984] -> 0x0513
mem[X,0x0000000080001986] -> 0x1995
[1638] [M]: 0x0000000080001984 (0x19950513) addi a0, a0, 409
x10 <- 0x0000019999999999
mem[X,0x0000000080001988] -> 0x1513
mem[X,0x000000008000198A] -> 0x00B5
[1639] [M]: 0x0000000080001988 (0x00B51513) slli a0, a0, 11
x10 <- 0x000CCCCCCCCCC800
mem[X,0x000000008000198C] -> 0x0513
mem[X,0x000000008000198E] -> 0x4CC5
[1640] [M]: 0x000000008000198C (0x4CC50513) addi a0, a0, 1228
x10 <- 0x000CCCCCCCCCCCCC
mem[X,0x0000000080001990] -> 0x1513
mem[X,0x0000000080001992] -> 0x00A5
[1641] [M]: 0x0000000080001990 (0x00A51513) slli a0, a0, 10
x10 <- 0x3333333333333000
mem[X,0x0000000080001994] -> 0x0513
mem[X,0x0000000080001996] -> 0x3335
[1642] [M]: 0x0000000080001994 (0x33350513) addi a0, a0, 819
x10 <- 0x3333333333333333
mem[X,0x0000000080001998] -> 0x0593
mem[X,0x000000008000199A] -> 0x02E5
[1643] [M]: 0x0000000080001998 (0x02E50593) addi a1, a0, 46
x11 <- 0x3333333333333361
mem[X,0x000000008000199C] -> 0x3023
mem[X,0x000000008000199E] -> 0x6EB1
[1644] [M]: 0x000000008000199C (0x6EB13023) sd a1, 1760(sp)
mem[0x00000000800078B0] <- 0x3333333333333361
mem[X,0x00000000800019A0] -> 0x6537
mem[X,0x00000000800019A2] -> 0x6666
[1645] [M]: 0x00000000800019A0 (0x66666537) lui a0, 419430
x10 <- 0x0000000066666000
mem[X,0x00000000800019A4] -> 0x0513
mem[X,0x00000000800019A6] -> 0x6665
[1646] [M]: 0x00000000800019A4 (0x66650513) addi a0, a0, 1638
x10 <- 0x0000000066666666
mem[X,0x00000000800019A8] -> 0x1513
mem[X,0x00000000800019AA] -> 0x00B5
[1647] [M]: 0x00000000800019A8 (0x00B51513) slli a0, a0, 11
x10 <- 0x0000033333333000
mem[X,0x00000000800019AC] -> 0x0513
mem[X,0x00000000800019AE] -> 0x3335
[1648] [M]: 0x00000000800019AC (0x33350513) addi a0, a0, 819
x10 <- 0x0000033333333333
mem[X,0x00000000800019B0] -> 0x1513
mem[X,0x00000000800019B2] -> 0x00B5
[1649] [M]: 0x00000000800019B0 (0x00B51513) slli a0, a0, 11
x10 <- 0x0019999999999800
mem[X,0x00000000800019B4] -> 0x0513
mem[X,0x00000000800019B6] -> 0x1995
[1650] [M]: 0x00000000800019B4 (0x19950513) addi a0, a0, 409
x10 <- 0x0019999999999999
mem[X,0x00000000800019B8] -> 0x1513
mem[X,0x00000000800019BA] -> 0x00A5
[1651] [M]: 0x00000000800019B8 (0x00A51513) slli a0, a0, 10
x10 <- 0x6666666666666400
mem[X,0x00000000800019BC] -> 0x0513
mem[X,0x00000000800019BE] -> 0x2665
[1652] [M]: 0x00000000800019BC (0x26650513) addi a0, a0, 614
x10 <- 0x6666666666666666
mem[X,0x00000000800019C0] -> 0x0593
mem[X,0x00000000800019C2] -> 0x0035
[1653] [M]: 0x00000000800019C0 (0x00350593) addi a1, a0, 3
x11 <- 0x6666666666666669
mem[X,0x00000000800019C4] -> 0x3423
mem[X,0x00000000800019C6] -> 0x6EB1
[1654] [M]: 0x00000000800019C4 (0x6EB13423) sd a1, 1768(sp)
mem[0x00000000800078B8] <- 0x6666666666666669
mem[X,0x00000000800019C8] -> 0x6537
mem[X,0x00000000800019CA] -> 0x6666
[1655] [M]: 0x00000000800019C8 (0x66666537) lui a0, 419430
x10 <- 0x0000000066666000
mem[X,0x00000000800019CC] -> 0x0513
mem[X,0x00000000800019CE] -> 0x6665
[1656] [M]: 0x00000000800019CC (0x66650513) addi a0, a0, 1638
x10 <- 0x0000000066666666
mem[X,0x00000000800019D0] -> 0x1513
mem[X,0x00000000800019D2] -> 0x00B5
[1657] [M]: 0x00000000800019D0 (0x00B51513) slli a0, a0, 11
x10 <- 0x0000033333333000
mem[X,0x00000000800019D4] -> 0x0513
mem[X,0x00000000800019D6] -> 0x3335
[1658] [M]: 0x00000000800019D4 (0x33350513) addi a0, a0, 819
x10 <- 0x0000033333333333
mem[X,0x00000000800019D8] -> 0x1513
mem[X,0x00000000800019DA] -> 0x00B5
[1659] [M]: 0x00000000800019D8 (0x00B51513) slli a0, a0, 11
x10 <- 0x0019999999999800
mem[X,0x00000000800019DC] -> 0x0513
mem[X,0x00000000800019DE] -> 0x1995
[1660] [M]: 0x00000000800019DC (0x19950513) addi a0, a0, 409
x10 <- 0x0019999999999999
mem[X,0x00000000800019E0] -> 0x1513
mem[X,0x00000000800019E2] -> 0x00A5
[1661] [M]: 0x00000000800019E0 (0x00A51513) slli a0, a0, 10
x10 <- 0x6666666666666400
mem[X,0x00000000800019E4] -> 0x0513
mem[X,0x00000000800019E6] -> 0x2665
[1662] [M]: 0x00000000800019E4 (0x26650513) addi a0, a0, 614
x10 <- 0x6666666666666666
mem[X,0x00000000800019E8] -> 0x0593
mem[X,0x00000000800019EA] -> 0x5555
[1663] [M]: 0x00000000800019E8 (0x55550593) addi a1, a0, 1365
x11 <- 0x6666666666666BBB
mem[X,0x00000000800019EC] -> 0x3823
mem[X,0x00000000800019EE] -> 0x6EB1
[1664] [M]: 0x00000000800019EC (0x6EB13823) sd a1, 1776(sp)
mem[0x00000000800078C0] <- 0x6666666666666BBB
mem[X,0x00000000800019F0] -> 0x6537
mem[X,0x00000000800019F2] -> 0x6666
[1665] [M]: 0x00000000800019F0 (0x66666537) lui a0, 419430
x10 <- 0x0000000066666000
mem[X,0x00000000800019F4] -> 0x0513
mem[X,0x00000000800019F6] -> 0x6665
[1666] [M]: 0x00000000800019F4 (0x66650513) addi a0, a0, 1638
x10 <- 0x0000000066666666
mem[X,0x00000000800019F8] -> 0x1513
mem[X,0x00000000800019FA] -> 0x00B5
[1667] [M]: 0x00000000800019F8 (0x00B51513) slli a0, a0, 11
x10 <- 0x0000033333333000
mem[X,0x00000000800019FC] -> 0x0513
mem[X,0x00000000800019FE] -> 0x3335
[1668] [M]: 0x00000000800019FC (0x33350513) addi a0, a0, 819
x10 <- 0x0000033333333333
mem[X,0x0000000080001A00] -> 0x1513
mem[X,0x0000000080001A02] -> 0x00B5
[1669] [M]: 0x0000000080001A00 (0x00B51513) slli a0, a0, 11
x10 <- 0x0019999999999800
mem[X,0x0000000080001A04] -> 0x0513
mem[X,0x0000000080001A06] -> 0x1995
[1670] [M]: 0x0000000080001A04 (0x19950513) addi a0, a0, 409
x10 <- 0x0019999999999999
mem[X,0x0000000080001A08] -> 0x1513
mem[X,0x0000000080001A0A] -> 0x00A5
[1671] [M]: 0x0000000080001A08 (0x00A51513) slli a0, a0, 10
x10 <- 0x6666666666666400
mem[X,0x0000000080001A0C] -> 0x0513
mem[X,0x0000000080001A0E] -> 0x2665
[1672] [M]: 0x0000000080001A0C (0x26650513) addi a0, a0, 614
x10 <- 0x6666666666666666
mem[X,0x0000000080001A10] -> 0x0593
mem[X,0x0000000080001A12] -> 0xAAA5
[1673] [M]: 0x0000000080001A10 (0xAAA50593) addi a1, a0, 2730
x11 <- 0x6666666666666110
mem[X,0x0000000080001A14] -> 0x3C23
mem[X,0x0000000080001A16] -> 0x6EB1
[1674] [M]: 0x0000000080001A14 (0x6EB13C23) sd a1, 1784(sp)
mem[0x00000000800078C8] <- 0x6666666666666110
mem[X,0x0000000080001A18] -> 0x6537
mem[X,0x0000000080001A1A] -> 0x6666
[1675] [M]: 0x0000000080001A18 (0x66666537) lui a0, 419430
x10 <- 0x0000000066666000
mem[X,0x0000000080001A1C] -> 0x0513
mem[X,0x0000000080001A1E] -> 0x6665
[1676] [M]: 0x0000000080001A1C (0x66650513) addi a0, a0, 1638
x10 <- 0x0000000066666666
mem[X,0x0000000080001A20] -> 0x1513
mem[X,0x0000000080001A22] -> 0x00B5
[1677] [M]: 0x0000000080001A20 (0x00B51513) slli a0, a0, 11
x10 <- 0x0000033333333000
mem[X,0x0000000080001A24] -> 0x0513
mem[X,0x0000000080001A26] -> 0x3335
[1678] [M]: 0x0000000080001A24 (0x33350513) addi a0, a0, 819
x10 <- 0x0000033333333333
mem[X,0x0000000080001A28] -> 0x1513
mem[X,0x0000000080001A2A] -> 0x00B5
[1679] [M]: 0x0000000080001A28 (0x00B51513) slli a0, a0, 11
x10 <- 0x0019999999999800
mem[X,0x0000000080001A2C] -> 0x0513
mem[X,0x0000000080001A2E] -> 0x1995
[1680] [M]: 0x0000000080001A2C (0x19950513) addi a0, a0, 409
x10 <- 0x0019999999999999
mem[X,0x0000000080001A30] -> 0x1513
mem[X,0x0000000080001A32] -> 0x00A5
[1681] [M]: 0x0000000080001A30 (0x00A51513) slli a0, a0, 10
x10 <- 0x6666666666666400
mem[X,0x0000000080001A34] -> 0x0513
mem[X,0x0000000080001A36] -> 0x2665
[1682] [M]: 0x0000000080001A34 (0x26650513) addi a0, a0, 614
x10 <- 0x6666666666666666
mem[X,0x0000000080001A38] -> 0x0593
mem[X,0x0000000080001A3A] -> 0x0055
[1683] [M]: 0x0000000080001A38 (0x00550593) addi a1, a0, 5
x11 <- 0x666666666666666B
mem[X,0x0000000080001A3C] -> 0x3023
mem[X,0x0000000080001A3E] -> 0x70B1
[1684] [M]: 0x0000000080001A3C (0x70B13023) sd a1, 1792(sp)
mem[0x00000000800078D0] <- 0x666666666666666B
mem[X,0x0000000080001A40] -> 0x6537
mem[X,0x0000000080001A42] -> 0x6666
[1685] [M]: 0x0000000080001A40 (0x66666537) lui a0, 419430
x10 <- 0x0000000066666000
mem[X,0x0000000080001A44] -> 0x0513
mem[X,0x0000000080001A46] -> 0x6665
[1686] [M]: 0x0000000080001A44 (0x66650513) addi a0, a0, 1638
x10 <- 0x0000000066666666
mem[X,0x0000000080001A48] -> 0x1513
mem[X,0x0000000080001A4A] -> 0x00B5
[1687] [M]: 0x0000000080001A48 (0x00B51513) slli a0, a0, 11
x10 <- 0x0000033333333000
mem[X,0x0000000080001A4C] -> 0x0513
mem[X,0x0000000080001A4E] -> 0x3335
[1688] [M]: 0x0000000080001A4C (0x33350513) addi a0, a0, 819
x10 <- 0x0000033333333333
mem[X,0x0000000080001A50] -> 0x1513
mem[X,0x0000000080001A52] -> 0x00B5
[1689] [M]: 0x0000000080001A50 (0x00B51513) slli a0, a0, 11
x10 <- 0x0019999999999800
mem[X,0x0000000080001A54] -> 0x0513
mem[X,0x0000000080001A56] -> 0x1995
[1690] [M]: 0x0000000080001A54 (0x19950513) addi a0, a0, 409
x10 <- 0x0019999999999999
mem[X,0x0000000080001A58] -> 0x1513
mem[X,0x0000000080001A5A] -> 0x00A5
[1691] [M]: 0x0000000080001A58 (0x00A51513) slli a0, a0, 10
x10 <- 0x6666666666666400
mem[X,0x0000000080001A5C] -> 0x0513
mem[X,0x0000000080001A5E] -> 0x2665
[1692] [M]: 0x0000000080001A5C (0x26650513) addi a0, a0, 614
x10 <- 0x6666666666666666
mem[X,0x0000000080001A60] -> 0x0593
mem[X,0x0000000080001A62] -> 0x3335
[1693] [M]: 0x0000000080001A60 (0x33350593) addi a1, a0, 819
x11 <- 0x6666666666666999
mem[X,0x0000000080001A64] -> 0x3423
mem[X,0x0000000080001A66] -> 0x70B1
[1694] [M]: 0x0000000080001A64 (0x70B13423) sd a1, 1800(sp)
mem[0x00000000800078D8] <- 0x6666666666666999
mem[X,0x0000000080001A68] -> 0x6537
mem[X,0x0000000080001A6A] -> 0x6666
[1695] [M]: 0x0000000080001A68 (0x66666537) lui a0, 419430
x10 <- 0x0000000066666000
mem[X,0x0000000080001A6C] -> 0x0513
mem[X,0x0000000080001A6E] -> 0x6665
[1696] [M]: 0x0000000080001A6C (0x66650513) addi a0, a0, 1638
x10 <- 0x0000000066666666
mem[X,0x0000000080001A70] -> 0x1513
mem[X,0x0000000080001A72] -> 0x00B5
[1697] [M]: 0x0000000080001A70 (0x00B51513) slli a0, a0, 11
x10 <- 0x0000033333333000
mem[X,0x0000000080001A74] -> 0x0513
mem[X,0x0000000080001A76] -> 0x3335
[1698] [M]: 0x0000000080001A74 (0x33350513) addi a0, a0, 819
x10 <- 0x0000033333333333
mem[X,0x0000000080001A78] -> 0x1513
mem[X,0x0000000080001A7A] -> 0x00B5
[1699] [M]: 0x0000000080001A78 (0x00B51513) slli a0, a0, 11
x10 <- 0x0019999999999800
clint::tick mtime <- 0x0000000000000011
 clint timer pending at mtime 0x0000000000000011
htif::tick 0x0000000000000000
mem[X,0x0000000080001A7C] -> 0x0513
mem[X,0x0000000080001A7E] -> 0x1995
[1700] [M]: 0x0000000080001A7C (0x19950513) addi a0, a0, 409
x10 <- 0x0019999999999999
mem[X,0x0000000080001A80] -> 0x1513
mem[X,0x0000000080001A82] -> 0x00A5
[1701] [M]: 0x0000000080001A80 (0x00A51513) slli a0, a0, 10
x10 <- 0x6666666666666400
mem[X,0x0000000080001A84] -> 0x0513
mem[X,0x0000000080001A86] -> 0x2665
[1702] [M]: 0x0000000080001A84 (0x26650513) addi a0, a0, 614
x10 <- 0x6666666666666666
mem[X,0x0000000080001A88] -> 0x0593
mem[X,0x0000000080001A8A] -> 0x6665
[1703] [M]: 0x0000000080001A88 (0x66650593) addi a1, a0, 1638
x11 <- 0x6666666666666CCC
mem[X,0x0000000080001A8C] -> 0x3823
mem[X,0x0000000080001A8E] -> 0x70B1
[1704] [M]: 0x0000000080001A8C (0x70B13823) sd a1, 1808(sp)
mem[0x00000000800078E0] <- 0x6666666666666CCC
mem[X,0x0000000080001A90] -> 0x6537
mem[X,0x0000000080001A92] -> 0x6666
[1705] [M]: 0x0000000080001A90 (0x66666537) lui a0, 419430
x10 <- 0x0000000066666000
mem[X,0x0000000080001A94] -> 0x0513
mem[X,0x0000000080001A96] -> 0x6665
[1706] [M]: 0x0000000080001A94 (0x66650513) addi a0, a0, 1638
x10 <- 0x0000000066666666
mem[X,0x0000000080001A98] -> 0x1513
mem[X,0x0000000080001A9A] -> 0x00B5
[1707] [M]: 0x0000000080001A98 (0x00B51513) slli a0, a0, 11
x10 <- 0x0000033333333000
mem[X,0x0000000080001A9C] -> 0x0513
mem[X,0x0000000080001A9E] -> 0x3335
[1708] [M]: 0x0000000080001A9C (0x33350513) addi a0, a0, 819
x10 <- 0x0000033333333333
mem[X,0x0000000080001AA0] -> 0x1513
mem[X,0x0000000080001AA2] -> 0x00B5
[1709] [M]: 0x0000000080001AA0 (0x00B51513) slli a0, a0, 11
x10 <- 0x0019999999999800
mem[X,0x0000000080001AA4] -> 0x0513
mem[X,0x0000000080001AA6] -> 0x1995
[1710] [M]: 0x0000000080001AA4 (0x19950513) addi a0, a0, 409
x10 <- 0x0019999999999999
mem[X,0x0000000080001AA8] -> 0x1513
mem[X,0x0000000080001AAA] -> 0x00A5
[1711] [M]: 0x0000000080001AA8 (0x00A51513) slli a0, a0, 10
x10 <- 0x6666666666666400
mem[X,0x0000000080001AAC] -> 0x0513
mem[X,0x0000000080001AAE] -> 0x2665
[1712] [M]: 0x0000000080001AAC (0x26650513) addi a0, a0, 614
x10 <- 0x6666666666666666
mem[X,0x0000000080001AB0] -> 0x0593
mem[X,0x0000000080001AB2] -> 0xFD35
[1713] [M]: 0x0000000080001AB0 (0xFD350593) addi a1, a0, 4051
x11 <- 0x6666666666666639
mem[X,0x0000000080001AB4] -> 0x3C23
mem[X,0x0000000080001AB6] -> 0x70B1
[1714] [M]: 0x0000000080001AB4 (0x70B13C23) sd a1, 1816(sp)
mem[0x00000000800078E8] <- 0x6666666666666639
mem[X,0x0000000080001AB8] -> 0x6537
mem[X,0x0000000080001ABA] -> 0x6666
[1715] [M]: 0x0000000080001AB8 (0x66666537) lui a0, 419430
x10 <- 0x0000000066666000
mem[X,0x0000000080001ABC] -> 0x0513
mem[X,0x0000000080001ABE] -> 0x6665
[1716] [M]: 0x0000000080001ABC (0x66650513) addi a0, a0, 1638
x10 <- 0x0000000066666666
mem[X,0x0000000080001AC0] -> 0x1513
mem[X,0x0000000080001AC2] -> 0x00B5
[1717] [M]: 0x0000000080001AC0 (0x00B51513) slli a0, a0, 11
x10 <- 0x0000033333333000
mem[X,0x0000000080001AC4] -> 0x0513
mem[X,0x0000000080001AC6] -> 0x3335
[1718] [M]: 0x0000000080001AC4 (0x33350513) addi a0, a0, 819
x10 <- 0x0000033333333333
mem[X,0x0000000080001AC8] -> 0x1513
mem[X,0x0000000080001ACA] -> 0x00B5
[1719] [M]: 0x0000000080001AC8 (0x00B51513) slli a0, a0, 11
x10 <- 0x0019999999999800
mem[X,0x0000000080001ACC] -> 0x0513
mem[X,0x0000000080001ACE] -> 0x1995
[1720] [M]: 0x0000000080001ACC (0x19950513) addi a0, a0, 409
x10 <- 0x0019999999999999
mem[X,0x0000000080001AD0] -> 0x1513
mem[X,0x0000000080001AD2] -> 0x00A5
[1721] [M]: 0x0000000080001AD0 (0x00A51513) slli a0, a0, 10
x10 <- 0x6666666666666400
mem[X,0x0000000080001AD4] -> 0x0513
mem[X,0x0000000080001AD6] -> 0x2665
[1722] [M]: 0x0000000080001AD4 (0x26650513) addi a0, a0, 614
x10 <- 0x6666666666666666
mem[X,0x0000000080001AD8] -> 0x0593
mem[X,0x0000000080001ADA] -> 0x02D5
[1723] [M]: 0x0000000080001AD8 (0x02D50593) addi a1, a0, 45
x11 <- 0x6666666666666693
mem[X,0x0000000080001ADC] -> 0x3023
mem[X,0x0000000080001ADE] -> 0x72B1
[1724] [M]: 0x0000000080001ADC (0x72B13023) sd a1, 1824(sp)
mem[0x00000000800078F0] <- 0x6666666666666693
mem[X,0x0000000080001AE0] -> 0x6537
mem[X,0x0000000080001AE2] -> 0x6666
[1725] [M]: 0x0000000080001AE0 (0x66666537) lui a0, 419430
x10 <- 0x0000000066666000
mem[X,0x0000000080001AE4] -> 0x0513
mem[X,0x0000000080001AE6] -> 0x6665
[1726] [M]: 0x0000000080001AE4 (0x66650513) addi a0, a0, 1638
x10 <- 0x0000000066666666
mem[X,0x0000000080001AE8] -> 0x1513
mem[X,0x0000000080001AEA] -> 0x00B5
[1727] [M]: 0x0000000080001AE8 (0x00B51513) slli a0, a0, 11
x10 <- 0x0000033333333000
mem[X,0x0000000080001AEC] -> 0x0513
mem[X,0x0000000080001AEE] -> 0x3335
[1728] [M]: 0x0000000080001AEC (0x33350513) addi a0, a0, 819
x10 <- 0x0000033333333333
mem[X,0x0000000080001AF0] -> 0x1513
mem[X,0x0000000080001AF2] -> 0x00B5
[1729] [M]: 0x0000000080001AF0 (0x00B51513) slli a0, a0, 11
x10 <- 0x0019999999999800
mem[X,0x0000000080001AF4] -> 0x0513
mem[X,0x0000000080001AF6] -> 0x1995
[1730] [M]: 0x0000000080001AF4 (0x19950513) addi a0, a0, 409
x10 <- 0x0019999999999999
mem[X,0x0000000080001AF8] -> 0x1513
mem[X,0x0000000080001AFA] -> 0x00A5
[1731] [M]: 0x0000000080001AF8 (0x00A51513) slli a0, a0, 10
x10 <- 0x6666666666666400
mem[X,0x0000000080001AFC] -> 0x0513
mem[X,0x0000000080001AFE] -> 0x2665
[1732] [M]: 0x0000000080001AFC (0x26650513) addi a0, a0, 614
x10 <- 0x6666666666666666
mem[X,0x0000000080001B00] -> 0x0593
mem[X,0x0000000080001B02] -> 0x0025
[1733] [M]: 0x0000000080001B00 (0x00250593) addi a1, a0, 2
x11 <- 0x6666666666666668
mem[X,0x0000000080001B04] -> 0x3423
mem[X,0x0000000080001B06] -> 0x72B1
[1734] [M]: 0x0000000080001B04 (0x72B13423) sd a1, 1832(sp)
mem[0x00000000800078F8] <- 0x6666666666666668
mem[X,0x0000000080001B08] -> 0x6537
mem[X,0x0000000080001B0A] -> 0x6666
[1735] [M]: 0x0000000080001B08 (0x66666537) lui a0, 419430
x10 <- 0x0000000066666000
mem[X,0x0000000080001B0C] -> 0x0513
mem[X,0x0000000080001B0E] -> 0x6665
[1736] [M]: 0x0000000080001B0C (0x66650513) addi a0, a0, 1638
x10 <- 0x0000000066666666
mem[X,0x0000000080001B10] -> 0x1513
mem[X,0x0000000080001B12] -> 0x00B5
[1737] [M]: 0x0000000080001B10 (0x00B51513) slli a0, a0, 11
x10 <- 0x0000033333333000
mem[X,0x0000000080001B14] -> 0x0513
mem[X,0x0000000080001B16] -> 0x3335
[1738] [M]: 0x0000000080001B14 (0x33350513) addi a0, a0, 819
x10 <- 0x0000033333333333
mem[X,0x0000000080001B18] -> 0x1513
mem[X,0x0000000080001B1A] -> 0x00B5
[1739] [M]: 0x0000000080001B18 (0x00B51513) slli a0, a0, 11
x10 <- 0x0019999999999800
mem[X,0x0000000080001B1C] -> 0x0513
mem[X,0x0000000080001B1E] -> 0x1995
[1740] [M]: 0x0000000080001B1C (0x19950513) addi a0, a0, 409
x10 <- 0x0019999999999999
mem[X,0x0000000080001B20] -> 0x1513
mem[X,0x0000000080001B22] -> 0x00A5
[1741] [M]: 0x0000000080001B20 (0x00A51513) slli a0, a0, 10
x10 <- 0x6666666666666400
mem[X,0x0000000080001B24] -> 0x0513
mem[X,0x0000000080001B26] -> 0x2665
[1742] [M]: 0x0000000080001B24 (0x26650513) addi a0, a0, 614
x10 <- 0x6666666666666666
mem[X,0x0000000080001B28] -> 0x0593
mem[X,0x0000000080001B2A] -> 0x5545
[1743] [M]: 0x0000000080001B28 (0x55450593) addi a1, a0, 1364
x11 <- 0x6666666666666BBA
mem[X,0x0000000080001B2C] -> 0x3823
mem[X,0x0000000080001B2E] -> 0x72B1
[1744] [M]: 0x0000000080001B2C (0x72B13823) sd a1, 1840(sp)
mem[0x0000000080007900] <- 0x6666666666666BBA
mem[X,0x0000000080001B30] -> 0x6537
mem[X,0x0000000080001B32] -> 0x6666
[1745] [M]: 0x0000000080001B30 (0x66666537) lui a0, 419430
x10 <- 0x0000000066666000
mem[X,0x0000000080001B34] -> 0x0513
mem[X,0x0000000080001B36] -> 0x6665
[1746] [M]: 0x0000000080001B34 (0x66650513) addi a0, a0, 1638
x10 <- 0x0000000066666666
mem[X,0x0000000080001B38] -> 0x1513
mem[X,0x0000000080001B3A] -> 0x00B5
[1747] [M]: 0x0000000080001B38 (0x00B51513) slli a0, a0, 11
x10 <- 0x0000033333333000
mem[X,0x0000000080001B3C] -> 0x0513
mem[X,0x0000000080001B3E] -> 0x3335
[1748] [M]: 0x0000000080001B3C (0x33350513) addi a0, a0, 819
x10 <- 0x0000033333333333
mem[X,0x0000000080001B40] -> 0x1513
mem[X,0x0000000080001B42] -> 0x00B5
[1749] [M]: 0x0000000080001B40 (0x00B51513) slli a0, a0, 11
x10 <- 0x0019999999999800
mem[X,0x0000000080001B44] -> 0x0513
mem[X,0x0000000080001B46] -> 0x1995
[1750] [M]: 0x0000000080001B44 (0x19950513) addi a0, a0, 409
x10 <- 0x0019999999999999
mem[X,0x0000000080001B48] -> 0x1513
mem[X,0x0000000080001B4A] -> 0x00A5
[1751] [M]: 0x0000000080001B48 (0x00A51513) slli a0, a0, 10
x10 <- 0x6666666666666400
mem[X,0x0000000080001B4C] -> 0x0513
mem[X,0x0000000080001B4E] -> 0x2665
[1752] [M]: 0x0000000080001B4C (0x26650513) addi a0, a0, 614
x10 <- 0x6666666666666666
mem[X,0x0000000080001B50] -> 0x0593
mem[X,0x0000000080001B52] -> 0x0005
[1753] [M]: 0x0000000080001B50 (0x00050593) addi a1, a0, 0
x11 <- 0x6666666666666666
mem[X,0x0000000080001B54] -> 0x3C23
mem[X,0x0000000080001B56] -> 0x72B1
[1754] [M]: 0x0000000080001B54 (0x72B13C23) sd a1, 1848(sp)
mem[0x0000000080007908] <- 0x6666666666666666
mem[X,0x0000000080001B58] -> 0x6537
mem[X,0x0000000080001B5A] -> 0x6666
[1755] [M]: 0x0000000080001B58 (0x66666537) lui a0, 419430
x10 <- 0x0000000066666000
mem[X,0x0000000080001B5C] -> 0x0513
mem[X,0x0000000080001B5E] -> 0x6665
[1756] [M]: 0x0000000080001B5C (0x66650513) addi a0, a0, 1638
x10 <- 0x0000000066666666
mem[X,0x0000000080001B60] -> 0x1513
mem[X,0x0000000080001B62] -> 0x00B5
[1757] [M]: 0x0000000080001B60 (0x00B51513) slli a0, a0, 11
x10 <- 0x0000033333333000
mem[X,0x0000000080001B64] -> 0x0513
mem[X,0x0000000080001B66] -> 0x3335
[1758] [M]: 0x0000000080001B64 (0x33350513) addi a0, a0, 819
x10 <- 0x0000033333333333
mem[X,0x0000000080001B68] -> 0x1513
mem[X,0x0000000080001B6A] -> 0x00B5
[1759] [M]: 0x0000000080001B68 (0x00B51513) slli a0, a0, 11
x10 <- 0x0019999999999800
mem[X,0x0000000080001B6C] -> 0x0513
mem[X,0x0000000080001B6E] -> 0x1995
[1760] [M]: 0x0000000080001B6C (0x19950513) addi a0, a0, 409
x10 <- 0x0019999999999999
mem[X,0x0000000080001B70] -> 0x1513
mem[X,0x0000000080001B72] -> 0x00A5
[1761] [M]: 0x0000000080001B70 (0x00A51513) slli a0, a0, 10
x10 <- 0x6666666666666400
mem[X,0x0000000080001B74] -> 0x0513
mem[X,0x0000000080001B76] -> 0x2665
[1762] [M]: 0x0000000080001B74 (0x26650513) addi a0, a0, 614
x10 <- 0x6666666666666666
mem[X,0x0000000080001B78] -> 0x0593
mem[X,0x0000000080001B7A] -> 0x0045
[1763] [M]: 0x0000000080001B78 (0x00450593) addi a1, a0, 4
x11 <- 0x666666666666666A
mem[X,0x0000000080001B7C] -> 0x3023
mem[X,0x0000000080001B7E] -> 0x74B1
[1764] [M]: 0x0000000080001B7C (0x74B13023) sd a1, 1856(sp)
mem[0x0000000080007910] <- 0x666666666666666A
mem[X,0x0000000080001B80] -> 0x6537
mem[X,0x0000000080001B82] -> 0x6666
[1765] [M]: 0x0000000080001B80 (0x66666537) lui a0, 419430
x10 <- 0x0000000066666000
mem[X,0x0000000080001B84] -> 0x0513
mem[X,0x0000000080001B86] -> 0x6665
[1766] [M]: 0x0000000080001B84 (0x66650513) addi a0, a0, 1638
x10 <- 0x0000000066666666
mem[X,0x0000000080001B88] -> 0x1513
mem[X,0x0000000080001B8A] -> 0x00B5
[1767] [M]: 0x0000000080001B88 (0x00B51513) slli a0, a0, 11
x10 <- 0x0000033333333000
mem[X,0x0000000080001B8C] -> 0x0513
mem[X,0x0000000080001B8E] -> 0x3335
[1768] [M]: 0x0000000080001B8C (0x33350513) addi a0, a0, 819
x10 <- 0x0000033333333333
mem[X,0x0000000080001B90] -> 0x1513
mem[X,0x0000000080001B92] -> 0x00B5
[1769] [M]: 0x0000000080001B90 (0x00B51513) slli a0, a0, 11
x10 <- 0x0019999999999800
mem[X,0x0000000080001B94] -> 0x0513
mem[X,0x0000000080001B96] -> 0x1995
[1770] [M]: 0x0000000080001B94 (0x19950513) addi a0, a0, 409
x10 <- 0x0019999999999999
mem[X,0x0000000080001B98] -> 0x1513
mem[X,0x0000000080001B9A] -> 0x00A5
[1771] [M]: 0x0000000080001B98 (0x00A51513) slli a0, a0, 10
x10 <- 0x6666666666666400
mem[X,0x0000000080001B9C] -> 0x0513
mem[X,0x0000000080001B9E] -> 0x2665
[1772] [M]: 0x0000000080001B9C (0x26650513) addi a0, a0, 614
x10 <- 0x6666666666666666
mem[X,0x0000000080001BA0] -> 0x0593
mem[X,0x0000000080001BA2] -> 0x3325
[1773] [M]: 0x0000000080001BA0 (0x33250593) addi a1, a0, 818
x11 <- 0x6666666666666998
mem[X,0x0000000080001BA4] -> 0x3423
mem[X,0x0000000080001BA6] -> 0x74B1
[1774] [M]: 0x0000000080001BA4 (0x74B13423) sd a1, 1864(sp)
mem[0x0000000080007918] <- 0x6666666666666998
mem[X,0x0000000080001BA8] -> 0x6537
mem[X,0x0000000080001BAA] -> 0x6666
[1775] [M]: 0x0000000080001BA8 (0x66666537) lui a0, 419430
x10 <- 0x0000000066666000
mem[X,0x0000000080001BAC] -> 0x0513
mem[X,0x0000000080001BAE] -> 0x6665
[1776] [M]: 0x0000000080001BAC (0x66650513) addi a0, a0, 1638
x10 <- 0x0000000066666666
mem[X,0x0000000080001BB0] -> 0x1513
mem[X,0x0000000080001BB2] -> 0x00B5
[1777] [M]: 0x0000000080001BB0 (0x00B51513) slli a0, a0, 11
x10 <- 0x0000033333333000
mem[X,0x0000000080001BB4] -> 0x0513
mem[X,0x0000000080001BB6] -> 0x3335
[1778] [M]: 0x0000000080001BB4 (0x33350513) addi a0, a0, 819
x10 <- 0x0000033333333333
mem[X,0x0000000080001BB8] -> 0x1513
mem[X,0x0000000080001BBA] -> 0x00B5
[1779] [M]: 0x0000000080001BB8 (0x00B51513) slli a0, a0, 11
x10 <- 0x0019999999999800
mem[X,0x0000000080001BBC] -> 0x0513
mem[X,0x0000000080001BBE] -> 0x1995
[1780] [M]: 0x0000000080001BBC (0x19950513) addi a0, a0, 409
x10 <- 0x0019999999999999
mem[X,0x0000000080001BC0] -> 0x1513
mem[X,0x0000000080001BC2] -> 0x00A5
[1781] [M]: 0x0000000080001BC0 (0x00A51513) slli a0, a0, 10
x10 <- 0x6666666666666400
mem[X,0x0000000080001BC4] -> 0x0513
mem[X,0x0000000080001BC6] -> 0x2665
[1782] [M]: 0x0000000080001BC4 (0x26650513) addi a0, a0, 614
x10 <- 0x6666666666666666
mem[X,0x0000000080001BC8] -> 0x0593
mem[X,0x0000000080001BCA] -> 0x6655
[1783] [M]: 0x0000000080001BC8 (0x66550593) addi a1, a0, 1637
x11 <- 0x6666666666666CCB
mem[X,0x0000000080001BCC] -> 0x3823
mem[X,0x0000000080001BCE] -> 0x74B1
[1784] [M]: 0x0000000080001BCC (0x74B13823) sd a1, 1872(sp)
mem[0x0000000080007920] <- 0x6666666666666CCB
mem[X,0x0000000080001BD0] -> 0x6537
mem[X,0x0000000080001BD2] -> 0x6666
[1785] [M]: 0x0000000080001BD0 (0x66666537) lui a0, 419430
x10 <- 0x0000000066666000
mem[X,0x0000000080001BD4] -> 0x0513
mem[X,0x0000000080001BD6] -> 0x6665
[1786] [M]: 0x0000000080001BD4 (0x66650513) addi a0, a0, 1638
x10 <- 0x0000000066666666
mem[X,0x0000000080001BD8] -> 0x1513
mem[X,0x0000000080001BDA] -> 0x00B5
[1787] [M]: 0x0000000080001BD8 (0x00B51513) slli a0, a0, 11
x10 <- 0x0000033333333000
mem[X,0x0000000080001BDC] -> 0x0513
mem[X,0x0000000080001BDE] -> 0x3335
[1788] [M]: 0x0000000080001BDC (0x33350513) addi a0, a0, 819
x10 <- 0x0000033333333333
mem[X,0x0000000080001BE0] -> 0x1513
mem[X,0x0000000080001BE2] -> 0x00B5
[1789] [M]: 0x0000000080001BE0 (0x00B51513) slli a0, a0, 11
x10 <- 0x0019999999999800
mem[X,0x0000000080001BE4] -> 0x0513
mem[X,0x0000000080001BE6] -> 0x1995
[1790] [M]: 0x0000000080001BE4 (0x19950513) addi a0, a0, 409
x10 <- 0x0019999999999999
mem[X,0x0000000080001BE8] -> 0x1513
mem[X,0x0000000080001BEA] -> 0x00A5
[1791] [M]: 0x0000000080001BE8 (0x00A51513) slli a0, a0, 10
x10 <- 0x6666666666666400
mem[X,0x0000000080001BEC] -> 0x0513
mem[X,0x0000000080001BEE] -> 0x2665
[1792] [M]: 0x0000000080001BEC (0x26650513) addi a0, a0, 614
x10 <- 0x6666666666666666
mem[X,0x0000000080001BF0] -> 0x0593
mem[X,0x0000000080001BF2] -> 0x02C5
[1793] [M]: 0x0000000080001BF0 (0x02C50593) addi a1, a0, 44
x11 <- 0x6666666666666692
mem[X,0x0000000080001BF4] -> 0x3C23
mem[X,0x0000000080001BF6] -> 0x74B1
[1794] [M]: 0x0000000080001BF4 (0x74B13C23) sd a1, 1880(sp)
mem[0x0000000080007928] <- 0x6666666666666692
mem[X,0x0000000080001BF8] -> 0x6537
mem[X,0x0000000080001BFA] -> 0x6666
[1795] [M]: 0x0000000080001BF8 (0x66666537) lui a0, 419430
x10 <- 0x0000000066666000
mem[X,0x0000000080001BFC] -> 0x0513
mem[X,0x0000000080001BFE] -> 0x6665
[1796] [M]: 0x0000000080001BFC (0x66650513) addi a0, a0, 1638
x10 <- 0x0000000066666666
mem[X,0x0000000080001C00] -> 0x1513
mem[X,0x0000000080001C02] -> 0x00B5
[1797] [M]: 0x0000000080001C00 (0x00B51513) slli a0, a0, 11
x10 <- 0x0000033333333000
mem[X,0x0000000080001C04] -> 0x0513
mem[X,0x0000000080001C06] -> 0x3335
[1798] [M]: 0x0000000080001C04 (0x33350513) addi a0, a0, 819
x10 <- 0x0000033333333333
mem[X,0x0000000080001C08] -> 0x1513
mem[X,0x0000000080001C0A] -> 0x00B5
[1799] [M]: 0x0000000080001C08 (0x00B51513) slli a0, a0, 11
x10 <- 0x0019999999999800
clint::tick mtime <- 0x0000000000000012
 clint timer pending at mtime 0x0000000000000012
htif::tick 0x0000000000000000
mem[X,0x0000000080001C0C] -> 0x0513
mem[X,0x0000000080001C0E] -> 0x1995
[1800] [M]: 0x0000000080001C0C (0x19950513) addi a0, a0, 409
x10 <- 0x0019999999999999
mem[X,0x0000000080001C10] -> 0x1513
mem[X,0x0000000080001C12] -> 0x00A5
[1801] [M]: 0x0000000080001C10 (0x00A51513) slli a0, a0, 10
x10 <- 0x6666666666666400
mem[X,0x0000000080001C14] -> 0x0513
mem[X,0x0000000080001C16] -> 0x2665
[1802] [M]: 0x0000000080001C14 (0x26650513) addi a0, a0, 614
x10 <- 0x6666666666666666
mem[X,0x0000000080001C18] -> 0x0593
mem[X,0x0000000080001C1A] -> 0x5565
[1803] [M]: 0x0000000080001C18 (0x55650593) addi a1, a0, 1366
x11 <- 0x6666666666666BBC
mem[X,0x0000000080001C1C] -> 0x3023
mem[X,0x0000000080001C1E] -> 0x76B1
[1804] [M]: 0x0000000080001C1C (0x76B13023) sd a1, 1888(sp)
mem[0x0000000080007930] <- 0x6666666666666BBC
mem[X,0x0000000080001C20] -> 0x6537
mem[X,0x0000000080001C22] -> 0x6666
[1805] [M]: 0x0000000080001C20 (0x66666537) lui a0, 419430
x10 <- 0x0000000066666000
mem[X,0x0000000080001C24] -> 0x0513
mem[X,0x0000000080001C26] -> 0x6665
[1806] [M]: 0x0000000080001C24 (0x66650513) addi a0, a0, 1638
x10 <- 0x0000000066666666
mem[X,0x0000000080001C28] -> 0x1513
mem[X,0x0000000080001C2A] -> 0x00B5
[1807] [M]: 0x0000000080001C28 (0x00B51513) slli a0, a0, 11
x10 <- 0x0000033333333000
mem[X,0x0000000080001C2C] -> 0x0513
mem[X,0x0000000080001C2E] -> 0x3335
[1808] [M]: 0x0000000080001C2C (0x33350513) addi a0, a0, 819
x10 <- 0x0000033333333333
mem[X,0x0000000080001C30] -> 0x1513
mem[X,0x0000000080001C32] -> 0x00B5
[1809] [M]: 0x0000000080001C30 (0x00B51513) slli a0, a0, 11
x10 <- 0x0019999999999800
mem[X,0x0000000080001C34] -> 0x0513
mem[X,0x0000000080001C36] -> 0x1995
[1810] [M]: 0x0000000080001C34 (0x19950513) addi a0, a0, 409
x10 <- 0x0019999999999999
mem[X,0x0000000080001C38] -> 0x1513
mem[X,0x0000000080001C3A] -> 0x00A5
[1811] [M]: 0x0000000080001C38 (0x00A51513) slli a0, a0, 10
x10 <- 0x6666666666666400
mem[X,0x0000000080001C3C] -> 0x0513
mem[X,0x0000000080001C3E] -> 0x2665
[1812] [M]: 0x0000000080001C3C (0x26650513) addi a0, a0, 614
x10 <- 0x6666666666666666
mem[X,0x0000000080001C40] -> 0x0593
mem[X,0x0000000080001C42] -> 0xAAB5
[1813] [M]: 0x0000000080001C40 (0xAAB50593) addi a1, a0, 2731
x11 <- 0x6666666666666111
mem[X,0x0000000080001C44] -> 0x3423
mem[X,0x0000000080001C46] -> 0x76B1
[1814] [M]: 0x0000000080001C44 (0x76B13423) sd a1, 1896(sp)
mem[0x0000000080007938] <- 0x6666666666666111
mem[X,0x0000000080001C48] -> 0x6537
mem[X,0x0000000080001C4A] -> 0x6666
[1815] [M]: 0x0000000080001C48 (0x66666537) lui a0, 419430
x10 <- 0x0000000066666000
mem[X,0x0000000080001C4C] -> 0x0513
mem[X,0x0000000080001C4E] -> 0x6665
[1816] [M]: 0x0000000080001C4C (0x66650513) addi a0, a0, 1638
x10 <- 0x0000000066666666
mem[X,0x0000000080001C50] -> 0x1513
mem[X,0x0000000080001C52] -> 0x00B5
[1817] [M]: 0x0000000080001C50 (0x00B51513) slli a0, a0, 11
x10 <- 0x0000033333333000
mem[X,0x0000000080001C54] -> 0x0513
mem[X,0x0000000080001C56] -> 0x3335
[1818] [M]: 0x0000000080001C54 (0x33350513) addi a0, a0, 819
x10 <- 0x0000033333333333
mem[X,0x0000000080001C58] -> 0x1513
mem[X,0x0000000080001C5A] -> 0x00B5
[1819] [M]: 0x0000000080001C58 (0x00B51513) slli a0, a0, 11
x10 <- 0x0019999999999800
mem[X,0x0000000080001C5C] -> 0x0513
mem[X,0x0000000080001C5E] -> 0x1995
[1820] [M]: 0x0000000080001C5C (0x19950513) addi a0, a0, 409
x10 <- 0x0019999999999999
mem[X,0x0000000080001C60] -> 0x1513
mem[X,0x0000000080001C62] -> 0x00A5
[1821] [M]: 0x0000000080001C60 (0x00A51513) slli a0, a0, 10
x10 <- 0x6666666666666400
mem[X,0x0000000080001C64] -> 0x0513
mem[X,0x0000000080001C66] -> 0x2665
[1822] [M]: 0x0000000080001C64 (0x26650513) addi a0, a0, 614
x10 <- 0x6666666666666666
mem[X,0x0000000080001C68] -> 0x0593
mem[X,0x0000000080001C6A] -> 0x0065
[1823] [M]: 0x0000000080001C68 (0x00650593) addi a1, a0, 6
x11 <- 0x666666666666666C
mem[X,0x0000000080001C6C] -> 0x3823
mem[X,0x0000000080001C6E] -> 0x76B1
[1824] [M]: 0x0000000080001C6C (0x76B13823) sd a1, 1904(sp)
mem[0x0000000080007940] <- 0x666666666666666C
mem[X,0x0000000080001C70] -> 0x6537
mem[X,0x0000000080001C72] -> 0x6666
[1825] [M]: 0x0000000080001C70 (0x66666537) lui a0, 419430
x10 <- 0x0000000066666000
mem[X,0x0000000080001C74] -> 0x0513
mem[X,0x0000000080001C76] -> 0x6665
[1826] [M]: 0x0000000080001C74 (0x66650513) addi a0, a0, 1638
x10 <- 0x0000000066666666
mem[X,0x0000000080001C78] -> 0x1513
mem[X,0x0000000080001C7A] -> 0x00B5
[1827] [M]: 0x0000000080001C78 (0x00B51513) slli a0, a0, 11
x10 <- 0x0000033333333000
mem[X,0x0000000080001C7C] -> 0x0513
mem[X,0x0000000080001C7E] -> 0x3335
[1828] [M]: 0x0000000080001C7C (0x33350513) addi a0, a0, 819
x10 <- 0x0000033333333333
mem[X,0x0000000080001C80] -> 0x1513
mem[X,0x0000000080001C82] -> 0x00B5
[1829] [M]: 0x0000000080001C80 (0x00B51513) slli a0, a0, 11
x10 <- 0x0019999999999800
mem[X,0x0000000080001C84] -> 0x0513
mem[X,0x0000000080001C86] -> 0x1995
[1830] [M]: 0x0000000080001C84 (0x19950513) addi a0, a0, 409
x10 <- 0x0019999999999999
mem[X,0x0000000080001C88] -> 0x1513
mem[X,0x0000000080001C8A] -> 0x00A5
[1831] [M]: 0x0000000080001C88 (0x00A51513) slli a0, a0, 10
x10 <- 0x6666666666666400
mem[X,0x0000000080001C8C] -> 0x0513
mem[X,0x0000000080001C8E] -> 0x2665
[1832] [M]: 0x0000000080001C8C (0x26650513) addi a0, a0, 614
x10 <- 0x6666666666666666
mem[X,0x0000000080001C90] -> 0x0593
mem[X,0x0000000080001C92] -> 0x3345
[1833] [M]: 0x0000000080001C90 (0x33450593) addi a1, a0, 820
x11 <- 0x666666666666699A
mem[X,0x0000000080001C94] -> 0x3C23
mem[X,0x0000000080001C96] -> 0x76B1
[1834] [M]: 0x0000000080001C94 (0x76B13C23) sd a1, 1912(sp)
mem[0x0000000080007948] <- 0x666666666666699A
mem[X,0x0000000080001C98] -> 0x6537
mem[X,0x0000000080001C9A] -> 0x6666
[1835] [M]: 0x0000000080001C98 (0x66666537) lui a0, 419430
x10 <- 0x0000000066666000
mem[X,0x0000000080001C9C] -> 0x0513
mem[X,0x0000000080001C9E] -> 0x6665
[1836] [M]: 0x0000000080001C9C (0x66650513) addi a0, a0, 1638
x10 <- 0x0000000066666666
mem[X,0x0000000080001CA0] -> 0x1513
mem[X,0x0000000080001CA2] -> 0x00B5
[1837] [M]: 0x0000000080001CA0 (0x00B51513) slli a0, a0, 11
x10 <- 0x0000033333333000
mem[X,0x0000000080001CA4] -> 0x0513
mem[X,0x0000000080001CA6] -> 0x3335
[1838] [M]: 0x0000000080001CA4 (0x33350513) addi a0, a0, 819
x10 <- 0x0000033333333333
mem[X,0x0000000080001CA8] -> 0x1513
mem[X,0x0000000080001CAA] -> 0x00B5
[1839] [M]: 0x0000000080001CA8 (0x00B51513) slli a0, a0, 11
x10 <- 0x0019999999999800
mem[X,0x0000000080001CAC] -> 0x0513
mem[X,0x0000000080001CAE] -> 0x1995
[1840] [M]: 0x0000000080001CAC (0x19950513) addi a0, a0, 409
x10 <- 0x0019999999999999
mem[X,0x0000000080001CB0] -> 0x1513
mem[X,0x0000000080001CB2] -> 0x00A5
[1841] [M]: 0x0000000080001CB0 (0x00A51513) slli a0, a0, 10
x10 <- 0x6666666666666400
mem[X,0x0000000080001CB4] -> 0x0513
mem[X,0x0000000080001CB6] -> 0x2665
[1842] [M]: 0x0000000080001CB4 (0x26650513) addi a0, a0, 614
x10 <- 0x6666666666666666
mem[X,0x0000000080001CB8] -> 0x0593
mem[X,0x0000000080001CBA] -> 0x6675
[1843] [M]: 0x0000000080001CB8 (0x66750593) addi a1, a0, 1639
x11 <- 0x6666666666666CCD
mem[X,0x0000000080001CBC] -> 0x3023
mem[X,0x0000000080001CBE] -> 0x78B1
[1844] [M]: 0x0000000080001CBC (0x78B13023) sd a1, 1920(sp)
mem[0x0000000080007950] <- 0x6666666666666CCD
mem[X,0x0000000080001CC0] -> 0x6537
mem[X,0x0000000080001CC2] -> 0x6666
[1845] [M]: 0x0000000080001CC0 (0x66666537) lui a0, 419430
x10 <- 0x0000000066666000
mem[X,0x0000000080001CC4] -> 0x0513
mem[X,0x0000000080001CC6] -> 0x6665
[1846] [M]: 0x0000000080001CC4 (0x66650513) addi a0, a0, 1638
x10 <- 0x0000000066666666
mem[X,0x0000000080001CC8] -> 0x1513
mem[X,0x0000000080001CCA] -> 0x00B5
[1847] [M]: 0x0000000080001CC8 (0x00B51513) slli a0, a0, 11
x10 <- 0x0000033333333000
mem[X,0x0000000080001CCC] -> 0x0513
mem[X,0x0000000080001CCE] -> 0x3335
[1848] [M]: 0x0000000080001CCC (0x33350513) addi a0, a0, 819
x10 <- 0x0000033333333333
mem[X,0x0000000080001CD0] -> 0x1513
mem[X,0x0000000080001CD2] -> 0x00B5
[1849] [M]: 0x0000000080001CD0 (0x00B51513) slli a0, a0, 11
x10 <- 0x0019999999999800
mem[X,0x0000000080001CD4] -> 0x0513
mem[X,0x0000000080001CD6] -> 0x1995
[1850] [M]: 0x0000000080001CD4 (0x19950513) addi a0, a0, 409
x10 <- 0x0019999999999999
mem[X,0x0000000080001CD8] -> 0x1513
mem[X,0x0000000080001CDA] -> 0x00A5
[1851] [M]: 0x0000000080001CD8 (0x00A51513) slli a0, a0, 10
x10 <- 0x6666666666666400
mem[X,0x0000000080001CDC] -> 0x0513
mem[X,0x0000000080001CDE] -> 0x2665
[1852] [M]: 0x0000000080001CDC (0x26650513) addi a0, a0, 614
x10 <- 0x6666666666666666
mem[X,0x0000000080001CE0] -> 0x0593
mem[X,0x0000000080001CE2] -> 0xFD45
[1853] [M]: 0x0000000080001CE0 (0xFD450593) addi a1, a0, 4052
x11 <- 0x666666666666663A
mem[X,0x0000000080001CE4] -> 0x3423
mem[X,0x0000000080001CE6] -> 0x78B1
[1854] [M]: 0x0000000080001CE4 (0x78B13423) sd a1, 1928(sp)
mem[0x0000000080007958] <- 0x666666666666663A
mem[X,0x0000000080001CE8] -> 0x6537
mem[X,0x0000000080001CEA] -> 0x6666
[1855] [M]: 0x0000000080001CE8 (0x66666537) lui a0, 419430
x10 <- 0x0000000066666000
mem[X,0x0000000080001CEC] -> 0x0513
mem[X,0x0000000080001CEE] -> 0x6665
[1856] [M]: 0x0000000080001CEC (0x66650513) addi a0, a0, 1638
x10 <- 0x0000000066666666
mem[X,0x0000000080001CF0] -> 0x1513
mem[X,0x0000000080001CF2] -> 0x00B5
[1857] [M]: 0x0000000080001CF0 (0x00B51513) slli a0, a0, 11
x10 <- 0x0000033333333000
mem[X,0x0000000080001CF4] -> 0x0513
mem[X,0x0000000080001CF6] -> 0x3335
[1858] [M]: 0x0000000080001CF4 (0x33350513) addi a0, a0, 819
x10 <- 0x0000033333333333
mem[X,0x0000000080001CF8] -> 0x1513
mem[X,0x0000000080001CFA] -> 0x00B5
[1859] [M]: 0x0000000080001CF8 (0x00B51513) slli a0, a0, 11
x10 <- 0x0019999999999800
mem[X,0x0000000080001CFC] -> 0x0513
mem[X,0x0000000080001CFE] -> 0x1995
[1860] [M]: 0x0000000080001CFC (0x19950513) addi a0, a0, 409
x10 <- 0x0019999999999999
mem[X,0x0000000080001D00] -> 0x1513
mem[X,0x0000000080001D02] -> 0x00A5
[1861] [M]: 0x0000000080001D00 (0x00A51513) slli a0, a0, 10
x10 <- 0x6666666666666400
mem[X,0x0000000080001D04] -> 0x0513
mem[X,0x0000000080001D06] -> 0x2665
[1862] [M]: 0x0000000080001D04 (0x26650513) addi a0, a0, 614
x10 <- 0x6666666666666666
mem[X,0x0000000080001D08] -> 0x0593
mem[X,0x0000000080001D0A] -> 0x02E5
[1863] [M]: 0x0000000080001D08 (0x02E50593) addi a1, a0, 46
x11 <- 0x6666666666666694
mem[X,0x0000000080001D0C] -> 0x3823
mem[X,0x0000000080001D0E] -> 0x78B1
[1864] [M]: 0x0000000080001D0C (0x78B13823) sd a1, 1936(sp)
mem[0x0000000080007960] <- 0x6666666666666694
mem[X,0x0000000080001D10] -> 0x0537
mem[X,0x0000000080001D12] -> 0x0000
[1865] [M]: 0x0000000080001D10 (0x00000537) lui a0, 0
x10 <- 0x0000000000000000
mem[X,0x0000000080001D14] -> 0x0513
mem[X,0x0000000080001D16] -> 0xFFF5
[1866] [M]: 0x0000000080001D14 (0xFFF50513) addi a0, a0, 4095
x10 <- 0xFFFFFFFFFFFFFFFF
mem[X,0x0000000080001D18] -> 0x1513
mem[X,0x0000000080001D1A] -> 0x00B5
[1867] [M]: 0x0000000080001D18 (0x00B51513) slli a0, a0, 11
x10 <- 0xFFFFFFFFFFFFF800
mem[X,0x0000000080001D1C] -> 0x0513
mem[X,0x0000000080001D1E] -> 0x2575
[1868] [M]: 0x0000000080001D1C (0x25750513) addi a0, a0, 599
x10 <- 0xFFFFFFFFFFFFFA57
mem[X,0x0000000080001D20] -> 0x1513
mem[X,0x0000000080001D22] -> 0x00B5
[1869] [M]: 0x0000000080001D20 (0x00B51513) slli a0, a0, 11
x10 <- 0xFFFFFFFFFFD2B800
mem[X,0x0000000080001D24] -> 0x0513
mem[X,0x0000000080001D26] -> 0x6C35
[1870] [M]: 0x0000000080001D24 (0x6C350513) addi a0, a0, 1731
x10 <- 0xFFFFFFFFFFD2BEC3
mem[X,0x0000000080001D28] -> 0x1513
mem[X,0x0000000080001D2A] -> 0x00A5
[1871] [M]: 0x0000000080001D28 (0x00A51513) slli a0, a0, 10
x10 <- 0xFFFFFFFF4AFB0C00
mem[X,0x0000000080001D2C] -> 0x0513
mem[X,0x0000000080001D2E] -> 0x0CD5
[1872] [M]: 0x0000000080001D2C (0x0CD50513) addi a0, a0, 205
x10 <- 0xFFFFFFFF4AFB0CCD
mem[X,0x0000000080001D30] -> 0x0593
mem[X,0x0000000080001D32] -> 0x0035
[1873] [M]: 0x0000000080001D30 (0x00350593) addi a1, a0, 3
x11 <- 0xFFFFFFFF4AFB0CD0
mem[X,0x0000000080001D34] -> 0x3C23
mem[X,0x0000000080001D36] -> 0x78B1
[1874] [M]: 0x0000000080001D34 (0x78B13C23) sd a1, 1944(sp)
mem[0x0000000080007968] <- 0xFFFFFFFF4AFB0CD0
mem[X,0x0000000080001D38] -> 0x0537
mem[X,0x0000000080001D3A] -> 0x0000
[1875] [M]: 0x0000000080001D38 (0x00000537) lui a0, 0
x10 <- 0x0000000000000000
mem[X,0x0000000080001D3C] -> 0x0513
mem[X,0x0000000080001D3E] -> 0xFFF5
[1876] [M]: 0x0000000080001D3C (0xFFF50513) addi a0, a0, 4095
x10 <- 0xFFFFFFFFFFFFFFFF
mem[X,0x0000000080001D40] -> 0x1513
mem[X,0x0000000080001D42] -> 0x00B5
[1877] [M]: 0x0000000080001D40 (0x00B51513) slli a0, a0, 11
x10 <- 0xFFFFFFFFFFFFF800
mem[X,0x0000000080001D44] -> 0x0513
mem[X,0x0000000080001D46] -> 0x2575
[1878] [M]: 0x0000000080001D44 (0x25750513) addi a0, a0, 599
x10 <- 0xFFFFFFFFFFFFFA57
mem[X,0x0000000080001D48] -> 0x1513
mem[X,0x0000000080001D4A] -> 0x00B5
[1879] [M]: 0x0000000080001D48 (0x00B51513) slli a0, a0, 11
x10 <- 0xFFFFFFFFFFD2B800
mem[X,0x0000000080001D4C] -> 0x0513
mem[X,0x0000000080001D4E] -> 0x6C35
[1880] [M]: 0x0000000080001D4C (0x6C350513) addi a0, a0, 1731
x10 <- 0xFFFFFFFFFFD2BEC3
mem[X,0x0000000080001D50] -> 0x1513
mem[X,0x0000000080001D52] -> 0x00A5
[1881] [M]: 0x0000000080001D50 (0x00A51513) slli a0, a0, 10
x10 <- 0xFFFFFFFF4AFB0C00
mem[X,0x0000000080001D54] -> 0x0513
mem[X,0x0000000080001D56] -> 0x0CD5
[1882] [M]: 0x0000000080001D54 (0x0CD50513) addi a0, a0, 205
x10 <- 0xFFFFFFFF4AFB0CCD
mem[X,0x0000000080001D58] -> 0x0593
mem[X,0x0000000080001D5A] -> 0x5555
[1883] [M]: 0x0000000080001D58 (0x55550593) addi a1, a0, 1365
x11 <- 0xFFFFFFFF4AFB1222
mem[X,0x0000000080001D5C] -> 0x3023
mem[X,0x0000000080001D5E] -> 0x7AB1
[1884] [M]: 0x0000000080001D5C (0x7AB13023) sd a1, 1952(sp)
mem[0x0000000080007970] <- 0xFFFFFFFF4AFB1222
mem[X,0x0000000080001D60] -> 0x0537
mem[X,0x0000000080001D62] -> 0x0000
[1885] [M]: 0x0000000080001D60 (0x00000537) lui a0, 0
x10 <- 0x0000000000000000
mem[X,0x0000000080001D64] -> 0x0513
mem[X,0x0000000080001D66] -> 0xFFF5
[1886] [M]: 0x0000000080001D64 (0xFFF50513) addi a0, a0, 4095
x10 <- 0xFFFFFFFFFFFFFFFF
mem[X,0x0000000080001D68] -> 0x1513
mem[X,0x0000000080001D6A] -> 0x00B5
[1887] [M]: 0x0000000080001D68 (0x00B51513) slli a0, a0, 11
x10 <- 0xFFFFFFFFFFFFF800
mem[X,0x0000000080001D6C] -> 0x0513
mem[X,0x0000000080001D6E] -> 0x2575
[1888] [M]: 0x0000000080001D6C (0x25750513) addi a0, a0, 599
x10 <- 0xFFFFFFFFFFFFFA57
mem[X,0x0000000080001D70] -> 0x1513
mem[X,0x0000000080001D72] -> 0x00B5
[1889] [M]: 0x0000000080001D70 (0x00B51513) slli a0, a0, 11
x10 <- 0xFFFFFFFFFFD2B800
mem[X,0x0000000080001D74] -> 0x0513
mem[X,0x0000000080001D76] -> 0x6C35
[1890] [M]: 0x0000000080001D74 (0x6C350513) addi a0, a0, 1731
x10 <- 0xFFFFFFFFFFD2BEC3
mem[X,0x0000000080001D78] -> 0x1513
mem[X,0x0000000080001D7A] -> 0x00A5
[1891] [M]: 0x0000000080001D78 (0x00A51513) slli a0, a0, 10
x10 <- 0xFFFFFFFF4AFB0C00
mem[X,0x0000000080001D7C] -> 0x0513
mem[X,0x0000000080001D7E] -> 0x0CD5
[1892] [M]: 0x0000000080001D7C (0x0CD50513) addi a0, a0, 205
x10 <- 0xFFFFFFFF4AFB0CCD
mem[X,0x0000000080001D80] -> 0x0593
mem[X,0x0000000080001D82] -> 0xAAA5
[1893] [M]: 0x0000000080001D80 (0xAAA50593) addi a1, a0, 2730
x11 <- 0xFFFFFFFF4AFB0777
mem[X,0x0000000080001D84] -> 0x3423
mem[X,0x0000000080001D86] -> 0x7AB1
[1894] [M]: 0x0000000080001D84 (0x7AB13423) sd a1, 1960(sp)
mem[0x0000000080007978] <- 0xFFFFFFFF4AFB0777
mem[X,0x0000000080001D88] -> 0x0537
mem[X,0x0000000080001D8A] -> 0x0000
[1895] [M]: 0x0000000080001D88 (0x00000537) lui a0, 0
x10 <- 0x0000000000000000
mem[X,0x0000000080001D8C] -> 0x0513
mem[X,0x0000000080001D8E] -> 0xFFF5
[1896] [M]: 0x0000000080001D8C (0xFFF50513) addi a0, a0, 4095
x10 <- 0xFFFFFFFFFFFFFFFF
mem[X,0x0000000080001D90] -> 0x1513
mem[X,0x0000000080001D92] -> 0x00B5
[1897] [M]: 0x0000000080001D90 (0x00B51513) slli a0, a0, 11
x10 <- 0xFFFFFFFFFFFFF800
mem[X,0x0000000080001D94] -> 0x0513
mem[X,0x0000000080001D96] -> 0x2575
[1898] [M]: 0x0000000080001D94 (0x25750513) addi a0, a0, 599
x10 <- 0xFFFFFFFFFFFFFA57
mem[X,0x0000000080001D98] -> 0x1513
mem[X,0x0000000080001D9A] -> 0x00B5
[1899] [M]: 0x0000000080001D98 (0x00B51513) slli a0, a0, 11
x10 <- 0xFFFFFFFFFFD2B800
clint::tick mtime <- 0x0000000000000013
 clint timer pending at mtime 0x0000000000000013
htif::tick 0x0000000000000000
mem[X,0x0000000080001D9C] -> 0x0513
mem[X,0x0000000080001D9E] -> 0x6C35
[1900] [M]: 0x0000000080001D9C (0x6C350513) addi a0, a0, 1731
x10 <- 0xFFFFFFFFFFD2BEC3
mem[X,0x0000000080001DA0] -> 0x1513
mem[X,0x0000000080001DA2] -> 0x00A5
[1901] [M]: 0x0000000080001DA0 (0x00A51513) slli a0, a0, 10
x10 <- 0xFFFFFFFF4AFB0C00
mem[X,0x0000000080001DA4] -> 0x0513
mem[X,0x0000000080001DA6] -> 0x0CD5
[1902] [M]: 0x0000000080001DA4 (0x0CD50513) addi a0, a0, 205
x10 <- 0xFFFFFFFF4AFB0CCD
mem[X,0x0000000080001DA8] -> 0x0593
mem[X,0x0000000080001DAA] -> 0x0055
[1903] [M]: 0x0000000080001DA8 (0x00550593) addi a1, a0, 5
x11 <- 0xFFFFFFFF4AFB0CD2
mem[X,0x0000000080001DAC] -> 0x3823
mem[X,0x0000000080001DAE] -> 0x7AB1
[1904] [M]: 0x0000000080001DAC (0x7AB13823) sd a1, 1968(sp)
mem[0x0000000080007980] <- 0xFFFFFFFF4AFB0CD2
mem[X,0x0000000080001DB0] -> 0x0537
mem[X,0x0000000080001DB2] -> 0x0000
[1905] [M]: 0x0000000080001DB0 (0x00000537) lui a0, 0
x10 <- 0x0000000000000000
mem[X,0x0000000080001DB4] -> 0x0513
mem[X,0x0000000080001DB6] -> 0xFFF5
[1906] [M]: 0x0000000080001DB4 (0xFFF50513) addi a0, a0, 4095
x10 <- 0xFFFFFFFFFFFFFFFF
mem[X,0x0000000080001DB8] -> 0x1513
mem[X,0x0000000080001DBA] -> 0x00B5
[1907] [M]: 0x0000000080001DB8 (0x00B51513) slli a0, a0, 11
x10 <- 0xFFFFFFFFFFFFF800
mem[X,0x0000000080001DBC] -> 0x0513
mem[X,0x0000000080001DBE] -> 0x2575
[1908] [M]: 0x0000000080001DBC (0x25750513) addi a0, a0, 599
x10 <- 0xFFFFFFFFFFFFFA57
mem[X,0x0000000080001DC0] -> 0x1513
mem[X,0x0000000080001DC2] -> 0x00B5
[1909] [M]: 0x0000000080001DC0 (0x00B51513) slli a0, a0, 11
x10 <- 0xFFFFFFFFFFD2B800
mem[X,0x0000000080001DC4] -> 0x0513
mem[X,0x0000000080001DC6] -> 0x6C35
[1910] [M]: 0x0000000080001DC4 (0x6C350513) addi a0, a0, 1731
x10 <- 0xFFFFFFFFFFD2BEC3
mem[X,0x0000000080001DC8] -> 0x1513
mem[X,0x0000000080001DCA] -> 0x00A5
[1911] [M]: 0x0000000080001DC8 (0x00A51513) slli a0, a0, 10
x10 <- 0xFFFFFFFF4AFB0C00
mem[X,0x0000000080001DCC] -> 0x0513
mem[X,0x0000000080001DCE] -> 0x0CD5
[1912] [M]: 0x0000000080001DCC (0x0CD50513) addi a0, a0, 205
x10 <- 0xFFFFFFFF4AFB0CCD
mem[X,0x0000000080001DD0] -> 0x0593
mem[X,0x0000000080001DD2] -> 0x3335
[1913] [M]: 0x0000000080001DD0 (0x33350593) addi a1, a0, 819
x11 <- 0xFFFFFFFF4AFB1000
mem[X,0x0000000080001DD4] -> 0x3C23
mem[X,0x0000000080001DD6] -> 0x7AB1
[1914] [M]: 0x0000000080001DD4 (0x7AB13C23) sd a1, 1976(sp)
mem[0x0000000080007988] <- 0xFFFFFFFF4AFB1000
mem[X,0x0000000080001DD8] -> 0x0537
mem[X,0x0000000080001DDA] -> 0x0000
[1915] [M]: 0x0000000080001DD8 (0x00000537) lui a0, 0
x10 <- 0x0000000000000000
mem[X,0x0000000080001DDC] -> 0x0513
mem[X,0x0000000080001DDE] -> 0xFFF5
[1916] [M]: 0x0000000080001DDC (0xFFF50513) addi a0, a0, 4095
x10 <- 0xFFFFFFFFFFFFFFFF
mem[X,0x0000000080001DE0] -> 0x1513
mem[X,0x0000000080001DE2] -> 0x00B5
[1917] [M]: 0x0000000080001DE0 (0x00B51513) slli a0, a0, 11
x10 <- 0xFFFFFFFFFFFFF800
mem[X,0x0000000080001DE4] -> 0x0513
mem[X,0x0000000080001DE6] -> 0x2575
[1918] [M]: 0x0000000080001DE4 (0x25750513) addi a0, a0, 599
x10 <- 0xFFFFFFFFFFFFFA57
mem[X,0x0000000080001DE8] -> 0x1513
mem[X,0x0000000080001DEA] -> 0x00B5
[1919] [M]: 0x0000000080001DE8 (0x00B51513) slli a0, a0, 11
x10 <- 0xFFFFFFFFFFD2B800
mem[X,0x0000000080001DEC] -> 0x0513
mem[X,0x0000000080001DEE] -> 0x6C35
[1920] [M]: 0x0000000080001DEC (0x6C350513) addi a0, a0, 1731
x10 <- 0xFFFFFFFFFFD2BEC3
mem[X,0x0000000080001DF0] -> 0x1513
mem[X,0x0000000080001DF2] -> 0x00A5
[1921] [M]: 0x0000000080001DF0 (0x00A51513) slli a0, a0, 10
x10 <- 0xFFFFFFFF4AFB0C00
mem[X,0x0000000080001DF4] -> 0x0513
mem[X,0x0000000080001DF6] -> 0x0CD5
[1922] [M]: 0x0000000080001DF4 (0x0CD50513) addi a0, a0, 205
x10 <- 0xFFFFFFFF4AFB0CCD
mem[X,0x0000000080001DF8] -> 0x0593
mem[X,0x0000000080001DFA] -> 0x6665
[1923] [M]: 0x0000000080001DF8 (0x66650593) addi a1, a0, 1638
x11 <- 0xFFFFFFFF4AFB1333
mem[X,0x0000000080001DFC] -> 0x3023
mem[X,0x0000000080001DFE] -> 0x7CB1
[1924] [M]: 0x0000000080001DFC (0x7CB13023) sd a1, 1984(sp)
mem[0x0000000080007990] <- 0xFFFFFFFF4AFB1333
mem[X,0x0000000080001E00] -> 0x0537
mem[X,0x0000000080001E02] -> 0x0000
[1925] [M]: 0x0000000080001E00 (0x00000537) lui a0, 0
x10 <- 0x0000000000000000
mem[X,0x0000000080001E04] -> 0x0513
mem[X,0x0000000080001E06] -> 0xFFF5
[1926] [M]: 0x0000000080001E04 (0xFFF50513) addi a0, a0, 4095
x10 <- 0xFFFFFFFFFFFFFFFF
mem[X,0x0000000080001E08] -> 0x1513
mem[X,0x0000000080001E0A] -> 0x00B5
[1927] [M]: 0x0000000080001E08 (0x00B51513) slli a0, a0, 11
x10 <- 0xFFFFFFFFFFFFF800
mem[X,0x0000000080001E0C] -> 0x0513
mem[X,0x0000000080001E0E] -> 0x2575
[1928] [M]: 0x0000000080001E0C (0x25750513) addi a0, a0, 599
x10 <- 0xFFFFFFFFFFFFFA57
mem[X,0x0000000080001E10] -> 0x1513
mem[X,0x0000000080001E12] -> 0x00B5
[1929] [M]: 0x0000000080001E10 (0x00B51513) slli a0, a0, 11
x10 <- 0xFFFFFFFFFFD2B800
mem[X,0x0000000080001E14] -> 0x0513
mem[X,0x0000000080001E16] -> 0x6C35
[1930] [M]: 0x0000000080001E14 (0x6C350513) addi a0, a0, 1731
x10 <- 0xFFFFFFFFFFD2BEC3
mem[X,0x0000000080001E18] -> 0x1513
mem[X,0x0000000080001E1A] -> 0x00A5
[1931] [M]: 0x0000000080001E18 (0x00A51513) slli a0, a0, 10
x10 <- 0xFFFFFFFF4AFB0C00
mem[X,0x0000000080001E1C] -> 0x0513
mem[X,0x0000000080001E1E] -> 0x0CD5
[1932] [M]: 0x0000000080001E1C (0x0CD50513) addi a0, a0, 205
x10 <- 0xFFFFFFFF4AFB0CCD
mem[X,0x0000000080001E20] -> 0x0593
mem[X,0x0000000080001E22] -> 0xFD35
[1933] [M]: 0x0000000080001E20 (0xFD350593) addi a1, a0, 4051
x11 <- 0xFFFFFFFF4AFB0CA0
mem[X,0x0000000080001E24] -> 0x3423
mem[X,0x0000000080001E26] -> 0x7CB1
[1934] [M]: 0x0000000080001E24 (0x7CB13423) sd a1, 1992(sp)
mem[0x0000000080007998] <- 0xFFFFFFFF4AFB0CA0
mem[X,0x0000000080001E28] -> 0x0537
mem[X,0x0000000080001E2A] -> 0x0000
[1935] [M]: 0x0000000080001E28 (0x00000537) lui a0, 0
x10 <- 0x0000000000000000
mem[X,0x0000000080001E2C] -> 0x0513
mem[X,0x0000000080001E2E] -> 0xFFF5
[1936] [M]: 0x0000000080001E2C (0xFFF50513) addi a0, a0, 4095
x10 <- 0xFFFFFFFFFFFFFFFF
mem[X,0x0000000080001E30] -> 0x1513
mem[X,0x0000000080001E32] -> 0x00B5
[1937] [M]: 0x0000000080001E30 (0x00B51513) slli a0, a0, 11
x10 <- 0xFFFFFFFFFFFFF800
mem[X,0x0000000080001E34] -> 0x0513
mem[X,0x0000000080001E36] -> 0x2575
[1938] [M]: 0x0000000080001E34 (0x25750513) addi a0, a0, 599
x10 <- 0xFFFFFFFFFFFFFA57
mem[X,0x0000000080001E38] -> 0x1513
mem[X,0x0000000080001E3A] -> 0x00B5
[1939] [M]: 0x0000000080001E38 (0x00B51513) slli a0, a0, 11
x10 <- 0xFFFFFFFFFFD2B800
mem[X,0x0000000080001E3C] -> 0x0513
mem[X,0x0000000080001E3E] -> 0x6C35
[1940] [M]: 0x0000000080001E3C (0x6C350513) addi a0, a0, 1731
x10 <- 0xFFFFFFFFFFD2BEC3
mem[X,0x0000000080001E40] -> 0x1513
mem[X,0x0000000080001E42] -> 0x00A5
[1941] [M]: 0x0000000080001E40 (0x00A51513) slli a0, a0, 10
x10 <- 0xFFFFFFFF4AFB0C00
mem[X,0x0000000080001E44] -> 0x0513
mem[X,0x0000000080001E46] -> 0x0CD5
[1942] [M]: 0x0000000080001E44 (0x0CD50513) addi a0, a0, 205
x10 <- 0xFFFFFFFF4AFB0CCD
mem[X,0x0000000080001E48] -> 0x0593
mem[X,0x0000000080001E4A] -> 0x02D5
[1943] [M]: 0x0000000080001E48 (0x02D50593) addi a1, a0, 45
x11 <- 0xFFFFFFFF4AFB0CFA
mem[X,0x0000000080001E4C] -> 0x3823
mem[X,0x0000000080001E4E] -> 0x7CB1
[1944] [M]: 0x0000000080001E4C (0x7CB13823) sd a1, 2000(sp)
mem[0x00000000800079A0] <- 0xFFFFFFFF4AFB0CFA
mem[X,0x0000000080001E50] -> 0x0537
mem[X,0x0000000080001E52] -> 0x0000
[1945] [M]: 0x0000000080001E50 (0x00000537) lui a0, 0
x10 <- 0x0000000000000000
mem[X,0x0000000080001E54] -> 0x0513
mem[X,0x0000000080001E56] -> 0xFFF5
[1946] [M]: 0x0000000080001E54 (0xFFF50513) addi a0, a0, 4095
x10 <- 0xFFFFFFFFFFFFFFFF
mem[X,0x0000000080001E58] -> 0x1513
mem[X,0x0000000080001E5A] -> 0x00B5
[1947] [M]: 0x0000000080001E58 (0x00B51513) slli a0, a0, 11
x10 <- 0xFFFFFFFFFFFFF800
mem[X,0x0000000080001E5C] -> 0x0513
mem[X,0x0000000080001E5E] -> 0x2575
[1948] [M]: 0x0000000080001E5C (0x25750513) addi a0, a0, 599
x10 <- 0xFFFFFFFFFFFFFA57
mem[X,0x0000000080001E60] -> 0x1513
mem[X,0x0000000080001E62] -> 0x00B5
[1949] [M]: 0x0000000080001E60 (0x00B51513) slli a0, a0, 11
x10 <- 0xFFFFFFFFFFD2B800
mem[X,0x0000000080001E64] -> 0x0513
mem[X,0x0000000080001E66] -> 0x6C35
[1950] [M]: 0x0000000080001E64 (0x6C350513) addi a0, a0, 1731
x10 <- 0xFFFFFFFFFFD2BEC3
mem[X,0x0000000080001E68] -> 0x1513
mem[X,0x0000000080001E6A] -> 0x00A5
[1951] [M]: 0x0000000080001E68 (0x00A51513) slli a0, a0, 10
x10 <- 0xFFFFFFFF4AFB0C00
mem[X,0x0000000080001E6C] -> 0x0513
mem[X,0x0000000080001E6E] -> 0x0CD5
[1952] [M]: 0x0000000080001E6C (0x0CD50513) addi a0, a0, 205
x10 <- 0xFFFFFFFF4AFB0CCD
mem[X,0x0000000080001E70] -> 0x0593
mem[X,0x0000000080001E72] -> 0x0025
[1953] [M]: 0x0000000080001E70 (0x00250593) addi a1, a0, 2
x11 <- 0xFFFFFFFF4AFB0CCF
mem[X,0x0000000080001E74] -> 0x3C23
mem[X,0x0000000080001E76] -> 0x7CB1
[1954] [M]: 0x0000000080001E74 (0x7CB13C23) sd a1, 2008(sp)
mem[0x00000000800079A8] <- 0xFFFFFFFF4AFB0CCF
mem[X,0x0000000080001E78] -> 0x0537
mem[X,0x0000000080001E7A] -> 0x0000
[1955] [M]: 0x0000000080001E78 (0x00000537) lui a0, 0
x10 <- 0x0000000000000000
mem[X,0x0000000080001E7C] -> 0x0513
mem[X,0x0000000080001E7E] -> 0xFFF5
[1956] [M]: 0x0000000080001E7C (0xFFF50513) addi a0, a0, 4095
x10 <- 0xFFFFFFFFFFFFFFFF
mem[X,0x0000000080001E80] -> 0x1513
mem[X,0x0000000080001E82] -> 0x00B5
[1957] [M]: 0x0000000080001E80 (0x00B51513) slli a0, a0, 11
x10 <- 0xFFFFFFFFFFFFF800
mem[X,0x0000000080001E84] -> 0x0513
mem[X,0x0000000080001E86] -> 0x2575
[1958] [M]: 0x0000000080001E84 (0x25750513) addi a0, a0, 599
x10 <- 0xFFFFFFFFFFFFFA57
mem[X,0x0000000080001E88] -> 0x1513
mem[X,0x0000000080001E8A] -> 0x00B5
[1959] [M]: 0x0000000080001E88 (0x00B51513) slli a0, a0, 11
x10 <- 0xFFFFFFFFFFD2B800
mem[X,0x0000000080001E8C] -> 0x0513
mem[X,0x0000000080001E8E] -> 0x6C35
[1960] [M]: 0x0000000080001E8C (0x6C350513) addi a0, a0, 1731
x10 <- 0xFFFFFFFFFFD2BEC3
mem[X,0x0000000080001E90] -> 0x1513
mem[X,0x0000000080001E92] -> 0x00A5
[1961] [M]: 0x0000000080001E90 (0x00A51513) slli a0, a0, 10
x10 <- 0xFFFFFFFF4AFB0C00
mem[X,0x0000000080001E94] -> 0x0513
mem[X,0x0000000080001E96] -> 0x0CD5
[1962] [M]: 0x0000000080001E94 (0x0CD50513) addi a0, a0, 205
x10 <- 0xFFFFFFFF4AFB0CCD
mem[X,0x0000000080001E98] -> 0x0593
mem[X,0x0000000080001E9A] -> 0x5545
[1963] [M]: 0x0000000080001E98 (0x55450593) addi a1, a0, 1364
x11 <- 0xFFFFFFFF4AFB1221
mem[X,0x0000000080001E9C] -> 0x3023
mem[X,0x0000000080001E9E] -> 0x7EB1
[1964] [M]: 0x0000000080001E9C (0x7EB13023) sd a1, 2016(sp)
mem[0x00000000800079B0] <- 0xFFFFFFFF4AFB1221
mem[X,0x0000000080001EA0] -> 0x0537
mem[X,0x0000000080001EA2] -> 0x0000
[1965] [M]: 0x0000000080001EA0 (0x00000537) lui a0, 0
x10 <- 0x0000000000000000
mem[X,0x0000000080001EA4] -> 0x0513
mem[X,0x0000000080001EA6] -> 0xFFF5
[1966] [M]: 0x0000000080001EA4 (0xFFF50513) addi a0, a0, 4095
x10 <- 0xFFFFFFFFFFFFFFFF
mem[X,0x0000000080001EA8] -> 0x1513
mem[X,0x0000000080001EAA] -> 0x00B5
[1967] [M]: 0x0000000080001EA8 (0x00B51513) slli a0, a0, 11
x10 <- 0xFFFFFFFFFFFFF800
mem[X,0x0000000080001EAC] -> 0x0513
mem[X,0x0000000080001EAE] -> 0x2575
[1968] [M]: 0x0000000080001EAC (0x25750513) addi a0, a0, 599
x10 <- 0xFFFFFFFFFFFFFA57
mem[X,0x0000000080001EB0] -> 0x1513
mem[X,0x0000000080001EB2] -> 0x00B5
[1969] [M]: 0x0000000080001EB0 (0x00B51513) slli a0, a0, 11
x10 <- 0xFFFFFFFFFFD2B800
mem[X,0x0000000080001EB4] -> 0x0513
mem[X,0x0000000080001EB6] -> 0x6C35
[1970] [M]: 0x0000000080001EB4 (0x6C350513) addi a0, a0, 1731
x10 <- 0xFFFFFFFFFFD2BEC3
mem[X,0x0000000080001EB8] -> 0x1513
mem[X,0x0000000080001EBA] -> 0x00A5
[1971] [M]: 0x0000000080001EB8 (0x00A51513) slli a0, a0, 10
x10 <- 0xFFFFFFFF4AFB0C00
mem[X,0x0000000080001EBC] -> 0x0513
mem[X,0x0000000080001EBE] -> 0x0CD5
[1972] [M]: 0x0000000080001EBC (0x0CD50513) addi a0, a0, 205
x10 <- 0xFFFFFFFF4AFB0CCD
mem[X,0x0000000080001EC0] -> 0x0593
mem[X,0x0000000080001EC2] -> 0x0005
[1973] [M]: 0x0000000080001EC0 (0x00050593) addi a1, a0, 0
x11 <- 0xFFFFFFFF4AFB0CCD
mem[X,0x0000000080001EC4] -> 0x3423
mem[X,0x0000000080001EC6] -> 0x7EB1
[1974] [M]: 0x0000000080001EC4 (0x7EB13423) sd a1, 2024(sp)
mem[0x00000000800079B8] <- 0xFFFFFFFF4AFB0CCD
mem[X,0x0000000080001EC8] -> 0x0537
mem[X,0x0000000080001ECA] -> 0x0000
[1975] [M]: 0x0000000080001EC8 (0x00000537) lui a0, 0
x10 <- 0x0000000000000000
mem[X,0x0000000080001ECC] -> 0x0513
mem[X,0x0000000080001ECE] -> 0xFFF5
[1976] [M]: 0x0000000080001ECC (0xFFF50513) addi a0, a0, 4095
x10 <- 0xFFFFFFFFFFFFFFFF
mem[X,0x0000000080001ED0] -> 0x1513
mem[X,0x0000000080001ED2] -> 0x00B5
[1977] [M]: 0x0000000080001ED0 (0x00B51513) slli a0, a0, 11
x10 <- 0xFFFFFFFFFFFFF800
mem[X,0x0000000080001ED4] -> 0x0513
mem[X,0x0000000080001ED6] -> 0x2575
[1978] [M]: 0x0000000080001ED4 (0x25750513) addi a0, a0, 599
x10 <- 0xFFFFFFFFFFFFFA57
mem[X,0x0000000080001ED8] -> 0x1513
mem[X,0x0000000080001EDA] -> 0x00B5
[1979] [M]: 0x0000000080001ED8 (0x00B51513) slli a0, a0, 11
x10 <- 0xFFFFFFFFFFD2B800
mem[X,0x0000000080001EDC] -> 0x0513
mem[X,0x0000000080001EDE] -> 0x6C35
[1980] [M]: 0x0000000080001EDC (0x6C350513) addi a0, a0, 1731
x10 <- 0xFFFFFFFFFFD2BEC3
mem[X,0x0000000080001EE0] -> 0x1513
mem[X,0x0000000080001EE2] -> 0x00A5
[1981] [M]: 0x0000000080001EE0 (0x00A51513) slli a0, a0, 10
x10 <- 0xFFFFFFFF4AFB0C00
mem[X,0x0000000080001EE4] -> 0x0513
mem[X,0x0000000080001EE6] -> 0x0CD5
[1982] [M]: 0x0000000080001EE4 (0x0CD50513) addi a0, a0, 205
x10 <- 0xFFFFFFFF4AFB0CCD
mem[X,0x0000000080001EE8] -> 0x0593
mem[X,0x0000000080001EEA] -> 0x0045
[1983] [M]: 0x0000000080001EE8 (0x00450593) addi a1, a0, 4
x11 <- 0xFFFFFFFF4AFB0CD1
mem[X,0x0000000080001EEC] -> 0x3823
mem[X,0x0000000080001EEE] -> 0x7EB1
[1984] [M]: 0x0000000080001EEC (0x7EB13823) sd a1, 2032(sp)
mem[0x00000000800079C0] <- 0xFFFFFFFF4AFB0CD1
mem[X,0x0000000080001EF0] -> 0x0537
mem[X,0x0000000080001EF2] -> 0x0000
[1985] [M]: 0x0000000080001EF0 (0x00000537) lui a0, 0
x10 <- 0x0000000000000000
mem[X,0x0000000080001EF4] -> 0x0513
mem[X,0x0000000080001EF6] -> 0xFFF5
[1986] [M]: 0x0000000080001EF4 (0xFFF50513) addi a0, a0, 4095
x10 <- 0xFFFFFFFFFFFFFFFF
mem[X,0x0000000080001EF8] -> 0x1513
mem[X,0x0000000080001EFA] -> 0x00B5
[1987] [M]: 0x0000000080001EF8 (0x00B51513) slli a0, a0, 11
x10 <- 0xFFFFFFFFFFFFF800
mem[X,0x0000000080001EFC] -> 0x0513
mem[X,0x0000000080001EFE] -> 0x2575
[1988] [M]: 0x0000000080001EFC (0x25750513) addi a0, a0, 599
x10 <- 0xFFFFFFFFFFFFFA57
mem[X,0x0000000080001F00] -> 0x1513
mem[X,0x0000000080001F02] -> 0x00B5
[1989] [M]: 0x0000000080001F00 (0x00B51513) slli a0, a0, 11
x10 <- 0xFFFFFFFFFFD2B800
mem[X,0x0000000080001F04] -> 0x0513
mem[X,0x0000000080001F06] -> 0x6C35
[1990] [M]: 0x0000000080001F04 (0x6C350513) addi a0, a0, 1731
x10 <- 0xFFFFFFFFFFD2BEC3
mem[X,0x0000000080001F08] -> 0x1513
mem[X,0x0000000080001F0A] -> 0x00A5
[1991] [M]: 0x0000000080001F08 (0x00A51513) slli a0, a0, 10
x10 <- 0xFFFFFFFF4AFB0C00
mem[X,0x0000000080001F0C] -> 0x0513
mem[X,0x0000000080001F0E] -> 0x0CD5
[1992] [M]: 0x0000000080001F0C (0x0CD50513) addi a0, a0, 205
x10 <- 0xFFFFFFFF4AFB0CCD
mem[X,0x0000000080001F10] -> 0x0593
mem[X,0x0000000080001F12] -> 0x3325
[1993] [M]: 0x0000000080001F10 (0x33250593) addi a1, a0, 818
x11 <- 0xFFFFFFFF4AFB0FFF
mem[X,0x0000000080001F14] -> 0x3C23
mem[X,0x0000000080001F16] -> 0x7EB1
[1994] [M]: 0x0000000080001F14 (0x7EB13C23) sd a1, 2040(sp)
mem[0x00000000800079C8] <- 0xFFFFFFFF4AFB0FFF
mem[X,0x0000000080001F18] -> 0x0013
mem[X,0x0000000080001F1A] -> 0x0000
[1995] [M]: 0x0000000080001F18 (0x00000013) addi zero, zero, 0
mem[X,0x0000000080001F1C] -> 0x0013
mem[X,0x0000000080001F1E] -> 0x0000
[1996] [M]: 0x0000000080001F1C (0x00000013) addi zero, zero, 0
mem[X,0x0000000080001F20] -> 0x6117
mem[X,0x0000000080001F22] -> 0x0000
[1997] [M]: 0x0000000080001F20 (0x00006117) auipc sp, 6
x2 <- 0x0000000080007F20
mem[X,0x0000000080001F24] -> 0x0113
mem[X,0x0000000080001F26] -> 0xAB01
[1998] [M]: 0x0000000080001F24 (0xAB010113) addi sp, sp, 2736
x2 <- 0x00000000800079D0
mem[X,0x0000000080001F28] -> 0x0013
mem[X,0x0000000080001F2A] -> 0x0000
[1999] [M]: 0x0000000080001F28 (0x00000013) addi zero, zero, 0
clint::tick mtime <- 0x0000000000000014
 clint timer pending at mtime 0x0000000000000014
htif::tick 0x0000000000000000
mem[X,0x0000000080001F2C] -> 0x0013
mem[X,0x0000000080001F2E] -> 0x0000
[2000] [M]: 0x0000000080001F2C (0x00000013) addi zero, zero, 0
mem[X,0x0000000080001F30] -> 0x0013
mem[X,0x0000000080001F32] -> 0x0000
[2001] [M]: 0x0000000080001F30 (0x00000013) addi zero, zero, 0
mem[X,0x0000000080001F34] -> 0x0013
mem[X,0x0000000080001F36] -> 0x0000
[2002] [M]: 0x0000000080001F34 (0x00000013) addi zero, zero, 0
mem[X,0x0000000080001F38] -> 0x0013
mem[X,0x0000000080001F3A] -> 0x0000
[2003] [M]: 0x0000000080001F38 (0x00000013) addi zero, zero, 0
mem[X,0x0000000080001F3C] -> 0x0013
mem[X,0x0000000080001F3E] -> 0x0000
[2004] [M]: 0x0000000080001F3C (0x00000013) addi zero, zero, 0
mem[X,0x0000000080001F40] -> 0x0537
mem[X,0x0000000080001F42] -> 0x0000
[2005] [M]: 0x0000000080001F40 (0x00000537) lui a0, 0
x10 <- 0x0000000000000000
mem[X,0x0000000080001F44] -> 0x0513
mem[X,0x0000000080001F46] -> 0xFFF5
[2006] [M]: 0x0000000080001F44 (0xFFF50513) addi a0, a0, 4095
x10 <- 0xFFFFFFFFFFFFFFFF
mem[X,0x0000000080001F48] -> 0x1513
mem[X,0x0000000080001F4A] -> 0x00B5
[2007] [M]: 0x0000000080001F48 (0x00B51513) slli a0, a0, 11
x10 <- 0xFFFFFFFFFFFFF800
mem[X,0x0000000080001F4C] -> 0x0513
mem[X,0x0000000080001F4E] -> 0x2575
[2008] [M]: 0x0000000080001F4C (0x25750513) addi a0, a0, 599
x10 <- 0xFFFFFFFFFFFFFA57
mem[X,0x0000000080001F50] -> 0x1513
mem[X,0x0000000080001F52] -> 0x00B5
[2009] [M]: 0x0000000080001F50 (0x00B51513) slli a0, a0, 11
x10 <- 0xFFFFFFFFFFD2B800
mem[X,0x0000000080001F54] -> 0x0513
mem[X,0x0000000080001F56] -> 0x6C35
[2010] [M]: 0x0000000080001F54 (0x6C350513) addi a0, a0, 1731
x10 <- 0xFFFFFFFFFFD2BEC3
mem[X,0x0000000080001F58] -> 0x1513
mem[X,0x0000000080001F5A] -> 0x00A5
[2011] [M]: 0x0000000080001F58 (0x00A51513) slli a0, a0, 10
x10 <- 0xFFFFFFFF4AFB0C00
mem[X,0x0000000080001F5C] -> 0x0513
mem[X,0x0000000080001F5E] -> 0x0CD5
[2012] [M]: 0x0000000080001F5C (0x0CD50513) addi a0, a0, 205
x10 <- 0xFFFFFFFF4AFB0CCD
mem[X,0x0000000080001F60] -> 0x0593
mem[X,0x0000000080001F62] -> 0x6655
[2013] [M]: 0x0000000080001F60 (0x66550593) addi a1, a0, 1637
x11 <- 0xFFFFFFFF4AFB1332
mem[X,0x0000000080001F64] -> 0x3023
mem[X,0x0000000080001F66] -> 0x00B1
[2014] [M]: 0x0000000080001F64 (0x00B13023) sd a1, 0(sp)
mem[0x00000000800079D0] <- 0xFFFFFFFF4AFB1332
mem[X,0x0000000080001F68] -> 0x0537
mem[X,0x0000000080001F6A] -> 0x0000
[2015] [M]: 0x0000000080001F68 (0x00000537) lui a0, 0
x10 <- 0x0000000000000000
mem[X,0x0000000080001F6C] -> 0x0513
mem[X,0x0000000080001F6E] -> 0xFFF5
[2016] [M]: 0x0000000080001F6C (0xFFF50513) addi a0, a0, 4095
x10 <- 0xFFFFFFFFFFFFFFFF
mem[X,0x0000000080001F70] -> 0x1513
mem[X,0x0000000080001F72] -> 0x00B5
[2017] [M]: 0x0000000080001F70 (0x00B51513) slli a0, a0, 11
x10 <- 0xFFFFFFFFFFFFF800
mem[X,0x0000000080001F74] -> 0x0513
mem[X,0x0000000080001F76] -> 0x2575
[2018] [M]: 0x0000000080001F74 (0x25750513) addi a0, a0, 599
x10 <- 0xFFFFFFFFFFFFFA57
mem[X,0x0000000080001F78] -> 0x1513
mem[X,0x0000000080001F7A] -> 0x00B5
[2019] [M]: 0x0000000080001F78 (0x00B51513) slli a0, a0, 11
x10 <- 0xFFFFFFFFFFD2B800
mem[X,0x0000000080001F7C] -> 0x0513
mem[X,0x0000000080001F7E] -> 0x6C35
[2020] [M]: 0x0000000080001F7C (0x6C350513) addi a0, a0, 1731
x10 <- 0xFFFFFFFFFFD2BEC3
mem[X,0x0000000080001F80] -> 0x1513
mem[X,0x0000000080001F82] -> 0x00A5
[2021] [M]: 0x0000000080001F80 (0x00A51513) slli a0, a0, 10
x10 <- 0xFFFFFFFF4AFB0C00
mem[X,0x0000000080001F84] -> 0x0513
mem[X,0x0000000080001F86] -> 0x0CD5
[2022] [M]: 0x0000000080001F84 (0x0CD50513) addi a0, a0, 205
x10 <- 0xFFFFFFFF4AFB0CCD
mem[X,0x0000000080001F88] -> 0x0593
mem[X,0x0000000080001F8A] -> 0x02C5
[2023] [M]: 0x0000000080001F88 (0x02C50593) addi a1, a0, 44
x11 <- 0xFFFFFFFF4AFB0CF9
mem[X,0x0000000080001F8C] -> 0x3423
mem[X,0x0000000080001F8E] -> 0x00B1
[2024] [M]: 0x0000000080001F8C (0x00B13423) sd a1, 8(sp)
mem[0x00000000800079D8] <- 0xFFFFFFFF4AFB0CF9
mem[X,0x0000000080001F90] -> 0x0537
mem[X,0x0000000080001F92] -> 0x0000
[2025] [M]: 0x0000000080001F90 (0x00000537) lui a0, 0
x10 <- 0x0000000000000000
mem[X,0x0000000080001F94] -> 0x0513
mem[X,0x0000000080001F96] -> 0xFFF5
[2026] [M]: 0x0000000080001F94 (0xFFF50513) addi a0, a0, 4095
x10 <- 0xFFFFFFFFFFFFFFFF
mem[X,0x0000000080001F98] -> 0x1513
mem[X,0x0000000080001F9A] -> 0x00B5
[2027] [M]: 0x0000000080001F98 (0x00B51513) slli a0, a0, 11
x10 <- 0xFFFFFFFFFFFFF800
mem[X,0x0000000080001F9C] -> 0x0513
mem[X,0x0000000080001F9E] -> 0x2575
[2028] [M]: 0x0000000080001F9C (0x25750513) addi a0, a0, 599
x10 <- 0xFFFFFFFFFFFFFA57
mem[X,0x0000000080001FA0] -> 0x1513
mem[X,0x0000000080001FA2] -> 0x00B5
[2029] [M]: 0x0000000080001FA0 (0x00B51513) slli a0, a0, 11
x10 <- 0xFFFFFFFFFFD2B800
mem[X,0x0000000080001FA4] -> 0x0513
mem[X,0x0000000080001FA6] -> 0x6C35
[2030] [M]: 0x0000000080001FA4 (0x6C350513) addi a0, a0, 1731
x10 <- 0xFFFFFFFFFFD2BEC3
mem[X,0x0000000080001FA8] -> 0x1513
mem[X,0x0000000080001FAA] -> 0x00A5
[2031] [M]: 0x0000000080001FA8 (0x00A51513) slli a0, a0, 10
x10 <- 0xFFFFFFFF4AFB0C00
mem[X,0x0000000080001FAC] -> 0x0513
mem[X,0x0000000080001FAE] -> 0x0CD5
[2032] [M]: 0x0000000080001FAC (0x0CD50513) addi a0, a0, 205
x10 <- 0xFFFFFFFF4AFB0CCD
mem[X,0x0000000080001FB0] -> 0x0593
mem[X,0x0000000080001FB2] -> 0x5565
[2033] [M]: 0x0000000080001FB0 (0x55650593) addi a1, a0, 1366
x11 <- 0xFFFFFFFF4AFB1223
mem[X,0x0000000080001FB4] -> 0x3823
mem[X,0x0000000080001FB6] -> 0x00B1
[2034] [M]: 0x0000000080001FB4 (0x00B13823) sd a1, 16(sp)
mem[0x00000000800079E0] <- 0xFFFFFFFF4AFB1223
mem[X,0x0000000080001FB8] -> 0x0537
mem[X,0x0000000080001FBA] -> 0x0000
[2035] [M]: 0x0000000080001FB8 (0x00000537) lui a0, 0
x10 <- 0x0000000000000000
mem[X,0x0000000080001FBC] -> 0x0513
mem[X,0x0000000080001FBE] -> 0xFFF5
[2036] [M]: 0x0000000080001FBC (0xFFF50513) addi a0, a0, 4095
x10 <- 0xFFFFFFFFFFFFFFFF
mem[X,0x0000000080001FC0] -> 0x1513
mem[X,0x0000000080001FC2] -> 0x00B5
[2037] [M]: 0x0000000080001FC0 (0x00B51513) slli a0, a0, 11
x10 <- 0xFFFFFFFFFFFFF800
mem[X,0x0000000080001FC4] -> 0x0513
mem[X,0x0000000080001FC6] -> 0x2575
[2038] [M]: 0x0000000080001FC4 (0x25750513) addi a0, a0, 599
x10 <- 0xFFFFFFFFFFFFFA57
mem[X,0x0000000080001FC8] -> 0x1513
mem[X,0x0000000080001FCA] -> 0x00B5
[2039] [M]: 0x0000000080001FC8 (0x00B51513) slli a0, a0, 11
x10 <- 0xFFFFFFFFFFD2B800
mem[X,0x0000000080001FCC] -> 0x0513
mem[X,0x0000000080001FCE] -> 0x6C35
[2040] [M]: 0x0000000080001FCC (0x6C350513) addi a0, a0, 1731
x10 <- 0xFFFFFFFFFFD2BEC3
mem[X,0x0000000080001FD0] -> 0x1513
mem[X,0x0000000080001FD2] -> 0x00A5
[2041] [M]: 0x0000000080001FD0 (0x00A51513) slli a0, a0, 10
x10 <- 0xFFFFFFFF4AFB0C00
mem[X,0x0000000080001FD4] -> 0x0513
mem[X,0x0000000080001FD6] -> 0x0CD5
[2042] [M]: 0x0000000080001FD4 (0x0CD50513) addi a0, a0, 205
x10 <- 0xFFFFFFFF4AFB0CCD
mem[X,0x0000000080001FD8] -> 0x0593
mem[X,0x0000000080001FDA] -> 0xAAB5
[2043] [M]: 0x0000000080001FD8 (0xAAB50593) addi a1, a0, 2731
x11 <- 0xFFFFFFFF4AFB0778
mem[X,0x0000000080001FDC] -> 0x3C23
mem[X,0x0000000080001FDE] -> 0x00B1
[2044] [M]: 0x0000000080001FDC (0x00B13C23) sd a1, 24(sp)
mem[0x00000000800079E8] <- 0xFFFFFFFF4AFB0778
mem[X,0x0000000080001FE0] -> 0x0537
mem[X,0x0000000080001FE2] -> 0x0000
[2045] [M]: 0x0000000080001FE0 (0x00000537) lui a0, 0
x10 <- 0x0000000000000000
mem[X,0x0000000080001FE4] -> 0x0513
mem[X,0x0000000080001FE6] -> 0xFFF5
[2046] [M]: 0x0000000080001FE4 (0xFFF50513) addi a0, a0, 4095
x10 <- 0xFFFFFFFFFFFFFFFF
mem[X,0x0000000080001FE8] -> 0x1513
mem[X,0x0000000080001FEA] -> 0x00B5
[2047] [M]: 0x0000000080001FE8 (0x00B51513) slli a0, a0, 11
x10 <- 0xFFFFFFFFFFFFF800
mem[X,0x0000000080001FEC] -> 0x0513
mem[X,0x0000000080001FEE] -> 0x2575
[2048] [M]: 0x0000000080001FEC (0x25750513) addi a0, a0, 599
x10 <- 0xFFFFFFFFFFFFFA57
mem[X,0x0000000080001FF0] -> 0x1513
mem[X,0x0000000080001FF2] -> 0x00B5
[2049] [M]: 0x0000000080001FF0 (0x00B51513) slli a0, a0, 11
x10 <- 0xFFFFFFFFFFD2B800
mem[X,0x0000000080001FF4] -> 0x0513
mem[X,0x0000000080001FF6] -> 0x6C35
[2050] [M]: 0x0000000080001FF4 (0x6C350513) addi a0, a0, 1731
x10 <- 0xFFFFFFFFFFD2BEC3
mem[X,0x0000000080001FF8] -> 0x1513
mem[X,0x0000000080001FFA] -> 0x00A5
[2051] [M]: 0x0000000080001FF8 (0x00A51513) slli a0, a0, 10
x10 <- 0xFFFFFFFF4AFB0C00
mem[X,0x0000000080001FFC] -> 0x0513
mem[X,0x0000000080001FFE] -> 0x0CD5
[2052] [M]: 0x0000000080001FFC (0x0CD50513) addi a0, a0, 205
x10 <- 0xFFFFFFFF4AFB0CCD
mem[X,0x0000000080002000] -> 0x0593
mem[X,0x0000000080002002] -> 0x0065
[2053] [M]: 0x0000000080002000 (0x00650593) addi a1, a0, 6
x11 <- 0xFFFFFFFF4AFB0CD3
mem[X,0x0000000080002004] -> 0x3023
mem[X,0x0000000080002006] -> 0x02B1
[2054] [M]: 0x0000000080002004 (0x02B13023) sd a1, 32(sp)
mem[0x00000000800079F0] <- 0xFFFFFFFF4AFB0CD3
mem[X,0x0000000080002008] -> 0x0537
mem[X,0x000000008000200A] -> 0x0000
[2055] [M]: 0x0000000080002008 (0x00000537) lui a0, 0
x10 <- 0x0000000000000000
mem[X,0x000000008000200C] -> 0x0513
mem[X,0x000000008000200E] -> 0xFFF5
[2056] [M]: 0x000000008000200C (0xFFF50513) addi a0, a0, 4095
x10 <- 0xFFFFFFFFFFFFFFFF
mem[X,0x0000000080002010] -> 0x1513
mem[X,0x0000000080002012] -> 0x00B5
[2057] [M]: 0x0000000080002010 (0x00B51513) slli a0, a0, 11
x10 <- 0xFFFFFFFFFFFFF800
mem[X,0x0000000080002014] -> 0x0513
mem[X,0x0000000080002016] -> 0x2575
[2058] [M]: 0x0000000080002014 (0x25750513) addi a0, a0, 599
x10 <- 0xFFFFFFFFFFFFFA57
mem[X,0x0000000080002018] -> 0x1513
mem[X,0x000000008000201A] -> 0x00B5
[2059] [M]: 0x0000000080002018 (0x00B51513) slli a0, a0, 11
x10 <- 0xFFFFFFFFFFD2B800
mem[X,0x000000008000201C] -> 0x0513
mem[X,0x000000008000201E] -> 0x6C35
[2060] [M]: 0x000000008000201C (0x6C350513) addi a0, a0, 1731
x10 <- 0xFFFFFFFFFFD2BEC3
mem[X,0x0000000080002020] -> 0x1513
mem[X,0x0000000080002022] -> 0x00A5
[2061] [M]: 0x0000000080002020 (0x00A51513) slli a0, a0, 10
x10 <- 0xFFFFFFFF4AFB0C00
mem[X,0x0000000080002024] -> 0x0513
mem[X,0x0000000080002026] -> 0x0CD5
[2062] [M]: 0x0000000080002024 (0x0CD50513) addi a0, a0, 205
x10 <- 0xFFFFFFFF4AFB0CCD
mem[X,0x0000000080002028] -> 0x0593
mem[X,0x000000008000202A] -> 0x3345
[2063] [M]: 0x0000000080002028 (0x33450593) addi a1, a0, 820
x11 <- 0xFFFFFFFF4AFB1001
mem[X,0x000000008000202C] -> 0x3423
mem[X,0x000000008000202E] -> 0x02B1
[2064] [M]: 0x000000008000202C (0x02B13423) sd a1, 40(sp)
mem[0x00000000800079F8] <- 0xFFFFFFFF4AFB1001
mem[X,0x0000000080002030] -> 0x0537
mem[X,0x0000000080002032] -> 0x0000
[2065] [M]: 0x0000000080002030 (0x00000537) lui a0, 0
x10 <- 0x0000000000000000
mem[X,0x0000000080002034] -> 0x0513
mem[X,0x0000000080002036] -> 0xFFF5
[2066] [M]: 0x0000000080002034 (0xFFF50513) addi a0, a0, 4095
x10 <- 0xFFFFFFFFFFFFFFFF
mem[X,0x0000000080002038] -> 0x1513
mem[X,0x000000008000203A] -> 0x00B5
[2067] [M]: 0x0000000080002038 (0x00B51513) slli a0, a0, 11
x10 <- 0xFFFFFFFFFFFFF800
mem[X,0x000000008000203C] -> 0x0513
mem[X,0x000000008000203E] -> 0x2575
[2068] [M]: 0x000000008000203C (0x25750513) addi a0, a0, 599
x10 <- 0xFFFFFFFFFFFFFA57
mem[X,0x0000000080002040] -> 0x1513
mem[X,0x0000000080002042] -> 0x00B5
[2069] [M]: 0x0000000080002040 (0x00B51513) slli a0, a0, 11
x10 <- 0xFFFFFFFFFFD2B800
mem[X,0x0000000080002044] -> 0x0513
mem[X,0x0000000080002046] -> 0x6C35
[2070] [M]: 0x0000000080002044 (0x6C350513) addi a0, a0, 1731
x10 <- 0xFFFFFFFFFFD2BEC3
mem[X,0x0000000080002048] -> 0x1513
mem[X,0x000000008000204A] -> 0x00A5
[2071] [M]: 0x0000000080002048 (0x00A51513) slli a0, a0, 10
x10 <- 0xFFFFFFFF4AFB0C00
mem[X,0x000000008000204C] -> 0x0513
mem[X,0x000000008000204E] -> 0x0CD5
[2072] [M]: 0x000000008000204C (0x0CD50513) addi a0, a0, 205
x10 <- 0xFFFFFFFF4AFB0CCD
mem[X,0x0000000080002050] -> 0x0593
mem[X,0x0000000080002052] -> 0x6675
[2073] [M]: 0x0000000080002050 (0x66750593) addi a1, a0, 1639
x11 <- 0xFFFFFFFF4AFB1334
mem[X,0x0000000080002054] -> 0x3823
mem[X,0x0000000080002056] -> 0x02B1
[2074] [M]: 0x0000000080002054 (0x02B13823) sd a1, 48(sp)
mem[0x0000000080007A00] <- 0xFFFFFFFF4AFB1334
mem[X,0x0000000080002058] -> 0x0537
mem[X,0x000000008000205A] -> 0x0000
[2075] [M]: 0x0000000080002058 (0x00000537) lui a0, 0
x10 <- 0x0000000000000000
mem[X,0x000000008000205C] -> 0x0513
mem[X,0x000000008000205E] -> 0xFFF5
[2076] [M]: 0x000000008000205C (0xFFF50513) addi a0, a0, 4095
x10 <- 0xFFFFFFFFFFFFFFFF
mem[X,0x0000000080002060] -> 0x1513
mem[X,0x0000000080002062] -> 0x00B5
[2077] [M]: 0x0000000080002060 (0x00B51513) slli a0, a0, 11
x10 <- 0xFFFFFFFFFFFFF800
mem[X,0x0000000080002064] -> 0x0513
mem[X,0x0000000080002066] -> 0x2575
[2078] [M]: 0x0000000080002064 (0x25750513) addi a0, a0, 599
x10 <- 0xFFFFFFFFFFFFFA57
mem[X,0x0000000080002068] -> 0x1513
mem[X,0x000000008000206A] -> 0x00B5
[2079] [M]: 0x0000000080002068 (0x00B51513) slli a0, a0, 11
x10 <- 0xFFFFFFFFFFD2B800
mem[X,0x000000008000206C] -> 0x0513
mem[X,0x000000008000206E] -> 0x6C35
[2080] [M]: 0x000000008000206C (0x6C350513) addi a0, a0, 1731
x10 <- 0xFFFFFFFFFFD2BEC3
mem[X,0x0000000080002070] -> 0x1513
mem[X,0x0000000080002072] -> 0x00A5
[2081] [M]: 0x0000000080002070 (0x00A51513) slli a0, a0, 10
x10 <- 0xFFFFFFFF4AFB0C00
mem[X,0x0000000080002074] -> 0x0513
mem[X,0x0000000080002076] -> 0x0CD5
[2082] [M]: 0x0000000080002074 (0x0CD50513) addi a0, a0, 205
x10 <- 0xFFFFFFFF4AFB0CCD
mem[X,0x0000000080002078] -> 0x0593
mem[X,0x000000008000207A] -> 0xFD45
[2083] [M]: 0x0000000080002078 (0xFD450593) addi a1, a0, 4052
x11 <- 0xFFFFFFFF4AFB0CA1
mem[X,0x000000008000207C] -> 0x3C23
mem[X,0x000000008000207E] -> 0x02B1
[2084] [M]: 0x000000008000207C (0x02B13C23) sd a1, 56(sp)
mem[0x0000000080007A08] <- 0xFFFFFFFF4AFB0CA1
mem[X,0x0000000080002080] -> 0x0537
mem[X,0x0000000080002082] -> 0x0000
[2085] [M]: 0x0000000080002080 (0x00000537) lui a0, 0
x10 <- 0x0000000000000000
mem[X,0x0000000080002084] -> 0x0513
mem[X,0x0000000080002086] -> 0xFFF5
[2086] [M]: 0x0000000080002084 (0xFFF50513) addi a0, a0, 4095
x10 <- 0xFFFFFFFFFFFFFFFF
mem[X,0x0000000080002088] -> 0x1513
mem[X,0x000000008000208A] -> 0x00B5
[2087] [M]: 0x0000000080002088 (0x00B51513) slli a0, a0, 11
x10 <- 0xFFFFFFFFFFFFF800
mem[X,0x000000008000208C] -> 0x0513
mem[X,0x000000008000208E] -> 0x2575
[2088] [M]: 0x000000008000208C (0x25750513) addi a0, a0, 599
x10 <- 0xFFFFFFFFFFFFFA57
mem[X,0x0000000080002090] -> 0x1513
mem[X,0x0000000080002092] -> 0x00B5
[2089] [M]: 0x0000000080002090 (0x00B51513) slli a0, a0, 11
x10 <- 0xFFFFFFFFFFD2B800
mem[X,0x0000000080002094] -> 0x0513
mem[X,0x0000000080002096] -> 0x6C35
[2090] [M]: 0x0000000080002094 (0x6C350513) addi a0, a0, 1731
x10 <- 0xFFFFFFFFFFD2BEC3
mem[X,0x0000000080002098] -> 0x1513
mem[X,0x000000008000209A] -> 0x00A5
[2091] [M]: 0x0000000080002098 (0x00A51513) slli a0, a0, 10
x10 <- 0xFFFFFFFF4AFB0C00
mem[X,0x000000008000209C] -> 0x0513
mem[X,0x000000008000209E] -> 0x0CD5
[2092] [M]: 0x000000008000209C (0x0CD50513) addi a0, a0, 205
x10 <- 0xFFFFFFFF4AFB0CCD
mem[X,0x00000000800020A0] -> 0x0593
mem[X,0x00000000800020A2] -> 0x02E5
[2093] [M]: 0x00000000800020A0 (0x02E50593) addi a1, a0, 46
x11 <- 0xFFFFFFFF4AFB0CFB
mem[X,0x00000000800020A4] -> 0x3023
mem[X,0x00000000800020A6] -> 0x04B1
[2094] [M]: 0x00000000800020A4 (0x04B13023) sd a1, 64(sp)
mem[0x0000000080007A10] <- 0xFFFFFFFF4AFB0CFB
mem[X,0x00000000800020A8] -> 0x0537
mem[X,0x00000000800020AA] -> 0x0000
[2095] [M]: 0x00000000800020A8 (0x00000537) lui a0, 0
x10 <- 0x0000000000000000
mem[X,0x00000000800020AC] -> 0x0513
mem[X,0x00000000800020AE] -> 0x0005
[2096] [M]: 0x00000000800020AC (0x00050513) addi a0, a0, 0
x10 <- 0x0000000000000000
mem[X,0x00000000800020B0] -> 0x1513
mem[X,0x00000000800020B2] -> 0x00B5
[2097] [M]: 0x00000000800020B0 (0x00B51513) slli a0, a0, 11
x10 <- 0x0000000000000000
mem[X,0x00000000800020B4] -> 0x0513
mem[X,0x00000000800020B6] -> 0x5A85
[2098] [M]: 0x00000000800020B4 (0x5A850513) addi a0, a0, 1448
x10 <- 0x00000000000005A8
mem[X,0x00000000800020B8] -> 0x1513
mem[X,0x00000000800020BA] -> 0x00B5
[2099] [M]: 0x00000000800020B8 (0x00B51513) slli a0, a0, 11
x10 <- 0x00000000002D4000
clint::tick mtime <- 0x0000000000000015
 clint timer pending at mtime 0x0000000000000015
htif::tick 0x0000000000000000
mem[X,0x00000000800020BC] -> 0x0513
mem[X,0x00000000800020BE] -> 0x13C5
[2100] [M]: 0x00000000800020BC (0x13C50513) addi a0, a0, 316
x10 <- 0x00000000002D413C
mem[X,0x00000000800020C0] -> 0x1513
mem[X,0x00000000800020C2] -> 0x00A5
[2101] [M]: 0x00000000800020C0 (0x00A51513) slli a0, a0, 10
x10 <- 0x00000000B504F000
mem[X,0x00000000800020C4] -> 0x0513
mem[X,0x00000000800020C6] -> 0x3335
[2102] [M]: 0x00000000800020C4 (0x33350513) addi a0, a0, 819
x10 <- 0x00000000B504F333
mem[X,0x00000000800020C8] -> 0x0593
mem[X,0x00000000800020CA] -> 0x0035
[2103] [M]: 0x00000000800020C8 (0x00350593) addi a1, a0, 3
x11 <- 0x00000000B504F336
mem[X,0x00000000800020CC] -> 0x3423
mem[X,0x00000000800020CE] -> 0x04B1
[2104] [M]: 0x00000000800020CC (0x04B13423) sd a1, 72(sp)
mem[0x0000000080007A18] <- 0x00000000B504F336
mem[X,0x00000000800020D0] -> 0x0537
mem[X,0x00000000800020D2] -> 0x0000
[2105] [M]: 0x00000000800020D0 (0x00000537) lui a0, 0
x10 <- 0x0000000000000000
mem[X,0x00000000800020D4] -> 0x0513
mem[X,0x00000000800020D6] -> 0x0005
[2106] [M]: 0x00000000800020D4 (0x00050513) addi a0, a0, 0
x10 <- 0x0000000000000000
mem[X,0x00000000800020D8] -> 0x1513
mem[X,0x00000000800020DA] -> 0x00B5
[2107] [M]: 0x00000000800020D8 (0x00B51513) slli a0, a0, 11
x10 <- 0x0000000000000000
mem[X,0x00000000800020DC] -> 0x0513
mem[X,0x00000000800020DE] -> 0x5A85
[2108] [M]: 0x00000000800020DC (0x5A850513) addi a0, a0, 1448
x10 <- 0x00000000000005A8
mem[X,0x00000000800020E0] -> 0x1513
mem[X,0x00000000800020E2] -> 0x00B5
[2109] [M]: 0x00000000800020E0 (0x00B51513) slli a0, a0, 11
x10 <- 0x00000000002D4000
mem[X,0x00000000800020E4] -> 0x0513
mem[X,0x00000000800020E6] -> 0x13C5
[2110] [M]: 0x00000000800020E4 (0x13C50513) addi a0, a0, 316
x10 <- 0x00000000002D413C
mem[X,0x00000000800020E8] -> 0x1513
mem[X,0x00000000800020EA] -> 0x00A5
[2111] [M]: 0x00000000800020E8 (0x00A51513) slli a0, a0, 10
x10 <- 0x00000000B504F000
mem[X,0x00000000800020EC] -> 0x0513
mem[X,0x00000000800020EE] -> 0x3335
[2112] [M]: 0x00000000800020EC (0x33350513) addi a0, a0, 819
x10 <- 0x00000000B504F333
mem[X,0x00000000800020F0] -> 0x0593
mem[X,0x00000000800020F2] -> 0x5555
[2113] [M]: 0x00000000800020F0 (0x55550593) addi a1, a0, 1365
x11 <- 0x00000000B504F888
mem[X,0x00000000800020F4] -> 0x3823
mem[X,0x00000000800020F6] -> 0x04B1
[2114] [M]: 0x00000000800020F4 (0x04B13823) sd a1, 80(sp)
mem[0x0000000080007A20] <- 0x00000000B504F888
mem[X,0x00000000800020F8] -> 0x0537
mem[X,0x00000000800020FA] -> 0x0000
[2115] [M]: 0x00000000800020F8 (0x00000537) lui a0, 0
x10 <- 0x0000000000000000
mem[X,0x00000000800020FC] -> 0x0513
mem[X,0x00000000800020FE] -> 0x0005
[2116] [M]: 0x00000000800020FC (0x00050513) addi a0, a0, 0
x10 <- 0x0000000000000000
mem[X,0x0000000080002100] -> 0x1513
mem[X,0x0000000080002102] -> 0x00B5
[2117] [M]: 0x0000000080002100 (0x00B51513) slli a0, a0, 11
x10 <- 0x0000000000000000
mem[X,0x0000000080002104] -> 0x0513
mem[X,0x0000000080002106] -> 0x5A85
[2118] [M]: 0x0000000080002104 (0x5A850513) addi a0, a0, 1448
x10 <- 0x00000000000005A8
mem[X,0x0000000080002108] -> 0x1513
mem[X,0x000000008000210A] -> 0x00B5
[2119] [M]: 0x0000000080002108 (0x00B51513) slli a0, a0, 11
x10 <- 0x00000000002D4000
mem[X,0x000000008000210C] -> 0x0513
mem[X,0x000000008000210E] -> 0x13C5
[2120] [M]: 0x000000008000210C (0x13C50513) addi a0, a0, 316
x10 <- 0x00000000002D413C
mem[X,0x0000000080002110] -> 0x1513
mem[X,0x0000000080002112] -> 0x00A5
[2121] [M]: 0x0000000080002110 (0x00A51513) slli a0, a0, 10
x10 <- 0x00000000B504F000
mem[X,0x0000000080002114] -> 0x0513
mem[X,0x0000000080002116] -> 0x3335
[2122] [M]: 0x0000000080002114 (0x33350513) addi a0, a0, 819
x10 <- 0x00000000B504F333
mem[X,0x0000000080002118] -> 0x0593
mem[X,0x000000008000211A] -> 0xAAA5
[2123] [M]: 0x0000000080002118 (0xAAA50593) addi a1, a0, 2730
x11 <- 0x00000000B504EDDD
mem[X,0x000000008000211C] -> 0x3C23
mem[X,0x000000008000211E] -> 0x04B1
[2124] [M]: 0x000000008000211C (0x04B13C23) sd a1, 88(sp)
mem[0x0000000080007A28] <- 0x00000000B504EDDD
mem[X,0x0000000080002120] -> 0x0537
mem[X,0x0000000080002122] -> 0x0000
[2125] [M]: 0x0000000080002120 (0x00000537) lui a0, 0
x10 <- 0x0000000000000000
mem[X,0x0000000080002124] -> 0x0513
mem[X,0x0000000080002126] -> 0x0005
[2126] [M]: 0x0000000080002124 (0x00050513) addi a0, a0, 0
x10 <- 0x0000000000000000
mem[X,0x0000000080002128] -> 0x1513
mem[X,0x000000008000212A] -> 0x00B5
[2127] [M]: 0x0000000080002128 (0x00B51513) slli a0, a0, 11
x10 <- 0x0000000000000000
mem[X,0x000000008000212C] -> 0x0513
mem[X,0x000000008000212E] -> 0x5A85
[2128] [M]: 0x000000008000212C (0x5A850513) addi a0, a0, 1448
x10 <- 0x00000000000005A8
mem[X,0x0000000080002130] -> 0x1513
mem[X,0x0000000080002132] -> 0x00B5
[2129] [M]: 0x0000000080002130 (0x00B51513) slli a0, a0, 11
x10 <- 0x00000000002D4000
mem[X,0x0000000080002134] -> 0x0513
mem[X,0x0000000080002136] -> 0x13C5
[2130] [M]: 0x0000000080002134 (0x13C50513) addi a0, a0, 316
x10 <- 0x00000000002D413C
mem[X,0x0000000080002138] -> 0x1513
mem[X,0x000000008000213A] -> 0x00A5
[2131] [M]: 0x0000000080002138 (0x00A51513) slli a0, a0, 10
x10 <- 0x00000000B504F000
mem[X,0x000000008000213C] -> 0x0513
mem[X,0x000000008000213E] -> 0x3335
[2132] [M]: 0x000000008000213C (0x33350513) addi a0, a0, 819
x10 <- 0x00000000B504F333
mem[X,0x0000000080002140] -> 0x0593
mem[X,0x0000000080002142] -> 0x0055
[2133] [M]: 0x0000000080002140 (0x00550593) addi a1, a0, 5
x11 <- 0x00000000B504F338
mem[X,0x0000000080002144] -> 0x3023
mem[X,0x0000000080002146] -> 0x06B1
[2134] [M]: 0x0000000080002144 (0x06B13023) sd a1, 96(sp)
mem[0x0000000080007A30] <- 0x00000000B504F338
mem[X,0x0000000080002148] -> 0x0537
mem[X,0x000000008000214A] -> 0x0000
[2135] [M]: 0x0000000080002148 (0x00000537) lui a0, 0
x10 <- 0x0000000000000000
mem[X,0x000000008000214C] -> 0x0513
mem[X,0x000000008000214E] -> 0x0005
[2136] [M]: 0x000000008000214C (0x00050513) addi a0, a0, 0
x10 <- 0x0000000000000000
mem[X,0x0000000080002150] -> 0x1513
mem[X,0x0000000080002152] -> 0x00B5
[2137] [M]: 0x0000000080002150 (0x00B51513) slli a0, a0, 11
x10 <- 0x0000000000000000
mem[X,0x0000000080002154] -> 0x0513
mem[X,0x0000000080002156] -> 0x5A85
[2138] [M]: 0x0000000080002154 (0x5A850513) addi a0, a0, 1448
x10 <- 0x00000000000005A8
mem[X,0x0000000080002158] -> 0x1513
mem[X,0x000000008000215A] -> 0x00B5
[2139] [M]: 0x0000000080002158 (0x00B51513) slli a0, a0, 11
x10 <- 0x00000000002D4000
mem[X,0x000000008000215C] -> 0x0513
mem[X,0x000000008000215E] -> 0x13C5
[2140] [M]: 0x000000008000215C (0x13C50513) addi a0, a0, 316
x10 <- 0x00000000002D413C
mem[X,0x0000000080002160] -> 0x1513
mem[X,0x0000000080002162] -> 0x00A5
[2141] [M]: 0x0000000080002160 (0x00A51513) slli a0, a0, 10
x10 <- 0x00000000B504F000
mem[X,0x0000000080002164] -> 0x0513
mem[X,0x0000000080002166] -> 0x3335
[2142] [M]: 0x0000000080002164 (0x33350513) addi a0, a0, 819
x10 <- 0x00000000B504F333
mem[X,0x0000000080002168] -> 0x0593
mem[X,0x000000008000216A] -> 0x3335
[2143] [M]: 0x0000000080002168 (0x33350593) addi a1, a0, 819
x11 <- 0x00000000B504F666
mem[X,0x000000008000216C] -> 0x3423
mem[X,0x000000008000216E] -> 0x06B1
[2144] [M]: 0x000000008000216C (0x06B13423) sd a1, 104(sp)
mem[0x0000000080007A38] <- 0x00000000B504F666
mem[X,0x0000000080002170] -> 0x0537
mem[X,0x0000000080002172] -> 0x0000
[2145] [M]: 0x0000000080002170 (0x00000537) lui a0, 0
x10 <- 0x0000000000000000
mem[X,0x0000000080002174] -> 0x0513
mem[X,0x0000000080002176] -> 0x0005
[2146] [M]: 0x0000000080002174 (0x00050513) addi a0, a0, 0
x10 <- 0x0000000000000000
mem[X,0x0000000080002178] -> 0x1513
mem[X,0x000000008000217A] -> 0x00B5
[2147] [M]: 0x0000000080002178 (0x00B51513) slli a0, a0, 11
x10 <- 0x0000000000000000
mem[X,0x000000008000217C] -> 0x0513
mem[X,0x000000008000217E] -> 0x5A85
[2148] [M]: 0x000000008000217C (0x5A850513) addi a0, a0, 1448
x10 <- 0x00000000000005A8
mem[X,0x0000000080002180] -> 0x1513
mem[X,0x0000000080002182] -> 0x00B5
[2149] [M]: 0x0000000080002180 (0x00B51513) slli a0, a0, 11
x10 <- 0x00000000002D4000
mem[X,0x0000000080002184] -> 0x0513
mem[X,0x0000000080002186] -> 0x13C5
[2150] [M]: 0x0000000080002184 (0x13C50513) addi a0, a0, 316
x10 <- 0x00000000002D413C
mem[X,0x0000000080002188] -> 0x1513
mem[X,0x000000008000218A] -> 0x00A5
[2151] [M]: 0x0000000080002188 (0x00A51513) slli a0, a0, 10
x10 <- 0x00000000B504F000
mem[X,0x000000008000218C] -> 0x0513
mem[X,0x000000008000218E] -> 0x3335
[2152] [M]: 0x000000008000218C (0x33350513) addi a0, a0, 819
x10 <- 0x00000000B504F333
mem[X,0x0000000080002190] -> 0x0593
mem[X,0x0000000080002192] -> 0x6665
[2153] [M]: 0x0000000080002190 (0x66650593) addi a1, a0, 1638
x11 <- 0x00000000B504F999
mem[X,0x0000000080002194] -> 0x3823
mem[X,0x0000000080002196] -> 0x06B1
[2154] [M]: 0x0000000080002194 (0x06B13823) sd a1, 112(sp)
mem[0x0000000080007A40] <- 0x00000000B504F999
mem[X,0x0000000080002198] -> 0x0537
mem[X,0x000000008000219A] -> 0x0000
[2155] [M]: 0x0000000080002198 (0x00000537) lui a0, 0
x10 <- 0x0000000000000000
mem[X,0x000000008000219C] -> 0x0513
mem[X,0x000000008000219E] -> 0x0005
[2156] [M]: 0x000000008000219C (0x00050513) addi a0, a0, 0
x10 <- 0x0000000000000000
mem[X,0x00000000800021A0] -> 0x1513
mem[X,0x00000000800021A2] -> 0x00B5
[2157] [M]: 0x00000000800021A0 (0x00B51513) slli a0, a0, 11
x10 <- 0x0000000000000000
mem[X,0x00000000800021A4] -> 0x0513
mem[X,0x00000000800021A6] -> 0x5A85
[2158] [M]: 0x00000000800021A4 (0x5A850513) addi a0, a0, 1448
x10 <- 0x00000000000005A8
mem[X,0x00000000800021A8] -> 0x1513
mem[X,0x00000000800021AA] -> 0x00B5
[2159] [M]: 0x00000000800021A8 (0x00B51513) slli a0, a0, 11
x10 <- 0x00000000002D4000
mem[X,0x00000000800021AC] -> 0x0513
mem[X,0x00000000800021AE] -> 0x13C5
[2160] [M]: 0x00000000800021AC (0x13C50513) addi a0, a0, 316
x10 <- 0x00000000002D413C
mem[X,0x00000000800021B0] -> 0x1513
mem[X,0x00000000800021B2] -> 0x00A5
[2161] [M]: 0x00000000800021B0 (0x00A51513) slli a0, a0, 10
x10 <- 0x00000000B504F000
mem[X,0x00000000800021B4] -> 0x0513
mem[X,0x00000000800021B6] -> 0x3335
[2162] [M]: 0x00000000800021B4 (0x33350513) addi a0, a0, 819
x10 <- 0x00000000B504F333
mem[X,0x00000000800021B8] -> 0x0593
mem[X,0x00000000800021BA] -> 0xFD35
[2163] [M]: 0x00000000800021B8 (0xFD350593) addi a1, a0, 4051
x11 <- 0x00000000B504F306
mem[X,0x00000000800021BC] -> 0x3C23
mem[X,0x00000000800021BE] -> 0x06B1
[2164] [M]: 0x00000000800021BC (0x06B13C23) sd a1, 120(sp)
mem[0x0000000080007A48] <- 0x00000000B504F306
mem[X,0x00000000800021C0] -> 0x0537
mem[X,0x00000000800021C2] -> 0x0000
[2165] [M]: 0x00000000800021C0 (0x00000537) lui a0, 0
x10 <- 0x0000000000000000
mem[X,0x00000000800021C4] -> 0x0513
mem[X,0x00000000800021C6] -> 0x0005
[2166] [M]: 0x00000000800021C4 (0x00050513) addi a0, a0, 0
x10 <- 0x0000000000000000
mem[X,0x00000000800021C8] -> 0x1513
mem[X,0x00000000800021CA] -> 0x00B5
[2167] [M]: 0x00000000800021C8 (0x00B51513) slli a0, a0, 11
x10 <- 0x0000000000000000
mem[X,0x00000000800021CC] -> 0x0513
mem[X,0x00000000800021CE] -> 0x5A85
[2168] [M]: 0x00000000800021CC (0x5A850513) addi a0, a0, 1448
x10 <- 0x00000000000005A8
mem[X,0x00000000800021D0] -> 0x1513
mem[X,0x00000000800021D2] -> 0x00B5
[2169] [M]: 0x00000000800021D0 (0x00B51513) slli a0, a0, 11
x10 <- 0x00000000002D4000
mem[X,0x00000000800021D4] -> 0x0513
mem[X,0x00000000800021D6] -> 0x13C5
[2170] [M]: 0x00000000800021D4 (0x13C50513) addi a0, a0, 316
x10 <- 0x00000000002D413C
mem[X,0x00000000800021D8] -> 0x1513
mem[X,0x00000000800021DA] -> 0x00A5
[2171] [M]: 0x00000000800021D8 (0x00A51513) slli a0, a0, 10
x10 <- 0x00000000B504F000
mem[X,0x00000000800021DC] -> 0x0513
mem[X,0x00000000800021DE] -> 0x3335
[2172] [M]: 0x00000000800021DC (0x33350513) addi a0, a0, 819
x10 <- 0x00000000B504F333
mem[X,0x00000000800021E0] -> 0x0593
mem[X,0x00000000800021E2] -> 0x02D5
[2173] [M]: 0x00000000800021E0 (0x02D50593) addi a1, a0, 45
x11 <- 0x00000000B504F360
mem[X,0x00000000800021E4] -> 0x3023
mem[X,0x00000000800021E6] -> 0x08B1
[2174] [M]: 0x00000000800021E4 (0x08B13023) sd a1, 128(sp)
mem[0x0000000080007A50] <- 0x00000000B504F360
mem[X,0x00000000800021E8] -> 0x0537
mem[X,0x00000000800021EA] -> 0x0000
[2175] [M]: 0x00000000800021E8 (0x00000537) lui a0, 0
x10 <- 0x0000000000000000
mem[X,0x00000000800021EC] -> 0x0513
mem[X,0x00000000800021EE] -> 0x0005
[2176] [M]: 0x00000000800021EC (0x00050513) addi a0, a0, 0
x10 <- 0x0000000000000000
mem[X,0x00000000800021F0] -> 0x1513
mem[X,0x00000000800021F2] -> 0x00B5
[2177] [M]: 0x00000000800021F0 (0x00B51513) slli a0, a0, 11
x10 <- 0x0000000000000000
mem[X,0x00000000800021F4] -> 0x0513
mem[X,0x00000000800021F6] -> 0x5A85
[2178] [M]: 0x00000000800021F4 (0x5A850513) addi a0, a0, 1448
x10 <- 0x00000000000005A8
mem[X,0x00000000800021F8] -> 0x1513
mem[X,0x00000000800021FA] -> 0x00B5
[2179] [M]: 0x00000000800021F8 (0x00B51513) slli a0, a0, 11
x10 <- 0x00000000002D4000
mem[X,0x00000000800021FC] -> 0x0513
mem[X,0x00000000800021FE] -> 0x13C5
[2180] [M]: 0x00000000800021FC (0x13C50513) addi a0, a0, 316
x10 <- 0x00000000002D413C
mem[X,0x0000000080002200] -> 0x1513
mem[X,0x0000000080002202] -> 0x00A5
[2181] [M]: 0x0000000080002200 (0x00A51513) slli a0, a0, 10
x10 <- 0x00000000B504F000
mem[X,0x0000000080002204] -> 0x0513
mem[X,0x0000000080002206] -> 0x3335
[2182] [M]: 0x0000000080002204 (0x33350513) addi a0, a0, 819
x10 <- 0x00000000B504F333
mem[X,0x0000000080002208] -> 0x0593
mem[X,0x000000008000220A] -> 0x0025
[2183] [M]: 0x0000000080002208 (0x00250593) addi a1, a0, 2
x11 <- 0x00000000B504F335
mem[X,0x000000008000220C] -> 0x3423
mem[X,0x000000008000220E] -> 0x08B1
[2184] [M]: 0x000000008000220C (0x08B13423) sd a1, 136(sp)
mem[0x0000000080007A58] <- 0x00000000B504F335
mem[X,0x0000000080002210] -> 0x0537
mem[X,0x0000000080002212] -> 0x0000
[2185] [M]: 0x0000000080002210 (0x00000537) lui a0, 0
x10 <- 0x0000000000000000
mem[X,0x0000000080002214] -> 0x0513
mem[X,0x0000000080002216] -> 0x0005
[2186] [M]: 0x0000000080002214 (0x00050513) addi a0, a0, 0
x10 <- 0x0000000000000000
mem[X,0x0000000080002218] -> 0x1513
mem[X,0x000000008000221A] -> 0x00B5
[2187] [M]: 0x0000000080002218 (0x00B51513) slli a0, a0, 11
x10 <- 0x0000000000000000
mem[X,0x000000008000221C] -> 0x0513
mem[X,0x000000008000221E] -> 0x5A85
[2188] [M]: 0x000000008000221C (0x5A850513) addi a0, a0, 1448
x10 <- 0x00000000000005A8
mem[X,0x0000000080002220] -> 0x1513
mem[X,0x0000000080002222] -> 0x00B5
[2189] [M]: 0x0000000080002220 (0x00B51513) slli a0, a0, 11
x10 <- 0x00000000002D4000
mem[X,0x0000000080002224] -> 0x0513
mem[X,0x0000000080002226] -> 0x13C5
[2190] [M]: 0x0000000080002224 (0x13C50513) addi a0, a0, 316
x10 <- 0x00000000002D413C
mem[X,0x0000000080002228] -> 0x1513
mem[X,0x000000008000222A] -> 0x00A5
[2191] [M]: 0x0000000080002228 (0x00A51513) slli a0, a0, 10
x10 <- 0x00000000B504F000
mem[X,0x000000008000222C] -> 0x0513
mem[X,0x000000008000222E] -> 0x3335
[2192] [M]: 0x000000008000222C (0x33350513) addi a0, a0, 819
x10 <- 0x00000000B504F333
mem[X,0x0000000080002230] -> 0x0593
mem[X,0x0000000080002232] -> 0x5545
[2193] [M]: 0x0000000080002230 (0x55450593) addi a1, a0, 1364
x11 <- 0x00000000B504F887
mem[X,0x0000000080002234] -> 0x3823
mem[X,0x0000000080002236] -> 0x08B1
[2194] [M]: 0x0000000080002234 (0x08B13823) sd a1, 144(sp)
mem[0x0000000080007A60] <- 0x00000000B504F887
mem[X,0x0000000080002238] -> 0x0537
mem[X,0x000000008000223A] -> 0x0000
[2195] [M]: 0x0000000080002238 (0x00000537) lui a0, 0
x10 <- 0x0000000000000000
mem[X,0x000000008000223C] -> 0x0513
mem[X,0x000000008000223E] -> 0x0005
[2196] [M]: 0x000000008000223C (0x00050513) addi a0, a0, 0
x10 <- 0x0000000000000000
mem[X,0x0000000080002240] -> 0x1513
mem[X,0x0000000080002242] -> 0x00B5
[2197] [M]: 0x0000000080002240 (0x00B51513) slli a0, a0, 11
x10 <- 0x0000000000000000
mem[X,0x0000000080002244] -> 0x0513
mem[X,0x0000000080002246] -> 0x5A85
[2198] [M]: 0x0000000080002244 (0x5A850513) addi a0, a0, 1448
x10 <- 0x00000000000005A8
mem[X,0x0000000080002248] -> 0x1513
mem[X,0x000000008000224A] -> 0x00B5
[2199] [M]: 0x0000000080002248 (0x00B51513) slli a0, a0, 11
x10 <- 0x00000000002D4000
clint::tick mtime <- 0x0000000000000016
 clint timer pending at mtime 0x0000000000000016
htif::tick 0x0000000000000000
mem[X,0x000000008000224C] -> 0x0513
mem[X,0x000000008000224E] -> 0x13C5
[2200] [M]: 0x000000008000224C (0x13C50513) addi a0, a0, 316
x10 <- 0x00000000002D413C
mem[X,0x0000000080002250] -> 0x1513
mem[X,0x0000000080002252] -> 0x00A5
[2201] [M]: 0x0000000080002250 (0x00A51513) slli a0, a0, 10
x10 <- 0x00000000B504F000
mem[X,0x0000000080002254] -> 0x0513
mem[X,0x0000000080002256] -> 0x3335
[2202] [M]: 0x0000000080002254 (0x33350513) addi a0, a0, 819
x10 <- 0x00000000B504F333
mem[X,0x0000000080002258] -> 0x0593
mem[X,0x000000008000225A] -> 0x0005
[2203] [M]: 0x0000000080002258 (0x00050593) addi a1, a0, 0
x11 <- 0x00000000B504F333
mem[X,0x000000008000225C] -> 0x3C23
mem[X,0x000000008000225E] -> 0x08B1
[2204] [M]: 0x000000008000225C (0x08B13C23) sd a1, 152(sp)
mem[0x0000000080007A68] <- 0x00000000B504F333
mem[X,0x0000000080002260] -> 0x0537
mem[X,0x0000000080002262] -> 0x0000
[2205] [M]: 0x0000000080002260 (0x00000537) lui a0, 0
x10 <- 0x0000000000000000
mem[X,0x0000000080002264] -> 0x0513
mem[X,0x0000000080002266] -> 0x0005
[2206] [M]: 0x0000000080002264 (0x00050513) addi a0, a0, 0
x10 <- 0x0000000000000000
mem[X,0x0000000080002268] -> 0x1513
mem[X,0x000000008000226A] -> 0x00B5
[2207] [M]: 0x0000000080002268 (0x00B51513) slli a0, a0, 11
x10 <- 0x0000000000000000
mem[X,0x000000008000226C] -> 0x0513
mem[X,0x000000008000226E] -> 0x5A85
[2208] [M]: 0x000000008000226C (0x5A850513) addi a0, a0, 1448
x10 <- 0x00000000000005A8
mem[X,0x0000000080002270] -> 0x1513
mem[X,0x0000000080002272] -> 0x00B5
[2209] [M]: 0x0000000080002270 (0x00B51513) slli a0, a0, 11
x10 <- 0x00000000002D4000
mem[X,0x0000000080002274] -> 0x0513
mem[X,0x0000000080002276] -> 0x13C5
[2210] [M]: 0x0000000080002274 (0x13C50513) addi a0, a0, 316
x10 <- 0x00000000002D413C
mem[X,0x0000000080002278] -> 0x1513
mem[X,0x000000008000227A] -> 0x00A5
[2211] [M]: 0x0000000080002278 (0x00A51513) slli a0, a0, 10
x10 <- 0x00000000B504F000
mem[X,0x000000008000227C] -> 0x0513
mem[X,0x000000008000227E] -> 0x3335
[2212] [M]: 0x000000008000227C (0x33350513) addi a0, a0, 819
x10 <- 0x00000000B504F333
mem[X,0x0000000080002280] -> 0x0593
mem[X,0x0000000080002282] -> 0x0045
[2213] [M]: 0x0000000080002280 (0x00450593) addi a1, a0, 4
x11 <- 0x00000000B504F337
mem[X,0x0000000080002284] -> 0x3023
mem[X,0x0000000080002286] -> 0x0AB1
[2214] [M]: 0x0000000080002284 (0x0AB13023) sd a1, 160(sp)
mem[0x0000000080007A70] <- 0x00000000B504F337
mem[X,0x0000000080002288] -> 0x0537
mem[X,0x000000008000228A] -> 0x0000
[2215] [M]: 0x0000000080002288 (0x00000537) lui a0, 0
x10 <- 0x0000000000000000
mem[X,0x000000008000228C] -> 0x0513
mem[X,0x000000008000228E] -> 0x0005
[2216] [M]: 0x000000008000228C (0x00050513) addi a0, a0, 0
x10 <- 0x0000000000000000
mem[X,0x0000000080002290] -> 0x1513
mem[X,0x0000000080002292] -> 0x00B5
[2217] [M]: 0x0000000080002290 (0x00B51513) slli a0, a0, 11
x10 <- 0x0000000000000000
mem[X,0x0000000080002294] -> 0x0513
mem[X,0x0000000080002296] -> 0x5A85
[2218] [M]: 0x0000000080002294 (0x5A850513) addi a0, a0, 1448
x10 <- 0x00000000000005A8
mem[X,0x0000000080002298] -> 0x1513
mem[X,0x000000008000229A] -> 0x00B5
[2219] [M]: 0x0000000080002298 (0x00B51513) slli a0, a0, 11
x10 <- 0x00000000002D4000
mem[X,0x000000008000229C] -> 0x0513
mem[X,0x000000008000229E] -> 0x13C5
[2220] [M]: 0x000000008000229C (0x13C50513) addi a0, a0, 316
x10 <- 0x00000000002D413C
mem[X,0x00000000800022A0] -> 0x1513
mem[X,0x00000000800022A2] -> 0x00A5
[2221] [M]: 0x00000000800022A0 (0x00A51513) slli a0, a0, 10
x10 <- 0x00000000B504F000
mem[X,0x00000000800022A4] -> 0x0513
mem[X,0x00000000800022A6] -> 0x3335
[2222] [M]: 0x00000000800022A4 (0x33350513) addi a0, a0, 819
x10 <- 0x00000000B504F333
mem[X,0x00000000800022A8] -> 0x0593
mem[X,0x00000000800022AA] -> 0x3325
[2223] [M]: 0x00000000800022A8 (0x33250593) addi a1, a0, 818
x11 <- 0x00000000B504F665
mem[X,0x00000000800022AC] -> 0x3423
mem[X,0x00000000800022AE] -> 0x0AB1
[2224] [M]: 0x00000000800022AC (0x0AB13423) sd a1, 168(sp)
mem[0x0000000080007A78] <- 0x00000000B504F665
mem[X,0x00000000800022B0] -> 0x0537
mem[X,0x00000000800022B2] -> 0x0000
[2225] [M]: 0x00000000800022B0 (0x00000537) lui a0, 0
x10 <- 0x0000000000000000
mem[X,0x00000000800022B4] -> 0x0513
mem[X,0x00000000800022B6] -> 0x0005
[2226] [M]: 0x00000000800022B4 (0x00050513) addi a0, a0, 0
x10 <- 0x0000000000000000
mem[X,0x00000000800022B8] -> 0x1513
mem[X,0x00000000800022BA] -> 0x00B5
[2227] [M]: 0x00000000800022B8 (0x00B51513) slli a0, a0, 11
x10 <- 0x0000000000000000
mem[X,0x00000000800022BC] -> 0x0513
mem[X,0x00000000800022BE] -> 0x5A85
[2228] [M]: 0x00000000800022BC (0x5A850513) addi a0, a0, 1448
x10 <- 0x00000000000005A8
mem[X,0x00000000800022C0] -> 0x1513
mem[X,0x00000000800022C2] -> 0x00B5
[2229] [M]: 0x00000000800022C0 (0x00B51513) slli a0, a0, 11
x10 <- 0x00000000002D4000
mem[X,0x00000000800022C4] -> 0x0513
mem[X,0x00000000800022C6] -> 0x13C5
[2230] [M]: 0x00000000800022C4 (0x13C50513) addi a0, a0, 316
x10 <- 0x00000000002D413C
mem[X,0x00000000800022C8] -> 0x1513
mem[X,0x00000000800022CA] -> 0x00A5
[2231] [M]: 0x00000000800022C8 (0x00A51513) slli a0, a0, 10
x10 <- 0x00000000B504F000
mem[X,0x00000000800022CC] -> 0x0513
mem[X,0x00000000800022CE] -> 0x3335
[2232] [M]: 0x00000000800022CC (0x33350513) addi a0, a0, 819
x10 <- 0x00000000B504F333
mem[X,0x00000000800022D0] -> 0x0593
mem[X,0x00000000800022D2] -> 0x6655
[2233] [M]: 0x00000000800022D0 (0x66550593) addi a1, a0, 1637
x11 <- 0x00000000B504F998
mem[X,0x00000000800022D4] -> 0x3823
mem[X,0x00000000800022D6] -> 0x0AB1
[2234] [M]: 0x00000000800022D4 (0x0AB13823) sd a1, 176(sp)
mem[0x0000000080007A80] <- 0x00000000B504F998
mem[X,0x00000000800022D8] -> 0x0537
mem[X,0x00000000800022DA] -> 0x0000
[2235] [M]: 0x00000000800022D8 (0x00000537) lui a0, 0
x10 <- 0x0000000000000000
mem[X,0x00000000800022DC] -> 0x0513
mem[X,0x00000000800022DE] -> 0x0005
[2236] [M]: 0x00000000800022DC (0x00050513) addi a0, a0, 0
x10 <- 0x0000000000000000
mem[X,0x00000000800022E0] -> 0x1513
mem[X,0x00000000800022E2] -> 0x00B5
[2237] [M]: 0x00000000800022E0 (0x00B51513) slli a0, a0, 11
x10 <- 0x0000000000000000
mem[X,0x00000000800022E4] -> 0x0513
mem[X,0x00000000800022E6] -> 0x5A85
[2238] [M]: 0x00000000800022E4 (0x5A850513) addi a0, a0, 1448
x10 <- 0x00000000000005A8
mem[X,0x00000000800022E8] -> 0x1513
mem[X,0x00000000800022EA] -> 0x00B5
[2239] [M]: 0x00000000800022E8 (0x00B51513) slli a0, a0, 11
x10 <- 0x00000000002D4000
mem[X,0x00000000800022EC] -> 0x0513
mem[X,0x00000000800022EE] -> 0x13C5
[2240] [M]: 0x00000000800022EC (0x13C50513) addi a0, a0, 316
x10 <- 0x00000000002D413C
mem[X,0x00000000800022F0] -> 0x1513
mem[X,0x00000000800022F2] -> 0x00A5
[2241] [M]: 0x00000000800022F0 (0x00A51513) slli a0, a0, 10
x10 <- 0x00000000B504F000
mem[X,0x00000000800022F4] -> 0x0513
mem[X,0x00000000800022F6] -> 0x3335
[2242] [M]: 0x00000000800022F4 (0x33350513) addi a0, a0, 819
x10 <- 0x00000000B504F333
mem[X,0x00000000800022F8] -> 0x0593
mem[X,0x00000000800022FA] -> 0x02C5
[2243] [M]: 0x00000000800022F8 (0x02C50593) addi a1, a0, 44
x11 <- 0x00000000B504F35F
mem[X,0x00000000800022FC] -> 0x3C23
mem[X,0x00000000800022FE] -> 0x0AB1
[2244] [M]: 0x00000000800022FC (0x0AB13C23) sd a1, 184(sp)
mem[0x0000000080007A88] <- 0x00000000B504F35F
mem[X,0x0000000080002300] -> 0x0537
mem[X,0x0000000080002302] -> 0x0000
[2245] [M]: 0x0000000080002300 (0x00000537) lui a0, 0
x10 <- 0x0000000000000000
mem[X,0x0000000080002304] -> 0x0513
mem[X,0x0000000080002306] -> 0x0005
[2246] [M]: 0x0000000080002304 (0x00050513) addi a0, a0, 0
x10 <- 0x0000000000000000
mem[X,0x0000000080002308] -> 0x1513
mem[X,0x000000008000230A] -> 0x00B5
[2247] [M]: 0x0000000080002308 (0x00B51513) slli a0, a0, 11
x10 <- 0x0000000000000000
mem[X,0x000000008000230C] -> 0x0513
mem[X,0x000000008000230E] -> 0x5A85
[2248] [M]: 0x000000008000230C (0x5A850513) addi a0, a0, 1448
x10 <- 0x00000000000005A8
mem[X,0x0000000080002310] -> 0x1513
mem[X,0x0000000080002312] -> 0x00B5
[2249] [M]: 0x0000000080002310 (0x00B51513) slli a0, a0, 11
x10 <- 0x00000000002D4000
mem[X,0x0000000080002314] -> 0x0513
mem[X,0x0000000080002316] -> 0x13C5
[2250] [M]: 0x0000000080002314 (0x13C50513) addi a0, a0, 316
x10 <- 0x00000000002D413C
mem[X,0x0000000080002318] -> 0x1513
mem[X,0x000000008000231A] -> 0x00A5
[2251] [M]: 0x0000000080002318 (0x00A51513) slli a0, a0, 10
x10 <- 0x00000000B504F000
mem[X,0x000000008000231C] -> 0x0513
mem[X,0x000000008000231E] -> 0x3335
[2252] [M]: 0x000000008000231C (0x33350513) addi a0, a0, 819
x10 <- 0x00000000B504F333
mem[X,0x0000000080002320] -> 0x0593
mem[X,0x0000000080002322] -> 0x5565
[2253] [M]: 0x0000000080002320 (0x55650593) addi a1, a0, 1366
x11 <- 0x00000000B504F889
mem[X,0x0000000080002324] -> 0x3023
mem[X,0x0000000080002326] -> 0x0CB1
[2254] [M]: 0x0000000080002324 (0x0CB13023) sd a1, 192(sp)
mem[0x0000000080007A90] <- 0x00000000B504F889
mem[X,0x0000000080002328] -> 0x0537
mem[X,0x000000008000232A] -> 0x0000
[2255] [M]: 0x0000000080002328 (0x00000537) lui a0, 0
x10 <- 0x0000000000000000
mem[X,0x000000008000232C] -> 0x0513
mem[X,0x000000008000232E] -> 0x0005
[2256] [M]: 0x000000008000232C (0x00050513) addi a0, a0, 0
x10 <- 0x0000000000000000
mem[X,0x0000000080002330] -> 0x1513
mem[X,0x0000000080002332] -> 0x00B5
[2257] [M]: 0x0000000080002330 (0x00B51513) slli a0, a0, 11
x10 <- 0x0000000000000000
mem[X,0x0000000080002334] -> 0x0513
mem[X,0x0000000080002336] -> 0x5A85
[2258] [M]: 0x0000000080002334 (0x5A850513) addi a0, a0, 1448
x10 <- 0x00000000000005A8
mem[X,0x0000000080002338] -> 0x1513
mem[X,0x000000008000233A] -> 0x00B5
[2259] [M]: 0x0000000080002338 (0x00B51513) slli a0, a0, 11
x10 <- 0x00000000002D4000
mem[X,0x000000008000233C] -> 0x0513
mem[X,0x000000008000233E] -> 0x13C5
[2260] [M]: 0x000000008000233C (0x13C50513) addi a0, a0, 316
x10 <- 0x00000000002D413C
mem[X,0x0000000080002340] -> 0x1513
mem[X,0x0000000080002342] -> 0x00A5
[2261] [M]: 0x0000000080002340 (0x00A51513) slli a0, a0, 10
x10 <- 0x00000000B504F000
mem[X,0x0000000080002344] -> 0x0513
mem[X,0x0000000080002346] -> 0x3335
[2262] [M]: 0x0000000080002344 (0x33350513) addi a0, a0, 819
x10 <- 0x00000000B504F333
mem[X,0x0000000080002348] -> 0x0593
mem[X,0x000000008000234A] -> 0xAAB5
[2263] [M]: 0x0000000080002348 (0xAAB50593) addi a1, a0, 2731
x11 <- 0x00000000B504EDDE
mem[X,0x000000008000234C] -> 0x3423
mem[X,0x000000008000234E] -> 0x0CB1
[2264] [M]: 0x000000008000234C (0x0CB13423) sd a1, 200(sp)
mem[0x0000000080007A98] <- 0x00000000B504EDDE
mem[X,0x0000000080002350] -> 0x0537
mem[X,0x0000000080002352] -> 0x0000
[2265] [M]: 0x0000000080002350 (0x00000537) lui a0, 0
x10 <- 0x0000000000000000
mem[X,0x0000000080002354] -> 0x0513
mem[X,0x0000000080002356] -> 0x0005
[2266] [M]: 0x0000000080002354 (0x00050513) addi a0, a0, 0
x10 <- 0x0000000000000000
mem[X,0x0000000080002358] -> 0x1513
mem[X,0x000000008000235A] -> 0x00B5
[2267] [M]: 0x0000000080002358 (0x00B51513) slli a0, a0, 11
x10 <- 0x0000000000000000
mem[X,0x000000008000235C] -> 0x0513
mem[X,0x000000008000235E] -> 0x5A85
[2268] [M]: 0x000000008000235C (0x5A850513) addi a0, a0, 1448
x10 <- 0x00000000000005A8
mem[X,0x0000000080002360] -> 0x1513
mem[X,0x0000000080002362] -> 0x00B5
[2269] [M]: 0x0000000080002360 (0x00B51513) slli a0, a0, 11
x10 <- 0x00000000002D4000
mem[X,0x0000000080002364] -> 0x0513
mem[X,0x0000000080002366] -> 0x13C5
[2270] [M]: 0x0000000080002364 (0x13C50513) addi a0, a0, 316
x10 <- 0x00000000002D413C
mem[X,0x0000000080002368] -> 0x1513
mem[X,0x000000008000236A] -> 0x00A5
[2271] [M]: 0x0000000080002368 (0x00A51513) slli a0, a0, 10
x10 <- 0x00000000B504F000
mem[X,0x000000008000236C] -> 0x0513
mem[X,0x000000008000236E] -> 0x3335
[2272] [M]: 0x000000008000236C (0x33350513) addi a0, a0, 819
x10 <- 0x00000000B504F333
mem[X,0x0000000080002370] -> 0x0593
mem[X,0x0000000080002372] -> 0x0065
[2273] [M]: 0x0000000080002370 (0x00650593) addi a1, a0, 6
x11 <- 0x00000000B504F339
mem[X,0x0000000080002374] -> 0x3823
mem[X,0x0000000080002376] -> 0x0CB1
[2274] [M]: 0x0000000080002374 (0x0CB13823) sd a1, 208(sp)
mem[0x0000000080007AA0] <- 0x00000000B504F339
mem[X,0x0000000080002378] -> 0x0537
mem[X,0x000000008000237A] -> 0x0000
[2275] [M]: 0x0000000080002378 (0x00000537) lui a0, 0
x10 <- 0x0000000000000000
mem[X,0x000000008000237C] -> 0x0513
mem[X,0x000000008000237E] -> 0x0005
[2276] [M]: 0x000000008000237C (0x00050513) addi a0, a0, 0
x10 <- 0x0000000000000000
mem[X,0x0000000080002380] -> 0x1513
mem[X,0x0000000080002382] -> 0x00B5
[2277] [M]: 0x0000000080002380 (0x00B51513) slli a0, a0, 11
x10 <- 0x0000000000000000
mem[X,0x0000000080002384] -> 0x0513
mem[X,0x0000000080002386] -> 0x5A85
[2278] [M]: 0x0000000080002384 (0x5A850513) addi a0, a0, 1448
x10 <- 0x00000000000005A8
mem[X,0x0000000080002388] -> 0x1513
mem[X,0x000000008000238A] -> 0x00B5
[2279] [M]: 0x0000000080002388 (0x00B51513) slli a0, a0, 11
x10 <- 0x00000000002D4000
mem[X,0x000000008000238C] -> 0x0513
mem[X,0x000000008000238E] -> 0x13C5
[2280] [M]: 0x000000008000238C (0x13C50513) addi a0, a0, 316
x10 <- 0x00000000002D413C
mem[X,0x0000000080002390] -> 0x1513
mem[X,0x0000000080002392] -> 0x00A5
[2281] [M]: 0x0000000080002390 (0x00A51513) slli a0, a0, 10
x10 <- 0x00000000B504F000
mem[X,0x0000000080002394] -> 0x0513
mem[X,0x0000000080002396] -> 0x3335
[2282] [M]: 0x0000000080002394 (0x33350513) addi a0, a0, 819
x10 <- 0x00000000B504F333
mem[X,0x0000000080002398] -> 0x0593
mem[X,0x000000008000239A] -> 0x3345
[2283] [M]: 0x0000000080002398 (0x33450593) addi a1, a0, 820
x11 <- 0x00000000B504F667
mem[X,0x000000008000239C] -> 0x3C23
mem[X,0x000000008000239E] -> 0x0CB1
[2284] [M]: 0x000000008000239C (0x0CB13C23) sd a1, 216(sp)
mem[0x0000000080007AA8] <- 0x00000000B504F667
mem[X,0x00000000800023A0] -> 0x0537
mem[X,0x00000000800023A2] -> 0x0000
[2285] [M]: 0x00000000800023A0 (0x00000537) lui a0, 0
x10 <- 0x0000000000000000
mem[X,0x00000000800023A4] -> 0x0513
mem[X,0x00000000800023A6] -> 0x0005
[2286] [M]: 0x00000000800023A4 (0x00050513) addi a0, a0, 0
x10 <- 0x0000000000000000
mem[X,0x00000000800023A8] -> 0x1513
mem[X,0x00000000800023AA] -> 0x00B5
[2287] [M]: 0x00000000800023A8 (0x00B51513) slli a0, a0, 11
x10 <- 0x0000000000000000
mem[X,0x00000000800023AC] -> 0x0513
mem[X,0x00000000800023AE] -> 0x5A85
[2288] [M]: 0x00000000800023AC (0x5A850513) addi a0, a0, 1448
x10 <- 0x00000000000005A8
mem[X,0x00000000800023B0] -> 0x1513
mem[X,0x00000000800023B2] -> 0x00B5
[2289] [M]: 0x00000000800023B0 (0x00B51513) slli a0, a0, 11
x10 <- 0x00000000002D4000
mem[X,0x00000000800023B4] -> 0x0513
mem[X,0x00000000800023B6] -> 0x13C5
[2290] [M]: 0x00000000800023B4 (0x13C50513) addi a0, a0, 316
x10 <- 0x00000000002D413C
mem[X,0x00000000800023B8] -> 0x1513
mem[X,0x00000000800023BA] -> 0x00A5
[2291] [M]: 0x00000000800023B8 (0x00A51513) slli a0, a0, 10
x10 <- 0x00000000B504F000
mem[X,0x00000000800023BC] -> 0x0513
mem[X,0x00000000800023BE] -> 0x3335
[2292] [M]: 0x00000000800023BC (0x33350513) addi a0, a0, 819
x10 <- 0x00000000B504F333
mem[X,0x00000000800023C0] -> 0x0593
mem[X,0x00000000800023C2] -> 0x6675
[2293] [M]: 0x00000000800023C0 (0x66750593) addi a1, a0, 1639
x11 <- 0x00000000B504F99A
mem[X,0x00000000800023C4] -> 0x3023
mem[X,0x00000000800023C6] -> 0x0EB1
[2294] [M]: 0x00000000800023C4 (0x0EB13023) sd a1, 224(sp)
mem[0x0000000080007AB0] <- 0x00000000B504F99A
mem[X,0x00000000800023C8] -> 0x0537
mem[X,0x00000000800023CA] -> 0x0000
[2295] [M]: 0x00000000800023C8 (0x00000537) lui a0, 0
x10 <- 0x0000000000000000
mem[X,0x00000000800023CC] -> 0x0513
mem[X,0x00000000800023CE] -> 0x0005
[2296] [M]: 0x00000000800023CC (0x00050513) addi a0, a0, 0
x10 <- 0x0000000000000000
mem[X,0x00000000800023D0] -> 0x1513
mem[X,0x00000000800023D2] -> 0x00B5
[2297] [M]: 0x00000000800023D0 (0x00B51513) slli a0, a0, 11
x10 <- 0x0000000000000000
mem[X,0x00000000800023D4] -> 0x0513
mem[X,0x00000000800023D6] -> 0x5A85
[2298] [M]: 0x00000000800023D4 (0x5A850513) addi a0, a0, 1448
x10 <- 0x00000000000005A8
mem[X,0x00000000800023D8] -> 0x1513
mem[X,0x00000000800023DA] -> 0x00B5
[2299] [M]: 0x00000000800023D8 (0x00B51513) slli a0, a0, 11
x10 <- 0x00000000002D4000
clint::tick mtime <- 0x0000000000000017
 clint timer pending at mtime 0x0000000000000017
htif::tick 0x0000000000000000
mem[X,0x00000000800023DC] -> 0x0513
mem[X,0x00000000800023DE] -> 0x13C5
[2300] [M]: 0x00000000800023DC (0x13C50513) addi a0, a0, 316
x10 <- 0x00000000002D413C
mem[X,0x00000000800023E0] -> 0x1513
mem[X,0x00000000800023E2] -> 0x00A5
[2301] [M]: 0x00000000800023E0 (0x00A51513) slli a0, a0, 10
x10 <- 0x00000000B504F000
mem[X,0x00000000800023E4] -> 0x0513
mem[X,0x00000000800023E6] -> 0x3335
[2302] [M]: 0x00000000800023E4 (0x33350513) addi a0, a0, 819
x10 <- 0x00000000B504F333
mem[X,0x00000000800023E8] -> 0x0593
mem[X,0x00000000800023EA] -> 0xFD45
[2303] [M]: 0x00000000800023E8 (0xFD450593) addi a1, a0, 4052
x11 <- 0x00000000B504F307
mem[X,0x00000000800023EC] -> 0x3423
mem[X,0x00000000800023EE] -> 0x0EB1
[2304] [M]: 0x00000000800023EC (0x0EB13423) sd a1, 232(sp)
mem[0x0000000080007AB8] <- 0x00000000B504F307
mem[X,0x00000000800023F0] -> 0x0537
mem[X,0x00000000800023F2] -> 0x0000
[2305] [M]: 0x00000000800023F0 (0x00000537) lui a0, 0
x10 <- 0x0000000000000000
mem[X,0x00000000800023F4] -> 0x0513
mem[X,0x00000000800023F6] -> 0x0005
[2306] [M]: 0x00000000800023F4 (0x00050513) addi a0, a0, 0
x10 <- 0x0000000000000000
mem[X,0x00000000800023F8] -> 0x1513
mem[X,0x00000000800023FA] -> 0x00B5
[2307] [M]: 0x00000000800023F8 (0x00B51513) slli a0, a0, 11
x10 <- 0x0000000000000000
mem[X,0x00000000800023FC] -> 0x0513
mem[X,0x00000000800023FE] -> 0x5A85
[2308] [M]: 0x00000000800023FC (0x5A850513) addi a0, a0, 1448
x10 <- 0x00000000000005A8
mem[X,0x0000000080002400] -> 0x1513
mem[X,0x0000000080002402] -> 0x00B5
[2309] [M]: 0x0000000080002400 (0x00B51513) slli a0, a0, 11
x10 <- 0x00000000002D4000
mem[X,0x0000000080002404] -> 0x0513
mem[X,0x0000000080002406] -> 0x13C5
[2310] [M]: 0x0000000080002404 (0x13C50513) addi a0, a0, 316
x10 <- 0x00000000002D413C
mem[X,0x0000000080002408] -> 0x1513
mem[X,0x000000008000240A] -> 0x00A5
[2311] [M]: 0x0000000080002408 (0x00A51513) slli a0, a0, 10
x10 <- 0x00000000B504F000
mem[X,0x000000008000240C] -> 0x0513
mem[X,0x000000008000240E] -> 0x3335
[2312] [M]: 0x000000008000240C (0x33350513) addi a0, a0, 819
x10 <- 0x00000000B504F333
mem[X,0x0000000080002410] -> 0x0593
mem[X,0x0000000080002412] -> 0x02E5
[2313] [M]: 0x0000000080002410 (0x02E50593) addi a1, a0, 46
x11 <- 0x00000000B504F361
mem[X,0x0000000080002414] -> 0x3823
mem[X,0x0000000080002416] -> 0x0EB1
[2314] [M]: 0x0000000080002414 (0x0EB13823) sd a1, 240(sp)
mem[0x0000000080007AC0] <- 0x00000000B504F361
mem[X,0x0000000080002418] -> 0x0513
mem[X,0x000000008000241A] -> 0x0020
[2315] [M]: 0x0000000080002418 (0x00200513) addi a0, zero, 2
x10 <- 0x0000000000000002
mem[X,0x000000008000241C] -> 0x0593
mem[X,0x000000008000241E] -> 0x0035
[2316] [M]: 0x000000008000241C (0x00350593) addi a1, a0, 3
x11 <- 0x0000000000000005
mem[X,0x0000000080002420] -> 0x3C23
mem[X,0x0000000080002422] -> 0x0EB1
[2317] [M]: 0x0000000080002420 (0x0EB13C23) sd a1, 248(sp)
mem[0x0000000080007AC8] <- 0x0000000000000005
mem[X,0x0000000080002424] -> 0x0513
mem[X,0x0000000080002426] -> 0x0020
[2318] [M]: 0x0000000080002424 (0x00200513) addi a0, zero, 2
x10 <- 0x0000000000000002
mem[X,0x0000000080002428] -> 0x0593
mem[X,0x000000008000242A] -> 0x5555
[2319] [M]: 0x0000000080002428 (0x55550593) addi a1, a0, 1365
x11 <- 0x0000000000000557
mem[X,0x000000008000242C] -> 0x3023
mem[X,0x000000008000242E] -> 0x10B1
[2320] [M]: 0x000000008000242C (0x10B13023) sd a1, 256(sp)
mem[0x0000000080007AD0] <- 0x0000000000000557
mem[X,0x0000000080002430] -> 0x0513
mem[X,0x0000000080002432] -> 0x0020
[2321] [M]: 0x0000000080002430 (0x00200513) addi a0, zero, 2
x10 <- 0x0000000000000002
mem[X,0x0000000080002434] -> 0x0593
mem[X,0x0000000080002436] -> 0xAAA5
[2322] [M]: 0x0000000080002434 (0xAAA50593) addi a1, a0, 2730
x11 <- 0xFFFFFFFFFFFFFAAC
mem[X,0x0000000080002438] -> 0x3423
mem[X,0x000000008000243A] -> 0x10B1
[2323] [M]: 0x0000000080002438 (0x10B13423) sd a1, 264(sp)
mem[0x0000000080007AD8] <- 0xFFFFFFFFFFFFFAAC
mem[X,0x000000008000243C] -> 0x0513
mem[X,0x000000008000243E] -> 0x0020
[2324] [M]: 0x000000008000243C (0x00200513) addi a0, zero, 2
x10 <- 0x0000000000000002
mem[X,0x0000000080002440] -> 0x0593
mem[X,0x0000000080002442] -> 0x0055
[2325] [M]: 0x0000000080002440 (0x00550593) addi a1, a0, 5
x11 <- 0x0000000000000007
mem[X,0x0000000080002444] -> 0x3823
mem[X,0x0000000080002446] -> 0x10B1
[2326] [M]: 0x0000000080002444 (0x10B13823) sd a1, 272(sp)
mem[0x0000000080007AE0] <- 0x0000000000000007
mem[X,0x0000000080002448] -> 0x0513
mem[X,0x000000008000244A] -> 0x0020
[2327] [M]: 0x0000000080002448 (0x00200513) addi a0, zero, 2
x10 <- 0x0000000000000002
mem[X,0x000000008000244C] -> 0x0593
mem[X,0x000000008000244E] -> 0x3335
[2328] [M]: 0x000000008000244C (0x33350593) addi a1, a0, 819
x11 <- 0x0000000000000335
mem[X,0x0000000080002450] -> 0x3C23
mem[X,0x0000000080002452] -> 0x10B1
[2329] [M]: 0x0000000080002450 (0x10B13C23) sd a1, 280(sp)
mem[0x0000000080007AE8] <- 0x0000000000000335
mem[X,0x0000000080002454] -> 0x0513
mem[X,0x0000000080002456] -> 0x0020
[2330] [M]: 0x0000000080002454 (0x00200513) addi a0, zero, 2
x10 <- 0x0000000000000002
mem[X,0x0000000080002458] -> 0x0593
mem[X,0x000000008000245A] -> 0x6665
[2331] [M]: 0x0000000080002458 (0x66650593) addi a1, a0, 1638
x11 <- 0x0000000000000668
mem[X,0x000000008000245C] -> 0x3023
mem[X,0x000000008000245E] -> 0x12B1
[2332] [M]: 0x000000008000245C (0x12B13023) sd a1, 288(sp)
mem[0x0000000080007AF0] <- 0x0000000000000668
mem[X,0x0000000080002460] -> 0x0513
mem[X,0x0000000080002462] -> 0x0020
[2333] [M]: 0x0000000080002460 (0x00200513) addi a0, zero, 2
x10 <- 0x0000000000000002
mem[X,0x0000000080002464] -> 0x0593
mem[X,0x0000000080002466] -> 0xFD35
[2334] [M]: 0x0000000080002464 (0xFD350593) addi a1, a0, 4051
x11 <- 0xFFFFFFFFFFFFFFD5
mem[X,0x0000000080002468] -> 0x3423
mem[X,0x000000008000246A] -> 0x12B1
[2335] [M]: 0x0000000080002468 (0x12B13423) sd a1, 296(sp)
mem[0x0000000080007AF8] <- 0xFFFFFFFFFFFFFFD5
mem[X,0x000000008000246C] -> 0x0513
mem[X,0x000000008000246E] -> 0x0020
[2336] [M]: 0x000000008000246C (0x00200513) addi a0, zero, 2
x10 <- 0x0000000000000002
mem[X,0x0000000080002470] -> 0x0593
mem[X,0x0000000080002472] -> 0x02D5
[2337] [M]: 0x0000000080002470 (0x02D50593) addi a1, a0, 45
x11 <- 0x000000000000002F
mem[X,0x0000000080002474] -> 0x3823
mem[X,0x0000000080002476] -> 0x12B1
[2338] [M]: 0x0000000080002474 (0x12B13823) sd a1, 304(sp)
mem[0x0000000080007B00] <- 0x000000000000002F
mem[X,0x0000000080002478] -> 0x0513
mem[X,0x000000008000247A] -> 0x0020
[2339] [M]: 0x0000000080002478 (0x00200513) addi a0, zero, 2
x10 <- 0x0000000000000002
mem[X,0x000000008000247C] -> 0x0593
mem[X,0x000000008000247E] -> 0x0025
[2340] [M]: 0x000000008000247C (0x00250593) addi a1, a0, 2
x11 <- 0x0000000000000004
mem[X,0x0000000080002480] -> 0x3C23
mem[X,0x0000000080002482] -> 0x12B1
[2341] [M]: 0x0000000080002480 (0x12B13C23) sd a1, 312(sp)
mem[0x0000000080007B08] <- 0x0000000000000004
mem[X,0x0000000080002484] -> 0x0513
mem[X,0x0000000080002486] -> 0x0020
[2342] [M]: 0x0000000080002484 (0x00200513) addi a0, zero, 2
x10 <- 0x0000000000000002
mem[X,0x0000000080002488] -> 0x0593
mem[X,0x000000008000248A] -> 0x5545
[2343] [M]: 0x0000000080002488 (0x55450593) addi a1, a0, 1364
x11 <- 0x0000000000000556
mem[X,0x000000008000248C] -> 0x3023
mem[X,0x000000008000248E] -> 0x14B1
[2344] [M]: 0x000000008000248C (0x14B13023) sd a1, 320(sp)
mem[0x0000000080007B10] <- 0x0000000000000556
mem[X,0x0000000080002490] -> 0x0513
mem[X,0x0000000080002492] -> 0x0020
[2345] [M]: 0x0000000080002490 (0x00200513) addi a0, zero, 2
x10 <- 0x0000000000000002
mem[X,0x0000000080002494] -> 0x0593
mem[X,0x0000000080002496] -> 0x0005
[2346] [M]: 0x0000000080002494 (0x00050593) addi a1, a0, 0
x11 <- 0x0000000000000002
mem[X,0x0000000080002498] -> 0x3423
mem[X,0x000000008000249A] -> 0x14B1
[2347] [M]: 0x0000000080002498 (0x14B13423) sd a1, 328(sp)
mem[0x0000000080007B18] <- 0x0000000000000002
mem[X,0x000000008000249C] -> 0x0513
mem[X,0x000000008000249E] -> 0x0020
[2348] [M]: 0x000000008000249C (0x00200513) addi a0, zero, 2
x10 <- 0x0000000000000002
mem[X,0x00000000800024A0] -> 0x0593
mem[X,0x00000000800024A2] -> 0x0045
[2349] [M]: 0x00000000800024A0 (0x00450593) addi a1, a0, 4
x11 <- 0x0000000000000006
mem[X,0x00000000800024A4] -> 0x3823
mem[X,0x00000000800024A6] -> 0x14B1
[2350] [M]: 0x00000000800024A4 (0x14B13823) sd a1, 336(sp)
mem[0x0000000080007B20] <- 0x0000000000000006
mem[X,0x00000000800024A8] -> 0x0513
mem[X,0x00000000800024AA] -> 0x0020
[2351] [M]: 0x00000000800024A8 (0x00200513) addi a0, zero, 2
x10 <- 0x0000000000000002
mem[X,0x00000000800024AC] -> 0x0593
mem[X,0x00000000800024AE] -> 0x3325
[2352] [M]: 0x00000000800024AC (0x33250593) addi a1, a0, 818
x11 <- 0x0000000000000334
mem[X,0x00000000800024B0] -> 0x3C23
mem[X,0x00000000800024B2] -> 0x14B1
[2353] [M]: 0x00000000800024B0 (0x14B13C23) sd a1, 344(sp)
mem[0x0000000080007B28] <- 0x0000000000000334
mem[X,0x00000000800024B4] -> 0x0513
mem[X,0x00000000800024B6] -> 0x0020
[2354] [M]: 0x00000000800024B4 (0x00200513) addi a0, zero, 2
x10 <- 0x0000000000000002
mem[X,0x00000000800024B8] -> 0x0593
mem[X,0x00000000800024BA] -> 0x6655
[2355] [M]: 0x00000000800024B8 (0x66550593) addi a1, a0, 1637
x11 <- 0x0000000000000667
mem[X,0x00000000800024BC] -> 0x3023
mem[X,0x00000000800024BE] -> 0x16B1
[2356] [M]: 0x00000000800024BC (0x16B13023) sd a1, 352(sp)
mem[0x0000000080007B30] <- 0x0000000000000667
mem[X,0x00000000800024C0] -> 0x0513
mem[X,0x00000000800024C2] -> 0x0020
[2357] [M]: 0x00000000800024C0 (0x00200513) addi a0, zero, 2
x10 <- 0x0000000000000002
mem[X,0x00000000800024C4] -> 0x0593
mem[X,0x00000000800024C6] -> 0x02C5
[2358] [M]: 0x00000000800024C4 (0x02C50593) addi a1, a0, 44
x11 <- 0x000000000000002E
mem[X,0x00000000800024C8] -> 0x3423
mem[X,0x00000000800024CA] -> 0x16B1
[2359] [M]: 0x00000000800024C8 (0x16B13423) sd a1, 360(sp)
mem[0x0000000080007B38] <- 0x000000000000002E
mem[X,0x00000000800024CC] -> 0x0513
mem[X,0x00000000800024CE] -> 0x0020
[2360] [M]: 0x00000000800024CC (0x00200513) addi a0, zero, 2
x10 <- 0x0000000000000002
mem[X,0x00000000800024D0] -> 0x0593
mem[X,0x00000000800024D2] -> 0x5565
[2361] [M]: 0x00000000800024D0 (0x55650593) addi a1, a0, 1366
x11 <- 0x0000000000000558
mem[X,0x00000000800024D4] -> 0x3823
mem[X,0x00000000800024D6] -> 0x16B1
[2362] [M]: 0x00000000800024D4 (0x16B13823) sd a1, 368(sp)
mem[0x0000000080007B40] <- 0x0000000000000558
mem[X,0x00000000800024D8] -> 0x0513
mem[X,0x00000000800024DA] -> 0x0020
[2363] [M]: 0x00000000800024D8 (0x00200513) addi a0, zero, 2
x10 <- 0x0000000000000002
mem[X,0x00000000800024DC] -> 0x0593
mem[X,0x00000000800024DE] -> 0xAAB5
[2364] [M]: 0x00000000800024DC (0xAAB50593) addi a1, a0, 2731
x11 <- 0xFFFFFFFFFFFFFAAD
mem[X,0x00000000800024E0] -> 0x3C23
mem[X,0x00000000800024E2] -> 0x16B1
[2365] [M]: 0x00000000800024E0 (0x16B13C23) sd a1, 376(sp)
mem[0x0000000080007B48] <- 0xFFFFFFFFFFFFFAAD
mem[X,0x00000000800024E4] -> 0x0513
mem[X,0x00000000800024E6] -> 0x0020
[2366] [M]: 0x00000000800024E4 (0x00200513) addi a0, zero, 2
x10 <- 0x0000000000000002
mem[X,0x00000000800024E8] -> 0x0593
mem[X,0x00000000800024EA] -> 0x0065
[2367] [M]: 0x00000000800024E8 (0x00650593) addi a1, a0, 6
x11 <- 0x0000000000000008
mem[X,0x00000000800024EC] -> 0x3023
mem[X,0x00000000800024EE] -> 0x18B1
[2368] [M]: 0x00000000800024EC (0x18B13023) sd a1, 384(sp)
mem[0x0000000080007B50] <- 0x0000000000000008
mem[X,0x00000000800024F0] -> 0x0513
mem[X,0x00000000800024F2] -> 0x0020
[2369] [M]: 0x00000000800024F0 (0x00200513) addi a0, zero, 2
x10 <- 0x0000000000000002
mem[X,0x00000000800024F4] -> 0x0593
mem[X,0x00000000800024F6] -> 0x3345
[2370] [M]: 0x00000000800024F4 (0x33450593) addi a1, a0, 820
x11 <- 0x0000000000000336
mem[X,0x00000000800024F8] -> 0x3423
mem[X,0x00000000800024FA] -> 0x18B1
[2371] [M]: 0x00000000800024F8 (0x18B13423) sd a1, 392(sp)
mem[0x0000000080007B58] <- 0x0000000000000336
mem[X,0x00000000800024FC] -> 0x0513
mem[X,0x00000000800024FE] -> 0x0020
[2372] [M]: 0x00000000800024FC (0x00200513) addi a0, zero, 2
x10 <- 0x0000000000000002
mem[X,0x0000000080002500] -> 0x0593
mem[X,0x0000000080002502] -> 0x6675
[2373] [M]: 0x0000000080002500 (0x66750593) addi a1, a0, 1639
x11 <- 0x0000000000000669
mem[X,0x0000000080002504] -> 0x3823
mem[X,0x0000000080002506] -> 0x18B1
[2374] [M]: 0x0000000080002504 (0x18B13823) sd a1, 400(sp)
mem[0x0000000080007B60] <- 0x0000000000000669
mem[X,0x0000000080002508] -> 0x0513
mem[X,0x000000008000250A] -> 0x0020
[2375] [M]: 0x0000000080002508 (0x00200513) addi a0, zero, 2
x10 <- 0x0000000000000002
mem[X,0x000000008000250C] -> 0x0593
mem[X,0x000000008000250E] -> 0xFD45
[2376] [M]: 0x000000008000250C (0xFD450593) addi a1, a0, 4052
x11 <- 0xFFFFFFFFFFFFFFD6
mem[X,0x0000000080002510] -> 0x3C23
mem[X,0x0000000080002512] -> 0x18B1
[2377] [M]: 0x0000000080002510 (0x18B13C23) sd a1, 408(sp)
mem[0x0000000080007B68] <- 0xFFFFFFFFFFFFFFD6
mem[X,0x0000000080002514] -> 0x0513
mem[X,0x0000000080002516] -> 0x0020
[2378] [M]: 0x0000000080002514 (0x00200513) addi a0, zero, 2
x10 <- 0x0000000000000002
mem[X,0x0000000080002518] -> 0x0593
mem[X,0x000000008000251A] -> 0x02E5
[2379] [M]: 0x0000000080002518 (0x02E50593) addi a1, a0, 46
x11 <- 0x0000000000000030
mem[X,0x000000008000251C] -> 0x3023
mem[X,0x000000008000251E] -> 0x1AB1
[2380] [M]: 0x000000008000251C (0x1AB13023) sd a1, 416(sp)
mem[0x0000000080007B70] <- 0x0000000000000030
mem[X,0x0000000080002520] -> 0x5537
mem[X,0x0000000080002522] -> 0x5555
[2381] [M]: 0x0000000080002520 (0x55555537) lui a0, 349525
x10 <- 0x0000000055555000
mem[X,0x0000000080002524] -> 0x0513
mem[X,0x0000000080002526] -> 0x5555
[2382] [M]: 0x0000000080002524 (0x55550513) addi a0, a0, 1365
x10 <- 0x0000000055555555
mem[X,0x0000000080002528] -> 0x1513
mem[X,0x000000008000252A] -> 0x00B5
[2383] [M]: 0x0000000080002528 (0x00B51513) slli a0, a0, 11
x10 <- 0x000002AAAAAAA800
mem[X,0x000000008000252C] -> 0x0513
mem[X,0x000000008000252E] -> 0x2AA5
[2384] [M]: 0x000000008000252C (0x2AA50513) addi a0, a0, 682
x10 <- 0x000002AAAAAAAAAA
mem[X,0x0000000080002530] -> 0x1513
mem[X,0x0000000080002532] -> 0x00B5
[2385] [M]: 0x0000000080002530 (0x00B51513) slli a0, a0, 11
x10 <- 0x0015555555555000
mem[X,0x0000000080002534] -> 0x0513
mem[X,0x0000000080002536] -> 0x5555
[2386] [M]: 0x0000000080002534 (0x55550513) addi a0, a0, 1365
x10 <- 0x0015555555555555
mem[X,0x0000000080002538] -> 0x1513
mem[X,0x000000008000253A] -> 0x00A5
[2387] [M]: 0x0000000080002538 (0x00A51513) slli a0, a0, 10
x10 <- 0x5555555555555400
mem[X,0x000000008000253C] -> 0x0513
mem[X,0x000000008000253E] -> 0x1545
[2388] [M]: 0x000000008000253C (0x15450513) addi a0, a0, 340
x10 <- 0x5555555555555554
mem[X,0x0000000080002540] -> 0x0593
mem[X,0x0000000080002542] -> 0x0035
[2389] [M]: 0x0000000080002540 (0x00350593) addi a1, a0, 3
x11 <- 0x5555555555555557
mem[X,0x0000000080002544] -> 0x3423
mem[X,0x0000000080002546] -> 0x1AB1
[2390] [M]: 0x0000000080002544 (0x1AB13423) sd a1, 424(sp)
mem[0x0000000080007B78] <- 0x5555555555555557
mem[X,0x0000000080002548] -> 0x5537
mem[X,0x000000008000254A] -> 0x5555
[2391] [M]: 0x0000000080002548 (0x55555537) lui a0, 349525
x10 <- 0x0000000055555000
mem[X,0x000000008000254C] -> 0x0513
mem[X,0x000000008000254E] -> 0x5555
[2392] [M]: 0x000000008000254C (0x55550513) addi a0, a0, 1365
x10 <- 0x0000000055555555
mem[X,0x0000000080002550] -> 0x1513
mem[X,0x0000000080002552] -> 0x00B5
[2393] [M]: 0x0000000080002550 (0x00B51513) slli a0, a0, 11
x10 <- 0x000002AAAAAAA800
mem[X,0x0000000080002554] -> 0x0513
mem[X,0x0000000080002556] -> 0x2AA5
[2394] [M]: 0x0000000080002554 (0x2AA50513) addi a0, a0, 682
x10 <- 0x000002AAAAAAAAAA
mem[X,0x0000000080002558] -> 0x1513
mem[X,0x000000008000255A] -> 0x00B5
[2395] [M]: 0x0000000080002558 (0x00B51513) slli a0, a0, 11
x10 <- 0x0015555555555000
mem[X,0x000000008000255C] -> 0x0513
mem[X,0x000000008000255E] -> 0x5555
[2396] [M]: 0x000000008000255C (0x55550513) addi a0, a0, 1365
x10 <- 0x0015555555555555
mem[X,0x0000000080002560] -> 0x1513
mem[X,0x0000000080002562] -> 0x00A5
[2397] [M]: 0x0000000080002560 (0x00A51513) slli a0, a0, 10
x10 <- 0x5555555555555400
mem[X,0x0000000080002564] -> 0x0513
mem[X,0x0000000080002566] -> 0x1545
[2398] [M]: 0x0000000080002564 (0x15450513) addi a0, a0, 340
x10 <- 0x5555555555555554
mem[X,0x0000000080002568] -> 0x0593
mem[X,0x000000008000256A] -> 0x5555
[2399] [M]: 0x0000000080002568 (0x55550593) addi a1, a0, 1365
x11 <- 0x5555555555555AA9
clint::tick mtime <- 0x0000000000000018
 clint timer pending at mtime 0x0000000000000018
htif::tick 0x0000000000000000
mem[X,0x000000008000256C] -> 0x3823
mem[X,0x000000008000256E] -> 0x1AB1
[2400] [M]: 0x000000008000256C (0x1AB13823) sd a1, 432(sp)
mem[0x0000000080007B80] <- 0x5555555555555AA9
mem[X,0x0000000080002570] -> 0x5537
mem[X,0x0000000080002572] -> 0x5555
[2401] [M]: 0x0000000080002570 (0x55555537) lui a0, 349525
x10 <- 0x0000000055555000
mem[X,0x0000000080002574] -> 0x0513
mem[X,0x0000000080002576] -> 0x5555
[2402] [M]: 0x0000000080002574 (0x55550513) addi a0, a0, 1365
x10 <- 0x0000000055555555
mem[X,0x0000000080002578] -> 0x1513
mem[X,0x000000008000257A] -> 0x00B5
[2403] [M]: 0x0000000080002578 (0x00B51513) slli a0, a0, 11
x10 <- 0x000002AAAAAAA800
mem[X,0x000000008000257C] -> 0x0513
mem[X,0x000000008000257E] -> 0x2AA5
[2404] [M]: 0x000000008000257C (0x2AA50513) addi a0, a0, 682
x10 <- 0x000002AAAAAAAAAA
mem[X,0x0000000080002580] -> 0x1513
mem[X,0x0000000080002582] -> 0x00B5
[2405] [M]: 0x0000000080002580 (0x00B51513) slli a0, a0, 11
x10 <- 0x0015555555555000
mem[X,0x0000000080002584] -> 0x0513
mem[X,0x0000000080002586] -> 0x5555
[2406] [M]: 0x0000000080002584 (0x55550513) addi a0, a0, 1365
x10 <- 0x0015555555555555
mem[X,0x0000000080002588] -> 0x1513
mem[X,0x000000008000258A] -> 0x00A5
[2407] [M]: 0x0000000080002588 (0x00A51513) slli a0, a0, 10
x10 <- 0x5555555555555400
mem[X,0x000000008000258C] -> 0x0513
mem[X,0x000000008000258E] -> 0x1545
[2408] [M]: 0x000000008000258C (0x15450513) addi a0, a0, 340
x10 <- 0x5555555555555554
mem[X,0x0000000080002590] -> 0x0593
mem[X,0x0000000080002592] -> 0xAAA5
[2409] [M]: 0x0000000080002590 (0xAAA50593) addi a1, a0, 2730
x11 <- 0x5555555555554FFE
mem[X,0x0000000080002594] -> 0x3C23
mem[X,0x0000000080002596] -> 0x1AB1
[2410] [M]: 0x0000000080002594 (0x1AB13C23) sd a1, 440(sp)
mem[0x0000000080007B88] <- 0x5555555555554FFE
mem[X,0x0000000080002598] -> 0x5537
mem[X,0x000000008000259A] -> 0x5555
[2411] [M]: 0x0000000080002598 (0x55555537) lui a0, 349525
x10 <- 0x0000000055555000
mem[X,0x000000008000259C] -> 0x0513
mem[X,0x000000008000259E] -> 0x5555
[2412] [M]: 0x000000008000259C (0x55550513) addi a0, a0, 1365
x10 <- 0x0000000055555555
mem[X,0x00000000800025A0] -> 0x1513
mem[X,0x00000000800025A2] -> 0x00B5
[2413] [M]: 0x00000000800025A0 (0x00B51513) slli a0, a0, 11
x10 <- 0x000002AAAAAAA800
mem[X,0x00000000800025A4] -> 0x0513
mem[X,0x00000000800025A6] -> 0x2AA5
[2414] [M]: 0x00000000800025A4 (0x2AA50513) addi a0, a0, 682
x10 <- 0x000002AAAAAAAAAA
mem[X,0x00000000800025A8] -> 0x1513
mem[X,0x00000000800025AA] -> 0x00B5
[2415] [M]: 0x00000000800025A8 (0x00B51513) slli a0, a0, 11
x10 <- 0x0015555555555000
mem[X,0x00000000800025AC] -> 0x0513
mem[X,0x00000000800025AE] -> 0x5555
[2416] [M]: 0x00000000800025AC (0x55550513) addi a0, a0, 1365
x10 <- 0x0015555555555555
mem[X,0x00000000800025B0] -> 0x1513
mem[X,0x00000000800025B2] -> 0x00A5
[2417] [M]: 0x00000000800025B0 (0x00A51513) slli a0, a0, 10
x10 <- 0x5555555555555400
mem[X,0x00000000800025B4] -> 0x0513
mem[X,0x00000000800025B6] -> 0x1545
[2418] [M]: 0x00000000800025B4 (0x15450513) addi a0, a0, 340
x10 <- 0x5555555555555554
mem[X,0x00000000800025B8] -> 0x0593
mem[X,0x00000000800025BA] -> 0x0055
[2419] [M]: 0x00000000800025B8 (0x00550593) addi a1, a0, 5
x11 <- 0x5555555555555559
mem[X,0x00000000800025BC] -> 0x3023
mem[X,0x00000000800025BE] -> 0x1CB1
[2420] [M]: 0x00000000800025BC (0x1CB13023) sd a1, 448(sp)
mem[0x0000000080007B90] <- 0x5555555555555559
mem[X,0x00000000800025C0] -> 0x5537
mem[X,0x00000000800025C2] -> 0x5555
[2421] [M]: 0x00000000800025C0 (0x55555537) lui a0, 349525
x10 <- 0x0000000055555000
mem[X,0x00000000800025C4] -> 0x0513
mem[X,0x00000000800025C6] -> 0x5555
[2422] [M]: 0x00000000800025C4 (0x55550513) addi a0, a0, 1365
x10 <- 0x0000000055555555
mem[X,0x00000000800025C8] -> 0x1513
mem[X,0x00000000800025CA] -> 0x00B5
[2423] [M]: 0x00000000800025C8 (0x00B51513) slli a0, a0, 11
x10 <- 0x000002AAAAAAA800
mem[X,0x00000000800025CC] -> 0x0513
mem[X,0x00000000800025CE] -> 0x2AA5
[2424] [M]: 0x00000000800025CC (0x2AA50513) addi a0, a0, 682
x10 <- 0x000002AAAAAAAAAA
mem[X,0x00000000800025D0] -> 0x1513
mem[X,0x00000000800025D2] -> 0x00B5
[2425] [M]: 0x00000000800025D0 (0x00B51513) slli a0, a0, 11
x10 <- 0x0015555555555000
mem[X,0x00000000800025D4] -> 0x0513
mem[X,0x00000000800025D6] -> 0x5555
[2426] [M]: 0x00000000800025D4 (0x55550513) addi a0, a0, 1365
x10 <- 0x0015555555555555
mem[X,0x00000000800025D8] -> 0x1513
mem[X,0x00000000800025DA] -> 0x00A5
[2427] [M]: 0x00000000800025D8 (0x00A51513) slli a0, a0, 10
x10 <- 0x5555555555555400
mem[X,0x00000000800025DC] -> 0x0513
mem[X,0x00000000800025DE] -> 0x1545
[2428] [M]: 0x00000000800025DC (0x15450513) addi a0, a0, 340
x10 <- 0x5555555555555554
mem[X,0x00000000800025E0] -> 0x0593
mem[X,0x00000000800025E2] -> 0x3335
[2429] [M]: 0x00000000800025E0 (0x33350593) addi a1, a0, 819
x11 <- 0x5555555555555887
mem[X,0x00000000800025E4] -> 0x3423
mem[X,0x00000000800025E6] -> 0x1CB1
[2430] [M]: 0x00000000800025E4 (0x1CB13423) sd a1, 456(sp)
mem[0x0000000080007B98] <- 0x5555555555555887
mem[X,0x00000000800025E8] -> 0x5537
mem[X,0x00000000800025EA] -> 0x5555
[2431] [M]: 0x00000000800025E8 (0x55555537) lui a0, 349525
x10 <- 0x0000000055555000
mem[X,0x00000000800025EC] -> 0x0513
mem[X,0x00000000800025EE] -> 0x5555
[2432] [M]: 0x00000000800025EC (0x55550513) addi a0, a0, 1365
x10 <- 0x0000000055555555
mem[X,0x00000000800025F0] -> 0x1513
mem[X,0x00000000800025F2] -> 0x00B5
[2433] [M]: 0x00000000800025F0 (0x00B51513) slli a0, a0, 11
x10 <- 0x000002AAAAAAA800
mem[X,0x00000000800025F4] -> 0x0513
mem[X,0x00000000800025F6] -> 0x2AA5
[2434] [M]: 0x00000000800025F4 (0x2AA50513) addi a0, a0, 682
x10 <- 0x000002AAAAAAAAAA
mem[X,0x00000000800025F8] -> 0x1513
mem[X,0x00000000800025FA] -> 0x00B5
[2435] [M]: 0x00000000800025F8 (0x00B51513) slli a0, a0, 11
x10 <- 0x0015555555555000
mem[X,0x00000000800025FC] -> 0x0513
mem[X,0x00000000800025FE] -> 0x5555
[2436] [M]: 0x00000000800025FC (0x55550513) addi a0, a0, 1365
x10 <- 0x0015555555555555
mem[X,0x0000000080002600] -> 0x1513
mem[X,0x0000000080002602] -> 0x00A5
[2437] [M]: 0x0000000080002600 (0x00A51513) slli a0, a0, 10
x10 <- 0x5555555555555400
mem[X,0x0000000080002604] -> 0x0513
mem[X,0x0000000080002606] -> 0x1545
[2438] [M]: 0x0000000080002604 (0x15450513) addi a0, a0, 340
x10 <- 0x5555555555555554
mem[X,0x0000000080002608] -> 0x0593
mem[X,0x000000008000260A] -> 0x6665
[2439] [M]: 0x0000000080002608 (0x66650593) addi a1, a0, 1638
x11 <- 0x5555555555555BBA
mem[X,0x000000008000260C] -> 0x3823
mem[X,0x000000008000260E] -> 0x1CB1
[2440] [M]: 0x000000008000260C (0x1CB13823) sd a1, 464(sp)
mem[0x0000000080007BA0] <- 0x5555555555555BBA
mem[X,0x0000000080002610] -> 0x5537
mem[X,0x0000000080002612] -> 0x5555
[2441] [M]: 0x0000000080002610 (0x55555537) lui a0, 349525
x10 <- 0x0000000055555000
mem[X,0x0000000080002614] -> 0x0513
mem[X,0x0000000080002616] -> 0x5555
[2442] [M]: 0x0000000080002614 (0x55550513) addi a0, a0, 1365
x10 <- 0x0000000055555555
mem[X,0x0000000080002618] -> 0x1513
mem[X,0x000000008000261A] -> 0x00B5
[2443] [M]: 0x0000000080002618 (0x00B51513) slli a0, a0, 11
x10 <- 0x000002AAAAAAA800
mem[X,0x000000008000261C] -> 0x0513
mem[X,0x000000008000261E] -> 0x2AA5
[2444] [M]: 0x000000008000261C (0x2AA50513) addi a0, a0, 682
x10 <- 0x000002AAAAAAAAAA
mem[X,0x0000000080002620] -> 0x1513
mem[X,0x0000000080002622] -> 0x00B5
[2445] [M]: 0x0000000080002620 (0x00B51513) slli a0, a0, 11
x10 <- 0x0015555555555000
mem[X,0x0000000080002624] -> 0x0513
mem[X,0x0000000080002626] -> 0x5555
[2446] [M]: 0x0000000080002624 (0x55550513) addi a0, a0, 1365
x10 <- 0x0015555555555555
mem[X,0x0000000080002628] -> 0x1513
mem[X,0x000000008000262A] -> 0x00A5
[2447] [M]: 0x0000000080002628 (0x00A51513) slli a0, a0, 10
x10 <- 0x5555555555555400
mem[X,0x000000008000262C] -> 0x0513
mem[X,0x000000008000262E] -> 0x1545
[2448] [M]: 0x000000008000262C (0x15450513) addi a0, a0, 340
x10 <- 0x5555555555555554
mem[X,0x0000000080002630] -> 0x0593
mem[X,0x0000000080002632] -> 0xFD35
[2449] [M]: 0x0000000080002630 (0xFD350593) addi a1, a0, 4051
x11 <- 0x5555555555555527
mem[X,0x0000000080002634] -> 0x3C23
mem[X,0x0000000080002636] -> 0x1CB1
[2450] [M]: 0x0000000080002634 (0x1CB13C23) sd a1, 472(sp)
mem[0x0000000080007BA8] <- 0x5555555555555527
mem[X,0x0000000080002638] -> 0x5537
mem[X,0x000000008000263A] -> 0x5555
[2451] [M]: 0x0000000080002638 (0x55555537) lui a0, 349525
x10 <- 0x0000000055555000
mem[X,0x000000008000263C] -> 0x0513
mem[X,0x000000008000263E] -> 0x5555
[2452] [M]: 0x000000008000263C (0x55550513) addi a0, a0, 1365
x10 <- 0x0000000055555555
mem[X,0x0000000080002640] -> 0x1513
mem[X,0x0000000080002642] -> 0x00B5
[2453] [M]: 0x0000000080002640 (0x00B51513) slli a0, a0, 11
x10 <- 0x000002AAAAAAA800
mem[X,0x0000000080002644] -> 0x0513
mem[X,0x0000000080002646] -> 0x2AA5
[2454] [M]: 0x0000000080002644 (0x2AA50513) addi a0, a0, 682
x10 <- 0x000002AAAAAAAAAA
mem[X,0x0000000080002648] -> 0x1513
mem[X,0x000000008000264A] -> 0x00B5
[2455] [M]: 0x0000000080002648 (0x00B51513) slli a0, a0, 11
x10 <- 0x0015555555555000
mem[X,0x000000008000264C] -> 0x0513
mem[X,0x000000008000264E] -> 0x5555
[2456] [M]: 0x000000008000264C (0x55550513) addi a0, a0, 1365
x10 <- 0x0015555555555555
mem[X,0x0000000080002650] -> 0x1513
mem[X,0x0000000080002652] -> 0x00A5
[2457] [M]: 0x0000000080002650 (0x00A51513) slli a0, a0, 10
x10 <- 0x5555555555555400
mem[X,0x0000000080002654] -> 0x0513
mem[X,0x0000000080002656] -> 0x1545
[2458] [M]: 0x0000000080002654 (0x15450513) addi a0, a0, 340
x10 <- 0x5555555555555554
mem[X,0x0000000080002658] -> 0x0593
mem[X,0x000000008000265A] -> 0x02D5
[2459] [M]: 0x0000000080002658 (0x02D50593) addi a1, a0, 45
x11 <- 0x5555555555555581
mem[X,0x000000008000265C] -> 0x3023
mem[X,0x000000008000265E] -> 0x1EB1
[2460] [M]: 0x000000008000265C (0x1EB13023) sd a1, 480(sp)
mem[0x0000000080007BB0] <- 0x5555555555555581
mem[X,0x0000000080002660] -> 0x5537
mem[X,0x0000000080002662] -> 0x5555
[2461] [M]: 0x0000000080002660 (0x55555537) lui a0, 349525
x10 <- 0x0000000055555000
mem[X,0x0000000080002664] -> 0x0513
mem[X,0x0000000080002666] -> 0x5555
[2462] [M]: 0x0000000080002664 (0x55550513) addi a0, a0, 1365
x10 <- 0x0000000055555555
mem[X,0x0000000080002668] -> 0x1513
mem[X,0x000000008000266A] -> 0x00B5
[2463] [M]: 0x0000000080002668 (0x00B51513) slli a0, a0, 11
x10 <- 0x000002AAAAAAA800
mem[X,0x000000008000266C] -> 0x0513
mem[X,0x000000008000266E] -> 0x2AA5
[2464] [M]: 0x000000008000266C (0x2AA50513) addi a0, a0, 682
x10 <- 0x000002AAAAAAAAAA
mem[X,0x0000000080002670] -> 0x1513
mem[X,0x0000000080002672] -> 0x00B5
[2465] [M]: 0x0000000080002670 (0x00B51513) slli a0, a0, 11
x10 <- 0x0015555555555000
mem[X,0x0000000080002674] -> 0x0513
mem[X,0x0000000080002676] -> 0x5555
[2466] [M]: 0x0000000080002674 (0x55550513) addi a0, a0, 1365
x10 <- 0x0015555555555555
mem[X,0x0000000080002678] -> 0x1513
mem[X,0x000000008000267A] -> 0x00A5
[2467] [M]: 0x0000000080002678 (0x00A51513) slli a0, a0, 10
x10 <- 0x5555555555555400
mem[X,0x000000008000267C] -> 0x0513
mem[X,0x000000008000267E] -> 0x1545
[2468] [M]: 0x000000008000267C (0x15450513) addi a0, a0, 340
x10 <- 0x5555555555555554
mem[X,0x0000000080002680] -> 0x0593
mem[X,0x0000000080002682] -> 0x0025
[2469] [M]: 0x0000000080002680 (0x00250593) addi a1, a0, 2
x11 <- 0x5555555555555556
mem[X,0x0000000080002684] -> 0x3423
mem[X,0x0000000080002686] -> 0x1EB1
[2470] [M]: 0x0000000080002684 (0x1EB13423) sd a1, 488(sp)
mem[0x0000000080007BB8] <- 0x5555555555555556
mem[X,0x0000000080002688] -> 0x5537
mem[X,0x000000008000268A] -> 0x5555
[2471] [M]: 0x0000000080002688 (0x55555537) lui a0, 349525
x10 <- 0x0000000055555000
mem[X,0x000000008000268C] -> 0x0513
mem[X,0x000000008000268E] -> 0x5555
[2472] [M]: 0x000000008000268C (0x55550513) addi a0, a0, 1365
x10 <- 0x0000000055555555
mem[X,0x0000000080002690] -> 0x1513
mem[X,0x0000000080002692] -> 0x00B5
[2473] [M]: 0x0000000080002690 (0x00B51513) slli a0, a0, 11
x10 <- 0x000002AAAAAAA800
mem[X,0x0000000080002694] -> 0x0513
mem[X,0x0000000080002696] -> 0x2AA5
[2474] [M]: 0x0000000080002694 (0x2AA50513) addi a0, a0, 682
x10 <- 0x000002AAAAAAAAAA
mem[X,0x0000000080002698] -> 0x1513
mem[X,0x000000008000269A] -> 0x00B5
[2475] [M]: 0x0000000080002698 (0x00B51513) slli a0, a0, 11
x10 <- 0x0015555555555000
mem[X,0x000000008000269C] -> 0x0513
mem[X,0x000000008000269E] -> 0x5555
[2476] [M]: 0x000000008000269C (0x55550513) addi a0, a0, 1365
x10 <- 0x0015555555555555
mem[X,0x00000000800026A0] -> 0x1513
mem[X,0x00000000800026A2] -> 0x00A5
[2477] [M]: 0x00000000800026A0 (0x00A51513) slli a0, a0, 10
x10 <- 0x5555555555555400
mem[X,0x00000000800026A4] -> 0x0513
mem[X,0x00000000800026A6] -> 0x1545
[2478] [M]: 0x00000000800026A4 (0x15450513) addi a0, a0, 340
x10 <- 0x5555555555555554
mem[X,0x00000000800026A8] -> 0x0593
mem[X,0x00000000800026AA] -> 0x5545
[2479] [M]: 0x00000000800026A8 (0x55450593) addi a1, a0, 1364
x11 <- 0x5555555555555AA8
mem[X,0x00000000800026AC] -> 0x3823
mem[X,0x00000000800026AE] -> 0x1EB1
[2480] [M]: 0x00000000800026AC (0x1EB13823) sd a1, 496(sp)
mem[0x0000000080007BC0] <- 0x5555555555555AA8
mem[X,0x00000000800026B0] -> 0x5537
mem[X,0x00000000800026B2] -> 0x5555
[2481] [M]: 0x00000000800026B0 (0x55555537) lui a0, 349525
x10 <- 0x0000000055555000
mem[X,0x00000000800026B4] -> 0x0513
mem[X,0x00000000800026B6] -> 0x5555
[2482] [M]: 0x00000000800026B4 (0x55550513) addi a0, a0, 1365
x10 <- 0x0000000055555555
mem[X,0x00000000800026B8] -> 0x1513
mem[X,0x00000000800026BA] -> 0x00B5
[2483] [M]: 0x00000000800026B8 (0x00B51513) slli a0, a0, 11
x10 <- 0x000002AAAAAAA800
mem[X,0x00000000800026BC] -> 0x0513
mem[X,0x00000000800026BE] -> 0x2AA5
[2484] [M]: 0x00000000800026BC (0x2AA50513) addi a0, a0, 682
x10 <- 0x000002AAAAAAAAAA
mem[X,0x00000000800026C0] -> 0x1513
mem[X,0x00000000800026C2] -> 0x00B5
[2485] [M]: 0x00000000800026C0 (0x00B51513) slli a0, a0, 11
x10 <- 0x0015555555555000
mem[X,0x00000000800026C4] -> 0x0513
mem[X,0x00000000800026C6] -> 0x5555
[2486] [M]: 0x00000000800026C4 (0x55550513) addi a0, a0, 1365
x10 <- 0x0015555555555555
mem[X,0x00000000800026C8] -> 0x1513
mem[X,0x00000000800026CA] -> 0x00A5
[2487] [M]: 0x00000000800026C8 (0x00A51513) slli a0, a0, 10
x10 <- 0x5555555555555400
mem[X,0x00000000800026CC] -> 0x0513
mem[X,0x00000000800026CE] -> 0x1545
[2488] [M]: 0x00000000800026CC (0x15450513) addi a0, a0, 340
x10 <- 0x5555555555555554
mem[X,0x00000000800026D0] -> 0x0593
mem[X,0x00000000800026D2] -> 0x0005
[2489] [M]: 0x00000000800026D0 (0x00050593) addi a1, a0, 0
x11 <- 0x5555555555555554
mem[X,0x00000000800026D4] -> 0x3C23
mem[X,0x00000000800026D6] -> 0x1EB1
[2490] [M]: 0x00000000800026D4 (0x1EB13C23) sd a1, 504(sp)
mem[0x0000000080007BC8] <- 0x5555555555555554
mem[X,0x00000000800026D8] -> 0x5537
mem[X,0x00000000800026DA] -> 0x5555
[2491] [M]: 0x00000000800026D8 (0x55555537) lui a0, 349525
x10 <- 0x0000000055555000
mem[X,0x00000000800026DC] -> 0x0513
mem[X,0x00000000800026DE] -> 0x5555
[2492] [M]: 0x00000000800026DC (0x55550513) addi a0, a0, 1365
x10 <- 0x0000000055555555
mem[X,0x00000000800026E0] -> 0x1513
mem[X,0x00000000800026E2] -> 0x00B5
[2493] [M]: 0x00000000800026E0 (0x00B51513) slli a0, a0, 11
x10 <- 0x000002AAAAAAA800
mem[X,0x00000000800026E4] -> 0x0513
mem[X,0x00000000800026E6] -> 0x2AA5
[2494] [M]: 0x00000000800026E4 (0x2AA50513) addi a0, a0, 682
x10 <- 0x000002AAAAAAAAAA
mem[X,0x00000000800026E8] -> 0x1513
mem[X,0x00000000800026EA] -> 0x00B5
[2495] [M]: 0x00000000800026E8 (0x00B51513) slli a0, a0, 11
x10 <- 0x0015555555555000
mem[X,0x00000000800026EC] -> 0x0513
mem[X,0x00000000800026EE] -> 0x5555
[2496] [M]: 0x00000000800026EC (0x55550513) addi a0, a0, 1365
x10 <- 0x0015555555555555
mem[X,0x00000000800026F0] -> 0x1513
mem[X,0x00000000800026F2] -> 0x00A5
[2497] [M]: 0x00000000800026F0 (0x00A51513) slli a0, a0, 10
x10 <- 0x5555555555555400
mem[X,0x00000000800026F4] -> 0x0513
mem[X,0x00000000800026F6] -> 0x1545
[2498] [M]: 0x00000000800026F4 (0x15450513) addi a0, a0, 340
x10 <- 0x5555555555555554
mem[X,0x00000000800026F8] -> 0x0593
mem[X,0x00000000800026FA] -> 0x0045
[2499] [M]: 0x00000000800026F8 (0x00450593) addi a1, a0, 4
x11 <- 0x5555555555555558
clint::tick mtime <- 0x0000000000000019
 clint timer pending at mtime 0x0000000000000019
htif::tick 0x0000000000000000
mem[X,0x00000000800026FC] -> 0x3023
mem[X,0x00000000800026FE] -> 0x20B1
[2500] [M]: 0x00000000800026FC (0x20B13023) sd a1, 512(sp)
mem[0x0000000080007BD0] <- 0x5555555555555558
mem[X,0x0000000080002700] -> 0x5537
mem[X,0x0000000080002702] -> 0x5555
[2501] [M]: 0x0000000080002700 (0x55555537) lui a0, 349525
x10 <- 0x0000000055555000
mem[X,0x0000000080002704] -> 0x0513
mem[X,0x0000000080002706] -> 0x5555
[2502] [M]: 0x0000000080002704 (0x55550513) addi a0, a0, 1365
x10 <- 0x0000000055555555
mem[X,0x0000000080002708] -> 0x1513
mem[X,0x000000008000270A] -> 0x00B5
[2503] [M]: 0x0000000080002708 (0x00B51513) slli a0, a0, 11
x10 <- 0x000002AAAAAAA800
mem[X,0x000000008000270C] -> 0x0513
mem[X,0x000000008000270E] -> 0x2AA5
[2504] [M]: 0x000000008000270C (0x2AA50513) addi a0, a0, 682
x10 <- 0x000002AAAAAAAAAA
mem[X,0x0000000080002710] -> 0x1513
mem[X,0x0000000080002712] -> 0x00B5
[2505] [M]: 0x0000000080002710 (0x00B51513) slli a0, a0, 11
x10 <- 0x0015555555555000
mem[X,0x0000000080002714] -> 0x0513
mem[X,0x0000000080002716] -> 0x5555
[2506] [M]: 0x0000000080002714 (0x55550513) addi a0, a0, 1365
x10 <- 0x0015555555555555
mem[X,0x0000000080002718] -> 0x1513
mem[X,0x000000008000271A] -> 0x00A5
[2507] [M]: 0x0000000080002718 (0x00A51513) slli a0, a0, 10
x10 <- 0x5555555555555400
mem[X,0x000000008000271C] -> 0x0513
mem[X,0x000000008000271E] -> 0x1545
[2508] [M]: 0x000000008000271C (0x15450513) addi a0, a0, 340
x10 <- 0x5555555555555554
mem[X,0x0000000080002720] -> 0x0593
mem[X,0x0000000080002722] -> 0x3325
[2509] [M]: 0x0000000080002720 (0x33250593) addi a1, a0, 818
x11 <- 0x5555555555555886
mem[X,0x0000000080002724] -> 0x3423
mem[X,0x0000000080002726] -> 0x20B1
[2510] [M]: 0x0000000080002724 (0x20B13423) sd a1, 520(sp)
mem[0x0000000080007BD8] <- 0x5555555555555886
mem[X,0x0000000080002728] -> 0x5537
mem[X,0x000000008000272A] -> 0x5555
[2511] [M]: 0x0000000080002728 (0x55555537) lui a0, 349525
x10 <- 0x0000000055555000
mem[X,0x000000008000272C] -> 0x0513
mem[X,0x000000008000272E] -> 0x5555
[2512] [M]: 0x000000008000272C (0x55550513) addi a0, a0, 1365
x10 <- 0x0000000055555555
mem[X,0x0000000080002730] -> 0x1513
mem[X,0x0000000080002732] -> 0x00B5
[2513] [M]: 0x0000000080002730 (0x00B51513) slli a0, a0, 11
x10 <- 0x000002AAAAAAA800
mem[X,0x0000000080002734] -> 0x0513
mem[X,0x0000000080002736] -> 0x2AA5
[2514] [M]: 0x0000000080002734 (0x2AA50513) addi a0, a0, 682
x10 <- 0x000002AAAAAAAAAA
mem[X,0x0000000080002738] -> 0x1513
mem[X,0x000000008000273A] -> 0x00B5
[2515] [M]: 0x0000000080002738 (0x00B51513) slli a0, a0, 11
x10 <- 0x0015555555555000
mem[X,0x000000008000273C] -> 0x0513
mem[X,0x000000008000273E] -> 0x5555
[2516] [M]: 0x000000008000273C (0x55550513) addi a0, a0, 1365
x10 <- 0x0015555555555555
mem[X,0x0000000080002740] -> 0x1513
mem[X,0x0000000080002742] -> 0x00A5
[2517] [M]: 0x0000000080002740 (0x00A51513) slli a0, a0, 10
x10 <- 0x5555555555555400
mem[X,0x0000000080002744] -> 0x0513
mem[X,0x0000000080002746] -> 0x1545
[2518] [M]: 0x0000000080002744 (0x15450513) addi a0, a0, 340
x10 <- 0x5555555555555554
mem[X,0x0000000080002748] -> 0x0593
mem[X,0x000000008000274A] -> 0x6655
[2519] [M]: 0x0000000080002748 (0x66550593) addi a1, a0, 1637
x11 <- 0x5555555555555BB9
mem[X,0x000000008000274C] -> 0x3823
mem[X,0x000000008000274E] -> 0x20B1
[2520] [M]: 0x000000008000274C (0x20B13823) sd a1, 528(sp)
mem[0x0000000080007BE0] <- 0x5555555555555BB9
mem[X,0x0000000080002750] -> 0x5537
mem[X,0x0000000080002752] -> 0x5555
[2521] [M]: 0x0000000080002750 (0x55555537) lui a0, 349525
x10 <- 0x0000000055555000
mem[X,0x0000000080002754] -> 0x0513
mem[X,0x0000000080002756] -> 0x5555
[2522] [M]: 0x0000000080002754 (0x55550513) addi a0, a0, 1365
x10 <- 0x0000000055555555
mem[X,0x0000000080002758] -> 0x1513
mem[X,0x000000008000275A] -> 0x00B5
[2523] [M]: 0x0000000080002758 (0x00B51513) slli a0, a0, 11
x10 <- 0x000002AAAAAAA800
mem[X,0x000000008000275C] -> 0x0513
mem[X,0x000000008000275E] -> 0x2AA5
[2524] [M]: 0x000000008000275C (0x2AA50513) addi a0, a0, 682
x10 <- 0x000002AAAAAAAAAA
mem[X,0x0000000080002760] -> 0x1513
mem[X,0x0000000080002762] -> 0x00B5
[2525] [M]: 0x0000000080002760 (0x00B51513) slli a0, a0, 11
x10 <- 0x0015555555555000
mem[X,0x0000000080002764] -> 0x0513
mem[X,0x0000000080002766] -> 0x5555
[2526] [M]: 0x0000000080002764 (0x55550513) addi a0, a0, 1365
x10 <- 0x0015555555555555
mem[X,0x0000000080002768] -> 0x1513
mem[X,0x000000008000276A] -> 0x00A5
[2527] [M]: 0x0000000080002768 (0x00A51513) slli a0, a0, 10
x10 <- 0x5555555555555400
mem[X,0x000000008000276C] -> 0x0513
mem[X,0x000000008000276E] -> 0x1545
[2528] [M]: 0x000000008000276C (0x15450513) addi a0, a0, 340
x10 <- 0x5555555555555554
mem[X,0x0000000080002770] -> 0x0593
mem[X,0x0000000080002772] -> 0x02C5
[2529] [M]: 0x0000000080002770 (0x02C50593) addi a1, a0, 44
x11 <- 0x5555555555555580
mem[X,0x0000000080002774] -> 0x3C23
mem[X,0x0000000080002776] -> 0x20B1
[2530] [M]: 0x0000000080002774 (0x20B13C23) sd a1, 536(sp)
mem[0x0000000080007BE8] <- 0x5555555555555580
mem[X,0x0000000080002778] -> 0x5537
mem[X,0x000000008000277A] -> 0x5555
[2531] [M]: 0x0000000080002778 (0x55555537) lui a0, 349525
x10 <- 0x0000000055555000
mem[X,0x000000008000277C] -> 0x0513
mem[X,0x000000008000277E] -> 0x5555
[2532] [M]: 0x000000008000277C (0x55550513) addi a0, a0, 1365
x10 <- 0x0000000055555555
mem[X,0x0000000080002780] -> 0x1513
mem[X,0x0000000080002782] -> 0x00B5
[2533] [M]: 0x0000000080002780 (0x00B51513) slli a0, a0, 11
x10 <- 0x000002AAAAAAA800
mem[X,0x0000000080002784] -> 0x0513
mem[X,0x0000000080002786] -> 0x2AA5
[2534] [M]: 0x0000000080002784 (0x2AA50513) addi a0, a0, 682
x10 <- 0x000002AAAAAAAAAA
mem[X,0x0000000080002788] -> 0x1513
mem[X,0x000000008000278A] -> 0x00B5
[2535] [M]: 0x0000000080002788 (0x00B51513) slli a0, a0, 11
x10 <- 0x0015555555555000
mem[X,0x000000008000278C] -> 0x0513
mem[X,0x000000008000278E] -> 0x5555
[2536] [M]: 0x000000008000278C (0x55550513) addi a0, a0, 1365
x10 <- 0x0015555555555555
mem[X,0x0000000080002790] -> 0x1513
mem[X,0x0000000080002792] -> 0x00A5
[2537] [M]: 0x0000000080002790 (0x00A51513) slli a0, a0, 10
x10 <- 0x5555555555555400
mem[X,0x0000000080002794] -> 0x0513
mem[X,0x0000000080002796] -> 0x1545
[2538] [M]: 0x0000000080002794 (0x15450513) addi a0, a0, 340
x10 <- 0x5555555555555554
mem[X,0x0000000080002798] -> 0x0593
mem[X,0x000000008000279A] -> 0x5565
[2539] [M]: 0x0000000080002798 (0x55650593) addi a1, a0, 1366
x11 <- 0x5555555555555AAA
mem[X,0x000000008000279C] -> 0x3023
mem[X,0x000000008000279E] -> 0x22B1
[2540] [M]: 0x000000008000279C (0x22B13023) sd a1, 544(sp)
mem[0x0000000080007BF0] <- 0x5555555555555AAA
mem[X,0x00000000800027A0] -> 0x5537
mem[X,0x00000000800027A2] -> 0x5555
[2541] [M]: 0x00000000800027A0 (0x55555537) lui a0, 349525
x10 <- 0x0000000055555000
mem[X,0x00000000800027A4] -> 0x0513
mem[X,0x00000000800027A6] -> 0x5555
[2542] [M]: 0x00000000800027A4 (0x55550513) addi a0, a0, 1365
x10 <- 0x0000000055555555
mem[X,0x00000000800027A8] -> 0x1513
mem[X,0x00000000800027AA] -> 0x00B5
[2543] [M]: 0x00000000800027A8 (0x00B51513) slli a0, a0, 11
x10 <- 0x000002AAAAAAA800
mem[X,0x00000000800027AC] -> 0x0513
mem[X,0x00000000800027AE] -> 0x2AA5
[2544] [M]: 0x00000000800027AC (0x2AA50513) addi a0, a0, 682
x10 <- 0x000002AAAAAAAAAA
mem[X,0x00000000800027B0] -> 0x1513
mem[X,0x00000000800027B2] -> 0x00B5
[2545] [M]: 0x00000000800027B0 (0x00B51513) slli a0, a0, 11
x10 <- 0x0015555555555000
mem[X,0x00000000800027B4] -> 0x0513
mem[X,0x00000000800027B6] -> 0x5555
[2546] [M]: 0x00000000800027B4 (0x55550513) addi a0, a0, 1365
x10 <- 0x0015555555555555
mem[X,0x00000000800027B8] -> 0x1513
mem[X,0x00000000800027BA] -> 0x00A5
[2547] [M]: 0x00000000800027B8 (0x00A51513) slli a0, a0, 10
x10 <- 0x5555555555555400
mem[X,0x00000000800027BC] -> 0x0513
mem[X,0x00000000800027BE] -> 0x1545
[2548] [M]: 0x00000000800027BC (0x15450513) addi a0, a0, 340
x10 <- 0x5555555555555554
mem[X,0x00000000800027C0] -> 0x0593
mem[X,0x00000000800027C2] -> 0xAAB5
[2549] [M]: 0x00000000800027C0 (0xAAB50593) addi a1, a0, 2731
x11 <- 0x5555555555554FFF
mem[X,0x00000000800027C4] -> 0x3423
mem[X,0x00000000800027C6] -> 0x22B1
[2550] [M]: 0x00000000800027C4 (0x22B13423) sd a1, 552(sp)
mem[0x0000000080007BF8] <- 0x5555555555554FFF
mem[X,0x00000000800027C8] -> 0x5537
mem[X,0x00000000800027CA] -> 0x5555
[2551] [M]: 0x00000000800027C8 (0x55555537) lui a0, 349525
x10 <- 0x0000000055555000
mem[X,0x00000000800027CC] -> 0x0513
mem[X,0x00000000800027CE] -> 0x5555
[2552] [M]: 0x00000000800027CC (0x55550513) addi a0, a0, 1365
x10 <- 0x0000000055555555
mem[X,0x00000000800027D0] -> 0x1513
mem[X,0x00000000800027D2] -> 0x00B5
[2553] [M]: 0x00000000800027D0 (0x00B51513) slli a0, a0, 11
x10 <- 0x000002AAAAAAA800
mem[X,0x00000000800027D4] -> 0x0513
mem[X,0x00000000800027D6] -> 0x2AA5
[2554] [M]: 0x00000000800027D4 (0x2AA50513) addi a0, a0, 682
x10 <- 0x000002AAAAAAAAAA
mem[X,0x00000000800027D8] -> 0x1513
mem[X,0x00000000800027DA] -> 0x00B5
[2555] [M]: 0x00000000800027D8 (0x00B51513) slli a0, a0, 11
x10 <- 0x0015555555555000
mem[X,0x00000000800027DC] -> 0x0513
mem[X,0x00000000800027DE] -> 0x5555
[2556] [M]: 0x00000000800027DC (0x55550513) addi a0, a0, 1365
x10 <- 0x0015555555555555
mem[X,0x00000000800027E0] -> 0x1513
mem[X,0x00000000800027E2] -> 0x00A5
[2557] [M]: 0x00000000800027E0 (0x00A51513) slli a0, a0, 10
x10 <- 0x5555555555555400
mem[X,0x00000000800027E4] -> 0x0513
mem[X,0x00000000800027E6] -> 0x1545
[2558] [M]: 0x00000000800027E4 (0x15450513) addi a0, a0, 340
x10 <- 0x5555555555555554
mem[X,0x00000000800027E8] -> 0x0593
mem[X,0x00000000800027EA] -> 0x0065
[2559] [M]: 0x00000000800027E8 (0x00650593) addi a1, a0, 6
x11 <- 0x555555555555555A
mem[X,0x00000000800027EC] -> 0x3823
mem[X,0x00000000800027EE] -> 0x22B1
[2560] [M]: 0x00000000800027EC (0x22B13823) sd a1, 560(sp)
mem[0x0000000080007C00] <- 0x555555555555555A
mem[X,0x00000000800027F0] -> 0x5537
mem[X,0x00000000800027F2] -> 0x5555
[2561] [M]: 0x00000000800027F0 (0x55555537) lui a0, 349525
x10 <- 0x0000000055555000
mem[X,0x00000000800027F4] -> 0x0513
mem[X,0x00000000800027F6] -> 0x5555
[2562] [M]: 0x00000000800027F4 (0x55550513) addi a0, a0, 1365
x10 <- 0x0000000055555555
mem[X,0x00000000800027F8] -> 0x1513
mem[X,0x00000000800027FA] -> 0x00B5
[2563] [M]: 0x00000000800027F8 (0x00B51513) slli a0, a0, 11
x10 <- 0x000002AAAAAAA800
mem[X,0x00000000800027FC] -> 0x0513
mem[X,0x00000000800027FE] -> 0x2AA5
[2564] [M]: 0x00000000800027FC (0x2AA50513) addi a0, a0, 682
x10 <- 0x000002AAAAAAAAAA
mem[X,0x0000000080002800] -> 0x1513
mem[X,0x0000000080002802] -> 0x00B5
[2565] [M]: 0x0000000080002800 (0x00B51513) slli a0, a0, 11
x10 <- 0x0015555555555000
mem[X,0x0000000080002804] -> 0x0513
mem[X,0x0000000080002806] -> 0x5555
[2566] [M]: 0x0000000080002804 (0x55550513) addi a0, a0, 1365
x10 <- 0x0015555555555555
mem[X,0x0000000080002808] -> 0x1513
mem[X,0x000000008000280A] -> 0x00A5
[2567] [M]: 0x0000000080002808 (0x00A51513) slli a0, a0, 10
x10 <- 0x5555555555555400
mem[X,0x000000008000280C] -> 0x0513
mem[X,0x000000008000280E] -> 0x1545
[2568] [M]: 0x000000008000280C (0x15450513) addi a0, a0, 340
x10 <- 0x5555555555555554
mem[X,0x0000000080002810] -> 0x0593
mem[X,0x0000000080002812] -> 0x3345
[2569] [M]: 0x0000000080002810 (0x33450593) addi a1, a0, 820
x11 <- 0x5555555555555888
mem[X,0x0000000080002814] -> 0x3C23
mem[X,0x0000000080002816] -> 0x22B1
[2570] [M]: 0x0000000080002814 (0x22B13C23) sd a1, 568(sp)
mem[0x0000000080007C08] <- 0x5555555555555888
mem[X,0x0000000080002818] -> 0x5537
mem[X,0x000000008000281A] -> 0x5555
[2571] [M]: 0x0000000080002818 (0x55555537) lui a0, 349525
x10 <- 0x0000000055555000
mem[X,0x000000008000281C] -> 0x0513
mem[X,0x000000008000281E] -> 0x5555
[2572] [M]: 0x000000008000281C (0x55550513) addi a0, a0, 1365
x10 <- 0x0000000055555555
mem[X,0x0000000080002820] -> 0x1513
mem[X,0x0000000080002822] -> 0x00B5
[2573] [M]: 0x0000000080002820 (0x00B51513) slli a0, a0, 11
x10 <- 0x000002AAAAAAA800
mem[X,0x0000000080002824] -> 0x0513
mem[X,0x0000000080002826] -> 0x2AA5
[2574] [M]: 0x0000000080002824 (0x2AA50513) addi a0, a0, 682
x10 <- 0x000002AAAAAAAAAA
mem[X,0x0000000080002828] -> 0x1513
mem[X,0x000000008000282A] -> 0x00B5
[2575] [M]: 0x0000000080002828 (0x00B51513) slli a0, a0, 11
x10 <- 0x0015555555555000
mem[X,0x000000008000282C] -> 0x0513
mem[X,0x000000008000282E] -> 0x5555
[2576] [M]: 0x000000008000282C (0x55550513) addi a0, a0, 1365
x10 <- 0x0015555555555555
mem[X,0x0000000080002830] -> 0x1513
mem[X,0x0000000080002832] -> 0x00A5
[2577] [M]: 0x0000000080002830 (0x00A51513) slli a0, a0, 10
x10 <- 0x5555555555555400
mem[X,0x0000000080002834] -> 0x0513
mem[X,0x0000000080002836] -> 0x1545
[2578] [M]: 0x0000000080002834 (0x15450513) addi a0, a0, 340
x10 <- 0x5555555555555554
mem[X,0x0000000080002838] -> 0x0593
mem[X,0x000000008000283A] -> 0x6675
[2579] [M]: 0x0000000080002838 (0x66750593) addi a1, a0, 1639
x11 <- 0x5555555555555BBB
mem[X,0x000000008000283C] -> 0x3023
mem[X,0x000000008000283E] -> 0x24B1
[2580] [M]: 0x000000008000283C (0x24B13023) sd a1, 576(sp)
mem[0x0000000080007C10] <- 0x5555555555555BBB
mem[X,0x0000000080002840] -> 0x5537
mem[X,0x0000000080002842] -> 0x5555
[2581] [M]: 0x0000000080002840 (0x55555537) lui a0, 349525
x10 <- 0x0000000055555000
mem[X,0x0000000080002844] -> 0x0513
mem[X,0x0000000080002846] -> 0x5555
[2582] [M]: 0x0000000080002844 (0x55550513) addi a0, a0, 1365
x10 <- 0x0000000055555555
mem[X,0x0000000080002848] -> 0x1513
mem[X,0x000000008000284A] -> 0x00B5
[2583] [M]: 0x0000000080002848 (0x00B51513) slli a0, a0, 11
x10 <- 0x000002AAAAAAA800
mem[X,0x000000008000284C] -> 0x0513
mem[X,0x000000008000284E] -> 0x2AA5
[2584] [M]: 0x000000008000284C (0x2AA50513) addi a0, a0, 682
x10 <- 0x000002AAAAAAAAAA
mem[X,0x0000000080002850] -> 0x1513
mem[X,0x0000000080002852] -> 0x00B5
[2585] [M]: 0x0000000080002850 (0x00B51513) slli a0, a0, 11
x10 <- 0x0015555555555000
mem[X,0x0000000080002854] -> 0x0513
mem[X,0x0000000080002856] -> 0x5555
[2586] [M]: 0x0000000080002854 (0x55550513) addi a0, a0, 1365
x10 <- 0x0015555555555555
mem[X,0x0000000080002858] -> 0x1513
mem[X,0x000000008000285A] -> 0x00A5
[2587] [M]: 0x0000000080002858 (0x00A51513) slli a0, a0, 10
x10 <- 0x5555555555555400
mem[X,0x000000008000285C] -> 0x0513
mem[X,0x000000008000285E] -> 0x1545
[2588] [M]: 0x000000008000285C (0x15450513) addi a0, a0, 340
x10 <- 0x5555555555555554
mem[X,0x0000000080002860] -> 0x0593
mem[X,0x0000000080002862] -> 0xFD45
[2589] [M]: 0x0000000080002860 (0xFD450593) addi a1, a0, 4052
x11 <- 0x5555555555555528
mem[X,0x0000000080002864] -> 0x3423
mem[X,0x0000000080002866] -> 0x24B1
[2590] [M]: 0x0000000080002864 (0x24B13423) sd a1, 584(sp)
mem[0x0000000080007C18] <- 0x5555555555555528
mem[X,0x0000000080002868] -> 0x5537
mem[X,0x000000008000286A] -> 0x5555
[2591] [M]: 0x0000000080002868 (0x55555537) lui a0, 349525
x10 <- 0x0000000055555000
mem[X,0x000000008000286C] -> 0x0513
mem[X,0x000000008000286E] -> 0x5555
[2592] [M]: 0x000000008000286C (0x55550513) addi a0, a0, 1365
x10 <- 0x0000000055555555
mem[X,0x0000000080002870] -> 0x1513
mem[X,0x0000000080002872] -> 0x00B5
[2593] [M]: 0x0000000080002870 (0x00B51513) slli a0, a0, 11
x10 <- 0x000002AAAAAAA800
mem[X,0x0000000080002874] -> 0x0513
mem[X,0x0000000080002876] -> 0x2AA5
[2594] [M]: 0x0000000080002874 (0x2AA50513) addi a0, a0, 682
x10 <- 0x000002AAAAAAAAAA
mem[X,0x0000000080002878] -> 0x1513
mem[X,0x000000008000287A] -> 0x00B5
[2595] [M]: 0x0000000080002878 (0x00B51513) slli a0, a0, 11
x10 <- 0x0015555555555000
mem[X,0x000000008000287C] -> 0x0513
mem[X,0x000000008000287E] -> 0x5555
[2596] [M]: 0x000000008000287C (0x55550513) addi a0, a0, 1365
x10 <- 0x0015555555555555
mem[X,0x0000000080002880] -> 0x1513
mem[X,0x0000000080002882] -> 0x00A5
[2597] [M]: 0x0000000080002880 (0x00A51513) slli a0, a0, 10
x10 <- 0x5555555555555400
mem[X,0x0000000080002884] -> 0x0513
mem[X,0x0000000080002886] -> 0x1545
[2598] [M]: 0x0000000080002884 (0x15450513) addi a0, a0, 340
x10 <- 0x5555555555555554
mem[X,0x0000000080002888] -> 0x0593
mem[X,0x000000008000288A] -> 0x02E5
[2599] [M]: 0x0000000080002888 (0x02E50593) addi a1, a0, 46
x11 <- 0x5555555555555582
clint::tick mtime <- 0x000000000000001A
 clint timer pending at mtime 0x000000000000001A
htif::tick 0x0000000000000000
mem[X,0x000000008000288C] -> 0x3823
mem[X,0x000000008000288E] -> 0x24B1
[2600] [M]: 0x000000008000288C (0x24B13823) sd a1, 592(sp)
mem[0x0000000080007C20] <- 0x5555555555555582
mem[X,0x0000000080002890] -> 0x0513
mem[X,0x0000000080002892] -> 0x0000
[2601] [M]: 0x0000000080002890 (0x00000513) addi a0, zero, 0
x10 <- 0x0000000000000000
mem[X,0x0000000080002894] -> 0x0593
mem[X,0x0000000080002896] -> 0x0035
[2602] [M]: 0x0000000080002894 (0x00350593) addi a1, a0, 3
x11 <- 0x0000000000000003
mem[X,0x0000000080002898] -> 0x3C23
mem[X,0x000000008000289A] -> 0x24B1
[2603] [M]: 0x0000000080002898 (0x24B13C23) sd a1, 600(sp)
mem[0x0000000080007C28] <- 0x0000000000000003
mem[X,0x000000008000289C] -> 0x0513
mem[X,0x000000008000289E] -> 0x0000
[2604] [M]: 0x000000008000289C (0x00000513) addi a0, zero, 0
x10 <- 0x0000000000000000
mem[X,0x00000000800028A0] -> 0x0593
mem[X,0x00000000800028A2] -> 0x5555
[2605] [M]: 0x00000000800028A0 (0x55550593) addi a1, a0, 1365
x11 <- 0x0000000000000555
mem[X,0x00000000800028A4] -> 0x3023
mem[X,0x00000000800028A6] -> 0x26B1
[2606] [M]: 0x00000000800028A4 (0x26B13023) sd a1, 608(sp)
mem[0x0000000080007C30] <- 0x0000000000000555
mem[X,0x00000000800028A8] -> 0x0513
mem[X,0x00000000800028AA] -> 0x0000
[2607] [M]: 0x00000000800028A8 (0x00000513) addi a0, zero, 0
x10 <- 0x0000000000000000
mem[X,0x00000000800028AC] -> 0x0593
mem[X,0x00000000800028AE] -> 0xAAA5
[2608] [M]: 0x00000000800028AC (0xAAA50593) addi a1, a0, 2730
x11 <- 0xFFFFFFFFFFFFFAAA
mem[X,0x00000000800028B0] -> 0x3423
mem[X,0x00000000800028B2] -> 0x26B1
[2609] [M]: 0x00000000800028B0 (0x26B13423) sd a1, 616(sp)
mem[0x0000000080007C38] <- 0xFFFFFFFFFFFFFAAA
mem[X,0x00000000800028B4] -> 0x0513
mem[X,0x00000000800028B6] -> 0x0000
[2610] [M]: 0x00000000800028B4 (0x00000513) addi a0, zero, 0
x10 <- 0x0000000000000000
mem[X,0x00000000800028B8] -> 0x0593
mem[X,0x00000000800028BA] -> 0x0055
[2611] [M]: 0x00000000800028B8 (0x00550593) addi a1, a0, 5
x11 <- 0x0000000000000005
mem[X,0x00000000800028BC] -> 0x3823
mem[X,0x00000000800028BE] -> 0x26B1
[2612] [M]: 0x00000000800028BC (0x26B13823) sd a1, 624(sp)
mem[0x0000000080007C40] <- 0x0000000000000005
mem[X,0x00000000800028C0] -> 0x0513
mem[X,0x00000000800028C2] -> 0x0000
[2613] [M]: 0x00000000800028C0 (0x00000513) addi a0, zero, 0
x10 <- 0x0000000000000000
mem[X,0x00000000800028C4] -> 0x0593
mem[X,0x00000000800028C6] -> 0x3335
[2614] [M]: 0x00000000800028C4 (0x33350593) addi a1, a0, 819
x11 <- 0x0000000000000333
mem[X,0x00000000800028C8] -> 0x3C23
mem[X,0x00000000800028CA] -> 0x26B1
[2615] [M]: 0x00000000800028C8 (0x26B13C23) sd a1, 632(sp)
mem[0x0000000080007C48] <- 0x0000000000000333
mem[X,0x00000000800028CC] -> 0x0513
mem[X,0x00000000800028CE] -> 0x0000
[2616] [M]: 0x00000000800028CC (0x00000513) addi a0, zero, 0
x10 <- 0x0000000000000000
mem[X,0x00000000800028D0] -> 0x0593
mem[X,0x00000000800028D2] -> 0x6665
[2617] [M]: 0x00000000800028D0 (0x66650593) addi a1, a0, 1638
x11 <- 0x0000000000000666
mem[X,0x00000000800028D4] -> 0x3023
mem[X,0x00000000800028D6] -> 0x28B1
[2618] [M]: 0x00000000800028D4 (0x28B13023) sd a1, 640(sp)
mem[0x0000000080007C50] <- 0x0000000000000666
mem[X,0x00000000800028D8] -> 0x0513
mem[X,0x00000000800028DA] -> 0x0000
[2619] [M]: 0x00000000800028D8 (0x00000513) addi a0, zero, 0
x10 <- 0x0000000000000000
mem[X,0x00000000800028DC] -> 0x0593
mem[X,0x00000000800028DE] -> 0xFD35
[2620] [M]: 0x00000000800028DC (0xFD350593) addi a1, a0, 4051
x11 <- 0xFFFFFFFFFFFFFFD3
mem[X,0x00000000800028E0] -> 0x3423
mem[X,0x00000000800028E2] -> 0x28B1
[2621] [M]: 0x00000000800028E0 (0x28B13423) sd a1, 648(sp)
mem[0x0000000080007C58] <- 0xFFFFFFFFFFFFFFD3
mem[X,0x00000000800028E4] -> 0x0513
mem[X,0x00000000800028E6] -> 0x0000
[2622] [M]: 0x00000000800028E4 (0x00000513) addi a0, zero, 0
x10 <- 0x0000000000000000
mem[X,0x00000000800028E8] -> 0x0593
mem[X,0x00000000800028EA] -> 0x02D5
[2623] [M]: 0x00000000800028E8 (0x02D50593) addi a1, a0, 45
x11 <- 0x000000000000002D
mem[X,0x00000000800028EC] -> 0x3823
mem[X,0x00000000800028EE] -> 0x28B1
[2624] [M]: 0x00000000800028EC (0x28B13823) sd a1, 656(sp)
mem[0x0000000080007C60] <- 0x000000000000002D
mem[X,0x00000000800028F0] -> 0x5537
mem[X,0x00000000800028F2] -> 0x5555
[2625] [M]: 0x00000000800028F0 (0x55555537) lui a0, 349525
x10 <- 0x0000000055555000
mem[X,0x00000000800028F4] -> 0x0513
mem[X,0x00000000800028F6] -> 0x5555
[2626] [M]: 0x00000000800028F4 (0x55550513) addi a0, a0, 1365
x10 <- 0x0000000055555555
mem[X,0x00000000800028F8] -> 0x1513
mem[X,0x00000000800028FA] -> 0x00B5
[2627] [M]: 0x00000000800028F8 (0x00B51513) slli a0, a0, 11
x10 <- 0x000002AAAAAAA800
mem[X,0x00000000800028FC] -> 0x0513
mem[X,0x00000000800028FE] -> 0x2AA5
[2628] [M]: 0x00000000800028FC (0x2AA50513) addi a0, a0, 682
x10 <- 0x000002AAAAAAAAAA
mem[X,0x0000000080002900] -> 0x1513
mem[X,0x0000000080002902] -> 0x00B5
[2629] [M]: 0x0000000080002900 (0x00B51513) slli a0, a0, 11
x10 <- 0x0015555555555000
mem[X,0x0000000080002904] -> 0x0513
mem[X,0x0000000080002906] -> 0x5555
[2630] [M]: 0x0000000080002904 (0x55550513) addi a0, a0, 1365
x10 <- 0x0015555555555555
mem[X,0x0000000080002908] -> 0x1513
mem[X,0x000000008000290A] -> 0x00A5
[2631] [M]: 0x0000000080002908 (0x00A51513) slli a0, a0, 10
x10 <- 0x5555555555555400
mem[X,0x000000008000290C] -> 0x0513
mem[X,0x000000008000290E] -> 0x1565
[2632] [M]: 0x000000008000290C (0x15650513) addi a0, a0, 342
x10 <- 0x5555555555555556
mem[X,0x0000000080002910] -> 0x0593
mem[X,0x0000000080002912] -> 0x02C5
[2633] [M]: 0x0000000080002910 (0x02C50593) addi a1, a0, 44
x11 <- 0x5555555555555582
mem[X,0x0000000080002914] -> 0x3C23
mem[X,0x0000000080002916] -> 0x28B1
[2634] [M]: 0x0000000080002914 (0x28B13C23) sd a1, 664(sp)
mem[0x0000000080007C68] <- 0x5555555555555582
mem[X,0x0000000080002918] -> 0x5537
mem[X,0x000000008000291A] -> 0x5555
[2635] [M]: 0x0000000080002918 (0x55555537) lui a0, 349525
x10 <- 0x0000000055555000
mem[X,0x000000008000291C] -> 0x0513
mem[X,0x000000008000291E] -> 0x5555
[2636] [M]: 0x000000008000291C (0x55550513) addi a0, a0, 1365
x10 <- 0x0000000055555555
mem[X,0x0000000080002920] -> 0x1513
mem[X,0x0000000080002922] -> 0x00B5
[2637] [M]: 0x0000000080002920 (0x00B51513) slli a0, a0, 11
x10 <- 0x000002AAAAAAA800
mem[X,0x0000000080002924] -> 0x0513
mem[X,0x0000000080002926] -> 0x2AA5
[2638] [M]: 0x0000000080002924 (0x2AA50513) addi a0, a0, 682
x10 <- 0x000002AAAAAAAAAA
mem[X,0x0000000080002928] -> 0x1513
mem[X,0x000000008000292A] -> 0x00B5
[2639] [M]: 0x0000000080002928 (0x00B51513) slli a0, a0, 11
x10 <- 0x0015555555555000
mem[X,0x000000008000292C] -> 0x0513
mem[X,0x000000008000292E] -> 0x5555
[2640] [M]: 0x000000008000292C (0x55550513) addi a0, a0, 1365
x10 <- 0x0015555555555555
mem[X,0x0000000080002930] -> 0x1513
mem[X,0x0000000080002932] -> 0x00A5
[2641] [M]: 0x0000000080002930 (0x00A51513) slli a0, a0, 10
x10 <- 0x5555555555555400
mem[X,0x0000000080002934] -> 0x0513
mem[X,0x0000000080002936] -> 0x1565
[2642] [M]: 0x0000000080002934 (0x15650513) addi a0, a0, 342
x10 <- 0x5555555555555556
mem[X,0x0000000080002938] -> 0x0593
mem[X,0x000000008000293A] -> 0x5565
[2643] [M]: 0x0000000080002938 (0x55650593) addi a1, a0, 1366
x11 <- 0x5555555555555AAC
mem[X,0x000000008000293C] -> 0x3023
mem[X,0x000000008000293E] -> 0x2AB1
[2644] [M]: 0x000000008000293C (0x2AB13023) sd a1, 672(sp)
mem[0x0000000080007C70] <- 0x5555555555555AAC
mem[X,0x0000000080002940] -> 0x5537
mem[X,0x0000000080002942] -> 0x5555
[2645] [M]: 0x0000000080002940 (0x55555537) lui a0, 349525
x10 <- 0x0000000055555000
mem[X,0x0000000080002944] -> 0x0513
mem[X,0x0000000080002946] -> 0x5555
[2646] [M]: 0x0000000080002944 (0x55550513) addi a0, a0, 1365
x10 <- 0x0000000055555555
mem[X,0x0000000080002948] -> 0x1513
mem[X,0x000000008000294A] -> 0x00B5
[2647] [M]: 0x0000000080002948 (0x00B51513) slli a0, a0, 11
x10 <- 0x000002AAAAAAA800
mem[X,0x000000008000294C] -> 0x0513
mem[X,0x000000008000294E] -> 0x2AA5
[2648] [M]: 0x000000008000294C (0x2AA50513) addi a0, a0, 682
x10 <- 0x000002AAAAAAAAAA
mem[X,0x0000000080002950] -> 0x1513
mem[X,0x0000000080002952] -> 0x00B5
[2649] [M]: 0x0000000080002950 (0x00B51513) slli a0, a0, 11
x10 <- 0x0015555555555000
mem[X,0x0000000080002954] -> 0x0513
mem[X,0x0000000080002956] -> 0x5555
[2650] [M]: 0x0000000080002954 (0x55550513) addi a0, a0, 1365
x10 <- 0x0015555555555555
mem[X,0x0000000080002958] -> 0x1513
mem[X,0x000000008000295A] -> 0x00A5
[2651] [M]: 0x0000000080002958 (0x00A51513) slli a0, a0, 10
x10 <- 0x5555555555555400
mem[X,0x000000008000295C] -> 0x0513
mem[X,0x000000008000295E] -> 0x1565
[2652] [M]: 0x000000008000295C (0x15650513) addi a0, a0, 342
x10 <- 0x5555555555555556
mem[X,0x0000000080002960] -> 0x0593
mem[X,0x0000000080002962] -> 0xAAB5
[2653] [M]: 0x0000000080002960 (0xAAB50593) addi a1, a0, 2731
x11 <- 0x5555555555555001
mem[X,0x0000000080002964] -> 0x3423
mem[X,0x0000000080002966] -> 0x2AB1
[2654] [M]: 0x0000000080002964 (0x2AB13423) sd a1, 680(sp)
mem[0x0000000080007C78] <- 0x5555555555555001
mem[X,0x0000000080002968] -> 0x5537
mem[X,0x000000008000296A] -> 0x5555
[2655] [M]: 0x0000000080002968 (0x55555537) lui a0, 349525
x10 <- 0x0000000055555000
mem[X,0x000000008000296C] -> 0x0513
mem[X,0x000000008000296E] -> 0x5555
[2656] [M]: 0x000000008000296C (0x55550513) addi a0, a0, 1365
x10 <- 0x0000000055555555
mem[X,0x0000000080002970] -> 0x1513
mem[X,0x0000000080002972] -> 0x00B5
[2657] [M]: 0x0000000080002970 (0x00B51513) slli a0, a0, 11
x10 <- 0x000002AAAAAAA800
mem[X,0x0000000080002974] -> 0x0513
mem[X,0x0000000080002976] -> 0x2AA5
[2658] [M]: 0x0000000080002974 (0x2AA50513) addi a0, a0, 682
x10 <- 0x000002AAAAAAAAAA
mem[X,0x0000000080002978] -> 0x1513
mem[X,0x000000008000297A] -> 0x00B5
[2659] [M]: 0x0000000080002978 (0x00B51513) slli a0, a0, 11
x10 <- 0x0015555555555000
mem[X,0x000000008000297C] -> 0x0513
mem[X,0x000000008000297E] -> 0x5555
[2660] [M]: 0x000000008000297C (0x55550513) addi a0, a0, 1365
x10 <- 0x0015555555555555
mem[X,0x0000000080002980] -> 0x1513
mem[X,0x0000000080002982] -> 0x00A5
[2661] [M]: 0x0000000080002980 (0x00A51513) slli a0, a0, 10
x10 <- 0x5555555555555400
mem[X,0x0000000080002984] -> 0x0513
mem[X,0x0000000080002986] -> 0x1565
[2662] [M]: 0x0000000080002984 (0x15650513) addi a0, a0, 342
x10 <- 0x5555555555555556
mem[X,0x0000000080002988] -> 0x0593
mem[X,0x000000008000298A] -> 0x0065
[2663] [M]: 0x0000000080002988 (0x00650593) addi a1, a0, 6
x11 <- 0x555555555555555C
mem[X,0x000000008000298C] -> 0x3823
mem[X,0x000000008000298E] -> 0x2AB1
[2664] [M]: 0x000000008000298C (0x2AB13823) sd a1, 688(sp)
mem[0x0000000080007C80] <- 0x555555555555555C
mem[X,0x0000000080002990] -> 0x5537
mem[X,0x0000000080002992] -> 0x5555
[2665] [M]: 0x0000000080002990 (0x55555537) lui a0, 349525
x10 <- 0x0000000055555000
mem[X,0x0000000080002994] -> 0x0513
mem[X,0x0000000080002996] -> 0x5555
[2666] [M]: 0x0000000080002994 (0x55550513) addi a0, a0, 1365
x10 <- 0x0000000055555555
mem[X,0x0000000080002998] -> 0x1513
mem[X,0x000000008000299A] -> 0x00B5
[2667] [M]: 0x0000000080002998 (0x00B51513) slli a0, a0, 11
x10 <- 0x000002AAAAAAA800
mem[X,0x000000008000299C] -> 0x0513
mem[X,0x000000008000299E] -> 0x2AA5
[2668] [M]: 0x000000008000299C (0x2AA50513) addi a0, a0, 682
x10 <- 0x000002AAAAAAAAAA
mem[X,0x00000000800029A0] -> 0x1513
mem[X,0x00000000800029A2] -> 0x00B5
[2669] [M]: 0x00000000800029A0 (0x00B51513) slli a0, a0, 11
x10 <- 0x0015555555555000
mem[X,0x00000000800029A4] -> 0x0513
mem[X,0x00000000800029A6] -> 0x5555
[2670] [M]: 0x00000000800029A4 (0x55550513) addi a0, a0, 1365
x10 <- 0x0015555555555555
mem[X,0x00000000800029A8] -> 0x1513
mem[X,0x00000000800029AA] -> 0x00A5
[2671] [M]: 0x00000000800029A8 (0x00A51513) slli a0, a0, 10
x10 <- 0x5555555555555400
mem[X,0x00000000800029AC] -> 0x0513
mem[X,0x00000000800029AE] -> 0x1565
[2672] [M]: 0x00000000800029AC (0x15650513) addi a0, a0, 342
x10 <- 0x5555555555555556
mem[X,0x00000000800029B0] -> 0x0593
mem[X,0x00000000800029B2] -> 0x3345
[2673] [M]: 0x00000000800029B0 (0x33450593) addi a1, a0, 820
x11 <- 0x555555555555588A
mem[X,0x00000000800029B4] -> 0x3C23
mem[X,0x00000000800029B6] -> 0x2AB1
[2674] [M]: 0x00000000800029B4 (0x2AB13C23) sd a1, 696(sp)
mem[0x0000000080007C88] <- 0x555555555555588A
mem[X,0x00000000800029B8] -> 0x5537
mem[X,0x00000000800029BA] -> 0x5555
[2675] [M]: 0x00000000800029B8 (0x55555537) lui a0, 349525
x10 <- 0x0000000055555000
mem[X,0x00000000800029BC] -> 0x0513
mem[X,0x00000000800029BE] -> 0x5555
[2676] [M]: 0x00000000800029BC (0x55550513) addi a0, a0, 1365
x10 <- 0x0000000055555555
mem[X,0x00000000800029C0] -> 0x1513
mem[X,0x00000000800029C2] -> 0x00B5
[2677] [M]: 0x00000000800029C0 (0x00B51513) slli a0, a0, 11
x10 <- 0x000002AAAAAAA800
mem[X,0x00000000800029C4] -> 0x0513
mem[X,0x00000000800029C6] -> 0x2AA5
[2678] [M]: 0x00000000800029C4 (0x2AA50513) addi a0, a0, 682
x10 <- 0x000002AAAAAAAAAA
mem[X,0x00000000800029C8] -> 0x1513
mem[X,0x00000000800029CA] -> 0x00B5
[2679] [M]: 0x00000000800029C8 (0x00B51513) slli a0, a0, 11
x10 <- 0x0015555555555000
mem[X,0x00000000800029CC] -> 0x0513
mem[X,0x00000000800029CE] -> 0x5555
[2680] [M]: 0x00000000800029CC (0x55550513) addi a0, a0, 1365
x10 <- 0x0015555555555555
mem[X,0x00000000800029D0] -> 0x1513
mem[X,0x00000000800029D2] -> 0x00A5
[2681] [M]: 0x00000000800029D0 (0x00A51513) slli a0, a0, 10
x10 <- 0x5555555555555400
mem[X,0x00000000800029D4] -> 0x0513
mem[X,0x00000000800029D6] -> 0x1565
[2682] [M]: 0x00000000800029D4 (0x15650513) addi a0, a0, 342
x10 <- 0x5555555555555556
mem[X,0x00000000800029D8] -> 0x0593
mem[X,0x00000000800029DA] -> 0x6675
[2683] [M]: 0x00000000800029D8 (0x66750593) addi a1, a0, 1639
x11 <- 0x5555555555555BBD
mem[X,0x00000000800029DC] -> 0x3023
mem[X,0x00000000800029DE] -> 0x2CB1
[2684] [M]: 0x00000000800029DC (0x2CB13023) sd a1, 704(sp)
mem[0x0000000080007C90] <- 0x5555555555555BBD
mem[X,0x00000000800029E0] -> 0x5537
mem[X,0x00000000800029E2] -> 0x5555
[2685] [M]: 0x00000000800029E0 (0x55555537) lui a0, 349525
x10 <- 0x0000000055555000
mem[X,0x00000000800029E4] -> 0x0513
mem[X,0x00000000800029E6] -> 0x5555
[2686] [M]: 0x00000000800029E4 (0x55550513) addi a0, a0, 1365
x10 <- 0x0000000055555555
mem[X,0x00000000800029E8] -> 0x1513
mem[X,0x00000000800029EA] -> 0x00B5
[2687] [M]: 0x00000000800029E8 (0x00B51513) slli a0, a0, 11
x10 <- 0x000002AAAAAAA800
mem[X,0x00000000800029EC] -> 0x0513
mem[X,0x00000000800029EE] -> 0x2AA5
[2688] [M]: 0x00000000800029EC (0x2AA50513) addi a0, a0, 682
x10 <- 0x000002AAAAAAAAAA
mem[X,0x00000000800029F0] -> 0x1513
mem[X,0x00000000800029F2] -> 0x00B5
[2689] [M]: 0x00000000800029F0 (0x00B51513) slli a0, a0, 11
x10 <- 0x0015555555555000
mem[X,0x00000000800029F4] -> 0x0513
mem[X,0x00000000800029F6] -> 0x5555
[2690] [M]: 0x00000000800029F4 (0x55550513) addi a0, a0, 1365
x10 <- 0x0015555555555555
mem[X,0x00000000800029F8] -> 0x1513
mem[X,0x00000000800029FA] -> 0x00A5
[2691] [M]: 0x00000000800029F8 (0x00A51513) slli a0, a0, 10
x10 <- 0x5555555555555400
mem[X,0x00000000800029FC] -> 0x0513
mem[X,0x00000000800029FE] -> 0x1565
[2692] [M]: 0x00000000800029FC (0x15650513) addi a0, a0, 342
x10 <- 0x5555555555555556
mem[X,0x0000000080002A00] -> 0x0593
mem[X,0x0000000080002A02] -> 0xFD45
[2693] [M]: 0x0000000080002A00 (0xFD450593) addi a1, a0, 4052
x11 <- 0x555555555555552A
mem[X,0x0000000080002A04] -> 0x3423
mem[X,0x0000000080002A06] -> 0x2CB1
[2694] [M]: 0x0000000080002A04 (0x2CB13423) sd a1, 712(sp)
mem[0x0000000080007C98] <- 0x555555555555552A
mem[X,0x0000000080002A08] -> 0x5537
mem[X,0x0000000080002A0A] -> 0x5555
[2695] [M]: 0x0000000080002A08 (0x55555537) lui a0, 349525
x10 <- 0x0000000055555000
mem[X,0x0000000080002A0C] -> 0x0513
mem[X,0x0000000080002A0E] -> 0x5555
[2696] [M]: 0x0000000080002A0C (0x55550513) addi a0, a0, 1365
x10 <- 0x0000000055555555
mem[X,0x0000000080002A10] -> 0x1513
mem[X,0x0000000080002A12] -> 0x00B5
[2697] [M]: 0x0000000080002A10 (0x00B51513) slli a0, a0, 11
x10 <- 0x000002AAAAAAA800
mem[X,0x0000000080002A14] -> 0x0513
mem[X,0x0000000080002A16] -> 0x2AA5
[2698] [M]: 0x0000000080002A14 (0x2AA50513) addi a0, a0, 682
x10 <- 0x000002AAAAAAAAAA
mem[X,0x0000000080002A18] -> 0x1513
mem[X,0x0000000080002A1A] -> 0x00B5
[2699] [M]: 0x0000000080002A18 (0x00B51513) slli a0, a0, 11
x10 <- 0x0015555555555000
clint::tick mtime <- 0x000000000000001B
 clint timer pending at mtime 0x000000000000001B
htif::tick 0x0000000000000000
mem[X,0x0000000080002A1C] -> 0x0513
mem[X,0x0000000080002A1E] -> 0x5555
[2700] [M]: 0x0000000080002A1C (0x55550513) addi a0, a0, 1365
x10 <- 0x0015555555555555
mem[X,0x0000000080002A20] -> 0x1513
mem[X,0x0000000080002A22] -> 0x00A5
[2701] [M]: 0x0000000080002A20 (0x00A51513) slli a0, a0, 10
x10 <- 0x5555555555555400
mem[X,0x0000000080002A24] -> 0x0513
mem[X,0x0000000080002A26] -> 0x1565
[2702] [M]: 0x0000000080002A24 (0x15650513) addi a0, a0, 342
x10 <- 0x5555555555555556
mem[X,0x0000000080002A28] -> 0x0593
mem[X,0x0000000080002A2A] -> 0x02E5
[2703] [M]: 0x0000000080002A28 (0x02E50593) addi a1, a0, 46
x11 <- 0x5555555555555584
mem[X,0x0000000080002A2C] -> 0x3823
mem[X,0x0000000080002A2E] -> 0x2CB1
[2704] [M]: 0x0000000080002A2C (0x2CB13823) sd a1, 720(sp)
mem[0x0000000080007CA0] <- 0x5555555555555584
mem[X,0x0000000080002A30] -> 0xB537
mem[X,0x0000000080002A32] -> 0xAAAA
[2705] [M]: 0x0000000080002A30 (0xAAAAB537) lui a0, 699051
x10 <- 0xFFFFFFFFAAAAB000
mem[X,0x0000000080002A34] -> 0x0513
mem[X,0x0000000080002A36] -> 0xAAA5
[2706] [M]: 0x0000000080002A34 (0xAAA50513) addi a0, a0, 2730
x10 <- 0xFFFFFFFFAAAAAAAA
mem[X,0x0000000080002A38] -> 0x1513
mem[X,0x0000000080002A3A] -> 0x00B5
[2707] [M]: 0x0000000080002A38 (0x00B51513) slli a0, a0, 11
x10 <- 0xFFFFFD5555555000
mem[X,0x0000000080002A3C] -> 0x0513
mem[X,0x0000000080002A3E] -> 0x5555
[2708] [M]: 0x0000000080002A3C (0x55550513) addi a0, a0, 1365
x10 <- 0xFFFFFD5555555555
mem[X,0x0000000080002A40] -> 0x1513
mem[X,0x0000000080002A42] -> 0x00B5
[2709] [M]: 0x0000000080002A40 (0x00B51513) slli a0, a0, 11
x10 <- 0xFFEAAAAAAAAAA800
mem[X,0x0000000080002A44] -> 0x0513
mem[X,0x0000000080002A46] -> 0x2AA5
[2710] [M]: 0x0000000080002A44 (0x2AA50513) addi a0, a0, 682
x10 <- 0xFFEAAAAAAAAAAAAA
mem[X,0x0000000080002A48] -> 0x1513
mem[X,0x0000000080002A4A] -> 0x00A5
[2711] [M]: 0x0000000080002A48 (0x00A51513) slli a0, a0, 10
x10 <- 0xAAAAAAAAAAAAA800
mem[X,0x0000000080002A4C] -> 0x0513
mem[X,0x0000000080002A4E] -> 0x2AB5
[2712] [M]: 0x0000000080002A4C (0x2AB50513) addi a0, a0, 683
x10 <- 0xAAAAAAAAAAAAAAAB
mem[X,0x0000000080002A50] -> 0x0593
mem[X,0x0000000080002A52] -> 0x0035
[2713] [M]: 0x0000000080002A50 (0x00350593) addi a1, a0, 3
x11 <- 0xAAAAAAAAAAAAAAAE
mem[X,0x0000000080002A54] -> 0x3C23
mem[X,0x0000000080002A56] -> 0x2CB1
[2714] [M]: 0x0000000080002A54 (0x2CB13C23) sd a1, 728(sp)
mem[0x0000000080007CA8] <- 0xAAAAAAAAAAAAAAAE
mem[X,0x0000000080002A58] -> 0xB537
mem[X,0x0000000080002A5A] -> 0xAAAA
[2715] [M]: 0x0000000080002A58 (0xAAAAB537) lui a0, 699051
x10 <- 0xFFFFFFFFAAAAB000
mem[X,0x0000000080002A5C] -> 0x0513
mem[X,0x0000000080002A5E] -> 0xAAA5
[2716] [M]: 0x0000000080002A5C (0xAAA50513) addi a0, a0, 2730
x10 <- 0xFFFFFFFFAAAAAAAA
mem[X,0x0000000080002A60] -> 0x1513
mem[X,0x0000000080002A62] -> 0x00B5
[2717] [M]: 0x0000000080002A60 (0x00B51513) slli a0, a0, 11
x10 <- 0xFFFFFD5555555000
mem[X,0x0000000080002A64] -> 0x0513
mem[X,0x0000000080002A66] -> 0x5555
[2718] [M]: 0x0000000080002A64 (0x55550513) addi a0, a0, 1365
x10 <- 0xFFFFFD5555555555
mem[X,0x0000000080002A68] -> 0x1513
mem[X,0x0000000080002A6A] -> 0x00B5
[2719] [M]: 0x0000000080002A68 (0x00B51513) slli a0, a0, 11
x10 <- 0xFFEAAAAAAAAAA800
mem[X,0x0000000080002A6C] -> 0x0513
mem[X,0x0000000080002A6E] -> 0x2AA5
[2720] [M]: 0x0000000080002A6C (0x2AA50513) addi a0, a0, 682
x10 <- 0xFFEAAAAAAAAAAAAA
mem[X,0x0000000080002A70] -> 0x1513
mem[X,0x0000000080002A72] -> 0x00A5
[2721] [M]: 0x0000000080002A70 (0x00A51513) slli a0, a0, 10
x10 <- 0xAAAAAAAAAAAAA800
mem[X,0x0000000080002A74] -> 0x0513
mem[X,0x0000000080002A76] -> 0x2AB5
[2722] [M]: 0x0000000080002A74 (0x2AB50513) addi a0, a0, 683
x10 <- 0xAAAAAAAAAAAAAAAB
mem[X,0x0000000080002A78] -> 0x0593
mem[X,0x0000000080002A7A] -> 0x5555
[2723] [M]: 0x0000000080002A78 (0x55550593) addi a1, a0, 1365
x11 <- 0xAAAAAAAAAAAAB000
mem[X,0x0000000080002A7C] -> 0x3023
mem[X,0x0000000080002A7E] -> 0x2EB1
[2724] [M]: 0x0000000080002A7C (0x2EB13023) sd a1, 736(sp)
mem[0x0000000080007CB0] <- 0xAAAAAAAAAAAAB000
mem[X,0x0000000080002A80] -> 0xB537
mem[X,0x0000000080002A82] -> 0xAAAA
[2725] [M]: 0x0000000080002A80 (0xAAAAB537) lui a0, 699051
x10 <- 0xFFFFFFFFAAAAB000
mem[X,0x0000000080002A84] -> 0x0513
mem[X,0x0000000080002A86] -> 0xAAA5
[2726] [M]: 0x0000000080002A84 (0xAAA50513) addi a0, a0, 2730
x10 <- 0xFFFFFFFFAAAAAAAA
mem[X,0x0000000080002A88] -> 0x1513
mem[X,0x0000000080002A8A] -> 0x00B5
[2727] [M]: 0x0000000080002A88 (0x00B51513) slli a0, a0, 11
x10 <- 0xFFFFFD5555555000
mem[X,0x0000000080002A8C] -> 0x0513
mem[X,0x0000000080002A8E] -> 0x5555
[2728] [M]: 0x0000000080002A8C (0x55550513) addi a0, a0, 1365
x10 <- 0xFFFFFD5555555555
mem[X,0x0000000080002A90] -> 0x1513
mem[X,0x0000000080002A92] -> 0x00B5
[2729] [M]: 0x0000000080002A90 (0x00B51513) slli a0, a0, 11
x10 <- 0xFFEAAAAAAAAAA800
mem[X,0x0000000080002A94] -> 0x0513
mem[X,0x0000000080002A96] -> 0x2AA5
[2730] [M]: 0x0000000080002A94 (0x2AA50513) addi a0, a0, 682
x10 <- 0xFFEAAAAAAAAAAAAA
mem[X,0x0000000080002A98] -> 0x1513
mem[X,0x0000000080002A9A] -> 0x00A5
[2731] [M]: 0x0000000080002A98 (0x00A51513) slli a0, a0, 10
x10 <- 0xAAAAAAAAAAAAA800
mem[X,0x0000000080002A9C] -> 0x0513
mem[X,0x0000000080002A9E] -> 0x2AB5
[2732] [M]: 0x0000000080002A9C (0x2AB50513) addi a0, a0, 683
x10 <- 0xAAAAAAAAAAAAAAAB
mem[X,0x0000000080002AA0] -> 0x0593
mem[X,0x0000000080002AA2] -> 0xAAA5
[2733] [M]: 0x0000000080002AA0 (0xAAA50593) addi a1, a0, 2730
x11 <- 0xAAAAAAAAAAAAA555
mem[X,0x0000000080002AA4] -> 0x3423
mem[X,0x0000000080002AA6] -> 0x2EB1
[2734] [M]: 0x0000000080002AA4 (0x2EB13423) sd a1, 744(sp)
mem[0x0000000080007CB8] <- 0xAAAAAAAAAAAAA555
mem[X,0x0000000080002AA8] -> 0xB537
mem[X,0x0000000080002AAA] -> 0xAAAA
[2735] [M]: 0x0000000080002AA8 (0xAAAAB537) lui a0, 699051
x10 <- 0xFFFFFFFFAAAAB000
mem[X,0x0000000080002AAC] -> 0x0513
mem[X,0x0000000080002AAE] -> 0xAAA5
[2736] [M]: 0x0000000080002AAC (0xAAA50513) addi a0, a0, 2730
x10 <- 0xFFFFFFFFAAAAAAAA
mem[X,0x0000000080002AB0] -> 0x1513
mem[X,0x0000000080002AB2] -> 0x00B5
[2737] [M]: 0x0000000080002AB0 (0x00B51513) slli a0, a0, 11
x10 <- 0xFFFFFD5555555000
mem[X,0x0000000080002AB4] -> 0x0513
mem[X,0x0000000080002AB6] -> 0x5555
[2738] [M]: 0x0000000080002AB4 (0x55550513) addi a0, a0, 1365
x10 <- 0xFFFFFD5555555555
mem[X,0x0000000080002AB8] -> 0x1513
mem[X,0x0000000080002ABA] -> 0x00B5
[2739] [M]: 0x0000000080002AB8 (0x00B51513) slli a0, a0, 11
x10 <- 0xFFEAAAAAAAAAA800
mem[X,0x0000000080002ABC] -> 0x0513
mem[X,0x0000000080002ABE] -> 0x2AA5
[2740] [M]: 0x0000000080002ABC (0x2AA50513) addi a0, a0, 682
x10 <- 0xFFEAAAAAAAAAAAAA
mem[X,0x0000000080002AC0] -> 0x1513
mem[X,0x0000000080002AC2] -> 0x00A5
[2741] [M]: 0x0000000080002AC0 (0x00A51513) slli a0, a0, 10
x10 <- 0xAAAAAAAAAAAAA800
mem[X,0x0000000080002AC4] -> 0x0513
mem[X,0x0000000080002AC6] -> 0x2AB5
[2742] [M]: 0x0000000080002AC4 (0x2AB50513) addi a0, a0, 683
x10 <- 0xAAAAAAAAAAAAAAAB
mem[X,0x0000000080002AC8] -> 0x0593
mem[X,0x0000000080002ACA] -> 0x0055
[2743] [M]: 0x0000000080002AC8 (0x00550593) addi a1, a0, 5
x11 <- 0xAAAAAAAAAAAAAAB0
mem[X,0x0000000080002ACC] -> 0x3823
mem[X,0x0000000080002ACE] -> 0x2EB1
[2744] [M]: 0x0000000080002ACC (0x2EB13823) sd a1, 752(sp)
mem[0x0000000080007CC0] <- 0xAAAAAAAAAAAAAAB0
mem[X,0x0000000080002AD0] -> 0xB537
mem[X,0x0000000080002AD2] -> 0xAAAA
[2745] [M]: 0x0000000080002AD0 (0xAAAAB537) lui a0, 699051
x10 <- 0xFFFFFFFFAAAAB000
mem[X,0x0000000080002AD4] -> 0x0513
mem[X,0x0000000080002AD6] -> 0xAAA5
[2746] [M]: 0x0000000080002AD4 (0xAAA50513) addi a0, a0, 2730
x10 <- 0xFFFFFFFFAAAAAAAA
mem[X,0x0000000080002AD8] -> 0x1513
mem[X,0x0000000080002ADA] -> 0x00B5
[2747] [M]: 0x0000000080002AD8 (0x00B51513) slli a0, a0, 11
x10 <- 0xFFFFFD5555555000
mem[X,0x0000000080002ADC] -> 0x0513
mem[X,0x0000000080002ADE] -> 0x5555
[2748] [M]: 0x0000000080002ADC (0x55550513) addi a0, a0, 1365
x10 <- 0xFFFFFD5555555555
mem[X,0x0000000080002AE0] -> 0x1513
mem[X,0x0000000080002AE2] -> 0x00B5
[2749] [M]: 0x0000000080002AE0 (0x00B51513) slli a0, a0, 11
x10 <- 0xFFEAAAAAAAAAA800
mem[X,0x0000000080002AE4] -> 0x0513
mem[X,0x0000000080002AE6] -> 0x2AA5
[2750] [M]: 0x0000000080002AE4 (0x2AA50513) addi a0, a0, 682
x10 <- 0xFFEAAAAAAAAAAAAA
mem[X,0x0000000080002AE8] -> 0x1513
mem[X,0x0000000080002AEA] -> 0x00A5
[2751] [M]: 0x0000000080002AE8 (0x00A51513) slli a0, a0, 10
x10 <- 0xAAAAAAAAAAAAA800
mem[X,0x0000000080002AEC] -> 0x0513
mem[X,0x0000000080002AEE] -> 0x2AB5
[2752] [M]: 0x0000000080002AEC (0x2AB50513) addi a0, a0, 683
x10 <- 0xAAAAAAAAAAAAAAAB
mem[X,0x0000000080002AF0] -> 0x0593
mem[X,0x0000000080002AF2] -> 0x3335
[2753] [M]: 0x0000000080002AF0 (0x33350593) addi a1, a0, 819
x11 <- 0xAAAAAAAAAAAAADDE
mem[X,0x0000000080002AF4] -> 0x3C23
mem[X,0x0000000080002AF6] -> 0x2EB1
[2754] [M]: 0x0000000080002AF4 (0x2EB13C23) sd a1, 760(sp)
mem[0x0000000080007CC8] <- 0xAAAAAAAAAAAAADDE
mem[X,0x0000000080002AF8] -> 0xB537
mem[X,0x0000000080002AFA] -> 0xAAAA
[2755] [M]: 0x0000000080002AF8 (0xAAAAB537) lui a0, 699051
x10 <- 0xFFFFFFFFAAAAB000
mem[X,0x0000000080002AFC] -> 0x0513
mem[X,0x0000000080002AFE] -> 0xAAA5
[2756] [M]: 0x0000000080002AFC (0xAAA50513) addi a0, a0, 2730
x10 <- 0xFFFFFFFFAAAAAAAA
mem[X,0x0000000080002B00] -> 0x1513
mem[X,0x0000000080002B02] -> 0x00B5
[2757] [M]: 0x0000000080002B00 (0x00B51513) slli a0, a0, 11
x10 <- 0xFFFFFD5555555000
mem[X,0x0000000080002B04] -> 0x0513
mem[X,0x0000000080002B06] -> 0x5555
[2758] [M]: 0x0000000080002B04 (0x55550513) addi a0, a0, 1365
x10 <- 0xFFFFFD5555555555
mem[X,0x0000000080002B08] -> 0x1513
mem[X,0x0000000080002B0A] -> 0x00B5
[2759] [M]: 0x0000000080002B08 (0x00B51513) slli a0, a0, 11
x10 <- 0xFFEAAAAAAAAAA800
mem[X,0x0000000080002B0C] -> 0x0513
mem[X,0x0000000080002B0E] -> 0x2AA5
[2760] [M]: 0x0000000080002B0C (0x2AA50513) addi a0, a0, 682
x10 <- 0xFFEAAAAAAAAAAAAA
mem[X,0x0000000080002B10] -> 0x1513
mem[X,0x0000000080002B12] -> 0x00A5
[2761] [M]: 0x0000000080002B10 (0x00A51513) slli a0, a0, 10
x10 <- 0xAAAAAAAAAAAAA800
mem[X,0x0000000080002B14] -> 0x0513
mem[X,0x0000000080002B16] -> 0x2AB5
[2762] [M]: 0x0000000080002B14 (0x2AB50513) addi a0, a0, 683
x10 <- 0xAAAAAAAAAAAAAAAB
mem[X,0x0000000080002B18] -> 0x0593
mem[X,0x0000000080002B1A] -> 0x6665
[2763] [M]: 0x0000000080002B18 (0x66650593) addi a1, a0, 1638
x11 <- 0xAAAAAAAAAAAAB111
mem[X,0x0000000080002B1C] -> 0x3023
mem[X,0x0000000080002B1E] -> 0x30B1
[2764] [M]: 0x0000000080002B1C (0x30B13023) sd a1, 768(sp)
mem[0x0000000080007CD0] <- 0xAAAAAAAAAAAAB111
mem[X,0x0000000080002B20] -> 0xB537
mem[X,0x0000000080002B22] -> 0xAAAA
[2765] [M]: 0x0000000080002B20 (0xAAAAB537) lui a0, 699051
x10 <- 0xFFFFFFFFAAAAB000
mem[X,0x0000000080002B24] -> 0x0513
mem[X,0x0000000080002B26] -> 0xAAA5
[2766] [M]: 0x0000000080002B24 (0xAAA50513) addi a0, a0, 2730
x10 <- 0xFFFFFFFFAAAAAAAA
mem[X,0x0000000080002B28] -> 0x1513
mem[X,0x0000000080002B2A] -> 0x00B5
[2767] [M]: 0x0000000080002B28 (0x00B51513) slli a0, a0, 11
x10 <- 0xFFFFFD5555555000
mem[X,0x0000000080002B2C] -> 0x0513
mem[X,0x0000000080002B2E] -> 0x5555
[2768] [M]: 0x0000000080002B2C (0x55550513) addi a0, a0, 1365
x10 <- 0xFFFFFD5555555555
mem[X,0x0000000080002B30] -> 0x1513
mem[X,0x0000000080002B32] -> 0x00B5
[2769] [M]: 0x0000000080002B30 (0x00B51513) slli a0, a0, 11
x10 <- 0xFFEAAAAAAAAAA800
mem[X,0x0000000080002B34] -> 0x0513
mem[X,0x0000000080002B36] -> 0x2AA5
[2770] [M]: 0x0000000080002B34 (0x2AA50513) addi a0, a0, 682
x10 <- 0xFFEAAAAAAAAAAAAA
mem[X,0x0000000080002B38] -> 0x1513
mem[X,0x0000000080002B3A] -> 0x00A5
[2771] [M]: 0x0000000080002B38 (0x00A51513) slli a0, a0, 10
x10 <- 0xAAAAAAAAAAAAA800
mem[X,0x0000000080002B3C] -> 0x0513
mem[X,0x0000000080002B3E] -> 0x2AB5
[2772] [M]: 0x0000000080002B3C (0x2AB50513) addi a0, a0, 683
x10 <- 0xAAAAAAAAAAAAAAAB
mem[X,0x0000000080002B40] -> 0x0593
mem[X,0x0000000080002B42] -> 0xFD35
[2773] [M]: 0x0000000080002B40 (0xFD350593) addi a1, a0, 4051
x11 <- 0xAAAAAAAAAAAAAA7E
mem[X,0x0000000080002B44] -> 0x3423
mem[X,0x0000000080002B46] -> 0x30B1
[2774] [M]: 0x0000000080002B44 (0x30B13423) sd a1, 776(sp)
mem[0x0000000080007CD8] <- 0xAAAAAAAAAAAAAA7E
mem[X,0x0000000080002B48] -> 0xB537
mem[X,0x0000000080002B4A] -> 0xAAAA
[2775] [M]: 0x0000000080002B48 (0xAAAAB537) lui a0, 699051
x10 <- 0xFFFFFFFFAAAAB000
mem[X,0x0000000080002B4C] -> 0x0513
mem[X,0x0000000080002B4E] -> 0xAAA5
[2776] [M]: 0x0000000080002B4C (0xAAA50513) addi a0, a0, 2730
x10 <- 0xFFFFFFFFAAAAAAAA
mem[X,0x0000000080002B50] -> 0x1513
mem[X,0x0000000080002B52] -> 0x00B5
[2777] [M]: 0x0000000080002B50 (0x00B51513) slli a0, a0, 11
x10 <- 0xFFFFFD5555555000
mem[X,0x0000000080002B54] -> 0x0513
mem[X,0x0000000080002B56] -> 0x5555
[2778] [M]: 0x0000000080002B54 (0x55550513) addi a0, a0, 1365
x10 <- 0xFFFFFD5555555555
mem[X,0x0000000080002B58] -> 0x1513
mem[X,0x0000000080002B5A] -> 0x00B5
[2779] [M]: 0x0000000080002B58 (0x00B51513) slli a0, a0, 11
x10 <- 0xFFEAAAAAAAAAA800
mem[X,0x0000000080002B5C] -> 0x0513
mem[X,0x0000000080002B5E] -> 0x2AA5
[2780] [M]: 0x0000000080002B5C (0x2AA50513) addi a0, a0, 682
x10 <- 0xFFEAAAAAAAAAAAAA
mem[X,0x0000000080002B60] -> 0x1513
mem[X,0x0000000080002B62] -> 0x00A5
[2781] [M]: 0x0000000080002B60 (0x00A51513) slli a0, a0, 10
x10 <- 0xAAAAAAAAAAAAA800
mem[X,0x0000000080002B64] -> 0x0513
mem[X,0x0000000080002B66] -> 0x2AB5
[2782] [M]: 0x0000000080002B64 (0x2AB50513) addi a0, a0, 683
x10 <- 0xAAAAAAAAAAAAAAAB
mem[X,0x0000000080002B68] -> 0x0593
mem[X,0x0000000080002B6A] -> 0x02D5
[2783] [M]: 0x0000000080002B68 (0x02D50593) addi a1, a0, 45
x11 <- 0xAAAAAAAAAAAAAAD8
mem[X,0x0000000080002B6C] -> 0x3823
mem[X,0x0000000080002B6E] -> 0x30B1
[2784] [M]: 0x0000000080002B6C (0x30B13823) sd a1, 784(sp)
mem[0x0000000080007CE0] <- 0xAAAAAAAAAAAAAAD8
mem[X,0x0000000080002B70] -> 0xB537
mem[X,0x0000000080002B72] -> 0xAAAA
[2785] [M]: 0x0000000080002B70 (0xAAAAB537) lui a0, 699051
x10 <- 0xFFFFFFFFAAAAB000
mem[X,0x0000000080002B74] -> 0x0513
mem[X,0x0000000080002B76] -> 0xAAA5
[2786] [M]: 0x0000000080002B74 (0xAAA50513) addi a0, a0, 2730
x10 <- 0xFFFFFFFFAAAAAAAA
mem[X,0x0000000080002B78] -> 0x1513
mem[X,0x0000000080002B7A] -> 0x00B5
[2787] [M]: 0x0000000080002B78 (0x00B51513) slli a0, a0, 11
x10 <- 0xFFFFFD5555555000
mem[X,0x0000000080002B7C] -> 0x0513
mem[X,0x0000000080002B7E] -> 0x5555
[2788] [M]: 0x0000000080002B7C (0x55550513) addi a0, a0, 1365
x10 <- 0xFFFFFD5555555555
mem[X,0x0000000080002B80] -> 0x1513
mem[X,0x0000000080002B82] -> 0x00B5
[2789] [M]: 0x0000000080002B80 (0x00B51513) slli a0, a0, 11
x10 <- 0xFFEAAAAAAAAAA800
mem[X,0x0000000080002B84] -> 0x0513
mem[X,0x0000000080002B86] -> 0x2AA5
[2790] [M]: 0x0000000080002B84 (0x2AA50513) addi a0, a0, 682
x10 <- 0xFFEAAAAAAAAAAAAA
mem[X,0x0000000080002B88] -> 0x1513
mem[X,0x0000000080002B8A] -> 0x00A5
[2791] [M]: 0x0000000080002B88 (0x00A51513) slli a0, a0, 10
x10 <- 0xAAAAAAAAAAAAA800
mem[X,0x0000000080002B8C] -> 0x0513
mem[X,0x0000000080002B8E] -> 0x2AB5
[2792] [M]: 0x0000000080002B8C (0x2AB50513) addi a0, a0, 683
x10 <- 0xAAAAAAAAAAAAAAAB
mem[X,0x0000000080002B90] -> 0x0593
mem[X,0x0000000080002B92] -> 0x0025
[2793] [M]: 0x0000000080002B90 (0x00250593) addi a1, a0, 2
x11 <- 0xAAAAAAAAAAAAAAAD
mem[X,0x0000000080002B94] -> 0x3C23
mem[X,0x0000000080002B96] -> 0x30B1
[2794] [M]: 0x0000000080002B94 (0x30B13C23) sd a1, 792(sp)
mem[0x0000000080007CE8] <- 0xAAAAAAAAAAAAAAAD
mem[X,0x0000000080002B98] -> 0xB537
mem[X,0x0000000080002B9A] -> 0xAAAA
[2795] [M]: 0x0000000080002B98 (0xAAAAB537) lui a0, 699051
x10 <- 0xFFFFFFFFAAAAB000
mem[X,0x0000000080002B9C] -> 0x0513
mem[X,0x0000000080002B9E] -> 0xAAA5
[2796] [M]: 0x0000000080002B9C (0xAAA50513) addi a0, a0, 2730
x10 <- 0xFFFFFFFFAAAAAAAA
mem[X,0x0000000080002BA0] -> 0x1513
mem[X,0x0000000080002BA2] -> 0x00B5
[2797] [M]: 0x0000000080002BA0 (0x00B51513) slli a0, a0, 11
x10 <- 0xFFFFFD5555555000
mem[X,0x0000000080002BA4] -> 0x0513
mem[X,0x0000000080002BA6] -> 0x5555
[2798] [M]: 0x0000000080002BA4 (0x55550513) addi a0, a0, 1365
x10 <- 0xFFFFFD5555555555
mem[X,0x0000000080002BA8] -> 0x1513
mem[X,0x0000000080002BAA] -> 0x00B5
[2799] [M]: 0x0000000080002BA8 (0x00B51513) slli a0, a0, 11
x10 <- 0xFFEAAAAAAAAAA800
clint::tick mtime <- 0x000000000000001C
 clint timer pending at mtime 0x000000000000001C
htif::tick 0x0000000000000000
mem[X,0x0000000080002BAC] -> 0x0513
mem[X,0x0000000080002BAE] -> 0x2AA5
[2800] [M]: 0x0000000080002BAC (0x2AA50513) addi a0, a0, 682
x10 <- 0xFFEAAAAAAAAAAAAA
mem[X,0x0000000080002BB0] -> 0x1513
mem[X,0x0000000080002BB2] -> 0x00A5
[2801] [M]: 0x0000000080002BB0 (0x00A51513) slli a0, a0, 10
x10 <- 0xAAAAAAAAAAAAA800
mem[X,0x0000000080002BB4] -> 0x0513
mem[X,0x0000000080002BB6] -> 0x2AB5
[2802] [M]: 0x0000000080002BB4 (0x2AB50513) addi a0, a0, 683
x10 <- 0xAAAAAAAAAAAAAAAB
mem[X,0x0000000080002BB8] -> 0x0593
mem[X,0x0000000080002BBA] -> 0x5545
[2803] [M]: 0x0000000080002BB8 (0x55450593) addi a1, a0, 1364
x11 <- 0xAAAAAAAAAAAAAFFF
mem[X,0x0000000080002BBC] -> 0x3023
mem[X,0x0000000080002BBE] -> 0x32B1
[2804] [M]: 0x0000000080002BBC (0x32B13023) sd a1, 800(sp)
mem[0x0000000080007CF0] <- 0xAAAAAAAAAAAAAFFF
mem[X,0x0000000080002BC0] -> 0xB537
mem[X,0x0000000080002BC2] -> 0xAAAA
[2805] [M]: 0x0000000080002BC0 (0xAAAAB537) lui a0, 699051
x10 <- 0xFFFFFFFFAAAAB000
mem[X,0x0000000080002BC4] -> 0x0513
mem[X,0x0000000080002BC6] -> 0xAAA5
[2806] [M]: 0x0000000080002BC4 (0xAAA50513) addi a0, a0, 2730
x10 <- 0xFFFFFFFFAAAAAAAA
mem[X,0x0000000080002BC8] -> 0x1513
mem[X,0x0000000080002BCA] -> 0x00B5
[2807] [M]: 0x0000000080002BC8 (0x00B51513) slli a0, a0, 11
x10 <- 0xFFFFFD5555555000
mem[X,0x0000000080002BCC] -> 0x0513
mem[X,0x0000000080002BCE] -> 0x5555
[2808] [M]: 0x0000000080002BCC (0x55550513) addi a0, a0, 1365
x10 <- 0xFFFFFD5555555555
mem[X,0x0000000080002BD0] -> 0x1513
mem[X,0x0000000080002BD2] -> 0x00B5
[2809] [M]: 0x0000000080002BD0 (0x00B51513) slli a0, a0, 11
x10 <- 0xFFEAAAAAAAAAA800
mem[X,0x0000000080002BD4] -> 0x0513
mem[X,0x0000000080002BD6] -> 0x2AA5
[2810] [M]: 0x0000000080002BD4 (0x2AA50513) addi a0, a0, 682
x10 <- 0xFFEAAAAAAAAAAAAA
mem[X,0x0000000080002BD8] -> 0x1513
mem[X,0x0000000080002BDA] -> 0x00A5
[2811] [M]: 0x0000000080002BD8 (0x00A51513) slli a0, a0, 10
x10 <- 0xAAAAAAAAAAAAA800
mem[X,0x0000000080002BDC] -> 0x0513
mem[X,0x0000000080002BDE] -> 0x2AB5
[2812] [M]: 0x0000000080002BDC (0x2AB50513) addi a0, a0, 683
x10 <- 0xAAAAAAAAAAAAAAAB
mem[X,0x0000000080002BE0] -> 0x0593
mem[X,0x0000000080002BE2] -> 0x0005
[2813] [M]: 0x0000000080002BE0 (0x00050593) addi a1, a0, 0
x11 <- 0xAAAAAAAAAAAAAAAB
mem[X,0x0000000080002BE4] -> 0x3423
mem[X,0x0000000080002BE6] -> 0x32B1
[2814] [M]: 0x0000000080002BE4 (0x32B13423) sd a1, 808(sp)
mem[0x0000000080007CF8] <- 0xAAAAAAAAAAAAAAAB
mem[X,0x0000000080002BE8] -> 0xB537
mem[X,0x0000000080002BEA] -> 0xAAAA
[2815] [M]: 0x0000000080002BE8 (0xAAAAB537) lui a0, 699051
x10 <- 0xFFFFFFFFAAAAB000
mem[X,0x0000000080002BEC] -> 0x0513
mem[X,0x0000000080002BEE] -> 0xAAA5
[2816] [M]: 0x0000000080002BEC (0xAAA50513) addi a0, a0, 2730
x10 <- 0xFFFFFFFFAAAAAAAA
mem[X,0x0000000080002BF0] -> 0x1513
mem[X,0x0000000080002BF2] -> 0x00B5
[2817] [M]: 0x0000000080002BF0 (0x00B51513) slli a0, a0, 11
x10 <- 0xFFFFFD5555555000
mem[X,0x0000000080002BF4] -> 0x0513
mem[X,0x0000000080002BF6] -> 0x5555
[2818] [M]: 0x0000000080002BF4 (0x55550513) addi a0, a0, 1365
x10 <- 0xFFFFFD5555555555
mem[X,0x0000000080002BF8] -> 0x1513
mem[X,0x0000000080002BFA] -> 0x00B5
[2819] [M]: 0x0000000080002BF8 (0x00B51513) slli a0, a0, 11
x10 <- 0xFFEAAAAAAAAAA800
mem[X,0x0000000080002BFC] -> 0x0513
mem[X,0x0000000080002BFE] -> 0x2AA5
[2820] [M]: 0x0000000080002BFC (0x2AA50513) addi a0, a0, 682
x10 <- 0xFFEAAAAAAAAAAAAA
mem[X,0x0000000080002C00] -> 0x1513
mem[X,0x0000000080002C02] -> 0x00A5
[2821] [M]: 0x0000000080002C00 (0x00A51513) slli a0, a0, 10
x10 <- 0xAAAAAAAAAAAAA800
mem[X,0x0000000080002C04] -> 0x0513
mem[X,0x0000000080002C06] -> 0x2AB5
[2822] [M]: 0x0000000080002C04 (0x2AB50513) addi a0, a0, 683
x10 <- 0xAAAAAAAAAAAAAAAB
mem[X,0x0000000080002C08] -> 0x0593
mem[X,0x0000000080002C0A] -> 0x0045
[2823] [M]: 0x0000000080002C08 (0x00450593) addi a1, a0, 4
x11 <- 0xAAAAAAAAAAAAAAAF
mem[X,0x0000000080002C0C] -> 0x3823
mem[X,0x0000000080002C0E] -> 0x32B1
[2824] [M]: 0x0000000080002C0C (0x32B13823) sd a1, 816(sp)
mem[0x0000000080007D00] <- 0xAAAAAAAAAAAAAAAF
mem[X,0x0000000080002C10] -> 0xB537
mem[X,0x0000000080002C12] -> 0xAAAA
[2825] [M]: 0x0000000080002C10 (0xAAAAB537) lui a0, 699051
x10 <- 0xFFFFFFFFAAAAB000
mem[X,0x0000000080002C14] -> 0x0513
mem[X,0x0000000080002C16] -> 0xAAA5
[2826] [M]: 0x0000000080002C14 (0xAAA50513) addi a0, a0, 2730
x10 <- 0xFFFFFFFFAAAAAAAA
mem[X,0x0000000080002C18] -> 0x1513
mem[X,0x0000000080002C1A] -> 0x00B5
[2827] [M]: 0x0000000080002C18 (0x00B51513) slli a0, a0, 11
x10 <- 0xFFFFFD5555555000
mem[X,0x0000000080002C1C] -> 0x0513
mem[X,0x0000000080002C1E] -> 0x5555
[2828] [M]: 0x0000000080002C1C (0x55550513) addi a0, a0, 1365
x10 <- 0xFFFFFD5555555555
mem[X,0x0000000080002C20] -> 0x1513
mem[X,0x0000000080002C22] -> 0x00B5
[2829] [M]: 0x0000000080002C20 (0x00B51513) slli a0, a0, 11
x10 <- 0xFFEAAAAAAAAAA800
mem[X,0x0000000080002C24] -> 0x0513
mem[X,0x0000000080002C26] -> 0x2AA5
[2830] [M]: 0x0000000080002C24 (0x2AA50513) addi a0, a0, 682
x10 <- 0xFFEAAAAAAAAAAAAA
mem[X,0x0000000080002C28] -> 0x1513
mem[X,0x0000000080002C2A] -> 0x00A5
[2831] [M]: 0x0000000080002C28 (0x00A51513) slli a0, a0, 10
x10 <- 0xAAAAAAAAAAAAA800
mem[X,0x0000000080002C2C] -> 0x0513
mem[X,0x0000000080002C2E] -> 0x2AB5
[2832] [M]: 0x0000000080002C2C (0x2AB50513) addi a0, a0, 683
x10 <- 0xAAAAAAAAAAAAAAAB
mem[X,0x0000000080002C30] -> 0x0593
mem[X,0x0000000080002C32] -> 0x3325
[2833] [M]: 0x0000000080002C30 (0x33250593) addi a1, a0, 818
x11 <- 0xAAAAAAAAAAAAADDD
mem[X,0x0000000080002C34] -> 0x3C23
mem[X,0x0000000080002C36] -> 0x32B1
[2834] [M]: 0x0000000080002C34 (0x32B13C23) sd a1, 824(sp)
mem[0x0000000080007D08] <- 0xAAAAAAAAAAAAADDD
mem[X,0x0000000080002C38] -> 0xB537
mem[X,0x0000000080002C3A] -> 0xAAAA
[2835] [M]: 0x0000000080002C38 (0xAAAAB537) lui a0, 699051
x10 <- 0xFFFFFFFFAAAAB000
mem[X,0x0000000080002C3C] -> 0x0513
mem[X,0x0000000080002C3E] -> 0xAAA5
[2836] [M]: 0x0000000080002C3C (0xAAA50513) addi a0, a0, 2730
x10 <- 0xFFFFFFFFAAAAAAAA
mem[X,0x0000000080002C40] -> 0x1513
mem[X,0x0000000080002C42] -> 0x00B5
[2837] [M]: 0x0000000080002C40 (0x00B51513) slli a0, a0, 11
x10 <- 0xFFFFFD5555555000
mem[X,0x0000000080002C44] -> 0x0513
mem[X,0x0000000080002C46] -> 0x5555
[2838] [M]: 0x0000000080002C44 (0x55550513) addi a0, a0, 1365
x10 <- 0xFFFFFD5555555555
mem[X,0x0000000080002C48] -> 0x1513
mem[X,0x0000000080002C4A] -> 0x00B5
[2839] [M]: 0x0000000080002C48 (0x00B51513) slli a0, a0, 11
x10 <- 0xFFEAAAAAAAAAA800
mem[X,0x0000000080002C4C] -> 0x0513
mem[X,0x0000000080002C4E] -> 0x2AA5
[2840] [M]: 0x0000000080002C4C (0x2AA50513) addi a0, a0, 682
x10 <- 0xFFEAAAAAAAAAAAAA
mem[X,0x0000000080002C50] -> 0x1513
mem[X,0x0000000080002C52] -> 0x00A5
[2841] [M]: 0x0000000080002C50 (0x00A51513) slli a0, a0, 10
x10 <- 0xAAAAAAAAAAAAA800
mem[X,0x0000000080002C54] -> 0x0513
mem[X,0x0000000080002C56] -> 0x2AB5
[2842] [M]: 0x0000000080002C54 (0x2AB50513) addi a0, a0, 683
x10 <- 0xAAAAAAAAAAAAAAAB
mem[X,0x0000000080002C58] -> 0x0593
mem[X,0x0000000080002C5A] -> 0x6655
[2843] [M]: 0x0000000080002C58 (0x66550593) addi a1, a0, 1637
x11 <- 0xAAAAAAAAAAAAB110
mem[X,0x0000000080002C5C] -> 0x3023
mem[X,0x0000000080002C5E] -> 0x34B1
[2844] [M]: 0x0000000080002C5C (0x34B13023) sd a1, 832(sp)
mem[0x0000000080007D10] <- 0xAAAAAAAAAAAAB110
mem[X,0x0000000080002C60] -> 0xB537
mem[X,0x0000000080002C62] -> 0xAAAA
[2845] [M]: 0x0000000080002C60 (0xAAAAB537) lui a0, 699051
x10 <- 0xFFFFFFFFAAAAB000
mem[X,0x0000000080002C64] -> 0x0513
mem[X,0x0000000080002C66] -> 0xAAA5
[2846] [M]: 0x0000000080002C64 (0xAAA50513) addi a0, a0, 2730
x10 <- 0xFFFFFFFFAAAAAAAA
mem[X,0x0000000080002C68] -> 0x1513
mem[X,0x0000000080002C6A] -> 0x00B5
[2847] [M]: 0x0000000080002C68 (0x00B51513) slli a0, a0, 11
x10 <- 0xFFFFFD5555555000
mem[X,0x0000000080002C6C] -> 0x0513
mem[X,0x0000000080002C6E] -> 0x5555
[2848] [M]: 0x0000000080002C6C (0x55550513) addi a0, a0, 1365
x10 <- 0xFFFFFD5555555555
mem[X,0x0000000080002C70] -> 0x1513
mem[X,0x0000000080002C72] -> 0x00B5
[2849] [M]: 0x0000000080002C70 (0x00B51513) slli a0, a0, 11
x10 <- 0xFFEAAAAAAAAAA800
mem[X,0x0000000080002C74] -> 0x0513
mem[X,0x0000000080002C76] -> 0x2AA5
[2850] [M]: 0x0000000080002C74 (0x2AA50513) addi a0, a0, 682
x10 <- 0xFFEAAAAAAAAAAAAA
mem[X,0x0000000080002C78] -> 0x1513
mem[X,0x0000000080002C7A] -> 0x00A5
[2851] [M]: 0x0000000080002C78 (0x00A51513) slli a0, a0, 10
x10 <- 0xAAAAAAAAAAAAA800
mem[X,0x0000000080002C7C] -> 0x0513
mem[X,0x0000000080002C7E] -> 0x2AB5
[2852] [M]: 0x0000000080002C7C (0x2AB50513) addi a0, a0, 683
x10 <- 0xAAAAAAAAAAAAAAAB
mem[X,0x0000000080002C80] -> 0x0593
mem[X,0x0000000080002C82] -> 0x02C5
[2853] [M]: 0x0000000080002C80 (0x02C50593) addi a1, a0, 44
x11 <- 0xAAAAAAAAAAAAAAD7
mem[X,0x0000000080002C84] -> 0x3423
mem[X,0x0000000080002C86] -> 0x34B1
[2854] [M]: 0x0000000080002C84 (0x34B13423) sd a1, 840(sp)
mem[0x0000000080007D18] <- 0xAAAAAAAAAAAAAAD7
mem[X,0x0000000080002C88] -> 0xB537
mem[X,0x0000000080002C8A] -> 0xAAAA
[2855] [M]: 0x0000000080002C88 (0xAAAAB537) lui a0, 699051
x10 <- 0xFFFFFFFFAAAAB000
mem[X,0x0000000080002C8C] -> 0x0513
mem[X,0x0000000080002C8E] -> 0xAAA5
[2856] [M]: 0x0000000080002C8C (0xAAA50513) addi a0, a0, 2730
x10 <- 0xFFFFFFFFAAAAAAAA
mem[X,0x0000000080002C90] -> 0x1513
mem[X,0x0000000080002C92] -> 0x00B5
[2857] [M]: 0x0000000080002C90 (0x00B51513) slli a0, a0, 11
x10 <- 0xFFFFFD5555555000
mem[X,0x0000000080002C94] -> 0x0513
mem[X,0x0000000080002C96] -> 0x5555
[2858] [M]: 0x0000000080002C94 (0x55550513) addi a0, a0, 1365
x10 <- 0xFFFFFD5555555555
mem[X,0x0000000080002C98] -> 0x1513
mem[X,0x0000000080002C9A] -> 0x00B5
[2859] [M]: 0x0000000080002C98 (0x00B51513) slli a0, a0, 11
x10 <- 0xFFEAAAAAAAAAA800
mem[X,0x0000000080002C9C] -> 0x0513
mem[X,0x0000000080002C9E] -> 0x2AA5
[2860] [M]: 0x0000000080002C9C (0x2AA50513) addi a0, a0, 682
x10 <- 0xFFEAAAAAAAAAAAAA
mem[X,0x0000000080002CA0] -> 0x1513
mem[X,0x0000000080002CA2] -> 0x00A5
[2861] [M]: 0x0000000080002CA0 (0x00A51513) slli a0, a0, 10
x10 <- 0xAAAAAAAAAAAAA800
mem[X,0x0000000080002CA4] -> 0x0513
mem[X,0x0000000080002CA6] -> 0x2AB5
[2862] [M]: 0x0000000080002CA4 (0x2AB50513) addi a0, a0, 683
x10 <- 0xAAAAAAAAAAAAAAAB
mem[X,0x0000000080002CA8] -> 0x0593
mem[X,0x0000000080002CAA] -> 0x5565
[2863] [M]: 0x0000000080002CA8 (0x55650593) addi a1, a0, 1366
x11 <- 0xAAAAAAAAAAAAB001
mem[X,0x0000000080002CAC] -> 0x3823
mem[X,0x0000000080002CAE] -> 0x34B1
[2864] [M]: 0x0000000080002CAC (0x34B13823) sd a1, 848(sp)
mem[0x0000000080007D20] <- 0xAAAAAAAAAAAAB001
mem[X,0x0000000080002CB0] -> 0xB537
mem[X,0x0000000080002CB2] -> 0xAAAA
[2865] [M]: 0x0000000080002CB0 (0xAAAAB537) lui a0, 699051
x10 <- 0xFFFFFFFFAAAAB000
mem[X,0x0000000080002CB4] -> 0x0513
mem[X,0x0000000080002CB6] -> 0xAAA5
[2866] [M]: 0x0000000080002CB4 (0xAAA50513) addi a0, a0, 2730
x10 <- 0xFFFFFFFFAAAAAAAA
mem[X,0x0000000080002CB8] -> 0x1513
mem[X,0x0000000080002CBA] -> 0x00B5
[2867] [M]: 0x0000000080002CB8 (0x00B51513) slli a0, a0, 11
x10 <- 0xFFFFFD5555555000
mem[X,0x0000000080002CBC] -> 0x0513
mem[X,0x0000000080002CBE] -> 0x5555
[2868] [M]: 0x0000000080002CBC (0x55550513) addi a0, a0, 1365
x10 <- 0xFFFFFD5555555555
mem[X,0x0000000080002CC0] -> 0x1513
mem[X,0x0000000080002CC2] -> 0x00B5
[2869] [M]: 0x0000000080002CC0 (0x00B51513) slli a0, a0, 11
x10 <- 0xFFEAAAAAAAAAA800
mem[X,0x0000000080002CC4] -> 0x0513
mem[X,0x0000000080002CC6] -> 0x2AA5
[2870] [M]: 0x0000000080002CC4 (0x2AA50513) addi a0, a0, 682
x10 <- 0xFFEAAAAAAAAAAAAA
mem[X,0x0000000080002CC8] -> 0x1513
mem[X,0x0000000080002CCA] -> 0x00A5
[2871] [M]: 0x0000000080002CC8 (0x00A51513) slli a0, a0, 10
x10 <- 0xAAAAAAAAAAAAA800
mem[X,0x0000000080002CCC] -> 0x0513
mem[X,0x0000000080002CCE] -> 0x2AB5
[2872] [M]: 0x0000000080002CCC (0x2AB50513) addi a0, a0, 683
x10 <- 0xAAAAAAAAAAAAAAAB
mem[X,0x0000000080002CD0] -> 0x0593
mem[X,0x0000000080002CD2] -> 0xAAB5
[2873] [M]: 0x0000000080002CD0 (0xAAB50593) addi a1, a0, 2731
x11 <- 0xAAAAAAAAAAAAA556
mem[X,0x0000000080002CD4] -> 0x3C23
mem[X,0x0000000080002CD6] -> 0x34B1
[2874] [M]: 0x0000000080002CD4 (0x34B13C23) sd a1, 856(sp)
mem[0x0000000080007D28] <- 0xAAAAAAAAAAAAA556
mem[X,0x0000000080002CD8] -> 0xB537
mem[X,0x0000000080002CDA] -> 0xAAAA
[2875] [M]: 0x0000000080002CD8 (0xAAAAB537) lui a0, 699051
x10 <- 0xFFFFFFFFAAAAB000
mem[X,0x0000000080002CDC] -> 0x0513
mem[X,0x0000000080002CDE] -> 0xAAA5
[2876] [M]: 0x0000000080002CDC (0xAAA50513) addi a0, a0, 2730
x10 <- 0xFFFFFFFFAAAAAAAA
mem[X,0x0000000080002CE0] -> 0x1513
mem[X,0x0000000080002CE2] -> 0x00B5
[2877] [M]: 0x0000000080002CE0 (0x00B51513) slli a0, a0, 11
x10 <- 0xFFFFFD5555555000
mem[X,0x0000000080002CE4] -> 0x0513
mem[X,0x0000000080002CE6] -> 0x5555
[2878] [M]: 0x0000000080002CE4 (0x55550513) addi a0, a0, 1365
x10 <- 0xFFFFFD5555555555
mem[X,0x0000000080002CE8] -> 0x1513
mem[X,0x0000000080002CEA] -> 0x00B5
[2879] [M]: 0x0000000080002CE8 (0x00B51513) slli a0, a0, 11
x10 <- 0xFFEAAAAAAAAAA800
mem[X,0x0000000080002CEC] -> 0x0513
mem[X,0x0000000080002CEE] -> 0x2AA5
[2880] [M]: 0x0000000080002CEC (0x2AA50513) addi a0, a0, 682
x10 <- 0xFFEAAAAAAAAAAAAA
mem[X,0x0000000080002CF0] -> 0x1513
mem[X,0x0000000080002CF2] -> 0x00A5
[2881] [M]: 0x0000000080002CF0 (0x00A51513) slli a0, a0, 10
x10 <- 0xAAAAAAAAAAAAA800
mem[X,0x0000000080002CF4] -> 0x0513
mem[X,0x0000000080002CF6] -> 0x2AB5
[2882] [M]: 0x0000000080002CF4 (0x2AB50513) addi a0, a0, 683
x10 <- 0xAAAAAAAAAAAAAAAB
mem[X,0x0000000080002CF8] -> 0x0593
mem[X,0x0000000080002CFA] -> 0x0065
[2883] [M]: 0x0000000080002CF8 (0x00650593) addi a1, a0, 6
x11 <- 0xAAAAAAAAAAAAAAB1
mem[X,0x0000000080002CFC] -> 0x3023
mem[X,0x0000000080002CFE] -> 0x36B1
[2884] [M]: 0x0000000080002CFC (0x36B13023) sd a1, 864(sp)
mem[0x0000000080007D30] <- 0xAAAAAAAAAAAAAAB1
mem[X,0x0000000080002D00] -> 0xB537
mem[X,0x0000000080002D02] -> 0xAAAA
[2885] [M]: 0x0000000080002D00 (0xAAAAB537) lui a0, 699051
x10 <- 0xFFFFFFFFAAAAB000
mem[X,0x0000000080002D04] -> 0x0513
mem[X,0x0000000080002D06] -> 0xAAA5
[2886] [M]: 0x0000000080002D04 (0xAAA50513) addi a0, a0, 2730
x10 <- 0xFFFFFFFFAAAAAAAA
mem[X,0x0000000080002D08] -> 0x1513
mem[X,0x0000000080002D0A] -> 0x00B5
[2887] [M]: 0x0000000080002D08 (0x00B51513) slli a0, a0, 11
x10 <- 0xFFFFFD5555555000
mem[X,0x0000000080002D0C] -> 0x0513
mem[X,0x0000000080002D0E] -> 0x5555
[2888] [M]: 0x0000000080002D0C (0x55550513) addi a0, a0, 1365
x10 <- 0xFFFFFD5555555555
mem[X,0x0000000080002D10] -> 0x1513
mem[X,0x0000000080002D12] -> 0x00B5
[2889] [M]: 0x0000000080002D10 (0x00B51513) slli a0, a0, 11
x10 <- 0xFFEAAAAAAAAAA800
mem[X,0x0000000080002D14] -> 0x0513
mem[X,0x0000000080002D16] -> 0x2AA5
[2890] [M]: 0x0000000080002D14 (0x2AA50513) addi a0, a0, 682
x10 <- 0xFFEAAAAAAAAAAAAA
mem[X,0x0000000080002D18] -> 0x1513
mem[X,0x0000000080002D1A] -> 0x00A5
[2891] [M]: 0x0000000080002D18 (0x00A51513) slli a0, a0, 10
x10 <- 0xAAAAAAAAAAAAA800
mem[X,0x0000000080002D1C] -> 0x0513
mem[X,0x0000000080002D1E] -> 0x2AB5
[2892] [M]: 0x0000000080002D1C (0x2AB50513) addi a0, a0, 683
x10 <- 0xAAAAAAAAAAAAAAAB
mem[X,0x0000000080002D20] -> 0x0593
mem[X,0x0000000080002D22] -> 0x3345
[2893] [M]: 0x0000000080002D20 (0x33450593) addi a1, a0, 820
x11 <- 0xAAAAAAAAAAAAADDF
mem[X,0x0000000080002D24] -> 0x3423
mem[X,0x0000000080002D26] -> 0x36B1
[2894] [M]: 0x0000000080002D24 (0x36B13423) sd a1, 872(sp)
mem[0x0000000080007D38] <- 0xAAAAAAAAAAAAADDF
mem[X,0x0000000080002D28] -> 0xB537
mem[X,0x0000000080002D2A] -> 0xAAAA
[2895] [M]: 0x0000000080002D28 (0xAAAAB537) lui a0, 699051
x10 <- 0xFFFFFFFFAAAAB000
mem[X,0x0000000080002D2C] -> 0x0513
mem[X,0x0000000080002D2E] -> 0xAAA5
[2896] [M]: 0x0000000080002D2C (0xAAA50513) addi a0, a0, 2730
x10 <- 0xFFFFFFFFAAAAAAAA
mem[X,0x0000000080002D30] -> 0x1513
mem[X,0x0000000080002D32] -> 0x00B5
[2897] [M]: 0x0000000080002D30 (0x00B51513) slli a0, a0, 11
x10 <- 0xFFFFFD5555555000
mem[X,0x0000000080002D34] -> 0x0513
mem[X,0x0000000080002D36] -> 0x5555
[2898] [M]: 0x0000000080002D34 (0x55550513) addi a0, a0, 1365
x10 <- 0xFFFFFD5555555555
mem[X,0x0000000080002D38] -> 0x1513
mem[X,0x0000000080002D3A] -> 0x00B5
[2899] [M]: 0x0000000080002D38 (0x00B51513) slli a0, a0, 11
x10 <- 0xFFEAAAAAAAAAA800
clint::tick mtime <- 0x000000000000001D
 clint timer pending at mtime 0x000000000000001D
htif::tick 0x0000000000000000
mem[X,0x0000000080002D3C] -> 0x0513
mem[X,0x0000000080002D3E] -> 0x2AA5
[2900] [M]: 0x0000000080002D3C (0x2AA50513) addi a0, a0, 682
x10 <- 0xFFEAAAAAAAAAAAAA
mem[X,0x0000000080002D40] -> 0x1513
mem[X,0x0000000080002D42] -> 0x00A5
[2901] [M]: 0x0000000080002D40 (0x00A51513) slli a0, a0, 10
x10 <- 0xAAAAAAAAAAAAA800
mem[X,0x0000000080002D44] -> 0x0513
mem[X,0x0000000080002D46] -> 0x2AB5
[2902] [M]: 0x0000000080002D44 (0x2AB50513) addi a0, a0, 683
x10 <- 0xAAAAAAAAAAAAAAAB
mem[X,0x0000000080002D48] -> 0x0593
mem[X,0x0000000080002D4A] -> 0x6675
[2903] [M]: 0x0000000080002D48 (0x66750593) addi a1, a0, 1639
x11 <- 0xAAAAAAAAAAAAB112
mem[X,0x0000000080002D4C] -> 0x3823
mem[X,0x0000000080002D4E] -> 0x36B1
[2904] [M]: 0x0000000080002D4C (0x36B13823) sd a1, 880(sp)
mem[0x0000000080007D40] <- 0xAAAAAAAAAAAAB112
mem[X,0x0000000080002D50] -> 0xB537
mem[X,0x0000000080002D52] -> 0xAAAA
[2905] [M]: 0x0000000080002D50 (0xAAAAB537) lui a0, 699051
x10 <- 0xFFFFFFFFAAAAB000
mem[X,0x0000000080002D54] -> 0x0513
mem[X,0x0000000080002D56] -> 0xAAA5
[2906] [M]: 0x0000000080002D54 (0xAAA50513) addi a0, a0, 2730
x10 <- 0xFFFFFFFFAAAAAAAA
mem[X,0x0000000080002D58] -> 0x1513
mem[X,0x0000000080002D5A] -> 0x00B5
[2907] [M]: 0x0000000080002D58 (0x00B51513) slli a0, a0, 11
x10 <- 0xFFFFFD5555555000
mem[X,0x0000000080002D5C] -> 0x0513
mem[X,0x0000000080002D5E] -> 0x5555
[2908] [M]: 0x0000000080002D5C (0x55550513) addi a0, a0, 1365
x10 <- 0xFFFFFD5555555555
mem[X,0x0000000080002D60] -> 0x1513
mem[X,0x0000000080002D62] -> 0x00B5
[2909] [M]: 0x0000000080002D60 (0x00B51513) slli a0, a0, 11
x10 <- 0xFFEAAAAAAAAAA800
mem[X,0x0000000080002D64] -> 0x0513
mem[X,0x0000000080002D66] -> 0x2AA5
[2910] [M]: 0x0000000080002D64 (0x2AA50513) addi a0, a0, 682
x10 <- 0xFFEAAAAAAAAAAAAA
mem[X,0x0000000080002D68] -> 0x1513
mem[X,0x0000000080002D6A] -> 0x00A5
[2911] [M]: 0x0000000080002D68 (0x00A51513) slli a0, a0, 10
x10 <- 0xAAAAAAAAAAAAA800
mem[X,0x0000000080002D6C] -> 0x0513
mem[X,0x0000000080002D6E] -> 0x2AB5
[2912] [M]: 0x0000000080002D6C (0x2AB50513) addi a0, a0, 683
x10 <- 0xAAAAAAAAAAAAAAAB
mem[X,0x0000000080002D70] -> 0x0593
mem[X,0x0000000080002D72] -> 0xFD45
[2913] [M]: 0x0000000080002D70 (0xFD450593) addi a1, a0, 4052
x11 <- 0xAAAAAAAAAAAAAA7F
mem[X,0x0000000080002D74] -> 0x3C23
mem[X,0x0000000080002D76] -> 0x36B1
[2914] [M]: 0x0000000080002D74 (0x36B13C23) sd a1, 888(sp)
mem[0x0000000080007D48] <- 0xAAAAAAAAAAAAAA7F
mem[X,0x0000000080002D78] -> 0xB537
mem[X,0x0000000080002D7A] -> 0xAAAA
[2915] [M]: 0x0000000080002D78 (0xAAAAB537) lui a0, 699051
x10 <- 0xFFFFFFFFAAAAB000
mem[X,0x0000000080002D7C] -> 0x0513
mem[X,0x0000000080002D7E] -> 0xAAA5
[2916] [M]: 0x0000000080002D7C (0xAAA50513) addi a0, a0, 2730
x10 <- 0xFFFFFFFFAAAAAAAA
mem[X,0x0000000080002D80] -> 0x1513
mem[X,0x0000000080002D82] -> 0x00B5
[2917] [M]: 0x0000000080002D80 (0x00B51513) slli a0, a0, 11
x10 <- 0xFFFFFD5555555000
mem[X,0x0000000080002D84] -> 0x0513
mem[X,0x0000000080002D86] -> 0x5555
[2918] [M]: 0x0000000080002D84 (0x55550513) addi a0, a0, 1365
x10 <- 0xFFFFFD5555555555
mem[X,0x0000000080002D88] -> 0x1513
mem[X,0x0000000080002D8A] -> 0x00B5
[2919] [M]: 0x0000000080002D88 (0x00B51513) slli a0, a0, 11
x10 <- 0xFFEAAAAAAAAAA800
mem[X,0x0000000080002D8C] -> 0x0513
mem[X,0x0000000080002D8E] -> 0x2AA5
[2920] [M]: 0x0000000080002D8C (0x2AA50513) addi a0, a0, 682
x10 <- 0xFFEAAAAAAAAAAAAA
mem[X,0x0000000080002D90] -> 0x1513
mem[X,0x0000000080002D92] -> 0x00A5
[2921] [M]: 0x0000000080002D90 (0x00A51513) slli a0, a0, 10
x10 <- 0xAAAAAAAAAAAAA800
mem[X,0x0000000080002D94] -> 0x0513
mem[X,0x0000000080002D96] -> 0x2AB5
[2922] [M]: 0x0000000080002D94 (0x2AB50513) addi a0, a0, 683
x10 <- 0xAAAAAAAAAAAAAAAB
mem[X,0x0000000080002D98] -> 0x0593
mem[X,0x0000000080002D9A] -> 0x02E5
[2923] [M]: 0x0000000080002D98 (0x02E50593) addi a1, a0, 46
x11 <- 0xAAAAAAAAAAAAAAD9
mem[X,0x0000000080002D9C] -> 0x3023
mem[X,0x0000000080002D9E] -> 0x38B1
[2924] [M]: 0x0000000080002D9C (0x38B13023) sd a1, 896(sp)
mem[0x0000000080007D50] <- 0xAAAAAAAAAAAAAAD9
mem[X,0x0000000080002DA0] -> 0x0513
mem[X,0x0000000080002DA2] -> 0x0060
[2925] [M]: 0x0000000080002DA0 (0x00600513) addi a0, zero, 6
x10 <- 0x0000000000000006
mem[X,0x0000000080002DA4] -> 0x0593
mem[X,0x0000000080002DA6] -> 0x0035
[2926] [M]: 0x0000000080002DA4 (0x00350593) addi a1, a0, 3
x11 <- 0x0000000000000009
mem[X,0x0000000080002DA8] -> 0x3423
mem[X,0x0000000080002DAA] -> 0x38B1
[2927] [M]: 0x0000000080002DA8 (0x38B13423) sd a1, 904(sp)
mem[0x0000000080007D58] <- 0x0000000000000009
mem[X,0x0000000080002DAC] -> 0x0513
mem[X,0x0000000080002DAE] -> 0x0060
[2928] [M]: 0x0000000080002DAC (0x00600513) addi a0, zero, 6
x10 <- 0x0000000000000006
mem[X,0x0000000080002DB0] -> 0x0593
mem[X,0x0000000080002DB2] -> 0x5555
[2929] [M]: 0x0000000080002DB0 (0x55550593) addi a1, a0, 1365
x11 <- 0x000000000000055B
mem[X,0x0000000080002DB4] -> 0x3823
mem[X,0x0000000080002DB6] -> 0x38B1
[2930] [M]: 0x0000000080002DB4 (0x38B13823) sd a1, 912(sp)
mem[0x0000000080007D60] <- 0x000000000000055B
mem[X,0x0000000080002DB8] -> 0x0513
mem[X,0x0000000080002DBA] -> 0x0060
[2931] [M]: 0x0000000080002DB8 (0x00600513) addi a0, zero, 6
x10 <- 0x0000000000000006
mem[X,0x0000000080002DBC] -> 0x0593
mem[X,0x0000000080002DBE] -> 0xAAA5
[2932] [M]: 0x0000000080002DBC (0xAAA50593) addi a1, a0, 2730
x11 <- 0xFFFFFFFFFFFFFAB0
mem[X,0x0000000080002DC0] -> 0x3C23
mem[X,0x0000000080002DC2] -> 0x38B1
[2933] [M]: 0x0000000080002DC0 (0x38B13C23) sd a1, 920(sp)
mem[0x0000000080007D68] <- 0xFFFFFFFFFFFFFAB0
mem[X,0x0000000080002DC4] -> 0x0513
mem[X,0x0000000080002DC6] -> 0x0060
[2934] [M]: 0x0000000080002DC4 (0x00600513) addi a0, zero, 6
x10 <- 0x0000000000000006
mem[X,0x0000000080002DC8] -> 0x0593
mem[X,0x0000000080002DCA] -> 0x0055
[2935] [M]: 0x0000000080002DC8 (0x00550593) addi a1, a0, 5
x11 <- 0x000000000000000B
mem[X,0x0000000080002DCC] -> 0x3023
mem[X,0x0000000080002DCE] -> 0x3AB1
[2936] [M]: 0x0000000080002DCC (0x3AB13023) sd a1, 928(sp)
mem[0x0000000080007D70] <- 0x000000000000000B
mem[X,0x0000000080002DD0] -> 0x0513
mem[X,0x0000000080002DD2] -> 0x0060
[2937] [M]: 0x0000000080002DD0 (0x00600513) addi a0, zero, 6
x10 <- 0x0000000000000006
mem[X,0x0000000080002DD4] -> 0x0593
mem[X,0x0000000080002DD6] -> 0x3335
[2938] [M]: 0x0000000080002DD4 (0x33350593) addi a1, a0, 819
x11 <- 0x0000000000000339
mem[X,0x0000000080002DD8] -> 0x3423
mem[X,0x0000000080002DDA] -> 0x3AB1
[2939] [M]: 0x0000000080002DD8 (0x3AB13423) sd a1, 936(sp)
mem[0x0000000080007D78] <- 0x0000000000000339
mem[X,0x0000000080002DDC] -> 0x0513
mem[X,0x0000000080002DDE] -> 0x0060
[2940] [M]: 0x0000000080002DDC (0x00600513) addi a0, zero, 6
x10 <- 0x0000000000000006
mem[X,0x0000000080002DE0] -> 0x0593
mem[X,0x0000000080002DE2] -> 0x6665
[2941] [M]: 0x0000000080002DE0 (0x66650593) addi a1, a0, 1638
x11 <- 0x000000000000066C
mem[X,0x0000000080002DE4] -> 0x3823
mem[X,0x0000000080002DE6] -> 0x3AB1
[2942] [M]: 0x0000000080002DE4 (0x3AB13823) sd a1, 944(sp)
mem[0x0000000080007D80] <- 0x000000000000066C
mem[X,0x0000000080002DE8] -> 0x0513
mem[X,0x0000000080002DEA] -> 0x0060
[2943] [M]: 0x0000000080002DE8 (0x00600513) addi a0, zero, 6
x10 <- 0x0000000000000006
mem[X,0x0000000080002DEC] -> 0x0593
mem[X,0x0000000080002DEE] -> 0xFD35
[2944] [M]: 0x0000000080002DEC (0xFD350593) addi a1, a0, 4051
x11 <- 0xFFFFFFFFFFFFFFD9
mem[X,0x0000000080002DF0] -> 0x3C23
mem[X,0x0000000080002DF2] -> 0x3AB1
[2945] [M]: 0x0000000080002DF0 (0x3AB13C23) sd a1, 952(sp)
mem[0x0000000080007D88] <- 0xFFFFFFFFFFFFFFD9
mem[X,0x0000000080002DF4] -> 0x0513
mem[X,0x0000000080002DF6] -> 0x0060
[2946] [M]: 0x0000000080002DF4 (0x00600513) addi a0, zero, 6
x10 <- 0x0000000000000006
mem[X,0x0000000080002DF8] -> 0x0593
mem[X,0x0000000080002DFA] -> 0x02D5
[2947] [M]: 0x0000000080002DF8 (0x02D50593) addi a1, a0, 45
x11 <- 0x0000000000000033
mem[X,0x0000000080002DFC] -> 0x3023
mem[X,0x0000000080002DFE] -> 0x3CB1
[2948] [M]: 0x0000000080002DFC (0x3CB13023) sd a1, 960(sp)
mem[0x0000000080007D90] <- 0x0000000000000033
mem[X,0x0000000080002E00] -> 0x0513
mem[X,0x0000000080002E02] -> 0x0060
[2949] [M]: 0x0000000080002E00 (0x00600513) addi a0, zero, 6
x10 <- 0x0000000000000006
mem[X,0x0000000080002E04] -> 0x0593
mem[X,0x0000000080002E06] -> 0x0025
[2950] [M]: 0x0000000080002E04 (0x00250593) addi a1, a0, 2
x11 <- 0x0000000000000008
mem[X,0x0000000080002E08] -> 0x3423
mem[X,0x0000000080002E0A] -> 0x3CB1
[2951] [M]: 0x0000000080002E08 (0x3CB13423) sd a1, 968(sp)
mem[0x0000000080007D98] <- 0x0000000000000008
mem[X,0x0000000080002E0C] -> 0x0513
mem[X,0x0000000080002E0E] -> 0x0060
[2952] [M]: 0x0000000080002E0C (0x00600513) addi a0, zero, 6
x10 <- 0x0000000000000006
mem[X,0x0000000080002E10] -> 0x0593
mem[X,0x0000000080002E12] -> 0x5545
[2953] [M]: 0x0000000080002E10 (0x55450593) addi a1, a0, 1364
x11 <- 0x000000000000055A
mem[X,0x0000000080002E14] -> 0x3823
mem[X,0x0000000080002E16] -> 0x3CB1
[2954] [M]: 0x0000000080002E14 (0x3CB13823) sd a1, 976(sp)
mem[0x0000000080007DA0] <- 0x000000000000055A
mem[X,0x0000000080002E18] -> 0x0513
mem[X,0x0000000080002E1A] -> 0x0060
[2955] [M]: 0x0000000080002E18 (0x00600513) addi a0, zero, 6
x10 <- 0x0000000000000006
mem[X,0x0000000080002E1C] -> 0x0593
mem[X,0x0000000080002E1E] -> 0x0005
[2956] [M]: 0x0000000080002E1C (0x00050593) addi a1, a0, 0
x11 <- 0x0000000000000006
mem[X,0x0000000080002E20] -> 0x3C23
mem[X,0x0000000080002E22] -> 0x3CB1
[2957] [M]: 0x0000000080002E20 (0x3CB13C23) sd a1, 984(sp)
mem[0x0000000080007DA8] <- 0x0000000000000006
mem[X,0x0000000080002E24] -> 0x0513
mem[X,0x0000000080002E26] -> 0x0060
[2958] [M]: 0x0000000080002E24 (0x00600513) addi a0, zero, 6
x10 <- 0x0000000000000006
mem[X,0x0000000080002E28] -> 0x0593
mem[X,0x0000000080002E2A] -> 0x0045
[2959] [M]: 0x0000000080002E28 (0x00450593) addi a1, a0, 4
x11 <- 0x000000000000000A
mem[X,0x0000000080002E2C] -> 0x3023
mem[X,0x0000000080002E2E] -> 0x3EB1
[2960] [M]: 0x0000000080002E2C (0x3EB13023) sd a1, 992(sp)
mem[0x0000000080007DB0] <- 0x000000000000000A
mem[X,0x0000000080002E30] -> 0x0513
mem[X,0x0000000080002E32] -> 0x0060
[2961] [M]: 0x0000000080002E30 (0x00600513) addi a0, zero, 6
x10 <- 0x0000000000000006
mem[X,0x0000000080002E34] -> 0x0593
mem[X,0x0000000080002E36] -> 0x3325
[2962] [M]: 0x0000000080002E34 (0x33250593) addi a1, a0, 818
x11 <- 0x0000000000000338
mem[X,0x0000000080002E38] -> 0x3423
mem[X,0x0000000080002E3A] -> 0x3EB1
[2963] [M]: 0x0000000080002E38 (0x3EB13423) sd a1, 1000(sp)
mem[0x0000000080007DB8] <- 0x0000000000000338
mem[X,0x0000000080002E3C] -> 0x0513
mem[X,0x0000000080002E3E] -> 0x0060
[2964] [M]: 0x0000000080002E3C (0x00600513) addi a0, zero, 6
x10 <- 0x0000000000000006
mem[X,0x0000000080002E40] -> 0x0593
mem[X,0x0000000080002E42] -> 0x6655
[2965] [M]: 0x0000000080002E40 (0x66550593) addi a1, a0, 1637
x11 <- 0x000000000000066B
mem[X,0x0000000080002E44] -> 0x3823
mem[X,0x0000000080002E46] -> 0x3EB1
[2966] [M]: 0x0000000080002E44 (0x3EB13823) sd a1, 1008(sp)
mem[0x0000000080007DC0] <- 0x000000000000066B
mem[X,0x0000000080002E48] -> 0x0513
mem[X,0x0000000080002E4A] -> 0x0060
[2967] [M]: 0x0000000080002E48 (0x00600513) addi a0, zero, 6
x10 <- 0x0000000000000006
mem[X,0x0000000080002E4C] -> 0x0593
mem[X,0x0000000080002E4E] -> 0x02C5
[2968] [M]: 0x0000000080002E4C (0x02C50593) addi a1, a0, 44
x11 <- 0x0000000000000032
mem[X,0x0000000080002E50] -> 0x3C23
mem[X,0x0000000080002E52] -> 0x3EB1
[2969] [M]: 0x0000000080002E50 (0x3EB13C23) sd a1, 1016(sp)
mem[0x0000000080007DC8] <- 0x0000000000000032
mem[X,0x0000000080002E54] -> 0x0513
mem[X,0x0000000080002E56] -> 0x0060
[2970] [M]: 0x0000000080002E54 (0x00600513) addi a0, zero, 6
x10 <- 0x0000000000000006
mem[X,0x0000000080002E58] -> 0x0593
mem[X,0x0000000080002E5A] -> 0x5565
[2971] [M]: 0x0000000080002E58 (0x55650593) addi a1, a0, 1366
x11 <- 0x000000000000055C
mem[X,0x0000000080002E5C] -> 0x3023
mem[X,0x0000000080002E5E] -> 0x40B1
[2972] [M]: 0x0000000080002E5C (0x40B13023) sd a1, 1024(sp)
mem[0x0000000080007DD0] <- 0x000000000000055C
mem[X,0x0000000080002E60] -> 0x0513
mem[X,0x0000000080002E62] -> 0x0060
[2973] [M]: 0x0000000080002E60 (0x00600513) addi a0, zero, 6
x10 <- 0x0000000000000006
mem[X,0x0000000080002E64] -> 0x0593
mem[X,0x0000000080002E66] -> 0xAAB5
[2974] [M]: 0x0000000080002E64 (0xAAB50593) addi a1, a0, 2731
x11 <- 0xFFFFFFFFFFFFFAB1
mem[X,0x0000000080002E68] -> 0x3423
mem[X,0x0000000080002E6A] -> 0x40B1
[2975] [M]: 0x0000000080002E68 (0x40B13423) sd a1, 1032(sp)
mem[0x0000000080007DD8] <- 0xFFFFFFFFFFFFFAB1
mem[X,0x0000000080002E6C] -> 0x0513
mem[X,0x0000000080002E6E] -> 0x0060
[2976] [M]: 0x0000000080002E6C (0x00600513) addi a0, zero, 6
x10 <- 0x0000000000000006
mem[X,0x0000000080002E70] -> 0x0593
mem[X,0x0000000080002E72] -> 0x0065
[2977] [M]: 0x0000000080002E70 (0x00650593) addi a1, a0, 6
x11 <- 0x000000000000000C
mem[X,0x0000000080002E74] -> 0x3823
mem[X,0x0000000080002E76] -> 0x40B1
[2978] [M]: 0x0000000080002E74 (0x40B13823) sd a1, 1040(sp)
mem[0x0000000080007DE0] <- 0x000000000000000C
mem[X,0x0000000080002E78] -> 0x0513
mem[X,0x0000000080002E7A] -> 0x0060
[2979] [M]: 0x0000000080002E78 (0x00600513) addi a0, zero, 6
x10 <- 0x0000000000000006
mem[X,0x0000000080002E7C] -> 0x0593
mem[X,0x0000000080002E7E] -> 0x3345
[2980] [M]: 0x0000000080002E7C (0x33450593) addi a1, a0, 820
x11 <- 0x000000000000033A
mem[X,0x0000000080002E80] -> 0x3C23
mem[X,0x0000000080002E82] -> 0x40B1
[2981] [M]: 0x0000000080002E80 (0x40B13C23) sd a1, 1048(sp)
mem[0x0000000080007DE8] <- 0x000000000000033A
mem[X,0x0000000080002E84] -> 0x0513
mem[X,0x0000000080002E86] -> 0x0060
[2982] [M]: 0x0000000080002E84 (0x00600513) addi a0, zero, 6
x10 <- 0x0000000000000006
mem[X,0x0000000080002E88] -> 0x0593
mem[X,0x0000000080002E8A] -> 0x6675
[2983] [M]: 0x0000000080002E88 (0x66750593) addi a1, a0, 1639
x11 <- 0x000000000000066D
mem[X,0x0000000080002E8C] -> 0x3023
mem[X,0x0000000080002E8E] -> 0x42B1
[2984] [M]: 0x0000000080002E8C (0x42B13023) sd a1, 1056(sp)
mem[0x0000000080007DF0] <- 0x000000000000066D
mem[X,0x0000000080002E90] -> 0x0513
mem[X,0x0000000080002E92] -> 0x0060
[2985] [M]: 0x0000000080002E90 (0x00600513) addi a0, zero, 6
x10 <- 0x0000000000000006
mem[X,0x0000000080002E94] -> 0x0593
mem[X,0x0000000080002E96] -> 0xFD45
[2986] [M]: 0x0000000080002E94 (0xFD450593) addi a1, a0, 4052
x11 <- 0xFFFFFFFFFFFFFFDA
mem[X,0x0000000080002E98] -> 0x3423
mem[X,0x0000000080002E9A] -> 0x42B1
[2987] [M]: 0x0000000080002E98 (0x42B13423) sd a1, 1064(sp)
mem[0x0000000080007DF8] <- 0xFFFFFFFFFFFFFFDA
mem[X,0x0000000080002E9C] -> 0x0513
mem[X,0x0000000080002E9E] -> 0x0060
[2988] [M]: 0x0000000080002E9C (0x00600513) addi a0, zero, 6
x10 <- 0x0000000000000006
mem[X,0x0000000080002EA0] -> 0x0593
mem[X,0x0000000080002EA2] -> 0x02E5
[2989] [M]: 0x0000000080002EA0 (0x02E50593) addi a1, a0, 46
x11 <- 0x0000000000000034
mem[X,0x0000000080002EA4] -> 0x3823
mem[X,0x0000000080002EA6] -> 0x42B1
[2990] [M]: 0x0000000080002EA4 (0x42B13823) sd a1, 1072(sp)
mem[0x0000000080007E00] <- 0x0000000000000034
mem[X,0x0000000080002EA8] -> 0x3537
mem[X,0x0000000080002EAA] -> 0x3333
[2991] [M]: 0x0000000080002EA8 (0x33333537) lui a0, 209715
x10 <- 0x0000000033333000
mem[X,0x0000000080002EAC] -> 0x0513
mem[X,0x0000000080002EAE] -> 0x3335
[2992] [M]: 0x0000000080002EAC (0x33350513) addi a0, a0, 819
x10 <- 0x0000000033333333
mem[X,0x0000000080002EB0] -> 0x1513
mem[X,0x0000000080002EB2] -> 0x00B5
[2993] [M]: 0x0000000080002EB0 (0x00B51513) slli a0, a0, 11
x10 <- 0x0000019999999800
mem[X,0x0000000080002EB4] -> 0x0513
mem[X,0x0000000080002EB6] -> 0x1995
[2994] [M]: 0x0000000080002EB4 (0x19950513) addi a0, a0, 409
x10 <- 0x0000019999999999
mem[X,0x0000000080002EB8] -> 0x1513
mem[X,0x0000000080002EBA] -> 0x00B5
[2995] [M]: 0x0000000080002EB8 (0x00B51513) slli a0, a0, 11
x10 <- 0x000CCCCCCCCCC800
mem[X,0x0000000080002EBC] -> 0x0513
mem[X,0x0000000080002EBE] -> 0x4CC5
[2996] [M]: 0x0000000080002EBC (0x4CC50513) addi a0, a0, 1228
x10 <- 0x000CCCCCCCCCCCCC
mem[X,0x0000000080002EC0] -> 0x1513
mem[X,0x0000000080002EC2] -> 0x00A5
[2997] [M]: 0x0000000080002EC0 (0x00A51513) slli a0, a0, 10
x10 <- 0x3333333333333000
mem[X,0x0000000080002EC4] -> 0x0513
mem[X,0x0000000080002EC6] -> 0x3345
[2998] [M]: 0x0000000080002EC4 (0x33450513) addi a0, a0, 820
x10 <- 0x3333333333333334
mem[X,0x0000000080002EC8] -> 0x0593
mem[X,0x0000000080002ECA] -> 0x0035
[2999] [M]: 0x0000000080002EC8 (0x00350593) addi a1, a0, 3
x11 <- 0x3333333333333337
clint::tick mtime <- 0x000000000000001E
 clint timer pending at mtime 0x000000000000001E
htif::tick 0x0000000000000000
mem[X,0x0000000080002ECC] -> 0x3C23
mem[X,0x0000000080002ECE] -> 0x42B1
[3000] [M]: 0x0000000080002ECC (0x42B13C23) sd a1, 1080(sp)
mem[0x0000000080007E08] <- 0x3333333333333337
mem[X,0x0000000080002ED0] -> 0x3537
mem[X,0x0000000080002ED2] -> 0x3333
[3001] [M]: 0x0000000080002ED0 (0x33333537) lui a0, 209715
x10 <- 0x0000000033333000
mem[X,0x0000000080002ED4] -> 0x0513
mem[X,0x0000000080002ED6] -> 0x3335
[3002] [M]: 0x0000000080002ED4 (0x33350513) addi a0, a0, 819
x10 <- 0x0000000033333333
mem[X,0x0000000080002ED8] -> 0x1513
mem[X,0x0000000080002EDA] -> 0x00B5
[3003] [M]: 0x0000000080002ED8 (0x00B51513) slli a0, a0, 11
x10 <- 0x0000019999999800
mem[X,0x0000000080002EDC] -> 0x0513
mem[X,0x0000000080002EDE] -> 0x1995
[3004] [M]: 0x0000000080002EDC (0x19950513) addi a0, a0, 409
x10 <- 0x0000019999999999
mem[X,0x0000000080002EE0] -> 0x1513
mem[X,0x0000000080002EE2] -> 0x00B5
[3005] [M]: 0x0000000080002EE0 (0x00B51513) slli a0, a0, 11
x10 <- 0x000CCCCCCCCCC800
mem[X,0x0000000080002EE4] -> 0x0513
mem[X,0x0000000080002EE6] -> 0x4CC5
[3006] [M]: 0x0000000080002EE4 (0x4CC50513) addi a0, a0, 1228
x10 <- 0x000CCCCCCCCCCCCC
mem[X,0x0000000080002EE8] -> 0x1513
mem[X,0x0000000080002EEA] -> 0x00A5
[3007] [M]: 0x0000000080002EE8 (0x00A51513) slli a0, a0, 10
x10 <- 0x3333333333333000
mem[X,0x0000000080002EEC] -> 0x0513
mem[X,0x0000000080002EEE] -> 0x3345
[3008] [M]: 0x0000000080002EEC (0x33450513) addi a0, a0, 820
x10 <- 0x3333333333333334
mem[X,0x0000000080002EF0] -> 0x0593
mem[X,0x0000000080002EF2] -> 0x5555
[3009] [M]: 0x0000000080002EF0 (0x55550593) addi a1, a0, 1365
x11 <- 0x3333333333333889
mem[X,0x0000000080002EF4] -> 0x3023
mem[X,0x0000000080002EF6] -> 0x44B1
[3010] [M]: 0x0000000080002EF4 (0x44B13023) sd a1, 1088(sp)
mem[0x0000000080007E10] <- 0x3333333333333889
mem[X,0x0000000080002EF8] -> 0x3537
mem[X,0x0000000080002EFA] -> 0x3333
[3011] [M]: 0x0000000080002EF8 (0x33333537) lui a0, 209715
x10 <- 0x0000000033333000
mem[X,0x0000000080002EFC] -> 0x0513
mem[X,0x0000000080002EFE] -> 0x3335
[3012] [M]: 0x0000000080002EFC (0x33350513) addi a0, a0, 819
x10 <- 0x0000000033333333
mem[X,0x0000000080002F00] -> 0x1513
mem[X,0x0000000080002F02] -> 0x00B5
[3013] [M]: 0x0000000080002F00 (0x00B51513) slli a0, a0, 11
x10 <- 0x0000019999999800
mem[X,0x0000000080002F04] -> 0x0513
mem[X,0x0000000080002F06] -> 0x1995
[3014] [M]: 0x0000000080002F04 (0x19950513) addi a0, a0, 409
x10 <- 0x0000019999999999
mem[X,0x0000000080002F08] -> 0x1513
mem[X,0x0000000080002F0A] -> 0x00B5
[3015] [M]: 0x0000000080002F08 (0x00B51513) slli a0, a0, 11
x10 <- 0x000CCCCCCCCCC800
mem[X,0x0000000080002F0C] -> 0x0513
mem[X,0x0000000080002F0E] -> 0x4CC5
[3016] [M]: 0x0000000080002F0C (0x4CC50513) addi a0, a0, 1228
x10 <- 0x000CCCCCCCCCCCCC
mem[X,0x0000000080002F10] -> 0x1513
mem[X,0x0000000080002F12] -> 0x00A5
[3017] [M]: 0x0000000080002F10 (0x00A51513) slli a0, a0, 10
x10 <- 0x3333333333333000
mem[X,0x0000000080002F14] -> 0x0513
mem[X,0x0000000080002F16] -> 0x3345
[3018] [M]: 0x0000000080002F14 (0x33450513) addi a0, a0, 820
x10 <- 0x3333333333333334
mem[X,0x0000000080002F18] -> 0x0593
mem[X,0x0000000080002F1A] -> 0xAAA5
[3019] [M]: 0x0000000080002F18 (0xAAA50593) addi a1, a0, 2730
x11 <- 0x3333333333332DDE
mem[X,0x0000000080002F1C] -> 0x3423
mem[X,0x0000000080002F1E] -> 0x44B1
[3020] [M]: 0x0000000080002F1C (0x44B13423) sd a1, 1096(sp)
mem[0x0000000080007E18] <- 0x3333333333332DDE
mem[X,0x0000000080002F20] -> 0x3537
mem[X,0x0000000080002F22] -> 0x3333
[3021] [M]: 0x0000000080002F20 (0x33333537) lui a0, 209715
x10 <- 0x0000000033333000
mem[X,0x0000000080002F24] -> 0x0513
mem[X,0x0000000080002F26] -> 0x3335
[3022] [M]: 0x0000000080002F24 (0x33350513) addi a0, a0, 819
x10 <- 0x0000000033333333
mem[X,0x0000000080002F28] -> 0x1513
mem[X,0x0000000080002F2A] -> 0x00B5
[3023] [M]: 0x0000000080002F28 (0x00B51513) slli a0, a0, 11
x10 <- 0x0000019999999800
mem[X,0x0000000080002F2C] -> 0x0513
mem[X,0x0000000080002F2E] -> 0x1995
[3024] [M]: 0x0000000080002F2C (0x19950513) addi a0, a0, 409
x10 <- 0x0000019999999999
mem[X,0x0000000080002F30] -> 0x1513
mem[X,0x0000000080002F32] -> 0x00B5
[3025] [M]: 0x0000000080002F30 (0x00B51513) slli a0, a0, 11
x10 <- 0x000CCCCCCCCCC800
mem[X,0x0000000080002F34] -> 0x0513
mem[X,0x0000000080002F36] -> 0x4CC5
[3026] [M]: 0x0000000080002F34 (0x4CC50513) addi a0, a0, 1228
x10 <- 0x000CCCCCCCCCCCCC
mem[X,0x0000000080002F38] -> 0x1513
mem[X,0x0000000080002F3A] -> 0x00A5
[3027] [M]: 0x0000000080002F38 (0x00A51513) slli a0, a0, 10
x10 <- 0x3333333333333000
mem[X,0x0000000080002F3C] -> 0x0513
mem[X,0x0000000080002F3E] -> 0x3345
[3028] [M]: 0x0000000080002F3C (0x33450513) addi a0, a0, 820
x10 <- 0x3333333333333334
mem[X,0x0000000080002F40] -> 0x0593
mem[X,0x0000000080002F42] -> 0x0055
[3029] [M]: 0x0000000080002F40 (0x00550593) addi a1, a0, 5
x11 <- 0x3333333333333339
mem[X,0x0000000080002F44] -> 0x3823
mem[X,0x0000000080002F46] -> 0x44B1
[3030] [M]: 0x0000000080002F44 (0x44B13823) sd a1, 1104(sp)
mem[0x0000000080007E20] <- 0x3333333333333339
mem[X,0x0000000080002F48] -> 0x3537
mem[X,0x0000000080002F4A] -> 0x3333
[3031] [M]: 0x0000000080002F48 (0x33333537) lui a0, 209715
x10 <- 0x0000000033333000
mem[X,0x0000000080002F4C] -> 0x0513
mem[X,0x0000000080002F4E] -> 0x3335
[3032] [M]: 0x0000000080002F4C (0x33350513) addi a0, a0, 819
x10 <- 0x0000000033333333
mem[X,0x0000000080002F50] -> 0x1513
mem[X,0x0000000080002F52] -> 0x00B5
[3033] [M]: 0x0000000080002F50 (0x00B51513) slli a0, a0, 11
x10 <- 0x0000019999999800
mem[X,0x0000000080002F54] -> 0x0513
mem[X,0x0000000080002F56] -> 0x1995
[3034] [M]: 0x0000000080002F54 (0x19950513) addi a0, a0, 409
x10 <- 0x0000019999999999
mem[X,0x0000000080002F58] -> 0x1513
mem[X,0x0000000080002F5A] -> 0x00B5
[3035] [M]: 0x0000000080002F58 (0x00B51513) slli a0, a0, 11
x10 <- 0x000CCCCCCCCCC800
mem[X,0x0000000080002F5C] -> 0x0513
mem[X,0x0000000080002F5E] -> 0x4CC5
[3036] [M]: 0x0000000080002F5C (0x4CC50513) addi a0, a0, 1228
x10 <- 0x000CCCCCCCCCCCCC
mem[X,0x0000000080002F60] -> 0x1513
mem[X,0x0000000080002F62] -> 0x00A5
[3037] [M]: 0x0000000080002F60 (0x00A51513) slli a0, a0, 10
x10 <- 0x3333333333333000
mem[X,0x0000000080002F64] -> 0x0513
mem[X,0x0000000080002F66] -> 0x3345
[3038] [M]: 0x0000000080002F64 (0x33450513) addi a0, a0, 820
x10 <- 0x3333333333333334
mem[X,0x0000000080002F68] -> 0x0593
mem[X,0x0000000080002F6A] -> 0x3335
[3039] [M]: 0x0000000080002F68 (0x33350593) addi a1, a0, 819
x11 <- 0x3333333333333667
mem[X,0x0000000080002F6C] -> 0x3C23
mem[X,0x0000000080002F6E] -> 0x44B1
[3040] [M]: 0x0000000080002F6C (0x44B13C23) sd a1, 1112(sp)
mem[0x0000000080007E28] <- 0x3333333333333667
mem[X,0x0000000080002F70] -> 0x3537
mem[X,0x0000000080002F72] -> 0x3333
[3041] [M]: 0x0000000080002F70 (0x33333537) lui a0, 209715
x10 <- 0x0000000033333000
mem[X,0x0000000080002F74] -> 0x0513
mem[X,0x0000000080002F76] -> 0x3335
[3042] [M]: 0x0000000080002F74 (0x33350513) addi a0, a0, 819
x10 <- 0x0000000033333333
mem[X,0x0000000080002F78] -> 0x1513
mem[X,0x0000000080002F7A] -> 0x00B5
[3043] [M]: 0x0000000080002F78 (0x00B51513) slli a0, a0, 11
x10 <- 0x0000019999999800
mem[X,0x0000000080002F7C] -> 0x0513
mem[X,0x0000000080002F7E] -> 0x1995
[3044] [M]: 0x0000000080002F7C (0x19950513) addi a0, a0, 409
x10 <- 0x0000019999999999
mem[X,0x0000000080002F80] -> 0x1513
mem[X,0x0000000080002F82] -> 0x00B5
[3045] [M]: 0x0000000080002F80 (0x00B51513) slli a0, a0, 11
x10 <- 0x000CCCCCCCCCC800
mem[X,0x0000000080002F84] -> 0x0513
mem[X,0x0000000080002F86] -> 0x4CC5
[3046] [M]: 0x0000000080002F84 (0x4CC50513) addi a0, a0, 1228
x10 <- 0x000CCCCCCCCCCCCC
mem[X,0x0000000080002F88] -> 0x1513
mem[X,0x0000000080002F8A] -> 0x00A5
[3047] [M]: 0x0000000080002F88 (0x00A51513) slli a0, a0, 10
x10 <- 0x3333333333333000
mem[X,0x0000000080002F8C] -> 0x0513
mem[X,0x0000000080002F8E] -> 0x3345
[3048] [M]: 0x0000000080002F8C (0x33450513) addi a0, a0, 820
x10 <- 0x3333333333333334
mem[X,0x0000000080002F90] -> 0x0593
mem[X,0x0000000080002F92] -> 0x6665
[3049] [M]: 0x0000000080002F90 (0x66650593) addi a1, a0, 1638
x11 <- 0x333333333333399A
mem[X,0x0000000080002F94] -> 0x3023
mem[X,0x0000000080002F96] -> 0x46B1
[3050] [M]: 0x0000000080002F94 (0x46B13023) sd a1, 1120(sp)
mem[0x0000000080007E30] <- 0x333333333333399A
mem[X,0x0000000080002F98] -> 0x3537
mem[X,0x0000000080002F9A] -> 0x3333
[3051] [M]: 0x0000000080002F98 (0x33333537) lui a0, 209715
x10 <- 0x0000000033333000
mem[X,0x0000000080002F9C] -> 0x0513
mem[X,0x0000000080002F9E] -> 0x3335
[3052] [M]: 0x0000000080002F9C (0x33350513) addi a0, a0, 819
x10 <- 0x0000000033333333
mem[X,0x0000000080002FA0] -> 0x1513
mem[X,0x0000000080002FA2] -> 0x00B5
[3053] [M]: 0x0000000080002FA0 (0x00B51513) slli a0, a0, 11
x10 <- 0x0000019999999800
mem[X,0x0000000080002FA4] -> 0x0513
mem[X,0x0000000080002FA6] -> 0x1995
[3054] [M]: 0x0000000080002FA4 (0x19950513) addi a0, a0, 409
x10 <- 0x0000019999999999
mem[X,0x0000000080002FA8] -> 0x1513
mem[X,0x0000000080002FAA] -> 0x00B5
[3055] [M]: 0x0000000080002FA8 (0x00B51513) slli a0, a0, 11
x10 <- 0x000CCCCCCCCCC800
mem[X,0x0000000080002FAC] -> 0x0513
mem[X,0x0000000080002FAE] -> 0x4CC5
[3056] [M]: 0x0000000080002FAC (0x4CC50513) addi a0, a0, 1228
x10 <- 0x000CCCCCCCCCCCCC
mem[X,0x0000000080002FB0] -> 0x1513
mem[X,0x0000000080002FB2] -> 0x00A5
[3057] [M]: 0x0000000080002FB0 (0x00A51513) slli a0, a0, 10
x10 <- 0x3333333333333000
mem[X,0x0000000080002FB4] -> 0x0513
mem[X,0x0000000080002FB6] -> 0x3345
[3058] [M]: 0x0000000080002FB4 (0x33450513) addi a0, a0, 820
x10 <- 0x3333333333333334
mem[X,0x0000000080002FB8] -> 0x0593
mem[X,0x0000000080002FBA] -> 0xFD35
[3059] [M]: 0x0000000080002FB8 (0xFD350593) addi a1, a0, 4051
x11 <- 0x3333333333333307
mem[X,0x0000000080002FBC] -> 0x3423
mem[X,0x0000000080002FBE] -> 0x46B1
[3060] [M]: 0x0000000080002FBC (0x46B13423) sd a1, 1128(sp)
mem[0x0000000080007E38] <- 0x3333333333333307
mem[X,0x0000000080002FC0] -> 0x3537
mem[X,0x0000000080002FC2] -> 0x3333
[3061] [M]: 0x0000000080002FC0 (0x33333537) lui a0, 209715
x10 <- 0x0000000033333000
mem[X,0x0000000080002FC4] -> 0x0513
mem[X,0x0000000080002FC6] -> 0x3335
[3062] [M]: 0x0000000080002FC4 (0x33350513) addi a0, a0, 819
x10 <- 0x0000000033333333
mem[X,0x0000000080002FC8] -> 0x1513
mem[X,0x0000000080002FCA] -> 0x00B5
[3063] [M]: 0x0000000080002FC8 (0x00B51513) slli a0, a0, 11
x10 <- 0x0000019999999800
mem[X,0x0000000080002FCC] -> 0x0513
mem[X,0x0000000080002FCE] -> 0x1995
[3064] [M]: 0x0000000080002FCC (0x19950513) addi a0, a0, 409
x10 <- 0x0000019999999999
mem[X,0x0000000080002FD0] -> 0x1513
mem[X,0x0000000080002FD2] -> 0x00B5
[3065] [M]: 0x0000000080002FD0 (0x00B51513) slli a0, a0, 11
x10 <- 0x000CCCCCCCCCC800
mem[X,0x0000000080002FD4] -> 0x0513
mem[X,0x0000000080002FD6] -> 0x4CC5
[3066] [M]: 0x0000000080002FD4 (0x4CC50513) addi a0, a0, 1228
x10 <- 0x000CCCCCCCCCCCCC
mem[X,0x0000000080002FD8] -> 0x1513
mem[X,0x0000000080002FDA] -> 0x00A5
[3067] [M]: 0x0000000080002FD8 (0x00A51513) slli a0, a0, 10
x10 <- 0x3333333333333000
mem[X,0x0000000080002FDC] -> 0x0513
mem[X,0x0000000080002FDE] -> 0x3345
[3068] [M]: 0x0000000080002FDC (0x33450513) addi a0, a0, 820
x10 <- 0x3333333333333334
mem[X,0x0000000080002FE0] -> 0x0593
mem[X,0x0000000080002FE2] -> 0x02D5
[3069] [M]: 0x0000000080002FE0 (0x02D50593) addi a1, a0, 45
x11 <- 0x3333333333333361
mem[X,0x0000000080002FE4] -> 0x3823
mem[X,0x0000000080002FE6] -> 0x46B1
[3070] [M]: 0x0000000080002FE4 (0x46B13823) sd a1, 1136(sp)
mem[0x0000000080007E40] <- 0x3333333333333361
mem[X,0x0000000080002FE8] -> 0x3537
mem[X,0x0000000080002FEA] -> 0x3333
[3071] [M]: 0x0000000080002FE8 (0x33333537) lui a0, 209715
x10 <- 0x0000000033333000
mem[X,0x0000000080002FEC] -> 0x0513
mem[X,0x0000000080002FEE] -> 0x3335
[3072] [M]: 0x0000000080002FEC (0x33350513) addi a0, a0, 819
x10 <- 0x0000000033333333
mem[X,0x0000000080002FF0] -> 0x1513
mem[X,0x0000000080002FF2] -> 0x00B5
[3073] [M]: 0x0000000080002FF0 (0x00B51513) slli a0, a0, 11
x10 <- 0x0000019999999800
mem[X,0x0000000080002FF4] -> 0x0513
mem[X,0x0000000080002FF6] -> 0x1995
[3074] [M]: 0x0000000080002FF4 (0x19950513) addi a0, a0, 409
x10 <- 0x0000019999999999
mem[X,0x0000000080002FF8] -> 0x1513
mem[X,0x0000000080002FFA] -> 0x00B5
[3075] [M]: 0x0000000080002FF8 (0x00B51513) slli a0, a0, 11
x10 <- 0x000CCCCCCCCCC800
mem[X,0x0000000080002FFC] -> 0x0513
mem[X,0x0000000080002FFE] -> 0x4CC5
[3076] [M]: 0x0000000080002FFC (0x4CC50513) addi a0, a0, 1228
x10 <- 0x000CCCCCCCCCCCCC
mem[X,0x0000000080003000] -> 0x1513
mem[X,0x0000000080003002] -> 0x00A5
[3077] [M]: 0x0000000080003000 (0x00A51513) slli a0, a0, 10
x10 <- 0x3333333333333000
mem[X,0x0000000080003004] -> 0x0513
mem[X,0x0000000080003006] -> 0x3345
[3078] [M]: 0x0000000080003004 (0x33450513) addi a0, a0, 820
x10 <- 0x3333333333333334
mem[X,0x0000000080003008] -> 0x0593
mem[X,0x000000008000300A] -> 0x0025
[3079] [M]: 0x0000000080003008 (0x00250593) addi a1, a0, 2
x11 <- 0x3333333333333336
mem[X,0x000000008000300C] -> 0x3C23
mem[X,0x000000008000300E] -> 0x46B1
[3080] [M]: 0x000000008000300C (0x46B13C23) sd a1, 1144(sp)
mem[0x0000000080007E48] <- 0x3333333333333336
mem[X,0x0000000080003010] -> 0x3537
mem[X,0x0000000080003012] -> 0x3333
[3081] [M]: 0x0000000080003010 (0x33333537) lui a0, 209715
x10 <- 0x0000000033333000
mem[X,0x0000000080003014] -> 0x0513
mem[X,0x0000000080003016] -> 0x3335
[3082] [M]: 0x0000000080003014 (0x33350513) addi a0, a0, 819
x10 <- 0x0000000033333333
mem[X,0x0000000080003018] -> 0x1513
mem[X,0x000000008000301A] -> 0x00B5
[3083] [M]: 0x0000000080003018 (0x00B51513) slli a0, a0, 11
x10 <- 0x0000019999999800
mem[X,0x000000008000301C] -> 0x0513
mem[X,0x000000008000301E] -> 0x1995
[3084] [M]: 0x000000008000301C (0x19950513) addi a0, a0, 409
x10 <- 0x0000019999999999
mem[X,0x0000000080003020] -> 0x1513
mem[X,0x0000000080003022] -> 0x00B5
[3085] [M]: 0x0000000080003020 (0x00B51513) slli a0, a0, 11
x10 <- 0x000CCCCCCCCCC800
mem[X,0x0000000080003024] -> 0x0513
mem[X,0x0000000080003026] -> 0x4CC5
[3086] [M]: 0x0000000080003024 (0x4CC50513) addi a0, a0, 1228
x10 <- 0x000CCCCCCCCCCCCC
mem[X,0x0000000080003028] -> 0x1513
mem[X,0x000000008000302A] -> 0x00A5
[3087] [M]: 0x0000000080003028 (0x00A51513) slli a0, a0, 10
x10 <- 0x3333333333333000
mem[X,0x000000008000302C] -> 0x0513
mem[X,0x000000008000302E] -> 0x3345
[3088] [M]: 0x000000008000302C (0x33450513) addi a0, a0, 820
x10 <- 0x3333333333333334
mem[X,0x0000000080003030] -> 0x0593
mem[X,0x0000000080003032] -> 0x5545
[3089] [M]: 0x0000000080003030 (0x55450593) addi a1, a0, 1364
x11 <- 0x3333333333333888
mem[X,0x0000000080003034] -> 0x3023
mem[X,0x0000000080003036] -> 0x48B1
[3090] [M]: 0x0000000080003034 (0x48B13023) sd a1, 1152(sp)
mem[0x0000000080007E50] <- 0x3333333333333888
mem[X,0x0000000080003038] -> 0x3537
mem[X,0x000000008000303A] -> 0x3333
[3091] [M]: 0x0000000080003038 (0x33333537) lui a0, 209715
x10 <- 0x0000000033333000
mem[X,0x000000008000303C] -> 0x0513
mem[X,0x000000008000303E] -> 0x3335
[3092] [M]: 0x000000008000303C (0x33350513) addi a0, a0, 819
x10 <- 0x0000000033333333
mem[X,0x0000000080003040] -> 0x1513
mem[X,0x0000000080003042] -> 0x00B5
[3093] [M]: 0x0000000080003040 (0x00B51513) slli a0, a0, 11
x10 <- 0x0000019999999800
mem[X,0x0000000080003044] -> 0x0513
mem[X,0x0000000080003046] -> 0x1995
[3094] [M]: 0x0000000080003044 (0x19950513) addi a0, a0, 409
x10 <- 0x0000019999999999
mem[X,0x0000000080003048] -> 0x1513
mem[X,0x000000008000304A] -> 0x00B5
[3095] [M]: 0x0000000080003048 (0x00B51513) slli a0, a0, 11
x10 <- 0x000CCCCCCCCCC800
mem[X,0x000000008000304C] -> 0x0513
mem[X,0x000000008000304E] -> 0x4CC5
[3096] [M]: 0x000000008000304C (0x4CC50513) addi a0, a0, 1228
x10 <- 0x000CCCCCCCCCCCCC
mem[X,0x0000000080003050] -> 0x1513
mem[X,0x0000000080003052] -> 0x00A5
[3097] [M]: 0x0000000080003050 (0x00A51513) slli a0, a0, 10
x10 <- 0x3333333333333000
mem[X,0x0000000080003054] -> 0x0513
mem[X,0x0000000080003056] -> 0x3345
[3098] [M]: 0x0000000080003054 (0x33450513) addi a0, a0, 820
x10 <- 0x3333333333333334
mem[X,0x0000000080003058] -> 0x0593
mem[X,0x000000008000305A] -> 0x0005
[3099] [M]: 0x0000000080003058 (0x00050593) addi a1, a0, 0
x11 <- 0x3333333333333334
clint::tick mtime <- 0x000000000000001F
 clint timer pending at mtime 0x000000000000001F
htif::tick 0x0000000000000000
mem[X,0x000000008000305C] -> 0x3423
mem[X,0x000000008000305E] -> 0x48B1
[3100] [M]: 0x000000008000305C (0x48B13423) sd a1, 1160(sp)
mem[0x0000000080007E58] <- 0x3333333333333334
mem[X,0x0000000080003060] -> 0x3537
mem[X,0x0000000080003062] -> 0x3333
[3101] [M]: 0x0000000080003060 (0x33333537) lui a0, 209715
x10 <- 0x0000000033333000
mem[X,0x0000000080003064] -> 0x0513
mem[X,0x0000000080003066] -> 0x3335
[3102] [M]: 0x0000000080003064 (0x33350513) addi a0, a0, 819
x10 <- 0x0000000033333333
mem[X,0x0000000080003068] -> 0x1513
mem[X,0x000000008000306A] -> 0x00B5
[3103] [M]: 0x0000000080003068 (0x00B51513) slli a0, a0, 11
x10 <- 0x0000019999999800
mem[X,0x000000008000306C] -> 0x0513
mem[X,0x000000008000306E] -> 0x1995
[3104] [M]: 0x000000008000306C (0x19950513) addi a0, a0, 409
x10 <- 0x0000019999999999
mem[X,0x0000000080003070] -> 0x1513
mem[X,0x0000000080003072] -> 0x00B5
[3105] [M]: 0x0000000080003070 (0x00B51513) slli a0, a0, 11
x10 <- 0x000CCCCCCCCCC800
mem[X,0x0000000080003074] -> 0x0513
mem[X,0x0000000080003076] -> 0x4CC5
[3106] [M]: 0x0000000080003074 (0x4CC50513) addi a0, a0, 1228
x10 <- 0x000CCCCCCCCCCCCC
mem[X,0x0000000080003078] -> 0x1513
mem[X,0x000000008000307A] -> 0x00A5
[3107] [M]: 0x0000000080003078 (0x00A51513) slli a0, a0, 10
x10 <- 0x3333333333333000
mem[X,0x000000008000307C] -> 0x0513
mem[X,0x000000008000307E] -> 0x3345
[3108] [M]: 0x000000008000307C (0x33450513) addi a0, a0, 820
x10 <- 0x3333333333333334
mem[X,0x0000000080003080] -> 0x0593
mem[X,0x0000000080003082] -> 0x0045
[3109] [M]: 0x0000000080003080 (0x00450593) addi a1, a0, 4
x11 <- 0x3333333333333338
mem[X,0x0000000080003084] -> 0x3823
mem[X,0x0000000080003086] -> 0x48B1
[3110] [M]: 0x0000000080003084 (0x48B13823) sd a1, 1168(sp)
mem[0x0000000080007E60] <- 0x3333333333333338
mem[X,0x0000000080003088] -> 0x3537
mem[X,0x000000008000308A] -> 0x3333
[3111] [M]: 0x0000000080003088 (0x33333537) lui a0, 209715
x10 <- 0x0000000033333000
mem[X,0x000000008000308C] -> 0x0513
mem[X,0x000000008000308E] -> 0x3335
[3112] [M]: 0x000000008000308C (0x33350513) addi a0, a0, 819
x10 <- 0x0000000033333333
mem[X,0x0000000080003090] -> 0x1513
mem[X,0x0000000080003092] -> 0x00B5
[3113] [M]: 0x0000000080003090 (0x00B51513) slli a0, a0, 11
x10 <- 0x0000019999999800
mem[X,0x0000000080003094] -> 0x0513
mem[X,0x0000000080003096] -> 0x1995
[3114] [M]: 0x0000000080003094 (0x19950513) addi a0, a0, 409
x10 <- 0x0000019999999999
mem[X,0x0000000080003098] -> 0x1513
mem[X,0x000000008000309A] -> 0x00B5
[3115] [M]: 0x0000000080003098 (0x00B51513) slli a0, a0, 11
x10 <- 0x000CCCCCCCCCC800
mem[X,0x000000008000309C] -> 0x0513
mem[X,0x000000008000309E] -> 0x4CC5
[3116] [M]: 0x000000008000309C (0x4CC50513) addi a0, a0, 1228
x10 <- 0x000CCCCCCCCCCCCC
mem[X,0x00000000800030A0] -> 0x1513
mem[X,0x00000000800030A2] -> 0x00A5
[3117] [M]: 0x00000000800030A0 (0x00A51513) slli a0, a0, 10
x10 <- 0x3333333333333000
mem[X,0x00000000800030A4] -> 0x0513
mem[X,0x00000000800030A6] -> 0x3345
[3118] [M]: 0x00000000800030A4 (0x33450513) addi a0, a0, 820
x10 <- 0x3333333333333334
mem[X,0x00000000800030A8] -> 0x0593
mem[X,0x00000000800030AA] -> 0x3325
[3119] [M]: 0x00000000800030A8 (0x33250593) addi a1, a0, 818
x11 <- 0x3333333333333666
mem[X,0x00000000800030AC] -> 0x3C23
mem[X,0x00000000800030AE] -> 0x48B1
[3120] [M]: 0x00000000800030AC (0x48B13C23) sd a1, 1176(sp)
mem[0x0000000080007E68] <- 0x3333333333333666
mem[X,0x00000000800030B0] -> 0x3537
mem[X,0x00000000800030B2] -> 0x3333
[3121] [M]: 0x00000000800030B0 (0x33333537) lui a0, 209715
x10 <- 0x0000000033333000
mem[X,0x00000000800030B4] -> 0x0513
mem[X,0x00000000800030B6] -> 0x3335
[3122] [M]: 0x00000000800030B4 (0x33350513) addi a0, a0, 819
x10 <- 0x0000000033333333
mem[X,0x00000000800030B8] -> 0x1513
mem[X,0x00000000800030BA] -> 0x00B5
[3123] [M]: 0x00000000800030B8 (0x00B51513) slli a0, a0, 11
x10 <- 0x0000019999999800
mem[X,0x00000000800030BC] -> 0x0513
mem[X,0x00000000800030BE] -> 0x1995
[3124] [M]: 0x00000000800030BC (0x19950513) addi a0, a0, 409
x10 <- 0x0000019999999999
mem[X,0x00000000800030C0] -> 0x1513
mem[X,0x00000000800030C2] -> 0x00B5
[3125] [M]: 0x00000000800030C0 (0x00B51513) slli a0, a0, 11
x10 <- 0x000CCCCCCCCCC800
mem[X,0x00000000800030C4] -> 0x0513
mem[X,0x00000000800030C6] -> 0x4CC5
[3126] [M]: 0x00000000800030C4 (0x4CC50513) addi a0, a0, 1228
x10 <- 0x000CCCCCCCCCCCCC
mem[X,0x00000000800030C8] -> 0x1513
mem[X,0x00000000800030CA] -> 0x00A5
[3127] [M]: 0x00000000800030C8 (0x00A51513) slli a0, a0, 10
x10 <- 0x3333333333333000
mem[X,0x00000000800030CC] -> 0x0513
mem[X,0x00000000800030CE] -> 0x3345
[3128] [M]: 0x00000000800030CC (0x33450513) addi a0, a0, 820
x10 <- 0x3333333333333334
mem[X,0x00000000800030D0] -> 0x0593
mem[X,0x00000000800030D2] -> 0x6655
[3129] [M]: 0x00000000800030D0 (0x66550593) addi a1, a0, 1637
x11 <- 0x3333333333333999
mem[X,0x00000000800030D4] -> 0x3023
mem[X,0x00000000800030D6] -> 0x4AB1
[3130] [M]: 0x00000000800030D4 (0x4AB13023) sd a1, 1184(sp)
mem[0x0000000080007E70] <- 0x3333333333333999
mem[X,0x00000000800030D8] -> 0x3537
mem[X,0x00000000800030DA] -> 0x3333
[3131] [M]: 0x00000000800030D8 (0x33333537) lui a0, 209715
x10 <- 0x0000000033333000
mem[X,0x00000000800030DC] -> 0x0513
mem[X,0x00000000800030DE] -> 0x3335
[3132] [M]: 0x00000000800030DC (0x33350513) addi a0, a0, 819
x10 <- 0x0000000033333333
mem[X,0x00000000800030E0] -> 0x1513
mem[X,0x00000000800030E2] -> 0x00B5
[3133] [M]: 0x00000000800030E0 (0x00B51513) slli a0, a0, 11
x10 <- 0x0000019999999800
mem[X,0x00000000800030E4] -> 0x0513
mem[X,0x00000000800030E6] -> 0x1995
[3134] [M]: 0x00000000800030E4 (0x19950513) addi a0, a0, 409
x10 <- 0x0000019999999999
mem[X,0x00000000800030E8] -> 0x1513
mem[X,0x00000000800030EA] -> 0x00B5
[3135] [M]: 0x00000000800030E8 (0x00B51513) slli a0, a0, 11
x10 <- 0x000CCCCCCCCCC800
mem[X,0x00000000800030EC] -> 0x0513
mem[X,0x00000000800030EE] -> 0x4CC5
[3136] [M]: 0x00000000800030EC (0x4CC50513) addi a0, a0, 1228
x10 <- 0x000CCCCCCCCCCCCC
mem[X,0x00000000800030F0] -> 0x1513
mem[X,0x00000000800030F2] -> 0x00A5
[3137] [M]: 0x00000000800030F0 (0x00A51513) slli a0, a0, 10
x10 <- 0x3333333333333000
mem[X,0x00000000800030F4] -> 0x0513
mem[X,0x00000000800030F6] -> 0x3345
[3138] [M]: 0x00000000800030F4 (0x33450513) addi a0, a0, 820
x10 <- 0x3333333333333334
mem[X,0x00000000800030F8] -> 0x0593
mem[X,0x00000000800030FA] -> 0x02C5
[3139] [M]: 0x00000000800030F8 (0x02C50593) addi a1, a0, 44
x11 <- 0x3333333333333360
mem[X,0x00000000800030FC] -> 0x3423
mem[X,0x00000000800030FE] -> 0x4AB1
[3140] [M]: 0x00000000800030FC (0x4AB13423) sd a1, 1192(sp)
mem[0x0000000080007E78] <- 0x3333333333333360
mem[X,0x0000000080003100] -> 0x3537
mem[X,0x0000000080003102] -> 0x3333
[3141] [M]: 0x0000000080003100 (0x33333537) lui a0, 209715
x10 <- 0x0000000033333000
mem[X,0x0000000080003104] -> 0x0513
mem[X,0x0000000080003106] -> 0x3335
[3142] [M]: 0x0000000080003104 (0x33350513) addi a0, a0, 819
x10 <- 0x0000000033333333
mem[X,0x0000000080003108] -> 0x1513
mem[X,0x000000008000310A] -> 0x00B5
[3143] [M]: 0x0000000080003108 (0x00B51513) slli a0, a0, 11
x10 <- 0x0000019999999800
mem[X,0x000000008000310C] -> 0x0513
mem[X,0x000000008000310E] -> 0x1995
[3144] [M]: 0x000000008000310C (0x19950513) addi a0, a0, 409
x10 <- 0x0000019999999999
mem[X,0x0000000080003110] -> 0x1513
mem[X,0x0000000080003112] -> 0x00B5
[3145] [M]: 0x0000000080003110 (0x00B51513) slli a0, a0, 11
x10 <- 0x000CCCCCCCCCC800
mem[X,0x0000000080003114] -> 0x0513
mem[X,0x0000000080003116] -> 0x4CC5
[3146] [M]: 0x0000000080003114 (0x4CC50513) addi a0, a0, 1228
x10 <- 0x000CCCCCCCCCCCCC
mem[X,0x0000000080003118] -> 0x1513
mem[X,0x000000008000311A] -> 0x00A5
[3147] [M]: 0x0000000080003118 (0x00A51513) slli a0, a0, 10
x10 <- 0x3333333333333000
mem[X,0x000000008000311C] -> 0x0513
mem[X,0x000000008000311E] -> 0x3345
[3148] [M]: 0x000000008000311C (0x33450513) addi a0, a0, 820
x10 <- 0x3333333333333334
mem[X,0x0000000080003120] -> 0x0593
mem[X,0x0000000080003122] -> 0x5565
[3149] [M]: 0x0000000080003120 (0x55650593) addi a1, a0, 1366
x11 <- 0x333333333333388A
mem[X,0x0000000080003124] -> 0x3823
mem[X,0x0000000080003126] -> 0x4AB1
[3150] [M]: 0x0000000080003124 (0x4AB13823) sd a1, 1200(sp)
mem[0x0000000080007E80] <- 0x333333333333388A
mem[X,0x0000000080003128] -> 0x3537
mem[X,0x000000008000312A] -> 0x3333
[3151] [M]: 0x0000000080003128 (0x33333537) lui a0, 209715
x10 <- 0x0000000033333000
mem[X,0x000000008000312C] -> 0x0513
mem[X,0x000000008000312E] -> 0x3335
[3152] [M]: 0x000000008000312C (0x33350513) addi a0, a0, 819
x10 <- 0x0000000033333333
mem[X,0x0000000080003130] -> 0x1513
mem[X,0x0000000080003132] -> 0x00B5
[3153] [M]: 0x0000000080003130 (0x00B51513) slli a0, a0, 11
x10 <- 0x0000019999999800
mem[X,0x0000000080003134] -> 0x0513
mem[X,0x0000000080003136] -> 0x1995
[3154] [M]: 0x0000000080003134 (0x19950513) addi a0, a0, 409
x10 <- 0x0000019999999999
mem[X,0x0000000080003138] -> 0x1513
mem[X,0x000000008000313A] -> 0x00B5
[3155] [M]: 0x0000000080003138 (0x00B51513) slli a0, a0, 11
x10 <- 0x000CCCCCCCCCC800
mem[X,0x000000008000313C] -> 0x0513
mem[X,0x000000008000313E] -> 0x4CC5
[3156] [M]: 0x000000008000313C (0x4CC50513) addi a0, a0, 1228
x10 <- 0x000CCCCCCCCCCCCC
mem[X,0x0000000080003140] -> 0x1513
mem[X,0x0000000080003142] -> 0x00A5
[3157] [M]: 0x0000000080003140 (0x00A51513) slli a0, a0, 10
x10 <- 0x3333333333333000
mem[X,0x0000000080003144] -> 0x0513
mem[X,0x0000000080003146] -> 0x3345
[3158] [M]: 0x0000000080003144 (0x33450513) addi a0, a0, 820
x10 <- 0x3333333333333334
mem[X,0x0000000080003148] -> 0x0593
mem[X,0x000000008000314A] -> 0xAAB5
[3159] [M]: 0x0000000080003148 (0xAAB50593) addi a1, a0, 2731
x11 <- 0x3333333333332DDF
mem[X,0x000000008000314C] -> 0x3C23
mem[X,0x000000008000314E] -> 0x4AB1
[3160] [M]: 0x000000008000314C (0x4AB13C23) sd a1, 1208(sp)
mem[0x0000000080007E88] <- 0x3333333333332DDF
mem[X,0x0000000080003150] -> 0x3537
mem[X,0x0000000080003152] -> 0x3333
[3161] [M]: 0x0000000080003150 (0x33333537) lui a0, 209715
x10 <- 0x0000000033333000
mem[X,0x0000000080003154] -> 0x0513
mem[X,0x0000000080003156] -> 0x3335
[3162] [M]: 0x0000000080003154 (0x33350513) addi a0, a0, 819
x10 <- 0x0000000033333333
mem[X,0x0000000080003158] -> 0x1513
mem[X,0x000000008000315A] -> 0x00B5
[3163] [M]: 0x0000000080003158 (0x00B51513) slli a0, a0, 11
x10 <- 0x0000019999999800
mem[X,0x000000008000315C] -> 0x0513
mem[X,0x000000008000315E] -> 0x1995
[3164] [M]: 0x000000008000315C (0x19950513) addi a0, a0, 409
x10 <- 0x0000019999999999
mem[X,0x0000000080003160] -> 0x1513
mem[X,0x0000000080003162] -> 0x00B5
[3165] [M]: 0x0000000080003160 (0x00B51513) slli a0, a0, 11
x10 <- 0x000CCCCCCCCCC800
mem[X,0x0000000080003164] -> 0x0513
mem[X,0x0000000080003166] -> 0x4CC5
[3166] [M]: 0x0000000080003164 (0x4CC50513) addi a0, a0, 1228
x10 <- 0x000CCCCCCCCCCCCC
mem[X,0x0000000080003168] -> 0x1513
mem[X,0x000000008000316A] -> 0x00A5
[3167] [M]: 0x0000000080003168 (0x00A51513) slli a0, a0, 10
x10 <- 0x3333333333333000
mem[X,0x000000008000316C] -> 0x0513
mem[X,0x000000008000316E] -> 0x3345
[3168] [M]: 0x000000008000316C (0x33450513) addi a0, a0, 820
x10 <- 0x3333333333333334
mem[X,0x0000000080003170] -> 0x0593
mem[X,0x0000000080003172] -> 0x0065
[3169] [M]: 0x0000000080003170 (0x00650593) addi a1, a0, 6
x11 <- 0x333333333333333A
mem[X,0x0000000080003174] -> 0x3023
mem[X,0x0000000080003176] -> 0x4CB1
[3170] [M]: 0x0000000080003174 (0x4CB13023) sd a1, 1216(sp)
mem[0x0000000080007E90] <- 0x333333333333333A
mem[X,0x0000000080003178] -> 0x3537
mem[X,0x000000008000317A] -> 0x3333
[3171] [M]: 0x0000000080003178 (0x33333537) lui a0, 209715
x10 <- 0x0000000033333000
mem[X,0x000000008000317C] -> 0x0513
mem[X,0x000000008000317E] -> 0x3335
[3172] [M]: 0x000000008000317C (0x33350513) addi a0, a0, 819
x10 <- 0x0000000033333333
mem[X,0x0000000080003180] -> 0x1513
mem[X,0x0000000080003182] -> 0x00B5
[3173] [M]: 0x0000000080003180 (0x00B51513) slli a0, a0, 11
x10 <- 0x0000019999999800
mem[X,0x0000000080003184] -> 0x0513
mem[X,0x0000000080003186] -> 0x1995
[3174] [M]: 0x0000000080003184 (0x19950513) addi a0, a0, 409
x10 <- 0x0000019999999999
mem[X,0x0000000080003188] -> 0x1513
mem[X,0x000000008000318A] -> 0x00B5
[3175] [M]: 0x0000000080003188 (0x00B51513) slli a0, a0, 11
x10 <- 0x000CCCCCCCCCC800
mem[X,0x000000008000318C] -> 0x0513
mem[X,0x000000008000318E] -> 0x4CC5
[3176] [M]: 0x000000008000318C (0x4CC50513) addi a0, a0, 1228
x10 <- 0x000CCCCCCCCCCCCC
mem[X,0x0000000080003190] -> 0x1513
mem[X,0x0000000080003192] -> 0x00A5
[3177] [M]: 0x0000000080003190 (0x00A51513) slli a0, a0, 10
x10 <- 0x3333333333333000
mem[X,0x0000000080003194] -> 0x0513
mem[X,0x0000000080003196] -> 0x3345
[3178] [M]: 0x0000000080003194 (0x33450513) addi a0, a0, 820
x10 <- 0x3333333333333334
mem[X,0x0000000080003198] -> 0x0593
mem[X,0x000000008000319A] -> 0x3345
[3179] [M]: 0x0000000080003198 (0x33450593) addi a1, a0, 820
x11 <- 0x3333333333333668
mem[X,0x000000008000319C] -> 0x3423
mem[X,0x000000008000319E] -> 0x4CB1
[3180] [M]: 0x000000008000319C (0x4CB13423) sd a1, 1224(sp)
mem[0x0000000080007E98] <- 0x3333333333333668
mem[X,0x00000000800031A0] -> 0x3537
mem[X,0x00000000800031A2] -> 0x3333
[3181] [M]: 0x00000000800031A0 (0x33333537) lui a0, 209715
x10 <- 0x0000000033333000
mem[X,0x00000000800031A4] -> 0x0513
mem[X,0x00000000800031A6] -> 0x3335
[3182] [M]: 0x00000000800031A4 (0x33350513) addi a0, a0, 819
x10 <- 0x0000000033333333
mem[X,0x00000000800031A8] -> 0x1513
mem[X,0x00000000800031AA] -> 0x00B5
[3183] [M]: 0x00000000800031A8 (0x00B51513) slli a0, a0, 11
x10 <- 0x0000019999999800
mem[X,0x00000000800031AC] -> 0x0513
mem[X,0x00000000800031AE] -> 0x1995
[3184] [M]: 0x00000000800031AC (0x19950513) addi a0, a0, 409
x10 <- 0x0000019999999999
mem[X,0x00000000800031B0] -> 0x1513
mem[X,0x00000000800031B2] -> 0x00B5
[3185] [M]: 0x00000000800031B0 (0x00B51513) slli a0, a0, 11
x10 <- 0x000CCCCCCCCCC800
mem[X,0x00000000800031B4] -> 0x0513
mem[X,0x00000000800031B6] -> 0x4CC5
[3186] [M]: 0x00000000800031B4 (0x4CC50513) addi a0, a0, 1228
x10 <- 0x000CCCCCCCCCCCCC
mem[X,0x00000000800031B8] -> 0x1513
mem[X,0x00000000800031BA] -> 0x00A5
[3187] [M]: 0x00000000800031B8 (0x00A51513) slli a0, a0, 10
x10 <- 0x3333333333333000
mem[X,0x00000000800031BC] -> 0x0513
mem[X,0x00000000800031BE] -> 0x3345
[3188] [M]: 0x00000000800031BC (0x33450513) addi a0, a0, 820
x10 <- 0x3333333333333334
mem[X,0x00000000800031C0] -> 0x0593
mem[X,0x00000000800031C2] -> 0x6675
[3189] [M]: 0x00000000800031C0 (0x66750593) addi a1, a0, 1639
x11 <- 0x333333333333399B
mem[X,0x00000000800031C4] -> 0x3823
mem[X,0x00000000800031C6] -> 0x4CB1
[3190] [M]: 0x00000000800031C4 (0x4CB13823) sd a1, 1232(sp)
mem[0x0000000080007EA0] <- 0x333333333333399B
mem[X,0x00000000800031C8] -> 0x3537
mem[X,0x00000000800031CA] -> 0x3333
[3191] [M]: 0x00000000800031C8 (0x33333537) lui a0, 209715
x10 <- 0x0000000033333000
mem[X,0x00000000800031CC] -> 0x0513
mem[X,0x00000000800031CE] -> 0x3335
[3192] [M]: 0x00000000800031CC (0x33350513) addi a0, a0, 819
x10 <- 0x0000000033333333
mem[X,0x00000000800031D0] -> 0x1513
mem[X,0x00000000800031D2] -> 0x00B5
[3193] [M]: 0x00000000800031D0 (0x00B51513) slli a0, a0, 11
x10 <- 0x0000019999999800
mem[X,0x00000000800031D4] -> 0x0513
mem[X,0x00000000800031D6] -> 0x1995
[3194] [M]: 0x00000000800031D4 (0x19950513) addi a0, a0, 409
x10 <- 0x0000019999999999
mem[X,0x00000000800031D8] -> 0x1513
mem[X,0x00000000800031DA] -> 0x00B5
[3195] [M]: 0x00000000800031D8 (0x00B51513) slli a0, a0, 11
x10 <- 0x000CCCCCCCCCC800
mem[X,0x00000000800031DC] -> 0x0513
mem[X,0x00000000800031DE] -> 0x4CC5
[3196] [M]: 0x00000000800031DC (0x4CC50513) addi a0, a0, 1228
x10 <- 0x000CCCCCCCCCCCCC
mem[X,0x00000000800031E0] -> 0x1513
mem[X,0x00000000800031E2] -> 0x00A5
[3197] [M]: 0x00000000800031E0 (0x00A51513) slli a0, a0, 10
x10 <- 0x3333333333333000
mem[X,0x00000000800031E4] -> 0x0513
mem[X,0x00000000800031E6] -> 0x3345
[3198] [M]: 0x00000000800031E4 (0x33450513) addi a0, a0, 820
x10 <- 0x3333333333333334
mem[X,0x00000000800031E8] -> 0x0593
mem[X,0x00000000800031EA] -> 0xFD45
[3199] [M]: 0x00000000800031E8 (0xFD450593) addi a1, a0, 4052
x11 <- 0x3333333333333308
clint::tick mtime <- 0x0000000000000020
 clint timer pending at mtime 0x0000000000000020
htif::tick 0x0000000000000000
mem[X,0x00000000800031EC] -> 0x3C23
mem[X,0x00000000800031EE] -> 0x4CB1
[3200] [M]: 0x00000000800031EC (0x4CB13C23) sd a1, 1240(sp)
mem[0x0000000080007EA8] <- 0x3333333333333308
mem[X,0x00000000800031F0] -> 0x3537
mem[X,0x00000000800031F2] -> 0x3333
[3201] [M]: 0x00000000800031F0 (0x33333537) lui a0, 209715
x10 <- 0x0000000033333000
mem[X,0x00000000800031F4] -> 0x0513
mem[X,0x00000000800031F6] -> 0x3335
[3202] [M]: 0x00000000800031F4 (0x33350513) addi a0, a0, 819
x10 <- 0x0000000033333333
mem[X,0x00000000800031F8] -> 0x1513
mem[X,0x00000000800031FA] -> 0x00B5
[3203] [M]: 0x00000000800031F8 (0x00B51513) slli a0, a0, 11
x10 <- 0x0000019999999800
mem[X,0x00000000800031FC] -> 0x0513
mem[X,0x00000000800031FE] -> 0x1995
[3204] [M]: 0x00000000800031FC (0x19950513) addi a0, a0, 409
x10 <- 0x0000019999999999
mem[X,0x0000000080003200] -> 0x1513
mem[X,0x0000000080003202] -> 0x00B5
[3205] [M]: 0x0000000080003200 (0x00B51513) slli a0, a0, 11
x10 <- 0x000CCCCCCCCCC800
mem[X,0x0000000080003204] -> 0x0513
mem[X,0x0000000080003206] -> 0x4CC5
[3206] [M]: 0x0000000080003204 (0x4CC50513) addi a0, a0, 1228
x10 <- 0x000CCCCCCCCCCCCC
mem[X,0x0000000080003208] -> 0x1513
mem[X,0x000000008000320A] -> 0x00A5
[3207] [M]: 0x0000000080003208 (0x00A51513) slli a0, a0, 10
x10 <- 0x3333333333333000
mem[X,0x000000008000320C] -> 0x0513
mem[X,0x000000008000320E] -> 0x3345
[3208] [M]: 0x000000008000320C (0x33450513) addi a0, a0, 820
x10 <- 0x3333333333333334
mem[X,0x0000000080003210] -> 0x0593
mem[X,0x0000000080003212] -> 0x02E5
[3209] [M]: 0x0000000080003210 (0x02E50593) addi a1, a0, 46
x11 <- 0x3333333333333362
mem[X,0x0000000080003214] -> 0x3023
mem[X,0x0000000080003216] -> 0x4EB1
[3210] [M]: 0x0000000080003214 (0x4EB13023) sd a1, 1248(sp)
mem[0x0000000080007EB0] <- 0x3333333333333362
mem[X,0x0000000080003218] -> 0x6537
mem[X,0x000000008000321A] -> 0x6666
[3211] [M]: 0x0000000080003218 (0x66666537) lui a0, 419430
x10 <- 0x0000000066666000
mem[X,0x000000008000321C] -> 0x0513
mem[X,0x000000008000321E] -> 0x6665
[3212] [M]: 0x000000008000321C (0x66650513) addi a0, a0, 1638
x10 <- 0x0000000066666666
mem[X,0x0000000080003220] -> 0x1513
mem[X,0x0000000080003222] -> 0x00B5
[3213] [M]: 0x0000000080003220 (0x00B51513) slli a0, a0, 11
x10 <- 0x0000033333333000
mem[X,0x0000000080003224] -> 0x0513
mem[X,0x0000000080003226] -> 0x3335
[3214] [M]: 0x0000000080003224 (0x33350513) addi a0, a0, 819
x10 <- 0x0000033333333333
mem[X,0x0000000080003228] -> 0x1513
mem[X,0x000000008000322A] -> 0x00B5
[3215] [M]: 0x0000000080003228 (0x00B51513) slli a0, a0, 11
x10 <- 0x0019999999999800
mem[X,0x000000008000322C] -> 0x0513
mem[X,0x000000008000322E] -> 0x1995
[3216] [M]: 0x000000008000322C (0x19950513) addi a0, a0, 409
x10 <- 0x0019999999999999
mem[X,0x0000000080003230] -> 0x1513
mem[X,0x0000000080003232] -> 0x00A5
[3217] [M]: 0x0000000080003230 (0x00A51513) slli a0, a0, 10
x10 <- 0x6666666666666400
mem[X,0x0000000080003234] -> 0x0513
mem[X,0x0000000080003236] -> 0x2675
[3218] [M]: 0x0000000080003234 (0x26750513) addi a0, a0, 615
x10 <- 0x6666666666666667
mem[X,0x0000000080003238] -> 0x0593
mem[X,0x000000008000323A] -> 0x0035
[3219] [M]: 0x0000000080003238 (0x00350593) addi a1, a0, 3
x11 <- 0x666666666666666A
mem[X,0x000000008000323C] -> 0x3423
mem[X,0x000000008000323E] -> 0x4EB1
[3220] [M]: 0x000000008000323C (0x4EB13423) sd a1, 1256(sp)
mem[0x0000000080007EB8] <- 0x666666666666666A
mem[X,0x0000000080003240] -> 0x6537
mem[X,0x0000000080003242] -> 0x6666
[3221] [M]: 0x0000000080003240 (0x66666537) lui a0, 419430
x10 <- 0x0000000066666000
mem[X,0x0000000080003244] -> 0x0513
mem[X,0x0000000080003246] -> 0x6665
[3222] [M]: 0x0000000080003244 (0x66650513) addi a0, a0, 1638
x10 <- 0x0000000066666666
mem[X,0x0000000080003248] -> 0x1513
mem[X,0x000000008000324A] -> 0x00B5
[3223] [M]: 0x0000000080003248 (0x00B51513) slli a0, a0, 11
x10 <- 0x0000033333333000
mem[X,0x000000008000324C] -> 0x0513
mem[X,0x000000008000324E] -> 0x3335
[3224] [M]: 0x000000008000324C (0x33350513) addi a0, a0, 819
x10 <- 0x0000033333333333
mem[X,0x0000000080003250] -> 0x1513
mem[X,0x0000000080003252] -> 0x00B5
[3225] [M]: 0x0000000080003250 (0x00B51513) slli a0, a0, 11
x10 <- 0x0019999999999800
mem[X,0x0000000080003254] -> 0x0513
mem[X,0x0000000080003256] -> 0x1995
[3226] [M]: 0x0000000080003254 (0x19950513) addi a0, a0, 409
x10 <- 0x0019999999999999
mem[X,0x0000000080003258] -> 0x1513
mem[X,0x000000008000325A] -> 0x00A5
[3227] [M]: 0x0000000080003258 (0x00A51513) slli a0, a0, 10
x10 <- 0x6666666666666400
mem[X,0x000000008000325C] -> 0x0513
mem[X,0x000000008000325E] -> 0x2675
[3228] [M]: 0x000000008000325C (0x26750513) addi a0, a0, 615
x10 <- 0x6666666666666667
mem[X,0x0000000080003260] -> 0x0593
mem[X,0x0000000080003262] -> 0x5555
[3229] [M]: 0x0000000080003260 (0x55550593) addi a1, a0, 1365
x11 <- 0x6666666666666BBC
mem[X,0x0000000080003264] -> 0x3823
mem[X,0x0000000080003266] -> 0x4EB1
[3230] [M]: 0x0000000080003264 (0x4EB13823) sd a1, 1264(sp)
mem[0x0000000080007EC0] <- 0x6666666666666BBC
mem[X,0x0000000080003268] -> 0x6537
mem[X,0x000000008000326A] -> 0x6666
[3231] [M]: 0x0000000080003268 (0x66666537) lui a0, 419430
x10 <- 0x0000000066666000
mem[X,0x000000008000326C] -> 0x0513
mem[X,0x000000008000326E] -> 0x6665
[3232] [M]: 0x000000008000326C (0x66650513) addi a0, a0, 1638
x10 <- 0x0000000066666666
mem[X,0x0000000080003270] -> 0x1513
mem[X,0x0000000080003272] -> 0x00B5
[3233] [M]: 0x0000000080003270 (0x00B51513) slli a0, a0, 11
x10 <- 0x0000033333333000
mem[X,0x0000000080003274] -> 0x0513
mem[X,0x0000000080003276] -> 0x3335
[3234] [M]: 0x0000000080003274 (0x33350513) addi a0, a0, 819
x10 <- 0x0000033333333333
mem[X,0x0000000080003278] -> 0x1513
mem[X,0x000000008000327A] -> 0x00B5
[3235] [M]: 0x0000000080003278 (0x00B51513) slli a0, a0, 11
x10 <- 0x0019999999999800
mem[X,0x000000008000327C] -> 0x0513
mem[X,0x000000008000327E] -> 0x1995
[3236] [M]: 0x000000008000327C (0x19950513) addi a0, a0, 409
x10 <- 0x0019999999999999
mem[X,0x0000000080003280] -> 0x1513
mem[X,0x0000000080003282] -> 0x00A5
[3237] [M]: 0x0000000080003280 (0x00A51513) slli a0, a0, 10
x10 <- 0x6666666666666400
mem[X,0x0000000080003284] -> 0x0513
mem[X,0x0000000080003286] -> 0x2675
[3238] [M]: 0x0000000080003284 (0x26750513) addi a0, a0, 615
x10 <- 0x6666666666666667
mem[X,0x0000000080003288] -> 0x0593
mem[X,0x000000008000328A] -> 0xAAA5
[3239] [M]: 0x0000000080003288 (0xAAA50593) addi a1, a0, 2730
x11 <- 0x6666666666666111
mem[X,0x000000008000328C] -> 0x3C23
mem[X,0x000000008000328E] -> 0x4EB1
[3240] [M]: 0x000000008000328C (0x4EB13C23) sd a1, 1272(sp)
mem[0x0000000080007EC8] <- 0x6666666666666111
mem[X,0x0000000080003290] -> 0x6537
mem[X,0x0000000080003292] -> 0x6666
[3241] [M]: 0x0000000080003290 (0x66666537) lui a0, 419430
x10 <- 0x0000000066666000
mem[X,0x0000000080003294] -> 0x0513
mem[X,0x0000000080003296] -> 0x6665
[3242] [M]: 0x0000000080003294 (0x66650513) addi a0, a0, 1638
x10 <- 0x0000000066666666
mem[X,0x0000000080003298] -> 0x1513
mem[X,0x000000008000329A] -> 0x00B5
[3243] [M]: 0x0000000080003298 (0x00B51513) slli a0, a0, 11
x10 <- 0x0000033333333000
mem[X,0x000000008000329C] -> 0x0513
mem[X,0x000000008000329E] -> 0x3335
[3244] [M]: 0x000000008000329C (0x33350513) addi a0, a0, 819
x10 <- 0x0000033333333333
mem[X,0x00000000800032A0] -> 0x1513
mem[X,0x00000000800032A2] -> 0x00B5
[3245] [M]: 0x00000000800032A0 (0x00B51513) slli a0, a0, 11
x10 <- 0x0019999999999800
mem[X,0x00000000800032A4] -> 0x0513
mem[X,0x00000000800032A6] -> 0x1995
[3246] [M]: 0x00000000800032A4 (0x19950513) addi a0, a0, 409
x10 <- 0x0019999999999999
mem[X,0x00000000800032A8] -> 0x1513
mem[X,0x00000000800032AA] -> 0x00A5
[3247] [M]: 0x00000000800032A8 (0x00A51513) slli a0, a0, 10
x10 <- 0x6666666666666400
mem[X,0x00000000800032AC] -> 0x0513
mem[X,0x00000000800032AE] -> 0x2675
[3248] [M]: 0x00000000800032AC (0x26750513) addi a0, a0, 615
x10 <- 0x6666666666666667
mem[X,0x00000000800032B0] -> 0x0593
mem[X,0x00000000800032B2] -> 0x0055
[3249] [M]: 0x00000000800032B0 (0x00550593) addi a1, a0, 5
x11 <- 0x666666666666666C
mem[X,0x00000000800032B4] -> 0x3023
mem[X,0x00000000800032B6] -> 0x50B1
[3250] [M]: 0x00000000800032B4 (0x50B13023) sd a1, 1280(sp)
mem[0x0000000080007ED0] <- 0x666666666666666C
mem[X,0x00000000800032B8] -> 0x6537
mem[X,0x00000000800032BA] -> 0x6666
[3251] [M]: 0x00000000800032B8 (0x66666537) lui a0, 419430
x10 <- 0x0000000066666000
mem[X,0x00000000800032BC] -> 0x0513
mem[X,0x00000000800032BE] -> 0x6665
[3252] [M]: 0x00000000800032BC (0x66650513) addi a0, a0, 1638
x10 <- 0x0000000066666666
mem[X,0x00000000800032C0] -> 0x1513
mem[X,0x00000000800032C2] -> 0x00B5
[3253] [M]: 0x00000000800032C0 (0x00B51513) slli a0, a0, 11
x10 <- 0x0000033333333000
mem[X,0x00000000800032C4] -> 0x0513
mem[X,0x00000000800032C6] -> 0x3335
[3254] [M]: 0x00000000800032C4 (0x33350513) addi a0, a0, 819
x10 <- 0x0000033333333333
mem[X,0x00000000800032C8] -> 0x1513
mem[X,0x00000000800032CA] -> 0x00B5
[3255] [M]: 0x00000000800032C8 (0x00B51513) slli a0, a0, 11
x10 <- 0x0019999999999800
mem[X,0x00000000800032CC] -> 0x0513
mem[X,0x00000000800032CE] -> 0x1995
[3256] [M]: 0x00000000800032CC (0x19950513) addi a0, a0, 409
x10 <- 0x0019999999999999
mem[X,0x00000000800032D0] -> 0x1513
mem[X,0x00000000800032D2] -> 0x00A5
[3257] [M]: 0x00000000800032D0 (0x00A51513) slli a0, a0, 10
x10 <- 0x6666666666666400
mem[X,0x00000000800032D4] -> 0x0513
mem[X,0x00000000800032D6] -> 0x2675
[3258] [M]: 0x00000000800032D4 (0x26750513) addi a0, a0, 615
x10 <- 0x6666666666666667
mem[X,0x00000000800032D8] -> 0x0593
mem[X,0x00000000800032DA] -> 0x3335
[3259] [M]: 0x00000000800032D8 (0x33350593) addi a1, a0, 819
x11 <- 0x666666666666699A
mem[X,0x00000000800032DC] -> 0x3423
mem[X,0x00000000800032DE] -> 0x50B1
[3260] [M]: 0x00000000800032DC (0x50B13423) sd a1, 1288(sp)
mem[0x0000000080007ED8] <- 0x666666666666699A
mem[X,0x00000000800032E0] -> 0x6537
mem[X,0x00000000800032E2] -> 0x6666
[3261] [M]: 0x00000000800032E0 (0x66666537) lui a0, 419430
x10 <- 0x0000000066666000
mem[X,0x00000000800032E4] -> 0x0513
mem[X,0x00000000800032E6] -> 0x6665
[3262] [M]: 0x00000000800032E4 (0x66650513) addi a0, a0, 1638
x10 <- 0x0000000066666666
mem[X,0x00000000800032E8] -> 0x1513
mem[X,0x00000000800032EA] -> 0x00B5
[3263] [M]: 0x00000000800032E8 (0x00B51513) slli a0, a0, 11
x10 <- 0x0000033333333000
mem[X,0x00000000800032EC] -> 0x0513
mem[X,0x00000000800032EE] -> 0x3335
[3264] [M]: 0x00000000800032EC (0x33350513) addi a0, a0, 819
x10 <- 0x0000033333333333
mem[X,0x00000000800032F0] -> 0x1513
mem[X,0x00000000800032F2] -> 0x00B5
[3265] [M]: 0x00000000800032F0 (0x00B51513) slli a0, a0, 11
x10 <- 0x0019999999999800
mem[X,0x00000000800032F4] -> 0x0513
mem[X,0x00000000800032F6] -> 0x1995
[3266] [M]: 0x00000000800032F4 (0x19950513) addi a0, a0, 409
x10 <- 0x0019999999999999
mem[X,0x00000000800032F8] -> 0x1513
mem[X,0x00000000800032FA] -> 0x00A5
[3267] [M]: 0x00000000800032F8 (0x00A51513) slli a0, a0, 10
x10 <- 0x6666666666666400
mem[X,0x00000000800032FC] -> 0x0513
mem[X,0x00000000800032FE] -> 0x2675
[3268] [M]: 0x00000000800032FC (0x26750513) addi a0, a0, 615
x10 <- 0x6666666666666667
mem[X,0x0000000080003300] -> 0x0593
mem[X,0x0000000080003302] -> 0x6665
[3269] [M]: 0x0000000080003300 (0x66650593) addi a1, a0, 1638
x11 <- 0x6666666666666CCD
mem[X,0x0000000080003304] -> 0x3823
mem[X,0x0000000080003306] -> 0x50B1
[3270] [M]: 0x0000000080003304 (0x50B13823) sd a1, 1296(sp)
mem[0x0000000080007EE0] <- 0x6666666666666CCD
mem[X,0x0000000080003308] -> 0x6537
mem[X,0x000000008000330A] -> 0x6666
[3271] [M]: 0x0000000080003308 (0x66666537) lui a0, 419430
x10 <- 0x0000000066666000
mem[X,0x000000008000330C] -> 0x0513
mem[X,0x000000008000330E] -> 0x6665
[3272] [M]: 0x000000008000330C (0x66650513) addi a0, a0, 1638
x10 <- 0x0000000066666666
mem[X,0x0000000080003310] -> 0x1513
mem[X,0x0000000080003312] -> 0x00B5
[3273] [M]: 0x0000000080003310 (0x00B51513) slli a0, a0, 11
x10 <- 0x0000033333333000
mem[X,0x0000000080003314] -> 0x0513
mem[X,0x0000000080003316] -> 0x3335
[3274] [M]: 0x0000000080003314 (0x33350513) addi a0, a0, 819
x10 <- 0x0000033333333333
mem[X,0x0000000080003318] -> 0x1513
mem[X,0x000000008000331A] -> 0x00B5
[3275] [M]: 0x0000000080003318 (0x00B51513) slli a0, a0, 11
x10 <- 0x0019999999999800
mem[X,0x000000008000331C] -> 0x0513
mem[X,0x000000008000331E] -> 0x1995
[3276] [M]: 0x000000008000331C (0x19950513) addi a0, a0, 409
x10 <- 0x0019999999999999
mem[X,0x0000000080003320] -> 0x1513
mem[X,0x0000000080003322] -> 0x00A5
[3277] [M]: 0x0000000080003320 (0x00A51513) slli a0, a0, 10
x10 <- 0x6666666666666400
mem[X,0x0000000080003324] -> 0x0513
mem[X,0x0000000080003326] -> 0x2675
[3278] [M]: 0x0000000080003324 (0x26750513) addi a0, a0, 615
x10 <- 0x6666666666666667
mem[X,0x0000000080003328] -> 0x0593
mem[X,0x000000008000332A] -> 0xFD35
[3279] [M]: 0x0000000080003328 (0xFD350593) addi a1, a0, 4051
x11 <- 0x666666666666663A
mem[X,0x000000008000332C] -> 0x3C23
mem[X,0x000000008000332E] -> 0x50B1
[3280] [M]: 0x000000008000332C (0x50B13C23) sd a1, 1304(sp)
mem[0x0000000080007EE8] <- 0x666666666666663A
mem[X,0x0000000080003330] -> 0x6537
mem[X,0x0000000080003332] -> 0x6666
[3281] [M]: 0x0000000080003330 (0x66666537) lui a0, 419430
x10 <- 0x0000000066666000
mem[X,0x0000000080003334] -> 0x0513
mem[X,0x0000000080003336] -> 0x6665
[3282] [M]: 0x0000000080003334 (0x66650513) addi a0, a0, 1638
x10 <- 0x0000000066666666
mem[X,0x0000000080003338] -> 0x1513
mem[X,0x000000008000333A] -> 0x00B5
[3283] [M]: 0x0000000080003338 (0x00B51513) slli a0, a0, 11
x10 <- 0x0000033333333000
mem[X,0x000000008000333C] -> 0x0513
mem[X,0x000000008000333E] -> 0x3335
[3284] [M]: 0x000000008000333C (0x33350513) addi a0, a0, 819
x10 <- 0x0000033333333333
mem[X,0x0000000080003340] -> 0x1513
mem[X,0x0000000080003342] -> 0x00B5
[3285] [M]: 0x0000000080003340 (0x00B51513) slli a0, a0, 11
x10 <- 0x0019999999999800
mem[X,0x0000000080003344] -> 0x0513
mem[X,0x0000000080003346] -> 0x1995
[3286] [M]: 0x0000000080003344 (0x19950513) addi a0, a0, 409
x10 <- 0x0019999999999999
mem[X,0x0000000080003348] -> 0x1513
mem[X,0x000000008000334A] -> 0x00A5
[3287] [M]: 0x0000000080003348 (0x00A51513) slli a0, a0, 10
x10 <- 0x6666666666666400
mem[X,0x000000008000334C] -> 0x0513
mem[X,0x000000008000334E] -> 0x2675
[3288] [M]: 0x000000008000334C (0x26750513) addi a0, a0, 615
x10 <- 0x6666666666666667
mem[X,0x0000000080003350] -> 0x0593
mem[X,0x0000000080003352] -> 0x02D5
[3289] [M]: 0x0000000080003350 (0x02D50593) addi a1, a0, 45
x11 <- 0x6666666666666694
mem[X,0x0000000080003354] -> 0x3023
mem[X,0x0000000080003356] -> 0x52B1
[3290] [M]: 0x0000000080003354 (0x52B13023) sd a1, 1312(sp)
mem[0x0000000080007EF0] <- 0x6666666666666694
mem[X,0x0000000080003358] -> 0x6537
mem[X,0x000000008000335A] -> 0x6666
[3291] [M]: 0x0000000080003358 (0x66666537) lui a0, 419430
x10 <- 0x0000000066666000
mem[X,0x000000008000335C] -> 0x0513
mem[X,0x000000008000335E] -> 0x6665
[3292] [M]: 0x000000008000335C (0x66650513) addi a0, a0, 1638
x10 <- 0x0000000066666666
mem[X,0x0000000080003360] -> 0x1513
mem[X,0x0000000080003362] -> 0x00B5
[3293] [M]: 0x0000000080003360 (0x00B51513) slli a0, a0, 11
x10 <- 0x0000033333333000
mem[X,0x0000000080003364] -> 0x0513
mem[X,0x0000000080003366] -> 0x3335
[3294] [M]: 0x0000000080003364 (0x33350513) addi a0, a0, 819
x10 <- 0x0000033333333333
mem[X,0x0000000080003368] -> 0x1513
mem[X,0x000000008000336A] -> 0x00B5
[3295] [M]: 0x0000000080003368 (0x00B51513) slli a0, a0, 11
x10 <- 0x0019999999999800
mem[X,0x000000008000336C] -> 0x0513
mem[X,0x000000008000336E] -> 0x1995
[3296] [M]: 0x000000008000336C (0x19950513) addi a0, a0, 409
x10 <- 0x0019999999999999
mem[X,0x0000000080003370] -> 0x1513
mem[X,0x0000000080003372] -> 0x00A5
[3297] [M]: 0x0000000080003370 (0x00A51513) slli a0, a0, 10
x10 <- 0x6666666666666400
mem[X,0x0000000080003374] -> 0x0513
mem[X,0x0000000080003376] -> 0x2675
[3298] [M]: 0x0000000080003374 (0x26750513) addi a0, a0, 615
x10 <- 0x6666666666666667
mem[X,0x0000000080003378] -> 0x0593
mem[X,0x000000008000337A] -> 0x0025
[3299] [M]: 0x0000000080003378 (0x00250593) addi a1, a0, 2
x11 <- 0x6666666666666669
clint::tick mtime <- 0x0000000000000021
 clint timer pending at mtime 0x0000000000000021
htif::tick 0x0000000000000000
mem[X,0x000000008000337C] -> 0x3423
mem[X,0x000000008000337E] -> 0x52B1
[3300] [M]: 0x000000008000337C (0x52B13423) sd a1, 1320(sp)
mem[0x0000000080007EF8] <- 0x6666666666666669
mem[X,0x0000000080003380] -> 0x6537
mem[X,0x0000000080003382] -> 0x6666
[3301] [M]: 0x0000000080003380 (0x66666537) lui a0, 419430
x10 <- 0x0000000066666000
mem[X,0x0000000080003384] -> 0x0513
mem[X,0x0000000080003386] -> 0x6665
[3302] [M]: 0x0000000080003384 (0x66650513) addi a0, a0, 1638
x10 <- 0x0000000066666666
mem[X,0x0000000080003388] -> 0x1513
mem[X,0x000000008000338A] -> 0x00B5
[3303] [M]: 0x0000000080003388 (0x00B51513) slli a0, a0, 11
x10 <- 0x0000033333333000
mem[X,0x000000008000338C] -> 0x0513
mem[X,0x000000008000338E] -> 0x3335
[3304] [M]: 0x000000008000338C (0x33350513) addi a0, a0, 819
x10 <- 0x0000033333333333
mem[X,0x0000000080003390] -> 0x1513
mem[X,0x0000000080003392] -> 0x00B5
[3305] [M]: 0x0000000080003390 (0x00B51513) slli a0, a0, 11
x10 <- 0x0019999999999800
mem[X,0x0000000080003394] -> 0x0513
mem[X,0x0000000080003396] -> 0x1995
[3306] [M]: 0x0000000080003394 (0x19950513) addi a0, a0, 409
x10 <- 0x0019999999999999
mem[X,0x0000000080003398] -> 0x1513
mem[X,0x000000008000339A] -> 0x00A5
[3307] [M]: 0x0000000080003398 (0x00A51513) slli a0, a0, 10
x10 <- 0x6666666666666400
mem[X,0x000000008000339C] -> 0x0513
mem[X,0x000000008000339E] -> 0x2675
[3308] [M]: 0x000000008000339C (0x26750513) addi a0, a0, 615
x10 <- 0x6666666666666667
mem[X,0x00000000800033A0] -> 0x0593
mem[X,0x00000000800033A2] -> 0x5545
[3309] [M]: 0x00000000800033A0 (0x55450593) addi a1, a0, 1364
x11 <- 0x6666666666666BBB
mem[X,0x00000000800033A4] -> 0x3823
mem[X,0x00000000800033A6] -> 0x52B1
[3310] [M]: 0x00000000800033A4 (0x52B13823) sd a1, 1328(sp)
mem[0x0000000080007F00] <- 0x6666666666666BBB
mem[X,0x00000000800033A8] -> 0x6537
mem[X,0x00000000800033AA] -> 0x6666
[3311] [M]: 0x00000000800033A8 (0x66666537) lui a0, 419430
x10 <- 0x0000000066666000
mem[X,0x00000000800033AC] -> 0x0513
mem[X,0x00000000800033AE] -> 0x6665
[3312] [M]: 0x00000000800033AC (0x66650513) addi a0, a0, 1638
x10 <- 0x0000000066666666
mem[X,0x00000000800033B0] -> 0x1513
mem[X,0x00000000800033B2] -> 0x00B5
[3313] [M]: 0x00000000800033B0 (0x00B51513) slli a0, a0, 11
x10 <- 0x0000033333333000
mem[X,0x00000000800033B4] -> 0x0513
mem[X,0x00000000800033B6] -> 0x3335
[3314] [M]: 0x00000000800033B4 (0x33350513) addi a0, a0, 819
x10 <- 0x0000033333333333
mem[X,0x00000000800033B8] -> 0x1513
mem[X,0x00000000800033BA] -> 0x00B5
[3315] [M]: 0x00000000800033B8 (0x00B51513) slli a0, a0, 11
x10 <- 0x0019999999999800
mem[X,0x00000000800033BC] -> 0x0513
mem[X,0x00000000800033BE] -> 0x1995
[3316] [M]: 0x00000000800033BC (0x19950513) addi a0, a0, 409
x10 <- 0x0019999999999999
mem[X,0x00000000800033C0] -> 0x1513
mem[X,0x00000000800033C2] -> 0x00A5
[3317] [M]: 0x00000000800033C0 (0x00A51513) slli a0, a0, 10
x10 <- 0x6666666666666400
mem[X,0x00000000800033C4] -> 0x0513
mem[X,0x00000000800033C6] -> 0x2675
[3318] [M]: 0x00000000800033C4 (0x26750513) addi a0, a0, 615
x10 <- 0x6666666666666667
mem[X,0x00000000800033C8] -> 0x0593
mem[X,0x00000000800033CA] -> 0x0005
[3319] [M]: 0x00000000800033C8 (0x00050593) addi a1, a0, 0
x11 <- 0x6666666666666667
mem[X,0x00000000800033CC] -> 0x3C23
mem[X,0x00000000800033CE] -> 0x52B1
[3320] [M]: 0x00000000800033CC (0x52B13C23) sd a1, 1336(sp)
mem[0x0000000080007F08] <- 0x6666666666666667
mem[X,0x00000000800033D0] -> 0x6537
mem[X,0x00000000800033D2] -> 0x6666
[3321] [M]: 0x00000000800033D0 (0x66666537) lui a0, 419430
x10 <- 0x0000000066666000
mem[X,0x00000000800033D4] -> 0x0513
mem[X,0x00000000800033D6] -> 0x6665
[3322] [M]: 0x00000000800033D4 (0x66650513) addi a0, a0, 1638
x10 <- 0x0000000066666666
mem[X,0x00000000800033D8] -> 0x1513
mem[X,0x00000000800033DA] -> 0x00B5
[3323] [M]: 0x00000000800033D8 (0x00B51513) slli a0, a0, 11
x10 <- 0x0000033333333000
mem[X,0x00000000800033DC] -> 0x0513
mem[X,0x00000000800033DE] -> 0x3335
[3324] [M]: 0x00000000800033DC (0x33350513) addi a0, a0, 819
x10 <- 0x0000033333333333
mem[X,0x00000000800033E0] -> 0x1513
mem[X,0x00000000800033E2] -> 0x00B5
[3325] [M]: 0x00000000800033E0 (0x00B51513) slli a0, a0, 11
x10 <- 0x0019999999999800
mem[X,0x00000000800033E4] -> 0x0513
mem[X,0x00000000800033E6] -> 0x1995
[3326] [M]: 0x00000000800033E4 (0x19950513) addi a0, a0, 409
x10 <- 0x0019999999999999
mem[X,0x00000000800033E8] -> 0x1513
mem[X,0x00000000800033EA] -> 0x00A5
[3327] [M]: 0x00000000800033E8 (0x00A51513) slli a0, a0, 10
x10 <- 0x6666666666666400
mem[X,0x00000000800033EC] -> 0x0513
mem[X,0x00000000800033EE] -> 0x2675
[3328] [M]: 0x00000000800033EC (0x26750513) addi a0, a0, 615
x10 <- 0x6666666666666667
mem[X,0x00000000800033F0] -> 0x0593
mem[X,0x00000000800033F2] -> 0x0045
[3329] [M]: 0x00000000800033F0 (0x00450593) addi a1, a0, 4
x11 <- 0x666666666666666B
mem[X,0x00000000800033F4] -> 0x3023
mem[X,0x00000000800033F6] -> 0x54B1
[3330] [M]: 0x00000000800033F4 (0x54B13023) sd a1, 1344(sp)
mem[0x0000000080007F10] <- 0x666666666666666B
mem[X,0x00000000800033F8] -> 0x6537
mem[X,0x00000000800033FA] -> 0x6666
[3331] [M]: 0x00000000800033F8 (0x66666537) lui a0, 419430
x10 <- 0x0000000066666000
mem[X,0x00000000800033FC] -> 0x0513
mem[X,0x00000000800033FE] -> 0x6665
[3332] [M]: 0x00000000800033FC (0x66650513) addi a0, a0, 1638
x10 <- 0x0000000066666666
mem[X,0x0000000080003400] -> 0x1513
mem[X,0x0000000080003402] -> 0x00B5
[3333] [M]: 0x0000000080003400 (0x00B51513) slli a0, a0, 11
x10 <- 0x0000033333333000
mem[X,0x0000000080003404] -> 0x0513
mem[X,0x0000000080003406] -> 0x3335
[3334] [M]: 0x0000000080003404 (0x33350513) addi a0, a0, 819
x10 <- 0x0000033333333333
mem[X,0x0000000080003408] -> 0x1513
mem[X,0x000000008000340A] -> 0x00B5
[3335] [M]: 0x0000000080003408 (0x00B51513) slli a0, a0, 11
x10 <- 0x0019999999999800
mem[X,0x000000008000340C] -> 0x0513
mem[X,0x000000008000340E] -> 0x1995
[3336] [M]: 0x000000008000340C (0x19950513) addi a0, a0, 409
x10 <- 0x0019999999999999
mem[X,0x0000000080003410] -> 0x1513
mem[X,0x0000000080003412] -> 0x00A5
[3337] [M]: 0x0000000080003410 (0x00A51513) slli a0, a0, 10
x10 <- 0x6666666666666400
mem[X,0x0000000080003414] -> 0x0513
mem[X,0x0000000080003416] -> 0x2675
[3338] [M]: 0x0000000080003414 (0x26750513) addi a0, a0, 615
x10 <- 0x6666666666666667
mem[X,0x0000000080003418] -> 0x0593
mem[X,0x000000008000341A] -> 0x3325
[3339] [M]: 0x0000000080003418 (0x33250593) addi a1, a0, 818
x11 <- 0x6666666666666999
mem[X,0x000000008000341C] -> 0x3423
mem[X,0x000000008000341E] -> 0x54B1
[3340] [M]: 0x000000008000341C (0x54B13423) sd a1, 1352(sp)
mem[0x0000000080007F18] <- 0x6666666666666999
mem[X,0x0000000080003420] -> 0x6537
mem[X,0x0000000080003422] -> 0x6666
[3341] [M]: 0x0000000080003420 (0x66666537) lui a0, 419430
x10 <- 0x0000000066666000
mem[X,0x0000000080003424] -> 0x0513
mem[X,0x0000000080003426] -> 0x6665
[3342] [M]: 0x0000000080003424 (0x66650513) addi a0, a0, 1638
x10 <- 0x0000000066666666
mem[X,0x0000000080003428] -> 0x1513
mem[X,0x000000008000342A] -> 0x00B5
[3343] [M]: 0x0000000080003428 (0x00B51513) slli a0, a0, 11
x10 <- 0x0000033333333000
mem[X,0x000000008000342C] -> 0x0513
mem[X,0x000000008000342E] -> 0x3335
[3344] [M]: 0x000000008000342C (0x33350513) addi a0, a0, 819
x10 <- 0x0000033333333333
mem[X,0x0000000080003430] -> 0x1513
mem[X,0x0000000080003432] -> 0x00B5
[3345] [M]: 0x0000000080003430 (0x00B51513) slli a0, a0, 11
x10 <- 0x0019999999999800
mem[X,0x0000000080003434] -> 0x0513
mem[X,0x0000000080003436] -> 0x1995
[3346] [M]: 0x0000000080003434 (0x19950513) addi a0, a0, 409
x10 <- 0x0019999999999999
mem[X,0x0000000080003438] -> 0x1513
mem[X,0x000000008000343A] -> 0x00A5
[3347] [M]: 0x0000000080003438 (0x00A51513) slli a0, a0, 10
x10 <- 0x6666666666666400
mem[X,0x000000008000343C] -> 0x0513
mem[X,0x000000008000343E] -> 0x2675
[3348] [M]: 0x000000008000343C (0x26750513) addi a0, a0, 615
x10 <- 0x6666666666666667
mem[X,0x0000000080003440] -> 0x0593
mem[X,0x0000000080003442] -> 0x6655
[3349] [M]: 0x0000000080003440 (0x66550593) addi a1, a0, 1637
x11 <- 0x6666666666666CCC
mem[X,0x0000000080003444] -> 0x3823
mem[X,0x0000000080003446] -> 0x54B1
[3350] [M]: 0x0000000080003444 (0x54B13823) sd a1, 1360(sp)
mem[0x0000000080007F20] <- 0x6666666666666CCC
mem[X,0x0000000080003448] -> 0x6537
mem[X,0x000000008000344A] -> 0x6666
[3351] [M]: 0x0000000080003448 (0x66666537) lui a0, 419430
x10 <- 0x0000000066666000
mem[X,0x000000008000344C] -> 0x0513
mem[X,0x000000008000344E] -> 0x6665
[3352] [M]: 0x000000008000344C (0x66650513) addi a0, a0, 1638
x10 <- 0x0000000066666666
mem[X,0x0000000080003450] -> 0x1513
mem[X,0x0000000080003452] -> 0x00B5
[3353] [M]: 0x0000000080003450 (0x00B51513) slli a0, a0, 11
x10 <- 0x0000033333333000
mem[X,0x0000000080003454] -> 0x0513
mem[X,0x0000000080003456] -> 0x3335
[3354] [M]: 0x0000000080003454 (0x33350513) addi a0, a0, 819
x10 <- 0x0000033333333333
mem[X,0x0000000080003458] -> 0x1513
mem[X,0x000000008000345A] -> 0x00B5
[3355] [M]: 0x0000000080003458 (0x00B51513) slli a0, a0, 11
x10 <- 0x0019999999999800
mem[X,0x000000008000345C] -> 0x0513
mem[X,0x000000008000345E] -> 0x1995
[3356] [M]: 0x000000008000345C (0x19950513) addi a0, a0, 409
x10 <- 0x0019999999999999
mem[X,0x0000000080003460] -> 0x1513
mem[X,0x0000000080003462] -> 0x00A5
[3357] [M]: 0x0000000080003460 (0x00A51513) slli a0, a0, 10
x10 <- 0x6666666666666400
mem[X,0x0000000080003464] -> 0x0513
mem[X,0x0000000080003466] -> 0x2675
[3358] [M]: 0x0000000080003464 (0x26750513) addi a0, a0, 615
x10 <- 0x6666666666666667
mem[X,0x0000000080003468] -> 0x0593
mem[X,0x000000008000346A] -> 0x02C5
[3359] [M]: 0x0000000080003468 (0x02C50593) addi a1, a0, 44
x11 <- 0x6666666666666693
mem[X,0x000000008000346C] -> 0x3C23
mem[X,0x000000008000346E] -> 0x54B1
[3360] [M]: 0x000000008000346C (0x54B13C23) sd a1, 1368(sp)
mem[0x0000000080007F28] <- 0x6666666666666693
mem[X,0x0000000080003470] -> 0x6537
mem[X,0x0000000080003472] -> 0x6666
[3361] [M]: 0x0000000080003470 (0x66666537) lui a0, 419430
x10 <- 0x0000000066666000
mem[X,0x0000000080003474] -> 0x0513
mem[X,0x0000000080003476] -> 0x6665
[3362] [M]: 0x0000000080003474 (0x66650513) addi a0, a0, 1638
x10 <- 0x0000000066666666
mem[X,0x0000000080003478] -> 0x1513
mem[X,0x000000008000347A] -> 0x00B5
[3363] [M]: 0x0000000080003478 (0x00B51513) slli a0, a0, 11
x10 <- 0x0000033333333000
mem[X,0x000000008000347C] -> 0x0513
mem[X,0x000000008000347E] -> 0x3335
[3364] [M]: 0x000000008000347C (0x33350513) addi a0, a0, 819
x10 <- 0x0000033333333333
mem[X,0x0000000080003480] -> 0x1513
mem[X,0x0000000080003482] -> 0x00B5
[3365] [M]: 0x0000000080003480 (0x00B51513) slli a0, a0, 11
x10 <- 0x0019999999999800
mem[X,0x0000000080003484] -> 0x0513
mem[X,0x0000000080003486] -> 0x1995
[3366] [M]: 0x0000000080003484 (0x19950513) addi a0, a0, 409
x10 <- 0x0019999999999999
mem[X,0x0000000080003488] -> 0x1513
mem[X,0x000000008000348A] -> 0x00A5
[3367] [M]: 0x0000000080003488 (0x00A51513) slli a0, a0, 10
x10 <- 0x6666666666666400
mem[X,0x000000008000348C] -> 0x0513
mem[X,0x000000008000348E] -> 0x2675
[3368] [M]: 0x000000008000348C (0x26750513) addi a0, a0, 615
x10 <- 0x6666666666666667
mem[X,0x0000000080003490] -> 0x0593
mem[X,0x0000000080003492] -> 0x5565
[3369] [M]: 0x0000000080003490 (0x55650593) addi a1, a0, 1366
x11 <- 0x6666666666666BBD
mem[X,0x0000000080003494] -> 0x3023
mem[X,0x0000000080003496] -> 0x56B1
[3370] [M]: 0x0000000080003494 (0x56B13023) sd a1, 1376(sp)
mem[0x0000000080007F30] <- 0x6666666666666BBD
mem[X,0x0000000080003498] -> 0x6537
mem[X,0x000000008000349A] -> 0x6666
[3371] [M]: 0x0000000080003498 (0x66666537) lui a0, 419430
x10 <- 0x0000000066666000
mem[X,0x000000008000349C] -> 0x0513
mem[X,0x000000008000349E] -> 0x6665
[3372] [M]: 0x000000008000349C (0x66650513) addi a0, a0, 1638
x10 <- 0x0000000066666666
mem[X,0x00000000800034A0] -> 0x1513
mem[X,0x00000000800034A2] -> 0x00B5
[3373] [M]: 0x00000000800034A0 (0x00B51513) slli a0, a0, 11
x10 <- 0x0000033333333000
mem[X,0x00000000800034A4] -> 0x0513
mem[X,0x00000000800034A6] -> 0x3335
[3374] [M]: 0x00000000800034A4 (0x33350513) addi a0, a0, 819
x10 <- 0x0000033333333333
mem[X,0x00000000800034A8] -> 0x1513
mem[X,0x00000000800034AA] -> 0x00B5
[3375] [M]: 0x00000000800034A8 (0x00B51513) slli a0, a0, 11
x10 <- 0x0019999999999800
mem[X,0x00000000800034AC] -> 0x0513
mem[X,0x00000000800034AE] -> 0x1995
[3376] [M]: 0x00000000800034AC (0x19950513) addi a0, a0, 409
x10 <- 0x0019999999999999
mem[X,0x00000000800034B0] -> 0x1513
mem[X,0x00000000800034B2] -> 0x00A5
[3377] [M]: 0x00000000800034B0 (0x00A51513) slli a0, a0, 10
x10 <- 0x6666666666666400
mem[X,0x00000000800034B4] -> 0x0513
mem[X,0x00000000800034B6] -> 0x2675
[3378] [M]: 0x00000000800034B4 (0x26750513) addi a0, a0, 615
x10 <- 0x6666666666666667
mem[X,0x00000000800034B8] -> 0x0593
mem[X,0x00000000800034BA] -> 0xAAB5
[3379] [M]: 0x00000000800034B8 (0xAAB50593) addi a1, a0, 2731
x11 <- 0x6666666666666112
mem[X,0x00000000800034BC] -> 0x3423
mem[X,0x00000000800034BE] -> 0x56B1
[3380] [M]: 0x00000000800034BC (0x56B13423) sd a1, 1384(sp)
mem[0x0000000080007F38] <- 0x6666666666666112
mem[X,0x00000000800034C0] -> 0x6537
mem[X,0x00000000800034C2] -> 0x6666
[3381] [M]: 0x00000000800034C0 (0x66666537) lui a0, 419430
x10 <- 0x0000000066666000
mem[X,0x00000000800034C4] -> 0x0513
mem[X,0x00000000800034C6] -> 0x6665
[3382] [M]: 0x00000000800034C4 (0x66650513) addi a0, a0, 1638
x10 <- 0x0000000066666666
mem[X,0x00000000800034C8] -> 0x1513
mem[X,0x00000000800034CA] -> 0x00B5
[3383] [M]: 0x00000000800034C8 (0x00B51513) slli a0, a0, 11
x10 <- 0x0000033333333000
mem[X,0x00000000800034CC] -> 0x0513
mem[X,0x00000000800034CE] -> 0x3335
[3384] [M]: 0x00000000800034CC (0x33350513) addi a0, a0, 819
x10 <- 0x0000033333333333
mem[X,0x00000000800034D0] -> 0x1513
mem[X,0x00000000800034D2] -> 0x00B5
[3385] [M]: 0x00000000800034D0 (0x00B51513) slli a0, a0, 11
x10 <- 0x0019999999999800
mem[X,0x00000000800034D4] -> 0x0513
mem[X,0x00000000800034D6] -> 0x1995
[3386] [M]: 0x00000000800034D4 (0x19950513) addi a0, a0, 409
x10 <- 0x0019999999999999
mem[X,0x00000000800034D8] -> 0x1513
mem[X,0x00000000800034DA] -> 0x00A5
[3387] [M]: 0x00000000800034D8 (0x00A51513) slli a0, a0, 10
x10 <- 0x6666666666666400
mem[X,0x00000000800034DC] -> 0x0513
mem[X,0x00000000800034DE] -> 0x2675
[3388] [M]: 0x00000000800034DC (0x26750513) addi a0, a0, 615
x10 <- 0x6666666666666667
mem[X,0x00000000800034E0] -> 0x0593
mem[X,0x00000000800034E2] -> 0x0065
[3389] [M]: 0x00000000800034E0 (0x00650593) addi a1, a0, 6
x11 <- 0x666666666666666D
mem[X,0x00000000800034E4] -> 0x3823
mem[X,0x00000000800034E6] -> 0x56B1
[3390] [M]: 0x00000000800034E4 (0x56B13823) sd a1, 1392(sp)
mem[0x0000000080007F40] <- 0x666666666666666D
mem[X,0x00000000800034E8] -> 0x6537
mem[X,0x00000000800034EA] -> 0x6666
[3391] [M]: 0x00000000800034E8 (0x66666537) lui a0, 419430
x10 <- 0x0000000066666000
mem[X,0x00000000800034EC] -> 0x0513
mem[X,0x00000000800034EE] -> 0x6665
[3392] [M]: 0x00000000800034EC (0x66650513) addi a0, a0, 1638
x10 <- 0x0000000066666666
mem[X,0x00000000800034F0] -> 0x1513
mem[X,0x00000000800034F2] -> 0x00B5
[3393] [M]: 0x00000000800034F0 (0x00B51513) slli a0, a0, 11
x10 <- 0x0000033333333000
mem[X,0x00000000800034F4] -> 0x0513
mem[X,0x00000000800034F6] -> 0x3335
[3394] [M]: 0x00000000800034F4 (0x33350513) addi a0, a0, 819
x10 <- 0x0000033333333333
mem[X,0x00000000800034F8] -> 0x1513
mem[X,0x00000000800034FA] -> 0x00B5
[3395] [M]: 0x00000000800034F8 (0x00B51513) slli a0, a0, 11
x10 <- 0x0019999999999800
mem[X,0x00000000800034FC] -> 0x0513
mem[X,0x00000000800034FE] -> 0x1995
[3396] [M]: 0x00000000800034FC (0x19950513) addi a0, a0, 409
x10 <- 0x0019999999999999
mem[X,0x0000000080003500] -> 0x1513
mem[X,0x0000000080003502] -> 0x00A5
[3397] [M]: 0x0000000080003500 (0x00A51513) slli a0, a0, 10
x10 <- 0x6666666666666400
mem[X,0x0000000080003504] -> 0x0513
mem[X,0x0000000080003506] -> 0x2675
[3398] [M]: 0x0000000080003504 (0x26750513) addi a0, a0, 615
x10 <- 0x6666666666666667
mem[X,0x0000000080003508] -> 0x0593
mem[X,0x000000008000350A] -> 0x3345
[3399] [M]: 0x0000000080003508 (0x33450593) addi a1, a0, 820
x11 <- 0x666666666666699B
clint::tick mtime <- 0x0000000000000022
 clint timer pending at mtime 0x0000000000000022
htif::tick 0x0000000000000000
mem[X,0x000000008000350C] -> 0x3C23
mem[X,0x000000008000350E] -> 0x56B1
[3400] [M]: 0x000000008000350C (0x56B13C23) sd a1, 1400(sp)
mem[0x0000000080007F48] <- 0x666666666666699B
mem[X,0x0000000080003510] -> 0x6537
mem[X,0x0000000080003512] -> 0x6666
[3401] [M]: 0x0000000080003510 (0x66666537) lui a0, 419430
x10 <- 0x0000000066666000
mem[X,0x0000000080003514] -> 0x0513
mem[X,0x0000000080003516] -> 0x6665
[3402] [M]: 0x0000000080003514 (0x66650513) addi a0, a0, 1638
x10 <- 0x0000000066666666
mem[X,0x0000000080003518] -> 0x1513
mem[X,0x000000008000351A] -> 0x00B5
[3403] [M]: 0x0000000080003518 (0x00B51513) slli a0, a0, 11
x10 <- 0x0000033333333000
mem[X,0x000000008000351C] -> 0x0513
mem[X,0x000000008000351E] -> 0x3335
[3404] [M]: 0x000000008000351C (0x33350513) addi a0, a0, 819
x10 <- 0x0000033333333333
mem[X,0x0000000080003520] -> 0x1513
mem[X,0x0000000080003522] -> 0x00B5
[3405] [M]: 0x0000000080003520 (0x00B51513) slli a0, a0, 11
x10 <- 0x0019999999999800
mem[X,0x0000000080003524] -> 0x0513
mem[X,0x0000000080003526] -> 0x1995
[3406] [M]: 0x0000000080003524 (0x19950513) addi a0, a0, 409
x10 <- 0x0019999999999999
mem[X,0x0000000080003528] -> 0x1513
mem[X,0x000000008000352A] -> 0x00A5
[3407] [M]: 0x0000000080003528 (0x00A51513) slli a0, a0, 10
x10 <- 0x6666666666666400
mem[X,0x000000008000352C] -> 0x0513
mem[X,0x000000008000352E] -> 0x2675
[3408] [M]: 0x000000008000352C (0x26750513) addi a0, a0, 615
x10 <- 0x6666666666666667
mem[X,0x0000000080003530] -> 0x0593
mem[X,0x0000000080003532] -> 0x6675
[3409] [M]: 0x0000000080003530 (0x66750593) addi a1, a0, 1639
x11 <- 0x6666666666666CCE
mem[X,0x0000000080003534] -> 0x3023
mem[X,0x0000000080003536] -> 0x58B1
[3410] [M]: 0x0000000080003534 (0x58B13023) sd a1, 1408(sp)
mem[0x0000000080007F50] <- 0x6666666666666CCE
mem[X,0x0000000080003538] -> 0x6537
mem[X,0x000000008000353A] -> 0x6666
[3411] [M]: 0x0000000080003538 (0x66666537) lui a0, 419430
x10 <- 0x0000000066666000
mem[X,0x000000008000353C] -> 0x0513
mem[X,0x000000008000353E] -> 0x6665
[3412] [M]: 0x000000008000353C (0x66650513) addi a0, a0, 1638
x10 <- 0x0000000066666666
mem[X,0x0000000080003540] -> 0x1513
mem[X,0x0000000080003542] -> 0x00B5
[3413] [M]: 0x0000000080003540 (0x00B51513) slli a0, a0, 11
x10 <- 0x0000033333333000
mem[X,0x0000000080003544] -> 0x0513
mem[X,0x0000000080003546] -> 0x3335
[3414] [M]: 0x0000000080003544 (0x33350513) addi a0, a0, 819
x10 <- 0x0000033333333333
mem[X,0x0000000080003548] -> 0x1513
mem[X,0x000000008000354A] -> 0x00B5
[3415] [M]: 0x0000000080003548 (0x00B51513) slli a0, a0, 11
x10 <- 0x0019999999999800
mem[X,0x000000008000354C] -> 0x0513
mem[X,0x000000008000354E] -> 0x1995
[3416] [M]: 0x000000008000354C (0x19950513) addi a0, a0, 409
x10 <- 0x0019999999999999
mem[X,0x0000000080003550] -> 0x1513
mem[X,0x0000000080003552] -> 0x00A5
[3417] [M]: 0x0000000080003550 (0x00A51513) slli a0, a0, 10
x10 <- 0x6666666666666400
mem[X,0x0000000080003554] -> 0x0513
mem[X,0x0000000080003556] -> 0x2675
[3418] [M]: 0x0000000080003554 (0x26750513) addi a0, a0, 615
x10 <- 0x6666666666666667
mem[X,0x0000000080003558] -> 0x0593
mem[X,0x000000008000355A] -> 0xFD45
[3419] [M]: 0x0000000080003558 (0xFD450593) addi a1, a0, 4052
x11 <- 0x666666666666663B
mem[X,0x000000008000355C] -> 0x3423
mem[X,0x000000008000355E] -> 0x58B1
[3420] [M]: 0x000000008000355C (0x58B13423) sd a1, 1416(sp)
mem[0x0000000080007F58] <- 0x666666666666663B
mem[X,0x0000000080003560] -> 0x6537
mem[X,0x0000000080003562] -> 0x6666
[3421] [M]: 0x0000000080003560 (0x66666537) lui a0, 419430
x10 <- 0x0000000066666000
mem[X,0x0000000080003564] -> 0x0513
mem[X,0x0000000080003566] -> 0x6665
[3422] [M]: 0x0000000080003564 (0x66650513) addi a0, a0, 1638
x10 <- 0x0000000066666666
mem[X,0x0000000080003568] -> 0x1513
mem[X,0x000000008000356A] -> 0x00B5
[3423] [M]: 0x0000000080003568 (0x00B51513) slli a0, a0, 11
x10 <- 0x0000033333333000
mem[X,0x000000008000356C] -> 0x0513
mem[X,0x000000008000356E] -> 0x3335
[3424] [M]: 0x000000008000356C (0x33350513) addi a0, a0, 819
x10 <- 0x0000033333333333
mem[X,0x0000000080003570] -> 0x1513
mem[X,0x0000000080003572] -> 0x00B5
[3425] [M]: 0x0000000080003570 (0x00B51513) slli a0, a0, 11
x10 <- 0x0019999999999800
mem[X,0x0000000080003574] -> 0x0513
mem[X,0x0000000080003576] -> 0x1995
[3426] [M]: 0x0000000080003574 (0x19950513) addi a0, a0, 409
x10 <- 0x0019999999999999
mem[X,0x0000000080003578] -> 0x1513
mem[X,0x000000008000357A] -> 0x00A5
[3427] [M]: 0x0000000080003578 (0x00A51513) slli a0, a0, 10
x10 <- 0x6666666666666400
mem[X,0x000000008000357C] -> 0x0513
mem[X,0x000000008000357E] -> 0x2675
[3428] [M]: 0x000000008000357C (0x26750513) addi a0, a0, 615
x10 <- 0x6666666666666667
mem[X,0x0000000080003580] -> 0x0593
mem[X,0x0000000080003582] -> 0x02E5
[3429] [M]: 0x0000000080003580 (0x02E50593) addi a1, a0, 46
x11 <- 0x6666666666666695
mem[X,0x0000000080003584] -> 0x3823
mem[X,0x0000000080003586] -> 0x58B1
[3430] [M]: 0x0000000080003584 (0x58B13823) sd a1, 1424(sp)
mem[0x0000000080007F60] <- 0x6666666666666695
mem[X,0x0000000080003588] -> 0x0537
mem[X,0x000000008000358A] -> 0x0000
[3431] [M]: 0x0000000080003588 (0x00000537) lui a0, 0
x10 <- 0x0000000000000000
mem[X,0x000000008000358C] -> 0x0513
mem[X,0x000000008000358E] -> 0xFFF5
[3432] [M]: 0x000000008000358C (0xFFF50513) addi a0, a0, 4095
x10 <- 0xFFFFFFFFFFFFFFFF
mem[X,0x0000000080003590] -> 0x1513
mem[X,0x0000000080003592] -> 0x00B5
[3433] [M]: 0x0000000080003590 (0x00B51513) slli a0, a0, 11
x10 <- 0xFFFFFFFFFFFFF800
mem[X,0x0000000080003594] -> 0x0513
mem[X,0x0000000080003596] -> 0x2575
[3434] [M]: 0x0000000080003594 (0x25750513) addi a0, a0, 599
x10 <- 0xFFFFFFFFFFFFFA57
mem[X,0x0000000080003598] -> 0x1513
mem[X,0x000000008000359A] -> 0x00B5
[3435] [M]: 0x0000000080003598 (0x00B51513) slli a0, a0, 11
x10 <- 0xFFFFFFFFFFD2B800
mem[X,0x000000008000359C] -> 0x0513
mem[X,0x000000008000359E] -> 0x6C35
[3436] [M]: 0x000000008000359C (0x6C350513) addi a0, a0, 1731
x10 <- 0xFFFFFFFFFFD2BEC3
mem[X,0x00000000800035A0] -> 0x1513
mem[X,0x00000000800035A2] -> 0x00A5
[3437] [M]: 0x00000000800035A0 (0x00A51513) slli a0, a0, 10
x10 <- 0xFFFFFFFF4AFB0C00
mem[X,0x00000000800035A4] -> 0x0513
mem[X,0x00000000800035A6] -> 0x0CE5
[3438] [M]: 0x00000000800035A4 (0x0CE50513) addi a0, a0, 206
x10 <- 0xFFFFFFFF4AFB0CCE
mem[X,0x00000000800035A8] -> 0x0593
mem[X,0x00000000800035AA] -> 0x0035
[3439] [M]: 0x00000000800035A8 (0x00350593) addi a1, a0, 3
x11 <- 0xFFFFFFFF4AFB0CD1
mem[X,0x00000000800035AC] -> 0x3C23
mem[X,0x00000000800035AE] -> 0x58B1
[3440] [M]: 0x00000000800035AC (0x58B13C23) sd a1, 1432(sp)
mem[0x0000000080007F68] <- 0xFFFFFFFF4AFB0CD1
mem[X,0x00000000800035B0] -> 0x0537
mem[X,0x00000000800035B2] -> 0x0000
[3441] [M]: 0x00000000800035B0 (0x00000537) lui a0, 0
x10 <- 0x0000000000000000
mem[X,0x00000000800035B4] -> 0x0513
mem[X,0x00000000800035B6] -> 0xFFF5
[3442] [M]: 0x00000000800035B4 (0xFFF50513) addi a0, a0, 4095
x10 <- 0xFFFFFFFFFFFFFFFF
mem[X,0x00000000800035B8] -> 0x1513
mem[X,0x00000000800035BA] -> 0x00B5
[3443] [M]: 0x00000000800035B8 (0x00B51513) slli a0, a0, 11
x10 <- 0xFFFFFFFFFFFFF800
mem[X,0x00000000800035BC] -> 0x0513
mem[X,0x00000000800035BE] -> 0x2575
[3444] [M]: 0x00000000800035BC (0x25750513) addi a0, a0, 599
x10 <- 0xFFFFFFFFFFFFFA57
mem[X,0x00000000800035C0] -> 0x1513
mem[X,0x00000000800035C2] -> 0x00B5
[3445] [M]: 0x00000000800035C0 (0x00B51513) slli a0, a0, 11
x10 <- 0xFFFFFFFFFFD2B800
mem[X,0x00000000800035C4] -> 0x0513
mem[X,0x00000000800035C6] -> 0x6C35
[3446] [M]: 0x00000000800035C4 (0x6C350513) addi a0, a0, 1731
x10 <- 0xFFFFFFFFFFD2BEC3
mem[X,0x00000000800035C8] -> 0x1513
mem[X,0x00000000800035CA] -> 0x00A5
[3447] [M]: 0x00000000800035C8 (0x00A51513) slli a0, a0, 10
x10 <- 0xFFFFFFFF4AFB0C00
mem[X,0x00000000800035CC] -> 0x0513
mem[X,0x00000000800035CE] -> 0x0CE5
[3448] [M]: 0x00000000800035CC (0x0CE50513) addi a0, a0, 206
x10 <- 0xFFFFFFFF4AFB0CCE
mem[X,0x00000000800035D0] -> 0x0593
mem[X,0x00000000800035D2] -> 0x5555
[3449] [M]: 0x00000000800035D0 (0x55550593) addi a1, a0, 1365
x11 <- 0xFFFFFFFF4AFB1223
mem[X,0x00000000800035D4] -> 0x3023
mem[X,0x00000000800035D6] -> 0x5AB1
[3450] [M]: 0x00000000800035D4 (0x5AB13023) sd a1, 1440(sp)
mem[0x0000000080007F70] <- 0xFFFFFFFF4AFB1223
mem[X,0x00000000800035D8] -> 0x0537
mem[X,0x00000000800035DA] -> 0x0000
[3451] [M]: 0x00000000800035D8 (0x00000537) lui a0, 0
x10 <- 0x0000000000000000
mem[X,0x00000000800035DC] -> 0x0513
mem[X,0x00000000800035DE] -> 0xFFF5
[3452] [M]: 0x00000000800035DC (0xFFF50513) addi a0, a0, 4095
x10 <- 0xFFFFFFFFFFFFFFFF
mem[X,0x00000000800035E0] -> 0x1513
mem[X,0x00000000800035E2] -> 0x00B5
[3453] [M]: 0x00000000800035E0 (0x00B51513) slli a0, a0, 11
x10 <- 0xFFFFFFFFFFFFF800
mem[X,0x00000000800035E4] -> 0x0513
mem[X,0x00000000800035E6] -> 0x2575
[3454] [M]: 0x00000000800035E4 (0x25750513) addi a0, a0, 599
x10 <- 0xFFFFFFFFFFFFFA57
mem[X,0x00000000800035E8] -> 0x1513
mem[X,0x00000000800035EA] -> 0x00B5
[3455] [M]: 0x00000000800035E8 (0x00B51513) slli a0, a0, 11
x10 <- 0xFFFFFFFFFFD2B800
mem[X,0x00000000800035EC] -> 0x0513
mem[X,0x00000000800035EE] -> 0x6C35
[3456] [M]: 0x00000000800035EC (0x6C350513) addi a0, a0, 1731
x10 <- 0xFFFFFFFFFFD2BEC3
mem[X,0x00000000800035F0] -> 0x1513
mem[X,0x00000000800035F2] -> 0x00A5
[3457] [M]: 0x00000000800035F0 (0x00A51513) slli a0, a0, 10
x10 <- 0xFFFFFFFF4AFB0C00
mem[X,0x00000000800035F4] -> 0x0513
mem[X,0x00000000800035F6] -> 0x0CE5
[3458] [M]: 0x00000000800035F4 (0x0CE50513) addi a0, a0, 206
x10 <- 0xFFFFFFFF4AFB0CCE
mem[X,0x00000000800035F8] -> 0x0593
mem[X,0x00000000800035FA] -> 0xAAA5
[3459] [M]: 0x00000000800035F8 (0xAAA50593) addi a1, a0, 2730
x11 <- 0xFFFFFFFF4AFB0778
mem[X,0x00000000800035FC] -> 0x3423
mem[X,0x00000000800035FE] -> 0x5AB1
[3460] [M]: 0x00000000800035FC (0x5AB13423) sd a1, 1448(sp)
mem[0x0000000080007F78] <- 0xFFFFFFFF4AFB0778
mem[X,0x0000000080003600] -> 0x0537
mem[X,0x0000000080003602] -> 0x0000
[3461] [M]: 0x0000000080003600 (0x00000537) lui a0, 0
x10 <- 0x0000000000000000
mem[X,0x0000000080003604] -> 0x0513
mem[X,0x0000000080003606] -> 0xFFF5
[3462] [M]: 0x0000000080003604 (0xFFF50513) addi a0, a0, 4095
x10 <- 0xFFFFFFFFFFFFFFFF
mem[X,0x0000000080003608] -> 0x1513
mem[X,0x000000008000360A] -> 0x00B5
[3463] [M]: 0x0000000080003608 (0x00B51513) slli a0, a0, 11
x10 <- 0xFFFFFFFFFFFFF800
mem[X,0x000000008000360C] -> 0x0513
mem[X,0x000000008000360E] -> 0x2575
[3464] [M]: 0x000000008000360C (0x25750513) addi a0, a0, 599
x10 <- 0xFFFFFFFFFFFFFA57
mem[X,0x0000000080003610] -> 0x1513
mem[X,0x0000000080003612] -> 0x00B5
[3465] [M]: 0x0000000080003610 (0x00B51513) slli a0, a0, 11
x10 <- 0xFFFFFFFFFFD2B800
mem[X,0x0000000080003614] -> 0x0513
mem[X,0x0000000080003616] -> 0x6C35
[3466] [M]: 0x0000000080003614 (0x6C350513) addi a0, a0, 1731
x10 <- 0xFFFFFFFFFFD2BEC3
mem[X,0x0000000080003618] -> 0x1513
mem[X,0x000000008000361A] -> 0x00A5
[3467] [M]: 0x0000000080003618 (0x00A51513) slli a0, a0, 10
x10 <- 0xFFFFFFFF4AFB0C00
mem[X,0x000000008000361C] -> 0x0513
mem[X,0x000000008000361E] -> 0x0CE5
[3468] [M]: 0x000000008000361C (0x0CE50513) addi a0, a0, 206
x10 <- 0xFFFFFFFF4AFB0CCE
mem[X,0x0000000080003620] -> 0x0593
mem[X,0x0000000080003622] -> 0x0055
[3469] [M]: 0x0000000080003620 (0x00550593) addi a1, a0, 5
x11 <- 0xFFFFFFFF4AFB0CD3
mem[X,0x0000000080003624] -> 0x3823
mem[X,0x0000000080003626] -> 0x5AB1
[3470] [M]: 0x0000000080003624 (0x5AB13823) sd a1, 1456(sp)
mem[0x0000000080007F80] <- 0xFFFFFFFF4AFB0CD3
mem[X,0x0000000080003628] -> 0x0537
mem[X,0x000000008000362A] -> 0x0000
[3471] [M]: 0x0000000080003628 (0x00000537) lui a0, 0
x10 <- 0x0000000000000000
mem[X,0x000000008000362C] -> 0x0513
mem[X,0x000000008000362E] -> 0xFFF5
[3472] [M]: 0x000000008000362C (0xFFF50513) addi a0, a0, 4095
x10 <- 0xFFFFFFFFFFFFFFFF
mem[X,0x0000000080003630] -> 0x1513
mem[X,0x0000000080003632] -> 0x00B5
[3473] [M]: 0x0000000080003630 (0x00B51513) slli a0, a0, 11
x10 <- 0xFFFFFFFFFFFFF800
mem[X,0x0000000080003634] -> 0x0513
mem[X,0x0000000080003636] -> 0x2575
[3474] [M]: 0x0000000080003634 (0x25750513) addi a0, a0, 599
x10 <- 0xFFFFFFFFFFFFFA57
mem[X,0x0000000080003638] -> 0x1513
mem[X,0x000000008000363A] -> 0x00B5
[3475] [M]: 0x0000000080003638 (0x00B51513) slli a0, a0, 11
x10 <- 0xFFFFFFFFFFD2B800
mem[X,0x000000008000363C] -> 0x0513
mem[X,0x000000008000363E] -> 0x6C35
[3476] [M]: 0x000000008000363C (0x6C350513) addi a0, a0, 1731
x10 <- 0xFFFFFFFFFFD2BEC3
mem[X,0x0000000080003640] -> 0x1513
mem[X,0x0000000080003642] -> 0x00A5
[3477] [M]: 0x0000000080003640 (0x00A51513) slli a0, a0, 10
x10 <- 0xFFFFFFFF4AFB0C00
mem[X,0x0000000080003644] -> 0x0513
mem[X,0x0000000080003646] -> 0x0CE5
[3478] [M]: 0x0000000080003644 (0x0CE50513) addi a0, a0, 206
x10 <- 0xFFFFFFFF4AFB0CCE
mem[X,0x0000000080003648] -> 0x0593
mem[X,0x000000008000364A] -> 0x3335
[3479] [M]: 0x0000000080003648 (0x33350593) addi a1, a0, 819
x11 <- 0xFFFFFFFF4AFB1001
mem[X,0x000000008000364C] -> 0x3C23
mem[X,0x000000008000364E] -> 0x5AB1
[3480] [M]: 0x000000008000364C (0x5AB13C23) sd a1, 1464(sp)
mem[0x0000000080007F88] <- 0xFFFFFFFF4AFB1001
mem[X,0x0000000080003650] -> 0x0537
mem[X,0x0000000080003652] -> 0x0000
[3481] [M]: 0x0000000080003650 (0x00000537) lui a0, 0
x10 <- 0x0000000000000000
mem[X,0x0000000080003654] -> 0x0513
mem[X,0x0000000080003656] -> 0xFFF5
[3482] [M]: 0x0000000080003654 (0xFFF50513) addi a0, a0, 4095
x10 <- 0xFFFFFFFFFFFFFFFF
mem[X,0x0000000080003658] -> 0x1513
mem[X,0x000000008000365A] -> 0x00B5
[3483] [M]: 0x0000000080003658 (0x00B51513) slli a0, a0, 11
x10 <- 0xFFFFFFFFFFFFF800
mem[X,0x000000008000365C] -> 0x0513
mem[X,0x000000008000365E] -> 0x2575
[3484] [M]: 0x000000008000365C (0x25750513) addi a0, a0, 599
x10 <- 0xFFFFFFFFFFFFFA57
mem[X,0x0000000080003660] -> 0x1513
mem[X,0x0000000080003662] -> 0x00B5
[3485] [M]: 0x0000000080003660 (0x00B51513) slli a0, a0, 11
x10 <- 0xFFFFFFFFFFD2B800
mem[X,0x0000000080003664] -> 0x0513
mem[X,0x0000000080003666] -> 0x6C35
[3486] [M]: 0x0000000080003664 (0x6C350513) addi a0, a0, 1731
x10 <- 0xFFFFFFFFFFD2BEC3
mem[X,0x0000000080003668] -> 0x1513
mem[X,0x000000008000366A] -> 0x00A5
[3487] [M]: 0x0000000080003668 (0x00A51513) slli a0, a0, 10
x10 <- 0xFFFFFFFF4AFB0C00
mem[X,0x000000008000366C] -> 0x0513
mem[X,0x000000008000366E] -> 0x0CE5
[3488] [M]: 0x000000008000366C (0x0CE50513) addi a0, a0, 206
x10 <- 0xFFFFFFFF4AFB0CCE
mem[X,0x0000000080003670] -> 0x0593
mem[X,0x0000000080003672] -> 0x6665
[3489] [M]: 0x0000000080003670 (0x66650593) addi a1, a0, 1638
x11 <- 0xFFFFFFFF4AFB1334
mem[X,0x0000000080003674] -> 0x3023
mem[X,0x0000000080003676] -> 0x5CB1
[3490] [M]: 0x0000000080003674 (0x5CB13023) sd a1, 1472(sp)
mem[0x0000000080007F90] <- 0xFFFFFFFF4AFB1334
mem[X,0x0000000080003678] -> 0x0537
mem[X,0x000000008000367A] -> 0x0000
[3491] [M]: 0x0000000080003678 (0x00000537) lui a0, 0
x10 <- 0x0000000000000000
mem[X,0x000000008000367C] -> 0x0513
mem[X,0x000000008000367E] -> 0xFFF5
[3492] [M]: 0x000000008000367C (0xFFF50513) addi a0, a0, 4095
x10 <- 0xFFFFFFFFFFFFFFFF
mem[X,0x0000000080003680] -> 0x1513
mem[X,0x0000000080003682] -> 0x00B5
[3493] [M]: 0x0000000080003680 (0x00B51513) slli a0, a0, 11
x10 <- 0xFFFFFFFFFFFFF800
mem[X,0x0000000080003684] -> 0x0513
mem[X,0x0000000080003686] -> 0x2575
[3494] [M]: 0x0000000080003684 (0x25750513) addi a0, a0, 599
x10 <- 0xFFFFFFFFFFFFFA57
mem[X,0x0000000080003688] -> 0x1513
mem[X,0x000000008000368A] -> 0x00B5
[3495] [M]: 0x0000000080003688 (0x00B51513) slli a0, a0, 11
x10 <- 0xFFFFFFFFFFD2B800
mem[X,0x000000008000368C] -> 0x0513
mem[X,0x000000008000368E] -> 0x6C35
[3496] [M]: 0x000000008000368C (0x6C350513) addi a0, a0, 1731
x10 <- 0xFFFFFFFFFFD2BEC3
mem[X,0x0000000080003690] -> 0x1513
mem[X,0x0000000080003692] -> 0x00A5
[3497] [M]: 0x0000000080003690 (0x00A51513) slli a0, a0, 10
x10 <- 0xFFFFFFFF4AFB0C00
mem[X,0x0000000080003694] -> 0x0513
mem[X,0x0000000080003696] -> 0x0CE5
[3498] [M]: 0x0000000080003694 (0x0CE50513) addi a0, a0, 206
x10 <- 0xFFFFFFFF4AFB0CCE
mem[X,0x0000000080003698] -> 0x0593
mem[X,0x000000008000369A] -> 0xFD35
[3499] [M]: 0x0000000080003698 (0xFD350593) addi a1, a0, 4051
x11 <- 0xFFFFFFFF4AFB0CA1
clint::tick mtime <- 0x0000000000000023
 clint timer pending at mtime 0x0000000000000023
htif::tick 0x0000000000000000
mem[X,0x000000008000369C] -> 0x3423
mem[X,0x000000008000369E] -> 0x5CB1
[3500] [M]: 0x000000008000369C (0x5CB13423) sd a1, 1480(sp)
mem[0x0000000080007F98] <- 0xFFFFFFFF4AFB0CA1
mem[X,0x00000000800036A0] -> 0x0537
mem[X,0x00000000800036A2] -> 0x0000
[3501] [M]: 0x00000000800036A0 (0x00000537) lui a0, 0
x10 <- 0x0000000000000000
mem[X,0x00000000800036A4] -> 0x0513
mem[X,0x00000000800036A6] -> 0xFFF5
[3502] [M]: 0x00000000800036A4 (0xFFF50513) addi a0, a0, 4095
x10 <- 0xFFFFFFFFFFFFFFFF
mem[X,0x00000000800036A8] -> 0x1513
mem[X,0x00000000800036AA] -> 0x00B5
[3503] [M]: 0x00000000800036A8 (0x00B51513) slli a0, a0, 11
x10 <- 0xFFFFFFFFFFFFF800
mem[X,0x00000000800036AC] -> 0x0513
mem[X,0x00000000800036AE] -> 0x2575
[3504] [M]: 0x00000000800036AC (0x25750513) addi a0, a0, 599
x10 <- 0xFFFFFFFFFFFFFA57
mem[X,0x00000000800036B0] -> 0x1513
mem[X,0x00000000800036B2] -> 0x00B5
[3505] [M]: 0x00000000800036B0 (0x00B51513) slli a0, a0, 11
x10 <- 0xFFFFFFFFFFD2B800
mem[X,0x00000000800036B4] -> 0x0513
mem[X,0x00000000800036B6] -> 0x6C35
[3506] [M]: 0x00000000800036B4 (0x6C350513) addi a0, a0, 1731
x10 <- 0xFFFFFFFFFFD2BEC3
mem[X,0x00000000800036B8] -> 0x1513
mem[X,0x00000000800036BA] -> 0x00A5
[3507] [M]: 0x00000000800036B8 (0x00A51513) slli a0, a0, 10
x10 <- 0xFFFFFFFF4AFB0C00
mem[X,0x00000000800036BC] -> 0x0513
mem[X,0x00000000800036BE] -> 0x0CE5
[3508] [M]: 0x00000000800036BC (0x0CE50513) addi a0, a0, 206
x10 <- 0xFFFFFFFF4AFB0CCE
mem[X,0x00000000800036C0] -> 0x0593
mem[X,0x00000000800036C2] -> 0x02D5
[3509] [M]: 0x00000000800036C0 (0x02D50593) addi a1, a0, 45
x11 <- 0xFFFFFFFF4AFB0CFB
mem[X,0x00000000800036C4] -> 0x3823
mem[X,0x00000000800036C6] -> 0x5CB1
[3510] [M]: 0x00000000800036C4 (0x5CB13823) sd a1, 1488(sp)
mem[0x0000000080007FA0] <- 0xFFFFFFFF4AFB0CFB
mem[X,0x00000000800036C8] -> 0x0537
mem[X,0x00000000800036CA] -> 0x0000
[3511] [M]: 0x00000000800036C8 (0x00000537) lui a0, 0
x10 <- 0x0000000000000000
mem[X,0x00000000800036CC] -> 0x0513
mem[X,0x00000000800036CE] -> 0xFFF5
[3512] [M]: 0x00000000800036CC (0xFFF50513) addi a0, a0, 4095
x10 <- 0xFFFFFFFFFFFFFFFF
mem[X,0x00000000800036D0] -> 0x1513
mem[X,0x00000000800036D2] -> 0x00B5
[3513] [M]: 0x00000000800036D0 (0x00B51513) slli a0, a0, 11
x10 <- 0xFFFFFFFFFFFFF800
mem[X,0x00000000800036D4] -> 0x0513
mem[X,0x00000000800036D6] -> 0x2575
[3514] [M]: 0x00000000800036D4 (0x25750513) addi a0, a0, 599
x10 <- 0xFFFFFFFFFFFFFA57
mem[X,0x00000000800036D8] -> 0x1513
mem[X,0x00000000800036DA] -> 0x00B5
[3515] [M]: 0x00000000800036D8 (0x00B51513) slli a0, a0, 11
x10 <- 0xFFFFFFFFFFD2B800
mem[X,0x00000000800036DC] -> 0x0513
mem[X,0x00000000800036DE] -> 0x6C35
[3516] [M]: 0x00000000800036DC (0x6C350513) addi a0, a0, 1731
x10 <- 0xFFFFFFFFFFD2BEC3
mem[X,0x00000000800036E0] -> 0x1513
mem[X,0x00000000800036E2] -> 0x00A5
[3517] [M]: 0x00000000800036E0 (0x00A51513) slli a0, a0, 10
x10 <- 0xFFFFFFFF4AFB0C00
mem[X,0x00000000800036E4] -> 0x0513
mem[X,0x00000000800036E6] -> 0x0CE5
[3518] [M]: 0x00000000800036E4 (0x0CE50513) addi a0, a0, 206
x10 <- 0xFFFFFFFF4AFB0CCE
mem[X,0x00000000800036E8] -> 0x0593
mem[X,0x00000000800036EA] -> 0x0025
[3519] [M]: 0x00000000800036E8 (0x00250593) addi a1, a0, 2
x11 <- 0xFFFFFFFF4AFB0CD0
mem[X,0x00000000800036EC] -> 0x3C23
mem[X,0x00000000800036EE] -> 0x5CB1
[3520] [M]: 0x00000000800036EC (0x5CB13C23) sd a1, 1496(sp)
mem[0x0000000080007FA8] <- 0xFFFFFFFF4AFB0CD0
mem[X,0x00000000800036F0] -> 0x0537
mem[X,0x00000000800036F2] -> 0x0000
[3521] [M]: 0x00000000800036F0 (0x00000537) lui a0, 0
x10 <- 0x0000000000000000
mem[X,0x00000000800036F4] -> 0x0513
mem[X,0x00000000800036F6] -> 0xFFF5
[3522] [M]: 0x00000000800036F4 (0xFFF50513) addi a0, a0, 4095
x10 <- 0xFFFFFFFFFFFFFFFF
mem[X,0x00000000800036F8] -> 0x1513
mem[X,0x00000000800036FA] -> 0x00B5
[3523] [M]: 0x00000000800036F8 (0x00B51513) slli a0, a0, 11
x10 <- 0xFFFFFFFFFFFFF800
mem[X,0x00000000800036FC] -> 0x0513
mem[X,0x00000000800036FE] -> 0x2575
[3524] [M]: 0x00000000800036FC (0x25750513) addi a0, a0, 599
x10 <- 0xFFFFFFFFFFFFFA57
mem[X,0x0000000080003700] -> 0x1513
mem[X,0x0000000080003702] -> 0x00B5
[3525] [M]: 0x0000000080003700 (0x00B51513) slli a0, a0, 11
x10 <- 0xFFFFFFFFFFD2B800
mem[X,0x0000000080003704] -> 0x0513
mem[X,0x0000000080003706] -> 0x6C35
[3526] [M]: 0x0000000080003704 (0x6C350513) addi a0, a0, 1731
x10 <- 0xFFFFFFFFFFD2BEC3
mem[X,0x0000000080003708] -> 0x1513
mem[X,0x000000008000370A] -> 0x00A5
[3527] [M]: 0x0000000080003708 (0x00A51513) slli a0, a0, 10
x10 <- 0xFFFFFFFF4AFB0C00
mem[X,0x000000008000370C] -> 0x0513
mem[X,0x000000008000370E] -> 0x0CE5
[3528] [M]: 0x000000008000370C (0x0CE50513) addi a0, a0, 206
x10 <- 0xFFFFFFFF4AFB0CCE
mem[X,0x0000000080003710] -> 0x0593
mem[X,0x0000000080003712] -> 0x5545
[3529] [M]: 0x0000000080003710 (0x55450593) addi a1, a0, 1364
x11 <- 0xFFFFFFFF4AFB1222
mem[X,0x0000000080003714] -> 0x3023
mem[X,0x0000000080003716] -> 0x5EB1
[3530] [M]: 0x0000000080003714 (0x5EB13023) sd a1, 1504(sp)
mem[0x0000000080007FB0] <- 0xFFFFFFFF4AFB1222
mem[X,0x0000000080003718] -> 0x0537
mem[X,0x000000008000371A] -> 0x0000
[3531] [M]: 0x0000000080003718 (0x00000537) lui a0, 0
x10 <- 0x0000000000000000
mem[X,0x000000008000371C] -> 0x0513
mem[X,0x000000008000371E] -> 0xFFF5
[3532] [M]: 0x000000008000371C (0xFFF50513) addi a0, a0, 4095
x10 <- 0xFFFFFFFFFFFFFFFF
mem[X,0x0000000080003720] -> 0x1513
mem[X,0x0000000080003722] -> 0x00B5
[3533] [M]: 0x0000000080003720 (0x00B51513) slli a0, a0, 11
x10 <- 0xFFFFFFFFFFFFF800
mem[X,0x0000000080003724] -> 0x0513
mem[X,0x0000000080003726] -> 0x2575
[3534] [M]: 0x0000000080003724 (0x25750513) addi a0, a0, 599
x10 <- 0xFFFFFFFFFFFFFA57
mem[X,0x0000000080003728] -> 0x1513
mem[X,0x000000008000372A] -> 0x00B5
[3535] [M]: 0x0000000080003728 (0x00B51513) slli a0, a0, 11
x10 <- 0xFFFFFFFFFFD2B800
mem[X,0x000000008000372C] -> 0x0513
mem[X,0x000000008000372E] -> 0x6C35
[3536] [M]: 0x000000008000372C (0x6C350513) addi a0, a0, 1731
x10 <- 0xFFFFFFFFFFD2BEC3
mem[X,0x0000000080003730] -> 0x1513
mem[X,0x0000000080003732] -> 0x00A5
[3537] [M]: 0x0000000080003730 (0x00A51513) slli a0, a0, 10
x10 <- 0xFFFFFFFF4AFB0C00
mem[X,0x0000000080003734] -> 0x0513
mem[X,0x0000000080003736] -> 0x0CE5
[3538] [M]: 0x0000000080003734 (0x0CE50513) addi a0, a0, 206
x10 <- 0xFFFFFFFF4AFB0CCE
mem[X,0x0000000080003738] -> 0x0593
mem[X,0x000000008000373A] -> 0x0005
[3539] [M]: 0x0000000080003738 (0x00050593) addi a1, a0, 0
x11 <- 0xFFFFFFFF4AFB0CCE
mem[X,0x000000008000373C] -> 0x3423
mem[X,0x000000008000373E] -> 0x5EB1
[3540] [M]: 0x000000008000373C (0x5EB13423) sd a1, 1512(sp)
mem[0x0000000080007FB8] <- 0xFFFFFFFF4AFB0CCE
mem[X,0x0000000080003740] -> 0x0537
mem[X,0x0000000080003742] -> 0x0000
[3541] [M]: 0x0000000080003740 (0x00000537) lui a0, 0
x10 <- 0x0000000000000000
mem[X,0x0000000080003744] -> 0x0513
mem[X,0x0000000080003746] -> 0xFFF5
[3542] [M]: 0x0000000080003744 (0xFFF50513) addi a0, a0, 4095
x10 <- 0xFFFFFFFFFFFFFFFF
mem[X,0x0000000080003748] -> 0x1513
mem[X,0x000000008000374A] -> 0x00B5
[3543] [M]: 0x0000000080003748 (0x00B51513) slli a0, a0, 11
x10 <- 0xFFFFFFFFFFFFF800
mem[X,0x000000008000374C] -> 0x0513
mem[X,0x000000008000374E] -> 0x2575
[3544] [M]: 0x000000008000374C (0x25750513) addi a0, a0, 599
x10 <- 0xFFFFFFFFFFFFFA57
mem[X,0x0000000080003750] -> 0x1513
mem[X,0x0000000080003752] -> 0x00B5
[3545] [M]: 0x0000000080003750 (0x00B51513) slli a0, a0, 11
x10 <- 0xFFFFFFFFFFD2B800
mem[X,0x0000000080003754] -> 0x0513
mem[X,0x0000000080003756] -> 0x6C35
[3546] [M]: 0x0000000080003754 (0x6C350513) addi a0, a0, 1731
x10 <- 0xFFFFFFFFFFD2BEC3
mem[X,0x0000000080003758] -> 0x1513
mem[X,0x000000008000375A] -> 0x00A5
[3547] [M]: 0x0000000080003758 (0x00A51513) slli a0, a0, 10
x10 <- 0xFFFFFFFF4AFB0C00
mem[X,0x000000008000375C] -> 0x0513
mem[X,0x000000008000375E] -> 0x0CE5
[3548] [M]: 0x000000008000375C (0x0CE50513) addi a0, a0, 206
x10 <- 0xFFFFFFFF4AFB0CCE
mem[X,0x0000000080003760] -> 0x0593
mem[X,0x0000000080003762] -> 0x0045
[3549] [M]: 0x0000000080003760 (0x00450593) addi a1, a0, 4
x11 <- 0xFFFFFFFF4AFB0CD2
mem[X,0x0000000080003764] -> 0x3823
mem[X,0x0000000080003766] -> 0x5EB1
[3550] [M]: 0x0000000080003764 (0x5EB13823) sd a1, 1520(sp)
mem[0x0000000080007FC0] <- 0xFFFFFFFF4AFB0CD2
mem[X,0x0000000080003768] -> 0x0537
mem[X,0x000000008000376A] -> 0x0000
[3551] [M]: 0x0000000080003768 (0x00000537) lui a0, 0
x10 <- 0x0000000000000000
mem[X,0x000000008000376C] -> 0x0513
mem[X,0x000000008000376E] -> 0xFFF5
[3552] [M]: 0x000000008000376C (0xFFF50513) addi a0, a0, 4095
x10 <- 0xFFFFFFFFFFFFFFFF
mem[X,0x0000000080003770] -> 0x1513
mem[X,0x0000000080003772] -> 0x00B5
[3553] [M]: 0x0000000080003770 (0x00B51513) slli a0, a0, 11
x10 <- 0xFFFFFFFFFFFFF800
mem[X,0x0000000080003774] -> 0x0513
mem[X,0x0000000080003776] -> 0x2575
[3554] [M]: 0x0000000080003774 (0x25750513) addi a0, a0, 599
x10 <- 0xFFFFFFFFFFFFFA57
mem[X,0x0000000080003778] -> 0x1513
mem[X,0x000000008000377A] -> 0x00B5
[3555] [M]: 0x0000000080003778 (0x00B51513) slli a0, a0, 11
x10 <- 0xFFFFFFFFFFD2B800
mem[X,0x000000008000377C] -> 0x0513
mem[X,0x000000008000377E] -> 0x6C35
[3556] [M]: 0x000000008000377C (0x6C350513) addi a0, a0, 1731
x10 <- 0xFFFFFFFFFFD2BEC3
mem[X,0x0000000080003780] -> 0x1513
mem[X,0x0000000080003782] -> 0x00A5
[3557] [M]: 0x0000000080003780 (0x00A51513) slli a0, a0, 10
x10 <- 0xFFFFFFFF4AFB0C00
mem[X,0x0000000080003784] -> 0x0513
mem[X,0x0000000080003786] -> 0x0CE5
[3558] [M]: 0x0000000080003784 (0x0CE50513) addi a0, a0, 206
x10 <- 0xFFFFFFFF4AFB0CCE
mem[X,0x0000000080003788] -> 0x0593
mem[X,0x000000008000378A] -> 0x3325
[3559] [M]: 0x0000000080003788 (0x33250593) addi a1, a0, 818
x11 <- 0xFFFFFFFF4AFB1000
mem[X,0x000000008000378C] -> 0x3C23
mem[X,0x000000008000378E] -> 0x5EB1
[3560] [M]: 0x000000008000378C (0x5EB13C23) sd a1, 1528(sp)
mem[0x0000000080007FC8] <- 0xFFFFFFFF4AFB1000
mem[X,0x0000000080003790] -> 0x0537
mem[X,0x0000000080003792] -> 0x0000
[3561] [M]: 0x0000000080003790 (0x00000537) lui a0, 0
x10 <- 0x0000000000000000
mem[X,0x0000000080003794] -> 0x0513
mem[X,0x0000000080003796] -> 0xFFF5
[3562] [M]: 0x0000000080003794 (0xFFF50513) addi a0, a0, 4095
x10 <- 0xFFFFFFFFFFFFFFFF
mem[X,0x0000000080003798] -> 0x1513
mem[X,0x000000008000379A] -> 0x00B5
[3563] [M]: 0x0000000080003798 (0x00B51513) slli a0, a0, 11
x10 <- 0xFFFFFFFFFFFFF800
mem[X,0x000000008000379C] -> 0x0513
mem[X,0x000000008000379E] -> 0x2575
[3564] [M]: 0x000000008000379C (0x25750513) addi a0, a0, 599
x10 <- 0xFFFFFFFFFFFFFA57
mem[X,0x00000000800037A0] -> 0x1513
mem[X,0x00000000800037A2] -> 0x00B5
[3565] [M]: 0x00000000800037A0 (0x00B51513) slli a0, a0, 11
x10 <- 0xFFFFFFFFFFD2B800
mem[X,0x00000000800037A4] -> 0x0513
mem[X,0x00000000800037A6] -> 0x6C35
[3566] [M]: 0x00000000800037A4 (0x6C350513) addi a0, a0, 1731
x10 <- 0xFFFFFFFFFFD2BEC3
mem[X,0x00000000800037A8] -> 0x1513
mem[X,0x00000000800037AA] -> 0x00A5
[3567] [M]: 0x00000000800037A8 (0x00A51513) slli a0, a0, 10
x10 <- 0xFFFFFFFF4AFB0C00
mem[X,0x00000000800037AC] -> 0x0513
mem[X,0x00000000800037AE] -> 0x0CE5
[3568] [M]: 0x00000000800037AC (0x0CE50513) addi a0, a0, 206
x10 <- 0xFFFFFFFF4AFB0CCE
mem[X,0x00000000800037B0] -> 0x0593
mem[X,0x00000000800037B2] -> 0x6655
[3569] [M]: 0x00000000800037B0 (0x66550593) addi a1, a0, 1637
x11 <- 0xFFFFFFFF4AFB1333
mem[X,0x00000000800037B4] -> 0x3023
mem[X,0x00000000800037B6] -> 0x60B1
[3570] [M]: 0x00000000800037B4 (0x60B13023) sd a1, 1536(sp)
mem[0x0000000080007FD0] <- 0xFFFFFFFF4AFB1333
mem[X,0x00000000800037B8] -> 0x0537
mem[X,0x00000000800037BA] -> 0x0000
[3571] [M]: 0x00000000800037B8 (0x00000537) lui a0, 0
x10 <- 0x0000000000000000
mem[X,0x00000000800037BC] -> 0x0513
mem[X,0x00000000800037BE] -> 0xFFF5
[3572] [M]: 0x00000000800037BC (0xFFF50513) addi a0, a0, 4095
x10 <- 0xFFFFFFFFFFFFFFFF
mem[X,0x00000000800037C0] -> 0x1513
mem[X,0x00000000800037C2] -> 0x00B5
[3573] [M]: 0x00000000800037C0 (0x00B51513) slli a0, a0, 11
x10 <- 0xFFFFFFFFFFFFF800
mem[X,0x00000000800037C4] -> 0x0513
mem[X,0x00000000800037C6] -> 0x2575
[3574] [M]: 0x00000000800037C4 (0x25750513) addi a0, a0, 599
x10 <- 0xFFFFFFFFFFFFFA57
mem[X,0x00000000800037C8] -> 0x1513
mem[X,0x00000000800037CA] -> 0x00B5
[3575] [M]: 0x00000000800037C8 (0x00B51513) slli a0, a0, 11
x10 <- 0xFFFFFFFFFFD2B800
mem[X,0x00000000800037CC] -> 0x0513
mem[X,0x00000000800037CE] -> 0x6C35
[3576] [M]: 0x00000000800037CC (0x6C350513) addi a0, a0, 1731
x10 <- 0xFFFFFFFFFFD2BEC3
mem[X,0x00000000800037D0] -> 0x1513
mem[X,0x00000000800037D2] -> 0x00A5
[3577] [M]: 0x00000000800037D0 (0x00A51513) slli a0, a0, 10
x10 <- 0xFFFFFFFF4AFB0C00
mem[X,0x00000000800037D4] -> 0x0513
mem[X,0x00000000800037D6] -> 0x0CE5
[3578] [M]: 0x00000000800037D4 (0x0CE50513) addi a0, a0, 206
x10 <- 0xFFFFFFFF4AFB0CCE
mem[X,0x00000000800037D8] -> 0x0593
mem[X,0x00000000800037DA] -> 0x02C5
[3579] [M]: 0x00000000800037D8 (0x02C50593) addi a1, a0, 44
x11 <- 0xFFFFFFFF4AFB0CFA
mem[X,0x00000000800037DC] -> 0x3423
mem[X,0x00000000800037DE] -> 0x60B1
[3580] [M]: 0x00000000800037DC (0x60B13423) sd a1, 1544(sp)
mem[0x0000000080007FD8] <- 0xFFFFFFFF4AFB0CFA
mem[X,0x00000000800037E0] -> 0x0537
mem[X,0x00000000800037E2] -> 0x0000
[3581] [M]: 0x00000000800037E0 (0x00000537) lui a0, 0
x10 <- 0x0000000000000000
mem[X,0x00000000800037E4] -> 0x0513
mem[X,0x00000000800037E6] -> 0xFFF5
[3582] [M]: 0x00000000800037E4 (0xFFF50513) addi a0, a0, 4095
x10 <- 0xFFFFFFFFFFFFFFFF
mem[X,0x00000000800037E8] -> 0x1513
mem[X,0x00000000800037EA] -> 0x00B5
[3583] [M]: 0x00000000800037E8 (0x00B51513) slli a0, a0, 11
x10 <- 0xFFFFFFFFFFFFF800
mem[X,0x00000000800037EC] -> 0x0513
mem[X,0x00000000800037EE] -> 0x2575
[3584] [M]: 0x00000000800037EC (0x25750513) addi a0, a0, 599
x10 <- 0xFFFFFFFFFFFFFA57
mem[X,0x00000000800037F0] -> 0x1513
mem[X,0x00000000800037F2] -> 0x00B5
[3585] [M]: 0x00000000800037F0 (0x00B51513) slli a0, a0, 11
x10 <- 0xFFFFFFFFFFD2B800
mem[X,0x00000000800037F4] -> 0x0513
mem[X,0x00000000800037F6] -> 0x6C35
[3586] [M]: 0x00000000800037F4 (0x6C350513) addi a0, a0, 1731
x10 <- 0xFFFFFFFFFFD2BEC3
mem[X,0x00000000800037F8] -> 0x1513
mem[X,0x00000000800037FA] -> 0x00A5
[3587] [M]: 0x00000000800037F8 (0x00A51513) slli a0, a0, 10
x10 <- 0xFFFFFFFF4AFB0C00
mem[X,0x00000000800037FC] -> 0x0513
mem[X,0x00000000800037FE] -> 0x0CE5
[3588] [M]: 0x00000000800037FC (0x0CE50513) addi a0, a0, 206
x10 <- 0xFFFFFFFF4AFB0CCE
mem[X,0x0000000080003800] -> 0x0593
mem[X,0x0000000080003802] -> 0x5565
[3589] [M]: 0x0000000080003800 (0x55650593) addi a1, a0, 1366
x11 <- 0xFFFFFFFF4AFB1224
mem[X,0x0000000080003804] -> 0x3823
mem[X,0x0000000080003806] -> 0x60B1
[3590] [M]: 0x0000000080003804 (0x60B13823) sd a1, 1552(sp)
mem[0x0000000080007FE0] <- 0xFFFFFFFF4AFB1224
mem[X,0x0000000080003808] -> 0x0537
mem[X,0x000000008000380A] -> 0x0000
[3591] [M]: 0x0000000080003808 (0x00000537) lui a0, 0
x10 <- 0x0000000000000000
mem[X,0x000000008000380C] -> 0x0513
mem[X,0x000000008000380E] -> 0xFFF5
[3592] [M]: 0x000000008000380C (0xFFF50513) addi a0, a0, 4095
x10 <- 0xFFFFFFFFFFFFFFFF
mem[X,0x0000000080003810] -> 0x1513
mem[X,0x0000000080003812] -> 0x00B5
[3593] [M]: 0x0000000080003810 (0x00B51513) slli a0, a0, 11
x10 <- 0xFFFFFFFFFFFFF800
mem[X,0x0000000080003814] -> 0x0513
mem[X,0x0000000080003816] -> 0x2575
[3594] [M]: 0x0000000080003814 (0x25750513) addi a0, a0, 599
x10 <- 0xFFFFFFFFFFFFFA57
mem[X,0x0000000080003818] -> 0x1513
mem[X,0x000000008000381A] -> 0x00B5
[3595] [M]: 0x0000000080003818 (0x00B51513) slli a0, a0, 11
x10 <- 0xFFFFFFFFFFD2B800
mem[X,0x000000008000381C] -> 0x0513
mem[X,0x000000008000381E] -> 0x6C35
[3596] [M]: 0x000000008000381C (0x6C350513) addi a0, a0, 1731
x10 <- 0xFFFFFFFFFFD2BEC3
mem[X,0x0000000080003820] -> 0x1513
mem[X,0x0000000080003822] -> 0x00A5
[3597] [M]: 0x0000000080003820 (0x00A51513) slli a0, a0, 10
x10 <- 0xFFFFFFFF4AFB0C00
mem[X,0x0000000080003824] -> 0x0513
mem[X,0x0000000080003826] -> 0x0CE5
[3598] [M]: 0x0000000080003824 (0x0CE50513) addi a0, a0, 206
x10 <- 0xFFFFFFFF4AFB0CCE
mem[X,0x0000000080003828] -> 0x0593
mem[X,0x000000008000382A] -> 0xAAB5
[3599] [M]: 0x0000000080003828 (0xAAB50593) addi a1, a0, 2731
x11 <- 0xFFFFFFFF4AFB0779
clint::tick mtime <- 0x0000000000000024
 clint timer pending at mtime 0x0000000000000024
htif::tick 0x0000000000000000
mem[X,0x000000008000382C] -> 0x3C23
mem[X,0x000000008000382E] -> 0x60B1
[3600] [M]: 0x000000008000382C (0x60B13C23) sd a1, 1560(sp)
mem[0x0000000080007FE8] <- 0xFFFFFFFF4AFB0779
mem[X,0x0000000080003830] -> 0x0537
mem[X,0x0000000080003832] -> 0x0000
[3601] [M]: 0x0000000080003830 (0x00000537) lui a0, 0
x10 <- 0x0000000000000000
mem[X,0x0000000080003834] -> 0x0513
mem[X,0x0000000080003836] -> 0xFFF5
[3602] [M]: 0x0000000080003834 (0xFFF50513) addi a0, a0, 4095
x10 <- 0xFFFFFFFFFFFFFFFF
mem[X,0x0000000080003838] -> 0x1513
mem[X,0x000000008000383A] -> 0x00B5
[3603] [M]: 0x0000000080003838 (0x00B51513) slli a0, a0, 11
x10 <- 0xFFFFFFFFFFFFF800
mem[X,0x000000008000383C] -> 0x0513
mem[X,0x000000008000383E] -> 0x2575
[3604] [M]: 0x000000008000383C (0x25750513) addi a0, a0, 599
x10 <- 0xFFFFFFFFFFFFFA57
mem[X,0x0000000080003840] -> 0x1513
mem[X,0x0000000080003842] -> 0x00B5
[3605] [M]: 0x0000000080003840 (0x00B51513) slli a0, a0, 11
x10 <- 0xFFFFFFFFFFD2B800
mem[X,0x0000000080003844] -> 0x0513
mem[X,0x0000000080003846] -> 0x6C35
[3606] [M]: 0x0000000080003844 (0x6C350513) addi a0, a0, 1731
x10 <- 0xFFFFFFFFFFD2BEC3
mem[X,0x0000000080003848] -> 0x1513
mem[X,0x000000008000384A] -> 0x00A5
[3607] [M]: 0x0000000080003848 (0x00A51513) slli a0, a0, 10
x10 <- 0xFFFFFFFF4AFB0C00
mem[X,0x000000008000384C] -> 0x0513
mem[X,0x000000008000384E] -> 0x0CE5
[3608] [M]: 0x000000008000384C (0x0CE50513) addi a0, a0, 206
x10 <- 0xFFFFFFFF4AFB0CCE
mem[X,0x0000000080003850] -> 0x0593
mem[X,0x0000000080003852] -> 0x0065
[3609] [M]: 0x0000000080003850 (0x00650593) addi a1, a0, 6
x11 <- 0xFFFFFFFF4AFB0CD4
mem[X,0x0000000080003854] -> 0x3023
mem[X,0x0000000080003856] -> 0x62B1
[3610] [M]: 0x0000000080003854 (0x62B13023) sd a1, 1568(sp)
mem[0x0000000080007FF0] <- 0xFFFFFFFF4AFB0CD4
mem[X,0x0000000080003858] -> 0x0537
mem[X,0x000000008000385A] -> 0x0000
[3611] [M]: 0x0000000080003858 (0x00000537) lui a0, 0
x10 <- 0x0000000000000000
mem[X,0x000000008000385C] -> 0x0513
mem[X,0x000000008000385E] -> 0xFFF5
[3612] [M]: 0x000000008000385C (0xFFF50513) addi a0, a0, 4095
x10 <- 0xFFFFFFFFFFFFFFFF
mem[X,0x0000000080003860] -> 0x1513
mem[X,0x0000000080003862] -> 0x00B5
[3613] [M]: 0x0000000080003860 (0x00B51513) slli a0, a0, 11
x10 <- 0xFFFFFFFFFFFFF800
mem[X,0x0000000080003864] -> 0x0513
mem[X,0x0000000080003866] -> 0x2575
[3614] [M]: 0x0000000080003864 (0x25750513) addi a0, a0, 599
x10 <- 0xFFFFFFFFFFFFFA57
mem[X,0x0000000080003868] -> 0x1513
mem[X,0x000000008000386A] -> 0x00B5
[3615] [M]: 0x0000000080003868 (0x00B51513) slli a0, a0, 11
x10 <- 0xFFFFFFFFFFD2B800
mem[X,0x000000008000386C] -> 0x0513
mem[X,0x000000008000386E] -> 0x6C35
[3616] [M]: 0x000000008000386C (0x6C350513) addi a0, a0, 1731
x10 <- 0xFFFFFFFFFFD2BEC3
mem[X,0x0000000080003870] -> 0x1513
mem[X,0x0000000080003872] -> 0x00A5
[3617] [M]: 0x0000000080003870 (0x00A51513) slli a0, a0, 10
x10 <- 0xFFFFFFFF4AFB0C00
mem[X,0x0000000080003874] -> 0x0513
mem[X,0x0000000080003876] -> 0x0CE5
[3618] [M]: 0x0000000080003874 (0x0CE50513) addi a0, a0, 206
x10 <- 0xFFFFFFFF4AFB0CCE
mem[X,0x0000000080003878] -> 0x0593
mem[X,0x000000008000387A] -> 0x3345
[3619] [M]: 0x0000000080003878 (0x33450593) addi a1, a0, 820
x11 <- 0xFFFFFFFF4AFB1002
mem[X,0x000000008000387C] -> 0x3423
mem[X,0x000000008000387E] -> 0x62B1
[3620] [M]: 0x000000008000387C (0x62B13423) sd a1, 1576(sp)
mem[0x0000000080007FF8] <- 0xFFFFFFFF4AFB1002
mem[X,0x0000000080003880] -> 0x0537
mem[X,0x0000000080003882] -> 0x0000
[3621] [M]: 0x0000000080003880 (0x00000537) lui a0, 0
x10 <- 0x0000000000000000
mem[X,0x0000000080003884] -> 0x0513
mem[X,0x0000000080003886] -> 0xFFF5
[3622] [M]: 0x0000000080003884 (0xFFF50513) addi a0, a0, 4095
x10 <- 0xFFFFFFFFFFFFFFFF
mem[X,0x0000000080003888] -> 0x1513
mem[X,0x000000008000388A] -> 0x00B5
[3623] [M]: 0x0000000080003888 (0x00B51513) slli a0, a0, 11
x10 <- 0xFFFFFFFFFFFFF800
mem[X,0x000000008000388C] -> 0x0513
mem[X,0x000000008000388E] -> 0x2575
[3624] [M]: 0x000000008000388C (0x25750513) addi a0, a0, 599
x10 <- 0xFFFFFFFFFFFFFA57
mem[X,0x0000000080003890] -> 0x1513
mem[X,0x0000000080003892] -> 0x00B5
[3625] [M]: 0x0000000080003890 (0x00B51513) slli a0, a0, 11
x10 <- 0xFFFFFFFFFFD2B800
mem[X,0x0000000080003894] -> 0x0513
mem[X,0x0000000080003896] -> 0x6C35
[3626] [M]: 0x0000000080003894 (0x6C350513) addi a0, a0, 1731
x10 <- 0xFFFFFFFFFFD2BEC3
mem[X,0x0000000080003898] -> 0x1513
mem[X,0x000000008000389A] -> 0x00A5
[3627] [M]: 0x0000000080003898 (0x00A51513) slli a0, a0, 10
x10 <- 0xFFFFFFFF4AFB0C00
mem[X,0x000000008000389C] -> 0x0513
mem[X,0x000000008000389E] -> 0x0CE5
[3628] [M]: 0x000000008000389C (0x0CE50513) addi a0, a0, 206
x10 <- 0xFFFFFFFF4AFB0CCE
mem[X,0x00000000800038A0] -> 0x0593
mem[X,0x00000000800038A2] -> 0x6675
[3629] [M]: 0x00000000800038A0 (0x66750593) addi a1, a0, 1639
x11 <- 0xFFFFFFFF4AFB1335
mem[X,0x00000000800038A4] -> 0x3823
mem[X,0x00000000800038A6] -> 0x62B1
[3630] [M]: 0x00000000800038A4 (0x62B13823) sd a1, 1584(sp)
mem[0x0000000080008000] <- 0xFFFFFFFF4AFB1335
mem[X,0x00000000800038A8] -> 0x0537
mem[X,0x00000000800038AA] -> 0x0000
[3631] [M]: 0x00000000800038A8 (0x00000537) lui a0, 0
x10 <- 0x0000000000000000
mem[X,0x00000000800038AC] -> 0x0513
mem[X,0x00000000800038AE] -> 0xFFF5
[3632] [M]: 0x00000000800038AC (0xFFF50513) addi a0, a0, 4095
x10 <- 0xFFFFFFFFFFFFFFFF
mem[X,0x00000000800038B0] -> 0x1513
mem[X,0x00000000800038B2] -> 0x00B5
[3633] [M]: 0x00000000800038B0 (0x00B51513) slli a0, a0, 11
x10 <- 0xFFFFFFFFFFFFF800
mem[X,0x00000000800038B4] -> 0x0513
mem[X,0x00000000800038B6] -> 0x2575
[3634] [M]: 0x00000000800038B4 (0x25750513) addi a0, a0, 599
x10 <- 0xFFFFFFFFFFFFFA57
mem[X,0x00000000800038B8] -> 0x1513
mem[X,0x00000000800038BA] -> 0x00B5
[3635] [M]: 0x00000000800038B8 (0x00B51513) slli a0, a0, 11
x10 <- 0xFFFFFFFFFFD2B800
mem[X,0x00000000800038BC] -> 0x0513
mem[X,0x00000000800038BE] -> 0x6C35
[3636] [M]: 0x00000000800038BC (0x6C350513) addi a0, a0, 1731
x10 <- 0xFFFFFFFFFFD2BEC3
mem[X,0x00000000800038C0] -> 0x1513
mem[X,0x00000000800038C2] -> 0x00A5
[3637] [M]: 0x00000000800038C0 (0x00A51513) slli a0, a0, 10
x10 <- 0xFFFFFFFF4AFB0C00
mem[X,0x00000000800038C4] -> 0x0513
mem[X,0x00000000800038C6] -> 0x0CE5
[3638] [M]: 0x00000000800038C4 (0x0CE50513) addi a0, a0, 206
x10 <- 0xFFFFFFFF4AFB0CCE
mem[X,0x00000000800038C8] -> 0x0593
mem[X,0x00000000800038CA] -> 0xFD45
[3639] [M]: 0x00000000800038C8 (0xFD450593) addi a1, a0, 4052
x11 <- 0xFFFFFFFF4AFB0CA2
mem[X,0x00000000800038CC] -> 0x3C23
mem[X,0x00000000800038CE] -> 0x62B1
[3640] [M]: 0x00000000800038CC (0x62B13C23) sd a1, 1592(sp)
mem[0x0000000080008008] <- 0xFFFFFFFF4AFB0CA2
mem[X,0x00000000800038D0] -> 0x0537
mem[X,0x00000000800038D2] -> 0x0000
[3641] [M]: 0x00000000800038D0 (0x00000537) lui a0, 0
x10 <- 0x0000000000000000
mem[X,0x00000000800038D4] -> 0x0513
mem[X,0x00000000800038D6] -> 0xFFF5
[3642] [M]: 0x00000000800038D4 (0xFFF50513) addi a0, a0, 4095
x10 <- 0xFFFFFFFFFFFFFFFF
mem[X,0x00000000800038D8] -> 0x1513
mem[X,0x00000000800038DA] -> 0x00B5
[3643] [M]: 0x00000000800038D8 (0x00B51513) slli a0, a0, 11
x10 <- 0xFFFFFFFFFFFFF800
mem[X,0x00000000800038DC] -> 0x0513
mem[X,0x00000000800038DE] -> 0x2575
[3644] [M]: 0x00000000800038DC (0x25750513) addi a0, a0, 599
x10 <- 0xFFFFFFFFFFFFFA57
mem[X,0x00000000800038E0] -> 0x1513
mem[X,0x00000000800038E2] -> 0x00B5
[3645] [M]: 0x00000000800038E0 (0x00B51513) slli a0, a0, 11
x10 <- 0xFFFFFFFFFFD2B800
mem[X,0x00000000800038E4] -> 0x0513
mem[X,0x00000000800038E6] -> 0x6C35
[3646] [M]: 0x00000000800038E4 (0x6C350513) addi a0, a0, 1731
x10 <- 0xFFFFFFFFFFD2BEC3
mem[X,0x00000000800038E8] -> 0x1513
mem[X,0x00000000800038EA] -> 0x00A5
[3647] [M]: 0x00000000800038E8 (0x00A51513) slli a0, a0, 10
x10 <- 0xFFFFFFFF4AFB0C00
mem[X,0x00000000800038EC] -> 0x0513
mem[X,0x00000000800038EE] -> 0x0CE5
[3648] [M]: 0x00000000800038EC (0x0CE50513) addi a0, a0, 206
x10 <- 0xFFFFFFFF4AFB0CCE
mem[X,0x00000000800038F0] -> 0x0593
mem[X,0x00000000800038F2] -> 0x02E5
[3649] [M]: 0x00000000800038F0 (0x02E50593) addi a1, a0, 46
x11 <- 0xFFFFFFFF4AFB0CFC
mem[X,0x00000000800038F4] -> 0x3023
mem[X,0x00000000800038F6] -> 0x64B1
[3650] [M]: 0x00000000800038F4 (0x64B13023) sd a1, 1600(sp)
mem[0x0000000080008010] <- 0xFFFFFFFF4AFB0CFC
mem[X,0x00000000800038F8] -> 0x0537
mem[X,0x00000000800038FA] -> 0x0000
[3651] [M]: 0x00000000800038F8 (0x00000537) lui a0, 0
x10 <- 0x0000000000000000
mem[X,0x00000000800038FC] -> 0x0513
mem[X,0x00000000800038FE] -> 0x0005
[3652] [M]: 0x00000000800038FC (0x00050513) addi a0, a0, 0
x10 <- 0x0000000000000000
mem[X,0x0000000080003900] -> 0x1513
mem[X,0x0000000080003902] -> 0x00B5
[3653] [M]: 0x0000000080003900 (0x00B51513) slli a0, a0, 11
x10 <- 0x0000000000000000
mem[X,0x0000000080003904] -> 0x0513
mem[X,0x0000000080003906] -> 0x5A85
[3654] [M]: 0x0000000080003904 (0x5A850513) addi a0, a0, 1448
x10 <- 0x00000000000005A8
mem[X,0x0000000080003908] -> 0x1513
mem[X,0x000000008000390A] -> 0x00B5
[3655] [M]: 0x0000000080003908 (0x00B51513) slli a0, a0, 11
x10 <- 0x00000000002D4000
mem[X,0x000000008000390C] -> 0x0513
mem[X,0x000000008000390E] -> 0x13C5
[3656] [M]: 0x000000008000390C (0x13C50513) addi a0, a0, 316
x10 <- 0x00000000002D413C
mem[X,0x0000000080003910] -> 0x1513
mem[X,0x0000000080003912] -> 0x00A5
[3657] [M]: 0x0000000080003910 (0x00A51513) slli a0, a0, 10
x10 <- 0x00000000B504F000
mem[X,0x0000000080003914] -> 0x0513
mem[X,0x0000000080003916] -> 0x3345
[3658] [M]: 0x0000000080003914 (0x33450513) addi a0, a0, 820
x10 <- 0x00000000B504F334
mem[X,0x0000000080003918] -> 0x0593
mem[X,0x000000008000391A] -> 0x0035
[3659] [M]: 0x0000000080003918 (0x00350593) addi a1, a0, 3
x11 <- 0x00000000B504F337
mem[X,0x000000008000391C] -> 0x3423
mem[X,0x000000008000391E] -> 0x64B1
[3660] [M]: 0x000000008000391C (0x64B13423) sd a1, 1608(sp)
mem[0x0000000080008018] <- 0x00000000B504F337
mem[X,0x0000000080003920] -> 0x0537
mem[X,0x0000000080003922] -> 0x0000
[3661] [M]: 0x0000000080003920 (0x00000537) lui a0, 0
x10 <- 0x0000000000000000
mem[X,0x0000000080003924] -> 0x0513
mem[X,0x0000000080003926] -> 0x0005
[3662] [M]: 0x0000000080003924 (0x00050513) addi a0, a0, 0
x10 <- 0x0000000000000000
mem[X,0x0000000080003928] -> 0x1513
mem[X,0x000000008000392A] -> 0x00B5
[3663] [M]: 0x0000000080003928 (0x00B51513) slli a0, a0, 11
x10 <- 0x0000000000000000
mem[X,0x000000008000392C] -> 0x0513
mem[X,0x000000008000392E] -> 0x5A85
[3664] [M]: 0x000000008000392C (0x5A850513) addi a0, a0, 1448
x10 <- 0x00000000000005A8
mem[X,0x0000000080003930] -> 0x1513
mem[X,0x0000000080003932] -> 0x00B5
[3665] [M]: 0x0000000080003930 (0x00B51513) slli a0, a0, 11
x10 <- 0x00000000002D4000
mem[X,0x0000000080003934] -> 0x0513
mem[X,0x0000000080003936] -> 0x13C5
[3666] [M]: 0x0000000080003934 (0x13C50513) addi a0, a0, 316
x10 <- 0x00000000002D413C
mem[X,0x0000000080003938] -> 0x1513
mem[X,0x000000008000393A] -> 0x00A5
[3667] [M]: 0x0000000080003938 (0x00A51513) slli a0, a0, 10
x10 <- 0x00000000B504F000
mem[X,0x000000008000393C] -> 0x0513
mem[X,0x000000008000393E] -> 0x3345
[3668] [M]: 0x000000008000393C (0x33450513) addi a0, a0, 820
x10 <- 0x00000000B504F334
mem[X,0x0000000080003940] -> 0x0593
mem[X,0x0000000080003942] -> 0x5555
[3669] [M]: 0x0000000080003940 (0x55550593) addi a1, a0, 1365
x11 <- 0x00000000B504F889
mem[X,0x0000000080003944] -> 0x3823
mem[X,0x0000000080003946] -> 0x64B1
[3670] [M]: 0x0000000080003944 (0x64B13823) sd a1, 1616(sp)
mem[0x0000000080008020] <- 0x00000000B504F889
mem[X,0x0000000080003948] -> 0x0537
mem[X,0x000000008000394A] -> 0x0000
[3671] [M]: 0x0000000080003948 (0x00000537) lui a0, 0
x10 <- 0x0000000000000000
mem[X,0x000000008000394C] -> 0x0513
mem[X,0x000000008000394E] -> 0x0005
[3672] [M]: 0x000000008000394C (0x00050513) addi a0, a0, 0
x10 <- 0x0000000000000000
mem[X,0x0000000080003950] -> 0x1513
mem[X,0x0000000080003952] -> 0x00B5
[3673] [M]: 0x0000000080003950 (0x00B51513) slli a0, a0, 11
x10 <- 0x0000000000000000
mem[X,0x0000000080003954] -> 0x0513
mem[X,0x0000000080003956] -> 0x5A85
[3674] [M]: 0x0000000080003954 (0x5A850513) addi a0, a0, 1448
x10 <- 0x00000000000005A8
mem[X,0x0000000080003958] -> 0x1513
mem[X,0x000000008000395A] -> 0x00B5
[3675] [M]: 0x0000000080003958 (0x00B51513) slli a0, a0, 11
x10 <- 0x00000000002D4000
mem[X,0x000000008000395C] -> 0x0513
mem[X,0x000000008000395E] -> 0x13C5
[3676] [M]: 0x000000008000395C (0x13C50513) addi a0, a0, 316
x10 <- 0x00000000002D413C
mem[X,0x0000000080003960] -> 0x1513
mem[X,0x0000000080003962] -> 0x00A5
[3677] [M]: 0x0000000080003960 (0x00A51513) slli a0, a0, 10
x10 <- 0x00000000B504F000
mem[X,0x0000000080003964] -> 0x0513
mem[X,0x0000000080003966] -> 0x3345
[3678] [M]: 0x0000000080003964 (0x33450513) addi a0, a0, 820
x10 <- 0x00000000B504F334
mem[X,0x0000000080003968] -> 0x0593
mem[X,0x000000008000396A] -> 0xAAA5
[3679] [M]: 0x0000000080003968 (0xAAA50593) addi a1, a0, 2730
x11 <- 0x00000000B504EDDE
mem[X,0x000000008000396C] -> 0x3C23
mem[X,0x000000008000396E] -> 0x64B1
[3680] [M]: 0x000000008000396C (0x64B13C23) sd a1, 1624(sp)
mem[0x0000000080008028] <- 0x00000000B504EDDE
mem[X,0x0000000080003970] -> 0x0537
mem[X,0x0000000080003972] -> 0x0000
[3681] [M]: 0x0000000080003970 (0x00000537) lui a0, 0
x10 <- 0x0000000000000000
mem[X,0x0000000080003974] -> 0x0513
mem[X,0x0000000080003976] -> 0x0005
[3682] [M]: 0x0000000080003974 (0x00050513) addi a0, a0, 0
x10 <- 0x0000000000000000
mem[X,0x0000000080003978] -> 0x1513
mem[X,0x000000008000397A] -> 0x00B5
[3683] [M]: 0x0000000080003978 (0x00B51513) slli a0, a0, 11
x10 <- 0x0000000000000000
mem[X,0x000000008000397C] -> 0x0513
mem[X,0x000000008000397E] -> 0x5A85
[3684] [M]: 0x000000008000397C (0x5A850513) addi a0, a0, 1448
x10 <- 0x00000000000005A8
mem[X,0x0000000080003980] -> 0x1513
mem[X,0x0000000080003982] -> 0x00B5
[3685] [M]: 0x0000000080003980 (0x00B51513) slli a0, a0, 11
x10 <- 0x00000000002D4000
mem[X,0x0000000080003984] -> 0x0513
mem[X,0x0000000080003986] -> 0x13C5
[3686] [M]: 0x0000000080003984 (0x13C50513) addi a0, a0, 316
x10 <- 0x00000000002D413C
mem[X,0x0000000080003988] -> 0x1513
mem[X,0x000000008000398A] -> 0x00A5
[3687] [M]: 0x0000000080003988 (0x00A51513) slli a0, a0, 10
x10 <- 0x00000000B504F000
mem[X,0x000000008000398C] -> 0x0513
mem[X,0x000000008000398E] -> 0x3345
[3688] [M]: 0x000000008000398C (0x33450513) addi a0, a0, 820
x10 <- 0x00000000B504F334
mem[X,0x0000000080003990] -> 0x0593
mem[X,0x0000000080003992] -> 0x0055
[3689] [M]: 0x0000000080003990 (0x00550593) addi a1, a0, 5
x11 <- 0x00000000B504F339
mem[X,0x0000000080003994] -> 0x3023
mem[X,0x0000000080003996] -> 0x66B1
[3690] [M]: 0x0000000080003994 (0x66B13023) sd a1, 1632(sp)
mem[0x0000000080008030] <- 0x00000000B504F339
mem[X,0x0000000080003998] -> 0x0537
mem[X,0x000000008000399A] -> 0x0000
[3691] [M]: 0x0000000080003998 (0x00000537) lui a0, 0
x10 <- 0x0000000000000000
mem[X,0x000000008000399C] -> 0x0513
mem[X,0x000000008000399E] -> 0x0005
[3692] [M]: 0x000000008000399C (0x00050513) addi a0, a0, 0
x10 <- 0x0000000000000000
mem[X,0x00000000800039A0] -> 0x1513
mem[X,0x00000000800039A2] -> 0x00B5
[3693] [M]: 0x00000000800039A0 (0x00B51513) slli a0, a0, 11
x10 <- 0x0000000000000000
mem[X,0x00000000800039A4] -> 0x0513
mem[X,0x00000000800039A6] -> 0x5A85
[3694] [M]: 0x00000000800039A4 (0x5A850513) addi a0, a0, 1448
x10 <- 0x00000000000005A8
mem[X,0x00000000800039A8] -> 0x1513
mem[X,0x00000000800039AA] -> 0x00B5
[3695] [M]: 0x00000000800039A8 (0x00B51513) slli a0, a0, 11
x10 <- 0x00000000002D4000
mem[X,0x00000000800039AC] -> 0x0513
mem[X,0x00000000800039AE] -> 0x13C5
[3696] [M]: 0x00000000800039AC (0x13C50513) addi a0, a0, 316
x10 <- 0x00000000002D413C
mem[X,0x00000000800039B0] -> 0x1513
mem[X,0x00000000800039B2] -> 0x00A5
[3697] [M]: 0x00000000800039B0 (0x00A51513) slli a0, a0, 10
x10 <- 0x00000000B504F000
mem[X,0x00000000800039B4] -> 0x0513
mem[X,0x00000000800039B6] -> 0x3345
[3698] [M]: 0x00000000800039B4 (0x33450513) addi a0, a0, 820
x10 <- 0x00000000B504F334
mem[X,0x00000000800039B8] -> 0x0593
mem[X,0x00000000800039BA] -> 0x3335
[3699] [M]: 0x00000000800039B8 (0x33350593) addi a1, a0, 819
x11 <- 0x00000000B504F667
clint::tick mtime <- 0x0000000000000025
 clint timer pending at mtime 0x0000000000000025
htif::tick 0x0000000000000000
mem[X,0x00000000800039BC] -> 0x3423
mem[X,0x00000000800039BE] -> 0x66B1
[3700] [M]: 0x00000000800039BC (0x66B13423) sd a1, 1640(sp)
mem[0x0000000080008038] <- 0x00000000B504F667
mem[X,0x00000000800039C0] -> 0x0537
mem[X,0x00000000800039C2] -> 0x0000
[3701] [M]: 0x00000000800039C0 (0x00000537) lui a0, 0
x10 <- 0x0000000000000000
mem[X,0x00000000800039C4] -> 0x0513
mem[X,0x00000000800039C6] -> 0x0005
[3702] [M]: 0x00000000800039C4 (0x00050513) addi a0, a0, 0
x10 <- 0x0000000000000000
mem[X,0x00000000800039C8] -> 0x1513
mem[X,0x00000000800039CA] -> 0x00B5
[3703] [M]: 0x00000000800039C8 (0x00B51513) slli a0, a0, 11
x10 <- 0x0000000000000000
mem[X,0x00000000800039CC] -> 0x0513
mem[X,0x00000000800039CE] -> 0x5A85
[3704] [M]: 0x00000000800039CC (0x5A850513) addi a0, a0, 1448
x10 <- 0x00000000000005A8
mem[X,0x00000000800039D0] -> 0x1513
mem[X,0x00000000800039D2] -> 0x00B5
[3705] [M]: 0x00000000800039D0 (0x00B51513) slli a0, a0, 11
x10 <- 0x00000000002D4000
mem[X,0x00000000800039D4] -> 0x0513
mem[X,0x00000000800039D6] -> 0x13C5
[3706] [M]: 0x00000000800039D4 (0x13C50513) addi a0, a0, 316
x10 <- 0x00000000002D413C
mem[X,0x00000000800039D8] -> 0x1513
mem[X,0x00000000800039DA] -> 0x00A5
[3707] [M]: 0x00000000800039D8 (0x00A51513) slli a0, a0, 10
x10 <- 0x00000000B504F000
mem[X,0x00000000800039DC] -> 0x0513
mem[X,0x00000000800039DE] -> 0x3345
[3708] [M]: 0x00000000800039DC (0x33450513) addi a0, a0, 820
x10 <- 0x00000000B504F334
mem[X,0x00000000800039E0] -> 0x0593
mem[X,0x00000000800039E2] -> 0x6665
[3709] [M]: 0x00000000800039E0 (0x66650593) addi a1, a0, 1638
x11 <- 0x00000000B504F99A
mem[X,0x00000000800039E4] -> 0x3823
mem[X,0x00000000800039E6] -> 0x66B1
[3710] [M]: 0x00000000800039E4 (0x66B13823) sd a1, 1648(sp)
mem[0x0000000080008040] <- 0x00000000B504F99A
mem[X,0x00000000800039E8] -> 0x0537
mem[X,0x00000000800039EA] -> 0x0000
[3711] [M]: 0x00000000800039E8 (0x00000537) lui a0, 0
x10 <- 0x0000000000000000
mem[X,0x00000000800039EC] -> 0x0513
mem[X,0x00000000800039EE] -> 0x0005
[3712] [M]: 0x00000000800039EC (0x00050513) addi a0, a0, 0
x10 <- 0x0000000000000000
mem[X,0x00000000800039F0] -> 0x1513
mem[X,0x00000000800039F2] -> 0x00B5
[3713] [M]: 0x00000000800039F0 (0x00B51513) slli a0, a0, 11
x10 <- 0x0000000000000000
mem[X,0x00000000800039F4] -> 0x0513
mem[X,0x00000000800039F6] -> 0x5A85
[3714] [M]: 0x00000000800039F4 (0x5A850513) addi a0, a0, 1448
x10 <- 0x00000000000005A8
mem[X,0x00000000800039F8] -> 0x1513
mem[X,0x00000000800039FA] -> 0x00B5
[3715] [M]: 0x00000000800039F8 (0x00B51513) slli a0, a0, 11
x10 <- 0x00000000002D4000
mem[X,0x00000000800039FC] -> 0x0513
mem[X,0x00000000800039FE] -> 0x13C5
[3716] [M]: 0x00000000800039FC (0x13C50513) addi a0, a0, 316
x10 <- 0x00000000002D413C
mem[X,0x0000000080003A00] -> 0x1513
mem[X,0x0000000080003A02] -> 0x00A5
[3717] [M]: 0x0000000080003A00 (0x00A51513) slli a0, a0, 10
x10 <- 0x00000000B504F000
mem[X,0x0000000080003A04] -> 0x0513
mem[X,0x0000000080003A06] -> 0x3345
[3718] [M]: 0x0000000080003A04 (0x33450513) addi a0, a0, 820
x10 <- 0x00000000B504F334
mem[X,0x0000000080003A08] -> 0x0593
mem[X,0x0000000080003A0A] -> 0xFD35
[3719] [M]: 0x0000000080003A08 (0xFD350593) addi a1, a0, 4051
x11 <- 0x00000000B504F307
mem[X,0x0000000080003A0C] -> 0x3C23
mem[X,0x0000000080003A0E] -> 0x66B1
[3720] [M]: 0x0000000080003A0C (0x66B13C23) sd a1, 1656(sp)
mem[0x0000000080008048] <- 0x00000000B504F307
mem[X,0x0000000080003A10] -> 0x0537
mem[X,0x0000000080003A12] -> 0x0000
[3721] [M]: 0x0000000080003A10 (0x00000537) lui a0, 0
x10 <- 0x0000000000000000
mem[X,0x0000000080003A14] -> 0x0513
mem[X,0x0000000080003A16] -> 0x0005
[3722] [M]: 0x0000000080003A14 (0x00050513) addi a0, a0, 0
x10 <- 0x0000000000000000
mem[X,0x0000000080003A18] -> 0x1513
mem[X,0x0000000080003A1A] -> 0x00B5
[3723] [M]: 0x0000000080003A18 (0x00B51513) slli a0, a0, 11
x10 <- 0x0000000000000000
mem[X,0x0000000080003A1C] -> 0x0513
mem[X,0x0000000080003A1E] -> 0x5A85
[3724] [M]: 0x0000000080003A1C (0x5A850513) addi a0, a0, 1448
x10 <- 0x00000000000005A8
mem[X,0x0000000080003A20] -> 0x1513
mem[X,0x0000000080003A22] -> 0x00B5
[3725] [M]: 0x0000000080003A20 (0x00B51513) slli a0, a0, 11
x10 <- 0x00000000002D4000
mem[X,0x0000000080003A24] -> 0x0513
mem[X,0x0000000080003A26] -> 0x13C5
[3726] [M]: 0x0000000080003A24 (0x13C50513) addi a0, a0, 316
x10 <- 0x00000000002D413C
mem[X,0x0000000080003A28] -> 0x1513
mem[X,0x0000000080003A2A] -> 0x00A5
[3727] [M]: 0x0000000080003A28 (0x00A51513) slli a0, a0, 10
x10 <- 0x00000000B504F000
mem[X,0x0000000080003A2C] -> 0x0513
mem[X,0x0000000080003A2E] -> 0x3345
[3728] [M]: 0x0000000080003A2C (0x33450513) addi a0, a0, 820
x10 <- 0x00000000B504F334
mem[X,0x0000000080003A30] -> 0x0593
mem[X,0x0000000080003A32] -> 0x02D5
[3729] [M]: 0x0000000080003A30 (0x02D50593) addi a1, a0, 45
x11 <- 0x00000000B504F361
mem[X,0x0000000080003A34] -> 0x3023
mem[X,0x0000000080003A36] -> 0x68B1
[3730] [M]: 0x0000000080003A34 (0x68B13023) sd a1, 1664(sp)
mem[0x0000000080008050] <- 0x00000000B504F361
mem[X,0x0000000080003A38] -> 0x0537
mem[X,0x0000000080003A3A] -> 0x0000
[3731] [M]: 0x0000000080003A38 (0x00000537) lui a0, 0
x10 <- 0x0000000000000000
mem[X,0x0000000080003A3C] -> 0x0513
mem[X,0x0000000080003A3E] -> 0x0005
[3732] [M]: 0x0000000080003A3C (0x00050513) addi a0, a0, 0
x10 <- 0x0000000000000000
mem[X,0x0000000080003A40] -> 0x1513
mem[X,0x0000000080003A42] -> 0x00B5
[3733] [M]: 0x0000000080003A40 (0x00B51513) slli a0, a0, 11
x10 <- 0x0000000000000000
mem[X,0x0000000080003A44] -> 0x0513
mem[X,0x0000000080003A46] -> 0x5A85
[3734] [M]: 0x0000000080003A44 (0x5A850513) addi a0, a0, 1448
x10 <- 0x00000000000005A8
mem[X,0x0000000080003A48] -> 0x1513
mem[X,0x0000000080003A4A] -> 0x00B5
[3735] [M]: 0x0000000080003A48 (0x00B51513) slli a0, a0, 11
x10 <- 0x00000000002D4000
mem[X,0x0000000080003A4C] -> 0x0513
mem[X,0x0000000080003A4E] -> 0x13C5
[3736] [M]: 0x0000000080003A4C (0x13C50513) addi a0, a0, 316
x10 <- 0x00000000002D413C
mem[X,0x0000000080003A50] -> 0x1513
mem[X,0x0000000080003A52] -> 0x00A5
[3737] [M]: 0x0000000080003A50 (0x00A51513) slli a0, a0, 10
x10 <- 0x00000000B504F000
mem[X,0x0000000080003A54] -> 0x0513
mem[X,0x0000000080003A56] -> 0x3345
[3738] [M]: 0x0000000080003A54 (0x33450513) addi a0, a0, 820
x10 <- 0x00000000B504F334
mem[X,0x0000000080003A58] -> 0x0593
mem[X,0x0000000080003A5A] -> 0x0025
[3739] [M]: 0x0000000080003A58 (0x00250593) addi a1, a0, 2
x11 <- 0x00000000B504F336
mem[X,0x0000000080003A5C] -> 0x3423
mem[X,0x0000000080003A5E] -> 0x68B1
[3740] [M]: 0x0000000080003A5C (0x68B13423) sd a1, 1672(sp)
mem[0x0000000080008058] <- 0x00000000B504F336
mem[X,0x0000000080003A60] -> 0x0537
mem[X,0x0000000080003A62] -> 0x0000
[3741] [M]: 0x0000000080003A60 (0x00000537) lui a0, 0
x10 <- 0x0000000000000000
mem[X,0x0000000080003A64] -> 0x0513
mem[X,0x0000000080003A66] -> 0x0005
[3742] [M]: 0x0000000080003A64 (0x00050513) addi a0, a0, 0
x10 <- 0x0000000000000000
mem[X,0x0000000080003A68] -> 0x1513
mem[X,0x0000000080003A6A] -> 0x00B5
[3743] [M]: 0x0000000080003A68 (0x00B51513) slli a0, a0, 11
x10 <- 0x0000000000000000
mem[X,0x0000000080003A6C] -> 0x0513
mem[X,0x0000000080003A6E] -> 0x5A85
[3744] [M]: 0x0000000080003A6C (0x5A850513) addi a0, a0, 1448
x10 <- 0x00000000000005A8
mem[X,0x0000000080003A70] -> 0x1513
mem[X,0x0000000080003A72] -> 0x00B5
[3745] [M]: 0x0000000080003A70 (0x00B51513) slli a0, a0, 11
x10 <- 0x00000000002D4000
mem[X,0x0000000080003A74] -> 0x0513
mem[X,0x0000000080003A76] -> 0x13C5
[3746] [M]: 0x0000000080003A74 (0x13C50513) addi a0, a0, 316
x10 <- 0x00000000002D413C
mem[X,0x0000000080003A78] -> 0x1513
mem[X,0x0000000080003A7A] -> 0x00A5
[3747] [M]: 0x0000000080003A78 (0x00A51513) slli a0, a0, 10
x10 <- 0x00000000B504F000
mem[X,0x0000000080003A7C] -> 0x0513
mem[X,0x0000000080003A7E] -> 0x3345
[3748] [M]: 0x0000000080003A7C (0x33450513) addi a0, a0, 820
x10 <- 0x00000000B504F334
mem[X,0x0000000080003A80] -> 0x0593
mem[X,0x0000000080003A82] -> 0x5545
[3749] [M]: 0x0000000080003A80 (0x55450593) addi a1, a0, 1364
x11 <- 0x00000000B504F888
mem[X,0x0000000080003A84] -> 0x3823
mem[X,0x0000000080003A86] -> 0x68B1
[3750] [M]: 0x0000000080003A84 (0x68B13823) sd a1, 1680(sp)
mem[0x0000000080008060] <- 0x00000000B504F888
mem[X,0x0000000080003A88] -> 0x0537
mem[X,0x0000000080003A8A] -> 0x0000
[3751] [M]: 0x0000000080003A88 (0x00000537) lui a0, 0
x10 <- 0x0000000000000000
mem[X,0x0000000080003A8C] -> 0x0513
mem[X,0x0000000080003A8E] -> 0x0005
[3752] [M]: 0x0000000080003A8C (0x00050513) addi a0, a0, 0
x10 <- 0x0000000000000000
mem[X,0x0000000080003A90] -> 0x1513
mem[X,0x0000000080003A92] -> 0x00B5
[3753] [M]: 0x0000000080003A90 (0x00B51513) slli a0, a0, 11
x10 <- 0x0000000000000000
mem[X,0x0000000080003A94] -> 0x0513
mem[X,0x0000000080003A96] -> 0x5A85
[3754] [M]: 0x0000000080003A94 (0x5A850513) addi a0, a0, 1448
x10 <- 0x00000000000005A8
mem[X,0x0000000080003A98] -> 0x1513
mem[X,0x0000000080003A9A] -> 0x00B5
[3755] [M]: 0x0000000080003A98 (0x00B51513) slli a0, a0, 11
x10 <- 0x00000000002D4000
mem[X,0x0000000080003A9C] -> 0x0513
mem[X,0x0000000080003A9E] -> 0x13C5
[3756] [M]: 0x0000000080003A9C (0x13C50513) addi a0, a0, 316
x10 <- 0x00000000002D413C
mem[X,0x0000000080003AA0] -> 0x1513
mem[X,0x0000000080003AA2] -> 0x00A5
[3757] [M]: 0x0000000080003AA0 (0x00A51513) slli a0, a0, 10
x10 <- 0x00000000B504F000
mem[X,0x0000000080003AA4] -> 0x0513
mem[X,0x0000000080003AA6] -> 0x3345
[3758] [M]: 0x0000000080003AA4 (0x33450513) addi a0, a0, 820
x10 <- 0x00000000B504F334
mem[X,0x0000000080003AA8] -> 0x0593
mem[X,0x0000000080003AAA] -> 0x0005
[3759] [M]: 0x0000000080003AA8 (0x00050593) addi a1, a0, 0
x11 <- 0x00000000B504F334
mem[X,0x0000000080003AAC] -> 0x3C23
mem[X,0x0000000080003AAE] -> 0x68B1
[3760] [M]: 0x0000000080003AAC (0x68B13C23) sd a1, 1688(sp)
mem[0x0000000080008068] <- 0x00000000B504F334
mem[X,0x0000000080003AB0] -> 0x0537
mem[X,0x0000000080003AB2] -> 0x0000
[3761] [M]: 0x0000000080003AB0 (0x00000537) lui a0, 0
x10 <- 0x0000000000000000
mem[X,0x0000000080003AB4] -> 0x0513
mem[X,0x0000000080003AB6] -> 0x0005
[3762] [M]: 0x0000000080003AB4 (0x00050513) addi a0, a0, 0
x10 <- 0x0000000000000000
mem[X,0x0000000080003AB8] -> 0x1513
mem[X,0x0000000080003ABA] -> 0x00B5
[3763] [M]: 0x0000000080003AB8 (0x00B51513) slli a0, a0, 11
x10 <- 0x0000000000000000
mem[X,0x0000000080003ABC] -> 0x0513
mem[X,0x0000000080003ABE] -> 0x5A85
[3764] [M]: 0x0000000080003ABC (0x5A850513) addi a0, a0, 1448
x10 <- 0x00000000000005A8
mem[X,0x0000000080003AC0] -> 0x1513
mem[X,0x0000000080003AC2] -> 0x00B5
[3765] [M]: 0x0000000080003AC0 (0x00B51513) slli a0, a0, 11
x10 <- 0x00000000002D4000
mem[X,0x0000000080003AC4] -> 0x0513
mem[X,0x0000000080003AC6] -> 0x13C5
[3766] [M]: 0x0000000080003AC4 (0x13C50513) addi a0, a0, 316
x10 <- 0x00000000002D413C
mem[X,0x0000000080003AC8] -> 0x1513
mem[X,0x0000000080003ACA] -> 0x00A5
[3767] [M]: 0x0000000080003AC8 (0x00A51513) slli a0, a0, 10
x10 <- 0x00000000B504F000
mem[X,0x0000000080003ACC] -> 0x0513
mem[X,0x0000000080003ACE] -> 0x3345
[3768] [M]: 0x0000000080003ACC (0x33450513) addi a0, a0, 820
x10 <- 0x00000000B504F334
mem[X,0x0000000080003AD0] -> 0x0593
mem[X,0x0000000080003AD2] -> 0x0045
[3769] [M]: 0x0000000080003AD0 (0x00450593) addi a1, a0, 4
x11 <- 0x00000000B504F338
mem[X,0x0000000080003AD4] -> 0x3023
mem[X,0x0000000080003AD6] -> 0x6AB1
[3770] [M]: 0x0000000080003AD4 (0x6AB13023) sd a1, 1696(sp)
mem[0x0000000080008070] <- 0x00000000B504F338
mem[X,0x0000000080003AD8] -> 0x0537
mem[X,0x0000000080003ADA] -> 0x0000
[3771] [M]: 0x0000000080003AD8 (0x00000537) lui a0, 0
x10 <- 0x0000000000000000
mem[X,0x0000000080003ADC] -> 0x0513
mem[X,0x0000000080003ADE] -> 0x0005
[3772] [M]: 0x0000000080003ADC (0x00050513) addi a0, a0, 0
x10 <- 0x0000000000000000
mem[X,0x0000000080003AE0] -> 0x1513
mem[X,0x0000000080003AE2] -> 0x00B5
[3773] [M]: 0x0000000080003AE0 (0x00B51513) slli a0, a0, 11
x10 <- 0x0000000000000000
mem[X,0x0000000080003AE4] -> 0x0513
mem[X,0x0000000080003AE6] -> 0x5A85
[3774] [M]: 0x0000000080003AE4 (0x5A850513) addi a0, a0, 1448
x10 <- 0x00000000000005A8
mem[X,0x0000000080003AE8] -> 0x1513
mem[X,0x0000000080003AEA] -> 0x00B5
[3775] [M]: 0x0000000080003AE8 (0x00B51513) slli a0, a0, 11
x10 <- 0x00000000002D4000
mem[X,0x0000000080003AEC] -> 0x0513
mem[X,0x0000000080003AEE] -> 0x13C5
[3776] [M]: 0x0000000080003AEC (0x13C50513) addi a0, a0, 316
x10 <- 0x00000000002D413C
mem[X,0x0000000080003AF0] -> 0x1513
mem[X,0x0000000080003AF2] -> 0x00A5
[3777] [M]: 0x0000000080003AF0 (0x00A51513) slli a0, a0, 10
x10 <- 0x00000000B504F000
mem[X,0x0000000080003AF4] -> 0x0513
mem[X,0x0000000080003AF6] -> 0x3345
[3778] [M]: 0x0000000080003AF4 (0x33450513) addi a0, a0, 820
x10 <- 0x00000000B504F334
mem[X,0x0000000080003AF8] -> 0x0593
mem[X,0x0000000080003AFA] -> 0x3325
[3779] [M]: 0x0000000080003AF8 (0x33250593) addi a1, a0, 818
x11 <- 0x00000000B504F666
mem[X,0x0000000080003AFC] -> 0x3423
mem[X,0x0000000080003AFE] -> 0x6AB1
[3780] [M]: 0x0000000080003AFC (0x6AB13423) sd a1, 1704(sp)
mem[0x0000000080008078] <- 0x00000000B504F666
mem[X,0x0000000080003B00] -> 0x0537
mem[X,0x0000000080003B02] -> 0x0000
[3781] [M]: 0x0000000080003B00 (0x00000537) lui a0, 0
x10 <- 0x0000000000000000
mem[X,0x0000000080003B04] -> 0x0513
mem[X,0x0000000080003B06] -> 0x0005
[3782] [M]: 0x0000000080003B04 (0x00050513) addi a0, a0, 0
x10 <- 0x0000000000000000
mem[X,0x0000000080003B08] -> 0x1513
mem[X,0x0000000080003B0A] -> 0x00B5
[3783] [M]: 0x0000000080003B08 (0x00B51513) slli a0, a0, 11
x10 <- 0x0000000000000000
mem[X,0x0000000080003B0C] -> 0x0513
mem[X,0x0000000080003B0E] -> 0x5A85
[3784] [M]: 0x0000000080003B0C (0x5A850513) addi a0, a0, 1448
x10 <- 0x00000000000005A8
mem[X,0x0000000080003B10] -> 0x1513
mem[X,0x0000000080003B12] -> 0x00B5
[3785] [M]: 0x0000000080003B10 (0x00B51513) slli a0, a0, 11
x10 <- 0x00000000002D4000
mem[X,0x0000000080003B14] -> 0x0513
mem[X,0x0000000080003B16] -> 0x13C5
[3786] [M]: 0x0000000080003B14 (0x13C50513) addi a0, a0, 316
x10 <- 0x00000000002D413C
mem[X,0x0000000080003B18] -> 0x1513
mem[X,0x0000000080003B1A] -> 0x00A5
[3787] [M]: 0x0000000080003B18 (0x00A51513) slli a0, a0, 10
x10 <- 0x00000000B504F000
mem[X,0x0000000080003B1C] -> 0x0513
mem[X,0x0000000080003B1E] -> 0x3345
[3788] [M]: 0x0000000080003B1C (0x33450513) addi a0, a0, 820
x10 <- 0x00000000B504F334
mem[X,0x0000000080003B20] -> 0x0593
mem[X,0x0000000080003B22] -> 0x6655
[3789] [M]: 0x0000000080003B20 (0x66550593) addi a1, a0, 1637
x11 <- 0x00000000B504F999
mem[X,0x0000000080003B24] -> 0x3823
mem[X,0x0000000080003B26] -> 0x6AB1
[3790] [M]: 0x0000000080003B24 (0x6AB13823) sd a1, 1712(sp)
mem[0x0000000080008080] <- 0x00000000B504F999
mem[X,0x0000000080003B28] -> 0x0537
mem[X,0x0000000080003B2A] -> 0x0000
[3791] [M]: 0x0000000080003B28 (0x00000537) lui a0, 0
x10 <- 0x0000000000000000
mem[X,0x0000000080003B2C] -> 0x0513
mem[X,0x0000000080003B2E] -> 0x0005
[3792] [M]: 0x0000000080003B2C (0x00050513) addi a0, a0, 0
x10 <- 0x0000000000000000
mem[X,0x0000000080003B30] -> 0x1513
mem[X,0x0000000080003B32] -> 0x00B5
[3793] [M]: 0x0000000080003B30 (0x00B51513) slli a0, a0, 11
x10 <- 0x0000000000000000
mem[X,0x0000000080003B34] -> 0x0513
mem[X,0x0000000080003B36] -> 0x5A85
[3794] [M]: 0x0000000080003B34 (0x5A850513) addi a0, a0, 1448
x10 <- 0x00000000000005A8
mem[X,0x0000000080003B38] -> 0x1513
mem[X,0x0000000080003B3A] -> 0x00B5
[3795] [M]: 0x0000000080003B38 (0x00B51513) slli a0, a0, 11
x10 <- 0x00000000002D4000
mem[X,0x0000000080003B3C] -> 0x0513
mem[X,0x0000000080003B3E] -> 0x13C5
[3796] [M]: 0x0000000080003B3C (0x13C50513) addi a0, a0, 316
x10 <- 0x00000000002D413C
mem[X,0x0000000080003B40] -> 0x1513
mem[X,0x0000000080003B42] -> 0x00A5
[3797] [M]: 0x0000000080003B40 (0x00A51513) slli a0, a0, 10
x10 <- 0x00000000B504F000
mem[X,0x0000000080003B44] -> 0x0513
mem[X,0x0000000080003B46] -> 0x3345
[3798] [M]: 0x0000000080003B44 (0x33450513) addi a0, a0, 820
x10 <- 0x00000000B504F334
mem[X,0x0000000080003B48] -> 0x0593
mem[X,0x0000000080003B4A] -> 0x02C5
[3799] [M]: 0x0000000080003B48 (0x02C50593) addi a1, a0, 44
x11 <- 0x00000000B504F360
clint::tick mtime <- 0x0000000000000026
 clint timer pending at mtime 0x0000000000000026
htif::tick 0x0000000000000000
mem[X,0x0000000080003B4C] -> 0x3C23
mem[X,0x0000000080003B4E] -> 0x6AB1
[3800] [M]: 0x0000000080003B4C (0x6AB13C23) sd a1, 1720(sp)
mem[0x0000000080008088] <- 0x00000000B504F360
mem[X,0x0000000080003B50] -> 0x0537
mem[X,0x0000000080003B52] -> 0x0000
[3801] [M]: 0x0000000080003B50 (0x00000537) lui a0, 0
x10 <- 0x0000000000000000
mem[X,0x0000000080003B54] -> 0x0513
mem[X,0x0000000080003B56] -> 0x0005
[3802] [M]: 0x0000000080003B54 (0x00050513) addi a0, a0, 0
x10 <- 0x0000000000000000
mem[X,0x0000000080003B58] -> 0x1513
mem[X,0x0000000080003B5A] -> 0x00B5
[3803] [M]: 0x0000000080003B58 (0x00B51513) slli a0, a0, 11
x10 <- 0x0000000000000000
mem[X,0x0000000080003B5C] -> 0x0513
mem[X,0x0000000080003B5E] -> 0x5A85
[3804] [M]: 0x0000000080003B5C (0x5A850513) addi a0, a0, 1448
x10 <- 0x00000000000005A8
mem[X,0x0000000080003B60] -> 0x1513
mem[X,0x0000000080003B62] -> 0x00B5
[3805] [M]: 0x0000000080003B60 (0x00B51513) slli a0, a0, 11
x10 <- 0x00000000002D4000
mem[X,0x0000000080003B64] -> 0x0513
mem[X,0x0000000080003B66] -> 0x13C5
[3806] [M]: 0x0000000080003B64 (0x13C50513) addi a0, a0, 316
x10 <- 0x00000000002D413C
mem[X,0x0000000080003B68] -> 0x1513
mem[X,0x0000000080003B6A] -> 0x00A5
[3807] [M]: 0x0000000080003B68 (0x00A51513) slli a0, a0, 10
x10 <- 0x00000000B504F000
mem[X,0x0000000080003B6C] -> 0x0513
mem[X,0x0000000080003B6E] -> 0x3345
[3808] [M]: 0x0000000080003B6C (0x33450513) addi a0, a0, 820
x10 <- 0x00000000B504F334
mem[X,0x0000000080003B70] -> 0x0593
mem[X,0x0000000080003B72] -> 0x5565
[3809] [M]: 0x0000000080003B70 (0x55650593) addi a1, a0, 1366
x11 <- 0x00000000B504F88A
mem[X,0x0000000080003B74] -> 0x3023
mem[X,0x0000000080003B76] -> 0x6CB1
[3810] [M]: 0x0000000080003B74 (0x6CB13023) sd a1, 1728(sp)
mem[0x0000000080008090] <- 0x00000000B504F88A
mem[X,0x0000000080003B78] -> 0x0537
mem[X,0x0000000080003B7A] -> 0x0000
[3811] [M]: 0x0000000080003B78 (0x00000537) lui a0, 0
x10 <- 0x0000000000000000
mem[X,0x0000000080003B7C] -> 0x0513
mem[X,0x0000000080003B7E] -> 0x0005
[3812] [M]: 0x0000000080003B7C (0x00050513) addi a0, a0, 0
x10 <- 0x0000000000000000
mem[X,0x0000000080003B80] -> 0x1513
mem[X,0x0000000080003B82] -> 0x00B5
[3813] [M]: 0x0000000080003B80 (0x00B51513) slli a0, a0, 11
x10 <- 0x0000000000000000
mem[X,0x0000000080003B84] -> 0x0513
mem[X,0x0000000080003B86] -> 0x5A85
[3814] [M]: 0x0000000080003B84 (0x5A850513) addi a0, a0, 1448
x10 <- 0x00000000000005A8
mem[X,0x0000000080003B88] -> 0x1513
mem[X,0x0000000080003B8A] -> 0x00B5
[3815] [M]: 0x0000000080003B88 (0x00B51513) slli a0, a0, 11
x10 <- 0x00000000002D4000
mem[X,0x0000000080003B8C] -> 0x0513
mem[X,0x0000000080003B8E] -> 0x13C5
[3816] [M]: 0x0000000080003B8C (0x13C50513) addi a0, a0, 316
x10 <- 0x00000000002D413C
mem[X,0x0000000080003B90] -> 0x1513
mem[X,0x0000000080003B92] -> 0x00A5
[3817] [M]: 0x0000000080003B90 (0x00A51513) slli a0, a0, 10
x10 <- 0x00000000B504F000
mem[X,0x0000000080003B94] -> 0x0513
mem[X,0x0000000080003B96] -> 0x3345
[3818] [M]: 0x0000000080003B94 (0x33450513) addi a0, a0, 820
x10 <- 0x00000000B504F334
mem[X,0x0000000080003B98] -> 0x0593
mem[X,0x0000000080003B9A] -> 0xAAB5
[3819] [M]: 0x0000000080003B98 (0xAAB50593) addi a1, a0, 2731
x11 <- 0x00000000B504EDDF
mem[X,0x0000000080003B9C] -> 0x3423
mem[X,0x0000000080003B9E] -> 0x6CB1
[3820] [M]: 0x0000000080003B9C (0x6CB13423) sd a1, 1736(sp)
mem[0x0000000080008098] <- 0x00000000B504EDDF
mem[X,0x0000000080003BA0] -> 0x0537
mem[X,0x0000000080003BA2] -> 0x0000
[3821] [M]: 0x0000000080003BA0 (0x00000537) lui a0, 0
x10 <- 0x0000000000000000
mem[X,0x0000000080003BA4] -> 0x0513
mem[X,0x0000000080003BA6] -> 0x0005
[3822] [M]: 0x0000000080003BA4 (0x00050513) addi a0, a0, 0
x10 <- 0x0000000000000000
mem[X,0x0000000080003BA8] -> 0x1513
mem[X,0x0000000080003BAA] -> 0x00B5
[3823] [M]: 0x0000000080003BA8 (0x00B51513) slli a0, a0, 11
x10 <- 0x0000000000000000
mem[X,0x0000000080003BAC] -> 0x0513
mem[X,0x0000000080003BAE] -> 0x5A85
[3824] [M]: 0x0000000080003BAC (0x5A850513) addi a0, a0, 1448
x10 <- 0x00000000000005A8
mem[X,0x0000000080003BB0] -> 0x1513
mem[X,0x0000000080003BB2] -> 0x00B5
[3825] [M]: 0x0000000080003BB0 (0x00B51513) slli a0, a0, 11
x10 <- 0x00000000002D4000
mem[X,0x0000000080003BB4] -> 0x0513
mem[X,0x0000000080003BB6] -> 0x13C5
[3826] [M]: 0x0000000080003BB4 (0x13C50513) addi a0, a0, 316
x10 <- 0x00000000002D413C
mem[X,0x0000000080003BB8] -> 0x1513
mem[X,0x0000000080003BBA] -> 0x00A5
[3827] [M]: 0x0000000080003BB8 (0x00A51513) slli a0, a0, 10
x10 <- 0x00000000B504F000
mem[X,0x0000000080003BBC] -> 0x0513
mem[X,0x0000000080003BBE] -> 0x3345
[3828] [M]: 0x0000000080003BBC (0x33450513) addi a0, a0, 820
x10 <- 0x00000000B504F334
mem[X,0x0000000080003BC0] -> 0x0593
mem[X,0x0000000080003BC2] -> 0x0065
[3829] [M]: 0x0000000080003BC0 (0x00650593) addi a1, a0, 6
x11 <- 0x00000000B504F33A
mem[X,0x0000000080003BC4] -> 0x3823
mem[X,0x0000000080003BC6] -> 0x6CB1
[3830] [M]: 0x0000000080003BC4 (0x6CB13823) sd a1, 1744(sp)
mem[0x00000000800080A0] <- 0x00000000B504F33A
mem[X,0x0000000080003BC8] -> 0x0537
mem[X,0x0000000080003BCA] -> 0x0000
[3831] [M]: 0x0000000080003BC8 (0x00000537) lui a0, 0
x10 <- 0x0000000000000000
mem[X,0x0000000080003BCC] -> 0x0513
mem[X,0x0000000080003BCE] -> 0x0005
[3832] [M]: 0x0000000080003BCC (0x00050513) addi a0, a0, 0
x10 <- 0x0000000000000000
mem[X,0x0000000080003BD0] -> 0x1513
mem[X,0x0000000080003BD2] -> 0x00B5
[3833] [M]: 0x0000000080003BD0 (0x00B51513) slli a0, a0, 11
x10 <- 0x0000000000000000
mem[X,0x0000000080003BD4] -> 0x0513
mem[X,0x0000000080003BD6] -> 0x5A85
[3834] [M]: 0x0000000080003BD4 (0x5A850513) addi a0, a0, 1448
x10 <- 0x00000000000005A8
mem[X,0x0000000080003BD8] -> 0x1513
mem[X,0x0000000080003BDA] -> 0x00B5
[3835] [M]: 0x0000000080003BD8 (0x00B51513) slli a0, a0, 11
x10 <- 0x00000000002D4000
mem[X,0x0000000080003BDC] -> 0x0513
mem[X,0x0000000080003BDE] -> 0x13C5
[3836] [M]: 0x0000000080003BDC (0x13C50513) addi a0, a0, 316
x10 <- 0x00000000002D413C
mem[X,0x0000000080003BE0] -> 0x1513
mem[X,0x0000000080003BE2] -> 0x00A5
[3837] [M]: 0x0000000080003BE0 (0x00A51513) slli a0, a0, 10
x10 <- 0x00000000B504F000
mem[X,0x0000000080003BE4] -> 0x0513
mem[X,0x0000000080003BE6] -> 0x3345
[3838] [M]: 0x0000000080003BE4 (0x33450513) addi a0, a0, 820
x10 <- 0x00000000B504F334
mem[X,0x0000000080003BE8] -> 0x0593
mem[X,0x0000000080003BEA] -> 0x3345
[3839] [M]: 0x0000000080003BE8 (0x33450593) addi a1, a0, 820
x11 <- 0x00000000B504F668
mem[X,0x0000000080003BEC] -> 0x3C23
mem[X,0x0000000080003BEE] -> 0x6CB1
[3840] [M]: 0x0000000080003BEC (0x6CB13C23) sd a1, 1752(sp)
mem[0x00000000800080A8] <- 0x00000000B504F668
mem[X,0x0000000080003BF0] -> 0x0537
mem[X,0x0000000080003BF2] -> 0x0000
[3841] [M]: 0x0000000080003BF0 (0x00000537) lui a0, 0
x10 <- 0x0000000000000000
mem[X,0x0000000080003BF4] -> 0x0513
mem[X,0x0000000080003BF6] -> 0x0005
[3842] [M]: 0x0000000080003BF4 (0x00050513) addi a0, a0, 0
x10 <- 0x0000000000000000
mem[X,0x0000000080003BF8] -> 0x1513
mem[X,0x0000000080003BFA] -> 0x00B5
[3843] [M]: 0x0000000080003BF8 (0x00B51513) slli a0, a0, 11
x10 <- 0x0000000000000000
mem[X,0x0000000080003BFC] -> 0x0513
mem[X,0x0000000080003BFE] -> 0x5A85
[3844] [M]: 0x0000000080003BFC (0x5A850513) addi a0, a0, 1448
x10 <- 0x00000000000005A8
mem[X,0x0000000080003C00] -> 0x1513
mem[X,0x0000000080003C02] -> 0x00B5
[3845] [M]: 0x0000000080003C00 (0x00B51513) slli a0, a0, 11
x10 <- 0x00000000002D4000
mem[X,0x0000000080003C04] -> 0x0513
mem[X,0x0000000080003C06] -> 0x13C5
[3846] [M]: 0x0000000080003C04 (0x13C50513) addi a0, a0, 316
x10 <- 0x00000000002D413C
mem[X,0x0000000080003C08] -> 0x1513
mem[X,0x0000000080003C0A] -> 0x00A5
[3847] [M]: 0x0000000080003C08 (0x00A51513) slli a0, a0, 10
x10 <- 0x00000000B504F000
mem[X,0x0000000080003C0C] -> 0x0513
mem[X,0x0000000080003C0E] -> 0x3345
[3848] [M]: 0x0000000080003C0C (0x33450513) addi a0, a0, 820
x10 <- 0x00000000B504F334
mem[X,0x0000000080003C10] -> 0x0593
mem[X,0x0000000080003C12] -> 0x6675
[3849] [M]: 0x0000000080003C10 (0x66750593) addi a1, a0, 1639
x11 <- 0x00000000B504F99B
mem[X,0x0000000080003C14] -> 0x3023
mem[X,0x0000000080003C16] -> 0x6EB1
[3850] [M]: 0x0000000080003C14 (0x6EB13023) sd a1, 1760(sp)
mem[0x00000000800080B0] <- 0x00000000B504F99B
mem[X,0x0000000080003C18] -> 0x0537
mem[X,0x0000000080003C1A] -> 0x0000
[3851] [M]: 0x0000000080003C18 (0x00000537) lui a0, 0
x10 <- 0x0000000000000000
mem[X,0x0000000080003C1C] -> 0x0513
mem[X,0x0000000080003C1E] -> 0x0005
[3852] [M]: 0x0000000080003C1C (0x00050513) addi a0, a0, 0
x10 <- 0x0000000000000000
mem[X,0x0000000080003C20] -> 0x1513
mem[X,0x0000000080003C22] -> 0x00B5
[3853] [M]: 0x0000000080003C20 (0x00B51513) slli a0, a0, 11
x10 <- 0x0000000000000000
mem[X,0x0000000080003C24] -> 0x0513
mem[X,0x0000000080003C26] -> 0x5A85
[3854] [M]: 0x0000000080003C24 (0x5A850513) addi a0, a0, 1448
x10 <- 0x00000000000005A8
mem[X,0x0000000080003C28] -> 0x1513
mem[X,0x0000000080003C2A] -> 0x00B5
[3855] [M]: 0x0000000080003C28 (0x00B51513) slli a0, a0, 11
x10 <- 0x00000000002D4000
mem[X,0x0000000080003C2C] -> 0x0513
mem[X,0x0000000080003C2E] -> 0x13C5
[3856] [M]: 0x0000000080003C2C (0x13C50513) addi a0, a0, 316
x10 <- 0x00000000002D413C
mem[X,0x0000000080003C30] -> 0x1513
mem[X,0x0000000080003C32] -> 0x00A5
[3857] [M]: 0x0000000080003C30 (0x00A51513) slli a0, a0, 10
x10 <- 0x00000000B504F000
mem[X,0x0000000080003C34] -> 0x0513
mem[X,0x0000000080003C36] -> 0x3345
[3858] [M]: 0x0000000080003C34 (0x33450513) addi a0, a0, 820
x10 <- 0x00000000B504F334
mem[X,0x0000000080003C38] -> 0x0593
mem[X,0x0000000080003C3A] -> 0xFD45
[3859] [M]: 0x0000000080003C38 (0xFD450593) addi a1, a0, 4052
x11 <- 0x00000000B504F308
mem[X,0x0000000080003C3C] -> 0x3423
mem[X,0x0000000080003C3E] -> 0x6EB1
[3860] [M]: 0x0000000080003C3C (0x6EB13423) sd a1, 1768(sp)
mem[0x00000000800080B8] <- 0x00000000B504F308
mem[X,0x0000000080003C40] -> 0x0537
mem[X,0x0000000080003C42] -> 0x0000
[3861] [M]: 0x0000000080003C40 (0x00000537) lui a0, 0
x10 <- 0x0000000000000000
mem[X,0x0000000080003C44] -> 0x0513
mem[X,0x0000000080003C46] -> 0x0005
[3862] [M]: 0x0000000080003C44 (0x00050513) addi a0, a0, 0
x10 <- 0x0000000000000000
mem[X,0x0000000080003C48] -> 0x1513
mem[X,0x0000000080003C4A] -> 0x00B5
[3863] [M]: 0x0000000080003C48 (0x00B51513) slli a0, a0, 11
x10 <- 0x0000000000000000
mem[X,0x0000000080003C4C] -> 0x0513
mem[X,0x0000000080003C4E] -> 0x5A85
[3864] [M]: 0x0000000080003C4C (0x5A850513) addi a0, a0, 1448
x10 <- 0x00000000000005A8
mem[X,0x0000000080003C50] -> 0x1513
mem[X,0x0000000080003C52] -> 0x00B5
[3865] [M]: 0x0000000080003C50 (0x00B51513) slli a0, a0, 11
x10 <- 0x00000000002D4000
mem[X,0x0000000080003C54] -> 0x0513
mem[X,0x0000000080003C56] -> 0x13C5
[3866] [M]: 0x0000000080003C54 (0x13C50513) addi a0, a0, 316
x10 <- 0x00000000002D413C
mem[X,0x0000000080003C58] -> 0x1513
mem[X,0x0000000080003C5A] -> 0x00A5
[3867] [M]: 0x0000000080003C58 (0x00A51513) slli a0, a0, 10
x10 <- 0x00000000B504F000
mem[X,0x0000000080003C5C] -> 0x0513
mem[X,0x0000000080003C5E] -> 0x3345
[3868] [M]: 0x0000000080003C5C (0x33450513) addi a0, a0, 820
x10 <- 0x00000000B504F334
mem[X,0x0000000080003C60] -> 0x0593
mem[X,0x0000000080003C62] -> 0x02E5
[3869] [M]: 0x0000000080003C60 (0x02E50593) addi a1, a0, 46
x11 <- 0x00000000B504F362
mem[X,0x0000000080003C64] -> 0x3823
mem[X,0x0000000080003C66] -> 0x6EB1
[3870] [M]: 0x0000000080003C64 (0x6EB13823) sd a1, 1776(sp)
mem[0x00000000800080C0] <- 0x00000000B504F362
mem[X,0x0000000080003C68] -> 0x0513
mem[X,0x0000000080003C6A] -> 0x0000
[3871] [M]: 0x0000000080003C68 (0x00000513) addi a0, zero, 0
x10 <- 0x0000000000000000
mem[X,0x0000000080003C6C] -> 0x0593
mem[X,0x0000000080003C6E] -> 0x0025
[3872] [M]: 0x0000000080003C6C (0x00250593) addi a1, a0, 2
x11 <- 0x0000000000000002
mem[X,0x0000000080003C70] -> 0x3C23
mem[X,0x0000000080003C72] -> 0x6EB1
[3873] [M]: 0x0000000080003C70 (0x6EB13C23) sd a1, 1784(sp)
mem[0x00000000800080C8] <- 0x0000000000000002
mem[X,0x0000000080003C74] -> 0x0513
mem[X,0x0000000080003C76] -> 0x0000
[3874] [M]: 0x0000000080003C74 (0x00000513) addi a0, zero, 0
x10 <- 0x0000000000000000
mem[X,0x0000000080003C78] -> 0x0593
mem[X,0x0000000080003C7A] -> 0x5545
[3875] [M]: 0x0000000080003C78 (0x55450593) addi a1, a0, 1364
x11 <- 0x0000000000000554
mem[X,0x0000000080003C7C] -> 0x3023
mem[X,0x0000000080003C7E] -> 0x70B1
[3876] [M]: 0x0000000080003C7C (0x70B13023) sd a1, 1792(sp)
mem[0x00000000800080D0] <- 0x0000000000000554
mem[X,0x0000000080003C80] -> 0x0513
mem[X,0x0000000080003C82] -> 0x0000
[3877] [M]: 0x0000000080003C80 (0x00000513) addi a0, zero, 0
x10 <- 0x0000000000000000
mem[X,0x0000000080003C84] -> 0x0593
mem[X,0x0000000080003C86] -> 0x0005
[3878] [M]: 0x0000000080003C84 (0x00050593) addi a1, a0, 0
x11 <- 0x0000000000000000
mem[X,0x0000000080003C88] -> 0x3423
mem[X,0x0000000080003C8A] -> 0x70B1
[3879] [M]: 0x0000000080003C88 (0x70B13423) sd a1, 1800(sp)
mem[0x00000000800080D8] <- 0x0000000000000000
mem[X,0x0000000080003C8C] -> 0x0513
mem[X,0x0000000080003C8E] -> 0x0000
[3880] [M]: 0x0000000080003C8C (0x00000513) addi a0, zero, 0
x10 <- 0x0000000000000000
mem[X,0x0000000080003C90] -> 0x0593
mem[X,0x0000000080003C92] -> 0x3325
[3881] [M]: 0x0000000080003C90 (0x33250593) addi a1, a0, 818
x11 <- 0x0000000000000332
mem[X,0x0000000080003C94] -> 0x3823
mem[X,0x0000000080003C96] -> 0x70B1
[3882] [M]: 0x0000000080003C94 (0x70B13823) sd a1, 1808(sp)
mem[0x00000000800080E0] <- 0x0000000000000332
mem[X,0x0000000080003C98] -> 0x0513
mem[X,0x0000000080003C9A] -> 0x0000
[3883] [M]: 0x0000000080003C98 (0x00000513) addi a0, zero, 0
x10 <- 0x0000000000000000
mem[X,0x0000000080003C9C] -> 0x0593
mem[X,0x0000000080003C9E] -> 0x6655
[3884] [M]: 0x0000000080003C9C (0x66550593) addi a1, a0, 1637
x11 <- 0x0000000000000665
mem[X,0x0000000080003CA0] -> 0x3C23
mem[X,0x0000000080003CA2] -> 0x70B1
[3885] [M]: 0x0000000080003CA0 (0x70B13C23) sd a1, 1816(sp)
mem[0x00000000800080E8] <- 0x0000000000000665
mem[X,0x0000000080003CA4] -> 0x0513
mem[X,0x0000000080003CA6] -> 0x0000
[3886] [M]: 0x0000000080003CA4 (0x00000513) addi a0, zero, 0
x10 <- 0x0000000000000000
mem[X,0x0000000080003CA8] -> 0x0593
mem[X,0x0000000080003CAA] -> 0x02C5
[3887] [M]: 0x0000000080003CA8 (0x02C50593) addi a1, a0, 44
x11 <- 0x000000000000002C
mem[X,0x0000000080003CAC] -> 0x3023
mem[X,0x0000000080003CAE] -> 0x72B1
[3888] [M]: 0x0000000080003CAC (0x72B13023) sd a1, 1824(sp)
mem[0x00000000800080F0] <- 0x000000000000002C
mem[X,0x0000000080003CB0] -> 0x0513
mem[X,0x0000000080003CB2] -> 0x0000
[3889] [M]: 0x0000000080003CB0 (0x00000513) addi a0, zero, 0
x10 <- 0x0000000000000000
mem[X,0x0000000080003CB4] -> 0x0593
mem[X,0x0000000080003CB6] -> 0x5565
[3890] [M]: 0x0000000080003CB4 (0x55650593) addi a1, a0, 1366
x11 <- 0x0000000000000556
mem[X,0x0000000080003CB8] -> 0x3423
mem[X,0x0000000080003CBA] -> 0x72B1
[3891] [M]: 0x0000000080003CB8 (0x72B13423) sd a1, 1832(sp)
mem[0x00000000800080F8] <- 0x0000000000000556
mem[X,0x0000000080003CBC] -> 0x0513
mem[X,0x0000000080003CBE] -> 0x0000
[3892] [M]: 0x0000000080003CBC (0x00000513) addi a0, zero, 0
x10 <- 0x0000000000000000
mem[X,0x0000000080003CC0] -> 0x0593
mem[X,0x0000000080003CC2] -> 0xAAB5
[3893] [M]: 0x0000000080003CC0 (0xAAB50593) addi a1, a0, 2731
x11 <- 0xFFFFFFFFFFFFFAAB
mem[X,0x0000000080003CC4] -> 0x3823
mem[X,0x0000000080003CC6] -> 0x72B1
[3894] [M]: 0x0000000080003CC4 (0x72B13823) sd a1, 1840(sp)
mem[0x0000000080008100] <- 0xFFFFFFFFFFFFFAAB
mem[X,0x0000000080003CC8] -> 0x0513
mem[X,0x0000000080003CCA] -> 0x0000
[3895] [M]: 0x0000000080003CC8 (0x00000513) addi a0, zero, 0
x10 <- 0x0000000000000000
mem[X,0x0000000080003CCC] -> 0x0593
mem[X,0x0000000080003CCE] -> 0x0065
[3896] [M]: 0x0000000080003CCC (0x00650593) addi a1, a0, 6
x11 <- 0x0000000000000006
mem[X,0x0000000080003CD0] -> 0x3C23
mem[X,0x0000000080003CD2] -> 0x72B1
[3897] [M]: 0x0000000080003CD0 (0x72B13C23) sd a1, 1848(sp)
mem[0x0000000080008108] <- 0x0000000000000006
mem[X,0x0000000080003CD4] -> 0x0513
mem[X,0x0000000080003CD6] -> 0x0000
[3898] [M]: 0x0000000080003CD4 (0x00000513) addi a0, zero, 0
x10 <- 0x0000000000000000
mem[X,0x0000000080003CD8] -> 0x0593
mem[X,0x0000000080003CDA] -> 0x3345
[3899] [M]: 0x0000000080003CD8 (0x33450593) addi a1, a0, 820
x11 <- 0x0000000000000334
clint::tick mtime <- 0x0000000000000027
 clint timer pending at mtime 0x0000000000000027
htif::tick 0x0000000000000000
mem[X,0x0000000080003CDC] -> 0x3023
mem[X,0x0000000080003CDE] -> 0x74B1
[3900] [M]: 0x0000000080003CDC (0x74B13023) sd a1, 1856(sp)
mem[0x0000000080008110] <- 0x0000000000000334
mem[X,0x0000000080003CE0] -> 0x0513
mem[X,0x0000000080003CE2] -> 0x0000
[3901] [M]: 0x0000000080003CE0 (0x00000513) addi a0, zero, 0
x10 <- 0x0000000000000000
mem[X,0x0000000080003CE4] -> 0x0593
mem[X,0x0000000080003CE6] -> 0x6675
[3902] [M]: 0x0000000080003CE4 (0x66750593) addi a1, a0, 1639
x11 <- 0x0000000000000667
mem[X,0x0000000080003CE8] -> 0x3423
mem[X,0x0000000080003CEA] -> 0x74B1
[3903] [M]: 0x0000000080003CE8 (0x74B13423) sd a1, 1864(sp)
mem[0x0000000080008118] <- 0x0000000000000667
mem[X,0x0000000080003CEC] -> 0x0513
mem[X,0x0000000080003CEE] -> 0x0000
[3904] [M]: 0x0000000080003CEC (0x00000513) addi a0, zero, 0
x10 <- 0x0000000000000000
mem[X,0x0000000080003CF0] -> 0x0593
mem[X,0x0000000080003CF2] -> 0xFD45
[3905] [M]: 0x0000000080003CF0 (0xFD450593) addi a1, a0, 4052
x11 <- 0xFFFFFFFFFFFFFFD4
mem[X,0x0000000080003CF4] -> 0x3823
mem[X,0x0000000080003CF6] -> 0x74B1
[3906] [M]: 0x0000000080003CF4 (0x74B13823) sd a1, 1872(sp)
mem[0x0000000080008120] <- 0xFFFFFFFFFFFFFFD4
mem[X,0x0000000080003CF8] -> 0x0513
mem[X,0x0000000080003CFA] -> 0x0000
[3907] [M]: 0x0000000080003CF8 (0x00000513) addi a0, zero, 0
x10 <- 0x0000000000000000
mem[X,0x0000000080003CFC] -> 0x0593
mem[X,0x0000000080003CFE] -> 0x02E5
[3908] [M]: 0x0000000080003CFC (0x02E50593) addi a1, a0, 46
x11 <- 0x000000000000002E
mem[X,0x0000000080003D00] -> 0x3C23
mem[X,0x0000000080003D02] -> 0x74B1
[3909] [M]: 0x0000000080003D00 (0x74B13C23) sd a1, 1880(sp)
mem[0x0000000080008128] <- 0x000000000000002E
mem[X,0x0000000080003D04] -> 0x0513
mem[X,0x0000000080003D06] -> 0x0040
[3910] [M]: 0x0000000080003D04 (0x00400513) addi a0, zero, 4
x10 <- 0x0000000000000004
mem[X,0x0000000080003D08] -> 0x0593
mem[X,0x0000000080003D0A] -> 0x0035
[3911] [M]: 0x0000000080003D08 (0x00350593) addi a1, a0, 3
x11 <- 0x0000000000000007
mem[X,0x0000000080003D0C] -> 0x3023
mem[X,0x0000000080003D0E] -> 0x76B1
[3912] [M]: 0x0000000080003D0C (0x76B13023) sd a1, 1888(sp)
mem[0x0000000080008130] <- 0x0000000000000007
mem[X,0x0000000080003D10] -> 0x0513
mem[X,0x0000000080003D12] -> 0x0040
[3913] [M]: 0x0000000080003D10 (0x00400513) addi a0, zero, 4
x10 <- 0x0000000000000004
mem[X,0x0000000080003D14] -> 0x0593
mem[X,0x0000000080003D16] -> 0x5555
[3914] [M]: 0x0000000080003D14 (0x55550593) addi a1, a0, 1365
x11 <- 0x0000000000000559
mem[X,0x0000000080003D18] -> 0x3423
mem[X,0x0000000080003D1A] -> 0x76B1
[3915] [M]: 0x0000000080003D18 (0x76B13423) sd a1, 1896(sp)
mem[0x0000000080008138] <- 0x0000000000000559
mem[X,0x0000000080003D1C] -> 0x0513
mem[X,0x0000000080003D1E] -> 0x0040
[3916] [M]: 0x0000000080003D1C (0x00400513) addi a0, zero, 4
x10 <- 0x0000000000000004
mem[X,0x0000000080003D20] -> 0x0593
mem[X,0x0000000080003D22] -> 0xAAA5
[3917] [M]: 0x0000000080003D20 (0xAAA50593) addi a1, a0, 2730
x11 <- 0xFFFFFFFFFFFFFAAE
mem[X,0x0000000080003D24] -> 0x3823
mem[X,0x0000000080003D26] -> 0x76B1
[3918] [M]: 0x0000000080003D24 (0x76B13823) sd a1, 1904(sp)
mem[0x0000000080008140] <- 0xFFFFFFFFFFFFFAAE
mem[X,0x0000000080003D28] -> 0x0513
mem[X,0x0000000080003D2A] -> 0x0040
[3919] [M]: 0x0000000080003D28 (0x00400513) addi a0, zero, 4
x10 <- 0x0000000000000004
mem[X,0x0000000080003D2C] -> 0x0593
mem[X,0x0000000080003D2E] -> 0x0055
[3920] [M]: 0x0000000080003D2C (0x00550593) addi a1, a0, 5
x11 <- 0x0000000000000009
mem[X,0x0000000080003D30] -> 0x3C23
mem[X,0x0000000080003D32] -> 0x76B1
[3921] [M]: 0x0000000080003D30 (0x76B13C23) sd a1, 1912(sp)
mem[0x0000000080008148] <- 0x0000000000000009
mem[X,0x0000000080003D34] -> 0x0513
mem[X,0x0000000080003D36] -> 0x0040
[3922] [M]: 0x0000000080003D34 (0x00400513) addi a0, zero, 4
x10 <- 0x0000000000000004
mem[X,0x0000000080003D38] -> 0x0593
mem[X,0x0000000080003D3A] -> 0x3335
[3923] [M]: 0x0000000080003D38 (0x33350593) addi a1, a0, 819
x11 <- 0x0000000000000337
mem[X,0x0000000080003D3C] -> 0x3023
mem[X,0x0000000080003D3E] -> 0x78B1
[3924] [M]: 0x0000000080003D3C (0x78B13023) sd a1, 1920(sp)
mem[0x0000000080008150] <- 0x0000000000000337
mem[X,0x0000000080003D40] -> 0x0513
mem[X,0x0000000080003D42] -> 0x0040
[3925] [M]: 0x0000000080003D40 (0x00400513) addi a0, zero, 4
x10 <- 0x0000000000000004
mem[X,0x0000000080003D44] -> 0x0593
mem[X,0x0000000080003D46] -> 0x6665
[3926] [M]: 0x0000000080003D44 (0x66650593) addi a1, a0, 1638
x11 <- 0x000000000000066A
mem[X,0x0000000080003D48] -> 0x3423
mem[X,0x0000000080003D4A] -> 0x78B1
[3927] [M]: 0x0000000080003D48 (0x78B13423) sd a1, 1928(sp)
mem[0x0000000080008158] <- 0x000000000000066A
mem[X,0x0000000080003D4C] -> 0x0513
mem[X,0x0000000080003D4E] -> 0x0040
[3928] [M]: 0x0000000080003D4C (0x00400513) addi a0, zero, 4
x10 <- 0x0000000000000004
mem[X,0x0000000080003D50] -> 0x0593
mem[X,0x0000000080003D52] -> 0xFD35
[3929] [M]: 0x0000000080003D50 (0xFD350593) addi a1, a0, 4051
x11 <- 0xFFFFFFFFFFFFFFD7
mem[X,0x0000000080003D54] -> 0x3823
mem[X,0x0000000080003D56] -> 0x78B1
[3930] [M]: 0x0000000080003D54 (0x78B13823) sd a1, 1936(sp)
mem[0x0000000080008160] <- 0xFFFFFFFFFFFFFFD7
mem[X,0x0000000080003D58] -> 0x0513
mem[X,0x0000000080003D5A] -> 0x0040
[3931] [M]: 0x0000000080003D58 (0x00400513) addi a0, zero, 4
x10 <- 0x0000000000000004
mem[X,0x0000000080003D5C] -> 0x0593
mem[X,0x0000000080003D5E] -> 0x02D5
[3932] [M]: 0x0000000080003D5C (0x02D50593) addi a1, a0, 45
x11 <- 0x0000000000000031
mem[X,0x0000000080003D60] -> 0x3C23
mem[X,0x0000000080003D62] -> 0x78B1
[3933] [M]: 0x0000000080003D60 (0x78B13C23) sd a1, 1944(sp)
mem[0x0000000080008168] <- 0x0000000000000031
mem[X,0x0000000080003D64] -> 0x0513
mem[X,0x0000000080003D66] -> 0x0040
[3934] [M]: 0x0000000080003D64 (0x00400513) addi a0, zero, 4
x10 <- 0x0000000000000004
mem[X,0x0000000080003D68] -> 0x0593
mem[X,0x0000000080003D6A] -> 0x0025
[3935] [M]: 0x0000000080003D68 (0x00250593) addi a1, a0, 2
x11 <- 0x0000000000000006
mem[X,0x0000000080003D6C] -> 0x3023
mem[X,0x0000000080003D6E] -> 0x7AB1
[3936] [M]: 0x0000000080003D6C (0x7AB13023) sd a1, 1952(sp)
mem[0x0000000080008170] <- 0x0000000000000006
mem[X,0x0000000080003D70] -> 0x0513
mem[X,0x0000000080003D72] -> 0x0040
[3937] [M]: 0x0000000080003D70 (0x00400513) addi a0, zero, 4
x10 <- 0x0000000000000004
mem[X,0x0000000080003D74] -> 0x0593
mem[X,0x0000000080003D76] -> 0x5545
[3938] [M]: 0x0000000080003D74 (0x55450593) addi a1, a0, 1364
x11 <- 0x0000000000000558
mem[X,0x0000000080003D78] -> 0x3423
mem[X,0x0000000080003D7A] -> 0x7AB1
[3939] [M]: 0x0000000080003D78 (0x7AB13423) sd a1, 1960(sp)
mem[0x0000000080008178] <- 0x0000000000000558
mem[X,0x0000000080003D7C] -> 0x0513
mem[X,0x0000000080003D7E] -> 0x0040
[3940] [M]: 0x0000000080003D7C (0x00400513) addi a0, zero, 4
x10 <- 0x0000000000000004
mem[X,0x0000000080003D80] -> 0x0593
mem[X,0x0000000080003D82] -> 0x0005
[3941] [M]: 0x0000000080003D80 (0x00050593) addi a1, a0, 0
x11 <- 0x0000000000000004
mem[X,0x0000000080003D84] -> 0x3823
mem[X,0x0000000080003D86] -> 0x7AB1
[3942] [M]: 0x0000000080003D84 (0x7AB13823) sd a1, 1968(sp)
mem[0x0000000080008180] <- 0x0000000000000004
mem[X,0x0000000080003D88] -> 0x0513
mem[X,0x0000000080003D8A] -> 0x0040
[3943] [M]: 0x0000000080003D88 (0x00400513) addi a0, zero, 4
x10 <- 0x0000000000000004
mem[X,0x0000000080003D8C] -> 0x0593
mem[X,0x0000000080003D8E] -> 0x0045
[3944] [M]: 0x0000000080003D8C (0x00450593) addi a1, a0, 4
x11 <- 0x0000000000000008
mem[X,0x0000000080003D90] -> 0x3C23
mem[X,0x0000000080003D92] -> 0x7AB1
[3945] [M]: 0x0000000080003D90 (0x7AB13C23) sd a1, 1976(sp)
mem[0x0000000080008188] <- 0x0000000000000008
mem[X,0x0000000080003D94] -> 0x0513
mem[X,0x0000000080003D96] -> 0x0040
[3946] [M]: 0x0000000080003D94 (0x00400513) addi a0, zero, 4
x10 <- 0x0000000000000004
mem[X,0x0000000080003D98] -> 0x0593
mem[X,0x0000000080003D9A] -> 0x3325
[3947] [M]: 0x0000000080003D98 (0x33250593) addi a1, a0, 818
x11 <- 0x0000000000000336
mem[X,0x0000000080003D9C] -> 0x3023
mem[X,0x0000000080003D9E] -> 0x7CB1
[3948] [M]: 0x0000000080003D9C (0x7CB13023) sd a1, 1984(sp)
mem[0x0000000080008190] <- 0x0000000000000336
mem[X,0x0000000080003DA0] -> 0x0513
mem[X,0x0000000080003DA2] -> 0x0040
[3949] [M]: 0x0000000080003DA0 (0x00400513) addi a0, zero, 4
x10 <- 0x0000000000000004
mem[X,0x0000000080003DA4] -> 0x0593
mem[X,0x0000000080003DA6] -> 0x6655
[3950] [M]: 0x0000000080003DA4 (0x66550593) addi a1, a0, 1637
x11 <- 0x0000000000000669
mem[X,0x0000000080003DA8] -> 0x3423
mem[X,0x0000000080003DAA] -> 0x7CB1
[3951] [M]: 0x0000000080003DA8 (0x7CB13423) sd a1, 1992(sp)
mem[0x0000000080008198] <- 0x0000000000000669
mem[X,0x0000000080003DAC] -> 0x0513
mem[X,0x0000000080003DAE] -> 0x0040
[3952] [M]: 0x0000000080003DAC (0x00400513) addi a0, zero, 4
x10 <- 0x0000000000000004
mem[X,0x0000000080003DB0] -> 0x0593
mem[X,0x0000000080003DB2] -> 0x02C5
[3953] [M]: 0x0000000080003DB0 (0x02C50593) addi a1, a0, 44
x11 <- 0x0000000000000030
mem[X,0x0000000080003DB4] -> 0x3823
mem[X,0x0000000080003DB6] -> 0x7CB1
[3954] [M]: 0x0000000080003DB4 (0x7CB13823) sd a1, 2000(sp)
mem[0x00000000800081A0] <- 0x0000000000000030
mem[X,0x0000000080003DB8] -> 0x0513
mem[X,0x0000000080003DBA] -> 0x0040
[3955] [M]: 0x0000000080003DB8 (0x00400513) addi a0, zero, 4
x10 <- 0x0000000000000004
mem[X,0x0000000080003DBC] -> 0x0593
mem[X,0x0000000080003DBE] -> 0x5565
[3956] [M]: 0x0000000080003DBC (0x55650593) addi a1, a0, 1366
x11 <- 0x000000000000055A
mem[X,0x0000000080003DC0] -> 0x3C23
mem[X,0x0000000080003DC2] -> 0x7CB1
[3957] [M]: 0x0000000080003DC0 (0x7CB13C23) sd a1, 2008(sp)
mem[0x00000000800081A8] <- 0x000000000000055A
mem[X,0x0000000080003DC4] -> 0x0513
mem[X,0x0000000080003DC6] -> 0x0040
[3958] [M]: 0x0000000080003DC4 (0x00400513) addi a0, zero, 4
x10 <- 0x0000000000000004
mem[X,0x0000000080003DC8] -> 0x0593
mem[X,0x0000000080003DCA] -> 0xAAB5
[3959] [M]: 0x0000000080003DC8 (0xAAB50593) addi a1, a0, 2731
x11 <- 0xFFFFFFFFFFFFFAAF
mem[X,0x0000000080003DCC] -> 0x3023
mem[X,0x0000000080003DCE] -> 0x7EB1
[3960] [M]: 0x0000000080003DCC (0x7EB13023) sd a1, 2016(sp)
mem[0x00000000800081B0] <- 0xFFFFFFFFFFFFFAAF
mem[X,0x0000000080003DD0] -> 0x0513
mem[X,0x0000000080003DD2] -> 0x0040
[3961] [M]: 0x0000000080003DD0 (0x00400513) addi a0, zero, 4
x10 <- 0x0000000000000004
mem[X,0x0000000080003DD4] -> 0x0593
mem[X,0x0000000080003DD6] -> 0x0065
[3962] [M]: 0x0000000080003DD4 (0x00650593) addi a1, a0, 6
x11 <- 0x000000000000000A
mem[X,0x0000000080003DD8] -> 0x3423
mem[X,0x0000000080003DDA] -> 0x7EB1
[3963] [M]: 0x0000000080003DD8 (0x7EB13423) sd a1, 2024(sp)
mem[0x00000000800081B8] <- 0x000000000000000A
mem[X,0x0000000080003DDC] -> 0x0513
mem[X,0x0000000080003DDE] -> 0x0040
[3964] [M]: 0x0000000080003DDC (0x00400513) addi a0, zero, 4
x10 <- 0x0000000000000004
mem[X,0x0000000080003DE0] -> 0x0593
mem[X,0x0000000080003DE2] -> 0x3345
[3965] [M]: 0x0000000080003DE0 (0x33450593) addi a1, a0, 820
x11 <- 0x0000000000000338
mem[X,0x0000000080003DE4] -> 0x3823
mem[X,0x0000000080003DE6] -> 0x7EB1
[3966] [M]: 0x0000000080003DE4 (0x7EB13823) sd a1, 2032(sp)
mem[0x00000000800081C0] <- 0x0000000000000338
mem[X,0x0000000080003DE8] -> 0x0513
mem[X,0x0000000080003DEA] -> 0x0040
[3967] [M]: 0x0000000080003DE8 (0x00400513) addi a0, zero, 4
x10 <- 0x0000000000000004
mem[X,0x0000000080003DEC] -> 0x0593
mem[X,0x0000000080003DEE] -> 0x6675
[3968] [M]: 0x0000000080003DEC (0x66750593) addi a1, a0, 1639
x11 <- 0x000000000000066B
mem[X,0x0000000080003DF0] -> 0x3C23
mem[X,0x0000000080003DF2] -> 0x7EB1
[3969] [M]: 0x0000000080003DF0 (0x7EB13C23) sd a1, 2040(sp)
mem[0x00000000800081C8] <- 0x000000000000066B
mem[X,0x0000000080003DF4] -> 0x0013
mem[X,0x0000000080003DF6] -> 0x0000
[3970] [M]: 0x0000000080003DF4 (0x00000013) addi zero, zero, 0
mem[X,0x0000000080003DF8] -> 0x0013
mem[X,0x0000000080003DFA] -> 0x0000
[3971] [M]: 0x0000000080003DF8 (0x00000013) addi zero, zero, 0
mem[X,0x0000000080003DFC] -> 0x0013
mem[X,0x0000000080003DFE] -> 0x0000
[3972] [M]: 0x0000000080003DFC (0x00000013) addi zero, zero, 0
mem[X,0x0000000080003E00] -> 0x4117
mem[X,0x0000000080003E02] -> 0x0000
[3973] [M]: 0x0000000080003E00 (0x00004117) auipc sp, 4
x2 <- 0x0000000080007E00
mem[X,0x0000000080003E04] -> 0x0113
mem[X,0x0000000080003E06] -> 0x3D01
[3974] [M]: 0x0000000080003E04 (0x3D010113) addi sp, sp, 976
x2 <- 0x00000000800081D0
mem[X,0x0000000080003E08] -> 0x0013
mem[X,0x0000000080003E0A] -> 0x0000
[3975] [M]: 0x0000000080003E08 (0x00000013) addi zero, zero, 0
mem[X,0x0000000080003E0C] -> 0x0013
mem[X,0x0000000080003E0E] -> 0x0000
[3976] [M]: 0x0000000080003E0C (0x00000013) addi zero, zero, 0
mem[X,0x0000000080003E10] -> 0x0013
mem[X,0x0000000080003E12] -> 0x0000
[3977] [M]: 0x0000000080003E10 (0x00000013) addi zero, zero, 0
mem[X,0x0000000080003E14] -> 0x0013
mem[X,0x0000000080003E16] -> 0x0000
[3978] [M]: 0x0000000080003E14 (0x00000013) addi zero, zero, 0
mem[X,0x0000000080003E18] -> 0x0013
mem[X,0x0000000080003E1A] -> 0x0000
[3979] [M]: 0x0000000080003E18 (0x00000013) addi zero, zero, 0
mem[X,0x0000000080003E1C] -> 0x0013
mem[X,0x0000000080003E1E] -> 0x0000
[3980] [M]: 0x0000000080003E1C (0x00000013) addi zero, zero, 0
mem[X,0x0000000080003E20] -> 0x0513
mem[X,0x0000000080003E22] -> 0x0040
[3981] [M]: 0x0000000080003E20 (0x00400513) addi a0, zero, 4
x10 <- 0x0000000000000004
mem[X,0x0000000080003E24] -> 0x0593
mem[X,0x0000000080003E26] -> 0xFD45
[3982] [M]: 0x0000000080003E24 (0xFD450593) addi a1, a0, 4052
x11 <- 0xFFFFFFFFFFFFFFD8
mem[X,0x0000000080003E28] -> 0x3023
mem[X,0x0000000080003E2A] -> 0x00B1
[3983] [M]: 0x0000000080003E28 (0x00B13023) sd a1, 0(sp)
mem[0x00000000800081D0] <- 0xFFFFFFFFFFFFFFD8
mem[X,0x0000000080003E2C] -> 0x0513
mem[X,0x0000000080003E2E] -> 0x0040
[3984] [M]: 0x0000000080003E2C (0x00400513) addi a0, zero, 4
x10 <- 0x0000000000000004
mem[X,0x0000000080003E30] -> 0x0593
mem[X,0x0000000080003E32] -> 0x02E5
[3985] [M]: 0x0000000080003E30 (0x02E50593) addi a1, a0, 46
x11 <- 0x0000000000000032
mem[X,0x0000000080003E34] -> 0x3423
mem[X,0x0000000080003E36] -> 0x00B1
[3986] [M]: 0x0000000080003E34 (0x00B13423) sd a1, 8(sp)
mem[0x00000000800081D8] <- 0x0000000000000032
mem[X,0x0000000080003E38] -> 0x3537
mem[X,0x0000000080003E3A] -> 0x3333
[3987] [M]: 0x0000000080003E38 (0x33333537) lui a0, 209715
x10 <- 0x0000000033333000
mem[X,0x0000000080003E3C] -> 0x0513
mem[X,0x0000000080003E3E] -> 0x3335
[3988] [M]: 0x0000000080003E3C (0x33350513) addi a0, a0, 819
x10 <- 0x0000000033333333
mem[X,0x0000000080003E40] -> 0x1513
mem[X,0x0000000080003E42] -> 0x00B5
[3989] [M]: 0x0000000080003E40 (0x00B51513) slli a0, a0, 11
x10 <- 0x0000019999999800
mem[X,0x0000000080003E44] -> 0x0513
mem[X,0x0000000080003E46] -> 0x1995
[3990] [M]: 0x0000000080003E44 (0x19950513) addi a0, a0, 409
x10 <- 0x0000019999999999
mem[X,0x0000000080003E48] -> 0x1513
mem[X,0x0000000080003E4A] -> 0x00B5
[3991] [M]: 0x0000000080003E48 (0x00B51513) slli a0, a0, 11
x10 <- 0x000CCCCCCCCCC800
mem[X,0x0000000080003E4C] -> 0x0513
mem[X,0x0000000080003E4E] -> 0x4CC5
[3992] [M]: 0x0000000080003E4C (0x4CC50513) addi a0, a0, 1228
x10 <- 0x000CCCCCCCCCCCCC
mem[X,0x0000000080003E50] -> 0x1513
mem[X,0x0000000080003E52] -> 0x00A5
[3993] [M]: 0x0000000080003E50 (0x00A51513) slli a0, a0, 10
x10 <- 0x3333333333333000
mem[X,0x0000000080003E54] -> 0x0513
mem[X,0x0000000080003E56] -> 0x3325
[3994] [M]: 0x0000000080003E54 (0x33250513) addi a0, a0, 818
x10 <- 0x3333333333333332
mem[X,0x0000000080003E58] -> 0x0593
mem[X,0x0000000080003E5A] -> 0x0035
[3995] [M]: 0x0000000080003E58 (0x00350593) addi a1, a0, 3
x11 <- 0x3333333333333335
mem[X,0x0000000080003E5C] -> 0x3823
mem[X,0x0000000080003E5E] -> 0x00B1
[3996] [M]: 0x0000000080003E5C (0x00B13823) sd a1, 16(sp)
mem[0x00000000800081E0] <- 0x3333333333333335
mem[X,0x0000000080003E60] -> 0x3537
mem[X,0x0000000080003E62] -> 0x3333
[3997] [M]: 0x0000000080003E60 (0x33333537) lui a0, 209715
x10 <- 0x0000000033333000
mem[X,0x0000000080003E64] -> 0x0513
mem[X,0x0000000080003E66] -> 0x3335
[3998] [M]: 0x0000000080003E64 (0x33350513) addi a0, a0, 819
x10 <- 0x0000000033333333
mem[X,0x0000000080003E68] -> 0x1513
mem[X,0x0000000080003E6A] -> 0x00B5
[3999] [M]: 0x0000000080003E68 (0x00B51513) slli a0, a0, 11
x10 <- 0x0000019999999800
clint::tick mtime <- 0x0000000000000028
 clint timer pending at mtime 0x0000000000000028
htif::tick 0x0000000000000000
mem[X,0x0000000080003E6C] -> 0x0513
mem[X,0x0000000080003E6E] -> 0x1995
[4000] [M]: 0x0000000080003E6C (0x19950513) addi a0, a0, 409
x10 <- 0x0000019999999999
mem[X,0x0000000080003E70] -> 0x1513
mem[X,0x0000000080003E72] -> 0x00B5
[4001] [M]: 0x0000000080003E70 (0x00B51513) slli a0, a0, 11
x10 <- 0x000CCCCCCCCCC800
mem[X,0x0000000080003E74] -> 0x0513
mem[X,0x0000000080003E76] -> 0x4CC5
[4002] [M]: 0x0000000080003E74 (0x4CC50513) addi a0, a0, 1228
x10 <- 0x000CCCCCCCCCCCCC
mem[X,0x0000000080003E78] -> 0x1513
mem[X,0x0000000080003E7A] -> 0x00A5
[4003] [M]: 0x0000000080003E78 (0x00A51513) slli a0, a0, 10
x10 <- 0x3333333333333000
mem[X,0x0000000080003E7C] -> 0x0513
mem[X,0x0000000080003E7E] -> 0x3325
[4004] [M]: 0x0000000080003E7C (0x33250513) addi a0, a0, 818
x10 <- 0x3333333333333332
mem[X,0x0000000080003E80] -> 0x0593
mem[X,0x0000000080003E82] -> 0x5555
[4005] [M]: 0x0000000080003E80 (0x55550593) addi a1, a0, 1365
x11 <- 0x3333333333333887
mem[X,0x0000000080003E84] -> 0x3C23
mem[X,0x0000000080003E86] -> 0x00B1
[4006] [M]: 0x0000000080003E84 (0x00B13C23) sd a1, 24(sp)
mem[0x00000000800081E8] <- 0x3333333333333887
mem[X,0x0000000080003E88] -> 0x3537
mem[X,0x0000000080003E8A] -> 0x3333
[4007] [M]: 0x0000000080003E88 (0x33333537) lui a0, 209715
x10 <- 0x0000000033333000
mem[X,0x0000000080003E8C] -> 0x0513
mem[X,0x0000000080003E8E] -> 0x3335
[4008] [M]: 0x0000000080003E8C (0x33350513) addi a0, a0, 819
x10 <- 0x0000000033333333
mem[X,0x0000000080003E90] -> 0x1513
mem[X,0x0000000080003E92] -> 0x00B5
[4009] [M]: 0x0000000080003E90 (0x00B51513) slli a0, a0, 11
x10 <- 0x0000019999999800
mem[X,0x0000000080003E94] -> 0x0513
mem[X,0x0000000080003E96] -> 0x1995
[4010] [M]: 0x0000000080003E94 (0x19950513) addi a0, a0, 409
x10 <- 0x0000019999999999
mem[X,0x0000000080003E98] -> 0x1513
mem[X,0x0000000080003E9A] -> 0x00B5
[4011] [M]: 0x0000000080003E98 (0x00B51513) slli a0, a0, 11
x10 <- 0x000CCCCCCCCCC800
mem[X,0x0000000080003E9C] -> 0x0513
mem[X,0x0000000080003E9E] -> 0x4CC5
[4012] [M]: 0x0000000080003E9C (0x4CC50513) addi a0, a0, 1228
x10 <- 0x000CCCCCCCCCCCCC
mem[X,0x0000000080003EA0] -> 0x1513
mem[X,0x0000000080003EA2] -> 0x00A5
[4013] [M]: 0x0000000080003EA0 (0x00A51513) slli a0, a0, 10
x10 <- 0x3333333333333000
mem[X,0x0000000080003EA4] -> 0x0513
mem[X,0x0000000080003EA6] -> 0x3325
[4014] [M]: 0x0000000080003EA4 (0x33250513) addi a0, a0, 818
x10 <- 0x3333333333333332
mem[X,0x0000000080003EA8] -> 0x0593
mem[X,0x0000000080003EAA] -> 0xAAA5
[4015] [M]: 0x0000000080003EA8 (0xAAA50593) addi a1, a0, 2730
x11 <- 0x3333333333332DDC
mem[X,0x0000000080003EAC] -> 0x3023
mem[X,0x0000000080003EAE] -> 0x02B1
[4016] [M]: 0x0000000080003EAC (0x02B13023) sd a1, 32(sp)
mem[0x00000000800081F0] <- 0x3333333333332DDC
mem[X,0x0000000080003EB0] -> 0x3537
mem[X,0x0000000080003EB2] -> 0x3333
[4017] [M]: 0x0000000080003EB0 (0x33333537) lui a0, 209715
x10 <- 0x0000000033333000
mem[X,0x0000000080003EB4] -> 0x0513
mem[X,0x0000000080003EB6] -> 0x3335
[4018] [M]: 0x0000000080003EB4 (0x33350513) addi a0, a0, 819
x10 <- 0x0000000033333333
mem[X,0x0000000080003EB8] -> 0x1513
mem[X,0x0000000080003EBA] -> 0x00B5
[4019] [M]: 0x0000000080003EB8 (0x00B51513) slli a0, a0, 11
x10 <- 0x0000019999999800
mem[X,0x0000000080003EBC] -> 0x0513
mem[X,0x0000000080003EBE] -> 0x1995
[4020] [M]: 0x0000000080003EBC (0x19950513) addi a0, a0, 409
x10 <- 0x0000019999999999
mem[X,0x0000000080003EC0] -> 0x1513
mem[X,0x0000000080003EC2] -> 0x00B5
[4021] [M]: 0x0000000080003EC0 (0x00B51513) slli a0, a0, 11
x10 <- 0x000CCCCCCCCCC800
mem[X,0x0000000080003EC4] -> 0x0513
mem[X,0x0000000080003EC6] -> 0x4CC5
[4022] [M]: 0x0000000080003EC4 (0x4CC50513) addi a0, a0, 1228
x10 <- 0x000CCCCCCCCCCCCC
mem[X,0x0000000080003EC8] -> 0x1513
mem[X,0x0000000080003ECA] -> 0x00A5
[4023] [M]: 0x0000000080003EC8 (0x00A51513) slli a0, a0, 10
x10 <- 0x3333333333333000
mem[X,0x0000000080003ECC] -> 0x0513
mem[X,0x0000000080003ECE] -> 0x3325
[4024] [M]: 0x0000000080003ECC (0x33250513) addi a0, a0, 818
x10 <- 0x3333333333333332
mem[X,0x0000000080003ED0] -> 0x0593
mem[X,0x0000000080003ED2] -> 0x0055
[4025] [M]: 0x0000000080003ED0 (0x00550593) addi a1, a0, 5
x11 <- 0x3333333333333337
mem[X,0x0000000080003ED4] -> 0x3423
mem[X,0x0000000080003ED6] -> 0x02B1
[4026] [M]: 0x0000000080003ED4 (0x02B13423) sd a1, 40(sp)
mem[0x00000000800081F8] <- 0x3333333333333337
mem[X,0x0000000080003ED8] -> 0x3537
mem[X,0x0000000080003EDA] -> 0x3333
[4027] [M]: 0x0000000080003ED8 (0x33333537) lui a0, 209715
x10 <- 0x0000000033333000
mem[X,0x0000000080003EDC] -> 0x0513
mem[X,0x0000000080003EDE] -> 0x3335
[4028] [M]: 0x0000000080003EDC (0x33350513) addi a0, a0, 819
x10 <- 0x0000000033333333
mem[X,0x0000000080003EE0] -> 0x1513
mem[X,0x0000000080003EE2] -> 0x00B5
[4029] [M]: 0x0000000080003EE0 (0x00B51513) slli a0, a0, 11
x10 <- 0x0000019999999800
mem[X,0x0000000080003EE4] -> 0x0513
mem[X,0x0000000080003EE6] -> 0x1995
[4030] [M]: 0x0000000080003EE4 (0x19950513) addi a0, a0, 409
x10 <- 0x0000019999999999
mem[X,0x0000000080003EE8] -> 0x1513
mem[X,0x0000000080003EEA] -> 0x00B5
[4031] [M]: 0x0000000080003EE8 (0x00B51513) slli a0, a0, 11
x10 <- 0x000CCCCCCCCCC800
mem[X,0x0000000080003EEC] -> 0x0513
mem[X,0x0000000080003EEE] -> 0x4CC5
[4032] [M]: 0x0000000080003EEC (0x4CC50513) addi a0, a0, 1228
x10 <- 0x000CCCCCCCCCCCCC
mem[X,0x0000000080003EF0] -> 0x1513
mem[X,0x0000000080003EF2] -> 0x00A5
[4033] [M]: 0x0000000080003EF0 (0x00A51513) slli a0, a0, 10
x10 <- 0x3333333333333000
mem[X,0x0000000080003EF4] -> 0x0513
mem[X,0x0000000080003EF6] -> 0x3325
[4034] [M]: 0x0000000080003EF4 (0x33250513) addi a0, a0, 818
x10 <- 0x3333333333333332
mem[X,0x0000000080003EF8] -> 0x0593
mem[X,0x0000000080003EFA] -> 0x3335
[4035] [M]: 0x0000000080003EF8 (0x33350593) addi a1, a0, 819
x11 <- 0x3333333333333665
mem[X,0x0000000080003EFC] -> 0x3823
mem[X,0x0000000080003EFE] -> 0x02B1
[4036] [M]: 0x0000000080003EFC (0x02B13823) sd a1, 48(sp)
mem[0x0000000080008200] <- 0x3333333333333665
mem[X,0x0000000080003F00] -> 0x3537
mem[X,0x0000000080003F02] -> 0x3333
[4037] [M]: 0x0000000080003F00 (0x33333537) lui a0, 209715
x10 <- 0x0000000033333000
mem[X,0x0000000080003F04] -> 0x0513
mem[X,0x0000000080003F06] -> 0x3335
[4038] [M]: 0x0000000080003F04 (0x33350513) addi a0, a0, 819
x10 <- 0x0000000033333333
mem[X,0x0000000080003F08] -> 0x1513
mem[X,0x0000000080003F0A] -> 0x00B5
[4039] [M]: 0x0000000080003F08 (0x00B51513) slli a0, a0, 11
x10 <- 0x0000019999999800
mem[X,0x0000000080003F0C] -> 0x0513
mem[X,0x0000000080003F0E] -> 0x1995
[4040] [M]: 0x0000000080003F0C (0x19950513) addi a0, a0, 409
x10 <- 0x0000019999999999
mem[X,0x0000000080003F10] -> 0x1513
mem[X,0x0000000080003F12] -> 0x00B5
[4041] [M]: 0x0000000080003F10 (0x00B51513) slli a0, a0, 11
x10 <- 0x000CCCCCCCCCC800
mem[X,0x0000000080003F14] -> 0x0513
mem[X,0x0000000080003F16] -> 0x4CC5
[4042] [M]: 0x0000000080003F14 (0x4CC50513) addi a0, a0, 1228
x10 <- 0x000CCCCCCCCCCCCC
mem[X,0x0000000080003F18] -> 0x1513
mem[X,0x0000000080003F1A] -> 0x00A5
[4043] [M]: 0x0000000080003F18 (0x00A51513) slli a0, a0, 10
x10 <- 0x3333333333333000
mem[X,0x0000000080003F1C] -> 0x0513
mem[X,0x0000000080003F1E] -> 0x3325
[4044] [M]: 0x0000000080003F1C (0x33250513) addi a0, a0, 818
x10 <- 0x3333333333333332
mem[X,0x0000000080003F20] -> 0x0593
mem[X,0x0000000080003F22] -> 0x6665
[4045] [M]: 0x0000000080003F20 (0x66650593) addi a1, a0, 1638
x11 <- 0x3333333333333998
mem[X,0x0000000080003F24] -> 0x3C23
mem[X,0x0000000080003F26] -> 0x02B1
[4046] [M]: 0x0000000080003F24 (0x02B13C23) sd a1, 56(sp)
mem[0x0000000080008208] <- 0x3333333333333998
mem[X,0x0000000080003F28] -> 0x3537
mem[X,0x0000000080003F2A] -> 0x3333
[4047] [M]: 0x0000000080003F28 (0x33333537) lui a0, 209715
x10 <- 0x0000000033333000
mem[X,0x0000000080003F2C] -> 0x0513
mem[X,0x0000000080003F2E] -> 0x3335
[4048] [M]: 0x0000000080003F2C (0x33350513) addi a0, a0, 819
x10 <- 0x0000000033333333
mem[X,0x0000000080003F30] -> 0x1513
mem[X,0x0000000080003F32] -> 0x00B5
[4049] [M]: 0x0000000080003F30 (0x00B51513) slli a0, a0, 11
x10 <- 0x0000019999999800
mem[X,0x0000000080003F34] -> 0x0513
mem[X,0x0000000080003F36] -> 0x1995
[4050] [M]: 0x0000000080003F34 (0x19950513) addi a0, a0, 409
x10 <- 0x0000019999999999
mem[X,0x0000000080003F38] -> 0x1513
mem[X,0x0000000080003F3A] -> 0x00B5
[4051] [M]: 0x0000000080003F38 (0x00B51513) slli a0, a0, 11
x10 <- 0x000CCCCCCCCCC800
mem[X,0x0000000080003F3C] -> 0x0513
mem[X,0x0000000080003F3E] -> 0x4CC5
[4052] [M]: 0x0000000080003F3C (0x4CC50513) addi a0, a0, 1228
x10 <- 0x000CCCCCCCCCCCCC
mem[X,0x0000000080003F40] -> 0x1513
mem[X,0x0000000080003F42] -> 0x00A5
[4053] [M]: 0x0000000080003F40 (0x00A51513) slli a0, a0, 10
x10 <- 0x3333333333333000
mem[X,0x0000000080003F44] -> 0x0513
mem[X,0x0000000080003F46] -> 0x3325
[4054] [M]: 0x0000000080003F44 (0x33250513) addi a0, a0, 818
x10 <- 0x3333333333333332
mem[X,0x0000000080003F48] -> 0x0593
mem[X,0x0000000080003F4A] -> 0xFD35
[4055] [M]: 0x0000000080003F48 (0xFD350593) addi a1, a0, 4051
x11 <- 0x3333333333333305
mem[X,0x0000000080003F4C] -> 0x3023
mem[X,0x0000000080003F4E] -> 0x04B1
[4056] [M]: 0x0000000080003F4C (0x04B13023) sd a1, 64(sp)
mem[0x0000000080008210] <- 0x3333333333333305
mem[X,0x0000000080003F50] -> 0x3537
mem[X,0x0000000080003F52] -> 0x3333
[4057] [M]: 0x0000000080003F50 (0x33333537) lui a0, 209715
x10 <- 0x0000000033333000
mem[X,0x0000000080003F54] -> 0x0513
mem[X,0x0000000080003F56] -> 0x3335
[4058] [M]: 0x0000000080003F54 (0x33350513) addi a0, a0, 819
x10 <- 0x0000000033333333
mem[X,0x0000000080003F58] -> 0x1513
mem[X,0x0000000080003F5A] -> 0x00B5
[4059] [M]: 0x0000000080003F58 (0x00B51513) slli a0, a0, 11
x10 <- 0x0000019999999800
mem[X,0x0000000080003F5C] -> 0x0513
mem[X,0x0000000080003F5E] -> 0x1995
[4060] [M]: 0x0000000080003F5C (0x19950513) addi a0, a0, 409
x10 <- 0x0000019999999999
mem[X,0x0000000080003F60] -> 0x1513
mem[X,0x0000000080003F62] -> 0x00B5
[4061] [M]: 0x0000000080003F60 (0x00B51513) slli a0, a0, 11
x10 <- 0x000CCCCCCCCCC800
mem[X,0x0000000080003F64] -> 0x0513
mem[X,0x0000000080003F66] -> 0x4CC5
[4062] [M]: 0x0000000080003F64 (0x4CC50513) addi a0, a0, 1228
x10 <- 0x000CCCCCCCCCCCCC
mem[X,0x0000000080003F68] -> 0x1513
mem[X,0x0000000080003F6A] -> 0x00A5
[4063] [M]: 0x0000000080003F68 (0x00A51513) slli a0, a0, 10
x10 <- 0x3333333333333000
mem[X,0x0000000080003F6C] -> 0x0513
mem[X,0x0000000080003F6E] -> 0x3325
[4064] [M]: 0x0000000080003F6C (0x33250513) addi a0, a0, 818
x10 <- 0x3333333333333332
mem[X,0x0000000080003F70] -> 0x0593
mem[X,0x0000000080003F72] -> 0x02D5
[4065] [M]: 0x0000000080003F70 (0x02D50593) addi a1, a0, 45
x11 <- 0x333333333333335F
mem[X,0x0000000080003F74] -> 0x3423
mem[X,0x0000000080003F76] -> 0x04B1
[4066] [M]: 0x0000000080003F74 (0x04B13423) sd a1, 72(sp)
mem[0x0000000080008218] <- 0x333333333333335F
mem[X,0x0000000080003F78] -> 0x3537
mem[X,0x0000000080003F7A] -> 0x3333
[4067] [M]: 0x0000000080003F78 (0x33333537) lui a0, 209715
x10 <- 0x0000000033333000
mem[X,0x0000000080003F7C] -> 0x0513
mem[X,0x0000000080003F7E] -> 0x3335
[4068] [M]: 0x0000000080003F7C (0x33350513) addi a0, a0, 819
x10 <- 0x0000000033333333
mem[X,0x0000000080003F80] -> 0x1513
mem[X,0x0000000080003F82] -> 0x00B5
[4069] [M]: 0x0000000080003F80 (0x00B51513) slli a0, a0, 11
x10 <- 0x0000019999999800
mem[X,0x0000000080003F84] -> 0x0513
mem[X,0x0000000080003F86] -> 0x1995
[4070] [M]: 0x0000000080003F84 (0x19950513) addi a0, a0, 409
x10 <- 0x0000019999999999
mem[X,0x0000000080003F88] -> 0x1513
mem[X,0x0000000080003F8A] -> 0x00B5
[4071] [M]: 0x0000000080003F88 (0x00B51513) slli a0, a0, 11
x10 <- 0x000CCCCCCCCCC800
mem[X,0x0000000080003F8C] -> 0x0513
mem[X,0x0000000080003F8E] -> 0x4CC5
[4072] [M]: 0x0000000080003F8C (0x4CC50513) addi a0, a0, 1228
x10 <- 0x000CCCCCCCCCCCCC
mem[X,0x0000000080003F90] -> 0x1513
mem[X,0x0000000080003F92] -> 0x00A5
[4073] [M]: 0x0000000080003F90 (0x00A51513) slli a0, a0, 10
x10 <- 0x3333333333333000
mem[X,0x0000000080003F94] -> 0x0513
mem[X,0x0000000080003F96] -> 0x3325
[4074] [M]: 0x0000000080003F94 (0x33250513) addi a0, a0, 818
x10 <- 0x3333333333333332
mem[X,0x0000000080003F98] -> 0x0593
mem[X,0x0000000080003F9A] -> 0x0025
[4075] [M]: 0x0000000080003F98 (0x00250593) addi a1, a0, 2
x11 <- 0x3333333333333334
mem[X,0x0000000080003F9C] -> 0x3823
mem[X,0x0000000080003F9E] -> 0x04B1
[4076] [M]: 0x0000000080003F9C (0x04B13823) sd a1, 80(sp)
mem[0x0000000080008220] <- 0x3333333333333334
mem[X,0x0000000080003FA0] -> 0x3537
mem[X,0x0000000080003FA2] -> 0x3333
[4077] [M]: 0x0000000080003FA0 (0x33333537) lui a0, 209715
x10 <- 0x0000000033333000
mem[X,0x0000000080003FA4] -> 0x0513
mem[X,0x0000000080003FA6] -> 0x3335
[4078] [M]: 0x0000000080003FA4 (0x33350513) addi a0, a0, 819
x10 <- 0x0000000033333333
mem[X,0x0000000080003FA8] -> 0x1513
mem[X,0x0000000080003FAA] -> 0x00B5
[4079] [M]: 0x0000000080003FA8 (0x00B51513) slli a0, a0, 11
x10 <- 0x0000019999999800
mem[X,0x0000000080003FAC] -> 0x0513
mem[X,0x0000000080003FAE] -> 0x1995
[4080] [M]: 0x0000000080003FAC (0x19950513) addi a0, a0, 409
x10 <- 0x0000019999999999
mem[X,0x0000000080003FB0] -> 0x1513
mem[X,0x0000000080003FB2] -> 0x00B5
[4081] [M]: 0x0000000080003FB0 (0x00B51513) slli a0, a0, 11
x10 <- 0x000CCCCCCCCCC800
mem[X,0x0000000080003FB4] -> 0x0513
mem[X,0x0000000080003FB6] -> 0x4CC5
[4082] [M]: 0x0000000080003FB4 (0x4CC50513) addi a0, a0, 1228
x10 <- 0x000CCCCCCCCCCCCC
mem[X,0x0000000080003FB8] -> 0x1513
mem[X,0x0000000080003FBA] -> 0x00A5
[4083] [M]: 0x0000000080003FB8 (0x00A51513) slli a0, a0, 10
x10 <- 0x3333333333333000
mem[X,0x0000000080003FBC] -> 0x0513
mem[X,0x0000000080003FBE] -> 0x3325
[4084] [M]: 0x0000000080003FBC (0x33250513) addi a0, a0, 818
x10 <- 0x3333333333333332
mem[X,0x0000000080003FC0] -> 0x0593
mem[X,0x0000000080003FC2] -> 0x5545
[4085] [M]: 0x0000000080003FC0 (0x55450593) addi a1, a0, 1364
x11 <- 0x3333333333333886
mem[X,0x0000000080003FC4] -> 0x3C23
mem[X,0x0000000080003FC6] -> 0x04B1
[4086] [M]: 0x0000000080003FC4 (0x04B13C23) sd a1, 88(sp)
mem[0x0000000080008228] <- 0x3333333333333886
mem[X,0x0000000080003FC8] -> 0x3537
mem[X,0x0000000080003FCA] -> 0x3333
[4087] [M]: 0x0000000080003FC8 (0x33333537) lui a0, 209715
x10 <- 0x0000000033333000
mem[X,0x0000000080003FCC] -> 0x0513
mem[X,0x0000000080003FCE] -> 0x3335
[4088] [M]: 0x0000000080003FCC (0x33350513) addi a0, a0, 819
x10 <- 0x0000000033333333
mem[X,0x0000000080003FD0] -> 0x1513
mem[X,0x0000000080003FD2] -> 0x00B5
[4089] [M]: 0x0000000080003FD0 (0x00B51513) slli a0, a0, 11
x10 <- 0x0000019999999800
mem[X,0x0000000080003FD4] -> 0x0513
mem[X,0x0000000080003FD6] -> 0x1995
[4090] [M]: 0x0000000080003FD4 (0x19950513) addi a0, a0, 409
x10 <- 0x0000019999999999
mem[X,0x0000000080003FD8] -> 0x1513
mem[X,0x0000000080003FDA] -> 0x00B5
[4091] [M]: 0x0000000080003FD8 (0x00B51513) slli a0, a0, 11
x10 <- 0x000CCCCCCCCCC800
mem[X,0x0000000080003FDC] -> 0x0513
mem[X,0x0000000080003FDE] -> 0x4CC5
[4092] [M]: 0x0000000080003FDC (0x4CC50513) addi a0, a0, 1228
x10 <- 0x000CCCCCCCCCCCCC
mem[X,0x0000000080003FE0] -> 0x1513
mem[X,0x0000000080003FE2] -> 0x00A5
[4093] [M]: 0x0000000080003FE0 (0x00A51513) slli a0, a0, 10
x10 <- 0x3333333333333000
mem[X,0x0000000080003FE4] -> 0x0513
mem[X,0x0000000080003FE6] -> 0x3325
[4094] [M]: 0x0000000080003FE4 (0x33250513) addi a0, a0, 818
x10 <- 0x3333333333333332
mem[X,0x0000000080003FE8] -> 0x0593
mem[X,0x0000000080003FEA] -> 0x0005
[4095] [M]: 0x0000000080003FE8 (0x00050593) addi a1, a0, 0
x11 <- 0x3333333333333332
mem[X,0x0000000080003FEC] -> 0x3023
mem[X,0x0000000080003FEE] -> 0x06B1
[4096] [M]: 0x0000000080003FEC (0x06B13023) sd a1, 96(sp)
mem[0x0000000080008230] <- 0x3333333333333332
mem[X,0x0000000080003FF0] -> 0x3537
mem[X,0x0000000080003FF2] -> 0x3333
[4097] [M]: 0x0000000080003FF0 (0x33333537) lui a0, 209715
x10 <- 0x0000000033333000
mem[X,0x0000000080003FF4] -> 0x0513
mem[X,0x0000000080003FF6] -> 0x3335
[4098] [M]: 0x0000000080003FF4 (0x33350513) addi a0, a0, 819
x10 <- 0x0000000033333333
mem[X,0x0000000080003FF8] -> 0x1513
mem[X,0x0000000080003FFA] -> 0x00B5
[4099] [M]: 0x0000000080003FF8 (0x00B51513) slli a0, a0, 11
x10 <- 0x0000019999999800
clint::tick mtime <- 0x0000000000000029
 clint timer pending at mtime 0x0000000000000029
htif::tick 0x0000000000000000
mem[X,0x0000000080003FFC] -> 0x0513
mem[X,0x0000000080003FFE] -> 0x1995
[4100] [M]: 0x0000000080003FFC (0x19950513) addi a0, a0, 409
x10 <- 0x0000019999999999
mem[X,0x0000000080004000] -> 0x1513
mem[X,0x0000000080004002] -> 0x00B5
[4101] [M]: 0x0000000080004000 (0x00B51513) slli a0, a0, 11
x10 <- 0x000CCCCCCCCCC800
mem[X,0x0000000080004004] -> 0x0513
mem[X,0x0000000080004006] -> 0x4CC5
[4102] [M]: 0x0000000080004004 (0x4CC50513) addi a0, a0, 1228
x10 <- 0x000CCCCCCCCCCCCC
mem[X,0x0000000080004008] -> 0x1513
mem[X,0x000000008000400A] -> 0x00A5
[4103] [M]: 0x0000000080004008 (0x00A51513) slli a0, a0, 10
x10 <- 0x3333333333333000
mem[X,0x000000008000400C] -> 0x0513
mem[X,0x000000008000400E] -> 0x3325
[4104] [M]: 0x000000008000400C (0x33250513) addi a0, a0, 818
x10 <- 0x3333333333333332
mem[X,0x0000000080004010] -> 0x0593
mem[X,0x0000000080004012] -> 0x0045
[4105] [M]: 0x0000000080004010 (0x00450593) addi a1, a0, 4
x11 <- 0x3333333333333336
mem[X,0x0000000080004014] -> 0x3423
mem[X,0x0000000080004016] -> 0x06B1
[4106] [M]: 0x0000000080004014 (0x06B13423) sd a1, 104(sp)
mem[0x0000000080008238] <- 0x3333333333333336
mem[X,0x0000000080004018] -> 0x3537
mem[X,0x000000008000401A] -> 0x3333
[4107] [M]: 0x0000000080004018 (0x33333537) lui a0, 209715
x10 <- 0x0000000033333000
mem[X,0x000000008000401C] -> 0x0513
mem[X,0x000000008000401E] -> 0x3335
[4108] [M]: 0x000000008000401C (0x33350513) addi a0, a0, 819
x10 <- 0x0000000033333333
mem[X,0x0000000080004020] -> 0x1513
mem[X,0x0000000080004022] -> 0x00B5
[4109] [M]: 0x0000000080004020 (0x00B51513) slli a0, a0, 11
x10 <- 0x0000019999999800
mem[X,0x0000000080004024] -> 0x0513
mem[X,0x0000000080004026] -> 0x1995
[4110] [M]: 0x0000000080004024 (0x19950513) addi a0, a0, 409
x10 <- 0x0000019999999999
mem[X,0x0000000080004028] -> 0x1513
mem[X,0x000000008000402A] -> 0x00B5
[4111] [M]: 0x0000000080004028 (0x00B51513) slli a0, a0, 11
x10 <- 0x000CCCCCCCCCC800
mem[X,0x000000008000402C] -> 0x0513
mem[X,0x000000008000402E] -> 0x4CC5
[4112] [M]: 0x000000008000402C (0x4CC50513) addi a0, a0, 1228
x10 <- 0x000CCCCCCCCCCCCC
mem[X,0x0000000080004030] -> 0x1513
mem[X,0x0000000080004032] -> 0x00A5
[4113] [M]: 0x0000000080004030 (0x00A51513) slli a0, a0, 10
x10 <- 0x3333333333333000
mem[X,0x0000000080004034] -> 0x0513
mem[X,0x0000000080004036] -> 0x3325
[4114] [M]: 0x0000000080004034 (0x33250513) addi a0, a0, 818
x10 <- 0x3333333333333332
mem[X,0x0000000080004038] -> 0x0593
mem[X,0x000000008000403A] -> 0x3325
[4115] [M]: 0x0000000080004038 (0x33250593) addi a1, a0, 818
x11 <- 0x3333333333333664
mem[X,0x000000008000403C] -> 0x3823
mem[X,0x000000008000403E] -> 0x06B1
[4116] [M]: 0x000000008000403C (0x06B13823) sd a1, 112(sp)
mem[0x0000000080008240] <- 0x3333333333333664
mem[X,0x0000000080004040] -> 0x3537
mem[X,0x0000000080004042] -> 0x3333
[4117] [M]: 0x0000000080004040 (0x33333537) lui a0, 209715
x10 <- 0x0000000033333000
mem[X,0x0000000080004044] -> 0x0513
mem[X,0x0000000080004046] -> 0x3335
[4118] [M]: 0x0000000080004044 (0x33350513) addi a0, a0, 819
x10 <- 0x0000000033333333
mem[X,0x0000000080004048] -> 0x1513
mem[X,0x000000008000404A] -> 0x00B5
[4119] [M]: 0x0000000080004048 (0x00B51513) slli a0, a0, 11
x10 <- 0x0000019999999800
mem[X,0x000000008000404C] -> 0x0513
mem[X,0x000000008000404E] -> 0x1995
[4120] [M]: 0x000000008000404C (0x19950513) addi a0, a0, 409
x10 <- 0x0000019999999999
mem[X,0x0000000080004050] -> 0x1513
mem[X,0x0000000080004052] -> 0x00B5
[4121] [M]: 0x0000000080004050 (0x00B51513) slli a0, a0, 11
x10 <- 0x000CCCCCCCCCC800
mem[X,0x0000000080004054] -> 0x0513
mem[X,0x0000000080004056] -> 0x4CC5
[4122] [M]: 0x0000000080004054 (0x4CC50513) addi a0, a0, 1228
x10 <- 0x000CCCCCCCCCCCCC
mem[X,0x0000000080004058] -> 0x1513
mem[X,0x000000008000405A] -> 0x00A5
[4123] [M]: 0x0000000080004058 (0x00A51513) slli a0, a0, 10
x10 <- 0x3333333333333000
mem[X,0x000000008000405C] -> 0x0513
mem[X,0x000000008000405E] -> 0x3325
[4124] [M]: 0x000000008000405C (0x33250513) addi a0, a0, 818
x10 <- 0x3333333333333332
mem[X,0x0000000080004060] -> 0x0593
mem[X,0x0000000080004062] -> 0x6655
[4125] [M]: 0x0000000080004060 (0x66550593) addi a1, a0, 1637
x11 <- 0x3333333333333997
mem[X,0x0000000080004064] -> 0x3C23
mem[X,0x0000000080004066] -> 0x06B1
[4126] [M]: 0x0000000080004064 (0x06B13C23) sd a1, 120(sp)
mem[0x0000000080008248] <- 0x3333333333333997
mem[X,0x0000000080004068] -> 0x3537
mem[X,0x000000008000406A] -> 0x3333
[4127] [M]: 0x0000000080004068 (0x33333537) lui a0, 209715
x10 <- 0x0000000033333000
mem[X,0x000000008000406C] -> 0x0513
mem[X,0x000000008000406E] -> 0x3335
[4128] [M]: 0x000000008000406C (0x33350513) addi a0, a0, 819
x10 <- 0x0000000033333333
mem[X,0x0000000080004070] -> 0x1513
mem[X,0x0000000080004072] -> 0x00B5
[4129] [M]: 0x0000000080004070 (0x00B51513) slli a0, a0, 11
x10 <- 0x0000019999999800
mem[X,0x0000000080004074] -> 0x0513
mem[X,0x0000000080004076] -> 0x1995
[4130] [M]: 0x0000000080004074 (0x19950513) addi a0, a0, 409
x10 <- 0x0000019999999999
mem[X,0x0000000080004078] -> 0x1513
mem[X,0x000000008000407A] -> 0x00B5
[4131] [M]: 0x0000000080004078 (0x00B51513) slli a0, a0, 11
x10 <- 0x000CCCCCCCCCC800
mem[X,0x000000008000407C] -> 0x0513
mem[X,0x000000008000407E] -> 0x4CC5
[4132] [M]: 0x000000008000407C (0x4CC50513) addi a0, a0, 1228
x10 <- 0x000CCCCCCCCCCCCC
mem[X,0x0000000080004080] -> 0x1513
mem[X,0x0000000080004082] -> 0x00A5
[4133] [M]: 0x0000000080004080 (0x00A51513) slli a0, a0, 10
x10 <- 0x3333333333333000
mem[X,0x0000000080004084] -> 0x0513
mem[X,0x0000000080004086] -> 0x3325
[4134] [M]: 0x0000000080004084 (0x33250513) addi a0, a0, 818
x10 <- 0x3333333333333332
mem[X,0x0000000080004088] -> 0x0593
mem[X,0x000000008000408A] -> 0x02C5
[4135] [M]: 0x0000000080004088 (0x02C50593) addi a1, a0, 44
x11 <- 0x333333333333335E
mem[X,0x000000008000408C] -> 0x3023
mem[X,0x000000008000408E] -> 0x08B1
[4136] [M]: 0x000000008000408C (0x08B13023) sd a1, 128(sp)
mem[0x0000000080008250] <- 0x333333333333335E
mem[X,0x0000000080004090] -> 0x3537
mem[X,0x0000000080004092] -> 0x3333
[4137] [M]: 0x0000000080004090 (0x33333537) lui a0, 209715
x10 <- 0x0000000033333000
mem[X,0x0000000080004094] -> 0x0513
mem[X,0x0000000080004096] -> 0x3335
[4138] [M]: 0x0000000080004094 (0x33350513) addi a0, a0, 819
x10 <- 0x0000000033333333
mem[X,0x0000000080004098] -> 0x1513
mem[X,0x000000008000409A] -> 0x00B5
[4139] [M]: 0x0000000080004098 (0x00B51513) slli a0, a0, 11
x10 <- 0x0000019999999800
mem[X,0x000000008000409C] -> 0x0513
mem[X,0x000000008000409E] -> 0x1995
[4140] [M]: 0x000000008000409C (0x19950513) addi a0, a0, 409
x10 <- 0x0000019999999999
mem[X,0x00000000800040A0] -> 0x1513
mem[X,0x00000000800040A2] -> 0x00B5
[4141] [M]: 0x00000000800040A0 (0x00B51513) slli a0, a0, 11
x10 <- 0x000CCCCCCCCCC800
mem[X,0x00000000800040A4] -> 0x0513
mem[X,0x00000000800040A6] -> 0x4CC5
[4142] [M]: 0x00000000800040A4 (0x4CC50513) addi a0, a0, 1228
x10 <- 0x000CCCCCCCCCCCCC
mem[X,0x00000000800040A8] -> 0x1513
mem[X,0x00000000800040AA] -> 0x00A5
[4143] [M]: 0x00000000800040A8 (0x00A51513) slli a0, a0, 10
x10 <- 0x3333333333333000
mem[X,0x00000000800040AC] -> 0x0513
mem[X,0x00000000800040AE] -> 0x3325
[4144] [M]: 0x00000000800040AC (0x33250513) addi a0, a0, 818
x10 <- 0x3333333333333332
mem[X,0x00000000800040B0] -> 0x0593
mem[X,0x00000000800040B2] -> 0x5565
[4145] [M]: 0x00000000800040B0 (0x55650593) addi a1, a0, 1366
x11 <- 0x3333333333333888
mem[X,0x00000000800040B4] -> 0x3423
mem[X,0x00000000800040B6] -> 0x08B1
[4146] [M]: 0x00000000800040B4 (0x08B13423) sd a1, 136(sp)
mem[0x0000000080008258] <- 0x3333333333333888
mem[X,0x00000000800040B8] -> 0x3537
mem[X,0x00000000800040BA] -> 0x3333
[4147] [M]: 0x00000000800040B8 (0x33333537) lui a0, 209715
x10 <- 0x0000000033333000
mem[X,0x00000000800040BC] -> 0x0513
mem[X,0x00000000800040BE] -> 0x3335
[4148] [M]: 0x00000000800040BC (0x33350513) addi a0, a0, 819
x10 <- 0x0000000033333333
mem[X,0x00000000800040C0] -> 0x1513
mem[X,0x00000000800040C2] -> 0x00B5
[4149] [M]: 0x00000000800040C0 (0x00B51513) slli a0, a0, 11
x10 <- 0x0000019999999800
mem[X,0x00000000800040C4] -> 0x0513
mem[X,0x00000000800040C6] -> 0x1995
[4150] [M]: 0x00000000800040C4 (0x19950513) addi a0, a0, 409
x10 <- 0x0000019999999999
mem[X,0x00000000800040C8] -> 0x1513
mem[X,0x00000000800040CA] -> 0x00B5
[4151] [M]: 0x00000000800040C8 (0x00B51513) slli a0, a0, 11
x10 <- 0x000CCCCCCCCCC800
mem[X,0x00000000800040CC] -> 0x0513
mem[X,0x00000000800040CE] -> 0x4CC5
[4152] [M]: 0x00000000800040CC (0x4CC50513) addi a0, a0, 1228
x10 <- 0x000CCCCCCCCCCCCC
mem[X,0x00000000800040D0] -> 0x1513
mem[X,0x00000000800040D2] -> 0x00A5
[4153] [M]: 0x00000000800040D0 (0x00A51513) slli a0, a0, 10
x10 <- 0x3333333333333000
mem[X,0x00000000800040D4] -> 0x0513
mem[X,0x00000000800040D6] -> 0x3325
[4154] [M]: 0x00000000800040D4 (0x33250513) addi a0, a0, 818
x10 <- 0x3333333333333332
mem[X,0x00000000800040D8] -> 0x0593
mem[X,0x00000000800040DA] -> 0xAAB5
[4155] [M]: 0x00000000800040D8 (0xAAB50593) addi a1, a0, 2731
x11 <- 0x3333333333332DDD
mem[X,0x00000000800040DC] -> 0x3823
mem[X,0x00000000800040DE] -> 0x08B1
[4156] [M]: 0x00000000800040DC (0x08B13823) sd a1, 144(sp)
mem[0x0000000080008260] <- 0x3333333333332DDD
mem[X,0x00000000800040E0] -> 0x3537
mem[X,0x00000000800040E2] -> 0x3333
[4157] [M]: 0x00000000800040E0 (0x33333537) lui a0, 209715
x10 <- 0x0000000033333000
mem[X,0x00000000800040E4] -> 0x0513
mem[X,0x00000000800040E6] -> 0x3335
[4158] [M]: 0x00000000800040E4 (0x33350513) addi a0, a0, 819
x10 <- 0x0000000033333333
mem[X,0x00000000800040E8] -> 0x1513
mem[X,0x00000000800040EA] -> 0x00B5
[4159] [M]: 0x00000000800040E8 (0x00B51513) slli a0, a0, 11
x10 <- 0x0000019999999800
mem[X,0x00000000800040EC] -> 0x0513
mem[X,0x00000000800040EE] -> 0x1995
[4160] [M]: 0x00000000800040EC (0x19950513) addi a0, a0, 409
x10 <- 0x0000019999999999
mem[X,0x00000000800040F0] -> 0x1513
mem[X,0x00000000800040F2] -> 0x00B5
[4161] [M]: 0x00000000800040F0 (0x00B51513) slli a0, a0, 11
x10 <- 0x000CCCCCCCCCC800
mem[X,0x00000000800040F4] -> 0x0513
mem[X,0x00000000800040F6] -> 0x4CC5
[4162] [M]: 0x00000000800040F4 (0x4CC50513) addi a0, a0, 1228
x10 <- 0x000CCCCCCCCCCCCC
mem[X,0x00000000800040F8] -> 0x1513
mem[X,0x00000000800040FA] -> 0x00A5
[4163] [M]: 0x00000000800040F8 (0x00A51513) slli a0, a0, 10
x10 <- 0x3333333333333000
mem[X,0x00000000800040FC] -> 0x0513
mem[X,0x00000000800040FE] -> 0x3325
[4164] [M]: 0x00000000800040FC (0x33250513) addi a0, a0, 818
x10 <- 0x3333333333333332
mem[X,0x0000000080004100] -> 0x0593
mem[X,0x0000000080004102] -> 0x0065
[4165] [M]: 0x0000000080004100 (0x00650593) addi a1, a0, 6
x11 <- 0x3333333333333338
mem[X,0x0000000080004104] -> 0x3C23
mem[X,0x0000000080004106] -> 0x08B1
[4166] [M]: 0x0000000080004104 (0x08B13C23) sd a1, 152(sp)
mem[0x0000000080008268] <- 0x3333333333333338
mem[X,0x0000000080004108] -> 0x3537
mem[X,0x000000008000410A] -> 0x3333
[4167] [M]: 0x0000000080004108 (0x33333537) lui a0, 209715
x10 <- 0x0000000033333000
mem[X,0x000000008000410C] -> 0x0513
mem[X,0x000000008000410E] -> 0x3335
[4168] [M]: 0x000000008000410C (0x33350513) addi a0, a0, 819
x10 <- 0x0000000033333333
mem[X,0x0000000080004110] -> 0x1513
mem[X,0x0000000080004112] -> 0x00B5
[4169] [M]: 0x0000000080004110 (0x00B51513) slli a0, a0, 11
x10 <- 0x0000019999999800
mem[X,0x0000000080004114] -> 0x0513
mem[X,0x0000000080004116] -> 0x1995
[4170] [M]: 0x0000000080004114 (0x19950513) addi a0, a0, 409
x10 <- 0x0000019999999999
mem[X,0x0000000080004118] -> 0x1513
mem[X,0x000000008000411A] -> 0x00B5
[4171] [M]: 0x0000000080004118 (0x00B51513) slli a0, a0, 11
x10 <- 0x000CCCCCCCCCC800
mem[X,0x000000008000411C] -> 0x0513
mem[X,0x000000008000411E] -> 0x4CC5
[4172] [M]: 0x000000008000411C (0x4CC50513) addi a0, a0, 1228
x10 <- 0x000CCCCCCCCCCCCC
mem[X,0x0000000080004120] -> 0x1513
mem[X,0x0000000080004122] -> 0x00A5
[4173] [M]: 0x0000000080004120 (0x00A51513) slli a0, a0, 10
x10 <- 0x3333333333333000
mem[X,0x0000000080004124] -> 0x0513
mem[X,0x0000000080004126] -> 0x3325
[4174] [M]: 0x0000000080004124 (0x33250513) addi a0, a0, 818
x10 <- 0x3333333333333332
mem[X,0x0000000080004128] -> 0x0593
mem[X,0x000000008000412A] -> 0x3345
[4175] [M]: 0x0000000080004128 (0x33450593) addi a1, a0, 820
x11 <- 0x3333333333333666
mem[X,0x000000008000412C] -> 0x3023
mem[X,0x000000008000412E] -> 0x0AB1
[4176] [M]: 0x000000008000412C (0x0AB13023) sd a1, 160(sp)
mem[0x0000000080008270] <- 0x3333333333333666
mem[X,0x0000000080004130] -> 0x3537
mem[X,0x0000000080004132] -> 0x3333
[4177] [M]: 0x0000000080004130 (0x33333537) lui a0, 209715
x10 <- 0x0000000033333000
mem[X,0x0000000080004134] -> 0x0513
mem[X,0x0000000080004136] -> 0x3335
[4178] [M]: 0x0000000080004134 (0x33350513) addi a0, a0, 819
x10 <- 0x0000000033333333
mem[X,0x0000000080004138] -> 0x1513
mem[X,0x000000008000413A] -> 0x00B5
[4179] [M]: 0x0000000080004138 (0x00B51513) slli a0, a0, 11
x10 <- 0x0000019999999800
mem[X,0x000000008000413C] -> 0x0513
mem[X,0x000000008000413E] -> 0x1995
[4180] [M]: 0x000000008000413C (0x19950513) addi a0, a0, 409
x10 <- 0x0000019999999999
mem[X,0x0000000080004140] -> 0x1513
mem[X,0x0000000080004142] -> 0x00B5
[4181] [M]: 0x0000000080004140 (0x00B51513) slli a0, a0, 11
x10 <- 0x000CCCCCCCCCC800
mem[X,0x0000000080004144] -> 0x0513
mem[X,0x0000000080004146] -> 0x4CC5
[4182] [M]: 0x0000000080004144 (0x4CC50513) addi a0, a0, 1228
x10 <- 0x000CCCCCCCCCCCCC
mem[X,0x0000000080004148] -> 0x1513
mem[X,0x000000008000414A] -> 0x00A5
[4183] [M]: 0x0000000080004148 (0x00A51513) slli a0, a0, 10
x10 <- 0x3333333333333000
mem[X,0x000000008000414C] -> 0x0513
mem[X,0x000000008000414E] -> 0x3325
[4184] [M]: 0x000000008000414C (0x33250513) addi a0, a0, 818
x10 <- 0x3333333333333332
mem[X,0x0000000080004150] -> 0x0593
mem[X,0x0000000080004152] -> 0x6675
[4185] [M]: 0x0000000080004150 (0x66750593) addi a1, a0, 1639
x11 <- 0x3333333333333999
mem[X,0x0000000080004154] -> 0x3423
mem[X,0x0000000080004156] -> 0x0AB1
[4186] [M]: 0x0000000080004154 (0x0AB13423) sd a1, 168(sp)
mem[0x0000000080008278] <- 0x3333333333333999
mem[X,0x0000000080004158] -> 0x3537
mem[X,0x000000008000415A] -> 0x3333
[4187] [M]: 0x0000000080004158 (0x33333537) lui a0, 209715
x10 <- 0x0000000033333000
mem[X,0x000000008000415C] -> 0x0513
mem[X,0x000000008000415E] -> 0x3335
[4188] [M]: 0x000000008000415C (0x33350513) addi a0, a0, 819
x10 <- 0x0000000033333333
mem[X,0x0000000080004160] -> 0x1513
mem[X,0x0000000080004162] -> 0x00B5
[4189] [M]: 0x0000000080004160 (0x00B51513) slli a0, a0, 11
x10 <- 0x0000019999999800
mem[X,0x0000000080004164] -> 0x0513
mem[X,0x0000000080004166] -> 0x1995
[4190] [M]: 0x0000000080004164 (0x19950513) addi a0, a0, 409
x10 <- 0x0000019999999999
mem[X,0x0000000080004168] -> 0x1513
mem[X,0x000000008000416A] -> 0x00B5
[4191] [M]: 0x0000000080004168 (0x00B51513) slli a0, a0, 11
x10 <- 0x000CCCCCCCCCC800
mem[X,0x000000008000416C] -> 0x0513
mem[X,0x000000008000416E] -> 0x4CC5
[4192] [M]: 0x000000008000416C (0x4CC50513) addi a0, a0, 1228
x10 <- 0x000CCCCCCCCCCCCC
mem[X,0x0000000080004170] -> 0x1513
mem[X,0x0000000080004172] -> 0x00A5
[4193] [M]: 0x0000000080004170 (0x00A51513) slli a0, a0, 10
x10 <- 0x3333333333333000
mem[X,0x0000000080004174] -> 0x0513
mem[X,0x0000000080004176] -> 0x3325
[4194] [M]: 0x0000000080004174 (0x33250513) addi a0, a0, 818
x10 <- 0x3333333333333332
mem[X,0x0000000080004178] -> 0x0593
mem[X,0x000000008000417A] -> 0xFD45
[4195] [M]: 0x0000000080004178 (0xFD450593) addi a1, a0, 4052
x11 <- 0x3333333333333306
mem[X,0x000000008000417C] -> 0x3823
mem[X,0x000000008000417E] -> 0x0AB1
[4196] [M]: 0x000000008000417C (0x0AB13823) sd a1, 176(sp)
mem[0x0000000080008280] <- 0x3333333333333306
mem[X,0x0000000080004180] -> 0x3537
mem[X,0x0000000080004182] -> 0x3333
[4197] [M]: 0x0000000080004180 (0x33333537) lui a0, 209715
x10 <- 0x0000000033333000
mem[X,0x0000000080004184] -> 0x0513
mem[X,0x0000000080004186] -> 0x3335
[4198] [M]: 0x0000000080004184 (0x33350513) addi a0, a0, 819
x10 <- 0x0000000033333333
mem[X,0x0000000080004188] -> 0x1513
mem[X,0x000000008000418A] -> 0x00B5
[4199] [M]: 0x0000000080004188 (0x00B51513) slli a0, a0, 11
x10 <- 0x0000019999999800
clint::tick mtime <- 0x000000000000002A
 clint timer pending at mtime 0x000000000000002A
htif::tick 0x0000000000000000
mem[X,0x000000008000418C] -> 0x0513
mem[X,0x000000008000418E] -> 0x1995
[4200] [M]: 0x000000008000418C (0x19950513) addi a0, a0, 409
x10 <- 0x0000019999999999
mem[X,0x0000000080004190] -> 0x1513
mem[X,0x0000000080004192] -> 0x00B5
[4201] [M]: 0x0000000080004190 (0x00B51513) slli a0, a0, 11
x10 <- 0x000CCCCCCCCCC800
mem[X,0x0000000080004194] -> 0x0513
mem[X,0x0000000080004196] -> 0x4CC5
[4202] [M]: 0x0000000080004194 (0x4CC50513) addi a0, a0, 1228
x10 <- 0x000CCCCCCCCCCCCC
mem[X,0x0000000080004198] -> 0x1513
mem[X,0x000000008000419A] -> 0x00A5
[4203] [M]: 0x0000000080004198 (0x00A51513) slli a0, a0, 10
x10 <- 0x3333333333333000
mem[X,0x000000008000419C] -> 0x0513
mem[X,0x000000008000419E] -> 0x3325
[4204] [M]: 0x000000008000419C (0x33250513) addi a0, a0, 818
x10 <- 0x3333333333333332
mem[X,0x00000000800041A0] -> 0x0593
mem[X,0x00000000800041A2] -> 0x02E5
[4205] [M]: 0x00000000800041A0 (0x02E50593) addi a1, a0, 46
x11 <- 0x3333333333333360
mem[X,0x00000000800041A4] -> 0x3C23
mem[X,0x00000000800041A6] -> 0x0AB1
[4206] [M]: 0x00000000800041A4 (0x0AB13C23) sd a1, 184(sp)
mem[0x0000000080008288] <- 0x3333333333333360
mem[X,0x00000000800041A8] -> 0x6537
mem[X,0x00000000800041AA] -> 0x6666
[4207] [M]: 0x00000000800041A8 (0x66666537) lui a0, 419430
x10 <- 0x0000000066666000
mem[X,0x00000000800041AC] -> 0x0513
mem[X,0x00000000800041AE] -> 0x6665
[4208] [M]: 0x00000000800041AC (0x66650513) addi a0, a0, 1638
x10 <- 0x0000000066666666
mem[X,0x00000000800041B0] -> 0x1513
mem[X,0x00000000800041B2] -> 0x00B5
[4209] [M]: 0x00000000800041B0 (0x00B51513) slli a0, a0, 11
x10 <- 0x0000033333333000
mem[X,0x00000000800041B4] -> 0x0513
mem[X,0x00000000800041B6] -> 0x3335
[4210] [M]: 0x00000000800041B4 (0x33350513) addi a0, a0, 819
x10 <- 0x0000033333333333
mem[X,0x00000000800041B8] -> 0x1513
mem[X,0x00000000800041BA] -> 0x00B5
[4211] [M]: 0x00000000800041B8 (0x00B51513) slli a0, a0, 11
x10 <- 0x0019999999999800
mem[X,0x00000000800041BC] -> 0x0513
mem[X,0x00000000800041BE] -> 0x1995
[4212] [M]: 0x00000000800041BC (0x19950513) addi a0, a0, 409
x10 <- 0x0019999999999999
mem[X,0x00000000800041C0] -> 0x1513
mem[X,0x00000000800041C2] -> 0x00A5
[4213] [M]: 0x00000000800041C0 (0x00A51513) slli a0, a0, 10
x10 <- 0x6666666666666400
mem[X,0x00000000800041C4] -> 0x0513
mem[X,0x00000000800041C6] -> 0x2655
[4214] [M]: 0x00000000800041C4 (0x26550513) addi a0, a0, 613
x10 <- 0x6666666666666665
mem[X,0x00000000800041C8] -> 0x0593
mem[X,0x00000000800041CA] -> 0x0035
[4215] [M]: 0x00000000800041C8 (0x00350593) addi a1, a0, 3
x11 <- 0x6666666666666668
mem[X,0x00000000800041CC] -> 0x3023
mem[X,0x00000000800041CE] -> 0x0CB1
[4216] [M]: 0x00000000800041CC (0x0CB13023) sd a1, 192(sp)
mem[0x0000000080008290] <- 0x6666666666666668
mem[X,0x00000000800041D0] -> 0x6537
mem[X,0x00000000800041D2] -> 0x6666
[4217] [M]: 0x00000000800041D0 (0x66666537) lui a0, 419430
x10 <- 0x0000000066666000
mem[X,0x00000000800041D4] -> 0x0513
mem[X,0x00000000800041D6] -> 0x6665
[4218] [M]: 0x00000000800041D4 (0x66650513) addi a0, a0, 1638
x10 <- 0x0000000066666666
mem[X,0x00000000800041D8] -> 0x1513
mem[X,0x00000000800041DA] -> 0x00B5
[4219] [M]: 0x00000000800041D8 (0x00B51513) slli a0, a0, 11
x10 <- 0x0000033333333000
mem[X,0x00000000800041DC] -> 0x0513
mem[X,0x00000000800041DE] -> 0x3335
[4220] [M]: 0x00000000800041DC (0x33350513) addi a0, a0, 819
x10 <- 0x0000033333333333
mem[X,0x00000000800041E0] -> 0x1513
mem[X,0x00000000800041E2] -> 0x00B5
[4221] [M]: 0x00000000800041E0 (0x00B51513) slli a0, a0, 11
x10 <- 0x0019999999999800
mem[X,0x00000000800041E4] -> 0x0513
mem[X,0x00000000800041E6] -> 0x1995
[4222] [M]: 0x00000000800041E4 (0x19950513) addi a0, a0, 409
x10 <- 0x0019999999999999
mem[X,0x00000000800041E8] -> 0x1513
mem[X,0x00000000800041EA] -> 0x00A5
[4223] [M]: 0x00000000800041E8 (0x00A51513) slli a0, a0, 10
x10 <- 0x6666666666666400
mem[X,0x00000000800041EC] -> 0x0513
mem[X,0x00000000800041EE] -> 0x2655
[4224] [M]: 0x00000000800041EC (0x26550513) addi a0, a0, 613
x10 <- 0x6666666666666665
mem[X,0x00000000800041F0] -> 0x0593
mem[X,0x00000000800041F2] -> 0x5555
[4225] [M]: 0x00000000800041F0 (0x55550593) addi a1, a0, 1365
x11 <- 0x6666666666666BBA
mem[X,0x00000000800041F4] -> 0x3423
mem[X,0x00000000800041F6] -> 0x0CB1
[4226] [M]: 0x00000000800041F4 (0x0CB13423) sd a1, 200(sp)
mem[0x0000000080008298] <- 0x6666666666666BBA
mem[X,0x00000000800041F8] -> 0x6537
mem[X,0x00000000800041FA] -> 0x6666
[4227] [M]: 0x00000000800041F8 (0x66666537) lui a0, 419430
x10 <- 0x0000000066666000
mem[X,0x00000000800041FC] -> 0x0513
mem[X,0x00000000800041FE] -> 0x6665
[4228] [M]: 0x00000000800041FC (0x66650513) addi a0, a0, 1638
x10 <- 0x0000000066666666
mem[X,0x0000000080004200] -> 0x1513
mem[X,0x0000000080004202] -> 0x00B5
[4229] [M]: 0x0000000080004200 (0x00B51513) slli a0, a0, 11
x10 <- 0x0000033333333000
mem[X,0x0000000080004204] -> 0x0513
mem[X,0x0000000080004206] -> 0x3335
[4230] [M]: 0x0000000080004204 (0x33350513) addi a0, a0, 819
x10 <- 0x0000033333333333
mem[X,0x0000000080004208] -> 0x1513
mem[X,0x000000008000420A] -> 0x00B5
[4231] [M]: 0x0000000080004208 (0x00B51513) slli a0, a0, 11
x10 <- 0x0019999999999800
mem[X,0x000000008000420C] -> 0x0513
mem[X,0x000000008000420E] -> 0x1995
[4232] [M]: 0x000000008000420C (0x19950513) addi a0, a0, 409
x10 <- 0x0019999999999999
mem[X,0x0000000080004210] -> 0x1513
mem[X,0x0000000080004212] -> 0x00A5
[4233] [M]: 0x0000000080004210 (0x00A51513) slli a0, a0, 10
x10 <- 0x6666666666666400
mem[X,0x0000000080004214] -> 0x0513
mem[X,0x0000000080004216] -> 0x2655
[4234] [M]: 0x0000000080004214 (0x26550513) addi a0, a0, 613
x10 <- 0x6666666666666665
mem[X,0x0000000080004218] -> 0x0593
mem[X,0x000000008000421A] -> 0xAAA5
[4235] [M]: 0x0000000080004218 (0xAAA50593) addi a1, a0, 2730
x11 <- 0x666666666666610F
mem[X,0x000000008000421C] -> 0x3823
mem[X,0x000000008000421E] -> 0x0CB1
[4236] [M]: 0x000000008000421C (0x0CB13823) sd a1, 208(sp)
mem[0x00000000800082A0] <- 0x666666666666610F
mem[X,0x0000000080004220] -> 0x6537
mem[X,0x0000000080004222] -> 0x6666
[4237] [M]: 0x0000000080004220 (0x66666537) lui a0, 419430
x10 <- 0x0000000066666000
mem[X,0x0000000080004224] -> 0x0513
mem[X,0x0000000080004226] -> 0x6665
[4238] [M]: 0x0000000080004224 (0x66650513) addi a0, a0, 1638
x10 <- 0x0000000066666666
mem[X,0x0000000080004228] -> 0x1513
mem[X,0x000000008000422A] -> 0x00B5
[4239] [M]: 0x0000000080004228 (0x00B51513) slli a0, a0, 11
x10 <- 0x0000033333333000
mem[X,0x000000008000422C] -> 0x0513
mem[X,0x000000008000422E] -> 0x3335
[4240] [M]: 0x000000008000422C (0x33350513) addi a0, a0, 819
x10 <- 0x0000033333333333
mem[X,0x0000000080004230] -> 0x1513
mem[X,0x0000000080004232] -> 0x00B5
[4241] [M]: 0x0000000080004230 (0x00B51513) slli a0, a0, 11
x10 <- 0x0019999999999800
mem[X,0x0000000080004234] -> 0x0513
mem[X,0x0000000080004236] -> 0x1995
[4242] [M]: 0x0000000080004234 (0x19950513) addi a0, a0, 409
x10 <- 0x0019999999999999
mem[X,0x0000000080004238] -> 0x1513
mem[X,0x000000008000423A] -> 0x00A5
[4243] [M]: 0x0000000080004238 (0x00A51513) slli a0, a0, 10
x10 <- 0x6666666666666400
mem[X,0x000000008000423C] -> 0x0513
mem[X,0x000000008000423E] -> 0x2655
[4244] [M]: 0x000000008000423C (0x26550513) addi a0, a0, 613
x10 <- 0x6666666666666665
mem[X,0x0000000080004240] -> 0x0593
mem[X,0x0000000080004242] -> 0x0055
[4245] [M]: 0x0000000080004240 (0x00550593) addi a1, a0, 5
x11 <- 0x666666666666666A
mem[X,0x0000000080004244] -> 0x3C23
mem[X,0x0000000080004246] -> 0x0CB1
[4246] [M]: 0x0000000080004244 (0x0CB13C23) sd a1, 216(sp)
mem[0x00000000800082A8] <- 0x666666666666666A
mem[X,0x0000000080004248] -> 0x6537
mem[X,0x000000008000424A] -> 0x6666
[4247] [M]: 0x0000000080004248 (0x66666537) lui a0, 419430
x10 <- 0x0000000066666000
mem[X,0x000000008000424C] -> 0x0513
mem[X,0x000000008000424E] -> 0x6665
[4248] [M]: 0x000000008000424C (0x66650513) addi a0, a0, 1638
x10 <- 0x0000000066666666
mem[X,0x0000000080004250] -> 0x1513
mem[X,0x0000000080004252] -> 0x00B5
[4249] [M]: 0x0000000080004250 (0x00B51513) slli a0, a0, 11
x10 <- 0x0000033333333000
mem[X,0x0000000080004254] -> 0x0513
mem[X,0x0000000080004256] -> 0x3335
[4250] [M]: 0x0000000080004254 (0x33350513) addi a0, a0, 819
x10 <- 0x0000033333333333
mem[X,0x0000000080004258] -> 0x1513
mem[X,0x000000008000425A] -> 0x00B5
[4251] [M]: 0x0000000080004258 (0x00B51513) slli a0, a0, 11
x10 <- 0x0019999999999800
mem[X,0x000000008000425C] -> 0x0513
mem[X,0x000000008000425E] -> 0x1995
[4252] [M]: 0x000000008000425C (0x19950513) addi a0, a0, 409
x10 <- 0x0019999999999999
mem[X,0x0000000080004260] -> 0x1513
mem[X,0x0000000080004262] -> 0x00A5
[4253] [M]: 0x0000000080004260 (0x00A51513) slli a0, a0, 10
x10 <- 0x6666666666666400
mem[X,0x0000000080004264] -> 0x0513
mem[X,0x0000000080004266] -> 0x2655
[4254] [M]: 0x0000000080004264 (0x26550513) addi a0, a0, 613
x10 <- 0x6666666666666665
mem[X,0x0000000080004268] -> 0x0593
mem[X,0x000000008000426A] -> 0x3335
[4255] [M]: 0x0000000080004268 (0x33350593) addi a1, a0, 819
x11 <- 0x6666666666666998
mem[X,0x000000008000426C] -> 0x3023
mem[X,0x000000008000426E] -> 0x0EB1
[4256] [M]: 0x000000008000426C (0x0EB13023) sd a1, 224(sp)
mem[0x00000000800082B0] <- 0x6666666666666998
mem[X,0x0000000080004270] -> 0x6537
mem[X,0x0000000080004272] -> 0x6666
[4257] [M]: 0x0000000080004270 (0x66666537) lui a0, 419430
x10 <- 0x0000000066666000
mem[X,0x0000000080004274] -> 0x0513
mem[X,0x0000000080004276] -> 0x6665
[4258] [M]: 0x0000000080004274 (0x66650513) addi a0, a0, 1638
x10 <- 0x0000000066666666
mem[X,0x0000000080004278] -> 0x1513
mem[X,0x000000008000427A] -> 0x00B5
[4259] [M]: 0x0000000080004278 (0x00B51513) slli a0, a0, 11
x10 <- 0x0000033333333000
mem[X,0x000000008000427C] -> 0x0513
mem[X,0x000000008000427E] -> 0x3335
[4260] [M]: 0x000000008000427C (0x33350513) addi a0, a0, 819
x10 <- 0x0000033333333333
mem[X,0x0000000080004280] -> 0x1513
mem[X,0x0000000080004282] -> 0x00B5
[4261] [M]: 0x0000000080004280 (0x00B51513) slli a0, a0, 11
x10 <- 0x0019999999999800
mem[X,0x0000000080004284] -> 0x0513
mem[X,0x0000000080004286] -> 0x1995
[4262] [M]: 0x0000000080004284 (0x19950513) addi a0, a0, 409
x10 <- 0x0019999999999999
mem[X,0x0000000080004288] -> 0x1513
mem[X,0x000000008000428A] -> 0x00A5
[4263] [M]: 0x0000000080004288 (0x00A51513) slli a0, a0, 10
x10 <- 0x6666666666666400
mem[X,0x000000008000428C] -> 0x0513
mem[X,0x000000008000428E] -> 0x2655
[4264] [M]: 0x000000008000428C (0x26550513) addi a0, a0, 613
x10 <- 0x6666666666666665
mem[X,0x0000000080004290] -> 0x0593
mem[X,0x0000000080004292] -> 0x6665
[4265] [M]: 0x0000000080004290 (0x66650593) addi a1, a0, 1638
x11 <- 0x6666666666666CCB
mem[X,0x0000000080004294] -> 0x3423
mem[X,0x0000000080004296] -> 0x0EB1
[4266] [M]: 0x0000000080004294 (0x0EB13423) sd a1, 232(sp)
mem[0x00000000800082B8] <- 0x6666666666666CCB
mem[X,0x0000000080004298] -> 0x6537
mem[X,0x000000008000429A] -> 0x6666
[4267] [M]: 0x0000000080004298 (0x66666537) lui a0, 419430
x10 <- 0x0000000066666000
mem[X,0x000000008000429C] -> 0x0513
mem[X,0x000000008000429E] -> 0x6665
[4268] [M]: 0x000000008000429C (0x66650513) addi a0, a0, 1638
x10 <- 0x0000000066666666
mem[X,0x00000000800042A0] -> 0x1513
mem[X,0x00000000800042A2] -> 0x00B5
[4269] [M]: 0x00000000800042A0 (0x00B51513) slli a0, a0, 11
x10 <- 0x0000033333333000
mem[X,0x00000000800042A4] -> 0x0513
mem[X,0x00000000800042A6] -> 0x3335
[4270] [M]: 0x00000000800042A4 (0x33350513) addi a0, a0, 819
x10 <- 0x0000033333333333
mem[X,0x00000000800042A8] -> 0x1513
mem[X,0x00000000800042AA] -> 0x00B5
[4271] [M]: 0x00000000800042A8 (0x00B51513) slli a0, a0, 11
x10 <- 0x0019999999999800
mem[X,0x00000000800042AC] -> 0x0513
mem[X,0x00000000800042AE] -> 0x1995
[4272] [M]: 0x00000000800042AC (0x19950513) addi a0, a0, 409
x10 <- 0x0019999999999999
mem[X,0x00000000800042B0] -> 0x1513
mem[X,0x00000000800042B2] -> 0x00A5
[4273] [M]: 0x00000000800042B0 (0x00A51513) slli a0, a0, 10
x10 <- 0x6666666666666400
mem[X,0x00000000800042B4] -> 0x0513
mem[X,0x00000000800042B6] -> 0x2655
[4274] [M]: 0x00000000800042B4 (0x26550513) addi a0, a0, 613
x10 <- 0x6666666666666665
mem[X,0x00000000800042B8] -> 0x0593
mem[X,0x00000000800042BA] -> 0xFD35
[4275] [M]: 0x00000000800042B8 (0xFD350593) addi a1, a0, 4051
x11 <- 0x6666666666666638
mem[X,0x00000000800042BC] -> 0x3823
mem[X,0x00000000800042BE] -> 0x0EB1
[4276] [M]: 0x00000000800042BC (0x0EB13823) sd a1, 240(sp)
mem[0x00000000800082C0] <- 0x6666666666666638
mem[X,0x00000000800042C0] -> 0x6537
mem[X,0x00000000800042C2] -> 0x6666
[4277] [M]: 0x00000000800042C0 (0x66666537) lui a0, 419430
x10 <- 0x0000000066666000
mem[X,0x00000000800042C4] -> 0x0513
mem[X,0x00000000800042C6] -> 0x6665
[4278] [M]: 0x00000000800042C4 (0x66650513) addi a0, a0, 1638
x10 <- 0x0000000066666666
mem[X,0x00000000800042C8] -> 0x1513
mem[X,0x00000000800042CA] -> 0x00B5
[4279] [M]: 0x00000000800042C8 (0x00B51513) slli a0, a0, 11
x10 <- 0x0000033333333000
mem[X,0x00000000800042CC] -> 0x0513
mem[X,0x00000000800042CE] -> 0x3335
[4280] [M]: 0x00000000800042CC (0x33350513) addi a0, a0, 819
x10 <- 0x0000033333333333
mem[X,0x00000000800042D0] -> 0x1513
mem[X,0x00000000800042D2] -> 0x00B5
[4281] [M]: 0x00000000800042D0 (0x00B51513) slli a0, a0, 11
x10 <- 0x0019999999999800
mem[X,0x00000000800042D4] -> 0x0513
mem[X,0x00000000800042D6] -> 0x1995
[4282] [M]: 0x00000000800042D4 (0x19950513) addi a0, a0, 409
x10 <- 0x0019999999999999
mem[X,0x00000000800042D8] -> 0x1513
mem[X,0x00000000800042DA] -> 0x00A5
[4283] [M]: 0x00000000800042D8 (0x00A51513) slli a0, a0, 10
x10 <- 0x6666666666666400
mem[X,0x00000000800042DC] -> 0x0513
mem[X,0x00000000800042DE] -> 0x2655
[4284] [M]: 0x00000000800042DC (0x26550513) addi a0, a0, 613
x10 <- 0x6666666666666665
mem[X,0x00000000800042E0] -> 0x0593
mem[X,0x00000000800042E2] -> 0x02D5
[4285] [M]: 0x00000000800042E0 (0x02D50593) addi a1, a0, 45
x11 <- 0x6666666666666692
mem[X,0x00000000800042E4] -> 0x3C23
mem[X,0x00000000800042E6] -> 0x0EB1
[4286] [M]: 0x00000000800042E4 (0x0EB13C23) sd a1, 248(sp)
mem[0x00000000800082C8] <- 0x6666666666666692
mem[X,0x00000000800042E8] -> 0x6537
mem[X,0x00000000800042EA] -> 0x6666
[4287] [M]: 0x00000000800042E8 (0x66666537) lui a0, 419430
x10 <- 0x0000000066666000
mem[X,0x00000000800042EC] -> 0x0513
mem[X,0x00000000800042EE] -> 0x6665
[4288] [M]: 0x00000000800042EC (0x66650513) addi a0, a0, 1638
x10 <- 0x0000000066666666
mem[X,0x00000000800042F0] -> 0x1513
mem[X,0x00000000800042F2] -> 0x00B5
[4289] [M]: 0x00000000800042F0 (0x00B51513) slli a0, a0, 11
x10 <- 0x0000033333333000
mem[X,0x00000000800042F4] -> 0x0513
mem[X,0x00000000800042F6] -> 0x3335
[4290] [M]: 0x00000000800042F4 (0x33350513) addi a0, a0, 819
x10 <- 0x0000033333333333
mem[X,0x00000000800042F8] -> 0x1513
mem[X,0x00000000800042FA] -> 0x00B5
[4291] [M]: 0x00000000800042F8 (0x00B51513) slli a0, a0, 11
x10 <- 0x0019999999999800
mem[X,0x00000000800042FC] -> 0x0513
mem[X,0x00000000800042FE] -> 0x1995
[4292] [M]: 0x00000000800042FC (0x19950513) addi a0, a0, 409
x10 <- 0x0019999999999999
mem[X,0x0000000080004300] -> 0x1513
mem[X,0x0000000080004302] -> 0x00A5
[4293] [M]: 0x0000000080004300 (0x00A51513) slli a0, a0, 10
x10 <- 0x6666666666666400
mem[X,0x0000000080004304] -> 0x0513
mem[X,0x0000000080004306] -> 0x2655
[4294] [M]: 0x0000000080004304 (0x26550513) addi a0, a0, 613
x10 <- 0x6666666666666665
mem[X,0x0000000080004308] -> 0x0593
mem[X,0x000000008000430A] -> 0x0025
[4295] [M]: 0x0000000080004308 (0x00250593) addi a1, a0, 2
x11 <- 0x6666666666666667
mem[X,0x000000008000430C] -> 0x3023
mem[X,0x000000008000430E] -> 0x10B1
[4296] [M]: 0x000000008000430C (0x10B13023) sd a1, 256(sp)
mem[0x00000000800082D0] <- 0x6666666666666667
mem[X,0x0000000080004310] -> 0x6537
mem[X,0x0000000080004312] -> 0x6666
[4297] [M]: 0x0000000080004310 (0x66666537) lui a0, 419430
x10 <- 0x0000000066666000
mem[X,0x0000000080004314] -> 0x0513
mem[X,0x0000000080004316] -> 0x6665
[4298] [M]: 0x0000000080004314 (0x66650513) addi a0, a0, 1638
x10 <- 0x0000000066666666
mem[X,0x0000000080004318] -> 0x1513
mem[X,0x000000008000431A] -> 0x00B5
[4299] [M]: 0x0000000080004318 (0x00B51513) slli a0, a0, 11
x10 <- 0x0000033333333000
clint::tick mtime <- 0x000000000000002B
 clint timer pending at mtime 0x000000000000002B
htif::tick 0x0000000000000000
mem[X,0x000000008000431C] -> 0x0513
mem[X,0x000000008000431E] -> 0x3335
[4300] [M]: 0x000000008000431C (0x33350513) addi a0, a0, 819
x10 <- 0x0000033333333333
mem[X,0x0000000080004320] -> 0x1513
mem[X,0x0000000080004322] -> 0x00B5
[4301] [M]: 0x0000000080004320 (0x00B51513) slli a0, a0, 11
x10 <- 0x0019999999999800
mem[X,0x0000000080004324] -> 0x0513
mem[X,0x0000000080004326] -> 0x1995
[4302] [M]: 0x0000000080004324 (0x19950513) addi a0, a0, 409
x10 <- 0x0019999999999999
mem[X,0x0000000080004328] -> 0x1513
mem[X,0x000000008000432A] -> 0x00A5
[4303] [M]: 0x0000000080004328 (0x00A51513) slli a0, a0, 10
x10 <- 0x6666666666666400
mem[X,0x000000008000432C] -> 0x0513
mem[X,0x000000008000432E] -> 0x2655
[4304] [M]: 0x000000008000432C (0x26550513) addi a0, a0, 613
x10 <- 0x6666666666666665
mem[X,0x0000000080004330] -> 0x0593
mem[X,0x0000000080004332] -> 0x5545
[4305] [M]: 0x0000000080004330 (0x55450593) addi a1, a0, 1364
x11 <- 0x6666666666666BB9
mem[X,0x0000000080004334] -> 0x3423
mem[X,0x0000000080004336] -> 0x10B1
[4306] [M]: 0x0000000080004334 (0x10B13423) sd a1, 264(sp)
mem[0x00000000800082D8] <- 0x6666666666666BB9
mem[X,0x0000000080004338] -> 0x6537
mem[X,0x000000008000433A] -> 0x6666
[4307] [M]: 0x0000000080004338 (0x66666537) lui a0, 419430
x10 <- 0x0000000066666000
mem[X,0x000000008000433C] -> 0x0513
mem[X,0x000000008000433E] -> 0x6665
[4308] [M]: 0x000000008000433C (0x66650513) addi a0, a0, 1638
x10 <- 0x0000000066666666
mem[X,0x0000000080004340] -> 0x1513
mem[X,0x0000000080004342] -> 0x00B5
[4309] [M]: 0x0000000080004340 (0x00B51513) slli a0, a0, 11
x10 <- 0x0000033333333000
mem[X,0x0000000080004344] -> 0x0513
mem[X,0x0000000080004346] -> 0x3335
[4310] [M]: 0x0000000080004344 (0x33350513) addi a0, a0, 819
x10 <- 0x0000033333333333
mem[X,0x0000000080004348] -> 0x1513
mem[X,0x000000008000434A] -> 0x00B5
[4311] [M]: 0x0000000080004348 (0x00B51513) slli a0, a0, 11
x10 <- 0x0019999999999800
mem[X,0x000000008000434C] -> 0x0513
mem[X,0x000000008000434E] -> 0x1995
[4312] [M]: 0x000000008000434C (0x19950513) addi a0, a0, 409
x10 <- 0x0019999999999999
mem[X,0x0000000080004350] -> 0x1513
mem[X,0x0000000080004352] -> 0x00A5
[4313] [M]: 0x0000000080004350 (0x00A51513) slli a0, a0, 10
x10 <- 0x6666666666666400
mem[X,0x0000000080004354] -> 0x0513
mem[X,0x0000000080004356] -> 0x2655
[4314] [M]: 0x0000000080004354 (0x26550513) addi a0, a0, 613
x10 <- 0x6666666666666665
mem[X,0x0000000080004358] -> 0x0593
mem[X,0x000000008000435A] -> 0x0005
[4315] [M]: 0x0000000080004358 (0x00050593) addi a1, a0, 0
x11 <- 0x6666666666666665
mem[X,0x000000008000435C] -> 0x3823
mem[X,0x000000008000435E] -> 0x10B1
[4316] [M]: 0x000000008000435C (0x10B13823) sd a1, 272(sp)
mem[0x00000000800082E0] <- 0x6666666666666665
mem[X,0x0000000080004360] -> 0x6537
mem[X,0x0000000080004362] -> 0x6666
[4317] [M]: 0x0000000080004360 (0x66666537) lui a0, 419430
x10 <- 0x0000000066666000
mem[X,0x0000000080004364] -> 0x0513
mem[X,0x0000000080004366] -> 0x6665
[4318] [M]: 0x0000000080004364 (0x66650513) addi a0, a0, 1638
x10 <- 0x0000000066666666
mem[X,0x0000000080004368] -> 0x1513
mem[X,0x000000008000436A] -> 0x00B5
[4319] [M]: 0x0000000080004368 (0x00B51513) slli a0, a0, 11
x10 <- 0x0000033333333000
mem[X,0x000000008000436C] -> 0x0513
mem[X,0x000000008000436E] -> 0x3335
[4320] [M]: 0x000000008000436C (0x33350513) addi a0, a0, 819
x10 <- 0x0000033333333333
mem[X,0x0000000080004370] -> 0x1513
mem[X,0x0000000080004372] -> 0x00B5
[4321] [M]: 0x0000000080004370 (0x00B51513) slli a0, a0, 11
x10 <- 0x0019999999999800
mem[X,0x0000000080004374] -> 0x0513
mem[X,0x0000000080004376] -> 0x1995
[4322] [M]: 0x0000000080004374 (0x19950513) addi a0, a0, 409
x10 <- 0x0019999999999999
mem[X,0x0000000080004378] -> 0x1513
mem[X,0x000000008000437A] -> 0x00A5
[4323] [M]: 0x0000000080004378 (0x00A51513) slli a0, a0, 10
x10 <- 0x6666666666666400
mem[X,0x000000008000437C] -> 0x0513
mem[X,0x000000008000437E] -> 0x2655
[4324] [M]: 0x000000008000437C (0x26550513) addi a0, a0, 613
x10 <- 0x6666666666666665
mem[X,0x0000000080004380] -> 0x0593
mem[X,0x0000000080004382] -> 0x0045
[4325] [M]: 0x0000000080004380 (0x00450593) addi a1, a0, 4
x11 <- 0x6666666666666669
mem[X,0x0000000080004384] -> 0x3C23
mem[X,0x0000000080004386] -> 0x10B1
[4326] [M]: 0x0000000080004384 (0x10B13C23) sd a1, 280(sp)
mem[0x00000000800082E8] <- 0x6666666666666669
mem[X,0x0000000080004388] -> 0x6537
mem[X,0x000000008000438A] -> 0x6666
[4327] [M]: 0x0000000080004388 (0x66666537) lui a0, 419430
x10 <- 0x0000000066666000
mem[X,0x000000008000438C] -> 0x0513
mem[X,0x000000008000438E] -> 0x6665
[4328] [M]: 0x000000008000438C (0x66650513) addi a0, a0, 1638
x10 <- 0x0000000066666666
mem[X,0x0000000080004390] -> 0x1513
mem[X,0x0000000080004392] -> 0x00B5
[4329] [M]: 0x0000000080004390 (0x00B51513) slli a0, a0, 11
x10 <- 0x0000033333333000
mem[X,0x0000000080004394] -> 0x0513
mem[X,0x0000000080004396] -> 0x3335
[4330] [M]: 0x0000000080004394 (0x33350513) addi a0, a0, 819
x10 <- 0x0000033333333333
mem[X,0x0000000080004398] -> 0x1513
mem[X,0x000000008000439A] -> 0x00B5
[4331] [M]: 0x0000000080004398 (0x00B51513) slli a0, a0, 11
x10 <- 0x0019999999999800
mem[X,0x000000008000439C] -> 0x0513
mem[X,0x000000008000439E] -> 0x1995
[4332] [M]: 0x000000008000439C (0x19950513) addi a0, a0, 409
x10 <- 0x0019999999999999
mem[X,0x00000000800043A0] -> 0x1513
mem[X,0x00000000800043A2] -> 0x00A5
[4333] [M]: 0x00000000800043A0 (0x00A51513) slli a0, a0, 10
x10 <- 0x6666666666666400
mem[X,0x00000000800043A4] -> 0x0513
mem[X,0x00000000800043A6] -> 0x2655
[4334] [M]: 0x00000000800043A4 (0x26550513) addi a0, a0, 613
x10 <- 0x6666666666666665
mem[X,0x00000000800043A8] -> 0x0593
mem[X,0x00000000800043AA] -> 0x3325
[4335] [M]: 0x00000000800043A8 (0x33250593) addi a1, a0, 818
x11 <- 0x6666666666666997
mem[X,0x00000000800043AC] -> 0x3023
mem[X,0x00000000800043AE] -> 0x12B1
[4336] [M]: 0x00000000800043AC (0x12B13023) sd a1, 288(sp)
mem[0x00000000800082F0] <- 0x6666666666666997
mem[X,0x00000000800043B0] -> 0x6537
mem[X,0x00000000800043B2] -> 0x6666
[4337] [M]: 0x00000000800043B0 (0x66666537) lui a0, 419430
x10 <- 0x0000000066666000
mem[X,0x00000000800043B4] -> 0x0513
mem[X,0x00000000800043B6] -> 0x6665
[4338] [M]: 0x00000000800043B4 (0x66650513) addi a0, a0, 1638
x10 <- 0x0000000066666666
mem[X,0x00000000800043B8] -> 0x1513
mem[X,0x00000000800043BA] -> 0x00B5
[4339] [M]: 0x00000000800043B8 (0x00B51513) slli a0, a0, 11
x10 <- 0x0000033333333000
mem[X,0x00000000800043BC] -> 0x0513
mem[X,0x00000000800043BE] -> 0x3335
[4340] [M]: 0x00000000800043BC (0x33350513) addi a0, a0, 819
x10 <- 0x0000033333333333
mem[X,0x00000000800043C0] -> 0x1513
mem[X,0x00000000800043C2] -> 0x00B5
[4341] [M]: 0x00000000800043C0 (0x00B51513) slli a0, a0, 11
x10 <- 0x0019999999999800
mem[X,0x00000000800043C4] -> 0x0513
mem[X,0x00000000800043C6] -> 0x1995
[4342] [M]: 0x00000000800043C4 (0x19950513) addi a0, a0, 409
x10 <- 0x0019999999999999
mem[X,0x00000000800043C8] -> 0x1513
mem[X,0x00000000800043CA] -> 0x00A5
[4343] [M]: 0x00000000800043C8 (0x00A51513) slli a0, a0, 10
x10 <- 0x6666666666666400
mem[X,0x00000000800043CC] -> 0x0513
mem[X,0x00000000800043CE] -> 0x2655
[4344] [M]: 0x00000000800043CC (0x26550513) addi a0, a0, 613
x10 <- 0x6666666666666665
mem[X,0x00000000800043D0] -> 0x0593
mem[X,0x00000000800043D2] -> 0x6655
[4345] [M]: 0x00000000800043D0 (0x66550593) addi a1, a0, 1637
x11 <- 0x6666666666666CCA
mem[X,0x00000000800043D4] -> 0x3423
mem[X,0x00000000800043D6] -> 0x12B1
[4346] [M]: 0x00000000800043D4 (0x12B13423) sd a1, 296(sp)
mem[0x00000000800082F8] <- 0x6666666666666CCA
mem[X,0x00000000800043D8] -> 0x6537
mem[X,0x00000000800043DA] -> 0x6666
[4347] [M]: 0x00000000800043D8 (0x66666537) lui a0, 419430
x10 <- 0x0000000066666000
mem[X,0x00000000800043DC] -> 0x0513
mem[X,0x00000000800043DE] -> 0x6665
[4348] [M]: 0x00000000800043DC (0x66650513) addi a0, a0, 1638
x10 <- 0x0000000066666666
mem[X,0x00000000800043E0] -> 0x1513
mem[X,0x00000000800043E2] -> 0x00B5
[4349] [M]: 0x00000000800043E0 (0x00B51513) slli a0, a0, 11
x10 <- 0x0000033333333000
mem[X,0x00000000800043E4] -> 0x0513
mem[X,0x00000000800043E6] -> 0x3335
[4350] [M]: 0x00000000800043E4 (0x33350513) addi a0, a0, 819
x10 <- 0x0000033333333333
mem[X,0x00000000800043E8] -> 0x1513
mem[X,0x00000000800043EA] -> 0x00B5
[4351] [M]: 0x00000000800043E8 (0x00B51513) slli a0, a0, 11
x10 <- 0x0019999999999800
mem[X,0x00000000800043EC] -> 0x0513
mem[X,0x00000000800043EE] -> 0x1995
[4352] [M]: 0x00000000800043EC (0x19950513) addi a0, a0, 409
x10 <- 0x0019999999999999
mem[X,0x00000000800043F0] -> 0x1513
mem[X,0x00000000800043F2] -> 0x00A5
[4353] [M]: 0x00000000800043F0 (0x00A51513) slli a0, a0, 10
x10 <- 0x6666666666666400
mem[X,0x00000000800043F4] -> 0x0513
mem[X,0x00000000800043F6] -> 0x2655
[4354] [M]: 0x00000000800043F4 (0x26550513) addi a0, a0, 613
x10 <- 0x6666666666666665
mem[X,0x00000000800043F8] -> 0x0593
mem[X,0x00000000800043FA] -> 0x02C5
[4355] [M]: 0x00000000800043F8 (0x02C50593) addi a1, a0, 44
x11 <- 0x6666666666666691
mem[X,0x00000000800043FC] -> 0x3823
mem[X,0x00000000800043FE] -> 0x12B1
[4356] [M]: 0x00000000800043FC (0x12B13823) sd a1, 304(sp)
mem[0x0000000080008300] <- 0x6666666666666691
mem[X,0x0000000080004400] -> 0x6537
mem[X,0x0000000080004402] -> 0x6666
[4357] [M]: 0x0000000080004400 (0x66666537) lui a0, 419430
x10 <- 0x0000000066666000
mem[X,0x0000000080004404] -> 0x0513
mem[X,0x0000000080004406] -> 0x6665
[4358] [M]: 0x0000000080004404 (0x66650513) addi a0, a0, 1638
x10 <- 0x0000000066666666
mem[X,0x0000000080004408] -> 0x1513
mem[X,0x000000008000440A] -> 0x00B5
[4359] [M]: 0x0000000080004408 (0x00B51513) slli a0, a0, 11
x10 <- 0x0000033333333000
mem[X,0x000000008000440C] -> 0x0513
mem[X,0x000000008000440E] -> 0x3335
[4360] [M]: 0x000000008000440C (0x33350513) addi a0, a0, 819
x10 <- 0x0000033333333333
mem[X,0x0000000080004410] -> 0x1513
mem[X,0x0000000080004412] -> 0x00B5
[4361] [M]: 0x0000000080004410 (0x00B51513) slli a0, a0, 11
x10 <- 0x0019999999999800
mem[X,0x0000000080004414] -> 0x0513
mem[X,0x0000000080004416] -> 0x1995
[4362] [M]: 0x0000000080004414 (0x19950513) addi a0, a0, 409
x10 <- 0x0019999999999999
mem[X,0x0000000080004418] -> 0x1513
mem[X,0x000000008000441A] -> 0x00A5
[4363] [M]: 0x0000000080004418 (0x00A51513) slli a0, a0, 10
x10 <- 0x6666666666666400
mem[X,0x000000008000441C] -> 0x0513
mem[X,0x000000008000441E] -> 0x2655
[4364] [M]: 0x000000008000441C (0x26550513) addi a0, a0, 613
x10 <- 0x6666666666666665
mem[X,0x0000000080004420] -> 0x0593
mem[X,0x0000000080004422] -> 0x5565
[4365] [M]: 0x0000000080004420 (0x55650593) addi a1, a0, 1366
x11 <- 0x6666666666666BBB
mem[X,0x0000000080004424] -> 0x3C23
mem[X,0x0000000080004426] -> 0x12B1
[4366] [M]: 0x0000000080004424 (0x12B13C23) sd a1, 312(sp)
mem[0x0000000080008308] <- 0x6666666666666BBB
mem[X,0x0000000080004428] -> 0x6537
mem[X,0x000000008000442A] -> 0x6666
[4367] [M]: 0x0000000080004428 (0x66666537) lui a0, 419430
x10 <- 0x0000000066666000
mem[X,0x000000008000442C] -> 0x0513
mem[X,0x000000008000442E] -> 0x6665
[4368] [M]: 0x000000008000442C (0x66650513) addi a0, a0, 1638
x10 <- 0x0000000066666666
mem[X,0x0000000080004430] -> 0x1513
mem[X,0x0000000080004432] -> 0x00B5
[4369] [M]: 0x0000000080004430 (0x00B51513) slli a0, a0, 11
x10 <- 0x0000033333333000
mem[X,0x0000000080004434] -> 0x0513
mem[X,0x0000000080004436] -> 0x3335
[4370] [M]: 0x0000000080004434 (0x33350513) addi a0, a0, 819
x10 <- 0x0000033333333333
mem[X,0x0000000080004438] -> 0x1513
mem[X,0x000000008000443A] -> 0x00B5
[4371] [M]: 0x0000000080004438 (0x00B51513) slli a0, a0, 11
x10 <- 0x0019999999999800
mem[X,0x000000008000443C] -> 0x0513
mem[X,0x000000008000443E] -> 0x1995
[4372] [M]: 0x000000008000443C (0x19950513) addi a0, a0, 409
x10 <- 0x0019999999999999
mem[X,0x0000000080004440] -> 0x1513
mem[X,0x0000000080004442] -> 0x00A5
[4373] [M]: 0x0000000080004440 (0x00A51513) slli a0, a0, 10
x10 <- 0x6666666666666400
mem[X,0x0000000080004444] -> 0x0513
mem[X,0x0000000080004446] -> 0x2655
[4374] [M]: 0x0000000080004444 (0x26550513) addi a0, a0, 613
x10 <- 0x6666666666666665
mem[X,0x0000000080004448] -> 0x0593
mem[X,0x000000008000444A] -> 0xAAB5
[4375] [M]: 0x0000000080004448 (0xAAB50593) addi a1, a0, 2731
x11 <- 0x6666666666666110
mem[X,0x000000008000444C] -> 0x3023
mem[X,0x000000008000444E] -> 0x14B1
[4376] [M]: 0x000000008000444C (0x14B13023) sd a1, 320(sp)
mem[0x0000000080008310] <- 0x6666666666666110
mem[X,0x0000000080004450] -> 0x6537
mem[X,0x0000000080004452] -> 0x6666
[4377] [M]: 0x0000000080004450 (0x66666537) lui a0, 419430
x10 <- 0x0000000066666000
mem[X,0x0000000080004454] -> 0x0513
mem[X,0x0000000080004456] -> 0x6665
[4378] [M]: 0x0000000080004454 (0x66650513) addi a0, a0, 1638
x10 <- 0x0000000066666666
mem[X,0x0000000080004458] -> 0x1513
mem[X,0x000000008000445A] -> 0x00B5
[4379] [M]: 0x0000000080004458 (0x00B51513) slli a0, a0, 11
x10 <- 0x0000033333333000
mem[X,0x000000008000445C] -> 0x0513
mem[X,0x000000008000445E] -> 0x3335
[4380] [M]: 0x000000008000445C (0x33350513) addi a0, a0, 819
x10 <- 0x0000033333333333
mem[X,0x0000000080004460] -> 0x1513
mem[X,0x0000000080004462] -> 0x00B5
[4381] [M]: 0x0000000080004460 (0x00B51513) slli a0, a0, 11
x10 <- 0x0019999999999800
mem[X,0x0000000080004464] -> 0x0513
mem[X,0x0000000080004466] -> 0x1995
[4382] [M]: 0x0000000080004464 (0x19950513) addi a0, a0, 409
x10 <- 0x0019999999999999
mem[X,0x0000000080004468] -> 0x1513
mem[X,0x000000008000446A] -> 0x00A5
[4383] [M]: 0x0000000080004468 (0x00A51513) slli a0, a0, 10
x10 <- 0x6666666666666400
mem[X,0x000000008000446C] -> 0x0513
mem[X,0x000000008000446E] -> 0x2655
[4384] [M]: 0x000000008000446C (0x26550513) addi a0, a0, 613
x10 <- 0x6666666666666665
mem[X,0x0000000080004470] -> 0x0593
mem[X,0x0000000080004472] -> 0x0065
[4385] [M]: 0x0000000080004470 (0x00650593) addi a1, a0, 6
x11 <- 0x666666666666666B
mem[X,0x0000000080004474] -> 0x3423
mem[X,0x0000000080004476] -> 0x14B1
[4386] [M]: 0x0000000080004474 (0x14B13423) sd a1, 328(sp)
mem[0x0000000080008318] <- 0x666666666666666B
mem[X,0x0000000080004478] -> 0x6537
mem[X,0x000000008000447A] -> 0x6666
[4387] [M]: 0x0000000080004478 (0x66666537) lui a0, 419430
x10 <- 0x0000000066666000
mem[X,0x000000008000447C] -> 0x0513
mem[X,0x000000008000447E] -> 0x6665
[4388] [M]: 0x000000008000447C (0x66650513) addi a0, a0, 1638
x10 <- 0x0000000066666666
mem[X,0x0000000080004480] -> 0x1513
mem[X,0x0000000080004482] -> 0x00B5
[4389] [M]: 0x0000000080004480 (0x00B51513) slli a0, a0, 11
x10 <- 0x0000033333333000
mem[X,0x0000000080004484] -> 0x0513
mem[X,0x0000000080004486] -> 0x3335
[4390] [M]: 0x0000000080004484 (0x33350513) addi a0, a0, 819
x10 <- 0x0000033333333333
mem[X,0x0000000080004488] -> 0x1513
mem[X,0x000000008000448A] -> 0x00B5
[4391] [M]: 0x0000000080004488 (0x00B51513) slli a0, a0, 11
x10 <- 0x0019999999999800
mem[X,0x000000008000448C] -> 0x0513
mem[X,0x000000008000448E] -> 0x1995
[4392] [M]: 0x000000008000448C (0x19950513) addi a0, a0, 409
x10 <- 0x0019999999999999
mem[X,0x0000000080004490] -> 0x1513
mem[X,0x0000000080004492] -> 0x00A5
[4393] [M]: 0x0000000080004490 (0x00A51513) slli a0, a0, 10
x10 <- 0x6666666666666400
mem[X,0x0000000080004494] -> 0x0513
mem[X,0x0000000080004496] -> 0x2655
[4394] [M]: 0x0000000080004494 (0x26550513) addi a0, a0, 613
x10 <- 0x6666666666666665
mem[X,0x0000000080004498] -> 0x0593
mem[X,0x000000008000449A] -> 0x3345
[4395] [M]: 0x0000000080004498 (0x33450593) addi a1, a0, 820
x11 <- 0x6666666666666999
mem[X,0x000000008000449C] -> 0x3823
mem[X,0x000000008000449E] -> 0x14B1
[4396] [M]: 0x000000008000449C (0x14B13823) sd a1, 336(sp)
mem[0x0000000080008320] <- 0x6666666666666999
mem[X,0x00000000800044A0] -> 0x6537
mem[X,0x00000000800044A2] -> 0x6666
[4397] [M]: 0x00000000800044A0 (0x66666537) lui a0, 419430
x10 <- 0x0000000066666000
mem[X,0x00000000800044A4] -> 0x0513
mem[X,0x00000000800044A6] -> 0x6665
[4398] [M]: 0x00000000800044A4 (0x66650513) addi a0, a0, 1638
x10 <- 0x0000000066666666
mem[X,0x00000000800044A8] -> 0x1513
mem[X,0x00000000800044AA] -> 0x00B5
[4399] [M]: 0x00000000800044A8 (0x00B51513) slli a0, a0, 11
x10 <- 0x0000033333333000
clint::tick mtime <- 0x000000000000002C
 clint timer pending at mtime 0x000000000000002C
htif::tick 0x0000000000000000
mem[X,0x00000000800044AC] -> 0x0513
mem[X,0x00000000800044AE] -> 0x3335
[4400] [M]: 0x00000000800044AC (0x33350513) addi a0, a0, 819
x10 <- 0x0000033333333333
mem[X,0x00000000800044B0] -> 0x1513
mem[X,0x00000000800044B2] -> 0x00B5
[4401] [M]: 0x00000000800044B0 (0x00B51513) slli a0, a0, 11
x10 <- 0x0019999999999800
mem[X,0x00000000800044B4] -> 0x0513
mem[X,0x00000000800044B6] -> 0x1995
[4402] [M]: 0x00000000800044B4 (0x19950513) addi a0, a0, 409
x10 <- 0x0019999999999999
mem[X,0x00000000800044B8] -> 0x1513
mem[X,0x00000000800044BA] -> 0x00A5
[4403] [M]: 0x00000000800044B8 (0x00A51513) slli a0, a0, 10
x10 <- 0x6666666666666400
mem[X,0x00000000800044BC] -> 0x0513
mem[X,0x00000000800044BE] -> 0x2655
[4404] [M]: 0x00000000800044BC (0x26550513) addi a0, a0, 613
x10 <- 0x6666666666666665
mem[X,0x00000000800044C0] -> 0x0593
mem[X,0x00000000800044C2] -> 0x6675
[4405] [M]: 0x00000000800044C0 (0x66750593) addi a1, a0, 1639
x11 <- 0x6666666666666CCC
mem[X,0x00000000800044C4] -> 0x3C23
mem[X,0x00000000800044C6] -> 0x14B1
[4406] [M]: 0x00000000800044C4 (0x14B13C23) sd a1, 344(sp)
mem[0x0000000080008328] <- 0x6666666666666CCC
mem[X,0x00000000800044C8] -> 0x6537
mem[X,0x00000000800044CA] -> 0x6666
[4407] [M]: 0x00000000800044C8 (0x66666537) lui a0, 419430
x10 <- 0x0000000066666000
mem[X,0x00000000800044CC] -> 0x0513
mem[X,0x00000000800044CE] -> 0x6665
[4408] [M]: 0x00000000800044CC (0x66650513) addi a0, a0, 1638
x10 <- 0x0000000066666666
mem[X,0x00000000800044D0] -> 0x1513
mem[X,0x00000000800044D2] -> 0x00B5
[4409] [M]: 0x00000000800044D0 (0x00B51513) slli a0, a0, 11
x10 <- 0x0000033333333000
mem[X,0x00000000800044D4] -> 0x0513
mem[X,0x00000000800044D6] -> 0x3335
[4410] [M]: 0x00000000800044D4 (0x33350513) addi a0, a0, 819
x10 <- 0x0000033333333333
mem[X,0x00000000800044D8] -> 0x1513
mem[X,0x00000000800044DA] -> 0x00B5
[4411] [M]: 0x00000000800044D8 (0x00B51513) slli a0, a0, 11
x10 <- 0x0019999999999800
mem[X,0x00000000800044DC] -> 0x0513
mem[X,0x00000000800044DE] -> 0x1995
[4412] [M]: 0x00000000800044DC (0x19950513) addi a0, a0, 409
x10 <- 0x0019999999999999
mem[X,0x00000000800044E0] -> 0x1513
mem[X,0x00000000800044E2] -> 0x00A5
[4413] [M]: 0x00000000800044E0 (0x00A51513) slli a0, a0, 10
x10 <- 0x6666666666666400
mem[X,0x00000000800044E4] -> 0x0513
mem[X,0x00000000800044E6] -> 0x2655
[4414] [M]: 0x00000000800044E4 (0x26550513) addi a0, a0, 613
x10 <- 0x6666666666666665
mem[X,0x00000000800044E8] -> 0x0593
mem[X,0x00000000800044EA] -> 0xFD45
[4415] [M]: 0x00000000800044E8 (0xFD450593) addi a1, a0, 4052
x11 <- 0x6666666666666639
mem[X,0x00000000800044EC] -> 0x3023
mem[X,0x00000000800044EE] -> 0x16B1
[4416] [M]: 0x00000000800044EC (0x16B13023) sd a1, 352(sp)
mem[0x0000000080008330] <- 0x6666666666666639
mem[X,0x00000000800044F0] -> 0x6537
mem[X,0x00000000800044F2] -> 0x6666
[4417] [M]: 0x00000000800044F0 (0x66666537) lui a0, 419430
x10 <- 0x0000000066666000
mem[X,0x00000000800044F4] -> 0x0513
mem[X,0x00000000800044F6] -> 0x6665
[4418] [M]: 0x00000000800044F4 (0x66650513) addi a0, a0, 1638
x10 <- 0x0000000066666666
mem[X,0x00000000800044F8] -> 0x1513
mem[X,0x00000000800044FA] -> 0x00B5
[4419] [M]: 0x00000000800044F8 (0x00B51513) slli a0, a0, 11
x10 <- 0x0000033333333000
mem[X,0x00000000800044FC] -> 0x0513
mem[X,0x00000000800044FE] -> 0x3335
[4420] [M]: 0x00000000800044FC (0x33350513) addi a0, a0, 819
x10 <- 0x0000033333333333
mem[X,0x0000000080004500] -> 0x1513
mem[X,0x0000000080004502] -> 0x00B5
[4421] [M]: 0x0000000080004500 (0x00B51513) slli a0, a0, 11
x10 <- 0x0019999999999800
mem[X,0x0000000080004504] -> 0x0513
mem[X,0x0000000080004506] -> 0x1995
[4422] [M]: 0x0000000080004504 (0x19950513) addi a0, a0, 409
x10 <- 0x0019999999999999
mem[X,0x0000000080004508] -> 0x1513
mem[X,0x000000008000450A] -> 0x00A5
[4423] [M]: 0x0000000080004508 (0x00A51513) slli a0, a0, 10
x10 <- 0x6666666666666400
mem[X,0x000000008000450C] -> 0x0513
mem[X,0x000000008000450E] -> 0x2655
[4424] [M]: 0x000000008000450C (0x26550513) addi a0, a0, 613
x10 <- 0x6666666666666665
mem[X,0x0000000080004510] -> 0x0593
mem[X,0x0000000080004512] -> 0x02E5
[4425] [M]: 0x0000000080004510 (0x02E50593) addi a1, a0, 46
x11 <- 0x6666666666666693
mem[X,0x0000000080004514] -> 0x3423
mem[X,0x0000000080004516] -> 0x16B1
[4426] [M]: 0x0000000080004514 (0x16B13423) sd a1, 360(sp)
mem[0x0000000080008338] <- 0x6666666666666693
mem[X,0x0000000080004518] -> 0x0537
mem[X,0x000000008000451A] -> 0x0000
[4427] [M]: 0x0000000080004518 (0x00000537) lui a0, 0
x10 <- 0x0000000000000000
mem[X,0x000000008000451C] -> 0x0513
mem[X,0x000000008000451E] -> 0x0005
[4428] [M]: 0x000000008000451C (0x00050513) addi a0, a0, 0
x10 <- 0x0000000000000000
mem[X,0x0000000080004520] -> 0x1513
mem[X,0x0000000080004522] -> 0x00B5
[4429] [M]: 0x0000000080004520 (0x00B51513) slli a0, a0, 11
x10 <- 0x0000000000000000
mem[X,0x0000000080004524] -> 0x0513
mem[X,0x0000000080004526] -> 0x5A85
[4430] [M]: 0x0000000080004524 (0x5A850513) addi a0, a0, 1448
x10 <- 0x00000000000005A8
mem[X,0x0000000080004528] -> 0x1513
mem[X,0x000000008000452A] -> 0x00B5
[4431] [M]: 0x0000000080004528 (0x00B51513) slli a0, a0, 11
x10 <- 0x00000000002D4000
mem[X,0x000000008000452C] -> 0x0513
mem[X,0x000000008000452E] -> 0x13C5
[4432] [M]: 0x000000008000452C (0x13C50513) addi a0, a0, 316
x10 <- 0x00000000002D413C
mem[X,0x0000000080004530] -> 0x1513
mem[X,0x0000000080004532] -> 0x00A5
[4433] [M]: 0x0000000080004530 (0x00A51513) slli a0, a0, 10
x10 <- 0x00000000B504F000
mem[X,0x0000000080004534] -> 0x0513
mem[X,0x0000000080004536] -> 0x3325
[4434] [M]: 0x0000000080004534 (0x33250513) addi a0, a0, 818
x10 <- 0x00000000B504F332
mem[X,0x0000000080004538] -> 0x0593
mem[X,0x000000008000453A] -> 0x0035
[4435] [M]: 0x0000000080004538 (0x00350593) addi a1, a0, 3
x11 <- 0x00000000B504F335
mem[X,0x000000008000453C] -> 0x3823
mem[X,0x000000008000453E] -> 0x16B1
[4436] [M]: 0x000000008000453C (0x16B13823) sd a1, 368(sp)
mem[0x0000000080008340] <- 0x00000000B504F335
mem[X,0x0000000080004540] -> 0x0537
mem[X,0x0000000080004542] -> 0x0000
[4437] [M]: 0x0000000080004540 (0x00000537) lui a0, 0
x10 <- 0x0000000000000000
mem[X,0x0000000080004544] -> 0x0513
mem[X,0x0000000080004546] -> 0x0005
[4438] [M]: 0x0000000080004544 (0x00050513) addi a0, a0, 0
x10 <- 0x0000000000000000
mem[X,0x0000000080004548] -> 0x1513
mem[X,0x000000008000454A] -> 0x00B5
[4439] [M]: 0x0000000080004548 (0x00B51513) slli a0, a0, 11
x10 <- 0x0000000000000000
mem[X,0x000000008000454C] -> 0x0513
mem[X,0x000000008000454E] -> 0x5A85
[4440] [M]: 0x000000008000454C (0x5A850513) addi a0, a0, 1448
x10 <- 0x00000000000005A8
mem[X,0x0000000080004550] -> 0x1513
mem[X,0x0000000080004552] -> 0x00B5
[4441] [M]: 0x0000000080004550 (0x00B51513) slli a0, a0, 11
x10 <- 0x00000000002D4000
mem[X,0x0000000080004554] -> 0x0513
mem[X,0x0000000080004556] -> 0x13C5
[4442] [M]: 0x0000000080004554 (0x13C50513) addi a0, a0, 316
x10 <- 0x00000000002D413C
mem[X,0x0000000080004558] -> 0x1513
mem[X,0x000000008000455A] -> 0x00A5
[4443] [M]: 0x0000000080004558 (0x00A51513) slli a0, a0, 10
x10 <- 0x00000000B504F000
mem[X,0x000000008000455C] -> 0x0513
mem[X,0x000000008000455E] -> 0x3325
[4444] [M]: 0x000000008000455C (0x33250513) addi a0, a0, 818
x10 <- 0x00000000B504F332
mem[X,0x0000000080004560] -> 0x0593
mem[X,0x0000000080004562] -> 0x5555
[4445] [M]: 0x0000000080004560 (0x55550593) addi a1, a0, 1365
x11 <- 0x00000000B504F887
mem[X,0x0000000080004564] -> 0x3C23
mem[X,0x0000000080004566] -> 0x16B1
[4446] [M]: 0x0000000080004564 (0x16B13C23) sd a1, 376(sp)
mem[0x0000000080008348] <- 0x00000000B504F887
mem[X,0x0000000080004568] -> 0x0537
mem[X,0x000000008000456A] -> 0x0000
[4447] [M]: 0x0000000080004568 (0x00000537) lui a0, 0
x10 <- 0x0000000000000000
mem[X,0x000000008000456C] -> 0x0513
mem[X,0x000000008000456E] -> 0x0005
[4448] [M]: 0x000000008000456C (0x00050513) addi a0, a0, 0
x10 <- 0x0000000000000000
mem[X,0x0000000080004570] -> 0x1513
mem[X,0x0000000080004572] -> 0x00B5
[4449] [M]: 0x0000000080004570 (0x00B51513) slli a0, a0, 11
x10 <- 0x0000000000000000
mem[X,0x0000000080004574] -> 0x0513
mem[X,0x0000000080004576] -> 0x5A85
[4450] [M]: 0x0000000080004574 (0x5A850513) addi a0, a0, 1448
x10 <- 0x00000000000005A8
mem[X,0x0000000080004578] -> 0x1513
mem[X,0x000000008000457A] -> 0x00B5
[4451] [M]: 0x0000000080004578 (0x00B51513) slli a0, a0, 11
x10 <- 0x00000000002D4000
mem[X,0x000000008000457C] -> 0x0513
mem[X,0x000000008000457E] -> 0x13C5
[4452] [M]: 0x000000008000457C (0x13C50513) addi a0, a0, 316
x10 <- 0x00000000002D413C
mem[X,0x0000000080004580] -> 0x1513
mem[X,0x0000000080004582] -> 0x00A5
[4453] [M]: 0x0000000080004580 (0x00A51513) slli a0, a0, 10
x10 <- 0x00000000B504F000
mem[X,0x0000000080004584] -> 0x0513
mem[X,0x0000000080004586] -> 0x3325
[4454] [M]: 0x0000000080004584 (0x33250513) addi a0, a0, 818
x10 <- 0x00000000B504F332
mem[X,0x0000000080004588] -> 0x0593
mem[X,0x000000008000458A] -> 0xAAA5
[4455] [M]: 0x0000000080004588 (0xAAA50593) addi a1, a0, 2730
x11 <- 0x00000000B504EDDC
mem[X,0x000000008000458C] -> 0x3023
mem[X,0x000000008000458E] -> 0x18B1
[4456] [M]: 0x000000008000458C (0x18B13023) sd a1, 384(sp)
mem[0x0000000080008350] <- 0x00000000B504EDDC
mem[X,0x0000000080004590] -> 0x0537
mem[X,0x0000000080004592] -> 0x0000
[4457] [M]: 0x0000000080004590 (0x00000537) lui a0, 0
x10 <- 0x0000000000000000
mem[X,0x0000000080004594] -> 0x0513
mem[X,0x0000000080004596] -> 0x0005
[4458] [M]: 0x0000000080004594 (0x00050513) addi a0, a0, 0
x10 <- 0x0000000000000000
mem[X,0x0000000080004598] -> 0x1513
mem[X,0x000000008000459A] -> 0x00B5
[4459] [M]: 0x0000000080004598 (0x00B51513) slli a0, a0, 11
x10 <- 0x0000000000000000
mem[X,0x000000008000459C] -> 0x0513
mem[X,0x000000008000459E] -> 0x5A85
[4460] [M]: 0x000000008000459C (0x5A850513) addi a0, a0, 1448
x10 <- 0x00000000000005A8
mem[X,0x00000000800045A0] -> 0x1513
mem[X,0x00000000800045A2] -> 0x00B5
[4461] [M]: 0x00000000800045A0 (0x00B51513) slli a0, a0, 11
x10 <- 0x00000000002D4000
mem[X,0x00000000800045A4] -> 0x0513
mem[X,0x00000000800045A6] -> 0x13C5
[4462] [M]: 0x00000000800045A4 (0x13C50513) addi a0, a0, 316
x10 <- 0x00000000002D413C
mem[X,0x00000000800045A8] -> 0x1513
mem[X,0x00000000800045AA] -> 0x00A5
[4463] [M]: 0x00000000800045A8 (0x00A51513) slli a0, a0, 10
x10 <- 0x00000000B504F000
mem[X,0x00000000800045AC] -> 0x0513
mem[X,0x00000000800045AE] -> 0x3325
[4464] [M]: 0x00000000800045AC (0x33250513) addi a0, a0, 818
x10 <- 0x00000000B504F332
mem[X,0x00000000800045B0] -> 0x0593
mem[X,0x00000000800045B2] -> 0x0055
[4465] [M]: 0x00000000800045B0 (0x00550593) addi a1, a0, 5
x11 <- 0x00000000B504F337
mem[X,0x00000000800045B4] -> 0x3423
mem[X,0x00000000800045B6] -> 0x18B1
[4466] [M]: 0x00000000800045B4 (0x18B13423) sd a1, 392(sp)
mem[0x0000000080008358] <- 0x00000000B504F337
mem[X,0x00000000800045B8] -> 0x0537
mem[X,0x00000000800045BA] -> 0x0000
[4467] [M]: 0x00000000800045B8 (0x00000537) lui a0, 0
x10 <- 0x0000000000000000
mem[X,0x00000000800045BC] -> 0x0513
mem[X,0x00000000800045BE] -> 0x0005
[4468] [M]: 0x00000000800045BC (0x00050513) addi a0, a0, 0
x10 <- 0x0000000000000000
mem[X,0x00000000800045C0] -> 0x1513
mem[X,0x00000000800045C2] -> 0x00B5
[4469] [M]: 0x00000000800045C0 (0x00B51513) slli a0, a0, 11
x10 <- 0x0000000000000000
mem[X,0x00000000800045C4] -> 0x0513
mem[X,0x00000000800045C6] -> 0x5A85
[4470] [M]: 0x00000000800045C4 (0x5A850513) addi a0, a0, 1448
x10 <- 0x00000000000005A8
mem[X,0x00000000800045C8] -> 0x1513
mem[X,0x00000000800045CA] -> 0x00B5
[4471] [M]: 0x00000000800045C8 (0x00B51513) slli a0, a0, 11
x10 <- 0x00000000002D4000
mem[X,0x00000000800045CC] -> 0x0513
mem[X,0x00000000800045CE] -> 0x13C5
[4472] [M]: 0x00000000800045CC (0x13C50513) addi a0, a0, 316
x10 <- 0x00000000002D413C
mem[X,0x00000000800045D0] -> 0x1513
mem[X,0x00000000800045D2] -> 0x00A5
[4473] [M]: 0x00000000800045D0 (0x00A51513) slli a0, a0, 10
x10 <- 0x00000000B504F000
mem[X,0x00000000800045D4] -> 0x0513
mem[X,0x00000000800045D6] -> 0x3325
[4474] [M]: 0x00000000800045D4 (0x33250513) addi a0, a0, 818
x10 <- 0x00000000B504F332
mem[X,0x00000000800045D8] -> 0x0593
mem[X,0x00000000800045DA] -> 0x3335
[4475] [M]: 0x00000000800045D8 (0x33350593) addi a1, a0, 819
x11 <- 0x00000000B504F665
mem[X,0x00000000800045DC] -> 0x3823
mem[X,0x00000000800045DE] -> 0x18B1
[4476] [M]: 0x00000000800045DC (0x18B13823) sd a1, 400(sp)
mem[0x0000000080008360] <- 0x00000000B504F665
mem[X,0x00000000800045E0] -> 0x0537
mem[X,0x00000000800045E2] -> 0x0000
[4477] [M]: 0x00000000800045E0 (0x00000537) lui a0, 0
x10 <- 0x0000000000000000
mem[X,0x00000000800045E4] -> 0x0513
mem[X,0x00000000800045E6] -> 0x0005
[4478] [M]: 0x00000000800045E4 (0x00050513) addi a0, a0, 0
x10 <- 0x0000000000000000
mem[X,0x00000000800045E8] -> 0x1513
mem[X,0x00000000800045EA] -> 0x00B5
[4479] [M]: 0x00000000800045E8 (0x00B51513) slli a0, a0, 11
x10 <- 0x0000000000000000
mem[X,0x00000000800045EC] -> 0x0513
mem[X,0x00000000800045EE] -> 0x5A85
[4480] [M]: 0x00000000800045EC (0x5A850513) addi a0, a0, 1448
x10 <- 0x00000000000005A8
mem[X,0x00000000800045F0] -> 0x1513
mem[X,0x00000000800045F2] -> 0x00B5
[4481] [M]: 0x00000000800045F0 (0x00B51513) slli a0, a0, 11
x10 <- 0x00000000002D4000
mem[X,0x00000000800045F4] -> 0x0513
mem[X,0x00000000800045F6] -> 0x13C5
[4482] [M]: 0x00000000800045F4 (0x13C50513) addi a0, a0, 316
x10 <- 0x00000000002D413C
mem[X,0x00000000800045F8] -> 0x1513
mem[X,0x00000000800045FA] -> 0x00A5
[4483] [M]: 0x00000000800045F8 (0x00A51513) slli a0, a0, 10
x10 <- 0x00000000B504F000
mem[X,0x00000000800045FC] -> 0x0513
mem[X,0x00000000800045FE] -> 0x3325
[4484] [M]: 0x00000000800045FC (0x33250513) addi a0, a0, 818
x10 <- 0x00000000B504F332
mem[X,0x0000000080004600] -> 0x0593
mem[X,0x0000000080004602] -> 0x6665
[4485] [M]: 0x0000000080004600 (0x66650593) addi a1, a0, 1638
x11 <- 0x00000000B504F998
mem[X,0x0000000080004604] -> 0x3C23
mem[X,0x0000000080004606] -> 0x18B1
[4486] [M]: 0x0000000080004604 (0x18B13C23) sd a1, 408(sp)
mem[0x0000000080008368] <- 0x00000000B504F998
mem[X,0x0000000080004608] -> 0x0537
mem[X,0x000000008000460A] -> 0x0000
[4487] [M]: 0x0000000080004608 (0x00000537) lui a0, 0
x10 <- 0x0000000000000000
mem[X,0x000000008000460C] -> 0x0513
mem[X,0x000000008000460E] -> 0x0005
[4488] [M]: 0x000000008000460C (0x00050513) addi a0, a0, 0
x10 <- 0x0000000000000000
mem[X,0x0000000080004610] -> 0x1513
mem[X,0x0000000080004612] -> 0x00B5
[4489] [M]: 0x0000000080004610 (0x00B51513) slli a0, a0, 11
x10 <- 0x0000000000000000
mem[X,0x0000000080004614] -> 0x0513
mem[X,0x0000000080004616] -> 0x5A85
[4490] [M]: 0x0000000080004614 (0x5A850513) addi a0, a0, 1448
x10 <- 0x00000000000005A8
mem[X,0x0000000080004618] -> 0x1513
mem[X,0x000000008000461A] -> 0x00B5
[4491] [M]: 0x0000000080004618 (0x00B51513) slli a0, a0, 11
x10 <- 0x00000000002D4000
mem[X,0x000000008000461C] -> 0x0513
mem[X,0x000000008000461E] -> 0x13C5
[4492] [M]: 0x000000008000461C (0x13C50513) addi a0, a0, 316
x10 <- 0x00000000002D413C
mem[X,0x0000000080004620] -> 0x1513
mem[X,0x0000000080004622] -> 0x00A5
[4493] [M]: 0x0000000080004620 (0x00A51513) slli a0, a0, 10
x10 <- 0x00000000B504F000
mem[X,0x0000000080004624] -> 0x0513
mem[X,0x0000000080004626] -> 0x3325
[4494] [M]: 0x0000000080004624 (0x33250513) addi a0, a0, 818
x10 <- 0x00000000B504F332
mem[X,0x0000000080004628] -> 0x0593
mem[X,0x000000008000462A] -> 0xFD35
[4495] [M]: 0x0000000080004628 (0xFD350593) addi a1, a0, 4051
x11 <- 0x00000000B504F305
mem[X,0x000000008000462C] -> 0x3023
mem[X,0x000000008000462E] -> 0x1AB1
[4496] [M]: 0x000000008000462C (0x1AB13023) sd a1, 416(sp)
mem[0x0000000080008370] <- 0x00000000B504F305
mem[X,0x0000000080004630] -> 0x0537
mem[X,0x0000000080004632] -> 0x0000
[4497] [M]: 0x0000000080004630 (0x00000537) lui a0, 0
x10 <- 0x0000000000000000
mem[X,0x0000000080004634] -> 0x0513
mem[X,0x0000000080004636] -> 0x0005
[4498] [M]: 0x0000000080004634 (0x00050513) addi a0, a0, 0
x10 <- 0x0000000000000000
mem[X,0x0000000080004638] -> 0x1513
mem[X,0x000000008000463A] -> 0x00B5
[4499] [M]: 0x0000000080004638 (0x00B51513) slli a0, a0, 11
x10 <- 0x0000000000000000
clint::tick mtime <- 0x000000000000002D
 clint timer pending at mtime 0x000000000000002D
htif::tick 0x0000000000000000
mem[X,0x000000008000463C] -> 0x0513
mem[X,0x000000008000463E] -> 0x5A85
[4500] [M]: 0x000000008000463C (0x5A850513) addi a0, a0, 1448
x10 <- 0x00000000000005A8
mem[X,0x0000000080004640] -> 0x1513
mem[X,0x0000000080004642] -> 0x00B5
[4501] [M]: 0x0000000080004640 (0x00B51513) slli a0, a0, 11
x10 <- 0x00000000002D4000
mem[X,0x0000000080004644] -> 0x0513
mem[X,0x0000000080004646] -> 0x13C5
[4502] [M]: 0x0000000080004644 (0x13C50513) addi a0, a0, 316
x10 <- 0x00000000002D413C
mem[X,0x0000000080004648] -> 0x1513
mem[X,0x000000008000464A] -> 0x00A5
[4503] [M]: 0x0000000080004648 (0x00A51513) slli a0, a0, 10
x10 <- 0x00000000B504F000
mem[X,0x000000008000464C] -> 0x0513
mem[X,0x000000008000464E] -> 0x3325
[4504] [M]: 0x000000008000464C (0x33250513) addi a0, a0, 818
x10 <- 0x00000000B504F332
mem[X,0x0000000080004650] -> 0x0593
mem[X,0x0000000080004652] -> 0x02D5
[4505] [M]: 0x0000000080004650 (0x02D50593) addi a1, a0, 45
x11 <- 0x00000000B504F35F
mem[X,0x0000000080004654] -> 0x3423
mem[X,0x0000000080004656] -> 0x1AB1
[4506] [M]: 0x0000000080004654 (0x1AB13423) sd a1, 424(sp)
mem[0x0000000080008378] <- 0x00000000B504F35F
mem[X,0x0000000080004658] -> 0x0537
mem[X,0x000000008000465A] -> 0x0000
[4507] [M]: 0x0000000080004658 (0x00000537) lui a0, 0
x10 <- 0x0000000000000000
mem[X,0x000000008000465C] -> 0x0513
mem[X,0x000000008000465E] -> 0x0005
[4508] [M]: 0x000000008000465C (0x00050513) addi a0, a0, 0
x10 <- 0x0000000000000000
mem[X,0x0000000080004660] -> 0x1513
mem[X,0x0000000080004662] -> 0x00B5
[4509] [M]: 0x0000000080004660 (0x00B51513) slli a0, a0, 11
x10 <- 0x0000000000000000
mem[X,0x0000000080004664] -> 0x0513
mem[X,0x0000000080004666] -> 0x5A85
[4510] [M]: 0x0000000080004664 (0x5A850513) addi a0, a0, 1448
x10 <- 0x00000000000005A8
mem[X,0x0000000080004668] -> 0x1513
mem[X,0x000000008000466A] -> 0x00B5
[4511] [M]: 0x0000000080004668 (0x00B51513) slli a0, a0, 11
x10 <- 0x00000000002D4000
mem[X,0x000000008000466C] -> 0x0513
mem[X,0x000000008000466E] -> 0x13C5
[4512] [M]: 0x000000008000466C (0x13C50513) addi a0, a0, 316
x10 <- 0x00000000002D413C
mem[X,0x0000000080004670] -> 0x1513
mem[X,0x0000000080004672] -> 0x00A5
[4513] [M]: 0x0000000080004670 (0x00A51513) slli a0, a0, 10
x10 <- 0x00000000B504F000
mem[X,0x0000000080004674] -> 0x0513
mem[X,0x0000000080004676] -> 0x3325
[4514] [M]: 0x0000000080004674 (0x33250513) addi a0, a0, 818
x10 <- 0x00000000B504F332
mem[X,0x0000000080004678] -> 0x0593
mem[X,0x000000008000467A] -> 0x0025
[4515] [M]: 0x0000000080004678 (0x00250593) addi a1, a0, 2
x11 <- 0x00000000B504F334
mem[X,0x000000008000467C] -> 0x3823
mem[X,0x000000008000467E] -> 0x1AB1
[4516] [M]: 0x000000008000467C (0x1AB13823) sd a1, 432(sp)
mem[0x0000000080008380] <- 0x00000000B504F334
mem[X,0x0000000080004680] -> 0x0537
mem[X,0x0000000080004682] -> 0x0000
[4517] [M]: 0x0000000080004680 (0x00000537) lui a0, 0
x10 <- 0x0000000000000000
mem[X,0x0000000080004684] -> 0x0513
mem[X,0x0000000080004686] -> 0x0005
[4518] [M]: 0x0000000080004684 (0x00050513) addi a0, a0, 0
x10 <- 0x0000000000000000
mem[X,0x0000000080004688] -> 0x1513
mem[X,0x000000008000468A] -> 0x00B5
[4519] [M]: 0x0000000080004688 (0x00B51513) slli a0, a0, 11
x10 <- 0x0000000000000000
mem[X,0x000000008000468C] -> 0x0513
mem[X,0x000000008000468E] -> 0x5A85
[4520] [M]: 0x000000008000468C (0x5A850513) addi a0, a0, 1448
x10 <- 0x00000000000005A8
mem[X,0x0000000080004690] -> 0x1513
mem[X,0x0000000080004692] -> 0x00B5
[4521] [M]: 0x0000000080004690 (0x00B51513) slli a0, a0, 11
x10 <- 0x00000000002D4000
mem[X,0x0000000080004694] -> 0x0513
mem[X,0x0000000080004696] -> 0x13C5
[4522] [M]: 0x0000000080004694 (0x13C50513) addi a0, a0, 316
x10 <- 0x00000000002D413C
mem[X,0x0000000080004698] -> 0x1513
mem[X,0x000000008000469A] -> 0x00A5
[4523] [M]: 0x0000000080004698 (0x00A51513) slli a0, a0, 10
x10 <- 0x00000000B504F000
mem[X,0x000000008000469C] -> 0x0513
mem[X,0x000000008000469E] -> 0x3325
[4524] [M]: 0x000000008000469C (0x33250513) addi a0, a0, 818
x10 <- 0x00000000B504F332
mem[X,0x00000000800046A0] -> 0x0593
mem[X,0x00000000800046A2] -> 0x5545
[4525] [M]: 0x00000000800046A0 (0x55450593) addi a1, a0, 1364
x11 <- 0x00000000B504F886
mem[X,0x00000000800046A4] -> 0x3C23
mem[X,0x00000000800046A6] -> 0x1AB1
[4526] [M]: 0x00000000800046A4 (0x1AB13C23) sd a1, 440(sp)
mem[0x0000000080008388] <- 0x00000000B504F886
mem[X,0x00000000800046A8] -> 0x0537
mem[X,0x00000000800046AA] -> 0x0000
[4527] [M]: 0x00000000800046A8 (0x00000537) lui a0, 0
x10 <- 0x0000000000000000
mem[X,0x00000000800046AC] -> 0x0513
mem[X,0x00000000800046AE] -> 0x0005
[4528] [M]: 0x00000000800046AC (0x00050513) addi a0, a0, 0
x10 <- 0x0000000000000000
mem[X,0x00000000800046B0] -> 0x1513
mem[X,0x00000000800046B2] -> 0x00B5
[4529] [M]: 0x00000000800046B0 (0x00B51513) slli a0, a0, 11
x10 <- 0x0000000000000000
mem[X,0x00000000800046B4] -> 0x0513
mem[X,0x00000000800046B6] -> 0x5A85
[4530] [M]: 0x00000000800046B4 (0x5A850513) addi a0, a0, 1448
x10 <- 0x00000000000005A8
mem[X,0x00000000800046B8] -> 0x1513
mem[X,0x00000000800046BA] -> 0x00B5
[4531] [M]: 0x00000000800046B8 (0x00B51513) slli a0, a0, 11
x10 <- 0x00000000002D4000
mem[X,0x00000000800046BC] -> 0x0513
mem[X,0x00000000800046BE] -> 0x13C5
[4532] [M]: 0x00000000800046BC (0x13C50513) addi a0, a0, 316
x10 <- 0x00000000002D413C
mem[X,0x00000000800046C0] -> 0x1513
mem[X,0x00000000800046C2] -> 0x00A5
[4533] [M]: 0x00000000800046C0 (0x00A51513) slli a0, a0, 10
x10 <- 0x00000000B504F000
mem[X,0x00000000800046C4] -> 0x0513
mem[X,0x00000000800046C6] -> 0x3325
[4534] [M]: 0x00000000800046C4 (0x33250513) addi a0, a0, 818
x10 <- 0x00000000B504F332
mem[X,0x00000000800046C8] -> 0x0593
mem[X,0x00000000800046CA] -> 0x0005
[4535] [M]: 0x00000000800046C8 (0x00050593) addi a1, a0, 0
x11 <- 0x00000000B504F332
mem[X,0x00000000800046CC] -> 0x3023
mem[X,0x00000000800046CE] -> 0x1CB1
[4536] [M]: 0x00000000800046CC (0x1CB13023) sd a1, 448(sp)
mem[0x0000000080008390] <- 0x00000000B504F332
mem[X,0x00000000800046D0] -> 0x0537
mem[X,0x00000000800046D2] -> 0x0000
[4537] [M]: 0x00000000800046D0 (0x00000537) lui a0, 0
x10 <- 0x0000000000000000
mem[X,0x00000000800046D4] -> 0x0513
mem[X,0x00000000800046D6] -> 0x0005
[4538] [M]: 0x00000000800046D4 (0x00050513) addi a0, a0, 0
x10 <- 0x0000000000000000
mem[X,0x00000000800046D8] -> 0x1513
mem[X,0x00000000800046DA] -> 0x00B5
[4539] [M]: 0x00000000800046D8 (0x00B51513) slli a0, a0, 11
x10 <- 0x0000000000000000
mem[X,0x00000000800046DC] -> 0x0513
mem[X,0x00000000800046DE] -> 0x5A85
[4540] [M]: 0x00000000800046DC (0x5A850513) addi a0, a0, 1448
x10 <- 0x00000000000005A8
mem[X,0x00000000800046E0] -> 0x1513
mem[X,0x00000000800046E2] -> 0x00B5
[4541] [M]: 0x00000000800046E0 (0x00B51513) slli a0, a0, 11
x10 <- 0x00000000002D4000
mem[X,0x00000000800046E4] -> 0x0513
mem[X,0x00000000800046E6] -> 0x13C5
[4542] [M]: 0x00000000800046E4 (0x13C50513) addi a0, a0, 316
x10 <- 0x00000000002D413C
mem[X,0x00000000800046E8] -> 0x1513
mem[X,0x00000000800046EA] -> 0x00A5
[4543] [M]: 0x00000000800046E8 (0x00A51513) slli a0, a0, 10
x10 <- 0x00000000B504F000
mem[X,0x00000000800046EC] -> 0x0513
mem[X,0x00000000800046EE] -> 0x3325
[4544] [M]: 0x00000000800046EC (0x33250513) addi a0, a0, 818
x10 <- 0x00000000B504F332
mem[X,0x00000000800046F0] -> 0x0593
mem[X,0x00000000800046F2] -> 0x0045
[4545] [M]: 0x00000000800046F0 (0x00450593) addi a1, a0, 4
x11 <- 0x00000000B504F336
mem[X,0x00000000800046F4] -> 0x3423
mem[X,0x00000000800046F6] -> 0x1CB1
[4546] [M]: 0x00000000800046F4 (0x1CB13423) sd a1, 456(sp)
mem[0x0000000080008398] <- 0x00000000B504F336
mem[X,0x00000000800046F8] -> 0x0537
mem[X,0x00000000800046FA] -> 0x0000
[4547] [M]: 0x00000000800046F8 (0x00000537) lui a0, 0
x10 <- 0x0000000000000000
mem[X,0x00000000800046FC] -> 0x0513
mem[X,0x00000000800046FE] -> 0x0005
[4548] [M]: 0x00000000800046FC (0x00050513) addi a0, a0, 0
x10 <- 0x0000000000000000
mem[X,0x0000000080004700] -> 0x1513
mem[X,0x0000000080004702] -> 0x00B5
[4549] [M]: 0x0000000080004700 (0x00B51513) slli a0, a0, 11
x10 <- 0x0000000000000000
mem[X,0x0000000080004704] -> 0x0513
mem[X,0x0000000080004706] -> 0x5A85
[4550] [M]: 0x0000000080004704 (0x5A850513) addi a0, a0, 1448
x10 <- 0x00000000000005A8
mem[X,0x0000000080004708] -> 0x1513
mem[X,0x000000008000470A] -> 0x00B5
[4551] [M]: 0x0000000080004708 (0x00B51513) slli a0, a0, 11
x10 <- 0x00000000002D4000
mem[X,0x000000008000470C] -> 0x0513
mem[X,0x000000008000470E] -> 0x13C5
[4552] [M]: 0x000000008000470C (0x13C50513) addi a0, a0, 316
x10 <- 0x00000000002D413C
mem[X,0x0000000080004710] -> 0x1513
mem[X,0x0000000080004712] -> 0x00A5
[4553] [M]: 0x0000000080004710 (0x00A51513) slli a0, a0, 10
x10 <- 0x00000000B504F000
mem[X,0x0000000080004714] -> 0x0513
mem[X,0x0000000080004716] -> 0x3325
[4554] [M]: 0x0000000080004714 (0x33250513) addi a0, a0, 818
x10 <- 0x00000000B504F332
mem[X,0x0000000080004718] -> 0x0593
mem[X,0x000000008000471A] -> 0x3325
[4555] [M]: 0x0000000080004718 (0x33250593) addi a1, a0, 818
x11 <- 0x00000000B504F664
mem[X,0x000000008000471C] -> 0x3823
mem[X,0x000000008000471E] -> 0x1CB1
[4556] [M]: 0x000000008000471C (0x1CB13823) sd a1, 464(sp)
mem[0x00000000800083A0] <- 0x00000000B504F664
mem[X,0x0000000080004720] -> 0x0537
mem[X,0x0000000080004722] -> 0x0000
[4557] [M]: 0x0000000080004720 (0x00000537) lui a0, 0
x10 <- 0x0000000000000000
mem[X,0x0000000080004724] -> 0x0513
mem[X,0x0000000080004726] -> 0x0005
[4558] [M]: 0x0000000080004724 (0x00050513) addi a0, a0, 0
x10 <- 0x0000000000000000
mem[X,0x0000000080004728] -> 0x1513
mem[X,0x000000008000472A] -> 0x00B5
[4559] [M]: 0x0000000080004728 (0x00B51513) slli a0, a0, 11
x10 <- 0x0000000000000000
mem[X,0x000000008000472C] -> 0x0513
mem[X,0x000000008000472E] -> 0x5A85
[4560] [M]: 0x000000008000472C (0x5A850513) addi a0, a0, 1448
x10 <- 0x00000000000005A8
mem[X,0x0000000080004730] -> 0x1513
mem[X,0x0000000080004732] -> 0x00B5
[4561] [M]: 0x0000000080004730 (0x00B51513) slli a0, a0, 11
x10 <- 0x00000000002D4000
mem[X,0x0000000080004734] -> 0x0513
mem[X,0x0000000080004736] -> 0x13C5
[4562] [M]: 0x0000000080004734 (0x13C50513) addi a0, a0, 316
x10 <- 0x00000000002D413C
mem[X,0x0000000080004738] -> 0x1513
mem[X,0x000000008000473A] -> 0x00A5
[4563] [M]: 0x0000000080004738 (0x00A51513) slli a0, a0, 10
x10 <- 0x00000000B504F000
mem[X,0x000000008000473C] -> 0x0513
mem[X,0x000000008000473E] -> 0x3325
[4564] [M]: 0x000000008000473C (0x33250513) addi a0, a0, 818
x10 <- 0x00000000B504F332
mem[X,0x0000000080004740] -> 0x0593
mem[X,0x0000000080004742] -> 0x6655
[4565] [M]: 0x0000000080004740 (0x66550593) addi a1, a0, 1637
x11 <- 0x00000000B504F997
mem[X,0x0000000080004744] -> 0x3C23
mem[X,0x0000000080004746] -> 0x1CB1
[4566] [M]: 0x0000000080004744 (0x1CB13C23) sd a1, 472(sp)
mem[0x00000000800083A8] <- 0x00000000B504F997
mem[X,0x0000000080004748] -> 0x0537
mem[X,0x000000008000474A] -> 0x0000
[4567] [M]: 0x0000000080004748 (0x00000537) lui a0, 0
x10 <- 0x0000000000000000
mem[X,0x000000008000474C] -> 0x0513
mem[X,0x000000008000474E] -> 0x0005
[4568] [M]: 0x000000008000474C (0x00050513) addi a0, a0, 0
x10 <- 0x0000000000000000
mem[X,0x0000000080004750] -> 0x1513
mem[X,0x0000000080004752] -> 0x00B5
[4569] [M]: 0x0000000080004750 (0x00B51513) slli a0, a0, 11
x10 <- 0x0000000000000000
mem[X,0x0000000080004754] -> 0x0513
mem[X,0x0000000080004756] -> 0x5A85
[4570] [M]: 0x0000000080004754 (0x5A850513) addi a0, a0, 1448
x10 <- 0x00000000000005A8
mem[X,0x0000000080004758] -> 0x1513
mem[X,0x000000008000475A] -> 0x00B5
[4571] [M]: 0x0000000080004758 (0x00B51513) slli a0, a0, 11
x10 <- 0x00000000002D4000
mem[X,0x000000008000475C] -> 0x0513
mem[X,0x000000008000475E] -> 0x13C5
[4572] [M]: 0x000000008000475C (0x13C50513) addi a0, a0, 316
x10 <- 0x00000000002D413C
mem[X,0x0000000080004760] -> 0x1513
mem[X,0x0000000080004762] -> 0x00A5
[4573] [M]: 0x0000000080004760 (0x00A51513) slli a0, a0, 10
x10 <- 0x00000000B504F000
mem[X,0x0000000080004764] -> 0x0513
mem[X,0x0000000080004766] -> 0x3325
[4574] [M]: 0x0000000080004764 (0x33250513) addi a0, a0, 818
x10 <- 0x00000000B504F332
mem[X,0x0000000080004768] -> 0x0593
mem[X,0x000000008000476A] -> 0x02C5
[4575] [M]: 0x0000000080004768 (0x02C50593) addi a1, a0, 44
x11 <- 0x00000000B504F35E
mem[X,0x000000008000476C] -> 0x3023
mem[X,0x000000008000476E] -> 0x1EB1
[4576] [M]: 0x000000008000476C (0x1EB13023) sd a1, 480(sp)
mem[0x00000000800083B0] <- 0x00000000B504F35E
mem[X,0x0000000080004770] -> 0x0537
mem[X,0x0000000080004772] -> 0x0000
[4577] [M]: 0x0000000080004770 (0x00000537) lui a0, 0
x10 <- 0x0000000000000000
mem[X,0x0000000080004774] -> 0x0513
mem[X,0x0000000080004776] -> 0x0005
[4578] [M]: 0x0000000080004774 (0x00050513) addi a0, a0, 0
x10 <- 0x0000000000000000
mem[X,0x0000000080004778] -> 0x1513
mem[X,0x000000008000477A] -> 0x00B5
[4579] [M]: 0x0000000080004778 (0x00B51513) slli a0, a0, 11
x10 <- 0x0000000000000000
mem[X,0x000000008000477C] -> 0x0513
mem[X,0x000000008000477E] -> 0x5A85
[4580] [M]: 0x000000008000477C (0x5A850513) addi a0, a0, 1448
x10 <- 0x00000000000005A8
mem[X,0x0000000080004780] -> 0x1513
mem[X,0x0000000080004782] -> 0x00B5
[4581] [M]: 0x0000000080004780 (0x00B51513) slli a0, a0, 11
x10 <- 0x00000000002D4000
mem[X,0x0000000080004784] -> 0x0513
mem[X,0x0000000080004786] -> 0x13C5
[4582] [M]: 0x0000000080004784 (0x13C50513) addi a0, a0, 316
x10 <- 0x00000000002D413C
mem[X,0x0000000080004788] -> 0x1513
mem[X,0x000000008000478A] -> 0x00A5
[4583] [M]: 0x0000000080004788 (0x00A51513) slli a0, a0, 10
x10 <- 0x00000000B504F000
mem[X,0x000000008000478C] -> 0x0513
mem[X,0x000000008000478E] -> 0x3325
[4584] [M]: 0x000000008000478C (0x33250513) addi a0, a0, 818
x10 <- 0x00000000B504F332
mem[X,0x0000000080004790] -> 0x0593
mem[X,0x0000000080004792] -> 0x5565
[4585] [M]: 0x0000000080004790 (0x55650593) addi a1, a0, 1366
x11 <- 0x00000000B504F888
mem[X,0x0000000080004794] -> 0x3423
mem[X,0x0000000080004796] -> 0x1EB1
[4586] [M]: 0x0000000080004794 (0x1EB13423) sd a1, 488(sp)
mem[0x00000000800083B8] <- 0x00000000B504F888
mem[X,0x0000000080004798] -> 0x0537
mem[X,0x000000008000479A] -> 0x0000
[4587] [M]: 0x0000000080004798 (0x00000537) lui a0, 0
x10 <- 0x0000000000000000
mem[X,0x000000008000479C] -> 0x0513
mem[X,0x000000008000479E] -> 0x0005
[4588] [M]: 0x000000008000479C (0x00050513) addi a0, a0, 0
x10 <- 0x0000000000000000
mem[X,0x00000000800047A0] -> 0x1513
mem[X,0x00000000800047A2] -> 0x00B5
[4589] [M]: 0x00000000800047A0 (0x00B51513) slli a0, a0, 11
x10 <- 0x0000000000000000
mem[X,0x00000000800047A4] -> 0x0513
mem[X,0x00000000800047A6] -> 0x5A85
[4590] [M]: 0x00000000800047A4 (0x5A850513) addi a0, a0, 1448
x10 <- 0x00000000000005A8
mem[X,0x00000000800047A8] -> 0x1513
mem[X,0x00000000800047AA] -> 0x00B5
[4591] [M]: 0x00000000800047A8 (0x00B51513) slli a0, a0, 11
x10 <- 0x00000000002D4000
mem[X,0x00000000800047AC] -> 0x0513
mem[X,0x00000000800047AE] -> 0x13C5
[4592] [M]: 0x00000000800047AC (0x13C50513) addi a0, a0, 316
x10 <- 0x00000000002D413C
mem[X,0x00000000800047B0] -> 0x1513
mem[X,0x00000000800047B2] -> 0x00A5
[4593] [M]: 0x00000000800047B0 (0x00A51513) slli a0, a0, 10
x10 <- 0x00000000B504F000
mem[X,0x00000000800047B4] -> 0x0513
mem[X,0x00000000800047B6] -> 0x3325
[4594] [M]: 0x00000000800047B4 (0x33250513) addi a0, a0, 818
x10 <- 0x00000000B504F332
mem[X,0x00000000800047B8] -> 0x0593
mem[X,0x00000000800047BA] -> 0xAAB5
[4595] [M]: 0x00000000800047B8 (0xAAB50593) addi a1, a0, 2731
x11 <- 0x00000000B504EDDD
mem[X,0x00000000800047BC] -> 0x3823
mem[X,0x00000000800047BE] -> 0x1EB1
[4596] [M]: 0x00000000800047BC (0x1EB13823) sd a1, 496(sp)
mem[0x00000000800083C0] <- 0x00000000B504EDDD
mem[X,0x00000000800047C0] -> 0x0537
mem[X,0x00000000800047C2] -> 0x0000
[4597] [M]: 0x00000000800047C0 (0x00000537) lui a0, 0
x10 <- 0x0000000000000000
mem[X,0x00000000800047C4] -> 0x0513
mem[X,0x00000000800047C6] -> 0x0005
[4598] [M]: 0x00000000800047C4 (0x00050513) addi a0, a0, 0
x10 <- 0x0000000000000000
mem[X,0x00000000800047C8] -> 0x1513
mem[X,0x00000000800047CA] -> 0x00B5
[4599] [M]: 0x00000000800047C8 (0x00B51513) slli a0, a0, 11
x10 <- 0x0000000000000000
clint::tick mtime <- 0x000000000000002E
 clint timer pending at mtime 0x000000000000002E
htif::tick 0x0000000000000000
mem[X,0x00000000800047CC] -> 0x0513
mem[X,0x00000000800047CE] -> 0x5A85
[4600] [M]: 0x00000000800047CC (0x5A850513) addi a0, a0, 1448
x10 <- 0x00000000000005A8
mem[X,0x00000000800047D0] -> 0x1513
mem[X,0x00000000800047D2] -> 0x00B5
[4601] [M]: 0x00000000800047D0 (0x00B51513) slli a0, a0, 11
x10 <- 0x00000000002D4000
mem[X,0x00000000800047D4] -> 0x0513
mem[X,0x00000000800047D6] -> 0x13C5
[4602] [M]: 0x00000000800047D4 (0x13C50513) addi a0, a0, 316
x10 <- 0x00000000002D413C
mem[X,0x00000000800047D8] -> 0x1513
mem[X,0x00000000800047DA] -> 0x00A5
[4603] [M]: 0x00000000800047D8 (0x00A51513) slli a0, a0, 10
x10 <- 0x00000000B504F000
mem[X,0x00000000800047DC] -> 0x0513
mem[X,0x00000000800047DE] -> 0x3325
[4604] [M]: 0x00000000800047DC (0x33250513) addi a0, a0, 818
x10 <- 0x00000000B504F332
mem[X,0x00000000800047E0] -> 0x0593
mem[X,0x00000000800047E2] -> 0x0065
[4605] [M]: 0x00000000800047E0 (0x00650593) addi a1, a0, 6
x11 <- 0x00000000B504F338
mem[X,0x00000000800047E4] -> 0x3C23
mem[X,0x00000000800047E6] -> 0x1EB1
[4606] [M]: 0x00000000800047E4 (0x1EB13C23) sd a1, 504(sp)
mem[0x00000000800083C8] <- 0x00000000B504F338
mem[X,0x00000000800047E8] -> 0x0537
mem[X,0x00000000800047EA] -> 0x0000
[4607] [M]: 0x00000000800047E8 (0x00000537) lui a0, 0
x10 <- 0x0000000000000000
mem[X,0x00000000800047EC] -> 0x0513
mem[X,0x00000000800047EE] -> 0x0005
[4608] [M]: 0x00000000800047EC (0x00050513) addi a0, a0, 0
x10 <- 0x0000000000000000
mem[X,0x00000000800047F0] -> 0x1513
mem[X,0x00000000800047F2] -> 0x00B5
[4609] [M]: 0x00000000800047F0 (0x00B51513) slli a0, a0, 11
x10 <- 0x0000000000000000
mem[X,0x00000000800047F4] -> 0x0513
mem[X,0x00000000800047F6] -> 0x5A85
[4610] [M]: 0x00000000800047F4 (0x5A850513) addi a0, a0, 1448
x10 <- 0x00000000000005A8
mem[X,0x00000000800047F8] -> 0x1513
mem[X,0x00000000800047FA] -> 0x00B5
[4611] [M]: 0x00000000800047F8 (0x00B51513) slli a0, a0, 11
x10 <- 0x00000000002D4000
mem[X,0x00000000800047FC] -> 0x0513
mem[X,0x00000000800047FE] -> 0x13C5
[4612] [M]: 0x00000000800047FC (0x13C50513) addi a0, a0, 316
x10 <- 0x00000000002D413C
mem[X,0x0000000080004800] -> 0x1513
mem[X,0x0000000080004802] -> 0x00A5
[4613] [M]: 0x0000000080004800 (0x00A51513) slli a0, a0, 10
x10 <- 0x00000000B504F000
mem[X,0x0000000080004804] -> 0x0513
mem[X,0x0000000080004806] -> 0x3325
[4614] [M]: 0x0000000080004804 (0x33250513) addi a0, a0, 818
x10 <- 0x00000000B504F332
mem[X,0x0000000080004808] -> 0x0593
mem[X,0x000000008000480A] -> 0x3345
[4615] [M]: 0x0000000080004808 (0x33450593) addi a1, a0, 820
x11 <- 0x00000000B504F666
mem[X,0x000000008000480C] -> 0x3023
mem[X,0x000000008000480E] -> 0x20B1
[4616] [M]: 0x000000008000480C (0x20B13023) sd a1, 512(sp)
mem[0x00000000800083D0] <- 0x00000000B504F666
mem[X,0x0000000080004810] -> 0x0537
mem[X,0x0000000080004812] -> 0x0000
[4617] [M]: 0x0000000080004810 (0x00000537) lui a0, 0
x10 <- 0x0000000000000000
mem[X,0x0000000080004814] -> 0x0513
mem[X,0x0000000080004816] -> 0x0005
[4618] [M]: 0x0000000080004814 (0x00050513) addi a0, a0, 0
x10 <- 0x0000000000000000
mem[X,0x0000000080004818] -> 0x1513
mem[X,0x000000008000481A] -> 0x00B5
[4619] [M]: 0x0000000080004818 (0x00B51513) slli a0, a0, 11
x10 <- 0x0000000000000000
mem[X,0x000000008000481C] -> 0x0513
mem[X,0x000000008000481E] -> 0x5A85
[4620] [M]: 0x000000008000481C (0x5A850513) addi a0, a0, 1448
x10 <- 0x00000000000005A8
mem[X,0x0000000080004820] -> 0x1513
mem[X,0x0000000080004822] -> 0x00B5
[4621] [M]: 0x0000000080004820 (0x00B51513) slli a0, a0, 11
x10 <- 0x00000000002D4000
mem[X,0x0000000080004824] -> 0x0513
mem[X,0x0000000080004826] -> 0x13C5
[4622] [M]: 0x0000000080004824 (0x13C50513) addi a0, a0, 316
x10 <- 0x00000000002D413C
mem[X,0x0000000080004828] -> 0x1513
mem[X,0x000000008000482A] -> 0x00A5
[4623] [M]: 0x0000000080004828 (0x00A51513) slli a0, a0, 10
x10 <- 0x00000000B504F000
mem[X,0x000000008000482C] -> 0x0513
mem[X,0x000000008000482E] -> 0x3325
[4624] [M]: 0x000000008000482C (0x33250513) addi a0, a0, 818
x10 <- 0x00000000B504F332
mem[X,0x0000000080004830] -> 0x0593
mem[X,0x0000000080004832] -> 0x6675
[4625] [M]: 0x0000000080004830 (0x66750593) addi a1, a0, 1639
x11 <- 0x00000000B504F999
mem[X,0x0000000080004834] -> 0x3423
mem[X,0x0000000080004836] -> 0x20B1
[4626] [M]: 0x0000000080004834 (0x20B13423) sd a1, 520(sp)
mem[0x00000000800083D8] <- 0x00000000B504F999
mem[X,0x0000000080004838] -> 0x0537
mem[X,0x000000008000483A] -> 0x0000
[4627] [M]: 0x0000000080004838 (0x00000537) lui a0, 0
x10 <- 0x0000000000000000
mem[X,0x000000008000483C] -> 0x0513
mem[X,0x000000008000483E] -> 0x0005
[4628] [M]: 0x000000008000483C (0x00050513) addi a0, a0, 0
x10 <- 0x0000000000000000
mem[X,0x0000000080004840] -> 0x1513
mem[X,0x0000000080004842] -> 0x00B5
[4629] [M]: 0x0000000080004840 (0x00B51513) slli a0, a0, 11
x10 <- 0x0000000000000000
mem[X,0x0000000080004844] -> 0x0513
mem[X,0x0000000080004846] -> 0x5A85
[4630] [M]: 0x0000000080004844 (0x5A850513) addi a0, a0, 1448
x10 <- 0x00000000000005A8
mem[X,0x0000000080004848] -> 0x1513
mem[X,0x000000008000484A] -> 0x00B5
[4631] [M]: 0x0000000080004848 (0x00B51513) slli a0, a0, 11
x10 <- 0x00000000002D4000
mem[X,0x000000008000484C] -> 0x0513
mem[X,0x000000008000484E] -> 0x13C5
[4632] [M]: 0x000000008000484C (0x13C50513) addi a0, a0, 316
x10 <- 0x00000000002D413C
mem[X,0x0000000080004850] -> 0x1513
mem[X,0x0000000080004852] -> 0x00A5
[4633] [M]: 0x0000000080004850 (0x00A51513) slli a0, a0, 10
x10 <- 0x00000000B504F000
mem[X,0x0000000080004854] -> 0x0513
mem[X,0x0000000080004856] -> 0x3325
[4634] [M]: 0x0000000080004854 (0x33250513) addi a0, a0, 818
x10 <- 0x00000000B504F332
mem[X,0x0000000080004858] -> 0x0593
mem[X,0x000000008000485A] -> 0xFD45
[4635] [M]: 0x0000000080004858 (0xFD450593) addi a1, a0, 4052
x11 <- 0x00000000B504F306
mem[X,0x000000008000485C] -> 0x3823
mem[X,0x000000008000485E] -> 0x20B1
[4636] [M]: 0x000000008000485C (0x20B13823) sd a1, 528(sp)
mem[0x00000000800083E0] <- 0x00000000B504F306
mem[X,0x0000000080004860] -> 0x0537
mem[X,0x0000000080004862] -> 0x0000
[4637] [M]: 0x0000000080004860 (0x00000537) lui a0, 0
x10 <- 0x0000000000000000
mem[X,0x0000000080004864] -> 0x0513
mem[X,0x0000000080004866] -> 0x0005
[4638] [M]: 0x0000000080004864 (0x00050513) addi a0, a0, 0
x10 <- 0x0000000000000000
mem[X,0x0000000080004868] -> 0x1513
mem[X,0x000000008000486A] -> 0x00B5
[4639] [M]: 0x0000000080004868 (0x00B51513) slli a0, a0, 11
x10 <- 0x0000000000000000
mem[X,0x000000008000486C] -> 0x0513
mem[X,0x000000008000486E] -> 0x5A85
[4640] [M]: 0x000000008000486C (0x5A850513) addi a0, a0, 1448
x10 <- 0x00000000000005A8
mem[X,0x0000000080004870] -> 0x1513
mem[X,0x0000000080004872] -> 0x00B5
[4641] [M]: 0x0000000080004870 (0x00B51513) slli a0, a0, 11
x10 <- 0x00000000002D4000
mem[X,0x0000000080004874] -> 0x0513
mem[X,0x0000000080004876] -> 0x13C5
[4642] [M]: 0x0000000080004874 (0x13C50513) addi a0, a0, 316
x10 <- 0x00000000002D413C
mem[X,0x0000000080004878] -> 0x1513
mem[X,0x000000008000487A] -> 0x00A5
[4643] [M]: 0x0000000080004878 (0x00A51513) slli a0, a0, 10
x10 <- 0x00000000B504F000
mem[X,0x000000008000487C] -> 0x0513
mem[X,0x000000008000487E] -> 0x3325
[4644] [M]: 0x000000008000487C (0x33250513) addi a0, a0, 818
x10 <- 0x00000000B504F332
mem[X,0x0000000080004880] -> 0x0593
mem[X,0x0000000080004882] -> 0x02E5
[4645] [M]: 0x0000000080004880 (0x02E50593) addi a1, a0, 46
x11 <- 0x00000000B504F360
mem[X,0x0000000080004884] -> 0x3C23
mem[X,0x0000000080004886] -> 0x20B1
[4646] [M]: 0x0000000080004884 (0x20B13C23) sd a1, 536(sp)
mem[0x00000000800083E8] <- 0x00000000B504F360
mem[X,0x0000000080004888] -> 0x5537
mem[X,0x000000008000488A] -> 0x5555
[4647] [M]: 0x0000000080004888 (0x55555537) lui a0, 349525
x10 <- 0x0000000055555000
mem[X,0x000000008000488C] -> 0x0513
mem[X,0x000000008000488E] -> 0x5555
[4648] [M]: 0x000000008000488C (0x55550513) addi a0, a0, 1365
x10 <- 0x0000000055555555
mem[X,0x0000000080004890] -> 0x1513
mem[X,0x0000000080004892] -> 0x00B5
[4649] [M]: 0x0000000080004890 (0x00B51513) slli a0, a0, 11
x10 <- 0x000002AAAAAAA800
mem[X,0x0000000080004894] -> 0x0513
mem[X,0x0000000080004896] -> 0x2AA5
[4650] [M]: 0x0000000080004894 (0x2AA50513) addi a0, a0, 682
x10 <- 0x000002AAAAAAAAAA
mem[X,0x0000000080004898] -> 0x1513
mem[X,0x000000008000489A] -> 0x00B5
[4651] [M]: 0x0000000080004898 (0x00B51513) slli a0, a0, 11
x10 <- 0x0015555555555000
mem[X,0x000000008000489C] -> 0x0513
mem[X,0x000000008000489E] -> 0x5555
[4652] [M]: 0x000000008000489C (0x55550513) addi a0, a0, 1365
x10 <- 0x0015555555555555
mem[X,0x00000000800048A0] -> 0x1513
mem[X,0x00000000800048A2] -> 0x00A5
[4653] [M]: 0x00000000800048A0 (0x00A51513) slli a0, a0, 10
x10 <- 0x5555555555555400
mem[X,0x00000000800048A4] -> 0x0513
mem[X,0x00000000800048A6] -> 0x1565
[4654] [M]: 0x00000000800048A4 (0x15650513) addi a0, a0, 342
x10 <- 0x5555555555555556
mem[X,0x00000000800048A8] -> 0x0593
mem[X,0x00000000800048AA] -> 0x0035
[4655] [M]: 0x00000000800048A8 (0x00350593) addi a1, a0, 3
x11 <- 0x5555555555555559
mem[X,0x00000000800048AC] -> 0x3023
mem[X,0x00000000800048AE] -> 0x22B1
[4656] [M]: 0x00000000800048AC (0x22B13023) sd a1, 544(sp)
mem[0x00000000800083F0] <- 0x5555555555555559
mem[X,0x00000000800048B0] -> 0x5537
mem[X,0x00000000800048B2] -> 0x5555
[4657] [M]: 0x00000000800048B0 (0x55555537) lui a0, 349525
x10 <- 0x0000000055555000
mem[X,0x00000000800048B4] -> 0x0513
mem[X,0x00000000800048B6] -> 0x5555
[4658] [M]: 0x00000000800048B4 (0x55550513) addi a0, a0, 1365
x10 <- 0x0000000055555555
mem[X,0x00000000800048B8] -> 0x1513
mem[X,0x00000000800048BA] -> 0x00B5
[4659] [M]: 0x00000000800048B8 (0x00B51513) slli a0, a0, 11
x10 <- 0x000002AAAAAAA800
mem[X,0x00000000800048BC] -> 0x0513
mem[X,0x00000000800048BE] -> 0x2AA5
[4660] [M]: 0x00000000800048BC (0x2AA50513) addi a0, a0, 682
x10 <- 0x000002AAAAAAAAAA
mem[X,0x00000000800048C0] -> 0x1513
mem[X,0x00000000800048C2] -> 0x00B5
[4661] [M]: 0x00000000800048C0 (0x00B51513) slli a0, a0, 11
x10 <- 0x0015555555555000
mem[X,0x00000000800048C4] -> 0x0513
mem[X,0x00000000800048C6] -> 0x5555
[4662] [M]: 0x00000000800048C4 (0x55550513) addi a0, a0, 1365
x10 <- 0x0015555555555555
mem[X,0x00000000800048C8] -> 0x1513
mem[X,0x00000000800048CA] -> 0x00A5
[4663] [M]: 0x00000000800048C8 (0x00A51513) slli a0, a0, 10
x10 <- 0x5555555555555400
mem[X,0x00000000800048CC] -> 0x0513
mem[X,0x00000000800048CE] -> 0x1565
[4664] [M]: 0x00000000800048CC (0x15650513) addi a0, a0, 342
x10 <- 0x5555555555555556
mem[X,0x00000000800048D0] -> 0x0593
mem[X,0x00000000800048D2] -> 0x5555
[4665] [M]: 0x00000000800048D0 (0x55550593) addi a1, a0, 1365
x11 <- 0x5555555555555AAB
mem[X,0x00000000800048D4] -> 0x3423
mem[X,0x00000000800048D6] -> 0x22B1
[4666] [M]: 0x00000000800048D4 (0x22B13423) sd a1, 552(sp)
mem[0x00000000800083F8] <- 0x5555555555555AAB
mem[X,0x00000000800048D8] -> 0x5537
mem[X,0x00000000800048DA] -> 0x5555
[4667] [M]: 0x00000000800048D8 (0x55555537) lui a0, 349525
x10 <- 0x0000000055555000
mem[X,0x00000000800048DC] -> 0x0513
mem[X,0x00000000800048DE] -> 0x5555
[4668] [M]: 0x00000000800048DC (0x55550513) addi a0, a0, 1365
x10 <- 0x0000000055555555
mem[X,0x00000000800048E0] -> 0x1513
mem[X,0x00000000800048E2] -> 0x00B5
[4669] [M]: 0x00000000800048E0 (0x00B51513) slli a0, a0, 11
x10 <- 0x000002AAAAAAA800
mem[X,0x00000000800048E4] -> 0x0513
mem[X,0x00000000800048E6] -> 0x2AA5
[4670] [M]: 0x00000000800048E4 (0x2AA50513) addi a0, a0, 682
x10 <- 0x000002AAAAAAAAAA
mem[X,0x00000000800048E8] -> 0x1513
mem[X,0x00000000800048EA] -> 0x00B5
[4671] [M]: 0x00000000800048E8 (0x00B51513) slli a0, a0, 11
x10 <- 0x0015555555555000
mem[X,0x00000000800048EC] -> 0x0513
mem[X,0x00000000800048EE] -> 0x5555
[4672] [M]: 0x00000000800048EC (0x55550513) addi a0, a0, 1365
x10 <- 0x0015555555555555
mem[X,0x00000000800048F0] -> 0x1513
mem[X,0x00000000800048F2] -> 0x00A5
[4673] [M]: 0x00000000800048F0 (0x00A51513) slli a0, a0, 10
x10 <- 0x5555555555555400
mem[X,0x00000000800048F4] -> 0x0513
mem[X,0x00000000800048F6] -> 0x1565
[4674] [M]: 0x00000000800048F4 (0x15650513) addi a0, a0, 342
x10 <- 0x5555555555555556
mem[X,0x00000000800048F8] -> 0x0593
mem[X,0x00000000800048FA] -> 0xAAA5
[4675] [M]: 0x00000000800048F8 (0xAAA50593) addi a1, a0, 2730
x11 <- 0x5555555555555000
mem[X,0x00000000800048FC] -> 0x3823
mem[X,0x00000000800048FE] -> 0x22B1
[4676] [M]: 0x00000000800048FC (0x22B13823) sd a1, 560(sp)
mem[0x0000000080008400] <- 0x5555555555555000
mem[X,0x0000000080004900] -> 0x5537
mem[X,0x0000000080004902] -> 0x5555
[4677] [M]: 0x0000000080004900 (0x55555537) lui a0, 349525
x10 <- 0x0000000055555000
mem[X,0x0000000080004904] -> 0x0513
mem[X,0x0000000080004906] -> 0x5555
[4678] [M]: 0x0000000080004904 (0x55550513) addi a0, a0, 1365
x10 <- 0x0000000055555555
mem[X,0x0000000080004908] -> 0x1513
mem[X,0x000000008000490A] -> 0x00B5
[4679] [M]: 0x0000000080004908 (0x00B51513) slli a0, a0, 11
x10 <- 0x000002AAAAAAA800
mem[X,0x000000008000490C] -> 0x0513
mem[X,0x000000008000490E] -> 0x2AA5
[4680] [M]: 0x000000008000490C (0x2AA50513) addi a0, a0, 682
x10 <- 0x000002AAAAAAAAAA
mem[X,0x0000000080004910] -> 0x1513
mem[X,0x0000000080004912] -> 0x00B5
[4681] [M]: 0x0000000080004910 (0x00B51513) slli a0, a0, 11
x10 <- 0x0015555555555000
mem[X,0x0000000080004914] -> 0x0513
mem[X,0x0000000080004916] -> 0x5555
[4682] [M]: 0x0000000080004914 (0x55550513) addi a0, a0, 1365
x10 <- 0x0015555555555555
mem[X,0x0000000080004918] -> 0x1513
mem[X,0x000000008000491A] -> 0x00A5
[4683] [M]: 0x0000000080004918 (0x00A51513) slli a0, a0, 10
x10 <- 0x5555555555555400
mem[X,0x000000008000491C] -> 0x0513
mem[X,0x000000008000491E] -> 0x1565
[4684] [M]: 0x000000008000491C (0x15650513) addi a0, a0, 342
x10 <- 0x5555555555555556
mem[X,0x0000000080004920] -> 0x0593
mem[X,0x0000000080004922] -> 0x0055
[4685] [M]: 0x0000000080004920 (0x00550593) addi a1, a0, 5
x11 <- 0x555555555555555B
mem[X,0x0000000080004924] -> 0x3C23
mem[X,0x0000000080004926] -> 0x22B1
[4686] [M]: 0x0000000080004924 (0x22B13C23) sd a1, 568(sp)
mem[0x0000000080008408] <- 0x555555555555555B
mem[X,0x0000000080004928] -> 0x5537
mem[X,0x000000008000492A] -> 0x5555
[4687] [M]: 0x0000000080004928 (0x55555537) lui a0, 349525
x10 <- 0x0000000055555000
mem[X,0x000000008000492C] -> 0x0513
mem[X,0x000000008000492E] -> 0x5555
[4688] [M]: 0x000000008000492C (0x55550513) addi a0, a0, 1365
x10 <- 0x0000000055555555
mem[X,0x0000000080004930] -> 0x1513
mem[X,0x0000000080004932] -> 0x00B5
[4689] [M]: 0x0000000080004930 (0x00B51513) slli a0, a0, 11
x10 <- 0x000002AAAAAAA800
mem[X,0x0000000080004934] -> 0x0513
mem[X,0x0000000080004936] -> 0x2AA5
[4690] [M]: 0x0000000080004934 (0x2AA50513) addi a0, a0, 682
x10 <- 0x000002AAAAAAAAAA
mem[X,0x0000000080004938] -> 0x1513
mem[X,0x000000008000493A] -> 0x00B5
[4691] [M]: 0x0000000080004938 (0x00B51513) slli a0, a0, 11
x10 <- 0x0015555555555000
mem[X,0x000000008000493C] -> 0x0513
mem[X,0x000000008000493E] -> 0x5555
[4692] [M]: 0x000000008000493C (0x55550513) addi a0, a0, 1365
x10 <- 0x0015555555555555
mem[X,0x0000000080004940] -> 0x1513
mem[X,0x0000000080004942] -> 0x00A5
[4693] [M]: 0x0000000080004940 (0x00A51513) slli a0, a0, 10
x10 <- 0x5555555555555400
mem[X,0x0000000080004944] -> 0x0513
mem[X,0x0000000080004946] -> 0x1565
[4694] [M]: 0x0000000080004944 (0x15650513) addi a0, a0, 342
x10 <- 0x5555555555555556
mem[X,0x0000000080004948] -> 0x0593
mem[X,0x000000008000494A] -> 0x3335
[4695] [M]: 0x0000000080004948 (0x33350593) addi a1, a0, 819
x11 <- 0x5555555555555889
mem[X,0x000000008000494C] -> 0x3023
mem[X,0x000000008000494E] -> 0x24B1
[4696] [M]: 0x000000008000494C (0x24B13023) sd a1, 576(sp)
mem[0x0000000080008410] <- 0x5555555555555889
mem[X,0x0000000080004950] -> 0x5537
mem[X,0x0000000080004952] -> 0x5555
[4697] [M]: 0x0000000080004950 (0x55555537) lui a0, 349525
x10 <- 0x0000000055555000
mem[X,0x0000000080004954] -> 0x0513
mem[X,0x0000000080004956] -> 0x5555
[4698] [M]: 0x0000000080004954 (0x55550513) addi a0, a0, 1365
x10 <- 0x0000000055555555
mem[X,0x0000000080004958] -> 0x1513
mem[X,0x000000008000495A] -> 0x00B5
[4699] [M]: 0x0000000080004958 (0x00B51513) slli a0, a0, 11
x10 <- 0x000002AAAAAAA800
clint::tick mtime <- 0x000000000000002F
 clint timer pending at mtime 0x000000000000002F
htif::tick 0x0000000000000000
mem[X,0x000000008000495C] -> 0x0513
mem[X,0x000000008000495E] -> 0x2AA5
[4700] [M]: 0x000000008000495C (0x2AA50513) addi a0, a0, 682
x10 <- 0x000002AAAAAAAAAA
mem[X,0x0000000080004960] -> 0x1513
mem[X,0x0000000080004962] -> 0x00B5
[4701] [M]: 0x0000000080004960 (0x00B51513) slli a0, a0, 11
x10 <- 0x0015555555555000
mem[X,0x0000000080004964] -> 0x0513
mem[X,0x0000000080004966] -> 0x5555
[4702] [M]: 0x0000000080004964 (0x55550513) addi a0, a0, 1365
x10 <- 0x0015555555555555
mem[X,0x0000000080004968] -> 0x1513
mem[X,0x000000008000496A] -> 0x00A5
[4703] [M]: 0x0000000080004968 (0x00A51513) slli a0, a0, 10
x10 <- 0x5555555555555400
mem[X,0x000000008000496C] -> 0x0513
mem[X,0x000000008000496E] -> 0x1565
[4704] [M]: 0x000000008000496C (0x15650513) addi a0, a0, 342
x10 <- 0x5555555555555556
mem[X,0x0000000080004970] -> 0x0593
mem[X,0x0000000080004972] -> 0x6665
[4705] [M]: 0x0000000080004970 (0x66650593) addi a1, a0, 1638
x11 <- 0x5555555555555BBC
mem[X,0x0000000080004974] -> 0x3423
mem[X,0x0000000080004976] -> 0x24B1
[4706] [M]: 0x0000000080004974 (0x24B13423) sd a1, 584(sp)
mem[0x0000000080008418] <- 0x5555555555555BBC
mem[X,0x0000000080004978] -> 0x5537
mem[X,0x000000008000497A] -> 0x5555
[4707] [M]: 0x0000000080004978 (0x55555537) lui a0, 349525
x10 <- 0x0000000055555000
mem[X,0x000000008000497C] -> 0x0513
mem[X,0x000000008000497E] -> 0x5555
[4708] [M]: 0x000000008000497C (0x55550513) addi a0, a0, 1365
x10 <- 0x0000000055555555
mem[X,0x0000000080004980] -> 0x1513
mem[X,0x0000000080004982] -> 0x00B5
[4709] [M]: 0x0000000080004980 (0x00B51513) slli a0, a0, 11
x10 <- 0x000002AAAAAAA800
mem[X,0x0000000080004984] -> 0x0513
mem[X,0x0000000080004986] -> 0x2AA5
[4710] [M]: 0x0000000080004984 (0x2AA50513) addi a0, a0, 682
x10 <- 0x000002AAAAAAAAAA
mem[X,0x0000000080004988] -> 0x1513
mem[X,0x000000008000498A] -> 0x00B5
[4711] [M]: 0x0000000080004988 (0x00B51513) slli a0, a0, 11
x10 <- 0x0015555555555000
mem[X,0x000000008000498C] -> 0x0513
mem[X,0x000000008000498E] -> 0x5555
[4712] [M]: 0x000000008000498C (0x55550513) addi a0, a0, 1365
x10 <- 0x0015555555555555
mem[X,0x0000000080004990] -> 0x1513
mem[X,0x0000000080004992] -> 0x00A5
[4713] [M]: 0x0000000080004990 (0x00A51513) slli a0, a0, 10
x10 <- 0x5555555555555400
mem[X,0x0000000080004994] -> 0x0513
mem[X,0x0000000080004996] -> 0x1565
[4714] [M]: 0x0000000080004994 (0x15650513) addi a0, a0, 342
x10 <- 0x5555555555555556
mem[X,0x0000000080004998] -> 0x0593
mem[X,0x000000008000499A] -> 0xFD35
[4715] [M]: 0x0000000080004998 (0xFD350593) addi a1, a0, 4051
x11 <- 0x5555555555555529
mem[X,0x000000008000499C] -> 0x3823
mem[X,0x000000008000499E] -> 0x24B1
[4716] [M]: 0x000000008000499C (0x24B13823) sd a1, 592(sp)
mem[0x0000000080008420] <- 0x5555555555555529
mem[X,0x00000000800049A0] -> 0x5537
mem[X,0x00000000800049A2] -> 0x5555
[4717] [M]: 0x00000000800049A0 (0x55555537) lui a0, 349525
x10 <- 0x0000000055555000
mem[X,0x00000000800049A4] -> 0x0513
mem[X,0x00000000800049A6] -> 0x5555
[4718] [M]: 0x00000000800049A4 (0x55550513) addi a0, a0, 1365
x10 <- 0x0000000055555555
mem[X,0x00000000800049A8] -> 0x1513
mem[X,0x00000000800049AA] -> 0x00B5
[4719] [M]: 0x00000000800049A8 (0x00B51513) slli a0, a0, 11
x10 <- 0x000002AAAAAAA800
mem[X,0x00000000800049AC] -> 0x0513
mem[X,0x00000000800049AE] -> 0x2AA5
[4720] [M]: 0x00000000800049AC (0x2AA50513) addi a0, a0, 682
x10 <- 0x000002AAAAAAAAAA
mem[X,0x00000000800049B0] -> 0x1513
mem[X,0x00000000800049B2] -> 0x00B5
[4721] [M]: 0x00000000800049B0 (0x00B51513) slli a0, a0, 11
x10 <- 0x0015555555555000
mem[X,0x00000000800049B4] -> 0x0513
mem[X,0x00000000800049B6] -> 0x5555
[4722] [M]: 0x00000000800049B4 (0x55550513) addi a0, a0, 1365
x10 <- 0x0015555555555555
mem[X,0x00000000800049B8] -> 0x1513
mem[X,0x00000000800049BA] -> 0x00A5
[4723] [M]: 0x00000000800049B8 (0x00A51513) slli a0, a0, 10
x10 <- 0x5555555555555400
mem[X,0x00000000800049BC] -> 0x0513
mem[X,0x00000000800049BE] -> 0x1565
[4724] [M]: 0x00000000800049BC (0x15650513) addi a0, a0, 342
x10 <- 0x5555555555555556
mem[X,0x00000000800049C0] -> 0x0593
mem[X,0x00000000800049C2] -> 0x02D5
[4725] [M]: 0x00000000800049C0 (0x02D50593) addi a1, a0, 45
x11 <- 0x5555555555555583
mem[X,0x00000000800049C4] -> 0x3C23
mem[X,0x00000000800049C6] -> 0x24B1
[4726] [M]: 0x00000000800049C4 (0x24B13C23) sd a1, 600(sp)
mem[0x0000000080008428] <- 0x5555555555555583
mem[X,0x00000000800049C8] -> 0x5537
mem[X,0x00000000800049CA] -> 0x5555
[4727] [M]: 0x00000000800049C8 (0x55555537) lui a0, 349525
x10 <- 0x0000000055555000
mem[X,0x00000000800049CC] -> 0x0513
mem[X,0x00000000800049CE] -> 0x5555
[4728] [M]: 0x00000000800049CC (0x55550513) addi a0, a0, 1365
x10 <- 0x0000000055555555
mem[X,0x00000000800049D0] -> 0x1513
mem[X,0x00000000800049D2] -> 0x00B5
[4729] [M]: 0x00000000800049D0 (0x00B51513) slli a0, a0, 11
x10 <- 0x000002AAAAAAA800
mem[X,0x00000000800049D4] -> 0x0513
mem[X,0x00000000800049D6] -> 0x2AA5
[4730] [M]: 0x00000000800049D4 (0x2AA50513) addi a0, a0, 682
x10 <- 0x000002AAAAAAAAAA
mem[X,0x00000000800049D8] -> 0x1513
mem[X,0x00000000800049DA] -> 0x00B5
[4731] [M]: 0x00000000800049D8 (0x00B51513) slli a0, a0, 11
x10 <- 0x0015555555555000
mem[X,0x00000000800049DC] -> 0x0513
mem[X,0x00000000800049DE] -> 0x5555
[4732] [M]: 0x00000000800049DC (0x55550513) addi a0, a0, 1365
x10 <- 0x0015555555555555
mem[X,0x00000000800049E0] -> 0x1513
mem[X,0x00000000800049E2] -> 0x00A5
[4733] [M]: 0x00000000800049E0 (0x00A51513) slli a0, a0, 10
x10 <- 0x5555555555555400
mem[X,0x00000000800049E4] -> 0x0513
mem[X,0x00000000800049E6] -> 0x1565
[4734] [M]: 0x00000000800049E4 (0x15650513) addi a0, a0, 342
x10 <- 0x5555555555555556
mem[X,0x00000000800049E8] -> 0x0593
mem[X,0x00000000800049EA] -> 0x0025
[4735] [M]: 0x00000000800049E8 (0x00250593) addi a1, a0, 2
x11 <- 0x5555555555555558
mem[X,0x00000000800049EC] -> 0x3023
mem[X,0x00000000800049EE] -> 0x26B1
[4736] [M]: 0x00000000800049EC (0x26B13023) sd a1, 608(sp)
mem[0x0000000080008430] <- 0x5555555555555558
mem[X,0x00000000800049F0] -> 0x5537
mem[X,0x00000000800049F2] -> 0x5555
[4737] [M]: 0x00000000800049F0 (0x55555537) lui a0, 349525
x10 <- 0x0000000055555000
mem[X,0x00000000800049F4] -> 0x0513
mem[X,0x00000000800049F6] -> 0x5555
[4738] [M]: 0x00000000800049F4 (0x55550513) addi a0, a0, 1365
x10 <- 0x0000000055555555
mem[X,0x00000000800049F8] -> 0x1513
mem[X,0x00000000800049FA] -> 0x00B5
[4739] [M]: 0x00000000800049F8 (0x00B51513) slli a0, a0, 11
x10 <- 0x000002AAAAAAA800
mem[X,0x00000000800049FC] -> 0x0513
mem[X,0x00000000800049FE] -> 0x2AA5
[4740] [M]: 0x00000000800049FC (0x2AA50513) addi a0, a0, 682
x10 <- 0x000002AAAAAAAAAA
mem[X,0x0000000080004A00] -> 0x1513
mem[X,0x0000000080004A02] -> 0x00B5
[4741] [M]: 0x0000000080004A00 (0x00B51513) slli a0, a0, 11
x10 <- 0x0015555555555000
mem[X,0x0000000080004A04] -> 0x0513
mem[X,0x0000000080004A06] -> 0x5555
[4742] [M]: 0x0000000080004A04 (0x55550513) addi a0, a0, 1365
x10 <- 0x0015555555555555
mem[X,0x0000000080004A08] -> 0x1513
mem[X,0x0000000080004A0A] -> 0x00A5
[4743] [M]: 0x0000000080004A08 (0x00A51513) slli a0, a0, 10
x10 <- 0x5555555555555400
mem[X,0x0000000080004A0C] -> 0x0513
mem[X,0x0000000080004A0E] -> 0x1565
[4744] [M]: 0x0000000080004A0C (0x15650513) addi a0, a0, 342
x10 <- 0x5555555555555556
mem[X,0x0000000080004A10] -> 0x0593
mem[X,0x0000000080004A12] -> 0x5545
[4745] [M]: 0x0000000080004A10 (0x55450593) addi a1, a0, 1364
x11 <- 0x5555555555555AAA
mem[X,0x0000000080004A14] -> 0x3423
mem[X,0x0000000080004A16] -> 0x26B1
[4746] [M]: 0x0000000080004A14 (0x26B13423) sd a1, 616(sp)
mem[0x0000000080008438] <- 0x5555555555555AAA
mem[X,0x0000000080004A18] -> 0x5537
mem[X,0x0000000080004A1A] -> 0x5555
[4747] [M]: 0x0000000080004A18 (0x55555537) lui a0, 349525
x10 <- 0x0000000055555000
mem[X,0x0000000080004A1C] -> 0x0513
mem[X,0x0000000080004A1E] -> 0x5555
[4748] [M]: 0x0000000080004A1C (0x55550513) addi a0, a0, 1365
x10 <- 0x0000000055555555
mem[X,0x0000000080004A20] -> 0x1513
mem[X,0x0000000080004A22] -> 0x00B5
[4749] [M]: 0x0000000080004A20 (0x00B51513) slli a0, a0, 11
x10 <- 0x000002AAAAAAA800
mem[X,0x0000000080004A24] -> 0x0513
mem[X,0x0000000080004A26] -> 0x2AA5
[4750] [M]: 0x0000000080004A24 (0x2AA50513) addi a0, a0, 682
x10 <- 0x000002AAAAAAAAAA
mem[X,0x0000000080004A28] -> 0x1513
mem[X,0x0000000080004A2A] -> 0x00B5
[4751] [M]: 0x0000000080004A28 (0x00B51513) slli a0, a0, 11
x10 <- 0x0015555555555000
mem[X,0x0000000080004A2C] -> 0x0513
mem[X,0x0000000080004A2E] -> 0x5555
[4752] [M]: 0x0000000080004A2C (0x55550513) addi a0, a0, 1365
x10 <- 0x0015555555555555
mem[X,0x0000000080004A30] -> 0x1513
mem[X,0x0000000080004A32] -> 0x00A5
[4753] [M]: 0x0000000080004A30 (0x00A51513) slli a0, a0, 10
x10 <- 0x5555555555555400
mem[X,0x0000000080004A34] -> 0x0513
mem[X,0x0000000080004A36] -> 0x1565
[4754] [M]: 0x0000000080004A34 (0x15650513) addi a0, a0, 342
x10 <- 0x5555555555555556
mem[X,0x0000000080004A38] -> 0x0593
mem[X,0x0000000080004A3A] -> 0x0005
[4755] [M]: 0x0000000080004A38 (0x00050593) addi a1, a0, 0
x11 <- 0x5555555555555556
mem[X,0x0000000080004A3C] -> 0x3823
mem[X,0x0000000080004A3E] -> 0x26B1
[4756] [M]: 0x0000000080004A3C (0x26B13823) sd a1, 624(sp)
mem[0x0000000080008440] <- 0x5555555555555556
mem[X,0x0000000080004A40] -> 0x5537
mem[X,0x0000000080004A42] -> 0x5555
[4757] [M]: 0x0000000080004A40 (0x55555537) lui a0, 349525
x10 <- 0x0000000055555000
mem[X,0x0000000080004A44] -> 0x0513
mem[X,0x0000000080004A46] -> 0x5555
[4758] [M]: 0x0000000080004A44 (0x55550513) addi a0, a0, 1365
x10 <- 0x0000000055555555
mem[X,0x0000000080004A48] -> 0x1513
mem[X,0x0000000080004A4A] -> 0x00B5
[4759] [M]: 0x0000000080004A48 (0x00B51513) slli a0, a0, 11
x10 <- 0x000002AAAAAAA800
mem[X,0x0000000080004A4C] -> 0x0513
mem[X,0x0000000080004A4E] -> 0x2AA5
[4760] [M]: 0x0000000080004A4C (0x2AA50513) addi a0, a0, 682
x10 <- 0x000002AAAAAAAAAA
mem[X,0x0000000080004A50] -> 0x1513
mem[X,0x0000000080004A52] -> 0x00B5
[4761] [M]: 0x0000000080004A50 (0x00B51513) slli a0, a0, 11
x10 <- 0x0015555555555000
mem[X,0x0000000080004A54] -> 0x0513
mem[X,0x0000000080004A56] -> 0x5555
[4762] [M]: 0x0000000080004A54 (0x55550513) addi a0, a0, 1365
x10 <- 0x0015555555555555
mem[X,0x0000000080004A58] -> 0x1513
mem[X,0x0000000080004A5A] -> 0x00A5
[4763] [M]: 0x0000000080004A58 (0x00A51513) slli a0, a0, 10
x10 <- 0x5555555555555400
mem[X,0x0000000080004A5C] -> 0x0513
mem[X,0x0000000080004A5E] -> 0x1565
[4764] [M]: 0x0000000080004A5C (0x15650513) addi a0, a0, 342
x10 <- 0x5555555555555556
mem[X,0x0000000080004A60] -> 0x0593
mem[X,0x0000000080004A62] -> 0x0045
[4765] [M]: 0x0000000080004A60 (0x00450593) addi a1, a0, 4
x11 <- 0x555555555555555A
mem[X,0x0000000080004A64] -> 0x3C23
mem[X,0x0000000080004A66] -> 0x26B1
[4766] [M]: 0x0000000080004A64 (0x26B13C23) sd a1, 632(sp)
mem[0x0000000080008448] <- 0x555555555555555A
mem[X,0x0000000080004A68] -> 0x5537
mem[X,0x0000000080004A6A] -> 0x5555
[4767] [M]: 0x0000000080004A68 (0x55555537) lui a0, 349525
x10 <- 0x0000000055555000
mem[X,0x0000000080004A6C] -> 0x0513
mem[X,0x0000000080004A6E] -> 0x5555
[4768] [M]: 0x0000000080004A6C (0x55550513) addi a0, a0, 1365
x10 <- 0x0000000055555555
mem[X,0x0000000080004A70] -> 0x1513
mem[X,0x0000000080004A72] -> 0x00B5
[4769] [M]: 0x0000000080004A70 (0x00B51513) slli a0, a0, 11
x10 <- 0x000002AAAAAAA800
mem[X,0x0000000080004A74] -> 0x0513
mem[X,0x0000000080004A76] -> 0x2AA5
[4770] [M]: 0x0000000080004A74 (0x2AA50513) addi a0, a0, 682
x10 <- 0x000002AAAAAAAAAA
mem[X,0x0000000080004A78] -> 0x1513
mem[X,0x0000000080004A7A] -> 0x00B5
[4771] [M]: 0x0000000080004A78 (0x00B51513) slli a0, a0, 11
x10 <- 0x0015555555555000
mem[X,0x0000000080004A7C] -> 0x0513
mem[X,0x0000000080004A7E] -> 0x5555
[4772] [M]: 0x0000000080004A7C (0x55550513) addi a0, a0, 1365
x10 <- 0x0015555555555555
mem[X,0x0000000080004A80] -> 0x1513
mem[X,0x0000000080004A82] -> 0x00A5
[4773] [M]: 0x0000000080004A80 (0x00A51513) slli a0, a0, 10
x10 <- 0x5555555555555400
mem[X,0x0000000080004A84] -> 0x0513
mem[X,0x0000000080004A86] -> 0x1565
[4774] [M]: 0x0000000080004A84 (0x15650513) addi a0, a0, 342
x10 <- 0x5555555555555556
mem[X,0x0000000080004A88] -> 0x0593
mem[X,0x0000000080004A8A] -> 0x3325
[4775] [M]: 0x0000000080004A88 (0x33250593) addi a1, a0, 818
x11 <- 0x5555555555555888
mem[X,0x0000000080004A8C] -> 0x3023
mem[X,0x0000000080004A8E] -> 0x28B1
[4776] [M]: 0x0000000080004A8C (0x28B13023) sd a1, 640(sp)
mem[0x0000000080008450] <- 0x5555555555555888
mem[X,0x0000000080004A90] -> 0x5537
mem[X,0x0000000080004A92] -> 0x5555
[4777] [M]: 0x0000000080004A90 (0x55555537) lui a0, 349525
x10 <- 0x0000000055555000
mem[X,0x0000000080004A94] -> 0x0513
mem[X,0x0000000080004A96] -> 0x5555
[4778] [M]: 0x0000000080004A94 (0x55550513) addi a0, a0, 1365
x10 <- 0x0000000055555555
mem[X,0x0000000080004A98] -> 0x1513
mem[X,0x0000000080004A9A] -> 0x00B5
[4779] [M]: 0x0000000080004A98 (0x00B51513) slli a0, a0, 11
x10 <- 0x000002AAAAAAA800
mem[X,0x0000000080004A9C] -> 0x0513
mem[X,0x0000000080004A9E] -> 0x2AA5
[4780] [M]: 0x0000000080004A9C (0x2AA50513) addi a0, a0, 682
x10 <- 0x000002AAAAAAAAAA
mem[X,0x0000000080004AA0] -> 0x1513
mem[X,0x0000000080004AA2] -> 0x00B5
[4781] [M]: 0x0000000080004AA0 (0x00B51513) slli a0, a0, 11
x10 <- 0x0015555555555000
mem[X,0x0000000080004AA4] -> 0x0513
mem[X,0x0000000080004AA6] -> 0x5555
[4782] [M]: 0x0000000080004AA4 (0x55550513) addi a0, a0, 1365
x10 <- 0x0015555555555555
mem[X,0x0000000080004AA8] -> 0x1513
mem[X,0x0000000080004AAA] -> 0x00A5
[4783] [M]: 0x0000000080004AA8 (0x00A51513) slli a0, a0, 10
x10 <- 0x5555555555555400
mem[X,0x0000000080004AAC] -> 0x0513
mem[X,0x0000000080004AAE] -> 0x1565
[4784] [M]: 0x0000000080004AAC (0x15650513) addi a0, a0, 342
x10 <- 0x5555555555555556
mem[X,0x0000000080004AB0] -> 0x0593
mem[X,0x0000000080004AB2] -> 0x6655
[4785] [M]: 0x0000000080004AB0 (0x66550593) addi a1, a0, 1637
x11 <- 0x5555555555555BBB
mem[X,0x0000000080004AB4] -> 0x3423
mem[X,0x0000000080004AB6] -> 0x28B1
[4786] [M]: 0x0000000080004AB4 (0x28B13423) sd a1, 648(sp)
mem[0x0000000080008458] <- 0x5555555555555BBB
mem[X,0x0000000080004AB8] -> 0x0513
mem[X,0x0000000080004ABA] -> 0xFFF0
[4787] [M]: 0x0000000080004AB8 (0xFFF00513) addi a0, zero, 4095
x10 <- 0xFFFFFFFFFFFFFFFF
mem[X,0x0000000080004ABC] -> 0x5513
mem[X,0x0000000080004ABE] -> 0x0015
[4788] [M]: 0x0000000080004ABC (0x00155513) srli a0, a0, 1
x10 <- 0x7FFFFFFFFFFFFFFF
mem[X,0x0000000080004AC0] -> 0x0593
mem[X,0x0000000080004AC2] -> 0xDFF5
[4789] [M]: 0x0000000080004AC0 (0xDFF50593) addi a1, a0, 3583
x11 <- 0x7FFFFFFFFFFFFDFE
mem[X,0x0000000080004AC4] -> 0x3823
mem[X,0x0000000080004AC6] -> 0x28B1
[4790] [M]: 0x0000000080004AC4 (0x28B13823) sd a1, 656(sp)
mem[0x0000000080008460] <- 0x7FFFFFFFFFFFFDFE
mem[X,0x0000000080004AC8] -> 0x0513
mem[X,0x0000000080004ACA] -> 0xFEF0
[4791] [M]: 0x0000000080004AC8 (0xFEF00513) addi a0, zero, 4079
x10 <- 0xFFFFFFFFFFFFFFEF
mem[X,0x0000000080004ACC] -> 0x0593
mem[X,0x0000000080004ACE] -> 0x4005
[4792] [M]: 0x0000000080004ACC (0x40050593) addi a1, a0, 1024
x11 <- 0x00000000000003EF
mem[X,0x0000000080004AD0] -> 0x3C23
mem[X,0x0000000080004AD2] -> 0x28B1
[4793] [M]: 0x0000000080004AD0 (0x28B13C23) sd a1, 664(sp)
mem[0x0000000080008468] <- 0x00000000000003EF
mem[X,0x0000000080004AD4] -> 0x006F
mem[X,0x0000000080004AD6] -> 0x0380
[4794] [M]: 0x0000000080004AD4 (0x0380006F) jal zero, 56
mem[X,0x0000000080004B0C] -> 0x0093
mem[X,0x0000000080004B0E] -> 0x0010
[4795] [M]: 0x0000000080004B0C (0x00100093) addi ra, zero, 1
x1 <- 0x0000000000000001
mem[X,0x0000000080004B10] -> 0x0F17
mem[X,0x0000000080004B12] -> 0x0000
[4796] [M]: 0x0000000080004B10 (0x00000F17) auipc t5, 0
x30 <- 0x0000000080004B10
mem[X,0x0000000080004B14] -> 0x2823
mem[X,0x0000000080004B16] -> 0x4E1F
[4797] [M]: 0x0000000080004B14 (0x4E1F2823) sw ra, 1264(t5)
htif[0x0000000080005000] <- 0x00000001
mem[X,0x0000000080004B18] -> 0xF06F
mem[X,0x0000000080004B1A] -> 0xFF9F
[4798] [M]: 0x0000000080004B18 (0xFF9FF06F) jal zero, 2097144
mem[X,0x0000000080004B10] -> 0x0F17
mem[X,0x0000000080004B12] -> 0x0000
[4799] [M]: 0x0000000080004B10 (0x00000F17) auipc t5, 0
x30 <- 0x0000000080004B10
clint::tick mtime <- 0x0000000000000030
 clint timer pending at mtime 0x0000000000000030
htif::tick 0x0000000000000001
mem[X,0x0000000080004B14] -> 0x2823
mem[X,0x0000000080004B16] -> 0x4E1F
[4800] [M]: 0x0000000080004B14 (0x4E1F2823) sw ra, 1264(t5)
htif[0x0000000080005000] <- 0x00000001
mem[X,0x0000000080004B18] -> 0xF06F
mem[X,0x0000000080004B1A] -> 0xFF9F
[4801] [M]: 0x0000000080004B18 (0xFF9FF06F) jal zero, 2097144
mem[X,0x0000000080004B10] -> 0x0F17
mem[X,0x0000000080004B12] -> 0x0000
[4802] [M]: 0x0000000080004B10 (0x00000F17) auipc t5, 0
x30 <- 0x0000000080004B10
mem[X,0x0000000080004B14] -> 0x2823
mem[X,0x0000000080004B16] -> 0x4E1F
[4803] [M]: 0x0000000080004B14 (0x4E1F2823) sw ra, 1264(t5)
htif[0x0000000080005000] <- 0x00000001
htif-syscall-proxy cmd: 0x000000000001
SUCCESS
