using /home/minami/vscode/github/riscv-cof/test/riscof_work/rv64i_m/C/src/candi-01.S/ref/Reference-sail_c_simulator.signature for test-signature output.
tohost located at 0x80004000
Running file ref.elf.
ELF Entry @ 0x80000000
begin_signature: 0x80006110
end_signature: 0x80006ee0
CSR mstatus <- 0x0000000A00000000 (input: 0x0000000000000000)
mem[X,0x0000000000001000] -> 0x0297
mem[X,0x0000000000001002] -> 0x0000
[0] [M]: 0x0000000000001000 (0x00000297) auipc t0, 0
x5 <- 0x0000000000001000
mem[X,0x0000000000001004] -> 0x8593
mem[X,0x0000000000001006] -> 0x0202
[1] [M]: 0x0000000000001004 (0x02028593) addi a1, t0, 32
x11 <- 0x0000000000001020
mem[X,0x0000000000001008] -> 0x2573
mem[X,0x000000000000100A] -> 0xF140
[2] [M]: 0x0000000000001008 (0xF1402573) csrrs a0, mhartid, zero
CSR mhartid -> 0x0000000000000000
x10 <- 0x0000000000000000
mem[X,0x000000000000100C] -> 0xB283
mem[X,0x000000000000100E] -> 0x0182
[3] [M]: 0x000000000000100C (0x0182B283) ld t0, 24(t0)
mem[R,0x0000000000001018] -> 0x0000000080000000
x5 <- 0x0000000080000000
mem[X,0x0000000000001010] -> 0x8067
mem[X,0x0000000000001012] -> 0x0002
[4] [M]: 0x0000000000001010 (0x00028067) jalr zero, t0, 0
mem[X,0x0000000080000000] -> 0xC0B7
mem[X,0x0000000080000002] -> 0xFEED
[5] [M]: 0x0000000080000000 (0xFEEDC0B7) lui ra, 1044188
x1 <- 0xFFFFFFFFFEEDC000
mem[X,0x0000000080000004] -> 0x8093
mem[X,0x0000000080000006] -> 0xEAD0
[6] [M]: 0x0000000080000004 (0xEAD08093) addi ra, ra, 3757
x1 <- 0xFFFFFFFFFEEDBEAD
mem[X,0x0000000080000008] -> 0x9093
mem[X,0x000000008000000A] -> 0x00B0
[7] [M]: 0x0000000080000008 (0x00B09093) slli ra, ra, 11
x1 <- 0xFFFFFFF76DF56800
mem[X,0x000000008000000C] -> 0x8093
mem[X,0x000000008000000E] -> 0x7F70
[8] [M]: 0x000000008000000C (0x7F708093) addi ra, ra, 2039
x1 <- 0xFFFFFFF76DF56FF7
mem[X,0x0000000080000010] -> 0x9093
mem[X,0x0000000080000012] -> 0x00B0
[9] [M]: 0x0000000080000010 (0x00B09093) slli ra, ra, 11
x1 <- 0xFFFFBB6FAB7FB800
mem[X,0x0000000080000014] -> 0x8093
mem[X,0x0000000080000016] -> 0x36F0
[10] [M]: 0x0000000080000014 (0x36F08093) addi ra, ra, 879
x1 <- 0xFFFFBB6FAB7FBB6F
mem[X,0x0000000080000018] -> 0x9093
mem[X,0x000000008000001A] -> 0x00A0
[11] [M]: 0x0000000080000018 (0x00A09093) slli ra, ra, 10
x1 <- 0xFEEDBEADFEEDBC00
mem[X,0x000000008000001C] -> 0x8093
mem[X,0x000000008000001E] -> 0x2AD0
[12] [M]: 0x000000008000001C (0x2AD08093) addi ra, ra, 685
x1 <- 0xFEEDBEADFEEDBEAD
mem[X,0x0000000080000020] -> 0xE137
mem[X,0x0000000080000022] -> 0xFF76
[13] [M]: 0x0000000080000020 (0xFF76E137) lui sp, 1046382
x2 <- 0xFFFFFFFFFF76E000
mem[X,0x0000000080000024] -> 0x0113
mem[X,0x0000000080000026] -> 0xF561
[14] [M]: 0x0000000080000024 (0xF5610113) addi sp, sp, 3926
x2 <- 0xFFFFFFFFFF76DF56
mem[X,0x0000000080000028] -> 0x1113
mem[X,0x000000008000002A] -> 0x00B1
[15] [M]: 0x0000000080000028 (0x00B11113) slli sp, sp, 11
x2 <- 0xFFFFFFFBB6FAB000
mem[X,0x000000008000002C] -> 0x0113
mem[X,0x000000008000002E] -> 0x7FB1
[16] [M]: 0x000000008000002C (0x7FB10113) addi sp, sp, 2043
x2 <- 0xFFFFFFFBB6FAB7FB
mem[X,0x0000000080000030] -> 0x1113
mem[X,0x0000000080000032] -> 0x00B1
[17] [M]: 0x0000000080000030 (0x00B11113) slli sp, sp, 11
x2 <- 0xFFFFDDB7D5BFD800
mem[X,0x0000000080000034] -> 0x0113
mem[X,0x0000000080000036] -> 0x5B71
[18] [M]: 0x0000000080000034 (0x5B710113) addi sp, sp, 1463
x2 <- 0xFFFFDDB7D5BFDDB7
mem[X,0x0000000080000038] -> 0x1113
mem[X,0x000000008000003A] -> 0x00A1
[19] [M]: 0x0000000080000038 (0x00A11113) slli sp, sp, 10
x2 <- 0xFF76DF56FF76DC00
mem[X,0x000000008000003C] -> 0x0113
mem[X,0x000000008000003E] -> 0x3561
[20] [M]: 0x000000008000003C (0x35610113) addi sp, sp, 854
x2 <- 0xFF76DF56FF76DF56
mem[X,0x0000000080000040] -> 0x71B7
mem[X,0x0000000080000042] -> 0x7FBB
[21] [M]: 0x0000000080000040 (0x7FBB71B7) lui gp, 523191
x3 <- 0x000000007FBB7000
mem[X,0x0000000080000044] -> 0x8193
mem[X,0x0000000080000046] -> 0xFAB1
[22] [M]: 0x0000000080000044 (0xFAB18193) addi gp, gp, 4011
x3 <- 0x000000007FBB6FAB
mem[X,0x0000000080000048] -> 0x9193
mem[X,0x000000008000004A] -> 0x00B1
[23] [M]: 0x0000000080000048 (0x00B19193) slli gp, gp, 11
x3 <- 0x000003FDDB7D5800
mem[X,0x000000008000004C] -> 0x8193
mem[X,0x000000008000004E] -> 0x3FD1
[24] [M]: 0x000000008000004C (0x3FD18193) addi gp, gp, 1021
x3 <- 0x000003FDDB7D5BFD
mem[X,0x0000000080000050] -> 0x9193
mem[X,0x0000000080000052] -> 0x00B1
[25] [M]: 0x0000000080000050 (0x00B19193) slli gp, gp, 11
x3 <- 0x001FEEDBEADFE800
mem[X,0x0000000080000054] -> 0x8193
mem[X,0x0000000080000056] -> 0x6DB1
[26] [M]: 0x0000000080000054 (0x6DB18193) addi gp, gp, 1755
x3 <- 0x001FEEDBEADFEEDB
mem[X,0x0000000080000058] -> 0x9193
mem[X,0x000000008000005A] -> 0x00A1
[27] [M]: 0x0000000080000058 (0x00A19193) slli gp, gp, 10
x3 <- 0x7FBB6FAB7FBB6C00
mem[X,0x000000008000005C] -> 0x8193
mem[X,0x000000008000005E] -> 0x3AB1
[28] [M]: 0x000000008000005C (0x3AB18193) addi gp, gp, 939
x3 <- 0x7FBB6FAB7FBB6FAB
mem[X,0x0000000080000060] -> 0xB237
mem[X,0x0000000080000062] -> 0xBFDD
[29] [M]: 0x0000000080000060 (0xBFDDB237) lui tp, 785883
x4 <- 0xFFFFFFFFBFDDB000
mem[X,0x0000000080000064] -> 0x0213
mem[X,0x0000000080000066] -> 0x7D52
[30] [M]: 0x0000000080000064 (0x7D520213) addi tp, tp, 2005
x4 <- 0xFFFFFFFFBFDDB7D5
mem[X,0x0000000080000068] -> 0x1213
mem[X,0x000000008000006A] -> 0x00B2
[31] [M]: 0x0000000080000068 (0x00B21213) slli tp, tp, 11
x4 <- 0xFFFFFDFEEDBEA800
mem[X,0x000000008000006C] -> 0x0213
mem[X,0x000000008000006E] -> 0x5FE2
[32] [M]: 0x000000008000006C (0x5FE20213) addi tp, tp, 1534
x4 <- 0xFFFFFDFEEDBEADFE
mem[X,0x0000000080000070] -> 0x1213
mem[X,0x0000000080000072] -> 0x00B2
[33] [M]: 0x0000000080000070 (0x00B21213) slli tp, tp, 11
x4 <- 0xFFEFF76DF56FF000
mem[X,0x0000000080000074] -> 0x0213
mem[X,0x0000000080000076] -> 0x76D2
[34] [M]: 0x0000000080000074 (0x76D20213) addi tp, tp, 1901
x4 <- 0xFFEFF76DF56FF76D
mem[X,0x0000000080000078] -> 0x1213
mem[X,0x000000008000007A] -> 0x00A2
[35] [M]: 0x0000000080000078 (0x00A21213) slli tp, tp, 10
x4 <- 0xBFDDB7D5BFDDB400
mem[X,0x000000008000007C] -> 0x0213
mem[X,0x000000008000007E] -> 0x3D52
[36] [M]: 0x000000008000007C (0x3D520213) addi tp, tp, 981
x4 <- 0xBFDDB7D5BFDDB7D5
mem[X,0x0000000080000080] -> 0xE2B7
mem[X,0x0000000080000082] -> 0xDFEE
[37] [M]: 0x0000000080000080 (0xDFEEE2B7) lui t0, 917230
x5 <- 0xFFFFFFFFDFEEE000
mem[X,0x0000000080000084] -> 0x8293
mem[X,0x0000000080000086] -> 0xBEA2
[38] [M]: 0x0000000080000084 (0xBEA28293) addi t0, t0, 3050
x5 <- 0xFFFFFFFFDFEEDBEA
mem[X,0x0000000080000088] -> 0x9293
mem[X,0x000000008000008A] -> 0x00B2
[39] [M]: 0x0000000080000088 (0x00B29293) slli t0, t0, 11
x5 <- 0xFFFFFEFF76DF5000
mem[X,0x000000008000008C] -> 0x8293
mem[X,0x000000008000008E] -> 0x6FF2
[40] [M]: 0x000000008000008C (0x6FF28293) addi t0, t0, 1791
x5 <- 0xFFFFFEFF76DF56FF
mem[X,0x0000000080000090] -> 0x9293
mem[X,0x0000000080000092] -> 0x00B2
[41] [M]: 0x0000000080000090 (0x00B29293) slli t0, t0, 11
x5 <- 0xFFF7FBB6FAB7F800
mem[X,0x0000000080000094] -> 0x8293
mem[X,0x0000000080000096] -> 0x3B62
[42] [M]: 0x0000000080000094 (0x3B628293) addi t0, t0, 950
x5 <- 0xFFF7FBB6FAB7FBB6
mem[X,0x0000000080000098] -> 0x9293
mem[X,0x000000008000009A] -> 0x00A2
[43] [M]: 0x0000000080000098 (0x00A29293) slli t0, t0, 10
x5 <- 0xDFEEDBEADFEED800
mem[X,0x000000008000009C] -> 0x8293
mem[X,0x000000008000009E] -> 0x3EA2
[44] [M]: 0x000000008000009C (0x3EA28293) addi t0, t0, 1002
x5 <- 0xDFEEDBEADFEEDBEA
mem[X,0x00000000800000A0] -> 0x7337
mem[X,0x00000000800000A2] -> 0x6FF7
[45] [M]: 0x00000000800000A0 (0x6FF77337) lui t1, 458615
x6 <- 0x000000006FF77000
mem[X,0x00000000800000A4] -> 0x0313
mem[X,0x00000000800000A6] -> 0xDF53
[46] [M]: 0x00000000800000A4 (0xDF530313) addi t1, t1, 3573
x6 <- 0x000000006FF76DF5
mem[X,0x00000000800000A8] -> 0x1313
mem[X,0x00000000800000AA] -> 0x00B3
[47] [M]: 0x00000000800000A8 (0x00B31313) slli t1, t1, 11
x6 <- 0x0000037FBB6FA800
mem[X,0x00000000800000AC] -> 0x0313
mem[X,0x00000000800000AE] -> 0x37F3
[48] [M]: 0x00000000800000AC (0x37F30313) addi t1, t1, 895
x6 <- 0x0000037FBB6FAB7F
mem[X,0x00000000800000B0] -> 0x1313
mem[X,0x00000000800000B2] -> 0x00B3
[49] [M]: 0x00000000800000B0 (0x00B31313) slli t1, t1, 11
x6 <- 0x001BFDDB7D5BF800
mem[X,0x00000000800000B4] -> 0x0313
mem[X,0x00000000800000B6] -> 0x5DB3
[50] [M]: 0x00000000800000B4 (0x5DB30313) addi t1, t1, 1499
x6 <- 0x001BFDDB7D5BFDDB
mem[X,0x00000000800000B8] -> 0x1313
mem[X,0x00000000800000BA] -> 0x00A3
[51] [M]: 0x00000000800000B8 (0x00A31313) slli t1, t1, 10
x6 <- 0x6FF76DF56FF76C00
mem[X,0x00000000800000BC] -> 0x0313
mem[X,0x00000000800000BE] -> 0x1F53
[52] [M]: 0x00000000800000BC (0x1F530313) addi t1, t1, 501
x6 <- 0x6FF76DF56FF76DF5
mem[X,0x00000000800000C0] -> 0xB3B7
mem[X,0x00000000800000C2] -> 0xB7FB
[53] [M]: 0x00000000800000C0 (0xB7FBB3B7) lui t2, 753595
x7 <- 0xFFFFFFFFB7FBB000
mem[X,0x00000000800000C4] -> 0x8393
mem[X,0x00000000800000C6] -> 0x6FA3
[54] [M]: 0x00000000800000C4 (0x6FA38393) addi t2, t2, 1786
x7 <- 0xFFFFFFFFB7FBB6FA
mem[X,0x00000000800000C8] -> 0x9393
mem[X,0x00000000800000CA] -> 0x00B3
[55] [M]: 0x00000000800000C8 (0x00B39393) slli t2, t2, 11
x7 <- 0xFFFFFDBFDDB7D000
mem[X,0x00000000800000CC] -> 0x8393
mem[X,0x00000000800000CE] -> 0x5BF3
[56] [M]: 0x00000000800000CC (0x5BF38393) addi t2, t2, 1471
x7 <- 0xFFFFFDBFDDB7D5BF
mem[X,0x00000000800000D0] -> 0x9393
mem[X,0x00000000800000D2] -> 0x00B3
[57] [M]: 0x00000000800000D0 (0x00B39393) slli t2, t2, 11
x7 <- 0xFFEDFEEDBEADF800
mem[X,0x00000000800000D4] -> 0x8393
mem[X,0x00000000800000D6] -> 0x6ED3
[58] [M]: 0x00000000800000D4 (0x6ED38393) addi t2, t2, 1773
x7 <- 0xFFEDFEEDBEADFEED
mem[X,0x00000000800000D8] -> 0x9393
mem[X,0x00000000800000DA] -> 0x00A3
[59] [M]: 0x00000000800000D8 (0x00A39393) slli t2, t2, 10
x7 <- 0xB7FBB6FAB7FBB400
mem[X,0x00000000800000DC] -> 0x8393
mem[X,0x00000000800000DE] -> 0x2FA3
[60] [M]: 0x00000000800000DC (0x2FA38393) addi t2, t2, 762
x7 <- 0xB7FBB6FAB7FBB6FA
mem[X,0x00000000800000E0] -> 0xE437
mem[X,0x00000000800000E2] -> 0x5BFD
[61] [M]: 0x00000000800000E0 (0x5BFDE437) lui fp, 376798
x8 <- 0x000000005BFDE000
mem[X,0x00000000800000E4] -> 0x0413
mem[X,0x00000000800000E6] -> 0xB7D4
[62] [M]: 0x00000000800000E4 (0xB7D40413) addi fp, fp, 2941
x8 <- 0x000000005BFDDB7D
mem[X,0x00000000800000E8] -> 0x1413
mem[X,0x00000000800000EA] -> 0x00B4
[63] [M]: 0x00000000800000E8 (0x00B41413) slli fp, fp, 11
x8 <- 0x000002DFEEDBE800
mem[X,0x00000000800000EC] -> 0x0413
mem[X,0x00000000800000EE] -> 0x2DF4
[64] [M]: 0x00000000800000EC (0x2DF40413) addi fp, fp, 735
x8 <- 0x000002DFEEDBEADF
mem[X,0x00000000800000F0] -> 0x1413
mem[X,0x00000000800000F2] -> 0x00B4
[65] [M]: 0x00000000800000F0 (0x00B41413) slli fp, fp, 11
x8 <- 0x0016FF76DF56F800
mem[X,0x00000000800000F4] -> 0x0413
mem[X,0x00000000800000F6] -> 0x7764
[66] [M]: 0x00000000800000F4 (0x77640413) addi fp, fp, 1910
x8 <- 0x0016FF76DF56FF76
mem[X,0x00000000800000F8] -> 0x1413
mem[X,0x00000000800000FA] -> 0x00A4
[67] [M]: 0x00000000800000F8 (0x00A41413) slli fp, fp, 10
x8 <- 0x5BFDDB7D5BFDD800
mem[X,0x00000000800000FC] -> 0x0413
mem[X,0x00000000800000FE] -> 0x37D4
[68] [M]: 0x00000000800000FC (0x37D40413) addi fp, fp, 893
x8 <- 0x5BFDDB7D5BFDDB7D
mem[X,0x0000000080000100] -> 0xF4B7
mem[X,0x0000000080000102] -> 0xADFE
[69] [M]: 0x0000000080000100 (0xADFEF4B7) lui s1, 712687
x9 <- 0xFFFFFFFFADFEF000
mem[X,0x0000000080000104] -> 0x8493
mem[X,0x0000000080000106] -> 0xDBE4
[70] [M]: 0x0000000080000104 (0xDBE48493) addi s1, s1, 3518
x9 <- 0xFFFFFFFFADFEEDBE
mem[X,0x0000000080000108] -> 0x9493
mem[X,0x000000008000010A] -> 0x00B4
[71] [M]: 0x0000000080000108 (0x00B49493) slli s1, s1, 11
x9 <- 0xFFFFFD6FF76DF000
mem[X,0x000000008000010C] -> 0x8493
mem[X,0x000000008000010E] -> 0x56F4
[72] [M]: 0x000000008000010C (0x56F48493) addi s1, s1, 1391
x9 <- 0xFFFFFD6FF76DF56F
mem[X,0x0000000080000110] -> 0x9493
mem[X,0x0000000080000112] -> 0x00B4
[73] [M]: 0x0000000080000110 (0x00B49493) slli s1, s1, 11
x9 <- 0xFFEB7FBB6FAB7800
mem[X,0x0000000080000114] -> 0x8493
mem[X,0x0000000080000116] -> 0x7BB4
[74] [M]: 0x0000000080000114 (0x7BB48493) addi s1, s1, 1979
x9 <- 0xFFEB7FBB6FAB7FBB
mem[X,0x0000000080000118] -> 0x9493
mem[X,0x000000008000011A] -> 0x00A4
[75] [M]: 0x0000000080000118 (0x00A49493) slli s1, s1, 10
x9 <- 0xADFEEDBEADFEEC00
mem[X,0x000000008000011C] -> 0x8493
mem[X,0x000000008000011E] -> 0x1BE4
[76] [M]: 0x000000008000011C (0x1BE48493) addi s1, s1, 446
x9 <- 0xADFEEDBEADFEEDBE
mem[X,0x0000000080000120] -> 0x7537
mem[X,0x0000000080000122] -> 0x56FF
[77] [M]: 0x0000000080000120 (0x56FF7537) lui a0, 356343
x10 <- 0x0000000056FF7000
mem[X,0x0000000080000124] -> 0x0513
mem[X,0x0000000080000126] -> 0x6DF5
[78] [M]: 0x0000000080000124 (0x6DF50513) addi a0, a0, 1759
x10 <- 0x0000000056FF76DF
mem[X,0x0000000080000128] -> 0x1513
mem[X,0x000000008000012A] -> 0x00B5
[79] [M]: 0x0000000080000128 (0x00B51513) slli a0, a0, 11
x10 <- 0x000002B7FBB6F800
mem[X,0x000000008000012C] -> 0x0513
mem[X,0x000000008000012E] -> 0x2B75
[80] [M]: 0x000000008000012C (0x2B750513) addi a0, a0, 695
x10 <- 0x000002B7FBB6FAB7
mem[X,0x0000000080000130] -> 0x1513
mem[X,0x0000000080000132] -> 0x00B5
[81] [M]: 0x0000000080000130 (0x00B51513) slli a0, a0, 11
x10 <- 0x0015BFDDB7D5B800
mem[X,0x0000000080000134] -> 0x0513
mem[X,0x0000000080000136] -> 0x7DD5
[82] [M]: 0x0000000080000134 (0x7DD50513) addi a0, a0, 2013
x10 <- 0x0015BFDDB7D5BFDD
mem[X,0x0000000080000138] -> 0x1513
mem[X,0x000000008000013A] -> 0x00A5
[83] [M]: 0x0000000080000138 (0x00A51513) slli a0, a0, 10
x10 <- 0x56FF76DF56FF7400
mem[X,0x000000008000013C] -> 0x0513
mem[X,0x000000008000013E] -> 0x2DF5
[84] [M]: 0x000000008000013C (0x2DF50513) addi a0, a0, 735
x10 <- 0x56FF76DF56FF76DF
mem[X,0x0000000080000140] -> 0xC5B7
mem[X,0x0000000080000142] -> 0xAB7F
[85] [M]: 0x0000000080000140 (0xAB7FC5B7) lui a1, 702460
x11 <- 0xFFFFFFFFAB7FC000
mem[X,0x0000000080000144] -> 0x8593
mem[X,0x0000000080000146] -> 0xB6F5
[86] [M]: 0x0000000080000144 (0xB6F58593) addi a1, a1, 2927
x11 <- 0xFFFFFFFFAB7FBB6F
mem[X,0x0000000080000148] -> 0x9593
mem[X,0x000000008000014A] -> 0x00B5
[87] [M]: 0x0000000080000148 (0x00B59593) slli a1, a1, 11
x11 <- 0xFFFFFD5BFDDB7800
mem[X,0x000000008000014C] -> 0x8593
mem[X,0x000000008000014E] -> 0x55B5
[88] [M]: 0x000000008000014C (0x55B58593) addi a1, a1, 1371
x11 <- 0xFFFFFD5BFDDB7D5B
mem[X,0x0000000080000150] -> 0x9593
mem[X,0x0000000080000152] -> 0x00B5
[89] [M]: 0x0000000080000150 (0x00B59593) slli a1, a1, 11
x11 <- 0xFFEADFEEDBEAD800
mem[X,0x0000000080000154] -> 0x8593
mem[X,0x0000000080000156] -> 0x7EE5
[90] [M]: 0x0000000080000154 (0x7EE58593) addi a1, a1, 2030
x11 <- 0xFFEADFEEDBEADFEE
mem[X,0x0000000080000158] -> 0x9593
mem[X,0x000000008000015A] -> 0x00A5
[91] [M]: 0x0000000080000158 (0x00A59593) slli a1, a1, 10
x11 <- 0xAB7FBB6FAB7FB800
mem[X,0x000000008000015C] -> 0x8593
mem[X,0x000000008000015E] -> 0x36F5
[92] [M]: 0x000000008000015C (0x36F58593) addi a1, a1, 879
x11 <- 0xAB7FBB6FAB7FBB6F
mem[X,0x0000000080000160] -> 0xE637
mem[X,0x0000000080000162] -> 0xD5BF
[93] [M]: 0x0000000080000160 (0xD5BFE637) lui a2, 875518
x12 <- 0xFFFFFFFFD5BFE000
mem[X,0x0000000080000164] -> 0x0613
mem[X,0x0000000080000166] -> 0xDB76
[94] [M]: 0x0000000080000164 (0xDB760613) addi a2, a2, 3511
x12 <- 0xFFFFFFFFD5BFDDB7
mem[X,0x0000000080000168] -> 0x1613
mem[X,0x000000008000016A] -> 0x00B6
[95] [M]: 0x0000000080000168 (0x00B61613) slli a2, a2, 11
x12 <- 0xFFFFFEADFEEDB800
mem[X,0x000000008000016C] -> 0x0613
mem[X,0x000000008000016E] -> 0x6AD6
[96] [M]: 0x000000008000016C (0x6AD60613) addi a2, a2, 1709
x12 <- 0xFFFFFEADFEEDBEAD
mem[X,0x0000000080000170] -> 0x1613
mem[X,0x0000000080000172] -> 0x00B6
[97] [M]: 0x0000000080000170 (0x00B61613) slli a2, a2, 11
x12 <- 0xFFF56FF76DF56800
mem[X,0x0000000080000174] -> 0x0613
mem[X,0x0000000080000176] -> 0x7F76
[98] [M]: 0x0000000080000174 (0x7F760613) addi a2, a2, 2039
x12 <- 0xFFF56FF76DF56FF7
mem[X,0x0000000080000178] -> 0x1613
mem[X,0x000000008000017A] -> 0x00A6
[99] [M]: 0x0000000080000178 (0x00A61613) slli a2, a2, 10
x12 <- 0xD5BFDDB7D5BFDC00
clint::tick mtime <- 0x0000000000000001
 clint timer pending at mtime 0x0000000000000001
htif::tick 0x0000000000000000
mem[X,0x000000008000017C] -> 0x0613
mem[X,0x000000008000017E] -> 0x1B76
[100] [M]: 0x000000008000017C (0x1B760613) addi a2, a2, 439
x12 <- 0xD5BFDDB7D5BFDDB7
mem[X,0x0000000080000180] -> 0xF6B7
mem[X,0x0000000080000182] -> 0xEADF
[101] [M]: 0x0000000080000180 (0xEADFF6B7) lui a3, 962047
x13 <- 0xFFFFFFFFEADFF000
mem[X,0x0000000080000184] -> 0x8693
mem[X,0x0000000080000186] -> 0xEDB6
[102] [M]: 0x0000000080000184 (0xEDB68693) addi a3, a3, 3803
x13 <- 0xFFFFFFFFEADFEEDB
mem[X,0x0000000080000188] -> 0x9693
mem[X,0x000000008000018A] -> 0x00B6
[103] [M]: 0x0000000080000188 (0x00B69693) slli a3, a3, 11
x13 <- 0xFFFFFF56FF76D800
mem[X,0x000000008000018C] -> 0x8693
mem[X,0x000000008000018E] -> 0x7566
[104] [M]: 0x000000008000018C (0x75668693) addi a3, a3, 1878
x13 <- 0xFFFFFF56FF76DF56
mem[X,0x0000000080000190] -> 0x9693
mem[X,0x0000000080000192] -> 0x00B6
[105] [M]: 0x0000000080000190 (0x00B69693) slli a3, a3, 11
x13 <- 0xFFFAB7FBB6FAB000
mem[X,0x0000000080000194] -> 0x8693
mem[X,0x0000000080000196] -> 0x7FB6
[106] [M]: 0x0000000080000194 (0x7FB68693) addi a3, a3, 2043
x13 <- 0xFFFAB7FBB6FAB7FB
mem[X,0x0000000080000198] -> 0x9693
mem[X,0x000000008000019A] -> 0x00A6
[107] [M]: 0x0000000080000198 (0x00A69693) slli a3, a3, 10
x13 <- 0xEADFEEDBEADFEC00
mem[X,0x000000008000019C] -> 0x8693
mem[X,0x000000008000019E] -> 0x2DB6
[108] [M]: 0x000000008000019C (0x2DB68693) addi a3, a3, 731
x13 <- 0xEADFEEDBEADFEEDB
mem[X,0x00000000800001A0] -> 0xF737
mem[X,0x00000000800001A2] -> 0xF56F
[109] [M]: 0x00000000800001A0 (0xF56FF737) lui a4, 1005311
x14 <- 0xFFFFFFFFF56FF000
mem[X,0x00000000800001A4] -> 0x0713
mem[X,0x00000000800001A6] -> 0x76D7
[110] [M]: 0x00000000800001A4 (0x76D70713) addi a4, a4, 1901
x14 <- 0xFFFFFFFFF56FF76D
mem[X,0x00000000800001A8] -> 0x1713
mem[X,0x00000000800001AA] -> 0x00B7
[111] [M]: 0x00000000800001A8 (0x00B71713) slli a4, a4, 11
x14 <- 0xFFFFFFAB7FBB6800
mem[X,0x00000000800001AC] -> 0x0713
mem[X,0x00000000800001AE] -> 0x7AB7
[112] [M]: 0x00000000800001AC (0x7AB70713) addi a4, a4, 1963
x14 <- 0xFFFFFFAB7FBB6FAB
mem[X,0x00000000800001B0] -> 0x1713
mem[X,0x00000000800001B2] -> 0x00B7
[113] [M]: 0x00000000800001B0 (0x00B71713) slli a4, a4, 11
x14 <- 0xFFFD5BFDDB7D5800
mem[X,0x00000000800001B4] -> 0x0713
mem[X,0x00000000800001B6] -> 0x3FD7
[114] [M]: 0x00000000800001B4 (0x3FD70713) addi a4, a4, 1021
x14 <- 0xFFFD5BFDDB7D5BFD
mem[X,0x00000000800001B8] -> 0x1713
mem[X,0x00000000800001BA] -> 0x00A7
[115] [M]: 0x00000000800001B8 (0x00A71713) slli a4, a4, 10
x14 <- 0xF56FF76DF56FF400
mem[X,0x00000000800001BC] -> 0x0713
mem[X,0x00000000800001BE] -> 0x36D7
[116] [M]: 0x00000000800001BC (0x36D70713) addi a4, a4, 877
x14 <- 0xF56FF76DF56FF76D
mem[X,0x00000000800001C0] -> 0x07B7
mem[X,0x00000000800001C2] -> 0xFAB8
[117] [M]: 0x00000000800001C0 (0xFAB807B7) lui a5, 1026944
x15 <- 0xFFFFFFFFFAB80000
mem[X,0x00000000800001C4] -> 0x8793
mem[X,0x00000000800001C6] -> 0xBB67
[118] [M]: 0x00000000800001C4 (0xBB678793) addi a5, a5, 2998
x15 <- 0xFFFFFFFFFAB7FBB6
mem[X,0x00000000800001C8] -> 0x9793
mem[X,0x00000000800001CA] -> 0x00B7
[119] [M]: 0x00000000800001C8 (0x00B79793) slli a5, a5, 11
x15 <- 0xFFFFFFD5BFDDB000
mem[X,0x00000000800001CC] -> 0x8793
mem[X,0x00000000800001CE] -> 0x7D57
[120] [M]: 0x00000000800001CC (0x7D578793) addi a5, a5, 2005
x15 <- 0xFFFFFFD5BFDDB7D5
mem[X,0x00000000800001D0] -> 0x9793
mem[X,0x00000000800001D2] -> 0x00B7
[121] [M]: 0x00000000800001D0 (0x00B79793) slli a5, a5, 11
x15 <- 0xFFFEADFEEDBEA800
mem[X,0x00000000800001D4] -> 0x8793
mem[X,0x00000000800001D6] -> 0x5FE7
[122] [M]: 0x00000000800001D4 (0x5FE78793) addi a5, a5, 1534
x15 <- 0xFFFEADFEEDBEADFE
mem[X,0x00000000800001D8] -> 0x9793
mem[X,0x00000000800001DA] -> 0x00A7
[123] [M]: 0x00000000800001D8 (0x00A79793) slli a5, a5, 10
x15 <- 0xFAB7FBB6FAB7F800
mem[X,0x00000000800001DC] -> 0x8793
mem[X,0x00000000800001DE] -> 0x3B67
[124] [M]: 0x00000000800001DC (0x3B678793) addi a5, a5, 950
x15 <- 0xFAB7FBB6FAB7FBB6
mem[X,0x00000000800001E0] -> 0x0837
mem[X,0x00000000800001E2] -> 0x7D5C
[125] [M]: 0x00000000800001E0 (0x7D5C0837) lui a6, 513472
x16 <- 0x000000007D5C0000
mem[X,0x00000000800001E4] -> 0x0813
mem[X,0x00000000800001E6] -> 0xDDB8
[126] [M]: 0x00000000800001E4 (0xDDB80813) addi a6, a6, 3547
x16 <- 0x000000007D5BFDDB
mem[X,0x00000000800001E8] -> 0x1813
mem[X,0x00000000800001EA] -> 0x00B8
[127] [M]: 0x00000000800001E8 (0x00B81813) slli a6, a6, 11
x16 <- 0x000003EADFEED800
mem[X,0x00000000800001EC] -> 0x0813
mem[X,0x00000000800001EE] -> 0x3EA8
[128] [M]: 0x00000000800001EC (0x3EA80813) addi a6, a6, 1002
x16 <- 0x000003EADFEEDBEA
mem[X,0x00000000800001F0] -> 0x1813
mem[X,0x00000000800001F2] -> 0x00B8
[129] [M]: 0x00000000800001F0 (0x00B81813) slli a6, a6, 11
x16 <- 0x001F56FF76DF5000
mem[X,0x00000000800001F4] -> 0x0813
mem[X,0x00000000800001F6] -> 0x6FF8
[130] [M]: 0x00000000800001F4 (0x6FF80813) addi a6, a6, 1791
x16 <- 0x001F56FF76DF56FF
mem[X,0x00000000800001F8] -> 0x1813
mem[X,0x00000000800001FA] -> 0x00A8
[131] [M]: 0x00000000800001F8 (0x00A81813) slli a6, a6, 10
x16 <- 0x7D5BFDDB7D5BFC00
mem[X,0x00000000800001FC] -> 0x0813
mem[X,0x00000000800001FE] -> 0x1DB8
[132] [M]: 0x00000000800001FC (0x1DB80813) addi a6, a6, 475
x16 <- 0x7D5BFDDB7D5BFDDB
mem[X,0x0000000080000200] -> 0x08B7
mem[X,0x0000000080000202] -> 0xBEAE
[133] [M]: 0x0000000080000200 (0xBEAE08B7) lui a7, 781024
x17 <- 0xFFFFFFFFBEAE0000
mem[X,0x0000000080000204] -> 0x8893
mem[X,0x0000000080000206] -> 0xEED8
[134] [M]: 0x0000000080000204 (0xEED88893) addi a7, a7, 3821
x17 <- 0xFFFFFFFFBEADFEED
mem[X,0x0000000080000208] -> 0x9893
mem[X,0x000000008000020A] -> 0x00B8
[135] [M]: 0x0000000080000208 (0x00B89893) slli a7, a7, 11
x17 <- 0xFFFFFDF56FF76800
mem[X,0x000000008000020C] -> 0x8893
mem[X,0x000000008000020E] -> 0x5F58
[136] [M]: 0x000000008000020C (0x5F588893) addi a7, a7, 1525
x17 <- 0xFFFFFDF56FF76DF5
mem[X,0x0000000080000210] -> 0x9893
mem[X,0x0000000080000212] -> 0x00B8
[137] [M]: 0x0000000080000210 (0x00B89893) slli a7, a7, 11
x17 <- 0xFFEFAB7FBB6FA800
mem[X,0x0000000080000214] -> 0x8893
mem[X,0x0000000080000216] -> 0x37F8
[138] [M]: 0x0000000080000214 (0x37F88893) addi a7, a7, 895
x17 <- 0xFFEFAB7FBB6FAB7F
mem[X,0x0000000080000218] -> 0x9893
mem[X,0x000000008000021A] -> 0x00A8
[139] [M]: 0x0000000080000218 (0x00A89893) slli a7, a7, 10
x17 <- 0xBEADFEEDBEADFC00
mem[X,0x000000008000021C] -> 0x8893
mem[X,0x000000008000021E] -> 0x2ED8
[140] [M]: 0x000000008000021C (0x2ED88893) addi a7, a7, 749
x17 <- 0xBEADFEEDBEADFEED
mem[X,0x0000000080000220] -> 0x0937
mem[X,0x0000000080000222] -> 0xDF57
[141] [M]: 0x0000000080000220 (0xDF570937) lui s2, 914800
x18 <- 0xFFFFFFFFDF570000
mem[X,0x0000000080000224] -> 0x0913
mem[X,0x0000000080000226] -> 0xF769
[142] [M]: 0x0000000080000224 (0xF7690913) addi s2, s2, 3958
x18 <- 0xFFFFFFFFDF56FF76
mem[X,0x0000000080000228] -> 0x1913
mem[X,0x000000008000022A] -> 0x00B9
[143] [M]: 0x0000000080000228 (0x00B91913) slli s2, s2, 11
x18 <- 0xFFFFFEFAB7FBB000
mem[X,0x000000008000022C] -> 0x0913
mem[X,0x000000008000022E] -> 0x6FA9
[144] [M]: 0x000000008000022C (0x6FA90913) addi s2, s2, 1786
x18 <- 0xFFFFFEFAB7FBB6FA
mem[X,0x0000000080000230] -> 0x1913
mem[X,0x0000000080000232] -> 0x00B9
[145] [M]: 0x0000000080000230 (0x00B91913) slli s2, s2, 11
x18 <- 0xFFF7D5BFDDB7D000
mem[X,0x0000000080000234] -> 0x0913
mem[X,0x0000000080000236] -> 0x5BF9
[146] [M]: 0x0000000080000234 (0x5BF90913) addi s2, s2, 1471
x18 <- 0xFFF7D5BFDDB7D5BF
mem[X,0x0000000080000238] -> 0x1913
mem[X,0x000000008000023A] -> 0x00A9
[147] [M]: 0x0000000080000238 (0x00A91913) slli s2, s2, 10
x18 <- 0xDF56FF76DF56FC00
mem[X,0x000000008000023C] -> 0x0913
mem[X,0x000000008000023E] -> 0x3769
[148] [M]: 0x000000008000023C (0x37690913) addi s2, s2, 886
x18 <- 0xDF56FF76DF56FF76
mem[X,0x0000000080000240] -> 0x89B7
mem[X,0x0000000080000242] -> 0x6FAB
[149] [M]: 0x0000000080000240 (0x6FAB89B7) lui s3, 457400
x19 <- 0x000000006FAB8000
mem[X,0x0000000080000244] -> 0x8993
mem[X,0x0000000080000246] -> 0xFBB9
[150] [M]: 0x0000000080000244 (0xFBB98993) addi s3, s3, 4027
x19 <- 0x000000006FAB7FBB
mem[X,0x0000000080000248] -> 0x9993
mem[X,0x000000008000024A] -> 0x00B9
[151] [M]: 0x0000000080000248 (0x00B99993) slli s3, s3, 11
x19 <- 0x0000037D5BFDD800
mem[X,0x000000008000024C] -> 0x8993
mem[X,0x000000008000024E] -> 0x37D9
[152] [M]: 0x000000008000024C (0x37D98993) addi s3, s3, 893
x19 <- 0x0000037D5BFDDB7D
mem[X,0x0000000080000250] -> 0x9993
mem[X,0x0000000080000252] -> 0x00B9
[153] [M]: 0x0000000080000250 (0x00B99993) slli s3, s3, 11
x19 <- 0x001BEADFEEDBE800
mem[X,0x0000000080000254] -> 0x8993
mem[X,0x0000000080000256] -> 0x2DF9
[154] [M]: 0x0000000080000254 (0x2DF98993) addi s3, s3, 735
x19 <- 0x001BEADFEEDBEADF
mem[X,0x0000000080000258] -> 0x9993
mem[X,0x000000008000025A] -> 0x00A9
[155] [M]: 0x0000000080000258 (0x00A99993) slli s3, s3, 10
x19 <- 0x6FAB7FBB6FAB7C00
mem[X,0x000000008000025C] -> 0x8993
mem[X,0x000000008000025E] -> 0x3BB9
[156] [M]: 0x000000008000025C (0x3BB98993) addi s3, s3, 955
x19 <- 0x6FAB7FBB6FAB7FBB
mem[X,0x0000000080000260] -> 0xCA37
mem[X,0x0000000080000262] -> 0xB7D5
[157] [M]: 0x0000000080000260 (0xB7D5CA37) lui s4, 752988
x20 <- 0xFFFFFFFFB7D5C000
mem[X,0x0000000080000264] -> 0x0A13
mem[X,0x0000000080000266] -> 0xFDDA
[158] [M]: 0x0000000080000264 (0xFDDA0A13) addi s4, s4, 4061
x20 <- 0xFFFFFFFFB7D5BFDD
mem[X,0x0000000080000268] -> 0x1A13
mem[X,0x000000008000026A] -> 0x00BA
[159] [M]: 0x0000000080000268 (0x00BA1A13) slli s4, s4, 11
x20 <- 0xFFFFFDBEADFEE800
mem[X,0x000000008000026C] -> 0x0A13
mem[X,0x000000008000026E] -> 0x5BEA
[160] [M]: 0x000000008000026C (0x5BEA0A13) addi s4, s4, 1470
x20 <- 0xFFFFFDBEADFEEDBE
mem[X,0x0000000080000270] -> 0x1A13
mem[X,0x0000000080000272] -> 0x00BA
[161] [M]: 0x0000000080000270 (0x00BA1A13) slli s4, s4, 11
x20 <- 0xFFEDF56FF76DF000
mem[X,0x0000000080000274] -> 0x0A13
mem[X,0x0000000080000276] -> 0x56FA
[162] [M]: 0x0000000080000274 (0x56FA0A13) addi s4, s4, 1391
x20 <- 0xFFEDF56FF76DF56F
mem[X,0x0000000080000278] -> 0x1A13
mem[X,0x000000008000027A] -> 0x00AA
[163] [M]: 0x0000000080000278 (0x00AA1A13) slli s4, s4, 10
x20 <- 0xB7D5BFDDB7D5BC00
mem[X,0x000000008000027C] -> 0x0A13
mem[X,0x000000008000027E] -> 0x3DDA
[164] [M]: 0x000000008000027C (0x3DDA0A13) addi s4, s4, 989
x20 <- 0xB7D5BFDDB7D5BFDD
mem[X,0x0000000080000280] -> 0xEAB7
mem[X,0x0000000080000282] -> 0xDBEA
[165] [M]: 0x0000000080000280 (0xDBEAEAB7) lui s5, 900782
x21 <- 0xFFFFFFFFDBEAE000
mem[X,0x0000000080000284] -> 0x8A93
mem[X,0x0000000080000286] -> 0xFEEA
[166] [M]: 0x0000000080000284 (0xFEEA8A93) addi s5, s5, 4078
x21 <- 0xFFFFFFFFDBEADFEE
mem[X,0x0000000080000288] -> 0x9A93
mem[X,0x000000008000028A] -> 0x00BA
[167] [M]: 0x0000000080000288 (0x00BA9A93) slli s5, s5, 11
x21 <- 0xFFFFFEDF56FF7000
mem[X,0x000000008000028C] -> 0x8A93
mem[X,0x000000008000028E] -> 0x6DFA
[168] [M]: 0x000000008000028C (0x6DFA8A93) addi s5, s5, 1759
x21 <- 0xFFFFFEDF56FF76DF
mem[X,0x0000000080000290] -> 0x9A93
mem[X,0x0000000080000292] -> 0x00BA
[169] [M]: 0x0000000080000290 (0x00BA9A93) slli s5, s5, 11
x21 <- 0xFFF6FAB7FBB6F800
mem[X,0x0000000080000294] -> 0x8A93
mem[X,0x0000000080000296] -> 0x2B7A
[170] [M]: 0x0000000080000294 (0x2B7A8A93) addi s5, s5, 695
x21 <- 0xFFF6FAB7FBB6FAB7
mem[X,0x0000000080000298] -> 0x9A93
mem[X,0x000000008000029A] -> 0x00AA
[171] [M]: 0x0000000080000298 (0x00AA9A93) slli s5, s5, 10
x21 <- 0xDBEADFEEDBEADC00
mem[X,0x000000008000029C] -> 0x8A93
mem[X,0x000000008000029E] -> 0x3EEA
[172] [M]: 0x000000008000029C (0x3EEA8A93) addi s5, s5, 1006
x21 <- 0xDBEADFEEDBEADFEE
mem[X,0x00000000800002A0] -> 0x7B37
mem[X,0x00000000800002A2] -> 0x6DF5
[173] [M]: 0x00000000800002A0 (0x6DF57B37) lui s6, 450391
x22 <- 0x000000006DF57000
mem[X,0x00000000800002A4] -> 0x0B13
mem[X,0x00000000800002A6] -> 0xFF7B
[174] [M]: 0x00000000800002A4 (0xFF7B0B13) addi s6, s6, 4087
x22 <- 0x000000006DF56FF7
mem[X,0x00000000800002A8] -> 0x1B13
mem[X,0x00000000800002AA] -> 0x00BB
[175] [M]: 0x00000000800002A8 (0x00BB1B13) slli s6, s6, 11
x22 <- 0x0000036FAB7FB800
mem[X,0x00000000800002AC] -> 0x0B13
mem[X,0x00000000800002AE] -> 0x36FB
[176] [M]: 0x00000000800002AC (0x36FB0B13) addi s6, s6, 879
x22 <- 0x0000036FAB7FBB6F
mem[X,0x00000000800002B0] -> 0x1B13
mem[X,0x00000000800002B2] -> 0x00BB
[177] [M]: 0x00000000800002B0 (0x00BB1B13) slli s6, s6, 11
x22 <- 0x001B7D5BFDDB7800
mem[X,0x00000000800002B4] -> 0x0B13
mem[X,0x00000000800002B6] -> 0x55BB
[178] [M]: 0x00000000800002B4 (0x55BB0B13) addi s6, s6, 1371
x22 <- 0x001B7D5BFDDB7D5B
mem[X,0x00000000800002B8] -> 0x1B13
mem[X,0x00000000800002BA] -> 0x00AB
[179] [M]: 0x00000000800002B8 (0x00AB1B13) slli s6, s6, 10
x22 <- 0x6DF56FF76DF56C00
mem[X,0x00000000800002BC] -> 0x0B13
mem[X,0x00000000800002BE] -> 0x3F7B
[180] [M]: 0x00000000800002BC (0x3F7B0B13) addi s6, s6, 1015
x22 <- 0x6DF56FF76DF56FF7
mem[X,0x00000000800002C0] -> 0xBBB7
mem[X,0x00000000800002C2] -> 0xB6FA
[181] [M]: 0x00000000800002C0 (0xB6FABBB7) lui s7, 749483
x23 <- 0xFFFFFFFFB6FAB000
mem[X,0x00000000800002C4] -> 0x8B93
mem[X,0x00000000800002C6] -> 0x7FBB
[182] [M]: 0x00000000800002C4 (0x7FBB8B93) addi s7, s7, 2043
x23 <- 0xFFFFFFFFB6FAB7FB
mem[X,0x00000000800002C8] -> 0x9B93
mem[X,0x00000000800002CA] -> 0x00BB
[183] [M]: 0x00000000800002C8 (0x00BB9B93) slli s7, s7, 11
x23 <- 0xFFFFFDB7D5BFD800
mem[X,0x00000000800002CC] -> 0x8B93
mem[X,0x00000000800002CE] -> 0x5B7B
[184] [M]: 0x00000000800002CC (0x5B7B8B93) addi s7, s7, 1463
x23 <- 0xFFFFFDB7D5BFDDB7
mem[X,0x00000000800002D0] -> 0x9B93
mem[X,0x00000000800002D2] -> 0x00BB
[185] [M]: 0x00000000800002D0 (0x00BB9B93) slli s7, s7, 11
x23 <- 0xFFEDBEADFEEDB800
mem[X,0x00000000800002D4] -> 0x8B93
mem[X,0x00000000800002D6] -> 0x6ADB
[186] [M]: 0x00000000800002D4 (0x6ADB8B93) addi s7, s7, 1709
x23 <- 0xFFEDBEADFEEDBEAD
mem[X,0x00000000800002D8] -> 0x9B93
mem[X,0x00000000800002DA] -> 0x00AB
[187] [M]: 0x00000000800002D8 (0x00AB9B93) slli s7, s7, 10
x23 <- 0xB6FAB7FBB6FAB400
mem[X,0x00000000800002DC] -> 0x8B93
mem[X,0x00000000800002DE] -> 0x3FBB
[188] [M]: 0x00000000800002DC (0x3FBB8B93) addi s7, s7, 1019
x23 <- 0xB6FAB7FBB6FAB7FB
mem[X,0x00000000800002E0] -> 0x6C37
mem[X,0x00000000800002E2] -> 0xDB7D
[189] [M]: 0x00000000800002E0 (0xDB7D6C37) lui s8, 899030
x24 <- 0xFFFFFFFFDB7D6000
mem[X,0x00000000800002E4] -> 0x0C13
mem[X,0x00000000800002E6] -> 0xBFDC
[190] [M]: 0x00000000800002E4 (0xBFDC0C13) addi s8, s8, 3069
x24 <- 0xFFFFFFFFDB7D5BFD
mem[X,0x00000000800002E8] -> 0x1C13
mem[X,0x00000000800002EA] -> 0x00BC
[191] [M]: 0x00000000800002E8 (0x00BC1C13) slli s8, s8, 11
x24 <- 0xFFFFFEDBEADFE800
mem[X,0x00000000800002EC] -> 0x0C13
mem[X,0x00000000800002EE] -> 0x6DBC
[192] [M]: 0x00000000800002EC (0x6DBC0C13) addi s8, s8, 1755
x24 <- 0xFFFFFEDBEADFEEDB
mem[X,0x00000000800002F0] -> 0x1C13
mem[X,0x00000000800002F2] -> 0x00BC
[193] [M]: 0x00000000800002F0 (0x00BC1C13) slli s8, s8, 11
x24 <- 0xFFF6DF56FF76D800
mem[X,0x00000000800002F4] -> 0x0C13
mem[X,0x00000000800002F6] -> 0x756C
[194] [M]: 0x00000000800002F4 (0x756C0C13) addi s8, s8, 1878
x24 <- 0xFFF6DF56FF76DF56
mem[X,0x00000000800002F8] -> 0x1C13
mem[X,0x00000000800002FA] -> 0x00AC
[195] [M]: 0x00000000800002F8 (0x00AC1C13) slli s8, s8, 10
x24 <- 0xDB7D5BFDDB7D5800
mem[X,0x00000000800002FC] -> 0x0C13
mem[X,0x00000000800002FE] -> 0x3FDC
[196] [M]: 0x00000000800002FC (0x3FDC0C13) addi s8, s8, 1021
x24 <- 0xDB7D5BFDDB7D5BFD
mem[X,0x0000000080000300] -> 0xBCB7
mem[X,0x0000000080000302] -> 0xEDBE
[197] [M]: 0x0000000080000300 (0xEDBEBCB7) lui s9, 973803
x25 <- 0xFFFFFFFFEDBEB000
mem[X,0x0000000080000304] -> 0x8C93
mem[X,0x0000000080000306] -> 0xDFEC
[198] [M]: 0x0000000080000304 (0xDFEC8C93) addi s9, s9, 3582
x25 <- 0xFFFFFFFFEDBEADFE
mem[X,0x0000000080000308] -> 0x9C93
mem[X,0x000000008000030A] -> 0x00BC
[199] [M]: 0x0000000080000308 (0x00BC9C93) slli s9, s9, 11
x25 <- 0xFFFFFF6DF56FF000
clint::tick mtime <- 0x0000000000000002
 clint timer pending at mtime 0x0000000000000002
htif::tick 0x0000000000000000
mem[X,0x000000008000030C] -> 0x8C93
mem[X,0x000000008000030E] -> 0x76DC
[200] [M]: 0x000000008000030C (0x76DC8C93) addi s9, s9, 1901
x25 <- 0xFFFFFF6DF56FF76D
mem[X,0x0000000080000310] -> 0x9C93
mem[X,0x0000000080000312] -> 0x00BC
[201] [M]: 0x0000000080000310 (0x00BC9C93) slli s9, s9, 11
x25 <- 0xFFFB6FAB7FBB6800
mem[X,0x0000000080000314] -> 0x8C93
mem[X,0x0000000080000316] -> 0x7ABC
[202] [M]: 0x0000000080000314 (0x7ABC8C93) addi s9, s9, 1963
x25 <- 0xFFFB6FAB7FBB6FAB
mem[X,0x0000000080000318] -> 0x9C93
mem[X,0x000000008000031A] -> 0x00AC
[203] [M]: 0x0000000080000318 (0x00AC9C93) slli s9, s9, 10
x25 <- 0xEDBEADFEEDBEAC00
mem[X,0x000000008000031C] -> 0x8C93
mem[X,0x000000008000031E] -> 0x1FEC
[204] [M]: 0x000000008000031C (0x1FEC8C93) addi s9, s9, 510
x25 <- 0xEDBEADFEEDBEADFE
mem[X,0x0000000080000320] -> 0x5D37
mem[X,0x0000000080000322] -> 0x76DF
[205] [M]: 0x0000000080000320 (0x76DF5D37) lui s10, 486901
x26 <- 0x0000000076DF5000
mem[X,0x0000000080000324] -> 0x0D13
mem[X,0x0000000080000326] -> 0x6FFD
[206] [M]: 0x0000000080000324 (0x6FFD0D13) addi s10, s10, 1791
x26 <- 0x0000000076DF56FF
mem[X,0x0000000080000328] -> 0x1D13
mem[X,0x000000008000032A] -> 0x00BD
[207] [M]: 0x0000000080000328 (0x00BD1D13) slli s10, s10, 11
x26 <- 0x000003B6FAB7F800
mem[X,0x000000008000032C] -> 0x0D13
mem[X,0x000000008000032E] -> 0x3B6D
[208] [M]: 0x000000008000032C (0x3B6D0D13) addi s10, s10, 950
x26 <- 0x000003B6FAB7FBB6
mem[X,0x0000000080000330] -> 0x1D13
mem[X,0x0000000080000332] -> 0x00BD
[209] [M]: 0x0000000080000330 (0x00BD1D13) slli s10, s10, 11
x26 <- 0x001DB7D5BFDDB000
mem[X,0x0000000080000334] -> 0x0D13
mem[X,0x0000000080000336] -> 0x7D5D
[210] [M]: 0x0000000080000334 (0x7D5D0D13) addi s10, s10, 2005
x26 <- 0x001DB7D5BFDDB7D5
mem[X,0x0000000080000338] -> 0x1D13
mem[X,0x000000008000033A] -> 0x00AD
[211] [M]: 0x0000000080000338 (0x00AD1D13) slli s10, s10, 10
x26 <- 0x76DF56FF76DF5400
mem[X,0x000000008000033C] -> 0x0D13
mem[X,0x000000008000033E] -> 0x2FFD
[212] [M]: 0x000000008000033C (0x2FFD0D13) addi s10, s10, 767
x26 <- 0x76DF56FF76DF56FF
mem[X,0x0000000080000340] -> 0xBDB7
mem[X,0x0000000080000342] -> 0xBB6F
[213] [M]: 0x0000000080000340 (0xBB6FBDB7) lui s11, 767739
x27 <- 0xFFFFFFFFBB6FB000
mem[X,0x0000000080000344] -> 0x8D93
mem[X,0x0000000080000346] -> 0xB7FD
[214] [M]: 0x0000000080000344 (0xB7FD8D93) addi s11, s11, 2943
x27 <- 0xFFFFFFFFBB6FAB7F
mem[X,0x0000000080000348] -> 0x9D93
mem[X,0x000000008000034A] -> 0x00BD
[215] [M]: 0x0000000080000348 (0x00BD9D93) slli s11, s11, 11
x27 <- 0xFFFFFDDB7D5BF800
mem[X,0x000000008000034C] -> 0x8D93
mem[X,0x000000008000034E] -> 0x5DBD
[216] [M]: 0x000000008000034C (0x5DBD8D93) addi s11, s11, 1499
x27 <- 0xFFFFFDDB7D5BFDDB
mem[X,0x0000000080000350] -> 0x9D93
mem[X,0x0000000080000352] -> 0x00BD
[217] [M]: 0x0000000080000350 (0x00BD9D93) slli s11, s11, 11
x27 <- 0xFFEEDBEADFEED800
mem[X,0x0000000080000354] -> 0x8D93
mem[X,0x0000000080000356] -> 0x3EAD
[218] [M]: 0x0000000080000354 (0x3EAD8D93) addi s11, s11, 1002
x27 <- 0xFFEEDBEADFEEDBEA
mem[X,0x0000000080000358] -> 0x9D93
mem[X,0x000000008000035A] -> 0x00AD
[219] [M]: 0x0000000080000358 (0x00AD9D93) slli s11, s11, 10
x27 <- 0xBB6FAB7FBB6FA800
mem[X,0x000000008000035C] -> 0x8D93
mem[X,0x000000008000035E] -> 0x37FD
[220] [M]: 0x000000008000035C (0x37FD8D93) addi s11, s11, 895
x27 <- 0xBB6FAB7FBB6FAB7F
mem[X,0x0000000080000360] -> 0xDE37
mem[X,0x0000000080000362] -> 0xDDB7
[221] [M]: 0x0000000080000360 (0xDDB7DE37) lui t3, 908157
x28 <- 0xFFFFFFFFDDB7D000
mem[X,0x0000000080000364] -> 0x0E13
mem[X,0x0000000080000366] -> 0x5BFE
[222] [M]: 0x0000000080000364 (0x5BFE0E13) addi t3, t3, 1471
x28 <- 0xFFFFFFFFDDB7D5BF
mem[X,0x0000000080000368] -> 0x1E13
mem[X,0x000000008000036A] -> 0x00BE
[223] [M]: 0x0000000080000368 (0x00BE1E13) slli t3, t3, 11
x28 <- 0xFFFFFEEDBEADF800
mem[X,0x000000008000036C] -> 0x0E13
mem[X,0x000000008000036E] -> 0x6EDE
[224] [M]: 0x000000008000036C (0x6EDE0E13) addi t3, t3, 1773
x28 <- 0xFFFFFEEDBEADFEED
mem[X,0x0000000080000370] -> 0x1E13
mem[X,0x0000000080000372] -> 0x00BE
[225] [M]: 0x0000000080000370 (0x00BE1E13) slli t3, t3, 11
x28 <- 0xFFF76DF56FF76800
mem[X,0x0000000080000374] -> 0x0E13
mem[X,0x0000000080000376] -> 0x5F5E
[226] [M]: 0x0000000080000374 (0x5F5E0E13) addi t3, t3, 1525
x28 <- 0xFFF76DF56FF76DF5
mem[X,0x0000000080000378] -> 0x1E13
mem[X,0x000000008000037A] -> 0x00AE
[227] [M]: 0x0000000080000378 (0x00AE1E13) slli t3, t3, 10
x28 <- 0xDDB7D5BFDDB7D400
mem[X,0x000000008000037C] -> 0x0E13
mem[X,0x000000008000037E] -> 0x1BFE
[228] [M]: 0x000000008000037C (0x1BFE0E13) addi t3, t3, 447
x28 <- 0xDDB7D5BFDDB7D5BF
mem[X,0x0000000080000380] -> 0xFEB7
mem[X,0x0000000080000382] -> 0xEEDB
[229] [M]: 0x0000000080000380 (0xEEDBFEB7) lui t4, 978367
x29 <- 0xFFFFFFFFEEDBF000
mem[X,0x0000000080000384] -> 0x8E93
mem[X,0x0000000080000386] -> 0xADFE
[230] [M]: 0x0000000080000384 (0xADFE8E93) addi t4, t4, 2783
x29 <- 0xFFFFFFFFEEDBEADF
mem[X,0x0000000080000388] -> 0x9E93
mem[X,0x000000008000038A] -> 0x00BE
[231] [M]: 0x0000000080000388 (0x00BE9E93) slli t4, t4, 11
x29 <- 0xFFFFFF76DF56F800
mem[X,0x000000008000038C] -> 0x8E93
mem[X,0x000000008000038E] -> 0x776E
[232] [M]: 0x000000008000038C (0x776E8E93) addi t4, t4, 1910
x29 <- 0xFFFFFF76DF56FF76
mem[X,0x0000000080000390] -> 0x9E93
mem[X,0x0000000080000392] -> 0x00BE
[233] [M]: 0x0000000080000390 (0x00BE9E93) slli t4, t4, 11
x29 <- 0xFFFBB6FAB7FBB000
mem[X,0x0000000080000394] -> 0x8E93
mem[X,0x0000000080000396] -> 0x6FAE
[234] [M]: 0x0000000080000394 (0x6FAE8E93) addi t4, t4, 1786
x29 <- 0xFFFBB6FAB7FBB6FA
mem[X,0x0000000080000398] -> 0x9E93
mem[X,0x000000008000039A] -> 0x00AE
[235] [M]: 0x0000000080000398 (0x00AE9E93) slli t4, t4, 10
x29 <- 0xEEDBEADFEEDBE800
mem[X,0x000000008000039C] -> 0x8E93
mem[X,0x000000008000039E] -> 0x2DFE
[236] [M]: 0x000000008000039C (0x2DFE8E93) addi t4, t4, 735
x29 <- 0xEEDBEADFEEDBEADF
mem[X,0x00000000800003A0] -> 0xFF37
mem[X,0x00000000800003A2] -> 0xF76D
[237] [M]: 0x00000000800003A0 (0xF76DFF37) lui t5, 1013471
x30 <- 0xFFFFFFFFF76DF000
mem[X,0x00000000800003A4] -> 0x0F13
mem[X,0x00000000800003A6] -> 0x56FF
[238] [M]: 0x00000000800003A4 (0x56FF0F13) addi t5, t5, 1391
x30 <- 0xFFFFFFFFF76DF56F
mem[X,0x00000000800003A8] -> 0x1F13
mem[X,0x00000000800003AA] -> 0x00BF
[239] [M]: 0x00000000800003A8 (0x00BF1F13) slli t5, t5, 11
x30 <- 0xFFFFFFBB6FAB7800
mem[X,0x00000000800003AC] -> 0x0F13
mem[X,0x00000000800003AE] -> 0x7BBF
[240] [M]: 0x00000000800003AC (0x7BBF0F13) addi t5, t5, 1979
x30 <- 0xFFFFFFBB6FAB7FBB
mem[X,0x00000000800003B0] -> 0x1F13
mem[X,0x00000000800003B2] -> 0x00BF
[241] [M]: 0x00000000800003B0 (0x00BF1F13) slli t5, t5, 11
x30 <- 0xFFFDDB7D5BFDD800
mem[X,0x00000000800003B4] -> 0x0F13
mem[X,0x00000000800003B6] -> 0x37DF
[242] [M]: 0x00000000800003B4 (0x37DF0F13) addi t5, t5, 893
x30 <- 0xFFFDDB7D5BFDDB7D
mem[X,0x00000000800003B8] -> 0x1F13
mem[X,0x00000000800003BA] -> 0x00AF
[243] [M]: 0x00000000800003B8 (0x00AF1F13) slli t5, t5, 10
x30 <- 0xF76DF56FF76DF400
mem[X,0x00000000800003BC] -> 0x0F13
mem[X,0x00000000800003BE] -> 0x16FF
[244] [M]: 0x00000000800003BC (0x16FF0F13) addi t5, t5, 367
x30 <- 0xF76DF56FF76DF56F
mem[X,0x00000000800003C0] -> 0x0FB7
mem[X,0x00000000800003C2] -> 0xFBB7
[245] [M]: 0x00000000800003C0 (0xFBB70FB7) lui t6, 1031024
x31 <- 0xFFFFFFFFFBB70000
mem[X,0x00000000800003C4] -> 0x8F93
mem[X,0x00000000800003C6] -> 0xAB7F
[246] [M]: 0x00000000800003C4 (0xAB7F8F93) addi t6, t6, 2743
x31 <- 0xFFFFFFFFFBB6FAB7
mem[X,0x00000000800003C8] -> 0x9F93
mem[X,0x00000000800003CA] -> 0x00BF
[247] [M]: 0x00000000800003C8 (0x00BF9F93) slli t6, t6, 11
x31 <- 0xFFFFFFDDB7D5B800
mem[X,0x00000000800003CC] -> 0x8F93
mem[X,0x00000000800003CE] -> 0x7DDF
[248] [M]: 0x00000000800003CC (0x7DDF8F93) addi t6, t6, 2013
x31 <- 0xFFFFFFDDB7D5BFDD
mem[X,0x00000000800003D0] -> 0x9F93
mem[X,0x00000000800003D2] -> 0x00BF
[249] [M]: 0x00000000800003D0 (0x00BF9F93) slli t6, t6, 11
x31 <- 0xFFFEEDBEADFEE800
mem[X,0x00000000800003D4] -> 0x8F93
mem[X,0x00000000800003D6] -> 0x5BEF
[250] [M]: 0x00000000800003D4 (0x5BEF8F93) addi t6, t6, 1470
x31 <- 0xFFFEEDBEADFEEDBE
mem[X,0x00000000800003D8] -> 0x9F93
mem[X,0x00000000800003DA] -> 0x00AF
[251] [M]: 0x00000000800003D8 (0x00AF9F93) slli t6, t6, 10
x31 <- 0xFBB6FAB7FBB6F800
mem[X,0x00000000800003DC] -> 0x8F93
mem[X,0x00000000800003DE] -> 0x2B7F
[252] [M]: 0x00000000800003DC (0x2B7F8F93) addi t6, t6, 695
x31 <- 0xFBB6FAB7FBB6FAB7
mem[X,0x00000000800003E0] -> 0x6097
mem[X,0x00000000800003E2] -> 0x0000
[253] [M]: 0x00000000800003E0 (0x00006097) auipc ra, 6
x1 <- 0x00000000800063E0
mem[X,0x00000000800003E4] -> 0x8093
mem[X,0x00000000800003E6] -> 0xD380
[254] [M]: 0x00000000800003E4 (0xD3808093) addi ra, ra, 3384
x1 <- 0x0000000080006118
mem[X,0x00000000800003E8] -> 0x0013
mem[X,0x00000000800003EA] -> 0x0000
[255] [M]: 0x00000000800003E8 (0x00000013) addi zero, zero, 0
mem[X,0x00000000800003EC] -> 0x0013
mem[X,0x00000000800003EE] -> 0x0000
[256] [M]: 0x00000000800003EC (0x00000013) addi zero, zero, 0
mem[X,0x00000000800003F0] -> 0x0013
mem[X,0x00000000800003F2] -> 0x0000
[257] [M]: 0x00000000800003F0 (0x00000013) addi zero, zero, 0
mem[X,0x00000000800003F4] -> 0x0013
mem[X,0x00000000800003F6] -> 0x0000
[258] [M]: 0x00000000800003F4 (0x00000013) addi zero, zero, 0
mem[X,0x00000000800003F8] -> 0x0013
mem[X,0x00000000800003FA] -> 0x0000
[259] [M]: 0x00000000800003F8 (0x00000013) addi zero, zero, 0
mem[X,0x00000000800003FC] -> 0x0013
mem[X,0x00000000800003FE] -> 0x0000
[260] [M]: 0x00000000800003FC (0x00000013) addi zero, zero, 0
mem[X,0x0000000080000400] -> 0x0493
mem[X,0x0000000080000402] -> 0x0090
[261] [M]: 0x0000000080000400 (0x00900493) addi s1, zero, 9
x9 <- 0x0000000000000009
mem[X,0x0000000080000404] -> 0x88A5
[262] [M]: 0x0000000080000404 (0x88A5) c.andi s1, 9
x9 <- 0x0000000000000009
mem[X,0x0000000080000406] -> 0xB023
mem[X,0x0000000080000408] -> 0x0090
[263] [M]: 0x0000000080000406 (0x0090B023) sd s1, 0(ra)
mem[0x0000000080006118] <- 0x0000000000000009
mem[X,0x000000008000040A] -> 0x0513
mem[X,0x000000008000040C] -> 0xFF70
[264] [M]: 0x000000008000040A (0xFF700513) addi a0, zero, 4087
x10 <- 0xFFFFFFFFFFFFFFF7
mem[X,0x000000008000040E] -> 0x9975
[265] [M]: 0x000000008000040E (0x9975) c.andi a0, 61
x10 <- 0xFFFFFFFFFFFFFFF5
mem[X,0x0000000080000410] -> 0xB423
mem[X,0x0000000080000412] -> 0x00A0
[266] [M]: 0x0000000080000410 (0x00A0B423) sd a0, 8(ra)
mem[0x0000000080006120] <- 0xFFFFFFFFFFFFFFF5
mem[X,0x0000000080000414] -> 0x0593
mem[X,0x0000000080000416] -> 0x0040
[267] [M]: 0x0000000080000414 (0x00400593) addi a1, zero, 4
x11 <- 0x0000000000000004
mem[X,0x0000000080000418] -> 0x99D9
[268] [M]: 0x0000000080000418 (0x99D9) c.andi a1, 54
x11 <- 0x0000000000000004
mem[X,0x000000008000041A] -> 0xB823
mem[X,0x000000008000041C] -> 0x00B0
[269] [M]: 0x000000008000041A (0x00B0B823) sd a1, 16(ra)
mem[0x0000000080006128] <- 0x0000000000000004
mem[X,0x000000008000041E] -> 0x0613
mem[X,0x0000000080000420] -> 0xF7F0
[270] [M]: 0x000000008000041E (0xF7F00613) addi a2, zero, 3967
x12 <- 0xFFFFFFFFFFFFFF7F
mem[X,0x0000000080000422] -> 0x8A0D
[271] [M]: 0x0000000080000422 (0x8A0D) c.andi a2, 3
x12 <- 0x0000000000000003
mem[X,0x0000000080000424] -> 0xBC23
mem[X,0x0000000080000426] -> 0x00C0
[272] [M]: 0x0000000080000424 (0x00C0BC23) sd a2, 24(ra)
mem[0x0000000080006130] <- 0x0000000000000003
mem[X,0x0000000080000428] -> 0x0713
mem[X,0x000000008000042A] -> 0x0010
[273] [M]: 0x0000000080000428 (0x00100713) addi a4, zero, 1
x14 <- 0x0000000000000001
mem[X,0x000000008000042C] -> 0x1713
mem[X,0x000000008000042E] -> 0x00D7
[274] [M]: 0x000000008000042C (0x00D71713) slli a4, a4, 13
x14 <- 0x0000000000002000
mem[X,0x0000000080000430] -> 0x9B01
[275] [M]: 0x0000000080000430 (0x9B01) c.andi a4, 32
x14 <- 0x0000000000002000
mem[X,0x0000000080000432] -> 0xB023
mem[X,0x0000000080000434] -> 0x02E0
[276] [M]: 0x0000000080000432 (0x02E0B023) sd a4, 32(ra)
mem[0x0000000080006138] <- 0x0000000000002000
mem[X,0x0000000080000436] -> 0x0413
mem[X,0x0000000080000438] -> 0x0010
[277] [M]: 0x0000000080000436 (0x00100413) addi fp, zero, 1
x8 <- 0x0000000000000001
mem[X,0x000000008000043A] -> 0x1413
mem[X,0x000000008000043C] -> 0x02E4
[278] [M]: 0x000000008000043A (0x02E41413) slli fp, fp, 46
x8 <- 0x0000400000000000
mem[X,0x000000008000043E] -> 0x8801
[279] [M]: 0x000000008000043E (0x8801) c.andi s0, 0
x8 <- 0x0000000000000000
mem[X,0x0000000080000440] -> 0xB423
mem[X,0x0000000080000442] -> 0x0280
[280] [M]: 0x0000000080000440 (0x0280B423) sd fp, 40(ra)
mem[0x0000000080006140] <- 0x0000000000000000
mem[X,0x0000000080000444] -> 0x0793
mem[X,0x0000000080000446] -> 0x0010
[281] [M]: 0x0000000080000444 (0x00100793) addi a5, zero, 1
x15 <- 0x0000000000000001
mem[X,0x0000000080000448] -> 0x9793
mem[X,0x000000008000044A] -> 0x0247
[282] [M]: 0x0000000080000448 (0x02479793) slli a5, a5, 36
x15 <- 0x0000001000000000
mem[X,0x000000008000044C] -> 0xC793
mem[X,0x000000008000044E] -> 0xFFF7
[283] [M]: 0x000000008000044C (0xFFF7C793) xori a5, a5, 4095
x15 <- 0xFFFFFFEFFFFFFFFF
mem[X,0x0000000080000450] -> 0x8BFD
[284] [M]: 0x0000000080000450 (0x8BFD) c.andi a5, 31
x15 <- 0x000000000000001F
mem[X,0x0000000080000452] -> 0xB823
mem[X,0x0000000080000454] -> 0x02F0
[285] [M]: 0x0000000080000452 (0x02F0B823) sd a5, 48(ra)
mem[0x0000000080006148] <- 0x000000000000001F
mem[X,0x0000000080000456] -> 0x0693
mem[X,0x0000000080000458] -> 0x0000
[286] [M]: 0x0000000080000456 (0x00000693) addi a3, zero, 0
x13 <- 0x0000000000000000
mem[X,0x000000008000045A] -> 0x8A85
[287] [M]: 0x000000008000045A (0x8A85) c.andi a3, 1
x13 <- 0x0000000000000000
mem[X,0x000000008000045C] -> 0xBC23
mem[X,0x000000008000045E] -> 0x02D0
[288] [M]: 0x000000008000045C (0x02D0BC23) sd a3, 56(ra)
mem[0x0000000080006150] <- 0x0000000000000000
mem[X,0x0000000080000460] -> 0x0513
mem[X,0x0000000080000462] -> 0xFFF0
[289] [M]: 0x0000000080000460 (0xFFF00513) addi a0, zero, 4095
x10 <- 0xFFFFFFFFFFFFFFFF
mem[X,0x0000000080000464] -> 0x1513
mem[X,0x0000000080000466] -> 0x03F5
[290] [M]: 0x0000000080000464 (0x03F51513) slli a0, a0, 63
x10 <- 0x8000000000000000
mem[X,0x0000000080000468] -> 0x9971
[291] [M]: 0x0000000080000468 (0x9971) c.andi a0, 60
x10 <- 0x8000000000000000
mem[X,0x000000008000046A] -> 0xB023
mem[X,0x000000008000046C] -> 0x04A0
[292] [M]: 0x000000008000046A (0x04A0B023) sd a0, 64(ra)
mem[0x0000000080006158] <- 0x8000000000000000
mem[X,0x000000008000046E] -> 0x0513
mem[X,0x0000000080000470] -> 0xFFF0
[293] [M]: 0x000000008000046E (0xFFF00513) addi a0, zero, 4095
x10 <- 0xFFFFFFFFFFFFFFFF
mem[X,0x0000000080000472] -> 0x5513
mem[X,0x0000000080000474] -> 0x0015
[294] [M]: 0x0000000080000472 (0x00155513) srli a0, a0, 1
x10 <- 0x7FFFFFFFFFFFFFFF
mem[X,0x0000000080000476] -> 0x8915
[295] [M]: 0x0000000080000476 (0x8915) c.andi a0, 5
x10 <- 0x0000000000000005
mem[X,0x0000000080000478] -> 0xB423
mem[X,0x000000008000047A] -> 0x04A0
[296] [M]: 0x0000000080000478 (0x04A0B423) sd a0, 72(ra)
mem[0x0000000080006160] <- 0x0000000000000005
mem[X,0x000000008000047C] -> 0x0513
mem[X,0x000000008000047E] -> 0x0010
[297] [M]: 0x000000008000047C (0x00100513) addi a0, zero, 1
x10 <- 0x0000000000000001
mem[X,0x0000000080000480] -> 0x9979
[298] [M]: 0x0000000080000480 (0x9979) c.andi a0, 62
x10 <- 0x0000000000000000
mem[X,0x0000000080000482] -> 0xB823
mem[X,0x0000000080000484] -> 0x04A0
[299] [M]: 0x0000000080000482 (0x04A0B823) sd a0, 80(ra)
mem[0x0000000080006168] <- 0x0000000000000000
clint::tick mtime <- 0x0000000000000003
 clint timer pending at mtime 0x0000000000000003
htif::tick 0x0000000000000000
mem[X,0x0000000080000486] -> 0x0513
mem[X,0x0000000080000488] -> 0x0010
[300] [M]: 0x0000000080000486 (0x00100513) addi a0, zero, 1
x10 <- 0x0000000000000001
mem[X,0x000000008000048A] -> 0x1513
mem[X,0x000000008000048C] -> 0x01C5
[301] [M]: 0x000000008000048A (0x01C51513) slli a0, a0, 28
x10 <- 0x0000000010000000
mem[X,0x000000008000048E] -> 0x8909
[302] [M]: 0x000000008000048E (0x8909) c.andi a0, 2
x10 <- 0x0000000000000000
mem[X,0x0000000080000490] -> 0xBC23
mem[X,0x0000000080000492] -> 0x04A0
[303] [M]: 0x0000000080000490 (0x04A0BC23) sd a0, 88(ra)
mem[0x0000000080006170] <- 0x0000000000000000
mem[X,0x0000000080000494] -> 0xB537
mem[X,0x0000000080000496] -> 0xAAAA
[304] [M]: 0x0000000080000494 (0xAAAAB537) lui a0, 699051
x10 <- 0xFFFFFFFFAAAAB000
mem[X,0x0000000080000498] -> 0x0513
mem[X,0x000000008000049A] -> 0xAAA5
[305] [M]: 0x0000000080000498 (0xAAA50513) addi a0, a0, 2730
x10 <- 0xFFFFFFFFAAAAAAAA
mem[X,0x000000008000049C] -> 0x1513
mem[X,0x000000008000049E] -> 0x00B5
[306] [M]: 0x000000008000049C (0x00B51513) slli a0, a0, 11
x10 <- 0xFFFFFD5555555000
mem[X,0x00000000800004A0] -> 0x0513
mem[X,0x00000000800004A2] -> 0x5555
[307] [M]: 0x00000000800004A0 (0x55550513) addi a0, a0, 1365
x10 <- 0xFFFFFD5555555555
mem[X,0x00000000800004A4] -> 0x1513
mem[X,0x00000000800004A6] -> 0x00B5
[308] [M]: 0x00000000800004A4 (0x00B51513) slli a0, a0, 11
x10 <- 0xFFEAAAAAAAAAA800
mem[X,0x00000000800004A8] -> 0x0513
mem[X,0x00000000800004AA] -> 0x2AA5
[309] [M]: 0x00000000800004A8 (0x2AA50513) addi a0, a0, 682
x10 <- 0xFFEAAAAAAAAAAAAA
mem[X,0x00000000800004AC] -> 0x1513
mem[X,0x00000000800004AE] -> 0x00A5
[310] [M]: 0x00000000800004AC (0x00A51513) slli a0, a0, 10
x10 <- 0xAAAAAAAAAAAAA800
mem[X,0x00000000800004B0] -> 0x0513
mem[X,0x00000000800004B2] -> 0x2AB5
[311] [M]: 0x00000000800004B0 (0x2AB50513) addi a0, a0, 683
x10 <- 0xAAAAAAAAAAAAAAAB
mem[X,0x00000000800004B4] -> 0x8911
[312] [M]: 0x00000000800004B4 (0x8911) c.andi a0, 4
x10 <- 0x0000000000000000
mem[X,0x00000000800004B6] -> 0xB023
mem[X,0x00000000800004B8] -> 0x06A0
[313] [M]: 0x00000000800004B6 (0x06A0B023) sd a0, 96(ra)
mem[0x0000000080006178] <- 0x0000000000000000
mem[X,0x00000000800004BA] -> 0x0513
mem[X,0x00000000800004BC] -> 0x0010
[314] [M]: 0x00000000800004BA (0x00100513) addi a0, zero, 1
x10 <- 0x0000000000000001
mem[X,0x00000000800004BE] -> 0x1513
mem[X,0x00000000800004C0] -> 0x0125
[315] [M]: 0x00000000800004BE (0x01251513) slli a0, a0, 18
x10 <- 0x0000000000040000
mem[X,0x00000000800004C2] -> 0x4513
mem[X,0x00000000800004C4] -> 0xFFF5
[316] [M]: 0x00000000800004C2 (0xFFF54513) xori a0, a0, 4095
x10 <- 0xFFFFFFFFFFFBFFFF
mem[X,0x00000000800004C6] -> 0x8921
[317] [M]: 0x00000000800004C6 (0x8921) c.andi a0, 8
x10 <- 0x0000000000000008
mem[X,0x00000000800004C8] -> 0xB423
mem[X,0x00000000800004CA] -> 0x06A0
[318] [M]: 0x00000000800004C8 (0x06A0B423) sd a0, 104(ra)
mem[0x0000000080006180] <- 0x0000000000000008
mem[X,0x00000000800004CC] -> 0x0513
mem[X,0x00000000800004CE] -> 0x0010
[319] [M]: 0x00000000800004CC (0x00100513) addi a0, zero, 1
x10 <- 0x0000000000000001
mem[X,0x00000000800004D0] -> 0x1513
mem[X,0x00000000800004D2] -> 0x03E5
[320] [M]: 0x00000000800004D0 (0x03E51513) slli a0, a0, 62
x10 <- 0x4000000000000000
mem[X,0x00000000800004D4] -> 0x4513
mem[X,0x00000000800004D6] -> 0xFFF5
[321] [M]: 0x00000000800004D4 (0xFFF54513) xori a0, a0, 4095
x10 <- 0xBFFFFFFFFFFFFFFF
mem[X,0x00000000800004D8] -> 0x8941
[322] [M]: 0x00000000800004D8 (0x8941) c.andi a0, 16
x10 <- 0x0000000000000010
mem[X,0x00000000800004DA] -> 0xB823
mem[X,0x00000000800004DC] -> 0x06A0
[323] [M]: 0x00000000800004DA (0x06A0B823) sd a0, 112(ra)
mem[0x0000000080006188] <- 0x0000000000000010
mem[X,0x00000000800004DE] -> 0x0513
mem[X,0x00000000800004E0] -> 0x0070
[324] [M]: 0x00000000800004DE (0x00700513) addi a0, zero, 7
x10 <- 0x0000000000000007
mem[X,0x00000000800004E2] -> 0x996D
[325] [M]: 0x00000000800004E2 (0x996D) c.andi a0, 59
x10 <- 0x0000000000000003
mem[X,0x00000000800004E4] -> 0xBC23
mem[X,0x00000000800004E6] -> 0x06A0
[326] [M]: 0x00000000800004E4 (0x06A0BC23) sd a0, 120(ra)
mem[0x0000000080006190] <- 0x0000000000000003
mem[X,0x00000000800004E8] -> 0x0513
mem[X,0x00000000800004EA] -> 0x0010
[327] [M]: 0x00000000800004E8 (0x00100513) addi a0, zero, 1
x10 <- 0x0000000000000001
mem[X,0x00000000800004EC] -> 0x1513
mem[X,0x00000000800004EE] -> 0x00F5
[328] [M]: 0x00000000800004EC (0x00F51513) slli a0, a0, 15
x10 <- 0x0000000000008000
mem[X,0x00000000800004F0] -> 0x4513
mem[X,0x00000000800004F2] -> 0xFFF5
[329] [M]: 0x00000000800004F0 (0xFFF54513) xori a0, a0, 4095
x10 <- 0xFFFFFFFFFFFF7FFF
mem[X,0x00000000800004F4] -> 0x995D
[330] [M]: 0x00000000800004F4 (0x995D) c.andi a0, 55
x10 <- 0xFFFFFFFFFFFF7FF7
mem[X,0x00000000800004F6] -> 0xB023
mem[X,0x00000000800004F8] -> 0x08A0
[331] [M]: 0x00000000800004F6 (0x08A0B023) sd a0, 128(ra)
mem[0x0000000080006198] <- 0xFFFFFFFFFFFF7FF7
mem[X,0x00000000800004FA] -> 0x0513
mem[X,0x00000000800004FC] -> 0x0010
[332] [M]: 0x00000000800004FA (0x00100513) addi a0, zero, 1
x10 <- 0x0000000000000001
mem[X,0x00000000800004FE] -> 0x1513
mem[X,0x0000000080000500] -> 0x0365
[333] [M]: 0x00000000800004FE (0x03651513) slli a0, a0, 54
x10 <- 0x0040000000000000
mem[X,0x0000000080000502] -> 0x993D
[334] [M]: 0x0000000080000502 (0x993D) c.andi a0, 47
x10 <- 0x0040000000000000
mem[X,0x0000000080000504] -> 0xB423
mem[X,0x0000000080000506] -> 0x08A0
[335] [M]: 0x0000000080000504 (0x08A0B423) sd a0, 136(ra)
mem[0x00000000800061A0] <- 0x0040000000000000
mem[X,0x0000000080000508] -> 0x0513
mem[X,0x000000008000050A] -> 0x0000
[336] [M]: 0x0000000080000508 (0x00000513) addi a0, zero, 0
x10 <- 0x0000000000000000
mem[X,0x000000008000050C] -> 0x8955
[337] [M]: 0x000000008000050C (0x8955) c.andi a0, 21
x10 <- 0x0000000000000000
mem[X,0x000000008000050E] -> 0xB823
mem[X,0x0000000080000510] -> 0x08A0
[338] [M]: 0x000000008000050E (0x08A0B823) sd a0, 144(ra)
mem[0x00000000800061A8] <- 0x0000000000000000
mem[X,0x0000000080000512] -> 0x0513
mem[X,0x0000000080000514] -> 0x0010
[339] [M]: 0x0000000080000512 (0x00100513) addi a0, zero, 1
x10 <- 0x0000000000000001
mem[X,0x0000000080000516] -> 0x1513
mem[X,0x0000000080000518] -> 0x0375
[340] [M]: 0x0000000080000516 (0x03751513) slli a0, a0, 55
x10 <- 0x0080000000000000
mem[X,0x000000008000051A] -> 0x9929
[341] [M]: 0x000000008000051A (0x9929) c.andi a0, 42
x10 <- 0x0080000000000000
mem[X,0x000000008000051C] -> 0xBC23
mem[X,0x000000008000051E] -> 0x08A0
[342] [M]: 0x000000008000051C (0x08A0BC23) sd a0, 152(ra)
mem[0x00000000800061B0] <- 0x0080000000000000
mem[X,0x0000000080000520] -> 0x0513
mem[X,0x0000000080000522] -> 0x0020
[343] [M]: 0x0000000080000520 (0x00200513) addi a0, zero, 2
x10 <- 0x0000000000000002
mem[X,0x0000000080000524] -> 0x9979
[344] [M]: 0x0000000080000524 (0x9979) c.andi a0, 62
x10 <- 0x0000000000000002
mem[X,0x0000000080000526] -> 0xB023
mem[X,0x0000000080000528] -> 0x0AA0
[345] [M]: 0x0000000080000526 (0x0AA0B023) sd a0, 160(ra)
mem[0x00000000800061B8] <- 0x0000000000000002
mem[X,0x000000008000052A] -> 0x0513
mem[X,0x000000008000052C] -> 0x0080
[346] [M]: 0x000000008000052A (0x00800513) addi a0, zero, 8
x10 <- 0x0000000000000008
mem[X,0x000000008000052E] -> 0x8901
[347] [M]: 0x000000008000052E (0x8901) c.andi a0, 0
x10 <- 0x0000000000000000
mem[X,0x0000000080000530] -> 0xB423
mem[X,0x0000000080000532] -> 0x0AA0
[348] [M]: 0x0000000080000530 (0x0AA0B423) sd a0, 168(ra)
mem[0x00000000800061C0] <- 0x0000000000000000
mem[X,0x0000000080000534] -> 0x0513
mem[X,0x0000000080000536] -> 0x0100
[349] [M]: 0x0000000080000534 (0x01000513) addi a0, zero, 16
x10 <- 0x0000000000000010
mem[X,0x0000000080000538] -> 0x8911
[350] [M]: 0x0000000080000538 (0x8911) c.andi a0, 4
x10 <- 0x0000000000000000
mem[X,0x000000008000053A] -> 0xB823
mem[X,0x000000008000053C] -> 0x0AA0
[351] [M]: 0x000000008000053A (0x0AA0B823) sd a0, 176(ra)
mem[0x00000000800061C8] <- 0x0000000000000000
mem[X,0x000000008000053E] -> 0x0513
mem[X,0x0000000080000540] -> 0x0200
[352] [M]: 0x000000008000053E (0x02000513) addi a0, zero, 32
x10 <- 0x0000000000000020
mem[X,0x0000000080000542] -> 0x996D
[353] [M]: 0x0000000080000542 (0x996D) c.andi a0, 59
x10 <- 0x0000000000000020
mem[X,0x0000000080000544] -> 0xBC23
mem[X,0x0000000080000546] -> 0x0AA0
[354] [M]: 0x0000000080000544 (0x0AA0BC23) sd a0, 184(ra)
mem[0x00000000800061D0] <- 0x0000000000000020
mem[X,0x0000000080000548] -> 0x0513
mem[X,0x000000008000054A] -> 0x0400
[355] [M]: 0x0000000080000548 (0x04000513) addi a0, zero, 64
x10 <- 0x0000000000000040
mem[X,0x000000008000054C] -> 0x890D
[356] [M]: 0x000000008000054C (0x890D) c.andi a0, 3
x10 <- 0x0000000000000000
mem[X,0x000000008000054E] -> 0xB023
mem[X,0x0000000080000550] -> 0x0CA0
[357] [M]: 0x000000008000054E (0x0CA0B023) sd a0, 192(ra)
mem[0x00000000800061D8] <- 0x0000000000000000
mem[X,0x0000000080000552] -> 0x0513
mem[X,0x0000000080000554] -> 0x0800
[358] [M]: 0x0000000080000552 (0x08000513) addi a0, zero, 128
x10 <- 0x0000000000000080
mem[X,0x0000000080000556] -> 0x8905
[359] [M]: 0x0000000080000556 (0x8905) c.andi a0, 1
x10 <- 0x0000000000000000
mem[X,0x0000000080000558] -> 0xB423
mem[X,0x000000008000055A] -> 0x0CA0
[360] [M]: 0x0000000080000558 (0x0CA0B423) sd a0, 200(ra)
mem[0x00000000800061E0] <- 0x0000000000000000
mem[X,0x000000008000055C] -> 0x0513
mem[X,0x000000008000055E] -> 0x1000
[361] [M]: 0x000000008000055C (0x10000513) addi a0, zero, 256
x10 <- 0x0000000000000100
mem[X,0x0000000080000560] -> 0x9975
[362] [M]: 0x0000000080000560 (0x9975) c.andi a0, 61
x10 <- 0x0000000000000100
mem[X,0x0000000080000562] -> 0xB823
mem[X,0x0000000080000564] -> 0x0CA0
[363] [M]: 0x0000000080000562 (0x0CA0B823) sd a0, 208(ra)
mem[0x00000000800061E8] <- 0x0000000000000100
mem[X,0x0000000080000566] -> 0x0513
mem[X,0x0000000080000568] -> 0x2000
[364] [M]: 0x0000000080000566 (0x20000513) addi a0, zero, 512
x10 <- 0x0000000000000200
mem[X,0x000000008000056A] -> 0x8955
[365] [M]: 0x000000008000056A (0x8955) c.andi a0, 21
x10 <- 0x0000000000000000
mem[X,0x000000008000056C] -> 0xBC23
mem[X,0x000000008000056E] -> 0x0CA0
[366] [M]: 0x000000008000056C (0x0CA0BC23) sd a0, 216(ra)
mem[0x00000000800061F0] <- 0x0000000000000000
mem[X,0x0000000080000570] -> 0x0513
mem[X,0x0000000080000572] -> 0x4000
[367] [M]: 0x0000000080000570 (0x40000513) addi a0, zero, 1024
x10 <- 0x0000000000000400
mem[X,0x0000000080000574] -> 0x997D
[368] [M]: 0x0000000080000574 (0x997D) c.andi a0, 63
x10 <- 0x0000000000000400
mem[X,0x0000000080000576] -> 0xB023
mem[X,0x0000000080000578] -> 0x0EA0
[369] [M]: 0x0000000080000576 (0x0EA0B023) sd a0, 224(ra)
mem[0x00000000800061F8] <- 0x0000000000000400
mem[X,0x000000008000057A] -> 0x0513
mem[X,0x000000008000057C] -> 0x0010
[370] [M]: 0x000000008000057A (0x00100513) addi a0, zero, 1
x10 <- 0x0000000000000001
mem[X,0x000000008000057E] -> 0x1513
mem[X,0x0000000080000580] -> 0x00B5
[371] [M]: 0x000000008000057E (0x00B51513) slli a0, a0, 11
x10 <- 0x0000000000000800
mem[X,0x0000000080000582] -> 0x8919
[372] [M]: 0x0000000080000582 (0x8919) c.andi a0, 6
x10 <- 0x0000000000000000
mem[X,0x0000000080000584] -> 0xB423
mem[X,0x0000000080000586] -> 0x0EA0
[373] [M]: 0x0000000080000584 (0x0EA0B423) sd a0, 232(ra)
mem[0x0000000080006200] <- 0x0000000000000000
mem[X,0x0000000080000588] -> 0x0513
mem[X,0x000000008000058A] -> 0x0010
[374] [M]: 0x0000000080000588 (0x00100513) addi a0, zero, 1
x10 <- 0x0000000000000001
mem[X,0x000000008000058C] -> 0x1513
mem[X,0x000000008000058E] -> 0x00C5
[375] [M]: 0x000000008000058C (0x00C51513) slli a0, a0, 12
x10 <- 0x0000000000001000
mem[X,0x0000000080000590] -> 0x8909
[376] [M]: 0x0000000080000590 (0x8909) c.andi a0, 2
x10 <- 0x0000000000000000
mem[X,0x0000000080000592] -> 0xB823
mem[X,0x0000000080000594] -> 0x0EA0
[377] [M]: 0x0000000080000592 (0x0EA0B823) sd a0, 240(ra)
mem[0x0000000080006208] <- 0x0000000000000000
mem[X,0x0000000080000596] -> 0x0513
mem[X,0x0000000080000598] -> 0x0010
[378] [M]: 0x0000000080000596 (0x00100513) addi a0, zero, 1
x10 <- 0x0000000000000001
mem[X,0x000000008000059A] -> 0x1513
mem[X,0x000000008000059C] -> 0x00E5
[379] [M]: 0x000000008000059A (0x00E51513) slli a0, a0, 14
x10 <- 0x0000000000004000
mem[X,0x000000008000059E] -> 0x8915
[380] [M]: 0x000000008000059E (0x8915) c.andi a0, 5
x10 <- 0x0000000000000000
mem[X,0x00000000800005A0] -> 0xBC23
mem[X,0x00000000800005A2] -> 0x0EA0
[381] [M]: 0x00000000800005A0 (0x0EA0BC23) sd a0, 248(ra)
mem[0x0000000080006210] <- 0x0000000000000000
mem[X,0x00000000800005A4] -> 0x0513
mem[X,0x00000000800005A6] -> 0x0010
[382] [M]: 0x00000000800005A4 (0x00100513) addi a0, zero, 1
x10 <- 0x0000000000000001
mem[X,0x00000000800005A8] -> 0x1513
mem[X,0x00000000800005AA] -> 0x00F5
[383] [M]: 0x00000000800005A8 (0x00F51513) slli a0, a0, 15
x10 <- 0x0000000000008000
mem[X,0x00000000800005AC] -> 0x9979
[384] [M]: 0x00000000800005AC (0x9979) c.andi a0, 62
x10 <- 0x0000000000008000
mem[X,0x00000000800005AE] -> 0xB023
mem[X,0x00000000800005B0] -> 0x10A0
[385] [M]: 0x00000000800005AE (0x10A0B023) sd a0, 256(ra)
mem[0x0000000080006218] <- 0x0000000000008000
mem[X,0x00000000800005B2] -> 0x0513
mem[X,0x00000000800005B4] -> 0x0010
[386] [M]: 0x00000000800005B2 (0x00100513) addi a0, zero, 1
x10 <- 0x0000000000000001
mem[X,0x00000000800005B6] -> 0x1513
mem[X,0x00000000800005B8] -> 0x0105
[387] [M]: 0x00000000800005B6 (0x01051513) slli a0, a0, 16
x10 <- 0x0000000000010000
mem[X,0x00000000800005BA] -> 0x9929
[388] [M]: 0x00000000800005BA (0x9929) c.andi a0, 42
x10 <- 0x0000000000010000
mem[X,0x00000000800005BC] -> 0xB423
mem[X,0x00000000800005BE] -> 0x10A0
[389] [M]: 0x00000000800005BC (0x10A0B423) sd a0, 264(ra)
mem[0x0000000080006220] <- 0x0000000000010000
mem[X,0x00000000800005C0] -> 0x0513
mem[X,0x00000000800005C2] -> 0x0010
[390] [M]: 0x00000000800005C0 (0x00100513) addi a0, zero, 1
x10 <- 0x0000000000000001
mem[X,0x00000000800005C4] -> 0x1513
mem[X,0x00000000800005C6] -> 0x0115
[391] [M]: 0x00000000800005C4 (0x01151513) slli a0, a0, 17
x10 <- 0x0000000000020000
mem[X,0x00000000800005C8] -> 0x9901
[392] [M]: 0x00000000800005C8 (0x9901) c.andi a0, 32
x10 <- 0x0000000000020000
mem[X,0x00000000800005CA] -> 0xB823
mem[X,0x00000000800005CC] -> 0x10A0
[393] [M]: 0x00000000800005CA (0x10A0B823) sd a0, 272(ra)
mem[0x0000000080006228] <- 0x0000000000020000
mem[X,0x00000000800005CE] -> 0x0513
mem[X,0x00000000800005D0] -> 0x0010
[394] [M]: 0x00000000800005CE (0x00100513) addi a0, zero, 1
x10 <- 0x0000000000000001
mem[X,0x00000000800005D2] -> 0x1513
mem[X,0x00000000800005D4] -> 0x0125
[395] [M]: 0x00000000800005D2 (0x01251513) slli a0, a0, 18
x10 <- 0x0000000000040000
mem[X,0x00000000800005D6] -> 0x997D
[396] [M]: 0x00000000800005D6 (0x997D) c.andi a0, 63
x10 <- 0x0000000000040000
mem[X,0x00000000800005D8] -> 0xBC23
mem[X,0x00000000800005DA] -> 0x10A0
[397] [M]: 0x00000000800005D8 (0x10A0BC23) sd a0, 280(ra)
mem[0x0000000080006230] <- 0x0000000000040000
mem[X,0x00000000800005DC] -> 0x0513
mem[X,0x00000000800005DE] -> 0x0010
[398] [M]: 0x00000000800005DC (0x00100513) addi a0, zero, 1
x10 <- 0x0000000000000001
mem[X,0x00000000800005E0] -> 0x1513
mem[X,0x00000000800005E2] -> 0x0135
[399] [M]: 0x00000000800005E0 (0x01351513) slli a0, a0, 19
x10 <- 0x0000000000080000
clint::tick mtime <- 0x0000000000000004
 clint timer pending at mtime 0x0000000000000004
htif::tick 0x0000000000000000
mem[X,0x00000000800005E4] -> 0x8901
[400] [M]: 0x00000000800005E4 (0x8901) c.andi a0, 0
x10 <- 0x0000000000000000
mem[X,0x00000000800005E6] -> 0xB023
mem[X,0x00000000800005E8] -> 0x12A0
[401] [M]: 0x00000000800005E6 (0x12A0B023) sd a0, 288(ra)
mem[0x0000000080006238] <- 0x0000000000000000
mem[X,0x00000000800005EA] -> 0x0513
mem[X,0x00000000800005EC] -> 0x0010
[402] [M]: 0x00000000800005EA (0x00100513) addi a0, zero, 1
x10 <- 0x0000000000000001
mem[X,0x00000000800005EE] -> 0x1513
mem[X,0x00000000800005F0] -> 0x0145
[403] [M]: 0x00000000800005EE (0x01451513) slli a0, a0, 20
x10 <- 0x0000000000100000
mem[X,0x00000000800005F2] -> 0x8919
[404] [M]: 0x00000000800005F2 (0x8919) c.andi a0, 6
x10 <- 0x0000000000000000
mem[X,0x00000000800005F4] -> 0xB423
mem[X,0x00000000800005F6] -> 0x12A0
[405] [M]: 0x00000000800005F4 (0x12A0B423) sd a0, 296(ra)
mem[0x0000000080006240] <- 0x0000000000000000
mem[X,0x00000000800005F8] -> 0x0513
mem[X,0x00000000800005FA] -> 0x0010
[406] [M]: 0x00000000800005F8 (0x00100513) addi a0, zero, 1
x10 <- 0x0000000000000001
mem[X,0x00000000800005FC] -> 0x1513
mem[X,0x00000000800005FE] -> 0x0155
[407] [M]: 0x00000000800005FC (0x01551513) slli a0, a0, 21
x10 <- 0x0000000000200000
mem[X,0x0000000080000600] -> 0x8925
[408] [M]: 0x0000000080000600 (0x8925) c.andi a0, 9
x10 <- 0x0000000000000000
mem[X,0x0000000080000602] -> 0xB823
mem[X,0x0000000080000604] -> 0x12A0
[409] [M]: 0x0000000080000602 (0x12A0B823) sd a0, 304(ra)
mem[0x0000000080006248] <- 0x0000000000000000
mem[X,0x0000000080000606] -> 0x0513
mem[X,0x0000000080000608] -> 0x0010
[410] [M]: 0x0000000080000606 (0x00100513) addi a0, zero, 1
x10 <- 0x0000000000000001
mem[X,0x000000008000060A] -> 0x1513
mem[X,0x000000008000060C] -> 0x0165
[411] [M]: 0x000000008000060A (0x01651513) slli a0, a0, 22
x10 <- 0x0000000000400000
mem[X,0x000000008000060E] -> 0x8925
[412] [M]: 0x000000008000060E (0x8925) c.andi a0, 9
x10 <- 0x0000000000000000
mem[X,0x0000000080000610] -> 0xBC23
mem[X,0x0000000080000612] -> 0x12A0
[413] [M]: 0x0000000080000610 (0x12A0BC23) sd a0, 312(ra)
mem[0x0000000080006250] <- 0x0000000000000000
mem[X,0x0000000080000614] -> 0x0513
mem[X,0x0000000080000616] -> 0x0010
[414] [M]: 0x0000000080000614 (0x00100513) addi a0, zero, 1
x10 <- 0x0000000000000001
mem[X,0x0000000080000618] -> 0x1513
mem[X,0x000000008000061A] -> 0x0175
[415] [M]: 0x0000000080000618 (0x01751513) slli a0, a0, 23
x10 <- 0x0000000000800000
mem[X,0x000000008000061C] -> 0x893D
[416] [M]: 0x000000008000061C (0x893D) c.andi a0, 15
x10 <- 0x0000000000000000
mem[X,0x000000008000061E] -> 0xB023
mem[X,0x0000000080000620] -> 0x14A0
[417] [M]: 0x000000008000061E (0x14A0B023) sd a0, 320(ra)
mem[0x0000000080006258] <- 0x0000000000000000
mem[X,0x0000000080000622] -> 0x0513
mem[X,0x0000000080000624] -> 0x0010
[418] [M]: 0x0000000080000622 (0x00100513) addi a0, zero, 1
x10 <- 0x0000000000000001
mem[X,0x0000000080000626] -> 0x1513
mem[X,0x0000000080000628] -> 0x0185
[419] [M]: 0x0000000080000626 (0x01851513) slli a0, a0, 24
x10 <- 0x0000000001000000
mem[X,0x000000008000062A] -> 0x997D
[420] [M]: 0x000000008000062A (0x997D) c.andi a0, 63
x10 <- 0x0000000001000000
mem[X,0x000000008000062C] -> 0xB423
mem[X,0x000000008000062E] -> 0x14A0
[421] [M]: 0x000000008000062C (0x14A0B423) sd a0, 328(ra)
mem[0x0000000080006260] <- 0x0000000001000000
mem[X,0x0000000080000630] -> 0x0513
mem[X,0x0000000080000632] -> 0x0010
[422] [M]: 0x0000000080000630 (0x00100513) addi a0, zero, 1
x10 <- 0x0000000000000001
mem[X,0x0000000080000634] -> 0x1513
mem[X,0x0000000080000636] -> 0x0195
[423] [M]: 0x0000000080000634 (0x01951513) slli a0, a0, 25
x10 <- 0x0000000002000000
mem[X,0x0000000080000638] -> 0x8915
[424] [M]: 0x0000000080000638 (0x8915) c.andi a0, 5
x10 <- 0x0000000000000000
mem[X,0x000000008000063A] -> 0xB823
mem[X,0x000000008000063C] -> 0x14A0
[425] [M]: 0x000000008000063A (0x14A0B823) sd a0, 336(ra)
mem[0x0000000080006268] <- 0x0000000000000000
mem[X,0x000000008000063E] -> 0x0513
mem[X,0x0000000080000640] -> 0x0010
[426] [M]: 0x000000008000063E (0x00100513) addi a0, zero, 1
x10 <- 0x0000000000000001
mem[X,0x0000000080000642] -> 0x1513
mem[X,0x0000000080000644] -> 0x01A5
[427] [M]: 0x0000000080000642 (0x01A51513) slli a0, a0, 26
x10 <- 0x0000000004000000
mem[X,0x0000000080000646] -> 0x8911
[428] [M]: 0x0000000080000646 (0x8911) c.andi a0, 4
x10 <- 0x0000000000000000
mem[X,0x0000000080000648] -> 0xBC23
mem[X,0x000000008000064A] -> 0x14A0
[429] [M]: 0x0000000080000648 (0x14A0BC23) sd a0, 344(ra)
mem[0x0000000080006270] <- 0x0000000000000000
mem[X,0x000000008000064C] -> 0x0513
mem[X,0x000000008000064E] -> 0x0010
[430] [M]: 0x000000008000064C (0x00100513) addi a0, zero, 1
x10 <- 0x0000000000000001
mem[X,0x0000000080000650] -> 0x1513
mem[X,0x0000000080000652] -> 0x01B5
[431] [M]: 0x0000000080000650 (0x01B51513) slli a0, a0, 27
x10 <- 0x0000000008000000
mem[X,0x0000000080000654] -> 0x8905
[432] [M]: 0x0000000080000654 (0x8905) c.andi a0, 1
x10 <- 0x0000000000000000
mem[X,0x0000000080000656] -> 0xB023
mem[X,0x0000000080000658] -> 0x16A0
[433] [M]: 0x0000000080000656 (0x16A0B023) sd a0, 352(ra)
mem[0x0000000080006278] <- 0x0000000000000000
mem[X,0x000000008000065A] -> 0x0513
mem[X,0x000000008000065C] -> 0x0010
[434] [M]: 0x000000008000065A (0x00100513) addi a0, zero, 1
x10 <- 0x0000000000000001
mem[X,0x000000008000065E] -> 0x1513
mem[X,0x0000000080000660] -> 0x01D5
[435] [M]: 0x000000008000065E (0x01D51513) slli a0, a0, 29
x10 <- 0x0000000020000000
mem[X,0x0000000080000662] -> 0x996D
[436] [M]: 0x0000000080000662 (0x996D) c.andi a0, 59
x10 <- 0x0000000020000000
mem[X,0x0000000080000664] -> 0xB423
mem[X,0x0000000080000666] -> 0x16A0
[437] [M]: 0x0000000080000664 (0x16A0B423) sd a0, 360(ra)
mem[0x0000000080006280] <- 0x0000000020000000
mem[X,0x0000000080000668] -> 0x0513
mem[X,0x000000008000066A] -> 0x0010
[438] [M]: 0x0000000080000668 (0x00100513) addi a0, zero, 1
x10 <- 0x0000000000000001
mem[X,0x000000008000066C] -> 0x1513
mem[X,0x000000008000066E] -> 0x01E5
[439] [M]: 0x000000008000066C (0x01E51513) slli a0, a0, 30
x10 <- 0x0000000040000000
mem[X,0x0000000080000670] -> 0x8911
[440] [M]: 0x0000000080000670 (0x8911) c.andi a0, 4
x10 <- 0x0000000000000000
mem[X,0x0000000080000672] -> 0xB823
mem[X,0x0000000080000674] -> 0x16A0
[441] [M]: 0x0000000080000672 (0x16A0B823) sd a0, 368(ra)
mem[0x0000000080006288] <- 0x0000000000000000
mem[X,0x0000000080000676] -> 0x0513
mem[X,0x0000000080000678] -> 0x0010
[442] [M]: 0x0000000080000676 (0x00100513) addi a0, zero, 1
x10 <- 0x0000000000000001
mem[X,0x000000008000067A] -> 0x1513
mem[X,0x000000008000067C] -> 0x01F5
[443] [M]: 0x000000008000067A (0x01F51513) slli a0, a0, 31
x10 <- 0x0000000080000000
mem[X,0x000000008000067E] -> 0x8911
[444] [M]: 0x000000008000067E (0x8911) c.andi a0, 4
x10 <- 0x0000000000000000
mem[X,0x0000000080000680] -> 0xBC23
mem[X,0x0000000080000682] -> 0x16A0
[445] [M]: 0x0000000080000680 (0x16A0BC23) sd a0, 376(ra)
mem[0x0000000080006290] <- 0x0000000000000000
mem[X,0x0000000080000684] -> 0x0513
mem[X,0x0000000080000686] -> 0x0010
[446] [M]: 0x0000000080000684 (0x00100513) addi a0, zero, 1
x10 <- 0x0000000000000001
mem[X,0x0000000080000688] -> 0x1513
mem[X,0x000000008000068A] -> 0x0205
[447] [M]: 0x0000000080000688 (0x02051513) slli a0, a0, 32
x10 <- 0x0000000100000000
mem[X,0x000000008000068C] -> 0x8915
[448] [M]: 0x000000008000068C (0x8915) c.andi a0, 5
x10 <- 0x0000000000000000
mem[X,0x000000008000068E] -> 0xB023
mem[X,0x0000000080000690] -> 0x18A0
[449] [M]: 0x000000008000068E (0x18A0B023) sd a0, 384(ra)
mem[0x0000000080006298] <- 0x0000000000000000
mem[X,0x0000000080000692] -> 0x0513
mem[X,0x0000000080000694] -> 0x0010
[450] [M]: 0x0000000080000692 (0x00100513) addi a0, zero, 1
x10 <- 0x0000000000000001
mem[X,0x0000000080000696] -> 0x1513
mem[X,0x0000000080000698] -> 0x0215
[451] [M]: 0x0000000080000696 (0x02151513) slli a0, a0, 33
x10 <- 0x0000000200000000
mem[X,0x000000008000069A] -> 0x9979
[452] [M]: 0x000000008000069A (0x9979) c.andi a0, 62
x10 <- 0x0000000200000000
mem[X,0x000000008000069C] -> 0xB423
mem[X,0x000000008000069E] -> 0x18A0
[453] [M]: 0x000000008000069C (0x18A0B423) sd a0, 392(ra)
mem[0x00000000800062A0] <- 0x0000000200000000
mem[X,0x00000000800006A0] -> 0x0513
mem[X,0x00000000800006A2] -> 0x0010
[454] [M]: 0x00000000800006A0 (0x00100513) addi a0, zero, 1
x10 <- 0x0000000000000001
mem[X,0x00000000800006A4] -> 0x1513
mem[X,0x00000000800006A6] -> 0x0225
[455] [M]: 0x00000000800006A4 (0x02251513) slli a0, a0, 34
x10 <- 0x0000000400000000
mem[X,0x00000000800006A8] -> 0x8925
[456] [M]: 0x00000000800006A8 (0x8925) c.andi a0, 9
x10 <- 0x0000000000000000
mem[X,0x00000000800006AA] -> 0xB823
mem[X,0x00000000800006AC] -> 0x18A0
[457] [M]: 0x00000000800006AA (0x18A0B823) sd a0, 400(ra)
mem[0x00000000800062A8] <- 0x0000000000000000
mem[X,0x00000000800006AE] -> 0x0513
mem[X,0x00000000800006B0] -> 0x0010
[458] [M]: 0x00000000800006AE (0x00100513) addi a0, zero, 1
x10 <- 0x0000000000000001
mem[X,0x00000000800006B2] -> 0x1513
mem[X,0x00000000800006B4] -> 0x0235
[459] [M]: 0x00000000800006B2 (0x02351513) slli a0, a0, 35
x10 <- 0x0000000800000000
mem[X,0x00000000800006B6] -> 0x993D
[460] [M]: 0x00000000800006B6 (0x993D) c.andi a0, 47
x10 <- 0x0000000800000000
mem[X,0x00000000800006B8] -> 0xBC23
mem[X,0x00000000800006BA] -> 0x18A0
[461] [M]: 0x00000000800006B8 (0x18A0BC23) sd a0, 408(ra)
mem[0x00000000800062B0] <- 0x0000000800000000
mem[X,0x00000000800006BC] -> 0x0513
mem[X,0x00000000800006BE] -> 0x0010
[462] [M]: 0x00000000800006BC (0x00100513) addi a0, zero, 1
x10 <- 0x0000000000000001
mem[X,0x00000000800006C0] -> 0x1513
mem[X,0x00000000800006C2] -> 0x0245
[463] [M]: 0x00000000800006C0 (0x02451513) slli a0, a0, 36
x10 <- 0x0000001000000000
mem[X,0x00000000800006C4] -> 0x8905
[464] [M]: 0x00000000800006C4 (0x8905) c.andi a0, 1
x10 <- 0x0000000000000000
mem[X,0x00000000800006C6] -> 0xB023
mem[X,0x00000000800006C8] -> 0x1AA0
[465] [M]: 0x00000000800006C6 (0x1AA0B023) sd a0, 416(ra)
mem[0x00000000800062B8] <- 0x0000000000000000
mem[X,0x00000000800006CA] -> 0x0513
mem[X,0x00000000800006CC] -> 0x0010
[466] [M]: 0x00000000800006CA (0x00100513) addi a0, zero, 1
x10 <- 0x0000000000000001
mem[X,0x00000000800006CE] -> 0x1513
mem[X,0x00000000800006D0] -> 0x0255
[467] [M]: 0x00000000800006CE (0x02551513) slli a0, a0, 37
x10 <- 0x0000002000000000
mem[X,0x00000000800006D2] -> 0x8919
[468] [M]: 0x00000000800006D2 (0x8919) c.andi a0, 6
x10 <- 0x0000000000000000
mem[X,0x00000000800006D4] -> 0xB423
mem[X,0x00000000800006D6] -> 0x1AA0
[469] [M]: 0x00000000800006D4 (0x1AA0B423) sd a0, 424(ra)
mem[0x00000000800062C0] <- 0x0000000000000000
mem[X,0x00000000800006D8] -> 0x0513
mem[X,0x00000000800006DA] -> 0x0010
[470] [M]: 0x00000000800006D8 (0x00100513) addi a0, zero, 1
x10 <- 0x0000000000000001
mem[X,0x00000000800006DC] -> 0x1513
mem[X,0x00000000800006DE] -> 0x0265
[471] [M]: 0x00000000800006DC (0x02651513) slli a0, a0, 38
x10 <- 0x0000004000000000
mem[X,0x00000000800006E0] -> 0x890D
[472] [M]: 0x00000000800006E0 (0x890D) c.andi a0, 3
x10 <- 0x0000000000000000
mem[X,0x00000000800006E2] -> 0xB823
mem[X,0x00000000800006E4] -> 0x1AA0
[473] [M]: 0x00000000800006E2 (0x1AA0B823) sd a0, 432(ra)
mem[0x00000000800062C8] <- 0x0000000000000000
mem[X,0x00000000800006E6] -> 0x0513
mem[X,0x00000000800006E8] -> 0x0010
[474] [M]: 0x00000000800006E6 (0x00100513) addi a0, zero, 1
x10 <- 0x0000000000000001
mem[X,0x00000000800006EA] -> 0x1513
mem[X,0x00000000800006EC] -> 0x0275
[475] [M]: 0x00000000800006EA (0x02751513) slli a0, a0, 39
x10 <- 0x0000008000000000
mem[X,0x00000000800006EE] -> 0x8911
[476] [M]: 0x00000000800006EE (0x8911) c.andi a0, 4
x10 <- 0x0000000000000000
mem[X,0x00000000800006F0] -> 0xBC23
mem[X,0x00000000800006F2] -> 0x1AA0
[477] [M]: 0x00000000800006F0 (0x1AA0BC23) sd a0, 440(ra)
mem[0x00000000800062D0] <- 0x0000000000000000
mem[X,0x00000000800006F4] -> 0x0513
mem[X,0x00000000800006F6] -> 0x0010
[478] [M]: 0x00000000800006F4 (0x00100513) addi a0, zero, 1
x10 <- 0x0000000000000001
mem[X,0x00000000800006F8] -> 0x1513
mem[X,0x00000000800006FA] -> 0x0285
[479] [M]: 0x00000000800006F8 (0x02851513) slli a0, a0, 40
x10 <- 0x0000010000000000
mem[X,0x00000000800006FC] -> 0x8955
[480] [M]: 0x00000000800006FC (0x8955) c.andi a0, 21
x10 <- 0x0000000000000000
mem[X,0x00000000800006FE] -> 0xB023
mem[X,0x0000000080000700] -> 0x1CA0
[481] [M]: 0x00000000800006FE (0x1CA0B023) sd a0, 448(ra)
mem[0x00000000800062D8] <- 0x0000000000000000
mem[X,0x0000000080000702] -> 0x0513
mem[X,0x0000000080000704] -> 0x0010
[482] [M]: 0x0000000080000702 (0x00100513) addi a0, zero, 1
x10 <- 0x0000000000000001
mem[X,0x0000000080000706] -> 0x1513
mem[X,0x0000000080000708] -> 0x0295
[483] [M]: 0x0000000080000706 (0x02951513) slli a0, a0, 41
x10 <- 0x0000020000000000
mem[X,0x000000008000070A] -> 0x8911
[484] [M]: 0x000000008000070A (0x8911) c.andi a0, 4
x10 <- 0x0000000000000000
mem[X,0x000000008000070C] -> 0xB423
mem[X,0x000000008000070E] -> 0x1CA0
[485] [M]: 0x000000008000070C (0x1CA0B423) sd a0, 456(ra)
mem[0x00000000800062E0] <- 0x0000000000000000
mem[X,0x0000000080000710] -> 0x0513
mem[X,0x0000000080000712] -> 0x0010
[486] [M]: 0x0000000080000710 (0x00100513) addi a0, zero, 1
x10 <- 0x0000000000000001
mem[X,0x0000000080000714] -> 0x1513
mem[X,0x0000000080000716] -> 0x02A5
[487] [M]: 0x0000000080000714 (0x02A51513) slli a0, a0, 42
x10 <- 0x0000040000000000
mem[X,0x0000000080000718] -> 0x8911
[488] [M]: 0x0000000080000718 (0x8911) c.andi a0, 4
x10 <- 0x0000000000000000
mem[X,0x000000008000071A] -> 0xB823
mem[X,0x000000008000071C] -> 0x1CA0
[489] [M]: 0x000000008000071A (0x1CA0B823) sd a0, 464(ra)
mem[0x00000000800062E8] <- 0x0000000000000000
mem[X,0x000000008000071E] -> 0x0513
mem[X,0x0000000080000720] -> 0x0010
[490] [M]: 0x000000008000071E (0x00100513) addi a0, zero, 1
x10 <- 0x0000000000000001
mem[X,0x0000000080000722] -> 0x1513
mem[X,0x0000000080000724] -> 0x02B5
[491] [M]: 0x0000000080000722 (0x02B51513) slli a0, a0, 43
x10 <- 0x0000080000000000
mem[X,0x0000000080000726] -> 0x8911
[492] [M]: 0x0000000080000726 (0x8911) c.andi a0, 4
x10 <- 0x0000000000000000
mem[X,0x0000000080000728] -> 0xBC23
mem[X,0x000000008000072A] -> 0x1CA0
[493] [M]: 0x0000000080000728 (0x1CA0BC23) sd a0, 472(ra)
mem[0x00000000800062F0] <- 0x0000000000000000
mem[X,0x000000008000072C] -> 0x0513
mem[X,0x000000008000072E] -> 0x0010
[494] [M]: 0x000000008000072C (0x00100513) addi a0, zero, 1
x10 <- 0x0000000000000001
mem[X,0x0000000080000730] -> 0x1513
mem[X,0x0000000080000732] -> 0x02C5
[495] [M]: 0x0000000080000730 (0x02C51513) slli a0, a0, 44
x10 <- 0x0000100000000000
mem[X,0x0000000080000734] -> 0x8911
[496] [M]: 0x0000000080000734 (0x8911) c.andi a0, 4
x10 <- 0x0000000000000000
mem[X,0x0000000080000736] -> 0xB023
mem[X,0x0000000080000738] -> 0x1EA0
[497] [M]: 0x0000000080000736 (0x1EA0B023) sd a0, 480(ra)
mem[0x00000000800062F8] <- 0x0000000000000000
mem[X,0x000000008000073A] -> 0x0513
mem[X,0x000000008000073C] -> 0x0010
[498] [M]: 0x000000008000073A (0x00100513) addi a0, zero, 1
x10 <- 0x0000000000000001
mem[X,0x000000008000073E] -> 0x1513
mem[X,0x0000000080000740] -> 0x02D5
[499] [M]: 0x000000008000073E (0x02D51513) slli a0, a0, 45
x10 <- 0x0000200000000000
clint::tick mtime <- 0x0000000000000005
 clint timer pending at mtime 0x0000000000000005
htif::tick 0x0000000000000000
mem[X,0x0000000080000742] -> 0x8911
[500] [M]: 0x0000000080000742 (0x8911) c.andi a0, 4
x10 <- 0x0000000000000000
mem[X,0x0000000080000744] -> 0xB423
mem[X,0x0000000080000746] -> 0x1EA0
[501] [M]: 0x0000000080000744 (0x1EA0B423) sd a0, 488(ra)
mem[0x0000000080006300] <- 0x0000000000000000
mem[X,0x0000000080000748] -> 0x0513
mem[X,0x000000008000074A] -> 0x0010
[502] [M]: 0x0000000080000748 (0x00100513) addi a0, zero, 1
x10 <- 0x0000000000000001
mem[X,0x000000008000074C] -> 0x1513
mem[X,0x000000008000074E] -> 0x02F5
[503] [M]: 0x000000008000074C (0x02F51513) slli a0, a0, 47
x10 <- 0x0000800000000000
mem[X,0x0000000080000750] -> 0x890D
[504] [M]: 0x0000000080000750 (0x890D) c.andi a0, 3
x10 <- 0x0000000000000000
mem[X,0x0000000080000752] -> 0xB823
mem[X,0x0000000080000754] -> 0x1EA0
[505] [M]: 0x0000000080000752 (0x1EA0B823) sd a0, 496(ra)
mem[0x0000000080006308] <- 0x0000000000000000
mem[X,0x0000000080000756] -> 0x0513
mem[X,0x0000000080000758] -> 0x0010
[506] [M]: 0x0000000080000756 (0x00100513) addi a0, zero, 1
x10 <- 0x0000000000000001
mem[X,0x000000008000075A] -> 0x1513
mem[X,0x000000008000075C] -> 0x0305
[507] [M]: 0x000000008000075A (0x03051513) slli a0, a0, 48
x10 <- 0x0001000000000000
mem[X,0x000000008000075E] -> 0x897D
[508] [M]: 0x000000008000075E (0x897D) c.andi a0, 31
x10 <- 0x0000000000000000
mem[X,0x0000000080000760] -> 0xBC23
mem[X,0x0000000080000762] -> 0x1EA0
[509] [M]: 0x0000000080000760 (0x1EA0BC23) sd a0, 504(ra)
mem[0x0000000080006310] <- 0x0000000000000000
mem[X,0x0000000080000764] -> 0x0513
mem[X,0x0000000080000766] -> 0x0010
[510] [M]: 0x0000000080000764 (0x00100513) addi a0, zero, 1
x10 <- 0x0000000000000001
mem[X,0x0000000080000768] -> 0x1513
mem[X,0x000000008000076A] -> 0x0315
[511] [M]: 0x0000000080000768 (0x03151513) slli a0, a0, 49
x10 <- 0x0002000000000000
mem[X,0x000000008000076C] -> 0x890D
[512] [M]: 0x000000008000076C (0x890D) c.andi a0, 3
x10 <- 0x0000000000000000
mem[X,0x000000008000076E] -> 0xB023
mem[X,0x0000000080000770] -> 0x20A0
[513] [M]: 0x000000008000076E (0x20A0B023) sd a0, 512(ra)
mem[0x0000000080006318] <- 0x0000000000000000
mem[X,0x0000000080000772] -> 0x0513
mem[X,0x0000000080000774] -> 0x0010
[514] [M]: 0x0000000080000772 (0x00100513) addi a0, zero, 1
x10 <- 0x0000000000000001
mem[X,0x0000000080000776] -> 0x1513
mem[X,0x0000000080000778] -> 0x0325
[515] [M]: 0x0000000080000776 (0x03251513) slli a0, a0, 50
x10 <- 0x0004000000000000
mem[X,0x000000008000077A] -> 0x8901
[516] [M]: 0x000000008000077A (0x8901) c.andi a0, 0
x10 <- 0x0000000000000000
mem[X,0x000000008000077C] -> 0xB423
mem[X,0x000000008000077E] -> 0x20A0
[517] [M]: 0x000000008000077C (0x20A0B423) sd a0, 520(ra)
mem[0x0000000080006320] <- 0x0000000000000000
mem[X,0x0000000080000780] -> 0x0513
mem[X,0x0000000080000782] -> 0x0010
[518] [M]: 0x0000000080000780 (0x00100513) addi a0, zero, 1
x10 <- 0x0000000000000001
mem[X,0x0000000080000784] -> 0x1513
mem[X,0x0000000080000786] -> 0x0335
[519] [M]: 0x0000000080000784 (0x03351513) slli a0, a0, 51
x10 <- 0x0008000000000000
mem[X,0x0000000080000788] -> 0x8915
[520] [M]: 0x0000000080000788 (0x8915) c.andi a0, 5
x10 <- 0x0000000000000000
mem[X,0x000000008000078A] -> 0xB823
mem[X,0x000000008000078C] -> 0x20A0
[521] [M]: 0x000000008000078A (0x20A0B823) sd a0, 528(ra)
mem[0x0000000080006328] <- 0x0000000000000000
mem[X,0x000000008000078E] -> 0x0513
mem[X,0x0000000080000790] -> 0x0010
[522] [M]: 0x000000008000078E (0x00100513) addi a0, zero, 1
x10 <- 0x0000000000000001
mem[X,0x0000000080000792] -> 0x1513
mem[X,0x0000000080000794] -> 0x0345
[523] [M]: 0x0000000080000792 (0x03451513) slli a0, a0, 52
x10 <- 0x0010000000000000
mem[X,0x0000000080000796] -> 0x993D
[524] [M]: 0x0000000080000796 (0x993D) c.andi a0, 47
x10 <- 0x0010000000000000
mem[X,0x0000000080000798] -> 0xBC23
mem[X,0x000000008000079A] -> 0x20A0
[525] [M]: 0x0000000080000798 (0x20A0BC23) sd a0, 536(ra)
mem[0x0000000080006330] <- 0x0010000000000000
mem[X,0x000000008000079C] -> 0x0513
mem[X,0x000000008000079E] -> 0x0010
[526] [M]: 0x000000008000079C (0x00100513) addi a0, zero, 1
x10 <- 0x0000000000000001
mem[X,0x00000000800007A0] -> 0x1513
mem[X,0x00000000800007A2] -> 0x0355
[527] [M]: 0x00000000800007A0 (0x03551513) slli a0, a0, 53
x10 <- 0x0020000000000000
mem[X,0x00000000800007A4] -> 0x9979
[528] [M]: 0x00000000800007A4 (0x9979) c.andi a0, 62
x10 <- 0x0020000000000000
mem[X,0x00000000800007A6] -> 0xB023
mem[X,0x00000000800007A8] -> 0x22A0
[529] [M]: 0x00000000800007A6 (0x22A0B023) sd a0, 544(ra)
mem[0x0000000080006338] <- 0x0020000000000000
mem[X,0x00000000800007AA] -> 0x0513
mem[X,0x00000000800007AC] -> 0x0010
[530] [M]: 0x00000000800007AA (0x00100513) addi a0, zero, 1
x10 <- 0x0000000000000001
mem[X,0x00000000800007AE] -> 0x1513
mem[X,0x00000000800007B0] -> 0x0385
[531] [M]: 0x00000000800007AE (0x03851513) slli a0, a0, 56
x10 <- 0x0100000000000000
mem[X,0x00000000800007B2] -> 0x9959
[532] [M]: 0x00000000800007B2 (0x9959) c.andi a0, 54
x10 <- 0x0100000000000000
mem[X,0x00000000800007B4] -> 0xB423
mem[X,0x00000000800007B6] -> 0x22A0
[533] [M]: 0x00000000800007B4 (0x22A0B423) sd a0, 552(ra)
mem[0x0000000080006340] <- 0x0100000000000000
mem[X,0x00000000800007B8] -> 0x0513
mem[X,0x00000000800007BA] -> 0x0010
[534] [M]: 0x00000000800007B8 (0x00100513) addi a0, zero, 1
x10 <- 0x0000000000000001
mem[X,0x00000000800007BC] -> 0x1513
mem[X,0x00000000800007BE] -> 0x0395
[535] [M]: 0x00000000800007BC (0x03951513) slli a0, a0, 57
x10 <- 0x0200000000000000
mem[X,0x00000000800007C0] -> 0x890D
[536] [M]: 0x00000000800007C0 (0x890D) c.andi a0, 3
x10 <- 0x0000000000000000
mem[X,0x00000000800007C2] -> 0xB823
mem[X,0x00000000800007C4] -> 0x22A0
[537] [M]: 0x00000000800007C2 (0x22A0B823) sd a0, 560(ra)
mem[0x0000000080006348] <- 0x0000000000000000
mem[X,0x00000000800007C6] -> 0x0513
mem[X,0x00000000800007C8] -> 0x0010
[538] [M]: 0x00000000800007C6 (0x00100513) addi a0, zero, 1
x10 <- 0x0000000000000001
mem[X,0x00000000800007CA] -> 0x1513
mem[X,0x00000000800007CC] -> 0x03A5
[539] [M]: 0x00000000800007CA (0x03A51513) slli a0, a0, 58
x10 <- 0x0400000000000000
mem[X,0x00000000800007CE] -> 0x8909
[540] [M]: 0x00000000800007CE (0x8909) c.andi a0, 2
x10 <- 0x0000000000000000
mem[X,0x00000000800007D0] -> 0xBC23
mem[X,0x00000000800007D2] -> 0x22A0
[541] [M]: 0x00000000800007D0 (0x22A0BC23) sd a0, 568(ra)
mem[0x0000000080006350] <- 0x0000000000000000
mem[X,0x00000000800007D4] -> 0x0513
mem[X,0x00000000800007D6] -> 0x0010
[542] [M]: 0x00000000800007D4 (0x00100513) addi a0, zero, 1
x10 <- 0x0000000000000001
mem[X,0x00000000800007D8] -> 0x1513
mem[X,0x00000000800007DA] -> 0x03B5
[543] [M]: 0x00000000800007D8 (0x03B51513) slli a0, a0, 59
x10 <- 0x0800000000000000
mem[X,0x00000000800007DC] -> 0x8915
[544] [M]: 0x00000000800007DC (0x8915) c.andi a0, 5
x10 <- 0x0000000000000000
mem[X,0x00000000800007DE] -> 0xB023
mem[X,0x00000000800007E0] -> 0x24A0
[545] [M]: 0x00000000800007DE (0x24A0B023) sd a0, 576(ra)
mem[0x0000000080006358] <- 0x0000000000000000
mem[X,0x00000000800007E2] -> 0x0513
mem[X,0x00000000800007E4] -> 0x0010
[546] [M]: 0x00000000800007E2 (0x00100513) addi a0, zero, 1
x10 <- 0x0000000000000001
mem[X,0x00000000800007E6] -> 0x1513
mem[X,0x00000000800007E8] -> 0x03C5
[547] [M]: 0x00000000800007E6 (0x03C51513) slli a0, a0, 60
x10 <- 0x1000000000000000
mem[X,0x00000000800007EA] -> 0x890D
[548] [M]: 0x00000000800007EA (0x890D) c.andi a0, 3
x10 <- 0x0000000000000000
mem[X,0x00000000800007EC] -> 0xB423
mem[X,0x00000000800007EE] -> 0x24A0
[549] [M]: 0x00000000800007EC (0x24A0B423) sd a0, 584(ra)
mem[0x0000000080006360] <- 0x0000000000000000
mem[X,0x00000000800007F0] -> 0x0513
mem[X,0x00000000800007F2] -> 0x0010
[550] [M]: 0x00000000800007F0 (0x00100513) addi a0, zero, 1
x10 <- 0x0000000000000001
mem[X,0x00000000800007F4] -> 0x1513
mem[X,0x00000000800007F6] -> 0x03D5
[551] [M]: 0x00000000800007F4 (0x03D51513) slli a0, a0, 61
x10 <- 0x2000000000000000
mem[X,0x00000000800007F8] -> 0x9979
[552] [M]: 0x00000000800007F8 (0x9979) c.andi a0, 62
x10 <- 0x2000000000000000
mem[X,0x00000000800007FA] -> 0xB823
mem[X,0x00000000800007FC] -> 0x24A0
[553] [M]: 0x00000000800007FA (0x24A0B823) sd a0, 592(ra)
mem[0x0000000080006368] <- 0x2000000000000000
mem[X,0x00000000800007FE] -> 0x0513
mem[X,0x0000000080000800] -> 0x0010
[554] [M]: 0x00000000800007FE (0x00100513) addi a0, zero, 1
x10 <- 0x0000000000000001
mem[X,0x0000000080000802] -> 0x1513
mem[X,0x0000000080000804] -> 0x03E5
[555] [M]: 0x0000000080000802 (0x03E51513) slli a0, a0, 62
x10 <- 0x4000000000000000
mem[X,0x0000000080000806] -> 0x8915
[556] [M]: 0x0000000080000806 (0x8915) c.andi a0, 5
x10 <- 0x0000000000000000
mem[X,0x0000000080000808] -> 0xBC23
mem[X,0x000000008000080A] -> 0x24A0
[557] [M]: 0x0000000080000808 (0x24A0BC23) sd a0, 600(ra)
mem[0x0000000080006370] <- 0x0000000000000000
mem[X,0x000000008000080C] -> 0x0513
mem[X,0x000000008000080E] -> 0xFFE0
[558] [M]: 0x000000008000080C (0xFFE00513) addi a0, zero, 4094
x10 <- 0xFFFFFFFFFFFFFFFE
mem[X,0x0000000080000810] -> 0x9965
[559] [M]: 0x0000000080000810 (0x9965) c.andi a0, 57
x10 <- 0xFFFFFFFFFFFFFFF8
mem[X,0x0000000080000812] -> 0xB023
mem[X,0x0000000080000814] -> 0x26A0
[560] [M]: 0x0000000080000812 (0x26A0B023) sd a0, 608(ra)
mem[0x0000000080006378] <- 0xFFFFFFFFFFFFFFF8
mem[X,0x0000000080000816] -> 0x0513
mem[X,0x0000000080000818] -> 0xFFD0
[561] [M]: 0x0000000080000816 (0xFFD00513) addi a0, zero, 4093
x10 <- 0xFFFFFFFFFFFFFFFD
mem[X,0x000000008000081A] -> 0x997D
[562] [M]: 0x000000008000081A (0x997D) c.andi a0, 63
x10 <- 0xFFFFFFFFFFFFFFFD
mem[X,0x000000008000081C] -> 0xB423
mem[X,0x000000008000081E] -> 0x26A0
[563] [M]: 0x000000008000081C (0x26A0B423) sd a0, 616(ra)
mem[0x0000000080006380] <- 0xFFFFFFFFFFFFFFFD
mem[X,0x0000000080000820] -> 0x0513
mem[X,0x0000000080000822] -> 0xFFB0
[564] [M]: 0x0000000080000820 (0xFFB00513) addi a0, zero, 4091
x10 <- 0xFFFFFFFFFFFFFFFB
mem[X,0x0000000080000824] -> 0x9971
[565] [M]: 0x0000000080000824 (0x9971) c.andi a0, 60
x10 <- 0xFFFFFFFFFFFFFFF8
mem[X,0x0000000080000826] -> 0xB823
mem[X,0x0000000080000828] -> 0x26A0
[566] [M]: 0x0000000080000826 (0x26A0B823) sd a0, 624(ra)
mem[0x0000000080006388] <- 0xFFFFFFFFFFFFFFF8
mem[X,0x000000008000082A] -> 0x0513
mem[X,0x000000008000082C] -> 0xFEF0
[567] [M]: 0x000000008000082A (0xFEF00513) addi a0, zero, 4079
x10 <- 0xFFFFFFFFFFFFFFEF
mem[X,0x000000008000082E] -> 0x891D
[568] [M]: 0x000000008000082E (0x891D) c.andi a0, 7
x10 <- 0x0000000000000007
mem[X,0x0000000080000830] -> 0xBC23
mem[X,0x0000000080000832] -> 0x26A0
[569] [M]: 0x0000000080000830 (0x26A0BC23) sd a0, 632(ra)
mem[0x0000000080006390] <- 0x0000000000000007
mem[X,0x0000000080000834] -> 0x0513
mem[X,0x0000000080000836] -> 0xFDF0
[570] [M]: 0x0000000080000834 (0xFDF00513) addi a0, zero, 4063
x10 <- 0xFFFFFFFFFFFFFFDF
mem[X,0x0000000080000838] -> 0x9901
[571] [M]: 0x0000000080000838 (0x9901) c.andi a0, 32
x10 <- 0xFFFFFFFFFFFFFFC0
mem[X,0x000000008000083A] -> 0xB023
mem[X,0x000000008000083C] -> 0x28A0
[572] [M]: 0x000000008000083A (0x28A0B023) sd a0, 640(ra)
mem[0x0000000080006398] <- 0xFFFFFFFFFFFFFFC0
mem[X,0x000000008000083E] -> 0x0513
mem[X,0x0000000080000840] -> 0xFBF0
[573] [M]: 0x000000008000083E (0xFBF00513) addi a0, zero, 4031
x10 <- 0xFFFFFFFFFFFFFFBF
mem[X,0x0000000080000842] -> 0x8919
[574] [M]: 0x0000000080000842 (0x8919) c.andi a0, 6
x10 <- 0x0000000000000006
mem[X,0x0000000080000844] -> 0xB423
mem[X,0x0000000080000846] -> 0x28A0
[575] [M]: 0x0000000080000844 (0x28A0B423) sd a0, 648(ra)
mem[0x00000000800063A0] <- 0x0000000000000006
mem[X,0x0000000080000848] -> 0x0513
mem[X,0x000000008000084A] -> 0xEFF0
[576] [M]: 0x0000000080000848 (0xEFF00513) addi a0, zero, 3839
x10 <- 0xFFFFFFFFFFFFFEFF
mem[X,0x000000008000084C] -> 0x891D
[577] [M]: 0x000000008000084C (0x891D) c.andi a0, 7
x10 <- 0x0000000000000007
mem[X,0x000000008000084E] -> 0xB823
mem[X,0x0000000080000850] -> 0x28A0
[578] [M]: 0x000000008000084E (0x28A0B823) sd a0, 656(ra)
mem[0x00000000800063A8] <- 0x0000000000000007
mem[X,0x0000000080000852] -> 0x0513
mem[X,0x0000000080000854] -> 0xDFF0
[579] [M]: 0x0000000080000852 (0xDFF00513) addi a0, zero, 3583
x10 <- 0xFFFFFFFFFFFFFDFF
mem[X,0x0000000080000856] -> 0x8911
[580] [M]: 0x0000000080000856 (0x8911) c.andi a0, 4
x10 <- 0x0000000000000004
mem[X,0x0000000080000858] -> 0xBC23
mem[X,0x000000008000085A] -> 0x28A0
[581] [M]: 0x0000000080000858 (0x28A0BC23) sd a0, 664(ra)
mem[0x00000000800063B0] <- 0x0000000000000004
mem[X,0x000000008000085C] -> 0x0513
mem[X,0x000000008000085E] -> 0xBFF0
[582] [M]: 0x000000008000085C (0xBFF00513) addi a0, zero, 3071
x10 <- 0xFFFFFFFFFFFFFBFF
mem[X,0x0000000080000860] -> 0x8901
[583] [M]: 0x0000000080000860 (0x8901) c.andi a0, 0
x10 <- 0x0000000000000000
mem[X,0x0000000080000862] -> 0xB023
mem[X,0x0000000080000864] -> 0x2AA0
[584] [M]: 0x0000000080000862 (0x2AA0B023) sd a0, 672(ra)
mem[0x00000000800063B8] <- 0x0000000000000000
mem[X,0x0000000080000866] -> 0x0513
mem[X,0x0000000080000868] -> 0x0010
[585] [M]: 0x0000000080000866 (0x00100513) addi a0, zero, 1
x10 <- 0x0000000000000001
mem[X,0x000000008000086A] -> 0x1513
mem[X,0x000000008000086C] -> 0x00B5
[586] [M]: 0x000000008000086A (0x00B51513) slli a0, a0, 11
x10 <- 0x0000000000000800
mem[X,0x000000008000086E] -> 0x4513
mem[X,0x0000000080000870] -> 0xFFF5
[587] [M]: 0x000000008000086E (0xFFF54513) xori a0, a0, 4095
x10 <- 0xFFFFFFFFFFFFF7FF
mem[X,0x0000000080000872] -> 0x8911
[588] [M]: 0x0000000080000872 (0x8911) c.andi a0, 4
x10 <- 0x0000000000000004
mem[X,0x0000000080000874] -> 0xB423
mem[X,0x0000000080000876] -> 0x2AA0
[589] [M]: 0x0000000080000874 (0x2AA0B423) sd a0, 680(ra)
mem[0x00000000800063C0] <- 0x0000000000000004
mem[X,0x0000000080000878] -> 0x0513
mem[X,0x000000008000087A] -> 0x0010
[590] [M]: 0x0000000080000878 (0x00100513) addi a0, zero, 1
x10 <- 0x0000000000000001
mem[X,0x000000008000087C] -> 0x1513
mem[X,0x000000008000087E] -> 0x00C5
[591] [M]: 0x000000008000087C (0x00C51513) slli a0, a0, 12
x10 <- 0x0000000000001000
mem[X,0x0000000080000880] -> 0x4513
mem[X,0x0000000080000882] -> 0xFFF5
[592] [M]: 0x0000000080000880 (0xFFF54513) xori a0, a0, 4095
x10 <- 0xFFFFFFFFFFFFEFFF
mem[X,0x0000000080000884] -> 0x891D
[593] [M]: 0x0000000080000884 (0x891D) c.andi a0, 7
x10 <- 0x0000000000000007
mem[X,0x0000000080000886] -> 0xB823
mem[X,0x0000000080000888] -> 0x2AA0
[594] [M]: 0x0000000080000886 (0x2AA0B823) sd a0, 688(ra)
mem[0x00000000800063C8] <- 0x0000000000000007
mem[X,0x000000008000088A] -> 0x0513
mem[X,0x000000008000088C] -> 0x0010
[595] [M]: 0x000000008000088A (0x00100513) addi a0, zero, 1
x10 <- 0x0000000000000001
mem[X,0x000000008000088E] -> 0x1513
mem[X,0x0000000080000890] -> 0x00D5
[596] [M]: 0x000000008000088E (0x00D51513) slli a0, a0, 13
x10 <- 0x0000000000002000
mem[X,0x0000000080000892] -> 0x4513
mem[X,0x0000000080000894] -> 0xFFF5
[597] [M]: 0x0000000080000892 (0xFFF54513) xori a0, a0, 4095
x10 <- 0xFFFFFFFFFFFFDFFF
mem[X,0x0000000080000896] -> 0x8911
[598] [M]: 0x0000000080000896 (0x8911) c.andi a0, 4
x10 <- 0x0000000000000004
mem[X,0x0000000080000898] -> 0xBC23
mem[X,0x000000008000089A] -> 0x2AA0
[599] [M]: 0x0000000080000898 (0x2AA0BC23) sd a0, 696(ra)
mem[0x00000000800063D0] <- 0x0000000000000004
clint::tick mtime <- 0x0000000000000006
 clint timer pending at mtime 0x0000000000000006
htif::tick 0x0000000000000000
mem[X,0x000000008000089C] -> 0x0513
mem[X,0x000000008000089E] -> 0x0010
[600] [M]: 0x000000008000089C (0x00100513) addi a0, zero, 1
x10 <- 0x0000000000000001
mem[X,0x00000000800008A0] -> 0x1513
mem[X,0x00000000800008A2] -> 0x00E5
[601] [M]: 0x00000000800008A0 (0x00E51513) slli a0, a0, 14
x10 <- 0x0000000000004000
mem[X,0x00000000800008A4] -> 0x4513
mem[X,0x00000000800008A6] -> 0xFFF5
[602] [M]: 0x00000000800008A4 (0xFFF54513) xori a0, a0, 4095
x10 <- 0xFFFFFFFFFFFFBFFF
mem[X,0x00000000800008A8] -> 0x8911
[603] [M]: 0x00000000800008A8 (0x8911) c.andi a0, 4
x10 <- 0x0000000000000004
mem[X,0x00000000800008AA] -> 0xB023
mem[X,0x00000000800008AC] -> 0x2CA0
[604] [M]: 0x00000000800008AA (0x2CA0B023) sd a0, 704(ra)
mem[0x00000000800063D8] <- 0x0000000000000004
mem[X,0x00000000800008AE] -> 0x0513
mem[X,0x00000000800008B0] -> 0x0010
[605] [M]: 0x00000000800008AE (0x00100513) addi a0, zero, 1
x10 <- 0x0000000000000001
mem[X,0x00000000800008B2] -> 0x1513
mem[X,0x00000000800008B4] -> 0x0105
[606] [M]: 0x00000000800008B2 (0x01051513) slli a0, a0, 16
x10 <- 0x0000000000010000
mem[X,0x00000000800008B6] -> 0x4513
mem[X,0x00000000800008B8] -> 0xFFF5
[607] [M]: 0x00000000800008B6 (0xFFF54513) xori a0, a0, 4095
x10 <- 0xFFFFFFFFFFFEFFFF
mem[X,0x00000000800008BA] -> 0x890D
[608] [M]: 0x00000000800008BA (0x890D) c.andi a0, 3
x10 <- 0x0000000000000003
mem[X,0x00000000800008BC] -> 0xB423
mem[X,0x00000000800008BE] -> 0x2CA0
[609] [M]: 0x00000000800008BC (0x2CA0B423) sd a0, 712(ra)
mem[0x00000000800063E0] <- 0x0000000000000003
mem[X,0x00000000800008C0] -> 0x0513
mem[X,0x00000000800008C2] -> 0x0010
[610] [M]: 0x00000000800008C0 (0x00100513) addi a0, zero, 1
x10 <- 0x0000000000000001
mem[X,0x00000000800008C4] -> 0x1513
mem[X,0x00000000800008C6] -> 0x0115
[611] [M]: 0x00000000800008C4 (0x01151513) slli a0, a0, 17
x10 <- 0x0000000000020000
mem[X,0x00000000800008C8] -> 0x4513
mem[X,0x00000000800008CA] -> 0xFFF5
[612] [M]: 0x00000000800008C8 (0xFFF54513) xori a0, a0, 4095
x10 <- 0xFFFFFFFFFFFDFFFF
mem[X,0x00000000800008CC] -> 0x9975
[613] [M]: 0x00000000800008CC (0x9975) c.andi a0, 61
x10 <- 0xFFFFFFFFFFFDFFFD
mem[X,0x00000000800008CE] -> 0xB823
mem[X,0x00000000800008D0] -> 0x2CA0
[614] [M]: 0x00000000800008CE (0x2CA0B823) sd a0, 720(ra)
mem[0x00000000800063E8] <- 0xFFFFFFFFFFFDFFFD
mem[X,0x00000000800008D2] -> 0x0513
mem[X,0x00000000800008D4] -> 0x0010
[615] [M]: 0x00000000800008D2 (0x00100513) addi a0, zero, 1
x10 <- 0x0000000000000001
mem[X,0x00000000800008D6] -> 0x1513
mem[X,0x00000000800008D8] -> 0x0135
[616] [M]: 0x00000000800008D6 (0x01351513) slli a0, a0, 19
x10 <- 0x0000000000080000
mem[X,0x00000000800008DA] -> 0x4513
mem[X,0x00000000800008DC] -> 0xFFF5
[617] [M]: 0x00000000800008DA (0xFFF54513) xori a0, a0, 4095
x10 <- 0xFFFFFFFFFFF7FFFF
mem[X,0x00000000800008DE] -> 0x9959
[618] [M]: 0x00000000800008DE (0x9959) c.andi a0, 54
x10 <- 0xFFFFFFFFFFF7FFF6
mem[X,0x00000000800008E0] -> 0xBC23
mem[X,0x00000000800008E2] -> 0x2CA0
[619] [M]: 0x00000000800008E0 (0x2CA0BC23) sd a0, 728(ra)
mem[0x00000000800063F0] <- 0xFFFFFFFFFFF7FFF6
mem[X,0x00000000800008E4] -> 0x0513
mem[X,0x00000000800008E6] -> 0x0010
[620] [M]: 0x00000000800008E4 (0x00100513) addi a0, zero, 1
x10 <- 0x0000000000000001
mem[X,0x00000000800008E8] -> 0x1513
mem[X,0x00000000800008EA] -> 0x0145
[621] [M]: 0x00000000800008E8 (0x01451513) slli a0, a0, 20
x10 <- 0x0000000000100000
mem[X,0x00000000800008EC] -> 0x4513
mem[X,0x00000000800008EE] -> 0xFFF5
[622] [M]: 0x00000000800008EC (0xFFF54513) xori a0, a0, 4095
x10 <- 0xFFFFFFFFFFEFFFFF
mem[X,0x00000000800008F0] -> 0x9971
[623] [M]: 0x00000000800008F0 (0x9971) c.andi a0, 60
x10 <- 0xFFFFFFFFFFEFFFFC
mem[X,0x00000000800008F2] -> 0xB023
mem[X,0x00000000800008F4] -> 0x2EA0
[624] [M]: 0x00000000800008F2 (0x2EA0B023) sd a0, 736(ra)
mem[0x00000000800063F8] <- 0xFFFFFFFFFFEFFFFC
mem[X,0x00000000800008F6] -> 0x0513
mem[X,0x00000000800008F8] -> 0x0010
[625] [M]: 0x00000000800008F6 (0x00100513) addi a0, zero, 1
x10 <- 0x0000000000000001
mem[X,0x00000000800008FA] -> 0x1513
mem[X,0x00000000800008FC] -> 0x0155
[626] [M]: 0x00000000800008FA (0x01551513) slli a0, a0, 21
x10 <- 0x0000000000200000
mem[X,0x00000000800008FE] -> 0x4513
mem[X,0x0000000080000900] -> 0xFFF5
[627] [M]: 0x00000000800008FE (0xFFF54513) xori a0, a0, 4095
x10 <- 0xFFFFFFFFFFDFFFFF
mem[X,0x0000000080000902] -> 0x890D
[628] [M]: 0x0000000080000902 (0x890D) c.andi a0, 3
x10 <- 0x0000000000000003
mem[X,0x0000000080000904] -> 0xB423
mem[X,0x0000000080000906] -> 0x2EA0
[629] [M]: 0x0000000080000904 (0x2EA0B423) sd a0, 744(ra)
mem[0x0000000080006400] <- 0x0000000000000003
mem[X,0x0000000080000908] -> 0x0513
mem[X,0x000000008000090A] -> 0x0010
[630] [M]: 0x0000000080000908 (0x00100513) addi a0, zero, 1
x10 <- 0x0000000000000001
mem[X,0x000000008000090C] -> 0x1513
mem[X,0x000000008000090E] -> 0x0165
[631] [M]: 0x000000008000090C (0x01651513) slli a0, a0, 22
x10 <- 0x0000000000400000
mem[X,0x0000000080000910] -> 0x4513
mem[X,0x0000000080000912] -> 0xFFF5
[632] [M]: 0x0000000080000910 (0xFFF54513) xori a0, a0, 4095
x10 <- 0xFFFFFFFFFFBFFFFF
mem[X,0x0000000080000914] -> 0x8911
[633] [M]: 0x0000000080000914 (0x8911) c.andi a0, 4
x10 <- 0x0000000000000004
mem[X,0x0000000080000916] -> 0xB823
mem[X,0x0000000080000918] -> 0x2EA0
[634] [M]: 0x0000000080000916 (0x2EA0B823) sd a0, 752(ra)
mem[0x0000000080006408] <- 0x0000000000000004
mem[X,0x000000008000091A] -> 0x0513
mem[X,0x000000008000091C] -> 0x0010
[635] [M]: 0x000000008000091A (0x00100513) addi a0, zero, 1
x10 <- 0x0000000000000001
mem[X,0x000000008000091E] -> 0x1513
mem[X,0x0000000080000920] -> 0x0175
[636] [M]: 0x000000008000091E (0x01751513) slli a0, a0, 23
x10 <- 0x0000000000800000
mem[X,0x0000000080000922] -> 0x4513
mem[X,0x0000000080000924] -> 0xFFF5
[637] [M]: 0x0000000080000922 (0xFFF54513) xori a0, a0, 4095
x10 <- 0xFFFFFFFFFF7FFFFF
mem[X,0x0000000080000926] -> 0x997D
[638] [M]: 0x0000000080000926 (0x997D) c.andi a0, 63
x10 <- 0xFFFFFFFFFF7FFFFF
mem[X,0x0000000080000928] -> 0xBC23
mem[X,0x000000008000092A] -> 0x2EA0
[639] [M]: 0x0000000080000928 (0x2EA0BC23) sd a0, 760(ra)
mem[0x0000000080006410] <- 0xFFFFFFFFFF7FFFFF
mem[X,0x000000008000092C] -> 0x0513
mem[X,0x000000008000092E] -> 0x0010
[640] [M]: 0x000000008000092C (0x00100513) addi a0, zero, 1
x10 <- 0x0000000000000001
mem[X,0x0000000080000930] -> 0x1513
mem[X,0x0000000080000932] -> 0x0185
[641] [M]: 0x0000000080000930 (0x01851513) slli a0, a0, 24
x10 <- 0x0000000001000000
mem[X,0x0000000080000934] -> 0x4513
mem[X,0x0000000080000936] -> 0xFFF5
[642] [M]: 0x0000000080000934 (0xFFF54513) xori a0, a0, 4095
x10 <- 0xFFFFFFFFFEFFFFFF
mem[X,0x0000000080000938] -> 0x9979
[643] [M]: 0x0000000080000938 (0x9979) c.andi a0, 62
x10 <- 0xFFFFFFFFFEFFFFFE
mem[X,0x000000008000093A] -> 0xB023
mem[X,0x000000008000093C] -> 0x30A0
[644] [M]: 0x000000008000093A (0x30A0B023) sd a0, 768(ra)
mem[0x0000000080006418] <- 0xFFFFFFFFFEFFFFFE
mem[X,0x000000008000093E] -> 0x0513
mem[X,0x0000000080000940] -> 0x0010
[645] [M]: 0x000000008000093E (0x00100513) addi a0, zero, 1
x10 <- 0x0000000000000001
mem[X,0x0000000080000942] -> 0x1513
mem[X,0x0000000080000944] -> 0x0195
[646] [M]: 0x0000000080000942 (0x01951513) slli a0, a0, 25
x10 <- 0x0000000002000000
mem[X,0x0000000080000946] -> 0x4513
mem[X,0x0000000080000948] -> 0xFFF5
[647] [M]: 0x0000000080000946 (0xFFF54513) xori a0, a0, 4095
x10 <- 0xFFFFFFFFFDFFFFFF
mem[X,0x000000008000094A] -> 0x9969
[648] [M]: 0x000000008000094A (0x9969) c.andi a0, 58
x10 <- 0xFFFFFFFFFDFFFFFA
mem[X,0x000000008000094C] -> 0xB423
mem[X,0x000000008000094E] -> 0x30A0
[649] [M]: 0x000000008000094C (0x30A0B423) sd a0, 776(ra)
mem[0x0000000080006420] <- 0xFFFFFFFFFDFFFFFA
mem[X,0x0000000080000950] -> 0x0513
mem[X,0x0000000080000952] -> 0x0010
[650] [M]: 0x0000000080000950 (0x00100513) addi a0, zero, 1
x10 <- 0x0000000000000001
mem[X,0x0000000080000954] -> 0x1513
mem[X,0x0000000080000956] -> 0x01A5
[651] [M]: 0x0000000080000954 (0x01A51513) slli a0, a0, 26
x10 <- 0x0000000004000000
mem[X,0x0000000080000958] -> 0x4513
mem[X,0x000000008000095A] -> 0xFFF5
[652] [M]: 0x0000000080000958 (0xFFF54513) xori a0, a0, 4095
x10 <- 0xFFFFFFFFFBFFFFFF
mem[X,0x000000008000095C] -> 0x996D
[653] [M]: 0x000000008000095C (0x996D) c.andi a0, 59
x10 <- 0xFFFFFFFFFBFFFFFB
mem[X,0x000000008000095E] -> 0xB823
mem[X,0x0000000080000960] -> 0x30A0
[654] [M]: 0x000000008000095E (0x30A0B823) sd a0, 784(ra)
mem[0x0000000080006428] <- 0xFFFFFFFFFBFFFFFB
mem[X,0x0000000080000962] -> 0x0513
mem[X,0x0000000080000964] -> 0x0010
[655] [M]: 0x0000000080000962 (0x00100513) addi a0, zero, 1
x10 <- 0x0000000000000001
mem[X,0x0000000080000966] -> 0x1513
mem[X,0x0000000080000968] -> 0x01B5
[656] [M]: 0x0000000080000966 (0x01B51513) slli a0, a0, 27
x10 <- 0x0000000008000000
mem[X,0x000000008000096A] -> 0x4513
mem[X,0x000000008000096C] -> 0xFFF5
[657] [M]: 0x000000008000096A (0xFFF54513) xori a0, a0, 4095
x10 <- 0xFFFFFFFFF7FFFFFF
mem[X,0x000000008000096E] -> 0x9979
[658] [M]: 0x000000008000096E (0x9979) c.andi a0, 62
x10 <- 0xFFFFFFFFF7FFFFFE
mem[X,0x0000000080000970] -> 0xBC23
mem[X,0x0000000080000972] -> 0x30A0
[659] [M]: 0x0000000080000970 (0x30A0BC23) sd a0, 792(ra)
mem[0x0000000080006430] <- 0xFFFFFFFFF7FFFFFE
mem[X,0x0000000080000974] -> 0x0513
mem[X,0x0000000080000976] -> 0x0010
[660] [M]: 0x0000000080000974 (0x00100513) addi a0, zero, 1
x10 <- 0x0000000000000001
mem[X,0x0000000080000978] -> 0x1513
mem[X,0x000000008000097A] -> 0x01C5
[661] [M]: 0x0000000080000978 (0x01C51513) slli a0, a0, 28
x10 <- 0x0000000010000000
mem[X,0x000000008000097C] -> 0x4513
mem[X,0x000000008000097E] -> 0xFFF5
[662] [M]: 0x000000008000097C (0xFFF54513) xori a0, a0, 4095
x10 <- 0xFFFFFFFFEFFFFFFF
mem[X,0x0000000080000980] -> 0x893D
[663] [M]: 0x0000000080000980 (0x893D) c.andi a0, 15
x10 <- 0x000000000000000F
mem[X,0x0000000080000982] -> 0xB023
mem[X,0x0000000080000984] -> 0x32A0
[664] [M]: 0x0000000080000982 (0x32A0B023) sd a0, 800(ra)
mem[0x0000000080006438] <- 0x000000000000000F
mem[X,0x0000000080000986] -> 0x0513
mem[X,0x0000000080000988] -> 0x0010
[665] [M]: 0x0000000080000986 (0x00100513) addi a0, zero, 1
x10 <- 0x0000000000000001
mem[X,0x000000008000098A] -> 0x1513
mem[X,0x000000008000098C] -> 0x01D5
[666] [M]: 0x000000008000098A (0x01D51513) slli a0, a0, 29
x10 <- 0x0000000020000000
mem[X,0x000000008000098E] -> 0x4513
mem[X,0x0000000080000990] -> 0xFFF5
[667] [M]: 0x000000008000098E (0xFFF54513) xori a0, a0, 4095
x10 <- 0xFFFFFFFFDFFFFFFF
mem[X,0x0000000080000992] -> 0x9971
[668] [M]: 0x0000000080000992 (0x9971) c.andi a0, 60
x10 <- 0xFFFFFFFFDFFFFFFC
mem[X,0x0000000080000994] -> 0xB423
mem[X,0x0000000080000996] -> 0x32A0
[669] [M]: 0x0000000080000994 (0x32A0B423) sd a0, 808(ra)
mem[0x0000000080006440] <- 0xFFFFFFFFDFFFFFFC
mem[X,0x0000000080000998] -> 0x0513
mem[X,0x000000008000099A] -> 0x0010
[670] [M]: 0x0000000080000998 (0x00100513) addi a0, zero, 1
x10 <- 0x0000000000000001
mem[X,0x000000008000099C] -> 0x1513
mem[X,0x000000008000099E] -> 0x01E5
[671] [M]: 0x000000008000099C (0x01E51513) slli a0, a0, 30
x10 <- 0x0000000040000000
mem[X,0x00000000800009A0] -> 0x4513
mem[X,0x00000000800009A2] -> 0xFFF5
[672] [M]: 0x00000000800009A0 (0xFFF54513) xori a0, a0, 4095
x10 <- 0xFFFFFFFFBFFFFFFF
mem[X,0x00000000800009A4] -> 0x993D
[673] [M]: 0x00000000800009A4 (0x993D) c.andi a0, 47
x10 <- 0xFFFFFFFFBFFFFFEF
mem[X,0x00000000800009A6] -> 0xB823
mem[X,0x00000000800009A8] -> 0x32A0
[674] [M]: 0x00000000800009A6 (0x32A0B823) sd a0, 816(ra)
mem[0x0000000080006448] <- 0xFFFFFFFFBFFFFFEF
mem[X,0x00000000800009AA] -> 0x0513
mem[X,0x00000000800009AC] -> 0x0010
[675] [M]: 0x00000000800009AA (0x00100513) addi a0, zero, 1
x10 <- 0x0000000000000001
mem[X,0x00000000800009AE] -> 0x1513
mem[X,0x00000000800009B0] -> 0x01F5
[676] [M]: 0x00000000800009AE (0x01F51513) slli a0, a0, 31
x10 <- 0x0000000080000000
mem[X,0x00000000800009B2] -> 0x4513
mem[X,0x00000000800009B4] -> 0xFFF5
[677] [M]: 0x00000000800009B2 (0xFFF54513) xori a0, a0, 4095
x10 <- 0xFFFFFFFF7FFFFFFF
mem[X,0x00000000800009B6] -> 0x8919
[678] [M]: 0x00000000800009B6 (0x8919) c.andi a0, 6
x10 <- 0x0000000000000006
mem[X,0x00000000800009B8] -> 0xBC23
mem[X,0x00000000800009BA] -> 0x32A0
[679] [M]: 0x00000000800009B8 (0x32A0BC23) sd a0, 824(ra)
mem[0x0000000080006450] <- 0x0000000000000006
mem[X,0x00000000800009BC] -> 0x0513
mem[X,0x00000000800009BE] -> 0x0010
[680] [M]: 0x00000000800009BC (0x00100513) addi a0, zero, 1
x10 <- 0x0000000000000001
mem[X,0x00000000800009C0] -> 0x1513
mem[X,0x00000000800009C2] -> 0x0205
[681] [M]: 0x00000000800009C0 (0x02051513) slli a0, a0, 32
x10 <- 0x0000000100000000
mem[X,0x00000000800009C4] -> 0x4513
mem[X,0x00000000800009C6] -> 0xFFF5
[682] [M]: 0x00000000800009C4 (0xFFF54513) xori a0, a0, 4095
x10 <- 0xFFFFFFFEFFFFFFFF
mem[X,0x00000000800009C8] -> 0x9979
[683] [M]: 0x00000000800009C8 (0x9979) c.andi a0, 62
x10 <- 0xFFFFFFFEFFFFFFFE
mem[X,0x00000000800009CA] -> 0xB023
mem[X,0x00000000800009CC] -> 0x34A0
[684] [M]: 0x00000000800009CA (0x34A0B023) sd a0, 832(ra)
mem[0x0000000080006458] <- 0xFFFFFFFEFFFFFFFE
mem[X,0x00000000800009CE] -> 0x0513
mem[X,0x00000000800009D0] -> 0x0010
[685] [M]: 0x00000000800009CE (0x00100513) addi a0, zero, 1
x10 <- 0x0000000000000001
mem[X,0x00000000800009D2] -> 0x1513
mem[X,0x00000000800009D4] -> 0x0215
[686] [M]: 0x00000000800009D2 (0x02151513) slli a0, a0, 33
x10 <- 0x0000000200000000
mem[X,0x00000000800009D6] -> 0x4513
mem[X,0x00000000800009D8] -> 0xFFF5
[687] [M]: 0x00000000800009D6 (0xFFF54513) xori a0, a0, 4095
x10 <- 0xFFFFFFFDFFFFFFFF
mem[X,0x00000000800009DA] -> 0x996D
[688] [M]: 0x00000000800009DA (0x996D) c.andi a0, 59
x10 <- 0xFFFFFFFDFFFFFFFB
mem[X,0x00000000800009DC] -> 0xB423
mem[X,0x00000000800009DE] -> 0x34A0
[689] [M]: 0x00000000800009DC (0x34A0B423) sd a0, 840(ra)
mem[0x0000000080006460] <- 0xFFFFFFFDFFFFFFFB
mem[X,0x00000000800009E0] -> 0x0513
mem[X,0x00000000800009E2] -> 0x0010
[690] [M]: 0x00000000800009E0 (0x00100513) addi a0, zero, 1
x10 <- 0x0000000000000001
mem[X,0x00000000800009E4] -> 0x1513
mem[X,0x00000000800009E6] -> 0x0225
[691] [M]: 0x00000000800009E4 (0x02251513) slli a0, a0, 34
x10 <- 0x0000000400000000
mem[X,0x00000000800009E8] -> 0x4513
mem[X,0x00000000800009EA] -> 0xFFF5
[692] [M]: 0x00000000800009E8 (0xFFF54513) xori a0, a0, 4095
x10 <- 0xFFFFFFFBFFFFFFFF
mem[X,0x00000000800009EC] -> 0x8909
[693] [M]: 0x00000000800009EC (0x8909) c.andi a0, 2
x10 <- 0x0000000000000002
mem[X,0x00000000800009EE] -> 0xB823
mem[X,0x00000000800009F0] -> 0x34A0
[694] [M]: 0x00000000800009EE (0x34A0B823) sd a0, 848(ra)
mem[0x0000000080006468] <- 0x0000000000000002
mem[X,0x00000000800009F2] -> 0x0513
mem[X,0x00000000800009F4] -> 0x0010
[695] [M]: 0x00000000800009F2 (0x00100513) addi a0, zero, 1
x10 <- 0x0000000000000001
mem[X,0x00000000800009F6] -> 0x1513
mem[X,0x00000000800009F8] -> 0x0235
[696] [M]: 0x00000000800009F6 (0x02351513) slli a0, a0, 35
x10 <- 0x0000000800000000
mem[X,0x00000000800009FA] -> 0x4513
mem[X,0x00000000800009FC] -> 0xFFF5
[697] [M]: 0x00000000800009FA (0xFFF54513) xori a0, a0, 4095
x10 <- 0xFFFFFFF7FFFFFFFF
mem[X,0x00000000800009FE] -> 0x8901
[698] [M]: 0x00000000800009FE (0x8901) c.andi a0, 0
x10 <- 0x0000000000000000
mem[X,0x0000000080000A00] -> 0xBC23
mem[X,0x0000000080000A02] -> 0x34A0
[699] [M]: 0x0000000080000A00 (0x34A0BC23) sd a0, 856(ra)
mem[0x0000000080006470] <- 0x0000000000000000
clint::tick mtime <- 0x0000000000000007
 clint timer pending at mtime 0x0000000000000007
htif::tick 0x0000000000000000
mem[X,0x0000000080000A04] -> 0x0513
mem[X,0x0000000080000A06] -> 0x0010
[700] [M]: 0x0000000080000A04 (0x00100513) addi a0, zero, 1
x10 <- 0x0000000000000001
mem[X,0x0000000080000A08] -> 0x1513
mem[X,0x0000000080000A0A] -> 0x0255
[701] [M]: 0x0000000080000A08 (0x02551513) slli a0, a0, 37
x10 <- 0x0000002000000000
mem[X,0x0000000080000A0C] -> 0x4513
mem[X,0x0000000080000A0E] -> 0xFFF5
[702] [M]: 0x0000000080000A0C (0xFFF54513) xori a0, a0, 4095
x10 <- 0xFFFFFFDFFFFFFFFF
mem[X,0x0000000080000A10] -> 0x9975
[703] [M]: 0x0000000080000A10 (0x9975) c.andi a0, 61
x10 <- 0xFFFFFFDFFFFFFFFD
mem[X,0x0000000080000A12] -> 0xB023
mem[X,0x0000000080000A14] -> 0x36A0
[704] [M]: 0x0000000080000A12 (0x36A0B023) sd a0, 864(ra)
mem[0x0000000080006478] <- 0xFFFFFFDFFFFFFFFD
mem[X,0x0000000080000A16] -> 0x0513
mem[X,0x0000000080000A18] -> 0x0010
[705] [M]: 0x0000000080000A16 (0x00100513) addi a0, zero, 1
x10 <- 0x0000000000000001
mem[X,0x0000000080000A1A] -> 0x1513
mem[X,0x0000000080000A1C] -> 0x0265
[706] [M]: 0x0000000080000A1A (0x02651513) slli a0, a0, 38
x10 <- 0x0000004000000000
mem[X,0x0000000080000A1E] -> 0x4513
mem[X,0x0000000080000A20] -> 0xFFF5
[707] [M]: 0x0000000080000A1E (0xFFF54513) xori a0, a0, 4095
x10 <- 0xFFFFFFBFFFFFFFFF
mem[X,0x0000000080000A22] -> 0x8925
[708] [M]: 0x0000000080000A22 (0x8925) c.andi a0, 9
x10 <- 0x0000000000000009
mem[X,0x0000000080000A24] -> 0xB423
mem[X,0x0000000080000A26] -> 0x36A0
[709] [M]: 0x0000000080000A24 (0x36A0B423) sd a0, 872(ra)
mem[0x0000000080006480] <- 0x0000000000000009
mem[X,0x0000000080000A28] -> 0x0513
mem[X,0x0000000080000A2A] -> 0x0010
[710] [M]: 0x0000000080000A28 (0x00100513) addi a0, zero, 1
x10 <- 0x0000000000000001
mem[X,0x0000000080000A2C] -> 0x1513
mem[X,0x0000000080000A2E] -> 0x0275
[711] [M]: 0x0000000080000A2C (0x02751513) slli a0, a0, 39
x10 <- 0x0000008000000000
mem[X,0x0000000080000A30] -> 0x4513
mem[X,0x0000000080000A32] -> 0xFFF5
[712] [M]: 0x0000000080000A30 (0xFFF54513) xori a0, a0, 4095
x10 <- 0xFFFFFF7FFFFFFFFF
mem[X,0x0000000080000A34] -> 0x8919
[713] [M]: 0x0000000080000A34 (0x8919) c.andi a0, 6
x10 <- 0x0000000000000006
mem[X,0x0000000080000A36] -> 0xB823
mem[X,0x0000000080000A38] -> 0x36A0
[714] [M]: 0x0000000080000A36 (0x36A0B823) sd a0, 880(ra)
mem[0x0000000080006488] <- 0x0000000000000006
mem[X,0x0000000080000A3A] -> 0x0513
mem[X,0x0000000080000A3C] -> 0x0010
[715] [M]: 0x0000000080000A3A (0x00100513) addi a0, zero, 1
x10 <- 0x0000000000000001
mem[X,0x0000000080000A3E] -> 0x1513
mem[X,0x0000000080000A40] -> 0x0285
[716] [M]: 0x0000000080000A3E (0x02851513) slli a0, a0, 40
x10 <- 0x0000010000000000
mem[X,0x0000000080000A42] -> 0x4513
mem[X,0x0000000080000A44] -> 0xFFF5
[717] [M]: 0x0000000080000A42 (0xFFF54513) xori a0, a0, 4095
x10 <- 0xFFFFFEFFFFFFFFFF
mem[X,0x0000000080000A46] -> 0x9979
[718] [M]: 0x0000000080000A46 (0x9979) c.andi a0, 62
x10 <- 0xFFFFFEFFFFFFFFFE
mem[X,0x0000000080000A48] -> 0xBC23
mem[X,0x0000000080000A4A] -> 0x36A0
[719] [M]: 0x0000000080000A48 (0x36A0BC23) sd a0, 888(ra)
mem[0x0000000080006490] <- 0xFFFFFEFFFFFFFFFE
mem[X,0x0000000080000A4C] -> 0x0513
mem[X,0x0000000080000A4E] -> 0x0010
[720] [M]: 0x0000000080000A4C (0x00100513) addi a0, zero, 1
x10 <- 0x0000000000000001
mem[X,0x0000000080000A50] -> 0x1513
mem[X,0x0000000080000A52] -> 0x0295
[721] [M]: 0x0000000080000A50 (0x02951513) slli a0, a0, 41
x10 <- 0x0000020000000000
mem[X,0x0000000080000A54] -> 0x4513
mem[X,0x0000000080000A56] -> 0xFFF5
[722] [M]: 0x0000000080000A54 (0xFFF54513) xori a0, a0, 4095
x10 <- 0xFFFFFDFFFFFFFFFF
mem[X,0x0000000080000A58] -> 0x8915
[723] [M]: 0x0000000080000A58 (0x8915) c.andi a0, 5
x10 <- 0x0000000000000005
mem[X,0x0000000080000A5A] -> 0xB023
mem[X,0x0000000080000A5C] -> 0x38A0
[724] [M]: 0x0000000080000A5A (0x38A0B023) sd a0, 896(ra)
mem[0x0000000080006498] <- 0x0000000000000005
mem[X,0x0000000080000A5E] -> 0x0513
mem[X,0x0000000080000A60] -> 0x0010
[725] [M]: 0x0000000080000A5E (0x00100513) addi a0, zero, 1
x10 <- 0x0000000000000001
mem[X,0x0000000080000A62] -> 0x1513
mem[X,0x0000000080000A64] -> 0x02A5
[726] [M]: 0x0000000080000A62 (0x02A51513) slli a0, a0, 42
x10 <- 0x0000040000000000
mem[X,0x0000000080000A66] -> 0x4513
mem[X,0x0000000080000A68] -> 0xFFF5
[727] [M]: 0x0000000080000A66 (0xFFF54513) xori a0, a0, 4095
x10 <- 0xFFFFFBFFFFFFFFFF
mem[X,0x0000000080000A6A] -> 0x9901
[728] [M]: 0x0000000080000A6A (0x9901) c.andi a0, 32
x10 <- 0xFFFFFBFFFFFFFFE0
mem[X,0x0000000080000A6C] -> 0xB423
mem[X,0x0000000080000A6E] -> 0x38A0
[729] [M]: 0x0000000080000A6C (0x38A0B423) sd a0, 904(ra)
mem[0x00000000800064A0] <- 0xFFFFFBFFFFFFFFE0
mem[X,0x0000000080000A70] -> 0x0513
mem[X,0x0000000080000A72] -> 0x0010
[730] [M]: 0x0000000080000A70 (0x00100513) addi a0, zero, 1
x10 <- 0x0000000000000001
mem[X,0x0000000080000A74] -> 0x1513
mem[X,0x0000000080000A76] -> 0x02B5
[731] [M]: 0x0000000080000A74 (0x02B51513) slli a0, a0, 43
x10 <- 0x0000080000000000
mem[X,0x0000000080000A78] -> 0x4513
mem[X,0x0000000080000A7A] -> 0xFFF5
[732] [M]: 0x0000000080000A78 (0xFFF54513) xori a0, a0, 4095
x10 <- 0xFFFFF7FFFFFFFFFF
mem[X,0x0000000080000A7C] -> 0x893D
[733] [M]: 0x0000000080000A7C (0x893D) c.andi a0, 15
x10 <- 0x000000000000000F
mem[X,0x0000000080000A7E] -> 0xB823
mem[X,0x0000000080000A80] -> 0x38A0
[734] [M]: 0x0000000080000A7E (0x38A0B823) sd a0, 912(ra)
mem[0x00000000800064A8] <- 0x000000000000000F
mem[X,0x0000000080000A82] -> 0x0513
mem[X,0x0000000080000A84] -> 0x0010
[735] [M]: 0x0000000080000A82 (0x00100513) addi a0, zero, 1
x10 <- 0x0000000000000001
mem[X,0x0000000080000A86] -> 0x1513
mem[X,0x0000000080000A88] -> 0x02C5
[736] [M]: 0x0000000080000A86 (0x02C51513) slli a0, a0, 44
x10 <- 0x0000100000000000
mem[X,0x0000000080000A8A] -> 0x4513
mem[X,0x0000000080000A8C] -> 0xFFF5
[737] [M]: 0x0000000080000A8A (0xFFF54513) xori a0, a0, 4095
x10 <- 0xFFFFEFFFFFFFFFFF
mem[X,0x0000000080000A8E] -> 0x8919
[738] [M]: 0x0000000080000A8E (0x8919) c.andi a0, 6
x10 <- 0x0000000000000006
mem[X,0x0000000080000A90] -> 0xBC23
mem[X,0x0000000080000A92] -> 0x38A0
[739] [M]: 0x0000000080000A90 (0x38A0BC23) sd a0, 920(ra)
mem[0x00000000800064B0] <- 0x0000000000000006
mem[X,0x0000000080000A94] -> 0x0513
mem[X,0x0000000080000A96] -> 0x0010
[740] [M]: 0x0000000080000A94 (0x00100513) addi a0, zero, 1
x10 <- 0x0000000000000001
mem[X,0x0000000080000A98] -> 0x1513
mem[X,0x0000000080000A9A] -> 0x02D5
[741] [M]: 0x0000000080000A98 (0x02D51513) slli a0, a0, 45
x10 <- 0x0000200000000000
mem[X,0x0000000080000A9C] -> 0x4513
mem[X,0x0000000080000A9E] -> 0xFFF5
[742] [M]: 0x0000000080000A9C (0xFFF54513) xori a0, a0, 4095
x10 <- 0xFFFFDFFFFFFFFFFF
mem[X,0x0000000080000AA0] -> 0x8915
[743] [M]: 0x0000000080000AA0 (0x8915) c.andi a0, 5
x10 <- 0x0000000000000005
mem[X,0x0000000080000AA2] -> 0xB023
mem[X,0x0000000080000AA4] -> 0x3AA0
[744] [M]: 0x0000000080000AA2 (0x3AA0B023) sd a0, 928(ra)
mem[0x00000000800064B8] <- 0x0000000000000005
mem[X,0x0000000080000AA6] -> 0x0513
mem[X,0x0000000080000AA8] -> 0x0010
[745] [M]: 0x0000000080000AA6 (0x00100513) addi a0, zero, 1
x10 <- 0x0000000000000001
mem[X,0x0000000080000AAA] -> 0x1513
mem[X,0x0000000080000AAC] -> 0x02E5
[746] [M]: 0x0000000080000AAA (0x02E51513) slli a0, a0, 46
x10 <- 0x0000400000000000
mem[X,0x0000000080000AAE] -> 0x4513
mem[X,0x0000000080000AB0] -> 0xFFF5
[747] [M]: 0x0000000080000AAE (0xFFF54513) xori a0, a0, 4095
x10 <- 0xFFFFBFFFFFFFFFFF
mem[X,0x0000000080000AB2] -> 0x8911
[748] [M]: 0x0000000080000AB2 (0x8911) c.andi a0, 4
x10 <- 0x0000000000000004
mem[X,0x0000000080000AB4] -> 0xB423
mem[X,0x0000000080000AB6] -> 0x3AA0
[749] [M]: 0x0000000080000AB4 (0x3AA0B423) sd a0, 936(ra)
mem[0x00000000800064C0] <- 0x0000000000000004
mem[X,0x0000000080000AB8] -> 0x0513
mem[X,0x0000000080000ABA] -> 0x0010
[750] [M]: 0x0000000080000AB8 (0x00100513) addi a0, zero, 1
x10 <- 0x0000000000000001
mem[X,0x0000000080000ABC] -> 0x1513
mem[X,0x0000000080000ABE] -> 0x02F5
[751] [M]: 0x0000000080000ABC (0x02F51513) slli a0, a0, 47
x10 <- 0x0000800000000000
mem[X,0x0000000080000AC0] -> 0x4513
mem[X,0x0000000080000AC2] -> 0xFFF5
[752] [M]: 0x0000000080000AC0 (0xFFF54513) xori a0, a0, 4095
x10 <- 0xFFFF7FFFFFFFFFFF
mem[X,0x0000000080000AC4] -> 0x9979
[753] [M]: 0x0000000080000AC4 (0x9979) c.andi a0, 62
x10 <- 0xFFFF7FFFFFFFFFFE
mem[X,0x0000000080000AC6] -> 0xB823
mem[X,0x0000000080000AC8] -> 0x3AA0
[754] [M]: 0x0000000080000AC6 (0x3AA0B823) sd a0, 944(ra)
mem[0x00000000800064C8] <- 0xFFFF7FFFFFFFFFFE
mem[X,0x0000000080000ACA] -> 0x0513
mem[X,0x0000000080000ACC] -> 0x0010
[755] [M]: 0x0000000080000ACA (0x00100513) addi a0, zero, 1
x10 <- 0x0000000000000001
mem[X,0x0000000080000ACE] -> 0x1513
mem[X,0x0000000080000AD0] -> 0x0305
[756] [M]: 0x0000000080000ACE (0x03051513) slli a0, a0, 48
x10 <- 0x0001000000000000
mem[X,0x0000000080000AD2] -> 0x4513
mem[X,0x0000000080000AD4] -> 0xFFF5
[757] [M]: 0x0000000080000AD2 (0xFFF54513) xori a0, a0, 4095
x10 <- 0xFFFEFFFFFFFFFFFF
mem[X,0x0000000080000AD6] -> 0x8915
[758] [M]: 0x0000000080000AD6 (0x8915) c.andi a0, 5
x10 <- 0x0000000000000005
mem[X,0x0000000080000AD8] -> 0xBC23
mem[X,0x0000000080000ADA] -> 0x3AA0
[759] [M]: 0x0000000080000AD8 (0x3AA0BC23) sd a0, 952(ra)
mem[0x00000000800064D0] <- 0x0000000000000005
mem[X,0x0000000080000ADC] -> 0x0513
mem[X,0x0000000080000ADE] -> 0x0010
[760] [M]: 0x0000000080000ADC (0x00100513) addi a0, zero, 1
x10 <- 0x0000000000000001
mem[X,0x0000000080000AE0] -> 0x1513
mem[X,0x0000000080000AE2] -> 0x0315
[761] [M]: 0x0000000080000AE0 (0x03151513) slli a0, a0, 49
x10 <- 0x0002000000000000
mem[X,0x0000000080000AE4] -> 0x4513
mem[X,0x0000000080000AE6] -> 0xFFF5
[762] [M]: 0x0000000080000AE4 (0xFFF54513) xori a0, a0, 4095
x10 <- 0xFFFDFFFFFFFFFFFF
mem[X,0x0000000080000AE8] -> 0x8919
[763] [M]: 0x0000000080000AE8 (0x8919) c.andi a0, 6
x10 <- 0x0000000000000006
mem[X,0x0000000080000AEA] -> 0xB023
mem[X,0x0000000080000AEC] -> 0x3CA0
[764] [M]: 0x0000000080000AEA (0x3CA0B023) sd a0, 960(ra)
mem[0x00000000800064D8] <- 0x0000000000000006
mem[X,0x0000000080000AEE] -> 0x0513
mem[X,0x0000000080000AF0] -> 0x0010
[765] [M]: 0x0000000080000AEE (0x00100513) addi a0, zero, 1
x10 <- 0x0000000000000001
mem[X,0x0000000080000AF2] -> 0x1513
mem[X,0x0000000080000AF4] -> 0x0325
[766] [M]: 0x0000000080000AF2 (0x03251513) slli a0, a0, 50
x10 <- 0x0004000000000000
mem[X,0x0000000080000AF6] -> 0x4513
mem[X,0x0000000080000AF8] -> 0xFFF5
[767] [M]: 0x0000000080000AF6 (0xFFF54513) xori a0, a0, 4095
x10 <- 0xFFFBFFFFFFFFFFFF
mem[X,0x0000000080000AFA] -> 0x893D
[768] [M]: 0x0000000080000AFA (0x893D) c.andi a0, 15
x10 <- 0x000000000000000F
mem[X,0x0000000080000AFC] -> 0xB423
mem[X,0x0000000080000AFE] -> 0x3CA0
[769] [M]: 0x0000000080000AFC (0x3CA0B423) sd a0, 968(ra)
mem[0x00000000800064E0] <- 0x000000000000000F
mem[X,0x0000000080000B00] -> 0x0513
mem[X,0x0000000080000B02] -> 0x0010
[770] [M]: 0x0000000080000B00 (0x00100513) addi a0, zero, 1
x10 <- 0x0000000000000001
mem[X,0x0000000080000B04] -> 0x1513
mem[X,0x0000000080000B06] -> 0x0335
[771] [M]: 0x0000000080000B04 (0x03351513) slli a0, a0, 51
x10 <- 0x0008000000000000
mem[X,0x0000000080000B08] -> 0x4513
mem[X,0x0000000080000B0A] -> 0xFFF5
[772] [M]: 0x0000000080000B08 (0xFFF54513) xori a0, a0, 4095
x10 <- 0xFFF7FFFFFFFFFFFF
mem[X,0x0000000080000B0C] -> 0x996D
[773] [M]: 0x0000000080000B0C (0x996D) c.andi a0, 59
x10 <- 0xFFF7FFFFFFFFFFFB
mem[X,0x0000000080000B0E] -> 0xB823
mem[X,0x0000000080000B10] -> 0x3CA0
[774] [M]: 0x0000000080000B0E (0x3CA0B823) sd a0, 976(ra)
mem[0x00000000800064E8] <- 0xFFF7FFFFFFFFFFFB
mem[X,0x0000000080000B12] -> 0x0513
mem[X,0x0000000080000B14] -> 0x0010
[775] [M]: 0x0000000080000B12 (0x00100513) addi a0, zero, 1
x10 <- 0x0000000000000001
mem[X,0x0000000080000B16] -> 0x1513
mem[X,0x0000000080000B18] -> 0x0345
[776] [M]: 0x0000000080000B16 (0x03451513) slli a0, a0, 52
x10 <- 0x0010000000000000
mem[X,0x0000000080000B1A] -> 0x4513
mem[X,0x0000000080000B1C] -> 0xFFF5
[777] [M]: 0x0000000080000B1A (0xFFF54513) xori a0, a0, 4095
x10 <- 0xFFEFFFFFFFFFFFFF
mem[X,0x0000000080000B1E] -> 0x8915
[778] [M]: 0x0000000080000B1E (0x8915) c.andi a0, 5
x10 <- 0x0000000000000005
mem[X,0x0000000080000B20] -> 0xBC23
mem[X,0x0000000080000B22] -> 0x3CA0
[779] [M]: 0x0000000080000B20 (0x3CA0BC23) sd a0, 984(ra)
mem[0x00000000800064F0] <- 0x0000000000000005
mem[X,0x0000000080000B24] -> 0x0513
mem[X,0x0000000080000B26] -> 0x0010
[780] [M]: 0x0000000080000B24 (0x00100513) addi a0, zero, 1
x10 <- 0x0000000000000001
mem[X,0x0000000080000B28] -> 0x1513
mem[X,0x0000000080000B2A] -> 0x0355
[781] [M]: 0x0000000080000B28 (0x03551513) slli a0, a0, 53
x10 <- 0x0020000000000000
mem[X,0x0000000080000B2C] -> 0x4513
mem[X,0x0000000080000B2E] -> 0xFFF5
[782] [M]: 0x0000000080000B2C (0xFFF54513) xori a0, a0, 4095
x10 <- 0xFFDFFFFFFFFFFFFF
mem[X,0x0000000080000B30] -> 0x890D
[783] [M]: 0x0000000080000B30 (0x890D) c.andi a0, 3
x10 <- 0x0000000000000003
mem[X,0x0000000080000B32] -> 0xB023
mem[X,0x0000000080000B34] -> 0x3EA0
[784] [M]: 0x0000000080000B32 (0x3EA0B023) sd a0, 992(ra)
mem[0x00000000800064F8] <- 0x0000000000000003
mem[X,0x0000000080000B36] -> 0x0513
mem[X,0x0000000080000B38] -> 0x0010
[785] [M]: 0x0000000080000B36 (0x00100513) addi a0, zero, 1
x10 <- 0x0000000000000001
mem[X,0x0000000080000B3A] -> 0x1513
mem[X,0x0000000080000B3C] -> 0x0365
[786] [M]: 0x0000000080000B3A (0x03651513) slli a0, a0, 54
x10 <- 0x0040000000000000
mem[X,0x0000000080000B3E] -> 0x4513
mem[X,0x0000000080000B40] -> 0xFFF5
[787] [M]: 0x0000000080000B3E (0xFFF54513) xori a0, a0, 4095
x10 <- 0xFFBFFFFFFFFFFFFF
mem[X,0x0000000080000B42] -> 0x9971
[788] [M]: 0x0000000080000B42 (0x9971) c.andi a0, 60
x10 <- 0xFFBFFFFFFFFFFFFC
mem[X,0x0000000080000B44] -> 0xB423
mem[X,0x0000000080000B46] -> 0x3EA0
[789] [M]: 0x0000000080000B44 (0x3EA0B423) sd a0, 1000(ra)
mem[0x0000000080006500] <- 0xFFBFFFFFFFFFFFFC
mem[X,0x0000000080000B48] -> 0x0513
mem[X,0x0000000080000B4A] -> 0x0010
[790] [M]: 0x0000000080000B48 (0x00100513) addi a0, zero, 1
x10 <- 0x0000000000000001
mem[X,0x0000000080000B4C] -> 0x1513
mem[X,0x0000000080000B4E] -> 0x0375
[791] [M]: 0x0000000080000B4C (0x03751513) slli a0, a0, 55
x10 <- 0x0080000000000000
mem[X,0x0000000080000B50] -> 0x4513
mem[X,0x0000000080000B52] -> 0xFFF5
[792] [M]: 0x0000000080000B50 (0xFFF54513) xori a0, a0, 4095
x10 <- 0xFF7FFFFFFFFFFFFF
mem[X,0x0000000080000B54] -> 0x8925
[793] [M]: 0x0000000080000B54 (0x8925) c.andi a0, 9
x10 <- 0x0000000000000009
mem[X,0x0000000080000B56] -> 0xB823
mem[X,0x0000000080000B58] -> 0x3EA0
[794] [M]: 0x0000000080000B56 (0x3EA0B823) sd a0, 1008(ra)
mem[0x0000000080006508] <- 0x0000000000000009
mem[X,0x0000000080000B5A] -> 0x0513
mem[X,0x0000000080000B5C] -> 0x0010
[795] [M]: 0x0000000080000B5A (0x00100513) addi a0, zero, 1
x10 <- 0x0000000000000001
mem[X,0x0000000080000B5E] -> 0x1513
mem[X,0x0000000080000B60] -> 0x0385
[796] [M]: 0x0000000080000B5E (0x03851513) slli a0, a0, 56
x10 <- 0x0100000000000000
mem[X,0x0000000080000B62] -> 0x4513
mem[X,0x0000000080000B64] -> 0xFFF5
[797] [M]: 0x0000000080000B62 (0xFFF54513) xori a0, a0, 4095
x10 <- 0xFEFFFFFFFFFFFFFF
mem[X,0x0000000080000B66] -> 0x8921
[798] [M]: 0x0000000080000B66 (0x8921) c.andi a0, 8
x10 <- 0x0000000000000008
mem[X,0x0000000080000B68] -> 0xBC23
mem[X,0x0000000080000B6A] -> 0x3EA0
[799] [M]: 0x0000000080000B68 (0x3EA0BC23) sd a0, 1016(ra)
mem[0x0000000080006510] <- 0x0000000000000008
clint::tick mtime <- 0x0000000000000008
 clint timer pending at mtime 0x0000000000000008
htif::tick 0x0000000000000000
mem[X,0x0000000080000B6C] -> 0x0513
mem[X,0x0000000080000B6E] -> 0x0010
[800] [M]: 0x0000000080000B6C (0x00100513) addi a0, zero, 1
x10 <- 0x0000000000000001
mem[X,0x0000000080000B70] -> 0x1513
mem[X,0x0000000080000B72] -> 0x0395
[801] [M]: 0x0000000080000B70 (0x03951513) slli a0, a0, 57
x10 <- 0x0200000000000000
mem[X,0x0000000080000B74] -> 0x4513
mem[X,0x0000000080000B76] -> 0xFFF5
[802] [M]: 0x0000000080000B74 (0xFFF54513) xori a0, a0, 4095
x10 <- 0xFDFFFFFFFFFFFFFF
mem[X,0x0000000080000B78] -> 0x9929
[803] [M]: 0x0000000080000B78 (0x9929) c.andi a0, 42
x10 <- 0xFDFFFFFFFFFFFFEA
mem[X,0x0000000080000B7A] -> 0xB023
mem[X,0x0000000080000B7C] -> 0x40A0
[804] [M]: 0x0000000080000B7A (0x40A0B023) sd a0, 1024(ra)
mem[0x0000000080006518] <- 0xFDFFFFFFFFFFFFEA
mem[X,0x0000000080000B7E] -> 0x0513
mem[X,0x0000000080000B80] -> 0x0010
[805] [M]: 0x0000000080000B7E (0x00100513) addi a0, zero, 1
x10 <- 0x0000000000000001
mem[X,0x0000000080000B82] -> 0x1513
mem[X,0x0000000080000B84] -> 0x03A5
[806] [M]: 0x0000000080000B82 (0x03A51513) slli a0, a0, 58
x10 <- 0x0400000000000000
mem[X,0x0000000080000B86] -> 0x4513
mem[X,0x0000000080000B88] -> 0xFFF5
[807] [M]: 0x0000000080000B86 (0xFFF54513) xori a0, a0, 4095
x10 <- 0xFBFFFFFFFFFFFFFF
mem[X,0x0000000080000B8A] -> 0x9979
[808] [M]: 0x0000000080000B8A (0x9979) c.andi a0, 62
x10 <- 0xFBFFFFFFFFFFFFFE
mem[X,0x0000000080000B8C] -> 0xB423
mem[X,0x0000000080000B8E] -> 0x40A0
[809] [M]: 0x0000000080000B8C (0x40A0B423) sd a0, 1032(ra)
mem[0x0000000080006520] <- 0xFBFFFFFFFFFFFFFE
mem[X,0x0000000080000B90] -> 0x0513
mem[X,0x0000000080000B92] -> 0x0010
[810] [M]: 0x0000000080000B90 (0x00100513) addi a0, zero, 1
x10 <- 0x0000000000000001
mem[X,0x0000000080000B94] -> 0x1513
mem[X,0x0000000080000B96] -> 0x03B5
[811] [M]: 0x0000000080000B94 (0x03B51513) slli a0, a0, 59
x10 <- 0x0800000000000000
mem[X,0x0000000080000B98] -> 0x4513
mem[X,0x0000000080000B9A] -> 0xFFF5
[812] [M]: 0x0000000080000B98 (0xFFF54513) xori a0, a0, 4095
x10 <- 0xF7FFFFFFFFFFFFFF
mem[X,0x0000000080000B9C] -> 0x9975
[813] [M]: 0x0000000080000B9C (0x9975) c.andi a0, 61
x10 <- 0xF7FFFFFFFFFFFFFD
mem[X,0x0000000080000B9E] -> 0xB823
mem[X,0x0000000080000BA0] -> 0x40A0
[814] [M]: 0x0000000080000B9E (0x40A0B823) sd a0, 1040(ra)
mem[0x0000000080006528] <- 0xF7FFFFFFFFFFFFFD
mem[X,0x0000000080000BA2] -> 0x0513
mem[X,0x0000000080000BA4] -> 0x0010
[815] [M]: 0x0000000080000BA2 (0x00100513) addi a0, zero, 1
x10 <- 0x0000000000000001
mem[X,0x0000000080000BA6] -> 0x1513
mem[X,0x0000000080000BA8] -> 0x03C5
[816] [M]: 0x0000000080000BA6 (0x03C51513) slli a0, a0, 60
x10 <- 0x1000000000000000
mem[X,0x0000000080000BAA] -> 0x4513
mem[X,0x0000000080000BAC] -> 0xFFF5
[817] [M]: 0x0000000080000BAA (0xFFF54513) xori a0, a0, 4095
x10 <- 0xEFFFFFFFFFFFFFFF
mem[X,0x0000000080000BAE] -> 0x8909
[818] [M]: 0x0000000080000BAE (0x8909) c.andi a0, 2
x10 <- 0x0000000000000002
mem[X,0x0000000080000BB0] -> 0xBC23
mem[X,0x0000000080000BB2] -> 0x40A0
[819] [M]: 0x0000000080000BB0 (0x40A0BC23) sd a0, 1048(ra)
mem[0x0000000080006530] <- 0x0000000000000002
mem[X,0x0000000080000BB4] -> 0x0513
mem[X,0x0000000080000BB6] -> 0x0010
[820] [M]: 0x0000000080000BB4 (0x00100513) addi a0, zero, 1
x10 <- 0x0000000000000001
mem[X,0x0000000080000BB8] -> 0x1513
mem[X,0x0000000080000BBA] -> 0x03D5
[821] [M]: 0x0000000080000BB8 (0x03D51513) slli a0, a0, 61
x10 <- 0x2000000000000000
mem[X,0x0000000080000BBC] -> 0x4513
mem[X,0x0000000080000BBE] -> 0xFFF5
[822] [M]: 0x0000000080000BBC (0xFFF54513) xori a0, a0, 4095
x10 <- 0xDFFFFFFFFFFFFFFF
mem[X,0x0000000080000BC0] -> 0x997D
[823] [M]: 0x0000000080000BC0 (0x997D) c.andi a0, 63
x10 <- 0xDFFFFFFFFFFFFFFF
mem[X,0x0000000080000BC2] -> 0xB023
mem[X,0x0000000080000BC4] -> 0x42A0
[824] [M]: 0x0000000080000BC2 (0x42A0B023) sd a0, 1056(ra)
mem[0x0000000080006538] <- 0xDFFFFFFFFFFFFFFF
mem[X,0x0000000080000BC6] -> 0x5537
mem[X,0x0000000080000BC8] -> 0x5555
[825] [M]: 0x0000000080000BC6 (0x55555537) lui a0, 349525
x10 <- 0x0000000055555000
mem[X,0x0000000080000BCA] -> 0x0513
mem[X,0x0000000080000BCC] -> 0x5555
[826] [M]: 0x0000000080000BCA (0x55550513) addi a0, a0, 1365
x10 <- 0x0000000055555555
mem[X,0x0000000080000BCE] -> 0x1513
mem[X,0x0000000080000BD0] -> 0x00B5
[827] [M]: 0x0000000080000BCE (0x00B51513) slli a0, a0, 11
x10 <- 0x000002AAAAAAA800
mem[X,0x0000000080000BD2] -> 0x0513
mem[X,0x0000000080000BD4] -> 0x2AA5
[828] [M]: 0x0000000080000BD2 (0x2AA50513) addi a0, a0, 682
x10 <- 0x000002AAAAAAAAAA
mem[X,0x0000000080000BD6] -> 0x1513
mem[X,0x0000000080000BD8] -> 0x00B5
[829] [M]: 0x0000000080000BD6 (0x00B51513) slli a0, a0, 11
x10 <- 0x0015555555555000
mem[X,0x0000000080000BDA] -> 0x0513
mem[X,0x0000000080000BDC] -> 0x5555
[830] [M]: 0x0000000080000BDA (0x55550513) addi a0, a0, 1365
x10 <- 0x0015555555555555
mem[X,0x0000000080000BDE] -> 0x1513
mem[X,0x0000000080000BE0] -> 0x00A5
[831] [M]: 0x0000000080000BDE (0x00A51513) slli a0, a0, 10
x10 <- 0x5555555555555400
mem[X,0x0000000080000BE2] -> 0x0513
mem[X,0x0000000080000BE4] -> 0x1555
[832] [M]: 0x0000000080000BE2 (0x15550513) addi a0, a0, 341
x10 <- 0x5555555555555555
mem[X,0x0000000080000BE6] -> 0x997D
[833] [M]: 0x0000000080000BE6 (0x997D) c.andi a0, 63
x10 <- 0x5555555555555555
mem[X,0x0000000080000BE8] -> 0xB423
mem[X,0x0000000080000BEA] -> 0x42A0
[834] [M]: 0x0000000080000BE8 (0x42A0B423) sd a0, 1064(ra)
mem[0x0000000080006540] <- 0x5555555555555555
mem[X,0x0000000080000BEC] -> 0xB537
mem[X,0x0000000080000BEE] -> 0xAAAA
[835] [M]: 0x0000000080000BEC (0xAAAAB537) lui a0, 699051
x10 <- 0xFFFFFFFFAAAAB000
mem[X,0x0000000080000BF0] -> 0x0513
mem[X,0x0000000080000BF2] -> 0xAAA5
[836] [M]: 0x0000000080000BF0 (0xAAA50513) addi a0, a0, 2730
x10 <- 0xFFFFFFFFAAAAAAAA
mem[X,0x0000000080000BF4] -> 0x1513
mem[X,0x0000000080000BF6] -> 0x00B5
[837] [M]: 0x0000000080000BF4 (0x00B51513) slli a0, a0, 11
x10 <- 0xFFFFFD5555555000
mem[X,0x0000000080000BF8] -> 0x0513
mem[X,0x0000000080000BFA] -> 0x5555
[838] [M]: 0x0000000080000BF8 (0x55550513) addi a0, a0, 1365
x10 <- 0xFFFFFD5555555555
mem[X,0x0000000080000BFC] -> 0x1513
mem[X,0x0000000080000BFE] -> 0x00B5
[839] [M]: 0x0000000080000BFC (0x00B51513) slli a0, a0, 11
x10 <- 0xFFEAAAAAAAAAA800
mem[X,0x0000000080000C00] -> 0x0513
mem[X,0x0000000080000C02] -> 0x2AA5
[840] [M]: 0x0000000080000C00 (0x2AA50513) addi a0, a0, 682
x10 <- 0xFFEAAAAAAAAAAAAA
mem[X,0x0000000080000C04] -> 0x1513
mem[X,0x0000000080000C06] -> 0x00A5
[841] [M]: 0x0000000080000C04 (0x00A51513) slli a0, a0, 10
x10 <- 0xAAAAAAAAAAAAA800
mem[X,0x0000000080000C08] -> 0x0513
mem[X,0x0000000080000C0A] -> 0x2AA5
[842] [M]: 0x0000000080000C08 (0x2AA50513) addi a0, a0, 682
x10 <- 0xAAAAAAAAAAAAAAAA
mem[X,0x0000000080000C0C] -> 0x8925
[843] [M]: 0x0000000080000C0C (0x8925) c.andi a0, 9
x10 <- 0x0000000000000008
mem[X,0x0000000080000C0E] -> 0xB823
mem[X,0x0000000080000C10] -> 0x42A0
[844] [M]: 0x0000000080000C0E (0x42A0B823) sd a0, 1072(ra)
mem[0x0000000080006548] <- 0x0000000000000008
mem[X,0x0000000080000C12] -> 0x0513
mem[X,0x0000000080000C14] -> 0x0030
[845] [M]: 0x0000000080000C12 (0x00300513) addi a0, zero, 3
x10 <- 0x0000000000000003
mem[X,0x0000000080000C16] -> 0x890D
[846] [M]: 0x0000000080000C16 (0x890D) c.andi a0, 3
x10 <- 0x0000000000000003
mem[X,0x0000000080000C18] -> 0xBC23
mem[X,0x0000000080000C1A] -> 0x42A0
[847] [M]: 0x0000000080000C18 (0x42A0BC23) sd a0, 1080(ra)
mem[0x0000000080006550] <- 0x0000000000000003
mem[X,0x0000000080000C1C] -> 0x0513
mem[X,0x0000000080000C1E] -> 0x0030
[848] [M]: 0x0000000080000C1C (0x00300513) addi a0, zero, 3
x10 <- 0x0000000000000003
mem[X,0x0000000080000C20] -> 0x8915
[849] [M]: 0x0000000080000C20 (0x8915) c.andi a0, 5
x10 <- 0x0000000000000001
mem[X,0x0000000080000C22] -> 0xB023
mem[X,0x0000000080000C24] -> 0x44A0
[850] [M]: 0x0000000080000C22 (0x44A0B023) sd a0, 1088(ra)
mem[0x0000000080006558] <- 0x0000000000000001
mem[X,0x0000000080000C26] -> 0x0513
mem[X,0x0000000080000C28] -> 0x0030
[851] [M]: 0x0000000080000C26 (0x00300513) addi a0, zero, 3
x10 <- 0x0000000000000003
mem[X,0x0000000080000C2A] -> 0x8929
[852] [M]: 0x0000000080000C2A (0x8929) c.andi a0, 10
x10 <- 0x0000000000000002
mem[X,0x0000000080000C2C] -> 0xB423
mem[X,0x0000000080000C2E] -> 0x44A0
[853] [M]: 0x0000000080000C2C (0x44A0B423) sd a0, 1096(ra)
mem[0x0000000080006560] <- 0x0000000000000002
mem[X,0x0000000080000C30] -> 0x0513
mem[X,0x0000000080000C32] -> 0x0030
[854] [M]: 0x0000000080000C30 (0x00300513) addi a0, zero, 3
x10 <- 0x0000000000000003
mem[X,0x0000000080000C34] -> 0x8919
[855] [M]: 0x0000000080000C34 (0x8919) c.andi a0, 6
x10 <- 0x0000000000000002
mem[X,0x0000000080000C36] -> 0xB823
mem[X,0x0000000080000C38] -> 0x44A0
[856] [M]: 0x0000000080000C36 (0x44A0B823) sd a0, 1104(ra)
mem[0x0000000080006568] <- 0x0000000000000002
mem[X,0x0000000080000C3A] -> 0x0513
mem[X,0x0000000080000C3C] -> 0x0030
[857] [M]: 0x0000000080000C3A (0x00300513) addi a0, zero, 3
x10 <- 0x0000000000000003
mem[X,0x0000000080000C3E] -> 0x9979
[858] [M]: 0x0000000080000C3E (0x9979) c.andi a0, 62
x10 <- 0x0000000000000002
mem[X,0x0000000080000C40] -> 0xBC23
mem[X,0x0000000080000C42] -> 0x44A0
[859] [M]: 0x0000000080000C40 (0x44A0BC23) sd a0, 1112(ra)
mem[0x0000000080006570] <- 0x0000000000000002
mem[X,0x0000000080000C44] -> 0x0513
mem[X,0x0000000080000C46] -> 0x0030
[860] [M]: 0x0000000080000C44 (0x00300513) addi a0, zero, 3
x10 <- 0x0000000000000003
mem[X,0x0000000080000C48] -> 0x996D
[861] [M]: 0x0000000080000C48 (0x996D) c.andi a0, 59
x10 <- 0x0000000000000003
mem[X,0x0000000080000C4A] -> 0xB023
mem[X,0x0000000080000C4C] -> 0x46A0
[862] [M]: 0x0000000080000C4A (0x46A0B023) sd a0, 1120(ra)
mem[0x0000000080006578] <- 0x0000000000000003
mem[X,0x0000000080000C4E] -> 0x0513
mem[X,0x0000000080000C50] -> 0x0030
[863] [M]: 0x0000000080000C4E (0x00300513) addi a0, zero, 3
x10 <- 0x0000000000000003
mem[X,0x0000000080000C52] -> 0x8909
[864] [M]: 0x0000000080000C52 (0x8909) c.andi a0, 2
x10 <- 0x0000000000000002
mem[X,0x0000000080000C54] -> 0xB423
mem[X,0x0000000080000C56] -> 0x46A0
[865] [M]: 0x0000000080000C54 (0x46A0B423) sd a0, 1128(ra)
mem[0x0000000080006580] <- 0x0000000000000002
mem[X,0x0000000080000C58] -> 0x0513
mem[X,0x0000000080000C5A] -> 0x0030
[866] [M]: 0x0000000080000C58 (0x00300513) addi a0, zero, 3
x10 <- 0x0000000000000003
mem[X,0x0000000080000C5C] -> 0x8911
[867] [M]: 0x0000000080000C5C (0x8911) c.andi a0, 4
x10 <- 0x0000000000000000
mem[X,0x0000000080000C5E] -> 0xB823
mem[X,0x0000000080000C60] -> 0x46A0
[868] [M]: 0x0000000080000C5E (0x46A0B823) sd a0, 1136(ra)
mem[0x0000000080006588] <- 0x0000000000000000
mem[X,0x0000000080000C62] -> 0x0513
mem[X,0x0000000080000C64] -> 0x0030
[869] [M]: 0x0000000080000C62 (0x00300513) addi a0, zero, 3
x10 <- 0x0000000000000003
mem[X,0x0000000080000C66] -> 0x8925
[870] [M]: 0x0000000080000C66 (0x8925) c.andi a0, 9
x10 <- 0x0000000000000001
mem[X,0x0000000080000C68] -> 0xBC23
mem[X,0x0000000080000C6A] -> 0x46A0
[871] [M]: 0x0000000080000C68 (0x46A0BC23) sd a0, 1144(ra)
mem[0x0000000080006590] <- 0x0000000000000001
mem[X,0x0000000080000C6C] -> 0x0513
mem[X,0x0000000080000C6E] -> 0x0030
[872] [M]: 0x0000000080000C6C (0x00300513) addi a0, zero, 3
x10 <- 0x0000000000000003
mem[X,0x0000000080000C70] -> 0x8901
[873] [M]: 0x0000000080000C70 (0x8901) c.andi a0, 0
x10 <- 0x0000000000000000
mem[X,0x0000000080000C72] -> 0xB023
mem[X,0x0000000080000C74] -> 0x48A0
[874] [M]: 0x0000000080000C72 (0x48A0B023) sd a0, 1152(ra)
mem[0x0000000080006598] <- 0x0000000000000000
mem[X,0x0000000080000C76] -> 0x0513
mem[X,0x0000000080000C78] -> 0x0030
[875] [M]: 0x0000000080000C76 (0x00300513) addi a0, zero, 3
x10 <- 0x0000000000000003
mem[X,0x0000000080000C7A] -> 0x892D
[876] [M]: 0x0000000080000C7A (0x892D) c.andi a0, 11
x10 <- 0x0000000000000003
mem[X,0x0000000080000C7C] -> 0xB423
mem[X,0x0000000080000C7E] -> 0x48A0
[877] [M]: 0x0000000080000C7C (0x48A0B423) sd a0, 1160(ra)
mem[0x00000000800065A0] <- 0x0000000000000003
mem[X,0x0000000080000C80] -> 0x0513
mem[X,0x0000000080000C82] -> 0x0030
[878] [M]: 0x0000000080000C80 (0x00300513) addi a0, zero, 3
x10 <- 0x0000000000000003
mem[X,0x0000000080000C84] -> 0x891D
[879] [M]: 0x0000000080000C84 (0x891D) c.andi a0, 7
x10 <- 0x0000000000000003
mem[X,0x0000000080000C86] -> 0xB823
mem[X,0x0000000080000C88] -> 0x48A0
[880] [M]: 0x0000000080000C86 (0x48A0B823) sd a0, 1168(ra)
mem[0x00000000800065A8] <- 0x0000000000000003
mem[X,0x0000000080000C8A] -> 0x0513
mem[X,0x0000000080000C8C] -> 0x0030
[881] [M]: 0x0000000080000C8A (0x00300513) addi a0, zero, 3
x10 <- 0x0000000000000003
mem[X,0x0000000080000C8E] -> 0x997D
[882] [M]: 0x0000000080000C8E (0x997D) c.andi a0, 63
x10 <- 0x0000000000000003
mem[X,0x0000000080000C90] -> 0xBC23
mem[X,0x0000000080000C92] -> 0x48A0
[883] [M]: 0x0000000080000C90 (0x48A0BC23) sd a0, 1176(ra)
mem[0x00000000800065B0] <- 0x0000000000000003
mem[X,0x0000000080000C94] -> 0x0513
mem[X,0x0000000080000C96] -> 0x0030
[884] [M]: 0x0000000080000C94 (0x00300513) addi a0, zero, 3
x10 <- 0x0000000000000003
mem[X,0x0000000080000C98] -> 0x9971
[885] [M]: 0x0000000080000C98 (0x9971) c.andi a0, 60
x10 <- 0x0000000000000000
mem[X,0x0000000080000C9A] -> 0xB023
mem[X,0x0000000080000C9C] -> 0x4AA0
[886] [M]: 0x0000000080000C9A (0x4AA0B023) sd a0, 1184(ra)
mem[0x00000000800065B8] <- 0x0000000000000000
mem[X,0x0000000080000C9E] -> 0x5537
mem[X,0x0000000080000CA0] -> 0x5555
[887] [M]: 0x0000000080000C9E (0x55555537) lui a0, 349525
x10 <- 0x0000000055555000
mem[X,0x0000000080000CA2] -> 0x0513
mem[X,0x0000000080000CA4] -> 0x5555
[888] [M]: 0x0000000080000CA2 (0x55550513) addi a0, a0, 1365
x10 <- 0x0000000055555555
mem[X,0x0000000080000CA6] -> 0x1513
mem[X,0x0000000080000CA8] -> 0x00B5
[889] [M]: 0x0000000080000CA6 (0x00B51513) slli a0, a0, 11
x10 <- 0x000002AAAAAAA800
mem[X,0x0000000080000CAA] -> 0x0513
mem[X,0x0000000080000CAC] -> 0x2AA5
[890] [M]: 0x0000000080000CAA (0x2AA50513) addi a0, a0, 682
x10 <- 0x000002AAAAAAAAAA
mem[X,0x0000000080000CAE] -> 0x1513
mem[X,0x0000000080000CB0] -> 0x00B5
[891] [M]: 0x0000000080000CAE (0x00B51513) slli a0, a0, 11
x10 <- 0x0015555555555000
mem[X,0x0000000080000CB2] -> 0x0513
mem[X,0x0000000080000CB4] -> 0x5555
[892] [M]: 0x0000000080000CB2 (0x55550513) addi a0, a0, 1365
x10 <- 0x0015555555555555
mem[X,0x0000000080000CB6] -> 0x1513
mem[X,0x0000000080000CB8] -> 0x00A5
[893] [M]: 0x0000000080000CB6 (0x00A51513) slli a0, a0, 10
x10 <- 0x5555555555555400
mem[X,0x0000000080000CBA] -> 0x0513
mem[X,0x0000000080000CBC] -> 0x1555
[894] [M]: 0x0000000080000CBA (0x15550513) addi a0, a0, 341
x10 <- 0x5555555555555555
mem[X,0x0000000080000CBE] -> 0x890D
[895] [M]: 0x0000000080000CBE (0x890D) c.andi a0, 3
x10 <- 0x0000000000000001
mem[X,0x0000000080000CC0] -> 0xB423
mem[X,0x0000000080000CC2] -> 0x4AA0
[896] [M]: 0x0000000080000CC0 (0x4AA0B423) sd a0, 1192(ra)
mem[0x00000000800065C0] <- 0x0000000000000001
mem[X,0x0000000080000CC4] -> 0x5537
mem[X,0x0000000080000CC6] -> 0x5555
[897] [M]: 0x0000000080000CC4 (0x55555537) lui a0, 349525
x10 <- 0x0000000055555000
mem[X,0x0000000080000CC8] -> 0x0513
mem[X,0x0000000080000CCA] -> 0x5555
[898] [M]: 0x0000000080000CC8 (0x55550513) addi a0, a0, 1365
x10 <- 0x0000000055555555
mem[X,0x0000000080000CCC] -> 0x1513
mem[X,0x0000000080000CCE] -> 0x00B5
[899] [M]: 0x0000000080000CCC (0x00B51513) slli a0, a0, 11
x10 <- 0x000002AAAAAAA800
clint::tick mtime <- 0x0000000000000009
 clint timer pending at mtime 0x0000000000000009
htif::tick 0x0000000000000000
mem[X,0x0000000080000CD0] -> 0x0513
mem[X,0x0000000080000CD2] -> 0x2AA5
[900] [M]: 0x0000000080000CD0 (0x2AA50513) addi a0, a0, 682
x10 <- 0x000002AAAAAAAAAA
mem[X,0x0000000080000CD4] -> 0x1513
mem[X,0x0000000080000CD6] -> 0x00B5
[901] [M]: 0x0000000080000CD4 (0x00B51513) slli a0, a0, 11
x10 <- 0x0015555555555000
mem[X,0x0000000080000CD8] -> 0x0513
mem[X,0x0000000080000CDA] -> 0x5555
[902] [M]: 0x0000000080000CD8 (0x55550513) addi a0, a0, 1365
x10 <- 0x0015555555555555
mem[X,0x0000000080000CDC] -> 0x1513
mem[X,0x0000000080000CDE] -> 0x00A5
[903] [M]: 0x0000000080000CDC (0x00A51513) slli a0, a0, 10
x10 <- 0x5555555555555400
mem[X,0x0000000080000CE0] -> 0x0513
mem[X,0x0000000080000CE2] -> 0x1555
[904] [M]: 0x0000000080000CE0 (0x15550513) addi a0, a0, 341
x10 <- 0x5555555555555555
mem[X,0x0000000080000CE4] -> 0x8915
[905] [M]: 0x0000000080000CE4 (0x8915) c.andi a0, 5
x10 <- 0x0000000000000005
mem[X,0x0000000080000CE6] -> 0xB823
mem[X,0x0000000080000CE8] -> 0x4AA0
[906] [M]: 0x0000000080000CE6 (0x4AA0B823) sd a0, 1200(ra)
mem[0x00000000800065C8] <- 0x0000000000000005
mem[X,0x0000000080000CEA] -> 0x5537
mem[X,0x0000000080000CEC] -> 0x5555
[907] [M]: 0x0000000080000CEA (0x55555537) lui a0, 349525
x10 <- 0x0000000055555000
mem[X,0x0000000080000CEE] -> 0x0513
mem[X,0x0000000080000CF0] -> 0x5555
[908] [M]: 0x0000000080000CEE (0x55550513) addi a0, a0, 1365
x10 <- 0x0000000055555555
mem[X,0x0000000080000CF2] -> 0x1513
mem[X,0x0000000080000CF4] -> 0x00B5
[909] [M]: 0x0000000080000CF2 (0x00B51513) slli a0, a0, 11
x10 <- 0x000002AAAAAAA800
mem[X,0x0000000080000CF6] -> 0x0513
mem[X,0x0000000080000CF8] -> 0x2AA5
[910] [M]: 0x0000000080000CF6 (0x2AA50513) addi a0, a0, 682
x10 <- 0x000002AAAAAAAAAA
mem[X,0x0000000080000CFA] -> 0x1513
mem[X,0x0000000080000CFC] -> 0x00B5
[911] [M]: 0x0000000080000CFA (0x00B51513) slli a0, a0, 11
x10 <- 0x0015555555555000
mem[X,0x0000000080000CFE] -> 0x0513
mem[X,0x0000000080000D00] -> 0x5555
[912] [M]: 0x0000000080000CFE (0x55550513) addi a0, a0, 1365
x10 <- 0x0015555555555555
mem[X,0x0000000080000D02] -> 0x1513
mem[X,0x0000000080000D04] -> 0x00A5
[913] [M]: 0x0000000080000D02 (0x00A51513) slli a0, a0, 10
x10 <- 0x5555555555555400
mem[X,0x0000000080000D06] -> 0x0513
mem[X,0x0000000080000D08] -> 0x1555
[914] [M]: 0x0000000080000D06 (0x15550513) addi a0, a0, 341
x10 <- 0x5555555555555555
mem[X,0x0000000080000D0A] -> 0x8929
[915] [M]: 0x0000000080000D0A (0x8929) c.andi a0, 10
x10 <- 0x0000000000000000
mem[X,0x0000000080000D0C] -> 0xBC23
mem[X,0x0000000080000D0E] -> 0x4AA0
[916] [M]: 0x0000000080000D0C (0x4AA0BC23) sd a0, 1208(ra)
mem[0x00000000800065D0] <- 0x0000000000000000
mem[X,0x0000000080000D10] -> 0x5537
mem[X,0x0000000080000D12] -> 0x5555
[917] [M]: 0x0000000080000D10 (0x55555537) lui a0, 349525
x10 <- 0x0000000055555000
mem[X,0x0000000080000D14] -> 0x0513
mem[X,0x0000000080000D16] -> 0x5555
[918] [M]: 0x0000000080000D14 (0x55550513) addi a0, a0, 1365
x10 <- 0x0000000055555555
mem[X,0x0000000080000D18] -> 0x1513
mem[X,0x0000000080000D1A] -> 0x00B5
[919] [M]: 0x0000000080000D18 (0x00B51513) slli a0, a0, 11
x10 <- 0x000002AAAAAAA800
mem[X,0x0000000080000D1C] -> 0x0513
mem[X,0x0000000080000D1E] -> 0x2AA5
[920] [M]: 0x0000000080000D1C (0x2AA50513) addi a0, a0, 682
x10 <- 0x000002AAAAAAAAAA
mem[X,0x0000000080000D20] -> 0x1513
mem[X,0x0000000080000D22] -> 0x00B5
[921] [M]: 0x0000000080000D20 (0x00B51513) slli a0, a0, 11
x10 <- 0x0015555555555000
mem[X,0x0000000080000D24] -> 0x0513
mem[X,0x0000000080000D26] -> 0x5555
[922] [M]: 0x0000000080000D24 (0x55550513) addi a0, a0, 1365
x10 <- 0x0015555555555555
mem[X,0x0000000080000D28] -> 0x1513
mem[X,0x0000000080000D2A] -> 0x00A5
[923] [M]: 0x0000000080000D28 (0x00A51513) slli a0, a0, 10
x10 <- 0x5555555555555400
mem[X,0x0000000080000D2C] -> 0x0513
mem[X,0x0000000080000D2E] -> 0x1555
[924] [M]: 0x0000000080000D2C (0x15550513) addi a0, a0, 341
x10 <- 0x5555555555555555
mem[X,0x0000000080000D30] -> 0x8919
[925] [M]: 0x0000000080000D30 (0x8919) c.andi a0, 6
x10 <- 0x0000000000000004
mem[X,0x0000000080000D32] -> 0xB023
mem[X,0x0000000080000D34] -> 0x4CA0
[926] [M]: 0x0000000080000D32 (0x4CA0B023) sd a0, 1216(ra)
mem[0x00000000800065D8] <- 0x0000000000000004
mem[X,0x0000000080000D36] -> 0x5537
mem[X,0x0000000080000D38] -> 0x5555
[927] [M]: 0x0000000080000D36 (0x55555537) lui a0, 349525
x10 <- 0x0000000055555000
mem[X,0x0000000080000D3A] -> 0x0513
mem[X,0x0000000080000D3C] -> 0x5555
[928] [M]: 0x0000000080000D3A (0x55550513) addi a0, a0, 1365
x10 <- 0x0000000055555555
mem[X,0x0000000080000D3E] -> 0x1513
mem[X,0x0000000080000D40] -> 0x00B5
[929] [M]: 0x0000000080000D3E (0x00B51513) slli a0, a0, 11
x10 <- 0x000002AAAAAAA800
mem[X,0x0000000080000D42] -> 0x0513
mem[X,0x0000000080000D44] -> 0x2AA5
[930] [M]: 0x0000000080000D42 (0x2AA50513) addi a0, a0, 682
x10 <- 0x000002AAAAAAAAAA
mem[X,0x0000000080000D46] -> 0x1513
mem[X,0x0000000080000D48] -> 0x00B5
[931] [M]: 0x0000000080000D46 (0x00B51513) slli a0, a0, 11
x10 <- 0x0015555555555000
mem[X,0x0000000080000D4A] -> 0x0513
mem[X,0x0000000080000D4C] -> 0x5555
[932] [M]: 0x0000000080000D4A (0x55550513) addi a0, a0, 1365
x10 <- 0x0015555555555555
mem[X,0x0000000080000D4E] -> 0x1513
mem[X,0x0000000080000D50] -> 0x00A5
[933] [M]: 0x0000000080000D4E (0x00A51513) slli a0, a0, 10
x10 <- 0x5555555555555400
mem[X,0x0000000080000D52] -> 0x0513
mem[X,0x0000000080000D54] -> 0x1555
[934] [M]: 0x0000000080000D52 (0x15550513) addi a0, a0, 341
x10 <- 0x5555555555555555
mem[X,0x0000000080000D56] -> 0x9979
[935] [M]: 0x0000000080000D56 (0x9979) c.andi a0, 62
x10 <- 0x5555555555555554
mem[X,0x0000000080000D58] -> 0xB423
mem[X,0x0000000080000D5A] -> 0x4CA0
[936] [M]: 0x0000000080000D58 (0x4CA0B423) sd a0, 1224(ra)
mem[0x00000000800065E0] <- 0x5555555555555554
mem[X,0x0000000080000D5C] -> 0x5537
mem[X,0x0000000080000D5E] -> 0x5555
[937] [M]: 0x0000000080000D5C (0x55555537) lui a0, 349525
x10 <- 0x0000000055555000
mem[X,0x0000000080000D60] -> 0x0513
mem[X,0x0000000080000D62] -> 0x5555
[938] [M]: 0x0000000080000D60 (0x55550513) addi a0, a0, 1365
x10 <- 0x0000000055555555
mem[X,0x0000000080000D64] -> 0x1513
mem[X,0x0000000080000D66] -> 0x00B5
[939] [M]: 0x0000000080000D64 (0x00B51513) slli a0, a0, 11
x10 <- 0x000002AAAAAAA800
mem[X,0x0000000080000D68] -> 0x0513
mem[X,0x0000000080000D6A] -> 0x2AA5
[940] [M]: 0x0000000080000D68 (0x2AA50513) addi a0, a0, 682
x10 <- 0x000002AAAAAAAAAA
mem[X,0x0000000080000D6C] -> 0x1513
mem[X,0x0000000080000D6E] -> 0x00B5
[941] [M]: 0x0000000080000D6C (0x00B51513) slli a0, a0, 11
x10 <- 0x0015555555555000
mem[X,0x0000000080000D70] -> 0x0513
mem[X,0x0000000080000D72] -> 0x5555
[942] [M]: 0x0000000080000D70 (0x55550513) addi a0, a0, 1365
x10 <- 0x0015555555555555
mem[X,0x0000000080000D74] -> 0x1513
mem[X,0x0000000080000D76] -> 0x00A5
[943] [M]: 0x0000000080000D74 (0x00A51513) slli a0, a0, 10
x10 <- 0x5555555555555400
mem[X,0x0000000080000D78] -> 0x0513
mem[X,0x0000000080000D7A] -> 0x1555
[944] [M]: 0x0000000080000D78 (0x15550513) addi a0, a0, 341
x10 <- 0x5555555555555555
mem[X,0x0000000080000D7C] -> 0x996D
[945] [M]: 0x0000000080000D7C (0x996D) c.andi a0, 59
x10 <- 0x5555555555555551
mem[X,0x0000000080000D7E] -> 0xB823
mem[X,0x0000000080000D80] -> 0x4CA0
[946] [M]: 0x0000000080000D7E (0x4CA0B823) sd a0, 1232(ra)
mem[0x00000000800065E8] <- 0x5555555555555551
mem[X,0x0000000080000D82] -> 0x5537
mem[X,0x0000000080000D84] -> 0x5555
[947] [M]: 0x0000000080000D82 (0x55555537) lui a0, 349525
x10 <- 0x0000000055555000
mem[X,0x0000000080000D86] -> 0x0513
mem[X,0x0000000080000D88] -> 0x5555
[948] [M]: 0x0000000080000D86 (0x55550513) addi a0, a0, 1365
x10 <- 0x0000000055555555
mem[X,0x0000000080000D8A] -> 0x1513
mem[X,0x0000000080000D8C] -> 0x00B5
[949] [M]: 0x0000000080000D8A (0x00B51513) slli a0, a0, 11
x10 <- 0x000002AAAAAAA800
mem[X,0x0000000080000D8E] -> 0x0513
mem[X,0x0000000080000D90] -> 0x2AA5
[950] [M]: 0x0000000080000D8E (0x2AA50513) addi a0, a0, 682
x10 <- 0x000002AAAAAAAAAA
mem[X,0x0000000080000D92] -> 0x1513
mem[X,0x0000000080000D94] -> 0x00B5
[951] [M]: 0x0000000080000D92 (0x00B51513) slli a0, a0, 11
x10 <- 0x0015555555555000
mem[X,0x0000000080000D96] -> 0x0513
mem[X,0x0000000080000D98] -> 0x5555
[952] [M]: 0x0000000080000D96 (0x55550513) addi a0, a0, 1365
x10 <- 0x0015555555555555
mem[X,0x0000000080000D9A] -> 0x1513
mem[X,0x0000000080000D9C] -> 0x00A5
[953] [M]: 0x0000000080000D9A (0x00A51513) slli a0, a0, 10
x10 <- 0x5555555555555400
mem[X,0x0000000080000D9E] -> 0x0513
mem[X,0x0000000080000DA0] -> 0x1555
[954] [M]: 0x0000000080000D9E (0x15550513) addi a0, a0, 341
x10 <- 0x5555555555555555
mem[X,0x0000000080000DA2] -> 0x8909
[955] [M]: 0x0000000080000DA2 (0x8909) c.andi a0, 2
x10 <- 0x0000000000000000
mem[X,0x0000000080000DA4] -> 0xBC23
mem[X,0x0000000080000DA6] -> 0x4CA0
[956] [M]: 0x0000000080000DA4 (0x4CA0BC23) sd a0, 1240(ra)
mem[0x00000000800065F0] <- 0x0000000000000000
mem[X,0x0000000080000DA8] -> 0x5537
mem[X,0x0000000080000DAA] -> 0x5555
[957] [M]: 0x0000000080000DA8 (0x55555537) lui a0, 349525
x10 <- 0x0000000055555000
mem[X,0x0000000080000DAC] -> 0x0513
mem[X,0x0000000080000DAE] -> 0x5555
[958] [M]: 0x0000000080000DAC (0x55550513) addi a0, a0, 1365
x10 <- 0x0000000055555555
mem[X,0x0000000080000DB0] -> 0x1513
mem[X,0x0000000080000DB2] -> 0x00B5
[959] [M]: 0x0000000080000DB0 (0x00B51513) slli a0, a0, 11
x10 <- 0x000002AAAAAAA800
mem[X,0x0000000080000DB4] -> 0x0513
mem[X,0x0000000080000DB6] -> 0x2AA5
[960] [M]: 0x0000000080000DB4 (0x2AA50513) addi a0, a0, 682
x10 <- 0x000002AAAAAAAAAA
mem[X,0x0000000080000DB8] -> 0x1513
mem[X,0x0000000080000DBA] -> 0x00B5
[961] [M]: 0x0000000080000DB8 (0x00B51513) slli a0, a0, 11
x10 <- 0x0015555555555000
mem[X,0x0000000080000DBC] -> 0x0513
mem[X,0x0000000080000DBE] -> 0x5555
[962] [M]: 0x0000000080000DBC (0x55550513) addi a0, a0, 1365
x10 <- 0x0015555555555555
mem[X,0x0000000080000DC0] -> 0x1513
mem[X,0x0000000080000DC2] -> 0x00A5
[963] [M]: 0x0000000080000DC0 (0x00A51513) slli a0, a0, 10
x10 <- 0x5555555555555400
mem[X,0x0000000080000DC4] -> 0x0513
mem[X,0x0000000080000DC6] -> 0x1555
[964] [M]: 0x0000000080000DC4 (0x15550513) addi a0, a0, 341
x10 <- 0x5555555555555555
mem[X,0x0000000080000DC8] -> 0x8911
[965] [M]: 0x0000000080000DC8 (0x8911) c.andi a0, 4
x10 <- 0x0000000000000004
mem[X,0x0000000080000DCA] -> 0xB023
mem[X,0x0000000080000DCC] -> 0x4EA0
[966] [M]: 0x0000000080000DCA (0x4EA0B023) sd a0, 1248(ra)
mem[0x00000000800065F8] <- 0x0000000000000004
mem[X,0x0000000080000DCE] -> 0x5537
mem[X,0x0000000080000DD0] -> 0x5555
[967] [M]: 0x0000000080000DCE (0x55555537) lui a0, 349525
x10 <- 0x0000000055555000
mem[X,0x0000000080000DD2] -> 0x0513
mem[X,0x0000000080000DD4] -> 0x5555
[968] [M]: 0x0000000080000DD2 (0x55550513) addi a0, a0, 1365
x10 <- 0x0000000055555555
mem[X,0x0000000080000DD6] -> 0x1513
mem[X,0x0000000080000DD8] -> 0x00B5
[969] [M]: 0x0000000080000DD6 (0x00B51513) slli a0, a0, 11
x10 <- 0x000002AAAAAAA800
mem[X,0x0000000080000DDA] -> 0x0513
mem[X,0x0000000080000DDC] -> 0x2AA5
[970] [M]: 0x0000000080000DDA (0x2AA50513) addi a0, a0, 682
x10 <- 0x000002AAAAAAAAAA
mem[X,0x0000000080000DDE] -> 0x1513
mem[X,0x0000000080000DE0] -> 0x00B5
[971] [M]: 0x0000000080000DDE (0x00B51513) slli a0, a0, 11
x10 <- 0x0015555555555000
mem[X,0x0000000080000DE2] -> 0x0513
mem[X,0x0000000080000DE4] -> 0x5555
[972] [M]: 0x0000000080000DE2 (0x55550513) addi a0, a0, 1365
x10 <- 0x0015555555555555
mem[X,0x0000000080000DE6] -> 0x1513
mem[X,0x0000000080000DE8] -> 0x00A5
[973] [M]: 0x0000000080000DE6 (0x00A51513) slli a0, a0, 10
x10 <- 0x5555555555555400
mem[X,0x0000000080000DEA] -> 0x0513
mem[X,0x0000000080000DEC] -> 0x1555
[974] [M]: 0x0000000080000DEA (0x15550513) addi a0, a0, 341
x10 <- 0x5555555555555555
mem[X,0x0000000080000DEE] -> 0x8925
[975] [M]: 0x0000000080000DEE (0x8925) c.andi a0, 9
x10 <- 0x0000000000000001
mem[X,0x0000000080000DF0] -> 0xB423
mem[X,0x0000000080000DF2] -> 0x4EA0
[976] [M]: 0x0000000080000DF0 (0x4EA0B423) sd a0, 1256(ra)
mem[0x0000000080006600] <- 0x0000000000000001
mem[X,0x0000000080000DF4] -> 0x5537
mem[X,0x0000000080000DF6] -> 0x5555
[977] [M]: 0x0000000080000DF4 (0x55555537) lui a0, 349525
x10 <- 0x0000000055555000
mem[X,0x0000000080000DF8] -> 0x0513
mem[X,0x0000000080000DFA] -> 0x5555
[978] [M]: 0x0000000080000DF8 (0x55550513) addi a0, a0, 1365
x10 <- 0x0000000055555555
mem[X,0x0000000080000DFC] -> 0x1513
mem[X,0x0000000080000DFE] -> 0x00B5
[979] [M]: 0x0000000080000DFC (0x00B51513) slli a0, a0, 11
x10 <- 0x000002AAAAAAA800
mem[X,0x0000000080000E00] -> 0x0513
mem[X,0x0000000080000E02] -> 0x2AA5
[980] [M]: 0x0000000080000E00 (0x2AA50513) addi a0, a0, 682
x10 <- 0x000002AAAAAAAAAA
mem[X,0x0000000080000E04] -> 0x1513
mem[X,0x0000000080000E06] -> 0x00B5
[981] [M]: 0x0000000080000E04 (0x00B51513) slli a0, a0, 11
x10 <- 0x0015555555555000
mem[X,0x0000000080000E08] -> 0x0513
mem[X,0x0000000080000E0A] -> 0x5555
[982] [M]: 0x0000000080000E08 (0x55550513) addi a0, a0, 1365
x10 <- 0x0015555555555555
mem[X,0x0000000080000E0C] -> 0x1513
mem[X,0x0000000080000E0E] -> 0x00A5
[983] [M]: 0x0000000080000E0C (0x00A51513) slli a0, a0, 10
x10 <- 0x5555555555555400
mem[X,0x0000000080000E10] -> 0x0513
mem[X,0x0000000080000E12] -> 0x1555
[984] [M]: 0x0000000080000E10 (0x15550513) addi a0, a0, 341
x10 <- 0x5555555555555555
mem[X,0x0000000080000E14] -> 0x8901
[985] [M]: 0x0000000080000E14 (0x8901) c.andi a0, 0
x10 <- 0x0000000000000000
mem[X,0x0000000080000E16] -> 0xB823
mem[X,0x0000000080000E18] -> 0x4EA0
[986] [M]: 0x0000000080000E16 (0x4EA0B823) sd a0, 1264(ra)
mem[0x0000000080006608] <- 0x0000000000000000
mem[X,0x0000000080000E1A] -> 0x5537
mem[X,0x0000000080000E1C] -> 0x5555
[987] [M]: 0x0000000080000E1A (0x55555537) lui a0, 349525
x10 <- 0x0000000055555000
mem[X,0x0000000080000E1E] -> 0x0513
mem[X,0x0000000080000E20] -> 0x5555
[988] [M]: 0x0000000080000E1E (0x55550513) addi a0, a0, 1365
x10 <- 0x0000000055555555
mem[X,0x0000000080000E22] -> 0x1513
mem[X,0x0000000080000E24] -> 0x00B5
[989] [M]: 0x0000000080000E22 (0x00B51513) slli a0, a0, 11
x10 <- 0x000002AAAAAAA800
mem[X,0x0000000080000E26] -> 0x0513
mem[X,0x0000000080000E28] -> 0x2AA5
[990] [M]: 0x0000000080000E26 (0x2AA50513) addi a0, a0, 682
x10 <- 0x000002AAAAAAAAAA
mem[X,0x0000000080000E2A] -> 0x1513
mem[X,0x0000000080000E2C] -> 0x00B5
[991] [M]: 0x0000000080000E2A (0x00B51513) slli a0, a0, 11
x10 <- 0x0015555555555000
mem[X,0x0000000080000E2E] -> 0x0513
mem[X,0x0000000080000E30] -> 0x5555
[992] [M]: 0x0000000080000E2E (0x55550513) addi a0, a0, 1365
x10 <- 0x0015555555555555
mem[X,0x0000000080000E32] -> 0x1513
mem[X,0x0000000080000E34] -> 0x00A5
[993] [M]: 0x0000000080000E32 (0x00A51513) slli a0, a0, 10
x10 <- 0x5555555555555400
mem[X,0x0000000080000E36] -> 0x0513
mem[X,0x0000000080000E38] -> 0x1555
[994] [M]: 0x0000000080000E36 (0x15550513) addi a0, a0, 341
x10 <- 0x5555555555555555
mem[X,0x0000000080000E3A] -> 0x892D
[995] [M]: 0x0000000080000E3A (0x892D) c.andi a0, 11
x10 <- 0x0000000000000001
mem[X,0x0000000080000E3C] -> 0xBC23
mem[X,0x0000000080000E3E] -> 0x4EA0
[996] [M]: 0x0000000080000E3C (0x4EA0BC23) sd a0, 1272(ra)
mem[0x0000000080006610] <- 0x0000000000000001
mem[X,0x0000000080000E40] -> 0x5537
mem[X,0x0000000080000E42] -> 0x5555
[997] [M]: 0x0000000080000E40 (0x55555537) lui a0, 349525
x10 <- 0x0000000055555000
mem[X,0x0000000080000E44] -> 0x0513
mem[X,0x0000000080000E46] -> 0x5555
[998] [M]: 0x0000000080000E44 (0x55550513) addi a0, a0, 1365
x10 <- 0x0000000055555555
mem[X,0x0000000080000E48] -> 0x1513
mem[X,0x0000000080000E4A] -> 0x00B5
[999] [M]: 0x0000000080000E48 (0x00B51513) slli a0, a0, 11
x10 <- 0x000002AAAAAAA800
clint::tick mtime <- 0x000000000000000A
 clint timer pending at mtime 0x000000000000000A
htif::tick 0x0000000000000000
mem[X,0x0000000080000E4C] -> 0x0513
mem[X,0x0000000080000E4E] -> 0x2AA5
[1000] [M]: 0x0000000080000E4C (0x2AA50513) addi a0, a0, 682
x10 <- 0x000002AAAAAAAAAA
mem[X,0x0000000080000E50] -> 0x1513
mem[X,0x0000000080000E52] -> 0x00B5
[1001] [M]: 0x0000000080000E50 (0x00B51513) slli a0, a0, 11
x10 <- 0x0015555555555000
mem[X,0x0000000080000E54] -> 0x0513
mem[X,0x0000000080000E56] -> 0x5555
[1002] [M]: 0x0000000080000E54 (0x55550513) addi a0, a0, 1365
x10 <- 0x0015555555555555
mem[X,0x0000000080000E58] -> 0x1513
mem[X,0x0000000080000E5A] -> 0x00A5
[1003] [M]: 0x0000000080000E58 (0x00A51513) slli a0, a0, 10
x10 <- 0x5555555555555400
mem[X,0x0000000080000E5C] -> 0x0513
mem[X,0x0000000080000E5E] -> 0x1555
[1004] [M]: 0x0000000080000E5C (0x15550513) addi a0, a0, 341
x10 <- 0x5555555555555555
mem[X,0x0000000080000E60] -> 0x891D
[1005] [M]: 0x0000000080000E60 (0x891D) c.andi a0, 7
x10 <- 0x0000000000000005
mem[X,0x0000000080000E62] -> 0xB023
mem[X,0x0000000080000E64] -> 0x50A0
[1006] [M]: 0x0000000080000E62 (0x50A0B023) sd a0, 1280(ra)
mem[0x0000000080006618] <- 0x0000000000000005
mem[X,0x0000000080000E66] -> 0x5537
mem[X,0x0000000080000E68] -> 0x5555
[1007] [M]: 0x0000000080000E66 (0x55555537) lui a0, 349525
x10 <- 0x0000000055555000
mem[X,0x0000000080000E6A] -> 0x0513
mem[X,0x0000000080000E6C] -> 0x5555
[1008] [M]: 0x0000000080000E6A (0x55550513) addi a0, a0, 1365
x10 <- 0x0000000055555555
mem[X,0x0000000080000E6E] -> 0x1513
mem[X,0x0000000080000E70] -> 0x00B5
[1009] [M]: 0x0000000080000E6E (0x00B51513) slli a0, a0, 11
x10 <- 0x000002AAAAAAA800
mem[X,0x0000000080000E72] -> 0x0513
mem[X,0x0000000080000E74] -> 0x2AA5
[1010] [M]: 0x0000000080000E72 (0x2AA50513) addi a0, a0, 682
x10 <- 0x000002AAAAAAAAAA
mem[X,0x0000000080000E76] -> 0x1513
mem[X,0x0000000080000E78] -> 0x00B5
[1011] [M]: 0x0000000080000E76 (0x00B51513) slli a0, a0, 11
x10 <- 0x0015555555555000
mem[X,0x0000000080000E7A] -> 0x0513
mem[X,0x0000000080000E7C] -> 0x5555
[1012] [M]: 0x0000000080000E7A (0x55550513) addi a0, a0, 1365
x10 <- 0x0015555555555555
mem[X,0x0000000080000E7E] -> 0x1513
mem[X,0x0000000080000E80] -> 0x00A5
[1013] [M]: 0x0000000080000E7E (0x00A51513) slli a0, a0, 10
x10 <- 0x5555555555555400
mem[X,0x0000000080000E82] -> 0x0513
mem[X,0x0000000080000E84] -> 0x1555
[1014] [M]: 0x0000000080000E82 (0x15550513) addi a0, a0, 341
x10 <- 0x5555555555555555
mem[X,0x0000000080000E86] -> 0x9971
[1015] [M]: 0x0000000080000E86 (0x9971) c.andi a0, 60
x10 <- 0x5555555555555554
mem[X,0x0000000080000E88] -> 0xB423
mem[X,0x0000000080000E8A] -> 0x50A0
[1016] [M]: 0x0000000080000E88 (0x50A0B423) sd a0, 1288(ra)
mem[0x0000000080006620] <- 0x5555555555555554
mem[X,0x0000000080000E8C] -> 0xB537
mem[X,0x0000000080000E8E] -> 0xAAAA
[1017] [M]: 0x0000000080000E8C (0xAAAAB537) lui a0, 699051
x10 <- 0xFFFFFFFFAAAAB000
mem[X,0x0000000080000E90] -> 0x0513
mem[X,0x0000000080000E92] -> 0xAAA5
[1018] [M]: 0x0000000080000E90 (0xAAA50513) addi a0, a0, 2730
x10 <- 0xFFFFFFFFAAAAAAAA
mem[X,0x0000000080000E94] -> 0x1513
mem[X,0x0000000080000E96] -> 0x00B5
[1019] [M]: 0x0000000080000E94 (0x00B51513) slli a0, a0, 11
x10 <- 0xFFFFFD5555555000
mem[X,0x0000000080000E98] -> 0x0513
mem[X,0x0000000080000E9A] -> 0x5555
[1020] [M]: 0x0000000080000E98 (0x55550513) addi a0, a0, 1365
x10 <- 0xFFFFFD5555555555
mem[X,0x0000000080000E9C] -> 0x1513
mem[X,0x0000000080000E9E] -> 0x00B5
[1021] [M]: 0x0000000080000E9C (0x00B51513) slli a0, a0, 11
x10 <- 0xFFEAAAAAAAAAA800
mem[X,0x0000000080000EA0] -> 0x0513
mem[X,0x0000000080000EA2] -> 0x2AA5
[1022] [M]: 0x0000000080000EA0 (0x2AA50513) addi a0, a0, 682
x10 <- 0xFFEAAAAAAAAAAAAA
mem[X,0x0000000080000EA4] -> 0x1513
mem[X,0x0000000080000EA6] -> 0x00A5
[1023] [M]: 0x0000000080000EA4 (0x00A51513) slli a0, a0, 10
x10 <- 0xAAAAAAAAAAAAA800
mem[X,0x0000000080000EA8] -> 0x0513
mem[X,0x0000000080000EAA] -> 0x2AA5
[1024] [M]: 0x0000000080000EA8 (0x2AA50513) addi a0, a0, 682
x10 <- 0xAAAAAAAAAAAAAAAA
mem[X,0x0000000080000EAC] -> 0x890D
[1025] [M]: 0x0000000080000EAC (0x890D) c.andi a0, 3
x10 <- 0x0000000000000002
mem[X,0x0000000080000EAE] -> 0xB823
mem[X,0x0000000080000EB0] -> 0x50A0
[1026] [M]: 0x0000000080000EAE (0x50A0B823) sd a0, 1296(ra)
mem[0x0000000080006628] <- 0x0000000000000002
mem[X,0x0000000080000EB2] -> 0xB537
mem[X,0x0000000080000EB4] -> 0xAAAA
[1027] [M]: 0x0000000080000EB2 (0xAAAAB537) lui a0, 699051
x10 <- 0xFFFFFFFFAAAAB000
mem[X,0x0000000080000EB6] -> 0x0513
mem[X,0x0000000080000EB8] -> 0xAAA5
[1028] [M]: 0x0000000080000EB6 (0xAAA50513) addi a0, a0, 2730
x10 <- 0xFFFFFFFFAAAAAAAA
mem[X,0x0000000080000EBA] -> 0x1513
mem[X,0x0000000080000EBC] -> 0x00B5
[1029] [M]: 0x0000000080000EBA (0x00B51513) slli a0, a0, 11
x10 <- 0xFFFFFD5555555000
mem[X,0x0000000080000EBE] -> 0x0513
mem[X,0x0000000080000EC0] -> 0x5555
[1030] [M]: 0x0000000080000EBE (0x55550513) addi a0, a0, 1365
x10 <- 0xFFFFFD5555555555
mem[X,0x0000000080000EC2] -> 0x1513
mem[X,0x0000000080000EC4] -> 0x00B5
[1031] [M]: 0x0000000080000EC2 (0x00B51513) slli a0, a0, 11
x10 <- 0xFFEAAAAAAAAAA800
mem[X,0x0000000080000EC6] -> 0x0513
mem[X,0x0000000080000EC8] -> 0x2AA5
[1032] [M]: 0x0000000080000EC6 (0x2AA50513) addi a0, a0, 682
x10 <- 0xFFEAAAAAAAAAAAAA
mem[X,0x0000000080000ECA] -> 0x1513
mem[X,0x0000000080000ECC] -> 0x00A5
[1033] [M]: 0x0000000080000ECA (0x00A51513) slli a0, a0, 10
x10 <- 0xAAAAAAAAAAAAA800
mem[X,0x0000000080000ECE] -> 0x0513
mem[X,0x0000000080000ED0] -> 0x2AA5
[1034] [M]: 0x0000000080000ECE (0x2AA50513) addi a0, a0, 682
x10 <- 0xAAAAAAAAAAAAAAAA
mem[X,0x0000000080000ED2] -> 0x8915
[1035] [M]: 0x0000000080000ED2 (0x8915) c.andi a0, 5
x10 <- 0x0000000000000000
mem[X,0x0000000080000ED4] -> 0xBC23
mem[X,0x0000000080000ED6] -> 0x50A0
[1036] [M]: 0x0000000080000ED4 (0x50A0BC23) sd a0, 1304(ra)
mem[0x0000000080006630] <- 0x0000000000000000
mem[X,0x0000000080000ED8] -> 0xB537
mem[X,0x0000000080000EDA] -> 0xAAAA
[1037] [M]: 0x0000000080000ED8 (0xAAAAB537) lui a0, 699051
x10 <- 0xFFFFFFFFAAAAB000
mem[X,0x0000000080000EDC] -> 0x0513
mem[X,0x0000000080000EDE] -> 0xAAA5
[1038] [M]: 0x0000000080000EDC (0xAAA50513) addi a0, a0, 2730
x10 <- 0xFFFFFFFFAAAAAAAA
mem[X,0x0000000080000EE0] -> 0x1513
mem[X,0x0000000080000EE2] -> 0x00B5
[1039] [M]: 0x0000000080000EE0 (0x00B51513) slli a0, a0, 11
x10 <- 0xFFFFFD5555555000
mem[X,0x0000000080000EE4] -> 0x0513
mem[X,0x0000000080000EE6] -> 0x5555
[1040] [M]: 0x0000000080000EE4 (0x55550513) addi a0, a0, 1365
x10 <- 0xFFFFFD5555555555
mem[X,0x0000000080000EE8] -> 0x1513
mem[X,0x0000000080000EEA] -> 0x00B5
[1041] [M]: 0x0000000080000EE8 (0x00B51513) slli a0, a0, 11
x10 <- 0xFFEAAAAAAAAAA800
mem[X,0x0000000080000EEC] -> 0x0513
mem[X,0x0000000080000EEE] -> 0x2AA5
[1042] [M]: 0x0000000080000EEC (0x2AA50513) addi a0, a0, 682
x10 <- 0xFFEAAAAAAAAAAAAA
mem[X,0x0000000080000EF0] -> 0x1513
mem[X,0x0000000080000EF2] -> 0x00A5
[1043] [M]: 0x0000000080000EF0 (0x00A51513) slli a0, a0, 10
x10 <- 0xAAAAAAAAAAAAA800
mem[X,0x0000000080000EF4] -> 0x0513
mem[X,0x0000000080000EF6] -> 0x2AA5
[1044] [M]: 0x0000000080000EF4 (0x2AA50513) addi a0, a0, 682
x10 <- 0xAAAAAAAAAAAAAAAA
mem[X,0x0000000080000EF8] -> 0x8929
[1045] [M]: 0x0000000080000EF8 (0x8929) c.andi a0, 10
x10 <- 0x000000000000000A
mem[X,0x0000000080000EFA] -> 0xB023
mem[X,0x0000000080000EFC] -> 0x52A0
[1046] [M]: 0x0000000080000EFA (0x52A0B023) sd a0, 1312(ra)
mem[0x0000000080006638] <- 0x000000000000000A
mem[X,0x0000000080000EFE] -> 0xB537
mem[X,0x0000000080000F00] -> 0xAAAA
[1047] [M]: 0x0000000080000EFE (0xAAAAB537) lui a0, 699051
x10 <- 0xFFFFFFFFAAAAB000
mem[X,0x0000000080000F02] -> 0x0513
mem[X,0x0000000080000F04] -> 0xAAA5
[1048] [M]: 0x0000000080000F02 (0xAAA50513) addi a0, a0, 2730
x10 <- 0xFFFFFFFFAAAAAAAA
mem[X,0x0000000080000F06] -> 0x1513
mem[X,0x0000000080000F08] -> 0x00B5
[1049] [M]: 0x0000000080000F06 (0x00B51513) slli a0, a0, 11
x10 <- 0xFFFFFD5555555000
mem[X,0x0000000080000F0A] -> 0x0513
mem[X,0x0000000080000F0C] -> 0x5555
[1050] [M]: 0x0000000080000F0A (0x55550513) addi a0, a0, 1365
x10 <- 0xFFFFFD5555555555
mem[X,0x0000000080000F0E] -> 0x1513
mem[X,0x0000000080000F10] -> 0x00B5
[1051] [M]: 0x0000000080000F0E (0x00B51513) slli a0, a0, 11
x10 <- 0xFFEAAAAAAAAAA800
mem[X,0x0000000080000F12] -> 0x0513
mem[X,0x0000000080000F14] -> 0x2AA5
[1052] [M]: 0x0000000080000F12 (0x2AA50513) addi a0, a0, 682
x10 <- 0xFFEAAAAAAAAAAAAA
mem[X,0x0000000080000F16] -> 0x1513
mem[X,0x0000000080000F18] -> 0x00A5
[1053] [M]: 0x0000000080000F16 (0x00A51513) slli a0, a0, 10
x10 <- 0xAAAAAAAAAAAAA800
mem[X,0x0000000080000F1A] -> 0x0513
mem[X,0x0000000080000F1C] -> 0x2AA5
[1054] [M]: 0x0000000080000F1A (0x2AA50513) addi a0, a0, 682
x10 <- 0xAAAAAAAAAAAAAAAA
mem[X,0x0000000080000F1E] -> 0x8919
[1055] [M]: 0x0000000080000F1E (0x8919) c.andi a0, 6
x10 <- 0x0000000000000002
mem[X,0x0000000080000F20] -> 0xB423
mem[X,0x0000000080000F22] -> 0x52A0
[1056] [M]: 0x0000000080000F20 (0x52A0B423) sd a0, 1320(ra)
mem[0x0000000080006640] <- 0x0000000000000002
mem[X,0x0000000080000F24] -> 0xB537
mem[X,0x0000000080000F26] -> 0xAAAA
[1057] [M]: 0x0000000080000F24 (0xAAAAB537) lui a0, 699051
x10 <- 0xFFFFFFFFAAAAB000
mem[X,0x0000000080000F28] -> 0x0513
mem[X,0x0000000080000F2A] -> 0xAAA5
[1058] [M]: 0x0000000080000F28 (0xAAA50513) addi a0, a0, 2730
x10 <- 0xFFFFFFFFAAAAAAAA
mem[X,0x0000000080000F2C] -> 0x1513
mem[X,0x0000000080000F2E] -> 0x00B5
[1059] [M]: 0x0000000080000F2C (0x00B51513) slli a0, a0, 11
x10 <- 0xFFFFFD5555555000
mem[X,0x0000000080000F30] -> 0x0513
mem[X,0x0000000080000F32] -> 0x5555
[1060] [M]: 0x0000000080000F30 (0x55550513) addi a0, a0, 1365
x10 <- 0xFFFFFD5555555555
mem[X,0x0000000080000F34] -> 0x1513
mem[X,0x0000000080000F36] -> 0x00B5
[1061] [M]: 0x0000000080000F34 (0x00B51513) slli a0, a0, 11
x10 <- 0xFFEAAAAAAAAAA800
mem[X,0x0000000080000F38] -> 0x0513
mem[X,0x0000000080000F3A] -> 0x2AA5
[1062] [M]: 0x0000000080000F38 (0x2AA50513) addi a0, a0, 682
x10 <- 0xFFEAAAAAAAAAAAAA
mem[X,0x0000000080000F3C] -> 0x1513
mem[X,0x0000000080000F3E] -> 0x00A5
[1063] [M]: 0x0000000080000F3C (0x00A51513) slli a0, a0, 10
x10 <- 0xAAAAAAAAAAAAA800
mem[X,0x0000000080000F40] -> 0x0513
mem[X,0x0000000080000F42] -> 0x2AA5
[1064] [M]: 0x0000000080000F40 (0x2AA50513) addi a0, a0, 682
x10 <- 0xAAAAAAAAAAAAAAAA
mem[X,0x0000000080000F44] -> 0x9979
[1065] [M]: 0x0000000080000F44 (0x9979) c.andi a0, 62
x10 <- 0xAAAAAAAAAAAAAAAA
mem[X,0x0000000080000F46] -> 0xB823
mem[X,0x0000000080000F48] -> 0x52A0
[1066] [M]: 0x0000000080000F46 (0x52A0B823) sd a0, 1328(ra)
mem[0x0000000080006648] <- 0xAAAAAAAAAAAAAAAA
mem[X,0x0000000080000F4A] -> 0xB537
mem[X,0x0000000080000F4C] -> 0xAAAA
[1067] [M]: 0x0000000080000F4A (0xAAAAB537) lui a0, 699051
x10 <- 0xFFFFFFFFAAAAB000
mem[X,0x0000000080000F4E] -> 0x0513
mem[X,0x0000000080000F50] -> 0xAAA5
[1068] [M]: 0x0000000080000F4E (0xAAA50513) addi a0, a0, 2730
x10 <- 0xFFFFFFFFAAAAAAAA
mem[X,0x0000000080000F52] -> 0x1513
mem[X,0x0000000080000F54] -> 0x00B5
[1069] [M]: 0x0000000080000F52 (0x00B51513) slli a0, a0, 11
x10 <- 0xFFFFFD5555555000
mem[X,0x0000000080000F56] -> 0x0513
mem[X,0x0000000080000F58] -> 0x5555
[1070] [M]: 0x0000000080000F56 (0x55550513) addi a0, a0, 1365
x10 <- 0xFFFFFD5555555555
mem[X,0x0000000080000F5A] -> 0x1513
mem[X,0x0000000080000F5C] -> 0x00B5
[1071] [M]: 0x0000000080000F5A (0x00B51513) slli a0, a0, 11
x10 <- 0xFFEAAAAAAAAAA800
mem[X,0x0000000080000F5E] -> 0x0513
mem[X,0x0000000080000F60] -> 0x2AA5
[1072] [M]: 0x0000000080000F5E (0x2AA50513) addi a0, a0, 682
x10 <- 0xFFEAAAAAAAAAAAAA
mem[X,0x0000000080000F62] -> 0x1513
mem[X,0x0000000080000F64] -> 0x00A5
[1073] [M]: 0x0000000080000F62 (0x00A51513) slli a0, a0, 10
x10 <- 0xAAAAAAAAAAAAA800
mem[X,0x0000000080000F66] -> 0x0513
mem[X,0x0000000080000F68] -> 0x2AA5
[1074] [M]: 0x0000000080000F66 (0x2AA50513) addi a0, a0, 682
x10 <- 0xAAAAAAAAAAAAAAAA
mem[X,0x0000000080000F6A] -> 0x996D
[1075] [M]: 0x0000000080000F6A (0x996D) c.andi a0, 59
x10 <- 0xAAAAAAAAAAAAAAAA
mem[X,0x0000000080000F6C] -> 0xBC23
mem[X,0x0000000080000F6E] -> 0x52A0
[1076] [M]: 0x0000000080000F6C (0x52A0BC23) sd a0, 1336(ra)
mem[0x0000000080006650] <- 0xAAAAAAAAAAAAAAAA
mem[X,0x0000000080000F70] -> 0xB537
mem[X,0x0000000080000F72] -> 0xAAAA
[1077] [M]: 0x0000000080000F70 (0xAAAAB537) lui a0, 699051
x10 <- 0xFFFFFFFFAAAAB000
mem[X,0x0000000080000F74] -> 0x0513
mem[X,0x0000000080000F76] -> 0xAAA5
[1078] [M]: 0x0000000080000F74 (0xAAA50513) addi a0, a0, 2730
x10 <- 0xFFFFFFFFAAAAAAAA
mem[X,0x0000000080000F78] -> 0x1513
mem[X,0x0000000080000F7A] -> 0x00B5
[1079] [M]: 0x0000000080000F78 (0x00B51513) slli a0, a0, 11
x10 <- 0xFFFFFD5555555000
mem[X,0x0000000080000F7C] -> 0x0513
mem[X,0x0000000080000F7E] -> 0x5555
[1080] [M]: 0x0000000080000F7C (0x55550513) addi a0, a0, 1365
x10 <- 0xFFFFFD5555555555
mem[X,0x0000000080000F80] -> 0x1513
mem[X,0x0000000080000F82] -> 0x00B5
[1081] [M]: 0x0000000080000F80 (0x00B51513) slli a0, a0, 11
x10 <- 0xFFEAAAAAAAAAA800
mem[X,0x0000000080000F84] -> 0x0513
mem[X,0x0000000080000F86] -> 0x2AA5
[1082] [M]: 0x0000000080000F84 (0x2AA50513) addi a0, a0, 682
x10 <- 0xFFEAAAAAAAAAAAAA
mem[X,0x0000000080000F88] -> 0x1513
mem[X,0x0000000080000F8A] -> 0x00A5
[1083] [M]: 0x0000000080000F88 (0x00A51513) slli a0, a0, 10
x10 <- 0xAAAAAAAAAAAAA800
mem[X,0x0000000080000F8C] -> 0x0513
mem[X,0x0000000080000F8E] -> 0x2AA5
[1084] [M]: 0x0000000080000F8C (0x2AA50513) addi a0, a0, 682
x10 <- 0xAAAAAAAAAAAAAAAA
mem[X,0x0000000080000F90] -> 0x8909
[1085] [M]: 0x0000000080000F90 (0x8909) c.andi a0, 2
x10 <- 0x0000000000000002
mem[X,0x0000000080000F92] -> 0xB023
mem[X,0x0000000080000F94] -> 0x54A0
[1086] [M]: 0x0000000080000F92 (0x54A0B023) sd a0, 1344(ra)
mem[0x0000000080006658] <- 0x0000000000000002
mem[X,0x0000000080000F96] -> 0xB537
mem[X,0x0000000080000F98] -> 0xAAAA
[1087] [M]: 0x0000000080000F96 (0xAAAAB537) lui a0, 699051
x10 <- 0xFFFFFFFFAAAAB000
mem[X,0x0000000080000F9A] -> 0x0513
mem[X,0x0000000080000F9C] -> 0xAAA5
[1088] [M]: 0x0000000080000F9A (0xAAA50513) addi a0, a0, 2730
x10 <- 0xFFFFFFFFAAAAAAAA
mem[X,0x0000000080000F9E] -> 0x1513
mem[X,0x0000000080000FA0] -> 0x00B5
[1089] [M]: 0x0000000080000F9E (0x00B51513) slli a0, a0, 11
x10 <- 0xFFFFFD5555555000
mem[X,0x0000000080000FA2] -> 0x0513
mem[X,0x0000000080000FA4] -> 0x5555
[1090] [M]: 0x0000000080000FA2 (0x55550513) addi a0, a0, 1365
x10 <- 0xFFFFFD5555555555
mem[X,0x0000000080000FA6] -> 0x1513
mem[X,0x0000000080000FA8] -> 0x00B5
[1091] [M]: 0x0000000080000FA6 (0x00B51513) slli a0, a0, 11
x10 <- 0xFFEAAAAAAAAAA800
mem[X,0x0000000080000FAA] -> 0x0513
mem[X,0x0000000080000FAC] -> 0x2AA5
[1092] [M]: 0x0000000080000FAA (0x2AA50513) addi a0, a0, 682
x10 <- 0xFFEAAAAAAAAAAAAA
mem[X,0x0000000080000FAE] -> 0x1513
mem[X,0x0000000080000FB0] -> 0x00A5
[1093] [M]: 0x0000000080000FAE (0x00A51513) slli a0, a0, 10
x10 <- 0xAAAAAAAAAAAAA800
mem[X,0x0000000080000FB2] -> 0x0513
mem[X,0x0000000080000FB4] -> 0x2AA5
[1094] [M]: 0x0000000080000FB2 (0x2AA50513) addi a0, a0, 682
x10 <- 0xAAAAAAAAAAAAAAAA
mem[X,0x0000000080000FB6] -> 0x8911
[1095] [M]: 0x0000000080000FB6 (0x8911) c.andi a0, 4
x10 <- 0x0000000000000000
mem[X,0x0000000080000FB8] -> 0xB423
mem[X,0x0000000080000FBA] -> 0x54A0
[1096] [M]: 0x0000000080000FB8 (0x54A0B423) sd a0, 1352(ra)
mem[0x0000000080006660] <- 0x0000000000000000
mem[X,0x0000000080000FBC] -> 0xB537
mem[X,0x0000000080000FBE] -> 0xAAAA
[1097] [M]: 0x0000000080000FBC (0xAAAAB537) lui a0, 699051
x10 <- 0xFFFFFFFFAAAAB000
mem[X,0x0000000080000FC0] -> 0x0513
mem[X,0x0000000080000FC2] -> 0xAAA5
[1098] [M]: 0x0000000080000FC0 (0xAAA50513) addi a0, a0, 2730
x10 <- 0xFFFFFFFFAAAAAAAA
mem[X,0x0000000080000FC4] -> 0x1513
mem[X,0x0000000080000FC6] -> 0x00B5
[1099] [M]: 0x0000000080000FC4 (0x00B51513) slli a0, a0, 11
x10 <- 0xFFFFFD5555555000
clint::tick mtime <- 0x000000000000000B
 clint timer pending at mtime 0x000000000000000B
htif::tick 0x0000000000000000
mem[X,0x0000000080000FC8] -> 0x0513
mem[X,0x0000000080000FCA] -> 0x5555
[1100] [M]: 0x0000000080000FC8 (0x55550513) addi a0, a0, 1365
x10 <- 0xFFFFFD5555555555
mem[X,0x0000000080000FCC] -> 0x1513
mem[X,0x0000000080000FCE] -> 0x00B5
[1101] [M]: 0x0000000080000FCC (0x00B51513) slli a0, a0, 11
x10 <- 0xFFEAAAAAAAAAA800
mem[X,0x0000000080000FD0] -> 0x0513
mem[X,0x0000000080000FD2] -> 0x2AA5
[1102] [M]: 0x0000000080000FD0 (0x2AA50513) addi a0, a0, 682
x10 <- 0xFFEAAAAAAAAAAAAA
mem[X,0x0000000080000FD4] -> 0x1513
mem[X,0x0000000080000FD6] -> 0x00A5
[1103] [M]: 0x0000000080000FD4 (0x00A51513) slli a0, a0, 10
x10 <- 0xAAAAAAAAAAAAA800
mem[X,0x0000000080000FD8] -> 0x0513
mem[X,0x0000000080000FDA] -> 0x2AA5
[1104] [M]: 0x0000000080000FD8 (0x2AA50513) addi a0, a0, 682
x10 <- 0xAAAAAAAAAAAAAAAA
mem[X,0x0000000080000FDC] -> 0x8901
[1105] [M]: 0x0000000080000FDC (0x8901) c.andi a0, 0
x10 <- 0x0000000000000000
mem[X,0x0000000080000FDE] -> 0xB823
mem[X,0x0000000080000FE0] -> 0x54A0
[1106] [M]: 0x0000000080000FDE (0x54A0B823) sd a0, 1360(ra)
mem[0x0000000080006668] <- 0x0000000000000000
mem[X,0x0000000080000FE2] -> 0xB537
mem[X,0x0000000080000FE4] -> 0xAAAA
[1107] [M]: 0x0000000080000FE2 (0xAAAAB537) lui a0, 699051
x10 <- 0xFFFFFFFFAAAAB000
mem[X,0x0000000080000FE6] -> 0x0513
mem[X,0x0000000080000FE8] -> 0xAAA5
[1108] [M]: 0x0000000080000FE6 (0xAAA50513) addi a0, a0, 2730
x10 <- 0xFFFFFFFFAAAAAAAA
mem[X,0x0000000080000FEA] -> 0x1513
mem[X,0x0000000080000FEC] -> 0x00B5
[1109] [M]: 0x0000000080000FEA (0x00B51513) slli a0, a0, 11
x10 <- 0xFFFFFD5555555000
mem[X,0x0000000080000FEE] -> 0x0513
mem[X,0x0000000080000FF0] -> 0x5555
[1110] [M]: 0x0000000080000FEE (0x55550513) addi a0, a0, 1365
x10 <- 0xFFFFFD5555555555
mem[X,0x0000000080000FF2] -> 0x1513
mem[X,0x0000000080000FF4] -> 0x00B5
[1111] [M]: 0x0000000080000FF2 (0x00B51513) slli a0, a0, 11
x10 <- 0xFFEAAAAAAAAAA800
mem[X,0x0000000080000FF6] -> 0x0513
mem[X,0x0000000080000FF8] -> 0x2AA5
[1112] [M]: 0x0000000080000FF6 (0x2AA50513) addi a0, a0, 682
x10 <- 0xFFEAAAAAAAAAAAAA
mem[X,0x0000000080000FFA] -> 0x1513
mem[X,0x0000000080000FFC] -> 0x00A5
[1113] [M]: 0x0000000080000FFA (0x00A51513) slli a0, a0, 10
x10 <- 0xAAAAAAAAAAAAA800
mem[X,0x0000000080000FFE] -> 0x0513
mem[X,0x0000000080001000] -> 0x2AA5
[1114] [M]: 0x0000000080000FFE (0x2AA50513) addi a0, a0, 682
x10 <- 0xAAAAAAAAAAAAAAAA
mem[X,0x0000000080001002] -> 0x892D
[1115] [M]: 0x0000000080001002 (0x892D) c.andi a0, 11
x10 <- 0x000000000000000A
mem[X,0x0000000080001004] -> 0xBC23
mem[X,0x0000000080001006] -> 0x54A0
[1116] [M]: 0x0000000080001004 (0x54A0BC23) sd a0, 1368(ra)
mem[0x0000000080006670] <- 0x000000000000000A
mem[X,0x0000000080001008] -> 0xB537
mem[X,0x000000008000100A] -> 0xAAAA
[1117] [M]: 0x0000000080001008 (0xAAAAB537) lui a0, 699051
x10 <- 0xFFFFFFFFAAAAB000
mem[X,0x000000008000100C] -> 0x0513
mem[X,0x000000008000100E] -> 0xAAA5
[1118] [M]: 0x000000008000100C (0xAAA50513) addi a0, a0, 2730
x10 <- 0xFFFFFFFFAAAAAAAA
mem[X,0x0000000080001010] -> 0x1513
mem[X,0x0000000080001012] -> 0x00B5
[1119] [M]: 0x0000000080001010 (0x00B51513) slli a0, a0, 11
x10 <- 0xFFFFFD5555555000
mem[X,0x0000000080001014] -> 0x0513
mem[X,0x0000000080001016] -> 0x5555
[1120] [M]: 0x0000000080001014 (0x55550513) addi a0, a0, 1365
x10 <- 0xFFFFFD5555555555
mem[X,0x0000000080001018] -> 0x1513
mem[X,0x000000008000101A] -> 0x00B5
[1121] [M]: 0x0000000080001018 (0x00B51513) slli a0, a0, 11
x10 <- 0xFFEAAAAAAAAAA800
mem[X,0x000000008000101C] -> 0x0513
mem[X,0x000000008000101E] -> 0x2AA5
[1122] [M]: 0x000000008000101C (0x2AA50513) addi a0, a0, 682
x10 <- 0xFFEAAAAAAAAAAAAA
mem[X,0x0000000080001020] -> 0x1513
mem[X,0x0000000080001022] -> 0x00A5
[1123] [M]: 0x0000000080001020 (0x00A51513) slli a0, a0, 10
x10 <- 0xAAAAAAAAAAAAA800
mem[X,0x0000000080001024] -> 0x0513
mem[X,0x0000000080001026] -> 0x2AA5
[1124] [M]: 0x0000000080001024 (0x2AA50513) addi a0, a0, 682
x10 <- 0xAAAAAAAAAAAAAAAA
mem[X,0x0000000080001028] -> 0x891D
[1125] [M]: 0x0000000080001028 (0x891D) c.andi a0, 7
x10 <- 0x0000000000000002
mem[X,0x000000008000102A] -> 0xB023
mem[X,0x000000008000102C] -> 0x56A0
[1126] [M]: 0x000000008000102A (0x56A0B023) sd a0, 1376(ra)
mem[0x0000000080006678] <- 0x0000000000000002
mem[X,0x000000008000102E] -> 0xB537
mem[X,0x0000000080001030] -> 0xAAAA
[1127] [M]: 0x000000008000102E (0xAAAAB537) lui a0, 699051
x10 <- 0xFFFFFFFFAAAAB000
mem[X,0x0000000080001032] -> 0x0513
mem[X,0x0000000080001034] -> 0xAAA5
[1128] [M]: 0x0000000080001032 (0xAAA50513) addi a0, a0, 2730
x10 <- 0xFFFFFFFFAAAAAAAA
mem[X,0x0000000080001036] -> 0x1513
mem[X,0x0000000080001038] -> 0x00B5
[1129] [M]: 0x0000000080001036 (0x00B51513) slli a0, a0, 11
x10 <- 0xFFFFFD5555555000
mem[X,0x000000008000103A] -> 0x0513
mem[X,0x000000008000103C] -> 0x5555
[1130] [M]: 0x000000008000103A (0x55550513) addi a0, a0, 1365
x10 <- 0xFFFFFD5555555555
mem[X,0x000000008000103E] -> 0x1513
mem[X,0x0000000080001040] -> 0x00B5
[1131] [M]: 0x000000008000103E (0x00B51513) slli a0, a0, 11
x10 <- 0xFFEAAAAAAAAAA800
mem[X,0x0000000080001042] -> 0x0513
mem[X,0x0000000080001044] -> 0x2AA5
[1132] [M]: 0x0000000080001042 (0x2AA50513) addi a0, a0, 682
x10 <- 0xFFEAAAAAAAAAAAAA
mem[X,0x0000000080001046] -> 0x1513
mem[X,0x0000000080001048] -> 0x00A5
[1133] [M]: 0x0000000080001046 (0x00A51513) slli a0, a0, 10
x10 <- 0xAAAAAAAAAAAAA800
mem[X,0x000000008000104A] -> 0x0513
mem[X,0x000000008000104C] -> 0x2AA5
[1134] [M]: 0x000000008000104A (0x2AA50513) addi a0, a0, 682
x10 <- 0xAAAAAAAAAAAAAAAA
mem[X,0x000000008000104E] -> 0x997D
[1135] [M]: 0x000000008000104E (0x997D) c.andi a0, 63
x10 <- 0xAAAAAAAAAAAAAAAA
mem[X,0x0000000080001050] -> 0xB423
mem[X,0x0000000080001052] -> 0x56A0
[1136] [M]: 0x0000000080001050 (0x56A0B423) sd a0, 1384(ra)
mem[0x0000000080006680] <- 0xAAAAAAAAAAAAAAAA
mem[X,0x0000000080001054] -> 0xB537
mem[X,0x0000000080001056] -> 0xAAAA
[1137] [M]: 0x0000000080001054 (0xAAAAB537) lui a0, 699051
x10 <- 0xFFFFFFFFAAAAB000
mem[X,0x0000000080001058] -> 0x0513
mem[X,0x000000008000105A] -> 0xAAA5
[1138] [M]: 0x0000000080001058 (0xAAA50513) addi a0, a0, 2730
x10 <- 0xFFFFFFFFAAAAAAAA
mem[X,0x000000008000105C] -> 0x1513
mem[X,0x000000008000105E] -> 0x00B5
[1139] [M]: 0x000000008000105C (0x00B51513) slli a0, a0, 11
x10 <- 0xFFFFFD5555555000
mem[X,0x0000000080001060] -> 0x0513
mem[X,0x0000000080001062] -> 0x5555
[1140] [M]: 0x0000000080001060 (0x55550513) addi a0, a0, 1365
x10 <- 0xFFFFFD5555555555
mem[X,0x0000000080001064] -> 0x1513
mem[X,0x0000000080001066] -> 0x00B5
[1141] [M]: 0x0000000080001064 (0x00B51513) slli a0, a0, 11
x10 <- 0xFFEAAAAAAAAAA800
mem[X,0x0000000080001068] -> 0x0513
mem[X,0x000000008000106A] -> 0x2AA5
[1142] [M]: 0x0000000080001068 (0x2AA50513) addi a0, a0, 682
x10 <- 0xFFEAAAAAAAAAAAAA
mem[X,0x000000008000106C] -> 0x1513
mem[X,0x000000008000106E] -> 0x00A5
[1143] [M]: 0x000000008000106C (0x00A51513) slli a0, a0, 10
x10 <- 0xAAAAAAAAAAAAA800
mem[X,0x0000000080001070] -> 0x0513
mem[X,0x0000000080001072] -> 0x2AA5
[1144] [M]: 0x0000000080001070 (0x2AA50513) addi a0, a0, 682
x10 <- 0xAAAAAAAAAAAAAAAA
mem[X,0x0000000080001074] -> 0x9971
[1145] [M]: 0x0000000080001074 (0x9971) c.andi a0, 60
x10 <- 0xAAAAAAAAAAAAAAA8
mem[X,0x0000000080001076] -> 0xB823
mem[X,0x0000000080001078] -> 0x56A0
[1146] [M]: 0x0000000080001076 (0x56A0B823) sd a0, 1392(ra)
mem[0x0000000080006688] <- 0xAAAAAAAAAAAAAAA8
mem[X,0x000000008000107A] -> 0x0513
mem[X,0x000000008000107C] -> 0x0050
[1147] [M]: 0x000000008000107A (0x00500513) addi a0, zero, 5
x10 <- 0x0000000000000005
mem[X,0x000000008000107E] -> 0x890D
[1148] [M]: 0x000000008000107E (0x890D) c.andi a0, 3
x10 <- 0x0000000000000001
mem[X,0x0000000080001080] -> 0xBC23
mem[X,0x0000000080001082] -> 0x56A0
[1149] [M]: 0x0000000080001080 (0x56A0BC23) sd a0, 1400(ra)
mem[0x0000000080006690] <- 0x0000000000000001
mem[X,0x0000000080001084] -> 0x0513
mem[X,0x0000000080001086] -> 0x0050
[1150] [M]: 0x0000000080001084 (0x00500513) addi a0, zero, 5
x10 <- 0x0000000000000005
mem[X,0x0000000080001088] -> 0x8915
[1151] [M]: 0x0000000080001088 (0x8915) c.andi a0, 5
x10 <- 0x0000000000000005
mem[X,0x000000008000108A] -> 0xB023
mem[X,0x000000008000108C] -> 0x58A0
[1152] [M]: 0x000000008000108A (0x58A0B023) sd a0, 1408(ra)
mem[0x0000000080006698] <- 0x0000000000000005
mem[X,0x000000008000108E] -> 0x0513
mem[X,0x0000000080001090] -> 0x0050
[1153] [M]: 0x000000008000108E (0x00500513) addi a0, zero, 5
x10 <- 0x0000000000000005
mem[X,0x0000000080001092] -> 0x8929
[1154] [M]: 0x0000000080001092 (0x8929) c.andi a0, 10
x10 <- 0x0000000000000000
mem[X,0x0000000080001094] -> 0xB423
mem[X,0x0000000080001096] -> 0x58A0
[1155] [M]: 0x0000000080001094 (0x58A0B423) sd a0, 1416(ra)
mem[0x00000000800066A0] <- 0x0000000000000000
mem[X,0x0000000080001098] -> 0x0513
mem[X,0x000000008000109A] -> 0x0050
[1156] [M]: 0x0000000080001098 (0x00500513) addi a0, zero, 5
x10 <- 0x0000000000000005
mem[X,0x000000008000109C] -> 0x8919
[1157] [M]: 0x000000008000109C (0x8919) c.andi a0, 6
x10 <- 0x0000000000000004
mem[X,0x000000008000109E] -> 0xB823
mem[X,0x00000000800010A0] -> 0x58A0
[1158] [M]: 0x000000008000109E (0x58A0B823) sd a0, 1424(ra)
mem[0x00000000800066A8] <- 0x0000000000000004
mem[X,0x00000000800010A2] -> 0x0513
mem[X,0x00000000800010A4] -> 0x0050
[1159] [M]: 0x00000000800010A2 (0x00500513) addi a0, zero, 5
x10 <- 0x0000000000000005
mem[X,0x00000000800010A6] -> 0x9979
[1160] [M]: 0x00000000800010A6 (0x9979) c.andi a0, 62
x10 <- 0x0000000000000004
mem[X,0x00000000800010A8] -> 0xBC23
mem[X,0x00000000800010AA] -> 0x58A0
[1161] [M]: 0x00000000800010A8 (0x58A0BC23) sd a0, 1432(ra)
mem[0x00000000800066B0] <- 0x0000000000000004
mem[X,0x00000000800010AC] -> 0x0513
mem[X,0x00000000800010AE] -> 0x0050
[1162] [M]: 0x00000000800010AC (0x00500513) addi a0, zero, 5
x10 <- 0x0000000000000005
mem[X,0x00000000800010B0] -> 0x996D
[1163] [M]: 0x00000000800010B0 (0x996D) c.andi a0, 59
x10 <- 0x0000000000000001
mem[X,0x00000000800010B2] -> 0xB023
mem[X,0x00000000800010B4] -> 0x5AA0
[1164] [M]: 0x00000000800010B2 (0x5AA0B023) sd a0, 1440(ra)
mem[0x00000000800066B8] <- 0x0000000000000001
mem[X,0x00000000800010B6] -> 0x0513
mem[X,0x00000000800010B8] -> 0x0050
[1165] [M]: 0x00000000800010B6 (0x00500513) addi a0, zero, 5
x10 <- 0x0000000000000005
mem[X,0x00000000800010BA] -> 0x8909
[1166] [M]: 0x00000000800010BA (0x8909) c.andi a0, 2
x10 <- 0x0000000000000000
mem[X,0x00000000800010BC] -> 0xB423
mem[X,0x00000000800010BE] -> 0x5AA0
[1167] [M]: 0x00000000800010BC (0x5AA0B423) sd a0, 1448(ra)
mem[0x00000000800066C0] <- 0x0000000000000000
mem[X,0x00000000800010C0] -> 0x0513
mem[X,0x00000000800010C2] -> 0x0050
[1168] [M]: 0x00000000800010C0 (0x00500513) addi a0, zero, 5
x10 <- 0x0000000000000005
mem[X,0x00000000800010C4] -> 0x8911
[1169] [M]: 0x00000000800010C4 (0x8911) c.andi a0, 4
x10 <- 0x0000000000000004
mem[X,0x00000000800010C6] -> 0xB823
mem[X,0x00000000800010C8] -> 0x5AA0
[1170] [M]: 0x00000000800010C6 (0x5AA0B823) sd a0, 1456(ra)
mem[0x00000000800066C8] <- 0x0000000000000004
mem[X,0x00000000800010CA] -> 0x0513
mem[X,0x00000000800010CC] -> 0x0050
[1171] [M]: 0x00000000800010CA (0x00500513) addi a0, zero, 5
x10 <- 0x0000000000000005
mem[X,0x00000000800010CE] -> 0x8925
[1172] [M]: 0x00000000800010CE (0x8925) c.andi a0, 9
x10 <- 0x0000000000000001
mem[X,0x00000000800010D0] -> 0xBC23
mem[X,0x00000000800010D2] -> 0x5AA0
[1173] [M]: 0x00000000800010D0 (0x5AA0BC23) sd a0, 1464(ra)
mem[0x00000000800066D0] <- 0x0000000000000001
mem[X,0x00000000800010D4] -> 0x0513
mem[X,0x00000000800010D6] -> 0x0050
[1174] [M]: 0x00000000800010D4 (0x00500513) addi a0, zero, 5
x10 <- 0x0000000000000005
mem[X,0x00000000800010D8] -> 0x8901
[1175] [M]: 0x00000000800010D8 (0x8901) c.andi a0, 0
x10 <- 0x0000000000000000
mem[X,0x00000000800010DA] -> 0xB023
mem[X,0x00000000800010DC] -> 0x5CA0
[1176] [M]: 0x00000000800010DA (0x5CA0B023) sd a0, 1472(ra)
mem[0x00000000800066D8] <- 0x0000000000000000
mem[X,0x00000000800010DE] -> 0x0513
mem[X,0x00000000800010E0] -> 0x0050
[1177] [M]: 0x00000000800010DE (0x00500513) addi a0, zero, 5
x10 <- 0x0000000000000005
mem[X,0x00000000800010E2] -> 0x892D
[1178] [M]: 0x00000000800010E2 (0x892D) c.andi a0, 11
x10 <- 0x0000000000000001
mem[X,0x00000000800010E4] -> 0xB423
mem[X,0x00000000800010E6] -> 0x5CA0
[1179] [M]: 0x00000000800010E4 (0x5CA0B423) sd a0, 1480(ra)
mem[0x00000000800066E0] <- 0x0000000000000001
mem[X,0x00000000800010E8] -> 0x0513
mem[X,0x00000000800010EA] -> 0x0050
[1180] [M]: 0x00000000800010E8 (0x00500513) addi a0, zero, 5
x10 <- 0x0000000000000005
mem[X,0x00000000800010EC] -> 0x891D
[1181] [M]: 0x00000000800010EC (0x891D) c.andi a0, 7
x10 <- 0x0000000000000005
mem[X,0x00000000800010EE] -> 0xB823
mem[X,0x00000000800010F0] -> 0x5CA0
[1182] [M]: 0x00000000800010EE (0x5CA0B823) sd a0, 1488(ra)
mem[0x00000000800066E8] <- 0x0000000000000005
mem[X,0x00000000800010F2] -> 0x0513
mem[X,0x00000000800010F4] -> 0x0050
[1183] [M]: 0x00000000800010F2 (0x00500513) addi a0, zero, 5
x10 <- 0x0000000000000005
mem[X,0x00000000800010F6] -> 0x997D
[1184] [M]: 0x00000000800010F6 (0x997D) c.andi a0, 63
x10 <- 0x0000000000000005
mem[X,0x00000000800010F8] -> 0xBC23
mem[X,0x00000000800010FA] -> 0x5CA0
[1185] [M]: 0x00000000800010F8 (0x5CA0BC23) sd a0, 1496(ra)
mem[0x00000000800066F0] <- 0x0000000000000005
mem[X,0x00000000800010FC] -> 0x0513
mem[X,0x00000000800010FE] -> 0x0050
[1186] [M]: 0x00000000800010FC (0x00500513) addi a0, zero, 5
x10 <- 0x0000000000000005
mem[X,0x0000000080001100] -> 0x9971
[1187] [M]: 0x0000000080001100 (0x9971) c.andi a0, 60
x10 <- 0x0000000000000004
mem[X,0x0000000080001102] -> 0xB023
mem[X,0x0000000080001104] -> 0x5EA0
[1188] [M]: 0x0000000080001102 (0x5EA0B023) sd a0, 1504(ra)
mem[0x00000000800066F8] <- 0x0000000000000004
mem[X,0x0000000080001106] -> 0x3537
mem[X,0x0000000080001108] -> 0x3333
[1189] [M]: 0x0000000080001106 (0x33333537) lui a0, 209715
x10 <- 0x0000000033333000
mem[X,0x000000008000110A] -> 0x0513
mem[X,0x000000008000110C] -> 0x3335
[1190] [M]: 0x000000008000110A (0x33350513) addi a0, a0, 819
x10 <- 0x0000000033333333
mem[X,0x000000008000110E] -> 0x1513
mem[X,0x0000000080001110] -> 0x00B5
[1191] [M]: 0x000000008000110E (0x00B51513) slli a0, a0, 11
x10 <- 0x0000019999999800
mem[X,0x0000000080001112] -> 0x0513
mem[X,0x0000000080001114] -> 0x1995
[1192] [M]: 0x0000000080001112 (0x19950513) addi a0, a0, 409
x10 <- 0x0000019999999999
mem[X,0x0000000080001116] -> 0x1513
mem[X,0x0000000080001118] -> 0x00B5
[1193] [M]: 0x0000000080001116 (0x00B51513) slli a0, a0, 11
x10 <- 0x000CCCCCCCCCC800
mem[X,0x000000008000111A] -> 0x0513
mem[X,0x000000008000111C] -> 0x4CC5
[1194] [M]: 0x000000008000111A (0x4CC50513) addi a0, a0, 1228
x10 <- 0x000CCCCCCCCCCCCC
mem[X,0x000000008000111E] -> 0x1513
mem[X,0x0000000080001120] -> 0x00A5
[1195] [M]: 0x000000008000111E (0x00A51513) slli a0, a0, 10
x10 <- 0x3333333333333000
mem[X,0x0000000080001122] -> 0x0513
mem[X,0x0000000080001124] -> 0x3335
[1196] [M]: 0x0000000080001122 (0x33350513) addi a0, a0, 819
x10 <- 0x3333333333333333
mem[X,0x0000000080001126] -> 0x890D
[1197] [M]: 0x0000000080001126 (0x890D) c.andi a0, 3
x10 <- 0x0000000000000003
mem[X,0x0000000080001128] -> 0xB423
mem[X,0x000000008000112A] -> 0x5EA0
[1198] [M]: 0x0000000080001128 (0x5EA0B423) sd a0, 1512(ra)
mem[0x0000000080006700] <- 0x0000000000000003
mem[X,0x000000008000112C] -> 0x3537
mem[X,0x000000008000112E] -> 0x3333
[1199] [M]: 0x000000008000112C (0x33333537) lui a0, 209715
x10 <- 0x0000000033333000
clint::tick mtime <- 0x000000000000000C
 clint timer pending at mtime 0x000000000000000C
htif::tick 0x0000000000000000
mem[X,0x0000000080001130] -> 0x0513
mem[X,0x0000000080001132] -> 0x3335
[1200] [M]: 0x0000000080001130 (0x33350513) addi a0, a0, 819
x10 <- 0x0000000033333333
mem[X,0x0000000080001134] -> 0x1513
mem[X,0x0000000080001136] -> 0x00B5
[1201] [M]: 0x0000000080001134 (0x00B51513) slli a0, a0, 11
x10 <- 0x0000019999999800
mem[X,0x0000000080001138] -> 0x0513
mem[X,0x000000008000113A] -> 0x1995
[1202] [M]: 0x0000000080001138 (0x19950513) addi a0, a0, 409
x10 <- 0x0000019999999999
mem[X,0x000000008000113C] -> 0x1513
mem[X,0x000000008000113E] -> 0x00B5
[1203] [M]: 0x000000008000113C (0x00B51513) slli a0, a0, 11
x10 <- 0x000CCCCCCCCCC800
mem[X,0x0000000080001140] -> 0x0513
mem[X,0x0000000080001142] -> 0x4CC5
[1204] [M]: 0x0000000080001140 (0x4CC50513) addi a0, a0, 1228
x10 <- 0x000CCCCCCCCCCCCC
mem[X,0x0000000080001144] -> 0x1513
mem[X,0x0000000080001146] -> 0x00A5
[1205] [M]: 0x0000000080001144 (0x00A51513) slli a0, a0, 10
x10 <- 0x3333333333333000
mem[X,0x0000000080001148] -> 0x0513
mem[X,0x000000008000114A] -> 0x3335
[1206] [M]: 0x0000000080001148 (0x33350513) addi a0, a0, 819
x10 <- 0x3333333333333333
mem[X,0x000000008000114C] -> 0x8915
[1207] [M]: 0x000000008000114C (0x8915) c.andi a0, 5
x10 <- 0x0000000000000001
mem[X,0x000000008000114E] -> 0xB823
mem[X,0x0000000080001150] -> 0x5EA0
[1208] [M]: 0x000000008000114E (0x5EA0B823) sd a0, 1520(ra)
mem[0x0000000080006708] <- 0x0000000000000001
mem[X,0x0000000080001152] -> 0x3537
mem[X,0x0000000080001154] -> 0x3333
[1209] [M]: 0x0000000080001152 (0x33333537) lui a0, 209715
x10 <- 0x0000000033333000
mem[X,0x0000000080001156] -> 0x0513
mem[X,0x0000000080001158] -> 0x3335
[1210] [M]: 0x0000000080001156 (0x33350513) addi a0, a0, 819
x10 <- 0x0000000033333333
mem[X,0x000000008000115A] -> 0x1513
mem[X,0x000000008000115C] -> 0x00B5
[1211] [M]: 0x000000008000115A (0x00B51513) slli a0, a0, 11
x10 <- 0x0000019999999800
mem[X,0x000000008000115E] -> 0x0513
mem[X,0x0000000080001160] -> 0x1995
[1212] [M]: 0x000000008000115E (0x19950513) addi a0, a0, 409
x10 <- 0x0000019999999999
mem[X,0x0000000080001162] -> 0x1513
mem[X,0x0000000080001164] -> 0x00B5
[1213] [M]: 0x0000000080001162 (0x00B51513) slli a0, a0, 11
x10 <- 0x000CCCCCCCCCC800
mem[X,0x0000000080001166] -> 0x0513
mem[X,0x0000000080001168] -> 0x4CC5
[1214] [M]: 0x0000000080001166 (0x4CC50513) addi a0, a0, 1228
x10 <- 0x000CCCCCCCCCCCCC
mem[X,0x000000008000116A] -> 0x1513
mem[X,0x000000008000116C] -> 0x00A5
[1215] [M]: 0x000000008000116A (0x00A51513) slli a0, a0, 10
x10 <- 0x3333333333333000
mem[X,0x000000008000116E] -> 0x0513
mem[X,0x0000000080001170] -> 0x3335
[1216] [M]: 0x000000008000116E (0x33350513) addi a0, a0, 819
x10 <- 0x3333333333333333
mem[X,0x0000000080001172] -> 0x8929
[1217] [M]: 0x0000000080001172 (0x8929) c.andi a0, 10
x10 <- 0x0000000000000002
mem[X,0x0000000080001174] -> 0xBC23
mem[X,0x0000000080001176] -> 0x5EA0
[1218] [M]: 0x0000000080001174 (0x5EA0BC23) sd a0, 1528(ra)
mem[0x0000000080006710] <- 0x0000000000000002
mem[X,0x0000000080001178] -> 0x3537
mem[X,0x000000008000117A] -> 0x3333
[1219] [M]: 0x0000000080001178 (0x33333537) lui a0, 209715
x10 <- 0x0000000033333000
mem[X,0x000000008000117C] -> 0x0513
mem[X,0x000000008000117E] -> 0x3335
[1220] [M]: 0x000000008000117C (0x33350513) addi a0, a0, 819
x10 <- 0x0000000033333333
mem[X,0x0000000080001180] -> 0x1513
mem[X,0x0000000080001182] -> 0x00B5
[1221] [M]: 0x0000000080001180 (0x00B51513) slli a0, a0, 11
x10 <- 0x0000019999999800
mem[X,0x0000000080001184] -> 0x0513
mem[X,0x0000000080001186] -> 0x1995
[1222] [M]: 0x0000000080001184 (0x19950513) addi a0, a0, 409
x10 <- 0x0000019999999999
mem[X,0x0000000080001188] -> 0x1513
mem[X,0x000000008000118A] -> 0x00B5
[1223] [M]: 0x0000000080001188 (0x00B51513) slli a0, a0, 11
x10 <- 0x000CCCCCCCCCC800
mem[X,0x000000008000118C] -> 0x0513
mem[X,0x000000008000118E] -> 0x4CC5
[1224] [M]: 0x000000008000118C (0x4CC50513) addi a0, a0, 1228
x10 <- 0x000CCCCCCCCCCCCC
mem[X,0x0000000080001190] -> 0x1513
mem[X,0x0000000080001192] -> 0x00A5
[1225] [M]: 0x0000000080001190 (0x00A51513) slli a0, a0, 10
x10 <- 0x3333333333333000
mem[X,0x0000000080001194] -> 0x0513
mem[X,0x0000000080001196] -> 0x3335
[1226] [M]: 0x0000000080001194 (0x33350513) addi a0, a0, 819
x10 <- 0x3333333333333333
mem[X,0x0000000080001198] -> 0x8919
[1227] [M]: 0x0000000080001198 (0x8919) c.andi a0, 6
x10 <- 0x0000000000000002
mem[X,0x000000008000119A] -> 0xB023
mem[X,0x000000008000119C] -> 0x60A0
[1228] [M]: 0x000000008000119A (0x60A0B023) sd a0, 1536(ra)
mem[0x0000000080006718] <- 0x0000000000000002
mem[X,0x000000008000119E] -> 0x3537
mem[X,0x00000000800011A0] -> 0x3333
[1229] [M]: 0x000000008000119E (0x33333537) lui a0, 209715
x10 <- 0x0000000033333000
mem[X,0x00000000800011A2] -> 0x0513
mem[X,0x00000000800011A4] -> 0x3335
[1230] [M]: 0x00000000800011A2 (0x33350513) addi a0, a0, 819
x10 <- 0x0000000033333333
mem[X,0x00000000800011A6] -> 0x1513
mem[X,0x00000000800011A8] -> 0x00B5
[1231] [M]: 0x00000000800011A6 (0x00B51513) slli a0, a0, 11
x10 <- 0x0000019999999800
mem[X,0x00000000800011AA] -> 0x0513
mem[X,0x00000000800011AC] -> 0x1995
[1232] [M]: 0x00000000800011AA (0x19950513) addi a0, a0, 409
x10 <- 0x0000019999999999
mem[X,0x00000000800011AE] -> 0x1513
mem[X,0x00000000800011B0] -> 0x00B5
[1233] [M]: 0x00000000800011AE (0x00B51513) slli a0, a0, 11
x10 <- 0x000CCCCCCCCCC800
mem[X,0x00000000800011B2] -> 0x0513
mem[X,0x00000000800011B4] -> 0x4CC5
[1234] [M]: 0x00000000800011B2 (0x4CC50513) addi a0, a0, 1228
x10 <- 0x000CCCCCCCCCCCCC
mem[X,0x00000000800011B6] -> 0x1513
mem[X,0x00000000800011B8] -> 0x00A5
[1235] [M]: 0x00000000800011B6 (0x00A51513) slli a0, a0, 10
x10 <- 0x3333333333333000
mem[X,0x00000000800011BA] -> 0x0513
mem[X,0x00000000800011BC] -> 0x3335
[1236] [M]: 0x00000000800011BA (0x33350513) addi a0, a0, 819
x10 <- 0x3333333333333333
mem[X,0x00000000800011BE] -> 0x9979
[1237] [M]: 0x00000000800011BE (0x9979) c.andi a0, 62
x10 <- 0x3333333333333332
mem[X,0x00000000800011C0] -> 0xB423
mem[X,0x00000000800011C2] -> 0x60A0
[1238] [M]: 0x00000000800011C0 (0x60A0B423) sd a0, 1544(ra)
mem[0x0000000080006720] <- 0x3333333333333332
mem[X,0x00000000800011C4] -> 0x3537
mem[X,0x00000000800011C6] -> 0x3333
[1239] [M]: 0x00000000800011C4 (0x33333537) lui a0, 209715
x10 <- 0x0000000033333000
mem[X,0x00000000800011C8] -> 0x0513
mem[X,0x00000000800011CA] -> 0x3335
[1240] [M]: 0x00000000800011C8 (0x33350513) addi a0, a0, 819
x10 <- 0x0000000033333333
mem[X,0x00000000800011CC] -> 0x1513
mem[X,0x00000000800011CE] -> 0x00B5
[1241] [M]: 0x00000000800011CC (0x00B51513) slli a0, a0, 11
x10 <- 0x0000019999999800
mem[X,0x00000000800011D0] -> 0x0513
mem[X,0x00000000800011D2] -> 0x1995
[1242] [M]: 0x00000000800011D0 (0x19950513) addi a0, a0, 409
x10 <- 0x0000019999999999
mem[X,0x00000000800011D4] -> 0x1513
mem[X,0x00000000800011D6] -> 0x00B5
[1243] [M]: 0x00000000800011D4 (0x00B51513) slli a0, a0, 11
x10 <- 0x000CCCCCCCCCC800
mem[X,0x00000000800011D8] -> 0x0513
mem[X,0x00000000800011DA] -> 0x4CC5
[1244] [M]: 0x00000000800011D8 (0x4CC50513) addi a0, a0, 1228
x10 <- 0x000CCCCCCCCCCCCC
mem[X,0x00000000800011DC] -> 0x1513
mem[X,0x00000000800011DE] -> 0x00A5
[1245] [M]: 0x00000000800011DC (0x00A51513) slli a0, a0, 10
x10 <- 0x3333333333333000
mem[X,0x00000000800011E0] -> 0x0513
mem[X,0x00000000800011E2] -> 0x3335
[1246] [M]: 0x00000000800011E0 (0x33350513) addi a0, a0, 819
x10 <- 0x3333333333333333
mem[X,0x00000000800011E4] -> 0x996D
[1247] [M]: 0x00000000800011E4 (0x996D) c.andi a0, 59
x10 <- 0x3333333333333333
mem[X,0x00000000800011E6] -> 0xB823
mem[X,0x00000000800011E8] -> 0x60A0
[1248] [M]: 0x00000000800011E6 (0x60A0B823) sd a0, 1552(ra)
mem[0x0000000080006728] <- 0x3333333333333333
mem[X,0x00000000800011EA] -> 0x3537
mem[X,0x00000000800011EC] -> 0x3333
[1249] [M]: 0x00000000800011EA (0x33333537) lui a0, 209715
x10 <- 0x0000000033333000
mem[X,0x00000000800011EE] -> 0x0513
mem[X,0x00000000800011F0] -> 0x3335
[1250] [M]: 0x00000000800011EE (0x33350513) addi a0, a0, 819
x10 <- 0x0000000033333333
mem[X,0x00000000800011F2] -> 0x1513
mem[X,0x00000000800011F4] -> 0x00B5
[1251] [M]: 0x00000000800011F2 (0x00B51513) slli a0, a0, 11
x10 <- 0x0000019999999800
mem[X,0x00000000800011F6] -> 0x0513
mem[X,0x00000000800011F8] -> 0x1995
[1252] [M]: 0x00000000800011F6 (0x19950513) addi a0, a0, 409
x10 <- 0x0000019999999999
mem[X,0x00000000800011FA] -> 0x1513
mem[X,0x00000000800011FC] -> 0x00B5
[1253] [M]: 0x00000000800011FA (0x00B51513) slli a0, a0, 11
x10 <- 0x000CCCCCCCCCC800
mem[X,0x00000000800011FE] -> 0x0513
mem[X,0x0000000080001200] -> 0x4CC5
[1254] [M]: 0x00000000800011FE (0x4CC50513) addi a0, a0, 1228
x10 <- 0x000CCCCCCCCCCCCC
mem[X,0x0000000080001202] -> 0x1513
mem[X,0x0000000080001204] -> 0x00A5
[1255] [M]: 0x0000000080001202 (0x00A51513) slli a0, a0, 10
x10 <- 0x3333333333333000
mem[X,0x0000000080001206] -> 0x0513
mem[X,0x0000000080001208] -> 0x3335
[1256] [M]: 0x0000000080001206 (0x33350513) addi a0, a0, 819
x10 <- 0x3333333333333333
mem[X,0x000000008000120A] -> 0x8909
[1257] [M]: 0x000000008000120A (0x8909) c.andi a0, 2
x10 <- 0x0000000000000002
mem[X,0x000000008000120C] -> 0xBC23
mem[X,0x000000008000120E] -> 0x60A0
[1258] [M]: 0x000000008000120C (0x60A0BC23) sd a0, 1560(ra)
mem[0x0000000080006730] <- 0x0000000000000002
mem[X,0x0000000080001210] -> 0x3537
mem[X,0x0000000080001212] -> 0x3333
[1259] [M]: 0x0000000080001210 (0x33333537) lui a0, 209715
x10 <- 0x0000000033333000
mem[X,0x0000000080001214] -> 0x0513
mem[X,0x0000000080001216] -> 0x3335
[1260] [M]: 0x0000000080001214 (0x33350513) addi a0, a0, 819
x10 <- 0x0000000033333333
mem[X,0x0000000080001218] -> 0x1513
mem[X,0x000000008000121A] -> 0x00B5
[1261] [M]: 0x0000000080001218 (0x00B51513) slli a0, a0, 11
x10 <- 0x0000019999999800
mem[X,0x000000008000121C] -> 0x0513
mem[X,0x000000008000121E] -> 0x1995
[1262] [M]: 0x000000008000121C (0x19950513) addi a0, a0, 409
x10 <- 0x0000019999999999
mem[X,0x0000000080001220] -> 0x1513
mem[X,0x0000000080001222] -> 0x00B5
[1263] [M]: 0x0000000080001220 (0x00B51513) slli a0, a0, 11
x10 <- 0x000CCCCCCCCCC800
mem[X,0x0000000080001224] -> 0x0513
mem[X,0x0000000080001226] -> 0x4CC5
[1264] [M]: 0x0000000080001224 (0x4CC50513) addi a0, a0, 1228
x10 <- 0x000CCCCCCCCCCCCC
mem[X,0x0000000080001228] -> 0x1513
mem[X,0x000000008000122A] -> 0x00A5
[1265] [M]: 0x0000000080001228 (0x00A51513) slli a0, a0, 10
x10 <- 0x3333333333333000
mem[X,0x000000008000122C] -> 0x0513
mem[X,0x000000008000122E] -> 0x3335
[1266] [M]: 0x000000008000122C (0x33350513) addi a0, a0, 819
x10 <- 0x3333333333333333
mem[X,0x0000000080001230] -> 0x8911
[1267] [M]: 0x0000000080001230 (0x8911) c.andi a0, 4
x10 <- 0x0000000000000000
mem[X,0x0000000080001232] -> 0xB023
mem[X,0x0000000080001234] -> 0x62A0
[1268] [M]: 0x0000000080001232 (0x62A0B023) sd a0, 1568(ra)
mem[0x0000000080006738] <- 0x0000000000000000
mem[X,0x0000000080001236] -> 0x3537
mem[X,0x0000000080001238] -> 0x3333
[1269] [M]: 0x0000000080001236 (0x33333537) lui a0, 209715
x10 <- 0x0000000033333000
mem[X,0x000000008000123A] -> 0x0513
mem[X,0x000000008000123C] -> 0x3335
[1270] [M]: 0x000000008000123A (0x33350513) addi a0, a0, 819
x10 <- 0x0000000033333333
mem[X,0x000000008000123E] -> 0x1513
mem[X,0x0000000080001240] -> 0x00B5
[1271] [M]: 0x000000008000123E (0x00B51513) slli a0, a0, 11
x10 <- 0x0000019999999800
mem[X,0x0000000080001242] -> 0x0513
mem[X,0x0000000080001244] -> 0x1995
[1272] [M]: 0x0000000080001242 (0x19950513) addi a0, a0, 409
x10 <- 0x0000019999999999
mem[X,0x0000000080001246] -> 0x1513
mem[X,0x0000000080001248] -> 0x00B5
[1273] [M]: 0x0000000080001246 (0x00B51513) slli a0, a0, 11
x10 <- 0x000CCCCCCCCCC800
mem[X,0x000000008000124A] -> 0x0513
mem[X,0x000000008000124C] -> 0x4CC5
[1274] [M]: 0x000000008000124A (0x4CC50513) addi a0, a0, 1228
x10 <- 0x000CCCCCCCCCCCCC
mem[X,0x000000008000124E] -> 0x1513
mem[X,0x0000000080001250] -> 0x00A5
[1275] [M]: 0x000000008000124E (0x00A51513) slli a0, a0, 10
x10 <- 0x3333333333333000
mem[X,0x0000000080001252] -> 0x0513
mem[X,0x0000000080001254] -> 0x3335
[1276] [M]: 0x0000000080001252 (0x33350513) addi a0, a0, 819
x10 <- 0x3333333333333333
mem[X,0x0000000080001256] -> 0x8925
[1277] [M]: 0x0000000080001256 (0x8925) c.andi a0, 9
x10 <- 0x0000000000000001
mem[X,0x0000000080001258] -> 0xB423
mem[X,0x000000008000125A] -> 0x62A0
[1278] [M]: 0x0000000080001258 (0x62A0B423) sd a0, 1576(ra)
mem[0x0000000080006740] <- 0x0000000000000001
mem[X,0x000000008000125C] -> 0x3537
mem[X,0x000000008000125E] -> 0x3333
[1279] [M]: 0x000000008000125C (0x33333537) lui a0, 209715
x10 <- 0x0000000033333000
mem[X,0x0000000080001260] -> 0x0513
mem[X,0x0000000080001262] -> 0x3335
[1280] [M]: 0x0000000080001260 (0x33350513) addi a0, a0, 819
x10 <- 0x0000000033333333
mem[X,0x0000000080001264] -> 0x1513
mem[X,0x0000000080001266] -> 0x00B5
[1281] [M]: 0x0000000080001264 (0x00B51513) slli a0, a0, 11
x10 <- 0x0000019999999800
mem[X,0x0000000080001268] -> 0x0513
mem[X,0x000000008000126A] -> 0x1995
[1282] [M]: 0x0000000080001268 (0x19950513) addi a0, a0, 409
x10 <- 0x0000019999999999
mem[X,0x000000008000126C] -> 0x1513
mem[X,0x000000008000126E] -> 0x00B5
[1283] [M]: 0x000000008000126C (0x00B51513) slli a0, a0, 11
x10 <- 0x000CCCCCCCCCC800
mem[X,0x0000000080001270] -> 0x0513
mem[X,0x0000000080001272] -> 0x4CC5
[1284] [M]: 0x0000000080001270 (0x4CC50513) addi a0, a0, 1228
x10 <- 0x000CCCCCCCCCCCCC
mem[X,0x0000000080001274] -> 0x1513
mem[X,0x0000000080001276] -> 0x00A5
[1285] [M]: 0x0000000080001274 (0x00A51513) slli a0, a0, 10
x10 <- 0x3333333333333000
mem[X,0x0000000080001278] -> 0x0513
mem[X,0x000000008000127A] -> 0x3335
[1286] [M]: 0x0000000080001278 (0x33350513) addi a0, a0, 819
x10 <- 0x3333333333333333
mem[X,0x000000008000127C] -> 0x8901
[1287] [M]: 0x000000008000127C (0x8901) c.andi a0, 0
x10 <- 0x0000000000000000
mem[X,0x000000008000127E] -> 0xB823
mem[X,0x0000000080001280] -> 0x62A0
[1288] [M]: 0x000000008000127E (0x62A0B823) sd a0, 1584(ra)
mem[0x0000000080006748] <- 0x0000000000000000
mem[X,0x0000000080001282] -> 0x3537
mem[X,0x0000000080001284] -> 0x3333
[1289] [M]: 0x0000000080001282 (0x33333537) lui a0, 209715
x10 <- 0x0000000033333000
mem[X,0x0000000080001286] -> 0x0513
mem[X,0x0000000080001288] -> 0x3335
[1290] [M]: 0x0000000080001286 (0x33350513) addi a0, a0, 819
x10 <- 0x0000000033333333
mem[X,0x000000008000128A] -> 0x1513
mem[X,0x000000008000128C] -> 0x00B5
[1291] [M]: 0x000000008000128A (0x00B51513) slli a0, a0, 11
x10 <- 0x0000019999999800
mem[X,0x000000008000128E] -> 0x0513
mem[X,0x0000000080001290] -> 0x1995
[1292] [M]: 0x000000008000128E (0x19950513) addi a0, a0, 409
x10 <- 0x0000019999999999
mem[X,0x0000000080001292] -> 0x1513
mem[X,0x0000000080001294] -> 0x00B5
[1293] [M]: 0x0000000080001292 (0x00B51513) slli a0, a0, 11
x10 <- 0x000CCCCCCCCCC800
mem[X,0x0000000080001296] -> 0x0513
mem[X,0x0000000080001298] -> 0x4CC5
[1294] [M]: 0x0000000080001296 (0x4CC50513) addi a0, a0, 1228
x10 <- 0x000CCCCCCCCCCCCC
mem[X,0x000000008000129A] -> 0x1513
mem[X,0x000000008000129C] -> 0x00A5
[1295] [M]: 0x000000008000129A (0x00A51513) slli a0, a0, 10
x10 <- 0x3333333333333000
mem[X,0x000000008000129E] -> 0x0513
mem[X,0x00000000800012A0] -> 0x3335
[1296] [M]: 0x000000008000129E (0x33350513) addi a0, a0, 819
x10 <- 0x3333333333333333
mem[X,0x00000000800012A2] -> 0x892D
[1297] [M]: 0x00000000800012A2 (0x892D) c.andi a0, 11
x10 <- 0x0000000000000003
mem[X,0x00000000800012A4] -> 0xBC23
mem[X,0x00000000800012A6] -> 0x62A0
[1298] [M]: 0x00000000800012A4 (0x62A0BC23) sd a0, 1592(ra)
mem[0x0000000080006750] <- 0x0000000000000003
mem[X,0x00000000800012A8] -> 0x3537
mem[X,0x00000000800012AA] -> 0x3333
[1299] [M]: 0x00000000800012A8 (0x33333537) lui a0, 209715
x10 <- 0x0000000033333000
clint::tick mtime <- 0x000000000000000D
 clint timer pending at mtime 0x000000000000000D
htif::tick 0x0000000000000000
mem[X,0x00000000800012AC] -> 0x0513
mem[X,0x00000000800012AE] -> 0x3335
[1300] [M]: 0x00000000800012AC (0x33350513) addi a0, a0, 819
x10 <- 0x0000000033333333
mem[X,0x00000000800012B0] -> 0x1513
mem[X,0x00000000800012B2] -> 0x00B5
[1301] [M]: 0x00000000800012B0 (0x00B51513) slli a0, a0, 11
x10 <- 0x0000019999999800
mem[X,0x00000000800012B4] -> 0x0513
mem[X,0x00000000800012B6] -> 0x1995
[1302] [M]: 0x00000000800012B4 (0x19950513) addi a0, a0, 409
x10 <- 0x0000019999999999
mem[X,0x00000000800012B8] -> 0x1513
mem[X,0x00000000800012BA] -> 0x00B5
[1303] [M]: 0x00000000800012B8 (0x00B51513) slli a0, a0, 11
x10 <- 0x000CCCCCCCCCC800
mem[X,0x00000000800012BC] -> 0x0513
mem[X,0x00000000800012BE] -> 0x4CC5
[1304] [M]: 0x00000000800012BC (0x4CC50513) addi a0, a0, 1228
x10 <- 0x000CCCCCCCCCCCCC
mem[X,0x00000000800012C0] -> 0x1513
mem[X,0x00000000800012C2] -> 0x00A5
[1305] [M]: 0x00000000800012C0 (0x00A51513) slli a0, a0, 10
x10 <- 0x3333333333333000
mem[X,0x00000000800012C4] -> 0x0513
mem[X,0x00000000800012C6] -> 0x3335
[1306] [M]: 0x00000000800012C4 (0x33350513) addi a0, a0, 819
x10 <- 0x3333333333333333
mem[X,0x00000000800012C8] -> 0x891D
[1307] [M]: 0x00000000800012C8 (0x891D) c.andi a0, 7
x10 <- 0x0000000000000003
mem[X,0x00000000800012CA] -> 0xB023
mem[X,0x00000000800012CC] -> 0x64A0
[1308] [M]: 0x00000000800012CA (0x64A0B023) sd a0, 1600(ra)
mem[0x0000000080006758] <- 0x0000000000000003
mem[X,0x00000000800012CE] -> 0x3537
mem[X,0x00000000800012D0] -> 0x3333
[1309] [M]: 0x00000000800012CE (0x33333537) lui a0, 209715
x10 <- 0x0000000033333000
mem[X,0x00000000800012D2] -> 0x0513
mem[X,0x00000000800012D4] -> 0x3335
[1310] [M]: 0x00000000800012D2 (0x33350513) addi a0, a0, 819
x10 <- 0x0000000033333333
mem[X,0x00000000800012D6] -> 0x1513
mem[X,0x00000000800012D8] -> 0x00B5
[1311] [M]: 0x00000000800012D6 (0x00B51513) slli a0, a0, 11
x10 <- 0x0000019999999800
mem[X,0x00000000800012DA] -> 0x0513
mem[X,0x00000000800012DC] -> 0x1995
[1312] [M]: 0x00000000800012DA (0x19950513) addi a0, a0, 409
x10 <- 0x0000019999999999
mem[X,0x00000000800012DE] -> 0x1513
mem[X,0x00000000800012E0] -> 0x00B5
[1313] [M]: 0x00000000800012DE (0x00B51513) slli a0, a0, 11
x10 <- 0x000CCCCCCCCCC800
mem[X,0x00000000800012E2] -> 0x0513
mem[X,0x00000000800012E4] -> 0x4CC5
[1314] [M]: 0x00000000800012E2 (0x4CC50513) addi a0, a0, 1228
x10 <- 0x000CCCCCCCCCCCCC
mem[X,0x00000000800012E6] -> 0x1513
mem[X,0x00000000800012E8] -> 0x00A5
[1315] [M]: 0x00000000800012E6 (0x00A51513) slli a0, a0, 10
x10 <- 0x3333333333333000
mem[X,0x00000000800012EA] -> 0x0513
mem[X,0x00000000800012EC] -> 0x3335
[1316] [M]: 0x00000000800012EA (0x33350513) addi a0, a0, 819
x10 <- 0x3333333333333333
mem[X,0x00000000800012EE] -> 0x997D
[1317] [M]: 0x00000000800012EE (0x997D) c.andi a0, 63
x10 <- 0x3333333333333333
mem[X,0x00000000800012F0] -> 0xB423
mem[X,0x00000000800012F2] -> 0x64A0
[1318] [M]: 0x00000000800012F0 (0x64A0B423) sd a0, 1608(ra)
mem[0x0000000080006760] <- 0x3333333333333333
mem[X,0x00000000800012F4] -> 0x3537
mem[X,0x00000000800012F6] -> 0x3333
[1319] [M]: 0x00000000800012F4 (0x33333537) lui a0, 209715
x10 <- 0x0000000033333000
mem[X,0x00000000800012F8] -> 0x0513
mem[X,0x00000000800012FA] -> 0x3335
[1320] [M]: 0x00000000800012F8 (0x33350513) addi a0, a0, 819
x10 <- 0x0000000033333333
mem[X,0x00000000800012FC] -> 0x1513
mem[X,0x00000000800012FE] -> 0x00B5
[1321] [M]: 0x00000000800012FC (0x00B51513) slli a0, a0, 11
x10 <- 0x0000019999999800
mem[X,0x0000000080001300] -> 0x0513
mem[X,0x0000000080001302] -> 0x1995
[1322] [M]: 0x0000000080001300 (0x19950513) addi a0, a0, 409
x10 <- 0x0000019999999999
mem[X,0x0000000080001304] -> 0x1513
mem[X,0x0000000080001306] -> 0x00B5
[1323] [M]: 0x0000000080001304 (0x00B51513) slli a0, a0, 11
x10 <- 0x000CCCCCCCCCC800
mem[X,0x0000000080001308] -> 0x0513
mem[X,0x000000008000130A] -> 0x4CC5
[1324] [M]: 0x0000000080001308 (0x4CC50513) addi a0, a0, 1228
x10 <- 0x000CCCCCCCCCCCCC
mem[X,0x000000008000130C] -> 0x1513
mem[X,0x000000008000130E] -> 0x00A5
[1325] [M]: 0x000000008000130C (0x00A51513) slli a0, a0, 10
x10 <- 0x3333333333333000
mem[X,0x0000000080001310] -> 0x0513
mem[X,0x0000000080001312] -> 0x3335
[1326] [M]: 0x0000000080001310 (0x33350513) addi a0, a0, 819
x10 <- 0x3333333333333333
mem[X,0x0000000080001314] -> 0x9971
[1327] [M]: 0x0000000080001314 (0x9971) c.andi a0, 60
x10 <- 0x3333333333333330
mem[X,0x0000000080001316] -> 0xB823
mem[X,0x0000000080001318] -> 0x64A0
[1328] [M]: 0x0000000080001316 (0x64A0B823) sd a0, 1616(ra)
mem[0x0000000080006768] <- 0x3333333333333330
mem[X,0x000000008000131A] -> 0x6537
mem[X,0x000000008000131C] -> 0x6666
[1329] [M]: 0x000000008000131A (0x66666537) lui a0, 419430
x10 <- 0x0000000066666000
mem[X,0x000000008000131E] -> 0x0513
mem[X,0x0000000080001320] -> 0x6665
[1330] [M]: 0x000000008000131E (0x66650513) addi a0, a0, 1638
x10 <- 0x0000000066666666
mem[X,0x0000000080001322] -> 0x1513
mem[X,0x0000000080001324] -> 0x00B5
[1331] [M]: 0x0000000080001322 (0x00B51513) slli a0, a0, 11
x10 <- 0x0000033333333000
mem[X,0x0000000080001326] -> 0x0513
mem[X,0x0000000080001328] -> 0x3335
[1332] [M]: 0x0000000080001326 (0x33350513) addi a0, a0, 819
x10 <- 0x0000033333333333
mem[X,0x000000008000132A] -> 0x1513
mem[X,0x000000008000132C] -> 0x00B5
[1333] [M]: 0x000000008000132A (0x00B51513) slli a0, a0, 11
x10 <- 0x0019999999999800
mem[X,0x000000008000132E] -> 0x0513
mem[X,0x0000000080001330] -> 0x1995
[1334] [M]: 0x000000008000132E (0x19950513) addi a0, a0, 409
x10 <- 0x0019999999999999
mem[X,0x0000000080001332] -> 0x1513
mem[X,0x0000000080001334] -> 0x00A5
[1335] [M]: 0x0000000080001332 (0x00A51513) slli a0, a0, 10
x10 <- 0x6666666666666400
mem[X,0x0000000080001336] -> 0x0513
mem[X,0x0000000080001338] -> 0x2665
[1336] [M]: 0x0000000080001336 (0x26650513) addi a0, a0, 614
x10 <- 0x6666666666666666
mem[X,0x000000008000133A] -> 0x890D
[1337] [M]: 0x000000008000133A (0x890D) c.andi a0, 3
x10 <- 0x0000000000000002
mem[X,0x000000008000133C] -> 0xBC23
mem[X,0x000000008000133E] -> 0x64A0
[1338] [M]: 0x000000008000133C (0x64A0BC23) sd a0, 1624(ra)
mem[0x0000000080006770] <- 0x0000000000000002
mem[X,0x0000000080001340] -> 0x6537
mem[X,0x0000000080001342] -> 0x6666
[1339] [M]: 0x0000000080001340 (0x66666537) lui a0, 419430
x10 <- 0x0000000066666000
mem[X,0x0000000080001344] -> 0x0513
mem[X,0x0000000080001346] -> 0x6665
[1340] [M]: 0x0000000080001344 (0x66650513) addi a0, a0, 1638
x10 <- 0x0000000066666666
mem[X,0x0000000080001348] -> 0x1513
mem[X,0x000000008000134A] -> 0x00B5
[1341] [M]: 0x0000000080001348 (0x00B51513) slli a0, a0, 11
x10 <- 0x0000033333333000
mem[X,0x000000008000134C] -> 0x0513
mem[X,0x000000008000134E] -> 0x3335
[1342] [M]: 0x000000008000134C (0x33350513) addi a0, a0, 819
x10 <- 0x0000033333333333
mem[X,0x0000000080001350] -> 0x1513
mem[X,0x0000000080001352] -> 0x00B5
[1343] [M]: 0x0000000080001350 (0x00B51513) slli a0, a0, 11
x10 <- 0x0019999999999800
mem[X,0x0000000080001354] -> 0x0513
mem[X,0x0000000080001356] -> 0x1995
[1344] [M]: 0x0000000080001354 (0x19950513) addi a0, a0, 409
x10 <- 0x0019999999999999
mem[X,0x0000000080001358] -> 0x1513
mem[X,0x000000008000135A] -> 0x00A5
[1345] [M]: 0x0000000080001358 (0x00A51513) slli a0, a0, 10
x10 <- 0x6666666666666400
mem[X,0x000000008000135C] -> 0x0513
mem[X,0x000000008000135E] -> 0x2665
[1346] [M]: 0x000000008000135C (0x26650513) addi a0, a0, 614
x10 <- 0x6666666666666666
mem[X,0x0000000080001360] -> 0x8915
[1347] [M]: 0x0000000080001360 (0x8915) c.andi a0, 5
x10 <- 0x0000000000000004
mem[X,0x0000000080001362] -> 0xB023
mem[X,0x0000000080001364] -> 0x66A0
[1348] [M]: 0x0000000080001362 (0x66A0B023) sd a0, 1632(ra)
mem[0x0000000080006778] <- 0x0000000000000004
mem[X,0x0000000080001366] -> 0x6537
mem[X,0x0000000080001368] -> 0x6666
[1349] [M]: 0x0000000080001366 (0x66666537) lui a0, 419430
x10 <- 0x0000000066666000
mem[X,0x000000008000136A] -> 0x0513
mem[X,0x000000008000136C] -> 0x6665
[1350] [M]: 0x000000008000136A (0x66650513) addi a0, a0, 1638
x10 <- 0x0000000066666666
mem[X,0x000000008000136E] -> 0x1513
mem[X,0x0000000080001370] -> 0x00B5
[1351] [M]: 0x000000008000136E (0x00B51513) slli a0, a0, 11
x10 <- 0x0000033333333000
mem[X,0x0000000080001372] -> 0x0513
mem[X,0x0000000080001374] -> 0x3335
[1352] [M]: 0x0000000080001372 (0x33350513) addi a0, a0, 819
x10 <- 0x0000033333333333
mem[X,0x0000000080001376] -> 0x1513
mem[X,0x0000000080001378] -> 0x00B5
[1353] [M]: 0x0000000080001376 (0x00B51513) slli a0, a0, 11
x10 <- 0x0019999999999800
mem[X,0x000000008000137A] -> 0x0513
mem[X,0x000000008000137C] -> 0x1995
[1354] [M]: 0x000000008000137A (0x19950513) addi a0, a0, 409
x10 <- 0x0019999999999999
mem[X,0x000000008000137E] -> 0x1513
mem[X,0x0000000080001380] -> 0x00A5
[1355] [M]: 0x000000008000137E (0x00A51513) slli a0, a0, 10
x10 <- 0x6666666666666400
mem[X,0x0000000080001382] -> 0x0513
mem[X,0x0000000080001384] -> 0x2665
[1356] [M]: 0x0000000080001382 (0x26650513) addi a0, a0, 614
x10 <- 0x6666666666666666
mem[X,0x0000000080001386] -> 0x8929
[1357] [M]: 0x0000000080001386 (0x8929) c.andi a0, 10
x10 <- 0x0000000000000002
mem[X,0x0000000080001388] -> 0xB423
mem[X,0x000000008000138A] -> 0x66A0
[1358] [M]: 0x0000000080001388 (0x66A0B423) sd a0, 1640(ra)
mem[0x0000000080006780] <- 0x0000000000000002
mem[X,0x000000008000138C] -> 0x6537
mem[X,0x000000008000138E] -> 0x6666
[1359] [M]: 0x000000008000138C (0x66666537) lui a0, 419430
x10 <- 0x0000000066666000
mem[X,0x0000000080001390] -> 0x0513
mem[X,0x0000000080001392] -> 0x6665
[1360] [M]: 0x0000000080001390 (0x66650513) addi a0, a0, 1638
x10 <- 0x0000000066666666
mem[X,0x0000000080001394] -> 0x1513
mem[X,0x0000000080001396] -> 0x00B5
[1361] [M]: 0x0000000080001394 (0x00B51513) slli a0, a0, 11
x10 <- 0x0000033333333000
mem[X,0x0000000080001398] -> 0x0513
mem[X,0x000000008000139A] -> 0x3335
[1362] [M]: 0x0000000080001398 (0x33350513) addi a0, a0, 819
x10 <- 0x0000033333333333
mem[X,0x000000008000139C] -> 0x1513
mem[X,0x000000008000139E] -> 0x00B5
[1363] [M]: 0x000000008000139C (0x00B51513) slli a0, a0, 11
x10 <- 0x0019999999999800
mem[X,0x00000000800013A0] -> 0x0513
mem[X,0x00000000800013A2] -> 0x1995
[1364] [M]: 0x00000000800013A0 (0x19950513) addi a0, a0, 409
x10 <- 0x0019999999999999
mem[X,0x00000000800013A4] -> 0x1513
mem[X,0x00000000800013A6] -> 0x00A5
[1365] [M]: 0x00000000800013A4 (0x00A51513) slli a0, a0, 10
x10 <- 0x6666666666666400
mem[X,0x00000000800013A8] -> 0x0513
mem[X,0x00000000800013AA] -> 0x2665
[1366] [M]: 0x00000000800013A8 (0x26650513) addi a0, a0, 614
x10 <- 0x6666666666666666
mem[X,0x00000000800013AC] -> 0x8919
[1367] [M]: 0x00000000800013AC (0x8919) c.andi a0, 6
x10 <- 0x0000000000000006
mem[X,0x00000000800013AE] -> 0xB823
mem[X,0x00000000800013B0] -> 0x66A0
[1368] [M]: 0x00000000800013AE (0x66A0B823) sd a0, 1648(ra)
mem[0x0000000080006788] <- 0x0000000000000006
mem[X,0x00000000800013B2] -> 0x6537
mem[X,0x00000000800013B4] -> 0x6666
[1369] [M]: 0x00000000800013B2 (0x66666537) lui a0, 419430
x10 <- 0x0000000066666000
mem[X,0x00000000800013B6] -> 0x0513
mem[X,0x00000000800013B8] -> 0x6665
[1370] [M]: 0x00000000800013B6 (0x66650513) addi a0, a0, 1638
x10 <- 0x0000000066666666
mem[X,0x00000000800013BA] -> 0x1513
mem[X,0x00000000800013BC] -> 0x00B5
[1371] [M]: 0x00000000800013BA (0x00B51513) slli a0, a0, 11
x10 <- 0x0000033333333000
mem[X,0x00000000800013BE] -> 0x0513
mem[X,0x00000000800013C0] -> 0x3335
[1372] [M]: 0x00000000800013BE (0x33350513) addi a0, a0, 819
x10 <- 0x0000033333333333
mem[X,0x00000000800013C2] -> 0x1513
mem[X,0x00000000800013C4] -> 0x00B5
[1373] [M]: 0x00000000800013C2 (0x00B51513) slli a0, a0, 11
x10 <- 0x0019999999999800
mem[X,0x00000000800013C6] -> 0x0513
mem[X,0x00000000800013C8] -> 0x1995
[1374] [M]: 0x00000000800013C6 (0x19950513) addi a0, a0, 409
x10 <- 0x0019999999999999
mem[X,0x00000000800013CA] -> 0x1513
mem[X,0x00000000800013CC] -> 0x00A5
[1375] [M]: 0x00000000800013CA (0x00A51513) slli a0, a0, 10
x10 <- 0x6666666666666400
mem[X,0x00000000800013CE] -> 0x0513
mem[X,0x00000000800013D0] -> 0x2665
[1376] [M]: 0x00000000800013CE (0x26650513) addi a0, a0, 614
x10 <- 0x6666666666666666
mem[X,0x00000000800013D2] -> 0x9979
[1377] [M]: 0x00000000800013D2 (0x9979) c.andi a0, 62
x10 <- 0x6666666666666666
mem[X,0x00000000800013D4] -> 0xBC23
mem[X,0x00000000800013D6] -> 0x66A0
[1378] [M]: 0x00000000800013D4 (0x66A0BC23) sd a0, 1656(ra)
mem[0x0000000080006790] <- 0x6666666666666666
mem[X,0x00000000800013D8] -> 0x6537
mem[X,0x00000000800013DA] -> 0x6666
[1379] [M]: 0x00000000800013D8 (0x66666537) lui a0, 419430
x10 <- 0x0000000066666000
mem[X,0x00000000800013DC] -> 0x0513
mem[X,0x00000000800013DE] -> 0x6665
[1380] [M]: 0x00000000800013DC (0x66650513) addi a0, a0, 1638
x10 <- 0x0000000066666666
mem[X,0x00000000800013E0] -> 0x1513
mem[X,0x00000000800013E2] -> 0x00B5
[1381] [M]: 0x00000000800013E0 (0x00B51513) slli a0, a0, 11
x10 <- 0x0000033333333000
mem[X,0x00000000800013E4] -> 0x0513
mem[X,0x00000000800013E6] -> 0x3335
[1382] [M]: 0x00000000800013E4 (0x33350513) addi a0, a0, 819
x10 <- 0x0000033333333333
mem[X,0x00000000800013E8] -> 0x1513
mem[X,0x00000000800013EA] -> 0x00B5
[1383] [M]: 0x00000000800013E8 (0x00B51513) slli a0, a0, 11
x10 <- 0x0019999999999800
mem[X,0x00000000800013EC] -> 0x0513
mem[X,0x00000000800013EE] -> 0x1995
[1384] [M]: 0x00000000800013EC (0x19950513) addi a0, a0, 409
x10 <- 0x0019999999999999
mem[X,0x00000000800013F0] -> 0x1513
mem[X,0x00000000800013F2] -> 0x00A5
[1385] [M]: 0x00000000800013F0 (0x00A51513) slli a0, a0, 10
x10 <- 0x6666666666666400
mem[X,0x00000000800013F4] -> 0x0513
mem[X,0x00000000800013F6] -> 0x2665
[1386] [M]: 0x00000000800013F4 (0x26650513) addi a0, a0, 614
x10 <- 0x6666666666666666
mem[X,0x00000000800013F8] -> 0x996D
[1387] [M]: 0x00000000800013F8 (0x996D) c.andi a0, 59
x10 <- 0x6666666666666662
mem[X,0x00000000800013FA] -> 0xB023
mem[X,0x00000000800013FC] -> 0x68A0
[1388] [M]: 0x00000000800013FA (0x68A0B023) sd a0, 1664(ra)
mem[0x0000000080006798] <- 0x6666666666666662
mem[X,0x00000000800013FE] -> 0x6537
mem[X,0x0000000080001400] -> 0x6666
[1389] [M]: 0x00000000800013FE (0x66666537) lui a0, 419430
x10 <- 0x0000000066666000
mem[X,0x0000000080001402] -> 0x0513
mem[X,0x0000000080001404] -> 0x6665
[1390] [M]: 0x0000000080001402 (0x66650513) addi a0, a0, 1638
x10 <- 0x0000000066666666
mem[X,0x0000000080001406] -> 0x1513
mem[X,0x0000000080001408] -> 0x00B5
[1391] [M]: 0x0000000080001406 (0x00B51513) slli a0, a0, 11
x10 <- 0x0000033333333000
mem[X,0x000000008000140A] -> 0x0513
mem[X,0x000000008000140C] -> 0x3335
[1392] [M]: 0x000000008000140A (0x33350513) addi a0, a0, 819
x10 <- 0x0000033333333333
mem[X,0x000000008000140E] -> 0x1513
mem[X,0x0000000080001410] -> 0x00B5
[1393] [M]: 0x000000008000140E (0x00B51513) slli a0, a0, 11
x10 <- 0x0019999999999800
mem[X,0x0000000080001412] -> 0x0513
mem[X,0x0000000080001414] -> 0x1995
[1394] [M]: 0x0000000080001412 (0x19950513) addi a0, a0, 409
x10 <- 0x0019999999999999
mem[X,0x0000000080001416] -> 0x1513
mem[X,0x0000000080001418] -> 0x00A5
[1395] [M]: 0x0000000080001416 (0x00A51513) slli a0, a0, 10
x10 <- 0x6666666666666400
mem[X,0x000000008000141A] -> 0x0513
mem[X,0x000000008000141C] -> 0x2665
[1396] [M]: 0x000000008000141A (0x26650513) addi a0, a0, 614
x10 <- 0x6666666666666666
mem[X,0x000000008000141E] -> 0x8909
[1397] [M]: 0x000000008000141E (0x8909) c.andi a0, 2
x10 <- 0x0000000000000002
mem[X,0x0000000080001420] -> 0xB423
mem[X,0x0000000080001422] -> 0x68A0
[1398] [M]: 0x0000000080001420 (0x68A0B423) sd a0, 1672(ra)
mem[0x00000000800067A0] <- 0x0000000000000002
mem[X,0x0000000080001424] -> 0x6537
mem[X,0x0000000080001426] -> 0x6666
[1399] [M]: 0x0000000080001424 (0x66666537) lui a0, 419430
x10 <- 0x0000000066666000
clint::tick mtime <- 0x000000000000000E
 clint timer pending at mtime 0x000000000000000E
htif::tick 0x0000000000000000
mem[X,0x0000000080001428] -> 0x0513
mem[X,0x000000008000142A] -> 0x6665
[1400] [M]: 0x0000000080001428 (0x66650513) addi a0, a0, 1638
x10 <- 0x0000000066666666
mem[X,0x000000008000142C] -> 0x1513
mem[X,0x000000008000142E] -> 0x00B5
[1401] [M]: 0x000000008000142C (0x00B51513) slli a0, a0, 11
x10 <- 0x0000033333333000
mem[X,0x0000000080001430] -> 0x0513
mem[X,0x0000000080001432] -> 0x3335
[1402] [M]: 0x0000000080001430 (0x33350513) addi a0, a0, 819
x10 <- 0x0000033333333333
mem[X,0x0000000080001434] -> 0x1513
mem[X,0x0000000080001436] -> 0x00B5
[1403] [M]: 0x0000000080001434 (0x00B51513) slli a0, a0, 11
x10 <- 0x0019999999999800
mem[X,0x0000000080001438] -> 0x0513
mem[X,0x000000008000143A] -> 0x1995
[1404] [M]: 0x0000000080001438 (0x19950513) addi a0, a0, 409
x10 <- 0x0019999999999999
mem[X,0x000000008000143C] -> 0x1513
mem[X,0x000000008000143E] -> 0x00A5
[1405] [M]: 0x000000008000143C (0x00A51513) slli a0, a0, 10
x10 <- 0x6666666666666400
mem[X,0x0000000080001440] -> 0x0513
mem[X,0x0000000080001442] -> 0x2665
[1406] [M]: 0x0000000080001440 (0x26650513) addi a0, a0, 614
x10 <- 0x6666666666666666
mem[X,0x0000000080001444] -> 0x8911
[1407] [M]: 0x0000000080001444 (0x8911) c.andi a0, 4
x10 <- 0x0000000000000004
mem[X,0x0000000080001446] -> 0xB823
mem[X,0x0000000080001448] -> 0x68A0
[1408] [M]: 0x0000000080001446 (0x68A0B823) sd a0, 1680(ra)
mem[0x00000000800067A8] <- 0x0000000000000004
mem[X,0x000000008000144A] -> 0x6537
mem[X,0x000000008000144C] -> 0x6666
[1409] [M]: 0x000000008000144A (0x66666537) lui a0, 419430
x10 <- 0x0000000066666000
mem[X,0x000000008000144E] -> 0x0513
mem[X,0x0000000080001450] -> 0x6665
[1410] [M]: 0x000000008000144E (0x66650513) addi a0, a0, 1638
x10 <- 0x0000000066666666
mem[X,0x0000000080001452] -> 0x1513
mem[X,0x0000000080001454] -> 0x00B5
[1411] [M]: 0x0000000080001452 (0x00B51513) slli a0, a0, 11
x10 <- 0x0000033333333000
mem[X,0x0000000080001456] -> 0x0513
mem[X,0x0000000080001458] -> 0x3335
[1412] [M]: 0x0000000080001456 (0x33350513) addi a0, a0, 819
x10 <- 0x0000033333333333
mem[X,0x000000008000145A] -> 0x1513
mem[X,0x000000008000145C] -> 0x00B5
[1413] [M]: 0x000000008000145A (0x00B51513) slli a0, a0, 11
x10 <- 0x0019999999999800
mem[X,0x000000008000145E] -> 0x0513
mem[X,0x0000000080001460] -> 0x1995
[1414] [M]: 0x000000008000145E (0x19950513) addi a0, a0, 409
x10 <- 0x0019999999999999
mem[X,0x0000000080001462] -> 0x1513
mem[X,0x0000000080001464] -> 0x00A5
[1415] [M]: 0x0000000080001462 (0x00A51513) slli a0, a0, 10
x10 <- 0x6666666666666400
mem[X,0x0000000080001466] -> 0x0513
mem[X,0x0000000080001468] -> 0x2665
[1416] [M]: 0x0000000080001466 (0x26650513) addi a0, a0, 614
x10 <- 0x6666666666666666
mem[X,0x000000008000146A] -> 0x8925
[1417] [M]: 0x000000008000146A (0x8925) c.andi a0, 9
x10 <- 0x0000000000000000
mem[X,0x000000008000146C] -> 0xBC23
mem[X,0x000000008000146E] -> 0x68A0
[1418] [M]: 0x000000008000146C (0x68A0BC23) sd a0, 1688(ra)
mem[0x00000000800067B0] <- 0x0000000000000000
mem[X,0x0000000080001470] -> 0x6537
mem[X,0x0000000080001472] -> 0x6666
[1419] [M]: 0x0000000080001470 (0x66666537) lui a0, 419430
x10 <- 0x0000000066666000
mem[X,0x0000000080001474] -> 0x0513
mem[X,0x0000000080001476] -> 0x6665
[1420] [M]: 0x0000000080001474 (0x66650513) addi a0, a0, 1638
x10 <- 0x0000000066666666
mem[X,0x0000000080001478] -> 0x1513
mem[X,0x000000008000147A] -> 0x00B5
[1421] [M]: 0x0000000080001478 (0x00B51513) slli a0, a0, 11
x10 <- 0x0000033333333000
mem[X,0x000000008000147C] -> 0x0513
mem[X,0x000000008000147E] -> 0x3335
[1422] [M]: 0x000000008000147C (0x33350513) addi a0, a0, 819
x10 <- 0x0000033333333333
mem[X,0x0000000080001480] -> 0x1513
mem[X,0x0000000080001482] -> 0x00B5
[1423] [M]: 0x0000000080001480 (0x00B51513) slli a0, a0, 11
x10 <- 0x0019999999999800
mem[X,0x0000000080001484] -> 0x0513
mem[X,0x0000000080001486] -> 0x1995
[1424] [M]: 0x0000000080001484 (0x19950513) addi a0, a0, 409
x10 <- 0x0019999999999999
mem[X,0x0000000080001488] -> 0x1513
mem[X,0x000000008000148A] -> 0x00A5
[1425] [M]: 0x0000000080001488 (0x00A51513) slli a0, a0, 10
x10 <- 0x6666666666666400
mem[X,0x000000008000148C] -> 0x0513
mem[X,0x000000008000148E] -> 0x2665
[1426] [M]: 0x000000008000148C (0x26650513) addi a0, a0, 614
x10 <- 0x6666666666666666
mem[X,0x0000000080001490] -> 0x8901
[1427] [M]: 0x0000000080001490 (0x8901) c.andi a0, 0
x10 <- 0x0000000000000000
mem[X,0x0000000080001492] -> 0xB023
mem[X,0x0000000080001494] -> 0x6AA0
[1428] [M]: 0x0000000080001492 (0x6AA0B023) sd a0, 1696(ra)
mem[0x00000000800067B8] <- 0x0000000000000000
mem[X,0x0000000080001496] -> 0x6537
mem[X,0x0000000080001498] -> 0x6666
[1429] [M]: 0x0000000080001496 (0x66666537) lui a0, 419430
x10 <- 0x0000000066666000
mem[X,0x000000008000149A] -> 0x0513
mem[X,0x000000008000149C] -> 0x6665
[1430] [M]: 0x000000008000149A (0x66650513) addi a0, a0, 1638
x10 <- 0x0000000066666666
mem[X,0x000000008000149E] -> 0x1513
mem[X,0x00000000800014A0] -> 0x00B5
[1431] [M]: 0x000000008000149E (0x00B51513) slli a0, a0, 11
x10 <- 0x0000033333333000
mem[X,0x00000000800014A2] -> 0x0513
mem[X,0x00000000800014A4] -> 0x3335
[1432] [M]: 0x00000000800014A2 (0x33350513) addi a0, a0, 819
x10 <- 0x0000033333333333
mem[X,0x00000000800014A6] -> 0x1513
mem[X,0x00000000800014A8] -> 0x00B5
[1433] [M]: 0x00000000800014A6 (0x00B51513) slli a0, a0, 11
x10 <- 0x0019999999999800
mem[X,0x00000000800014AA] -> 0x0513
mem[X,0x00000000800014AC] -> 0x1995
[1434] [M]: 0x00000000800014AA (0x19950513) addi a0, a0, 409
x10 <- 0x0019999999999999
mem[X,0x00000000800014AE] -> 0x1513
mem[X,0x00000000800014B0] -> 0x00A5
[1435] [M]: 0x00000000800014AE (0x00A51513) slli a0, a0, 10
x10 <- 0x6666666666666400
mem[X,0x00000000800014B2] -> 0x0513
mem[X,0x00000000800014B4] -> 0x2665
[1436] [M]: 0x00000000800014B2 (0x26650513) addi a0, a0, 614
x10 <- 0x6666666666666666
mem[X,0x00000000800014B6] -> 0x892D
[1437] [M]: 0x00000000800014B6 (0x892D) c.andi a0, 11
x10 <- 0x0000000000000002
mem[X,0x00000000800014B8] -> 0xB423
mem[X,0x00000000800014BA] -> 0x6AA0
[1438] [M]: 0x00000000800014B8 (0x6AA0B423) sd a0, 1704(ra)
mem[0x00000000800067C0] <- 0x0000000000000002
mem[X,0x00000000800014BC] -> 0x6537
mem[X,0x00000000800014BE] -> 0x6666
[1439] [M]: 0x00000000800014BC (0x66666537) lui a0, 419430
x10 <- 0x0000000066666000
mem[X,0x00000000800014C0] -> 0x0513
mem[X,0x00000000800014C2] -> 0x6665
[1440] [M]: 0x00000000800014C0 (0x66650513) addi a0, a0, 1638
x10 <- 0x0000000066666666
mem[X,0x00000000800014C4] -> 0x1513
mem[X,0x00000000800014C6] -> 0x00B5
[1441] [M]: 0x00000000800014C4 (0x00B51513) slli a0, a0, 11
x10 <- 0x0000033333333000
mem[X,0x00000000800014C8] -> 0x0513
mem[X,0x00000000800014CA] -> 0x3335
[1442] [M]: 0x00000000800014C8 (0x33350513) addi a0, a0, 819
x10 <- 0x0000033333333333
mem[X,0x00000000800014CC] -> 0x1513
mem[X,0x00000000800014CE] -> 0x00B5
[1443] [M]: 0x00000000800014CC (0x00B51513) slli a0, a0, 11
x10 <- 0x0019999999999800
mem[X,0x00000000800014D0] -> 0x0513
mem[X,0x00000000800014D2] -> 0x1995
[1444] [M]: 0x00000000800014D0 (0x19950513) addi a0, a0, 409
x10 <- 0x0019999999999999
mem[X,0x00000000800014D4] -> 0x1513
mem[X,0x00000000800014D6] -> 0x00A5
[1445] [M]: 0x00000000800014D4 (0x00A51513) slli a0, a0, 10
x10 <- 0x6666666666666400
mem[X,0x00000000800014D8] -> 0x0513
mem[X,0x00000000800014DA] -> 0x2665
[1446] [M]: 0x00000000800014D8 (0x26650513) addi a0, a0, 614
x10 <- 0x6666666666666666
mem[X,0x00000000800014DC] -> 0x891D
[1447] [M]: 0x00000000800014DC (0x891D) c.andi a0, 7
x10 <- 0x0000000000000006
mem[X,0x00000000800014DE] -> 0xB823
mem[X,0x00000000800014E0] -> 0x6AA0
[1448] [M]: 0x00000000800014DE (0x6AA0B823) sd a0, 1712(ra)
mem[0x00000000800067C8] <- 0x0000000000000006
mem[X,0x00000000800014E2] -> 0x6537
mem[X,0x00000000800014E4] -> 0x6666
[1449] [M]: 0x00000000800014E2 (0x66666537) lui a0, 419430
x10 <- 0x0000000066666000
mem[X,0x00000000800014E6] -> 0x0513
mem[X,0x00000000800014E8] -> 0x6665
[1450] [M]: 0x00000000800014E6 (0x66650513) addi a0, a0, 1638
x10 <- 0x0000000066666666
mem[X,0x00000000800014EA] -> 0x1513
mem[X,0x00000000800014EC] -> 0x00B5
[1451] [M]: 0x00000000800014EA (0x00B51513) slli a0, a0, 11
x10 <- 0x0000033333333000
mem[X,0x00000000800014EE] -> 0x0513
mem[X,0x00000000800014F0] -> 0x3335
[1452] [M]: 0x00000000800014EE (0x33350513) addi a0, a0, 819
x10 <- 0x0000033333333333
mem[X,0x00000000800014F2] -> 0x1513
mem[X,0x00000000800014F4] -> 0x00B5
[1453] [M]: 0x00000000800014F2 (0x00B51513) slli a0, a0, 11
x10 <- 0x0019999999999800
mem[X,0x00000000800014F6] -> 0x0513
mem[X,0x00000000800014F8] -> 0x1995
[1454] [M]: 0x00000000800014F6 (0x19950513) addi a0, a0, 409
x10 <- 0x0019999999999999
mem[X,0x00000000800014FA] -> 0x1513
mem[X,0x00000000800014FC] -> 0x00A5
[1455] [M]: 0x00000000800014FA (0x00A51513) slli a0, a0, 10
x10 <- 0x6666666666666400
mem[X,0x00000000800014FE] -> 0x0513
mem[X,0x0000000080001500] -> 0x2665
[1456] [M]: 0x00000000800014FE (0x26650513) addi a0, a0, 614
x10 <- 0x6666666666666666
mem[X,0x0000000080001502] -> 0x997D
[1457] [M]: 0x0000000080001502 (0x997D) c.andi a0, 63
x10 <- 0x6666666666666666
mem[X,0x0000000080001504] -> 0xBC23
mem[X,0x0000000080001506] -> 0x6AA0
[1458] [M]: 0x0000000080001504 (0x6AA0BC23) sd a0, 1720(ra)
mem[0x00000000800067D0] <- 0x6666666666666666
mem[X,0x0000000080001508] -> 0x6537
mem[X,0x000000008000150A] -> 0x6666
[1459] [M]: 0x0000000080001508 (0x66666537) lui a0, 419430
x10 <- 0x0000000066666000
mem[X,0x000000008000150C] -> 0x0513
mem[X,0x000000008000150E] -> 0x6665
[1460] [M]: 0x000000008000150C (0x66650513) addi a0, a0, 1638
x10 <- 0x0000000066666666
mem[X,0x0000000080001510] -> 0x1513
mem[X,0x0000000080001512] -> 0x00B5
[1461] [M]: 0x0000000080001510 (0x00B51513) slli a0, a0, 11
x10 <- 0x0000033333333000
mem[X,0x0000000080001514] -> 0x0513
mem[X,0x0000000080001516] -> 0x3335
[1462] [M]: 0x0000000080001514 (0x33350513) addi a0, a0, 819
x10 <- 0x0000033333333333
mem[X,0x0000000080001518] -> 0x1513
mem[X,0x000000008000151A] -> 0x00B5
[1463] [M]: 0x0000000080001518 (0x00B51513) slli a0, a0, 11
x10 <- 0x0019999999999800
mem[X,0x000000008000151C] -> 0x0513
mem[X,0x000000008000151E] -> 0x1995
[1464] [M]: 0x000000008000151C (0x19950513) addi a0, a0, 409
x10 <- 0x0019999999999999
mem[X,0x0000000080001520] -> 0x1513
mem[X,0x0000000080001522] -> 0x00A5
[1465] [M]: 0x0000000080001520 (0x00A51513) slli a0, a0, 10
x10 <- 0x6666666666666400
mem[X,0x0000000080001524] -> 0x0513
mem[X,0x0000000080001526] -> 0x2665
[1466] [M]: 0x0000000080001524 (0x26650513) addi a0, a0, 614
x10 <- 0x6666666666666666
mem[X,0x0000000080001528] -> 0x9971
[1467] [M]: 0x0000000080001528 (0x9971) c.andi a0, 60
x10 <- 0x6666666666666664
mem[X,0x000000008000152A] -> 0xB023
mem[X,0x000000008000152C] -> 0x6CA0
[1468] [M]: 0x000000008000152A (0x6CA0B023) sd a0, 1728(ra)
mem[0x00000000800067D8] <- 0x6666666666666664
mem[X,0x000000008000152E] -> 0x0537
mem[X,0x0000000080001530] -> 0x0000
[1469] [M]: 0x000000008000152E (0x00000537) lui a0, 0
x10 <- 0x0000000000000000
mem[X,0x0000000080001532] -> 0x0513
mem[X,0x0000000080001534] -> 0xFFF5
[1470] [M]: 0x0000000080001532 (0xFFF50513) addi a0, a0, 4095
x10 <- 0xFFFFFFFFFFFFFFFF
mem[X,0x0000000080001536] -> 0x1513
mem[X,0x0000000080001538] -> 0x00B5
[1471] [M]: 0x0000000080001536 (0x00B51513) slli a0, a0, 11
x10 <- 0xFFFFFFFFFFFFF800
mem[X,0x000000008000153A] -> 0x0513
mem[X,0x000000008000153C] -> 0x2575
[1472] [M]: 0x000000008000153A (0x25750513) addi a0, a0, 599
x10 <- 0xFFFFFFFFFFFFFA57
mem[X,0x000000008000153E] -> 0x1513
mem[X,0x0000000080001540] -> 0x00B5
[1473] [M]: 0x000000008000153E (0x00B51513) slli a0, a0, 11
x10 <- 0xFFFFFFFFFFD2B800
mem[X,0x0000000080001542] -> 0x0513
mem[X,0x0000000080001544] -> 0x6C35
[1474] [M]: 0x0000000080001542 (0x6C350513) addi a0, a0, 1731
x10 <- 0xFFFFFFFFFFD2BEC3
mem[X,0x0000000080001546] -> 0x1513
mem[X,0x0000000080001548] -> 0x00A5
[1475] [M]: 0x0000000080001546 (0x00A51513) slli a0, a0, 10
x10 <- 0xFFFFFFFF4AFB0C00
mem[X,0x000000008000154A] -> 0x0513
mem[X,0x000000008000154C] -> 0x0CD5
[1476] [M]: 0x000000008000154A (0x0CD50513) addi a0, a0, 205
x10 <- 0xFFFFFFFF4AFB0CCD
mem[X,0x000000008000154E] -> 0x890D
[1477] [M]: 0x000000008000154E (0x890D) c.andi a0, 3
x10 <- 0x0000000000000001
mem[X,0x0000000080001550] -> 0xB423
mem[X,0x0000000080001552] -> 0x6CA0
[1478] [M]: 0x0000000080001550 (0x6CA0B423) sd a0, 1736(ra)
mem[0x00000000800067E0] <- 0x0000000000000001
mem[X,0x0000000080001554] -> 0x0537
mem[X,0x0000000080001556] -> 0x0000
[1479] [M]: 0x0000000080001554 (0x00000537) lui a0, 0
x10 <- 0x0000000000000000
mem[X,0x0000000080001558] -> 0x0513
mem[X,0x000000008000155A] -> 0xFFF5
[1480] [M]: 0x0000000080001558 (0xFFF50513) addi a0, a0, 4095
x10 <- 0xFFFFFFFFFFFFFFFF
mem[X,0x000000008000155C] -> 0x1513
mem[X,0x000000008000155E] -> 0x00B5
[1481] [M]: 0x000000008000155C (0x00B51513) slli a0, a0, 11
x10 <- 0xFFFFFFFFFFFFF800
mem[X,0x0000000080001560] -> 0x0513
mem[X,0x0000000080001562] -> 0x2575
[1482] [M]: 0x0000000080001560 (0x25750513) addi a0, a0, 599
x10 <- 0xFFFFFFFFFFFFFA57
mem[X,0x0000000080001564] -> 0x1513
mem[X,0x0000000080001566] -> 0x00B5
[1483] [M]: 0x0000000080001564 (0x00B51513) slli a0, a0, 11
x10 <- 0xFFFFFFFFFFD2B800
mem[X,0x0000000080001568] -> 0x0513
mem[X,0x000000008000156A] -> 0x6C35
[1484] [M]: 0x0000000080001568 (0x6C350513) addi a0, a0, 1731
x10 <- 0xFFFFFFFFFFD2BEC3
mem[X,0x000000008000156C] -> 0x1513
mem[X,0x000000008000156E] -> 0x00A5
[1485] [M]: 0x000000008000156C (0x00A51513) slli a0, a0, 10
x10 <- 0xFFFFFFFF4AFB0C00
mem[X,0x0000000080001570] -> 0x0513
mem[X,0x0000000080001572] -> 0x0CD5
[1486] [M]: 0x0000000080001570 (0x0CD50513) addi a0, a0, 205
x10 <- 0xFFFFFFFF4AFB0CCD
mem[X,0x0000000080001574] -> 0x8915
[1487] [M]: 0x0000000080001574 (0x8915) c.andi a0, 5
x10 <- 0x0000000000000005
mem[X,0x0000000080001576] -> 0xB823
mem[X,0x0000000080001578] -> 0x6CA0
[1488] [M]: 0x0000000080001576 (0x6CA0B823) sd a0, 1744(ra)
mem[0x00000000800067E8] <- 0x0000000000000005
mem[X,0x000000008000157A] -> 0x0537
mem[X,0x000000008000157C] -> 0x0000
[1489] [M]: 0x000000008000157A (0x00000537) lui a0, 0
x10 <- 0x0000000000000000
mem[X,0x000000008000157E] -> 0x0513
mem[X,0x0000000080001580] -> 0xFFF5
[1490] [M]: 0x000000008000157E (0xFFF50513) addi a0, a0, 4095
x10 <- 0xFFFFFFFFFFFFFFFF
mem[X,0x0000000080001582] -> 0x1513
mem[X,0x0000000080001584] -> 0x00B5
[1491] [M]: 0x0000000080001582 (0x00B51513) slli a0, a0, 11
x10 <- 0xFFFFFFFFFFFFF800
mem[X,0x0000000080001586] -> 0x0513
mem[X,0x0000000080001588] -> 0x2575
[1492] [M]: 0x0000000080001586 (0x25750513) addi a0, a0, 599
x10 <- 0xFFFFFFFFFFFFFA57
mem[X,0x000000008000158A] -> 0x1513
mem[X,0x000000008000158C] -> 0x00B5
[1493] [M]: 0x000000008000158A (0x00B51513) slli a0, a0, 11
x10 <- 0xFFFFFFFFFFD2B800
mem[X,0x000000008000158E] -> 0x0513
mem[X,0x0000000080001590] -> 0x6C35
[1494] [M]: 0x000000008000158E (0x6C350513) addi a0, a0, 1731
x10 <- 0xFFFFFFFFFFD2BEC3
mem[X,0x0000000080001592] -> 0x1513
mem[X,0x0000000080001594] -> 0x00A5
[1495] [M]: 0x0000000080001592 (0x00A51513) slli a0, a0, 10
x10 <- 0xFFFFFFFF4AFB0C00
mem[X,0x0000000080001596] -> 0x0513
mem[X,0x0000000080001598] -> 0x0CD5
[1496] [M]: 0x0000000080001596 (0x0CD50513) addi a0, a0, 205
x10 <- 0xFFFFFFFF4AFB0CCD
mem[X,0x000000008000159A] -> 0x8929
[1497] [M]: 0x000000008000159A (0x8929) c.andi a0, 10
x10 <- 0x0000000000000008
mem[X,0x000000008000159C] -> 0xBC23
mem[X,0x000000008000159E] -> 0x6CA0
[1498] [M]: 0x000000008000159C (0x6CA0BC23) sd a0, 1752(ra)
mem[0x00000000800067F0] <- 0x0000000000000008
mem[X,0x00000000800015A0] -> 0x0537
mem[X,0x00000000800015A2] -> 0x0000
[1499] [M]: 0x00000000800015A0 (0x00000537) lui a0, 0
x10 <- 0x0000000000000000
clint::tick mtime <- 0x000000000000000F
 clint timer pending at mtime 0x000000000000000F
htif::tick 0x0000000000000000
mem[X,0x00000000800015A4] -> 0x0513
mem[X,0x00000000800015A6] -> 0xFFF5
[1500] [M]: 0x00000000800015A4 (0xFFF50513) addi a0, a0, 4095
x10 <- 0xFFFFFFFFFFFFFFFF
mem[X,0x00000000800015A8] -> 0x1513
mem[X,0x00000000800015AA] -> 0x00B5
[1501] [M]: 0x00000000800015A8 (0x00B51513) slli a0, a0, 11
x10 <- 0xFFFFFFFFFFFFF800
mem[X,0x00000000800015AC] -> 0x0513
mem[X,0x00000000800015AE] -> 0x2575
[1502] [M]: 0x00000000800015AC (0x25750513) addi a0, a0, 599
x10 <- 0xFFFFFFFFFFFFFA57
mem[X,0x00000000800015B0] -> 0x1513
mem[X,0x00000000800015B2] -> 0x00B5
[1503] [M]: 0x00000000800015B0 (0x00B51513) slli a0, a0, 11
x10 <- 0xFFFFFFFFFFD2B800
mem[X,0x00000000800015B4] -> 0x0513
mem[X,0x00000000800015B6] -> 0x6C35
[1504] [M]: 0x00000000800015B4 (0x6C350513) addi a0, a0, 1731
x10 <- 0xFFFFFFFFFFD2BEC3
mem[X,0x00000000800015B8] -> 0x1513
mem[X,0x00000000800015BA] -> 0x00A5
[1505] [M]: 0x00000000800015B8 (0x00A51513) slli a0, a0, 10
x10 <- 0xFFFFFFFF4AFB0C00
mem[X,0x00000000800015BC] -> 0x0513
mem[X,0x00000000800015BE] -> 0x0CD5
[1506] [M]: 0x00000000800015BC (0x0CD50513) addi a0, a0, 205
x10 <- 0xFFFFFFFF4AFB0CCD
mem[X,0x00000000800015C0] -> 0x8919
[1507] [M]: 0x00000000800015C0 (0x8919) c.andi a0, 6
x10 <- 0x0000000000000004
mem[X,0x00000000800015C2] -> 0xB023
mem[X,0x00000000800015C4] -> 0x6EA0
[1508] [M]: 0x00000000800015C2 (0x6EA0B023) sd a0, 1760(ra)
mem[0x00000000800067F8] <- 0x0000000000000004
mem[X,0x00000000800015C6] -> 0x0537
mem[X,0x00000000800015C8] -> 0x0000
[1509] [M]: 0x00000000800015C6 (0x00000537) lui a0, 0
x10 <- 0x0000000000000000
mem[X,0x00000000800015CA] -> 0x0513
mem[X,0x00000000800015CC] -> 0xFFF5
[1510] [M]: 0x00000000800015CA (0xFFF50513) addi a0, a0, 4095
x10 <- 0xFFFFFFFFFFFFFFFF
mem[X,0x00000000800015CE] -> 0x1513
mem[X,0x00000000800015D0] -> 0x00B5
[1511] [M]: 0x00000000800015CE (0x00B51513) slli a0, a0, 11
x10 <- 0xFFFFFFFFFFFFF800
mem[X,0x00000000800015D2] -> 0x0513
mem[X,0x00000000800015D4] -> 0x2575
[1512] [M]: 0x00000000800015D2 (0x25750513) addi a0, a0, 599
x10 <- 0xFFFFFFFFFFFFFA57
mem[X,0x00000000800015D6] -> 0x1513
mem[X,0x00000000800015D8] -> 0x00B5
[1513] [M]: 0x00000000800015D6 (0x00B51513) slli a0, a0, 11
x10 <- 0xFFFFFFFFFFD2B800
mem[X,0x00000000800015DA] -> 0x0513
mem[X,0x00000000800015DC] -> 0x6C35
[1514] [M]: 0x00000000800015DA (0x6C350513) addi a0, a0, 1731
x10 <- 0xFFFFFFFFFFD2BEC3
mem[X,0x00000000800015DE] -> 0x1513
mem[X,0x00000000800015E0] -> 0x00A5
[1515] [M]: 0x00000000800015DE (0x00A51513) slli a0, a0, 10
x10 <- 0xFFFFFFFF4AFB0C00
mem[X,0x00000000800015E2] -> 0x0513
mem[X,0x00000000800015E4] -> 0x0CD5
[1516] [M]: 0x00000000800015E2 (0x0CD50513) addi a0, a0, 205
x10 <- 0xFFFFFFFF4AFB0CCD
mem[X,0x00000000800015E6] -> 0x9979
[1517] [M]: 0x00000000800015E6 (0x9979) c.andi a0, 62
x10 <- 0xFFFFFFFF4AFB0CCC
mem[X,0x00000000800015E8] -> 0xB423
mem[X,0x00000000800015EA] -> 0x6EA0
[1518] [M]: 0x00000000800015E8 (0x6EA0B423) sd a0, 1768(ra)
mem[0x0000000080006800] <- 0xFFFFFFFF4AFB0CCC
mem[X,0x00000000800015EC] -> 0x0537
mem[X,0x00000000800015EE] -> 0x0000
[1519] [M]: 0x00000000800015EC (0x00000537) lui a0, 0
x10 <- 0x0000000000000000
mem[X,0x00000000800015F0] -> 0x0513
mem[X,0x00000000800015F2] -> 0xFFF5
[1520] [M]: 0x00000000800015F0 (0xFFF50513) addi a0, a0, 4095
x10 <- 0xFFFFFFFFFFFFFFFF
mem[X,0x00000000800015F4] -> 0x1513
mem[X,0x00000000800015F6] -> 0x00B5
[1521] [M]: 0x00000000800015F4 (0x00B51513) slli a0, a0, 11
x10 <- 0xFFFFFFFFFFFFF800
mem[X,0x00000000800015F8] -> 0x0513
mem[X,0x00000000800015FA] -> 0x2575
[1522] [M]: 0x00000000800015F8 (0x25750513) addi a0, a0, 599
x10 <- 0xFFFFFFFFFFFFFA57
mem[X,0x00000000800015FC] -> 0x1513
mem[X,0x00000000800015FE] -> 0x00B5
[1523] [M]: 0x00000000800015FC (0x00B51513) slli a0, a0, 11
x10 <- 0xFFFFFFFFFFD2B800
mem[X,0x0000000080001600] -> 0x0513
mem[X,0x0000000080001602] -> 0x6C35
[1524] [M]: 0x0000000080001600 (0x6C350513) addi a0, a0, 1731
x10 <- 0xFFFFFFFFFFD2BEC3
mem[X,0x0000000080001604] -> 0x1513
mem[X,0x0000000080001606] -> 0x00A5
[1525] [M]: 0x0000000080001604 (0x00A51513) slli a0, a0, 10
x10 <- 0xFFFFFFFF4AFB0C00
mem[X,0x0000000080001608] -> 0x0513
mem[X,0x000000008000160A] -> 0x0CD5
[1526] [M]: 0x0000000080001608 (0x0CD50513) addi a0, a0, 205
x10 <- 0xFFFFFFFF4AFB0CCD
mem[X,0x000000008000160C] -> 0x996D
[1527] [M]: 0x000000008000160C (0x996D) c.andi a0, 59
x10 <- 0xFFFFFFFF4AFB0CC9
mem[X,0x000000008000160E] -> 0xB823
mem[X,0x0000000080001610] -> 0x6EA0
[1528] [M]: 0x000000008000160E (0x6EA0B823) sd a0, 1776(ra)
mem[0x0000000080006808] <- 0xFFFFFFFF4AFB0CC9
mem[X,0x0000000080001612] -> 0x0537
mem[X,0x0000000080001614] -> 0x0000
[1529] [M]: 0x0000000080001612 (0x00000537) lui a0, 0
x10 <- 0x0000000000000000
mem[X,0x0000000080001616] -> 0x0513
mem[X,0x0000000080001618] -> 0xFFF5
[1530] [M]: 0x0000000080001616 (0xFFF50513) addi a0, a0, 4095
x10 <- 0xFFFFFFFFFFFFFFFF
mem[X,0x000000008000161A] -> 0x1513
mem[X,0x000000008000161C] -> 0x00B5
[1531] [M]: 0x000000008000161A (0x00B51513) slli a0, a0, 11
x10 <- 0xFFFFFFFFFFFFF800
mem[X,0x000000008000161E] -> 0x0513
mem[X,0x0000000080001620] -> 0x2575
[1532] [M]: 0x000000008000161E (0x25750513) addi a0, a0, 599
x10 <- 0xFFFFFFFFFFFFFA57
mem[X,0x0000000080001622] -> 0x1513
mem[X,0x0000000080001624] -> 0x00B5
[1533] [M]: 0x0000000080001622 (0x00B51513) slli a0, a0, 11
x10 <- 0xFFFFFFFFFFD2B800
mem[X,0x0000000080001626] -> 0x0513
mem[X,0x0000000080001628] -> 0x6C35
[1534] [M]: 0x0000000080001626 (0x6C350513) addi a0, a0, 1731
x10 <- 0xFFFFFFFFFFD2BEC3
mem[X,0x000000008000162A] -> 0x1513
mem[X,0x000000008000162C] -> 0x00A5
[1535] [M]: 0x000000008000162A (0x00A51513) slli a0, a0, 10
x10 <- 0xFFFFFFFF4AFB0C00
mem[X,0x000000008000162E] -> 0x0513
mem[X,0x0000000080001630] -> 0x0CD5
[1536] [M]: 0x000000008000162E (0x0CD50513) addi a0, a0, 205
x10 <- 0xFFFFFFFF4AFB0CCD
mem[X,0x0000000080001632] -> 0x8909
[1537] [M]: 0x0000000080001632 (0x8909) c.andi a0, 2
x10 <- 0x0000000000000000
mem[X,0x0000000080001634] -> 0xBC23
mem[X,0x0000000080001636] -> 0x6EA0
[1538] [M]: 0x0000000080001634 (0x6EA0BC23) sd a0, 1784(ra)
mem[0x0000000080006810] <- 0x0000000000000000
mem[X,0x0000000080001638] -> 0x0537
mem[X,0x000000008000163A] -> 0x0000
[1539] [M]: 0x0000000080001638 (0x00000537) lui a0, 0
x10 <- 0x0000000000000000
mem[X,0x000000008000163C] -> 0x0513
mem[X,0x000000008000163E] -> 0xFFF5
[1540] [M]: 0x000000008000163C (0xFFF50513) addi a0, a0, 4095
x10 <- 0xFFFFFFFFFFFFFFFF
mem[X,0x0000000080001640] -> 0x1513
mem[X,0x0000000080001642] -> 0x00B5
[1541] [M]: 0x0000000080001640 (0x00B51513) slli a0, a0, 11
x10 <- 0xFFFFFFFFFFFFF800
mem[X,0x0000000080001644] -> 0x0513
mem[X,0x0000000080001646] -> 0x2575
[1542] [M]: 0x0000000080001644 (0x25750513) addi a0, a0, 599
x10 <- 0xFFFFFFFFFFFFFA57
mem[X,0x0000000080001648] -> 0x1513
mem[X,0x000000008000164A] -> 0x00B5
[1543] [M]: 0x0000000080001648 (0x00B51513) slli a0, a0, 11
x10 <- 0xFFFFFFFFFFD2B800
mem[X,0x000000008000164C] -> 0x0513
mem[X,0x000000008000164E] -> 0x6C35
[1544] [M]: 0x000000008000164C (0x6C350513) addi a0, a0, 1731
x10 <- 0xFFFFFFFFFFD2BEC3
mem[X,0x0000000080001650] -> 0x1513
mem[X,0x0000000080001652] -> 0x00A5
[1545] [M]: 0x0000000080001650 (0x00A51513) slli a0, a0, 10
x10 <- 0xFFFFFFFF4AFB0C00
mem[X,0x0000000080001654] -> 0x0513
mem[X,0x0000000080001656] -> 0x0CD5
[1546] [M]: 0x0000000080001654 (0x0CD50513) addi a0, a0, 205
x10 <- 0xFFFFFFFF4AFB0CCD
mem[X,0x0000000080001658] -> 0x8911
[1547] [M]: 0x0000000080001658 (0x8911) c.andi a0, 4
x10 <- 0x0000000000000004
mem[X,0x000000008000165A] -> 0xB023
mem[X,0x000000008000165C] -> 0x70A0
[1548] [M]: 0x000000008000165A (0x70A0B023) sd a0, 1792(ra)
mem[0x0000000080006818] <- 0x0000000000000004
mem[X,0x000000008000165E] -> 0x0537
mem[X,0x0000000080001660] -> 0x0000
[1549] [M]: 0x000000008000165E (0x00000537) lui a0, 0
x10 <- 0x0000000000000000
mem[X,0x0000000080001662] -> 0x0513
mem[X,0x0000000080001664] -> 0xFFF5
[1550] [M]: 0x0000000080001662 (0xFFF50513) addi a0, a0, 4095
x10 <- 0xFFFFFFFFFFFFFFFF
mem[X,0x0000000080001666] -> 0x1513
mem[X,0x0000000080001668] -> 0x00B5
[1551] [M]: 0x0000000080001666 (0x00B51513) slli a0, a0, 11
x10 <- 0xFFFFFFFFFFFFF800
mem[X,0x000000008000166A] -> 0x0513
mem[X,0x000000008000166C] -> 0x2575
[1552] [M]: 0x000000008000166A (0x25750513) addi a0, a0, 599
x10 <- 0xFFFFFFFFFFFFFA57
mem[X,0x000000008000166E] -> 0x1513
mem[X,0x0000000080001670] -> 0x00B5
[1553] [M]: 0x000000008000166E (0x00B51513) slli a0, a0, 11
x10 <- 0xFFFFFFFFFFD2B800
mem[X,0x0000000080001672] -> 0x0513
mem[X,0x0000000080001674] -> 0x6C35
[1554] [M]: 0x0000000080001672 (0x6C350513) addi a0, a0, 1731
x10 <- 0xFFFFFFFFFFD2BEC3
mem[X,0x0000000080001676] -> 0x1513
mem[X,0x0000000080001678] -> 0x00A5
[1555] [M]: 0x0000000080001676 (0x00A51513) slli a0, a0, 10
x10 <- 0xFFFFFFFF4AFB0C00
mem[X,0x000000008000167A] -> 0x0513
mem[X,0x000000008000167C] -> 0x0CD5
[1556] [M]: 0x000000008000167A (0x0CD50513) addi a0, a0, 205
x10 <- 0xFFFFFFFF4AFB0CCD
mem[X,0x000000008000167E] -> 0x8925
[1557] [M]: 0x000000008000167E (0x8925) c.andi a0, 9
x10 <- 0x0000000000000009
mem[X,0x0000000080001680] -> 0xB423
mem[X,0x0000000080001682] -> 0x70A0
[1558] [M]: 0x0000000080001680 (0x70A0B423) sd a0, 1800(ra)
mem[0x0000000080006820] <- 0x0000000000000009
mem[X,0x0000000080001684] -> 0x0537
mem[X,0x0000000080001686] -> 0x0000
[1559] [M]: 0x0000000080001684 (0x00000537) lui a0, 0
x10 <- 0x0000000000000000
mem[X,0x0000000080001688] -> 0x0513
mem[X,0x000000008000168A] -> 0xFFF5
[1560] [M]: 0x0000000080001688 (0xFFF50513) addi a0, a0, 4095
x10 <- 0xFFFFFFFFFFFFFFFF
mem[X,0x000000008000168C] -> 0x1513
mem[X,0x000000008000168E] -> 0x00B5
[1561] [M]: 0x000000008000168C (0x00B51513) slli a0, a0, 11
x10 <- 0xFFFFFFFFFFFFF800
mem[X,0x0000000080001690] -> 0x0513
mem[X,0x0000000080001692] -> 0x2575
[1562] [M]: 0x0000000080001690 (0x25750513) addi a0, a0, 599
x10 <- 0xFFFFFFFFFFFFFA57
mem[X,0x0000000080001694] -> 0x1513
mem[X,0x0000000080001696] -> 0x00B5
[1563] [M]: 0x0000000080001694 (0x00B51513) slli a0, a0, 11
x10 <- 0xFFFFFFFFFFD2B800
mem[X,0x0000000080001698] -> 0x0513
mem[X,0x000000008000169A] -> 0x6C35
[1564] [M]: 0x0000000080001698 (0x6C350513) addi a0, a0, 1731
x10 <- 0xFFFFFFFFFFD2BEC3
mem[X,0x000000008000169C] -> 0x1513
mem[X,0x000000008000169E] -> 0x00A5
[1565] [M]: 0x000000008000169C (0x00A51513) slli a0, a0, 10
x10 <- 0xFFFFFFFF4AFB0C00
mem[X,0x00000000800016A0] -> 0x0513
mem[X,0x00000000800016A2] -> 0x0CD5
[1566] [M]: 0x00000000800016A0 (0x0CD50513) addi a0, a0, 205
x10 <- 0xFFFFFFFF4AFB0CCD
mem[X,0x00000000800016A4] -> 0x8901
[1567] [M]: 0x00000000800016A4 (0x8901) c.andi a0, 0
x10 <- 0x0000000000000000
mem[X,0x00000000800016A6] -> 0xB823
mem[X,0x00000000800016A8] -> 0x70A0
[1568] [M]: 0x00000000800016A6 (0x70A0B823) sd a0, 1808(ra)
mem[0x0000000080006828] <- 0x0000000000000000
mem[X,0x00000000800016AA] -> 0x0537
mem[X,0x00000000800016AC] -> 0x0000
[1569] [M]: 0x00000000800016AA (0x00000537) lui a0, 0
x10 <- 0x0000000000000000
mem[X,0x00000000800016AE] -> 0x0513
mem[X,0x00000000800016B0] -> 0xFFF5
[1570] [M]: 0x00000000800016AE (0xFFF50513) addi a0, a0, 4095
x10 <- 0xFFFFFFFFFFFFFFFF
mem[X,0x00000000800016B2] -> 0x1513
mem[X,0x00000000800016B4] -> 0x00B5
[1571] [M]: 0x00000000800016B2 (0x00B51513) slli a0, a0, 11
x10 <- 0xFFFFFFFFFFFFF800
mem[X,0x00000000800016B6] -> 0x0513
mem[X,0x00000000800016B8] -> 0x2575
[1572] [M]: 0x00000000800016B6 (0x25750513) addi a0, a0, 599
x10 <- 0xFFFFFFFFFFFFFA57
mem[X,0x00000000800016BA] -> 0x1513
mem[X,0x00000000800016BC] -> 0x00B5
[1573] [M]: 0x00000000800016BA (0x00B51513) slli a0, a0, 11
x10 <- 0xFFFFFFFFFFD2B800
mem[X,0x00000000800016BE] -> 0x0513
mem[X,0x00000000800016C0] -> 0x6C35
[1574] [M]: 0x00000000800016BE (0x6C350513) addi a0, a0, 1731
x10 <- 0xFFFFFFFFFFD2BEC3
mem[X,0x00000000800016C2] -> 0x1513
mem[X,0x00000000800016C4] -> 0x00A5
[1575] [M]: 0x00000000800016C2 (0x00A51513) slli a0, a0, 10
x10 <- 0xFFFFFFFF4AFB0C00
mem[X,0x00000000800016C6] -> 0x0513
mem[X,0x00000000800016C8] -> 0x0CD5
[1576] [M]: 0x00000000800016C6 (0x0CD50513) addi a0, a0, 205
x10 <- 0xFFFFFFFF4AFB0CCD
mem[X,0x00000000800016CA] -> 0x892D
[1577] [M]: 0x00000000800016CA (0x892D) c.andi a0, 11
x10 <- 0x0000000000000009
mem[X,0x00000000800016CC] -> 0xBC23
mem[X,0x00000000800016CE] -> 0x70A0
[1578] [M]: 0x00000000800016CC (0x70A0BC23) sd a0, 1816(ra)
mem[0x0000000080006830] <- 0x0000000000000009
mem[X,0x00000000800016D0] -> 0x0537
mem[X,0x00000000800016D2] -> 0x0000
[1579] [M]: 0x00000000800016D0 (0x00000537) lui a0, 0
x10 <- 0x0000000000000000
mem[X,0x00000000800016D4] -> 0x0513
mem[X,0x00000000800016D6] -> 0xFFF5
[1580] [M]: 0x00000000800016D4 (0xFFF50513) addi a0, a0, 4095
x10 <- 0xFFFFFFFFFFFFFFFF
mem[X,0x00000000800016D8] -> 0x1513
mem[X,0x00000000800016DA] -> 0x00B5
[1581] [M]: 0x00000000800016D8 (0x00B51513) slli a0, a0, 11
x10 <- 0xFFFFFFFFFFFFF800
mem[X,0x00000000800016DC] -> 0x0513
mem[X,0x00000000800016DE] -> 0x2575
[1582] [M]: 0x00000000800016DC (0x25750513) addi a0, a0, 599
x10 <- 0xFFFFFFFFFFFFFA57
mem[X,0x00000000800016E0] -> 0x1513
mem[X,0x00000000800016E2] -> 0x00B5
[1583] [M]: 0x00000000800016E0 (0x00B51513) slli a0, a0, 11
x10 <- 0xFFFFFFFFFFD2B800
mem[X,0x00000000800016E4] -> 0x0513
mem[X,0x00000000800016E6] -> 0x6C35
[1584] [M]: 0x00000000800016E4 (0x6C350513) addi a0, a0, 1731
x10 <- 0xFFFFFFFFFFD2BEC3
mem[X,0x00000000800016E8] -> 0x1513
mem[X,0x00000000800016EA] -> 0x00A5
[1585] [M]: 0x00000000800016E8 (0x00A51513) slli a0, a0, 10
x10 <- 0xFFFFFFFF4AFB0C00
mem[X,0x00000000800016EC] -> 0x0513
mem[X,0x00000000800016EE] -> 0x0CD5
[1586] [M]: 0x00000000800016EC (0x0CD50513) addi a0, a0, 205
x10 <- 0xFFFFFFFF4AFB0CCD
mem[X,0x00000000800016F0] -> 0x891D
[1587] [M]: 0x00000000800016F0 (0x891D) c.andi a0, 7
x10 <- 0x0000000000000005
mem[X,0x00000000800016F2] -> 0xB023
mem[X,0x00000000800016F4] -> 0x72A0
[1588] [M]: 0x00000000800016F2 (0x72A0B023) sd a0, 1824(ra)
mem[0x0000000080006838] <- 0x0000000000000005
mem[X,0x00000000800016F6] -> 0x0537
mem[X,0x00000000800016F8] -> 0x0000
[1589] [M]: 0x00000000800016F6 (0x00000537) lui a0, 0
x10 <- 0x0000000000000000
mem[X,0x00000000800016FA] -> 0x0513
mem[X,0x00000000800016FC] -> 0xFFF5
[1590] [M]: 0x00000000800016FA (0xFFF50513) addi a0, a0, 4095
x10 <- 0xFFFFFFFFFFFFFFFF
mem[X,0x00000000800016FE] -> 0x1513
mem[X,0x0000000080001700] -> 0x00B5
[1591] [M]: 0x00000000800016FE (0x00B51513) slli a0, a0, 11
x10 <- 0xFFFFFFFFFFFFF800
mem[X,0x0000000080001702] -> 0x0513
mem[X,0x0000000080001704] -> 0x2575
[1592] [M]: 0x0000000080001702 (0x25750513) addi a0, a0, 599
x10 <- 0xFFFFFFFFFFFFFA57
mem[X,0x0000000080001706] -> 0x1513
mem[X,0x0000000080001708] -> 0x00B5
[1593] [M]: 0x0000000080001706 (0x00B51513) slli a0, a0, 11
x10 <- 0xFFFFFFFFFFD2B800
mem[X,0x000000008000170A] -> 0x0513
mem[X,0x000000008000170C] -> 0x6C35
[1594] [M]: 0x000000008000170A (0x6C350513) addi a0, a0, 1731
x10 <- 0xFFFFFFFFFFD2BEC3
mem[X,0x000000008000170E] -> 0x1513
mem[X,0x0000000080001710] -> 0x00A5
[1595] [M]: 0x000000008000170E (0x00A51513) slli a0, a0, 10
x10 <- 0xFFFFFFFF4AFB0C00
mem[X,0x0000000080001712] -> 0x0513
mem[X,0x0000000080001714] -> 0x0CD5
[1596] [M]: 0x0000000080001712 (0x0CD50513) addi a0, a0, 205
x10 <- 0xFFFFFFFF4AFB0CCD
mem[X,0x0000000080001716] -> 0x997D
[1597] [M]: 0x0000000080001716 (0x997D) c.andi a0, 63
x10 <- 0xFFFFFFFF4AFB0CCD
mem[X,0x0000000080001718] -> 0xB423
mem[X,0x000000008000171A] -> 0x72A0
[1598] [M]: 0x0000000080001718 (0x72A0B423) sd a0, 1832(ra)
mem[0x0000000080006840] <- 0xFFFFFFFF4AFB0CCD
mem[X,0x000000008000171C] -> 0x0537
mem[X,0x000000008000171E] -> 0x0000
[1599] [M]: 0x000000008000171C (0x00000537) lui a0, 0
x10 <- 0x0000000000000000
clint::tick mtime <- 0x0000000000000010
 clint timer pending at mtime 0x0000000000000010
htif::tick 0x0000000000000000
mem[X,0x0000000080001720] -> 0x0513
mem[X,0x0000000080001722] -> 0xFFF5
[1600] [M]: 0x0000000080001720 (0xFFF50513) addi a0, a0, 4095
x10 <- 0xFFFFFFFFFFFFFFFF
mem[X,0x0000000080001724] -> 0x1513
mem[X,0x0000000080001726] -> 0x00B5
[1601] [M]: 0x0000000080001724 (0x00B51513) slli a0, a0, 11
x10 <- 0xFFFFFFFFFFFFF800
mem[X,0x0000000080001728] -> 0x0513
mem[X,0x000000008000172A] -> 0x2575
[1602] [M]: 0x0000000080001728 (0x25750513) addi a0, a0, 599
x10 <- 0xFFFFFFFFFFFFFA57
mem[X,0x000000008000172C] -> 0x1513
mem[X,0x000000008000172E] -> 0x00B5
[1603] [M]: 0x000000008000172C (0x00B51513) slli a0, a0, 11
x10 <- 0xFFFFFFFFFFD2B800
mem[X,0x0000000080001730] -> 0x0513
mem[X,0x0000000080001732] -> 0x6C35
[1604] [M]: 0x0000000080001730 (0x6C350513) addi a0, a0, 1731
x10 <- 0xFFFFFFFFFFD2BEC3
mem[X,0x0000000080001734] -> 0x1513
mem[X,0x0000000080001736] -> 0x00A5
[1605] [M]: 0x0000000080001734 (0x00A51513) slli a0, a0, 10
x10 <- 0xFFFFFFFF4AFB0C00
mem[X,0x0000000080001738] -> 0x0513
mem[X,0x000000008000173A] -> 0x0CD5
[1606] [M]: 0x0000000080001738 (0x0CD50513) addi a0, a0, 205
x10 <- 0xFFFFFFFF4AFB0CCD
mem[X,0x000000008000173C] -> 0x9971
[1607] [M]: 0x000000008000173C (0x9971) c.andi a0, 60
x10 <- 0xFFFFFFFF4AFB0CCC
mem[X,0x000000008000173E] -> 0xB823
mem[X,0x0000000080001740] -> 0x72A0
[1608] [M]: 0x000000008000173E (0x72A0B823) sd a0, 1840(ra)
mem[0x0000000080006848] <- 0xFFFFFFFF4AFB0CCC
mem[X,0x0000000080001742] -> 0x0537
mem[X,0x0000000080001744] -> 0x0000
[1609] [M]: 0x0000000080001742 (0x00000537) lui a0, 0
x10 <- 0x0000000000000000
mem[X,0x0000000080001746] -> 0x0513
mem[X,0x0000000080001748] -> 0x0005
[1610] [M]: 0x0000000080001746 (0x00050513) addi a0, a0, 0
x10 <- 0x0000000000000000
mem[X,0x000000008000174A] -> 0x1513
mem[X,0x000000008000174C] -> 0x00B5
[1611] [M]: 0x000000008000174A (0x00B51513) slli a0, a0, 11
x10 <- 0x0000000000000000
mem[X,0x000000008000174E] -> 0x0513
mem[X,0x0000000080001750] -> 0x5A85
[1612] [M]: 0x000000008000174E (0x5A850513) addi a0, a0, 1448
x10 <- 0x00000000000005A8
mem[X,0x0000000080001752] -> 0x1513
mem[X,0x0000000080001754] -> 0x00B5
[1613] [M]: 0x0000000080001752 (0x00B51513) slli a0, a0, 11
x10 <- 0x00000000002D4000
mem[X,0x0000000080001756] -> 0x0513
mem[X,0x0000000080001758] -> 0x13C5
[1614] [M]: 0x0000000080001756 (0x13C50513) addi a0, a0, 316
x10 <- 0x00000000002D413C
mem[X,0x000000008000175A] -> 0x1513
mem[X,0x000000008000175C] -> 0x00A5
[1615] [M]: 0x000000008000175A (0x00A51513) slli a0, a0, 10
x10 <- 0x00000000B504F000
mem[X,0x000000008000175E] -> 0x0513
mem[X,0x0000000080001760] -> 0x3335
[1616] [M]: 0x000000008000175E (0x33350513) addi a0, a0, 819
x10 <- 0x00000000B504F333
mem[X,0x0000000080001762] -> 0x890D
[1617] [M]: 0x0000000080001762 (0x890D) c.andi a0, 3
x10 <- 0x0000000000000003
mem[X,0x0000000080001764] -> 0xBC23
mem[X,0x0000000080001766] -> 0x72A0
[1618] [M]: 0x0000000080001764 (0x72A0BC23) sd a0, 1848(ra)
mem[0x0000000080006850] <- 0x0000000000000003
mem[X,0x0000000080001768] -> 0x0537
mem[X,0x000000008000176A] -> 0x0000
[1619] [M]: 0x0000000080001768 (0x00000537) lui a0, 0
x10 <- 0x0000000000000000
mem[X,0x000000008000176C] -> 0x0513
mem[X,0x000000008000176E] -> 0x0005
[1620] [M]: 0x000000008000176C (0x00050513) addi a0, a0, 0
x10 <- 0x0000000000000000
mem[X,0x0000000080001770] -> 0x1513
mem[X,0x0000000080001772] -> 0x00B5
[1621] [M]: 0x0000000080001770 (0x00B51513) slli a0, a0, 11
x10 <- 0x0000000000000000
mem[X,0x0000000080001774] -> 0x0513
mem[X,0x0000000080001776] -> 0x5A85
[1622] [M]: 0x0000000080001774 (0x5A850513) addi a0, a0, 1448
x10 <- 0x00000000000005A8
mem[X,0x0000000080001778] -> 0x1513
mem[X,0x000000008000177A] -> 0x00B5
[1623] [M]: 0x0000000080001778 (0x00B51513) slli a0, a0, 11
x10 <- 0x00000000002D4000
mem[X,0x000000008000177C] -> 0x0513
mem[X,0x000000008000177E] -> 0x13C5
[1624] [M]: 0x000000008000177C (0x13C50513) addi a0, a0, 316
x10 <- 0x00000000002D413C
mem[X,0x0000000080001780] -> 0x1513
mem[X,0x0000000080001782] -> 0x00A5
[1625] [M]: 0x0000000080001780 (0x00A51513) slli a0, a0, 10
x10 <- 0x00000000B504F000
mem[X,0x0000000080001784] -> 0x0513
mem[X,0x0000000080001786] -> 0x3335
[1626] [M]: 0x0000000080001784 (0x33350513) addi a0, a0, 819
x10 <- 0x00000000B504F333
mem[X,0x0000000080001788] -> 0x8915
[1627] [M]: 0x0000000080001788 (0x8915) c.andi a0, 5
x10 <- 0x0000000000000001
mem[X,0x000000008000178A] -> 0xB023
mem[X,0x000000008000178C] -> 0x74A0
[1628] [M]: 0x000000008000178A (0x74A0B023) sd a0, 1856(ra)
mem[0x0000000080006858] <- 0x0000000000000001
mem[X,0x000000008000178E] -> 0x0537
mem[X,0x0000000080001790] -> 0x0000
[1629] [M]: 0x000000008000178E (0x00000537) lui a0, 0
x10 <- 0x0000000000000000
mem[X,0x0000000080001792] -> 0x0513
mem[X,0x0000000080001794] -> 0x0005
[1630] [M]: 0x0000000080001792 (0x00050513) addi a0, a0, 0
x10 <- 0x0000000000000000
mem[X,0x0000000080001796] -> 0x1513
mem[X,0x0000000080001798] -> 0x00B5
[1631] [M]: 0x0000000080001796 (0x00B51513) slli a0, a0, 11
x10 <- 0x0000000000000000
mem[X,0x000000008000179A] -> 0x0513
mem[X,0x000000008000179C] -> 0x5A85
[1632] [M]: 0x000000008000179A (0x5A850513) addi a0, a0, 1448
x10 <- 0x00000000000005A8
mem[X,0x000000008000179E] -> 0x1513
mem[X,0x00000000800017A0] -> 0x00B5
[1633] [M]: 0x000000008000179E (0x00B51513) slli a0, a0, 11
x10 <- 0x00000000002D4000
mem[X,0x00000000800017A2] -> 0x0513
mem[X,0x00000000800017A4] -> 0x13C5
[1634] [M]: 0x00000000800017A2 (0x13C50513) addi a0, a0, 316
x10 <- 0x00000000002D413C
mem[X,0x00000000800017A6] -> 0x1513
mem[X,0x00000000800017A8] -> 0x00A5
[1635] [M]: 0x00000000800017A6 (0x00A51513) slli a0, a0, 10
x10 <- 0x00000000B504F000
mem[X,0x00000000800017AA] -> 0x0513
mem[X,0x00000000800017AC] -> 0x3335
[1636] [M]: 0x00000000800017AA (0x33350513) addi a0, a0, 819
x10 <- 0x00000000B504F333
mem[X,0x00000000800017AE] -> 0x8929
[1637] [M]: 0x00000000800017AE (0x8929) c.andi a0, 10
x10 <- 0x0000000000000002
mem[X,0x00000000800017B0] -> 0xB423
mem[X,0x00000000800017B2] -> 0x74A0
[1638] [M]: 0x00000000800017B0 (0x74A0B423) sd a0, 1864(ra)
mem[0x0000000080006860] <- 0x0000000000000002
mem[X,0x00000000800017B4] -> 0x0537
mem[X,0x00000000800017B6] -> 0x0000
[1639] [M]: 0x00000000800017B4 (0x00000537) lui a0, 0
x10 <- 0x0000000000000000
mem[X,0x00000000800017B8] -> 0x0513
mem[X,0x00000000800017BA] -> 0x0005
[1640] [M]: 0x00000000800017B8 (0x00050513) addi a0, a0, 0
x10 <- 0x0000000000000000
mem[X,0x00000000800017BC] -> 0x1513
mem[X,0x00000000800017BE] -> 0x00B5
[1641] [M]: 0x00000000800017BC (0x00B51513) slli a0, a0, 11
x10 <- 0x0000000000000000
mem[X,0x00000000800017C0] -> 0x0513
mem[X,0x00000000800017C2] -> 0x5A85
[1642] [M]: 0x00000000800017C0 (0x5A850513) addi a0, a0, 1448
x10 <- 0x00000000000005A8
mem[X,0x00000000800017C4] -> 0x1513
mem[X,0x00000000800017C6] -> 0x00B5
[1643] [M]: 0x00000000800017C4 (0x00B51513) slli a0, a0, 11
x10 <- 0x00000000002D4000
mem[X,0x00000000800017C8] -> 0x0513
mem[X,0x00000000800017CA] -> 0x13C5
[1644] [M]: 0x00000000800017C8 (0x13C50513) addi a0, a0, 316
x10 <- 0x00000000002D413C
mem[X,0x00000000800017CC] -> 0x1513
mem[X,0x00000000800017CE] -> 0x00A5
[1645] [M]: 0x00000000800017CC (0x00A51513) slli a0, a0, 10
x10 <- 0x00000000B504F000
mem[X,0x00000000800017D0] -> 0x0513
mem[X,0x00000000800017D2] -> 0x3335
[1646] [M]: 0x00000000800017D0 (0x33350513) addi a0, a0, 819
x10 <- 0x00000000B504F333
mem[X,0x00000000800017D4] -> 0x8919
[1647] [M]: 0x00000000800017D4 (0x8919) c.andi a0, 6
x10 <- 0x0000000000000002
mem[X,0x00000000800017D6] -> 0xB823
mem[X,0x00000000800017D8] -> 0x74A0
[1648] [M]: 0x00000000800017D6 (0x74A0B823) sd a0, 1872(ra)
mem[0x0000000080006868] <- 0x0000000000000002
mem[X,0x00000000800017DA] -> 0x0537
mem[X,0x00000000800017DC] -> 0x0000
[1649] [M]: 0x00000000800017DA (0x00000537) lui a0, 0
x10 <- 0x0000000000000000
mem[X,0x00000000800017DE] -> 0x0513
mem[X,0x00000000800017E0] -> 0x0005
[1650] [M]: 0x00000000800017DE (0x00050513) addi a0, a0, 0
x10 <- 0x0000000000000000
mem[X,0x00000000800017E2] -> 0x1513
mem[X,0x00000000800017E4] -> 0x00B5
[1651] [M]: 0x00000000800017E2 (0x00B51513) slli a0, a0, 11
x10 <- 0x0000000000000000
mem[X,0x00000000800017E6] -> 0x0513
mem[X,0x00000000800017E8] -> 0x5A85
[1652] [M]: 0x00000000800017E6 (0x5A850513) addi a0, a0, 1448
x10 <- 0x00000000000005A8
mem[X,0x00000000800017EA] -> 0x1513
mem[X,0x00000000800017EC] -> 0x00B5
[1653] [M]: 0x00000000800017EA (0x00B51513) slli a0, a0, 11
x10 <- 0x00000000002D4000
mem[X,0x00000000800017EE] -> 0x0513
mem[X,0x00000000800017F0] -> 0x13C5
[1654] [M]: 0x00000000800017EE (0x13C50513) addi a0, a0, 316
x10 <- 0x00000000002D413C
mem[X,0x00000000800017F2] -> 0x1513
mem[X,0x00000000800017F4] -> 0x00A5
[1655] [M]: 0x00000000800017F2 (0x00A51513) slli a0, a0, 10
x10 <- 0x00000000B504F000
mem[X,0x00000000800017F6] -> 0x0513
mem[X,0x00000000800017F8] -> 0x3335
[1656] [M]: 0x00000000800017F6 (0x33350513) addi a0, a0, 819
x10 <- 0x00000000B504F333
mem[X,0x00000000800017FA] -> 0x9979
[1657] [M]: 0x00000000800017FA (0x9979) c.andi a0, 62
x10 <- 0x00000000B504F332
mem[X,0x00000000800017FC] -> 0xBC23
mem[X,0x00000000800017FE] -> 0x74A0
[1658] [M]: 0x00000000800017FC (0x74A0BC23) sd a0, 1880(ra)
mem[0x0000000080006870] <- 0x00000000B504F332
mem[X,0x0000000080001800] -> 0x0537
mem[X,0x0000000080001802] -> 0x0000
[1659] [M]: 0x0000000080001800 (0x00000537) lui a0, 0
x10 <- 0x0000000000000000
mem[X,0x0000000080001804] -> 0x0513
mem[X,0x0000000080001806] -> 0x0005
[1660] [M]: 0x0000000080001804 (0x00050513) addi a0, a0, 0
x10 <- 0x0000000000000000
mem[X,0x0000000080001808] -> 0x1513
mem[X,0x000000008000180A] -> 0x00B5
[1661] [M]: 0x0000000080001808 (0x00B51513) slli a0, a0, 11
x10 <- 0x0000000000000000
mem[X,0x000000008000180C] -> 0x0513
mem[X,0x000000008000180E] -> 0x5A85
[1662] [M]: 0x000000008000180C (0x5A850513) addi a0, a0, 1448
x10 <- 0x00000000000005A8
mem[X,0x0000000080001810] -> 0x1513
mem[X,0x0000000080001812] -> 0x00B5
[1663] [M]: 0x0000000080001810 (0x00B51513) slli a0, a0, 11
x10 <- 0x00000000002D4000
mem[X,0x0000000080001814] -> 0x0513
mem[X,0x0000000080001816] -> 0x13C5
[1664] [M]: 0x0000000080001814 (0x13C50513) addi a0, a0, 316
x10 <- 0x00000000002D413C
mem[X,0x0000000080001818] -> 0x1513
mem[X,0x000000008000181A] -> 0x00A5
[1665] [M]: 0x0000000080001818 (0x00A51513) slli a0, a0, 10
x10 <- 0x00000000B504F000
mem[X,0x000000008000181C] -> 0x0513
mem[X,0x000000008000181E] -> 0x3335
[1666] [M]: 0x000000008000181C (0x33350513) addi a0, a0, 819
x10 <- 0x00000000B504F333
mem[X,0x0000000080001820] -> 0x996D
[1667] [M]: 0x0000000080001820 (0x996D) c.andi a0, 59
x10 <- 0x00000000B504F333
mem[X,0x0000000080001822] -> 0xB023
mem[X,0x0000000080001824] -> 0x76A0
[1668] [M]: 0x0000000080001822 (0x76A0B023) sd a0, 1888(ra)
mem[0x0000000080006878] <- 0x00000000B504F333
mem[X,0x0000000080001826] -> 0x0537
mem[X,0x0000000080001828] -> 0x0000
[1669] [M]: 0x0000000080001826 (0x00000537) lui a0, 0
x10 <- 0x0000000000000000
mem[X,0x000000008000182A] -> 0x0513
mem[X,0x000000008000182C] -> 0x0005
[1670] [M]: 0x000000008000182A (0x00050513) addi a0, a0, 0
x10 <- 0x0000000000000000
mem[X,0x000000008000182E] -> 0x1513
mem[X,0x0000000080001830] -> 0x00B5
[1671] [M]: 0x000000008000182E (0x00B51513) slli a0, a0, 11
x10 <- 0x0000000000000000
mem[X,0x0000000080001832] -> 0x0513
mem[X,0x0000000080001834] -> 0x5A85
[1672] [M]: 0x0000000080001832 (0x5A850513) addi a0, a0, 1448
x10 <- 0x00000000000005A8
mem[X,0x0000000080001836] -> 0x1513
mem[X,0x0000000080001838] -> 0x00B5
[1673] [M]: 0x0000000080001836 (0x00B51513) slli a0, a0, 11
x10 <- 0x00000000002D4000
mem[X,0x000000008000183A] -> 0x0513
mem[X,0x000000008000183C] -> 0x13C5
[1674] [M]: 0x000000008000183A (0x13C50513) addi a0, a0, 316
x10 <- 0x00000000002D413C
mem[X,0x000000008000183E] -> 0x1513
mem[X,0x0000000080001840] -> 0x00A5
[1675] [M]: 0x000000008000183E (0x00A51513) slli a0, a0, 10
x10 <- 0x00000000B504F000
mem[X,0x0000000080001842] -> 0x0513
mem[X,0x0000000080001844] -> 0x3335
[1676] [M]: 0x0000000080001842 (0x33350513) addi a0, a0, 819
x10 <- 0x00000000B504F333
mem[X,0x0000000080001846] -> 0x8909
[1677] [M]: 0x0000000080001846 (0x8909) c.andi a0, 2
x10 <- 0x0000000000000002
mem[X,0x0000000080001848] -> 0xB423
mem[X,0x000000008000184A] -> 0x76A0
[1678] [M]: 0x0000000080001848 (0x76A0B423) sd a0, 1896(ra)
mem[0x0000000080006880] <- 0x0000000000000002
mem[X,0x000000008000184C] -> 0x0537
mem[X,0x000000008000184E] -> 0x0000
[1679] [M]: 0x000000008000184C (0x00000537) lui a0, 0
x10 <- 0x0000000000000000
mem[X,0x0000000080001850] -> 0x0513
mem[X,0x0000000080001852] -> 0x0005
[1680] [M]: 0x0000000080001850 (0x00050513) addi a0, a0, 0
x10 <- 0x0000000000000000
mem[X,0x0000000080001854] -> 0x1513
mem[X,0x0000000080001856] -> 0x00B5
[1681] [M]: 0x0000000080001854 (0x00B51513) slli a0, a0, 11
x10 <- 0x0000000000000000
mem[X,0x0000000080001858] -> 0x0513
mem[X,0x000000008000185A] -> 0x5A85
[1682] [M]: 0x0000000080001858 (0x5A850513) addi a0, a0, 1448
x10 <- 0x00000000000005A8
mem[X,0x000000008000185C] -> 0x1513
mem[X,0x000000008000185E] -> 0x00B5
[1683] [M]: 0x000000008000185C (0x00B51513) slli a0, a0, 11
x10 <- 0x00000000002D4000
mem[X,0x0000000080001860] -> 0x0513
mem[X,0x0000000080001862] -> 0x13C5
[1684] [M]: 0x0000000080001860 (0x13C50513) addi a0, a0, 316
x10 <- 0x00000000002D413C
mem[X,0x0000000080001864] -> 0x1513
mem[X,0x0000000080001866] -> 0x00A5
[1685] [M]: 0x0000000080001864 (0x00A51513) slli a0, a0, 10
x10 <- 0x00000000B504F000
mem[X,0x0000000080001868] -> 0x0513
mem[X,0x000000008000186A] -> 0x3335
[1686] [M]: 0x0000000080001868 (0x33350513) addi a0, a0, 819
x10 <- 0x00000000B504F333
mem[X,0x000000008000186C] -> 0x8911
[1687] [M]: 0x000000008000186C (0x8911) c.andi a0, 4
x10 <- 0x0000000000000000
mem[X,0x000000008000186E] -> 0xB823
mem[X,0x0000000080001870] -> 0x76A0
[1688] [M]: 0x000000008000186E (0x76A0B823) sd a0, 1904(ra)
mem[0x0000000080006888] <- 0x0000000000000000
mem[X,0x0000000080001872] -> 0x0537
mem[X,0x0000000080001874] -> 0x0000
[1689] [M]: 0x0000000080001872 (0x00000537) lui a0, 0
x10 <- 0x0000000000000000
mem[X,0x0000000080001876] -> 0x0513
mem[X,0x0000000080001878] -> 0x0005
[1690] [M]: 0x0000000080001876 (0x00050513) addi a0, a0, 0
x10 <- 0x0000000000000000
mem[X,0x000000008000187A] -> 0x1513
mem[X,0x000000008000187C] -> 0x00B5
[1691] [M]: 0x000000008000187A (0x00B51513) slli a0, a0, 11
x10 <- 0x0000000000000000
mem[X,0x000000008000187E] -> 0x0513
mem[X,0x0000000080001880] -> 0x5A85
[1692] [M]: 0x000000008000187E (0x5A850513) addi a0, a0, 1448
x10 <- 0x00000000000005A8
mem[X,0x0000000080001882] -> 0x1513
mem[X,0x0000000080001884] -> 0x00B5
[1693] [M]: 0x0000000080001882 (0x00B51513) slli a0, a0, 11
x10 <- 0x00000000002D4000
mem[X,0x0000000080001886] -> 0x0513
mem[X,0x0000000080001888] -> 0x13C5
[1694] [M]: 0x0000000080001886 (0x13C50513) addi a0, a0, 316
x10 <- 0x00000000002D413C
mem[X,0x000000008000188A] -> 0x1513
mem[X,0x000000008000188C] -> 0x00A5
[1695] [M]: 0x000000008000188A (0x00A51513) slli a0, a0, 10
x10 <- 0x00000000B504F000
mem[X,0x000000008000188E] -> 0x0513
mem[X,0x0000000080001890] -> 0x3335
[1696] [M]: 0x000000008000188E (0x33350513) addi a0, a0, 819
x10 <- 0x00000000B504F333
mem[X,0x0000000080001892] -> 0x8925
[1697] [M]: 0x0000000080001892 (0x8925) c.andi a0, 9
x10 <- 0x0000000000000001
mem[X,0x0000000080001894] -> 0xBC23
mem[X,0x0000000080001896] -> 0x76A0
[1698] [M]: 0x0000000080001894 (0x76A0BC23) sd a0, 1912(ra)
mem[0x0000000080006890] <- 0x0000000000000001
mem[X,0x0000000080001898] -> 0x0537
mem[X,0x000000008000189A] -> 0x0000
[1699] [M]: 0x0000000080001898 (0x00000537) lui a0, 0
x10 <- 0x0000000000000000
clint::tick mtime <- 0x0000000000000011
 clint timer pending at mtime 0x0000000000000011
htif::tick 0x0000000000000000
mem[X,0x000000008000189C] -> 0x0513
mem[X,0x000000008000189E] -> 0x0005
[1700] [M]: 0x000000008000189C (0x00050513) addi a0, a0, 0
x10 <- 0x0000000000000000
mem[X,0x00000000800018A0] -> 0x1513
mem[X,0x00000000800018A2] -> 0x00B5
[1701] [M]: 0x00000000800018A0 (0x00B51513) slli a0, a0, 11
x10 <- 0x0000000000000000
mem[X,0x00000000800018A4] -> 0x0513
mem[X,0x00000000800018A6] -> 0x5A85
[1702] [M]: 0x00000000800018A4 (0x5A850513) addi a0, a0, 1448
x10 <- 0x00000000000005A8
mem[X,0x00000000800018A8] -> 0x1513
mem[X,0x00000000800018AA] -> 0x00B5
[1703] [M]: 0x00000000800018A8 (0x00B51513) slli a0, a0, 11
x10 <- 0x00000000002D4000
mem[X,0x00000000800018AC] -> 0x0513
mem[X,0x00000000800018AE] -> 0x13C5
[1704] [M]: 0x00000000800018AC (0x13C50513) addi a0, a0, 316
x10 <- 0x00000000002D413C
mem[X,0x00000000800018B0] -> 0x1513
mem[X,0x00000000800018B2] -> 0x00A5
[1705] [M]: 0x00000000800018B0 (0x00A51513) slli a0, a0, 10
x10 <- 0x00000000B504F000
mem[X,0x00000000800018B4] -> 0x0513
mem[X,0x00000000800018B6] -> 0x3335
[1706] [M]: 0x00000000800018B4 (0x33350513) addi a0, a0, 819
x10 <- 0x00000000B504F333
mem[X,0x00000000800018B8] -> 0x8901
[1707] [M]: 0x00000000800018B8 (0x8901) c.andi a0, 0
x10 <- 0x0000000000000000
mem[X,0x00000000800018BA] -> 0xB023
mem[X,0x00000000800018BC] -> 0x78A0
[1708] [M]: 0x00000000800018BA (0x78A0B023) sd a0, 1920(ra)
mem[0x0000000080006898] <- 0x0000000000000000
mem[X,0x00000000800018BE] -> 0x0537
mem[X,0x00000000800018C0] -> 0x0000
[1709] [M]: 0x00000000800018BE (0x00000537) lui a0, 0
x10 <- 0x0000000000000000
mem[X,0x00000000800018C2] -> 0x0513
mem[X,0x00000000800018C4] -> 0x0005
[1710] [M]: 0x00000000800018C2 (0x00050513) addi a0, a0, 0
x10 <- 0x0000000000000000
mem[X,0x00000000800018C6] -> 0x1513
mem[X,0x00000000800018C8] -> 0x00B5
[1711] [M]: 0x00000000800018C6 (0x00B51513) slli a0, a0, 11
x10 <- 0x0000000000000000
mem[X,0x00000000800018CA] -> 0x0513
mem[X,0x00000000800018CC] -> 0x5A85
[1712] [M]: 0x00000000800018CA (0x5A850513) addi a0, a0, 1448
x10 <- 0x00000000000005A8
mem[X,0x00000000800018CE] -> 0x1513
mem[X,0x00000000800018D0] -> 0x00B5
[1713] [M]: 0x00000000800018CE (0x00B51513) slli a0, a0, 11
x10 <- 0x00000000002D4000
mem[X,0x00000000800018D2] -> 0x0513
mem[X,0x00000000800018D4] -> 0x13C5
[1714] [M]: 0x00000000800018D2 (0x13C50513) addi a0, a0, 316
x10 <- 0x00000000002D413C
mem[X,0x00000000800018D6] -> 0x1513
mem[X,0x00000000800018D8] -> 0x00A5
[1715] [M]: 0x00000000800018D6 (0x00A51513) slli a0, a0, 10
x10 <- 0x00000000B504F000
mem[X,0x00000000800018DA] -> 0x0513
mem[X,0x00000000800018DC] -> 0x3335
[1716] [M]: 0x00000000800018DA (0x33350513) addi a0, a0, 819
x10 <- 0x00000000B504F333
mem[X,0x00000000800018DE] -> 0x892D
[1717] [M]: 0x00000000800018DE (0x892D) c.andi a0, 11
x10 <- 0x0000000000000003
mem[X,0x00000000800018E0] -> 0xB423
mem[X,0x00000000800018E2] -> 0x78A0
[1718] [M]: 0x00000000800018E0 (0x78A0B423) sd a0, 1928(ra)
mem[0x00000000800068A0] <- 0x0000000000000003
mem[X,0x00000000800018E4] -> 0x0537
mem[X,0x00000000800018E6] -> 0x0000
[1719] [M]: 0x00000000800018E4 (0x00000537) lui a0, 0
x10 <- 0x0000000000000000
mem[X,0x00000000800018E8] -> 0x0513
mem[X,0x00000000800018EA] -> 0x0005
[1720] [M]: 0x00000000800018E8 (0x00050513) addi a0, a0, 0
x10 <- 0x0000000000000000
mem[X,0x00000000800018EC] -> 0x1513
mem[X,0x00000000800018EE] -> 0x00B5
[1721] [M]: 0x00000000800018EC (0x00B51513) slli a0, a0, 11
x10 <- 0x0000000000000000
mem[X,0x00000000800018F0] -> 0x0513
mem[X,0x00000000800018F2] -> 0x5A85
[1722] [M]: 0x00000000800018F0 (0x5A850513) addi a0, a0, 1448
x10 <- 0x00000000000005A8
mem[X,0x00000000800018F4] -> 0x1513
mem[X,0x00000000800018F6] -> 0x00B5
[1723] [M]: 0x00000000800018F4 (0x00B51513) slli a0, a0, 11
x10 <- 0x00000000002D4000
mem[X,0x00000000800018F8] -> 0x0513
mem[X,0x00000000800018FA] -> 0x13C5
[1724] [M]: 0x00000000800018F8 (0x13C50513) addi a0, a0, 316
x10 <- 0x00000000002D413C
mem[X,0x00000000800018FC] -> 0x1513
mem[X,0x00000000800018FE] -> 0x00A5
[1725] [M]: 0x00000000800018FC (0x00A51513) slli a0, a0, 10
x10 <- 0x00000000B504F000
mem[X,0x0000000080001900] -> 0x0513
mem[X,0x0000000080001902] -> 0x3335
[1726] [M]: 0x0000000080001900 (0x33350513) addi a0, a0, 819
x10 <- 0x00000000B504F333
mem[X,0x0000000080001904] -> 0x891D
[1727] [M]: 0x0000000080001904 (0x891D) c.andi a0, 7
x10 <- 0x0000000000000003
mem[X,0x0000000080001906] -> 0xB823
mem[X,0x0000000080001908] -> 0x78A0
[1728] [M]: 0x0000000080001906 (0x78A0B823) sd a0, 1936(ra)
mem[0x00000000800068A8] <- 0x0000000000000003
mem[X,0x000000008000190A] -> 0x0537
mem[X,0x000000008000190C] -> 0x0000
[1729] [M]: 0x000000008000190A (0x00000537) lui a0, 0
x10 <- 0x0000000000000000
mem[X,0x000000008000190E] -> 0x0513
mem[X,0x0000000080001910] -> 0x0005
[1730] [M]: 0x000000008000190E (0x00050513) addi a0, a0, 0
x10 <- 0x0000000000000000
mem[X,0x0000000080001912] -> 0x1513
mem[X,0x0000000080001914] -> 0x00B5
[1731] [M]: 0x0000000080001912 (0x00B51513) slli a0, a0, 11
x10 <- 0x0000000000000000
mem[X,0x0000000080001916] -> 0x0513
mem[X,0x0000000080001918] -> 0x5A85
[1732] [M]: 0x0000000080001916 (0x5A850513) addi a0, a0, 1448
x10 <- 0x00000000000005A8
mem[X,0x000000008000191A] -> 0x1513
mem[X,0x000000008000191C] -> 0x00B5
[1733] [M]: 0x000000008000191A (0x00B51513) slli a0, a0, 11
x10 <- 0x00000000002D4000
mem[X,0x000000008000191E] -> 0x0513
mem[X,0x0000000080001920] -> 0x13C5
[1734] [M]: 0x000000008000191E (0x13C50513) addi a0, a0, 316
x10 <- 0x00000000002D413C
mem[X,0x0000000080001922] -> 0x1513
mem[X,0x0000000080001924] -> 0x00A5
[1735] [M]: 0x0000000080001922 (0x00A51513) slli a0, a0, 10
x10 <- 0x00000000B504F000
mem[X,0x0000000080001926] -> 0x0513
mem[X,0x0000000080001928] -> 0x3335
[1736] [M]: 0x0000000080001926 (0x33350513) addi a0, a0, 819
x10 <- 0x00000000B504F333
mem[X,0x000000008000192A] -> 0x997D
[1737] [M]: 0x000000008000192A (0x997D) c.andi a0, 63
x10 <- 0x00000000B504F333
mem[X,0x000000008000192C] -> 0xBC23
mem[X,0x000000008000192E] -> 0x78A0
[1738] [M]: 0x000000008000192C (0x78A0BC23) sd a0, 1944(ra)
mem[0x00000000800068B0] <- 0x00000000B504F333
mem[X,0x0000000080001930] -> 0x0537
mem[X,0x0000000080001932] -> 0x0000
[1739] [M]: 0x0000000080001930 (0x00000537) lui a0, 0
x10 <- 0x0000000000000000
mem[X,0x0000000080001934] -> 0x0513
mem[X,0x0000000080001936] -> 0x0005
[1740] [M]: 0x0000000080001934 (0x00050513) addi a0, a0, 0
x10 <- 0x0000000000000000
mem[X,0x0000000080001938] -> 0x1513
mem[X,0x000000008000193A] -> 0x00B5
[1741] [M]: 0x0000000080001938 (0x00B51513) slli a0, a0, 11
x10 <- 0x0000000000000000
mem[X,0x000000008000193C] -> 0x0513
mem[X,0x000000008000193E] -> 0x5A85
[1742] [M]: 0x000000008000193C (0x5A850513) addi a0, a0, 1448
x10 <- 0x00000000000005A8
mem[X,0x0000000080001940] -> 0x1513
mem[X,0x0000000080001942] -> 0x00B5
[1743] [M]: 0x0000000080001940 (0x00B51513) slli a0, a0, 11
x10 <- 0x00000000002D4000
mem[X,0x0000000080001944] -> 0x0513
mem[X,0x0000000080001946] -> 0x13C5
[1744] [M]: 0x0000000080001944 (0x13C50513) addi a0, a0, 316
x10 <- 0x00000000002D413C
mem[X,0x0000000080001948] -> 0x1513
mem[X,0x000000008000194A] -> 0x00A5
[1745] [M]: 0x0000000080001948 (0x00A51513) slli a0, a0, 10
x10 <- 0x00000000B504F000
mem[X,0x000000008000194C] -> 0x0513
mem[X,0x000000008000194E] -> 0x3335
[1746] [M]: 0x000000008000194C (0x33350513) addi a0, a0, 819
x10 <- 0x00000000B504F333
mem[X,0x0000000080001950] -> 0x9971
[1747] [M]: 0x0000000080001950 (0x9971) c.andi a0, 60
x10 <- 0x00000000B504F330
mem[X,0x0000000080001952] -> 0xB023
mem[X,0x0000000080001954] -> 0x7AA0
[1748] [M]: 0x0000000080001952 (0x7AA0B023) sd a0, 1952(ra)
mem[0x00000000800068B8] <- 0x00000000B504F330
mem[X,0x0000000080001956] -> 0x0513
mem[X,0x0000000080001958] -> 0x0020
[1749] [M]: 0x0000000080001956 (0x00200513) addi a0, zero, 2
x10 <- 0x0000000000000002
mem[X,0x000000008000195A] -> 0x890D
[1750] [M]: 0x000000008000195A (0x890D) c.andi a0, 3
x10 <- 0x0000000000000002
mem[X,0x000000008000195C] -> 0xB423
mem[X,0x000000008000195E] -> 0x7AA0
[1751] [M]: 0x000000008000195C (0x7AA0B423) sd a0, 1960(ra)
mem[0x00000000800068C0] <- 0x0000000000000002
mem[X,0x0000000080001960] -> 0x0513
mem[X,0x0000000080001962] -> 0x0020
[1752] [M]: 0x0000000080001960 (0x00200513) addi a0, zero, 2
x10 <- 0x0000000000000002
mem[X,0x0000000080001964] -> 0x8915
[1753] [M]: 0x0000000080001964 (0x8915) c.andi a0, 5
x10 <- 0x0000000000000000
mem[X,0x0000000080001966] -> 0xB823
mem[X,0x0000000080001968] -> 0x7AA0
[1754] [M]: 0x0000000080001966 (0x7AA0B823) sd a0, 1968(ra)
mem[0x00000000800068C8] <- 0x0000000000000000
mem[X,0x000000008000196A] -> 0x0513
mem[X,0x000000008000196C] -> 0x0020
[1755] [M]: 0x000000008000196A (0x00200513) addi a0, zero, 2
x10 <- 0x0000000000000002
mem[X,0x000000008000196E] -> 0x8929
[1756] [M]: 0x000000008000196E (0x8929) c.andi a0, 10
x10 <- 0x0000000000000002
mem[X,0x0000000080001970] -> 0xBC23
mem[X,0x0000000080001972] -> 0x7AA0
[1757] [M]: 0x0000000080001970 (0x7AA0BC23) sd a0, 1976(ra)
mem[0x00000000800068D0] <- 0x0000000000000002
mem[X,0x0000000080001974] -> 0x0513
mem[X,0x0000000080001976] -> 0x0020
[1758] [M]: 0x0000000080001974 (0x00200513) addi a0, zero, 2
x10 <- 0x0000000000000002
mem[X,0x0000000080001978] -> 0x8919
[1759] [M]: 0x0000000080001978 (0x8919) c.andi a0, 6
x10 <- 0x0000000000000002
mem[X,0x000000008000197A] -> 0xB023
mem[X,0x000000008000197C] -> 0x7CA0
[1760] [M]: 0x000000008000197A (0x7CA0B023) sd a0, 1984(ra)
mem[0x00000000800068D8] <- 0x0000000000000002
mem[X,0x000000008000197E] -> 0x0513
mem[X,0x0000000080001980] -> 0x0020
[1761] [M]: 0x000000008000197E (0x00200513) addi a0, zero, 2
x10 <- 0x0000000000000002
mem[X,0x0000000080001982] -> 0x996D
[1762] [M]: 0x0000000080001982 (0x996D) c.andi a0, 59
x10 <- 0x0000000000000002
mem[X,0x0000000080001984] -> 0xB423
mem[X,0x0000000080001986] -> 0x7CA0
[1763] [M]: 0x0000000080001984 (0x7CA0B423) sd a0, 1992(ra)
mem[0x00000000800068E0] <- 0x0000000000000002
mem[X,0x0000000080001988] -> 0x0513
mem[X,0x000000008000198A] -> 0x0020
[1764] [M]: 0x0000000080001988 (0x00200513) addi a0, zero, 2
x10 <- 0x0000000000000002
mem[X,0x000000008000198C] -> 0x8909
[1765] [M]: 0x000000008000198C (0x8909) c.andi a0, 2
x10 <- 0x0000000000000002
mem[X,0x000000008000198E] -> 0xB823
mem[X,0x0000000080001990] -> 0x7CA0
[1766] [M]: 0x000000008000198E (0x7CA0B823) sd a0, 2000(ra)
mem[0x00000000800068E8] <- 0x0000000000000002
mem[X,0x0000000080001992] -> 0x0513
mem[X,0x0000000080001994] -> 0x0020
[1767] [M]: 0x0000000080001992 (0x00200513) addi a0, zero, 2
x10 <- 0x0000000000000002
mem[X,0x0000000080001996] -> 0x8911
[1768] [M]: 0x0000000080001996 (0x8911) c.andi a0, 4
x10 <- 0x0000000000000000
mem[X,0x0000000080001998] -> 0xBC23
mem[X,0x000000008000199A] -> 0x7CA0
[1769] [M]: 0x0000000080001998 (0x7CA0BC23) sd a0, 2008(ra)
mem[0x00000000800068F0] <- 0x0000000000000000
mem[X,0x000000008000199C] -> 0x0513
mem[X,0x000000008000199E] -> 0x0020
[1770] [M]: 0x000000008000199C (0x00200513) addi a0, zero, 2
x10 <- 0x0000000000000002
mem[X,0x00000000800019A0] -> 0x8925
[1771] [M]: 0x00000000800019A0 (0x8925) c.andi a0, 9
x10 <- 0x0000000000000000
mem[X,0x00000000800019A2] -> 0xB023
mem[X,0x00000000800019A4] -> 0x7EA0
[1772] [M]: 0x00000000800019A2 (0x7EA0B023) sd a0, 2016(ra)
mem[0x00000000800068F8] <- 0x0000000000000000
mem[X,0x00000000800019A6] -> 0x0513
mem[X,0x00000000800019A8] -> 0x0020
[1773] [M]: 0x00000000800019A6 (0x00200513) addi a0, zero, 2
x10 <- 0x0000000000000002
mem[X,0x00000000800019AA] -> 0x8901
[1774] [M]: 0x00000000800019AA (0x8901) c.andi a0, 0
x10 <- 0x0000000000000000
mem[X,0x00000000800019AC] -> 0xB423
mem[X,0x00000000800019AE] -> 0x7EA0
[1775] [M]: 0x00000000800019AC (0x7EA0B423) sd a0, 2024(ra)
mem[0x0000000080006900] <- 0x0000000000000000
mem[X,0x00000000800019B0] -> 0x0513
mem[X,0x00000000800019B2] -> 0x0020
[1776] [M]: 0x00000000800019B0 (0x00200513) addi a0, zero, 2
x10 <- 0x0000000000000002
mem[X,0x00000000800019B4] -> 0x892D
[1777] [M]: 0x00000000800019B4 (0x892D) c.andi a0, 11
x10 <- 0x0000000000000002
mem[X,0x00000000800019B6] -> 0xB823
mem[X,0x00000000800019B8] -> 0x7EA0
[1778] [M]: 0x00000000800019B6 (0x7EA0B823) sd a0, 2032(ra)
mem[0x0000000080006908] <- 0x0000000000000002
mem[X,0x00000000800019BA] -> 0x0513
mem[X,0x00000000800019BC] -> 0x0020
[1779] [M]: 0x00000000800019BA (0x00200513) addi a0, zero, 2
x10 <- 0x0000000000000002
mem[X,0x00000000800019BE] -> 0x891D
[1780] [M]: 0x00000000800019BE (0x891D) c.andi a0, 7
x10 <- 0x0000000000000002
mem[X,0x00000000800019C0] -> 0xBC23
mem[X,0x00000000800019C2] -> 0x7EA0
[1781] [M]: 0x00000000800019C0 (0x7EA0BC23) sd a0, 2040(ra)
mem[0x0000000080006910] <- 0x0000000000000002
mem[X,0x00000000800019C4] -> 0x0013
mem[X,0x00000000800019C6] -> 0x0000
[1782] [M]: 0x00000000800019C4 (0x00000013) addi zero, zero, 0
mem[X,0x00000000800019C8] -> 0x0013
mem[X,0x00000000800019CA] -> 0x0000
[1783] [M]: 0x00000000800019C8 (0x00000013) addi zero, zero, 0
mem[X,0x00000000800019CC] -> 0x0013
mem[X,0x00000000800019CE] -> 0x0000
[1784] [M]: 0x00000000800019CC (0x00000013) addi zero, zero, 0
mem[X,0x00000000800019D0] -> 0x0013
mem[X,0x00000000800019D2] -> 0x0000
[1785] [M]: 0x00000000800019D0 (0x00000013) addi zero, zero, 0
mem[X,0x00000000800019D4] -> 0x0013
mem[X,0x00000000800019D6] -> 0x0000
[1786] [M]: 0x00000000800019D4 (0x00000013) addi zero, zero, 0
mem[X,0x00000000800019D8] -> 0x0013
mem[X,0x00000000800019DA] -> 0x0000
[1787] [M]: 0x00000000800019D8 (0x00000013) addi zero, zero, 0
mem[X,0x00000000800019DC] -> 0x0013
mem[X,0x00000000800019DE] -> 0x0000
[1788] [M]: 0x00000000800019DC (0x00000013) addi zero, zero, 0
mem[X,0x00000000800019E0] -> 0x5097
mem[X,0x00000000800019E2] -> 0x0000
[1789] [M]: 0x00000000800019E0 (0x00005097) auipc ra, 5
x1 <- 0x00000000800069E0
mem[X,0x00000000800019E4] -> 0x8093
mem[X,0x00000000800019E6] -> 0xF380
[1790] [M]: 0x00000000800019E4 (0xF3808093) addi ra, ra, 3896
x1 <- 0x0000000080006918
mem[X,0x00000000800019E8] -> 0x0013
mem[X,0x00000000800019EA] -> 0x0000
[1791] [M]: 0x00000000800019E8 (0x00000013) addi zero, zero, 0
mem[X,0x00000000800019EC] -> 0x0013
mem[X,0x00000000800019EE] -> 0x0000
[1792] [M]: 0x00000000800019EC (0x00000013) addi zero, zero, 0
mem[X,0x00000000800019F0] -> 0x0013
mem[X,0x00000000800019F2] -> 0x0000
[1793] [M]: 0x00000000800019F0 (0x00000013) addi zero, zero, 0
mem[X,0x00000000800019F4] -> 0x0013
mem[X,0x00000000800019F6] -> 0x0000
[1794] [M]: 0x00000000800019F4 (0x00000013) addi zero, zero, 0
mem[X,0x00000000800019F8] -> 0x0013
mem[X,0x00000000800019FA] -> 0x0000
[1795] [M]: 0x00000000800019F8 (0x00000013) addi zero, zero, 0
mem[X,0x00000000800019FC] -> 0x0013
mem[X,0x00000000800019FE] -> 0x0000
[1796] [M]: 0x00000000800019FC (0x00000013) addi zero, zero, 0
mem[X,0x0000000080001A00] -> 0x0513
mem[X,0x0000000080001A02] -> 0x0020
[1797] [M]: 0x0000000080001A00 (0x00200513) addi a0, zero, 2
x10 <- 0x0000000000000002
mem[X,0x0000000080001A04] -> 0x997D
[1798] [M]: 0x0000000080001A04 (0x997D) c.andi a0, 63
x10 <- 0x0000000000000002
mem[X,0x0000000080001A06] -> 0xB023
mem[X,0x0000000080001A08] -> 0x00A0
[1799] [M]: 0x0000000080001A06 (0x00A0B023) sd a0, 0(ra)
mem[0x0000000080006918] <- 0x0000000000000002
clint::tick mtime <- 0x0000000000000012
 clint timer pending at mtime 0x0000000000000012
htif::tick 0x0000000000000000
mem[X,0x0000000080001A0A] -> 0x0513
mem[X,0x0000000080001A0C] -> 0x0020
[1800] [M]: 0x0000000080001A0A (0x00200513) addi a0, zero, 2
x10 <- 0x0000000000000002
mem[X,0x0000000080001A0E] -> 0x9971
[1801] [M]: 0x0000000080001A0E (0x9971) c.andi a0, 60
x10 <- 0x0000000000000000
mem[X,0x0000000080001A10] -> 0xB423
mem[X,0x0000000080001A12] -> 0x00A0
[1802] [M]: 0x0000000080001A10 (0x00A0B423) sd a0, 8(ra)
mem[0x0000000080006920] <- 0x0000000000000000
mem[X,0x0000000080001A14] -> 0x5537
mem[X,0x0000000080001A16] -> 0x5555
[1803] [M]: 0x0000000080001A14 (0x55555537) lui a0, 349525
x10 <- 0x0000000055555000
mem[X,0x0000000080001A18] -> 0x0513
mem[X,0x0000000080001A1A] -> 0x5555
[1804] [M]: 0x0000000080001A18 (0x55550513) addi a0, a0, 1365
x10 <- 0x0000000055555555
mem[X,0x0000000080001A1C] -> 0x1513
mem[X,0x0000000080001A1E] -> 0x00B5
[1805] [M]: 0x0000000080001A1C (0x00B51513) slli a0, a0, 11
x10 <- 0x000002AAAAAAA800
mem[X,0x0000000080001A20] -> 0x0513
mem[X,0x0000000080001A22] -> 0x2AA5
[1806] [M]: 0x0000000080001A20 (0x2AA50513) addi a0, a0, 682
x10 <- 0x000002AAAAAAAAAA
mem[X,0x0000000080001A24] -> 0x1513
mem[X,0x0000000080001A26] -> 0x00B5
[1807] [M]: 0x0000000080001A24 (0x00B51513) slli a0, a0, 11
x10 <- 0x0015555555555000
mem[X,0x0000000080001A28] -> 0x0513
mem[X,0x0000000080001A2A] -> 0x5555
[1808] [M]: 0x0000000080001A28 (0x55550513) addi a0, a0, 1365
x10 <- 0x0015555555555555
mem[X,0x0000000080001A2C] -> 0x1513
mem[X,0x0000000080001A2E] -> 0x00A5
[1809] [M]: 0x0000000080001A2C (0x00A51513) slli a0, a0, 10
x10 <- 0x5555555555555400
mem[X,0x0000000080001A30] -> 0x0513
mem[X,0x0000000080001A32] -> 0x1545
[1810] [M]: 0x0000000080001A30 (0x15450513) addi a0, a0, 340
x10 <- 0x5555555555555554
mem[X,0x0000000080001A34] -> 0x890D
[1811] [M]: 0x0000000080001A34 (0x890D) c.andi a0, 3
x10 <- 0x0000000000000000
mem[X,0x0000000080001A36] -> 0xB823
mem[X,0x0000000080001A38] -> 0x00A0
[1812] [M]: 0x0000000080001A36 (0x00A0B823) sd a0, 16(ra)
mem[0x0000000080006928] <- 0x0000000000000000
mem[X,0x0000000080001A3A] -> 0x5537
mem[X,0x0000000080001A3C] -> 0x5555
[1813] [M]: 0x0000000080001A3A (0x55555537) lui a0, 349525
x10 <- 0x0000000055555000
mem[X,0x0000000080001A3E] -> 0x0513
mem[X,0x0000000080001A40] -> 0x5555
[1814] [M]: 0x0000000080001A3E (0x55550513) addi a0, a0, 1365
x10 <- 0x0000000055555555
mem[X,0x0000000080001A42] -> 0x1513
mem[X,0x0000000080001A44] -> 0x00B5
[1815] [M]: 0x0000000080001A42 (0x00B51513) slli a0, a0, 11
x10 <- 0x000002AAAAAAA800
mem[X,0x0000000080001A46] -> 0x0513
mem[X,0x0000000080001A48] -> 0x2AA5
[1816] [M]: 0x0000000080001A46 (0x2AA50513) addi a0, a0, 682
x10 <- 0x000002AAAAAAAAAA
mem[X,0x0000000080001A4A] -> 0x1513
mem[X,0x0000000080001A4C] -> 0x00B5
[1817] [M]: 0x0000000080001A4A (0x00B51513) slli a0, a0, 11
x10 <- 0x0015555555555000
mem[X,0x0000000080001A4E] -> 0x0513
mem[X,0x0000000080001A50] -> 0x5555
[1818] [M]: 0x0000000080001A4E (0x55550513) addi a0, a0, 1365
x10 <- 0x0015555555555555
mem[X,0x0000000080001A52] -> 0x1513
mem[X,0x0000000080001A54] -> 0x00A5
[1819] [M]: 0x0000000080001A52 (0x00A51513) slli a0, a0, 10
x10 <- 0x5555555555555400
mem[X,0x0000000080001A56] -> 0x0513
mem[X,0x0000000080001A58] -> 0x1545
[1820] [M]: 0x0000000080001A56 (0x15450513) addi a0, a0, 340
x10 <- 0x5555555555555554
mem[X,0x0000000080001A5A] -> 0x8915
[1821] [M]: 0x0000000080001A5A (0x8915) c.andi a0, 5
x10 <- 0x0000000000000004
mem[X,0x0000000080001A5C] -> 0xBC23
mem[X,0x0000000080001A5E] -> 0x00A0
[1822] [M]: 0x0000000080001A5C (0x00A0BC23) sd a0, 24(ra)
mem[0x0000000080006930] <- 0x0000000000000004
mem[X,0x0000000080001A60] -> 0x5537
mem[X,0x0000000080001A62] -> 0x5555
[1823] [M]: 0x0000000080001A60 (0x55555537) lui a0, 349525
x10 <- 0x0000000055555000
mem[X,0x0000000080001A64] -> 0x0513
mem[X,0x0000000080001A66] -> 0x5555
[1824] [M]: 0x0000000080001A64 (0x55550513) addi a0, a0, 1365
x10 <- 0x0000000055555555
mem[X,0x0000000080001A68] -> 0x1513
mem[X,0x0000000080001A6A] -> 0x00B5
[1825] [M]: 0x0000000080001A68 (0x00B51513) slli a0, a0, 11
x10 <- 0x000002AAAAAAA800
mem[X,0x0000000080001A6C] -> 0x0513
mem[X,0x0000000080001A6E] -> 0x2AA5
[1826] [M]: 0x0000000080001A6C (0x2AA50513) addi a0, a0, 682
x10 <- 0x000002AAAAAAAAAA
mem[X,0x0000000080001A70] -> 0x1513
mem[X,0x0000000080001A72] -> 0x00B5
[1827] [M]: 0x0000000080001A70 (0x00B51513) slli a0, a0, 11
x10 <- 0x0015555555555000
mem[X,0x0000000080001A74] -> 0x0513
mem[X,0x0000000080001A76] -> 0x5555
[1828] [M]: 0x0000000080001A74 (0x55550513) addi a0, a0, 1365
x10 <- 0x0015555555555555
mem[X,0x0000000080001A78] -> 0x1513
mem[X,0x0000000080001A7A] -> 0x00A5
[1829] [M]: 0x0000000080001A78 (0x00A51513) slli a0, a0, 10
x10 <- 0x5555555555555400
mem[X,0x0000000080001A7C] -> 0x0513
mem[X,0x0000000080001A7E] -> 0x1545
[1830] [M]: 0x0000000080001A7C (0x15450513) addi a0, a0, 340
x10 <- 0x5555555555555554
mem[X,0x0000000080001A80] -> 0x8929
[1831] [M]: 0x0000000080001A80 (0x8929) c.andi a0, 10
x10 <- 0x0000000000000000
mem[X,0x0000000080001A82] -> 0xB023
mem[X,0x0000000080001A84] -> 0x02A0
[1832] [M]: 0x0000000080001A82 (0x02A0B023) sd a0, 32(ra)
mem[0x0000000080006938] <- 0x0000000000000000
mem[X,0x0000000080001A86] -> 0x5537
mem[X,0x0000000080001A88] -> 0x5555
[1833] [M]: 0x0000000080001A86 (0x55555537) lui a0, 349525
x10 <- 0x0000000055555000
mem[X,0x0000000080001A8A] -> 0x0513
mem[X,0x0000000080001A8C] -> 0x5555
[1834] [M]: 0x0000000080001A8A (0x55550513) addi a0, a0, 1365
x10 <- 0x0000000055555555
mem[X,0x0000000080001A8E] -> 0x1513
mem[X,0x0000000080001A90] -> 0x00B5
[1835] [M]: 0x0000000080001A8E (0x00B51513) slli a0, a0, 11
x10 <- 0x000002AAAAAAA800
mem[X,0x0000000080001A92] -> 0x0513
mem[X,0x0000000080001A94] -> 0x2AA5
[1836] [M]: 0x0000000080001A92 (0x2AA50513) addi a0, a0, 682
x10 <- 0x000002AAAAAAAAAA
mem[X,0x0000000080001A96] -> 0x1513
mem[X,0x0000000080001A98] -> 0x00B5
[1837] [M]: 0x0000000080001A96 (0x00B51513) slli a0, a0, 11
x10 <- 0x0015555555555000
mem[X,0x0000000080001A9A] -> 0x0513
mem[X,0x0000000080001A9C] -> 0x5555
[1838] [M]: 0x0000000080001A9A (0x55550513) addi a0, a0, 1365
x10 <- 0x0015555555555555
mem[X,0x0000000080001A9E] -> 0x1513
mem[X,0x0000000080001AA0] -> 0x00A5
[1839] [M]: 0x0000000080001A9E (0x00A51513) slli a0, a0, 10
x10 <- 0x5555555555555400
mem[X,0x0000000080001AA2] -> 0x0513
mem[X,0x0000000080001AA4] -> 0x1545
[1840] [M]: 0x0000000080001AA2 (0x15450513) addi a0, a0, 340
x10 <- 0x5555555555555554
mem[X,0x0000000080001AA6] -> 0x8919
[1841] [M]: 0x0000000080001AA6 (0x8919) c.andi a0, 6
x10 <- 0x0000000000000004
mem[X,0x0000000080001AA8] -> 0xB423
mem[X,0x0000000080001AAA] -> 0x02A0
[1842] [M]: 0x0000000080001AA8 (0x02A0B423) sd a0, 40(ra)
mem[0x0000000080006940] <- 0x0000000000000004
mem[X,0x0000000080001AAC] -> 0x5537
mem[X,0x0000000080001AAE] -> 0x5555
[1843] [M]: 0x0000000080001AAC (0x55555537) lui a0, 349525
x10 <- 0x0000000055555000
mem[X,0x0000000080001AB0] -> 0x0513
mem[X,0x0000000080001AB2] -> 0x5555
[1844] [M]: 0x0000000080001AB0 (0x55550513) addi a0, a0, 1365
x10 <- 0x0000000055555555
mem[X,0x0000000080001AB4] -> 0x1513
mem[X,0x0000000080001AB6] -> 0x00B5
[1845] [M]: 0x0000000080001AB4 (0x00B51513) slli a0, a0, 11
x10 <- 0x000002AAAAAAA800
mem[X,0x0000000080001AB8] -> 0x0513
mem[X,0x0000000080001ABA] -> 0x2AA5
[1846] [M]: 0x0000000080001AB8 (0x2AA50513) addi a0, a0, 682
x10 <- 0x000002AAAAAAAAAA
mem[X,0x0000000080001ABC] -> 0x1513
mem[X,0x0000000080001ABE] -> 0x00B5
[1847] [M]: 0x0000000080001ABC (0x00B51513) slli a0, a0, 11
x10 <- 0x0015555555555000
mem[X,0x0000000080001AC0] -> 0x0513
mem[X,0x0000000080001AC2] -> 0x5555
[1848] [M]: 0x0000000080001AC0 (0x55550513) addi a0, a0, 1365
x10 <- 0x0015555555555555
mem[X,0x0000000080001AC4] -> 0x1513
mem[X,0x0000000080001AC6] -> 0x00A5
[1849] [M]: 0x0000000080001AC4 (0x00A51513) slli a0, a0, 10
x10 <- 0x5555555555555400
mem[X,0x0000000080001AC8] -> 0x0513
mem[X,0x0000000080001ACA] -> 0x1545
[1850] [M]: 0x0000000080001AC8 (0x15450513) addi a0, a0, 340
x10 <- 0x5555555555555554
mem[X,0x0000000080001ACC] -> 0x9979
[1851] [M]: 0x0000000080001ACC (0x9979) c.andi a0, 62
x10 <- 0x5555555555555554
mem[X,0x0000000080001ACE] -> 0xB823
mem[X,0x0000000080001AD0] -> 0x02A0
[1852] [M]: 0x0000000080001ACE (0x02A0B823) sd a0, 48(ra)
mem[0x0000000080006948] <- 0x5555555555555554
mem[X,0x0000000080001AD2] -> 0x5537
mem[X,0x0000000080001AD4] -> 0x5555
[1853] [M]: 0x0000000080001AD2 (0x55555537) lui a0, 349525
x10 <- 0x0000000055555000
mem[X,0x0000000080001AD6] -> 0x0513
mem[X,0x0000000080001AD8] -> 0x5555
[1854] [M]: 0x0000000080001AD6 (0x55550513) addi a0, a0, 1365
x10 <- 0x0000000055555555
mem[X,0x0000000080001ADA] -> 0x1513
mem[X,0x0000000080001ADC] -> 0x00B5
[1855] [M]: 0x0000000080001ADA (0x00B51513) slli a0, a0, 11
x10 <- 0x000002AAAAAAA800
mem[X,0x0000000080001ADE] -> 0x0513
mem[X,0x0000000080001AE0] -> 0x2AA5
[1856] [M]: 0x0000000080001ADE (0x2AA50513) addi a0, a0, 682
x10 <- 0x000002AAAAAAAAAA
mem[X,0x0000000080001AE2] -> 0x1513
mem[X,0x0000000080001AE4] -> 0x00B5
[1857] [M]: 0x0000000080001AE2 (0x00B51513) slli a0, a0, 11
x10 <- 0x0015555555555000
mem[X,0x0000000080001AE6] -> 0x0513
mem[X,0x0000000080001AE8] -> 0x5555
[1858] [M]: 0x0000000080001AE6 (0x55550513) addi a0, a0, 1365
x10 <- 0x0015555555555555
mem[X,0x0000000080001AEA] -> 0x1513
mem[X,0x0000000080001AEC] -> 0x00A5
[1859] [M]: 0x0000000080001AEA (0x00A51513) slli a0, a0, 10
x10 <- 0x5555555555555400
mem[X,0x0000000080001AEE] -> 0x0513
mem[X,0x0000000080001AF0] -> 0x1545
[1860] [M]: 0x0000000080001AEE (0x15450513) addi a0, a0, 340
x10 <- 0x5555555555555554
mem[X,0x0000000080001AF2] -> 0x996D
[1861] [M]: 0x0000000080001AF2 (0x996D) c.andi a0, 59
x10 <- 0x5555555555555550
mem[X,0x0000000080001AF4] -> 0xBC23
mem[X,0x0000000080001AF6] -> 0x02A0
[1862] [M]: 0x0000000080001AF4 (0x02A0BC23) sd a0, 56(ra)
mem[0x0000000080006950] <- 0x5555555555555550
mem[X,0x0000000080001AF8] -> 0x5537
mem[X,0x0000000080001AFA] -> 0x5555
[1863] [M]: 0x0000000080001AF8 (0x55555537) lui a0, 349525
x10 <- 0x0000000055555000
mem[X,0x0000000080001AFC] -> 0x0513
mem[X,0x0000000080001AFE] -> 0x5555
[1864] [M]: 0x0000000080001AFC (0x55550513) addi a0, a0, 1365
x10 <- 0x0000000055555555
mem[X,0x0000000080001B00] -> 0x1513
mem[X,0x0000000080001B02] -> 0x00B5
[1865] [M]: 0x0000000080001B00 (0x00B51513) slli a0, a0, 11
x10 <- 0x000002AAAAAAA800
mem[X,0x0000000080001B04] -> 0x0513
mem[X,0x0000000080001B06] -> 0x2AA5
[1866] [M]: 0x0000000080001B04 (0x2AA50513) addi a0, a0, 682
x10 <- 0x000002AAAAAAAAAA
mem[X,0x0000000080001B08] -> 0x1513
mem[X,0x0000000080001B0A] -> 0x00B5
[1867] [M]: 0x0000000080001B08 (0x00B51513) slli a0, a0, 11
x10 <- 0x0015555555555000
mem[X,0x0000000080001B0C] -> 0x0513
mem[X,0x0000000080001B0E] -> 0x5555
[1868] [M]: 0x0000000080001B0C (0x55550513) addi a0, a0, 1365
x10 <- 0x0015555555555555
mem[X,0x0000000080001B10] -> 0x1513
mem[X,0x0000000080001B12] -> 0x00A5
[1869] [M]: 0x0000000080001B10 (0x00A51513) slli a0, a0, 10
x10 <- 0x5555555555555400
mem[X,0x0000000080001B14] -> 0x0513
mem[X,0x0000000080001B16] -> 0x1545
[1870] [M]: 0x0000000080001B14 (0x15450513) addi a0, a0, 340
x10 <- 0x5555555555555554
mem[X,0x0000000080001B18] -> 0x8909
[1871] [M]: 0x0000000080001B18 (0x8909) c.andi a0, 2
x10 <- 0x0000000000000000
mem[X,0x0000000080001B1A] -> 0xB023
mem[X,0x0000000080001B1C] -> 0x04A0
[1872] [M]: 0x0000000080001B1A (0x04A0B023) sd a0, 64(ra)
mem[0x0000000080006958] <- 0x0000000000000000
mem[X,0x0000000080001B1E] -> 0x5537
mem[X,0x0000000080001B20] -> 0x5555
[1873] [M]: 0x0000000080001B1E (0x55555537) lui a0, 349525
x10 <- 0x0000000055555000
mem[X,0x0000000080001B22] -> 0x0513
mem[X,0x0000000080001B24] -> 0x5555
[1874] [M]: 0x0000000080001B22 (0x55550513) addi a0, a0, 1365
x10 <- 0x0000000055555555
mem[X,0x0000000080001B26] -> 0x1513
mem[X,0x0000000080001B28] -> 0x00B5
[1875] [M]: 0x0000000080001B26 (0x00B51513) slli a0, a0, 11
x10 <- 0x000002AAAAAAA800
mem[X,0x0000000080001B2A] -> 0x0513
mem[X,0x0000000080001B2C] -> 0x2AA5
[1876] [M]: 0x0000000080001B2A (0x2AA50513) addi a0, a0, 682
x10 <- 0x000002AAAAAAAAAA
mem[X,0x0000000080001B2E] -> 0x1513
mem[X,0x0000000080001B30] -> 0x00B5
[1877] [M]: 0x0000000080001B2E (0x00B51513) slli a0, a0, 11
x10 <- 0x0015555555555000
mem[X,0x0000000080001B32] -> 0x0513
mem[X,0x0000000080001B34] -> 0x5555
[1878] [M]: 0x0000000080001B32 (0x55550513) addi a0, a0, 1365
x10 <- 0x0015555555555555
mem[X,0x0000000080001B36] -> 0x1513
mem[X,0x0000000080001B38] -> 0x00A5
[1879] [M]: 0x0000000080001B36 (0x00A51513) slli a0, a0, 10
x10 <- 0x5555555555555400
mem[X,0x0000000080001B3A] -> 0x0513
mem[X,0x0000000080001B3C] -> 0x1545
[1880] [M]: 0x0000000080001B3A (0x15450513) addi a0, a0, 340
x10 <- 0x5555555555555554
mem[X,0x0000000080001B3E] -> 0x8911
[1881] [M]: 0x0000000080001B3E (0x8911) c.andi a0, 4
x10 <- 0x0000000000000004
mem[X,0x0000000080001B40] -> 0xB423
mem[X,0x0000000080001B42] -> 0x04A0
[1882] [M]: 0x0000000080001B40 (0x04A0B423) sd a0, 72(ra)
mem[0x0000000080006960] <- 0x0000000000000004
mem[X,0x0000000080001B44] -> 0x5537
mem[X,0x0000000080001B46] -> 0x5555
[1883] [M]: 0x0000000080001B44 (0x55555537) lui a0, 349525
x10 <- 0x0000000055555000
mem[X,0x0000000080001B48] -> 0x0513
mem[X,0x0000000080001B4A] -> 0x5555
[1884] [M]: 0x0000000080001B48 (0x55550513) addi a0, a0, 1365
x10 <- 0x0000000055555555
mem[X,0x0000000080001B4C] -> 0x1513
mem[X,0x0000000080001B4E] -> 0x00B5
[1885] [M]: 0x0000000080001B4C (0x00B51513) slli a0, a0, 11
x10 <- 0x000002AAAAAAA800
mem[X,0x0000000080001B50] -> 0x0513
mem[X,0x0000000080001B52] -> 0x2AA5
[1886] [M]: 0x0000000080001B50 (0x2AA50513) addi a0, a0, 682
x10 <- 0x000002AAAAAAAAAA
mem[X,0x0000000080001B54] -> 0x1513
mem[X,0x0000000080001B56] -> 0x00B5
[1887] [M]: 0x0000000080001B54 (0x00B51513) slli a0, a0, 11
x10 <- 0x0015555555555000
mem[X,0x0000000080001B58] -> 0x0513
mem[X,0x0000000080001B5A] -> 0x5555
[1888] [M]: 0x0000000080001B58 (0x55550513) addi a0, a0, 1365
x10 <- 0x0015555555555555
mem[X,0x0000000080001B5C] -> 0x1513
mem[X,0x0000000080001B5E] -> 0x00A5
[1889] [M]: 0x0000000080001B5C (0x00A51513) slli a0, a0, 10
x10 <- 0x5555555555555400
mem[X,0x0000000080001B60] -> 0x0513
mem[X,0x0000000080001B62] -> 0x1545
[1890] [M]: 0x0000000080001B60 (0x15450513) addi a0, a0, 340
x10 <- 0x5555555555555554
mem[X,0x0000000080001B64] -> 0x8925
[1891] [M]: 0x0000000080001B64 (0x8925) c.andi a0, 9
x10 <- 0x0000000000000000
mem[X,0x0000000080001B66] -> 0xB823
mem[X,0x0000000080001B68] -> 0x04A0
[1892] [M]: 0x0000000080001B66 (0x04A0B823) sd a0, 80(ra)
mem[0x0000000080006968] <- 0x0000000000000000
mem[X,0x0000000080001B6A] -> 0x5537
mem[X,0x0000000080001B6C] -> 0x5555
[1893] [M]: 0x0000000080001B6A (0x55555537) lui a0, 349525
x10 <- 0x0000000055555000
mem[X,0x0000000080001B6E] -> 0x0513
mem[X,0x0000000080001B70] -> 0x5555
[1894] [M]: 0x0000000080001B6E (0x55550513) addi a0, a0, 1365
x10 <- 0x0000000055555555
mem[X,0x0000000080001B72] -> 0x1513
mem[X,0x0000000080001B74] -> 0x00B5
[1895] [M]: 0x0000000080001B72 (0x00B51513) slli a0, a0, 11
x10 <- 0x000002AAAAAAA800
mem[X,0x0000000080001B76] -> 0x0513
mem[X,0x0000000080001B78] -> 0x2AA5
[1896] [M]: 0x0000000080001B76 (0x2AA50513) addi a0, a0, 682
x10 <- 0x000002AAAAAAAAAA
mem[X,0x0000000080001B7A] -> 0x1513
mem[X,0x0000000080001B7C] -> 0x00B5
[1897] [M]: 0x0000000080001B7A (0x00B51513) slli a0, a0, 11
x10 <- 0x0015555555555000
mem[X,0x0000000080001B7E] -> 0x0513
mem[X,0x0000000080001B80] -> 0x5555
[1898] [M]: 0x0000000080001B7E (0x55550513) addi a0, a0, 1365
x10 <- 0x0015555555555555
mem[X,0x0000000080001B82] -> 0x1513
mem[X,0x0000000080001B84] -> 0x00A5
[1899] [M]: 0x0000000080001B82 (0x00A51513) slli a0, a0, 10
x10 <- 0x5555555555555400
clint::tick mtime <- 0x0000000000000013
 clint timer pending at mtime 0x0000000000000013
htif::tick 0x0000000000000000
mem[X,0x0000000080001B86] -> 0x0513
mem[X,0x0000000080001B88] -> 0x1545
[1900] [M]: 0x0000000080001B86 (0x15450513) addi a0, a0, 340
x10 <- 0x5555555555555554
mem[X,0x0000000080001B8A] -> 0x8901
[1901] [M]: 0x0000000080001B8A (0x8901) c.andi a0, 0
x10 <- 0x0000000000000000
mem[X,0x0000000080001B8C] -> 0xBC23
mem[X,0x0000000080001B8E] -> 0x04A0
[1902] [M]: 0x0000000080001B8C (0x04A0BC23) sd a0, 88(ra)
mem[0x0000000080006970] <- 0x0000000000000000
mem[X,0x0000000080001B90] -> 0x5537
mem[X,0x0000000080001B92] -> 0x5555
[1903] [M]: 0x0000000080001B90 (0x55555537) lui a0, 349525
x10 <- 0x0000000055555000
mem[X,0x0000000080001B94] -> 0x0513
mem[X,0x0000000080001B96] -> 0x5555
[1904] [M]: 0x0000000080001B94 (0x55550513) addi a0, a0, 1365
x10 <- 0x0000000055555555
mem[X,0x0000000080001B98] -> 0x1513
mem[X,0x0000000080001B9A] -> 0x00B5
[1905] [M]: 0x0000000080001B98 (0x00B51513) slli a0, a0, 11
x10 <- 0x000002AAAAAAA800
mem[X,0x0000000080001B9C] -> 0x0513
mem[X,0x0000000080001B9E] -> 0x2AA5
[1906] [M]: 0x0000000080001B9C (0x2AA50513) addi a0, a0, 682
x10 <- 0x000002AAAAAAAAAA
mem[X,0x0000000080001BA0] -> 0x1513
mem[X,0x0000000080001BA2] -> 0x00B5
[1907] [M]: 0x0000000080001BA0 (0x00B51513) slli a0, a0, 11
x10 <- 0x0015555555555000
mem[X,0x0000000080001BA4] -> 0x0513
mem[X,0x0000000080001BA6] -> 0x5555
[1908] [M]: 0x0000000080001BA4 (0x55550513) addi a0, a0, 1365
x10 <- 0x0015555555555555
mem[X,0x0000000080001BA8] -> 0x1513
mem[X,0x0000000080001BAA] -> 0x00A5
[1909] [M]: 0x0000000080001BA8 (0x00A51513) slli a0, a0, 10
x10 <- 0x5555555555555400
mem[X,0x0000000080001BAC] -> 0x0513
mem[X,0x0000000080001BAE] -> 0x1545
[1910] [M]: 0x0000000080001BAC (0x15450513) addi a0, a0, 340
x10 <- 0x5555555555555554
mem[X,0x0000000080001BB0] -> 0x892D
[1911] [M]: 0x0000000080001BB0 (0x892D) c.andi a0, 11
x10 <- 0x0000000000000000
mem[X,0x0000000080001BB2] -> 0xB023
mem[X,0x0000000080001BB4] -> 0x06A0
[1912] [M]: 0x0000000080001BB2 (0x06A0B023) sd a0, 96(ra)
mem[0x0000000080006978] <- 0x0000000000000000
mem[X,0x0000000080001BB6] -> 0x5537
mem[X,0x0000000080001BB8] -> 0x5555
[1913] [M]: 0x0000000080001BB6 (0x55555537) lui a0, 349525
x10 <- 0x0000000055555000
mem[X,0x0000000080001BBA] -> 0x0513
mem[X,0x0000000080001BBC] -> 0x5555
[1914] [M]: 0x0000000080001BBA (0x55550513) addi a0, a0, 1365
x10 <- 0x0000000055555555
mem[X,0x0000000080001BBE] -> 0x1513
mem[X,0x0000000080001BC0] -> 0x00B5
[1915] [M]: 0x0000000080001BBE (0x00B51513) slli a0, a0, 11
x10 <- 0x000002AAAAAAA800
mem[X,0x0000000080001BC2] -> 0x0513
mem[X,0x0000000080001BC4] -> 0x2AA5
[1916] [M]: 0x0000000080001BC2 (0x2AA50513) addi a0, a0, 682
x10 <- 0x000002AAAAAAAAAA
mem[X,0x0000000080001BC6] -> 0x1513
mem[X,0x0000000080001BC8] -> 0x00B5
[1917] [M]: 0x0000000080001BC6 (0x00B51513) slli a0, a0, 11
x10 <- 0x0015555555555000
mem[X,0x0000000080001BCA] -> 0x0513
mem[X,0x0000000080001BCC] -> 0x5555
[1918] [M]: 0x0000000080001BCA (0x55550513) addi a0, a0, 1365
x10 <- 0x0015555555555555
mem[X,0x0000000080001BCE] -> 0x1513
mem[X,0x0000000080001BD0] -> 0x00A5
[1919] [M]: 0x0000000080001BCE (0x00A51513) slli a0, a0, 10
x10 <- 0x5555555555555400
mem[X,0x0000000080001BD2] -> 0x0513
mem[X,0x0000000080001BD4] -> 0x1545
[1920] [M]: 0x0000000080001BD2 (0x15450513) addi a0, a0, 340
x10 <- 0x5555555555555554
mem[X,0x0000000080001BD6] -> 0x891D
[1921] [M]: 0x0000000080001BD6 (0x891D) c.andi a0, 7
x10 <- 0x0000000000000004
mem[X,0x0000000080001BD8] -> 0xB423
mem[X,0x0000000080001BDA] -> 0x06A0
[1922] [M]: 0x0000000080001BD8 (0x06A0B423) sd a0, 104(ra)
mem[0x0000000080006980] <- 0x0000000000000004
mem[X,0x0000000080001BDC] -> 0x5537
mem[X,0x0000000080001BDE] -> 0x5555
[1923] [M]: 0x0000000080001BDC (0x55555537) lui a0, 349525
x10 <- 0x0000000055555000
mem[X,0x0000000080001BE0] -> 0x0513
mem[X,0x0000000080001BE2] -> 0x5555
[1924] [M]: 0x0000000080001BE0 (0x55550513) addi a0, a0, 1365
x10 <- 0x0000000055555555
mem[X,0x0000000080001BE4] -> 0x1513
mem[X,0x0000000080001BE6] -> 0x00B5
[1925] [M]: 0x0000000080001BE4 (0x00B51513) slli a0, a0, 11
x10 <- 0x000002AAAAAAA800
mem[X,0x0000000080001BE8] -> 0x0513
mem[X,0x0000000080001BEA] -> 0x2AA5
[1926] [M]: 0x0000000080001BE8 (0x2AA50513) addi a0, a0, 682
x10 <- 0x000002AAAAAAAAAA
mem[X,0x0000000080001BEC] -> 0x1513
mem[X,0x0000000080001BEE] -> 0x00B5
[1927] [M]: 0x0000000080001BEC (0x00B51513) slli a0, a0, 11
x10 <- 0x0015555555555000
mem[X,0x0000000080001BF0] -> 0x0513
mem[X,0x0000000080001BF2] -> 0x5555
[1928] [M]: 0x0000000080001BF0 (0x55550513) addi a0, a0, 1365
x10 <- 0x0015555555555555
mem[X,0x0000000080001BF4] -> 0x1513
mem[X,0x0000000080001BF6] -> 0x00A5
[1929] [M]: 0x0000000080001BF4 (0x00A51513) slli a0, a0, 10
x10 <- 0x5555555555555400
mem[X,0x0000000080001BF8] -> 0x0513
mem[X,0x0000000080001BFA] -> 0x1545
[1930] [M]: 0x0000000080001BF8 (0x15450513) addi a0, a0, 340
x10 <- 0x5555555555555554
mem[X,0x0000000080001BFC] -> 0x997D
[1931] [M]: 0x0000000080001BFC (0x997D) c.andi a0, 63
x10 <- 0x5555555555555554
mem[X,0x0000000080001BFE] -> 0xB823
mem[X,0x0000000080001C00] -> 0x06A0
[1932] [M]: 0x0000000080001BFE (0x06A0B823) sd a0, 112(ra)
mem[0x0000000080006988] <- 0x5555555555555554
mem[X,0x0000000080001C02] -> 0x5537
mem[X,0x0000000080001C04] -> 0x5555
[1933] [M]: 0x0000000080001C02 (0x55555537) lui a0, 349525
x10 <- 0x0000000055555000
mem[X,0x0000000080001C06] -> 0x0513
mem[X,0x0000000080001C08] -> 0x5555
[1934] [M]: 0x0000000080001C06 (0x55550513) addi a0, a0, 1365
x10 <- 0x0000000055555555
mem[X,0x0000000080001C0A] -> 0x1513
mem[X,0x0000000080001C0C] -> 0x00B5
[1935] [M]: 0x0000000080001C0A (0x00B51513) slli a0, a0, 11
x10 <- 0x000002AAAAAAA800
mem[X,0x0000000080001C0E] -> 0x0513
mem[X,0x0000000080001C10] -> 0x2AA5
[1936] [M]: 0x0000000080001C0E (0x2AA50513) addi a0, a0, 682
x10 <- 0x000002AAAAAAAAAA
mem[X,0x0000000080001C12] -> 0x1513
mem[X,0x0000000080001C14] -> 0x00B5
[1937] [M]: 0x0000000080001C12 (0x00B51513) slli a0, a0, 11
x10 <- 0x0015555555555000
mem[X,0x0000000080001C16] -> 0x0513
mem[X,0x0000000080001C18] -> 0x5555
[1938] [M]: 0x0000000080001C16 (0x55550513) addi a0, a0, 1365
x10 <- 0x0015555555555555
mem[X,0x0000000080001C1A] -> 0x1513
mem[X,0x0000000080001C1C] -> 0x00A5
[1939] [M]: 0x0000000080001C1A (0x00A51513) slli a0, a0, 10
x10 <- 0x5555555555555400
mem[X,0x0000000080001C1E] -> 0x0513
mem[X,0x0000000080001C20] -> 0x1545
[1940] [M]: 0x0000000080001C1E (0x15450513) addi a0, a0, 340
x10 <- 0x5555555555555554
mem[X,0x0000000080001C22] -> 0x9971
[1941] [M]: 0x0000000080001C22 (0x9971) c.andi a0, 60
x10 <- 0x5555555555555554
mem[X,0x0000000080001C24] -> 0xBC23
mem[X,0x0000000080001C26] -> 0x06A0
[1942] [M]: 0x0000000080001C24 (0x06A0BC23) sd a0, 120(ra)
mem[0x0000000080006990] <- 0x5555555555555554
mem[X,0x0000000080001C28] -> 0x0513
mem[X,0x0000000080001C2A] -> 0x0000
[1943] [M]: 0x0000000080001C28 (0x00000513) addi a0, zero, 0
x10 <- 0x0000000000000000
mem[X,0x0000000080001C2C] -> 0x890D
[1944] [M]: 0x0000000080001C2C (0x890D) c.andi a0, 3
x10 <- 0x0000000000000000
mem[X,0x0000000080001C2E] -> 0xB023
mem[X,0x0000000080001C30] -> 0x08A0
[1945] [M]: 0x0000000080001C2E (0x08A0B023) sd a0, 128(ra)
mem[0x0000000080006998] <- 0x0000000000000000
mem[X,0x0000000080001C32] -> 0x0513
mem[X,0x0000000080001C34] -> 0x0000
[1946] [M]: 0x0000000080001C32 (0x00000513) addi a0, zero, 0
x10 <- 0x0000000000000000
mem[X,0x0000000080001C36] -> 0x8915
[1947] [M]: 0x0000000080001C36 (0x8915) c.andi a0, 5
x10 <- 0x0000000000000000
mem[X,0x0000000080001C38] -> 0xB423
mem[X,0x0000000080001C3A] -> 0x08A0
[1948] [M]: 0x0000000080001C38 (0x08A0B423) sd a0, 136(ra)
mem[0x00000000800069A0] <- 0x0000000000000000
mem[X,0x0000000080001C3C] -> 0x0513
mem[X,0x0000000080001C3E] -> 0x0000
[1949] [M]: 0x0000000080001C3C (0x00000513) addi a0, zero, 0
x10 <- 0x0000000000000000
mem[X,0x0000000080001C40] -> 0x8929
[1950] [M]: 0x0000000080001C40 (0x8929) c.andi a0, 10
x10 <- 0x0000000000000000
mem[X,0x0000000080001C42] -> 0xB823
mem[X,0x0000000080001C44] -> 0x08A0
[1951] [M]: 0x0000000080001C42 (0x08A0B823) sd a0, 144(ra)
mem[0x00000000800069A8] <- 0x0000000000000000
mem[X,0x0000000080001C46] -> 0x0513
mem[X,0x0000000080001C48] -> 0x0000
[1952] [M]: 0x0000000080001C46 (0x00000513) addi a0, zero, 0
x10 <- 0x0000000000000000
mem[X,0x0000000080001C4A] -> 0x8919
[1953] [M]: 0x0000000080001C4A (0x8919) c.andi a0, 6
x10 <- 0x0000000000000000
mem[X,0x0000000080001C4C] -> 0xBC23
mem[X,0x0000000080001C4E] -> 0x08A0
[1954] [M]: 0x0000000080001C4C (0x08A0BC23) sd a0, 152(ra)
mem[0x00000000800069B0] <- 0x0000000000000000
mem[X,0x0000000080001C50] -> 0x0513
mem[X,0x0000000080001C52] -> 0x0000
[1955] [M]: 0x0000000080001C50 (0x00000513) addi a0, zero, 0
x10 <- 0x0000000000000000
mem[X,0x0000000080001C54] -> 0x9979
[1956] [M]: 0x0000000080001C54 (0x9979) c.andi a0, 62
x10 <- 0x0000000000000000
mem[X,0x0000000080001C56] -> 0xB023
mem[X,0x0000000080001C58] -> 0x0AA0
[1957] [M]: 0x0000000080001C56 (0x0AA0B023) sd a0, 160(ra)
mem[0x00000000800069B8] <- 0x0000000000000000
mem[X,0x0000000080001C5A] -> 0x0513
mem[X,0x0000000080001C5C] -> 0x0000
[1958] [M]: 0x0000000080001C5A (0x00000513) addi a0, zero, 0
x10 <- 0x0000000000000000
mem[X,0x0000000080001C5E] -> 0x996D
[1959] [M]: 0x0000000080001C5E (0x996D) c.andi a0, 59
x10 <- 0x0000000000000000
mem[X,0x0000000080001C60] -> 0xB423
mem[X,0x0000000080001C62] -> 0x0AA0
[1960] [M]: 0x0000000080001C60 (0x0AA0B423) sd a0, 168(ra)
mem[0x00000000800069C0] <- 0x0000000000000000
mem[X,0x0000000080001C64] -> 0x0513
mem[X,0x0000000080001C66] -> 0x0000
[1961] [M]: 0x0000000080001C64 (0x00000513) addi a0, zero, 0
x10 <- 0x0000000000000000
mem[X,0x0000000080001C68] -> 0x8909
[1962] [M]: 0x0000000080001C68 (0x8909) c.andi a0, 2
x10 <- 0x0000000000000000
mem[X,0x0000000080001C6A] -> 0xB823
mem[X,0x0000000080001C6C] -> 0x0AA0
[1963] [M]: 0x0000000080001C6A (0x0AA0B823) sd a0, 176(ra)
mem[0x00000000800069C8] <- 0x0000000000000000
mem[X,0x0000000080001C6E] -> 0x0513
mem[X,0x0000000080001C70] -> 0x0000
[1964] [M]: 0x0000000080001C6E (0x00000513) addi a0, zero, 0
x10 <- 0x0000000000000000
mem[X,0x0000000080001C72] -> 0x8911
[1965] [M]: 0x0000000080001C72 (0x8911) c.andi a0, 4
x10 <- 0x0000000000000000
mem[X,0x0000000080001C74] -> 0xBC23
mem[X,0x0000000080001C76] -> 0x0AA0
[1966] [M]: 0x0000000080001C74 (0x0AA0BC23) sd a0, 184(ra)
mem[0x00000000800069D0] <- 0x0000000000000000
mem[X,0x0000000080001C78] -> 0x0513
mem[X,0x0000000080001C7A] -> 0x0000
[1967] [M]: 0x0000000080001C78 (0x00000513) addi a0, zero, 0
x10 <- 0x0000000000000000
mem[X,0x0000000080001C7C] -> 0x8925
[1968] [M]: 0x0000000080001C7C (0x8925) c.andi a0, 9
x10 <- 0x0000000000000000
mem[X,0x0000000080001C7E] -> 0xB023
mem[X,0x0000000080001C80] -> 0x0CA0
[1969] [M]: 0x0000000080001C7E (0x0CA0B023) sd a0, 192(ra)
mem[0x00000000800069D8] <- 0x0000000000000000
mem[X,0x0000000080001C82] -> 0x0513
mem[X,0x0000000080001C84] -> 0x0000
[1970] [M]: 0x0000000080001C82 (0x00000513) addi a0, zero, 0
x10 <- 0x0000000000000000
mem[X,0x0000000080001C86] -> 0x8901
[1971] [M]: 0x0000000080001C86 (0x8901) c.andi a0, 0
x10 <- 0x0000000000000000
mem[X,0x0000000080001C88] -> 0xB423
mem[X,0x0000000080001C8A] -> 0x0CA0
[1972] [M]: 0x0000000080001C88 (0x0CA0B423) sd a0, 200(ra)
mem[0x00000000800069E0] <- 0x0000000000000000
mem[X,0x0000000080001C8C] -> 0x0513
mem[X,0x0000000080001C8E] -> 0x0000
[1973] [M]: 0x0000000080001C8C (0x00000513) addi a0, zero, 0
x10 <- 0x0000000000000000
mem[X,0x0000000080001C90] -> 0x892D
[1974] [M]: 0x0000000080001C90 (0x892D) c.andi a0, 11
x10 <- 0x0000000000000000
mem[X,0x0000000080001C92] -> 0xB823
mem[X,0x0000000080001C94] -> 0x0CA0
[1975] [M]: 0x0000000080001C92 (0x0CA0B823) sd a0, 208(ra)
mem[0x00000000800069E8] <- 0x0000000000000000
mem[X,0x0000000080001C96] -> 0x0513
mem[X,0x0000000080001C98] -> 0x0000
[1976] [M]: 0x0000000080001C96 (0x00000513) addi a0, zero, 0
x10 <- 0x0000000000000000
mem[X,0x0000000080001C9A] -> 0x891D
[1977] [M]: 0x0000000080001C9A (0x891D) c.andi a0, 7
x10 <- 0x0000000000000000
mem[X,0x0000000080001C9C] -> 0xBC23
mem[X,0x0000000080001C9E] -> 0x0CA0
[1978] [M]: 0x0000000080001C9C (0x0CA0BC23) sd a0, 216(ra)
mem[0x00000000800069F0] <- 0x0000000000000000
mem[X,0x0000000080001CA0] -> 0x0513
mem[X,0x0000000080001CA2] -> 0x0000
[1979] [M]: 0x0000000080001CA0 (0x00000513) addi a0, zero, 0
x10 <- 0x0000000000000000
mem[X,0x0000000080001CA4] -> 0x997D
[1980] [M]: 0x0000000080001CA4 (0x997D) c.andi a0, 63
x10 <- 0x0000000000000000
mem[X,0x0000000080001CA6] -> 0xB023
mem[X,0x0000000080001CA8] -> 0x0EA0
[1981] [M]: 0x0000000080001CA6 (0x0EA0B023) sd a0, 224(ra)
mem[0x00000000800069F8] <- 0x0000000000000000
mem[X,0x0000000080001CAA] -> 0x0513
mem[X,0x0000000080001CAC] -> 0x0000
[1982] [M]: 0x0000000080001CAA (0x00000513) addi a0, zero, 0
x10 <- 0x0000000000000000
mem[X,0x0000000080001CAE] -> 0x9971
[1983] [M]: 0x0000000080001CAE (0x9971) c.andi a0, 60
x10 <- 0x0000000000000000
mem[X,0x0000000080001CB0] -> 0xB423
mem[X,0x0000000080001CB2] -> 0x0EA0
[1984] [M]: 0x0000000080001CB0 (0x0EA0B423) sd a0, 232(ra)
mem[0x0000000080006A00] <- 0x0000000000000000
mem[X,0x0000000080001CB4] -> 0x0513
mem[X,0x0000000080001CB6] -> 0x0040
[1985] [M]: 0x0000000080001CB4 (0x00400513) addi a0, zero, 4
x10 <- 0x0000000000000004
mem[X,0x0000000080001CB8] -> 0x890D
[1986] [M]: 0x0000000080001CB8 (0x890D) c.andi a0, 3
x10 <- 0x0000000000000000
mem[X,0x0000000080001CBA] -> 0xB823
mem[X,0x0000000080001CBC] -> 0x0EA0
[1987] [M]: 0x0000000080001CBA (0x0EA0B823) sd a0, 240(ra)
mem[0x0000000080006A08] <- 0x0000000000000000
mem[X,0x0000000080001CBE] -> 0x0513
mem[X,0x0000000080001CC0] -> 0x0040
[1988] [M]: 0x0000000080001CBE (0x00400513) addi a0, zero, 4
x10 <- 0x0000000000000004
mem[X,0x0000000080001CC2] -> 0x8915
[1989] [M]: 0x0000000080001CC2 (0x8915) c.andi a0, 5
x10 <- 0x0000000000000004
mem[X,0x0000000080001CC4] -> 0xBC23
mem[X,0x0000000080001CC6] -> 0x0EA0
[1990] [M]: 0x0000000080001CC4 (0x0EA0BC23) sd a0, 248(ra)
mem[0x0000000080006A10] <- 0x0000000000000004
mem[X,0x0000000080001CC8] -> 0x0513
mem[X,0x0000000080001CCA] -> 0x0040
[1991] [M]: 0x0000000080001CC8 (0x00400513) addi a0, zero, 4
x10 <- 0x0000000000000004
mem[X,0x0000000080001CCC] -> 0x8929
[1992] [M]: 0x0000000080001CCC (0x8929) c.andi a0, 10
x10 <- 0x0000000000000000
mem[X,0x0000000080001CCE] -> 0xB023
mem[X,0x0000000080001CD0] -> 0x10A0
[1993] [M]: 0x0000000080001CCE (0x10A0B023) sd a0, 256(ra)
mem[0x0000000080006A18] <- 0x0000000000000000
mem[X,0x0000000080001CD2] -> 0x0513
mem[X,0x0000000080001CD4] -> 0x0040
[1994] [M]: 0x0000000080001CD2 (0x00400513) addi a0, zero, 4
x10 <- 0x0000000000000004
mem[X,0x0000000080001CD6] -> 0x8919
[1995] [M]: 0x0000000080001CD6 (0x8919) c.andi a0, 6
x10 <- 0x0000000000000004
mem[X,0x0000000080001CD8] -> 0xB423
mem[X,0x0000000080001CDA] -> 0x10A0
[1996] [M]: 0x0000000080001CD8 (0x10A0B423) sd a0, 264(ra)
mem[0x0000000080006A20] <- 0x0000000000000004
mem[X,0x0000000080001CDC] -> 0x0513
mem[X,0x0000000080001CDE] -> 0x0040
[1997] [M]: 0x0000000080001CDC (0x00400513) addi a0, zero, 4
x10 <- 0x0000000000000004
mem[X,0x0000000080001CE0] -> 0x9979
[1998] [M]: 0x0000000080001CE0 (0x9979) c.andi a0, 62
x10 <- 0x0000000000000004
mem[X,0x0000000080001CE2] -> 0xB823
mem[X,0x0000000080001CE4] -> 0x10A0
[1999] [M]: 0x0000000080001CE2 (0x10A0B823) sd a0, 272(ra)
mem[0x0000000080006A28] <- 0x0000000000000004
clint::tick mtime <- 0x0000000000000014
 clint timer pending at mtime 0x0000000000000014
htif::tick 0x0000000000000000
mem[X,0x0000000080001CE6] -> 0x0513
mem[X,0x0000000080001CE8] -> 0x0040
[2000] [M]: 0x0000000080001CE6 (0x00400513) addi a0, zero, 4
x10 <- 0x0000000000000004
mem[X,0x0000000080001CEA] -> 0x996D
[2001] [M]: 0x0000000080001CEA (0x996D) c.andi a0, 59
x10 <- 0x0000000000000000
mem[X,0x0000000080001CEC] -> 0xBC23
mem[X,0x0000000080001CEE] -> 0x10A0
[2002] [M]: 0x0000000080001CEC (0x10A0BC23) sd a0, 280(ra)
mem[0x0000000080006A30] <- 0x0000000000000000
mem[X,0x0000000080001CF0] -> 0x0513
mem[X,0x0000000080001CF2] -> 0x0040
[2003] [M]: 0x0000000080001CF0 (0x00400513) addi a0, zero, 4
x10 <- 0x0000000000000004
mem[X,0x0000000080001CF4] -> 0x8909
[2004] [M]: 0x0000000080001CF4 (0x8909) c.andi a0, 2
x10 <- 0x0000000000000000
mem[X,0x0000000080001CF6] -> 0xB023
mem[X,0x0000000080001CF8] -> 0x12A0
[2005] [M]: 0x0000000080001CF6 (0x12A0B023) sd a0, 288(ra)
mem[0x0000000080006A38] <- 0x0000000000000000
mem[X,0x0000000080001CFA] -> 0x0513
mem[X,0x0000000080001CFC] -> 0x0040
[2006] [M]: 0x0000000080001CFA (0x00400513) addi a0, zero, 4
x10 <- 0x0000000000000004
mem[X,0x0000000080001CFE] -> 0x8911
[2007] [M]: 0x0000000080001CFE (0x8911) c.andi a0, 4
x10 <- 0x0000000000000004
mem[X,0x0000000080001D00] -> 0xB423
mem[X,0x0000000080001D02] -> 0x12A0
[2008] [M]: 0x0000000080001D00 (0x12A0B423) sd a0, 296(ra)
mem[0x0000000080006A40] <- 0x0000000000000004
mem[X,0x0000000080001D04] -> 0x0513
mem[X,0x0000000080001D06] -> 0x0040
[2009] [M]: 0x0000000080001D04 (0x00400513) addi a0, zero, 4
x10 <- 0x0000000000000004
mem[X,0x0000000080001D08] -> 0x8925
[2010] [M]: 0x0000000080001D08 (0x8925) c.andi a0, 9
x10 <- 0x0000000000000000
mem[X,0x0000000080001D0A] -> 0xB823
mem[X,0x0000000080001D0C] -> 0x12A0
[2011] [M]: 0x0000000080001D0A (0x12A0B823) sd a0, 304(ra)
mem[0x0000000080006A48] <- 0x0000000000000000
mem[X,0x0000000080001D0E] -> 0x0513
mem[X,0x0000000080001D10] -> 0x0040
[2012] [M]: 0x0000000080001D0E (0x00400513) addi a0, zero, 4
x10 <- 0x0000000000000004
mem[X,0x0000000080001D12] -> 0x8901
[2013] [M]: 0x0000000080001D12 (0x8901) c.andi a0, 0
x10 <- 0x0000000000000000
mem[X,0x0000000080001D14] -> 0xBC23
mem[X,0x0000000080001D16] -> 0x12A0
[2014] [M]: 0x0000000080001D14 (0x12A0BC23) sd a0, 312(ra)
mem[0x0000000080006A50] <- 0x0000000000000000
mem[X,0x0000000080001D18] -> 0x0513
mem[X,0x0000000080001D1A] -> 0x0040
[2015] [M]: 0x0000000080001D18 (0x00400513) addi a0, zero, 4
x10 <- 0x0000000000000004
mem[X,0x0000000080001D1C] -> 0x892D
[2016] [M]: 0x0000000080001D1C (0x892D) c.andi a0, 11
x10 <- 0x0000000000000000
mem[X,0x0000000080001D1E] -> 0xB023
mem[X,0x0000000080001D20] -> 0x14A0
[2017] [M]: 0x0000000080001D1E (0x14A0B023) sd a0, 320(ra)
mem[0x0000000080006A58] <- 0x0000000000000000
mem[X,0x0000000080001D22] -> 0x0513
mem[X,0x0000000080001D24] -> 0x0040
[2018] [M]: 0x0000000080001D22 (0x00400513) addi a0, zero, 4
x10 <- 0x0000000000000004
mem[X,0x0000000080001D26] -> 0x891D
[2019] [M]: 0x0000000080001D26 (0x891D) c.andi a0, 7
x10 <- 0x0000000000000004
mem[X,0x0000000080001D28] -> 0xB423
mem[X,0x0000000080001D2A] -> 0x14A0
[2020] [M]: 0x0000000080001D28 (0x14A0B423) sd a0, 328(ra)
mem[0x0000000080006A60] <- 0x0000000000000004
mem[X,0x0000000080001D2C] -> 0x0513
mem[X,0x0000000080001D2E] -> 0x0040
[2021] [M]: 0x0000000080001D2C (0x00400513) addi a0, zero, 4
x10 <- 0x0000000000000004
mem[X,0x0000000080001D30] -> 0x997D
[2022] [M]: 0x0000000080001D30 (0x997D) c.andi a0, 63
x10 <- 0x0000000000000004
mem[X,0x0000000080001D32] -> 0xB823
mem[X,0x0000000080001D34] -> 0x14A0
[2023] [M]: 0x0000000080001D32 (0x14A0B823) sd a0, 336(ra)
mem[0x0000000080006A68] <- 0x0000000000000004
mem[X,0x0000000080001D36] -> 0x0513
mem[X,0x0000000080001D38] -> 0x0040
[2024] [M]: 0x0000000080001D36 (0x00400513) addi a0, zero, 4
x10 <- 0x0000000000000004
mem[X,0x0000000080001D3A] -> 0x9971
[2025] [M]: 0x0000000080001D3A (0x9971) c.andi a0, 60
x10 <- 0x0000000000000004
mem[X,0x0000000080001D3C] -> 0xBC23
mem[X,0x0000000080001D3E] -> 0x14A0
[2026] [M]: 0x0000000080001D3C (0x14A0BC23) sd a0, 344(ra)
mem[0x0000000080006A70] <- 0x0000000000000004
mem[X,0x0000000080001D40] -> 0x3537
mem[X,0x0000000080001D42] -> 0x3333
[2027] [M]: 0x0000000080001D40 (0x33333537) lui a0, 209715
x10 <- 0x0000000033333000
mem[X,0x0000000080001D44] -> 0x0513
mem[X,0x0000000080001D46] -> 0x3335
[2028] [M]: 0x0000000080001D44 (0x33350513) addi a0, a0, 819
x10 <- 0x0000000033333333
mem[X,0x0000000080001D48] -> 0x1513
mem[X,0x0000000080001D4A] -> 0x00B5
[2029] [M]: 0x0000000080001D48 (0x00B51513) slli a0, a0, 11
x10 <- 0x0000019999999800
mem[X,0x0000000080001D4C] -> 0x0513
mem[X,0x0000000080001D4E] -> 0x1995
[2030] [M]: 0x0000000080001D4C (0x19950513) addi a0, a0, 409
x10 <- 0x0000019999999999
mem[X,0x0000000080001D50] -> 0x1513
mem[X,0x0000000080001D52] -> 0x00B5
[2031] [M]: 0x0000000080001D50 (0x00B51513) slli a0, a0, 11
x10 <- 0x000CCCCCCCCCC800
mem[X,0x0000000080001D54] -> 0x0513
mem[X,0x0000000080001D56] -> 0x4CC5
[2032] [M]: 0x0000000080001D54 (0x4CC50513) addi a0, a0, 1228
x10 <- 0x000CCCCCCCCCCCCC
mem[X,0x0000000080001D58] -> 0x1513
mem[X,0x0000000080001D5A] -> 0x00A5
[2033] [M]: 0x0000000080001D58 (0x00A51513) slli a0, a0, 10
x10 <- 0x3333333333333000
mem[X,0x0000000080001D5C] -> 0x0513
mem[X,0x0000000080001D5E] -> 0x3325
[2034] [M]: 0x0000000080001D5C (0x33250513) addi a0, a0, 818
x10 <- 0x3333333333333332
mem[X,0x0000000080001D60] -> 0x890D
[2035] [M]: 0x0000000080001D60 (0x890D) c.andi a0, 3
x10 <- 0x0000000000000002
mem[X,0x0000000080001D62] -> 0xB023
mem[X,0x0000000080001D64] -> 0x16A0
[2036] [M]: 0x0000000080001D62 (0x16A0B023) sd a0, 352(ra)
mem[0x0000000080006A78] <- 0x0000000000000002
mem[X,0x0000000080001D66] -> 0x3537
mem[X,0x0000000080001D68] -> 0x3333
[2037] [M]: 0x0000000080001D66 (0x33333537) lui a0, 209715
x10 <- 0x0000000033333000
mem[X,0x0000000080001D6A] -> 0x0513
mem[X,0x0000000080001D6C] -> 0x3335
[2038] [M]: 0x0000000080001D6A (0x33350513) addi a0, a0, 819
x10 <- 0x0000000033333333
mem[X,0x0000000080001D6E] -> 0x1513
mem[X,0x0000000080001D70] -> 0x00B5
[2039] [M]: 0x0000000080001D6E (0x00B51513) slli a0, a0, 11
x10 <- 0x0000019999999800
mem[X,0x0000000080001D72] -> 0x0513
mem[X,0x0000000080001D74] -> 0x1995
[2040] [M]: 0x0000000080001D72 (0x19950513) addi a0, a0, 409
x10 <- 0x0000019999999999
mem[X,0x0000000080001D76] -> 0x1513
mem[X,0x0000000080001D78] -> 0x00B5
[2041] [M]: 0x0000000080001D76 (0x00B51513) slli a0, a0, 11
x10 <- 0x000CCCCCCCCCC800
mem[X,0x0000000080001D7A] -> 0x0513
mem[X,0x0000000080001D7C] -> 0x4CC5
[2042] [M]: 0x0000000080001D7A (0x4CC50513) addi a0, a0, 1228
x10 <- 0x000CCCCCCCCCCCCC
mem[X,0x0000000080001D7E] -> 0x1513
mem[X,0x0000000080001D80] -> 0x00A5
[2043] [M]: 0x0000000080001D7E (0x00A51513) slli a0, a0, 10
x10 <- 0x3333333333333000
mem[X,0x0000000080001D82] -> 0x0513
mem[X,0x0000000080001D84] -> 0x3325
[2044] [M]: 0x0000000080001D82 (0x33250513) addi a0, a0, 818
x10 <- 0x3333333333333332
mem[X,0x0000000080001D86] -> 0x8915
[2045] [M]: 0x0000000080001D86 (0x8915) c.andi a0, 5
x10 <- 0x0000000000000000
mem[X,0x0000000080001D88] -> 0xB423
mem[X,0x0000000080001D8A] -> 0x16A0
[2046] [M]: 0x0000000080001D88 (0x16A0B423) sd a0, 360(ra)
mem[0x0000000080006A80] <- 0x0000000000000000
mem[X,0x0000000080001D8C] -> 0x3537
mem[X,0x0000000080001D8E] -> 0x3333
[2047] [M]: 0x0000000080001D8C (0x33333537) lui a0, 209715
x10 <- 0x0000000033333000
mem[X,0x0000000080001D90] -> 0x0513
mem[X,0x0000000080001D92] -> 0x3335
[2048] [M]: 0x0000000080001D90 (0x33350513) addi a0, a0, 819
x10 <- 0x0000000033333333
mem[X,0x0000000080001D94] -> 0x1513
mem[X,0x0000000080001D96] -> 0x00B5
[2049] [M]: 0x0000000080001D94 (0x00B51513) slli a0, a0, 11
x10 <- 0x0000019999999800
mem[X,0x0000000080001D98] -> 0x0513
mem[X,0x0000000080001D9A] -> 0x1995
[2050] [M]: 0x0000000080001D98 (0x19950513) addi a0, a0, 409
x10 <- 0x0000019999999999
mem[X,0x0000000080001D9C] -> 0x1513
mem[X,0x0000000080001D9E] -> 0x00B5
[2051] [M]: 0x0000000080001D9C (0x00B51513) slli a0, a0, 11
x10 <- 0x000CCCCCCCCCC800
mem[X,0x0000000080001DA0] -> 0x0513
mem[X,0x0000000080001DA2] -> 0x4CC5
[2052] [M]: 0x0000000080001DA0 (0x4CC50513) addi a0, a0, 1228
x10 <- 0x000CCCCCCCCCCCCC
mem[X,0x0000000080001DA4] -> 0x1513
mem[X,0x0000000080001DA6] -> 0x00A5
[2053] [M]: 0x0000000080001DA4 (0x00A51513) slli a0, a0, 10
x10 <- 0x3333333333333000
mem[X,0x0000000080001DA8] -> 0x0513
mem[X,0x0000000080001DAA] -> 0x3325
[2054] [M]: 0x0000000080001DA8 (0x33250513) addi a0, a0, 818
x10 <- 0x3333333333333332
mem[X,0x0000000080001DAC] -> 0x8929
[2055] [M]: 0x0000000080001DAC (0x8929) c.andi a0, 10
x10 <- 0x0000000000000002
mem[X,0x0000000080001DAE] -> 0xB823
mem[X,0x0000000080001DB0] -> 0x16A0
[2056] [M]: 0x0000000080001DAE (0x16A0B823) sd a0, 368(ra)
mem[0x0000000080006A88] <- 0x0000000000000002
mem[X,0x0000000080001DB2] -> 0x3537
mem[X,0x0000000080001DB4] -> 0x3333
[2057] [M]: 0x0000000080001DB2 (0x33333537) lui a0, 209715
x10 <- 0x0000000033333000
mem[X,0x0000000080001DB6] -> 0x0513
mem[X,0x0000000080001DB8] -> 0x3335
[2058] [M]: 0x0000000080001DB6 (0x33350513) addi a0, a0, 819
x10 <- 0x0000000033333333
mem[X,0x0000000080001DBA] -> 0x1513
mem[X,0x0000000080001DBC] -> 0x00B5
[2059] [M]: 0x0000000080001DBA (0x00B51513) slli a0, a0, 11
x10 <- 0x0000019999999800
mem[X,0x0000000080001DBE] -> 0x0513
mem[X,0x0000000080001DC0] -> 0x1995
[2060] [M]: 0x0000000080001DBE (0x19950513) addi a0, a0, 409
x10 <- 0x0000019999999999
mem[X,0x0000000080001DC2] -> 0x1513
mem[X,0x0000000080001DC4] -> 0x00B5
[2061] [M]: 0x0000000080001DC2 (0x00B51513) slli a0, a0, 11
x10 <- 0x000CCCCCCCCCC800
mem[X,0x0000000080001DC6] -> 0x0513
mem[X,0x0000000080001DC8] -> 0x4CC5
[2062] [M]: 0x0000000080001DC6 (0x4CC50513) addi a0, a0, 1228
x10 <- 0x000CCCCCCCCCCCCC
mem[X,0x0000000080001DCA] -> 0x1513
mem[X,0x0000000080001DCC] -> 0x00A5
[2063] [M]: 0x0000000080001DCA (0x00A51513) slli a0, a0, 10
x10 <- 0x3333333333333000
mem[X,0x0000000080001DCE] -> 0x0513
mem[X,0x0000000080001DD0] -> 0x3325
[2064] [M]: 0x0000000080001DCE (0x33250513) addi a0, a0, 818
x10 <- 0x3333333333333332
mem[X,0x0000000080001DD2] -> 0x8919
[2065] [M]: 0x0000000080001DD2 (0x8919) c.andi a0, 6
x10 <- 0x0000000000000002
mem[X,0x0000000080001DD4] -> 0xBC23
mem[X,0x0000000080001DD6] -> 0x16A0
[2066] [M]: 0x0000000080001DD4 (0x16A0BC23) sd a0, 376(ra)
mem[0x0000000080006A90] <- 0x0000000000000002
mem[X,0x0000000080001DD8] -> 0x3537
mem[X,0x0000000080001DDA] -> 0x3333
[2067] [M]: 0x0000000080001DD8 (0x33333537) lui a0, 209715
x10 <- 0x0000000033333000
mem[X,0x0000000080001DDC] -> 0x0513
mem[X,0x0000000080001DDE] -> 0x3335
[2068] [M]: 0x0000000080001DDC (0x33350513) addi a0, a0, 819
x10 <- 0x0000000033333333
mem[X,0x0000000080001DE0] -> 0x1513
mem[X,0x0000000080001DE2] -> 0x00B5
[2069] [M]: 0x0000000080001DE0 (0x00B51513) slli a0, a0, 11
x10 <- 0x0000019999999800
mem[X,0x0000000080001DE4] -> 0x0513
mem[X,0x0000000080001DE6] -> 0x1995
[2070] [M]: 0x0000000080001DE4 (0x19950513) addi a0, a0, 409
x10 <- 0x0000019999999999
mem[X,0x0000000080001DE8] -> 0x1513
mem[X,0x0000000080001DEA] -> 0x00B5
[2071] [M]: 0x0000000080001DE8 (0x00B51513) slli a0, a0, 11
x10 <- 0x000CCCCCCCCCC800
mem[X,0x0000000080001DEC] -> 0x0513
mem[X,0x0000000080001DEE] -> 0x4CC5
[2072] [M]: 0x0000000080001DEC (0x4CC50513) addi a0, a0, 1228
x10 <- 0x000CCCCCCCCCCCCC
mem[X,0x0000000080001DF0] -> 0x1513
mem[X,0x0000000080001DF2] -> 0x00A5
[2073] [M]: 0x0000000080001DF0 (0x00A51513) slli a0, a0, 10
x10 <- 0x3333333333333000
mem[X,0x0000000080001DF4] -> 0x0513
mem[X,0x0000000080001DF6] -> 0x3325
[2074] [M]: 0x0000000080001DF4 (0x33250513) addi a0, a0, 818
x10 <- 0x3333333333333332
mem[X,0x0000000080001DF8] -> 0x9979
[2075] [M]: 0x0000000080001DF8 (0x9979) c.andi a0, 62
x10 <- 0x3333333333333332
mem[X,0x0000000080001DFA] -> 0xB023
mem[X,0x0000000080001DFC] -> 0x18A0
[2076] [M]: 0x0000000080001DFA (0x18A0B023) sd a0, 384(ra)
mem[0x0000000080006A98] <- 0x3333333333333332
mem[X,0x0000000080001DFE] -> 0x3537
mem[X,0x0000000080001E00] -> 0x3333
[2077] [M]: 0x0000000080001DFE (0x33333537) lui a0, 209715
x10 <- 0x0000000033333000
mem[X,0x0000000080001E02] -> 0x0513
mem[X,0x0000000080001E04] -> 0x3335
[2078] [M]: 0x0000000080001E02 (0x33350513) addi a0, a0, 819
x10 <- 0x0000000033333333
mem[X,0x0000000080001E06] -> 0x1513
mem[X,0x0000000080001E08] -> 0x00B5
[2079] [M]: 0x0000000080001E06 (0x00B51513) slli a0, a0, 11
x10 <- 0x0000019999999800
mem[X,0x0000000080001E0A] -> 0x0513
mem[X,0x0000000080001E0C] -> 0x1995
[2080] [M]: 0x0000000080001E0A (0x19950513) addi a0, a0, 409
x10 <- 0x0000019999999999
mem[X,0x0000000080001E0E] -> 0x1513
mem[X,0x0000000080001E10] -> 0x00B5
[2081] [M]: 0x0000000080001E0E (0x00B51513) slli a0, a0, 11
x10 <- 0x000CCCCCCCCCC800
mem[X,0x0000000080001E12] -> 0x0513
mem[X,0x0000000080001E14] -> 0x4CC5
[2082] [M]: 0x0000000080001E12 (0x4CC50513) addi a0, a0, 1228
x10 <- 0x000CCCCCCCCCCCCC
mem[X,0x0000000080001E16] -> 0x1513
mem[X,0x0000000080001E18] -> 0x00A5
[2083] [M]: 0x0000000080001E16 (0x00A51513) slli a0, a0, 10
x10 <- 0x3333333333333000
mem[X,0x0000000080001E1A] -> 0x0513
mem[X,0x0000000080001E1C] -> 0x3325
[2084] [M]: 0x0000000080001E1A (0x33250513) addi a0, a0, 818
x10 <- 0x3333333333333332
mem[X,0x0000000080001E1E] -> 0x996D
[2085] [M]: 0x0000000080001E1E (0x996D) c.andi a0, 59
x10 <- 0x3333333333333332
mem[X,0x0000000080001E20] -> 0xB423
mem[X,0x0000000080001E22] -> 0x18A0
[2086] [M]: 0x0000000080001E20 (0x18A0B423) sd a0, 392(ra)
mem[0x0000000080006AA0] <- 0x3333333333333332
mem[X,0x0000000080001E24] -> 0x3537
mem[X,0x0000000080001E26] -> 0x3333
[2087] [M]: 0x0000000080001E24 (0x33333537) lui a0, 209715
x10 <- 0x0000000033333000
mem[X,0x0000000080001E28] -> 0x0513
mem[X,0x0000000080001E2A] -> 0x3335
[2088] [M]: 0x0000000080001E28 (0x33350513) addi a0, a0, 819
x10 <- 0x0000000033333333
mem[X,0x0000000080001E2C] -> 0x1513
mem[X,0x0000000080001E2E] -> 0x00B5
[2089] [M]: 0x0000000080001E2C (0x00B51513) slli a0, a0, 11
x10 <- 0x0000019999999800
mem[X,0x0000000080001E30] -> 0x0513
mem[X,0x0000000080001E32] -> 0x1995
[2090] [M]: 0x0000000080001E30 (0x19950513) addi a0, a0, 409
x10 <- 0x0000019999999999
mem[X,0x0000000080001E34] -> 0x1513
mem[X,0x0000000080001E36] -> 0x00B5
[2091] [M]: 0x0000000080001E34 (0x00B51513) slli a0, a0, 11
x10 <- 0x000CCCCCCCCCC800
mem[X,0x0000000080001E38] -> 0x0513
mem[X,0x0000000080001E3A] -> 0x4CC5
[2092] [M]: 0x0000000080001E38 (0x4CC50513) addi a0, a0, 1228
x10 <- 0x000CCCCCCCCCCCCC
mem[X,0x0000000080001E3C] -> 0x1513
mem[X,0x0000000080001E3E] -> 0x00A5
[2093] [M]: 0x0000000080001E3C (0x00A51513) slli a0, a0, 10
x10 <- 0x3333333333333000
mem[X,0x0000000080001E40] -> 0x0513
mem[X,0x0000000080001E42] -> 0x3325
[2094] [M]: 0x0000000080001E40 (0x33250513) addi a0, a0, 818
x10 <- 0x3333333333333332
mem[X,0x0000000080001E44] -> 0x8909
[2095] [M]: 0x0000000080001E44 (0x8909) c.andi a0, 2
x10 <- 0x0000000000000002
mem[X,0x0000000080001E46] -> 0xB823
mem[X,0x0000000080001E48] -> 0x18A0
[2096] [M]: 0x0000000080001E46 (0x18A0B823) sd a0, 400(ra)
mem[0x0000000080006AA8] <- 0x0000000000000002
mem[X,0x0000000080001E4A] -> 0x3537
mem[X,0x0000000080001E4C] -> 0x3333
[2097] [M]: 0x0000000080001E4A (0x33333537) lui a0, 209715
x10 <- 0x0000000033333000
mem[X,0x0000000080001E4E] -> 0x0513
mem[X,0x0000000080001E50] -> 0x3335
[2098] [M]: 0x0000000080001E4E (0x33350513) addi a0, a0, 819
x10 <- 0x0000000033333333
mem[X,0x0000000080001E52] -> 0x1513
mem[X,0x0000000080001E54] -> 0x00B5
[2099] [M]: 0x0000000080001E52 (0x00B51513) slli a0, a0, 11
x10 <- 0x0000019999999800
clint::tick mtime <- 0x0000000000000015
 clint timer pending at mtime 0x0000000000000015
htif::tick 0x0000000000000000
mem[X,0x0000000080001E56] -> 0x0513
mem[X,0x0000000080001E58] -> 0x1995
[2100] [M]: 0x0000000080001E56 (0x19950513) addi a0, a0, 409
x10 <- 0x0000019999999999
mem[X,0x0000000080001E5A] -> 0x1513
mem[X,0x0000000080001E5C] -> 0x00B5
[2101] [M]: 0x0000000080001E5A (0x00B51513) slli a0, a0, 11
x10 <- 0x000CCCCCCCCCC800
mem[X,0x0000000080001E5E] -> 0x0513
mem[X,0x0000000080001E60] -> 0x4CC5
[2102] [M]: 0x0000000080001E5E (0x4CC50513) addi a0, a0, 1228
x10 <- 0x000CCCCCCCCCCCCC
mem[X,0x0000000080001E62] -> 0x1513
mem[X,0x0000000080001E64] -> 0x00A5
[2103] [M]: 0x0000000080001E62 (0x00A51513) slli a0, a0, 10
x10 <- 0x3333333333333000
mem[X,0x0000000080001E66] -> 0x0513
mem[X,0x0000000080001E68] -> 0x3325
[2104] [M]: 0x0000000080001E66 (0x33250513) addi a0, a0, 818
x10 <- 0x3333333333333332
mem[X,0x0000000080001E6A] -> 0x8911
[2105] [M]: 0x0000000080001E6A (0x8911) c.andi a0, 4
x10 <- 0x0000000000000000
mem[X,0x0000000080001E6C] -> 0xBC23
mem[X,0x0000000080001E6E] -> 0x18A0
[2106] [M]: 0x0000000080001E6C (0x18A0BC23) sd a0, 408(ra)
mem[0x0000000080006AB0] <- 0x0000000000000000
mem[X,0x0000000080001E70] -> 0x3537
mem[X,0x0000000080001E72] -> 0x3333
[2107] [M]: 0x0000000080001E70 (0x33333537) lui a0, 209715
x10 <- 0x0000000033333000
mem[X,0x0000000080001E74] -> 0x0513
mem[X,0x0000000080001E76] -> 0x3335
[2108] [M]: 0x0000000080001E74 (0x33350513) addi a0, a0, 819
x10 <- 0x0000000033333333
mem[X,0x0000000080001E78] -> 0x1513
mem[X,0x0000000080001E7A] -> 0x00B5
[2109] [M]: 0x0000000080001E78 (0x00B51513) slli a0, a0, 11
x10 <- 0x0000019999999800
mem[X,0x0000000080001E7C] -> 0x0513
mem[X,0x0000000080001E7E] -> 0x1995
[2110] [M]: 0x0000000080001E7C (0x19950513) addi a0, a0, 409
x10 <- 0x0000019999999999
mem[X,0x0000000080001E80] -> 0x1513
mem[X,0x0000000080001E82] -> 0x00B5
[2111] [M]: 0x0000000080001E80 (0x00B51513) slli a0, a0, 11
x10 <- 0x000CCCCCCCCCC800
mem[X,0x0000000080001E84] -> 0x0513
mem[X,0x0000000080001E86] -> 0x4CC5
[2112] [M]: 0x0000000080001E84 (0x4CC50513) addi a0, a0, 1228
x10 <- 0x000CCCCCCCCCCCCC
mem[X,0x0000000080001E88] -> 0x1513
mem[X,0x0000000080001E8A] -> 0x00A5
[2113] [M]: 0x0000000080001E88 (0x00A51513) slli a0, a0, 10
x10 <- 0x3333333333333000
mem[X,0x0000000080001E8C] -> 0x0513
mem[X,0x0000000080001E8E] -> 0x3325
[2114] [M]: 0x0000000080001E8C (0x33250513) addi a0, a0, 818
x10 <- 0x3333333333333332
mem[X,0x0000000080001E90] -> 0x8925
[2115] [M]: 0x0000000080001E90 (0x8925) c.andi a0, 9
x10 <- 0x0000000000000000
mem[X,0x0000000080001E92] -> 0xB023
mem[X,0x0000000080001E94] -> 0x1AA0
[2116] [M]: 0x0000000080001E92 (0x1AA0B023) sd a0, 416(ra)
mem[0x0000000080006AB8] <- 0x0000000000000000
mem[X,0x0000000080001E96] -> 0x3537
mem[X,0x0000000080001E98] -> 0x3333
[2117] [M]: 0x0000000080001E96 (0x33333537) lui a0, 209715
x10 <- 0x0000000033333000
mem[X,0x0000000080001E9A] -> 0x0513
mem[X,0x0000000080001E9C] -> 0x3335
[2118] [M]: 0x0000000080001E9A (0x33350513) addi a0, a0, 819
x10 <- 0x0000000033333333
mem[X,0x0000000080001E9E] -> 0x1513
mem[X,0x0000000080001EA0] -> 0x00B5
[2119] [M]: 0x0000000080001E9E (0x00B51513) slli a0, a0, 11
x10 <- 0x0000019999999800
mem[X,0x0000000080001EA2] -> 0x0513
mem[X,0x0000000080001EA4] -> 0x1995
[2120] [M]: 0x0000000080001EA2 (0x19950513) addi a0, a0, 409
x10 <- 0x0000019999999999
mem[X,0x0000000080001EA6] -> 0x1513
mem[X,0x0000000080001EA8] -> 0x00B5
[2121] [M]: 0x0000000080001EA6 (0x00B51513) slli a0, a0, 11
x10 <- 0x000CCCCCCCCCC800
mem[X,0x0000000080001EAA] -> 0x0513
mem[X,0x0000000080001EAC] -> 0x4CC5
[2122] [M]: 0x0000000080001EAA (0x4CC50513) addi a0, a0, 1228
x10 <- 0x000CCCCCCCCCCCCC
mem[X,0x0000000080001EAE] -> 0x1513
mem[X,0x0000000080001EB0] -> 0x00A5
[2123] [M]: 0x0000000080001EAE (0x00A51513) slli a0, a0, 10
x10 <- 0x3333333333333000
mem[X,0x0000000080001EB2] -> 0x0513
mem[X,0x0000000080001EB4] -> 0x3325
[2124] [M]: 0x0000000080001EB2 (0x33250513) addi a0, a0, 818
x10 <- 0x3333333333333332
mem[X,0x0000000080001EB6] -> 0x8901
[2125] [M]: 0x0000000080001EB6 (0x8901) c.andi a0, 0
x10 <- 0x0000000000000000
mem[X,0x0000000080001EB8] -> 0xB423
mem[X,0x0000000080001EBA] -> 0x1AA0
[2126] [M]: 0x0000000080001EB8 (0x1AA0B423) sd a0, 424(ra)
mem[0x0000000080006AC0] <- 0x0000000000000000
mem[X,0x0000000080001EBC] -> 0x3537
mem[X,0x0000000080001EBE] -> 0x3333
[2127] [M]: 0x0000000080001EBC (0x33333537) lui a0, 209715
x10 <- 0x0000000033333000
mem[X,0x0000000080001EC0] -> 0x0513
mem[X,0x0000000080001EC2] -> 0x3335
[2128] [M]: 0x0000000080001EC0 (0x33350513) addi a0, a0, 819
x10 <- 0x0000000033333333
mem[X,0x0000000080001EC4] -> 0x1513
mem[X,0x0000000080001EC6] -> 0x00B5
[2129] [M]: 0x0000000080001EC4 (0x00B51513) slli a0, a0, 11
x10 <- 0x0000019999999800
mem[X,0x0000000080001EC8] -> 0x0513
mem[X,0x0000000080001ECA] -> 0x1995
[2130] [M]: 0x0000000080001EC8 (0x19950513) addi a0, a0, 409
x10 <- 0x0000019999999999
mem[X,0x0000000080001ECC] -> 0x1513
mem[X,0x0000000080001ECE] -> 0x00B5
[2131] [M]: 0x0000000080001ECC (0x00B51513) slli a0, a0, 11
x10 <- 0x000CCCCCCCCCC800
mem[X,0x0000000080001ED0] -> 0x0513
mem[X,0x0000000080001ED2] -> 0x4CC5
[2132] [M]: 0x0000000080001ED0 (0x4CC50513) addi a0, a0, 1228
x10 <- 0x000CCCCCCCCCCCCC
mem[X,0x0000000080001ED4] -> 0x1513
mem[X,0x0000000080001ED6] -> 0x00A5
[2133] [M]: 0x0000000080001ED4 (0x00A51513) slli a0, a0, 10
x10 <- 0x3333333333333000
mem[X,0x0000000080001ED8] -> 0x0513
mem[X,0x0000000080001EDA] -> 0x3325
[2134] [M]: 0x0000000080001ED8 (0x33250513) addi a0, a0, 818
x10 <- 0x3333333333333332
mem[X,0x0000000080001EDC] -> 0x892D
[2135] [M]: 0x0000000080001EDC (0x892D) c.andi a0, 11
x10 <- 0x0000000000000002
mem[X,0x0000000080001EDE] -> 0xB823
mem[X,0x0000000080001EE0] -> 0x1AA0
[2136] [M]: 0x0000000080001EDE (0x1AA0B823) sd a0, 432(ra)
mem[0x0000000080006AC8] <- 0x0000000000000002
mem[X,0x0000000080001EE2] -> 0x3537
mem[X,0x0000000080001EE4] -> 0x3333
[2137] [M]: 0x0000000080001EE2 (0x33333537) lui a0, 209715
x10 <- 0x0000000033333000
mem[X,0x0000000080001EE6] -> 0x0513
mem[X,0x0000000080001EE8] -> 0x3335
[2138] [M]: 0x0000000080001EE6 (0x33350513) addi a0, a0, 819
x10 <- 0x0000000033333333
mem[X,0x0000000080001EEA] -> 0x1513
mem[X,0x0000000080001EEC] -> 0x00B5
[2139] [M]: 0x0000000080001EEA (0x00B51513) slli a0, a0, 11
x10 <- 0x0000019999999800
mem[X,0x0000000080001EEE] -> 0x0513
mem[X,0x0000000080001EF0] -> 0x1995
[2140] [M]: 0x0000000080001EEE (0x19950513) addi a0, a0, 409
x10 <- 0x0000019999999999
mem[X,0x0000000080001EF2] -> 0x1513
mem[X,0x0000000080001EF4] -> 0x00B5
[2141] [M]: 0x0000000080001EF2 (0x00B51513) slli a0, a0, 11
x10 <- 0x000CCCCCCCCCC800
mem[X,0x0000000080001EF6] -> 0x0513
mem[X,0x0000000080001EF8] -> 0x4CC5
[2142] [M]: 0x0000000080001EF6 (0x4CC50513) addi a0, a0, 1228
x10 <- 0x000CCCCCCCCCCCCC
mem[X,0x0000000080001EFA] -> 0x1513
mem[X,0x0000000080001EFC] -> 0x00A5
[2143] [M]: 0x0000000080001EFA (0x00A51513) slli a0, a0, 10
x10 <- 0x3333333333333000
mem[X,0x0000000080001EFE] -> 0x0513
mem[X,0x0000000080001F00] -> 0x3325
[2144] [M]: 0x0000000080001EFE (0x33250513) addi a0, a0, 818
x10 <- 0x3333333333333332
mem[X,0x0000000080001F02] -> 0x891D
[2145] [M]: 0x0000000080001F02 (0x891D) c.andi a0, 7
x10 <- 0x0000000000000002
mem[X,0x0000000080001F04] -> 0xBC23
mem[X,0x0000000080001F06] -> 0x1AA0
[2146] [M]: 0x0000000080001F04 (0x1AA0BC23) sd a0, 440(ra)
mem[0x0000000080006AD0] <- 0x0000000000000002
mem[X,0x0000000080001F08] -> 0x3537
mem[X,0x0000000080001F0A] -> 0x3333
[2147] [M]: 0x0000000080001F08 (0x33333537) lui a0, 209715
x10 <- 0x0000000033333000
mem[X,0x0000000080001F0C] -> 0x0513
mem[X,0x0000000080001F0E] -> 0x3335
[2148] [M]: 0x0000000080001F0C (0x33350513) addi a0, a0, 819
x10 <- 0x0000000033333333
mem[X,0x0000000080001F10] -> 0x1513
mem[X,0x0000000080001F12] -> 0x00B5
[2149] [M]: 0x0000000080001F10 (0x00B51513) slli a0, a0, 11
x10 <- 0x0000019999999800
mem[X,0x0000000080001F14] -> 0x0513
mem[X,0x0000000080001F16] -> 0x1995
[2150] [M]: 0x0000000080001F14 (0x19950513) addi a0, a0, 409
x10 <- 0x0000019999999999
mem[X,0x0000000080001F18] -> 0x1513
mem[X,0x0000000080001F1A] -> 0x00B5
[2151] [M]: 0x0000000080001F18 (0x00B51513) slli a0, a0, 11
x10 <- 0x000CCCCCCCCCC800
mem[X,0x0000000080001F1C] -> 0x0513
mem[X,0x0000000080001F1E] -> 0x4CC5
[2152] [M]: 0x0000000080001F1C (0x4CC50513) addi a0, a0, 1228
x10 <- 0x000CCCCCCCCCCCCC
mem[X,0x0000000080001F20] -> 0x1513
mem[X,0x0000000080001F22] -> 0x00A5
[2153] [M]: 0x0000000080001F20 (0x00A51513) slli a0, a0, 10
x10 <- 0x3333333333333000
mem[X,0x0000000080001F24] -> 0x0513
mem[X,0x0000000080001F26] -> 0x3325
[2154] [M]: 0x0000000080001F24 (0x33250513) addi a0, a0, 818
x10 <- 0x3333333333333332
mem[X,0x0000000080001F28] -> 0x997D
[2155] [M]: 0x0000000080001F28 (0x997D) c.andi a0, 63
x10 <- 0x3333333333333332
mem[X,0x0000000080001F2A] -> 0xB023
mem[X,0x0000000080001F2C] -> 0x1CA0
[2156] [M]: 0x0000000080001F2A (0x1CA0B023) sd a0, 448(ra)
mem[0x0000000080006AD8] <- 0x3333333333333332
mem[X,0x0000000080001F2E] -> 0x3537
mem[X,0x0000000080001F30] -> 0x3333
[2157] [M]: 0x0000000080001F2E (0x33333537) lui a0, 209715
x10 <- 0x0000000033333000
mem[X,0x0000000080001F32] -> 0x0513
mem[X,0x0000000080001F34] -> 0x3335
[2158] [M]: 0x0000000080001F32 (0x33350513) addi a0, a0, 819
x10 <- 0x0000000033333333
mem[X,0x0000000080001F36] -> 0x1513
mem[X,0x0000000080001F38] -> 0x00B5
[2159] [M]: 0x0000000080001F36 (0x00B51513) slli a0, a0, 11
x10 <- 0x0000019999999800
mem[X,0x0000000080001F3A] -> 0x0513
mem[X,0x0000000080001F3C] -> 0x1995
[2160] [M]: 0x0000000080001F3A (0x19950513) addi a0, a0, 409
x10 <- 0x0000019999999999
mem[X,0x0000000080001F3E] -> 0x1513
mem[X,0x0000000080001F40] -> 0x00B5
[2161] [M]: 0x0000000080001F3E (0x00B51513) slli a0, a0, 11
x10 <- 0x000CCCCCCCCCC800
mem[X,0x0000000080001F42] -> 0x0513
mem[X,0x0000000080001F44] -> 0x4CC5
[2162] [M]: 0x0000000080001F42 (0x4CC50513) addi a0, a0, 1228
x10 <- 0x000CCCCCCCCCCCCC
mem[X,0x0000000080001F46] -> 0x1513
mem[X,0x0000000080001F48] -> 0x00A5
[2163] [M]: 0x0000000080001F46 (0x00A51513) slli a0, a0, 10
x10 <- 0x3333333333333000
mem[X,0x0000000080001F4A] -> 0x0513
mem[X,0x0000000080001F4C] -> 0x3325
[2164] [M]: 0x0000000080001F4A (0x33250513) addi a0, a0, 818
x10 <- 0x3333333333333332
mem[X,0x0000000080001F4E] -> 0x9971
[2165] [M]: 0x0000000080001F4E (0x9971) c.andi a0, 60
x10 <- 0x3333333333333330
mem[X,0x0000000080001F50] -> 0xB423
mem[X,0x0000000080001F52] -> 0x1CA0
[2166] [M]: 0x0000000080001F50 (0x1CA0B423) sd a0, 456(ra)
mem[0x0000000080006AE0] <- 0x3333333333333330
mem[X,0x0000000080001F54] -> 0x6537
mem[X,0x0000000080001F56] -> 0x6666
[2167] [M]: 0x0000000080001F54 (0x66666537) lui a0, 419430
x10 <- 0x0000000066666000
mem[X,0x0000000080001F58] -> 0x0513
mem[X,0x0000000080001F5A] -> 0x6665
[2168] [M]: 0x0000000080001F58 (0x66650513) addi a0, a0, 1638
x10 <- 0x0000000066666666
mem[X,0x0000000080001F5C] -> 0x1513
mem[X,0x0000000080001F5E] -> 0x00B5
[2169] [M]: 0x0000000080001F5C (0x00B51513) slli a0, a0, 11
x10 <- 0x0000033333333000
mem[X,0x0000000080001F60] -> 0x0513
mem[X,0x0000000080001F62] -> 0x3335
[2170] [M]: 0x0000000080001F60 (0x33350513) addi a0, a0, 819
x10 <- 0x0000033333333333
mem[X,0x0000000080001F64] -> 0x1513
mem[X,0x0000000080001F66] -> 0x00B5
[2171] [M]: 0x0000000080001F64 (0x00B51513) slli a0, a0, 11
x10 <- 0x0019999999999800
mem[X,0x0000000080001F68] -> 0x0513
mem[X,0x0000000080001F6A] -> 0x1995
[2172] [M]: 0x0000000080001F68 (0x19950513) addi a0, a0, 409
x10 <- 0x0019999999999999
mem[X,0x0000000080001F6C] -> 0x1513
mem[X,0x0000000080001F6E] -> 0x00A5
[2173] [M]: 0x0000000080001F6C (0x00A51513) slli a0, a0, 10
x10 <- 0x6666666666666400
mem[X,0x0000000080001F70] -> 0x0513
mem[X,0x0000000080001F72] -> 0x2655
[2174] [M]: 0x0000000080001F70 (0x26550513) addi a0, a0, 613
x10 <- 0x6666666666666665
mem[X,0x0000000080001F74] -> 0x890D
[2175] [M]: 0x0000000080001F74 (0x890D) c.andi a0, 3
x10 <- 0x0000000000000001
mem[X,0x0000000080001F76] -> 0xB823
mem[X,0x0000000080001F78] -> 0x1CA0
[2176] [M]: 0x0000000080001F76 (0x1CA0B823) sd a0, 464(ra)
mem[0x0000000080006AE8] <- 0x0000000000000001
mem[X,0x0000000080001F7A] -> 0x6537
mem[X,0x0000000080001F7C] -> 0x6666
[2177] [M]: 0x0000000080001F7A (0x66666537) lui a0, 419430
x10 <- 0x0000000066666000
mem[X,0x0000000080001F7E] -> 0x0513
mem[X,0x0000000080001F80] -> 0x6665
[2178] [M]: 0x0000000080001F7E (0x66650513) addi a0, a0, 1638
x10 <- 0x0000000066666666
mem[X,0x0000000080001F82] -> 0x1513
mem[X,0x0000000080001F84] -> 0x00B5
[2179] [M]: 0x0000000080001F82 (0x00B51513) slli a0, a0, 11
x10 <- 0x0000033333333000
mem[X,0x0000000080001F86] -> 0x0513
mem[X,0x0000000080001F88] -> 0x3335
[2180] [M]: 0x0000000080001F86 (0x33350513) addi a0, a0, 819
x10 <- 0x0000033333333333
mem[X,0x0000000080001F8A] -> 0x1513
mem[X,0x0000000080001F8C] -> 0x00B5
[2181] [M]: 0x0000000080001F8A (0x00B51513) slli a0, a0, 11
x10 <- 0x0019999999999800
mem[X,0x0000000080001F8E] -> 0x0513
mem[X,0x0000000080001F90] -> 0x1995
[2182] [M]: 0x0000000080001F8E (0x19950513) addi a0, a0, 409
x10 <- 0x0019999999999999
mem[X,0x0000000080001F92] -> 0x1513
mem[X,0x0000000080001F94] -> 0x00A5
[2183] [M]: 0x0000000080001F92 (0x00A51513) slli a0, a0, 10
x10 <- 0x6666666666666400
mem[X,0x0000000080001F96] -> 0x0513
mem[X,0x0000000080001F98] -> 0x2655
[2184] [M]: 0x0000000080001F96 (0x26550513) addi a0, a0, 613
x10 <- 0x6666666666666665
mem[X,0x0000000080001F9A] -> 0x8915
[2185] [M]: 0x0000000080001F9A (0x8915) c.andi a0, 5
x10 <- 0x0000000000000005
mem[X,0x0000000080001F9C] -> 0xBC23
mem[X,0x0000000080001F9E] -> 0x1CA0
[2186] [M]: 0x0000000080001F9C (0x1CA0BC23) sd a0, 472(ra)
mem[0x0000000080006AF0] <- 0x0000000000000005
mem[X,0x0000000080001FA0] -> 0x6537
mem[X,0x0000000080001FA2] -> 0x6666
[2187] [M]: 0x0000000080001FA0 (0x66666537) lui a0, 419430
x10 <- 0x0000000066666000
mem[X,0x0000000080001FA4] -> 0x0513
mem[X,0x0000000080001FA6] -> 0x6665
[2188] [M]: 0x0000000080001FA4 (0x66650513) addi a0, a0, 1638
x10 <- 0x0000000066666666
mem[X,0x0000000080001FA8] -> 0x1513
mem[X,0x0000000080001FAA] -> 0x00B5
[2189] [M]: 0x0000000080001FA8 (0x00B51513) slli a0, a0, 11
x10 <- 0x0000033333333000
mem[X,0x0000000080001FAC] -> 0x0513
mem[X,0x0000000080001FAE] -> 0x3335
[2190] [M]: 0x0000000080001FAC (0x33350513) addi a0, a0, 819
x10 <- 0x0000033333333333
mem[X,0x0000000080001FB0] -> 0x1513
mem[X,0x0000000080001FB2] -> 0x00B5
[2191] [M]: 0x0000000080001FB0 (0x00B51513) slli a0, a0, 11
x10 <- 0x0019999999999800
mem[X,0x0000000080001FB4] -> 0x0513
mem[X,0x0000000080001FB6] -> 0x1995
[2192] [M]: 0x0000000080001FB4 (0x19950513) addi a0, a0, 409
x10 <- 0x0019999999999999
mem[X,0x0000000080001FB8] -> 0x1513
mem[X,0x0000000080001FBA] -> 0x00A5
[2193] [M]: 0x0000000080001FB8 (0x00A51513) slli a0, a0, 10
x10 <- 0x6666666666666400
mem[X,0x0000000080001FBC] -> 0x0513
mem[X,0x0000000080001FBE] -> 0x2655
[2194] [M]: 0x0000000080001FBC (0x26550513) addi a0, a0, 613
x10 <- 0x6666666666666665
mem[X,0x0000000080001FC0] -> 0x8929
[2195] [M]: 0x0000000080001FC0 (0x8929) c.andi a0, 10
x10 <- 0x0000000000000000
mem[X,0x0000000080001FC2] -> 0xB023
mem[X,0x0000000080001FC4] -> 0x1EA0
[2196] [M]: 0x0000000080001FC2 (0x1EA0B023) sd a0, 480(ra)
mem[0x0000000080006AF8] <- 0x0000000000000000
mem[X,0x0000000080001FC6] -> 0x6537
mem[X,0x0000000080001FC8] -> 0x6666
[2197] [M]: 0x0000000080001FC6 (0x66666537) lui a0, 419430
x10 <- 0x0000000066666000
mem[X,0x0000000080001FCA] -> 0x0513
mem[X,0x0000000080001FCC] -> 0x6665
[2198] [M]: 0x0000000080001FCA (0x66650513) addi a0, a0, 1638
x10 <- 0x0000000066666666
mem[X,0x0000000080001FCE] -> 0x1513
mem[X,0x0000000080001FD0] -> 0x00B5
[2199] [M]: 0x0000000080001FCE (0x00B51513) slli a0, a0, 11
x10 <- 0x0000033333333000
clint::tick mtime <- 0x0000000000000016
 clint timer pending at mtime 0x0000000000000016
htif::tick 0x0000000000000000
mem[X,0x0000000080001FD2] -> 0x0513
mem[X,0x0000000080001FD4] -> 0x3335
[2200] [M]: 0x0000000080001FD2 (0x33350513) addi a0, a0, 819
x10 <- 0x0000033333333333
mem[X,0x0000000080001FD6] -> 0x1513
mem[X,0x0000000080001FD8] -> 0x00B5
[2201] [M]: 0x0000000080001FD6 (0x00B51513) slli a0, a0, 11
x10 <- 0x0019999999999800
mem[X,0x0000000080001FDA] -> 0x0513
mem[X,0x0000000080001FDC] -> 0x1995
[2202] [M]: 0x0000000080001FDA (0x19950513) addi a0, a0, 409
x10 <- 0x0019999999999999
mem[X,0x0000000080001FDE] -> 0x1513
mem[X,0x0000000080001FE0] -> 0x00A5
[2203] [M]: 0x0000000080001FDE (0x00A51513) slli a0, a0, 10
x10 <- 0x6666666666666400
mem[X,0x0000000080001FE2] -> 0x0513
mem[X,0x0000000080001FE4] -> 0x2655
[2204] [M]: 0x0000000080001FE2 (0x26550513) addi a0, a0, 613
x10 <- 0x6666666666666665
mem[X,0x0000000080001FE6] -> 0x8919
[2205] [M]: 0x0000000080001FE6 (0x8919) c.andi a0, 6
x10 <- 0x0000000000000004
mem[X,0x0000000080001FE8] -> 0xB423
mem[X,0x0000000080001FEA] -> 0x1EA0
[2206] [M]: 0x0000000080001FE8 (0x1EA0B423) sd a0, 488(ra)
mem[0x0000000080006B00] <- 0x0000000000000004
mem[X,0x0000000080001FEC] -> 0x6537
mem[X,0x0000000080001FEE] -> 0x6666
[2207] [M]: 0x0000000080001FEC (0x66666537) lui a0, 419430
x10 <- 0x0000000066666000
mem[X,0x0000000080001FF0] -> 0x0513
mem[X,0x0000000080001FF2] -> 0x6665
[2208] [M]: 0x0000000080001FF0 (0x66650513) addi a0, a0, 1638
x10 <- 0x0000000066666666
mem[X,0x0000000080001FF4] -> 0x1513
mem[X,0x0000000080001FF6] -> 0x00B5
[2209] [M]: 0x0000000080001FF4 (0x00B51513) slli a0, a0, 11
x10 <- 0x0000033333333000
mem[X,0x0000000080001FF8] -> 0x0513
mem[X,0x0000000080001FFA] -> 0x3335
[2210] [M]: 0x0000000080001FF8 (0x33350513) addi a0, a0, 819
x10 <- 0x0000033333333333
mem[X,0x0000000080001FFC] -> 0x1513
mem[X,0x0000000080001FFE] -> 0x00B5
[2211] [M]: 0x0000000080001FFC (0x00B51513) slli a0, a0, 11
x10 <- 0x0019999999999800
mem[X,0x0000000080002000] -> 0x0513
mem[X,0x0000000080002002] -> 0x1995
[2212] [M]: 0x0000000080002000 (0x19950513) addi a0, a0, 409
x10 <- 0x0019999999999999
mem[X,0x0000000080002004] -> 0x1513
mem[X,0x0000000080002006] -> 0x00A5
[2213] [M]: 0x0000000080002004 (0x00A51513) slli a0, a0, 10
x10 <- 0x6666666666666400
mem[X,0x0000000080002008] -> 0x0513
mem[X,0x000000008000200A] -> 0x2655
[2214] [M]: 0x0000000080002008 (0x26550513) addi a0, a0, 613
x10 <- 0x6666666666666665
mem[X,0x000000008000200C] -> 0x9979
[2215] [M]: 0x000000008000200C (0x9979) c.andi a0, 62
x10 <- 0x6666666666666664
mem[X,0x000000008000200E] -> 0xB823
mem[X,0x0000000080002010] -> 0x1EA0
[2216] [M]: 0x000000008000200E (0x1EA0B823) sd a0, 496(ra)
mem[0x0000000080006B08] <- 0x6666666666666664
mem[X,0x0000000080002012] -> 0x6537
mem[X,0x0000000080002014] -> 0x6666
[2217] [M]: 0x0000000080002012 (0x66666537) lui a0, 419430
x10 <- 0x0000000066666000
mem[X,0x0000000080002016] -> 0x0513
mem[X,0x0000000080002018] -> 0x6665
[2218] [M]: 0x0000000080002016 (0x66650513) addi a0, a0, 1638
x10 <- 0x0000000066666666
mem[X,0x000000008000201A] -> 0x1513
mem[X,0x000000008000201C] -> 0x00B5
[2219] [M]: 0x000000008000201A (0x00B51513) slli a0, a0, 11
x10 <- 0x0000033333333000
mem[X,0x000000008000201E] -> 0x0513
mem[X,0x0000000080002020] -> 0x3335
[2220] [M]: 0x000000008000201E (0x33350513) addi a0, a0, 819
x10 <- 0x0000033333333333
mem[X,0x0000000080002022] -> 0x1513
mem[X,0x0000000080002024] -> 0x00B5
[2221] [M]: 0x0000000080002022 (0x00B51513) slli a0, a0, 11
x10 <- 0x0019999999999800
mem[X,0x0000000080002026] -> 0x0513
mem[X,0x0000000080002028] -> 0x1995
[2222] [M]: 0x0000000080002026 (0x19950513) addi a0, a0, 409
x10 <- 0x0019999999999999
mem[X,0x000000008000202A] -> 0x1513
mem[X,0x000000008000202C] -> 0x00A5
[2223] [M]: 0x000000008000202A (0x00A51513) slli a0, a0, 10
x10 <- 0x6666666666666400
mem[X,0x000000008000202E] -> 0x0513
mem[X,0x0000000080002030] -> 0x2655
[2224] [M]: 0x000000008000202E (0x26550513) addi a0, a0, 613
x10 <- 0x6666666666666665
mem[X,0x0000000080002032] -> 0x996D
[2225] [M]: 0x0000000080002032 (0x996D) c.andi a0, 59
x10 <- 0x6666666666666661
mem[X,0x0000000080002034] -> 0xBC23
mem[X,0x0000000080002036] -> 0x1EA0
[2226] [M]: 0x0000000080002034 (0x1EA0BC23) sd a0, 504(ra)
mem[0x0000000080006B10] <- 0x6666666666666661
mem[X,0x0000000080002038] -> 0x6537
mem[X,0x000000008000203A] -> 0x6666
[2227] [M]: 0x0000000080002038 (0x66666537) lui a0, 419430
x10 <- 0x0000000066666000
mem[X,0x000000008000203C] -> 0x0513
mem[X,0x000000008000203E] -> 0x6665
[2228] [M]: 0x000000008000203C (0x66650513) addi a0, a0, 1638
x10 <- 0x0000000066666666
mem[X,0x0000000080002040] -> 0x1513
mem[X,0x0000000080002042] -> 0x00B5
[2229] [M]: 0x0000000080002040 (0x00B51513) slli a0, a0, 11
x10 <- 0x0000033333333000
mem[X,0x0000000080002044] -> 0x0513
mem[X,0x0000000080002046] -> 0x3335
[2230] [M]: 0x0000000080002044 (0x33350513) addi a0, a0, 819
x10 <- 0x0000033333333333
mem[X,0x0000000080002048] -> 0x1513
mem[X,0x000000008000204A] -> 0x00B5
[2231] [M]: 0x0000000080002048 (0x00B51513) slli a0, a0, 11
x10 <- 0x0019999999999800
mem[X,0x000000008000204C] -> 0x0513
mem[X,0x000000008000204E] -> 0x1995
[2232] [M]: 0x000000008000204C (0x19950513) addi a0, a0, 409
x10 <- 0x0019999999999999
mem[X,0x0000000080002050] -> 0x1513
mem[X,0x0000000080002052] -> 0x00A5
[2233] [M]: 0x0000000080002050 (0x00A51513) slli a0, a0, 10
x10 <- 0x6666666666666400
mem[X,0x0000000080002054] -> 0x0513
mem[X,0x0000000080002056] -> 0x2655
[2234] [M]: 0x0000000080002054 (0x26550513) addi a0, a0, 613
x10 <- 0x6666666666666665
mem[X,0x0000000080002058] -> 0x8909
[2235] [M]: 0x0000000080002058 (0x8909) c.andi a0, 2
x10 <- 0x0000000000000000
mem[X,0x000000008000205A] -> 0xB023
mem[X,0x000000008000205C] -> 0x20A0
[2236] [M]: 0x000000008000205A (0x20A0B023) sd a0, 512(ra)
mem[0x0000000080006B18] <- 0x0000000000000000
mem[X,0x000000008000205E] -> 0x6537
mem[X,0x0000000080002060] -> 0x6666
[2237] [M]: 0x000000008000205E (0x66666537) lui a0, 419430
x10 <- 0x0000000066666000
mem[X,0x0000000080002062] -> 0x0513
mem[X,0x0000000080002064] -> 0x6665
[2238] [M]: 0x0000000080002062 (0x66650513) addi a0, a0, 1638
x10 <- 0x0000000066666666
mem[X,0x0000000080002066] -> 0x1513
mem[X,0x0000000080002068] -> 0x00B5
[2239] [M]: 0x0000000080002066 (0x00B51513) slli a0, a0, 11
x10 <- 0x0000033333333000
mem[X,0x000000008000206A] -> 0x0513
mem[X,0x000000008000206C] -> 0x3335
[2240] [M]: 0x000000008000206A (0x33350513) addi a0, a0, 819
x10 <- 0x0000033333333333
mem[X,0x000000008000206E] -> 0x1513
mem[X,0x0000000080002070] -> 0x00B5
[2241] [M]: 0x000000008000206E (0x00B51513) slli a0, a0, 11
x10 <- 0x0019999999999800
mem[X,0x0000000080002072] -> 0x0513
mem[X,0x0000000080002074] -> 0x1995
[2242] [M]: 0x0000000080002072 (0x19950513) addi a0, a0, 409
x10 <- 0x0019999999999999
mem[X,0x0000000080002076] -> 0x1513
mem[X,0x0000000080002078] -> 0x00A5
[2243] [M]: 0x0000000080002076 (0x00A51513) slli a0, a0, 10
x10 <- 0x6666666666666400
mem[X,0x000000008000207A] -> 0x0513
mem[X,0x000000008000207C] -> 0x2655
[2244] [M]: 0x000000008000207A (0x26550513) addi a0, a0, 613
x10 <- 0x6666666666666665
mem[X,0x000000008000207E] -> 0x8911
[2245] [M]: 0x000000008000207E (0x8911) c.andi a0, 4
x10 <- 0x0000000000000004
mem[X,0x0000000080002080] -> 0xB423
mem[X,0x0000000080002082] -> 0x20A0
[2246] [M]: 0x0000000080002080 (0x20A0B423) sd a0, 520(ra)
mem[0x0000000080006B20] <- 0x0000000000000004
mem[X,0x0000000080002084] -> 0x6537
mem[X,0x0000000080002086] -> 0x6666
[2247] [M]: 0x0000000080002084 (0x66666537) lui a0, 419430
x10 <- 0x0000000066666000
mem[X,0x0000000080002088] -> 0x0513
mem[X,0x000000008000208A] -> 0x6665
[2248] [M]: 0x0000000080002088 (0x66650513) addi a0, a0, 1638
x10 <- 0x0000000066666666
mem[X,0x000000008000208C] -> 0x1513
mem[X,0x000000008000208E] -> 0x00B5
[2249] [M]: 0x000000008000208C (0x00B51513) slli a0, a0, 11
x10 <- 0x0000033333333000
mem[X,0x0000000080002090] -> 0x0513
mem[X,0x0000000080002092] -> 0x3335
[2250] [M]: 0x0000000080002090 (0x33350513) addi a0, a0, 819
x10 <- 0x0000033333333333
mem[X,0x0000000080002094] -> 0x1513
mem[X,0x0000000080002096] -> 0x00B5
[2251] [M]: 0x0000000080002094 (0x00B51513) slli a0, a0, 11
x10 <- 0x0019999999999800
mem[X,0x0000000080002098] -> 0x0513
mem[X,0x000000008000209A] -> 0x1995
[2252] [M]: 0x0000000080002098 (0x19950513) addi a0, a0, 409
x10 <- 0x0019999999999999
mem[X,0x000000008000209C] -> 0x1513
mem[X,0x000000008000209E] -> 0x00A5
[2253] [M]: 0x000000008000209C (0x00A51513) slli a0, a0, 10
x10 <- 0x6666666666666400
mem[X,0x00000000800020A0] -> 0x0513
mem[X,0x00000000800020A2] -> 0x2655
[2254] [M]: 0x00000000800020A0 (0x26550513) addi a0, a0, 613
x10 <- 0x6666666666666665
mem[X,0x00000000800020A4] -> 0x8925
[2255] [M]: 0x00000000800020A4 (0x8925) c.andi a0, 9
x10 <- 0x0000000000000001
mem[X,0x00000000800020A6] -> 0xB823
mem[X,0x00000000800020A8] -> 0x20A0
[2256] [M]: 0x00000000800020A6 (0x20A0B823) sd a0, 528(ra)
mem[0x0000000080006B28] <- 0x0000000000000001
mem[X,0x00000000800020AA] -> 0x6537
mem[X,0x00000000800020AC] -> 0x6666
[2257] [M]: 0x00000000800020AA (0x66666537) lui a0, 419430
x10 <- 0x0000000066666000
mem[X,0x00000000800020AE] -> 0x0513
mem[X,0x00000000800020B0] -> 0x6665
[2258] [M]: 0x00000000800020AE (0x66650513) addi a0, a0, 1638
x10 <- 0x0000000066666666
mem[X,0x00000000800020B2] -> 0x1513
mem[X,0x00000000800020B4] -> 0x00B5
[2259] [M]: 0x00000000800020B2 (0x00B51513) slli a0, a0, 11
x10 <- 0x0000033333333000
mem[X,0x00000000800020B6] -> 0x0513
mem[X,0x00000000800020B8] -> 0x3335
[2260] [M]: 0x00000000800020B6 (0x33350513) addi a0, a0, 819
x10 <- 0x0000033333333333
mem[X,0x00000000800020BA] -> 0x1513
mem[X,0x00000000800020BC] -> 0x00B5
[2261] [M]: 0x00000000800020BA (0x00B51513) slli a0, a0, 11
x10 <- 0x0019999999999800
mem[X,0x00000000800020BE] -> 0x0513
mem[X,0x00000000800020C0] -> 0x1995
[2262] [M]: 0x00000000800020BE (0x19950513) addi a0, a0, 409
x10 <- 0x0019999999999999
mem[X,0x00000000800020C2] -> 0x1513
mem[X,0x00000000800020C4] -> 0x00A5
[2263] [M]: 0x00000000800020C2 (0x00A51513) slli a0, a0, 10
x10 <- 0x6666666666666400
mem[X,0x00000000800020C6] -> 0x0513
mem[X,0x00000000800020C8] -> 0x2655
[2264] [M]: 0x00000000800020C6 (0x26550513) addi a0, a0, 613
x10 <- 0x6666666666666665
mem[X,0x00000000800020CA] -> 0x8901
[2265] [M]: 0x00000000800020CA (0x8901) c.andi a0, 0
x10 <- 0x0000000000000000
mem[X,0x00000000800020CC] -> 0xBC23
mem[X,0x00000000800020CE] -> 0x20A0
[2266] [M]: 0x00000000800020CC (0x20A0BC23) sd a0, 536(ra)
mem[0x0000000080006B30] <- 0x0000000000000000
mem[X,0x00000000800020D0] -> 0x6537
mem[X,0x00000000800020D2] -> 0x6666
[2267] [M]: 0x00000000800020D0 (0x66666537) lui a0, 419430
x10 <- 0x0000000066666000
mem[X,0x00000000800020D4] -> 0x0513
mem[X,0x00000000800020D6] -> 0x6665
[2268] [M]: 0x00000000800020D4 (0x66650513) addi a0, a0, 1638
x10 <- 0x0000000066666666
mem[X,0x00000000800020D8] -> 0x1513
mem[X,0x00000000800020DA] -> 0x00B5
[2269] [M]: 0x00000000800020D8 (0x00B51513) slli a0, a0, 11
x10 <- 0x0000033333333000
mem[X,0x00000000800020DC] -> 0x0513
mem[X,0x00000000800020DE] -> 0x3335
[2270] [M]: 0x00000000800020DC (0x33350513) addi a0, a0, 819
x10 <- 0x0000033333333333
mem[X,0x00000000800020E0] -> 0x1513
mem[X,0x00000000800020E2] -> 0x00B5
[2271] [M]: 0x00000000800020E0 (0x00B51513) slli a0, a0, 11
x10 <- 0x0019999999999800
mem[X,0x00000000800020E4] -> 0x0513
mem[X,0x00000000800020E6] -> 0x1995
[2272] [M]: 0x00000000800020E4 (0x19950513) addi a0, a0, 409
x10 <- 0x0019999999999999
mem[X,0x00000000800020E8] -> 0x1513
mem[X,0x00000000800020EA] -> 0x00A5
[2273] [M]: 0x00000000800020E8 (0x00A51513) slli a0, a0, 10
x10 <- 0x6666666666666400
mem[X,0x00000000800020EC] -> 0x0513
mem[X,0x00000000800020EE] -> 0x2655
[2274] [M]: 0x00000000800020EC (0x26550513) addi a0, a0, 613
x10 <- 0x6666666666666665
mem[X,0x00000000800020F0] -> 0x892D
[2275] [M]: 0x00000000800020F0 (0x892D) c.andi a0, 11
x10 <- 0x0000000000000001
mem[X,0x00000000800020F2] -> 0xB023
mem[X,0x00000000800020F4] -> 0x22A0
[2276] [M]: 0x00000000800020F2 (0x22A0B023) sd a0, 544(ra)
mem[0x0000000080006B38] <- 0x0000000000000001
mem[X,0x00000000800020F6] -> 0x6537
mem[X,0x00000000800020F8] -> 0x6666
[2277] [M]: 0x00000000800020F6 (0x66666537) lui a0, 419430
x10 <- 0x0000000066666000
mem[X,0x00000000800020FA] -> 0x0513
mem[X,0x00000000800020FC] -> 0x6665
[2278] [M]: 0x00000000800020FA (0x66650513) addi a0, a0, 1638
x10 <- 0x0000000066666666
mem[X,0x00000000800020FE] -> 0x1513
mem[X,0x0000000080002100] -> 0x00B5
[2279] [M]: 0x00000000800020FE (0x00B51513) slli a0, a0, 11
x10 <- 0x0000033333333000
mem[X,0x0000000080002102] -> 0x0513
mem[X,0x0000000080002104] -> 0x3335
[2280] [M]: 0x0000000080002102 (0x33350513) addi a0, a0, 819
x10 <- 0x0000033333333333
mem[X,0x0000000080002106] -> 0x1513
mem[X,0x0000000080002108] -> 0x00B5
[2281] [M]: 0x0000000080002106 (0x00B51513) slli a0, a0, 11
x10 <- 0x0019999999999800
mem[X,0x000000008000210A] -> 0x0513
mem[X,0x000000008000210C] -> 0x1995
[2282] [M]: 0x000000008000210A (0x19950513) addi a0, a0, 409
x10 <- 0x0019999999999999
mem[X,0x000000008000210E] -> 0x1513
mem[X,0x0000000080002110] -> 0x00A5
[2283] [M]: 0x000000008000210E (0x00A51513) slli a0, a0, 10
x10 <- 0x6666666666666400
mem[X,0x0000000080002112] -> 0x0513
mem[X,0x0000000080002114] -> 0x2655
[2284] [M]: 0x0000000080002112 (0x26550513) addi a0, a0, 613
x10 <- 0x6666666666666665
mem[X,0x0000000080002116] -> 0x891D
[2285] [M]: 0x0000000080002116 (0x891D) c.andi a0, 7
x10 <- 0x0000000000000005
mem[X,0x0000000080002118] -> 0xB423
mem[X,0x000000008000211A] -> 0x22A0
[2286] [M]: 0x0000000080002118 (0x22A0B423) sd a0, 552(ra)
mem[0x0000000080006B40] <- 0x0000000000000005
mem[X,0x000000008000211C] -> 0x6537
mem[X,0x000000008000211E] -> 0x6666
[2287] [M]: 0x000000008000211C (0x66666537) lui a0, 419430
x10 <- 0x0000000066666000
mem[X,0x0000000080002120] -> 0x0513
mem[X,0x0000000080002122] -> 0x6665
[2288] [M]: 0x0000000080002120 (0x66650513) addi a0, a0, 1638
x10 <- 0x0000000066666666
mem[X,0x0000000080002124] -> 0x1513
mem[X,0x0000000080002126] -> 0x00B5
[2289] [M]: 0x0000000080002124 (0x00B51513) slli a0, a0, 11
x10 <- 0x0000033333333000
mem[X,0x0000000080002128] -> 0x0513
mem[X,0x000000008000212A] -> 0x3335
[2290] [M]: 0x0000000080002128 (0x33350513) addi a0, a0, 819
x10 <- 0x0000033333333333
mem[X,0x000000008000212C] -> 0x1513
mem[X,0x000000008000212E] -> 0x00B5
[2291] [M]: 0x000000008000212C (0x00B51513) slli a0, a0, 11
x10 <- 0x0019999999999800
mem[X,0x0000000080002130] -> 0x0513
mem[X,0x0000000080002132] -> 0x1995
[2292] [M]: 0x0000000080002130 (0x19950513) addi a0, a0, 409
x10 <- 0x0019999999999999
mem[X,0x0000000080002134] -> 0x1513
mem[X,0x0000000080002136] -> 0x00A5
[2293] [M]: 0x0000000080002134 (0x00A51513) slli a0, a0, 10
x10 <- 0x6666666666666400
mem[X,0x0000000080002138] -> 0x0513
mem[X,0x000000008000213A] -> 0x2655
[2294] [M]: 0x0000000080002138 (0x26550513) addi a0, a0, 613
x10 <- 0x6666666666666665
mem[X,0x000000008000213C] -> 0x997D
[2295] [M]: 0x000000008000213C (0x997D) c.andi a0, 63
x10 <- 0x6666666666666665
mem[X,0x000000008000213E] -> 0xB823
mem[X,0x0000000080002140] -> 0x22A0
[2296] [M]: 0x000000008000213E (0x22A0B823) sd a0, 560(ra)
mem[0x0000000080006B48] <- 0x6666666666666665
mem[X,0x0000000080002142] -> 0x6537
mem[X,0x0000000080002144] -> 0x6666
[2297] [M]: 0x0000000080002142 (0x66666537) lui a0, 419430
x10 <- 0x0000000066666000
mem[X,0x0000000080002146] -> 0x0513
mem[X,0x0000000080002148] -> 0x6665
[2298] [M]: 0x0000000080002146 (0x66650513) addi a0, a0, 1638
x10 <- 0x0000000066666666
mem[X,0x000000008000214A] -> 0x1513
mem[X,0x000000008000214C] -> 0x00B5
[2299] [M]: 0x000000008000214A (0x00B51513) slli a0, a0, 11
x10 <- 0x0000033333333000
clint::tick mtime <- 0x0000000000000017
 clint timer pending at mtime 0x0000000000000017
htif::tick 0x0000000000000000
mem[X,0x000000008000214E] -> 0x0513
mem[X,0x0000000080002150] -> 0x3335
[2300] [M]: 0x000000008000214E (0x33350513) addi a0, a0, 819
x10 <- 0x0000033333333333
mem[X,0x0000000080002152] -> 0x1513
mem[X,0x0000000080002154] -> 0x00B5
[2301] [M]: 0x0000000080002152 (0x00B51513) slli a0, a0, 11
x10 <- 0x0019999999999800
mem[X,0x0000000080002156] -> 0x0513
mem[X,0x0000000080002158] -> 0x1995
[2302] [M]: 0x0000000080002156 (0x19950513) addi a0, a0, 409
x10 <- 0x0019999999999999
mem[X,0x000000008000215A] -> 0x1513
mem[X,0x000000008000215C] -> 0x00A5
[2303] [M]: 0x000000008000215A (0x00A51513) slli a0, a0, 10
x10 <- 0x6666666666666400
mem[X,0x000000008000215E] -> 0x0513
mem[X,0x0000000080002160] -> 0x2655
[2304] [M]: 0x000000008000215E (0x26550513) addi a0, a0, 613
x10 <- 0x6666666666666665
mem[X,0x0000000080002162] -> 0x9971
[2305] [M]: 0x0000000080002162 (0x9971) c.andi a0, 60
x10 <- 0x6666666666666664
mem[X,0x0000000080002164] -> 0xBC23
mem[X,0x0000000080002166] -> 0x22A0
[2306] [M]: 0x0000000080002164 (0x22A0BC23) sd a0, 568(ra)
mem[0x0000000080006B50] <- 0x6666666666666664
mem[X,0x0000000080002168] -> 0x0537
mem[X,0x000000008000216A] -> 0x0000
[2307] [M]: 0x0000000080002168 (0x00000537) lui a0, 0
x10 <- 0x0000000000000000
mem[X,0x000000008000216C] -> 0x0513
mem[X,0x000000008000216E] -> 0x0005
[2308] [M]: 0x000000008000216C (0x00050513) addi a0, a0, 0
x10 <- 0x0000000000000000
mem[X,0x0000000080002170] -> 0x1513
mem[X,0x0000000080002172] -> 0x00B5
[2309] [M]: 0x0000000080002170 (0x00B51513) slli a0, a0, 11
x10 <- 0x0000000000000000
mem[X,0x0000000080002174] -> 0x0513
mem[X,0x0000000080002176] -> 0x5A85
[2310] [M]: 0x0000000080002174 (0x5A850513) addi a0, a0, 1448
x10 <- 0x00000000000005A8
mem[X,0x0000000080002178] -> 0x1513
mem[X,0x000000008000217A] -> 0x00B5
[2311] [M]: 0x0000000080002178 (0x00B51513) slli a0, a0, 11
x10 <- 0x00000000002D4000
mem[X,0x000000008000217C] -> 0x0513
mem[X,0x000000008000217E] -> 0x13C5
[2312] [M]: 0x000000008000217C (0x13C50513) addi a0, a0, 316
x10 <- 0x00000000002D413C
mem[X,0x0000000080002180] -> 0x1513
mem[X,0x0000000080002182] -> 0x00A5
[2313] [M]: 0x0000000080002180 (0x00A51513) slli a0, a0, 10
x10 <- 0x00000000B504F000
mem[X,0x0000000080002184] -> 0x0513
mem[X,0x0000000080002186] -> 0x3325
[2314] [M]: 0x0000000080002184 (0x33250513) addi a0, a0, 818
x10 <- 0x00000000B504F332
mem[X,0x0000000080002188] -> 0x890D
[2315] [M]: 0x0000000080002188 (0x890D) c.andi a0, 3
x10 <- 0x0000000000000002
mem[X,0x000000008000218A] -> 0xB023
mem[X,0x000000008000218C] -> 0x24A0
[2316] [M]: 0x000000008000218A (0x24A0B023) sd a0, 576(ra)
mem[0x0000000080006B58] <- 0x0000000000000002
mem[X,0x000000008000218E] -> 0x0537
mem[X,0x0000000080002190] -> 0x0000
[2317] [M]: 0x000000008000218E (0x00000537) lui a0, 0
x10 <- 0x0000000000000000
mem[X,0x0000000080002192] -> 0x0513
mem[X,0x0000000080002194] -> 0x0005
[2318] [M]: 0x0000000080002192 (0x00050513) addi a0, a0, 0
x10 <- 0x0000000000000000
mem[X,0x0000000080002196] -> 0x1513
mem[X,0x0000000080002198] -> 0x00B5
[2319] [M]: 0x0000000080002196 (0x00B51513) slli a0, a0, 11
x10 <- 0x0000000000000000
mem[X,0x000000008000219A] -> 0x0513
mem[X,0x000000008000219C] -> 0x5A85
[2320] [M]: 0x000000008000219A (0x5A850513) addi a0, a0, 1448
x10 <- 0x00000000000005A8
mem[X,0x000000008000219E] -> 0x1513
mem[X,0x00000000800021A0] -> 0x00B5
[2321] [M]: 0x000000008000219E (0x00B51513) slli a0, a0, 11
x10 <- 0x00000000002D4000
mem[X,0x00000000800021A2] -> 0x0513
mem[X,0x00000000800021A4] -> 0x13C5
[2322] [M]: 0x00000000800021A2 (0x13C50513) addi a0, a0, 316
x10 <- 0x00000000002D413C
mem[X,0x00000000800021A6] -> 0x1513
mem[X,0x00000000800021A8] -> 0x00A5
[2323] [M]: 0x00000000800021A6 (0x00A51513) slli a0, a0, 10
x10 <- 0x00000000B504F000
mem[X,0x00000000800021AA] -> 0x0513
mem[X,0x00000000800021AC] -> 0x3325
[2324] [M]: 0x00000000800021AA (0x33250513) addi a0, a0, 818
x10 <- 0x00000000B504F332
mem[X,0x00000000800021AE] -> 0x8915
[2325] [M]: 0x00000000800021AE (0x8915) c.andi a0, 5
x10 <- 0x0000000000000000
mem[X,0x00000000800021B0] -> 0xB423
mem[X,0x00000000800021B2] -> 0x24A0
[2326] [M]: 0x00000000800021B0 (0x24A0B423) sd a0, 584(ra)
mem[0x0000000080006B60] <- 0x0000000000000000
mem[X,0x00000000800021B4] -> 0x0537
mem[X,0x00000000800021B6] -> 0x0000
[2327] [M]: 0x00000000800021B4 (0x00000537) lui a0, 0
x10 <- 0x0000000000000000
mem[X,0x00000000800021B8] -> 0x0513
mem[X,0x00000000800021BA] -> 0x0005
[2328] [M]: 0x00000000800021B8 (0x00050513) addi a0, a0, 0
x10 <- 0x0000000000000000
mem[X,0x00000000800021BC] -> 0x1513
mem[X,0x00000000800021BE] -> 0x00B5
[2329] [M]: 0x00000000800021BC (0x00B51513) slli a0, a0, 11
x10 <- 0x0000000000000000
mem[X,0x00000000800021C0] -> 0x0513
mem[X,0x00000000800021C2] -> 0x5A85
[2330] [M]: 0x00000000800021C0 (0x5A850513) addi a0, a0, 1448
x10 <- 0x00000000000005A8
mem[X,0x00000000800021C4] -> 0x1513
mem[X,0x00000000800021C6] -> 0x00B5
[2331] [M]: 0x00000000800021C4 (0x00B51513) slli a0, a0, 11
x10 <- 0x00000000002D4000
mem[X,0x00000000800021C8] -> 0x0513
mem[X,0x00000000800021CA] -> 0x13C5
[2332] [M]: 0x00000000800021C8 (0x13C50513) addi a0, a0, 316
x10 <- 0x00000000002D413C
mem[X,0x00000000800021CC] -> 0x1513
mem[X,0x00000000800021CE] -> 0x00A5
[2333] [M]: 0x00000000800021CC (0x00A51513) slli a0, a0, 10
x10 <- 0x00000000B504F000
mem[X,0x00000000800021D0] -> 0x0513
mem[X,0x00000000800021D2] -> 0x3325
[2334] [M]: 0x00000000800021D0 (0x33250513) addi a0, a0, 818
x10 <- 0x00000000B504F332
mem[X,0x00000000800021D4] -> 0x8929
[2335] [M]: 0x00000000800021D4 (0x8929) c.andi a0, 10
x10 <- 0x0000000000000002
mem[X,0x00000000800021D6] -> 0xB823
mem[X,0x00000000800021D8] -> 0x24A0
[2336] [M]: 0x00000000800021D6 (0x24A0B823) sd a0, 592(ra)
mem[0x0000000080006B68] <- 0x0000000000000002
mem[X,0x00000000800021DA] -> 0x0537
mem[X,0x00000000800021DC] -> 0x0000
[2337] [M]: 0x00000000800021DA (0x00000537) lui a0, 0
x10 <- 0x0000000000000000
mem[X,0x00000000800021DE] -> 0x0513
mem[X,0x00000000800021E0] -> 0x0005
[2338] [M]: 0x00000000800021DE (0x00050513) addi a0, a0, 0
x10 <- 0x0000000000000000
mem[X,0x00000000800021E2] -> 0x1513
mem[X,0x00000000800021E4] -> 0x00B5
[2339] [M]: 0x00000000800021E2 (0x00B51513) slli a0, a0, 11
x10 <- 0x0000000000000000
mem[X,0x00000000800021E6] -> 0x0513
mem[X,0x00000000800021E8] -> 0x5A85
[2340] [M]: 0x00000000800021E6 (0x5A850513) addi a0, a0, 1448
x10 <- 0x00000000000005A8
mem[X,0x00000000800021EA] -> 0x1513
mem[X,0x00000000800021EC] -> 0x00B5
[2341] [M]: 0x00000000800021EA (0x00B51513) slli a0, a0, 11
x10 <- 0x00000000002D4000
mem[X,0x00000000800021EE] -> 0x0513
mem[X,0x00000000800021F0] -> 0x13C5
[2342] [M]: 0x00000000800021EE (0x13C50513) addi a0, a0, 316
x10 <- 0x00000000002D413C
mem[X,0x00000000800021F2] -> 0x1513
mem[X,0x00000000800021F4] -> 0x00A5
[2343] [M]: 0x00000000800021F2 (0x00A51513) slli a0, a0, 10
x10 <- 0x00000000B504F000
mem[X,0x00000000800021F6] -> 0x0513
mem[X,0x00000000800021F8] -> 0x3325
[2344] [M]: 0x00000000800021F6 (0x33250513) addi a0, a0, 818
x10 <- 0x00000000B504F332
mem[X,0x00000000800021FA] -> 0x8919
[2345] [M]: 0x00000000800021FA (0x8919) c.andi a0, 6
x10 <- 0x0000000000000002
mem[X,0x00000000800021FC] -> 0xBC23
mem[X,0x00000000800021FE] -> 0x24A0
[2346] [M]: 0x00000000800021FC (0x24A0BC23) sd a0, 600(ra)
mem[0x0000000080006B70] <- 0x0000000000000002
mem[X,0x0000000080002200] -> 0x0537
mem[X,0x0000000080002202] -> 0x0000
[2347] [M]: 0x0000000080002200 (0x00000537) lui a0, 0
x10 <- 0x0000000000000000
mem[X,0x0000000080002204] -> 0x0513
mem[X,0x0000000080002206] -> 0x0005
[2348] [M]: 0x0000000080002204 (0x00050513) addi a0, a0, 0
x10 <- 0x0000000000000000
mem[X,0x0000000080002208] -> 0x1513
mem[X,0x000000008000220A] -> 0x00B5
[2349] [M]: 0x0000000080002208 (0x00B51513) slli a0, a0, 11
x10 <- 0x0000000000000000
mem[X,0x000000008000220C] -> 0x0513
mem[X,0x000000008000220E] -> 0x5A85
[2350] [M]: 0x000000008000220C (0x5A850513) addi a0, a0, 1448
x10 <- 0x00000000000005A8
mem[X,0x0000000080002210] -> 0x1513
mem[X,0x0000000080002212] -> 0x00B5
[2351] [M]: 0x0000000080002210 (0x00B51513) slli a0, a0, 11
x10 <- 0x00000000002D4000
mem[X,0x0000000080002214] -> 0x0513
mem[X,0x0000000080002216] -> 0x13C5
[2352] [M]: 0x0000000080002214 (0x13C50513) addi a0, a0, 316
x10 <- 0x00000000002D413C
mem[X,0x0000000080002218] -> 0x1513
mem[X,0x000000008000221A] -> 0x00A5
[2353] [M]: 0x0000000080002218 (0x00A51513) slli a0, a0, 10
x10 <- 0x00000000B504F000
mem[X,0x000000008000221C] -> 0x0513
mem[X,0x000000008000221E] -> 0x3325
[2354] [M]: 0x000000008000221C (0x33250513) addi a0, a0, 818
x10 <- 0x00000000B504F332
mem[X,0x0000000080002220] -> 0x9979
[2355] [M]: 0x0000000080002220 (0x9979) c.andi a0, 62
x10 <- 0x00000000B504F332
mem[X,0x0000000080002222] -> 0xB023
mem[X,0x0000000080002224] -> 0x26A0
[2356] [M]: 0x0000000080002222 (0x26A0B023) sd a0, 608(ra)
mem[0x0000000080006B78] <- 0x00000000B504F332
mem[X,0x0000000080002226] -> 0x0537
mem[X,0x0000000080002228] -> 0x0000
[2357] [M]: 0x0000000080002226 (0x00000537) lui a0, 0
x10 <- 0x0000000000000000
mem[X,0x000000008000222A] -> 0x0513
mem[X,0x000000008000222C] -> 0x0005
[2358] [M]: 0x000000008000222A (0x00050513) addi a0, a0, 0
x10 <- 0x0000000000000000
mem[X,0x000000008000222E] -> 0x1513
mem[X,0x0000000080002230] -> 0x00B5
[2359] [M]: 0x000000008000222E (0x00B51513) slli a0, a0, 11
x10 <- 0x0000000000000000
mem[X,0x0000000080002232] -> 0x0513
mem[X,0x0000000080002234] -> 0x5A85
[2360] [M]: 0x0000000080002232 (0x5A850513) addi a0, a0, 1448
x10 <- 0x00000000000005A8
mem[X,0x0000000080002236] -> 0x1513
mem[X,0x0000000080002238] -> 0x00B5
[2361] [M]: 0x0000000080002236 (0x00B51513) slli a0, a0, 11
x10 <- 0x00000000002D4000
mem[X,0x000000008000223A] -> 0x0513
mem[X,0x000000008000223C] -> 0x13C5
[2362] [M]: 0x000000008000223A (0x13C50513) addi a0, a0, 316
x10 <- 0x00000000002D413C
mem[X,0x000000008000223E] -> 0x1513
mem[X,0x0000000080002240] -> 0x00A5
[2363] [M]: 0x000000008000223E (0x00A51513) slli a0, a0, 10
x10 <- 0x00000000B504F000
mem[X,0x0000000080002242] -> 0x0513
mem[X,0x0000000080002244] -> 0x3325
[2364] [M]: 0x0000000080002242 (0x33250513) addi a0, a0, 818
x10 <- 0x00000000B504F332
mem[X,0x0000000080002246] -> 0x996D
[2365] [M]: 0x0000000080002246 (0x996D) c.andi a0, 59
x10 <- 0x00000000B504F332
mem[X,0x0000000080002248] -> 0xB423
mem[X,0x000000008000224A] -> 0x26A0
[2366] [M]: 0x0000000080002248 (0x26A0B423) sd a0, 616(ra)
mem[0x0000000080006B80] <- 0x00000000B504F332
mem[X,0x000000008000224C] -> 0x0537
mem[X,0x000000008000224E] -> 0x0000
[2367] [M]: 0x000000008000224C (0x00000537) lui a0, 0
x10 <- 0x0000000000000000
mem[X,0x0000000080002250] -> 0x0513
mem[X,0x0000000080002252] -> 0x0005
[2368] [M]: 0x0000000080002250 (0x00050513) addi a0, a0, 0
x10 <- 0x0000000000000000
mem[X,0x0000000080002254] -> 0x1513
mem[X,0x0000000080002256] -> 0x00B5
[2369] [M]: 0x0000000080002254 (0x00B51513) slli a0, a0, 11
x10 <- 0x0000000000000000
mem[X,0x0000000080002258] -> 0x0513
mem[X,0x000000008000225A] -> 0x5A85
[2370] [M]: 0x0000000080002258 (0x5A850513) addi a0, a0, 1448
x10 <- 0x00000000000005A8
mem[X,0x000000008000225C] -> 0x1513
mem[X,0x000000008000225E] -> 0x00B5
[2371] [M]: 0x000000008000225C (0x00B51513) slli a0, a0, 11
x10 <- 0x00000000002D4000
mem[X,0x0000000080002260] -> 0x0513
mem[X,0x0000000080002262] -> 0x13C5
[2372] [M]: 0x0000000080002260 (0x13C50513) addi a0, a0, 316
x10 <- 0x00000000002D413C
mem[X,0x0000000080002264] -> 0x1513
mem[X,0x0000000080002266] -> 0x00A5
[2373] [M]: 0x0000000080002264 (0x00A51513) slli a0, a0, 10
x10 <- 0x00000000B504F000
mem[X,0x0000000080002268] -> 0x0513
mem[X,0x000000008000226A] -> 0x3325
[2374] [M]: 0x0000000080002268 (0x33250513) addi a0, a0, 818
x10 <- 0x00000000B504F332
mem[X,0x000000008000226C] -> 0x8909
[2375] [M]: 0x000000008000226C (0x8909) c.andi a0, 2
x10 <- 0x0000000000000002
mem[X,0x000000008000226E] -> 0xB823
mem[X,0x0000000080002270] -> 0x26A0
[2376] [M]: 0x000000008000226E (0x26A0B823) sd a0, 624(ra)
mem[0x0000000080006B88] <- 0x0000000000000002
mem[X,0x0000000080002272] -> 0x0537
mem[X,0x0000000080002274] -> 0x0000
[2377] [M]: 0x0000000080002272 (0x00000537) lui a0, 0
x10 <- 0x0000000000000000
mem[X,0x0000000080002276] -> 0x0513
mem[X,0x0000000080002278] -> 0x0005
[2378] [M]: 0x0000000080002276 (0x00050513) addi a0, a0, 0
x10 <- 0x0000000000000000
mem[X,0x000000008000227A] -> 0x1513
mem[X,0x000000008000227C] -> 0x00B5
[2379] [M]: 0x000000008000227A (0x00B51513) slli a0, a0, 11
x10 <- 0x0000000000000000
mem[X,0x000000008000227E] -> 0x0513
mem[X,0x0000000080002280] -> 0x5A85
[2380] [M]: 0x000000008000227E (0x5A850513) addi a0, a0, 1448
x10 <- 0x00000000000005A8
mem[X,0x0000000080002282] -> 0x1513
mem[X,0x0000000080002284] -> 0x00B5
[2381] [M]: 0x0000000080002282 (0x00B51513) slli a0, a0, 11
x10 <- 0x00000000002D4000
mem[X,0x0000000080002286] -> 0x0513
mem[X,0x0000000080002288] -> 0x13C5
[2382] [M]: 0x0000000080002286 (0x13C50513) addi a0, a0, 316
x10 <- 0x00000000002D413C
mem[X,0x000000008000228A] -> 0x1513
mem[X,0x000000008000228C] -> 0x00A5
[2383] [M]: 0x000000008000228A (0x00A51513) slli a0, a0, 10
x10 <- 0x00000000B504F000
mem[X,0x000000008000228E] -> 0x0513
mem[X,0x0000000080002290] -> 0x3325
[2384] [M]: 0x000000008000228E (0x33250513) addi a0, a0, 818
x10 <- 0x00000000B504F332
mem[X,0x0000000080002292] -> 0x8911
[2385] [M]: 0x0000000080002292 (0x8911) c.andi a0, 4
x10 <- 0x0000000000000000
mem[X,0x0000000080002294] -> 0xBC23
mem[X,0x0000000080002296] -> 0x26A0
[2386] [M]: 0x0000000080002294 (0x26A0BC23) sd a0, 632(ra)
mem[0x0000000080006B90] <- 0x0000000000000000
mem[X,0x0000000080002298] -> 0x0537
mem[X,0x000000008000229A] -> 0x0000
[2387] [M]: 0x0000000080002298 (0x00000537) lui a0, 0
x10 <- 0x0000000000000000
mem[X,0x000000008000229C] -> 0x0513
mem[X,0x000000008000229E] -> 0x0005
[2388] [M]: 0x000000008000229C (0x00050513) addi a0, a0, 0
x10 <- 0x0000000000000000
mem[X,0x00000000800022A0] -> 0x1513
mem[X,0x00000000800022A2] -> 0x00B5
[2389] [M]: 0x00000000800022A0 (0x00B51513) slli a0, a0, 11
x10 <- 0x0000000000000000
mem[X,0x00000000800022A4] -> 0x0513
mem[X,0x00000000800022A6] -> 0x5A85
[2390] [M]: 0x00000000800022A4 (0x5A850513) addi a0, a0, 1448
x10 <- 0x00000000000005A8
mem[X,0x00000000800022A8] -> 0x1513
mem[X,0x00000000800022AA] -> 0x00B5
[2391] [M]: 0x00000000800022A8 (0x00B51513) slli a0, a0, 11
x10 <- 0x00000000002D4000
mem[X,0x00000000800022AC] -> 0x0513
mem[X,0x00000000800022AE] -> 0x13C5
[2392] [M]: 0x00000000800022AC (0x13C50513) addi a0, a0, 316
x10 <- 0x00000000002D413C
mem[X,0x00000000800022B0] -> 0x1513
mem[X,0x00000000800022B2] -> 0x00A5
[2393] [M]: 0x00000000800022B0 (0x00A51513) slli a0, a0, 10
x10 <- 0x00000000B504F000
mem[X,0x00000000800022B4] -> 0x0513
mem[X,0x00000000800022B6] -> 0x3325
[2394] [M]: 0x00000000800022B4 (0x33250513) addi a0, a0, 818
x10 <- 0x00000000B504F332
mem[X,0x00000000800022B8] -> 0x8925
[2395] [M]: 0x00000000800022B8 (0x8925) c.andi a0, 9
x10 <- 0x0000000000000000
mem[X,0x00000000800022BA] -> 0xB023
mem[X,0x00000000800022BC] -> 0x28A0
[2396] [M]: 0x00000000800022BA (0x28A0B023) sd a0, 640(ra)
mem[0x0000000080006B98] <- 0x0000000000000000
mem[X,0x00000000800022BE] -> 0x0537
mem[X,0x00000000800022C0] -> 0x0000
[2397] [M]: 0x00000000800022BE (0x00000537) lui a0, 0
x10 <- 0x0000000000000000
mem[X,0x00000000800022C2] -> 0x0513
mem[X,0x00000000800022C4] -> 0x0005
[2398] [M]: 0x00000000800022C2 (0x00050513) addi a0, a0, 0
x10 <- 0x0000000000000000
mem[X,0x00000000800022C6] -> 0x1513
mem[X,0x00000000800022C8] -> 0x00B5
[2399] [M]: 0x00000000800022C6 (0x00B51513) slli a0, a0, 11
x10 <- 0x0000000000000000
clint::tick mtime <- 0x0000000000000018
 clint timer pending at mtime 0x0000000000000018
htif::tick 0x0000000000000000
mem[X,0x00000000800022CA] -> 0x0513
mem[X,0x00000000800022CC] -> 0x5A85
[2400] [M]: 0x00000000800022CA (0x5A850513) addi a0, a0, 1448
x10 <- 0x00000000000005A8
mem[X,0x00000000800022CE] -> 0x1513
mem[X,0x00000000800022D0] -> 0x00B5
[2401] [M]: 0x00000000800022CE (0x00B51513) slli a0, a0, 11
x10 <- 0x00000000002D4000
mem[X,0x00000000800022D2] -> 0x0513
mem[X,0x00000000800022D4] -> 0x13C5
[2402] [M]: 0x00000000800022D2 (0x13C50513) addi a0, a0, 316
x10 <- 0x00000000002D413C
mem[X,0x00000000800022D6] -> 0x1513
mem[X,0x00000000800022D8] -> 0x00A5
[2403] [M]: 0x00000000800022D6 (0x00A51513) slli a0, a0, 10
x10 <- 0x00000000B504F000
mem[X,0x00000000800022DA] -> 0x0513
mem[X,0x00000000800022DC] -> 0x3325
[2404] [M]: 0x00000000800022DA (0x33250513) addi a0, a0, 818
x10 <- 0x00000000B504F332
mem[X,0x00000000800022DE] -> 0x8901
[2405] [M]: 0x00000000800022DE (0x8901) c.andi a0, 0
x10 <- 0x0000000000000000
mem[X,0x00000000800022E0] -> 0xB423
mem[X,0x00000000800022E2] -> 0x28A0
[2406] [M]: 0x00000000800022E0 (0x28A0B423) sd a0, 648(ra)
mem[0x0000000080006BA0] <- 0x0000000000000000
mem[X,0x00000000800022E4] -> 0x0537
mem[X,0x00000000800022E6] -> 0x0000
[2407] [M]: 0x00000000800022E4 (0x00000537) lui a0, 0
x10 <- 0x0000000000000000
mem[X,0x00000000800022E8] -> 0x0513
mem[X,0x00000000800022EA] -> 0x0005
[2408] [M]: 0x00000000800022E8 (0x00050513) addi a0, a0, 0
x10 <- 0x0000000000000000
mem[X,0x00000000800022EC] -> 0x1513
mem[X,0x00000000800022EE] -> 0x00B5
[2409] [M]: 0x00000000800022EC (0x00B51513) slli a0, a0, 11
x10 <- 0x0000000000000000
mem[X,0x00000000800022F0] -> 0x0513
mem[X,0x00000000800022F2] -> 0x5A85
[2410] [M]: 0x00000000800022F0 (0x5A850513) addi a0, a0, 1448
x10 <- 0x00000000000005A8
mem[X,0x00000000800022F4] -> 0x1513
mem[X,0x00000000800022F6] -> 0x00B5
[2411] [M]: 0x00000000800022F4 (0x00B51513) slli a0, a0, 11
x10 <- 0x00000000002D4000
mem[X,0x00000000800022F8] -> 0x0513
mem[X,0x00000000800022FA] -> 0x13C5
[2412] [M]: 0x00000000800022F8 (0x13C50513) addi a0, a0, 316
x10 <- 0x00000000002D413C
mem[X,0x00000000800022FC] -> 0x1513
mem[X,0x00000000800022FE] -> 0x00A5
[2413] [M]: 0x00000000800022FC (0x00A51513) slli a0, a0, 10
x10 <- 0x00000000B504F000
mem[X,0x0000000080002300] -> 0x0513
mem[X,0x0000000080002302] -> 0x3325
[2414] [M]: 0x0000000080002300 (0x33250513) addi a0, a0, 818
x10 <- 0x00000000B504F332
mem[X,0x0000000080002304] -> 0x892D
[2415] [M]: 0x0000000080002304 (0x892D) c.andi a0, 11
x10 <- 0x0000000000000002
mem[X,0x0000000080002306] -> 0xB823
mem[X,0x0000000080002308] -> 0x28A0
[2416] [M]: 0x0000000080002306 (0x28A0B823) sd a0, 656(ra)
mem[0x0000000080006BA8] <- 0x0000000000000002
mem[X,0x000000008000230A] -> 0x0537
mem[X,0x000000008000230C] -> 0x0000
[2417] [M]: 0x000000008000230A (0x00000537) lui a0, 0
x10 <- 0x0000000000000000
mem[X,0x000000008000230E] -> 0x0513
mem[X,0x0000000080002310] -> 0x0005
[2418] [M]: 0x000000008000230E (0x00050513) addi a0, a0, 0
x10 <- 0x0000000000000000
mem[X,0x0000000080002312] -> 0x1513
mem[X,0x0000000080002314] -> 0x00B5
[2419] [M]: 0x0000000080002312 (0x00B51513) slli a0, a0, 11
x10 <- 0x0000000000000000
mem[X,0x0000000080002316] -> 0x0513
mem[X,0x0000000080002318] -> 0x5A85
[2420] [M]: 0x0000000080002316 (0x5A850513) addi a0, a0, 1448
x10 <- 0x00000000000005A8
mem[X,0x000000008000231A] -> 0x1513
mem[X,0x000000008000231C] -> 0x00B5
[2421] [M]: 0x000000008000231A (0x00B51513) slli a0, a0, 11
x10 <- 0x00000000002D4000
mem[X,0x000000008000231E] -> 0x0513
mem[X,0x0000000080002320] -> 0x13C5
[2422] [M]: 0x000000008000231E (0x13C50513) addi a0, a0, 316
x10 <- 0x00000000002D413C
mem[X,0x0000000080002322] -> 0x1513
mem[X,0x0000000080002324] -> 0x00A5
[2423] [M]: 0x0000000080002322 (0x00A51513) slli a0, a0, 10
x10 <- 0x00000000B504F000
mem[X,0x0000000080002326] -> 0x0513
mem[X,0x0000000080002328] -> 0x3325
[2424] [M]: 0x0000000080002326 (0x33250513) addi a0, a0, 818
x10 <- 0x00000000B504F332
mem[X,0x000000008000232A] -> 0x891D
[2425] [M]: 0x000000008000232A (0x891D) c.andi a0, 7
x10 <- 0x0000000000000002
mem[X,0x000000008000232C] -> 0xBC23
mem[X,0x000000008000232E] -> 0x28A0
[2426] [M]: 0x000000008000232C (0x28A0BC23) sd a0, 664(ra)
mem[0x0000000080006BB0] <- 0x0000000000000002
mem[X,0x0000000080002330] -> 0x0537
mem[X,0x0000000080002332] -> 0x0000
[2427] [M]: 0x0000000080002330 (0x00000537) lui a0, 0
x10 <- 0x0000000000000000
mem[X,0x0000000080002334] -> 0x0513
mem[X,0x0000000080002336] -> 0x0005
[2428] [M]: 0x0000000080002334 (0x00050513) addi a0, a0, 0
x10 <- 0x0000000000000000
mem[X,0x0000000080002338] -> 0x1513
mem[X,0x000000008000233A] -> 0x00B5
[2429] [M]: 0x0000000080002338 (0x00B51513) slli a0, a0, 11
x10 <- 0x0000000000000000
mem[X,0x000000008000233C] -> 0x0513
mem[X,0x000000008000233E] -> 0x5A85
[2430] [M]: 0x000000008000233C (0x5A850513) addi a0, a0, 1448
x10 <- 0x00000000000005A8
mem[X,0x0000000080002340] -> 0x1513
mem[X,0x0000000080002342] -> 0x00B5
[2431] [M]: 0x0000000080002340 (0x00B51513) slli a0, a0, 11
x10 <- 0x00000000002D4000
mem[X,0x0000000080002344] -> 0x0513
mem[X,0x0000000080002346] -> 0x13C5
[2432] [M]: 0x0000000080002344 (0x13C50513) addi a0, a0, 316
x10 <- 0x00000000002D413C
mem[X,0x0000000080002348] -> 0x1513
mem[X,0x000000008000234A] -> 0x00A5
[2433] [M]: 0x0000000080002348 (0x00A51513) slli a0, a0, 10
x10 <- 0x00000000B504F000
mem[X,0x000000008000234C] -> 0x0513
mem[X,0x000000008000234E] -> 0x3325
[2434] [M]: 0x000000008000234C (0x33250513) addi a0, a0, 818
x10 <- 0x00000000B504F332
mem[X,0x0000000080002350] -> 0x997D
[2435] [M]: 0x0000000080002350 (0x997D) c.andi a0, 63
x10 <- 0x00000000B504F332
mem[X,0x0000000080002352] -> 0xB023
mem[X,0x0000000080002354] -> 0x2AA0
[2436] [M]: 0x0000000080002352 (0x2AA0B023) sd a0, 672(ra)
mem[0x0000000080006BB8] <- 0x00000000B504F332
mem[X,0x0000000080002356] -> 0x0537
mem[X,0x0000000080002358] -> 0x0000
[2437] [M]: 0x0000000080002356 (0x00000537) lui a0, 0
x10 <- 0x0000000000000000
mem[X,0x000000008000235A] -> 0x0513
mem[X,0x000000008000235C] -> 0x0005
[2438] [M]: 0x000000008000235A (0x00050513) addi a0, a0, 0
x10 <- 0x0000000000000000
mem[X,0x000000008000235E] -> 0x1513
mem[X,0x0000000080002360] -> 0x00B5
[2439] [M]: 0x000000008000235E (0x00B51513) slli a0, a0, 11
x10 <- 0x0000000000000000
mem[X,0x0000000080002362] -> 0x0513
mem[X,0x0000000080002364] -> 0x5A85
[2440] [M]: 0x0000000080002362 (0x5A850513) addi a0, a0, 1448
x10 <- 0x00000000000005A8
mem[X,0x0000000080002366] -> 0x1513
mem[X,0x0000000080002368] -> 0x00B5
[2441] [M]: 0x0000000080002366 (0x00B51513) slli a0, a0, 11
x10 <- 0x00000000002D4000
mem[X,0x000000008000236A] -> 0x0513
mem[X,0x000000008000236C] -> 0x13C5
[2442] [M]: 0x000000008000236A (0x13C50513) addi a0, a0, 316
x10 <- 0x00000000002D413C
mem[X,0x000000008000236E] -> 0x1513
mem[X,0x0000000080002370] -> 0x00A5
[2443] [M]: 0x000000008000236E (0x00A51513) slli a0, a0, 10
x10 <- 0x00000000B504F000
mem[X,0x0000000080002372] -> 0x0513
mem[X,0x0000000080002374] -> 0x3325
[2444] [M]: 0x0000000080002372 (0x33250513) addi a0, a0, 818
x10 <- 0x00000000B504F332
mem[X,0x0000000080002376] -> 0x9971
[2445] [M]: 0x0000000080002376 (0x9971) c.andi a0, 60
x10 <- 0x00000000B504F330
mem[X,0x0000000080002378] -> 0xB423
mem[X,0x000000008000237A] -> 0x2AA0
[2446] [M]: 0x0000000080002378 (0x2AA0B423) sd a0, 680(ra)
mem[0x0000000080006BC0] <- 0x00000000B504F330
mem[X,0x000000008000237C] -> 0x5537
mem[X,0x000000008000237E] -> 0x5555
[2447] [M]: 0x000000008000237C (0x55555537) lui a0, 349525
x10 <- 0x0000000055555000
mem[X,0x0000000080002380] -> 0x0513
mem[X,0x0000000080002382] -> 0x5555
[2448] [M]: 0x0000000080002380 (0x55550513) addi a0, a0, 1365
x10 <- 0x0000000055555555
mem[X,0x0000000080002384] -> 0x1513
mem[X,0x0000000080002386] -> 0x00B5
[2449] [M]: 0x0000000080002384 (0x00B51513) slli a0, a0, 11
x10 <- 0x000002AAAAAAA800
mem[X,0x0000000080002388] -> 0x0513
mem[X,0x000000008000238A] -> 0x2AA5
[2450] [M]: 0x0000000080002388 (0x2AA50513) addi a0, a0, 682
x10 <- 0x000002AAAAAAAAAA
mem[X,0x000000008000238C] -> 0x1513
mem[X,0x000000008000238E] -> 0x00B5
[2451] [M]: 0x000000008000238C (0x00B51513) slli a0, a0, 11
x10 <- 0x0015555555555000
mem[X,0x0000000080002390] -> 0x0513
mem[X,0x0000000080002392] -> 0x5555
[2452] [M]: 0x0000000080002390 (0x55550513) addi a0, a0, 1365
x10 <- 0x0015555555555555
mem[X,0x0000000080002394] -> 0x1513
mem[X,0x0000000080002396] -> 0x00A5
[2453] [M]: 0x0000000080002394 (0x00A51513) slli a0, a0, 10
x10 <- 0x5555555555555400
mem[X,0x0000000080002398] -> 0x0513
mem[X,0x000000008000239A] -> 0x1565
[2454] [M]: 0x0000000080002398 (0x15650513) addi a0, a0, 342
x10 <- 0x5555555555555556
mem[X,0x000000008000239C] -> 0x890D
[2455] [M]: 0x000000008000239C (0x890D) c.andi a0, 3
x10 <- 0x0000000000000002
mem[X,0x000000008000239E] -> 0xB823
mem[X,0x00000000800023A0] -> 0x2AA0
[2456] [M]: 0x000000008000239E (0x2AA0B823) sd a0, 688(ra)
mem[0x0000000080006BC8] <- 0x0000000000000002
mem[X,0x00000000800023A2] -> 0x5537
mem[X,0x00000000800023A4] -> 0x5555
[2457] [M]: 0x00000000800023A2 (0x55555537) lui a0, 349525
x10 <- 0x0000000055555000
mem[X,0x00000000800023A6] -> 0x0513
mem[X,0x00000000800023A8] -> 0x5555
[2458] [M]: 0x00000000800023A6 (0x55550513) addi a0, a0, 1365
x10 <- 0x0000000055555555
mem[X,0x00000000800023AA] -> 0x1513
mem[X,0x00000000800023AC] -> 0x00B5
[2459] [M]: 0x00000000800023AA (0x00B51513) slli a0, a0, 11
x10 <- 0x000002AAAAAAA800
mem[X,0x00000000800023AE] -> 0x0513
mem[X,0x00000000800023B0] -> 0x2AA5
[2460] [M]: 0x00000000800023AE (0x2AA50513) addi a0, a0, 682
x10 <- 0x000002AAAAAAAAAA
mem[X,0x00000000800023B2] -> 0x1513
mem[X,0x00000000800023B4] -> 0x00B5
[2461] [M]: 0x00000000800023B2 (0x00B51513) slli a0, a0, 11
x10 <- 0x0015555555555000
mem[X,0x00000000800023B6] -> 0x0513
mem[X,0x00000000800023B8] -> 0x5555
[2462] [M]: 0x00000000800023B6 (0x55550513) addi a0, a0, 1365
x10 <- 0x0015555555555555
mem[X,0x00000000800023BA] -> 0x1513
mem[X,0x00000000800023BC] -> 0x00A5
[2463] [M]: 0x00000000800023BA (0x00A51513) slli a0, a0, 10
x10 <- 0x5555555555555400
mem[X,0x00000000800023BE] -> 0x0513
mem[X,0x00000000800023C0] -> 0x1565
[2464] [M]: 0x00000000800023BE (0x15650513) addi a0, a0, 342
x10 <- 0x5555555555555556
mem[X,0x00000000800023C2] -> 0x8915
[2465] [M]: 0x00000000800023C2 (0x8915) c.andi a0, 5
x10 <- 0x0000000000000004
mem[X,0x00000000800023C4] -> 0xBC23
mem[X,0x00000000800023C6] -> 0x2AA0
[2466] [M]: 0x00000000800023C4 (0x2AA0BC23) sd a0, 696(ra)
mem[0x0000000080006BD0] <- 0x0000000000000004
mem[X,0x00000000800023C8] -> 0x5537
mem[X,0x00000000800023CA] -> 0x5555
[2467] [M]: 0x00000000800023C8 (0x55555537) lui a0, 349525
x10 <- 0x0000000055555000
mem[X,0x00000000800023CC] -> 0x0513
mem[X,0x00000000800023CE] -> 0x5555
[2468] [M]: 0x00000000800023CC (0x55550513) addi a0, a0, 1365
x10 <- 0x0000000055555555
mem[X,0x00000000800023D0] -> 0x1513
mem[X,0x00000000800023D2] -> 0x00B5
[2469] [M]: 0x00000000800023D0 (0x00B51513) slli a0, a0, 11
x10 <- 0x000002AAAAAAA800
mem[X,0x00000000800023D4] -> 0x0513
mem[X,0x00000000800023D6] -> 0x2AA5
[2470] [M]: 0x00000000800023D4 (0x2AA50513) addi a0, a0, 682
x10 <- 0x000002AAAAAAAAAA
mem[X,0x00000000800023D8] -> 0x1513
mem[X,0x00000000800023DA] -> 0x00B5
[2471] [M]: 0x00000000800023D8 (0x00B51513) slli a0, a0, 11
x10 <- 0x0015555555555000
mem[X,0x00000000800023DC] -> 0x0513
mem[X,0x00000000800023DE] -> 0x5555
[2472] [M]: 0x00000000800023DC (0x55550513) addi a0, a0, 1365
x10 <- 0x0015555555555555
mem[X,0x00000000800023E0] -> 0x1513
mem[X,0x00000000800023E2] -> 0x00A5
[2473] [M]: 0x00000000800023E0 (0x00A51513) slli a0, a0, 10
x10 <- 0x5555555555555400
mem[X,0x00000000800023E4] -> 0x0513
mem[X,0x00000000800023E6] -> 0x1565
[2474] [M]: 0x00000000800023E4 (0x15650513) addi a0, a0, 342
x10 <- 0x5555555555555556
mem[X,0x00000000800023E8] -> 0x8929
[2475] [M]: 0x00000000800023E8 (0x8929) c.andi a0, 10
x10 <- 0x0000000000000002
mem[X,0x00000000800023EA] -> 0xB023
mem[X,0x00000000800023EC] -> 0x2CA0
[2476] [M]: 0x00000000800023EA (0x2CA0B023) sd a0, 704(ra)
mem[0x0000000080006BD8] <- 0x0000000000000002
mem[X,0x00000000800023EE] -> 0x5537
mem[X,0x00000000800023F0] -> 0x5555
[2477] [M]: 0x00000000800023EE (0x55555537) lui a0, 349525
x10 <- 0x0000000055555000
mem[X,0x00000000800023F2] -> 0x0513
mem[X,0x00000000800023F4] -> 0x5555
[2478] [M]: 0x00000000800023F2 (0x55550513) addi a0, a0, 1365
x10 <- 0x0000000055555555
mem[X,0x00000000800023F6] -> 0x1513
mem[X,0x00000000800023F8] -> 0x00B5
[2479] [M]: 0x00000000800023F6 (0x00B51513) slli a0, a0, 11
x10 <- 0x000002AAAAAAA800
mem[X,0x00000000800023FA] -> 0x0513
mem[X,0x00000000800023FC] -> 0x2AA5
[2480] [M]: 0x00000000800023FA (0x2AA50513) addi a0, a0, 682
x10 <- 0x000002AAAAAAAAAA
mem[X,0x00000000800023FE] -> 0x1513
mem[X,0x0000000080002400] -> 0x00B5
[2481] [M]: 0x00000000800023FE (0x00B51513) slli a0, a0, 11
x10 <- 0x0015555555555000
mem[X,0x0000000080002402] -> 0x0513
mem[X,0x0000000080002404] -> 0x5555
[2482] [M]: 0x0000000080002402 (0x55550513) addi a0, a0, 1365
x10 <- 0x0015555555555555
mem[X,0x0000000080002406] -> 0x1513
mem[X,0x0000000080002408] -> 0x00A5
[2483] [M]: 0x0000000080002406 (0x00A51513) slli a0, a0, 10
x10 <- 0x5555555555555400
mem[X,0x000000008000240A] -> 0x0513
mem[X,0x000000008000240C] -> 0x1565
[2484] [M]: 0x000000008000240A (0x15650513) addi a0, a0, 342
x10 <- 0x5555555555555556
mem[X,0x000000008000240E] -> 0x8919
[2485] [M]: 0x000000008000240E (0x8919) c.andi a0, 6
x10 <- 0x0000000000000006
mem[X,0x0000000080002410] -> 0xB423
mem[X,0x0000000080002412] -> 0x2CA0
[2486] [M]: 0x0000000080002410 (0x2CA0B423) sd a0, 712(ra)
mem[0x0000000080006BE0] <- 0x0000000000000006
mem[X,0x0000000080002414] -> 0x5537
mem[X,0x0000000080002416] -> 0x5555
[2487] [M]: 0x0000000080002414 (0x55555537) lui a0, 349525
x10 <- 0x0000000055555000
mem[X,0x0000000080002418] -> 0x0513
mem[X,0x000000008000241A] -> 0x5555
[2488] [M]: 0x0000000080002418 (0x55550513) addi a0, a0, 1365
x10 <- 0x0000000055555555
mem[X,0x000000008000241C] -> 0x1513
mem[X,0x000000008000241E] -> 0x00B5
[2489] [M]: 0x000000008000241C (0x00B51513) slli a0, a0, 11
x10 <- 0x000002AAAAAAA800
mem[X,0x0000000080002420] -> 0x0513
mem[X,0x0000000080002422] -> 0x2AA5
[2490] [M]: 0x0000000080002420 (0x2AA50513) addi a0, a0, 682
x10 <- 0x000002AAAAAAAAAA
mem[X,0x0000000080002424] -> 0x1513
mem[X,0x0000000080002426] -> 0x00B5
[2491] [M]: 0x0000000080002424 (0x00B51513) slli a0, a0, 11
x10 <- 0x0015555555555000
mem[X,0x0000000080002428] -> 0x0513
mem[X,0x000000008000242A] -> 0x5555
[2492] [M]: 0x0000000080002428 (0x55550513) addi a0, a0, 1365
x10 <- 0x0015555555555555
mem[X,0x000000008000242C] -> 0x1513
mem[X,0x000000008000242E] -> 0x00A5
[2493] [M]: 0x000000008000242C (0x00A51513) slli a0, a0, 10
x10 <- 0x5555555555555400
mem[X,0x0000000080002430] -> 0x0513
mem[X,0x0000000080002432] -> 0x1565
[2494] [M]: 0x0000000080002430 (0x15650513) addi a0, a0, 342
x10 <- 0x5555555555555556
mem[X,0x0000000080002434] -> 0x9979
[2495] [M]: 0x0000000080002434 (0x9979) c.andi a0, 62
x10 <- 0x5555555555555556
mem[X,0x0000000080002436] -> 0xB823
mem[X,0x0000000080002438] -> 0x2CA0
[2496] [M]: 0x0000000080002436 (0x2CA0B823) sd a0, 720(ra)
mem[0x0000000080006BE8] <- 0x5555555555555556
mem[X,0x000000008000243A] -> 0x5537
mem[X,0x000000008000243C] -> 0x5555
[2497] [M]: 0x000000008000243A (0x55555537) lui a0, 349525
x10 <- 0x0000000055555000
mem[X,0x000000008000243E] -> 0x0513
mem[X,0x0000000080002440] -> 0x5555
[2498] [M]: 0x000000008000243E (0x55550513) addi a0, a0, 1365
x10 <- 0x0000000055555555
mem[X,0x0000000080002442] -> 0x1513
mem[X,0x0000000080002444] -> 0x00B5
[2499] [M]: 0x0000000080002442 (0x00B51513) slli a0, a0, 11
x10 <- 0x000002AAAAAAA800
clint::tick mtime <- 0x0000000000000019
 clint timer pending at mtime 0x0000000000000019
htif::tick 0x0000000000000000
mem[X,0x0000000080002446] -> 0x0513
mem[X,0x0000000080002448] -> 0x2AA5
[2500] [M]: 0x0000000080002446 (0x2AA50513) addi a0, a0, 682
x10 <- 0x000002AAAAAAAAAA
mem[X,0x000000008000244A] -> 0x1513
mem[X,0x000000008000244C] -> 0x00B5
[2501] [M]: 0x000000008000244A (0x00B51513) slli a0, a0, 11
x10 <- 0x0015555555555000
mem[X,0x000000008000244E] -> 0x0513
mem[X,0x0000000080002450] -> 0x5555
[2502] [M]: 0x000000008000244E (0x55550513) addi a0, a0, 1365
x10 <- 0x0015555555555555
mem[X,0x0000000080002452] -> 0x1513
mem[X,0x0000000080002454] -> 0x00A5
[2503] [M]: 0x0000000080002452 (0x00A51513) slli a0, a0, 10
x10 <- 0x5555555555555400
mem[X,0x0000000080002456] -> 0x0513
mem[X,0x0000000080002458] -> 0x1565
[2504] [M]: 0x0000000080002456 (0x15650513) addi a0, a0, 342
x10 <- 0x5555555555555556
mem[X,0x000000008000245A] -> 0x996D
[2505] [M]: 0x000000008000245A (0x996D) c.andi a0, 59
x10 <- 0x5555555555555552
mem[X,0x000000008000245C] -> 0xBC23
mem[X,0x000000008000245E] -> 0x2CA0
[2506] [M]: 0x000000008000245C (0x2CA0BC23) sd a0, 728(ra)
mem[0x0000000080006BF0] <- 0x5555555555555552
mem[X,0x0000000080002460] -> 0x5537
mem[X,0x0000000080002462] -> 0x5555
[2507] [M]: 0x0000000080002460 (0x55555537) lui a0, 349525
x10 <- 0x0000000055555000
mem[X,0x0000000080002464] -> 0x0513
mem[X,0x0000000080002466] -> 0x5555
[2508] [M]: 0x0000000080002464 (0x55550513) addi a0, a0, 1365
x10 <- 0x0000000055555555
mem[X,0x0000000080002468] -> 0x1513
mem[X,0x000000008000246A] -> 0x00B5
[2509] [M]: 0x0000000080002468 (0x00B51513) slli a0, a0, 11
x10 <- 0x000002AAAAAAA800
mem[X,0x000000008000246C] -> 0x0513
mem[X,0x000000008000246E] -> 0x2AA5
[2510] [M]: 0x000000008000246C (0x2AA50513) addi a0, a0, 682
x10 <- 0x000002AAAAAAAAAA
mem[X,0x0000000080002470] -> 0x1513
mem[X,0x0000000080002472] -> 0x00B5
[2511] [M]: 0x0000000080002470 (0x00B51513) slli a0, a0, 11
x10 <- 0x0015555555555000
mem[X,0x0000000080002474] -> 0x0513
mem[X,0x0000000080002476] -> 0x5555
[2512] [M]: 0x0000000080002474 (0x55550513) addi a0, a0, 1365
x10 <- 0x0015555555555555
mem[X,0x0000000080002478] -> 0x1513
mem[X,0x000000008000247A] -> 0x00A5
[2513] [M]: 0x0000000080002478 (0x00A51513) slli a0, a0, 10
x10 <- 0x5555555555555400
mem[X,0x000000008000247C] -> 0x0513
mem[X,0x000000008000247E] -> 0x1565
[2514] [M]: 0x000000008000247C (0x15650513) addi a0, a0, 342
x10 <- 0x5555555555555556
mem[X,0x0000000080002480] -> 0x8909
[2515] [M]: 0x0000000080002480 (0x8909) c.andi a0, 2
x10 <- 0x0000000000000002
mem[X,0x0000000080002482] -> 0xB023
mem[X,0x0000000080002484] -> 0x2EA0
[2516] [M]: 0x0000000080002482 (0x2EA0B023) sd a0, 736(ra)
mem[0x0000000080006BF8] <- 0x0000000000000002
mem[X,0x0000000080002486] -> 0x5537
mem[X,0x0000000080002488] -> 0x5555
[2517] [M]: 0x0000000080002486 (0x55555537) lui a0, 349525
x10 <- 0x0000000055555000
mem[X,0x000000008000248A] -> 0x0513
mem[X,0x000000008000248C] -> 0x5555
[2518] [M]: 0x000000008000248A (0x55550513) addi a0, a0, 1365
x10 <- 0x0000000055555555
mem[X,0x000000008000248E] -> 0x1513
mem[X,0x0000000080002490] -> 0x00B5
[2519] [M]: 0x000000008000248E (0x00B51513) slli a0, a0, 11
x10 <- 0x000002AAAAAAA800
mem[X,0x0000000080002492] -> 0x0513
mem[X,0x0000000080002494] -> 0x2AA5
[2520] [M]: 0x0000000080002492 (0x2AA50513) addi a0, a0, 682
x10 <- 0x000002AAAAAAAAAA
mem[X,0x0000000080002496] -> 0x1513
mem[X,0x0000000080002498] -> 0x00B5
[2521] [M]: 0x0000000080002496 (0x00B51513) slli a0, a0, 11
x10 <- 0x0015555555555000
mem[X,0x000000008000249A] -> 0x0513
mem[X,0x000000008000249C] -> 0x5555
[2522] [M]: 0x000000008000249A (0x55550513) addi a0, a0, 1365
x10 <- 0x0015555555555555
mem[X,0x000000008000249E] -> 0x1513
mem[X,0x00000000800024A0] -> 0x00A5
[2523] [M]: 0x000000008000249E (0x00A51513) slli a0, a0, 10
x10 <- 0x5555555555555400
mem[X,0x00000000800024A2] -> 0x0513
mem[X,0x00000000800024A4] -> 0x1565
[2524] [M]: 0x00000000800024A2 (0x15650513) addi a0, a0, 342
x10 <- 0x5555555555555556
mem[X,0x00000000800024A6] -> 0x8911
[2525] [M]: 0x00000000800024A6 (0x8911) c.andi a0, 4
x10 <- 0x0000000000000004
mem[X,0x00000000800024A8] -> 0xB423
mem[X,0x00000000800024AA] -> 0x2EA0
[2526] [M]: 0x00000000800024A8 (0x2EA0B423) sd a0, 744(ra)
mem[0x0000000080006C00] <- 0x0000000000000004
mem[X,0x00000000800024AC] -> 0x5537
mem[X,0x00000000800024AE] -> 0x5555
[2527] [M]: 0x00000000800024AC (0x55555537) lui a0, 349525
x10 <- 0x0000000055555000
mem[X,0x00000000800024B0] -> 0x0513
mem[X,0x00000000800024B2] -> 0x5555
[2528] [M]: 0x00000000800024B0 (0x55550513) addi a0, a0, 1365
x10 <- 0x0000000055555555
mem[X,0x00000000800024B4] -> 0x1513
mem[X,0x00000000800024B6] -> 0x00B5
[2529] [M]: 0x00000000800024B4 (0x00B51513) slli a0, a0, 11
x10 <- 0x000002AAAAAAA800
mem[X,0x00000000800024B8] -> 0x0513
mem[X,0x00000000800024BA] -> 0x2AA5
[2530] [M]: 0x00000000800024B8 (0x2AA50513) addi a0, a0, 682
x10 <- 0x000002AAAAAAAAAA
mem[X,0x00000000800024BC] -> 0x1513
mem[X,0x00000000800024BE] -> 0x00B5
[2531] [M]: 0x00000000800024BC (0x00B51513) slli a0, a0, 11
x10 <- 0x0015555555555000
mem[X,0x00000000800024C0] -> 0x0513
mem[X,0x00000000800024C2] -> 0x5555
[2532] [M]: 0x00000000800024C0 (0x55550513) addi a0, a0, 1365
x10 <- 0x0015555555555555
mem[X,0x00000000800024C4] -> 0x1513
mem[X,0x00000000800024C6] -> 0x00A5
[2533] [M]: 0x00000000800024C4 (0x00A51513) slli a0, a0, 10
x10 <- 0x5555555555555400
mem[X,0x00000000800024C8] -> 0x0513
mem[X,0x00000000800024CA] -> 0x1565
[2534] [M]: 0x00000000800024C8 (0x15650513) addi a0, a0, 342
x10 <- 0x5555555555555556
mem[X,0x00000000800024CC] -> 0x8925
[2535] [M]: 0x00000000800024CC (0x8925) c.andi a0, 9
x10 <- 0x0000000000000000
mem[X,0x00000000800024CE] -> 0xB823
mem[X,0x00000000800024D0] -> 0x2EA0
[2536] [M]: 0x00000000800024CE (0x2EA0B823) sd a0, 752(ra)
mem[0x0000000080006C08] <- 0x0000000000000000
mem[X,0x00000000800024D2] -> 0x5537
mem[X,0x00000000800024D4] -> 0x5555
[2537] [M]: 0x00000000800024D2 (0x55555537) lui a0, 349525
x10 <- 0x0000000055555000
mem[X,0x00000000800024D6] -> 0x0513
mem[X,0x00000000800024D8] -> 0x5555
[2538] [M]: 0x00000000800024D6 (0x55550513) addi a0, a0, 1365
x10 <- 0x0000000055555555
mem[X,0x00000000800024DA] -> 0x1513
mem[X,0x00000000800024DC] -> 0x00B5
[2539] [M]: 0x00000000800024DA (0x00B51513) slli a0, a0, 11
x10 <- 0x000002AAAAAAA800
mem[X,0x00000000800024DE] -> 0x0513
mem[X,0x00000000800024E0] -> 0x2AA5
[2540] [M]: 0x00000000800024DE (0x2AA50513) addi a0, a0, 682
x10 <- 0x000002AAAAAAAAAA
mem[X,0x00000000800024E2] -> 0x1513
mem[X,0x00000000800024E4] -> 0x00B5
[2541] [M]: 0x00000000800024E2 (0x00B51513) slli a0, a0, 11
x10 <- 0x0015555555555000
mem[X,0x00000000800024E6] -> 0x0513
mem[X,0x00000000800024E8] -> 0x5555
[2542] [M]: 0x00000000800024E6 (0x55550513) addi a0, a0, 1365
x10 <- 0x0015555555555555
mem[X,0x00000000800024EA] -> 0x1513
mem[X,0x00000000800024EC] -> 0x00A5
[2543] [M]: 0x00000000800024EA (0x00A51513) slli a0, a0, 10
x10 <- 0x5555555555555400
mem[X,0x00000000800024EE] -> 0x0513
mem[X,0x00000000800024F0] -> 0x1565
[2544] [M]: 0x00000000800024EE (0x15650513) addi a0, a0, 342
x10 <- 0x5555555555555556
mem[X,0x00000000800024F2] -> 0x8901
[2545] [M]: 0x00000000800024F2 (0x8901) c.andi a0, 0
x10 <- 0x0000000000000000
mem[X,0x00000000800024F4] -> 0xBC23
mem[X,0x00000000800024F6] -> 0x2EA0
[2546] [M]: 0x00000000800024F4 (0x2EA0BC23) sd a0, 760(ra)
mem[0x0000000080006C10] <- 0x0000000000000000
mem[X,0x00000000800024F8] -> 0x5537
mem[X,0x00000000800024FA] -> 0x5555
[2547] [M]: 0x00000000800024F8 (0x55555537) lui a0, 349525
x10 <- 0x0000000055555000
mem[X,0x00000000800024FC] -> 0x0513
mem[X,0x00000000800024FE] -> 0x5555
[2548] [M]: 0x00000000800024FC (0x55550513) addi a0, a0, 1365
x10 <- 0x0000000055555555
mem[X,0x0000000080002500] -> 0x1513
mem[X,0x0000000080002502] -> 0x00B5
[2549] [M]: 0x0000000080002500 (0x00B51513) slli a0, a0, 11
x10 <- 0x000002AAAAAAA800
mem[X,0x0000000080002504] -> 0x0513
mem[X,0x0000000080002506] -> 0x2AA5
[2550] [M]: 0x0000000080002504 (0x2AA50513) addi a0, a0, 682
x10 <- 0x000002AAAAAAAAAA
mem[X,0x0000000080002508] -> 0x1513
mem[X,0x000000008000250A] -> 0x00B5
[2551] [M]: 0x0000000080002508 (0x00B51513) slli a0, a0, 11
x10 <- 0x0015555555555000
mem[X,0x000000008000250C] -> 0x0513
mem[X,0x000000008000250E] -> 0x5555
[2552] [M]: 0x000000008000250C (0x55550513) addi a0, a0, 1365
x10 <- 0x0015555555555555
mem[X,0x0000000080002510] -> 0x1513
mem[X,0x0000000080002512] -> 0x00A5
[2553] [M]: 0x0000000080002510 (0x00A51513) slli a0, a0, 10
x10 <- 0x5555555555555400
mem[X,0x0000000080002514] -> 0x0513
mem[X,0x0000000080002516] -> 0x1565
[2554] [M]: 0x0000000080002514 (0x15650513) addi a0, a0, 342
x10 <- 0x5555555555555556
mem[X,0x0000000080002518] -> 0x892D
[2555] [M]: 0x0000000080002518 (0x892D) c.andi a0, 11
x10 <- 0x0000000000000002
mem[X,0x000000008000251A] -> 0xB023
mem[X,0x000000008000251C] -> 0x30A0
[2556] [M]: 0x000000008000251A (0x30A0B023) sd a0, 768(ra)
mem[0x0000000080006C18] <- 0x0000000000000002
mem[X,0x000000008000251E] -> 0x5537
mem[X,0x0000000080002520] -> 0x5555
[2557] [M]: 0x000000008000251E (0x55555537) lui a0, 349525
x10 <- 0x0000000055555000
mem[X,0x0000000080002522] -> 0x0513
mem[X,0x0000000080002524] -> 0x5555
[2558] [M]: 0x0000000080002522 (0x55550513) addi a0, a0, 1365
x10 <- 0x0000000055555555
mem[X,0x0000000080002526] -> 0x1513
mem[X,0x0000000080002528] -> 0x00B5
[2559] [M]: 0x0000000080002526 (0x00B51513) slli a0, a0, 11
x10 <- 0x000002AAAAAAA800
mem[X,0x000000008000252A] -> 0x0513
mem[X,0x000000008000252C] -> 0x2AA5
[2560] [M]: 0x000000008000252A (0x2AA50513) addi a0, a0, 682
x10 <- 0x000002AAAAAAAAAA
mem[X,0x000000008000252E] -> 0x1513
mem[X,0x0000000080002530] -> 0x00B5
[2561] [M]: 0x000000008000252E (0x00B51513) slli a0, a0, 11
x10 <- 0x0015555555555000
mem[X,0x0000000080002532] -> 0x0513
mem[X,0x0000000080002534] -> 0x5555
[2562] [M]: 0x0000000080002532 (0x55550513) addi a0, a0, 1365
x10 <- 0x0015555555555555
mem[X,0x0000000080002536] -> 0x1513
mem[X,0x0000000080002538] -> 0x00A5
[2563] [M]: 0x0000000080002536 (0x00A51513) slli a0, a0, 10
x10 <- 0x5555555555555400
mem[X,0x000000008000253A] -> 0x0513
mem[X,0x000000008000253C] -> 0x1565
[2564] [M]: 0x000000008000253A (0x15650513) addi a0, a0, 342
x10 <- 0x5555555555555556
mem[X,0x000000008000253E] -> 0x891D
[2565] [M]: 0x000000008000253E (0x891D) c.andi a0, 7
x10 <- 0x0000000000000006
mem[X,0x0000000080002540] -> 0xB423
mem[X,0x0000000080002542] -> 0x30A0
[2566] [M]: 0x0000000080002540 (0x30A0B423) sd a0, 776(ra)
mem[0x0000000080006C20] <- 0x0000000000000006
mem[X,0x0000000080002544] -> 0x5537
mem[X,0x0000000080002546] -> 0x5555
[2567] [M]: 0x0000000080002544 (0x55555537) lui a0, 349525
x10 <- 0x0000000055555000
mem[X,0x0000000080002548] -> 0x0513
mem[X,0x000000008000254A] -> 0x5555
[2568] [M]: 0x0000000080002548 (0x55550513) addi a0, a0, 1365
x10 <- 0x0000000055555555
mem[X,0x000000008000254C] -> 0x1513
mem[X,0x000000008000254E] -> 0x00B5
[2569] [M]: 0x000000008000254C (0x00B51513) slli a0, a0, 11
x10 <- 0x000002AAAAAAA800
mem[X,0x0000000080002550] -> 0x0513
mem[X,0x0000000080002552] -> 0x2AA5
[2570] [M]: 0x0000000080002550 (0x2AA50513) addi a0, a0, 682
x10 <- 0x000002AAAAAAAAAA
mem[X,0x0000000080002554] -> 0x1513
mem[X,0x0000000080002556] -> 0x00B5
[2571] [M]: 0x0000000080002554 (0x00B51513) slli a0, a0, 11
x10 <- 0x0015555555555000
mem[X,0x0000000080002558] -> 0x0513
mem[X,0x000000008000255A] -> 0x5555
[2572] [M]: 0x0000000080002558 (0x55550513) addi a0, a0, 1365
x10 <- 0x0015555555555555
mem[X,0x000000008000255C] -> 0x1513
mem[X,0x000000008000255E] -> 0x00A5
[2573] [M]: 0x000000008000255C (0x00A51513) slli a0, a0, 10
x10 <- 0x5555555555555400
mem[X,0x0000000080002560] -> 0x0513
mem[X,0x0000000080002562] -> 0x1565
[2574] [M]: 0x0000000080002560 (0x15650513) addi a0, a0, 342
x10 <- 0x5555555555555556
mem[X,0x0000000080002564] -> 0x997D
[2575] [M]: 0x0000000080002564 (0x997D) c.andi a0, 63
x10 <- 0x5555555555555556
mem[X,0x0000000080002566] -> 0xB823
mem[X,0x0000000080002568] -> 0x30A0
[2576] [M]: 0x0000000080002566 (0x30A0B823) sd a0, 784(ra)
mem[0x0000000080006C28] <- 0x5555555555555556
mem[X,0x000000008000256A] -> 0x5537
mem[X,0x000000008000256C] -> 0x5555
[2577] [M]: 0x000000008000256A (0x55555537) lui a0, 349525
x10 <- 0x0000000055555000
mem[X,0x000000008000256E] -> 0x0513
mem[X,0x0000000080002570] -> 0x5555
[2578] [M]: 0x000000008000256E (0x55550513) addi a0, a0, 1365
x10 <- 0x0000000055555555
mem[X,0x0000000080002572] -> 0x1513
mem[X,0x0000000080002574] -> 0x00B5
[2579] [M]: 0x0000000080002572 (0x00B51513) slli a0, a0, 11
x10 <- 0x000002AAAAAAA800
mem[X,0x0000000080002576] -> 0x0513
mem[X,0x0000000080002578] -> 0x2AA5
[2580] [M]: 0x0000000080002576 (0x2AA50513) addi a0, a0, 682
x10 <- 0x000002AAAAAAAAAA
mem[X,0x000000008000257A] -> 0x1513
mem[X,0x000000008000257C] -> 0x00B5
[2581] [M]: 0x000000008000257A (0x00B51513) slli a0, a0, 11
x10 <- 0x0015555555555000
mem[X,0x000000008000257E] -> 0x0513
mem[X,0x0000000080002580] -> 0x5555
[2582] [M]: 0x000000008000257E (0x55550513) addi a0, a0, 1365
x10 <- 0x0015555555555555
mem[X,0x0000000080002582] -> 0x1513
mem[X,0x0000000080002584] -> 0x00A5
[2583] [M]: 0x0000000080002582 (0x00A51513) slli a0, a0, 10
x10 <- 0x5555555555555400
mem[X,0x0000000080002586] -> 0x0513
mem[X,0x0000000080002588] -> 0x1565
[2584] [M]: 0x0000000080002586 (0x15650513) addi a0, a0, 342
x10 <- 0x5555555555555556
mem[X,0x000000008000258A] -> 0x9971
[2585] [M]: 0x000000008000258A (0x9971) c.andi a0, 60
x10 <- 0x5555555555555554
mem[X,0x000000008000258C] -> 0xBC23
mem[X,0x000000008000258E] -> 0x30A0
[2586] [M]: 0x000000008000258C (0x30A0BC23) sd a0, 792(ra)
mem[0x0000000080006C30] <- 0x5555555555555554
mem[X,0x0000000080002590] -> 0xB537
mem[X,0x0000000080002592] -> 0xAAAA
[2587] [M]: 0x0000000080002590 (0xAAAAB537) lui a0, 699051
x10 <- 0xFFFFFFFFAAAAB000
mem[X,0x0000000080002594] -> 0x0513
mem[X,0x0000000080002596] -> 0xAAA5
[2588] [M]: 0x0000000080002594 (0xAAA50513) addi a0, a0, 2730
x10 <- 0xFFFFFFFFAAAAAAAA
mem[X,0x0000000080002598] -> 0x1513
mem[X,0x000000008000259A] -> 0x00B5
[2589] [M]: 0x0000000080002598 (0x00B51513) slli a0, a0, 11
x10 <- 0xFFFFFD5555555000
mem[X,0x000000008000259C] -> 0x0513
mem[X,0x000000008000259E] -> 0x5555
[2590] [M]: 0x000000008000259C (0x55550513) addi a0, a0, 1365
x10 <- 0xFFFFFD5555555555
mem[X,0x00000000800025A0] -> 0x1513
mem[X,0x00000000800025A2] -> 0x00B5
[2591] [M]: 0x00000000800025A0 (0x00B51513) slli a0, a0, 11
x10 <- 0xFFEAAAAAAAAAA800
mem[X,0x00000000800025A4] -> 0x0513
mem[X,0x00000000800025A6] -> 0x2AA5
[2592] [M]: 0x00000000800025A4 (0x2AA50513) addi a0, a0, 682
x10 <- 0xFFEAAAAAAAAAAAAA
mem[X,0x00000000800025A8] -> 0x1513
mem[X,0x00000000800025AA] -> 0x00A5
[2593] [M]: 0x00000000800025A8 (0x00A51513) slli a0, a0, 10
x10 <- 0xAAAAAAAAAAAAA800
mem[X,0x00000000800025AC] -> 0x0513
mem[X,0x00000000800025AE] -> 0x2AB5
[2594] [M]: 0x00000000800025AC (0x2AB50513) addi a0, a0, 683
x10 <- 0xAAAAAAAAAAAAAAAB
mem[X,0x00000000800025B0] -> 0x890D
[2595] [M]: 0x00000000800025B0 (0x890D) c.andi a0, 3
x10 <- 0x0000000000000003
mem[X,0x00000000800025B2] -> 0xB023
mem[X,0x00000000800025B4] -> 0x32A0
[2596] [M]: 0x00000000800025B2 (0x32A0B023) sd a0, 800(ra)
mem[0x0000000080006C38] <- 0x0000000000000003
mem[X,0x00000000800025B6] -> 0xB537
mem[X,0x00000000800025B8] -> 0xAAAA
[2597] [M]: 0x00000000800025B6 (0xAAAAB537) lui a0, 699051
x10 <- 0xFFFFFFFFAAAAB000
mem[X,0x00000000800025BA] -> 0x0513
mem[X,0x00000000800025BC] -> 0xAAA5
[2598] [M]: 0x00000000800025BA (0xAAA50513) addi a0, a0, 2730
x10 <- 0xFFFFFFFFAAAAAAAA
mem[X,0x00000000800025BE] -> 0x1513
mem[X,0x00000000800025C0] -> 0x00B5
[2599] [M]: 0x00000000800025BE (0x00B51513) slli a0, a0, 11
x10 <- 0xFFFFFD5555555000
clint::tick mtime <- 0x000000000000001A
 clint timer pending at mtime 0x000000000000001A
htif::tick 0x0000000000000000
mem[X,0x00000000800025C2] -> 0x0513
mem[X,0x00000000800025C4] -> 0x5555
[2600] [M]: 0x00000000800025C2 (0x55550513) addi a0, a0, 1365
x10 <- 0xFFFFFD5555555555
mem[X,0x00000000800025C6] -> 0x1513
mem[X,0x00000000800025C8] -> 0x00B5
[2601] [M]: 0x00000000800025C6 (0x00B51513) slli a0, a0, 11
x10 <- 0xFFEAAAAAAAAAA800
mem[X,0x00000000800025CA] -> 0x0513
mem[X,0x00000000800025CC] -> 0x2AA5
[2602] [M]: 0x00000000800025CA (0x2AA50513) addi a0, a0, 682
x10 <- 0xFFEAAAAAAAAAAAAA
mem[X,0x00000000800025CE] -> 0x1513
mem[X,0x00000000800025D0] -> 0x00A5
[2603] [M]: 0x00000000800025CE (0x00A51513) slli a0, a0, 10
x10 <- 0xAAAAAAAAAAAAA800
mem[X,0x00000000800025D2] -> 0x0513
mem[X,0x00000000800025D4] -> 0x2AB5
[2604] [M]: 0x00000000800025D2 (0x2AB50513) addi a0, a0, 683
x10 <- 0xAAAAAAAAAAAAAAAB
mem[X,0x00000000800025D6] -> 0x8915
[2605] [M]: 0x00000000800025D6 (0x8915) c.andi a0, 5
x10 <- 0x0000000000000001
mem[X,0x00000000800025D8] -> 0xB423
mem[X,0x00000000800025DA] -> 0x32A0
[2606] [M]: 0x00000000800025D8 (0x32A0B423) sd a0, 808(ra)
mem[0x0000000080006C40] <- 0x0000000000000001
mem[X,0x00000000800025DC] -> 0xB537
mem[X,0x00000000800025DE] -> 0xAAAA
[2607] [M]: 0x00000000800025DC (0xAAAAB537) lui a0, 699051
x10 <- 0xFFFFFFFFAAAAB000
mem[X,0x00000000800025E0] -> 0x0513
mem[X,0x00000000800025E2] -> 0xAAA5
[2608] [M]: 0x00000000800025E0 (0xAAA50513) addi a0, a0, 2730
x10 <- 0xFFFFFFFFAAAAAAAA
mem[X,0x00000000800025E4] -> 0x1513
mem[X,0x00000000800025E6] -> 0x00B5
[2609] [M]: 0x00000000800025E4 (0x00B51513) slli a0, a0, 11
x10 <- 0xFFFFFD5555555000
mem[X,0x00000000800025E8] -> 0x0513
mem[X,0x00000000800025EA] -> 0x5555
[2610] [M]: 0x00000000800025E8 (0x55550513) addi a0, a0, 1365
x10 <- 0xFFFFFD5555555555
mem[X,0x00000000800025EC] -> 0x1513
mem[X,0x00000000800025EE] -> 0x00B5
[2611] [M]: 0x00000000800025EC (0x00B51513) slli a0, a0, 11
x10 <- 0xFFEAAAAAAAAAA800
mem[X,0x00000000800025F0] -> 0x0513
mem[X,0x00000000800025F2] -> 0x2AA5
[2612] [M]: 0x00000000800025F0 (0x2AA50513) addi a0, a0, 682
x10 <- 0xFFEAAAAAAAAAAAAA
mem[X,0x00000000800025F4] -> 0x1513
mem[X,0x00000000800025F6] -> 0x00A5
[2613] [M]: 0x00000000800025F4 (0x00A51513) slli a0, a0, 10
x10 <- 0xAAAAAAAAAAAAA800
mem[X,0x00000000800025F8] -> 0x0513
mem[X,0x00000000800025FA] -> 0x2AB5
[2614] [M]: 0x00000000800025F8 (0x2AB50513) addi a0, a0, 683
x10 <- 0xAAAAAAAAAAAAAAAB
mem[X,0x00000000800025FC] -> 0x8929
[2615] [M]: 0x00000000800025FC (0x8929) c.andi a0, 10
x10 <- 0x000000000000000A
mem[X,0x00000000800025FE] -> 0xB823
mem[X,0x0000000080002600] -> 0x32A0
[2616] [M]: 0x00000000800025FE (0x32A0B823) sd a0, 816(ra)
mem[0x0000000080006C48] <- 0x000000000000000A
mem[X,0x0000000080002602] -> 0xB537
mem[X,0x0000000080002604] -> 0xAAAA
[2617] [M]: 0x0000000080002602 (0xAAAAB537) lui a0, 699051
x10 <- 0xFFFFFFFFAAAAB000
mem[X,0x0000000080002606] -> 0x0513
mem[X,0x0000000080002608] -> 0xAAA5
[2618] [M]: 0x0000000080002606 (0xAAA50513) addi a0, a0, 2730
x10 <- 0xFFFFFFFFAAAAAAAA
mem[X,0x000000008000260A] -> 0x1513
mem[X,0x000000008000260C] -> 0x00B5
[2619] [M]: 0x000000008000260A (0x00B51513) slli a0, a0, 11
x10 <- 0xFFFFFD5555555000
mem[X,0x000000008000260E] -> 0x0513
mem[X,0x0000000080002610] -> 0x5555
[2620] [M]: 0x000000008000260E (0x55550513) addi a0, a0, 1365
x10 <- 0xFFFFFD5555555555
mem[X,0x0000000080002612] -> 0x1513
mem[X,0x0000000080002614] -> 0x00B5
[2621] [M]: 0x0000000080002612 (0x00B51513) slli a0, a0, 11
x10 <- 0xFFEAAAAAAAAAA800
mem[X,0x0000000080002616] -> 0x0513
mem[X,0x0000000080002618] -> 0x2AA5
[2622] [M]: 0x0000000080002616 (0x2AA50513) addi a0, a0, 682
x10 <- 0xFFEAAAAAAAAAAAAA
mem[X,0x000000008000261A] -> 0x1513
mem[X,0x000000008000261C] -> 0x00A5
[2623] [M]: 0x000000008000261A (0x00A51513) slli a0, a0, 10
x10 <- 0xAAAAAAAAAAAAA800
mem[X,0x000000008000261E] -> 0x0513
mem[X,0x0000000080002620] -> 0x2AB5
[2624] [M]: 0x000000008000261E (0x2AB50513) addi a0, a0, 683
x10 <- 0xAAAAAAAAAAAAAAAB
mem[X,0x0000000080002622] -> 0x8919
[2625] [M]: 0x0000000080002622 (0x8919) c.andi a0, 6
x10 <- 0x0000000000000002
mem[X,0x0000000080002624] -> 0xBC23
mem[X,0x0000000080002626] -> 0x32A0
[2626] [M]: 0x0000000080002624 (0x32A0BC23) sd a0, 824(ra)
mem[0x0000000080006C50] <- 0x0000000000000002
mem[X,0x0000000080002628] -> 0xB537
mem[X,0x000000008000262A] -> 0xAAAA
[2627] [M]: 0x0000000080002628 (0xAAAAB537) lui a0, 699051
x10 <- 0xFFFFFFFFAAAAB000
mem[X,0x000000008000262C] -> 0x0513
mem[X,0x000000008000262E] -> 0xAAA5
[2628] [M]: 0x000000008000262C (0xAAA50513) addi a0, a0, 2730
x10 <- 0xFFFFFFFFAAAAAAAA
mem[X,0x0000000080002630] -> 0x1513
mem[X,0x0000000080002632] -> 0x00B5
[2629] [M]: 0x0000000080002630 (0x00B51513) slli a0, a0, 11
x10 <- 0xFFFFFD5555555000
mem[X,0x0000000080002634] -> 0x0513
mem[X,0x0000000080002636] -> 0x5555
[2630] [M]: 0x0000000080002634 (0x55550513) addi a0, a0, 1365
x10 <- 0xFFFFFD5555555555
mem[X,0x0000000080002638] -> 0x1513
mem[X,0x000000008000263A] -> 0x00B5
[2631] [M]: 0x0000000080002638 (0x00B51513) slli a0, a0, 11
x10 <- 0xFFEAAAAAAAAAA800
mem[X,0x000000008000263C] -> 0x0513
mem[X,0x000000008000263E] -> 0x2AA5
[2632] [M]: 0x000000008000263C (0x2AA50513) addi a0, a0, 682
x10 <- 0xFFEAAAAAAAAAAAAA
mem[X,0x0000000080002640] -> 0x1513
mem[X,0x0000000080002642] -> 0x00A5
[2633] [M]: 0x0000000080002640 (0x00A51513) slli a0, a0, 10
x10 <- 0xAAAAAAAAAAAAA800
mem[X,0x0000000080002644] -> 0x0513
mem[X,0x0000000080002646] -> 0x2AB5
[2634] [M]: 0x0000000080002644 (0x2AB50513) addi a0, a0, 683
x10 <- 0xAAAAAAAAAAAAAAAB
mem[X,0x0000000080002648] -> 0x9979
[2635] [M]: 0x0000000080002648 (0x9979) c.andi a0, 62
x10 <- 0xAAAAAAAAAAAAAAAA
mem[X,0x000000008000264A] -> 0xB023
mem[X,0x000000008000264C] -> 0x34A0
[2636] [M]: 0x000000008000264A (0x34A0B023) sd a0, 832(ra)
mem[0x0000000080006C58] <- 0xAAAAAAAAAAAAAAAA
mem[X,0x000000008000264E] -> 0xB537
mem[X,0x0000000080002650] -> 0xAAAA
[2637] [M]: 0x000000008000264E (0xAAAAB537) lui a0, 699051
x10 <- 0xFFFFFFFFAAAAB000
mem[X,0x0000000080002652] -> 0x0513
mem[X,0x0000000080002654] -> 0xAAA5
[2638] [M]: 0x0000000080002652 (0xAAA50513) addi a0, a0, 2730
x10 <- 0xFFFFFFFFAAAAAAAA
mem[X,0x0000000080002656] -> 0x1513
mem[X,0x0000000080002658] -> 0x00B5
[2639] [M]: 0x0000000080002656 (0x00B51513) slli a0, a0, 11
x10 <- 0xFFFFFD5555555000
mem[X,0x000000008000265A] -> 0x0513
mem[X,0x000000008000265C] -> 0x5555
[2640] [M]: 0x000000008000265A (0x55550513) addi a0, a0, 1365
x10 <- 0xFFFFFD5555555555
mem[X,0x000000008000265E] -> 0x1513
mem[X,0x0000000080002660] -> 0x00B5
[2641] [M]: 0x000000008000265E (0x00B51513) slli a0, a0, 11
x10 <- 0xFFEAAAAAAAAAA800
mem[X,0x0000000080002662] -> 0x0513
mem[X,0x0000000080002664] -> 0x2AA5
[2642] [M]: 0x0000000080002662 (0x2AA50513) addi a0, a0, 682
x10 <- 0xFFEAAAAAAAAAAAAA
mem[X,0x0000000080002666] -> 0x1513
mem[X,0x0000000080002668] -> 0x00A5
[2643] [M]: 0x0000000080002666 (0x00A51513) slli a0, a0, 10
x10 <- 0xAAAAAAAAAAAAA800
mem[X,0x000000008000266A] -> 0x0513
mem[X,0x000000008000266C] -> 0x2AB5
[2644] [M]: 0x000000008000266A (0x2AB50513) addi a0, a0, 683
x10 <- 0xAAAAAAAAAAAAAAAB
mem[X,0x000000008000266E] -> 0x996D
[2645] [M]: 0x000000008000266E (0x996D) c.andi a0, 59
x10 <- 0xAAAAAAAAAAAAAAAB
mem[X,0x0000000080002670] -> 0xB423
mem[X,0x0000000080002672] -> 0x34A0
[2646] [M]: 0x0000000080002670 (0x34A0B423) sd a0, 840(ra)
mem[0x0000000080006C60] <- 0xAAAAAAAAAAAAAAAB
mem[X,0x0000000080002674] -> 0xB537
mem[X,0x0000000080002676] -> 0xAAAA
[2647] [M]: 0x0000000080002674 (0xAAAAB537) lui a0, 699051
x10 <- 0xFFFFFFFFAAAAB000
mem[X,0x0000000080002678] -> 0x0513
mem[X,0x000000008000267A] -> 0xAAA5
[2648] [M]: 0x0000000080002678 (0xAAA50513) addi a0, a0, 2730
x10 <- 0xFFFFFFFFAAAAAAAA
mem[X,0x000000008000267C] -> 0x1513
mem[X,0x000000008000267E] -> 0x00B5
[2649] [M]: 0x000000008000267C (0x00B51513) slli a0, a0, 11
x10 <- 0xFFFFFD5555555000
mem[X,0x0000000080002680] -> 0x0513
mem[X,0x0000000080002682] -> 0x5555
[2650] [M]: 0x0000000080002680 (0x55550513) addi a0, a0, 1365
x10 <- 0xFFFFFD5555555555
mem[X,0x0000000080002684] -> 0x1513
mem[X,0x0000000080002686] -> 0x00B5
[2651] [M]: 0x0000000080002684 (0x00B51513) slli a0, a0, 11
x10 <- 0xFFEAAAAAAAAAA800
mem[X,0x0000000080002688] -> 0x0513
mem[X,0x000000008000268A] -> 0x2AA5
[2652] [M]: 0x0000000080002688 (0x2AA50513) addi a0, a0, 682
x10 <- 0xFFEAAAAAAAAAAAAA
mem[X,0x000000008000268C] -> 0x1513
mem[X,0x000000008000268E] -> 0x00A5
[2653] [M]: 0x000000008000268C (0x00A51513) slli a0, a0, 10
x10 <- 0xAAAAAAAAAAAAA800
mem[X,0x0000000080002690] -> 0x0513
mem[X,0x0000000080002692] -> 0x2AB5
[2654] [M]: 0x0000000080002690 (0x2AB50513) addi a0, a0, 683
x10 <- 0xAAAAAAAAAAAAAAAB
mem[X,0x0000000080002694] -> 0x8909
[2655] [M]: 0x0000000080002694 (0x8909) c.andi a0, 2
x10 <- 0x0000000000000002
mem[X,0x0000000080002696] -> 0xB823
mem[X,0x0000000080002698] -> 0x34A0
[2656] [M]: 0x0000000080002696 (0x34A0B823) sd a0, 848(ra)
mem[0x0000000080006C68] <- 0x0000000000000002
mem[X,0x000000008000269A] -> 0xB537
mem[X,0x000000008000269C] -> 0xAAAA
[2657] [M]: 0x000000008000269A (0xAAAAB537) lui a0, 699051
x10 <- 0xFFFFFFFFAAAAB000
mem[X,0x000000008000269E] -> 0x0513
mem[X,0x00000000800026A0] -> 0xAAA5
[2658] [M]: 0x000000008000269E (0xAAA50513) addi a0, a0, 2730
x10 <- 0xFFFFFFFFAAAAAAAA
mem[X,0x00000000800026A2] -> 0x1513
mem[X,0x00000000800026A4] -> 0x00B5
[2659] [M]: 0x00000000800026A2 (0x00B51513) slli a0, a0, 11
x10 <- 0xFFFFFD5555555000
mem[X,0x00000000800026A6] -> 0x0513
mem[X,0x00000000800026A8] -> 0x5555
[2660] [M]: 0x00000000800026A6 (0x55550513) addi a0, a0, 1365
x10 <- 0xFFFFFD5555555555
mem[X,0x00000000800026AA] -> 0x1513
mem[X,0x00000000800026AC] -> 0x00B5
[2661] [M]: 0x00000000800026AA (0x00B51513) slli a0, a0, 11
x10 <- 0xFFEAAAAAAAAAA800
mem[X,0x00000000800026AE] -> 0x0513
mem[X,0x00000000800026B0] -> 0x2AA5
[2662] [M]: 0x00000000800026AE (0x2AA50513) addi a0, a0, 682
x10 <- 0xFFEAAAAAAAAAAAAA
mem[X,0x00000000800026B2] -> 0x1513
mem[X,0x00000000800026B4] -> 0x00A5
[2663] [M]: 0x00000000800026B2 (0x00A51513) slli a0, a0, 10
x10 <- 0xAAAAAAAAAAAAA800
mem[X,0x00000000800026B6] -> 0x0513
mem[X,0x00000000800026B8] -> 0x2AB5
[2664] [M]: 0x00000000800026B6 (0x2AB50513) addi a0, a0, 683
x10 <- 0xAAAAAAAAAAAAAAAB
mem[X,0x00000000800026BA] -> 0x8925
[2665] [M]: 0x00000000800026BA (0x8925) c.andi a0, 9
x10 <- 0x0000000000000009
mem[X,0x00000000800026BC] -> 0xBC23
mem[X,0x00000000800026BE] -> 0x34A0
[2666] [M]: 0x00000000800026BC (0x34A0BC23) sd a0, 856(ra)
mem[0x0000000080006C70] <- 0x0000000000000009
mem[X,0x00000000800026C0] -> 0xB537
mem[X,0x00000000800026C2] -> 0xAAAA
[2667] [M]: 0x00000000800026C0 (0xAAAAB537) lui a0, 699051
x10 <- 0xFFFFFFFFAAAAB000
mem[X,0x00000000800026C4] -> 0x0513
mem[X,0x00000000800026C6] -> 0xAAA5
[2668] [M]: 0x00000000800026C4 (0xAAA50513) addi a0, a0, 2730
x10 <- 0xFFFFFFFFAAAAAAAA
mem[X,0x00000000800026C8] -> 0x1513
mem[X,0x00000000800026CA] -> 0x00B5
[2669] [M]: 0x00000000800026C8 (0x00B51513) slli a0, a0, 11
x10 <- 0xFFFFFD5555555000
mem[X,0x00000000800026CC] -> 0x0513
mem[X,0x00000000800026CE] -> 0x5555
[2670] [M]: 0x00000000800026CC (0x55550513) addi a0, a0, 1365
x10 <- 0xFFFFFD5555555555
mem[X,0x00000000800026D0] -> 0x1513
mem[X,0x00000000800026D2] -> 0x00B5
[2671] [M]: 0x00000000800026D0 (0x00B51513) slli a0, a0, 11
x10 <- 0xFFEAAAAAAAAAA800
mem[X,0x00000000800026D4] -> 0x0513
mem[X,0x00000000800026D6] -> 0x2AA5
[2672] [M]: 0x00000000800026D4 (0x2AA50513) addi a0, a0, 682
x10 <- 0xFFEAAAAAAAAAAAAA
mem[X,0x00000000800026D8] -> 0x1513
mem[X,0x00000000800026DA] -> 0x00A5
[2673] [M]: 0x00000000800026D8 (0x00A51513) slli a0, a0, 10
x10 <- 0xAAAAAAAAAAAAA800
mem[X,0x00000000800026DC] -> 0x0513
mem[X,0x00000000800026DE] -> 0x2AB5
[2674] [M]: 0x00000000800026DC (0x2AB50513) addi a0, a0, 683
x10 <- 0xAAAAAAAAAAAAAAAB
mem[X,0x00000000800026E0] -> 0x8901
[2675] [M]: 0x00000000800026E0 (0x8901) c.andi a0, 0
x10 <- 0x0000000000000000
mem[X,0x00000000800026E2] -> 0xB023
mem[X,0x00000000800026E4] -> 0x36A0
[2676] [M]: 0x00000000800026E2 (0x36A0B023) sd a0, 864(ra)
mem[0x0000000080006C78] <- 0x0000000000000000
mem[X,0x00000000800026E6] -> 0xB537
mem[X,0x00000000800026E8] -> 0xAAAA
[2677] [M]: 0x00000000800026E6 (0xAAAAB537) lui a0, 699051
x10 <- 0xFFFFFFFFAAAAB000
mem[X,0x00000000800026EA] -> 0x0513
mem[X,0x00000000800026EC] -> 0xAAA5
[2678] [M]: 0x00000000800026EA (0xAAA50513) addi a0, a0, 2730
x10 <- 0xFFFFFFFFAAAAAAAA
mem[X,0x00000000800026EE] -> 0x1513
mem[X,0x00000000800026F0] -> 0x00B5
[2679] [M]: 0x00000000800026EE (0x00B51513) slli a0, a0, 11
x10 <- 0xFFFFFD5555555000
mem[X,0x00000000800026F2] -> 0x0513
mem[X,0x00000000800026F4] -> 0x5555
[2680] [M]: 0x00000000800026F2 (0x55550513) addi a0, a0, 1365
x10 <- 0xFFFFFD5555555555
mem[X,0x00000000800026F6] -> 0x1513
mem[X,0x00000000800026F8] -> 0x00B5
[2681] [M]: 0x00000000800026F6 (0x00B51513) slli a0, a0, 11
x10 <- 0xFFEAAAAAAAAAA800
mem[X,0x00000000800026FA] -> 0x0513
mem[X,0x00000000800026FC] -> 0x2AA5
[2682] [M]: 0x00000000800026FA (0x2AA50513) addi a0, a0, 682
x10 <- 0xFFEAAAAAAAAAAAAA
mem[X,0x00000000800026FE] -> 0x1513
mem[X,0x0000000080002700] -> 0x00A5
[2683] [M]: 0x00000000800026FE (0x00A51513) slli a0, a0, 10
x10 <- 0xAAAAAAAAAAAAA800
mem[X,0x0000000080002702] -> 0x0513
mem[X,0x0000000080002704] -> 0x2AB5
[2684] [M]: 0x0000000080002702 (0x2AB50513) addi a0, a0, 683
x10 <- 0xAAAAAAAAAAAAAAAB
mem[X,0x0000000080002706] -> 0x892D
[2685] [M]: 0x0000000080002706 (0x892D) c.andi a0, 11
x10 <- 0x000000000000000B
mem[X,0x0000000080002708] -> 0xB423
mem[X,0x000000008000270A] -> 0x36A0
[2686] [M]: 0x0000000080002708 (0x36A0B423) sd a0, 872(ra)
mem[0x0000000080006C80] <- 0x000000000000000B
mem[X,0x000000008000270C] -> 0xB537
mem[X,0x000000008000270E] -> 0xAAAA
[2687] [M]: 0x000000008000270C (0xAAAAB537) lui a0, 699051
x10 <- 0xFFFFFFFFAAAAB000
mem[X,0x0000000080002710] -> 0x0513
mem[X,0x0000000080002712] -> 0xAAA5
[2688] [M]: 0x0000000080002710 (0xAAA50513) addi a0, a0, 2730
x10 <- 0xFFFFFFFFAAAAAAAA
mem[X,0x0000000080002714] -> 0x1513
mem[X,0x0000000080002716] -> 0x00B5
[2689] [M]: 0x0000000080002714 (0x00B51513) slli a0, a0, 11
x10 <- 0xFFFFFD5555555000
mem[X,0x0000000080002718] -> 0x0513
mem[X,0x000000008000271A] -> 0x5555
[2690] [M]: 0x0000000080002718 (0x55550513) addi a0, a0, 1365
x10 <- 0xFFFFFD5555555555
mem[X,0x000000008000271C] -> 0x1513
mem[X,0x000000008000271E] -> 0x00B5
[2691] [M]: 0x000000008000271C (0x00B51513) slli a0, a0, 11
x10 <- 0xFFEAAAAAAAAAA800
mem[X,0x0000000080002720] -> 0x0513
mem[X,0x0000000080002722] -> 0x2AA5
[2692] [M]: 0x0000000080002720 (0x2AA50513) addi a0, a0, 682
x10 <- 0xFFEAAAAAAAAAAAAA
mem[X,0x0000000080002724] -> 0x1513
mem[X,0x0000000080002726] -> 0x00A5
[2693] [M]: 0x0000000080002724 (0x00A51513) slli a0, a0, 10
x10 <- 0xAAAAAAAAAAAAA800
mem[X,0x0000000080002728] -> 0x0513
mem[X,0x000000008000272A] -> 0x2AB5
[2694] [M]: 0x0000000080002728 (0x2AB50513) addi a0, a0, 683
x10 <- 0xAAAAAAAAAAAAAAAB
mem[X,0x000000008000272C] -> 0x891D
[2695] [M]: 0x000000008000272C (0x891D) c.andi a0, 7
x10 <- 0x0000000000000003
mem[X,0x000000008000272E] -> 0xB823
mem[X,0x0000000080002730] -> 0x36A0
[2696] [M]: 0x000000008000272E (0x36A0B823) sd a0, 880(ra)
mem[0x0000000080006C88] <- 0x0000000000000003
mem[X,0x0000000080002732] -> 0xB537
mem[X,0x0000000080002734] -> 0xAAAA
[2697] [M]: 0x0000000080002732 (0xAAAAB537) lui a0, 699051
x10 <- 0xFFFFFFFFAAAAB000
mem[X,0x0000000080002736] -> 0x0513
mem[X,0x0000000080002738] -> 0xAAA5
[2698] [M]: 0x0000000080002736 (0xAAA50513) addi a0, a0, 2730
x10 <- 0xFFFFFFFFAAAAAAAA
mem[X,0x000000008000273A] -> 0x1513
mem[X,0x000000008000273C] -> 0x00B5
[2699] [M]: 0x000000008000273A (0x00B51513) slli a0, a0, 11
x10 <- 0xFFFFFD5555555000
clint::tick mtime <- 0x000000000000001B
 clint timer pending at mtime 0x000000000000001B
htif::tick 0x0000000000000000
mem[X,0x000000008000273E] -> 0x0513
mem[X,0x0000000080002740] -> 0x5555
[2700] [M]: 0x000000008000273E (0x55550513) addi a0, a0, 1365
x10 <- 0xFFFFFD5555555555
mem[X,0x0000000080002742] -> 0x1513
mem[X,0x0000000080002744] -> 0x00B5
[2701] [M]: 0x0000000080002742 (0x00B51513) slli a0, a0, 11
x10 <- 0xFFEAAAAAAAAAA800
mem[X,0x0000000080002746] -> 0x0513
mem[X,0x0000000080002748] -> 0x2AA5
[2702] [M]: 0x0000000080002746 (0x2AA50513) addi a0, a0, 682
x10 <- 0xFFEAAAAAAAAAAAAA
mem[X,0x000000008000274A] -> 0x1513
mem[X,0x000000008000274C] -> 0x00A5
[2703] [M]: 0x000000008000274A (0x00A51513) slli a0, a0, 10
x10 <- 0xAAAAAAAAAAAAA800
mem[X,0x000000008000274E] -> 0x0513
mem[X,0x0000000080002750] -> 0x2AB5
[2704] [M]: 0x000000008000274E (0x2AB50513) addi a0, a0, 683
x10 <- 0xAAAAAAAAAAAAAAAB
mem[X,0x0000000080002752] -> 0x997D
[2705] [M]: 0x0000000080002752 (0x997D) c.andi a0, 63
x10 <- 0xAAAAAAAAAAAAAAAB
mem[X,0x0000000080002754] -> 0xBC23
mem[X,0x0000000080002756] -> 0x36A0
[2706] [M]: 0x0000000080002754 (0x36A0BC23) sd a0, 888(ra)
mem[0x0000000080006C90] <- 0xAAAAAAAAAAAAAAAB
mem[X,0x0000000080002758] -> 0xB537
mem[X,0x000000008000275A] -> 0xAAAA
[2707] [M]: 0x0000000080002758 (0xAAAAB537) lui a0, 699051
x10 <- 0xFFFFFFFFAAAAB000
mem[X,0x000000008000275C] -> 0x0513
mem[X,0x000000008000275E] -> 0xAAA5
[2708] [M]: 0x000000008000275C (0xAAA50513) addi a0, a0, 2730
x10 <- 0xFFFFFFFFAAAAAAAA
mem[X,0x0000000080002760] -> 0x1513
mem[X,0x0000000080002762] -> 0x00B5
[2709] [M]: 0x0000000080002760 (0x00B51513) slli a0, a0, 11
x10 <- 0xFFFFFD5555555000
mem[X,0x0000000080002764] -> 0x0513
mem[X,0x0000000080002766] -> 0x5555
[2710] [M]: 0x0000000080002764 (0x55550513) addi a0, a0, 1365
x10 <- 0xFFFFFD5555555555
mem[X,0x0000000080002768] -> 0x1513
mem[X,0x000000008000276A] -> 0x00B5
[2711] [M]: 0x0000000080002768 (0x00B51513) slli a0, a0, 11
x10 <- 0xFFEAAAAAAAAAA800
mem[X,0x000000008000276C] -> 0x0513
mem[X,0x000000008000276E] -> 0x2AA5
[2712] [M]: 0x000000008000276C (0x2AA50513) addi a0, a0, 682
x10 <- 0xFFEAAAAAAAAAAAAA
mem[X,0x0000000080002770] -> 0x1513
mem[X,0x0000000080002772] -> 0x00A5
[2713] [M]: 0x0000000080002770 (0x00A51513) slli a0, a0, 10
x10 <- 0xAAAAAAAAAAAAA800
mem[X,0x0000000080002774] -> 0x0513
mem[X,0x0000000080002776] -> 0x2AB5
[2714] [M]: 0x0000000080002774 (0x2AB50513) addi a0, a0, 683
x10 <- 0xAAAAAAAAAAAAAAAB
mem[X,0x0000000080002778] -> 0x9971
[2715] [M]: 0x0000000080002778 (0x9971) c.andi a0, 60
x10 <- 0xAAAAAAAAAAAAAAA8
mem[X,0x000000008000277A] -> 0xB023
mem[X,0x000000008000277C] -> 0x38A0
[2716] [M]: 0x000000008000277A (0x38A0B023) sd a0, 896(ra)
mem[0x0000000080006C98] <- 0xAAAAAAAAAAAAAAA8
mem[X,0x000000008000277E] -> 0x0513
mem[X,0x0000000080002780] -> 0x0060
[2717] [M]: 0x000000008000277E (0x00600513) addi a0, zero, 6
x10 <- 0x0000000000000006
mem[X,0x0000000080002782] -> 0x890D
[2718] [M]: 0x0000000080002782 (0x890D) c.andi a0, 3
x10 <- 0x0000000000000002
mem[X,0x0000000080002784] -> 0xB423
mem[X,0x0000000080002786] -> 0x38A0
[2719] [M]: 0x0000000080002784 (0x38A0B423) sd a0, 904(ra)
mem[0x0000000080006CA0] <- 0x0000000000000002
mem[X,0x0000000080002788] -> 0x0513
mem[X,0x000000008000278A] -> 0x0060
[2720] [M]: 0x0000000080002788 (0x00600513) addi a0, zero, 6
x10 <- 0x0000000000000006
mem[X,0x000000008000278C] -> 0x8915
[2721] [M]: 0x000000008000278C (0x8915) c.andi a0, 5
x10 <- 0x0000000000000004
mem[X,0x000000008000278E] -> 0xB823
mem[X,0x0000000080002790] -> 0x38A0
[2722] [M]: 0x000000008000278E (0x38A0B823) sd a0, 912(ra)
mem[0x0000000080006CA8] <- 0x0000000000000004
mem[X,0x0000000080002792] -> 0x0513
mem[X,0x0000000080002794] -> 0x0060
[2723] [M]: 0x0000000080002792 (0x00600513) addi a0, zero, 6
x10 <- 0x0000000000000006
mem[X,0x0000000080002796] -> 0x8929
[2724] [M]: 0x0000000080002796 (0x8929) c.andi a0, 10
x10 <- 0x0000000000000002
mem[X,0x0000000080002798] -> 0xBC23
mem[X,0x000000008000279A] -> 0x38A0
[2725] [M]: 0x0000000080002798 (0x38A0BC23) sd a0, 920(ra)
mem[0x0000000080006CB0] <- 0x0000000000000002
mem[X,0x000000008000279C] -> 0x0513
mem[X,0x000000008000279E] -> 0x0060
[2726] [M]: 0x000000008000279C (0x00600513) addi a0, zero, 6
x10 <- 0x0000000000000006
mem[X,0x00000000800027A0] -> 0x8919
[2727] [M]: 0x00000000800027A0 (0x8919) c.andi a0, 6
x10 <- 0x0000000000000006
mem[X,0x00000000800027A2] -> 0xB023
mem[X,0x00000000800027A4] -> 0x3AA0
[2728] [M]: 0x00000000800027A2 (0x3AA0B023) sd a0, 928(ra)
mem[0x0000000080006CB8] <- 0x0000000000000006
mem[X,0x00000000800027A6] -> 0x0513
mem[X,0x00000000800027A8] -> 0x0060
[2729] [M]: 0x00000000800027A6 (0x00600513) addi a0, zero, 6
x10 <- 0x0000000000000006
mem[X,0x00000000800027AA] -> 0x9979
[2730] [M]: 0x00000000800027AA (0x9979) c.andi a0, 62
x10 <- 0x0000000000000006
mem[X,0x00000000800027AC] -> 0xB423
mem[X,0x00000000800027AE] -> 0x3AA0
[2731] [M]: 0x00000000800027AC (0x3AA0B423) sd a0, 936(ra)
mem[0x0000000080006CC0] <- 0x0000000000000006
mem[X,0x00000000800027B0] -> 0x0513
mem[X,0x00000000800027B2] -> 0x0060
[2732] [M]: 0x00000000800027B0 (0x00600513) addi a0, zero, 6
x10 <- 0x0000000000000006
mem[X,0x00000000800027B4] -> 0x996D
[2733] [M]: 0x00000000800027B4 (0x996D) c.andi a0, 59
x10 <- 0x0000000000000002
mem[X,0x00000000800027B6] -> 0xB823
mem[X,0x00000000800027B8] -> 0x3AA0
[2734] [M]: 0x00000000800027B6 (0x3AA0B823) sd a0, 944(ra)
mem[0x0000000080006CC8] <- 0x0000000000000002
mem[X,0x00000000800027BA] -> 0x0513
mem[X,0x00000000800027BC] -> 0x0060
[2735] [M]: 0x00000000800027BA (0x00600513) addi a0, zero, 6
x10 <- 0x0000000000000006
mem[X,0x00000000800027BE] -> 0x8909
[2736] [M]: 0x00000000800027BE (0x8909) c.andi a0, 2
x10 <- 0x0000000000000002
mem[X,0x00000000800027C0] -> 0xBC23
mem[X,0x00000000800027C2] -> 0x3AA0
[2737] [M]: 0x00000000800027C0 (0x3AA0BC23) sd a0, 952(ra)
mem[0x0000000080006CD0] <- 0x0000000000000002
mem[X,0x00000000800027C4] -> 0x0513
mem[X,0x00000000800027C6] -> 0x0060
[2738] [M]: 0x00000000800027C4 (0x00600513) addi a0, zero, 6
x10 <- 0x0000000000000006
mem[X,0x00000000800027C8] -> 0x8911
[2739] [M]: 0x00000000800027C8 (0x8911) c.andi a0, 4
x10 <- 0x0000000000000004
mem[X,0x00000000800027CA] -> 0xB023
mem[X,0x00000000800027CC] -> 0x3CA0
[2740] [M]: 0x00000000800027CA (0x3CA0B023) sd a0, 960(ra)
mem[0x0000000080006CD8] <- 0x0000000000000004
mem[X,0x00000000800027CE] -> 0x0513
mem[X,0x00000000800027D0] -> 0x0060
[2741] [M]: 0x00000000800027CE (0x00600513) addi a0, zero, 6
x10 <- 0x0000000000000006
mem[X,0x00000000800027D2] -> 0x8925
[2742] [M]: 0x00000000800027D2 (0x8925) c.andi a0, 9
x10 <- 0x0000000000000000
mem[X,0x00000000800027D4] -> 0xB423
mem[X,0x00000000800027D6] -> 0x3CA0
[2743] [M]: 0x00000000800027D4 (0x3CA0B423) sd a0, 968(ra)
mem[0x0000000080006CE0] <- 0x0000000000000000
mem[X,0x00000000800027D8] -> 0x0513
mem[X,0x00000000800027DA] -> 0x0060
[2744] [M]: 0x00000000800027D8 (0x00600513) addi a0, zero, 6
x10 <- 0x0000000000000006
mem[X,0x00000000800027DC] -> 0x8901
[2745] [M]: 0x00000000800027DC (0x8901) c.andi a0, 0
x10 <- 0x0000000000000000
mem[X,0x00000000800027DE] -> 0xB823
mem[X,0x00000000800027E0] -> 0x3CA0
[2746] [M]: 0x00000000800027DE (0x3CA0B823) sd a0, 976(ra)
mem[0x0000000080006CE8] <- 0x0000000000000000
mem[X,0x00000000800027E2] -> 0x0513
mem[X,0x00000000800027E4] -> 0x0060
[2747] [M]: 0x00000000800027E2 (0x00600513) addi a0, zero, 6
x10 <- 0x0000000000000006
mem[X,0x00000000800027E6] -> 0x892D
[2748] [M]: 0x00000000800027E6 (0x892D) c.andi a0, 11
x10 <- 0x0000000000000002
mem[X,0x00000000800027E8] -> 0xBC23
mem[X,0x00000000800027EA] -> 0x3CA0
[2749] [M]: 0x00000000800027E8 (0x3CA0BC23) sd a0, 984(ra)
mem[0x0000000080006CF0] <- 0x0000000000000002
mem[X,0x00000000800027EC] -> 0x0513
mem[X,0x00000000800027EE] -> 0x0060
[2750] [M]: 0x00000000800027EC (0x00600513) addi a0, zero, 6
x10 <- 0x0000000000000006
mem[X,0x00000000800027F0] -> 0x891D
[2751] [M]: 0x00000000800027F0 (0x891D) c.andi a0, 7
x10 <- 0x0000000000000006
mem[X,0x00000000800027F2] -> 0xB023
mem[X,0x00000000800027F4] -> 0x3EA0
[2752] [M]: 0x00000000800027F2 (0x3EA0B023) sd a0, 992(ra)
mem[0x0000000080006CF8] <- 0x0000000000000006
mem[X,0x00000000800027F6] -> 0x0513
mem[X,0x00000000800027F8] -> 0x0060
[2753] [M]: 0x00000000800027F6 (0x00600513) addi a0, zero, 6
x10 <- 0x0000000000000006
mem[X,0x00000000800027FA] -> 0x997D
[2754] [M]: 0x00000000800027FA (0x997D) c.andi a0, 63
x10 <- 0x0000000000000006
mem[X,0x00000000800027FC] -> 0xB423
mem[X,0x00000000800027FE] -> 0x3EA0
[2755] [M]: 0x00000000800027FC (0x3EA0B423) sd a0, 1000(ra)
mem[0x0000000080006D00] <- 0x0000000000000006
mem[X,0x0000000080002800] -> 0x0513
mem[X,0x0000000080002802] -> 0x0060
[2756] [M]: 0x0000000080002800 (0x00600513) addi a0, zero, 6
x10 <- 0x0000000000000006
mem[X,0x0000000080002804] -> 0x9971
[2757] [M]: 0x0000000080002804 (0x9971) c.andi a0, 60
x10 <- 0x0000000000000004
mem[X,0x0000000080002806] -> 0xB823
mem[X,0x0000000080002808] -> 0x3EA0
[2758] [M]: 0x0000000080002806 (0x3EA0B823) sd a0, 1008(ra)
mem[0x0000000080006D08] <- 0x0000000000000004
mem[X,0x000000008000280A] -> 0x3537
mem[X,0x000000008000280C] -> 0x3333
[2759] [M]: 0x000000008000280A (0x33333537) lui a0, 209715
x10 <- 0x0000000033333000
mem[X,0x000000008000280E] -> 0x0513
mem[X,0x0000000080002810] -> 0x3335
[2760] [M]: 0x000000008000280E (0x33350513) addi a0, a0, 819
x10 <- 0x0000000033333333
mem[X,0x0000000080002812] -> 0x1513
mem[X,0x0000000080002814] -> 0x00B5
[2761] [M]: 0x0000000080002812 (0x00B51513) slli a0, a0, 11
x10 <- 0x0000019999999800
mem[X,0x0000000080002816] -> 0x0513
mem[X,0x0000000080002818] -> 0x1995
[2762] [M]: 0x0000000080002816 (0x19950513) addi a0, a0, 409
x10 <- 0x0000019999999999
mem[X,0x000000008000281A] -> 0x1513
mem[X,0x000000008000281C] -> 0x00B5
[2763] [M]: 0x000000008000281A (0x00B51513) slli a0, a0, 11
x10 <- 0x000CCCCCCCCCC800
mem[X,0x000000008000281E] -> 0x0513
mem[X,0x0000000080002820] -> 0x4CC5
[2764] [M]: 0x000000008000281E (0x4CC50513) addi a0, a0, 1228
x10 <- 0x000CCCCCCCCCCCCC
mem[X,0x0000000080002822] -> 0x1513
mem[X,0x0000000080002824] -> 0x00A5
[2765] [M]: 0x0000000080002822 (0x00A51513) slli a0, a0, 10
x10 <- 0x3333333333333000
mem[X,0x0000000080002826] -> 0x0513
mem[X,0x0000000080002828] -> 0x3345
[2766] [M]: 0x0000000080002826 (0x33450513) addi a0, a0, 820
x10 <- 0x3333333333333334
mem[X,0x000000008000282A] -> 0x890D
[2767] [M]: 0x000000008000282A (0x890D) c.andi a0, 3
x10 <- 0x0000000000000000
mem[X,0x000000008000282C] -> 0xBC23
mem[X,0x000000008000282E] -> 0x3EA0
[2768] [M]: 0x000000008000282C (0x3EA0BC23) sd a0, 1016(ra)
mem[0x0000000080006D10] <- 0x0000000000000000
mem[X,0x0000000080002830] -> 0x3537
mem[X,0x0000000080002832] -> 0x3333
[2769] [M]: 0x0000000080002830 (0x33333537) lui a0, 209715
x10 <- 0x0000000033333000
mem[X,0x0000000080002834] -> 0x0513
mem[X,0x0000000080002836] -> 0x3335
[2770] [M]: 0x0000000080002834 (0x33350513) addi a0, a0, 819
x10 <- 0x0000000033333333
mem[X,0x0000000080002838] -> 0x1513
mem[X,0x000000008000283A] -> 0x00B5
[2771] [M]: 0x0000000080002838 (0x00B51513) slli a0, a0, 11
x10 <- 0x0000019999999800
mem[X,0x000000008000283C] -> 0x0513
mem[X,0x000000008000283E] -> 0x1995
[2772] [M]: 0x000000008000283C (0x19950513) addi a0, a0, 409
x10 <- 0x0000019999999999
mem[X,0x0000000080002840] -> 0x1513
mem[X,0x0000000080002842] -> 0x00B5
[2773] [M]: 0x0000000080002840 (0x00B51513) slli a0, a0, 11
x10 <- 0x000CCCCCCCCCC800
mem[X,0x0000000080002844] -> 0x0513
mem[X,0x0000000080002846] -> 0x4CC5
[2774] [M]: 0x0000000080002844 (0x4CC50513) addi a0, a0, 1228
x10 <- 0x000CCCCCCCCCCCCC
mem[X,0x0000000080002848] -> 0x1513
mem[X,0x000000008000284A] -> 0x00A5
[2775] [M]: 0x0000000080002848 (0x00A51513) slli a0, a0, 10
x10 <- 0x3333333333333000
mem[X,0x000000008000284C] -> 0x0513
mem[X,0x000000008000284E] -> 0x3345
[2776] [M]: 0x000000008000284C (0x33450513) addi a0, a0, 820
x10 <- 0x3333333333333334
mem[X,0x0000000080002850] -> 0x8915
[2777] [M]: 0x0000000080002850 (0x8915) c.andi a0, 5
x10 <- 0x0000000000000004
mem[X,0x0000000080002852] -> 0xB023
mem[X,0x0000000080002854] -> 0x40A0
[2778] [M]: 0x0000000080002852 (0x40A0B023) sd a0, 1024(ra)
mem[0x0000000080006D18] <- 0x0000000000000004
mem[X,0x0000000080002856] -> 0x3537
mem[X,0x0000000080002858] -> 0x3333
[2779] [M]: 0x0000000080002856 (0x33333537) lui a0, 209715
x10 <- 0x0000000033333000
mem[X,0x000000008000285A] -> 0x0513
mem[X,0x000000008000285C] -> 0x3335
[2780] [M]: 0x000000008000285A (0x33350513) addi a0, a0, 819
x10 <- 0x0000000033333333
mem[X,0x000000008000285E] -> 0x1513
mem[X,0x0000000080002860] -> 0x00B5
[2781] [M]: 0x000000008000285E (0x00B51513) slli a0, a0, 11
x10 <- 0x0000019999999800
mem[X,0x0000000080002862] -> 0x0513
mem[X,0x0000000080002864] -> 0x1995
[2782] [M]: 0x0000000080002862 (0x19950513) addi a0, a0, 409
x10 <- 0x0000019999999999
mem[X,0x0000000080002866] -> 0x1513
mem[X,0x0000000080002868] -> 0x00B5
[2783] [M]: 0x0000000080002866 (0x00B51513) slli a0, a0, 11
x10 <- 0x000CCCCCCCCCC800
mem[X,0x000000008000286A] -> 0x0513
mem[X,0x000000008000286C] -> 0x4CC5
[2784] [M]: 0x000000008000286A (0x4CC50513) addi a0, a0, 1228
x10 <- 0x000CCCCCCCCCCCCC
mem[X,0x000000008000286E] -> 0x1513
mem[X,0x0000000080002870] -> 0x00A5
[2785] [M]: 0x000000008000286E (0x00A51513) slli a0, a0, 10
x10 <- 0x3333333333333000
mem[X,0x0000000080002872] -> 0x0513
mem[X,0x0000000080002874] -> 0x3345
[2786] [M]: 0x0000000080002872 (0x33450513) addi a0, a0, 820
x10 <- 0x3333333333333334
mem[X,0x0000000080002876] -> 0x8929
[2787] [M]: 0x0000000080002876 (0x8929) c.andi a0, 10
x10 <- 0x0000000000000000
mem[X,0x0000000080002878] -> 0xB423
mem[X,0x000000008000287A] -> 0x40A0
[2788] [M]: 0x0000000080002878 (0x40A0B423) sd a0, 1032(ra)
mem[0x0000000080006D20] <- 0x0000000000000000
mem[X,0x000000008000287C] -> 0x3537
mem[X,0x000000008000287E] -> 0x3333
[2789] [M]: 0x000000008000287C (0x33333537) lui a0, 209715
x10 <- 0x0000000033333000
mem[X,0x0000000080002880] -> 0x0513
mem[X,0x0000000080002882] -> 0x3335
[2790] [M]: 0x0000000080002880 (0x33350513) addi a0, a0, 819
x10 <- 0x0000000033333333
mem[X,0x0000000080002884] -> 0x1513
mem[X,0x0000000080002886] -> 0x00B5
[2791] [M]: 0x0000000080002884 (0x00B51513) slli a0, a0, 11
x10 <- 0x0000019999999800
mem[X,0x0000000080002888] -> 0x0513
mem[X,0x000000008000288A] -> 0x1995
[2792] [M]: 0x0000000080002888 (0x19950513) addi a0, a0, 409
x10 <- 0x0000019999999999
mem[X,0x000000008000288C] -> 0x1513
mem[X,0x000000008000288E] -> 0x00B5
[2793] [M]: 0x000000008000288C (0x00B51513) slli a0, a0, 11
x10 <- 0x000CCCCCCCCCC800
mem[X,0x0000000080002890] -> 0x0513
mem[X,0x0000000080002892] -> 0x4CC5
[2794] [M]: 0x0000000080002890 (0x4CC50513) addi a0, a0, 1228
x10 <- 0x000CCCCCCCCCCCCC
mem[X,0x0000000080002894] -> 0x1513
mem[X,0x0000000080002896] -> 0x00A5
[2795] [M]: 0x0000000080002894 (0x00A51513) slli a0, a0, 10
x10 <- 0x3333333333333000
mem[X,0x0000000080002898] -> 0x0513
mem[X,0x000000008000289A] -> 0x3345
[2796] [M]: 0x0000000080002898 (0x33450513) addi a0, a0, 820
x10 <- 0x3333333333333334
mem[X,0x000000008000289C] -> 0x8919
[2797] [M]: 0x000000008000289C (0x8919) c.andi a0, 6
x10 <- 0x0000000000000004
mem[X,0x000000008000289E] -> 0xB823
mem[X,0x00000000800028A0] -> 0x40A0
[2798] [M]: 0x000000008000289E (0x40A0B823) sd a0, 1040(ra)
mem[0x0000000080006D28] <- 0x0000000000000004
mem[X,0x00000000800028A2] -> 0x3537
mem[X,0x00000000800028A4] -> 0x3333
[2799] [M]: 0x00000000800028A2 (0x33333537) lui a0, 209715
x10 <- 0x0000000033333000
clint::tick mtime <- 0x000000000000001C
 clint timer pending at mtime 0x000000000000001C
htif::tick 0x0000000000000000
mem[X,0x00000000800028A6] -> 0x0513
mem[X,0x00000000800028A8] -> 0x3335
[2800] [M]: 0x00000000800028A6 (0x33350513) addi a0, a0, 819
x10 <- 0x0000000033333333
mem[X,0x00000000800028AA] -> 0x1513
mem[X,0x00000000800028AC] -> 0x00B5
[2801] [M]: 0x00000000800028AA (0x00B51513) slli a0, a0, 11
x10 <- 0x0000019999999800
mem[X,0x00000000800028AE] -> 0x0513
mem[X,0x00000000800028B0] -> 0x1995
[2802] [M]: 0x00000000800028AE (0x19950513) addi a0, a0, 409
x10 <- 0x0000019999999999
mem[X,0x00000000800028B2] -> 0x1513
mem[X,0x00000000800028B4] -> 0x00B5
[2803] [M]: 0x00000000800028B2 (0x00B51513) slli a0, a0, 11
x10 <- 0x000CCCCCCCCCC800
mem[X,0x00000000800028B6] -> 0x0513
mem[X,0x00000000800028B8] -> 0x4CC5
[2804] [M]: 0x00000000800028B6 (0x4CC50513) addi a0, a0, 1228
x10 <- 0x000CCCCCCCCCCCCC
mem[X,0x00000000800028BA] -> 0x1513
mem[X,0x00000000800028BC] -> 0x00A5
[2805] [M]: 0x00000000800028BA (0x00A51513) slli a0, a0, 10
x10 <- 0x3333333333333000
mem[X,0x00000000800028BE] -> 0x0513
mem[X,0x00000000800028C0] -> 0x3345
[2806] [M]: 0x00000000800028BE (0x33450513) addi a0, a0, 820
x10 <- 0x3333333333333334
mem[X,0x00000000800028C2] -> 0x9979
[2807] [M]: 0x00000000800028C2 (0x9979) c.andi a0, 62
x10 <- 0x3333333333333334
mem[X,0x00000000800028C4] -> 0xBC23
mem[X,0x00000000800028C6] -> 0x40A0
[2808] [M]: 0x00000000800028C4 (0x40A0BC23) sd a0, 1048(ra)
mem[0x0000000080006D30] <- 0x3333333333333334
mem[X,0x00000000800028C8] -> 0x3537
mem[X,0x00000000800028CA] -> 0x3333
[2809] [M]: 0x00000000800028C8 (0x33333537) lui a0, 209715
x10 <- 0x0000000033333000
mem[X,0x00000000800028CC] -> 0x0513
mem[X,0x00000000800028CE] -> 0x3335
[2810] [M]: 0x00000000800028CC (0x33350513) addi a0, a0, 819
x10 <- 0x0000000033333333
mem[X,0x00000000800028D0] -> 0x1513
mem[X,0x00000000800028D2] -> 0x00B5
[2811] [M]: 0x00000000800028D0 (0x00B51513) slli a0, a0, 11
x10 <- 0x0000019999999800
mem[X,0x00000000800028D4] -> 0x0513
mem[X,0x00000000800028D6] -> 0x1995
[2812] [M]: 0x00000000800028D4 (0x19950513) addi a0, a0, 409
x10 <- 0x0000019999999999
mem[X,0x00000000800028D8] -> 0x1513
mem[X,0x00000000800028DA] -> 0x00B5
[2813] [M]: 0x00000000800028D8 (0x00B51513) slli a0, a0, 11
x10 <- 0x000CCCCCCCCCC800
mem[X,0x00000000800028DC] -> 0x0513
mem[X,0x00000000800028DE] -> 0x4CC5
[2814] [M]: 0x00000000800028DC (0x4CC50513) addi a0, a0, 1228
x10 <- 0x000CCCCCCCCCCCCC
mem[X,0x00000000800028E0] -> 0x1513
mem[X,0x00000000800028E2] -> 0x00A5
[2815] [M]: 0x00000000800028E0 (0x00A51513) slli a0, a0, 10
x10 <- 0x3333333333333000
mem[X,0x00000000800028E4] -> 0x0513
mem[X,0x00000000800028E6] -> 0x3345
[2816] [M]: 0x00000000800028E4 (0x33450513) addi a0, a0, 820
x10 <- 0x3333333333333334
mem[X,0x00000000800028E8] -> 0x996D
[2817] [M]: 0x00000000800028E8 (0x996D) c.andi a0, 59
x10 <- 0x3333333333333330
mem[X,0x00000000800028EA] -> 0xB023
mem[X,0x00000000800028EC] -> 0x42A0
[2818] [M]: 0x00000000800028EA (0x42A0B023) sd a0, 1056(ra)
mem[0x0000000080006D38] <- 0x3333333333333330
mem[X,0x00000000800028EE] -> 0x3537
mem[X,0x00000000800028F0] -> 0x3333
[2819] [M]: 0x00000000800028EE (0x33333537) lui a0, 209715
x10 <- 0x0000000033333000
mem[X,0x00000000800028F2] -> 0x0513
mem[X,0x00000000800028F4] -> 0x3335
[2820] [M]: 0x00000000800028F2 (0x33350513) addi a0, a0, 819
x10 <- 0x0000000033333333
mem[X,0x00000000800028F6] -> 0x1513
mem[X,0x00000000800028F8] -> 0x00B5
[2821] [M]: 0x00000000800028F6 (0x00B51513) slli a0, a0, 11
x10 <- 0x0000019999999800
mem[X,0x00000000800028FA] -> 0x0513
mem[X,0x00000000800028FC] -> 0x1995
[2822] [M]: 0x00000000800028FA (0x19950513) addi a0, a0, 409
x10 <- 0x0000019999999999
mem[X,0x00000000800028FE] -> 0x1513
mem[X,0x0000000080002900] -> 0x00B5
[2823] [M]: 0x00000000800028FE (0x00B51513) slli a0, a0, 11
x10 <- 0x000CCCCCCCCCC800
mem[X,0x0000000080002902] -> 0x0513
mem[X,0x0000000080002904] -> 0x4CC5
[2824] [M]: 0x0000000080002902 (0x4CC50513) addi a0, a0, 1228
x10 <- 0x000CCCCCCCCCCCCC
mem[X,0x0000000080002906] -> 0x1513
mem[X,0x0000000080002908] -> 0x00A5
[2825] [M]: 0x0000000080002906 (0x00A51513) slli a0, a0, 10
x10 <- 0x3333333333333000
mem[X,0x000000008000290A] -> 0x0513
mem[X,0x000000008000290C] -> 0x3345
[2826] [M]: 0x000000008000290A (0x33450513) addi a0, a0, 820
x10 <- 0x3333333333333334
mem[X,0x000000008000290E] -> 0x8909
[2827] [M]: 0x000000008000290E (0x8909) c.andi a0, 2
x10 <- 0x0000000000000000
mem[X,0x0000000080002910] -> 0xB423
mem[X,0x0000000080002912] -> 0x42A0
[2828] [M]: 0x0000000080002910 (0x42A0B423) sd a0, 1064(ra)
mem[0x0000000080006D40] <- 0x0000000000000000
mem[X,0x0000000080002914] -> 0x3537
mem[X,0x0000000080002916] -> 0x3333
[2829] [M]: 0x0000000080002914 (0x33333537) lui a0, 209715
x10 <- 0x0000000033333000
mem[X,0x0000000080002918] -> 0x0513
mem[X,0x000000008000291A] -> 0x3335
[2830] [M]: 0x0000000080002918 (0x33350513) addi a0, a0, 819
x10 <- 0x0000000033333333
mem[X,0x000000008000291C] -> 0x1513
mem[X,0x000000008000291E] -> 0x00B5
[2831] [M]: 0x000000008000291C (0x00B51513) slli a0, a0, 11
x10 <- 0x0000019999999800
mem[X,0x0000000080002920] -> 0x0513
mem[X,0x0000000080002922] -> 0x1995
[2832] [M]: 0x0000000080002920 (0x19950513) addi a0, a0, 409
x10 <- 0x0000019999999999
mem[X,0x0000000080002924] -> 0x1513
mem[X,0x0000000080002926] -> 0x00B5
[2833] [M]: 0x0000000080002924 (0x00B51513) slli a0, a0, 11
x10 <- 0x000CCCCCCCCCC800
mem[X,0x0000000080002928] -> 0x0513
mem[X,0x000000008000292A] -> 0x4CC5
[2834] [M]: 0x0000000080002928 (0x4CC50513) addi a0, a0, 1228
x10 <- 0x000CCCCCCCCCCCCC
mem[X,0x000000008000292C] -> 0x1513
mem[X,0x000000008000292E] -> 0x00A5
[2835] [M]: 0x000000008000292C (0x00A51513) slli a0, a0, 10
x10 <- 0x3333333333333000
mem[X,0x0000000080002930] -> 0x0513
mem[X,0x0000000080002932] -> 0x3345
[2836] [M]: 0x0000000080002930 (0x33450513) addi a0, a0, 820
x10 <- 0x3333333333333334
mem[X,0x0000000080002934] -> 0x8911
[2837] [M]: 0x0000000080002934 (0x8911) c.andi a0, 4
x10 <- 0x0000000000000004
mem[X,0x0000000080002936] -> 0xB823
mem[X,0x0000000080002938] -> 0x42A0
[2838] [M]: 0x0000000080002936 (0x42A0B823) sd a0, 1072(ra)
mem[0x0000000080006D48] <- 0x0000000000000004
mem[X,0x000000008000293A] -> 0x3537
mem[X,0x000000008000293C] -> 0x3333
[2839] [M]: 0x000000008000293A (0x33333537) lui a0, 209715
x10 <- 0x0000000033333000
mem[X,0x000000008000293E] -> 0x0513
mem[X,0x0000000080002940] -> 0x3335
[2840] [M]: 0x000000008000293E (0x33350513) addi a0, a0, 819
x10 <- 0x0000000033333333
mem[X,0x0000000080002942] -> 0x1513
mem[X,0x0000000080002944] -> 0x00B5
[2841] [M]: 0x0000000080002942 (0x00B51513) slli a0, a0, 11
x10 <- 0x0000019999999800
mem[X,0x0000000080002946] -> 0x0513
mem[X,0x0000000080002948] -> 0x1995
[2842] [M]: 0x0000000080002946 (0x19950513) addi a0, a0, 409
x10 <- 0x0000019999999999
mem[X,0x000000008000294A] -> 0x1513
mem[X,0x000000008000294C] -> 0x00B5
[2843] [M]: 0x000000008000294A (0x00B51513) slli a0, a0, 11
x10 <- 0x000CCCCCCCCCC800
mem[X,0x000000008000294E] -> 0x0513
mem[X,0x0000000080002950] -> 0x4CC5
[2844] [M]: 0x000000008000294E (0x4CC50513) addi a0, a0, 1228
x10 <- 0x000CCCCCCCCCCCCC
mem[X,0x0000000080002952] -> 0x1513
mem[X,0x0000000080002954] -> 0x00A5
[2845] [M]: 0x0000000080002952 (0x00A51513) slli a0, a0, 10
x10 <- 0x3333333333333000
mem[X,0x0000000080002956] -> 0x0513
mem[X,0x0000000080002958] -> 0x3345
[2846] [M]: 0x0000000080002956 (0x33450513) addi a0, a0, 820
x10 <- 0x3333333333333334
mem[X,0x000000008000295A] -> 0x8925
[2847] [M]: 0x000000008000295A (0x8925) c.andi a0, 9
x10 <- 0x0000000000000000
mem[X,0x000000008000295C] -> 0xBC23
mem[X,0x000000008000295E] -> 0x42A0
[2848] [M]: 0x000000008000295C (0x42A0BC23) sd a0, 1080(ra)
mem[0x0000000080006D50] <- 0x0000000000000000
mem[X,0x0000000080002960] -> 0x3537
mem[X,0x0000000080002962] -> 0x3333
[2849] [M]: 0x0000000080002960 (0x33333537) lui a0, 209715
x10 <- 0x0000000033333000
mem[X,0x0000000080002964] -> 0x0513
mem[X,0x0000000080002966] -> 0x3335
[2850] [M]: 0x0000000080002964 (0x33350513) addi a0, a0, 819
x10 <- 0x0000000033333333
mem[X,0x0000000080002968] -> 0x1513
mem[X,0x000000008000296A] -> 0x00B5
[2851] [M]: 0x0000000080002968 (0x00B51513) slli a0, a0, 11
x10 <- 0x0000019999999800
mem[X,0x000000008000296C] -> 0x0513
mem[X,0x000000008000296E] -> 0x1995
[2852] [M]: 0x000000008000296C (0x19950513) addi a0, a0, 409
x10 <- 0x0000019999999999
mem[X,0x0000000080002970] -> 0x1513
mem[X,0x0000000080002972] -> 0x00B5
[2853] [M]: 0x0000000080002970 (0x00B51513) slli a0, a0, 11
x10 <- 0x000CCCCCCCCCC800
mem[X,0x0000000080002974] -> 0x0513
mem[X,0x0000000080002976] -> 0x4CC5
[2854] [M]: 0x0000000080002974 (0x4CC50513) addi a0, a0, 1228
x10 <- 0x000CCCCCCCCCCCCC
mem[X,0x0000000080002978] -> 0x1513
mem[X,0x000000008000297A] -> 0x00A5
[2855] [M]: 0x0000000080002978 (0x00A51513) slli a0, a0, 10
x10 <- 0x3333333333333000
mem[X,0x000000008000297C] -> 0x0513
mem[X,0x000000008000297E] -> 0x3345
[2856] [M]: 0x000000008000297C (0x33450513) addi a0, a0, 820
x10 <- 0x3333333333333334
mem[X,0x0000000080002980] -> 0x8901
[2857] [M]: 0x0000000080002980 (0x8901) c.andi a0, 0
x10 <- 0x0000000000000000
mem[X,0x0000000080002982] -> 0xB023
mem[X,0x0000000080002984] -> 0x44A0
[2858] [M]: 0x0000000080002982 (0x44A0B023) sd a0, 1088(ra)
mem[0x0000000080006D58] <- 0x0000000000000000
mem[X,0x0000000080002986] -> 0x3537
mem[X,0x0000000080002988] -> 0x3333
[2859] [M]: 0x0000000080002986 (0x33333537) lui a0, 209715
x10 <- 0x0000000033333000
mem[X,0x000000008000298A] -> 0x0513
mem[X,0x000000008000298C] -> 0x3335
[2860] [M]: 0x000000008000298A (0x33350513) addi a0, a0, 819
x10 <- 0x0000000033333333
mem[X,0x000000008000298E] -> 0x1513
mem[X,0x0000000080002990] -> 0x00B5
[2861] [M]: 0x000000008000298E (0x00B51513) slli a0, a0, 11
x10 <- 0x0000019999999800
mem[X,0x0000000080002992] -> 0x0513
mem[X,0x0000000080002994] -> 0x1995
[2862] [M]: 0x0000000080002992 (0x19950513) addi a0, a0, 409
x10 <- 0x0000019999999999
mem[X,0x0000000080002996] -> 0x1513
mem[X,0x0000000080002998] -> 0x00B5
[2863] [M]: 0x0000000080002996 (0x00B51513) slli a0, a0, 11
x10 <- 0x000CCCCCCCCCC800
mem[X,0x000000008000299A] -> 0x0513
mem[X,0x000000008000299C] -> 0x4CC5
[2864] [M]: 0x000000008000299A (0x4CC50513) addi a0, a0, 1228
x10 <- 0x000CCCCCCCCCCCCC
mem[X,0x000000008000299E] -> 0x1513
mem[X,0x00000000800029A0] -> 0x00A5
[2865] [M]: 0x000000008000299E (0x00A51513) slli a0, a0, 10
x10 <- 0x3333333333333000
mem[X,0x00000000800029A2] -> 0x0513
mem[X,0x00000000800029A4] -> 0x3345
[2866] [M]: 0x00000000800029A2 (0x33450513) addi a0, a0, 820
x10 <- 0x3333333333333334
mem[X,0x00000000800029A6] -> 0x892D
[2867] [M]: 0x00000000800029A6 (0x892D) c.andi a0, 11
x10 <- 0x0000000000000000
mem[X,0x00000000800029A8] -> 0xB423
mem[X,0x00000000800029AA] -> 0x44A0
[2868] [M]: 0x00000000800029A8 (0x44A0B423) sd a0, 1096(ra)
mem[0x0000000080006D60] <- 0x0000000000000000
mem[X,0x00000000800029AC] -> 0x3537
mem[X,0x00000000800029AE] -> 0x3333
[2869] [M]: 0x00000000800029AC (0x33333537) lui a0, 209715
x10 <- 0x0000000033333000
mem[X,0x00000000800029B0] -> 0x0513
mem[X,0x00000000800029B2] -> 0x3335
[2870] [M]: 0x00000000800029B0 (0x33350513) addi a0, a0, 819
x10 <- 0x0000000033333333
mem[X,0x00000000800029B4] -> 0x1513
mem[X,0x00000000800029B6] -> 0x00B5
[2871] [M]: 0x00000000800029B4 (0x00B51513) slli a0, a0, 11
x10 <- 0x0000019999999800
mem[X,0x00000000800029B8] -> 0x0513
mem[X,0x00000000800029BA] -> 0x1995
[2872] [M]: 0x00000000800029B8 (0x19950513) addi a0, a0, 409
x10 <- 0x0000019999999999
mem[X,0x00000000800029BC] -> 0x1513
mem[X,0x00000000800029BE] -> 0x00B5
[2873] [M]: 0x00000000800029BC (0x00B51513) slli a0, a0, 11
x10 <- 0x000CCCCCCCCCC800
mem[X,0x00000000800029C0] -> 0x0513
mem[X,0x00000000800029C2] -> 0x4CC5
[2874] [M]: 0x00000000800029C0 (0x4CC50513) addi a0, a0, 1228
x10 <- 0x000CCCCCCCCCCCCC
mem[X,0x00000000800029C4] -> 0x1513
mem[X,0x00000000800029C6] -> 0x00A5
[2875] [M]: 0x00000000800029C4 (0x00A51513) slli a0, a0, 10
x10 <- 0x3333333333333000
mem[X,0x00000000800029C8] -> 0x0513
mem[X,0x00000000800029CA] -> 0x3345
[2876] [M]: 0x00000000800029C8 (0x33450513) addi a0, a0, 820
x10 <- 0x3333333333333334
mem[X,0x00000000800029CC] -> 0x891D
[2877] [M]: 0x00000000800029CC (0x891D) c.andi a0, 7
x10 <- 0x0000000000000004
mem[X,0x00000000800029CE] -> 0xB823
mem[X,0x00000000800029D0] -> 0x44A0
[2878] [M]: 0x00000000800029CE (0x44A0B823) sd a0, 1104(ra)
mem[0x0000000080006D68] <- 0x0000000000000004
mem[X,0x00000000800029D2] -> 0x3537
mem[X,0x00000000800029D4] -> 0x3333
[2879] [M]: 0x00000000800029D2 (0x33333537) lui a0, 209715
x10 <- 0x0000000033333000
mem[X,0x00000000800029D6] -> 0x0513
mem[X,0x00000000800029D8] -> 0x3335
[2880] [M]: 0x00000000800029D6 (0x33350513) addi a0, a0, 819
x10 <- 0x0000000033333333
mem[X,0x00000000800029DA] -> 0x1513
mem[X,0x00000000800029DC] -> 0x00B5
[2881] [M]: 0x00000000800029DA (0x00B51513) slli a0, a0, 11
x10 <- 0x0000019999999800
mem[X,0x00000000800029DE] -> 0x0513
mem[X,0x00000000800029E0] -> 0x1995
[2882] [M]: 0x00000000800029DE (0x19950513) addi a0, a0, 409
x10 <- 0x0000019999999999
mem[X,0x00000000800029E2] -> 0x1513
mem[X,0x00000000800029E4] -> 0x00B5
[2883] [M]: 0x00000000800029E2 (0x00B51513) slli a0, a0, 11
x10 <- 0x000CCCCCCCCCC800
mem[X,0x00000000800029E6] -> 0x0513
mem[X,0x00000000800029E8] -> 0x4CC5
[2884] [M]: 0x00000000800029E6 (0x4CC50513) addi a0, a0, 1228
x10 <- 0x000CCCCCCCCCCCCC
mem[X,0x00000000800029EA] -> 0x1513
mem[X,0x00000000800029EC] -> 0x00A5
[2885] [M]: 0x00000000800029EA (0x00A51513) slli a0, a0, 10
x10 <- 0x3333333333333000
mem[X,0x00000000800029EE] -> 0x0513
mem[X,0x00000000800029F0] -> 0x3345
[2886] [M]: 0x00000000800029EE (0x33450513) addi a0, a0, 820
x10 <- 0x3333333333333334
mem[X,0x00000000800029F2] -> 0x997D
[2887] [M]: 0x00000000800029F2 (0x997D) c.andi a0, 63
x10 <- 0x3333333333333334
mem[X,0x00000000800029F4] -> 0xBC23
mem[X,0x00000000800029F6] -> 0x44A0
[2888] [M]: 0x00000000800029F4 (0x44A0BC23) sd a0, 1112(ra)
mem[0x0000000080006D70] <- 0x3333333333333334
mem[X,0x00000000800029F8] -> 0x3537
mem[X,0x00000000800029FA] -> 0x3333
[2889] [M]: 0x00000000800029F8 (0x33333537) lui a0, 209715
x10 <- 0x0000000033333000
mem[X,0x00000000800029FC] -> 0x0513
mem[X,0x00000000800029FE] -> 0x3335
[2890] [M]: 0x00000000800029FC (0x33350513) addi a0, a0, 819
x10 <- 0x0000000033333333
mem[X,0x0000000080002A00] -> 0x1513
mem[X,0x0000000080002A02] -> 0x00B5
[2891] [M]: 0x0000000080002A00 (0x00B51513) slli a0, a0, 11
x10 <- 0x0000019999999800
mem[X,0x0000000080002A04] -> 0x0513
mem[X,0x0000000080002A06] -> 0x1995
[2892] [M]: 0x0000000080002A04 (0x19950513) addi a0, a0, 409
x10 <- 0x0000019999999999
mem[X,0x0000000080002A08] -> 0x1513
mem[X,0x0000000080002A0A] -> 0x00B5
[2893] [M]: 0x0000000080002A08 (0x00B51513) slli a0, a0, 11
x10 <- 0x000CCCCCCCCCC800
mem[X,0x0000000080002A0C] -> 0x0513
mem[X,0x0000000080002A0E] -> 0x4CC5
[2894] [M]: 0x0000000080002A0C (0x4CC50513) addi a0, a0, 1228
x10 <- 0x000CCCCCCCCCCCCC
mem[X,0x0000000080002A10] -> 0x1513
mem[X,0x0000000080002A12] -> 0x00A5
[2895] [M]: 0x0000000080002A10 (0x00A51513) slli a0, a0, 10
x10 <- 0x3333333333333000
mem[X,0x0000000080002A14] -> 0x0513
mem[X,0x0000000080002A16] -> 0x3345
[2896] [M]: 0x0000000080002A14 (0x33450513) addi a0, a0, 820
x10 <- 0x3333333333333334
mem[X,0x0000000080002A18] -> 0x9971
[2897] [M]: 0x0000000080002A18 (0x9971) c.andi a0, 60
x10 <- 0x3333333333333334
mem[X,0x0000000080002A1A] -> 0xB023
mem[X,0x0000000080002A1C] -> 0x46A0
[2898] [M]: 0x0000000080002A1A (0x46A0B023) sd a0, 1120(ra)
mem[0x0000000080006D78] <- 0x3333333333333334
mem[X,0x0000000080002A1E] -> 0x6537
mem[X,0x0000000080002A20] -> 0x6666
[2899] [M]: 0x0000000080002A1E (0x66666537) lui a0, 419430
x10 <- 0x0000000066666000
clint::tick mtime <- 0x000000000000001D
 clint timer pending at mtime 0x000000000000001D
htif::tick 0x0000000000000000
mem[X,0x0000000080002A22] -> 0x0513
mem[X,0x0000000080002A24] -> 0x6665
[2900] [M]: 0x0000000080002A22 (0x66650513) addi a0, a0, 1638
x10 <- 0x0000000066666666
mem[X,0x0000000080002A26] -> 0x1513
mem[X,0x0000000080002A28] -> 0x00B5
[2901] [M]: 0x0000000080002A26 (0x00B51513) slli a0, a0, 11
x10 <- 0x0000033333333000
mem[X,0x0000000080002A2A] -> 0x0513
mem[X,0x0000000080002A2C] -> 0x3335
[2902] [M]: 0x0000000080002A2A (0x33350513) addi a0, a0, 819
x10 <- 0x0000033333333333
mem[X,0x0000000080002A2E] -> 0x1513
mem[X,0x0000000080002A30] -> 0x00B5
[2903] [M]: 0x0000000080002A2E (0x00B51513) slli a0, a0, 11
x10 <- 0x0019999999999800
mem[X,0x0000000080002A32] -> 0x0513
mem[X,0x0000000080002A34] -> 0x1995
[2904] [M]: 0x0000000080002A32 (0x19950513) addi a0, a0, 409
x10 <- 0x0019999999999999
mem[X,0x0000000080002A36] -> 0x1513
mem[X,0x0000000080002A38] -> 0x00A5
[2905] [M]: 0x0000000080002A36 (0x00A51513) slli a0, a0, 10
x10 <- 0x6666666666666400
mem[X,0x0000000080002A3A] -> 0x0513
mem[X,0x0000000080002A3C] -> 0x2675
[2906] [M]: 0x0000000080002A3A (0x26750513) addi a0, a0, 615
x10 <- 0x6666666666666667
mem[X,0x0000000080002A3E] -> 0x890D
[2907] [M]: 0x0000000080002A3E (0x890D) c.andi a0, 3
x10 <- 0x0000000000000003
mem[X,0x0000000080002A40] -> 0xB423
mem[X,0x0000000080002A42] -> 0x46A0
[2908] [M]: 0x0000000080002A40 (0x46A0B423) sd a0, 1128(ra)
mem[0x0000000080006D80] <- 0x0000000000000003
mem[X,0x0000000080002A44] -> 0x6537
mem[X,0x0000000080002A46] -> 0x6666
[2909] [M]: 0x0000000080002A44 (0x66666537) lui a0, 419430
x10 <- 0x0000000066666000
mem[X,0x0000000080002A48] -> 0x0513
mem[X,0x0000000080002A4A] -> 0x6665
[2910] [M]: 0x0000000080002A48 (0x66650513) addi a0, a0, 1638
x10 <- 0x0000000066666666
mem[X,0x0000000080002A4C] -> 0x1513
mem[X,0x0000000080002A4E] -> 0x00B5
[2911] [M]: 0x0000000080002A4C (0x00B51513) slli a0, a0, 11
x10 <- 0x0000033333333000
mem[X,0x0000000080002A50] -> 0x0513
mem[X,0x0000000080002A52] -> 0x3335
[2912] [M]: 0x0000000080002A50 (0x33350513) addi a0, a0, 819
x10 <- 0x0000033333333333
mem[X,0x0000000080002A54] -> 0x1513
mem[X,0x0000000080002A56] -> 0x00B5
[2913] [M]: 0x0000000080002A54 (0x00B51513) slli a0, a0, 11
x10 <- 0x0019999999999800
mem[X,0x0000000080002A58] -> 0x0513
mem[X,0x0000000080002A5A] -> 0x1995
[2914] [M]: 0x0000000080002A58 (0x19950513) addi a0, a0, 409
x10 <- 0x0019999999999999
mem[X,0x0000000080002A5C] -> 0x1513
mem[X,0x0000000080002A5E] -> 0x00A5
[2915] [M]: 0x0000000080002A5C (0x00A51513) slli a0, a0, 10
x10 <- 0x6666666666666400
mem[X,0x0000000080002A60] -> 0x0513
mem[X,0x0000000080002A62] -> 0x2675
[2916] [M]: 0x0000000080002A60 (0x26750513) addi a0, a0, 615
x10 <- 0x6666666666666667
mem[X,0x0000000080002A64] -> 0x8915
[2917] [M]: 0x0000000080002A64 (0x8915) c.andi a0, 5
x10 <- 0x0000000000000005
mem[X,0x0000000080002A66] -> 0xB823
mem[X,0x0000000080002A68] -> 0x46A0
[2918] [M]: 0x0000000080002A66 (0x46A0B823) sd a0, 1136(ra)
mem[0x0000000080006D88] <- 0x0000000000000005
mem[X,0x0000000080002A6A] -> 0x6537
mem[X,0x0000000080002A6C] -> 0x6666
[2919] [M]: 0x0000000080002A6A (0x66666537) lui a0, 419430
x10 <- 0x0000000066666000
mem[X,0x0000000080002A6E] -> 0x0513
mem[X,0x0000000080002A70] -> 0x6665
[2920] [M]: 0x0000000080002A6E (0x66650513) addi a0, a0, 1638
x10 <- 0x0000000066666666
mem[X,0x0000000080002A72] -> 0x1513
mem[X,0x0000000080002A74] -> 0x00B5
[2921] [M]: 0x0000000080002A72 (0x00B51513) slli a0, a0, 11
x10 <- 0x0000033333333000
mem[X,0x0000000080002A76] -> 0x0513
mem[X,0x0000000080002A78] -> 0x3335
[2922] [M]: 0x0000000080002A76 (0x33350513) addi a0, a0, 819
x10 <- 0x0000033333333333
mem[X,0x0000000080002A7A] -> 0x1513
mem[X,0x0000000080002A7C] -> 0x00B5
[2923] [M]: 0x0000000080002A7A (0x00B51513) slli a0, a0, 11
x10 <- 0x0019999999999800
mem[X,0x0000000080002A7E] -> 0x0513
mem[X,0x0000000080002A80] -> 0x1995
[2924] [M]: 0x0000000080002A7E (0x19950513) addi a0, a0, 409
x10 <- 0x0019999999999999
mem[X,0x0000000080002A82] -> 0x1513
mem[X,0x0000000080002A84] -> 0x00A5
[2925] [M]: 0x0000000080002A82 (0x00A51513) slli a0, a0, 10
x10 <- 0x6666666666666400
mem[X,0x0000000080002A86] -> 0x0513
mem[X,0x0000000080002A88] -> 0x2675
[2926] [M]: 0x0000000080002A86 (0x26750513) addi a0, a0, 615
x10 <- 0x6666666666666667
mem[X,0x0000000080002A8A] -> 0x8929
[2927] [M]: 0x0000000080002A8A (0x8929) c.andi a0, 10
x10 <- 0x0000000000000002
mem[X,0x0000000080002A8C] -> 0xBC23
mem[X,0x0000000080002A8E] -> 0x46A0
[2928] [M]: 0x0000000080002A8C (0x46A0BC23) sd a0, 1144(ra)
mem[0x0000000080006D90] <- 0x0000000000000002
mem[X,0x0000000080002A90] -> 0x6537
mem[X,0x0000000080002A92] -> 0x6666
[2929] [M]: 0x0000000080002A90 (0x66666537) lui a0, 419430
x10 <- 0x0000000066666000
mem[X,0x0000000080002A94] -> 0x0513
mem[X,0x0000000080002A96] -> 0x6665
[2930] [M]: 0x0000000080002A94 (0x66650513) addi a0, a0, 1638
x10 <- 0x0000000066666666
mem[X,0x0000000080002A98] -> 0x1513
mem[X,0x0000000080002A9A] -> 0x00B5
[2931] [M]: 0x0000000080002A98 (0x00B51513) slli a0, a0, 11
x10 <- 0x0000033333333000
mem[X,0x0000000080002A9C] -> 0x0513
mem[X,0x0000000080002A9E] -> 0x3335
[2932] [M]: 0x0000000080002A9C (0x33350513) addi a0, a0, 819
x10 <- 0x0000033333333333
mem[X,0x0000000080002AA0] -> 0x1513
mem[X,0x0000000080002AA2] -> 0x00B5
[2933] [M]: 0x0000000080002AA0 (0x00B51513) slli a0, a0, 11
x10 <- 0x0019999999999800
mem[X,0x0000000080002AA4] -> 0x0513
mem[X,0x0000000080002AA6] -> 0x1995
[2934] [M]: 0x0000000080002AA4 (0x19950513) addi a0, a0, 409
x10 <- 0x0019999999999999
mem[X,0x0000000080002AA8] -> 0x1513
mem[X,0x0000000080002AAA] -> 0x00A5
[2935] [M]: 0x0000000080002AA8 (0x00A51513) slli a0, a0, 10
x10 <- 0x6666666666666400
mem[X,0x0000000080002AAC] -> 0x0513
mem[X,0x0000000080002AAE] -> 0x2675
[2936] [M]: 0x0000000080002AAC (0x26750513) addi a0, a0, 615
x10 <- 0x6666666666666667
mem[X,0x0000000080002AB0] -> 0x8919
[2937] [M]: 0x0000000080002AB0 (0x8919) c.andi a0, 6
x10 <- 0x0000000000000006
mem[X,0x0000000080002AB2] -> 0xB023
mem[X,0x0000000080002AB4] -> 0x48A0
[2938] [M]: 0x0000000080002AB2 (0x48A0B023) sd a0, 1152(ra)
mem[0x0000000080006D98] <- 0x0000000000000006
mem[X,0x0000000080002AB6] -> 0x6537
mem[X,0x0000000080002AB8] -> 0x6666
[2939] [M]: 0x0000000080002AB6 (0x66666537) lui a0, 419430
x10 <- 0x0000000066666000
mem[X,0x0000000080002ABA] -> 0x0513
mem[X,0x0000000080002ABC] -> 0x6665
[2940] [M]: 0x0000000080002ABA (0x66650513) addi a0, a0, 1638
x10 <- 0x0000000066666666
mem[X,0x0000000080002ABE] -> 0x1513
mem[X,0x0000000080002AC0] -> 0x00B5
[2941] [M]: 0x0000000080002ABE (0x00B51513) slli a0, a0, 11
x10 <- 0x0000033333333000
mem[X,0x0000000080002AC2] -> 0x0513
mem[X,0x0000000080002AC4] -> 0x3335
[2942] [M]: 0x0000000080002AC2 (0x33350513) addi a0, a0, 819
x10 <- 0x0000033333333333
mem[X,0x0000000080002AC6] -> 0x1513
mem[X,0x0000000080002AC8] -> 0x00B5
[2943] [M]: 0x0000000080002AC6 (0x00B51513) slli a0, a0, 11
x10 <- 0x0019999999999800
mem[X,0x0000000080002ACA] -> 0x0513
mem[X,0x0000000080002ACC] -> 0x1995
[2944] [M]: 0x0000000080002ACA (0x19950513) addi a0, a0, 409
x10 <- 0x0019999999999999
mem[X,0x0000000080002ACE] -> 0x1513
mem[X,0x0000000080002AD0] -> 0x00A5
[2945] [M]: 0x0000000080002ACE (0x00A51513) slli a0, a0, 10
x10 <- 0x6666666666666400
mem[X,0x0000000080002AD2] -> 0x0513
mem[X,0x0000000080002AD4] -> 0x2675
[2946] [M]: 0x0000000080002AD2 (0x26750513) addi a0, a0, 615
x10 <- 0x6666666666666667
mem[X,0x0000000080002AD6] -> 0x9979
[2947] [M]: 0x0000000080002AD6 (0x9979) c.andi a0, 62
x10 <- 0x6666666666666666
mem[X,0x0000000080002AD8] -> 0xB423
mem[X,0x0000000080002ADA] -> 0x48A0
[2948] [M]: 0x0000000080002AD8 (0x48A0B423) sd a0, 1160(ra)
mem[0x0000000080006DA0] <- 0x6666666666666666
mem[X,0x0000000080002ADC] -> 0x6537
mem[X,0x0000000080002ADE] -> 0x6666
[2949] [M]: 0x0000000080002ADC (0x66666537) lui a0, 419430
x10 <- 0x0000000066666000
mem[X,0x0000000080002AE0] -> 0x0513
mem[X,0x0000000080002AE2] -> 0x6665
[2950] [M]: 0x0000000080002AE0 (0x66650513) addi a0, a0, 1638
x10 <- 0x0000000066666666
mem[X,0x0000000080002AE4] -> 0x1513
mem[X,0x0000000080002AE6] -> 0x00B5
[2951] [M]: 0x0000000080002AE4 (0x00B51513) slli a0, a0, 11
x10 <- 0x0000033333333000
mem[X,0x0000000080002AE8] -> 0x0513
mem[X,0x0000000080002AEA] -> 0x3335
[2952] [M]: 0x0000000080002AE8 (0x33350513) addi a0, a0, 819
x10 <- 0x0000033333333333
mem[X,0x0000000080002AEC] -> 0x1513
mem[X,0x0000000080002AEE] -> 0x00B5
[2953] [M]: 0x0000000080002AEC (0x00B51513) slli a0, a0, 11
x10 <- 0x0019999999999800
mem[X,0x0000000080002AF0] -> 0x0513
mem[X,0x0000000080002AF2] -> 0x1995
[2954] [M]: 0x0000000080002AF0 (0x19950513) addi a0, a0, 409
x10 <- 0x0019999999999999
mem[X,0x0000000080002AF4] -> 0x1513
mem[X,0x0000000080002AF6] -> 0x00A5
[2955] [M]: 0x0000000080002AF4 (0x00A51513) slli a0, a0, 10
x10 <- 0x6666666666666400
mem[X,0x0000000080002AF8] -> 0x0513
mem[X,0x0000000080002AFA] -> 0x2675
[2956] [M]: 0x0000000080002AF8 (0x26750513) addi a0, a0, 615
x10 <- 0x6666666666666667
mem[X,0x0000000080002AFC] -> 0x996D
[2957] [M]: 0x0000000080002AFC (0x996D) c.andi a0, 59
x10 <- 0x6666666666666663
mem[X,0x0000000080002AFE] -> 0xB823
mem[X,0x0000000080002B00] -> 0x48A0
[2958] [M]: 0x0000000080002AFE (0x48A0B823) sd a0, 1168(ra)
mem[0x0000000080006DA8] <- 0x6666666666666663
mem[X,0x0000000080002B02] -> 0x6537
mem[X,0x0000000080002B04] -> 0x6666
[2959] [M]: 0x0000000080002B02 (0x66666537) lui a0, 419430
x10 <- 0x0000000066666000
mem[X,0x0000000080002B06] -> 0x0513
mem[X,0x0000000080002B08] -> 0x6665
[2960] [M]: 0x0000000080002B06 (0x66650513) addi a0, a0, 1638
x10 <- 0x0000000066666666
mem[X,0x0000000080002B0A] -> 0x1513
mem[X,0x0000000080002B0C] -> 0x00B5
[2961] [M]: 0x0000000080002B0A (0x00B51513) slli a0, a0, 11
x10 <- 0x0000033333333000
mem[X,0x0000000080002B0E] -> 0x0513
mem[X,0x0000000080002B10] -> 0x3335
[2962] [M]: 0x0000000080002B0E (0x33350513) addi a0, a0, 819
x10 <- 0x0000033333333333
mem[X,0x0000000080002B12] -> 0x1513
mem[X,0x0000000080002B14] -> 0x00B5
[2963] [M]: 0x0000000080002B12 (0x00B51513) slli a0, a0, 11
x10 <- 0x0019999999999800
mem[X,0x0000000080002B16] -> 0x0513
mem[X,0x0000000080002B18] -> 0x1995
[2964] [M]: 0x0000000080002B16 (0x19950513) addi a0, a0, 409
x10 <- 0x0019999999999999
mem[X,0x0000000080002B1A] -> 0x1513
mem[X,0x0000000080002B1C] -> 0x00A5
[2965] [M]: 0x0000000080002B1A (0x00A51513) slli a0, a0, 10
x10 <- 0x6666666666666400
mem[X,0x0000000080002B1E] -> 0x0513
mem[X,0x0000000080002B20] -> 0x2675
[2966] [M]: 0x0000000080002B1E (0x26750513) addi a0, a0, 615
x10 <- 0x6666666666666667
mem[X,0x0000000080002B22] -> 0x8909
[2967] [M]: 0x0000000080002B22 (0x8909) c.andi a0, 2
x10 <- 0x0000000000000002
mem[X,0x0000000080002B24] -> 0xBC23
mem[X,0x0000000080002B26] -> 0x48A0
[2968] [M]: 0x0000000080002B24 (0x48A0BC23) sd a0, 1176(ra)
mem[0x0000000080006DB0] <- 0x0000000000000002
mem[X,0x0000000080002B28] -> 0x6537
mem[X,0x0000000080002B2A] -> 0x6666
[2969] [M]: 0x0000000080002B28 (0x66666537) lui a0, 419430
x10 <- 0x0000000066666000
mem[X,0x0000000080002B2C] -> 0x0513
mem[X,0x0000000080002B2E] -> 0x6665
[2970] [M]: 0x0000000080002B2C (0x66650513) addi a0, a0, 1638
x10 <- 0x0000000066666666
mem[X,0x0000000080002B30] -> 0x1513
mem[X,0x0000000080002B32] -> 0x00B5
[2971] [M]: 0x0000000080002B30 (0x00B51513) slli a0, a0, 11
x10 <- 0x0000033333333000
mem[X,0x0000000080002B34] -> 0x0513
mem[X,0x0000000080002B36] -> 0x3335
[2972] [M]: 0x0000000080002B34 (0x33350513) addi a0, a0, 819
x10 <- 0x0000033333333333
mem[X,0x0000000080002B38] -> 0x1513
mem[X,0x0000000080002B3A] -> 0x00B5
[2973] [M]: 0x0000000080002B38 (0x00B51513) slli a0, a0, 11
x10 <- 0x0019999999999800
mem[X,0x0000000080002B3C] -> 0x0513
mem[X,0x0000000080002B3E] -> 0x1995
[2974] [M]: 0x0000000080002B3C (0x19950513) addi a0, a0, 409
x10 <- 0x0019999999999999
mem[X,0x0000000080002B40] -> 0x1513
mem[X,0x0000000080002B42] -> 0x00A5
[2975] [M]: 0x0000000080002B40 (0x00A51513) slli a0, a0, 10
x10 <- 0x6666666666666400
mem[X,0x0000000080002B44] -> 0x0513
mem[X,0x0000000080002B46] -> 0x2675
[2976] [M]: 0x0000000080002B44 (0x26750513) addi a0, a0, 615
x10 <- 0x6666666666666667
mem[X,0x0000000080002B48] -> 0x8911
[2977] [M]: 0x0000000080002B48 (0x8911) c.andi a0, 4
x10 <- 0x0000000000000004
mem[X,0x0000000080002B4A] -> 0xB023
mem[X,0x0000000080002B4C] -> 0x4AA0
[2978] [M]: 0x0000000080002B4A (0x4AA0B023) sd a0, 1184(ra)
mem[0x0000000080006DB8] <- 0x0000000000000004
mem[X,0x0000000080002B4E] -> 0x6537
mem[X,0x0000000080002B50] -> 0x6666
[2979] [M]: 0x0000000080002B4E (0x66666537) lui a0, 419430
x10 <- 0x0000000066666000
mem[X,0x0000000080002B52] -> 0x0513
mem[X,0x0000000080002B54] -> 0x6665
[2980] [M]: 0x0000000080002B52 (0x66650513) addi a0, a0, 1638
x10 <- 0x0000000066666666
mem[X,0x0000000080002B56] -> 0x1513
mem[X,0x0000000080002B58] -> 0x00B5
[2981] [M]: 0x0000000080002B56 (0x00B51513) slli a0, a0, 11
x10 <- 0x0000033333333000
mem[X,0x0000000080002B5A] -> 0x0513
mem[X,0x0000000080002B5C] -> 0x3335
[2982] [M]: 0x0000000080002B5A (0x33350513) addi a0, a0, 819
x10 <- 0x0000033333333333
mem[X,0x0000000080002B5E] -> 0x1513
mem[X,0x0000000080002B60] -> 0x00B5
[2983] [M]: 0x0000000080002B5E (0x00B51513) slli a0, a0, 11
x10 <- 0x0019999999999800
mem[X,0x0000000080002B62] -> 0x0513
mem[X,0x0000000080002B64] -> 0x1995
[2984] [M]: 0x0000000080002B62 (0x19950513) addi a0, a0, 409
x10 <- 0x0019999999999999
mem[X,0x0000000080002B66] -> 0x1513
mem[X,0x0000000080002B68] -> 0x00A5
[2985] [M]: 0x0000000080002B66 (0x00A51513) slli a0, a0, 10
x10 <- 0x6666666666666400
mem[X,0x0000000080002B6A] -> 0x0513
mem[X,0x0000000080002B6C] -> 0x2675
[2986] [M]: 0x0000000080002B6A (0x26750513) addi a0, a0, 615
x10 <- 0x6666666666666667
mem[X,0x0000000080002B6E] -> 0x8925
[2987] [M]: 0x0000000080002B6E (0x8925) c.andi a0, 9
x10 <- 0x0000000000000001
mem[X,0x0000000080002B70] -> 0xB423
mem[X,0x0000000080002B72] -> 0x4AA0
[2988] [M]: 0x0000000080002B70 (0x4AA0B423) sd a0, 1192(ra)
mem[0x0000000080006DC0] <- 0x0000000000000001
mem[X,0x0000000080002B74] -> 0x6537
mem[X,0x0000000080002B76] -> 0x6666
[2989] [M]: 0x0000000080002B74 (0x66666537) lui a0, 419430
x10 <- 0x0000000066666000
mem[X,0x0000000080002B78] -> 0x0513
mem[X,0x0000000080002B7A] -> 0x6665
[2990] [M]: 0x0000000080002B78 (0x66650513) addi a0, a0, 1638
x10 <- 0x0000000066666666
mem[X,0x0000000080002B7C] -> 0x1513
mem[X,0x0000000080002B7E] -> 0x00B5
[2991] [M]: 0x0000000080002B7C (0x00B51513) slli a0, a0, 11
x10 <- 0x0000033333333000
mem[X,0x0000000080002B80] -> 0x0513
mem[X,0x0000000080002B82] -> 0x3335
[2992] [M]: 0x0000000080002B80 (0x33350513) addi a0, a0, 819
x10 <- 0x0000033333333333
mem[X,0x0000000080002B84] -> 0x1513
mem[X,0x0000000080002B86] -> 0x00B5
[2993] [M]: 0x0000000080002B84 (0x00B51513) slli a0, a0, 11
x10 <- 0x0019999999999800
mem[X,0x0000000080002B88] -> 0x0513
mem[X,0x0000000080002B8A] -> 0x1995
[2994] [M]: 0x0000000080002B88 (0x19950513) addi a0, a0, 409
x10 <- 0x0019999999999999
mem[X,0x0000000080002B8C] -> 0x1513
mem[X,0x0000000080002B8E] -> 0x00A5
[2995] [M]: 0x0000000080002B8C (0x00A51513) slli a0, a0, 10
x10 <- 0x6666666666666400
mem[X,0x0000000080002B90] -> 0x0513
mem[X,0x0000000080002B92] -> 0x2675
[2996] [M]: 0x0000000080002B90 (0x26750513) addi a0, a0, 615
x10 <- 0x6666666666666667
mem[X,0x0000000080002B94] -> 0x8901
[2997] [M]: 0x0000000080002B94 (0x8901) c.andi a0, 0
x10 <- 0x0000000000000000
mem[X,0x0000000080002B96] -> 0xB823
mem[X,0x0000000080002B98] -> 0x4AA0
[2998] [M]: 0x0000000080002B96 (0x4AA0B823) sd a0, 1200(ra)
mem[0x0000000080006DC8] <- 0x0000000000000000
mem[X,0x0000000080002B9A] -> 0x6537
mem[X,0x0000000080002B9C] -> 0x6666
[2999] [M]: 0x0000000080002B9A (0x66666537) lui a0, 419430
x10 <- 0x0000000066666000
clint::tick mtime <- 0x000000000000001E
 clint timer pending at mtime 0x000000000000001E
htif::tick 0x0000000000000000
mem[X,0x0000000080002B9E] -> 0x0513
mem[X,0x0000000080002BA0] -> 0x6665
[3000] [M]: 0x0000000080002B9E (0x66650513) addi a0, a0, 1638
x10 <- 0x0000000066666666
mem[X,0x0000000080002BA2] -> 0x1513
mem[X,0x0000000080002BA4] -> 0x00B5
[3001] [M]: 0x0000000080002BA2 (0x00B51513) slli a0, a0, 11
x10 <- 0x0000033333333000
mem[X,0x0000000080002BA6] -> 0x0513
mem[X,0x0000000080002BA8] -> 0x3335
[3002] [M]: 0x0000000080002BA6 (0x33350513) addi a0, a0, 819
x10 <- 0x0000033333333333
mem[X,0x0000000080002BAA] -> 0x1513
mem[X,0x0000000080002BAC] -> 0x00B5
[3003] [M]: 0x0000000080002BAA (0x00B51513) slli a0, a0, 11
x10 <- 0x0019999999999800
mem[X,0x0000000080002BAE] -> 0x0513
mem[X,0x0000000080002BB0] -> 0x1995
[3004] [M]: 0x0000000080002BAE (0x19950513) addi a0, a0, 409
x10 <- 0x0019999999999999
mem[X,0x0000000080002BB2] -> 0x1513
mem[X,0x0000000080002BB4] -> 0x00A5
[3005] [M]: 0x0000000080002BB2 (0x00A51513) slli a0, a0, 10
x10 <- 0x6666666666666400
mem[X,0x0000000080002BB6] -> 0x0513
mem[X,0x0000000080002BB8] -> 0x2675
[3006] [M]: 0x0000000080002BB6 (0x26750513) addi a0, a0, 615
x10 <- 0x6666666666666667
mem[X,0x0000000080002BBA] -> 0x892D
[3007] [M]: 0x0000000080002BBA (0x892D) c.andi a0, 11
x10 <- 0x0000000000000003
mem[X,0x0000000080002BBC] -> 0xBC23
mem[X,0x0000000080002BBE] -> 0x4AA0
[3008] [M]: 0x0000000080002BBC (0x4AA0BC23) sd a0, 1208(ra)
mem[0x0000000080006DD0] <- 0x0000000000000003
mem[X,0x0000000080002BC0] -> 0x0537
mem[X,0x0000000080002BC2] -> 0x0000
[3009] [M]: 0x0000000080002BC0 (0x00000537) lui a0, 0
x10 <- 0x0000000000000000
mem[X,0x0000000080002BC4] -> 0x0513
mem[X,0x0000000080002BC6] -> 0xFFF5
[3010] [M]: 0x0000000080002BC4 (0xFFF50513) addi a0, a0, 4095
x10 <- 0xFFFFFFFFFFFFFFFF
mem[X,0x0000000080002BC8] -> 0x1513
mem[X,0x0000000080002BCA] -> 0x00B5
[3011] [M]: 0x0000000080002BC8 (0x00B51513) slli a0, a0, 11
x10 <- 0xFFFFFFFFFFFFF800
mem[X,0x0000000080002BCC] -> 0x0513
mem[X,0x0000000080002BCE] -> 0x2575
[3012] [M]: 0x0000000080002BCC (0x25750513) addi a0, a0, 599
x10 <- 0xFFFFFFFFFFFFFA57
mem[X,0x0000000080002BD0] -> 0x1513
mem[X,0x0000000080002BD2] -> 0x00B5
[3013] [M]: 0x0000000080002BD0 (0x00B51513) slli a0, a0, 11
x10 <- 0xFFFFFFFFFFD2B800
mem[X,0x0000000080002BD4] -> 0x0513
mem[X,0x0000000080002BD6] -> 0x6C35
[3014] [M]: 0x0000000080002BD4 (0x6C350513) addi a0, a0, 1731
x10 <- 0xFFFFFFFFFFD2BEC3
mem[X,0x0000000080002BD8] -> 0x1513
mem[X,0x0000000080002BDA] -> 0x00A5
[3015] [M]: 0x0000000080002BD8 (0x00A51513) slli a0, a0, 10
x10 <- 0xFFFFFFFF4AFB0C00
mem[X,0x0000000080002BDC] -> 0x0513
mem[X,0x0000000080002BDE] -> 0x0CE5
[3016] [M]: 0x0000000080002BDC (0x0CE50513) addi a0, a0, 206
x10 <- 0xFFFFFFFF4AFB0CCE
mem[X,0x0000000080002BE0] -> 0x997D
[3017] [M]: 0x0000000080002BE0 (0x997D) c.andi a0, 63
x10 <- 0xFFFFFFFF4AFB0CCE
mem[X,0x0000000080002BE2] -> 0xB023
mem[X,0x0000000080002BE4] -> 0x4CA0
[3018] [M]: 0x0000000080002BE2 (0x4CA0B023) sd a0, 1216(ra)
mem[0x0000000080006DD8] <- 0xFFFFFFFF4AFB0CCE
mem[X,0x0000000080002BE6] -> 0x0537
mem[X,0x0000000080002BE8] -> 0x0000
[3019] [M]: 0x0000000080002BE6 (0x00000537) lui a0, 0
x10 <- 0x0000000000000000
mem[X,0x0000000080002BEA] -> 0x0513
mem[X,0x0000000080002BEC] -> 0xFFF5
[3020] [M]: 0x0000000080002BEA (0xFFF50513) addi a0, a0, 4095
x10 <- 0xFFFFFFFFFFFFFFFF
mem[X,0x0000000080002BEE] -> 0x1513
mem[X,0x0000000080002BF0] -> 0x00B5
[3021] [M]: 0x0000000080002BEE (0x00B51513) slli a0, a0, 11
x10 <- 0xFFFFFFFFFFFFF800
mem[X,0x0000000080002BF2] -> 0x0513
mem[X,0x0000000080002BF4] -> 0x2575
[3022] [M]: 0x0000000080002BF2 (0x25750513) addi a0, a0, 599
x10 <- 0xFFFFFFFFFFFFFA57
mem[X,0x0000000080002BF6] -> 0x1513
mem[X,0x0000000080002BF8] -> 0x00B5
[3023] [M]: 0x0000000080002BF6 (0x00B51513) slli a0, a0, 11
x10 <- 0xFFFFFFFFFFD2B800
mem[X,0x0000000080002BFA] -> 0x0513
mem[X,0x0000000080002BFC] -> 0x6C35
[3024] [M]: 0x0000000080002BFA (0x6C350513) addi a0, a0, 1731
x10 <- 0xFFFFFFFFFFD2BEC3
mem[X,0x0000000080002BFE] -> 0x1513
mem[X,0x0000000080002C00] -> 0x00A5
[3025] [M]: 0x0000000080002BFE (0x00A51513) slli a0, a0, 10
x10 <- 0xFFFFFFFF4AFB0C00
mem[X,0x0000000080002C02] -> 0x0513
mem[X,0x0000000080002C04] -> 0x0CE5
[3026] [M]: 0x0000000080002C02 (0x0CE50513) addi a0, a0, 206
x10 <- 0xFFFFFFFF4AFB0CCE
mem[X,0x0000000080002C06] -> 0x9971
[3027] [M]: 0x0000000080002C06 (0x9971) c.andi a0, 60
x10 <- 0xFFFFFFFF4AFB0CCC
mem[X,0x0000000080002C08] -> 0xB423
mem[X,0x0000000080002C0A] -> 0x4CA0
[3028] [M]: 0x0000000080002C08 (0x4CA0B423) sd a0, 1224(ra)
mem[0x0000000080006DE0] <- 0xFFFFFFFF4AFB0CCC
mem[X,0x0000000080002C0C] -> 0x0537
mem[X,0x0000000080002C0E] -> 0x0000
[3029] [M]: 0x0000000080002C0C (0x00000537) lui a0, 0
x10 <- 0x0000000000000000
mem[X,0x0000000080002C10] -> 0x0513
mem[X,0x0000000080002C12] -> 0x0005
[3030] [M]: 0x0000000080002C10 (0x00050513) addi a0, a0, 0
x10 <- 0x0000000000000000
mem[X,0x0000000080002C14] -> 0x1513
mem[X,0x0000000080002C16] -> 0x00B5
[3031] [M]: 0x0000000080002C14 (0x00B51513) slli a0, a0, 11
x10 <- 0x0000000000000000
mem[X,0x0000000080002C18] -> 0x0513
mem[X,0x0000000080002C1A] -> 0x5A85
[3032] [M]: 0x0000000080002C18 (0x5A850513) addi a0, a0, 1448
x10 <- 0x00000000000005A8
mem[X,0x0000000080002C1C] -> 0x1513
mem[X,0x0000000080002C1E] -> 0x00B5
[3033] [M]: 0x0000000080002C1C (0x00B51513) slli a0, a0, 11
x10 <- 0x00000000002D4000
mem[X,0x0000000080002C20] -> 0x0513
mem[X,0x0000000080002C22] -> 0x13C5
[3034] [M]: 0x0000000080002C20 (0x13C50513) addi a0, a0, 316
x10 <- 0x00000000002D413C
mem[X,0x0000000080002C24] -> 0x1513
mem[X,0x0000000080002C26] -> 0x00A5
[3035] [M]: 0x0000000080002C24 (0x00A51513) slli a0, a0, 10
x10 <- 0x00000000B504F000
mem[X,0x0000000080002C28] -> 0x0513
mem[X,0x0000000080002C2A] -> 0x3345
[3036] [M]: 0x0000000080002C28 (0x33450513) addi a0, a0, 820
x10 <- 0x00000000B504F334
mem[X,0x0000000080002C2C] -> 0x890D
[3037] [M]: 0x0000000080002C2C (0x890D) c.andi a0, 3
x10 <- 0x0000000000000000
mem[X,0x0000000080002C2E] -> 0xB823
mem[X,0x0000000080002C30] -> 0x4CA0
[3038] [M]: 0x0000000080002C2E (0x4CA0B823) sd a0, 1232(ra)
mem[0x0000000080006DE8] <- 0x0000000000000000
mem[X,0x0000000080002C32] -> 0x0537
mem[X,0x0000000080002C34] -> 0x0000
[3039] [M]: 0x0000000080002C32 (0x00000537) lui a0, 0
x10 <- 0x0000000000000000
mem[X,0x0000000080002C36] -> 0x0513
mem[X,0x0000000080002C38] -> 0x0005
[3040] [M]: 0x0000000080002C36 (0x00050513) addi a0, a0, 0
x10 <- 0x0000000000000000
mem[X,0x0000000080002C3A] -> 0x1513
mem[X,0x0000000080002C3C] -> 0x00B5
[3041] [M]: 0x0000000080002C3A (0x00B51513) slli a0, a0, 11
x10 <- 0x0000000000000000
mem[X,0x0000000080002C3E] -> 0x0513
mem[X,0x0000000080002C40] -> 0x5A85
[3042] [M]: 0x0000000080002C3E (0x5A850513) addi a0, a0, 1448
x10 <- 0x00000000000005A8
mem[X,0x0000000080002C42] -> 0x1513
mem[X,0x0000000080002C44] -> 0x00B5
[3043] [M]: 0x0000000080002C42 (0x00B51513) slli a0, a0, 11
x10 <- 0x00000000002D4000
mem[X,0x0000000080002C46] -> 0x0513
mem[X,0x0000000080002C48] -> 0x13C5
[3044] [M]: 0x0000000080002C46 (0x13C50513) addi a0, a0, 316
x10 <- 0x00000000002D413C
mem[X,0x0000000080002C4A] -> 0x1513
mem[X,0x0000000080002C4C] -> 0x00A5
[3045] [M]: 0x0000000080002C4A (0x00A51513) slli a0, a0, 10
x10 <- 0x00000000B504F000
mem[X,0x0000000080002C4E] -> 0x0513
mem[X,0x0000000080002C50] -> 0x3345
[3046] [M]: 0x0000000080002C4E (0x33450513) addi a0, a0, 820
x10 <- 0x00000000B504F334
mem[X,0x0000000080002C52] -> 0x8915
[3047] [M]: 0x0000000080002C52 (0x8915) c.andi a0, 5
x10 <- 0x0000000000000004
mem[X,0x0000000080002C54] -> 0xBC23
mem[X,0x0000000080002C56] -> 0x4CA0
[3048] [M]: 0x0000000080002C54 (0x4CA0BC23) sd a0, 1240(ra)
mem[0x0000000080006DF0] <- 0x0000000000000004
mem[X,0x0000000080002C58] -> 0x0537
mem[X,0x0000000080002C5A] -> 0x0000
[3049] [M]: 0x0000000080002C58 (0x00000537) lui a0, 0
x10 <- 0x0000000000000000
mem[X,0x0000000080002C5C] -> 0x0513
mem[X,0x0000000080002C5E] -> 0x0005
[3050] [M]: 0x0000000080002C5C (0x00050513) addi a0, a0, 0
x10 <- 0x0000000000000000
mem[X,0x0000000080002C60] -> 0x1513
mem[X,0x0000000080002C62] -> 0x00B5
[3051] [M]: 0x0000000080002C60 (0x00B51513) slli a0, a0, 11
x10 <- 0x0000000000000000
mem[X,0x0000000080002C64] -> 0x0513
mem[X,0x0000000080002C66] -> 0x5A85
[3052] [M]: 0x0000000080002C64 (0x5A850513) addi a0, a0, 1448
x10 <- 0x00000000000005A8
mem[X,0x0000000080002C68] -> 0x1513
mem[X,0x0000000080002C6A] -> 0x00B5
[3053] [M]: 0x0000000080002C68 (0x00B51513) slli a0, a0, 11
x10 <- 0x00000000002D4000
mem[X,0x0000000080002C6C] -> 0x0513
mem[X,0x0000000080002C6E] -> 0x13C5
[3054] [M]: 0x0000000080002C6C (0x13C50513) addi a0, a0, 316
x10 <- 0x00000000002D413C
mem[X,0x0000000080002C70] -> 0x1513
mem[X,0x0000000080002C72] -> 0x00A5
[3055] [M]: 0x0000000080002C70 (0x00A51513) slli a0, a0, 10
x10 <- 0x00000000B504F000
mem[X,0x0000000080002C74] -> 0x0513
mem[X,0x0000000080002C76] -> 0x3345
[3056] [M]: 0x0000000080002C74 (0x33450513) addi a0, a0, 820
x10 <- 0x00000000B504F334
mem[X,0x0000000080002C78] -> 0x8929
[3057] [M]: 0x0000000080002C78 (0x8929) c.andi a0, 10
x10 <- 0x0000000000000000
mem[X,0x0000000080002C7A] -> 0xB023
mem[X,0x0000000080002C7C] -> 0x4EA0
[3058] [M]: 0x0000000080002C7A (0x4EA0B023) sd a0, 1248(ra)
mem[0x0000000080006DF8] <- 0x0000000000000000
mem[X,0x0000000080002C7E] -> 0x0537
mem[X,0x0000000080002C80] -> 0x0000
[3059] [M]: 0x0000000080002C7E (0x00000537) lui a0, 0
x10 <- 0x0000000000000000
mem[X,0x0000000080002C82] -> 0x0513
mem[X,0x0000000080002C84] -> 0x0005
[3060] [M]: 0x0000000080002C82 (0x00050513) addi a0, a0, 0
x10 <- 0x0000000000000000
mem[X,0x0000000080002C86] -> 0x1513
mem[X,0x0000000080002C88] -> 0x00B5
[3061] [M]: 0x0000000080002C86 (0x00B51513) slli a0, a0, 11
x10 <- 0x0000000000000000
mem[X,0x0000000080002C8A] -> 0x0513
mem[X,0x0000000080002C8C] -> 0x5A85
[3062] [M]: 0x0000000080002C8A (0x5A850513) addi a0, a0, 1448
x10 <- 0x00000000000005A8
mem[X,0x0000000080002C8E] -> 0x1513
mem[X,0x0000000080002C90] -> 0x00B5
[3063] [M]: 0x0000000080002C8E (0x00B51513) slli a0, a0, 11
x10 <- 0x00000000002D4000
mem[X,0x0000000080002C92] -> 0x0513
mem[X,0x0000000080002C94] -> 0x13C5
[3064] [M]: 0x0000000080002C92 (0x13C50513) addi a0, a0, 316
x10 <- 0x00000000002D413C
mem[X,0x0000000080002C96] -> 0x1513
mem[X,0x0000000080002C98] -> 0x00A5
[3065] [M]: 0x0000000080002C96 (0x00A51513) slli a0, a0, 10
x10 <- 0x00000000B504F000
mem[X,0x0000000080002C9A] -> 0x0513
mem[X,0x0000000080002C9C] -> 0x3345
[3066] [M]: 0x0000000080002C9A (0x33450513) addi a0, a0, 820
x10 <- 0x00000000B504F334
mem[X,0x0000000080002C9E] -> 0x8919
[3067] [M]: 0x0000000080002C9E (0x8919) c.andi a0, 6
x10 <- 0x0000000000000004
mem[X,0x0000000080002CA0] -> 0xB423
mem[X,0x0000000080002CA2] -> 0x4EA0
[3068] [M]: 0x0000000080002CA0 (0x4EA0B423) sd a0, 1256(ra)
mem[0x0000000080006E00] <- 0x0000000000000004
mem[X,0x0000000080002CA4] -> 0x0537
mem[X,0x0000000080002CA6] -> 0x0000
[3069] [M]: 0x0000000080002CA4 (0x00000537) lui a0, 0
x10 <- 0x0000000000000000
mem[X,0x0000000080002CA8] -> 0x0513
mem[X,0x0000000080002CAA] -> 0x0005
[3070] [M]: 0x0000000080002CA8 (0x00050513) addi a0, a0, 0
x10 <- 0x0000000000000000
mem[X,0x0000000080002CAC] -> 0x1513
mem[X,0x0000000080002CAE] -> 0x00B5
[3071] [M]: 0x0000000080002CAC (0x00B51513) slli a0, a0, 11
x10 <- 0x0000000000000000
mem[X,0x0000000080002CB0] -> 0x0513
mem[X,0x0000000080002CB2] -> 0x5A85
[3072] [M]: 0x0000000080002CB0 (0x5A850513) addi a0, a0, 1448
x10 <- 0x00000000000005A8
mem[X,0x0000000080002CB4] -> 0x1513
mem[X,0x0000000080002CB6] -> 0x00B5
[3073] [M]: 0x0000000080002CB4 (0x00B51513) slli a0, a0, 11
x10 <- 0x00000000002D4000
mem[X,0x0000000080002CB8] -> 0x0513
mem[X,0x0000000080002CBA] -> 0x13C5
[3074] [M]: 0x0000000080002CB8 (0x13C50513) addi a0, a0, 316
x10 <- 0x00000000002D413C
mem[X,0x0000000080002CBC] -> 0x1513
mem[X,0x0000000080002CBE] -> 0x00A5
[3075] [M]: 0x0000000080002CBC (0x00A51513) slli a0, a0, 10
x10 <- 0x00000000B504F000
mem[X,0x0000000080002CC0] -> 0x0513
mem[X,0x0000000080002CC2] -> 0x3345
[3076] [M]: 0x0000000080002CC0 (0x33450513) addi a0, a0, 820
x10 <- 0x00000000B504F334
mem[X,0x0000000080002CC4] -> 0x9979
[3077] [M]: 0x0000000080002CC4 (0x9979) c.andi a0, 62
x10 <- 0x00000000B504F334
mem[X,0x0000000080002CC6] -> 0xB823
mem[X,0x0000000080002CC8] -> 0x4EA0
[3078] [M]: 0x0000000080002CC6 (0x4EA0B823) sd a0, 1264(ra)
mem[0x0000000080006E08] <- 0x00000000B504F334
mem[X,0x0000000080002CCA] -> 0x0537
mem[X,0x0000000080002CCC] -> 0x0000
[3079] [M]: 0x0000000080002CCA (0x00000537) lui a0, 0
x10 <- 0x0000000000000000
mem[X,0x0000000080002CCE] -> 0x0513
mem[X,0x0000000080002CD0] -> 0x0005
[3080] [M]: 0x0000000080002CCE (0x00050513) addi a0, a0, 0
x10 <- 0x0000000000000000
mem[X,0x0000000080002CD2] -> 0x1513
mem[X,0x0000000080002CD4] -> 0x00B5
[3081] [M]: 0x0000000080002CD2 (0x00B51513) slli a0, a0, 11
x10 <- 0x0000000000000000
mem[X,0x0000000080002CD6] -> 0x0513
mem[X,0x0000000080002CD8] -> 0x5A85
[3082] [M]: 0x0000000080002CD6 (0x5A850513) addi a0, a0, 1448
x10 <- 0x00000000000005A8
mem[X,0x0000000080002CDA] -> 0x1513
mem[X,0x0000000080002CDC] -> 0x00B5
[3083] [M]: 0x0000000080002CDA (0x00B51513) slli a0, a0, 11
x10 <- 0x00000000002D4000
mem[X,0x0000000080002CDE] -> 0x0513
mem[X,0x0000000080002CE0] -> 0x13C5
[3084] [M]: 0x0000000080002CDE (0x13C50513) addi a0, a0, 316
x10 <- 0x00000000002D413C
mem[X,0x0000000080002CE2] -> 0x1513
mem[X,0x0000000080002CE4] -> 0x00A5
[3085] [M]: 0x0000000080002CE2 (0x00A51513) slli a0, a0, 10
x10 <- 0x00000000B504F000
mem[X,0x0000000080002CE6] -> 0x0513
mem[X,0x0000000080002CE8] -> 0x3345
[3086] [M]: 0x0000000080002CE6 (0x33450513) addi a0, a0, 820
x10 <- 0x00000000B504F334
mem[X,0x0000000080002CEA] -> 0x996D
[3087] [M]: 0x0000000080002CEA (0x996D) c.andi a0, 59
x10 <- 0x00000000B504F330
mem[X,0x0000000080002CEC] -> 0xBC23
mem[X,0x0000000080002CEE] -> 0x4EA0
[3088] [M]: 0x0000000080002CEC (0x4EA0BC23) sd a0, 1272(ra)
mem[0x0000000080006E10] <- 0x00000000B504F330
mem[X,0x0000000080002CF0] -> 0x0537
mem[X,0x0000000080002CF2] -> 0x0000
[3089] [M]: 0x0000000080002CF0 (0x00000537) lui a0, 0
x10 <- 0x0000000000000000
mem[X,0x0000000080002CF4] -> 0x0513
mem[X,0x0000000080002CF6] -> 0x0005
[3090] [M]: 0x0000000080002CF4 (0x00050513) addi a0, a0, 0
x10 <- 0x0000000000000000
mem[X,0x0000000080002CF8] -> 0x1513
mem[X,0x0000000080002CFA] -> 0x00B5
[3091] [M]: 0x0000000080002CF8 (0x00B51513) slli a0, a0, 11
x10 <- 0x0000000000000000
mem[X,0x0000000080002CFC] -> 0x0513
mem[X,0x0000000080002CFE] -> 0x5A85
[3092] [M]: 0x0000000080002CFC (0x5A850513) addi a0, a0, 1448
x10 <- 0x00000000000005A8
mem[X,0x0000000080002D00] -> 0x1513
mem[X,0x0000000080002D02] -> 0x00B5
[3093] [M]: 0x0000000080002D00 (0x00B51513) slli a0, a0, 11
x10 <- 0x00000000002D4000
mem[X,0x0000000080002D04] -> 0x0513
mem[X,0x0000000080002D06] -> 0x13C5
[3094] [M]: 0x0000000080002D04 (0x13C50513) addi a0, a0, 316
x10 <- 0x00000000002D413C
mem[X,0x0000000080002D08] -> 0x1513
mem[X,0x0000000080002D0A] -> 0x00A5
[3095] [M]: 0x0000000080002D08 (0x00A51513) slli a0, a0, 10
x10 <- 0x00000000B504F000
mem[X,0x0000000080002D0C] -> 0x0513
mem[X,0x0000000080002D0E] -> 0x3345
[3096] [M]: 0x0000000080002D0C (0x33450513) addi a0, a0, 820
x10 <- 0x00000000B504F334
mem[X,0x0000000080002D10] -> 0x8909
[3097] [M]: 0x0000000080002D10 (0x8909) c.andi a0, 2
x10 <- 0x0000000000000000
mem[X,0x0000000080002D12] -> 0xB023
mem[X,0x0000000080002D14] -> 0x50A0
[3098] [M]: 0x0000000080002D12 (0x50A0B023) sd a0, 1280(ra)
mem[0x0000000080006E18] <- 0x0000000000000000
mem[X,0x0000000080002D16] -> 0x0537
mem[X,0x0000000080002D18] -> 0x0000
[3099] [M]: 0x0000000080002D16 (0x00000537) lui a0, 0
x10 <- 0x0000000000000000
clint::tick mtime <- 0x000000000000001F
 clint timer pending at mtime 0x000000000000001F
htif::tick 0x0000000000000000
mem[X,0x0000000080002D1A] -> 0x0513
mem[X,0x0000000080002D1C] -> 0x0005
[3100] [M]: 0x0000000080002D1A (0x00050513) addi a0, a0, 0
x10 <- 0x0000000000000000
mem[X,0x0000000080002D1E] -> 0x1513
mem[X,0x0000000080002D20] -> 0x00B5
[3101] [M]: 0x0000000080002D1E (0x00B51513) slli a0, a0, 11
x10 <- 0x0000000000000000
mem[X,0x0000000080002D22] -> 0x0513
mem[X,0x0000000080002D24] -> 0x5A85
[3102] [M]: 0x0000000080002D22 (0x5A850513) addi a0, a0, 1448
x10 <- 0x00000000000005A8
mem[X,0x0000000080002D26] -> 0x1513
mem[X,0x0000000080002D28] -> 0x00B5
[3103] [M]: 0x0000000080002D26 (0x00B51513) slli a0, a0, 11
x10 <- 0x00000000002D4000
mem[X,0x0000000080002D2A] -> 0x0513
mem[X,0x0000000080002D2C] -> 0x13C5
[3104] [M]: 0x0000000080002D2A (0x13C50513) addi a0, a0, 316
x10 <- 0x00000000002D413C
mem[X,0x0000000080002D2E] -> 0x1513
mem[X,0x0000000080002D30] -> 0x00A5
[3105] [M]: 0x0000000080002D2E (0x00A51513) slli a0, a0, 10
x10 <- 0x00000000B504F000
mem[X,0x0000000080002D32] -> 0x0513
mem[X,0x0000000080002D34] -> 0x3345
[3106] [M]: 0x0000000080002D32 (0x33450513) addi a0, a0, 820
x10 <- 0x00000000B504F334
mem[X,0x0000000080002D36] -> 0x8911
[3107] [M]: 0x0000000080002D36 (0x8911) c.andi a0, 4
x10 <- 0x0000000000000004
mem[X,0x0000000080002D38] -> 0xB423
mem[X,0x0000000080002D3A] -> 0x50A0
[3108] [M]: 0x0000000080002D38 (0x50A0B423) sd a0, 1288(ra)
mem[0x0000000080006E20] <- 0x0000000000000004
mem[X,0x0000000080002D3C] -> 0x0537
mem[X,0x0000000080002D3E] -> 0x0000
[3109] [M]: 0x0000000080002D3C (0x00000537) lui a0, 0
x10 <- 0x0000000000000000
mem[X,0x0000000080002D40] -> 0x0513
mem[X,0x0000000080002D42] -> 0x0005
[3110] [M]: 0x0000000080002D40 (0x00050513) addi a0, a0, 0
x10 <- 0x0000000000000000
mem[X,0x0000000080002D44] -> 0x1513
mem[X,0x0000000080002D46] -> 0x00B5
[3111] [M]: 0x0000000080002D44 (0x00B51513) slli a0, a0, 11
x10 <- 0x0000000000000000
mem[X,0x0000000080002D48] -> 0x0513
mem[X,0x0000000080002D4A] -> 0x5A85
[3112] [M]: 0x0000000080002D48 (0x5A850513) addi a0, a0, 1448
x10 <- 0x00000000000005A8
mem[X,0x0000000080002D4C] -> 0x1513
mem[X,0x0000000080002D4E] -> 0x00B5
[3113] [M]: 0x0000000080002D4C (0x00B51513) slli a0, a0, 11
x10 <- 0x00000000002D4000
mem[X,0x0000000080002D50] -> 0x0513
mem[X,0x0000000080002D52] -> 0x13C5
[3114] [M]: 0x0000000080002D50 (0x13C50513) addi a0, a0, 316
x10 <- 0x00000000002D413C
mem[X,0x0000000080002D54] -> 0x1513
mem[X,0x0000000080002D56] -> 0x00A5
[3115] [M]: 0x0000000080002D54 (0x00A51513) slli a0, a0, 10
x10 <- 0x00000000B504F000
mem[X,0x0000000080002D58] -> 0x0513
mem[X,0x0000000080002D5A] -> 0x3345
[3116] [M]: 0x0000000080002D58 (0x33450513) addi a0, a0, 820
x10 <- 0x00000000B504F334
mem[X,0x0000000080002D5C] -> 0x8925
[3117] [M]: 0x0000000080002D5C (0x8925) c.andi a0, 9
x10 <- 0x0000000000000000
mem[X,0x0000000080002D5E] -> 0xB823
mem[X,0x0000000080002D60] -> 0x50A0
[3118] [M]: 0x0000000080002D5E (0x50A0B823) sd a0, 1296(ra)
mem[0x0000000080006E28] <- 0x0000000000000000
mem[X,0x0000000080002D62] -> 0x0537
mem[X,0x0000000080002D64] -> 0x0000
[3119] [M]: 0x0000000080002D62 (0x00000537) lui a0, 0
x10 <- 0x0000000000000000
mem[X,0x0000000080002D66] -> 0x0513
mem[X,0x0000000080002D68] -> 0x0005
[3120] [M]: 0x0000000080002D66 (0x00050513) addi a0, a0, 0
x10 <- 0x0000000000000000
mem[X,0x0000000080002D6A] -> 0x1513
mem[X,0x0000000080002D6C] -> 0x00B5
[3121] [M]: 0x0000000080002D6A (0x00B51513) slli a0, a0, 11
x10 <- 0x0000000000000000
mem[X,0x0000000080002D6E] -> 0x0513
mem[X,0x0000000080002D70] -> 0x5A85
[3122] [M]: 0x0000000080002D6E (0x5A850513) addi a0, a0, 1448
x10 <- 0x00000000000005A8
mem[X,0x0000000080002D72] -> 0x1513
mem[X,0x0000000080002D74] -> 0x00B5
[3123] [M]: 0x0000000080002D72 (0x00B51513) slli a0, a0, 11
x10 <- 0x00000000002D4000
mem[X,0x0000000080002D76] -> 0x0513
mem[X,0x0000000080002D78] -> 0x13C5
[3124] [M]: 0x0000000080002D76 (0x13C50513) addi a0, a0, 316
x10 <- 0x00000000002D413C
mem[X,0x0000000080002D7A] -> 0x1513
mem[X,0x0000000080002D7C] -> 0x00A5
[3125] [M]: 0x0000000080002D7A (0x00A51513) slli a0, a0, 10
x10 <- 0x00000000B504F000
mem[X,0x0000000080002D7E] -> 0x0513
mem[X,0x0000000080002D80] -> 0x3345
[3126] [M]: 0x0000000080002D7E (0x33450513) addi a0, a0, 820
x10 <- 0x00000000B504F334
mem[X,0x0000000080002D82] -> 0x8901
[3127] [M]: 0x0000000080002D82 (0x8901) c.andi a0, 0
x10 <- 0x0000000000000000
mem[X,0x0000000080002D84] -> 0xBC23
mem[X,0x0000000080002D86] -> 0x50A0
[3128] [M]: 0x0000000080002D84 (0x50A0BC23) sd a0, 1304(ra)
mem[0x0000000080006E30] <- 0x0000000000000000
mem[X,0x0000000080002D88] -> 0x0537
mem[X,0x0000000080002D8A] -> 0x0000
[3129] [M]: 0x0000000080002D88 (0x00000537) lui a0, 0
x10 <- 0x0000000000000000
mem[X,0x0000000080002D8C] -> 0x0513
mem[X,0x0000000080002D8E] -> 0x0005
[3130] [M]: 0x0000000080002D8C (0x00050513) addi a0, a0, 0
x10 <- 0x0000000000000000
mem[X,0x0000000080002D90] -> 0x1513
mem[X,0x0000000080002D92] -> 0x00B5
[3131] [M]: 0x0000000080002D90 (0x00B51513) slli a0, a0, 11
x10 <- 0x0000000000000000
mem[X,0x0000000080002D94] -> 0x0513
mem[X,0x0000000080002D96] -> 0x5A85
[3132] [M]: 0x0000000080002D94 (0x5A850513) addi a0, a0, 1448
x10 <- 0x00000000000005A8
mem[X,0x0000000080002D98] -> 0x1513
mem[X,0x0000000080002D9A] -> 0x00B5
[3133] [M]: 0x0000000080002D98 (0x00B51513) slli a0, a0, 11
x10 <- 0x00000000002D4000
mem[X,0x0000000080002D9C] -> 0x0513
mem[X,0x0000000080002D9E] -> 0x13C5
[3134] [M]: 0x0000000080002D9C (0x13C50513) addi a0, a0, 316
x10 <- 0x00000000002D413C
mem[X,0x0000000080002DA0] -> 0x1513
mem[X,0x0000000080002DA2] -> 0x00A5
[3135] [M]: 0x0000000080002DA0 (0x00A51513) slli a0, a0, 10
x10 <- 0x00000000B504F000
mem[X,0x0000000080002DA4] -> 0x0513
mem[X,0x0000000080002DA6] -> 0x3345
[3136] [M]: 0x0000000080002DA4 (0x33450513) addi a0, a0, 820
x10 <- 0x00000000B504F334
mem[X,0x0000000080002DA8] -> 0x892D
[3137] [M]: 0x0000000080002DA8 (0x892D) c.andi a0, 11
x10 <- 0x0000000000000000
mem[X,0x0000000080002DAA] -> 0xB023
mem[X,0x0000000080002DAC] -> 0x52A0
[3138] [M]: 0x0000000080002DAA (0x52A0B023) sd a0, 1312(ra)
mem[0x0000000080006E38] <- 0x0000000000000000
mem[X,0x0000000080002DAE] -> 0x0537
mem[X,0x0000000080002DB0] -> 0x0000
[3139] [M]: 0x0000000080002DAE (0x00000537) lui a0, 0
x10 <- 0x0000000000000000
mem[X,0x0000000080002DB2] -> 0x0513
mem[X,0x0000000080002DB4] -> 0x0005
[3140] [M]: 0x0000000080002DB2 (0x00050513) addi a0, a0, 0
x10 <- 0x0000000000000000
mem[X,0x0000000080002DB6] -> 0x1513
mem[X,0x0000000080002DB8] -> 0x00B5
[3141] [M]: 0x0000000080002DB6 (0x00B51513) slli a0, a0, 11
x10 <- 0x0000000000000000
mem[X,0x0000000080002DBA] -> 0x0513
mem[X,0x0000000080002DBC] -> 0x5A85
[3142] [M]: 0x0000000080002DBA (0x5A850513) addi a0, a0, 1448
x10 <- 0x00000000000005A8
mem[X,0x0000000080002DBE] -> 0x1513
mem[X,0x0000000080002DC0] -> 0x00B5
[3143] [M]: 0x0000000080002DBE (0x00B51513) slli a0, a0, 11
x10 <- 0x00000000002D4000
mem[X,0x0000000080002DC2] -> 0x0513
mem[X,0x0000000080002DC4] -> 0x13C5
[3144] [M]: 0x0000000080002DC2 (0x13C50513) addi a0, a0, 316
x10 <- 0x00000000002D413C
mem[X,0x0000000080002DC6] -> 0x1513
mem[X,0x0000000080002DC8] -> 0x00A5
[3145] [M]: 0x0000000080002DC6 (0x00A51513) slli a0, a0, 10
x10 <- 0x00000000B504F000
mem[X,0x0000000080002DCA] -> 0x0513
mem[X,0x0000000080002DCC] -> 0x3345
[3146] [M]: 0x0000000080002DCA (0x33450513) addi a0, a0, 820
x10 <- 0x00000000B504F334
mem[X,0x0000000080002DCE] -> 0x891D
[3147] [M]: 0x0000000080002DCE (0x891D) c.andi a0, 7
x10 <- 0x0000000000000004
mem[X,0x0000000080002DD0] -> 0xB423
mem[X,0x0000000080002DD2] -> 0x52A0
[3148] [M]: 0x0000000080002DD0 (0x52A0B423) sd a0, 1320(ra)
mem[0x0000000080006E40] <- 0x0000000000000004
mem[X,0x0000000080002DD4] -> 0x0537
mem[X,0x0000000080002DD6] -> 0x0000
[3149] [M]: 0x0000000080002DD4 (0x00000537) lui a0, 0
x10 <- 0x0000000000000000
mem[X,0x0000000080002DD8] -> 0x0513
mem[X,0x0000000080002DDA] -> 0x0005
[3150] [M]: 0x0000000080002DD8 (0x00050513) addi a0, a0, 0
x10 <- 0x0000000000000000
mem[X,0x0000000080002DDC] -> 0x1513
mem[X,0x0000000080002DDE] -> 0x00B5
[3151] [M]: 0x0000000080002DDC (0x00B51513) slli a0, a0, 11
x10 <- 0x0000000000000000
mem[X,0x0000000080002DE0] -> 0x0513
mem[X,0x0000000080002DE2] -> 0x5A85
[3152] [M]: 0x0000000080002DE0 (0x5A850513) addi a0, a0, 1448
x10 <- 0x00000000000005A8
mem[X,0x0000000080002DE4] -> 0x1513
mem[X,0x0000000080002DE6] -> 0x00B5
[3153] [M]: 0x0000000080002DE4 (0x00B51513) slli a0, a0, 11
x10 <- 0x00000000002D4000
mem[X,0x0000000080002DE8] -> 0x0513
mem[X,0x0000000080002DEA] -> 0x13C5
[3154] [M]: 0x0000000080002DE8 (0x13C50513) addi a0, a0, 316
x10 <- 0x00000000002D413C
mem[X,0x0000000080002DEC] -> 0x1513
mem[X,0x0000000080002DEE] -> 0x00A5
[3155] [M]: 0x0000000080002DEC (0x00A51513) slli a0, a0, 10
x10 <- 0x00000000B504F000
mem[X,0x0000000080002DF0] -> 0x0513
mem[X,0x0000000080002DF2] -> 0x3345
[3156] [M]: 0x0000000080002DF0 (0x33450513) addi a0, a0, 820
x10 <- 0x00000000B504F334
mem[X,0x0000000080002DF4] -> 0x997D
[3157] [M]: 0x0000000080002DF4 (0x997D) c.andi a0, 63
x10 <- 0x00000000B504F334
mem[X,0x0000000080002DF6] -> 0xB823
mem[X,0x0000000080002DF8] -> 0x52A0
[3158] [M]: 0x0000000080002DF6 (0x52A0B823) sd a0, 1328(ra)
mem[0x0000000080006E48] <- 0x00000000B504F334
mem[X,0x0000000080002DFA] -> 0x0537
mem[X,0x0000000080002DFC] -> 0x0000
[3159] [M]: 0x0000000080002DFA (0x00000537) lui a0, 0
x10 <- 0x0000000000000000
mem[X,0x0000000080002DFE] -> 0x0513
mem[X,0x0000000080002E00] -> 0x0005
[3160] [M]: 0x0000000080002DFE (0x00050513) addi a0, a0, 0
x10 <- 0x0000000000000000
mem[X,0x0000000080002E02] -> 0x1513
mem[X,0x0000000080002E04] -> 0x00B5
[3161] [M]: 0x0000000080002E02 (0x00B51513) slli a0, a0, 11
x10 <- 0x0000000000000000
mem[X,0x0000000080002E06] -> 0x0513
mem[X,0x0000000080002E08] -> 0x5A85
[3162] [M]: 0x0000000080002E06 (0x5A850513) addi a0, a0, 1448
x10 <- 0x00000000000005A8
mem[X,0x0000000080002E0A] -> 0x1513
mem[X,0x0000000080002E0C] -> 0x00B5
[3163] [M]: 0x0000000080002E0A (0x00B51513) slli a0, a0, 11
x10 <- 0x00000000002D4000
mem[X,0x0000000080002E0E] -> 0x0513
mem[X,0x0000000080002E10] -> 0x13C5
[3164] [M]: 0x0000000080002E0E (0x13C50513) addi a0, a0, 316
x10 <- 0x00000000002D413C
mem[X,0x0000000080002E12] -> 0x1513
mem[X,0x0000000080002E14] -> 0x00A5
[3165] [M]: 0x0000000080002E12 (0x00A51513) slli a0, a0, 10
x10 <- 0x00000000B504F000
mem[X,0x0000000080002E16] -> 0x0513
mem[X,0x0000000080002E18] -> 0x3345
[3166] [M]: 0x0000000080002E16 (0x33450513) addi a0, a0, 820
x10 <- 0x00000000B504F334
mem[X,0x0000000080002E1A] -> 0x9971
[3167] [M]: 0x0000000080002E1A (0x9971) c.andi a0, 60
x10 <- 0x00000000B504F334
mem[X,0x0000000080002E1C] -> 0xBC23
mem[X,0x0000000080002E1E] -> 0x52A0
[3168] [M]: 0x0000000080002E1C (0x52A0BC23) sd a0, 1336(ra)
mem[0x0000000080006E50] <- 0x00000000B504F334
mem[X,0x0000000080002E20] -> 0x6537
mem[X,0x0000000080002E22] -> 0x6666
[3169] [M]: 0x0000000080002E20 (0x66666537) lui a0, 419430
x10 <- 0x0000000066666000
mem[X,0x0000000080002E24] -> 0x0513
mem[X,0x0000000080002E26] -> 0x6665
[3170] [M]: 0x0000000080002E24 (0x66650513) addi a0, a0, 1638
x10 <- 0x0000000066666666
mem[X,0x0000000080002E28] -> 0x1513
mem[X,0x0000000080002E2A] -> 0x00B5
[3171] [M]: 0x0000000080002E28 (0x00B51513) slli a0, a0, 11
x10 <- 0x0000033333333000
mem[X,0x0000000080002E2C] -> 0x0513
mem[X,0x0000000080002E2E] -> 0x3335
[3172] [M]: 0x0000000080002E2C (0x33350513) addi a0, a0, 819
x10 <- 0x0000033333333333
mem[X,0x0000000080002E30] -> 0x1513
mem[X,0x0000000080002E32] -> 0x00B5
[3173] [M]: 0x0000000080002E30 (0x00B51513) slli a0, a0, 11
x10 <- 0x0019999999999800
mem[X,0x0000000080002E34] -> 0x0513
mem[X,0x0000000080002E36] -> 0x1995
[3174] [M]: 0x0000000080002E34 (0x19950513) addi a0, a0, 409
x10 <- 0x0019999999999999
mem[X,0x0000000080002E38] -> 0x1513
mem[X,0x0000000080002E3A] -> 0x00A5
[3175] [M]: 0x0000000080002E38 (0x00A51513) slli a0, a0, 10
x10 <- 0x6666666666666400
mem[X,0x0000000080002E3C] -> 0x0513
mem[X,0x0000000080002E3E] -> 0x2675
[3176] [M]: 0x0000000080002E3C (0x26750513) addi a0, a0, 615
x10 <- 0x6666666666666667
mem[X,0x0000000080002E40] -> 0x891D
[3177] [M]: 0x0000000080002E40 (0x891D) c.andi a0, 7
x10 <- 0x0000000000000007
mem[X,0x0000000080002E42] -> 0xB023
mem[X,0x0000000080002E44] -> 0x54A0
[3178] [M]: 0x0000000080002E42 (0x54A0B023) sd a0, 1344(ra)
mem[0x0000000080006E58] <- 0x0000000000000007
mem[X,0x0000000080002E46] -> 0x6537
mem[X,0x0000000080002E48] -> 0x6666
[3179] [M]: 0x0000000080002E46 (0x66666537) lui a0, 419430
x10 <- 0x0000000066666000
mem[X,0x0000000080002E4A] -> 0x0513
mem[X,0x0000000080002E4C] -> 0x6665
[3180] [M]: 0x0000000080002E4A (0x66650513) addi a0, a0, 1638
x10 <- 0x0000000066666666
mem[X,0x0000000080002E4E] -> 0x1513
mem[X,0x0000000080002E50] -> 0x00B5
[3181] [M]: 0x0000000080002E4E (0x00B51513) slli a0, a0, 11
x10 <- 0x0000033333333000
mem[X,0x0000000080002E52] -> 0x0513
mem[X,0x0000000080002E54] -> 0x3335
[3182] [M]: 0x0000000080002E52 (0x33350513) addi a0, a0, 819
x10 <- 0x0000033333333333
mem[X,0x0000000080002E56] -> 0x1513
mem[X,0x0000000080002E58] -> 0x00B5
[3183] [M]: 0x0000000080002E56 (0x00B51513) slli a0, a0, 11
x10 <- 0x0019999999999800
mem[X,0x0000000080002E5A] -> 0x0513
mem[X,0x0000000080002E5C] -> 0x1995
[3184] [M]: 0x0000000080002E5A (0x19950513) addi a0, a0, 409
x10 <- 0x0019999999999999
mem[X,0x0000000080002E5E] -> 0x1513
mem[X,0x0000000080002E60] -> 0x00A5
[3185] [M]: 0x0000000080002E5E (0x00A51513) slli a0, a0, 10
x10 <- 0x6666666666666400
mem[X,0x0000000080002E62] -> 0x0513
mem[X,0x0000000080002E64] -> 0x2675
[3186] [M]: 0x0000000080002E62 (0x26750513) addi a0, a0, 615
x10 <- 0x6666666666666667
mem[X,0x0000000080002E66] -> 0x997D
[3187] [M]: 0x0000000080002E66 (0x997D) c.andi a0, 63
x10 <- 0x6666666666666667
mem[X,0x0000000080002E68] -> 0xB423
mem[X,0x0000000080002E6A] -> 0x54A0
[3188] [M]: 0x0000000080002E68 (0x54A0B423) sd a0, 1352(ra)
mem[0x0000000080006E60] <- 0x6666666666666667
mem[X,0x0000000080002E6C] -> 0x6537
mem[X,0x0000000080002E6E] -> 0x6666
[3189] [M]: 0x0000000080002E6C (0x66666537) lui a0, 419430
x10 <- 0x0000000066666000
mem[X,0x0000000080002E70] -> 0x0513
mem[X,0x0000000080002E72] -> 0x6665
[3190] [M]: 0x0000000080002E70 (0x66650513) addi a0, a0, 1638
x10 <- 0x0000000066666666
mem[X,0x0000000080002E74] -> 0x1513
mem[X,0x0000000080002E76] -> 0x00B5
[3191] [M]: 0x0000000080002E74 (0x00B51513) slli a0, a0, 11
x10 <- 0x0000033333333000
mem[X,0x0000000080002E78] -> 0x0513
mem[X,0x0000000080002E7A] -> 0x3335
[3192] [M]: 0x0000000080002E78 (0x33350513) addi a0, a0, 819
x10 <- 0x0000033333333333
mem[X,0x0000000080002E7C] -> 0x1513
mem[X,0x0000000080002E7E] -> 0x00B5
[3193] [M]: 0x0000000080002E7C (0x00B51513) slli a0, a0, 11
x10 <- 0x0019999999999800
mem[X,0x0000000080002E80] -> 0x0513
mem[X,0x0000000080002E82] -> 0x1995
[3194] [M]: 0x0000000080002E80 (0x19950513) addi a0, a0, 409
x10 <- 0x0019999999999999
mem[X,0x0000000080002E84] -> 0x1513
mem[X,0x0000000080002E86] -> 0x00A5
[3195] [M]: 0x0000000080002E84 (0x00A51513) slli a0, a0, 10
x10 <- 0x6666666666666400
mem[X,0x0000000080002E88] -> 0x0513
mem[X,0x0000000080002E8A] -> 0x2675
[3196] [M]: 0x0000000080002E88 (0x26750513) addi a0, a0, 615
x10 <- 0x6666666666666667
mem[X,0x0000000080002E8C] -> 0x9971
[3197] [M]: 0x0000000080002E8C (0x9971) c.andi a0, 60
x10 <- 0x6666666666666664
mem[X,0x0000000080002E8E] -> 0xB823
mem[X,0x0000000080002E90] -> 0x54A0
[3198] [M]: 0x0000000080002E8E (0x54A0B823) sd a0, 1360(ra)
mem[0x0000000080006E68] <- 0x6666666666666664
mem[X,0x0000000080002E92] -> 0x0537
mem[X,0x0000000080002E94] -> 0x0000
[3199] [M]: 0x0000000080002E92 (0x00000537) lui a0, 0
x10 <- 0x0000000000000000
clint::tick mtime <- 0x0000000000000020
 clint timer pending at mtime 0x0000000000000020
htif::tick 0x0000000000000000
mem[X,0x0000000080002E96] -> 0x0513
mem[X,0x0000000080002E98] -> 0xFFF5
[3200] [M]: 0x0000000080002E96 (0xFFF50513) addi a0, a0, 4095
x10 <- 0xFFFFFFFFFFFFFFFF
mem[X,0x0000000080002E9A] -> 0x1513
mem[X,0x0000000080002E9C] -> 0x00B5
[3201] [M]: 0x0000000080002E9A (0x00B51513) slli a0, a0, 11
x10 <- 0xFFFFFFFFFFFFF800
mem[X,0x0000000080002E9E] -> 0x0513
mem[X,0x0000000080002EA0] -> 0x2575
[3202] [M]: 0x0000000080002E9E (0x25750513) addi a0, a0, 599
x10 <- 0xFFFFFFFFFFFFFA57
mem[X,0x0000000080002EA2] -> 0x1513
mem[X,0x0000000080002EA4] -> 0x00B5
[3203] [M]: 0x0000000080002EA2 (0x00B51513) slli a0, a0, 11
x10 <- 0xFFFFFFFFFFD2B800
mem[X,0x0000000080002EA6] -> 0x0513
mem[X,0x0000000080002EA8] -> 0x6C35
[3204] [M]: 0x0000000080002EA6 (0x6C350513) addi a0, a0, 1731
x10 <- 0xFFFFFFFFFFD2BEC3
mem[X,0x0000000080002EAA] -> 0x1513
mem[X,0x0000000080002EAC] -> 0x00A5
[3205] [M]: 0x0000000080002EAA (0x00A51513) slli a0, a0, 10
x10 <- 0xFFFFFFFF4AFB0C00
mem[X,0x0000000080002EAE] -> 0x0513
mem[X,0x0000000080002EB0] -> 0x0CE5
[3206] [M]: 0x0000000080002EAE (0x0CE50513) addi a0, a0, 206
x10 <- 0xFFFFFFFF4AFB0CCE
mem[X,0x0000000080002EB2] -> 0x890D
[3207] [M]: 0x0000000080002EB2 (0x890D) c.andi a0, 3
x10 <- 0x0000000000000002
mem[X,0x0000000080002EB4] -> 0xBC23
mem[X,0x0000000080002EB6] -> 0x54A0
[3208] [M]: 0x0000000080002EB4 (0x54A0BC23) sd a0, 1368(ra)
mem[0x0000000080006E70] <- 0x0000000000000002
mem[X,0x0000000080002EB8] -> 0x0537
mem[X,0x0000000080002EBA] -> 0x0000
[3209] [M]: 0x0000000080002EB8 (0x00000537) lui a0, 0
x10 <- 0x0000000000000000
mem[X,0x0000000080002EBC] -> 0x0513
mem[X,0x0000000080002EBE] -> 0xFFF5
[3210] [M]: 0x0000000080002EBC (0xFFF50513) addi a0, a0, 4095
x10 <- 0xFFFFFFFFFFFFFFFF
mem[X,0x0000000080002EC0] -> 0x1513
mem[X,0x0000000080002EC2] -> 0x00B5
[3211] [M]: 0x0000000080002EC0 (0x00B51513) slli a0, a0, 11
x10 <- 0xFFFFFFFFFFFFF800
mem[X,0x0000000080002EC4] -> 0x0513
mem[X,0x0000000080002EC6] -> 0x2575
[3212] [M]: 0x0000000080002EC4 (0x25750513) addi a0, a0, 599
x10 <- 0xFFFFFFFFFFFFFA57
mem[X,0x0000000080002EC8] -> 0x1513
mem[X,0x0000000080002ECA] -> 0x00B5
[3213] [M]: 0x0000000080002EC8 (0x00B51513) slli a0, a0, 11
x10 <- 0xFFFFFFFFFFD2B800
mem[X,0x0000000080002ECC] -> 0x0513
mem[X,0x0000000080002ECE] -> 0x6C35
[3214] [M]: 0x0000000080002ECC (0x6C350513) addi a0, a0, 1731
x10 <- 0xFFFFFFFFFFD2BEC3
mem[X,0x0000000080002ED0] -> 0x1513
mem[X,0x0000000080002ED2] -> 0x00A5
[3215] [M]: 0x0000000080002ED0 (0x00A51513) slli a0, a0, 10
x10 <- 0xFFFFFFFF4AFB0C00
mem[X,0x0000000080002ED4] -> 0x0513
mem[X,0x0000000080002ED6] -> 0x0CE5
[3216] [M]: 0x0000000080002ED4 (0x0CE50513) addi a0, a0, 206
x10 <- 0xFFFFFFFF4AFB0CCE
mem[X,0x0000000080002ED8] -> 0x8915
[3217] [M]: 0x0000000080002ED8 (0x8915) c.andi a0, 5
x10 <- 0x0000000000000004
mem[X,0x0000000080002EDA] -> 0xB023
mem[X,0x0000000080002EDC] -> 0x56A0
[3218] [M]: 0x0000000080002EDA (0x56A0B023) sd a0, 1376(ra)
mem[0x0000000080006E78] <- 0x0000000000000004
mem[X,0x0000000080002EDE] -> 0x0537
mem[X,0x0000000080002EE0] -> 0x0000
[3219] [M]: 0x0000000080002EDE (0x00000537) lui a0, 0
x10 <- 0x0000000000000000
mem[X,0x0000000080002EE2] -> 0x0513
mem[X,0x0000000080002EE4] -> 0xFFF5
[3220] [M]: 0x0000000080002EE2 (0xFFF50513) addi a0, a0, 4095
x10 <- 0xFFFFFFFFFFFFFFFF
mem[X,0x0000000080002EE6] -> 0x1513
mem[X,0x0000000080002EE8] -> 0x00B5
[3221] [M]: 0x0000000080002EE6 (0x00B51513) slli a0, a0, 11
x10 <- 0xFFFFFFFFFFFFF800
mem[X,0x0000000080002EEA] -> 0x0513
mem[X,0x0000000080002EEC] -> 0x2575
[3222] [M]: 0x0000000080002EEA (0x25750513) addi a0, a0, 599
x10 <- 0xFFFFFFFFFFFFFA57
mem[X,0x0000000080002EEE] -> 0x1513
mem[X,0x0000000080002EF0] -> 0x00B5
[3223] [M]: 0x0000000080002EEE (0x00B51513) slli a0, a0, 11
x10 <- 0xFFFFFFFFFFD2B800
mem[X,0x0000000080002EF2] -> 0x0513
mem[X,0x0000000080002EF4] -> 0x6C35
[3224] [M]: 0x0000000080002EF2 (0x6C350513) addi a0, a0, 1731
x10 <- 0xFFFFFFFFFFD2BEC3
mem[X,0x0000000080002EF6] -> 0x1513
mem[X,0x0000000080002EF8] -> 0x00A5
[3225] [M]: 0x0000000080002EF6 (0x00A51513) slli a0, a0, 10
x10 <- 0xFFFFFFFF4AFB0C00
mem[X,0x0000000080002EFA] -> 0x0513
mem[X,0x0000000080002EFC] -> 0x0CE5
[3226] [M]: 0x0000000080002EFA (0x0CE50513) addi a0, a0, 206
x10 <- 0xFFFFFFFF4AFB0CCE
mem[X,0x0000000080002EFE] -> 0x8929
[3227] [M]: 0x0000000080002EFE (0x8929) c.andi a0, 10
x10 <- 0x000000000000000A
mem[X,0x0000000080002F00] -> 0xB423
mem[X,0x0000000080002F02] -> 0x56A0
[3228] [M]: 0x0000000080002F00 (0x56A0B423) sd a0, 1384(ra)
mem[0x0000000080006E80] <- 0x000000000000000A
mem[X,0x0000000080002F04] -> 0x0537
mem[X,0x0000000080002F06] -> 0x0000
[3229] [M]: 0x0000000080002F04 (0x00000537) lui a0, 0
x10 <- 0x0000000000000000
mem[X,0x0000000080002F08] -> 0x0513
mem[X,0x0000000080002F0A] -> 0xFFF5
[3230] [M]: 0x0000000080002F08 (0xFFF50513) addi a0, a0, 4095
x10 <- 0xFFFFFFFFFFFFFFFF
mem[X,0x0000000080002F0C] -> 0x1513
mem[X,0x0000000080002F0E] -> 0x00B5
[3231] [M]: 0x0000000080002F0C (0x00B51513) slli a0, a0, 11
x10 <- 0xFFFFFFFFFFFFF800
mem[X,0x0000000080002F10] -> 0x0513
mem[X,0x0000000080002F12] -> 0x2575
[3232] [M]: 0x0000000080002F10 (0x25750513) addi a0, a0, 599
x10 <- 0xFFFFFFFFFFFFFA57
mem[X,0x0000000080002F14] -> 0x1513
mem[X,0x0000000080002F16] -> 0x00B5
[3233] [M]: 0x0000000080002F14 (0x00B51513) slli a0, a0, 11
x10 <- 0xFFFFFFFFFFD2B800
mem[X,0x0000000080002F18] -> 0x0513
mem[X,0x0000000080002F1A] -> 0x6C35
[3234] [M]: 0x0000000080002F18 (0x6C350513) addi a0, a0, 1731
x10 <- 0xFFFFFFFFFFD2BEC3
mem[X,0x0000000080002F1C] -> 0x1513
mem[X,0x0000000080002F1E] -> 0x00A5
[3235] [M]: 0x0000000080002F1C (0x00A51513) slli a0, a0, 10
x10 <- 0xFFFFFFFF4AFB0C00
mem[X,0x0000000080002F20] -> 0x0513
mem[X,0x0000000080002F22] -> 0x0CE5
[3236] [M]: 0x0000000080002F20 (0x0CE50513) addi a0, a0, 206
x10 <- 0xFFFFFFFF4AFB0CCE
mem[X,0x0000000080002F24] -> 0x8919
[3237] [M]: 0x0000000080002F24 (0x8919) c.andi a0, 6
x10 <- 0x0000000000000006
mem[X,0x0000000080002F26] -> 0xB823
mem[X,0x0000000080002F28] -> 0x56A0
[3238] [M]: 0x0000000080002F26 (0x56A0B823) sd a0, 1392(ra)
mem[0x0000000080006E88] <- 0x0000000000000006
mem[X,0x0000000080002F2A] -> 0x0537
mem[X,0x0000000080002F2C] -> 0x0000
[3239] [M]: 0x0000000080002F2A (0x00000537) lui a0, 0
x10 <- 0x0000000000000000
mem[X,0x0000000080002F2E] -> 0x0513
mem[X,0x0000000080002F30] -> 0xFFF5
[3240] [M]: 0x0000000080002F2E (0xFFF50513) addi a0, a0, 4095
x10 <- 0xFFFFFFFFFFFFFFFF
mem[X,0x0000000080002F32] -> 0x1513
mem[X,0x0000000080002F34] -> 0x00B5
[3241] [M]: 0x0000000080002F32 (0x00B51513) slli a0, a0, 11
x10 <- 0xFFFFFFFFFFFFF800
mem[X,0x0000000080002F36] -> 0x0513
mem[X,0x0000000080002F38] -> 0x2575
[3242] [M]: 0x0000000080002F36 (0x25750513) addi a0, a0, 599
x10 <- 0xFFFFFFFFFFFFFA57
mem[X,0x0000000080002F3A] -> 0x1513
mem[X,0x0000000080002F3C] -> 0x00B5
[3243] [M]: 0x0000000080002F3A (0x00B51513) slli a0, a0, 11
x10 <- 0xFFFFFFFFFFD2B800
mem[X,0x0000000080002F3E] -> 0x0513
mem[X,0x0000000080002F40] -> 0x6C35
[3244] [M]: 0x0000000080002F3E (0x6C350513) addi a0, a0, 1731
x10 <- 0xFFFFFFFFFFD2BEC3
mem[X,0x0000000080002F42] -> 0x1513
mem[X,0x0000000080002F44] -> 0x00A5
[3245] [M]: 0x0000000080002F42 (0x00A51513) slli a0, a0, 10
x10 <- 0xFFFFFFFF4AFB0C00
mem[X,0x0000000080002F46] -> 0x0513
mem[X,0x0000000080002F48] -> 0x0CE5
[3246] [M]: 0x0000000080002F46 (0x0CE50513) addi a0, a0, 206
x10 <- 0xFFFFFFFF4AFB0CCE
mem[X,0x0000000080002F4A] -> 0x9979
[3247] [M]: 0x0000000080002F4A (0x9979) c.andi a0, 62
x10 <- 0xFFFFFFFF4AFB0CCE
mem[X,0x0000000080002F4C] -> 0xBC23
mem[X,0x0000000080002F4E] -> 0x56A0
[3248] [M]: 0x0000000080002F4C (0x56A0BC23) sd a0, 1400(ra)
mem[0x0000000080006E90] <- 0xFFFFFFFF4AFB0CCE
mem[X,0x0000000080002F50] -> 0x0537
mem[X,0x0000000080002F52] -> 0x0000
[3249] [M]: 0x0000000080002F50 (0x00000537) lui a0, 0
x10 <- 0x0000000000000000
mem[X,0x0000000080002F54] -> 0x0513
mem[X,0x0000000080002F56] -> 0xFFF5
[3250] [M]: 0x0000000080002F54 (0xFFF50513) addi a0, a0, 4095
x10 <- 0xFFFFFFFFFFFFFFFF
mem[X,0x0000000080002F58] -> 0x1513
mem[X,0x0000000080002F5A] -> 0x00B5
[3251] [M]: 0x0000000080002F58 (0x00B51513) slli a0, a0, 11
x10 <- 0xFFFFFFFFFFFFF800
mem[X,0x0000000080002F5C] -> 0x0513
mem[X,0x0000000080002F5E] -> 0x2575
[3252] [M]: 0x0000000080002F5C (0x25750513) addi a0, a0, 599
x10 <- 0xFFFFFFFFFFFFFA57
mem[X,0x0000000080002F60] -> 0x1513
mem[X,0x0000000080002F62] -> 0x00B5
[3253] [M]: 0x0000000080002F60 (0x00B51513) slli a0, a0, 11
x10 <- 0xFFFFFFFFFFD2B800
mem[X,0x0000000080002F64] -> 0x0513
mem[X,0x0000000080002F66] -> 0x6C35
[3254] [M]: 0x0000000080002F64 (0x6C350513) addi a0, a0, 1731
x10 <- 0xFFFFFFFFFFD2BEC3
mem[X,0x0000000080002F68] -> 0x1513
mem[X,0x0000000080002F6A] -> 0x00A5
[3255] [M]: 0x0000000080002F68 (0x00A51513) slli a0, a0, 10
x10 <- 0xFFFFFFFF4AFB0C00
mem[X,0x0000000080002F6C] -> 0x0513
mem[X,0x0000000080002F6E] -> 0x0CE5
[3256] [M]: 0x0000000080002F6C (0x0CE50513) addi a0, a0, 206
x10 <- 0xFFFFFFFF4AFB0CCE
mem[X,0x0000000080002F70] -> 0x996D
[3257] [M]: 0x0000000080002F70 (0x996D) c.andi a0, 59
x10 <- 0xFFFFFFFF4AFB0CCA
mem[X,0x0000000080002F72] -> 0xB023
mem[X,0x0000000080002F74] -> 0x58A0
[3258] [M]: 0x0000000080002F72 (0x58A0B023) sd a0, 1408(ra)
mem[0x0000000080006E98] <- 0xFFFFFFFF4AFB0CCA
mem[X,0x0000000080002F76] -> 0x0537
mem[X,0x0000000080002F78] -> 0x0000
[3259] [M]: 0x0000000080002F76 (0x00000537) lui a0, 0
x10 <- 0x0000000000000000
mem[X,0x0000000080002F7A] -> 0x0513
mem[X,0x0000000080002F7C] -> 0xFFF5
[3260] [M]: 0x0000000080002F7A (0xFFF50513) addi a0, a0, 4095
x10 <- 0xFFFFFFFFFFFFFFFF
mem[X,0x0000000080002F7E] -> 0x1513
mem[X,0x0000000080002F80] -> 0x00B5
[3261] [M]: 0x0000000080002F7E (0x00B51513) slli a0, a0, 11
x10 <- 0xFFFFFFFFFFFFF800
mem[X,0x0000000080002F82] -> 0x0513
mem[X,0x0000000080002F84] -> 0x2575
[3262] [M]: 0x0000000080002F82 (0x25750513) addi a0, a0, 599
x10 <- 0xFFFFFFFFFFFFFA57
mem[X,0x0000000080002F86] -> 0x1513
mem[X,0x0000000080002F88] -> 0x00B5
[3263] [M]: 0x0000000080002F86 (0x00B51513) slli a0, a0, 11
x10 <- 0xFFFFFFFFFFD2B800
mem[X,0x0000000080002F8A] -> 0x0513
mem[X,0x0000000080002F8C] -> 0x6C35
[3264] [M]: 0x0000000080002F8A (0x6C350513) addi a0, a0, 1731
x10 <- 0xFFFFFFFFFFD2BEC3
mem[X,0x0000000080002F8E] -> 0x1513
mem[X,0x0000000080002F90] -> 0x00A5
[3265] [M]: 0x0000000080002F8E (0x00A51513) slli a0, a0, 10
x10 <- 0xFFFFFFFF4AFB0C00
mem[X,0x0000000080002F92] -> 0x0513
mem[X,0x0000000080002F94] -> 0x0CE5
[3266] [M]: 0x0000000080002F92 (0x0CE50513) addi a0, a0, 206
x10 <- 0xFFFFFFFF4AFB0CCE
mem[X,0x0000000080002F96] -> 0x8909
[3267] [M]: 0x0000000080002F96 (0x8909) c.andi a0, 2
x10 <- 0x0000000000000002
mem[X,0x0000000080002F98] -> 0xB423
mem[X,0x0000000080002F9A] -> 0x58A0
[3268] [M]: 0x0000000080002F98 (0x58A0B423) sd a0, 1416(ra)
mem[0x0000000080006EA0] <- 0x0000000000000002
mem[X,0x0000000080002F9C] -> 0x0537
mem[X,0x0000000080002F9E] -> 0x0000
[3269] [M]: 0x0000000080002F9C (0x00000537) lui a0, 0
x10 <- 0x0000000000000000
mem[X,0x0000000080002FA0] -> 0x0513
mem[X,0x0000000080002FA2] -> 0xFFF5
[3270] [M]: 0x0000000080002FA0 (0xFFF50513) addi a0, a0, 4095
x10 <- 0xFFFFFFFFFFFFFFFF
mem[X,0x0000000080002FA4] -> 0x1513
mem[X,0x0000000080002FA6] -> 0x00B5
[3271] [M]: 0x0000000080002FA4 (0x00B51513) slli a0, a0, 11
x10 <- 0xFFFFFFFFFFFFF800
mem[X,0x0000000080002FA8] -> 0x0513
mem[X,0x0000000080002FAA] -> 0x2575
[3272] [M]: 0x0000000080002FA8 (0x25750513) addi a0, a0, 599
x10 <- 0xFFFFFFFFFFFFFA57
mem[X,0x0000000080002FAC] -> 0x1513
mem[X,0x0000000080002FAE] -> 0x00B5
[3273] [M]: 0x0000000080002FAC (0x00B51513) slli a0, a0, 11
x10 <- 0xFFFFFFFFFFD2B800
mem[X,0x0000000080002FB0] -> 0x0513
mem[X,0x0000000080002FB2] -> 0x6C35
[3274] [M]: 0x0000000080002FB0 (0x6C350513) addi a0, a0, 1731
x10 <- 0xFFFFFFFFFFD2BEC3
mem[X,0x0000000080002FB4] -> 0x1513
mem[X,0x0000000080002FB6] -> 0x00A5
[3275] [M]: 0x0000000080002FB4 (0x00A51513) slli a0, a0, 10
x10 <- 0xFFFFFFFF4AFB0C00
mem[X,0x0000000080002FB8] -> 0x0513
mem[X,0x0000000080002FBA] -> 0x0CE5
[3276] [M]: 0x0000000080002FB8 (0x0CE50513) addi a0, a0, 206
x10 <- 0xFFFFFFFF4AFB0CCE
mem[X,0x0000000080002FBC] -> 0x8911
[3277] [M]: 0x0000000080002FBC (0x8911) c.andi a0, 4
x10 <- 0x0000000000000004
mem[X,0x0000000080002FBE] -> 0xB823
mem[X,0x0000000080002FC0] -> 0x58A0
[3278] [M]: 0x0000000080002FBE (0x58A0B823) sd a0, 1424(ra)
mem[0x0000000080006EA8] <- 0x0000000000000004
mem[X,0x0000000080002FC2] -> 0x0537
mem[X,0x0000000080002FC4] -> 0x0000
[3279] [M]: 0x0000000080002FC2 (0x00000537) lui a0, 0
x10 <- 0x0000000000000000
mem[X,0x0000000080002FC6] -> 0x0513
mem[X,0x0000000080002FC8] -> 0xFFF5
[3280] [M]: 0x0000000080002FC6 (0xFFF50513) addi a0, a0, 4095
x10 <- 0xFFFFFFFFFFFFFFFF
mem[X,0x0000000080002FCA] -> 0x1513
mem[X,0x0000000080002FCC] -> 0x00B5
[3281] [M]: 0x0000000080002FCA (0x00B51513) slli a0, a0, 11
x10 <- 0xFFFFFFFFFFFFF800
mem[X,0x0000000080002FCE] -> 0x0513
mem[X,0x0000000080002FD0] -> 0x2575
[3282] [M]: 0x0000000080002FCE (0x25750513) addi a0, a0, 599
x10 <- 0xFFFFFFFFFFFFFA57
mem[X,0x0000000080002FD2] -> 0x1513
mem[X,0x0000000080002FD4] -> 0x00B5
[3283] [M]: 0x0000000080002FD2 (0x00B51513) slli a0, a0, 11
x10 <- 0xFFFFFFFFFFD2B800
mem[X,0x0000000080002FD6] -> 0x0513
mem[X,0x0000000080002FD8] -> 0x6C35
[3284] [M]: 0x0000000080002FD6 (0x6C350513) addi a0, a0, 1731
x10 <- 0xFFFFFFFFFFD2BEC3
mem[X,0x0000000080002FDA] -> 0x1513
mem[X,0x0000000080002FDC] -> 0x00A5
[3285] [M]: 0x0000000080002FDA (0x00A51513) slli a0, a0, 10
x10 <- 0xFFFFFFFF4AFB0C00
mem[X,0x0000000080002FDE] -> 0x0513
mem[X,0x0000000080002FE0] -> 0x0CE5
[3286] [M]: 0x0000000080002FDE (0x0CE50513) addi a0, a0, 206
x10 <- 0xFFFFFFFF4AFB0CCE
mem[X,0x0000000080002FE2] -> 0x8925
[3287] [M]: 0x0000000080002FE2 (0x8925) c.andi a0, 9
x10 <- 0x0000000000000008
mem[X,0x0000000080002FE4] -> 0xBC23
mem[X,0x0000000080002FE6] -> 0x58A0
[3288] [M]: 0x0000000080002FE4 (0x58A0BC23) sd a0, 1432(ra)
mem[0x0000000080006EB0] <- 0x0000000000000008
mem[X,0x0000000080002FE8] -> 0x0537
mem[X,0x0000000080002FEA] -> 0x0000
[3289] [M]: 0x0000000080002FE8 (0x00000537) lui a0, 0
x10 <- 0x0000000000000000
mem[X,0x0000000080002FEC] -> 0x0513
mem[X,0x0000000080002FEE] -> 0xFFF5
[3290] [M]: 0x0000000080002FEC (0xFFF50513) addi a0, a0, 4095
x10 <- 0xFFFFFFFFFFFFFFFF
mem[X,0x0000000080002FF0] -> 0x1513
mem[X,0x0000000080002FF2] -> 0x00B5
[3291] [M]: 0x0000000080002FF0 (0x00B51513) slli a0, a0, 11
x10 <- 0xFFFFFFFFFFFFF800
mem[X,0x0000000080002FF4] -> 0x0513
mem[X,0x0000000080002FF6] -> 0x2575
[3292] [M]: 0x0000000080002FF4 (0x25750513) addi a0, a0, 599
x10 <- 0xFFFFFFFFFFFFFA57
mem[X,0x0000000080002FF8] -> 0x1513
mem[X,0x0000000080002FFA] -> 0x00B5
[3293] [M]: 0x0000000080002FF8 (0x00B51513) slli a0, a0, 11
x10 <- 0xFFFFFFFFFFD2B800
mem[X,0x0000000080002FFC] -> 0x0513
mem[X,0x0000000080002FFE] -> 0x6C35
[3294] [M]: 0x0000000080002FFC (0x6C350513) addi a0, a0, 1731
x10 <- 0xFFFFFFFFFFD2BEC3
mem[X,0x0000000080003000] -> 0x1513
mem[X,0x0000000080003002] -> 0x00A5
[3295] [M]: 0x0000000080003000 (0x00A51513) slli a0, a0, 10
x10 <- 0xFFFFFFFF4AFB0C00
mem[X,0x0000000080003004] -> 0x0513
mem[X,0x0000000080003006] -> 0x0CE5
[3296] [M]: 0x0000000080003004 (0x0CE50513) addi a0, a0, 206
x10 <- 0xFFFFFFFF4AFB0CCE
mem[X,0x0000000080003008] -> 0x8901
[3297] [M]: 0x0000000080003008 (0x8901) c.andi a0, 0
x10 <- 0x0000000000000000
mem[X,0x000000008000300A] -> 0xB023
mem[X,0x000000008000300C] -> 0x5AA0
[3298] [M]: 0x000000008000300A (0x5AA0B023) sd a0, 1440(ra)
mem[0x0000000080006EB8] <- 0x0000000000000000
mem[X,0x000000008000300E] -> 0x0537
mem[X,0x0000000080003010] -> 0x0000
[3299] [M]: 0x000000008000300E (0x00000537) lui a0, 0
x10 <- 0x0000000000000000
clint::tick mtime <- 0x0000000000000021
 clint timer pending at mtime 0x0000000000000021
htif::tick 0x0000000000000000
mem[X,0x0000000080003012] -> 0x0513
mem[X,0x0000000080003014] -> 0xFFF5
[3300] [M]: 0x0000000080003012 (0xFFF50513) addi a0, a0, 4095
x10 <- 0xFFFFFFFFFFFFFFFF
mem[X,0x0000000080003016] -> 0x1513
mem[X,0x0000000080003018] -> 0x00B5
[3301] [M]: 0x0000000080003016 (0x00B51513) slli a0, a0, 11
x10 <- 0xFFFFFFFFFFFFF800
mem[X,0x000000008000301A] -> 0x0513
mem[X,0x000000008000301C] -> 0x2575
[3302] [M]: 0x000000008000301A (0x25750513) addi a0, a0, 599
x10 <- 0xFFFFFFFFFFFFFA57
mem[X,0x000000008000301E] -> 0x1513
mem[X,0x0000000080003020] -> 0x00B5
[3303] [M]: 0x000000008000301E (0x00B51513) slli a0, a0, 11
x10 <- 0xFFFFFFFFFFD2B800
mem[X,0x0000000080003022] -> 0x0513
mem[X,0x0000000080003024] -> 0x6C35
[3304] [M]: 0x0000000080003022 (0x6C350513) addi a0, a0, 1731
x10 <- 0xFFFFFFFFFFD2BEC3
mem[X,0x0000000080003026] -> 0x1513
mem[X,0x0000000080003028] -> 0x00A5
[3305] [M]: 0x0000000080003026 (0x00A51513) slli a0, a0, 10
x10 <- 0xFFFFFFFF4AFB0C00
mem[X,0x000000008000302A] -> 0x0513
mem[X,0x000000008000302C] -> 0x0CE5
[3306] [M]: 0x000000008000302A (0x0CE50513) addi a0, a0, 206
x10 <- 0xFFFFFFFF4AFB0CCE
mem[X,0x000000008000302E] -> 0x892D
[3307] [M]: 0x000000008000302E (0x892D) c.andi a0, 11
x10 <- 0x000000000000000A
mem[X,0x0000000080003030] -> 0xB423
mem[X,0x0000000080003032] -> 0x5AA0
[3308] [M]: 0x0000000080003030 (0x5AA0B423) sd a0, 1448(ra)
mem[0x0000000080006EC0] <- 0x000000000000000A
mem[X,0x0000000080003034] -> 0x0537
mem[X,0x0000000080003036] -> 0x0000
[3309] [M]: 0x0000000080003034 (0x00000537) lui a0, 0
x10 <- 0x0000000000000000
mem[X,0x0000000080003038] -> 0x0513
mem[X,0x000000008000303A] -> 0xFFF5
[3310] [M]: 0x0000000080003038 (0xFFF50513) addi a0, a0, 4095
x10 <- 0xFFFFFFFFFFFFFFFF
mem[X,0x000000008000303C] -> 0x1513
mem[X,0x000000008000303E] -> 0x00B5
[3311] [M]: 0x000000008000303C (0x00B51513) slli a0, a0, 11
x10 <- 0xFFFFFFFFFFFFF800
mem[X,0x0000000080003040] -> 0x0513
mem[X,0x0000000080003042] -> 0x2575
[3312] [M]: 0x0000000080003040 (0x25750513) addi a0, a0, 599
x10 <- 0xFFFFFFFFFFFFFA57
mem[X,0x0000000080003044] -> 0x1513
mem[X,0x0000000080003046] -> 0x00B5
[3313] [M]: 0x0000000080003044 (0x00B51513) slli a0, a0, 11
x10 <- 0xFFFFFFFFFFD2B800
mem[X,0x0000000080003048] -> 0x0513
mem[X,0x000000008000304A] -> 0x6C35
[3314] [M]: 0x0000000080003048 (0x6C350513) addi a0, a0, 1731
x10 <- 0xFFFFFFFFFFD2BEC3
mem[X,0x000000008000304C] -> 0x1513
mem[X,0x000000008000304E] -> 0x00A5
[3315] [M]: 0x000000008000304C (0x00A51513) slli a0, a0, 10
x10 <- 0xFFFFFFFF4AFB0C00
mem[X,0x0000000080003050] -> 0x0513
mem[X,0x0000000080003052] -> 0x0CE5
[3316] [M]: 0x0000000080003050 (0x0CE50513) addi a0, a0, 206
x10 <- 0xFFFFFFFF4AFB0CCE
mem[X,0x0000000080003054] -> 0x891D
[3317] [M]: 0x0000000080003054 (0x891D) c.andi a0, 7
x10 <- 0x0000000000000006
mem[X,0x0000000080003056] -> 0xB823
mem[X,0x0000000080003058] -> 0x5AA0
[3318] [M]: 0x0000000080003056 (0x5AA0B823) sd a0, 1456(ra)
mem[0x0000000080006EC8] <- 0x0000000000000006
mem[X,0x000000008000305A] -> 0x006F
mem[X,0x000000008000305C] -> 0x0380
[3319] [M]: 0x000000008000305A (0x0380006F) jal zero, 56
mem[X,0x0000000080003092] -> 0x4085
[3320] [M]: 0x0000000080003092 (0x4085) c.li ra, 1
x1 <- 0x0000000000000001
mem[X,0x0000000080003094] -> 0x1F17
mem[X,0x0000000080003096] -> 0x0000
[3321] [M]: 0x0000000080003094 (0x00001F17) auipc t5, 1
x30 <- 0x0000000080004094
mem[X,0x0000000080003098] -> 0x2623
mem[X,0x000000008000309A] -> 0xF61F
[3322] [M]: 0x0000000080003098 (0xF61F2623) sw ra, 3948(t5)
htif[0x0000000080004000] <- 0x00000001
mem[X,0x000000008000309C] -> 0xBFE5
[3323] [M]: 0x000000008000309C (0xBFE5) c.j 2044
mem[X,0x0000000080003094] -> 0x1F17
mem[X,0x0000000080003096] -> 0x0000
[3324] [M]: 0x0000000080003094 (0x00001F17) auipc t5, 1
x30 <- 0x0000000080004094
mem[X,0x0000000080003098] -> 0x2623
mem[X,0x000000008000309A] -> 0xF61F
[3325] [M]: 0x0000000080003098 (0xF61F2623) sw ra, 3948(t5)
htif[0x0000000080004000] <- 0x00000001
mem[X,0x000000008000309C] -> 0xBFE5
[3326] [M]: 0x000000008000309C (0xBFE5) c.j 2044
mem[X,0x0000000080003094] -> 0x1F17
mem[X,0x0000000080003096] -> 0x0000
[3327] [M]: 0x0000000080003094 (0x00001F17) auipc t5, 1
x30 <- 0x0000000080004094
mem[X,0x0000000080003098] -> 0x2623
mem[X,0x000000008000309A] -> 0xF61F
[3328] [M]: 0x0000000080003098 (0xF61F2623) sw ra, 3948(t5)
htif[0x0000000080004000] <- 0x00000001
htif-syscall-proxy cmd: 0x000000000001
SUCCESS
