using /home/minami/vscode/github/riscv-cof/test/riscof_work/rv64i_m/I/src/beq-01.S/ref/Reference-sail_c_simulator.signature for test-signature output.
tohost located at 0x80047000
Running file ref.elf.
ELF Entry @ 0x80000000
begin_signature: 0x80049110
end_signature: 0x8004a660
CSR mstatus <- 0x0000000A00000000 (input: 0x0000000000000000)
mem[X,0x0000000000001000] -> 0x0297
mem[X,0x0000000000001002] -> 0x0000
[0] [M]: 0x0000000000001000 (0x00000297) auipc t0, 0
x5 <- 0x0000000000001000
mem[X,0x0000000000001004] -> 0x8593
mem[X,0x0000000000001006] -> 0x0202
[1] [M]: 0x0000000000001004 (0x02028593) addi a1, t0, 32
x11 <- 0x0000000000001020
mem[X,0x0000000000001008] -> 0x2573
mem[X,0x000000000000100A] -> 0xF140
[2] [M]: 0x0000000000001008 (0xF1402573) csrrs a0, mhartid, zero
CSR mhartid -> 0x0000000000000000
x10 <- 0x0000000000000000
mem[X,0x000000000000100C] -> 0xB283
mem[X,0x000000000000100E] -> 0x0182
[3] [M]: 0x000000000000100C (0x0182B283) ld t0, 24(t0)
mem[R,0x0000000000001018] -> 0x0000000080000000
x5 <- 0x0000000080000000
mem[X,0x0000000000001010] -> 0x8067
mem[X,0x0000000000001012] -> 0x0002
[4] [M]: 0x0000000000001010 (0x00028067) jalr zero, t0, 0
mem[X,0x0000000080000000] -> 0xC0B7
mem[X,0x0000000080000002] -> 0xFEED
[5] [M]: 0x0000000080000000 (0xFEEDC0B7) lui ra, 1044188
x1 <- 0xFFFFFFFFFEEDC000
mem[X,0x0000000080000004] -> 0x8093
mem[X,0x0000000080000006] -> 0xEAD0
[6] [M]: 0x0000000080000004 (0xEAD08093) addi ra, ra, 3757
x1 <- 0xFFFFFFFFFEEDBEAD
mem[X,0x0000000080000008] -> 0x9093
mem[X,0x000000008000000A] -> 0x00B0
[7] [M]: 0x0000000080000008 (0x00B09093) slli ra, ra, 11
x1 <- 0xFFFFFFF76DF56800
mem[X,0x000000008000000C] -> 0x8093
mem[X,0x000000008000000E] -> 0x7F70
[8] [M]: 0x000000008000000C (0x7F708093) addi ra, ra, 2039
x1 <- 0xFFFFFFF76DF56FF7
mem[X,0x0000000080000010] -> 0x9093
mem[X,0x0000000080000012] -> 0x00B0
[9] [M]: 0x0000000080000010 (0x00B09093) slli ra, ra, 11
x1 <- 0xFFFFBB6FAB7FB800
mem[X,0x0000000080000014] -> 0x8093
mem[X,0x0000000080000016] -> 0x36F0
[10] [M]: 0x0000000080000014 (0x36F08093) addi ra, ra, 879
x1 <- 0xFFFFBB6FAB7FBB6F
mem[X,0x0000000080000018] -> 0x9093
mem[X,0x000000008000001A] -> 0x00A0
[11] [M]: 0x0000000080000018 (0x00A09093) slli ra, ra, 10
x1 <- 0xFEEDBEADFEEDBC00
mem[X,0x000000008000001C] -> 0x8093
mem[X,0x000000008000001E] -> 0x2AD0
[12] [M]: 0x000000008000001C (0x2AD08093) addi ra, ra, 685
x1 <- 0xFEEDBEADFEEDBEAD
mem[X,0x0000000080000020] -> 0xE137
mem[X,0x0000000080000022] -> 0xFF76
[13] [M]: 0x0000000080000020 (0xFF76E137) lui sp, 1046382
x2 <- 0xFFFFFFFFFF76E000
mem[X,0x0000000080000024] -> 0x0113
mem[X,0x0000000080000026] -> 0xF561
[14] [M]: 0x0000000080000024 (0xF5610113) addi sp, sp, 3926
x2 <- 0xFFFFFFFFFF76DF56
mem[X,0x0000000080000028] -> 0x1113
mem[X,0x000000008000002A] -> 0x00B1
[15] [M]: 0x0000000080000028 (0x00B11113) slli sp, sp, 11
x2 <- 0xFFFFFFFBB6FAB000
mem[X,0x000000008000002C] -> 0x0113
mem[X,0x000000008000002E] -> 0x7FB1
[16] [M]: 0x000000008000002C (0x7FB10113) addi sp, sp, 2043
x2 <- 0xFFFFFFFBB6FAB7FB
mem[X,0x0000000080000030] -> 0x1113
mem[X,0x0000000080000032] -> 0x00B1
[17] [M]: 0x0000000080000030 (0x00B11113) slli sp, sp, 11
x2 <- 0xFFFFDDB7D5BFD800
mem[X,0x0000000080000034] -> 0x0113
mem[X,0x0000000080000036] -> 0x5B71
[18] [M]: 0x0000000080000034 (0x5B710113) addi sp, sp, 1463
x2 <- 0xFFFFDDB7D5BFDDB7
mem[X,0x0000000080000038] -> 0x1113
mem[X,0x000000008000003A] -> 0x00A1
[19] [M]: 0x0000000080000038 (0x00A11113) slli sp, sp, 10
x2 <- 0xFF76DF56FF76DC00
mem[X,0x000000008000003C] -> 0x0113
mem[X,0x000000008000003E] -> 0x3561
[20] [M]: 0x000000008000003C (0x35610113) addi sp, sp, 854
x2 <- 0xFF76DF56FF76DF56
mem[X,0x0000000080000040] -> 0x71B7
mem[X,0x0000000080000042] -> 0x7FBB
[21] [M]: 0x0000000080000040 (0x7FBB71B7) lui gp, 523191
x3 <- 0x000000007FBB7000
mem[X,0x0000000080000044] -> 0x8193
mem[X,0x0000000080000046] -> 0xFAB1
[22] [M]: 0x0000000080000044 (0xFAB18193) addi gp, gp, 4011
x3 <- 0x000000007FBB6FAB
mem[X,0x0000000080000048] -> 0x9193
mem[X,0x000000008000004A] -> 0x00B1
[23] [M]: 0x0000000080000048 (0x00B19193) slli gp, gp, 11
x3 <- 0x000003FDDB7D5800
mem[X,0x000000008000004C] -> 0x8193
mem[X,0x000000008000004E] -> 0x3FD1
[24] [M]: 0x000000008000004C (0x3FD18193) addi gp, gp, 1021
x3 <- 0x000003FDDB7D5BFD
mem[X,0x0000000080000050] -> 0x9193
mem[X,0x0000000080000052] -> 0x00B1
[25] [M]: 0x0000000080000050 (0x00B19193) slli gp, gp, 11
x3 <- 0x001FEEDBEADFE800
mem[X,0x0000000080000054] -> 0x8193
mem[X,0x0000000080000056] -> 0x6DB1
[26] [M]: 0x0000000080000054 (0x6DB18193) addi gp, gp, 1755
x3 <- 0x001FEEDBEADFEEDB
mem[X,0x0000000080000058] -> 0x9193
mem[X,0x000000008000005A] -> 0x00A1
[27] [M]: 0x0000000080000058 (0x00A19193) slli gp, gp, 10
x3 <- 0x7FBB6FAB7FBB6C00
mem[X,0x000000008000005C] -> 0x8193
mem[X,0x000000008000005E] -> 0x3AB1
[28] [M]: 0x000000008000005C (0x3AB18193) addi gp, gp, 939
x3 <- 0x7FBB6FAB7FBB6FAB
mem[X,0x0000000080000060] -> 0xB237
mem[X,0x0000000080000062] -> 0xBFDD
[29] [M]: 0x0000000080000060 (0xBFDDB237) lui tp, 785883
x4 <- 0xFFFFFFFFBFDDB000
mem[X,0x0000000080000064] -> 0x0213
mem[X,0x0000000080000066] -> 0x7D52
[30] [M]: 0x0000000080000064 (0x7D520213) addi tp, tp, 2005
x4 <- 0xFFFFFFFFBFDDB7D5
mem[X,0x0000000080000068] -> 0x1213
mem[X,0x000000008000006A] -> 0x00B2
[31] [M]: 0x0000000080000068 (0x00B21213) slli tp, tp, 11
x4 <- 0xFFFFFDFEEDBEA800
mem[X,0x000000008000006C] -> 0x0213
mem[X,0x000000008000006E] -> 0x5FE2
[32] [M]: 0x000000008000006C (0x5FE20213) addi tp, tp, 1534
x4 <- 0xFFFFFDFEEDBEADFE
mem[X,0x0000000080000070] -> 0x1213
mem[X,0x0000000080000072] -> 0x00B2
[33] [M]: 0x0000000080000070 (0x00B21213) slli tp, tp, 11
x4 <- 0xFFEFF76DF56FF000
mem[X,0x0000000080000074] -> 0x0213
mem[X,0x0000000080000076] -> 0x76D2
[34] [M]: 0x0000000080000074 (0x76D20213) addi tp, tp, 1901
x4 <- 0xFFEFF76DF56FF76D
mem[X,0x0000000080000078] -> 0x1213
mem[X,0x000000008000007A] -> 0x00A2
[35] [M]: 0x0000000080000078 (0x00A21213) slli tp, tp, 10
x4 <- 0xBFDDB7D5BFDDB400
mem[X,0x000000008000007C] -> 0x0213
mem[X,0x000000008000007E] -> 0x3D52
[36] [M]: 0x000000008000007C (0x3D520213) addi tp, tp, 981
x4 <- 0xBFDDB7D5BFDDB7D5
mem[X,0x0000000080000080] -> 0xE2B7
mem[X,0x0000000080000082] -> 0xDFEE
[37] [M]: 0x0000000080000080 (0xDFEEE2B7) lui t0, 917230
x5 <- 0xFFFFFFFFDFEEE000
mem[X,0x0000000080000084] -> 0x8293
mem[X,0x0000000080000086] -> 0xBEA2
[38] [M]: 0x0000000080000084 (0xBEA28293) addi t0, t0, 3050
x5 <- 0xFFFFFFFFDFEEDBEA
mem[X,0x0000000080000088] -> 0x9293
mem[X,0x000000008000008A] -> 0x00B2
[39] [M]: 0x0000000080000088 (0x00B29293) slli t0, t0, 11
x5 <- 0xFFFFFEFF76DF5000
mem[X,0x000000008000008C] -> 0x8293
mem[X,0x000000008000008E] -> 0x6FF2
[40] [M]: 0x000000008000008C (0x6FF28293) addi t0, t0, 1791
x5 <- 0xFFFFFEFF76DF56FF
mem[X,0x0000000080000090] -> 0x9293
mem[X,0x0000000080000092] -> 0x00B2
[41] [M]: 0x0000000080000090 (0x00B29293) slli t0, t0, 11
x5 <- 0xFFF7FBB6FAB7F800
mem[X,0x0000000080000094] -> 0x8293
mem[X,0x0000000080000096] -> 0x3B62
[42] [M]: 0x0000000080000094 (0x3B628293) addi t0, t0, 950
x5 <- 0xFFF7FBB6FAB7FBB6
mem[X,0x0000000080000098] -> 0x9293
mem[X,0x000000008000009A] -> 0x00A2
[43] [M]: 0x0000000080000098 (0x00A29293) slli t0, t0, 10
x5 <- 0xDFEEDBEADFEED800
mem[X,0x000000008000009C] -> 0x8293
mem[X,0x000000008000009E] -> 0x3EA2
[44] [M]: 0x000000008000009C (0x3EA28293) addi t0, t0, 1002
x5 <- 0xDFEEDBEADFEEDBEA
mem[X,0x00000000800000A0] -> 0x7337
mem[X,0x00000000800000A2] -> 0x6FF7
[45] [M]: 0x00000000800000A0 (0x6FF77337) lui t1, 458615
x6 <- 0x000000006FF77000
mem[X,0x00000000800000A4] -> 0x0313
mem[X,0x00000000800000A6] -> 0xDF53
[46] [M]: 0x00000000800000A4 (0xDF530313) addi t1, t1, 3573
x6 <- 0x000000006FF76DF5
mem[X,0x00000000800000A8] -> 0x1313
mem[X,0x00000000800000AA] -> 0x00B3
[47] [M]: 0x00000000800000A8 (0x00B31313) slli t1, t1, 11
x6 <- 0x0000037FBB6FA800
mem[X,0x00000000800000AC] -> 0x0313
mem[X,0x00000000800000AE] -> 0x37F3
[48] [M]: 0x00000000800000AC (0x37F30313) addi t1, t1, 895
x6 <- 0x0000037FBB6FAB7F
mem[X,0x00000000800000B0] -> 0x1313
mem[X,0x00000000800000B2] -> 0x00B3
[49] [M]: 0x00000000800000B0 (0x00B31313) slli t1, t1, 11
x6 <- 0x001BFDDB7D5BF800
mem[X,0x00000000800000B4] -> 0x0313
mem[X,0x00000000800000B6] -> 0x5DB3
[50] [M]: 0x00000000800000B4 (0x5DB30313) addi t1, t1, 1499
x6 <- 0x001BFDDB7D5BFDDB
mem[X,0x00000000800000B8] -> 0x1313
mem[X,0x00000000800000BA] -> 0x00A3
[51] [M]: 0x00000000800000B8 (0x00A31313) slli t1, t1, 10
x6 <- 0x6FF76DF56FF76C00
mem[X,0x00000000800000BC] -> 0x0313
mem[X,0x00000000800000BE] -> 0x1F53
[52] [M]: 0x00000000800000BC (0x1F530313) addi t1, t1, 501
x6 <- 0x6FF76DF56FF76DF5
mem[X,0x00000000800000C0] -> 0xB3B7
mem[X,0x00000000800000C2] -> 0xB7FB
[53] [M]: 0x00000000800000C0 (0xB7FBB3B7) lui t2, 753595
x7 <- 0xFFFFFFFFB7FBB000
mem[X,0x00000000800000C4] -> 0x8393
mem[X,0x00000000800000C6] -> 0x6FA3
[54] [M]: 0x00000000800000C4 (0x6FA38393) addi t2, t2, 1786
x7 <- 0xFFFFFFFFB7FBB6FA
mem[X,0x00000000800000C8] -> 0x9393
mem[X,0x00000000800000CA] -> 0x00B3
[55] [M]: 0x00000000800000C8 (0x00B39393) slli t2, t2, 11
x7 <- 0xFFFFFDBFDDB7D000
mem[X,0x00000000800000CC] -> 0x8393
mem[X,0x00000000800000CE] -> 0x5BF3
[56] [M]: 0x00000000800000CC (0x5BF38393) addi t2, t2, 1471
x7 <- 0xFFFFFDBFDDB7D5BF
mem[X,0x00000000800000D0] -> 0x9393
mem[X,0x00000000800000D2] -> 0x00B3
[57] [M]: 0x00000000800000D0 (0x00B39393) slli t2, t2, 11
x7 <- 0xFFEDFEEDBEADF800
mem[X,0x00000000800000D4] -> 0x8393
mem[X,0x00000000800000D6] -> 0x6ED3
[58] [M]: 0x00000000800000D4 (0x6ED38393) addi t2, t2, 1773
x7 <- 0xFFEDFEEDBEADFEED
mem[X,0x00000000800000D8] -> 0x9393
mem[X,0x00000000800000DA] -> 0x00A3
[59] [M]: 0x00000000800000D8 (0x00A39393) slli t2, t2, 10
x7 <- 0xB7FBB6FAB7FBB400
mem[X,0x00000000800000DC] -> 0x8393
mem[X,0x00000000800000DE] -> 0x2FA3
[60] [M]: 0x00000000800000DC (0x2FA38393) addi t2, t2, 762
x7 <- 0xB7FBB6FAB7FBB6FA
mem[X,0x00000000800000E0] -> 0xE437
mem[X,0x00000000800000E2] -> 0x5BFD
[61] [M]: 0x00000000800000E0 (0x5BFDE437) lui fp, 376798
x8 <- 0x000000005BFDE000
mem[X,0x00000000800000E4] -> 0x0413
mem[X,0x00000000800000E6] -> 0xB7D4
[62] [M]: 0x00000000800000E4 (0xB7D40413) addi fp, fp, 2941
x8 <- 0x000000005BFDDB7D
mem[X,0x00000000800000E8] -> 0x1413
mem[X,0x00000000800000EA] -> 0x00B4
[63] [M]: 0x00000000800000E8 (0x00B41413) slli fp, fp, 11
x8 <- 0x000002DFEEDBE800
mem[X,0x00000000800000EC] -> 0x0413
mem[X,0x00000000800000EE] -> 0x2DF4
[64] [M]: 0x00000000800000EC (0x2DF40413) addi fp, fp, 735
x8 <- 0x000002DFEEDBEADF
mem[X,0x00000000800000F0] -> 0x1413
mem[X,0x00000000800000F2] -> 0x00B4
[65] [M]: 0x00000000800000F0 (0x00B41413) slli fp, fp, 11
x8 <- 0x0016FF76DF56F800
mem[X,0x00000000800000F4] -> 0x0413
mem[X,0x00000000800000F6] -> 0x7764
[66] [M]: 0x00000000800000F4 (0x77640413) addi fp, fp, 1910
x8 <- 0x0016FF76DF56FF76
mem[X,0x00000000800000F8] -> 0x1413
mem[X,0x00000000800000FA] -> 0x00A4
[67] [M]: 0x00000000800000F8 (0x00A41413) slli fp, fp, 10
x8 <- 0x5BFDDB7D5BFDD800
mem[X,0x00000000800000FC] -> 0x0413
mem[X,0x00000000800000FE] -> 0x37D4
[68] [M]: 0x00000000800000FC (0x37D40413) addi fp, fp, 893
x8 <- 0x5BFDDB7D5BFDDB7D
mem[X,0x0000000080000100] -> 0xF4B7
mem[X,0x0000000080000102] -> 0xADFE
[69] [M]: 0x0000000080000100 (0xADFEF4B7) lui s1, 712687
x9 <- 0xFFFFFFFFADFEF000
mem[X,0x0000000080000104] -> 0x8493
mem[X,0x0000000080000106] -> 0xDBE4
[70] [M]: 0x0000000080000104 (0xDBE48493) addi s1, s1, 3518
x9 <- 0xFFFFFFFFADFEEDBE
mem[X,0x0000000080000108] -> 0x9493
mem[X,0x000000008000010A] -> 0x00B4
[71] [M]: 0x0000000080000108 (0x00B49493) slli s1, s1, 11
x9 <- 0xFFFFFD6FF76DF000
mem[X,0x000000008000010C] -> 0x8493
mem[X,0x000000008000010E] -> 0x56F4
[72] [M]: 0x000000008000010C (0x56F48493) addi s1, s1, 1391
x9 <- 0xFFFFFD6FF76DF56F
mem[X,0x0000000080000110] -> 0x9493
mem[X,0x0000000080000112] -> 0x00B4
[73] [M]: 0x0000000080000110 (0x00B49493) slli s1, s1, 11
x9 <- 0xFFEB7FBB6FAB7800
mem[X,0x0000000080000114] -> 0x8493
mem[X,0x0000000080000116] -> 0x7BB4
[74] [M]: 0x0000000080000114 (0x7BB48493) addi s1, s1, 1979
x9 <- 0xFFEB7FBB6FAB7FBB
mem[X,0x0000000080000118] -> 0x9493
mem[X,0x000000008000011A] -> 0x00A4
[75] [M]: 0x0000000080000118 (0x00A49493) slli s1, s1, 10
x9 <- 0xADFEEDBEADFEEC00
mem[X,0x000000008000011C] -> 0x8493
mem[X,0x000000008000011E] -> 0x1BE4
[76] [M]: 0x000000008000011C (0x1BE48493) addi s1, s1, 446
x9 <- 0xADFEEDBEADFEEDBE
mem[X,0x0000000080000120] -> 0x7537
mem[X,0x0000000080000122] -> 0x56FF
[77] [M]: 0x0000000080000120 (0x56FF7537) lui a0, 356343
x10 <- 0x0000000056FF7000
mem[X,0x0000000080000124] -> 0x0513
mem[X,0x0000000080000126] -> 0x6DF5
[78] [M]: 0x0000000080000124 (0x6DF50513) addi a0, a0, 1759
x10 <- 0x0000000056FF76DF
mem[X,0x0000000080000128] -> 0x1513
mem[X,0x000000008000012A] -> 0x00B5
[79] [M]: 0x0000000080000128 (0x00B51513) slli a0, a0, 11
x10 <- 0x000002B7FBB6F800
mem[X,0x000000008000012C] -> 0x0513
mem[X,0x000000008000012E] -> 0x2B75
[80] [M]: 0x000000008000012C (0x2B750513) addi a0, a0, 695
x10 <- 0x000002B7FBB6FAB7
mem[X,0x0000000080000130] -> 0x1513
mem[X,0x0000000080000132] -> 0x00B5
[81] [M]: 0x0000000080000130 (0x00B51513) slli a0, a0, 11
x10 <- 0x0015BFDDB7D5B800
mem[X,0x0000000080000134] -> 0x0513
mem[X,0x0000000080000136] -> 0x7DD5
[82] [M]: 0x0000000080000134 (0x7DD50513) addi a0, a0, 2013
x10 <- 0x0015BFDDB7D5BFDD
mem[X,0x0000000080000138] -> 0x1513
mem[X,0x000000008000013A] -> 0x00A5
[83] [M]: 0x0000000080000138 (0x00A51513) slli a0, a0, 10
x10 <- 0x56FF76DF56FF7400
mem[X,0x000000008000013C] -> 0x0513
mem[X,0x000000008000013E] -> 0x2DF5
[84] [M]: 0x000000008000013C (0x2DF50513) addi a0, a0, 735
x10 <- 0x56FF76DF56FF76DF
mem[X,0x0000000080000140] -> 0xC5B7
mem[X,0x0000000080000142] -> 0xAB7F
[85] [M]: 0x0000000080000140 (0xAB7FC5B7) lui a1, 702460
x11 <- 0xFFFFFFFFAB7FC000
mem[X,0x0000000080000144] -> 0x8593
mem[X,0x0000000080000146] -> 0xB6F5
[86] [M]: 0x0000000080000144 (0xB6F58593) addi a1, a1, 2927
x11 <- 0xFFFFFFFFAB7FBB6F
mem[X,0x0000000080000148] -> 0x9593
mem[X,0x000000008000014A] -> 0x00B5
[87] [M]: 0x0000000080000148 (0x00B59593) slli a1, a1, 11
x11 <- 0xFFFFFD5BFDDB7800
mem[X,0x000000008000014C] -> 0x8593
mem[X,0x000000008000014E] -> 0x55B5
[88] [M]: 0x000000008000014C (0x55B58593) addi a1, a1, 1371
x11 <- 0xFFFFFD5BFDDB7D5B
mem[X,0x0000000080000150] -> 0x9593
mem[X,0x0000000080000152] -> 0x00B5
[89] [M]: 0x0000000080000150 (0x00B59593) slli a1, a1, 11
x11 <- 0xFFEADFEEDBEAD800
mem[X,0x0000000080000154] -> 0x8593
mem[X,0x0000000080000156] -> 0x7EE5
[90] [M]: 0x0000000080000154 (0x7EE58593) addi a1, a1, 2030
x11 <- 0xFFEADFEEDBEADFEE
mem[X,0x0000000080000158] -> 0x9593
mem[X,0x000000008000015A] -> 0x00A5
[91] [M]: 0x0000000080000158 (0x00A59593) slli a1, a1, 10
x11 <- 0xAB7FBB6FAB7FB800
mem[X,0x000000008000015C] -> 0x8593
mem[X,0x000000008000015E] -> 0x36F5
[92] [M]: 0x000000008000015C (0x36F58593) addi a1, a1, 879
x11 <- 0xAB7FBB6FAB7FBB6F
mem[X,0x0000000080000160] -> 0xE637
mem[X,0x0000000080000162] -> 0xD5BF
[93] [M]: 0x0000000080000160 (0xD5BFE637) lui a2, 875518
x12 <- 0xFFFFFFFFD5BFE000
mem[X,0x0000000080000164] -> 0x0613
mem[X,0x0000000080000166] -> 0xDB76
[94] [M]: 0x0000000080000164 (0xDB760613) addi a2, a2, 3511
x12 <- 0xFFFFFFFFD5BFDDB7
mem[X,0x0000000080000168] -> 0x1613
mem[X,0x000000008000016A] -> 0x00B6
[95] [M]: 0x0000000080000168 (0x00B61613) slli a2, a2, 11
x12 <- 0xFFFFFEADFEEDB800
mem[X,0x000000008000016C] -> 0x0613
mem[X,0x000000008000016E] -> 0x6AD6
[96] [M]: 0x000000008000016C (0x6AD60613) addi a2, a2, 1709
x12 <- 0xFFFFFEADFEEDBEAD
mem[X,0x0000000080000170] -> 0x1613
mem[X,0x0000000080000172] -> 0x00B6
[97] [M]: 0x0000000080000170 (0x00B61613) slli a2, a2, 11
x12 <- 0xFFF56FF76DF56800
mem[X,0x0000000080000174] -> 0x0613
mem[X,0x0000000080000176] -> 0x7F76
[98] [M]: 0x0000000080000174 (0x7F760613) addi a2, a2, 2039
x12 <- 0xFFF56FF76DF56FF7
mem[X,0x0000000080000178] -> 0x1613
mem[X,0x000000008000017A] -> 0x00A6
[99] [M]: 0x0000000080000178 (0x00A61613) slli a2, a2, 10
x12 <- 0xD5BFDDB7D5BFDC00
clint::tick mtime <- 0x0000000000000001
 clint timer pending at mtime 0x0000000000000001
htif::tick 0x0000000000000000
mem[X,0x000000008000017C] -> 0x0613
mem[X,0x000000008000017E] -> 0x1B76
[100] [M]: 0x000000008000017C (0x1B760613) addi a2, a2, 439
x12 <- 0xD5BFDDB7D5BFDDB7
mem[X,0x0000000080000180] -> 0xF6B7
mem[X,0x0000000080000182] -> 0xEADF
[101] [M]: 0x0000000080000180 (0xEADFF6B7) lui a3, 962047
x13 <- 0xFFFFFFFFEADFF000
mem[X,0x0000000080000184] -> 0x8693
mem[X,0x0000000080000186] -> 0xEDB6
[102] [M]: 0x0000000080000184 (0xEDB68693) addi a3, a3, 3803
x13 <- 0xFFFFFFFFEADFEEDB
mem[X,0x0000000080000188] -> 0x9693
mem[X,0x000000008000018A] -> 0x00B6
[103] [M]: 0x0000000080000188 (0x00B69693) slli a3, a3, 11
x13 <- 0xFFFFFF56FF76D800
mem[X,0x000000008000018C] -> 0x8693
mem[X,0x000000008000018E] -> 0x7566
[104] [M]: 0x000000008000018C (0x75668693) addi a3, a3, 1878
x13 <- 0xFFFFFF56FF76DF56
mem[X,0x0000000080000190] -> 0x9693
mem[X,0x0000000080000192] -> 0x00B6
[105] [M]: 0x0000000080000190 (0x00B69693) slli a3, a3, 11
x13 <- 0xFFFAB7FBB6FAB000
mem[X,0x0000000080000194] -> 0x8693
mem[X,0x0000000080000196] -> 0x7FB6
[106] [M]: 0x0000000080000194 (0x7FB68693) addi a3, a3, 2043
x13 <- 0xFFFAB7FBB6FAB7FB
mem[X,0x0000000080000198] -> 0x9693
mem[X,0x000000008000019A] -> 0x00A6
[107] [M]: 0x0000000080000198 (0x00A69693) slli a3, a3, 10
x13 <- 0xEADFEEDBEADFEC00
mem[X,0x000000008000019C] -> 0x8693
mem[X,0x000000008000019E] -> 0x2DB6
[108] [M]: 0x000000008000019C (0x2DB68693) addi a3, a3, 731
x13 <- 0xEADFEEDBEADFEEDB
mem[X,0x00000000800001A0] -> 0xF737
mem[X,0x00000000800001A2] -> 0xF56F
[109] [M]: 0x00000000800001A0 (0xF56FF737) lui a4, 1005311
x14 <- 0xFFFFFFFFF56FF000
mem[X,0x00000000800001A4] -> 0x0713
mem[X,0x00000000800001A6] -> 0x76D7
[110] [M]: 0x00000000800001A4 (0x76D70713) addi a4, a4, 1901
x14 <- 0xFFFFFFFFF56FF76D
mem[X,0x00000000800001A8] -> 0x1713
mem[X,0x00000000800001AA] -> 0x00B7
[111] [M]: 0x00000000800001A8 (0x00B71713) slli a4, a4, 11
x14 <- 0xFFFFFFAB7FBB6800
mem[X,0x00000000800001AC] -> 0x0713
mem[X,0x00000000800001AE] -> 0x7AB7
[112] [M]: 0x00000000800001AC (0x7AB70713) addi a4, a4, 1963
x14 <- 0xFFFFFFAB7FBB6FAB
mem[X,0x00000000800001B0] -> 0x1713
mem[X,0x00000000800001B2] -> 0x00B7
[113] [M]: 0x00000000800001B0 (0x00B71713) slli a4, a4, 11
x14 <- 0xFFFD5BFDDB7D5800
mem[X,0x00000000800001B4] -> 0x0713
mem[X,0x00000000800001B6] -> 0x3FD7
[114] [M]: 0x00000000800001B4 (0x3FD70713) addi a4, a4, 1021
x14 <- 0xFFFD5BFDDB7D5BFD
mem[X,0x00000000800001B8] -> 0x1713
mem[X,0x00000000800001BA] -> 0x00A7
[115] [M]: 0x00000000800001B8 (0x00A71713) slli a4, a4, 10
x14 <- 0xF56FF76DF56FF400
mem[X,0x00000000800001BC] -> 0x0713
mem[X,0x00000000800001BE] -> 0x36D7
[116] [M]: 0x00000000800001BC (0x36D70713) addi a4, a4, 877
x14 <- 0xF56FF76DF56FF76D
mem[X,0x00000000800001C0] -> 0x07B7
mem[X,0x00000000800001C2] -> 0xFAB8
[117] [M]: 0x00000000800001C0 (0xFAB807B7) lui a5, 1026944
x15 <- 0xFFFFFFFFFAB80000
mem[X,0x00000000800001C4] -> 0x8793
mem[X,0x00000000800001C6] -> 0xBB67
[118] [M]: 0x00000000800001C4 (0xBB678793) addi a5, a5, 2998
x15 <- 0xFFFFFFFFFAB7FBB6
mem[X,0x00000000800001C8] -> 0x9793
mem[X,0x00000000800001CA] -> 0x00B7
[119] [M]: 0x00000000800001C8 (0x00B79793) slli a5, a5, 11
x15 <- 0xFFFFFFD5BFDDB000
mem[X,0x00000000800001CC] -> 0x8793
mem[X,0x00000000800001CE] -> 0x7D57
[120] [M]: 0x00000000800001CC (0x7D578793) addi a5, a5, 2005
x15 <- 0xFFFFFFD5BFDDB7D5
mem[X,0x00000000800001D0] -> 0x9793
mem[X,0x00000000800001D2] -> 0x00B7
[121] [M]: 0x00000000800001D0 (0x00B79793) slli a5, a5, 11
x15 <- 0xFFFEADFEEDBEA800
mem[X,0x00000000800001D4] -> 0x8793
mem[X,0x00000000800001D6] -> 0x5FE7
[122] [M]: 0x00000000800001D4 (0x5FE78793) addi a5, a5, 1534
x15 <- 0xFFFEADFEEDBEADFE
mem[X,0x00000000800001D8] -> 0x9793
mem[X,0x00000000800001DA] -> 0x00A7
[123] [M]: 0x00000000800001D8 (0x00A79793) slli a5, a5, 10
x15 <- 0xFAB7FBB6FAB7F800
mem[X,0x00000000800001DC] -> 0x8793
mem[X,0x00000000800001DE] -> 0x3B67
[124] [M]: 0x00000000800001DC (0x3B678793) addi a5, a5, 950
x15 <- 0xFAB7FBB6FAB7FBB6
mem[X,0x00000000800001E0] -> 0x0837
mem[X,0x00000000800001E2] -> 0x7D5C
[125] [M]: 0x00000000800001E0 (0x7D5C0837) lui a6, 513472
x16 <- 0x000000007D5C0000
mem[X,0x00000000800001E4] -> 0x0813
mem[X,0x00000000800001E6] -> 0xDDB8
[126] [M]: 0x00000000800001E4 (0xDDB80813) addi a6, a6, 3547
x16 <- 0x000000007D5BFDDB
mem[X,0x00000000800001E8] -> 0x1813
mem[X,0x00000000800001EA] -> 0x00B8
[127] [M]: 0x00000000800001E8 (0x00B81813) slli a6, a6, 11
x16 <- 0x000003EADFEED800
mem[X,0x00000000800001EC] -> 0x0813
mem[X,0x00000000800001EE] -> 0x3EA8
[128] [M]: 0x00000000800001EC (0x3EA80813) addi a6, a6, 1002
x16 <- 0x000003EADFEEDBEA
mem[X,0x00000000800001F0] -> 0x1813
mem[X,0x00000000800001F2] -> 0x00B8
[129] [M]: 0x00000000800001F0 (0x00B81813) slli a6, a6, 11
x16 <- 0x001F56FF76DF5000
mem[X,0x00000000800001F4] -> 0x0813
mem[X,0x00000000800001F6] -> 0x6FF8
[130] [M]: 0x00000000800001F4 (0x6FF80813) addi a6, a6, 1791
x16 <- 0x001F56FF76DF56FF
mem[X,0x00000000800001F8] -> 0x1813
mem[X,0x00000000800001FA] -> 0x00A8
[131] [M]: 0x00000000800001F8 (0x00A81813) slli a6, a6, 10
x16 <- 0x7D5BFDDB7D5BFC00
mem[X,0x00000000800001FC] -> 0x0813
mem[X,0x00000000800001FE] -> 0x1DB8
[132] [M]: 0x00000000800001FC (0x1DB80813) addi a6, a6, 475
x16 <- 0x7D5BFDDB7D5BFDDB
mem[X,0x0000000080000200] -> 0x08B7
mem[X,0x0000000080000202] -> 0xBEAE
[133] [M]: 0x0000000080000200 (0xBEAE08B7) lui a7, 781024
x17 <- 0xFFFFFFFFBEAE0000
mem[X,0x0000000080000204] -> 0x8893
mem[X,0x0000000080000206] -> 0xEED8
[134] [M]: 0x0000000080000204 (0xEED88893) addi a7, a7, 3821
x17 <- 0xFFFFFFFFBEADFEED
mem[X,0x0000000080000208] -> 0x9893
mem[X,0x000000008000020A] -> 0x00B8
[135] [M]: 0x0000000080000208 (0x00B89893) slli a7, a7, 11
x17 <- 0xFFFFFDF56FF76800
mem[X,0x000000008000020C] -> 0x8893
mem[X,0x000000008000020E] -> 0x5F58
[136] [M]: 0x000000008000020C (0x5F588893) addi a7, a7, 1525
x17 <- 0xFFFFFDF56FF76DF5
mem[X,0x0000000080000210] -> 0x9893
mem[X,0x0000000080000212] -> 0x00B8
[137] [M]: 0x0000000080000210 (0x00B89893) slli a7, a7, 11
x17 <- 0xFFEFAB7FBB6FA800
mem[X,0x0000000080000214] -> 0x8893
mem[X,0x0000000080000216] -> 0x37F8
[138] [M]: 0x0000000080000214 (0x37F88893) addi a7, a7, 895
x17 <- 0xFFEFAB7FBB6FAB7F
mem[X,0x0000000080000218] -> 0x9893
mem[X,0x000000008000021A] -> 0x00A8
[139] [M]: 0x0000000080000218 (0x00A89893) slli a7, a7, 10
x17 <- 0xBEADFEEDBEADFC00
mem[X,0x000000008000021C] -> 0x8893
mem[X,0x000000008000021E] -> 0x2ED8
[140] [M]: 0x000000008000021C (0x2ED88893) addi a7, a7, 749
x17 <- 0xBEADFEEDBEADFEED
mem[X,0x0000000080000220] -> 0x0937
mem[X,0x0000000080000222] -> 0xDF57
[141] [M]: 0x0000000080000220 (0xDF570937) lui s2, 914800
x18 <- 0xFFFFFFFFDF570000
mem[X,0x0000000080000224] -> 0x0913
mem[X,0x0000000080000226] -> 0xF769
[142] [M]: 0x0000000080000224 (0xF7690913) addi s2, s2, 3958
x18 <- 0xFFFFFFFFDF56FF76
mem[X,0x0000000080000228] -> 0x1913
mem[X,0x000000008000022A] -> 0x00B9
[143] [M]: 0x0000000080000228 (0x00B91913) slli s2, s2, 11
x18 <- 0xFFFFFEFAB7FBB000
mem[X,0x000000008000022C] -> 0x0913
mem[X,0x000000008000022E] -> 0x6FA9
[144] [M]: 0x000000008000022C (0x6FA90913) addi s2, s2, 1786
x18 <- 0xFFFFFEFAB7FBB6FA
mem[X,0x0000000080000230] -> 0x1913
mem[X,0x0000000080000232] -> 0x00B9
[145] [M]: 0x0000000080000230 (0x00B91913) slli s2, s2, 11
x18 <- 0xFFF7D5BFDDB7D000
mem[X,0x0000000080000234] -> 0x0913
mem[X,0x0000000080000236] -> 0x5BF9
[146] [M]: 0x0000000080000234 (0x5BF90913) addi s2, s2, 1471
x18 <- 0xFFF7D5BFDDB7D5BF
mem[X,0x0000000080000238] -> 0x1913
mem[X,0x000000008000023A] -> 0x00A9
[147] [M]: 0x0000000080000238 (0x00A91913) slli s2, s2, 10
x18 <- 0xDF56FF76DF56FC00
mem[X,0x000000008000023C] -> 0x0913
mem[X,0x000000008000023E] -> 0x3769
[148] [M]: 0x000000008000023C (0x37690913) addi s2, s2, 886
x18 <- 0xDF56FF76DF56FF76
mem[X,0x0000000080000240] -> 0x89B7
mem[X,0x0000000080000242] -> 0x6FAB
[149] [M]: 0x0000000080000240 (0x6FAB89B7) lui s3, 457400
x19 <- 0x000000006FAB8000
mem[X,0x0000000080000244] -> 0x8993
mem[X,0x0000000080000246] -> 0xFBB9
[150] [M]: 0x0000000080000244 (0xFBB98993) addi s3, s3, 4027
x19 <- 0x000000006FAB7FBB
mem[X,0x0000000080000248] -> 0x9993
mem[X,0x000000008000024A] -> 0x00B9
[151] [M]: 0x0000000080000248 (0x00B99993) slli s3, s3, 11
x19 <- 0x0000037D5BFDD800
mem[X,0x000000008000024C] -> 0x8993
mem[X,0x000000008000024E] -> 0x37D9
[152] [M]: 0x000000008000024C (0x37D98993) addi s3, s3, 893
x19 <- 0x0000037D5BFDDB7D
mem[X,0x0000000080000250] -> 0x9993
mem[X,0x0000000080000252] -> 0x00B9
[153] [M]: 0x0000000080000250 (0x00B99993) slli s3, s3, 11
x19 <- 0x001BEADFEEDBE800
mem[X,0x0000000080000254] -> 0x8993
mem[X,0x0000000080000256] -> 0x2DF9
[154] [M]: 0x0000000080000254 (0x2DF98993) addi s3, s3, 735
x19 <- 0x001BEADFEEDBEADF
mem[X,0x0000000080000258] -> 0x9993
mem[X,0x000000008000025A] -> 0x00A9
[155] [M]: 0x0000000080000258 (0x00A99993) slli s3, s3, 10
x19 <- 0x6FAB7FBB6FAB7C00
mem[X,0x000000008000025C] -> 0x8993
mem[X,0x000000008000025E] -> 0x3BB9
[156] [M]: 0x000000008000025C (0x3BB98993) addi s3, s3, 955
x19 <- 0x6FAB7FBB6FAB7FBB
mem[X,0x0000000080000260] -> 0xCA37
mem[X,0x0000000080000262] -> 0xB7D5
[157] [M]: 0x0000000080000260 (0xB7D5CA37) lui s4, 752988
x20 <- 0xFFFFFFFFB7D5C000
mem[X,0x0000000080000264] -> 0x0A13
mem[X,0x0000000080000266] -> 0xFDDA
[158] [M]: 0x0000000080000264 (0xFDDA0A13) addi s4, s4, 4061
x20 <- 0xFFFFFFFFB7D5BFDD
mem[X,0x0000000080000268] -> 0x1A13
mem[X,0x000000008000026A] -> 0x00BA
[159] [M]: 0x0000000080000268 (0x00BA1A13) slli s4, s4, 11
x20 <- 0xFFFFFDBEADFEE800
mem[X,0x000000008000026C] -> 0x0A13
mem[X,0x000000008000026E] -> 0x5BEA
[160] [M]: 0x000000008000026C (0x5BEA0A13) addi s4, s4, 1470
x20 <- 0xFFFFFDBEADFEEDBE
mem[X,0x0000000080000270] -> 0x1A13
mem[X,0x0000000080000272] -> 0x00BA
[161] [M]: 0x0000000080000270 (0x00BA1A13) slli s4, s4, 11
x20 <- 0xFFEDF56FF76DF000
mem[X,0x0000000080000274] -> 0x0A13
mem[X,0x0000000080000276] -> 0x56FA
[162] [M]: 0x0000000080000274 (0x56FA0A13) addi s4, s4, 1391
x20 <- 0xFFEDF56FF76DF56F
mem[X,0x0000000080000278] -> 0x1A13
mem[X,0x000000008000027A] -> 0x00AA
[163] [M]: 0x0000000080000278 (0x00AA1A13) slli s4, s4, 10
x20 <- 0xB7D5BFDDB7D5BC00
mem[X,0x000000008000027C] -> 0x0A13
mem[X,0x000000008000027E] -> 0x3DDA
[164] [M]: 0x000000008000027C (0x3DDA0A13) addi s4, s4, 989
x20 <- 0xB7D5BFDDB7D5BFDD
mem[X,0x0000000080000280] -> 0xEAB7
mem[X,0x0000000080000282] -> 0xDBEA
[165] [M]: 0x0000000080000280 (0xDBEAEAB7) lui s5, 900782
x21 <- 0xFFFFFFFFDBEAE000
mem[X,0x0000000080000284] -> 0x8A93
mem[X,0x0000000080000286] -> 0xFEEA
[166] [M]: 0x0000000080000284 (0xFEEA8A93) addi s5, s5, 4078
x21 <- 0xFFFFFFFFDBEADFEE
mem[X,0x0000000080000288] -> 0x9A93
mem[X,0x000000008000028A] -> 0x00BA
[167] [M]: 0x0000000080000288 (0x00BA9A93) slli s5, s5, 11
x21 <- 0xFFFFFEDF56FF7000
mem[X,0x000000008000028C] -> 0x8A93
mem[X,0x000000008000028E] -> 0x6DFA
[168] [M]: 0x000000008000028C (0x6DFA8A93) addi s5, s5, 1759
x21 <- 0xFFFFFEDF56FF76DF
mem[X,0x0000000080000290] -> 0x9A93
mem[X,0x0000000080000292] -> 0x00BA
[169] [M]: 0x0000000080000290 (0x00BA9A93) slli s5, s5, 11
x21 <- 0xFFF6FAB7FBB6F800
mem[X,0x0000000080000294] -> 0x8A93
mem[X,0x0000000080000296] -> 0x2B7A
[170] [M]: 0x0000000080000294 (0x2B7A8A93) addi s5, s5, 695
x21 <- 0xFFF6FAB7FBB6FAB7
mem[X,0x0000000080000298] -> 0x9A93
mem[X,0x000000008000029A] -> 0x00AA
[171] [M]: 0x0000000080000298 (0x00AA9A93) slli s5, s5, 10
x21 <- 0xDBEADFEEDBEADC00
mem[X,0x000000008000029C] -> 0x8A93
mem[X,0x000000008000029E] -> 0x3EEA
[172] [M]: 0x000000008000029C (0x3EEA8A93) addi s5, s5, 1006
x21 <- 0xDBEADFEEDBEADFEE
mem[X,0x00000000800002A0] -> 0x7B37
mem[X,0x00000000800002A2] -> 0x6DF5
[173] [M]: 0x00000000800002A0 (0x6DF57B37) lui s6, 450391
x22 <- 0x000000006DF57000
mem[X,0x00000000800002A4] -> 0x0B13
mem[X,0x00000000800002A6] -> 0xFF7B
[174] [M]: 0x00000000800002A4 (0xFF7B0B13) addi s6, s6, 4087
x22 <- 0x000000006DF56FF7
mem[X,0x00000000800002A8] -> 0x1B13
mem[X,0x00000000800002AA] -> 0x00BB
[175] [M]: 0x00000000800002A8 (0x00BB1B13) slli s6, s6, 11
x22 <- 0x0000036FAB7FB800
mem[X,0x00000000800002AC] -> 0x0B13
mem[X,0x00000000800002AE] -> 0x36FB
[176] [M]: 0x00000000800002AC (0x36FB0B13) addi s6, s6, 879
x22 <- 0x0000036FAB7FBB6F
mem[X,0x00000000800002B0] -> 0x1B13
mem[X,0x00000000800002B2] -> 0x00BB
[177] [M]: 0x00000000800002B0 (0x00BB1B13) slli s6, s6, 11
x22 <- 0x001B7D5BFDDB7800
mem[X,0x00000000800002B4] -> 0x0B13
mem[X,0x00000000800002B6] -> 0x55BB
[178] [M]: 0x00000000800002B4 (0x55BB0B13) addi s6, s6, 1371
x22 <- 0x001B7D5BFDDB7D5B
mem[X,0x00000000800002B8] -> 0x1B13
mem[X,0x00000000800002BA] -> 0x00AB
[179] [M]: 0x00000000800002B8 (0x00AB1B13) slli s6, s6, 10
x22 <- 0x6DF56FF76DF56C00
mem[X,0x00000000800002BC] -> 0x0B13
mem[X,0x00000000800002BE] -> 0x3F7B
[180] [M]: 0x00000000800002BC (0x3F7B0B13) addi s6, s6, 1015
x22 <- 0x6DF56FF76DF56FF7
mem[X,0x00000000800002C0] -> 0xBBB7
mem[X,0x00000000800002C2] -> 0xB6FA
[181] [M]: 0x00000000800002C0 (0xB6FABBB7) lui s7, 749483
x23 <- 0xFFFFFFFFB6FAB000
mem[X,0x00000000800002C4] -> 0x8B93
mem[X,0x00000000800002C6] -> 0x7FBB
[182] [M]: 0x00000000800002C4 (0x7FBB8B93) addi s7, s7, 2043
x23 <- 0xFFFFFFFFB6FAB7FB
mem[X,0x00000000800002C8] -> 0x9B93
mem[X,0x00000000800002CA] -> 0x00BB
[183] [M]: 0x00000000800002C8 (0x00BB9B93) slli s7, s7, 11
x23 <- 0xFFFFFDB7D5BFD800
mem[X,0x00000000800002CC] -> 0x8B93
mem[X,0x00000000800002CE] -> 0x5B7B
[184] [M]: 0x00000000800002CC (0x5B7B8B93) addi s7, s7, 1463
x23 <- 0xFFFFFDB7D5BFDDB7
mem[X,0x00000000800002D0] -> 0x9B93
mem[X,0x00000000800002D2] -> 0x00BB
[185] [M]: 0x00000000800002D0 (0x00BB9B93) slli s7, s7, 11
x23 <- 0xFFEDBEADFEEDB800
mem[X,0x00000000800002D4] -> 0x8B93
mem[X,0x00000000800002D6] -> 0x6ADB
[186] [M]: 0x00000000800002D4 (0x6ADB8B93) addi s7, s7, 1709
x23 <- 0xFFEDBEADFEEDBEAD
mem[X,0x00000000800002D8] -> 0x9B93
mem[X,0x00000000800002DA] -> 0x00AB
[187] [M]: 0x00000000800002D8 (0x00AB9B93) slli s7, s7, 10
x23 <- 0xB6FAB7FBB6FAB400
mem[X,0x00000000800002DC] -> 0x8B93
mem[X,0x00000000800002DE] -> 0x3FBB
[188] [M]: 0x00000000800002DC (0x3FBB8B93) addi s7, s7, 1019
x23 <- 0xB6FAB7FBB6FAB7FB
mem[X,0x00000000800002E0] -> 0x6C37
mem[X,0x00000000800002E2] -> 0xDB7D
[189] [M]: 0x00000000800002E0 (0xDB7D6C37) lui s8, 899030
x24 <- 0xFFFFFFFFDB7D6000
mem[X,0x00000000800002E4] -> 0x0C13
mem[X,0x00000000800002E6] -> 0xBFDC
[190] [M]: 0x00000000800002E4 (0xBFDC0C13) addi s8, s8, 3069
x24 <- 0xFFFFFFFFDB7D5BFD
mem[X,0x00000000800002E8] -> 0x1C13
mem[X,0x00000000800002EA] -> 0x00BC
[191] [M]: 0x00000000800002E8 (0x00BC1C13) slli s8, s8, 11
x24 <- 0xFFFFFEDBEADFE800
mem[X,0x00000000800002EC] -> 0x0C13
mem[X,0x00000000800002EE] -> 0x6DBC
[192] [M]: 0x00000000800002EC (0x6DBC0C13) addi s8, s8, 1755
x24 <- 0xFFFFFEDBEADFEEDB
mem[X,0x00000000800002F0] -> 0x1C13
mem[X,0x00000000800002F2] -> 0x00BC
[193] [M]: 0x00000000800002F0 (0x00BC1C13) slli s8, s8, 11
x24 <- 0xFFF6DF56FF76D800
mem[X,0x00000000800002F4] -> 0x0C13
mem[X,0x00000000800002F6] -> 0x756C
[194] [M]: 0x00000000800002F4 (0x756C0C13) addi s8, s8, 1878
x24 <- 0xFFF6DF56FF76DF56
mem[X,0x00000000800002F8] -> 0x1C13
mem[X,0x00000000800002FA] -> 0x00AC
[195] [M]: 0x00000000800002F8 (0x00AC1C13) slli s8, s8, 10
x24 <- 0xDB7D5BFDDB7D5800
mem[X,0x00000000800002FC] -> 0x0C13
mem[X,0x00000000800002FE] -> 0x3FDC
[196] [M]: 0x00000000800002FC (0x3FDC0C13) addi s8, s8, 1021
x24 <- 0xDB7D5BFDDB7D5BFD
mem[X,0x0000000080000300] -> 0xBCB7
mem[X,0x0000000080000302] -> 0xEDBE
[197] [M]: 0x0000000080000300 (0xEDBEBCB7) lui s9, 973803
x25 <- 0xFFFFFFFFEDBEB000
mem[X,0x0000000080000304] -> 0x8C93
mem[X,0x0000000080000306] -> 0xDFEC
[198] [M]: 0x0000000080000304 (0xDFEC8C93) addi s9, s9, 3582
x25 <- 0xFFFFFFFFEDBEADFE
mem[X,0x0000000080000308] -> 0x9C93
mem[X,0x000000008000030A] -> 0x00BC
[199] [M]: 0x0000000080000308 (0x00BC9C93) slli s9, s9, 11
x25 <- 0xFFFFFF6DF56FF000
clint::tick mtime <- 0x0000000000000002
 clint timer pending at mtime 0x0000000000000002
htif::tick 0x0000000000000000
mem[X,0x000000008000030C] -> 0x8C93
mem[X,0x000000008000030E] -> 0x76DC
[200] [M]: 0x000000008000030C (0x76DC8C93) addi s9, s9, 1901
x25 <- 0xFFFFFF6DF56FF76D
mem[X,0x0000000080000310] -> 0x9C93
mem[X,0x0000000080000312] -> 0x00BC
[201] [M]: 0x0000000080000310 (0x00BC9C93) slli s9, s9, 11
x25 <- 0xFFFB6FAB7FBB6800
mem[X,0x0000000080000314] -> 0x8C93
mem[X,0x0000000080000316] -> 0x7ABC
[202] [M]: 0x0000000080000314 (0x7ABC8C93) addi s9, s9, 1963
x25 <- 0xFFFB6FAB7FBB6FAB
mem[X,0x0000000080000318] -> 0x9C93
mem[X,0x000000008000031A] -> 0x00AC
[203] [M]: 0x0000000080000318 (0x00AC9C93) slli s9, s9, 10
x25 <- 0xEDBEADFEEDBEAC00
mem[X,0x000000008000031C] -> 0x8C93
mem[X,0x000000008000031E] -> 0x1FEC
[204] [M]: 0x000000008000031C (0x1FEC8C93) addi s9, s9, 510
x25 <- 0xEDBEADFEEDBEADFE
mem[X,0x0000000080000320] -> 0x5D37
mem[X,0x0000000080000322] -> 0x76DF
[205] [M]: 0x0000000080000320 (0x76DF5D37) lui s10, 486901
x26 <- 0x0000000076DF5000
mem[X,0x0000000080000324] -> 0x0D13
mem[X,0x0000000080000326] -> 0x6FFD
[206] [M]: 0x0000000080000324 (0x6FFD0D13) addi s10, s10, 1791
x26 <- 0x0000000076DF56FF
mem[X,0x0000000080000328] -> 0x1D13
mem[X,0x000000008000032A] -> 0x00BD
[207] [M]: 0x0000000080000328 (0x00BD1D13) slli s10, s10, 11
x26 <- 0x000003B6FAB7F800
mem[X,0x000000008000032C] -> 0x0D13
mem[X,0x000000008000032E] -> 0x3B6D
[208] [M]: 0x000000008000032C (0x3B6D0D13) addi s10, s10, 950
x26 <- 0x000003B6FAB7FBB6
mem[X,0x0000000080000330] -> 0x1D13
mem[X,0x0000000080000332] -> 0x00BD
[209] [M]: 0x0000000080000330 (0x00BD1D13) slli s10, s10, 11
x26 <- 0x001DB7D5BFDDB000
mem[X,0x0000000080000334] -> 0x0D13
mem[X,0x0000000080000336] -> 0x7D5D
[210] [M]: 0x0000000080000334 (0x7D5D0D13) addi s10, s10, 2005
x26 <- 0x001DB7D5BFDDB7D5
mem[X,0x0000000080000338] -> 0x1D13
mem[X,0x000000008000033A] -> 0x00AD
[211] [M]: 0x0000000080000338 (0x00AD1D13) slli s10, s10, 10
x26 <- 0x76DF56FF76DF5400
mem[X,0x000000008000033C] -> 0x0D13
mem[X,0x000000008000033E] -> 0x2FFD
[212] [M]: 0x000000008000033C (0x2FFD0D13) addi s10, s10, 767
x26 <- 0x76DF56FF76DF56FF
mem[X,0x0000000080000340] -> 0xBDB7
mem[X,0x0000000080000342] -> 0xBB6F
[213] [M]: 0x0000000080000340 (0xBB6FBDB7) lui s11, 767739
x27 <- 0xFFFFFFFFBB6FB000
mem[X,0x0000000080000344] -> 0x8D93
mem[X,0x0000000080000346] -> 0xB7FD
[214] [M]: 0x0000000080000344 (0xB7FD8D93) addi s11, s11, 2943
x27 <- 0xFFFFFFFFBB6FAB7F
mem[X,0x0000000080000348] -> 0x9D93
mem[X,0x000000008000034A] -> 0x00BD
[215] [M]: 0x0000000080000348 (0x00BD9D93) slli s11, s11, 11
x27 <- 0xFFFFFDDB7D5BF800
mem[X,0x000000008000034C] -> 0x8D93
mem[X,0x000000008000034E] -> 0x5DBD
[216] [M]: 0x000000008000034C (0x5DBD8D93) addi s11, s11, 1499
x27 <- 0xFFFFFDDB7D5BFDDB
mem[X,0x0000000080000350] -> 0x9D93
mem[X,0x0000000080000352] -> 0x00BD
[217] [M]: 0x0000000080000350 (0x00BD9D93) slli s11, s11, 11
x27 <- 0xFFEEDBEADFEED800
mem[X,0x0000000080000354] -> 0x8D93
mem[X,0x0000000080000356] -> 0x3EAD
[218] [M]: 0x0000000080000354 (0x3EAD8D93) addi s11, s11, 1002
x27 <- 0xFFEEDBEADFEEDBEA
mem[X,0x0000000080000358] -> 0x9D93
mem[X,0x000000008000035A] -> 0x00AD
[219] [M]: 0x0000000080000358 (0x00AD9D93) slli s11, s11, 10
x27 <- 0xBB6FAB7FBB6FA800
mem[X,0x000000008000035C] -> 0x8D93
mem[X,0x000000008000035E] -> 0x37FD
[220] [M]: 0x000000008000035C (0x37FD8D93) addi s11, s11, 895
x27 <- 0xBB6FAB7FBB6FAB7F
mem[X,0x0000000080000360] -> 0xDE37
mem[X,0x0000000080000362] -> 0xDDB7
[221] [M]: 0x0000000080000360 (0xDDB7DE37) lui t3, 908157
x28 <- 0xFFFFFFFFDDB7D000
mem[X,0x0000000080000364] -> 0x0E13
mem[X,0x0000000080000366] -> 0x5BFE
[222] [M]: 0x0000000080000364 (0x5BFE0E13) addi t3, t3, 1471
x28 <- 0xFFFFFFFFDDB7D5BF
mem[X,0x0000000080000368] -> 0x1E13
mem[X,0x000000008000036A] -> 0x00BE
[223] [M]: 0x0000000080000368 (0x00BE1E13) slli t3, t3, 11
x28 <- 0xFFFFFEEDBEADF800
mem[X,0x000000008000036C] -> 0x0E13
mem[X,0x000000008000036E] -> 0x6EDE
[224] [M]: 0x000000008000036C (0x6EDE0E13) addi t3, t3, 1773
x28 <- 0xFFFFFEEDBEADFEED
mem[X,0x0000000080000370] -> 0x1E13
mem[X,0x0000000080000372] -> 0x00BE
[225] [M]: 0x0000000080000370 (0x00BE1E13) slli t3, t3, 11
x28 <- 0xFFF76DF56FF76800
mem[X,0x0000000080000374] -> 0x0E13
mem[X,0x0000000080000376] -> 0x5F5E
[226] [M]: 0x0000000080000374 (0x5F5E0E13) addi t3, t3, 1525
x28 <- 0xFFF76DF56FF76DF5
mem[X,0x0000000080000378] -> 0x1E13
mem[X,0x000000008000037A] -> 0x00AE
[227] [M]: 0x0000000080000378 (0x00AE1E13) slli t3, t3, 10
x28 <- 0xDDB7D5BFDDB7D400
mem[X,0x000000008000037C] -> 0x0E13
mem[X,0x000000008000037E] -> 0x1BFE
[228] [M]: 0x000000008000037C (0x1BFE0E13) addi t3, t3, 447
x28 <- 0xDDB7D5BFDDB7D5BF
mem[X,0x0000000080000380] -> 0xFEB7
mem[X,0x0000000080000382] -> 0xEEDB
[229] [M]: 0x0000000080000380 (0xEEDBFEB7) lui t4, 978367
x29 <- 0xFFFFFFFFEEDBF000
mem[X,0x0000000080000384] -> 0x8E93
mem[X,0x0000000080000386] -> 0xADFE
[230] [M]: 0x0000000080000384 (0xADFE8E93) addi t4, t4, 2783
x29 <- 0xFFFFFFFFEEDBEADF
mem[X,0x0000000080000388] -> 0x9E93
mem[X,0x000000008000038A] -> 0x00BE
[231] [M]: 0x0000000080000388 (0x00BE9E93) slli t4, t4, 11
x29 <- 0xFFFFFF76DF56F800
mem[X,0x000000008000038C] -> 0x8E93
mem[X,0x000000008000038E] -> 0x776E
[232] [M]: 0x000000008000038C (0x776E8E93) addi t4, t4, 1910
x29 <- 0xFFFFFF76DF56FF76
mem[X,0x0000000080000390] -> 0x9E93
mem[X,0x0000000080000392] -> 0x00BE
[233] [M]: 0x0000000080000390 (0x00BE9E93) slli t4, t4, 11
x29 <- 0xFFFBB6FAB7FBB000
mem[X,0x0000000080000394] -> 0x8E93
mem[X,0x0000000080000396] -> 0x6FAE
[234] [M]: 0x0000000080000394 (0x6FAE8E93) addi t4, t4, 1786
x29 <- 0xFFFBB6FAB7FBB6FA
mem[X,0x0000000080000398] -> 0x9E93
mem[X,0x000000008000039A] -> 0x00AE
[235] [M]: 0x0000000080000398 (0x00AE9E93) slli t4, t4, 10
x29 <- 0xEEDBEADFEEDBE800
mem[X,0x000000008000039C] -> 0x8E93
mem[X,0x000000008000039E] -> 0x2DFE
[236] [M]: 0x000000008000039C (0x2DFE8E93) addi t4, t4, 735
x29 <- 0xEEDBEADFEEDBEADF
mem[X,0x00000000800003A0] -> 0xFF37
mem[X,0x00000000800003A2] -> 0xF76D
[237] [M]: 0x00000000800003A0 (0xF76DFF37) lui t5, 1013471
x30 <- 0xFFFFFFFFF76DF000
mem[X,0x00000000800003A4] -> 0x0F13
mem[X,0x00000000800003A6] -> 0x56FF
[238] [M]: 0x00000000800003A4 (0x56FF0F13) addi t5, t5, 1391
x30 <- 0xFFFFFFFFF76DF56F
mem[X,0x00000000800003A8] -> 0x1F13
mem[X,0x00000000800003AA] -> 0x00BF
[239] [M]: 0x00000000800003A8 (0x00BF1F13) slli t5, t5, 11
x30 <- 0xFFFFFFBB6FAB7800
mem[X,0x00000000800003AC] -> 0x0F13
mem[X,0x00000000800003AE] -> 0x7BBF
[240] [M]: 0x00000000800003AC (0x7BBF0F13) addi t5, t5, 1979
x30 <- 0xFFFFFFBB6FAB7FBB
mem[X,0x00000000800003B0] -> 0x1F13
mem[X,0x00000000800003B2] -> 0x00BF
[241] [M]: 0x00000000800003B0 (0x00BF1F13) slli t5, t5, 11
x30 <- 0xFFFDDB7D5BFDD800
mem[X,0x00000000800003B4] -> 0x0F13
mem[X,0x00000000800003B6] -> 0x37DF
[242] [M]: 0x00000000800003B4 (0x37DF0F13) addi t5, t5, 893
x30 <- 0xFFFDDB7D5BFDDB7D
mem[X,0x00000000800003B8] -> 0x1F13
mem[X,0x00000000800003BA] -> 0x00AF
[243] [M]: 0x00000000800003B8 (0x00AF1F13) slli t5, t5, 10
x30 <- 0xF76DF56FF76DF400
mem[X,0x00000000800003BC] -> 0x0F13
mem[X,0x00000000800003BE] -> 0x16FF
[244] [M]: 0x00000000800003BC (0x16FF0F13) addi t5, t5, 367
x30 <- 0xF76DF56FF76DF56F
mem[X,0x00000000800003C0] -> 0x0FB7
mem[X,0x00000000800003C2] -> 0xFBB7
[245] [M]: 0x00000000800003C0 (0xFBB70FB7) lui t6, 1031024
x31 <- 0xFFFFFFFFFBB70000
mem[X,0x00000000800003C4] -> 0x8F93
mem[X,0x00000000800003C6] -> 0xAB7F
[246] [M]: 0x00000000800003C4 (0xAB7F8F93) addi t6, t6, 2743
x31 <- 0xFFFFFFFFFBB6FAB7
mem[X,0x00000000800003C8] -> 0x9F93
mem[X,0x00000000800003CA] -> 0x00BF
[247] [M]: 0x00000000800003C8 (0x00BF9F93) slli t6, t6, 11
x31 <- 0xFFFFFFDDB7D5B800
mem[X,0x00000000800003CC] -> 0x8F93
mem[X,0x00000000800003CE] -> 0x7DDF
[248] [M]: 0x00000000800003CC (0x7DDF8F93) addi t6, t6, 2013
x31 <- 0xFFFFFFDDB7D5BFDD
mem[X,0x00000000800003D0] -> 0x9F93
mem[X,0x00000000800003D2] -> 0x00BF
[249] [M]: 0x00000000800003D0 (0x00BF9F93) slli t6, t6, 11
x31 <- 0xFFFEEDBEADFEE800
mem[X,0x00000000800003D4] -> 0x8F93
mem[X,0x00000000800003D6] -> 0x5BEF
[250] [M]: 0x00000000800003D4 (0x5BEF8F93) addi t6, t6, 1470
x31 <- 0xFFFEEDBEADFEEDBE
mem[X,0x00000000800003D8] -> 0x9F93
mem[X,0x00000000800003DA] -> 0x00AF
[251] [M]: 0x00000000800003D8 (0x00AF9F93) slli t6, t6, 10
x31 <- 0xFBB6FAB7FBB6F800
mem[X,0x00000000800003DC] -> 0x8F93
mem[X,0x00000000800003DE] -> 0x2B7F
[252] [M]: 0x00000000800003DC (0x2B7F8F93) addi t6, t6, 695
x31 <- 0xFBB6FAB7FBB6FAB7
mem[X,0x00000000800003E0] -> 0x9097
mem[X,0x00000000800003E2] -> 0x0004
[253] [M]: 0x00000000800003E0 (0x00049097) auipc ra, 73
x1 <- 0x00000000800493E0
mem[X,0x00000000800003E4] -> 0x8093
mem[X,0x00000000800003E6] -> 0xD380
[254] [M]: 0x00000000800003E4 (0xD3808093) addi ra, ra, 3384
x1 <- 0x0000000080049118
mem[X,0x00000000800003E8] -> 0x0013
mem[X,0x00000000800003EA] -> 0x0000
[255] [M]: 0x00000000800003E8 (0x00000013) addi zero, zero, 0
mem[X,0x00000000800003EC] -> 0x0013
mem[X,0x00000000800003EE] -> 0x0000
[256] [M]: 0x00000000800003EC (0x00000013) addi zero, zero, 0
mem[X,0x00000000800003F0] -> 0x0013
mem[X,0x00000000800003F2] -> 0x0000
[257] [M]: 0x00000000800003F0 (0x00000013) addi zero, zero, 0
mem[X,0x00000000800003F4] -> 0x0013
mem[X,0x00000000800003F6] -> 0x0000
[258] [M]: 0x00000000800003F4 (0x00000013) addi zero, zero, 0
mem[X,0x00000000800003F8] -> 0x0013
mem[X,0x00000000800003FA] -> 0x0000
[259] [M]: 0x00000000800003F8 (0x00000013) addi zero, zero, 0
mem[X,0x00000000800003FC] -> 0x0013
mem[X,0x00000000800003FE] -> 0x0000
[260] [M]: 0x00000000800003FC (0x00000013) addi zero, zero, 0
mem[X,0x0000000080000400] -> 0x0993
mem[X,0x0000000080000402] -> 0x0060
[261] [M]: 0x0000000080000400 (0x00600993) addi s3, zero, 6
x19 <- 0x0000000000000006
mem[X,0x0000000080000404] -> 0x0613
mem[X,0x0000000080000406] -> 0x0010
[262] [M]: 0x0000000080000404 (0x00100613) addi a2, zero, 1
x12 <- 0x0000000000000001
mem[X,0x0000000080000408] -> 0x1613
mem[X,0x000000008000040A] -> 0x0266
[263] [M]: 0x0000000080000408 (0x02661613) slli a2, a2, 38
x12 <- 0x0000004000000000
mem[X,0x000000008000040C] -> 0x0313
mem[X,0x000000008000040E] -> 0x0000
[264] [M]: 0x000000008000040C (0x00000313) addi t1, zero, 0
x6 <- 0x0000000000000000
mem[X,0x0000000080000410] -> 0x006F
mem[X,0x0000000080000412] -> 0x00C0
[265] [M]: 0x0000000080000410 (0x00C0006F) jal zero, 12
mem[X,0x000000008000041C] -> 0x8663
mem[X,0x000000008000041E] -> 0x00C9
[266] [M]: 0x000000008000041C (0x00C98663) beq s3, a2, 12
mem[X,0x0000000080000420] -> 0x0313
mem[X,0x0000000080000422] -> 0x0023
[267] [M]: 0x0000000080000420 (0x00230313) addi t1, t1, 2
x6 <- 0x0000000000000002
mem[X,0x0000000080000424] -> 0x006F
mem[X,0x0000000080000426] -> 0x00C0
[268] [M]: 0x0000000080000424 (0x00C0006F) jal zero, 12
mem[X,0x0000000080000430] -> 0xB023
mem[X,0x0000000080000432] -> 0x0060
[269] [M]: 0x0000000080000430 (0x0060B023) sd t1, 0(ra)
mem[0x0000000080049118] <- 0x0000000000000002
mem[X,0x0000000080000434] -> 0x5537
mem[X,0x0000000080000436] -> 0x5555
[270] [M]: 0x0000000080000434 (0x55555537) lui a0, 349525
x10 <- 0x0000000055555000
mem[X,0x0000000080000438] -> 0x0513
mem[X,0x000000008000043A] -> 0x5555
[271] [M]: 0x0000000080000438 (0x55550513) addi a0, a0, 1365
x10 <- 0x0000000055555555
mem[X,0x000000008000043C] -> 0x1513
mem[X,0x000000008000043E] -> 0x00B5
[272] [M]: 0x000000008000043C (0x00B51513) slli a0, a0, 11
x10 <- 0x000002AAAAAAA800
mem[X,0x0000000080000440] -> 0x0513
mem[X,0x0000000080000442] -> 0x2AA5
[273] [M]: 0x0000000080000440 (0x2AA50513) addi a0, a0, 682
x10 <- 0x000002AAAAAAAAAA
mem[X,0x0000000080000444] -> 0x1513
mem[X,0x0000000080000446] -> 0x00B5
[274] [M]: 0x0000000080000444 (0x00B51513) slli a0, a0, 11
x10 <- 0x0015555555555000
mem[X,0x0000000080000448] -> 0x0513
mem[X,0x000000008000044A] -> 0x5555
[275] [M]: 0x0000000080000448 (0x55550513) addi a0, a0, 1365
x10 <- 0x0015555555555555
mem[X,0x000000008000044C] -> 0x1513
mem[X,0x000000008000044E] -> 0x00A5
[276] [M]: 0x000000008000044C (0x00A51513) slli a0, a0, 10
x10 <- 0x5555555555555400
mem[X,0x0000000080000450] -> 0x0513
mem[X,0x0000000080000452] -> 0x1555
[277] [M]: 0x0000000080000450 (0x15550513) addi a0, a0, 341
x10 <- 0x5555555555555555
mem[X,0x0000000080000454] -> 0x5537
mem[X,0x0000000080000456] -> 0x5555
[278] [M]: 0x0000000080000454 (0x55555537) lui a0, 349525
x10 <- 0x0000000055555000
mem[X,0x0000000080000458] -> 0x0513
mem[X,0x000000008000045A] -> 0x5555
[279] [M]: 0x0000000080000458 (0x55550513) addi a0, a0, 1365
x10 <- 0x0000000055555555
mem[X,0x000000008000045C] -> 0x1513
mem[X,0x000000008000045E] -> 0x00B5
[280] [M]: 0x000000008000045C (0x00B51513) slli a0, a0, 11
x10 <- 0x000002AAAAAAA800
mem[X,0x0000000080000460] -> 0x0513
mem[X,0x0000000080000462] -> 0x2AA5
[281] [M]: 0x0000000080000460 (0x2AA50513) addi a0, a0, 682
x10 <- 0x000002AAAAAAAAAA
mem[X,0x0000000080000464] -> 0x1513
mem[X,0x0000000080000466] -> 0x00B5
[282] [M]: 0x0000000080000464 (0x00B51513) slli a0, a0, 11
x10 <- 0x0015555555555000
mem[X,0x0000000080000468] -> 0x0513
mem[X,0x000000008000046A] -> 0x5555
[283] [M]: 0x0000000080000468 (0x55550513) addi a0, a0, 1365
x10 <- 0x0015555555555555
mem[X,0x000000008000046C] -> 0x1513
mem[X,0x000000008000046E] -> 0x00A5
[284] [M]: 0x000000008000046C (0x00A51513) slli a0, a0, 10
x10 <- 0x5555555555555400
mem[X,0x0000000080000470] -> 0x0513
mem[X,0x0000000080000472] -> 0x1555
[285] [M]: 0x0000000080000470 (0x15550513) addi a0, a0, 341
x10 <- 0x5555555555555555
mem[X,0x0000000080000474] -> 0x0313
mem[X,0x0000000080000476] -> 0x0000
[286] [M]: 0x0000000080000474 (0x00000313) addi t1, zero, 0
x6 <- 0x0000000000000000
mem[X,0x0000000080000478] -> 0x006F
mem[X,0x000000008000047A] -> 0x00C0
[287] [M]: 0x0000000080000478 (0x00C0006F) jal zero, 12
mem[X,0x0000000080000484] -> 0x0CE3
mem[X,0x0000000080000486] -> 0xFEA5
[288] [M]: 0x0000000080000484 (0xFEA50CE3) beq a0, a0, 8184
mem[X,0x000000008000047C] -> 0x0313
mem[X,0x000000008000047E] -> 0x0013
[289] [M]: 0x000000008000047C (0x00130313) addi t1, t1, 1
x6 <- 0x0000000000000001
mem[X,0x0000000080000480] -> 0x006F
mem[X,0x0000000080000482] -> 0x0180
[290] [M]: 0x0000000080000480 (0x0180006F) jal zero, 24
mem[X,0x0000000080000498] -> 0xB423
mem[X,0x000000008000049A] -> 0x0060
[291] [M]: 0x0000000080000498 (0x0060B423) sd t1, 8(ra)
mem[0x0000000080049120] <- 0x0000000000000001
mem[X,0x000000008000049C] -> 0x0E93
mem[X,0x000000008000049E] -> 0xFFF0
[292] [M]: 0x000000008000049C (0xFFF00E93) addi t4, zero, 4095
x29 <- 0xFFFFFFFFFFFFFFFF
mem[X,0x00000000800004A0] -> 0x9E93
mem[X,0x00000000800004A2] -> 0x03FE
[293] [M]: 0x00000000800004A0 (0x03FE9E93) slli t4, t4, 63
x29 <- 0x8000000000000000
mem[X,0x00000000800004A4] -> 0x0113
mem[X,0x00000000800004A6] -> 0x0010
[294] [M]: 0x00000000800004A4 (0x00100113) addi sp, zero, 1
x2 <- 0x0000000000000001
mem[X,0x00000000800004A8] -> 0x1113
mem[X,0x00000000800004AA] -> 0x02F1
[295] [M]: 0x00000000800004A8 (0x02F11113) slli sp, sp, 47
x2 <- 0x0000800000000000
mem[X,0x00000000800004AC] -> 0x4113
mem[X,0x00000000800004AE] -> 0xFFF1
[296] [M]: 0x00000000800004AC (0xFFF14113) xori sp, sp, 4095
x2 <- 0xFFFF7FFFFFFFFFFF
mem[X,0x00000000800004B0] -> 0x0313
mem[X,0x00000000800004B2] -> 0x0000
[297] [M]: 0x00000000800004B0 (0x00000313) addi t1, zero, 0
x6 <- 0x0000000000000000
mem[X,0x00000000800004B4] -> 0x006F
mem[X,0x00000000800004B6] -> 0x0050
[298] [M]: 0x00000000800004B4 (0x0050006F) jal zero, 2052
mem[X,0x0000000080000CB8] -> 0x80E3
mem[X,0x0000000080000CBA] -> 0x802E
[299] [M]: 0x0000000080000CB8 (0x802E80E3) beq t4, sp, 6144
clint::tick mtime <- 0x0000000000000003
 clint timer pending at mtime 0x0000000000000003
htif::tick 0x0000000000000000
mem[X,0x0000000080000CBC] -> 0x0313
mem[X,0x0000000080000CBE] -> 0x0023
[300] [M]: 0x0000000080000CBC (0x00230313) addi t1, t1, 2
x6 <- 0x0000000000000002
mem[X,0x0000000080000CC0] -> 0x006F
mem[X,0x0000000080000CC2] -> 0x00C0
[301] [M]: 0x0000000080000CC0 (0x00C0006F) jal zero, 12
mem[X,0x0000000080000CCC] -> 0xB823
mem[X,0x0000000080000CCE] -> 0x0060
[302] [M]: 0x0000000080000CCC (0x0060B823) sd t1, 16(ra)
mem[0x0000000080049128] <- 0x0000000000000002
mem[X,0x0000000080000CD0] -> 0x0213
mem[X,0x0000000080000CD2] -> 0x0010
[303] [M]: 0x0000000080000CD0 (0x00100213) addi tp, zero, 1
x4 <- 0x0000000000000001
mem[X,0x0000000080000CD4] -> 0x1213
mem[X,0x0000000080000CD6] -> 0x0132
[304] [M]: 0x0000000080000CD4 (0x01321213) slli tp, tp, 19
x4 <- 0x0000000000080000
mem[X,0x0000000080000CD8] -> 0x4213
mem[X,0x0000000080000CDA] -> 0xFFF2
[305] [M]: 0x0000000080000CD8 (0xFFF24213) xori tp, tp, 4095
x4 <- 0xFFFFFFFFFFF7FFFF
mem[X,0x0000000080000CDC] -> 0x0C13
mem[X,0x0000000080000CDE] -> 0x0030
[306] [M]: 0x0000000080000CDC (0x00300C13) addi s8, zero, 3
x24 <- 0x0000000000000003
mem[X,0x0000000080000CE0] -> 0x0313
mem[X,0x0000000080000CE2] -> 0x0000
[307] [M]: 0x0000000080000CE0 (0x00000313) addi t1, zero, 0
x6 <- 0x0000000000000000
mem[X,0x0000000080000CE4] -> 0x006F
mem[X,0x0000000080000CE6] -> 0x00C0
[308] [M]: 0x0000000080000CE4 (0x00C0006F) jal zero, 12
mem[X,0x0000000080000CF0] -> 0x0663
mem[X,0x0000000080000CF2] -> 0x0182
[309] [M]: 0x0000000080000CF0 (0x01820663) beq tp, s8, 12
mem[X,0x0000000080000CF4] -> 0x0313
mem[X,0x0000000080000CF6] -> 0x0023
[310] [M]: 0x0000000080000CF4 (0x00230313) addi t1, t1, 2
x6 <- 0x0000000000000002
mem[X,0x0000000080000CF8] -> 0x006F
mem[X,0x0000000080000CFA] -> 0x00C0
[311] [M]: 0x0000000080000CF8 (0x00C0006F) jal zero, 12
mem[X,0x0000000080000D04] -> 0xBC23
mem[X,0x0000000080000D06] -> 0x0060
[312] [M]: 0x0000000080000D04 (0x0060BC23) sd t1, 24(ra)
mem[0x0000000080049130] <- 0x0000000000000002
mem[X,0x0000000080000D08] -> 0x0737
mem[X,0x0000000080000D0A] -> 0x0000
[313] [M]: 0x0000000080000D08 (0x00000737) lui a4, 0
x14 <- 0x0000000000000000
mem[X,0x0000000080000D0C] -> 0x0713
mem[X,0x0000000080000D0E] -> 0xFFF7
[314] [M]: 0x0000000080000D0C (0xFFF70713) addi a4, a4, 4095
x14 <- 0xFFFFFFFFFFFFFFFF
mem[X,0x0000000080000D10] -> 0x1713
mem[X,0x0000000080000D12] -> 0x00B7
[315] [M]: 0x0000000080000D10 (0x00B71713) slli a4, a4, 11
x14 <- 0xFFFFFFFFFFFFF800
mem[X,0x0000000080000D14] -> 0x0713
mem[X,0x0000000080000D16] -> 0x2577
[316] [M]: 0x0000000080000D14 (0x25770713) addi a4, a4, 599
x14 <- 0xFFFFFFFFFFFFFA57
mem[X,0x0000000080000D18] -> 0x1713
mem[X,0x0000000080000D1A] -> 0x00B7
[317] [M]: 0x0000000080000D18 (0x00B71713) slli a4, a4, 11
x14 <- 0xFFFFFFFFFFD2B800
mem[X,0x0000000080000D1C] -> 0x0713
mem[X,0x0000000080000D1E] -> 0x6C37
[318] [M]: 0x0000000080000D1C (0x6C370713) addi a4, a4, 1731
x14 <- 0xFFFFFFFFFFD2BEC3
mem[X,0x0000000080000D20] -> 0x1713
mem[X,0x0000000080000D22] -> 0x00A7
[319] [M]: 0x0000000080000D20 (0x00A71713) slli a4, a4, 10
x14 <- 0xFFFFFFFF4AFB0C00
mem[X,0x0000000080000D24] -> 0x0713
mem[X,0x0000000080000D26] -> 0x0CD7
[320] [M]: 0x0000000080000D24 (0x0CD70713) addi a4, a4, 205
x14 <- 0xFFFFFFFF4AFB0CCD
mem[X,0x0000000080000D28] -> 0x0CB7
mem[X,0x0000000080000D2A] -> 0x0000
[321] [M]: 0x0000000080000D28 (0x00000CB7) lui s9, 0
x25 <- 0x0000000000000000
mem[X,0x0000000080000D2C] -> 0x8C93
mem[X,0x0000000080000D2E] -> 0xFFFC
[322] [M]: 0x0000000080000D2C (0xFFFC8C93) addi s9, s9, 4095
x25 <- 0xFFFFFFFFFFFFFFFF
mem[X,0x0000000080000D30] -> 0x9C93
mem[X,0x0000000080000D32] -> 0x00BC
[323] [M]: 0x0000000080000D30 (0x00BC9C93) slli s9, s9, 11
x25 <- 0xFFFFFFFFFFFFF800
mem[X,0x0000000080000D34] -> 0x8C93
mem[X,0x0000000080000D36] -> 0x257C
[324] [M]: 0x0000000080000D34 (0x257C8C93) addi s9, s9, 599
x25 <- 0xFFFFFFFFFFFFFA57
mem[X,0x0000000080000D38] -> 0x9C93
mem[X,0x0000000080000D3A] -> 0x00BC
[325] [M]: 0x0000000080000D38 (0x00BC9C93) slli s9, s9, 11
x25 <- 0xFFFFFFFFFFD2B800
mem[X,0x0000000080000D3C] -> 0x8C93
mem[X,0x0000000080000D3E] -> 0x6C3C
[326] [M]: 0x0000000080000D3C (0x6C3C8C93) addi s9, s9, 1731
x25 <- 0xFFFFFFFFFFD2BEC3
mem[X,0x0000000080000D40] -> 0x9C93
mem[X,0x0000000080000D42] -> 0x00AC
[327] [M]: 0x0000000080000D40 (0x00AC9C93) slli s9, s9, 10
x25 <- 0xFFFFFFFF4AFB0C00
mem[X,0x0000000080000D44] -> 0x8C93
mem[X,0x0000000080000D46] -> 0x0CDC
[328] [M]: 0x0000000080000D44 (0x0CDC8C93) addi s9, s9, 205
x25 <- 0xFFFFFFFF4AFB0CCD
mem[X,0x0000000080000D48] -> 0x0313
mem[X,0x0000000080000D4A] -> 0x0000
[329] [M]: 0x0000000080000D48 (0x00000313) addi t1, zero, 0
x6 <- 0x0000000000000000
mem[X,0x0000000080000D4C] -> 0x006F
mem[X,0x0000000080000D4E] -> 0x00C0
[330] [M]: 0x0000000080000D4C (0x00C0006F) jal zero, 12
mem[X,0x0000000080000D58] -> 0x0063
mem[X,0x0000000080000D5A] -> 0x0997
[331] [M]: 0x0000000080000D58 (0x09970063) beq a4, s9, 128
mem[X,0x0000000080000DD8] -> 0x0313
mem[X,0x0000000080000DDA] -> 0x0033
[332] [M]: 0x0000000080000DD8 (0x00330313) addi t1, t1, 3
x6 <- 0x0000000000000003
mem[X,0x0000000080000DDC] -> 0x006F
mem[X,0x0000000080000DDE] -> 0x0040
[333] [M]: 0x0000000080000DDC (0x0040006F) jal zero, 4
mem[X,0x0000000080000DE0] -> 0xB023
mem[X,0x0000000080000DE2] -> 0x0260
[334] [M]: 0x0000000080000DE0 (0x0260B023) sd t1, 32(ra)
mem[0x0000000080049138] <- 0x0000000000000003
mem[X,0x0000000080000DE4] -> 0x0D93
mem[X,0x0000000080000DE6] -> 0x0010
[335] [M]: 0x0000000080000DE4 (0x00100D93) addi s11, zero, 1
x27 <- 0x0000000000000001
mem[X,0x0000000080000DE8] -> 0x9D93
mem[X,0x0000000080000DEA] -> 0x02ED
[336] [M]: 0x0000000080000DE8 (0x02ED9D93) slli s11, s11, 46
x27 <- 0x0000400000000000
mem[X,0x0000000080000DEC] -> 0xCD93
mem[X,0x0000000080000DEE] -> 0xFFFD
[337] [M]: 0x0000000080000DEC (0xFFFDCD93) xori s11, s11, 4095
x27 <- 0xFFFFBFFFFFFFFFFF
mem[X,0x0000000080000DF0] -> 0x0A13
mem[X,0x0000000080000DF2] -> 0x0010
[338] [M]: 0x0000000080000DF0 (0x00100A13) addi s4, zero, 1
x20 <- 0x0000000000000001
mem[X,0x0000000080000DF4] -> 0x1A13
mem[X,0x0000000080000DF6] -> 0x02EA
[339] [M]: 0x0000000080000DF4 (0x02EA1A13) slli s4, s4, 46
x20 <- 0x0000400000000000
mem[X,0x0000000080000DF8] -> 0x4A13
mem[X,0x0000000080000DFA] -> 0xFFFA
[340] [M]: 0x0000000080000DF8 (0xFFFA4A13) xori s4, s4, 4095
x20 <- 0xFFFFBFFFFFFFFFFF
mem[X,0x0000000080000DFC] -> 0x0313
mem[X,0x0000000080000DFE] -> 0x0000
[341] [M]: 0x0000000080000DFC (0x00000313) addi t1, zero, 0
x6 <- 0x0000000000000000
mem[X,0x0000000080000E00] -> 0x006F
mem[X,0x0000000080000E02] -> 0x0140
[342] [M]: 0x0000000080000E00 (0x0140006F) jal zero, 20
mem[X,0x0000000080000E14] -> 0x88E3
mem[X,0x0000000080000E16] -> 0xFF4D
[343] [M]: 0x0000000080000E14 (0xFF4D88E3) beq s11, s4, 8176
mem[X,0x0000000080000E04] -> 0x0313
mem[X,0x0000000080000E06] -> 0x0013
[344] [M]: 0x0000000080000E04 (0x00130313) addi t1, t1, 1
x6 <- 0x0000000000000001
mem[X,0x0000000080000E08] -> 0x006F
mem[X,0x0000000080000E0A] -> 0x0200
[345] [M]: 0x0000000080000E08 (0x0200006F) jal zero, 32
mem[X,0x0000000080000E28] -> 0xB423
mem[X,0x0000000080000E2A] -> 0x0260
[346] [M]: 0x0000000080000E28 (0x0260B423) sd t1, 40(ra)
mem[0x0000000080049140] <- 0x0000000000000001
mem[X,0x0000000080000E2C] -> 0x0A13
mem[X,0x0000000080000E2E] -> 0x0060
[347] [M]: 0x0000000080000E2C (0x00600A13) addi s4, zero, 6
x20 <- 0x0000000000000006
mem[X,0x0000000080000E30] -> 0x0D93
mem[X,0x0000000080000E32] -> 0x0010
[348] [M]: 0x0000000080000E30 (0x00100D93) addi s11, zero, 1
x27 <- 0x0000000000000001
mem[X,0x0000000080000E34] -> 0x9D93
mem[X,0x0000000080000E36] -> 0x00CD
[349] [M]: 0x0000000080000E34 (0x00CD9D93) slli s11, s11, 12
x27 <- 0x0000000000001000
mem[X,0x0000000080000E38] -> 0xCD93
mem[X,0x0000000080000E3A] -> 0xFFFD
[350] [M]: 0x0000000080000E38 (0xFFFDCD93) xori s11, s11, 4095
x27 <- 0xFFFFFFFFFFFFEFFF
mem[X,0x0000000080000E3C] -> 0x0313
mem[X,0x0000000080000E3E] -> 0x0000
[351] [M]: 0x0000000080000E3C (0x00000313) addi t1, zero, 0
x6 <- 0x0000000000000000
mem[X,0x0000000080000E40] -> 0x006F
mem[X,0x0000000080000E42] -> 0x00C0
[352] [M]: 0x0000000080000E40 (0x00C0006F) jal zero, 12
mem[X,0x0000000080000E4C] -> 0x0063
mem[X,0x0000000080000E4E] -> 0x05BA
[353] [M]: 0x0000000080000E4C (0x05BA0063) beq s4, s11, 64
mem[X,0x0000000080000E50] -> 0x0313
mem[X,0x0000000080000E52] -> 0x0023
[354] [M]: 0x0000000080000E50 (0x00230313) addi t1, t1, 2
x6 <- 0x0000000000000002
mem[X,0x0000000080000E54] -> 0x006F
mem[X,0x0000000080000E56] -> 0x0400
[355] [M]: 0x0000000080000E54 (0x0400006F) jal zero, 64
mem[X,0x0000000080000E94] -> 0xB823
mem[X,0x0000000080000E96] -> 0x0260
[356] [M]: 0x0000000080000E94 (0x0260B823) sd t1, 48(ra)
mem[0x0000000080049148] <- 0x0000000000000002
mem[X,0x0000000080000E98] -> 0x0893
mem[X,0x0000000080000E9A] -> 0x1000
[357] [M]: 0x0000000080000E98 (0x10000893) addi a7, zero, 256
x17 <- 0x0000000000000100
mem[X,0x0000000080000E9C] -> 0x0E13
mem[X,0x0000000080000E9E] -> 0x0010
[358] [M]: 0x0000000080000E9C (0x00100E13) addi t3, zero, 1
x28 <- 0x0000000000000001
mem[X,0x0000000080000EA0] -> 0x0313
mem[X,0x0000000080000EA2] -> 0x0000
[359] [M]: 0x0000000080000EA0 (0x00000313) addi t1, zero, 0
x6 <- 0x0000000000000000
mem[X,0x0000000080000EA4] -> 0x006F
mem[X,0x0000000080000EA6] -> 0x00C0
[360] [M]: 0x0000000080000EA4 (0x00C0006F) jal zero, 12
mem[X,0x0000000080000EB0] -> 0x8063
mem[X,0x0000000080000EB2] -> 0x41C8
[361] [M]: 0x0000000080000EB0 (0x41C88063) beq a7, t3, 1024
mem[X,0x0000000080000EB4] -> 0x0313
mem[X,0x0000000080000EB6] -> 0x0023
[362] [M]: 0x0000000080000EB4 (0x00230313) addi t1, t1, 2
x6 <- 0x0000000000000002
mem[X,0x0000000080000EB8] -> 0x006F
mem[X,0x0000000080000EBA] -> 0x4000
[363] [M]: 0x0000000080000EB8 (0x4000006F) jal zero, 1024
mem[X,0x00000000800012B8] -> 0xBC23
mem[X,0x00000000800012BA] -> 0x0260
[364] [M]: 0x00000000800012B8 (0x0260BC23) sd t1, 56(ra)
mem[0x0000000080049150] <- 0x0000000000000002
mem[X,0x00000000800012BC] -> 0x53B7
mem[X,0x00000000800012BE] -> 0x5555
[365] [M]: 0x00000000800012BC (0x555553B7) lui t2, 349525
x7 <- 0x0000000055555000
mem[X,0x00000000800012C0] -> 0x8393
mem[X,0x00000000800012C2] -> 0x5553
[366] [M]: 0x00000000800012C0 (0x55538393) addi t2, t2, 1365
x7 <- 0x0000000055555555
mem[X,0x00000000800012C4] -> 0x9393
mem[X,0x00000000800012C6] -> 0x00B3
[367] [M]: 0x00000000800012C4 (0x00B39393) slli t2, t2, 11
x7 <- 0x000002AAAAAAA800
mem[X,0x00000000800012C8] -> 0x8393
mem[X,0x00000000800012CA] -> 0x2AA3
[368] [M]: 0x00000000800012C8 (0x2AA38393) addi t2, t2, 682
x7 <- 0x000002AAAAAAAAAA
mem[X,0x00000000800012CC] -> 0x9393
mem[X,0x00000000800012CE] -> 0x00B3
[369] [M]: 0x00000000800012CC (0x00B39393) slli t2, t2, 11
x7 <- 0x0015555555555000
mem[X,0x00000000800012D0] -> 0x8393
mem[X,0x00000000800012D2] -> 0x5553
[370] [M]: 0x00000000800012D0 (0x55538393) addi t2, t2, 1365
x7 <- 0x0015555555555555
mem[X,0x00000000800012D4] -> 0x9393
mem[X,0x00000000800012D6] -> 0x00A3
[371] [M]: 0x00000000800012D4 (0x00A39393) slli t2, t2, 10
x7 <- 0x5555555555555400
mem[X,0x00000000800012D8] -> 0x8393
mem[X,0x00000000800012DA] -> 0x1553
[372] [M]: 0x00000000800012D8 (0x15538393) addi t2, t2, 341
x7 <- 0x5555555555555555
mem[X,0x00000000800012DC] -> 0x0713
mem[X,0x00000000800012DE] -> 0x0020
[373] [M]: 0x00000000800012DC (0x00200713) addi a4, zero, 2
x14 <- 0x0000000000000002
mem[X,0x00000000800012E0] -> 0x0313
mem[X,0x00000000800012E2] -> 0x0000
[374] [M]: 0x00000000800012E0 (0x00000313) addi t1, zero, 0
x6 <- 0x0000000000000000
mem[X,0x00000000800012E4] -> 0x006F
mem[X,0x00000000800012E6] -> 0x00C0
[375] [M]: 0x00000000800012E4 (0x00C0006F) jal zero, 12
mem[X,0x00000000800012F0] -> 0x8663
mem[X,0x00000000800012F2] -> 0x00E3
[376] [M]: 0x00000000800012F0 (0x00E38663) beq t2, a4, 12
mem[X,0x00000000800012F4] -> 0x0313
mem[X,0x00000000800012F6] -> 0x0023
[377] [M]: 0x00000000800012F4 (0x00230313) addi t1, t1, 2
x6 <- 0x0000000000000002
mem[X,0x00000000800012F8] -> 0x006F
mem[X,0x00000000800012FA] -> 0x00C0
[378] [M]: 0x00000000800012F8 (0x00C0006F) jal zero, 12
mem[X,0x0000000080001304] -> 0xB023
mem[X,0x0000000080001306] -> 0x0460
[379] [M]: 0x0000000080001304 (0x0460B023) sd t1, 64(ra)
mem[0x0000000080049158] <- 0x0000000000000002
mem[X,0x0000000080001308] -> 0x0193
mem[X,0x000000008000130A] -> 0x0010
[380] [M]: 0x0000000080001308 (0x00100193) addi gp, zero, 1
x3 <- 0x0000000000000001
mem[X,0x000000008000130C] -> 0x9193
mem[X,0x000000008000130E] -> 0x00C1
[381] [M]: 0x000000008000130C (0x00C19193) slli gp, gp, 12
x3 <- 0x0000000000001000
mem[X,0x0000000080001310] -> 0xC193
mem[X,0x0000000080001312] -> 0xFFF1
[382] [M]: 0x0000000080001310 (0xFFF1C193) xori gp, gp, 4095
x3 <- 0xFFFFFFFFFFFFEFFF
mem[X,0x0000000080001314] -> 0x0493
mem[X,0x0000000080001316] -> 0x0040
[383] [M]: 0x0000000080001314 (0x00400493) addi s1, zero, 4
x9 <- 0x0000000000000004
mem[X,0x0000000080001318] -> 0x0313
mem[X,0x000000008000131A] -> 0x0000
[384] [M]: 0x0000000080001318 (0x00000313) addi t1, zero, 0
x6 <- 0x0000000000000000
mem[X,0x000000008000131C] -> 0x006F
mem[X,0x000000008000131E] -> 0x00C0
[385] [M]: 0x000000008000131C (0x00C0006F) jal zero, 12
mem[X,0x0000000080001328] -> 0x8CE3
mem[X,0x000000008000132A] -> 0xFE91
[386] [M]: 0x0000000080001328 (0xFE918CE3) beq gp, s1, 8184
mem[X,0x000000008000132C] -> 0x0313
mem[X,0x000000008000132E] -> 0x0023
[387] [M]: 0x000000008000132C (0x00230313) addi t1, t1, 2
x6 <- 0x0000000000000002
mem[X,0x0000000080001330] -> 0x006F
mem[X,0x0000000080001332] -> 0x00C0
[388] [M]: 0x0000000080001330 (0x00C0006F) jal zero, 12
mem[X,0x000000008000133C] -> 0xB423
mem[X,0x000000008000133E] -> 0x0460
[389] [M]: 0x000000008000133C (0x0460B423) sd t1, 72(ra)
mem[0x0000000080049160] <- 0x0000000000000002
mem[X,0x0000000080001340] -> 0x0B93
mem[X,0x0000000080001342] -> 0x0010
[390] [M]: 0x0000000080001340 (0x00100B93) addi s7, zero, 1
x23 <- 0x0000000000000001
mem[X,0x0000000080001344] -> 0x9B93
mem[X,0x0000000080001346] -> 0x014B
[391] [M]: 0x0000000080001344 (0x014B9B93) slli s7, s7, 20
x23 <- 0x0000000000100000
mem[X,0x0000000080001348] -> 0xCB93
mem[X,0x000000008000134A] -> 0xFFFB
[392] [M]: 0x0000000080001348 (0xFFFBCB93) xori s7, s7, 4095
x23 <- 0xFFFFFFFFFFEFFFFF
mem[X,0x000000008000134C] -> 0x0D13
mem[X,0x000000008000134E] -> 0x0080
[393] [M]: 0x000000008000134C (0x00800D13) addi s10, zero, 8
x26 <- 0x0000000000000008
mem[X,0x0000000080001350] -> 0x0313
mem[X,0x0000000080001352] -> 0x0000
[394] [M]: 0x0000000080001350 (0x00000313) addi t1, zero, 0
x6 <- 0x0000000000000000
mem[X,0x0000000080001354] -> 0x006F
mem[X,0x0000000080001356] -> 0x0050
[395] [M]: 0x0000000080001354 (0x0050006F) jal zero, 2052
mem[X,0x0000000080001B58] -> 0x80E3
mem[X,0x0000000080001B5A] -> 0x81AB
[396] [M]: 0x0000000080001B58 (0x81AB80E3) beq s7, s10, 6144
mem[X,0x0000000080001B5C] -> 0x0313
mem[X,0x0000000080001B5E] -> 0x0023
[397] [M]: 0x0000000080001B5C (0x00230313) addi t1, t1, 2
x6 <- 0x0000000000000002
mem[X,0x0000000080001B60] -> 0x006F
mem[X,0x0000000080001B62] -> 0x00C0
[398] [M]: 0x0000000080001B60 (0x00C0006F) jal zero, 12
mem[X,0x0000000080001B6C] -> 0xB823
mem[X,0x0000000080001B6E] -> 0x0460
[399] [M]: 0x0000000080001B6C (0x0460B823) sd t1, 80(ra)
mem[0x0000000080049168] <- 0x0000000000000002
clint::tick mtime <- 0x0000000000000004
 clint timer pending at mtime 0x0000000000000004
htif::tick 0x0000000000000000
mem[X,0x0000000080001B70] -> 0x0C93
mem[X,0x0000000080001B72] -> 0x0010
[400] [M]: 0x0000000080001B70 (0x00100C93) addi s9, zero, 1
x25 <- 0x0000000000000001
mem[X,0x0000000080001B74] -> 0x9C93
mem[X,0x0000000080001B76] -> 0x027C
[401] [M]: 0x0000000080001B74 (0x027C9C93) slli s9, s9, 39
x25 <- 0x0000008000000000
mem[X,0x0000000080001B78] -> 0xCC93
mem[X,0x0000000080001B7A] -> 0xFFFC
[402] [M]: 0x0000000080001B78 (0xFFFCCC93) xori s9, s9, 4095
x25 <- 0xFFFFFF7FFFFFFFFF
mem[X,0x0000000080001B7C] -> 0x0F13
mem[X,0x0000000080001B7E] -> 0x0100
[403] [M]: 0x0000000080001B7C (0x01000F13) addi t5, zero, 16
x30 <- 0x0000000000000010
mem[X,0x0000000080001B80] -> 0x0313
mem[X,0x0000000080001B82] -> 0x0000
[404] [M]: 0x0000000080001B80 (0x00000313) addi t1, zero, 0
x6 <- 0x0000000000000000
mem[X,0x0000000080001B84] -> 0x006F
mem[X,0x0000000080001B86] -> 0x0050
[405] [M]: 0x0000000080001B84 (0x0050006F) jal zero, 2052
mem[X,0x0000000080002388] -> 0x80E3
mem[X,0x000000008000238A] -> 0x81EC
[406] [M]: 0x0000000080002388 (0x81EC80E3) beq s9, t5, 6144
mem[X,0x000000008000238C] -> 0x0313
mem[X,0x000000008000238E] -> 0x0023
[407] [M]: 0x000000008000238C (0x00230313) addi t1, t1, 2
x6 <- 0x0000000000000002
mem[X,0x0000000080002390] -> 0x006F
mem[X,0x0000000080002392] -> 0x00C0
[408] [M]: 0x0000000080002390 (0x00C0006F) jal zero, 12
mem[X,0x000000008000239C] -> 0xBC23
mem[X,0x000000008000239E] -> 0x0460
[409] [M]: 0x000000008000239C (0x0460BC23) sd t1, 88(ra)
mem[0x0000000080049170] <- 0x0000000000000002
mem[X,0x00000000800023A0] -> 0x0613
mem[X,0x00000000800023A2] -> 0x0100
[410] [M]: 0x00000000800023A0 (0x01000613) addi a2, zero, 16
x12 <- 0x0000000000000010
mem[X,0x00000000800023A4] -> 0x0213
mem[X,0x00000000800023A6] -> 0x0200
[411] [M]: 0x00000000800023A4 (0x02000213) addi tp, zero, 32
x4 <- 0x0000000000000020
mem[X,0x00000000800023A8] -> 0x0313
mem[X,0x00000000800023AA] -> 0x0000
[412] [M]: 0x00000000800023A8 (0x00000313) addi t1, zero, 0
x6 <- 0x0000000000000000
mem[X,0x00000000800023AC] -> 0x006F
mem[X,0x00000000800023AE] -> 0x00C0
[413] [M]: 0x00000000800023AC (0x00C0006F) jal zero, 12
mem[X,0x00000000800023B8] -> 0x0063
mem[X,0x00000000800023BA] -> 0x0846
[414] [M]: 0x00000000800023B8 (0x08460063) beq a2, tp, 128
mem[X,0x00000000800023BC] -> 0x0313
mem[X,0x00000000800023BE] -> 0x0023
[415] [M]: 0x00000000800023BC (0x00230313) addi t1, t1, 2
x6 <- 0x0000000000000002
mem[X,0x00000000800023C0] -> 0x006F
mem[X,0x00000000800023C2] -> 0x0800
[416] [M]: 0x00000000800023C0 (0x0800006F) jal zero, 128
mem[X,0x0000000080002440] -> 0xB023
mem[X,0x0000000080002442] -> 0x0660
[417] [M]: 0x0000000080002440 (0x0660B023) sd t1, 96(ra)
mem[0x0000000080049178] <- 0x0000000000000002
mem[X,0x0000000080002444] -> 0x0293
mem[X,0x0000000080002446] -> 0xBFF0
[418] [M]: 0x0000000080002444 (0xBFF00293) addi t0, zero, 3071
x5 <- 0xFFFFFFFFFFFFFBFF
mem[X,0x0000000080002448] -> 0x0813
mem[X,0x000000008000244A] -> 0x0400
[419] [M]: 0x0000000080002448 (0x04000813) addi a6, zero, 64
x16 <- 0x0000000000000040
mem[X,0x000000008000244C] -> 0x0313
mem[X,0x000000008000244E] -> 0x0000
[420] [M]: 0x000000008000244C (0x00000313) addi t1, zero, 0
x6 <- 0x0000000000000000
mem[X,0x0000000080002450] -> 0x006F
mem[X,0x0000000080002452] -> 0x0050
[421] [M]: 0x0000000080002450 (0x0050006F) jal zero, 2052
mem[X,0x0000000080002C54] -> 0x80E3
mem[X,0x0000000080002C56] -> 0x8102
[422] [M]: 0x0000000080002C54 (0x810280E3) beq t0, a6, 6144
mem[X,0x0000000080002C58] -> 0x0313
mem[X,0x0000000080002C5A] -> 0x0023
[423] [M]: 0x0000000080002C58 (0x00230313) addi t1, t1, 2
x6 <- 0x0000000000000002
mem[X,0x0000000080002C5C] -> 0x006F
mem[X,0x0000000080002C5E] -> 0x00C0
[424] [M]: 0x0000000080002C5C (0x00C0006F) jal zero, 12
mem[X,0x0000000080002C68] -> 0xB423
mem[X,0x0000000080002C6A] -> 0x0660
[425] [M]: 0x0000000080002C68 (0x0660B423) sd t1, 104(ra)
mem[0x0000000080049180] <- 0x0000000000000002
mem[X,0x0000000080002C6C] -> 0x0593
mem[X,0x0000000080002C6E] -> 0xFFD0
[426] [M]: 0x0000000080002C6C (0xFFD00593) addi a1, zero, 4093
x11 <- 0xFFFFFFFFFFFFFFFD
mem[X,0x0000000080002C70] -> 0x0993
mem[X,0x0000000080002C72] -> 0x0800
[427] [M]: 0x0000000080002C70 (0x08000993) addi s3, zero, 128
x19 <- 0x0000000000000080
mem[X,0x0000000080002C74] -> 0x0313
mem[X,0x0000000080002C76] -> 0x0000
[428] [M]: 0x0000000080002C74 (0x00000313) addi t1, zero, 0
x6 <- 0x0000000000000000
mem[X,0x0000000080002C78] -> 0x006F
mem[X,0x0000000080002C7A] -> 0x0050
[429] [M]: 0x0000000080002C78 (0x0050006F) jal zero, 2052
mem[X,0x000000008000347C] -> 0x80E3
mem[X,0x000000008000347E] -> 0x8135
[430] [M]: 0x000000008000347C (0x813580E3) beq a1, s3, 6144
mem[X,0x0000000080003480] -> 0x0313
mem[X,0x0000000080003482] -> 0x0023
[431] [M]: 0x0000000080003480 (0x00230313) addi t1, t1, 2
x6 <- 0x0000000000000002
mem[X,0x0000000080003484] -> 0x006F
mem[X,0x0000000080003486] -> 0x00C0
[432] [M]: 0x0000000080003484 (0x00C0006F) jal zero, 12
mem[X,0x0000000080003490] -> 0xB823
mem[X,0x0000000080003492] -> 0x0660
[433] [M]: 0x0000000080003490 (0x0660B823) sd t1, 112(ra)
mem[0x0000000080049188] <- 0x0000000000000002
mem[X,0x0000000080003494] -> 0x0C13
mem[X,0x0000000080003496] -> 0x0060
[434] [M]: 0x0000000080003494 (0x00600C13) addi s8, zero, 6
x24 <- 0x0000000000000006
mem[X,0x0000000080003498] -> 0x0B13
mem[X,0x000000008000349A] -> 0x1000
[435] [M]: 0x0000000080003498 (0x10000B13) addi s6, zero, 256
x22 <- 0x0000000000000100
mem[X,0x000000008000349C] -> 0x0313
mem[X,0x000000008000349E] -> 0x0000
[436] [M]: 0x000000008000349C (0x00000313) addi t1, zero, 0
x6 <- 0x0000000000000000
mem[X,0x00000000800034A0] -> 0x006F
mem[X,0x00000000800034A2] -> 0x00C0
[437] [M]: 0x00000000800034A0 (0x00C0006F) jal zero, 12
mem[X,0x00000000800034AC] -> 0x0863
mem[X,0x00000000800034AE] -> 0x016C
[438] [M]: 0x00000000800034AC (0x016C0863) beq s8, s6, 16
mem[X,0x00000000800034B0] -> 0x0313
mem[X,0x00000000800034B2] -> 0x0023
[439] [M]: 0x00000000800034B0 (0x00230313) addi t1, t1, 2
x6 <- 0x0000000000000002
mem[X,0x00000000800034B4] -> 0x006F
mem[X,0x00000000800034B6] -> 0x0100
[440] [M]: 0x00000000800034B4 (0x0100006F) jal zero, 16
mem[X,0x00000000800034C4] -> 0xBC23
mem[X,0x00000000800034C6] -> 0x0660
[441] [M]: 0x00000000800034C4 (0x0660BC23) sd t1, 120(ra)
mem[0x0000000080049190] <- 0x0000000000000002
mem[X,0x00000000800034C8] -> 0x0813
mem[X,0x00000000800034CA] -> 0x0010
[442] [M]: 0x00000000800034C8 (0x00100813) addi a6, zero, 1
x16 <- 0x0000000000000001
mem[X,0x00000000800034CC] -> 0x1813
mem[X,0x00000000800034CE] -> 0x01E8
[443] [M]: 0x00000000800034CC (0x01E81813) slli a6, a6, 30
x16 <- 0x0000000040000000
mem[X,0x00000000800034D0] -> 0x0693
mem[X,0x00000000800034D2] -> 0x2000
[444] [M]: 0x00000000800034D0 (0x20000693) addi a3, zero, 512
x13 <- 0x0000000000000200
mem[X,0x00000000800034D4] -> 0x0313
mem[X,0x00000000800034D6] -> 0x0000
[445] [M]: 0x00000000800034D4 (0x00000313) addi t1, zero, 0
x6 <- 0x0000000000000000
mem[X,0x00000000800034D8] -> 0x006F
mem[X,0x00000000800034DA] -> 0x00C0
[446] [M]: 0x00000000800034D8 (0x00C0006F) jal zero, 12
mem[X,0x00000000800034E4] -> 0x0063
mem[X,0x00000000800034E6] -> 0x02D8
[447] [M]: 0x00000000800034E4 (0x02D80063) beq a6, a3, 32
mem[X,0x00000000800034E8] -> 0x0313
mem[X,0x00000000800034EA] -> 0x0023
[448] [M]: 0x00000000800034E8 (0x00230313) addi t1, t1, 2
x6 <- 0x0000000000000002
mem[X,0x00000000800034EC] -> 0x006F
mem[X,0x00000000800034EE] -> 0x0200
[449] [M]: 0x00000000800034EC (0x0200006F) jal zero, 32
mem[X,0x000000008000350C] -> 0xB023
mem[X,0x000000008000350E] -> 0x0860
[450] [M]: 0x000000008000350C (0x0860B023) sd t1, 128(ra)
mem[0x0000000080049198] <- 0x0000000000000002
mem[X,0x0000000080003510] -> 0x6937
mem[X,0x0000000080003512] -> 0x6666
[451] [M]: 0x0000000080003510 (0x66666937) lui s2, 419430
x18 <- 0x0000000066666000
mem[X,0x0000000080003514] -> 0x0913
mem[X,0x0000000080003516] -> 0x6669
[452] [M]: 0x0000000080003514 (0x66690913) addi s2, s2, 1638
x18 <- 0x0000000066666666
mem[X,0x0000000080003518] -> 0x1913
mem[X,0x000000008000351A] -> 0x00B9
[453] [M]: 0x0000000080003518 (0x00B91913) slli s2, s2, 11
x18 <- 0x0000033333333000
mem[X,0x000000008000351C] -> 0x0913
mem[X,0x000000008000351E] -> 0x3339
[454] [M]: 0x000000008000351C (0x33390913) addi s2, s2, 819
x18 <- 0x0000033333333333
mem[X,0x0000000080003520] -> 0x1913
mem[X,0x0000000080003522] -> 0x00B9
[455] [M]: 0x0000000080003520 (0x00B91913) slli s2, s2, 11
x18 <- 0x0019999999999800
mem[X,0x0000000080003524] -> 0x0913
mem[X,0x0000000080003526] -> 0x1999
[456] [M]: 0x0000000080003524 (0x19990913) addi s2, s2, 409
x18 <- 0x0019999999999999
mem[X,0x0000000080003528] -> 0x1913
mem[X,0x000000008000352A] -> 0x00A9
[457] [M]: 0x0000000080003528 (0x00A91913) slli s2, s2, 10
x18 <- 0x6666666666666400
mem[X,0x000000008000352C] -> 0x0913
mem[X,0x000000008000352E] -> 0x2679
[458] [M]: 0x000000008000352C (0x26790913) addi s2, s2, 615
x18 <- 0x6666666666666667
mem[X,0x0000000080003530] -> 0x0F93
mem[X,0x0000000080003532] -> 0x4000
[459] [M]: 0x0000000080003530 (0x40000F93) addi t6, zero, 1024
x31 <- 0x0000000000000400
mem[X,0x0000000080003534] -> 0x0313
mem[X,0x0000000080003536] -> 0x0000
[460] [M]: 0x0000000080003534 (0x00000313) addi t1, zero, 0
x6 <- 0x0000000000000000
mem[X,0x0000000080003538] -> 0x006F
mem[X,0x000000008000353A] -> 0x00C0
[461] [M]: 0x0000000080003538 (0x00C0006F) jal zero, 12
mem[X,0x0000000080003544] -> 0x0CE3
mem[X,0x0000000080003546] -> 0xFFF9
[462] [M]: 0x0000000080003544 (0xFFF90CE3) beq s2, t6, 8184
mem[X,0x0000000080003548] -> 0x0313
mem[X,0x000000008000354A] -> 0x0023
[463] [M]: 0x0000000080003548 (0x00230313) addi t1, t1, 2
x6 <- 0x0000000000000002
mem[X,0x000000008000354C] -> 0x006F
mem[X,0x000000008000354E] -> 0x00C0
[464] [M]: 0x000000008000354C (0x00C0006F) jal zero, 12
mem[X,0x0000000080003558] -> 0xB423
mem[X,0x000000008000355A] -> 0x0860
[465] [M]: 0x0000000080003558 (0x0860B423) sd t1, 136(ra)
mem[0x00000000800491A0] <- 0x0000000000000002
mem[X,0x000000008000355C] -> 0x0FB7
mem[X,0x000000008000355E] -> 0x0000
[466] [M]: 0x000000008000355C (0x00000FB7) lui t6, 0
x31 <- 0x0000000000000000
mem[X,0x0000000080003560] -> 0x8F93
mem[X,0x0000000080003562] -> 0x000F
[467] [M]: 0x0000000080003560 (0x000F8F93) addi t6, t6, 0
x31 <- 0x0000000000000000
mem[X,0x0000000080003564] -> 0x9F93
mem[X,0x0000000080003566] -> 0x00BF
[468] [M]: 0x0000000080003564 (0x00BF9F93) slli t6, t6, 11
x31 <- 0x0000000000000000
mem[X,0x0000000080003568] -> 0x8F93
mem[X,0x000000008000356A] -> 0x5A8F
[469] [M]: 0x0000000080003568 (0x5A8F8F93) addi t6, t6, 1448
x31 <- 0x00000000000005A8
mem[X,0x000000008000356C] -> 0x9F93
mem[X,0x000000008000356E] -> 0x00BF
[470] [M]: 0x000000008000356C (0x00BF9F93) slli t6, t6, 11
x31 <- 0x00000000002D4000
mem[X,0x0000000080003570] -> 0x8F93
mem[X,0x0000000080003572] -> 0x13CF
[471] [M]: 0x0000000080003570 (0x13CF8F93) addi t6, t6, 316
x31 <- 0x00000000002D413C
mem[X,0x0000000080003574] -> 0x9F93
mem[X,0x0000000080003576] -> 0x00AF
[472] [M]: 0x0000000080003574 (0x00AF9F93) slli t6, t6, 10
x31 <- 0x00000000B504F000
mem[X,0x0000000080003578] -> 0x8F93
mem[X,0x000000008000357A] -> 0x333F
[473] [M]: 0x0000000080003578 (0x333F8F93) addi t6, t6, 819
x31 <- 0x00000000B504F333
mem[X,0x000000008000357C] -> 0x0A93
mem[X,0x000000008000357E] -> 0x0010
[474] [M]: 0x000000008000357C (0x00100A93) addi s5, zero, 1
x21 <- 0x0000000000000001
mem[X,0x0000000080003580] -> 0x9A93
mem[X,0x0000000080003582] -> 0x00BA
[475] [M]: 0x0000000080003580 (0x00BA9A93) slli s5, s5, 11
x21 <- 0x0000000000000800
mem[X,0x0000000080003584] -> 0x0313
mem[X,0x0000000080003586] -> 0x0000
[476] [M]: 0x0000000080003584 (0x00000313) addi t1, zero, 0
x6 <- 0x0000000000000000
mem[X,0x0000000080003588] -> 0x006F
mem[X,0x000000008000358A] -> 0x00C0
[477] [M]: 0x0000000080003588 (0x00C0006F) jal zero, 12
mem[X,0x0000000080003594] -> 0x8663
mem[X,0x0000000080003596] -> 0x015F
[478] [M]: 0x0000000080003594 (0x015F8663) beq t6, s5, 12
mem[X,0x0000000080003598] -> 0x0313
mem[X,0x000000008000359A] -> 0x0023
[479] [M]: 0x0000000080003598 (0x00230313) addi t1, t1, 2
x6 <- 0x0000000000000002
mem[X,0x000000008000359C] -> 0x006F
mem[X,0x000000008000359E] -> 0x00C0
[480] [M]: 0x000000008000359C (0x00C0006F) jal zero, 12
mem[X,0x00000000800035A8] -> 0xB823
mem[X,0x00000000800035AA] -> 0x0860
[481] [M]: 0x00000000800035A8 (0x0860B823) sd t1, 144(ra)
mem[0x00000000800491A8] <- 0x0000000000000002
mem[X,0x00000000800035AC] -> 0x0F13
mem[X,0x00000000800035AE] -> 0x0010
[482] [M]: 0x00000000800035AC (0x00100F13) addi t5, zero, 1
x30 <- 0x0000000000000001
mem[X,0x00000000800035B0] -> 0x1F13
mem[X,0x00000000800035B2] -> 0x02BF
[483] [M]: 0x00000000800035B0 (0x02BF1F13) slli t5, t5, 43
x30 <- 0x0000080000000000
mem[X,0x00000000800035B4] -> 0x4F13
mem[X,0x00000000800035B6] -> 0xFFFF
[484] [M]: 0x00000000800035B4 (0xFFFF4F13) xori t5, t5, 4095
x30 <- 0xFFFFF7FFFFFFFFFF
mem[X,0x00000000800035B8] -> 0x0293
mem[X,0x00000000800035BA] -> 0x0010
[485] [M]: 0x00000000800035B8 (0x00100293) addi t0, zero, 1
x5 <- 0x0000000000000001
mem[X,0x00000000800035BC] -> 0x9293
mem[X,0x00000000800035BE] -> 0x00C2
[486] [M]: 0x00000000800035BC (0x00C29293) slli t0, t0, 12
x5 <- 0x0000000000001000
mem[X,0x00000000800035C0] -> 0x0213
mem[X,0x00000000800035C2] -> 0x0000
[487] [M]: 0x00000000800035C0 (0x00000213) addi tp, zero, 0
x4 <- 0x0000000000000000
mem[X,0x00000000800035C4] -> 0x006F
mem[X,0x00000000800035C6] -> 0x00C0
[488] [M]: 0x00000000800035C4 (0x00C0006F) jal zero, 12
mem[X,0x00000000800035D0] -> 0x0063
mem[X,0x00000000800035D2] -> 0x105F
[489] [M]: 0x00000000800035D0 (0x105F0063) beq t5, t0, 256
mem[X,0x00000000800035D4] -> 0x0213
mem[X,0x00000000800035D6] -> 0x0022
[490] [M]: 0x00000000800035D4 (0x00220213) addi tp, tp, 2
x4 <- 0x0000000000000002
mem[X,0x00000000800035D8] -> 0x006F
mem[X,0x00000000800035DA] -> 0x1000
[491] [M]: 0x00000000800035D8 (0x1000006F) jal zero, 256
mem[X,0x00000000800036D8] -> 0xBC23
mem[X,0x00000000800036DA] -> 0x0840
[492] [M]: 0x00000000800036D8 (0x0840BC23) sd tp, 152(ra)
mem[0x00000000800491B0] <- 0x0000000000000002
mem[X,0x00000000800036DC] -> 0x0113
mem[X,0x00000000800036DE] -> 0xFFF0
[493] [M]: 0x00000000800036DC (0xFFF00113) addi sp, zero, 4095
x2 <- 0xFFFFFFFFFFFFFFFF
mem[X,0x00000000800036E0] -> 0x1113
mem[X,0x00000000800036E2] -> 0x03F1
[494] [M]: 0x00000000800036E0 (0x03F11113) slli sp, sp, 63
x2 <- 0x8000000000000000
mem[X,0x00000000800036E4] -> 0x0013
mem[X,0x00000000800036E6] -> 0x0000
[495] [M]: 0x00000000800036E4 (0x00000013) addi zero, zero, 0
mem[X,0x00000000800036E8] -> 0x0213
mem[X,0x00000000800036EA] -> 0x0000
[496] [M]: 0x00000000800036E8 (0x00000213) addi tp, zero, 0
x4 <- 0x0000000000000000
mem[X,0x00000000800036EC] -> 0x006F
mem[X,0x00000000800036EE] -> 0x00C0
[497] [M]: 0x00000000800036EC (0x00C0006F) jal zero, 12
mem[X,0x00000000800036F8] -> 0x0CE3
mem[X,0x00000000800036FA] -> 0xFE01
[498] [M]: 0x00000000800036F8 (0xFE010CE3) beq sp, zero, 8184
mem[X,0x00000000800036FC] -> 0x0213
mem[X,0x00000000800036FE] -> 0x0022
[499] [M]: 0x00000000800036FC (0x00220213) addi tp, tp, 2
x4 <- 0x0000000000000002
clint::tick mtime <- 0x0000000000000005
 clint timer pending at mtime 0x0000000000000005
htif::tick 0x0000000000000000
mem[X,0x0000000080003700] -> 0x006F
mem[X,0x0000000080003702] -> 0x00C0
[500] [M]: 0x0000000080003700 (0x00C0006F) jal zero, 12
mem[X,0x000000008000370C] -> 0xB023
mem[X,0x000000008000370E] -> 0x0A40
[501] [M]: 0x000000008000370C (0x0A40B023) sd tp, 160(ra)
mem[0x00000000800491B8] <- 0x0000000000000002
mem[X,0x0000000080003710] -> 0x0413
mem[X,0x0000000080003712] -> 0x0010
[502] [M]: 0x0000000080003710 (0x00100413) addi fp, zero, 1
x8 <- 0x0000000000000001
mem[X,0x0000000080003714] -> 0x1413
mem[X,0x0000000080003716] -> 0x0334
[503] [M]: 0x0000000080003714 (0x03341413) slli fp, fp, 51
x8 <- 0x0008000000000000
mem[X,0x0000000080003718] -> 0x4413
mem[X,0x000000008000371A] -> 0xFFF4
[504] [M]: 0x0000000080003718 (0xFFF44413) xori fp, fp, 4095
x8 <- 0xFFF7FFFFFFFFFFFF
mem[X,0x000000008000371C] -> 0x0593
mem[X,0x000000008000371E] -> 0x0010
[505] [M]: 0x000000008000371C (0x00100593) addi a1, zero, 1
x11 <- 0x0000000000000001
mem[X,0x0000000080003720] -> 0x9593
mem[X,0x0000000080003722] -> 0x00E5
[506] [M]: 0x0000000080003720 (0x00E59593) slli a1, a1, 14
x11 <- 0x0000000000004000
mem[X,0x0000000080003724] -> 0x0213
mem[X,0x0000000080003726] -> 0x0000
[507] [M]: 0x0000000080003724 (0x00000213) addi tp, zero, 0
x4 <- 0x0000000000000000
mem[X,0x0000000080003728] -> 0x006F
mem[X,0x000000008000372A] -> 0x00C0
[508] [M]: 0x0000000080003728 (0x00C0006F) jal zero, 12
mem[X,0x0000000080003734] -> 0x0663
mem[X,0x0000000080003736] -> 0x00B4
[509] [M]: 0x0000000080003734 (0x00B40663) beq fp, a1, 12
mem[X,0x0000000080003738] -> 0x0213
mem[X,0x000000008000373A] -> 0x0022
[510] [M]: 0x0000000080003738 (0x00220213) addi tp, tp, 2
x4 <- 0x0000000000000002
mem[X,0x000000008000373C] -> 0x006F
mem[X,0x000000008000373E] -> 0x00C0
[511] [M]: 0x000000008000373C (0x00C0006F) jal zero, 12
mem[X,0x0000000080003748] -> 0xB423
mem[X,0x000000008000374A] -> 0x0A40
[512] [M]: 0x0000000080003748 (0x0A40B423) sd tp, 168(ra)
mem[0x00000000800491C0] <- 0x0000000000000002
mem[X,0x000000008000374C] -> 0x0013
mem[X,0x000000008000374E] -> 0x0000
[513] [M]: 0x000000008000374C (0x00000013) addi zero, zero, 0
mem[X,0x0000000080003750] -> 0x0013
mem[X,0x0000000080003752] -> 0x0000
[514] [M]: 0x0000000080003750 (0x00000013) addi zero, zero, 0
mem[X,0x0000000080003754] -> 0x0013
mem[X,0x0000000080003756] -> 0x0000
[515] [M]: 0x0000000080003754 (0x00000013) addi zero, zero, 0
mem[X,0x0000000080003758] -> 0x0013
mem[X,0x000000008000375A] -> 0x0000
[516] [M]: 0x0000000080003758 (0x00000013) addi zero, zero, 0
mem[X,0x000000008000375C] -> 0x0013
mem[X,0x000000008000375E] -> 0x0000
[517] [M]: 0x000000008000375C (0x00000013) addi zero, zero, 0
mem[X,0x0000000080003760] -> 0x6117
mem[X,0x0000000080003762] -> 0x0004
[518] [M]: 0x0000000080003760 (0x00046117) auipc sp, 70
x2 <- 0x0000000080049760
mem[X,0x0000000080003764] -> 0x0113
mem[X,0x0000000080003766] -> 0xA681
[519] [M]: 0x0000000080003764 (0xA6810113) addi sp, sp, 2664
x2 <- 0x00000000800491C8
mem[X,0x0000000080003768] -> 0x0013
mem[X,0x000000008000376A] -> 0x0000
[520] [M]: 0x0000000080003768 (0x00000013) addi zero, zero, 0
mem[X,0x000000008000376C] -> 0x0013
mem[X,0x000000008000376E] -> 0x0000
[521] [M]: 0x000000008000376C (0x00000013) addi zero, zero, 0
mem[X,0x0000000080003770] -> 0x0013
mem[X,0x0000000080003772] -> 0x0000
[522] [M]: 0x0000000080003770 (0x00000013) addi zero, zero, 0
mem[X,0x0000000080003774] -> 0x0013
mem[X,0x0000000080003776] -> 0x0000
[523] [M]: 0x0000000080003774 (0x00000013) addi zero, zero, 0
mem[X,0x0000000080003778] -> 0x0013
mem[X,0x000000008000377A] -> 0x0000
[524] [M]: 0x0000000080003778 (0x00000013) addi zero, zero, 0
mem[X,0x000000008000377C] -> 0x0013
mem[X,0x000000008000377E] -> 0x0000
[525] [M]: 0x000000008000377C (0x00000013) addi zero, zero, 0
mem[X,0x0000000080003780] -> 0x0A93
mem[X,0x0000000080003782] -> 0x0010
[526] [M]: 0x0000000080003780 (0x00100A93) addi s5, zero, 1
x21 <- 0x0000000000000001
mem[X,0x0000000080003784] -> 0x0B93
mem[X,0x0000000080003786] -> 0x0010
[527] [M]: 0x0000000080003784 (0x00100B93) addi s7, zero, 1
x23 <- 0x0000000000000001
mem[X,0x0000000080003788] -> 0x9B93
mem[X,0x000000008000378A] -> 0x00FB
[528] [M]: 0x0000000080003788 (0x00FB9B93) slli s7, s7, 15
x23 <- 0x0000000000008000
mem[X,0x000000008000378C] -> 0x0213
mem[X,0x000000008000378E] -> 0x0000
[529] [M]: 0x000000008000378C (0x00000213) addi tp, zero, 0
x4 <- 0x0000000000000000
mem[X,0x0000000080003790] -> 0x006F
mem[X,0x0000000080003792] -> 0x00C0
[530] [M]: 0x0000000080003790 (0x00C0006F) jal zero, 12
mem[X,0x000000008000379C] -> 0x8CE3
mem[X,0x000000008000379E] -> 0xFF7A
[531] [M]: 0x000000008000379C (0xFF7A8CE3) beq s5, s7, 8184
mem[X,0x00000000800037A0] -> 0x0213
mem[X,0x00000000800037A2] -> 0x0022
[532] [M]: 0x00000000800037A0 (0x00220213) addi tp, tp, 2
x4 <- 0x0000000000000002
mem[X,0x00000000800037A4] -> 0x006F
mem[X,0x00000000800037A6] -> 0x00C0
[533] [M]: 0x00000000800037A4 (0x00C0006F) jal zero, 12
mem[X,0x00000000800037B0] -> 0x3023
mem[X,0x00000000800037B2] -> 0x0041
[534] [M]: 0x00000000800037B0 (0x00413023) sd tp, 0(sp)
mem[0x00000000800491C8] <- 0x0000000000000002
mem[X,0x00000000800037B4] -> 0x0693
mem[X,0x00000000800037B6] -> 0x0010
[535] [M]: 0x00000000800037B4 (0x00100693) addi a3, zero, 1
x13 <- 0x0000000000000001
mem[X,0x00000000800037B8] -> 0x9693
mem[X,0x00000000800037BA] -> 0x03C6
[536] [M]: 0x00000000800037B8 (0x03C69693) slli a3, a3, 60
x13 <- 0x1000000000000000
mem[X,0x00000000800037BC] -> 0xC693
mem[X,0x00000000800037BE] -> 0xFFF6
[537] [M]: 0x00000000800037BC (0xFFF6C693) xori a3, a3, 4095
x13 <- 0xEFFFFFFFFFFFFFFF
mem[X,0x00000000800037C0] -> 0x0313
mem[X,0x00000000800037C2] -> 0x0010
[538] [M]: 0x00000000800037C0 (0x00100313) addi t1, zero, 1
x6 <- 0x0000000000000001
mem[X,0x00000000800037C4] -> 0x1313
mem[X,0x00000000800037C6] -> 0x0103
[539] [M]: 0x00000000800037C4 (0x01031313) slli t1, t1, 16
x6 <- 0x0000000000010000
mem[X,0x00000000800037C8] -> 0x0213
mem[X,0x00000000800037CA] -> 0x0000
[540] [M]: 0x00000000800037C8 (0x00000213) addi tp, zero, 0
x4 <- 0x0000000000000000
mem[X,0x00000000800037CC] -> 0x006F
mem[X,0x00000000800037CE] -> 0x2B10
[541] [M]: 0x00000000800037CC (0x2B10006F) jal zero, 2736
mem[X,0x000000008000427C] -> 0x8A63
mem[X,0x000000008000427E] -> 0xD466
[542] [M]: 0x000000008000427C (0xD4668A63) beq a3, t1, 5460
mem[X,0x0000000080004280] -> 0x0213
mem[X,0x0000000080004282] -> 0x0022
[543] [M]: 0x0000000080004280 (0x00220213) addi tp, tp, 2
x4 <- 0x0000000000000002
mem[X,0x0000000080004284] -> 0x006F
mem[X,0x0000000080004286] -> 0x00C0
[544] [M]: 0x0000000080004284 (0x00C0006F) jal zero, 12
mem[X,0x0000000080004290] -> 0x3423
mem[X,0x0000000080004292] -> 0x0041
[545] [M]: 0x0000000080004290 (0x00413423) sd tp, 8(sp)
mem[0x00000000800491D0] <- 0x0000000000000002
mem[X,0x0000000080004294] -> 0x0313
mem[X,0x0000000080004296] -> 0x0010
[546] [M]: 0x0000000080004294 (0x00100313) addi t1, zero, 1
x6 <- 0x0000000000000001
mem[X,0x0000000080004298] -> 0x1313
mem[X,0x000000008000429A] -> 0x0283
[547] [M]: 0x0000000080004298 (0x02831313) slli t1, t1, 40
x6 <- 0x0000010000000000
mem[X,0x000000008000429C] -> 0x0193
mem[X,0x000000008000429E] -> 0x0010
[548] [M]: 0x000000008000429C (0x00100193) addi gp, zero, 1
x3 <- 0x0000000000000001
mem[X,0x00000000800042A0] -> 0x9193
mem[X,0x00000000800042A2] -> 0x0111
[549] [M]: 0x00000000800042A0 (0x01119193) slli gp, gp, 17
x3 <- 0x0000000000020000
mem[X,0x00000000800042A4] -> 0x0213
mem[X,0x00000000800042A6] -> 0x0000
[550] [M]: 0x00000000800042A4 (0x00000213) addi tp, zero, 0
x4 <- 0x0000000000000000
mem[X,0x00000000800042A8] -> 0x006F
mem[X,0x00000000800042AA] -> 0x00C0
[551] [M]: 0x00000000800042A8 (0x00C0006F) jal zero, 12
mem[X,0x00000000800042B4] -> 0x0063
mem[X,0x00000000800042B6] -> 0x0433
[552] [M]: 0x00000000800042B4 (0x04330063) beq t1, gp, 64
mem[X,0x00000000800042B8] -> 0x0213
mem[X,0x00000000800042BA] -> 0x0022
[553] [M]: 0x00000000800042B8 (0x00220213) addi tp, tp, 2
x4 <- 0x0000000000000002
mem[X,0x00000000800042BC] -> 0x006F
mem[X,0x00000000800042BE] -> 0x0400
[554] [M]: 0x00000000800042BC (0x0400006F) jal zero, 64
mem[X,0x00000000800042FC] -> 0x3823
mem[X,0x00000000800042FE] -> 0x0041
[555] [M]: 0x00000000800042FC (0x00413823) sd tp, 16(sp)
mem[0x00000000800491D8] <- 0x0000000000000002
mem[X,0x0000000080004300] -> 0x0B13
mem[X,0x0000000080004302] -> 0x0010
[556] [M]: 0x0000000080004300 (0x00100B13) addi s6, zero, 1
x22 <- 0x0000000000000001
mem[X,0x0000000080004304] -> 0x1B13
mem[X,0x0000000080004306] -> 0x037B
[557] [M]: 0x0000000080004304 (0x037B1B13) slli s6, s6, 55
x22 <- 0x0080000000000000
mem[X,0x0000000080004308] -> 0x0E93
mem[X,0x000000008000430A] -> 0x0010
[558] [M]: 0x0000000080004308 (0x00100E93) addi t4, zero, 1
x29 <- 0x0000000000000001
mem[X,0x000000008000430C] -> 0x9E93
mem[X,0x000000008000430E] -> 0x012E
[559] [M]: 0x000000008000430C (0x012E9E93) slli t4, t4, 18
x29 <- 0x0000000000040000
mem[X,0x0000000080004310] -> 0x0213
mem[X,0x0000000080004312] -> 0x0000
[560] [M]: 0x0000000080004310 (0x00000213) addi tp, zero, 0
x4 <- 0x0000000000000000
mem[X,0x0000000080004314] -> 0x006F
mem[X,0x0000000080004316] -> 0x0140
[561] [M]: 0x0000000080004314 (0x0140006F) jal zero, 20
mem[X,0x0000000080004328] -> 0x08E3
mem[X,0x000000008000432A] -> 0xFFDB
[562] [M]: 0x0000000080004328 (0xFFDB08E3) beq s6, t4, 8176
mem[X,0x000000008000432C] -> 0x0213
mem[X,0x000000008000432E] -> 0x0022
[563] [M]: 0x000000008000432C (0x00220213) addi tp, tp, 2
x4 <- 0x0000000000000002
mem[X,0x0000000080004330] -> 0x006F
mem[X,0x0000000080004332] -> 0x00C0
[564] [M]: 0x0000000080004330 (0x00C0006F) jal zero, 12
mem[X,0x000000008000433C] -> 0x3C23
mem[X,0x000000008000433E] -> 0x0041
[565] [M]: 0x000000008000433C (0x00413C23) sd tp, 24(sp)
mem[0x00000000800491E0] <- 0x0000000000000002
mem[X,0x0000000080004340] -> 0x0D13
mem[X,0x0000000080004342] -> 0x0010
[566] [M]: 0x0000000080004340 (0x00100D13) addi s10, zero, 1
x26 <- 0x0000000000000001
mem[X,0x0000000080004344] -> 0x1D13
mem[X,0x0000000080004346] -> 0x016D
[567] [M]: 0x0000000080004344 (0x016D1D13) slli s10, s10, 22
x26 <- 0x0000000000400000
mem[X,0x0000000080004348] -> 0x4D13
mem[X,0x000000008000434A] -> 0xFFFD
[568] [M]: 0x0000000080004348 (0xFFFD4D13) xori s10, s10, 4095
x26 <- 0xFFFFFFFFFFBFFFFF
mem[X,0x000000008000434C] -> 0x0793
mem[X,0x000000008000434E] -> 0x0010
[569] [M]: 0x000000008000434C (0x00100793) addi a5, zero, 1
x15 <- 0x0000000000000001
mem[X,0x0000000080004350] -> 0x9793
mem[X,0x0000000080004352] -> 0x0137
[570] [M]: 0x0000000080004350 (0x01379793) slli a5, a5, 19
x15 <- 0x0000000000080000
mem[X,0x0000000080004354] -> 0x0213
mem[X,0x0000000080004356] -> 0x0000
[571] [M]: 0x0000000080004354 (0x00000213) addi tp, zero, 0
x4 <- 0x0000000000000000
mem[X,0x0000000080004358] -> 0x006F
mem[X,0x000000008000435A] -> 0x00C0
[572] [M]: 0x0000000080004358 (0x00C0006F) jal zero, 12
mem[X,0x0000000080004364] -> 0x0063
mem[X,0x0000000080004366] -> 0x02FD
[573] [M]: 0x0000000080004364 (0x02FD0063) beq s10, a5, 32
mem[X,0x0000000080004368] -> 0x0213
mem[X,0x000000008000436A] -> 0x0022
[574] [M]: 0x0000000080004368 (0x00220213) addi tp, tp, 2
x4 <- 0x0000000000000002
mem[X,0x000000008000436C] -> 0x006F
mem[X,0x000000008000436E] -> 0x0200
[575] [M]: 0x000000008000436C (0x0200006F) jal zero, 32
mem[X,0x000000008000438C] -> 0x3023
mem[X,0x000000008000438E] -> 0x0241
[576] [M]: 0x000000008000438C (0x02413023) sd tp, 32(sp)
mem[0x00000000800491E8] <- 0x0000000000000002
mem[X,0x0000000080004390] -> 0x0E13
mem[X,0x0000000080004392] -> 0x2000
[577] [M]: 0x0000000080004390 (0x20000E13) addi t3, zero, 512
x28 <- 0x0000000000000200
mem[X,0x0000000080004394] -> 0x0393
mem[X,0x0000000080004396] -> 0x0010
[578] [M]: 0x0000000080004394 (0x00100393) addi t2, zero, 1
x7 <- 0x0000000000000001
mem[X,0x0000000080004398] -> 0x9393
mem[X,0x000000008000439A] -> 0x0143
[579] [M]: 0x0000000080004398 (0x01439393) slli t2, t2, 20
x7 <- 0x0000000000100000
mem[X,0x000000008000439C] -> 0x0213
mem[X,0x000000008000439E] -> 0x0000
[580] [M]: 0x000000008000439C (0x00000213) addi tp, zero, 0
x4 <- 0x0000000000000000
mem[X,0x00000000800043A0] -> 0x006F
mem[X,0x00000000800043A2] -> 0x2B10
[581] [M]: 0x00000000800043A0 (0x2B10006F) jal zero, 2736
mem[X,0x0000000080004E50] -> 0x0A63
mem[X,0x0000000080004E52] -> 0xD47E
[582] [M]: 0x0000000080004E50 (0xD47E0A63) beq t3, t2, 5460
mem[X,0x0000000080004E54] -> 0x0213
mem[X,0x0000000080004E56] -> 0x0022
[583] [M]: 0x0000000080004E54 (0x00220213) addi tp, tp, 2
x4 <- 0x0000000000000002
mem[X,0x0000000080004E58] -> 0x006F
mem[X,0x0000000080004E5A] -> 0x00C0
[584] [M]: 0x0000000080004E58 (0x00C0006F) jal zero, 12
mem[X,0x0000000080004E64] -> 0x3423
mem[X,0x0000000080004E66] -> 0x0241
[585] [M]: 0x0000000080004E64 (0x02413423) sd tp, 40(sp)
mem[0x00000000800491F0] <- 0x0000000000000002
mem[X,0x0000000080004E68] -> 0x0493
mem[X,0x0000000080004E6A] -> 0x0040
[586] [M]: 0x0000000080004E68 (0x00400493) addi s1, zero, 4
x9 <- 0x0000000000000004
mem[X,0x0000000080004E6C] -> 0x0893
mem[X,0x0000000080004E6E] -> 0x0010
[587] [M]: 0x0000000080004E6C (0x00100893) addi a7, zero, 1
x17 <- 0x0000000000000001
mem[X,0x0000000080004E70] -> 0x9893
mem[X,0x0000000080004E72] -> 0x0158
[588] [M]: 0x0000000080004E70 (0x01589893) slli a7, a7, 21
x17 <- 0x0000000000200000
mem[X,0x0000000080004E74] -> 0x0213
mem[X,0x0000000080004E76] -> 0x0000
[589] [M]: 0x0000000080004E74 (0x00000213) addi tp, zero, 0
x4 <- 0x0000000000000000
mem[X,0x0000000080004E78] -> 0x006F
mem[X,0x0000000080004E7A] -> 0x0050
[590] [M]: 0x0000000080004E78 (0x0050006F) jal zero, 2052
mem[X,0x000000008000567C] -> 0x80E3
mem[X,0x000000008000567E] -> 0x8114
[591] [M]: 0x000000008000567C (0x811480E3) beq s1, a7, 6144
mem[X,0x0000000080005680] -> 0x0213
mem[X,0x0000000080005682] -> 0x0022
[592] [M]: 0x0000000080005680 (0x00220213) addi tp, tp, 2
x4 <- 0x0000000000000002
mem[X,0x0000000080005684] -> 0x006F
mem[X,0x0000000080005686] -> 0x00C0
[593] [M]: 0x0000000080005684 (0x00C0006F) jal zero, 12
mem[X,0x0000000080005690] -> 0x3823
mem[X,0x0000000080005692] -> 0x0241
[594] [M]: 0x0000000080005690 (0x02413823) sd tp, 48(sp)
mem[0x00000000800491F8] <- 0x0000000000000002
mem[X,0x0000000080005694] -> 0x0093
mem[X,0x0000000080005696] -> 0x0010
[595] [M]: 0x0000000080005694 (0x00100093) addi ra, zero, 1
x1 <- 0x0000000000000001
mem[X,0x0000000080005698] -> 0x9093
mem[X,0x000000008000569A] -> 0x0270
[596] [M]: 0x0000000080005698 (0x02709093) slli ra, ra, 39
x1 <- 0x0000008000000000
mem[X,0x000000008000569C] -> 0xC093
mem[X,0x000000008000569E] -> 0xFFF0
[597] [M]: 0x000000008000569C (0xFFF0C093) xori ra, ra, 4095
x1 <- 0xFFFFFF7FFFFFFFFF
mem[X,0x00000000800056A0] -> 0x0413
mem[X,0x00000000800056A2] -> 0x0010
[598] [M]: 0x00000000800056A0 (0x00100413) addi fp, zero, 1
x8 <- 0x0000000000000001
mem[X,0x00000000800056A4] -> 0x1413
mem[X,0x00000000800056A6] -> 0x0164
[599] [M]: 0x00000000800056A4 (0x01641413) slli fp, fp, 22
x8 <- 0x0000000000400000
clint::tick mtime <- 0x0000000000000006
 clint timer pending at mtime 0x0000000000000006
htif::tick 0x0000000000000000
mem[X,0x00000000800056A8] -> 0x0213
mem[X,0x00000000800056AA] -> 0x0000
[600] [M]: 0x00000000800056A8 (0x00000213) addi tp, zero, 0
x4 <- 0x0000000000000000
mem[X,0x00000000800056AC] -> 0x006F
mem[X,0x00000000800056AE] -> 0x00C0
[601] [M]: 0x00000000800056AC (0x00C0006F) jal zero, 12
mem[X,0x00000000800056B8] -> 0x8063
mem[X,0x00000000800056BA] -> 0x4080
[602] [M]: 0x00000000800056B8 (0x40808063) beq ra, fp, 1024
mem[X,0x00000000800056BC] -> 0x0213
mem[X,0x00000000800056BE] -> 0x0022
[603] [M]: 0x00000000800056BC (0x00220213) addi tp, tp, 2
x4 <- 0x0000000000000002
mem[X,0x00000000800056C0] -> 0x006F
mem[X,0x00000000800056C2] -> 0x4000
[604] [M]: 0x00000000800056C0 (0x4000006F) jal zero, 1024
mem[X,0x0000000080005AC0] -> 0x3C23
mem[X,0x0000000080005AC2] -> 0x0241
[605] [M]: 0x0000000080005AC0 (0x02413C23) sd tp, 56(sp)
mem[0x0000000080049200] <- 0x0000000000000002
mem[X,0x0000000080005AC4] -> 0x0013
mem[X,0x0000000080005AC6] -> 0x0000
[606] [M]: 0x0000000080005AC4 (0x00000013) addi zero, zero, 0
mem[X,0x0000000080005AC8] -> 0x0913
mem[X,0x0000000080005ACA] -> 0x0010
[607] [M]: 0x0000000080005AC8 (0x00100913) addi s2, zero, 1
x18 <- 0x0000000000000001
mem[X,0x0000000080005ACC] -> 0x1913
mem[X,0x0000000080005ACE] -> 0x0179
[608] [M]: 0x0000000080005ACC (0x01791913) slli s2, s2, 23
x18 <- 0x0000000000800000
mem[X,0x0000000080005AD0] -> 0x0213
mem[X,0x0000000080005AD2] -> 0x0000
[609] [M]: 0x0000000080005AD0 (0x00000213) addi tp, zero, 0
x4 <- 0x0000000000000000
mem[X,0x0000000080005AD4] -> 0x006F
mem[X,0x0000000080005AD6] -> 0x00C0
[610] [M]: 0x0000000080005AD4 (0x00C0006F) jal zero, 12
mem[X,0x0000000080005AE0] -> 0x0663
mem[X,0x0000000080005AE2] -> 0x0120
[611] [M]: 0x0000000080005AE0 (0x01200663) beq zero, s2, 12
mem[X,0x0000000080005AE4] -> 0x0213
mem[X,0x0000000080005AE6] -> 0x0022
[612] [M]: 0x0000000080005AE4 (0x00220213) addi tp, tp, 2
x4 <- 0x0000000000000002
mem[X,0x0000000080005AE8] -> 0x006F
mem[X,0x0000000080005AEA] -> 0x00C0
[613] [M]: 0x0000000080005AE8 (0x00C0006F) jal zero, 12
mem[X,0x0000000080005AF4] -> 0x3023
mem[X,0x0000000080005AF6] -> 0x0441
[614] [M]: 0x0000000080005AF4 (0x04413023) sd tp, 64(sp)
mem[0x0000000080049208] <- 0x0000000000000002
mem[X,0x0000000080005AF8] -> 0x0793
mem[X,0x0000000080005AFA] -> 0x0010
[615] [M]: 0x0000000080005AF8 (0x00100793) addi a5, zero, 1
x15 <- 0x0000000000000001
mem[X,0x0000000080005AFC] -> 0x9793
mem[X,0x0000000080005AFE] -> 0x00F7
[616] [M]: 0x0000000080005AFC (0x00F79793) slli a5, a5, 15
x15 <- 0x0000000000008000
mem[X,0x0000000080005B00] -> 0x0093
mem[X,0x0000000080005B02] -> 0x0010
[617] [M]: 0x0000000080005B00 (0x00100093) addi ra, zero, 1
x1 <- 0x0000000000000001
mem[X,0x0000000080005B04] -> 0x9093
mem[X,0x0000000080005B06] -> 0x0180
[618] [M]: 0x0000000080005B04 (0x01809093) slli ra, ra, 24
x1 <- 0x0000000001000000
mem[X,0x0000000080005B08] -> 0x0213
mem[X,0x0000000080005B0A] -> 0x0000
[619] [M]: 0x0000000080005B08 (0x00000213) addi tp, zero, 0
x4 <- 0x0000000000000000
mem[X,0x0000000080005B0C] -> 0x006F
mem[X,0x0000000080005B0E] -> 0x00C0
[620] [M]: 0x0000000080005B0C (0x00C0006F) jal zero, 12
mem[X,0x0000000080005B18] -> 0x8863
mem[X,0x0000000080005B1A] -> 0x0017
[621] [M]: 0x0000000080005B18 (0x00178863) beq a5, ra, 16
mem[X,0x0000000080005B1C] -> 0x0213
mem[X,0x0000000080005B1E] -> 0x0022
[622] [M]: 0x0000000080005B1C (0x00220213) addi tp, tp, 2
x4 <- 0x0000000000000002
mem[X,0x0000000080005B20] -> 0x006F
mem[X,0x0000000080005B22] -> 0x0100
[623] [M]: 0x0000000080005B20 (0x0100006F) jal zero, 16
mem[X,0x0000000080005B30] -> 0x3423
mem[X,0x0000000080005B32] -> 0x0441
[624] [M]: 0x0000000080005B30 (0x04413423) sd tp, 72(sp)
mem[0x0000000080049210] <- 0x0000000000000002
mem[X,0x0000000080005B34] -> 0x0513
mem[X,0x0000000080005B36] -> 0x0010
[625] [M]: 0x0000000080005B34 (0x00100513) addi a0, zero, 1
x10 <- 0x0000000000000001
mem[X,0x0000000080005B38] -> 0x1513
mem[X,0x0000000080005B3A] -> 0x0285
[626] [M]: 0x0000000080005B38 (0x02851513) slli a0, a0, 40
x10 <- 0x0000010000000000
mem[X,0x0000000080005B3C] -> 0x4513
mem[X,0x0000000080005B3E] -> 0xFFF5
[627] [M]: 0x0000000080005B3C (0xFFF54513) xori a0, a0, 4095
x10 <- 0xFFFFFEFFFFFFFFFF
mem[X,0x0000000080005B40] -> 0x0593
mem[X,0x0000000080005B42] -> 0x0010
[628] [M]: 0x0000000080005B40 (0x00100593) addi a1, zero, 1
x11 <- 0x0000000000000001
mem[X,0x0000000080005B44] -> 0x9593
mem[X,0x0000000080005B46] -> 0x0195
[629] [M]: 0x0000000080005B44 (0x01959593) slli a1, a1, 25
x11 <- 0x0000000002000000
mem[X,0x0000000080005B48] -> 0x0213
mem[X,0x0000000080005B4A] -> 0x0000
[630] [M]: 0x0000000080005B48 (0x00000213) addi tp, zero, 0
x4 <- 0x0000000000000000
mem[X,0x0000000080005B4C] -> 0x006F
mem[X,0x0000000080005B4E] -> 0x00C0
[631] [M]: 0x0000000080005B4C (0x00C0006F) jal zero, 12
mem[X,0x0000000080005B58] -> 0x0663
mem[X,0x0000000080005B5A] -> 0x00B5
[632] [M]: 0x0000000080005B58 (0x00B50663) beq a0, a1, 12
mem[X,0x0000000080005B5C] -> 0x0213
mem[X,0x0000000080005B5E] -> 0x0022
[633] [M]: 0x0000000080005B5C (0x00220213) addi tp, tp, 2
x4 <- 0x0000000000000002
mem[X,0x0000000080005B60] -> 0x006F
mem[X,0x0000000080005B62] -> 0x00C0
[634] [M]: 0x0000000080005B60 (0x00C0006F) jal zero, 12
mem[X,0x0000000080005B6C] -> 0x3823
mem[X,0x0000000080005B6E] -> 0x0441
[635] [M]: 0x0000000080005B6C (0x04413823) sd tp, 80(sp)
mem[0x0000000080049218] <- 0x0000000000000002
mem[X,0x0000000080005B70] -> 0x0513
mem[X,0x0000000080005B72] -> 0x0010
[636] [M]: 0x0000000080005B70 (0x00100513) addi a0, zero, 1
x10 <- 0x0000000000000001
mem[X,0x0000000080005B74] -> 0x1513
mem[X,0x0000000080005B76] -> 0x0375
[637] [M]: 0x0000000080005B74 (0x03751513) slli a0, a0, 55
x10 <- 0x0080000000000000
mem[X,0x0000000080005B78] -> 0x4513
mem[X,0x0000000080005B7A] -> 0xFFF5
[638] [M]: 0x0000000080005B78 (0xFFF54513) xori a0, a0, 4095
x10 <- 0xFF7FFFFFFFFFFFFF
mem[X,0x0000000080005B7C] -> 0x0593
mem[X,0x0000000080005B7E] -> 0x0010
[639] [M]: 0x0000000080005B7C (0x00100593) addi a1, zero, 1
x11 <- 0x0000000000000001
mem[X,0x0000000080005B80] -> 0x9593
mem[X,0x0000000080005B82] -> 0x01A5
[640] [M]: 0x0000000080005B80 (0x01A59593) slli a1, a1, 26
x11 <- 0x0000000004000000
mem[X,0x0000000080005B84] -> 0x0213
mem[X,0x0000000080005B86] -> 0x0000
[641] [M]: 0x0000000080005B84 (0x00000213) addi tp, zero, 0
x4 <- 0x0000000000000000
mem[X,0x0000000080005B88] -> 0x006F
mem[X,0x0000000080005B8A] -> 0x00C0
[642] [M]: 0x0000000080005B88 (0x00C0006F) jal zero, 12
mem[X,0x0000000080005B94] -> 0x0063
mem[X,0x0000000080005B96] -> 0x40B5
[643] [M]: 0x0000000080005B94 (0x40B50063) beq a0, a1, 1024
mem[X,0x0000000080005B98] -> 0x0213
mem[X,0x0000000080005B9A] -> 0x0022
[644] [M]: 0x0000000080005B98 (0x00220213) addi tp, tp, 2
x4 <- 0x0000000000000002
mem[X,0x0000000080005B9C] -> 0x006F
mem[X,0x0000000080005B9E] -> 0x4000
[645] [M]: 0x0000000080005B9C (0x4000006F) jal zero, 1024
mem[X,0x0000000080005F9C] -> 0x3C23
mem[X,0x0000000080005F9E] -> 0x0441
[646] [M]: 0x0000000080005F9C (0x04413C23) sd tp, 88(sp)
mem[0x0000000080049220] <- 0x0000000000000002
mem[X,0x0000000080005FA0] -> 0x0537
mem[X,0x0000000080005FA2] -> 0x0000
[647] [M]: 0x0000000080005FA0 (0x00000537) lui a0, 0
x10 <- 0x0000000000000000
mem[X,0x0000000080005FA4] -> 0x0513
mem[X,0x0000000080005FA6] -> 0x0005
[648] [M]: 0x0000000080005FA4 (0x00050513) addi a0, a0, 0
x10 <- 0x0000000000000000
mem[X,0x0000000080005FA8] -> 0x1513
mem[X,0x0000000080005FAA] -> 0x00B5
[649] [M]: 0x0000000080005FA8 (0x00B51513) slli a0, a0, 11
x10 <- 0x0000000000000000
mem[X,0x0000000080005FAC] -> 0x0513
mem[X,0x0000000080005FAE] -> 0x5A85
[650] [M]: 0x0000000080005FAC (0x5A850513) addi a0, a0, 1448
x10 <- 0x00000000000005A8
mem[X,0x0000000080005FB0] -> 0x1513
mem[X,0x0000000080005FB2] -> 0x00B5
[651] [M]: 0x0000000080005FB0 (0x00B51513) slli a0, a0, 11
x10 <- 0x00000000002D4000
mem[X,0x0000000080005FB4] -> 0x0513
mem[X,0x0000000080005FB6] -> 0x13C5
[652] [M]: 0x0000000080005FB4 (0x13C50513) addi a0, a0, 316
x10 <- 0x00000000002D413C
mem[X,0x0000000080005FB8] -> 0x1513
mem[X,0x0000000080005FBA] -> 0x00A5
[653] [M]: 0x0000000080005FB8 (0x00A51513) slli a0, a0, 10
x10 <- 0x00000000B504F000
mem[X,0x0000000080005FBC] -> 0x0513
mem[X,0x0000000080005FBE] -> 0x3335
[654] [M]: 0x0000000080005FBC (0x33350513) addi a0, a0, 819
x10 <- 0x00000000B504F333
mem[X,0x0000000080005FC0] -> 0x0593
mem[X,0x0000000080005FC2] -> 0x0010
[655] [M]: 0x0000000080005FC0 (0x00100593) addi a1, zero, 1
x11 <- 0x0000000000000001
mem[X,0x0000000080005FC4] -> 0x9593
mem[X,0x0000000080005FC6] -> 0x01B5
[656] [M]: 0x0000000080005FC4 (0x01B59593) slli a1, a1, 27
x11 <- 0x0000000008000000
mem[X,0x0000000080005FC8] -> 0x0213
mem[X,0x0000000080005FCA] -> 0x0000
[657] [M]: 0x0000000080005FC8 (0x00000213) addi tp, zero, 0
x4 <- 0x0000000000000000
mem[X,0x0000000080005FCC] -> 0x006F
mem[X,0x0000000080005FCE] -> 0x00C0
[658] [M]: 0x0000000080005FCC (0x00C0006F) jal zero, 12
mem[X,0x0000000080005FD8] -> 0x0CE3
mem[X,0x0000000080005FDA] -> 0xFEB5
[659] [M]: 0x0000000080005FD8 (0xFEB50CE3) beq a0, a1, 8184
mem[X,0x0000000080005FDC] -> 0x0213
mem[X,0x0000000080005FDE] -> 0x0022
[660] [M]: 0x0000000080005FDC (0x00220213) addi tp, tp, 2
x4 <- 0x0000000000000002
mem[X,0x0000000080005FE0] -> 0x006F
mem[X,0x0000000080005FE2] -> 0x00C0
[661] [M]: 0x0000000080005FE0 (0x00C0006F) jal zero, 12
mem[X,0x0000000080005FEC] -> 0x3023
mem[X,0x0000000080005FEE] -> 0x0641
[662] [M]: 0x0000000080005FEC (0x06413023) sd tp, 96(sp)
mem[0x0000000080049228] <- 0x0000000000000002
mem[X,0x0000000080005FF0] -> 0x0513
mem[X,0x0000000080005FF2] -> 0x0010
[663] [M]: 0x0000000080005FF0 (0x00100513) addi a0, zero, 1
x10 <- 0x0000000000000001
mem[X,0x0000000080005FF4] -> 0x1513
mem[X,0x0000000080005FF6] -> 0x01F5
[664] [M]: 0x0000000080005FF4 (0x01F51513) slli a0, a0, 31
x10 <- 0x0000000080000000
mem[X,0x0000000080005FF8] -> 0x4513
mem[X,0x0000000080005FFA] -> 0xFFF5
[665] [M]: 0x0000000080005FF8 (0xFFF54513) xori a0, a0, 4095
x10 <- 0xFFFFFFFF7FFFFFFF
mem[X,0x0000000080005FFC] -> 0x0593
mem[X,0x0000000080005FFE] -> 0x0010
[666] [M]: 0x0000000080005FFC (0x00100593) addi a1, zero, 1
x11 <- 0x0000000000000001
mem[X,0x0000000080006000] -> 0x9593
mem[X,0x0000000080006002] -> 0x01C5
[667] [M]: 0x0000000080006000 (0x01C59593) slli a1, a1, 28
x11 <- 0x0000000010000000
mem[X,0x0000000080006004] -> 0x0213
mem[X,0x0000000080006006] -> 0x0000
[668] [M]: 0x0000000080006004 (0x00000213) addi tp, zero, 0
x4 <- 0x0000000000000000
mem[X,0x0000000080006008] -> 0x006F
mem[X,0x000000008000600A] -> 0x00C0
[669] [M]: 0x0000000080006008 (0x00C0006F) jal zero, 12
mem[X,0x0000000080006014] -> 0x0663
mem[X,0x0000000080006016] -> 0x00B5
[670] [M]: 0x0000000080006014 (0x00B50663) beq a0, a1, 12
mem[X,0x0000000080006018] -> 0x0213
mem[X,0x000000008000601A] -> 0x0022
[671] [M]: 0x0000000080006018 (0x00220213) addi tp, tp, 2
x4 <- 0x0000000000000002
mem[X,0x000000008000601C] -> 0x006F
mem[X,0x000000008000601E] -> 0x00C0
[672] [M]: 0x000000008000601C (0x00C0006F) jal zero, 12
mem[X,0x0000000080006028] -> 0x3423
mem[X,0x000000008000602A] -> 0x0641
[673] [M]: 0x0000000080006028 (0x06413423) sd tp, 104(sp)
mem[0x0000000080049230] <- 0x0000000000000002
mem[X,0x000000008000602C] -> 0x5537
mem[X,0x000000008000602E] -> 0x5555
[674] [M]: 0x000000008000602C (0x55555537) lui a0, 349525
x10 <- 0x0000000055555000
mem[X,0x0000000080006030] -> 0x0513
mem[X,0x0000000080006032] -> 0x5555
[675] [M]: 0x0000000080006030 (0x55550513) addi a0, a0, 1365
x10 <- 0x0000000055555555
mem[X,0x0000000080006034] -> 0x1513
mem[X,0x0000000080006036] -> 0x00B5
[676] [M]: 0x0000000080006034 (0x00B51513) slli a0, a0, 11
x10 <- 0x000002AAAAAAA800
mem[X,0x0000000080006038] -> 0x0513
mem[X,0x000000008000603A] -> 0x2AA5
[677] [M]: 0x0000000080006038 (0x2AA50513) addi a0, a0, 682
x10 <- 0x000002AAAAAAAAAA
mem[X,0x000000008000603C] -> 0x1513
mem[X,0x000000008000603E] -> 0x00B5
[678] [M]: 0x000000008000603C (0x00B51513) slli a0, a0, 11
x10 <- 0x0015555555555000
mem[X,0x0000000080006040] -> 0x0513
mem[X,0x0000000080006042] -> 0x5555
[679] [M]: 0x0000000080006040 (0x55550513) addi a0, a0, 1365
x10 <- 0x0015555555555555
mem[X,0x0000000080006044] -> 0x1513
mem[X,0x0000000080006046] -> 0x00A5
[680] [M]: 0x0000000080006044 (0x00A51513) slli a0, a0, 10
x10 <- 0x5555555555555400
mem[X,0x0000000080006048] -> 0x0513
mem[X,0x000000008000604A] -> 0x1555
[681] [M]: 0x0000000080006048 (0x15550513) addi a0, a0, 341
x10 <- 0x5555555555555555
mem[X,0x000000008000604C] -> 0x0593
mem[X,0x000000008000604E] -> 0x0010
[682] [M]: 0x000000008000604C (0x00100593) addi a1, zero, 1
x11 <- 0x0000000000000001
mem[X,0x0000000080006050] -> 0x9593
mem[X,0x0000000080006052] -> 0x01D5
[683] [M]: 0x0000000080006050 (0x01D59593) slli a1, a1, 29
x11 <- 0x0000000020000000
mem[X,0x0000000080006054] -> 0x0213
mem[X,0x0000000080006056] -> 0x0000
[684] [M]: 0x0000000080006054 (0x00000213) addi tp, zero, 0
x4 <- 0x0000000000000000
mem[X,0x0000000080006058] -> 0x006F
mem[X,0x000000008000605A] -> 0x00C0
[685] [M]: 0x0000000080006058 (0x00C0006F) jal zero, 12
mem[X,0x0000000080006064] -> 0x0CE3
mem[X,0x0000000080006066] -> 0xFEB5
[686] [M]: 0x0000000080006064 (0xFEB50CE3) beq a0, a1, 8184
mem[X,0x0000000080006068] -> 0x0213
mem[X,0x000000008000606A] -> 0x0022
[687] [M]: 0x0000000080006068 (0x00220213) addi tp, tp, 2
x4 <- 0x0000000000000002
mem[X,0x000000008000606C] -> 0x006F
mem[X,0x000000008000606E] -> 0x00C0
[688] [M]: 0x000000008000606C (0x00C0006F) jal zero, 12
mem[X,0x0000000080006078] -> 0x3823
mem[X,0x000000008000607A] -> 0x0641
[689] [M]: 0x0000000080006078 (0x06413823) sd tp, 112(sp)
mem[0x0000000080049238] <- 0x0000000000000002
mem[X,0x000000008000607C] -> 0x0513
mem[X,0x000000008000607E] -> 0x0010
[690] [M]: 0x000000008000607C (0x00100513) addi a0, zero, 1
x10 <- 0x0000000000000001
mem[X,0x0000000080006080] -> 0x1513
mem[X,0x0000000080006082] -> 0x0225
[691] [M]: 0x0000000080006080 (0x02251513) slli a0, a0, 34
x10 <- 0x0000000400000000
mem[X,0x0000000080006084] -> 0x0593
mem[X,0x0000000080006086] -> 0x0010
[692] [M]: 0x0000000080006084 (0x00100593) addi a1, zero, 1
x11 <- 0x0000000000000001
mem[X,0x0000000080006088] -> 0x9593
mem[X,0x000000008000608A] -> 0x01E5
[693] [M]: 0x0000000080006088 (0x01E59593) slli a1, a1, 30
x11 <- 0x0000000040000000
mem[X,0x000000008000608C] -> 0x0213
mem[X,0x000000008000608E] -> 0x0000
[694] [M]: 0x000000008000608C (0x00000213) addi tp, zero, 0
x4 <- 0x0000000000000000
mem[X,0x0000000080006090] -> 0x006F
mem[X,0x0000000080006092] -> 0x00C0
[695] [M]: 0x0000000080006090 (0x00C0006F) jal zero, 12
mem[X,0x000000008000609C] -> 0x0CE3
mem[X,0x000000008000609E] -> 0xFEB5
[696] [M]: 0x000000008000609C (0xFEB50CE3) beq a0, a1, 8184
mem[X,0x00000000800060A0] -> 0x0213
mem[X,0x00000000800060A2] -> 0x0022
[697] [M]: 0x00000000800060A0 (0x00220213) addi tp, tp, 2
x4 <- 0x0000000000000002
mem[X,0x00000000800060A4] -> 0x006F
mem[X,0x00000000800060A6] -> 0x00C0
[698] [M]: 0x00000000800060A4 (0x00C0006F) jal zero, 12
mem[X,0x00000000800060B0] -> 0x3C23
mem[X,0x00000000800060B2] -> 0x0641
[699] [M]: 0x00000000800060B0 (0x06413C23) sd tp, 120(sp)
mem[0x0000000080049240] <- 0x0000000000000002
clint::tick mtime <- 0x0000000000000007
 clint timer pending at mtime 0x0000000000000007
htif::tick 0x0000000000000000
mem[X,0x00000000800060B4] -> 0x0513
mem[X,0x00000000800060B6] -> 0x0010
[700] [M]: 0x00000000800060B4 (0x00100513) addi a0, zero, 1
x10 <- 0x0000000000000001
mem[X,0x00000000800060B8] -> 0x1513
mem[X,0x00000000800060BA] -> 0x0175
[701] [M]: 0x00000000800060B8 (0x01751513) slli a0, a0, 23
x10 <- 0x0000000000800000
mem[X,0x00000000800060BC] -> 0x0593
mem[X,0x00000000800060BE] -> 0x0010
[702] [M]: 0x00000000800060BC (0x00100593) addi a1, zero, 1
x11 <- 0x0000000000000001
mem[X,0x00000000800060C0] -> 0x9593
mem[X,0x00000000800060C2] -> 0x01F5
[703] [M]: 0x00000000800060C0 (0x01F59593) slli a1, a1, 31
x11 <- 0x0000000080000000
mem[X,0x00000000800060C4] -> 0x0213
mem[X,0x00000000800060C6] -> 0x0000
[704] [M]: 0x00000000800060C4 (0x00000213) addi tp, zero, 0
x4 <- 0x0000000000000000
mem[X,0x00000000800060C8] -> 0x006F
mem[X,0x00000000800060CA] -> 0x00C0
[705] [M]: 0x00000000800060C8 (0x00C0006F) jal zero, 12
mem[X,0x00000000800060D4] -> 0x0CE3
mem[X,0x00000000800060D6] -> 0xFEB5
[706] [M]: 0x00000000800060D4 (0xFEB50CE3) beq a0, a1, 8184
mem[X,0x00000000800060D8] -> 0x0213
mem[X,0x00000000800060DA] -> 0x0022
[707] [M]: 0x00000000800060D8 (0x00220213) addi tp, tp, 2
x4 <- 0x0000000000000002
mem[X,0x00000000800060DC] -> 0x006F
mem[X,0x00000000800060DE] -> 0x00C0
[708] [M]: 0x00000000800060DC (0x00C0006F) jal zero, 12
mem[X,0x00000000800060E8] -> 0x3023
mem[X,0x00000000800060EA] -> 0x0841
[709] [M]: 0x00000000800060E8 (0x08413023) sd tp, 128(sp)
mem[0x0000000080049248] <- 0x0000000000000002
mem[X,0x00000000800060EC] -> 0x0513
mem[X,0x00000000800060EE] -> 0xDFF0
[710] [M]: 0x00000000800060EC (0xDFF00513) addi a0, zero, 3583
x10 <- 0xFFFFFFFFFFFFFDFF
mem[X,0x00000000800060F0] -> 0x0593
mem[X,0x00000000800060F2] -> 0x0010
[711] [M]: 0x00000000800060F0 (0x00100593) addi a1, zero, 1
x11 <- 0x0000000000000001
mem[X,0x00000000800060F4] -> 0x9593
mem[X,0x00000000800060F6] -> 0x0205
[712] [M]: 0x00000000800060F4 (0x02059593) slli a1, a1, 32
x11 <- 0x0000000100000000
mem[X,0x00000000800060F8] -> 0x0213
mem[X,0x00000000800060FA] -> 0x0000
[713] [M]: 0x00000000800060F8 (0x00000213) addi tp, zero, 0
x4 <- 0x0000000000000000
mem[X,0x00000000800060FC] -> 0x006F
mem[X,0x00000000800060FE] -> 0x00C0
[714] [M]: 0x00000000800060FC (0x00C0006F) jal zero, 12
mem[X,0x0000000080006108] -> 0x0063
mem[X,0x000000008000610A] -> 0x20B5
[715] [M]: 0x0000000080006108 (0x20B50063) beq a0, a1, 512
mem[X,0x000000008000610C] -> 0x0213
mem[X,0x000000008000610E] -> 0x0022
[716] [M]: 0x000000008000610C (0x00220213) addi tp, tp, 2
x4 <- 0x0000000000000002
mem[X,0x0000000080006110] -> 0x006F
mem[X,0x0000000080006112] -> 0x2000
[717] [M]: 0x0000000080006110 (0x2000006F) jal zero, 512
mem[X,0x0000000080006310] -> 0x3423
mem[X,0x0000000080006312] -> 0x0841
[718] [M]: 0x0000000080006310 (0x08413423) sd tp, 136(sp)
mem[0x0000000080049250] <- 0x0000000000000002
mem[X,0x0000000080006314] -> 0x0513
mem[X,0x0000000080006316] -> 0xFF90
[719] [M]: 0x0000000080006314 (0xFF900513) addi a0, zero, 4089
x10 <- 0xFFFFFFFFFFFFFFF9
mem[X,0x0000000080006318] -> 0x0593
mem[X,0x000000008000631A] -> 0x0010
[720] [M]: 0x0000000080006318 (0x00100593) addi a1, zero, 1
x11 <- 0x0000000000000001
mem[X,0x000000008000631C] -> 0x9593
mem[X,0x000000008000631E] -> 0x0215
[721] [M]: 0x000000008000631C (0x02159593) slli a1, a1, 33
x11 <- 0x0000000200000000
mem[X,0x0000000080006320] -> 0x0213
mem[X,0x0000000080006322] -> 0x0000
[722] [M]: 0x0000000080006320 (0x00000213) addi tp, zero, 0
x4 <- 0x0000000000000000
mem[X,0x0000000080006324] -> 0x006F
mem[X,0x0000000080006326] -> 0x0050
[723] [M]: 0x0000000080006324 (0x0050006F) jal zero, 2052
mem[X,0x0000000080006B28] -> 0x00E3
mem[X,0x0000000080006B2A] -> 0x80B5
[724] [M]: 0x0000000080006B28 (0x80B500E3) beq a0, a1, 6144
mem[X,0x0000000080006B2C] -> 0x0213
mem[X,0x0000000080006B2E] -> 0x0022
[725] [M]: 0x0000000080006B2C (0x00220213) addi tp, tp, 2
x4 <- 0x0000000000000002
mem[X,0x0000000080006B30] -> 0x006F
mem[X,0x0000000080006B32] -> 0x00C0
[726] [M]: 0x0000000080006B30 (0x00C0006F) jal zero, 12
mem[X,0x0000000080006B3C] -> 0x3823
mem[X,0x0000000080006B3E] -> 0x0841
[727] [M]: 0x0000000080006B3C (0x08413823) sd tp, 144(sp)
mem[0x0000000080049258] <- 0x0000000000000002
mem[X,0x0000000080006B40] -> 0x0513
mem[X,0x0000000080006B42] -> 0x0010
[728] [M]: 0x0000000080006B40 (0x00100513) addi a0, zero, 1
x10 <- 0x0000000000000001
mem[X,0x0000000080006B44] -> 0x1513
mem[X,0x0000000080006B46] -> 0x0275
[729] [M]: 0x0000000080006B44 (0x02751513) slli a0, a0, 39
x10 <- 0x0000008000000000
mem[X,0x0000000080006B48] -> 0x4513
mem[X,0x0000000080006B4A] -> 0xFFF5
[730] [M]: 0x0000000080006B48 (0xFFF54513) xori a0, a0, 4095
x10 <- 0xFFFFFF7FFFFFFFFF
mem[X,0x0000000080006B4C] -> 0x0593
mem[X,0x0000000080006B4E] -> 0x0010
[731] [M]: 0x0000000080006B4C (0x00100593) addi a1, zero, 1
x11 <- 0x0000000000000001
mem[X,0x0000000080006B50] -> 0x9593
mem[X,0x0000000080006B52] -> 0x0225
[732] [M]: 0x0000000080006B50 (0x02259593) slli a1, a1, 34
x11 <- 0x0000000400000000
mem[X,0x0000000080006B54] -> 0x0213
mem[X,0x0000000080006B56] -> 0x0000
[733] [M]: 0x0000000080006B54 (0x00000213) addi tp, zero, 0
x4 <- 0x0000000000000000
mem[X,0x0000000080006B58] -> 0x006F
mem[X,0x0000000080006B5A] -> 0x0180
[734] [M]: 0x0000000080006B58 (0x0180006F) jal zero, 24
mem[X,0x0000000080006B70] -> 0x06E3
mem[X,0x0000000080006B72] -> 0xFEB5
[735] [M]: 0x0000000080006B70 (0xFEB506E3) beq a0, a1, 8172
mem[X,0x0000000080006B74] -> 0x0213
mem[X,0x0000000080006B76] -> 0x0022
[736] [M]: 0x0000000080006B74 (0x00220213) addi tp, tp, 2
x4 <- 0x0000000000000002
mem[X,0x0000000080006B78] -> 0x006F
mem[X,0x0000000080006B7A] -> 0x00C0
[737] [M]: 0x0000000080006B78 (0x00C0006F) jal zero, 12
mem[X,0x0000000080006B84] -> 0x3C23
mem[X,0x0000000080006B86] -> 0x0841
[738] [M]: 0x0000000080006B84 (0x08413C23) sd tp, 152(sp)
mem[0x0000000080049260] <- 0x0000000000000002
mem[X,0x0000000080006B88] -> 0x0537
mem[X,0x0000000080006B8A] -> 0x0000
[739] [M]: 0x0000000080006B88 (0x00000537) lui a0, 0
x10 <- 0x0000000000000000
mem[X,0x0000000080006B8C] -> 0x0513
mem[X,0x0000000080006B8E] -> 0xFFF5
[740] [M]: 0x0000000080006B8C (0xFFF50513) addi a0, a0, 4095
x10 <- 0xFFFFFFFFFFFFFFFF
mem[X,0x0000000080006B90] -> 0x1513
mem[X,0x0000000080006B92] -> 0x00B5
[741] [M]: 0x0000000080006B90 (0x00B51513) slli a0, a0, 11
x10 <- 0xFFFFFFFFFFFFF800
mem[X,0x0000000080006B94] -> 0x0513
mem[X,0x0000000080006B96] -> 0x2575
[742] [M]: 0x0000000080006B94 (0x25750513) addi a0, a0, 599
x10 <- 0xFFFFFFFFFFFFFA57
mem[X,0x0000000080006B98] -> 0x1513
mem[X,0x0000000080006B9A] -> 0x00B5
[743] [M]: 0x0000000080006B98 (0x00B51513) slli a0, a0, 11
x10 <- 0xFFFFFFFFFFD2B800
mem[X,0x0000000080006B9C] -> 0x0513
mem[X,0x0000000080006B9E] -> 0x6C35
[744] [M]: 0x0000000080006B9C (0x6C350513) addi a0, a0, 1731
x10 <- 0xFFFFFFFFFFD2BEC3
mem[X,0x0000000080006BA0] -> 0x1513
mem[X,0x0000000080006BA2] -> 0x00A5
[745] [M]: 0x0000000080006BA0 (0x00A51513) slli a0, a0, 10
x10 <- 0xFFFFFFFF4AFB0C00
mem[X,0x0000000080006BA4] -> 0x0513
mem[X,0x0000000080006BA6] -> 0x0CD5
[746] [M]: 0x0000000080006BA4 (0x0CD50513) addi a0, a0, 205
x10 <- 0xFFFFFFFF4AFB0CCD
mem[X,0x0000000080006BA8] -> 0x0593
mem[X,0x0000000080006BAA] -> 0x0010
[747] [M]: 0x0000000080006BA8 (0x00100593) addi a1, zero, 1
x11 <- 0x0000000000000001
mem[X,0x0000000080006BAC] -> 0x9593
mem[X,0x0000000080006BAE] -> 0x0235
[748] [M]: 0x0000000080006BAC (0x02359593) slli a1, a1, 35
x11 <- 0x0000000800000000
mem[X,0x0000000080006BB0] -> 0x0213
mem[X,0x0000000080006BB2] -> 0x0000
[749] [M]: 0x0000000080006BB0 (0x00000213) addi tp, zero, 0
x4 <- 0x0000000000000000
mem[X,0x0000000080006BB4] -> 0x006F
mem[X,0x0000000080006BB6] -> 0x00C0
[750] [M]: 0x0000000080006BB4 (0x00C0006F) jal zero, 12
mem[X,0x0000000080006BC0] -> 0x0063
mem[X,0x0000000080006BC2] -> 0x08B5
[751] [M]: 0x0000000080006BC0 (0x08B50063) beq a0, a1, 128
mem[X,0x0000000080006BC4] -> 0x0213
mem[X,0x0000000080006BC6] -> 0x0022
[752] [M]: 0x0000000080006BC4 (0x00220213) addi tp, tp, 2
x4 <- 0x0000000000000002
mem[X,0x0000000080006BC8] -> 0x006F
mem[X,0x0000000080006BCA] -> 0x0800
[753] [M]: 0x0000000080006BC8 (0x0800006F) jal zero, 128
mem[X,0x0000000080006C48] -> 0x3023
mem[X,0x0000000080006C4A] -> 0x0A41
[754] [M]: 0x0000000080006C48 (0x0A413023) sd tp, 160(sp)
mem[0x0000000080049268] <- 0x0000000000000002
mem[X,0x0000000080006C4C] -> 0x0513
mem[X,0x0000000080006C4E] -> 0x0010
[755] [M]: 0x0000000080006C4C (0x00100513) addi a0, zero, 1
x10 <- 0x0000000000000001
mem[X,0x0000000080006C50] -> 0x1513
mem[X,0x0000000080006C52] -> 0x02A5
[756] [M]: 0x0000000080006C50 (0x02A51513) slli a0, a0, 42
x10 <- 0x0000040000000000
mem[X,0x0000000080006C54] -> 0x4513
mem[X,0x0000000080006C56] -> 0xFFF5
[757] [M]: 0x0000000080006C54 (0xFFF54513) xori a0, a0, 4095
x10 <- 0xFFFFFBFFFFFFFFFF
mem[X,0x0000000080006C58] -> 0x0593
mem[X,0x0000000080006C5A] -> 0x0010
[758] [M]: 0x0000000080006C58 (0x00100593) addi a1, zero, 1
x11 <- 0x0000000000000001
mem[X,0x0000000080006C5C] -> 0x9593
mem[X,0x0000000080006C5E] -> 0x0245
[759] [M]: 0x0000000080006C5C (0x02459593) slli a1, a1, 36
x11 <- 0x0000001000000000
mem[X,0x0000000080006C60] -> 0x0213
mem[X,0x0000000080006C62] -> 0x0000
[760] [M]: 0x0000000080006C60 (0x00000213) addi tp, zero, 0
x4 <- 0x0000000000000000
mem[X,0x0000000080006C64] -> 0x006F
mem[X,0x0000000080006C66] -> 0x2B10
[761] [M]: 0x0000000080006C64 (0x2B10006F) jal zero, 2736
mem[X,0x0000000080007714] -> 0x0A63
mem[X,0x0000000080007716] -> 0xD4B5
[762] [M]: 0x0000000080007714 (0xD4B50A63) beq a0, a1, 5460
mem[X,0x0000000080007718] -> 0x0213
mem[X,0x000000008000771A] -> 0x0022
[763] [M]: 0x0000000080007718 (0x00220213) addi tp, tp, 2
x4 <- 0x0000000000000002
mem[X,0x000000008000771C] -> 0x006F
mem[X,0x000000008000771E] -> 0x00C0
[764] [M]: 0x000000008000771C (0x00C0006F) jal zero, 12
mem[X,0x0000000080007728] -> 0x3423
mem[X,0x000000008000772A] -> 0x0A41
[765] [M]: 0x0000000080007728 (0x0A413423) sd tp, 168(sp)
mem[0x0000000080049270] <- 0x0000000000000002
mem[X,0x000000008000772C] -> 0x0513
mem[X,0x000000008000772E] -> 0x0010
[766] [M]: 0x000000008000772C (0x00100513) addi a0, zero, 1
x10 <- 0x0000000000000001
mem[X,0x0000000080007730] -> 0x1513
mem[X,0x0000000080007732] -> 0x0145
[767] [M]: 0x0000000080007730 (0x01451513) slli a0, a0, 20
x10 <- 0x0000000000100000
mem[X,0x0000000080007734] -> 0x4513
mem[X,0x0000000080007736] -> 0xFFF5
[768] [M]: 0x0000000080007734 (0xFFF54513) xori a0, a0, 4095
x10 <- 0xFFFFFFFFFFEFFFFF
mem[X,0x0000000080007738] -> 0x0593
mem[X,0x000000008000773A] -> 0x0010
[769] [M]: 0x0000000080007738 (0x00100593) addi a1, zero, 1
x11 <- 0x0000000000000001
mem[X,0x000000008000773C] -> 0x9593
mem[X,0x000000008000773E] -> 0x0255
[770] [M]: 0x000000008000773C (0x02559593) slli a1, a1, 37
x11 <- 0x0000002000000000
mem[X,0x0000000080007740] -> 0x0213
mem[X,0x0000000080007742] -> 0x0000
[771] [M]: 0x0000000080007740 (0x00000213) addi tp, zero, 0
x4 <- 0x0000000000000000
mem[X,0x0000000080007744] -> 0x006F
mem[X,0x0000000080007746] -> 0x00C0
[772] [M]: 0x0000000080007744 (0x00C0006F) jal zero, 12
mem[X,0x0000000080007750] -> 0x0063
mem[X,0x0000000080007752] -> 0x02B5
[773] [M]: 0x0000000080007750 (0x02B50063) beq a0, a1, 32
mem[X,0x0000000080007754] -> 0x0213
mem[X,0x0000000080007756] -> 0x0022
[774] [M]: 0x0000000080007754 (0x00220213) addi tp, tp, 2
x4 <- 0x0000000000000002
mem[X,0x0000000080007758] -> 0x006F
mem[X,0x000000008000775A] -> 0x0200
[775] [M]: 0x0000000080007758 (0x0200006F) jal zero, 32
mem[X,0x0000000080007778] -> 0x3823
mem[X,0x000000008000777A] -> 0x0A41
[776] [M]: 0x0000000080007778 (0x0A413823) sd tp, 176(sp)
mem[0x0000000080049278] <- 0x0000000000000002
mem[X,0x000000008000777C] -> 0x0513
mem[X,0x000000008000777E] -> 0x0010
[777] [M]: 0x000000008000777C (0x00100513) addi a0, zero, 1
x10 <- 0x0000000000000001
mem[X,0x0000000080007780] -> 0x1513
mem[X,0x0000000080007782] -> 0x0235
[778] [M]: 0x0000000080007780 (0x02351513) slli a0, a0, 35
x10 <- 0x0000000800000000
mem[X,0x0000000080007784] -> 0x0593
mem[X,0x0000000080007786] -> 0x0010
[779] [M]: 0x0000000080007784 (0x00100593) addi a1, zero, 1
x11 <- 0x0000000000000001
mem[X,0x0000000080007788] -> 0x9593
mem[X,0x000000008000778A] -> 0x0275
[780] [M]: 0x0000000080007788 (0x02759593) slli a1, a1, 39
x11 <- 0x0000008000000000
mem[X,0x000000008000778C] -> 0x0213
mem[X,0x000000008000778E] -> 0x0000
[781] [M]: 0x000000008000778C (0x00000213) addi tp, zero, 0
x4 <- 0x0000000000000000
mem[X,0x0000000080007790] -> 0x006F
mem[X,0x0000000080007792] -> 0x00C0
[782] [M]: 0x0000000080007790 (0x00C0006F) jal zero, 12
mem[X,0x000000008000779C] -> 0x0063
mem[X,0x000000008000779E] -> 0x02B5
[783] [M]: 0x000000008000779C (0x02B50063) beq a0, a1, 32
mem[X,0x00000000800077A0] -> 0x0213
mem[X,0x00000000800077A2] -> 0x0022
[784] [M]: 0x00000000800077A0 (0x00220213) addi tp, tp, 2
x4 <- 0x0000000000000002
mem[X,0x00000000800077A4] -> 0x006F
mem[X,0x00000000800077A6] -> 0x0200
[785] [M]: 0x00000000800077A4 (0x0200006F) jal zero, 32
mem[X,0x00000000800077C4] -> 0x3C23
mem[X,0x00000000800077C6] -> 0x0A41
[786] [M]: 0x00000000800077C4 (0x0A413C23) sd tp, 184(sp)
mem[0x0000000080049280] <- 0x0000000000000002
mem[X,0x00000000800077C8] -> 0x0513
mem[X,0x00000000800077CA] -> 0x0010
[787] [M]: 0x00000000800077C8 (0x00100513) addi a0, zero, 1
x10 <- 0x0000000000000001
mem[X,0x00000000800077CC] -> 0x1513
mem[X,0x00000000800077CE] -> 0x02B5
[788] [M]: 0x00000000800077CC (0x02B51513) slli a0, a0, 43
x10 <- 0x0000080000000000
mem[X,0x00000000800077D0] -> 0x0593
mem[X,0x00000000800077D2] -> 0x0010
[789] [M]: 0x00000000800077D0 (0x00100593) addi a1, zero, 1
x11 <- 0x0000000000000001
mem[X,0x00000000800077D4] -> 0x9593
mem[X,0x00000000800077D6] -> 0x0285
[790] [M]: 0x00000000800077D4 (0x02859593) slli a1, a1, 40
x11 <- 0x0000010000000000
mem[X,0x00000000800077D8] -> 0x0213
mem[X,0x00000000800077DA] -> 0x0000
[791] [M]: 0x00000000800077D8 (0x00000213) addi tp, zero, 0
x4 <- 0x0000000000000000
mem[X,0x00000000800077DC] -> 0x006F
mem[X,0x00000000800077DE] -> 0x0140
[792] [M]: 0x00000000800077DC (0x0140006F) jal zero, 20
mem[X,0x00000000800077F0] -> 0x08E3
mem[X,0x00000000800077F2] -> 0xFEB5
[793] [M]: 0x00000000800077F0 (0xFEB508E3) beq a0, a1, 8176
mem[X,0x00000000800077F4] -> 0x0213
mem[X,0x00000000800077F6] -> 0x0022
[794] [M]: 0x00000000800077F4 (0x00220213) addi tp, tp, 2
x4 <- 0x0000000000000002
mem[X,0x00000000800077F8] -> 0x006F
mem[X,0x00000000800077FA] -> 0x00C0
[795] [M]: 0x00000000800077F8 (0x00C0006F) jal zero, 12
mem[X,0x0000000080007804] -> 0x3023
mem[X,0x0000000080007806] -> 0x0C41
[796] [M]: 0x0000000080007804 (0x0C413023) sd tp, 192(sp)
mem[0x0000000080049288] <- 0x0000000000000002
mem[X,0x0000000080007808] -> 0x0513
mem[X,0x000000008000780A] -> 0xEFF0
[797] [M]: 0x0000000080007808 (0xEFF00513) addi a0, zero, 3839
x10 <- 0xFFFFFFFFFFFFFEFF
mem[X,0x000000008000780C] -> 0x0593
mem[X,0x000000008000780E] -> 0x0010
[798] [M]: 0x000000008000780C (0x00100593) addi a1, zero, 1
x11 <- 0x0000000000000001
mem[X,0x0000000080007810] -> 0x9593
mem[X,0x0000000080007812] -> 0x0295
[799] [M]: 0x0000000080007810 (0x02959593) slli a1, a1, 41
x11 <- 0x0000020000000000
clint::tick mtime <- 0x0000000000000008
 clint timer pending at mtime 0x0000000000000008
htif::tick 0x0000000000000000
mem[X,0x0000000080007814] -> 0x0213
mem[X,0x0000000080007816] -> 0x0000
[800] [M]: 0x0000000080007814 (0x00000213) addi tp, zero, 0
x4 <- 0x0000000000000000
mem[X,0x0000000080007818] -> 0x006F
mem[X,0x000000008000781A] -> 0x0050
[801] [M]: 0x0000000080007818 (0x0050006F) jal zero, 2052
mem[X,0x000000008000801C] -> 0x00E3
mem[X,0x000000008000801E] -> 0x80B5
[802] [M]: 0x000000008000801C (0x80B500E3) beq a0, a1, 6144
mem[X,0x0000000080008020] -> 0x0213
mem[X,0x0000000080008022] -> 0x0022
[803] [M]: 0x0000000080008020 (0x00220213) addi tp, tp, 2
x4 <- 0x0000000000000002
mem[X,0x0000000080008024] -> 0x006F
mem[X,0x0000000080008026] -> 0x00C0
[804] [M]: 0x0000000080008024 (0x00C0006F) jal zero, 12
mem[X,0x0000000080008030] -> 0x3423
mem[X,0x0000000080008032] -> 0x0C41
[805] [M]: 0x0000000080008030 (0x0C413423) sd tp, 200(sp)
mem[0x0000000080049290] <- 0x0000000000000002
mem[X,0x0000000080008034] -> 0x0513
mem[X,0x0000000080008036] -> 0x0010
[806] [M]: 0x0000000080008034 (0x00100513) addi a0, zero, 1
x10 <- 0x0000000000000001
mem[X,0x0000000080008038] -> 0x1513
mem[X,0x000000008000803A] -> 0x0355
[807] [M]: 0x0000000080008038 (0x03551513) slli a0, a0, 53
x10 <- 0x0020000000000000
mem[X,0x000000008000803C] -> 0x0593
mem[X,0x000000008000803E] -> 0x0010
[808] [M]: 0x000000008000803C (0x00100593) addi a1, zero, 1
x11 <- 0x0000000000000001
mem[X,0x0000000080008040] -> 0x9593
mem[X,0x0000000080008042] -> 0x02A5
[809] [M]: 0x0000000080008040 (0x02A59593) slli a1, a1, 42
x11 <- 0x0000040000000000
mem[X,0x0000000080008044] -> 0x0213
mem[X,0x0000000080008046] -> 0x0000
[810] [M]: 0x0000000080008044 (0x00000213) addi tp, zero, 0
x4 <- 0x0000000000000000
mem[X,0x0000000080008048] -> 0x006F
mem[X,0x000000008000804A] -> 0x00C0
[811] [M]: 0x0000000080008048 (0x00C0006F) jal zero, 12
mem[X,0x0000000080008054] -> 0x0063
mem[X,0x0000000080008056] -> 0x02B5
[812] [M]: 0x0000000080008054 (0x02B50063) beq a0, a1, 32
mem[X,0x0000000080008058] -> 0x0213
mem[X,0x000000008000805A] -> 0x0022
[813] [M]: 0x0000000080008058 (0x00220213) addi tp, tp, 2
x4 <- 0x0000000000000002
mem[X,0x000000008000805C] -> 0x006F
mem[X,0x000000008000805E] -> 0x0200
[814] [M]: 0x000000008000805C (0x0200006F) jal zero, 32
mem[X,0x000000008000807C] -> 0x3823
mem[X,0x000000008000807E] -> 0x0C41
[815] [M]: 0x000000008000807C (0x0C413823) sd tp, 208(sp)
mem[0x0000000080049298] <- 0x0000000000000002
mem[X,0x0000000080008080] -> 0x0513
mem[X,0x0000000080008082] -> 0x0040
[816] [M]: 0x0000000080008080 (0x00400513) addi a0, zero, 4
x10 <- 0x0000000000000004
mem[X,0x0000000080008084] -> 0x0593
mem[X,0x0000000080008086] -> 0x0010
[817] [M]: 0x0000000080008084 (0x00100593) addi a1, zero, 1
x11 <- 0x0000000000000001
mem[X,0x0000000080008088] -> 0x9593
mem[X,0x000000008000808A] -> 0x02B5
[818] [M]: 0x0000000080008088 (0x02B59593) slli a1, a1, 43
x11 <- 0x0000080000000000
mem[X,0x000000008000808C] -> 0x0213
mem[X,0x000000008000808E] -> 0x0000
[819] [M]: 0x000000008000808C (0x00000213) addi tp, zero, 0
x4 <- 0x0000000000000000
mem[X,0x0000000080008090] -> 0x006F
mem[X,0x0000000080008092] -> 0x0180
[820] [M]: 0x0000000080008090 (0x0180006F) jal zero, 24
mem[X,0x00000000800080A8] -> 0x06E3
mem[X,0x00000000800080AA] -> 0xFEB5
[821] [M]: 0x00000000800080A8 (0xFEB506E3) beq a0, a1, 8172
mem[X,0x00000000800080AC] -> 0x0213
mem[X,0x00000000800080AE] -> 0x0022
[822] [M]: 0x00000000800080AC (0x00220213) addi tp, tp, 2
x4 <- 0x0000000000000002
mem[X,0x00000000800080B0] -> 0x006F
mem[X,0x00000000800080B2] -> 0x00C0
[823] [M]: 0x00000000800080B0 (0x00C0006F) jal zero, 12
mem[X,0x00000000800080BC] -> 0x3C23
mem[X,0x00000000800080BE] -> 0x0C41
[824] [M]: 0x00000000800080BC (0x0C413C23) sd tp, 216(sp)
mem[0x00000000800492A0] <- 0x0000000000000002
mem[X,0x00000000800080C0] -> 0x0513
mem[X,0x00000000800080C2] -> 0xF7F0
[825] [M]: 0x00000000800080C0 (0xF7F00513) addi a0, zero, 3967
x10 <- 0xFFFFFFFFFFFFFF7F
mem[X,0x00000000800080C4] -> 0x0593
mem[X,0x00000000800080C6] -> 0x0010
[826] [M]: 0x00000000800080C4 (0x00100593) addi a1, zero, 1
x11 <- 0x0000000000000001
mem[X,0x00000000800080C8] -> 0x9593
mem[X,0x00000000800080CA] -> 0x02C5
[827] [M]: 0x00000000800080C8 (0x02C59593) slli a1, a1, 44
x11 <- 0x0000100000000000
mem[X,0x00000000800080CC] -> 0x0213
mem[X,0x00000000800080CE] -> 0x0000
[828] [M]: 0x00000000800080CC (0x00000213) addi tp, zero, 0
x4 <- 0x0000000000000000
mem[X,0x00000000800080D0] -> 0x006F
mem[X,0x00000000800080D2] -> 0x00C0
[829] [M]: 0x00000000800080D0 (0x00C0006F) jal zero, 12
mem[X,0x00000000800080DC] -> 0x0663
mem[X,0x00000000800080DE] -> 0x00B5
[830] [M]: 0x00000000800080DC (0x00B50663) beq a0, a1, 12
mem[X,0x00000000800080E0] -> 0x0213
mem[X,0x00000000800080E2] -> 0x0022
[831] [M]: 0x00000000800080E0 (0x00220213) addi tp, tp, 2
x4 <- 0x0000000000000002
mem[X,0x00000000800080E4] -> 0x006F
mem[X,0x00000000800080E6] -> 0x00C0
[832] [M]: 0x00000000800080E4 (0x00C0006F) jal zero, 12
mem[X,0x00000000800080F0] -> 0x3023
mem[X,0x00000000800080F2] -> 0x0E41
[833] [M]: 0x00000000800080F0 (0x0E413023) sd tp, 224(sp)
mem[0x00000000800492A8] <- 0x0000000000000002
mem[X,0x00000000800080F4] -> 0x0513
mem[X,0x00000000800080F6] -> 0x0050
[834] [M]: 0x00000000800080F4 (0x00500513) addi a0, zero, 5
x10 <- 0x0000000000000005
mem[X,0x00000000800080F8] -> 0x0593
mem[X,0x00000000800080FA] -> 0x0010
[835] [M]: 0x00000000800080F8 (0x00100593) addi a1, zero, 1
x11 <- 0x0000000000000001
mem[X,0x00000000800080FC] -> 0x9593
mem[X,0x00000000800080FE] -> 0x02D5
[836] [M]: 0x00000000800080FC (0x02D59593) slli a1, a1, 45
x11 <- 0x0000200000000000
mem[X,0x0000000080008100] -> 0x0213
mem[X,0x0000000080008102] -> 0x0000
[837] [M]: 0x0000000080008100 (0x00000213) addi tp, zero, 0
x4 <- 0x0000000000000000
mem[X,0x0000000080008104] -> 0x006F
mem[X,0x0000000080008106] -> 0x00C0
[838] [M]: 0x0000000080008104 (0x00C0006F) jal zero, 12
mem[X,0x0000000080008110] -> 0x0663
mem[X,0x0000000080008112] -> 0x00B5
[839] [M]: 0x0000000080008110 (0x00B50663) beq a0, a1, 12
mem[X,0x0000000080008114] -> 0x0213
mem[X,0x0000000080008116] -> 0x0022
[840] [M]: 0x0000000080008114 (0x00220213) addi tp, tp, 2
x4 <- 0x0000000000000002
mem[X,0x0000000080008118] -> 0x006F
mem[X,0x000000008000811A] -> 0x00C0
[841] [M]: 0x0000000080008118 (0x00C0006F) jal zero, 12
mem[X,0x0000000080008124] -> 0x3423
mem[X,0x0000000080008126] -> 0x0E41
[842] [M]: 0x0000000080008124 (0x0E413423) sd tp, 232(sp)
mem[0x00000000800492B0] <- 0x0000000000000002
mem[X,0x0000000080008128] -> 0x0513
mem[X,0x000000008000812A] -> 0x0010
[843] [M]: 0x0000000080008128 (0x00100513) addi a0, zero, 1
x10 <- 0x0000000000000001
mem[X,0x000000008000812C] -> 0x1513
mem[X,0x000000008000812E] -> 0x0285
[844] [M]: 0x000000008000812C (0x02851513) slli a0, a0, 40
x10 <- 0x0000010000000000
mem[X,0x0000000080008130] -> 0x0593
mem[X,0x0000000080008132] -> 0x0010
[845] [M]: 0x0000000080008130 (0x00100593) addi a1, zero, 1
x11 <- 0x0000000000000001
mem[X,0x0000000080008134] -> 0x9593
mem[X,0x0000000080008136] -> 0x02E5
[846] [M]: 0x0000000080008134 (0x02E59593) slli a1, a1, 46
x11 <- 0x0000400000000000
mem[X,0x0000000080008138] -> 0x0213
mem[X,0x000000008000813A] -> 0x0000
[847] [M]: 0x0000000080008138 (0x00000213) addi tp, zero, 0
x4 <- 0x0000000000000000
mem[X,0x000000008000813C] -> 0x006F
mem[X,0x000000008000813E] -> 0x00C0
[848] [M]: 0x000000008000813C (0x00C0006F) jal zero, 12
mem[X,0x0000000080008148] -> 0x0063
mem[X,0x000000008000814A] -> 0x40B5
[849] [M]: 0x0000000080008148 (0x40B50063) beq a0, a1, 1024
mem[X,0x000000008000814C] -> 0x0213
mem[X,0x000000008000814E] -> 0x0022
[850] [M]: 0x000000008000814C (0x00220213) addi tp, tp, 2
x4 <- 0x0000000000000002
mem[X,0x0000000080008150] -> 0x006F
mem[X,0x0000000080008152] -> 0x4000
[851] [M]: 0x0000000080008150 (0x4000006F) jal zero, 1024
mem[X,0x0000000080008550] -> 0x3823
mem[X,0x0000000080008552] -> 0x0E41
[852] [M]: 0x0000000080008550 (0x0E413823) sd tp, 240(sp)
mem[0x00000000800492B8] <- 0x0000000000000002
mem[X,0x0000000080008554] -> 0x0513
mem[X,0x0000000080008556] -> 0x0010
[853] [M]: 0x0000000080008554 (0x00100513) addi a0, zero, 1
x10 <- 0x0000000000000001
mem[X,0x0000000080008558] -> 0x1513
mem[X,0x000000008000855A] -> 0x0265
[854] [M]: 0x0000000080008558 (0x02651513) slli a0, a0, 38
x10 <- 0x0000004000000000
mem[X,0x000000008000855C] -> 0x4513
mem[X,0x000000008000855E] -> 0xFFF5
[855] [M]: 0x000000008000855C (0xFFF54513) xori a0, a0, 4095
x10 <- 0xFFFFFFBFFFFFFFFF
mem[X,0x0000000080008560] -> 0x0593
mem[X,0x0000000080008562] -> 0x0010
[856] [M]: 0x0000000080008560 (0x00100593) addi a1, zero, 1
x11 <- 0x0000000000000001
mem[X,0x0000000080008564] -> 0x9593
mem[X,0x0000000080008566] -> 0x02F5
[857] [M]: 0x0000000080008564 (0x02F59593) slli a1, a1, 47
x11 <- 0x0000800000000000
mem[X,0x0000000080008568] -> 0x0213
mem[X,0x000000008000856A] -> 0x0000
[858] [M]: 0x0000000080008568 (0x00000213) addi tp, zero, 0
x4 <- 0x0000000000000000
mem[X,0x000000008000856C] -> 0x006F
mem[X,0x000000008000856E] -> 0x00C0
[859] [M]: 0x000000008000856C (0x00C0006F) jal zero, 12
mem[X,0x0000000080008578] -> 0x0063
mem[X,0x000000008000857A] -> 0x10B5
[860] [M]: 0x0000000080008578 (0x10B50063) beq a0, a1, 256
mem[X,0x000000008000857C] -> 0x0213
mem[X,0x000000008000857E] -> 0x0022
[861] [M]: 0x000000008000857C (0x00220213) addi tp, tp, 2
x4 <- 0x0000000000000002
mem[X,0x0000000080008580] -> 0x006F
mem[X,0x0000000080008582] -> 0x1000
[862] [M]: 0x0000000080008580 (0x1000006F) jal zero, 256
mem[X,0x0000000080008680] -> 0x3C23
mem[X,0x0000000080008682] -> 0x0E41
[863] [M]: 0x0000000080008680 (0x0E413C23) sd tp, 248(sp)
mem[0x00000000800492C0] <- 0x0000000000000002
mem[X,0x0000000080008684] -> 0x0513
mem[X,0x0000000080008686] -> 0x0010
[864] [M]: 0x0000000080008684 (0x00100513) addi a0, zero, 1
x10 <- 0x0000000000000001
mem[X,0x0000000080008688] -> 0x1513
mem[X,0x000000008000868A] -> 0x03E5
[865] [M]: 0x0000000080008688 (0x03E51513) slli a0, a0, 62
x10 <- 0x4000000000000000
mem[X,0x000000008000868C] -> 0x4513
mem[X,0x000000008000868E] -> 0xFFF5
[866] [M]: 0x000000008000868C (0xFFF54513) xori a0, a0, 4095
x10 <- 0xBFFFFFFFFFFFFFFF
mem[X,0x0000000080008690] -> 0x0593
mem[X,0x0000000080008692] -> 0x0010
[867] [M]: 0x0000000080008690 (0x00100593) addi a1, zero, 1
x11 <- 0x0000000000000001
mem[X,0x0000000080008694] -> 0x9593
mem[X,0x0000000080008696] -> 0x0305
[868] [M]: 0x0000000080008694 (0x03059593) slli a1, a1, 48
x11 <- 0x0001000000000000
mem[X,0x0000000080008698] -> 0x0213
mem[X,0x000000008000869A] -> 0x0000
[869] [M]: 0x0000000080008698 (0x00000213) addi tp, zero, 0
x4 <- 0x0000000000000000
mem[X,0x000000008000869C] -> 0x006F
mem[X,0x000000008000869E] -> 0x00C0
[870] [M]: 0x000000008000869C (0x00C0006F) jal zero, 12
mem[X,0x00000000800086A8] -> 0x0CE3
mem[X,0x00000000800086AA] -> 0xFEB5
[871] [M]: 0x00000000800086A8 (0xFEB50CE3) beq a0, a1, 8184
mem[X,0x00000000800086AC] -> 0x0213
mem[X,0x00000000800086AE] -> 0x0022
[872] [M]: 0x00000000800086AC (0x00220213) addi tp, tp, 2
x4 <- 0x0000000000000002
mem[X,0x00000000800086B0] -> 0x006F
mem[X,0x00000000800086B2] -> 0x00C0
[873] [M]: 0x00000000800086B0 (0x00C0006F) jal zero, 12
mem[X,0x00000000800086BC] -> 0x3023
mem[X,0x00000000800086BE] -> 0x1041
[874] [M]: 0x00000000800086BC (0x10413023) sd tp, 256(sp)
mem[0x00000000800492C8] <- 0x0000000000000002
mem[X,0x00000000800086C0] -> 0x0513
mem[X,0x00000000800086C2] -> 0x0010
[875] [M]: 0x00000000800086C0 (0x00100513) addi a0, zero, 1
x10 <- 0x0000000000000001
mem[X,0x00000000800086C4] -> 0x1513
mem[X,0x00000000800086C6] -> 0x0385
[876] [M]: 0x00000000800086C4 (0x03851513) slli a0, a0, 56
x10 <- 0x0100000000000000
mem[X,0x00000000800086C8] -> 0x4513
mem[X,0x00000000800086CA] -> 0xFFF5
[877] [M]: 0x00000000800086C8 (0xFFF54513) xori a0, a0, 4095
x10 <- 0xFEFFFFFFFFFFFFFF
mem[X,0x00000000800086CC] -> 0x0593
mem[X,0x00000000800086CE] -> 0x0010
[878] [M]: 0x00000000800086CC (0x00100593) addi a1, zero, 1
x11 <- 0x0000000000000001
mem[X,0x00000000800086D0] -> 0x9593
mem[X,0x00000000800086D2] -> 0x0315
[879] [M]: 0x00000000800086D0 (0x03159593) slli a1, a1, 49
x11 <- 0x0002000000000000
mem[X,0x00000000800086D4] -> 0x0213
mem[X,0x00000000800086D6] -> 0x0000
[880] [M]: 0x00000000800086D4 (0x00000213) addi tp, zero, 0
x4 <- 0x0000000000000000
mem[X,0x00000000800086D8] -> 0x006F
mem[X,0x00000000800086DA] -> 0x00C0
[881] [M]: 0x00000000800086D8 (0x00C0006F) jal zero, 12
mem[X,0x00000000800086E4] -> 0x0663
mem[X,0x00000000800086E6] -> 0x00B5
[882] [M]: 0x00000000800086E4 (0x00B50663) beq a0, a1, 12
mem[X,0x00000000800086E8] -> 0x0213
mem[X,0x00000000800086EA] -> 0x0022
[883] [M]: 0x00000000800086E8 (0x00220213) addi tp, tp, 2
x4 <- 0x0000000000000002
mem[X,0x00000000800086EC] -> 0x006F
mem[X,0x00000000800086EE] -> 0x00C0
[884] [M]: 0x00000000800086EC (0x00C0006F) jal zero, 12
mem[X,0x00000000800086F8] -> 0x3423
mem[X,0x00000000800086FA] -> 0x1041
[885] [M]: 0x00000000800086F8 (0x10413423) sd tp, 264(sp)
mem[0x00000000800492D0] <- 0x0000000000000002
mem[X,0x00000000800086FC] -> 0x0513
mem[X,0x00000000800086FE] -> 0x0010
[886] [M]: 0x00000000800086FC (0x00100513) addi a0, zero, 1
x10 <- 0x0000000000000001
mem[X,0x0000000080008700] -> 0x1513
mem[X,0x0000000080008702] -> 0x01A5
[887] [M]: 0x0000000080008700 (0x01A51513) slli a0, a0, 26
x10 <- 0x0000000004000000
mem[X,0x0000000080008704] -> 0x4513
mem[X,0x0000000080008706] -> 0xFFF5
[888] [M]: 0x0000000080008704 (0xFFF54513) xori a0, a0, 4095
x10 <- 0xFFFFFFFFFBFFFFFF
mem[X,0x0000000080008708] -> 0x0593
mem[X,0x000000008000870A] -> 0x0010
[889] [M]: 0x0000000080008708 (0x00100593) addi a1, zero, 1
x11 <- 0x0000000000000001
mem[X,0x000000008000870C] -> 0x9593
mem[X,0x000000008000870E] -> 0x0325
[890] [M]: 0x000000008000870C (0x03259593) slli a1, a1, 50
x11 <- 0x0004000000000000
mem[X,0x0000000080008710] -> 0x0213
mem[X,0x0000000080008712] -> 0x0000
[891] [M]: 0x0000000080008710 (0x00000213) addi tp, zero, 0
x4 <- 0x0000000000000000
mem[X,0x0000000080008714] -> 0x006F
mem[X,0x0000000080008716] -> 0x00C0
[892] [M]: 0x0000000080008714 (0x00C0006F) jal zero, 12
mem[X,0x0000000080008720] -> 0x0863
mem[X,0x0000000080008722] -> 0x00B5
[893] [M]: 0x0000000080008720 (0x00B50863) beq a0, a1, 16
mem[X,0x0000000080008724] -> 0x0213
mem[X,0x0000000080008726] -> 0x0022
[894] [M]: 0x0000000080008724 (0x00220213) addi tp, tp, 2
x4 <- 0x0000000000000002
mem[X,0x0000000080008728] -> 0x006F
mem[X,0x000000008000872A] -> 0x0100
[895] [M]: 0x0000000080008728 (0x0100006F) jal zero, 16
mem[X,0x0000000080008738] -> 0x3823
mem[X,0x000000008000873A] -> 0x1041
[896] [M]: 0x0000000080008738 (0x10413823) sd tp, 272(sp)
mem[0x00000000800492D8] <- 0x0000000000000002
mem[X,0x000000008000873C] -> 0x0513
mem[X,0x000000008000873E] -> 0x0010
[897] [M]: 0x000000008000873C (0x00100513) addi a0, zero, 1
x10 <- 0x0000000000000001
mem[X,0x0000000080008740] -> 0x1513
mem[X,0x0000000080008742] -> 0x0185
[898] [M]: 0x0000000080008740 (0x01851513) slli a0, a0, 24
x10 <- 0x0000000001000000
mem[X,0x0000000080008744] -> 0x4513
mem[X,0x0000000080008746] -> 0xFFF5
[899] [M]: 0x0000000080008744 (0xFFF54513) xori a0, a0, 4095
x10 <- 0xFFFFFFFFFEFFFFFF
clint::tick mtime <- 0x0000000000000009
 clint timer pending at mtime 0x0000000000000009
htif::tick 0x0000000000000000
mem[X,0x0000000080008748] -> 0x0593
mem[X,0x000000008000874A] -> 0x0010
[900] [M]: 0x0000000080008748 (0x00100593) addi a1, zero, 1
x11 <- 0x0000000000000001
mem[X,0x000000008000874C] -> 0x9593
mem[X,0x000000008000874E] -> 0x0335
[901] [M]: 0x000000008000874C (0x03359593) slli a1, a1, 51
x11 <- 0x0008000000000000
mem[X,0x0000000080008750] -> 0x0213
mem[X,0x0000000080008752] -> 0x0000
[902] [M]: 0x0000000080008750 (0x00000213) addi tp, zero, 0
x4 <- 0x0000000000000000
mem[X,0x0000000080008754] -> 0x006F
mem[X,0x0000000080008756] -> 0x0100
[903] [M]: 0x0000000080008754 (0x0100006F) jal zero, 16
mem[X,0x0000000080008764] -> 0x0AE3
mem[X,0x0000000080008766] -> 0xFEB5
[904] [M]: 0x0000000080008764 (0xFEB50AE3) beq a0, a1, 8180
mem[X,0x0000000080008768] -> 0x0213
mem[X,0x000000008000876A] -> 0x0022
[905] [M]: 0x0000000080008768 (0x00220213) addi tp, tp, 2
x4 <- 0x0000000000000002
mem[X,0x000000008000876C] -> 0x006F
mem[X,0x000000008000876E] -> 0x00C0
[906] [M]: 0x000000008000876C (0x00C0006F) jal zero, 12
mem[X,0x0000000080008778] -> 0x3C23
mem[X,0x000000008000877A] -> 0x1041
[907] [M]: 0x0000000080008778 (0x10413C23) sd tp, 280(sp)
mem[0x00000000800492E0] <- 0x0000000000000002
mem[X,0x000000008000877C] -> 0x0513
mem[X,0x000000008000877E] -> 0x0010
[908] [M]: 0x000000008000877C (0x00100513) addi a0, zero, 1
x10 <- 0x0000000000000001
mem[X,0x0000000080008780] -> 0x1513
mem[X,0x0000000080008782] -> 0x0205
[909] [M]: 0x0000000080008780 (0x02051513) slli a0, a0, 32
x10 <- 0x0000000100000000
mem[X,0x0000000080008784] -> 0x4513
mem[X,0x0000000080008786] -> 0xFFF5
[910] [M]: 0x0000000080008784 (0xFFF54513) xori a0, a0, 4095
x10 <- 0xFFFFFFFEFFFFFFFF
mem[X,0x0000000080008788] -> 0x0593
mem[X,0x000000008000878A] -> 0x0010
[911] [M]: 0x0000000080008788 (0x00100593) addi a1, zero, 1
x11 <- 0x0000000000000001
mem[X,0x000000008000878C] -> 0x9593
mem[X,0x000000008000878E] -> 0x0345
[912] [M]: 0x000000008000878C (0x03459593) slli a1, a1, 52
x11 <- 0x0010000000000000
mem[X,0x0000000080008790] -> 0x0213
mem[X,0x0000000080008792] -> 0x0000
[913] [M]: 0x0000000080008790 (0x00000213) addi tp, zero, 0
x4 <- 0x0000000000000000
mem[X,0x0000000080008794] -> 0x006F
mem[X,0x0000000080008796] -> 0x00C0
[914] [M]: 0x0000000080008794 (0x00C0006F) jal zero, 12
mem[X,0x00000000800087A0] -> 0x0663
mem[X,0x00000000800087A2] -> 0x00B5
[915] [M]: 0x00000000800087A0 (0x00B50663) beq a0, a1, 12
mem[X,0x00000000800087A4] -> 0x0213
mem[X,0x00000000800087A6] -> 0x0022
[916] [M]: 0x00000000800087A4 (0x00220213) addi tp, tp, 2
x4 <- 0x0000000000000002
mem[X,0x00000000800087A8] -> 0x006F
mem[X,0x00000000800087AA] -> 0x00C0
[917] [M]: 0x00000000800087A8 (0x00C0006F) jal zero, 12
mem[X,0x00000000800087B4] -> 0x3023
mem[X,0x00000000800087B6] -> 0x1241
[918] [M]: 0x00000000800087B4 (0x12413023) sd tp, 288(sp)
mem[0x00000000800492E8] <- 0x0000000000000002
mem[X,0x00000000800087B8] -> 0x0513
mem[X,0x00000000800087BA] -> 0x0010
[919] [M]: 0x00000000800087B8 (0x00100513) addi a0, zero, 1
x10 <- 0x0000000000000001
mem[X,0x00000000800087BC] -> 0x1513
mem[X,0x00000000800087BE] -> 0x01E5
[920] [M]: 0x00000000800087BC (0x01E51513) slli a0, a0, 30
x10 <- 0x0000000040000000
mem[X,0x00000000800087C0] -> 0x0593
mem[X,0x00000000800087C2] -> 0x0010
[921] [M]: 0x00000000800087C0 (0x00100593) addi a1, zero, 1
x11 <- 0x0000000000000001
mem[X,0x00000000800087C4] -> 0x9593
mem[X,0x00000000800087C6] -> 0x0355
[922] [M]: 0x00000000800087C4 (0x03559593) slli a1, a1, 53
x11 <- 0x0020000000000000
mem[X,0x00000000800087C8] -> 0x0213
mem[X,0x00000000800087CA] -> 0x0000
[923] [M]: 0x00000000800087C8 (0x00000213) addi tp, zero, 0
x4 <- 0x0000000000000000
mem[X,0x00000000800087CC] -> 0x006F
mem[X,0x00000000800087CE] -> 0x00C0
[924] [M]: 0x00000000800087CC (0x00C0006F) jal zero, 12
mem[X,0x00000000800087D8] -> 0x0663
mem[X,0x00000000800087DA] -> 0x00B5
[925] [M]: 0x00000000800087D8 (0x00B50663) beq a0, a1, 12
mem[X,0x00000000800087DC] -> 0x0213
mem[X,0x00000000800087DE] -> 0x0022
[926] [M]: 0x00000000800087DC (0x00220213) addi tp, tp, 2
x4 <- 0x0000000000000002
mem[X,0x00000000800087E0] -> 0x006F
mem[X,0x00000000800087E2] -> 0x00C0
[927] [M]: 0x00000000800087E0 (0x00C0006F) jal zero, 12
mem[X,0x00000000800087EC] -> 0x3423
mem[X,0x00000000800087EE] -> 0x1241
[928] [M]: 0x00000000800087EC (0x12413423) sd tp, 296(sp)
mem[0x00000000800492F0] <- 0x0000000000000002
mem[X,0x00000000800087F0] -> 0x0513
mem[X,0x00000000800087F2] -> 0x0000
[929] [M]: 0x00000000800087F0 (0x00000513) addi a0, zero, 0
x10 <- 0x0000000000000000
mem[X,0x00000000800087F4] -> 0x0593
mem[X,0x00000000800087F6] -> 0x0010
[930] [M]: 0x00000000800087F4 (0x00100593) addi a1, zero, 1
x11 <- 0x0000000000000001
mem[X,0x00000000800087F8] -> 0x9593
mem[X,0x00000000800087FA] -> 0x0365
[931] [M]: 0x00000000800087F8 (0x03659593) slli a1, a1, 54
x11 <- 0x0040000000000000
mem[X,0x00000000800087FC] -> 0x0213
mem[X,0x00000000800087FE] -> 0x0000
[932] [M]: 0x00000000800087FC (0x00000213) addi tp, zero, 0
x4 <- 0x0000000000000000
mem[X,0x0000000080008800] -> 0x006F
mem[X,0x0000000080008802] -> 0x00C0
[933] [M]: 0x0000000080008800 (0x00C0006F) jal zero, 12
mem[X,0x000000008000880C] -> 0x0CE3
mem[X,0x000000008000880E] -> 0xFEB5
[934] [M]: 0x000000008000880C (0xFEB50CE3) beq a0, a1, 8184
mem[X,0x0000000080008810] -> 0x0213
mem[X,0x0000000080008812] -> 0x0022
[935] [M]: 0x0000000080008810 (0x00220213) addi tp, tp, 2
x4 <- 0x0000000000000002
mem[X,0x0000000080008814] -> 0x006F
mem[X,0x0000000080008816] -> 0x00C0
[936] [M]: 0x0000000080008814 (0x00C0006F) jal zero, 12
mem[X,0x0000000080008820] -> 0x3823
mem[X,0x0000000080008822] -> 0x1241
[937] [M]: 0x0000000080008820 (0x12413823) sd tp, 304(sp)
mem[0x00000000800492F8] <- 0x0000000000000002
mem[X,0x0000000080008824] -> 0x0513
mem[X,0x0000000080008826] -> 0x0010
[938] [M]: 0x0000000080008824 (0x00100513) addi a0, zero, 1
x10 <- 0x0000000000000001
mem[X,0x0000000080008828] -> 0x1513
mem[X,0x000000008000882A] -> 0x0195
[939] [M]: 0x0000000080008828 (0x01951513) slli a0, a0, 25
x10 <- 0x0000000002000000
mem[X,0x000000008000882C] -> 0x0593
mem[X,0x000000008000882E] -> 0x0010
[940] [M]: 0x000000008000882C (0x00100593) addi a1, zero, 1
x11 <- 0x0000000000000001
mem[X,0x0000000080008830] -> 0x9593
mem[X,0x0000000080008832] -> 0x0375
[941] [M]: 0x0000000080008830 (0x03759593) slli a1, a1, 55
x11 <- 0x0080000000000000
mem[X,0x0000000080008834] -> 0x0213
mem[X,0x0000000080008836] -> 0x0000
[942] [M]: 0x0000000080008834 (0x00000213) addi tp, zero, 0
x4 <- 0x0000000000000000
mem[X,0x0000000080008838] -> 0x006F
mem[X,0x000000008000883A] -> 0x00C0
[943] [M]: 0x0000000080008838 (0x00C0006F) jal zero, 12
mem[X,0x0000000080008844] -> 0x0CE3
mem[X,0x0000000080008846] -> 0xFEB5
[944] [M]: 0x0000000080008844 (0xFEB50CE3) beq a0, a1, 8184
mem[X,0x0000000080008848] -> 0x0213
mem[X,0x000000008000884A] -> 0x0022
[945] [M]: 0x0000000080008848 (0x00220213) addi tp, tp, 2
x4 <- 0x0000000000000002
mem[X,0x000000008000884C] -> 0x006F
mem[X,0x000000008000884E] -> 0x00C0
[946] [M]: 0x000000008000884C (0x00C0006F) jal zero, 12
mem[X,0x0000000080008858] -> 0x3C23
mem[X,0x000000008000885A] -> 0x1241
[947] [M]: 0x0000000080008858 (0x12413C23) sd tp, 312(sp)
mem[0x0000000080049300] <- 0x0000000000000002
mem[X,0x000000008000885C] -> 0x0513
mem[X,0x000000008000885E] -> 0x0010
[948] [M]: 0x000000008000885C (0x00100513) addi a0, zero, 1
x10 <- 0x0000000000000001
mem[X,0x0000000080008860] -> 0x1513
mem[X,0x0000000080008862] -> 0x03C5
[949] [M]: 0x0000000080008860 (0x03C51513) slli a0, a0, 60
x10 <- 0x1000000000000000
mem[X,0x0000000080008864] -> 0x4513
mem[X,0x0000000080008866] -> 0xFFF5
[950] [M]: 0x0000000080008864 (0xFFF54513) xori a0, a0, 4095
x10 <- 0xEFFFFFFFFFFFFFFF
mem[X,0x0000000080008868] -> 0x0593
mem[X,0x000000008000886A] -> 0x0010
[951] [M]: 0x0000000080008868 (0x00100593) addi a1, zero, 1
x11 <- 0x0000000000000001
mem[X,0x000000008000886C] -> 0x9593
mem[X,0x000000008000886E] -> 0x0385
[952] [M]: 0x000000008000886C (0x03859593) slli a1, a1, 56
x11 <- 0x0100000000000000
mem[X,0x0000000080008870] -> 0x0213
mem[X,0x0000000080008872] -> 0x0000
[953] [M]: 0x0000000080008870 (0x00000213) addi tp, zero, 0
x4 <- 0x0000000000000000
mem[X,0x0000000080008874] -> 0x006F
mem[X,0x0000000080008876] -> 0x00C0
[954] [M]: 0x0000000080008874 (0x00C0006F) jal zero, 12
mem[X,0x0000000080008880] -> 0x0663
mem[X,0x0000000080008882] -> 0x00B5
[955] [M]: 0x0000000080008880 (0x00B50663) beq a0, a1, 12
mem[X,0x0000000080008884] -> 0x0213
mem[X,0x0000000080008886] -> 0x0022
[956] [M]: 0x0000000080008884 (0x00220213) addi tp, tp, 2
x4 <- 0x0000000000000002
mem[X,0x0000000080008888] -> 0x006F
mem[X,0x000000008000888A] -> 0x00C0
[957] [M]: 0x0000000080008888 (0x00C0006F) jal zero, 12
mem[X,0x0000000080008894] -> 0x3023
mem[X,0x0000000080008896] -> 0x1441
[958] [M]: 0x0000000080008894 (0x14413023) sd tp, 320(sp)
mem[0x0000000080049308] <- 0x0000000000000002
mem[X,0x0000000080008898] -> 0x0513
mem[X,0x000000008000889A] -> 0x0010
[959] [M]: 0x0000000080008898 (0x00100513) addi a0, zero, 1
x10 <- 0x0000000000000001
mem[X,0x000000008000889C] -> 0x1513
mem[X,0x000000008000889E] -> 0x0105
[960] [M]: 0x000000008000889C (0x01051513) slli a0, a0, 16
x10 <- 0x0000000000010000
mem[X,0x00000000800088A0] -> 0x0593
mem[X,0x00000000800088A2] -> 0x0010
[961] [M]: 0x00000000800088A0 (0x00100593) addi a1, zero, 1
x11 <- 0x0000000000000001
mem[X,0x00000000800088A4] -> 0x9593
mem[X,0x00000000800088A6] -> 0x0395
[962] [M]: 0x00000000800088A4 (0x03959593) slli a1, a1, 57
x11 <- 0x0200000000000000
mem[X,0x00000000800088A8] -> 0x0213
mem[X,0x00000000800088AA] -> 0x0000
[963] [M]: 0x00000000800088A8 (0x00000213) addi tp, zero, 0
x4 <- 0x0000000000000000
mem[X,0x00000000800088AC] -> 0x006F
mem[X,0x00000000800088AE] -> 0x00C0
[964] [M]: 0x00000000800088AC (0x00C0006F) jal zero, 12
mem[X,0x00000000800088B8] -> 0x0063
mem[X,0x00000000800088BA] -> 0x40B5
[965] [M]: 0x00000000800088B8 (0x40B50063) beq a0, a1, 1024
mem[X,0x00000000800088BC] -> 0x0213
mem[X,0x00000000800088BE] -> 0x0022
[966] [M]: 0x00000000800088BC (0x00220213) addi tp, tp, 2
x4 <- 0x0000000000000002
mem[X,0x00000000800088C0] -> 0x006F
mem[X,0x00000000800088C2] -> 0x4000
[967] [M]: 0x00000000800088C0 (0x4000006F) jal zero, 1024
mem[X,0x0000000080008CC0] -> 0x3423
mem[X,0x0000000080008CC2] -> 0x1441
[968] [M]: 0x0000000080008CC0 (0x14413423) sd tp, 328(sp)
mem[0x0000000080049310] <- 0x0000000000000002
mem[X,0x0000000080008CC4] -> 0x5537
mem[X,0x0000000080008CC6] -> 0x5555
[969] [M]: 0x0000000080008CC4 (0x55555537) lui a0, 349525
x10 <- 0x0000000055555000
mem[X,0x0000000080008CC8] -> 0x0513
mem[X,0x0000000080008CCA] -> 0x5555
[970] [M]: 0x0000000080008CC8 (0x55550513) addi a0, a0, 1365
x10 <- 0x0000000055555555
mem[X,0x0000000080008CCC] -> 0x1513
mem[X,0x0000000080008CCE] -> 0x00B5
[971] [M]: 0x0000000080008CCC (0x00B51513) slli a0, a0, 11
x10 <- 0x000002AAAAAAA800
mem[X,0x0000000080008CD0] -> 0x0513
mem[X,0x0000000080008CD2] -> 0x2AA5
[972] [M]: 0x0000000080008CD0 (0x2AA50513) addi a0, a0, 682
x10 <- 0x000002AAAAAAAAAA
mem[X,0x0000000080008CD4] -> 0x1513
mem[X,0x0000000080008CD6] -> 0x00B5
[973] [M]: 0x0000000080008CD4 (0x00B51513) slli a0, a0, 11
x10 <- 0x0015555555555000
mem[X,0x0000000080008CD8] -> 0x0513
mem[X,0x0000000080008CDA] -> 0x5555
[974] [M]: 0x0000000080008CD8 (0x55550513) addi a0, a0, 1365
x10 <- 0x0015555555555555
mem[X,0x0000000080008CDC] -> 0x1513
mem[X,0x0000000080008CDE] -> 0x00A5
[975] [M]: 0x0000000080008CDC (0x00A51513) slli a0, a0, 10
x10 <- 0x5555555555555400
mem[X,0x0000000080008CE0] -> 0x0513
mem[X,0x0000000080008CE2] -> 0x1565
[976] [M]: 0x0000000080008CE0 (0x15650513) addi a0, a0, 342
x10 <- 0x5555555555555556
mem[X,0x0000000080008CE4] -> 0x0593
mem[X,0x0000000080008CE6] -> 0x0010
[977] [M]: 0x0000000080008CE4 (0x00100593) addi a1, zero, 1
x11 <- 0x0000000000000001
mem[X,0x0000000080008CE8] -> 0x9593
mem[X,0x0000000080008CEA] -> 0x03A5
[978] [M]: 0x0000000080008CE8 (0x03A59593) slli a1, a1, 58
x11 <- 0x0400000000000000
mem[X,0x0000000080008CEC] -> 0x0213
mem[X,0x0000000080008CEE] -> 0x0000
[979] [M]: 0x0000000080008CEC (0x00000213) addi tp, zero, 0
x4 <- 0x0000000000000000
mem[X,0x0000000080008CF0] -> 0x006F
mem[X,0x0000000080008CF2] -> 0x00C0
[980] [M]: 0x0000000080008CF0 (0x00C0006F) jal zero, 12
mem[X,0x0000000080008CFC] -> 0x0663
mem[X,0x0000000080008CFE] -> 0x00B5
[981] [M]: 0x0000000080008CFC (0x00B50663) beq a0, a1, 12
mem[X,0x0000000080008D00] -> 0x0213
mem[X,0x0000000080008D02] -> 0x0022
[982] [M]: 0x0000000080008D00 (0x00220213) addi tp, tp, 2
x4 <- 0x0000000000000002
mem[X,0x0000000080008D04] -> 0x006F
mem[X,0x0000000080008D06] -> 0x00C0
[983] [M]: 0x0000000080008D04 (0x00C0006F) jal zero, 12
mem[X,0x0000000080008D10] -> 0x3823
mem[X,0x0000000080008D12] -> 0x1441
[984] [M]: 0x0000000080008D10 (0x14413823) sd tp, 336(sp)
mem[0x0000000080049318] <- 0x0000000000000002
mem[X,0x0000000080008D14] -> 0x0513
mem[X,0x0000000080008D16] -> 0x0010
[985] [M]: 0x0000000080008D14 (0x00100513) addi a0, zero, 1
x10 <- 0x0000000000000001
mem[X,0x0000000080008D18] -> 0x1513
mem[X,0x0000000080008D1A] -> 0x00D5
[986] [M]: 0x0000000080008D18 (0x00D51513) slli a0, a0, 13
x10 <- 0x0000000000002000
mem[X,0x0000000080008D1C] -> 0x0593
mem[X,0x0000000080008D1E] -> 0x0010
[987] [M]: 0x0000000080008D1C (0x00100593) addi a1, zero, 1
x11 <- 0x0000000000000001
mem[X,0x0000000080008D20] -> 0x9593
mem[X,0x0000000080008D22] -> 0x03B5
[988] [M]: 0x0000000080008D20 (0x03B59593) slli a1, a1, 59
x11 <- 0x0800000000000000
mem[X,0x0000000080008D24] -> 0x0213
mem[X,0x0000000080008D26] -> 0x0000
[989] [M]: 0x0000000080008D24 (0x00000213) addi tp, zero, 0
x4 <- 0x0000000000000000
mem[X,0x0000000080008D28] -> 0x006F
mem[X,0x0000000080008D2A] -> 0x00C0
[990] [M]: 0x0000000080008D28 (0x00C0006F) jal zero, 12
mem[X,0x0000000080008D34] -> 0x0663
mem[X,0x0000000080008D36] -> 0x00B5
[991] [M]: 0x0000000080008D34 (0x00B50663) beq a0, a1, 12
mem[X,0x0000000080008D38] -> 0x0213
mem[X,0x0000000080008D3A] -> 0x0022
[992] [M]: 0x0000000080008D38 (0x00220213) addi tp, tp, 2
x4 <- 0x0000000000000002
mem[X,0x0000000080008D3C] -> 0x006F
mem[X,0x0000000080008D3E] -> 0x00C0
[993] [M]: 0x0000000080008D3C (0x00C0006F) jal zero, 12
mem[X,0x0000000080008D48] -> 0x3C23
mem[X,0x0000000080008D4A] -> 0x1441
[994] [M]: 0x0000000080008D48 (0x14413C23) sd tp, 344(sp)
mem[0x0000000080049320] <- 0x0000000000000002
mem[X,0x0000000080008D4C] -> 0x0513
mem[X,0x0000000080008D4E] -> 0x0010
[995] [M]: 0x0000000080008D4C (0x00100513) addi a0, zero, 1
x10 <- 0x0000000000000001
mem[X,0x0000000080008D50] -> 0x1513
mem[X,0x0000000080008D52] -> 0x0335
[996] [M]: 0x0000000080008D50 (0x03351513) slli a0, a0, 51
x10 <- 0x0008000000000000
mem[X,0x0000000080008D54] -> 0x4513
mem[X,0x0000000080008D56] -> 0xFFF5
[997] [M]: 0x0000000080008D54 (0xFFF54513) xori a0, a0, 4095
x10 <- 0xFFF7FFFFFFFFFFFF
mem[X,0x0000000080008D58] -> 0x0593
mem[X,0x0000000080008D5A] -> 0x0010
[998] [M]: 0x0000000080008D58 (0x00100593) addi a1, zero, 1
x11 <- 0x0000000000000001
mem[X,0x0000000080008D5C] -> 0x9593
mem[X,0x0000000080008D5E] -> 0x03C5
[999] [M]: 0x0000000080008D5C (0x03C59593) slli a1, a1, 60
x11 <- 0x1000000000000000
clint::tick mtime <- 0x000000000000000A
 clint timer pending at mtime 0x000000000000000A
htif::tick 0x0000000000000000
mem[X,0x0000000080008D60] -> 0x0213
mem[X,0x0000000080008D62] -> 0x0000
[1000] [M]: 0x0000000080008D60 (0x00000213) addi tp, zero, 0
x4 <- 0x0000000000000000
mem[X,0x0000000080008D64] -> 0x006F
mem[X,0x0000000080008D66] -> 0x00C0
[1001] [M]: 0x0000000080008D64 (0x00C0006F) jal zero, 12
mem[X,0x0000000080008D70] -> 0x0063
mem[X,0x0000000080008D72] -> 0x10B5
[1002] [M]: 0x0000000080008D70 (0x10B50063) beq a0, a1, 256
mem[X,0x0000000080008D74] -> 0x0213
mem[X,0x0000000080008D76] -> 0x0022
[1003] [M]: 0x0000000080008D74 (0x00220213) addi tp, tp, 2
x4 <- 0x0000000000000002
mem[X,0x0000000080008D78] -> 0x006F
mem[X,0x0000000080008D7A] -> 0x1000
[1004] [M]: 0x0000000080008D78 (0x1000006F) jal zero, 256
mem[X,0x0000000080008E78] -> 0x3023
mem[X,0x0000000080008E7A] -> 0x1641
[1005] [M]: 0x0000000080008E78 (0x16413023) sd tp, 352(sp)
mem[0x0000000080049328] <- 0x0000000000000002
mem[X,0x0000000080008E7C] -> 0x0513
mem[X,0x0000000080008E7E] -> 0xFFF0
[1006] [M]: 0x0000000080008E7C (0xFFF00513) addi a0, zero, 4095
x10 <- 0xFFFFFFFFFFFFFFFF
mem[X,0x0000000080008E80] -> 0x1513
mem[X,0x0000000080008E82] -> 0x03E5
[1007] [M]: 0x0000000080008E80 (0x03E51513) slli a0, a0, 62
x10 <- 0xC000000000000000
mem[X,0x0000000080008E84] -> 0x0593
mem[X,0x0000000080008E86] -> 0x0010
[1008] [M]: 0x0000000080008E84 (0x00100593) addi a1, zero, 1
x11 <- 0x0000000000000001
mem[X,0x0000000080008E88] -> 0x9593
mem[X,0x0000000080008E8A] -> 0x03D5
[1009] [M]: 0x0000000080008E88 (0x03D59593) slli a1, a1, 61
x11 <- 0x2000000000000000
mem[X,0x0000000080008E8C] -> 0x0213
mem[X,0x0000000080008E8E] -> 0x0000
[1010] [M]: 0x0000000080008E8C (0x00000213) addi tp, zero, 0
x4 <- 0x0000000000000000
mem[X,0x0000000080008E90] -> 0x006F
mem[X,0x0000000080008E92] -> 0x0180
[1011] [M]: 0x0000000080008E90 (0x0180006F) jal zero, 24
mem[X,0x0000000080008EA8] -> 0x06E3
mem[X,0x0000000080008EAA] -> 0xFEB5
[1012] [M]: 0x0000000080008EA8 (0xFEB506E3) beq a0, a1, 8172
mem[X,0x0000000080008EAC] -> 0x0213
mem[X,0x0000000080008EAE] -> 0x0022
[1013] [M]: 0x0000000080008EAC (0x00220213) addi tp, tp, 2
x4 <- 0x0000000000000002
mem[X,0x0000000080008EB0] -> 0x006F
mem[X,0x0000000080008EB2] -> 0x00C0
[1014] [M]: 0x0000000080008EB0 (0x00C0006F) jal zero, 12
mem[X,0x0000000080008EBC] -> 0x3423
mem[X,0x0000000080008EBE] -> 0x1641
[1015] [M]: 0x0000000080008EBC (0x16413423) sd tp, 360(sp)
mem[0x0000000080049330] <- 0x0000000000000002
mem[X,0x0000000080008EC0] -> 0x0513
mem[X,0x0000000080008EC2] -> 0x0010
[1016] [M]: 0x0000000080008EC0 (0x00100513) addi a0, zero, 1
x10 <- 0x0000000000000001
mem[X,0x0000000080008EC4] -> 0x1513
mem[X,0x0000000080008EC6] -> 0x00F5
[1017] [M]: 0x0000000080008EC4 (0x00F51513) slli a0, a0, 15
x10 <- 0x0000000000008000
mem[X,0x0000000080008EC8] -> 0x0593
mem[X,0x0000000080008ECA] -> 0x0010
[1018] [M]: 0x0000000080008EC8 (0x00100593) addi a1, zero, 1
x11 <- 0x0000000000000001
mem[X,0x0000000080008ECC] -> 0x9593
mem[X,0x0000000080008ECE] -> 0x03E5
[1019] [M]: 0x0000000080008ECC (0x03E59593) slli a1, a1, 62
x11 <- 0x4000000000000000
mem[X,0x0000000080008ED0] -> 0x0213
mem[X,0x0000000080008ED2] -> 0x0000
[1020] [M]: 0x0000000080008ED0 (0x00000213) addi tp, zero, 0
x4 <- 0x0000000000000000
mem[X,0x0000000080008ED4] -> 0x006F
mem[X,0x0000000080008ED6] -> 0x00C0
[1021] [M]: 0x0000000080008ED4 (0x00C0006F) jal zero, 12
mem[X,0x0000000080008EE0] -> 0x0063
mem[X,0x0000000080008EE2] -> 0x02B5
[1022] [M]: 0x0000000080008EE0 (0x02B50063) beq a0, a1, 32
mem[X,0x0000000080008EE4] -> 0x0213
mem[X,0x0000000080008EE6] -> 0x0022
[1023] [M]: 0x0000000080008EE4 (0x00220213) addi tp, tp, 2
x4 <- 0x0000000000000002
mem[X,0x0000000080008EE8] -> 0x006F
mem[X,0x0000000080008EEA] -> 0x0200
[1024] [M]: 0x0000000080008EE8 (0x0200006F) jal zero, 32
mem[X,0x0000000080008F08] -> 0x3823
mem[X,0x0000000080008F0A] -> 0x1641
[1025] [M]: 0x0000000080008F08 (0x16413823) sd tp, 368(sp)
mem[0x0000000080049338] <- 0x0000000000000002
mem[X,0x0000000080008F0C] -> 0x0513
mem[X,0x0000000080008F0E] -> 0x0040
[1026] [M]: 0x0000000080008F0C (0x00400513) addi a0, zero, 4
x10 <- 0x0000000000000004
mem[X,0x0000000080008F10] -> 0x0593
mem[X,0x0000000080008F12] -> 0xFFF0
[1027] [M]: 0x0000000080008F10 (0xFFF00593) addi a1, zero, 4095
x11 <- 0xFFFFFFFFFFFFFFFF
mem[X,0x0000000080008F14] -> 0x9593
mem[X,0x0000000080008F16] -> 0x03F5
[1028] [M]: 0x0000000080008F14 (0x03F59593) slli a1, a1, 63
x11 <- 0x8000000000000000
mem[X,0x0000000080008F18] -> 0x0213
mem[X,0x0000000080008F1A] -> 0x0000
[1029] [M]: 0x0000000080008F18 (0x00000213) addi tp, zero, 0
x4 <- 0x0000000000000000
mem[X,0x0000000080008F1C] -> 0x006F
mem[X,0x0000000080008F1E] -> 0x00C0
[1030] [M]: 0x0000000080008F1C (0x00C0006F) jal zero, 12
mem[X,0x0000000080008F28] -> 0x0063
mem[X,0x0000000080008F2A] -> 0x04B5
[1031] [M]: 0x0000000080008F28 (0x04B50063) beq a0, a1, 64
mem[X,0x0000000080008F2C] -> 0x0213
mem[X,0x0000000080008F2E] -> 0x0022
[1032] [M]: 0x0000000080008F2C (0x00220213) addi tp, tp, 2
x4 <- 0x0000000000000002
mem[X,0x0000000080008F30] -> 0x006F
mem[X,0x0000000080008F32] -> 0x0400
[1033] [M]: 0x0000000080008F30 (0x0400006F) jal zero, 64
mem[X,0x0000000080008F70] -> 0x3C23
mem[X,0x0000000080008F72] -> 0x1641
[1034] [M]: 0x0000000080008F70 (0x16413C23) sd tp, 376(sp)
mem[0x0000000080049340] <- 0x0000000000000002
mem[X,0x0000000080008F74] -> 0x0513
mem[X,0x0000000080008F76] -> 0x0010
[1035] [M]: 0x0000000080008F74 (0x00100513) addi a0, zero, 1
x10 <- 0x0000000000000001
mem[X,0x0000000080008F78] -> 0x1513
mem[X,0x0000000080008F7A] -> 0x03A5
[1036] [M]: 0x0000000080008F78 (0x03A51513) slli a0, a0, 58
x10 <- 0x0400000000000000
mem[X,0x0000000080008F7C] -> 0x0593
mem[X,0x0000000080008F7E] -> 0xFFE0
[1037] [M]: 0x0000000080008F7C (0xFFE00593) addi a1, zero, 4094
x11 <- 0xFFFFFFFFFFFFFFFE
mem[X,0x0000000080008F80] -> 0x0213
mem[X,0x0000000080008F82] -> 0x0000
[1038] [M]: 0x0000000080008F80 (0x00000213) addi tp, zero, 0
x4 <- 0x0000000000000000
mem[X,0x0000000080008F84] -> 0x006F
mem[X,0x0000000080008F86] -> 0x0100
[1039] [M]: 0x0000000080008F84 (0x0100006F) jal zero, 16
mem[X,0x0000000080008F94] -> 0x0AE3
mem[X,0x0000000080008F96] -> 0xFEB5
[1040] [M]: 0x0000000080008F94 (0xFEB50AE3) beq a0, a1, 8180
mem[X,0x0000000080008F98] -> 0x0213
mem[X,0x0000000080008F9A] -> 0x0022
[1041] [M]: 0x0000000080008F98 (0x00220213) addi tp, tp, 2
x4 <- 0x0000000000000002
mem[X,0x0000000080008F9C] -> 0x006F
mem[X,0x0000000080008F9E] -> 0x00C0
[1042] [M]: 0x0000000080008F9C (0x00C0006F) jal zero, 12
mem[X,0x0000000080008FA8] -> 0x3023
mem[X,0x0000000080008FAA] -> 0x1841
[1043] [M]: 0x0000000080008FA8 (0x18413023) sd tp, 384(sp)
mem[0x0000000080049348] <- 0x0000000000000002
mem[X,0x0000000080008FAC] -> 0x0513
mem[X,0x0000000080008FAE] -> 0x0010
[1044] [M]: 0x0000000080008FAC (0x00100513) addi a0, zero, 1
x10 <- 0x0000000000000001
mem[X,0x0000000080008FB0] -> 0x1513
mem[X,0x0000000080008FB2] -> 0x0115
[1045] [M]: 0x0000000080008FB0 (0x01151513) slli a0, a0, 17
x10 <- 0x0000000000020000
mem[X,0x0000000080008FB4] -> 0x4513
mem[X,0x0000000080008FB6] -> 0xFFF5
[1046] [M]: 0x0000000080008FB4 (0xFFF54513) xori a0, a0, 4095
x10 <- 0xFFFFFFFFFFFDFFFF
mem[X,0x0000000080008FB8] -> 0x0593
mem[X,0x0000000080008FBA] -> 0xFFD0
[1047] [M]: 0x0000000080008FB8 (0xFFD00593) addi a1, zero, 4093
x11 <- 0xFFFFFFFFFFFFFFFD
mem[X,0x0000000080008FBC] -> 0x0213
mem[X,0x0000000080008FBE] -> 0x0000
[1048] [M]: 0x0000000080008FBC (0x00000213) addi tp, zero, 0
x4 <- 0x0000000000000000
mem[X,0x0000000080008FC0] -> 0x006F
mem[X,0x0000000080008FC2] -> 0x00C0
[1049] [M]: 0x0000000080008FC0 (0x00C0006F) jal zero, 12
mem[X,0x0000000080008FCC] -> 0x0663
mem[X,0x0000000080008FCE] -> 0x00B5
[1050] [M]: 0x0000000080008FCC (0x00B50663) beq a0, a1, 12
mem[X,0x0000000080008FD0] -> 0x0213
mem[X,0x0000000080008FD2] -> 0x0022
[1051] [M]: 0x0000000080008FD0 (0x00220213) addi tp, tp, 2
x4 <- 0x0000000000000002
mem[X,0x0000000080008FD4] -> 0x006F
mem[X,0x0000000080008FD6] -> 0x00C0
[1052] [M]: 0x0000000080008FD4 (0x00C0006F) jal zero, 12
mem[X,0x0000000080008FE0] -> 0x3423
mem[X,0x0000000080008FE2] -> 0x1841
[1053] [M]: 0x0000000080008FE0 (0x18413423) sd tp, 392(sp)
mem[0x0000000080049350] <- 0x0000000000000002
mem[X,0x0000000080008FE4] -> 0x0537
mem[X,0x0000000080008FE6] -> 0x0000
[1054] [M]: 0x0000000080008FE4 (0x00000537) lui a0, 0
x10 <- 0x0000000000000000
mem[X,0x0000000080008FE8] -> 0x0513
mem[X,0x0000000080008FEA] -> 0xFFF5
[1055] [M]: 0x0000000080008FE8 (0xFFF50513) addi a0, a0, 4095
x10 <- 0xFFFFFFFFFFFFFFFF
mem[X,0x0000000080008FEC] -> 0x1513
mem[X,0x0000000080008FEE] -> 0x00B5
[1056] [M]: 0x0000000080008FEC (0x00B51513) slli a0, a0, 11
x10 <- 0xFFFFFFFFFFFFF800
mem[X,0x0000000080008FF0] -> 0x0513
mem[X,0x0000000080008FF2] -> 0x2575
[1057] [M]: 0x0000000080008FF0 (0x25750513) addi a0, a0, 599
x10 <- 0xFFFFFFFFFFFFFA57
mem[X,0x0000000080008FF4] -> 0x1513
mem[X,0x0000000080008FF6] -> 0x00B5
[1058] [M]: 0x0000000080008FF4 (0x00B51513) slli a0, a0, 11
x10 <- 0xFFFFFFFFFFD2B800
mem[X,0x0000000080008FF8] -> 0x0513
mem[X,0x0000000080008FFA] -> 0x6C35
[1059] [M]: 0x0000000080008FF8 (0x6C350513) addi a0, a0, 1731
x10 <- 0xFFFFFFFFFFD2BEC3
mem[X,0x0000000080008FFC] -> 0x1513
mem[X,0x0000000080008FFE] -> 0x00A5
[1060] [M]: 0x0000000080008FFC (0x00A51513) slli a0, a0, 10
x10 <- 0xFFFFFFFF4AFB0C00
mem[X,0x0000000080009000] -> 0x0513
mem[X,0x0000000080009002] -> 0x0CD5
[1061] [M]: 0x0000000080009000 (0x0CD50513) addi a0, a0, 205
x10 <- 0xFFFFFFFF4AFB0CCD
mem[X,0x0000000080009004] -> 0x0593
mem[X,0x0000000080009006] -> 0xFFB0
[1062] [M]: 0x0000000080009004 (0xFFB00593) addi a1, zero, 4091
x11 <- 0xFFFFFFFFFFFFFFFB
mem[X,0x0000000080009008] -> 0x0213
mem[X,0x000000008000900A] -> 0x0000
[1063] [M]: 0x0000000080009008 (0x00000213) addi tp, zero, 0
x4 <- 0x0000000000000000
mem[X,0x000000008000900C] -> 0x006F
mem[X,0x000000008000900E] -> 0x00C0
[1064] [M]: 0x000000008000900C (0x00C0006F) jal zero, 12
mem[X,0x0000000080009018] -> 0x0CE3
mem[X,0x000000008000901A] -> 0xFEB5
[1065] [M]: 0x0000000080009018 (0xFEB50CE3) beq a0, a1, 8184
mem[X,0x000000008000901C] -> 0x0213
mem[X,0x000000008000901E] -> 0x0022
[1066] [M]: 0x000000008000901C (0x00220213) addi tp, tp, 2
x4 <- 0x0000000000000002
mem[X,0x0000000080009020] -> 0x006F
mem[X,0x0000000080009022] -> 0x00C0
[1067] [M]: 0x0000000080009020 (0x00C0006F) jal zero, 12
mem[X,0x000000008000902C] -> 0x3823
mem[X,0x000000008000902E] -> 0x1841
[1068] [M]: 0x000000008000902C (0x18413823) sd tp, 400(sp)
mem[0x0000000080049358] <- 0x0000000000000002
mem[X,0x0000000080009030] -> 0x0513
mem[X,0x0000000080009032] -> 0x0010
[1069] [M]: 0x0000000080009030 (0x00100513) addi a0, zero, 1
x10 <- 0x0000000000000001
mem[X,0x0000000080009034] -> 0x1513
mem[X,0x0000000080009036] -> 0x02B5
[1070] [M]: 0x0000000080009034 (0x02B51513) slli a0, a0, 43
x10 <- 0x0000080000000000
mem[X,0x0000000080009038] -> 0x0593
mem[X,0x000000008000903A] -> 0xFF70
[1071] [M]: 0x0000000080009038 (0xFF700593) addi a1, zero, 4087
x11 <- 0xFFFFFFFFFFFFFFF7
mem[X,0x000000008000903C] -> 0x0213
mem[X,0x000000008000903E] -> 0x0000
[1072] [M]: 0x000000008000903C (0x00000213) addi tp, zero, 0
x4 <- 0x0000000000000000
mem[X,0x0000000080009040] -> 0x006F
mem[X,0x0000000080009042] -> 0x00C0
[1073] [M]: 0x0000000080009040 (0x00C0006F) jal zero, 12
mem[X,0x000000008000904C] -> 0x0063
mem[X,0x000000008000904E] -> 0x20B5
[1074] [M]: 0x000000008000904C (0x20B50063) beq a0, a1, 512
mem[X,0x0000000080009050] -> 0x0213
mem[X,0x0000000080009052] -> 0x0022
[1075] [M]: 0x0000000080009050 (0x00220213) addi tp, tp, 2
x4 <- 0x0000000000000002
mem[X,0x0000000080009054] -> 0x006F
mem[X,0x0000000080009056] -> 0x2000
[1076] [M]: 0x0000000080009054 (0x2000006F) jal zero, 512
mem[X,0x0000000080009254] -> 0x3C23
mem[X,0x0000000080009256] -> 0x1841
[1077] [M]: 0x0000000080009254 (0x18413C23) sd tp, 408(sp)
mem[0x0000000080049360] <- 0x0000000000000002
mem[X,0x0000000080009258] -> 0x0513
mem[X,0x000000008000925A] -> 0x0010
[1078] [M]: 0x0000000080009258 (0x00100513) addi a0, zero, 1
x10 <- 0x0000000000000001
mem[X,0x000000008000925C] -> 0x1513
mem[X,0x000000008000925E] -> 0x03C5
[1079] [M]: 0x000000008000925C (0x03C51513) slli a0, a0, 60
x10 <- 0x1000000000000000
mem[X,0x0000000080009260] -> 0x4513
mem[X,0x0000000080009262] -> 0xFFF5
[1080] [M]: 0x0000000080009260 (0xFFF54513) xori a0, a0, 4095
x10 <- 0xEFFFFFFFFFFFFFFF
mem[X,0x0000000080009264] -> 0x0593
mem[X,0x0000000080009266] -> 0xFEF0
[1081] [M]: 0x0000000080009264 (0xFEF00593) addi a1, zero, 4079
x11 <- 0xFFFFFFFFFFFFFFEF
mem[X,0x0000000080009268] -> 0x0213
mem[X,0x000000008000926A] -> 0x0000
[1082] [M]: 0x0000000080009268 (0x00000213) addi tp, zero, 0
x4 <- 0x0000000000000000
mem[X,0x000000008000926C] -> 0x006F
mem[X,0x000000008000926E] -> 0x00C0
[1083] [M]: 0x000000008000926C (0x00C0006F) jal zero, 12
mem[X,0x0000000080009278] -> 0x0CE3
mem[X,0x000000008000927A] -> 0xFEB5
[1084] [M]: 0x0000000080009278 (0xFEB50CE3) beq a0, a1, 8184
mem[X,0x000000008000927C] -> 0x0213
mem[X,0x000000008000927E] -> 0x0022
[1085] [M]: 0x000000008000927C (0x00220213) addi tp, tp, 2
x4 <- 0x0000000000000002
mem[X,0x0000000080009280] -> 0x006F
mem[X,0x0000000080009282] -> 0x00C0
[1086] [M]: 0x0000000080009280 (0x00C0006F) jal zero, 12
mem[X,0x000000008000928C] -> 0x3023
mem[X,0x000000008000928E] -> 0x1A41
[1087] [M]: 0x000000008000928C (0x1A413023) sd tp, 416(sp)
mem[0x0000000080049368] <- 0x0000000000000002
mem[X,0x0000000080009290] -> 0x0513
mem[X,0x0000000080009292] -> 0x0010
[1088] [M]: 0x0000000080009290 (0x00100513) addi a0, zero, 1
x10 <- 0x0000000000000001
mem[X,0x0000000080009294] -> 0x1513
mem[X,0x0000000080009296] -> 0x00E5
[1089] [M]: 0x0000000080009294 (0x00E51513) slli a0, a0, 14
x10 <- 0x0000000000004000
mem[X,0x0000000080009298] -> 0x4513
mem[X,0x000000008000929A] -> 0xFFF5
[1090] [M]: 0x0000000080009298 (0xFFF54513) xori a0, a0, 4095
x10 <- 0xFFFFFFFFFFFFBFFF
mem[X,0x000000008000929C] -> 0x0593
mem[X,0x000000008000929E] -> 0xFDF0
[1091] [M]: 0x000000008000929C (0xFDF00593) addi a1, zero, 4063
x11 <- 0xFFFFFFFFFFFFFFDF
mem[X,0x00000000800092A0] -> 0x0213
mem[X,0x00000000800092A2] -> 0x0000
[1092] [M]: 0x00000000800092A0 (0x00000213) addi tp, zero, 0
x4 <- 0x0000000000000000
mem[X,0x00000000800092A4] -> 0x006F
mem[X,0x00000000800092A6] -> 0x00C0
[1093] [M]: 0x00000000800092A4 (0x00C0006F) jal zero, 12
mem[X,0x00000000800092B0] -> 0x0063
mem[X,0x00000000800092B2] -> 0x04B5
[1094] [M]: 0x00000000800092B0 (0x04B50063) beq a0, a1, 64
mem[X,0x00000000800092B4] -> 0x0213
mem[X,0x00000000800092B6] -> 0x0022
[1095] [M]: 0x00000000800092B4 (0x00220213) addi tp, tp, 2
x4 <- 0x0000000000000002
mem[X,0x00000000800092B8] -> 0x006F
mem[X,0x00000000800092BA] -> 0x0400
[1096] [M]: 0x00000000800092B8 (0x0400006F) jal zero, 64
mem[X,0x00000000800092F8] -> 0x3423
mem[X,0x00000000800092FA] -> 0x1A41
[1097] [M]: 0x00000000800092F8 (0x1A413423) sd tp, 424(sp)
mem[0x0000000080049370] <- 0x0000000000000002
mem[X,0x00000000800092FC] -> 0x0513
mem[X,0x00000000800092FE] -> 0x0010
[1098] [M]: 0x00000000800092FC (0x00100513) addi a0, zero, 1
x10 <- 0x0000000000000001
mem[X,0x0000000080009300] -> 0x1513
mem[X,0x0000000080009302] -> 0x0305
[1099] [M]: 0x0000000080009300 (0x03051513) slli a0, a0, 48
x10 <- 0x0001000000000000
clint::tick mtime <- 0x000000000000000B
 clint timer pending at mtime 0x000000000000000B
htif::tick 0x0000000000000000
mem[X,0x0000000080009304] -> 0x4513
mem[X,0x0000000080009306] -> 0xFFF5
[1100] [M]: 0x0000000080009304 (0xFFF54513) xori a0, a0, 4095
x10 <- 0xFFFEFFFFFFFFFFFF
mem[X,0x0000000080009308] -> 0x0593
mem[X,0x000000008000930A] -> 0xFBF0
[1101] [M]: 0x0000000080009308 (0xFBF00593) addi a1, zero, 4031
x11 <- 0xFFFFFFFFFFFFFFBF
mem[X,0x000000008000930C] -> 0x0213
mem[X,0x000000008000930E] -> 0x0000
[1102] [M]: 0x000000008000930C (0x00000213) addi tp, zero, 0
x4 <- 0x0000000000000000
mem[X,0x0000000080009310] -> 0x006F
mem[X,0x0000000080009312] -> 0x2B10
[1103] [M]: 0x0000000080009310 (0x2B10006F) jal zero, 2736
mem[X,0x0000000080009DC0] -> 0x0A63
mem[X,0x0000000080009DC2] -> 0xD4B5
[1104] [M]: 0x0000000080009DC0 (0xD4B50A63) beq a0, a1, 5460
mem[X,0x0000000080009DC4] -> 0x0213
mem[X,0x0000000080009DC6] -> 0x0022
[1105] [M]: 0x0000000080009DC4 (0x00220213) addi tp, tp, 2
x4 <- 0x0000000000000002
mem[X,0x0000000080009DC8] -> 0x006F
mem[X,0x0000000080009DCA] -> 0x00C0
[1106] [M]: 0x0000000080009DC8 (0x00C0006F) jal zero, 12
mem[X,0x0000000080009DD4] -> 0x3823
mem[X,0x0000000080009DD6] -> 0x1A41
[1107] [M]: 0x0000000080009DD4 (0x1A413823) sd tp, 432(sp)
mem[0x0000000080049378] <- 0x0000000000000002
mem[X,0x0000000080009DD8] -> 0x0513
mem[X,0x0000000080009DDA] -> 0xFF70
[1108] [M]: 0x0000000080009DD8 (0xFF700513) addi a0, zero, 4087
x10 <- 0xFFFFFFFFFFFFFFF7
mem[X,0x0000000080009DDC] -> 0x0593
mem[X,0x0000000080009DDE] -> 0xF7F0
[1109] [M]: 0x0000000080009DDC (0xF7F00593) addi a1, zero, 3967
x11 <- 0xFFFFFFFFFFFFFF7F
mem[X,0x0000000080009DE0] -> 0x0213
mem[X,0x0000000080009DE2] -> 0x0000
[1110] [M]: 0x0000000080009DE0 (0x00000213) addi tp, zero, 0
x4 <- 0x0000000000000000
mem[X,0x0000000080009DE4] -> 0x006F
mem[X,0x0000000080009DE6] -> 0x0140
[1111] [M]: 0x0000000080009DE4 (0x0140006F) jal zero, 20
mem[X,0x0000000080009DF8] -> 0x08E3
mem[X,0x0000000080009DFA] -> 0xFEB5
[1112] [M]: 0x0000000080009DF8 (0xFEB508E3) beq a0, a1, 8176
mem[X,0x0000000080009DFC] -> 0x0213
mem[X,0x0000000080009DFE] -> 0x0022
[1113] [M]: 0x0000000080009DFC (0x00220213) addi tp, tp, 2
x4 <- 0x0000000000000002
mem[X,0x0000000080009E00] -> 0x006F
mem[X,0x0000000080009E02] -> 0x00C0
[1114] [M]: 0x0000000080009E00 (0x00C0006F) jal zero, 12
mem[X,0x0000000080009E0C] -> 0x3C23
mem[X,0x0000000080009E0E] -> 0x1A41
[1115] [M]: 0x0000000080009E0C (0x1A413C23) sd tp, 440(sp)
mem[0x0000000080049380] <- 0x0000000000000002
mem[X,0x0000000080009E10] -> 0x0537
mem[X,0x0000000080009E12] -> 0x0000
[1116] [M]: 0x0000000080009E10 (0x00000537) lui a0, 0
x10 <- 0x0000000000000000
mem[X,0x0000000080009E14] -> 0x0513
mem[X,0x0000000080009E16] -> 0x0005
[1117] [M]: 0x0000000080009E14 (0x00050513) addi a0, a0, 0
x10 <- 0x0000000000000000
mem[X,0x0000000080009E18] -> 0x1513
mem[X,0x0000000080009E1A] -> 0x00B5
[1118] [M]: 0x0000000080009E18 (0x00B51513) slli a0, a0, 11
x10 <- 0x0000000000000000
mem[X,0x0000000080009E1C] -> 0x0513
mem[X,0x0000000080009E1E] -> 0x5A85
[1119] [M]: 0x0000000080009E1C (0x5A850513) addi a0, a0, 1448
x10 <- 0x00000000000005A8
mem[X,0x0000000080009E20] -> 0x1513
mem[X,0x0000000080009E22] -> 0x00B5
[1120] [M]: 0x0000000080009E20 (0x00B51513) slli a0, a0, 11
x10 <- 0x00000000002D4000
mem[X,0x0000000080009E24] -> 0x0513
mem[X,0x0000000080009E26] -> 0x13C5
[1121] [M]: 0x0000000080009E24 (0x13C50513) addi a0, a0, 316
x10 <- 0x00000000002D413C
mem[X,0x0000000080009E28] -> 0x1513
mem[X,0x0000000080009E2A] -> 0x00A5
[1122] [M]: 0x0000000080009E28 (0x00A51513) slli a0, a0, 10
x10 <- 0x00000000B504F000
mem[X,0x0000000080009E2C] -> 0x0513
mem[X,0x0000000080009E2E] -> 0x3325
[1123] [M]: 0x0000000080009E2C (0x33250513) addi a0, a0, 818
x10 <- 0x00000000B504F332
mem[X,0x0000000080009E30] -> 0x0593
mem[X,0x0000000080009E32] -> 0xEFF0
[1124] [M]: 0x0000000080009E30 (0xEFF00593) addi a1, zero, 3839
x11 <- 0xFFFFFFFFFFFFFEFF
mem[X,0x0000000080009E34] -> 0x0213
mem[X,0x0000000080009E36] -> 0x0000
[1125] [M]: 0x0000000080009E34 (0x00000213) addi tp, zero, 0
x4 <- 0x0000000000000000
mem[X,0x0000000080009E38] -> 0x006F
mem[X,0x0000000080009E3A] -> 0x00C0
[1126] [M]: 0x0000000080009E38 (0x00C0006F) jal zero, 12
mem[X,0x0000000080009E44] -> 0x0063
mem[X,0x0000000080009E46] -> 0x20B5
[1127] [M]: 0x0000000080009E44 (0x20B50063) beq a0, a1, 512
mem[X,0x0000000080009E48] -> 0x0213
mem[X,0x0000000080009E4A] -> 0x0022
[1128] [M]: 0x0000000080009E48 (0x00220213) addi tp, tp, 2
x4 <- 0x0000000000000002
mem[X,0x0000000080009E4C] -> 0x006F
mem[X,0x0000000080009E4E] -> 0x2000
[1129] [M]: 0x0000000080009E4C (0x2000006F) jal zero, 512
mem[X,0x000000008000A04C] -> 0x3023
mem[X,0x000000008000A04E] -> 0x1C41
[1130] [M]: 0x000000008000A04C (0x1C413023) sd tp, 448(sp)
mem[0x0000000080049388] <- 0x0000000000000002
mem[X,0x000000008000A050] -> 0x0513
mem[X,0x000000008000A052] -> 0x0010
[1131] [M]: 0x000000008000A050 (0x00100513) addi a0, zero, 1
x10 <- 0x0000000000000001
mem[X,0x000000008000A054] -> 0x1513
mem[X,0x000000008000A056] -> 0x0135
[1132] [M]: 0x000000008000A054 (0x01351513) slli a0, a0, 19
x10 <- 0x0000000000080000
mem[X,0x000000008000A058] -> 0x4513
mem[X,0x000000008000A05A] -> 0xFFF5
[1133] [M]: 0x000000008000A058 (0xFFF54513) xori a0, a0, 4095
x10 <- 0xFFFFFFFFFFF7FFFF
mem[X,0x000000008000A05C] -> 0x0593
mem[X,0x000000008000A05E] -> 0xDFF0
[1134] [M]: 0x000000008000A05C (0xDFF00593) addi a1, zero, 3583
x11 <- 0xFFFFFFFFFFFFFDFF
mem[X,0x000000008000A060] -> 0x0213
mem[X,0x000000008000A062] -> 0x0000
[1135] [M]: 0x000000008000A060 (0x00000213) addi tp, zero, 0
x4 <- 0x0000000000000000
mem[X,0x000000008000A064] -> 0x006F
mem[X,0x000000008000A066] -> 0x00C0
[1136] [M]: 0x000000008000A064 (0x00C0006F) jal zero, 12
mem[X,0x000000008000A070] -> 0x0063
mem[X,0x000000008000A072] -> 0x40B5
[1137] [M]: 0x000000008000A070 (0x40B50063) beq a0, a1, 1024
mem[X,0x000000008000A074] -> 0x0213
mem[X,0x000000008000A076] -> 0x0022
[1138] [M]: 0x000000008000A074 (0x00220213) addi tp, tp, 2
x4 <- 0x0000000000000002
mem[X,0x000000008000A078] -> 0x006F
mem[X,0x000000008000A07A] -> 0x4000
[1139] [M]: 0x000000008000A078 (0x4000006F) jal zero, 1024
mem[X,0x000000008000A478] -> 0x3423
mem[X,0x000000008000A47A] -> 0x1C41
[1140] [M]: 0x000000008000A478 (0x1C413423) sd tp, 456(sp)
mem[0x0000000080049390] <- 0x0000000000000002
mem[X,0x000000008000A47C] -> 0x0537
mem[X,0x000000008000A47E] -> 0x0000
[1141] [M]: 0x000000008000A47C (0x00000537) lui a0, 0
x10 <- 0x0000000000000000
mem[X,0x000000008000A480] -> 0x0513
mem[X,0x000000008000A482] -> 0xFFF5
[1142] [M]: 0x000000008000A480 (0xFFF50513) addi a0, a0, 4095
x10 <- 0xFFFFFFFFFFFFFFFF
mem[X,0x000000008000A484] -> 0x1513
mem[X,0x000000008000A486] -> 0x00B5
[1143] [M]: 0x000000008000A484 (0x00B51513) slli a0, a0, 11
x10 <- 0xFFFFFFFFFFFFF800
mem[X,0x000000008000A488] -> 0x0513
mem[X,0x000000008000A48A] -> 0x2575
[1144] [M]: 0x000000008000A488 (0x25750513) addi a0, a0, 599
x10 <- 0xFFFFFFFFFFFFFA57
mem[X,0x000000008000A48C] -> 0x1513
mem[X,0x000000008000A48E] -> 0x00B5
[1145] [M]: 0x000000008000A48C (0x00B51513) slli a0, a0, 11
x10 <- 0xFFFFFFFFFFD2B800
mem[X,0x000000008000A490] -> 0x0513
mem[X,0x000000008000A492] -> 0x6C35
[1146] [M]: 0x000000008000A490 (0x6C350513) addi a0, a0, 1731
x10 <- 0xFFFFFFFFFFD2BEC3
mem[X,0x000000008000A494] -> 0x1513
mem[X,0x000000008000A496] -> 0x00A5
[1147] [M]: 0x000000008000A494 (0x00A51513) slli a0, a0, 10
x10 <- 0xFFFFFFFF4AFB0C00
mem[X,0x000000008000A498] -> 0x0513
mem[X,0x000000008000A49A] -> 0x0CD5
[1148] [M]: 0x000000008000A498 (0x0CD50513) addi a0, a0, 205
x10 <- 0xFFFFFFFF4AFB0CCD
mem[X,0x000000008000A49C] -> 0x0593
mem[X,0x000000008000A49E] -> 0xBFF0
[1149] [M]: 0x000000008000A49C (0xBFF00593) addi a1, zero, 3071
x11 <- 0xFFFFFFFFFFFFFBFF
mem[X,0x000000008000A4A0] -> 0x0213
mem[X,0x000000008000A4A2] -> 0x0000
[1150] [M]: 0x000000008000A4A0 (0x00000213) addi tp, zero, 0
x4 <- 0x0000000000000000
mem[X,0x000000008000A4A4] -> 0x006F
mem[X,0x000000008000A4A6] -> 0x00C0
[1151] [M]: 0x000000008000A4A4 (0x00C0006F) jal zero, 12
mem[X,0x000000008000A4B0] -> 0x0663
mem[X,0x000000008000A4B2] -> 0x00B5
[1152] [M]: 0x000000008000A4B0 (0x00B50663) beq a0, a1, 12
mem[X,0x000000008000A4B4] -> 0x0213
mem[X,0x000000008000A4B6] -> 0x0022
[1153] [M]: 0x000000008000A4B4 (0x00220213) addi tp, tp, 2
x4 <- 0x0000000000000002
mem[X,0x000000008000A4B8] -> 0x006F
mem[X,0x000000008000A4BA] -> 0x00C0
[1154] [M]: 0x000000008000A4B8 (0x00C0006F) jal zero, 12
mem[X,0x000000008000A4C4] -> 0x3823
mem[X,0x000000008000A4C6] -> 0x1C41
[1155] [M]: 0x000000008000A4C4 (0x1C413823) sd tp, 464(sp)
mem[0x0000000080049398] <- 0x0000000000000002
mem[X,0x000000008000A4C8] -> 0x0513
mem[X,0x000000008000A4CA] -> 0x0010
[1156] [M]: 0x000000008000A4C8 (0x00100513) addi a0, zero, 1
x10 <- 0x0000000000000001
mem[X,0x000000008000A4CC] -> 0x1513
mem[X,0x000000008000A4CE] -> 0x0175
[1157] [M]: 0x000000008000A4CC (0x01751513) slli a0, a0, 23
x10 <- 0x0000000000800000
mem[X,0x000000008000A4D0] -> 0x0593
mem[X,0x000000008000A4D2] -> 0x0010
[1158] [M]: 0x000000008000A4D0 (0x00100593) addi a1, zero, 1
x11 <- 0x0000000000000001
mem[X,0x000000008000A4D4] -> 0x9593
mem[X,0x000000008000A4D6] -> 0x00B5
[1159] [M]: 0x000000008000A4D4 (0x00B59593) slli a1, a1, 11
x11 <- 0x0000000000000800
mem[X,0x000000008000A4D8] -> 0xC593
mem[X,0x000000008000A4DA] -> 0xFFF5
[1160] [M]: 0x000000008000A4D8 (0xFFF5C593) xori a1, a1, 4095
x11 <- 0xFFFFFFFFFFFFF7FF
mem[X,0x000000008000A4DC] -> 0x0213
mem[X,0x000000008000A4DE] -> 0x0000
[1161] [M]: 0x000000008000A4DC (0x00000213) addi tp, zero, 0
x4 <- 0x0000000000000000
mem[X,0x000000008000A4E0] -> 0x006F
mem[X,0x000000008000A4E2] -> 0x00C0
[1162] [M]: 0x000000008000A4E0 (0x00C0006F) jal zero, 12
mem[X,0x000000008000A4EC] -> 0x0CE3
mem[X,0x000000008000A4EE] -> 0xFEB5
[1163] [M]: 0x000000008000A4EC (0xFEB50CE3) beq a0, a1, 8184
mem[X,0x000000008000A4F0] -> 0x0213
mem[X,0x000000008000A4F2] -> 0x0022
[1164] [M]: 0x000000008000A4F0 (0x00220213) addi tp, tp, 2
x4 <- 0x0000000000000002
mem[X,0x000000008000A4F4] -> 0x006F
mem[X,0x000000008000A4F6] -> 0x00C0
[1165] [M]: 0x000000008000A4F4 (0x00C0006F) jal zero, 12
mem[X,0x000000008000A500] -> 0x3C23
mem[X,0x000000008000A502] -> 0x1C41
[1166] [M]: 0x000000008000A500 (0x1C413C23) sd tp, 472(sp)
mem[0x00000000800493A0] <- 0x0000000000000002
mem[X,0x000000008000A504] -> 0x0513
mem[X,0x000000008000A506] -> 0x0030
[1167] [M]: 0x000000008000A504 (0x00300513) addi a0, zero, 3
x10 <- 0x0000000000000003
mem[X,0x000000008000A508] -> 0x0593
mem[X,0x000000008000A50A] -> 0x0010
[1168] [M]: 0x000000008000A508 (0x00100593) addi a1, zero, 1
x11 <- 0x0000000000000001
mem[X,0x000000008000A50C] -> 0x9593
mem[X,0x000000008000A50E] -> 0x00D5
[1169] [M]: 0x000000008000A50C (0x00D59593) slli a1, a1, 13
x11 <- 0x0000000000002000
mem[X,0x000000008000A510] -> 0xC593
mem[X,0x000000008000A512] -> 0xFFF5
[1170] [M]: 0x000000008000A510 (0xFFF5C593) xori a1, a1, 4095
x11 <- 0xFFFFFFFFFFFFDFFF
mem[X,0x000000008000A514] -> 0x0213
mem[X,0x000000008000A516] -> 0x0000
[1171] [M]: 0x000000008000A514 (0x00000213) addi tp, zero, 0
x4 <- 0x0000000000000000
mem[X,0x000000008000A518] -> 0x006F
mem[X,0x000000008000A51A] -> 0x00C0
[1172] [M]: 0x000000008000A518 (0x00C0006F) jal zero, 12
mem[X,0x000000008000A524] -> 0x0063
mem[X,0x000000008000A526] -> 0x40B5
[1173] [M]: 0x000000008000A524 (0x40B50063) beq a0, a1, 1024
mem[X,0x000000008000A528] -> 0x0213
mem[X,0x000000008000A52A] -> 0x0022
[1174] [M]: 0x000000008000A528 (0x00220213) addi tp, tp, 2
x4 <- 0x0000000000000002
mem[X,0x000000008000A52C] -> 0x006F
mem[X,0x000000008000A52E] -> 0x4000
[1175] [M]: 0x000000008000A52C (0x4000006F) jal zero, 1024
mem[X,0x000000008000A92C] -> 0x3023
mem[X,0x000000008000A92E] -> 0x1E41
[1176] [M]: 0x000000008000A92C (0x1E413023) sd tp, 480(sp)
mem[0x00000000800493A8] <- 0x0000000000000002
mem[X,0x000000008000A930] -> 0x0513
mem[X,0x000000008000A932] -> 0x0010
[1177] [M]: 0x000000008000A930 (0x00100513) addi a0, zero, 1
x10 <- 0x0000000000000001
mem[X,0x000000008000A934] -> 0x1513
mem[X,0x000000008000A936] -> 0x0325
[1178] [M]: 0x000000008000A934 (0x03251513) slli a0, a0, 50
x10 <- 0x0004000000000000
mem[X,0x000000008000A938] -> 0x4513
mem[X,0x000000008000A93A] -> 0xFFF5
[1179] [M]: 0x000000008000A938 (0xFFF54513) xori a0, a0, 4095
x10 <- 0xFFFBFFFFFFFFFFFF
mem[X,0x000000008000A93C] -> 0x0593
mem[X,0x000000008000A93E] -> 0x0010
[1180] [M]: 0x000000008000A93C (0x00100593) addi a1, zero, 1
x11 <- 0x0000000000000001
mem[X,0x000000008000A940] -> 0x9593
mem[X,0x000000008000A942] -> 0x00E5
[1181] [M]: 0x000000008000A940 (0x00E59593) slli a1, a1, 14
x11 <- 0x0000000000004000
mem[X,0x000000008000A944] -> 0xC593
mem[X,0x000000008000A946] -> 0xFFF5
[1182] [M]: 0x000000008000A944 (0xFFF5C593) xori a1, a1, 4095
x11 <- 0xFFFFFFFFFFFFBFFF
mem[X,0x000000008000A948] -> 0x0213
mem[X,0x000000008000A94A] -> 0x0000
[1183] [M]: 0x000000008000A948 (0x00000213) addi tp, zero, 0
x4 <- 0x0000000000000000
mem[X,0x000000008000A94C] -> 0x006F
mem[X,0x000000008000A94E] -> 0x00C0
[1184] [M]: 0x000000008000A94C (0x00C0006F) jal zero, 12
mem[X,0x000000008000A958] -> 0x0CE3
mem[X,0x000000008000A95A] -> 0xFEB5
[1185] [M]: 0x000000008000A958 (0xFEB50CE3) beq a0, a1, 8184
mem[X,0x000000008000A95C] -> 0x0213
mem[X,0x000000008000A95E] -> 0x0022
[1186] [M]: 0x000000008000A95C (0x00220213) addi tp, tp, 2
x4 <- 0x0000000000000002
mem[X,0x000000008000A960] -> 0x006F
mem[X,0x000000008000A962] -> 0x00C0
[1187] [M]: 0x000000008000A960 (0x00C0006F) jal zero, 12
mem[X,0x000000008000A96C] -> 0x3423
mem[X,0x000000008000A96E] -> 0x1E41
[1188] [M]: 0x000000008000A96C (0x1E413423) sd tp, 488(sp)
mem[0x00000000800493B0] <- 0x0000000000000002
mem[X,0x000000008000A970] -> 0x0513
mem[X,0x000000008000A972] -> 0x0010
[1189] [M]: 0x000000008000A970 (0x00100513) addi a0, zero, 1
x10 <- 0x0000000000000001
mem[X,0x000000008000A974] -> 0x1513
mem[X,0x000000008000A976] -> 0x0165
[1190] [M]: 0x000000008000A974 (0x01651513) slli a0, a0, 22
x10 <- 0x0000000000400000
mem[X,0x000000008000A978] -> 0x4513
mem[X,0x000000008000A97A] -> 0xFFF5
[1191] [M]: 0x000000008000A978 (0xFFF54513) xori a0, a0, 4095
x10 <- 0xFFFFFFFFFFBFFFFF
mem[X,0x000000008000A97C] -> 0x0593
mem[X,0x000000008000A97E] -> 0x0010
[1192] [M]: 0x000000008000A97C (0x00100593) addi a1, zero, 1
x11 <- 0x0000000000000001
mem[X,0x000000008000A980] -> 0x9593
mem[X,0x000000008000A982] -> 0x00F5
[1193] [M]: 0x000000008000A980 (0x00F59593) slli a1, a1, 15
x11 <- 0x0000000000008000
mem[X,0x000000008000A984] -> 0xC593
mem[X,0x000000008000A986] -> 0xFFF5
[1194] [M]: 0x000000008000A984 (0xFFF5C593) xori a1, a1, 4095
x11 <- 0xFFFFFFFFFFFF7FFF
mem[X,0x000000008000A988] -> 0x0213
mem[X,0x000000008000A98A] -> 0x0000
[1195] [M]: 0x000000008000A988 (0x00000213) addi tp, zero, 0
x4 <- 0x0000000000000000
mem[X,0x000000008000A98C] -> 0x006F
mem[X,0x000000008000A98E] -> 0x00C0
[1196] [M]: 0x000000008000A98C (0x00C0006F) jal zero, 12
mem[X,0x000000008000A998] -> 0x0663
mem[X,0x000000008000A99A] -> 0x00B5
[1197] [M]: 0x000000008000A998 (0x00B50663) beq a0, a1, 12
mem[X,0x000000008000A99C] -> 0x0213
mem[X,0x000000008000A99E] -> 0x0022
[1198] [M]: 0x000000008000A99C (0x00220213) addi tp, tp, 2
x4 <- 0x0000000000000002
mem[X,0x000000008000A9A0] -> 0x006F
mem[X,0x000000008000A9A2] -> 0x00C0
[1199] [M]: 0x000000008000A9A0 (0x00C0006F) jal zero, 12
clint::tick mtime <- 0x000000000000000C
 clint timer pending at mtime 0x000000000000000C
htif::tick 0x0000000000000000
mem[X,0x000000008000A9AC] -> 0x3823
mem[X,0x000000008000A9AE] -> 0x1E41
[1200] [M]: 0x000000008000A9AC (0x1E413823) sd tp, 496(sp)
mem[0x00000000800493B8] <- 0x0000000000000002
mem[X,0x000000008000A9B0] -> 0x0513
mem[X,0x000000008000A9B2] -> 0x0010
[1201] [M]: 0x000000008000A9B0 (0x00100513) addi a0, zero, 1
x10 <- 0x0000000000000001
mem[X,0x000000008000A9B4] -> 0x1513
mem[X,0x000000008000A9B6] -> 0x01C5
[1202] [M]: 0x000000008000A9B4 (0x01C51513) slli a0, a0, 28
x10 <- 0x0000000010000000
mem[X,0x000000008000A9B8] -> 0x4513
mem[X,0x000000008000A9BA] -> 0xFFF5
[1203] [M]: 0x000000008000A9B8 (0xFFF54513) xori a0, a0, 4095
x10 <- 0xFFFFFFFFEFFFFFFF
mem[X,0x000000008000A9BC] -> 0x0593
mem[X,0x000000008000A9BE] -> 0x0010
[1204] [M]: 0x000000008000A9BC (0x00100593) addi a1, zero, 1
x11 <- 0x0000000000000001
mem[X,0x000000008000A9C0] -> 0x9593
mem[X,0x000000008000A9C2] -> 0x0105
[1205] [M]: 0x000000008000A9C0 (0x01059593) slli a1, a1, 16
x11 <- 0x0000000000010000
mem[X,0x000000008000A9C4] -> 0xC593
mem[X,0x000000008000A9C6] -> 0xFFF5
[1206] [M]: 0x000000008000A9C4 (0xFFF5C593) xori a1, a1, 4095
x11 <- 0xFFFFFFFFFFFEFFFF
mem[X,0x000000008000A9C8] -> 0x0213
mem[X,0x000000008000A9CA] -> 0x0000
[1207] [M]: 0x000000008000A9C8 (0x00000213) addi tp, zero, 0
x4 <- 0x0000000000000000
mem[X,0x000000008000A9CC] -> 0x006F
mem[X,0x000000008000A9CE] -> 0x0100
[1208] [M]: 0x000000008000A9CC (0x0100006F) jal zero, 16
mem[X,0x000000008000A9DC] -> 0x0AE3
mem[X,0x000000008000A9DE] -> 0xFEB5
[1209] [M]: 0x000000008000A9DC (0xFEB50AE3) beq a0, a1, 8180
mem[X,0x000000008000A9E0] -> 0x0213
mem[X,0x000000008000A9E2] -> 0x0022
[1210] [M]: 0x000000008000A9E0 (0x00220213) addi tp, tp, 2
x4 <- 0x0000000000000002
mem[X,0x000000008000A9E4] -> 0x006F
mem[X,0x000000008000A9E6] -> 0x00C0
[1211] [M]: 0x000000008000A9E4 (0x00C0006F) jal zero, 12
mem[X,0x000000008000A9F0] -> 0x3C23
mem[X,0x000000008000A9F2] -> 0x1E41
[1212] [M]: 0x000000008000A9F0 (0x1E413C23) sd tp, 504(sp)
mem[0x00000000800493C0] <- 0x0000000000000002
mem[X,0x000000008000A9F4] -> 0x0513
mem[X,0x000000008000A9F6] -> 0x0010
[1213] [M]: 0x000000008000A9F4 (0x00100513) addi a0, zero, 1
x10 <- 0x0000000000000001
mem[X,0x000000008000A9F8] -> 0x1513
mem[X,0x000000008000A9FA] -> 0x0325
[1214] [M]: 0x000000008000A9F8 (0x03251513) slli a0, a0, 50
x10 <- 0x0004000000000000
mem[X,0x000000008000A9FC] -> 0x4513
mem[X,0x000000008000A9FE] -> 0xFFF5
[1215] [M]: 0x000000008000A9FC (0xFFF54513) xori a0, a0, 4095
x10 <- 0xFFFBFFFFFFFFFFFF
mem[X,0x000000008000AA00] -> 0x0593
mem[X,0x000000008000AA02] -> 0x0010
[1216] [M]: 0x000000008000AA00 (0x00100593) addi a1, zero, 1
x11 <- 0x0000000000000001
mem[X,0x000000008000AA04] -> 0x9593
mem[X,0x000000008000AA06] -> 0x0115
[1217] [M]: 0x000000008000AA04 (0x01159593) slli a1, a1, 17
x11 <- 0x0000000000020000
mem[X,0x000000008000AA08] -> 0xC593
mem[X,0x000000008000AA0A] -> 0xFFF5
[1218] [M]: 0x000000008000AA08 (0xFFF5C593) xori a1, a1, 4095
x11 <- 0xFFFFFFFFFFFDFFFF
mem[X,0x000000008000AA0C] -> 0x0213
mem[X,0x000000008000AA0E] -> 0x0000
[1219] [M]: 0x000000008000AA0C (0x00000213) addi tp, zero, 0
x4 <- 0x0000000000000000
mem[X,0x000000008000AA10] -> 0x006F
mem[X,0x000000008000AA12] -> 0x00C0
[1220] [M]: 0x000000008000AA10 (0x00C0006F) jal zero, 12
mem[X,0x000000008000AA1C] -> 0x0063
mem[X,0x000000008000AA1E] -> 0x08B5
[1221] [M]: 0x000000008000AA1C (0x08B50063) beq a0, a1, 128
mem[X,0x000000008000AA20] -> 0x0213
mem[X,0x000000008000AA22] -> 0x0022
[1222] [M]: 0x000000008000AA20 (0x00220213) addi tp, tp, 2
x4 <- 0x0000000000000002
mem[X,0x000000008000AA24] -> 0x006F
mem[X,0x000000008000AA26] -> 0x0800
[1223] [M]: 0x000000008000AA24 (0x0800006F) jal zero, 128
mem[X,0x000000008000AAA4] -> 0x3023
mem[X,0x000000008000AAA6] -> 0x2041
[1224] [M]: 0x000000008000AAA4 (0x20413023) sd tp, 512(sp)
mem[0x00000000800493C8] <- 0x0000000000000002
mem[X,0x000000008000AAA8] -> 0x5537
mem[X,0x000000008000AAAA] -> 0x5555
[1225] [M]: 0x000000008000AAA8 (0x55555537) lui a0, 349525
x10 <- 0x0000000055555000
mem[X,0x000000008000AAAC] -> 0x0513
mem[X,0x000000008000AAAE] -> 0x5555
[1226] [M]: 0x000000008000AAAC (0x55550513) addi a0, a0, 1365
x10 <- 0x0000000055555555
mem[X,0x000000008000AAB0] -> 0x1513
mem[X,0x000000008000AAB2] -> 0x00B5
[1227] [M]: 0x000000008000AAB0 (0x00B51513) slli a0, a0, 11
x10 <- 0x000002AAAAAAA800
mem[X,0x000000008000AAB4] -> 0x0513
mem[X,0x000000008000AAB6] -> 0x2AA5
[1228] [M]: 0x000000008000AAB4 (0x2AA50513) addi a0, a0, 682
x10 <- 0x000002AAAAAAAAAA
mem[X,0x000000008000AAB8] -> 0x1513
mem[X,0x000000008000AABA] -> 0x00B5
[1229] [M]: 0x000000008000AAB8 (0x00B51513) slli a0, a0, 11
x10 <- 0x0015555555555000
mem[X,0x000000008000AABC] -> 0x0513
mem[X,0x000000008000AABE] -> 0x5555
[1230] [M]: 0x000000008000AABC (0x55550513) addi a0, a0, 1365
x10 <- 0x0015555555555555
mem[X,0x000000008000AAC0] -> 0x1513
mem[X,0x000000008000AAC2] -> 0x00A5
[1231] [M]: 0x000000008000AAC0 (0x00A51513) slli a0, a0, 10
x10 <- 0x5555555555555400
mem[X,0x000000008000AAC4] -> 0x0513
mem[X,0x000000008000AAC6] -> 0x1545
[1232] [M]: 0x000000008000AAC4 (0x15450513) addi a0, a0, 340
x10 <- 0x5555555555555554
mem[X,0x000000008000AAC8] -> 0x0593
mem[X,0x000000008000AACA] -> 0x0010
[1233] [M]: 0x000000008000AAC8 (0x00100593) addi a1, zero, 1
x11 <- 0x0000000000000001
mem[X,0x000000008000AACC] -> 0x9593
mem[X,0x000000008000AACE] -> 0x0125
[1234] [M]: 0x000000008000AACC (0x01259593) slli a1, a1, 18
x11 <- 0x0000000000040000
mem[X,0x000000008000AAD0] -> 0xC593
mem[X,0x000000008000AAD2] -> 0xFFF5
[1235] [M]: 0x000000008000AAD0 (0xFFF5C593) xori a1, a1, 4095
x11 <- 0xFFFFFFFFFFFBFFFF
mem[X,0x000000008000AAD4] -> 0x0213
mem[X,0x000000008000AAD6] -> 0x0000
[1236] [M]: 0x000000008000AAD4 (0x00000213) addi tp, zero, 0
x4 <- 0x0000000000000000
mem[X,0x000000008000AAD8] -> 0x006F
mem[X,0x000000008000AADA] -> 0x00C0
[1237] [M]: 0x000000008000AAD8 (0x00C0006F) jal zero, 12
mem[X,0x000000008000AAE4] -> 0x0063
mem[X,0x000000008000AAE6] -> 0x40B5
[1238] [M]: 0x000000008000AAE4 (0x40B50063) beq a0, a1, 1024
mem[X,0x000000008000AAE8] -> 0x0213
mem[X,0x000000008000AAEA] -> 0x0022
[1239] [M]: 0x000000008000AAE8 (0x00220213) addi tp, tp, 2
x4 <- 0x0000000000000002
mem[X,0x000000008000AAEC] -> 0x006F
mem[X,0x000000008000AAEE] -> 0x4000
[1240] [M]: 0x000000008000AAEC (0x4000006F) jal zero, 1024
mem[X,0x000000008000AEEC] -> 0x3423
mem[X,0x000000008000AEEE] -> 0x2041
[1241] [M]: 0x000000008000AEEC (0x20413423) sd tp, 520(sp)
mem[0x00000000800493D0] <- 0x0000000000000002
mem[X,0x000000008000AEF0] -> 0x0513
mem[X,0x000000008000AEF2] -> 0x0010
[1242] [M]: 0x000000008000AEF0 (0x00100513) addi a0, zero, 1
x10 <- 0x0000000000000001
mem[X,0x000000008000AEF4] -> 0x0593
mem[X,0x000000008000AEF6] -> 0x0010
[1243] [M]: 0x000000008000AEF4 (0x00100593) addi a1, zero, 1
x11 <- 0x0000000000000001
mem[X,0x000000008000AEF8] -> 0x9593
mem[X,0x000000008000AEFA] -> 0x0135
[1244] [M]: 0x000000008000AEF8 (0x01359593) slli a1, a1, 19
x11 <- 0x0000000000080000
mem[X,0x000000008000AEFC] -> 0xC593
mem[X,0x000000008000AEFE] -> 0xFFF5
[1245] [M]: 0x000000008000AEFC (0xFFF5C593) xori a1, a1, 4095
x11 <- 0xFFFFFFFFFFF7FFFF
mem[X,0x000000008000AF00] -> 0x0213
mem[X,0x000000008000AF02] -> 0x0000
[1246] [M]: 0x000000008000AF00 (0x00000213) addi tp, zero, 0
x4 <- 0x0000000000000000
mem[X,0x000000008000AF04] -> 0x006F
mem[X,0x000000008000AF06] -> 0x0050
[1247] [M]: 0x000000008000AF04 (0x0050006F) jal zero, 2052
mem[X,0x000000008000B708] -> 0x00E3
mem[X,0x000000008000B70A] -> 0x80B5
[1248] [M]: 0x000000008000B708 (0x80B500E3) beq a0, a1, 6144
mem[X,0x000000008000B70C] -> 0x0213
mem[X,0x000000008000B70E] -> 0x0022
[1249] [M]: 0x000000008000B70C (0x00220213) addi tp, tp, 2
x4 <- 0x0000000000000002
mem[X,0x000000008000B710] -> 0x006F
mem[X,0x000000008000B712] -> 0x00C0
[1250] [M]: 0x000000008000B710 (0x00C0006F) jal zero, 12
mem[X,0x000000008000B71C] -> 0x3823
mem[X,0x000000008000B71E] -> 0x2041
[1251] [M]: 0x000000008000B71C (0x20413823) sd tp, 528(sp)
mem[0x00000000800493D8] <- 0x0000000000000002
mem[X,0x000000008000B720] -> 0x0513
mem[X,0x000000008000B722] -> 0x0000
[1252] [M]: 0x000000008000B720 (0x00000513) addi a0, zero, 0
x10 <- 0x0000000000000000
mem[X,0x000000008000B724] -> 0x0593
mem[X,0x000000008000B726] -> 0x0010
[1253] [M]: 0x000000008000B724 (0x00100593) addi a1, zero, 1
x11 <- 0x0000000000000001
mem[X,0x000000008000B728] -> 0x9593
mem[X,0x000000008000B72A] -> 0x0145
[1254] [M]: 0x000000008000B728 (0x01459593) slli a1, a1, 20
x11 <- 0x0000000000100000
mem[X,0x000000008000B72C] -> 0xC593
mem[X,0x000000008000B72E] -> 0xFFF5
[1255] [M]: 0x000000008000B72C (0xFFF5C593) xori a1, a1, 4095
x11 <- 0xFFFFFFFFFFEFFFFF
mem[X,0x000000008000B730] -> 0x0213
mem[X,0x000000008000B732] -> 0x0000
[1256] [M]: 0x000000008000B730 (0x00000213) addi tp, zero, 0
x4 <- 0x0000000000000000
mem[X,0x000000008000B734] -> 0x006F
mem[X,0x000000008000B736] -> 0x00C0
[1257] [M]: 0x000000008000B734 (0x00C0006F) jal zero, 12
mem[X,0x000000008000B740] -> 0x0063
mem[X,0x000000008000B742] -> 0x08B5
[1258] [M]: 0x000000008000B740 (0x08B50063) beq a0, a1, 128
mem[X,0x000000008000B744] -> 0x0213
mem[X,0x000000008000B746] -> 0x0022
[1259] [M]: 0x000000008000B744 (0x00220213) addi tp, tp, 2
x4 <- 0x0000000000000002
mem[X,0x000000008000B748] -> 0x006F
mem[X,0x000000008000B74A] -> 0x0800
[1260] [M]: 0x000000008000B748 (0x0800006F) jal zero, 128
mem[X,0x000000008000B7C8] -> 0x3C23
mem[X,0x000000008000B7CA] -> 0x2041
[1261] [M]: 0x000000008000B7C8 (0x20413C23) sd tp, 536(sp)
mem[0x00000000800493E0] <- 0x0000000000000002
mem[X,0x000000008000B7CC] -> 0x6537
mem[X,0x000000008000B7CE] -> 0x6666
[1262] [M]: 0x000000008000B7CC (0x66666537) lui a0, 419430
x10 <- 0x0000000066666000
mem[X,0x000000008000B7D0] -> 0x0513
mem[X,0x000000008000B7D2] -> 0x6665
[1263] [M]: 0x000000008000B7D0 (0x66650513) addi a0, a0, 1638
x10 <- 0x0000000066666666
mem[X,0x000000008000B7D4] -> 0x1513
mem[X,0x000000008000B7D6] -> 0x00B5
[1264] [M]: 0x000000008000B7D4 (0x00B51513) slli a0, a0, 11
x10 <- 0x0000033333333000
mem[X,0x000000008000B7D8] -> 0x0513
mem[X,0x000000008000B7DA] -> 0x3335
[1265] [M]: 0x000000008000B7D8 (0x33350513) addi a0, a0, 819
x10 <- 0x0000033333333333
mem[X,0x000000008000B7DC] -> 0x1513
mem[X,0x000000008000B7DE] -> 0x00B5
[1266] [M]: 0x000000008000B7DC (0x00B51513) slli a0, a0, 11
x10 <- 0x0019999999999800
mem[X,0x000000008000B7E0] -> 0x0513
mem[X,0x000000008000B7E2] -> 0x1995
[1267] [M]: 0x000000008000B7E0 (0x19950513) addi a0, a0, 409
x10 <- 0x0019999999999999
mem[X,0x000000008000B7E4] -> 0x1513
mem[X,0x000000008000B7E6] -> 0x00A5
[1268] [M]: 0x000000008000B7E4 (0x00A51513) slli a0, a0, 10
x10 <- 0x6666666666666400
mem[X,0x000000008000B7E8] -> 0x0513
mem[X,0x000000008000B7EA] -> 0x2655
[1269] [M]: 0x000000008000B7E8 (0x26550513) addi a0, a0, 613
x10 <- 0x6666666666666665
mem[X,0x000000008000B7EC] -> 0x0593
mem[X,0x000000008000B7EE] -> 0x0010
[1270] [M]: 0x000000008000B7EC (0x00100593) addi a1, zero, 1
x11 <- 0x0000000000000001
mem[X,0x000000008000B7F0] -> 0x9593
mem[X,0x000000008000B7F2] -> 0x0155
[1271] [M]: 0x000000008000B7F0 (0x01559593) slli a1, a1, 21
x11 <- 0x0000000000200000
mem[X,0x000000008000B7F4] -> 0xC593
mem[X,0x000000008000B7F6] -> 0xFFF5
[1272] [M]: 0x000000008000B7F4 (0xFFF5C593) xori a1, a1, 4095
x11 <- 0xFFFFFFFFFFDFFFFF
mem[X,0x000000008000B7F8] -> 0x0213
mem[X,0x000000008000B7FA] -> 0x0000
[1273] [M]: 0x000000008000B7F8 (0x00000213) addi tp, zero, 0
x4 <- 0x0000000000000000
mem[X,0x000000008000B7FC] -> 0x006F
mem[X,0x000000008000B7FE] -> 0x00C0
[1274] [M]: 0x000000008000B7FC (0x00C0006F) jal zero, 12
mem[X,0x000000008000B808] -> 0x0CE3
mem[X,0x000000008000B80A] -> 0xFEB5
[1275] [M]: 0x000000008000B808 (0xFEB50CE3) beq a0, a1, 8184
mem[X,0x000000008000B80C] -> 0x0213
mem[X,0x000000008000B80E] -> 0x0022
[1276] [M]: 0x000000008000B80C (0x00220213) addi tp, tp, 2
x4 <- 0x0000000000000002
mem[X,0x000000008000B810] -> 0x006F
mem[X,0x000000008000B812] -> 0x00C0
[1277] [M]: 0x000000008000B810 (0x00C0006F) jal zero, 12
mem[X,0x000000008000B81C] -> 0x3023
mem[X,0x000000008000B81E] -> 0x2241
[1278] [M]: 0x000000008000B81C (0x22413023) sd tp, 544(sp)
mem[0x00000000800493E8] <- 0x0000000000000002
mem[X,0x000000008000B820] -> 0x0513
mem[X,0x000000008000B822] -> 0x0010
[1279] [M]: 0x000000008000B820 (0x00100513) addi a0, zero, 1
x10 <- 0x0000000000000001
mem[X,0x000000008000B824] -> 0x1513
mem[X,0x000000008000B826] -> 0x03B5
[1280] [M]: 0x000000008000B824 (0x03B51513) slli a0, a0, 59
x10 <- 0x0800000000000000
mem[X,0x000000008000B828] -> 0x0593
mem[X,0x000000008000B82A] -> 0x0010
[1281] [M]: 0x000000008000B828 (0x00100593) addi a1, zero, 1
x11 <- 0x0000000000000001
mem[X,0x000000008000B82C] -> 0x9593
mem[X,0x000000008000B82E] -> 0x0165
[1282] [M]: 0x000000008000B82C (0x01659593) slli a1, a1, 22
x11 <- 0x0000000000400000
mem[X,0x000000008000B830] -> 0xC593
mem[X,0x000000008000B832] -> 0xFFF5
[1283] [M]: 0x000000008000B830 (0xFFF5C593) xori a1, a1, 4095
x11 <- 0xFFFFFFFFFFBFFFFF
mem[X,0x000000008000B834] -> 0x0213
mem[X,0x000000008000B836] -> 0x0000
[1284] [M]: 0x000000008000B834 (0x00000213) addi tp, zero, 0
x4 <- 0x0000000000000000
mem[X,0x000000008000B838] -> 0x006F
mem[X,0x000000008000B83A] -> 0x0050
[1285] [M]: 0x000000008000B838 (0x0050006F) jal zero, 2052
mem[X,0x000000008000C03C] -> 0x00E3
mem[X,0x000000008000C03E] -> 0x80B5
[1286] [M]: 0x000000008000C03C (0x80B500E3) beq a0, a1, 6144
mem[X,0x000000008000C040] -> 0x0213
mem[X,0x000000008000C042] -> 0x0022
[1287] [M]: 0x000000008000C040 (0x00220213) addi tp, tp, 2
x4 <- 0x0000000000000002
mem[X,0x000000008000C044] -> 0x006F
mem[X,0x000000008000C046] -> 0x00C0
[1288] [M]: 0x000000008000C044 (0x00C0006F) jal zero, 12
mem[X,0x000000008000C050] -> 0x3423
mem[X,0x000000008000C052] -> 0x2241
[1289] [M]: 0x000000008000C050 (0x22413423) sd tp, 552(sp)
mem[0x00000000800493F0] <- 0x0000000000000002
mem[X,0x000000008000C054] -> 0x0513
mem[X,0x000000008000C056] -> 0x0010
[1290] [M]: 0x000000008000C054 (0x00100513) addi a0, zero, 1
x10 <- 0x0000000000000001
mem[X,0x000000008000C058] -> 0x1513
mem[X,0x000000008000C05A] -> 0x02E5
[1291] [M]: 0x000000008000C058 (0x02E51513) slli a0, a0, 46
x10 <- 0x0000400000000000
mem[X,0x000000008000C05C] -> 0x4513
mem[X,0x000000008000C05E] -> 0xFFF5
[1292] [M]: 0x000000008000C05C (0xFFF54513) xori a0, a0, 4095
x10 <- 0xFFFFBFFFFFFFFFFF
mem[X,0x000000008000C060] -> 0x0593
mem[X,0x000000008000C062] -> 0x0010
[1293] [M]: 0x000000008000C060 (0x00100593) addi a1, zero, 1
x11 <- 0x0000000000000001
mem[X,0x000000008000C064] -> 0x9593
mem[X,0x000000008000C066] -> 0x0175
[1294] [M]: 0x000000008000C064 (0x01759593) slli a1, a1, 23
x11 <- 0x0000000000800000
mem[X,0x000000008000C068] -> 0xC593
mem[X,0x000000008000C06A] -> 0xFFF5
[1295] [M]: 0x000000008000C068 (0xFFF5C593) xori a1, a1, 4095
x11 <- 0xFFFFFFFFFF7FFFFF
mem[X,0x000000008000C06C] -> 0x0213
mem[X,0x000000008000C06E] -> 0x0000
[1296] [M]: 0x000000008000C06C (0x00000213) addi tp, zero, 0
x4 <- 0x0000000000000000
mem[X,0x000000008000C070] -> 0x006F
mem[X,0x000000008000C072] -> 0x2B10
[1297] [M]: 0x000000008000C070 (0x2B10006F) jal zero, 2736
mem[X,0x000000008000CB20] -> 0x0A63
mem[X,0x000000008000CB22] -> 0xD4B5
[1298] [M]: 0x000000008000CB20 (0xD4B50A63) beq a0, a1, 5460
mem[X,0x000000008000CB24] -> 0x0213
mem[X,0x000000008000CB26] -> 0x0022
[1299] [M]: 0x000000008000CB24 (0x00220213) addi tp, tp, 2
x4 <- 0x0000000000000002
clint::tick mtime <- 0x000000000000000D
 clint timer pending at mtime 0x000000000000000D
htif::tick 0x0000000000000000
mem[X,0x000000008000CB28] -> 0x006F
mem[X,0x000000008000CB2A] -> 0x00C0
[1300] [M]: 0x000000008000CB28 (0x00C0006F) jal zero, 12
mem[X,0x000000008000CB34] -> 0x3823
mem[X,0x000000008000CB36] -> 0x2241
[1301] [M]: 0x000000008000CB34 (0x22413823) sd tp, 560(sp)
mem[0x00000000800493F8] <- 0x0000000000000002
mem[X,0x000000008000CB38] -> 0x0513
mem[X,0x000000008000CB3A] -> 0xFF90
[1302] [M]: 0x000000008000CB38 (0xFF900513) addi a0, zero, 4089
x10 <- 0xFFFFFFFFFFFFFFF9
mem[X,0x000000008000CB3C] -> 0x0593
mem[X,0x000000008000CB3E] -> 0x0010
[1303] [M]: 0x000000008000CB3C (0x00100593) addi a1, zero, 1
x11 <- 0x0000000000000001
mem[X,0x000000008000CB40] -> 0x9593
mem[X,0x000000008000CB42] -> 0x0185
[1304] [M]: 0x000000008000CB40 (0x01859593) slli a1, a1, 24
x11 <- 0x0000000001000000
mem[X,0x000000008000CB44] -> 0xC593
mem[X,0x000000008000CB46] -> 0xFFF5
[1305] [M]: 0x000000008000CB44 (0xFFF5C593) xori a1, a1, 4095
x11 <- 0xFFFFFFFFFEFFFFFF
mem[X,0x000000008000CB48] -> 0x0213
mem[X,0x000000008000CB4A] -> 0x0000
[1306] [M]: 0x000000008000CB48 (0x00000213) addi tp, zero, 0
x4 <- 0x0000000000000000
mem[X,0x000000008000CB4C] -> 0x006F
mem[X,0x000000008000CB4E] -> 0x00C0
[1307] [M]: 0x000000008000CB4C (0x00C0006F) jal zero, 12
mem[X,0x000000008000CB58] -> 0x0663
mem[X,0x000000008000CB5A] -> 0x00B5
[1308] [M]: 0x000000008000CB58 (0x00B50663) beq a0, a1, 12
mem[X,0x000000008000CB5C] -> 0x0213
mem[X,0x000000008000CB5E] -> 0x0022
[1309] [M]: 0x000000008000CB5C (0x00220213) addi tp, tp, 2
x4 <- 0x0000000000000002
mem[X,0x000000008000CB60] -> 0x006F
mem[X,0x000000008000CB62] -> 0x00C0
[1310] [M]: 0x000000008000CB60 (0x00C0006F) jal zero, 12
mem[X,0x000000008000CB6C] -> 0x3C23
mem[X,0x000000008000CB6E] -> 0x2241
[1311] [M]: 0x000000008000CB6C (0x22413C23) sd tp, 568(sp)
mem[0x0000000080049400] <- 0x0000000000000002
mem[X,0x000000008000CB70] -> 0x0513
mem[X,0x000000008000CB72] -> 0x0010
[1312] [M]: 0x000000008000CB70 (0x00100513) addi a0, zero, 1
x10 <- 0x0000000000000001
mem[X,0x000000008000CB74] -> 0x1513
mem[X,0x000000008000CB76] -> 0x00F5
[1313] [M]: 0x000000008000CB74 (0x00F51513) slli a0, a0, 15
x10 <- 0x0000000000008000
mem[X,0x000000008000CB78] -> 0x4513
mem[X,0x000000008000CB7A] -> 0xFFF5
[1314] [M]: 0x000000008000CB78 (0xFFF54513) xori a0, a0, 4095
x10 <- 0xFFFFFFFFFFFF7FFF
mem[X,0x000000008000CB7C] -> 0x0593
mem[X,0x000000008000CB7E] -> 0x0010
[1315] [M]: 0x000000008000CB7C (0x00100593) addi a1, zero, 1
x11 <- 0x0000000000000001
mem[X,0x000000008000CB80] -> 0x9593
mem[X,0x000000008000CB82] -> 0x0195
[1316] [M]: 0x000000008000CB80 (0x01959593) slli a1, a1, 25
x11 <- 0x0000000002000000
mem[X,0x000000008000CB84] -> 0xC593
mem[X,0x000000008000CB86] -> 0xFFF5
[1317] [M]: 0x000000008000CB84 (0xFFF5C593) xori a1, a1, 4095
x11 <- 0xFFFFFFFFFDFFFFFF
mem[X,0x000000008000CB88] -> 0x0213
mem[X,0x000000008000CB8A] -> 0x0000
[1318] [M]: 0x000000008000CB88 (0x00000213) addi tp, zero, 0
x4 <- 0x0000000000000000
mem[X,0x000000008000CB8C] -> 0x006F
mem[X,0x000000008000CB8E] -> 0x2B10
[1319] [M]: 0x000000008000CB8C (0x2B10006F) jal zero, 2736
mem[X,0x000000008000D63C] -> 0x0A63
mem[X,0x000000008000D63E] -> 0xD4B5
[1320] [M]: 0x000000008000D63C (0xD4B50A63) beq a0, a1, 5460
mem[X,0x000000008000D640] -> 0x0213
mem[X,0x000000008000D642] -> 0x0022
[1321] [M]: 0x000000008000D640 (0x00220213) addi tp, tp, 2
x4 <- 0x0000000000000002
mem[X,0x000000008000D644] -> 0x006F
mem[X,0x000000008000D646] -> 0x00C0
[1322] [M]: 0x000000008000D644 (0x00C0006F) jal zero, 12
mem[X,0x000000008000D650] -> 0x3023
mem[X,0x000000008000D652] -> 0x2441
[1323] [M]: 0x000000008000D650 (0x24413023) sd tp, 576(sp)
mem[0x0000000080049408] <- 0x0000000000000002
mem[X,0x000000008000D654] -> 0x0513
mem[X,0x000000008000D656] -> 0x0010
[1324] [M]: 0x000000008000D654 (0x00100513) addi a0, zero, 1
x10 <- 0x0000000000000001
mem[X,0x000000008000D658] -> 0x1513
mem[X,0x000000008000D65A] -> 0x00B5
[1325] [M]: 0x000000008000D658 (0x00B51513) slli a0, a0, 11
x10 <- 0x0000000000000800
mem[X,0x000000008000D65C] -> 0x0593
mem[X,0x000000008000D65E] -> 0x0010
[1326] [M]: 0x000000008000D65C (0x00100593) addi a1, zero, 1
x11 <- 0x0000000000000001
mem[X,0x000000008000D660] -> 0x9593
mem[X,0x000000008000D662] -> 0x01A5
[1327] [M]: 0x000000008000D660 (0x01A59593) slli a1, a1, 26
x11 <- 0x0000000004000000
mem[X,0x000000008000D664] -> 0xC593
mem[X,0x000000008000D666] -> 0xFFF5
[1328] [M]: 0x000000008000D664 (0xFFF5C593) xori a1, a1, 4095
x11 <- 0xFFFFFFFFFBFFFFFF
mem[X,0x000000008000D668] -> 0x0213
mem[X,0x000000008000D66A] -> 0x0000
[1329] [M]: 0x000000008000D668 (0x00000213) addi tp, zero, 0
x4 <- 0x0000000000000000
mem[X,0x000000008000D66C] -> 0x006F
mem[X,0x000000008000D66E] -> 0x00C0
[1330] [M]: 0x000000008000D66C (0x00C0006F) jal zero, 12
mem[X,0x000000008000D678] -> 0x0663
mem[X,0x000000008000D67A] -> 0x00B5
[1331] [M]: 0x000000008000D678 (0x00B50663) beq a0, a1, 12
mem[X,0x000000008000D67C] -> 0x0213
mem[X,0x000000008000D67E] -> 0x0022
[1332] [M]: 0x000000008000D67C (0x00220213) addi tp, tp, 2
x4 <- 0x0000000000000002
mem[X,0x000000008000D680] -> 0x006F
mem[X,0x000000008000D682] -> 0x00C0
[1333] [M]: 0x000000008000D680 (0x00C0006F) jal zero, 12
mem[X,0x000000008000D68C] -> 0x3423
mem[X,0x000000008000D68E] -> 0x2441
[1334] [M]: 0x000000008000D68C (0x24413423) sd tp, 584(sp)
mem[0x0000000080049410] <- 0x0000000000000002
mem[X,0x000000008000D690] -> 0x0513
mem[X,0x000000008000D692] -> 0x0010
[1335] [M]: 0x000000008000D690 (0x00100513) addi a0, zero, 1
x10 <- 0x0000000000000001
mem[X,0x000000008000D694] -> 0x1513
mem[X,0x000000008000D696] -> 0x0135
[1336] [M]: 0x000000008000D694 (0x01351513) slli a0, a0, 19
x10 <- 0x0000000000080000
mem[X,0x000000008000D698] -> 0x0593
mem[X,0x000000008000D69A] -> 0x0010
[1337] [M]: 0x000000008000D698 (0x00100593) addi a1, zero, 1
x11 <- 0x0000000000000001
mem[X,0x000000008000D69C] -> 0x9593
mem[X,0x000000008000D69E] -> 0x01B5
[1338] [M]: 0x000000008000D69C (0x01B59593) slli a1, a1, 27
x11 <- 0x0000000008000000
mem[X,0x000000008000D6A0] -> 0xC593
mem[X,0x000000008000D6A2] -> 0xFFF5
[1339] [M]: 0x000000008000D6A0 (0xFFF5C593) xori a1, a1, 4095
x11 <- 0xFFFFFFFFF7FFFFFF
mem[X,0x000000008000D6A4] -> 0x0213
mem[X,0x000000008000D6A6] -> 0x0000
[1340] [M]: 0x000000008000D6A4 (0x00000213) addi tp, zero, 0
x4 <- 0x0000000000000000
mem[X,0x000000008000D6A8] -> 0x006F
mem[X,0x000000008000D6AA] -> 0x00C0
[1341] [M]: 0x000000008000D6A8 (0x00C0006F) jal zero, 12
mem[X,0x000000008000D6B4] -> 0x0663
mem[X,0x000000008000D6B6] -> 0x00B5
[1342] [M]: 0x000000008000D6B4 (0x00B50663) beq a0, a1, 12
mem[X,0x000000008000D6B8] -> 0x0213
mem[X,0x000000008000D6BA] -> 0x0022
[1343] [M]: 0x000000008000D6B8 (0x00220213) addi tp, tp, 2
x4 <- 0x0000000000000002
mem[X,0x000000008000D6BC] -> 0x006F
mem[X,0x000000008000D6BE] -> 0x00C0
[1344] [M]: 0x000000008000D6BC (0x00C0006F) jal zero, 12
mem[X,0x000000008000D6C8] -> 0x3823
mem[X,0x000000008000D6CA] -> 0x2441
[1345] [M]: 0x000000008000D6C8 (0x24413823) sd tp, 592(sp)
mem[0x0000000080049418] <- 0x0000000000000002
mem[X,0x000000008000D6CC] -> 0x0513
mem[X,0x000000008000D6CE] -> 0x0010
[1346] [M]: 0x000000008000D6CC (0x00100513) addi a0, zero, 1
x10 <- 0x0000000000000001
mem[X,0x000000008000D6D0] -> 0x1513
mem[X,0x000000008000D6D2] -> 0x0175
[1347] [M]: 0x000000008000D6D0 (0x01751513) slli a0, a0, 23
x10 <- 0x0000000000800000
mem[X,0x000000008000D6D4] -> 0x0593
mem[X,0x000000008000D6D6] -> 0x0010
[1348] [M]: 0x000000008000D6D4 (0x00100593) addi a1, zero, 1
x11 <- 0x0000000000000001
mem[X,0x000000008000D6D8] -> 0x9593
mem[X,0x000000008000D6DA] -> 0x01C5
[1349] [M]: 0x000000008000D6D8 (0x01C59593) slli a1, a1, 28
x11 <- 0x0000000010000000
mem[X,0x000000008000D6DC] -> 0xC593
mem[X,0x000000008000D6DE] -> 0xFFF5
[1350] [M]: 0x000000008000D6DC (0xFFF5C593) xori a1, a1, 4095
x11 <- 0xFFFFFFFFEFFFFFFF
mem[X,0x000000008000D6E0] -> 0x0213
mem[X,0x000000008000D6E2] -> 0x0000
[1351] [M]: 0x000000008000D6E0 (0x00000213) addi tp, zero, 0
x4 <- 0x0000000000000000
mem[X,0x000000008000D6E4] -> 0x006F
mem[X,0x000000008000D6E6] -> 0x0100
[1352] [M]: 0x000000008000D6E4 (0x0100006F) jal zero, 16
mem[X,0x000000008000D6F4] -> 0x0AE3
mem[X,0x000000008000D6F6] -> 0xFEB5
[1353] [M]: 0x000000008000D6F4 (0xFEB50AE3) beq a0, a1, 8180
mem[X,0x000000008000D6F8] -> 0x0213
mem[X,0x000000008000D6FA] -> 0x0022
[1354] [M]: 0x000000008000D6F8 (0x00220213) addi tp, tp, 2
x4 <- 0x0000000000000002
mem[X,0x000000008000D6FC] -> 0x006F
mem[X,0x000000008000D6FE] -> 0x00C0
[1355] [M]: 0x000000008000D6FC (0x00C0006F) jal zero, 12
mem[X,0x000000008000D708] -> 0x3C23
mem[X,0x000000008000D70A] -> 0x2441
[1356] [M]: 0x000000008000D708 (0x24413C23) sd tp, 600(sp)
mem[0x0000000080049420] <- 0x0000000000000002
mem[X,0x000000008000D70C] -> 0x0513
mem[X,0x000000008000D70E] -> 0x0010
[1357] [M]: 0x000000008000D70C (0x00100513) addi a0, zero, 1
x10 <- 0x0000000000000001
mem[X,0x000000008000D710] -> 0x1513
mem[X,0x000000008000D712] -> 0x0125
[1358] [M]: 0x000000008000D710 (0x01251513) slli a0, a0, 18
x10 <- 0x0000000000040000
mem[X,0x000000008000D714] -> 0x4513
mem[X,0x000000008000D716] -> 0xFFF5
[1359] [M]: 0x000000008000D714 (0xFFF54513) xori a0, a0, 4095
x10 <- 0xFFFFFFFFFFFBFFFF
mem[X,0x000000008000D718] -> 0x0593
mem[X,0x000000008000D71A] -> 0x0010
[1360] [M]: 0x000000008000D718 (0x00100593) addi a1, zero, 1
x11 <- 0x0000000000000001
mem[X,0x000000008000D71C] -> 0x9593
mem[X,0x000000008000D71E] -> 0x01D5
[1361] [M]: 0x000000008000D71C (0x01D59593) slli a1, a1, 29
x11 <- 0x0000000020000000
mem[X,0x000000008000D720] -> 0xC593
mem[X,0x000000008000D722] -> 0xFFF5
[1362] [M]: 0x000000008000D720 (0xFFF5C593) xori a1, a1, 4095
x11 <- 0xFFFFFFFFDFFFFFFF
mem[X,0x000000008000D724] -> 0x0213
mem[X,0x000000008000D726] -> 0x0000
[1363] [M]: 0x000000008000D724 (0x00000213) addi tp, zero, 0
x4 <- 0x0000000000000000
mem[X,0x000000008000D728] -> 0x006F
mem[X,0x000000008000D72A] -> 0x00C0
[1364] [M]: 0x000000008000D728 (0x00C0006F) jal zero, 12
mem[X,0x000000008000D734] -> 0x0663
mem[X,0x000000008000D736] -> 0x00B5
[1365] [M]: 0x000000008000D734 (0x00B50663) beq a0, a1, 12
mem[X,0x000000008000D738] -> 0x0213
mem[X,0x000000008000D73A] -> 0x0022
[1366] [M]: 0x000000008000D738 (0x00220213) addi tp, tp, 2
x4 <- 0x0000000000000002
mem[X,0x000000008000D73C] -> 0x006F
mem[X,0x000000008000D73E] -> 0x00C0
[1367] [M]: 0x000000008000D73C (0x00C0006F) jal zero, 12
mem[X,0x000000008000D748] -> 0x3023
mem[X,0x000000008000D74A] -> 0x2641
[1368] [M]: 0x000000008000D748 (0x26413023) sd tp, 608(sp)
mem[0x0000000080049428] <- 0x0000000000000002
mem[X,0x000000008000D74C] -> 0x0513
mem[X,0x000000008000D74E] -> 0x0010
[1369] [M]: 0x000000008000D74C (0x00100513) addi a0, zero, 1
x10 <- 0x0000000000000001
mem[X,0x000000008000D750] -> 0x1513
mem[X,0x000000008000D752] -> 0x0195
[1370] [M]: 0x000000008000D750 (0x01951513) slli a0, a0, 25
x10 <- 0x0000000002000000
mem[X,0x000000008000D754] -> 0x4513
mem[X,0x000000008000D756] -> 0xFFF5
[1371] [M]: 0x000000008000D754 (0xFFF54513) xori a0, a0, 4095
x10 <- 0xFFFFFFFFFDFFFFFF
mem[X,0x000000008000D758] -> 0x0593
mem[X,0x000000008000D75A] -> 0x0010
[1372] [M]: 0x000000008000D758 (0x00100593) addi a1, zero, 1
x11 <- 0x0000000000000001
mem[X,0x000000008000D75C] -> 0x9593
mem[X,0x000000008000D75E] -> 0x01E5
[1373] [M]: 0x000000008000D75C (0x01E59593) slli a1, a1, 30
x11 <- 0x0000000040000000
mem[X,0x000000008000D760] -> 0xC593
mem[X,0x000000008000D762] -> 0xFFF5
[1374] [M]: 0x000000008000D760 (0xFFF5C593) xori a1, a1, 4095
x11 <- 0xFFFFFFFFBFFFFFFF
mem[X,0x000000008000D764] -> 0x0213
mem[X,0x000000008000D766] -> 0x0000
[1375] [M]: 0x000000008000D764 (0x00000213) addi tp, zero, 0
x4 <- 0x0000000000000000
mem[X,0x000000008000D768] -> 0x006F
mem[X,0x000000008000D76A] -> 0x00C0
[1376] [M]: 0x000000008000D768 (0x00C0006F) jal zero, 12
mem[X,0x000000008000D774] -> 0x0063
mem[X,0x000000008000D776] -> 0x04B5
[1377] [M]: 0x000000008000D774 (0x04B50063) beq a0, a1, 64
mem[X,0x000000008000D778] -> 0x0213
mem[X,0x000000008000D77A] -> 0x0022
[1378] [M]: 0x000000008000D778 (0x00220213) addi tp, tp, 2
x4 <- 0x0000000000000002
mem[X,0x000000008000D77C] -> 0x006F
mem[X,0x000000008000D77E] -> 0x0400
[1379] [M]: 0x000000008000D77C (0x0400006F) jal zero, 64
mem[X,0x000000008000D7BC] -> 0x3423
mem[X,0x000000008000D7BE] -> 0x2641
[1380] [M]: 0x000000008000D7BC (0x26413423) sd tp, 616(sp)
mem[0x0000000080049430] <- 0x0000000000000002
mem[X,0x000000008000D7C0] -> 0x0513
mem[X,0x000000008000D7C2] -> 0x0010
[1381] [M]: 0x000000008000D7C0 (0x00100513) addi a0, zero, 1
x10 <- 0x0000000000000001
mem[X,0x000000008000D7C4] -> 0x1513
mem[X,0x000000008000D7C6] -> 0x03A5
[1382] [M]: 0x000000008000D7C4 (0x03A51513) slli a0, a0, 58
x10 <- 0x0400000000000000
mem[X,0x000000008000D7C8] -> 0x4513
mem[X,0x000000008000D7CA] -> 0xFFF5
[1383] [M]: 0x000000008000D7C8 (0xFFF54513) xori a0, a0, 4095
x10 <- 0xFBFFFFFFFFFFFFFF
mem[X,0x000000008000D7CC] -> 0x0593
mem[X,0x000000008000D7CE] -> 0x0010
[1384] [M]: 0x000000008000D7CC (0x00100593) addi a1, zero, 1
x11 <- 0x0000000000000001
mem[X,0x000000008000D7D0] -> 0x9593
mem[X,0x000000008000D7D2] -> 0x01F5
[1385] [M]: 0x000000008000D7D0 (0x01F59593) slli a1, a1, 31
x11 <- 0x0000000080000000
mem[X,0x000000008000D7D4] -> 0xC593
mem[X,0x000000008000D7D6] -> 0xFFF5
[1386] [M]: 0x000000008000D7D4 (0xFFF5C593) xori a1, a1, 4095
x11 <- 0xFFFFFFFF7FFFFFFF
mem[X,0x000000008000D7D8] -> 0x0213
mem[X,0x000000008000D7DA] -> 0x0000
[1387] [M]: 0x000000008000D7D8 (0x00000213) addi tp, zero, 0
x4 <- 0x0000000000000000
mem[X,0x000000008000D7DC] -> 0x006F
mem[X,0x000000008000D7DE] -> 0x00C0
[1388] [M]: 0x000000008000D7DC (0x00C0006F) jal zero, 12
mem[X,0x000000008000D7E8] -> 0x0063
mem[X,0x000000008000D7EA] -> 0x02B5
[1389] [M]: 0x000000008000D7E8 (0x02B50063) beq a0, a1, 32
mem[X,0x000000008000D7EC] -> 0x0213
mem[X,0x000000008000D7EE] -> 0x0022
[1390] [M]: 0x000000008000D7EC (0x00220213) addi tp, tp, 2
x4 <- 0x0000000000000002
mem[X,0x000000008000D7F0] -> 0x006F
mem[X,0x000000008000D7F2] -> 0x0200
[1391] [M]: 0x000000008000D7F0 (0x0200006F) jal zero, 32
mem[X,0x000000008000D810] -> 0x3823
mem[X,0x000000008000D812] -> 0x2641
[1392] [M]: 0x000000008000D810 (0x26413823) sd tp, 624(sp)
mem[0x0000000080049438] <- 0x0000000000000002
mem[X,0x000000008000D814] -> 0x0513
mem[X,0x000000008000D816] -> 0x0010
[1393] [M]: 0x000000008000D814 (0x00100513) addi a0, zero, 1
x10 <- 0x0000000000000001
mem[X,0x000000008000D818] -> 0x1513
mem[X,0x000000008000D81A] -> 0x0295
[1394] [M]: 0x000000008000D818 (0x02951513) slli a0, a0, 41
x10 <- 0x0000020000000000
mem[X,0x000000008000D81C] -> 0x0593
mem[X,0x000000008000D81E] -> 0x0010
[1395] [M]: 0x000000008000D81C (0x00100593) addi a1, zero, 1
x11 <- 0x0000000000000001
mem[X,0x000000008000D820] -> 0x9593
mem[X,0x000000008000D822] -> 0x0205
[1396] [M]: 0x000000008000D820 (0x02059593) slli a1, a1, 32
x11 <- 0x0000000100000000
mem[X,0x000000008000D824] -> 0xC593
mem[X,0x000000008000D826] -> 0xFFF5
[1397] [M]: 0x000000008000D824 (0xFFF5C593) xori a1, a1, 4095
x11 <- 0xFFFFFFFEFFFFFFFF
mem[X,0x000000008000D828] -> 0x0213
mem[X,0x000000008000D82A] -> 0x0000
[1398] [M]: 0x000000008000D828 (0x00000213) addi tp, zero, 0
x4 <- 0x0000000000000000
mem[X,0x000000008000D82C] -> 0x006F
mem[X,0x000000008000D82E] -> 0x00C0
[1399] [M]: 0x000000008000D82C (0x00C0006F) jal zero, 12
clint::tick mtime <- 0x000000000000000E
 clint timer pending at mtime 0x000000000000000E
htif::tick 0x0000000000000000
mem[X,0x000000008000D838] -> 0x0063
mem[X,0x000000008000D83A] -> 0x40B5
[1400] [M]: 0x000000008000D838 (0x40B50063) beq a0, a1, 1024
mem[X,0x000000008000D83C] -> 0x0213
mem[X,0x000000008000D83E] -> 0x0022
[1401] [M]: 0x000000008000D83C (0x00220213) addi tp, tp, 2
x4 <- 0x0000000000000002
mem[X,0x000000008000D840] -> 0x006F
mem[X,0x000000008000D842] -> 0x4000
[1402] [M]: 0x000000008000D840 (0x4000006F) jal zero, 1024
mem[X,0x000000008000DC40] -> 0x3C23
mem[X,0x000000008000DC42] -> 0x2641
[1403] [M]: 0x000000008000DC40 (0x26413C23) sd tp, 632(sp)
mem[0x0000000080049440] <- 0x0000000000000002
mem[X,0x000000008000DC44] -> 0x0513
mem[X,0x000000008000DC46] -> 0x0010
[1404] [M]: 0x000000008000DC44 (0x00100513) addi a0, zero, 1
x10 <- 0x0000000000000001
mem[X,0x000000008000DC48] -> 0x1513
mem[X,0x000000008000DC4A] -> 0x0105
[1405] [M]: 0x000000008000DC48 (0x01051513) slli a0, a0, 16
x10 <- 0x0000000000010000
mem[X,0x000000008000DC4C] -> 0x4513
mem[X,0x000000008000DC4E] -> 0xFFF5
[1406] [M]: 0x000000008000DC4C (0xFFF54513) xori a0, a0, 4095
x10 <- 0xFFFFFFFFFFFEFFFF
mem[X,0x000000008000DC50] -> 0x0593
mem[X,0x000000008000DC52] -> 0x0010
[1407] [M]: 0x000000008000DC50 (0x00100593) addi a1, zero, 1
x11 <- 0x0000000000000001
mem[X,0x000000008000DC54] -> 0x9593
mem[X,0x000000008000DC56] -> 0x0215
[1408] [M]: 0x000000008000DC54 (0x02159593) slli a1, a1, 33
x11 <- 0x0000000200000000
mem[X,0x000000008000DC58] -> 0xC593
mem[X,0x000000008000DC5A] -> 0xFFF5
[1409] [M]: 0x000000008000DC58 (0xFFF5C593) xori a1, a1, 4095
x11 <- 0xFFFFFFFDFFFFFFFF
mem[X,0x000000008000DC5C] -> 0x0213
mem[X,0x000000008000DC5E] -> 0x0000
[1410] [M]: 0x000000008000DC5C (0x00000213) addi tp, zero, 0
x4 <- 0x0000000000000000
mem[X,0x000000008000DC60] -> 0x006F
mem[X,0x000000008000DC62] -> 0x00C0
[1411] [M]: 0x000000008000DC60 (0x00C0006F) jal zero, 12
mem[X,0x000000008000DC6C] -> 0x0CE3
mem[X,0x000000008000DC6E] -> 0xFEB5
[1412] [M]: 0x000000008000DC6C (0xFEB50CE3) beq a0, a1, 8184
mem[X,0x000000008000DC70] -> 0x0213
mem[X,0x000000008000DC72] -> 0x0022
[1413] [M]: 0x000000008000DC70 (0x00220213) addi tp, tp, 2
x4 <- 0x0000000000000002
mem[X,0x000000008000DC74] -> 0x006F
mem[X,0x000000008000DC76] -> 0x00C0
[1414] [M]: 0x000000008000DC74 (0x00C0006F) jal zero, 12
mem[X,0x000000008000DC80] -> 0x3023
mem[X,0x000000008000DC82] -> 0x2841
[1415] [M]: 0x000000008000DC80 (0x28413023) sd tp, 640(sp)
mem[0x0000000080049448] <- 0x0000000000000002
mem[X,0x000000008000DC84] -> 0x0513
mem[X,0x000000008000DC86] -> 0xFF90
[1416] [M]: 0x000000008000DC84 (0xFF900513) addi a0, zero, 4089
x10 <- 0xFFFFFFFFFFFFFFF9
mem[X,0x000000008000DC88] -> 0x0593
mem[X,0x000000008000DC8A] -> 0x0010
[1417] [M]: 0x000000008000DC88 (0x00100593) addi a1, zero, 1
x11 <- 0x0000000000000001
mem[X,0x000000008000DC8C] -> 0x9593
mem[X,0x000000008000DC8E] -> 0x0225
[1418] [M]: 0x000000008000DC8C (0x02259593) slli a1, a1, 34
x11 <- 0x0000000400000000
mem[X,0x000000008000DC90] -> 0xC593
mem[X,0x000000008000DC92] -> 0xFFF5
[1419] [M]: 0x000000008000DC90 (0xFFF5C593) xori a1, a1, 4095
x11 <- 0xFFFFFFFBFFFFFFFF
mem[X,0x000000008000DC94] -> 0x0213
mem[X,0x000000008000DC96] -> 0x0000
[1420] [M]: 0x000000008000DC94 (0x00000213) addi tp, zero, 0
x4 <- 0x0000000000000000
mem[X,0x000000008000DC98] -> 0x006F
mem[X,0x000000008000DC9A] -> 0x00C0
[1421] [M]: 0x000000008000DC98 (0x00C0006F) jal zero, 12
mem[X,0x000000008000DCA4] -> 0x0663
mem[X,0x000000008000DCA6] -> 0x00B5
[1422] [M]: 0x000000008000DCA4 (0x00B50663) beq a0, a1, 12
mem[X,0x000000008000DCA8] -> 0x0213
mem[X,0x000000008000DCAA] -> 0x0022
[1423] [M]: 0x000000008000DCA8 (0x00220213) addi tp, tp, 2
x4 <- 0x0000000000000002
mem[X,0x000000008000DCAC] -> 0x006F
mem[X,0x000000008000DCAE] -> 0x00C0
[1424] [M]: 0x000000008000DCAC (0x00C0006F) jal zero, 12
mem[X,0x000000008000DCB8] -> 0x3423
mem[X,0x000000008000DCBA] -> 0x2841
[1425] [M]: 0x000000008000DCB8 (0x28413423) sd tp, 648(sp)
mem[0x0000000080049450] <- 0x0000000000000002
mem[X,0x000000008000DCBC] -> 0x0513
mem[X,0x000000008000DCBE] -> 0x0010
[1426] [M]: 0x000000008000DCBC (0x00100513) addi a0, zero, 1
x10 <- 0x0000000000000001
mem[X,0x000000008000DCC0] -> 0x1513
mem[X,0x000000008000DCC2] -> 0x01A5
[1427] [M]: 0x000000008000DCC0 (0x01A51513) slli a0, a0, 26
x10 <- 0x0000000004000000
mem[X,0x000000008000DCC4] -> 0x4513
mem[X,0x000000008000DCC6] -> 0xFFF5
[1428] [M]: 0x000000008000DCC4 (0xFFF54513) xori a0, a0, 4095
x10 <- 0xFFFFFFFFFBFFFFFF
mem[X,0x000000008000DCC8] -> 0x0593
mem[X,0x000000008000DCCA] -> 0x0010
[1429] [M]: 0x000000008000DCC8 (0x00100593) addi a1, zero, 1
x11 <- 0x0000000000000001
mem[X,0x000000008000DCCC] -> 0x9593
mem[X,0x000000008000DCCE] -> 0x0235
[1430] [M]: 0x000000008000DCCC (0x02359593) slli a1, a1, 35
x11 <- 0x0000000800000000
mem[X,0x000000008000DCD0] -> 0xC593
mem[X,0x000000008000DCD2] -> 0xFFF5
[1431] [M]: 0x000000008000DCD0 (0xFFF5C593) xori a1, a1, 4095
x11 <- 0xFFFFFFF7FFFFFFFF
mem[X,0x000000008000DCD4] -> 0x0213
mem[X,0x000000008000DCD6] -> 0x0000
[1432] [M]: 0x000000008000DCD4 (0x00000213) addi tp, zero, 0
x4 <- 0x0000000000000000
mem[X,0x000000008000DCD8] -> 0x006F
mem[X,0x000000008000DCDA] -> 0x0140
[1433] [M]: 0x000000008000DCD8 (0x0140006F) jal zero, 20
mem[X,0x000000008000DCEC] -> 0x08E3
mem[X,0x000000008000DCEE] -> 0xFEB5
[1434] [M]: 0x000000008000DCEC (0xFEB508E3) beq a0, a1, 8176
mem[X,0x000000008000DCF0] -> 0x0213
mem[X,0x000000008000DCF2] -> 0x0022
[1435] [M]: 0x000000008000DCF0 (0x00220213) addi tp, tp, 2
x4 <- 0x0000000000000002
mem[X,0x000000008000DCF4] -> 0x006F
mem[X,0x000000008000DCF6] -> 0x00C0
[1436] [M]: 0x000000008000DCF4 (0x00C0006F) jal zero, 12
mem[X,0x000000008000DD00] -> 0x3823
mem[X,0x000000008000DD02] -> 0x2841
[1437] [M]: 0x000000008000DD00 (0x28413823) sd tp, 656(sp)
mem[0x0000000080049458] <- 0x0000000000000002
mem[X,0x000000008000DD04] -> 0x0513
mem[X,0x000000008000DD06] -> 0x0040
[1438] [M]: 0x000000008000DD04 (0x00400513) addi a0, zero, 4
x10 <- 0x0000000000000004
mem[X,0x000000008000DD08] -> 0x0593
mem[X,0x000000008000DD0A] -> 0x0010
[1439] [M]: 0x000000008000DD08 (0x00100593) addi a1, zero, 1
x11 <- 0x0000000000000001
mem[X,0x000000008000DD0C] -> 0x9593
mem[X,0x000000008000DD0E] -> 0x0245
[1440] [M]: 0x000000008000DD0C (0x02459593) slli a1, a1, 36
x11 <- 0x0000001000000000
mem[X,0x000000008000DD10] -> 0xC593
mem[X,0x000000008000DD12] -> 0xFFF5
[1441] [M]: 0x000000008000DD10 (0xFFF5C593) xori a1, a1, 4095
x11 <- 0xFFFFFFEFFFFFFFFF
mem[X,0x000000008000DD14] -> 0x0213
mem[X,0x000000008000DD16] -> 0x0000
[1442] [M]: 0x000000008000DD14 (0x00000213) addi tp, zero, 0
x4 <- 0x0000000000000000
mem[X,0x000000008000DD18] -> 0x006F
mem[X,0x000000008000DD1A] -> 0x00C0
[1443] [M]: 0x000000008000DD18 (0x00C0006F) jal zero, 12
mem[X,0x000000008000DD24] -> 0x0063
mem[X,0x000000008000DD26] -> 0x04B5
[1444] [M]: 0x000000008000DD24 (0x04B50063) beq a0, a1, 64
mem[X,0x000000008000DD28] -> 0x0213
mem[X,0x000000008000DD2A] -> 0x0022
[1445] [M]: 0x000000008000DD28 (0x00220213) addi tp, tp, 2
x4 <- 0x0000000000000002
mem[X,0x000000008000DD2C] -> 0x006F
mem[X,0x000000008000DD2E] -> 0x0400
[1446] [M]: 0x000000008000DD2C (0x0400006F) jal zero, 64
mem[X,0x000000008000DD6C] -> 0x3C23
mem[X,0x000000008000DD6E] -> 0x2841
[1447] [M]: 0x000000008000DD6C (0x28413C23) sd tp, 664(sp)
mem[0x0000000080049460] <- 0x0000000000000002
mem[X,0x000000008000DD70] -> 0x0513
mem[X,0x000000008000DD72] -> 0x0010
[1448] [M]: 0x000000008000DD70 (0x00100513) addi a0, zero, 1
x10 <- 0x0000000000000001
mem[X,0x000000008000DD74] -> 0x1513
mem[X,0x000000008000DD76] -> 0x0185
[1449] [M]: 0x000000008000DD74 (0x01851513) slli a0, a0, 24
x10 <- 0x0000000001000000
mem[X,0x000000008000DD78] -> 0x4513
mem[X,0x000000008000DD7A] -> 0xFFF5
[1450] [M]: 0x000000008000DD78 (0xFFF54513) xori a0, a0, 4095
x10 <- 0xFFFFFFFFFEFFFFFF
mem[X,0x000000008000DD7C] -> 0x0593
mem[X,0x000000008000DD7E] -> 0x0010
[1451] [M]: 0x000000008000DD7C (0x00100593) addi a1, zero, 1
x11 <- 0x0000000000000001
mem[X,0x000000008000DD80] -> 0x9593
mem[X,0x000000008000DD82] -> 0x0255
[1452] [M]: 0x000000008000DD80 (0x02559593) slli a1, a1, 37
x11 <- 0x0000002000000000
mem[X,0x000000008000DD84] -> 0xC593
mem[X,0x000000008000DD86] -> 0xFFF5
[1453] [M]: 0x000000008000DD84 (0xFFF5C593) xori a1, a1, 4095
x11 <- 0xFFFFFFDFFFFFFFFF
mem[X,0x000000008000DD88] -> 0x0213
mem[X,0x000000008000DD8A] -> 0x0000
[1454] [M]: 0x000000008000DD88 (0x00000213) addi tp, zero, 0
x4 <- 0x0000000000000000
mem[X,0x000000008000DD8C] -> 0x006F
mem[X,0x000000008000DD8E] -> 0x00C0
[1455] [M]: 0x000000008000DD8C (0x00C0006F) jal zero, 12
mem[X,0x000000008000DD98] -> 0x0063
mem[X,0x000000008000DD9A] -> 0x04B5
[1456] [M]: 0x000000008000DD98 (0x04B50063) beq a0, a1, 64
mem[X,0x000000008000DD9C] -> 0x0213
mem[X,0x000000008000DD9E] -> 0x0022
[1457] [M]: 0x000000008000DD9C (0x00220213) addi tp, tp, 2
x4 <- 0x0000000000000002
mem[X,0x000000008000DDA0] -> 0x006F
mem[X,0x000000008000DDA2] -> 0x0400
[1458] [M]: 0x000000008000DDA0 (0x0400006F) jal zero, 64
mem[X,0x000000008000DDE0] -> 0x3023
mem[X,0x000000008000DDE2] -> 0x2A41
[1459] [M]: 0x000000008000DDE0 (0x2A413023) sd tp, 672(sp)
mem[0x0000000080049468] <- 0x0000000000000002
mem[X,0x000000008000DDE4] -> 0x0513
mem[X,0x000000008000DDE6] -> 0xFFD0
[1460] [M]: 0x000000008000DDE4 (0xFFD00513) addi a0, zero, 4093
x10 <- 0xFFFFFFFFFFFFFFFD
mem[X,0x000000008000DDE8] -> 0x0593
mem[X,0x000000008000DDEA] -> 0x0010
[1461] [M]: 0x000000008000DDE8 (0x00100593) addi a1, zero, 1
x11 <- 0x0000000000000001
mem[X,0x000000008000DDEC] -> 0x9593
mem[X,0x000000008000DDEE] -> 0x0265
[1462] [M]: 0x000000008000DDEC (0x02659593) slli a1, a1, 38
x11 <- 0x0000004000000000
mem[X,0x000000008000DDF0] -> 0xC593
mem[X,0x000000008000DDF2] -> 0xFFF5
[1463] [M]: 0x000000008000DDF0 (0xFFF5C593) xori a1, a1, 4095
x11 <- 0xFFFFFFBFFFFFFFFF
mem[X,0x000000008000DDF4] -> 0x0213
mem[X,0x000000008000DDF6] -> 0x0000
[1464] [M]: 0x000000008000DDF4 (0x00000213) addi tp, zero, 0
x4 <- 0x0000000000000000
mem[X,0x000000008000DDF8] -> 0x006F
mem[X,0x000000008000DDFA] -> 0x0180
[1465] [M]: 0x000000008000DDF8 (0x0180006F) jal zero, 24
mem[X,0x000000008000DE10] -> 0x06E3
mem[X,0x000000008000DE12] -> 0xFEB5
[1466] [M]: 0x000000008000DE10 (0xFEB506E3) beq a0, a1, 8172
mem[X,0x000000008000DE14] -> 0x0213
mem[X,0x000000008000DE16] -> 0x0022
[1467] [M]: 0x000000008000DE14 (0x00220213) addi tp, tp, 2
x4 <- 0x0000000000000002
mem[X,0x000000008000DE18] -> 0x006F
mem[X,0x000000008000DE1A] -> 0x00C0
[1468] [M]: 0x000000008000DE18 (0x00C0006F) jal zero, 12
mem[X,0x000000008000DE24] -> 0x3423
mem[X,0x000000008000DE26] -> 0x2A41
[1469] [M]: 0x000000008000DE24 (0x2A413423) sd tp, 680(sp)
mem[0x0000000080049470] <- 0x0000000000000002
mem[X,0x000000008000DE28] -> 0x0513
mem[X,0x000000008000DE2A] -> 0xFF80
[1470] [M]: 0x000000008000DE28 (0xFF800513) addi a0, zero, 4088
x10 <- 0xFFFFFFFFFFFFFFF8
mem[X,0x000000008000DE2C] -> 0x0593
mem[X,0x000000008000DE2E] -> 0x0010
[1471] [M]: 0x000000008000DE2C (0x00100593) addi a1, zero, 1
x11 <- 0x0000000000000001
mem[X,0x000000008000DE30] -> 0x9593
mem[X,0x000000008000DE32] -> 0x0275
[1472] [M]: 0x000000008000DE30 (0x02759593) slli a1, a1, 39
x11 <- 0x0000008000000000
mem[X,0x000000008000DE34] -> 0xC593
mem[X,0x000000008000DE36] -> 0xFFF5
[1473] [M]: 0x000000008000DE34 (0xFFF5C593) xori a1, a1, 4095
x11 <- 0xFFFFFF7FFFFFFFFF
mem[X,0x000000008000DE38] -> 0x0213
mem[X,0x000000008000DE3A] -> 0x0000
[1474] [M]: 0x000000008000DE38 (0x00000213) addi tp, zero, 0
x4 <- 0x0000000000000000
mem[X,0x000000008000DE3C] -> 0x006F
mem[X,0x000000008000DE3E] -> 0x00C0
[1475] [M]: 0x000000008000DE3C (0x00C0006F) jal zero, 12
mem[X,0x000000008000DE48] -> 0x0CE3
mem[X,0x000000008000DE4A] -> 0xFEB5
[1476] [M]: 0x000000008000DE48 (0xFEB50CE3) beq a0, a1, 8184
mem[X,0x000000008000DE4C] -> 0x0213
mem[X,0x000000008000DE4E] -> 0x0022
[1477] [M]: 0x000000008000DE4C (0x00220213) addi tp, tp, 2
x4 <- 0x0000000000000002
mem[X,0x000000008000DE50] -> 0x006F
mem[X,0x000000008000DE52] -> 0x00C0
[1478] [M]: 0x000000008000DE50 (0x00C0006F) jal zero, 12
mem[X,0x000000008000DE5C] -> 0x3823
mem[X,0x000000008000DE5E] -> 0x2A41
[1479] [M]: 0x000000008000DE5C (0x2A413823) sd tp, 688(sp)
mem[0x0000000080049478] <- 0x0000000000000002
mem[X,0x000000008000DE60] -> 0x0513
mem[X,0x000000008000DE62] -> 0x0010
[1480] [M]: 0x000000008000DE60 (0x00100513) addi a0, zero, 1
x10 <- 0x0000000000000001
mem[X,0x000000008000DE64] -> 0x1513
mem[X,0x000000008000DE66] -> 0x0115
[1481] [M]: 0x000000008000DE64 (0x01151513) slli a0, a0, 17
x10 <- 0x0000000000020000
mem[X,0x000000008000DE68] -> 0x4513
mem[X,0x000000008000DE6A] -> 0xFFF5
[1482] [M]: 0x000000008000DE68 (0xFFF54513) xori a0, a0, 4095
x10 <- 0xFFFFFFFFFFFDFFFF
mem[X,0x000000008000DE6C] -> 0x0593
mem[X,0x000000008000DE6E] -> 0x0010
[1483] [M]: 0x000000008000DE6C (0x00100593) addi a1, zero, 1
x11 <- 0x0000000000000001
mem[X,0x000000008000DE70] -> 0x9593
mem[X,0x000000008000DE72] -> 0x0285
[1484] [M]: 0x000000008000DE70 (0x02859593) slli a1, a1, 40
x11 <- 0x0000010000000000
mem[X,0x000000008000DE74] -> 0xC593
mem[X,0x000000008000DE76] -> 0xFFF5
[1485] [M]: 0x000000008000DE74 (0xFFF5C593) xori a1, a1, 4095
x11 <- 0xFFFFFEFFFFFFFFFF
mem[X,0x000000008000DE78] -> 0x0213
mem[X,0x000000008000DE7A] -> 0x0000
[1486] [M]: 0x000000008000DE78 (0x00000213) addi tp, zero, 0
x4 <- 0x0000000000000000
mem[X,0x000000008000DE7C] -> 0x006F
mem[X,0x000000008000DE7E] -> 0x0050
[1487] [M]: 0x000000008000DE7C (0x0050006F) jal zero, 2052
mem[X,0x000000008000E680] -> 0x00E3
mem[X,0x000000008000E682] -> 0x80B5
[1488] [M]: 0x000000008000E680 (0x80B500E3) beq a0, a1, 6144
mem[X,0x000000008000E684] -> 0x0213
mem[X,0x000000008000E686] -> 0x0022
[1489] [M]: 0x000000008000E684 (0x00220213) addi tp, tp, 2
x4 <- 0x0000000000000002
mem[X,0x000000008000E688] -> 0x006F
mem[X,0x000000008000E68A] -> 0x00C0
[1490] [M]: 0x000000008000E688 (0x00C0006F) jal zero, 12
mem[X,0x000000008000E694] -> 0x3C23
mem[X,0x000000008000E696] -> 0x2A41
[1491] [M]: 0x000000008000E694 (0x2A413C23) sd tp, 696(sp)
mem[0x0000000080049480] <- 0x0000000000000002
mem[X,0x000000008000E698] -> 0x0513
mem[X,0x000000008000E69A] -> 0x0010
[1492] [M]: 0x000000008000E698 (0x00100513) addi a0, zero, 1
x10 <- 0x0000000000000001
mem[X,0x000000008000E69C] -> 0x1513
mem[X,0x000000008000E69E] -> 0x02F5
[1493] [M]: 0x000000008000E69C (0x02F51513) slli a0, a0, 47
x10 <- 0x0000800000000000
mem[X,0x000000008000E6A0] -> 0x4513
mem[X,0x000000008000E6A2] -> 0xFFF5
[1494] [M]: 0x000000008000E6A0 (0xFFF54513) xori a0, a0, 4095
x10 <- 0xFFFF7FFFFFFFFFFF
mem[X,0x000000008000E6A4] -> 0x0593
mem[X,0x000000008000E6A6] -> 0x0010
[1495] [M]: 0x000000008000E6A4 (0x00100593) addi a1, zero, 1
x11 <- 0x0000000000000001
mem[X,0x000000008000E6A8] -> 0x9593
mem[X,0x000000008000E6AA] -> 0x0295
[1496] [M]: 0x000000008000E6A8 (0x02959593) slli a1, a1, 41
x11 <- 0x0000020000000000
mem[X,0x000000008000E6AC] -> 0xC593
mem[X,0x000000008000E6AE] -> 0xFFF5
[1497] [M]: 0x000000008000E6AC (0xFFF5C593) xori a1, a1, 4095
x11 <- 0xFFFFFDFFFFFFFFFF
mem[X,0x000000008000E6B0] -> 0x0213
mem[X,0x000000008000E6B2] -> 0x0000
[1498] [M]: 0x000000008000E6B0 (0x00000213) addi tp, zero, 0
x4 <- 0x0000000000000000
mem[X,0x000000008000E6B4] -> 0x006F
mem[X,0x000000008000E6B6] -> 0x00C0
[1499] [M]: 0x000000008000E6B4 (0x00C0006F) jal zero, 12
clint::tick mtime <- 0x000000000000000F
 clint timer pending at mtime 0x000000000000000F
htif::tick 0x0000000000000000
mem[X,0x000000008000E6C0] -> 0x0063
mem[X,0x000000008000E6C2] -> 0x08B5
[1500] [M]: 0x000000008000E6C0 (0x08B50063) beq a0, a1, 128
mem[X,0x000000008000E6C4] -> 0x0213
mem[X,0x000000008000E6C6] -> 0x0022
[1501] [M]: 0x000000008000E6C4 (0x00220213) addi tp, tp, 2
x4 <- 0x0000000000000002
mem[X,0x000000008000E6C8] -> 0x006F
mem[X,0x000000008000E6CA] -> 0x0800
[1502] [M]: 0x000000008000E6C8 (0x0800006F) jal zero, 128
mem[X,0x000000008000E748] -> 0x3023
mem[X,0x000000008000E74A] -> 0x2C41
[1503] [M]: 0x000000008000E748 (0x2C413023) sd tp, 704(sp)
mem[0x0000000080049488] <- 0x0000000000000002
mem[X,0x000000008000E74C] -> 0x0513
mem[X,0x000000008000E74E] -> 0x0010
[1504] [M]: 0x000000008000E74C (0x00100513) addi a0, zero, 1
x10 <- 0x0000000000000001
mem[X,0x000000008000E750] -> 0x1513
mem[X,0x000000008000E752] -> 0x0105
[1505] [M]: 0x000000008000E750 (0x01051513) slli a0, a0, 16
x10 <- 0x0000000000010000
mem[X,0x000000008000E754] -> 0x0593
mem[X,0x000000008000E756] -> 0x0010
[1506] [M]: 0x000000008000E754 (0x00100593) addi a1, zero, 1
x11 <- 0x0000000000000001
mem[X,0x000000008000E758] -> 0x9593
mem[X,0x000000008000E75A] -> 0x02A5
[1507] [M]: 0x000000008000E758 (0x02A59593) slli a1, a1, 42
x11 <- 0x0000040000000000
mem[X,0x000000008000E75C] -> 0xC593
mem[X,0x000000008000E75E] -> 0xFFF5
[1508] [M]: 0x000000008000E75C (0xFFF5C593) xori a1, a1, 4095
x11 <- 0xFFFFFBFFFFFFFFFF
mem[X,0x000000008000E760] -> 0x0213
mem[X,0x000000008000E762] -> 0x0000
[1509] [M]: 0x000000008000E760 (0x00000213) addi tp, zero, 0
x4 <- 0x0000000000000000
mem[X,0x000000008000E764] -> 0x006F
mem[X,0x000000008000E766] -> 0x00C0
[1510] [M]: 0x000000008000E764 (0x00C0006F) jal zero, 12
mem[X,0x000000008000E770] -> 0x0063
mem[X,0x000000008000E772] -> 0x10B5
[1511] [M]: 0x000000008000E770 (0x10B50063) beq a0, a1, 256
mem[X,0x000000008000E774] -> 0x0213
mem[X,0x000000008000E776] -> 0x0022
[1512] [M]: 0x000000008000E774 (0x00220213) addi tp, tp, 2
x4 <- 0x0000000000000002
mem[X,0x000000008000E778] -> 0x006F
mem[X,0x000000008000E77A] -> 0x1000
[1513] [M]: 0x000000008000E778 (0x1000006F) jal zero, 256
mem[X,0x000000008000E878] -> 0x3423
mem[X,0x000000008000E87A] -> 0x2C41
[1514] [M]: 0x000000008000E878 (0x2C413423) sd tp, 712(sp)
mem[0x0000000080049490] <- 0x0000000000000002
mem[X,0x000000008000E87C] -> 0x0513
mem[X,0x000000008000E87E] -> 0x0000
[1515] [M]: 0x000000008000E87C (0x00000513) addi a0, zero, 0
x10 <- 0x0000000000000000
mem[X,0x000000008000E880] -> 0x0593
mem[X,0x000000008000E882] -> 0x0010
[1516] [M]: 0x000000008000E880 (0x00100593) addi a1, zero, 1
x11 <- 0x0000000000000001
mem[X,0x000000008000E884] -> 0x9593
mem[X,0x000000008000E886] -> 0x02B5
[1517] [M]: 0x000000008000E884 (0x02B59593) slli a1, a1, 43
x11 <- 0x0000080000000000
mem[X,0x000000008000E888] -> 0xC593
mem[X,0x000000008000E88A] -> 0xFFF5
[1518] [M]: 0x000000008000E888 (0xFFF5C593) xori a1, a1, 4095
x11 <- 0xFFFFF7FFFFFFFFFF
mem[X,0x000000008000E88C] -> 0x0213
mem[X,0x000000008000E88E] -> 0x0000
[1519] [M]: 0x000000008000E88C (0x00000213) addi tp, zero, 0
x4 <- 0x0000000000000000
mem[X,0x000000008000E890] -> 0x006F
mem[X,0x000000008000E892] -> 0x0140
[1520] [M]: 0x000000008000E890 (0x0140006F) jal zero, 20
mem[X,0x000000008000E8A4] -> 0x08E3
mem[X,0x000000008000E8A6] -> 0xFEB5
[1521] [M]: 0x000000008000E8A4 (0xFEB508E3) beq a0, a1, 8176
mem[X,0x000000008000E8A8] -> 0x0213
mem[X,0x000000008000E8AA] -> 0x0022
[1522] [M]: 0x000000008000E8A8 (0x00220213) addi tp, tp, 2
x4 <- 0x0000000000000002
mem[X,0x000000008000E8AC] -> 0x006F
mem[X,0x000000008000E8AE] -> 0x00C0
[1523] [M]: 0x000000008000E8AC (0x00C0006F) jal zero, 12
mem[X,0x000000008000E8B8] -> 0x3823
mem[X,0x000000008000E8BA] -> 0x2C41
[1524] [M]: 0x000000008000E8B8 (0x2C413823) sd tp, 720(sp)
mem[0x0000000080049498] <- 0x0000000000000002
mem[X,0x000000008000E8BC] -> 0x0513
mem[X,0x000000008000E8BE] -> 0x0010
[1525] [M]: 0x000000008000E8BC (0x00100513) addi a0, zero, 1
x10 <- 0x0000000000000001
mem[X,0x000000008000E8C0] -> 0x1513
mem[X,0x000000008000E8C2] -> 0x0285
[1526] [M]: 0x000000008000E8C0 (0x02851513) slli a0, a0, 40
x10 <- 0x0000010000000000
mem[X,0x000000008000E8C4] -> 0x4513
mem[X,0x000000008000E8C6] -> 0xFFF5
[1527] [M]: 0x000000008000E8C4 (0xFFF54513) xori a0, a0, 4095
x10 <- 0xFFFFFEFFFFFFFFFF
mem[X,0x000000008000E8C8] -> 0x0593
mem[X,0x000000008000E8CA] -> 0x0010
[1528] [M]: 0x000000008000E8C8 (0x00100593) addi a1, zero, 1
x11 <- 0x0000000000000001
mem[X,0x000000008000E8CC] -> 0x9593
mem[X,0x000000008000E8CE] -> 0x02C5
[1529] [M]: 0x000000008000E8CC (0x02C59593) slli a1, a1, 44
x11 <- 0x0000100000000000
mem[X,0x000000008000E8D0] -> 0xC593
mem[X,0x000000008000E8D2] -> 0xFFF5
[1530] [M]: 0x000000008000E8D0 (0xFFF5C593) xori a1, a1, 4095
x11 <- 0xFFFFEFFFFFFFFFFF
mem[X,0x000000008000E8D4] -> 0x0213
mem[X,0x000000008000E8D6] -> 0x0000
[1531] [M]: 0x000000008000E8D4 (0x00000213) addi tp, zero, 0
x4 <- 0x0000000000000000
mem[X,0x000000008000E8D8] -> 0x006F
mem[X,0x000000008000E8DA] -> 0x00C0
[1532] [M]: 0x000000008000E8D8 (0x00C0006F) jal zero, 12
mem[X,0x000000008000E8E4] -> 0x0863
mem[X,0x000000008000E8E6] -> 0x00B5
[1533] [M]: 0x000000008000E8E4 (0x00B50863) beq a0, a1, 16
mem[X,0x000000008000E8E8] -> 0x0213
mem[X,0x000000008000E8EA] -> 0x0022
[1534] [M]: 0x000000008000E8E8 (0x00220213) addi tp, tp, 2
x4 <- 0x0000000000000002
mem[X,0x000000008000E8EC] -> 0x006F
mem[X,0x000000008000E8EE] -> 0x0100
[1535] [M]: 0x000000008000E8EC (0x0100006F) jal zero, 16
mem[X,0x000000008000E8FC] -> 0x3C23
mem[X,0x000000008000E8FE] -> 0x2C41
[1536] [M]: 0x000000008000E8FC (0x2C413C23) sd tp, 728(sp)
mem[0x00000000800494A0] <- 0x0000000000000002
mem[X,0x000000008000E900] -> 0x0513
mem[X,0x000000008000E902] -> 0x0010
[1537] [M]: 0x000000008000E900 (0x00100513) addi a0, zero, 1
x10 <- 0x0000000000000001
mem[X,0x000000008000E904] -> 0x1513
mem[X,0x000000008000E906] -> 0x01A5
[1538] [M]: 0x000000008000E904 (0x01A51513) slli a0, a0, 26
x10 <- 0x0000000004000000
mem[X,0x000000008000E908] -> 0x4513
mem[X,0x000000008000E90A] -> 0xFFF5
[1539] [M]: 0x000000008000E908 (0xFFF54513) xori a0, a0, 4095
x10 <- 0xFFFFFFFFFBFFFFFF
mem[X,0x000000008000E90C] -> 0x0593
mem[X,0x000000008000E90E] -> 0x0010
[1540] [M]: 0x000000008000E90C (0x00100593) addi a1, zero, 1
x11 <- 0x0000000000000001
mem[X,0x000000008000E910] -> 0x9593
mem[X,0x000000008000E912] -> 0x02D5
[1541] [M]: 0x000000008000E910 (0x02D59593) slli a1, a1, 45
x11 <- 0x0000200000000000
mem[X,0x000000008000E914] -> 0xC593
mem[X,0x000000008000E916] -> 0xFFF5
[1542] [M]: 0x000000008000E914 (0xFFF5C593) xori a1, a1, 4095
x11 <- 0xFFFFDFFFFFFFFFFF
mem[X,0x000000008000E918] -> 0x0213
mem[X,0x000000008000E91A] -> 0x0000
[1543] [M]: 0x000000008000E918 (0x00000213) addi tp, zero, 0
x4 <- 0x0000000000000000
mem[X,0x000000008000E91C] -> 0x006F
mem[X,0x000000008000E91E] -> 0x2B10
[1544] [M]: 0x000000008000E91C (0x2B10006F) jal zero, 2736
mem[X,0x000000008000F3CC] -> 0x0A63
mem[X,0x000000008000F3CE] -> 0xD4B5
[1545] [M]: 0x000000008000F3CC (0xD4B50A63) beq a0, a1, 5460
mem[X,0x000000008000F3D0] -> 0x0213
mem[X,0x000000008000F3D2] -> 0x0022
[1546] [M]: 0x000000008000F3D0 (0x00220213) addi tp, tp, 2
x4 <- 0x0000000000000002
mem[X,0x000000008000F3D4] -> 0x006F
mem[X,0x000000008000F3D6] -> 0x00C0
[1547] [M]: 0x000000008000F3D4 (0x00C0006F) jal zero, 12
mem[X,0x000000008000F3E0] -> 0x3023
mem[X,0x000000008000F3E2] -> 0x2E41
[1548] [M]: 0x000000008000F3E0 (0x2E413023) sd tp, 736(sp)
mem[0x00000000800494A8] <- 0x0000000000000002
mem[X,0x000000008000F3E4] -> 0x0513
mem[X,0x000000008000F3E6] -> 0x0010
[1549] [M]: 0x000000008000F3E4 (0x00100513) addi a0, zero, 1
x10 <- 0x0000000000000001
mem[X,0x000000008000F3E8] -> 0x1513
mem[X,0x000000008000F3EA] -> 0x0135
[1550] [M]: 0x000000008000F3E8 (0x01351513) slli a0, a0, 19
x10 <- 0x0000000000080000
mem[X,0x000000008000F3EC] -> 0x0593
mem[X,0x000000008000F3EE] -> 0x0010
[1551] [M]: 0x000000008000F3EC (0x00100593) addi a1, zero, 1
x11 <- 0x0000000000000001
mem[X,0x000000008000F3F0] -> 0x9593
mem[X,0x000000008000F3F2] -> 0x0305
[1552] [M]: 0x000000008000F3F0 (0x03059593) slli a1, a1, 48
x11 <- 0x0001000000000000
mem[X,0x000000008000F3F4] -> 0xC593
mem[X,0x000000008000F3F6] -> 0xFFF5
[1553] [M]: 0x000000008000F3F4 (0xFFF5C593) xori a1, a1, 4095
x11 <- 0xFFFEFFFFFFFFFFFF
mem[X,0x000000008000F3F8] -> 0x0213
mem[X,0x000000008000F3FA] -> 0x0000
[1554] [M]: 0x000000008000F3F8 (0x00000213) addi tp, zero, 0
x4 <- 0x0000000000000000
mem[X,0x000000008000F3FC] -> 0x006F
mem[X,0x000000008000F3FE] -> 0x00C0
[1555] [M]: 0x000000008000F3FC (0x00C0006F) jal zero, 12
mem[X,0x000000008000F408] -> 0x0CE3
mem[X,0x000000008000F40A] -> 0xFEB5
[1556] [M]: 0x000000008000F408 (0xFEB50CE3) beq a0, a1, 8184
mem[X,0x000000008000F40C] -> 0x0213
mem[X,0x000000008000F40E] -> 0x0022
[1557] [M]: 0x000000008000F40C (0x00220213) addi tp, tp, 2
x4 <- 0x0000000000000002
mem[X,0x000000008000F410] -> 0x006F
mem[X,0x000000008000F412] -> 0x00C0
[1558] [M]: 0x000000008000F410 (0x00C0006F) jal zero, 12
mem[X,0x000000008000F41C] -> 0x3423
mem[X,0x000000008000F41E] -> 0x2E41
[1559] [M]: 0x000000008000F41C (0x2E413423) sd tp, 744(sp)
mem[0x00000000800494B0] <- 0x0000000000000002
mem[X,0x000000008000F420] -> 0x5537
mem[X,0x000000008000F422] -> 0x5555
[1560] [M]: 0x000000008000F420 (0x55555537) lui a0, 349525
x10 <- 0x0000000055555000
mem[X,0x000000008000F424] -> 0x0513
mem[X,0x000000008000F426] -> 0x5555
[1561] [M]: 0x000000008000F424 (0x55550513) addi a0, a0, 1365
x10 <- 0x0000000055555555
mem[X,0x000000008000F428] -> 0x1513
mem[X,0x000000008000F42A] -> 0x00B5
[1562] [M]: 0x000000008000F428 (0x00B51513) slli a0, a0, 11
x10 <- 0x000002AAAAAAA800
mem[X,0x000000008000F42C] -> 0x0513
mem[X,0x000000008000F42E] -> 0x2AA5
[1563] [M]: 0x000000008000F42C (0x2AA50513) addi a0, a0, 682
x10 <- 0x000002AAAAAAAAAA
mem[X,0x000000008000F430] -> 0x1513
mem[X,0x000000008000F432] -> 0x00B5
[1564] [M]: 0x000000008000F430 (0x00B51513) slli a0, a0, 11
x10 <- 0x0015555555555000
mem[X,0x000000008000F434] -> 0x0513
mem[X,0x000000008000F436] -> 0x5555
[1565] [M]: 0x000000008000F434 (0x55550513) addi a0, a0, 1365
x10 <- 0x0015555555555555
mem[X,0x000000008000F438] -> 0x1513
mem[X,0x000000008000F43A] -> 0x00A5
[1566] [M]: 0x000000008000F438 (0x00A51513) slli a0, a0, 10
x10 <- 0x5555555555555400
mem[X,0x000000008000F43C] -> 0x0513
mem[X,0x000000008000F43E] -> 0x1565
[1567] [M]: 0x000000008000F43C (0x15650513) addi a0, a0, 342
x10 <- 0x5555555555555556
mem[X,0x000000008000F440] -> 0x0593
mem[X,0x000000008000F442] -> 0x0010
[1568] [M]: 0x000000008000F440 (0x00100593) addi a1, zero, 1
x11 <- 0x0000000000000001
mem[X,0x000000008000F444] -> 0x9593
mem[X,0x000000008000F446] -> 0x0315
[1569] [M]: 0x000000008000F444 (0x03159593) slli a1, a1, 49
x11 <- 0x0002000000000000
mem[X,0x000000008000F448] -> 0xC593
mem[X,0x000000008000F44A] -> 0xFFF5
[1570] [M]: 0x000000008000F448 (0xFFF5C593) xori a1, a1, 4095
x11 <- 0xFFFDFFFFFFFFFFFF
mem[X,0x000000008000F44C] -> 0x0213
mem[X,0x000000008000F44E] -> 0x0000
[1571] [M]: 0x000000008000F44C (0x00000213) addi tp, zero, 0
x4 <- 0x0000000000000000
mem[X,0x000000008000F450] -> 0x006F
mem[X,0x000000008000F452] -> 0x00C0
[1572] [M]: 0x000000008000F450 (0x00C0006F) jal zero, 12
mem[X,0x000000008000F45C] -> 0x0663
mem[X,0x000000008000F45E] -> 0x00B5
[1573] [M]: 0x000000008000F45C (0x00B50663) beq a0, a1, 12
mem[X,0x000000008000F460] -> 0x0213
mem[X,0x000000008000F462] -> 0x0022
[1574] [M]: 0x000000008000F460 (0x00220213) addi tp, tp, 2
x4 <- 0x0000000000000002
mem[X,0x000000008000F464] -> 0x006F
mem[X,0x000000008000F466] -> 0x00C0
[1575] [M]: 0x000000008000F464 (0x00C0006F) jal zero, 12
mem[X,0x000000008000F470] -> 0x3823
mem[X,0x000000008000F472] -> 0x2E41
[1576] [M]: 0x000000008000F470 (0x2E413823) sd tp, 752(sp)
mem[0x00000000800494B8] <- 0x0000000000000002
mem[X,0x000000008000F474] -> 0x0513
mem[X,0x000000008000F476] -> 0x0090
[1577] [M]: 0x000000008000F474 (0x00900513) addi a0, zero, 9
x10 <- 0x0000000000000009
mem[X,0x000000008000F478] -> 0x0593
mem[X,0x000000008000F47A] -> 0x0010
[1578] [M]: 0x000000008000F478 (0x00100593) addi a1, zero, 1
x11 <- 0x0000000000000001
mem[X,0x000000008000F47C] -> 0x9593
mem[X,0x000000008000F47E] -> 0x0325
[1579] [M]: 0x000000008000F47C (0x03259593) slli a1, a1, 50
x11 <- 0x0004000000000000
mem[X,0x000000008000F480] -> 0xC593
mem[X,0x000000008000F482] -> 0xFFF5
[1580] [M]: 0x000000008000F480 (0xFFF5C593) xori a1, a1, 4095
x11 <- 0xFFFBFFFFFFFFFFFF
mem[X,0x000000008000F484] -> 0x0213
mem[X,0x000000008000F486] -> 0x0000
[1581] [M]: 0x000000008000F484 (0x00000213) addi tp, zero, 0
x4 <- 0x0000000000000000
mem[X,0x000000008000F488] -> 0x006F
mem[X,0x000000008000F48A] -> 0x00C0
[1582] [M]: 0x000000008000F488 (0x00C0006F) jal zero, 12
mem[X,0x000000008000F494] -> 0x0663
mem[X,0x000000008000F496] -> 0x00B5
[1583] [M]: 0x000000008000F494 (0x00B50663) beq a0, a1, 12
mem[X,0x000000008000F498] -> 0x0213
mem[X,0x000000008000F49A] -> 0x0022
[1584] [M]: 0x000000008000F498 (0x00220213) addi tp, tp, 2
x4 <- 0x0000000000000002
mem[X,0x000000008000F49C] -> 0x006F
mem[X,0x000000008000F49E] -> 0x00C0
[1585] [M]: 0x000000008000F49C (0x00C0006F) jal zero, 12
mem[X,0x000000008000F4A8] -> 0x3C23
mem[X,0x000000008000F4AA] -> 0x2E41
[1586] [M]: 0x000000008000F4A8 (0x2E413C23) sd tp, 760(sp)
mem[0x00000000800494C0] <- 0x0000000000000002
mem[X,0x000000008000F4AC] -> 0x0513
mem[X,0x000000008000F4AE] -> 0x0010
[1587] [M]: 0x000000008000F4AC (0x00100513) addi a0, zero, 1
x10 <- 0x0000000000000001
mem[X,0x000000008000F4B0] -> 0x1513
mem[X,0x000000008000F4B2] -> 0x03E5
[1588] [M]: 0x000000008000F4B0 (0x03E51513) slli a0, a0, 62
x10 <- 0x4000000000000000
mem[X,0x000000008000F4B4] -> 0x4513
mem[X,0x000000008000F4B6] -> 0xFFF5
[1589] [M]: 0x000000008000F4B4 (0xFFF54513) xori a0, a0, 4095
x10 <- 0xBFFFFFFFFFFFFFFF
mem[X,0x000000008000F4B8] -> 0x0593
mem[X,0x000000008000F4BA] -> 0x0010
[1590] [M]: 0x000000008000F4B8 (0x00100593) addi a1, zero, 1
x11 <- 0x0000000000000001
mem[X,0x000000008000F4BC] -> 0x9593
mem[X,0x000000008000F4BE] -> 0x0335
[1591] [M]: 0x000000008000F4BC (0x03359593) slli a1, a1, 51
x11 <- 0x0008000000000000
mem[X,0x000000008000F4C0] -> 0xC593
mem[X,0x000000008000F4C2] -> 0xFFF5
[1592] [M]: 0x000000008000F4C0 (0xFFF5C593) xori a1, a1, 4095
x11 <- 0xFFF7FFFFFFFFFFFF
mem[X,0x000000008000F4C4] -> 0x0213
mem[X,0x000000008000F4C6] -> 0x0000
[1593] [M]: 0x000000008000F4C4 (0x00000213) addi tp, zero, 0
x4 <- 0x0000000000000000
mem[X,0x000000008000F4C8] -> 0x006F
mem[X,0x000000008000F4CA] -> 0x0100
[1594] [M]: 0x000000008000F4C8 (0x0100006F) jal zero, 16
mem[X,0x000000008000F4D8] -> 0x0AE3
mem[X,0x000000008000F4DA] -> 0xFEB5
[1595] [M]: 0x000000008000F4D8 (0xFEB50AE3) beq a0, a1, 8180
mem[X,0x000000008000F4DC] -> 0x0213
mem[X,0x000000008000F4DE] -> 0x0022
[1596] [M]: 0x000000008000F4DC (0x00220213) addi tp, tp, 2
x4 <- 0x0000000000000002
mem[X,0x000000008000F4E0] -> 0x006F
mem[X,0x000000008000F4E2] -> 0x00C0
[1597] [M]: 0x000000008000F4E0 (0x00C0006F) jal zero, 12
mem[X,0x000000008000F4EC] -> 0x3023
mem[X,0x000000008000F4EE] -> 0x3041
[1598] [M]: 0x000000008000F4EC (0x30413023) sd tp, 768(sp)
mem[0x00000000800494C8] <- 0x0000000000000002
mem[X,0x000000008000F4F0] -> 0x0513
mem[X,0x000000008000F4F2] -> 0xFF70
[1599] [M]: 0x000000008000F4F0 (0xFF700513) addi a0, zero, 4087
x10 <- 0xFFFFFFFFFFFFFFF7
clint::tick mtime <- 0x0000000000000010
 clint timer pending at mtime 0x0000000000000010
htif::tick 0x0000000000000000
mem[X,0x000000008000F4F4] -> 0x0593
mem[X,0x000000008000F4F6] -> 0x0010
[1600] [M]: 0x000000008000F4F4 (0x00100593) addi a1, zero, 1
x11 <- 0x0000000000000001
mem[X,0x000000008000F4F8] -> 0x9593
mem[X,0x000000008000F4FA] -> 0x0345
[1601] [M]: 0x000000008000F4F8 (0x03459593) slli a1, a1, 52
x11 <- 0x0010000000000000
mem[X,0x000000008000F4FC] -> 0xC593
mem[X,0x000000008000F4FE] -> 0xFFF5
[1602] [M]: 0x000000008000F4FC (0xFFF5C593) xori a1, a1, 4095
x11 <- 0xFFEFFFFFFFFFFFFF
mem[X,0x000000008000F500] -> 0x0213
mem[X,0x000000008000F502] -> 0x0000
[1603] [M]: 0x000000008000F500 (0x00000213) addi tp, zero, 0
x4 <- 0x0000000000000000
mem[X,0x000000008000F504] -> 0x006F
mem[X,0x000000008000F506] -> 0x00C0
[1604] [M]: 0x000000008000F504 (0x00C0006F) jal zero, 12
mem[X,0x000000008000F510] -> 0x0CE3
mem[X,0x000000008000F512] -> 0xFEB5
[1605] [M]: 0x000000008000F510 (0xFEB50CE3) beq a0, a1, 8184
mem[X,0x000000008000F514] -> 0x0213
mem[X,0x000000008000F516] -> 0x0022
[1606] [M]: 0x000000008000F514 (0x00220213) addi tp, tp, 2
x4 <- 0x0000000000000002
mem[X,0x000000008000F518] -> 0x006F
mem[X,0x000000008000F51A] -> 0x00C0
[1607] [M]: 0x000000008000F518 (0x00C0006F) jal zero, 12
mem[X,0x000000008000F524] -> 0x3423
mem[X,0x000000008000F526] -> 0x3041
[1608] [M]: 0x000000008000F524 (0x30413423) sd tp, 776(sp)
mem[0x00000000800494D0] <- 0x0000000000000002
mem[X,0x000000008000F528] -> 0x0513
mem[X,0x000000008000F52A] -> 0xFF60
[1609] [M]: 0x000000008000F528 (0xFF600513) addi a0, zero, 4086
x10 <- 0xFFFFFFFFFFFFFFF6
mem[X,0x000000008000F52C] -> 0x0593
mem[X,0x000000008000F52E] -> 0x0010
[1610] [M]: 0x000000008000F52C (0x00100593) addi a1, zero, 1
x11 <- 0x0000000000000001
mem[X,0x000000008000F530] -> 0x9593
mem[X,0x000000008000F532] -> 0x0355
[1611] [M]: 0x000000008000F530 (0x03559593) slli a1, a1, 53
x11 <- 0x0020000000000000
mem[X,0x000000008000F534] -> 0xC593
mem[X,0x000000008000F536] -> 0xFFF5
[1612] [M]: 0x000000008000F534 (0xFFF5C593) xori a1, a1, 4095
x11 <- 0xFFDFFFFFFFFFFFFF
mem[X,0x000000008000F538] -> 0x0213
mem[X,0x000000008000F53A] -> 0x0000
[1613] [M]: 0x000000008000F538 (0x00000213) addi tp, zero, 0
x4 <- 0x0000000000000000
mem[X,0x000000008000F53C] -> 0x006F
mem[X,0x000000008000F53E] -> 0x2B10
[1614] [M]: 0x000000008000F53C (0x2B10006F) jal zero, 2736
mem[X,0x000000008000FFEC] -> 0x0A63
mem[X,0x000000008000FFEE] -> 0xD4B5
[1615] [M]: 0x000000008000FFEC (0xD4B50A63) beq a0, a1, 5460
mem[X,0x000000008000FFF0] -> 0x0213
mem[X,0x000000008000FFF2] -> 0x0022
[1616] [M]: 0x000000008000FFF0 (0x00220213) addi tp, tp, 2
x4 <- 0x0000000000000002
mem[X,0x000000008000FFF4] -> 0x006F
mem[X,0x000000008000FFF6] -> 0x00C0
[1617] [M]: 0x000000008000FFF4 (0x00C0006F) jal zero, 12
mem[X,0x0000000080010000] -> 0x3823
mem[X,0x0000000080010002] -> 0x3041
[1618] [M]: 0x0000000080010000 (0x30413823) sd tp, 784(sp)
mem[0x00000000800494D8] <- 0x0000000000000002
mem[X,0x0000000080010004] -> 0x0513
mem[X,0x0000000080010006] -> 0x0010
[1619] [M]: 0x0000000080010004 (0x00100513) addi a0, zero, 1
x10 <- 0x0000000000000001
mem[X,0x0000000080010008] -> 0x1513
mem[X,0x000000008001000A] -> 0x02F5
[1620] [M]: 0x0000000080010008 (0x02F51513) slli a0, a0, 47
x10 <- 0x0000800000000000
mem[X,0x000000008001000C] -> 0x0593
mem[X,0x000000008001000E] -> 0x0010
[1621] [M]: 0x000000008001000C (0x00100593) addi a1, zero, 1
x11 <- 0x0000000000000001
mem[X,0x0000000080010010] -> 0x9593
mem[X,0x0000000080010012] -> 0x0365
[1622] [M]: 0x0000000080010010 (0x03659593) slli a1, a1, 54
x11 <- 0x0040000000000000
mem[X,0x0000000080010014] -> 0xC593
mem[X,0x0000000080010016] -> 0xFFF5
[1623] [M]: 0x0000000080010014 (0xFFF5C593) xori a1, a1, 4095
x11 <- 0xFFBFFFFFFFFFFFFF
mem[X,0x0000000080010018] -> 0x0213
mem[X,0x000000008001001A] -> 0x0000
[1624] [M]: 0x0000000080010018 (0x00000213) addi tp, zero, 0
x4 <- 0x0000000000000000
mem[X,0x000000008001001C] -> 0x006F
mem[X,0x000000008001001E] -> 0x00C0
[1625] [M]: 0x000000008001001C (0x00C0006F) jal zero, 12
mem[X,0x0000000080010028] -> 0x0663
mem[X,0x000000008001002A] -> 0x00B5
[1626] [M]: 0x0000000080010028 (0x00B50663) beq a0, a1, 12
mem[X,0x000000008001002C] -> 0x0213
mem[X,0x000000008001002E] -> 0x0022
[1627] [M]: 0x000000008001002C (0x00220213) addi tp, tp, 2
x4 <- 0x0000000000000002
mem[X,0x0000000080010030] -> 0x006F
mem[X,0x0000000080010032] -> 0x00C0
[1628] [M]: 0x0000000080010030 (0x00C0006F) jal zero, 12
mem[X,0x000000008001003C] -> 0x3C23
mem[X,0x000000008001003E] -> 0x3041
[1629] [M]: 0x000000008001003C (0x30413C23) sd tp, 792(sp)
mem[0x00000000800494E0] <- 0x0000000000000002
mem[X,0x0000000080010040] -> 0x0513
mem[X,0x0000000080010042] -> 0x0010
[1630] [M]: 0x0000000080010040 (0x00100513) addi a0, zero, 1
x10 <- 0x0000000000000001
mem[X,0x0000000080010044] -> 0x1513
mem[X,0x0000000080010046] -> 0x0105
[1631] [M]: 0x0000000080010044 (0x01051513) slli a0, a0, 16
x10 <- 0x0000000000010000
mem[X,0x0000000080010048] -> 0x0593
mem[X,0x000000008001004A] -> 0x0010
[1632] [M]: 0x0000000080010048 (0x00100593) addi a1, zero, 1
x11 <- 0x0000000000000001
mem[X,0x000000008001004C] -> 0x9593
mem[X,0x000000008001004E] -> 0x0375
[1633] [M]: 0x000000008001004C (0x03759593) slli a1, a1, 55
x11 <- 0x0080000000000000
mem[X,0x0000000080010050] -> 0xC593
mem[X,0x0000000080010052] -> 0xFFF5
[1634] [M]: 0x0000000080010050 (0xFFF5C593) xori a1, a1, 4095
x11 <- 0xFF7FFFFFFFFFFFFF
mem[X,0x0000000080010054] -> 0x0213
mem[X,0x0000000080010056] -> 0x0000
[1635] [M]: 0x0000000080010054 (0x00000213) addi tp, zero, 0
x4 <- 0x0000000000000000
mem[X,0x0000000080010058] -> 0x006F
mem[X,0x000000008001005A] -> 0x00C0
[1636] [M]: 0x0000000080010058 (0x00C0006F) jal zero, 12
mem[X,0x0000000080010064] -> 0x0CE3
mem[X,0x0000000080010066] -> 0xFEB5
[1637] [M]: 0x0000000080010064 (0xFEB50CE3) beq a0, a1, 8184
mem[X,0x0000000080010068] -> 0x0213
mem[X,0x000000008001006A] -> 0x0022
[1638] [M]: 0x0000000080010068 (0x00220213) addi tp, tp, 2
x4 <- 0x0000000000000002
mem[X,0x000000008001006C] -> 0x006F
mem[X,0x000000008001006E] -> 0x00C0
[1639] [M]: 0x000000008001006C (0x00C0006F) jal zero, 12
mem[X,0x0000000080010078] -> 0x3023
mem[X,0x000000008001007A] -> 0x3241
[1640] [M]: 0x0000000080010078 (0x32413023) sd tp, 800(sp)
mem[0x00000000800494E8] <- 0x0000000000000002
mem[X,0x000000008001007C] -> 0x0513
mem[X,0x000000008001007E] -> 0xFFB0
[1641] [M]: 0x000000008001007C (0xFFB00513) addi a0, zero, 4091
x10 <- 0xFFFFFFFFFFFFFFFB
mem[X,0x0000000080010080] -> 0x0593
mem[X,0x0000000080010082] -> 0x0010
[1642] [M]: 0x0000000080010080 (0x00100593) addi a1, zero, 1
x11 <- 0x0000000000000001
mem[X,0x0000000080010084] -> 0x9593
mem[X,0x0000000080010086] -> 0x0385
[1643] [M]: 0x0000000080010084 (0x03859593) slli a1, a1, 56
x11 <- 0x0100000000000000
mem[X,0x0000000080010088] -> 0xC593
mem[X,0x000000008001008A] -> 0xFFF5
[1644] [M]: 0x0000000080010088 (0xFFF5C593) xori a1, a1, 4095
x11 <- 0xFEFFFFFFFFFFFFFF
mem[X,0x000000008001008C] -> 0x0213
mem[X,0x000000008001008E] -> 0x0000
[1645] [M]: 0x000000008001008C (0x00000213) addi tp, zero, 0
x4 <- 0x0000000000000000
mem[X,0x0000000080010090] -> 0x006F
mem[X,0x0000000080010092] -> 0x00C0
[1646] [M]: 0x0000000080010090 (0x00C0006F) jal zero, 12
mem[X,0x000000008001009C] -> 0x0663
mem[X,0x000000008001009E] -> 0x00B5
[1647] [M]: 0x000000008001009C (0x00B50663) beq a0, a1, 12
mem[X,0x00000000800100A0] -> 0x0213
mem[X,0x00000000800100A2] -> 0x0022
[1648] [M]: 0x00000000800100A0 (0x00220213) addi tp, tp, 2
x4 <- 0x0000000000000002
mem[X,0x00000000800100A4] -> 0x006F
mem[X,0x00000000800100A6] -> 0x00C0
[1649] [M]: 0x00000000800100A4 (0x00C0006F) jal zero, 12
mem[X,0x00000000800100B0] -> 0x3423
mem[X,0x00000000800100B2] -> 0x3241
[1650] [M]: 0x00000000800100B0 (0x32413423) sd tp, 808(sp)
mem[0x00000000800494F0] <- 0x0000000000000002
mem[X,0x00000000800100B4] -> 0x0513
mem[X,0x00000000800100B6] -> 0xFFF0
[1651] [M]: 0x00000000800100B4 (0xFFF00513) addi a0, zero, 4095
x10 <- 0xFFFFFFFFFFFFFFFF
mem[X,0x00000000800100B8] -> 0x1513
mem[X,0x00000000800100BA] -> 0x03F5
[1652] [M]: 0x00000000800100B8 (0x03F51513) slli a0, a0, 63
x10 <- 0x8000000000000000
mem[X,0x00000000800100BC] -> 0x0593
mem[X,0x00000000800100BE] -> 0x0010
[1653] [M]: 0x00000000800100BC (0x00100593) addi a1, zero, 1
x11 <- 0x0000000000000001
mem[X,0x00000000800100C0] -> 0x9593
mem[X,0x00000000800100C2] -> 0x0395
[1654] [M]: 0x00000000800100C0 (0x03959593) slli a1, a1, 57
x11 <- 0x0200000000000000
mem[X,0x00000000800100C4] -> 0xC593
mem[X,0x00000000800100C6] -> 0xFFF5
[1655] [M]: 0x00000000800100C4 (0xFFF5C593) xori a1, a1, 4095
x11 <- 0xFDFFFFFFFFFFFFFF
mem[X,0x00000000800100C8] -> 0x0213
mem[X,0x00000000800100CA] -> 0x0000
[1656] [M]: 0x00000000800100C8 (0x00000213) addi tp, zero, 0
x4 <- 0x0000000000000000
mem[X,0x00000000800100CC] -> 0x006F
mem[X,0x00000000800100CE] -> 0x00C0
[1657] [M]: 0x00000000800100CC (0x00C0006F) jal zero, 12
mem[X,0x00000000800100D8] -> 0x0CE3
mem[X,0x00000000800100DA] -> 0xFEB5
[1658] [M]: 0x00000000800100D8 (0xFEB50CE3) beq a0, a1, 8184
mem[X,0x00000000800100DC] -> 0x0213
mem[X,0x00000000800100DE] -> 0x0022
[1659] [M]: 0x00000000800100DC (0x00220213) addi tp, tp, 2
x4 <- 0x0000000000000002
mem[X,0x00000000800100E0] -> 0x006F
mem[X,0x00000000800100E2] -> 0x00C0
[1660] [M]: 0x00000000800100E0 (0x00C0006F) jal zero, 12
mem[X,0x00000000800100EC] -> 0x3823
mem[X,0x00000000800100EE] -> 0x3241
[1661] [M]: 0x00000000800100EC (0x32413823) sd tp, 816(sp)
mem[0x00000000800494F8] <- 0x0000000000000002
mem[X,0x00000000800100F0] -> 0x0513
mem[X,0x00000000800100F2] -> 0xF7F0
[1662] [M]: 0x00000000800100F0 (0xF7F00513) addi a0, zero, 3967
x10 <- 0xFFFFFFFFFFFFFF7F
mem[X,0x00000000800100F4] -> 0x0593
mem[X,0x00000000800100F6] -> 0x0010
[1663] [M]: 0x00000000800100F4 (0x00100593) addi a1, zero, 1
x11 <- 0x0000000000000001
mem[X,0x00000000800100F8] -> 0x9593
mem[X,0x00000000800100FA] -> 0x03A5
[1664] [M]: 0x00000000800100F8 (0x03A59593) slli a1, a1, 58
x11 <- 0x0400000000000000
mem[X,0x00000000800100FC] -> 0xC593
mem[X,0x00000000800100FE] -> 0xFFF5
[1665] [M]: 0x00000000800100FC (0xFFF5C593) xori a1, a1, 4095
x11 <- 0xFBFFFFFFFFFFFFFF
mem[X,0x0000000080010100] -> 0x0213
mem[X,0x0000000080010102] -> 0x0000
[1666] [M]: 0x0000000080010100 (0x00000213) addi tp, zero, 0
x4 <- 0x0000000000000000
mem[X,0x0000000080010104] -> 0x006F
mem[X,0x0000000080010106] -> 0x2B10
[1667] [M]: 0x0000000080010104 (0x2B10006F) jal zero, 2736
mem[X,0x0000000080010BB4] -> 0x0A63
mem[X,0x0000000080010BB6] -> 0xD4B5
[1668] [M]: 0x0000000080010BB4 (0xD4B50A63) beq a0, a1, 5460
mem[X,0x0000000080010BB8] -> 0x0213
mem[X,0x0000000080010BBA] -> 0x0022
[1669] [M]: 0x0000000080010BB8 (0x00220213) addi tp, tp, 2
x4 <- 0x0000000000000002
mem[X,0x0000000080010BBC] -> 0x006F
mem[X,0x0000000080010BBE] -> 0x00C0
[1670] [M]: 0x0000000080010BBC (0x00C0006F) jal zero, 12
mem[X,0x0000000080010BC8] -> 0x3C23
mem[X,0x0000000080010BCA] -> 0x3241
[1671] [M]: 0x0000000080010BC8 (0x32413C23) sd tp, 824(sp)
mem[0x0000000080049500] <- 0x0000000000000002
mem[X,0x0000000080010BCC] -> 0x0513
mem[X,0x0000000080010BCE] -> 0x0010
[1672] [M]: 0x0000000080010BCC (0x00100513) addi a0, zero, 1
x10 <- 0x0000000000000001
mem[X,0x0000000080010BD0] -> 0x1513
mem[X,0x0000000080010BD2] -> 0x03E5
[1673] [M]: 0x0000000080010BD0 (0x03E51513) slli a0, a0, 62
x10 <- 0x4000000000000000
mem[X,0x0000000080010BD4] -> 0x0593
mem[X,0x0000000080010BD6] -> 0x0010
[1674] [M]: 0x0000000080010BD4 (0x00100593) addi a1, zero, 1
x11 <- 0x0000000000000001
mem[X,0x0000000080010BD8] -> 0x9593
mem[X,0x0000000080010BDA] -> 0x03B5
[1675] [M]: 0x0000000080010BD8 (0x03B59593) slli a1, a1, 59
x11 <- 0x0800000000000000
mem[X,0x0000000080010BDC] -> 0xC593
mem[X,0x0000000080010BDE] -> 0xFFF5
[1676] [M]: 0x0000000080010BDC (0xFFF5C593) xori a1, a1, 4095
x11 <- 0xF7FFFFFFFFFFFFFF
mem[X,0x0000000080010BE0] -> 0x0213
mem[X,0x0000000080010BE2] -> 0x0000
[1677] [M]: 0x0000000080010BE0 (0x00000213) addi tp, zero, 0
x4 <- 0x0000000000000000
mem[X,0x0000000080010BE4] -> 0x006F
mem[X,0x0000000080010BE6] -> 0x2B10
[1678] [M]: 0x0000000080010BE4 (0x2B10006F) jal zero, 2736
mem[X,0x0000000080011694] -> 0x0A63
mem[X,0x0000000080011696] -> 0xD4B5
[1679] [M]: 0x0000000080011694 (0xD4B50A63) beq a0, a1, 5460
mem[X,0x0000000080011698] -> 0x0213
mem[X,0x000000008001169A] -> 0x0022
[1680] [M]: 0x0000000080011698 (0x00220213) addi tp, tp, 2
x4 <- 0x0000000000000002
mem[X,0x000000008001169C] -> 0x006F
mem[X,0x000000008001169E] -> 0x00C0
[1681] [M]: 0x000000008001169C (0x00C0006F) jal zero, 12
mem[X,0x00000000800116A8] -> 0x3023
mem[X,0x00000000800116AA] -> 0x3441
[1682] [M]: 0x00000000800116A8 (0x34413023) sd tp, 832(sp)
mem[0x0000000080049508] <- 0x0000000000000002
mem[X,0x00000000800116AC] -> 0x0513
mem[X,0x00000000800116AE] -> 0x0010
[1683] [M]: 0x00000000800116AC (0x00100513) addi a0, zero, 1
x10 <- 0x0000000000000001
mem[X,0x00000000800116B0] -> 0x1513
mem[X,0x00000000800116B2] -> 0x02C5
[1684] [M]: 0x00000000800116B0 (0x02C51513) slli a0, a0, 44
x10 <- 0x0000100000000000
mem[X,0x00000000800116B4] -> 0x4513
mem[X,0x00000000800116B6] -> 0xFFF5
[1685] [M]: 0x00000000800116B4 (0xFFF54513) xori a0, a0, 4095
x10 <- 0xFFFFEFFFFFFFFFFF
mem[X,0x00000000800116B8] -> 0x0593
mem[X,0x00000000800116BA] -> 0x0010
[1686] [M]: 0x00000000800116B8 (0x00100593) addi a1, zero, 1
x11 <- 0x0000000000000001
mem[X,0x00000000800116BC] -> 0x9593
mem[X,0x00000000800116BE] -> 0x03C5
[1687] [M]: 0x00000000800116BC (0x03C59593) slli a1, a1, 60
x11 <- 0x1000000000000000
mem[X,0x00000000800116C0] -> 0xC593
mem[X,0x00000000800116C2] -> 0xFFF5
[1688] [M]: 0x00000000800116C0 (0xFFF5C593) xori a1, a1, 4095
x11 <- 0xEFFFFFFFFFFFFFFF
mem[X,0x00000000800116C4] -> 0x0213
mem[X,0x00000000800116C6] -> 0x0000
[1689] [M]: 0x00000000800116C4 (0x00000213) addi tp, zero, 0
x4 <- 0x0000000000000000
mem[X,0x00000000800116C8] -> 0x006F
mem[X,0x00000000800116CA] -> 0x00C0
[1690] [M]: 0x00000000800116C8 (0x00C0006F) jal zero, 12
mem[X,0x00000000800116D4] -> 0x0063
mem[X,0x00000000800116D6] -> 0x08B5
[1691] [M]: 0x00000000800116D4 (0x08B50063) beq a0, a1, 128
mem[X,0x00000000800116D8] -> 0x0213
mem[X,0x00000000800116DA] -> 0x0022
[1692] [M]: 0x00000000800116D8 (0x00220213) addi tp, tp, 2
x4 <- 0x0000000000000002
mem[X,0x00000000800116DC] -> 0x006F
mem[X,0x00000000800116DE] -> 0x0800
[1693] [M]: 0x00000000800116DC (0x0800006F) jal zero, 128
mem[X,0x000000008001175C] -> 0x3423
mem[X,0x000000008001175E] -> 0x3441
[1694] [M]: 0x000000008001175C (0x34413423) sd tp, 840(sp)
mem[0x0000000080049510] <- 0x0000000000000002
mem[X,0x0000000080011760] -> 0x0513
mem[X,0x0000000080011762] -> 0x0010
[1695] [M]: 0x0000000080011760 (0x00100513) addi a0, zero, 1
x10 <- 0x0000000000000001
mem[X,0x0000000080011764] -> 0x1513
mem[X,0x0000000080011766] -> 0x00D5
[1696] [M]: 0x0000000080011764 (0x00D51513) slli a0, a0, 13
x10 <- 0x0000000000002000
mem[X,0x0000000080011768] -> 0x0593
mem[X,0x000000008001176A] -> 0x0010
[1697] [M]: 0x0000000080011768 (0x00100593) addi a1, zero, 1
x11 <- 0x0000000000000001
mem[X,0x000000008001176C] -> 0x9593
mem[X,0x000000008001176E] -> 0x03E5
[1698] [M]: 0x000000008001176C (0x03E59593) slli a1, a1, 62
x11 <- 0x4000000000000000
mem[X,0x0000000080011770] -> 0xC593
mem[X,0x0000000080011772] -> 0xFFF5
[1699] [M]: 0x0000000080011770 (0xFFF5C593) xori a1, a1, 4095
x11 <- 0xBFFFFFFFFFFFFFFF
clint::tick mtime <- 0x0000000000000011
 clint timer pending at mtime 0x0000000000000011
htif::tick 0x0000000000000000
mem[X,0x0000000080011774] -> 0x0213
mem[X,0x0000000080011776] -> 0x0000
[1700] [M]: 0x0000000080011774 (0x00000213) addi tp, zero, 0
x4 <- 0x0000000000000000
mem[X,0x0000000080011778] -> 0x006F
mem[X,0x000000008001177A] -> 0x00C0
[1701] [M]: 0x0000000080011778 (0x00C0006F) jal zero, 12
mem[X,0x0000000080011784] -> 0x0063
mem[X,0x0000000080011786] -> 0x10B5
[1702] [M]: 0x0000000080011784 (0x10B50063) beq a0, a1, 256
mem[X,0x0000000080011788] -> 0x0213
mem[X,0x000000008001178A] -> 0x0022
[1703] [M]: 0x0000000080011788 (0x00220213) addi tp, tp, 2
x4 <- 0x0000000000000002
mem[X,0x000000008001178C] -> 0x006F
mem[X,0x000000008001178E] -> 0x1000
[1704] [M]: 0x000000008001178C (0x1000006F) jal zero, 256
mem[X,0x000000008001188C] -> 0x3823
mem[X,0x000000008001188E] -> 0x3441
[1705] [M]: 0x000000008001188C (0x34413823) sd tp, 848(sp)
mem[0x0000000080049518] <- 0x0000000000000002
mem[X,0x0000000080011890] -> 0x0513
mem[X,0x0000000080011892] -> 0x0010
[1706] [M]: 0x0000000080011890 (0x00100513) addi a0, zero, 1
x10 <- 0x0000000000000001
mem[X,0x0000000080011894] -> 0x1513
mem[X,0x0000000080011896] -> 0x03E5
[1707] [M]: 0x0000000080011894 (0x03E51513) slli a0, a0, 62
x10 <- 0x4000000000000000
mem[X,0x0000000080011898] -> 0x4513
mem[X,0x000000008001189A] -> 0xFFF5
[1708] [M]: 0x0000000080011898 (0xFFF54513) xori a0, a0, 4095
x10 <- 0xBFFFFFFFFFFFFFFF
mem[X,0x000000008001189C] -> 0x0593
mem[X,0x000000008001189E] -> 0xFFF0
[1709] [M]: 0x000000008001189C (0xFFF00593) addi a1, zero, 4095
x11 <- 0xFFFFFFFFFFFFFFFF
mem[X,0x00000000800118A0] -> 0xD593
mem[X,0x00000000800118A2] -> 0x0015
[1710] [M]: 0x00000000800118A0 (0x0015D593) srli a1, a1, 1
x11 <- 0x7FFFFFFFFFFFFFFF
mem[X,0x00000000800118A4] -> 0x0213
mem[X,0x00000000800118A6] -> 0x0000
[1711] [M]: 0x00000000800118A4 (0x00000213) addi tp, zero, 0
x4 <- 0x0000000000000000
mem[X,0x00000000800118A8] -> 0x006F
mem[X,0x00000000800118AA] -> 0x0180
[1712] [M]: 0x00000000800118A8 (0x0180006F) jal zero, 24
mem[X,0x00000000800118C0] -> 0x06E3
mem[X,0x00000000800118C2] -> 0xFEB5
[1713] [M]: 0x00000000800118C0 (0xFEB506E3) beq a0, a1, 8172
mem[X,0x00000000800118C4] -> 0x0213
mem[X,0x00000000800118C6] -> 0x0022
[1714] [M]: 0x00000000800118C4 (0x00220213) addi tp, tp, 2
x4 <- 0x0000000000000002
mem[X,0x00000000800118C8] -> 0x006F
mem[X,0x00000000800118CA] -> 0x00C0
[1715] [M]: 0x00000000800118C8 (0x00C0006F) jal zero, 12
mem[X,0x00000000800118D4] -> 0x3C23
mem[X,0x00000000800118D6] -> 0x3441
[1716] [M]: 0x00000000800118D4 (0x34413C23) sd tp, 856(sp)
mem[0x0000000080049520] <- 0x0000000000000002
mem[X,0x00000000800118D8] -> 0x0513
mem[X,0x00000000800118DA] -> 0x0010
[1717] [M]: 0x00000000800118D8 (0x00100513) addi a0, zero, 1
x10 <- 0x0000000000000001
mem[X,0x00000000800118DC] -> 0x1513
mem[X,0x00000000800118DE] -> 0x0255
[1718] [M]: 0x00000000800118DC (0x02551513) slli a0, a0, 37
x10 <- 0x0000002000000000
mem[X,0x00000000800118E0] -> 0x4513
mem[X,0x00000000800118E2] -> 0xFFF5
[1719] [M]: 0x00000000800118E0 (0xFFF54513) xori a0, a0, 4095
x10 <- 0xFFFFFFDFFFFFFFFF
mem[X,0x00000000800118E4] -> 0x55B7
mem[X,0x00000000800118E6] -> 0x5555
[1720] [M]: 0x00000000800118E4 (0x555555B7) lui a1, 349525
x11 <- 0x0000000055555000
mem[X,0x00000000800118E8] -> 0x8593
mem[X,0x00000000800118EA] -> 0x5555
[1721] [M]: 0x00000000800118E8 (0x55558593) addi a1, a1, 1365
x11 <- 0x0000000055555555
mem[X,0x00000000800118EC] -> 0x9593
mem[X,0x00000000800118EE] -> 0x00B5
[1722] [M]: 0x00000000800118EC (0x00B59593) slli a1, a1, 11
x11 <- 0x000002AAAAAAA800
mem[X,0x00000000800118F0] -> 0x8593
mem[X,0x00000000800118F2] -> 0x2AA5
[1723] [M]: 0x00000000800118F0 (0x2AA58593) addi a1, a1, 682
x11 <- 0x000002AAAAAAAAAA
mem[X,0x00000000800118F4] -> 0x9593
mem[X,0x00000000800118F6] -> 0x00B5
[1724] [M]: 0x00000000800118F4 (0x00B59593) slli a1, a1, 11
x11 <- 0x0015555555555000
mem[X,0x00000000800118F8] -> 0x8593
mem[X,0x00000000800118FA] -> 0x5555
[1725] [M]: 0x00000000800118F8 (0x55558593) addi a1, a1, 1365
x11 <- 0x0015555555555555
mem[X,0x00000000800118FC] -> 0x9593
mem[X,0x00000000800118FE] -> 0x00A5
[1726] [M]: 0x00000000800118FC (0x00A59593) slli a1, a1, 10
x11 <- 0x5555555555555400
mem[X,0x0000000080011900] -> 0x8593
mem[X,0x0000000080011902] -> 0x1555
[1727] [M]: 0x0000000080011900 (0x15558593) addi a1, a1, 341
x11 <- 0x5555555555555555
mem[X,0x0000000080011904] -> 0x0213
mem[X,0x0000000080011906] -> 0x0000
[1728] [M]: 0x0000000080011904 (0x00000213) addi tp, zero, 0
x4 <- 0x0000000000000000
mem[X,0x0000000080011908] -> 0x006F
mem[X,0x000000008001190A] -> 0x00C0
[1729] [M]: 0x0000000080011908 (0x00C0006F) jal zero, 12
mem[X,0x0000000080011914] -> 0x0663
mem[X,0x0000000080011916] -> 0x00B5
[1730] [M]: 0x0000000080011914 (0x00B50663) beq a0, a1, 12
mem[X,0x0000000080011918] -> 0x0213
mem[X,0x000000008001191A] -> 0x0022
[1731] [M]: 0x0000000080011918 (0x00220213) addi tp, tp, 2
x4 <- 0x0000000000000002
mem[X,0x000000008001191C] -> 0x006F
mem[X,0x000000008001191E] -> 0x00C0
[1732] [M]: 0x000000008001191C (0x00C0006F) jal zero, 12
mem[X,0x0000000080011928] -> 0x3023
mem[X,0x000000008001192A] -> 0x3641
[1733] [M]: 0x0000000080011928 (0x36413023) sd tp, 864(sp)
mem[0x0000000080049528] <- 0x0000000000000002
mem[X,0x000000008001192C] -> 0x5537
mem[X,0x000000008001192E] -> 0x5555
[1734] [M]: 0x000000008001192C (0x55555537) lui a0, 349525
x10 <- 0x0000000055555000
mem[X,0x0000000080011930] -> 0x0513
mem[X,0x0000000080011932] -> 0x5555
[1735] [M]: 0x0000000080011930 (0x55550513) addi a0, a0, 1365
x10 <- 0x0000000055555555
mem[X,0x0000000080011934] -> 0x1513
mem[X,0x0000000080011936] -> 0x00B5
[1736] [M]: 0x0000000080011934 (0x00B51513) slli a0, a0, 11
x10 <- 0x000002AAAAAAA800
mem[X,0x0000000080011938] -> 0x0513
mem[X,0x000000008001193A] -> 0x2AA5
[1737] [M]: 0x0000000080011938 (0x2AA50513) addi a0, a0, 682
x10 <- 0x000002AAAAAAAAAA
mem[X,0x000000008001193C] -> 0x1513
mem[X,0x000000008001193E] -> 0x00B5
[1738] [M]: 0x000000008001193C (0x00B51513) slli a0, a0, 11
x10 <- 0x0015555555555000
mem[X,0x0000000080011940] -> 0x0513
mem[X,0x0000000080011942] -> 0x5555
[1739] [M]: 0x0000000080011940 (0x55550513) addi a0, a0, 1365
x10 <- 0x0015555555555555
mem[X,0x0000000080011944] -> 0x1513
mem[X,0x0000000080011946] -> 0x00A5
[1740] [M]: 0x0000000080011944 (0x00A51513) slli a0, a0, 10
x10 <- 0x5555555555555400
mem[X,0x0000000080011948] -> 0x0513
mem[X,0x000000008001194A] -> 0x1555
[1741] [M]: 0x0000000080011948 (0x15550513) addi a0, a0, 341
x10 <- 0x5555555555555555
mem[X,0x000000008001194C] -> 0xB5B7
mem[X,0x000000008001194E] -> 0xAAAA
[1742] [M]: 0x000000008001194C (0xAAAAB5B7) lui a1, 699051
x11 <- 0xFFFFFFFFAAAAB000
mem[X,0x0000000080011950] -> 0x8593
mem[X,0x0000000080011952] -> 0xAAA5
[1743] [M]: 0x0000000080011950 (0xAAA58593) addi a1, a1, 2730
x11 <- 0xFFFFFFFFAAAAAAAA
mem[X,0x0000000080011954] -> 0x9593
mem[X,0x0000000080011956] -> 0x00B5
[1744] [M]: 0x0000000080011954 (0x00B59593) slli a1, a1, 11
x11 <- 0xFFFFFD5555555000
mem[X,0x0000000080011958] -> 0x8593
mem[X,0x000000008001195A] -> 0x5555
[1745] [M]: 0x0000000080011958 (0x55558593) addi a1, a1, 1365
x11 <- 0xFFFFFD5555555555
mem[X,0x000000008001195C] -> 0x9593
mem[X,0x000000008001195E] -> 0x00B5
[1746] [M]: 0x000000008001195C (0x00B59593) slli a1, a1, 11
x11 <- 0xFFEAAAAAAAAAA800
mem[X,0x0000000080011960] -> 0x8593
mem[X,0x0000000080011962] -> 0x2AA5
[1747] [M]: 0x0000000080011960 (0x2AA58593) addi a1, a1, 682
x11 <- 0xFFEAAAAAAAAAAAAA
mem[X,0x0000000080011964] -> 0x9593
mem[X,0x0000000080011966] -> 0x00A5
[1748] [M]: 0x0000000080011964 (0x00A59593) slli a1, a1, 10
x11 <- 0xAAAAAAAAAAAAA800
mem[X,0x0000000080011968] -> 0x8593
mem[X,0x000000008001196A] -> 0x2AA5
[1749] [M]: 0x0000000080011968 (0x2AA58593) addi a1, a1, 682
x11 <- 0xAAAAAAAAAAAAAAAA
mem[X,0x000000008001196C] -> 0x0213
mem[X,0x000000008001196E] -> 0x0000
[1750] [M]: 0x000000008001196C (0x00000213) addi tp, zero, 0
x4 <- 0x0000000000000000
mem[X,0x0000000080011970] -> 0x006F
mem[X,0x0000000080011972] -> 0x00C0
[1751] [M]: 0x0000000080011970 (0x00C0006F) jal zero, 12
mem[X,0x000000008001197C] -> 0x0663
mem[X,0x000000008001197E] -> 0x00B5
[1752] [M]: 0x000000008001197C (0x00B50663) beq a0, a1, 12
mem[X,0x0000000080011980] -> 0x0213
mem[X,0x0000000080011982] -> 0x0022
[1753] [M]: 0x0000000080011980 (0x00220213) addi tp, tp, 2
x4 <- 0x0000000000000002
mem[X,0x0000000080011984] -> 0x006F
mem[X,0x0000000080011986] -> 0x00C0
[1754] [M]: 0x0000000080011984 (0x00C0006F) jal zero, 12
mem[X,0x0000000080011990] -> 0x3423
mem[X,0x0000000080011992] -> 0x3641
[1755] [M]: 0x0000000080011990 (0x36413423) sd tp, 872(sp)
mem[0x0000000080049530] <- 0x0000000000000002
mem[X,0x0000000080011994] -> 0x0513
mem[X,0x0000000080011996] -> 0x0020
[1756] [M]: 0x0000000080011994 (0x00200513) addi a0, zero, 2
x10 <- 0x0000000000000002
mem[X,0x0000000080011998] -> 0x0593
mem[X,0x000000008001199A] -> 0x0060
[1757] [M]: 0x0000000080011998 (0x00600593) addi a1, zero, 6
x11 <- 0x0000000000000006
mem[X,0x000000008001199C] -> 0x0213
mem[X,0x000000008001199E] -> 0x0000
[1758] [M]: 0x000000008001199C (0x00000213) addi tp, zero, 0
x4 <- 0x0000000000000000
mem[X,0x00000000800119A0] -> 0x006F
mem[X,0x00000000800119A2] -> 0x00C0
[1759] [M]: 0x00000000800119A0 (0x00C0006F) jal zero, 12
mem[X,0x00000000800119AC] -> 0x0063
mem[X,0x00000000800119AE] -> 0x40B5
[1760] [M]: 0x00000000800119AC (0x40B50063) beq a0, a1, 1024
mem[X,0x00000000800119B0] -> 0x0213
mem[X,0x00000000800119B2] -> 0x0022
[1761] [M]: 0x00000000800119B0 (0x00220213) addi tp, tp, 2
x4 <- 0x0000000000000002
mem[X,0x00000000800119B4] -> 0x006F
mem[X,0x00000000800119B6] -> 0x4000
[1762] [M]: 0x00000000800119B4 (0x4000006F) jal zero, 1024
mem[X,0x0000000080011DB4] -> 0x3823
mem[X,0x0000000080011DB6] -> 0x3641
[1763] [M]: 0x0000000080011DB4 (0x36413823) sd tp, 880(sp)
mem[0x0000000080049538] <- 0x0000000000000002
mem[X,0x0000000080011DB8] -> 0x0513
mem[X,0x0000000080011DBA] -> 0x0080
[1764] [M]: 0x0000000080011DB8 (0x00800513) addi a0, zero, 8
x10 <- 0x0000000000000008
mem[X,0x0000000080011DBC] -> 0x0593
mem[X,0x0000000080011DBE] -> 0x0010
[1765] [M]: 0x0000000080011DBC (0x00100593) addi a1, zero, 1
x11 <- 0x0000000000000001
mem[X,0x0000000080011DC0] -> 0x9593
mem[X,0x0000000080011DC2] -> 0x0175
[1766] [M]: 0x0000000080011DC0 (0x01759593) slli a1, a1, 23
x11 <- 0x0000000000800000
mem[X,0x0000000080011DC4] -> 0xC593
mem[X,0x0000000080011DC6] -> 0xFFF5
[1767] [M]: 0x0000000080011DC4 (0xFFF5C593) xori a1, a1, 4095
x11 <- 0xFFFFFFFFFF7FFFFF
mem[X,0x0000000080011DC8] -> 0x0213
mem[X,0x0000000080011DCA] -> 0x0000
[1768] [M]: 0x0000000080011DC8 (0x00000213) addi tp, zero, 0
x4 <- 0x0000000000000000
mem[X,0x0000000080011DCC] -> 0x006F
mem[X,0x0000000080011DCE] -> 0x0100
[1769] [M]: 0x0000000080011DCC (0x0100006F) jal zero, 16
mem[X,0x0000000080011DDC] -> 0x0AE3
mem[X,0x0000000080011DDE] -> 0xFEB5
[1770] [M]: 0x0000000080011DDC (0xFEB50AE3) beq a0, a1, 8180
mem[X,0x0000000080011DE0] -> 0x0213
mem[X,0x0000000080011DE2] -> 0x0022
[1771] [M]: 0x0000000080011DE0 (0x00220213) addi tp, tp, 2
x4 <- 0x0000000000000002
mem[X,0x0000000080011DE4] -> 0x006F
mem[X,0x0000000080011DE6] -> 0x00C0
[1772] [M]: 0x0000000080011DE4 (0x00C0006F) jal zero, 12
mem[X,0x0000000080011DF0] -> 0x3C23
mem[X,0x0000000080011DF2] -> 0x3641
[1773] [M]: 0x0000000080011DF0 (0x36413C23) sd tp, 888(sp)
mem[0x0000000080049540] <- 0x0000000000000002
mem[X,0x0000000080011DF4] -> 0x0513
mem[X,0x0000000080011DF6] -> 0x0200
[1774] [M]: 0x0000000080011DF4 (0x02000513) addi a0, zero, 32
x10 <- 0x0000000000000020
mem[X,0x0000000080011DF8] -> 0x0593
mem[X,0x0000000080011DFA] -> 0x0010
[1775] [M]: 0x0000000080011DF8 (0x00100593) addi a1, zero, 1
x11 <- 0x0000000000000001
mem[X,0x0000000080011DFC] -> 0x9593
mem[X,0x0000000080011DFE] -> 0x0145
[1776] [M]: 0x0000000080011DFC (0x01459593) slli a1, a1, 20
x11 <- 0x0000000000100000
mem[X,0x0000000080011E00] -> 0xC593
mem[X,0x0000000080011E02] -> 0xFFF5
[1777] [M]: 0x0000000080011E00 (0xFFF5C593) xori a1, a1, 4095
x11 <- 0xFFFFFFFFFFEFFFFF
mem[X,0x0000000080011E04] -> 0x0213
mem[X,0x0000000080011E06] -> 0x0000
[1778] [M]: 0x0000000080011E04 (0x00000213) addi tp, zero, 0
x4 <- 0x0000000000000000
mem[X,0x0000000080011E08] -> 0x006F
mem[X,0x0000000080011E0A] -> 0x00C0
[1779] [M]: 0x0000000080011E08 (0x00C0006F) jal zero, 12
mem[X,0x0000000080011E14] -> 0x0063
mem[X,0x0000000080011E16] -> 0x08B5
[1780] [M]: 0x0000000080011E14 (0x08B50063) beq a0, a1, 128
mem[X,0x0000000080011E18] -> 0x0213
mem[X,0x0000000080011E1A] -> 0x0022
[1781] [M]: 0x0000000080011E18 (0x00220213) addi tp, tp, 2
x4 <- 0x0000000000000002
mem[X,0x0000000080011E1C] -> 0x006F
mem[X,0x0000000080011E1E] -> 0x0800
[1782] [M]: 0x0000000080011E1C (0x0800006F) jal zero, 128
mem[X,0x0000000080011E9C] -> 0x3023
mem[X,0x0000000080011E9E] -> 0x3841
[1783] [M]: 0x0000000080011E9C (0x38413023) sd tp, 896(sp)
mem[0x0000000080049548] <- 0x0000000000000002
mem[X,0x0000000080011EA0] -> 0x0513
mem[X,0x0000000080011EA2] -> 0x0400
[1784] [M]: 0x0000000080011EA0 (0x04000513) addi a0, zero, 64
x10 <- 0x0000000000000040
mem[X,0x0000000080011EA4] -> 0x35B7
mem[X,0x0000000080011EA6] -> 0x3333
[1785] [M]: 0x0000000080011EA4 (0x333335B7) lui a1, 209715
x11 <- 0x0000000033333000
mem[X,0x0000000080011EA8] -> 0x8593
mem[X,0x0000000080011EAA] -> 0x3335
[1786] [M]: 0x0000000080011EA8 (0x33358593) addi a1, a1, 819
x11 <- 0x0000000033333333
mem[X,0x0000000080011EAC] -> 0x9593
mem[X,0x0000000080011EAE] -> 0x00B5
[1787] [M]: 0x0000000080011EAC (0x00B59593) slli a1, a1, 11
x11 <- 0x0000019999999800
mem[X,0x0000000080011EB0] -> 0x8593
mem[X,0x0000000080011EB2] -> 0x1995
[1788] [M]: 0x0000000080011EB0 (0x19958593) addi a1, a1, 409
x11 <- 0x0000019999999999
mem[X,0x0000000080011EB4] -> 0x9593
mem[X,0x0000000080011EB6] -> 0x00B5
[1789] [M]: 0x0000000080011EB4 (0x00B59593) slli a1, a1, 11
x11 <- 0x000CCCCCCCCCC800
mem[X,0x0000000080011EB8] -> 0x8593
mem[X,0x0000000080011EBA] -> 0x4CC5
[1790] [M]: 0x0000000080011EB8 (0x4CC58593) addi a1, a1, 1228
x11 <- 0x000CCCCCCCCCCCCC
mem[X,0x0000000080011EBC] -> 0x9593
mem[X,0x0000000080011EBE] -> 0x00A5
[1791] [M]: 0x0000000080011EBC (0x00A59593) slli a1, a1, 10
x11 <- 0x3333333333333000
mem[X,0x0000000080011EC0] -> 0x8593
mem[X,0x0000000080011EC2] -> 0x3335
[1792] [M]: 0x0000000080011EC0 (0x33358593) addi a1, a1, 819
x11 <- 0x3333333333333333
mem[X,0x0000000080011EC4] -> 0x0213
mem[X,0x0000000080011EC6] -> 0x0000
[1793] [M]: 0x0000000080011EC4 (0x00000213) addi tp, zero, 0
x4 <- 0x0000000000000000
mem[X,0x0000000080011EC8] -> 0x006F
mem[X,0x0000000080011ECA] -> 0x00C0
[1794] [M]: 0x0000000080011EC8 (0x00C0006F) jal zero, 12
mem[X,0x0000000080011ED4] -> 0x0663
mem[X,0x0000000080011ED6] -> 0x00B5
[1795] [M]: 0x0000000080011ED4 (0x00B50663) beq a0, a1, 12
mem[X,0x0000000080011ED8] -> 0x0213
mem[X,0x0000000080011EDA] -> 0x0022
[1796] [M]: 0x0000000080011ED8 (0x00220213) addi tp, tp, 2
x4 <- 0x0000000000000002
mem[X,0x0000000080011EDC] -> 0x006F
mem[X,0x0000000080011EDE] -> 0x00C0
[1797] [M]: 0x0000000080011EDC (0x00C0006F) jal zero, 12
mem[X,0x0000000080011EE8] -> 0x3423
mem[X,0x0000000080011EEA] -> 0x3841
[1798] [M]: 0x0000000080011EE8 (0x38413423) sd tp, 904(sp)
mem[0x0000000080049550] <- 0x0000000000000002
mem[X,0x0000000080011EEC] -> 0x0513
mem[X,0x0000000080011EEE] -> 0x0800
[1799] [M]: 0x0000000080011EEC (0x08000513) addi a0, zero, 128
x10 <- 0x0000000000000080
clint::tick mtime <- 0x0000000000000012
 clint timer pending at mtime 0x0000000000000012
htif::tick 0x0000000000000000
mem[X,0x0000000080011EF0] -> 0x0593
mem[X,0x0000000080011EF2] -> 0xF7F0
[1800] [M]: 0x0000000080011EF0 (0xF7F00593) addi a1, zero, 3967
x11 <- 0xFFFFFFFFFFFFFF7F
mem[X,0x0000000080011EF4] -> 0x0213
mem[X,0x0000000080011EF6] -> 0x0000
[1801] [M]: 0x0000000080011EF4 (0x00000213) addi tp, zero, 0
x4 <- 0x0000000000000000
mem[X,0x0000000080011EF8] -> 0x006F
mem[X,0x0000000080011EFA] -> 0x00C0
[1802] [M]: 0x0000000080011EF8 (0x00C0006F) jal zero, 12
mem[X,0x0000000080011F04] -> 0x0863
mem[X,0x0000000080011F06] -> 0x00B5
[1803] [M]: 0x0000000080011F04 (0x00B50863) beq a0, a1, 16
mem[X,0x0000000080011F08] -> 0x0213
mem[X,0x0000000080011F0A] -> 0x0022
[1804] [M]: 0x0000000080011F08 (0x00220213) addi tp, tp, 2
x4 <- 0x0000000000000002
mem[X,0x0000000080011F0C] -> 0x006F
mem[X,0x0000000080011F0E] -> 0x0100
[1805] [M]: 0x0000000080011F0C (0x0100006F) jal zero, 16
mem[X,0x0000000080011F1C] -> 0x3823
mem[X,0x0000000080011F1E] -> 0x3841
[1806] [M]: 0x0000000080011F1C (0x38413823) sd tp, 912(sp)
mem[0x0000000080049558] <- 0x0000000000000002
mem[X,0x0000000080011F20] -> 0x0513
mem[X,0x0000000080011F22] -> 0x4000
[1807] [M]: 0x0000000080011F20 (0x40000513) addi a0, zero, 1024
x10 <- 0x0000000000000400
mem[X,0x0000000080011F24] -> 0x0593
mem[X,0x0000000080011F26] -> 0x0010
[1808] [M]: 0x0000000080011F24 (0x00100593) addi a1, zero, 1
x11 <- 0x0000000000000001
mem[X,0x0000000080011F28] -> 0x9593
mem[X,0x0000000080011F2A] -> 0x0275
[1809] [M]: 0x0000000080011F28 (0x02759593) slli a1, a1, 39
x11 <- 0x0000008000000000
mem[X,0x0000000080011F2C] -> 0xC593
mem[X,0x0000000080011F2E] -> 0xFFF5
[1810] [M]: 0x0000000080011F2C (0xFFF5C593) xori a1, a1, 4095
x11 <- 0xFFFFFF7FFFFFFFFF
mem[X,0x0000000080011F30] -> 0x0213
mem[X,0x0000000080011F32] -> 0x0000
[1811] [M]: 0x0000000080011F30 (0x00000213) addi tp, zero, 0
x4 <- 0x0000000000000000
mem[X,0x0000000080011F34] -> 0x006F
mem[X,0x0000000080011F36] -> 0x00C0
[1812] [M]: 0x0000000080011F34 (0x00C0006F) jal zero, 12
mem[X,0x0000000080011F40] -> 0x0CE3
mem[X,0x0000000080011F42] -> 0xFEB5
[1813] [M]: 0x0000000080011F40 (0xFEB50CE3) beq a0, a1, 8184
mem[X,0x0000000080011F44] -> 0x0213
mem[X,0x0000000080011F46] -> 0x0022
[1814] [M]: 0x0000000080011F44 (0x00220213) addi tp, tp, 2
x4 <- 0x0000000000000002
mem[X,0x0000000080011F48] -> 0x006F
mem[X,0x0000000080011F4A] -> 0x00C0
[1815] [M]: 0x0000000080011F48 (0x00C0006F) jal zero, 12
mem[X,0x0000000080011F54] -> 0x3C23
mem[X,0x0000000080011F56] -> 0x3841
[1816] [M]: 0x0000000080011F54 (0x38413C23) sd tp, 920(sp)
mem[0x0000000080049560] <- 0x0000000000000002
mem[X,0x0000000080011F58] -> 0x0513
mem[X,0x0000000080011F5A] -> 0x0010
[1817] [M]: 0x0000000080011F58 (0x00100513) addi a0, zero, 1
x10 <- 0x0000000000000001
mem[X,0x0000000080011F5C] -> 0x1513
mem[X,0x0000000080011F5E] -> 0x00C5
[1818] [M]: 0x0000000080011F5C (0x00C51513) slli a0, a0, 12
x10 <- 0x0000000000001000
mem[X,0x0000000080011F60] -> 0x0593
mem[X,0x0000000080011F62] -> 0xFEF0
[1819] [M]: 0x0000000080011F60 (0xFEF00593) addi a1, zero, 4079
x11 <- 0xFFFFFFFFFFFFFFEF
mem[X,0x0000000080011F64] -> 0x0213
mem[X,0x0000000080011F66] -> 0x0000
[1820] [M]: 0x0000000080011F64 (0x00000213) addi tp, zero, 0
x4 <- 0x0000000000000000
mem[X,0x0000000080011F68] -> 0x006F
mem[X,0x0000000080011F6A] -> 0x00C0
[1821] [M]: 0x0000000080011F68 (0x00C0006F) jal zero, 12
mem[X,0x0000000080011F74] -> 0x0663
mem[X,0x0000000080011F76] -> 0x00B5
[1822] [M]: 0x0000000080011F74 (0x00B50663) beq a0, a1, 12
mem[X,0x0000000080011F78] -> 0x0213
mem[X,0x0000000080011F7A] -> 0x0022
[1823] [M]: 0x0000000080011F78 (0x00220213) addi tp, tp, 2
x4 <- 0x0000000000000002
mem[X,0x0000000080011F7C] -> 0x006F
mem[X,0x0000000080011F7E] -> 0x00C0
[1824] [M]: 0x0000000080011F7C (0x00C0006F) jal zero, 12
mem[X,0x0000000080011F88] -> 0x3023
mem[X,0x0000000080011F8A] -> 0x3A41
[1825] [M]: 0x0000000080011F88 (0x3A413023) sd tp, 928(sp)
mem[0x0000000080049568] <- 0x0000000000000002
mem[X,0x0000000080011F8C] -> 0x0513
mem[X,0x0000000080011F8E] -> 0x0010
[1826] [M]: 0x0000000080011F8C (0x00100513) addi a0, zero, 1
x10 <- 0x0000000000000001
mem[X,0x0000000080011F90] -> 0x1513
mem[X,0x0000000080011F92] -> 0x00E5
[1827] [M]: 0x0000000080011F90 (0x00E51513) slli a0, a0, 14
x10 <- 0x0000000000004000
mem[X,0x0000000080011F94] -> 0x0593
mem[X,0x0000000080011F96] -> 0x0010
[1828] [M]: 0x0000000080011F94 (0x00100593) addi a1, zero, 1
x11 <- 0x0000000000000001
mem[X,0x0000000080011F98] -> 0x9593
mem[X,0x0000000080011F9A] -> 0x03E5
[1829] [M]: 0x0000000080011F98 (0x03E59593) slli a1, a1, 62
x11 <- 0x4000000000000000
mem[X,0x0000000080011F9C] -> 0x0213
mem[X,0x0000000080011F9E] -> 0x0000
[1830] [M]: 0x0000000080011F9C (0x00000213) addi tp, zero, 0
x4 <- 0x0000000000000000
mem[X,0x0000000080011FA0] -> 0x006F
mem[X,0x0000000080011FA2] -> 0x00C0
[1831] [M]: 0x0000000080011FA0 (0x00C0006F) jal zero, 12
mem[X,0x0000000080011FAC] -> 0x0663
mem[X,0x0000000080011FAE] -> 0x00B5
[1832] [M]: 0x0000000080011FAC (0x00B50663) beq a0, a1, 12
mem[X,0x0000000080011FB0] -> 0x0213
mem[X,0x0000000080011FB2] -> 0x0022
[1833] [M]: 0x0000000080011FB0 (0x00220213) addi tp, tp, 2
x4 <- 0x0000000000000002
mem[X,0x0000000080011FB4] -> 0x006F
mem[X,0x0000000080011FB6] -> 0x00C0
[1834] [M]: 0x0000000080011FB4 (0x00C0006F) jal zero, 12
mem[X,0x0000000080011FC0] -> 0x3423
mem[X,0x0000000080011FC2] -> 0x3A41
[1835] [M]: 0x0000000080011FC0 (0x3A413423) sd tp, 936(sp)
mem[0x0000000080049570] <- 0x0000000000000002
mem[X,0x0000000080011FC4] -> 0x0513
mem[X,0x0000000080011FC6] -> 0x0010
[1836] [M]: 0x0000000080011FC4 (0x00100513) addi a0, zero, 1
x10 <- 0x0000000000000001
mem[X,0x0000000080011FC8] -> 0x1513
mem[X,0x0000000080011FCA] -> 0x0115
[1837] [M]: 0x0000000080011FC8 (0x01151513) slli a0, a0, 17
x10 <- 0x0000000000020000
mem[X,0x0000000080011FCC] -> 0x0593
mem[X,0x0000000080011FCE] -> 0x0010
[1838] [M]: 0x0000000080011FCC (0x00100593) addi a1, zero, 1
x11 <- 0x0000000000000001
mem[X,0x0000000080011FD0] -> 0x9593
mem[X,0x0000000080011FD2] -> 0x0225
[1839] [M]: 0x0000000080011FD0 (0x02259593) slli a1, a1, 34
x11 <- 0x0000000400000000
mem[X,0x0000000080011FD4] -> 0xC593
mem[X,0x0000000080011FD6] -> 0xFFF5
[1840] [M]: 0x0000000080011FD4 (0xFFF5C593) xori a1, a1, 4095
x11 <- 0xFFFFFFFBFFFFFFFF
mem[X,0x0000000080011FD8] -> 0x0213
mem[X,0x0000000080011FDA] -> 0x0000
[1841] [M]: 0x0000000080011FD8 (0x00000213) addi tp, zero, 0
x4 <- 0x0000000000000000
mem[X,0x0000000080011FDC] -> 0x006F
mem[X,0x0000000080011FDE] -> 0x00C0
[1842] [M]: 0x0000000080011FDC (0x00C0006F) jal zero, 12
mem[X,0x0000000080011FE8] -> 0x0663
mem[X,0x0000000080011FEA] -> 0x00B5
[1843] [M]: 0x0000000080011FE8 (0x00B50663) beq a0, a1, 12
mem[X,0x0000000080011FEC] -> 0x0213
mem[X,0x0000000080011FEE] -> 0x0022
[1844] [M]: 0x0000000080011FEC (0x00220213) addi tp, tp, 2
x4 <- 0x0000000000000002
mem[X,0x0000000080011FF0] -> 0x006F
mem[X,0x0000000080011FF2] -> 0x00C0
[1845] [M]: 0x0000000080011FF0 (0x00C0006F) jal zero, 12
mem[X,0x0000000080011FFC] -> 0x3823
mem[X,0x0000000080011FFE] -> 0x3A41
[1846] [M]: 0x0000000080011FFC (0x3A413823) sd tp, 944(sp)
mem[0x0000000080049578] <- 0x0000000000000002
mem[X,0x0000000080012000] -> 0x0513
mem[X,0x0000000080012002] -> 0x0010
[1847] [M]: 0x0000000080012000 (0x00100513) addi a0, zero, 1
x10 <- 0x0000000000000001
mem[X,0x0000000080012004] -> 0x1513
mem[X,0x0000000080012006] -> 0x0125
[1848] [M]: 0x0000000080012004 (0x01251513) slli a0, a0, 18
x10 <- 0x0000000000040000
mem[X,0x0000000080012008] -> 0x0593
mem[X,0x000000008001200A] -> 0x0010
[1849] [M]: 0x0000000080012008 (0x00100593) addi a1, zero, 1
x11 <- 0x0000000000000001
mem[X,0x000000008001200C] -> 0x9593
mem[X,0x000000008001200E] -> 0x0355
[1850] [M]: 0x000000008001200C (0x03559593) slli a1, a1, 53
x11 <- 0x0020000000000000
mem[X,0x0000000080012010] -> 0x0213
mem[X,0x0000000080012012] -> 0x0000
[1851] [M]: 0x0000000080012010 (0x00000213) addi tp, zero, 0
x4 <- 0x0000000000000000
mem[X,0x0000000080012014] -> 0x006F
mem[X,0x0000000080012016] -> 0x00C0
[1852] [M]: 0x0000000080012014 (0x00C0006F) jal zero, 12
mem[X,0x0000000080012020] -> 0x0663
mem[X,0x0000000080012022] -> 0x00B5
[1853] [M]: 0x0000000080012020 (0x00B50663) beq a0, a1, 12
mem[X,0x0000000080012024] -> 0x0213
mem[X,0x0000000080012026] -> 0x0022
[1854] [M]: 0x0000000080012024 (0x00220213) addi tp, tp, 2
x4 <- 0x0000000000000002
mem[X,0x0000000080012028] -> 0x006F
mem[X,0x000000008001202A] -> 0x00C0
[1855] [M]: 0x0000000080012028 (0x00C0006F) jal zero, 12
mem[X,0x0000000080012034] -> 0x3C23
mem[X,0x0000000080012036] -> 0x3A41
[1856] [M]: 0x0000000080012034 (0x3A413C23) sd tp, 952(sp)
mem[0x0000000080049580] <- 0x0000000000000002
mem[X,0x0000000080012038] -> 0x0513
mem[X,0x000000008001203A] -> 0x0010
[1857] [M]: 0x0000000080012038 (0x00100513) addi a0, zero, 1
x10 <- 0x0000000000000001
mem[X,0x000000008001203C] -> 0x1513
mem[X,0x000000008001203E] -> 0x0145
[1858] [M]: 0x000000008001203C (0x01451513) slli a0, a0, 20
x10 <- 0x0000000000100000
mem[X,0x0000000080012040] -> 0x0593
mem[X,0x0000000080012042] -> 0x0020
[1859] [M]: 0x0000000080012040 (0x00200593) addi a1, zero, 2
x11 <- 0x0000000000000002
mem[X,0x0000000080012044] -> 0x0213
mem[X,0x0000000080012046] -> 0x0000
[1860] [M]: 0x0000000080012044 (0x00000213) addi tp, zero, 0
x4 <- 0x0000000000000000
mem[X,0x0000000080012048] -> 0x006F
mem[X,0x000000008001204A] -> 0x00C0
[1861] [M]: 0x0000000080012048 (0x00C0006F) jal zero, 12
mem[X,0x0000000080012054] -> 0x0663
mem[X,0x0000000080012056] -> 0x00B5
[1862] [M]: 0x0000000080012054 (0x00B50663) beq a0, a1, 12
mem[X,0x0000000080012058] -> 0x0213
mem[X,0x000000008001205A] -> 0x0022
[1863] [M]: 0x0000000080012058 (0x00220213) addi tp, tp, 2
x4 <- 0x0000000000000002
mem[X,0x000000008001205C] -> 0x006F
mem[X,0x000000008001205E] -> 0x00C0
[1864] [M]: 0x000000008001205C (0x00C0006F) jal zero, 12
mem[X,0x0000000080012068] -> 0x3023
mem[X,0x000000008001206A] -> 0x3C41
[1865] [M]: 0x0000000080012068 (0x3C413023) sd tp, 960(sp)
mem[0x0000000080049588] <- 0x0000000000000002
mem[X,0x000000008001206C] -> 0x0513
mem[X,0x000000008001206E] -> 0x0010
[1866] [M]: 0x000000008001206C (0x00100513) addi a0, zero, 1
x10 <- 0x0000000000000001
mem[X,0x0000000080012070] -> 0x1513
mem[X,0x0000000080012072] -> 0x0155
[1867] [M]: 0x0000000080012070 (0x01551513) slli a0, a0, 21
x10 <- 0x0000000000200000
mem[X,0x0000000080012074] -> 0x0593
mem[X,0x0000000080012076] -> 0x0010
[1868] [M]: 0x0000000080012074 (0x00100593) addi a1, zero, 1
x11 <- 0x0000000000000001
mem[X,0x0000000080012078] -> 0x9593
mem[X,0x000000008001207A] -> 0x03E5
[1869] [M]: 0x0000000080012078 (0x03E59593) slli a1, a1, 62
x11 <- 0x4000000000000000
mem[X,0x000000008001207C] -> 0xC593
mem[X,0x000000008001207E] -> 0xFFF5
[1870] [M]: 0x000000008001207C (0xFFF5C593) xori a1, a1, 4095
x11 <- 0xBFFFFFFFFFFFFFFF
mem[X,0x0000000080012080] -> 0x0213
mem[X,0x0000000080012082] -> 0x0000
[1871] [M]: 0x0000000080012080 (0x00000213) addi tp, zero, 0
x4 <- 0x0000000000000000
mem[X,0x0000000080012084] -> 0x006F
mem[X,0x0000000080012086] -> 0x00C0
[1872] [M]: 0x0000000080012084 (0x00C0006F) jal zero, 12
mem[X,0x0000000080012090] -> 0x0663
mem[X,0x0000000080012092] -> 0x00B5
[1873] [M]: 0x0000000080012090 (0x00B50663) beq a0, a1, 12
mem[X,0x0000000080012094] -> 0x0213
mem[X,0x0000000080012096] -> 0x0022
[1874] [M]: 0x0000000080012094 (0x00220213) addi tp, tp, 2
x4 <- 0x0000000000000002
mem[X,0x0000000080012098] -> 0x006F
mem[X,0x000000008001209A] -> 0x00C0
[1875] [M]: 0x0000000080012098 (0x00C0006F) jal zero, 12
mem[X,0x00000000800120A4] -> 0x3423
mem[X,0x00000000800120A6] -> 0x3C41
[1876] [M]: 0x00000000800120A4 (0x3C413423) sd tp, 968(sp)
mem[0x0000000080049590] <- 0x0000000000000002
mem[X,0x00000000800120A8] -> 0x0513
mem[X,0x00000000800120AA] -> 0x0010
[1877] [M]: 0x00000000800120A8 (0x00100513) addi a0, zero, 1
x10 <- 0x0000000000000001
mem[X,0x00000000800120AC] -> 0x1513
mem[X,0x00000000800120AE] -> 0x0165
[1878] [M]: 0x00000000800120AC (0x01651513) slli a0, a0, 22
x10 <- 0x0000000000400000
mem[X,0x00000000800120B0] -> 0x0593
mem[X,0x00000000800120B2] -> 0x0010
[1879] [M]: 0x00000000800120B0 (0x00100593) addi a1, zero, 1
x11 <- 0x0000000000000001
mem[X,0x00000000800120B4] -> 0x9593
mem[X,0x00000000800120B6] -> 0x0285
[1880] [M]: 0x00000000800120B4 (0x02859593) slli a1, a1, 40
x11 <- 0x0000010000000000
mem[X,0x00000000800120B8] -> 0x0213
mem[X,0x00000000800120BA] -> 0x0000
[1881] [M]: 0x00000000800120B8 (0x00000213) addi tp, zero, 0
x4 <- 0x0000000000000000
mem[X,0x00000000800120BC] -> 0x006F
mem[X,0x00000000800120BE] -> 0x00C0
[1882] [M]: 0x00000000800120BC (0x00C0006F) jal zero, 12
mem[X,0x00000000800120C8] -> 0x0063
mem[X,0x00000000800120CA] -> 0x10B5
[1883] [M]: 0x00000000800120C8 (0x10B50063) beq a0, a1, 256
mem[X,0x00000000800120CC] -> 0x0213
mem[X,0x00000000800120CE] -> 0x0022
[1884] [M]: 0x00000000800120CC (0x00220213) addi tp, tp, 2
x4 <- 0x0000000000000002
mem[X,0x00000000800120D0] -> 0x006F
mem[X,0x00000000800120D2] -> 0x1000
[1885] [M]: 0x00000000800120D0 (0x1000006F) jal zero, 256
mem[X,0x00000000800121D0] -> 0x3823
mem[X,0x00000000800121D2] -> 0x3C41
[1886] [M]: 0x00000000800121D0 (0x3C413823) sd tp, 976(sp)
mem[0x0000000080049598] <- 0x0000000000000002
mem[X,0x00000000800121D4] -> 0x0513
mem[X,0x00000000800121D6] -> 0x0010
[1887] [M]: 0x00000000800121D4 (0x00100513) addi a0, zero, 1
x10 <- 0x0000000000000001
mem[X,0x00000000800121D8] -> 0x1513
mem[X,0x00000000800121DA] -> 0x0185
[1888] [M]: 0x00000000800121D8 (0x01851513) slli a0, a0, 24
x10 <- 0x0000000001000000
mem[X,0x00000000800121DC] -> 0x0593
mem[X,0x00000000800121DE] -> 0x0010
[1889] [M]: 0x00000000800121DC (0x00100593) addi a1, zero, 1
x11 <- 0x0000000000000001
mem[X,0x00000000800121E0] -> 0x9593
mem[X,0x00000000800121E2] -> 0x0395
[1890] [M]: 0x00000000800121E0 (0x03959593) slli a1, a1, 57
x11 <- 0x0200000000000000
mem[X,0x00000000800121E4] -> 0xC593
mem[X,0x00000000800121E6] -> 0xFFF5
[1891] [M]: 0x00000000800121E4 (0xFFF5C593) xori a1, a1, 4095
x11 <- 0xFDFFFFFFFFFFFFFF
mem[X,0x00000000800121E8] -> 0x0213
mem[X,0x00000000800121EA] -> 0x0000
[1892] [M]: 0x00000000800121E8 (0x00000213) addi tp, zero, 0
x4 <- 0x0000000000000000
mem[X,0x00000000800121EC] -> 0x006F
mem[X,0x00000000800121EE] -> 0x00C0
[1893] [M]: 0x00000000800121EC (0x00C0006F) jal zero, 12
mem[X,0x00000000800121F8] -> 0x0CE3
mem[X,0x00000000800121FA] -> 0xFEB5
[1894] [M]: 0x00000000800121F8 (0xFEB50CE3) beq a0, a1, 8184
mem[X,0x00000000800121FC] -> 0x0213
mem[X,0x00000000800121FE] -> 0x0022
[1895] [M]: 0x00000000800121FC (0x00220213) addi tp, tp, 2
x4 <- 0x0000000000000002
mem[X,0x0000000080012200] -> 0x006F
mem[X,0x0000000080012202] -> 0x00C0
[1896] [M]: 0x0000000080012200 (0x00C0006F) jal zero, 12
mem[X,0x000000008001220C] -> 0x3C23
mem[X,0x000000008001220E] -> 0x3C41
[1897] [M]: 0x000000008001220C (0x3C413C23) sd tp, 984(sp)
mem[0x00000000800495A0] <- 0x0000000000000002
mem[X,0x0000000080012210] -> 0x0513
mem[X,0x0000000080012212] -> 0x0010
[1898] [M]: 0x0000000080012210 (0x00100513) addi a0, zero, 1
x10 <- 0x0000000000000001
mem[X,0x0000000080012214] -> 0x1513
mem[X,0x0000000080012216] -> 0x01A5
[1899] [M]: 0x0000000080012214 (0x01A51513) slli a0, a0, 26
x10 <- 0x0000000004000000
clint::tick mtime <- 0x0000000000000013
 clint timer pending at mtime 0x0000000000000013
htif::tick 0x0000000000000000
mem[X,0x0000000080012218] -> 0x0593
mem[X,0x000000008001221A] -> 0x0010
[1900] [M]: 0x0000000080012218 (0x00100593) addi a1, zero, 1
x11 <- 0x0000000000000001
mem[X,0x000000008001221C] -> 0x9593
mem[X,0x000000008001221E] -> 0x02D5
[1901] [M]: 0x000000008001221C (0x02D59593) slli a1, a1, 45
x11 <- 0x0000200000000000
mem[X,0x0000000080012220] -> 0xC593
mem[X,0x0000000080012222] -> 0xFFF5
[1902] [M]: 0x0000000080012220 (0xFFF5C593) xori a1, a1, 4095
x11 <- 0xFFFFDFFFFFFFFFFF
mem[X,0x0000000080012224] -> 0x0213
mem[X,0x0000000080012226] -> 0x0000
[1903] [M]: 0x0000000080012224 (0x00000213) addi tp, zero, 0
x4 <- 0x0000000000000000
mem[X,0x0000000080012228] -> 0x006F
mem[X,0x000000008001222A] -> 0x00C0
[1904] [M]: 0x0000000080012228 (0x00C0006F) jal zero, 12
mem[X,0x0000000080012234] -> 0x0863
mem[X,0x0000000080012236] -> 0x00B5
[1905] [M]: 0x0000000080012234 (0x00B50863) beq a0, a1, 16
mem[X,0x0000000080012238] -> 0x0213
mem[X,0x000000008001223A] -> 0x0022
[1906] [M]: 0x0000000080012238 (0x00220213) addi tp, tp, 2
x4 <- 0x0000000000000002
mem[X,0x000000008001223C] -> 0x006F
mem[X,0x000000008001223E] -> 0x0100
[1907] [M]: 0x000000008001223C (0x0100006F) jal zero, 16
mem[X,0x000000008001224C] -> 0x3023
mem[X,0x000000008001224E] -> 0x3E41
[1908] [M]: 0x000000008001224C (0x3E413023) sd tp, 992(sp)
mem[0x00000000800495A8] <- 0x0000000000000002
mem[X,0x0000000080012250] -> 0x0513
mem[X,0x0000000080012252] -> 0x0010
[1909] [M]: 0x0000000080012250 (0x00100513) addi a0, zero, 1
x10 <- 0x0000000000000001
mem[X,0x0000000080012254] -> 0x1513
mem[X,0x0000000080012256] -> 0x01B5
[1910] [M]: 0x0000000080012254 (0x01B51513) slli a0, a0, 27
x10 <- 0x0000000008000000
mem[X,0x0000000080012258] -> 0x0593
mem[X,0x000000008001225A] -> 0x0010
[1911] [M]: 0x0000000080012258 (0x00100593) addi a1, zero, 1
x11 <- 0x0000000000000001
mem[X,0x000000008001225C] -> 0x9593
mem[X,0x000000008001225E] -> 0x0125
[1912] [M]: 0x000000008001225C (0x01259593) slli a1, a1, 18
x11 <- 0x0000000000040000
mem[X,0x0000000080012260] -> 0x0213
mem[X,0x0000000080012262] -> 0x0000
[1913] [M]: 0x0000000080012260 (0x00000213) addi tp, zero, 0
x4 <- 0x0000000000000000
mem[X,0x0000000080012264] -> 0x006F
mem[X,0x0000000080012266] -> 0x00C0
[1914] [M]: 0x0000000080012264 (0x00C0006F) jal zero, 12
mem[X,0x0000000080012270] -> 0x0CE3
mem[X,0x0000000080012272] -> 0xFEB5
[1915] [M]: 0x0000000080012270 (0xFEB50CE3) beq a0, a1, 8184
mem[X,0x0000000080012274] -> 0x0213
mem[X,0x0000000080012276] -> 0x0022
[1916] [M]: 0x0000000080012274 (0x00220213) addi tp, tp, 2
x4 <- 0x0000000000000002
mem[X,0x0000000080012278] -> 0x006F
mem[X,0x000000008001227A] -> 0x00C0
[1917] [M]: 0x0000000080012278 (0x00C0006F) jal zero, 12
mem[X,0x0000000080012284] -> 0x3423
mem[X,0x0000000080012286] -> 0x3E41
[1918] [M]: 0x0000000080012284 (0x3E413423) sd tp, 1000(sp)
mem[0x00000000800495B0] <- 0x0000000000000002
mem[X,0x0000000080012288] -> 0x0513
mem[X,0x000000008001228A] -> 0x0010
[1919] [M]: 0x0000000080012288 (0x00100513) addi a0, zero, 1
x10 <- 0x0000000000000001
mem[X,0x000000008001228C] -> 0x1513
mem[X,0x000000008001228E] -> 0x01C5
[1920] [M]: 0x000000008001228C (0x01C51513) slli a0, a0, 28
x10 <- 0x0000000010000000
mem[X,0x0000000080012290] -> 0x0593
mem[X,0x0000000080012292] -> 0x0010
[1921] [M]: 0x0000000080012290 (0x00100593) addi a1, zero, 1
x11 <- 0x0000000000000001
mem[X,0x0000000080012294] -> 0x9593
mem[X,0x0000000080012296] -> 0x02E5
[1922] [M]: 0x0000000080012294 (0x02E59593) slli a1, a1, 46
x11 <- 0x0000400000000000
mem[X,0x0000000080012298] -> 0xC593
mem[X,0x000000008001229A] -> 0xFFF5
[1923] [M]: 0x0000000080012298 (0xFFF5C593) xori a1, a1, 4095
x11 <- 0xFFFFBFFFFFFFFFFF
mem[X,0x000000008001229C] -> 0x0213
mem[X,0x000000008001229E] -> 0x0000
[1924] [M]: 0x000000008001229C (0x00000213) addi tp, zero, 0
x4 <- 0x0000000000000000
mem[X,0x00000000800122A0] -> 0x006F
mem[X,0x00000000800122A2] -> 0x0050
[1925] [M]: 0x00000000800122A0 (0x0050006F) jal zero, 2052
mem[X,0x0000000080012AA4] -> 0x00E3
mem[X,0x0000000080012AA6] -> 0x80B5
[1926] [M]: 0x0000000080012AA4 (0x80B500E3) beq a0, a1, 6144
mem[X,0x0000000080012AA8] -> 0x0213
mem[X,0x0000000080012AAA] -> 0x0022
[1927] [M]: 0x0000000080012AA8 (0x00220213) addi tp, tp, 2
x4 <- 0x0000000000000002
mem[X,0x0000000080012AAC] -> 0x006F
mem[X,0x0000000080012AAE] -> 0x00C0
[1928] [M]: 0x0000000080012AAC (0x00C0006F) jal zero, 12
mem[X,0x0000000080012AB8] -> 0x3823
mem[X,0x0000000080012ABA] -> 0x3E41
[1929] [M]: 0x0000000080012AB8 (0x3E413823) sd tp, 1008(sp)
mem[0x00000000800495B8] <- 0x0000000000000002
mem[X,0x0000000080012ABC] -> 0x0513
mem[X,0x0000000080012ABE] -> 0x0010
[1930] [M]: 0x0000000080012ABC (0x00100513) addi a0, zero, 1
x10 <- 0x0000000000000001
mem[X,0x0000000080012AC0] -> 0x1513
mem[X,0x0000000080012AC2] -> 0x01D5
[1931] [M]: 0x0000000080012AC0 (0x01D51513) slli a0, a0, 29
x10 <- 0x0000000020000000
mem[X,0x0000000080012AC4] -> 0x0593
mem[X,0x0000000080012AC6] -> 0x0010
[1932] [M]: 0x0000000080012AC4 (0x00100593) addi a1, zero, 1
x11 <- 0x0000000000000001
mem[X,0x0000000080012AC8] -> 0x0213
mem[X,0x0000000080012ACA] -> 0x0000
[1933] [M]: 0x0000000080012AC8 (0x00000213) addi tp, zero, 0
x4 <- 0x0000000000000000
mem[X,0x0000000080012ACC] -> 0x006F
mem[X,0x0000000080012ACE] -> 0x00C0
[1934] [M]: 0x0000000080012ACC (0x00C0006F) jal zero, 12
mem[X,0x0000000080012AD8] -> 0x0063
mem[X,0x0000000080012ADA] -> 0x02B5
[1935] [M]: 0x0000000080012AD8 (0x02B50063) beq a0, a1, 32
mem[X,0x0000000080012ADC] -> 0x0213
mem[X,0x0000000080012ADE] -> 0x0022
[1936] [M]: 0x0000000080012ADC (0x00220213) addi tp, tp, 2
x4 <- 0x0000000000000002
mem[X,0x0000000080012AE0] -> 0x006F
mem[X,0x0000000080012AE2] -> 0x0200
[1937] [M]: 0x0000000080012AE0 (0x0200006F) jal zero, 32
mem[X,0x0000000080012B00] -> 0x3C23
mem[X,0x0000000080012B02] -> 0x3E41
[1938] [M]: 0x0000000080012B00 (0x3E413C23) sd tp, 1016(sp)
mem[0x00000000800495C0] <- 0x0000000000000002
mem[X,0x0000000080012B04] -> 0x0513
mem[X,0x0000000080012B06] -> 0x0010
[1939] [M]: 0x0000000080012B04 (0x00100513) addi a0, zero, 1
x10 <- 0x0000000000000001
mem[X,0x0000000080012B08] -> 0x1513
mem[X,0x0000000080012B0A] -> 0x01F5
[1940] [M]: 0x0000000080012B08 (0x01F51513) slli a0, a0, 31
x10 <- 0x0000000080000000
mem[X,0x0000000080012B0C] -> 0x0593
mem[X,0x0000000080012B0E] -> 0x0010
[1941] [M]: 0x0000000080012B0C (0x00100593) addi a1, zero, 1
x11 <- 0x0000000000000001
mem[X,0x0000000080012B10] -> 0x9593
mem[X,0x0000000080012B12] -> 0x02B5
[1942] [M]: 0x0000000080012B10 (0x02B59593) slli a1, a1, 43
x11 <- 0x0000080000000000
mem[X,0x0000000080012B14] -> 0xC593
mem[X,0x0000000080012B16] -> 0xFFF5
[1943] [M]: 0x0000000080012B14 (0xFFF5C593) xori a1, a1, 4095
x11 <- 0xFFFFF7FFFFFFFFFF
mem[X,0x0000000080012B18] -> 0x0213
mem[X,0x0000000080012B1A] -> 0x0000
[1944] [M]: 0x0000000080012B18 (0x00000213) addi tp, zero, 0
x4 <- 0x0000000000000000
mem[X,0x0000000080012B1C] -> 0x006F
mem[X,0x0000000080012B1E] -> 0x00C0
[1945] [M]: 0x0000000080012B1C (0x00C0006F) jal zero, 12
mem[X,0x0000000080012B28] -> 0x0063
mem[X,0x0000000080012B2A] -> 0x20B5
[1946] [M]: 0x0000000080012B28 (0x20B50063) beq a0, a1, 512
mem[X,0x0000000080012B2C] -> 0x0213
mem[X,0x0000000080012B2E] -> 0x0022
[1947] [M]: 0x0000000080012B2C (0x00220213) addi tp, tp, 2
x4 <- 0x0000000000000002
mem[X,0x0000000080012B30] -> 0x006F
mem[X,0x0000000080012B32] -> 0x2000
[1948] [M]: 0x0000000080012B30 (0x2000006F) jal zero, 512
mem[X,0x0000000080012D30] -> 0x3023
mem[X,0x0000000080012D32] -> 0x4041
[1949] [M]: 0x0000000080012D30 (0x40413023) sd tp, 1024(sp)
mem[0x00000000800495C8] <- 0x0000000000000002
mem[X,0x0000000080012D34] -> 0x0513
mem[X,0x0000000080012D36] -> 0x0010
[1950] [M]: 0x0000000080012D34 (0x00100513) addi a0, zero, 1
x10 <- 0x0000000000000001
mem[X,0x0000000080012D38] -> 0x1513
mem[X,0x0000000080012D3A] -> 0x0205
[1951] [M]: 0x0000000080012D38 (0x02051513) slli a0, a0, 32
x10 <- 0x0000000100000000
mem[X,0x0000000080012D3C] -> 0x0593
mem[X,0x0000000080012D3E] -> 0xFF90
[1952] [M]: 0x0000000080012D3C (0xFF900593) addi a1, zero, 4089
x11 <- 0xFFFFFFFFFFFFFFF9
mem[X,0x0000000080012D40] -> 0x0213
mem[X,0x0000000080012D42] -> 0x0000
[1953] [M]: 0x0000000080012D40 (0x00000213) addi tp, zero, 0
x4 <- 0x0000000000000000
mem[X,0x0000000080012D44] -> 0x006F
mem[X,0x0000000080012D46] -> 0x00C0
[1954] [M]: 0x0000000080012D44 (0x00C0006F) jal zero, 12
mem[X,0x0000000080012D50] -> 0x0863
mem[X,0x0000000080012D52] -> 0x00B5
[1955] [M]: 0x0000000080012D50 (0x00B50863) beq a0, a1, 16
mem[X,0x0000000080012D54] -> 0x0213
mem[X,0x0000000080012D56] -> 0x0022
[1956] [M]: 0x0000000080012D54 (0x00220213) addi tp, tp, 2
x4 <- 0x0000000000000002
mem[X,0x0000000080012D58] -> 0x006F
mem[X,0x0000000080012D5A] -> 0x0100
[1957] [M]: 0x0000000080012D58 (0x0100006F) jal zero, 16
mem[X,0x0000000080012D68] -> 0x3423
mem[X,0x0000000080012D6A] -> 0x4041
[1958] [M]: 0x0000000080012D68 (0x40413423) sd tp, 1032(sp)
mem[0x00000000800495D0] <- 0x0000000000000002
mem[X,0x0000000080012D6C] -> 0x0513
mem[X,0x0000000080012D6E] -> 0x0010
[1959] [M]: 0x0000000080012D6C (0x00100513) addi a0, zero, 1
x10 <- 0x0000000000000001
mem[X,0x0000000080012D70] -> 0x1513
mem[X,0x0000000080012D72] -> 0x0215
[1960] [M]: 0x0000000080012D70 (0x02151513) slli a0, a0, 33
x10 <- 0x0000000200000000
mem[X,0x0000000080012D74] -> 0x0593
mem[X,0x0000000080012D76] -> 0x0010
[1961] [M]: 0x0000000080012D74 (0x00100593) addi a1, zero, 1
x11 <- 0x0000000000000001
mem[X,0x0000000080012D78] -> 0x9593
mem[X,0x0000000080012D7A] -> 0x0185
[1962] [M]: 0x0000000080012D78 (0x01859593) slli a1, a1, 24
x11 <- 0x0000000001000000
mem[X,0x0000000080012D7C] -> 0xC593
mem[X,0x0000000080012D7E] -> 0xFFF5
[1963] [M]: 0x0000000080012D7C (0xFFF5C593) xori a1, a1, 4095
x11 <- 0xFFFFFFFFFEFFFFFF
mem[X,0x0000000080012D80] -> 0x0213
mem[X,0x0000000080012D82] -> 0x0000
[1964] [M]: 0x0000000080012D80 (0x00000213) addi tp, zero, 0
x4 <- 0x0000000000000000
mem[X,0x0000000080012D84] -> 0x006F
mem[X,0x0000000080012D86] -> 0x00C0
[1965] [M]: 0x0000000080012D84 (0x00C0006F) jal zero, 12
mem[X,0x0000000080012D90] -> 0x0063
mem[X,0x0000000080012D92] -> 0x08B5
[1966] [M]: 0x0000000080012D90 (0x08B50063) beq a0, a1, 128
mem[X,0x0000000080012D94] -> 0x0213
mem[X,0x0000000080012D96] -> 0x0022
[1967] [M]: 0x0000000080012D94 (0x00220213) addi tp, tp, 2
x4 <- 0x0000000000000002
mem[X,0x0000000080012D98] -> 0x006F
mem[X,0x0000000080012D9A] -> 0x0800
[1968] [M]: 0x0000000080012D98 (0x0800006F) jal zero, 128
mem[X,0x0000000080012E18] -> 0x3823
mem[X,0x0000000080012E1A] -> 0x4041
[1969] [M]: 0x0000000080012E18 (0x40413823) sd tp, 1040(sp)
mem[0x00000000800495D8] <- 0x0000000000000002
mem[X,0x0000000080012E1C] -> 0x0513
mem[X,0x0000000080012E1E] -> 0x0010
[1970] [M]: 0x0000000080012E1C (0x00100513) addi a0, zero, 1
x10 <- 0x0000000000000001
mem[X,0x0000000080012E20] -> 0x1513
mem[X,0x0000000080012E22] -> 0x0245
[1971] [M]: 0x0000000080012E20 (0x02451513) slli a0, a0, 36
x10 <- 0x0000001000000000
mem[X,0x0000000080012E24] -> 0x0593
mem[X,0x0000000080012E26] -> 0x0010
[1972] [M]: 0x0000000080012E24 (0x00100593) addi a1, zero, 1
x11 <- 0x0000000000000001
mem[X,0x0000000080012E28] -> 0x9593
mem[X,0x0000000080012E2A] -> 0x01C5
[1973] [M]: 0x0000000080012E28 (0x01C59593) slli a1, a1, 28
x11 <- 0x0000000010000000
mem[X,0x0000000080012E2C] -> 0x0213
mem[X,0x0000000080012E2E] -> 0x0000
[1974] [M]: 0x0000000080012E2C (0x00000213) addi tp, zero, 0
x4 <- 0x0000000000000000
mem[X,0x0000000080012E30] -> 0x006F
mem[X,0x0000000080012E32] -> 0x00C0
[1975] [M]: 0x0000000080012E30 (0x00C0006F) jal zero, 12
mem[X,0x0000000080012E3C] -> 0x0663
mem[X,0x0000000080012E3E] -> 0x00B5
[1976] [M]: 0x0000000080012E3C (0x00B50663) beq a0, a1, 12
mem[X,0x0000000080012E40] -> 0x0213
mem[X,0x0000000080012E42] -> 0x0022
[1977] [M]: 0x0000000080012E40 (0x00220213) addi tp, tp, 2
x4 <- 0x0000000000000002
mem[X,0x0000000080012E44] -> 0x006F
mem[X,0x0000000080012E46] -> 0x00C0
[1978] [M]: 0x0000000080012E44 (0x00C0006F) jal zero, 12
mem[X,0x0000000080012E50] -> 0x3C23
mem[X,0x0000000080012E52] -> 0x4041
[1979] [M]: 0x0000000080012E50 (0x40413C23) sd tp, 1048(sp)
mem[0x00000000800495E0] <- 0x0000000000000002
mem[X,0x0000000080012E54] -> 0x0513
mem[X,0x0000000080012E56] -> 0x0010
[1980] [M]: 0x0000000080012E54 (0x00100513) addi a0, zero, 1
x10 <- 0x0000000000000001
mem[X,0x0000000080012E58] -> 0x1513
mem[X,0x0000000080012E5A] -> 0x0265
[1981] [M]: 0x0000000080012E58 (0x02651513) slli a0, a0, 38
x10 <- 0x0000004000000000
mem[X,0x0000000080012E5C] -> 0x0593
mem[X,0x0000000080012E5E] -> 0x0010
[1982] [M]: 0x0000000080012E5C (0x00100593) addi a1, zero, 1
x11 <- 0x0000000000000001
mem[X,0x0000000080012E60] -> 0x9593
mem[X,0x0000000080012E62] -> 0x0145
[1983] [M]: 0x0000000080012E60 (0x01459593) slli a1, a1, 20
x11 <- 0x0000000000100000
mem[X,0x0000000080012E64] -> 0xC593
mem[X,0x0000000080012E66] -> 0xFFF5
[1984] [M]: 0x0000000080012E64 (0xFFF5C593) xori a1, a1, 4095
x11 <- 0xFFFFFFFFFFEFFFFF
mem[X,0x0000000080012E68] -> 0x0213
mem[X,0x0000000080012E6A] -> 0x0000
[1985] [M]: 0x0000000080012E68 (0x00000213) addi tp, zero, 0
x4 <- 0x0000000000000000
mem[X,0x0000000080012E6C] -> 0x006F
mem[X,0x0000000080012E6E] -> 0x00C0
[1986] [M]: 0x0000000080012E6C (0x00C0006F) jal zero, 12
mem[X,0x0000000080012E78] -> 0x0063
mem[X,0x0000000080012E7A] -> 0x02B5
[1987] [M]: 0x0000000080012E78 (0x02B50063) beq a0, a1, 32
mem[X,0x0000000080012E7C] -> 0x0213
mem[X,0x0000000080012E7E] -> 0x0022
[1988] [M]: 0x0000000080012E7C (0x00220213) addi tp, tp, 2
x4 <- 0x0000000000000002
mem[X,0x0000000080012E80] -> 0x006F
mem[X,0x0000000080012E82] -> 0x0200
[1989] [M]: 0x0000000080012E80 (0x0200006F) jal zero, 32
mem[X,0x0000000080012EA0] -> 0x3023
mem[X,0x0000000080012EA2] -> 0x4241
[1990] [M]: 0x0000000080012EA0 (0x42413023) sd tp, 1056(sp)
mem[0x00000000800495E8] <- 0x0000000000000002
mem[X,0x0000000080012EA4] -> 0x0513
mem[X,0x0000000080012EA6] -> 0x0010
[1991] [M]: 0x0000000080012EA4 (0x00100513) addi a0, zero, 1
x10 <- 0x0000000000000001
mem[X,0x0000000080012EA8] -> 0x1513
mem[X,0x0000000080012EAA] -> 0x0275
[1992] [M]: 0x0000000080012EA8 (0x02751513) slli a0, a0, 39
x10 <- 0x0000008000000000
mem[X,0x0000000080012EAC] -> 0x0593
mem[X,0x0000000080012EAE] -> 0x0010
[1993] [M]: 0x0000000080012EAC (0x00100593) addi a1, zero, 1
x11 <- 0x0000000000000001
mem[X,0x0000000080012EB0] -> 0x9593
mem[X,0x0000000080012EB2] -> 0x0285
[1994] [M]: 0x0000000080012EB0 (0x02859593) slli a1, a1, 40
x11 <- 0x0000010000000000
mem[X,0x0000000080012EB4] -> 0xC593
mem[X,0x0000000080012EB6] -> 0xFFF5
[1995] [M]: 0x0000000080012EB4 (0xFFF5C593) xori a1, a1, 4095
x11 <- 0xFFFFFEFFFFFFFFFF
mem[X,0x0000000080012EB8] -> 0x0213
mem[X,0x0000000080012EBA] -> 0x0000
[1996] [M]: 0x0000000080012EB8 (0x00000213) addi tp, zero, 0
x4 <- 0x0000000000000000
mem[X,0x0000000080012EBC] -> 0x006F
mem[X,0x0000000080012EBE] -> 0x00C0
[1997] [M]: 0x0000000080012EBC (0x00C0006F) jal zero, 12
mem[X,0x0000000080012EC8] -> 0x0663
mem[X,0x0000000080012ECA] -> 0x00B5
[1998] [M]: 0x0000000080012EC8 (0x00B50663) beq a0, a1, 12
mem[X,0x0000000080012ECC] -> 0x0213
mem[X,0x0000000080012ECE] -> 0x0022
[1999] [M]: 0x0000000080012ECC (0x00220213) addi tp, tp, 2
x4 <- 0x0000000000000002
clint::tick mtime <- 0x0000000000000014
 clint timer pending at mtime 0x0000000000000014
htif::tick 0x0000000000000000
mem[X,0x0000000080012ED0] -> 0x006F
mem[X,0x0000000080012ED2] -> 0x00C0
[2000] [M]: 0x0000000080012ED0 (0x00C0006F) jal zero, 12
mem[X,0x0000000080012EDC] -> 0x3423
mem[X,0x0000000080012EDE] -> 0x4241
[2001] [M]: 0x0000000080012EDC (0x42413423) sd tp, 1064(sp)
mem[0x00000000800495F0] <- 0x0000000000000002
mem[X,0x0000000080012EE0] -> 0x0513
mem[X,0x0000000080012EE2] -> 0x0010
[2002] [M]: 0x0000000080012EE0 (0x00100513) addi a0, zero, 1
x10 <- 0x0000000000000001
mem[X,0x0000000080012EE4] -> 0x1513
mem[X,0x0000000080012EE6] -> 0x02A5
[2003] [M]: 0x0000000080012EE4 (0x02A51513) slli a0, a0, 42
x10 <- 0x0000040000000000
mem[X,0x0000000080012EE8] -> 0x0593
mem[X,0x0000000080012EEA] -> 0xEFF0
[2004] [M]: 0x0000000080012EE8 (0xEFF00593) addi a1, zero, 3839
x11 <- 0xFFFFFFFFFFFFFEFF
mem[X,0x0000000080012EEC] -> 0x0213
mem[X,0x0000000080012EEE] -> 0x0000
[2005] [M]: 0x0000000080012EEC (0x00000213) addi tp, zero, 0
x4 <- 0x0000000000000000
mem[X,0x0000000080012EF0] -> 0x006F
mem[X,0x0000000080012EF2] -> 0x00C0
[2006] [M]: 0x0000000080012EF0 (0x00C0006F) jal zero, 12
mem[X,0x0000000080012EFC] -> 0x0063
mem[X,0x0000000080012EFE] -> 0x02B5
[2007] [M]: 0x0000000080012EFC (0x02B50063) beq a0, a1, 32
mem[X,0x0000000080012F00] -> 0x0213
mem[X,0x0000000080012F02] -> 0x0022
[2008] [M]: 0x0000000080012F00 (0x00220213) addi tp, tp, 2
x4 <- 0x0000000000000002
mem[X,0x0000000080012F04] -> 0x006F
mem[X,0x0000000080012F06] -> 0x0200
[2009] [M]: 0x0000000080012F04 (0x0200006F) jal zero, 32
mem[X,0x0000000080012F24] -> 0x3823
mem[X,0x0000000080012F26] -> 0x4241
[2010] [M]: 0x0000000080012F24 (0x42413823) sd tp, 1072(sp)
mem[0x00000000800495F8] <- 0x0000000000000002
mem[X,0x0000000080012F28] -> 0x0513
mem[X,0x0000000080012F2A] -> 0x0010
[2011] [M]: 0x0000000080012F28 (0x00100513) addi a0, zero, 1
x10 <- 0x0000000000000001
mem[X,0x0000000080012F2C] -> 0x1513
mem[X,0x0000000080012F2E] -> 0x02C5
[2012] [M]: 0x0000000080012F2C (0x02C51513) slli a0, a0, 44
x10 <- 0x0000100000000000
mem[X,0x0000000080012F30] -> 0x0593
mem[X,0x0000000080012F32] -> 0x0010
[2013] [M]: 0x0000000080012F30 (0x00100593) addi a1, zero, 1
x11 <- 0x0000000000000001
mem[X,0x0000000080012F34] -> 0x9593
mem[X,0x0000000080012F36] -> 0x02A5
[2014] [M]: 0x0000000080012F34 (0x02A59593) slli a1, a1, 42
x11 <- 0x0000040000000000
mem[X,0x0000000080012F38] -> 0xC593
mem[X,0x0000000080012F3A] -> 0xFFF5
[2015] [M]: 0x0000000080012F38 (0xFFF5C593) xori a1, a1, 4095
x11 <- 0xFFFFFBFFFFFFFFFF
mem[X,0x0000000080012F3C] -> 0x0213
mem[X,0x0000000080012F3E] -> 0x0000
[2016] [M]: 0x0000000080012F3C (0x00000213) addi tp, zero, 0
x4 <- 0x0000000000000000
mem[X,0x0000000080012F40] -> 0x006F
mem[X,0x0000000080012F42] -> 0x00C0
[2017] [M]: 0x0000000080012F40 (0x00C0006F) jal zero, 12
mem[X,0x0000000080012F4C] -> 0x0663
mem[X,0x0000000080012F4E] -> 0x00B5
[2018] [M]: 0x0000000080012F4C (0x00B50663) beq a0, a1, 12
mem[X,0x0000000080012F50] -> 0x0213
mem[X,0x0000000080012F52] -> 0x0022
[2019] [M]: 0x0000000080012F50 (0x00220213) addi tp, tp, 2
x4 <- 0x0000000000000002
mem[X,0x0000000080012F54] -> 0x006F
mem[X,0x0000000080012F56] -> 0x00C0
[2020] [M]: 0x0000000080012F54 (0x00C0006F) jal zero, 12
mem[X,0x0000000080012F60] -> 0x3C23
mem[X,0x0000000080012F62] -> 0x4241
[2021] [M]: 0x0000000080012F60 (0x42413C23) sd tp, 1080(sp)
mem[0x0000000080049600] <- 0x0000000000000002
mem[X,0x0000000080012F64] -> 0x0513
mem[X,0x0000000080012F66] -> 0x0010
[2022] [M]: 0x0000000080012F64 (0x00100513) addi a0, zero, 1
x10 <- 0x0000000000000001
mem[X,0x0000000080012F68] -> 0x1513
mem[X,0x0000000080012F6A] -> 0x02D5
[2023] [M]: 0x0000000080012F68 (0x02D51513) slli a0, a0, 45
x10 <- 0x0000200000000000
mem[X,0x0000000080012F6C] -> 0x0593
mem[X,0x0000000080012F6E] -> 0x0010
[2024] [M]: 0x0000000080012F6C (0x00100593) addi a1, zero, 1
x11 <- 0x0000000000000001
mem[X,0x0000000080012F70] -> 0x9593
mem[X,0x0000000080012F72] -> 0x0235
[2025] [M]: 0x0000000080012F70 (0x02359593) slli a1, a1, 35
x11 <- 0x0000000800000000
mem[X,0x0000000080012F74] -> 0xC593
mem[X,0x0000000080012F76] -> 0xFFF5
[2026] [M]: 0x0000000080012F74 (0xFFF5C593) xori a1, a1, 4095
x11 <- 0xFFFFFFF7FFFFFFFF
mem[X,0x0000000080012F78] -> 0x0213
mem[X,0x0000000080012F7A] -> 0x0000
[2027] [M]: 0x0000000080012F78 (0x00000213) addi tp, zero, 0
x4 <- 0x0000000000000000
mem[X,0x0000000080012F7C] -> 0x006F
mem[X,0x0000000080012F7E] -> 0x00C0
[2028] [M]: 0x0000000080012F7C (0x00C0006F) jal zero, 12
mem[X,0x0000000080012F88] -> 0x0663
mem[X,0x0000000080012F8A] -> 0x00B5
[2029] [M]: 0x0000000080012F88 (0x00B50663) beq a0, a1, 12
mem[X,0x0000000080012F8C] -> 0x0213
mem[X,0x0000000080012F8E] -> 0x0022
[2030] [M]: 0x0000000080012F8C (0x00220213) addi tp, tp, 2
x4 <- 0x0000000000000002
mem[X,0x0000000080012F90] -> 0x006F
mem[X,0x0000000080012F92] -> 0x00C0
[2031] [M]: 0x0000000080012F90 (0x00C0006F) jal zero, 12
mem[X,0x0000000080012F9C] -> 0x3023
mem[X,0x0000000080012F9E] -> 0x4441
[2032] [M]: 0x0000000080012F9C (0x44413023) sd tp, 1088(sp)
mem[0x0000000080049608] <- 0x0000000000000002
mem[X,0x0000000080012FA0] -> 0x0513
mem[X,0x0000000080012FA2] -> 0x0010
[2033] [M]: 0x0000000080012FA0 (0x00100513) addi a0, zero, 1
x10 <- 0x0000000000000001
mem[X,0x0000000080012FA4] -> 0x1513
mem[X,0x0000000080012FA6] -> 0x02E5
[2034] [M]: 0x0000000080012FA4 (0x02E51513) slli a0, a0, 46
x10 <- 0x0000400000000000
mem[X,0x0000000080012FA8] -> 0x05B7
mem[X,0x0000000080012FAA] -> 0x0000
[2035] [M]: 0x0000000080012FA8 (0x000005B7) lui a1, 0
x11 <- 0x0000000000000000
mem[X,0x0000000080012FAC] -> 0x8593
mem[X,0x0000000080012FAE] -> 0x0005
[2036] [M]: 0x0000000080012FAC (0x00058593) addi a1, a1, 0
x11 <- 0x0000000000000000
mem[X,0x0000000080012FB0] -> 0x9593
mem[X,0x0000000080012FB2] -> 0x00B5
[2037] [M]: 0x0000000080012FB0 (0x00B59593) slli a1, a1, 11
x11 <- 0x0000000000000000
mem[X,0x0000000080012FB4] -> 0x8593
mem[X,0x0000000080012FB6] -> 0x5A85
[2038] [M]: 0x0000000080012FB4 (0x5A858593) addi a1, a1, 1448
x11 <- 0x00000000000005A8
mem[X,0x0000000080012FB8] -> 0x9593
mem[X,0x0000000080012FBA] -> 0x00B5
[2039] [M]: 0x0000000080012FB8 (0x00B59593) slli a1, a1, 11
x11 <- 0x00000000002D4000
mem[X,0x0000000080012FBC] -> 0x8593
mem[X,0x0000000080012FBE] -> 0x13C5
[2040] [M]: 0x0000000080012FBC (0x13C58593) addi a1, a1, 316
x11 <- 0x00000000002D413C
mem[X,0x0000000080012FC0] -> 0x9593
mem[X,0x0000000080012FC2] -> 0x00A5
[2041] [M]: 0x0000000080012FC0 (0x00A59593) slli a1, a1, 10
x11 <- 0x00000000B504F000
mem[X,0x0000000080012FC4] -> 0x8593
mem[X,0x0000000080012FC6] -> 0x3335
[2042] [M]: 0x0000000080012FC4 (0x33358593) addi a1, a1, 819
x11 <- 0x00000000B504F333
mem[X,0x0000000080012FC8] -> 0x0213
mem[X,0x0000000080012FCA] -> 0x0000
[2043] [M]: 0x0000000080012FC8 (0x00000213) addi tp, zero, 0
x4 <- 0x0000000000000000
mem[X,0x0000000080012FCC] -> 0x006F
mem[X,0x0000000080012FCE] -> 0x0050
[2044] [M]: 0x0000000080012FCC (0x0050006F) jal zero, 2052
mem[X,0x00000000800137D0] -> 0x00E3
mem[X,0x00000000800137D2] -> 0x80B5
[2045] [M]: 0x00000000800137D0 (0x80B500E3) beq a0, a1, 6144
mem[X,0x00000000800137D4] -> 0x0213
mem[X,0x00000000800137D6] -> 0x0022
[2046] [M]: 0x00000000800137D4 (0x00220213) addi tp, tp, 2
x4 <- 0x0000000000000002
mem[X,0x00000000800137D8] -> 0x006F
mem[X,0x00000000800137DA] -> 0x00C0
[2047] [M]: 0x00000000800137D8 (0x00C0006F) jal zero, 12
mem[X,0x00000000800137E4] -> 0x3423
mem[X,0x00000000800137E6] -> 0x4441
[2048] [M]: 0x00000000800137E4 (0x44413423) sd tp, 1096(sp)
mem[0x0000000080049610] <- 0x0000000000000002
mem[X,0x00000000800137E8] -> 0x0513
mem[X,0x00000000800137EA] -> 0x0010
[2049] [M]: 0x00000000800137E8 (0x00100513) addi a0, zero, 1
x10 <- 0x0000000000000001
mem[X,0x00000000800137EC] -> 0x1513
mem[X,0x00000000800137EE] -> 0x0305
[2050] [M]: 0x00000000800137EC (0x03051513) slli a0, a0, 48
x10 <- 0x0001000000000000
mem[X,0x00000000800137F0] -> 0x0593
mem[X,0x00000000800137F2] -> 0x0010
[2051] [M]: 0x00000000800137F0 (0x00100593) addi a1, zero, 1
x11 <- 0x0000000000000001
mem[X,0x00000000800137F4] -> 0x9593
mem[X,0x00000000800137F6] -> 0x03C5
[2052] [M]: 0x00000000800137F4 (0x03C59593) slli a1, a1, 60
x11 <- 0x1000000000000000
mem[X,0x00000000800137F8] -> 0x0213
mem[X,0x00000000800137FA] -> 0x0000
[2053] [M]: 0x00000000800137F8 (0x00000213) addi tp, zero, 0
x4 <- 0x0000000000000000
mem[X,0x00000000800137FC] -> 0x006F
mem[X,0x00000000800137FE] -> 0x00C0
[2054] [M]: 0x00000000800137FC (0x00C0006F) jal zero, 12
mem[X,0x0000000080013808] -> 0x0663
mem[X,0x000000008001380A] -> 0x00B5
[2055] [M]: 0x0000000080013808 (0x00B50663) beq a0, a1, 12
mem[X,0x000000008001380C] -> 0x0213
mem[X,0x000000008001380E] -> 0x0022
[2056] [M]: 0x000000008001380C (0x00220213) addi tp, tp, 2
x4 <- 0x0000000000000002
mem[X,0x0000000080013810] -> 0x006F
mem[X,0x0000000080013812] -> 0x00C0
[2057] [M]: 0x0000000080013810 (0x00C0006F) jal zero, 12
mem[X,0x000000008001381C] -> 0x3823
mem[X,0x000000008001381E] -> 0x4441
[2058] [M]: 0x000000008001381C (0x44413823) sd tp, 1104(sp)
mem[0x0000000080049618] <- 0x0000000000000002
mem[X,0x0000000080013820] -> 0x0513
mem[X,0x0000000080013822] -> 0x0010
[2059] [M]: 0x0000000080013820 (0x00100513) addi a0, zero, 1
x10 <- 0x0000000000000001
mem[X,0x0000000080013824] -> 0x1513
mem[X,0x0000000080013826] -> 0x0315
[2060] [M]: 0x0000000080013824 (0x03151513) slli a0, a0, 49
x10 <- 0x0002000000000000
mem[X,0x0000000080013828] -> 0x0593
mem[X,0x000000008001382A] -> 0x0010
[2061] [M]: 0x0000000080013828 (0x00100593) addi a1, zero, 1
x11 <- 0x0000000000000001
mem[X,0x000000008001382C] -> 0x9593
mem[X,0x000000008001382E] -> 0x02F5
[2062] [M]: 0x000000008001382C (0x02F59593) slli a1, a1, 47
x11 <- 0x0000800000000000
mem[X,0x0000000080013830] -> 0x0213
mem[X,0x0000000080013832] -> 0x0000
[2063] [M]: 0x0000000080013830 (0x00000213) addi tp, zero, 0
x4 <- 0x0000000000000000
mem[X,0x0000000080013834] -> 0x006F
mem[X,0x0000000080013836] -> 0x2B10
[2064] [M]: 0x0000000080013834 (0x2B10006F) jal zero, 2736
mem[X,0x00000000800142E4] -> 0x0A63
mem[X,0x00000000800142E6] -> 0xD4B5
[2065] [M]: 0x00000000800142E4 (0xD4B50A63) beq a0, a1, 5460
mem[X,0x00000000800142E8] -> 0x0213
mem[X,0x00000000800142EA] -> 0x0022
[2066] [M]: 0x00000000800142E8 (0x00220213) addi tp, tp, 2
x4 <- 0x0000000000000002
mem[X,0x00000000800142EC] -> 0x006F
mem[X,0x00000000800142EE] -> 0x00C0
[2067] [M]: 0x00000000800142EC (0x00C0006F) jal zero, 12
mem[X,0x00000000800142F8] -> 0x3C23
mem[X,0x00000000800142FA] -> 0x4441
[2068] [M]: 0x00000000800142F8 (0x44413C23) sd tp, 1112(sp)
mem[0x0000000080049620] <- 0x0000000000000002
mem[X,0x00000000800142FC] -> 0x0513
mem[X,0x00000000800142FE] -> 0x0010
[2069] [M]: 0x00000000800142FC (0x00100513) addi a0, zero, 1
x10 <- 0x0000000000000001
mem[X,0x0000000080014300] -> 0x1513
mem[X,0x0000000080014302] -> 0x0325
[2070] [M]: 0x0000000080014300 (0x03251513) slli a0, a0, 50
x10 <- 0x0004000000000000
mem[X,0x0000000080014304] -> 0x0593
mem[X,0x0000000080014306] -> 0x0010
[2071] [M]: 0x0000000080014304 (0x00100593) addi a1, zero, 1
x11 <- 0x0000000000000001
mem[X,0x0000000080014308] -> 0x9593
mem[X,0x000000008001430A] -> 0x01E5
[2072] [M]: 0x0000000080014308 (0x01E59593) slli a1, a1, 30
x11 <- 0x0000000040000000
mem[X,0x000000008001430C] -> 0x0213
mem[X,0x000000008001430E] -> 0x0000
[2073] [M]: 0x000000008001430C (0x00000213) addi tp, zero, 0
x4 <- 0x0000000000000000
mem[X,0x0000000080014310] -> 0x006F
mem[X,0x0000000080014312] -> 0x00C0
[2074] [M]: 0x0000000080014310 (0x00C0006F) jal zero, 12
mem[X,0x000000008001431C] -> 0x0663
mem[X,0x000000008001431E] -> 0x00B5
[2075] [M]: 0x000000008001431C (0x00B50663) beq a0, a1, 12
mem[X,0x0000000080014320] -> 0x0213
mem[X,0x0000000080014322] -> 0x0022
[2076] [M]: 0x0000000080014320 (0x00220213) addi tp, tp, 2
x4 <- 0x0000000000000002
mem[X,0x0000000080014324] -> 0x006F
mem[X,0x0000000080014326] -> 0x00C0
[2077] [M]: 0x0000000080014324 (0x00C0006F) jal zero, 12
mem[X,0x0000000080014330] -> 0x3023
mem[X,0x0000000080014332] -> 0x4641
[2078] [M]: 0x0000000080014330 (0x46413023) sd tp, 1120(sp)
mem[0x0000000080049628] <- 0x0000000000000002
mem[X,0x0000000080014334] -> 0x0513
mem[X,0x0000000080014336] -> 0x0010
[2079] [M]: 0x0000000080014334 (0x00100513) addi a0, zero, 1
x10 <- 0x0000000000000001
mem[X,0x0000000080014338] -> 0x1513
mem[X,0x000000008001433A] -> 0x0335
[2080] [M]: 0x0000000080014338 (0x03351513) slli a0, a0, 51
x10 <- 0x0008000000000000
mem[X,0x000000008001433C] -> 0x0593
mem[X,0x000000008001433E] -> 0x0010
[2081] [M]: 0x000000008001433C (0x00100593) addi a1, zero, 1
x11 <- 0x0000000000000001
mem[X,0x0000000080014340] -> 0x9593
mem[X,0x0000000080014342] -> 0x0115
[2082] [M]: 0x0000000080014340 (0x01159593) slli a1, a1, 17
x11 <- 0x0000000000020000
mem[X,0x0000000080014344] -> 0xC593
mem[X,0x0000000080014346] -> 0xFFF5
[2083] [M]: 0x0000000080014344 (0xFFF5C593) xori a1, a1, 4095
x11 <- 0xFFFFFFFFFFFDFFFF
mem[X,0x0000000080014348] -> 0x0213
mem[X,0x000000008001434A] -> 0x0000
[2084] [M]: 0x0000000080014348 (0x00000213) addi tp, zero, 0
x4 <- 0x0000000000000000
mem[X,0x000000008001434C] -> 0x006F
mem[X,0x000000008001434E] -> 0x00C0
[2085] [M]: 0x000000008001434C (0x00C0006F) jal zero, 12
mem[X,0x0000000080014358] -> 0x0663
mem[X,0x000000008001435A] -> 0x00B5
[2086] [M]: 0x0000000080014358 (0x00B50663) beq a0, a1, 12
mem[X,0x000000008001435C] -> 0x0213
mem[X,0x000000008001435E] -> 0x0022
[2087] [M]: 0x000000008001435C (0x00220213) addi tp, tp, 2
x4 <- 0x0000000000000002
mem[X,0x0000000080014360] -> 0x006F
mem[X,0x0000000080014362] -> 0x00C0
[2088] [M]: 0x0000000080014360 (0x00C0006F) jal zero, 12
mem[X,0x000000008001436C] -> 0x3423
mem[X,0x000000008001436E] -> 0x4641
[2089] [M]: 0x000000008001436C (0x46413423) sd tp, 1128(sp)
mem[0x0000000080049630] <- 0x0000000000000002
mem[X,0x0000000080014370] -> 0x0513
mem[X,0x0000000080014372] -> 0x0010
[2090] [M]: 0x0000000080014370 (0x00100513) addi a0, zero, 1
x10 <- 0x0000000000000001
mem[X,0x0000000080014374] -> 0x1513
mem[X,0x0000000080014376] -> 0x0345
[2091] [M]: 0x0000000080014374 (0x03451513) slli a0, a0, 52
x10 <- 0x0010000000000000
mem[X,0x0000000080014378] -> 0x0593
mem[X,0x000000008001437A] -> 0x0010
[2092] [M]: 0x0000000080014378 (0x00100593) addi a1, zero, 1
x11 <- 0x0000000000000001
mem[X,0x000000008001437C] -> 0x9593
mem[X,0x000000008001437E] -> 0x0335
[2093] [M]: 0x000000008001437C (0x03359593) slli a1, a1, 51
x11 <- 0x0008000000000000
mem[X,0x0000000080014380] -> 0x0213
mem[X,0x0000000080014382] -> 0x0000
[2094] [M]: 0x0000000080014380 (0x00000213) addi tp, zero, 0
x4 <- 0x0000000000000000
mem[X,0x0000000080014384] -> 0x006F
mem[X,0x0000000080014386] -> 0x2B10
[2095] [M]: 0x0000000080014384 (0x2B10006F) jal zero, 2736
mem[X,0x0000000080014E34] -> 0x0A63
mem[X,0x0000000080014E36] -> 0xD4B5
[2096] [M]: 0x0000000080014E34 (0xD4B50A63) beq a0, a1, 5460
mem[X,0x0000000080014E38] -> 0x0213
mem[X,0x0000000080014E3A] -> 0x0022
[2097] [M]: 0x0000000080014E38 (0x00220213) addi tp, tp, 2
x4 <- 0x0000000000000002
mem[X,0x0000000080014E3C] -> 0x006F
mem[X,0x0000000080014E3E] -> 0x00C0
[2098] [M]: 0x0000000080014E3C (0x00C0006F) jal zero, 12
mem[X,0x0000000080014E48] -> 0x3823
mem[X,0x0000000080014E4A] -> 0x4641
[2099] [M]: 0x0000000080014E48 (0x46413823) sd tp, 1136(sp)
mem[0x0000000080049638] <- 0x0000000000000002
clint::tick mtime <- 0x0000000000000015
 clint timer pending at mtime 0x0000000000000015
htif::tick 0x0000000000000000
mem[X,0x0000000080014E4C] -> 0x0513
mem[X,0x0000000080014E4E] -> 0x0010
[2100] [M]: 0x0000000080014E4C (0x00100513) addi a0, zero, 1
x10 <- 0x0000000000000001
mem[X,0x0000000080014E50] -> 0x1513
mem[X,0x0000000080014E52] -> 0x0365
[2101] [M]: 0x0000000080014E50 (0x03651513) slli a0, a0, 54
x10 <- 0x0040000000000000
mem[X,0x0000000080014E54] -> 0x0593
mem[X,0x0000000080014E56] -> 0x0010
[2102] [M]: 0x0000000080014E54 (0x00100593) addi a1, zero, 1
x11 <- 0x0000000000000001
mem[X,0x0000000080014E58] -> 0x9593
mem[X,0x0000000080014E5A] -> 0x0375
[2103] [M]: 0x0000000080014E58 (0x03759593) slli a1, a1, 55
x11 <- 0x0080000000000000
mem[X,0x0000000080014E5C] -> 0xC593
mem[X,0x0000000080014E5E] -> 0xFFF5
[2104] [M]: 0x0000000080014E5C (0xFFF5C593) xori a1, a1, 4095
x11 <- 0xFF7FFFFFFFFFFFFF
mem[X,0x0000000080014E60] -> 0x0213
mem[X,0x0000000080014E62] -> 0x0000
[2105] [M]: 0x0000000080014E60 (0x00000213) addi tp, zero, 0
x4 <- 0x0000000000000000
mem[X,0x0000000080014E64] -> 0x006F
mem[X,0x0000000080014E66] -> 0x00C0
[2106] [M]: 0x0000000080014E64 (0x00C0006F) jal zero, 12
mem[X,0x0000000080014E70] -> 0x0663
mem[X,0x0000000080014E72] -> 0x00B5
[2107] [M]: 0x0000000080014E70 (0x00B50663) beq a0, a1, 12
mem[X,0x0000000080014E74] -> 0x0213
mem[X,0x0000000080014E76] -> 0x0022
[2108] [M]: 0x0000000080014E74 (0x00220213) addi tp, tp, 2
x4 <- 0x0000000000000002
mem[X,0x0000000080014E78] -> 0x006F
mem[X,0x0000000080014E7A] -> 0x00C0
[2109] [M]: 0x0000000080014E78 (0x00C0006F) jal zero, 12
mem[X,0x0000000080014E84] -> 0x3C23
mem[X,0x0000000080014E86] -> 0x4641
[2110] [M]: 0x0000000080014E84 (0x46413C23) sd tp, 1144(sp)
mem[0x0000000080049640] <- 0x0000000000000002
mem[X,0x0000000080014E88] -> 0x0513
mem[X,0x0000000080014E8A] -> 0x0010
[2111] [M]: 0x0000000080014E88 (0x00100513) addi a0, zero, 1
x10 <- 0x0000000000000001
mem[X,0x0000000080014E8C] -> 0x1513
mem[X,0x0000000080014E8E] -> 0x0385
[2112] [M]: 0x0000000080014E8C (0x03851513) slli a0, a0, 56
x10 <- 0x0100000000000000
mem[X,0x0000000080014E90] -> 0x0593
mem[X,0x0000000080014E92] -> 0x0800
[2113] [M]: 0x0000000080014E90 (0x08000593) addi a1, zero, 128
x11 <- 0x0000000000000080
mem[X,0x0000000080014E94] -> 0x0213
mem[X,0x0000000080014E96] -> 0x0000
[2114] [M]: 0x0000000080014E94 (0x00000213) addi tp, zero, 0
x4 <- 0x0000000000000000
mem[X,0x0000000080014E98] -> 0x006F
mem[X,0x0000000080014E9A] -> 0x00C0
[2115] [M]: 0x0000000080014E98 (0x00C0006F) jal zero, 12
mem[X,0x0000000080014EA4] -> 0x0063
mem[X,0x0000000080014EA6] -> 0x02B5
[2116] [M]: 0x0000000080014EA4 (0x02B50063) beq a0, a1, 32
mem[X,0x0000000080014EA8] -> 0x0213
mem[X,0x0000000080014EAA] -> 0x0022
[2117] [M]: 0x0000000080014EA8 (0x00220213) addi tp, tp, 2
x4 <- 0x0000000000000002
mem[X,0x0000000080014EAC] -> 0x006F
mem[X,0x0000000080014EAE] -> 0x0200
[2118] [M]: 0x0000000080014EAC (0x0200006F) jal zero, 32
mem[X,0x0000000080014ECC] -> 0x3023
mem[X,0x0000000080014ECE] -> 0x4841
[2119] [M]: 0x0000000080014ECC (0x48413023) sd tp, 1152(sp)
mem[0x0000000080049648] <- 0x0000000000000002
mem[X,0x0000000080014ED0] -> 0x0513
mem[X,0x0000000080014ED2] -> 0x0010
[2120] [M]: 0x0000000080014ED0 (0x00100513) addi a0, zero, 1
x10 <- 0x0000000000000001
mem[X,0x0000000080014ED4] -> 0x1513
mem[X,0x0000000080014ED6] -> 0x0395
[2121] [M]: 0x0000000080014ED4 (0x03951513) slli a0, a0, 57
x10 <- 0x0200000000000000
mem[X,0x0000000080014ED8] -> 0x0593
mem[X,0x0000000080014EDA] -> 0xEFF0
[2122] [M]: 0x0000000080014ED8 (0xEFF00593) addi a1, zero, 3839
x11 <- 0xFFFFFFFFFFFFFEFF
mem[X,0x0000000080014EDC] -> 0x0213
mem[X,0x0000000080014EDE] -> 0x0000
[2123] [M]: 0x0000000080014EDC (0x00000213) addi tp, zero, 0
x4 <- 0x0000000000000000
mem[X,0x0000000080014EE0] -> 0x006F
mem[X,0x0000000080014EE2] -> 0x00C0
[2124] [M]: 0x0000000080014EE0 (0x00C0006F) jal zero, 12
mem[X,0x0000000080014EEC] -> 0x0CE3
mem[X,0x0000000080014EEE] -> 0xFEB5
[2125] [M]: 0x0000000080014EEC (0xFEB50CE3) beq a0, a1, 8184
mem[X,0x0000000080014EF0] -> 0x0213
mem[X,0x0000000080014EF2] -> 0x0022
[2126] [M]: 0x0000000080014EF0 (0x00220213) addi tp, tp, 2
x4 <- 0x0000000000000002
mem[X,0x0000000080014EF4] -> 0x006F
mem[X,0x0000000080014EF6] -> 0x00C0
[2127] [M]: 0x0000000080014EF4 (0x00C0006F) jal zero, 12
mem[X,0x0000000080014F00] -> 0x3423
mem[X,0x0000000080014F02] -> 0x4841
[2128] [M]: 0x0000000080014F00 (0x48413423) sd tp, 1160(sp)
mem[0x0000000080049650] <- 0x0000000000000002
mem[X,0x0000000080014F04] -> 0x0513
mem[X,0x0000000080014F06] -> 0x0010
[2129] [M]: 0x0000000080014F04 (0x00100513) addi a0, zero, 1
x10 <- 0x0000000000000001
mem[X,0x0000000080014F08] -> 0x1513
mem[X,0x0000000080014F0A] -> 0x03C5
[2130] [M]: 0x0000000080014F08 (0x03C51513) slli a0, a0, 60
x10 <- 0x1000000000000000
mem[X,0x0000000080014F0C] -> 0x0593
mem[X,0x0000000080014F0E] -> 0x0010
[2131] [M]: 0x0000000080014F0C (0x00100593) addi a1, zero, 1
x11 <- 0x0000000000000001
mem[X,0x0000000080014F10] -> 0x9593
mem[X,0x0000000080014F12] -> 0x01A5
[2132] [M]: 0x0000000080014F10 (0x01A59593) slli a1, a1, 26
x11 <- 0x0000000004000000
mem[X,0x0000000080014F14] -> 0x0213
mem[X,0x0000000080014F16] -> 0x0000
[2133] [M]: 0x0000000080014F14 (0x00000213) addi tp, zero, 0
x4 <- 0x0000000000000000
mem[X,0x0000000080014F18] -> 0x006F
mem[X,0x0000000080014F1A] -> 0x00C0
[2134] [M]: 0x0000000080014F18 (0x00C0006F) jal zero, 12
mem[X,0x0000000080014F24] -> 0x0663
mem[X,0x0000000080014F26] -> 0x00B5
[2135] [M]: 0x0000000080014F24 (0x00B50663) beq a0, a1, 12
mem[X,0x0000000080014F28] -> 0x0213
mem[X,0x0000000080014F2A] -> 0x0022
[2136] [M]: 0x0000000080014F28 (0x00220213) addi tp, tp, 2
x4 <- 0x0000000000000002
mem[X,0x0000000080014F2C] -> 0x006F
mem[X,0x0000000080014F2E] -> 0x00C0
[2137] [M]: 0x0000000080014F2C (0x00C0006F) jal zero, 12
mem[X,0x0000000080014F38] -> 0x3823
mem[X,0x0000000080014F3A] -> 0x4841
[2138] [M]: 0x0000000080014F38 (0x48413823) sd tp, 1168(sp)
mem[0x0000000080049658] <- 0x0000000000000002
mem[X,0x0000000080014F3C] -> 0x0513
mem[X,0x0000000080014F3E] -> 0x0010
[2139] [M]: 0x0000000080014F3C (0x00100513) addi a0, zero, 1
x10 <- 0x0000000000000001
mem[X,0x0000000080014F40] -> 0x1513
mem[X,0x0000000080014F42] -> 0x03D5
[2140] [M]: 0x0000000080014F40 (0x03D51513) slli a0, a0, 61
x10 <- 0x2000000000000000
mem[X,0x0000000080014F44] -> 0x0593
mem[X,0x0000000080014F46] -> 0x0010
[2141] [M]: 0x0000000080014F44 (0x00100593) addi a1, zero, 1
x11 <- 0x0000000000000001
mem[X,0x0000000080014F48] -> 0x9593
mem[X,0x0000000080014F4A] -> 0x02C5
[2142] [M]: 0x0000000080014F48 (0x02C59593) slli a1, a1, 44
x11 <- 0x0000100000000000
mem[X,0x0000000080014F4C] -> 0xC593
mem[X,0x0000000080014F4E] -> 0xFFF5
[2143] [M]: 0x0000000080014F4C (0xFFF5C593) xori a1, a1, 4095
x11 <- 0xFFFFEFFFFFFFFFFF
mem[X,0x0000000080014F50] -> 0x0213
mem[X,0x0000000080014F52] -> 0x0000
[2144] [M]: 0x0000000080014F50 (0x00000213) addi tp, zero, 0
x4 <- 0x0000000000000000
mem[X,0x0000000080014F54] -> 0x006F
mem[X,0x0000000080014F56] -> 0x00C0
[2145] [M]: 0x0000000080014F54 (0x00C0006F) jal zero, 12
mem[X,0x0000000080014F60] -> 0x0663
mem[X,0x0000000080014F62] -> 0x00B5
[2146] [M]: 0x0000000080014F60 (0x00B50663) beq a0, a1, 12
mem[X,0x0000000080014F64] -> 0x0213
mem[X,0x0000000080014F66] -> 0x0022
[2147] [M]: 0x0000000080014F64 (0x00220213) addi tp, tp, 2
x4 <- 0x0000000000000002
mem[X,0x0000000080014F68] -> 0x006F
mem[X,0x0000000080014F6A] -> 0x00C0
[2148] [M]: 0x0000000080014F68 (0x00C0006F) jal zero, 12
mem[X,0x0000000080014F74] -> 0x3C23
mem[X,0x0000000080014F76] -> 0x4841
[2149] [M]: 0x0000000080014F74 (0x48413C23) sd tp, 1176(sp)
mem[0x0000000080049660] <- 0x0000000000000002
mem[X,0x0000000080014F78] -> 0x0513
mem[X,0x0000000080014F7A] -> 0xFFE0
[2150] [M]: 0x0000000080014F78 (0xFFE00513) addi a0, zero, 4094
x10 <- 0xFFFFFFFFFFFFFFFE
mem[X,0x0000000080014F7C] -> 0x0593
mem[X,0x0000000080014F7E] -> 0x0050
[2151] [M]: 0x0000000080014F7C (0x00500593) addi a1, zero, 5
x11 <- 0x0000000000000005
mem[X,0x0000000080014F80] -> 0x0213
mem[X,0x0000000080014F82] -> 0x0000
[2152] [M]: 0x0000000080014F80 (0x00000213) addi tp, zero, 0
x4 <- 0x0000000000000000
mem[X,0x0000000080014F84] -> 0x006F
mem[X,0x0000000080014F86] -> 0x00C0
[2153] [M]: 0x0000000080014F84 (0x00C0006F) jal zero, 12
mem[X,0x0000000080014F90] -> 0x0663
mem[X,0x0000000080014F92] -> 0x00B5
[2154] [M]: 0x0000000080014F90 (0x00B50663) beq a0, a1, 12
mem[X,0x0000000080014F94] -> 0x0213
mem[X,0x0000000080014F96] -> 0x0022
[2155] [M]: 0x0000000080014F94 (0x00220213) addi tp, tp, 2
x4 <- 0x0000000000000002
mem[X,0x0000000080014F98] -> 0x006F
mem[X,0x0000000080014F9A] -> 0x00C0
[2156] [M]: 0x0000000080014F98 (0x00C0006F) jal zero, 12
mem[X,0x0000000080014FA4] -> 0x3023
mem[X,0x0000000080014FA6] -> 0x4A41
[2157] [M]: 0x0000000080014FA4 (0x4A413023) sd tp, 1184(sp)
mem[0x0000000080049668] <- 0x0000000000000002
mem[X,0x0000000080014FA8] -> 0x0513
mem[X,0x0000000080014FAA] -> 0xFEF0
[2158] [M]: 0x0000000080014FA8 (0xFEF00513) addi a0, zero, 4079
x10 <- 0xFFFFFFFFFFFFFFEF
mem[X,0x0000000080014FAC] -> 0x0593
mem[X,0x0000000080014FAE] -> 0xFFB0
[2159] [M]: 0x0000000080014FAC (0xFFB00593) addi a1, zero, 4091
x11 <- 0xFFFFFFFFFFFFFFFB
mem[X,0x0000000080014FB0] -> 0x0213
mem[X,0x0000000080014FB2] -> 0x0000
[2160] [M]: 0x0000000080014FB0 (0x00000213) addi tp, zero, 0
x4 <- 0x0000000000000000
mem[X,0x0000000080014FB4] -> 0x006F
mem[X,0x0000000080014FB6] -> 0x00C0
[2161] [M]: 0x0000000080014FB4 (0x00C0006F) jal zero, 12
mem[X,0x0000000080014FC0] -> 0x0663
mem[X,0x0000000080014FC2] -> 0x00B5
[2162] [M]: 0x0000000080014FC0 (0x00B50663) beq a0, a1, 12
mem[X,0x0000000080014FC4] -> 0x0213
mem[X,0x0000000080014FC6] -> 0x0022
[2163] [M]: 0x0000000080014FC4 (0x00220213) addi tp, tp, 2
x4 <- 0x0000000000000002
mem[X,0x0000000080014FC8] -> 0x006F
mem[X,0x0000000080014FCA] -> 0x00C0
[2164] [M]: 0x0000000080014FC8 (0x00C0006F) jal zero, 12
mem[X,0x0000000080014FD4] -> 0x3423
mem[X,0x0000000080014FD6] -> 0x4A41
[2165] [M]: 0x0000000080014FD4 (0x4A413423) sd tp, 1192(sp)
mem[0x0000000080049670] <- 0x0000000000000002
mem[X,0x0000000080014FD8] -> 0x0513
mem[X,0x0000000080014FDA] -> 0xFDF0
[2166] [M]: 0x0000000080014FD8 (0xFDF00513) addi a0, zero, 4063
x10 <- 0xFFFFFFFFFFFFFFDF
mem[X,0x0000000080014FDC] -> 0x0593
mem[X,0x0000000080014FDE] -> 0x0010
[2167] [M]: 0x0000000080014FDC (0x00100593) addi a1, zero, 1
x11 <- 0x0000000000000001
mem[X,0x0000000080014FE0] -> 0x9593
mem[X,0x0000000080014FE2] -> 0x00C5
[2168] [M]: 0x0000000080014FE0 (0x00C59593) slli a1, a1, 12
x11 <- 0x0000000000001000
mem[X,0x0000000080014FE4] -> 0x0213
mem[X,0x0000000080014FE6] -> 0x0000
[2169] [M]: 0x0000000080014FE4 (0x00000213) addi tp, zero, 0
x4 <- 0x0000000000000000
mem[X,0x0000000080014FE8] -> 0x006F
mem[X,0x0000000080014FEA] -> 0x00C0
[2170] [M]: 0x0000000080014FE8 (0x00C0006F) jal zero, 12
mem[X,0x0000000080014FF4] -> 0x0063
mem[X,0x0000000080014FF6] -> 0x04B5
[2171] [M]: 0x0000000080014FF4 (0x04B50063) beq a0, a1, 64
mem[X,0x0000000080014FF8] -> 0x0213
mem[X,0x0000000080014FFA] -> 0x0022
[2172] [M]: 0x0000000080014FF8 (0x00220213) addi tp, tp, 2
x4 <- 0x0000000000000002
mem[X,0x0000000080014FFC] -> 0x006F
mem[X,0x0000000080014FFE] -> 0x0400
[2173] [M]: 0x0000000080014FFC (0x0400006F) jal zero, 64
mem[X,0x000000008001503C] -> 0x3823
mem[X,0x000000008001503E] -> 0x4A41
[2174] [M]: 0x000000008001503C (0x4A413823) sd tp, 1200(sp)
mem[0x0000000080049678] <- 0x0000000000000002
mem[X,0x0000000080015040] -> 0x0513
mem[X,0x0000000080015042] -> 0xFBF0
[2175] [M]: 0x0000000080015040 (0xFBF00513) addi a0, zero, 4031
x10 <- 0xFFFFFFFFFFFFFFBF
mem[X,0x0000000080015044] -> 0x0593
mem[X,0x0000000080015046] -> 0x0010
[2176] [M]: 0x0000000080015044 (0x00100593) addi a1, zero, 1
x11 <- 0x0000000000000001
mem[X,0x0000000080015048] -> 0x9593
mem[X,0x000000008001504A] -> 0x01E5
[2177] [M]: 0x0000000080015048 (0x01E59593) slli a1, a1, 30
x11 <- 0x0000000040000000
mem[X,0x000000008001504C] -> 0x0213
mem[X,0x000000008001504E] -> 0x0000
[2178] [M]: 0x000000008001504C (0x00000213) addi tp, zero, 0
x4 <- 0x0000000000000000
mem[X,0x0000000080015050] -> 0x006F
mem[X,0x0000000080015052] -> 0x0050
[2179] [M]: 0x0000000080015050 (0x0050006F) jal zero, 2052
mem[X,0x0000000080015854] -> 0x00E3
mem[X,0x0000000080015856] -> 0x80B5
[2180] [M]: 0x0000000080015854 (0x80B500E3) beq a0, a1, 6144
mem[X,0x0000000080015858] -> 0x0213
mem[X,0x000000008001585A] -> 0x0022
[2181] [M]: 0x0000000080015858 (0x00220213) addi tp, tp, 2
x4 <- 0x0000000000000002
mem[X,0x000000008001585C] -> 0x006F
mem[X,0x000000008001585E] -> 0x00C0
[2182] [M]: 0x000000008001585C (0x00C0006F) jal zero, 12
mem[X,0x0000000080015868] -> 0x3C23
mem[X,0x000000008001586A] -> 0x4A41
[2183] [M]: 0x0000000080015868 (0x4A413C23) sd tp, 1208(sp)
mem[0x0000000080049680] <- 0x0000000000000002
mem[X,0x000000008001586C] -> 0x0513
mem[X,0x000000008001586E] -> 0x0010
[2184] [M]: 0x000000008001586C (0x00100513) addi a0, zero, 1
x10 <- 0x0000000000000001
mem[X,0x0000000080015870] -> 0x1513
mem[X,0x0000000080015872] -> 0x00B5
[2185] [M]: 0x0000000080015870 (0x00B51513) slli a0, a0, 11
x10 <- 0x0000000000000800
mem[X,0x0000000080015874] -> 0x4513
mem[X,0x0000000080015876] -> 0xFFF5
[2186] [M]: 0x0000000080015874 (0xFFF54513) xori a0, a0, 4095
x10 <- 0xFFFFFFFFFFFFF7FF
mem[X,0x0000000080015878] -> 0x0593
mem[X,0x000000008001587A] -> 0x0010
[2187] [M]: 0x0000000080015878 (0x00100593) addi a1, zero, 1
x11 <- 0x0000000000000001
mem[X,0x000000008001587C] -> 0x9593
mem[X,0x000000008001587E] -> 0x0355
[2188] [M]: 0x000000008001587C (0x03559593) slli a1, a1, 53
x11 <- 0x0020000000000000
mem[X,0x0000000080015880] -> 0x0213
mem[X,0x0000000080015882] -> 0x0000
[2189] [M]: 0x0000000080015880 (0x00000213) addi tp, zero, 0
x4 <- 0x0000000000000000
mem[X,0x0000000080015884] -> 0x006F
mem[X,0x0000000080015886] -> 0x00C0
[2190] [M]: 0x0000000080015884 (0x00C0006F) jal zero, 12
mem[X,0x0000000080015890] -> 0x0CE3
mem[X,0x0000000080015892] -> 0xFEB5
[2191] [M]: 0x0000000080015890 (0xFEB50CE3) beq a0, a1, 8184
mem[X,0x0000000080015894] -> 0x0213
mem[X,0x0000000080015896] -> 0x0022
[2192] [M]: 0x0000000080015894 (0x00220213) addi tp, tp, 2
x4 <- 0x0000000000000002
mem[X,0x0000000080015898] -> 0x006F
mem[X,0x000000008001589A] -> 0x00C0
[2193] [M]: 0x0000000080015898 (0x00C0006F) jal zero, 12
mem[X,0x00000000800158A4] -> 0x3023
mem[X,0x00000000800158A6] -> 0x4C41
[2194] [M]: 0x00000000800158A4 (0x4C413023) sd tp, 1216(sp)
mem[0x0000000080049688] <- 0x0000000000000002
mem[X,0x00000000800158A8] -> 0x0513
mem[X,0x00000000800158AA] -> 0x0010
[2195] [M]: 0x00000000800158A8 (0x00100513) addi a0, zero, 1
x10 <- 0x0000000000000001
mem[X,0x00000000800158AC] -> 0x1513
mem[X,0x00000000800158AE] -> 0x00D5
[2196] [M]: 0x00000000800158AC (0x00D51513) slli a0, a0, 13
x10 <- 0x0000000000002000
mem[X,0x00000000800158B0] -> 0x4513
mem[X,0x00000000800158B2] -> 0xFFF5
[2197] [M]: 0x00000000800158B0 (0xFFF54513) xori a0, a0, 4095
x10 <- 0xFFFFFFFFFFFFDFFF
mem[X,0x00000000800158B4] -> 0x0593
mem[X,0x00000000800158B6] -> 0x0010
[2198] [M]: 0x00000000800158B4 (0x00100593) addi a1, zero, 1
x11 <- 0x0000000000000001
mem[X,0x00000000800158B8] -> 0x9593
mem[X,0x00000000800158BA] -> 0x00F5
[2199] [M]: 0x00000000800158B8 (0x00F59593) slli a1, a1, 15
x11 <- 0x0000000000008000
clint::tick mtime <- 0x0000000000000016
 clint timer pending at mtime 0x0000000000000016
htif::tick 0x0000000000000000
mem[X,0x00000000800158BC] -> 0xC593
mem[X,0x00000000800158BE] -> 0xFFF5
[2200] [M]: 0x00000000800158BC (0xFFF5C593) xori a1, a1, 4095
x11 <- 0xFFFFFFFFFFFF7FFF
mem[X,0x00000000800158C0] -> 0x0213
mem[X,0x00000000800158C2] -> 0x0000
[2201] [M]: 0x00000000800158C0 (0x00000213) addi tp, zero, 0
x4 <- 0x0000000000000000
mem[X,0x00000000800158C4] -> 0x006F
mem[X,0x00000000800158C6] -> 0x00C0
[2202] [M]: 0x00000000800158C4 (0x00C0006F) jal zero, 12
mem[X,0x00000000800158D0] -> 0x0CE3
mem[X,0x00000000800158D2] -> 0xFEB5
[2203] [M]: 0x00000000800158D0 (0xFEB50CE3) beq a0, a1, 8184
mem[X,0x00000000800158D4] -> 0x0213
mem[X,0x00000000800158D6] -> 0x0022
[2204] [M]: 0x00000000800158D4 (0x00220213) addi tp, tp, 2
x4 <- 0x0000000000000002
mem[X,0x00000000800158D8] -> 0x006F
mem[X,0x00000000800158DA] -> 0x00C0
[2205] [M]: 0x00000000800158D8 (0x00C0006F) jal zero, 12
mem[X,0x00000000800158E4] -> 0x3423
mem[X,0x00000000800158E6] -> 0x4C41
[2206] [M]: 0x00000000800158E4 (0x4C413423) sd tp, 1224(sp)
mem[0x0000000080049690] <- 0x0000000000000002
mem[X,0x00000000800158E8] -> 0x0513
mem[X,0x00000000800158EA] -> 0x0010
[2207] [M]: 0x00000000800158E8 (0x00100513) addi a0, zero, 1
x10 <- 0x0000000000000001
mem[X,0x00000000800158EC] -> 0x1513
mem[X,0x00000000800158EE] -> 0x0155
[2208] [M]: 0x00000000800158EC (0x01551513) slli a0, a0, 21
x10 <- 0x0000000000200000
mem[X,0x00000000800158F0] -> 0x4513
mem[X,0x00000000800158F2] -> 0xFFF5
[2209] [M]: 0x00000000800158F0 (0xFFF54513) xori a0, a0, 4095
x10 <- 0xFFFFFFFFFFDFFFFF
mem[X,0x00000000800158F4] -> 0x0593
mem[X,0x00000000800158F6] -> 0x0010
[2210] [M]: 0x00000000800158F4 (0x00100593) addi a1, zero, 1
x11 <- 0x0000000000000001
mem[X,0x00000000800158F8] -> 0x9593
mem[X,0x00000000800158FA] -> 0x0215
[2211] [M]: 0x00000000800158F8 (0x02159593) slli a1, a1, 33
x11 <- 0x0000000200000000
mem[X,0x00000000800158FC] -> 0x0213
mem[X,0x00000000800158FE] -> 0x0000
[2212] [M]: 0x00000000800158FC (0x00000213) addi tp, zero, 0
x4 <- 0x0000000000000000
mem[X,0x0000000080015900] -> 0x006F
mem[X,0x0000000080015902] -> 0x0100
[2213] [M]: 0x0000000080015900 (0x0100006F) jal zero, 16
mem[X,0x0000000080015910] -> 0x0AE3
mem[X,0x0000000080015912] -> 0xFEB5
[2214] [M]: 0x0000000080015910 (0xFEB50AE3) beq a0, a1, 8180
mem[X,0x0000000080015914] -> 0x0213
mem[X,0x0000000080015916] -> 0x0022
[2215] [M]: 0x0000000080015914 (0x00220213) addi tp, tp, 2
x4 <- 0x0000000000000002
mem[X,0x0000000080015918] -> 0x006F
mem[X,0x000000008001591A] -> 0x00C0
[2216] [M]: 0x0000000080015918 (0x00C0006F) jal zero, 12
mem[X,0x0000000080015924] -> 0x3823
mem[X,0x0000000080015926] -> 0x4C41
[2217] [M]: 0x0000000080015924 (0x4C413823) sd tp, 1232(sp)
mem[0x0000000080049698] <- 0x0000000000000002
mem[X,0x0000000080015928] -> 0x0513
mem[X,0x000000008001592A] -> 0x0010
[2218] [M]: 0x0000000080015928 (0x00100513) addi a0, zero, 1
x10 <- 0x0000000000000001
mem[X,0x000000008001592C] -> 0x1513
mem[X,0x000000008001592E] -> 0x0175
[2219] [M]: 0x000000008001592C (0x01751513) slli a0, a0, 23
x10 <- 0x0000000000800000
mem[X,0x0000000080015930] -> 0x4513
mem[X,0x0000000080015932] -> 0xFFF5
[2220] [M]: 0x0000000080015930 (0xFFF54513) xori a0, a0, 4095
x10 <- 0xFFFFFFFFFF7FFFFF
mem[X,0x0000000080015934] -> 0x0593
mem[X,0x0000000080015936] -> 0x0010
[2221] [M]: 0x0000000080015934 (0x00100593) addi a1, zero, 1
x11 <- 0x0000000000000001
mem[X,0x0000000080015938] -> 0x9593
mem[X,0x000000008001593A] -> 0x01E5
[2222] [M]: 0x0000000080015938 (0x01E59593) slli a1, a1, 30
x11 <- 0x0000000040000000
mem[X,0x000000008001593C] -> 0xC593
mem[X,0x000000008001593E] -> 0xFFF5
[2223] [M]: 0x000000008001593C (0xFFF5C593) xori a1, a1, 4095
x11 <- 0xFFFFFFFFBFFFFFFF
mem[X,0x0000000080015940] -> 0x0213
mem[X,0x0000000080015942] -> 0x0000
[2224] [M]: 0x0000000080015940 (0x00000213) addi tp, zero, 0
x4 <- 0x0000000000000000
mem[X,0x0000000080015944] -> 0x006F
mem[X,0x0000000080015946] -> 0x00C0
[2225] [M]: 0x0000000080015944 (0x00C0006F) jal zero, 12
mem[X,0x0000000080015950] -> 0x0863
mem[X,0x0000000080015952] -> 0x00B5
[2226] [M]: 0x0000000080015950 (0x00B50863) beq a0, a1, 16
mem[X,0x0000000080015954] -> 0x0213
mem[X,0x0000000080015956] -> 0x0022
[2227] [M]: 0x0000000080015954 (0x00220213) addi tp, tp, 2
x4 <- 0x0000000000000002
mem[X,0x0000000080015958] -> 0x006F
mem[X,0x000000008001595A] -> 0x0100
[2228] [M]: 0x0000000080015958 (0x0100006F) jal zero, 16
mem[X,0x0000000080015968] -> 0x3C23
mem[X,0x000000008001596A] -> 0x4C41
[2229] [M]: 0x0000000080015968 (0x4C413C23) sd tp, 1240(sp)
mem[0x00000000800496A0] <- 0x0000000000000002
mem[X,0x000000008001596C] -> 0x0513
mem[X,0x000000008001596E] -> 0x0010
[2230] [M]: 0x000000008001596C (0x00100513) addi a0, zero, 1
x10 <- 0x0000000000000001
mem[X,0x0000000080015970] -> 0x1513
mem[X,0x0000000080015972] -> 0x01B5
[2231] [M]: 0x0000000080015970 (0x01B51513) slli a0, a0, 27
x10 <- 0x0000000008000000
mem[X,0x0000000080015974] -> 0x4513
mem[X,0x0000000080015976] -> 0xFFF5
[2232] [M]: 0x0000000080015974 (0xFFF54513) xori a0, a0, 4095
x10 <- 0xFFFFFFFFF7FFFFFF
mem[X,0x0000000080015978] -> 0x0593
mem[X,0x000000008001597A] -> 0x0010
[2233] [M]: 0x0000000080015978 (0x00100593) addi a1, zero, 1
x11 <- 0x0000000000000001
mem[X,0x000000008001597C] -> 0x9593
mem[X,0x000000008001597E] -> 0x0255
[2234] [M]: 0x000000008001597C (0x02559593) slli a1, a1, 37
x11 <- 0x0000002000000000
mem[X,0x0000000080015980] -> 0xC593
mem[X,0x0000000080015982] -> 0xFFF5
[2235] [M]: 0x0000000080015980 (0xFFF5C593) xori a1, a1, 4095
x11 <- 0xFFFFFFDFFFFFFFFF
mem[X,0x0000000080015984] -> 0x0213
mem[X,0x0000000080015986] -> 0x0000
[2236] [M]: 0x0000000080015984 (0x00000213) addi tp, zero, 0
x4 <- 0x0000000000000000
mem[X,0x0000000080015988] -> 0x006F
mem[X,0x000000008001598A] -> 0x2B10
[2237] [M]: 0x0000000080015988 (0x2B10006F) jal zero, 2736
mem[X,0x0000000080016438] -> 0x0A63
mem[X,0x000000008001643A] -> 0xD4B5
[2238] [M]: 0x0000000080016438 (0xD4B50A63) beq a0, a1, 5460
mem[X,0x000000008001643C] -> 0x0213
mem[X,0x000000008001643E] -> 0x0022
[2239] [M]: 0x000000008001643C (0x00220213) addi tp, tp, 2
x4 <- 0x0000000000000002
mem[X,0x0000000080016440] -> 0x006F
mem[X,0x0000000080016442] -> 0x00C0
[2240] [M]: 0x0000000080016440 (0x00C0006F) jal zero, 12
mem[X,0x000000008001644C] -> 0x3023
mem[X,0x000000008001644E] -> 0x4E41
[2241] [M]: 0x000000008001644C (0x4E413023) sd tp, 1248(sp)
mem[0x00000000800496A8] <- 0x0000000000000002
mem[X,0x0000000080016450] -> 0x0513
mem[X,0x0000000080016452] -> 0x0010
[2242] [M]: 0x0000000080016450 (0x00100513) addi a0, zero, 1
x10 <- 0x0000000000000001
mem[X,0x0000000080016454] -> 0x1513
mem[X,0x0000000080016456] -> 0x01D5
[2243] [M]: 0x0000000080016454 (0x01D51513) slli a0, a0, 29
x10 <- 0x0000000020000000
mem[X,0x0000000080016458] -> 0x4513
mem[X,0x000000008001645A] -> 0xFFF5
[2244] [M]: 0x0000000080016458 (0xFFF54513) xori a0, a0, 4095
x10 <- 0xFFFFFFFFDFFFFFFF
mem[X,0x000000008001645C] -> 0x0593
mem[X,0x000000008001645E] -> 0x0010
[2245] [M]: 0x000000008001645C (0x00100593) addi a1, zero, 1
x11 <- 0x0000000000000001
mem[X,0x0000000080016460] -> 0x9593
mem[X,0x0000000080016462] -> 0x0265
[2246] [M]: 0x0000000080016460 (0x02659593) slli a1, a1, 38
x11 <- 0x0000004000000000
mem[X,0x0000000080016464] -> 0x0213
mem[X,0x0000000080016466] -> 0x0000
[2247] [M]: 0x0000000080016464 (0x00000213) addi tp, zero, 0
x4 <- 0x0000000000000000
mem[X,0x0000000080016468] -> 0x006F
mem[X,0x000000008001646A] -> 0x00C0
[2248] [M]: 0x0000000080016468 (0x00C0006F) jal zero, 12
mem[X,0x0000000080016474] -> 0x0663
mem[X,0x0000000080016476] -> 0x00B5
[2249] [M]: 0x0000000080016474 (0x00B50663) beq a0, a1, 12
mem[X,0x0000000080016478] -> 0x0213
mem[X,0x000000008001647A] -> 0x0022
[2250] [M]: 0x0000000080016478 (0x00220213) addi tp, tp, 2
x4 <- 0x0000000000000002
mem[X,0x000000008001647C] -> 0x006F
mem[X,0x000000008001647E] -> 0x00C0
[2251] [M]: 0x000000008001647C (0x00C0006F) jal zero, 12
mem[X,0x0000000080016488] -> 0x3423
mem[X,0x000000008001648A] -> 0x4E41
[2252] [M]: 0x0000000080016488 (0x4E413423) sd tp, 1256(sp)
mem[0x00000000800496B0] <- 0x0000000000000002
mem[X,0x000000008001648C] -> 0x0513
mem[X,0x000000008001648E] -> 0x0010
[2253] [M]: 0x000000008001648C (0x00100513) addi a0, zero, 1
x10 <- 0x0000000000000001
mem[X,0x0000000080016490] -> 0x1513
mem[X,0x0000000080016492] -> 0x01E5
[2254] [M]: 0x0000000080016490 (0x01E51513) slli a0, a0, 30
x10 <- 0x0000000040000000
mem[X,0x0000000080016494] -> 0x4513
mem[X,0x0000000080016496] -> 0xFFF5
[2255] [M]: 0x0000000080016494 (0xFFF54513) xori a0, a0, 4095
x10 <- 0xFFFFFFFFBFFFFFFF
mem[X,0x0000000080016498] -> 0x0593
mem[X,0x000000008001649A] -> 0xFFA0
[2256] [M]: 0x0000000080016498 (0xFFA00593) addi a1, zero, 4090
x11 <- 0xFFFFFFFFFFFFFFFA
mem[X,0x000000008001649C] -> 0x0213
mem[X,0x000000008001649E] -> 0x0000
[2257] [M]: 0x000000008001649C (0x00000213) addi tp, zero, 0
x4 <- 0x0000000000000000
mem[X,0x00000000800164A0] -> 0x006F
mem[X,0x00000000800164A2] -> 0x00C0
[2258] [M]: 0x00000000800164A0 (0x00C0006F) jal zero, 12
mem[X,0x00000000800164AC] -> 0x0663
mem[X,0x00000000800164AE] -> 0x00B5
[2259] [M]: 0x00000000800164AC (0x00B50663) beq a0, a1, 12
mem[X,0x00000000800164B0] -> 0x0213
mem[X,0x00000000800164B2] -> 0x0022
[2260] [M]: 0x00000000800164B0 (0x00220213) addi tp, tp, 2
x4 <- 0x0000000000000002
mem[X,0x00000000800164B4] -> 0x006F
mem[X,0x00000000800164B6] -> 0x00C0
[2261] [M]: 0x00000000800164B4 (0x00C0006F) jal zero, 12
mem[X,0x00000000800164C0] -> 0x3823
mem[X,0x00000000800164C2] -> 0x4E41
[2262] [M]: 0x00000000800164C0 (0x4E413823) sd tp, 1264(sp)
mem[0x00000000800496B8] <- 0x0000000000000002
mem[X,0x00000000800164C4] -> 0x0513
mem[X,0x00000000800164C6] -> 0x0010
[2263] [M]: 0x00000000800164C4 (0x00100513) addi a0, zero, 1
x10 <- 0x0000000000000001
mem[X,0x00000000800164C8] -> 0x1513
mem[X,0x00000000800164CA] -> 0x0215
[2264] [M]: 0x00000000800164C8 (0x02151513) slli a0, a0, 33
x10 <- 0x0000000200000000
mem[X,0x00000000800164CC] -> 0x4513
mem[X,0x00000000800164CE] -> 0xFFF5
[2265] [M]: 0x00000000800164CC (0xFFF54513) xori a0, a0, 4095
x10 <- 0xFFFFFFFDFFFFFFFF
mem[X,0x00000000800164D0] -> 0x0593
mem[X,0x00000000800164D2] -> 0x0010
[2266] [M]: 0x00000000800164D0 (0x00100593) addi a1, zero, 1
x11 <- 0x0000000000000001
mem[X,0x00000000800164D4] -> 0x9593
mem[X,0x00000000800164D6] -> 0x01B5
[2267] [M]: 0x00000000800164D4 (0x01B59593) slli a1, a1, 27
x11 <- 0x0000000008000000
mem[X,0x00000000800164D8] -> 0xC593
mem[X,0x00000000800164DA] -> 0xFFF5
[2268] [M]: 0x00000000800164D8 (0xFFF5C593) xori a1, a1, 4095
x11 <- 0xFFFFFFFFF7FFFFFF
mem[X,0x00000000800164DC] -> 0x0213
mem[X,0x00000000800164DE] -> 0x0000
[2269] [M]: 0x00000000800164DC (0x00000213) addi tp, zero, 0
x4 <- 0x0000000000000000
mem[X,0x00000000800164E0] -> 0x006F
mem[X,0x00000000800164E2] -> 0x00C0
[2270] [M]: 0x00000000800164E0 (0x00C0006F) jal zero, 12
mem[X,0x00000000800164EC] -> 0x0CE3
mem[X,0x00000000800164EE] -> 0xFEB5
[2271] [M]: 0x00000000800164EC (0xFEB50CE3) beq a0, a1, 8184
mem[X,0x00000000800164F0] -> 0x0213
mem[X,0x00000000800164F2] -> 0x0022
[2272] [M]: 0x00000000800164F0 (0x00220213) addi tp, tp, 2
x4 <- 0x0000000000000002
mem[X,0x00000000800164F4] -> 0x006F
mem[X,0x00000000800164F6] -> 0x00C0
[2273] [M]: 0x00000000800164F4 (0x00C0006F) jal zero, 12
mem[X,0x0000000080016500] -> 0x3C23
mem[X,0x0000000080016502] -> 0x4E41
[2274] [M]: 0x0000000080016500 (0x4E413C23) sd tp, 1272(sp)
mem[0x00000000800496C0] <- 0x0000000000000002
mem[X,0x0000000080016504] -> 0x0513
mem[X,0x0000000080016506] -> 0x0010
[2275] [M]: 0x0000000080016504 (0x00100513) addi a0, zero, 1
x10 <- 0x0000000000000001
mem[X,0x0000000080016508] -> 0x1513
mem[X,0x000000008001650A] -> 0x0225
[2276] [M]: 0x0000000080016508 (0x02251513) slli a0, a0, 34
x10 <- 0x0000000400000000
mem[X,0x000000008001650C] -> 0x4513
mem[X,0x000000008001650E] -> 0xFFF5
[2277] [M]: 0x000000008001650C (0xFFF54513) xori a0, a0, 4095
x10 <- 0xFFFFFFFBFFFFFFFF
mem[X,0x0000000080016510] -> 0x0593
mem[X,0x0000000080016512] -> 0x0010
[2278] [M]: 0x0000000080016510 (0x00100593) addi a1, zero, 1
x11 <- 0x0000000000000001
mem[X,0x0000000080016514] -> 0x9593
mem[X,0x0000000080016516] -> 0x0375
[2279] [M]: 0x0000000080016514 (0x03759593) slli a1, a1, 55
x11 <- 0x0080000000000000
mem[X,0x0000000080016518] -> 0xC593
mem[X,0x000000008001651A] -> 0xFFF5
[2280] [M]: 0x0000000080016518 (0xFFF5C593) xori a1, a1, 4095
x11 <- 0xFF7FFFFFFFFFFFFF
mem[X,0x000000008001651C] -> 0x0213
mem[X,0x000000008001651E] -> 0x0000
[2281] [M]: 0x000000008001651C (0x00000213) addi tp, zero, 0
x4 <- 0x0000000000000000
mem[X,0x0000000080016520] -> 0x006F
mem[X,0x0000000080016522] -> 0x00C0
[2282] [M]: 0x0000000080016520 (0x00C0006F) jal zero, 12
mem[X,0x000000008001652C] -> 0x0063
mem[X,0x000000008001652E] -> 0x20B5
[2283] [M]: 0x000000008001652C (0x20B50063) beq a0, a1, 512
mem[X,0x0000000080016530] -> 0x0213
mem[X,0x0000000080016532] -> 0x0022
[2284] [M]: 0x0000000080016530 (0x00220213) addi tp, tp, 2
x4 <- 0x0000000000000002
mem[X,0x0000000080016534] -> 0x006F
mem[X,0x0000000080016536] -> 0x2000
[2285] [M]: 0x0000000080016534 (0x2000006F) jal zero, 512
mem[X,0x0000000080016734] -> 0x3023
mem[X,0x0000000080016736] -> 0x5041
[2286] [M]: 0x0000000080016734 (0x50413023) sd tp, 1280(sp)
mem[0x00000000800496C8] <- 0x0000000000000002
mem[X,0x0000000080016738] -> 0x0513
mem[X,0x000000008001673A] -> 0x0010
[2287] [M]: 0x0000000080016738 (0x00100513) addi a0, zero, 1
x10 <- 0x0000000000000001
mem[X,0x000000008001673C] -> 0x1513
mem[X,0x000000008001673E] -> 0x0235
[2288] [M]: 0x000000008001673C (0x02351513) slli a0, a0, 35
x10 <- 0x0000000800000000
mem[X,0x0000000080016740] -> 0x4513
mem[X,0x0000000080016742] -> 0xFFF5
[2289] [M]: 0x0000000080016740 (0xFFF54513) xori a0, a0, 4095
x10 <- 0xFFFFFFF7FFFFFFFF
mem[X,0x0000000080016744] -> 0x0593
mem[X,0x0000000080016746] -> 0x0010
[2290] [M]: 0x0000000080016744 (0x00100593) addi a1, zero, 1
x11 <- 0x0000000000000001
mem[X,0x0000000080016748] -> 0x9593
mem[X,0x000000008001674A] -> 0x01C5
[2291] [M]: 0x0000000080016748 (0x01C59593) slli a1, a1, 28
x11 <- 0x0000000010000000
mem[X,0x000000008001674C] -> 0x0213
mem[X,0x000000008001674E] -> 0x0000
[2292] [M]: 0x000000008001674C (0x00000213) addi tp, zero, 0
x4 <- 0x0000000000000000
mem[X,0x0000000080016750] -> 0x006F
mem[X,0x0000000080016752] -> 0x00C0
[2293] [M]: 0x0000000080016750 (0x00C0006F) jal zero, 12
mem[X,0x000000008001675C] -> 0x0CE3
mem[X,0x000000008001675E] -> 0xFEB5
[2294] [M]: 0x000000008001675C (0xFEB50CE3) beq a0, a1, 8184
mem[X,0x0000000080016760] -> 0x0213
mem[X,0x0000000080016762] -> 0x0022
[2295] [M]: 0x0000000080016760 (0x00220213) addi tp, tp, 2
x4 <- 0x0000000000000002
mem[X,0x0000000080016764] -> 0x006F
mem[X,0x0000000080016766] -> 0x00C0
[2296] [M]: 0x0000000080016764 (0x00C0006F) jal zero, 12
mem[X,0x0000000080016770] -> 0x3423
mem[X,0x0000000080016772] -> 0x5041
[2297] [M]: 0x0000000080016770 (0x50413423) sd tp, 1288(sp)
mem[0x00000000800496D0] <- 0x0000000000000002
mem[X,0x0000000080016774] -> 0x0513
mem[X,0x0000000080016776] -> 0x0010
[2298] [M]: 0x0000000080016774 (0x00100513) addi a0, zero, 1
x10 <- 0x0000000000000001
mem[X,0x0000000080016778] -> 0x1513
mem[X,0x000000008001677A] -> 0x0245
[2299] [M]: 0x0000000080016778 (0x02451513) slli a0, a0, 36
x10 <- 0x0000001000000000
clint::tick mtime <- 0x0000000000000017
 clint timer pending at mtime 0x0000000000000017
htif::tick 0x0000000000000000
mem[X,0x000000008001677C] -> 0x4513
mem[X,0x000000008001677E] -> 0xFFF5
[2300] [M]: 0x000000008001677C (0xFFF54513) xori a0, a0, 4095
x10 <- 0xFFFFFFEFFFFFFFFF
mem[X,0x0000000080016780] -> 0x0593
mem[X,0x0000000080016782] -> 0x0010
[2301] [M]: 0x0000000080016780 (0x00100593) addi a1, zero, 1
x11 <- 0x0000000000000001
mem[X,0x0000000080016784] -> 0x9593
mem[X,0x0000000080016786] -> 0x0275
[2302] [M]: 0x0000000080016784 (0x02759593) slli a1, a1, 39
x11 <- 0x0000008000000000
mem[X,0x0000000080016788] -> 0x0213
mem[X,0x000000008001678A] -> 0x0000
[2303] [M]: 0x0000000080016788 (0x00000213) addi tp, zero, 0
x4 <- 0x0000000000000000
mem[X,0x000000008001678C] -> 0x006F
mem[X,0x000000008001678E] -> 0x00C0
[2304] [M]: 0x000000008001678C (0x00C0006F) jal zero, 12
mem[X,0x0000000080016798] -> 0x0663
mem[X,0x000000008001679A] -> 0x00B5
[2305] [M]: 0x0000000080016798 (0x00B50663) beq a0, a1, 12
mem[X,0x000000008001679C] -> 0x0213
mem[X,0x000000008001679E] -> 0x0022
[2306] [M]: 0x000000008001679C (0x00220213) addi tp, tp, 2
x4 <- 0x0000000000000002
mem[X,0x00000000800167A0] -> 0x006F
mem[X,0x00000000800167A2] -> 0x00C0
[2307] [M]: 0x00000000800167A0 (0x00C0006F) jal zero, 12
mem[X,0x00000000800167AC] -> 0x3823
mem[X,0x00000000800167AE] -> 0x5041
[2308] [M]: 0x00000000800167AC (0x50413823) sd tp, 1296(sp)
mem[0x00000000800496D8] <- 0x0000000000000002
mem[X,0x00000000800167B0] -> 0x0513
mem[X,0x00000000800167B2] -> 0x0010
[2309] [M]: 0x00000000800167B0 (0x00100513) addi a0, zero, 1
x10 <- 0x0000000000000001
mem[X,0x00000000800167B4] -> 0x1513
mem[X,0x00000000800167B6] -> 0x0295
[2310] [M]: 0x00000000800167B4 (0x02951513) slli a0, a0, 41
x10 <- 0x0000020000000000
mem[X,0x00000000800167B8] -> 0x4513
mem[X,0x00000000800167BA] -> 0xFFF5
[2311] [M]: 0x00000000800167B8 (0xFFF54513) xori a0, a0, 4095
x10 <- 0xFFFFFDFFFFFFFFFF
mem[X,0x00000000800167BC] -> 0x0593
mem[X,0x00000000800167BE] -> 0x0010
[2312] [M]: 0x00000000800167BC (0x00100593) addi a1, zero, 1
x11 <- 0x0000000000000001
mem[X,0x00000000800167C0] -> 0x9593
mem[X,0x00000000800167C2] -> 0x0345
[2313] [M]: 0x00000000800167C0 (0x03459593) slli a1, a1, 52
x11 <- 0x0010000000000000
mem[X,0x00000000800167C4] -> 0x0213
mem[X,0x00000000800167C6] -> 0x0000
[2314] [M]: 0x00000000800167C4 (0x00000213) addi tp, zero, 0
x4 <- 0x0000000000000000
mem[X,0x00000000800167C8] -> 0x006F
mem[X,0x00000000800167CA] -> 0x0140
[2315] [M]: 0x00000000800167C8 (0x0140006F) jal zero, 20
mem[X,0x00000000800167DC] -> 0x08E3
mem[X,0x00000000800167DE] -> 0xFEB5
[2316] [M]: 0x00000000800167DC (0xFEB508E3) beq a0, a1, 8176
mem[X,0x00000000800167E0] -> 0x0213
mem[X,0x00000000800167E2] -> 0x0022
[2317] [M]: 0x00000000800167E0 (0x00220213) addi tp, tp, 2
x4 <- 0x0000000000000002
mem[X,0x00000000800167E4] -> 0x006F
mem[X,0x00000000800167E6] -> 0x00C0
[2318] [M]: 0x00000000800167E4 (0x00C0006F) jal zero, 12
mem[X,0x00000000800167F0] -> 0x3C23
mem[X,0x00000000800167F2] -> 0x5041
[2319] [M]: 0x00000000800167F0 (0x50413C23) sd tp, 1304(sp)
mem[0x00000000800496E0] <- 0x0000000000000002
mem[X,0x00000000800167F4] -> 0x0513
mem[X,0x00000000800167F6] -> 0x0010
[2320] [M]: 0x00000000800167F4 (0x00100513) addi a0, zero, 1
x10 <- 0x0000000000000001
mem[X,0x00000000800167F8] -> 0x1513
mem[X,0x00000000800167FA] -> 0x02D5
[2321] [M]: 0x00000000800167F8 (0x02D51513) slli a0, a0, 45
x10 <- 0x0000200000000000
mem[X,0x00000000800167FC] -> 0x4513
mem[X,0x00000000800167FE] -> 0xFFF5
[2322] [M]: 0x00000000800167FC (0xFFF54513) xori a0, a0, 4095
x10 <- 0xFFFFDFFFFFFFFFFF
mem[X,0x0000000080016800] -> 0x0593
mem[X,0x0000000080016802] -> 0x0010
[2323] [M]: 0x0000000080016800 (0x00100593) addi a1, zero, 1
x11 <- 0x0000000000000001
mem[X,0x0000000080016804] -> 0x9593
mem[X,0x0000000080016806] -> 0x01A5
[2324] [M]: 0x0000000080016804 (0x01A59593) slli a1, a1, 26
x11 <- 0x0000000004000000
mem[X,0x0000000080016808] -> 0x0213
mem[X,0x000000008001680A] -> 0x0000
[2325] [M]: 0x0000000080016808 (0x00000213) addi tp, zero, 0
x4 <- 0x0000000000000000
mem[X,0x000000008001680C] -> 0x006F
mem[X,0x000000008001680E] -> 0x00C0
[2326] [M]: 0x000000008001680C (0x00C0006F) jal zero, 12
mem[X,0x0000000080016818] -> 0x0063
mem[X,0x000000008001681A] -> 0x02B5
[2327] [M]: 0x0000000080016818 (0x02B50063) beq a0, a1, 32
mem[X,0x000000008001681C] -> 0x0213
mem[X,0x000000008001681E] -> 0x0022
[2328] [M]: 0x000000008001681C (0x00220213) addi tp, tp, 2
x4 <- 0x0000000000000002
mem[X,0x0000000080016820] -> 0x006F
mem[X,0x0000000080016822] -> 0x0200
[2329] [M]: 0x0000000080016820 (0x0200006F) jal zero, 32
mem[X,0x0000000080016840] -> 0x3023
mem[X,0x0000000080016842] -> 0x5241
[2330] [M]: 0x0000000080016840 (0x52413023) sd tp, 1312(sp)
mem[0x00000000800496E8] <- 0x0000000000000002
mem[X,0x0000000080016844] -> 0x0513
mem[X,0x0000000080016846] -> 0x0010
[2331] [M]: 0x0000000080016844 (0x00100513) addi a0, zero, 1
x10 <- 0x0000000000000001
mem[X,0x0000000080016848] -> 0x1513
mem[X,0x000000008001684A] -> 0x0315
[2332] [M]: 0x0000000080016848 (0x03151513) slli a0, a0, 49
x10 <- 0x0002000000000000
mem[X,0x000000008001684C] -> 0x4513
mem[X,0x000000008001684E] -> 0xFFF5
[2333] [M]: 0x000000008001684C (0xFFF54513) xori a0, a0, 4095
x10 <- 0xFFFDFFFFFFFFFFFF
mem[X,0x0000000080016850] -> 0x0593
mem[X,0x0000000080016852] -> 0x0000
[2334] [M]: 0x0000000080016850 (0x00000593) addi a1, zero, 0
x11 <- 0x0000000000000000
mem[X,0x0000000080016854] -> 0x0213
mem[X,0x0000000080016856] -> 0x0000
[2335] [M]: 0x0000000080016854 (0x00000213) addi tp, zero, 0
x4 <- 0x0000000000000000
mem[X,0x0000000080016858] -> 0x006F
mem[X,0x000000008001685A] -> 0x00C0
[2336] [M]: 0x0000000080016858 (0x00C0006F) jal zero, 12
mem[X,0x0000000080016864] -> 0x0CE3
mem[X,0x0000000080016866] -> 0xFEB5
[2337] [M]: 0x0000000080016864 (0xFEB50CE3) beq a0, a1, 8184
mem[X,0x0000000080016868] -> 0x0213
mem[X,0x000000008001686A] -> 0x0022
[2338] [M]: 0x0000000080016868 (0x00220213) addi tp, tp, 2
x4 <- 0x0000000000000002
mem[X,0x000000008001686C] -> 0x006F
mem[X,0x000000008001686E] -> 0x00C0
[2339] [M]: 0x000000008001686C (0x00C0006F) jal zero, 12
mem[X,0x0000000080016878] -> 0x3423
mem[X,0x000000008001687A] -> 0x5241
[2340] [M]: 0x0000000080016878 (0x52413423) sd tp, 1320(sp)
mem[0x00000000800496F0] <- 0x0000000000000002
mem[X,0x000000008001687C] -> 0x0513
mem[X,0x000000008001687E] -> 0x0010
[2341] [M]: 0x000000008001687C (0x00100513) addi a0, zero, 1
x10 <- 0x0000000000000001
mem[X,0x0000000080016880] -> 0x1513
mem[X,0x0000000080016882] -> 0x0345
[2342] [M]: 0x0000000080016880 (0x03451513) slli a0, a0, 52
x10 <- 0x0010000000000000
mem[X,0x0000000080016884] -> 0x4513
mem[X,0x0000000080016886] -> 0xFFF5
[2343] [M]: 0x0000000080016884 (0xFFF54513) xori a0, a0, 4095
x10 <- 0xFFEFFFFFFFFFFFFF
mem[X,0x0000000080016888] -> 0x0593
mem[X,0x000000008001688A] -> 0x0010
[2344] [M]: 0x0000000080016888 (0x00100593) addi a1, zero, 1
x11 <- 0x0000000000000001
mem[X,0x000000008001688C] -> 0x9593
mem[X,0x000000008001688E] -> 0x01F5
[2345] [M]: 0x000000008001688C (0x01F59593) slli a1, a1, 31
x11 <- 0x0000000080000000
mem[X,0x0000000080016890] -> 0x0213
mem[X,0x0000000080016892] -> 0x0000
[2346] [M]: 0x0000000080016890 (0x00000213) addi tp, zero, 0
x4 <- 0x0000000000000000
mem[X,0x0000000080016894] -> 0x006F
mem[X,0x0000000080016896] -> 0x00C0
[2347] [M]: 0x0000000080016894 (0x00C0006F) jal zero, 12
mem[X,0x00000000800168A0] -> 0x0863
mem[X,0x00000000800168A2] -> 0x00B5
[2348] [M]: 0x00000000800168A0 (0x00B50863) beq a0, a1, 16
mem[X,0x00000000800168A4] -> 0x0213
mem[X,0x00000000800168A6] -> 0x0022
[2349] [M]: 0x00000000800168A4 (0x00220213) addi tp, tp, 2
x4 <- 0x0000000000000002
mem[X,0x00000000800168A8] -> 0x006F
mem[X,0x00000000800168AA] -> 0x0100
[2350] [M]: 0x00000000800168A8 (0x0100006F) jal zero, 16
mem[X,0x00000000800168B8] -> 0x3823
mem[X,0x00000000800168BA] -> 0x5241
[2351] [M]: 0x00000000800168B8 (0x52413823) sd tp, 1328(sp)
mem[0x00000000800496F8] <- 0x0000000000000002
mem[X,0x00000000800168BC] -> 0x0513
mem[X,0x00000000800168BE] -> 0x0010
[2352] [M]: 0x00000000800168BC (0x00100513) addi a0, zero, 1
x10 <- 0x0000000000000001
mem[X,0x00000000800168C0] -> 0x1513
mem[X,0x00000000800168C2] -> 0x0355
[2353] [M]: 0x00000000800168C0 (0x03551513) slli a0, a0, 53
x10 <- 0x0020000000000000
mem[X,0x00000000800168C4] -> 0x4513
mem[X,0x00000000800168C6] -> 0xFFF5
[2354] [M]: 0x00000000800168C4 (0xFFF54513) xori a0, a0, 4095
x10 <- 0xFFDFFFFFFFFFFFFF
mem[X,0x00000000800168C8] -> 0x0593
mem[X,0x00000000800168CA] -> 0x0010
[2355] [M]: 0x00000000800168C8 (0x00100593) addi a1, zero, 1
x11 <- 0x0000000000000001
mem[X,0x00000000800168CC] -> 0x9593
mem[X,0x00000000800168CE] -> 0x0345
[2356] [M]: 0x00000000800168CC (0x03459593) slli a1, a1, 52
x11 <- 0x0010000000000000
mem[X,0x00000000800168D0] -> 0x0213
mem[X,0x00000000800168D2] -> 0x0000
[2357] [M]: 0x00000000800168D0 (0x00000213) addi tp, zero, 0
x4 <- 0x0000000000000000
mem[X,0x00000000800168D4] -> 0x006F
mem[X,0x00000000800168D6] -> 0x00C0
[2358] [M]: 0x00000000800168D4 (0x00C0006F) jal zero, 12
mem[X,0x00000000800168E0] -> 0x0063
mem[X,0x00000000800168E2] -> 0x08B5
[2359] [M]: 0x00000000800168E0 (0x08B50063) beq a0, a1, 128
mem[X,0x00000000800168E4] -> 0x0213
mem[X,0x00000000800168E6] -> 0x0022
[2360] [M]: 0x00000000800168E4 (0x00220213) addi tp, tp, 2
x4 <- 0x0000000000000002
mem[X,0x00000000800168E8] -> 0x006F
mem[X,0x00000000800168EA] -> 0x0800
[2361] [M]: 0x00000000800168E8 (0x0800006F) jal zero, 128
mem[X,0x0000000080016968] -> 0x3C23
mem[X,0x000000008001696A] -> 0x5241
[2362] [M]: 0x0000000080016968 (0x52413C23) sd tp, 1336(sp)
mem[0x0000000080049700] <- 0x0000000000000002
mem[X,0x000000008001696C] -> 0x0513
mem[X,0x000000008001696E] -> 0x0010
[2363] [M]: 0x000000008001696C (0x00100513) addi a0, zero, 1
x10 <- 0x0000000000000001
mem[X,0x0000000080016970] -> 0x1513
mem[X,0x0000000080016972] -> 0x0365
[2364] [M]: 0x0000000080016970 (0x03651513) slli a0, a0, 54
x10 <- 0x0040000000000000
mem[X,0x0000000080016974] -> 0x4513
mem[X,0x0000000080016976] -> 0xFFF5
[2365] [M]: 0x0000000080016974 (0xFFF54513) xori a0, a0, 4095
x10 <- 0xFFBFFFFFFFFFFFFF
mem[X,0x0000000080016978] -> 0x0593
mem[X,0x000000008001697A] -> 0xEFF0
[2366] [M]: 0x0000000080016978 (0xEFF00593) addi a1, zero, 3839
x11 <- 0xFFFFFFFFFFFFFEFF
mem[X,0x000000008001697C] -> 0x0213
mem[X,0x000000008001697E] -> 0x0000
[2367] [M]: 0x000000008001697C (0x00000213) addi tp, zero, 0
x4 <- 0x0000000000000000
mem[X,0x0000000080016980] -> 0x006F
mem[X,0x0000000080016982] -> 0x00C0
[2368] [M]: 0x0000000080016980 (0x00C0006F) jal zero, 12
mem[X,0x000000008001698C] -> 0x0063
mem[X,0x000000008001698E] -> 0x20B5
[2369] [M]: 0x000000008001698C (0x20B50063) beq a0, a1, 512
mem[X,0x0000000080016990] -> 0x0213
mem[X,0x0000000080016992] -> 0x0022
[2370] [M]: 0x0000000080016990 (0x00220213) addi tp, tp, 2
x4 <- 0x0000000000000002
mem[X,0x0000000080016994] -> 0x006F
mem[X,0x0000000080016996] -> 0x2000
[2371] [M]: 0x0000000080016994 (0x2000006F) jal zero, 512
mem[X,0x0000000080016B94] -> 0x3023
mem[X,0x0000000080016B96] -> 0x5441
[2372] [M]: 0x0000000080016B94 (0x54413023) sd tp, 1344(sp)
mem[0x0000000080049708] <- 0x0000000000000002
mem[X,0x0000000080016B98] -> 0x0513
mem[X,0x0000000080016B9A] -> 0x0010
[2373] [M]: 0x0000000080016B98 (0x00100513) addi a0, zero, 1
x10 <- 0x0000000000000001
mem[X,0x0000000080016B9C] -> 0x1513
mem[X,0x0000000080016B9E] -> 0x0395
[2374] [M]: 0x0000000080016B9C (0x03951513) slli a0, a0, 57
x10 <- 0x0200000000000000
mem[X,0x0000000080016BA0] -> 0x4513
mem[X,0x0000000080016BA2] -> 0xFFF5
[2375] [M]: 0x0000000080016BA0 (0xFFF54513) xori a0, a0, 4095
x10 <- 0xFDFFFFFFFFFFFFFF
mem[X,0x0000000080016BA4] -> 0x0593
mem[X,0x0000000080016BA6] -> 0xEFF0
[2376] [M]: 0x0000000080016BA4 (0xEFF00593) addi a1, zero, 3839
x11 <- 0xFFFFFFFFFFFFFEFF
mem[X,0x0000000080016BA8] -> 0x0213
mem[X,0x0000000080016BAA] -> 0x0000
[2377] [M]: 0x0000000080016BA8 (0x00000213) addi tp, zero, 0
x4 <- 0x0000000000000000
mem[X,0x0000000080016BAC] -> 0x006F
mem[X,0x0000000080016BAE] -> 0x00C0
[2378] [M]: 0x0000000080016BAC (0x00C0006F) jal zero, 12
mem[X,0x0000000080016BB8] -> 0x0063
mem[X,0x0000000080016BBA] -> 0x20B5
[2379] [M]: 0x0000000080016BB8 (0x20B50063) beq a0, a1, 512
mem[X,0x0000000080016BBC] -> 0x0213
mem[X,0x0000000080016BBE] -> 0x0022
[2380] [M]: 0x0000000080016BBC (0x00220213) addi tp, tp, 2
x4 <- 0x0000000000000002
mem[X,0x0000000080016BC0] -> 0x006F
mem[X,0x0000000080016BC2] -> 0x2000
[2381] [M]: 0x0000000080016BC0 (0x2000006F) jal zero, 512
mem[X,0x0000000080016DC0] -> 0x3423
mem[X,0x0000000080016DC2] -> 0x5441
[2382] [M]: 0x0000000080016DC0 (0x54413423) sd tp, 1352(sp)
mem[0x0000000080049710] <- 0x0000000000000002
mem[X,0x0000000080016DC4] -> 0x0513
mem[X,0x0000000080016DC6] -> 0x0010
[2383] [M]: 0x0000000080016DC4 (0x00100513) addi a0, zero, 1
x10 <- 0x0000000000000001
mem[X,0x0000000080016DC8] -> 0x1513
mem[X,0x0000000080016DCA] -> 0x03B5
[2384] [M]: 0x0000000080016DC8 (0x03B51513) slli a0, a0, 59
x10 <- 0x0800000000000000
mem[X,0x0000000080016DCC] -> 0x4513
mem[X,0x0000000080016DCE] -> 0xFFF5
[2385] [M]: 0x0000000080016DCC (0xFFF54513) xori a0, a0, 4095
x10 <- 0xF7FFFFFFFFFFFFFF
mem[X,0x0000000080016DD0] -> 0x05B7
mem[X,0x0000000080016DD2] -> 0x0000
[2386] [M]: 0x0000000080016DD0 (0x000005B7) lui a1, 0
x11 <- 0x0000000000000000
mem[X,0x0000000080016DD4] -> 0x8593
mem[X,0x0000000080016DD6] -> 0xFFF5
[2387] [M]: 0x0000000080016DD4 (0xFFF58593) addi a1, a1, 4095
x11 <- 0xFFFFFFFFFFFFFFFF
mem[X,0x0000000080016DD8] -> 0x9593
mem[X,0x0000000080016DDA] -> 0x00B5
[2388] [M]: 0x0000000080016DD8 (0x00B59593) slli a1, a1, 11
x11 <- 0xFFFFFFFFFFFFF800
mem[X,0x0000000080016DDC] -> 0x8593
mem[X,0x0000000080016DDE] -> 0x2575
[2389] [M]: 0x0000000080016DDC (0x25758593) addi a1, a1, 599
x11 <- 0xFFFFFFFFFFFFFA57
mem[X,0x0000000080016DE0] -> 0x9593
mem[X,0x0000000080016DE2] -> 0x00B5
[2390] [M]: 0x0000000080016DE0 (0x00B59593) slli a1, a1, 11
x11 <- 0xFFFFFFFFFFD2B800
mem[X,0x0000000080016DE4] -> 0x8593
mem[X,0x0000000080016DE6] -> 0x6C35
[2391] [M]: 0x0000000080016DE4 (0x6C358593) addi a1, a1, 1731
x11 <- 0xFFFFFFFFFFD2BEC3
mem[X,0x0000000080016DE8] -> 0x9593
mem[X,0x0000000080016DEA] -> 0x00A5
[2392] [M]: 0x0000000080016DE8 (0x00A59593) slli a1, a1, 10
x11 <- 0xFFFFFFFF4AFB0C00
mem[X,0x0000000080016DEC] -> 0x8593
mem[X,0x0000000080016DEE] -> 0x0CE5
[2393] [M]: 0x0000000080016DEC (0x0CE58593) addi a1, a1, 206
x11 <- 0xFFFFFFFF4AFB0CCE
mem[X,0x0000000080016DF0] -> 0x0213
mem[X,0x0000000080016DF2] -> 0x0000
[2394] [M]: 0x0000000080016DF0 (0x00000213) addi tp, zero, 0
x4 <- 0x0000000000000000
mem[X,0x0000000080016DF4] -> 0x006F
mem[X,0x0000000080016DF6] -> 0x00C0
[2395] [M]: 0x0000000080016DF4 (0x00C0006F) jal zero, 12
mem[X,0x0000000080016E00] -> 0x0063
mem[X,0x0000000080016E02] -> 0x08B5
[2396] [M]: 0x0000000080016E00 (0x08B50063) beq a0, a1, 128
mem[X,0x0000000080016E04] -> 0x0213
mem[X,0x0000000080016E06] -> 0x0022
[2397] [M]: 0x0000000080016E04 (0x00220213) addi tp, tp, 2
x4 <- 0x0000000000000002
mem[X,0x0000000080016E08] -> 0x006F
mem[X,0x0000000080016E0A] -> 0x0800
[2398] [M]: 0x0000000080016E08 (0x0800006F) jal zero, 128
mem[X,0x0000000080016E88] -> 0x3823
mem[X,0x0000000080016E8A] -> 0x5441
[2399] [M]: 0x0000000080016E88 (0x54413823) sd tp, 1360(sp)
mem[0x0000000080049718] <- 0x0000000000000002
clint::tick mtime <- 0x0000000000000018
 clint timer pending at mtime 0x0000000000000018
htif::tick 0x0000000000000000
mem[X,0x0000000080016E8C] -> 0x0513
mem[X,0x0000000080016E8E] -> 0x0010
[2400] [M]: 0x0000000080016E8C (0x00100513) addi a0, zero, 1
x10 <- 0x0000000000000001
mem[X,0x0000000080016E90] -> 0x1513
mem[X,0x0000000080016E92] -> 0x03D5
[2401] [M]: 0x0000000080016E90 (0x03D51513) slli a0, a0, 61
x10 <- 0x2000000000000000
mem[X,0x0000000080016E94] -> 0x4513
mem[X,0x0000000080016E96] -> 0xFFF5
[2402] [M]: 0x0000000080016E94 (0xFFF54513) xori a0, a0, 4095
x10 <- 0xDFFFFFFFFFFFFFFF
mem[X,0x0000000080016E98] -> 0x0593
mem[X,0x0000000080016E9A] -> 0x0060
[2403] [M]: 0x0000000080016E98 (0x00600593) addi a1, zero, 6
x11 <- 0x0000000000000006
mem[X,0x0000000080016E9C] -> 0x0213
mem[X,0x0000000080016E9E] -> 0x0000
[2404] [M]: 0x0000000080016E9C (0x00000213) addi tp, zero, 0
x4 <- 0x0000000000000000
mem[X,0x0000000080016EA0] -> 0x006F
mem[X,0x0000000080016EA2] -> 0x00C0
[2405] [M]: 0x0000000080016EA0 (0x00C0006F) jal zero, 12
mem[X,0x0000000080016EAC] -> 0x0CE3
mem[X,0x0000000080016EAE] -> 0xFEB5
[2406] [M]: 0x0000000080016EAC (0xFEB50CE3) beq a0, a1, 8184
mem[X,0x0000000080016EB0] -> 0x0213
mem[X,0x0000000080016EB2] -> 0x0022
[2407] [M]: 0x0000000080016EB0 (0x00220213) addi tp, tp, 2
x4 <- 0x0000000000000002
mem[X,0x0000000080016EB4] -> 0x006F
mem[X,0x0000000080016EB6] -> 0x00C0
[2408] [M]: 0x0000000080016EB4 (0x00C0006F) jal zero, 12
mem[X,0x0000000080016EC0] -> 0x3C23
mem[X,0x0000000080016EC2] -> 0x5441
[2409] [M]: 0x0000000080016EC0 (0x54413C23) sd tp, 1368(sp)
mem[0x0000000080049720] <- 0x0000000000000002
mem[X,0x0000000080016EC4] -> 0x0513
mem[X,0x0000000080016EC6] -> 0xFFF0
[2410] [M]: 0x0000000080016EC4 (0xFFF00513) addi a0, zero, 4095
x10 <- 0xFFFFFFFFFFFFFFFF
mem[X,0x0000000080016EC8] -> 0x5513
mem[X,0x0000000080016ECA] -> 0x0015
[2411] [M]: 0x0000000080016EC8 (0x00155513) srli a0, a0, 1
x10 <- 0x7FFFFFFFFFFFFFFF
mem[X,0x0000000080016ECC] -> 0x0593
mem[X,0x0000000080016ECE] -> 0x2000
[2412] [M]: 0x0000000080016ECC (0x20000593) addi a1, zero, 512
x11 <- 0x0000000000000200
mem[X,0x0000000080016ED0] -> 0x0213
mem[X,0x0000000080016ED2] -> 0x0000
[2413] [M]: 0x0000000080016ED0 (0x00000213) addi tp, zero, 0
x4 <- 0x0000000000000000
mem[X,0x0000000080016ED4] -> 0x006F
mem[X,0x0000000080016ED6] -> 0x00C0
[2414] [M]: 0x0000000080016ED4 (0x00C0006F) jal zero, 12
mem[X,0x0000000080016EE0] -> 0x0663
mem[X,0x0000000080016EE2] -> 0x00B5
[2415] [M]: 0x0000000080016EE0 (0x00B50663) beq a0, a1, 12
mem[X,0x0000000080016EE4] -> 0x0213
mem[X,0x0000000080016EE6] -> 0x0022
[2416] [M]: 0x0000000080016EE4 (0x00220213) addi tp, tp, 2
x4 <- 0x0000000000000002
mem[X,0x0000000080016EE8] -> 0x006F
mem[X,0x0000000080016EEA] -> 0x00C0
[2417] [M]: 0x0000000080016EE8 (0x00C0006F) jal zero, 12
mem[X,0x0000000080016EF4] -> 0x3023
mem[X,0x0000000080016EF6] -> 0x5641
[2418] [M]: 0x0000000080016EF4 (0x56413023) sd tp, 1376(sp)
mem[0x0000000080049728] <- 0x0000000000000002
mem[X,0x0000000080016EF8] -> 0xB537
mem[X,0x0000000080016EFA] -> 0xAAAA
[2419] [M]: 0x0000000080016EF8 (0xAAAAB537) lui a0, 699051
x10 <- 0xFFFFFFFFAAAAB000
mem[X,0x0000000080016EFC] -> 0x0513
mem[X,0x0000000080016EFE] -> 0xAAA5
[2420] [M]: 0x0000000080016EFC (0xAAA50513) addi a0, a0, 2730
x10 <- 0xFFFFFFFFAAAAAAAA
mem[X,0x0000000080016F00] -> 0x1513
mem[X,0x0000000080016F02] -> 0x00B5
[2421] [M]: 0x0000000080016F00 (0x00B51513) slli a0, a0, 11
x10 <- 0xFFFFFD5555555000
mem[X,0x0000000080016F04] -> 0x0513
mem[X,0x0000000080016F06] -> 0x5555
[2422] [M]: 0x0000000080016F04 (0x55550513) addi a0, a0, 1365
x10 <- 0xFFFFFD5555555555
mem[X,0x0000000080016F08] -> 0x1513
mem[X,0x0000000080016F0A] -> 0x00B5
[2423] [M]: 0x0000000080016F08 (0x00B51513) slli a0, a0, 11
x10 <- 0xFFEAAAAAAAAAA800
mem[X,0x0000000080016F0C] -> 0x0513
mem[X,0x0000000080016F0E] -> 0x2AA5
[2424] [M]: 0x0000000080016F0C (0x2AA50513) addi a0, a0, 682
x10 <- 0xFFEAAAAAAAAAAAAA
mem[X,0x0000000080016F10] -> 0x1513
mem[X,0x0000000080016F12] -> 0x00A5
[2425] [M]: 0x0000000080016F10 (0x00A51513) slli a0, a0, 10
x10 <- 0xAAAAAAAAAAAAA800
mem[X,0x0000000080016F14] -> 0x0513
mem[X,0x0000000080016F16] -> 0x2AA5
[2426] [M]: 0x0000000080016F14 (0x2AA50513) addi a0, a0, 682
x10 <- 0xAAAAAAAAAAAAAAAA
mem[X,0x0000000080016F18] -> 0x0593
mem[X,0x0000000080016F1A] -> 0x0010
[2427] [M]: 0x0000000080016F18 (0x00100593) addi a1, zero, 1
x11 <- 0x0000000000000001
mem[X,0x0000000080016F1C] -> 0x9593
mem[X,0x0000000080016F1E] -> 0x0205
[2428] [M]: 0x0000000080016F1C (0x02059593) slli a1, a1, 32
x11 <- 0x0000000100000000
mem[X,0x0000000080016F20] -> 0xC593
mem[X,0x0000000080016F22] -> 0xFFF5
[2429] [M]: 0x0000000080016F20 (0xFFF5C593) xori a1, a1, 4095
x11 <- 0xFFFFFFFEFFFFFFFF
mem[X,0x0000000080016F24] -> 0x0213
mem[X,0x0000000080016F26] -> 0x0000
[2430] [M]: 0x0000000080016F24 (0x00000213) addi tp, zero, 0
x4 <- 0x0000000000000000
mem[X,0x0000000080016F28] -> 0x006F
mem[X,0x0000000080016F2A] -> 0x2B10
[2431] [M]: 0x0000000080016F28 (0x2B10006F) jal zero, 2736
mem[X,0x00000000800179D8] -> 0x0A63
mem[X,0x00000000800179DA] -> 0xD4B5
[2432] [M]: 0x00000000800179D8 (0xD4B50A63) beq a0, a1, 5460
mem[X,0x00000000800179DC] -> 0x0213
mem[X,0x00000000800179DE] -> 0x0022
[2433] [M]: 0x00000000800179DC (0x00220213) addi tp, tp, 2
x4 <- 0x0000000000000002
mem[X,0x00000000800179E0] -> 0x006F
mem[X,0x00000000800179E2] -> 0x00C0
[2434] [M]: 0x00000000800179E0 (0x00C0006F) jal zero, 12
mem[X,0x00000000800179EC] -> 0x3423
mem[X,0x00000000800179EE] -> 0x5641
[2435] [M]: 0x00000000800179EC (0x56413423) sd tp, 1384(sp)
mem[0x0000000080049730] <- 0x0000000000000002
mem[X,0x00000000800179F0] -> 0x0513
mem[X,0x00000000800179F2] -> 0x0030
[2436] [M]: 0x00000000800179F0 (0x00300513) addi a0, zero, 3
x10 <- 0x0000000000000003
mem[X,0x00000000800179F4] -> 0x0593
mem[X,0x00000000800179F6] -> 0x0030
[2437] [M]: 0x00000000800179F4 (0x00300593) addi a1, zero, 3
x11 <- 0x0000000000000003
mem[X,0x00000000800179F8] -> 0x0213
mem[X,0x00000000800179FA] -> 0x0000
[2438] [M]: 0x00000000800179F8 (0x00000213) addi tp, zero, 0
x4 <- 0x0000000000000000
mem[X,0x00000000800179FC] -> 0x006F
mem[X,0x00000000800179FE] -> 0x00C0
[2439] [M]: 0x00000000800179FC (0x00C0006F) jal zero, 12
mem[X,0x0000000080017A08] -> 0x0863
mem[X,0x0000000080017A0A] -> 0x00B5
[2440] [M]: 0x0000000080017A08 (0x00B50863) beq a0, a1, 16
mem[X,0x0000000080017A18] -> 0x0213
mem[X,0x0000000080017A1A] -> 0x0032
[2441] [M]: 0x0000000080017A18 (0x00320213) addi tp, tp, 3
x4 <- 0x0000000000000003
mem[X,0x0000000080017A1C] -> 0x006F
mem[X,0x0000000080017A1E] -> 0x0040
[2442] [M]: 0x0000000080017A1C (0x0040006F) jal zero, 4
mem[X,0x0000000080017A20] -> 0x3823
mem[X,0x0000000080017A22] -> 0x5641
[2443] [M]: 0x0000000080017A20 (0x56413823) sd tp, 1392(sp)
mem[0x0000000080049738] <- 0x0000000000000003
mem[X,0x0000000080017A24] -> 0x0513
mem[X,0x0000000080017A26] -> 0x0030
[2444] [M]: 0x0000000080017A24 (0x00300513) addi a0, zero, 3
x10 <- 0x0000000000000003
mem[X,0x0000000080017A28] -> 0x55B7
mem[X,0x0000000080017A2A] -> 0x5555
[2445] [M]: 0x0000000080017A28 (0x555555B7) lui a1, 349525
x11 <- 0x0000000055555000
mem[X,0x0000000080017A2C] -> 0x8593
mem[X,0x0000000080017A2E] -> 0x5555
[2446] [M]: 0x0000000080017A2C (0x55558593) addi a1, a1, 1365
x11 <- 0x0000000055555555
mem[X,0x0000000080017A30] -> 0x9593
mem[X,0x0000000080017A32] -> 0x00B5
[2447] [M]: 0x0000000080017A30 (0x00B59593) slli a1, a1, 11
x11 <- 0x000002AAAAAAA800
mem[X,0x0000000080017A34] -> 0x8593
mem[X,0x0000000080017A36] -> 0x2AA5
[2448] [M]: 0x0000000080017A34 (0x2AA58593) addi a1, a1, 682
x11 <- 0x000002AAAAAAAAAA
mem[X,0x0000000080017A38] -> 0x9593
mem[X,0x0000000080017A3A] -> 0x00B5
[2449] [M]: 0x0000000080017A38 (0x00B59593) slli a1, a1, 11
x11 <- 0x0015555555555000
mem[X,0x0000000080017A3C] -> 0x8593
mem[X,0x0000000080017A3E] -> 0x5555
[2450] [M]: 0x0000000080017A3C (0x55558593) addi a1, a1, 1365
x11 <- 0x0015555555555555
mem[X,0x0000000080017A40] -> 0x9593
mem[X,0x0000000080017A42] -> 0x00A5
[2451] [M]: 0x0000000080017A40 (0x00A59593) slli a1, a1, 10
x11 <- 0x5555555555555400
mem[X,0x0000000080017A44] -> 0x8593
mem[X,0x0000000080017A46] -> 0x1555
[2452] [M]: 0x0000000080017A44 (0x15558593) addi a1, a1, 341
x11 <- 0x5555555555555555
mem[X,0x0000000080017A48] -> 0x0213
mem[X,0x0000000080017A4A] -> 0x0000
[2453] [M]: 0x0000000080017A48 (0x00000213) addi tp, zero, 0
x4 <- 0x0000000000000000
mem[X,0x0000000080017A4C] -> 0x006F
mem[X,0x0000000080017A4E] -> 0x2B10
[2454] [M]: 0x0000000080017A4C (0x2B10006F) jal zero, 2736
mem[X,0x00000000800184FC] -> 0x0A63
mem[X,0x00000000800184FE] -> 0xD4B5
[2455] [M]: 0x00000000800184FC (0xD4B50A63) beq a0, a1, 5460
mem[X,0x0000000080018500] -> 0x0213
mem[X,0x0000000080018502] -> 0x0022
[2456] [M]: 0x0000000080018500 (0x00220213) addi tp, tp, 2
x4 <- 0x0000000000000002
mem[X,0x0000000080018504] -> 0x006F
mem[X,0x0000000080018506] -> 0x00C0
[2457] [M]: 0x0000000080018504 (0x00C0006F) jal zero, 12
mem[X,0x0000000080018510] -> 0x3C23
mem[X,0x0000000080018512] -> 0x5641
[2458] [M]: 0x0000000080018510 (0x56413C23) sd tp, 1400(sp)
mem[0x0000000080049740] <- 0x0000000000000002
mem[X,0x0000000080018514] -> 0x0513
mem[X,0x0000000080018516] -> 0x0030
[2459] [M]: 0x0000000080018514 (0x00300513) addi a0, zero, 3
x10 <- 0x0000000000000003
mem[X,0x0000000080018518] -> 0xB5B7
mem[X,0x000000008001851A] -> 0xAAAA
[2460] [M]: 0x0000000080018518 (0xAAAAB5B7) lui a1, 699051
x11 <- 0xFFFFFFFFAAAAB000
mem[X,0x000000008001851C] -> 0x8593
mem[X,0x000000008001851E] -> 0xAAA5
[2461] [M]: 0x000000008001851C (0xAAA58593) addi a1, a1, 2730
x11 <- 0xFFFFFFFFAAAAAAAA
mem[X,0x0000000080018520] -> 0x9593
mem[X,0x0000000080018522] -> 0x00B5
[2462] [M]: 0x0000000080018520 (0x00B59593) slli a1, a1, 11
x11 <- 0xFFFFFD5555555000
mem[X,0x0000000080018524] -> 0x8593
mem[X,0x0000000080018526] -> 0x5555
[2463] [M]: 0x0000000080018524 (0x55558593) addi a1, a1, 1365
x11 <- 0xFFFFFD5555555555
mem[X,0x0000000080018528] -> 0x9593
mem[X,0x000000008001852A] -> 0x00B5
[2464] [M]: 0x0000000080018528 (0x00B59593) slli a1, a1, 11
x11 <- 0xFFEAAAAAAAAAA800
mem[X,0x000000008001852C] -> 0x8593
mem[X,0x000000008001852E] -> 0x2AA5
[2465] [M]: 0x000000008001852C (0x2AA58593) addi a1, a1, 682
x11 <- 0xFFEAAAAAAAAAAAAA
mem[X,0x0000000080018530] -> 0x9593
mem[X,0x0000000080018532] -> 0x00A5
[2466] [M]: 0x0000000080018530 (0x00A59593) slli a1, a1, 10
x11 <- 0xAAAAAAAAAAAAA800
mem[X,0x0000000080018534] -> 0x8593
mem[X,0x0000000080018536] -> 0x2AA5
[2467] [M]: 0x0000000080018534 (0x2AA58593) addi a1, a1, 682
x11 <- 0xAAAAAAAAAAAAAAAA
mem[X,0x0000000080018538] -> 0x0213
mem[X,0x000000008001853A] -> 0x0000
[2468] [M]: 0x0000000080018538 (0x00000213) addi tp, zero, 0
x4 <- 0x0000000000000000
mem[X,0x000000008001853C] -> 0x006F
mem[X,0x000000008001853E] -> 0x00C0
[2469] [M]: 0x000000008001853C (0x00C0006F) jal zero, 12
mem[X,0x0000000080018548] -> 0x0063
mem[X,0x000000008001854A] -> 0x20B5
[2470] [M]: 0x0000000080018548 (0x20B50063) beq a0, a1, 512
mem[X,0x000000008001854C] -> 0x0213
mem[X,0x000000008001854E] -> 0x0022
[2471] [M]: 0x000000008001854C (0x00220213) addi tp, tp, 2
x4 <- 0x0000000000000002
mem[X,0x0000000080018550] -> 0x006F
mem[X,0x0000000080018552] -> 0x2000
[2472] [M]: 0x0000000080018550 (0x2000006F) jal zero, 512
mem[X,0x0000000080018750] -> 0x3023
mem[X,0x0000000080018752] -> 0x5841
[2473] [M]: 0x0000000080018750 (0x58413023) sd tp, 1408(sp)
mem[0x0000000080049748] <- 0x0000000000000002
mem[X,0x0000000080018754] -> 0x0513
mem[X,0x0000000080018756] -> 0x0030
[2474] [M]: 0x0000000080018754 (0x00300513) addi a0, zero, 3
x10 <- 0x0000000000000003
mem[X,0x0000000080018758] -> 0x0593
mem[X,0x000000008001875A] -> 0x0050
[2475] [M]: 0x0000000080018758 (0x00500593) addi a1, zero, 5
x11 <- 0x0000000000000005
mem[X,0x000000008001875C] -> 0x0213
mem[X,0x000000008001875E] -> 0x0000
[2476] [M]: 0x000000008001875C (0x00000213) addi tp, zero, 0
x4 <- 0x0000000000000000
mem[X,0x0000000080018760] -> 0x006F
mem[X,0x0000000080018762] -> 0x00C0
[2477] [M]: 0x0000000080018760 (0x00C0006F) jal zero, 12
mem[X,0x000000008001876C] -> 0x0663
mem[X,0x000000008001876E] -> 0x00B5
[2478] [M]: 0x000000008001876C (0x00B50663) beq a0, a1, 12
mem[X,0x0000000080018770] -> 0x0213
mem[X,0x0000000080018772] -> 0x0022
[2479] [M]: 0x0000000080018770 (0x00220213) addi tp, tp, 2
x4 <- 0x0000000000000002
mem[X,0x0000000080018774] -> 0x006F
mem[X,0x0000000080018776] -> 0x00C0
[2480] [M]: 0x0000000080018774 (0x00C0006F) jal zero, 12
mem[X,0x0000000080018780] -> 0x3423
mem[X,0x0000000080018782] -> 0x5841
[2481] [M]: 0x0000000080018780 (0x58413423) sd tp, 1416(sp)
mem[0x0000000080049750] <- 0x0000000000000002
mem[X,0x0000000080018784] -> 0x0513
mem[X,0x0000000080018786] -> 0x0030
[2482] [M]: 0x0000000080018784 (0x00300513) addi a0, zero, 3
x10 <- 0x0000000000000003
mem[X,0x0000000080018788] -> 0x35B7
mem[X,0x000000008001878A] -> 0x3333
[2483] [M]: 0x0000000080018788 (0x333335B7) lui a1, 209715
x11 <- 0x0000000033333000
mem[X,0x000000008001878C] -> 0x8593
mem[X,0x000000008001878E] -> 0x3335
[2484] [M]: 0x000000008001878C (0x33358593) addi a1, a1, 819
x11 <- 0x0000000033333333
mem[X,0x0000000080018790] -> 0x9593
mem[X,0x0000000080018792] -> 0x00B5
[2485] [M]: 0x0000000080018790 (0x00B59593) slli a1, a1, 11
x11 <- 0x0000019999999800
mem[X,0x0000000080018794] -> 0x8593
mem[X,0x0000000080018796] -> 0x1995
[2486] [M]: 0x0000000080018794 (0x19958593) addi a1, a1, 409
x11 <- 0x0000019999999999
mem[X,0x0000000080018798] -> 0x9593
mem[X,0x000000008001879A] -> 0x00B5
[2487] [M]: 0x0000000080018798 (0x00B59593) slli a1, a1, 11
x11 <- 0x000CCCCCCCCCC800
mem[X,0x000000008001879C] -> 0x8593
mem[X,0x000000008001879E] -> 0x4CC5
[2488] [M]: 0x000000008001879C (0x4CC58593) addi a1, a1, 1228
x11 <- 0x000CCCCCCCCCCCCC
mem[X,0x00000000800187A0] -> 0x9593
mem[X,0x00000000800187A2] -> 0x00A5
[2489] [M]: 0x00000000800187A0 (0x00A59593) slli a1, a1, 10
x11 <- 0x3333333333333000
mem[X,0x00000000800187A4] -> 0x8593
mem[X,0x00000000800187A6] -> 0x3335
[2490] [M]: 0x00000000800187A4 (0x33358593) addi a1, a1, 819
x11 <- 0x3333333333333333
mem[X,0x00000000800187A8] -> 0x0213
mem[X,0x00000000800187AA] -> 0x0000
[2491] [M]: 0x00000000800187A8 (0x00000213) addi tp, zero, 0
x4 <- 0x0000000000000000
mem[X,0x00000000800187AC] -> 0x006F
mem[X,0x00000000800187AE] -> 0x00C0
[2492] [M]: 0x00000000800187AC (0x00C0006F) jal zero, 12
mem[X,0x00000000800187B8] -> 0x0063
mem[X,0x00000000800187BA] -> 0x10B5
[2493] [M]: 0x00000000800187B8 (0x10B50063) beq a0, a1, 256
mem[X,0x00000000800187BC] -> 0x0213
mem[X,0x00000000800187BE] -> 0x0022
[2494] [M]: 0x00000000800187BC (0x00220213) addi tp, tp, 2
x4 <- 0x0000000000000002
mem[X,0x00000000800187C0] -> 0x006F
mem[X,0x00000000800187C2] -> 0x1000
[2495] [M]: 0x00000000800187C0 (0x1000006F) jal zero, 256
mem[X,0x00000000800188C0] -> 0x3823
mem[X,0x00000000800188C2] -> 0x5841
[2496] [M]: 0x00000000800188C0 (0x58413823) sd tp, 1424(sp)
mem[0x0000000080049758] <- 0x0000000000000002
mem[X,0x00000000800188C4] -> 0x0513
mem[X,0x00000000800188C6] -> 0x0030
[2497] [M]: 0x00000000800188C4 (0x00300513) addi a0, zero, 3
x10 <- 0x0000000000000003
mem[X,0x00000000800188C8] -> 0x65B7
mem[X,0x00000000800188CA] -> 0x6666
[2498] [M]: 0x00000000800188C8 (0x666665B7) lui a1, 419430
x11 <- 0x0000000066666000
mem[X,0x00000000800188CC] -> 0x8593
mem[X,0x00000000800188CE] -> 0x6665
[2499] [M]: 0x00000000800188CC (0x66658593) addi a1, a1, 1638
x11 <- 0x0000000066666666
clint::tick mtime <- 0x0000000000000019
 clint timer pending at mtime 0x0000000000000019
htif::tick 0x0000000000000000
mem[X,0x00000000800188D0] -> 0x9593
mem[X,0x00000000800188D2] -> 0x00B5
[2500] [M]: 0x00000000800188D0 (0x00B59593) slli a1, a1, 11
x11 <- 0x0000033333333000
mem[X,0x00000000800188D4] -> 0x8593
mem[X,0x00000000800188D6] -> 0x3335
[2501] [M]: 0x00000000800188D4 (0x33358593) addi a1, a1, 819
x11 <- 0x0000033333333333
mem[X,0x00000000800188D8] -> 0x9593
mem[X,0x00000000800188DA] -> 0x00B5
[2502] [M]: 0x00000000800188D8 (0x00B59593) slli a1, a1, 11
x11 <- 0x0019999999999800
mem[X,0x00000000800188DC] -> 0x8593
mem[X,0x00000000800188DE] -> 0x1995
[2503] [M]: 0x00000000800188DC (0x19958593) addi a1, a1, 409
x11 <- 0x0019999999999999
mem[X,0x00000000800188E0] -> 0x9593
mem[X,0x00000000800188E2] -> 0x00A5
[2504] [M]: 0x00000000800188E0 (0x00A59593) slli a1, a1, 10
x11 <- 0x6666666666666400
mem[X,0x00000000800188E4] -> 0x8593
mem[X,0x00000000800188E6] -> 0x2665
[2505] [M]: 0x00000000800188E4 (0x26658593) addi a1, a1, 614
x11 <- 0x6666666666666666
mem[X,0x00000000800188E8] -> 0x0213
mem[X,0x00000000800188EA] -> 0x0000
[2506] [M]: 0x00000000800188E8 (0x00000213) addi tp, zero, 0
x4 <- 0x0000000000000000
mem[X,0x00000000800188EC] -> 0x006F
mem[X,0x00000000800188EE] -> 0x00C0
[2507] [M]: 0x00000000800188EC (0x00C0006F) jal zero, 12
mem[X,0x00000000800188F8] -> 0x0663
mem[X,0x00000000800188FA] -> 0x00B5
[2508] [M]: 0x00000000800188F8 (0x00B50663) beq a0, a1, 12
mem[X,0x00000000800188FC] -> 0x0213
mem[X,0x00000000800188FE] -> 0x0022
[2509] [M]: 0x00000000800188FC (0x00220213) addi tp, tp, 2
x4 <- 0x0000000000000002
mem[X,0x0000000080018900] -> 0x006F
mem[X,0x0000000080018902] -> 0x00C0
[2510] [M]: 0x0000000080018900 (0x00C0006F) jal zero, 12
mem[X,0x000000008001890C] -> 0x3C23
mem[X,0x000000008001890E] -> 0x5841
[2511] [M]: 0x000000008001890C (0x58413C23) sd tp, 1432(sp)
mem[0x0000000080049760] <- 0x0000000000000002
mem[X,0x0000000080018910] -> 0x0513
mem[X,0x0000000080018912] -> 0x0030
[2512] [M]: 0x0000000080018910 (0x00300513) addi a0, zero, 3
x10 <- 0x0000000000000003
mem[X,0x0000000080018914] -> 0x05B7
mem[X,0x0000000080018916] -> 0x0000
[2513] [M]: 0x0000000080018914 (0x000005B7) lui a1, 0
x11 <- 0x0000000000000000
mem[X,0x0000000080018918] -> 0x8593
mem[X,0x000000008001891A] -> 0xFFF5
[2514] [M]: 0x0000000080018918 (0xFFF58593) addi a1, a1, 4095
x11 <- 0xFFFFFFFFFFFFFFFF
mem[X,0x000000008001891C] -> 0x9593
mem[X,0x000000008001891E] -> 0x00B5
[2515] [M]: 0x000000008001891C (0x00B59593) slli a1, a1, 11
x11 <- 0xFFFFFFFFFFFFF800
mem[X,0x0000000080018920] -> 0x8593
mem[X,0x0000000080018922] -> 0x2575
[2516] [M]: 0x0000000080018920 (0x25758593) addi a1, a1, 599
x11 <- 0xFFFFFFFFFFFFFA57
mem[X,0x0000000080018924] -> 0x9593
mem[X,0x0000000080018926] -> 0x00B5
[2517] [M]: 0x0000000080018924 (0x00B59593) slli a1, a1, 11
x11 <- 0xFFFFFFFFFFD2B800
mem[X,0x0000000080018928] -> 0x8593
mem[X,0x000000008001892A] -> 0x6C35
[2518] [M]: 0x0000000080018928 (0x6C358593) addi a1, a1, 1731
x11 <- 0xFFFFFFFFFFD2BEC3
mem[X,0x000000008001892C] -> 0x9593
mem[X,0x000000008001892E] -> 0x00A5
[2519] [M]: 0x000000008001892C (0x00A59593) slli a1, a1, 10
x11 <- 0xFFFFFFFF4AFB0C00
mem[X,0x0000000080018930] -> 0x8593
mem[X,0x0000000080018932] -> 0x0CD5
[2520] [M]: 0x0000000080018930 (0x0CD58593) addi a1, a1, 205
x11 <- 0xFFFFFFFF4AFB0CCD
mem[X,0x0000000080018934] -> 0x0213
mem[X,0x0000000080018936] -> 0x0000
[2521] [M]: 0x0000000080018934 (0x00000213) addi tp, zero, 0
x4 <- 0x0000000000000000
mem[X,0x0000000080018938] -> 0x006F
mem[X,0x000000008001893A] -> 0x00C0
[2522] [M]: 0x0000000080018938 (0x00C0006F) jal zero, 12
mem[X,0x0000000080018944] -> 0x0063
mem[X,0x0000000080018946] -> 0x02B5
[2523] [M]: 0x0000000080018944 (0x02B50063) beq a0, a1, 32
mem[X,0x0000000080018948] -> 0x0213
mem[X,0x000000008001894A] -> 0x0022
[2524] [M]: 0x0000000080018948 (0x00220213) addi tp, tp, 2
x4 <- 0x0000000000000002
mem[X,0x000000008001894C] -> 0x006F
mem[X,0x000000008001894E] -> 0x0200
[2525] [M]: 0x000000008001894C (0x0200006F) jal zero, 32
mem[X,0x000000008001896C] -> 0x3023
mem[X,0x000000008001896E] -> 0x5A41
[2526] [M]: 0x000000008001896C (0x5A413023) sd tp, 1440(sp)
mem[0x0000000080049768] <- 0x0000000000000002
mem[X,0x0000000080018970] -> 0x0513
mem[X,0x0000000080018972] -> 0x0030
[2527] [M]: 0x0000000080018970 (0x00300513) addi a0, zero, 3
x10 <- 0x0000000000000003
mem[X,0x0000000080018974] -> 0x05B7
mem[X,0x0000000080018976] -> 0x0000
[2528] [M]: 0x0000000080018974 (0x000005B7) lui a1, 0
x11 <- 0x0000000000000000
mem[X,0x0000000080018978] -> 0x8593
mem[X,0x000000008001897A] -> 0x0005
[2529] [M]: 0x0000000080018978 (0x00058593) addi a1, a1, 0
x11 <- 0x0000000000000000
mem[X,0x000000008001897C] -> 0x9593
mem[X,0x000000008001897E] -> 0x00B5
[2530] [M]: 0x000000008001897C (0x00B59593) slli a1, a1, 11
x11 <- 0x0000000000000000
mem[X,0x0000000080018980] -> 0x8593
mem[X,0x0000000080018982] -> 0x5A85
[2531] [M]: 0x0000000080018980 (0x5A858593) addi a1, a1, 1448
x11 <- 0x00000000000005A8
mem[X,0x0000000080018984] -> 0x9593
mem[X,0x0000000080018986] -> 0x00B5
[2532] [M]: 0x0000000080018984 (0x00B59593) slli a1, a1, 11
x11 <- 0x00000000002D4000
mem[X,0x0000000080018988] -> 0x8593
mem[X,0x000000008001898A] -> 0x13C5
[2533] [M]: 0x0000000080018988 (0x13C58593) addi a1, a1, 316
x11 <- 0x00000000002D413C
mem[X,0x000000008001898C] -> 0x9593
mem[X,0x000000008001898E] -> 0x00A5
[2534] [M]: 0x000000008001898C (0x00A59593) slli a1, a1, 10
x11 <- 0x00000000B504F000
mem[X,0x0000000080018990] -> 0x8593
mem[X,0x0000000080018992] -> 0x3335
[2535] [M]: 0x0000000080018990 (0x33358593) addi a1, a1, 819
x11 <- 0x00000000B504F333
mem[X,0x0000000080018994] -> 0x0213
mem[X,0x0000000080018996] -> 0x0000
[2536] [M]: 0x0000000080018994 (0x00000213) addi tp, zero, 0
x4 <- 0x0000000000000000
mem[X,0x0000000080018998] -> 0x006F
mem[X,0x000000008001899A] -> 0x00C0
[2537] [M]: 0x0000000080018998 (0x00C0006F) jal zero, 12
mem[X,0x00000000800189A4] -> 0x0863
mem[X,0x00000000800189A6] -> 0x00B5
[2538] [M]: 0x00000000800189A4 (0x00B50863) beq a0, a1, 16
mem[X,0x00000000800189A8] -> 0x0213
mem[X,0x00000000800189AA] -> 0x0022
[2539] [M]: 0x00000000800189A8 (0x00220213) addi tp, tp, 2
x4 <- 0x0000000000000002
mem[X,0x00000000800189AC] -> 0x006F
mem[X,0x00000000800189AE] -> 0x0100
[2540] [M]: 0x00000000800189AC (0x0100006F) jal zero, 16
mem[X,0x00000000800189BC] -> 0x3423
mem[X,0x00000000800189BE] -> 0x5A41
[2541] [M]: 0x00000000800189BC (0x5A413423) sd tp, 1448(sp)
mem[0x0000000080049770] <- 0x0000000000000002
mem[X,0x00000000800189C0] -> 0x0513
mem[X,0x00000000800189C2] -> 0x0030
[2542] [M]: 0x00000000800189C0 (0x00300513) addi a0, zero, 3
x10 <- 0x0000000000000003
mem[X,0x00000000800189C4] -> 0x0593
mem[X,0x00000000800189C6] -> 0x0020
[2543] [M]: 0x00000000800189C4 (0x00200593) addi a1, zero, 2
x11 <- 0x0000000000000002
mem[X,0x00000000800189C8] -> 0x0213
mem[X,0x00000000800189CA] -> 0x0000
[2544] [M]: 0x00000000800189C8 (0x00000213) addi tp, zero, 0
x4 <- 0x0000000000000000
mem[X,0x00000000800189CC] -> 0x006F
mem[X,0x00000000800189CE] -> 0x00C0
[2545] [M]: 0x00000000800189CC (0x00C0006F) jal zero, 12
mem[X,0x00000000800189D8] -> 0x0063
mem[X,0x00000000800189DA] -> 0x20B5
[2546] [M]: 0x00000000800189D8 (0x20B50063) beq a0, a1, 512
mem[X,0x00000000800189DC] -> 0x0213
mem[X,0x00000000800189DE] -> 0x0022
[2547] [M]: 0x00000000800189DC (0x00220213) addi tp, tp, 2
x4 <- 0x0000000000000002
mem[X,0x00000000800189E0] -> 0x006F
mem[X,0x00000000800189E2] -> 0x2000
[2548] [M]: 0x00000000800189E0 (0x2000006F) jal zero, 512
mem[X,0x0000000080018BE0] -> 0x3823
mem[X,0x0000000080018BE2] -> 0x5A41
[2549] [M]: 0x0000000080018BE0 (0x5A413823) sd tp, 1456(sp)
mem[0x0000000080049778] <- 0x0000000000000002
mem[X,0x0000000080018BE4] -> 0x0513
mem[X,0x0000000080018BE6] -> 0x0030
[2550] [M]: 0x0000000080018BE4 (0x00300513) addi a0, zero, 3
x10 <- 0x0000000000000003
mem[X,0x0000000080018BE8] -> 0x55B7
mem[X,0x0000000080018BEA] -> 0x5555
[2551] [M]: 0x0000000080018BE8 (0x555555B7) lui a1, 349525
x11 <- 0x0000000055555000
mem[X,0x0000000080018BEC] -> 0x8593
mem[X,0x0000000080018BEE] -> 0x5555
[2552] [M]: 0x0000000080018BEC (0x55558593) addi a1, a1, 1365
x11 <- 0x0000000055555555
mem[X,0x0000000080018BF0] -> 0x9593
mem[X,0x0000000080018BF2] -> 0x00B5
[2553] [M]: 0x0000000080018BF0 (0x00B59593) slli a1, a1, 11
x11 <- 0x000002AAAAAAA800
mem[X,0x0000000080018BF4] -> 0x8593
mem[X,0x0000000080018BF6] -> 0x2AA5
[2554] [M]: 0x0000000080018BF4 (0x2AA58593) addi a1, a1, 682
x11 <- 0x000002AAAAAAAAAA
mem[X,0x0000000080018BF8] -> 0x9593
mem[X,0x0000000080018BFA] -> 0x00B5
[2555] [M]: 0x0000000080018BF8 (0x00B59593) slli a1, a1, 11
x11 <- 0x0015555555555000
mem[X,0x0000000080018BFC] -> 0x8593
mem[X,0x0000000080018BFE] -> 0x5555
[2556] [M]: 0x0000000080018BFC (0x55558593) addi a1, a1, 1365
x11 <- 0x0015555555555555
mem[X,0x0000000080018C00] -> 0x9593
mem[X,0x0000000080018C02] -> 0x00A5
[2557] [M]: 0x0000000080018C00 (0x00A59593) slli a1, a1, 10
x11 <- 0x5555555555555400
mem[X,0x0000000080018C04] -> 0x8593
mem[X,0x0000000080018C06] -> 0x1545
[2558] [M]: 0x0000000080018C04 (0x15458593) addi a1, a1, 340
x11 <- 0x5555555555555554
mem[X,0x0000000080018C08] -> 0x0213
mem[X,0x0000000080018C0A] -> 0x0000
[2559] [M]: 0x0000000080018C08 (0x00000213) addi tp, zero, 0
x4 <- 0x0000000000000000
mem[X,0x0000000080018C0C] -> 0x006F
mem[X,0x0000000080018C0E] -> 0x2B10
[2560] [M]: 0x0000000080018C0C (0x2B10006F) jal zero, 2736
mem[X,0x00000000800196BC] -> 0x0A63
mem[X,0x00000000800196BE] -> 0xD4B5
[2561] [M]: 0x00000000800196BC (0xD4B50A63) beq a0, a1, 5460
mem[X,0x00000000800196C0] -> 0x0213
mem[X,0x00000000800196C2] -> 0x0022
[2562] [M]: 0x00000000800196C0 (0x00220213) addi tp, tp, 2
x4 <- 0x0000000000000002
mem[X,0x00000000800196C4] -> 0x006F
mem[X,0x00000000800196C6] -> 0x00C0
[2563] [M]: 0x00000000800196C4 (0x00C0006F) jal zero, 12
mem[X,0x00000000800196D0] -> 0x3C23
mem[X,0x00000000800196D2] -> 0x5A41
[2564] [M]: 0x00000000800196D0 (0x5A413C23) sd tp, 1464(sp)
mem[0x0000000080049780] <- 0x0000000000000002
mem[X,0x00000000800196D4] -> 0x0513
mem[X,0x00000000800196D6] -> 0x0030
[2565] [M]: 0x00000000800196D4 (0x00300513) addi a0, zero, 3
x10 <- 0x0000000000000003
mem[X,0x00000000800196D8] -> 0x0593
mem[X,0x00000000800196DA] -> 0x0000
[2566] [M]: 0x00000000800196D8 (0x00000593) addi a1, zero, 0
x11 <- 0x0000000000000000
mem[X,0x00000000800196DC] -> 0x0213
mem[X,0x00000000800196DE] -> 0x0000
[2567] [M]: 0x00000000800196DC (0x00000213) addi tp, zero, 0
x4 <- 0x0000000000000000
mem[X,0x00000000800196E0] -> 0x006F
mem[X,0x00000000800196E2] -> 0x00C0
[2568] [M]: 0x00000000800196E0 (0x00C0006F) jal zero, 12
mem[X,0x00000000800196EC] -> 0x0863
mem[X,0x00000000800196EE] -> 0x00B5
[2569] [M]: 0x00000000800196EC (0x00B50863) beq a0, a1, 16
mem[X,0x00000000800196F0] -> 0x0213
mem[X,0x00000000800196F2] -> 0x0022
[2570] [M]: 0x00000000800196F0 (0x00220213) addi tp, tp, 2
x4 <- 0x0000000000000002
mem[X,0x00000000800196F4] -> 0x006F
mem[X,0x00000000800196F6] -> 0x0100
[2571] [M]: 0x00000000800196F4 (0x0100006F) jal zero, 16
mem[X,0x0000000080019704] -> 0x3023
mem[X,0x0000000080019706] -> 0x5C41
[2572] [M]: 0x0000000080019704 (0x5C413023) sd tp, 1472(sp)
mem[0x0000000080049788] <- 0x0000000000000002
mem[X,0x0000000080019708] -> 0x0513
mem[X,0x000000008001970A] -> 0x0030
[2573] [M]: 0x0000000080019708 (0x00300513) addi a0, zero, 3
x10 <- 0x0000000000000003
mem[X,0x000000008001970C] -> 0x0593
mem[X,0x000000008001970E] -> 0x0040
[2574] [M]: 0x000000008001970C (0x00400593) addi a1, zero, 4
x11 <- 0x0000000000000004
mem[X,0x0000000080019710] -> 0x0213
mem[X,0x0000000080019712] -> 0x0000
[2575] [M]: 0x0000000080019710 (0x00000213) addi tp, zero, 0
x4 <- 0x0000000000000000
mem[X,0x0000000080019714] -> 0x006F
mem[X,0x0000000080019716] -> 0x0140
[2576] [M]: 0x0000000080019714 (0x0140006F) jal zero, 20
mem[X,0x0000000080019728] -> 0x08E3
mem[X,0x000000008001972A] -> 0xFEB5
[2577] [M]: 0x0000000080019728 (0xFEB508E3) beq a0, a1, 8176
mem[X,0x000000008001972C] -> 0x0213
mem[X,0x000000008001972E] -> 0x0022
[2578] [M]: 0x000000008001972C (0x00220213) addi tp, tp, 2
x4 <- 0x0000000000000002
mem[X,0x0000000080019730] -> 0x006F
mem[X,0x0000000080019732] -> 0x00C0
[2579] [M]: 0x0000000080019730 (0x00C0006F) jal zero, 12
mem[X,0x000000008001973C] -> 0x3423
mem[X,0x000000008001973E] -> 0x5C41
[2580] [M]: 0x000000008001973C (0x5C413423) sd tp, 1480(sp)
mem[0x0000000080049790] <- 0x0000000000000002
mem[X,0x0000000080019740] -> 0x0513
mem[X,0x0000000080019742] -> 0x0030
[2581] [M]: 0x0000000080019740 (0x00300513) addi a0, zero, 3
x10 <- 0x0000000000000003
mem[X,0x0000000080019744] -> 0x35B7
mem[X,0x0000000080019746] -> 0x3333
[2582] [M]: 0x0000000080019744 (0x333335B7) lui a1, 209715
x11 <- 0x0000000033333000
mem[X,0x0000000080019748] -> 0x8593
mem[X,0x000000008001974A] -> 0x3335
[2583] [M]: 0x0000000080019748 (0x33358593) addi a1, a1, 819
x11 <- 0x0000000033333333
mem[X,0x000000008001974C] -> 0x9593
mem[X,0x000000008001974E] -> 0x00B5
[2584] [M]: 0x000000008001974C (0x00B59593) slli a1, a1, 11
x11 <- 0x0000019999999800
mem[X,0x0000000080019750] -> 0x8593
mem[X,0x0000000080019752] -> 0x1995
[2585] [M]: 0x0000000080019750 (0x19958593) addi a1, a1, 409
x11 <- 0x0000019999999999
mem[X,0x0000000080019754] -> 0x9593
mem[X,0x0000000080019756] -> 0x00B5
[2586] [M]: 0x0000000080019754 (0x00B59593) slli a1, a1, 11
x11 <- 0x000CCCCCCCCCC800
mem[X,0x0000000080019758] -> 0x8593
mem[X,0x000000008001975A] -> 0x4CC5
[2587] [M]: 0x0000000080019758 (0x4CC58593) addi a1, a1, 1228
x11 <- 0x000CCCCCCCCCCCCC
mem[X,0x000000008001975C] -> 0x9593
mem[X,0x000000008001975E] -> 0x00A5
[2588] [M]: 0x000000008001975C (0x00A59593) slli a1, a1, 10
x11 <- 0x3333333333333000
mem[X,0x0000000080019760] -> 0x8593
mem[X,0x0000000080019762] -> 0x3325
[2589] [M]: 0x0000000080019760 (0x33258593) addi a1, a1, 818
x11 <- 0x3333333333333332
mem[X,0x0000000080019764] -> 0x0213
mem[X,0x0000000080019766] -> 0x0000
[2590] [M]: 0x0000000080019764 (0x00000213) addi tp, zero, 0
x4 <- 0x0000000000000000
mem[X,0x0000000080019768] -> 0x006F
mem[X,0x000000008001976A] -> 0x00C0
[2591] [M]: 0x0000000080019768 (0x00C0006F) jal zero, 12
mem[X,0x0000000080019774] -> 0x0663
mem[X,0x0000000080019776] -> 0x00B5
[2592] [M]: 0x0000000080019774 (0x00B50663) beq a0, a1, 12
mem[X,0x0000000080019778] -> 0x0213
mem[X,0x000000008001977A] -> 0x0022
[2593] [M]: 0x0000000080019778 (0x00220213) addi tp, tp, 2
x4 <- 0x0000000000000002
mem[X,0x000000008001977C] -> 0x006F
mem[X,0x000000008001977E] -> 0x00C0
[2594] [M]: 0x000000008001977C (0x00C0006F) jal zero, 12
mem[X,0x0000000080019788] -> 0x3823
mem[X,0x000000008001978A] -> 0x5C41
[2595] [M]: 0x0000000080019788 (0x5C413823) sd tp, 1488(sp)
mem[0x0000000080049798] <- 0x0000000000000002
mem[X,0x000000008001978C] -> 0x0513
mem[X,0x000000008001978E] -> 0x0030
[2596] [M]: 0x000000008001978C (0x00300513) addi a0, zero, 3
x10 <- 0x0000000000000003
mem[X,0x0000000080019790] -> 0x65B7
mem[X,0x0000000080019792] -> 0x6666
[2597] [M]: 0x0000000080019790 (0x666665B7) lui a1, 419430
x11 <- 0x0000000066666000
mem[X,0x0000000080019794] -> 0x8593
mem[X,0x0000000080019796] -> 0x6665
[2598] [M]: 0x0000000080019794 (0x66658593) addi a1, a1, 1638
x11 <- 0x0000000066666666
mem[X,0x0000000080019798] -> 0x9593
mem[X,0x000000008001979A] -> 0x00B5
[2599] [M]: 0x0000000080019798 (0x00B59593) slli a1, a1, 11
x11 <- 0x0000033333333000
clint::tick mtime <- 0x000000000000001A
 clint timer pending at mtime 0x000000000000001A
htif::tick 0x0000000000000000
mem[X,0x000000008001979C] -> 0x8593
mem[X,0x000000008001979E] -> 0x3335
[2600] [M]: 0x000000008001979C (0x33358593) addi a1, a1, 819
x11 <- 0x0000033333333333
mem[X,0x00000000800197A0] -> 0x9593
mem[X,0x00000000800197A2] -> 0x00B5
[2601] [M]: 0x00000000800197A0 (0x00B59593) slli a1, a1, 11
x11 <- 0x0019999999999800
mem[X,0x00000000800197A4] -> 0x8593
mem[X,0x00000000800197A6] -> 0x1995
[2602] [M]: 0x00000000800197A4 (0x19958593) addi a1, a1, 409
x11 <- 0x0019999999999999
mem[X,0x00000000800197A8] -> 0x9593
mem[X,0x00000000800197AA] -> 0x00A5
[2603] [M]: 0x00000000800197A8 (0x00A59593) slli a1, a1, 10
x11 <- 0x6666666666666400
mem[X,0x00000000800197AC] -> 0x8593
mem[X,0x00000000800197AE] -> 0x2655
[2604] [M]: 0x00000000800197AC (0x26558593) addi a1, a1, 613
x11 <- 0x6666666666666665
mem[X,0x00000000800197B0] -> 0x0213
mem[X,0x00000000800197B2] -> 0x0000
[2605] [M]: 0x00000000800197B0 (0x00000213) addi tp, zero, 0
x4 <- 0x0000000000000000
mem[X,0x00000000800197B4] -> 0x006F
mem[X,0x00000000800197B6] -> 0x0140
[2606] [M]: 0x00000000800197B4 (0x0140006F) jal zero, 20
mem[X,0x00000000800197C8] -> 0x08E3
mem[X,0x00000000800197CA] -> 0xFEB5
[2607] [M]: 0x00000000800197C8 (0xFEB508E3) beq a0, a1, 8176
mem[X,0x00000000800197CC] -> 0x0213
mem[X,0x00000000800197CE] -> 0x0022
[2608] [M]: 0x00000000800197CC (0x00220213) addi tp, tp, 2
x4 <- 0x0000000000000002
mem[X,0x00000000800197D0] -> 0x006F
mem[X,0x00000000800197D2] -> 0x00C0
[2609] [M]: 0x00000000800197D0 (0x00C0006F) jal zero, 12
mem[X,0x00000000800197DC] -> 0x3C23
mem[X,0x00000000800197DE] -> 0x5C41
[2610] [M]: 0x00000000800197DC (0x5C413C23) sd tp, 1496(sp)
mem[0x00000000800497A0] <- 0x0000000000000002
mem[X,0x00000000800197E0] -> 0x0513
mem[X,0x00000000800197E2] -> 0x0030
[2611] [M]: 0x00000000800197E0 (0x00300513) addi a0, zero, 3
x10 <- 0x0000000000000003
mem[X,0x00000000800197E4] -> 0x05B7
mem[X,0x00000000800197E6] -> 0x0000
[2612] [M]: 0x00000000800197E4 (0x000005B7) lui a1, 0
x11 <- 0x0000000000000000
mem[X,0x00000000800197E8] -> 0x8593
mem[X,0x00000000800197EA] -> 0x0005
[2613] [M]: 0x00000000800197E8 (0x00058593) addi a1, a1, 0
x11 <- 0x0000000000000000
mem[X,0x00000000800197EC] -> 0x9593
mem[X,0x00000000800197EE] -> 0x00B5
[2614] [M]: 0x00000000800197EC (0x00B59593) slli a1, a1, 11
x11 <- 0x0000000000000000
mem[X,0x00000000800197F0] -> 0x8593
mem[X,0x00000000800197F2] -> 0x5A85
[2615] [M]: 0x00000000800197F0 (0x5A858593) addi a1, a1, 1448
x11 <- 0x00000000000005A8
mem[X,0x00000000800197F4] -> 0x9593
mem[X,0x00000000800197F6] -> 0x00B5
[2616] [M]: 0x00000000800197F4 (0x00B59593) slli a1, a1, 11
x11 <- 0x00000000002D4000
mem[X,0x00000000800197F8] -> 0x8593
mem[X,0x00000000800197FA] -> 0x13C5
[2617] [M]: 0x00000000800197F8 (0x13C58593) addi a1, a1, 316
x11 <- 0x00000000002D413C
mem[X,0x00000000800197FC] -> 0x9593
mem[X,0x00000000800197FE] -> 0x00A5
[2618] [M]: 0x00000000800197FC (0x00A59593) slli a1, a1, 10
x11 <- 0x00000000B504F000
mem[X,0x0000000080019800] -> 0x8593
mem[X,0x0000000080019802] -> 0x3325
[2619] [M]: 0x0000000080019800 (0x33258593) addi a1, a1, 818
x11 <- 0x00000000B504F332
mem[X,0x0000000080019804] -> 0x0213
mem[X,0x0000000080019806] -> 0x0000
[2620] [M]: 0x0000000080019804 (0x00000213) addi tp, zero, 0
x4 <- 0x0000000000000000
mem[X,0x0000000080019808] -> 0x006F
mem[X,0x000000008001980A] -> 0x00C0
[2621] [M]: 0x0000000080019808 (0x00C0006F) jal zero, 12
mem[X,0x0000000080019814] -> 0x0063
mem[X,0x0000000080019816] -> 0x04B5
[2622] [M]: 0x0000000080019814 (0x04B50063) beq a0, a1, 64
mem[X,0x0000000080019818] -> 0x0213
mem[X,0x000000008001981A] -> 0x0022
[2623] [M]: 0x0000000080019818 (0x00220213) addi tp, tp, 2
x4 <- 0x0000000000000002
mem[X,0x000000008001981C] -> 0x006F
mem[X,0x000000008001981E] -> 0x0400
[2624] [M]: 0x000000008001981C (0x0400006F) jal zero, 64
mem[X,0x000000008001985C] -> 0x3023
mem[X,0x000000008001985E] -> 0x5E41
[2625] [M]: 0x000000008001985C (0x5E413023) sd tp, 1504(sp)
mem[0x00000000800497A8] <- 0x0000000000000002
mem[X,0x0000000080019860] -> 0x0513
mem[X,0x0000000080019862] -> 0x0030
[2626] [M]: 0x0000000080019860 (0x00300513) addi a0, zero, 3
x10 <- 0x0000000000000003
mem[X,0x0000000080019864] -> 0x55B7
mem[X,0x0000000080019866] -> 0x5555
[2627] [M]: 0x0000000080019864 (0x555555B7) lui a1, 349525
x11 <- 0x0000000055555000
mem[X,0x0000000080019868] -> 0x8593
mem[X,0x000000008001986A] -> 0x5555
[2628] [M]: 0x0000000080019868 (0x55558593) addi a1, a1, 1365
x11 <- 0x0000000055555555
mem[X,0x000000008001986C] -> 0x9593
mem[X,0x000000008001986E] -> 0x00B5
[2629] [M]: 0x000000008001986C (0x00B59593) slli a1, a1, 11
x11 <- 0x000002AAAAAAA800
mem[X,0x0000000080019870] -> 0x8593
mem[X,0x0000000080019872] -> 0x2AA5
[2630] [M]: 0x0000000080019870 (0x2AA58593) addi a1, a1, 682
x11 <- 0x000002AAAAAAAAAA
mem[X,0x0000000080019874] -> 0x9593
mem[X,0x0000000080019876] -> 0x00B5
[2631] [M]: 0x0000000080019874 (0x00B59593) slli a1, a1, 11
x11 <- 0x0015555555555000
mem[X,0x0000000080019878] -> 0x8593
mem[X,0x000000008001987A] -> 0x5555
[2632] [M]: 0x0000000080019878 (0x55558593) addi a1, a1, 1365
x11 <- 0x0015555555555555
mem[X,0x000000008001987C] -> 0x9593
mem[X,0x000000008001987E] -> 0x00A5
[2633] [M]: 0x000000008001987C (0x00A59593) slli a1, a1, 10
x11 <- 0x5555555555555400
mem[X,0x0000000080019880] -> 0x8593
mem[X,0x0000000080019882] -> 0x1565
[2634] [M]: 0x0000000080019880 (0x15658593) addi a1, a1, 342
x11 <- 0x5555555555555556
mem[X,0x0000000080019884] -> 0x0213
mem[X,0x0000000080019886] -> 0x0000
[2635] [M]: 0x0000000080019884 (0x00000213) addi tp, zero, 0
x4 <- 0x0000000000000000
mem[X,0x0000000080019888] -> 0x006F
mem[X,0x000000008001988A] -> 0x2B10
[2636] [M]: 0x0000000080019888 (0x2B10006F) jal zero, 2736
mem[X,0x000000008001A338] -> 0x0A63
mem[X,0x000000008001A33A] -> 0xD4B5
[2637] [M]: 0x000000008001A338 (0xD4B50A63) beq a0, a1, 5460
mem[X,0x000000008001A33C] -> 0x0213
mem[X,0x000000008001A33E] -> 0x0022
[2638] [M]: 0x000000008001A33C (0x00220213) addi tp, tp, 2
x4 <- 0x0000000000000002
mem[X,0x000000008001A340] -> 0x006F
mem[X,0x000000008001A342] -> 0x00C0
[2639] [M]: 0x000000008001A340 (0x00C0006F) jal zero, 12
mem[X,0x000000008001A34C] -> 0x3423
mem[X,0x000000008001A34E] -> 0x5E41
[2640] [M]: 0x000000008001A34C (0x5E413423) sd tp, 1512(sp)
mem[0x00000000800497B0] <- 0x0000000000000002
mem[X,0x000000008001A350] -> 0x0513
mem[X,0x000000008001A352] -> 0x0030
[2641] [M]: 0x000000008001A350 (0x00300513) addi a0, zero, 3
x10 <- 0x0000000000000003
mem[X,0x000000008001A354] -> 0xB5B7
mem[X,0x000000008001A356] -> 0xAAAA
[2642] [M]: 0x000000008001A354 (0xAAAAB5B7) lui a1, 699051
x11 <- 0xFFFFFFFFAAAAB000
mem[X,0x000000008001A358] -> 0x8593
mem[X,0x000000008001A35A] -> 0xAAA5
[2643] [M]: 0x000000008001A358 (0xAAA58593) addi a1, a1, 2730
x11 <- 0xFFFFFFFFAAAAAAAA
mem[X,0x000000008001A35C] -> 0x9593
mem[X,0x000000008001A35E] -> 0x00B5
[2644] [M]: 0x000000008001A35C (0x00B59593) slli a1, a1, 11
x11 <- 0xFFFFFD5555555000
mem[X,0x000000008001A360] -> 0x8593
mem[X,0x000000008001A362] -> 0x5555
[2645] [M]: 0x000000008001A360 (0x55558593) addi a1, a1, 1365
x11 <- 0xFFFFFD5555555555
mem[X,0x000000008001A364] -> 0x9593
mem[X,0x000000008001A366] -> 0x00B5
[2646] [M]: 0x000000008001A364 (0x00B59593) slli a1, a1, 11
x11 <- 0xFFEAAAAAAAAAA800
mem[X,0x000000008001A368] -> 0x8593
mem[X,0x000000008001A36A] -> 0x2AA5
[2647] [M]: 0x000000008001A368 (0x2AA58593) addi a1, a1, 682
x11 <- 0xFFEAAAAAAAAAAAAA
mem[X,0x000000008001A36C] -> 0x9593
mem[X,0x000000008001A36E] -> 0x00A5
[2648] [M]: 0x000000008001A36C (0x00A59593) slli a1, a1, 10
x11 <- 0xAAAAAAAAAAAAA800
mem[X,0x000000008001A370] -> 0x8593
mem[X,0x000000008001A372] -> 0x2AB5
[2649] [M]: 0x000000008001A370 (0x2AB58593) addi a1, a1, 683
x11 <- 0xAAAAAAAAAAAAAAAB
mem[X,0x000000008001A374] -> 0x0213
mem[X,0x000000008001A376] -> 0x0000
[2650] [M]: 0x000000008001A374 (0x00000213) addi tp, zero, 0
x4 <- 0x0000000000000000
mem[X,0x000000008001A378] -> 0x006F
mem[X,0x000000008001A37A] -> 0x00C0
[2651] [M]: 0x000000008001A378 (0x00C0006F) jal zero, 12
mem[X,0x000000008001A384] -> 0x0663
mem[X,0x000000008001A386] -> 0x00B5
[2652] [M]: 0x000000008001A384 (0x00B50663) beq a0, a1, 12
mem[X,0x000000008001A388] -> 0x0213
mem[X,0x000000008001A38A] -> 0x0022
[2653] [M]: 0x000000008001A388 (0x00220213) addi tp, tp, 2
x4 <- 0x0000000000000002
mem[X,0x000000008001A38C] -> 0x006F
mem[X,0x000000008001A38E] -> 0x00C0
[2654] [M]: 0x000000008001A38C (0x00C0006F) jal zero, 12
mem[X,0x000000008001A398] -> 0x3823
mem[X,0x000000008001A39A] -> 0x5E41
[2655] [M]: 0x000000008001A398 (0x5E413823) sd tp, 1520(sp)
mem[0x00000000800497B8] <- 0x0000000000000002
mem[X,0x000000008001A39C] -> 0x0513
mem[X,0x000000008001A39E] -> 0x0030
[2656] [M]: 0x000000008001A39C (0x00300513) addi a0, zero, 3
x10 <- 0x0000000000000003
mem[X,0x000000008001A3A0] -> 0x0593
mem[X,0x000000008001A3A2] -> 0x0060
[2657] [M]: 0x000000008001A3A0 (0x00600593) addi a1, zero, 6
x11 <- 0x0000000000000006
mem[X,0x000000008001A3A4] -> 0x0213
mem[X,0x000000008001A3A6] -> 0x0000
[2658] [M]: 0x000000008001A3A4 (0x00000213) addi tp, zero, 0
x4 <- 0x0000000000000000
mem[X,0x000000008001A3A8] -> 0x006F
mem[X,0x000000008001A3AA] -> 0x00C0
[2659] [M]: 0x000000008001A3A8 (0x00C0006F) jal zero, 12
mem[X,0x000000008001A3B4] -> 0x0663
mem[X,0x000000008001A3B6] -> 0x00B5
[2660] [M]: 0x000000008001A3B4 (0x00B50663) beq a0, a1, 12
mem[X,0x000000008001A3B8] -> 0x0213
mem[X,0x000000008001A3BA] -> 0x0022
[2661] [M]: 0x000000008001A3B8 (0x00220213) addi tp, tp, 2
x4 <- 0x0000000000000002
mem[X,0x000000008001A3BC] -> 0x006F
mem[X,0x000000008001A3BE] -> 0x00C0
[2662] [M]: 0x000000008001A3BC (0x00C0006F) jal zero, 12
mem[X,0x000000008001A3C8] -> 0x3C23
mem[X,0x000000008001A3CA] -> 0x5E41
[2663] [M]: 0x000000008001A3C8 (0x5E413C23) sd tp, 1528(sp)
mem[0x00000000800497C0] <- 0x0000000000000002
mem[X,0x000000008001A3CC] -> 0x0513
mem[X,0x000000008001A3CE] -> 0x0030
[2664] [M]: 0x000000008001A3CC (0x00300513) addi a0, zero, 3
x10 <- 0x0000000000000003
mem[X,0x000000008001A3D0] -> 0x35B7
mem[X,0x000000008001A3D2] -> 0x3333
[2665] [M]: 0x000000008001A3D0 (0x333335B7) lui a1, 209715
x11 <- 0x0000000033333000
mem[X,0x000000008001A3D4] -> 0x8593
mem[X,0x000000008001A3D6] -> 0x3335
[2666] [M]: 0x000000008001A3D4 (0x33358593) addi a1, a1, 819
x11 <- 0x0000000033333333
mem[X,0x000000008001A3D8] -> 0x9593
mem[X,0x000000008001A3DA] -> 0x00B5
[2667] [M]: 0x000000008001A3D8 (0x00B59593) slli a1, a1, 11
x11 <- 0x0000019999999800
mem[X,0x000000008001A3DC] -> 0x8593
mem[X,0x000000008001A3DE] -> 0x1995
[2668] [M]: 0x000000008001A3DC (0x19958593) addi a1, a1, 409
x11 <- 0x0000019999999999
mem[X,0x000000008001A3E0] -> 0x9593
mem[X,0x000000008001A3E2] -> 0x00B5
[2669] [M]: 0x000000008001A3E0 (0x00B59593) slli a1, a1, 11
x11 <- 0x000CCCCCCCCCC800
mem[X,0x000000008001A3E4] -> 0x8593
mem[X,0x000000008001A3E6] -> 0x4CC5
[2670] [M]: 0x000000008001A3E4 (0x4CC58593) addi a1, a1, 1228
x11 <- 0x000CCCCCCCCCCCCC
mem[X,0x000000008001A3E8] -> 0x9593
mem[X,0x000000008001A3EA] -> 0x00A5
[2671] [M]: 0x000000008001A3E8 (0x00A59593) slli a1, a1, 10
x11 <- 0x3333333333333000
mem[X,0x000000008001A3EC] -> 0x8593
mem[X,0x000000008001A3EE] -> 0x3345
[2672] [M]: 0x000000008001A3EC (0x33458593) addi a1, a1, 820
x11 <- 0x3333333333333334
mem[X,0x000000008001A3F0] -> 0x0213
mem[X,0x000000008001A3F2] -> 0x0000
[2673] [M]: 0x000000008001A3F0 (0x00000213) addi tp, zero, 0
x4 <- 0x0000000000000000
mem[X,0x000000008001A3F4] -> 0x006F
mem[X,0x000000008001A3F6] -> 0x00C0
[2674] [M]: 0x000000008001A3F4 (0x00C0006F) jal zero, 12
mem[X,0x000000008001A400] -> 0x0663
mem[X,0x000000008001A402] -> 0x00B5
[2675] [M]: 0x000000008001A400 (0x00B50663) beq a0, a1, 12
mem[X,0x000000008001A404] -> 0x0213
mem[X,0x000000008001A406] -> 0x0022
[2676] [M]: 0x000000008001A404 (0x00220213) addi tp, tp, 2
x4 <- 0x0000000000000002
mem[X,0x000000008001A408] -> 0x006F
mem[X,0x000000008001A40A] -> 0x00C0
[2677] [M]: 0x000000008001A408 (0x00C0006F) jal zero, 12
mem[X,0x000000008001A414] -> 0x3023
mem[X,0x000000008001A416] -> 0x6041
[2678] [M]: 0x000000008001A414 (0x60413023) sd tp, 1536(sp)
mem[0x00000000800497C8] <- 0x0000000000000002
mem[X,0x000000008001A418] -> 0x0513
mem[X,0x000000008001A41A] -> 0x0030
[2679] [M]: 0x000000008001A418 (0x00300513) addi a0, zero, 3
x10 <- 0x0000000000000003
mem[X,0x000000008001A41C] -> 0x65B7
mem[X,0x000000008001A41E] -> 0x6666
[2680] [M]: 0x000000008001A41C (0x666665B7) lui a1, 419430
x11 <- 0x0000000066666000
mem[X,0x000000008001A420] -> 0x8593
mem[X,0x000000008001A422] -> 0x6665
[2681] [M]: 0x000000008001A420 (0x66658593) addi a1, a1, 1638
x11 <- 0x0000000066666666
mem[X,0x000000008001A424] -> 0x9593
mem[X,0x000000008001A426] -> 0x00B5
[2682] [M]: 0x000000008001A424 (0x00B59593) slli a1, a1, 11
x11 <- 0x0000033333333000
mem[X,0x000000008001A428] -> 0x8593
mem[X,0x000000008001A42A] -> 0x3335
[2683] [M]: 0x000000008001A428 (0x33358593) addi a1, a1, 819
x11 <- 0x0000033333333333
mem[X,0x000000008001A42C] -> 0x9593
mem[X,0x000000008001A42E] -> 0x00B5
[2684] [M]: 0x000000008001A42C (0x00B59593) slli a1, a1, 11
x11 <- 0x0019999999999800
mem[X,0x000000008001A430] -> 0x8593
mem[X,0x000000008001A432] -> 0x1995
[2685] [M]: 0x000000008001A430 (0x19958593) addi a1, a1, 409
x11 <- 0x0019999999999999
mem[X,0x000000008001A434] -> 0x9593
mem[X,0x000000008001A436] -> 0x00A5
[2686] [M]: 0x000000008001A434 (0x00A59593) slli a1, a1, 10
x11 <- 0x6666666666666400
mem[X,0x000000008001A438] -> 0x8593
mem[X,0x000000008001A43A] -> 0x2675
[2687] [M]: 0x000000008001A438 (0x26758593) addi a1, a1, 615
x11 <- 0x6666666666666667
mem[X,0x000000008001A43C] -> 0x0213
mem[X,0x000000008001A43E] -> 0x0000
[2688] [M]: 0x000000008001A43C (0x00000213) addi tp, zero, 0
x4 <- 0x0000000000000000
mem[X,0x000000008001A440] -> 0x006F
mem[X,0x000000008001A442] -> 0x00C0
[2689] [M]: 0x000000008001A440 (0x00C0006F) jal zero, 12
mem[X,0x000000008001A44C] -> 0x0063
mem[X,0x000000008001A44E] -> 0x02B5
[2690] [M]: 0x000000008001A44C (0x02B50063) beq a0, a1, 32
mem[X,0x000000008001A450] -> 0x0213
mem[X,0x000000008001A452] -> 0x0022
[2691] [M]: 0x000000008001A450 (0x00220213) addi tp, tp, 2
x4 <- 0x0000000000000002
mem[X,0x000000008001A454] -> 0x006F
mem[X,0x000000008001A456] -> 0x0200
[2692] [M]: 0x000000008001A454 (0x0200006F) jal zero, 32
mem[X,0x000000008001A474] -> 0x3423
mem[X,0x000000008001A476] -> 0x6041
[2693] [M]: 0x000000008001A474 (0x60413423) sd tp, 1544(sp)
mem[0x00000000800497D0] <- 0x0000000000000002
mem[X,0x000000008001A478] -> 0x0513
mem[X,0x000000008001A47A] -> 0x0030
[2694] [M]: 0x000000008001A478 (0x00300513) addi a0, zero, 3
x10 <- 0x0000000000000003
mem[X,0x000000008001A47C] -> 0x05B7
mem[X,0x000000008001A47E] -> 0x0000
[2695] [M]: 0x000000008001A47C (0x000005B7) lui a1, 0
x11 <- 0x0000000000000000
mem[X,0x000000008001A480] -> 0x8593
mem[X,0x000000008001A482] -> 0xFFF5
[2696] [M]: 0x000000008001A480 (0xFFF58593) addi a1, a1, 4095
x11 <- 0xFFFFFFFFFFFFFFFF
mem[X,0x000000008001A484] -> 0x9593
mem[X,0x000000008001A486] -> 0x00B5
[2697] [M]: 0x000000008001A484 (0x00B59593) slli a1, a1, 11
x11 <- 0xFFFFFFFFFFFFF800
mem[X,0x000000008001A488] -> 0x8593
mem[X,0x000000008001A48A] -> 0x2575
[2698] [M]: 0x000000008001A488 (0x25758593) addi a1, a1, 599
x11 <- 0xFFFFFFFFFFFFFA57
mem[X,0x000000008001A48C] -> 0x9593
mem[X,0x000000008001A48E] -> 0x00B5
[2699] [M]: 0x000000008001A48C (0x00B59593) slli a1, a1, 11
x11 <- 0xFFFFFFFFFFD2B800
clint::tick mtime <- 0x000000000000001B
 clint timer pending at mtime 0x000000000000001B
htif::tick 0x0000000000000000
mem[X,0x000000008001A490] -> 0x8593
mem[X,0x000000008001A492] -> 0x6C35
[2700] [M]: 0x000000008001A490 (0x6C358593) addi a1, a1, 1731
x11 <- 0xFFFFFFFFFFD2BEC3
mem[X,0x000000008001A494] -> 0x9593
mem[X,0x000000008001A496] -> 0x00A5
[2701] [M]: 0x000000008001A494 (0x00A59593) slli a1, a1, 10
x11 <- 0xFFFFFFFF4AFB0C00
mem[X,0x000000008001A498] -> 0x8593
mem[X,0x000000008001A49A] -> 0x0CE5
[2702] [M]: 0x000000008001A498 (0x0CE58593) addi a1, a1, 206
x11 <- 0xFFFFFFFF4AFB0CCE
mem[X,0x000000008001A49C] -> 0x0213
mem[X,0x000000008001A49E] -> 0x0000
[2703] [M]: 0x000000008001A49C (0x00000213) addi tp, zero, 0
x4 <- 0x0000000000000000
mem[X,0x000000008001A4A0] -> 0x006F
mem[X,0x000000008001A4A2] -> 0x0100
[2704] [M]: 0x000000008001A4A0 (0x0100006F) jal zero, 16
mem[X,0x000000008001A4B0] -> 0x0AE3
mem[X,0x000000008001A4B2] -> 0xFEB5
[2705] [M]: 0x000000008001A4B0 (0xFEB50AE3) beq a0, a1, 8180
mem[X,0x000000008001A4B4] -> 0x0213
mem[X,0x000000008001A4B6] -> 0x0022
[2706] [M]: 0x000000008001A4B4 (0x00220213) addi tp, tp, 2
x4 <- 0x0000000000000002
mem[X,0x000000008001A4B8] -> 0x006F
mem[X,0x000000008001A4BA] -> 0x00C0
[2707] [M]: 0x000000008001A4B8 (0x00C0006F) jal zero, 12
mem[X,0x000000008001A4C4] -> 0x3823
mem[X,0x000000008001A4C6] -> 0x6041
[2708] [M]: 0x000000008001A4C4 (0x60413823) sd tp, 1552(sp)
mem[0x00000000800497D8] <- 0x0000000000000002
mem[X,0x000000008001A4C8] -> 0x0513
mem[X,0x000000008001A4CA] -> 0x0030
[2709] [M]: 0x000000008001A4C8 (0x00300513) addi a0, zero, 3
x10 <- 0x0000000000000003
mem[X,0x000000008001A4CC] -> 0x05B7
mem[X,0x000000008001A4CE] -> 0x0000
[2710] [M]: 0x000000008001A4CC (0x000005B7) lui a1, 0
x11 <- 0x0000000000000000
mem[X,0x000000008001A4D0] -> 0x8593
mem[X,0x000000008001A4D2] -> 0x0005
[2711] [M]: 0x000000008001A4D0 (0x00058593) addi a1, a1, 0
x11 <- 0x0000000000000000
mem[X,0x000000008001A4D4] -> 0x9593
mem[X,0x000000008001A4D6] -> 0x00B5
[2712] [M]: 0x000000008001A4D4 (0x00B59593) slli a1, a1, 11
x11 <- 0x0000000000000000
mem[X,0x000000008001A4D8] -> 0x8593
mem[X,0x000000008001A4DA] -> 0x5A85
[2713] [M]: 0x000000008001A4D8 (0x5A858593) addi a1, a1, 1448
x11 <- 0x00000000000005A8
mem[X,0x000000008001A4DC] -> 0x9593
mem[X,0x000000008001A4DE] -> 0x00B5
[2714] [M]: 0x000000008001A4DC (0x00B59593) slli a1, a1, 11
x11 <- 0x00000000002D4000
mem[X,0x000000008001A4E0] -> 0x8593
mem[X,0x000000008001A4E2] -> 0x13C5
[2715] [M]: 0x000000008001A4E0 (0x13C58593) addi a1, a1, 316
x11 <- 0x00000000002D413C
mem[X,0x000000008001A4E4] -> 0x9593
mem[X,0x000000008001A4E6] -> 0x00A5
[2716] [M]: 0x000000008001A4E4 (0x00A59593) slli a1, a1, 10
x11 <- 0x00000000B504F000
mem[X,0x000000008001A4E8] -> 0x8593
mem[X,0x000000008001A4EA] -> 0x3345
[2717] [M]: 0x000000008001A4E8 (0x33458593) addi a1, a1, 820
x11 <- 0x00000000B504F334
mem[X,0x000000008001A4EC] -> 0x0213
mem[X,0x000000008001A4EE] -> 0x0000
[2718] [M]: 0x000000008001A4EC (0x00000213) addi tp, zero, 0
x4 <- 0x0000000000000000
mem[X,0x000000008001A4F0] -> 0x006F
mem[X,0x000000008001A4F2] -> 0x0050
[2719] [M]: 0x000000008001A4F0 (0x0050006F) jal zero, 2052
mem[X,0x000000008001ACF4] -> 0x00E3
mem[X,0x000000008001ACF6] -> 0x80B5
[2720] [M]: 0x000000008001ACF4 (0x80B500E3) beq a0, a1, 6144
mem[X,0x000000008001ACF8] -> 0x0213
mem[X,0x000000008001ACFA] -> 0x0022
[2721] [M]: 0x000000008001ACF8 (0x00220213) addi tp, tp, 2
x4 <- 0x0000000000000002
mem[X,0x000000008001ACFC] -> 0x006F
mem[X,0x000000008001ACFE] -> 0x00C0
[2722] [M]: 0x000000008001ACFC (0x00C0006F) jal zero, 12
mem[X,0x000000008001AD08] -> 0x3C23
mem[X,0x000000008001AD0A] -> 0x6041
[2723] [M]: 0x000000008001AD08 (0x60413C23) sd tp, 1560(sp)
mem[0x00000000800497E0] <- 0x0000000000000002
mem[X,0x000000008001AD0C] -> 0x5537
mem[X,0x000000008001AD0E] -> 0x5555
[2724] [M]: 0x000000008001AD0C (0x55555537) lui a0, 349525
x10 <- 0x0000000055555000
mem[X,0x000000008001AD10] -> 0x0513
mem[X,0x000000008001AD12] -> 0x5555
[2725] [M]: 0x000000008001AD10 (0x55550513) addi a0, a0, 1365
x10 <- 0x0000000055555555
mem[X,0x000000008001AD14] -> 0x1513
mem[X,0x000000008001AD16] -> 0x00B5
[2726] [M]: 0x000000008001AD14 (0x00B51513) slli a0, a0, 11
x10 <- 0x000002AAAAAAA800
mem[X,0x000000008001AD18] -> 0x0513
mem[X,0x000000008001AD1A] -> 0x2AA5
[2727] [M]: 0x000000008001AD18 (0x2AA50513) addi a0, a0, 682
x10 <- 0x000002AAAAAAAAAA
mem[X,0x000000008001AD1C] -> 0x1513
mem[X,0x000000008001AD1E] -> 0x00B5
[2728] [M]: 0x000000008001AD1C (0x00B51513) slli a0, a0, 11
x10 <- 0x0015555555555000
mem[X,0x000000008001AD20] -> 0x0513
mem[X,0x000000008001AD22] -> 0x5555
[2729] [M]: 0x000000008001AD20 (0x55550513) addi a0, a0, 1365
x10 <- 0x0015555555555555
mem[X,0x000000008001AD24] -> 0x1513
mem[X,0x000000008001AD26] -> 0x00A5
[2730] [M]: 0x000000008001AD24 (0x00A51513) slli a0, a0, 10
x10 <- 0x5555555555555400
mem[X,0x000000008001AD28] -> 0x0513
mem[X,0x000000008001AD2A] -> 0x1555
[2731] [M]: 0x000000008001AD28 (0x15550513) addi a0, a0, 341
x10 <- 0x5555555555555555
mem[X,0x000000008001AD2C] -> 0x0593
mem[X,0x000000008001AD2E] -> 0x0030
[2732] [M]: 0x000000008001AD2C (0x00300593) addi a1, zero, 3
x11 <- 0x0000000000000003
mem[X,0x000000008001AD30] -> 0x0213
mem[X,0x000000008001AD32] -> 0x0000
[2733] [M]: 0x000000008001AD30 (0x00000213) addi tp, zero, 0
x4 <- 0x0000000000000000
mem[X,0x000000008001AD34] -> 0x006F
mem[X,0x000000008001AD36] -> 0x00C0
[2734] [M]: 0x000000008001AD34 (0x00C0006F) jal zero, 12
mem[X,0x000000008001AD40] -> 0x0663
mem[X,0x000000008001AD42] -> 0x00B5
[2735] [M]: 0x000000008001AD40 (0x00B50663) beq a0, a1, 12
mem[X,0x000000008001AD44] -> 0x0213
mem[X,0x000000008001AD46] -> 0x0022
[2736] [M]: 0x000000008001AD44 (0x00220213) addi tp, tp, 2
x4 <- 0x0000000000000002
mem[X,0x000000008001AD48] -> 0x006F
mem[X,0x000000008001AD4A] -> 0x00C0
[2737] [M]: 0x000000008001AD48 (0x00C0006F) jal zero, 12
mem[X,0x000000008001AD54] -> 0x3023
mem[X,0x000000008001AD56] -> 0x6241
[2738] [M]: 0x000000008001AD54 (0x62413023) sd tp, 1568(sp)
mem[0x00000000800497E8] <- 0x0000000000000002
mem[X,0x000000008001AD58] -> 0x5537
mem[X,0x000000008001AD5A] -> 0x5555
[2739] [M]: 0x000000008001AD58 (0x55555537) lui a0, 349525
x10 <- 0x0000000055555000
mem[X,0x000000008001AD5C] -> 0x0513
mem[X,0x000000008001AD5E] -> 0x5555
[2740] [M]: 0x000000008001AD5C (0x55550513) addi a0, a0, 1365
x10 <- 0x0000000055555555
mem[X,0x000000008001AD60] -> 0x1513
mem[X,0x000000008001AD62] -> 0x00B5
[2741] [M]: 0x000000008001AD60 (0x00B51513) slli a0, a0, 11
x10 <- 0x000002AAAAAAA800
mem[X,0x000000008001AD64] -> 0x0513
mem[X,0x000000008001AD66] -> 0x2AA5
[2742] [M]: 0x000000008001AD64 (0x2AA50513) addi a0, a0, 682
x10 <- 0x000002AAAAAAAAAA
mem[X,0x000000008001AD68] -> 0x1513
mem[X,0x000000008001AD6A] -> 0x00B5
[2743] [M]: 0x000000008001AD68 (0x00B51513) slli a0, a0, 11
x10 <- 0x0015555555555000
mem[X,0x000000008001AD6C] -> 0x0513
mem[X,0x000000008001AD6E] -> 0x5555
[2744] [M]: 0x000000008001AD6C (0x55550513) addi a0, a0, 1365
x10 <- 0x0015555555555555
mem[X,0x000000008001AD70] -> 0x1513
mem[X,0x000000008001AD72] -> 0x00A5
[2745] [M]: 0x000000008001AD70 (0x00A51513) slli a0, a0, 10
x10 <- 0x5555555555555400
mem[X,0x000000008001AD74] -> 0x0513
mem[X,0x000000008001AD76] -> 0x1555
[2746] [M]: 0x000000008001AD74 (0x15550513) addi a0, a0, 341
x10 <- 0x5555555555555555
mem[X,0x000000008001AD78] -> 0x55B7
mem[X,0x000000008001AD7A] -> 0x5555
[2747] [M]: 0x000000008001AD78 (0x555555B7) lui a1, 349525
x11 <- 0x0000000055555000
mem[X,0x000000008001AD7C] -> 0x8593
mem[X,0x000000008001AD7E] -> 0x5555
[2748] [M]: 0x000000008001AD7C (0x55558593) addi a1, a1, 1365
x11 <- 0x0000000055555555
mem[X,0x000000008001AD80] -> 0x9593
mem[X,0x000000008001AD82] -> 0x00B5
[2749] [M]: 0x000000008001AD80 (0x00B59593) slli a1, a1, 11
x11 <- 0x000002AAAAAAA800
mem[X,0x000000008001AD84] -> 0x8593
mem[X,0x000000008001AD86] -> 0x2AA5
[2750] [M]: 0x000000008001AD84 (0x2AA58593) addi a1, a1, 682
x11 <- 0x000002AAAAAAAAAA
mem[X,0x000000008001AD88] -> 0x9593
mem[X,0x000000008001AD8A] -> 0x00B5
[2751] [M]: 0x000000008001AD88 (0x00B59593) slli a1, a1, 11
x11 <- 0x0015555555555000
mem[X,0x000000008001AD8C] -> 0x8593
mem[X,0x000000008001AD8E] -> 0x5555
[2752] [M]: 0x000000008001AD8C (0x55558593) addi a1, a1, 1365
x11 <- 0x0015555555555555
mem[X,0x000000008001AD90] -> 0x9593
mem[X,0x000000008001AD92] -> 0x00A5
[2753] [M]: 0x000000008001AD90 (0x00A59593) slli a1, a1, 10
x11 <- 0x5555555555555400
mem[X,0x000000008001AD94] -> 0x8593
mem[X,0x000000008001AD96] -> 0x1555
[2754] [M]: 0x000000008001AD94 (0x15558593) addi a1, a1, 341
x11 <- 0x5555555555555555
mem[X,0x000000008001AD98] -> 0x0213
mem[X,0x000000008001AD9A] -> 0x0000
[2755] [M]: 0x000000008001AD98 (0x00000213) addi tp, zero, 0
x4 <- 0x0000000000000000
mem[X,0x000000008001AD9C] -> 0x006F
mem[X,0x000000008001AD9E] -> 0x00C0
[2756] [M]: 0x000000008001AD9C (0x00C0006F) jal zero, 12
mem[X,0x000000008001ADA8] -> 0x0663
mem[X,0x000000008001ADAA] -> 0x00B5
[2757] [M]: 0x000000008001ADA8 (0x00B50663) beq a0, a1, 12
mem[X,0x000000008001ADB4] -> 0x0213
mem[X,0x000000008001ADB6] -> 0x0032
[2758] [M]: 0x000000008001ADB4 (0x00320213) addi tp, tp, 3
x4 <- 0x0000000000000003
mem[X,0x000000008001ADB8] -> 0x006F
mem[X,0x000000008001ADBA] -> 0x0040
[2759] [M]: 0x000000008001ADB8 (0x0040006F) jal zero, 4
mem[X,0x000000008001ADBC] -> 0x3423
mem[X,0x000000008001ADBE] -> 0x6241
[2760] [M]: 0x000000008001ADBC (0x62413423) sd tp, 1576(sp)
mem[0x00000000800497F0] <- 0x0000000000000003
mem[X,0x000000008001ADC0] -> 0x5537
mem[X,0x000000008001ADC2] -> 0x5555
[2761] [M]: 0x000000008001ADC0 (0x55555537) lui a0, 349525
x10 <- 0x0000000055555000
mem[X,0x000000008001ADC4] -> 0x0513
mem[X,0x000000008001ADC6] -> 0x5555
[2762] [M]: 0x000000008001ADC4 (0x55550513) addi a0, a0, 1365
x10 <- 0x0000000055555555
mem[X,0x000000008001ADC8] -> 0x1513
mem[X,0x000000008001ADCA] -> 0x00B5
[2763] [M]: 0x000000008001ADC8 (0x00B51513) slli a0, a0, 11
x10 <- 0x000002AAAAAAA800
mem[X,0x000000008001ADCC] -> 0x0513
mem[X,0x000000008001ADCE] -> 0x2AA5
[2764] [M]: 0x000000008001ADCC (0x2AA50513) addi a0, a0, 682
x10 <- 0x000002AAAAAAAAAA
mem[X,0x000000008001ADD0] -> 0x1513
mem[X,0x000000008001ADD2] -> 0x00B5
[2765] [M]: 0x000000008001ADD0 (0x00B51513) slli a0, a0, 11
x10 <- 0x0015555555555000
mem[X,0x000000008001ADD4] -> 0x0513
mem[X,0x000000008001ADD6] -> 0x5555
[2766] [M]: 0x000000008001ADD4 (0x55550513) addi a0, a0, 1365
x10 <- 0x0015555555555555
mem[X,0x000000008001ADD8] -> 0x1513
mem[X,0x000000008001ADDA] -> 0x00A5
[2767] [M]: 0x000000008001ADD8 (0x00A51513) slli a0, a0, 10
x10 <- 0x5555555555555400
mem[X,0x000000008001ADDC] -> 0x0513
mem[X,0x000000008001ADDE] -> 0x1555
[2768] [M]: 0x000000008001ADDC (0x15550513) addi a0, a0, 341
x10 <- 0x5555555555555555
mem[X,0x000000008001ADE0] -> 0x0593
mem[X,0x000000008001ADE2] -> 0x0050
[2769] [M]: 0x000000008001ADE0 (0x00500593) addi a1, zero, 5
x11 <- 0x0000000000000005
mem[X,0x000000008001ADE4] -> 0x0213
mem[X,0x000000008001ADE6] -> 0x0000
[2770] [M]: 0x000000008001ADE4 (0x00000213) addi tp, zero, 0
x4 <- 0x0000000000000000
mem[X,0x000000008001ADE8] -> 0x006F
mem[X,0x000000008001ADEA] -> 0x00C0
[2771] [M]: 0x000000008001ADE8 (0x00C0006F) jal zero, 12
mem[X,0x000000008001ADF4] -> 0x0063
mem[X,0x000000008001ADF6] -> 0x10B5
[2772] [M]: 0x000000008001ADF4 (0x10B50063) beq a0, a1, 256
mem[X,0x000000008001ADF8] -> 0x0213
mem[X,0x000000008001ADFA] -> 0x0022
[2773] [M]: 0x000000008001ADF8 (0x00220213) addi tp, tp, 2
x4 <- 0x0000000000000002
mem[X,0x000000008001ADFC] -> 0x006F
mem[X,0x000000008001ADFE] -> 0x1000
[2774] [M]: 0x000000008001ADFC (0x1000006F) jal zero, 256
mem[X,0x000000008001AEFC] -> 0x3823
mem[X,0x000000008001AEFE] -> 0x6241
[2775] [M]: 0x000000008001AEFC (0x62413823) sd tp, 1584(sp)
mem[0x00000000800497F8] <- 0x0000000000000002
mem[X,0x000000008001AF00] -> 0x5537
mem[X,0x000000008001AF02] -> 0x5555
[2776] [M]: 0x000000008001AF00 (0x55555537) lui a0, 349525
x10 <- 0x0000000055555000
mem[X,0x000000008001AF04] -> 0x0513
mem[X,0x000000008001AF06] -> 0x5555
[2777] [M]: 0x000000008001AF04 (0x55550513) addi a0, a0, 1365
x10 <- 0x0000000055555555
mem[X,0x000000008001AF08] -> 0x1513
mem[X,0x000000008001AF0A] -> 0x00B5
[2778] [M]: 0x000000008001AF08 (0x00B51513) slli a0, a0, 11
x10 <- 0x000002AAAAAAA800
mem[X,0x000000008001AF0C] -> 0x0513
mem[X,0x000000008001AF0E] -> 0x2AA5
[2779] [M]: 0x000000008001AF0C (0x2AA50513) addi a0, a0, 682
x10 <- 0x000002AAAAAAAAAA
mem[X,0x000000008001AF10] -> 0x1513
mem[X,0x000000008001AF12] -> 0x00B5
[2780] [M]: 0x000000008001AF10 (0x00B51513) slli a0, a0, 11
x10 <- 0x0015555555555000
mem[X,0x000000008001AF14] -> 0x0513
mem[X,0x000000008001AF16] -> 0x5555
[2781] [M]: 0x000000008001AF14 (0x55550513) addi a0, a0, 1365
x10 <- 0x0015555555555555
mem[X,0x000000008001AF18] -> 0x1513
mem[X,0x000000008001AF1A] -> 0x00A5
[2782] [M]: 0x000000008001AF18 (0x00A51513) slli a0, a0, 10
x10 <- 0x5555555555555400
mem[X,0x000000008001AF1C] -> 0x0513
mem[X,0x000000008001AF1E] -> 0x1555
[2783] [M]: 0x000000008001AF1C (0x15550513) addi a0, a0, 341
x10 <- 0x5555555555555555
mem[X,0x000000008001AF20] -> 0x35B7
mem[X,0x000000008001AF22] -> 0x3333
[2784] [M]: 0x000000008001AF20 (0x333335B7) lui a1, 209715
x11 <- 0x0000000033333000
mem[X,0x000000008001AF24] -> 0x8593
mem[X,0x000000008001AF26] -> 0x3335
[2785] [M]: 0x000000008001AF24 (0x33358593) addi a1, a1, 819
x11 <- 0x0000000033333333
mem[X,0x000000008001AF28] -> 0x9593
mem[X,0x000000008001AF2A] -> 0x00B5
[2786] [M]: 0x000000008001AF28 (0x00B59593) slli a1, a1, 11
x11 <- 0x0000019999999800
mem[X,0x000000008001AF2C] -> 0x8593
mem[X,0x000000008001AF2E] -> 0x1995
[2787] [M]: 0x000000008001AF2C (0x19958593) addi a1, a1, 409
x11 <- 0x0000019999999999
mem[X,0x000000008001AF30] -> 0x9593
mem[X,0x000000008001AF32] -> 0x00B5
[2788] [M]: 0x000000008001AF30 (0x00B59593) slli a1, a1, 11
x11 <- 0x000CCCCCCCCCC800
mem[X,0x000000008001AF34] -> 0x8593
mem[X,0x000000008001AF36] -> 0x4CC5
[2789] [M]: 0x000000008001AF34 (0x4CC58593) addi a1, a1, 1228
x11 <- 0x000CCCCCCCCCCCCC
mem[X,0x000000008001AF38] -> 0x9593
mem[X,0x000000008001AF3A] -> 0x00A5
[2790] [M]: 0x000000008001AF38 (0x00A59593) slli a1, a1, 10
x11 <- 0x3333333333333000
mem[X,0x000000008001AF3C] -> 0x8593
mem[X,0x000000008001AF3E] -> 0x3335
[2791] [M]: 0x000000008001AF3C (0x33358593) addi a1, a1, 819
x11 <- 0x3333333333333333
mem[X,0x000000008001AF40] -> 0x0213
mem[X,0x000000008001AF42] -> 0x0000
[2792] [M]: 0x000000008001AF40 (0x00000213) addi tp, zero, 0
x4 <- 0x0000000000000000
mem[X,0x000000008001AF44] -> 0x006F
mem[X,0x000000008001AF46] -> 0x0140
[2793] [M]: 0x000000008001AF44 (0x0140006F) jal zero, 20
mem[X,0x000000008001AF58] -> 0x08E3
mem[X,0x000000008001AF5A] -> 0xFEB5
[2794] [M]: 0x000000008001AF58 (0xFEB508E3) beq a0, a1, 8176
mem[X,0x000000008001AF5C] -> 0x0213
mem[X,0x000000008001AF5E] -> 0x0022
[2795] [M]: 0x000000008001AF5C (0x00220213) addi tp, tp, 2
x4 <- 0x0000000000000002
mem[X,0x000000008001AF60] -> 0x006F
mem[X,0x000000008001AF62] -> 0x00C0
[2796] [M]: 0x000000008001AF60 (0x00C0006F) jal zero, 12
mem[X,0x000000008001AF6C] -> 0x3C23
mem[X,0x000000008001AF6E] -> 0x6241
[2797] [M]: 0x000000008001AF6C (0x62413C23) sd tp, 1592(sp)
mem[0x0000000080049800] <- 0x0000000000000002
mem[X,0x000000008001AF70] -> 0x5537
mem[X,0x000000008001AF72] -> 0x5555
[2798] [M]: 0x000000008001AF70 (0x55555537) lui a0, 349525
x10 <- 0x0000000055555000
mem[X,0x000000008001AF74] -> 0x0513
mem[X,0x000000008001AF76] -> 0x5555
[2799] [M]: 0x000000008001AF74 (0x55550513) addi a0, a0, 1365
x10 <- 0x0000000055555555
clint::tick mtime <- 0x000000000000001C
 clint timer pending at mtime 0x000000000000001C
htif::tick 0x0000000000000000
mem[X,0x000000008001AF78] -> 0x1513
mem[X,0x000000008001AF7A] -> 0x00B5
[2800] [M]: 0x000000008001AF78 (0x00B51513) slli a0, a0, 11
x10 <- 0x000002AAAAAAA800
mem[X,0x000000008001AF7C] -> 0x0513
mem[X,0x000000008001AF7E] -> 0x2AA5
[2801] [M]: 0x000000008001AF7C (0x2AA50513) addi a0, a0, 682
x10 <- 0x000002AAAAAAAAAA
mem[X,0x000000008001AF80] -> 0x1513
mem[X,0x000000008001AF82] -> 0x00B5
[2802] [M]: 0x000000008001AF80 (0x00B51513) slli a0, a0, 11
x10 <- 0x0015555555555000
mem[X,0x000000008001AF84] -> 0x0513
mem[X,0x000000008001AF86] -> 0x5555
[2803] [M]: 0x000000008001AF84 (0x55550513) addi a0, a0, 1365
x10 <- 0x0015555555555555
mem[X,0x000000008001AF88] -> 0x1513
mem[X,0x000000008001AF8A] -> 0x00A5
[2804] [M]: 0x000000008001AF88 (0x00A51513) slli a0, a0, 10
x10 <- 0x5555555555555400
mem[X,0x000000008001AF8C] -> 0x0513
mem[X,0x000000008001AF8E] -> 0x1555
[2805] [M]: 0x000000008001AF8C (0x15550513) addi a0, a0, 341
x10 <- 0x5555555555555555
mem[X,0x000000008001AF90] -> 0x65B7
mem[X,0x000000008001AF92] -> 0x6666
[2806] [M]: 0x000000008001AF90 (0x666665B7) lui a1, 419430
x11 <- 0x0000000066666000
mem[X,0x000000008001AF94] -> 0x8593
mem[X,0x000000008001AF96] -> 0x6665
[2807] [M]: 0x000000008001AF94 (0x66658593) addi a1, a1, 1638
x11 <- 0x0000000066666666
mem[X,0x000000008001AF98] -> 0x9593
mem[X,0x000000008001AF9A] -> 0x00B5
[2808] [M]: 0x000000008001AF98 (0x00B59593) slli a1, a1, 11
x11 <- 0x0000033333333000
mem[X,0x000000008001AF9C] -> 0x8593
mem[X,0x000000008001AF9E] -> 0x3335
[2809] [M]: 0x000000008001AF9C (0x33358593) addi a1, a1, 819
x11 <- 0x0000033333333333
mem[X,0x000000008001AFA0] -> 0x9593
mem[X,0x000000008001AFA2] -> 0x00B5
[2810] [M]: 0x000000008001AFA0 (0x00B59593) slli a1, a1, 11
x11 <- 0x0019999999999800
mem[X,0x000000008001AFA4] -> 0x8593
mem[X,0x000000008001AFA6] -> 0x1995
[2811] [M]: 0x000000008001AFA4 (0x19958593) addi a1, a1, 409
x11 <- 0x0019999999999999
mem[X,0x000000008001AFA8] -> 0x9593
mem[X,0x000000008001AFAA] -> 0x00A5
[2812] [M]: 0x000000008001AFA8 (0x00A59593) slli a1, a1, 10
x11 <- 0x6666666666666400
mem[X,0x000000008001AFAC] -> 0x8593
mem[X,0x000000008001AFAE] -> 0x2665
[2813] [M]: 0x000000008001AFAC (0x26658593) addi a1, a1, 614
x11 <- 0x6666666666666666
mem[X,0x000000008001AFB0] -> 0x0213
mem[X,0x000000008001AFB2] -> 0x0000
[2814] [M]: 0x000000008001AFB0 (0x00000213) addi tp, zero, 0
x4 <- 0x0000000000000000
mem[X,0x000000008001AFB4] -> 0x006F
mem[X,0x000000008001AFB6] -> 0x00C0
[2815] [M]: 0x000000008001AFB4 (0x00C0006F) jal zero, 12
mem[X,0x000000008001AFC0] -> 0x0063
mem[X,0x000000008001AFC2] -> 0x04B5
[2816] [M]: 0x000000008001AFC0 (0x04B50063) beq a0, a1, 64
mem[X,0x000000008001AFC4] -> 0x0213
mem[X,0x000000008001AFC6] -> 0x0022
[2817] [M]: 0x000000008001AFC4 (0x00220213) addi tp, tp, 2
x4 <- 0x0000000000000002
mem[X,0x000000008001AFC8] -> 0x006F
mem[X,0x000000008001AFCA] -> 0x0400
[2818] [M]: 0x000000008001AFC8 (0x0400006F) jal zero, 64
mem[X,0x000000008001B008] -> 0x3023
mem[X,0x000000008001B00A] -> 0x6441
[2819] [M]: 0x000000008001B008 (0x64413023) sd tp, 1600(sp)
mem[0x0000000080049808] <- 0x0000000000000002
mem[X,0x000000008001B00C] -> 0x5537
mem[X,0x000000008001B00E] -> 0x5555
[2820] [M]: 0x000000008001B00C (0x55555537) lui a0, 349525
x10 <- 0x0000000055555000
mem[X,0x000000008001B010] -> 0x0513
mem[X,0x000000008001B012] -> 0x5555
[2821] [M]: 0x000000008001B010 (0x55550513) addi a0, a0, 1365
x10 <- 0x0000000055555555
mem[X,0x000000008001B014] -> 0x1513
mem[X,0x000000008001B016] -> 0x00B5
[2822] [M]: 0x000000008001B014 (0x00B51513) slli a0, a0, 11
x10 <- 0x000002AAAAAAA800
mem[X,0x000000008001B018] -> 0x0513
mem[X,0x000000008001B01A] -> 0x2AA5
[2823] [M]: 0x000000008001B018 (0x2AA50513) addi a0, a0, 682
x10 <- 0x000002AAAAAAAAAA
mem[X,0x000000008001B01C] -> 0x1513
mem[X,0x000000008001B01E] -> 0x00B5
[2824] [M]: 0x000000008001B01C (0x00B51513) slli a0, a0, 11
x10 <- 0x0015555555555000
mem[X,0x000000008001B020] -> 0x0513
mem[X,0x000000008001B022] -> 0x5555
[2825] [M]: 0x000000008001B020 (0x55550513) addi a0, a0, 1365
x10 <- 0x0015555555555555
mem[X,0x000000008001B024] -> 0x1513
mem[X,0x000000008001B026] -> 0x00A5
[2826] [M]: 0x000000008001B024 (0x00A51513) slli a0, a0, 10
x10 <- 0x5555555555555400
mem[X,0x000000008001B028] -> 0x0513
mem[X,0x000000008001B02A] -> 0x1555
[2827] [M]: 0x000000008001B028 (0x15550513) addi a0, a0, 341
x10 <- 0x5555555555555555
mem[X,0x000000008001B02C] -> 0x05B7
mem[X,0x000000008001B02E] -> 0x0000
[2828] [M]: 0x000000008001B02C (0x000005B7) lui a1, 0
x11 <- 0x0000000000000000
mem[X,0x000000008001B030] -> 0x8593
mem[X,0x000000008001B032] -> 0xFFF5
[2829] [M]: 0x000000008001B030 (0xFFF58593) addi a1, a1, 4095
x11 <- 0xFFFFFFFFFFFFFFFF
mem[X,0x000000008001B034] -> 0x9593
mem[X,0x000000008001B036] -> 0x00B5
[2830] [M]: 0x000000008001B034 (0x00B59593) slli a1, a1, 11
x11 <- 0xFFFFFFFFFFFFF800
mem[X,0x000000008001B038] -> 0x8593
mem[X,0x000000008001B03A] -> 0x2575
[2831] [M]: 0x000000008001B038 (0x25758593) addi a1, a1, 599
x11 <- 0xFFFFFFFFFFFFFA57
mem[X,0x000000008001B03C] -> 0x9593
mem[X,0x000000008001B03E] -> 0x00B5
[2832] [M]: 0x000000008001B03C (0x00B59593) slli a1, a1, 11
x11 <- 0xFFFFFFFFFFD2B800
mem[X,0x000000008001B040] -> 0x8593
mem[X,0x000000008001B042] -> 0x6C35
[2833] [M]: 0x000000008001B040 (0x6C358593) addi a1, a1, 1731
x11 <- 0xFFFFFFFFFFD2BEC3
mem[X,0x000000008001B044] -> 0x9593
mem[X,0x000000008001B046] -> 0x00A5
[2834] [M]: 0x000000008001B044 (0x00A59593) slli a1, a1, 10
x11 <- 0xFFFFFFFF4AFB0C00
mem[X,0x000000008001B048] -> 0x8593
mem[X,0x000000008001B04A] -> 0x0CD5
[2835] [M]: 0x000000008001B048 (0x0CD58593) addi a1, a1, 205
x11 <- 0xFFFFFFFF4AFB0CCD
mem[X,0x000000008001B04C] -> 0x0213
mem[X,0x000000008001B04E] -> 0x0000
[2836] [M]: 0x000000008001B04C (0x00000213) addi tp, zero, 0
x4 <- 0x0000000000000000
mem[X,0x000000008001B050] -> 0x006F
mem[X,0x000000008001B052] -> 0x00C0
[2837] [M]: 0x000000008001B050 (0x00C0006F) jal zero, 12
mem[X,0x000000008001B05C] -> 0x0663
mem[X,0x000000008001B05E] -> 0x00B5
[2838] [M]: 0x000000008001B05C (0x00B50663) beq a0, a1, 12
mem[X,0x000000008001B060] -> 0x0213
mem[X,0x000000008001B062] -> 0x0022
[2839] [M]: 0x000000008001B060 (0x00220213) addi tp, tp, 2
x4 <- 0x0000000000000002
mem[X,0x000000008001B064] -> 0x006F
mem[X,0x000000008001B066] -> 0x00C0
[2840] [M]: 0x000000008001B064 (0x00C0006F) jal zero, 12
mem[X,0x000000008001B070] -> 0x3423
mem[X,0x000000008001B072] -> 0x6441
[2841] [M]: 0x000000008001B070 (0x64413423) sd tp, 1608(sp)
mem[0x0000000080049810] <- 0x0000000000000002
mem[X,0x000000008001B074] -> 0x5537
mem[X,0x000000008001B076] -> 0x5555
[2842] [M]: 0x000000008001B074 (0x55555537) lui a0, 349525
x10 <- 0x0000000055555000
mem[X,0x000000008001B078] -> 0x0513
mem[X,0x000000008001B07A] -> 0x5555
[2843] [M]: 0x000000008001B078 (0x55550513) addi a0, a0, 1365
x10 <- 0x0000000055555555
mem[X,0x000000008001B07C] -> 0x1513
mem[X,0x000000008001B07E] -> 0x00B5
[2844] [M]: 0x000000008001B07C (0x00B51513) slli a0, a0, 11
x10 <- 0x000002AAAAAAA800
mem[X,0x000000008001B080] -> 0x0513
mem[X,0x000000008001B082] -> 0x2AA5
[2845] [M]: 0x000000008001B080 (0x2AA50513) addi a0, a0, 682
x10 <- 0x000002AAAAAAAAAA
mem[X,0x000000008001B084] -> 0x1513
mem[X,0x000000008001B086] -> 0x00B5
[2846] [M]: 0x000000008001B084 (0x00B51513) slli a0, a0, 11
x10 <- 0x0015555555555000
mem[X,0x000000008001B088] -> 0x0513
mem[X,0x000000008001B08A] -> 0x5555
[2847] [M]: 0x000000008001B088 (0x55550513) addi a0, a0, 1365
x10 <- 0x0015555555555555
mem[X,0x000000008001B08C] -> 0x1513
mem[X,0x000000008001B08E] -> 0x00A5
[2848] [M]: 0x000000008001B08C (0x00A51513) slli a0, a0, 10
x10 <- 0x5555555555555400
mem[X,0x000000008001B090] -> 0x0513
mem[X,0x000000008001B092] -> 0x1555
[2849] [M]: 0x000000008001B090 (0x15550513) addi a0, a0, 341
x10 <- 0x5555555555555555
mem[X,0x000000008001B094] -> 0x05B7
mem[X,0x000000008001B096] -> 0x0000
[2850] [M]: 0x000000008001B094 (0x000005B7) lui a1, 0
x11 <- 0x0000000000000000
mem[X,0x000000008001B098] -> 0x8593
mem[X,0x000000008001B09A] -> 0x0005
[2851] [M]: 0x000000008001B098 (0x00058593) addi a1, a1, 0
x11 <- 0x0000000000000000
mem[X,0x000000008001B09C] -> 0x9593
mem[X,0x000000008001B09E] -> 0x00B5
[2852] [M]: 0x000000008001B09C (0x00B59593) slli a1, a1, 11
x11 <- 0x0000000000000000
mem[X,0x000000008001B0A0] -> 0x8593
mem[X,0x000000008001B0A2] -> 0x5A85
[2853] [M]: 0x000000008001B0A0 (0x5A858593) addi a1, a1, 1448
x11 <- 0x00000000000005A8
mem[X,0x000000008001B0A4] -> 0x9593
mem[X,0x000000008001B0A6] -> 0x00B5
[2854] [M]: 0x000000008001B0A4 (0x00B59593) slli a1, a1, 11
x11 <- 0x00000000002D4000
mem[X,0x000000008001B0A8] -> 0x8593
mem[X,0x000000008001B0AA] -> 0x13C5
[2855] [M]: 0x000000008001B0A8 (0x13C58593) addi a1, a1, 316
x11 <- 0x00000000002D413C
mem[X,0x000000008001B0AC] -> 0x9593
mem[X,0x000000008001B0AE] -> 0x00A5
[2856] [M]: 0x000000008001B0AC (0x00A59593) slli a1, a1, 10
x11 <- 0x00000000B504F000
mem[X,0x000000008001B0B0] -> 0x8593
mem[X,0x000000008001B0B2] -> 0x3335
[2857] [M]: 0x000000008001B0B0 (0x33358593) addi a1, a1, 819
x11 <- 0x00000000B504F333
mem[X,0x000000008001B0B4] -> 0x0213
mem[X,0x000000008001B0B6] -> 0x0000
[2858] [M]: 0x000000008001B0B4 (0x00000213) addi tp, zero, 0
x4 <- 0x0000000000000000
mem[X,0x000000008001B0B8] -> 0x006F
mem[X,0x000000008001B0BA] -> 0x0180
[2859] [M]: 0x000000008001B0B8 (0x0180006F) jal zero, 24
mem[X,0x000000008001B0D0] -> 0x06E3
mem[X,0x000000008001B0D2] -> 0xFEB5
[2860] [M]: 0x000000008001B0D0 (0xFEB506E3) beq a0, a1, 8172
mem[X,0x000000008001B0D4] -> 0x0213
mem[X,0x000000008001B0D6] -> 0x0022
[2861] [M]: 0x000000008001B0D4 (0x00220213) addi tp, tp, 2
x4 <- 0x0000000000000002
mem[X,0x000000008001B0D8] -> 0x006F
mem[X,0x000000008001B0DA] -> 0x00C0
[2862] [M]: 0x000000008001B0D8 (0x00C0006F) jal zero, 12
mem[X,0x000000008001B0E4] -> 0x3823
mem[X,0x000000008001B0E6] -> 0x6441
[2863] [M]: 0x000000008001B0E4 (0x64413823) sd tp, 1616(sp)
mem[0x0000000080049818] <- 0x0000000000000002
mem[X,0x000000008001B0E8] -> 0x5537
mem[X,0x000000008001B0EA] -> 0x5555
[2864] [M]: 0x000000008001B0E8 (0x55555537) lui a0, 349525
x10 <- 0x0000000055555000
mem[X,0x000000008001B0EC] -> 0x0513
mem[X,0x000000008001B0EE] -> 0x5555
[2865] [M]: 0x000000008001B0EC (0x55550513) addi a0, a0, 1365
x10 <- 0x0000000055555555
mem[X,0x000000008001B0F0] -> 0x1513
mem[X,0x000000008001B0F2] -> 0x00B5
[2866] [M]: 0x000000008001B0F0 (0x00B51513) slli a0, a0, 11
x10 <- 0x000002AAAAAAA800
mem[X,0x000000008001B0F4] -> 0x0513
mem[X,0x000000008001B0F6] -> 0x2AA5
[2867] [M]: 0x000000008001B0F4 (0x2AA50513) addi a0, a0, 682
x10 <- 0x000002AAAAAAAAAA
mem[X,0x000000008001B0F8] -> 0x1513
mem[X,0x000000008001B0FA] -> 0x00B5
[2868] [M]: 0x000000008001B0F8 (0x00B51513) slli a0, a0, 11
x10 <- 0x0015555555555000
mem[X,0x000000008001B0FC] -> 0x0513
mem[X,0x000000008001B0FE] -> 0x5555
[2869] [M]: 0x000000008001B0FC (0x55550513) addi a0, a0, 1365
x10 <- 0x0015555555555555
mem[X,0x000000008001B100] -> 0x1513
mem[X,0x000000008001B102] -> 0x00A5
[2870] [M]: 0x000000008001B100 (0x00A51513) slli a0, a0, 10
x10 <- 0x5555555555555400
mem[X,0x000000008001B104] -> 0x0513
mem[X,0x000000008001B106] -> 0x1555
[2871] [M]: 0x000000008001B104 (0x15550513) addi a0, a0, 341
x10 <- 0x5555555555555555
mem[X,0x000000008001B108] -> 0x55B7
mem[X,0x000000008001B10A] -> 0x5555
[2872] [M]: 0x000000008001B108 (0x555555B7) lui a1, 349525
x11 <- 0x0000000055555000
mem[X,0x000000008001B10C] -> 0x8593
mem[X,0x000000008001B10E] -> 0x5555
[2873] [M]: 0x000000008001B10C (0x55558593) addi a1, a1, 1365
x11 <- 0x0000000055555555
mem[X,0x000000008001B110] -> 0x9593
mem[X,0x000000008001B112] -> 0x00B5
[2874] [M]: 0x000000008001B110 (0x00B59593) slli a1, a1, 11
x11 <- 0x000002AAAAAAA800
mem[X,0x000000008001B114] -> 0x8593
mem[X,0x000000008001B116] -> 0x2AA5
[2875] [M]: 0x000000008001B114 (0x2AA58593) addi a1, a1, 682
x11 <- 0x000002AAAAAAAAAA
mem[X,0x000000008001B118] -> 0x9593
mem[X,0x000000008001B11A] -> 0x00B5
[2876] [M]: 0x000000008001B118 (0x00B59593) slli a1, a1, 11
x11 <- 0x0015555555555000
mem[X,0x000000008001B11C] -> 0x8593
mem[X,0x000000008001B11E] -> 0x5555
[2877] [M]: 0x000000008001B11C (0x55558593) addi a1, a1, 1365
x11 <- 0x0015555555555555
mem[X,0x000000008001B120] -> 0x9593
mem[X,0x000000008001B122] -> 0x00A5
[2878] [M]: 0x000000008001B120 (0x00A59593) slli a1, a1, 10
x11 <- 0x5555555555555400
mem[X,0x000000008001B124] -> 0x8593
mem[X,0x000000008001B126] -> 0x1545
[2879] [M]: 0x000000008001B124 (0x15458593) addi a1, a1, 340
x11 <- 0x5555555555555554
mem[X,0x000000008001B128] -> 0x0213
mem[X,0x000000008001B12A] -> 0x0000
[2880] [M]: 0x000000008001B128 (0x00000213) addi tp, zero, 0
x4 <- 0x0000000000000000
mem[X,0x000000008001B12C] -> 0x006F
mem[X,0x000000008001B12E] -> 0x00C0
[2881] [M]: 0x000000008001B12C (0x00C0006F) jal zero, 12
mem[X,0x000000008001B138] -> 0x0663
mem[X,0x000000008001B13A] -> 0x00B5
[2882] [M]: 0x000000008001B138 (0x00B50663) beq a0, a1, 12
mem[X,0x000000008001B13C] -> 0x0213
mem[X,0x000000008001B13E] -> 0x0022
[2883] [M]: 0x000000008001B13C (0x00220213) addi tp, tp, 2
x4 <- 0x0000000000000002
mem[X,0x000000008001B140] -> 0x006F
mem[X,0x000000008001B142] -> 0x00C0
[2884] [M]: 0x000000008001B140 (0x00C0006F) jal zero, 12
mem[X,0x000000008001B14C] -> 0x3C23
mem[X,0x000000008001B14E] -> 0x6441
[2885] [M]: 0x000000008001B14C (0x64413C23) sd tp, 1624(sp)
mem[0x0000000080049820] <- 0x0000000000000002
mem[X,0x000000008001B150] -> 0x5537
mem[X,0x000000008001B152] -> 0x5555
[2886] [M]: 0x000000008001B150 (0x55555537) lui a0, 349525
x10 <- 0x0000000055555000
mem[X,0x000000008001B154] -> 0x0513
mem[X,0x000000008001B156] -> 0x5555
[2887] [M]: 0x000000008001B154 (0x55550513) addi a0, a0, 1365
x10 <- 0x0000000055555555
mem[X,0x000000008001B158] -> 0x1513
mem[X,0x000000008001B15A] -> 0x00B5
[2888] [M]: 0x000000008001B158 (0x00B51513) slli a0, a0, 11
x10 <- 0x000002AAAAAAA800
mem[X,0x000000008001B15C] -> 0x0513
mem[X,0x000000008001B15E] -> 0x2AA5
[2889] [M]: 0x000000008001B15C (0x2AA50513) addi a0, a0, 682
x10 <- 0x000002AAAAAAAAAA
mem[X,0x000000008001B160] -> 0x1513
mem[X,0x000000008001B162] -> 0x00B5
[2890] [M]: 0x000000008001B160 (0x00B51513) slli a0, a0, 11
x10 <- 0x0015555555555000
mem[X,0x000000008001B164] -> 0x0513
mem[X,0x000000008001B166] -> 0x5555
[2891] [M]: 0x000000008001B164 (0x55550513) addi a0, a0, 1365
x10 <- 0x0015555555555555
mem[X,0x000000008001B168] -> 0x1513
mem[X,0x000000008001B16A] -> 0x00A5
[2892] [M]: 0x000000008001B168 (0x00A51513) slli a0, a0, 10
x10 <- 0x5555555555555400
mem[X,0x000000008001B16C] -> 0x0513
mem[X,0x000000008001B16E] -> 0x1555
[2893] [M]: 0x000000008001B16C (0x15550513) addi a0, a0, 341
x10 <- 0x5555555555555555
mem[X,0x000000008001B170] -> 0x0593
mem[X,0x000000008001B172] -> 0x0000
[2894] [M]: 0x000000008001B170 (0x00000593) addi a1, zero, 0
x11 <- 0x0000000000000000
mem[X,0x000000008001B174] -> 0x0213
mem[X,0x000000008001B176] -> 0x0000
[2895] [M]: 0x000000008001B174 (0x00000213) addi tp, zero, 0
x4 <- 0x0000000000000000
mem[X,0x000000008001B178] -> 0x006F
mem[X,0x000000008001B17A] -> 0x00C0
[2896] [M]: 0x000000008001B178 (0x00C0006F) jal zero, 12
mem[X,0x000000008001B184] -> 0x0063
mem[X,0x000000008001B186] -> 0x20B5
[2897] [M]: 0x000000008001B184 (0x20B50063) beq a0, a1, 512
mem[X,0x000000008001B188] -> 0x0213
mem[X,0x000000008001B18A] -> 0x0022
[2898] [M]: 0x000000008001B188 (0x00220213) addi tp, tp, 2
x4 <- 0x0000000000000002
mem[X,0x000000008001B18C] -> 0x006F
mem[X,0x000000008001B18E] -> 0x2000
[2899] [M]: 0x000000008001B18C (0x2000006F) jal zero, 512
clint::tick mtime <- 0x000000000000001D
 clint timer pending at mtime 0x000000000000001D
htif::tick 0x0000000000000000
mem[X,0x000000008001B38C] -> 0x3023
mem[X,0x000000008001B38E] -> 0x6641
[2900] [M]: 0x000000008001B38C (0x66413023) sd tp, 1632(sp)
mem[0x0000000080049828] <- 0x0000000000000002
mem[X,0x000000008001B390] -> 0x5537
mem[X,0x000000008001B392] -> 0x5555
[2901] [M]: 0x000000008001B390 (0x55555537) lui a0, 349525
x10 <- 0x0000000055555000
mem[X,0x000000008001B394] -> 0x0513
mem[X,0x000000008001B396] -> 0x5555
[2902] [M]: 0x000000008001B394 (0x55550513) addi a0, a0, 1365
x10 <- 0x0000000055555555
mem[X,0x000000008001B398] -> 0x1513
mem[X,0x000000008001B39A] -> 0x00B5
[2903] [M]: 0x000000008001B398 (0x00B51513) slli a0, a0, 11
x10 <- 0x000002AAAAAAA800
mem[X,0x000000008001B39C] -> 0x0513
mem[X,0x000000008001B39E] -> 0x2AA5
[2904] [M]: 0x000000008001B39C (0x2AA50513) addi a0, a0, 682
x10 <- 0x000002AAAAAAAAAA
mem[X,0x000000008001B3A0] -> 0x1513
mem[X,0x000000008001B3A2] -> 0x00B5
[2905] [M]: 0x000000008001B3A0 (0x00B51513) slli a0, a0, 11
x10 <- 0x0015555555555000
mem[X,0x000000008001B3A4] -> 0x0513
mem[X,0x000000008001B3A6] -> 0x5555
[2906] [M]: 0x000000008001B3A4 (0x55550513) addi a0, a0, 1365
x10 <- 0x0015555555555555
mem[X,0x000000008001B3A8] -> 0x1513
mem[X,0x000000008001B3AA] -> 0x00A5
[2907] [M]: 0x000000008001B3A8 (0x00A51513) slli a0, a0, 10
x10 <- 0x5555555555555400
mem[X,0x000000008001B3AC] -> 0x0513
mem[X,0x000000008001B3AE] -> 0x1555
[2908] [M]: 0x000000008001B3AC (0x15550513) addi a0, a0, 341
x10 <- 0x5555555555555555
mem[X,0x000000008001B3B0] -> 0x0593
mem[X,0x000000008001B3B2] -> 0x0040
[2909] [M]: 0x000000008001B3B0 (0x00400593) addi a1, zero, 4
x11 <- 0x0000000000000004
mem[X,0x000000008001B3B4] -> 0x0213
mem[X,0x000000008001B3B6] -> 0x0000
[2910] [M]: 0x000000008001B3B4 (0x00000213) addi tp, zero, 0
x4 <- 0x0000000000000000
mem[X,0x000000008001B3B8] -> 0x006F
mem[X,0x000000008001B3BA] -> 0x00C0
[2911] [M]: 0x000000008001B3B8 (0x00C0006F) jal zero, 12
mem[X,0x000000008001B3C4] -> 0x0663
mem[X,0x000000008001B3C6] -> 0x00B5
[2912] [M]: 0x000000008001B3C4 (0x00B50663) beq a0, a1, 12
mem[X,0x000000008001B3C8] -> 0x0213
mem[X,0x000000008001B3CA] -> 0x0022
[2913] [M]: 0x000000008001B3C8 (0x00220213) addi tp, tp, 2
x4 <- 0x0000000000000002
mem[X,0x000000008001B3CC] -> 0x006F
mem[X,0x000000008001B3CE] -> 0x00C0
[2914] [M]: 0x000000008001B3CC (0x00C0006F) jal zero, 12
mem[X,0x000000008001B3D8] -> 0x3423
mem[X,0x000000008001B3DA] -> 0x6641
[2915] [M]: 0x000000008001B3D8 (0x66413423) sd tp, 1640(sp)
mem[0x0000000080049830] <- 0x0000000000000002
mem[X,0x000000008001B3DC] -> 0x5537
mem[X,0x000000008001B3DE] -> 0x5555
[2916] [M]: 0x000000008001B3DC (0x55555537) lui a0, 349525
x10 <- 0x0000000055555000
mem[X,0x000000008001B3E0] -> 0x0513
mem[X,0x000000008001B3E2] -> 0x5555
[2917] [M]: 0x000000008001B3E0 (0x55550513) addi a0, a0, 1365
x10 <- 0x0000000055555555
mem[X,0x000000008001B3E4] -> 0x1513
mem[X,0x000000008001B3E6] -> 0x00B5
[2918] [M]: 0x000000008001B3E4 (0x00B51513) slli a0, a0, 11
x10 <- 0x000002AAAAAAA800
mem[X,0x000000008001B3E8] -> 0x0513
mem[X,0x000000008001B3EA] -> 0x2AA5
[2919] [M]: 0x000000008001B3E8 (0x2AA50513) addi a0, a0, 682
x10 <- 0x000002AAAAAAAAAA
mem[X,0x000000008001B3EC] -> 0x1513
mem[X,0x000000008001B3EE] -> 0x00B5
[2920] [M]: 0x000000008001B3EC (0x00B51513) slli a0, a0, 11
x10 <- 0x0015555555555000
mem[X,0x000000008001B3F0] -> 0x0513
mem[X,0x000000008001B3F2] -> 0x5555
[2921] [M]: 0x000000008001B3F0 (0x55550513) addi a0, a0, 1365
x10 <- 0x0015555555555555
mem[X,0x000000008001B3F4] -> 0x1513
mem[X,0x000000008001B3F6] -> 0x00A5
[2922] [M]: 0x000000008001B3F4 (0x00A51513) slli a0, a0, 10
x10 <- 0x5555555555555400
mem[X,0x000000008001B3F8] -> 0x0513
mem[X,0x000000008001B3FA] -> 0x1555
[2923] [M]: 0x000000008001B3F8 (0x15550513) addi a0, a0, 341
x10 <- 0x5555555555555555
mem[X,0x000000008001B3FC] -> 0x35B7
mem[X,0x000000008001B3FE] -> 0x3333
[2924] [M]: 0x000000008001B3FC (0x333335B7) lui a1, 209715
x11 <- 0x0000000033333000
mem[X,0x000000008001B400] -> 0x8593
mem[X,0x000000008001B402] -> 0x3335
[2925] [M]: 0x000000008001B400 (0x33358593) addi a1, a1, 819
x11 <- 0x0000000033333333
mem[X,0x000000008001B404] -> 0x9593
mem[X,0x000000008001B406] -> 0x00B5
[2926] [M]: 0x000000008001B404 (0x00B59593) slli a1, a1, 11
x11 <- 0x0000019999999800
mem[X,0x000000008001B408] -> 0x8593
mem[X,0x000000008001B40A] -> 0x1995
[2927] [M]: 0x000000008001B408 (0x19958593) addi a1, a1, 409
x11 <- 0x0000019999999999
mem[X,0x000000008001B40C] -> 0x9593
mem[X,0x000000008001B40E] -> 0x00B5
[2928] [M]: 0x000000008001B40C (0x00B59593) slli a1, a1, 11
x11 <- 0x000CCCCCCCCCC800
mem[X,0x000000008001B410] -> 0x8593
mem[X,0x000000008001B412] -> 0x4CC5
[2929] [M]: 0x000000008001B410 (0x4CC58593) addi a1, a1, 1228
x11 <- 0x000CCCCCCCCCCCCC
mem[X,0x000000008001B414] -> 0x9593
mem[X,0x000000008001B416] -> 0x00A5
[2930] [M]: 0x000000008001B414 (0x00A59593) slli a1, a1, 10
x11 <- 0x3333333333333000
mem[X,0x000000008001B418] -> 0x8593
mem[X,0x000000008001B41A] -> 0x3325
[2931] [M]: 0x000000008001B418 (0x33258593) addi a1, a1, 818
x11 <- 0x3333333333333332
mem[X,0x000000008001B41C] -> 0x0213
mem[X,0x000000008001B41E] -> 0x0000
[2932] [M]: 0x000000008001B41C (0x00000213) addi tp, zero, 0
x4 <- 0x0000000000000000
mem[X,0x000000008001B420] -> 0x006F
mem[X,0x000000008001B422] -> 0x00C0
[2933] [M]: 0x000000008001B420 (0x00C0006F) jal zero, 12
mem[X,0x000000008001B42C] -> 0x0063
mem[X,0x000000008001B42E] -> 0x10B5
[2934] [M]: 0x000000008001B42C (0x10B50063) beq a0, a1, 256
mem[X,0x000000008001B430] -> 0x0213
mem[X,0x000000008001B432] -> 0x0022
[2935] [M]: 0x000000008001B430 (0x00220213) addi tp, tp, 2
x4 <- 0x0000000000000002
mem[X,0x000000008001B434] -> 0x006F
mem[X,0x000000008001B436] -> 0x1000
[2936] [M]: 0x000000008001B434 (0x1000006F) jal zero, 256
mem[X,0x000000008001B534] -> 0x3823
mem[X,0x000000008001B536] -> 0x6641
[2937] [M]: 0x000000008001B534 (0x66413823) sd tp, 1648(sp)
mem[0x0000000080049838] <- 0x0000000000000002
mem[X,0x000000008001B538] -> 0x5537
mem[X,0x000000008001B53A] -> 0x5555
[2938] [M]: 0x000000008001B538 (0x55555537) lui a0, 349525
x10 <- 0x0000000055555000
mem[X,0x000000008001B53C] -> 0x0513
mem[X,0x000000008001B53E] -> 0x5555
[2939] [M]: 0x000000008001B53C (0x55550513) addi a0, a0, 1365
x10 <- 0x0000000055555555
mem[X,0x000000008001B540] -> 0x1513
mem[X,0x000000008001B542] -> 0x00B5
[2940] [M]: 0x000000008001B540 (0x00B51513) slli a0, a0, 11
x10 <- 0x000002AAAAAAA800
mem[X,0x000000008001B544] -> 0x0513
mem[X,0x000000008001B546] -> 0x2AA5
[2941] [M]: 0x000000008001B544 (0x2AA50513) addi a0, a0, 682
x10 <- 0x000002AAAAAAAAAA
mem[X,0x000000008001B548] -> 0x1513
mem[X,0x000000008001B54A] -> 0x00B5
[2942] [M]: 0x000000008001B548 (0x00B51513) slli a0, a0, 11
x10 <- 0x0015555555555000
mem[X,0x000000008001B54C] -> 0x0513
mem[X,0x000000008001B54E] -> 0x5555
[2943] [M]: 0x000000008001B54C (0x55550513) addi a0, a0, 1365
x10 <- 0x0015555555555555
mem[X,0x000000008001B550] -> 0x1513
mem[X,0x000000008001B552] -> 0x00A5
[2944] [M]: 0x000000008001B550 (0x00A51513) slli a0, a0, 10
x10 <- 0x5555555555555400
mem[X,0x000000008001B554] -> 0x0513
mem[X,0x000000008001B556] -> 0x1555
[2945] [M]: 0x000000008001B554 (0x15550513) addi a0, a0, 341
x10 <- 0x5555555555555555
mem[X,0x000000008001B558] -> 0x65B7
mem[X,0x000000008001B55A] -> 0x6666
[2946] [M]: 0x000000008001B558 (0x666665B7) lui a1, 419430
x11 <- 0x0000000066666000
mem[X,0x000000008001B55C] -> 0x8593
mem[X,0x000000008001B55E] -> 0x6665
[2947] [M]: 0x000000008001B55C (0x66658593) addi a1, a1, 1638
x11 <- 0x0000000066666666
mem[X,0x000000008001B560] -> 0x9593
mem[X,0x000000008001B562] -> 0x00B5
[2948] [M]: 0x000000008001B560 (0x00B59593) slli a1, a1, 11
x11 <- 0x0000033333333000
mem[X,0x000000008001B564] -> 0x8593
mem[X,0x000000008001B566] -> 0x3335
[2949] [M]: 0x000000008001B564 (0x33358593) addi a1, a1, 819
x11 <- 0x0000033333333333
mem[X,0x000000008001B568] -> 0x9593
mem[X,0x000000008001B56A] -> 0x00B5
[2950] [M]: 0x000000008001B568 (0x00B59593) slli a1, a1, 11
x11 <- 0x0019999999999800
mem[X,0x000000008001B56C] -> 0x8593
mem[X,0x000000008001B56E] -> 0x1995
[2951] [M]: 0x000000008001B56C (0x19958593) addi a1, a1, 409
x11 <- 0x0019999999999999
mem[X,0x000000008001B570] -> 0x9593
mem[X,0x000000008001B572] -> 0x00A5
[2952] [M]: 0x000000008001B570 (0x00A59593) slli a1, a1, 10
x11 <- 0x6666666666666400
mem[X,0x000000008001B574] -> 0x8593
mem[X,0x000000008001B576] -> 0x2655
[2953] [M]: 0x000000008001B574 (0x26558593) addi a1, a1, 613
x11 <- 0x6666666666666665
mem[X,0x000000008001B578] -> 0x0213
mem[X,0x000000008001B57A] -> 0x0000
[2954] [M]: 0x000000008001B578 (0x00000213) addi tp, zero, 0
x4 <- 0x0000000000000000
mem[X,0x000000008001B57C] -> 0x006F
mem[X,0x000000008001B57E] -> 0x00C0
[2955] [M]: 0x000000008001B57C (0x00C0006F) jal zero, 12
mem[X,0x000000008001B588] -> 0x0CE3
mem[X,0x000000008001B58A] -> 0xFEB5
[2956] [M]: 0x000000008001B588 (0xFEB50CE3) beq a0, a1, 8184
mem[X,0x000000008001B58C] -> 0x0213
mem[X,0x000000008001B58E] -> 0x0022
[2957] [M]: 0x000000008001B58C (0x00220213) addi tp, tp, 2
x4 <- 0x0000000000000002
mem[X,0x000000008001B590] -> 0x006F
mem[X,0x000000008001B592] -> 0x00C0
[2958] [M]: 0x000000008001B590 (0x00C0006F) jal zero, 12
mem[X,0x000000008001B59C] -> 0x3C23
mem[X,0x000000008001B59E] -> 0x6641
[2959] [M]: 0x000000008001B59C (0x66413C23) sd tp, 1656(sp)
mem[0x0000000080049840] <- 0x0000000000000002
mem[X,0x000000008001B5A0] -> 0x5537
mem[X,0x000000008001B5A2] -> 0x5555
[2960] [M]: 0x000000008001B5A0 (0x55555537) lui a0, 349525
x10 <- 0x0000000055555000
mem[X,0x000000008001B5A4] -> 0x0513
mem[X,0x000000008001B5A6] -> 0x5555
[2961] [M]: 0x000000008001B5A4 (0x55550513) addi a0, a0, 1365
x10 <- 0x0000000055555555
mem[X,0x000000008001B5A8] -> 0x1513
mem[X,0x000000008001B5AA] -> 0x00B5
[2962] [M]: 0x000000008001B5A8 (0x00B51513) slli a0, a0, 11
x10 <- 0x000002AAAAAAA800
mem[X,0x000000008001B5AC] -> 0x0513
mem[X,0x000000008001B5AE] -> 0x2AA5
[2963] [M]: 0x000000008001B5AC (0x2AA50513) addi a0, a0, 682
x10 <- 0x000002AAAAAAAAAA
mem[X,0x000000008001B5B0] -> 0x1513
mem[X,0x000000008001B5B2] -> 0x00B5
[2964] [M]: 0x000000008001B5B0 (0x00B51513) slli a0, a0, 11
x10 <- 0x0015555555555000
mem[X,0x000000008001B5B4] -> 0x0513
mem[X,0x000000008001B5B6] -> 0x5555
[2965] [M]: 0x000000008001B5B4 (0x55550513) addi a0, a0, 1365
x10 <- 0x0015555555555555
mem[X,0x000000008001B5B8] -> 0x1513
mem[X,0x000000008001B5BA] -> 0x00A5
[2966] [M]: 0x000000008001B5B8 (0x00A51513) slli a0, a0, 10
x10 <- 0x5555555555555400
mem[X,0x000000008001B5BC] -> 0x0513
mem[X,0x000000008001B5BE] -> 0x1555
[2967] [M]: 0x000000008001B5BC (0x15550513) addi a0, a0, 341
x10 <- 0x5555555555555555
mem[X,0x000000008001B5C0] -> 0x05B7
mem[X,0x000000008001B5C2] -> 0x0000
[2968] [M]: 0x000000008001B5C0 (0x000005B7) lui a1, 0
x11 <- 0x0000000000000000
mem[X,0x000000008001B5C4] -> 0x8593
mem[X,0x000000008001B5C6] -> 0x0005
[2969] [M]: 0x000000008001B5C4 (0x00058593) addi a1, a1, 0
x11 <- 0x0000000000000000
mem[X,0x000000008001B5C8] -> 0x9593
mem[X,0x000000008001B5CA] -> 0x00B5
[2970] [M]: 0x000000008001B5C8 (0x00B59593) slli a1, a1, 11
x11 <- 0x0000000000000000
mem[X,0x000000008001B5CC] -> 0x8593
mem[X,0x000000008001B5CE] -> 0x5A85
[2971] [M]: 0x000000008001B5CC (0x5A858593) addi a1, a1, 1448
x11 <- 0x00000000000005A8
mem[X,0x000000008001B5D0] -> 0x9593
mem[X,0x000000008001B5D2] -> 0x00B5
[2972] [M]: 0x000000008001B5D0 (0x00B59593) slli a1, a1, 11
x11 <- 0x00000000002D4000
mem[X,0x000000008001B5D4] -> 0x8593
mem[X,0x000000008001B5D6] -> 0x13C5
[2973] [M]: 0x000000008001B5D4 (0x13C58593) addi a1, a1, 316
x11 <- 0x00000000002D413C
mem[X,0x000000008001B5D8] -> 0x9593
mem[X,0x000000008001B5DA] -> 0x00A5
[2974] [M]: 0x000000008001B5D8 (0x00A59593) slli a1, a1, 10
x11 <- 0x00000000B504F000
mem[X,0x000000008001B5DC] -> 0x8593
mem[X,0x000000008001B5DE] -> 0x3325
[2975] [M]: 0x000000008001B5DC (0x33258593) addi a1, a1, 818
x11 <- 0x00000000B504F332
mem[X,0x000000008001B5E0] -> 0x0213
mem[X,0x000000008001B5E2] -> 0x0000
[2976] [M]: 0x000000008001B5E0 (0x00000213) addi tp, zero, 0
x4 <- 0x0000000000000000
mem[X,0x000000008001B5E4] -> 0x006F
mem[X,0x000000008001B5E6] -> 0x00C0
[2977] [M]: 0x000000008001B5E4 (0x00C0006F) jal zero, 12
mem[X,0x000000008001B5F0] -> 0x0063
mem[X,0x000000008001B5F2] -> 0x02B5
[2978] [M]: 0x000000008001B5F0 (0x02B50063) beq a0, a1, 32
mem[X,0x000000008001B5F4] -> 0x0213
mem[X,0x000000008001B5F6] -> 0x0022
[2979] [M]: 0x000000008001B5F4 (0x00220213) addi tp, tp, 2
x4 <- 0x0000000000000002
mem[X,0x000000008001B5F8] -> 0x006F
mem[X,0x000000008001B5FA] -> 0x0200
[2980] [M]: 0x000000008001B5F8 (0x0200006F) jal zero, 32
mem[X,0x000000008001B618] -> 0x3023
mem[X,0x000000008001B61A] -> 0x6841
[2981] [M]: 0x000000008001B618 (0x68413023) sd tp, 1664(sp)
mem[0x0000000080049848] <- 0x0000000000000002
mem[X,0x000000008001B61C] -> 0x5537
mem[X,0x000000008001B61E] -> 0x5555
[2982] [M]: 0x000000008001B61C (0x55555537) lui a0, 349525
x10 <- 0x0000000055555000
mem[X,0x000000008001B620] -> 0x0513
mem[X,0x000000008001B622] -> 0x5555
[2983] [M]: 0x000000008001B620 (0x55550513) addi a0, a0, 1365
x10 <- 0x0000000055555555
mem[X,0x000000008001B624] -> 0x1513
mem[X,0x000000008001B626] -> 0x00B5
[2984] [M]: 0x000000008001B624 (0x00B51513) slli a0, a0, 11
x10 <- 0x000002AAAAAAA800
mem[X,0x000000008001B628] -> 0x0513
mem[X,0x000000008001B62A] -> 0x2AA5
[2985] [M]: 0x000000008001B628 (0x2AA50513) addi a0, a0, 682
x10 <- 0x000002AAAAAAAAAA
mem[X,0x000000008001B62C] -> 0x1513
mem[X,0x000000008001B62E] -> 0x00B5
[2986] [M]: 0x000000008001B62C (0x00B51513) slli a0, a0, 11
x10 <- 0x0015555555555000
mem[X,0x000000008001B630] -> 0x0513
mem[X,0x000000008001B632] -> 0x5555
[2987] [M]: 0x000000008001B630 (0x55550513) addi a0, a0, 1365
x10 <- 0x0015555555555555
mem[X,0x000000008001B634] -> 0x1513
mem[X,0x000000008001B636] -> 0x00A5
[2988] [M]: 0x000000008001B634 (0x00A51513) slli a0, a0, 10
x10 <- 0x5555555555555400
mem[X,0x000000008001B638] -> 0x0513
mem[X,0x000000008001B63A] -> 0x1555
[2989] [M]: 0x000000008001B638 (0x15550513) addi a0, a0, 341
x10 <- 0x5555555555555555
mem[X,0x000000008001B63C] -> 0x55B7
mem[X,0x000000008001B63E] -> 0x5555
[2990] [M]: 0x000000008001B63C (0x555555B7) lui a1, 349525
x11 <- 0x0000000055555000
mem[X,0x000000008001B640] -> 0x8593
mem[X,0x000000008001B642] -> 0x5555
[2991] [M]: 0x000000008001B640 (0x55558593) addi a1, a1, 1365
x11 <- 0x0000000055555555
mem[X,0x000000008001B644] -> 0x9593
mem[X,0x000000008001B646] -> 0x00B5
[2992] [M]: 0x000000008001B644 (0x00B59593) slli a1, a1, 11
x11 <- 0x000002AAAAAAA800
mem[X,0x000000008001B648] -> 0x8593
mem[X,0x000000008001B64A] -> 0x2AA5
[2993] [M]: 0x000000008001B648 (0x2AA58593) addi a1, a1, 682
x11 <- 0x000002AAAAAAAAAA
mem[X,0x000000008001B64C] -> 0x9593
mem[X,0x000000008001B64E] -> 0x00B5
[2994] [M]: 0x000000008001B64C (0x00B59593) slli a1, a1, 11
x11 <- 0x0015555555555000
mem[X,0x000000008001B650] -> 0x8593
mem[X,0x000000008001B652] -> 0x5555
[2995] [M]: 0x000000008001B650 (0x55558593) addi a1, a1, 1365
x11 <- 0x0015555555555555
mem[X,0x000000008001B654] -> 0x9593
mem[X,0x000000008001B656] -> 0x00A5
[2996] [M]: 0x000000008001B654 (0x00A59593) slli a1, a1, 10
x11 <- 0x5555555555555400
mem[X,0x000000008001B658] -> 0x8593
mem[X,0x000000008001B65A] -> 0x1565
[2997] [M]: 0x000000008001B658 (0x15658593) addi a1, a1, 342
x11 <- 0x5555555555555556
mem[X,0x000000008001B65C] -> 0x0213
mem[X,0x000000008001B65E] -> 0x0000
[2998] [M]: 0x000000008001B65C (0x00000213) addi tp, zero, 0
x4 <- 0x0000000000000000
mem[X,0x000000008001B660] -> 0x006F
mem[X,0x000000008001B662] -> 0x2B10
[2999] [M]: 0x000000008001B660 (0x2B10006F) jal zero, 2736
clint::tick mtime <- 0x000000000000001E
 clint timer pending at mtime 0x000000000000001E
htif::tick 0x0000000000000000
mem[X,0x000000008001C110] -> 0x0A63
mem[X,0x000000008001C112] -> 0xD4B5
[3000] [M]: 0x000000008001C110 (0xD4B50A63) beq a0, a1, 5460
mem[X,0x000000008001C114] -> 0x0213
mem[X,0x000000008001C116] -> 0x0022
[3001] [M]: 0x000000008001C114 (0x00220213) addi tp, tp, 2
x4 <- 0x0000000000000002
mem[X,0x000000008001C118] -> 0x006F
mem[X,0x000000008001C11A] -> 0x00C0
[3002] [M]: 0x000000008001C118 (0x00C0006F) jal zero, 12
mem[X,0x000000008001C124] -> 0x3423
mem[X,0x000000008001C126] -> 0x6841
[3003] [M]: 0x000000008001C124 (0x68413423) sd tp, 1672(sp)
mem[0x0000000080049850] <- 0x0000000000000002
mem[X,0x000000008001C128] -> 0x5537
mem[X,0x000000008001C12A] -> 0x5555
[3004] [M]: 0x000000008001C128 (0x55555537) lui a0, 349525
x10 <- 0x0000000055555000
mem[X,0x000000008001C12C] -> 0x0513
mem[X,0x000000008001C12E] -> 0x5555
[3005] [M]: 0x000000008001C12C (0x55550513) addi a0, a0, 1365
x10 <- 0x0000000055555555
mem[X,0x000000008001C130] -> 0x1513
mem[X,0x000000008001C132] -> 0x00B5
[3006] [M]: 0x000000008001C130 (0x00B51513) slli a0, a0, 11
x10 <- 0x000002AAAAAAA800
mem[X,0x000000008001C134] -> 0x0513
mem[X,0x000000008001C136] -> 0x2AA5
[3007] [M]: 0x000000008001C134 (0x2AA50513) addi a0, a0, 682
x10 <- 0x000002AAAAAAAAAA
mem[X,0x000000008001C138] -> 0x1513
mem[X,0x000000008001C13A] -> 0x00B5
[3008] [M]: 0x000000008001C138 (0x00B51513) slli a0, a0, 11
x10 <- 0x0015555555555000
mem[X,0x000000008001C13C] -> 0x0513
mem[X,0x000000008001C13E] -> 0x5555
[3009] [M]: 0x000000008001C13C (0x55550513) addi a0, a0, 1365
x10 <- 0x0015555555555555
mem[X,0x000000008001C140] -> 0x1513
mem[X,0x000000008001C142] -> 0x00A5
[3010] [M]: 0x000000008001C140 (0x00A51513) slli a0, a0, 10
x10 <- 0x5555555555555400
mem[X,0x000000008001C144] -> 0x0513
mem[X,0x000000008001C146] -> 0x1555
[3011] [M]: 0x000000008001C144 (0x15550513) addi a0, a0, 341
x10 <- 0x5555555555555555
mem[X,0x000000008001C148] -> 0xB5B7
mem[X,0x000000008001C14A] -> 0xAAAA
[3012] [M]: 0x000000008001C148 (0xAAAAB5B7) lui a1, 699051
x11 <- 0xFFFFFFFFAAAAB000
mem[X,0x000000008001C14C] -> 0x8593
mem[X,0x000000008001C14E] -> 0xAAA5
[3013] [M]: 0x000000008001C14C (0xAAA58593) addi a1, a1, 2730
x11 <- 0xFFFFFFFFAAAAAAAA
mem[X,0x000000008001C150] -> 0x9593
mem[X,0x000000008001C152] -> 0x00B5
[3014] [M]: 0x000000008001C150 (0x00B59593) slli a1, a1, 11
x11 <- 0xFFFFFD5555555000
mem[X,0x000000008001C154] -> 0x8593
mem[X,0x000000008001C156] -> 0x5555
[3015] [M]: 0x000000008001C154 (0x55558593) addi a1, a1, 1365
x11 <- 0xFFFFFD5555555555
mem[X,0x000000008001C158] -> 0x9593
mem[X,0x000000008001C15A] -> 0x00B5
[3016] [M]: 0x000000008001C158 (0x00B59593) slli a1, a1, 11
x11 <- 0xFFEAAAAAAAAAA800
mem[X,0x000000008001C15C] -> 0x8593
mem[X,0x000000008001C15E] -> 0x2AA5
[3017] [M]: 0x000000008001C15C (0x2AA58593) addi a1, a1, 682
x11 <- 0xFFEAAAAAAAAAAAAA
mem[X,0x000000008001C160] -> 0x9593
mem[X,0x000000008001C162] -> 0x00A5
[3018] [M]: 0x000000008001C160 (0x00A59593) slli a1, a1, 10
x11 <- 0xAAAAAAAAAAAAA800
mem[X,0x000000008001C164] -> 0x8593
mem[X,0x000000008001C166] -> 0x2AB5
[3019] [M]: 0x000000008001C164 (0x2AB58593) addi a1, a1, 683
x11 <- 0xAAAAAAAAAAAAAAAB
mem[X,0x000000008001C168] -> 0x0213
mem[X,0x000000008001C16A] -> 0x0000
[3020] [M]: 0x000000008001C168 (0x00000213) addi tp, zero, 0
x4 <- 0x0000000000000000
mem[X,0x000000008001C16C] -> 0x006F
mem[X,0x000000008001C16E] -> 0x00C0
[3021] [M]: 0x000000008001C16C (0x00C0006F) jal zero, 12
mem[X,0x000000008001C178] -> 0x0CE3
mem[X,0x000000008001C17A] -> 0xFEB5
[3022] [M]: 0x000000008001C178 (0xFEB50CE3) beq a0, a1, 8184
mem[X,0x000000008001C17C] -> 0x0213
mem[X,0x000000008001C17E] -> 0x0022
[3023] [M]: 0x000000008001C17C (0x00220213) addi tp, tp, 2
x4 <- 0x0000000000000002
mem[X,0x000000008001C180] -> 0x006F
mem[X,0x000000008001C182] -> 0x00C0
[3024] [M]: 0x000000008001C180 (0x00C0006F) jal zero, 12
mem[X,0x000000008001C18C] -> 0x3823
mem[X,0x000000008001C18E] -> 0x6841
[3025] [M]: 0x000000008001C18C (0x68413823) sd tp, 1680(sp)
mem[0x0000000080049858] <- 0x0000000000000002
mem[X,0x000000008001C190] -> 0x5537
mem[X,0x000000008001C192] -> 0x5555
[3026] [M]: 0x000000008001C190 (0x55555537) lui a0, 349525
x10 <- 0x0000000055555000
mem[X,0x000000008001C194] -> 0x0513
mem[X,0x000000008001C196] -> 0x5555
[3027] [M]: 0x000000008001C194 (0x55550513) addi a0, a0, 1365
x10 <- 0x0000000055555555
mem[X,0x000000008001C198] -> 0x1513
mem[X,0x000000008001C19A] -> 0x00B5
[3028] [M]: 0x000000008001C198 (0x00B51513) slli a0, a0, 11
x10 <- 0x000002AAAAAAA800
mem[X,0x000000008001C19C] -> 0x0513
mem[X,0x000000008001C19E] -> 0x2AA5
[3029] [M]: 0x000000008001C19C (0x2AA50513) addi a0, a0, 682
x10 <- 0x000002AAAAAAAAAA
mem[X,0x000000008001C1A0] -> 0x1513
mem[X,0x000000008001C1A2] -> 0x00B5
[3030] [M]: 0x000000008001C1A0 (0x00B51513) slli a0, a0, 11
x10 <- 0x0015555555555000
mem[X,0x000000008001C1A4] -> 0x0513
mem[X,0x000000008001C1A6] -> 0x5555
[3031] [M]: 0x000000008001C1A4 (0x55550513) addi a0, a0, 1365
x10 <- 0x0015555555555555
mem[X,0x000000008001C1A8] -> 0x1513
mem[X,0x000000008001C1AA] -> 0x00A5
[3032] [M]: 0x000000008001C1A8 (0x00A51513) slli a0, a0, 10
x10 <- 0x5555555555555400
mem[X,0x000000008001C1AC] -> 0x0513
mem[X,0x000000008001C1AE] -> 0x1555
[3033] [M]: 0x000000008001C1AC (0x15550513) addi a0, a0, 341
x10 <- 0x5555555555555555
mem[X,0x000000008001C1B0] -> 0x0593
mem[X,0x000000008001C1B2] -> 0x0060
[3034] [M]: 0x000000008001C1B0 (0x00600593) addi a1, zero, 6
x11 <- 0x0000000000000006
mem[X,0x000000008001C1B4] -> 0x0213
mem[X,0x000000008001C1B6] -> 0x0000
[3035] [M]: 0x000000008001C1B4 (0x00000213) addi tp, zero, 0
x4 <- 0x0000000000000000
mem[X,0x000000008001C1B8] -> 0x006F
mem[X,0x000000008001C1BA] -> 0x00C0
[3036] [M]: 0x000000008001C1B8 (0x00C0006F) jal zero, 12
mem[X,0x000000008001C1C4] -> 0x0063
mem[X,0x000000008001C1C6] -> 0x08B5
[3037] [M]: 0x000000008001C1C4 (0x08B50063) beq a0, a1, 128
mem[X,0x000000008001C1C8] -> 0x0213
mem[X,0x000000008001C1CA] -> 0x0022
[3038] [M]: 0x000000008001C1C8 (0x00220213) addi tp, tp, 2
x4 <- 0x0000000000000002
mem[X,0x000000008001C1CC] -> 0x006F
mem[X,0x000000008001C1CE] -> 0x0800
[3039] [M]: 0x000000008001C1CC (0x0800006F) jal zero, 128
mem[X,0x000000008001C24C] -> 0x3C23
mem[X,0x000000008001C24E] -> 0x6841
[3040] [M]: 0x000000008001C24C (0x68413C23) sd tp, 1688(sp)
mem[0x0000000080049860] <- 0x0000000000000002
mem[X,0x000000008001C250] -> 0x5537
mem[X,0x000000008001C252] -> 0x5555
[3041] [M]: 0x000000008001C250 (0x55555537) lui a0, 349525
x10 <- 0x0000000055555000
mem[X,0x000000008001C254] -> 0x0513
mem[X,0x000000008001C256] -> 0x5555
[3042] [M]: 0x000000008001C254 (0x55550513) addi a0, a0, 1365
x10 <- 0x0000000055555555
mem[X,0x000000008001C258] -> 0x1513
mem[X,0x000000008001C25A] -> 0x00B5
[3043] [M]: 0x000000008001C258 (0x00B51513) slli a0, a0, 11
x10 <- 0x000002AAAAAAA800
mem[X,0x000000008001C25C] -> 0x0513
mem[X,0x000000008001C25E] -> 0x2AA5
[3044] [M]: 0x000000008001C25C (0x2AA50513) addi a0, a0, 682
x10 <- 0x000002AAAAAAAAAA
mem[X,0x000000008001C260] -> 0x1513
mem[X,0x000000008001C262] -> 0x00B5
[3045] [M]: 0x000000008001C260 (0x00B51513) slli a0, a0, 11
x10 <- 0x0015555555555000
mem[X,0x000000008001C264] -> 0x0513
mem[X,0x000000008001C266] -> 0x5555
[3046] [M]: 0x000000008001C264 (0x55550513) addi a0, a0, 1365
x10 <- 0x0015555555555555
mem[X,0x000000008001C268] -> 0x1513
mem[X,0x000000008001C26A] -> 0x00A5
[3047] [M]: 0x000000008001C268 (0x00A51513) slli a0, a0, 10
x10 <- 0x5555555555555400
mem[X,0x000000008001C26C] -> 0x0513
mem[X,0x000000008001C26E] -> 0x1555
[3048] [M]: 0x000000008001C26C (0x15550513) addi a0, a0, 341
x10 <- 0x5555555555555555
mem[X,0x000000008001C270] -> 0x35B7
mem[X,0x000000008001C272] -> 0x3333
[3049] [M]: 0x000000008001C270 (0x333335B7) lui a1, 209715
x11 <- 0x0000000033333000
mem[X,0x000000008001C274] -> 0x8593
mem[X,0x000000008001C276] -> 0x3335
[3050] [M]: 0x000000008001C274 (0x33358593) addi a1, a1, 819
x11 <- 0x0000000033333333
mem[X,0x000000008001C278] -> 0x9593
mem[X,0x000000008001C27A] -> 0x00B5
[3051] [M]: 0x000000008001C278 (0x00B59593) slli a1, a1, 11
x11 <- 0x0000019999999800
mem[X,0x000000008001C27C] -> 0x8593
mem[X,0x000000008001C27E] -> 0x1995
[3052] [M]: 0x000000008001C27C (0x19958593) addi a1, a1, 409
x11 <- 0x0000019999999999
mem[X,0x000000008001C280] -> 0x9593
mem[X,0x000000008001C282] -> 0x00B5
[3053] [M]: 0x000000008001C280 (0x00B59593) slli a1, a1, 11
x11 <- 0x000CCCCCCCCCC800
mem[X,0x000000008001C284] -> 0x8593
mem[X,0x000000008001C286] -> 0x4CC5
[3054] [M]: 0x000000008001C284 (0x4CC58593) addi a1, a1, 1228
x11 <- 0x000CCCCCCCCCCCCC
mem[X,0x000000008001C288] -> 0x9593
mem[X,0x000000008001C28A] -> 0x00A5
[3055] [M]: 0x000000008001C288 (0x00A59593) slli a1, a1, 10
x11 <- 0x3333333333333000
mem[X,0x000000008001C28C] -> 0x8593
mem[X,0x000000008001C28E] -> 0x3345
[3056] [M]: 0x000000008001C28C (0x33458593) addi a1, a1, 820
x11 <- 0x3333333333333334
mem[X,0x000000008001C290] -> 0x0213
mem[X,0x000000008001C292] -> 0x0000
[3057] [M]: 0x000000008001C290 (0x00000213) addi tp, zero, 0
x4 <- 0x0000000000000000
mem[X,0x000000008001C294] -> 0x006F
mem[X,0x000000008001C296] -> 0x00C0
[3058] [M]: 0x000000008001C294 (0x00C0006F) jal zero, 12
mem[X,0x000000008001C2A0] -> 0x0663
mem[X,0x000000008001C2A2] -> 0x00B5
[3059] [M]: 0x000000008001C2A0 (0x00B50663) beq a0, a1, 12
mem[X,0x000000008001C2A4] -> 0x0213
mem[X,0x000000008001C2A6] -> 0x0022
[3060] [M]: 0x000000008001C2A4 (0x00220213) addi tp, tp, 2
x4 <- 0x0000000000000002
mem[X,0x000000008001C2A8] -> 0x006F
mem[X,0x000000008001C2AA] -> 0x00C0
[3061] [M]: 0x000000008001C2A8 (0x00C0006F) jal zero, 12
mem[X,0x000000008001C2B4] -> 0x3023
mem[X,0x000000008001C2B6] -> 0x6A41
[3062] [M]: 0x000000008001C2B4 (0x6A413023) sd tp, 1696(sp)
mem[0x0000000080049868] <- 0x0000000000000002
mem[X,0x000000008001C2B8] -> 0x5537
mem[X,0x000000008001C2BA] -> 0x5555
[3063] [M]: 0x000000008001C2B8 (0x55555537) lui a0, 349525
x10 <- 0x0000000055555000
mem[X,0x000000008001C2BC] -> 0x0513
mem[X,0x000000008001C2BE] -> 0x5555
[3064] [M]: 0x000000008001C2BC (0x55550513) addi a0, a0, 1365
x10 <- 0x0000000055555555
mem[X,0x000000008001C2C0] -> 0x1513
mem[X,0x000000008001C2C2] -> 0x00B5
[3065] [M]: 0x000000008001C2C0 (0x00B51513) slli a0, a0, 11
x10 <- 0x000002AAAAAAA800
mem[X,0x000000008001C2C4] -> 0x0513
mem[X,0x000000008001C2C6] -> 0x2AA5
[3066] [M]: 0x000000008001C2C4 (0x2AA50513) addi a0, a0, 682
x10 <- 0x000002AAAAAAAAAA
mem[X,0x000000008001C2C8] -> 0x1513
mem[X,0x000000008001C2CA] -> 0x00B5
[3067] [M]: 0x000000008001C2C8 (0x00B51513) slli a0, a0, 11
x10 <- 0x0015555555555000
mem[X,0x000000008001C2CC] -> 0x0513
mem[X,0x000000008001C2CE] -> 0x5555
[3068] [M]: 0x000000008001C2CC (0x55550513) addi a0, a0, 1365
x10 <- 0x0015555555555555
mem[X,0x000000008001C2D0] -> 0x1513
mem[X,0x000000008001C2D2] -> 0x00A5
[3069] [M]: 0x000000008001C2D0 (0x00A51513) slli a0, a0, 10
x10 <- 0x5555555555555400
mem[X,0x000000008001C2D4] -> 0x0513
mem[X,0x000000008001C2D6] -> 0x1555
[3070] [M]: 0x000000008001C2D4 (0x15550513) addi a0, a0, 341
x10 <- 0x5555555555555555
mem[X,0x000000008001C2D8] -> 0x65B7
mem[X,0x000000008001C2DA] -> 0x6666
[3071] [M]: 0x000000008001C2D8 (0x666665B7) lui a1, 419430
x11 <- 0x0000000066666000
mem[X,0x000000008001C2DC] -> 0x8593
mem[X,0x000000008001C2DE] -> 0x6665
[3072] [M]: 0x000000008001C2DC (0x66658593) addi a1, a1, 1638
x11 <- 0x0000000066666666
mem[X,0x000000008001C2E0] -> 0x9593
mem[X,0x000000008001C2E2] -> 0x00B5
[3073] [M]: 0x000000008001C2E0 (0x00B59593) slli a1, a1, 11
x11 <- 0x0000033333333000
mem[X,0x000000008001C2E4] -> 0x8593
mem[X,0x000000008001C2E6] -> 0x3335
[3074] [M]: 0x000000008001C2E4 (0x33358593) addi a1, a1, 819
x11 <- 0x0000033333333333
mem[X,0x000000008001C2E8] -> 0x9593
mem[X,0x000000008001C2EA] -> 0x00B5
[3075] [M]: 0x000000008001C2E8 (0x00B59593) slli a1, a1, 11
x11 <- 0x0019999999999800
mem[X,0x000000008001C2EC] -> 0x8593
mem[X,0x000000008001C2EE] -> 0x1995
[3076] [M]: 0x000000008001C2EC (0x19958593) addi a1, a1, 409
x11 <- 0x0019999999999999
mem[X,0x000000008001C2F0] -> 0x9593
mem[X,0x000000008001C2F2] -> 0x00A5
[3077] [M]: 0x000000008001C2F0 (0x00A59593) slli a1, a1, 10
x11 <- 0x6666666666666400
mem[X,0x000000008001C2F4] -> 0x8593
mem[X,0x000000008001C2F6] -> 0x2675
[3078] [M]: 0x000000008001C2F4 (0x26758593) addi a1, a1, 615
x11 <- 0x6666666666666667
mem[X,0x000000008001C2F8] -> 0x0213
mem[X,0x000000008001C2FA] -> 0x0000
[3079] [M]: 0x000000008001C2F8 (0x00000213) addi tp, zero, 0
x4 <- 0x0000000000000000
mem[X,0x000000008001C2FC] -> 0x006F
mem[X,0x000000008001C2FE] -> 0x00C0
[3080] [M]: 0x000000008001C2FC (0x00C0006F) jal zero, 12
mem[X,0x000000008001C308] -> 0x0663
mem[X,0x000000008001C30A] -> 0x00B5
[3081] [M]: 0x000000008001C308 (0x00B50663) beq a0, a1, 12
mem[X,0x000000008001C30C] -> 0x0213
mem[X,0x000000008001C30E] -> 0x0022
[3082] [M]: 0x000000008001C30C (0x00220213) addi tp, tp, 2
x4 <- 0x0000000000000002
mem[X,0x000000008001C310] -> 0x006F
mem[X,0x000000008001C312] -> 0x00C0
[3083] [M]: 0x000000008001C310 (0x00C0006F) jal zero, 12
mem[X,0x000000008001C31C] -> 0x3423
mem[X,0x000000008001C31E] -> 0x6A41
[3084] [M]: 0x000000008001C31C (0x6A413423) sd tp, 1704(sp)
mem[0x0000000080049870] <- 0x0000000000000002
mem[X,0x000000008001C320] -> 0x5537
mem[X,0x000000008001C322] -> 0x5555
[3085] [M]: 0x000000008001C320 (0x55555537) lui a0, 349525
x10 <- 0x0000000055555000
mem[X,0x000000008001C324] -> 0x0513
mem[X,0x000000008001C326] -> 0x5555
[3086] [M]: 0x000000008001C324 (0x55550513) addi a0, a0, 1365
x10 <- 0x0000000055555555
mem[X,0x000000008001C328] -> 0x1513
mem[X,0x000000008001C32A] -> 0x00B5
[3087] [M]: 0x000000008001C328 (0x00B51513) slli a0, a0, 11
x10 <- 0x000002AAAAAAA800
mem[X,0x000000008001C32C] -> 0x0513
mem[X,0x000000008001C32E] -> 0x2AA5
[3088] [M]: 0x000000008001C32C (0x2AA50513) addi a0, a0, 682
x10 <- 0x000002AAAAAAAAAA
mem[X,0x000000008001C330] -> 0x1513
mem[X,0x000000008001C332] -> 0x00B5
[3089] [M]: 0x000000008001C330 (0x00B51513) slli a0, a0, 11
x10 <- 0x0015555555555000
mem[X,0x000000008001C334] -> 0x0513
mem[X,0x000000008001C336] -> 0x5555
[3090] [M]: 0x000000008001C334 (0x55550513) addi a0, a0, 1365
x10 <- 0x0015555555555555
mem[X,0x000000008001C338] -> 0x1513
mem[X,0x000000008001C33A] -> 0x00A5
[3091] [M]: 0x000000008001C338 (0x00A51513) slli a0, a0, 10
x10 <- 0x5555555555555400
mem[X,0x000000008001C33C] -> 0x0513
mem[X,0x000000008001C33E] -> 0x1555
[3092] [M]: 0x000000008001C33C (0x15550513) addi a0, a0, 341
x10 <- 0x5555555555555555
mem[X,0x000000008001C340] -> 0x05B7
mem[X,0x000000008001C342] -> 0x0000
[3093] [M]: 0x000000008001C340 (0x000005B7) lui a1, 0
x11 <- 0x0000000000000000
mem[X,0x000000008001C344] -> 0x8593
mem[X,0x000000008001C346] -> 0xFFF5
[3094] [M]: 0x000000008001C344 (0xFFF58593) addi a1, a1, 4095
x11 <- 0xFFFFFFFFFFFFFFFF
mem[X,0x000000008001C348] -> 0x9593
mem[X,0x000000008001C34A] -> 0x00B5
[3095] [M]: 0x000000008001C348 (0x00B59593) slli a1, a1, 11
x11 <- 0xFFFFFFFFFFFFF800
mem[X,0x000000008001C34C] -> 0x8593
mem[X,0x000000008001C34E] -> 0x2575
[3096] [M]: 0x000000008001C34C (0x25758593) addi a1, a1, 599
x11 <- 0xFFFFFFFFFFFFFA57
mem[X,0x000000008001C350] -> 0x9593
mem[X,0x000000008001C352] -> 0x00B5
[3097] [M]: 0x000000008001C350 (0x00B59593) slli a1, a1, 11
x11 <- 0xFFFFFFFFFFD2B800
mem[X,0x000000008001C354] -> 0x8593
mem[X,0x000000008001C356] -> 0x6C35
[3098] [M]: 0x000000008001C354 (0x6C358593) addi a1, a1, 1731
x11 <- 0xFFFFFFFFFFD2BEC3
mem[X,0x000000008001C358] -> 0x9593
mem[X,0x000000008001C35A] -> 0x00A5
[3099] [M]: 0x000000008001C358 (0x00A59593) slli a1, a1, 10
x11 <- 0xFFFFFFFF4AFB0C00
clint::tick mtime <- 0x000000000000001F
 clint timer pending at mtime 0x000000000000001F
htif::tick 0x0000000000000000
mem[X,0x000000008001C35C] -> 0x8593
mem[X,0x000000008001C35E] -> 0x0CE5
[3100] [M]: 0x000000008001C35C (0x0CE58593) addi a1, a1, 206
x11 <- 0xFFFFFFFF4AFB0CCE
mem[X,0x000000008001C360] -> 0x0213
mem[X,0x000000008001C362] -> 0x0000
[3101] [M]: 0x000000008001C360 (0x00000213) addi tp, zero, 0
x4 <- 0x0000000000000000
mem[X,0x000000008001C364] -> 0x006F
mem[X,0x000000008001C366] -> 0x0100
[3102] [M]: 0x000000008001C364 (0x0100006F) jal zero, 16
mem[X,0x000000008001C374] -> 0x0AE3
mem[X,0x000000008001C376] -> 0xFEB5
[3103] [M]: 0x000000008001C374 (0xFEB50AE3) beq a0, a1, 8180
mem[X,0x000000008001C378] -> 0x0213
mem[X,0x000000008001C37A] -> 0x0022
[3104] [M]: 0x000000008001C378 (0x00220213) addi tp, tp, 2
x4 <- 0x0000000000000002
mem[X,0x000000008001C37C] -> 0x006F
mem[X,0x000000008001C37E] -> 0x00C0
[3105] [M]: 0x000000008001C37C (0x00C0006F) jal zero, 12
mem[X,0x000000008001C388] -> 0x3823
mem[X,0x000000008001C38A] -> 0x6A41
[3106] [M]: 0x000000008001C388 (0x6A413823) sd tp, 1712(sp)
mem[0x0000000080049878] <- 0x0000000000000002
mem[X,0x000000008001C38C] -> 0x5537
mem[X,0x000000008001C38E] -> 0x5555
[3107] [M]: 0x000000008001C38C (0x55555537) lui a0, 349525
x10 <- 0x0000000055555000
mem[X,0x000000008001C390] -> 0x0513
mem[X,0x000000008001C392] -> 0x5555
[3108] [M]: 0x000000008001C390 (0x55550513) addi a0, a0, 1365
x10 <- 0x0000000055555555
mem[X,0x000000008001C394] -> 0x1513
mem[X,0x000000008001C396] -> 0x00B5
[3109] [M]: 0x000000008001C394 (0x00B51513) slli a0, a0, 11
x10 <- 0x000002AAAAAAA800
mem[X,0x000000008001C398] -> 0x0513
mem[X,0x000000008001C39A] -> 0x2AA5
[3110] [M]: 0x000000008001C398 (0x2AA50513) addi a0, a0, 682
x10 <- 0x000002AAAAAAAAAA
mem[X,0x000000008001C39C] -> 0x1513
mem[X,0x000000008001C39E] -> 0x00B5
[3111] [M]: 0x000000008001C39C (0x00B51513) slli a0, a0, 11
x10 <- 0x0015555555555000
mem[X,0x000000008001C3A0] -> 0x0513
mem[X,0x000000008001C3A2] -> 0x5555
[3112] [M]: 0x000000008001C3A0 (0x55550513) addi a0, a0, 1365
x10 <- 0x0015555555555555
mem[X,0x000000008001C3A4] -> 0x1513
mem[X,0x000000008001C3A6] -> 0x00A5
[3113] [M]: 0x000000008001C3A4 (0x00A51513) slli a0, a0, 10
x10 <- 0x5555555555555400
mem[X,0x000000008001C3A8] -> 0x0513
mem[X,0x000000008001C3AA] -> 0x1555
[3114] [M]: 0x000000008001C3A8 (0x15550513) addi a0, a0, 341
x10 <- 0x5555555555555555
mem[X,0x000000008001C3AC] -> 0x05B7
mem[X,0x000000008001C3AE] -> 0x0000
[3115] [M]: 0x000000008001C3AC (0x000005B7) lui a1, 0
x11 <- 0x0000000000000000
mem[X,0x000000008001C3B0] -> 0x8593
mem[X,0x000000008001C3B2] -> 0x0005
[3116] [M]: 0x000000008001C3B0 (0x00058593) addi a1, a1, 0
x11 <- 0x0000000000000000
mem[X,0x000000008001C3B4] -> 0x9593
mem[X,0x000000008001C3B6] -> 0x00B5
[3117] [M]: 0x000000008001C3B4 (0x00B59593) slli a1, a1, 11
x11 <- 0x0000000000000000
mem[X,0x000000008001C3B8] -> 0x8593
mem[X,0x000000008001C3BA] -> 0x5A85
[3118] [M]: 0x000000008001C3B8 (0x5A858593) addi a1, a1, 1448
x11 <- 0x00000000000005A8
mem[X,0x000000008001C3BC] -> 0x9593
mem[X,0x000000008001C3BE] -> 0x00B5
[3119] [M]: 0x000000008001C3BC (0x00B59593) slli a1, a1, 11
x11 <- 0x00000000002D4000
mem[X,0x000000008001C3C0] -> 0x8593
mem[X,0x000000008001C3C2] -> 0x13C5
[3120] [M]: 0x000000008001C3C0 (0x13C58593) addi a1, a1, 316
x11 <- 0x00000000002D413C
mem[X,0x000000008001C3C4] -> 0x9593
mem[X,0x000000008001C3C6] -> 0x00A5
[3121] [M]: 0x000000008001C3C4 (0x00A59593) slli a1, a1, 10
x11 <- 0x00000000B504F000
mem[X,0x000000008001C3C8] -> 0x8593
mem[X,0x000000008001C3CA] -> 0x3345
[3122] [M]: 0x000000008001C3C8 (0x33458593) addi a1, a1, 820
x11 <- 0x00000000B504F334
mem[X,0x000000008001C3CC] -> 0x0213
mem[X,0x000000008001C3CE] -> 0x0000
[3123] [M]: 0x000000008001C3CC (0x00000213) addi tp, zero, 0
x4 <- 0x0000000000000000
mem[X,0x000000008001C3D0] -> 0x006F
mem[X,0x000000008001C3D2] -> 0x0100
[3124] [M]: 0x000000008001C3D0 (0x0100006F) jal zero, 16
mem[X,0x000000008001C3E0] -> 0x0AE3
mem[X,0x000000008001C3E2] -> 0xFEB5
[3125] [M]: 0x000000008001C3E0 (0xFEB50AE3) beq a0, a1, 8180
mem[X,0x000000008001C3E4] -> 0x0213
mem[X,0x000000008001C3E6] -> 0x0022
[3126] [M]: 0x000000008001C3E4 (0x00220213) addi tp, tp, 2
x4 <- 0x0000000000000002
mem[X,0x000000008001C3E8] -> 0x006F
mem[X,0x000000008001C3EA] -> 0x00C0
[3127] [M]: 0x000000008001C3E8 (0x00C0006F) jal zero, 12
mem[X,0x000000008001C3F4] -> 0x3C23
mem[X,0x000000008001C3F6] -> 0x6A41
[3128] [M]: 0x000000008001C3F4 (0x6A413C23) sd tp, 1720(sp)
mem[0x0000000080049880] <- 0x0000000000000002
mem[X,0x000000008001C3F8] -> 0xB537
mem[X,0x000000008001C3FA] -> 0xAAAA
[3129] [M]: 0x000000008001C3F8 (0xAAAAB537) lui a0, 699051
x10 <- 0xFFFFFFFFAAAAB000
mem[X,0x000000008001C3FC] -> 0x0513
mem[X,0x000000008001C3FE] -> 0xAAA5
[3130] [M]: 0x000000008001C3FC (0xAAA50513) addi a0, a0, 2730
x10 <- 0xFFFFFFFFAAAAAAAA
mem[X,0x000000008001C400] -> 0x1513
mem[X,0x000000008001C402] -> 0x00B5
[3131] [M]: 0x000000008001C400 (0x00B51513) slli a0, a0, 11
x10 <- 0xFFFFFD5555555000
mem[X,0x000000008001C404] -> 0x0513
mem[X,0x000000008001C406] -> 0x5555
[3132] [M]: 0x000000008001C404 (0x55550513) addi a0, a0, 1365
x10 <- 0xFFFFFD5555555555
mem[X,0x000000008001C408] -> 0x1513
mem[X,0x000000008001C40A] -> 0x00B5
[3133] [M]: 0x000000008001C408 (0x00B51513) slli a0, a0, 11
x10 <- 0xFFEAAAAAAAAAA800
mem[X,0x000000008001C40C] -> 0x0513
mem[X,0x000000008001C40E] -> 0x2AA5
[3134] [M]: 0x000000008001C40C (0x2AA50513) addi a0, a0, 682
x10 <- 0xFFEAAAAAAAAAAAAA
mem[X,0x000000008001C410] -> 0x1513
mem[X,0x000000008001C412] -> 0x00A5
[3135] [M]: 0x000000008001C410 (0x00A51513) slli a0, a0, 10
x10 <- 0xAAAAAAAAAAAAA800
mem[X,0x000000008001C414] -> 0x0513
mem[X,0x000000008001C416] -> 0x2AA5
[3136] [M]: 0x000000008001C414 (0x2AA50513) addi a0, a0, 682
x10 <- 0xAAAAAAAAAAAAAAAA
mem[X,0x000000008001C418] -> 0x0593
mem[X,0x000000008001C41A] -> 0x0030
[3137] [M]: 0x000000008001C418 (0x00300593) addi a1, zero, 3
x11 <- 0x0000000000000003
mem[X,0x000000008001C41C] -> 0x0213
mem[X,0x000000008001C41E] -> 0x0000
[3138] [M]: 0x000000008001C41C (0x00000213) addi tp, zero, 0
x4 <- 0x0000000000000000
mem[X,0x000000008001C420] -> 0x006F
mem[X,0x000000008001C422] -> 0x0050
[3139] [M]: 0x000000008001C420 (0x0050006F) jal zero, 2052
mem[X,0x000000008001CC24] -> 0x00E3
mem[X,0x000000008001CC26] -> 0x80B5
[3140] [M]: 0x000000008001CC24 (0x80B500E3) beq a0, a1, 6144
mem[X,0x000000008001CC28] -> 0x0213
mem[X,0x000000008001CC2A] -> 0x0022
[3141] [M]: 0x000000008001CC28 (0x00220213) addi tp, tp, 2
x4 <- 0x0000000000000002
mem[X,0x000000008001CC2C] -> 0x006F
mem[X,0x000000008001CC2E] -> 0x00C0
[3142] [M]: 0x000000008001CC2C (0x00C0006F) jal zero, 12
mem[X,0x000000008001CC38] -> 0x3023
mem[X,0x000000008001CC3A] -> 0x6C41
[3143] [M]: 0x000000008001CC38 (0x6C413023) sd tp, 1728(sp)
mem[0x0000000080049888] <- 0x0000000000000002
mem[X,0x000000008001CC3C] -> 0xB537
mem[X,0x000000008001CC3E] -> 0xAAAA
[3144] [M]: 0x000000008001CC3C (0xAAAAB537) lui a0, 699051
x10 <- 0xFFFFFFFFAAAAB000
mem[X,0x000000008001CC40] -> 0x0513
mem[X,0x000000008001CC42] -> 0xAAA5
[3145] [M]: 0x000000008001CC40 (0xAAA50513) addi a0, a0, 2730
x10 <- 0xFFFFFFFFAAAAAAAA
mem[X,0x000000008001CC44] -> 0x1513
mem[X,0x000000008001CC46] -> 0x00B5
[3146] [M]: 0x000000008001CC44 (0x00B51513) slli a0, a0, 11
x10 <- 0xFFFFFD5555555000
mem[X,0x000000008001CC48] -> 0x0513
mem[X,0x000000008001CC4A] -> 0x5555
[3147] [M]: 0x000000008001CC48 (0x55550513) addi a0, a0, 1365
x10 <- 0xFFFFFD5555555555
mem[X,0x000000008001CC4C] -> 0x1513
mem[X,0x000000008001CC4E] -> 0x00B5
[3148] [M]: 0x000000008001CC4C (0x00B51513) slli a0, a0, 11
x10 <- 0xFFEAAAAAAAAAA800
mem[X,0x000000008001CC50] -> 0x0513
mem[X,0x000000008001CC52] -> 0x2AA5
[3149] [M]: 0x000000008001CC50 (0x2AA50513) addi a0, a0, 682
x10 <- 0xFFEAAAAAAAAAAAAA
mem[X,0x000000008001CC54] -> 0x1513
mem[X,0x000000008001CC56] -> 0x00A5
[3150] [M]: 0x000000008001CC54 (0x00A51513) slli a0, a0, 10
x10 <- 0xAAAAAAAAAAAAA800
mem[X,0x000000008001CC58] -> 0x0513
mem[X,0x000000008001CC5A] -> 0x2AA5
[3151] [M]: 0x000000008001CC58 (0x2AA50513) addi a0, a0, 682
x10 <- 0xAAAAAAAAAAAAAAAA
mem[X,0x000000008001CC5C] -> 0x55B7
mem[X,0x000000008001CC5E] -> 0x5555
[3152] [M]: 0x000000008001CC5C (0x555555B7) lui a1, 349525
x11 <- 0x0000000055555000
mem[X,0x000000008001CC60] -> 0x8593
mem[X,0x000000008001CC62] -> 0x5555
[3153] [M]: 0x000000008001CC60 (0x55558593) addi a1, a1, 1365
x11 <- 0x0000000055555555
mem[X,0x000000008001CC64] -> 0x9593
mem[X,0x000000008001CC66] -> 0x00B5
[3154] [M]: 0x000000008001CC64 (0x00B59593) slli a1, a1, 11
x11 <- 0x000002AAAAAAA800
mem[X,0x000000008001CC68] -> 0x8593
mem[X,0x000000008001CC6A] -> 0x2AA5
[3155] [M]: 0x000000008001CC68 (0x2AA58593) addi a1, a1, 682
x11 <- 0x000002AAAAAAAAAA
mem[X,0x000000008001CC6C] -> 0x9593
mem[X,0x000000008001CC6E] -> 0x00B5
[3156] [M]: 0x000000008001CC6C (0x00B59593) slli a1, a1, 11
x11 <- 0x0015555555555000
mem[X,0x000000008001CC70] -> 0x8593
mem[X,0x000000008001CC72] -> 0x5555
[3157] [M]: 0x000000008001CC70 (0x55558593) addi a1, a1, 1365
x11 <- 0x0015555555555555
mem[X,0x000000008001CC74] -> 0x9593
mem[X,0x000000008001CC76] -> 0x00A5
[3158] [M]: 0x000000008001CC74 (0x00A59593) slli a1, a1, 10
x11 <- 0x5555555555555400
mem[X,0x000000008001CC78] -> 0x8593
mem[X,0x000000008001CC7A] -> 0x1555
[3159] [M]: 0x000000008001CC78 (0x15558593) addi a1, a1, 341
x11 <- 0x5555555555555555
mem[X,0x000000008001CC7C] -> 0x0213
mem[X,0x000000008001CC7E] -> 0x0000
[3160] [M]: 0x000000008001CC7C (0x00000213) addi tp, zero, 0
x4 <- 0x0000000000000000
mem[X,0x000000008001CC80] -> 0x006F
mem[X,0x000000008001CC82] -> 0x00C0
[3161] [M]: 0x000000008001CC80 (0x00C0006F) jal zero, 12
mem[X,0x000000008001CC8C] -> 0x0CE3
mem[X,0x000000008001CC8E] -> 0xFEB5
[3162] [M]: 0x000000008001CC8C (0xFEB50CE3) beq a0, a1, 8184
mem[X,0x000000008001CC90] -> 0x0213
mem[X,0x000000008001CC92] -> 0x0022
[3163] [M]: 0x000000008001CC90 (0x00220213) addi tp, tp, 2
x4 <- 0x0000000000000002
mem[X,0x000000008001CC94] -> 0x006F
mem[X,0x000000008001CC96] -> 0x00C0
[3164] [M]: 0x000000008001CC94 (0x00C0006F) jal zero, 12
mem[X,0x000000008001CCA0] -> 0x3423
mem[X,0x000000008001CCA2] -> 0x6C41
[3165] [M]: 0x000000008001CCA0 (0x6C413423) sd tp, 1736(sp)
mem[0x0000000080049890] <- 0x0000000000000002
mem[X,0x000000008001CCA4] -> 0xB537
mem[X,0x000000008001CCA6] -> 0xAAAA
[3166] [M]: 0x000000008001CCA4 (0xAAAAB537) lui a0, 699051
x10 <- 0xFFFFFFFFAAAAB000
mem[X,0x000000008001CCA8] -> 0x0513
mem[X,0x000000008001CCAA] -> 0xAAA5
[3167] [M]: 0x000000008001CCA8 (0xAAA50513) addi a0, a0, 2730
x10 <- 0xFFFFFFFFAAAAAAAA
mem[X,0x000000008001CCAC] -> 0x1513
mem[X,0x000000008001CCAE] -> 0x00B5
[3168] [M]: 0x000000008001CCAC (0x00B51513) slli a0, a0, 11
x10 <- 0xFFFFFD5555555000
mem[X,0x000000008001CCB0] -> 0x0513
mem[X,0x000000008001CCB2] -> 0x5555
[3169] [M]: 0x000000008001CCB0 (0x55550513) addi a0, a0, 1365
x10 <- 0xFFFFFD5555555555
mem[X,0x000000008001CCB4] -> 0x1513
mem[X,0x000000008001CCB6] -> 0x00B5
[3170] [M]: 0x000000008001CCB4 (0x00B51513) slli a0, a0, 11
x10 <- 0xFFEAAAAAAAAAA800
mem[X,0x000000008001CCB8] -> 0x0513
mem[X,0x000000008001CCBA] -> 0x2AA5
[3171] [M]: 0x000000008001CCB8 (0x2AA50513) addi a0, a0, 682
x10 <- 0xFFEAAAAAAAAAAAAA
mem[X,0x000000008001CCBC] -> 0x1513
mem[X,0x000000008001CCBE] -> 0x00A5
[3172] [M]: 0x000000008001CCBC (0x00A51513) slli a0, a0, 10
x10 <- 0xAAAAAAAAAAAAA800
mem[X,0x000000008001CCC0] -> 0x0513
mem[X,0x000000008001CCC2] -> 0x2AA5
[3173] [M]: 0x000000008001CCC0 (0x2AA50513) addi a0, a0, 682
x10 <- 0xAAAAAAAAAAAAAAAA
mem[X,0x000000008001CCC4] -> 0xB5B7
mem[X,0x000000008001CCC6] -> 0xAAAA
[3174] [M]: 0x000000008001CCC4 (0xAAAAB5B7) lui a1, 699051
x11 <- 0xFFFFFFFFAAAAB000
mem[X,0x000000008001CCC8] -> 0x8593
mem[X,0x000000008001CCCA] -> 0xAAA5
[3175] [M]: 0x000000008001CCC8 (0xAAA58593) addi a1, a1, 2730
x11 <- 0xFFFFFFFFAAAAAAAA
mem[X,0x000000008001CCCC] -> 0x9593
mem[X,0x000000008001CCCE] -> 0x00B5
[3176] [M]: 0x000000008001CCCC (0x00B59593) slli a1, a1, 11
x11 <- 0xFFFFFD5555555000
mem[X,0x000000008001CCD0] -> 0x8593
mem[X,0x000000008001CCD2] -> 0x5555
[3177] [M]: 0x000000008001CCD0 (0x55558593) addi a1, a1, 1365
x11 <- 0xFFFFFD5555555555
mem[X,0x000000008001CCD4] -> 0x9593
mem[X,0x000000008001CCD6] -> 0x00B5
[3178] [M]: 0x000000008001CCD4 (0x00B59593) slli a1, a1, 11
x11 <- 0xFFEAAAAAAAAAA800
mem[X,0x000000008001CCD8] -> 0x8593
mem[X,0x000000008001CCDA] -> 0x2AA5
[3179] [M]: 0x000000008001CCD8 (0x2AA58593) addi a1, a1, 682
x11 <- 0xFFEAAAAAAAAAAAAA
mem[X,0x000000008001CCDC] -> 0x9593
mem[X,0x000000008001CCDE] -> 0x00A5
[3180] [M]: 0x000000008001CCDC (0x00A59593) slli a1, a1, 10
x11 <- 0xAAAAAAAAAAAAA800
mem[X,0x000000008001CCE0] -> 0x8593
mem[X,0x000000008001CCE2] -> 0x2AA5
[3181] [M]: 0x000000008001CCE0 (0x2AA58593) addi a1, a1, 682
x11 <- 0xAAAAAAAAAAAAAAAA
mem[X,0x000000008001CCE4] -> 0x0213
mem[X,0x000000008001CCE6] -> 0x0000
[3182] [M]: 0x000000008001CCE4 (0x00000213) addi tp, zero, 0
x4 <- 0x0000000000000000
mem[X,0x000000008001CCE8] -> 0x006F
mem[X,0x000000008001CCEA] -> 0x00C0
[3183] [M]: 0x000000008001CCE8 (0x00C0006F) jal zero, 12
mem[X,0x000000008001CCF4] -> 0x0063
mem[X,0x000000008001CCF6] -> 0x04B5
[3184] [M]: 0x000000008001CCF4 (0x04B50063) beq a0, a1, 64
mem[X,0x000000008001CD34] -> 0x0213
mem[X,0x000000008001CD36] -> 0x0032
[3185] [M]: 0x000000008001CD34 (0x00320213) addi tp, tp, 3
x4 <- 0x0000000000000003
mem[X,0x000000008001CD38] -> 0x006F
mem[X,0x000000008001CD3A] -> 0x0040
[3186] [M]: 0x000000008001CD38 (0x0040006F) jal zero, 4
mem[X,0x000000008001CD3C] -> 0x3823
mem[X,0x000000008001CD3E] -> 0x6C41
[3187] [M]: 0x000000008001CD3C (0x6C413823) sd tp, 1744(sp)
mem[0x0000000080049898] <- 0x0000000000000003
mem[X,0x000000008001CD40] -> 0xB537
mem[X,0x000000008001CD42] -> 0xAAAA
[3188] [M]: 0x000000008001CD40 (0xAAAAB537) lui a0, 699051
x10 <- 0xFFFFFFFFAAAAB000
mem[X,0x000000008001CD44] -> 0x0513
mem[X,0x000000008001CD46] -> 0xAAA5
[3189] [M]: 0x000000008001CD44 (0xAAA50513) addi a0, a0, 2730
x10 <- 0xFFFFFFFFAAAAAAAA
mem[X,0x000000008001CD48] -> 0x1513
mem[X,0x000000008001CD4A] -> 0x00B5
[3190] [M]: 0x000000008001CD48 (0x00B51513) slli a0, a0, 11
x10 <- 0xFFFFFD5555555000
mem[X,0x000000008001CD4C] -> 0x0513
mem[X,0x000000008001CD4E] -> 0x5555
[3191] [M]: 0x000000008001CD4C (0x55550513) addi a0, a0, 1365
x10 <- 0xFFFFFD5555555555
mem[X,0x000000008001CD50] -> 0x1513
mem[X,0x000000008001CD52] -> 0x00B5
[3192] [M]: 0x000000008001CD50 (0x00B51513) slli a0, a0, 11
x10 <- 0xFFEAAAAAAAAAA800
mem[X,0x000000008001CD54] -> 0x0513
mem[X,0x000000008001CD56] -> 0x2AA5
[3193] [M]: 0x000000008001CD54 (0x2AA50513) addi a0, a0, 682
x10 <- 0xFFEAAAAAAAAAAAAA
mem[X,0x000000008001CD58] -> 0x1513
mem[X,0x000000008001CD5A] -> 0x00A5
[3194] [M]: 0x000000008001CD58 (0x00A51513) slli a0, a0, 10
x10 <- 0xAAAAAAAAAAAAA800
mem[X,0x000000008001CD5C] -> 0x0513
mem[X,0x000000008001CD5E] -> 0x2AA5
[3195] [M]: 0x000000008001CD5C (0x2AA50513) addi a0, a0, 682
x10 <- 0xAAAAAAAAAAAAAAAA
mem[X,0x000000008001CD60] -> 0x0593
mem[X,0x000000008001CD62] -> 0x0050
[3196] [M]: 0x000000008001CD60 (0x00500593) addi a1, zero, 5
x11 <- 0x0000000000000005
mem[X,0x000000008001CD64] -> 0x0213
mem[X,0x000000008001CD66] -> 0x0000
[3197] [M]: 0x000000008001CD64 (0x00000213) addi tp, zero, 0
x4 <- 0x0000000000000000
mem[X,0x000000008001CD68] -> 0x006F
mem[X,0x000000008001CD6A] -> 0x2B10
[3198] [M]: 0x000000008001CD68 (0x2B10006F) jal zero, 2736
mem[X,0x000000008001D818] -> 0x0A63
mem[X,0x000000008001D81A] -> 0xD4B5
[3199] [M]: 0x000000008001D818 (0xD4B50A63) beq a0, a1, 5460
clint::tick mtime <- 0x0000000000000020
 clint timer pending at mtime 0x0000000000000020
htif::tick 0x0000000000000000
mem[X,0x000000008001D81C] -> 0x0213
mem[X,0x000000008001D81E] -> 0x0022
[3200] [M]: 0x000000008001D81C (0x00220213) addi tp, tp, 2
x4 <- 0x0000000000000002
mem[X,0x000000008001D820] -> 0x006F
mem[X,0x000000008001D822] -> 0x00C0
[3201] [M]: 0x000000008001D820 (0x00C0006F) jal zero, 12
mem[X,0x000000008001D82C] -> 0x3C23
mem[X,0x000000008001D82E] -> 0x6C41
[3202] [M]: 0x000000008001D82C (0x6C413C23) sd tp, 1752(sp)
mem[0x00000000800498A0] <- 0x0000000000000002
mem[X,0x000000008001D830] -> 0xB537
mem[X,0x000000008001D832] -> 0xAAAA
[3203] [M]: 0x000000008001D830 (0xAAAAB537) lui a0, 699051
x10 <- 0xFFFFFFFFAAAAB000
mem[X,0x000000008001D834] -> 0x0513
mem[X,0x000000008001D836] -> 0xAAA5
[3204] [M]: 0x000000008001D834 (0xAAA50513) addi a0, a0, 2730
x10 <- 0xFFFFFFFFAAAAAAAA
mem[X,0x000000008001D838] -> 0x1513
mem[X,0x000000008001D83A] -> 0x00B5
[3205] [M]: 0x000000008001D838 (0x00B51513) slli a0, a0, 11
x10 <- 0xFFFFFD5555555000
mem[X,0x000000008001D83C] -> 0x0513
mem[X,0x000000008001D83E] -> 0x5555
[3206] [M]: 0x000000008001D83C (0x55550513) addi a0, a0, 1365
x10 <- 0xFFFFFD5555555555
mem[X,0x000000008001D840] -> 0x1513
mem[X,0x000000008001D842] -> 0x00B5
[3207] [M]: 0x000000008001D840 (0x00B51513) slli a0, a0, 11
x10 <- 0xFFEAAAAAAAAAA800
mem[X,0x000000008001D844] -> 0x0513
mem[X,0x000000008001D846] -> 0x2AA5
[3208] [M]: 0x000000008001D844 (0x2AA50513) addi a0, a0, 682
x10 <- 0xFFEAAAAAAAAAAAAA
mem[X,0x000000008001D848] -> 0x1513
mem[X,0x000000008001D84A] -> 0x00A5
[3209] [M]: 0x000000008001D848 (0x00A51513) slli a0, a0, 10
x10 <- 0xAAAAAAAAAAAAA800
mem[X,0x000000008001D84C] -> 0x0513
mem[X,0x000000008001D84E] -> 0x2AA5
[3210] [M]: 0x000000008001D84C (0x2AA50513) addi a0, a0, 682
x10 <- 0xAAAAAAAAAAAAAAAA
mem[X,0x000000008001D850] -> 0x35B7
mem[X,0x000000008001D852] -> 0x3333
[3211] [M]: 0x000000008001D850 (0x333335B7) lui a1, 209715
x11 <- 0x0000000033333000
mem[X,0x000000008001D854] -> 0x8593
mem[X,0x000000008001D856] -> 0x3335
[3212] [M]: 0x000000008001D854 (0x33358593) addi a1, a1, 819
x11 <- 0x0000000033333333
mem[X,0x000000008001D858] -> 0x9593
mem[X,0x000000008001D85A] -> 0x00B5
[3213] [M]: 0x000000008001D858 (0x00B59593) slli a1, a1, 11
x11 <- 0x0000019999999800
mem[X,0x000000008001D85C] -> 0x8593
mem[X,0x000000008001D85E] -> 0x1995
[3214] [M]: 0x000000008001D85C (0x19958593) addi a1, a1, 409
x11 <- 0x0000019999999999
mem[X,0x000000008001D860] -> 0x9593
mem[X,0x000000008001D862] -> 0x00B5
[3215] [M]: 0x000000008001D860 (0x00B59593) slli a1, a1, 11
x11 <- 0x000CCCCCCCCCC800
mem[X,0x000000008001D864] -> 0x8593
mem[X,0x000000008001D866] -> 0x4CC5
[3216] [M]: 0x000000008001D864 (0x4CC58593) addi a1, a1, 1228
x11 <- 0x000CCCCCCCCCCCCC
mem[X,0x000000008001D868] -> 0x9593
mem[X,0x000000008001D86A] -> 0x00A5
[3217] [M]: 0x000000008001D868 (0x00A59593) slli a1, a1, 10
x11 <- 0x3333333333333000
mem[X,0x000000008001D86C] -> 0x8593
mem[X,0x000000008001D86E] -> 0x3335
[3218] [M]: 0x000000008001D86C (0x33358593) addi a1, a1, 819
x11 <- 0x3333333333333333
mem[X,0x000000008001D870] -> 0x0213
mem[X,0x000000008001D872] -> 0x0000
[3219] [M]: 0x000000008001D870 (0x00000213) addi tp, zero, 0
x4 <- 0x0000000000000000
mem[X,0x000000008001D874] -> 0x006F
mem[X,0x000000008001D876] -> 0x00C0
[3220] [M]: 0x000000008001D874 (0x00C0006F) jal zero, 12
mem[X,0x000000008001D880] -> 0x0CE3
mem[X,0x000000008001D882] -> 0xFEB5
[3221] [M]: 0x000000008001D880 (0xFEB50CE3) beq a0, a1, 8184
mem[X,0x000000008001D884] -> 0x0213
mem[X,0x000000008001D886] -> 0x0022
[3222] [M]: 0x000000008001D884 (0x00220213) addi tp, tp, 2
x4 <- 0x0000000000000002
mem[X,0x000000008001D888] -> 0x006F
mem[X,0x000000008001D88A] -> 0x00C0
[3223] [M]: 0x000000008001D888 (0x00C0006F) jal zero, 12
mem[X,0x000000008001D894] -> 0x3023
mem[X,0x000000008001D896] -> 0x6E41
[3224] [M]: 0x000000008001D894 (0x6E413023) sd tp, 1760(sp)
mem[0x00000000800498A8] <- 0x0000000000000002
mem[X,0x000000008001D898] -> 0xB537
mem[X,0x000000008001D89A] -> 0xAAAA
[3225] [M]: 0x000000008001D898 (0xAAAAB537) lui a0, 699051
x10 <- 0xFFFFFFFFAAAAB000
mem[X,0x000000008001D89C] -> 0x0513
mem[X,0x000000008001D89E] -> 0xAAA5
[3226] [M]: 0x000000008001D89C (0xAAA50513) addi a0, a0, 2730
x10 <- 0xFFFFFFFFAAAAAAAA
mem[X,0x000000008001D8A0] -> 0x1513
mem[X,0x000000008001D8A2] -> 0x00B5
[3227] [M]: 0x000000008001D8A0 (0x00B51513) slli a0, a0, 11
x10 <- 0xFFFFFD5555555000
mem[X,0x000000008001D8A4] -> 0x0513
mem[X,0x000000008001D8A6] -> 0x5555
[3228] [M]: 0x000000008001D8A4 (0x55550513) addi a0, a0, 1365
x10 <- 0xFFFFFD5555555555
mem[X,0x000000008001D8A8] -> 0x1513
mem[X,0x000000008001D8AA] -> 0x00B5
[3229] [M]: 0x000000008001D8A8 (0x00B51513) slli a0, a0, 11
x10 <- 0xFFEAAAAAAAAAA800
mem[X,0x000000008001D8AC] -> 0x0513
mem[X,0x000000008001D8AE] -> 0x2AA5
[3230] [M]: 0x000000008001D8AC (0x2AA50513) addi a0, a0, 682
x10 <- 0xFFEAAAAAAAAAAAAA
mem[X,0x000000008001D8B0] -> 0x1513
mem[X,0x000000008001D8B2] -> 0x00A5
[3231] [M]: 0x000000008001D8B0 (0x00A51513) slli a0, a0, 10
x10 <- 0xAAAAAAAAAAAAA800
mem[X,0x000000008001D8B4] -> 0x0513
mem[X,0x000000008001D8B6] -> 0x2AA5
[3232] [M]: 0x000000008001D8B4 (0x2AA50513) addi a0, a0, 682
x10 <- 0xAAAAAAAAAAAAAAAA
mem[X,0x000000008001D8B8] -> 0x65B7
mem[X,0x000000008001D8BA] -> 0x6666
[3233] [M]: 0x000000008001D8B8 (0x666665B7) lui a1, 419430
x11 <- 0x0000000066666000
mem[X,0x000000008001D8BC] -> 0x8593
mem[X,0x000000008001D8BE] -> 0x6665
[3234] [M]: 0x000000008001D8BC (0x66658593) addi a1, a1, 1638
x11 <- 0x0000000066666666
mem[X,0x000000008001D8C0] -> 0x9593
mem[X,0x000000008001D8C2] -> 0x00B5
[3235] [M]: 0x000000008001D8C0 (0x00B59593) slli a1, a1, 11
x11 <- 0x0000033333333000
mem[X,0x000000008001D8C4] -> 0x8593
mem[X,0x000000008001D8C6] -> 0x3335
[3236] [M]: 0x000000008001D8C4 (0x33358593) addi a1, a1, 819
x11 <- 0x0000033333333333
mem[X,0x000000008001D8C8] -> 0x9593
mem[X,0x000000008001D8CA] -> 0x00B5
[3237] [M]: 0x000000008001D8C8 (0x00B59593) slli a1, a1, 11
x11 <- 0x0019999999999800
mem[X,0x000000008001D8CC] -> 0x8593
mem[X,0x000000008001D8CE] -> 0x1995
[3238] [M]: 0x000000008001D8CC (0x19958593) addi a1, a1, 409
x11 <- 0x0019999999999999
mem[X,0x000000008001D8D0] -> 0x9593
mem[X,0x000000008001D8D2] -> 0x00A5
[3239] [M]: 0x000000008001D8D0 (0x00A59593) slli a1, a1, 10
x11 <- 0x6666666666666400
mem[X,0x000000008001D8D4] -> 0x8593
mem[X,0x000000008001D8D6] -> 0x2665
[3240] [M]: 0x000000008001D8D4 (0x26658593) addi a1, a1, 614
x11 <- 0x6666666666666666
mem[X,0x000000008001D8D8] -> 0x0213
mem[X,0x000000008001D8DA] -> 0x0000
[3241] [M]: 0x000000008001D8D8 (0x00000213) addi tp, zero, 0
x4 <- 0x0000000000000000
mem[X,0x000000008001D8DC] -> 0x006F
mem[X,0x000000008001D8DE] -> 0x00C0
[3242] [M]: 0x000000008001D8DC (0x00C0006F) jal zero, 12
mem[X,0x000000008001D8E8] -> 0x0063
mem[X,0x000000008001D8EA] -> 0x02B5
[3243] [M]: 0x000000008001D8E8 (0x02B50063) beq a0, a1, 32
mem[X,0x000000008001D8EC] -> 0x0213
mem[X,0x000000008001D8EE] -> 0x0022
[3244] [M]: 0x000000008001D8EC (0x00220213) addi tp, tp, 2
x4 <- 0x0000000000000002
mem[X,0x000000008001D8F0] -> 0x006F
mem[X,0x000000008001D8F2] -> 0x0200
[3245] [M]: 0x000000008001D8F0 (0x0200006F) jal zero, 32
mem[X,0x000000008001D910] -> 0x3423
mem[X,0x000000008001D912] -> 0x6E41
[3246] [M]: 0x000000008001D910 (0x6E413423) sd tp, 1768(sp)
mem[0x00000000800498B0] <- 0x0000000000000002
mem[X,0x000000008001D914] -> 0xB537
mem[X,0x000000008001D916] -> 0xAAAA
[3247] [M]: 0x000000008001D914 (0xAAAAB537) lui a0, 699051
x10 <- 0xFFFFFFFFAAAAB000
mem[X,0x000000008001D918] -> 0x0513
mem[X,0x000000008001D91A] -> 0xAAA5
[3248] [M]: 0x000000008001D918 (0xAAA50513) addi a0, a0, 2730
x10 <- 0xFFFFFFFFAAAAAAAA
mem[X,0x000000008001D91C] -> 0x1513
mem[X,0x000000008001D91E] -> 0x00B5
[3249] [M]: 0x000000008001D91C (0x00B51513) slli a0, a0, 11
x10 <- 0xFFFFFD5555555000
mem[X,0x000000008001D920] -> 0x0513
mem[X,0x000000008001D922] -> 0x5555
[3250] [M]: 0x000000008001D920 (0x55550513) addi a0, a0, 1365
x10 <- 0xFFFFFD5555555555
mem[X,0x000000008001D924] -> 0x1513
mem[X,0x000000008001D926] -> 0x00B5
[3251] [M]: 0x000000008001D924 (0x00B51513) slli a0, a0, 11
x10 <- 0xFFEAAAAAAAAAA800
mem[X,0x000000008001D928] -> 0x0513
mem[X,0x000000008001D92A] -> 0x2AA5
[3252] [M]: 0x000000008001D928 (0x2AA50513) addi a0, a0, 682
x10 <- 0xFFEAAAAAAAAAAAAA
mem[X,0x000000008001D92C] -> 0x1513
mem[X,0x000000008001D92E] -> 0x00A5
[3253] [M]: 0x000000008001D92C (0x00A51513) slli a0, a0, 10
x10 <- 0xAAAAAAAAAAAAA800
mem[X,0x000000008001D930] -> 0x0513
mem[X,0x000000008001D932] -> 0x2AA5
[3254] [M]: 0x000000008001D930 (0x2AA50513) addi a0, a0, 682
x10 <- 0xAAAAAAAAAAAAAAAA
mem[X,0x000000008001D934] -> 0x05B7
mem[X,0x000000008001D936] -> 0x0000
[3255] [M]: 0x000000008001D934 (0x000005B7) lui a1, 0
x11 <- 0x0000000000000000
mem[X,0x000000008001D938] -> 0x8593
mem[X,0x000000008001D93A] -> 0xFFF5
[3256] [M]: 0x000000008001D938 (0xFFF58593) addi a1, a1, 4095
x11 <- 0xFFFFFFFFFFFFFFFF
mem[X,0x000000008001D93C] -> 0x9593
mem[X,0x000000008001D93E] -> 0x00B5
[3257] [M]: 0x000000008001D93C (0x00B59593) slli a1, a1, 11
x11 <- 0xFFFFFFFFFFFFF800
mem[X,0x000000008001D940] -> 0x8593
mem[X,0x000000008001D942] -> 0x2575
[3258] [M]: 0x000000008001D940 (0x25758593) addi a1, a1, 599
x11 <- 0xFFFFFFFFFFFFFA57
mem[X,0x000000008001D944] -> 0x9593
mem[X,0x000000008001D946] -> 0x00B5
[3259] [M]: 0x000000008001D944 (0x00B59593) slli a1, a1, 11
x11 <- 0xFFFFFFFFFFD2B800
mem[X,0x000000008001D948] -> 0x8593
mem[X,0x000000008001D94A] -> 0x6C35
[3260] [M]: 0x000000008001D948 (0x6C358593) addi a1, a1, 1731
x11 <- 0xFFFFFFFFFFD2BEC3
mem[X,0x000000008001D94C] -> 0x9593
mem[X,0x000000008001D94E] -> 0x00A5
[3261] [M]: 0x000000008001D94C (0x00A59593) slli a1, a1, 10
x11 <- 0xFFFFFFFF4AFB0C00
mem[X,0x000000008001D950] -> 0x8593
mem[X,0x000000008001D952] -> 0x0CD5
[3262] [M]: 0x000000008001D950 (0x0CD58593) addi a1, a1, 205
x11 <- 0xFFFFFFFF4AFB0CCD
mem[X,0x000000008001D954] -> 0x0213
mem[X,0x000000008001D956] -> 0x0000
[3263] [M]: 0x000000008001D954 (0x00000213) addi tp, zero, 0
x4 <- 0x0000000000000000
mem[X,0x000000008001D958] -> 0x006F
mem[X,0x000000008001D95A] -> 0x0100
[3264] [M]: 0x000000008001D958 (0x0100006F) jal zero, 16
mem[X,0x000000008001D968] -> 0x0AE3
mem[X,0x000000008001D96A] -> 0xFEB5
[3265] [M]: 0x000000008001D968 (0xFEB50AE3) beq a0, a1, 8180
mem[X,0x000000008001D96C] -> 0x0213
mem[X,0x000000008001D96E] -> 0x0022
[3266] [M]: 0x000000008001D96C (0x00220213) addi tp, tp, 2
x4 <- 0x0000000000000002
mem[X,0x000000008001D970] -> 0x006F
mem[X,0x000000008001D972] -> 0x00C0
[3267] [M]: 0x000000008001D970 (0x00C0006F) jal zero, 12
mem[X,0x000000008001D97C] -> 0x3823
mem[X,0x000000008001D97E] -> 0x6E41
[3268] [M]: 0x000000008001D97C (0x6E413823) sd tp, 1776(sp)
mem[0x00000000800498B8] <- 0x0000000000000002
mem[X,0x000000008001D980] -> 0xB537
mem[X,0x000000008001D982] -> 0xAAAA
[3269] [M]: 0x000000008001D980 (0xAAAAB537) lui a0, 699051
x10 <- 0xFFFFFFFFAAAAB000
mem[X,0x000000008001D984] -> 0x0513
mem[X,0x000000008001D986] -> 0xAAA5
[3270] [M]: 0x000000008001D984 (0xAAA50513) addi a0, a0, 2730
x10 <- 0xFFFFFFFFAAAAAAAA
mem[X,0x000000008001D988] -> 0x1513
mem[X,0x000000008001D98A] -> 0x00B5
[3271] [M]: 0x000000008001D988 (0x00B51513) slli a0, a0, 11
x10 <- 0xFFFFFD5555555000
mem[X,0x000000008001D98C] -> 0x0513
mem[X,0x000000008001D98E] -> 0x5555
[3272] [M]: 0x000000008001D98C (0x55550513) addi a0, a0, 1365
x10 <- 0xFFFFFD5555555555
mem[X,0x000000008001D990] -> 0x1513
mem[X,0x000000008001D992] -> 0x00B5
[3273] [M]: 0x000000008001D990 (0x00B51513) slli a0, a0, 11
x10 <- 0xFFEAAAAAAAAAA800
mem[X,0x000000008001D994] -> 0x0513
mem[X,0x000000008001D996] -> 0x2AA5
[3274] [M]: 0x000000008001D994 (0x2AA50513) addi a0, a0, 682
x10 <- 0xFFEAAAAAAAAAAAAA
mem[X,0x000000008001D998] -> 0x1513
mem[X,0x000000008001D99A] -> 0x00A5
[3275] [M]: 0x000000008001D998 (0x00A51513) slli a0, a0, 10
x10 <- 0xAAAAAAAAAAAAA800
mem[X,0x000000008001D99C] -> 0x0513
mem[X,0x000000008001D99E] -> 0x2AA5
[3276] [M]: 0x000000008001D99C (0x2AA50513) addi a0, a0, 682
x10 <- 0xAAAAAAAAAAAAAAAA
mem[X,0x000000008001D9A0] -> 0x05B7
mem[X,0x000000008001D9A2] -> 0x0000
[3277] [M]: 0x000000008001D9A0 (0x000005B7) lui a1, 0
x11 <- 0x0000000000000000
mem[X,0x000000008001D9A4] -> 0x8593
mem[X,0x000000008001D9A6] -> 0x0005
[3278] [M]: 0x000000008001D9A4 (0x00058593) addi a1, a1, 0
x11 <- 0x0000000000000000
mem[X,0x000000008001D9A8] -> 0x9593
mem[X,0x000000008001D9AA] -> 0x00B5
[3279] [M]: 0x000000008001D9A8 (0x00B59593) slli a1, a1, 11
x11 <- 0x0000000000000000
mem[X,0x000000008001D9AC] -> 0x8593
mem[X,0x000000008001D9AE] -> 0x5A85
[3280] [M]: 0x000000008001D9AC (0x5A858593) addi a1, a1, 1448
x11 <- 0x00000000000005A8
mem[X,0x000000008001D9B0] -> 0x9593
mem[X,0x000000008001D9B2] -> 0x00B5
[3281] [M]: 0x000000008001D9B0 (0x00B59593) slli a1, a1, 11
x11 <- 0x00000000002D4000
mem[X,0x000000008001D9B4] -> 0x8593
mem[X,0x000000008001D9B6] -> 0x13C5
[3282] [M]: 0x000000008001D9B4 (0x13C58593) addi a1, a1, 316
x11 <- 0x00000000002D413C
mem[X,0x000000008001D9B8] -> 0x9593
mem[X,0x000000008001D9BA] -> 0x00A5
[3283] [M]: 0x000000008001D9B8 (0x00A59593) slli a1, a1, 10
x11 <- 0x00000000B504F000
mem[X,0x000000008001D9BC] -> 0x8593
mem[X,0x000000008001D9BE] -> 0x3335
[3284] [M]: 0x000000008001D9BC (0x33358593) addi a1, a1, 819
x11 <- 0x00000000B504F333
mem[X,0x000000008001D9C0] -> 0x0213
mem[X,0x000000008001D9C2] -> 0x0000
[3285] [M]: 0x000000008001D9C0 (0x00000213) addi tp, zero, 0
x4 <- 0x0000000000000000
mem[X,0x000000008001D9C4] -> 0x006F
mem[X,0x000000008001D9C6] -> 0x00C0
[3286] [M]: 0x000000008001D9C4 (0x00C0006F) jal zero, 12
mem[X,0x000000008001D9D0] -> 0x0063
mem[X,0x000000008001D9D2] -> 0x08B5
[3287] [M]: 0x000000008001D9D0 (0x08B50063) beq a0, a1, 128
mem[X,0x000000008001D9D4] -> 0x0213
mem[X,0x000000008001D9D6] -> 0x0022
[3288] [M]: 0x000000008001D9D4 (0x00220213) addi tp, tp, 2
x4 <- 0x0000000000000002
mem[X,0x000000008001D9D8] -> 0x006F
mem[X,0x000000008001D9DA] -> 0x0800
[3289] [M]: 0x000000008001D9D8 (0x0800006F) jal zero, 128
mem[X,0x000000008001DA58] -> 0x3C23
mem[X,0x000000008001DA5A] -> 0x6E41
[3290] [M]: 0x000000008001DA58 (0x6E413C23) sd tp, 1784(sp)
mem[0x00000000800498C0] <- 0x0000000000000002
mem[X,0x000000008001DA5C] -> 0xB537
mem[X,0x000000008001DA5E] -> 0xAAAA
[3291] [M]: 0x000000008001DA5C (0xAAAAB537) lui a0, 699051
x10 <- 0xFFFFFFFFAAAAB000
mem[X,0x000000008001DA60] -> 0x0513
mem[X,0x000000008001DA62] -> 0xAAA5
[3292] [M]: 0x000000008001DA60 (0xAAA50513) addi a0, a0, 2730
x10 <- 0xFFFFFFFFAAAAAAAA
mem[X,0x000000008001DA64] -> 0x1513
mem[X,0x000000008001DA66] -> 0x00B5
[3293] [M]: 0x000000008001DA64 (0x00B51513) slli a0, a0, 11
x10 <- 0xFFFFFD5555555000
mem[X,0x000000008001DA68] -> 0x0513
mem[X,0x000000008001DA6A] -> 0x5555
[3294] [M]: 0x000000008001DA68 (0x55550513) addi a0, a0, 1365
x10 <- 0xFFFFFD5555555555
mem[X,0x000000008001DA6C] -> 0x1513
mem[X,0x000000008001DA6E] -> 0x00B5
[3295] [M]: 0x000000008001DA6C (0x00B51513) slli a0, a0, 11
x10 <- 0xFFEAAAAAAAAAA800
mem[X,0x000000008001DA70] -> 0x0513
mem[X,0x000000008001DA72] -> 0x2AA5
[3296] [M]: 0x000000008001DA70 (0x2AA50513) addi a0, a0, 682
x10 <- 0xFFEAAAAAAAAAAAAA
mem[X,0x000000008001DA74] -> 0x1513
mem[X,0x000000008001DA76] -> 0x00A5
[3297] [M]: 0x000000008001DA74 (0x00A51513) slli a0, a0, 10
x10 <- 0xAAAAAAAAAAAAA800
mem[X,0x000000008001DA78] -> 0x0513
mem[X,0x000000008001DA7A] -> 0x2AA5
[3298] [M]: 0x000000008001DA78 (0x2AA50513) addi a0, a0, 682
x10 <- 0xAAAAAAAAAAAAAAAA
mem[X,0x000000008001DA7C] -> 0x0593
mem[X,0x000000008001DA7E] -> 0x0020
[3299] [M]: 0x000000008001DA7C (0x00200593) addi a1, zero, 2
x11 <- 0x0000000000000002
clint::tick mtime <- 0x0000000000000021
 clint timer pending at mtime 0x0000000000000021
htif::tick 0x0000000000000000
mem[X,0x000000008001DA80] -> 0x0213
mem[X,0x000000008001DA82] -> 0x0000
[3300] [M]: 0x000000008001DA80 (0x00000213) addi tp, zero, 0
x4 <- 0x0000000000000000
mem[X,0x000000008001DA84] -> 0x006F
mem[X,0x000000008001DA86] -> 0x00C0
[3301] [M]: 0x000000008001DA84 (0x00C0006F) jal zero, 12
mem[X,0x000000008001DA90] -> 0x0063
mem[X,0x000000008001DA92] -> 0x04B5
[3302] [M]: 0x000000008001DA90 (0x04B50063) beq a0, a1, 64
mem[X,0x000000008001DA94] -> 0x0213
mem[X,0x000000008001DA96] -> 0x0022
[3303] [M]: 0x000000008001DA94 (0x00220213) addi tp, tp, 2
x4 <- 0x0000000000000002
mem[X,0x000000008001DA98] -> 0x006F
mem[X,0x000000008001DA9A] -> 0x0400
[3304] [M]: 0x000000008001DA98 (0x0400006F) jal zero, 64
mem[X,0x000000008001DAD8] -> 0x3023
mem[X,0x000000008001DADA] -> 0x7041
[3305] [M]: 0x000000008001DAD8 (0x70413023) sd tp, 1792(sp)
mem[0x00000000800498C8] <- 0x0000000000000002
mem[X,0x000000008001DADC] -> 0xB537
mem[X,0x000000008001DADE] -> 0xAAAA
[3306] [M]: 0x000000008001DADC (0xAAAAB537) lui a0, 699051
x10 <- 0xFFFFFFFFAAAAB000
mem[X,0x000000008001DAE0] -> 0x0513
mem[X,0x000000008001DAE2] -> 0xAAA5
[3307] [M]: 0x000000008001DAE0 (0xAAA50513) addi a0, a0, 2730
x10 <- 0xFFFFFFFFAAAAAAAA
mem[X,0x000000008001DAE4] -> 0x1513
mem[X,0x000000008001DAE6] -> 0x00B5
[3308] [M]: 0x000000008001DAE4 (0x00B51513) slli a0, a0, 11
x10 <- 0xFFFFFD5555555000
mem[X,0x000000008001DAE8] -> 0x0513
mem[X,0x000000008001DAEA] -> 0x5555
[3309] [M]: 0x000000008001DAE8 (0x55550513) addi a0, a0, 1365
x10 <- 0xFFFFFD5555555555
mem[X,0x000000008001DAEC] -> 0x1513
mem[X,0x000000008001DAEE] -> 0x00B5
[3310] [M]: 0x000000008001DAEC (0x00B51513) slli a0, a0, 11
x10 <- 0xFFEAAAAAAAAAA800
mem[X,0x000000008001DAF0] -> 0x0513
mem[X,0x000000008001DAF2] -> 0x2AA5
[3311] [M]: 0x000000008001DAF0 (0x2AA50513) addi a0, a0, 682
x10 <- 0xFFEAAAAAAAAAAAAA
mem[X,0x000000008001DAF4] -> 0x1513
mem[X,0x000000008001DAF6] -> 0x00A5
[3312] [M]: 0x000000008001DAF4 (0x00A51513) slli a0, a0, 10
x10 <- 0xAAAAAAAAAAAAA800
mem[X,0x000000008001DAF8] -> 0x0513
mem[X,0x000000008001DAFA] -> 0x2AA5
[3313] [M]: 0x000000008001DAF8 (0x2AA50513) addi a0, a0, 682
x10 <- 0xAAAAAAAAAAAAAAAA
mem[X,0x000000008001DAFC] -> 0x55B7
mem[X,0x000000008001DAFE] -> 0x5555
[3314] [M]: 0x000000008001DAFC (0x555555B7) lui a1, 349525
x11 <- 0x0000000055555000
mem[X,0x000000008001DB00] -> 0x8593
mem[X,0x000000008001DB02] -> 0x5555
[3315] [M]: 0x000000008001DB00 (0x55558593) addi a1, a1, 1365
x11 <- 0x0000000055555555
mem[X,0x000000008001DB04] -> 0x9593
mem[X,0x000000008001DB06] -> 0x00B5
[3316] [M]: 0x000000008001DB04 (0x00B59593) slli a1, a1, 11
x11 <- 0x000002AAAAAAA800
mem[X,0x000000008001DB08] -> 0x8593
mem[X,0x000000008001DB0A] -> 0x2AA5
[3317] [M]: 0x000000008001DB08 (0x2AA58593) addi a1, a1, 682
x11 <- 0x000002AAAAAAAAAA
mem[X,0x000000008001DB0C] -> 0x9593
mem[X,0x000000008001DB0E] -> 0x00B5
[3318] [M]: 0x000000008001DB0C (0x00B59593) slli a1, a1, 11
x11 <- 0x0015555555555000
mem[X,0x000000008001DB10] -> 0x8593
mem[X,0x000000008001DB12] -> 0x5555
[3319] [M]: 0x000000008001DB10 (0x55558593) addi a1, a1, 1365
x11 <- 0x0015555555555555
mem[X,0x000000008001DB14] -> 0x9593
mem[X,0x000000008001DB16] -> 0x00A5
[3320] [M]: 0x000000008001DB14 (0x00A59593) slli a1, a1, 10
x11 <- 0x5555555555555400
mem[X,0x000000008001DB18] -> 0x8593
mem[X,0x000000008001DB1A] -> 0x1545
[3321] [M]: 0x000000008001DB18 (0x15458593) addi a1, a1, 340
x11 <- 0x5555555555555554
mem[X,0x000000008001DB1C] -> 0x0213
mem[X,0x000000008001DB1E] -> 0x0000
[3322] [M]: 0x000000008001DB1C (0x00000213) addi tp, zero, 0
x4 <- 0x0000000000000000
mem[X,0x000000008001DB20] -> 0x006F
mem[X,0x000000008001DB22] -> 0x0100
[3323] [M]: 0x000000008001DB20 (0x0100006F) jal zero, 16
mem[X,0x000000008001DB30] -> 0x0AE3
mem[X,0x000000008001DB32] -> 0xFEB5
[3324] [M]: 0x000000008001DB30 (0xFEB50AE3) beq a0, a1, 8180
mem[X,0x000000008001DB34] -> 0x0213
mem[X,0x000000008001DB36] -> 0x0022
[3325] [M]: 0x000000008001DB34 (0x00220213) addi tp, tp, 2
x4 <- 0x0000000000000002
mem[X,0x000000008001DB38] -> 0x006F
mem[X,0x000000008001DB3A] -> 0x00C0
[3326] [M]: 0x000000008001DB38 (0x00C0006F) jal zero, 12
mem[X,0x000000008001DB44] -> 0x3423
mem[X,0x000000008001DB46] -> 0x7041
[3327] [M]: 0x000000008001DB44 (0x70413423) sd tp, 1800(sp)
mem[0x00000000800498D0] <- 0x0000000000000002
mem[X,0x000000008001DB48] -> 0xB537
mem[X,0x000000008001DB4A] -> 0xAAAA
[3328] [M]: 0x000000008001DB48 (0xAAAAB537) lui a0, 699051
x10 <- 0xFFFFFFFFAAAAB000
mem[X,0x000000008001DB4C] -> 0x0513
mem[X,0x000000008001DB4E] -> 0xAAA5
[3329] [M]: 0x000000008001DB4C (0xAAA50513) addi a0, a0, 2730
x10 <- 0xFFFFFFFFAAAAAAAA
mem[X,0x000000008001DB50] -> 0x1513
mem[X,0x000000008001DB52] -> 0x00B5
[3330] [M]: 0x000000008001DB50 (0x00B51513) slli a0, a0, 11
x10 <- 0xFFFFFD5555555000
mem[X,0x000000008001DB54] -> 0x0513
mem[X,0x000000008001DB56] -> 0x5555
[3331] [M]: 0x000000008001DB54 (0x55550513) addi a0, a0, 1365
x10 <- 0xFFFFFD5555555555
mem[X,0x000000008001DB58] -> 0x1513
mem[X,0x000000008001DB5A] -> 0x00B5
[3332] [M]: 0x000000008001DB58 (0x00B51513) slli a0, a0, 11
x10 <- 0xFFEAAAAAAAAAA800
mem[X,0x000000008001DB5C] -> 0x0513
mem[X,0x000000008001DB5E] -> 0x2AA5
[3333] [M]: 0x000000008001DB5C (0x2AA50513) addi a0, a0, 682
x10 <- 0xFFEAAAAAAAAAAAAA
mem[X,0x000000008001DB60] -> 0x1513
mem[X,0x000000008001DB62] -> 0x00A5
[3334] [M]: 0x000000008001DB60 (0x00A51513) slli a0, a0, 10
x10 <- 0xAAAAAAAAAAAAA800
mem[X,0x000000008001DB64] -> 0x0513
mem[X,0x000000008001DB66] -> 0x2AA5
[3335] [M]: 0x000000008001DB64 (0x2AA50513) addi a0, a0, 682
x10 <- 0xAAAAAAAAAAAAAAAA
mem[X,0x000000008001DB68] -> 0x0593
mem[X,0x000000008001DB6A] -> 0x0000
[3336] [M]: 0x000000008001DB68 (0x00000593) addi a1, zero, 0
x11 <- 0x0000000000000000
mem[X,0x000000008001DB6C] -> 0x0213
mem[X,0x000000008001DB6E] -> 0x0000
[3337] [M]: 0x000000008001DB6C (0x00000213) addi tp, zero, 0
x4 <- 0x0000000000000000
mem[X,0x000000008001DB70] -> 0x006F
mem[X,0x000000008001DB72] -> 0x0100
[3338] [M]: 0x000000008001DB70 (0x0100006F) jal zero, 16
mem[X,0x000000008001DB80] -> 0x0AE3
mem[X,0x000000008001DB82] -> 0xFEB5
[3339] [M]: 0x000000008001DB80 (0xFEB50AE3) beq a0, a1, 8180
mem[X,0x000000008001DB84] -> 0x0213
mem[X,0x000000008001DB86] -> 0x0022
[3340] [M]: 0x000000008001DB84 (0x00220213) addi tp, tp, 2
x4 <- 0x0000000000000002
mem[X,0x000000008001DB88] -> 0x006F
mem[X,0x000000008001DB8A] -> 0x00C0
[3341] [M]: 0x000000008001DB88 (0x00C0006F) jal zero, 12
mem[X,0x000000008001DB94] -> 0x3823
mem[X,0x000000008001DB96] -> 0x7041
[3342] [M]: 0x000000008001DB94 (0x70413823) sd tp, 1808(sp)
mem[0x00000000800498D8] <- 0x0000000000000002
mem[X,0x000000008001DB98] -> 0xB537
mem[X,0x000000008001DB9A] -> 0xAAAA
[3343] [M]: 0x000000008001DB98 (0xAAAAB537) lui a0, 699051
x10 <- 0xFFFFFFFFAAAAB000
mem[X,0x000000008001DB9C] -> 0x0513
mem[X,0x000000008001DB9E] -> 0xAAA5
[3344] [M]: 0x000000008001DB9C (0xAAA50513) addi a0, a0, 2730
x10 <- 0xFFFFFFFFAAAAAAAA
mem[X,0x000000008001DBA0] -> 0x1513
mem[X,0x000000008001DBA2] -> 0x00B5
[3345] [M]: 0x000000008001DBA0 (0x00B51513) slli a0, a0, 11
x10 <- 0xFFFFFD5555555000
mem[X,0x000000008001DBA4] -> 0x0513
mem[X,0x000000008001DBA6] -> 0x5555
[3346] [M]: 0x000000008001DBA4 (0x55550513) addi a0, a0, 1365
x10 <- 0xFFFFFD5555555555
mem[X,0x000000008001DBA8] -> 0x1513
mem[X,0x000000008001DBAA] -> 0x00B5
[3347] [M]: 0x000000008001DBA8 (0x00B51513) slli a0, a0, 11
x10 <- 0xFFEAAAAAAAAAA800
mem[X,0x000000008001DBAC] -> 0x0513
mem[X,0x000000008001DBAE] -> 0x2AA5
[3348] [M]: 0x000000008001DBAC (0x2AA50513) addi a0, a0, 682
x10 <- 0xFFEAAAAAAAAAAAAA
mem[X,0x000000008001DBB0] -> 0x1513
mem[X,0x000000008001DBB2] -> 0x00A5
[3349] [M]: 0x000000008001DBB0 (0x00A51513) slli a0, a0, 10
x10 <- 0xAAAAAAAAAAAAA800
mem[X,0x000000008001DBB4] -> 0x0513
mem[X,0x000000008001DBB6] -> 0x2AA5
[3350] [M]: 0x000000008001DBB4 (0x2AA50513) addi a0, a0, 682
x10 <- 0xAAAAAAAAAAAAAAAA
mem[X,0x000000008001DBB8] -> 0x0593
mem[X,0x000000008001DBBA] -> 0x0040
[3351] [M]: 0x000000008001DBB8 (0x00400593) addi a1, zero, 4
x11 <- 0x0000000000000004
mem[X,0x000000008001DBBC] -> 0x0213
mem[X,0x000000008001DBBE] -> 0x0000
[3352] [M]: 0x000000008001DBBC (0x00000213) addi tp, zero, 0
x4 <- 0x0000000000000000
mem[X,0x000000008001DBC0] -> 0x006F
mem[X,0x000000008001DBC2] -> 0x00C0
[3353] [M]: 0x000000008001DBC0 (0x00C0006F) jal zero, 12
mem[X,0x000000008001DBCC] -> 0x0663
mem[X,0x000000008001DBCE] -> 0x00B5
[3354] [M]: 0x000000008001DBCC (0x00B50663) beq a0, a1, 12
mem[X,0x000000008001DBD0] -> 0x0213
mem[X,0x000000008001DBD2] -> 0x0022
[3355] [M]: 0x000000008001DBD0 (0x00220213) addi tp, tp, 2
x4 <- 0x0000000000000002
mem[X,0x000000008001DBD4] -> 0x006F
mem[X,0x000000008001DBD6] -> 0x00C0
[3356] [M]: 0x000000008001DBD4 (0x00C0006F) jal zero, 12
mem[X,0x000000008001DBE0] -> 0x3C23
mem[X,0x000000008001DBE2] -> 0x7041
[3357] [M]: 0x000000008001DBE0 (0x70413C23) sd tp, 1816(sp)
mem[0x00000000800498E0] <- 0x0000000000000002
mem[X,0x000000008001DBE4] -> 0xB537
mem[X,0x000000008001DBE6] -> 0xAAAA
[3358] [M]: 0x000000008001DBE4 (0xAAAAB537) lui a0, 699051
x10 <- 0xFFFFFFFFAAAAB000
mem[X,0x000000008001DBE8] -> 0x0513
mem[X,0x000000008001DBEA] -> 0xAAA5
[3359] [M]: 0x000000008001DBE8 (0xAAA50513) addi a0, a0, 2730
x10 <- 0xFFFFFFFFAAAAAAAA
mem[X,0x000000008001DBEC] -> 0x1513
mem[X,0x000000008001DBEE] -> 0x00B5
[3360] [M]: 0x000000008001DBEC (0x00B51513) slli a0, a0, 11
x10 <- 0xFFFFFD5555555000
mem[X,0x000000008001DBF0] -> 0x0513
mem[X,0x000000008001DBF2] -> 0x5555
[3361] [M]: 0x000000008001DBF0 (0x55550513) addi a0, a0, 1365
x10 <- 0xFFFFFD5555555555
mem[X,0x000000008001DBF4] -> 0x1513
mem[X,0x000000008001DBF6] -> 0x00B5
[3362] [M]: 0x000000008001DBF4 (0x00B51513) slli a0, a0, 11
x10 <- 0xFFEAAAAAAAAAA800
mem[X,0x000000008001DBF8] -> 0x0513
mem[X,0x000000008001DBFA] -> 0x2AA5
[3363] [M]: 0x000000008001DBF8 (0x2AA50513) addi a0, a0, 682
x10 <- 0xFFEAAAAAAAAAAAAA
mem[X,0x000000008001DBFC] -> 0x1513
mem[X,0x000000008001DBFE] -> 0x00A5
[3364] [M]: 0x000000008001DBFC (0x00A51513) slli a0, a0, 10
x10 <- 0xAAAAAAAAAAAAA800
mem[X,0x000000008001DC00] -> 0x0513
mem[X,0x000000008001DC02] -> 0x2AA5
[3365] [M]: 0x000000008001DC00 (0x2AA50513) addi a0, a0, 682
x10 <- 0xAAAAAAAAAAAAAAAA
mem[X,0x000000008001DC04] -> 0x35B7
mem[X,0x000000008001DC06] -> 0x3333
[3366] [M]: 0x000000008001DC04 (0x333335B7) lui a1, 209715
x11 <- 0x0000000033333000
mem[X,0x000000008001DC08] -> 0x8593
mem[X,0x000000008001DC0A] -> 0x3335
[3367] [M]: 0x000000008001DC08 (0x33358593) addi a1, a1, 819
x11 <- 0x0000000033333333
mem[X,0x000000008001DC0C] -> 0x9593
mem[X,0x000000008001DC0E] -> 0x00B5
[3368] [M]: 0x000000008001DC0C (0x00B59593) slli a1, a1, 11
x11 <- 0x0000019999999800
mem[X,0x000000008001DC10] -> 0x8593
mem[X,0x000000008001DC12] -> 0x1995
[3369] [M]: 0x000000008001DC10 (0x19958593) addi a1, a1, 409
x11 <- 0x0000019999999999
mem[X,0x000000008001DC14] -> 0x9593
mem[X,0x000000008001DC16] -> 0x00B5
[3370] [M]: 0x000000008001DC14 (0x00B59593) slli a1, a1, 11
x11 <- 0x000CCCCCCCCCC800
mem[X,0x000000008001DC18] -> 0x8593
mem[X,0x000000008001DC1A] -> 0x4CC5
[3371] [M]: 0x000000008001DC18 (0x4CC58593) addi a1, a1, 1228
x11 <- 0x000CCCCCCCCCCCCC
mem[X,0x000000008001DC1C] -> 0x9593
mem[X,0x000000008001DC1E] -> 0x00A5
[3372] [M]: 0x000000008001DC1C (0x00A59593) slli a1, a1, 10
x11 <- 0x3333333333333000
mem[X,0x000000008001DC20] -> 0x8593
mem[X,0x000000008001DC22] -> 0x3325
[3373] [M]: 0x000000008001DC20 (0x33258593) addi a1, a1, 818
x11 <- 0x3333333333333332
mem[X,0x000000008001DC24] -> 0x0213
mem[X,0x000000008001DC26] -> 0x0000
[3374] [M]: 0x000000008001DC24 (0x00000213) addi tp, zero, 0
x4 <- 0x0000000000000000
mem[X,0x000000008001DC28] -> 0x006F
mem[X,0x000000008001DC2A] -> 0x00C0
[3375] [M]: 0x000000008001DC28 (0x00C0006F) jal zero, 12
mem[X,0x000000008001DC34] -> 0x0063
mem[X,0x000000008001DC36] -> 0x40B5
[3376] [M]: 0x000000008001DC34 (0x40B50063) beq a0, a1, 1024
mem[X,0x000000008001DC38] -> 0x0213
mem[X,0x000000008001DC3A] -> 0x0022
[3377] [M]: 0x000000008001DC38 (0x00220213) addi tp, tp, 2
x4 <- 0x0000000000000002
mem[X,0x000000008001DC3C] -> 0x006F
mem[X,0x000000008001DC3E] -> 0x4000
[3378] [M]: 0x000000008001DC3C (0x4000006F) jal zero, 1024
mem[X,0x000000008001E03C] -> 0x3023
mem[X,0x000000008001E03E] -> 0x7241
[3379] [M]: 0x000000008001E03C (0x72413023) sd tp, 1824(sp)
mem[0x00000000800498E8] <- 0x0000000000000002
mem[X,0x000000008001E040] -> 0xB537
mem[X,0x000000008001E042] -> 0xAAAA
[3380] [M]: 0x000000008001E040 (0xAAAAB537) lui a0, 699051
x10 <- 0xFFFFFFFFAAAAB000
mem[X,0x000000008001E044] -> 0x0513
mem[X,0x000000008001E046] -> 0xAAA5
[3381] [M]: 0x000000008001E044 (0xAAA50513) addi a0, a0, 2730
x10 <- 0xFFFFFFFFAAAAAAAA
mem[X,0x000000008001E048] -> 0x1513
mem[X,0x000000008001E04A] -> 0x00B5
[3382] [M]: 0x000000008001E048 (0x00B51513) slli a0, a0, 11
x10 <- 0xFFFFFD5555555000
mem[X,0x000000008001E04C] -> 0x0513
mem[X,0x000000008001E04E] -> 0x5555
[3383] [M]: 0x000000008001E04C (0x55550513) addi a0, a0, 1365
x10 <- 0xFFFFFD5555555555
mem[X,0x000000008001E050] -> 0x1513
mem[X,0x000000008001E052] -> 0x00B5
[3384] [M]: 0x000000008001E050 (0x00B51513) slli a0, a0, 11
x10 <- 0xFFEAAAAAAAAAA800
mem[X,0x000000008001E054] -> 0x0513
mem[X,0x000000008001E056] -> 0x2AA5
[3385] [M]: 0x000000008001E054 (0x2AA50513) addi a0, a0, 682
x10 <- 0xFFEAAAAAAAAAAAAA
mem[X,0x000000008001E058] -> 0x1513
mem[X,0x000000008001E05A] -> 0x00A5
[3386] [M]: 0x000000008001E058 (0x00A51513) slli a0, a0, 10
x10 <- 0xAAAAAAAAAAAAA800
mem[X,0x000000008001E05C] -> 0x0513
mem[X,0x000000008001E05E] -> 0x2AA5
[3387] [M]: 0x000000008001E05C (0x2AA50513) addi a0, a0, 682
x10 <- 0xAAAAAAAAAAAAAAAA
mem[X,0x000000008001E060] -> 0x65B7
mem[X,0x000000008001E062] -> 0x6666
[3388] [M]: 0x000000008001E060 (0x666665B7) lui a1, 419430
x11 <- 0x0000000066666000
mem[X,0x000000008001E064] -> 0x8593
mem[X,0x000000008001E066] -> 0x6665
[3389] [M]: 0x000000008001E064 (0x66658593) addi a1, a1, 1638
x11 <- 0x0000000066666666
mem[X,0x000000008001E068] -> 0x9593
mem[X,0x000000008001E06A] -> 0x00B5
[3390] [M]: 0x000000008001E068 (0x00B59593) slli a1, a1, 11
x11 <- 0x0000033333333000
mem[X,0x000000008001E06C] -> 0x8593
mem[X,0x000000008001E06E] -> 0x3335
[3391] [M]: 0x000000008001E06C (0x33358593) addi a1, a1, 819
x11 <- 0x0000033333333333
mem[X,0x000000008001E070] -> 0x9593
mem[X,0x000000008001E072] -> 0x00B5
[3392] [M]: 0x000000008001E070 (0x00B59593) slli a1, a1, 11
x11 <- 0x0019999999999800
mem[X,0x000000008001E074] -> 0x8593
mem[X,0x000000008001E076] -> 0x1995
[3393] [M]: 0x000000008001E074 (0x19958593) addi a1, a1, 409
x11 <- 0x0019999999999999
mem[X,0x000000008001E078] -> 0x9593
mem[X,0x000000008001E07A] -> 0x00A5
[3394] [M]: 0x000000008001E078 (0x00A59593) slli a1, a1, 10
x11 <- 0x6666666666666400
mem[X,0x000000008001E07C] -> 0x8593
mem[X,0x000000008001E07E] -> 0x2655
[3395] [M]: 0x000000008001E07C (0x26558593) addi a1, a1, 613
x11 <- 0x6666666666666665
mem[X,0x000000008001E080] -> 0x0213
mem[X,0x000000008001E082] -> 0x0000
[3396] [M]: 0x000000008001E080 (0x00000213) addi tp, zero, 0
x4 <- 0x0000000000000000
mem[X,0x000000008001E084] -> 0x006F
mem[X,0x000000008001E086] -> 0x00C0
[3397] [M]: 0x000000008001E084 (0x00C0006F) jal zero, 12
mem[X,0x000000008001E090] -> 0x0063
mem[X,0x000000008001E092] -> 0x02B5
[3398] [M]: 0x000000008001E090 (0x02B50063) beq a0, a1, 32
mem[X,0x000000008001E094] -> 0x0213
mem[X,0x000000008001E096] -> 0x0022
[3399] [M]: 0x000000008001E094 (0x00220213) addi tp, tp, 2
x4 <- 0x0000000000000002
clint::tick mtime <- 0x0000000000000022
 clint timer pending at mtime 0x0000000000000022
htif::tick 0x0000000000000000
mem[X,0x000000008001E098] -> 0x006F
mem[X,0x000000008001E09A] -> 0x0200
[3400] [M]: 0x000000008001E098 (0x0200006F) jal zero, 32
mem[X,0x000000008001E0B8] -> 0x3423
mem[X,0x000000008001E0BA] -> 0x7241
[3401] [M]: 0x000000008001E0B8 (0x72413423) sd tp, 1832(sp)
mem[0x00000000800498F0] <- 0x0000000000000002
mem[X,0x000000008001E0BC] -> 0xB537
mem[X,0x000000008001E0BE] -> 0xAAAA
[3402] [M]: 0x000000008001E0BC (0xAAAAB537) lui a0, 699051
x10 <- 0xFFFFFFFFAAAAB000
mem[X,0x000000008001E0C0] -> 0x0513
mem[X,0x000000008001E0C2] -> 0xAAA5
[3403] [M]: 0x000000008001E0C0 (0xAAA50513) addi a0, a0, 2730
x10 <- 0xFFFFFFFFAAAAAAAA
mem[X,0x000000008001E0C4] -> 0x1513
mem[X,0x000000008001E0C6] -> 0x00B5
[3404] [M]: 0x000000008001E0C4 (0x00B51513) slli a0, a0, 11
x10 <- 0xFFFFFD5555555000
mem[X,0x000000008001E0C8] -> 0x0513
mem[X,0x000000008001E0CA] -> 0x5555
[3405] [M]: 0x000000008001E0C8 (0x55550513) addi a0, a0, 1365
x10 <- 0xFFFFFD5555555555
mem[X,0x000000008001E0CC] -> 0x1513
mem[X,0x000000008001E0CE] -> 0x00B5
[3406] [M]: 0x000000008001E0CC (0x00B51513) slli a0, a0, 11
x10 <- 0xFFEAAAAAAAAAA800
mem[X,0x000000008001E0D0] -> 0x0513
mem[X,0x000000008001E0D2] -> 0x2AA5
[3407] [M]: 0x000000008001E0D0 (0x2AA50513) addi a0, a0, 682
x10 <- 0xFFEAAAAAAAAAAAAA
mem[X,0x000000008001E0D4] -> 0x1513
mem[X,0x000000008001E0D6] -> 0x00A5
[3408] [M]: 0x000000008001E0D4 (0x00A51513) slli a0, a0, 10
x10 <- 0xAAAAAAAAAAAAA800
mem[X,0x000000008001E0D8] -> 0x0513
mem[X,0x000000008001E0DA] -> 0x2AA5
[3409] [M]: 0x000000008001E0D8 (0x2AA50513) addi a0, a0, 682
x10 <- 0xAAAAAAAAAAAAAAAA
mem[X,0x000000008001E0DC] -> 0x05B7
mem[X,0x000000008001E0DE] -> 0x0000
[3410] [M]: 0x000000008001E0DC (0x000005B7) lui a1, 0
x11 <- 0x0000000000000000
mem[X,0x000000008001E0E0] -> 0x8593
mem[X,0x000000008001E0E2] -> 0x0005
[3411] [M]: 0x000000008001E0E0 (0x00058593) addi a1, a1, 0
x11 <- 0x0000000000000000
mem[X,0x000000008001E0E4] -> 0x9593
mem[X,0x000000008001E0E6] -> 0x00B5
[3412] [M]: 0x000000008001E0E4 (0x00B59593) slli a1, a1, 11
x11 <- 0x0000000000000000
mem[X,0x000000008001E0E8] -> 0x8593
mem[X,0x000000008001E0EA] -> 0x5A85
[3413] [M]: 0x000000008001E0E8 (0x5A858593) addi a1, a1, 1448
x11 <- 0x00000000000005A8
mem[X,0x000000008001E0EC] -> 0x9593
mem[X,0x000000008001E0EE] -> 0x00B5
[3414] [M]: 0x000000008001E0EC (0x00B59593) slli a1, a1, 11
x11 <- 0x00000000002D4000
mem[X,0x000000008001E0F0] -> 0x8593
mem[X,0x000000008001E0F2] -> 0x13C5
[3415] [M]: 0x000000008001E0F0 (0x13C58593) addi a1, a1, 316
x11 <- 0x00000000002D413C
mem[X,0x000000008001E0F4] -> 0x9593
mem[X,0x000000008001E0F6] -> 0x00A5
[3416] [M]: 0x000000008001E0F4 (0x00A59593) slli a1, a1, 10
x11 <- 0x00000000B504F000
mem[X,0x000000008001E0F8] -> 0x8593
mem[X,0x000000008001E0FA] -> 0x3325
[3417] [M]: 0x000000008001E0F8 (0x33258593) addi a1, a1, 818
x11 <- 0x00000000B504F332
mem[X,0x000000008001E0FC] -> 0x0213
mem[X,0x000000008001E0FE] -> 0x0000
[3418] [M]: 0x000000008001E0FC (0x00000213) addi tp, zero, 0
x4 <- 0x0000000000000000
mem[X,0x000000008001E100] -> 0x006F
mem[X,0x000000008001E102] -> 0x00C0
[3419] [M]: 0x000000008001E100 (0x00C0006F) jal zero, 12
mem[X,0x000000008001E10C] -> 0x0663
mem[X,0x000000008001E10E] -> 0x00B5
[3420] [M]: 0x000000008001E10C (0x00B50663) beq a0, a1, 12
mem[X,0x000000008001E110] -> 0x0213
mem[X,0x000000008001E112] -> 0x0022
[3421] [M]: 0x000000008001E110 (0x00220213) addi tp, tp, 2
x4 <- 0x0000000000000002
mem[X,0x000000008001E114] -> 0x006F
mem[X,0x000000008001E116] -> 0x00C0
[3422] [M]: 0x000000008001E114 (0x00C0006F) jal zero, 12
mem[X,0x000000008001E120] -> 0x3823
mem[X,0x000000008001E122] -> 0x7241
[3423] [M]: 0x000000008001E120 (0x72413823) sd tp, 1840(sp)
mem[0x00000000800498F8] <- 0x0000000000000002
mem[X,0x000000008001E124] -> 0xB537
mem[X,0x000000008001E126] -> 0xAAAA
[3424] [M]: 0x000000008001E124 (0xAAAAB537) lui a0, 699051
x10 <- 0xFFFFFFFFAAAAB000
mem[X,0x000000008001E128] -> 0x0513
mem[X,0x000000008001E12A] -> 0xAAA5
[3425] [M]: 0x000000008001E128 (0xAAA50513) addi a0, a0, 2730
x10 <- 0xFFFFFFFFAAAAAAAA
mem[X,0x000000008001E12C] -> 0x1513
mem[X,0x000000008001E12E] -> 0x00B5
[3426] [M]: 0x000000008001E12C (0x00B51513) slli a0, a0, 11
x10 <- 0xFFFFFD5555555000
mem[X,0x000000008001E130] -> 0x0513
mem[X,0x000000008001E132] -> 0x5555
[3427] [M]: 0x000000008001E130 (0x55550513) addi a0, a0, 1365
x10 <- 0xFFFFFD5555555555
mem[X,0x000000008001E134] -> 0x1513
mem[X,0x000000008001E136] -> 0x00B5
[3428] [M]: 0x000000008001E134 (0x00B51513) slli a0, a0, 11
x10 <- 0xFFEAAAAAAAAAA800
mem[X,0x000000008001E138] -> 0x0513
mem[X,0x000000008001E13A] -> 0x2AA5
[3429] [M]: 0x000000008001E138 (0x2AA50513) addi a0, a0, 682
x10 <- 0xFFEAAAAAAAAAAAAA
mem[X,0x000000008001E13C] -> 0x1513
mem[X,0x000000008001E13E] -> 0x00A5
[3430] [M]: 0x000000008001E13C (0x00A51513) slli a0, a0, 10
x10 <- 0xAAAAAAAAAAAAA800
mem[X,0x000000008001E140] -> 0x0513
mem[X,0x000000008001E142] -> 0x2AA5
[3431] [M]: 0x000000008001E140 (0x2AA50513) addi a0, a0, 682
x10 <- 0xAAAAAAAAAAAAAAAA
mem[X,0x000000008001E144] -> 0x55B7
mem[X,0x000000008001E146] -> 0x5555
[3432] [M]: 0x000000008001E144 (0x555555B7) lui a1, 349525
x11 <- 0x0000000055555000
mem[X,0x000000008001E148] -> 0x8593
mem[X,0x000000008001E14A] -> 0x5555
[3433] [M]: 0x000000008001E148 (0x55558593) addi a1, a1, 1365
x11 <- 0x0000000055555555
mem[X,0x000000008001E14C] -> 0x9593
mem[X,0x000000008001E14E] -> 0x00B5
[3434] [M]: 0x000000008001E14C (0x00B59593) slli a1, a1, 11
x11 <- 0x000002AAAAAAA800
mem[X,0x000000008001E150] -> 0x8593
mem[X,0x000000008001E152] -> 0x2AA5
[3435] [M]: 0x000000008001E150 (0x2AA58593) addi a1, a1, 682
x11 <- 0x000002AAAAAAAAAA
mem[X,0x000000008001E154] -> 0x9593
mem[X,0x000000008001E156] -> 0x00B5
[3436] [M]: 0x000000008001E154 (0x00B59593) slli a1, a1, 11
x11 <- 0x0015555555555000
mem[X,0x000000008001E158] -> 0x8593
mem[X,0x000000008001E15A] -> 0x5555
[3437] [M]: 0x000000008001E158 (0x55558593) addi a1, a1, 1365
x11 <- 0x0015555555555555
mem[X,0x000000008001E15C] -> 0x9593
mem[X,0x000000008001E15E] -> 0x00A5
[3438] [M]: 0x000000008001E15C (0x00A59593) slli a1, a1, 10
x11 <- 0x5555555555555400
mem[X,0x000000008001E160] -> 0x8593
mem[X,0x000000008001E162] -> 0x1565
[3439] [M]: 0x000000008001E160 (0x15658593) addi a1, a1, 342
x11 <- 0x5555555555555556
mem[X,0x000000008001E164] -> 0x0213
mem[X,0x000000008001E166] -> 0x0000
[3440] [M]: 0x000000008001E164 (0x00000213) addi tp, zero, 0
x4 <- 0x0000000000000000
mem[X,0x000000008001E168] -> 0x006F
mem[X,0x000000008001E16A] -> 0x00C0
[3441] [M]: 0x000000008001E168 (0x00C0006F) jal zero, 12
mem[X,0x000000008001E174] -> 0x0063
mem[X,0x000000008001E176] -> 0x02B5
[3442] [M]: 0x000000008001E174 (0x02B50063) beq a0, a1, 32
mem[X,0x000000008001E178] -> 0x0213
mem[X,0x000000008001E17A] -> 0x0022
[3443] [M]: 0x000000008001E178 (0x00220213) addi tp, tp, 2
x4 <- 0x0000000000000002
mem[X,0x000000008001E17C] -> 0x006F
mem[X,0x000000008001E17E] -> 0x0200
[3444] [M]: 0x000000008001E17C (0x0200006F) jal zero, 32
mem[X,0x000000008001E19C] -> 0x3C23
mem[X,0x000000008001E19E] -> 0x7241
[3445] [M]: 0x000000008001E19C (0x72413C23) sd tp, 1848(sp)
mem[0x0000000080049900] <- 0x0000000000000002
mem[X,0x000000008001E1A0] -> 0xB537
mem[X,0x000000008001E1A2] -> 0xAAAA
[3446] [M]: 0x000000008001E1A0 (0xAAAAB537) lui a0, 699051
x10 <- 0xFFFFFFFFAAAAB000
mem[X,0x000000008001E1A4] -> 0x0513
mem[X,0x000000008001E1A6] -> 0xAAA5
[3447] [M]: 0x000000008001E1A4 (0xAAA50513) addi a0, a0, 2730
x10 <- 0xFFFFFFFFAAAAAAAA
mem[X,0x000000008001E1A8] -> 0x1513
mem[X,0x000000008001E1AA] -> 0x00B5
[3448] [M]: 0x000000008001E1A8 (0x00B51513) slli a0, a0, 11
x10 <- 0xFFFFFD5555555000
mem[X,0x000000008001E1AC] -> 0x0513
mem[X,0x000000008001E1AE] -> 0x5555
[3449] [M]: 0x000000008001E1AC (0x55550513) addi a0, a0, 1365
x10 <- 0xFFFFFD5555555555
mem[X,0x000000008001E1B0] -> 0x1513
mem[X,0x000000008001E1B2] -> 0x00B5
[3450] [M]: 0x000000008001E1B0 (0x00B51513) slli a0, a0, 11
x10 <- 0xFFEAAAAAAAAAA800
mem[X,0x000000008001E1B4] -> 0x0513
mem[X,0x000000008001E1B6] -> 0x2AA5
[3451] [M]: 0x000000008001E1B4 (0x2AA50513) addi a0, a0, 682
x10 <- 0xFFEAAAAAAAAAAAAA
mem[X,0x000000008001E1B8] -> 0x1513
mem[X,0x000000008001E1BA] -> 0x00A5
[3452] [M]: 0x000000008001E1B8 (0x00A51513) slli a0, a0, 10
x10 <- 0xAAAAAAAAAAAAA800
mem[X,0x000000008001E1BC] -> 0x0513
mem[X,0x000000008001E1BE] -> 0x2AA5
[3453] [M]: 0x000000008001E1BC (0x2AA50513) addi a0, a0, 682
x10 <- 0xAAAAAAAAAAAAAAAA
mem[X,0x000000008001E1C0] -> 0xB5B7
mem[X,0x000000008001E1C2] -> 0xAAAA
[3454] [M]: 0x000000008001E1C0 (0xAAAAB5B7) lui a1, 699051
x11 <- 0xFFFFFFFFAAAAB000
mem[X,0x000000008001E1C4] -> 0x8593
mem[X,0x000000008001E1C6] -> 0xAAA5
[3455] [M]: 0x000000008001E1C4 (0xAAA58593) addi a1, a1, 2730
x11 <- 0xFFFFFFFFAAAAAAAA
mem[X,0x000000008001E1C8] -> 0x9593
mem[X,0x000000008001E1CA] -> 0x00B5
[3456] [M]: 0x000000008001E1C8 (0x00B59593) slli a1, a1, 11
x11 <- 0xFFFFFD5555555000
mem[X,0x000000008001E1CC] -> 0x8593
mem[X,0x000000008001E1CE] -> 0x5555
[3457] [M]: 0x000000008001E1CC (0x55558593) addi a1, a1, 1365
x11 <- 0xFFFFFD5555555555
mem[X,0x000000008001E1D0] -> 0x9593
mem[X,0x000000008001E1D2] -> 0x00B5
[3458] [M]: 0x000000008001E1D0 (0x00B59593) slli a1, a1, 11
x11 <- 0xFFEAAAAAAAAAA800
mem[X,0x000000008001E1D4] -> 0x8593
mem[X,0x000000008001E1D6] -> 0x2AA5
[3459] [M]: 0x000000008001E1D4 (0x2AA58593) addi a1, a1, 682
x11 <- 0xFFEAAAAAAAAAAAAA
mem[X,0x000000008001E1D8] -> 0x9593
mem[X,0x000000008001E1DA] -> 0x00A5
[3460] [M]: 0x000000008001E1D8 (0x00A59593) slli a1, a1, 10
x11 <- 0xAAAAAAAAAAAAA800
mem[X,0x000000008001E1DC] -> 0x8593
mem[X,0x000000008001E1DE] -> 0x2AB5
[3461] [M]: 0x000000008001E1DC (0x2AB58593) addi a1, a1, 683
x11 <- 0xAAAAAAAAAAAAAAAB
mem[X,0x000000008001E1E0] -> 0x0213
mem[X,0x000000008001E1E2] -> 0x0000
[3462] [M]: 0x000000008001E1E0 (0x00000213) addi tp, zero, 0
x4 <- 0x0000000000000000
mem[X,0x000000008001E1E4] -> 0x006F
mem[X,0x000000008001E1E6] -> 0x00C0
[3463] [M]: 0x000000008001E1E4 (0x00C0006F) jal zero, 12
mem[X,0x000000008001E1F0] -> 0x0063
mem[X,0x000000008001E1F2] -> 0x02B5
[3464] [M]: 0x000000008001E1F0 (0x02B50063) beq a0, a1, 32
mem[X,0x000000008001E1F4] -> 0x0213
mem[X,0x000000008001E1F6] -> 0x0022
[3465] [M]: 0x000000008001E1F4 (0x00220213) addi tp, tp, 2
x4 <- 0x0000000000000002
mem[X,0x000000008001E1F8] -> 0x006F
mem[X,0x000000008001E1FA] -> 0x0200
[3466] [M]: 0x000000008001E1F8 (0x0200006F) jal zero, 32
mem[X,0x000000008001E218] -> 0x3023
mem[X,0x000000008001E21A] -> 0x7441
[3467] [M]: 0x000000008001E218 (0x74413023) sd tp, 1856(sp)
mem[0x0000000080049908] <- 0x0000000000000002
mem[X,0x000000008001E21C] -> 0xB537
mem[X,0x000000008001E21E] -> 0xAAAA
[3468] [M]: 0x000000008001E21C (0xAAAAB537) lui a0, 699051
x10 <- 0xFFFFFFFFAAAAB000
mem[X,0x000000008001E220] -> 0x0513
mem[X,0x000000008001E222] -> 0xAAA5
[3469] [M]: 0x000000008001E220 (0xAAA50513) addi a0, a0, 2730
x10 <- 0xFFFFFFFFAAAAAAAA
mem[X,0x000000008001E224] -> 0x1513
mem[X,0x000000008001E226] -> 0x00B5
[3470] [M]: 0x000000008001E224 (0x00B51513) slli a0, a0, 11
x10 <- 0xFFFFFD5555555000
mem[X,0x000000008001E228] -> 0x0513
mem[X,0x000000008001E22A] -> 0x5555
[3471] [M]: 0x000000008001E228 (0x55550513) addi a0, a0, 1365
x10 <- 0xFFFFFD5555555555
mem[X,0x000000008001E22C] -> 0x1513
mem[X,0x000000008001E22E] -> 0x00B5
[3472] [M]: 0x000000008001E22C (0x00B51513) slli a0, a0, 11
x10 <- 0xFFEAAAAAAAAAA800
mem[X,0x000000008001E230] -> 0x0513
mem[X,0x000000008001E232] -> 0x2AA5
[3473] [M]: 0x000000008001E230 (0x2AA50513) addi a0, a0, 682
x10 <- 0xFFEAAAAAAAAAAAAA
mem[X,0x000000008001E234] -> 0x1513
mem[X,0x000000008001E236] -> 0x00A5
[3474] [M]: 0x000000008001E234 (0x00A51513) slli a0, a0, 10
x10 <- 0xAAAAAAAAAAAAA800
mem[X,0x000000008001E238] -> 0x0513
mem[X,0x000000008001E23A] -> 0x2AA5
[3475] [M]: 0x000000008001E238 (0x2AA50513) addi a0, a0, 682
x10 <- 0xAAAAAAAAAAAAAAAA
mem[X,0x000000008001E23C] -> 0x0593
mem[X,0x000000008001E23E] -> 0x0060
[3476] [M]: 0x000000008001E23C (0x00600593) addi a1, zero, 6
x11 <- 0x0000000000000006
mem[X,0x000000008001E240] -> 0x0213
mem[X,0x000000008001E242] -> 0x0000
[3477] [M]: 0x000000008001E240 (0x00000213) addi tp, zero, 0
x4 <- 0x0000000000000000
mem[X,0x000000008001E244] -> 0x006F
mem[X,0x000000008001E246] -> 0x00C0
[3478] [M]: 0x000000008001E244 (0x00C0006F) jal zero, 12
mem[X,0x000000008001E250] -> 0x0663
mem[X,0x000000008001E252] -> 0x00B5
[3479] [M]: 0x000000008001E250 (0x00B50663) beq a0, a1, 12
mem[X,0x000000008001E254] -> 0x0213
mem[X,0x000000008001E256] -> 0x0022
[3480] [M]: 0x000000008001E254 (0x00220213) addi tp, tp, 2
x4 <- 0x0000000000000002
mem[X,0x000000008001E258] -> 0x006F
mem[X,0x000000008001E25A] -> 0x00C0
[3481] [M]: 0x000000008001E258 (0x00C0006F) jal zero, 12
mem[X,0x000000008001E264] -> 0x3423
mem[X,0x000000008001E266] -> 0x7441
[3482] [M]: 0x000000008001E264 (0x74413423) sd tp, 1864(sp)
mem[0x0000000080049910] <- 0x0000000000000002
mem[X,0x000000008001E268] -> 0xB537
mem[X,0x000000008001E26A] -> 0xAAAA
[3483] [M]: 0x000000008001E268 (0xAAAAB537) lui a0, 699051
x10 <- 0xFFFFFFFFAAAAB000
mem[X,0x000000008001E26C] -> 0x0513
mem[X,0x000000008001E26E] -> 0xAAA5
[3484] [M]: 0x000000008001E26C (0xAAA50513) addi a0, a0, 2730
x10 <- 0xFFFFFFFFAAAAAAAA
mem[X,0x000000008001E270] -> 0x1513
mem[X,0x000000008001E272] -> 0x00B5
[3485] [M]: 0x000000008001E270 (0x00B51513) slli a0, a0, 11
x10 <- 0xFFFFFD5555555000
mem[X,0x000000008001E274] -> 0x0513
mem[X,0x000000008001E276] -> 0x5555
[3486] [M]: 0x000000008001E274 (0x55550513) addi a0, a0, 1365
x10 <- 0xFFFFFD5555555555
mem[X,0x000000008001E278] -> 0x1513
mem[X,0x000000008001E27A] -> 0x00B5
[3487] [M]: 0x000000008001E278 (0x00B51513) slli a0, a0, 11
x10 <- 0xFFEAAAAAAAAAA800
mem[X,0x000000008001E27C] -> 0x0513
mem[X,0x000000008001E27E] -> 0x2AA5
[3488] [M]: 0x000000008001E27C (0x2AA50513) addi a0, a0, 682
x10 <- 0xFFEAAAAAAAAAAAAA
mem[X,0x000000008001E280] -> 0x1513
mem[X,0x000000008001E282] -> 0x00A5
[3489] [M]: 0x000000008001E280 (0x00A51513) slli a0, a0, 10
x10 <- 0xAAAAAAAAAAAAA800
mem[X,0x000000008001E284] -> 0x0513
mem[X,0x000000008001E286] -> 0x2AA5
[3490] [M]: 0x000000008001E284 (0x2AA50513) addi a0, a0, 682
x10 <- 0xAAAAAAAAAAAAAAAA
mem[X,0x000000008001E288] -> 0x35B7
mem[X,0x000000008001E28A] -> 0x3333
[3491] [M]: 0x000000008001E288 (0x333335B7) lui a1, 209715
x11 <- 0x0000000033333000
mem[X,0x000000008001E28C] -> 0x8593
mem[X,0x000000008001E28E] -> 0x3335
[3492] [M]: 0x000000008001E28C (0x33358593) addi a1, a1, 819
x11 <- 0x0000000033333333
mem[X,0x000000008001E290] -> 0x9593
mem[X,0x000000008001E292] -> 0x00B5
[3493] [M]: 0x000000008001E290 (0x00B59593) slli a1, a1, 11
x11 <- 0x0000019999999800
mem[X,0x000000008001E294] -> 0x8593
mem[X,0x000000008001E296] -> 0x1995
[3494] [M]: 0x000000008001E294 (0x19958593) addi a1, a1, 409
x11 <- 0x0000019999999999
mem[X,0x000000008001E298] -> 0x9593
mem[X,0x000000008001E29A] -> 0x00B5
[3495] [M]: 0x000000008001E298 (0x00B59593) slli a1, a1, 11
x11 <- 0x000CCCCCCCCCC800
mem[X,0x000000008001E29C] -> 0x8593
mem[X,0x000000008001E29E] -> 0x4CC5
[3496] [M]: 0x000000008001E29C (0x4CC58593) addi a1, a1, 1228
x11 <- 0x000CCCCCCCCCCCCC
mem[X,0x000000008001E2A0] -> 0x9593
mem[X,0x000000008001E2A2] -> 0x00A5
[3497] [M]: 0x000000008001E2A0 (0x00A59593) slli a1, a1, 10
x11 <- 0x3333333333333000
mem[X,0x000000008001E2A4] -> 0x8593
mem[X,0x000000008001E2A6] -> 0x3345
[3498] [M]: 0x000000008001E2A4 (0x33458593) addi a1, a1, 820
x11 <- 0x3333333333333334
mem[X,0x000000008001E2A8] -> 0x0213
mem[X,0x000000008001E2AA] -> 0x0000
[3499] [M]: 0x000000008001E2A8 (0x00000213) addi tp, zero, 0
x4 <- 0x0000000000000000
clint::tick mtime <- 0x0000000000000023
 clint timer pending at mtime 0x0000000000000023
htif::tick 0x0000000000000000
mem[X,0x000000008001E2AC] -> 0x006F
mem[X,0x000000008001E2AE] -> 0x00C0
[3500] [M]: 0x000000008001E2AC (0x00C0006F) jal zero, 12
mem[X,0x000000008001E2B8] -> 0x0063
mem[X,0x000000008001E2BA] -> 0x02B5
[3501] [M]: 0x000000008001E2B8 (0x02B50063) beq a0, a1, 32
mem[X,0x000000008001E2BC] -> 0x0213
mem[X,0x000000008001E2BE] -> 0x0022
[3502] [M]: 0x000000008001E2BC (0x00220213) addi tp, tp, 2
x4 <- 0x0000000000000002
mem[X,0x000000008001E2C0] -> 0x006F
mem[X,0x000000008001E2C2] -> 0x0200
[3503] [M]: 0x000000008001E2C0 (0x0200006F) jal zero, 32
mem[X,0x000000008001E2E0] -> 0x3823
mem[X,0x000000008001E2E2] -> 0x7441
[3504] [M]: 0x000000008001E2E0 (0x74413823) sd tp, 1872(sp)
mem[0x0000000080049918] <- 0x0000000000000002
mem[X,0x000000008001E2E4] -> 0xB537
mem[X,0x000000008001E2E6] -> 0xAAAA
[3505] [M]: 0x000000008001E2E4 (0xAAAAB537) lui a0, 699051
x10 <- 0xFFFFFFFFAAAAB000
mem[X,0x000000008001E2E8] -> 0x0513
mem[X,0x000000008001E2EA] -> 0xAAA5
[3506] [M]: 0x000000008001E2E8 (0xAAA50513) addi a0, a0, 2730
x10 <- 0xFFFFFFFFAAAAAAAA
mem[X,0x000000008001E2EC] -> 0x1513
mem[X,0x000000008001E2EE] -> 0x00B5
[3507] [M]: 0x000000008001E2EC (0x00B51513) slli a0, a0, 11
x10 <- 0xFFFFFD5555555000
mem[X,0x000000008001E2F0] -> 0x0513
mem[X,0x000000008001E2F2] -> 0x5555
[3508] [M]: 0x000000008001E2F0 (0x55550513) addi a0, a0, 1365
x10 <- 0xFFFFFD5555555555
mem[X,0x000000008001E2F4] -> 0x1513
mem[X,0x000000008001E2F6] -> 0x00B5
[3509] [M]: 0x000000008001E2F4 (0x00B51513) slli a0, a0, 11
x10 <- 0xFFEAAAAAAAAAA800
mem[X,0x000000008001E2F8] -> 0x0513
mem[X,0x000000008001E2FA] -> 0x2AA5
[3510] [M]: 0x000000008001E2F8 (0x2AA50513) addi a0, a0, 682
x10 <- 0xFFEAAAAAAAAAAAAA
mem[X,0x000000008001E2FC] -> 0x1513
mem[X,0x000000008001E2FE] -> 0x00A5
[3511] [M]: 0x000000008001E2FC (0x00A51513) slli a0, a0, 10
x10 <- 0xAAAAAAAAAAAAA800
mem[X,0x000000008001E300] -> 0x0513
mem[X,0x000000008001E302] -> 0x2AA5
[3512] [M]: 0x000000008001E300 (0x2AA50513) addi a0, a0, 682
x10 <- 0xAAAAAAAAAAAAAAAA
mem[X,0x000000008001E304] -> 0x65B7
mem[X,0x000000008001E306] -> 0x6666
[3513] [M]: 0x000000008001E304 (0x666665B7) lui a1, 419430
x11 <- 0x0000000066666000
mem[X,0x000000008001E308] -> 0x8593
mem[X,0x000000008001E30A] -> 0x6665
[3514] [M]: 0x000000008001E308 (0x66658593) addi a1, a1, 1638
x11 <- 0x0000000066666666
mem[X,0x000000008001E30C] -> 0x9593
mem[X,0x000000008001E30E] -> 0x00B5
[3515] [M]: 0x000000008001E30C (0x00B59593) slli a1, a1, 11
x11 <- 0x0000033333333000
mem[X,0x000000008001E310] -> 0x8593
mem[X,0x000000008001E312] -> 0x3335
[3516] [M]: 0x000000008001E310 (0x33358593) addi a1, a1, 819
x11 <- 0x0000033333333333
mem[X,0x000000008001E314] -> 0x9593
mem[X,0x000000008001E316] -> 0x00B5
[3517] [M]: 0x000000008001E314 (0x00B59593) slli a1, a1, 11
x11 <- 0x0019999999999800
mem[X,0x000000008001E318] -> 0x8593
mem[X,0x000000008001E31A] -> 0x1995
[3518] [M]: 0x000000008001E318 (0x19958593) addi a1, a1, 409
x11 <- 0x0019999999999999
mem[X,0x000000008001E31C] -> 0x9593
mem[X,0x000000008001E31E] -> 0x00A5
[3519] [M]: 0x000000008001E31C (0x00A59593) slli a1, a1, 10
x11 <- 0x6666666666666400
mem[X,0x000000008001E320] -> 0x8593
mem[X,0x000000008001E322] -> 0x2675
[3520] [M]: 0x000000008001E320 (0x26758593) addi a1, a1, 615
x11 <- 0x6666666666666667
mem[X,0x000000008001E324] -> 0x0213
mem[X,0x000000008001E326] -> 0x0000
[3521] [M]: 0x000000008001E324 (0x00000213) addi tp, zero, 0
x4 <- 0x0000000000000000
mem[X,0x000000008001E328] -> 0x006F
mem[X,0x000000008001E32A] -> 0x00C0
[3522] [M]: 0x000000008001E328 (0x00C0006F) jal zero, 12
mem[X,0x000000008001E334] -> 0x0663
mem[X,0x000000008001E336] -> 0x00B5
[3523] [M]: 0x000000008001E334 (0x00B50663) beq a0, a1, 12
mem[X,0x000000008001E338] -> 0x0213
mem[X,0x000000008001E33A] -> 0x0022
[3524] [M]: 0x000000008001E338 (0x00220213) addi tp, tp, 2
x4 <- 0x0000000000000002
mem[X,0x000000008001E33C] -> 0x006F
mem[X,0x000000008001E33E] -> 0x00C0
[3525] [M]: 0x000000008001E33C (0x00C0006F) jal zero, 12
mem[X,0x000000008001E348] -> 0x3C23
mem[X,0x000000008001E34A] -> 0x7441
[3526] [M]: 0x000000008001E348 (0x74413C23) sd tp, 1880(sp)
mem[0x0000000080049920] <- 0x0000000000000002
mem[X,0x000000008001E34C] -> 0xB537
mem[X,0x000000008001E34E] -> 0xAAAA
[3527] [M]: 0x000000008001E34C (0xAAAAB537) lui a0, 699051
x10 <- 0xFFFFFFFFAAAAB000
mem[X,0x000000008001E350] -> 0x0513
mem[X,0x000000008001E352] -> 0xAAA5
[3528] [M]: 0x000000008001E350 (0xAAA50513) addi a0, a0, 2730
x10 <- 0xFFFFFFFFAAAAAAAA
mem[X,0x000000008001E354] -> 0x1513
mem[X,0x000000008001E356] -> 0x00B5
[3529] [M]: 0x000000008001E354 (0x00B51513) slli a0, a0, 11
x10 <- 0xFFFFFD5555555000
mem[X,0x000000008001E358] -> 0x0513
mem[X,0x000000008001E35A] -> 0x5555
[3530] [M]: 0x000000008001E358 (0x55550513) addi a0, a0, 1365
x10 <- 0xFFFFFD5555555555
mem[X,0x000000008001E35C] -> 0x1513
mem[X,0x000000008001E35E] -> 0x00B5
[3531] [M]: 0x000000008001E35C (0x00B51513) slli a0, a0, 11
x10 <- 0xFFEAAAAAAAAAA800
mem[X,0x000000008001E360] -> 0x0513
mem[X,0x000000008001E362] -> 0x2AA5
[3532] [M]: 0x000000008001E360 (0x2AA50513) addi a0, a0, 682
x10 <- 0xFFEAAAAAAAAAAAAA
mem[X,0x000000008001E364] -> 0x1513
mem[X,0x000000008001E366] -> 0x00A5
[3533] [M]: 0x000000008001E364 (0x00A51513) slli a0, a0, 10
x10 <- 0xAAAAAAAAAAAAA800
mem[X,0x000000008001E368] -> 0x0513
mem[X,0x000000008001E36A] -> 0x2AA5
[3534] [M]: 0x000000008001E368 (0x2AA50513) addi a0, a0, 682
x10 <- 0xAAAAAAAAAAAAAAAA
mem[X,0x000000008001E36C] -> 0x05B7
mem[X,0x000000008001E36E] -> 0x0000
[3535] [M]: 0x000000008001E36C (0x000005B7) lui a1, 0
x11 <- 0x0000000000000000
mem[X,0x000000008001E370] -> 0x8593
mem[X,0x000000008001E372] -> 0xFFF5
[3536] [M]: 0x000000008001E370 (0xFFF58593) addi a1, a1, 4095
x11 <- 0xFFFFFFFFFFFFFFFF
mem[X,0x000000008001E374] -> 0x9593
mem[X,0x000000008001E376] -> 0x00B5
[3537] [M]: 0x000000008001E374 (0x00B59593) slli a1, a1, 11
x11 <- 0xFFFFFFFFFFFFF800
mem[X,0x000000008001E378] -> 0x8593
mem[X,0x000000008001E37A] -> 0x2575
[3538] [M]: 0x000000008001E378 (0x25758593) addi a1, a1, 599
x11 <- 0xFFFFFFFFFFFFFA57
mem[X,0x000000008001E37C] -> 0x9593
mem[X,0x000000008001E37E] -> 0x00B5
[3539] [M]: 0x000000008001E37C (0x00B59593) slli a1, a1, 11
x11 <- 0xFFFFFFFFFFD2B800
mem[X,0x000000008001E380] -> 0x8593
mem[X,0x000000008001E382] -> 0x6C35
[3540] [M]: 0x000000008001E380 (0x6C358593) addi a1, a1, 1731
x11 <- 0xFFFFFFFFFFD2BEC3
mem[X,0x000000008001E384] -> 0x9593
mem[X,0x000000008001E386] -> 0x00A5
[3541] [M]: 0x000000008001E384 (0x00A59593) slli a1, a1, 10
x11 <- 0xFFFFFFFF4AFB0C00
mem[X,0x000000008001E388] -> 0x8593
mem[X,0x000000008001E38A] -> 0x0CE5
[3542] [M]: 0x000000008001E388 (0x0CE58593) addi a1, a1, 206
x11 <- 0xFFFFFFFF4AFB0CCE
mem[X,0x000000008001E38C] -> 0x0213
mem[X,0x000000008001E38E] -> 0x0000
[3543] [M]: 0x000000008001E38C (0x00000213) addi tp, zero, 0
x4 <- 0x0000000000000000
mem[X,0x000000008001E390] -> 0x006F
mem[X,0x000000008001E392] -> 0x0050
[3544] [M]: 0x000000008001E390 (0x0050006F) jal zero, 2052
mem[X,0x000000008001EB94] -> 0x00E3
mem[X,0x000000008001EB96] -> 0x80B5
[3545] [M]: 0x000000008001EB94 (0x80B500E3) beq a0, a1, 6144
mem[X,0x000000008001EB98] -> 0x0213
mem[X,0x000000008001EB9A] -> 0x0022
[3546] [M]: 0x000000008001EB98 (0x00220213) addi tp, tp, 2
x4 <- 0x0000000000000002
mem[X,0x000000008001EB9C] -> 0x006F
mem[X,0x000000008001EB9E] -> 0x00C0
[3547] [M]: 0x000000008001EB9C (0x00C0006F) jal zero, 12
mem[X,0x000000008001EBA8] -> 0x3023
mem[X,0x000000008001EBAA] -> 0x7641
[3548] [M]: 0x000000008001EBA8 (0x76413023) sd tp, 1888(sp)
mem[0x0000000080049928] <- 0x0000000000000002
mem[X,0x000000008001EBAC] -> 0xB537
mem[X,0x000000008001EBAE] -> 0xAAAA
[3549] [M]: 0x000000008001EBAC (0xAAAAB537) lui a0, 699051
x10 <- 0xFFFFFFFFAAAAB000
mem[X,0x000000008001EBB0] -> 0x0513
mem[X,0x000000008001EBB2] -> 0xAAA5
[3550] [M]: 0x000000008001EBB0 (0xAAA50513) addi a0, a0, 2730
x10 <- 0xFFFFFFFFAAAAAAAA
mem[X,0x000000008001EBB4] -> 0x1513
mem[X,0x000000008001EBB6] -> 0x00B5
[3551] [M]: 0x000000008001EBB4 (0x00B51513) slli a0, a0, 11
x10 <- 0xFFFFFD5555555000
mem[X,0x000000008001EBB8] -> 0x0513
mem[X,0x000000008001EBBA] -> 0x5555
[3552] [M]: 0x000000008001EBB8 (0x55550513) addi a0, a0, 1365
x10 <- 0xFFFFFD5555555555
mem[X,0x000000008001EBBC] -> 0x1513
mem[X,0x000000008001EBBE] -> 0x00B5
[3553] [M]: 0x000000008001EBBC (0x00B51513) slli a0, a0, 11
x10 <- 0xFFEAAAAAAAAAA800
mem[X,0x000000008001EBC0] -> 0x0513
mem[X,0x000000008001EBC2] -> 0x2AA5
[3554] [M]: 0x000000008001EBC0 (0x2AA50513) addi a0, a0, 682
x10 <- 0xFFEAAAAAAAAAAAAA
mem[X,0x000000008001EBC4] -> 0x1513
mem[X,0x000000008001EBC6] -> 0x00A5
[3555] [M]: 0x000000008001EBC4 (0x00A51513) slli a0, a0, 10
x10 <- 0xAAAAAAAAAAAAA800
mem[X,0x000000008001EBC8] -> 0x0513
mem[X,0x000000008001EBCA] -> 0x2AA5
[3556] [M]: 0x000000008001EBC8 (0x2AA50513) addi a0, a0, 682
x10 <- 0xAAAAAAAAAAAAAAAA
mem[X,0x000000008001EBCC] -> 0x05B7
mem[X,0x000000008001EBCE] -> 0x0000
[3557] [M]: 0x000000008001EBCC (0x000005B7) lui a1, 0
x11 <- 0x0000000000000000
mem[X,0x000000008001EBD0] -> 0x8593
mem[X,0x000000008001EBD2] -> 0x0005
[3558] [M]: 0x000000008001EBD0 (0x00058593) addi a1, a1, 0
x11 <- 0x0000000000000000
mem[X,0x000000008001EBD4] -> 0x9593
mem[X,0x000000008001EBD6] -> 0x00B5
[3559] [M]: 0x000000008001EBD4 (0x00B59593) slli a1, a1, 11
x11 <- 0x0000000000000000
mem[X,0x000000008001EBD8] -> 0x8593
mem[X,0x000000008001EBDA] -> 0x5A85
[3560] [M]: 0x000000008001EBD8 (0x5A858593) addi a1, a1, 1448
x11 <- 0x00000000000005A8
mem[X,0x000000008001EBDC] -> 0x9593
mem[X,0x000000008001EBDE] -> 0x00B5
[3561] [M]: 0x000000008001EBDC (0x00B59593) slli a1, a1, 11
x11 <- 0x00000000002D4000
mem[X,0x000000008001EBE0] -> 0x8593
mem[X,0x000000008001EBE2] -> 0x13C5
[3562] [M]: 0x000000008001EBE0 (0x13C58593) addi a1, a1, 316
x11 <- 0x00000000002D413C
mem[X,0x000000008001EBE4] -> 0x9593
mem[X,0x000000008001EBE6] -> 0x00A5
[3563] [M]: 0x000000008001EBE4 (0x00A59593) slli a1, a1, 10
x11 <- 0x00000000B504F000
mem[X,0x000000008001EBE8] -> 0x8593
mem[X,0x000000008001EBEA] -> 0x3345
[3564] [M]: 0x000000008001EBE8 (0x33458593) addi a1, a1, 820
x11 <- 0x00000000B504F334
mem[X,0x000000008001EBEC] -> 0x0213
mem[X,0x000000008001EBEE] -> 0x0000
[3565] [M]: 0x000000008001EBEC (0x00000213) addi tp, zero, 0
x4 <- 0x0000000000000000
mem[X,0x000000008001EBF0] -> 0x006F
mem[X,0x000000008001EBF2] -> 0x00C0
[3566] [M]: 0x000000008001EBF0 (0x00C0006F) jal zero, 12
mem[X,0x000000008001EBFC] -> 0x0063
mem[X,0x000000008001EBFE] -> 0x02B5
[3567] [M]: 0x000000008001EBFC (0x02B50063) beq a0, a1, 32
mem[X,0x000000008001EC00] -> 0x0213
mem[X,0x000000008001EC02] -> 0x0022
[3568] [M]: 0x000000008001EC00 (0x00220213) addi tp, tp, 2
x4 <- 0x0000000000000002
mem[X,0x000000008001EC04] -> 0x006F
mem[X,0x000000008001EC06] -> 0x0200
[3569] [M]: 0x000000008001EC04 (0x0200006F) jal zero, 32
mem[X,0x000000008001EC24] -> 0x3423
mem[X,0x000000008001EC26] -> 0x7641
[3570] [M]: 0x000000008001EC24 (0x76413423) sd tp, 1896(sp)
mem[0x0000000080049930] <- 0x0000000000000002
mem[X,0x000000008001EC28] -> 0x0513
mem[X,0x000000008001EC2A] -> 0x0050
[3571] [M]: 0x000000008001EC28 (0x00500513) addi a0, zero, 5
x10 <- 0x0000000000000005
mem[X,0x000000008001EC2C] -> 0x0593
mem[X,0x000000008001EC2E] -> 0x0030
[3572] [M]: 0x000000008001EC2C (0x00300593) addi a1, zero, 3
x11 <- 0x0000000000000003
mem[X,0x000000008001EC30] -> 0x0213
mem[X,0x000000008001EC32] -> 0x0000
[3573] [M]: 0x000000008001EC30 (0x00000213) addi tp, zero, 0
x4 <- 0x0000000000000000
mem[X,0x000000008001EC34] -> 0x006F
mem[X,0x000000008001EC36] -> 0x00C0
[3574] [M]: 0x000000008001EC34 (0x00C0006F) jal zero, 12
mem[X,0x000000008001EC40] -> 0x0663
mem[X,0x000000008001EC42] -> 0x00B5
[3575] [M]: 0x000000008001EC40 (0x00B50663) beq a0, a1, 12
mem[X,0x000000008001EC44] -> 0x0213
mem[X,0x000000008001EC46] -> 0x0022
[3576] [M]: 0x000000008001EC44 (0x00220213) addi tp, tp, 2
x4 <- 0x0000000000000002
mem[X,0x000000008001EC48] -> 0x006F
mem[X,0x000000008001EC4A] -> 0x00C0
[3577] [M]: 0x000000008001EC48 (0x00C0006F) jal zero, 12
mem[X,0x000000008001EC54] -> 0x3823
mem[X,0x000000008001EC56] -> 0x7641
[3578] [M]: 0x000000008001EC54 (0x76413823) sd tp, 1904(sp)
mem[0x0000000080049938] <- 0x0000000000000002
mem[X,0x000000008001EC58] -> 0x0513
mem[X,0x000000008001EC5A] -> 0x0050
[3579] [M]: 0x000000008001EC58 (0x00500513) addi a0, zero, 5
x10 <- 0x0000000000000005
mem[X,0x000000008001EC5C] -> 0x55B7
mem[X,0x000000008001EC5E] -> 0x5555
[3580] [M]: 0x000000008001EC5C (0x555555B7) lui a1, 349525
x11 <- 0x0000000055555000
mem[X,0x000000008001EC60] -> 0x8593
mem[X,0x000000008001EC62] -> 0x5555
[3581] [M]: 0x000000008001EC60 (0x55558593) addi a1, a1, 1365
x11 <- 0x0000000055555555
mem[X,0x000000008001EC64] -> 0x9593
mem[X,0x000000008001EC66] -> 0x00B5
[3582] [M]: 0x000000008001EC64 (0x00B59593) slli a1, a1, 11
x11 <- 0x000002AAAAAAA800
mem[X,0x000000008001EC68] -> 0x8593
mem[X,0x000000008001EC6A] -> 0x2AA5
[3583] [M]: 0x000000008001EC68 (0x2AA58593) addi a1, a1, 682
x11 <- 0x000002AAAAAAAAAA
mem[X,0x000000008001EC6C] -> 0x9593
mem[X,0x000000008001EC6E] -> 0x00B5
[3584] [M]: 0x000000008001EC6C (0x00B59593) slli a1, a1, 11
x11 <- 0x0015555555555000
mem[X,0x000000008001EC70] -> 0x8593
mem[X,0x000000008001EC72] -> 0x5555
[3585] [M]: 0x000000008001EC70 (0x55558593) addi a1, a1, 1365
x11 <- 0x0015555555555555
mem[X,0x000000008001EC74] -> 0x9593
mem[X,0x000000008001EC76] -> 0x00A5
[3586] [M]: 0x000000008001EC74 (0x00A59593) slli a1, a1, 10
x11 <- 0x5555555555555400
mem[X,0x000000008001EC78] -> 0x8593
mem[X,0x000000008001EC7A] -> 0x1555
[3587] [M]: 0x000000008001EC78 (0x15558593) addi a1, a1, 341
x11 <- 0x5555555555555555
mem[X,0x000000008001EC7C] -> 0x0213
mem[X,0x000000008001EC7E] -> 0x0000
[3588] [M]: 0x000000008001EC7C (0x00000213) addi tp, zero, 0
x4 <- 0x0000000000000000
mem[X,0x000000008001EC80] -> 0x006F
mem[X,0x000000008001EC82] -> 0x00C0
[3589] [M]: 0x000000008001EC80 (0x00C0006F) jal zero, 12
mem[X,0x000000008001EC8C] -> 0x0063
mem[X,0x000000008001EC8E] -> 0x10B5
[3590] [M]: 0x000000008001EC8C (0x10B50063) beq a0, a1, 256
mem[X,0x000000008001EC90] -> 0x0213
mem[X,0x000000008001EC92] -> 0x0022
[3591] [M]: 0x000000008001EC90 (0x00220213) addi tp, tp, 2
x4 <- 0x0000000000000002
mem[X,0x000000008001EC94] -> 0x006F
mem[X,0x000000008001EC96] -> 0x1000
[3592] [M]: 0x000000008001EC94 (0x1000006F) jal zero, 256
mem[X,0x000000008001ED94] -> 0x3C23
mem[X,0x000000008001ED96] -> 0x7641
[3593] [M]: 0x000000008001ED94 (0x76413C23) sd tp, 1912(sp)
mem[0x0000000080049940] <- 0x0000000000000002
mem[X,0x000000008001ED98] -> 0x0513
mem[X,0x000000008001ED9A] -> 0x0050
[3594] [M]: 0x000000008001ED98 (0x00500513) addi a0, zero, 5
x10 <- 0x0000000000000005
mem[X,0x000000008001ED9C] -> 0xB5B7
mem[X,0x000000008001ED9E] -> 0xAAAA
[3595] [M]: 0x000000008001ED9C (0xAAAAB5B7) lui a1, 699051
x11 <- 0xFFFFFFFFAAAAB000
mem[X,0x000000008001EDA0] -> 0x8593
mem[X,0x000000008001EDA2] -> 0xAAA5
[3596] [M]: 0x000000008001EDA0 (0xAAA58593) addi a1, a1, 2730
x11 <- 0xFFFFFFFFAAAAAAAA
mem[X,0x000000008001EDA4] -> 0x9593
mem[X,0x000000008001EDA6] -> 0x00B5
[3597] [M]: 0x000000008001EDA4 (0x00B59593) slli a1, a1, 11
x11 <- 0xFFFFFD5555555000
mem[X,0x000000008001EDA8] -> 0x8593
mem[X,0x000000008001EDAA] -> 0x5555
[3598] [M]: 0x000000008001EDA8 (0x55558593) addi a1, a1, 1365
x11 <- 0xFFFFFD5555555555
mem[X,0x000000008001EDAC] -> 0x9593
mem[X,0x000000008001EDAE] -> 0x00B5
[3599] [M]: 0x000000008001EDAC (0x00B59593) slli a1, a1, 11
x11 <- 0xFFEAAAAAAAAAA800
clint::tick mtime <- 0x0000000000000024
 clint timer pending at mtime 0x0000000000000024
htif::tick 0x0000000000000000
mem[X,0x000000008001EDB0] -> 0x8593
mem[X,0x000000008001EDB2] -> 0x2AA5
[3600] [M]: 0x000000008001EDB0 (0x2AA58593) addi a1, a1, 682
x11 <- 0xFFEAAAAAAAAAAAAA
mem[X,0x000000008001EDB4] -> 0x9593
mem[X,0x000000008001EDB6] -> 0x00A5
[3601] [M]: 0x000000008001EDB4 (0x00A59593) slli a1, a1, 10
x11 <- 0xAAAAAAAAAAAAA800
mem[X,0x000000008001EDB8] -> 0x8593
mem[X,0x000000008001EDBA] -> 0x2AA5
[3602] [M]: 0x000000008001EDB8 (0x2AA58593) addi a1, a1, 682
x11 <- 0xAAAAAAAAAAAAAAAA
mem[X,0x000000008001EDBC] -> 0x0213
mem[X,0x000000008001EDBE] -> 0x0000
[3603] [M]: 0x000000008001EDBC (0x00000213) addi tp, zero, 0
x4 <- 0x0000000000000000
mem[X,0x000000008001EDC0] -> 0x006F
mem[X,0x000000008001EDC2] -> 0x0050
[3604] [M]: 0x000000008001EDC0 (0x0050006F) jal zero, 2052
mem[X,0x000000008001F5C4] -> 0x00E3
mem[X,0x000000008001F5C6] -> 0x80B5
[3605] [M]: 0x000000008001F5C4 (0x80B500E3) beq a0, a1, 6144
mem[X,0x000000008001F5C8] -> 0x0213
mem[X,0x000000008001F5CA] -> 0x0022
[3606] [M]: 0x000000008001F5C8 (0x00220213) addi tp, tp, 2
x4 <- 0x0000000000000002
mem[X,0x000000008001F5CC] -> 0x006F
mem[X,0x000000008001F5CE] -> 0x00C0
[3607] [M]: 0x000000008001F5CC (0x00C0006F) jal zero, 12
mem[X,0x000000008001F5D8] -> 0x3023
mem[X,0x000000008001F5DA] -> 0x7841
[3608] [M]: 0x000000008001F5D8 (0x78413023) sd tp, 1920(sp)
mem[0x0000000080049948] <- 0x0000000000000002
mem[X,0x000000008001F5DC] -> 0x0513
mem[X,0x000000008001F5DE] -> 0x0050
[3609] [M]: 0x000000008001F5DC (0x00500513) addi a0, zero, 5
x10 <- 0x0000000000000005
mem[X,0x000000008001F5E0] -> 0x0593
mem[X,0x000000008001F5E2] -> 0x0050
[3610] [M]: 0x000000008001F5E0 (0x00500593) addi a1, zero, 5
x11 <- 0x0000000000000005
mem[X,0x000000008001F5E4] -> 0x0213
mem[X,0x000000008001F5E6] -> 0x0000
[3611] [M]: 0x000000008001F5E4 (0x00000213) addi tp, zero, 0
x4 <- 0x0000000000000000
mem[X,0x000000008001F5E8] -> 0x006F
mem[X,0x000000008001F5EA] -> 0x00C0
[3612] [M]: 0x000000008001F5E8 (0x00C0006F) jal zero, 12
mem[X,0x000000008001F5F4] -> 0x0063
mem[X,0x000000008001F5F6] -> 0x20B5
[3613] [M]: 0x000000008001F5F4 (0x20B50063) beq a0, a1, 512
mem[X,0x000000008001F7F4] -> 0x0213
mem[X,0x000000008001F7F6] -> 0x0032
[3614] [M]: 0x000000008001F7F4 (0x00320213) addi tp, tp, 3
x4 <- 0x0000000000000003
mem[X,0x000000008001F7F8] -> 0x006F
mem[X,0x000000008001F7FA] -> 0x0040
[3615] [M]: 0x000000008001F7F8 (0x0040006F) jal zero, 4
mem[X,0x000000008001F7FC] -> 0x3423
mem[X,0x000000008001F7FE] -> 0x7841
[3616] [M]: 0x000000008001F7FC (0x78413423) sd tp, 1928(sp)
mem[0x0000000080049950] <- 0x0000000000000003
mem[X,0x000000008001F800] -> 0x0513
mem[X,0x000000008001F802] -> 0x0050
[3617] [M]: 0x000000008001F800 (0x00500513) addi a0, zero, 5
x10 <- 0x0000000000000005
mem[X,0x000000008001F804] -> 0x35B7
mem[X,0x000000008001F806] -> 0x3333
[3618] [M]: 0x000000008001F804 (0x333335B7) lui a1, 209715
x11 <- 0x0000000033333000
mem[X,0x000000008001F808] -> 0x8593
mem[X,0x000000008001F80A] -> 0x3335
[3619] [M]: 0x000000008001F808 (0x33358593) addi a1, a1, 819
x11 <- 0x0000000033333333
mem[X,0x000000008001F80C] -> 0x9593
mem[X,0x000000008001F80E] -> 0x00B5
[3620] [M]: 0x000000008001F80C (0x00B59593) slli a1, a1, 11
x11 <- 0x0000019999999800
mem[X,0x000000008001F810] -> 0x8593
mem[X,0x000000008001F812] -> 0x1995
[3621] [M]: 0x000000008001F810 (0x19958593) addi a1, a1, 409
x11 <- 0x0000019999999999
mem[X,0x000000008001F814] -> 0x9593
mem[X,0x000000008001F816] -> 0x00B5
[3622] [M]: 0x000000008001F814 (0x00B59593) slli a1, a1, 11
x11 <- 0x000CCCCCCCCCC800
mem[X,0x000000008001F818] -> 0x8593
mem[X,0x000000008001F81A] -> 0x4CC5
[3623] [M]: 0x000000008001F818 (0x4CC58593) addi a1, a1, 1228
x11 <- 0x000CCCCCCCCCCCCC
mem[X,0x000000008001F81C] -> 0x9593
mem[X,0x000000008001F81E] -> 0x00A5
[3624] [M]: 0x000000008001F81C (0x00A59593) slli a1, a1, 10
x11 <- 0x3333333333333000
mem[X,0x000000008001F820] -> 0x8593
mem[X,0x000000008001F822] -> 0x3335
[3625] [M]: 0x000000008001F820 (0x33358593) addi a1, a1, 819
x11 <- 0x3333333333333333
mem[X,0x000000008001F824] -> 0x0213
mem[X,0x000000008001F826] -> 0x0000
[3626] [M]: 0x000000008001F824 (0x00000213) addi tp, zero, 0
x4 <- 0x0000000000000000
mem[X,0x000000008001F828] -> 0x006F
mem[X,0x000000008001F82A] -> 0x00C0
[3627] [M]: 0x000000008001F828 (0x00C0006F) jal zero, 12
mem[X,0x000000008001F834] -> 0x0663
mem[X,0x000000008001F836] -> 0x00B5
[3628] [M]: 0x000000008001F834 (0x00B50663) beq a0, a1, 12
mem[X,0x000000008001F838] -> 0x0213
mem[X,0x000000008001F83A] -> 0x0022
[3629] [M]: 0x000000008001F838 (0x00220213) addi tp, tp, 2
x4 <- 0x0000000000000002
mem[X,0x000000008001F83C] -> 0x006F
mem[X,0x000000008001F83E] -> 0x00C0
[3630] [M]: 0x000000008001F83C (0x00C0006F) jal zero, 12
mem[X,0x000000008001F848] -> 0x3823
mem[X,0x000000008001F84A] -> 0x7841
[3631] [M]: 0x000000008001F848 (0x78413823) sd tp, 1936(sp)
mem[0x0000000080049958] <- 0x0000000000000002
mem[X,0x000000008001F84C] -> 0x0513
mem[X,0x000000008001F84E] -> 0x0050
[3632] [M]: 0x000000008001F84C (0x00500513) addi a0, zero, 5
x10 <- 0x0000000000000005
mem[X,0x000000008001F850] -> 0x65B7
mem[X,0x000000008001F852] -> 0x6666
[3633] [M]: 0x000000008001F850 (0x666665B7) lui a1, 419430
x11 <- 0x0000000066666000
mem[X,0x000000008001F854] -> 0x8593
mem[X,0x000000008001F856] -> 0x6665
[3634] [M]: 0x000000008001F854 (0x66658593) addi a1, a1, 1638
x11 <- 0x0000000066666666
mem[X,0x000000008001F858] -> 0x9593
mem[X,0x000000008001F85A] -> 0x00B5
[3635] [M]: 0x000000008001F858 (0x00B59593) slli a1, a1, 11
x11 <- 0x0000033333333000
mem[X,0x000000008001F85C] -> 0x8593
mem[X,0x000000008001F85E] -> 0x3335
[3636] [M]: 0x000000008001F85C (0x33358593) addi a1, a1, 819
x11 <- 0x0000033333333333
mem[X,0x000000008001F860] -> 0x9593
mem[X,0x000000008001F862] -> 0x00B5
[3637] [M]: 0x000000008001F860 (0x00B59593) slli a1, a1, 11
x11 <- 0x0019999999999800
mem[X,0x000000008001F864] -> 0x8593
mem[X,0x000000008001F866] -> 0x1995
[3638] [M]: 0x000000008001F864 (0x19958593) addi a1, a1, 409
x11 <- 0x0019999999999999
mem[X,0x000000008001F868] -> 0x9593
mem[X,0x000000008001F86A] -> 0x00A5
[3639] [M]: 0x000000008001F868 (0x00A59593) slli a1, a1, 10
x11 <- 0x6666666666666400
mem[X,0x000000008001F86C] -> 0x8593
mem[X,0x000000008001F86E] -> 0x2665
[3640] [M]: 0x000000008001F86C (0x26658593) addi a1, a1, 614
x11 <- 0x6666666666666666
mem[X,0x000000008001F870] -> 0x0213
mem[X,0x000000008001F872] -> 0x0000
[3641] [M]: 0x000000008001F870 (0x00000213) addi tp, zero, 0
x4 <- 0x0000000000000000
mem[X,0x000000008001F874] -> 0x006F
mem[X,0x000000008001F876] -> 0x00C0
[3642] [M]: 0x000000008001F874 (0x00C0006F) jal zero, 12
mem[X,0x000000008001F880] -> 0x0063
mem[X,0x000000008001F882] -> 0x02B5
[3643] [M]: 0x000000008001F880 (0x02B50063) beq a0, a1, 32
mem[X,0x000000008001F884] -> 0x0213
mem[X,0x000000008001F886] -> 0x0022
[3644] [M]: 0x000000008001F884 (0x00220213) addi tp, tp, 2
x4 <- 0x0000000000000002
mem[X,0x000000008001F888] -> 0x006F
mem[X,0x000000008001F88A] -> 0x0200
[3645] [M]: 0x000000008001F888 (0x0200006F) jal zero, 32
mem[X,0x000000008001F8A8] -> 0x3C23
mem[X,0x000000008001F8AA] -> 0x7841
[3646] [M]: 0x000000008001F8A8 (0x78413C23) sd tp, 1944(sp)
mem[0x0000000080049960] <- 0x0000000000000002
mem[X,0x000000008001F8AC] -> 0x0513
mem[X,0x000000008001F8AE] -> 0x0050
[3647] [M]: 0x000000008001F8AC (0x00500513) addi a0, zero, 5
x10 <- 0x0000000000000005
mem[X,0x000000008001F8B0] -> 0x05B7
mem[X,0x000000008001F8B2] -> 0x0000
[3648] [M]: 0x000000008001F8B0 (0x000005B7) lui a1, 0
x11 <- 0x0000000000000000
mem[X,0x000000008001F8B4] -> 0x8593
mem[X,0x000000008001F8B6] -> 0xFFF5
[3649] [M]: 0x000000008001F8B4 (0xFFF58593) addi a1, a1, 4095
x11 <- 0xFFFFFFFFFFFFFFFF
mem[X,0x000000008001F8B8] -> 0x9593
mem[X,0x000000008001F8BA] -> 0x00B5
[3650] [M]: 0x000000008001F8B8 (0x00B59593) slli a1, a1, 11
x11 <- 0xFFFFFFFFFFFFF800
mem[X,0x000000008001F8BC] -> 0x8593
mem[X,0x000000008001F8BE] -> 0x2575
[3651] [M]: 0x000000008001F8BC (0x25758593) addi a1, a1, 599
x11 <- 0xFFFFFFFFFFFFFA57
mem[X,0x000000008001F8C0] -> 0x9593
mem[X,0x000000008001F8C2] -> 0x00B5
[3652] [M]: 0x000000008001F8C0 (0x00B59593) slli a1, a1, 11
x11 <- 0xFFFFFFFFFFD2B800
mem[X,0x000000008001F8C4] -> 0x8593
mem[X,0x000000008001F8C6] -> 0x6C35
[3653] [M]: 0x000000008001F8C4 (0x6C358593) addi a1, a1, 1731
x11 <- 0xFFFFFFFFFFD2BEC3
mem[X,0x000000008001F8C8] -> 0x9593
mem[X,0x000000008001F8CA] -> 0x00A5
[3654] [M]: 0x000000008001F8C8 (0x00A59593) slli a1, a1, 10
x11 <- 0xFFFFFFFF4AFB0C00
mem[X,0x000000008001F8CC] -> 0x8593
mem[X,0x000000008001F8CE] -> 0x0CD5
[3655] [M]: 0x000000008001F8CC (0x0CD58593) addi a1, a1, 205
x11 <- 0xFFFFFFFF4AFB0CCD
mem[X,0x000000008001F8D0] -> 0x0213
mem[X,0x000000008001F8D2] -> 0x0000
[3656] [M]: 0x000000008001F8D0 (0x00000213) addi tp, zero, 0
x4 <- 0x0000000000000000
mem[X,0x000000008001F8D4] -> 0x006F
mem[X,0x000000008001F8D6] -> 0x00C0
[3657] [M]: 0x000000008001F8D4 (0x00C0006F) jal zero, 12
mem[X,0x000000008001F8E0] -> 0x0663
mem[X,0x000000008001F8E2] -> 0x00B5
[3658] [M]: 0x000000008001F8E0 (0x00B50663) beq a0, a1, 12
mem[X,0x000000008001F8E4] -> 0x0213
mem[X,0x000000008001F8E6] -> 0x0022
[3659] [M]: 0x000000008001F8E4 (0x00220213) addi tp, tp, 2
x4 <- 0x0000000000000002
mem[X,0x000000008001F8E8] -> 0x006F
mem[X,0x000000008001F8EA] -> 0x00C0
[3660] [M]: 0x000000008001F8E8 (0x00C0006F) jal zero, 12
mem[X,0x000000008001F8F4] -> 0x3023
mem[X,0x000000008001F8F6] -> 0x7A41
[3661] [M]: 0x000000008001F8F4 (0x7A413023) sd tp, 1952(sp)
mem[0x0000000080049968] <- 0x0000000000000002
mem[X,0x000000008001F8F8] -> 0x0513
mem[X,0x000000008001F8FA] -> 0x0050
[3662] [M]: 0x000000008001F8F8 (0x00500513) addi a0, zero, 5
x10 <- 0x0000000000000005
mem[X,0x000000008001F8FC] -> 0x05B7
mem[X,0x000000008001F8FE] -> 0x0000
[3663] [M]: 0x000000008001F8FC (0x000005B7) lui a1, 0
x11 <- 0x0000000000000000
mem[X,0x000000008001F900] -> 0x8593
mem[X,0x000000008001F902] -> 0x0005
[3664] [M]: 0x000000008001F900 (0x00058593) addi a1, a1, 0
x11 <- 0x0000000000000000
mem[X,0x000000008001F904] -> 0x9593
mem[X,0x000000008001F906] -> 0x00B5
[3665] [M]: 0x000000008001F904 (0x00B59593) slli a1, a1, 11
x11 <- 0x0000000000000000
mem[X,0x000000008001F908] -> 0x8593
mem[X,0x000000008001F90A] -> 0x5A85
[3666] [M]: 0x000000008001F908 (0x5A858593) addi a1, a1, 1448
x11 <- 0x00000000000005A8
mem[X,0x000000008001F90C] -> 0x9593
mem[X,0x000000008001F90E] -> 0x00B5
[3667] [M]: 0x000000008001F90C (0x00B59593) slli a1, a1, 11
x11 <- 0x00000000002D4000
mem[X,0x000000008001F910] -> 0x8593
mem[X,0x000000008001F912] -> 0x13C5
[3668] [M]: 0x000000008001F910 (0x13C58593) addi a1, a1, 316
x11 <- 0x00000000002D413C
mem[X,0x000000008001F914] -> 0x9593
mem[X,0x000000008001F916] -> 0x00A5
[3669] [M]: 0x000000008001F914 (0x00A59593) slli a1, a1, 10
x11 <- 0x00000000B504F000
mem[X,0x000000008001F918] -> 0x8593
mem[X,0x000000008001F91A] -> 0x3335
[3670] [M]: 0x000000008001F918 (0x33358593) addi a1, a1, 819
x11 <- 0x00000000B504F333
mem[X,0x000000008001F91C] -> 0x0213
mem[X,0x000000008001F91E] -> 0x0000
[3671] [M]: 0x000000008001F91C (0x00000213) addi tp, zero, 0
x4 <- 0x0000000000000000
mem[X,0x000000008001F920] -> 0x006F
mem[X,0x000000008001F922] -> 0x00C0
[3672] [M]: 0x000000008001F920 (0x00C0006F) jal zero, 12
mem[X,0x000000008001F92C] -> 0x0663
mem[X,0x000000008001F92E] -> 0x00B5
[3673] [M]: 0x000000008001F92C (0x00B50663) beq a0, a1, 12
mem[X,0x000000008001F930] -> 0x0213
mem[X,0x000000008001F932] -> 0x0022
[3674] [M]: 0x000000008001F930 (0x00220213) addi tp, tp, 2
x4 <- 0x0000000000000002
mem[X,0x000000008001F934] -> 0x006F
mem[X,0x000000008001F936] -> 0x00C0
[3675] [M]: 0x000000008001F934 (0x00C0006F) jal zero, 12
mem[X,0x000000008001F940] -> 0x3423
mem[X,0x000000008001F942] -> 0x7A41
[3676] [M]: 0x000000008001F940 (0x7A413423) sd tp, 1960(sp)
mem[0x0000000080049970] <- 0x0000000000000002
mem[X,0x000000008001F944] -> 0x0513
mem[X,0x000000008001F946] -> 0x0050
[3677] [M]: 0x000000008001F944 (0x00500513) addi a0, zero, 5
x10 <- 0x0000000000000005
mem[X,0x000000008001F948] -> 0x0593
mem[X,0x000000008001F94A] -> 0x0020
[3678] [M]: 0x000000008001F948 (0x00200593) addi a1, zero, 2
x11 <- 0x0000000000000002
mem[X,0x000000008001F94C] -> 0x0213
mem[X,0x000000008001F94E] -> 0x0000
[3679] [M]: 0x000000008001F94C (0x00000213) addi tp, zero, 0
x4 <- 0x0000000000000000
mem[X,0x000000008001F950] -> 0x006F
mem[X,0x000000008001F952] -> 0x00C0
[3680] [M]: 0x000000008001F950 (0x00C0006F) jal zero, 12
mem[X,0x000000008001F95C] -> 0x0063
mem[X,0x000000008001F95E] -> 0x20B5
[3681] [M]: 0x000000008001F95C (0x20B50063) beq a0, a1, 512
mem[X,0x000000008001F960] -> 0x0213
mem[X,0x000000008001F962] -> 0x0022
[3682] [M]: 0x000000008001F960 (0x00220213) addi tp, tp, 2
x4 <- 0x0000000000000002
mem[X,0x000000008001F964] -> 0x006F
mem[X,0x000000008001F966] -> 0x2000
[3683] [M]: 0x000000008001F964 (0x2000006F) jal zero, 512
mem[X,0x000000008001FB64] -> 0x3823
mem[X,0x000000008001FB66] -> 0x7A41
[3684] [M]: 0x000000008001FB64 (0x7A413823) sd tp, 1968(sp)
mem[0x0000000080049978] <- 0x0000000000000002
mem[X,0x000000008001FB68] -> 0x0513
mem[X,0x000000008001FB6A] -> 0x0050
[3685] [M]: 0x000000008001FB68 (0x00500513) addi a0, zero, 5
x10 <- 0x0000000000000005
mem[X,0x000000008001FB6C] -> 0x55B7
mem[X,0x000000008001FB6E] -> 0x5555
[3686] [M]: 0x000000008001FB6C (0x555555B7) lui a1, 349525
x11 <- 0x0000000055555000
mem[X,0x000000008001FB70] -> 0x8593
mem[X,0x000000008001FB72] -> 0x5555
[3687] [M]: 0x000000008001FB70 (0x55558593) addi a1, a1, 1365
x11 <- 0x0000000055555555
mem[X,0x000000008001FB74] -> 0x9593
mem[X,0x000000008001FB76] -> 0x00B5
[3688] [M]: 0x000000008001FB74 (0x00B59593) slli a1, a1, 11
x11 <- 0x000002AAAAAAA800
mem[X,0x000000008001FB78] -> 0x8593
mem[X,0x000000008001FB7A] -> 0x2AA5
[3689] [M]: 0x000000008001FB78 (0x2AA58593) addi a1, a1, 682
x11 <- 0x000002AAAAAAAAAA
mem[X,0x000000008001FB7C] -> 0x9593
mem[X,0x000000008001FB7E] -> 0x00B5
[3690] [M]: 0x000000008001FB7C (0x00B59593) slli a1, a1, 11
x11 <- 0x0015555555555000
mem[X,0x000000008001FB80] -> 0x8593
mem[X,0x000000008001FB82] -> 0x5555
[3691] [M]: 0x000000008001FB80 (0x55558593) addi a1, a1, 1365
x11 <- 0x0015555555555555
mem[X,0x000000008001FB84] -> 0x9593
mem[X,0x000000008001FB86] -> 0x00A5
[3692] [M]: 0x000000008001FB84 (0x00A59593) slli a1, a1, 10
x11 <- 0x5555555555555400
mem[X,0x000000008001FB88] -> 0x8593
mem[X,0x000000008001FB8A] -> 0x1545
[3693] [M]: 0x000000008001FB88 (0x15458593) addi a1, a1, 340
x11 <- 0x5555555555555554
mem[X,0x000000008001FB8C] -> 0x0213
mem[X,0x000000008001FB8E] -> 0x0000
[3694] [M]: 0x000000008001FB8C (0x00000213) addi tp, zero, 0
x4 <- 0x0000000000000000
mem[X,0x000000008001FB90] -> 0x006F
mem[X,0x000000008001FB92] -> 0x00C0
[3695] [M]: 0x000000008001FB90 (0x00C0006F) jal zero, 12
mem[X,0x000000008001FB9C] -> 0x0663
mem[X,0x000000008001FB9E] -> 0x00B5
[3696] [M]: 0x000000008001FB9C (0x00B50663) beq a0, a1, 12
mem[X,0x000000008001FBA0] -> 0x0213
mem[X,0x000000008001FBA2] -> 0x0022
[3697] [M]: 0x000000008001FBA0 (0x00220213) addi tp, tp, 2
x4 <- 0x0000000000000002
mem[X,0x000000008001FBA4] -> 0x006F
mem[X,0x000000008001FBA6] -> 0x00C0
[3698] [M]: 0x000000008001FBA4 (0x00C0006F) jal zero, 12
mem[X,0x000000008001FBB0] -> 0x3C23
mem[X,0x000000008001FBB2] -> 0x7A41
[3699] [M]: 0x000000008001FBB0 (0x7A413C23) sd tp, 1976(sp)
mem[0x0000000080049980] <- 0x0000000000000002
clint::tick mtime <- 0x0000000000000025
 clint timer pending at mtime 0x0000000000000025
htif::tick 0x0000000000000000
mem[X,0x000000008001FBB4] -> 0x0513
mem[X,0x000000008001FBB6] -> 0x0050
[3700] [M]: 0x000000008001FBB4 (0x00500513) addi a0, zero, 5
x10 <- 0x0000000000000005
mem[X,0x000000008001FBB8] -> 0x0593
mem[X,0x000000008001FBBA] -> 0x0000
[3701] [M]: 0x000000008001FBB8 (0x00000593) addi a1, zero, 0
x11 <- 0x0000000000000000
mem[X,0x000000008001FBBC] -> 0x0213
mem[X,0x000000008001FBBE] -> 0x0000
[3702] [M]: 0x000000008001FBBC (0x00000213) addi tp, zero, 0
x4 <- 0x0000000000000000
mem[X,0x000000008001FBC0] -> 0x006F
mem[X,0x000000008001FBC2] -> 0x00C0
[3703] [M]: 0x000000008001FBC0 (0x00C0006F) jal zero, 12
mem[X,0x000000008001FBCC] -> 0x0663
mem[X,0x000000008001FBCE] -> 0x00B5
[3704] [M]: 0x000000008001FBCC (0x00B50663) beq a0, a1, 12
mem[X,0x000000008001FBD0] -> 0x0213
mem[X,0x000000008001FBD2] -> 0x0022
[3705] [M]: 0x000000008001FBD0 (0x00220213) addi tp, tp, 2
x4 <- 0x0000000000000002
mem[X,0x000000008001FBD4] -> 0x006F
mem[X,0x000000008001FBD6] -> 0x00C0
[3706] [M]: 0x000000008001FBD4 (0x00C0006F) jal zero, 12
mem[X,0x000000008001FBE0] -> 0x3023
mem[X,0x000000008001FBE2] -> 0x7C41
[3707] [M]: 0x000000008001FBE0 (0x7C413023) sd tp, 1984(sp)
mem[0x0000000080049988] <- 0x0000000000000002
mem[X,0x000000008001FBE4] -> 0x0513
mem[X,0x000000008001FBE6] -> 0x0050
[3708] [M]: 0x000000008001FBE4 (0x00500513) addi a0, zero, 5
x10 <- 0x0000000000000005
mem[X,0x000000008001FBE8] -> 0x0593
mem[X,0x000000008001FBEA] -> 0x0040
[3709] [M]: 0x000000008001FBE8 (0x00400593) addi a1, zero, 4
x11 <- 0x0000000000000004
mem[X,0x000000008001FBEC] -> 0x0213
mem[X,0x000000008001FBEE] -> 0x0000
[3710] [M]: 0x000000008001FBEC (0x00000213) addi tp, zero, 0
x4 <- 0x0000000000000000
mem[X,0x000000008001FBF0] -> 0x006F
mem[X,0x000000008001FBF2] -> 0x00C0
[3711] [M]: 0x000000008001FBF0 (0x00C0006F) jal zero, 12
mem[X,0x000000008001FBFC] -> 0x0663
mem[X,0x000000008001FBFE] -> 0x00B5
[3712] [M]: 0x000000008001FBFC (0x00B50663) beq a0, a1, 12
mem[X,0x000000008001FC00] -> 0x0213
mem[X,0x000000008001FC02] -> 0x0022
[3713] [M]: 0x000000008001FC00 (0x00220213) addi tp, tp, 2
x4 <- 0x0000000000000002
mem[X,0x000000008001FC04] -> 0x006F
mem[X,0x000000008001FC06] -> 0x00C0
[3714] [M]: 0x000000008001FC04 (0x00C0006F) jal zero, 12
mem[X,0x000000008001FC10] -> 0x3423
mem[X,0x000000008001FC12] -> 0x7C41
[3715] [M]: 0x000000008001FC10 (0x7C413423) sd tp, 1992(sp)
mem[0x0000000080049990] <- 0x0000000000000002
mem[X,0x000000008001FC14] -> 0x0513
mem[X,0x000000008001FC16] -> 0x0050
[3716] [M]: 0x000000008001FC14 (0x00500513) addi a0, zero, 5
x10 <- 0x0000000000000005
mem[X,0x000000008001FC18] -> 0x35B7
mem[X,0x000000008001FC1A] -> 0x3333
[3717] [M]: 0x000000008001FC18 (0x333335B7) lui a1, 209715
x11 <- 0x0000000033333000
mem[X,0x000000008001FC1C] -> 0x8593
mem[X,0x000000008001FC1E] -> 0x3335
[3718] [M]: 0x000000008001FC1C (0x33358593) addi a1, a1, 819
x11 <- 0x0000000033333333
mem[X,0x000000008001FC20] -> 0x9593
mem[X,0x000000008001FC22] -> 0x00B5
[3719] [M]: 0x000000008001FC20 (0x00B59593) slli a1, a1, 11
x11 <- 0x0000019999999800
mem[X,0x000000008001FC24] -> 0x8593
mem[X,0x000000008001FC26] -> 0x1995
[3720] [M]: 0x000000008001FC24 (0x19958593) addi a1, a1, 409
x11 <- 0x0000019999999999
mem[X,0x000000008001FC28] -> 0x9593
mem[X,0x000000008001FC2A] -> 0x00B5
[3721] [M]: 0x000000008001FC28 (0x00B59593) slli a1, a1, 11
x11 <- 0x000CCCCCCCCCC800
mem[X,0x000000008001FC2C] -> 0x8593
mem[X,0x000000008001FC2E] -> 0x4CC5
[3722] [M]: 0x000000008001FC2C (0x4CC58593) addi a1, a1, 1228
x11 <- 0x000CCCCCCCCCCCCC
mem[X,0x000000008001FC30] -> 0x9593
mem[X,0x000000008001FC32] -> 0x00A5
[3723] [M]: 0x000000008001FC30 (0x00A59593) slli a1, a1, 10
x11 <- 0x3333333333333000
mem[X,0x000000008001FC34] -> 0x8593
mem[X,0x000000008001FC36] -> 0x3325
[3724] [M]: 0x000000008001FC34 (0x33258593) addi a1, a1, 818
x11 <- 0x3333333333333332
mem[X,0x000000008001FC38] -> 0x0213
mem[X,0x000000008001FC3A] -> 0x0000
[3725] [M]: 0x000000008001FC38 (0x00000213) addi tp, zero, 0
x4 <- 0x0000000000000000
mem[X,0x000000008001FC3C] -> 0x006F
mem[X,0x000000008001FC3E] -> 0x00C0
[3726] [M]: 0x000000008001FC3C (0x00C0006F) jal zero, 12
mem[X,0x000000008001FC48] -> 0x0CE3
mem[X,0x000000008001FC4A] -> 0xFEB5
[3727] [M]: 0x000000008001FC48 (0xFEB50CE3) beq a0, a1, 8184
mem[X,0x000000008001FC4C] -> 0x0213
mem[X,0x000000008001FC4E] -> 0x0022
[3728] [M]: 0x000000008001FC4C (0x00220213) addi tp, tp, 2
x4 <- 0x0000000000000002
mem[X,0x000000008001FC50] -> 0x006F
mem[X,0x000000008001FC52] -> 0x00C0
[3729] [M]: 0x000000008001FC50 (0x00C0006F) jal zero, 12
mem[X,0x000000008001FC5C] -> 0x3823
mem[X,0x000000008001FC5E] -> 0x7C41
[3730] [M]: 0x000000008001FC5C (0x7C413823) sd tp, 2000(sp)
mem[0x0000000080049998] <- 0x0000000000000002
mem[X,0x000000008001FC60] -> 0x0513
mem[X,0x000000008001FC62] -> 0x0050
[3731] [M]: 0x000000008001FC60 (0x00500513) addi a0, zero, 5
x10 <- 0x0000000000000005
mem[X,0x000000008001FC64] -> 0x65B7
mem[X,0x000000008001FC66] -> 0x6666
[3732] [M]: 0x000000008001FC64 (0x666665B7) lui a1, 419430
x11 <- 0x0000000066666000
mem[X,0x000000008001FC68] -> 0x8593
mem[X,0x000000008001FC6A] -> 0x6665
[3733] [M]: 0x000000008001FC68 (0x66658593) addi a1, a1, 1638
x11 <- 0x0000000066666666
mem[X,0x000000008001FC6C] -> 0x9593
mem[X,0x000000008001FC6E] -> 0x00B5
[3734] [M]: 0x000000008001FC6C (0x00B59593) slli a1, a1, 11
x11 <- 0x0000033333333000
mem[X,0x000000008001FC70] -> 0x8593
mem[X,0x000000008001FC72] -> 0x3335
[3735] [M]: 0x000000008001FC70 (0x33358593) addi a1, a1, 819
x11 <- 0x0000033333333333
mem[X,0x000000008001FC74] -> 0x9593
mem[X,0x000000008001FC76] -> 0x00B5
[3736] [M]: 0x000000008001FC74 (0x00B59593) slli a1, a1, 11
x11 <- 0x0019999999999800
mem[X,0x000000008001FC78] -> 0x8593
mem[X,0x000000008001FC7A] -> 0x1995
[3737] [M]: 0x000000008001FC78 (0x19958593) addi a1, a1, 409
x11 <- 0x0019999999999999
mem[X,0x000000008001FC7C] -> 0x9593
mem[X,0x000000008001FC7E] -> 0x00A5
[3738] [M]: 0x000000008001FC7C (0x00A59593) slli a1, a1, 10
x11 <- 0x6666666666666400
mem[X,0x000000008001FC80] -> 0x8593
mem[X,0x000000008001FC82] -> 0x2655
[3739] [M]: 0x000000008001FC80 (0x26558593) addi a1, a1, 613
x11 <- 0x6666666666666665
mem[X,0x000000008001FC84] -> 0x0213
mem[X,0x000000008001FC86] -> 0x0000
[3740] [M]: 0x000000008001FC84 (0x00000213) addi tp, zero, 0
x4 <- 0x0000000000000000
mem[X,0x000000008001FC88] -> 0x006F
mem[X,0x000000008001FC8A] -> 0x2B10
[3741] [M]: 0x000000008001FC88 (0x2B10006F) jal zero, 2736
mem[X,0x0000000080020738] -> 0x0A63
mem[X,0x000000008002073A] -> 0xD4B5
[3742] [M]: 0x0000000080020738 (0xD4B50A63) beq a0, a1, 5460
mem[X,0x000000008002073C] -> 0x0213
mem[X,0x000000008002073E] -> 0x0022
[3743] [M]: 0x000000008002073C (0x00220213) addi tp, tp, 2
x4 <- 0x0000000000000002
mem[X,0x0000000080020740] -> 0x006F
mem[X,0x0000000080020742] -> 0x00C0
[3744] [M]: 0x0000000080020740 (0x00C0006F) jal zero, 12
mem[X,0x000000008002074C] -> 0x3C23
mem[X,0x000000008002074E] -> 0x7C41
[3745] [M]: 0x000000008002074C (0x7C413C23) sd tp, 2008(sp)
mem[0x00000000800499A0] <- 0x0000000000000002
mem[X,0x0000000080020750] -> 0x0513
mem[X,0x0000000080020752] -> 0x0050
[3746] [M]: 0x0000000080020750 (0x00500513) addi a0, zero, 5
x10 <- 0x0000000000000005
mem[X,0x0000000080020754] -> 0x05B7
mem[X,0x0000000080020756] -> 0x0000
[3747] [M]: 0x0000000080020754 (0x000005B7) lui a1, 0
x11 <- 0x0000000000000000
mem[X,0x0000000080020758] -> 0x8593
mem[X,0x000000008002075A] -> 0x0005
[3748] [M]: 0x0000000080020758 (0x00058593) addi a1, a1, 0
x11 <- 0x0000000000000000
mem[X,0x000000008002075C] -> 0x9593
mem[X,0x000000008002075E] -> 0x00B5
[3749] [M]: 0x000000008002075C (0x00B59593) slli a1, a1, 11
x11 <- 0x0000000000000000
mem[X,0x0000000080020760] -> 0x8593
mem[X,0x0000000080020762] -> 0x5A85
[3750] [M]: 0x0000000080020760 (0x5A858593) addi a1, a1, 1448
x11 <- 0x00000000000005A8
mem[X,0x0000000080020764] -> 0x9593
mem[X,0x0000000080020766] -> 0x00B5
[3751] [M]: 0x0000000080020764 (0x00B59593) slli a1, a1, 11
x11 <- 0x00000000002D4000
mem[X,0x0000000080020768] -> 0x8593
mem[X,0x000000008002076A] -> 0x13C5
[3752] [M]: 0x0000000080020768 (0x13C58593) addi a1, a1, 316
x11 <- 0x00000000002D413C
mem[X,0x000000008002076C] -> 0x9593
mem[X,0x000000008002076E] -> 0x00A5
[3753] [M]: 0x000000008002076C (0x00A59593) slli a1, a1, 10
x11 <- 0x00000000B504F000
mem[X,0x0000000080020770] -> 0x8593
mem[X,0x0000000080020772] -> 0x3325
[3754] [M]: 0x0000000080020770 (0x33258593) addi a1, a1, 818
x11 <- 0x00000000B504F332
mem[X,0x0000000080020774] -> 0x0213
mem[X,0x0000000080020776] -> 0x0000
[3755] [M]: 0x0000000080020774 (0x00000213) addi tp, zero, 0
x4 <- 0x0000000000000000
mem[X,0x0000000080020778] -> 0x006F
mem[X,0x000000008002077A] -> 0x0140
[3756] [M]: 0x0000000080020778 (0x0140006F) jal zero, 20
mem[X,0x000000008002078C] -> 0x08E3
mem[X,0x000000008002078E] -> 0xFEB5
[3757] [M]: 0x000000008002078C (0xFEB508E3) beq a0, a1, 8176
mem[X,0x0000000080020790] -> 0x0213
mem[X,0x0000000080020792] -> 0x0022
[3758] [M]: 0x0000000080020790 (0x00220213) addi tp, tp, 2
x4 <- 0x0000000000000002
mem[X,0x0000000080020794] -> 0x006F
mem[X,0x0000000080020796] -> 0x00C0
[3759] [M]: 0x0000000080020794 (0x00C0006F) jal zero, 12
mem[X,0x00000000800207A0] -> 0x3023
mem[X,0x00000000800207A2] -> 0x7E41
[3760] [M]: 0x00000000800207A0 (0x7E413023) sd tp, 2016(sp)
mem[0x00000000800499A8] <- 0x0000000000000002
mem[X,0x00000000800207A4] -> 0x0513
mem[X,0x00000000800207A6] -> 0x0050
[3761] [M]: 0x00000000800207A4 (0x00500513) addi a0, zero, 5
x10 <- 0x0000000000000005
mem[X,0x00000000800207A8] -> 0x55B7
mem[X,0x00000000800207AA] -> 0x5555
[3762] [M]: 0x00000000800207A8 (0x555555B7) lui a1, 349525
x11 <- 0x0000000055555000
mem[X,0x00000000800207AC] -> 0x8593
mem[X,0x00000000800207AE] -> 0x5555
[3763] [M]: 0x00000000800207AC (0x55558593) addi a1, a1, 1365
x11 <- 0x0000000055555555
mem[X,0x00000000800207B0] -> 0x9593
mem[X,0x00000000800207B2] -> 0x00B5
[3764] [M]: 0x00000000800207B0 (0x00B59593) slli a1, a1, 11
x11 <- 0x000002AAAAAAA800
mem[X,0x00000000800207B4] -> 0x8593
mem[X,0x00000000800207B6] -> 0x2AA5
[3765] [M]: 0x00000000800207B4 (0x2AA58593) addi a1, a1, 682
x11 <- 0x000002AAAAAAAAAA
mem[X,0x00000000800207B8] -> 0x9593
mem[X,0x00000000800207BA] -> 0x00B5
[3766] [M]: 0x00000000800207B8 (0x00B59593) slli a1, a1, 11
x11 <- 0x0015555555555000
mem[X,0x00000000800207BC] -> 0x8593
mem[X,0x00000000800207BE] -> 0x5555
[3767] [M]: 0x00000000800207BC (0x55558593) addi a1, a1, 1365
x11 <- 0x0015555555555555
mem[X,0x00000000800207C0] -> 0x9593
mem[X,0x00000000800207C2] -> 0x00A5
[3768] [M]: 0x00000000800207C0 (0x00A59593) slli a1, a1, 10
x11 <- 0x5555555555555400
mem[X,0x00000000800207C4] -> 0x8593
mem[X,0x00000000800207C6] -> 0x1565
[3769] [M]: 0x00000000800207C4 (0x15658593) addi a1, a1, 342
x11 <- 0x5555555555555556
mem[X,0x00000000800207C8] -> 0x0213
mem[X,0x00000000800207CA] -> 0x0000
[3770] [M]: 0x00000000800207C8 (0x00000213) addi tp, zero, 0
x4 <- 0x0000000000000000
mem[X,0x00000000800207CC] -> 0x006F
mem[X,0x00000000800207CE] -> 0x00C0
[3771] [M]: 0x00000000800207CC (0x00C0006F) jal zero, 12
mem[X,0x00000000800207D8] -> 0x0063
mem[X,0x00000000800207DA] -> 0x08B5
[3772] [M]: 0x00000000800207D8 (0x08B50063) beq a0, a1, 128
mem[X,0x00000000800207DC] -> 0x0213
mem[X,0x00000000800207DE] -> 0x0022
[3773] [M]: 0x00000000800207DC (0x00220213) addi tp, tp, 2
x4 <- 0x0000000000000002
mem[X,0x00000000800207E0] -> 0x006F
mem[X,0x00000000800207E2] -> 0x0800
[3774] [M]: 0x00000000800207E0 (0x0800006F) jal zero, 128
mem[X,0x0000000080020860] -> 0x3423
mem[X,0x0000000080020862] -> 0x7E41
[3775] [M]: 0x0000000080020860 (0x7E413423) sd tp, 2024(sp)
mem[0x00000000800499B0] <- 0x0000000000000002
mem[X,0x0000000080020864] -> 0x0513
mem[X,0x0000000080020866] -> 0x0050
[3776] [M]: 0x0000000080020864 (0x00500513) addi a0, zero, 5
x10 <- 0x0000000000000005
mem[X,0x0000000080020868] -> 0xB5B7
mem[X,0x000000008002086A] -> 0xAAAA
[3777] [M]: 0x0000000080020868 (0xAAAAB5B7) lui a1, 699051
x11 <- 0xFFFFFFFFAAAAB000
mem[X,0x000000008002086C] -> 0x8593
mem[X,0x000000008002086E] -> 0xAAA5
[3778] [M]: 0x000000008002086C (0xAAA58593) addi a1, a1, 2730
x11 <- 0xFFFFFFFFAAAAAAAA
mem[X,0x0000000080020870] -> 0x9593
mem[X,0x0000000080020872] -> 0x00B5
[3779] [M]: 0x0000000080020870 (0x00B59593) slli a1, a1, 11
x11 <- 0xFFFFFD5555555000
mem[X,0x0000000080020874] -> 0x8593
mem[X,0x0000000080020876] -> 0x5555
[3780] [M]: 0x0000000080020874 (0x55558593) addi a1, a1, 1365
x11 <- 0xFFFFFD5555555555
mem[X,0x0000000080020878] -> 0x9593
mem[X,0x000000008002087A] -> 0x00B5
[3781] [M]: 0x0000000080020878 (0x00B59593) slli a1, a1, 11
x11 <- 0xFFEAAAAAAAAAA800
mem[X,0x000000008002087C] -> 0x8593
mem[X,0x000000008002087E] -> 0x2AA5
[3782] [M]: 0x000000008002087C (0x2AA58593) addi a1, a1, 682
x11 <- 0xFFEAAAAAAAAAAAAA
mem[X,0x0000000080020880] -> 0x9593
mem[X,0x0000000080020882] -> 0x00A5
[3783] [M]: 0x0000000080020880 (0x00A59593) slli a1, a1, 10
x11 <- 0xAAAAAAAAAAAAA800
mem[X,0x0000000080020884] -> 0x8593
mem[X,0x0000000080020886] -> 0x2AB5
[3784] [M]: 0x0000000080020884 (0x2AB58593) addi a1, a1, 683
x11 <- 0xAAAAAAAAAAAAAAAB
mem[X,0x0000000080020888] -> 0x0213
mem[X,0x000000008002088A] -> 0x0000
[3785] [M]: 0x0000000080020888 (0x00000213) addi tp, zero, 0
x4 <- 0x0000000000000000
mem[X,0x000000008002088C] -> 0x006F
mem[X,0x000000008002088E] -> 0x00C0
[3786] [M]: 0x000000008002088C (0x00C0006F) jal zero, 12
mem[X,0x0000000080020898] -> 0x0063
mem[X,0x000000008002089A] -> 0x04B5
[3787] [M]: 0x0000000080020898 (0x04B50063) beq a0, a1, 64
mem[X,0x000000008002089C] -> 0x0213
mem[X,0x000000008002089E] -> 0x0022
[3788] [M]: 0x000000008002089C (0x00220213) addi tp, tp, 2
x4 <- 0x0000000000000002
mem[X,0x00000000800208A0] -> 0x006F
mem[X,0x00000000800208A2] -> 0x0400
[3789] [M]: 0x00000000800208A0 (0x0400006F) jal zero, 64
mem[X,0x00000000800208E0] -> 0x3823
mem[X,0x00000000800208E2] -> 0x7E41
[3790] [M]: 0x00000000800208E0 (0x7E413823) sd tp, 2032(sp)
mem[0x00000000800499B8] <- 0x0000000000000002
mem[X,0x00000000800208E4] -> 0x0513
mem[X,0x00000000800208E6] -> 0x0050
[3791] [M]: 0x00000000800208E4 (0x00500513) addi a0, zero, 5
x10 <- 0x0000000000000005
mem[X,0x00000000800208E8] -> 0x0593
mem[X,0x00000000800208EA] -> 0x0060
[3792] [M]: 0x00000000800208E8 (0x00600593) addi a1, zero, 6
x11 <- 0x0000000000000006
mem[X,0x00000000800208EC] -> 0x0213
mem[X,0x00000000800208EE] -> 0x0000
[3793] [M]: 0x00000000800208EC (0x00000213) addi tp, zero, 0
x4 <- 0x0000000000000000
mem[X,0x00000000800208F0] -> 0x006F
mem[X,0x00000000800208F2] -> 0x00C0
[3794] [M]: 0x00000000800208F0 (0x00C0006F) jal zero, 12
mem[X,0x00000000800208FC] -> 0x0063
mem[X,0x00000000800208FE] -> 0x02B5
[3795] [M]: 0x00000000800208FC (0x02B50063) beq a0, a1, 32
mem[X,0x0000000080020900] -> 0x0213
mem[X,0x0000000080020902] -> 0x0022
[3796] [M]: 0x0000000080020900 (0x00220213) addi tp, tp, 2
x4 <- 0x0000000000000002
mem[X,0x0000000080020904] -> 0x006F
mem[X,0x0000000080020906] -> 0x0200
[3797] [M]: 0x0000000080020904 (0x0200006F) jal zero, 32
mem[X,0x0000000080020924] -> 0x3C23
mem[X,0x0000000080020926] -> 0x7E41
[3798] [M]: 0x0000000080020924 (0x7E413C23) sd tp, 2040(sp)
mem[0x00000000800499C0] <- 0x0000000000000002
mem[X,0x0000000080020928] -> 0x0013
mem[X,0x000000008002092A] -> 0x0000
[3799] [M]: 0x0000000080020928 (0x00000013) addi zero, zero, 0
clint::tick mtime <- 0x0000000000000026
 clint timer pending at mtime 0x0000000000000026
htif::tick 0x0000000000000000
mem[X,0x000000008002092C] -> 0x0013
mem[X,0x000000008002092E] -> 0x0000
[3800] [M]: 0x000000008002092C (0x00000013) addi zero, zero, 0
mem[X,0x0000000080020930] -> 0x0013
mem[X,0x0000000080020932] -> 0x0000
[3801] [M]: 0x0000000080020930 (0x00000013) addi zero, zero, 0
mem[X,0x0000000080020934] -> 0x0013
mem[X,0x0000000080020936] -> 0x0000
[3802] [M]: 0x0000000080020934 (0x00000013) addi zero, zero, 0
mem[X,0x0000000080020938] -> 0x0013
mem[X,0x000000008002093A] -> 0x0000
[3803] [M]: 0x0000000080020938 (0x00000013) addi zero, zero, 0
mem[X,0x000000008002093C] -> 0x0013
mem[X,0x000000008002093E] -> 0x0000
[3804] [M]: 0x000000008002093C (0x00000013) addi zero, zero, 0
mem[X,0x0000000080020940] -> 0x9117
mem[X,0x0000000080020942] -> 0x0002
[3805] [M]: 0x0000000080020940 (0x00029117) auipc sp, 41
x2 <- 0x0000000080049940
mem[X,0x0000000080020944] -> 0x0113
mem[X,0x0000000080020946] -> 0x0881
[3806] [M]: 0x0000000080020944 (0x08810113) addi sp, sp, 136
x2 <- 0x00000000800499C8
mem[X,0x0000000080020948] -> 0x0013
mem[X,0x000000008002094A] -> 0x0000
[3807] [M]: 0x0000000080020948 (0x00000013) addi zero, zero, 0
mem[X,0x000000008002094C] -> 0x0013
mem[X,0x000000008002094E] -> 0x0000
[3808] [M]: 0x000000008002094C (0x00000013) addi zero, zero, 0
mem[X,0x0000000080020950] -> 0x0013
mem[X,0x0000000080020952] -> 0x0000
[3809] [M]: 0x0000000080020950 (0x00000013) addi zero, zero, 0
mem[X,0x0000000080020954] -> 0x0013
mem[X,0x0000000080020956] -> 0x0000
[3810] [M]: 0x0000000080020954 (0x00000013) addi zero, zero, 0
mem[X,0x0000000080020958] -> 0x0013
mem[X,0x000000008002095A] -> 0x0000
[3811] [M]: 0x0000000080020958 (0x00000013) addi zero, zero, 0
mem[X,0x000000008002095C] -> 0x0013
mem[X,0x000000008002095E] -> 0x0000
[3812] [M]: 0x000000008002095C (0x00000013) addi zero, zero, 0
mem[X,0x0000000080020960] -> 0x0513
mem[X,0x0000000080020962] -> 0x0050
[3813] [M]: 0x0000000080020960 (0x00500513) addi a0, zero, 5
x10 <- 0x0000000000000005
mem[X,0x0000000080020964] -> 0x35B7
mem[X,0x0000000080020966] -> 0x3333
[3814] [M]: 0x0000000080020964 (0x333335B7) lui a1, 209715
x11 <- 0x0000000033333000
mem[X,0x0000000080020968] -> 0x8593
mem[X,0x000000008002096A] -> 0x3335
[3815] [M]: 0x0000000080020968 (0x33358593) addi a1, a1, 819
x11 <- 0x0000000033333333
mem[X,0x000000008002096C] -> 0x9593
mem[X,0x000000008002096E] -> 0x00B5
[3816] [M]: 0x000000008002096C (0x00B59593) slli a1, a1, 11
x11 <- 0x0000019999999800
mem[X,0x0000000080020970] -> 0x8593
mem[X,0x0000000080020972] -> 0x1995
[3817] [M]: 0x0000000080020970 (0x19958593) addi a1, a1, 409
x11 <- 0x0000019999999999
mem[X,0x0000000080020974] -> 0x9593
mem[X,0x0000000080020976] -> 0x00B5
[3818] [M]: 0x0000000080020974 (0x00B59593) slli a1, a1, 11
x11 <- 0x000CCCCCCCCCC800
mem[X,0x0000000080020978] -> 0x8593
mem[X,0x000000008002097A] -> 0x4CC5
[3819] [M]: 0x0000000080020978 (0x4CC58593) addi a1, a1, 1228
x11 <- 0x000CCCCCCCCCCCCC
mem[X,0x000000008002097C] -> 0x9593
mem[X,0x000000008002097E] -> 0x00A5
[3820] [M]: 0x000000008002097C (0x00A59593) slli a1, a1, 10
x11 <- 0x3333333333333000
mem[X,0x0000000080020980] -> 0x8593
mem[X,0x0000000080020982] -> 0x3345
[3821] [M]: 0x0000000080020980 (0x33458593) addi a1, a1, 820
x11 <- 0x3333333333333334
mem[X,0x0000000080020984] -> 0x0213
mem[X,0x0000000080020986] -> 0x0000
[3822] [M]: 0x0000000080020984 (0x00000213) addi tp, zero, 0
x4 <- 0x0000000000000000
mem[X,0x0000000080020988] -> 0x006F
mem[X,0x000000008002098A] -> 0x00C0
[3823] [M]: 0x0000000080020988 (0x00C0006F) jal zero, 12
mem[X,0x0000000080020994] -> 0x0863
mem[X,0x0000000080020996] -> 0x00B5
[3824] [M]: 0x0000000080020994 (0x00B50863) beq a0, a1, 16
mem[X,0x0000000080020998] -> 0x0213
mem[X,0x000000008002099A] -> 0x0022
[3825] [M]: 0x0000000080020998 (0x00220213) addi tp, tp, 2
x4 <- 0x0000000000000002
mem[X,0x000000008002099C] -> 0x006F
mem[X,0x000000008002099E] -> 0x0100
[3826] [M]: 0x000000008002099C (0x0100006F) jal zero, 16
mem[X,0x00000000800209AC] -> 0x3023
mem[X,0x00000000800209AE] -> 0x0041
[3827] [M]: 0x00000000800209AC (0x00413023) sd tp, 0(sp)
mem[0x00000000800499C8] <- 0x0000000000000002
mem[X,0x00000000800209B0] -> 0x0513
mem[X,0x00000000800209B2] -> 0x0050
[3828] [M]: 0x00000000800209B0 (0x00500513) addi a0, zero, 5
x10 <- 0x0000000000000005
mem[X,0x00000000800209B4] -> 0x65B7
mem[X,0x00000000800209B6] -> 0x6666
[3829] [M]: 0x00000000800209B4 (0x666665B7) lui a1, 419430
x11 <- 0x0000000066666000
mem[X,0x00000000800209B8] -> 0x8593
mem[X,0x00000000800209BA] -> 0x6665
[3830] [M]: 0x00000000800209B8 (0x66658593) addi a1, a1, 1638
x11 <- 0x0000000066666666
mem[X,0x00000000800209BC] -> 0x9593
mem[X,0x00000000800209BE] -> 0x00B5
[3831] [M]: 0x00000000800209BC (0x00B59593) slli a1, a1, 11
x11 <- 0x0000033333333000
mem[X,0x00000000800209C0] -> 0x8593
mem[X,0x00000000800209C2] -> 0x3335
[3832] [M]: 0x00000000800209C0 (0x33358593) addi a1, a1, 819
x11 <- 0x0000033333333333
mem[X,0x00000000800209C4] -> 0x9593
mem[X,0x00000000800209C6] -> 0x00B5
[3833] [M]: 0x00000000800209C4 (0x00B59593) slli a1, a1, 11
x11 <- 0x0019999999999800
mem[X,0x00000000800209C8] -> 0x8593
mem[X,0x00000000800209CA] -> 0x1995
[3834] [M]: 0x00000000800209C8 (0x19958593) addi a1, a1, 409
x11 <- 0x0019999999999999
mem[X,0x00000000800209CC] -> 0x9593
mem[X,0x00000000800209CE] -> 0x00A5
[3835] [M]: 0x00000000800209CC (0x00A59593) slli a1, a1, 10
x11 <- 0x6666666666666400
mem[X,0x00000000800209D0] -> 0x8593
mem[X,0x00000000800209D2] -> 0x2675
[3836] [M]: 0x00000000800209D0 (0x26758593) addi a1, a1, 615
x11 <- 0x6666666666666667
mem[X,0x00000000800209D4] -> 0x0213
mem[X,0x00000000800209D6] -> 0x0000
[3837] [M]: 0x00000000800209D4 (0x00000213) addi tp, zero, 0
x4 <- 0x0000000000000000
mem[X,0x00000000800209D8] -> 0x006F
mem[X,0x00000000800209DA] -> 0x00C0
[3838] [M]: 0x00000000800209D8 (0x00C0006F) jal zero, 12
mem[X,0x00000000800209E4] -> 0x0663
mem[X,0x00000000800209E6] -> 0x00B5
[3839] [M]: 0x00000000800209E4 (0x00B50663) beq a0, a1, 12
mem[X,0x00000000800209E8] -> 0x0213
mem[X,0x00000000800209EA] -> 0x0022
[3840] [M]: 0x00000000800209E8 (0x00220213) addi tp, tp, 2
x4 <- 0x0000000000000002
mem[X,0x00000000800209EC] -> 0x006F
mem[X,0x00000000800209EE] -> 0x00C0
[3841] [M]: 0x00000000800209EC (0x00C0006F) jal zero, 12
mem[X,0x00000000800209F8] -> 0x3423
mem[X,0x00000000800209FA] -> 0x0041
[3842] [M]: 0x00000000800209F8 (0x00413423) sd tp, 8(sp)
mem[0x00000000800499D0] <- 0x0000000000000002
mem[X,0x00000000800209FC] -> 0x0513
mem[X,0x00000000800209FE] -> 0x0050
[3843] [M]: 0x00000000800209FC (0x00500513) addi a0, zero, 5
x10 <- 0x0000000000000005
mem[X,0x0000000080020A00] -> 0x05B7
mem[X,0x0000000080020A02] -> 0x0000
[3844] [M]: 0x0000000080020A00 (0x000005B7) lui a1, 0
x11 <- 0x0000000000000000
mem[X,0x0000000080020A04] -> 0x8593
mem[X,0x0000000080020A06] -> 0xFFF5
[3845] [M]: 0x0000000080020A04 (0xFFF58593) addi a1, a1, 4095
x11 <- 0xFFFFFFFFFFFFFFFF
mem[X,0x0000000080020A08] -> 0x9593
mem[X,0x0000000080020A0A] -> 0x00B5
[3846] [M]: 0x0000000080020A08 (0x00B59593) slli a1, a1, 11
x11 <- 0xFFFFFFFFFFFFF800
mem[X,0x0000000080020A0C] -> 0x8593
mem[X,0x0000000080020A0E] -> 0x2575
[3847] [M]: 0x0000000080020A0C (0x25758593) addi a1, a1, 599
x11 <- 0xFFFFFFFFFFFFFA57
mem[X,0x0000000080020A10] -> 0x9593
mem[X,0x0000000080020A12] -> 0x00B5
[3848] [M]: 0x0000000080020A10 (0x00B59593) slli a1, a1, 11
x11 <- 0xFFFFFFFFFFD2B800
mem[X,0x0000000080020A14] -> 0x8593
mem[X,0x0000000080020A16] -> 0x6C35
[3849] [M]: 0x0000000080020A14 (0x6C358593) addi a1, a1, 1731
x11 <- 0xFFFFFFFFFFD2BEC3
mem[X,0x0000000080020A18] -> 0x9593
mem[X,0x0000000080020A1A] -> 0x00A5
[3850] [M]: 0x0000000080020A18 (0x00A59593) slli a1, a1, 10
x11 <- 0xFFFFFFFF4AFB0C00
mem[X,0x0000000080020A1C] -> 0x8593
mem[X,0x0000000080020A1E] -> 0x0CE5
[3851] [M]: 0x0000000080020A1C (0x0CE58593) addi a1, a1, 206
x11 <- 0xFFFFFFFF4AFB0CCE
mem[X,0x0000000080020A20] -> 0x0213
mem[X,0x0000000080020A22] -> 0x0000
[3852] [M]: 0x0000000080020A20 (0x00000213) addi tp, zero, 0
x4 <- 0x0000000000000000
mem[X,0x0000000080020A24] -> 0x006F
mem[X,0x0000000080020A26] -> 0x00C0
[3853] [M]: 0x0000000080020A24 (0x00C0006F) jal zero, 12
mem[X,0x0000000080020A30] -> 0x0063
mem[X,0x0000000080020A32] -> 0x40B5
[3854] [M]: 0x0000000080020A30 (0x40B50063) beq a0, a1, 1024
mem[X,0x0000000080020A34] -> 0x0213
mem[X,0x0000000080020A36] -> 0x0022
[3855] [M]: 0x0000000080020A34 (0x00220213) addi tp, tp, 2
x4 <- 0x0000000000000002
mem[X,0x0000000080020A38] -> 0x006F
mem[X,0x0000000080020A3A] -> 0x4000
[3856] [M]: 0x0000000080020A38 (0x4000006F) jal zero, 1024
mem[X,0x0000000080020E38] -> 0x3823
mem[X,0x0000000080020E3A] -> 0x0041
[3857] [M]: 0x0000000080020E38 (0x00413823) sd tp, 16(sp)
mem[0x00000000800499D8] <- 0x0000000000000002
mem[X,0x0000000080020E3C] -> 0x0513
mem[X,0x0000000080020E3E] -> 0x0050
[3858] [M]: 0x0000000080020E3C (0x00500513) addi a0, zero, 5
x10 <- 0x0000000000000005
mem[X,0x0000000080020E40] -> 0x05B7
mem[X,0x0000000080020E42] -> 0x0000
[3859] [M]: 0x0000000080020E40 (0x000005B7) lui a1, 0
x11 <- 0x0000000000000000
mem[X,0x0000000080020E44] -> 0x8593
mem[X,0x0000000080020E46] -> 0x0005
[3860] [M]: 0x0000000080020E44 (0x00058593) addi a1, a1, 0
x11 <- 0x0000000000000000
mem[X,0x0000000080020E48] -> 0x9593
mem[X,0x0000000080020E4A] -> 0x00B5
[3861] [M]: 0x0000000080020E48 (0x00B59593) slli a1, a1, 11
x11 <- 0x0000000000000000
mem[X,0x0000000080020E4C] -> 0x8593
mem[X,0x0000000080020E4E] -> 0x5A85
[3862] [M]: 0x0000000080020E4C (0x5A858593) addi a1, a1, 1448
x11 <- 0x00000000000005A8
mem[X,0x0000000080020E50] -> 0x9593
mem[X,0x0000000080020E52] -> 0x00B5
[3863] [M]: 0x0000000080020E50 (0x00B59593) slli a1, a1, 11
x11 <- 0x00000000002D4000
mem[X,0x0000000080020E54] -> 0x8593
mem[X,0x0000000080020E56] -> 0x13C5
[3864] [M]: 0x0000000080020E54 (0x13C58593) addi a1, a1, 316
x11 <- 0x00000000002D413C
mem[X,0x0000000080020E58] -> 0x9593
mem[X,0x0000000080020E5A] -> 0x00A5
[3865] [M]: 0x0000000080020E58 (0x00A59593) slli a1, a1, 10
x11 <- 0x00000000B504F000
mem[X,0x0000000080020E5C] -> 0x8593
mem[X,0x0000000080020E5E] -> 0x3345
[3866] [M]: 0x0000000080020E5C (0x33458593) addi a1, a1, 820
x11 <- 0x00000000B504F334
mem[X,0x0000000080020E60] -> 0x0213
mem[X,0x0000000080020E62] -> 0x0000
[3867] [M]: 0x0000000080020E60 (0x00000213) addi tp, zero, 0
x4 <- 0x0000000000000000
mem[X,0x0000000080020E64] -> 0x006F
mem[X,0x0000000080020E66] -> 0x00C0
[3868] [M]: 0x0000000080020E64 (0x00C0006F) jal zero, 12
mem[X,0x0000000080020E70] -> 0x0063
mem[X,0x0000000080020E72] -> 0x02B5
[3869] [M]: 0x0000000080020E70 (0x02B50063) beq a0, a1, 32
mem[X,0x0000000080020E74] -> 0x0213
mem[X,0x0000000080020E76] -> 0x0022
[3870] [M]: 0x0000000080020E74 (0x00220213) addi tp, tp, 2
x4 <- 0x0000000000000002
mem[X,0x0000000080020E78] -> 0x006F
mem[X,0x0000000080020E7A] -> 0x0200
[3871] [M]: 0x0000000080020E78 (0x0200006F) jal zero, 32
mem[X,0x0000000080020E98] -> 0x3C23
mem[X,0x0000000080020E9A] -> 0x0041
[3872] [M]: 0x0000000080020E98 (0x00413C23) sd tp, 24(sp)
mem[0x00000000800499E0] <- 0x0000000000000002
mem[X,0x0000000080020E9C] -> 0x3537
mem[X,0x0000000080020E9E] -> 0x3333
[3873] [M]: 0x0000000080020E9C (0x33333537) lui a0, 209715
x10 <- 0x0000000033333000
mem[X,0x0000000080020EA0] -> 0x0513
mem[X,0x0000000080020EA2] -> 0x3335
[3874] [M]: 0x0000000080020EA0 (0x33350513) addi a0, a0, 819
x10 <- 0x0000000033333333
mem[X,0x0000000080020EA4] -> 0x1513
mem[X,0x0000000080020EA6] -> 0x00B5
[3875] [M]: 0x0000000080020EA4 (0x00B51513) slli a0, a0, 11
x10 <- 0x0000019999999800
mem[X,0x0000000080020EA8] -> 0x0513
mem[X,0x0000000080020EAA] -> 0x1995
[3876] [M]: 0x0000000080020EA8 (0x19950513) addi a0, a0, 409
x10 <- 0x0000019999999999
mem[X,0x0000000080020EAC] -> 0x1513
mem[X,0x0000000080020EAE] -> 0x00B5
[3877] [M]: 0x0000000080020EAC (0x00B51513) slli a0, a0, 11
x10 <- 0x000CCCCCCCCCC800
mem[X,0x0000000080020EB0] -> 0x0513
mem[X,0x0000000080020EB2] -> 0x4CC5
[3878] [M]: 0x0000000080020EB0 (0x4CC50513) addi a0, a0, 1228
x10 <- 0x000CCCCCCCCCCCCC
mem[X,0x0000000080020EB4] -> 0x1513
mem[X,0x0000000080020EB6] -> 0x00A5
[3879] [M]: 0x0000000080020EB4 (0x00A51513) slli a0, a0, 10
x10 <- 0x3333333333333000
mem[X,0x0000000080020EB8] -> 0x0513
mem[X,0x0000000080020EBA] -> 0x3335
[3880] [M]: 0x0000000080020EB8 (0x33350513) addi a0, a0, 819
x10 <- 0x3333333333333333
mem[X,0x0000000080020EBC] -> 0x0593
mem[X,0x0000000080020EBE] -> 0x0030
[3881] [M]: 0x0000000080020EBC (0x00300593) addi a1, zero, 3
x11 <- 0x0000000000000003
mem[X,0x0000000080020EC0] -> 0x0213
mem[X,0x0000000080020EC2] -> 0x0000
[3882] [M]: 0x0000000080020EC0 (0x00000213) addi tp, zero, 0
x4 <- 0x0000000000000000
mem[X,0x0000000080020EC4] -> 0x006F
mem[X,0x0000000080020EC6] -> 0x00C0
[3883] [M]: 0x0000000080020EC4 (0x00C0006F) jal zero, 12
mem[X,0x0000000080020ED0] -> 0x0663
mem[X,0x0000000080020ED2] -> 0x00B5
[3884] [M]: 0x0000000080020ED0 (0x00B50663) beq a0, a1, 12
mem[X,0x0000000080020ED4] -> 0x0213
mem[X,0x0000000080020ED6] -> 0x0022
[3885] [M]: 0x0000000080020ED4 (0x00220213) addi tp, tp, 2
x4 <- 0x0000000000000002
mem[X,0x0000000080020ED8] -> 0x006F
mem[X,0x0000000080020EDA] -> 0x00C0
[3886] [M]: 0x0000000080020ED8 (0x00C0006F) jal zero, 12
mem[X,0x0000000080020EE4] -> 0x3023
mem[X,0x0000000080020EE6] -> 0x0241
[3887] [M]: 0x0000000080020EE4 (0x02413023) sd tp, 32(sp)
mem[0x00000000800499E8] <- 0x0000000000000002
mem[X,0x0000000080020EE8] -> 0x3537
mem[X,0x0000000080020EEA] -> 0x3333
[3888] [M]: 0x0000000080020EE8 (0x33333537) lui a0, 209715
x10 <- 0x0000000033333000
mem[X,0x0000000080020EEC] -> 0x0513
mem[X,0x0000000080020EEE] -> 0x3335
[3889] [M]: 0x0000000080020EEC (0x33350513) addi a0, a0, 819
x10 <- 0x0000000033333333
mem[X,0x0000000080020EF0] -> 0x1513
mem[X,0x0000000080020EF2] -> 0x00B5
[3890] [M]: 0x0000000080020EF0 (0x00B51513) slli a0, a0, 11
x10 <- 0x0000019999999800
mem[X,0x0000000080020EF4] -> 0x0513
mem[X,0x0000000080020EF6] -> 0x1995
[3891] [M]: 0x0000000080020EF4 (0x19950513) addi a0, a0, 409
x10 <- 0x0000019999999999
mem[X,0x0000000080020EF8] -> 0x1513
mem[X,0x0000000080020EFA] -> 0x00B5
[3892] [M]: 0x0000000080020EF8 (0x00B51513) slli a0, a0, 11
x10 <- 0x000CCCCCCCCCC800
mem[X,0x0000000080020EFC] -> 0x0513
mem[X,0x0000000080020EFE] -> 0x4CC5
[3893] [M]: 0x0000000080020EFC (0x4CC50513) addi a0, a0, 1228
x10 <- 0x000CCCCCCCCCCCCC
mem[X,0x0000000080020F00] -> 0x1513
mem[X,0x0000000080020F02] -> 0x00A5
[3894] [M]: 0x0000000080020F00 (0x00A51513) slli a0, a0, 10
x10 <- 0x3333333333333000
mem[X,0x0000000080020F04] -> 0x0513
mem[X,0x0000000080020F06] -> 0x3335
[3895] [M]: 0x0000000080020F04 (0x33350513) addi a0, a0, 819
x10 <- 0x3333333333333333
mem[X,0x0000000080020F08] -> 0x55B7
mem[X,0x0000000080020F0A] -> 0x5555
[3896] [M]: 0x0000000080020F08 (0x555555B7) lui a1, 349525
x11 <- 0x0000000055555000
mem[X,0x0000000080020F0C] -> 0x8593
mem[X,0x0000000080020F0E] -> 0x5555
[3897] [M]: 0x0000000080020F0C (0x55558593) addi a1, a1, 1365
x11 <- 0x0000000055555555
mem[X,0x0000000080020F10] -> 0x9593
mem[X,0x0000000080020F12] -> 0x00B5
[3898] [M]: 0x0000000080020F10 (0x00B59593) slli a1, a1, 11
x11 <- 0x000002AAAAAAA800
mem[X,0x0000000080020F14] -> 0x8593
mem[X,0x0000000080020F16] -> 0x2AA5
[3899] [M]: 0x0000000080020F14 (0x2AA58593) addi a1, a1, 682
x11 <- 0x000002AAAAAAAAAA
clint::tick mtime <- 0x0000000000000027
 clint timer pending at mtime 0x0000000000000027
htif::tick 0x0000000000000000
mem[X,0x0000000080020F18] -> 0x9593
mem[X,0x0000000080020F1A] -> 0x00B5
[3900] [M]: 0x0000000080020F18 (0x00B59593) slli a1, a1, 11
x11 <- 0x0015555555555000
mem[X,0x0000000080020F1C] -> 0x8593
mem[X,0x0000000080020F1E] -> 0x5555
[3901] [M]: 0x0000000080020F1C (0x55558593) addi a1, a1, 1365
x11 <- 0x0015555555555555
mem[X,0x0000000080020F20] -> 0x9593
mem[X,0x0000000080020F22] -> 0x00A5
[3902] [M]: 0x0000000080020F20 (0x00A59593) slli a1, a1, 10
x11 <- 0x5555555555555400
mem[X,0x0000000080020F24] -> 0x8593
mem[X,0x0000000080020F26] -> 0x1555
[3903] [M]: 0x0000000080020F24 (0x15558593) addi a1, a1, 341
x11 <- 0x5555555555555555
mem[X,0x0000000080020F28] -> 0x0213
mem[X,0x0000000080020F2A] -> 0x0000
[3904] [M]: 0x0000000080020F28 (0x00000213) addi tp, zero, 0
x4 <- 0x0000000000000000
mem[X,0x0000000080020F2C] -> 0x006F
mem[X,0x0000000080020F2E] -> 0x00C0
[3905] [M]: 0x0000000080020F2C (0x00C0006F) jal zero, 12
mem[X,0x0000000080020F38] -> 0x0063
mem[X,0x0000000080020F3A] -> 0x08B5
[3906] [M]: 0x0000000080020F38 (0x08B50063) beq a0, a1, 128
mem[X,0x0000000080020F3C] -> 0x0213
mem[X,0x0000000080020F3E] -> 0x0022
[3907] [M]: 0x0000000080020F3C (0x00220213) addi tp, tp, 2
x4 <- 0x0000000000000002
mem[X,0x0000000080020F40] -> 0x006F
mem[X,0x0000000080020F42] -> 0x0800
[3908] [M]: 0x0000000080020F40 (0x0800006F) jal zero, 128
mem[X,0x0000000080020FC0] -> 0x3423
mem[X,0x0000000080020FC2] -> 0x0241
[3909] [M]: 0x0000000080020FC0 (0x02413423) sd tp, 40(sp)
mem[0x00000000800499F0] <- 0x0000000000000002
mem[X,0x0000000080020FC4] -> 0x3537
mem[X,0x0000000080020FC6] -> 0x3333
[3910] [M]: 0x0000000080020FC4 (0x33333537) lui a0, 209715
x10 <- 0x0000000033333000
mem[X,0x0000000080020FC8] -> 0x0513
mem[X,0x0000000080020FCA] -> 0x3335
[3911] [M]: 0x0000000080020FC8 (0x33350513) addi a0, a0, 819
x10 <- 0x0000000033333333
mem[X,0x0000000080020FCC] -> 0x1513
mem[X,0x0000000080020FCE] -> 0x00B5
[3912] [M]: 0x0000000080020FCC (0x00B51513) slli a0, a0, 11
x10 <- 0x0000019999999800
mem[X,0x0000000080020FD0] -> 0x0513
mem[X,0x0000000080020FD2] -> 0x1995
[3913] [M]: 0x0000000080020FD0 (0x19950513) addi a0, a0, 409
x10 <- 0x0000019999999999
mem[X,0x0000000080020FD4] -> 0x1513
mem[X,0x0000000080020FD6] -> 0x00B5
[3914] [M]: 0x0000000080020FD4 (0x00B51513) slli a0, a0, 11
x10 <- 0x000CCCCCCCCCC800
mem[X,0x0000000080020FD8] -> 0x0513
mem[X,0x0000000080020FDA] -> 0x4CC5
[3915] [M]: 0x0000000080020FD8 (0x4CC50513) addi a0, a0, 1228
x10 <- 0x000CCCCCCCCCCCCC
mem[X,0x0000000080020FDC] -> 0x1513
mem[X,0x0000000080020FDE] -> 0x00A5
[3916] [M]: 0x0000000080020FDC (0x00A51513) slli a0, a0, 10
x10 <- 0x3333333333333000
mem[X,0x0000000080020FE0] -> 0x0513
mem[X,0x0000000080020FE2] -> 0x3335
[3917] [M]: 0x0000000080020FE0 (0x33350513) addi a0, a0, 819
x10 <- 0x3333333333333333
mem[X,0x0000000080020FE4] -> 0xB5B7
mem[X,0x0000000080020FE6] -> 0xAAAA
[3918] [M]: 0x0000000080020FE4 (0xAAAAB5B7) lui a1, 699051
x11 <- 0xFFFFFFFFAAAAB000
mem[X,0x0000000080020FE8] -> 0x8593
mem[X,0x0000000080020FEA] -> 0xAAA5
[3919] [M]: 0x0000000080020FE8 (0xAAA58593) addi a1, a1, 2730
x11 <- 0xFFFFFFFFAAAAAAAA
mem[X,0x0000000080020FEC] -> 0x9593
mem[X,0x0000000080020FEE] -> 0x00B5
[3920] [M]: 0x0000000080020FEC (0x00B59593) slli a1, a1, 11
x11 <- 0xFFFFFD5555555000
mem[X,0x0000000080020FF0] -> 0x8593
mem[X,0x0000000080020FF2] -> 0x5555
[3921] [M]: 0x0000000080020FF0 (0x55558593) addi a1, a1, 1365
x11 <- 0xFFFFFD5555555555
mem[X,0x0000000080020FF4] -> 0x9593
mem[X,0x0000000080020FF6] -> 0x00B5
[3922] [M]: 0x0000000080020FF4 (0x00B59593) slli a1, a1, 11
x11 <- 0xFFEAAAAAAAAAA800
mem[X,0x0000000080020FF8] -> 0x8593
mem[X,0x0000000080020FFA] -> 0x2AA5
[3923] [M]: 0x0000000080020FF8 (0x2AA58593) addi a1, a1, 682
x11 <- 0xFFEAAAAAAAAAAAAA
mem[X,0x0000000080020FFC] -> 0x9593
mem[X,0x0000000080020FFE] -> 0x00A5
[3924] [M]: 0x0000000080020FFC (0x00A59593) slli a1, a1, 10
x11 <- 0xAAAAAAAAAAAAA800
mem[X,0x0000000080021000] -> 0x8593
mem[X,0x0000000080021002] -> 0x2AA5
[3925] [M]: 0x0000000080021000 (0x2AA58593) addi a1, a1, 682
x11 <- 0xAAAAAAAAAAAAAAAA
mem[X,0x0000000080021004] -> 0x0213
mem[X,0x0000000080021006] -> 0x0000
[3926] [M]: 0x0000000080021004 (0x00000213) addi tp, zero, 0
x4 <- 0x0000000000000000
mem[X,0x0000000080021008] -> 0x006F
mem[X,0x000000008002100A] -> 0x00C0
[3927] [M]: 0x0000000080021008 (0x00C0006F) jal zero, 12
mem[X,0x0000000080021014] -> 0x0063
mem[X,0x0000000080021016] -> 0x20B5
[3928] [M]: 0x0000000080021014 (0x20B50063) beq a0, a1, 512
mem[X,0x0000000080021018] -> 0x0213
mem[X,0x000000008002101A] -> 0x0022
[3929] [M]: 0x0000000080021018 (0x00220213) addi tp, tp, 2
x4 <- 0x0000000000000002
mem[X,0x000000008002101C] -> 0x006F
mem[X,0x000000008002101E] -> 0x2000
[3930] [M]: 0x000000008002101C (0x2000006F) jal zero, 512
mem[X,0x000000008002121C] -> 0x3823
mem[X,0x000000008002121E] -> 0x0241
[3931] [M]: 0x000000008002121C (0x02413823) sd tp, 48(sp)
mem[0x00000000800499F8] <- 0x0000000000000002
mem[X,0x0000000080021220] -> 0x3537
mem[X,0x0000000080021222] -> 0x3333
[3932] [M]: 0x0000000080021220 (0x33333537) lui a0, 209715
x10 <- 0x0000000033333000
mem[X,0x0000000080021224] -> 0x0513
mem[X,0x0000000080021226] -> 0x3335
[3933] [M]: 0x0000000080021224 (0x33350513) addi a0, a0, 819
x10 <- 0x0000000033333333
mem[X,0x0000000080021228] -> 0x1513
mem[X,0x000000008002122A] -> 0x00B5
[3934] [M]: 0x0000000080021228 (0x00B51513) slli a0, a0, 11
x10 <- 0x0000019999999800
mem[X,0x000000008002122C] -> 0x0513
mem[X,0x000000008002122E] -> 0x1995
[3935] [M]: 0x000000008002122C (0x19950513) addi a0, a0, 409
x10 <- 0x0000019999999999
mem[X,0x0000000080021230] -> 0x1513
mem[X,0x0000000080021232] -> 0x00B5
[3936] [M]: 0x0000000080021230 (0x00B51513) slli a0, a0, 11
x10 <- 0x000CCCCCCCCCC800
mem[X,0x0000000080021234] -> 0x0513
mem[X,0x0000000080021236] -> 0x4CC5
[3937] [M]: 0x0000000080021234 (0x4CC50513) addi a0, a0, 1228
x10 <- 0x000CCCCCCCCCCCCC
mem[X,0x0000000080021238] -> 0x1513
mem[X,0x000000008002123A] -> 0x00A5
[3938] [M]: 0x0000000080021238 (0x00A51513) slli a0, a0, 10
x10 <- 0x3333333333333000
mem[X,0x000000008002123C] -> 0x0513
mem[X,0x000000008002123E] -> 0x3335
[3939] [M]: 0x000000008002123C (0x33350513) addi a0, a0, 819
x10 <- 0x3333333333333333
mem[X,0x0000000080021240] -> 0x0593
mem[X,0x0000000080021242] -> 0x0050
[3940] [M]: 0x0000000080021240 (0x00500593) addi a1, zero, 5
x11 <- 0x0000000000000005
mem[X,0x0000000080021244] -> 0x0213
mem[X,0x0000000080021246] -> 0x0000
[3941] [M]: 0x0000000080021244 (0x00000213) addi tp, zero, 0
x4 <- 0x0000000000000000
mem[X,0x0000000080021248] -> 0x006F
mem[X,0x000000008002124A] -> 0x0050
[3942] [M]: 0x0000000080021248 (0x0050006F) jal zero, 2052
mem[X,0x0000000080021A4C] -> 0x00E3
mem[X,0x0000000080021A4E] -> 0x80B5
[3943] [M]: 0x0000000080021A4C (0x80B500E3) beq a0, a1, 6144
mem[X,0x0000000080021A50] -> 0x0213
mem[X,0x0000000080021A52] -> 0x0022
[3944] [M]: 0x0000000080021A50 (0x00220213) addi tp, tp, 2
x4 <- 0x0000000000000002
mem[X,0x0000000080021A54] -> 0x006F
mem[X,0x0000000080021A56] -> 0x00C0
[3945] [M]: 0x0000000080021A54 (0x00C0006F) jal zero, 12
mem[X,0x0000000080021A60] -> 0x3C23
mem[X,0x0000000080021A62] -> 0x0241
[3946] [M]: 0x0000000080021A60 (0x02413C23) sd tp, 56(sp)
mem[0x0000000080049A00] <- 0x0000000000000002
mem[X,0x0000000080021A64] -> 0x3537
mem[X,0x0000000080021A66] -> 0x3333
[3947] [M]: 0x0000000080021A64 (0x33333537) lui a0, 209715
x10 <- 0x0000000033333000
mem[X,0x0000000080021A68] -> 0x0513
mem[X,0x0000000080021A6A] -> 0x3335
[3948] [M]: 0x0000000080021A68 (0x33350513) addi a0, a0, 819
x10 <- 0x0000000033333333
mem[X,0x0000000080021A6C] -> 0x1513
mem[X,0x0000000080021A6E] -> 0x00B5
[3949] [M]: 0x0000000080021A6C (0x00B51513) slli a0, a0, 11
x10 <- 0x0000019999999800
mem[X,0x0000000080021A70] -> 0x0513
mem[X,0x0000000080021A72] -> 0x1995
[3950] [M]: 0x0000000080021A70 (0x19950513) addi a0, a0, 409
x10 <- 0x0000019999999999
mem[X,0x0000000080021A74] -> 0x1513
mem[X,0x0000000080021A76] -> 0x00B5
[3951] [M]: 0x0000000080021A74 (0x00B51513) slli a0, a0, 11
x10 <- 0x000CCCCCCCCCC800
mem[X,0x0000000080021A78] -> 0x0513
mem[X,0x0000000080021A7A] -> 0x4CC5
[3952] [M]: 0x0000000080021A78 (0x4CC50513) addi a0, a0, 1228
x10 <- 0x000CCCCCCCCCCCCC
mem[X,0x0000000080021A7C] -> 0x1513
mem[X,0x0000000080021A7E] -> 0x00A5
[3953] [M]: 0x0000000080021A7C (0x00A51513) slli a0, a0, 10
x10 <- 0x3333333333333000
mem[X,0x0000000080021A80] -> 0x0513
mem[X,0x0000000080021A82] -> 0x3335
[3954] [M]: 0x0000000080021A80 (0x33350513) addi a0, a0, 819
x10 <- 0x3333333333333333
mem[X,0x0000000080021A84] -> 0x35B7
mem[X,0x0000000080021A86] -> 0x3333
[3955] [M]: 0x0000000080021A84 (0x333335B7) lui a1, 209715
x11 <- 0x0000000033333000
mem[X,0x0000000080021A88] -> 0x8593
mem[X,0x0000000080021A8A] -> 0x3335
[3956] [M]: 0x0000000080021A88 (0x33358593) addi a1, a1, 819
x11 <- 0x0000000033333333
mem[X,0x0000000080021A8C] -> 0x9593
mem[X,0x0000000080021A8E] -> 0x00B5
[3957] [M]: 0x0000000080021A8C (0x00B59593) slli a1, a1, 11
x11 <- 0x0000019999999800
mem[X,0x0000000080021A90] -> 0x8593
mem[X,0x0000000080021A92] -> 0x1995
[3958] [M]: 0x0000000080021A90 (0x19958593) addi a1, a1, 409
x11 <- 0x0000019999999999
mem[X,0x0000000080021A94] -> 0x9593
mem[X,0x0000000080021A96] -> 0x00B5
[3959] [M]: 0x0000000080021A94 (0x00B59593) slli a1, a1, 11
x11 <- 0x000CCCCCCCCCC800
mem[X,0x0000000080021A98] -> 0x8593
mem[X,0x0000000080021A9A] -> 0x4CC5
[3960] [M]: 0x0000000080021A98 (0x4CC58593) addi a1, a1, 1228
x11 <- 0x000CCCCCCCCCCCCC
mem[X,0x0000000080021A9C] -> 0x9593
mem[X,0x0000000080021A9E] -> 0x00A5
[3961] [M]: 0x0000000080021A9C (0x00A59593) slli a1, a1, 10
x11 <- 0x3333333333333000
mem[X,0x0000000080021AA0] -> 0x8593
mem[X,0x0000000080021AA2] -> 0x3335
[3962] [M]: 0x0000000080021AA0 (0x33358593) addi a1, a1, 819
x11 <- 0x3333333333333333
mem[X,0x0000000080021AA4] -> 0x0213
mem[X,0x0000000080021AA6] -> 0x0000
[3963] [M]: 0x0000000080021AA4 (0x00000213) addi tp, zero, 0
x4 <- 0x0000000000000000
mem[X,0x0000000080021AA8] -> 0x006F
mem[X,0x0000000080021AAA] -> 0x00C0
[3964] [M]: 0x0000000080021AA8 (0x00C0006F) jal zero, 12
mem[X,0x0000000080021AB4] -> 0x0663
mem[X,0x0000000080021AB6] -> 0x00B5
[3965] [M]: 0x0000000080021AB4 (0x00B50663) beq a0, a1, 12
mem[X,0x0000000080021AC0] -> 0x0213
mem[X,0x0000000080021AC2] -> 0x0032
[3966] [M]: 0x0000000080021AC0 (0x00320213) addi tp, tp, 3
x4 <- 0x0000000000000003
mem[X,0x0000000080021AC4] -> 0x006F
mem[X,0x0000000080021AC6] -> 0x0040
[3967] [M]: 0x0000000080021AC4 (0x0040006F) jal zero, 4
mem[X,0x0000000080021AC8] -> 0x3023
mem[X,0x0000000080021ACA] -> 0x0441
[3968] [M]: 0x0000000080021AC8 (0x04413023) sd tp, 64(sp)
mem[0x0000000080049A08] <- 0x0000000000000003
mem[X,0x0000000080021ACC] -> 0x3537
mem[X,0x0000000080021ACE] -> 0x3333
[3969] [M]: 0x0000000080021ACC (0x33333537) lui a0, 209715
x10 <- 0x0000000033333000
mem[X,0x0000000080021AD0] -> 0x0513
mem[X,0x0000000080021AD2] -> 0x3335
[3970] [M]: 0x0000000080021AD0 (0x33350513) addi a0, a0, 819
x10 <- 0x0000000033333333
mem[X,0x0000000080021AD4] -> 0x1513
mem[X,0x0000000080021AD6] -> 0x00B5
[3971] [M]: 0x0000000080021AD4 (0x00B51513) slli a0, a0, 11
x10 <- 0x0000019999999800
mem[X,0x0000000080021AD8] -> 0x0513
mem[X,0x0000000080021ADA] -> 0x1995
[3972] [M]: 0x0000000080021AD8 (0x19950513) addi a0, a0, 409
x10 <- 0x0000019999999999
mem[X,0x0000000080021ADC] -> 0x1513
mem[X,0x0000000080021ADE] -> 0x00B5
[3973] [M]: 0x0000000080021ADC (0x00B51513) slli a0, a0, 11
x10 <- 0x000CCCCCCCCCC800
mem[X,0x0000000080021AE0] -> 0x0513
mem[X,0x0000000080021AE2] -> 0x4CC5
[3974] [M]: 0x0000000080021AE0 (0x4CC50513) addi a0, a0, 1228
x10 <- 0x000CCCCCCCCCCCCC
mem[X,0x0000000080021AE4] -> 0x1513
mem[X,0x0000000080021AE6] -> 0x00A5
[3975] [M]: 0x0000000080021AE4 (0x00A51513) slli a0, a0, 10
x10 <- 0x3333333333333000
mem[X,0x0000000080021AE8] -> 0x0513
mem[X,0x0000000080021AEA] -> 0x3335
[3976] [M]: 0x0000000080021AE8 (0x33350513) addi a0, a0, 819
x10 <- 0x3333333333333333
mem[X,0x0000000080021AEC] -> 0x65B7
mem[X,0x0000000080021AEE] -> 0x6666
[3977] [M]: 0x0000000080021AEC (0x666665B7) lui a1, 419430
x11 <- 0x0000000066666000
mem[X,0x0000000080021AF0] -> 0x8593
mem[X,0x0000000080021AF2] -> 0x6665
[3978] [M]: 0x0000000080021AF0 (0x66658593) addi a1, a1, 1638
x11 <- 0x0000000066666666
mem[X,0x0000000080021AF4] -> 0x9593
mem[X,0x0000000080021AF6] -> 0x00B5
[3979] [M]: 0x0000000080021AF4 (0x00B59593) slli a1, a1, 11
x11 <- 0x0000033333333000
mem[X,0x0000000080021AF8] -> 0x8593
mem[X,0x0000000080021AFA] -> 0x3335
[3980] [M]: 0x0000000080021AF8 (0x33358593) addi a1, a1, 819
x11 <- 0x0000033333333333
mem[X,0x0000000080021AFC] -> 0x9593
mem[X,0x0000000080021AFE] -> 0x00B5
[3981] [M]: 0x0000000080021AFC (0x00B59593) slli a1, a1, 11
x11 <- 0x0019999999999800
mem[X,0x0000000080021B00] -> 0x8593
mem[X,0x0000000080021B02] -> 0x1995
[3982] [M]: 0x0000000080021B00 (0x19958593) addi a1, a1, 409
x11 <- 0x0019999999999999
mem[X,0x0000000080021B04] -> 0x9593
mem[X,0x0000000080021B06] -> 0x00A5
[3983] [M]: 0x0000000080021B04 (0x00A59593) slli a1, a1, 10
x11 <- 0x6666666666666400
mem[X,0x0000000080021B08] -> 0x8593
mem[X,0x0000000080021B0A] -> 0x2665
[3984] [M]: 0x0000000080021B08 (0x26658593) addi a1, a1, 614
x11 <- 0x6666666666666666
mem[X,0x0000000080021B0C] -> 0x0213
mem[X,0x0000000080021B0E] -> 0x0000
[3985] [M]: 0x0000000080021B0C (0x00000213) addi tp, zero, 0
x4 <- 0x0000000000000000
mem[X,0x0000000080021B10] -> 0x006F
mem[X,0x0000000080021B12] -> 0x00C0
[3986] [M]: 0x0000000080021B10 (0x00C0006F) jal zero, 12
mem[X,0x0000000080021B1C] -> 0x0663
mem[X,0x0000000080021B1E] -> 0x00B5
[3987] [M]: 0x0000000080021B1C (0x00B50663) beq a0, a1, 12
mem[X,0x0000000080021B20] -> 0x0213
mem[X,0x0000000080021B22] -> 0x0022
[3988] [M]: 0x0000000080021B20 (0x00220213) addi tp, tp, 2
x4 <- 0x0000000000000002
mem[X,0x0000000080021B24] -> 0x006F
mem[X,0x0000000080021B26] -> 0x00C0
[3989] [M]: 0x0000000080021B24 (0x00C0006F) jal zero, 12
mem[X,0x0000000080021B30] -> 0x3423
mem[X,0x0000000080021B32] -> 0x0441
[3990] [M]: 0x0000000080021B30 (0x04413423) sd tp, 72(sp)
mem[0x0000000080049A10] <- 0x0000000000000002
mem[X,0x0000000080021B34] -> 0x3537
mem[X,0x0000000080021B36] -> 0x3333
[3991] [M]: 0x0000000080021B34 (0x33333537) lui a0, 209715
x10 <- 0x0000000033333000
mem[X,0x0000000080021B38] -> 0x0513
mem[X,0x0000000080021B3A] -> 0x3335
[3992] [M]: 0x0000000080021B38 (0x33350513) addi a0, a0, 819
x10 <- 0x0000000033333333
mem[X,0x0000000080021B3C] -> 0x1513
mem[X,0x0000000080021B3E] -> 0x00B5
[3993] [M]: 0x0000000080021B3C (0x00B51513) slli a0, a0, 11
x10 <- 0x0000019999999800
mem[X,0x0000000080021B40] -> 0x0513
mem[X,0x0000000080021B42] -> 0x1995
[3994] [M]: 0x0000000080021B40 (0x19950513) addi a0, a0, 409
x10 <- 0x0000019999999999
mem[X,0x0000000080021B44] -> 0x1513
mem[X,0x0000000080021B46] -> 0x00B5
[3995] [M]: 0x0000000080021B44 (0x00B51513) slli a0, a0, 11
x10 <- 0x000CCCCCCCCCC800
mem[X,0x0000000080021B48] -> 0x0513
mem[X,0x0000000080021B4A] -> 0x4CC5
[3996] [M]: 0x0000000080021B48 (0x4CC50513) addi a0, a0, 1228
x10 <- 0x000CCCCCCCCCCCCC
mem[X,0x0000000080021B4C] -> 0x1513
mem[X,0x0000000080021B4E] -> 0x00A5
[3997] [M]: 0x0000000080021B4C (0x00A51513) slli a0, a0, 10
x10 <- 0x3333333333333000
mem[X,0x0000000080021B50] -> 0x0513
mem[X,0x0000000080021B52] -> 0x3335
[3998] [M]: 0x0000000080021B50 (0x33350513) addi a0, a0, 819
x10 <- 0x3333333333333333
mem[X,0x0000000080021B54] -> 0x05B7
mem[X,0x0000000080021B56] -> 0x0000
[3999] [M]: 0x0000000080021B54 (0x000005B7) lui a1, 0
x11 <- 0x0000000000000000
clint::tick mtime <- 0x0000000000000028
 clint timer pending at mtime 0x0000000000000028
htif::tick 0x0000000000000000
mem[X,0x0000000080021B58] -> 0x8593
mem[X,0x0000000080021B5A] -> 0xFFF5
[4000] [M]: 0x0000000080021B58 (0xFFF58593) addi a1, a1, 4095
x11 <- 0xFFFFFFFFFFFFFFFF
mem[X,0x0000000080021B5C] -> 0x9593
mem[X,0x0000000080021B5E] -> 0x00B5
[4001] [M]: 0x0000000080021B5C (0x00B59593) slli a1, a1, 11
x11 <- 0xFFFFFFFFFFFFF800
mem[X,0x0000000080021B60] -> 0x8593
mem[X,0x0000000080021B62] -> 0x2575
[4002] [M]: 0x0000000080021B60 (0x25758593) addi a1, a1, 599
x11 <- 0xFFFFFFFFFFFFFA57
mem[X,0x0000000080021B64] -> 0x9593
mem[X,0x0000000080021B66] -> 0x00B5
[4003] [M]: 0x0000000080021B64 (0x00B59593) slli a1, a1, 11
x11 <- 0xFFFFFFFFFFD2B800
mem[X,0x0000000080021B68] -> 0x8593
mem[X,0x0000000080021B6A] -> 0x6C35
[4004] [M]: 0x0000000080021B68 (0x6C358593) addi a1, a1, 1731
x11 <- 0xFFFFFFFFFFD2BEC3
mem[X,0x0000000080021B6C] -> 0x9593
mem[X,0x0000000080021B6E] -> 0x00A5
[4005] [M]: 0x0000000080021B6C (0x00A59593) slli a1, a1, 10
x11 <- 0xFFFFFFFF4AFB0C00
mem[X,0x0000000080021B70] -> 0x8593
mem[X,0x0000000080021B72] -> 0x0CD5
[4006] [M]: 0x0000000080021B70 (0x0CD58593) addi a1, a1, 205
x11 <- 0xFFFFFFFF4AFB0CCD
mem[X,0x0000000080021B74] -> 0x0213
mem[X,0x0000000080021B76] -> 0x0000
[4007] [M]: 0x0000000080021B74 (0x00000213) addi tp, zero, 0
x4 <- 0x0000000000000000
mem[X,0x0000000080021B78] -> 0x006F
mem[X,0x0000000080021B7A] -> 0x00C0
[4008] [M]: 0x0000000080021B78 (0x00C0006F) jal zero, 12
mem[X,0x0000000080021B84] -> 0x0063
mem[X,0x0000000080021B86] -> 0x08B5
[4009] [M]: 0x0000000080021B84 (0x08B50063) beq a0, a1, 128
mem[X,0x0000000080021B88] -> 0x0213
mem[X,0x0000000080021B8A] -> 0x0022
[4010] [M]: 0x0000000080021B88 (0x00220213) addi tp, tp, 2
x4 <- 0x0000000000000002
mem[X,0x0000000080021B8C] -> 0x006F
mem[X,0x0000000080021B8E] -> 0x0800
[4011] [M]: 0x0000000080021B8C (0x0800006F) jal zero, 128
mem[X,0x0000000080021C0C] -> 0x3823
mem[X,0x0000000080021C0E] -> 0x0441
[4012] [M]: 0x0000000080021C0C (0x04413823) sd tp, 80(sp)
mem[0x0000000080049A18] <- 0x0000000000000002
mem[X,0x0000000080021C10] -> 0x3537
mem[X,0x0000000080021C12] -> 0x3333
[4013] [M]: 0x0000000080021C10 (0x33333537) lui a0, 209715
x10 <- 0x0000000033333000
mem[X,0x0000000080021C14] -> 0x0513
mem[X,0x0000000080021C16] -> 0x3335
[4014] [M]: 0x0000000080021C14 (0x33350513) addi a0, a0, 819
x10 <- 0x0000000033333333
mem[X,0x0000000080021C18] -> 0x1513
mem[X,0x0000000080021C1A] -> 0x00B5
[4015] [M]: 0x0000000080021C18 (0x00B51513) slli a0, a0, 11
x10 <- 0x0000019999999800
mem[X,0x0000000080021C1C] -> 0x0513
mem[X,0x0000000080021C1E] -> 0x1995
[4016] [M]: 0x0000000080021C1C (0x19950513) addi a0, a0, 409
x10 <- 0x0000019999999999
mem[X,0x0000000080021C20] -> 0x1513
mem[X,0x0000000080021C22] -> 0x00B5
[4017] [M]: 0x0000000080021C20 (0x00B51513) slli a0, a0, 11
x10 <- 0x000CCCCCCCCCC800
mem[X,0x0000000080021C24] -> 0x0513
mem[X,0x0000000080021C26] -> 0x4CC5
[4018] [M]: 0x0000000080021C24 (0x4CC50513) addi a0, a0, 1228
x10 <- 0x000CCCCCCCCCCCCC
mem[X,0x0000000080021C28] -> 0x1513
mem[X,0x0000000080021C2A] -> 0x00A5
[4019] [M]: 0x0000000080021C28 (0x00A51513) slli a0, a0, 10
x10 <- 0x3333333333333000
mem[X,0x0000000080021C2C] -> 0x0513
mem[X,0x0000000080021C2E] -> 0x3335
[4020] [M]: 0x0000000080021C2C (0x33350513) addi a0, a0, 819
x10 <- 0x3333333333333333
mem[X,0x0000000080021C30] -> 0x05B7
mem[X,0x0000000080021C32] -> 0x0000
[4021] [M]: 0x0000000080021C30 (0x000005B7) lui a1, 0
x11 <- 0x0000000000000000
mem[X,0x0000000080021C34] -> 0x8593
mem[X,0x0000000080021C36] -> 0x0005
[4022] [M]: 0x0000000080021C34 (0x00058593) addi a1, a1, 0
x11 <- 0x0000000000000000
mem[X,0x0000000080021C38] -> 0x9593
mem[X,0x0000000080021C3A] -> 0x00B5
[4023] [M]: 0x0000000080021C38 (0x00B59593) slli a1, a1, 11
x11 <- 0x0000000000000000
mem[X,0x0000000080021C3C] -> 0x8593
mem[X,0x0000000080021C3E] -> 0x5A85
[4024] [M]: 0x0000000080021C3C (0x5A858593) addi a1, a1, 1448
x11 <- 0x00000000000005A8
mem[X,0x0000000080021C40] -> 0x9593
mem[X,0x0000000080021C42] -> 0x00B5
[4025] [M]: 0x0000000080021C40 (0x00B59593) slli a1, a1, 11
x11 <- 0x00000000002D4000
mem[X,0x0000000080021C44] -> 0x8593
mem[X,0x0000000080021C46] -> 0x13C5
[4026] [M]: 0x0000000080021C44 (0x13C58593) addi a1, a1, 316
x11 <- 0x00000000002D413C
mem[X,0x0000000080021C48] -> 0x9593
mem[X,0x0000000080021C4A] -> 0x00A5
[4027] [M]: 0x0000000080021C48 (0x00A59593) slli a1, a1, 10
x11 <- 0x00000000B504F000
mem[X,0x0000000080021C4C] -> 0x8593
mem[X,0x0000000080021C4E] -> 0x3335
[4028] [M]: 0x0000000080021C4C (0x33358593) addi a1, a1, 819
x11 <- 0x00000000B504F333
mem[X,0x0000000080021C50] -> 0x0213
mem[X,0x0000000080021C52] -> 0x0000
[4029] [M]: 0x0000000080021C50 (0x00000213) addi tp, zero, 0
x4 <- 0x0000000000000000
mem[X,0x0000000080021C54] -> 0x006F
mem[X,0x0000000080021C56] -> 0x00C0
[4030] [M]: 0x0000000080021C54 (0x00C0006F) jal zero, 12
mem[X,0x0000000080021C60] -> 0x0663
mem[X,0x0000000080021C62] -> 0x00B5
[4031] [M]: 0x0000000080021C60 (0x00B50663) beq a0, a1, 12
mem[X,0x0000000080021C64] -> 0x0213
mem[X,0x0000000080021C66] -> 0x0022
[4032] [M]: 0x0000000080021C64 (0x00220213) addi tp, tp, 2
x4 <- 0x0000000000000002
mem[X,0x0000000080021C68] -> 0x006F
mem[X,0x0000000080021C6A] -> 0x00C0
[4033] [M]: 0x0000000080021C68 (0x00C0006F) jal zero, 12
mem[X,0x0000000080021C74] -> 0x3C23
mem[X,0x0000000080021C76] -> 0x0441
[4034] [M]: 0x0000000080021C74 (0x04413C23) sd tp, 88(sp)
mem[0x0000000080049A20] <- 0x0000000000000002
mem[X,0x0000000080021C78] -> 0x3537
mem[X,0x0000000080021C7A] -> 0x3333
[4035] [M]: 0x0000000080021C78 (0x33333537) lui a0, 209715
x10 <- 0x0000000033333000
mem[X,0x0000000080021C7C] -> 0x0513
mem[X,0x0000000080021C7E] -> 0x3335
[4036] [M]: 0x0000000080021C7C (0x33350513) addi a0, a0, 819
x10 <- 0x0000000033333333
mem[X,0x0000000080021C80] -> 0x1513
mem[X,0x0000000080021C82] -> 0x00B5
[4037] [M]: 0x0000000080021C80 (0x00B51513) slli a0, a0, 11
x10 <- 0x0000019999999800
mem[X,0x0000000080021C84] -> 0x0513
mem[X,0x0000000080021C86] -> 0x1995
[4038] [M]: 0x0000000080021C84 (0x19950513) addi a0, a0, 409
x10 <- 0x0000019999999999
mem[X,0x0000000080021C88] -> 0x1513
mem[X,0x0000000080021C8A] -> 0x00B5
[4039] [M]: 0x0000000080021C88 (0x00B51513) slli a0, a0, 11
x10 <- 0x000CCCCCCCCCC800
mem[X,0x0000000080021C8C] -> 0x0513
mem[X,0x0000000080021C8E] -> 0x4CC5
[4040] [M]: 0x0000000080021C8C (0x4CC50513) addi a0, a0, 1228
x10 <- 0x000CCCCCCCCCCCCC
mem[X,0x0000000080021C90] -> 0x1513
mem[X,0x0000000080021C92] -> 0x00A5
[4041] [M]: 0x0000000080021C90 (0x00A51513) slli a0, a0, 10
x10 <- 0x3333333333333000
mem[X,0x0000000080021C94] -> 0x0513
mem[X,0x0000000080021C96] -> 0x3335
[4042] [M]: 0x0000000080021C94 (0x33350513) addi a0, a0, 819
x10 <- 0x3333333333333333
mem[X,0x0000000080021C98] -> 0x0593
mem[X,0x0000000080021C9A] -> 0x0020
[4043] [M]: 0x0000000080021C98 (0x00200593) addi a1, zero, 2
x11 <- 0x0000000000000002
mem[X,0x0000000080021C9C] -> 0x0213
mem[X,0x0000000080021C9E] -> 0x0000
[4044] [M]: 0x0000000080021C9C (0x00000213) addi tp, zero, 0
x4 <- 0x0000000000000000
mem[X,0x0000000080021CA0] -> 0x006F
mem[X,0x0000000080021CA2] -> 0x00C0
[4045] [M]: 0x0000000080021CA0 (0x00C0006F) jal zero, 12
mem[X,0x0000000080021CAC] -> 0x0663
mem[X,0x0000000080021CAE] -> 0x00B5
[4046] [M]: 0x0000000080021CAC (0x00B50663) beq a0, a1, 12
mem[X,0x0000000080021CB0] -> 0x0213
mem[X,0x0000000080021CB2] -> 0x0022
[4047] [M]: 0x0000000080021CB0 (0x00220213) addi tp, tp, 2
x4 <- 0x0000000000000002
mem[X,0x0000000080021CB4] -> 0x006F
mem[X,0x0000000080021CB6] -> 0x00C0
[4048] [M]: 0x0000000080021CB4 (0x00C0006F) jal zero, 12
mem[X,0x0000000080021CC0] -> 0x3023
mem[X,0x0000000080021CC2] -> 0x0641
[4049] [M]: 0x0000000080021CC0 (0x06413023) sd tp, 96(sp)
mem[0x0000000080049A28] <- 0x0000000000000002
mem[X,0x0000000080021CC4] -> 0x3537
mem[X,0x0000000080021CC6] -> 0x3333
[4050] [M]: 0x0000000080021CC4 (0x33333537) lui a0, 209715
x10 <- 0x0000000033333000
mem[X,0x0000000080021CC8] -> 0x0513
mem[X,0x0000000080021CCA] -> 0x3335
[4051] [M]: 0x0000000080021CC8 (0x33350513) addi a0, a0, 819
x10 <- 0x0000000033333333
mem[X,0x0000000080021CCC] -> 0x1513
mem[X,0x0000000080021CCE] -> 0x00B5
[4052] [M]: 0x0000000080021CCC (0x00B51513) slli a0, a0, 11
x10 <- 0x0000019999999800
mem[X,0x0000000080021CD0] -> 0x0513
mem[X,0x0000000080021CD2] -> 0x1995
[4053] [M]: 0x0000000080021CD0 (0x19950513) addi a0, a0, 409
x10 <- 0x0000019999999999
mem[X,0x0000000080021CD4] -> 0x1513
mem[X,0x0000000080021CD6] -> 0x00B5
[4054] [M]: 0x0000000080021CD4 (0x00B51513) slli a0, a0, 11
x10 <- 0x000CCCCCCCCCC800
mem[X,0x0000000080021CD8] -> 0x0513
mem[X,0x0000000080021CDA] -> 0x4CC5
[4055] [M]: 0x0000000080021CD8 (0x4CC50513) addi a0, a0, 1228
x10 <- 0x000CCCCCCCCCCCCC
mem[X,0x0000000080021CDC] -> 0x1513
mem[X,0x0000000080021CDE] -> 0x00A5
[4056] [M]: 0x0000000080021CDC (0x00A51513) slli a0, a0, 10
x10 <- 0x3333333333333000
mem[X,0x0000000080021CE0] -> 0x0513
mem[X,0x0000000080021CE2] -> 0x3335
[4057] [M]: 0x0000000080021CE0 (0x33350513) addi a0, a0, 819
x10 <- 0x3333333333333333
mem[X,0x0000000080021CE4] -> 0x55B7
mem[X,0x0000000080021CE6] -> 0x5555
[4058] [M]: 0x0000000080021CE4 (0x555555B7) lui a1, 349525
x11 <- 0x0000000055555000
mem[X,0x0000000080021CE8] -> 0x8593
mem[X,0x0000000080021CEA] -> 0x5555
[4059] [M]: 0x0000000080021CE8 (0x55558593) addi a1, a1, 1365
x11 <- 0x0000000055555555
mem[X,0x0000000080021CEC] -> 0x9593
mem[X,0x0000000080021CEE] -> 0x00B5
[4060] [M]: 0x0000000080021CEC (0x00B59593) slli a1, a1, 11
x11 <- 0x000002AAAAAAA800
mem[X,0x0000000080021CF0] -> 0x8593
mem[X,0x0000000080021CF2] -> 0x2AA5
[4061] [M]: 0x0000000080021CF0 (0x2AA58593) addi a1, a1, 682
x11 <- 0x000002AAAAAAAAAA
mem[X,0x0000000080021CF4] -> 0x9593
mem[X,0x0000000080021CF6] -> 0x00B5
[4062] [M]: 0x0000000080021CF4 (0x00B59593) slli a1, a1, 11
x11 <- 0x0015555555555000
mem[X,0x0000000080021CF8] -> 0x8593
mem[X,0x0000000080021CFA] -> 0x5555
[4063] [M]: 0x0000000080021CF8 (0x55558593) addi a1, a1, 1365
x11 <- 0x0015555555555555
mem[X,0x0000000080021CFC] -> 0x9593
mem[X,0x0000000080021CFE] -> 0x00A5
[4064] [M]: 0x0000000080021CFC (0x00A59593) slli a1, a1, 10
x11 <- 0x5555555555555400
mem[X,0x0000000080021D00] -> 0x8593
mem[X,0x0000000080021D02] -> 0x1545
[4065] [M]: 0x0000000080021D00 (0x15458593) addi a1, a1, 340
x11 <- 0x5555555555555554
mem[X,0x0000000080021D04] -> 0x0213
mem[X,0x0000000080021D06] -> 0x0000
[4066] [M]: 0x0000000080021D04 (0x00000213) addi tp, zero, 0
x4 <- 0x0000000000000000
mem[X,0x0000000080021D08] -> 0x006F
mem[X,0x0000000080021D0A] -> 0x00C0
[4067] [M]: 0x0000000080021D08 (0x00C0006F) jal zero, 12
mem[X,0x0000000080021D14] -> 0x0663
mem[X,0x0000000080021D16] -> 0x00B5
[4068] [M]: 0x0000000080021D14 (0x00B50663) beq a0, a1, 12
mem[X,0x0000000080021D18] -> 0x0213
mem[X,0x0000000080021D1A] -> 0x0022
[4069] [M]: 0x0000000080021D18 (0x00220213) addi tp, tp, 2
x4 <- 0x0000000000000002
mem[X,0x0000000080021D1C] -> 0x006F
mem[X,0x0000000080021D1E] -> 0x00C0
[4070] [M]: 0x0000000080021D1C (0x00C0006F) jal zero, 12
mem[X,0x0000000080021D28] -> 0x3423
mem[X,0x0000000080021D2A] -> 0x0641
[4071] [M]: 0x0000000080021D28 (0x06413423) sd tp, 104(sp)
mem[0x0000000080049A30] <- 0x0000000000000002
mem[X,0x0000000080021D2C] -> 0x3537
mem[X,0x0000000080021D2E] -> 0x3333
[4072] [M]: 0x0000000080021D2C (0x33333537) lui a0, 209715
x10 <- 0x0000000033333000
mem[X,0x0000000080021D30] -> 0x0513
mem[X,0x0000000080021D32] -> 0x3335
[4073] [M]: 0x0000000080021D30 (0x33350513) addi a0, a0, 819
x10 <- 0x0000000033333333
mem[X,0x0000000080021D34] -> 0x1513
mem[X,0x0000000080021D36] -> 0x00B5
[4074] [M]: 0x0000000080021D34 (0x00B51513) slli a0, a0, 11
x10 <- 0x0000019999999800
mem[X,0x0000000080021D38] -> 0x0513
mem[X,0x0000000080021D3A] -> 0x1995
[4075] [M]: 0x0000000080021D38 (0x19950513) addi a0, a0, 409
x10 <- 0x0000019999999999
mem[X,0x0000000080021D3C] -> 0x1513
mem[X,0x0000000080021D3E] -> 0x00B5
[4076] [M]: 0x0000000080021D3C (0x00B51513) slli a0, a0, 11
x10 <- 0x000CCCCCCCCCC800
mem[X,0x0000000080021D40] -> 0x0513
mem[X,0x0000000080021D42] -> 0x4CC5
[4077] [M]: 0x0000000080021D40 (0x4CC50513) addi a0, a0, 1228
x10 <- 0x000CCCCCCCCCCCCC
mem[X,0x0000000080021D44] -> 0x1513
mem[X,0x0000000080021D46] -> 0x00A5
[4078] [M]: 0x0000000080021D44 (0x00A51513) slli a0, a0, 10
x10 <- 0x3333333333333000
mem[X,0x0000000080021D48] -> 0x0513
mem[X,0x0000000080021D4A] -> 0x3335
[4079] [M]: 0x0000000080021D48 (0x33350513) addi a0, a0, 819
x10 <- 0x3333333333333333
mem[X,0x0000000080021D4C] -> 0x0593
mem[X,0x0000000080021D4E] -> 0x0000
[4080] [M]: 0x0000000080021D4C (0x00000593) addi a1, zero, 0
x11 <- 0x0000000000000000
mem[X,0x0000000080021D50] -> 0x0213
mem[X,0x0000000080021D52] -> 0x0000
[4081] [M]: 0x0000000080021D50 (0x00000213) addi tp, zero, 0
x4 <- 0x0000000000000000
mem[X,0x0000000080021D54] -> 0x006F
mem[X,0x0000000080021D56] -> 0x0180
[4082] [M]: 0x0000000080021D54 (0x0180006F) jal zero, 24
mem[X,0x0000000080021D6C] -> 0x06E3
mem[X,0x0000000080021D6E] -> 0xFEB5
[4083] [M]: 0x0000000080021D6C (0xFEB506E3) beq a0, a1, 8172
mem[X,0x0000000080021D70] -> 0x0213
mem[X,0x0000000080021D72] -> 0x0022
[4084] [M]: 0x0000000080021D70 (0x00220213) addi tp, tp, 2
x4 <- 0x0000000000000002
mem[X,0x0000000080021D74] -> 0x006F
mem[X,0x0000000080021D76] -> 0x00C0
[4085] [M]: 0x0000000080021D74 (0x00C0006F) jal zero, 12
mem[X,0x0000000080021D80] -> 0x3823
mem[X,0x0000000080021D82] -> 0x0641
[4086] [M]: 0x0000000080021D80 (0x06413823) sd tp, 112(sp)
mem[0x0000000080049A38] <- 0x0000000000000002
mem[X,0x0000000080021D84] -> 0x3537
mem[X,0x0000000080021D86] -> 0x3333
[4087] [M]: 0x0000000080021D84 (0x33333537) lui a0, 209715
x10 <- 0x0000000033333000
mem[X,0x0000000080021D88] -> 0x0513
mem[X,0x0000000080021D8A] -> 0x3335
[4088] [M]: 0x0000000080021D88 (0x33350513) addi a0, a0, 819
x10 <- 0x0000000033333333
mem[X,0x0000000080021D8C] -> 0x1513
mem[X,0x0000000080021D8E] -> 0x00B5
[4089] [M]: 0x0000000080021D8C (0x00B51513) slli a0, a0, 11
x10 <- 0x0000019999999800
mem[X,0x0000000080021D90] -> 0x0513
mem[X,0x0000000080021D92] -> 0x1995
[4090] [M]: 0x0000000080021D90 (0x19950513) addi a0, a0, 409
x10 <- 0x0000019999999999
mem[X,0x0000000080021D94] -> 0x1513
mem[X,0x0000000080021D96] -> 0x00B5
[4091] [M]: 0x0000000080021D94 (0x00B51513) slli a0, a0, 11
x10 <- 0x000CCCCCCCCCC800
mem[X,0x0000000080021D98] -> 0x0513
mem[X,0x0000000080021D9A] -> 0x4CC5
[4092] [M]: 0x0000000080021D98 (0x4CC50513) addi a0, a0, 1228
x10 <- 0x000CCCCCCCCCCCCC
mem[X,0x0000000080021D9C] -> 0x1513
mem[X,0x0000000080021D9E] -> 0x00A5
[4093] [M]: 0x0000000080021D9C (0x00A51513) slli a0, a0, 10
x10 <- 0x3333333333333000
mem[X,0x0000000080021DA0] -> 0x0513
mem[X,0x0000000080021DA2] -> 0x3335
[4094] [M]: 0x0000000080021DA0 (0x33350513) addi a0, a0, 819
x10 <- 0x3333333333333333
mem[X,0x0000000080021DA4] -> 0x0593
mem[X,0x0000000080021DA6] -> 0x0040
[4095] [M]: 0x0000000080021DA4 (0x00400593) addi a1, zero, 4
x11 <- 0x0000000000000004
mem[X,0x0000000080021DA8] -> 0x0213
mem[X,0x0000000080021DAA] -> 0x0000
[4096] [M]: 0x0000000080021DA8 (0x00000213) addi tp, zero, 0
x4 <- 0x0000000000000000
mem[X,0x0000000080021DAC] -> 0x006F
mem[X,0x0000000080021DAE] -> 0x00C0
[4097] [M]: 0x0000000080021DAC (0x00C0006F) jal zero, 12
mem[X,0x0000000080021DB8] -> 0x0663
mem[X,0x0000000080021DBA] -> 0x00B5
[4098] [M]: 0x0000000080021DB8 (0x00B50663) beq a0, a1, 12
mem[X,0x0000000080021DBC] -> 0x0213
mem[X,0x0000000080021DBE] -> 0x0022
[4099] [M]: 0x0000000080021DBC (0x00220213) addi tp, tp, 2
x4 <- 0x0000000000000002
clint::tick mtime <- 0x0000000000000029
 clint timer pending at mtime 0x0000000000000029
htif::tick 0x0000000000000000
mem[X,0x0000000080021DC0] -> 0x006F
mem[X,0x0000000080021DC2] -> 0x00C0
[4100] [M]: 0x0000000080021DC0 (0x00C0006F) jal zero, 12
mem[X,0x0000000080021DCC] -> 0x3C23
mem[X,0x0000000080021DCE] -> 0x0641
[4101] [M]: 0x0000000080021DCC (0x06413C23) sd tp, 120(sp)
mem[0x0000000080049A40] <- 0x0000000000000002
mem[X,0x0000000080021DD0] -> 0x3537
mem[X,0x0000000080021DD2] -> 0x3333
[4102] [M]: 0x0000000080021DD0 (0x33333537) lui a0, 209715
x10 <- 0x0000000033333000
mem[X,0x0000000080021DD4] -> 0x0513
mem[X,0x0000000080021DD6] -> 0x3335
[4103] [M]: 0x0000000080021DD4 (0x33350513) addi a0, a0, 819
x10 <- 0x0000000033333333
mem[X,0x0000000080021DD8] -> 0x1513
mem[X,0x0000000080021DDA] -> 0x00B5
[4104] [M]: 0x0000000080021DD8 (0x00B51513) slli a0, a0, 11
x10 <- 0x0000019999999800
mem[X,0x0000000080021DDC] -> 0x0513
mem[X,0x0000000080021DDE] -> 0x1995
[4105] [M]: 0x0000000080021DDC (0x19950513) addi a0, a0, 409
x10 <- 0x0000019999999999
mem[X,0x0000000080021DE0] -> 0x1513
mem[X,0x0000000080021DE2] -> 0x00B5
[4106] [M]: 0x0000000080021DE0 (0x00B51513) slli a0, a0, 11
x10 <- 0x000CCCCCCCCCC800
mem[X,0x0000000080021DE4] -> 0x0513
mem[X,0x0000000080021DE6] -> 0x4CC5
[4107] [M]: 0x0000000080021DE4 (0x4CC50513) addi a0, a0, 1228
x10 <- 0x000CCCCCCCCCCCCC
mem[X,0x0000000080021DE8] -> 0x1513
mem[X,0x0000000080021DEA] -> 0x00A5
[4108] [M]: 0x0000000080021DE8 (0x00A51513) slli a0, a0, 10
x10 <- 0x3333333333333000
mem[X,0x0000000080021DEC] -> 0x0513
mem[X,0x0000000080021DEE] -> 0x3335
[4109] [M]: 0x0000000080021DEC (0x33350513) addi a0, a0, 819
x10 <- 0x3333333333333333
mem[X,0x0000000080021DF0] -> 0x35B7
mem[X,0x0000000080021DF2] -> 0x3333
[4110] [M]: 0x0000000080021DF0 (0x333335B7) lui a1, 209715
x11 <- 0x0000000033333000
mem[X,0x0000000080021DF4] -> 0x8593
mem[X,0x0000000080021DF6] -> 0x3335
[4111] [M]: 0x0000000080021DF4 (0x33358593) addi a1, a1, 819
x11 <- 0x0000000033333333
mem[X,0x0000000080021DF8] -> 0x9593
mem[X,0x0000000080021DFA] -> 0x00B5
[4112] [M]: 0x0000000080021DF8 (0x00B59593) slli a1, a1, 11
x11 <- 0x0000019999999800
mem[X,0x0000000080021DFC] -> 0x8593
mem[X,0x0000000080021DFE] -> 0x1995
[4113] [M]: 0x0000000080021DFC (0x19958593) addi a1, a1, 409
x11 <- 0x0000019999999999
mem[X,0x0000000080021E00] -> 0x9593
mem[X,0x0000000080021E02] -> 0x00B5
[4114] [M]: 0x0000000080021E00 (0x00B59593) slli a1, a1, 11
x11 <- 0x000CCCCCCCCCC800
mem[X,0x0000000080021E04] -> 0x8593
mem[X,0x0000000080021E06] -> 0x4CC5
[4115] [M]: 0x0000000080021E04 (0x4CC58593) addi a1, a1, 1228
x11 <- 0x000CCCCCCCCCCCCC
mem[X,0x0000000080021E08] -> 0x9593
mem[X,0x0000000080021E0A] -> 0x00A5
[4116] [M]: 0x0000000080021E08 (0x00A59593) slli a1, a1, 10
x11 <- 0x3333333333333000
mem[X,0x0000000080021E0C] -> 0x8593
mem[X,0x0000000080021E0E] -> 0x3325
[4117] [M]: 0x0000000080021E0C (0x33258593) addi a1, a1, 818
x11 <- 0x3333333333333332
mem[X,0x0000000080021E10] -> 0x0213
mem[X,0x0000000080021E12] -> 0x0000
[4118] [M]: 0x0000000080021E10 (0x00000213) addi tp, zero, 0
x4 <- 0x0000000000000000
mem[X,0x0000000080021E14] -> 0x006F
mem[X,0x0000000080021E16] -> 0x00C0
[4119] [M]: 0x0000000080021E14 (0x00C0006F) jal zero, 12
mem[X,0x0000000080021E20] -> 0x0063
mem[X,0x0000000080021E22] -> 0x40B5
[4120] [M]: 0x0000000080021E20 (0x40B50063) beq a0, a1, 1024
mem[X,0x0000000080021E24] -> 0x0213
mem[X,0x0000000080021E26] -> 0x0022
[4121] [M]: 0x0000000080021E24 (0x00220213) addi tp, tp, 2
x4 <- 0x0000000000000002
mem[X,0x0000000080021E28] -> 0x006F
mem[X,0x0000000080021E2A] -> 0x4000
[4122] [M]: 0x0000000080021E28 (0x4000006F) jal zero, 1024
mem[X,0x0000000080022228] -> 0x3023
mem[X,0x000000008002222A] -> 0x0841
[4123] [M]: 0x0000000080022228 (0x08413023) sd tp, 128(sp)
mem[0x0000000080049A48] <- 0x0000000000000002
mem[X,0x000000008002222C] -> 0x3537
mem[X,0x000000008002222E] -> 0x3333
[4124] [M]: 0x000000008002222C (0x33333537) lui a0, 209715
x10 <- 0x0000000033333000
mem[X,0x0000000080022230] -> 0x0513
mem[X,0x0000000080022232] -> 0x3335
[4125] [M]: 0x0000000080022230 (0x33350513) addi a0, a0, 819
x10 <- 0x0000000033333333
mem[X,0x0000000080022234] -> 0x1513
mem[X,0x0000000080022236] -> 0x00B5
[4126] [M]: 0x0000000080022234 (0x00B51513) slli a0, a0, 11
x10 <- 0x0000019999999800
mem[X,0x0000000080022238] -> 0x0513
mem[X,0x000000008002223A] -> 0x1995
[4127] [M]: 0x0000000080022238 (0x19950513) addi a0, a0, 409
x10 <- 0x0000019999999999
mem[X,0x000000008002223C] -> 0x1513
mem[X,0x000000008002223E] -> 0x00B5
[4128] [M]: 0x000000008002223C (0x00B51513) slli a0, a0, 11
x10 <- 0x000CCCCCCCCCC800
mem[X,0x0000000080022240] -> 0x0513
mem[X,0x0000000080022242] -> 0x4CC5
[4129] [M]: 0x0000000080022240 (0x4CC50513) addi a0, a0, 1228
x10 <- 0x000CCCCCCCCCCCCC
mem[X,0x0000000080022244] -> 0x1513
mem[X,0x0000000080022246] -> 0x00A5
[4130] [M]: 0x0000000080022244 (0x00A51513) slli a0, a0, 10
x10 <- 0x3333333333333000
mem[X,0x0000000080022248] -> 0x0513
mem[X,0x000000008002224A] -> 0x3335
[4131] [M]: 0x0000000080022248 (0x33350513) addi a0, a0, 819
x10 <- 0x3333333333333333
mem[X,0x000000008002224C] -> 0x65B7
mem[X,0x000000008002224E] -> 0x6666
[4132] [M]: 0x000000008002224C (0x666665B7) lui a1, 419430
x11 <- 0x0000000066666000
mem[X,0x0000000080022250] -> 0x8593
mem[X,0x0000000080022252] -> 0x6665
[4133] [M]: 0x0000000080022250 (0x66658593) addi a1, a1, 1638
x11 <- 0x0000000066666666
mem[X,0x0000000080022254] -> 0x9593
mem[X,0x0000000080022256] -> 0x00B5
[4134] [M]: 0x0000000080022254 (0x00B59593) slli a1, a1, 11
x11 <- 0x0000033333333000
mem[X,0x0000000080022258] -> 0x8593
mem[X,0x000000008002225A] -> 0x3335
[4135] [M]: 0x0000000080022258 (0x33358593) addi a1, a1, 819
x11 <- 0x0000033333333333
mem[X,0x000000008002225C] -> 0x9593
mem[X,0x000000008002225E] -> 0x00B5
[4136] [M]: 0x000000008002225C (0x00B59593) slli a1, a1, 11
x11 <- 0x0019999999999800
mem[X,0x0000000080022260] -> 0x8593
mem[X,0x0000000080022262] -> 0x1995
[4137] [M]: 0x0000000080022260 (0x19958593) addi a1, a1, 409
x11 <- 0x0019999999999999
mem[X,0x0000000080022264] -> 0x9593
mem[X,0x0000000080022266] -> 0x00A5
[4138] [M]: 0x0000000080022264 (0x00A59593) slli a1, a1, 10
x11 <- 0x6666666666666400
mem[X,0x0000000080022268] -> 0x8593
mem[X,0x000000008002226A] -> 0x2655
[4139] [M]: 0x0000000080022268 (0x26558593) addi a1, a1, 613
x11 <- 0x6666666666666665
mem[X,0x000000008002226C] -> 0x0213
mem[X,0x000000008002226E] -> 0x0000
[4140] [M]: 0x000000008002226C (0x00000213) addi tp, zero, 0
x4 <- 0x0000000000000000
mem[X,0x0000000080022270] -> 0x006F
mem[X,0x0000000080022272] -> 0x00C0
[4141] [M]: 0x0000000080022270 (0x00C0006F) jal zero, 12
mem[X,0x000000008002227C] -> 0x0063
mem[X,0x000000008002227E] -> 0x40B5
[4142] [M]: 0x000000008002227C (0x40B50063) beq a0, a1, 1024
mem[X,0x0000000080022280] -> 0x0213
mem[X,0x0000000080022282] -> 0x0022
[4143] [M]: 0x0000000080022280 (0x00220213) addi tp, tp, 2
x4 <- 0x0000000000000002
mem[X,0x0000000080022284] -> 0x006F
mem[X,0x0000000080022286] -> 0x4000
[4144] [M]: 0x0000000080022284 (0x4000006F) jal zero, 1024
mem[X,0x0000000080022684] -> 0x3423
mem[X,0x0000000080022686] -> 0x0841
[4145] [M]: 0x0000000080022684 (0x08413423) sd tp, 136(sp)
mem[0x0000000080049A50] <- 0x0000000000000002
mem[X,0x0000000080022688] -> 0x3537
mem[X,0x000000008002268A] -> 0x3333
[4146] [M]: 0x0000000080022688 (0x33333537) lui a0, 209715
x10 <- 0x0000000033333000
mem[X,0x000000008002268C] -> 0x0513
mem[X,0x000000008002268E] -> 0x3335
[4147] [M]: 0x000000008002268C (0x33350513) addi a0, a0, 819
x10 <- 0x0000000033333333
mem[X,0x0000000080022690] -> 0x1513
mem[X,0x0000000080022692] -> 0x00B5
[4148] [M]: 0x0000000080022690 (0x00B51513) slli a0, a0, 11
x10 <- 0x0000019999999800
mem[X,0x0000000080022694] -> 0x0513
mem[X,0x0000000080022696] -> 0x1995
[4149] [M]: 0x0000000080022694 (0x19950513) addi a0, a0, 409
x10 <- 0x0000019999999999
mem[X,0x0000000080022698] -> 0x1513
mem[X,0x000000008002269A] -> 0x00B5
[4150] [M]: 0x0000000080022698 (0x00B51513) slli a0, a0, 11
x10 <- 0x000CCCCCCCCCC800
mem[X,0x000000008002269C] -> 0x0513
mem[X,0x000000008002269E] -> 0x4CC5
[4151] [M]: 0x000000008002269C (0x4CC50513) addi a0, a0, 1228
x10 <- 0x000CCCCCCCCCCCCC
mem[X,0x00000000800226A0] -> 0x1513
mem[X,0x00000000800226A2] -> 0x00A5
[4152] [M]: 0x00000000800226A0 (0x00A51513) slli a0, a0, 10
x10 <- 0x3333333333333000
mem[X,0x00000000800226A4] -> 0x0513
mem[X,0x00000000800226A6] -> 0x3335
[4153] [M]: 0x00000000800226A4 (0x33350513) addi a0, a0, 819
x10 <- 0x3333333333333333
mem[X,0x00000000800226A8] -> 0x05B7
mem[X,0x00000000800226AA] -> 0x0000
[4154] [M]: 0x00000000800226A8 (0x000005B7) lui a1, 0
x11 <- 0x0000000000000000
mem[X,0x00000000800226AC] -> 0x8593
mem[X,0x00000000800226AE] -> 0x0005
[4155] [M]: 0x00000000800226AC (0x00058593) addi a1, a1, 0
x11 <- 0x0000000000000000
mem[X,0x00000000800226B0] -> 0x9593
mem[X,0x00000000800226B2] -> 0x00B5
[4156] [M]: 0x00000000800226B0 (0x00B59593) slli a1, a1, 11
x11 <- 0x0000000000000000
mem[X,0x00000000800226B4] -> 0x8593
mem[X,0x00000000800226B6] -> 0x5A85
[4157] [M]: 0x00000000800226B4 (0x5A858593) addi a1, a1, 1448
x11 <- 0x00000000000005A8
mem[X,0x00000000800226B8] -> 0x9593
mem[X,0x00000000800226BA] -> 0x00B5
[4158] [M]: 0x00000000800226B8 (0x00B59593) slli a1, a1, 11
x11 <- 0x00000000002D4000
mem[X,0x00000000800226BC] -> 0x8593
mem[X,0x00000000800226BE] -> 0x13C5
[4159] [M]: 0x00000000800226BC (0x13C58593) addi a1, a1, 316
x11 <- 0x00000000002D413C
mem[X,0x00000000800226C0] -> 0x9593
mem[X,0x00000000800226C2] -> 0x00A5
[4160] [M]: 0x00000000800226C0 (0x00A59593) slli a1, a1, 10
x11 <- 0x00000000B504F000
mem[X,0x00000000800226C4] -> 0x8593
mem[X,0x00000000800226C6] -> 0x3325
[4161] [M]: 0x00000000800226C4 (0x33258593) addi a1, a1, 818
x11 <- 0x00000000B504F332
mem[X,0x00000000800226C8] -> 0x0213
mem[X,0x00000000800226CA] -> 0x0000
[4162] [M]: 0x00000000800226C8 (0x00000213) addi tp, zero, 0
x4 <- 0x0000000000000000
mem[X,0x00000000800226CC] -> 0x006F
mem[X,0x00000000800226CE] -> 0x2B10
[4163] [M]: 0x00000000800226CC (0x2B10006F) jal zero, 2736
mem[X,0x000000008002317C] -> 0x0A63
mem[X,0x000000008002317E] -> 0xD4B5
[4164] [M]: 0x000000008002317C (0xD4B50A63) beq a0, a1, 5460
mem[X,0x0000000080023180] -> 0x0213
mem[X,0x0000000080023182] -> 0x0022
[4165] [M]: 0x0000000080023180 (0x00220213) addi tp, tp, 2
x4 <- 0x0000000000000002
mem[X,0x0000000080023184] -> 0x006F
mem[X,0x0000000080023186] -> 0x00C0
[4166] [M]: 0x0000000080023184 (0x00C0006F) jal zero, 12
mem[X,0x0000000080023190] -> 0x3823
mem[X,0x0000000080023192] -> 0x0841
[4167] [M]: 0x0000000080023190 (0x08413823) sd tp, 144(sp)
mem[0x0000000080049A58] <- 0x0000000000000002
mem[X,0x0000000080023194] -> 0x3537
mem[X,0x0000000080023196] -> 0x3333
[4168] [M]: 0x0000000080023194 (0x33333537) lui a0, 209715
x10 <- 0x0000000033333000
mem[X,0x0000000080023198] -> 0x0513
mem[X,0x000000008002319A] -> 0x3335
[4169] [M]: 0x0000000080023198 (0x33350513) addi a0, a0, 819
x10 <- 0x0000000033333333
mem[X,0x000000008002319C] -> 0x1513
mem[X,0x000000008002319E] -> 0x00B5
[4170] [M]: 0x000000008002319C (0x00B51513) slli a0, a0, 11
x10 <- 0x0000019999999800
mem[X,0x00000000800231A0] -> 0x0513
mem[X,0x00000000800231A2] -> 0x1995
[4171] [M]: 0x00000000800231A0 (0x19950513) addi a0, a0, 409
x10 <- 0x0000019999999999
mem[X,0x00000000800231A4] -> 0x1513
mem[X,0x00000000800231A6] -> 0x00B5
[4172] [M]: 0x00000000800231A4 (0x00B51513) slli a0, a0, 11
x10 <- 0x000CCCCCCCCCC800
mem[X,0x00000000800231A8] -> 0x0513
mem[X,0x00000000800231AA] -> 0x4CC5
[4173] [M]: 0x00000000800231A8 (0x4CC50513) addi a0, a0, 1228
x10 <- 0x000CCCCCCCCCCCCC
mem[X,0x00000000800231AC] -> 0x1513
mem[X,0x00000000800231AE] -> 0x00A5
[4174] [M]: 0x00000000800231AC (0x00A51513) slli a0, a0, 10
x10 <- 0x3333333333333000
mem[X,0x00000000800231B0] -> 0x0513
mem[X,0x00000000800231B2] -> 0x3335
[4175] [M]: 0x00000000800231B0 (0x33350513) addi a0, a0, 819
x10 <- 0x3333333333333333
mem[X,0x00000000800231B4] -> 0x55B7
mem[X,0x00000000800231B6] -> 0x5555
[4176] [M]: 0x00000000800231B4 (0x555555B7) lui a1, 349525
x11 <- 0x0000000055555000
mem[X,0x00000000800231B8] -> 0x8593
mem[X,0x00000000800231BA] -> 0x5555
[4177] [M]: 0x00000000800231B8 (0x55558593) addi a1, a1, 1365
x11 <- 0x0000000055555555
mem[X,0x00000000800231BC] -> 0x9593
mem[X,0x00000000800231BE] -> 0x00B5
[4178] [M]: 0x00000000800231BC (0x00B59593) slli a1, a1, 11
x11 <- 0x000002AAAAAAA800
mem[X,0x00000000800231C0] -> 0x8593
mem[X,0x00000000800231C2] -> 0x2AA5
[4179] [M]: 0x00000000800231C0 (0x2AA58593) addi a1, a1, 682
x11 <- 0x000002AAAAAAAAAA
mem[X,0x00000000800231C4] -> 0x9593
mem[X,0x00000000800231C6] -> 0x00B5
[4180] [M]: 0x00000000800231C4 (0x00B59593) slli a1, a1, 11
x11 <- 0x0015555555555000
mem[X,0x00000000800231C8] -> 0x8593
mem[X,0x00000000800231CA] -> 0x5555
[4181] [M]: 0x00000000800231C8 (0x55558593) addi a1, a1, 1365
x11 <- 0x0015555555555555
mem[X,0x00000000800231CC] -> 0x9593
mem[X,0x00000000800231CE] -> 0x00A5
[4182] [M]: 0x00000000800231CC (0x00A59593) slli a1, a1, 10
x11 <- 0x5555555555555400
mem[X,0x00000000800231D0] -> 0x8593
mem[X,0x00000000800231D2] -> 0x1565
[4183] [M]: 0x00000000800231D0 (0x15658593) addi a1, a1, 342
x11 <- 0x5555555555555556
mem[X,0x00000000800231D4] -> 0x0213
mem[X,0x00000000800231D6] -> 0x0000
[4184] [M]: 0x00000000800231D4 (0x00000213) addi tp, zero, 0
x4 <- 0x0000000000000000
mem[X,0x00000000800231D8] -> 0x006F
mem[X,0x00000000800231DA] -> 0x00C0
[4185] [M]: 0x00000000800231D8 (0x00C0006F) jal zero, 12
mem[X,0x00000000800231E4] -> 0x0663
mem[X,0x00000000800231E6] -> 0x00B5
[4186] [M]: 0x00000000800231E4 (0x00B50663) beq a0, a1, 12
mem[X,0x00000000800231E8] -> 0x0213
mem[X,0x00000000800231EA] -> 0x0022
[4187] [M]: 0x00000000800231E8 (0x00220213) addi tp, tp, 2
x4 <- 0x0000000000000002
mem[X,0x00000000800231EC] -> 0x006F
mem[X,0x00000000800231EE] -> 0x00C0
[4188] [M]: 0x00000000800231EC (0x00C0006F) jal zero, 12
mem[X,0x00000000800231F8] -> 0x3C23
mem[X,0x00000000800231FA] -> 0x0841
[4189] [M]: 0x00000000800231F8 (0x08413C23) sd tp, 152(sp)
mem[0x0000000080049A60] <- 0x0000000000000002
mem[X,0x00000000800231FC] -> 0x3537
mem[X,0x00000000800231FE] -> 0x3333
[4190] [M]: 0x00000000800231FC (0x33333537) lui a0, 209715
x10 <- 0x0000000033333000
mem[X,0x0000000080023200] -> 0x0513
mem[X,0x0000000080023202] -> 0x3335
[4191] [M]: 0x0000000080023200 (0x33350513) addi a0, a0, 819
x10 <- 0x0000000033333333
mem[X,0x0000000080023204] -> 0x1513
mem[X,0x0000000080023206] -> 0x00B5
[4192] [M]: 0x0000000080023204 (0x00B51513) slli a0, a0, 11
x10 <- 0x0000019999999800
mem[X,0x0000000080023208] -> 0x0513
mem[X,0x000000008002320A] -> 0x1995
[4193] [M]: 0x0000000080023208 (0x19950513) addi a0, a0, 409
x10 <- 0x0000019999999999
mem[X,0x000000008002320C] -> 0x1513
mem[X,0x000000008002320E] -> 0x00B5
[4194] [M]: 0x000000008002320C (0x00B51513) slli a0, a0, 11
x10 <- 0x000CCCCCCCCCC800
mem[X,0x0000000080023210] -> 0x0513
mem[X,0x0000000080023212] -> 0x4CC5
[4195] [M]: 0x0000000080023210 (0x4CC50513) addi a0, a0, 1228
x10 <- 0x000CCCCCCCCCCCCC
mem[X,0x0000000080023214] -> 0x1513
mem[X,0x0000000080023216] -> 0x00A5
[4196] [M]: 0x0000000080023214 (0x00A51513) slli a0, a0, 10
x10 <- 0x3333333333333000
mem[X,0x0000000080023218] -> 0x0513
mem[X,0x000000008002321A] -> 0x3335
[4197] [M]: 0x0000000080023218 (0x33350513) addi a0, a0, 819
x10 <- 0x3333333333333333
mem[X,0x000000008002321C] -> 0xB5B7
mem[X,0x000000008002321E] -> 0xAAAA
[4198] [M]: 0x000000008002321C (0xAAAAB5B7) lui a1, 699051
x11 <- 0xFFFFFFFFAAAAB000
mem[X,0x0000000080023220] -> 0x8593
mem[X,0x0000000080023222] -> 0xAAA5
[4199] [M]: 0x0000000080023220 (0xAAA58593) addi a1, a1, 2730
x11 <- 0xFFFFFFFFAAAAAAAA
clint::tick mtime <- 0x000000000000002A
 clint timer pending at mtime 0x000000000000002A
htif::tick 0x0000000000000000
mem[X,0x0000000080023224] -> 0x9593
mem[X,0x0000000080023226] -> 0x00B5
[4200] [M]: 0x0000000080023224 (0x00B59593) slli a1, a1, 11
x11 <- 0xFFFFFD5555555000
mem[X,0x0000000080023228] -> 0x8593
mem[X,0x000000008002322A] -> 0x5555
[4201] [M]: 0x0000000080023228 (0x55558593) addi a1, a1, 1365
x11 <- 0xFFFFFD5555555555
mem[X,0x000000008002322C] -> 0x9593
mem[X,0x000000008002322E] -> 0x00B5
[4202] [M]: 0x000000008002322C (0x00B59593) slli a1, a1, 11
x11 <- 0xFFEAAAAAAAAAA800
mem[X,0x0000000080023230] -> 0x8593
mem[X,0x0000000080023232] -> 0x2AA5
[4203] [M]: 0x0000000080023230 (0x2AA58593) addi a1, a1, 682
x11 <- 0xFFEAAAAAAAAAAAAA
mem[X,0x0000000080023234] -> 0x9593
mem[X,0x0000000080023236] -> 0x00A5
[4204] [M]: 0x0000000080023234 (0x00A59593) slli a1, a1, 10
x11 <- 0xAAAAAAAAAAAAA800
mem[X,0x0000000080023238] -> 0x8593
mem[X,0x000000008002323A] -> 0x2AB5
[4205] [M]: 0x0000000080023238 (0x2AB58593) addi a1, a1, 683
x11 <- 0xAAAAAAAAAAAAAAAB
mem[X,0x000000008002323C] -> 0x0213
mem[X,0x000000008002323E] -> 0x0000
[4206] [M]: 0x000000008002323C (0x00000213) addi tp, zero, 0
x4 <- 0x0000000000000000
mem[X,0x0000000080023240] -> 0x006F
mem[X,0x0000000080023242] -> 0x0100
[4207] [M]: 0x0000000080023240 (0x0100006F) jal zero, 16
mem[X,0x0000000080023250] -> 0x0AE3
mem[X,0x0000000080023252] -> 0xFEB5
[4208] [M]: 0x0000000080023250 (0xFEB50AE3) beq a0, a1, 8180
mem[X,0x0000000080023254] -> 0x0213
mem[X,0x0000000080023256] -> 0x0022
[4209] [M]: 0x0000000080023254 (0x00220213) addi tp, tp, 2
x4 <- 0x0000000000000002
mem[X,0x0000000080023258] -> 0x006F
mem[X,0x000000008002325A] -> 0x00C0
[4210] [M]: 0x0000000080023258 (0x00C0006F) jal zero, 12
mem[X,0x0000000080023264] -> 0x3023
mem[X,0x0000000080023266] -> 0x0A41
[4211] [M]: 0x0000000080023264 (0x0A413023) sd tp, 160(sp)
mem[0x0000000080049A68] <- 0x0000000000000002
mem[X,0x0000000080023268] -> 0x3537
mem[X,0x000000008002326A] -> 0x3333
[4212] [M]: 0x0000000080023268 (0x33333537) lui a0, 209715
x10 <- 0x0000000033333000
mem[X,0x000000008002326C] -> 0x0513
mem[X,0x000000008002326E] -> 0x3335
[4213] [M]: 0x000000008002326C (0x33350513) addi a0, a0, 819
x10 <- 0x0000000033333333
mem[X,0x0000000080023270] -> 0x1513
mem[X,0x0000000080023272] -> 0x00B5
[4214] [M]: 0x0000000080023270 (0x00B51513) slli a0, a0, 11
x10 <- 0x0000019999999800
mem[X,0x0000000080023274] -> 0x0513
mem[X,0x0000000080023276] -> 0x1995
[4215] [M]: 0x0000000080023274 (0x19950513) addi a0, a0, 409
x10 <- 0x0000019999999999
mem[X,0x0000000080023278] -> 0x1513
mem[X,0x000000008002327A] -> 0x00B5
[4216] [M]: 0x0000000080023278 (0x00B51513) slli a0, a0, 11
x10 <- 0x000CCCCCCCCCC800
mem[X,0x000000008002327C] -> 0x0513
mem[X,0x000000008002327E] -> 0x4CC5
[4217] [M]: 0x000000008002327C (0x4CC50513) addi a0, a0, 1228
x10 <- 0x000CCCCCCCCCCCCC
mem[X,0x0000000080023280] -> 0x1513
mem[X,0x0000000080023282] -> 0x00A5
[4218] [M]: 0x0000000080023280 (0x00A51513) slli a0, a0, 10
x10 <- 0x3333333333333000
mem[X,0x0000000080023284] -> 0x0513
mem[X,0x0000000080023286] -> 0x3335
[4219] [M]: 0x0000000080023284 (0x33350513) addi a0, a0, 819
x10 <- 0x3333333333333333
mem[X,0x0000000080023288] -> 0x0593
mem[X,0x000000008002328A] -> 0x0060
[4220] [M]: 0x0000000080023288 (0x00600593) addi a1, zero, 6
x11 <- 0x0000000000000006
mem[X,0x000000008002328C] -> 0x0213
mem[X,0x000000008002328E] -> 0x0000
[4221] [M]: 0x000000008002328C (0x00000213) addi tp, zero, 0
x4 <- 0x0000000000000000
mem[X,0x0000000080023290] -> 0x006F
mem[X,0x0000000080023292] -> 0x00C0
[4222] [M]: 0x0000000080023290 (0x00C0006F) jal zero, 12
mem[X,0x000000008002329C] -> 0x0063
mem[X,0x000000008002329E] -> 0x02B5
[4223] [M]: 0x000000008002329C (0x02B50063) beq a0, a1, 32
mem[X,0x00000000800232A0] -> 0x0213
mem[X,0x00000000800232A2] -> 0x0022
[4224] [M]: 0x00000000800232A0 (0x00220213) addi tp, tp, 2
x4 <- 0x0000000000000002
mem[X,0x00000000800232A4] -> 0x006F
mem[X,0x00000000800232A6] -> 0x0200
[4225] [M]: 0x00000000800232A4 (0x0200006F) jal zero, 32
mem[X,0x00000000800232C4] -> 0x3423
mem[X,0x00000000800232C6] -> 0x0A41
[4226] [M]: 0x00000000800232C4 (0x0A413423) sd tp, 168(sp)
mem[0x0000000080049A70] <- 0x0000000000000002
mem[X,0x00000000800232C8] -> 0x3537
mem[X,0x00000000800232CA] -> 0x3333
[4227] [M]: 0x00000000800232C8 (0x33333537) lui a0, 209715
x10 <- 0x0000000033333000
mem[X,0x00000000800232CC] -> 0x0513
mem[X,0x00000000800232CE] -> 0x3335
[4228] [M]: 0x00000000800232CC (0x33350513) addi a0, a0, 819
x10 <- 0x0000000033333333
mem[X,0x00000000800232D0] -> 0x1513
mem[X,0x00000000800232D2] -> 0x00B5
[4229] [M]: 0x00000000800232D0 (0x00B51513) slli a0, a0, 11
x10 <- 0x0000019999999800
mem[X,0x00000000800232D4] -> 0x0513
mem[X,0x00000000800232D6] -> 0x1995
[4230] [M]: 0x00000000800232D4 (0x19950513) addi a0, a0, 409
x10 <- 0x0000019999999999
mem[X,0x00000000800232D8] -> 0x1513
mem[X,0x00000000800232DA] -> 0x00B5
[4231] [M]: 0x00000000800232D8 (0x00B51513) slli a0, a0, 11
x10 <- 0x000CCCCCCCCCC800
mem[X,0x00000000800232DC] -> 0x0513
mem[X,0x00000000800232DE] -> 0x4CC5
[4232] [M]: 0x00000000800232DC (0x4CC50513) addi a0, a0, 1228
x10 <- 0x000CCCCCCCCCCCCC
mem[X,0x00000000800232E0] -> 0x1513
mem[X,0x00000000800232E2] -> 0x00A5
[4233] [M]: 0x00000000800232E0 (0x00A51513) slli a0, a0, 10
x10 <- 0x3333333333333000
mem[X,0x00000000800232E4] -> 0x0513
mem[X,0x00000000800232E6] -> 0x3335
[4234] [M]: 0x00000000800232E4 (0x33350513) addi a0, a0, 819
x10 <- 0x3333333333333333
mem[X,0x00000000800232E8] -> 0x35B7
mem[X,0x00000000800232EA] -> 0x3333
[4235] [M]: 0x00000000800232E8 (0x333335B7) lui a1, 209715
x11 <- 0x0000000033333000
mem[X,0x00000000800232EC] -> 0x8593
mem[X,0x00000000800232EE] -> 0x3335
[4236] [M]: 0x00000000800232EC (0x33358593) addi a1, a1, 819
x11 <- 0x0000000033333333
mem[X,0x00000000800232F0] -> 0x9593
mem[X,0x00000000800232F2] -> 0x00B5
[4237] [M]: 0x00000000800232F0 (0x00B59593) slli a1, a1, 11
x11 <- 0x0000019999999800
mem[X,0x00000000800232F4] -> 0x8593
mem[X,0x00000000800232F6] -> 0x1995
[4238] [M]: 0x00000000800232F4 (0x19958593) addi a1, a1, 409
x11 <- 0x0000019999999999
mem[X,0x00000000800232F8] -> 0x9593
mem[X,0x00000000800232FA] -> 0x00B5
[4239] [M]: 0x00000000800232F8 (0x00B59593) slli a1, a1, 11
x11 <- 0x000CCCCCCCCCC800
mem[X,0x00000000800232FC] -> 0x8593
mem[X,0x00000000800232FE] -> 0x4CC5
[4240] [M]: 0x00000000800232FC (0x4CC58593) addi a1, a1, 1228
x11 <- 0x000CCCCCCCCCCCCC
mem[X,0x0000000080023300] -> 0x9593
mem[X,0x0000000080023302] -> 0x00A5
[4241] [M]: 0x0000000080023300 (0x00A59593) slli a1, a1, 10
x11 <- 0x3333333333333000
mem[X,0x0000000080023304] -> 0x8593
mem[X,0x0000000080023306] -> 0x3345
[4242] [M]: 0x0000000080023304 (0x33458593) addi a1, a1, 820
x11 <- 0x3333333333333334
mem[X,0x0000000080023308] -> 0x0213
mem[X,0x000000008002330A] -> 0x0000
[4243] [M]: 0x0000000080023308 (0x00000213) addi tp, zero, 0
x4 <- 0x0000000000000000
mem[X,0x000000008002330C] -> 0x006F
mem[X,0x000000008002330E] -> 0x00C0
[4244] [M]: 0x000000008002330C (0x00C0006F) jal zero, 12
mem[X,0x0000000080023318] -> 0x0863
mem[X,0x000000008002331A] -> 0x00B5
[4245] [M]: 0x0000000080023318 (0x00B50863) beq a0, a1, 16
mem[X,0x000000008002331C] -> 0x0213
mem[X,0x000000008002331E] -> 0x0022
[4246] [M]: 0x000000008002331C (0x00220213) addi tp, tp, 2
x4 <- 0x0000000000000002
mem[X,0x0000000080023320] -> 0x006F
mem[X,0x0000000080023322] -> 0x0100
[4247] [M]: 0x0000000080023320 (0x0100006F) jal zero, 16
mem[X,0x0000000080023330] -> 0x3823
mem[X,0x0000000080023332] -> 0x0A41
[4248] [M]: 0x0000000080023330 (0x0A413823) sd tp, 176(sp)
mem[0x0000000080049A78] <- 0x0000000000000002
mem[X,0x0000000080023334] -> 0x3537
mem[X,0x0000000080023336] -> 0x3333
[4249] [M]: 0x0000000080023334 (0x33333537) lui a0, 209715
x10 <- 0x0000000033333000
mem[X,0x0000000080023338] -> 0x0513
mem[X,0x000000008002333A] -> 0x3335
[4250] [M]: 0x0000000080023338 (0x33350513) addi a0, a0, 819
x10 <- 0x0000000033333333
mem[X,0x000000008002333C] -> 0x1513
mem[X,0x000000008002333E] -> 0x00B5
[4251] [M]: 0x000000008002333C (0x00B51513) slli a0, a0, 11
x10 <- 0x0000019999999800
mem[X,0x0000000080023340] -> 0x0513
mem[X,0x0000000080023342] -> 0x1995
[4252] [M]: 0x0000000080023340 (0x19950513) addi a0, a0, 409
x10 <- 0x0000019999999999
mem[X,0x0000000080023344] -> 0x1513
mem[X,0x0000000080023346] -> 0x00B5
[4253] [M]: 0x0000000080023344 (0x00B51513) slli a0, a0, 11
x10 <- 0x000CCCCCCCCCC800
mem[X,0x0000000080023348] -> 0x0513
mem[X,0x000000008002334A] -> 0x4CC5
[4254] [M]: 0x0000000080023348 (0x4CC50513) addi a0, a0, 1228
x10 <- 0x000CCCCCCCCCCCCC
mem[X,0x000000008002334C] -> 0x1513
mem[X,0x000000008002334E] -> 0x00A5
[4255] [M]: 0x000000008002334C (0x00A51513) slli a0, a0, 10
x10 <- 0x3333333333333000
mem[X,0x0000000080023350] -> 0x0513
mem[X,0x0000000080023352] -> 0x3335
[4256] [M]: 0x0000000080023350 (0x33350513) addi a0, a0, 819
x10 <- 0x3333333333333333
mem[X,0x0000000080023354] -> 0x65B7
mem[X,0x0000000080023356] -> 0x6666
[4257] [M]: 0x0000000080023354 (0x666665B7) lui a1, 419430
x11 <- 0x0000000066666000
mem[X,0x0000000080023358] -> 0x8593
mem[X,0x000000008002335A] -> 0x6665
[4258] [M]: 0x0000000080023358 (0x66658593) addi a1, a1, 1638
x11 <- 0x0000000066666666
mem[X,0x000000008002335C] -> 0x9593
mem[X,0x000000008002335E] -> 0x00B5
[4259] [M]: 0x000000008002335C (0x00B59593) slli a1, a1, 11
x11 <- 0x0000033333333000
mem[X,0x0000000080023360] -> 0x8593
mem[X,0x0000000080023362] -> 0x3335
[4260] [M]: 0x0000000080023360 (0x33358593) addi a1, a1, 819
x11 <- 0x0000033333333333
mem[X,0x0000000080023364] -> 0x9593
mem[X,0x0000000080023366] -> 0x00B5
[4261] [M]: 0x0000000080023364 (0x00B59593) slli a1, a1, 11
x11 <- 0x0019999999999800
mem[X,0x0000000080023368] -> 0x8593
mem[X,0x000000008002336A] -> 0x1995
[4262] [M]: 0x0000000080023368 (0x19958593) addi a1, a1, 409
x11 <- 0x0019999999999999
mem[X,0x000000008002336C] -> 0x9593
mem[X,0x000000008002336E] -> 0x00A5
[4263] [M]: 0x000000008002336C (0x00A59593) slli a1, a1, 10
x11 <- 0x6666666666666400
mem[X,0x0000000080023370] -> 0x8593
mem[X,0x0000000080023372] -> 0x2675
[4264] [M]: 0x0000000080023370 (0x26758593) addi a1, a1, 615
x11 <- 0x6666666666666667
mem[X,0x0000000080023374] -> 0x0213
mem[X,0x0000000080023376] -> 0x0000
[4265] [M]: 0x0000000080023374 (0x00000213) addi tp, zero, 0
x4 <- 0x0000000000000000
mem[X,0x0000000080023378] -> 0x006F
mem[X,0x000000008002337A] -> 0x00C0
[4266] [M]: 0x0000000080023378 (0x00C0006F) jal zero, 12
mem[X,0x0000000080023384] -> 0x0063
mem[X,0x0000000080023386] -> 0x10B5
[4267] [M]: 0x0000000080023384 (0x10B50063) beq a0, a1, 256
mem[X,0x0000000080023388] -> 0x0213
mem[X,0x000000008002338A] -> 0x0022
[4268] [M]: 0x0000000080023388 (0x00220213) addi tp, tp, 2
x4 <- 0x0000000000000002
mem[X,0x000000008002338C] -> 0x006F
mem[X,0x000000008002338E] -> 0x1000
[4269] [M]: 0x000000008002338C (0x1000006F) jal zero, 256
mem[X,0x000000008002348C] -> 0x3C23
mem[X,0x000000008002348E] -> 0x0A41
[4270] [M]: 0x000000008002348C (0x0A413C23) sd tp, 184(sp)
mem[0x0000000080049A80] <- 0x0000000000000002
mem[X,0x0000000080023490] -> 0x3537
mem[X,0x0000000080023492] -> 0x3333
[4271] [M]: 0x0000000080023490 (0x33333537) lui a0, 209715
x10 <- 0x0000000033333000
mem[X,0x0000000080023494] -> 0x0513
mem[X,0x0000000080023496] -> 0x3335
[4272] [M]: 0x0000000080023494 (0x33350513) addi a0, a0, 819
x10 <- 0x0000000033333333
mem[X,0x0000000080023498] -> 0x1513
mem[X,0x000000008002349A] -> 0x00B5
[4273] [M]: 0x0000000080023498 (0x00B51513) slli a0, a0, 11
x10 <- 0x0000019999999800
mem[X,0x000000008002349C] -> 0x0513
mem[X,0x000000008002349E] -> 0x1995
[4274] [M]: 0x000000008002349C (0x19950513) addi a0, a0, 409
x10 <- 0x0000019999999999
mem[X,0x00000000800234A0] -> 0x1513
mem[X,0x00000000800234A2] -> 0x00B5
[4275] [M]: 0x00000000800234A0 (0x00B51513) slli a0, a0, 11
x10 <- 0x000CCCCCCCCCC800
mem[X,0x00000000800234A4] -> 0x0513
mem[X,0x00000000800234A6] -> 0x4CC5
[4276] [M]: 0x00000000800234A4 (0x4CC50513) addi a0, a0, 1228
x10 <- 0x000CCCCCCCCCCCCC
mem[X,0x00000000800234A8] -> 0x1513
mem[X,0x00000000800234AA] -> 0x00A5
[4277] [M]: 0x00000000800234A8 (0x00A51513) slli a0, a0, 10
x10 <- 0x3333333333333000
mem[X,0x00000000800234AC] -> 0x0513
mem[X,0x00000000800234AE] -> 0x3335
[4278] [M]: 0x00000000800234AC (0x33350513) addi a0, a0, 819
x10 <- 0x3333333333333333
mem[X,0x00000000800234B0] -> 0x05B7
mem[X,0x00000000800234B2] -> 0x0000
[4279] [M]: 0x00000000800234B0 (0x000005B7) lui a1, 0
x11 <- 0x0000000000000000
mem[X,0x00000000800234B4] -> 0x8593
mem[X,0x00000000800234B6] -> 0xFFF5
[4280] [M]: 0x00000000800234B4 (0xFFF58593) addi a1, a1, 4095
x11 <- 0xFFFFFFFFFFFFFFFF
mem[X,0x00000000800234B8] -> 0x9593
mem[X,0x00000000800234BA] -> 0x00B5
[4281] [M]: 0x00000000800234B8 (0x00B59593) slli a1, a1, 11
x11 <- 0xFFFFFFFFFFFFF800
mem[X,0x00000000800234BC] -> 0x8593
mem[X,0x00000000800234BE] -> 0x2575
[4282] [M]: 0x00000000800234BC (0x25758593) addi a1, a1, 599
x11 <- 0xFFFFFFFFFFFFFA57
mem[X,0x00000000800234C0] -> 0x9593
mem[X,0x00000000800234C2] -> 0x00B5
[4283] [M]: 0x00000000800234C0 (0x00B59593) slli a1, a1, 11
x11 <- 0xFFFFFFFFFFD2B800
mem[X,0x00000000800234C4] -> 0x8593
mem[X,0x00000000800234C6] -> 0x6C35
[4284] [M]: 0x00000000800234C4 (0x6C358593) addi a1, a1, 1731
x11 <- 0xFFFFFFFFFFD2BEC3
mem[X,0x00000000800234C8] -> 0x9593
mem[X,0x00000000800234CA] -> 0x00A5
[4285] [M]: 0x00000000800234C8 (0x00A59593) slli a1, a1, 10
x11 <- 0xFFFFFFFF4AFB0C00
mem[X,0x00000000800234CC] -> 0x8593
mem[X,0x00000000800234CE] -> 0x0CE5
[4286] [M]: 0x00000000800234CC (0x0CE58593) addi a1, a1, 206
x11 <- 0xFFFFFFFF4AFB0CCE
mem[X,0x00000000800234D0] -> 0x0213
mem[X,0x00000000800234D2] -> 0x0000
[4287] [M]: 0x00000000800234D0 (0x00000213) addi tp, zero, 0
x4 <- 0x0000000000000000
mem[X,0x00000000800234D4] -> 0x006F
mem[X,0x00000000800234D6] -> 0x00C0
[4288] [M]: 0x00000000800234D4 (0x00C0006F) jal zero, 12
mem[X,0x00000000800234E0] -> 0x0663
mem[X,0x00000000800234E2] -> 0x00B5
[4289] [M]: 0x00000000800234E0 (0x00B50663) beq a0, a1, 12
mem[X,0x00000000800234E4] -> 0x0213
mem[X,0x00000000800234E6] -> 0x0022
[4290] [M]: 0x00000000800234E4 (0x00220213) addi tp, tp, 2
x4 <- 0x0000000000000002
mem[X,0x00000000800234E8] -> 0x006F
mem[X,0x00000000800234EA] -> 0x00C0
[4291] [M]: 0x00000000800234E8 (0x00C0006F) jal zero, 12
mem[X,0x00000000800234F4] -> 0x3023
mem[X,0x00000000800234F6] -> 0x0C41
[4292] [M]: 0x00000000800234F4 (0x0C413023) sd tp, 192(sp)
mem[0x0000000080049A88] <- 0x0000000000000002
mem[X,0x00000000800234F8] -> 0x3537
mem[X,0x00000000800234FA] -> 0x3333
[4293] [M]: 0x00000000800234F8 (0x33333537) lui a0, 209715
x10 <- 0x0000000033333000
mem[X,0x00000000800234FC] -> 0x0513
mem[X,0x00000000800234FE] -> 0x3335
[4294] [M]: 0x00000000800234FC (0x33350513) addi a0, a0, 819
x10 <- 0x0000000033333333
mem[X,0x0000000080023500] -> 0x1513
mem[X,0x0000000080023502] -> 0x00B5
[4295] [M]: 0x0000000080023500 (0x00B51513) slli a0, a0, 11
x10 <- 0x0000019999999800
mem[X,0x0000000080023504] -> 0x0513
mem[X,0x0000000080023506] -> 0x1995
[4296] [M]: 0x0000000080023504 (0x19950513) addi a0, a0, 409
x10 <- 0x0000019999999999
mem[X,0x0000000080023508] -> 0x1513
mem[X,0x000000008002350A] -> 0x00B5
[4297] [M]: 0x0000000080023508 (0x00B51513) slli a0, a0, 11
x10 <- 0x000CCCCCCCCCC800
mem[X,0x000000008002350C] -> 0x0513
mem[X,0x000000008002350E] -> 0x4CC5
[4298] [M]: 0x000000008002350C (0x4CC50513) addi a0, a0, 1228
x10 <- 0x000CCCCCCCCCCCCC
mem[X,0x0000000080023510] -> 0x1513
mem[X,0x0000000080023512] -> 0x00A5
[4299] [M]: 0x0000000080023510 (0x00A51513) slli a0, a0, 10
x10 <- 0x3333333333333000
clint::tick mtime <- 0x000000000000002B
 clint timer pending at mtime 0x000000000000002B
htif::tick 0x0000000000000000
mem[X,0x0000000080023514] -> 0x0513
mem[X,0x0000000080023516] -> 0x3335
[4300] [M]: 0x0000000080023514 (0x33350513) addi a0, a0, 819
x10 <- 0x3333333333333333
mem[X,0x0000000080023518] -> 0x05B7
mem[X,0x000000008002351A] -> 0x0000
[4301] [M]: 0x0000000080023518 (0x000005B7) lui a1, 0
x11 <- 0x0000000000000000
mem[X,0x000000008002351C] -> 0x8593
mem[X,0x000000008002351E] -> 0x0005
[4302] [M]: 0x000000008002351C (0x00058593) addi a1, a1, 0
x11 <- 0x0000000000000000
mem[X,0x0000000080023520] -> 0x9593
mem[X,0x0000000080023522] -> 0x00B5
[4303] [M]: 0x0000000080023520 (0x00B59593) slli a1, a1, 11
x11 <- 0x0000000000000000
mem[X,0x0000000080023524] -> 0x8593
mem[X,0x0000000080023526] -> 0x5A85
[4304] [M]: 0x0000000080023524 (0x5A858593) addi a1, a1, 1448
x11 <- 0x00000000000005A8
mem[X,0x0000000080023528] -> 0x9593
mem[X,0x000000008002352A] -> 0x00B5
[4305] [M]: 0x0000000080023528 (0x00B59593) slli a1, a1, 11
x11 <- 0x00000000002D4000
mem[X,0x000000008002352C] -> 0x8593
mem[X,0x000000008002352E] -> 0x13C5
[4306] [M]: 0x000000008002352C (0x13C58593) addi a1, a1, 316
x11 <- 0x00000000002D413C
mem[X,0x0000000080023530] -> 0x9593
mem[X,0x0000000080023532] -> 0x00A5
[4307] [M]: 0x0000000080023530 (0x00A59593) slli a1, a1, 10
x11 <- 0x00000000B504F000
mem[X,0x0000000080023534] -> 0x8593
mem[X,0x0000000080023536] -> 0x3345
[4308] [M]: 0x0000000080023534 (0x33458593) addi a1, a1, 820
x11 <- 0x00000000B504F334
mem[X,0x0000000080023538] -> 0x0213
mem[X,0x000000008002353A] -> 0x0000
[4309] [M]: 0x0000000080023538 (0x00000213) addi tp, zero, 0
x4 <- 0x0000000000000000
mem[X,0x000000008002353C] -> 0x006F
mem[X,0x000000008002353E] -> 0x00C0
[4310] [M]: 0x000000008002353C (0x00C0006F) jal zero, 12
mem[X,0x0000000080023548] -> 0x0863
mem[X,0x000000008002354A] -> 0x00B5
[4311] [M]: 0x0000000080023548 (0x00B50863) beq a0, a1, 16
mem[X,0x000000008002354C] -> 0x0213
mem[X,0x000000008002354E] -> 0x0022
[4312] [M]: 0x000000008002354C (0x00220213) addi tp, tp, 2
x4 <- 0x0000000000000002
mem[X,0x0000000080023550] -> 0x006F
mem[X,0x0000000080023552] -> 0x0100
[4313] [M]: 0x0000000080023550 (0x0100006F) jal zero, 16
mem[X,0x0000000080023560] -> 0x3423
mem[X,0x0000000080023562] -> 0x0C41
[4314] [M]: 0x0000000080023560 (0x0C413423) sd tp, 200(sp)
mem[0x0000000080049A90] <- 0x0000000000000002
mem[X,0x0000000080023564] -> 0x6537
mem[X,0x0000000080023566] -> 0x6666
[4315] [M]: 0x0000000080023564 (0x66666537) lui a0, 419430
x10 <- 0x0000000066666000
mem[X,0x0000000080023568] -> 0x0513
mem[X,0x000000008002356A] -> 0x6665
[4316] [M]: 0x0000000080023568 (0x66650513) addi a0, a0, 1638
x10 <- 0x0000000066666666
mem[X,0x000000008002356C] -> 0x1513
mem[X,0x000000008002356E] -> 0x00B5
[4317] [M]: 0x000000008002356C (0x00B51513) slli a0, a0, 11
x10 <- 0x0000033333333000
mem[X,0x0000000080023570] -> 0x0513
mem[X,0x0000000080023572] -> 0x3335
[4318] [M]: 0x0000000080023570 (0x33350513) addi a0, a0, 819
x10 <- 0x0000033333333333
mem[X,0x0000000080023574] -> 0x1513
mem[X,0x0000000080023576] -> 0x00B5
[4319] [M]: 0x0000000080023574 (0x00B51513) slli a0, a0, 11
x10 <- 0x0019999999999800
mem[X,0x0000000080023578] -> 0x0513
mem[X,0x000000008002357A] -> 0x1995
[4320] [M]: 0x0000000080023578 (0x19950513) addi a0, a0, 409
x10 <- 0x0019999999999999
mem[X,0x000000008002357C] -> 0x1513
mem[X,0x000000008002357E] -> 0x00A5
[4321] [M]: 0x000000008002357C (0x00A51513) slli a0, a0, 10
x10 <- 0x6666666666666400
mem[X,0x0000000080023580] -> 0x0513
mem[X,0x0000000080023582] -> 0x2665
[4322] [M]: 0x0000000080023580 (0x26650513) addi a0, a0, 614
x10 <- 0x6666666666666666
mem[X,0x0000000080023584] -> 0x0593
mem[X,0x0000000080023586] -> 0x0030
[4323] [M]: 0x0000000080023584 (0x00300593) addi a1, zero, 3
x11 <- 0x0000000000000003
mem[X,0x0000000080023588] -> 0x0213
mem[X,0x000000008002358A] -> 0x0000
[4324] [M]: 0x0000000080023588 (0x00000213) addi tp, zero, 0
x4 <- 0x0000000000000000
mem[X,0x000000008002358C] -> 0x006F
mem[X,0x000000008002358E] -> 0x0050
[4325] [M]: 0x000000008002358C (0x0050006F) jal zero, 2052
mem[X,0x0000000080023D90] -> 0x00E3
mem[X,0x0000000080023D92] -> 0x80B5
[4326] [M]: 0x0000000080023D90 (0x80B500E3) beq a0, a1, 6144
mem[X,0x0000000080023D94] -> 0x0213
mem[X,0x0000000080023D96] -> 0x0022
[4327] [M]: 0x0000000080023D94 (0x00220213) addi tp, tp, 2
x4 <- 0x0000000000000002
mem[X,0x0000000080023D98] -> 0x006F
mem[X,0x0000000080023D9A] -> 0x00C0
[4328] [M]: 0x0000000080023D98 (0x00C0006F) jal zero, 12
mem[X,0x0000000080023DA4] -> 0x3823
mem[X,0x0000000080023DA6] -> 0x0C41
[4329] [M]: 0x0000000080023DA4 (0x0C413823) sd tp, 208(sp)
mem[0x0000000080049A98] <- 0x0000000000000002
mem[X,0x0000000080023DA8] -> 0x6537
mem[X,0x0000000080023DAA] -> 0x6666
[4330] [M]: 0x0000000080023DA8 (0x66666537) lui a0, 419430
x10 <- 0x0000000066666000
mem[X,0x0000000080023DAC] -> 0x0513
mem[X,0x0000000080023DAE] -> 0x6665
[4331] [M]: 0x0000000080023DAC (0x66650513) addi a0, a0, 1638
x10 <- 0x0000000066666666
mem[X,0x0000000080023DB0] -> 0x1513
mem[X,0x0000000080023DB2] -> 0x00B5
[4332] [M]: 0x0000000080023DB0 (0x00B51513) slli a0, a0, 11
x10 <- 0x0000033333333000
mem[X,0x0000000080023DB4] -> 0x0513
mem[X,0x0000000080023DB6] -> 0x3335
[4333] [M]: 0x0000000080023DB4 (0x33350513) addi a0, a0, 819
x10 <- 0x0000033333333333
mem[X,0x0000000080023DB8] -> 0x1513
mem[X,0x0000000080023DBA] -> 0x00B5
[4334] [M]: 0x0000000080023DB8 (0x00B51513) slli a0, a0, 11
x10 <- 0x0019999999999800
mem[X,0x0000000080023DBC] -> 0x0513
mem[X,0x0000000080023DBE] -> 0x1995
[4335] [M]: 0x0000000080023DBC (0x19950513) addi a0, a0, 409
x10 <- 0x0019999999999999
mem[X,0x0000000080023DC0] -> 0x1513
mem[X,0x0000000080023DC2] -> 0x00A5
[4336] [M]: 0x0000000080023DC0 (0x00A51513) slli a0, a0, 10
x10 <- 0x6666666666666400
mem[X,0x0000000080023DC4] -> 0x0513
mem[X,0x0000000080023DC6] -> 0x2665
[4337] [M]: 0x0000000080023DC4 (0x26650513) addi a0, a0, 614
x10 <- 0x6666666666666666
mem[X,0x0000000080023DC8] -> 0x55B7
mem[X,0x0000000080023DCA] -> 0x5555
[4338] [M]: 0x0000000080023DC8 (0x555555B7) lui a1, 349525
x11 <- 0x0000000055555000
mem[X,0x0000000080023DCC] -> 0x8593
mem[X,0x0000000080023DCE] -> 0x5555
[4339] [M]: 0x0000000080023DCC (0x55558593) addi a1, a1, 1365
x11 <- 0x0000000055555555
mem[X,0x0000000080023DD0] -> 0x9593
mem[X,0x0000000080023DD2] -> 0x00B5
[4340] [M]: 0x0000000080023DD0 (0x00B59593) slli a1, a1, 11
x11 <- 0x000002AAAAAAA800
mem[X,0x0000000080023DD4] -> 0x8593
mem[X,0x0000000080023DD6] -> 0x2AA5
[4341] [M]: 0x0000000080023DD4 (0x2AA58593) addi a1, a1, 682
x11 <- 0x000002AAAAAAAAAA
mem[X,0x0000000080023DD8] -> 0x9593
mem[X,0x0000000080023DDA] -> 0x00B5
[4342] [M]: 0x0000000080023DD8 (0x00B59593) slli a1, a1, 11
x11 <- 0x0015555555555000
mem[X,0x0000000080023DDC] -> 0x8593
mem[X,0x0000000080023DDE] -> 0x5555
[4343] [M]: 0x0000000080023DDC (0x55558593) addi a1, a1, 1365
x11 <- 0x0015555555555555
mem[X,0x0000000080023DE0] -> 0x9593
mem[X,0x0000000080023DE2] -> 0x00A5
[4344] [M]: 0x0000000080023DE0 (0x00A59593) slli a1, a1, 10
x11 <- 0x5555555555555400
mem[X,0x0000000080023DE4] -> 0x8593
mem[X,0x0000000080023DE6] -> 0x1555
[4345] [M]: 0x0000000080023DE4 (0x15558593) addi a1, a1, 341
x11 <- 0x5555555555555555
mem[X,0x0000000080023DE8] -> 0x0213
mem[X,0x0000000080023DEA] -> 0x0000
[4346] [M]: 0x0000000080023DE8 (0x00000213) addi tp, zero, 0
x4 <- 0x0000000000000000
mem[X,0x0000000080023DEC] -> 0x006F
mem[X,0x0000000080023DEE] -> 0x00C0
[4347] [M]: 0x0000000080023DEC (0x00C0006F) jal zero, 12
mem[X,0x0000000080023DF8] -> 0x0CE3
mem[X,0x0000000080023DFA] -> 0xFEB5
[4348] [M]: 0x0000000080023DF8 (0xFEB50CE3) beq a0, a1, 8184
mem[X,0x0000000080023DFC] -> 0x0213
mem[X,0x0000000080023DFE] -> 0x0022
[4349] [M]: 0x0000000080023DFC (0x00220213) addi tp, tp, 2
x4 <- 0x0000000000000002
mem[X,0x0000000080023E00] -> 0x006F
mem[X,0x0000000080023E02] -> 0x00C0
[4350] [M]: 0x0000000080023E00 (0x00C0006F) jal zero, 12
mem[X,0x0000000080023E0C] -> 0x3C23
mem[X,0x0000000080023E0E] -> 0x0C41
[4351] [M]: 0x0000000080023E0C (0x0C413C23) sd tp, 216(sp)
mem[0x0000000080049AA0] <- 0x0000000000000002
mem[X,0x0000000080023E10] -> 0x6537
mem[X,0x0000000080023E12] -> 0x6666
[4352] [M]: 0x0000000080023E10 (0x66666537) lui a0, 419430
x10 <- 0x0000000066666000
mem[X,0x0000000080023E14] -> 0x0513
mem[X,0x0000000080023E16] -> 0x6665
[4353] [M]: 0x0000000080023E14 (0x66650513) addi a0, a0, 1638
x10 <- 0x0000000066666666
mem[X,0x0000000080023E18] -> 0x1513
mem[X,0x0000000080023E1A] -> 0x00B5
[4354] [M]: 0x0000000080023E18 (0x00B51513) slli a0, a0, 11
x10 <- 0x0000033333333000
mem[X,0x0000000080023E1C] -> 0x0513
mem[X,0x0000000080023E1E] -> 0x3335
[4355] [M]: 0x0000000080023E1C (0x33350513) addi a0, a0, 819
x10 <- 0x0000033333333333
mem[X,0x0000000080023E20] -> 0x1513
mem[X,0x0000000080023E22] -> 0x00B5
[4356] [M]: 0x0000000080023E20 (0x00B51513) slli a0, a0, 11
x10 <- 0x0019999999999800
mem[X,0x0000000080023E24] -> 0x0513
mem[X,0x0000000080023E26] -> 0x1995
[4357] [M]: 0x0000000080023E24 (0x19950513) addi a0, a0, 409
x10 <- 0x0019999999999999
mem[X,0x0000000080023E28] -> 0x1513
mem[X,0x0000000080023E2A] -> 0x00A5
[4358] [M]: 0x0000000080023E28 (0x00A51513) slli a0, a0, 10
x10 <- 0x6666666666666400
mem[X,0x0000000080023E2C] -> 0x0513
mem[X,0x0000000080023E2E] -> 0x2665
[4359] [M]: 0x0000000080023E2C (0x26650513) addi a0, a0, 614
x10 <- 0x6666666666666666
mem[X,0x0000000080023E30] -> 0xB5B7
mem[X,0x0000000080023E32] -> 0xAAAA
[4360] [M]: 0x0000000080023E30 (0xAAAAB5B7) lui a1, 699051
x11 <- 0xFFFFFFFFAAAAB000
mem[X,0x0000000080023E34] -> 0x8593
mem[X,0x0000000080023E36] -> 0xAAA5
[4361] [M]: 0x0000000080023E34 (0xAAA58593) addi a1, a1, 2730
x11 <- 0xFFFFFFFFAAAAAAAA
mem[X,0x0000000080023E38] -> 0x9593
mem[X,0x0000000080023E3A] -> 0x00B5
[4362] [M]: 0x0000000080023E38 (0x00B59593) slli a1, a1, 11
x11 <- 0xFFFFFD5555555000
mem[X,0x0000000080023E3C] -> 0x8593
mem[X,0x0000000080023E3E] -> 0x5555
[4363] [M]: 0x0000000080023E3C (0x55558593) addi a1, a1, 1365
x11 <- 0xFFFFFD5555555555
mem[X,0x0000000080023E40] -> 0x9593
mem[X,0x0000000080023E42] -> 0x00B5
[4364] [M]: 0x0000000080023E40 (0x00B59593) slli a1, a1, 11
x11 <- 0xFFEAAAAAAAAAA800
mem[X,0x0000000080023E44] -> 0x8593
mem[X,0x0000000080023E46] -> 0x2AA5
[4365] [M]: 0x0000000080023E44 (0x2AA58593) addi a1, a1, 682
x11 <- 0xFFEAAAAAAAAAAAAA
mem[X,0x0000000080023E48] -> 0x9593
mem[X,0x0000000080023E4A] -> 0x00A5
[4366] [M]: 0x0000000080023E48 (0x00A59593) slli a1, a1, 10
x11 <- 0xAAAAAAAAAAAAA800
mem[X,0x0000000080023E4C] -> 0x8593
mem[X,0x0000000080023E4E] -> 0x2AA5
[4367] [M]: 0x0000000080023E4C (0x2AA58593) addi a1, a1, 682
x11 <- 0xAAAAAAAAAAAAAAAA
mem[X,0x0000000080023E50] -> 0x0213
mem[X,0x0000000080023E52] -> 0x0000
[4368] [M]: 0x0000000080023E50 (0x00000213) addi tp, zero, 0
x4 <- 0x0000000000000000
mem[X,0x0000000080023E54] -> 0x006F
mem[X,0x0000000080023E56] -> 0x00C0
[4369] [M]: 0x0000000080023E54 (0x00C0006F) jal zero, 12
mem[X,0x0000000080023E60] -> 0x0063
mem[X,0x0000000080023E62] -> 0x04B5
[4370] [M]: 0x0000000080023E60 (0x04B50063) beq a0, a1, 64
mem[X,0x0000000080023E64] -> 0x0213
mem[X,0x0000000080023E66] -> 0x0022
[4371] [M]: 0x0000000080023E64 (0x00220213) addi tp, tp, 2
x4 <- 0x0000000000000002
mem[X,0x0000000080023E68] -> 0x006F
mem[X,0x0000000080023E6A] -> 0x0400
[4372] [M]: 0x0000000080023E68 (0x0400006F) jal zero, 64
mem[X,0x0000000080023EA8] -> 0x3023
mem[X,0x0000000080023EAA] -> 0x0E41
[4373] [M]: 0x0000000080023EA8 (0x0E413023) sd tp, 224(sp)
mem[0x0000000080049AA8] <- 0x0000000000000002
mem[X,0x0000000080023EAC] -> 0x6537
mem[X,0x0000000080023EAE] -> 0x6666
[4374] [M]: 0x0000000080023EAC (0x66666537) lui a0, 419430
x10 <- 0x0000000066666000
mem[X,0x0000000080023EB0] -> 0x0513
mem[X,0x0000000080023EB2] -> 0x6665
[4375] [M]: 0x0000000080023EB0 (0x66650513) addi a0, a0, 1638
x10 <- 0x0000000066666666
mem[X,0x0000000080023EB4] -> 0x1513
mem[X,0x0000000080023EB6] -> 0x00B5
[4376] [M]: 0x0000000080023EB4 (0x00B51513) slli a0, a0, 11
x10 <- 0x0000033333333000
mem[X,0x0000000080023EB8] -> 0x0513
mem[X,0x0000000080023EBA] -> 0x3335
[4377] [M]: 0x0000000080023EB8 (0x33350513) addi a0, a0, 819
x10 <- 0x0000033333333333
mem[X,0x0000000080023EBC] -> 0x1513
mem[X,0x0000000080023EBE] -> 0x00B5
[4378] [M]: 0x0000000080023EBC (0x00B51513) slli a0, a0, 11
x10 <- 0x0019999999999800
mem[X,0x0000000080023EC0] -> 0x0513
mem[X,0x0000000080023EC2] -> 0x1995
[4379] [M]: 0x0000000080023EC0 (0x19950513) addi a0, a0, 409
x10 <- 0x0019999999999999
mem[X,0x0000000080023EC4] -> 0x1513
mem[X,0x0000000080023EC6] -> 0x00A5
[4380] [M]: 0x0000000080023EC4 (0x00A51513) slli a0, a0, 10
x10 <- 0x6666666666666400
mem[X,0x0000000080023EC8] -> 0x0513
mem[X,0x0000000080023ECA] -> 0x2665
[4381] [M]: 0x0000000080023EC8 (0x26650513) addi a0, a0, 614
x10 <- 0x6666666666666666
mem[X,0x0000000080023ECC] -> 0x0593
mem[X,0x0000000080023ECE] -> 0x0050
[4382] [M]: 0x0000000080023ECC (0x00500593) addi a1, zero, 5
x11 <- 0x0000000000000005
mem[X,0x0000000080023ED0] -> 0x0213
mem[X,0x0000000080023ED2] -> 0x0000
[4383] [M]: 0x0000000080023ED0 (0x00000213) addi tp, zero, 0
x4 <- 0x0000000000000000
mem[X,0x0000000080023ED4] -> 0x006F
mem[X,0x0000000080023ED6] -> 0x00C0
[4384] [M]: 0x0000000080023ED4 (0x00C0006F) jal zero, 12
mem[X,0x0000000080023EE0] -> 0x0CE3
mem[X,0x0000000080023EE2] -> 0xFEB5
[4385] [M]: 0x0000000080023EE0 (0xFEB50CE3) beq a0, a1, 8184
mem[X,0x0000000080023EE4] -> 0x0213
mem[X,0x0000000080023EE6] -> 0x0022
[4386] [M]: 0x0000000080023EE4 (0x00220213) addi tp, tp, 2
x4 <- 0x0000000000000002
mem[X,0x0000000080023EE8] -> 0x006F
mem[X,0x0000000080023EEA] -> 0x00C0
[4387] [M]: 0x0000000080023EE8 (0x00C0006F) jal zero, 12
mem[X,0x0000000080023EF4] -> 0x3423
mem[X,0x0000000080023EF6] -> 0x0E41
[4388] [M]: 0x0000000080023EF4 (0x0E413423) sd tp, 232(sp)
mem[0x0000000080049AB0] <- 0x0000000000000002
mem[X,0x0000000080023EF8] -> 0x6537
mem[X,0x0000000080023EFA] -> 0x6666
[4389] [M]: 0x0000000080023EF8 (0x66666537) lui a0, 419430
x10 <- 0x0000000066666000
mem[X,0x0000000080023EFC] -> 0x0513
mem[X,0x0000000080023EFE] -> 0x6665
[4390] [M]: 0x0000000080023EFC (0x66650513) addi a0, a0, 1638
x10 <- 0x0000000066666666
mem[X,0x0000000080023F00] -> 0x1513
mem[X,0x0000000080023F02] -> 0x00B5
[4391] [M]: 0x0000000080023F00 (0x00B51513) slli a0, a0, 11
x10 <- 0x0000033333333000
mem[X,0x0000000080023F04] -> 0x0513
mem[X,0x0000000080023F06] -> 0x3335
[4392] [M]: 0x0000000080023F04 (0x33350513) addi a0, a0, 819
x10 <- 0x0000033333333333
mem[X,0x0000000080023F08] -> 0x1513
mem[X,0x0000000080023F0A] -> 0x00B5
[4393] [M]: 0x0000000080023F08 (0x00B51513) slli a0, a0, 11
x10 <- 0x0019999999999800
mem[X,0x0000000080023F0C] -> 0x0513
mem[X,0x0000000080023F0E] -> 0x1995
[4394] [M]: 0x0000000080023F0C (0x19950513) addi a0, a0, 409
x10 <- 0x0019999999999999
mem[X,0x0000000080023F10] -> 0x1513
mem[X,0x0000000080023F12] -> 0x00A5
[4395] [M]: 0x0000000080023F10 (0x00A51513) slli a0, a0, 10
x10 <- 0x6666666666666400
mem[X,0x0000000080023F14] -> 0x0513
mem[X,0x0000000080023F16] -> 0x2665
[4396] [M]: 0x0000000080023F14 (0x26650513) addi a0, a0, 614
x10 <- 0x6666666666666666
mem[X,0x0000000080023F18] -> 0x35B7
mem[X,0x0000000080023F1A] -> 0x3333
[4397] [M]: 0x0000000080023F18 (0x333335B7) lui a1, 209715
x11 <- 0x0000000033333000
mem[X,0x0000000080023F1C] -> 0x8593
mem[X,0x0000000080023F1E] -> 0x3335
[4398] [M]: 0x0000000080023F1C (0x33358593) addi a1, a1, 819
x11 <- 0x0000000033333333
mem[X,0x0000000080023F20] -> 0x9593
mem[X,0x0000000080023F22] -> 0x00B5
[4399] [M]: 0x0000000080023F20 (0x00B59593) slli a1, a1, 11
x11 <- 0x0000019999999800
clint::tick mtime <- 0x000000000000002C
 clint timer pending at mtime 0x000000000000002C
htif::tick 0x0000000000000000
mem[X,0x0000000080023F24] -> 0x8593
mem[X,0x0000000080023F26] -> 0x1995
[4400] [M]: 0x0000000080023F24 (0x19958593) addi a1, a1, 409
x11 <- 0x0000019999999999
mem[X,0x0000000080023F28] -> 0x9593
mem[X,0x0000000080023F2A] -> 0x00B5
[4401] [M]: 0x0000000080023F28 (0x00B59593) slli a1, a1, 11
x11 <- 0x000CCCCCCCCCC800
mem[X,0x0000000080023F2C] -> 0x8593
mem[X,0x0000000080023F2E] -> 0x4CC5
[4402] [M]: 0x0000000080023F2C (0x4CC58593) addi a1, a1, 1228
x11 <- 0x000CCCCCCCCCCCCC
mem[X,0x0000000080023F30] -> 0x9593
mem[X,0x0000000080023F32] -> 0x00A5
[4403] [M]: 0x0000000080023F30 (0x00A59593) slli a1, a1, 10
x11 <- 0x3333333333333000
mem[X,0x0000000080023F34] -> 0x8593
mem[X,0x0000000080023F36] -> 0x3335
[4404] [M]: 0x0000000080023F34 (0x33358593) addi a1, a1, 819
x11 <- 0x3333333333333333
mem[X,0x0000000080023F38] -> 0x0213
mem[X,0x0000000080023F3A] -> 0x0000
[4405] [M]: 0x0000000080023F38 (0x00000213) addi tp, zero, 0
x4 <- 0x0000000000000000
mem[X,0x0000000080023F3C] -> 0x006F
mem[X,0x0000000080023F3E] -> 0x00C0
[4406] [M]: 0x0000000080023F3C (0x00C0006F) jal zero, 12
mem[X,0x0000000080023F48] -> 0x0863
mem[X,0x0000000080023F4A] -> 0x00B5
[4407] [M]: 0x0000000080023F48 (0x00B50863) beq a0, a1, 16
mem[X,0x0000000080023F4C] -> 0x0213
mem[X,0x0000000080023F4E] -> 0x0022
[4408] [M]: 0x0000000080023F4C (0x00220213) addi tp, tp, 2
x4 <- 0x0000000000000002
mem[X,0x0000000080023F50] -> 0x006F
mem[X,0x0000000080023F52] -> 0x0100
[4409] [M]: 0x0000000080023F50 (0x0100006F) jal zero, 16
mem[X,0x0000000080023F60] -> 0x3823
mem[X,0x0000000080023F62] -> 0x0E41
[4410] [M]: 0x0000000080023F60 (0x0E413823) sd tp, 240(sp)
mem[0x0000000080049AB8] <- 0x0000000000000002
mem[X,0x0000000080023F64] -> 0x6537
mem[X,0x0000000080023F66] -> 0x6666
[4411] [M]: 0x0000000080023F64 (0x66666537) lui a0, 419430
x10 <- 0x0000000066666000
mem[X,0x0000000080023F68] -> 0x0513
mem[X,0x0000000080023F6A] -> 0x6665
[4412] [M]: 0x0000000080023F68 (0x66650513) addi a0, a0, 1638
x10 <- 0x0000000066666666
mem[X,0x0000000080023F6C] -> 0x1513
mem[X,0x0000000080023F6E] -> 0x00B5
[4413] [M]: 0x0000000080023F6C (0x00B51513) slli a0, a0, 11
x10 <- 0x0000033333333000
mem[X,0x0000000080023F70] -> 0x0513
mem[X,0x0000000080023F72] -> 0x3335
[4414] [M]: 0x0000000080023F70 (0x33350513) addi a0, a0, 819
x10 <- 0x0000033333333333
mem[X,0x0000000080023F74] -> 0x1513
mem[X,0x0000000080023F76] -> 0x00B5
[4415] [M]: 0x0000000080023F74 (0x00B51513) slli a0, a0, 11
x10 <- 0x0019999999999800
mem[X,0x0000000080023F78] -> 0x0513
mem[X,0x0000000080023F7A] -> 0x1995
[4416] [M]: 0x0000000080023F78 (0x19950513) addi a0, a0, 409
x10 <- 0x0019999999999999
mem[X,0x0000000080023F7C] -> 0x1513
mem[X,0x0000000080023F7E] -> 0x00A5
[4417] [M]: 0x0000000080023F7C (0x00A51513) slli a0, a0, 10
x10 <- 0x6666666666666400
mem[X,0x0000000080023F80] -> 0x0513
mem[X,0x0000000080023F82] -> 0x2665
[4418] [M]: 0x0000000080023F80 (0x26650513) addi a0, a0, 614
x10 <- 0x6666666666666666
mem[X,0x0000000080023F84] -> 0x65B7
mem[X,0x0000000080023F86] -> 0x6666
[4419] [M]: 0x0000000080023F84 (0x666665B7) lui a1, 419430
x11 <- 0x0000000066666000
mem[X,0x0000000080023F88] -> 0x8593
mem[X,0x0000000080023F8A] -> 0x6665
[4420] [M]: 0x0000000080023F88 (0x66658593) addi a1, a1, 1638
x11 <- 0x0000000066666666
mem[X,0x0000000080023F8C] -> 0x9593
mem[X,0x0000000080023F8E] -> 0x00B5
[4421] [M]: 0x0000000080023F8C (0x00B59593) slli a1, a1, 11
x11 <- 0x0000033333333000
mem[X,0x0000000080023F90] -> 0x8593
mem[X,0x0000000080023F92] -> 0x3335
[4422] [M]: 0x0000000080023F90 (0x33358593) addi a1, a1, 819
x11 <- 0x0000033333333333
mem[X,0x0000000080023F94] -> 0x9593
mem[X,0x0000000080023F96] -> 0x00B5
[4423] [M]: 0x0000000080023F94 (0x00B59593) slli a1, a1, 11
x11 <- 0x0019999999999800
mem[X,0x0000000080023F98] -> 0x8593
mem[X,0x0000000080023F9A] -> 0x1995
[4424] [M]: 0x0000000080023F98 (0x19958593) addi a1, a1, 409
x11 <- 0x0019999999999999
mem[X,0x0000000080023F9C] -> 0x9593
mem[X,0x0000000080023F9E] -> 0x00A5
[4425] [M]: 0x0000000080023F9C (0x00A59593) slli a1, a1, 10
x11 <- 0x6666666666666400
mem[X,0x0000000080023FA0] -> 0x8593
mem[X,0x0000000080023FA2] -> 0x2665
[4426] [M]: 0x0000000080023FA0 (0x26658593) addi a1, a1, 614
x11 <- 0x6666666666666666
mem[X,0x0000000080023FA4] -> 0x0213
mem[X,0x0000000080023FA6] -> 0x0000
[4427] [M]: 0x0000000080023FA4 (0x00000213) addi tp, zero, 0
x4 <- 0x0000000000000000
mem[X,0x0000000080023FA8] -> 0x006F
mem[X,0x0000000080023FAA] -> 0x00C0
[4428] [M]: 0x0000000080023FA8 (0x00C0006F) jal zero, 12
mem[X,0x0000000080023FB4] -> 0x0063
mem[X,0x0000000080023FB6] -> 0x02B5
[4429] [M]: 0x0000000080023FB4 (0x02B50063) beq a0, a1, 32
mem[X,0x0000000080023FD4] -> 0x0213
mem[X,0x0000000080023FD6] -> 0x0032
[4430] [M]: 0x0000000080023FD4 (0x00320213) addi tp, tp, 3
x4 <- 0x0000000000000003
mem[X,0x0000000080023FD8] -> 0x006F
mem[X,0x0000000080023FDA] -> 0x0040
[4431] [M]: 0x0000000080023FD8 (0x0040006F) jal zero, 4
mem[X,0x0000000080023FDC] -> 0x3C23
mem[X,0x0000000080023FDE] -> 0x0E41
[4432] [M]: 0x0000000080023FDC (0x0E413C23) sd tp, 248(sp)
mem[0x0000000080049AC0] <- 0x0000000000000003
mem[X,0x0000000080023FE0] -> 0x6537
mem[X,0x0000000080023FE2] -> 0x6666
[4433] [M]: 0x0000000080023FE0 (0x66666537) lui a0, 419430
x10 <- 0x0000000066666000
mem[X,0x0000000080023FE4] -> 0x0513
mem[X,0x0000000080023FE6] -> 0x6665
[4434] [M]: 0x0000000080023FE4 (0x66650513) addi a0, a0, 1638
x10 <- 0x0000000066666666
mem[X,0x0000000080023FE8] -> 0x1513
mem[X,0x0000000080023FEA] -> 0x00B5
[4435] [M]: 0x0000000080023FE8 (0x00B51513) slli a0, a0, 11
x10 <- 0x0000033333333000
mem[X,0x0000000080023FEC] -> 0x0513
mem[X,0x0000000080023FEE] -> 0x3335
[4436] [M]: 0x0000000080023FEC (0x33350513) addi a0, a0, 819
x10 <- 0x0000033333333333
mem[X,0x0000000080023FF0] -> 0x1513
mem[X,0x0000000080023FF2] -> 0x00B5
[4437] [M]: 0x0000000080023FF0 (0x00B51513) slli a0, a0, 11
x10 <- 0x0019999999999800
mem[X,0x0000000080023FF4] -> 0x0513
mem[X,0x0000000080023FF6] -> 0x1995
[4438] [M]: 0x0000000080023FF4 (0x19950513) addi a0, a0, 409
x10 <- 0x0019999999999999
mem[X,0x0000000080023FF8] -> 0x1513
mem[X,0x0000000080023FFA] -> 0x00A5
[4439] [M]: 0x0000000080023FF8 (0x00A51513) slli a0, a0, 10
x10 <- 0x6666666666666400
mem[X,0x0000000080023FFC] -> 0x0513
mem[X,0x0000000080023FFE] -> 0x2665
[4440] [M]: 0x0000000080023FFC (0x26650513) addi a0, a0, 614
x10 <- 0x6666666666666666
mem[X,0x0000000080024000] -> 0x05B7
mem[X,0x0000000080024002] -> 0x0000
[4441] [M]: 0x0000000080024000 (0x000005B7) lui a1, 0
x11 <- 0x0000000000000000
mem[X,0x0000000080024004] -> 0x8593
mem[X,0x0000000080024006] -> 0xFFF5
[4442] [M]: 0x0000000080024004 (0xFFF58593) addi a1, a1, 4095
x11 <- 0xFFFFFFFFFFFFFFFF
mem[X,0x0000000080024008] -> 0x9593
mem[X,0x000000008002400A] -> 0x00B5
[4443] [M]: 0x0000000080024008 (0x00B59593) slli a1, a1, 11
x11 <- 0xFFFFFFFFFFFFF800
mem[X,0x000000008002400C] -> 0x8593
mem[X,0x000000008002400E] -> 0x2575
[4444] [M]: 0x000000008002400C (0x25758593) addi a1, a1, 599
x11 <- 0xFFFFFFFFFFFFFA57
mem[X,0x0000000080024010] -> 0x9593
mem[X,0x0000000080024012] -> 0x00B5
[4445] [M]: 0x0000000080024010 (0x00B59593) slli a1, a1, 11
x11 <- 0xFFFFFFFFFFD2B800
mem[X,0x0000000080024014] -> 0x8593
mem[X,0x0000000080024016] -> 0x6C35
[4446] [M]: 0x0000000080024014 (0x6C358593) addi a1, a1, 1731
x11 <- 0xFFFFFFFFFFD2BEC3
mem[X,0x0000000080024018] -> 0x9593
mem[X,0x000000008002401A] -> 0x00A5
[4447] [M]: 0x0000000080024018 (0x00A59593) slli a1, a1, 10
x11 <- 0xFFFFFFFF4AFB0C00
mem[X,0x000000008002401C] -> 0x8593
mem[X,0x000000008002401E] -> 0x0CD5
[4448] [M]: 0x000000008002401C (0x0CD58593) addi a1, a1, 205
x11 <- 0xFFFFFFFF4AFB0CCD
mem[X,0x0000000080024020] -> 0x0213
mem[X,0x0000000080024022] -> 0x0000
[4449] [M]: 0x0000000080024020 (0x00000213) addi tp, zero, 0
x4 <- 0x0000000000000000
mem[X,0x0000000080024024] -> 0x006F
mem[X,0x0000000080024026] -> 0x0140
[4450] [M]: 0x0000000080024024 (0x0140006F) jal zero, 20
mem[X,0x0000000080024038] -> 0x08E3
mem[X,0x000000008002403A] -> 0xFEB5
[4451] [M]: 0x0000000080024038 (0xFEB508E3) beq a0, a1, 8176
mem[X,0x000000008002403C] -> 0x0213
mem[X,0x000000008002403E] -> 0x0022
[4452] [M]: 0x000000008002403C (0x00220213) addi tp, tp, 2
x4 <- 0x0000000000000002
mem[X,0x0000000080024040] -> 0x006F
mem[X,0x0000000080024042] -> 0x00C0
[4453] [M]: 0x0000000080024040 (0x00C0006F) jal zero, 12
mem[X,0x000000008002404C] -> 0x3023
mem[X,0x000000008002404E] -> 0x1041
[4454] [M]: 0x000000008002404C (0x10413023) sd tp, 256(sp)
mem[0x0000000080049AC8] <- 0x0000000000000002
mem[X,0x0000000080024050] -> 0x6537
mem[X,0x0000000080024052] -> 0x6666
[4455] [M]: 0x0000000080024050 (0x66666537) lui a0, 419430
x10 <- 0x0000000066666000
mem[X,0x0000000080024054] -> 0x0513
mem[X,0x0000000080024056] -> 0x6665
[4456] [M]: 0x0000000080024054 (0x66650513) addi a0, a0, 1638
x10 <- 0x0000000066666666
mem[X,0x0000000080024058] -> 0x1513
mem[X,0x000000008002405A] -> 0x00B5
[4457] [M]: 0x0000000080024058 (0x00B51513) slli a0, a0, 11
x10 <- 0x0000033333333000
mem[X,0x000000008002405C] -> 0x0513
mem[X,0x000000008002405E] -> 0x3335
[4458] [M]: 0x000000008002405C (0x33350513) addi a0, a0, 819
x10 <- 0x0000033333333333
mem[X,0x0000000080024060] -> 0x1513
mem[X,0x0000000080024062] -> 0x00B5
[4459] [M]: 0x0000000080024060 (0x00B51513) slli a0, a0, 11
x10 <- 0x0019999999999800
mem[X,0x0000000080024064] -> 0x0513
mem[X,0x0000000080024066] -> 0x1995
[4460] [M]: 0x0000000080024064 (0x19950513) addi a0, a0, 409
x10 <- 0x0019999999999999
mem[X,0x0000000080024068] -> 0x1513
mem[X,0x000000008002406A] -> 0x00A5
[4461] [M]: 0x0000000080024068 (0x00A51513) slli a0, a0, 10
x10 <- 0x6666666666666400
mem[X,0x000000008002406C] -> 0x0513
mem[X,0x000000008002406E] -> 0x2665
[4462] [M]: 0x000000008002406C (0x26650513) addi a0, a0, 614
x10 <- 0x6666666666666666
mem[X,0x0000000080024070] -> 0x05B7
mem[X,0x0000000080024072] -> 0x0000
[4463] [M]: 0x0000000080024070 (0x000005B7) lui a1, 0
x11 <- 0x0000000000000000
mem[X,0x0000000080024074] -> 0x8593
mem[X,0x0000000080024076] -> 0x0005
[4464] [M]: 0x0000000080024074 (0x00058593) addi a1, a1, 0
x11 <- 0x0000000000000000
mem[X,0x0000000080024078] -> 0x9593
mem[X,0x000000008002407A] -> 0x00B5
[4465] [M]: 0x0000000080024078 (0x00B59593) slli a1, a1, 11
x11 <- 0x0000000000000000
mem[X,0x000000008002407C] -> 0x8593
mem[X,0x000000008002407E] -> 0x5A85
[4466] [M]: 0x000000008002407C (0x5A858593) addi a1, a1, 1448
x11 <- 0x00000000000005A8
mem[X,0x0000000080024080] -> 0x9593
mem[X,0x0000000080024082] -> 0x00B5
[4467] [M]: 0x0000000080024080 (0x00B59593) slli a1, a1, 11
x11 <- 0x00000000002D4000
mem[X,0x0000000080024084] -> 0x8593
mem[X,0x0000000080024086] -> 0x13C5
[4468] [M]: 0x0000000080024084 (0x13C58593) addi a1, a1, 316
x11 <- 0x00000000002D413C
mem[X,0x0000000080024088] -> 0x9593
mem[X,0x000000008002408A] -> 0x00A5
[4469] [M]: 0x0000000080024088 (0x00A59593) slli a1, a1, 10
x11 <- 0x00000000B504F000
mem[X,0x000000008002408C] -> 0x8593
mem[X,0x000000008002408E] -> 0x3335
[4470] [M]: 0x000000008002408C (0x33358593) addi a1, a1, 819
x11 <- 0x00000000B504F333
mem[X,0x0000000080024090] -> 0x0213
mem[X,0x0000000080024092] -> 0x0000
[4471] [M]: 0x0000000080024090 (0x00000213) addi tp, zero, 0
x4 <- 0x0000000000000000
mem[X,0x0000000080024094] -> 0x006F
mem[X,0x0000000080024096] -> 0x00C0
[4472] [M]: 0x0000000080024094 (0x00C0006F) jal zero, 12
mem[X,0x00000000800240A0] -> 0x0663
mem[X,0x00000000800240A2] -> 0x00B5
[4473] [M]: 0x00000000800240A0 (0x00B50663) beq a0, a1, 12
mem[X,0x00000000800240A4] -> 0x0213
mem[X,0x00000000800240A6] -> 0x0022
[4474] [M]: 0x00000000800240A4 (0x00220213) addi tp, tp, 2
x4 <- 0x0000000000000002
mem[X,0x00000000800240A8] -> 0x006F
mem[X,0x00000000800240AA] -> 0x00C0
[4475] [M]: 0x00000000800240A8 (0x00C0006F) jal zero, 12
mem[X,0x00000000800240B4] -> 0x3423
mem[X,0x00000000800240B6] -> 0x1041
[4476] [M]: 0x00000000800240B4 (0x10413423) sd tp, 264(sp)
mem[0x0000000080049AD0] <- 0x0000000000000002
mem[X,0x00000000800240B8] -> 0x6537
mem[X,0x00000000800240BA] -> 0x6666
[4477] [M]: 0x00000000800240B8 (0x66666537) lui a0, 419430
x10 <- 0x0000000066666000
mem[X,0x00000000800240BC] -> 0x0513
mem[X,0x00000000800240BE] -> 0x6665
[4478] [M]: 0x00000000800240BC (0x66650513) addi a0, a0, 1638
x10 <- 0x0000000066666666
mem[X,0x00000000800240C0] -> 0x1513
mem[X,0x00000000800240C2] -> 0x00B5
[4479] [M]: 0x00000000800240C0 (0x00B51513) slli a0, a0, 11
x10 <- 0x0000033333333000
mem[X,0x00000000800240C4] -> 0x0513
mem[X,0x00000000800240C6] -> 0x3335
[4480] [M]: 0x00000000800240C4 (0x33350513) addi a0, a0, 819
x10 <- 0x0000033333333333
mem[X,0x00000000800240C8] -> 0x1513
mem[X,0x00000000800240CA] -> 0x00B5
[4481] [M]: 0x00000000800240C8 (0x00B51513) slli a0, a0, 11
x10 <- 0x0019999999999800
mem[X,0x00000000800240CC] -> 0x0513
mem[X,0x00000000800240CE] -> 0x1995
[4482] [M]: 0x00000000800240CC (0x19950513) addi a0, a0, 409
x10 <- 0x0019999999999999
mem[X,0x00000000800240D0] -> 0x1513
mem[X,0x00000000800240D2] -> 0x00A5
[4483] [M]: 0x00000000800240D0 (0x00A51513) slli a0, a0, 10
x10 <- 0x6666666666666400
mem[X,0x00000000800240D4] -> 0x0513
mem[X,0x00000000800240D6] -> 0x2665
[4484] [M]: 0x00000000800240D4 (0x26650513) addi a0, a0, 614
x10 <- 0x6666666666666666
mem[X,0x00000000800240D8] -> 0x0593
mem[X,0x00000000800240DA] -> 0x0020
[4485] [M]: 0x00000000800240D8 (0x00200593) addi a1, zero, 2
x11 <- 0x0000000000000002
mem[X,0x00000000800240DC] -> 0x0213
mem[X,0x00000000800240DE] -> 0x0000
[4486] [M]: 0x00000000800240DC (0x00000213) addi tp, zero, 0
x4 <- 0x0000000000000000
mem[X,0x00000000800240E0] -> 0x006F
mem[X,0x00000000800240E2] -> 0x00C0
[4487] [M]: 0x00000000800240E0 (0x00C0006F) jal zero, 12
mem[X,0x00000000800240EC] -> 0x0663
mem[X,0x00000000800240EE] -> 0x00B5
[4488] [M]: 0x00000000800240EC (0x00B50663) beq a0, a1, 12
mem[X,0x00000000800240F0] -> 0x0213
mem[X,0x00000000800240F2] -> 0x0022
[4489] [M]: 0x00000000800240F0 (0x00220213) addi tp, tp, 2
x4 <- 0x0000000000000002
mem[X,0x00000000800240F4] -> 0x006F
mem[X,0x00000000800240F6] -> 0x00C0
[4490] [M]: 0x00000000800240F4 (0x00C0006F) jal zero, 12
mem[X,0x0000000080024100] -> 0x3823
mem[X,0x0000000080024102] -> 0x1041
[4491] [M]: 0x0000000080024100 (0x10413823) sd tp, 272(sp)
mem[0x0000000080049AD8] <- 0x0000000000000002
mem[X,0x0000000080024104] -> 0x6537
mem[X,0x0000000080024106] -> 0x6666
[4492] [M]: 0x0000000080024104 (0x66666537) lui a0, 419430
x10 <- 0x0000000066666000
mem[X,0x0000000080024108] -> 0x0513
mem[X,0x000000008002410A] -> 0x6665
[4493] [M]: 0x0000000080024108 (0x66650513) addi a0, a0, 1638
x10 <- 0x0000000066666666
mem[X,0x000000008002410C] -> 0x1513
mem[X,0x000000008002410E] -> 0x00B5
[4494] [M]: 0x000000008002410C (0x00B51513) slli a0, a0, 11
x10 <- 0x0000033333333000
mem[X,0x0000000080024110] -> 0x0513
mem[X,0x0000000080024112] -> 0x3335
[4495] [M]: 0x0000000080024110 (0x33350513) addi a0, a0, 819
x10 <- 0x0000033333333333
mem[X,0x0000000080024114] -> 0x1513
mem[X,0x0000000080024116] -> 0x00B5
[4496] [M]: 0x0000000080024114 (0x00B51513) slli a0, a0, 11
x10 <- 0x0019999999999800
mem[X,0x0000000080024118] -> 0x0513
mem[X,0x000000008002411A] -> 0x1995
[4497] [M]: 0x0000000080024118 (0x19950513) addi a0, a0, 409
x10 <- 0x0019999999999999
mem[X,0x000000008002411C] -> 0x1513
mem[X,0x000000008002411E] -> 0x00A5
[4498] [M]: 0x000000008002411C (0x00A51513) slli a0, a0, 10
x10 <- 0x6666666666666400
mem[X,0x0000000080024120] -> 0x0513
mem[X,0x0000000080024122] -> 0x2665
[4499] [M]: 0x0000000080024120 (0x26650513) addi a0, a0, 614
x10 <- 0x6666666666666666
clint::tick mtime <- 0x000000000000002D
 clint timer pending at mtime 0x000000000000002D
htif::tick 0x0000000000000000
mem[X,0x0000000080024124] -> 0x55B7
mem[X,0x0000000080024126] -> 0x5555
[4500] [M]: 0x0000000080024124 (0x555555B7) lui a1, 349525
x11 <- 0x0000000055555000
mem[X,0x0000000080024128] -> 0x8593
mem[X,0x000000008002412A] -> 0x5555
[4501] [M]: 0x0000000080024128 (0x55558593) addi a1, a1, 1365
x11 <- 0x0000000055555555
mem[X,0x000000008002412C] -> 0x9593
mem[X,0x000000008002412E] -> 0x00B5
[4502] [M]: 0x000000008002412C (0x00B59593) slli a1, a1, 11
x11 <- 0x000002AAAAAAA800
mem[X,0x0000000080024130] -> 0x8593
mem[X,0x0000000080024132] -> 0x2AA5
[4503] [M]: 0x0000000080024130 (0x2AA58593) addi a1, a1, 682
x11 <- 0x000002AAAAAAAAAA
mem[X,0x0000000080024134] -> 0x9593
mem[X,0x0000000080024136] -> 0x00B5
[4504] [M]: 0x0000000080024134 (0x00B59593) slli a1, a1, 11
x11 <- 0x0015555555555000
mem[X,0x0000000080024138] -> 0x8593
mem[X,0x000000008002413A] -> 0x5555
[4505] [M]: 0x0000000080024138 (0x55558593) addi a1, a1, 1365
x11 <- 0x0015555555555555
mem[X,0x000000008002413C] -> 0x9593
mem[X,0x000000008002413E] -> 0x00A5
[4506] [M]: 0x000000008002413C (0x00A59593) slli a1, a1, 10
x11 <- 0x5555555555555400
mem[X,0x0000000080024140] -> 0x8593
mem[X,0x0000000080024142] -> 0x1545
[4507] [M]: 0x0000000080024140 (0x15458593) addi a1, a1, 340
x11 <- 0x5555555555555554
mem[X,0x0000000080024144] -> 0x0213
mem[X,0x0000000080024146] -> 0x0000
[4508] [M]: 0x0000000080024144 (0x00000213) addi tp, zero, 0
x4 <- 0x0000000000000000
mem[X,0x0000000080024148] -> 0x006F
mem[X,0x000000008002414A] -> 0x00C0
[4509] [M]: 0x0000000080024148 (0x00C0006F) jal zero, 12
mem[X,0x0000000080024154] -> 0x0CE3
mem[X,0x0000000080024156] -> 0xFEB5
[4510] [M]: 0x0000000080024154 (0xFEB50CE3) beq a0, a1, 8184
mem[X,0x0000000080024158] -> 0x0213
mem[X,0x000000008002415A] -> 0x0022
[4511] [M]: 0x0000000080024158 (0x00220213) addi tp, tp, 2
x4 <- 0x0000000000000002
mem[X,0x000000008002415C] -> 0x006F
mem[X,0x000000008002415E] -> 0x00C0
[4512] [M]: 0x000000008002415C (0x00C0006F) jal zero, 12
mem[X,0x0000000080024168] -> 0x3C23
mem[X,0x000000008002416A] -> 0x1041
[4513] [M]: 0x0000000080024168 (0x10413C23) sd tp, 280(sp)
mem[0x0000000080049AE0] <- 0x0000000000000002
mem[X,0x000000008002416C] -> 0x6537
mem[X,0x000000008002416E] -> 0x6666
[4514] [M]: 0x000000008002416C (0x66666537) lui a0, 419430
x10 <- 0x0000000066666000
mem[X,0x0000000080024170] -> 0x0513
mem[X,0x0000000080024172] -> 0x6665
[4515] [M]: 0x0000000080024170 (0x66650513) addi a0, a0, 1638
x10 <- 0x0000000066666666
mem[X,0x0000000080024174] -> 0x1513
mem[X,0x0000000080024176] -> 0x00B5
[4516] [M]: 0x0000000080024174 (0x00B51513) slli a0, a0, 11
x10 <- 0x0000033333333000
mem[X,0x0000000080024178] -> 0x0513
mem[X,0x000000008002417A] -> 0x3335
[4517] [M]: 0x0000000080024178 (0x33350513) addi a0, a0, 819
x10 <- 0x0000033333333333
mem[X,0x000000008002417C] -> 0x1513
mem[X,0x000000008002417E] -> 0x00B5
[4518] [M]: 0x000000008002417C (0x00B51513) slli a0, a0, 11
x10 <- 0x0019999999999800
mem[X,0x0000000080024180] -> 0x0513
mem[X,0x0000000080024182] -> 0x1995
[4519] [M]: 0x0000000080024180 (0x19950513) addi a0, a0, 409
x10 <- 0x0019999999999999
mem[X,0x0000000080024184] -> 0x1513
mem[X,0x0000000080024186] -> 0x00A5
[4520] [M]: 0x0000000080024184 (0x00A51513) slli a0, a0, 10
x10 <- 0x6666666666666400
mem[X,0x0000000080024188] -> 0x0513
mem[X,0x000000008002418A] -> 0x2665
[4521] [M]: 0x0000000080024188 (0x26650513) addi a0, a0, 614
x10 <- 0x6666666666666666
mem[X,0x000000008002418C] -> 0x0593
mem[X,0x000000008002418E] -> 0x0000
[4522] [M]: 0x000000008002418C (0x00000593) addi a1, zero, 0
x11 <- 0x0000000000000000
mem[X,0x0000000080024190] -> 0x0213
mem[X,0x0000000080024192] -> 0x0000
[4523] [M]: 0x0000000080024190 (0x00000213) addi tp, zero, 0
x4 <- 0x0000000000000000
mem[X,0x0000000080024194] -> 0x006F
mem[X,0x0000000080024196] -> 0x00C0
[4524] [M]: 0x0000000080024194 (0x00C0006F) jal zero, 12
mem[X,0x00000000800241A0] -> 0x0663
mem[X,0x00000000800241A2] -> 0x00B5
[4525] [M]: 0x00000000800241A0 (0x00B50663) beq a0, a1, 12
mem[X,0x00000000800241A4] -> 0x0213
mem[X,0x00000000800241A6] -> 0x0022
[4526] [M]: 0x00000000800241A4 (0x00220213) addi tp, tp, 2
x4 <- 0x0000000000000002
mem[X,0x00000000800241A8] -> 0x006F
mem[X,0x00000000800241AA] -> 0x00C0
[4527] [M]: 0x00000000800241A8 (0x00C0006F) jal zero, 12
mem[X,0x00000000800241B4] -> 0x3023
mem[X,0x00000000800241B6] -> 0x1241
[4528] [M]: 0x00000000800241B4 (0x12413023) sd tp, 288(sp)
mem[0x0000000080049AE8] <- 0x0000000000000002
mem[X,0x00000000800241B8] -> 0x6537
mem[X,0x00000000800241BA] -> 0x6666
[4529] [M]: 0x00000000800241B8 (0x66666537) lui a0, 419430
x10 <- 0x0000000066666000
mem[X,0x00000000800241BC] -> 0x0513
mem[X,0x00000000800241BE] -> 0x6665
[4530] [M]: 0x00000000800241BC (0x66650513) addi a0, a0, 1638
x10 <- 0x0000000066666666
mem[X,0x00000000800241C0] -> 0x1513
mem[X,0x00000000800241C2] -> 0x00B5
[4531] [M]: 0x00000000800241C0 (0x00B51513) slli a0, a0, 11
x10 <- 0x0000033333333000
mem[X,0x00000000800241C4] -> 0x0513
mem[X,0x00000000800241C6] -> 0x3335
[4532] [M]: 0x00000000800241C4 (0x33350513) addi a0, a0, 819
x10 <- 0x0000033333333333
mem[X,0x00000000800241C8] -> 0x1513
mem[X,0x00000000800241CA] -> 0x00B5
[4533] [M]: 0x00000000800241C8 (0x00B51513) slli a0, a0, 11
x10 <- 0x0019999999999800
mem[X,0x00000000800241CC] -> 0x0513
mem[X,0x00000000800241CE] -> 0x1995
[4534] [M]: 0x00000000800241CC (0x19950513) addi a0, a0, 409
x10 <- 0x0019999999999999
mem[X,0x00000000800241D0] -> 0x1513
mem[X,0x00000000800241D2] -> 0x00A5
[4535] [M]: 0x00000000800241D0 (0x00A51513) slli a0, a0, 10
x10 <- 0x6666666666666400
mem[X,0x00000000800241D4] -> 0x0513
mem[X,0x00000000800241D6] -> 0x2665
[4536] [M]: 0x00000000800241D4 (0x26650513) addi a0, a0, 614
x10 <- 0x6666666666666666
mem[X,0x00000000800241D8] -> 0x0593
mem[X,0x00000000800241DA] -> 0x0040
[4537] [M]: 0x00000000800241D8 (0x00400593) addi a1, zero, 4
x11 <- 0x0000000000000004
mem[X,0x00000000800241DC] -> 0x0213
mem[X,0x00000000800241DE] -> 0x0000
[4538] [M]: 0x00000000800241DC (0x00000213) addi tp, zero, 0
x4 <- 0x0000000000000000
mem[X,0x00000000800241E0] -> 0x006F
mem[X,0x00000000800241E2] -> 0x00C0
[4539] [M]: 0x00000000800241E0 (0x00C0006F) jal zero, 12
mem[X,0x00000000800241EC] -> 0x0063
mem[X,0x00000000800241EE] -> 0x10B5
[4540] [M]: 0x00000000800241EC (0x10B50063) beq a0, a1, 256
mem[X,0x00000000800241F0] -> 0x0213
mem[X,0x00000000800241F2] -> 0x0022
[4541] [M]: 0x00000000800241F0 (0x00220213) addi tp, tp, 2
x4 <- 0x0000000000000002
mem[X,0x00000000800241F4] -> 0x006F
mem[X,0x00000000800241F6] -> 0x1000
[4542] [M]: 0x00000000800241F4 (0x1000006F) jal zero, 256
mem[X,0x00000000800242F4] -> 0x3423
mem[X,0x00000000800242F6] -> 0x1241
[4543] [M]: 0x00000000800242F4 (0x12413423) sd tp, 296(sp)
mem[0x0000000080049AF0] <- 0x0000000000000002
mem[X,0x00000000800242F8] -> 0x6537
mem[X,0x00000000800242FA] -> 0x6666
[4544] [M]: 0x00000000800242F8 (0x66666537) lui a0, 419430
x10 <- 0x0000000066666000
mem[X,0x00000000800242FC] -> 0x0513
mem[X,0x00000000800242FE] -> 0x6665
[4545] [M]: 0x00000000800242FC (0x66650513) addi a0, a0, 1638
x10 <- 0x0000000066666666
mem[X,0x0000000080024300] -> 0x1513
mem[X,0x0000000080024302] -> 0x00B5
[4546] [M]: 0x0000000080024300 (0x00B51513) slli a0, a0, 11
x10 <- 0x0000033333333000
mem[X,0x0000000080024304] -> 0x0513
mem[X,0x0000000080024306] -> 0x3335
[4547] [M]: 0x0000000080024304 (0x33350513) addi a0, a0, 819
x10 <- 0x0000033333333333
mem[X,0x0000000080024308] -> 0x1513
mem[X,0x000000008002430A] -> 0x00B5
[4548] [M]: 0x0000000080024308 (0x00B51513) slli a0, a0, 11
x10 <- 0x0019999999999800
mem[X,0x000000008002430C] -> 0x0513
mem[X,0x000000008002430E] -> 0x1995
[4549] [M]: 0x000000008002430C (0x19950513) addi a0, a0, 409
x10 <- 0x0019999999999999
mem[X,0x0000000080024310] -> 0x1513
mem[X,0x0000000080024312] -> 0x00A5
[4550] [M]: 0x0000000080024310 (0x00A51513) slli a0, a0, 10
x10 <- 0x6666666666666400
mem[X,0x0000000080024314] -> 0x0513
mem[X,0x0000000080024316] -> 0x2665
[4551] [M]: 0x0000000080024314 (0x26650513) addi a0, a0, 614
x10 <- 0x6666666666666666
mem[X,0x0000000080024318] -> 0x35B7
mem[X,0x000000008002431A] -> 0x3333
[4552] [M]: 0x0000000080024318 (0x333335B7) lui a1, 209715
x11 <- 0x0000000033333000
mem[X,0x000000008002431C] -> 0x8593
mem[X,0x000000008002431E] -> 0x3335
[4553] [M]: 0x000000008002431C (0x33358593) addi a1, a1, 819
x11 <- 0x0000000033333333
mem[X,0x0000000080024320] -> 0x9593
mem[X,0x0000000080024322] -> 0x00B5
[4554] [M]: 0x0000000080024320 (0x00B59593) slli a1, a1, 11
x11 <- 0x0000019999999800
mem[X,0x0000000080024324] -> 0x8593
mem[X,0x0000000080024326] -> 0x1995
[4555] [M]: 0x0000000080024324 (0x19958593) addi a1, a1, 409
x11 <- 0x0000019999999999
mem[X,0x0000000080024328] -> 0x9593
mem[X,0x000000008002432A] -> 0x00B5
[4556] [M]: 0x0000000080024328 (0x00B59593) slli a1, a1, 11
x11 <- 0x000CCCCCCCCCC800
mem[X,0x000000008002432C] -> 0x8593
mem[X,0x000000008002432E] -> 0x4CC5
[4557] [M]: 0x000000008002432C (0x4CC58593) addi a1, a1, 1228
x11 <- 0x000CCCCCCCCCCCCC
mem[X,0x0000000080024330] -> 0x9593
mem[X,0x0000000080024332] -> 0x00A5
[4558] [M]: 0x0000000080024330 (0x00A59593) slli a1, a1, 10
x11 <- 0x3333333333333000
mem[X,0x0000000080024334] -> 0x8593
mem[X,0x0000000080024336] -> 0x3325
[4559] [M]: 0x0000000080024334 (0x33258593) addi a1, a1, 818
x11 <- 0x3333333333333332
mem[X,0x0000000080024338] -> 0x0213
mem[X,0x000000008002433A] -> 0x0000
[4560] [M]: 0x0000000080024338 (0x00000213) addi tp, zero, 0
x4 <- 0x0000000000000000
mem[X,0x000000008002433C] -> 0x006F
mem[X,0x000000008002433E] -> 0x00C0
[4561] [M]: 0x000000008002433C (0x00C0006F) jal zero, 12
mem[X,0x0000000080024348] -> 0x0CE3
mem[X,0x000000008002434A] -> 0xFEB5
[4562] [M]: 0x0000000080024348 (0xFEB50CE3) beq a0, a1, 8184
mem[X,0x000000008002434C] -> 0x0213
mem[X,0x000000008002434E] -> 0x0022
[4563] [M]: 0x000000008002434C (0x00220213) addi tp, tp, 2
x4 <- 0x0000000000000002
mem[X,0x0000000080024350] -> 0x006F
mem[X,0x0000000080024352] -> 0x00C0
[4564] [M]: 0x0000000080024350 (0x00C0006F) jal zero, 12
mem[X,0x000000008002435C] -> 0x3823
mem[X,0x000000008002435E] -> 0x1241
[4565] [M]: 0x000000008002435C (0x12413823) sd tp, 304(sp)
mem[0x0000000080049AF8] <- 0x0000000000000002
mem[X,0x0000000080024360] -> 0x6537
mem[X,0x0000000080024362] -> 0x6666
[4566] [M]: 0x0000000080024360 (0x66666537) lui a0, 419430
x10 <- 0x0000000066666000
mem[X,0x0000000080024364] -> 0x0513
mem[X,0x0000000080024366] -> 0x6665
[4567] [M]: 0x0000000080024364 (0x66650513) addi a0, a0, 1638
x10 <- 0x0000000066666666
mem[X,0x0000000080024368] -> 0x1513
mem[X,0x000000008002436A] -> 0x00B5
[4568] [M]: 0x0000000080024368 (0x00B51513) slli a0, a0, 11
x10 <- 0x0000033333333000
mem[X,0x000000008002436C] -> 0x0513
mem[X,0x000000008002436E] -> 0x3335
[4569] [M]: 0x000000008002436C (0x33350513) addi a0, a0, 819
x10 <- 0x0000033333333333
mem[X,0x0000000080024370] -> 0x1513
mem[X,0x0000000080024372] -> 0x00B5
[4570] [M]: 0x0000000080024370 (0x00B51513) slli a0, a0, 11
x10 <- 0x0019999999999800
mem[X,0x0000000080024374] -> 0x0513
mem[X,0x0000000080024376] -> 0x1995
[4571] [M]: 0x0000000080024374 (0x19950513) addi a0, a0, 409
x10 <- 0x0019999999999999
mem[X,0x0000000080024378] -> 0x1513
mem[X,0x000000008002437A] -> 0x00A5
[4572] [M]: 0x0000000080024378 (0x00A51513) slli a0, a0, 10
x10 <- 0x6666666666666400
mem[X,0x000000008002437C] -> 0x0513
mem[X,0x000000008002437E] -> 0x2665
[4573] [M]: 0x000000008002437C (0x26650513) addi a0, a0, 614
x10 <- 0x6666666666666666
mem[X,0x0000000080024380] -> 0x65B7
mem[X,0x0000000080024382] -> 0x6666
[4574] [M]: 0x0000000080024380 (0x666665B7) lui a1, 419430
x11 <- 0x0000000066666000
mem[X,0x0000000080024384] -> 0x8593
mem[X,0x0000000080024386] -> 0x6665
[4575] [M]: 0x0000000080024384 (0x66658593) addi a1, a1, 1638
x11 <- 0x0000000066666666
mem[X,0x0000000080024388] -> 0x9593
mem[X,0x000000008002438A] -> 0x00B5
[4576] [M]: 0x0000000080024388 (0x00B59593) slli a1, a1, 11
x11 <- 0x0000033333333000
mem[X,0x000000008002438C] -> 0x8593
mem[X,0x000000008002438E] -> 0x3335
[4577] [M]: 0x000000008002438C (0x33358593) addi a1, a1, 819
x11 <- 0x0000033333333333
mem[X,0x0000000080024390] -> 0x9593
mem[X,0x0000000080024392] -> 0x00B5
[4578] [M]: 0x0000000080024390 (0x00B59593) slli a1, a1, 11
x11 <- 0x0019999999999800
mem[X,0x0000000080024394] -> 0x8593
mem[X,0x0000000080024396] -> 0x1995
[4579] [M]: 0x0000000080024394 (0x19958593) addi a1, a1, 409
x11 <- 0x0019999999999999
mem[X,0x0000000080024398] -> 0x9593
mem[X,0x000000008002439A] -> 0x00A5
[4580] [M]: 0x0000000080024398 (0x00A59593) slli a1, a1, 10
x11 <- 0x6666666666666400
mem[X,0x000000008002439C] -> 0x8593
mem[X,0x000000008002439E] -> 0x2655
[4581] [M]: 0x000000008002439C (0x26558593) addi a1, a1, 613
x11 <- 0x6666666666666665
mem[X,0x00000000800243A0] -> 0x0213
mem[X,0x00000000800243A2] -> 0x0000
[4582] [M]: 0x00000000800243A0 (0x00000213) addi tp, zero, 0
x4 <- 0x0000000000000000
mem[X,0x00000000800243A4] -> 0x006F
mem[X,0x00000000800243A6] -> 0x00C0
[4583] [M]: 0x00000000800243A4 (0x00C0006F) jal zero, 12
mem[X,0x00000000800243B0] -> 0x0663
mem[X,0x00000000800243B2] -> 0x00B5
[4584] [M]: 0x00000000800243B0 (0x00B50663) beq a0, a1, 12
mem[X,0x00000000800243B4] -> 0x0213
mem[X,0x00000000800243B6] -> 0x0022
[4585] [M]: 0x00000000800243B4 (0x00220213) addi tp, tp, 2
x4 <- 0x0000000000000002
mem[X,0x00000000800243B8] -> 0x006F
mem[X,0x00000000800243BA] -> 0x00C0
[4586] [M]: 0x00000000800243B8 (0x00C0006F) jal zero, 12
mem[X,0x00000000800243C4] -> 0x3C23
mem[X,0x00000000800243C6] -> 0x1241
[4587] [M]: 0x00000000800243C4 (0x12413C23) sd tp, 312(sp)
mem[0x0000000080049B00] <- 0x0000000000000002
mem[X,0x00000000800243C8] -> 0x6537
mem[X,0x00000000800243CA] -> 0x6666
[4588] [M]: 0x00000000800243C8 (0x66666537) lui a0, 419430
x10 <- 0x0000000066666000
mem[X,0x00000000800243CC] -> 0x0513
mem[X,0x00000000800243CE] -> 0x6665
[4589] [M]: 0x00000000800243CC (0x66650513) addi a0, a0, 1638
x10 <- 0x0000000066666666
mem[X,0x00000000800243D0] -> 0x1513
mem[X,0x00000000800243D2] -> 0x00B5
[4590] [M]: 0x00000000800243D0 (0x00B51513) slli a0, a0, 11
x10 <- 0x0000033333333000
mem[X,0x00000000800243D4] -> 0x0513
mem[X,0x00000000800243D6] -> 0x3335
[4591] [M]: 0x00000000800243D4 (0x33350513) addi a0, a0, 819
x10 <- 0x0000033333333333
mem[X,0x00000000800243D8] -> 0x1513
mem[X,0x00000000800243DA] -> 0x00B5
[4592] [M]: 0x00000000800243D8 (0x00B51513) slli a0, a0, 11
x10 <- 0x0019999999999800
mem[X,0x00000000800243DC] -> 0x0513
mem[X,0x00000000800243DE] -> 0x1995
[4593] [M]: 0x00000000800243DC (0x19950513) addi a0, a0, 409
x10 <- 0x0019999999999999
mem[X,0x00000000800243E0] -> 0x1513
mem[X,0x00000000800243E2] -> 0x00A5
[4594] [M]: 0x00000000800243E0 (0x00A51513) slli a0, a0, 10
x10 <- 0x6666666666666400
mem[X,0x00000000800243E4] -> 0x0513
mem[X,0x00000000800243E6] -> 0x2665
[4595] [M]: 0x00000000800243E4 (0x26650513) addi a0, a0, 614
x10 <- 0x6666666666666666
mem[X,0x00000000800243E8] -> 0x05B7
mem[X,0x00000000800243EA] -> 0x0000
[4596] [M]: 0x00000000800243E8 (0x000005B7) lui a1, 0
x11 <- 0x0000000000000000
mem[X,0x00000000800243EC] -> 0x8593
mem[X,0x00000000800243EE] -> 0x0005
[4597] [M]: 0x00000000800243EC (0x00058593) addi a1, a1, 0
x11 <- 0x0000000000000000
mem[X,0x00000000800243F0] -> 0x9593
mem[X,0x00000000800243F2] -> 0x00B5
[4598] [M]: 0x00000000800243F0 (0x00B59593) slli a1, a1, 11
x11 <- 0x0000000000000000
mem[X,0x00000000800243F4] -> 0x8593
mem[X,0x00000000800243F6] -> 0x5A85
[4599] [M]: 0x00000000800243F4 (0x5A858593) addi a1, a1, 1448
x11 <- 0x00000000000005A8
clint::tick mtime <- 0x000000000000002E
 clint timer pending at mtime 0x000000000000002E
htif::tick 0x0000000000000000
mem[X,0x00000000800243F8] -> 0x9593
mem[X,0x00000000800243FA] -> 0x00B5
[4600] [M]: 0x00000000800243F8 (0x00B59593) slli a1, a1, 11
x11 <- 0x00000000002D4000
mem[X,0x00000000800243FC] -> 0x8593
mem[X,0x00000000800243FE] -> 0x13C5
[4601] [M]: 0x00000000800243FC (0x13C58593) addi a1, a1, 316
x11 <- 0x00000000002D413C
mem[X,0x0000000080024400] -> 0x9593
mem[X,0x0000000080024402] -> 0x00A5
[4602] [M]: 0x0000000080024400 (0x00A59593) slli a1, a1, 10
x11 <- 0x00000000B504F000
mem[X,0x0000000080024404] -> 0x8593
mem[X,0x0000000080024406] -> 0x3325
[4603] [M]: 0x0000000080024404 (0x33258593) addi a1, a1, 818
x11 <- 0x00000000B504F332
mem[X,0x0000000080024408] -> 0x0213
mem[X,0x000000008002440A] -> 0x0000
[4604] [M]: 0x0000000080024408 (0x00000213) addi tp, zero, 0
x4 <- 0x0000000000000000
mem[X,0x000000008002440C] -> 0x006F
mem[X,0x000000008002440E] -> 0x00C0
[4605] [M]: 0x000000008002440C (0x00C0006F) jal zero, 12
mem[X,0x0000000080024418] -> 0x0063
mem[X,0x000000008002441A] -> 0x02B5
[4606] [M]: 0x0000000080024418 (0x02B50063) beq a0, a1, 32
mem[X,0x000000008002441C] -> 0x0213
mem[X,0x000000008002441E] -> 0x0022
[4607] [M]: 0x000000008002441C (0x00220213) addi tp, tp, 2
x4 <- 0x0000000000000002
mem[X,0x0000000080024420] -> 0x006F
mem[X,0x0000000080024422] -> 0x0200
[4608] [M]: 0x0000000080024420 (0x0200006F) jal zero, 32
mem[X,0x0000000080024440] -> 0x3023
mem[X,0x0000000080024442] -> 0x1441
[4609] [M]: 0x0000000080024440 (0x14413023) sd tp, 320(sp)
mem[0x0000000080049B08] <- 0x0000000000000002
mem[X,0x0000000080024444] -> 0x6537
mem[X,0x0000000080024446] -> 0x6666
[4610] [M]: 0x0000000080024444 (0x66666537) lui a0, 419430
x10 <- 0x0000000066666000
mem[X,0x0000000080024448] -> 0x0513
mem[X,0x000000008002444A] -> 0x6665
[4611] [M]: 0x0000000080024448 (0x66650513) addi a0, a0, 1638
x10 <- 0x0000000066666666
mem[X,0x000000008002444C] -> 0x1513
mem[X,0x000000008002444E] -> 0x00B5
[4612] [M]: 0x000000008002444C (0x00B51513) slli a0, a0, 11
x10 <- 0x0000033333333000
mem[X,0x0000000080024450] -> 0x0513
mem[X,0x0000000080024452] -> 0x3335
[4613] [M]: 0x0000000080024450 (0x33350513) addi a0, a0, 819
x10 <- 0x0000033333333333
mem[X,0x0000000080024454] -> 0x1513
mem[X,0x0000000080024456] -> 0x00B5
[4614] [M]: 0x0000000080024454 (0x00B51513) slli a0, a0, 11
x10 <- 0x0019999999999800
mem[X,0x0000000080024458] -> 0x0513
mem[X,0x000000008002445A] -> 0x1995
[4615] [M]: 0x0000000080024458 (0x19950513) addi a0, a0, 409
x10 <- 0x0019999999999999
mem[X,0x000000008002445C] -> 0x1513
mem[X,0x000000008002445E] -> 0x00A5
[4616] [M]: 0x000000008002445C (0x00A51513) slli a0, a0, 10
x10 <- 0x6666666666666400
mem[X,0x0000000080024460] -> 0x0513
mem[X,0x0000000080024462] -> 0x2665
[4617] [M]: 0x0000000080024460 (0x26650513) addi a0, a0, 614
x10 <- 0x6666666666666666
mem[X,0x0000000080024464] -> 0x55B7
mem[X,0x0000000080024466] -> 0x5555
[4618] [M]: 0x0000000080024464 (0x555555B7) lui a1, 349525
x11 <- 0x0000000055555000
mem[X,0x0000000080024468] -> 0x8593
mem[X,0x000000008002446A] -> 0x5555
[4619] [M]: 0x0000000080024468 (0x55558593) addi a1, a1, 1365
x11 <- 0x0000000055555555
mem[X,0x000000008002446C] -> 0x9593
mem[X,0x000000008002446E] -> 0x00B5
[4620] [M]: 0x000000008002446C (0x00B59593) slli a1, a1, 11
x11 <- 0x000002AAAAAAA800
mem[X,0x0000000080024470] -> 0x8593
mem[X,0x0000000080024472] -> 0x2AA5
[4621] [M]: 0x0000000080024470 (0x2AA58593) addi a1, a1, 682
x11 <- 0x000002AAAAAAAAAA
mem[X,0x0000000080024474] -> 0x9593
mem[X,0x0000000080024476] -> 0x00B5
[4622] [M]: 0x0000000080024474 (0x00B59593) slli a1, a1, 11
x11 <- 0x0015555555555000
mem[X,0x0000000080024478] -> 0x8593
mem[X,0x000000008002447A] -> 0x5555
[4623] [M]: 0x0000000080024478 (0x55558593) addi a1, a1, 1365
x11 <- 0x0015555555555555
mem[X,0x000000008002447C] -> 0x9593
mem[X,0x000000008002447E] -> 0x00A5
[4624] [M]: 0x000000008002447C (0x00A59593) slli a1, a1, 10
x11 <- 0x5555555555555400
mem[X,0x0000000080024480] -> 0x8593
mem[X,0x0000000080024482] -> 0x1565
[4625] [M]: 0x0000000080024480 (0x15658593) addi a1, a1, 342
x11 <- 0x5555555555555556
mem[X,0x0000000080024484] -> 0x0213
mem[X,0x0000000080024486] -> 0x0000
[4626] [M]: 0x0000000080024484 (0x00000213) addi tp, zero, 0
x4 <- 0x0000000000000000
mem[X,0x0000000080024488] -> 0x006F
mem[X,0x000000008002448A] -> 0x00C0
[4627] [M]: 0x0000000080024488 (0x00C0006F) jal zero, 12
mem[X,0x0000000080024494] -> 0x0063
mem[X,0x0000000080024496] -> 0x04B5
[4628] [M]: 0x0000000080024494 (0x04B50063) beq a0, a1, 64
mem[X,0x0000000080024498] -> 0x0213
mem[X,0x000000008002449A] -> 0x0022
[4629] [M]: 0x0000000080024498 (0x00220213) addi tp, tp, 2
x4 <- 0x0000000000000002
mem[X,0x000000008002449C] -> 0x006F
mem[X,0x000000008002449E] -> 0x0400
[4630] [M]: 0x000000008002449C (0x0400006F) jal zero, 64
mem[X,0x00000000800244DC] -> 0x3423
mem[X,0x00000000800244DE] -> 0x1441
[4631] [M]: 0x00000000800244DC (0x14413423) sd tp, 328(sp)
mem[0x0000000080049B10] <- 0x0000000000000002
mem[X,0x00000000800244E0] -> 0x6537
mem[X,0x00000000800244E2] -> 0x6666
[4632] [M]: 0x00000000800244E0 (0x66666537) lui a0, 419430
x10 <- 0x0000000066666000
mem[X,0x00000000800244E4] -> 0x0513
mem[X,0x00000000800244E6] -> 0x6665
[4633] [M]: 0x00000000800244E4 (0x66650513) addi a0, a0, 1638
x10 <- 0x0000000066666666
mem[X,0x00000000800244E8] -> 0x1513
mem[X,0x00000000800244EA] -> 0x00B5
[4634] [M]: 0x00000000800244E8 (0x00B51513) slli a0, a0, 11
x10 <- 0x0000033333333000
mem[X,0x00000000800244EC] -> 0x0513
mem[X,0x00000000800244EE] -> 0x3335
[4635] [M]: 0x00000000800244EC (0x33350513) addi a0, a0, 819
x10 <- 0x0000033333333333
mem[X,0x00000000800244F0] -> 0x1513
mem[X,0x00000000800244F2] -> 0x00B5
[4636] [M]: 0x00000000800244F0 (0x00B51513) slli a0, a0, 11
x10 <- 0x0019999999999800
mem[X,0x00000000800244F4] -> 0x0513
mem[X,0x00000000800244F6] -> 0x1995
[4637] [M]: 0x00000000800244F4 (0x19950513) addi a0, a0, 409
x10 <- 0x0019999999999999
mem[X,0x00000000800244F8] -> 0x1513
mem[X,0x00000000800244FA] -> 0x00A5
[4638] [M]: 0x00000000800244F8 (0x00A51513) slli a0, a0, 10
x10 <- 0x6666666666666400
mem[X,0x00000000800244FC] -> 0x0513
mem[X,0x00000000800244FE] -> 0x2665
[4639] [M]: 0x00000000800244FC (0x26650513) addi a0, a0, 614
x10 <- 0x6666666666666666
mem[X,0x0000000080024500] -> 0xB5B7
mem[X,0x0000000080024502] -> 0xAAAA
[4640] [M]: 0x0000000080024500 (0xAAAAB5B7) lui a1, 699051
x11 <- 0xFFFFFFFFAAAAB000
mem[X,0x0000000080024504] -> 0x8593
mem[X,0x0000000080024506] -> 0xAAA5
[4641] [M]: 0x0000000080024504 (0xAAA58593) addi a1, a1, 2730
x11 <- 0xFFFFFFFFAAAAAAAA
mem[X,0x0000000080024508] -> 0x9593
mem[X,0x000000008002450A] -> 0x00B5
[4642] [M]: 0x0000000080024508 (0x00B59593) slli a1, a1, 11
x11 <- 0xFFFFFD5555555000
mem[X,0x000000008002450C] -> 0x8593
mem[X,0x000000008002450E] -> 0x5555
[4643] [M]: 0x000000008002450C (0x55558593) addi a1, a1, 1365
x11 <- 0xFFFFFD5555555555
mem[X,0x0000000080024510] -> 0x9593
mem[X,0x0000000080024512] -> 0x00B5
[4644] [M]: 0x0000000080024510 (0x00B59593) slli a1, a1, 11
x11 <- 0xFFEAAAAAAAAAA800
mem[X,0x0000000080024514] -> 0x8593
mem[X,0x0000000080024516] -> 0x2AA5
[4645] [M]: 0x0000000080024514 (0x2AA58593) addi a1, a1, 682
x11 <- 0xFFEAAAAAAAAAAAAA
mem[X,0x0000000080024518] -> 0x9593
mem[X,0x000000008002451A] -> 0x00A5
[4646] [M]: 0x0000000080024518 (0x00A59593) slli a1, a1, 10
x11 <- 0xAAAAAAAAAAAAA800
mem[X,0x000000008002451C] -> 0x8593
mem[X,0x000000008002451E] -> 0x2AB5
[4647] [M]: 0x000000008002451C (0x2AB58593) addi a1, a1, 683
x11 <- 0xAAAAAAAAAAAAAAAB
mem[X,0x0000000080024520] -> 0x0213
mem[X,0x0000000080024522] -> 0x0000
[4648] [M]: 0x0000000080024520 (0x00000213) addi tp, zero, 0
x4 <- 0x0000000000000000
mem[X,0x0000000080024524] -> 0x006F
mem[X,0x0000000080024526] -> 0x00C0
[4649] [M]: 0x0000000080024524 (0x00C0006F) jal zero, 12
mem[X,0x0000000080024530] -> 0x0CE3
mem[X,0x0000000080024532] -> 0xFEB5
[4650] [M]: 0x0000000080024530 (0xFEB50CE3) beq a0, a1, 8184
mem[X,0x0000000080024534] -> 0x0213
mem[X,0x0000000080024536] -> 0x0022
[4651] [M]: 0x0000000080024534 (0x00220213) addi tp, tp, 2
x4 <- 0x0000000000000002
mem[X,0x0000000080024538] -> 0x006F
mem[X,0x000000008002453A] -> 0x00C0
[4652] [M]: 0x0000000080024538 (0x00C0006F) jal zero, 12
mem[X,0x0000000080024544] -> 0x3823
mem[X,0x0000000080024546] -> 0x1441
[4653] [M]: 0x0000000080024544 (0x14413823) sd tp, 336(sp)
mem[0x0000000080049B18] <- 0x0000000000000002
mem[X,0x0000000080024548] -> 0x6537
mem[X,0x000000008002454A] -> 0x6666
[4654] [M]: 0x0000000080024548 (0x66666537) lui a0, 419430
x10 <- 0x0000000066666000
mem[X,0x000000008002454C] -> 0x0513
mem[X,0x000000008002454E] -> 0x6665
[4655] [M]: 0x000000008002454C (0x66650513) addi a0, a0, 1638
x10 <- 0x0000000066666666
mem[X,0x0000000080024550] -> 0x1513
mem[X,0x0000000080024552] -> 0x00B5
[4656] [M]: 0x0000000080024550 (0x00B51513) slli a0, a0, 11
x10 <- 0x0000033333333000
mem[X,0x0000000080024554] -> 0x0513
mem[X,0x0000000080024556] -> 0x3335
[4657] [M]: 0x0000000080024554 (0x33350513) addi a0, a0, 819
x10 <- 0x0000033333333333
mem[X,0x0000000080024558] -> 0x1513
mem[X,0x000000008002455A] -> 0x00B5
[4658] [M]: 0x0000000080024558 (0x00B51513) slli a0, a0, 11
x10 <- 0x0019999999999800
mem[X,0x000000008002455C] -> 0x0513
mem[X,0x000000008002455E] -> 0x1995
[4659] [M]: 0x000000008002455C (0x19950513) addi a0, a0, 409
x10 <- 0x0019999999999999
mem[X,0x0000000080024560] -> 0x1513
mem[X,0x0000000080024562] -> 0x00A5
[4660] [M]: 0x0000000080024560 (0x00A51513) slli a0, a0, 10
x10 <- 0x6666666666666400
mem[X,0x0000000080024564] -> 0x0513
mem[X,0x0000000080024566] -> 0x2665
[4661] [M]: 0x0000000080024564 (0x26650513) addi a0, a0, 614
x10 <- 0x6666666666666666
mem[X,0x0000000080024568] -> 0x0593
mem[X,0x000000008002456A] -> 0x0060
[4662] [M]: 0x0000000080024568 (0x00600593) addi a1, zero, 6
x11 <- 0x0000000000000006
mem[X,0x000000008002456C] -> 0x0213
mem[X,0x000000008002456E] -> 0x0000
[4663] [M]: 0x000000008002456C (0x00000213) addi tp, zero, 0
x4 <- 0x0000000000000000
mem[X,0x0000000080024570] -> 0x006F
mem[X,0x0000000080024572] -> 0x00C0
[4664] [M]: 0x0000000080024570 (0x00C0006F) jal zero, 12
mem[X,0x000000008002457C] -> 0x0CE3
mem[X,0x000000008002457E] -> 0xFEB5
[4665] [M]: 0x000000008002457C (0xFEB50CE3) beq a0, a1, 8184
mem[X,0x0000000080024580] -> 0x0213
mem[X,0x0000000080024582] -> 0x0022
[4666] [M]: 0x0000000080024580 (0x00220213) addi tp, tp, 2
x4 <- 0x0000000000000002
mem[X,0x0000000080024584] -> 0x006F
mem[X,0x0000000080024586] -> 0x00C0
[4667] [M]: 0x0000000080024584 (0x00C0006F) jal zero, 12
mem[X,0x0000000080024590] -> 0x3C23
mem[X,0x0000000080024592] -> 0x1441
[4668] [M]: 0x0000000080024590 (0x14413C23) sd tp, 344(sp)
mem[0x0000000080049B20] <- 0x0000000000000002
mem[X,0x0000000080024594] -> 0x6537
mem[X,0x0000000080024596] -> 0x6666
[4669] [M]: 0x0000000080024594 (0x66666537) lui a0, 419430
x10 <- 0x0000000066666000
mem[X,0x0000000080024598] -> 0x0513
mem[X,0x000000008002459A] -> 0x6665
[4670] [M]: 0x0000000080024598 (0x66650513) addi a0, a0, 1638
x10 <- 0x0000000066666666
mem[X,0x000000008002459C] -> 0x1513
mem[X,0x000000008002459E] -> 0x00B5
[4671] [M]: 0x000000008002459C (0x00B51513) slli a0, a0, 11
x10 <- 0x0000033333333000
mem[X,0x00000000800245A0] -> 0x0513
mem[X,0x00000000800245A2] -> 0x3335
[4672] [M]: 0x00000000800245A0 (0x33350513) addi a0, a0, 819
x10 <- 0x0000033333333333
mem[X,0x00000000800245A4] -> 0x1513
mem[X,0x00000000800245A6] -> 0x00B5
[4673] [M]: 0x00000000800245A4 (0x00B51513) slli a0, a0, 11
x10 <- 0x0019999999999800
mem[X,0x00000000800245A8] -> 0x0513
mem[X,0x00000000800245AA] -> 0x1995
[4674] [M]: 0x00000000800245A8 (0x19950513) addi a0, a0, 409
x10 <- 0x0019999999999999
mem[X,0x00000000800245AC] -> 0x1513
mem[X,0x00000000800245AE] -> 0x00A5
[4675] [M]: 0x00000000800245AC (0x00A51513) slli a0, a0, 10
x10 <- 0x6666666666666400
mem[X,0x00000000800245B0] -> 0x0513
mem[X,0x00000000800245B2] -> 0x2665
[4676] [M]: 0x00000000800245B0 (0x26650513) addi a0, a0, 614
x10 <- 0x6666666666666666
mem[X,0x00000000800245B4] -> 0x35B7
mem[X,0x00000000800245B6] -> 0x3333
[4677] [M]: 0x00000000800245B4 (0x333335B7) lui a1, 209715
x11 <- 0x0000000033333000
mem[X,0x00000000800245B8] -> 0x8593
mem[X,0x00000000800245BA] -> 0x3335
[4678] [M]: 0x00000000800245B8 (0x33358593) addi a1, a1, 819
x11 <- 0x0000000033333333
mem[X,0x00000000800245BC] -> 0x9593
mem[X,0x00000000800245BE] -> 0x00B5
[4679] [M]: 0x00000000800245BC (0x00B59593) slli a1, a1, 11
x11 <- 0x0000019999999800
mem[X,0x00000000800245C0] -> 0x8593
mem[X,0x00000000800245C2] -> 0x1995
[4680] [M]: 0x00000000800245C0 (0x19958593) addi a1, a1, 409
x11 <- 0x0000019999999999
mem[X,0x00000000800245C4] -> 0x9593
mem[X,0x00000000800245C6] -> 0x00B5
[4681] [M]: 0x00000000800245C4 (0x00B59593) slli a1, a1, 11
x11 <- 0x000CCCCCCCCCC800
mem[X,0x00000000800245C8] -> 0x8593
mem[X,0x00000000800245CA] -> 0x4CC5
[4682] [M]: 0x00000000800245C8 (0x4CC58593) addi a1, a1, 1228
x11 <- 0x000CCCCCCCCCCCCC
mem[X,0x00000000800245CC] -> 0x9593
mem[X,0x00000000800245CE] -> 0x00A5
[4683] [M]: 0x00000000800245CC (0x00A59593) slli a1, a1, 10
x11 <- 0x3333333333333000
mem[X,0x00000000800245D0] -> 0x8593
mem[X,0x00000000800245D2] -> 0x3345
[4684] [M]: 0x00000000800245D0 (0x33458593) addi a1, a1, 820
x11 <- 0x3333333333333334
mem[X,0x00000000800245D4] -> 0x0213
mem[X,0x00000000800245D6] -> 0x0000
[4685] [M]: 0x00000000800245D4 (0x00000213) addi tp, zero, 0
x4 <- 0x0000000000000000
mem[X,0x00000000800245D8] -> 0x006F
mem[X,0x00000000800245DA] -> 0x00C0
[4686] [M]: 0x00000000800245D8 (0x00C0006F) jal zero, 12
mem[X,0x00000000800245E4] -> 0x0663
mem[X,0x00000000800245E6] -> 0x00B5
[4687] [M]: 0x00000000800245E4 (0x00B50663) beq a0, a1, 12
mem[X,0x00000000800245E8] -> 0x0213
mem[X,0x00000000800245EA] -> 0x0022
[4688] [M]: 0x00000000800245E8 (0x00220213) addi tp, tp, 2
x4 <- 0x0000000000000002
mem[X,0x00000000800245EC] -> 0x006F
mem[X,0x00000000800245EE] -> 0x00C0
[4689] [M]: 0x00000000800245EC (0x00C0006F) jal zero, 12
mem[X,0x00000000800245F8] -> 0x3023
mem[X,0x00000000800245FA] -> 0x1641
[4690] [M]: 0x00000000800245F8 (0x16413023) sd tp, 352(sp)
mem[0x0000000080049B28] <- 0x0000000000000002
mem[X,0x00000000800245FC] -> 0x6537
mem[X,0x00000000800245FE] -> 0x6666
[4691] [M]: 0x00000000800245FC (0x66666537) lui a0, 419430
x10 <- 0x0000000066666000
mem[X,0x0000000080024600] -> 0x0513
mem[X,0x0000000080024602] -> 0x6665
[4692] [M]: 0x0000000080024600 (0x66650513) addi a0, a0, 1638
x10 <- 0x0000000066666666
mem[X,0x0000000080024604] -> 0x1513
mem[X,0x0000000080024606] -> 0x00B5
[4693] [M]: 0x0000000080024604 (0x00B51513) slli a0, a0, 11
x10 <- 0x0000033333333000
mem[X,0x0000000080024608] -> 0x0513
mem[X,0x000000008002460A] -> 0x3335
[4694] [M]: 0x0000000080024608 (0x33350513) addi a0, a0, 819
x10 <- 0x0000033333333333
mem[X,0x000000008002460C] -> 0x1513
mem[X,0x000000008002460E] -> 0x00B5
[4695] [M]: 0x000000008002460C (0x00B51513) slli a0, a0, 11
x10 <- 0x0019999999999800
mem[X,0x0000000080024610] -> 0x0513
mem[X,0x0000000080024612] -> 0x1995
[4696] [M]: 0x0000000080024610 (0x19950513) addi a0, a0, 409
x10 <- 0x0019999999999999
mem[X,0x0000000080024614] -> 0x1513
mem[X,0x0000000080024616] -> 0x00A5
[4697] [M]: 0x0000000080024614 (0x00A51513) slli a0, a0, 10
x10 <- 0x6666666666666400
mem[X,0x0000000080024618] -> 0x0513
mem[X,0x000000008002461A] -> 0x2665
[4698] [M]: 0x0000000080024618 (0x26650513) addi a0, a0, 614
x10 <- 0x6666666666666666
mem[X,0x000000008002461C] -> 0x65B7
mem[X,0x000000008002461E] -> 0x6666
[4699] [M]: 0x000000008002461C (0x666665B7) lui a1, 419430
x11 <- 0x0000000066666000
clint::tick mtime <- 0x000000000000002F
 clint timer pending at mtime 0x000000000000002F
htif::tick 0x0000000000000000
mem[X,0x0000000080024620] -> 0x8593
mem[X,0x0000000080024622] -> 0x6665
[4700] [M]: 0x0000000080024620 (0x66658593) addi a1, a1, 1638
x11 <- 0x0000000066666666
mem[X,0x0000000080024624] -> 0x9593
mem[X,0x0000000080024626] -> 0x00B5
[4701] [M]: 0x0000000080024624 (0x00B59593) slli a1, a1, 11
x11 <- 0x0000033333333000
mem[X,0x0000000080024628] -> 0x8593
mem[X,0x000000008002462A] -> 0x3335
[4702] [M]: 0x0000000080024628 (0x33358593) addi a1, a1, 819
x11 <- 0x0000033333333333
mem[X,0x000000008002462C] -> 0x9593
mem[X,0x000000008002462E] -> 0x00B5
[4703] [M]: 0x000000008002462C (0x00B59593) slli a1, a1, 11
x11 <- 0x0019999999999800
mem[X,0x0000000080024630] -> 0x8593
mem[X,0x0000000080024632] -> 0x1995
[4704] [M]: 0x0000000080024630 (0x19958593) addi a1, a1, 409
x11 <- 0x0019999999999999
mem[X,0x0000000080024634] -> 0x9593
mem[X,0x0000000080024636] -> 0x00A5
[4705] [M]: 0x0000000080024634 (0x00A59593) slli a1, a1, 10
x11 <- 0x6666666666666400
mem[X,0x0000000080024638] -> 0x8593
mem[X,0x000000008002463A] -> 0x2675
[4706] [M]: 0x0000000080024638 (0x26758593) addi a1, a1, 615
x11 <- 0x6666666666666667
mem[X,0x000000008002463C] -> 0x0213
mem[X,0x000000008002463E] -> 0x0000
[4707] [M]: 0x000000008002463C (0x00000213) addi tp, zero, 0
x4 <- 0x0000000000000000
mem[X,0x0000000080024640] -> 0x006F
mem[X,0x0000000080024642] -> 0x00C0
[4708] [M]: 0x0000000080024640 (0x00C0006F) jal zero, 12
mem[X,0x000000008002464C] -> 0x0663
mem[X,0x000000008002464E] -> 0x00B5
[4709] [M]: 0x000000008002464C (0x00B50663) beq a0, a1, 12
mem[X,0x0000000080024650] -> 0x0213
mem[X,0x0000000080024652] -> 0x0022
[4710] [M]: 0x0000000080024650 (0x00220213) addi tp, tp, 2
x4 <- 0x0000000000000002
mem[X,0x0000000080024654] -> 0x006F
mem[X,0x0000000080024656] -> 0x00C0
[4711] [M]: 0x0000000080024654 (0x00C0006F) jal zero, 12
mem[X,0x0000000080024660] -> 0x3423
mem[X,0x0000000080024662] -> 0x1641
[4712] [M]: 0x0000000080024660 (0x16413423) sd tp, 360(sp)
mem[0x0000000080049B30] <- 0x0000000000000002
mem[X,0x0000000080024664] -> 0x6537
mem[X,0x0000000080024666] -> 0x6666
[4713] [M]: 0x0000000080024664 (0x66666537) lui a0, 419430
x10 <- 0x0000000066666000
mem[X,0x0000000080024668] -> 0x0513
mem[X,0x000000008002466A] -> 0x6665
[4714] [M]: 0x0000000080024668 (0x66650513) addi a0, a0, 1638
x10 <- 0x0000000066666666
mem[X,0x000000008002466C] -> 0x1513
mem[X,0x000000008002466E] -> 0x00B5
[4715] [M]: 0x000000008002466C (0x00B51513) slli a0, a0, 11
x10 <- 0x0000033333333000
mem[X,0x0000000080024670] -> 0x0513
mem[X,0x0000000080024672] -> 0x3335
[4716] [M]: 0x0000000080024670 (0x33350513) addi a0, a0, 819
x10 <- 0x0000033333333333
mem[X,0x0000000080024674] -> 0x1513
mem[X,0x0000000080024676] -> 0x00B5
[4717] [M]: 0x0000000080024674 (0x00B51513) slli a0, a0, 11
x10 <- 0x0019999999999800
mem[X,0x0000000080024678] -> 0x0513
mem[X,0x000000008002467A] -> 0x1995
[4718] [M]: 0x0000000080024678 (0x19950513) addi a0, a0, 409
x10 <- 0x0019999999999999
mem[X,0x000000008002467C] -> 0x1513
mem[X,0x000000008002467E] -> 0x00A5
[4719] [M]: 0x000000008002467C (0x00A51513) slli a0, a0, 10
x10 <- 0x6666666666666400
mem[X,0x0000000080024680] -> 0x0513
mem[X,0x0000000080024682] -> 0x2665
[4720] [M]: 0x0000000080024680 (0x26650513) addi a0, a0, 614
x10 <- 0x6666666666666666
mem[X,0x0000000080024684] -> 0x05B7
mem[X,0x0000000080024686] -> 0x0000
[4721] [M]: 0x0000000080024684 (0x000005B7) lui a1, 0
x11 <- 0x0000000000000000
mem[X,0x0000000080024688] -> 0x8593
mem[X,0x000000008002468A] -> 0xFFF5
[4722] [M]: 0x0000000080024688 (0xFFF58593) addi a1, a1, 4095
x11 <- 0xFFFFFFFFFFFFFFFF
mem[X,0x000000008002468C] -> 0x9593
mem[X,0x000000008002468E] -> 0x00B5
[4723] [M]: 0x000000008002468C (0x00B59593) slli a1, a1, 11
x11 <- 0xFFFFFFFFFFFFF800
mem[X,0x0000000080024690] -> 0x8593
mem[X,0x0000000080024692] -> 0x2575
[4724] [M]: 0x0000000080024690 (0x25758593) addi a1, a1, 599
x11 <- 0xFFFFFFFFFFFFFA57
mem[X,0x0000000080024694] -> 0x9593
mem[X,0x0000000080024696] -> 0x00B5
[4725] [M]: 0x0000000080024694 (0x00B59593) slli a1, a1, 11
x11 <- 0xFFFFFFFFFFD2B800
mem[X,0x0000000080024698] -> 0x8593
mem[X,0x000000008002469A] -> 0x6C35
[4726] [M]: 0x0000000080024698 (0x6C358593) addi a1, a1, 1731
x11 <- 0xFFFFFFFFFFD2BEC3
mem[X,0x000000008002469C] -> 0x9593
mem[X,0x000000008002469E] -> 0x00A5
[4727] [M]: 0x000000008002469C (0x00A59593) slli a1, a1, 10
x11 <- 0xFFFFFFFF4AFB0C00
mem[X,0x00000000800246A0] -> 0x8593
mem[X,0x00000000800246A2] -> 0x0CE5
[4728] [M]: 0x00000000800246A0 (0x0CE58593) addi a1, a1, 206
x11 <- 0xFFFFFFFF4AFB0CCE
mem[X,0x00000000800246A4] -> 0x0213
mem[X,0x00000000800246A6] -> 0x0000
[4729] [M]: 0x00000000800246A4 (0x00000213) addi tp, zero, 0
x4 <- 0x0000000000000000
mem[X,0x00000000800246A8] -> 0x006F
mem[X,0x00000000800246AA] -> 0x00C0
[4730] [M]: 0x00000000800246A8 (0x00C0006F) jal zero, 12
mem[X,0x00000000800246B4] -> 0x0663
mem[X,0x00000000800246B6] -> 0x00B5
[4731] [M]: 0x00000000800246B4 (0x00B50663) beq a0, a1, 12
mem[X,0x00000000800246B8] -> 0x0213
mem[X,0x00000000800246BA] -> 0x0022
[4732] [M]: 0x00000000800246B8 (0x00220213) addi tp, tp, 2
x4 <- 0x0000000000000002
mem[X,0x00000000800246BC] -> 0x006F
mem[X,0x00000000800246BE] -> 0x00C0
[4733] [M]: 0x00000000800246BC (0x00C0006F) jal zero, 12
mem[X,0x00000000800246C8] -> 0x3823
mem[X,0x00000000800246CA] -> 0x1641
[4734] [M]: 0x00000000800246C8 (0x16413823) sd tp, 368(sp)
mem[0x0000000080049B38] <- 0x0000000000000002
mem[X,0x00000000800246CC] -> 0x6537
mem[X,0x00000000800246CE] -> 0x6666
[4735] [M]: 0x00000000800246CC (0x66666537) lui a0, 419430
x10 <- 0x0000000066666000
mem[X,0x00000000800246D0] -> 0x0513
mem[X,0x00000000800246D2] -> 0x6665
[4736] [M]: 0x00000000800246D0 (0x66650513) addi a0, a0, 1638
x10 <- 0x0000000066666666
mem[X,0x00000000800246D4] -> 0x1513
mem[X,0x00000000800246D6] -> 0x00B5
[4737] [M]: 0x00000000800246D4 (0x00B51513) slli a0, a0, 11
x10 <- 0x0000033333333000
mem[X,0x00000000800246D8] -> 0x0513
mem[X,0x00000000800246DA] -> 0x3335
[4738] [M]: 0x00000000800246D8 (0x33350513) addi a0, a0, 819
x10 <- 0x0000033333333333
mem[X,0x00000000800246DC] -> 0x1513
mem[X,0x00000000800246DE] -> 0x00B5
[4739] [M]: 0x00000000800246DC (0x00B51513) slli a0, a0, 11
x10 <- 0x0019999999999800
mem[X,0x00000000800246E0] -> 0x0513
mem[X,0x00000000800246E2] -> 0x1995
[4740] [M]: 0x00000000800246E0 (0x19950513) addi a0, a0, 409
x10 <- 0x0019999999999999
mem[X,0x00000000800246E4] -> 0x1513
mem[X,0x00000000800246E6] -> 0x00A5
[4741] [M]: 0x00000000800246E4 (0x00A51513) slli a0, a0, 10
x10 <- 0x6666666666666400
mem[X,0x00000000800246E8] -> 0x0513
mem[X,0x00000000800246EA] -> 0x2665
[4742] [M]: 0x00000000800246E8 (0x26650513) addi a0, a0, 614
x10 <- 0x6666666666666666
mem[X,0x00000000800246EC] -> 0x05B7
mem[X,0x00000000800246EE] -> 0x0000
[4743] [M]: 0x00000000800246EC (0x000005B7) lui a1, 0
x11 <- 0x0000000000000000
mem[X,0x00000000800246F0] -> 0x8593
mem[X,0x00000000800246F2] -> 0x0005
[4744] [M]: 0x00000000800246F0 (0x00058593) addi a1, a1, 0
x11 <- 0x0000000000000000
mem[X,0x00000000800246F4] -> 0x9593
mem[X,0x00000000800246F6] -> 0x00B5
[4745] [M]: 0x00000000800246F4 (0x00B59593) slli a1, a1, 11
x11 <- 0x0000000000000000
mem[X,0x00000000800246F8] -> 0x8593
mem[X,0x00000000800246FA] -> 0x5A85
[4746] [M]: 0x00000000800246F8 (0x5A858593) addi a1, a1, 1448
x11 <- 0x00000000000005A8
mem[X,0x00000000800246FC] -> 0x9593
mem[X,0x00000000800246FE] -> 0x00B5
[4747] [M]: 0x00000000800246FC (0x00B59593) slli a1, a1, 11
x11 <- 0x00000000002D4000
mem[X,0x0000000080024700] -> 0x8593
mem[X,0x0000000080024702] -> 0x13C5
[4748] [M]: 0x0000000080024700 (0x13C58593) addi a1, a1, 316
x11 <- 0x00000000002D413C
mem[X,0x0000000080024704] -> 0x9593
mem[X,0x0000000080024706] -> 0x00A5
[4749] [M]: 0x0000000080024704 (0x00A59593) slli a1, a1, 10
x11 <- 0x00000000B504F000
mem[X,0x0000000080024708] -> 0x8593
mem[X,0x000000008002470A] -> 0x3345
[4750] [M]: 0x0000000080024708 (0x33458593) addi a1, a1, 820
x11 <- 0x00000000B504F334
mem[X,0x000000008002470C] -> 0x0213
mem[X,0x000000008002470E] -> 0x0000
[4751] [M]: 0x000000008002470C (0x00000213) addi tp, zero, 0
x4 <- 0x0000000000000000
mem[X,0x0000000080024710] -> 0x006F
mem[X,0x0000000080024712] -> 0x0100
[4752] [M]: 0x0000000080024710 (0x0100006F) jal zero, 16
mem[X,0x0000000080024720] -> 0x0AE3
mem[X,0x0000000080024722] -> 0xFEB5
[4753] [M]: 0x0000000080024720 (0xFEB50AE3) beq a0, a1, 8180
mem[X,0x0000000080024724] -> 0x0213
mem[X,0x0000000080024726] -> 0x0022
[4754] [M]: 0x0000000080024724 (0x00220213) addi tp, tp, 2
x4 <- 0x0000000000000002
mem[X,0x0000000080024728] -> 0x006F
mem[X,0x000000008002472A] -> 0x00C0
[4755] [M]: 0x0000000080024728 (0x00C0006F) jal zero, 12
mem[X,0x0000000080024734] -> 0x3C23
mem[X,0x0000000080024736] -> 0x1641
[4756] [M]: 0x0000000080024734 (0x16413C23) sd tp, 376(sp)
mem[0x0000000080049B40] <- 0x0000000000000002
mem[X,0x0000000080024738] -> 0x0537
mem[X,0x000000008002473A] -> 0x0000
[4757] [M]: 0x0000000080024738 (0x00000537) lui a0, 0
x10 <- 0x0000000000000000
mem[X,0x000000008002473C] -> 0x0513
mem[X,0x000000008002473E] -> 0xFFF5
[4758] [M]: 0x000000008002473C (0xFFF50513) addi a0, a0, 4095
x10 <- 0xFFFFFFFFFFFFFFFF
mem[X,0x0000000080024740] -> 0x1513
mem[X,0x0000000080024742] -> 0x00B5
[4759] [M]: 0x0000000080024740 (0x00B51513) slli a0, a0, 11
x10 <- 0xFFFFFFFFFFFFF800
mem[X,0x0000000080024744] -> 0x0513
mem[X,0x0000000080024746] -> 0x2575
[4760] [M]: 0x0000000080024744 (0x25750513) addi a0, a0, 599
x10 <- 0xFFFFFFFFFFFFFA57
mem[X,0x0000000080024748] -> 0x1513
mem[X,0x000000008002474A] -> 0x00B5
[4761] [M]: 0x0000000080024748 (0x00B51513) slli a0, a0, 11
x10 <- 0xFFFFFFFFFFD2B800
mem[X,0x000000008002474C] -> 0x0513
mem[X,0x000000008002474E] -> 0x6C35
[4762] [M]: 0x000000008002474C (0x6C350513) addi a0, a0, 1731
x10 <- 0xFFFFFFFFFFD2BEC3
mem[X,0x0000000080024750] -> 0x1513
mem[X,0x0000000080024752] -> 0x00A5
[4763] [M]: 0x0000000080024750 (0x00A51513) slli a0, a0, 10
x10 <- 0xFFFFFFFF4AFB0C00
mem[X,0x0000000080024754] -> 0x0513
mem[X,0x0000000080024756] -> 0x0CD5
[4764] [M]: 0x0000000080024754 (0x0CD50513) addi a0, a0, 205
x10 <- 0xFFFFFFFF4AFB0CCD
mem[X,0x0000000080024758] -> 0x0593
mem[X,0x000000008002475A] -> 0x0030
[4765] [M]: 0x0000000080024758 (0x00300593) addi a1, zero, 3
x11 <- 0x0000000000000003
mem[X,0x000000008002475C] -> 0x0213
mem[X,0x000000008002475E] -> 0x0000
[4766] [M]: 0x000000008002475C (0x00000213) addi tp, zero, 0
x4 <- 0x0000000000000000
mem[X,0x0000000080024760] -> 0x006F
mem[X,0x0000000080024762] -> 0x00C0
[4767] [M]: 0x0000000080024760 (0x00C0006F) jal zero, 12
mem[X,0x000000008002476C] -> 0x0063
mem[X,0x000000008002476E] -> 0x20B5
[4768] [M]: 0x000000008002476C (0x20B50063) beq a0, a1, 512
mem[X,0x0000000080024770] -> 0x0213
mem[X,0x0000000080024772] -> 0x0022
[4769] [M]: 0x0000000080024770 (0x00220213) addi tp, tp, 2
x4 <- 0x0000000000000002
mem[X,0x0000000080024774] -> 0x006F
mem[X,0x0000000080024776] -> 0x2000
[4770] [M]: 0x0000000080024774 (0x2000006F) jal zero, 512
mem[X,0x0000000080024974] -> 0x3023
mem[X,0x0000000080024976] -> 0x1841
[4771] [M]: 0x0000000080024974 (0x18413023) sd tp, 384(sp)
mem[0x0000000080049B48] <- 0x0000000000000002
mem[X,0x0000000080024978] -> 0x0537
mem[X,0x000000008002497A] -> 0x0000
[4772] [M]: 0x0000000080024978 (0x00000537) lui a0, 0
x10 <- 0x0000000000000000
mem[X,0x000000008002497C] -> 0x0513
mem[X,0x000000008002497E] -> 0xFFF5
[4773] [M]: 0x000000008002497C (0xFFF50513) addi a0, a0, 4095
x10 <- 0xFFFFFFFFFFFFFFFF
mem[X,0x0000000080024980] -> 0x1513
mem[X,0x0000000080024982] -> 0x00B5
[4774] [M]: 0x0000000080024980 (0x00B51513) slli a0, a0, 11
x10 <- 0xFFFFFFFFFFFFF800
mem[X,0x0000000080024984] -> 0x0513
mem[X,0x0000000080024986] -> 0x2575
[4775] [M]: 0x0000000080024984 (0x25750513) addi a0, a0, 599
x10 <- 0xFFFFFFFFFFFFFA57
mem[X,0x0000000080024988] -> 0x1513
mem[X,0x000000008002498A] -> 0x00B5
[4776] [M]: 0x0000000080024988 (0x00B51513) slli a0, a0, 11
x10 <- 0xFFFFFFFFFFD2B800
mem[X,0x000000008002498C] -> 0x0513
mem[X,0x000000008002498E] -> 0x6C35
[4777] [M]: 0x000000008002498C (0x6C350513) addi a0, a0, 1731
x10 <- 0xFFFFFFFFFFD2BEC3
mem[X,0x0000000080024990] -> 0x1513
mem[X,0x0000000080024992] -> 0x00A5
[4778] [M]: 0x0000000080024990 (0x00A51513) slli a0, a0, 10
x10 <- 0xFFFFFFFF4AFB0C00
mem[X,0x0000000080024994] -> 0x0513
mem[X,0x0000000080024996] -> 0x0CD5
[4779] [M]: 0x0000000080024994 (0x0CD50513) addi a0, a0, 205
x10 <- 0xFFFFFFFF4AFB0CCD
mem[X,0x0000000080024998] -> 0x55B7
mem[X,0x000000008002499A] -> 0x5555
[4780] [M]: 0x0000000080024998 (0x555555B7) lui a1, 349525
x11 <- 0x0000000055555000
mem[X,0x000000008002499C] -> 0x8593
mem[X,0x000000008002499E] -> 0x5555
[4781] [M]: 0x000000008002499C (0x55558593) addi a1, a1, 1365
x11 <- 0x0000000055555555
mem[X,0x00000000800249A0] -> 0x9593
mem[X,0x00000000800249A2] -> 0x00B5
[4782] [M]: 0x00000000800249A0 (0x00B59593) slli a1, a1, 11
x11 <- 0x000002AAAAAAA800
mem[X,0x00000000800249A4] -> 0x8593
mem[X,0x00000000800249A6] -> 0x2AA5
[4783] [M]: 0x00000000800249A4 (0x2AA58593) addi a1, a1, 682
x11 <- 0x000002AAAAAAAAAA
mem[X,0x00000000800249A8] -> 0x9593
mem[X,0x00000000800249AA] -> 0x00B5
[4784] [M]: 0x00000000800249A8 (0x00B59593) slli a1, a1, 11
x11 <- 0x0015555555555000
mem[X,0x00000000800249AC] -> 0x8593
mem[X,0x00000000800249AE] -> 0x5555
[4785] [M]: 0x00000000800249AC (0x55558593) addi a1, a1, 1365
x11 <- 0x0015555555555555
mem[X,0x00000000800249B0] -> 0x9593
mem[X,0x00000000800249B2] -> 0x00A5
[4786] [M]: 0x00000000800249B0 (0x00A59593) slli a1, a1, 10
x11 <- 0x5555555555555400
mem[X,0x00000000800249B4] -> 0x8593
mem[X,0x00000000800249B6] -> 0x1555
[4787] [M]: 0x00000000800249B4 (0x15558593) addi a1, a1, 341
x11 <- 0x5555555555555555
mem[X,0x00000000800249B8] -> 0x0213
mem[X,0x00000000800249BA] -> 0x0000
[4788] [M]: 0x00000000800249B8 (0x00000213) addi tp, zero, 0
x4 <- 0x0000000000000000
mem[X,0x00000000800249BC] -> 0x006F
mem[X,0x00000000800249BE] -> 0x00C0
[4789] [M]: 0x00000000800249BC (0x00C0006F) jal zero, 12
mem[X,0x00000000800249C8] -> 0x0663
mem[X,0x00000000800249CA] -> 0x00B5
[4790] [M]: 0x00000000800249C8 (0x00B50663) beq a0, a1, 12
mem[X,0x00000000800249CC] -> 0x0213
mem[X,0x00000000800249CE] -> 0x0022
[4791] [M]: 0x00000000800249CC (0x00220213) addi tp, tp, 2
x4 <- 0x0000000000000002
mem[X,0x00000000800249D0] -> 0x006F
mem[X,0x00000000800249D2] -> 0x00C0
[4792] [M]: 0x00000000800249D0 (0x00C0006F) jal zero, 12
mem[X,0x00000000800249DC] -> 0x3423
mem[X,0x00000000800249DE] -> 0x1841
[4793] [M]: 0x00000000800249DC (0x18413423) sd tp, 392(sp)
mem[0x0000000080049B50] <- 0x0000000000000002
mem[X,0x00000000800249E0] -> 0x0537
mem[X,0x00000000800249E2] -> 0x0000
[4794] [M]: 0x00000000800249E0 (0x00000537) lui a0, 0
x10 <- 0x0000000000000000
mem[X,0x00000000800249E4] -> 0x0513
mem[X,0x00000000800249E6] -> 0xFFF5
[4795] [M]: 0x00000000800249E4 (0xFFF50513) addi a0, a0, 4095
x10 <- 0xFFFFFFFFFFFFFFFF
mem[X,0x00000000800249E8] -> 0x1513
mem[X,0x00000000800249EA] -> 0x00B5
[4796] [M]: 0x00000000800249E8 (0x00B51513) slli a0, a0, 11
x10 <- 0xFFFFFFFFFFFFF800
mem[X,0x00000000800249EC] -> 0x0513
mem[X,0x00000000800249EE] -> 0x2575
[4797] [M]: 0x00000000800249EC (0x25750513) addi a0, a0, 599
x10 <- 0xFFFFFFFFFFFFFA57
mem[X,0x00000000800249F0] -> 0x1513
mem[X,0x00000000800249F2] -> 0x00B5
[4798] [M]: 0x00000000800249F0 (0x00B51513) slli a0, a0, 11
x10 <- 0xFFFFFFFFFFD2B800
mem[X,0x00000000800249F4] -> 0x0513
mem[X,0x00000000800249F6] -> 0x6C35
[4799] [M]: 0x00000000800249F4 (0x6C350513) addi a0, a0, 1731
x10 <- 0xFFFFFFFFFFD2BEC3
clint::tick mtime <- 0x0000000000000030
 clint timer pending at mtime 0x0000000000000030
htif::tick 0x0000000000000000
mem[X,0x00000000800249F8] -> 0x1513
mem[X,0x00000000800249FA] -> 0x00A5
[4800] [M]: 0x00000000800249F8 (0x00A51513) slli a0, a0, 10
x10 <- 0xFFFFFFFF4AFB0C00
mem[X,0x00000000800249FC] -> 0x0513
mem[X,0x00000000800249FE] -> 0x0CD5
[4801] [M]: 0x00000000800249FC (0x0CD50513) addi a0, a0, 205
x10 <- 0xFFFFFFFF4AFB0CCD
mem[X,0x0000000080024A00] -> 0xB5B7
mem[X,0x0000000080024A02] -> 0xAAAA
[4802] [M]: 0x0000000080024A00 (0xAAAAB5B7) lui a1, 699051
x11 <- 0xFFFFFFFFAAAAB000
mem[X,0x0000000080024A04] -> 0x8593
mem[X,0x0000000080024A06] -> 0xAAA5
[4803] [M]: 0x0000000080024A04 (0xAAA58593) addi a1, a1, 2730
x11 <- 0xFFFFFFFFAAAAAAAA
mem[X,0x0000000080024A08] -> 0x9593
mem[X,0x0000000080024A0A] -> 0x00B5
[4804] [M]: 0x0000000080024A08 (0x00B59593) slli a1, a1, 11
x11 <- 0xFFFFFD5555555000
mem[X,0x0000000080024A0C] -> 0x8593
mem[X,0x0000000080024A0E] -> 0x5555
[4805] [M]: 0x0000000080024A0C (0x55558593) addi a1, a1, 1365
x11 <- 0xFFFFFD5555555555
mem[X,0x0000000080024A10] -> 0x9593
mem[X,0x0000000080024A12] -> 0x00B5
[4806] [M]: 0x0000000080024A10 (0x00B59593) slli a1, a1, 11
x11 <- 0xFFEAAAAAAAAAA800
mem[X,0x0000000080024A14] -> 0x8593
mem[X,0x0000000080024A16] -> 0x2AA5
[4807] [M]: 0x0000000080024A14 (0x2AA58593) addi a1, a1, 682
x11 <- 0xFFEAAAAAAAAAAAAA
mem[X,0x0000000080024A18] -> 0x9593
mem[X,0x0000000080024A1A] -> 0x00A5
[4808] [M]: 0x0000000080024A18 (0x00A59593) slli a1, a1, 10
x11 <- 0xAAAAAAAAAAAAA800
mem[X,0x0000000080024A1C] -> 0x8593
mem[X,0x0000000080024A1E] -> 0x2AA5
[4809] [M]: 0x0000000080024A1C (0x2AA58593) addi a1, a1, 682
x11 <- 0xAAAAAAAAAAAAAAAA
mem[X,0x0000000080024A20] -> 0x0213
mem[X,0x0000000080024A22] -> 0x0000
[4810] [M]: 0x0000000080024A20 (0x00000213) addi tp, zero, 0
x4 <- 0x0000000000000000
mem[X,0x0000000080024A24] -> 0x006F
mem[X,0x0000000080024A26] -> 0x0140
[4811] [M]: 0x0000000080024A24 (0x0140006F) jal zero, 20
mem[X,0x0000000080024A38] -> 0x08E3
mem[X,0x0000000080024A3A] -> 0xFEB5
[4812] [M]: 0x0000000080024A38 (0xFEB508E3) beq a0, a1, 8176
mem[X,0x0000000080024A3C] -> 0x0213
mem[X,0x0000000080024A3E] -> 0x0022
[4813] [M]: 0x0000000080024A3C (0x00220213) addi tp, tp, 2
x4 <- 0x0000000000000002
mem[X,0x0000000080024A40] -> 0x006F
mem[X,0x0000000080024A42] -> 0x00C0
[4814] [M]: 0x0000000080024A40 (0x00C0006F) jal zero, 12
mem[X,0x0000000080024A4C] -> 0x3823
mem[X,0x0000000080024A4E] -> 0x1841
[4815] [M]: 0x0000000080024A4C (0x18413823) sd tp, 400(sp)
mem[0x0000000080049B58] <- 0x0000000000000002
mem[X,0x0000000080024A50] -> 0x0537
mem[X,0x0000000080024A52] -> 0x0000
[4816] [M]: 0x0000000080024A50 (0x00000537) lui a0, 0
x10 <- 0x0000000000000000
mem[X,0x0000000080024A54] -> 0x0513
mem[X,0x0000000080024A56] -> 0xFFF5
[4817] [M]: 0x0000000080024A54 (0xFFF50513) addi a0, a0, 4095
x10 <- 0xFFFFFFFFFFFFFFFF
mem[X,0x0000000080024A58] -> 0x1513
mem[X,0x0000000080024A5A] -> 0x00B5
[4818] [M]: 0x0000000080024A58 (0x00B51513) slli a0, a0, 11
x10 <- 0xFFFFFFFFFFFFF800
mem[X,0x0000000080024A5C] -> 0x0513
mem[X,0x0000000080024A5E] -> 0x2575
[4819] [M]: 0x0000000080024A5C (0x25750513) addi a0, a0, 599
x10 <- 0xFFFFFFFFFFFFFA57
mem[X,0x0000000080024A60] -> 0x1513
mem[X,0x0000000080024A62] -> 0x00B5
[4820] [M]: 0x0000000080024A60 (0x00B51513) slli a0, a0, 11
x10 <- 0xFFFFFFFFFFD2B800
mem[X,0x0000000080024A64] -> 0x0513
mem[X,0x0000000080024A66] -> 0x6C35
[4821] [M]: 0x0000000080024A64 (0x6C350513) addi a0, a0, 1731
x10 <- 0xFFFFFFFFFFD2BEC3
mem[X,0x0000000080024A68] -> 0x1513
mem[X,0x0000000080024A6A] -> 0x00A5
[4822] [M]: 0x0000000080024A68 (0x00A51513) slli a0, a0, 10
x10 <- 0xFFFFFFFF4AFB0C00
mem[X,0x0000000080024A6C] -> 0x0513
mem[X,0x0000000080024A6E] -> 0x0CD5
[4823] [M]: 0x0000000080024A6C (0x0CD50513) addi a0, a0, 205
x10 <- 0xFFFFFFFF4AFB0CCD
mem[X,0x0000000080024A70] -> 0x0593
mem[X,0x0000000080024A72] -> 0x0050
[4824] [M]: 0x0000000080024A70 (0x00500593) addi a1, zero, 5
x11 <- 0x0000000000000005
mem[X,0x0000000080024A74] -> 0x0213
mem[X,0x0000000080024A76] -> 0x0000
[4825] [M]: 0x0000000080024A74 (0x00000213) addi tp, zero, 0
x4 <- 0x0000000000000000
mem[X,0x0000000080024A78] -> 0x006F
mem[X,0x0000000080024A7A] -> 0x00C0
[4826] [M]: 0x0000000080024A78 (0x00C0006F) jal zero, 12
mem[X,0x0000000080024A84] -> 0x0863
mem[X,0x0000000080024A86] -> 0x00B5
[4827] [M]: 0x0000000080024A84 (0x00B50863) beq a0, a1, 16
mem[X,0x0000000080024A88] -> 0x0213
mem[X,0x0000000080024A8A] -> 0x0022
[4828] [M]: 0x0000000080024A88 (0x00220213) addi tp, tp, 2
x4 <- 0x0000000000000002
mem[X,0x0000000080024A8C] -> 0x006F
mem[X,0x0000000080024A8E] -> 0x0100
[4829] [M]: 0x0000000080024A8C (0x0100006F) jal zero, 16
mem[X,0x0000000080024A9C] -> 0x3C23
mem[X,0x0000000080024A9E] -> 0x1841
[4830] [M]: 0x0000000080024A9C (0x18413C23) sd tp, 408(sp)
mem[0x0000000080049B60] <- 0x0000000000000002
mem[X,0x0000000080024AA0] -> 0x0537
mem[X,0x0000000080024AA2] -> 0x0000
[4831] [M]: 0x0000000080024AA0 (0x00000537) lui a0, 0
x10 <- 0x0000000000000000
mem[X,0x0000000080024AA4] -> 0x0513
mem[X,0x0000000080024AA6] -> 0xFFF5
[4832] [M]: 0x0000000080024AA4 (0xFFF50513) addi a0, a0, 4095
x10 <- 0xFFFFFFFFFFFFFFFF
mem[X,0x0000000080024AA8] -> 0x1513
mem[X,0x0000000080024AAA] -> 0x00B5
[4833] [M]: 0x0000000080024AA8 (0x00B51513) slli a0, a0, 11
x10 <- 0xFFFFFFFFFFFFF800
mem[X,0x0000000080024AAC] -> 0x0513
mem[X,0x0000000080024AAE] -> 0x2575
[4834] [M]: 0x0000000080024AAC (0x25750513) addi a0, a0, 599
x10 <- 0xFFFFFFFFFFFFFA57
mem[X,0x0000000080024AB0] -> 0x1513
mem[X,0x0000000080024AB2] -> 0x00B5
[4835] [M]: 0x0000000080024AB0 (0x00B51513) slli a0, a0, 11
x10 <- 0xFFFFFFFFFFD2B800
mem[X,0x0000000080024AB4] -> 0x0513
mem[X,0x0000000080024AB6] -> 0x6C35
[4836] [M]: 0x0000000080024AB4 (0x6C350513) addi a0, a0, 1731
x10 <- 0xFFFFFFFFFFD2BEC3
mem[X,0x0000000080024AB8] -> 0x1513
mem[X,0x0000000080024ABA] -> 0x00A5
[4837] [M]: 0x0000000080024AB8 (0x00A51513) slli a0, a0, 10
x10 <- 0xFFFFFFFF4AFB0C00
mem[X,0x0000000080024ABC] -> 0x0513
mem[X,0x0000000080024ABE] -> 0x0CD5
[4838] [M]: 0x0000000080024ABC (0x0CD50513) addi a0, a0, 205
x10 <- 0xFFFFFFFF4AFB0CCD
mem[X,0x0000000080024AC0] -> 0x35B7
mem[X,0x0000000080024AC2] -> 0x3333
[4839] [M]: 0x0000000080024AC0 (0x333335B7) lui a1, 209715
x11 <- 0x0000000033333000
mem[X,0x0000000080024AC4] -> 0x8593
mem[X,0x0000000080024AC6] -> 0x3335
[4840] [M]: 0x0000000080024AC4 (0x33358593) addi a1, a1, 819
x11 <- 0x0000000033333333
mem[X,0x0000000080024AC8] -> 0x9593
mem[X,0x0000000080024ACA] -> 0x00B5
[4841] [M]: 0x0000000080024AC8 (0x00B59593) slli a1, a1, 11
x11 <- 0x0000019999999800
mem[X,0x0000000080024ACC] -> 0x8593
mem[X,0x0000000080024ACE] -> 0x1995
[4842] [M]: 0x0000000080024ACC (0x19958593) addi a1, a1, 409
x11 <- 0x0000019999999999
mem[X,0x0000000080024AD0] -> 0x9593
mem[X,0x0000000080024AD2] -> 0x00B5
[4843] [M]: 0x0000000080024AD0 (0x00B59593) slli a1, a1, 11
x11 <- 0x000CCCCCCCCCC800
mem[X,0x0000000080024AD4] -> 0x8593
mem[X,0x0000000080024AD6] -> 0x4CC5
[4844] [M]: 0x0000000080024AD4 (0x4CC58593) addi a1, a1, 1228
x11 <- 0x000CCCCCCCCCCCCC
mem[X,0x0000000080024AD8] -> 0x9593
mem[X,0x0000000080024ADA] -> 0x00A5
[4845] [M]: 0x0000000080024AD8 (0x00A59593) slli a1, a1, 10
x11 <- 0x3333333333333000
mem[X,0x0000000080024ADC] -> 0x8593
mem[X,0x0000000080024ADE] -> 0x3335
[4846] [M]: 0x0000000080024ADC (0x33358593) addi a1, a1, 819
x11 <- 0x3333333333333333
mem[X,0x0000000080024AE0] -> 0x0213
mem[X,0x0000000080024AE2] -> 0x0000
[4847] [M]: 0x0000000080024AE0 (0x00000213) addi tp, zero, 0
x4 <- 0x0000000000000000
mem[X,0x0000000080024AE4] -> 0x006F
mem[X,0x0000000080024AE6] -> 0x00C0
[4848] [M]: 0x0000000080024AE4 (0x00C0006F) jal zero, 12
mem[X,0x0000000080024AF0] -> 0x0663
mem[X,0x0000000080024AF2] -> 0x00B5
[4849] [M]: 0x0000000080024AF0 (0x00B50663) beq a0, a1, 12
mem[X,0x0000000080024AF4] -> 0x0213
mem[X,0x0000000080024AF6] -> 0x0022
[4850] [M]: 0x0000000080024AF4 (0x00220213) addi tp, tp, 2
x4 <- 0x0000000000000002
mem[X,0x0000000080024AF8] -> 0x006F
mem[X,0x0000000080024AFA] -> 0x00C0
[4851] [M]: 0x0000000080024AF8 (0x00C0006F) jal zero, 12
mem[X,0x0000000080024B04] -> 0x3023
mem[X,0x0000000080024B06] -> 0x1A41
[4852] [M]: 0x0000000080024B04 (0x1A413023) sd tp, 416(sp)
mem[0x0000000080049B68] <- 0x0000000000000002
mem[X,0x0000000080024B08] -> 0x0537
mem[X,0x0000000080024B0A] -> 0x0000
[4853] [M]: 0x0000000080024B08 (0x00000537) lui a0, 0
x10 <- 0x0000000000000000
mem[X,0x0000000080024B0C] -> 0x0513
mem[X,0x0000000080024B0E] -> 0xFFF5
[4854] [M]: 0x0000000080024B0C (0xFFF50513) addi a0, a0, 4095
x10 <- 0xFFFFFFFFFFFFFFFF
mem[X,0x0000000080024B10] -> 0x1513
mem[X,0x0000000080024B12] -> 0x00B5
[4855] [M]: 0x0000000080024B10 (0x00B51513) slli a0, a0, 11
x10 <- 0xFFFFFFFFFFFFF800
mem[X,0x0000000080024B14] -> 0x0513
mem[X,0x0000000080024B16] -> 0x2575
[4856] [M]: 0x0000000080024B14 (0x25750513) addi a0, a0, 599
x10 <- 0xFFFFFFFFFFFFFA57
mem[X,0x0000000080024B18] -> 0x1513
mem[X,0x0000000080024B1A] -> 0x00B5
[4857] [M]: 0x0000000080024B18 (0x00B51513) slli a0, a0, 11
x10 <- 0xFFFFFFFFFFD2B800
mem[X,0x0000000080024B1C] -> 0x0513
mem[X,0x0000000080024B1E] -> 0x6C35
[4858] [M]: 0x0000000080024B1C (0x6C350513) addi a0, a0, 1731
x10 <- 0xFFFFFFFFFFD2BEC3
mem[X,0x0000000080024B20] -> 0x1513
mem[X,0x0000000080024B22] -> 0x00A5
[4859] [M]: 0x0000000080024B20 (0x00A51513) slli a0, a0, 10
x10 <- 0xFFFFFFFF4AFB0C00
mem[X,0x0000000080024B24] -> 0x0513
mem[X,0x0000000080024B26] -> 0x0CD5
[4860] [M]: 0x0000000080024B24 (0x0CD50513) addi a0, a0, 205
x10 <- 0xFFFFFFFF4AFB0CCD
mem[X,0x0000000080024B28] -> 0x65B7
mem[X,0x0000000080024B2A] -> 0x6666
[4861] [M]: 0x0000000080024B28 (0x666665B7) lui a1, 419430
x11 <- 0x0000000066666000
mem[X,0x0000000080024B2C] -> 0x8593
mem[X,0x0000000080024B2E] -> 0x6665
[4862] [M]: 0x0000000080024B2C (0x66658593) addi a1, a1, 1638
x11 <- 0x0000000066666666
mem[X,0x0000000080024B30] -> 0x9593
mem[X,0x0000000080024B32] -> 0x00B5
[4863] [M]: 0x0000000080024B30 (0x00B59593) slli a1, a1, 11
x11 <- 0x0000033333333000
mem[X,0x0000000080024B34] -> 0x8593
mem[X,0x0000000080024B36] -> 0x3335
[4864] [M]: 0x0000000080024B34 (0x33358593) addi a1, a1, 819
x11 <- 0x0000033333333333
mem[X,0x0000000080024B38] -> 0x9593
mem[X,0x0000000080024B3A] -> 0x00B5
[4865] [M]: 0x0000000080024B38 (0x00B59593) slli a1, a1, 11
x11 <- 0x0019999999999800
mem[X,0x0000000080024B3C] -> 0x8593
mem[X,0x0000000080024B3E] -> 0x1995
[4866] [M]: 0x0000000080024B3C (0x19958593) addi a1, a1, 409
x11 <- 0x0019999999999999
mem[X,0x0000000080024B40] -> 0x9593
mem[X,0x0000000080024B42] -> 0x00A5
[4867] [M]: 0x0000000080024B40 (0x00A59593) slli a1, a1, 10
x11 <- 0x6666666666666400
mem[X,0x0000000080024B44] -> 0x8593
mem[X,0x0000000080024B46] -> 0x2665
[4868] [M]: 0x0000000080024B44 (0x26658593) addi a1, a1, 614
x11 <- 0x6666666666666666
mem[X,0x0000000080024B48] -> 0x0213
mem[X,0x0000000080024B4A] -> 0x0000
[4869] [M]: 0x0000000080024B48 (0x00000213) addi tp, zero, 0
x4 <- 0x0000000000000000
mem[X,0x0000000080024B4C] -> 0x006F
mem[X,0x0000000080024B4E] -> 0x00C0
[4870] [M]: 0x0000000080024B4C (0x00C0006F) jal zero, 12
mem[X,0x0000000080024B58] -> 0x0CE3
mem[X,0x0000000080024B5A] -> 0xFEB5
[4871] [M]: 0x0000000080024B58 (0xFEB50CE3) beq a0, a1, 8184
mem[X,0x0000000080024B5C] -> 0x0213
mem[X,0x0000000080024B5E] -> 0x0022
[4872] [M]: 0x0000000080024B5C (0x00220213) addi tp, tp, 2
x4 <- 0x0000000000000002
mem[X,0x0000000080024B60] -> 0x006F
mem[X,0x0000000080024B62] -> 0x00C0
[4873] [M]: 0x0000000080024B60 (0x00C0006F) jal zero, 12
mem[X,0x0000000080024B6C] -> 0x3423
mem[X,0x0000000080024B6E] -> 0x1A41
[4874] [M]: 0x0000000080024B6C (0x1A413423) sd tp, 424(sp)
mem[0x0000000080049B70] <- 0x0000000000000002
mem[X,0x0000000080024B70] -> 0x0537
mem[X,0x0000000080024B72] -> 0x0000
[4875] [M]: 0x0000000080024B70 (0x00000537) lui a0, 0
x10 <- 0x0000000000000000
mem[X,0x0000000080024B74] -> 0x0513
mem[X,0x0000000080024B76] -> 0xFFF5
[4876] [M]: 0x0000000080024B74 (0xFFF50513) addi a0, a0, 4095
x10 <- 0xFFFFFFFFFFFFFFFF
mem[X,0x0000000080024B78] -> 0x1513
mem[X,0x0000000080024B7A] -> 0x00B5
[4877] [M]: 0x0000000080024B78 (0x00B51513) slli a0, a0, 11
x10 <- 0xFFFFFFFFFFFFF800
mem[X,0x0000000080024B7C] -> 0x0513
mem[X,0x0000000080024B7E] -> 0x2575
[4878] [M]: 0x0000000080024B7C (0x25750513) addi a0, a0, 599
x10 <- 0xFFFFFFFFFFFFFA57
mem[X,0x0000000080024B80] -> 0x1513
mem[X,0x0000000080024B82] -> 0x00B5
[4879] [M]: 0x0000000080024B80 (0x00B51513) slli a0, a0, 11
x10 <- 0xFFFFFFFFFFD2B800
mem[X,0x0000000080024B84] -> 0x0513
mem[X,0x0000000080024B86] -> 0x6C35
[4880] [M]: 0x0000000080024B84 (0x6C350513) addi a0, a0, 1731
x10 <- 0xFFFFFFFFFFD2BEC3
mem[X,0x0000000080024B88] -> 0x1513
mem[X,0x0000000080024B8A] -> 0x00A5
[4881] [M]: 0x0000000080024B88 (0x00A51513) slli a0, a0, 10
x10 <- 0xFFFFFFFF4AFB0C00
mem[X,0x0000000080024B8C] -> 0x0513
mem[X,0x0000000080024B8E] -> 0x0CD5
[4882] [M]: 0x0000000080024B8C (0x0CD50513) addi a0, a0, 205
x10 <- 0xFFFFFFFF4AFB0CCD
mem[X,0x0000000080024B90] -> 0x05B7
mem[X,0x0000000080024B92] -> 0x0000
[4883] [M]: 0x0000000080024B90 (0x000005B7) lui a1, 0
x11 <- 0x0000000000000000
mem[X,0x0000000080024B94] -> 0x8593
mem[X,0x0000000080024B96] -> 0x0005
[4884] [M]: 0x0000000080024B94 (0x00058593) addi a1, a1, 0
x11 <- 0x0000000000000000
mem[X,0x0000000080024B98] -> 0x9593
mem[X,0x0000000080024B9A] -> 0x00B5
[4885] [M]: 0x0000000080024B98 (0x00B59593) slli a1, a1, 11
x11 <- 0x0000000000000000
mem[X,0x0000000080024B9C] -> 0x8593
mem[X,0x0000000080024B9E] -> 0x5A85
[4886] [M]: 0x0000000080024B9C (0x5A858593) addi a1, a1, 1448
x11 <- 0x00000000000005A8
mem[X,0x0000000080024BA0] -> 0x9593
mem[X,0x0000000080024BA2] -> 0x00B5
[4887] [M]: 0x0000000080024BA0 (0x00B59593) slli a1, a1, 11
x11 <- 0x00000000002D4000
mem[X,0x0000000080024BA4] -> 0x8593
mem[X,0x0000000080024BA6] -> 0x13C5
[4888] [M]: 0x0000000080024BA4 (0x13C58593) addi a1, a1, 316
x11 <- 0x00000000002D413C
mem[X,0x0000000080024BA8] -> 0x9593
mem[X,0x0000000080024BAA] -> 0x00A5
[4889] [M]: 0x0000000080024BA8 (0x00A59593) slli a1, a1, 10
x11 <- 0x00000000B504F000
mem[X,0x0000000080024BAC] -> 0x8593
mem[X,0x0000000080024BAE] -> 0x3335
[4890] [M]: 0x0000000080024BAC (0x33358593) addi a1, a1, 819
x11 <- 0x00000000B504F333
mem[X,0x0000000080024BB0] -> 0x0213
mem[X,0x0000000080024BB2] -> 0x0000
[4891] [M]: 0x0000000080024BB0 (0x00000213) addi tp, zero, 0
x4 <- 0x0000000000000000
mem[X,0x0000000080024BB4] -> 0x006F
mem[X,0x0000000080024BB6] -> 0x00C0
[4892] [M]: 0x0000000080024BB4 (0x00C0006F) jal zero, 12
mem[X,0x0000000080024BC0] -> 0x0063
mem[X,0x0000000080024BC2] -> 0x08B5
[4893] [M]: 0x0000000080024BC0 (0x08B50063) beq a0, a1, 128
mem[X,0x0000000080024BC4] -> 0x0213
mem[X,0x0000000080024BC6] -> 0x0022
[4894] [M]: 0x0000000080024BC4 (0x00220213) addi tp, tp, 2
x4 <- 0x0000000000000002
mem[X,0x0000000080024BC8] -> 0x006F
mem[X,0x0000000080024BCA] -> 0x0800
[4895] [M]: 0x0000000080024BC8 (0x0800006F) jal zero, 128
mem[X,0x0000000080024C48] -> 0x3823
mem[X,0x0000000080024C4A] -> 0x1A41
[4896] [M]: 0x0000000080024C48 (0x1A413823) sd tp, 432(sp)
mem[0x0000000080049B78] <- 0x0000000000000002
mem[X,0x0000000080024C4C] -> 0x0537
mem[X,0x0000000080024C4E] -> 0x0000
[4897] [M]: 0x0000000080024C4C (0x00000537) lui a0, 0
x10 <- 0x0000000000000000
mem[X,0x0000000080024C50] -> 0x0513
mem[X,0x0000000080024C52] -> 0xFFF5
[4898] [M]: 0x0000000080024C50 (0xFFF50513) addi a0, a0, 4095
x10 <- 0xFFFFFFFFFFFFFFFF
mem[X,0x0000000080024C54] -> 0x1513
mem[X,0x0000000080024C56] -> 0x00B5
[4899] [M]: 0x0000000080024C54 (0x00B51513) slli a0, a0, 11
x10 <- 0xFFFFFFFFFFFFF800
clint::tick mtime <- 0x0000000000000031
 clint timer pending at mtime 0x0000000000000031
htif::tick 0x0000000000000000
mem[X,0x0000000080024C58] -> 0x0513
mem[X,0x0000000080024C5A] -> 0x2575
[4900] [M]: 0x0000000080024C58 (0x25750513) addi a0, a0, 599
x10 <- 0xFFFFFFFFFFFFFA57
mem[X,0x0000000080024C5C] -> 0x1513
mem[X,0x0000000080024C5E] -> 0x00B5
[4901] [M]: 0x0000000080024C5C (0x00B51513) slli a0, a0, 11
x10 <- 0xFFFFFFFFFFD2B800
mem[X,0x0000000080024C60] -> 0x0513
mem[X,0x0000000080024C62] -> 0x6C35
[4902] [M]: 0x0000000080024C60 (0x6C350513) addi a0, a0, 1731
x10 <- 0xFFFFFFFFFFD2BEC3
mem[X,0x0000000080024C64] -> 0x1513
mem[X,0x0000000080024C66] -> 0x00A5
[4903] [M]: 0x0000000080024C64 (0x00A51513) slli a0, a0, 10
x10 <- 0xFFFFFFFF4AFB0C00
mem[X,0x0000000080024C68] -> 0x0513
mem[X,0x0000000080024C6A] -> 0x0CD5
[4904] [M]: 0x0000000080024C68 (0x0CD50513) addi a0, a0, 205
x10 <- 0xFFFFFFFF4AFB0CCD
mem[X,0x0000000080024C6C] -> 0x0593
mem[X,0x0000000080024C6E] -> 0x0020
[4905] [M]: 0x0000000080024C6C (0x00200593) addi a1, zero, 2
x11 <- 0x0000000000000002
mem[X,0x0000000080024C70] -> 0x0213
mem[X,0x0000000080024C72] -> 0x0000
[4906] [M]: 0x0000000080024C70 (0x00000213) addi tp, zero, 0
x4 <- 0x0000000000000000
mem[X,0x0000000080024C74] -> 0x006F
mem[X,0x0000000080024C76] -> 0x00C0
[4907] [M]: 0x0000000080024C74 (0x00C0006F) jal zero, 12
mem[X,0x0000000080024C80] -> 0x0663
mem[X,0x0000000080024C82] -> 0x00B5
[4908] [M]: 0x0000000080024C80 (0x00B50663) beq a0, a1, 12
mem[X,0x0000000080024C84] -> 0x0213
mem[X,0x0000000080024C86] -> 0x0022
[4909] [M]: 0x0000000080024C84 (0x00220213) addi tp, tp, 2
x4 <- 0x0000000000000002
mem[X,0x0000000080024C88] -> 0x006F
mem[X,0x0000000080024C8A] -> 0x00C0
[4910] [M]: 0x0000000080024C88 (0x00C0006F) jal zero, 12
mem[X,0x0000000080024C94] -> 0x3C23
mem[X,0x0000000080024C96] -> 0x1A41
[4911] [M]: 0x0000000080024C94 (0x1A413C23) sd tp, 440(sp)
mem[0x0000000080049B80] <- 0x0000000000000002
mem[X,0x0000000080024C98] -> 0x0537
mem[X,0x0000000080024C9A] -> 0x0000
[4912] [M]: 0x0000000080024C98 (0x00000537) lui a0, 0
x10 <- 0x0000000000000000
mem[X,0x0000000080024C9C] -> 0x0513
mem[X,0x0000000080024C9E] -> 0xFFF5
[4913] [M]: 0x0000000080024C9C (0xFFF50513) addi a0, a0, 4095
x10 <- 0xFFFFFFFFFFFFFFFF
mem[X,0x0000000080024CA0] -> 0x1513
mem[X,0x0000000080024CA2] -> 0x00B5
[4914] [M]: 0x0000000080024CA0 (0x00B51513) slli a0, a0, 11
x10 <- 0xFFFFFFFFFFFFF800
mem[X,0x0000000080024CA4] -> 0x0513
mem[X,0x0000000080024CA6] -> 0x2575
[4915] [M]: 0x0000000080024CA4 (0x25750513) addi a0, a0, 599
x10 <- 0xFFFFFFFFFFFFFA57
mem[X,0x0000000080024CA8] -> 0x1513
mem[X,0x0000000080024CAA] -> 0x00B5
[4916] [M]: 0x0000000080024CA8 (0x00B51513) slli a0, a0, 11
x10 <- 0xFFFFFFFFFFD2B800
mem[X,0x0000000080024CAC] -> 0x0513
mem[X,0x0000000080024CAE] -> 0x6C35
[4917] [M]: 0x0000000080024CAC (0x6C350513) addi a0, a0, 1731
x10 <- 0xFFFFFFFFFFD2BEC3
mem[X,0x0000000080024CB0] -> 0x1513
mem[X,0x0000000080024CB2] -> 0x00A5
[4918] [M]: 0x0000000080024CB0 (0x00A51513) slli a0, a0, 10
x10 <- 0xFFFFFFFF4AFB0C00
mem[X,0x0000000080024CB4] -> 0x0513
mem[X,0x0000000080024CB6] -> 0x0CD5
[4919] [M]: 0x0000000080024CB4 (0x0CD50513) addi a0, a0, 205
x10 <- 0xFFFFFFFF4AFB0CCD
mem[X,0x0000000080024CB8] -> 0x55B7
mem[X,0x0000000080024CBA] -> 0x5555
[4920] [M]: 0x0000000080024CB8 (0x555555B7) lui a1, 349525
x11 <- 0x0000000055555000
mem[X,0x0000000080024CBC] -> 0x8593
mem[X,0x0000000080024CBE] -> 0x5555
[4921] [M]: 0x0000000080024CBC (0x55558593) addi a1, a1, 1365
x11 <- 0x0000000055555555
mem[X,0x0000000080024CC0] -> 0x9593
mem[X,0x0000000080024CC2] -> 0x00B5
[4922] [M]: 0x0000000080024CC0 (0x00B59593) slli a1, a1, 11
x11 <- 0x000002AAAAAAA800
mem[X,0x0000000080024CC4] -> 0x8593
mem[X,0x0000000080024CC6] -> 0x2AA5
[4923] [M]: 0x0000000080024CC4 (0x2AA58593) addi a1, a1, 682
x11 <- 0x000002AAAAAAAAAA
mem[X,0x0000000080024CC8] -> 0x9593
mem[X,0x0000000080024CCA] -> 0x00B5
[4924] [M]: 0x0000000080024CC8 (0x00B59593) slli a1, a1, 11
x11 <- 0x0015555555555000
mem[X,0x0000000080024CCC] -> 0x8593
mem[X,0x0000000080024CCE] -> 0x5555
[4925] [M]: 0x0000000080024CCC (0x55558593) addi a1, a1, 1365
x11 <- 0x0015555555555555
mem[X,0x0000000080024CD0] -> 0x9593
mem[X,0x0000000080024CD2] -> 0x00A5
[4926] [M]: 0x0000000080024CD0 (0x00A59593) slli a1, a1, 10
x11 <- 0x5555555555555400
mem[X,0x0000000080024CD4] -> 0x8593
mem[X,0x0000000080024CD6] -> 0x1545
[4927] [M]: 0x0000000080024CD4 (0x15458593) addi a1, a1, 340
x11 <- 0x5555555555555554
mem[X,0x0000000080024CD8] -> 0x0213
mem[X,0x0000000080024CDA] -> 0x0000
[4928] [M]: 0x0000000080024CD8 (0x00000213) addi tp, zero, 0
x4 <- 0x0000000000000000
mem[X,0x0000000080024CDC] -> 0x006F
mem[X,0x0000000080024CDE] -> 0x0100
[4929] [M]: 0x0000000080024CDC (0x0100006F) jal zero, 16
mem[X,0x0000000080024CEC] -> 0x0AE3
mem[X,0x0000000080024CEE] -> 0xFEB5
[4930] [M]: 0x0000000080024CEC (0xFEB50AE3) beq a0, a1, 8180
mem[X,0x0000000080024CF0] -> 0x0213
mem[X,0x0000000080024CF2] -> 0x0022
[4931] [M]: 0x0000000080024CF0 (0x00220213) addi tp, tp, 2
x4 <- 0x0000000000000002
mem[X,0x0000000080024CF4] -> 0x006F
mem[X,0x0000000080024CF6] -> 0x00C0
[4932] [M]: 0x0000000080024CF4 (0x00C0006F) jal zero, 12
mem[X,0x0000000080024D00] -> 0x3023
mem[X,0x0000000080024D02] -> 0x1C41
[4933] [M]: 0x0000000080024D00 (0x1C413023) sd tp, 448(sp)
mem[0x0000000080049B88] <- 0x0000000000000002
mem[X,0x0000000080024D04] -> 0x0537
mem[X,0x0000000080024D06] -> 0x0000
[4934] [M]: 0x0000000080024D04 (0x00000537) lui a0, 0
x10 <- 0x0000000000000000
mem[X,0x0000000080024D08] -> 0x0513
mem[X,0x0000000080024D0A] -> 0xFFF5
[4935] [M]: 0x0000000080024D08 (0xFFF50513) addi a0, a0, 4095
x10 <- 0xFFFFFFFFFFFFFFFF
mem[X,0x0000000080024D0C] -> 0x1513
mem[X,0x0000000080024D0E] -> 0x00B5
[4936] [M]: 0x0000000080024D0C (0x00B51513) slli a0, a0, 11
x10 <- 0xFFFFFFFFFFFFF800
mem[X,0x0000000080024D10] -> 0x0513
mem[X,0x0000000080024D12] -> 0x2575
[4937] [M]: 0x0000000080024D10 (0x25750513) addi a0, a0, 599
x10 <- 0xFFFFFFFFFFFFFA57
mem[X,0x0000000080024D14] -> 0x1513
mem[X,0x0000000080024D16] -> 0x00B5
[4938] [M]: 0x0000000080024D14 (0x00B51513) slli a0, a0, 11
x10 <- 0xFFFFFFFFFFD2B800
mem[X,0x0000000080024D18] -> 0x0513
mem[X,0x0000000080024D1A] -> 0x6C35
[4939] [M]: 0x0000000080024D18 (0x6C350513) addi a0, a0, 1731
x10 <- 0xFFFFFFFFFFD2BEC3
mem[X,0x0000000080024D1C] -> 0x1513
mem[X,0x0000000080024D1E] -> 0x00A5
[4940] [M]: 0x0000000080024D1C (0x00A51513) slli a0, a0, 10
x10 <- 0xFFFFFFFF4AFB0C00
mem[X,0x0000000080024D20] -> 0x0513
mem[X,0x0000000080024D22] -> 0x0CD5
[4941] [M]: 0x0000000080024D20 (0x0CD50513) addi a0, a0, 205
x10 <- 0xFFFFFFFF4AFB0CCD
mem[X,0x0000000080024D24] -> 0x0593
mem[X,0x0000000080024D26] -> 0x0000
[4942] [M]: 0x0000000080024D24 (0x00000593) addi a1, zero, 0
x11 <- 0x0000000000000000
mem[X,0x0000000080024D28] -> 0x0213
mem[X,0x0000000080024D2A] -> 0x0000
[4943] [M]: 0x0000000080024D28 (0x00000213) addi tp, zero, 0
x4 <- 0x0000000000000000
mem[X,0x0000000080024D2C] -> 0x006F
mem[X,0x0000000080024D2E] -> 0x00C0
[4944] [M]: 0x0000000080024D2C (0x00C0006F) jal zero, 12
mem[X,0x0000000080024D38] -> 0x0863
mem[X,0x0000000080024D3A] -> 0x00B5
[4945] [M]: 0x0000000080024D38 (0x00B50863) beq a0, a1, 16
mem[X,0x0000000080024D3C] -> 0x0213
mem[X,0x0000000080024D3E] -> 0x0022
[4946] [M]: 0x0000000080024D3C (0x00220213) addi tp, tp, 2
x4 <- 0x0000000000000002
mem[X,0x0000000080024D40] -> 0x006F
mem[X,0x0000000080024D42] -> 0x0100
[4947] [M]: 0x0000000080024D40 (0x0100006F) jal zero, 16
mem[X,0x0000000080024D50] -> 0x3423
mem[X,0x0000000080024D52] -> 0x1C41
[4948] [M]: 0x0000000080024D50 (0x1C413423) sd tp, 456(sp)
mem[0x0000000080049B90] <- 0x0000000000000002
mem[X,0x0000000080024D54] -> 0x0537
mem[X,0x0000000080024D56] -> 0x0000
[4949] [M]: 0x0000000080024D54 (0x00000537) lui a0, 0
x10 <- 0x0000000000000000
mem[X,0x0000000080024D58] -> 0x0513
mem[X,0x0000000080024D5A] -> 0xFFF5
[4950] [M]: 0x0000000080024D58 (0xFFF50513) addi a0, a0, 4095
x10 <- 0xFFFFFFFFFFFFFFFF
mem[X,0x0000000080024D5C] -> 0x1513
mem[X,0x0000000080024D5E] -> 0x00B5
[4951] [M]: 0x0000000080024D5C (0x00B51513) slli a0, a0, 11
x10 <- 0xFFFFFFFFFFFFF800
mem[X,0x0000000080024D60] -> 0x0513
mem[X,0x0000000080024D62] -> 0x2575
[4952] [M]: 0x0000000080024D60 (0x25750513) addi a0, a0, 599
x10 <- 0xFFFFFFFFFFFFFA57
mem[X,0x0000000080024D64] -> 0x1513
mem[X,0x0000000080024D66] -> 0x00B5
[4953] [M]: 0x0000000080024D64 (0x00B51513) slli a0, a0, 11
x10 <- 0xFFFFFFFFFFD2B800
mem[X,0x0000000080024D68] -> 0x0513
mem[X,0x0000000080024D6A] -> 0x6C35
[4954] [M]: 0x0000000080024D68 (0x6C350513) addi a0, a0, 1731
x10 <- 0xFFFFFFFFFFD2BEC3
mem[X,0x0000000080024D6C] -> 0x1513
mem[X,0x0000000080024D6E] -> 0x00A5
[4955] [M]: 0x0000000080024D6C (0x00A51513) slli a0, a0, 10
x10 <- 0xFFFFFFFF4AFB0C00
mem[X,0x0000000080024D70] -> 0x0513
mem[X,0x0000000080024D72] -> 0x0CD5
[4956] [M]: 0x0000000080024D70 (0x0CD50513) addi a0, a0, 205
x10 <- 0xFFFFFFFF4AFB0CCD
mem[X,0x0000000080024D74] -> 0x0593
mem[X,0x0000000080024D76] -> 0x0040
[4957] [M]: 0x0000000080024D74 (0x00400593) addi a1, zero, 4
x11 <- 0x0000000000000004
mem[X,0x0000000080024D78] -> 0x0213
mem[X,0x0000000080024D7A] -> 0x0000
[4958] [M]: 0x0000000080024D78 (0x00000213) addi tp, zero, 0
x4 <- 0x0000000000000000
mem[X,0x0000000080024D7C] -> 0x006F
mem[X,0x0000000080024D7E] -> 0x0140
[4959] [M]: 0x0000000080024D7C (0x0140006F) jal zero, 20
mem[X,0x0000000080024D90] -> 0x08E3
mem[X,0x0000000080024D92] -> 0xFEB5
[4960] [M]: 0x0000000080024D90 (0xFEB508E3) beq a0, a1, 8176
mem[X,0x0000000080024D94] -> 0x0213
mem[X,0x0000000080024D96] -> 0x0022
[4961] [M]: 0x0000000080024D94 (0x00220213) addi tp, tp, 2
x4 <- 0x0000000000000002
mem[X,0x0000000080024D98] -> 0x006F
mem[X,0x0000000080024D9A] -> 0x00C0
[4962] [M]: 0x0000000080024D98 (0x00C0006F) jal zero, 12
mem[X,0x0000000080024DA4] -> 0x3823
mem[X,0x0000000080024DA6] -> 0x1C41
[4963] [M]: 0x0000000080024DA4 (0x1C413823) sd tp, 464(sp)
mem[0x0000000080049B98] <- 0x0000000000000002
mem[X,0x0000000080024DA8] -> 0x0537
mem[X,0x0000000080024DAA] -> 0x0000
[4964] [M]: 0x0000000080024DA8 (0x00000537) lui a0, 0
x10 <- 0x0000000000000000
mem[X,0x0000000080024DAC] -> 0x0513
mem[X,0x0000000080024DAE] -> 0xFFF5
[4965] [M]: 0x0000000080024DAC (0xFFF50513) addi a0, a0, 4095
x10 <- 0xFFFFFFFFFFFFFFFF
mem[X,0x0000000080024DB0] -> 0x1513
mem[X,0x0000000080024DB2] -> 0x00B5
[4966] [M]: 0x0000000080024DB0 (0x00B51513) slli a0, a0, 11
x10 <- 0xFFFFFFFFFFFFF800
mem[X,0x0000000080024DB4] -> 0x0513
mem[X,0x0000000080024DB6] -> 0x2575
[4967] [M]: 0x0000000080024DB4 (0x25750513) addi a0, a0, 599
x10 <- 0xFFFFFFFFFFFFFA57
mem[X,0x0000000080024DB8] -> 0x1513
mem[X,0x0000000080024DBA] -> 0x00B5
[4968] [M]: 0x0000000080024DB8 (0x00B51513) slli a0, a0, 11
x10 <- 0xFFFFFFFFFFD2B800
mem[X,0x0000000080024DBC] -> 0x0513
mem[X,0x0000000080024DBE] -> 0x6C35
[4969] [M]: 0x0000000080024DBC (0x6C350513) addi a0, a0, 1731
x10 <- 0xFFFFFFFFFFD2BEC3
mem[X,0x0000000080024DC0] -> 0x1513
mem[X,0x0000000080024DC2] -> 0x00A5
[4970] [M]: 0x0000000080024DC0 (0x00A51513) slli a0, a0, 10
x10 <- 0xFFFFFFFF4AFB0C00
mem[X,0x0000000080024DC4] -> 0x0513
mem[X,0x0000000080024DC6] -> 0x0CD5
[4971] [M]: 0x0000000080024DC4 (0x0CD50513) addi a0, a0, 205
x10 <- 0xFFFFFFFF4AFB0CCD
mem[X,0x0000000080024DC8] -> 0x35B7
mem[X,0x0000000080024DCA] -> 0x3333
[4972] [M]: 0x0000000080024DC8 (0x333335B7) lui a1, 209715
x11 <- 0x0000000033333000
mem[X,0x0000000080024DCC] -> 0x8593
mem[X,0x0000000080024DCE] -> 0x3335
[4973] [M]: 0x0000000080024DCC (0x33358593) addi a1, a1, 819
x11 <- 0x0000000033333333
mem[X,0x0000000080024DD0] -> 0x9593
mem[X,0x0000000080024DD2] -> 0x00B5
[4974] [M]: 0x0000000080024DD0 (0x00B59593) slli a1, a1, 11
x11 <- 0x0000019999999800
mem[X,0x0000000080024DD4] -> 0x8593
mem[X,0x0000000080024DD6] -> 0x1995
[4975] [M]: 0x0000000080024DD4 (0x19958593) addi a1, a1, 409
x11 <- 0x0000019999999999
mem[X,0x0000000080024DD8] -> 0x9593
mem[X,0x0000000080024DDA] -> 0x00B5
[4976] [M]: 0x0000000080024DD8 (0x00B59593) slli a1, a1, 11
x11 <- 0x000CCCCCCCCCC800
mem[X,0x0000000080024DDC] -> 0x8593
mem[X,0x0000000080024DDE] -> 0x4CC5
[4977] [M]: 0x0000000080024DDC (0x4CC58593) addi a1, a1, 1228
x11 <- 0x000CCCCCCCCCCCCC
mem[X,0x0000000080024DE0] -> 0x9593
mem[X,0x0000000080024DE2] -> 0x00A5
[4978] [M]: 0x0000000080024DE0 (0x00A59593) slli a1, a1, 10
x11 <- 0x3333333333333000
mem[X,0x0000000080024DE4] -> 0x8593
mem[X,0x0000000080024DE6] -> 0x3325
[4979] [M]: 0x0000000080024DE4 (0x33258593) addi a1, a1, 818
x11 <- 0x3333333333333332
mem[X,0x0000000080024DE8] -> 0x0213
mem[X,0x0000000080024DEA] -> 0x0000
[4980] [M]: 0x0000000080024DE8 (0x00000213) addi tp, zero, 0
x4 <- 0x0000000000000000
mem[X,0x0000000080024DEC] -> 0x006F
mem[X,0x0000000080024DEE] -> 0x00C0
[4981] [M]: 0x0000000080024DEC (0x00C0006F) jal zero, 12
mem[X,0x0000000080024DF8] -> 0x0663
mem[X,0x0000000080024DFA] -> 0x00B5
[4982] [M]: 0x0000000080024DF8 (0x00B50663) beq a0, a1, 12
mem[X,0x0000000080024DFC] -> 0x0213
mem[X,0x0000000080024DFE] -> 0x0022
[4983] [M]: 0x0000000080024DFC (0x00220213) addi tp, tp, 2
x4 <- 0x0000000000000002
mem[X,0x0000000080024E00] -> 0x006F
mem[X,0x0000000080024E02] -> 0x00C0
[4984] [M]: 0x0000000080024E00 (0x00C0006F) jal zero, 12
mem[X,0x0000000080024E0C] -> 0x3C23
mem[X,0x0000000080024E0E] -> 0x1C41
[4985] [M]: 0x0000000080024E0C (0x1C413C23) sd tp, 472(sp)
mem[0x0000000080049BA0] <- 0x0000000000000002
mem[X,0x0000000080024E10] -> 0x0537
mem[X,0x0000000080024E12] -> 0x0000
[4986] [M]: 0x0000000080024E10 (0x00000537) lui a0, 0
x10 <- 0x0000000000000000
mem[X,0x0000000080024E14] -> 0x0513
mem[X,0x0000000080024E16] -> 0xFFF5
[4987] [M]: 0x0000000080024E14 (0xFFF50513) addi a0, a0, 4095
x10 <- 0xFFFFFFFFFFFFFFFF
mem[X,0x0000000080024E18] -> 0x1513
mem[X,0x0000000080024E1A] -> 0x00B5
[4988] [M]: 0x0000000080024E18 (0x00B51513) slli a0, a0, 11
x10 <- 0xFFFFFFFFFFFFF800
mem[X,0x0000000080024E1C] -> 0x0513
mem[X,0x0000000080024E1E] -> 0x2575
[4989] [M]: 0x0000000080024E1C (0x25750513) addi a0, a0, 599
x10 <- 0xFFFFFFFFFFFFFA57
mem[X,0x0000000080024E20] -> 0x1513
mem[X,0x0000000080024E22] -> 0x00B5
[4990] [M]: 0x0000000080024E20 (0x00B51513) slli a0, a0, 11
x10 <- 0xFFFFFFFFFFD2B800
mem[X,0x0000000080024E24] -> 0x0513
mem[X,0x0000000080024E26] -> 0x6C35
[4991] [M]: 0x0000000080024E24 (0x6C350513) addi a0, a0, 1731
x10 <- 0xFFFFFFFFFFD2BEC3
mem[X,0x0000000080024E28] -> 0x1513
mem[X,0x0000000080024E2A] -> 0x00A5
[4992] [M]: 0x0000000080024E28 (0x00A51513) slli a0, a0, 10
x10 <- 0xFFFFFFFF4AFB0C00
mem[X,0x0000000080024E2C] -> 0x0513
mem[X,0x0000000080024E2E] -> 0x0CD5
[4993] [M]: 0x0000000080024E2C (0x0CD50513) addi a0, a0, 205
x10 <- 0xFFFFFFFF4AFB0CCD
mem[X,0x0000000080024E30] -> 0x65B7
mem[X,0x0000000080024E32] -> 0x6666
[4994] [M]: 0x0000000080024E30 (0x666665B7) lui a1, 419430
x11 <- 0x0000000066666000
mem[X,0x0000000080024E34] -> 0x8593
mem[X,0x0000000080024E36] -> 0x6665
[4995] [M]: 0x0000000080024E34 (0x66658593) addi a1, a1, 1638
x11 <- 0x0000000066666666
mem[X,0x0000000080024E38] -> 0x9593
mem[X,0x0000000080024E3A] -> 0x00B5
[4996] [M]: 0x0000000080024E38 (0x00B59593) slli a1, a1, 11
x11 <- 0x0000033333333000
mem[X,0x0000000080024E3C] -> 0x8593
mem[X,0x0000000080024E3E] -> 0x3335
[4997] [M]: 0x0000000080024E3C (0x33358593) addi a1, a1, 819
x11 <- 0x0000033333333333
mem[X,0x0000000080024E40] -> 0x9593
mem[X,0x0000000080024E42] -> 0x00B5
[4998] [M]: 0x0000000080024E40 (0x00B59593) slli a1, a1, 11
x11 <- 0x0019999999999800
mem[X,0x0000000080024E44] -> 0x8593
mem[X,0x0000000080024E46] -> 0x1995
[4999] [M]: 0x0000000080024E44 (0x19958593) addi a1, a1, 409
x11 <- 0x0019999999999999
clint::tick mtime <- 0x0000000000000032
 clint timer pending at mtime 0x0000000000000032
htif::tick 0x0000000000000000
mem[X,0x0000000080024E48] -> 0x9593
mem[X,0x0000000080024E4A] -> 0x00A5
[5000] [M]: 0x0000000080024E48 (0x00A59593) slli a1, a1, 10
x11 <- 0x6666666666666400
mem[X,0x0000000080024E4C] -> 0x8593
mem[X,0x0000000080024E4E] -> 0x2655
[5001] [M]: 0x0000000080024E4C (0x26558593) addi a1, a1, 613
x11 <- 0x6666666666666665
mem[X,0x0000000080024E50] -> 0x0213
mem[X,0x0000000080024E52] -> 0x0000
[5002] [M]: 0x0000000080024E50 (0x00000213) addi tp, zero, 0
x4 <- 0x0000000000000000
mem[X,0x0000000080024E54] -> 0x006F
mem[X,0x0000000080024E56] -> 0x00C0
[5003] [M]: 0x0000000080024E54 (0x00C0006F) jal zero, 12
mem[X,0x0000000080024E60] -> 0x0CE3
mem[X,0x0000000080024E62] -> 0xFEB5
[5004] [M]: 0x0000000080024E60 (0xFEB50CE3) beq a0, a1, 8184
mem[X,0x0000000080024E64] -> 0x0213
mem[X,0x0000000080024E66] -> 0x0022
[5005] [M]: 0x0000000080024E64 (0x00220213) addi tp, tp, 2
x4 <- 0x0000000000000002
mem[X,0x0000000080024E68] -> 0x006F
mem[X,0x0000000080024E6A] -> 0x00C0
[5006] [M]: 0x0000000080024E68 (0x00C0006F) jal zero, 12
mem[X,0x0000000080024E74] -> 0x3023
mem[X,0x0000000080024E76] -> 0x1E41
[5007] [M]: 0x0000000080024E74 (0x1E413023) sd tp, 480(sp)
mem[0x0000000080049BA8] <- 0x0000000000000002
mem[X,0x0000000080024E78] -> 0x0537
mem[X,0x0000000080024E7A] -> 0x0000
[5008] [M]: 0x0000000080024E78 (0x00000537) lui a0, 0
x10 <- 0x0000000000000000
mem[X,0x0000000080024E7C] -> 0x0513
mem[X,0x0000000080024E7E] -> 0xFFF5
[5009] [M]: 0x0000000080024E7C (0xFFF50513) addi a0, a0, 4095
x10 <- 0xFFFFFFFFFFFFFFFF
mem[X,0x0000000080024E80] -> 0x1513
mem[X,0x0000000080024E82] -> 0x00B5
[5010] [M]: 0x0000000080024E80 (0x00B51513) slli a0, a0, 11
x10 <- 0xFFFFFFFFFFFFF800
mem[X,0x0000000080024E84] -> 0x0513
mem[X,0x0000000080024E86] -> 0x2575
[5011] [M]: 0x0000000080024E84 (0x25750513) addi a0, a0, 599
x10 <- 0xFFFFFFFFFFFFFA57
mem[X,0x0000000080024E88] -> 0x1513
mem[X,0x0000000080024E8A] -> 0x00B5
[5012] [M]: 0x0000000080024E88 (0x00B51513) slli a0, a0, 11
x10 <- 0xFFFFFFFFFFD2B800
mem[X,0x0000000080024E8C] -> 0x0513
mem[X,0x0000000080024E8E] -> 0x6C35
[5013] [M]: 0x0000000080024E8C (0x6C350513) addi a0, a0, 1731
x10 <- 0xFFFFFFFFFFD2BEC3
mem[X,0x0000000080024E90] -> 0x1513
mem[X,0x0000000080024E92] -> 0x00A5
[5014] [M]: 0x0000000080024E90 (0x00A51513) slli a0, a0, 10
x10 <- 0xFFFFFFFF4AFB0C00
mem[X,0x0000000080024E94] -> 0x0513
mem[X,0x0000000080024E96] -> 0x0CD5
[5015] [M]: 0x0000000080024E94 (0x0CD50513) addi a0, a0, 205
x10 <- 0xFFFFFFFF4AFB0CCD
mem[X,0x0000000080024E98] -> 0x05B7
mem[X,0x0000000080024E9A] -> 0x0000
[5016] [M]: 0x0000000080024E98 (0x000005B7) lui a1, 0
x11 <- 0x0000000000000000
mem[X,0x0000000080024E9C] -> 0x8593
mem[X,0x0000000080024E9E] -> 0x0005
[5017] [M]: 0x0000000080024E9C (0x00058593) addi a1, a1, 0
x11 <- 0x0000000000000000
mem[X,0x0000000080024EA0] -> 0x9593
mem[X,0x0000000080024EA2] -> 0x00B5
[5018] [M]: 0x0000000080024EA0 (0x00B59593) slli a1, a1, 11
x11 <- 0x0000000000000000
mem[X,0x0000000080024EA4] -> 0x8593
mem[X,0x0000000080024EA6] -> 0x5A85
[5019] [M]: 0x0000000080024EA4 (0x5A858593) addi a1, a1, 1448
x11 <- 0x00000000000005A8
mem[X,0x0000000080024EA8] -> 0x9593
mem[X,0x0000000080024EAA] -> 0x00B5
[5020] [M]: 0x0000000080024EA8 (0x00B59593) slli a1, a1, 11
x11 <- 0x00000000002D4000
mem[X,0x0000000080024EAC] -> 0x8593
mem[X,0x0000000080024EAE] -> 0x13C5
[5021] [M]: 0x0000000080024EAC (0x13C58593) addi a1, a1, 316
x11 <- 0x00000000002D413C
mem[X,0x0000000080024EB0] -> 0x9593
mem[X,0x0000000080024EB2] -> 0x00A5
[5022] [M]: 0x0000000080024EB0 (0x00A59593) slli a1, a1, 10
x11 <- 0x00000000B504F000
mem[X,0x0000000080024EB4] -> 0x8593
mem[X,0x0000000080024EB6] -> 0x3325
[5023] [M]: 0x0000000080024EB4 (0x33258593) addi a1, a1, 818
x11 <- 0x00000000B504F332
mem[X,0x0000000080024EB8] -> 0x0213
mem[X,0x0000000080024EBA] -> 0x0000
[5024] [M]: 0x0000000080024EB8 (0x00000213) addi tp, zero, 0
x4 <- 0x0000000000000000
mem[X,0x0000000080024EBC] -> 0x006F
mem[X,0x0000000080024EBE] -> 0x0140
[5025] [M]: 0x0000000080024EBC (0x0140006F) jal zero, 20
mem[X,0x0000000080024ED0] -> 0x08E3
mem[X,0x0000000080024ED2] -> 0xFEB5
[5026] [M]: 0x0000000080024ED0 (0xFEB508E3) beq a0, a1, 8176
mem[X,0x0000000080024ED4] -> 0x0213
mem[X,0x0000000080024ED6] -> 0x0022
[5027] [M]: 0x0000000080024ED4 (0x00220213) addi tp, tp, 2
x4 <- 0x0000000000000002
mem[X,0x0000000080024ED8] -> 0x006F
mem[X,0x0000000080024EDA] -> 0x00C0
[5028] [M]: 0x0000000080024ED8 (0x00C0006F) jal zero, 12
mem[X,0x0000000080024EE4] -> 0x3423
mem[X,0x0000000080024EE6] -> 0x1E41
[5029] [M]: 0x0000000080024EE4 (0x1E413423) sd tp, 488(sp)
mem[0x0000000080049BB0] <- 0x0000000000000002
mem[X,0x0000000080024EE8] -> 0x0537
mem[X,0x0000000080024EEA] -> 0x0000
[5030] [M]: 0x0000000080024EE8 (0x00000537) lui a0, 0
x10 <- 0x0000000000000000
mem[X,0x0000000080024EEC] -> 0x0513
mem[X,0x0000000080024EEE] -> 0xFFF5
[5031] [M]: 0x0000000080024EEC (0xFFF50513) addi a0, a0, 4095
x10 <- 0xFFFFFFFFFFFFFFFF
mem[X,0x0000000080024EF0] -> 0x1513
mem[X,0x0000000080024EF2] -> 0x00B5
[5032] [M]: 0x0000000080024EF0 (0x00B51513) slli a0, a0, 11
x10 <- 0xFFFFFFFFFFFFF800
mem[X,0x0000000080024EF4] -> 0x0513
mem[X,0x0000000080024EF6] -> 0x2575
[5033] [M]: 0x0000000080024EF4 (0x25750513) addi a0, a0, 599
x10 <- 0xFFFFFFFFFFFFFA57
mem[X,0x0000000080024EF8] -> 0x1513
mem[X,0x0000000080024EFA] -> 0x00B5
[5034] [M]: 0x0000000080024EF8 (0x00B51513) slli a0, a0, 11
x10 <- 0xFFFFFFFFFFD2B800
mem[X,0x0000000080024EFC] -> 0x0513
mem[X,0x0000000080024EFE] -> 0x6C35
[5035] [M]: 0x0000000080024EFC (0x6C350513) addi a0, a0, 1731
x10 <- 0xFFFFFFFFFFD2BEC3
mem[X,0x0000000080024F00] -> 0x1513
mem[X,0x0000000080024F02] -> 0x00A5
[5036] [M]: 0x0000000080024F00 (0x00A51513) slli a0, a0, 10
x10 <- 0xFFFFFFFF4AFB0C00
mem[X,0x0000000080024F04] -> 0x0513
mem[X,0x0000000080024F06] -> 0x0CD5
[5037] [M]: 0x0000000080024F04 (0x0CD50513) addi a0, a0, 205
x10 <- 0xFFFFFFFF4AFB0CCD
mem[X,0x0000000080024F08] -> 0x55B7
mem[X,0x0000000080024F0A] -> 0x5555
[5038] [M]: 0x0000000080024F08 (0x555555B7) lui a1, 349525
x11 <- 0x0000000055555000
mem[X,0x0000000080024F0C] -> 0x8593
mem[X,0x0000000080024F0E] -> 0x5555
[5039] [M]: 0x0000000080024F0C (0x55558593) addi a1, a1, 1365
x11 <- 0x0000000055555555
mem[X,0x0000000080024F10] -> 0x9593
mem[X,0x0000000080024F12] -> 0x00B5
[5040] [M]: 0x0000000080024F10 (0x00B59593) slli a1, a1, 11
x11 <- 0x000002AAAAAAA800
mem[X,0x0000000080024F14] -> 0x8593
mem[X,0x0000000080024F16] -> 0x2AA5
[5041] [M]: 0x0000000080024F14 (0x2AA58593) addi a1, a1, 682
x11 <- 0x000002AAAAAAAAAA
mem[X,0x0000000080024F18] -> 0x9593
mem[X,0x0000000080024F1A] -> 0x00B5
[5042] [M]: 0x0000000080024F18 (0x00B59593) slli a1, a1, 11
x11 <- 0x0015555555555000
mem[X,0x0000000080024F1C] -> 0x8593
mem[X,0x0000000080024F1E] -> 0x5555
[5043] [M]: 0x0000000080024F1C (0x55558593) addi a1, a1, 1365
x11 <- 0x0015555555555555
mem[X,0x0000000080024F20] -> 0x9593
mem[X,0x0000000080024F22] -> 0x00A5
[5044] [M]: 0x0000000080024F20 (0x00A59593) slli a1, a1, 10
x11 <- 0x5555555555555400
mem[X,0x0000000080024F24] -> 0x8593
mem[X,0x0000000080024F26] -> 0x1565
[5045] [M]: 0x0000000080024F24 (0x15658593) addi a1, a1, 342
x11 <- 0x5555555555555556
mem[X,0x0000000080024F28] -> 0x0213
mem[X,0x0000000080024F2A] -> 0x0000
[5046] [M]: 0x0000000080024F28 (0x00000213) addi tp, zero, 0
x4 <- 0x0000000000000000
mem[X,0x0000000080024F2C] -> 0x006F
mem[X,0x0000000080024F2E] -> 0x00C0
[5047] [M]: 0x0000000080024F2C (0x00C0006F) jal zero, 12
mem[X,0x0000000080024F38] -> 0x0663
mem[X,0x0000000080024F3A] -> 0x00B5
[5048] [M]: 0x0000000080024F38 (0x00B50663) beq a0, a1, 12
mem[X,0x0000000080024F3C] -> 0x0213
mem[X,0x0000000080024F3E] -> 0x0022
[5049] [M]: 0x0000000080024F3C (0x00220213) addi tp, tp, 2
x4 <- 0x0000000000000002
mem[X,0x0000000080024F40] -> 0x006F
mem[X,0x0000000080024F42] -> 0x00C0
[5050] [M]: 0x0000000080024F40 (0x00C0006F) jal zero, 12
mem[X,0x0000000080024F4C] -> 0x3823
mem[X,0x0000000080024F4E] -> 0x1E41
[5051] [M]: 0x0000000080024F4C (0x1E413823) sd tp, 496(sp)
mem[0x0000000080049BB8] <- 0x0000000000000002
mem[X,0x0000000080024F50] -> 0x0537
mem[X,0x0000000080024F52] -> 0x0000
[5052] [M]: 0x0000000080024F50 (0x00000537) lui a0, 0
x10 <- 0x0000000000000000
mem[X,0x0000000080024F54] -> 0x0513
mem[X,0x0000000080024F56] -> 0xFFF5
[5053] [M]: 0x0000000080024F54 (0xFFF50513) addi a0, a0, 4095
x10 <- 0xFFFFFFFFFFFFFFFF
mem[X,0x0000000080024F58] -> 0x1513
mem[X,0x0000000080024F5A] -> 0x00B5
[5054] [M]: 0x0000000080024F58 (0x00B51513) slli a0, a0, 11
x10 <- 0xFFFFFFFFFFFFF800
mem[X,0x0000000080024F5C] -> 0x0513
mem[X,0x0000000080024F5E] -> 0x2575
[5055] [M]: 0x0000000080024F5C (0x25750513) addi a0, a0, 599
x10 <- 0xFFFFFFFFFFFFFA57
mem[X,0x0000000080024F60] -> 0x1513
mem[X,0x0000000080024F62] -> 0x00B5
[5056] [M]: 0x0000000080024F60 (0x00B51513) slli a0, a0, 11
x10 <- 0xFFFFFFFFFFD2B800
mem[X,0x0000000080024F64] -> 0x0513
mem[X,0x0000000080024F66] -> 0x6C35
[5057] [M]: 0x0000000080024F64 (0x6C350513) addi a0, a0, 1731
x10 <- 0xFFFFFFFFFFD2BEC3
mem[X,0x0000000080024F68] -> 0x1513
mem[X,0x0000000080024F6A] -> 0x00A5
[5058] [M]: 0x0000000080024F68 (0x00A51513) slli a0, a0, 10
x10 <- 0xFFFFFFFF4AFB0C00
mem[X,0x0000000080024F6C] -> 0x0513
mem[X,0x0000000080024F6E] -> 0x0CD5
[5059] [M]: 0x0000000080024F6C (0x0CD50513) addi a0, a0, 205
x10 <- 0xFFFFFFFF4AFB0CCD
mem[X,0x0000000080024F70] -> 0xB5B7
mem[X,0x0000000080024F72] -> 0xAAAA
[5060] [M]: 0x0000000080024F70 (0xAAAAB5B7) lui a1, 699051
x11 <- 0xFFFFFFFFAAAAB000
mem[X,0x0000000080024F74] -> 0x8593
mem[X,0x0000000080024F76] -> 0xAAA5
[5061] [M]: 0x0000000080024F74 (0xAAA58593) addi a1, a1, 2730
x11 <- 0xFFFFFFFFAAAAAAAA
mem[X,0x0000000080024F78] -> 0x9593
mem[X,0x0000000080024F7A] -> 0x00B5
[5062] [M]: 0x0000000080024F78 (0x00B59593) slli a1, a1, 11
x11 <- 0xFFFFFD5555555000
mem[X,0x0000000080024F7C] -> 0x8593
mem[X,0x0000000080024F7E] -> 0x5555
[5063] [M]: 0x0000000080024F7C (0x55558593) addi a1, a1, 1365
x11 <- 0xFFFFFD5555555555
mem[X,0x0000000080024F80] -> 0x9593
mem[X,0x0000000080024F82] -> 0x00B5
[5064] [M]: 0x0000000080024F80 (0x00B59593) slli a1, a1, 11
x11 <- 0xFFEAAAAAAAAAA800
mem[X,0x0000000080024F84] -> 0x8593
mem[X,0x0000000080024F86] -> 0x2AA5
[5065] [M]: 0x0000000080024F84 (0x2AA58593) addi a1, a1, 682
x11 <- 0xFFEAAAAAAAAAAAAA
mem[X,0x0000000080024F88] -> 0x9593
mem[X,0x0000000080024F8A] -> 0x00A5
[5066] [M]: 0x0000000080024F88 (0x00A59593) slli a1, a1, 10
x11 <- 0xAAAAAAAAAAAAA800
mem[X,0x0000000080024F8C] -> 0x8593
mem[X,0x0000000080024F8E] -> 0x2AB5
[5067] [M]: 0x0000000080024F8C (0x2AB58593) addi a1, a1, 683
x11 <- 0xAAAAAAAAAAAAAAAB
mem[X,0x0000000080024F90] -> 0x0213
mem[X,0x0000000080024F92] -> 0x0000
[5068] [M]: 0x0000000080024F90 (0x00000213) addi tp, zero, 0
x4 <- 0x0000000000000000
mem[X,0x0000000080024F94] -> 0x006F
mem[X,0x0000000080024F96] -> 0x00C0
[5069] [M]: 0x0000000080024F94 (0x00C0006F) jal zero, 12
mem[X,0x0000000080024FA0] -> 0x0663
mem[X,0x0000000080024FA2] -> 0x00B5
[5070] [M]: 0x0000000080024FA0 (0x00B50663) beq a0, a1, 12
mem[X,0x0000000080024FA4] -> 0x0213
mem[X,0x0000000080024FA6] -> 0x0022
[5071] [M]: 0x0000000080024FA4 (0x00220213) addi tp, tp, 2
x4 <- 0x0000000000000002
mem[X,0x0000000080024FA8] -> 0x006F
mem[X,0x0000000080024FAA] -> 0x00C0
[5072] [M]: 0x0000000080024FA8 (0x00C0006F) jal zero, 12
mem[X,0x0000000080024FB4] -> 0x3C23
mem[X,0x0000000080024FB6] -> 0x1E41
[5073] [M]: 0x0000000080024FB4 (0x1E413C23) sd tp, 504(sp)
mem[0x0000000080049BC0] <- 0x0000000000000002
mem[X,0x0000000080024FB8] -> 0x0537
mem[X,0x0000000080024FBA] -> 0x0000
[5074] [M]: 0x0000000080024FB8 (0x00000537) lui a0, 0
x10 <- 0x0000000000000000
mem[X,0x0000000080024FBC] -> 0x0513
mem[X,0x0000000080024FBE] -> 0xFFF5
[5075] [M]: 0x0000000080024FBC (0xFFF50513) addi a0, a0, 4095
x10 <- 0xFFFFFFFFFFFFFFFF
mem[X,0x0000000080024FC0] -> 0x1513
mem[X,0x0000000080024FC2] -> 0x00B5
[5076] [M]: 0x0000000080024FC0 (0x00B51513) slli a0, a0, 11
x10 <- 0xFFFFFFFFFFFFF800
mem[X,0x0000000080024FC4] -> 0x0513
mem[X,0x0000000080024FC6] -> 0x2575
[5077] [M]: 0x0000000080024FC4 (0x25750513) addi a0, a0, 599
x10 <- 0xFFFFFFFFFFFFFA57
mem[X,0x0000000080024FC8] -> 0x1513
mem[X,0x0000000080024FCA] -> 0x00B5
[5078] [M]: 0x0000000080024FC8 (0x00B51513) slli a0, a0, 11
x10 <- 0xFFFFFFFFFFD2B800
mem[X,0x0000000080024FCC] -> 0x0513
mem[X,0x0000000080024FCE] -> 0x6C35
[5079] [M]: 0x0000000080024FCC (0x6C350513) addi a0, a0, 1731
x10 <- 0xFFFFFFFFFFD2BEC3
mem[X,0x0000000080024FD0] -> 0x1513
mem[X,0x0000000080024FD2] -> 0x00A5
[5080] [M]: 0x0000000080024FD0 (0x00A51513) slli a0, a0, 10
x10 <- 0xFFFFFFFF4AFB0C00
mem[X,0x0000000080024FD4] -> 0x0513
mem[X,0x0000000080024FD6] -> 0x0CD5
[5081] [M]: 0x0000000080024FD4 (0x0CD50513) addi a0, a0, 205
x10 <- 0xFFFFFFFF4AFB0CCD
mem[X,0x0000000080024FD8] -> 0x0593
mem[X,0x0000000080024FDA] -> 0x0060
[5082] [M]: 0x0000000080024FD8 (0x00600593) addi a1, zero, 6
x11 <- 0x0000000000000006
mem[X,0x0000000080024FDC] -> 0x0213
mem[X,0x0000000080024FDE] -> 0x0000
[5083] [M]: 0x0000000080024FDC (0x00000213) addi tp, zero, 0
x4 <- 0x0000000000000000
mem[X,0x0000000080024FE0] -> 0x006F
mem[X,0x0000000080024FE2] -> 0x00C0
[5084] [M]: 0x0000000080024FE0 (0x00C0006F) jal zero, 12
mem[X,0x0000000080024FEC] -> 0x0063
mem[X,0x0000000080024FEE] -> 0x10B5
[5085] [M]: 0x0000000080024FEC (0x10B50063) beq a0, a1, 256
mem[X,0x0000000080024FF0] -> 0x0213
mem[X,0x0000000080024FF2] -> 0x0022
[5086] [M]: 0x0000000080024FF0 (0x00220213) addi tp, tp, 2
x4 <- 0x0000000000000002
mem[X,0x0000000080024FF4] -> 0x006F
mem[X,0x0000000080024FF6] -> 0x1000
[5087] [M]: 0x0000000080024FF4 (0x1000006F) jal zero, 256
mem[X,0x00000000800250F4] -> 0x3023
mem[X,0x00000000800250F6] -> 0x2041
[5088] [M]: 0x00000000800250F4 (0x20413023) sd tp, 512(sp)
mem[0x0000000080049BC8] <- 0x0000000000000002
mem[X,0x00000000800250F8] -> 0x0537
mem[X,0x00000000800250FA] -> 0x0000
[5089] [M]: 0x00000000800250F8 (0x00000537) lui a0, 0
x10 <- 0x0000000000000000
mem[X,0x00000000800250FC] -> 0x0513
mem[X,0x00000000800250FE] -> 0xFFF5
[5090] [M]: 0x00000000800250FC (0xFFF50513) addi a0, a0, 4095
x10 <- 0xFFFFFFFFFFFFFFFF
mem[X,0x0000000080025100] -> 0x1513
mem[X,0x0000000080025102] -> 0x00B5
[5091] [M]: 0x0000000080025100 (0x00B51513) slli a0, a0, 11
x10 <- 0xFFFFFFFFFFFFF800
mem[X,0x0000000080025104] -> 0x0513
mem[X,0x0000000080025106] -> 0x2575
[5092] [M]: 0x0000000080025104 (0x25750513) addi a0, a0, 599
x10 <- 0xFFFFFFFFFFFFFA57
mem[X,0x0000000080025108] -> 0x1513
mem[X,0x000000008002510A] -> 0x00B5
[5093] [M]: 0x0000000080025108 (0x00B51513) slli a0, a0, 11
x10 <- 0xFFFFFFFFFFD2B800
mem[X,0x000000008002510C] -> 0x0513
mem[X,0x000000008002510E] -> 0x6C35
[5094] [M]: 0x000000008002510C (0x6C350513) addi a0, a0, 1731
x10 <- 0xFFFFFFFFFFD2BEC3
mem[X,0x0000000080025110] -> 0x1513
mem[X,0x0000000080025112] -> 0x00A5
[5095] [M]: 0x0000000080025110 (0x00A51513) slli a0, a0, 10
x10 <- 0xFFFFFFFF4AFB0C00
mem[X,0x0000000080025114] -> 0x0513
mem[X,0x0000000080025116] -> 0x0CD5
[5096] [M]: 0x0000000080025114 (0x0CD50513) addi a0, a0, 205
x10 <- 0xFFFFFFFF4AFB0CCD
mem[X,0x0000000080025118] -> 0x35B7
mem[X,0x000000008002511A] -> 0x3333
[5097] [M]: 0x0000000080025118 (0x333335B7) lui a1, 209715
x11 <- 0x0000000033333000
mem[X,0x000000008002511C] -> 0x8593
mem[X,0x000000008002511E] -> 0x3335
[5098] [M]: 0x000000008002511C (0x33358593) addi a1, a1, 819
x11 <- 0x0000000033333333
mem[X,0x0000000080025120] -> 0x9593
mem[X,0x0000000080025122] -> 0x00B5
[5099] [M]: 0x0000000080025120 (0x00B59593) slli a1, a1, 11
x11 <- 0x0000019999999800
clint::tick mtime <- 0x0000000000000033
 clint timer pending at mtime 0x0000000000000033
htif::tick 0x0000000000000000
mem[X,0x0000000080025124] -> 0x8593
mem[X,0x0000000080025126] -> 0x1995
[5100] [M]: 0x0000000080025124 (0x19958593) addi a1, a1, 409
x11 <- 0x0000019999999999
mem[X,0x0000000080025128] -> 0x9593
mem[X,0x000000008002512A] -> 0x00B5
[5101] [M]: 0x0000000080025128 (0x00B59593) slli a1, a1, 11
x11 <- 0x000CCCCCCCCCC800
mem[X,0x000000008002512C] -> 0x8593
mem[X,0x000000008002512E] -> 0x4CC5
[5102] [M]: 0x000000008002512C (0x4CC58593) addi a1, a1, 1228
x11 <- 0x000CCCCCCCCCCCCC
mem[X,0x0000000080025130] -> 0x9593
mem[X,0x0000000080025132] -> 0x00A5
[5103] [M]: 0x0000000080025130 (0x00A59593) slli a1, a1, 10
x11 <- 0x3333333333333000
mem[X,0x0000000080025134] -> 0x8593
mem[X,0x0000000080025136] -> 0x3345
[5104] [M]: 0x0000000080025134 (0x33458593) addi a1, a1, 820
x11 <- 0x3333333333333334
mem[X,0x0000000080025138] -> 0x0213
mem[X,0x000000008002513A] -> 0x0000
[5105] [M]: 0x0000000080025138 (0x00000213) addi tp, zero, 0
x4 <- 0x0000000000000000
mem[X,0x000000008002513C] -> 0x006F
mem[X,0x000000008002513E] -> 0x00C0
[5106] [M]: 0x000000008002513C (0x00C0006F) jal zero, 12
mem[X,0x0000000080025148] -> 0x0663
mem[X,0x000000008002514A] -> 0x00B5
[5107] [M]: 0x0000000080025148 (0x00B50663) beq a0, a1, 12
mem[X,0x000000008002514C] -> 0x0213
mem[X,0x000000008002514E] -> 0x0022
[5108] [M]: 0x000000008002514C (0x00220213) addi tp, tp, 2
x4 <- 0x0000000000000002
mem[X,0x0000000080025150] -> 0x006F
mem[X,0x0000000080025152] -> 0x00C0
[5109] [M]: 0x0000000080025150 (0x00C0006F) jal zero, 12
mem[X,0x000000008002515C] -> 0x3423
mem[X,0x000000008002515E] -> 0x2041
[5110] [M]: 0x000000008002515C (0x20413423) sd tp, 520(sp)
mem[0x0000000080049BD0] <- 0x0000000000000002
mem[X,0x0000000080025160] -> 0x0537
mem[X,0x0000000080025162] -> 0x0000
[5111] [M]: 0x0000000080025160 (0x00000537) lui a0, 0
x10 <- 0x0000000000000000
mem[X,0x0000000080025164] -> 0x0513
mem[X,0x0000000080025166] -> 0xFFF5
[5112] [M]: 0x0000000080025164 (0xFFF50513) addi a0, a0, 4095
x10 <- 0xFFFFFFFFFFFFFFFF
mem[X,0x0000000080025168] -> 0x1513
mem[X,0x000000008002516A] -> 0x00B5
[5113] [M]: 0x0000000080025168 (0x00B51513) slli a0, a0, 11
x10 <- 0xFFFFFFFFFFFFF800
mem[X,0x000000008002516C] -> 0x0513
mem[X,0x000000008002516E] -> 0x2575
[5114] [M]: 0x000000008002516C (0x25750513) addi a0, a0, 599
x10 <- 0xFFFFFFFFFFFFFA57
mem[X,0x0000000080025170] -> 0x1513
mem[X,0x0000000080025172] -> 0x00B5
[5115] [M]: 0x0000000080025170 (0x00B51513) slli a0, a0, 11
x10 <- 0xFFFFFFFFFFD2B800
mem[X,0x0000000080025174] -> 0x0513
mem[X,0x0000000080025176] -> 0x6C35
[5116] [M]: 0x0000000080025174 (0x6C350513) addi a0, a0, 1731
x10 <- 0xFFFFFFFFFFD2BEC3
mem[X,0x0000000080025178] -> 0x1513
mem[X,0x000000008002517A] -> 0x00A5
[5117] [M]: 0x0000000080025178 (0x00A51513) slli a0, a0, 10
x10 <- 0xFFFFFFFF4AFB0C00
mem[X,0x000000008002517C] -> 0x0513
mem[X,0x000000008002517E] -> 0x0CD5
[5118] [M]: 0x000000008002517C (0x0CD50513) addi a0, a0, 205
x10 <- 0xFFFFFFFF4AFB0CCD
mem[X,0x0000000080025180] -> 0x65B7
mem[X,0x0000000080025182] -> 0x6666
[5119] [M]: 0x0000000080025180 (0x666665B7) lui a1, 419430
x11 <- 0x0000000066666000
mem[X,0x0000000080025184] -> 0x8593
mem[X,0x0000000080025186] -> 0x6665
[5120] [M]: 0x0000000080025184 (0x66658593) addi a1, a1, 1638
x11 <- 0x0000000066666666
mem[X,0x0000000080025188] -> 0x9593
mem[X,0x000000008002518A] -> 0x00B5
[5121] [M]: 0x0000000080025188 (0x00B59593) slli a1, a1, 11
x11 <- 0x0000033333333000
mem[X,0x000000008002518C] -> 0x8593
mem[X,0x000000008002518E] -> 0x3335
[5122] [M]: 0x000000008002518C (0x33358593) addi a1, a1, 819
x11 <- 0x0000033333333333
mem[X,0x0000000080025190] -> 0x9593
mem[X,0x0000000080025192] -> 0x00B5
[5123] [M]: 0x0000000080025190 (0x00B59593) slli a1, a1, 11
x11 <- 0x0019999999999800
mem[X,0x0000000080025194] -> 0x8593
mem[X,0x0000000080025196] -> 0x1995
[5124] [M]: 0x0000000080025194 (0x19958593) addi a1, a1, 409
x11 <- 0x0019999999999999
mem[X,0x0000000080025198] -> 0x9593
mem[X,0x000000008002519A] -> 0x00A5
[5125] [M]: 0x0000000080025198 (0x00A59593) slli a1, a1, 10
x11 <- 0x6666666666666400
mem[X,0x000000008002519C] -> 0x8593
mem[X,0x000000008002519E] -> 0x2675
[5126] [M]: 0x000000008002519C (0x26758593) addi a1, a1, 615
x11 <- 0x6666666666666667
mem[X,0x00000000800251A0] -> 0x0213
mem[X,0x00000000800251A2] -> 0x0000
[5127] [M]: 0x00000000800251A0 (0x00000213) addi tp, zero, 0
x4 <- 0x0000000000000000
mem[X,0x00000000800251A4] -> 0x006F
mem[X,0x00000000800251A6] -> 0x00C0
[5128] [M]: 0x00000000800251A4 (0x00C0006F) jal zero, 12
mem[X,0x00000000800251B0] -> 0x0CE3
mem[X,0x00000000800251B2] -> 0xFEB5
[5129] [M]: 0x00000000800251B0 (0xFEB50CE3) beq a0, a1, 8184
mem[X,0x00000000800251B4] -> 0x0213
mem[X,0x00000000800251B6] -> 0x0022
[5130] [M]: 0x00000000800251B4 (0x00220213) addi tp, tp, 2
x4 <- 0x0000000000000002
mem[X,0x00000000800251B8] -> 0x006F
mem[X,0x00000000800251BA] -> 0x00C0
[5131] [M]: 0x00000000800251B8 (0x00C0006F) jal zero, 12
mem[X,0x00000000800251C4] -> 0x3823
mem[X,0x00000000800251C6] -> 0x2041
[5132] [M]: 0x00000000800251C4 (0x20413823) sd tp, 528(sp)
mem[0x0000000080049BD8] <- 0x0000000000000002
mem[X,0x00000000800251C8] -> 0x0537
mem[X,0x00000000800251CA] -> 0x0000
[5133] [M]: 0x00000000800251C8 (0x00000537) lui a0, 0
x10 <- 0x0000000000000000
mem[X,0x00000000800251CC] -> 0x0513
mem[X,0x00000000800251CE] -> 0xFFF5
[5134] [M]: 0x00000000800251CC (0xFFF50513) addi a0, a0, 4095
x10 <- 0xFFFFFFFFFFFFFFFF
mem[X,0x00000000800251D0] -> 0x1513
mem[X,0x00000000800251D2] -> 0x00B5
[5135] [M]: 0x00000000800251D0 (0x00B51513) slli a0, a0, 11
x10 <- 0xFFFFFFFFFFFFF800
mem[X,0x00000000800251D4] -> 0x0513
mem[X,0x00000000800251D6] -> 0x2575
[5136] [M]: 0x00000000800251D4 (0x25750513) addi a0, a0, 599
x10 <- 0xFFFFFFFFFFFFFA57
mem[X,0x00000000800251D8] -> 0x1513
mem[X,0x00000000800251DA] -> 0x00B5
[5137] [M]: 0x00000000800251D8 (0x00B51513) slli a0, a0, 11
x10 <- 0xFFFFFFFFFFD2B800
mem[X,0x00000000800251DC] -> 0x0513
mem[X,0x00000000800251DE] -> 0x6C35
[5138] [M]: 0x00000000800251DC (0x6C350513) addi a0, a0, 1731
x10 <- 0xFFFFFFFFFFD2BEC3
mem[X,0x00000000800251E0] -> 0x1513
mem[X,0x00000000800251E2] -> 0x00A5
[5139] [M]: 0x00000000800251E0 (0x00A51513) slli a0, a0, 10
x10 <- 0xFFFFFFFF4AFB0C00
mem[X,0x00000000800251E4] -> 0x0513
mem[X,0x00000000800251E6] -> 0x0CD5
[5140] [M]: 0x00000000800251E4 (0x0CD50513) addi a0, a0, 205
x10 <- 0xFFFFFFFF4AFB0CCD
mem[X,0x00000000800251E8] -> 0x05B7
mem[X,0x00000000800251EA] -> 0x0000
[5141] [M]: 0x00000000800251E8 (0x000005B7) lui a1, 0
x11 <- 0x0000000000000000
mem[X,0x00000000800251EC] -> 0x8593
mem[X,0x00000000800251EE] -> 0xFFF5
[5142] [M]: 0x00000000800251EC (0xFFF58593) addi a1, a1, 4095
x11 <- 0xFFFFFFFFFFFFFFFF
mem[X,0x00000000800251F0] -> 0x9593
mem[X,0x00000000800251F2] -> 0x00B5
[5143] [M]: 0x00000000800251F0 (0x00B59593) slli a1, a1, 11
x11 <- 0xFFFFFFFFFFFFF800
mem[X,0x00000000800251F4] -> 0x8593
mem[X,0x00000000800251F6] -> 0x2575
[5144] [M]: 0x00000000800251F4 (0x25758593) addi a1, a1, 599
x11 <- 0xFFFFFFFFFFFFFA57
mem[X,0x00000000800251F8] -> 0x9593
mem[X,0x00000000800251FA] -> 0x00B5
[5145] [M]: 0x00000000800251F8 (0x00B59593) slli a1, a1, 11
x11 <- 0xFFFFFFFFFFD2B800
mem[X,0x00000000800251FC] -> 0x8593
mem[X,0x00000000800251FE] -> 0x6C35
[5146] [M]: 0x00000000800251FC (0x6C358593) addi a1, a1, 1731
x11 <- 0xFFFFFFFFFFD2BEC3
mem[X,0x0000000080025200] -> 0x9593
mem[X,0x0000000080025202] -> 0x00A5
[5147] [M]: 0x0000000080025200 (0x00A59593) slli a1, a1, 10
x11 <- 0xFFFFFFFF4AFB0C00
mem[X,0x0000000080025204] -> 0x8593
mem[X,0x0000000080025206] -> 0x0CE5
[5148] [M]: 0x0000000080025204 (0x0CE58593) addi a1, a1, 206
x11 <- 0xFFFFFFFF4AFB0CCE
mem[X,0x0000000080025208] -> 0x0213
mem[X,0x000000008002520A] -> 0x0000
[5149] [M]: 0x0000000080025208 (0x00000213) addi tp, zero, 0
x4 <- 0x0000000000000000
mem[X,0x000000008002520C] -> 0x006F
mem[X,0x000000008002520E] -> 0x00C0
[5150] [M]: 0x000000008002520C (0x00C0006F) jal zero, 12
mem[X,0x0000000080025218] -> 0x0063
mem[X,0x000000008002521A] -> 0x10B5
[5151] [M]: 0x0000000080025218 (0x10B50063) beq a0, a1, 256
mem[X,0x000000008002521C] -> 0x0213
mem[X,0x000000008002521E] -> 0x0022
[5152] [M]: 0x000000008002521C (0x00220213) addi tp, tp, 2
x4 <- 0x0000000000000002
mem[X,0x0000000080025220] -> 0x006F
mem[X,0x0000000080025222] -> 0x1000
[5153] [M]: 0x0000000080025220 (0x1000006F) jal zero, 256
mem[X,0x0000000080025320] -> 0x3C23
mem[X,0x0000000080025322] -> 0x2041
[5154] [M]: 0x0000000080025320 (0x20413C23) sd tp, 536(sp)
mem[0x0000000080049BE0] <- 0x0000000000000002
mem[X,0x0000000080025324] -> 0x0537
mem[X,0x0000000080025326] -> 0x0000
[5155] [M]: 0x0000000080025324 (0x00000537) lui a0, 0
x10 <- 0x0000000000000000
mem[X,0x0000000080025328] -> 0x0513
mem[X,0x000000008002532A] -> 0xFFF5
[5156] [M]: 0x0000000080025328 (0xFFF50513) addi a0, a0, 4095
x10 <- 0xFFFFFFFFFFFFFFFF
mem[X,0x000000008002532C] -> 0x1513
mem[X,0x000000008002532E] -> 0x00B5
[5157] [M]: 0x000000008002532C (0x00B51513) slli a0, a0, 11
x10 <- 0xFFFFFFFFFFFFF800
mem[X,0x0000000080025330] -> 0x0513
mem[X,0x0000000080025332] -> 0x2575
[5158] [M]: 0x0000000080025330 (0x25750513) addi a0, a0, 599
x10 <- 0xFFFFFFFFFFFFFA57
mem[X,0x0000000080025334] -> 0x1513
mem[X,0x0000000080025336] -> 0x00B5
[5159] [M]: 0x0000000080025334 (0x00B51513) slli a0, a0, 11
x10 <- 0xFFFFFFFFFFD2B800
mem[X,0x0000000080025338] -> 0x0513
mem[X,0x000000008002533A] -> 0x6C35
[5160] [M]: 0x0000000080025338 (0x6C350513) addi a0, a0, 1731
x10 <- 0xFFFFFFFFFFD2BEC3
mem[X,0x000000008002533C] -> 0x1513
mem[X,0x000000008002533E] -> 0x00A5
[5161] [M]: 0x000000008002533C (0x00A51513) slli a0, a0, 10
x10 <- 0xFFFFFFFF4AFB0C00
mem[X,0x0000000080025340] -> 0x0513
mem[X,0x0000000080025342] -> 0x0CD5
[5162] [M]: 0x0000000080025340 (0x0CD50513) addi a0, a0, 205
x10 <- 0xFFFFFFFF4AFB0CCD
mem[X,0x0000000080025344] -> 0x05B7
mem[X,0x0000000080025346] -> 0x0000
[5163] [M]: 0x0000000080025344 (0x000005B7) lui a1, 0
x11 <- 0x0000000000000000
mem[X,0x0000000080025348] -> 0x8593
mem[X,0x000000008002534A] -> 0x0005
[5164] [M]: 0x0000000080025348 (0x00058593) addi a1, a1, 0
x11 <- 0x0000000000000000
mem[X,0x000000008002534C] -> 0x9593
mem[X,0x000000008002534E] -> 0x00B5
[5165] [M]: 0x000000008002534C (0x00B59593) slli a1, a1, 11
x11 <- 0x0000000000000000
mem[X,0x0000000080025350] -> 0x8593
mem[X,0x0000000080025352] -> 0x5A85
[5166] [M]: 0x0000000080025350 (0x5A858593) addi a1, a1, 1448
x11 <- 0x00000000000005A8
mem[X,0x0000000080025354] -> 0x9593
mem[X,0x0000000080025356] -> 0x00B5
[5167] [M]: 0x0000000080025354 (0x00B59593) slli a1, a1, 11
x11 <- 0x00000000002D4000
mem[X,0x0000000080025358] -> 0x8593
mem[X,0x000000008002535A] -> 0x13C5
[5168] [M]: 0x0000000080025358 (0x13C58593) addi a1, a1, 316
x11 <- 0x00000000002D413C
mem[X,0x000000008002535C] -> 0x9593
mem[X,0x000000008002535E] -> 0x00A5
[5169] [M]: 0x000000008002535C (0x00A59593) slli a1, a1, 10
x11 <- 0x00000000B504F000
mem[X,0x0000000080025360] -> 0x8593
mem[X,0x0000000080025362] -> 0x3345
[5170] [M]: 0x0000000080025360 (0x33458593) addi a1, a1, 820
x11 <- 0x00000000B504F334
mem[X,0x0000000080025364] -> 0x0213
mem[X,0x0000000080025366] -> 0x0000
[5171] [M]: 0x0000000080025364 (0x00000213) addi tp, zero, 0
x4 <- 0x0000000000000000
mem[X,0x0000000080025368] -> 0x006F
mem[X,0x000000008002536A] -> 0x00C0
[5172] [M]: 0x0000000080025368 (0x00C0006F) jal zero, 12
mem[X,0x0000000080025374] -> 0x0663
mem[X,0x0000000080025376] -> 0x00B5
[5173] [M]: 0x0000000080025374 (0x00B50663) beq a0, a1, 12
mem[X,0x0000000080025378] -> 0x0213
mem[X,0x000000008002537A] -> 0x0022
[5174] [M]: 0x0000000080025378 (0x00220213) addi tp, tp, 2
x4 <- 0x0000000000000002
mem[X,0x000000008002537C] -> 0x006F
mem[X,0x000000008002537E] -> 0x00C0
[5175] [M]: 0x000000008002537C (0x00C0006F) jal zero, 12
mem[X,0x0000000080025388] -> 0x3023
mem[X,0x000000008002538A] -> 0x2241
[5176] [M]: 0x0000000080025388 (0x22413023) sd tp, 544(sp)
mem[0x0000000080049BE8] <- 0x0000000000000002
mem[X,0x000000008002538C] -> 0x0537
mem[X,0x000000008002538E] -> 0x0000
[5177] [M]: 0x000000008002538C (0x00000537) lui a0, 0
x10 <- 0x0000000000000000
mem[X,0x0000000080025390] -> 0x0513
mem[X,0x0000000080025392] -> 0x0005
[5178] [M]: 0x0000000080025390 (0x00050513) addi a0, a0, 0
x10 <- 0x0000000000000000
mem[X,0x0000000080025394] -> 0x1513
mem[X,0x0000000080025396] -> 0x00B5
[5179] [M]: 0x0000000080025394 (0x00B51513) slli a0, a0, 11
x10 <- 0x0000000000000000
mem[X,0x0000000080025398] -> 0x0513
mem[X,0x000000008002539A] -> 0x5A85
[5180] [M]: 0x0000000080025398 (0x5A850513) addi a0, a0, 1448
x10 <- 0x00000000000005A8
mem[X,0x000000008002539C] -> 0x1513
mem[X,0x000000008002539E] -> 0x00B5
[5181] [M]: 0x000000008002539C (0x00B51513) slli a0, a0, 11
x10 <- 0x00000000002D4000
mem[X,0x00000000800253A0] -> 0x0513
mem[X,0x00000000800253A2] -> 0x13C5
[5182] [M]: 0x00000000800253A0 (0x13C50513) addi a0, a0, 316
x10 <- 0x00000000002D413C
mem[X,0x00000000800253A4] -> 0x1513
mem[X,0x00000000800253A6] -> 0x00A5
[5183] [M]: 0x00000000800253A4 (0x00A51513) slli a0, a0, 10
x10 <- 0x00000000B504F000
mem[X,0x00000000800253A8] -> 0x0513
mem[X,0x00000000800253AA] -> 0x3335
[5184] [M]: 0x00000000800253A8 (0x33350513) addi a0, a0, 819
x10 <- 0x00000000B504F333
mem[X,0x00000000800253AC] -> 0x0593
mem[X,0x00000000800253AE] -> 0x0030
[5185] [M]: 0x00000000800253AC (0x00300593) addi a1, zero, 3
x11 <- 0x0000000000000003
mem[X,0x00000000800253B0] -> 0x0213
mem[X,0x00000000800253B2] -> 0x0000
[5186] [M]: 0x00000000800253B0 (0x00000213) addi tp, zero, 0
x4 <- 0x0000000000000000
mem[X,0x00000000800253B4] -> 0x006F
mem[X,0x00000000800253B6] -> 0x00C0
[5187] [M]: 0x00000000800253B4 (0x00C0006F) jal zero, 12
mem[X,0x00000000800253C0] -> 0x0663
mem[X,0x00000000800253C2] -> 0x00B5
[5188] [M]: 0x00000000800253C0 (0x00B50663) beq a0, a1, 12
mem[X,0x00000000800253C4] -> 0x0213
mem[X,0x00000000800253C6] -> 0x0022
[5189] [M]: 0x00000000800253C4 (0x00220213) addi tp, tp, 2
x4 <- 0x0000000000000002
mem[X,0x00000000800253C8] -> 0x006F
mem[X,0x00000000800253CA] -> 0x00C0
[5190] [M]: 0x00000000800253C8 (0x00C0006F) jal zero, 12
mem[X,0x00000000800253D4] -> 0x3423
mem[X,0x00000000800253D6] -> 0x2241
[5191] [M]: 0x00000000800253D4 (0x22413423) sd tp, 552(sp)
mem[0x0000000080049BF0] <- 0x0000000000000002
mem[X,0x00000000800253D8] -> 0x0537
mem[X,0x00000000800253DA] -> 0x0000
[5192] [M]: 0x00000000800253D8 (0x00000537) lui a0, 0
x10 <- 0x0000000000000000
mem[X,0x00000000800253DC] -> 0x0513
mem[X,0x00000000800253DE] -> 0x0005
[5193] [M]: 0x00000000800253DC (0x00050513) addi a0, a0, 0
x10 <- 0x0000000000000000
mem[X,0x00000000800253E0] -> 0x1513
mem[X,0x00000000800253E2] -> 0x00B5
[5194] [M]: 0x00000000800253E0 (0x00B51513) slli a0, a0, 11
x10 <- 0x0000000000000000
mem[X,0x00000000800253E4] -> 0x0513
mem[X,0x00000000800253E6] -> 0x5A85
[5195] [M]: 0x00000000800253E4 (0x5A850513) addi a0, a0, 1448
x10 <- 0x00000000000005A8
mem[X,0x00000000800253E8] -> 0x1513
mem[X,0x00000000800253EA] -> 0x00B5
[5196] [M]: 0x00000000800253E8 (0x00B51513) slli a0, a0, 11
x10 <- 0x00000000002D4000
mem[X,0x00000000800253EC] -> 0x0513
mem[X,0x00000000800253EE] -> 0x13C5
[5197] [M]: 0x00000000800253EC (0x13C50513) addi a0, a0, 316
x10 <- 0x00000000002D413C
mem[X,0x00000000800253F0] -> 0x1513
mem[X,0x00000000800253F2] -> 0x00A5
[5198] [M]: 0x00000000800253F0 (0x00A51513) slli a0, a0, 10
x10 <- 0x00000000B504F000
mem[X,0x00000000800253F4] -> 0x0513
mem[X,0x00000000800253F6] -> 0x3335
[5199] [M]: 0x00000000800253F4 (0x33350513) addi a0, a0, 819
x10 <- 0x00000000B504F333
clint::tick mtime <- 0x0000000000000034
 clint timer pending at mtime 0x0000000000000034
htif::tick 0x0000000000000000
mem[X,0x00000000800253F8] -> 0x55B7
mem[X,0x00000000800253FA] -> 0x5555
[5200] [M]: 0x00000000800253F8 (0x555555B7) lui a1, 349525
x11 <- 0x0000000055555000
mem[X,0x00000000800253FC] -> 0x8593
mem[X,0x00000000800253FE] -> 0x5555
[5201] [M]: 0x00000000800253FC (0x55558593) addi a1, a1, 1365
x11 <- 0x0000000055555555
mem[X,0x0000000080025400] -> 0x9593
mem[X,0x0000000080025402] -> 0x00B5
[5202] [M]: 0x0000000080025400 (0x00B59593) slli a1, a1, 11
x11 <- 0x000002AAAAAAA800
mem[X,0x0000000080025404] -> 0x8593
mem[X,0x0000000080025406] -> 0x2AA5
[5203] [M]: 0x0000000080025404 (0x2AA58593) addi a1, a1, 682
x11 <- 0x000002AAAAAAAAAA
mem[X,0x0000000080025408] -> 0x9593
mem[X,0x000000008002540A] -> 0x00B5
[5204] [M]: 0x0000000080025408 (0x00B59593) slli a1, a1, 11
x11 <- 0x0015555555555000
mem[X,0x000000008002540C] -> 0x8593
mem[X,0x000000008002540E] -> 0x5555
[5205] [M]: 0x000000008002540C (0x55558593) addi a1, a1, 1365
x11 <- 0x0015555555555555
mem[X,0x0000000080025410] -> 0x9593
mem[X,0x0000000080025412] -> 0x00A5
[5206] [M]: 0x0000000080025410 (0x00A59593) slli a1, a1, 10
x11 <- 0x5555555555555400
mem[X,0x0000000080025414] -> 0x8593
mem[X,0x0000000080025416] -> 0x1555
[5207] [M]: 0x0000000080025414 (0x15558593) addi a1, a1, 341
x11 <- 0x5555555555555555
mem[X,0x0000000080025418] -> 0x0213
mem[X,0x000000008002541A] -> 0x0000
[5208] [M]: 0x0000000080025418 (0x00000213) addi tp, zero, 0
x4 <- 0x0000000000000000
mem[X,0x000000008002541C] -> 0x006F
mem[X,0x000000008002541E] -> 0x00C0
[5209] [M]: 0x000000008002541C (0x00C0006F) jal zero, 12
mem[X,0x0000000080025428] -> 0x0CE3
mem[X,0x000000008002542A] -> 0xFEB5
[5210] [M]: 0x0000000080025428 (0xFEB50CE3) beq a0, a1, 8184
mem[X,0x000000008002542C] -> 0x0213
mem[X,0x000000008002542E] -> 0x0022
[5211] [M]: 0x000000008002542C (0x00220213) addi tp, tp, 2
x4 <- 0x0000000000000002
mem[X,0x0000000080025430] -> 0x006F
mem[X,0x0000000080025432] -> 0x00C0
[5212] [M]: 0x0000000080025430 (0x00C0006F) jal zero, 12
mem[X,0x000000008002543C] -> 0x3823
mem[X,0x000000008002543E] -> 0x2241
[5213] [M]: 0x000000008002543C (0x22413823) sd tp, 560(sp)
mem[0x0000000080049BF8] <- 0x0000000000000002
mem[X,0x0000000080025440] -> 0x0537
mem[X,0x0000000080025442] -> 0x0000
[5214] [M]: 0x0000000080025440 (0x00000537) lui a0, 0
x10 <- 0x0000000000000000
mem[X,0x0000000080025444] -> 0x0513
mem[X,0x0000000080025446] -> 0x0005
[5215] [M]: 0x0000000080025444 (0x00050513) addi a0, a0, 0
x10 <- 0x0000000000000000
mem[X,0x0000000080025448] -> 0x1513
mem[X,0x000000008002544A] -> 0x00B5
[5216] [M]: 0x0000000080025448 (0x00B51513) slli a0, a0, 11
x10 <- 0x0000000000000000
mem[X,0x000000008002544C] -> 0x0513
mem[X,0x000000008002544E] -> 0x5A85
[5217] [M]: 0x000000008002544C (0x5A850513) addi a0, a0, 1448
x10 <- 0x00000000000005A8
mem[X,0x0000000080025450] -> 0x1513
mem[X,0x0000000080025452] -> 0x00B5
[5218] [M]: 0x0000000080025450 (0x00B51513) slli a0, a0, 11
x10 <- 0x00000000002D4000
mem[X,0x0000000080025454] -> 0x0513
mem[X,0x0000000080025456] -> 0x13C5
[5219] [M]: 0x0000000080025454 (0x13C50513) addi a0, a0, 316
x10 <- 0x00000000002D413C
mem[X,0x0000000080025458] -> 0x1513
mem[X,0x000000008002545A] -> 0x00A5
[5220] [M]: 0x0000000080025458 (0x00A51513) slli a0, a0, 10
x10 <- 0x00000000B504F000
mem[X,0x000000008002545C] -> 0x0513
mem[X,0x000000008002545E] -> 0x3335
[5221] [M]: 0x000000008002545C (0x33350513) addi a0, a0, 819
x10 <- 0x00000000B504F333
mem[X,0x0000000080025460] -> 0xB5B7
mem[X,0x0000000080025462] -> 0xAAAA
[5222] [M]: 0x0000000080025460 (0xAAAAB5B7) lui a1, 699051
x11 <- 0xFFFFFFFFAAAAB000
mem[X,0x0000000080025464] -> 0x8593
mem[X,0x0000000080025466] -> 0xAAA5
[5223] [M]: 0x0000000080025464 (0xAAA58593) addi a1, a1, 2730
x11 <- 0xFFFFFFFFAAAAAAAA
mem[X,0x0000000080025468] -> 0x9593
mem[X,0x000000008002546A] -> 0x00B5
[5224] [M]: 0x0000000080025468 (0x00B59593) slli a1, a1, 11
x11 <- 0xFFFFFD5555555000
mem[X,0x000000008002546C] -> 0x8593
mem[X,0x000000008002546E] -> 0x5555
[5225] [M]: 0x000000008002546C (0x55558593) addi a1, a1, 1365
x11 <- 0xFFFFFD5555555555
mem[X,0x0000000080025470] -> 0x9593
mem[X,0x0000000080025472] -> 0x00B5
[5226] [M]: 0x0000000080025470 (0x00B59593) slli a1, a1, 11
x11 <- 0xFFEAAAAAAAAAA800
mem[X,0x0000000080025474] -> 0x8593
mem[X,0x0000000080025476] -> 0x2AA5
[5227] [M]: 0x0000000080025474 (0x2AA58593) addi a1, a1, 682
x11 <- 0xFFEAAAAAAAAAAAAA
mem[X,0x0000000080025478] -> 0x9593
mem[X,0x000000008002547A] -> 0x00A5
[5228] [M]: 0x0000000080025478 (0x00A59593) slli a1, a1, 10
x11 <- 0xAAAAAAAAAAAAA800
mem[X,0x000000008002547C] -> 0x8593
mem[X,0x000000008002547E] -> 0x2AA5
[5229] [M]: 0x000000008002547C (0x2AA58593) addi a1, a1, 682
x11 <- 0xAAAAAAAAAAAAAAAA
mem[X,0x0000000080025480] -> 0x0213
mem[X,0x0000000080025482] -> 0x0000
[5230] [M]: 0x0000000080025480 (0x00000213) addi tp, zero, 0
x4 <- 0x0000000000000000
mem[X,0x0000000080025484] -> 0x006F
mem[X,0x0000000080025486] -> 0x00C0
[5231] [M]: 0x0000000080025484 (0x00C0006F) jal zero, 12
mem[X,0x0000000080025490] -> 0x0063
mem[X,0x0000000080025492] -> 0x04B5
[5232] [M]: 0x0000000080025490 (0x04B50063) beq a0, a1, 64
mem[X,0x0000000080025494] -> 0x0213
mem[X,0x0000000080025496] -> 0x0022
[5233] [M]: 0x0000000080025494 (0x00220213) addi tp, tp, 2
x4 <- 0x0000000000000002
mem[X,0x0000000080025498] -> 0x006F
mem[X,0x000000008002549A] -> 0x0400
[5234] [M]: 0x0000000080025498 (0x0400006F) jal zero, 64
mem[X,0x00000000800254D8] -> 0x3C23
mem[X,0x00000000800254DA] -> 0x2241
[5235] [M]: 0x00000000800254D8 (0x22413C23) sd tp, 568(sp)
mem[0x0000000080049C00] <- 0x0000000000000002
mem[X,0x00000000800254DC] -> 0x0537
mem[X,0x00000000800254DE] -> 0x0000
[5236] [M]: 0x00000000800254DC (0x00000537) lui a0, 0
x10 <- 0x0000000000000000
mem[X,0x00000000800254E0] -> 0x0513
mem[X,0x00000000800254E2] -> 0x0005
[5237] [M]: 0x00000000800254E0 (0x00050513) addi a0, a0, 0
x10 <- 0x0000000000000000
mem[X,0x00000000800254E4] -> 0x1513
mem[X,0x00000000800254E6] -> 0x00B5
[5238] [M]: 0x00000000800254E4 (0x00B51513) slli a0, a0, 11
x10 <- 0x0000000000000000
mem[X,0x00000000800254E8] -> 0x0513
mem[X,0x00000000800254EA] -> 0x5A85
[5239] [M]: 0x00000000800254E8 (0x5A850513) addi a0, a0, 1448
x10 <- 0x00000000000005A8
mem[X,0x00000000800254EC] -> 0x1513
mem[X,0x00000000800254EE] -> 0x00B5
[5240] [M]: 0x00000000800254EC (0x00B51513) slli a0, a0, 11
x10 <- 0x00000000002D4000
mem[X,0x00000000800254F0] -> 0x0513
mem[X,0x00000000800254F2] -> 0x13C5
[5241] [M]: 0x00000000800254F0 (0x13C50513) addi a0, a0, 316
x10 <- 0x00000000002D413C
mem[X,0x00000000800254F4] -> 0x1513
mem[X,0x00000000800254F6] -> 0x00A5
[5242] [M]: 0x00000000800254F4 (0x00A51513) slli a0, a0, 10
x10 <- 0x00000000B504F000
mem[X,0x00000000800254F8] -> 0x0513
mem[X,0x00000000800254FA] -> 0x3335
[5243] [M]: 0x00000000800254F8 (0x33350513) addi a0, a0, 819
x10 <- 0x00000000B504F333
mem[X,0x00000000800254FC] -> 0x0593
mem[X,0x00000000800254FE] -> 0x0050
[5244] [M]: 0x00000000800254FC (0x00500593) addi a1, zero, 5
x11 <- 0x0000000000000005
mem[X,0x0000000080025500] -> 0x0213
mem[X,0x0000000080025502] -> 0x0000
[5245] [M]: 0x0000000080025500 (0x00000213) addi tp, zero, 0
x4 <- 0x0000000000000000
mem[X,0x0000000080025504] -> 0x006F
mem[X,0x0000000080025506] -> 0x00C0
[5246] [M]: 0x0000000080025504 (0x00C0006F) jal zero, 12
mem[X,0x0000000080025510] -> 0x0663
mem[X,0x0000000080025512] -> 0x00B5
[5247] [M]: 0x0000000080025510 (0x00B50663) beq a0, a1, 12
mem[X,0x0000000080025514] -> 0x0213
mem[X,0x0000000080025516] -> 0x0022
[5248] [M]: 0x0000000080025514 (0x00220213) addi tp, tp, 2
x4 <- 0x0000000000000002
mem[X,0x0000000080025518] -> 0x006F
mem[X,0x000000008002551A] -> 0x00C0
[5249] [M]: 0x0000000080025518 (0x00C0006F) jal zero, 12
mem[X,0x0000000080025524] -> 0x3023
mem[X,0x0000000080025526] -> 0x2441
[5250] [M]: 0x0000000080025524 (0x24413023) sd tp, 576(sp)
mem[0x0000000080049C08] <- 0x0000000000000002
mem[X,0x0000000080025528] -> 0x0537
mem[X,0x000000008002552A] -> 0x0000
[5251] [M]: 0x0000000080025528 (0x00000537) lui a0, 0
x10 <- 0x0000000000000000
mem[X,0x000000008002552C] -> 0x0513
mem[X,0x000000008002552E] -> 0x0005
[5252] [M]: 0x000000008002552C (0x00050513) addi a0, a0, 0
x10 <- 0x0000000000000000
mem[X,0x0000000080025530] -> 0x1513
mem[X,0x0000000080025532] -> 0x00B5
[5253] [M]: 0x0000000080025530 (0x00B51513) slli a0, a0, 11
x10 <- 0x0000000000000000
mem[X,0x0000000080025534] -> 0x0513
mem[X,0x0000000080025536] -> 0x5A85
[5254] [M]: 0x0000000080025534 (0x5A850513) addi a0, a0, 1448
x10 <- 0x00000000000005A8
mem[X,0x0000000080025538] -> 0x1513
mem[X,0x000000008002553A] -> 0x00B5
[5255] [M]: 0x0000000080025538 (0x00B51513) slli a0, a0, 11
x10 <- 0x00000000002D4000
mem[X,0x000000008002553C] -> 0x0513
mem[X,0x000000008002553E] -> 0x13C5
[5256] [M]: 0x000000008002553C (0x13C50513) addi a0, a0, 316
x10 <- 0x00000000002D413C
mem[X,0x0000000080025540] -> 0x1513
mem[X,0x0000000080025542] -> 0x00A5
[5257] [M]: 0x0000000080025540 (0x00A51513) slli a0, a0, 10
x10 <- 0x00000000B504F000
mem[X,0x0000000080025544] -> 0x0513
mem[X,0x0000000080025546] -> 0x3335
[5258] [M]: 0x0000000080025544 (0x33350513) addi a0, a0, 819
x10 <- 0x00000000B504F333
mem[X,0x0000000080025548] -> 0x35B7
mem[X,0x000000008002554A] -> 0x3333
[5259] [M]: 0x0000000080025548 (0x333335B7) lui a1, 209715
x11 <- 0x0000000033333000
mem[X,0x000000008002554C] -> 0x8593
mem[X,0x000000008002554E] -> 0x3335
[5260] [M]: 0x000000008002554C (0x33358593) addi a1, a1, 819
x11 <- 0x0000000033333333
mem[X,0x0000000080025550] -> 0x9593
mem[X,0x0000000080025552] -> 0x00B5
[5261] [M]: 0x0000000080025550 (0x00B59593) slli a1, a1, 11
x11 <- 0x0000019999999800
mem[X,0x0000000080025554] -> 0x8593
mem[X,0x0000000080025556] -> 0x1995
[5262] [M]: 0x0000000080025554 (0x19958593) addi a1, a1, 409
x11 <- 0x0000019999999999
mem[X,0x0000000080025558] -> 0x9593
mem[X,0x000000008002555A] -> 0x00B5
[5263] [M]: 0x0000000080025558 (0x00B59593) slli a1, a1, 11
x11 <- 0x000CCCCCCCCCC800
mem[X,0x000000008002555C] -> 0x8593
mem[X,0x000000008002555E] -> 0x4CC5
[5264] [M]: 0x000000008002555C (0x4CC58593) addi a1, a1, 1228
x11 <- 0x000CCCCCCCCCCCCC
mem[X,0x0000000080025560] -> 0x9593
mem[X,0x0000000080025562] -> 0x00A5
[5265] [M]: 0x0000000080025560 (0x00A59593) slli a1, a1, 10
x11 <- 0x3333333333333000
mem[X,0x0000000080025564] -> 0x8593
mem[X,0x0000000080025566] -> 0x3335
[5266] [M]: 0x0000000080025564 (0x33358593) addi a1, a1, 819
x11 <- 0x3333333333333333
mem[X,0x0000000080025568] -> 0x0213
mem[X,0x000000008002556A] -> 0x0000
[5267] [M]: 0x0000000080025568 (0x00000213) addi tp, zero, 0
x4 <- 0x0000000000000000
mem[X,0x000000008002556C] -> 0x006F
mem[X,0x000000008002556E] -> 0x00C0
[5268] [M]: 0x000000008002556C (0x00C0006F) jal zero, 12
mem[X,0x0000000080025578] -> 0x0663
mem[X,0x000000008002557A] -> 0x00B5
[5269] [M]: 0x0000000080025578 (0x00B50663) beq a0, a1, 12
mem[X,0x000000008002557C] -> 0x0213
mem[X,0x000000008002557E] -> 0x0022
[5270] [M]: 0x000000008002557C (0x00220213) addi tp, tp, 2
x4 <- 0x0000000000000002
mem[X,0x0000000080025580] -> 0x006F
mem[X,0x0000000080025582] -> 0x00C0
[5271] [M]: 0x0000000080025580 (0x00C0006F) jal zero, 12
mem[X,0x000000008002558C] -> 0x3423
mem[X,0x000000008002558E] -> 0x2441
[5272] [M]: 0x000000008002558C (0x24413423) sd tp, 584(sp)
mem[0x0000000080049C10] <- 0x0000000000000002
mem[X,0x0000000080025590] -> 0x0537
mem[X,0x0000000080025592] -> 0x0000
[5273] [M]: 0x0000000080025590 (0x00000537) lui a0, 0
x10 <- 0x0000000000000000
mem[X,0x0000000080025594] -> 0x0513
mem[X,0x0000000080025596] -> 0x0005
[5274] [M]: 0x0000000080025594 (0x00050513) addi a0, a0, 0
x10 <- 0x0000000000000000
mem[X,0x0000000080025598] -> 0x1513
mem[X,0x000000008002559A] -> 0x00B5
[5275] [M]: 0x0000000080025598 (0x00B51513) slli a0, a0, 11
x10 <- 0x0000000000000000
mem[X,0x000000008002559C] -> 0x0513
mem[X,0x000000008002559E] -> 0x5A85
[5276] [M]: 0x000000008002559C (0x5A850513) addi a0, a0, 1448
x10 <- 0x00000000000005A8
mem[X,0x00000000800255A0] -> 0x1513
mem[X,0x00000000800255A2] -> 0x00B5
[5277] [M]: 0x00000000800255A0 (0x00B51513) slli a0, a0, 11
x10 <- 0x00000000002D4000
mem[X,0x00000000800255A4] -> 0x0513
mem[X,0x00000000800255A6] -> 0x13C5
[5278] [M]: 0x00000000800255A4 (0x13C50513) addi a0, a0, 316
x10 <- 0x00000000002D413C
mem[X,0x00000000800255A8] -> 0x1513
mem[X,0x00000000800255AA] -> 0x00A5
[5279] [M]: 0x00000000800255A8 (0x00A51513) slli a0, a0, 10
x10 <- 0x00000000B504F000
mem[X,0x00000000800255AC] -> 0x0513
mem[X,0x00000000800255AE] -> 0x3335
[5280] [M]: 0x00000000800255AC (0x33350513) addi a0, a0, 819
x10 <- 0x00000000B504F333
mem[X,0x00000000800255B0] -> 0x65B7
mem[X,0x00000000800255B2] -> 0x6666
[5281] [M]: 0x00000000800255B0 (0x666665B7) lui a1, 419430
x11 <- 0x0000000066666000
mem[X,0x00000000800255B4] -> 0x8593
mem[X,0x00000000800255B6] -> 0x6665
[5282] [M]: 0x00000000800255B4 (0x66658593) addi a1, a1, 1638
x11 <- 0x0000000066666666
mem[X,0x00000000800255B8] -> 0x9593
mem[X,0x00000000800255BA] -> 0x00B5
[5283] [M]: 0x00000000800255B8 (0x00B59593) slli a1, a1, 11
x11 <- 0x0000033333333000
mem[X,0x00000000800255BC] -> 0x8593
mem[X,0x00000000800255BE] -> 0x3335
[5284] [M]: 0x00000000800255BC (0x33358593) addi a1, a1, 819
x11 <- 0x0000033333333333
mem[X,0x00000000800255C0] -> 0x9593
mem[X,0x00000000800255C2] -> 0x00B5
[5285] [M]: 0x00000000800255C0 (0x00B59593) slli a1, a1, 11
x11 <- 0x0019999999999800
mem[X,0x00000000800255C4] -> 0x8593
mem[X,0x00000000800255C6] -> 0x1995
[5286] [M]: 0x00000000800255C4 (0x19958593) addi a1, a1, 409
x11 <- 0x0019999999999999
mem[X,0x00000000800255C8] -> 0x9593
mem[X,0x00000000800255CA] -> 0x00A5
[5287] [M]: 0x00000000800255C8 (0x00A59593) slli a1, a1, 10
x11 <- 0x6666666666666400
mem[X,0x00000000800255CC] -> 0x8593
mem[X,0x00000000800255CE] -> 0x2665
[5288] [M]: 0x00000000800255CC (0x26658593) addi a1, a1, 614
x11 <- 0x6666666666666666
mem[X,0x00000000800255D0] -> 0x0213
mem[X,0x00000000800255D2] -> 0x0000
[5289] [M]: 0x00000000800255D0 (0x00000213) addi tp, zero, 0
x4 <- 0x0000000000000000
mem[X,0x00000000800255D4] -> 0x006F
mem[X,0x00000000800255D6] -> 0x00C0
[5290] [M]: 0x00000000800255D4 (0x00C0006F) jal zero, 12
mem[X,0x00000000800255E0] -> 0x0863
mem[X,0x00000000800255E2] -> 0x00B5
[5291] [M]: 0x00000000800255E0 (0x00B50863) beq a0, a1, 16
mem[X,0x00000000800255E4] -> 0x0213
mem[X,0x00000000800255E6] -> 0x0022
[5292] [M]: 0x00000000800255E4 (0x00220213) addi tp, tp, 2
x4 <- 0x0000000000000002
mem[X,0x00000000800255E8] -> 0x006F
mem[X,0x00000000800255EA] -> 0x0100
[5293] [M]: 0x00000000800255E8 (0x0100006F) jal zero, 16
mem[X,0x00000000800255F8] -> 0x3823
mem[X,0x00000000800255FA] -> 0x2441
[5294] [M]: 0x00000000800255F8 (0x24413823) sd tp, 592(sp)
mem[0x0000000080049C18] <- 0x0000000000000002
mem[X,0x00000000800255FC] -> 0x0537
mem[X,0x00000000800255FE] -> 0x0000
[5295] [M]: 0x00000000800255FC (0x00000537) lui a0, 0
x10 <- 0x0000000000000000
mem[X,0x0000000080025600] -> 0x0513
mem[X,0x0000000080025602] -> 0x0005
[5296] [M]: 0x0000000080025600 (0x00050513) addi a0, a0, 0
x10 <- 0x0000000000000000
mem[X,0x0000000080025604] -> 0x1513
mem[X,0x0000000080025606] -> 0x00B5
[5297] [M]: 0x0000000080025604 (0x00B51513) slli a0, a0, 11
x10 <- 0x0000000000000000
mem[X,0x0000000080025608] -> 0x0513
mem[X,0x000000008002560A] -> 0x5A85
[5298] [M]: 0x0000000080025608 (0x5A850513) addi a0, a0, 1448
x10 <- 0x00000000000005A8
mem[X,0x000000008002560C] -> 0x1513
mem[X,0x000000008002560E] -> 0x00B5
[5299] [M]: 0x000000008002560C (0x00B51513) slli a0, a0, 11
x10 <- 0x00000000002D4000
clint::tick mtime <- 0x0000000000000035
 clint timer pending at mtime 0x0000000000000035
htif::tick 0x0000000000000000
mem[X,0x0000000080025610] -> 0x0513
mem[X,0x0000000080025612] -> 0x13C5
[5300] [M]: 0x0000000080025610 (0x13C50513) addi a0, a0, 316
x10 <- 0x00000000002D413C
mem[X,0x0000000080025614] -> 0x1513
mem[X,0x0000000080025616] -> 0x00A5
[5301] [M]: 0x0000000080025614 (0x00A51513) slli a0, a0, 10
x10 <- 0x00000000B504F000
mem[X,0x0000000080025618] -> 0x0513
mem[X,0x000000008002561A] -> 0x3335
[5302] [M]: 0x0000000080025618 (0x33350513) addi a0, a0, 819
x10 <- 0x00000000B504F333
mem[X,0x000000008002561C] -> 0x05B7
mem[X,0x000000008002561E] -> 0x0000
[5303] [M]: 0x000000008002561C (0x000005B7) lui a1, 0
x11 <- 0x0000000000000000
mem[X,0x0000000080025620] -> 0x8593
mem[X,0x0000000080025622] -> 0xFFF5
[5304] [M]: 0x0000000080025620 (0xFFF58593) addi a1, a1, 4095
x11 <- 0xFFFFFFFFFFFFFFFF
mem[X,0x0000000080025624] -> 0x9593
mem[X,0x0000000080025626] -> 0x00B5
[5305] [M]: 0x0000000080025624 (0x00B59593) slli a1, a1, 11
x11 <- 0xFFFFFFFFFFFFF800
mem[X,0x0000000080025628] -> 0x8593
mem[X,0x000000008002562A] -> 0x2575
[5306] [M]: 0x0000000080025628 (0x25758593) addi a1, a1, 599
x11 <- 0xFFFFFFFFFFFFFA57
mem[X,0x000000008002562C] -> 0x9593
mem[X,0x000000008002562E] -> 0x00B5
[5307] [M]: 0x000000008002562C (0x00B59593) slli a1, a1, 11
x11 <- 0xFFFFFFFFFFD2B800
mem[X,0x0000000080025630] -> 0x8593
mem[X,0x0000000080025632] -> 0x6C35
[5308] [M]: 0x0000000080025630 (0x6C358593) addi a1, a1, 1731
x11 <- 0xFFFFFFFFFFD2BEC3
mem[X,0x0000000080025634] -> 0x9593
mem[X,0x0000000080025636] -> 0x00A5
[5309] [M]: 0x0000000080025634 (0x00A59593) slli a1, a1, 10
x11 <- 0xFFFFFFFF4AFB0C00
mem[X,0x0000000080025638] -> 0x8593
mem[X,0x000000008002563A] -> 0x0CD5
[5310] [M]: 0x0000000080025638 (0x0CD58593) addi a1, a1, 205
x11 <- 0xFFFFFFFF4AFB0CCD
mem[X,0x000000008002563C] -> 0x0213
mem[X,0x000000008002563E] -> 0x0000
[5311] [M]: 0x000000008002563C (0x00000213) addi tp, zero, 0
x4 <- 0x0000000000000000
mem[X,0x0000000080025640] -> 0x006F
mem[X,0x0000000080025642] -> 0x00C0
[5312] [M]: 0x0000000080025640 (0x00C0006F) jal zero, 12
mem[X,0x000000008002564C] -> 0x0063
mem[X,0x000000008002564E] -> 0x10B5
[5313] [M]: 0x000000008002564C (0x10B50063) beq a0, a1, 256
mem[X,0x0000000080025650] -> 0x0213
mem[X,0x0000000080025652] -> 0x0022
[5314] [M]: 0x0000000080025650 (0x00220213) addi tp, tp, 2
x4 <- 0x0000000000000002
mem[X,0x0000000080025654] -> 0x006F
mem[X,0x0000000080025656] -> 0x1000
[5315] [M]: 0x0000000080025654 (0x1000006F) jal zero, 256
mem[X,0x0000000080025754] -> 0x3C23
mem[X,0x0000000080025756] -> 0x2441
[5316] [M]: 0x0000000080025754 (0x24413C23) sd tp, 600(sp)
mem[0x0000000080049C20] <- 0x0000000000000002
mem[X,0x0000000080025758] -> 0x0537
mem[X,0x000000008002575A] -> 0x0000
[5317] [M]: 0x0000000080025758 (0x00000537) lui a0, 0
x10 <- 0x0000000000000000
mem[X,0x000000008002575C] -> 0x0513
mem[X,0x000000008002575E] -> 0x0005
[5318] [M]: 0x000000008002575C (0x00050513) addi a0, a0, 0
x10 <- 0x0000000000000000
mem[X,0x0000000080025760] -> 0x1513
mem[X,0x0000000080025762] -> 0x00B5
[5319] [M]: 0x0000000080025760 (0x00B51513) slli a0, a0, 11
x10 <- 0x0000000000000000
mem[X,0x0000000080025764] -> 0x0513
mem[X,0x0000000080025766] -> 0x5A85
[5320] [M]: 0x0000000080025764 (0x5A850513) addi a0, a0, 1448
x10 <- 0x00000000000005A8
mem[X,0x0000000080025768] -> 0x1513
mem[X,0x000000008002576A] -> 0x00B5
[5321] [M]: 0x0000000080025768 (0x00B51513) slli a0, a0, 11
x10 <- 0x00000000002D4000
mem[X,0x000000008002576C] -> 0x0513
mem[X,0x000000008002576E] -> 0x13C5
[5322] [M]: 0x000000008002576C (0x13C50513) addi a0, a0, 316
x10 <- 0x00000000002D413C
mem[X,0x0000000080025770] -> 0x1513
mem[X,0x0000000080025772] -> 0x00A5
[5323] [M]: 0x0000000080025770 (0x00A51513) slli a0, a0, 10
x10 <- 0x00000000B504F000
mem[X,0x0000000080025774] -> 0x0513
mem[X,0x0000000080025776] -> 0x3335
[5324] [M]: 0x0000000080025774 (0x33350513) addi a0, a0, 819
x10 <- 0x00000000B504F333
mem[X,0x0000000080025778] -> 0x05B7
mem[X,0x000000008002577A] -> 0x0000
[5325] [M]: 0x0000000080025778 (0x000005B7) lui a1, 0
x11 <- 0x0000000000000000
mem[X,0x000000008002577C] -> 0x8593
mem[X,0x000000008002577E] -> 0x0005
[5326] [M]: 0x000000008002577C (0x00058593) addi a1, a1, 0
x11 <- 0x0000000000000000
mem[X,0x0000000080025780] -> 0x9593
mem[X,0x0000000080025782] -> 0x00B5
[5327] [M]: 0x0000000080025780 (0x00B59593) slli a1, a1, 11
x11 <- 0x0000000000000000
mem[X,0x0000000080025784] -> 0x8593
mem[X,0x0000000080025786] -> 0x5A85
[5328] [M]: 0x0000000080025784 (0x5A858593) addi a1, a1, 1448
x11 <- 0x00000000000005A8
mem[X,0x0000000080025788] -> 0x9593
mem[X,0x000000008002578A] -> 0x00B5
[5329] [M]: 0x0000000080025788 (0x00B59593) slli a1, a1, 11
x11 <- 0x00000000002D4000
mem[X,0x000000008002578C] -> 0x8593
mem[X,0x000000008002578E] -> 0x13C5
[5330] [M]: 0x000000008002578C (0x13C58593) addi a1, a1, 316
x11 <- 0x00000000002D413C
mem[X,0x0000000080025790] -> 0x9593
mem[X,0x0000000080025792] -> 0x00A5
[5331] [M]: 0x0000000080025790 (0x00A59593) slli a1, a1, 10
x11 <- 0x00000000B504F000
mem[X,0x0000000080025794] -> 0x8593
mem[X,0x0000000080025796] -> 0x3335
[5332] [M]: 0x0000000080025794 (0x33358593) addi a1, a1, 819
x11 <- 0x00000000B504F333
mem[X,0x0000000080025798] -> 0x0213
mem[X,0x000000008002579A] -> 0x0000
[5333] [M]: 0x0000000080025798 (0x00000213) addi tp, zero, 0
x4 <- 0x0000000000000000
mem[X,0x000000008002579C] -> 0x006F
mem[X,0x000000008002579E] -> 0x00C0
[5334] [M]: 0x000000008002579C (0x00C0006F) jal zero, 12
mem[X,0x00000000800257A8] -> 0x0063
mem[X,0x00000000800257AA] -> 0x04B5
[5335] [M]: 0x00000000800257A8 (0x04B50063) beq a0, a1, 64
mem[X,0x00000000800257E8] -> 0x0213
mem[X,0x00000000800257EA] -> 0x0032
[5336] [M]: 0x00000000800257E8 (0x00320213) addi tp, tp, 3
x4 <- 0x0000000000000003
mem[X,0x00000000800257EC] -> 0x006F
mem[X,0x00000000800257EE] -> 0x0040
[5337] [M]: 0x00000000800257EC (0x0040006F) jal zero, 4
mem[X,0x00000000800257F0] -> 0x3023
mem[X,0x00000000800257F2] -> 0x2641
[5338] [M]: 0x00000000800257F0 (0x26413023) sd tp, 608(sp)
mem[0x0000000080049C28] <- 0x0000000000000003
mem[X,0x00000000800257F4] -> 0x0537
mem[X,0x00000000800257F6] -> 0x0000
[5339] [M]: 0x00000000800257F4 (0x00000537) lui a0, 0
x10 <- 0x0000000000000000
mem[X,0x00000000800257F8] -> 0x0513
mem[X,0x00000000800257FA] -> 0x0005
[5340] [M]: 0x00000000800257F8 (0x00050513) addi a0, a0, 0
x10 <- 0x0000000000000000
mem[X,0x00000000800257FC] -> 0x1513
mem[X,0x00000000800257FE] -> 0x00B5
[5341] [M]: 0x00000000800257FC (0x00B51513) slli a0, a0, 11
x10 <- 0x0000000000000000
mem[X,0x0000000080025800] -> 0x0513
mem[X,0x0000000080025802] -> 0x5A85
[5342] [M]: 0x0000000080025800 (0x5A850513) addi a0, a0, 1448
x10 <- 0x00000000000005A8
mem[X,0x0000000080025804] -> 0x1513
mem[X,0x0000000080025806] -> 0x00B5
[5343] [M]: 0x0000000080025804 (0x00B51513) slli a0, a0, 11
x10 <- 0x00000000002D4000
mem[X,0x0000000080025808] -> 0x0513
mem[X,0x000000008002580A] -> 0x13C5
[5344] [M]: 0x0000000080025808 (0x13C50513) addi a0, a0, 316
x10 <- 0x00000000002D413C
mem[X,0x000000008002580C] -> 0x1513
mem[X,0x000000008002580E] -> 0x00A5
[5345] [M]: 0x000000008002580C (0x00A51513) slli a0, a0, 10
x10 <- 0x00000000B504F000
mem[X,0x0000000080025810] -> 0x0513
mem[X,0x0000000080025812] -> 0x3335
[5346] [M]: 0x0000000080025810 (0x33350513) addi a0, a0, 819
x10 <- 0x00000000B504F333
mem[X,0x0000000080025814] -> 0x0593
mem[X,0x0000000080025816] -> 0x0020
[5347] [M]: 0x0000000080025814 (0x00200593) addi a1, zero, 2
x11 <- 0x0000000000000002
mem[X,0x0000000080025818] -> 0x0213
mem[X,0x000000008002581A] -> 0x0000
[5348] [M]: 0x0000000080025818 (0x00000213) addi tp, zero, 0
x4 <- 0x0000000000000000
mem[X,0x000000008002581C] -> 0x006F
mem[X,0x000000008002581E] -> 0x00C0
[5349] [M]: 0x000000008002581C (0x00C0006F) jal zero, 12
mem[X,0x0000000080025828] -> 0x0663
mem[X,0x000000008002582A] -> 0x00B5
[5350] [M]: 0x0000000080025828 (0x00B50663) beq a0, a1, 12
mem[X,0x000000008002582C] -> 0x0213
mem[X,0x000000008002582E] -> 0x0022
[5351] [M]: 0x000000008002582C (0x00220213) addi tp, tp, 2
x4 <- 0x0000000000000002
mem[X,0x0000000080025830] -> 0x006F
mem[X,0x0000000080025832] -> 0x00C0
[5352] [M]: 0x0000000080025830 (0x00C0006F) jal zero, 12
mem[X,0x000000008002583C] -> 0x3423
mem[X,0x000000008002583E] -> 0x2641
[5353] [M]: 0x000000008002583C (0x26413423) sd tp, 616(sp)
mem[0x0000000080049C30] <- 0x0000000000000002
mem[X,0x0000000080025840] -> 0x0537
mem[X,0x0000000080025842] -> 0x0000
[5354] [M]: 0x0000000080025840 (0x00000537) lui a0, 0
x10 <- 0x0000000000000000
mem[X,0x0000000080025844] -> 0x0513
mem[X,0x0000000080025846] -> 0x0005
[5355] [M]: 0x0000000080025844 (0x00050513) addi a0, a0, 0
x10 <- 0x0000000000000000
mem[X,0x0000000080025848] -> 0x1513
mem[X,0x000000008002584A] -> 0x00B5
[5356] [M]: 0x0000000080025848 (0x00B51513) slli a0, a0, 11
x10 <- 0x0000000000000000
mem[X,0x000000008002584C] -> 0x0513
mem[X,0x000000008002584E] -> 0x5A85
[5357] [M]: 0x000000008002584C (0x5A850513) addi a0, a0, 1448
x10 <- 0x00000000000005A8
mem[X,0x0000000080025850] -> 0x1513
mem[X,0x0000000080025852] -> 0x00B5
[5358] [M]: 0x0000000080025850 (0x00B51513) slli a0, a0, 11
x10 <- 0x00000000002D4000
mem[X,0x0000000080025854] -> 0x0513
mem[X,0x0000000080025856] -> 0x13C5
[5359] [M]: 0x0000000080025854 (0x13C50513) addi a0, a0, 316
x10 <- 0x00000000002D413C
mem[X,0x0000000080025858] -> 0x1513
mem[X,0x000000008002585A] -> 0x00A5
[5360] [M]: 0x0000000080025858 (0x00A51513) slli a0, a0, 10
x10 <- 0x00000000B504F000
mem[X,0x000000008002585C] -> 0x0513
mem[X,0x000000008002585E] -> 0x3335
[5361] [M]: 0x000000008002585C (0x33350513) addi a0, a0, 819
x10 <- 0x00000000B504F333
mem[X,0x0000000080025860] -> 0x55B7
mem[X,0x0000000080025862] -> 0x5555
[5362] [M]: 0x0000000080025860 (0x555555B7) lui a1, 349525
x11 <- 0x0000000055555000
mem[X,0x0000000080025864] -> 0x8593
mem[X,0x0000000080025866] -> 0x5555
[5363] [M]: 0x0000000080025864 (0x55558593) addi a1, a1, 1365
x11 <- 0x0000000055555555
mem[X,0x0000000080025868] -> 0x9593
mem[X,0x000000008002586A] -> 0x00B5
[5364] [M]: 0x0000000080025868 (0x00B59593) slli a1, a1, 11
x11 <- 0x000002AAAAAAA800
mem[X,0x000000008002586C] -> 0x8593
mem[X,0x000000008002586E] -> 0x2AA5
[5365] [M]: 0x000000008002586C (0x2AA58593) addi a1, a1, 682
x11 <- 0x000002AAAAAAAAAA
mem[X,0x0000000080025870] -> 0x9593
mem[X,0x0000000080025872] -> 0x00B5
[5366] [M]: 0x0000000080025870 (0x00B59593) slli a1, a1, 11
x11 <- 0x0015555555555000
mem[X,0x0000000080025874] -> 0x8593
mem[X,0x0000000080025876] -> 0x5555
[5367] [M]: 0x0000000080025874 (0x55558593) addi a1, a1, 1365
x11 <- 0x0015555555555555
mem[X,0x0000000080025878] -> 0x9593
mem[X,0x000000008002587A] -> 0x00A5
[5368] [M]: 0x0000000080025878 (0x00A59593) slli a1, a1, 10
x11 <- 0x5555555555555400
mem[X,0x000000008002587C] -> 0x8593
mem[X,0x000000008002587E] -> 0x1545
[5369] [M]: 0x000000008002587C (0x15458593) addi a1, a1, 340
x11 <- 0x5555555555555554
mem[X,0x0000000080025880] -> 0x0213
mem[X,0x0000000080025882] -> 0x0000
[5370] [M]: 0x0000000080025880 (0x00000213) addi tp, zero, 0
x4 <- 0x0000000000000000
mem[X,0x0000000080025884] -> 0x006F
mem[X,0x0000000080025886] -> 0x0100
[5371] [M]: 0x0000000080025884 (0x0100006F) jal zero, 16
mem[X,0x0000000080025894] -> 0x0AE3
mem[X,0x0000000080025896] -> 0xFEB5
[5372] [M]: 0x0000000080025894 (0xFEB50AE3) beq a0, a1, 8180
mem[X,0x0000000080025898] -> 0x0213
mem[X,0x000000008002589A] -> 0x0022
[5373] [M]: 0x0000000080025898 (0x00220213) addi tp, tp, 2
x4 <- 0x0000000000000002
mem[X,0x000000008002589C] -> 0x006F
mem[X,0x000000008002589E] -> 0x00C0
[5374] [M]: 0x000000008002589C (0x00C0006F) jal zero, 12
mem[X,0x00000000800258A8] -> 0x3823
mem[X,0x00000000800258AA] -> 0x2641
[5375] [M]: 0x00000000800258A8 (0x26413823) sd tp, 624(sp)
mem[0x0000000080049C38] <- 0x0000000000000002
mem[X,0x00000000800258AC] -> 0x0537
mem[X,0x00000000800258AE] -> 0x0000
[5376] [M]: 0x00000000800258AC (0x00000537) lui a0, 0
x10 <- 0x0000000000000000
mem[X,0x00000000800258B0] -> 0x0513
mem[X,0x00000000800258B2] -> 0x0005
[5377] [M]: 0x00000000800258B0 (0x00050513) addi a0, a0, 0
x10 <- 0x0000000000000000
mem[X,0x00000000800258B4] -> 0x1513
mem[X,0x00000000800258B6] -> 0x00B5
[5378] [M]: 0x00000000800258B4 (0x00B51513) slli a0, a0, 11
x10 <- 0x0000000000000000
mem[X,0x00000000800258B8] -> 0x0513
mem[X,0x00000000800258BA] -> 0x5A85
[5379] [M]: 0x00000000800258B8 (0x5A850513) addi a0, a0, 1448
x10 <- 0x00000000000005A8
mem[X,0x00000000800258BC] -> 0x1513
mem[X,0x00000000800258BE] -> 0x00B5
[5380] [M]: 0x00000000800258BC (0x00B51513) slli a0, a0, 11
x10 <- 0x00000000002D4000
mem[X,0x00000000800258C0] -> 0x0513
mem[X,0x00000000800258C2] -> 0x13C5
[5381] [M]: 0x00000000800258C0 (0x13C50513) addi a0, a0, 316
x10 <- 0x00000000002D413C
mem[X,0x00000000800258C4] -> 0x1513
mem[X,0x00000000800258C6] -> 0x00A5
[5382] [M]: 0x00000000800258C4 (0x00A51513) slli a0, a0, 10
x10 <- 0x00000000B504F000
mem[X,0x00000000800258C8] -> 0x0513
mem[X,0x00000000800258CA] -> 0x3335
[5383] [M]: 0x00000000800258C8 (0x33350513) addi a0, a0, 819
x10 <- 0x00000000B504F333
mem[X,0x00000000800258CC] -> 0x0593
mem[X,0x00000000800258CE] -> 0x0000
[5384] [M]: 0x00000000800258CC (0x00000593) addi a1, zero, 0
x11 <- 0x0000000000000000
mem[X,0x00000000800258D0] -> 0x0213
mem[X,0x00000000800258D2] -> 0x0000
[5385] [M]: 0x00000000800258D0 (0x00000213) addi tp, zero, 0
x4 <- 0x0000000000000000
mem[X,0x00000000800258D4] -> 0x006F
mem[X,0x00000000800258D6] -> 0x2B10
[5386] [M]: 0x00000000800258D4 (0x2B10006F) jal zero, 2736
mem[X,0x0000000080026384] -> 0x0A63
mem[X,0x0000000080026386] -> 0xD4B5
[5387] [M]: 0x0000000080026384 (0xD4B50A63) beq a0, a1, 5460
mem[X,0x0000000080026388] -> 0x0213
mem[X,0x000000008002638A] -> 0x0022
[5388] [M]: 0x0000000080026388 (0x00220213) addi tp, tp, 2
x4 <- 0x0000000000000002
mem[X,0x000000008002638C] -> 0x006F
mem[X,0x000000008002638E] -> 0x00C0
[5389] [M]: 0x000000008002638C (0x00C0006F) jal zero, 12
mem[X,0x0000000080026398] -> 0x3C23
mem[X,0x000000008002639A] -> 0x2641
[5390] [M]: 0x0000000080026398 (0x26413C23) sd tp, 632(sp)
mem[0x0000000080049C40] <- 0x0000000000000002
mem[X,0x000000008002639C] -> 0x0537
mem[X,0x000000008002639E] -> 0x0000
[5391] [M]: 0x000000008002639C (0x00000537) lui a0, 0
x10 <- 0x0000000000000000
mem[X,0x00000000800263A0] -> 0x0513
mem[X,0x00000000800263A2] -> 0x0005
[5392] [M]: 0x00000000800263A0 (0x00050513) addi a0, a0, 0
x10 <- 0x0000000000000000
mem[X,0x00000000800263A4] -> 0x1513
mem[X,0x00000000800263A6] -> 0x00B5
[5393] [M]: 0x00000000800263A4 (0x00B51513) slli a0, a0, 11
x10 <- 0x0000000000000000
mem[X,0x00000000800263A8] -> 0x0513
mem[X,0x00000000800263AA] -> 0x5A85
[5394] [M]: 0x00000000800263A8 (0x5A850513) addi a0, a0, 1448
x10 <- 0x00000000000005A8
mem[X,0x00000000800263AC] -> 0x1513
mem[X,0x00000000800263AE] -> 0x00B5
[5395] [M]: 0x00000000800263AC (0x00B51513) slli a0, a0, 11
x10 <- 0x00000000002D4000
mem[X,0x00000000800263B0] -> 0x0513
mem[X,0x00000000800263B2] -> 0x13C5
[5396] [M]: 0x00000000800263B0 (0x13C50513) addi a0, a0, 316
x10 <- 0x00000000002D413C
mem[X,0x00000000800263B4] -> 0x1513
mem[X,0x00000000800263B6] -> 0x00A5
[5397] [M]: 0x00000000800263B4 (0x00A51513) slli a0, a0, 10
x10 <- 0x00000000B504F000
mem[X,0x00000000800263B8] -> 0x0513
mem[X,0x00000000800263BA] -> 0x3335
[5398] [M]: 0x00000000800263B8 (0x33350513) addi a0, a0, 819
x10 <- 0x00000000B504F333
mem[X,0x00000000800263BC] -> 0x0593
mem[X,0x00000000800263BE] -> 0x0040
[5399] [M]: 0x00000000800263BC (0x00400593) addi a1, zero, 4
x11 <- 0x0000000000000004
clint::tick mtime <- 0x0000000000000036
 clint timer pending at mtime 0x0000000000000036
htif::tick 0x0000000000000000
mem[X,0x00000000800263C0] -> 0x0213
mem[X,0x00000000800263C2] -> 0x0000
[5400] [M]: 0x00000000800263C0 (0x00000213) addi tp, zero, 0
x4 <- 0x0000000000000000
mem[X,0x00000000800263C4] -> 0x006F
mem[X,0x00000000800263C6] -> 0x00C0
[5401] [M]: 0x00000000800263C4 (0x00C0006F) jal zero, 12
mem[X,0x00000000800263D0] -> 0x0663
mem[X,0x00000000800263D2] -> 0x00B5
[5402] [M]: 0x00000000800263D0 (0x00B50663) beq a0, a1, 12
mem[X,0x00000000800263D4] -> 0x0213
mem[X,0x00000000800263D6] -> 0x0022
[5403] [M]: 0x00000000800263D4 (0x00220213) addi tp, tp, 2
x4 <- 0x0000000000000002
mem[X,0x00000000800263D8] -> 0x006F
mem[X,0x00000000800263DA] -> 0x00C0
[5404] [M]: 0x00000000800263D8 (0x00C0006F) jal zero, 12
mem[X,0x00000000800263E4] -> 0x3023
mem[X,0x00000000800263E6] -> 0x2841
[5405] [M]: 0x00000000800263E4 (0x28413023) sd tp, 640(sp)
mem[0x0000000080049C48] <- 0x0000000000000002
mem[X,0x00000000800263E8] -> 0x0537
mem[X,0x00000000800263EA] -> 0x0000
[5406] [M]: 0x00000000800263E8 (0x00000537) lui a0, 0
x10 <- 0x0000000000000000
mem[X,0x00000000800263EC] -> 0x0513
mem[X,0x00000000800263EE] -> 0x0005
[5407] [M]: 0x00000000800263EC (0x00050513) addi a0, a0, 0
x10 <- 0x0000000000000000
mem[X,0x00000000800263F0] -> 0x1513
mem[X,0x00000000800263F2] -> 0x00B5
[5408] [M]: 0x00000000800263F0 (0x00B51513) slli a0, a0, 11
x10 <- 0x0000000000000000
mem[X,0x00000000800263F4] -> 0x0513
mem[X,0x00000000800263F6] -> 0x5A85
[5409] [M]: 0x00000000800263F4 (0x5A850513) addi a0, a0, 1448
x10 <- 0x00000000000005A8
mem[X,0x00000000800263F8] -> 0x1513
mem[X,0x00000000800263FA] -> 0x00B5
[5410] [M]: 0x00000000800263F8 (0x00B51513) slli a0, a0, 11
x10 <- 0x00000000002D4000
mem[X,0x00000000800263FC] -> 0x0513
mem[X,0x00000000800263FE] -> 0x13C5
[5411] [M]: 0x00000000800263FC (0x13C50513) addi a0, a0, 316
x10 <- 0x00000000002D413C
mem[X,0x0000000080026400] -> 0x1513
mem[X,0x0000000080026402] -> 0x00A5
[5412] [M]: 0x0000000080026400 (0x00A51513) slli a0, a0, 10
x10 <- 0x00000000B504F000
mem[X,0x0000000080026404] -> 0x0513
mem[X,0x0000000080026406] -> 0x3335
[5413] [M]: 0x0000000080026404 (0x33350513) addi a0, a0, 819
x10 <- 0x00000000B504F333
mem[X,0x0000000080026408] -> 0x35B7
mem[X,0x000000008002640A] -> 0x3333
[5414] [M]: 0x0000000080026408 (0x333335B7) lui a1, 209715
x11 <- 0x0000000033333000
mem[X,0x000000008002640C] -> 0x8593
mem[X,0x000000008002640E] -> 0x3335
[5415] [M]: 0x000000008002640C (0x33358593) addi a1, a1, 819
x11 <- 0x0000000033333333
mem[X,0x0000000080026410] -> 0x9593
mem[X,0x0000000080026412] -> 0x00B5
[5416] [M]: 0x0000000080026410 (0x00B59593) slli a1, a1, 11
x11 <- 0x0000019999999800
mem[X,0x0000000080026414] -> 0x8593
mem[X,0x0000000080026416] -> 0x1995
[5417] [M]: 0x0000000080026414 (0x19958593) addi a1, a1, 409
x11 <- 0x0000019999999999
mem[X,0x0000000080026418] -> 0x9593
mem[X,0x000000008002641A] -> 0x00B5
[5418] [M]: 0x0000000080026418 (0x00B59593) slli a1, a1, 11
x11 <- 0x000CCCCCCCCCC800
mem[X,0x000000008002641C] -> 0x8593
mem[X,0x000000008002641E] -> 0x4CC5
[5419] [M]: 0x000000008002641C (0x4CC58593) addi a1, a1, 1228
x11 <- 0x000CCCCCCCCCCCCC
mem[X,0x0000000080026420] -> 0x9593
mem[X,0x0000000080026422] -> 0x00A5
[5420] [M]: 0x0000000080026420 (0x00A59593) slli a1, a1, 10
x11 <- 0x3333333333333000
mem[X,0x0000000080026424] -> 0x8593
mem[X,0x0000000080026426] -> 0x3325
[5421] [M]: 0x0000000080026424 (0x33258593) addi a1, a1, 818
x11 <- 0x3333333333333332
mem[X,0x0000000080026428] -> 0x0213
mem[X,0x000000008002642A] -> 0x0000
[5422] [M]: 0x0000000080026428 (0x00000213) addi tp, zero, 0
x4 <- 0x0000000000000000
mem[X,0x000000008002642C] -> 0x006F
mem[X,0x000000008002642E] -> 0x00C0
[5423] [M]: 0x000000008002642C (0x00C0006F) jal zero, 12
mem[X,0x0000000080026438] -> 0x0063
mem[X,0x000000008002643A] -> 0x10B5
[5424] [M]: 0x0000000080026438 (0x10B50063) beq a0, a1, 256
mem[X,0x000000008002643C] -> 0x0213
mem[X,0x000000008002643E] -> 0x0022
[5425] [M]: 0x000000008002643C (0x00220213) addi tp, tp, 2
x4 <- 0x0000000000000002
mem[X,0x0000000080026440] -> 0x006F
mem[X,0x0000000080026442] -> 0x1000
[5426] [M]: 0x0000000080026440 (0x1000006F) jal zero, 256
mem[X,0x0000000080026540] -> 0x3423
mem[X,0x0000000080026542] -> 0x2841
[5427] [M]: 0x0000000080026540 (0x28413423) sd tp, 648(sp)
mem[0x0000000080049C50] <- 0x0000000000000002
mem[X,0x0000000080026544] -> 0x0537
mem[X,0x0000000080026546] -> 0x0000
[5428] [M]: 0x0000000080026544 (0x00000537) lui a0, 0
x10 <- 0x0000000000000000
mem[X,0x0000000080026548] -> 0x0513
mem[X,0x000000008002654A] -> 0x0005
[5429] [M]: 0x0000000080026548 (0x00050513) addi a0, a0, 0
x10 <- 0x0000000000000000
mem[X,0x000000008002654C] -> 0x1513
mem[X,0x000000008002654E] -> 0x00B5
[5430] [M]: 0x000000008002654C (0x00B51513) slli a0, a0, 11
x10 <- 0x0000000000000000
mem[X,0x0000000080026550] -> 0x0513
mem[X,0x0000000080026552] -> 0x5A85
[5431] [M]: 0x0000000080026550 (0x5A850513) addi a0, a0, 1448
x10 <- 0x00000000000005A8
mem[X,0x0000000080026554] -> 0x1513
mem[X,0x0000000080026556] -> 0x00B5
[5432] [M]: 0x0000000080026554 (0x00B51513) slli a0, a0, 11
x10 <- 0x00000000002D4000
mem[X,0x0000000080026558] -> 0x0513
mem[X,0x000000008002655A] -> 0x13C5
[5433] [M]: 0x0000000080026558 (0x13C50513) addi a0, a0, 316
x10 <- 0x00000000002D413C
mem[X,0x000000008002655C] -> 0x1513
mem[X,0x000000008002655E] -> 0x00A5
[5434] [M]: 0x000000008002655C (0x00A51513) slli a0, a0, 10
x10 <- 0x00000000B504F000
mem[X,0x0000000080026560] -> 0x0513
mem[X,0x0000000080026562] -> 0x3335
[5435] [M]: 0x0000000080026560 (0x33350513) addi a0, a0, 819
x10 <- 0x00000000B504F333
mem[X,0x0000000080026564] -> 0x65B7
mem[X,0x0000000080026566] -> 0x6666
[5436] [M]: 0x0000000080026564 (0x666665B7) lui a1, 419430
x11 <- 0x0000000066666000
mem[X,0x0000000080026568] -> 0x8593
mem[X,0x000000008002656A] -> 0x6665
[5437] [M]: 0x0000000080026568 (0x66658593) addi a1, a1, 1638
x11 <- 0x0000000066666666
mem[X,0x000000008002656C] -> 0x9593
mem[X,0x000000008002656E] -> 0x00B5
[5438] [M]: 0x000000008002656C (0x00B59593) slli a1, a1, 11
x11 <- 0x0000033333333000
mem[X,0x0000000080026570] -> 0x8593
mem[X,0x0000000080026572] -> 0x3335
[5439] [M]: 0x0000000080026570 (0x33358593) addi a1, a1, 819
x11 <- 0x0000033333333333
mem[X,0x0000000080026574] -> 0x9593
mem[X,0x0000000080026576] -> 0x00B5
[5440] [M]: 0x0000000080026574 (0x00B59593) slli a1, a1, 11
x11 <- 0x0019999999999800
mem[X,0x0000000080026578] -> 0x8593
mem[X,0x000000008002657A] -> 0x1995
[5441] [M]: 0x0000000080026578 (0x19958593) addi a1, a1, 409
x11 <- 0x0019999999999999
mem[X,0x000000008002657C] -> 0x9593
mem[X,0x000000008002657E] -> 0x00A5
[5442] [M]: 0x000000008002657C (0x00A59593) slli a1, a1, 10
x11 <- 0x6666666666666400
mem[X,0x0000000080026580] -> 0x8593
mem[X,0x0000000080026582] -> 0x2655
[5443] [M]: 0x0000000080026580 (0x26558593) addi a1, a1, 613
x11 <- 0x6666666666666665
mem[X,0x0000000080026584] -> 0x0213
mem[X,0x0000000080026586] -> 0x0000
[5444] [M]: 0x0000000080026584 (0x00000213) addi tp, zero, 0
x4 <- 0x0000000000000000
mem[X,0x0000000080026588] -> 0x006F
mem[X,0x000000008002658A] -> 0x00C0
[5445] [M]: 0x0000000080026588 (0x00C0006F) jal zero, 12
mem[X,0x0000000080026594] -> 0x0CE3
mem[X,0x0000000080026596] -> 0xFEB5
[5446] [M]: 0x0000000080026594 (0xFEB50CE3) beq a0, a1, 8184
mem[X,0x0000000080026598] -> 0x0213
mem[X,0x000000008002659A] -> 0x0022
[5447] [M]: 0x0000000080026598 (0x00220213) addi tp, tp, 2
x4 <- 0x0000000000000002
mem[X,0x000000008002659C] -> 0x006F
mem[X,0x000000008002659E] -> 0x00C0
[5448] [M]: 0x000000008002659C (0x00C0006F) jal zero, 12
mem[X,0x00000000800265A8] -> 0x3823
mem[X,0x00000000800265AA] -> 0x2841
[5449] [M]: 0x00000000800265A8 (0x28413823) sd tp, 656(sp)
mem[0x0000000080049C58] <- 0x0000000000000002
mem[X,0x00000000800265AC] -> 0x0537
mem[X,0x00000000800265AE] -> 0x0000
[5450] [M]: 0x00000000800265AC (0x00000537) lui a0, 0
x10 <- 0x0000000000000000
mem[X,0x00000000800265B0] -> 0x0513
mem[X,0x00000000800265B2] -> 0x0005
[5451] [M]: 0x00000000800265B0 (0x00050513) addi a0, a0, 0
x10 <- 0x0000000000000000
mem[X,0x00000000800265B4] -> 0x1513
mem[X,0x00000000800265B6] -> 0x00B5
[5452] [M]: 0x00000000800265B4 (0x00B51513) slli a0, a0, 11
x10 <- 0x0000000000000000
mem[X,0x00000000800265B8] -> 0x0513
mem[X,0x00000000800265BA] -> 0x5A85
[5453] [M]: 0x00000000800265B8 (0x5A850513) addi a0, a0, 1448
x10 <- 0x00000000000005A8
mem[X,0x00000000800265BC] -> 0x1513
mem[X,0x00000000800265BE] -> 0x00B5
[5454] [M]: 0x00000000800265BC (0x00B51513) slli a0, a0, 11
x10 <- 0x00000000002D4000
mem[X,0x00000000800265C0] -> 0x0513
mem[X,0x00000000800265C2] -> 0x13C5
[5455] [M]: 0x00000000800265C0 (0x13C50513) addi a0, a0, 316
x10 <- 0x00000000002D413C
mem[X,0x00000000800265C4] -> 0x1513
mem[X,0x00000000800265C6] -> 0x00A5
[5456] [M]: 0x00000000800265C4 (0x00A51513) slli a0, a0, 10
x10 <- 0x00000000B504F000
mem[X,0x00000000800265C8] -> 0x0513
mem[X,0x00000000800265CA] -> 0x3335
[5457] [M]: 0x00000000800265C8 (0x33350513) addi a0, a0, 819
x10 <- 0x00000000B504F333
mem[X,0x00000000800265CC] -> 0x05B7
mem[X,0x00000000800265CE] -> 0x0000
[5458] [M]: 0x00000000800265CC (0x000005B7) lui a1, 0
x11 <- 0x0000000000000000
mem[X,0x00000000800265D0] -> 0x8593
mem[X,0x00000000800265D2] -> 0x0005
[5459] [M]: 0x00000000800265D0 (0x00058593) addi a1, a1, 0
x11 <- 0x0000000000000000
mem[X,0x00000000800265D4] -> 0x9593
mem[X,0x00000000800265D6] -> 0x00B5
[5460] [M]: 0x00000000800265D4 (0x00B59593) slli a1, a1, 11
x11 <- 0x0000000000000000
mem[X,0x00000000800265D8] -> 0x8593
mem[X,0x00000000800265DA] -> 0x5A85
[5461] [M]: 0x00000000800265D8 (0x5A858593) addi a1, a1, 1448
x11 <- 0x00000000000005A8
mem[X,0x00000000800265DC] -> 0x9593
mem[X,0x00000000800265DE] -> 0x00B5
[5462] [M]: 0x00000000800265DC (0x00B59593) slli a1, a1, 11
x11 <- 0x00000000002D4000
mem[X,0x00000000800265E0] -> 0x8593
mem[X,0x00000000800265E2] -> 0x13C5
[5463] [M]: 0x00000000800265E0 (0x13C58593) addi a1, a1, 316
x11 <- 0x00000000002D413C
mem[X,0x00000000800265E4] -> 0x9593
mem[X,0x00000000800265E6] -> 0x00A5
[5464] [M]: 0x00000000800265E4 (0x00A59593) slli a1, a1, 10
x11 <- 0x00000000B504F000
mem[X,0x00000000800265E8] -> 0x8593
mem[X,0x00000000800265EA] -> 0x3325
[5465] [M]: 0x00000000800265E8 (0x33258593) addi a1, a1, 818
x11 <- 0x00000000B504F332
mem[X,0x00000000800265EC] -> 0x0213
mem[X,0x00000000800265EE] -> 0x0000
[5466] [M]: 0x00000000800265EC (0x00000213) addi tp, zero, 0
x4 <- 0x0000000000000000
mem[X,0x00000000800265F0] -> 0x006F
mem[X,0x00000000800265F2] -> 0x0140
[5467] [M]: 0x00000000800265F0 (0x0140006F) jal zero, 20
mem[X,0x0000000080026604] -> 0x08E3
mem[X,0x0000000080026606] -> 0xFEB5
[5468] [M]: 0x0000000080026604 (0xFEB508E3) beq a0, a1, 8176
mem[X,0x0000000080026608] -> 0x0213
mem[X,0x000000008002660A] -> 0x0022
[5469] [M]: 0x0000000080026608 (0x00220213) addi tp, tp, 2
x4 <- 0x0000000000000002
mem[X,0x000000008002660C] -> 0x006F
mem[X,0x000000008002660E] -> 0x00C0
[5470] [M]: 0x000000008002660C (0x00C0006F) jal zero, 12
mem[X,0x0000000080026618] -> 0x3C23
mem[X,0x000000008002661A] -> 0x2841
[5471] [M]: 0x0000000080026618 (0x28413C23) sd tp, 664(sp)
mem[0x0000000080049C60] <- 0x0000000000000002
mem[X,0x000000008002661C] -> 0x0537
mem[X,0x000000008002661E] -> 0x0000
[5472] [M]: 0x000000008002661C (0x00000537) lui a0, 0
x10 <- 0x0000000000000000
mem[X,0x0000000080026620] -> 0x0513
mem[X,0x0000000080026622] -> 0x0005
[5473] [M]: 0x0000000080026620 (0x00050513) addi a0, a0, 0
x10 <- 0x0000000000000000
mem[X,0x0000000080026624] -> 0x1513
mem[X,0x0000000080026626] -> 0x00B5
[5474] [M]: 0x0000000080026624 (0x00B51513) slli a0, a0, 11
x10 <- 0x0000000000000000
mem[X,0x0000000080026628] -> 0x0513
mem[X,0x000000008002662A] -> 0x5A85
[5475] [M]: 0x0000000080026628 (0x5A850513) addi a0, a0, 1448
x10 <- 0x00000000000005A8
mem[X,0x000000008002662C] -> 0x1513
mem[X,0x000000008002662E] -> 0x00B5
[5476] [M]: 0x000000008002662C (0x00B51513) slli a0, a0, 11
x10 <- 0x00000000002D4000
mem[X,0x0000000080026630] -> 0x0513
mem[X,0x0000000080026632] -> 0x13C5
[5477] [M]: 0x0000000080026630 (0x13C50513) addi a0, a0, 316
x10 <- 0x00000000002D413C
mem[X,0x0000000080026634] -> 0x1513
mem[X,0x0000000080026636] -> 0x00A5
[5478] [M]: 0x0000000080026634 (0x00A51513) slli a0, a0, 10
x10 <- 0x00000000B504F000
mem[X,0x0000000080026638] -> 0x0513
mem[X,0x000000008002663A] -> 0x3335
[5479] [M]: 0x0000000080026638 (0x33350513) addi a0, a0, 819
x10 <- 0x00000000B504F333
mem[X,0x000000008002663C] -> 0x55B7
mem[X,0x000000008002663E] -> 0x5555
[5480] [M]: 0x000000008002663C (0x555555B7) lui a1, 349525
x11 <- 0x0000000055555000
mem[X,0x0000000080026640] -> 0x8593
mem[X,0x0000000080026642] -> 0x5555
[5481] [M]: 0x0000000080026640 (0x55558593) addi a1, a1, 1365
x11 <- 0x0000000055555555
mem[X,0x0000000080026644] -> 0x9593
mem[X,0x0000000080026646] -> 0x00B5
[5482] [M]: 0x0000000080026644 (0x00B59593) slli a1, a1, 11
x11 <- 0x000002AAAAAAA800
mem[X,0x0000000080026648] -> 0x8593
mem[X,0x000000008002664A] -> 0x2AA5
[5483] [M]: 0x0000000080026648 (0x2AA58593) addi a1, a1, 682
x11 <- 0x000002AAAAAAAAAA
mem[X,0x000000008002664C] -> 0x9593
mem[X,0x000000008002664E] -> 0x00B5
[5484] [M]: 0x000000008002664C (0x00B59593) slli a1, a1, 11
x11 <- 0x0015555555555000
mem[X,0x0000000080026650] -> 0x8593
mem[X,0x0000000080026652] -> 0x5555
[5485] [M]: 0x0000000080026650 (0x55558593) addi a1, a1, 1365
x11 <- 0x0015555555555555
mem[X,0x0000000080026654] -> 0x9593
mem[X,0x0000000080026656] -> 0x00A5
[5486] [M]: 0x0000000080026654 (0x00A59593) slli a1, a1, 10
x11 <- 0x5555555555555400
mem[X,0x0000000080026658] -> 0x8593
mem[X,0x000000008002665A] -> 0x1565
[5487] [M]: 0x0000000080026658 (0x15658593) addi a1, a1, 342
x11 <- 0x5555555555555556
mem[X,0x000000008002665C] -> 0x0213
mem[X,0x000000008002665E] -> 0x0000
[5488] [M]: 0x000000008002665C (0x00000213) addi tp, zero, 0
x4 <- 0x0000000000000000
mem[X,0x0000000080026660] -> 0x006F
mem[X,0x0000000080026662] -> 0x00C0
[5489] [M]: 0x0000000080026660 (0x00C0006F) jal zero, 12
mem[X,0x000000008002666C] -> 0x0663
mem[X,0x000000008002666E] -> 0x00B5
[5490] [M]: 0x000000008002666C (0x00B50663) beq a0, a1, 12
mem[X,0x0000000080026670] -> 0x0213
mem[X,0x0000000080026672] -> 0x0022
[5491] [M]: 0x0000000080026670 (0x00220213) addi tp, tp, 2
x4 <- 0x0000000000000002
mem[X,0x0000000080026674] -> 0x006F
mem[X,0x0000000080026676] -> 0x00C0
[5492] [M]: 0x0000000080026674 (0x00C0006F) jal zero, 12
mem[X,0x0000000080026680] -> 0x3023
mem[X,0x0000000080026682] -> 0x2A41
[5493] [M]: 0x0000000080026680 (0x2A413023) sd tp, 672(sp)
mem[0x0000000080049C68] <- 0x0000000000000002
mem[X,0x0000000080026684] -> 0x0537
mem[X,0x0000000080026686] -> 0x0000
[5494] [M]: 0x0000000080026684 (0x00000537) lui a0, 0
x10 <- 0x0000000000000000
mem[X,0x0000000080026688] -> 0x0513
mem[X,0x000000008002668A] -> 0x0005
[5495] [M]: 0x0000000080026688 (0x00050513) addi a0, a0, 0
x10 <- 0x0000000000000000
mem[X,0x000000008002668C] -> 0x1513
mem[X,0x000000008002668E] -> 0x00B5
[5496] [M]: 0x000000008002668C (0x00B51513) slli a0, a0, 11
x10 <- 0x0000000000000000
mem[X,0x0000000080026690] -> 0x0513
mem[X,0x0000000080026692] -> 0x5A85
[5497] [M]: 0x0000000080026690 (0x5A850513) addi a0, a0, 1448
x10 <- 0x00000000000005A8
mem[X,0x0000000080026694] -> 0x1513
mem[X,0x0000000080026696] -> 0x00B5
[5498] [M]: 0x0000000080026694 (0x00B51513) slli a0, a0, 11
x10 <- 0x00000000002D4000
mem[X,0x0000000080026698] -> 0x0513
mem[X,0x000000008002669A] -> 0x13C5
[5499] [M]: 0x0000000080026698 (0x13C50513) addi a0, a0, 316
x10 <- 0x00000000002D413C
clint::tick mtime <- 0x0000000000000037
 clint timer pending at mtime 0x0000000000000037
htif::tick 0x0000000000000000
mem[X,0x000000008002669C] -> 0x1513
mem[X,0x000000008002669E] -> 0x00A5
[5500] [M]: 0x000000008002669C (0x00A51513) slli a0, a0, 10
x10 <- 0x00000000B504F000
mem[X,0x00000000800266A0] -> 0x0513
mem[X,0x00000000800266A2] -> 0x3335
[5501] [M]: 0x00000000800266A0 (0x33350513) addi a0, a0, 819
x10 <- 0x00000000B504F333
mem[X,0x00000000800266A4] -> 0xB5B7
mem[X,0x00000000800266A6] -> 0xAAAA
[5502] [M]: 0x00000000800266A4 (0xAAAAB5B7) lui a1, 699051
x11 <- 0xFFFFFFFFAAAAB000
mem[X,0x00000000800266A8] -> 0x8593
mem[X,0x00000000800266AA] -> 0xAAA5
[5503] [M]: 0x00000000800266A8 (0xAAA58593) addi a1, a1, 2730
x11 <- 0xFFFFFFFFAAAAAAAA
mem[X,0x00000000800266AC] -> 0x9593
mem[X,0x00000000800266AE] -> 0x00B5
[5504] [M]: 0x00000000800266AC (0x00B59593) slli a1, a1, 11
x11 <- 0xFFFFFD5555555000
mem[X,0x00000000800266B0] -> 0x8593
mem[X,0x00000000800266B2] -> 0x5555
[5505] [M]: 0x00000000800266B0 (0x55558593) addi a1, a1, 1365
x11 <- 0xFFFFFD5555555555
mem[X,0x00000000800266B4] -> 0x9593
mem[X,0x00000000800266B6] -> 0x00B5
[5506] [M]: 0x00000000800266B4 (0x00B59593) slli a1, a1, 11
x11 <- 0xFFEAAAAAAAAAA800
mem[X,0x00000000800266B8] -> 0x8593
mem[X,0x00000000800266BA] -> 0x2AA5
[5507] [M]: 0x00000000800266B8 (0x2AA58593) addi a1, a1, 682
x11 <- 0xFFEAAAAAAAAAAAAA
mem[X,0x00000000800266BC] -> 0x9593
mem[X,0x00000000800266BE] -> 0x00A5
[5508] [M]: 0x00000000800266BC (0x00A59593) slli a1, a1, 10
x11 <- 0xAAAAAAAAAAAAA800
mem[X,0x00000000800266C0] -> 0x8593
mem[X,0x00000000800266C2] -> 0x2AB5
[5509] [M]: 0x00000000800266C0 (0x2AB58593) addi a1, a1, 683
x11 <- 0xAAAAAAAAAAAAAAAB
mem[X,0x00000000800266C4] -> 0x0213
mem[X,0x00000000800266C6] -> 0x0000
[5510] [M]: 0x00000000800266C4 (0x00000213) addi tp, zero, 0
x4 <- 0x0000000000000000
mem[X,0x00000000800266C8] -> 0x006F
mem[X,0x00000000800266CA] -> 0x00C0
[5511] [M]: 0x00000000800266C8 (0x00C0006F) jal zero, 12
mem[X,0x00000000800266D4] -> 0x0063
mem[X,0x00000000800266D6] -> 0x10B5
[5512] [M]: 0x00000000800266D4 (0x10B50063) beq a0, a1, 256
mem[X,0x00000000800266D8] -> 0x0213
mem[X,0x00000000800266DA] -> 0x0022
[5513] [M]: 0x00000000800266D8 (0x00220213) addi tp, tp, 2
x4 <- 0x0000000000000002
mem[X,0x00000000800266DC] -> 0x006F
mem[X,0x00000000800266DE] -> 0x1000
[5514] [M]: 0x00000000800266DC (0x1000006F) jal zero, 256
mem[X,0x00000000800267DC] -> 0x3423
mem[X,0x00000000800267DE] -> 0x2A41
[5515] [M]: 0x00000000800267DC (0x2A413423) sd tp, 680(sp)
mem[0x0000000080049C70] <- 0x0000000000000002
mem[X,0x00000000800267E0] -> 0x0537
mem[X,0x00000000800267E2] -> 0x0000
[5516] [M]: 0x00000000800267E0 (0x00000537) lui a0, 0
x10 <- 0x0000000000000000
mem[X,0x00000000800267E4] -> 0x0513
mem[X,0x00000000800267E6] -> 0x0005
[5517] [M]: 0x00000000800267E4 (0x00050513) addi a0, a0, 0
x10 <- 0x0000000000000000
mem[X,0x00000000800267E8] -> 0x1513
mem[X,0x00000000800267EA] -> 0x00B5
[5518] [M]: 0x00000000800267E8 (0x00B51513) slli a0, a0, 11
x10 <- 0x0000000000000000
mem[X,0x00000000800267EC] -> 0x0513
mem[X,0x00000000800267EE] -> 0x5A85
[5519] [M]: 0x00000000800267EC (0x5A850513) addi a0, a0, 1448
x10 <- 0x00000000000005A8
mem[X,0x00000000800267F0] -> 0x1513
mem[X,0x00000000800267F2] -> 0x00B5
[5520] [M]: 0x00000000800267F0 (0x00B51513) slli a0, a0, 11
x10 <- 0x00000000002D4000
mem[X,0x00000000800267F4] -> 0x0513
mem[X,0x00000000800267F6] -> 0x13C5
[5521] [M]: 0x00000000800267F4 (0x13C50513) addi a0, a0, 316
x10 <- 0x00000000002D413C
mem[X,0x00000000800267F8] -> 0x1513
mem[X,0x00000000800267FA] -> 0x00A5
[5522] [M]: 0x00000000800267F8 (0x00A51513) slli a0, a0, 10
x10 <- 0x00000000B504F000
mem[X,0x00000000800267FC] -> 0x0513
mem[X,0x00000000800267FE] -> 0x3335
[5523] [M]: 0x00000000800267FC (0x33350513) addi a0, a0, 819
x10 <- 0x00000000B504F333
mem[X,0x0000000080026800] -> 0x0593
mem[X,0x0000000080026802] -> 0x0060
[5524] [M]: 0x0000000080026800 (0x00600593) addi a1, zero, 6
x11 <- 0x0000000000000006
mem[X,0x0000000080026804] -> 0x0213
mem[X,0x0000000080026806] -> 0x0000
[5525] [M]: 0x0000000080026804 (0x00000213) addi tp, zero, 0
x4 <- 0x0000000000000000
mem[X,0x0000000080026808] -> 0x006F
mem[X,0x000000008002680A] -> 0x00C0
[5526] [M]: 0x0000000080026808 (0x00C0006F) jal zero, 12
mem[X,0x0000000080026814] -> 0x0CE3
mem[X,0x0000000080026816] -> 0xFEB5
[5527] [M]: 0x0000000080026814 (0xFEB50CE3) beq a0, a1, 8184
mem[X,0x0000000080026818] -> 0x0213
mem[X,0x000000008002681A] -> 0x0022
[5528] [M]: 0x0000000080026818 (0x00220213) addi tp, tp, 2
x4 <- 0x0000000000000002
mem[X,0x000000008002681C] -> 0x006F
mem[X,0x000000008002681E] -> 0x00C0
[5529] [M]: 0x000000008002681C (0x00C0006F) jal zero, 12
mem[X,0x0000000080026828] -> 0x3823
mem[X,0x000000008002682A] -> 0x2A41
[5530] [M]: 0x0000000080026828 (0x2A413823) sd tp, 688(sp)
mem[0x0000000080049C78] <- 0x0000000000000002
mem[X,0x000000008002682C] -> 0x0537
mem[X,0x000000008002682E] -> 0x0000
[5531] [M]: 0x000000008002682C (0x00000537) lui a0, 0
x10 <- 0x0000000000000000
mem[X,0x0000000080026830] -> 0x0513
mem[X,0x0000000080026832] -> 0x0005
[5532] [M]: 0x0000000080026830 (0x00050513) addi a0, a0, 0
x10 <- 0x0000000000000000
mem[X,0x0000000080026834] -> 0x1513
mem[X,0x0000000080026836] -> 0x00B5
[5533] [M]: 0x0000000080026834 (0x00B51513) slli a0, a0, 11
x10 <- 0x0000000000000000
mem[X,0x0000000080026838] -> 0x0513
mem[X,0x000000008002683A] -> 0x5A85
[5534] [M]: 0x0000000080026838 (0x5A850513) addi a0, a0, 1448
x10 <- 0x00000000000005A8
mem[X,0x000000008002683C] -> 0x1513
mem[X,0x000000008002683E] -> 0x00B5
[5535] [M]: 0x000000008002683C (0x00B51513) slli a0, a0, 11
x10 <- 0x00000000002D4000
mem[X,0x0000000080026840] -> 0x0513
mem[X,0x0000000080026842] -> 0x13C5
[5536] [M]: 0x0000000080026840 (0x13C50513) addi a0, a0, 316
x10 <- 0x00000000002D413C
mem[X,0x0000000080026844] -> 0x1513
mem[X,0x0000000080026846] -> 0x00A5
[5537] [M]: 0x0000000080026844 (0x00A51513) slli a0, a0, 10
x10 <- 0x00000000B504F000
mem[X,0x0000000080026848] -> 0x0513
mem[X,0x000000008002684A] -> 0x3335
[5538] [M]: 0x0000000080026848 (0x33350513) addi a0, a0, 819
x10 <- 0x00000000B504F333
mem[X,0x000000008002684C] -> 0x35B7
mem[X,0x000000008002684E] -> 0x3333
[5539] [M]: 0x000000008002684C (0x333335B7) lui a1, 209715
x11 <- 0x0000000033333000
mem[X,0x0000000080026850] -> 0x8593
mem[X,0x0000000080026852] -> 0x3335
[5540] [M]: 0x0000000080026850 (0x33358593) addi a1, a1, 819
x11 <- 0x0000000033333333
mem[X,0x0000000080026854] -> 0x9593
mem[X,0x0000000080026856] -> 0x00B5
[5541] [M]: 0x0000000080026854 (0x00B59593) slli a1, a1, 11
x11 <- 0x0000019999999800
mem[X,0x0000000080026858] -> 0x8593
mem[X,0x000000008002685A] -> 0x1995
[5542] [M]: 0x0000000080026858 (0x19958593) addi a1, a1, 409
x11 <- 0x0000019999999999
mem[X,0x000000008002685C] -> 0x9593
mem[X,0x000000008002685E] -> 0x00B5
[5543] [M]: 0x000000008002685C (0x00B59593) slli a1, a1, 11
x11 <- 0x000CCCCCCCCCC800
mem[X,0x0000000080026860] -> 0x8593
mem[X,0x0000000080026862] -> 0x4CC5
[5544] [M]: 0x0000000080026860 (0x4CC58593) addi a1, a1, 1228
x11 <- 0x000CCCCCCCCCCCCC
mem[X,0x0000000080026864] -> 0x9593
mem[X,0x0000000080026866] -> 0x00A5
[5545] [M]: 0x0000000080026864 (0x00A59593) slli a1, a1, 10
x11 <- 0x3333333333333000
mem[X,0x0000000080026868] -> 0x8593
mem[X,0x000000008002686A] -> 0x3345
[5546] [M]: 0x0000000080026868 (0x33458593) addi a1, a1, 820
x11 <- 0x3333333333333334
mem[X,0x000000008002686C] -> 0x0213
mem[X,0x000000008002686E] -> 0x0000
[5547] [M]: 0x000000008002686C (0x00000213) addi tp, zero, 0
x4 <- 0x0000000000000000
mem[X,0x0000000080026870] -> 0x006F
mem[X,0x0000000080026872] -> 0x00C0
[5548] [M]: 0x0000000080026870 (0x00C0006F) jal zero, 12
mem[X,0x000000008002687C] -> 0x0663
mem[X,0x000000008002687E] -> 0x00B5
[5549] [M]: 0x000000008002687C (0x00B50663) beq a0, a1, 12
mem[X,0x0000000080026880] -> 0x0213
mem[X,0x0000000080026882] -> 0x0022
[5550] [M]: 0x0000000080026880 (0x00220213) addi tp, tp, 2
x4 <- 0x0000000000000002
mem[X,0x0000000080026884] -> 0x006F
mem[X,0x0000000080026886] -> 0x00C0
[5551] [M]: 0x0000000080026884 (0x00C0006F) jal zero, 12
mem[X,0x0000000080026890] -> 0x3C23
mem[X,0x0000000080026892] -> 0x2A41
[5552] [M]: 0x0000000080026890 (0x2A413C23) sd tp, 696(sp)
mem[0x0000000080049C80] <- 0x0000000000000002
mem[X,0x0000000080026894] -> 0x0537
mem[X,0x0000000080026896] -> 0x0000
[5553] [M]: 0x0000000080026894 (0x00000537) lui a0, 0
x10 <- 0x0000000000000000
mem[X,0x0000000080026898] -> 0x0513
mem[X,0x000000008002689A] -> 0x0005
[5554] [M]: 0x0000000080026898 (0x00050513) addi a0, a0, 0
x10 <- 0x0000000000000000
mem[X,0x000000008002689C] -> 0x1513
mem[X,0x000000008002689E] -> 0x00B5
[5555] [M]: 0x000000008002689C (0x00B51513) slli a0, a0, 11
x10 <- 0x0000000000000000
mem[X,0x00000000800268A0] -> 0x0513
mem[X,0x00000000800268A2] -> 0x5A85
[5556] [M]: 0x00000000800268A0 (0x5A850513) addi a0, a0, 1448
x10 <- 0x00000000000005A8
mem[X,0x00000000800268A4] -> 0x1513
mem[X,0x00000000800268A6] -> 0x00B5
[5557] [M]: 0x00000000800268A4 (0x00B51513) slli a0, a0, 11
x10 <- 0x00000000002D4000
mem[X,0x00000000800268A8] -> 0x0513
mem[X,0x00000000800268AA] -> 0x13C5
[5558] [M]: 0x00000000800268A8 (0x13C50513) addi a0, a0, 316
x10 <- 0x00000000002D413C
mem[X,0x00000000800268AC] -> 0x1513
mem[X,0x00000000800268AE] -> 0x00A5
[5559] [M]: 0x00000000800268AC (0x00A51513) slli a0, a0, 10
x10 <- 0x00000000B504F000
mem[X,0x00000000800268B0] -> 0x0513
mem[X,0x00000000800268B2] -> 0x3335
[5560] [M]: 0x00000000800268B0 (0x33350513) addi a0, a0, 819
x10 <- 0x00000000B504F333
mem[X,0x00000000800268B4] -> 0x65B7
mem[X,0x00000000800268B6] -> 0x6666
[5561] [M]: 0x00000000800268B4 (0x666665B7) lui a1, 419430
x11 <- 0x0000000066666000
mem[X,0x00000000800268B8] -> 0x8593
mem[X,0x00000000800268BA] -> 0x6665
[5562] [M]: 0x00000000800268B8 (0x66658593) addi a1, a1, 1638
x11 <- 0x0000000066666666
mem[X,0x00000000800268BC] -> 0x9593
mem[X,0x00000000800268BE] -> 0x00B5
[5563] [M]: 0x00000000800268BC (0x00B59593) slli a1, a1, 11
x11 <- 0x0000033333333000
mem[X,0x00000000800268C0] -> 0x8593
mem[X,0x00000000800268C2] -> 0x3335
[5564] [M]: 0x00000000800268C0 (0x33358593) addi a1, a1, 819
x11 <- 0x0000033333333333
mem[X,0x00000000800268C4] -> 0x9593
mem[X,0x00000000800268C6] -> 0x00B5
[5565] [M]: 0x00000000800268C4 (0x00B59593) slli a1, a1, 11
x11 <- 0x0019999999999800
mem[X,0x00000000800268C8] -> 0x8593
mem[X,0x00000000800268CA] -> 0x1995
[5566] [M]: 0x00000000800268C8 (0x19958593) addi a1, a1, 409
x11 <- 0x0019999999999999
mem[X,0x00000000800268CC] -> 0x9593
mem[X,0x00000000800268CE] -> 0x00A5
[5567] [M]: 0x00000000800268CC (0x00A59593) slli a1, a1, 10
x11 <- 0x6666666666666400
mem[X,0x00000000800268D0] -> 0x8593
mem[X,0x00000000800268D2] -> 0x2675
[5568] [M]: 0x00000000800268D0 (0x26758593) addi a1, a1, 615
x11 <- 0x6666666666666667
mem[X,0x00000000800268D4] -> 0x0213
mem[X,0x00000000800268D6] -> 0x0000
[5569] [M]: 0x00000000800268D4 (0x00000213) addi tp, zero, 0
x4 <- 0x0000000000000000
mem[X,0x00000000800268D8] -> 0x006F
mem[X,0x00000000800268DA] -> 0x00C0
[5570] [M]: 0x00000000800268D8 (0x00C0006F) jal zero, 12
mem[X,0x00000000800268E4] -> 0x0063
mem[X,0x00000000800268E6] -> 0x20B5
[5571] [M]: 0x00000000800268E4 (0x20B50063) beq a0, a1, 512
mem[X,0x00000000800268E8] -> 0x0213
mem[X,0x00000000800268EA] -> 0x0022
[5572] [M]: 0x00000000800268E8 (0x00220213) addi tp, tp, 2
x4 <- 0x0000000000000002
mem[X,0x00000000800268EC] -> 0x006F
mem[X,0x00000000800268EE] -> 0x2000
[5573] [M]: 0x00000000800268EC (0x2000006F) jal zero, 512
mem[X,0x0000000080026AEC] -> 0x3023
mem[X,0x0000000080026AEE] -> 0x2C41
[5574] [M]: 0x0000000080026AEC (0x2C413023) sd tp, 704(sp)
mem[0x0000000080049C88] <- 0x0000000000000002
mem[X,0x0000000080026AF0] -> 0x0537
mem[X,0x0000000080026AF2] -> 0x0000
[5575] [M]: 0x0000000080026AF0 (0x00000537) lui a0, 0
x10 <- 0x0000000000000000
mem[X,0x0000000080026AF4] -> 0x0513
mem[X,0x0000000080026AF6] -> 0x0005
[5576] [M]: 0x0000000080026AF4 (0x00050513) addi a0, a0, 0
x10 <- 0x0000000000000000
mem[X,0x0000000080026AF8] -> 0x1513
mem[X,0x0000000080026AFA] -> 0x00B5
[5577] [M]: 0x0000000080026AF8 (0x00B51513) slli a0, a0, 11
x10 <- 0x0000000000000000
mem[X,0x0000000080026AFC] -> 0x0513
mem[X,0x0000000080026AFE] -> 0x5A85
[5578] [M]: 0x0000000080026AFC (0x5A850513) addi a0, a0, 1448
x10 <- 0x00000000000005A8
mem[X,0x0000000080026B00] -> 0x1513
mem[X,0x0000000080026B02] -> 0x00B5
[5579] [M]: 0x0000000080026B00 (0x00B51513) slli a0, a0, 11
x10 <- 0x00000000002D4000
mem[X,0x0000000080026B04] -> 0x0513
mem[X,0x0000000080026B06] -> 0x13C5
[5580] [M]: 0x0000000080026B04 (0x13C50513) addi a0, a0, 316
x10 <- 0x00000000002D413C
mem[X,0x0000000080026B08] -> 0x1513
mem[X,0x0000000080026B0A] -> 0x00A5
[5581] [M]: 0x0000000080026B08 (0x00A51513) slli a0, a0, 10
x10 <- 0x00000000B504F000
mem[X,0x0000000080026B0C] -> 0x0513
mem[X,0x0000000080026B0E] -> 0x3335
[5582] [M]: 0x0000000080026B0C (0x33350513) addi a0, a0, 819
x10 <- 0x00000000B504F333
mem[X,0x0000000080026B10] -> 0x05B7
mem[X,0x0000000080026B12] -> 0x0000
[5583] [M]: 0x0000000080026B10 (0x000005B7) lui a1, 0
x11 <- 0x0000000000000000
mem[X,0x0000000080026B14] -> 0x8593
mem[X,0x0000000080026B16] -> 0xFFF5
[5584] [M]: 0x0000000080026B14 (0xFFF58593) addi a1, a1, 4095
x11 <- 0xFFFFFFFFFFFFFFFF
mem[X,0x0000000080026B18] -> 0x9593
mem[X,0x0000000080026B1A] -> 0x00B5
[5585] [M]: 0x0000000080026B18 (0x00B59593) slli a1, a1, 11
x11 <- 0xFFFFFFFFFFFFF800
mem[X,0x0000000080026B1C] -> 0x8593
mem[X,0x0000000080026B1E] -> 0x2575
[5586] [M]: 0x0000000080026B1C (0x25758593) addi a1, a1, 599
x11 <- 0xFFFFFFFFFFFFFA57
mem[X,0x0000000080026B20] -> 0x9593
mem[X,0x0000000080026B22] -> 0x00B5
[5587] [M]: 0x0000000080026B20 (0x00B59593) slli a1, a1, 11
x11 <- 0xFFFFFFFFFFD2B800
mem[X,0x0000000080026B24] -> 0x8593
mem[X,0x0000000080026B26] -> 0x6C35
[5588] [M]: 0x0000000080026B24 (0x6C358593) addi a1, a1, 1731
x11 <- 0xFFFFFFFFFFD2BEC3
mem[X,0x0000000080026B28] -> 0x9593
mem[X,0x0000000080026B2A] -> 0x00A5
[5589] [M]: 0x0000000080026B28 (0x00A59593) slli a1, a1, 10
x11 <- 0xFFFFFFFF4AFB0C00
mem[X,0x0000000080026B2C] -> 0x8593
mem[X,0x0000000080026B2E] -> 0x0CE5
[5590] [M]: 0x0000000080026B2C (0x0CE58593) addi a1, a1, 206
x11 <- 0xFFFFFFFF4AFB0CCE
mem[X,0x0000000080026B30] -> 0x0213
mem[X,0x0000000080026B32] -> 0x0000
[5591] [M]: 0x0000000080026B30 (0x00000213) addi tp, zero, 0
x4 <- 0x0000000000000000
mem[X,0x0000000080026B34] -> 0x006F
mem[X,0x0000000080026B36] -> 0x0180
[5592] [M]: 0x0000000080026B34 (0x0180006F) jal zero, 24
mem[X,0x0000000080026B4C] -> 0x06E3
mem[X,0x0000000080026B4E] -> 0xFEB5
[5593] [M]: 0x0000000080026B4C (0xFEB506E3) beq a0, a1, 8172
mem[X,0x0000000080026B50] -> 0x0213
mem[X,0x0000000080026B52] -> 0x0022
[5594] [M]: 0x0000000080026B50 (0x00220213) addi tp, tp, 2
x4 <- 0x0000000000000002
mem[X,0x0000000080026B54] -> 0x006F
mem[X,0x0000000080026B56] -> 0x00C0
[5595] [M]: 0x0000000080026B54 (0x00C0006F) jal zero, 12
mem[X,0x0000000080026B60] -> 0x3423
mem[X,0x0000000080026B62] -> 0x2C41
[5596] [M]: 0x0000000080026B60 (0x2C413423) sd tp, 712(sp)
mem[0x0000000080049C90] <- 0x0000000000000002
mem[X,0x0000000080026B64] -> 0x0537
mem[X,0x0000000080026B66] -> 0x0000
[5597] [M]: 0x0000000080026B64 (0x00000537) lui a0, 0
x10 <- 0x0000000000000000
mem[X,0x0000000080026B68] -> 0x0513
mem[X,0x0000000080026B6A] -> 0x0005
[5598] [M]: 0x0000000080026B68 (0x00050513) addi a0, a0, 0
x10 <- 0x0000000000000000
mem[X,0x0000000080026B6C] -> 0x1513
mem[X,0x0000000080026B6E] -> 0x00B5
[5599] [M]: 0x0000000080026B6C (0x00B51513) slli a0, a0, 11
x10 <- 0x0000000000000000
clint::tick mtime <- 0x0000000000000038
 clint timer pending at mtime 0x0000000000000038
htif::tick 0x0000000000000000
mem[X,0x0000000080026B70] -> 0x0513
mem[X,0x0000000080026B72] -> 0x5A85
[5600] [M]: 0x0000000080026B70 (0x5A850513) addi a0, a0, 1448
x10 <- 0x00000000000005A8
mem[X,0x0000000080026B74] -> 0x1513
mem[X,0x0000000080026B76] -> 0x00B5
[5601] [M]: 0x0000000080026B74 (0x00B51513) slli a0, a0, 11
x10 <- 0x00000000002D4000
mem[X,0x0000000080026B78] -> 0x0513
mem[X,0x0000000080026B7A] -> 0x13C5
[5602] [M]: 0x0000000080026B78 (0x13C50513) addi a0, a0, 316
x10 <- 0x00000000002D413C
mem[X,0x0000000080026B7C] -> 0x1513
mem[X,0x0000000080026B7E] -> 0x00A5
[5603] [M]: 0x0000000080026B7C (0x00A51513) slli a0, a0, 10
x10 <- 0x00000000B504F000
mem[X,0x0000000080026B80] -> 0x0513
mem[X,0x0000000080026B82] -> 0x3335
[5604] [M]: 0x0000000080026B80 (0x33350513) addi a0, a0, 819
x10 <- 0x00000000B504F333
mem[X,0x0000000080026B84] -> 0x05B7
mem[X,0x0000000080026B86] -> 0x0000
[5605] [M]: 0x0000000080026B84 (0x000005B7) lui a1, 0
x11 <- 0x0000000000000000
mem[X,0x0000000080026B88] -> 0x8593
mem[X,0x0000000080026B8A] -> 0x0005
[5606] [M]: 0x0000000080026B88 (0x00058593) addi a1, a1, 0
x11 <- 0x0000000000000000
mem[X,0x0000000080026B8C] -> 0x9593
mem[X,0x0000000080026B8E] -> 0x00B5
[5607] [M]: 0x0000000080026B8C (0x00B59593) slli a1, a1, 11
x11 <- 0x0000000000000000
mem[X,0x0000000080026B90] -> 0x8593
mem[X,0x0000000080026B92] -> 0x5A85
[5608] [M]: 0x0000000080026B90 (0x5A858593) addi a1, a1, 1448
x11 <- 0x00000000000005A8
mem[X,0x0000000080026B94] -> 0x9593
mem[X,0x0000000080026B96] -> 0x00B5
[5609] [M]: 0x0000000080026B94 (0x00B59593) slli a1, a1, 11
x11 <- 0x00000000002D4000
mem[X,0x0000000080026B98] -> 0x8593
mem[X,0x0000000080026B9A] -> 0x13C5
[5610] [M]: 0x0000000080026B98 (0x13C58593) addi a1, a1, 316
x11 <- 0x00000000002D413C
mem[X,0x0000000080026B9C] -> 0x9593
mem[X,0x0000000080026B9E] -> 0x00A5
[5611] [M]: 0x0000000080026B9C (0x00A59593) slli a1, a1, 10
x11 <- 0x00000000B504F000
mem[X,0x0000000080026BA0] -> 0x8593
mem[X,0x0000000080026BA2] -> 0x3345
[5612] [M]: 0x0000000080026BA0 (0x33458593) addi a1, a1, 820
x11 <- 0x00000000B504F334
mem[X,0x0000000080026BA4] -> 0x0213
mem[X,0x0000000080026BA6] -> 0x0000
[5613] [M]: 0x0000000080026BA4 (0x00000213) addi tp, zero, 0
x4 <- 0x0000000000000000
mem[X,0x0000000080026BA8] -> 0x006F
mem[X,0x0000000080026BAA] -> 0x00C0
[5614] [M]: 0x0000000080026BA8 (0x00C0006F) jal zero, 12
mem[X,0x0000000080026BB4] -> 0x0063
mem[X,0x0000000080026BB6] -> 0x04B5
[5615] [M]: 0x0000000080026BB4 (0x04B50063) beq a0, a1, 64
mem[X,0x0000000080026BB8] -> 0x0213
mem[X,0x0000000080026BBA] -> 0x0022
[5616] [M]: 0x0000000080026BB8 (0x00220213) addi tp, tp, 2
x4 <- 0x0000000000000002
mem[X,0x0000000080026BBC] -> 0x006F
mem[X,0x0000000080026BBE] -> 0x0400
[5617] [M]: 0x0000000080026BBC (0x0400006F) jal zero, 64
mem[X,0x0000000080026BFC] -> 0x3823
mem[X,0x0000000080026BFE] -> 0x2C41
[5618] [M]: 0x0000000080026BFC (0x2C413823) sd tp, 720(sp)
mem[0x0000000080049C98] <- 0x0000000000000002
mem[X,0x0000000080026C00] -> 0x0513
mem[X,0x0000000080026C02] -> 0x0020
[5619] [M]: 0x0000000080026C00 (0x00200513) addi a0, zero, 2
x10 <- 0x0000000000000002
mem[X,0x0000000080026C04] -> 0x0593
mem[X,0x0000000080026C06] -> 0x0030
[5620] [M]: 0x0000000080026C04 (0x00300593) addi a1, zero, 3
x11 <- 0x0000000000000003
mem[X,0x0000000080026C08] -> 0x0213
mem[X,0x0000000080026C0A] -> 0x0000
[5621] [M]: 0x0000000080026C08 (0x00000213) addi tp, zero, 0
x4 <- 0x0000000000000000
mem[X,0x0000000080026C0C] -> 0x006F
mem[X,0x0000000080026C0E] -> 0x00C0
[5622] [M]: 0x0000000080026C0C (0x00C0006F) jal zero, 12
mem[X,0x0000000080026C18] -> 0x0063
mem[X,0x0000000080026C1A] -> 0x02B5
[5623] [M]: 0x0000000080026C18 (0x02B50063) beq a0, a1, 32
mem[X,0x0000000080026C1C] -> 0x0213
mem[X,0x0000000080026C1E] -> 0x0022
[5624] [M]: 0x0000000080026C1C (0x00220213) addi tp, tp, 2
x4 <- 0x0000000000000002
mem[X,0x0000000080026C20] -> 0x006F
mem[X,0x0000000080026C22] -> 0x0200
[5625] [M]: 0x0000000080026C20 (0x0200006F) jal zero, 32
mem[X,0x0000000080026C40] -> 0x3C23
mem[X,0x0000000080026C42] -> 0x2C41
[5626] [M]: 0x0000000080026C40 (0x2C413C23) sd tp, 728(sp)
mem[0x0000000080049CA0] <- 0x0000000000000002
mem[X,0x0000000080026C44] -> 0x0513
mem[X,0x0000000080026C46] -> 0x0020
[5627] [M]: 0x0000000080026C44 (0x00200513) addi a0, zero, 2
x10 <- 0x0000000000000002
mem[X,0x0000000080026C48] -> 0x55B7
mem[X,0x0000000080026C4A] -> 0x5555
[5628] [M]: 0x0000000080026C48 (0x555555B7) lui a1, 349525
x11 <- 0x0000000055555000
mem[X,0x0000000080026C4C] -> 0x8593
mem[X,0x0000000080026C4E] -> 0x5555
[5629] [M]: 0x0000000080026C4C (0x55558593) addi a1, a1, 1365
x11 <- 0x0000000055555555
mem[X,0x0000000080026C50] -> 0x9593
mem[X,0x0000000080026C52] -> 0x00B5
[5630] [M]: 0x0000000080026C50 (0x00B59593) slli a1, a1, 11
x11 <- 0x000002AAAAAAA800
mem[X,0x0000000080026C54] -> 0x8593
mem[X,0x0000000080026C56] -> 0x2AA5
[5631] [M]: 0x0000000080026C54 (0x2AA58593) addi a1, a1, 682
x11 <- 0x000002AAAAAAAAAA
mem[X,0x0000000080026C58] -> 0x9593
mem[X,0x0000000080026C5A] -> 0x00B5
[5632] [M]: 0x0000000080026C58 (0x00B59593) slli a1, a1, 11
x11 <- 0x0015555555555000
mem[X,0x0000000080026C5C] -> 0x8593
mem[X,0x0000000080026C5E] -> 0x5555
[5633] [M]: 0x0000000080026C5C (0x55558593) addi a1, a1, 1365
x11 <- 0x0015555555555555
mem[X,0x0000000080026C60] -> 0x9593
mem[X,0x0000000080026C62] -> 0x00A5
[5634] [M]: 0x0000000080026C60 (0x00A59593) slli a1, a1, 10
x11 <- 0x5555555555555400
mem[X,0x0000000080026C64] -> 0x8593
mem[X,0x0000000080026C66] -> 0x1555
[5635] [M]: 0x0000000080026C64 (0x15558593) addi a1, a1, 341
x11 <- 0x5555555555555555
mem[X,0x0000000080026C68] -> 0x0213
mem[X,0x0000000080026C6A] -> 0x0000
[5636] [M]: 0x0000000080026C68 (0x00000213) addi tp, zero, 0
x4 <- 0x0000000000000000
mem[X,0x0000000080026C6C] -> 0x006F
mem[X,0x0000000080026C6E] -> 0x00C0
[5637] [M]: 0x0000000080026C6C (0x00C0006F) jal zero, 12
mem[X,0x0000000080026C78] -> 0x0063
mem[X,0x0000000080026C7A] -> 0x08B5
[5638] [M]: 0x0000000080026C78 (0x08B50063) beq a0, a1, 128
mem[X,0x0000000080026C7C] -> 0x0213
mem[X,0x0000000080026C7E] -> 0x0022
[5639] [M]: 0x0000000080026C7C (0x00220213) addi tp, tp, 2
x4 <- 0x0000000000000002
mem[X,0x0000000080026C80] -> 0x006F
mem[X,0x0000000080026C82] -> 0x0800
[5640] [M]: 0x0000000080026C80 (0x0800006F) jal zero, 128
mem[X,0x0000000080026D00] -> 0x3023
mem[X,0x0000000080026D02] -> 0x2E41
[5641] [M]: 0x0000000080026D00 (0x2E413023) sd tp, 736(sp)
mem[0x0000000080049CA8] <- 0x0000000000000002
mem[X,0x0000000080026D04] -> 0x0513
mem[X,0x0000000080026D06] -> 0x0020
[5642] [M]: 0x0000000080026D04 (0x00200513) addi a0, zero, 2
x10 <- 0x0000000000000002
mem[X,0x0000000080026D08] -> 0xB5B7
mem[X,0x0000000080026D0A] -> 0xAAAA
[5643] [M]: 0x0000000080026D08 (0xAAAAB5B7) lui a1, 699051
x11 <- 0xFFFFFFFFAAAAB000
mem[X,0x0000000080026D0C] -> 0x8593
mem[X,0x0000000080026D0E] -> 0xAAA5
[5644] [M]: 0x0000000080026D0C (0xAAA58593) addi a1, a1, 2730
x11 <- 0xFFFFFFFFAAAAAAAA
mem[X,0x0000000080026D10] -> 0x9593
mem[X,0x0000000080026D12] -> 0x00B5
[5645] [M]: 0x0000000080026D10 (0x00B59593) slli a1, a1, 11
x11 <- 0xFFFFFD5555555000
mem[X,0x0000000080026D14] -> 0x8593
mem[X,0x0000000080026D16] -> 0x5555
[5646] [M]: 0x0000000080026D14 (0x55558593) addi a1, a1, 1365
x11 <- 0xFFFFFD5555555555
mem[X,0x0000000080026D18] -> 0x9593
mem[X,0x0000000080026D1A] -> 0x00B5
[5647] [M]: 0x0000000080026D18 (0x00B59593) slli a1, a1, 11
x11 <- 0xFFEAAAAAAAAAA800
mem[X,0x0000000080026D1C] -> 0x8593
mem[X,0x0000000080026D1E] -> 0x2AA5
[5648] [M]: 0x0000000080026D1C (0x2AA58593) addi a1, a1, 682
x11 <- 0xFFEAAAAAAAAAAAAA
mem[X,0x0000000080026D20] -> 0x9593
mem[X,0x0000000080026D22] -> 0x00A5
[5649] [M]: 0x0000000080026D20 (0x00A59593) slli a1, a1, 10
x11 <- 0xAAAAAAAAAAAAA800
mem[X,0x0000000080026D24] -> 0x8593
mem[X,0x0000000080026D26] -> 0x2AA5
[5650] [M]: 0x0000000080026D24 (0x2AA58593) addi a1, a1, 682
x11 <- 0xAAAAAAAAAAAAAAAA
mem[X,0x0000000080026D28] -> 0x0213
mem[X,0x0000000080026D2A] -> 0x0000
[5651] [M]: 0x0000000080026D28 (0x00000213) addi tp, zero, 0
x4 <- 0x0000000000000000
mem[X,0x0000000080026D2C] -> 0x006F
mem[X,0x0000000080026D2E] -> 0x00C0
[5652] [M]: 0x0000000080026D2C (0x00C0006F) jal zero, 12
mem[X,0x0000000080026D38] -> 0x0063
mem[X,0x0000000080026D3A] -> 0x02B5
[5653] [M]: 0x0000000080026D38 (0x02B50063) beq a0, a1, 32
mem[X,0x0000000080026D3C] -> 0x0213
mem[X,0x0000000080026D3E] -> 0x0022
[5654] [M]: 0x0000000080026D3C (0x00220213) addi tp, tp, 2
x4 <- 0x0000000000000002
mem[X,0x0000000080026D40] -> 0x006F
mem[X,0x0000000080026D42] -> 0x0200
[5655] [M]: 0x0000000080026D40 (0x0200006F) jal zero, 32
mem[X,0x0000000080026D60] -> 0x3423
mem[X,0x0000000080026D62] -> 0x2E41
[5656] [M]: 0x0000000080026D60 (0x2E413423) sd tp, 744(sp)
mem[0x0000000080049CB0] <- 0x0000000000000002
mem[X,0x0000000080026D64] -> 0x0513
mem[X,0x0000000080026D66] -> 0x0020
[5657] [M]: 0x0000000080026D64 (0x00200513) addi a0, zero, 2
x10 <- 0x0000000000000002
mem[X,0x0000000080026D68] -> 0x0593
mem[X,0x0000000080026D6A] -> 0x0050
[5658] [M]: 0x0000000080026D68 (0x00500593) addi a1, zero, 5
x11 <- 0x0000000000000005
mem[X,0x0000000080026D6C] -> 0x0213
mem[X,0x0000000080026D6E] -> 0x0000
[5659] [M]: 0x0000000080026D6C (0x00000213) addi tp, zero, 0
x4 <- 0x0000000000000000
mem[X,0x0000000080026D70] -> 0x006F
mem[X,0x0000000080026D72] -> 0x00C0
[5660] [M]: 0x0000000080026D70 (0x00C0006F) jal zero, 12
mem[X,0x0000000080026D7C] -> 0x0063
mem[X,0x0000000080026D7E] -> 0x40B5
[5661] [M]: 0x0000000080026D7C (0x40B50063) beq a0, a1, 1024
mem[X,0x0000000080026D80] -> 0x0213
mem[X,0x0000000080026D82] -> 0x0022
[5662] [M]: 0x0000000080026D80 (0x00220213) addi tp, tp, 2
x4 <- 0x0000000000000002
mem[X,0x0000000080026D84] -> 0x006F
mem[X,0x0000000080026D86] -> 0x4000
[5663] [M]: 0x0000000080026D84 (0x4000006F) jal zero, 1024
mem[X,0x0000000080027184] -> 0x3823
mem[X,0x0000000080027186] -> 0x2E41
[5664] [M]: 0x0000000080027184 (0x2E413823) sd tp, 752(sp)
mem[0x0000000080049CB8] <- 0x0000000000000002
mem[X,0x0000000080027188] -> 0x0513
mem[X,0x000000008002718A] -> 0x0020
[5665] [M]: 0x0000000080027188 (0x00200513) addi a0, zero, 2
x10 <- 0x0000000000000002
mem[X,0x000000008002718C] -> 0x35B7
mem[X,0x000000008002718E] -> 0x3333
[5666] [M]: 0x000000008002718C (0x333335B7) lui a1, 209715
x11 <- 0x0000000033333000
mem[X,0x0000000080027190] -> 0x8593
mem[X,0x0000000080027192] -> 0x3335
[5667] [M]: 0x0000000080027190 (0x33358593) addi a1, a1, 819
x11 <- 0x0000000033333333
mem[X,0x0000000080027194] -> 0x9593
mem[X,0x0000000080027196] -> 0x00B5
[5668] [M]: 0x0000000080027194 (0x00B59593) slli a1, a1, 11
x11 <- 0x0000019999999800
mem[X,0x0000000080027198] -> 0x8593
mem[X,0x000000008002719A] -> 0x1995
[5669] [M]: 0x0000000080027198 (0x19958593) addi a1, a1, 409
x11 <- 0x0000019999999999
mem[X,0x000000008002719C] -> 0x9593
mem[X,0x000000008002719E] -> 0x00B5
[5670] [M]: 0x000000008002719C (0x00B59593) slli a1, a1, 11
x11 <- 0x000CCCCCCCCCC800
mem[X,0x00000000800271A0] -> 0x8593
mem[X,0x00000000800271A2] -> 0x4CC5
[5671] [M]: 0x00000000800271A0 (0x4CC58593) addi a1, a1, 1228
x11 <- 0x000CCCCCCCCCCCCC
mem[X,0x00000000800271A4] -> 0x9593
mem[X,0x00000000800271A6] -> 0x00A5
[5672] [M]: 0x00000000800271A4 (0x00A59593) slli a1, a1, 10
x11 <- 0x3333333333333000
mem[X,0x00000000800271A8] -> 0x8593
mem[X,0x00000000800271AA] -> 0x3335
[5673] [M]: 0x00000000800271A8 (0x33358593) addi a1, a1, 819
x11 <- 0x3333333333333333
mem[X,0x00000000800271AC] -> 0x0213
mem[X,0x00000000800271AE] -> 0x0000
[5674] [M]: 0x00000000800271AC (0x00000213) addi tp, zero, 0
x4 <- 0x0000000000000000
mem[X,0x00000000800271B0] -> 0x006F
mem[X,0x00000000800271B2] -> 0x0140
[5675] [M]: 0x00000000800271B0 (0x0140006F) jal zero, 20
mem[X,0x00000000800271C4] -> 0x08E3
mem[X,0x00000000800271C6] -> 0xFEB5
[5676] [M]: 0x00000000800271C4 (0xFEB508E3) beq a0, a1, 8176
mem[X,0x00000000800271C8] -> 0x0213
mem[X,0x00000000800271CA] -> 0x0022
[5677] [M]: 0x00000000800271C8 (0x00220213) addi tp, tp, 2
x4 <- 0x0000000000000002
mem[X,0x00000000800271CC] -> 0x006F
mem[X,0x00000000800271CE] -> 0x00C0
[5678] [M]: 0x00000000800271CC (0x00C0006F) jal zero, 12
mem[X,0x00000000800271D8] -> 0x3C23
mem[X,0x00000000800271DA] -> 0x2E41
[5679] [M]: 0x00000000800271D8 (0x2E413C23) sd tp, 760(sp)
mem[0x0000000080049CC0] <- 0x0000000000000002
mem[X,0x00000000800271DC] -> 0x0513
mem[X,0x00000000800271DE] -> 0x0020
[5680] [M]: 0x00000000800271DC (0x00200513) addi a0, zero, 2
x10 <- 0x0000000000000002
mem[X,0x00000000800271E0] -> 0x65B7
mem[X,0x00000000800271E2] -> 0x6666
[5681] [M]: 0x00000000800271E0 (0x666665B7) lui a1, 419430
x11 <- 0x0000000066666000
mem[X,0x00000000800271E4] -> 0x8593
mem[X,0x00000000800271E6] -> 0x6665
[5682] [M]: 0x00000000800271E4 (0x66658593) addi a1, a1, 1638
x11 <- 0x0000000066666666
mem[X,0x00000000800271E8] -> 0x9593
mem[X,0x00000000800271EA] -> 0x00B5
[5683] [M]: 0x00000000800271E8 (0x00B59593) slli a1, a1, 11
x11 <- 0x0000033333333000
mem[X,0x00000000800271EC] -> 0x8593
mem[X,0x00000000800271EE] -> 0x3335
[5684] [M]: 0x00000000800271EC (0x33358593) addi a1, a1, 819
x11 <- 0x0000033333333333
mem[X,0x00000000800271F0] -> 0x9593
mem[X,0x00000000800271F2] -> 0x00B5
[5685] [M]: 0x00000000800271F0 (0x00B59593) slli a1, a1, 11
x11 <- 0x0019999999999800
mem[X,0x00000000800271F4] -> 0x8593
mem[X,0x00000000800271F6] -> 0x1995
[5686] [M]: 0x00000000800271F4 (0x19958593) addi a1, a1, 409
x11 <- 0x0019999999999999
mem[X,0x00000000800271F8] -> 0x9593
mem[X,0x00000000800271FA] -> 0x00A5
[5687] [M]: 0x00000000800271F8 (0x00A59593) slli a1, a1, 10
x11 <- 0x6666666666666400
mem[X,0x00000000800271FC] -> 0x8593
mem[X,0x00000000800271FE] -> 0x2665
[5688] [M]: 0x00000000800271FC (0x26658593) addi a1, a1, 614
x11 <- 0x6666666666666666
mem[X,0x0000000080027200] -> 0x0213
mem[X,0x0000000080027202] -> 0x0000
[5689] [M]: 0x0000000080027200 (0x00000213) addi tp, zero, 0
x4 <- 0x0000000000000000
mem[X,0x0000000080027204] -> 0x006F
mem[X,0x0000000080027206] -> 0x00C0
[5690] [M]: 0x0000000080027204 (0x00C0006F) jal zero, 12
mem[X,0x0000000080027210] -> 0x0CE3
mem[X,0x0000000080027212] -> 0xFEB5
[5691] [M]: 0x0000000080027210 (0xFEB50CE3) beq a0, a1, 8184
mem[X,0x0000000080027214] -> 0x0213
mem[X,0x0000000080027216] -> 0x0022
[5692] [M]: 0x0000000080027214 (0x00220213) addi tp, tp, 2
x4 <- 0x0000000000000002
mem[X,0x0000000080027218] -> 0x006F
mem[X,0x000000008002721A] -> 0x00C0
[5693] [M]: 0x0000000080027218 (0x00C0006F) jal zero, 12
mem[X,0x0000000080027224] -> 0x3023
mem[X,0x0000000080027226] -> 0x3041
[5694] [M]: 0x0000000080027224 (0x30413023) sd tp, 768(sp)
mem[0x0000000080049CC8] <- 0x0000000000000002
mem[X,0x0000000080027228] -> 0x0513
mem[X,0x000000008002722A] -> 0x0020
[5695] [M]: 0x0000000080027228 (0x00200513) addi a0, zero, 2
x10 <- 0x0000000000000002
mem[X,0x000000008002722C] -> 0x05B7
mem[X,0x000000008002722E] -> 0x0000
[5696] [M]: 0x000000008002722C (0x000005B7) lui a1, 0
x11 <- 0x0000000000000000
mem[X,0x0000000080027230] -> 0x8593
mem[X,0x0000000080027232] -> 0xFFF5
[5697] [M]: 0x0000000080027230 (0xFFF58593) addi a1, a1, 4095
x11 <- 0xFFFFFFFFFFFFFFFF
mem[X,0x0000000080027234] -> 0x9593
mem[X,0x0000000080027236] -> 0x00B5
[5698] [M]: 0x0000000080027234 (0x00B59593) slli a1, a1, 11
x11 <- 0xFFFFFFFFFFFFF800
mem[X,0x0000000080027238] -> 0x8593
mem[X,0x000000008002723A] -> 0x2575
[5699] [M]: 0x0000000080027238 (0x25758593) addi a1, a1, 599
x11 <- 0xFFFFFFFFFFFFFA57
clint::tick mtime <- 0x0000000000000039
 clint timer pending at mtime 0x0000000000000039
htif::tick 0x0000000000000000
mem[X,0x000000008002723C] -> 0x9593
mem[X,0x000000008002723E] -> 0x00B5
[5700] [M]: 0x000000008002723C (0x00B59593) slli a1, a1, 11
x11 <- 0xFFFFFFFFFFD2B800
mem[X,0x0000000080027240] -> 0x8593
mem[X,0x0000000080027242] -> 0x6C35
[5701] [M]: 0x0000000080027240 (0x6C358593) addi a1, a1, 1731
x11 <- 0xFFFFFFFFFFD2BEC3
mem[X,0x0000000080027244] -> 0x9593
mem[X,0x0000000080027246] -> 0x00A5
[5702] [M]: 0x0000000080027244 (0x00A59593) slli a1, a1, 10
x11 <- 0xFFFFFFFF4AFB0C00
mem[X,0x0000000080027248] -> 0x8593
mem[X,0x000000008002724A] -> 0x0CD5
[5703] [M]: 0x0000000080027248 (0x0CD58593) addi a1, a1, 205
x11 <- 0xFFFFFFFF4AFB0CCD
mem[X,0x000000008002724C] -> 0x0213
mem[X,0x000000008002724E] -> 0x0000
[5704] [M]: 0x000000008002724C (0x00000213) addi tp, zero, 0
x4 <- 0x0000000000000000
mem[X,0x0000000080027250] -> 0x006F
mem[X,0x0000000080027252] -> 0x00C0
[5705] [M]: 0x0000000080027250 (0x00C0006F) jal zero, 12
mem[X,0x000000008002725C] -> 0x0063
mem[X,0x000000008002725E] -> 0x02B5
[5706] [M]: 0x000000008002725C (0x02B50063) beq a0, a1, 32
mem[X,0x0000000080027260] -> 0x0213
mem[X,0x0000000080027262] -> 0x0022
[5707] [M]: 0x0000000080027260 (0x00220213) addi tp, tp, 2
x4 <- 0x0000000000000002
mem[X,0x0000000080027264] -> 0x006F
mem[X,0x0000000080027266] -> 0x0200
[5708] [M]: 0x0000000080027264 (0x0200006F) jal zero, 32
mem[X,0x0000000080027284] -> 0x3423
mem[X,0x0000000080027286] -> 0x3041
[5709] [M]: 0x0000000080027284 (0x30413423) sd tp, 776(sp)
mem[0x0000000080049CD0] <- 0x0000000000000002
mem[X,0x0000000080027288] -> 0x0513
mem[X,0x000000008002728A] -> 0x0020
[5710] [M]: 0x0000000080027288 (0x00200513) addi a0, zero, 2
x10 <- 0x0000000000000002
mem[X,0x000000008002728C] -> 0x05B7
mem[X,0x000000008002728E] -> 0x0000
[5711] [M]: 0x000000008002728C (0x000005B7) lui a1, 0
x11 <- 0x0000000000000000
mem[X,0x0000000080027290] -> 0x8593
mem[X,0x0000000080027292] -> 0x0005
[5712] [M]: 0x0000000080027290 (0x00058593) addi a1, a1, 0
x11 <- 0x0000000000000000
mem[X,0x0000000080027294] -> 0x9593
mem[X,0x0000000080027296] -> 0x00B5
[5713] [M]: 0x0000000080027294 (0x00B59593) slli a1, a1, 11
x11 <- 0x0000000000000000
mem[X,0x0000000080027298] -> 0x8593
mem[X,0x000000008002729A] -> 0x5A85
[5714] [M]: 0x0000000080027298 (0x5A858593) addi a1, a1, 1448
x11 <- 0x00000000000005A8
mem[X,0x000000008002729C] -> 0x9593
mem[X,0x000000008002729E] -> 0x00B5
[5715] [M]: 0x000000008002729C (0x00B59593) slli a1, a1, 11
x11 <- 0x00000000002D4000
mem[X,0x00000000800272A0] -> 0x8593
mem[X,0x00000000800272A2] -> 0x13C5
[5716] [M]: 0x00000000800272A0 (0x13C58593) addi a1, a1, 316
x11 <- 0x00000000002D413C
mem[X,0x00000000800272A4] -> 0x9593
mem[X,0x00000000800272A6] -> 0x00A5
[5717] [M]: 0x00000000800272A4 (0x00A59593) slli a1, a1, 10
x11 <- 0x00000000B504F000
mem[X,0x00000000800272A8] -> 0x8593
mem[X,0x00000000800272AA] -> 0x3335
[5718] [M]: 0x00000000800272A8 (0x33358593) addi a1, a1, 819
x11 <- 0x00000000B504F333
mem[X,0x00000000800272AC] -> 0x0213
mem[X,0x00000000800272AE] -> 0x0000
[5719] [M]: 0x00000000800272AC (0x00000213) addi tp, zero, 0
x4 <- 0x0000000000000000
mem[X,0x00000000800272B0] -> 0x006F
mem[X,0x00000000800272B2] -> 0x00C0
[5720] [M]: 0x00000000800272B0 (0x00C0006F) jal zero, 12
mem[X,0x00000000800272BC] -> 0x0063
mem[X,0x00000000800272BE] -> 0x20B5
[5721] [M]: 0x00000000800272BC (0x20B50063) beq a0, a1, 512
mem[X,0x00000000800272C0] -> 0x0213
mem[X,0x00000000800272C2] -> 0x0022
[5722] [M]: 0x00000000800272C0 (0x00220213) addi tp, tp, 2
x4 <- 0x0000000000000002
mem[X,0x00000000800272C4] -> 0x006F
mem[X,0x00000000800272C6] -> 0x2000
[5723] [M]: 0x00000000800272C4 (0x2000006F) jal zero, 512
mem[X,0x00000000800274C4] -> 0x3823
mem[X,0x00000000800274C6] -> 0x3041
[5724] [M]: 0x00000000800274C4 (0x30413823) sd tp, 784(sp)
mem[0x0000000080049CD8] <- 0x0000000000000002
mem[X,0x00000000800274C8] -> 0x0513
mem[X,0x00000000800274CA] -> 0x0020
[5725] [M]: 0x00000000800274C8 (0x00200513) addi a0, zero, 2
x10 <- 0x0000000000000002
mem[X,0x00000000800274CC] -> 0x0593
mem[X,0x00000000800274CE] -> 0x0020
[5726] [M]: 0x00000000800274CC (0x00200593) addi a1, zero, 2
x11 <- 0x0000000000000002
mem[X,0x00000000800274D0] -> 0x0213
mem[X,0x00000000800274D2] -> 0x0000
[5727] [M]: 0x00000000800274D0 (0x00000213) addi tp, zero, 0
x4 <- 0x0000000000000000
mem[X,0x00000000800274D4] -> 0x006F
mem[X,0x00000000800274D6] -> 0x00C0
[5728] [M]: 0x00000000800274D4 (0x00C0006F) jal zero, 12
mem[X,0x00000000800274E0] -> 0x0663
mem[X,0x00000000800274E2] -> 0x00B5
[5729] [M]: 0x00000000800274E0 (0x00B50663) beq a0, a1, 12
mem[X,0x00000000800274EC] -> 0x0213
mem[X,0x00000000800274EE] -> 0x0032
[5730] [M]: 0x00000000800274EC (0x00320213) addi tp, tp, 3
x4 <- 0x0000000000000003
mem[X,0x00000000800274F0] -> 0x006F
mem[X,0x00000000800274F2] -> 0x0040
[5731] [M]: 0x00000000800274F0 (0x0040006F) jal zero, 4
mem[X,0x00000000800274F4] -> 0x3C23
mem[X,0x00000000800274F6] -> 0x3041
[5732] [M]: 0x00000000800274F4 (0x30413C23) sd tp, 792(sp)
mem[0x0000000080049CE0] <- 0x0000000000000003
mem[X,0x00000000800274F8] -> 0x0513
mem[X,0x00000000800274FA] -> 0x0020
[5733] [M]: 0x00000000800274F8 (0x00200513) addi a0, zero, 2
x10 <- 0x0000000000000002
mem[X,0x00000000800274FC] -> 0x55B7
mem[X,0x00000000800274FE] -> 0x5555
[5734] [M]: 0x00000000800274FC (0x555555B7) lui a1, 349525
x11 <- 0x0000000055555000
mem[X,0x0000000080027500] -> 0x8593
mem[X,0x0000000080027502] -> 0x5555
[5735] [M]: 0x0000000080027500 (0x55558593) addi a1, a1, 1365
x11 <- 0x0000000055555555
mem[X,0x0000000080027504] -> 0x9593
mem[X,0x0000000080027506] -> 0x00B5
[5736] [M]: 0x0000000080027504 (0x00B59593) slli a1, a1, 11
x11 <- 0x000002AAAAAAA800
mem[X,0x0000000080027508] -> 0x8593
mem[X,0x000000008002750A] -> 0x2AA5
[5737] [M]: 0x0000000080027508 (0x2AA58593) addi a1, a1, 682
x11 <- 0x000002AAAAAAAAAA
mem[X,0x000000008002750C] -> 0x9593
mem[X,0x000000008002750E] -> 0x00B5
[5738] [M]: 0x000000008002750C (0x00B59593) slli a1, a1, 11
x11 <- 0x0015555555555000
mem[X,0x0000000080027510] -> 0x8593
mem[X,0x0000000080027512] -> 0x5555
[5739] [M]: 0x0000000080027510 (0x55558593) addi a1, a1, 1365
x11 <- 0x0015555555555555
mem[X,0x0000000080027514] -> 0x9593
mem[X,0x0000000080027516] -> 0x00A5
[5740] [M]: 0x0000000080027514 (0x00A59593) slli a1, a1, 10
x11 <- 0x5555555555555400
mem[X,0x0000000080027518] -> 0x8593
mem[X,0x000000008002751A] -> 0x1545
[5741] [M]: 0x0000000080027518 (0x15458593) addi a1, a1, 340
x11 <- 0x5555555555555554
mem[X,0x000000008002751C] -> 0x0213
mem[X,0x000000008002751E] -> 0x0000
[5742] [M]: 0x000000008002751C (0x00000213) addi tp, zero, 0
x4 <- 0x0000000000000000
mem[X,0x0000000080027520] -> 0x006F
mem[X,0x0000000080027522] -> 0x00C0
[5743] [M]: 0x0000000080027520 (0x00C0006F) jal zero, 12
mem[X,0x000000008002752C] -> 0x0CE3
mem[X,0x000000008002752E] -> 0xFEB5
[5744] [M]: 0x000000008002752C (0xFEB50CE3) beq a0, a1, 8184
mem[X,0x0000000080027530] -> 0x0213
mem[X,0x0000000080027532] -> 0x0022
[5745] [M]: 0x0000000080027530 (0x00220213) addi tp, tp, 2
x4 <- 0x0000000000000002
mem[X,0x0000000080027534] -> 0x006F
mem[X,0x0000000080027536] -> 0x00C0
[5746] [M]: 0x0000000080027534 (0x00C0006F) jal zero, 12
mem[X,0x0000000080027540] -> 0x3023
mem[X,0x0000000080027542] -> 0x3241
[5747] [M]: 0x0000000080027540 (0x32413023) sd tp, 800(sp)
mem[0x0000000080049CE8] <- 0x0000000000000002
mem[X,0x0000000080027544] -> 0x0513
mem[X,0x0000000080027546] -> 0x0020
[5748] [M]: 0x0000000080027544 (0x00200513) addi a0, zero, 2
x10 <- 0x0000000000000002
mem[X,0x0000000080027548] -> 0x0593
mem[X,0x000000008002754A] -> 0x0000
[5749] [M]: 0x0000000080027548 (0x00000593) addi a1, zero, 0
x11 <- 0x0000000000000000
mem[X,0x000000008002754C] -> 0x0213
mem[X,0x000000008002754E] -> 0x0000
[5750] [M]: 0x000000008002754C (0x00000213) addi tp, zero, 0
x4 <- 0x0000000000000000
mem[X,0x0000000080027550] -> 0x006F
mem[X,0x0000000080027552] -> 0x00C0
[5751] [M]: 0x0000000080027550 (0x00C0006F) jal zero, 12
mem[X,0x000000008002755C] -> 0x0063
mem[X,0x000000008002755E] -> 0x20B5
[5752] [M]: 0x000000008002755C (0x20B50063) beq a0, a1, 512
mem[X,0x0000000080027560] -> 0x0213
mem[X,0x0000000080027562] -> 0x0022
[5753] [M]: 0x0000000080027560 (0x00220213) addi tp, tp, 2
x4 <- 0x0000000000000002
mem[X,0x0000000080027564] -> 0x006F
mem[X,0x0000000080027566] -> 0x2000
[5754] [M]: 0x0000000080027564 (0x2000006F) jal zero, 512
mem[X,0x0000000080027764] -> 0x3423
mem[X,0x0000000080027766] -> 0x3241
[5755] [M]: 0x0000000080027764 (0x32413423) sd tp, 808(sp)
mem[0x0000000080049CF0] <- 0x0000000000000002
mem[X,0x0000000080027768] -> 0x0513
mem[X,0x000000008002776A] -> 0x0020
[5756] [M]: 0x0000000080027768 (0x00200513) addi a0, zero, 2
x10 <- 0x0000000000000002
mem[X,0x000000008002776C] -> 0x0593
mem[X,0x000000008002776E] -> 0x0040
[5757] [M]: 0x000000008002776C (0x00400593) addi a1, zero, 4
x11 <- 0x0000000000000004
mem[X,0x0000000080027770] -> 0x0213
mem[X,0x0000000080027772] -> 0x0000
[5758] [M]: 0x0000000080027770 (0x00000213) addi tp, zero, 0
x4 <- 0x0000000000000000
mem[X,0x0000000080027774] -> 0x006F
mem[X,0x0000000080027776] -> 0x00C0
[5759] [M]: 0x0000000080027774 (0x00C0006F) jal zero, 12
mem[X,0x0000000080027780] -> 0x0063
mem[X,0x0000000080027782] -> 0x10B5
[5760] [M]: 0x0000000080027780 (0x10B50063) beq a0, a1, 256
mem[X,0x0000000080027784] -> 0x0213
mem[X,0x0000000080027786] -> 0x0022
[5761] [M]: 0x0000000080027784 (0x00220213) addi tp, tp, 2
x4 <- 0x0000000000000002
mem[X,0x0000000080027788] -> 0x006F
mem[X,0x000000008002778A] -> 0x1000
[5762] [M]: 0x0000000080027788 (0x1000006F) jal zero, 256
mem[X,0x0000000080027888] -> 0x3823
mem[X,0x000000008002788A] -> 0x3241
[5763] [M]: 0x0000000080027888 (0x32413823) sd tp, 816(sp)
mem[0x0000000080049CF8] <- 0x0000000000000002
mem[X,0x000000008002788C] -> 0x0513
mem[X,0x000000008002788E] -> 0x0020
[5764] [M]: 0x000000008002788C (0x00200513) addi a0, zero, 2
x10 <- 0x0000000000000002
mem[X,0x0000000080027890] -> 0x35B7
mem[X,0x0000000080027892] -> 0x3333
[5765] [M]: 0x0000000080027890 (0x333335B7) lui a1, 209715
x11 <- 0x0000000033333000
mem[X,0x0000000080027894] -> 0x8593
mem[X,0x0000000080027896] -> 0x3335
[5766] [M]: 0x0000000080027894 (0x33358593) addi a1, a1, 819
x11 <- 0x0000000033333333
mem[X,0x0000000080027898] -> 0x9593
mem[X,0x000000008002789A] -> 0x00B5
[5767] [M]: 0x0000000080027898 (0x00B59593) slli a1, a1, 11
x11 <- 0x0000019999999800
mem[X,0x000000008002789C] -> 0x8593
mem[X,0x000000008002789E] -> 0x1995
[5768] [M]: 0x000000008002789C (0x19958593) addi a1, a1, 409
x11 <- 0x0000019999999999
mem[X,0x00000000800278A0] -> 0x9593
mem[X,0x00000000800278A2] -> 0x00B5
[5769] [M]: 0x00000000800278A0 (0x00B59593) slli a1, a1, 11
x11 <- 0x000CCCCCCCCCC800
mem[X,0x00000000800278A4] -> 0x8593
mem[X,0x00000000800278A6] -> 0x4CC5
[5770] [M]: 0x00000000800278A4 (0x4CC58593) addi a1, a1, 1228
x11 <- 0x000CCCCCCCCCCCCC
mem[X,0x00000000800278A8] -> 0x9593
mem[X,0x00000000800278AA] -> 0x00A5
[5771] [M]: 0x00000000800278A8 (0x00A59593) slli a1, a1, 10
x11 <- 0x3333333333333000
mem[X,0x00000000800278AC] -> 0x8593
mem[X,0x00000000800278AE] -> 0x3325
[5772] [M]: 0x00000000800278AC (0x33258593) addi a1, a1, 818
x11 <- 0x3333333333333332
mem[X,0x00000000800278B0] -> 0x0213
mem[X,0x00000000800278B2] -> 0x0000
[5773] [M]: 0x00000000800278B0 (0x00000213) addi tp, zero, 0
x4 <- 0x0000000000000000
mem[X,0x00000000800278B4] -> 0x006F
mem[X,0x00000000800278B6] -> 0x2B10
[5774] [M]: 0x00000000800278B4 (0x2B10006F) jal zero, 2736
mem[X,0x0000000080028364] -> 0x0A63
mem[X,0x0000000080028366] -> 0xD4B5
[5775] [M]: 0x0000000080028364 (0xD4B50A63) beq a0, a1, 5460
mem[X,0x0000000080028368] -> 0x0213
mem[X,0x000000008002836A] -> 0x0022
[5776] [M]: 0x0000000080028368 (0x00220213) addi tp, tp, 2
x4 <- 0x0000000000000002
mem[X,0x000000008002836C] -> 0x006F
mem[X,0x000000008002836E] -> 0x00C0
[5777] [M]: 0x000000008002836C (0x00C0006F) jal zero, 12
mem[X,0x0000000080028378] -> 0x3C23
mem[X,0x000000008002837A] -> 0x3241
[5778] [M]: 0x0000000080028378 (0x32413C23) sd tp, 824(sp)
mem[0x0000000080049D00] <- 0x0000000000000002
mem[X,0x000000008002837C] -> 0x0513
mem[X,0x000000008002837E] -> 0x0020
[5779] [M]: 0x000000008002837C (0x00200513) addi a0, zero, 2
x10 <- 0x0000000000000002
mem[X,0x0000000080028380] -> 0x65B7
mem[X,0x0000000080028382] -> 0x6666
[5780] [M]: 0x0000000080028380 (0x666665B7) lui a1, 419430
x11 <- 0x0000000066666000
mem[X,0x0000000080028384] -> 0x8593
mem[X,0x0000000080028386] -> 0x6665
[5781] [M]: 0x0000000080028384 (0x66658593) addi a1, a1, 1638
x11 <- 0x0000000066666666
mem[X,0x0000000080028388] -> 0x9593
mem[X,0x000000008002838A] -> 0x00B5
[5782] [M]: 0x0000000080028388 (0x00B59593) slli a1, a1, 11
x11 <- 0x0000033333333000
mem[X,0x000000008002838C] -> 0x8593
mem[X,0x000000008002838E] -> 0x3335
[5783] [M]: 0x000000008002838C (0x33358593) addi a1, a1, 819
x11 <- 0x0000033333333333
mem[X,0x0000000080028390] -> 0x9593
mem[X,0x0000000080028392] -> 0x00B5
[5784] [M]: 0x0000000080028390 (0x00B59593) slli a1, a1, 11
x11 <- 0x0019999999999800
mem[X,0x0000000080028394] -> 0x8593
mem[X,0x0000000080028396] -> 0x1995
[5785] [M]: 0x0000000080028394 (0x19958593) addi a1, a1, 409
x11 <- 0x0019999999999999
mem[X,0x0000000080028398] -> 0x9593
mem[X,0x000000008002839A] -> 0x00A5
[5786] [M]: 0x0000000080028398 (0x00A59593) slli a1, a1, 10
x11 <- 0x6666666666666400
mem[X,0x000000008002839C] -> 0x8593
mem[X,0x000000008002839E] -> 0x2655
[5787] [M]: 0x000000008002839C (0x26558593) addi a1, a1, 613
x11 <- 0x6666666666666665
mem[X,0x00000000800283A0] -> 0x0213
mem[X,0x00000000800283A2] -> 0x0000
[5788] [M]: 0x00000000800283A0 (0x00000213) addi tp, zero, 0
x4 <- 0x0000000000000000
mem[X,0x00000000800283A4] -> 0x006F
mem[X,0x00000000800283A6] -> 0x0100
[5789] [M]: 0x00000000800283A4 (0x0100006F) jal zero, 16
mem[X,0x00000000800283B4] -> 0x0AE3
mem[X,0x00000000800283B6] -> 0xFEB5
[5790] [M]: 0x00000000800283B4 (0xFEB50AE3) beq a0, a1, 8180
mem[X,0x00000000800283B8] -> 0x0213
mem[X,0x00000000800283BA] -> 0x0022
[5791] [M]: 0x00000000800283B8 (0x00220213) addi tp, tp, 2
x4 <- 0x0000000000000002
mem[X,0x00000000800283BC] -> 0x006F
mem[X,0x00000000800283BE] -> 0x00C0
[5792] [M]: 0x00000000800283BC (0x00C0006F) jal zero, 12
mem[X,0x00000000800283C8] -> 0x3023
mem[X,0x00000000800283CA] -> 0x3441
[5793] [M]: 0x00000000800283C8 (0x34413023) sd tp, 832(sp)
mem[0x0000000080049D08] <- 0x0000000000000002
mem[X,0x00000000800283CC] -> 0x0513
mem[X,0x00000000800283CE] -> 0x0020
[5794] [M]: 0x00000000800283CC (0x00200513) addi a0, zero, 2
x10 <- 0x0000000000000002
mem[X,0x00000000800283D0] -> 0x05B7
mem[X,0x00000000800283D2] -> 0x0000
[5795] [M]: 0x00000000800283D0 (0x000005B7) lui a1, 0
x11 <- 0x0000000000000000
mem[X,0x00000000800283D4] -> 0x8593
mem[X,0x00000000800283D6] -> 0x0005
[5796] [M]: 0x00000000800283D4 (0x00058593) addi a1, a1, 0
x11 <- 0x0000000000000000
mem[X,0x00000000800283D8] -> 0x9593
mem[X,0x00000000800283DA] -> 0x00B5
[5797] [M]: 0x00000000800283D8 (0x00B59593) slli a1, a1, 11
x11 <- 0x0000000000000000
mem[X,0x00000000800283DC] -> 0x8593
mem[X,0x00000000800283DE] -> 0x5A85
[5798] [M]: 0x00000000800283DC (0x5A858593) addi a1, a1, 1448
x11 <- 0x00000000000005A8
mem[X,0x00000000800283E0] -> 0x9593
mem[X,0x00000000800283E2] -> 0x00B5
[5799] [M]: 0x00000000800283E0 (0x00B59593) slli a1, a1, 11
x11 <- 0x00000000002D4000
clint::tick mtime <- 0x000000000000003A
 clint timer pending at mtime 0x000000000000003A
htif::tick 0x0000000000000000
mem[X,0x00000000800283E4] -> 0x8593
mem[X,0x00000000800283E6] -> 0x13C5
[5800] [M]: 0x00000000800283E4 (0x13C58593) addi a1, a1, 316
x11 <- 0x00000000002D413C
mem[X,0x00000000800283E8] -> 0x9593
mem[X,0x00000000800283EA] -> 0x00A5
[5801] [M]: 0x00000000800283E8 (0x00A59593) slli a1, a1, 10
x11 <- 0x00000000B504F000
mem[X,0x00000000800283EC] -> 0x8593
mem[X,0x00000000800283EE] -> 0x3325
[5802] [M]: 0x00000000800283EC (0x33258593) addi a1, a1, 818
x11 <- 0x00000000B504F332
mem[X,0x00000000800283F0] -> 0x0213
mem[X,0x00000000800283F2] -> 0x0000
[5803] [M]: 0x00000000800283F0 (0x00000213) addi tp, zero, 0
x4 <- 0x0000000000000000
mem[X,0x00000000800283F4] -> 0x006F
mem[X,0x00000000800283F6] -> 0x00C0
[5804] [M]: 0x00000000800283F4 (0x00C0006F) jal zero, 12
mem[X,0x0000000080028400] -> 0x0CE3
mem[X,0x0000000080028402] -> 0xFEB5
[5805] [M]: 0x0000000080028400 (0xFEB50CE3) beq a0, a1, 8184
mem[X,0x0000000080028404] -> 0x0213
mem[X,0x0000000080028406] -> 0x0022
[5806] [M]: 0x0000000080028404 (0x00220213) addi tp, tp, 2
x4 <- 0x0000000000000002
mem[X,0x0000000080028408] -> 0x006F
mem[X,0x000000008002840A] -> 0x00C0
[5807] [M]: 0x0000000080028408 (0x00C0006F) jal zero, 12
mem[X,0x0000000080028414] -> 0x3423
mem[X,0x0000000080028416] -> 0x3441
[5808] [M]: 0x0000000080028414 (0x34413423) sd tp, 840(sp)
mem[0x0000000080049D10] <- 0x0000000000000002
mem[X,0x0000000080028418] -> 0x0513
mem[X,0x000000008002841A] -> 0x0020
[5809] [M]: 0x0000000080028418 (0x00200513) addi a0, zero, 2
x10 <- 0x0000000000000002
mem[X,0x000000008002841C] -> 0x55B7
mem[X,0x000000008002841E] -> 0x5555
[5810] [M]: 0x000000008002841C (0x555555B7) lui a1, 349525
x11 <- 0x0000000055555000
mem[X,0x0000000080028420] -> 0x8593
mem[X,0x0000000080028422] -> 0x5555
[5811] [M]: 0x0000000080028420 (0x55558593) addi a1, a1, 1365
x11 <- 0x0000000055555555
mem[X,0x0000000080028424] -> 0x9593
mem[X,0x0000000080028426] -> 0x00B5
[5812] [M]: 0x0000000080028424 (0x00B59593) slli a1, a1, 11
x11 <- 0x000002AAAAAAA800
mem[X,0x0000000080028428] -> 0x8593
mem[X,0x000000008002842A] -> 0x2AA5
[5813] [M]: 0x0000000080028428 (0x2AA58593) addi a1, a1, 682
x11 <- 0x000002AAAAAAAAAA
mem[X,0x000000008002842C] -> 0x9593
mem[X,0x000000008002842E] -> 0x00B5
[5814] [M]: 0x000000008002842C (0x00B59593) slli a1, a1, 11
x11 <- 0x0015555555555000
mem[X,0x0000000080028430] -> 0x8593
mem[X,0x0000000080028432] -> 0x5555
[5815] [M]: 0x0000000080028430 (0x55558593) addi a1, a1, 1365
x11 <- 0x0015555555555555
mem[X,0x0000000080028434] -> 0x9593
mem[X,0x0000000080028436] -> 0x00A5
[5816] [M]: 0x0000000080028434 (0x00A59593) slli a1, a1, 10
x11 <- 0x5555555555555400
mem[X,0x0000000080028438] -> 0x8593
mem[X,0x000000008002843A] -> 0x1565
[5817] [M]: 0x0000000080028438 (0x15658593) addi a1, a1, 342
x11 <- 0x5555555555555556
mem[X,0x000000008002843C] -> 0x0213
mem[X,0x000000008002843E] -> 0x0000
[5818] [M]: 0x000000008002843C (0x00000213) addi tp, zero, 0
x4 <- 0x0000000000000000
mem[X,0x0000000080028440] -> 0x006F
mem[X,0x0000000080028442] -> 0x00C0
[5819] [M]: 0x0000000080028440 (0x00C0006F) jal zero, 12
mem[X,0x000000008002844C] -> 0x0063
mem[X,0x000000008002844E] -> 0x20B5
[5820] [M]: 0x000000008002844C (0x20B50063) beq a0, a1, 512
mem[X,0x0000000080028450] -> 0x0213
mem[X,0x0000000080028452] -> 0x0022
[5821] [M]: 0x0000000080028450 (0x00220213) addi tp, tp, 2
x4 <- 0x0000000000000002
mem[X,0x0000000080028454] -> 0x006F
mem[X,0x0000000080028456] -> 0x2000
[5822] [M]: 0x0000000080028454 (0x2000006F) jal zero, 512
mem[X,0x0000000080028654] -> 0x3823
mem[X,0x0000000080028656] -> 0x3441
[5823] [M]: 0x0000000080028654 (0x34413823) sd tp, 848(sp)
mem[0x0000000080049D18] <- 0x0000000000000002
mem[X,0x0000000080028658] -> 0x0513
mem[X,0x000000008002865A] -> 0x0020
[5824] [M]: 0x0000000080028658 (0x00200513) addi a0, zero, 2
x10 <- 0x0000000000000002
mem[X,0x000000008002865C] -> 0xB5B7
mem[X,0x000000008002865E] -> 0xAAAA
[5825] [M]: 0x000000008002865C (0xAAAAB5B7) lui a1, 699051
x11 <- 0xFFFFFFFFAAAAB000
mem[X,0x0000000080028660] -> 0x8593
mem[X,0x0000000080028662] -> 0xAAA5
[5826] [M]: 0x0000000080028660 (0xAAA58593) addi a1, a1, 2730
x11 <- 0xFFFFFFFFAAAAAAAA
mem[X,0x0000000080028664] -> 0x9593
mem[X,0x0000000080028666] -> 0x00B5
[5827] [M]: 0x0000000080028664 (0x00B59593) slli a1, a1, 11
x11 <- 0xFFFFFD5555555000
mem[X,0x0000000080028668] -> 0x8593
mem[X,0x000000008002866A] -> 0x5555
[5828] [M]: 0x0000000080028668 (0x55558593) addi a1, a1, 1365
x11 <- 0xFFFFFD5555555555
mem[X,0x000000008002866C] -> 0x9593
mem[X,0x000000008002866E] -> 0x00B5
[5829] [M]: 0x000000008002866C (0x00B59593) slli a1, a1, 11
x11 <- 0xFFEAAAAAAAAAA800
mem[X,0x0000000080028670] -> 0x8593
mem[X,0x0000000080028672] -> 0x2AA5
[5830] [M]: 0x0000000080028670 (0x2AA58593) addi a1, a1, 682
x11 <- 0xFFEAAAAAAAAAAAAA
mem[X,0x0000000080028674] -> 0x9593
mem[X,0x0000000080028676] -> 0x00A5
[5831] [M]: 0x0000000080028674 (0x00A59593) slli a1, a1, 10
x11 <- 0xAAAAAAAAAAAAA800
mem[X,0x0000000080028678] -> 0x8593
mem[X,0x000000008002867A] -> 0x2AB5
[5832] [M]: 0x0000000080028678 (0x2AB58593) addi a1, a1, 683
x11 <- 0xAAAAAAAAAAAAAAAB
mem[X,0x000000008002867C] -> 0x0213
mem[X,0x000000008002867E] -> 0x0000
[5833] [M]: 0x000000008002867C (0x00000213) addi tp, zero, 0
x4 <- 0x0000000000000000
mem[X,0x0000000080028680] -> 0x006F
mem[X,0x0000000080028682] -> 0x00C0
[5834] [M]: 0x0000000080028680 (0x00C0006F) jal zero, 12
mem[X,0x000000008002868C] -> 0x0663
mem[X,0x000000008002868E] -> 0x00B5
[5835] [M]: 0x000000008002868C (0x00B50663) beq a0, a1, 12
mem[X,0x0000000080028690] -> 0x0213
mem[X,0x0000000080028692] -> 0x0022
[5836] [M]: 0x0000000080028690 (0x00220213) addi tp, tp, 2
x4 <- 0x0000000000000002
mem[X,0x0000000080028694] -> 0x006F
mem[X,0x0000000080028696] -> 0x00C0
[5837] [M]: 0x0000000080028694 (0x00C0006F) jal zero, 12
mem[X,0x00000000800286A0] -> 0x3C23
mem[X,0x00000000800286A2] -> 0x3441
[5838] [M]: 0x00000000800286A0 (0x34413C23) sd tp, 856(sp)
mem[0x0000000080049D20] <- 0x0000000000000002
mem[X,0x00000000800286A4] -> 0x0513
mem[X,0x00000000800286A6] -> 0x0020
[5839] [M]: 0x00000000800286A4 (0x00200513) addi a0, zero, 2
x10 <- 0x0000000000000002
mem[X,0x00000000800286A8] -> 0x35B7
mem[X,0x00000000800286AA] -> 0x3333
[5840] [M]: 0x00000000800286A8 (0x333335B7) lui a1, 209715
x11 <- 0x0000000033333000
mem[X,0x00000000800286AC] -> 0x8593
mem[X,0x00000000800286AE] -> 0x3335
[5841] [M]: 0x00000000800286AC (0x33358593) addi a1, a1, 819
x11 <- 0x0000000033333333
mem[X,0x00000000800286B0] -> 0x9593
mem[X,0x00000000800286B2] -> 0x00B5
[5842] [M]: 0x00000000800286B0 (0x00B59593) slli a1, a1, 11
x11 <- 0x0000019999999800
mem[X,0x00000000800286B4] -> 0x8593
mem[X,0x00000000800286B6] -> 0x1995
[5843] [M]: 0x00000000800286B4 (0x19958593) addi a1, a1, 409
x11 <- 0x0000019999999999
mem[X,0x00000000800286B8] -> 0x9593
mem[X,0x00000000800286BA] -> 0x00B5
[5844] [M]: 0x00000000800286B8 (0x00B59593) slli a1, a1, 11
x11 <- 0x000CCCCCCCCCC800
mem[X,0x00000000800286BC] -> 0x8593
mem[X,0x00000000800286BE] -> 0x4CC5
[5845] [M]: 0x00000000800286BC (0x4CC58593) addi a1, a1, 1228
x11 <- 0x000CCCCCCCCCCCCC
mem[X,0x00000000800286C0] -> 0x9593
mem[X,0x00000000800286C2] -> 0x00A5
[5846] [M]: 0x00000000800286C0 (0x00A59593) slli a1, a1, 10
x11 <- 0x3333333333333000
mem[X,0x00000000800286C4] -> 0x8593
mem[X,0x00000000800286C6] -> 0x3345
[5847] [M]: 0x00000000800286C4 (0x33458593) addi a1, a1, 820
x11 <- 0x3333333333333334
mem[X,0x00000000800286C8] -> 0x0213
mem[X,0x00000000800286CA] -> 0x0000
[5848] [M]: 0x00000000800286C8 (0x00000213) addi tp, zero, 0
x4 <- 0x0000000000000000
mem[X,0x00000000800286CC] -> 0x006F
mem[X,0x00000000800286CE] -> 0x0050
[5849] [M]: 0x00000000800286CC (0x0050006F) jal zero, 2052
mem[X,0x0000000080028ED0] -> 0x00E3
mem[X,0x0000000080028ED2] -> 0x80B5
[5850] [M]: 0x0000000080028ED0 (0x80B500E3) beq a0, a1, 6144
mem[X,0x0000000080028ED4] -> 0x0213
mem[X,0x0000000080028ED6] -> 0x0022
[5851] [M]: 0x0000000080028ED4 (0x00220213) addi tp, tp, 2
x4 <- 0x0000000000000002
mem[X,0x0000000080028ED8] -> 0x006F
mem[X,0x0000000080028EDA] -> 0x00C0
[5852] [M]: 0x0000000080028ED8 (0x00C0006F) jal zero, 12
mem[X,0x0000000080028EE4] -> 0x3023
mem[X,0x0000000080028EE6] -> 0x3641
[5853] [M]: 0x0000000080028EE4 (0x36413023) sd tp, 864(sp)
mem[0x0000000080049D28] <- 0x0000000000000002
mem[X,0x0000000080028EE8] -> 0x0513
mem[X,0x0000000080028EEA] -> 0x0020
[5854] [M]: 0x0000000080028EE8 (0x00200513) addi a0, zero, 2
x10 <- 0x0000000000000002
mem[X,0x0000000080028EEC] -> 0x65B7
mem[X,0x0000000080028EEE] -> 0x6666
[5855] [M]: 0x0000000080028EEC (0x666665B7) lui a1, 419430
x11 <- 0x0000000066666000
mem[X,0x0000000080028EF0] -> 0x8593
mem[X,0x0000000080028EF2] -> 0x6665
[5856] [M]: 0x0000000080028EF0 (0x66658593) addi a1, a1, 1638
x11 <- 0x0000000066666666
mem[X,0x0000000080028EF4] -> 0x9593
mem[X,0x0000000080028EF6] -> 0x00B5
[5857] [M]: 0x0000000080028EF4 (0x00B59593) slli a1, a1, 11
x11 <- 0x0000033333333000
mem[X,0x0000000080028EF8] -> 0x8593
mem[X,0x0000000080028EFA] -> 0x3335
[5858] [M]: 0x0000000080028EF8 (0x33358593) addi a1, a1, 819
x11 <- 0x0000033333333333
mem[X,0x0000000080028EFC] -> 0x9593
mem[X,0x0000000080028EFE] -> 0x00B5
[5859] [M]: 0x0000000080028EFC (0x00B59593) slli a1, a1, 11
x11 <- 0x0019999999999800
mem[X,0x0000000080028F00] -> 0x8593
mem[X,0x0000000080028F02] -> 0x1995
[5860] [M]: 0x0000000080028F00 (0x19958593) addi a1, a1, 409
x11 <- 0x0019999999999999
mem[X,0x0000000080028F04] -> 0x9593
mem[X,0x0000000080028F06] -> 0x00A5
[5861] [M]: 0x0000000080028F04 (0x00A59593) slli a1, a1, 10
x11 <- 0x6666666666666400
mem[X,0x0000000080028F08] -> 0x8593
mem[X,0x0000000080028F0A] -> 0x2675
[5862] [M]: 0x0000000080028F08 (0x26758593) addi a1, a1, 615
x11 <- 0x6666666666666667
mem[X,0x0000000080028F0C] -> 0x0213
mem[X,0x0000000080028F0E] -> 0x0000
[5863] [M]: 0x0000000080028F0C (0x00000213) addi tp, zero, 0
x4 <- 0x0000000000000000
mem[X,0x0000000080028F10] -> 0x006F
mem[X,0x0000000080028F12] -> 0x00C0
[5864] [M]: 0x0000000080028F10 (0x00C0006F) jal zero, 12
mem[X,0x0000000080028F1C] -> 0x0663
mem[X,0x0000000080028F1E] -> 0x00B5
[5865] [M]: 0x0000000080028F1C (0x00B50663) beq a0, a1, 12
mem[X,0x0000000080028F20] -> 0x0213
mem[X,0x0000000080028F22] -> 0x0022
[5866] [M]: 0x0000000080028F20 (0x00220213) addi tp, tp, 2
x4 <- 0x0000000000000002
mem[X,0x0000000080028F24] -> 0x006F
mem[X,0x0000000080028F26] -> 0x00C0
[5867] [M]: 0x0000000080028F24 (0x00C0006F) jal zero, 12
mem[X,0x0000000080028F30] -> 0x3423
mem[X,0x0000000080028F32] -> 0x3641
[5868] [M]: 0x0000000080028F30 (0x36413423) sd tp, 872(sp)
mem[0x0000000080049D30] <- 0x0000000000000002
mem[X,0x0000000080028F34] -> 0x0513
mem[X,0x0000000080028F36] -> 0x0020
[5869] [M]: 0x0000000080028F34 (0x00200513) addi a0, zero, 2
x10 <- 0x0000000000000002
mem[X,0x0000000080028F38] -> 0x05B7
mem[X,0x0000000080028F3A] -> 0x0000
[5870] [M]: 0x0000000080028F38 (0x000005B7) lui a1, 0
x11 <- 0x0000000000000000
mem[X,0x0000000080028F3C] -> 0x8593
mem[X,0x0000000080028F3E] -> 0xFFF5
[5871] [M]: 0x0000000080028F3C (0xFFF58593) addi a1, a1, 4095
x11 <- 0xFFFFFFFFFFFFFFFF
mem[X,0x0000000080028F40] -> 0x9593
mem[X,0x0000000080028F42] -> 0x00B5
[5872] [M]: 0x0000000080028F40 (0x00B59593) slli a1, a1, 11
x11 <- 0xFFFFFFFFFFFFF800
mem[X,0x0000000080028F44] -> 0x8593
mem[X,0x0000000080028F46] -> 0x2575
[5873] [M]: 0x0000000080028F44 (0x25758593) addi a1, a1, 599
x11 <- 0xFFFFFFFFFFFFFA57
mem[X,0x0000000080028F48] -> 0x9593
mem[X,0x0000000080028F4A] -> 0x00B5
[5874] [M]: 0x0000000080028F48 (0x00B59593) slli a1, a1, 11
x11 <- 0xFFFFFFFFFFD2B800
mem[X,0x0000000080028F4C] -> 0x8593
mem[X,0x0000000080028F4E] -> 0x6C35
[5875] [M]: 0x0000000080028F4C (0x6C358593) addi a1, a1, 1731
x11 <- 0xFFFFFFFFFFD2BEC3
mem[X,0x0000000080028F50] -> 0x9593
mem[X,0x0000000080028F52] -> 0x00A5
[5876] [M]: 0x0000000080028F50 (0x00A59593) slli a1, a1, 10
x11 <- 0xFFFFFFFF4AFB0C00
mem[X,0x0000000080028F54] -> 0x8593
mem[X,0x0000000080028F56] -> 0x0CE5
[5877] [M]: 0x0000000080028F54 (0x0CE58593) addi a1, a1, 206
x11 <- 0xFFFFFFFF4AFB0CCE
mem[X,0x0000000080028F58] -> 0x0213
mem[X,0x0000000080028F5A] -> 0x0000
[5878] [M]: 0x0000000080028F58 (0x00000213) addi tp, zero, 0
x4 <- 0x0000000000000000
mem[X,0x0000000080028F5C] -> 0x006F
mem[X,0x0000000080028F5E] -> 0x00C0
[5879] [M]: 0x0000000080028F5C (0x00C0006F) jal zero, 12
mem[X,0x0000000080028F68] -> 0x0063
mem[X,0x0000000080028F6A] -> 0x04B5
[5880] [M]: 0x0000000080028F68 (0x04B50063) beq a0, a1, 64
mem[X,0x0000000080028F6C] -> 0x0213
mem[X,0x0000000080028F6E] -> 0x0022
[5881] [M]: 0x0000000080028F6C (0x00220213) addi tp, tp, 2
x4 <- 0x0000000000000002
mem[X,0x0000000080028F70] -> 0x006F
mem[X,0x0000000080028F72] -> 0x0400
[5882] [M]: 0x0000000080028F70 (0x0400006F) jal zero, 64
mem[X,0x0000000080028FB0] -> 0x3823
mem[X,0x0000000080028FB2] -> 0x3641
[5883] [M]: 0x0000000080028FB0 (0x36413823) sd tp, 880(sp)
mem[0x0000000080049D38] <- 0x0000000000000002
mem[X,0x0000000080028FB4] -> 0x0513
mem[X,0x0000000080028FB6] -> 0x0020
[5884] [M]: 0x0000000080028FB4 (0x00200513) addi a0, zero, 2
x10 <- 0x0000000000000002
mem[X,0x0000000080028FB8] -> 0x05B7
mem[X,0x0000000080028FBA] -> 0x0000
[5885] [M]: 0x0000000080028FB8 (0x000005B7) lui a1, 0
x11 <- 0x0000000000000000
mem[X,0x0000000080028FBC] -> 0x8593
mem[X,0x0000000080028FBE] -> 0x0005
[5886] [M]: 0x0000000080028FBC (0x00058593) addi a1, a1, 0
x11 <- 0x0000000000000000
mem[X,0x0000000080028FC0] -> 0x9593
mem[X,0x0000000080028FC2] -> 0x00B5
[5887] [M]: 0x0000000080028FC0 (0x00B59593) slli a1, a1, 11
x11 <- 0x0000000000000000
mem[X,0x0000000080028FC4] -> 0x8593
mem[X,0x0000000080028FC6] -> 0x5A85
[5888] [M]: 0x0000000080028FC4 (0x5A858593) addi a1, a1, 1448
x11 <- 0x00000000000005A8
mem[X,0x0000000080028FC8] -> 0x9593
mem[X,0x0000000080028FCA] -> 0x00B5
[5889] [M]: 0x0000000080028FC8 (0x00B59593) slli a1, a1, 11
x11 <- 0x00000000002D4000
mem[X,0x0000000080028FCC] -> 0x8593
mem[X,0x0000000080028FCE] -> 0x13C5
[5890] [M]: 0x0000000080028FCC (0x13C58593) addi a1, a1, 316
x11 <- 0x00000000002D413C
mem[X,0x0000000080028FD0] -> 0x9593
mem[X,0x0000000080028FD2] -> 0x00A5
[5891] [M]: 0x0000000080028FD0 (0x00A59593) slli a1, a1, 10
x11 <- 0x00000000B504F000
mem[X,0x0000000080028FD4] -> 0x8593
mem[X,0x0000000080028FD6] -> 0x3345
[5892] [M]: 0x0000000080028FD4 (0x33458593) addi a1, a1, 820
x11 <- 0x00000000B504F334
mem[X,0x0000000080028FD8] -> 0x0213
mem[X,0x0000000080028FDA] -> 0x0000
[5893] [M]: 0x0000000080028FD8 (0x00000213) addi tp, zero, 0
x4 <- 0x0000000000000000
mem[X,0x0000000080028FDC] -> 0x006F
mem[X,0x0000000080028FDE] -> 0x0100
[5894] [M]: 0x0000000080028FDC (0x0100006F) jal zero, 16
mem[X,0x0000000080028FEC] -> 0x0AE3
mem[X,0x0000000080028FEE] -> 0xFEB5
[5895] [M]: 0x0000000080028FEC (0xFEB50AE3) beq a0, a1, 8180
mem[X,0x0000000080028FF0] -> 0x0213
mem[X,0x0000000080028FF2] -> 0x0022
[5896] [M]: 0x0000000080028FF0 (0x00220213) addi tp, tp, 2
x4 <- 0x0000000000000002
mem[X,0x0000000080028FF4] -> 0x006F
mem[X,0x0000000080028FF6] -> 0x00C0
[5897] [M]: 0x0000000080028FF4 (0x00C0006F) jal zero, 12
mem[X,0x0000000080029000] -> 0x3C23
mem[X,0x0000000080029002] -> 0x3641
[5898] [M]: 0x0000000080029000 (0x36413C23) sd tp, 888(sp)
mem[0x0000000080049D40] <- 0x0000000000000002
mem[X,0x0000000080029004] -> 0x5537
mem[X,0x0000000080029006] -> 0x5555
[5899] [M]: 0x0000000080029004 (0x55555537) lui a0, 349525
x10 <- 0x0000000055555000
clint::tick mtime <- 0x000000000000003B
 clint timer pending at mtime 0x000000000000003B
htif::tick 0x0000000000000000
mem[X,0x0000000080029008] -> 0x0513
mem[X,0x000000008002900A] -> 0x5555
[5900] [M]: 0x0000000080029008 (0x55550513) addi a0, a0, 1365
x10 <- 0x0000000055555555
mem[X,0x000000008002900C] -> 0x1513
mem[X,0x000000008002900E] -> 0x00B5
[5901] [M]: 0x000000008002900C (0x00B51513) slli a0, a0, 11
x10 <- 0x000002AAAAAAA800
mem[X,0x0000000080029010] -> 0x0513
mem[X,0x0000000080029012] -> 0x2AA5
[5902] [M]: 0x0000000080029010 (0x2AA50513) addi a0, a0, 682
x10 <- 0x000002AAAAAAAAAA
mem[X,0x0000000080029014] -> 0x1513
mem[X,0x0000000080029016] -> 0x00B5
[5903] [M]: 0x0000000080029014 (0x00B51513) slli a0, a0, 11
x10 <- 0x0015555555555000
mem[X,0x0000000080029018] -> 0x0513
mem[X,0x000000008002901A] -> 0x5555
[5904] [M]: 0x0000000080029018 (0x55550513) addi a0, a0, 1365
x10 <- 0x0015555555555555
mem[X,0x000000008002901C] -> 0x1513
mem[X,0x000000008002901E] -> 0x00A5
[5905] [M]: 0x000000008002901C (0x00A51513) slli a0, a0, 10
x10 <- 0x5555555555555400
mem[X,0x0000000080029020] -> 0x0513
mem[X,0x0000000080029022] -> 0x1545
[5906] [M]: 0x0000000080029020 (0x15450513) addi a0, a0, 340
x10 <- 0x5555555555555554
mem[X,0x0000000080029024] -> 0x0593
mem[X,0x0000000080029026] -> 0x0030
[5907] [M]: 0x0000000080029024 (0x00300593) addi a1, zero, 3
x11 <- 0x0000000000000003
mem[X,0x0000000080029028] -> 0x0213
mem[X,0x000000008002902A] -> 0x0000
[5908] [M]: 0x0000000080029028 (0x00000213) addi tp, zero, 0
x4 <- 0x0000000000000000
mem[X,0x000000008002902C] -> 0x006F
mem[X,0x000000008002902E] -> 0x00C0
[5909] [M]: 0x000000008002902C (0x00C0006F) jal zero, 12
mem[X,0x0000000080029038] -> 0x0CE3
mem[X,0x000000008002903A] -> 0xFEB5
[5910] [M]: 0x0000000080029038 (0xFEB50CE3) beq a0, a1, 8184
mem[X,0x000000008002903C] -> 0x0213
mem[X,0x000000008002903E] -> 0x0022
[5911] [M]: 0x000000008002903C (0x00220213) addi tp, tp, 2
x4 <- 0x0000000000000002
mem[X,0x0000000080029040] -> 0x006F
mem[X,0x0000000080029042] -> 0x00C0
[5912] [M]: 0x0000000080029040 (0x00C0006F) jal zero, 12
mem[X,0x000000008002904C] -> 0x3023
mem[X,0x000000008002904E] -> 0x3841
[5913] [M]: 0x000000008002904C (0x38413023) sd tp, 896(sp)
mem[0x0000000080049D48] <- 0x0000000000000002
mem[X,0x0000000080029050] -> 0x5537
mem[X,0x0000000080029052] -> 0x5555
[5914] [M]: 0x0000000080029050 (0x55555537) lui a0, 349525
x10 <- 0x0000000055555000
mem[X,0x0000000080029054] -> 0x0513
mem[X,0x0000000080029056] -> 0x5555
[5915] [M]: 0x0000000080029054 (0x55550513) addi a0, a0, 1365
x10 <- 0x0000000055555555
mem[X,0x0000000080029058] -> 0x1513
mem[X,0x000000008002905A] -> 0x00B5
[5916] [M]: 0x0000000080029058 (0x00B51513) slli a0, a0, 11
x10 <- 0x000002AAAAAAA800
mem[X,0x000000008002905C] -> 0x0513
mem[X,0x000000008002905E] -> 0x2AA5
[5917] [M]: 0x000000008002905C (0x2AA50513) addi a0, a0, 682
x10 <- 0x000002AAAAAAAAAA
mem[X,0x0000000080029060] -> 0x1513
mem[X,0x0000000080029062] -> 0x00B5
[5918] [M]: 0x0000000080029060 (0x00B51513) slli a0, a0, 11
x10 <- 0x0015555555555000
mem[X,0x0000000080029064] -> 0x0513
mem[X,0x0000000080029066] -> 0x5555
[5919] [M]: 0x0000000080029064 (0x55550513) addi a0, a0, 1365
x10 <- 0x0015555555555555
mem[X,0x0000000080029068] -> 0x1513
mem[X,0x000000008002906A] -> 0x00A5
[5920] [M]: 0x0000000080029068 (0x00A51513) slli a0, a0, 10
x10 <- 0x5555555555555400
mem[X,0x000000008002906C] -> 0x0513
mem[X,0x000000008002906E] -> 0x1545
[5921] [M]: 0x000000008002906C (0x15450513) addi a0, a0, 340
x10 <- 0x5555555555555554
mem[X,0x0000000080029070] -> 0x55B7
mem[X,0x0000000080029072] -> 0x5555
[5922] [M]: 0x0000000080029070 (0x555555B7) lui a1, 349525
x11 <- 0x0000000055555000
mem[X,0x0000000080029074] -> 0x8593
mem[X,0x0000000080029076] -> 0x5555
[5923] [M]: 0x0000000080029074 (0x55558593) addi a1, a1, 1365
x11 <- 0x0000000055555555
mem[X,0x0000000080029078] -> 0x9593
mem[X,0x000000008002907A] -> 0x00B5
[5924] [M]: 0x0000000080029078 (0x00B59593) slli a1, a1, 11
x11 <- 0x000002AAAAAAA800
mem[X,0x000000008002907C] -> 0x8593
mem[X,0x000000008002907E] -> 0x2AA5
[5925] [M]: 0x000000008002907C (0x2AA58593) addi a1, a1, 682
x11 <- 0x000002AAAAAAAAAA
mem[X,0x0000000080029080] -> 0x9593
mem[X,0x0000000080029082] -> 0x00B5
[5926] [M]: 0x0000000080029080 (0x00B59593) slli a1, a1, 11
x11 <- 0x0015555555555000
mem[X,0x0000000080029084] -> 0x8593
mem[X,0x0000000080029086] -> 0x5555
[5927] [M]: 0x0000000080029084 (0x55558593) addi a1, a1, 1365
x11 <- 0x0015555555555555
mem[X,0x0000000080029088] -> 0x9593
mem[X,0x000000008002908A] -> 0x00A5
[5928] [M]: 0x0000000080029088 (0x00A59593) slli a1, a1, 10
x11 <- 0x5555555555555400
mem[X,0x000000008002908C] -> 0x8593
mem[X,0x000000008002908E] -> 0x1555
[5929] [M]: 0x000000008002908C (0x15558593) addi a1, a1, 341
x11 <- 0x5555555555555555
mem[X,0x0000000080029090] -> 0x0213
mem[X,0x0000000080029092] -> 0x0000
[5930] [M]: 0x0000000080029090 (0x00000213) addi tp, zero, 0
x4 <- 0x0000000000000000
mem[X,0x0000000080029094] -> 0x006F
mem[X,0x0000000080029096] -> 0x00C0
[5931] [M]: 0x0000000080029094 (0x00C0006F) jal zero, 12
mem[X,0x00000000800290A0] -> 0x0063
mem[X,0x00000000800290A2] -> 0x20B5
[5932] [M]: 0x00000000800290A0 (0x20B50063) beq a0, a1, 512
mem[X,0x00000000800290A4] -> 0x0213
mem[X,0x00000000800290A6] -> 0x0022
[5933] [M]: 0x00000000800290A4 (0x00220213) addi tp, tp, 2
x4 <- 0x0000000000000002
mem[X,0x00000000800290A8] -> 0x006F
mem[X,0x00000000800290AA] -> 0x2000
[5934] [M]: 0x00000000800290A8 (0x2000006F) jal zero, 512
mem[X,0x00000000800292A8] -> 0x3423
mem[X,0x00000000800292AA] -> 0x3841
[5935] [M]: 0x00000000800292A8 (0x38413423) sd tp, 904(sp)
mem[0x0000000080049D50] <- 0x0000000000000002
mem[X,0x00000000800292AC] -> 0x5537
mem[X,0x00000000800292AE] -> 0x5555
[5936] [M]: 0x00000000800292AC (0x55555537) lui a0, 349525
x10 <- 0x0000000055555000
mem[X,0x00000000800292B0] -> 0x0513
mem[X,0x00000000800292B2] -> 0x5555
[5937] [M]: 0x00000000800292B0 (0x55550513) addi a0, a0, 1365
x10 <- 0x0000000055555555
mem[X,0x00000000800292B4] -> 0x1513
mem[X,0x00000000800292B6] -> 0x00B5
[5938] [M]: 0x00000000800292B4 (0x00B51513) slli a0, a0, 11
x10 <- 0x000002AAAAAAA800
mem[X,0x00000000800292B8] -> 0x0513
mem[X,0x00000000800292BA] -> 0x2AA5
[5939] [M]: 0x00000000800292B8 (0x2AA50513) addi a0, a0, 682
x10 <- 0x000002AAAAAAAAAA
mem[X,0x00000000800292BC] -> 0x1513
mem[X,0x00000000800292BE] -> 0x00B5
[5940] [M]: 0x00000000800292BC (0x00B51513) slli a0, a0, 11
x10 <- 0x0015555555555000
mem[X,0x00000000800292C0] -> 0x0513
mem[X,0x00000000800292C2] -> 0x5555
[5941] [M]: 0x00000000800292C0 (0x55550513) addi a0, a0, 1365
x10 <- 0x0015555555555555
mem[X,0x00000000800292C4] -> 0x1513
mem[X,0x00000000800292C6] -> 0x00A5
[5942] [M]: 0x00000000800292C4 (0x00A51513) slli a0, a0, 10
x10 <- 0x5555555555555400
mem[X,0x00000000800292C8] -> 0x0513
mem[X,0x00000000800292CA] -> 0x1545
[5943] [M]: 0x00000000800292C8 (0x15450513) addi a0, a0, 340
x10 <- 0x5555555555555554
mem[X,0x00000000800292CC] -> 0xB5B7
mem[X,0x00000000800292CE] -> 0xAAAA
[5944] [M]: 0x00000000800292CC (0xAAAAB5B7) lui a1, 699051
x11 <- 0xFFFFFFFFAAAAB000
mem[X,0x00000000800292D0] -> 0x8593
mem[X,0x00000000800292D2] -> 0xAAA5
[5945] [M]: 0x00000000800292D0 (0xAAA58593) addi a1, a1, 2730
x11 <- 0xFFFFFFFFAAAAAAAA
mem[X,0x00000000800292D4] -> 0x9593
mem[X,0x00000000800292D6] -> 0x00B5
[5946] [M]: 0x00000000800292D4 (0x00B59593) slli a1, a1, 11
x11 <- 0xFFFFFD5555555000
mem[X,0x00000000800292D8] -> 0x8593
mem[X,0x00000000800292DA] -> 0x5555
[5947] [M]: 0x00000000800292D8 (0x55558593) addi a1, a1, 1365
x11 <- 0xFFFFFD5555555555
mem[X,0x00000000800292DC] -> 0x9593
mem[X,0x00000000800292DE] -> 0x00B5
[5948] [M]: 0x00000000800292DC (0x00B59593) slli a1, a1, 11
x11 <- 0xFFEAAAAAAAAAA800
mem[X,0x00000000800292E0] -> 0x8593
mem[X,0x00000000800292E2] -> 0x2AA5
[5949] [M]: 0x00000000800292E0 (0x2AA58593) addi a1, a1, 682
x11 <- 0xFFEAAAAAAAAAAAAA
mem[X,0x00000000800292E4] -> 0x9593
mem[X,0x00000000800292E6] -> 0x00A5
[5950] [M]: 0x00000000800292E4 (0x00A59593) slli a1, a1, 10
x11 <- 0xAAAAAAAAAAAAA800
mem[X,0x00000000800292E8] -> 0x8593
mem[X,0x00000000800292EA] -> 0x2AA5
[5951] [M]: 0x00000000800292E8 (0x2AA58593) addi a1, a1, 682
x11 <- 0xAAAAAAAAAAAAAAAA
mem[X,0x00000000800292EC] -> 0x0213
mem[X,0x00000000800292EE] -> 0x0000
[5952] [M]: 0x00000000800292EC (0x00000213) addi tp, zero, 0
x4 <- 0x0000000000000000
mem[X,0x00000000800292F0] -> 0x006F
mem[X,0x00000000800292F2] -> 0x00C0
[5953] [M]: 0x00000000800292F0 (0x00C0006F) jal zero, 12
mem[X,0x00000000800292FC] -> 0x0063
mem[X,0x00000000800292FE] -> 0x40B5
[5954] [M]: 0x00000000800292FC (0x40B50063) beq a0, a1, 1024
mem[X,0x0000000080029300] -> 0x0213
mem[X,0x0000000080029302] -> 0x0022
[5955] [M]: 0x0000000080029300 (0x00220213) addi tp, tp, 2
x4 <- 0x0000000000000002
mem[X,0x0000000080029304] -> 0x006F
mem[X,0x0000000080029306] -> 0x4000
[5956] [M]: 0x0000000080029304 (0x4000006F) jal zero, 1024
mem[X,0x0000000080029704] -> 0x3823
mem[X,0x0000000080029706] -> 0x3841
[5957] [M]: 0x0000000080029704 (0x38413823) sd tp, 912(sp)
mem[0x0000000080049D58] <- 0x0000000000000002
mem[X,0x0000000080029708] -> 0x5537
mem[X,0x000000008002970A] -> 0x5555
[5958] [M]: 0x0000000080029708 (0x55555537) lui a0, 349525
x10 <- 0x0000000055555000
mem[X,0x000000008002970C] -> 0x0513
mem[X,0x000000008002970E] -> 0x5555
[5959] [M]: 0x000000008002970C (0x55550513) addi a0, a0, 1365
x10 <- 0x0000000055555555
mem[X,0x0000000080029710] -> 0x1513
mem[X,0x0000000080029712] -> 0x00B5
[5960] [M]: 0x0000000080029710 (0x00B51513) slli a0, a0, 11
x10 <- 0x000002AAAAAAA800
mem[X,0x0000000080029714] -> 0x0513
mem[X,0x0000000080029716] -> 0x2AA5
[5961] [M]: 0x0000000080029714 (0x2AA50513) addi a0, a0, 682
x10 <- 0x000002AAAAAAAAAA
mem[X,0x0000000080029718] -> 0x1513
mem[X,0x000000008002971A] -> 0x00B5
[5962] [M]: 0x0000000080029718 (0x00B51513) slli a0, a0, 11
x10 <- 0x0015555555555000
mem[X,0x000000008002971C] -> 0x0513
mem[X,0x000000008002971E] -> 0x5555
[5963] [M]: 0x000000008002971C (0x55550513) addi a0, a0, 1365
x10 <- 0x0015555555555555
mem[X,0x0000000080029720] -> 0x1513
mem[X,0x0000000080029722] -> 0x00A5
[5964] [M]: 0x0000000080029720 (0x00A51513) slli a0, a0, 10
x10 <- 0x5555555555555400
mem[X,0x0000000080029724] -> 0x0513
mem[X,0x0000000080029726] -> 0x1545
[5965] [M]: 0x0000000080029724 (0x15450513) addi a0, a0, 340
x10 <- 0x5555555555555554
mem[X,0x0000000080029728] -> 0x0593
mem[X,0x000000008002972A] -> 0x0050
[5966] [M]: 0x0000000080029728 (0x00500593) addi a1, zero, 5
x11 <- 0x0000000000000005
mem[X,0x000000008002972C] -> 0x0213
mem[X,0x000000008002972E] -> 0x0000
[5967] [M]: 0x000000008002972C (0x00000213) addi tp, zero, 0
x4 <- 0x0000000000000000
mem[X,0x0000000080029730] -> 0x006F
mem[X,0x0000000080029732] -> 0x2B10
[5968] [M]: 0x0000000080029730 (0x2B10006F) jal zero, 2736
mem[X,0x000000008002A1E0] -> 0x0A63
mem[X,0x000000008002A1E2] -> 0xD4B5
[5969] [M]: 0x000000008002A1E0 (0xD4B50A63) beq a0, a1, 5460
mem[X,0x000000008002A1E4] -> 0x0213
mem[X,0x000000008002A1E6] -> 0x0022
[5970] [M]: 0x000000008002A1E4 (0x00220213) addi tp, tp, 2
x4 <- 0x0000000000000002
mem[X,0x000000008002A1E8] -> 0x006F
mem[X,0x000000008002A1EA] -> 0x00C0
[5971] [M]: 0x000000008002A1E8 (0x00C0006F) jal zero, 12
mem[X,0x000000008002A1F4] -> 0x3C23
mem[X,0x000000008002A1F6] -> 0x3841
[5972] [M]: 0x000000008002A1F4 (0x38413C23) sd tp, 920(sp)
mem[0x0000000080049D60] <- 0x0000000000000002
mem[X,0x000000008002A1F8] -> 0x5537
mem[X,0x000000008002A1FA] -> 0x5555
[5973] [M]: 0x000000008002A1F8 (0x55555537) lui a0, 349525
x10 <- 0x0000000055555000
mem[X,0x000000008002A1FC] -> 0x0513
mem[X,0x000000008002A1FE] -> 0x5555
[5974] [M]: 0x000000008002A1FC (0x55550513) addi a0, a0, 1365
x10 <- 0x0000000055555555
mem[X,0x000000008002A200] -> 0x1513
mem[X,0x000000008002A202] -> 0x00B5
[5975] [M]: 0x000000008002A200 (0x00B51513) slli a0, a0, 11
x10 <- 0x000002AAAAAAA800
mem[X,0x000000008002A204] -> 0x0513
mem[X,0x000000008002A206] -> 0x2AA5
[5976] [M]: 0x000000008002A204 (0x2AA50513) addi a0, a0, 682
x10 <- 0x000002AAAAAAAAAA
mem[X,0x000000008002A208] -> 0x1513
mem[X,0x000000008002A20A] -> 0x00B5
[5977] [M]: 0x000000008002A208 (0x00B51513) slli a0, a0, 11
x10 <- 0x0015555555555000
mem[X,0x000000008002A20C] -> 0x0513
mem[X,0x000000008002A20E] -> 0x5555
[5978] [M]: 0x000000008002A20C (0x55550513) addi a0, a0, 1365
x10 <- 0x0015555555555555
mem[X,0x000000008002A210] -> 0x1513
mem[X,0x000000008002A212] -> 0x00A5
[5979] [M]: 0x000000008002A210 (0x00A51513) slli a0, a0, 10
x10 <- 0x5555555555555400
mem[X,0x000000008002A214] -> 0x0513
mem[X,0x000000008002A216] -> 0x1545
[5980] [M]: 0x000000008002A214 (0x15450513) addi a0, a0, 340
x10 <- 0x5555555555555554
mem[X,0x000000008002A218] -> 0x35B7
mem[X,0x000000008002A21A] -> 0x3333
[5981] [M]: 0x000000008002A218 (0x333335B7) lui a1, 209715
x11 <- 0x0000000033333000
mem[X,0x000000008002A21C] -> 0x8593
mem[X,0x000000008002A21E] -> 0x3335
[5982] [M]: 0x000000008002A21C (0x33358593) addi a1, a1, 819
x11 <- 0x0000000033333333
mem[X,0x000000008002A220] -> 0x9593
mem[X,0x000000008002A222] -> 0x00B5
[5983] [M]: 0x000000008002A220 (0x00B59593) slli a1, a1, 11
x11 <- 0x0000019999999800
mem[X,0x000000008002A224] -> 0x8593
mem[X,0x000000008002A226] -> 0x1995
[5984] [M]: 0x000000008002A224 (0x19958593) addi a1, a1, 409
x11 <- 0x0000019999999999
mem[X,0x000000008002A228] -> 0x9593
mem[X,0x000000008002A22A] -> 0x00B5
[5985] [M]: 0x000000008002A228 (0x00B59593) slli a1, a1, 11
x11 <- 0x000CCCCCCCCCC800
mem[X,0x000000008002A22C] -> 0x8593
mem[X,0x000000008002A22E] -> 0x4CC5
[5986] [M]: 0x000000008002A22C (0x4CC58593) addi a1, a1, 1228
x11 <- 0x000CCCCCCCCCCCCC
mem[X,0x000000008002A230] -> 0x9593
mem[X,0x000000008002A232] -> 0x00A5
[5987] [M]: 0x000000008002A230 (0x00A59593) slli a1, a1, 10
x11 <- 0x3333333333333000
mem[X,0x000000008002A234] -> 0x8593
mem[X,0x000000008002A236] -> 0x3335
[5988] [M]: 0x000000008002A234 (0x33358593) addi a1, a1, 819
x11 <- 0x3333333333333333
mem[X,0x000000008002A238] -> 0x0213
mem[X,0x000000008002A23A] -> 0x0000
[5989] [M]: 0x000000008002A238 (0x00000213) addi tp, zero, 0
x4 <- 0x0000000000000000
mem[X,0x000000008002A23C] -> 0x006F
mem[X,0x000000008002A23E] -> 0x0100
[5990] [M]: 0x000000008002A23C (0x0100006F) jal zero, 16
mem[X,0x000000008002A24C] -> 0x0AE3
mem[X,0x000000008002A24E] -> 0xFEB5
[5991] [M]: 0x000000008002A24C (0xFEB50AE3) beq a0, a1, 8180
mem[X,0x000000008002A250] -> 0x0213
mem[X,0x000000008002A252] -> 0x0022
[5992] [M]: 0x000000008002A250 (0x00220213) addi tp, tp, 2
x4 <- 0x0000000000000002
mem[X,0x000000008002A254] -> 0x006F
mem[X,0x000000008002A256] -> 0x00C0
[5993] [M]: 0x000000008002A254 (0x00C0006F) jal zero, 12
mem[X,0x000000008002A260] -> 0x3023
mem[X,0x000000008002A262] -> 0x3A41
[5994] [M]: 0x000000008002A260 (0x3A413023) sd tp, 928(sp)
mem[0x0000000080049D68] <- 0x0000000000000002
mem[X,0x000000008002A264] -> 0x5537
mem[X,0x000000008002A266] -> 0x5555
[5995] [M]: 0x000000008002A264 (0x55555537) lui a0, 349525
x10 <- 0x0000000055555000
mem[X,0x000000008002A268] -> 0x0513
mem[X,0x000000008002A26A] -> 0x5555
[5996] [M]: 0x000000008002A268 (0x55550513) addi a0, a0, 1365
x10 <- 0x0000000055555555
mem[X,0x000000008002A26C] -> 0x1513
mem[X,0x000000008002A26E] -> 0x00B5
[5997] [M]: 0x000000008002A26C (0x00B51513) slli a0, a0, 11
x10 <- 0x000002AAAAAAA800
mem[X,0x000000008002A270] -> 0x0513
mem[X,0x000000008002A272] -> 0x2AA5
[5998] [M]: 0x000000008002A270 (0x2AA50513) addi a0, a0, 682
x10 <- 0x000002AAAAAAAAAA
mem[X,0x000000008002A274] -> 0x1513
mem[X,0x000000008002A276] -> 0x00B5
[5999] [M]: 0x000000008002A274 (0x00B51513) slli a0, a0, 11
x10 <- 0x0015555555555000
clint::tick mtime <- 0x000000000000003C
 clint timer pending at mtime 0x000000000000003C
htif::tick 0x0000000000000000
mem[X,0x000000008002A278] -> 0x0513
mem[X,0x000000008002A27A] -> 0x5555
[6000] [M]: 0x000000008002A278 (0x55550513) addi a0, a0, 1365
x10 <- 0x0015555555555555
mem[X,0x000000008002A27C] -> 0x1513
mem[X,0x000000008002A27E] -> 0x00A5
[6001] [M]: 0x000000008002A27C (0x00A51513) slli a0, a0, 10
x10 <- 0x5555555555555400
mem[X,0x000000008002A280] -> 0x0513
mem[X,0x000000008002A282] -> 0x1545
[6002] [M]: 0x000000008002A280 (0x15450513) addi a0, a0, 340
x10 <- 0x5555555555555554
mem[X,0x000000008002A284] -> 0x65B7
mem[X,0x000000008002A286] -> 0x6666
[6003] [M]: 0x000000008002A284 (0x666665B7) lui a1, 419430
x11 <- 0x0000000066666000
mem[X,0x000000008002A288] -> 0x8593
mem[X,0x000000008002A28A] -> 0x6665
[6004] [M]: 0x000000008002A288 (0x66658593) addi a1, a1, 1638
x11 <- 0x0000000066666666
mem[X,0x000000008002A28C] -> 0x9593
mem[X,0x000000008002A28E] -> 0x00B5
[6005] [M]: 0x000000008002A28C (0x00B59593) slli a1, a1, 11
x11 <- 0x0000033333333000
mem[X,0x000000008002A290] -> 0x8593
mem[X,0x000000008002A292] -> 0x3335
[6006] [M]: 0x000000008002A290 (0x33358593) addi a1, a1, 819
x11 <- 0x0000033333333333
mem[X,0x000000008002A294] -> 0x9593
mem[X,0x000000008002A296] -> 0x00B5
[6007] [M]: 0x000000008002A294 (0x00B59593) slli a1, a1, 11
x11 <- 0x0019999999999800
mem[X,0x000000008002A298] -> 0x8593
mem[X,0x000000008002A29A] -> 0x1995
[6008] [M]: 0x000000008002A298 (0x19958593) addi a1, a1, 409
x11 <- 0x0019999999999999
mem[X,0x000000008002A29C] -> 0x9593
mem[X,0x000000008002A29E] -> 0x00A5
[6009] [M]: 0x000000008002A29C (0x00A59593) slli a1, a1, 10
x11 <- 0x6666666666666400
mem[X,0x000000008002A2A0] -> 0x8593
mem[X,0x000000008002A2A2] -> 0x2665
[6010] [M]: 0x000000008002A2A0 (0x26658593) addi a1, a1, 614
x11 <- 0x6666666666666666
mem[X,0x000000008002A2A4] -> 0x0213
mem[X,0x000000008002A2A6] -> 0x0000
[6011] [M]: 0x000000008002A2A4 (0x00000213) addi tp, zero, 0
x4 <- 0x0000000000000000
mem[X,0x000000008002A2A8] -> 0x006F
mem[X,0x000000008002A2AA] -> 0x0180
[6012] [M]: 0x000000008002A2A8 (0x0180006F) jal zero, 24
mem[X,0x000000008002A2C0] -> 0x06E3
mem[X,0x000000008002A2C2] -> 0xFEB5
[6013] [M]: 0x000000008002A2C0 (0xFEB506E3) beq a0, a1, 8172
mem[X,0x000000008002A2C4] -> 0x0213
mem[X,0x000000008002A2C6] -> 0x0022
[6014] [M]: 0x000000008002A2C4 (0x00220213) addi tp, tp, 2
x4 <- 0x0000000000000002
mem[X,0x000000008002A2C8] -> 0x006F
mem[X,0x000000008002A2CA] -> 0x00C0
[6015] [M]: 0x000000008002A2C8 (0x00C0006F) jal zero, 12
mem[X,0x000000008002A2D4] -> 0x3423
mem[X,0x000000008002A2D6] -> 0x3A41
[6016] [M]: 0x000000008002A2D4 (0x3A413423) sd tp, 936(sp)
mem[0x0000000080049D70] <- 0x0000000000000002
mem[X,0x000000008002A2D8] -> 0x5537
mem[X,0x000000008002A2DA] -> 0x5555
[6017] [M]: 0x000000008002A2D8 (0x55555537) lui a0, 349525
x10 <- 0x0000000055555000
mem[X,0x000000008002A2DC] -> 0x0513
mem[X,0x000000008002A2DE] -> 0x5555
[6018] [M]: 0x000000008002A2DC (0x55550513) addi a0, a0, 1365
x10 <- 0x0000000055555555
mem[X,0x000000008002A2E0] -> 0x1513
mem[X,0x000000008002A2E2] -> 0x00B5
[6019] [M]: 0x000000008002A2E0 (0x00B51513) slli a0, a0, 11
x10 <- 0x000002AAAAAAA800
mem[X,0x000000008002A2E4] -> 0x0513
mem[X,0x000000008002A2E6] -> 0x2AA5
[6020] [M]: 0x000000008002A2E4 (0x2AA50513) addi a0, a0, 682
x10 <- 0x000002AAAAAAAAAA
mem[X,0x000000008002A2E8] -> 0x1513
mem[X,0x000000008002A2EA] -> 0x00B5
[6021] [M]: 0x000000008002A2E8 (0x00B51513) slli a0, a0, 11
x10 <- 0x0015555555555000
mem[X,0x000000008002A2EC] -> 0x0513
mem[X,0x000000008002A2EE] -> 0x5555
[6022] [M]: 0x000000008002A2EC (0x55550513) addi a0, a0, 1365
x10 <- 0x0015555555555555
mem[X,0x000000008002A2F0] -> 0x1513
mem[X,0x000000008002A2F2] -> 0x00A5
[6023] [M]: 0x000000008002A2F0 (0x00A51513) slli a0, a0, 10
x10 <- 0x5555555555555400
mem[X,0x000000008002A2F4] -> 0x0513
mem[X,0x000000008002A2F6] -> 0x1545
[6024] [M]: 0x000000008002A2F4 (0x15450513) addi a0, a0, 340
x10 <- 0x5555555555555554
mem[X,0x000000008002A2F8] -> 0x05B7
mem[X,0x000000008002A2FA] -> 0x0000
[6025] [M]: 0x000000008002A2F8 (0x000005B7) lui a1, 0
x11 <- 0x0000000000000000
mem[X,0x000000008002A2FC] -> 0x8593
mem[X,0x000000008002A2FE] -> 0xFFF5
[6026] [M]: 0x000000008002A2FC (0xFFF58593) addi a1, a1, 4095
x11 <- 0xFFFFFFFFFFFFFFFF
mem[X,0x000000008002A300] -> 0x9593
mem[X,0x000000008002A302] -> 0x00B5
[6027] [M]: 0x000000008002A300 (0x00B59593) slli a1, a1, 11
x11 <- 0xFFFFFFFFFFFFF800
mem[X,0x000000008002A304] -> 0x8593
mem[X,0x000000008002A306] -> 0x2575
[6028] [M]: 0x000000008002A304 (0x25758593) addi a1, a1, 599
x11 <- 0xFFFFFFFFFFFFFA57
mem[X,0x000000008002A308] -> 0x9593
mem[X,0x000000008002A30A] -> 0x00B5
[6029] [M]: 0x000000008002A308 (0x00B59593) slli a1, a1, 11
x11 <- 0xFFFFFFFFFFD2B800
mem[X,0x000000008002A30C] -> 0x8593
mem[X,0x000000008002A30E] -> 0x6C35
[6030] [M]: 0x000000008002A30C (0x6C358593) addi a1, a1, 1731
x11 <- 0xFFFFFFFFFFD2BEC3
mem[X,0x000000008002A310] -> 0x9593
mem[X,0x000000008002A312] -> 0x00A5
[6031] [M]: 0x000000008002A310 (0x00A59593) slli a1, a1, 10
x11 <- 0xFFFFFFFF4AFB0C00
mem[X,0x000000008002A314] -> 0x8593
mem[X,0x000000008002A316] -> 0x0CD5
[6032] [M]: 0x000000008002A314 (0x0CD58593) addi a1, a1, 205
x11 <- 0xFFFFFFFF4AFB0CCD
mem[X,0x000000008002A318] -> 0x0213
mem[X,0x000000008002A31A] -> 0x0000
[6033] [M]: 0x000000008002A318 (0x00000213) addi tp, zero, 0
x4 <- 0x0000000000000000
mem[X,0x000000008002A31C] -> 0x006F
mem[X,0x000000008002A31E] -> 0x00C0
[6034] [M]: 0x000000008002A31C (0x00C0006F) jal zero, 12
mem[X,0x000000008002A328] -> 0x0063
mem[X,0x000000008002A32A] -> 0x10B5
[6035] [M]: 0x000000008002A328 (0x10B50063) beq a0, a1, 256
mem[X,0x000000008002A32C] -> 0x0213
mem[X,0x000000008002A32E] -> 0x0022
[6036] [M]: 0x000000008002A32C (0x00220213) addi tp, tp, 2
x4 <- 0x0000000000000002
mem[X,0x000000008002A330] -> 0x006F
mem[X,0x000000008002A332] -> 0x1000
[6037] [M]: 0x000000008002A330 (0x1000006F) jal zero, 256
mem[X,0x000000008002A430] -> 0x3823
mem[X,0x000000008002A432] -> 0x3A41
[6038] [M]: 0x000000008002A430 (0x3A413823) sd tp, 944(sp)
mem[0x0000000080049D78] <- 0x0000000000000002
mem[X,0x000000008002A434] -> 0x5537
mem[X,0x000000008002A436] -> 0x5555
[6039] [M]: 0x000000008002A434 (0x55555537) lui a0, 349525
x10 <- 0x0000000055555000
mem[X,0x000000008002A438] -> 0x0513
mem[X,0x000000008002A43A] -> 0x5555
[6040] [M]: 0x000000008002A438 (0x55550513) addi a0, a0, 1365
x10 <- 0x0000000055555555
mem[X,0x000000008002A43C] -> 0x1513
mem[X,0x000000008002A43E] -> 0x00B5
[6041] [M]: 0x000000008002A43C (0x00B51513) slli a0, a0, 11
x10 <- 0x000002AAAAAAA800
mem[X,0x000000008002A440] -> 0x0513
mem[X,0x000000008002A442] -> 0x2AA5
[6042] [M]: 0x000000008002A440 (0x2AA50513) addi a0, a0, 682
x10 <- 0x000002AAAAAAAAAA
mem[X,0x000000008002A444] -> 0x1513
mem[X,0x000000008002A446] -> 0x00B5
[6043] [M]: 0x000000008002A444 (0x00B51513) slli a0, a0, 11
x10 <- 0x0015555555555000
mem[X,0x000000008002A448] -> 0x0513
mem[X,0x000000008002A44A] -> 0x5555
[6044] [M]: 0x000000008002A448 (0x55550513) addi a0, a0, 1365
x10 <- 0x0015555555555555
mem[X,0x000000008002A44C] -> 0x1513
mem[X,0x000000008002A44E] -> 0x00A5
[6045] [M]: 0x000000008002A44C (0x00A51513) slli a0, a0, 10
x10 <- 0x5555555555555400
mem[X,0x000000008002A450] -> 0x0513
mem[X,0x000000008002A452] -> 0x1545
[6046] [M]: 0x000000008002A450 (0x15450513) addi a0, a0, 340
x10 <- 0x5555555555555554
mem[X,0x000000008002A454] -> 0x05B7
mem[X,0x000000008002A456] -> 0x0000
[6047] [M]: 0x000000008002A454 (0x000005B7) lui a1, 0
x11 <- 0x0000000000000000
mem[X,0x000000008002A458] -> 0x8593
mem[X,0x000000008002A45A] -> 0x0005
[6048] [M]: 0x000000008002A458 (0x00058593) addi a1, a1, 0
x11 <- 0x0000000000000000
mem[X,0x000000008002A45C] -> 0x9593
mem[X,0x000000008002A45E] -> 0x00B5
[6049] [M]: 0x000000008002A45C (0x00B59593) slli a1, a1, 11
x11 <- 0x0000000000000000
mem[X,0x000000008002A460] -> 0x8593
mem[X,0x000000008002A462] -> 0x5A85
[6050] [M]: 0x000000008002A460 (0x5A858593) addi a1, a1, 1448
x11 <- 0x00000000000005A8
mem[X,0x000000008002A464] -> 0x9593
mem[X,0x000000008002A466] -> 0x00B5
[6051] [M]: 0x000000008002A464 (0x00B59593) slli a1, a1, 11
x11 <- 0x00000000002D4000
mem[X,0x000000008002A468] -> 0x8593
mem[X,0x000000008002A46A] -> 0x13C5
[6052] [M]: 0x000000008002A468 (0x13C58593) addi a1, a1, 316
x11 <- 0x00000000002D413C
mem[X,0x000000008002A46C] -> 0x9593
mem[X,0x000000008002A46E] -> 0x00A5
[6053] [M]: 0x000000008002A46C (0x00A59593) slli a1, a1, 10
x11 <- 0x00000000B504F000
mem[X,0x000000008002A470] -> 0x8593
mem[X,0x000000008002A472] -> 0x3335
[6054] [M]: 0x000000008002A470 (0x33358593) addi a1, a1, 819
x11 <- 0x00000000B504F333
mem[X,0x000000008002A474] -> 0x0213
mem[X,0x000000008002A476] -> 0x0000
[6055] [M]: 0x000000008002A474 (0x00000213) addi tp, zero, 0
x4 <- 0x0000000000000000
mem[X,0x000000008002A478] -> 0x006F
mem[X,0x000000008002A47A] -> 0x00C0
[6056] [M]: 0x000000008002A478 (0x00C0006F) jal zero, 12
mem[X,0x000000008002A484] -> 0x0663
mem[X,0x000000008002A486] -> 0x00B5
[6057] [M]: 0x000000008002A484 (0x00B50663) beq a0, a1, 12
mem[X,0x000000008002A488] -> 0x0213
mem[X,0x000000008002A48A] -> 0x0022
[6058] [M]: 0x000000008002A488 (0x00220213) addi tp, tp, 2
x4 <- 0x0000000000000002
mem[X,0x000000008002A48C] -> 0x006F
mem[X,0x000000008002A48E] -> 0x00C0
[6059] [M]: 0x000000008002A48C (0x00C0006F) jal zero, 12
mem[X,0x000000008002A498] -> 0x3C23
mem[X,0x000000008002A49A] -> 0x3A41
[6060] [M]: 0x000000008002A498 (0x3A413C23) sd tp, 952(sp)
mem[0x0000000080049D80] <- 0x0000000000000002
mem[X,0x000000008002A49C] -> 0x5537
mem[X,0x000000008002A49E] -> 0x5555
[6061] [M]: 0x000000008002A49C (0x55555537) lui a0, 349525
x10 <- 0x0000000055555000
mem[X,0x000000008002A4A0] -> 0x0513
mem[X,0x000000008002A4A2] -> 0x5555
[6062] [M]: 0x000000008002A4A0 (0x55550513) addi a0, a0, 1365
x10 <- 0x0000000055555555
mem[X,0x000000008002A4A4] -> 0x1513
mem[X,0x000000008002A4A6] -> 0x00B5
[6063] [M]: 0x000000008002A4A4 (0x00B51513) slli a0, a0, 11
x10 <- 0x000002AAAAAAA800
mem[X,0x000000008002A4A8] -> 0x0513
mem[X,0x000000008002A4AA] -> 0x2AA5
[6064] [M]: 0x000000008002A4A8 (0x2AA50513) addi a0, a0, 682
x10 <- 0x000002AAAAAAAAAA
mem[X,0x000000008002A4AC] -> 0x1513
mem[X,0x000000008002A4AE] -> 0x00B5
[6065] [M]: 0x000000008002A4AC (0x00B51513) slli a0, a0, 11
x10 <- 0x0015555555555000
mem[X,0x000000008002A4B0] -> 0x0513
mem[X,0x000000008002A4B2] -> 0x5555
[6066] [M]: 0x000000008002A4B0 (0x55550513) addi a0, a0, 1365
x10 <- 0x0015555555555555
mem[X,0x000000008002A4B4] -> 0x1513
mem[X,0x000000008002A4B6] -> 0x00A5
[6067] [M]: 0x000000008002A4B4 (0x00A51513) slli a0, a0, 10
x10 <- 0x5555555555555400
mem[X,0x000000008002A4B8] -> 0x0513
mem[X,0x000000008002A4BA] -> 0x1545
[6068] [M]: 0x000000008002A4B8 (0x15450513) addi a0, a0, 340
x10 <- 0x5555555555555554
mem[X,0x000000008002A4BC] -> 0x0593
mem[X,0x000000008002A4BE] -> 0x0020
[6069] [M]: 0x000000008002A4BC (0x00200593) addi a1, zero, 2
x11 <- 0x0000000000000002
mem[X,0x000000008002A4C0] -> 0x0213
mem[X,0x000000008002A4C2] -> 0x0000
[6070] [M]: 0x000000008002A4C0 (0x00000213) addi tp, zero, 0
x4 <- 0x0000000000000000
mem[X,0x000000008002A4C4] -> 0x006F
mem[X,0x000000008002A4C6] -> 0x00C0
[6071] [M]: 0x000000008002A4C4 (0x00C0006F) jal zero, 12
mem[X,0x000000008002A4D0] -> 0x0663
mem[X,0x000000008002A4D2] -> 0x00B5
[6072] [M]: 0x000000008002A4D0 (0x00B50663) beq a0, a1, 12
mem[X,0x000000008002A4D4] -> 0x0213
mem[X,0x000000008002A4D6] -> 0x0022
[6073] [M]: 0x000000008002A4D4 (0x00220213) addi tp, tp, 2
x4 <- 0x0000000000000002
mem[X,0x000000008002A4D8] -> 0x006F
mem[X,0x000000008002A4DA] -> 0x00C0
[6074] [M]: 0x000000008002A4D8 (0x00C0006F) jal zero, 12
mem[X,0x000000008002A4E4] -> 0x3023
mem[X,0x000000008002A4E6] -> 0x3C41
[6075] [M]: 0x000000008002A4E4 (0x3C413023) sd tp, 960(sp)
mem[0x0000000080049D88] <- 0x0000000000000002
mem[X,0x000000008002A4E8] -> 0x5537
mem[X,0x000000008002A4EA] -> 0x5555
[6076] [M]: 0x000000008002A4E8 (0x55555537) lui a0, 349525
x10 <- 0x0000000055555000
mem[X,0x000000008002A4EC] -> 0x0513
mem[X,0x000000008002A4EE] -> 0x5555
[6077] [M]: 0x000000008002A4EC (0x55550513) addi a0, a0, 1365
x10 <- 0x0000000055555555
mem[X,0x000000008002A4F0] -> 0x1513
mem[X,0x000000008002A4F2] -> 0x00B5
[6078] [M]: 0x000000008002A4F0 (0x00B51513) slli a0, a0, 11
x10 <- 0x000002AAAAAAA800
mem[X,0x000000008002A4F4] -> 0x0513
mem[X,0x000000008002A4F6] -> 0x2AA5
[6079] [M]: 0x000000008002A4F4 (0x2AA50513) addi a0, a0, 682
x10 <- 0x000002AAAAAAAAAA
mem[X,0x000000008002A4F8] -> 0x1513
mem[X,0x000000008002A4FA] -> 0x00B5
[6080] [M]: 0x000000008002A4F8 (0x00B51513) slli a0, a0, 11
x10 <- 0x0015555555555000
mem[X,0x000000008002A4FC] -> 0x0513
mem[X,0x000000008002A4FE] -> 0x5555
[6081] [M]: 0x000000008002A4FC (0x55550513) addi a0, a0, 1365
x10 <- 0x0015555555555555
mem[X,0x000000008002A500] -> 0x1513
mem[X,0x000000008002A502] -> 0x00A5
[6082] [M]: 0x000000008002A500 (0x00A51513) slli a0, a0, 10
x10 <- 0x5555555555555400
mem[X,0x000000008002A504] -> 0x0513
mem[X,0x000000008002A506] -> 0x1545
[6083] [M]: 0x000000008002A504 (0x15450513) addi a0, a0, 340
x10 <- 0x5555555555555554
mem[X,0x000000008002A508] -> 0x55B7
mem[X,0x000000008002A50A] -> 0x5555
[6084] [M]: 0x000000008002A508 (0x555555B7) lui a1, 349525
x11 <- 0x0000000055555000
mem[X,0x000000008002A50C] -> 0x8593
mem[X,0x000000008002A50E] -> 0x5555
[6085] [M]: 0x000000008002A50C (0x55558593) addi a1, a1, 1365
x11 <- 0x0000000055555555
mem[X,0x000000008002A510] -> 0x9593
mem[X,0x000000008002A512] -> 0x00B5
[6086] [M]: 0x000000008002A510 (0x00B59593) slli a1, a1, 11
x11 <- 0x000002AAAAAAA800
mem[X,0x000000008002A514] -> 0x8593
mem[X,0x000000008002A516] -> 0x2AA5
[6087] [M]: 0x000000008002A514 (0x2AA58593) addi a1, a1, 682
x11 <- 0x000002AAAAAAAAAA
mem[X,0x000000008002A518] -> 0x9593
mem[X,0x000000008002A51A] -> 0x00B5
[6088] [M]: 0x000000008002A518 (0x00B59593) slli a1, a1, 11
x11 <- 0x0015555555555000
mem[X,0x000000008002A51C] -> 0x8593
mem[X,0x000000008002A51E] -> 0x5555
[6089] [M]: 0x000000008002A51C (0x55558593) addi a1, a1, 1365
x11 <- 0x0015555555555555
mem[X,0x000000008002A520] -> 0x9593
mem[X,0x000000008002A522] -> 0x00A5
[6090] [M]: 0x000000008002A520 (0x00A59593) slli a1, a1, 10
x11 <- 0x5555555555555400
mem[X,0x000000008002A524] -> 0x8593
mem[X,0x000000008002A526] -> 0x1545
[6091] [M]: 0x000000008002A524 (0x15458593) addi a1, a1, 340
x11 <- 0x5555555555555554
mem[X,0x000000008002A528] -> 0x0213
mem[X,0x000000008002A52A] -> 0x0000
[6092] [M]: 0x000000008002A528 (0x00000213) addi tp, zero, 0
x4 <- 0x0000000000000000
mem[X,0x000000008002A52C] -> 0x006F
mem[X,0x000000008002A52E] -> 0x0140
[6093] [M]: 0x000000008002A52C (0x0140006F) jal zero, 20
mem[X,0x000000008002A540] -> 0x08E3
mem[X,0x000000008002A542] -> 0xFEB5
[6094] [M]: 0x000000008002A540 (0xFEB508E3) beq a0, a1, 8176
mem[X,0x000000008002A530] -> 0x0213
mem[X,0x000000008002A532] -> 0x0012
[6095] [M]: 0x000000008002A530 (0x00120213) addi tp, tp, 1
x4 <- 0x0000000000000001
mem[X,0x000000008002A534] -> 0x006F
mem[X,0x000000008002A536] -> 0x0200
[6096] [M]: 0x000000008002A534 (0x0200006F) jal zero, 32
mem[X,0x000000008002A554] -> 0x3423
mem[X,0x000000008002A556] -> 0x3C41
[6097] [M]: 0x000000008002A554 (0x3C413423) sd tp, 968(sp)
mem[0x0000000080049D90] <- 0x0000000000000001
mem[X,0x000000008002A558] -> 0x5537
mem[X,0x000000008002A55A] -> 0x5555
[6098] [M]: 0x000000008002A558 (0x55555537) lui a0, 349525
x10 <- 0x0000000055555000
mem[X,0x000000008002A55C] -> 0x0513
mem[X,0x000000008002A55E] -> 0x5555
[6099] [M]: 0x000000008002A55C (0x55550513) addi a0, a0, 1365
x10 <- 0x0000000055555555
clint::tick mtime <- 0x000000000000003D
 clint timer pending at mtime 0x000000000000003D
htif::tick 0x0000000000000000
mem[X,0x000000008002A560] -> 0x1513
mem[X,0x000000008002A562] -> 0x00B5
[6100] [M]: 0x000000008002A560 (0x00B51513) slli a0, a0, 11
x10 <- 0x000002AAAAAAA800
mem[X,0x000000008002A564] -> 0x0513
mem[X,0x000000008002A566] -> 0x2AA5
[6101] [M]: 0x000000008002A564 (0x2AA50513) addi a0, a0, 682
x10 <- 0x000002AAAAAAAAAA
mem[X,0x000000008002A568] -> 0x1513
mem[X,0x000000008002A56A] -> 0x00B5
[6102] [M]: 0x000000008002A568 (0x00B51513) slli a0, a0, 11
x10 <- 0x0015555555555000
mem[X,0x000000008002A56C] -> 0x0513
mem[X,0x000000008002A56E] -> 0x5555
[6103] [M]: 0x000000008002A56C (0x55550513) addi a0, a0, 1365
x10 <- 0x0015555555555555
mem[X,0x000000008002A570] -> 0x1513
mem[X,0x000000008002A572] -> 0x00A5
[6104] [M]: 0x000000008002A570 (0x00A51513) slli a0, a0, 10
x10 <- 0x5555555555555400
mem[X,0x000000008002A574] -> 0x0513
mem[X,0x000000008002A576] -> 0x1545
[6105] [M]: 0x000000008002A574 (0x15450513) addi a0, a0, 340
x10 <- 0x5555555555555554
mem[X,0x000000008002A578] -> 0x0593
mem[X,0x000000008002A57A] -> 0x0000
[6106] [M]: 0x000000008002A578 (0x00000593) addi a1, zero, 0
x11 <- 0x0000000000000000
mem[X,0x000000008002A57C] -> 0x0213
mem[X,0x000000008002A57E] -> 0x0000
[6107] [M]: 0x000000008002A57C (0x00000213) addi tp, zero, 0
x4 <- 0x0000000000000000
mem[X,0x000000008002A580] -> 0x006F
mem[X,0x000000008002A582] -> 0x2B10
[6108] [M]: 0x000000008002A580 (0x2B10006F) jal zero, 2736
mem[X,0x000000008002B030] -> 0x0A63
mem[X,0x000000008002B032] -> 0xD4B5
[6109] [M]: 0x000000008002B030 (0xD4B50A63) beq a0, a1, 5460
mem[X,0x000000008002B034] -> 0x0213
mem[X,0x000000008002B036] -> 0x0022
[6110] [M]: 0x000000008002B034 (0x00220213) addi tp, tp, 2
x4 <- 0x0000000000000002
mem[X,0x000000008002B038] -> 0x006F
mem[X,0x000000008002B03A] -> 0x00C0
[6111] [M]: 0x000000008002B038 (0x00C0006F) jal zero, 12
mem[X,0x000000008002B044] -> 0x3823
mem[X,0x000000008002B046] -> 0x3C41
[6112] [M]: 0x000000008002B044 (0x3C413823) sd tp, 976(sp)
mem[0x0000000080049D98] <- 0x0000000000000002
mem[X,0x000000008002B048] -> 0x5537
mem[X,0x000000008002B04A] -> 0x5555
[6113] [M]: 0x000000008002B048 (0x55555537) lui a0, 349525
x10 <- 0x0000000055555000
mem[X,0x000000008002B04C] -> 0x0513
mem[X,0x000000008002B04E] -> 0x5555
[6114] [M]: 0x000000008002B04C (0x55550513) addi a0, a0, 1365
x10 <- 0x0000000055555555
mem[X,0x000000008002B050] -> 0x1513
mem[X,0x000000008002B052] -> 0x00B5
[6115] [M]: 0x000000008002B050 (0x00B51513) slli a0, a0, 11
x10 <- 0x000002AAAAAAA800
mem[X,0x000000008002B054] -> 0x0513
mem[X,0x000000008002B056] -> 0x2AA5
[6116] [M]: 0x000000008002B054 (0x2AA50513) addi a0, a0, 682
x10 <- 0x000002AAAAAAAAAA
mem[X,0x000000008002B058] -> 0x1513
mem[X,0x000000008002B05A] -> 0x00B5
[6117] [M]: 0x000000008002B058 (0x00B51513) slli a0, a0, 11
x10 <- 0x0015555555555000
mem[X,0x000000008002B05C] -> 0x0513
mem[X,0x000000008002B05E] -> 0x5555
[6118] [M]: 0x000000008002B05C (0x55550513) addi a0, a0, 1365
x10 <- 0x0015555555555555
mem[X,0x000000008002B060] -> 0x1513
mem[X,0x000000008002B062] -> 0x00A5
[6119] [M]: 0x000000008002B060 (0x00A51513) slli a0, a0, 10
x10 <- 0x5555555555555400
mem[X,0x000000008002B064] -> 0x0513
mem[X,0x000000008002B066] -> 0x1545
[6120] [M]: 0x000000008002B064 (0x15450513) addi a0, a0, 340
x10 <- 0x5555555555555554
mem[X,0x000000008002B068] -> 0x0593
mem[X,0x000000008002B06A] -> 0x0040
[6121] [M]: 0x000000008002B068 (0x00400593) addi a1, zero, 4
x11 <- 0x0000000000000004
mem[X,0x000000008002B06C] -> 0x0213
mem[X,0x000000008002B06E] -> 0x0000
[6122] [M]: 0x000000008002B06C (0x00000213) addi tp, zero, 0
x4 <- 0x0000000000000000
mem[X,0x000000008002B070] -> 0x006F
mem[X,0x000000008002B072] -> 0x00C0
[6123] [M]: 0x000000008002B070 (0x00C0006F) jal zero, 12
mem[X,0x000000008002B07C] -> 0x0063
mem[X,0x000000008002B07E] -> 0x08B5
[6124] [M]: 0x000000008002B07C (0x08B50063) beq a0, a1, 128
mem[X,0x000000008002B080] -> 0x0213
mem[X,0x000000008002B082] -> 0x0022
[6125] [M]: 0x000000008002B080 (0x00220213) addi tp, tp, 2
x4 <- 0x0000000000000002
mem[X,0x000000008002B084] -> 0x006F
mem[X,0x000000008002B086] -> 0x0800
[6126] [M]: 0x000000008002B084 (0x0800006F) jal zero, 128
mem[X,0x000000008002B104] -> 0x3C23
mem[X,0x000000008002B106] -> 0x3C41
[6127] [M]: 0x000000008002B104 (0x3C413C23) sd tp, 984(sp)
mem[0x0000000080049DA0] <- 0x0000000000000002
mem[X,0x000000008002B108] -> 0x5537
mem[X,0x000000008002B10A] -> 0x5555
[6128] [M]: 0x000000008002B108 (0x55555537) lui a0, 349525
x10 <- 0x0000000055555000
mem[X,0x000000008002B10C] -> 0x0513
mem[X,0x000000008002B10E] -> 0x5555
[6129] [M]: 0x000000008002B10C (0x55550513) addi a0, a0, 1365
x10 <- 0x0000000055555555
mem[X,0x000000008002B110] -> 0x1513
mem[X,0x000000008002B112] -> 0x00B5
[6130] [M]: 0x000000008002B110 (0x00B51513) slli a0, a0, 11
x10 <- 0x000002AAAAAAA800
mem[X,0x000000008002B114] -> 0x0513
mem[X,0x000000008002B116] -> 0x2AA5
[6131] [M]: 0x000000008002B114 (0x2AA50513) addi a0, a0, 682
x10 <- 0x000002AAAAAAAAAA
mem[X,0x000000008002B118] -> 0x1513
mem[X,0x000000008002B11A] -> 0x00B5
[6132] [M]: 0x000000008002B118 (0x00B51513) slli a0, a0, 11
x10 <- 0x0015555555555000
mem[X,0x000000008002B11C] -> 0x0513
mem[X,0x000000008002B11E] -> 0x5555
[6133] [M]: 0x000000008002B11C (0x55550513) addi a0, a0, 1365
x10 <- 0x0015555555555555
mem[X,0x000000008002B120] -> 0x1513
mem[X,0x000000008002B122] -> 0x00A5
[6134] [M]: 0x000000008002B120 (0x00A51513) slli a0, a0, 10
x10 <- 0x5555555555555400
mem[X,0x000000008002B124] -> 0x0513
mem[X,0x000000008002B126] -> 0x1545
[6135] [M]: 0x000000008002B124 (0x15450513) addi a0, a0, 340
x10 <- 0x5555555555555554
mem[X,0x000000008002B128] -> 0x35B7
mem[X,0x000000008002B12A] -> 0x3333
[6136] [M]: 0x000000008002B128 (0x333335B7) lui a1, 209715
x11 <- 0x0000000033333000
mem[X,0x000000008002B12C] -> 0x8593
mem[X,0x000000008002B12E] -> 0x3335
[6137] [M]: 0x000000008002B12C (0x33358593) addi a1, a1, 819
x11 <- 0x0000000033333333
mem[X,0x000000008002B130] -> 0x9593
mem[X,0x000000008002B132] -> 0x00B5
[6138] [M]: 0x000000008002B130 (0x00B59593) slli a1, a1, 11
x11 <- 0x0000019999999800
mem[X,0x000000008002B134] -> 0x8593
mem[X,0x000000008002B136] -> 0x1995
[6139] [M]: 0x000000008002B134 (0x19958593) addi a1, a1, 409
x11 <- 0x0000019999999999
mem[X,0x000000008002B138] -> 0x9593
mem[X,0x000000008002B13A] -> 0x00B5
[6140] [M]: 0x000000008002B138 (0x00B59593) slli a1, a1, 11
x11 <- 0x000CCCCCCCCCC800
mem[X,0x000000008002B13C] -> 0x8593
mem[X,0x000000008002B13E] -> 0x4CC5
[6141] [M]: 0x000000008002B13C (0x4CC58593) addi a1, a1, 1228
x11 <- 0x000CCCCCCCCCCCCC
mem[X,0x000000008002B140] -> 0x9593
mem[X,0x000000008002B142] -> 0x00A5
[6142] [M]: 0x000000008002B140 (0x00A59593) slli a1, a1, 10
x11 <- 0x3333333333333000
mem[X,0x000000008002B144] -> 0x8593
mem[X,0x000000008002B146] -> 0x3325
[6143] [M]: 0x000000008002B144 (0x33258593) addi a1, a1, 818
x11 <- 0x3333333333333332
mem[X,0x000000008002B148] -> 0x0213
mem[X,0x000000008002B14A] -> 0x0000
[6144] [M]: 0x000000008002B148 (0x00000213) addi tp, zero, 0
x4 <- 0x0000000000000000
mem[X,0x000000008002B14C] -> 0x006F
mem[X,0x000000008002B14E] -> 0x00C0
[6145] [M]: 0x000000008002B14C (0x00C0006F) jal zero, 12
mem[X,0x000000008002B158] -> 0x0863
mem[X,0x000000008002B15A] -> 0x00B5
[6146] [M]: 0x000000008002B158 (0x00B50863) beq a0, a1, 16
mem[X,0x000000008002B15C] -> 0x0213
mem[X,0x000000008002B15E] -> 0x0022
[6147] [M]: 0x000000008002B15C (0x00220213) addi tp, tp, 2
x4 <- 0x0000000000000002
mem[X,0x000000008002B160] -> 0x006F
mem[X,0x000000008002B162] -> 0x0100
[6148] [M]: 0x000000008002B160 (0x0100006F) jal zero, 16
mem[X,0x000000008002B170] -> 0x3023
mem[X,0x000000008002B172] -> 0x3E41
[6149] [M]: 0x000000008002B170 (0x3E413023) sd tp, 992(sp)
mem[0x0000000080049DA8] <- 0x0000000000000002
mem[X,0x000000008002B174] -> 0x5537
mem[X,0x000000008002B176] -> 0x5555
[6150] [M]: 0x000000008002B174 (0x55555537) lui a0, 349525
x10 <- 0x0000000055555000
mem[X,0x000000008002B178] -> 0x0513
mem[X,0x000000008002B17A] -> 0x5555
[6151] [M]: 0x000000008002B178 (0x55550513) addi a0, a0, 1365
x10 <- 0x0000000055555555
mem[X,0x000000008002B17C] -> 0x1513
mem[X,0x000000008002B17E] -> 0x00B5
[6152] [M]: 0x000000008002B17C (0x00B51513) slli a0, a0, 11
x10 <- 0x000002AAAAAAA800
mem[X,0x000000008002B180] -> 0x0513
mem[X,0x000000008002B182] -> 0x2AA5
[6153] [M]: 0x000000008002B180 (0x2AA50513) addi a0, a0, 682
x10 <- 0x000002AAAAAAAAAA
mem[X,0x000000008002B184] -> 0x1513
mem[X,0x000000008002B186] -> 0x00B5
[6154] [M]: 0x000000008002B184 (0x00B51513) slli a0, a0, 11
x10 <- 0x0015555555555000
mem[X,0x000000008002B188] -> 0x0513
mem[X,0x000000008002B18A] -> 0x5555
[6155] [M]: 0x000000008002B188 (0x55550513) addi a0, a0, 1365
x10 <- 0x0015555555555555
mem[X,0x000000008002B18C] -> 0x1513
mem[X,0x000000008002B18E] -> 0x00A5
[6156] [M]: 0x000000008002B18C (0x00A51513) slli a0, a0, 10
x10 <- 0x5555555555555400
mem[X,0x000000008002B190] -> 0x0513
mem[X,0x000000008002B192] -> 0x1545
[6157] [M]: 0x000000008002B190 (0x15450513) addi a0, a0, 340
x10 <- 0x5555555555555554
mem[X,0x000000008002B194] -> 0x65B7
mem[X,0x000000008002B196] -> 0x6666
[6158] [M]: 0x000000008002B194 (0x666665B7) lui a1, 419430
x11 <- 0x0000000066666000
mem[X,0x000000008002B198] -> 0x8593
mem[X,0x000000008002B19A] -> 0x6665
[6159] [M]: 0x000000008002B198 (0x66658593) addi a1, a1, 1638
x11 <- 0x0000000066666666
mem[X,0x000000008002B19C] -> 0x9593
mem[X,0x000000008002B19E] -> 0x00B5
[6160] [M]: 0x000000008002B19C (0x00B59593) slli a1, a1, 11
x11 <- 0x0000033333333000
mem[X,0x000000008002B1A0] -> 0x8593
mem[X,0x000000008002B1A2] -> 0x3335
[6161] [M]: 0x000000008002B1A0 (0x33358593) addi a1, a1, 819
x11 <- 0x0000033333333333
mem[X,0x000000008002B1A4] -> 0x9593
mem[X,0x000000008002B1A6] -> 0x00B5
[6162] [M]: 0x000000008002B1A4 (0x00B59593) slli a1, a1, 11
x11 <- 0x0019999999999800
mem[X,0x000000008002B1A8] -> 0x8593
mem[X,0x000000008002B1AA] -> 0x1995
[6163] [M]: 0x000000008002B1A8 (0x19958593) addi a1, a1, 409
x11 <- 0x0019999999999999
mem[X,0x000000008002B1AC] -> 0x9593
mem[X,0x000000008002B1AE] -> 0x00A5
[6164] [M]: 0x000000008002B1AC (0x00A59593) slli a1, a1, 10
x11 <- 0x6666666666666400
mem[X,0x000000008002B1B0] -> 0x8593
mem[X,0x000000008002B1B2] -> 0x2655
[6165] [M]: 0x000000008002B1B0 (0x26558593) addi a1, a1, 613
x11 <- 0x6666666666666665
mem[X,0x000000008002B1B4] -> 0x0213
mem[X,0x000000008002B1B6] -> 0x0000
[6166] [M]: 0x000000008002B1B4 (0x00000213) addi tp, zero, 0
x4 <- 0x0000000000000000
mem[X,0x000000008002B1B8] -> 0x006F
mem[X,0x000000008002B1BA] -> 0x00C0
[6167] [M]: 0x000000008002B1B8 (0x00C0006F) jal zero, 12
mem[X,0x000000008002B1C4] -> 0x0063
mem[X,0x000000008002B1C6] -> 0x02B5
[6168] [M]: 0x000000008002B1C4 (0x02B50063) beq a0, a1, 32
mem[X,0x000000008002B1C8] -> 0x0213
mem[X,0x000000008002B1CA] -> 0x0022
[6169] [M]: 0x000000008002B1C8 (0x00220213) addi tp, tp, 2
x4 <- 0x0000000000000002
mem[X,0x000000008002B1CC] -> 0x006F
mem[X,0x000000008002B1CE] -> 0x0200
[6170] [M]: 0x000000008002B1CC (0x0200006F) jal zero, 32
mem[X,0x000000008002B1EC] -> 0x3423
mem[X,0x000000008002B1EE] -> 0x3E41
[6171] [M]: 0x000000008002B1EC (0x3E413423) sd tp, 1000(sp)
mem[0x0000000080049DB0] <- 0x0000000000000002
mem[X,0x000000008002B1F0] -> 0x5537
mem[X,0x000000008002B1F2] -> 0x5555
[6172] [M]: 0x000000008002B1F0 (0x55555537) lui a0, 349525
x10 <- 0x0000000055555000
mem[X,0x000000008002B1F4] -> 0x0513
mem[X,0x000000008002B1F6] -> 0x5555
[6173] [M]: 0x000000008002B1F4 (0x55550513) addi a0, a0, 1365
x10 <- 0x0000000055555555
mem[X,0x000000008002B1F8] -> 0x1513
mem[X,0x000000008002B1FA] -> 0x00B5
[6174] [M]: 0x000000008002B1F8 (0x00B51513) slli a0, a0, 11
x10 <- 0x000002AAAAAAA800
mem[X,0x000000008002B1FC] -> 0x0513
mem[X,0x000000008002B1FE] -> 0x2AA5
[6175] [M]: 0x000000008002B1FC (0x2AA50513) addi a0, a0, 682
x10 <- 0x000002AAAAAAAAAA
mem[X,0x000000008002B200] -> 0x1513
mem[X,0x000000008002B202] -> 0x00B5
[6176] [M]: 0x000000008002B200 (0x00B51513) slli a0, a0, 11
x10 <- 0x0015555555555000
mem[X,0x000000008002B204] -> 0x0513
mem[X,0x000000008002B206] -> 0x5555
[6177] [M]: 0x000000008002B204 (0x55550513) addi a0, a0, 1365
x10 <- 0x0015555555555555
mem[X,0x000000008002B208] -> 0x1513
mem[X,0x000000008002B20A] -> 0x00A5
[6178] [M]: 0x000000008002B208 (0x00A51513) slli a0, a0, 10
x10 <- 0x5555555555555400
mem[X,0x000000008002B20C] -> 0x0513
mem[X,0x000000008002B20E] -> 0x1545
[6179] [M]: 0x000000008002B20C (0x15450513) addi a0, a0, 340
x10 <- 0x5555555555555554
mem[X,0x000000008002B210] -> 0x05B7
mem[X,0x000000008002B212] -> 0x0000
[6180] [M]: 0x000000008002B210 (0x000005B7) lui a1, 0
x11 <- 0x0000000000000000
mem[X,0x000000008002B214] -> 0x8593
mem[X,0x000000008002B216] -> 0x0005
[6181] [M]: 0x000000008002B214 (0x00058593) addi a1, a1, 0
x11 <- 0x0000000000000000
mem[X,0x000000008002B218] -> 0x9593
mem[X,0x000000008002B21A] -> 0x00B5
[6182] [M]: 0x000000008002B218 (0x00B59593) slli a1, a1, 11
x11 <- 0x0000000000000000
mem[X,0x000000008002B21C] -> 0x8593
mem[X,0x000000008002B21E] -> 0x5A85
[6183] [M]: 0x000000008002B21C (0x5A858593) addi a1, a1, 1448
x11 <- 0x00000000000005A8
mem[X,0x000000008002B220] -> 0x9593
mem[X,0x000000008002B222] -> 0x00B5
[6184] [M]: 0x000000008002B220 (0x00B59593) slli a1, a1, 11
x11 <- 0x00000000002D4000
mem[X,0x000000008002B224] -> 0x8593
mem[X,0x000000008002B226] -> 0x13C5
[6185] [M]: 0x000000008002B224 (0x13C58593) addi a1, a1, 316
x11 <- 0x00000000002D413C
mem[X,0x000000008002B228] -> 0x9593
mem[X,0x000000008002B22A] -> 0x00A5
[6186] [M]: 0x000000008002B228 (0x00A59593) slli a1, a1, 10
x11 <- 0x00000000B504F000
mem[X,0x000000008002B22C] -> 0x8593
mem[X,0x000000008002B22E] -> 0x3325
[6187] [M]: 0x000000008002B22C (0x33258593) addi a1, a1, 818
x11 <- 0x00000000B504F332
mem[X,0x000000008002B230] -> 0x0213
mem[X,0x000000008002B232] -> 0x0000
[6188] [M]: 0x000000008002B230 (0x00000213) addi tp, zero, 0
x4 <- 0x0000000000000000
mem[X,0x000000008002B234] -> 0x006F
mem[X,0x000000008002B236] -> 0x00C0
[6189] [M]: 0x000000008002B234 (0x00C0006F) jal zero, 12
mem[X,0x000000008002B240] -> 0x0663
mem[X,0x000000008002B242] -> 0x00B5
[6190] [M]: 0x000000008002B240 (0x00B50663) beq a0, a1, 12
mem[X,0x000000008002B244] -> 0x0213
mem[X,0x000000008002B246] -> 0x0022
[6191] [M]: 0x000000008002B244 (0x00220213) addi tp, tp, 2
x4 <- 0x0000000000000002
mem[X,0x000000008002B248] -> 0x006F
mem[X,0x000000008002B24A] -> 0x00C0
[6192] [M]: 0x000000008002B248 (0x00C0006F) jal zero, 12
mem[X,0x000000008002B254] -> 0x3823
mem[X,0x000000008002B256] -> 0x3E41
[6193] [M]: 0x000000008002B254 (0x3E413823) sd tp, 1008(sp)
mem[0x0000000080049DB8] <- 0x0000000000000002
mem[X,0x000000008002B258] -> 0x5537
mem[X,0x000000008002B25A] -> 0x5555
[6194] [M]: 0x000000008002B258 (0x55555537) lui a0, 349525
x10 <- 0x0000000055555000
mem[X,0x000000008002B25C] -> 0x0513
mem[X,0x000000008002B25E] -> 0x5555
[6195] [M]: 0x000000008002B25C (0x55550513) addi a0, a0, 1365
x10 <- 0x0000000055555555
mem[X,0x000000008002B260] -> 0x1513
mem[X,0x000000008002B262] -> 0x00B5
[6196] [M]: 0x000000008002B260 (0x00B51513) slli a0, a0, 11
x10 <- 0x000002AAAAAAA800
mem[X,0x000000008002B264] -> 0x0513
mem[X,0x000000008002B266] -> 0x2AA5
[6197] [M]: 0x000000008002B264 (0x2AA50513) addi a0, a0, 682
x10 <- 0x000002AAAAAAAAAA
mem[X,0x000000008002B268] -> 0x1513
mem[X,0x000000008002B26A] -> 0x00B5
[6198] [M]: 0x000000008002B268 (0x00B51513) slli a0, a0, 11
x10 <- 0x0015555555555000
mem[X,0x000000008002B26C] -> 0x0513
mem[X,0x000000008002B26E] -> 0x5555
[6199] [M]: 0x000000008002B26C (0x55550513) addi a0, a0, 1365
x10 <- 0x0015555555555555
clint::tick mtime <- 0x000000000000003E
 clint timer pending at mtime 0x000000000000003E
htif::tick 0x0000000000000000
mem[X,0x000000008002B270] -> 0x1513
mem[X,0x000000008002B272] -> 0x00A5
[6200] [M]: 0x000000008002B270 (0x00A51513) slli a0, a0, 10
x10 <- 0x5555555555555400
mem[X,0x000000008002B274] -> 0x0513
mem[X,0x000000008002B276] -> 0x1545
[6201] [M]: 0x000000008002B274 (0x15450513) addi a0, a0, 340
x10 <- 0x5555555555555554
mem[X,0x000000008002B278] -> 0x55B7
mem[X,0x000000008002B27A] -> 0x5555
[6202] [M]: 0x000000008002B278 (0x555555B7) lui a1, 349525
x11 <- 0x0000000055555000
mem[X,0x000000008002B27C] -> 0x8593
mem[X,0x000000008002B27E] -> 0x5555
[6203] [M]: 0x000000008002B27C (0x55558593) addi a1, a1, 1365
x11 <- 0x0000000055555555
mem[X,0x000000008002B280] -> 0x9593
mem[X,0x000000008002B282] -> 0x00B5
[6204] [M]: 0x000000008002B280 (0x00B59593) slli a1, a1, 11
x11 <- 0x000002AAAAAAA800
mem[X,0x000000008002B284] -> 0x8593
mem[X,0x000000008002B286] -> 0x2AA5
[6205] [M]: 0x000000008002B284 (0x2AA58593) addi a1, a1, 682
x11 <- 0x000002AAAAAAAAAA
mem[X,0x000000008002B288] -> 0x9593
mem[X,0x000000008002B28A] -> 0x00B5
[6206] [M]: 0x000000008002B288 (0x00B59593) slli a1, a1, 11
x11 <- 0x0015555555555000
mem[X,0x000000008002B28C] -> 0x8593
mem[X,0x000000008002B28E] -> 0x5555
[6207] [M]: 0x000000008002B28C (0x55558593) addi a1, a1, 1365
x11 <- 0x0015555555555555
mem[X,0x000000008002B290] -> 0x9593
mem[X,0x000000008002B292] -> 0x00A5
[6208] [M]: 0x000000008002B290 (0x00A59593) slli a1, a1, 10
x11 <- 0x5555555555555400
mem[X,0x000000008002B294] -> 0x8593
mem[X,0x000000008002B296] -> 0x1565
[6209] [M]: 0x000000008002B294 (0x15658593) addi a1, a1, 342
x11 <- 0x5555555555555556
mem[X,0x000000008002B298] -> 0x0213
mem[X,0x000000008002B29A] -> 0x0000
[6210] [M]: 0x000000008002B298 (0x00000213) addi tp, zero, 0
x4 <- 0x0000000000000000
mem[X,0x000000008002B29C] -> 0x006F
mem[X,0x000000008002B29E] -> 0x00C0
[6211] [M]: 0x000000008002B29C (0x00C0006F) jal zero, 12
mem[X,0x000000008002B2A8] -> 0x0063
mem[X,0x000000008002B2AA] -> 0x20B5
[6212] [M]: 0x000000008002B2A8 (0x20B50063) beq a0, a1, 512
mem[X,0x000000008002B2AC] -> 0x0213
mem[X,0x000000008002B2AE] -> 0x0022
[6213] [M]: 0x000000008002B2AC (0x00220213) addi tp, tp, 2
x4 <- 0x0000000000000002
mem[X,0x000000008002B2B0] -> 0x006F
mem[X,0x000000008002B2B2] -> 0x2000
[6214] [M]: 0x000000008002B2B0 (0x2000006F) jal zero, 512
mem[X,0x000000008002B4B0] -> 0x3C23
mem[X,0x000000008002B4B2] -> 0x3E41
[6215] [M]: 0x000000008002B4B0 (0x3E413C23) sd tp, 1016(sp)
mem[0x0000000080049DC0] <- 0x0000000000000002
mem[X,0x000000008002B4B4] -> 0x5537
mem[X,0x000000008002B4B6] -> 0x5555
[6216] [M]: 0x000000008002B4B4 (0x55555537) lui a0, 349525
x10 <- 0x0000000055555000
mem[X,0x000000008002B4B8] -> 0x0513
mem[X,0x000000008002B4BA] -> 0x5555
[6217] [M]: 0x000000008002B4B8 (0x55550513) addi a0, a0, 1365
x10 <- 0x0000000055555555
mem[X,0x000000008002B4BC] -> 0x1513
mem[X,0x000000008002B4BE] -> 0x00B5
[6218] [M]: 0x000000008002B4BC (0x00B51513) slli a0, a0, 11
x10 <- 0x000002AAAAAAA800
mem[X,0x000000008002B4C0] -> 0x0513
mem[X,0x000000008002B4C2] -> 0x2AA5
[6219] [M]: 0x000000008002B4C0 (0x2AA50513) addi a0, a0, 682
x10 <- 0x000002AAAAAAAAAA
mem[X,0x000000008002B4C4] -> 0x1513
mem[X,0x000000008002B4C6] -> 0x00B5
[6220] [M]: 0x000000008002B4C4 (0x00B51513) slli a0, a0, 11
x10 <- 0x0015555555555000
mem[X,0x000000008002B4C8] -> 0x0513
mem[X,0x000000008002B4CA] -> 0x5555
[6221] [M]: 0x000000008002B4C8 (0x55550513) addi a0, a0, 1365
x10 <- 0x0015555555555555
mem[X,0x000000008002B4CC] -> 0x1513
mem[X,0x000000008002B4CE] -> 0x00A5
[6222] [M]: 0x000000008002B4CC (0x00A51513) slli a0, a0, 10
x10 <- 0x5555555555555400
mem[X,0x000000008002B4D0] -> 0x0513
mem[X,0x000000008002B4D2] -> 0x1545
[6223] [M]: 0x000000008002B4D0 (0x15450513) addi a0, a0, 340
x10 <- 0x5555555555555554
mem[X,0x000000008002B4D4] -> 0xB5B7
mem[X,0x000000008002B4D6] -> 0xAAAA
[6224] [M]: 0x000000008002B4D4 (0xAAAAB5B7) lui a1, 699051
x11 <- 0xFFFFFFFFAAAAB000
mem[X,0x000000008002B4D8] -> 0x8593
mem[X,0x000000008002B4DA] -> 0xAAA5
[6225] [M]: 0x000000008002B4D8 (0xAAA58593) addi a1, a1, 2730
x11 <- 0xFFFFFFFFAAAAAAAA
mem[X,0x000000008002B4DC] -> 0x9593
mem[X,0x000000008002B4DE] -> 0x00B5
[6226] [M]: 0x000000008002B4DC (0x00B59593) slli a1, a1, 11
x11 <- 0xFFFFFD5555555000
mem[X,0x000000008002B4E0] -> 0x8593
mem[X,0x000000008002B4E2] -> 0x5555
[6227] [M]: 0x000000008002B4E0 (0x55558593) addi a1, a1, 1365
x11 <- 0xFFFFFD5555555555
mem[X,0x000000008002B4E4] -> 0x9593
mem[X,0x000000008002B4E6] -> 0x00B5
[6228] [M]: 0x000000008002B4E4 (0x00B59593) slli a1, a1, 11
x11 <- 0xFFEAAAAAAAAAA800
mem[X,0x000000008002B4E8] -> 0x8593
mem[X,0x000000008002B4EA] -> 0x2AA5
[6229] [M]: 0x000000008002B4E8 (0x2AA58593) addi a1, a1, 682
x11 <- 0xFFEAAAAAAAAAAAAA
mem[X,0x000000008002B4EC] -> 0x9593
mem[X,0x000000008002B4EE] -> 0x00A5
[6230] [M]: 0x000000008002B4EC (0x00A59593) slli a1, a1, 10
x11 <- 0xAAAAAAAAAAAAA800
mem[X,0x000000008002B4F0] -> 0x8593
mem[X,0x000000008002B4F2] -> 0x2AB5
[6231] [M]: 0x000000008002B4F0 (0x2AB58593) addi a1, a1, 683
x11 <- 0xAAAAAAAAAAAAAAAB
mem[X,0x000000008002B4F4] -> 0x0213
mem[X,0x000000008002B4F6] -> 0x0000
[6232] [M]: 0x000000008002B4F4 (0x00000213) addi tp, zero, 0
x4 <- 0x0000000000000000
mem[X,0x000000008002B4F8] -> 0x006F
mem[X,0x000000008002B4FA] -> 0x00C0
[6233] [M]: 0x000000008002B4F8 (0x00C0006F) jal zero, 12
mem[X,0x000000008002B504] -> 0x0063
mem[X,0x000000008002B506] -> 0x04B5
[6234] [M]: 0x000000008002B504 (0x04B50063) beq a0, a1, 64
mem[X,0x000000008002B508] -> 0x0213
mem[X,0x000000008002B50A] -> 0x0022
[6235] [M]: 0x000000008002B508 (0x00220213) addi tp, tp, 2
x4 <- 0x0000000000000002
mem[X,0x000000008002B50C] -> 0x006F
mem[X,0x000000008002B50E] -> 0x0400
[6236] [M]: 0x000000008002B50C (0x0400006F) jal zero, 64
mem[X,0x000000008002B54C] -> 0x3023
mem[X,0x000000008002B54E] -> 0x4041
[6237] [M]: 0x000000008002B54C (0x40413023) sd tp, 1024(sp)
mem[0x0000000080049DC8] <- 0x0000000000000002
mem[X,0x000000008002B550] -> 0x5537
mem[X,0x000000008002B552] -> 0x5555
[6238] [M]: 0x000000008002B550 (0x55555537) lui a0, 349525
x10 <- 0x0000000055555000
mem[X,0x000000008002B554] -> 0x0513
mem[X,0x000000008002B556] -> 0x5555
[6239] [M]: 0x000000008002B554 (0x55550513) addi a0, a0, 1365
x10 <- 0x0000000055555555
mem[X,0x000000008002B558] -> 0x1513
mem[X,0x000000008002B55A] -> 0x00B5
[6240] [M]: 0x000000008002B558 (0x00B51513) slli a0, a0, 11
x10 <- 0x000002AAAAAAA800
mem[X,0x000000008002B55C] -> 0x0513
mem[X,0x000000008002B55E] -> 0x2AA5
[6241] [M]: 0x000000008002B55C (0x2AA50513) addi a0, a0, 682
x10 <- 0x000002AAAAAAAAAA
mem[X,0x000000008002B560] -> 0x1513
mem[X,0x000000008002B562] -> 0x00B5
[6242] [M]: 0x000000008002B560 (0x00B51513) slli a0, a0, 11
x10 <- 0x0015555555555000
mem[X,0x000000008002B564] -> 0x0513
mem[X,0x000000008002B566] -> 0x5555
[6243] [M]: 0x000000008002B564 (0x55550513) addi a0, a0, 1365
x10 <- 0x0015555555555555
mem[X,0x000000008002B568] -> 0x1513
mem[X,0x000000008002B56A] -> 0x00A5
[6244] [M]: 0x000000008002B568 (0x00A51513) slli a0, a0, 10
x10 <- 0x5555555555555400
mem[X,0x000000008002B56C] -> 0x0513
mem[X,0x000000008002B56E] -> 0x1545
[6245] [M]: 0x000000008002B56C (0x15450513) addi a0, a0, 340
x10 <- 0x5555555555555554
mem[X,0x000000008002B570] -> 0x0593
mem[X,0x000000008002B572] -> 0x0060
[6246] [M]: 0x000000008002B570 (0x00600593) addi a1, zero, 6
x11 <- 0x0000000000000006
mem[X,0x000000008002B574] -> 0x0213
mem[X,0x000000008002B576] -> 0x0000
[6247] [M]: 0x000000008002B574 (0x00000213) addi tp, zero, 0
x4 <- 0x0000000000000000
mem[X,0x000000008002B578] -> 0x006F
mem[X,0x000000008002B57A] -> 0x00C0
[6248] [M]: 0x000000008002B578 (0x00C0006F) jal zero, 12
mem[X,0x000000008002B584] -> 0x0CE3
mem[X,0x000000008002B586] -> 0xFEB5
[6249] [M]: 0x000000008002B584 (0xFEB50CE3) beq a0, a1, 8184
mem[X,0x000000008002B588] -> 0x0213
mem[X,0x000000008002B58A] -> 0x0022
[6250] [M]: 0x000000008002B588 (0x00220213) addi tp, tp, 2
x4 <- 0x0000000000000002
mem[X,0x000000008002B58C] -> 0x006F
mem[X,0x000000008002B58E] -> 0x00C0
[6251] [M]: 0x000000008002B58C (0x00C0006F) jal zero, 12
mem[X,0x000000008002B598] -> 0x3423
mem[X,0x000000008002B59A] -> 0x4041
[6252] [M]: 0x000000008002B598 (0x40413423) sd tp, 1032(sp)
mem[0x0000000080049DD0] <- 0x0000000000000002
mem[X,0x000000008002B59C] -> 0x5537
mem[X,0x000000008002B59E] -> 0x5555
[6253] [M]: 0x000000008002B59C (0x55555537) lui a0, 349525
x10 <- 0x0000000055555000
mem[X,0x000000008002B5A0] -> 0x0513
mem[X,0x000000008002B5A2] -> 0x5555
[6254] [M]: 0x000000008002B5A0 (0x55550513) addi a0, a0, 1365
x10 <- 0x0000000055555555
mem[X,0x000000008002B5A4] -> 0x1513
mem[X,0x000000008002B5A6] -> 0x00B5
[6255] [M]: 0x000000008002B5A4 (0x00B51513) slli a0, a0, 11
x10 <- 0x000002AAAAAAA800
mem[X,0x000000008002B5A8] -> 0x0513
mem[X,0x000000008002B5AA] -> 0x2AA5
[6256] [M]: 0x000000008002B5A8 (0x2AA50513) addi a0, a0, 682
x10 <- 0x000002AAAAAAAAAA
mem[X,0x000000008002B5AC] -> 0x1513
mem[X,0x000000008002B5AE] -> 0x00B5
[6257] [M]: 0x000000008002B5AC (0x00B51513) slli a0, a0, 11
x10 <- 0x0015555555555000
mem[X,0x000000008002B5B0] -> 0x0513
mem[X,0x000000008002B5B2] -> 0x5555
[6258] [M]: 0x000000008002B5B0 (0x55550513) addi a0, a0, 1365
x10 <- 0x0015555555555555
mem[X,0x000000008002B5B4] -> 0x1513
mem[X,0x000000008002B5B6] -> 0x00A5
[6259] [M]: 0x000000008002B5B4 (0x00A51513) slli a0, a0, 10
x10 <- 0x5555555555555400
mem[X,0x000000008002B5B8] -> 0x0513
mem[X,0x000000008002B5BA] -> 0x1545
[6260] [M]: 0x000000008002B5B8 (0x15450513) addi a0, a0, 340
x10 <- 0x5555555555555554
mem[X,0x000000008002B5BC] -> 0x35B7
mem[X,0x000000008002B5BE] -> 0x3333
[6261] [M]: 0x000000008002B5BC (0x333335B7) lui a1, 209715
x11 <- 0x0000000033333000
mem[X,0x000000008002B5C0] -> 0x8593
mem[X,0x000000008002B5C2] -> 0x3335
[6262] [M]: 0x000000008002B5C0 (0x33358593) addi a1, a1, 819
x11 <- 0x0000000033333333
mem[X,0x000000008002B5C4] -> 0x9593
mem[X,0x000000008002B5C6] -> 0x00B5
[6263] [M]: 0x000000008002B5C4 (0x00B59593) slli a1, a1, 11
x11 <- 0x0000019999999800
mem[X,0x000000008002B5C8] -> 0x8593
mem[X,0x000000008002B5CA] -> 0x1995
[6264] [M]: 0x000000008002B5C8 (0x19958593) addi a1, a1, 409
x11 <- 0x0000019999999999
mem[X,0x000000008002B5CC] -> 0x9593
mem[X,0x000000008002B5CE] -> 0x00B5
[6265] [M]: 0x000000008002B5CC (0x00B59593) slli a1, a1, 11
x11 <- 0x000CCCCCCCCCC800
mem[X,0x000000008002B5D0] -> 0x8593
mem[X,0x000000008002B5D2] -> 0x4CC5
[6266] [M]: 0x000000008002B5D0 (0x4CC58593) addi a1, a1, 1228
x11 <- 0x000CCCCCCCCCCCCC
mem[X,0x000000008002B5D4] -> 0x9593
mem[X,0x000000008002B5D6] -> 0x00A5
[6267] [M]: 0x000000008002B5D4 (0x00A59593) slli a1, a1, 10
x11 <- 0x3333333333333000
mem[X,0x000000008002B5D8] -> 0x8593
mem[X,0x000000008002B5DA] -> 0x3345
[6268] [M]: 0x000000008002B5D8 (0x33458593) addi a1, a1, 820
x11 <- 0x3333333333333334
mem[X,0x000000008002B5DC] -> 0x0213
mem[X,0x000000008002B5DE] -> 0x0000
[6269] [M]: 0x000000008002B5DC (0x00000213) addi tp, zero, 0
x4 <- 0x0000000000000000
mem[X,0x000000008002B5E0] -> 0x006F
mem[X,0x000000008002B5E2] -> 0x00C0
[6270] [M]: 0x000000008002B5E0 (0x00C0006F) jal zero, 12
mem[X,0x000000008002B5EC] -> 0x0663
mem[X,0x000000008002B5EE] -> 0x00B5
[6271] [M]: 0x000000008002B5EC (0x00B50663) beq a0, a1, 12
mem[X,0x000000008002B5F0] -> 0x0213
mem[X,0x000000008002B5F2] -> 0x0022
[6272] [M]: 0x000000008002B5F0 (0x00220213) addi tp, tp, 2
x4 <- 0x0000000000000002
mem[X,0x000000008002B5F4] -> 0x006F
mem[X,0x000000008002B5F6] -> 0x00C0
[6273] [M]: 0x000000008002B5F4 (0x00C0006F) jal zero, 12
mem[X,0x000000008002B600] -> 0x3823
mem[X,0x000000008002B602] -> 0x4041
[6274] [M]: 0x000000008002B600 (0x40413823) sd tp, 1040(sp)
mem[0x0000000080049DD8] <- 0x0000000000000002
mem[X,0x000000008002B604] -> 0x5537
mem[X,0x000000008002B606] -> 0x5555
[6275] [M]: 0x000000008002B604 (0x55555537) lui a0, 349525
x10 <- 0x0000000055555000
mem[X,0x000000008002B608] -> 0x0513
mem[X,0x000000008002B60A] -> 0x5555
[6276] [M]: 0x000000008002B608 (0x55550513) addi a0, a0, 1365
x10 <- 0x0000000055555555
mem[X,0x000000008002B60C] -> 0x1513
mem[X,0x000000008002B60E] -> 0x00B5
[6277] [M]: 0x000000008002B60C (0x00B51513) slli a0, a0, 11
x10 <- 0x000002AAAAAAA800
mem[X,0x000000008002B610] -> 0x0513
mem[X,0x000000008002B612] -> 0x2AA5
[6278] [M]: 0x000000008002B610 (0x2AA50513) addi a0, a0, 682
x10 <- 0x000002AAAAAAAAAA
mem[X,0x000000008002B614] -> 0x1513
mem[X,0x000000008002B616] -> 0x00B5
[6279] [M]: 0x000000008002B614 (0x00B51513) slli a0, a0, 11
x10 <- 0x0015555555555000
mem[X,0x000000008002B618] -> 0x0513
mem[X,0x000000008002B61A] -> 0x5555
[6280] [M]: 0x000000008002B618 (0x55550513) addi a0, a0, 1365
x10 <- 0x0015555555555555
mem[X,0x000000008002B61C] -> 0x1513
mem[X,0x000000008002B61E] -> 0x00A5
[6281] [M]: 0x000000008002B61C (0x00A51513) slli a0, a0, 10
x10 <- 0x5555555555555400
mem[X,0x000000008002B620] -> 0x0513
mem[X,0x000000008002B622] -> 0x1545
[6282] [M]: 0x000000008002B620 (0x15450513) addi a0, a0, 340
x10 <- 0x5555555555555554
mem[X,0x000000008002B624] -> 0x65B7
mem[X,0x000000008002B626] -> 0x6666
[6283] [M]: 0x000000008002B624 (0x666665B7) lui a1, 419430
x11 <- 0x0000000066666000
mem[X,0x000000008002B628] -> 0x8593
mem[X,0x000000008002B62A] -> 0x6665
[6284] [M]: 0x000000008002B628 (0x66658593) addi a1, a1, 1638
x11 <- 0x0000000066666666
mem[X,0x000000008002B62C] -> 0x9593
mem[X,0x000000008002B62E] -> 0x00B5
[6285] [M]: 0x000000008002B62C (0x00B59593) slli a1, a1, 11
x11 <- 0x0000033333333000
mem[X,0x000000008002B630] -> 0x8593
mem[X,0x000000008002B632] -> 0x3335
[6286] [M]: 0x000000008002B630 (0x33358593) addi a1, a1, 819
x11 <- 0x0000033333333333
mem[X,0x000000008002B634] -> 0x9593
mem[X,0x000000008002B636] -> 0x00B5
[6287] [M]: 0x000000008002B634 (0x00B59593) slli a1, a1, 11
x11 <- 0x0019999999999800
mem[X,0x000000008002B638] -> 0x8593
mem[X,0x000000008002B63A] -> 0x1995
[6288] [M]: 0x000000008002B638 (0x19958593) addi a1, a1, 409
x11 <- 0x0019999999999999
mem[X,0x000000008002B63C] -> 0x9593
mem[X,0x000000008002B63E] -> 0x00A5
[6289] [M]: 0x000000008002B63C (0x00A59593) slli a1, a1, 10
x11 <- 0x6666666666666400
mem[X,0x000000008002B640] -> 0x8593
mem[X,0x000000008002B642] -> 0x2675
[6290] [M]: 0x000000008002B640 (0x26758593) addi a1, a1, 615
x11 <- 0x6666666666666667
mem[X,0x000000008002B644] -> 0x0213
mem[X,0x000000008002B646] -> 0x0000
[6291] [M]: 0x000000008002B644 (0x00000213) addi tp, zero, 0
x4 <- 0x0000000000000000
mem[X,0x000000008002B648] -> 0x006F
mem[X,0x000000008002B64A] -> 0x0100
[6292] [M]: 0x000000008002B648 (0x0100006F) jal zero, 16
mem[X,0x000000008002B658] -> 0x0AE3
mem[X,0x000000008002B65A] -> 0xFEB5
[6293] [M]: 0x000000008002B658 (0xFEB50AE3) beq a0, a1, 8180
mem[X,0x000000008002B65C] -> 0x0213
mem[X,0x000000008002B65E] -> 0x0022
[6294] [M]: 0x000000008002B65C (0x00220213) addi tp, tp, 2
x4 <- 0x0000000000000002
mem[X,0x000000008002B660] -> 0x006F
mem[X,0x000000008002B662] -> 0x00C0
[6295] [M]: 0x000000008002B660 (0x00C0006F) jal zero, 12
mem[X,0x000000008002B66C] -> 0x3C23
mem[X,0x000000008002B66E] -> 0x4041
[6296] [M]: 0x000000008002B66C (0x40413C23) sd tp, 1048(sp)
mem[0x0000000080049DE0] <- 0x0000000000000002
mem[X,0x000000008002B670] -> 0x5537
mem[X,0x000000008002B672] -> 0x5555
[6297] [M]: 0x000000008002B670 (0x55555537) lui a0, 349525
x10 <- 0x0000000055555000
mem[X,0x000000008002B674] -> 0x0513
mem[X,0x000000008002B676] -> 0x5555
[6298] [M]: 0x000000008002B674 (0x55550513) addi a0, a0, 1365
x10 <- 0x0000000055555555
mem[X,0x000000008002B678] -> 0x1513
mem[X,0x000000008002B67A] -> 0x00B5
[6299] [M]: 0x000000008002B678 (0x00B51513) slli a0, a0, 11
x10 <- 0x000002AAAAAAA800
clint::tick mtime <- 0x000000000000003F
 clint timer pending at mtime 0x000000000000003F
htif::tick 0x0000000000000000
mem[X,0x000000008002B67C] -> 0x0513
mem[X,0x000000008002B67E] -> 0x2AA5
[6300] [M]: 0x000000008002B67C (0x2AA50513) addi a0, a0, 682
x10 <- 0x000002AAAAAAAAAA
mem[X,0x000000008002B680] -> 0x1513
mem[X,0x000000008002B682] -> 0x00B5
[6301] [M]: 0x000000008002B680 (0x00B51513) slli a0, a0, 11
x10 <- 0x0015555555555000
mem[X,0x000000008002B684] -> 0x0513
mem[X,0x000000008002B686] -> 0x5555
[6302] [M]: 0x000000008002B684 (0x55550513) addi a0, a0, 1365
x10 <- 0x0015555555555555
mem[X,0x000000008002B688] -> 0x1513
mem[X,0x000000008002B68A] -> 0x00A5
[6303] [M]: 0x000000008002B688 (0x00A51513) slli a0, a0, 10
x10 <- 0x5555555555555400
mem[X,0x000000008002B68C] -> 0x0513
mem[X,0x000000008002B68E] -> 0x1545
[6304] [M]: 0x000000008002B68C (0x15450513) addi a0, a0, 340
x10 <- 0x5555555555555554
mem[X,0x000000008002B690] -> 0x05B7
mem[X,0x000000008002B692] -> 0x0000
[6305] [M]: 0x000000008002B690 (0x000005B7) lui a1, 0
x11 <- 0x0000000000000000
mem[X,0x000000008002B694] -> 0x8593
mem[X,0x000000008002B696] -> 0xFFF5
[6306] [M]: 0x000000008002B694 (0xFFF58593) addi a1, a1, 4095
x11 <- 0xFFFFFFFFFFFFFFFF
mem[X,0x000000008002B698] -> 0x9593
mem[X,0x000000008002B69A] -> 0x00B5
[6307] [M]: 0x000000008002B698 (0x00B59593) slli a1, a1, 11
x11 <- 0xFFFFFFFFFFFFF800
mem[X,0x000000008002B69C] -> 0x8593
mem[X,0x000000008002B69E] -> 0x2575
[6308] [M]: 0x000000008002B69C (0x25758593) addi a1, a1, 599
x11 <- 0xFFFFFFFFFFFFFA57
mem[X,0x000000008002B6A0] -> 0x9593
mem[X,0x000000008002B6A2] -> 0x00B5
[6309] [M]: 0x000000008002B6A0 (0x00B59593) slli a1, a1, 11
x11 <- 0xFFFFFFFFFFD2B800
mem[X,0x000000008002B6A4] -> 0x8593
mem[X,0x000000008002B6A6] -> 0x6C35
[6310] [M]: 0x000000008002B6A4 (0x6C358593) addi a1, a1, 1731
x11 <- 0xFFFFFFFFFFD2BEC3
mem[X,0x000000008002B6A8] -> 0x9593
mem[X,0x000000008002B6AA] -> 0x00A5
[6311] [M]: 0x000000008002B6A8 (0x00A59593) slli a1, a1, 10
x11 <- 0xFFFFFFFF4AFB0C00
mem[X,0x000000008002B6AC] -> 0x8593
mem[X,0x000000008002B6AE] -> 0x0CE5
[6312] [M]: 0x000000008002B6AC (0x0CE58593) addi a1, a1, 206
x11 <- 0xFFFFFFFF4AFB0CCE
mem[X,0x000000008002B6B0] -> 0x0213
mem[X,0x000000008002B6B2] -> 0x0000
[6313] [M]: 0x000000008002B6B0 (0x00000213) addi tp, zero, 0
x4 <- 0x0000000000000000
mem[X,0x000000008002B6B4] -> 0x006F
mem[X,0x000000008002B6B6] -> 0x00C0
[6314] [M]: 0x000000008002B6B4 (0x00C0006F) jal zero, 12
mem[X,0x000000008002B6C0] -> 0x0063
mem[X,0x000000008002B6C2] -> 0x20B5
[6315] [M]: 0x000000008002B6C0 (0x20B50063) beq a0, a1, 512
mem[X,0x000000008002B6C4] -> 0x0213
mem[X,0x000000008002B6C6] -> 0x0022
[6316] [M]: 0x000000008002B6C4 (0x00220213) addi tp, tp, 2
x4 <- 0x0000000000000002
mem[X,0x000000008002B6C8] -> 0x006F
mem[X,0x000000008002B6CA] -> 0x2000
[6317] [M]: 0x000000008002B6C8 (0x2000006F) jal zero, 512
mem[X,0x000000008002B8C8] -> 0x3023
mem[X,0x000000008002B8CA] -> 0x4241
[6318] [M]: 0x000000008002B8C8 (0x42413023) sd tp, 1056(sp)
mem[0x0000000080049DE8] <- 0x0000000000000002
mem[X,0x000000008002B8CC] -> 0x5537
mem[X,0x000000008002B8CE] -> 0x5555
[6319] [M]: 0x000000008002B8CC (0x55555537) lui a0, 349525
x10 <- 0x0000000055555000
mem[X,0x000000008002B8D0] -> 0x0513
mem[X,0x000000008002B8D2] -> 0x5555
[6320] [M]: 0x000000008002B8D0 (0x55550513) addi a0, a0, 1365
x10 <- 0x0000000055555555
mem[X,0x000000008002B8D4] -> 0x1513
mem[X,0x000000008002B8D6] -> 0x00B5
[6321] [M]: 0x000000008002B8D4 (0x00B51513) slli a0, a0, 11
x10 <- 0x000002AAAAAAA800
mem[X,0x000000008002B8D8] -> 0x0513
mem[X,0x000000008002B8DA] -> 0x2AA5
[6322] [M]: 0x000000008002B8D8 (0x2AA50513) addi a0, a0, 682
x10 <- 0x000002AAAAAAAAAA
mem[X,0x000000008002B8DC] -> 0x1513
mem[X,0x000000008002B8DE] -> 0x00B5
[6323] [M]: 0x000000008002B8DC (0x00B51513) slli a0, a0, 11
x10 <- 0x0015555555555000
mem[X,0x000000008002B8E0] -> 0x0513
mem[X,0x000000008002B8E2] -> 0x5555
[6324] [M]: 0x000000008002B8E0 (0x55550513) addi a0, a0, 1365
x10 <- 0x0015555555555555
mem[X,0x000000008002B8E4] -> 0x1513
mem[X,0x000000008002B8E6] -> 0x00A5
[6325] [M]: 0x000000008002B8E4 (0x00A51513) slli a0, a0, 10
x10 <- 0x5555555555555400
mem[X,0x000000008002B8E8] -> 0x0513
mem[X,0x000000008002B8EA] -> 0x1545
[6326] [M]: 0x000000008002B8E8 (0x15450513) addi a0, a0, 340
x10 <- 0x5555555555555554
mem[X,0x000000008002B8EC] -> 0x05B7
mem[X,0x000000008002B8EE] -> 0x0000
[6327] [M]: 0x000000008002B8EC (0x000005B7) lui a1, 0
x11 <- 0x0000000000000000
mem[X,0x000000008002B8F0] -> 0x8593
mem[X,0x000000008002B8F2] -> 0x0005
[6328] [M]: 0x000000008002B8F0 (0x00058593) addi a1, a1, 0
x11 <- 0x0000000000000000
mem[X,0x000000008002B8F4] -> 0x9593
mem[X,0x000000008002B8F6] -> 0x00B5
[6329] [M]: 0x000000008002B8F4 (0x00B59593) slli a1, a1, 11
x11 <- 0x0000000000000000
mem[X,0x000000008002B8F8] -> 0x8593
mem[X,0x000000008002B8FA] -> 0x5A85
[6330] [M]: 0x000000008002B8F8 (0x5A858593) addi a1, a1, 1448
x11 <- 0x00000000000005A8
mem[X,0x000000008002B8FC] -> 0x9593
mem[X,0x000000008002B8FE] -> 0x00B5
[6331] [M]: 0x000000008002B8FC (0x00B59593) slli a1, a1, 11
x11 <- 0x00000000002D4000
mem[X,0x000000008002B900] -> 0x8593
mem[X,0x000000008002B902] -> 0x13C5
[6332] [M]: 0x000000008002B900 (0x13C58593) addi a1, a1, 316
x11 <- 0x00000000002D413C
mem[X,0x000000008002B904] -> 0x9593
mem[X,0x000000008002B906] -> 0x00A5
[6333] [M]: 0x000000008002B904 (0x00A59593) slli a1, a1, 10
x11 <- 0x00000000B504F000
mem[X,0x000000008002B908] -> 0x8593
mem[X,0x000000008002B90A] -> 0x3345
[6334] [M]: 0x000000008002B908 (0x33458593) addi a1, a1, 820
x11 <- 0x00000000B504F334
mem[X,0x000000008002B90C] -> 0x0213
mem[X,0x000000008002B90E] -> 0x0000
[6335] [M]: 0x000000008002B90C (0x00000213) addi tp, zero, 0
x4 <- 0x0000000000000000
mem[X,0x000000008002B910] -> 0x006F
mem[X,0x000000008002B912] -> 0x00C0
[6336] [M]: 0x000000008002B910 (0x00C0006F) jal zero, 12
mem[X,0x000000008002B91C] -> 0x0663
mem[X,0x000000008002B91E] -> 0x00B5
[6337] [M]: 0x000000008002B91C (0x00B50663) beq a0, a1, 12
mem[X,0x000000008002B920] -> 0x0213
mem[X,0x000000008002B922] -> 0x0022
[6338] [M]: 0x000000008002B920 (0x00220213) addi tp, tp, 2
x4 <- 0x0000000000000002
mem[X,0x000000008002B924] -> 0x006F
mem[X,0x000000008002B926] -> 0x00C0
[6339] [M]: 0x000000008002B924 (0x00C0006F) jal zero, 12
mem[X,0x000000008002B930] -> 0x3423
mem[X,0x000000008002B932] -> 0x4241
[6340] [M]: 0x000000008002B930 (0x42413423) sd tp, 1064(sp)
mem[0x0000000080049DF0] <- 0x0000000000000002
mem[X,0x000000008002B934] -> 0x0513
mem[X,0x000000008002B936] -> 0x0000
[6341] [M]: 0x000000008002B934 (0x00000513) addi a0, zero, 0
x10 <- 0x0000000000000000
mem[X,0x000000008002B938] -> 0x0593
mem[X,0x000000008002B93A] -> 0x0030
[6342] [M]: 0x000000008002B938 (0x00300593) addi a1, zero, 3
x11 <- 0x0000000000000003
mem[X,0x000000008002B93C] -> 0x0213
mem[X,0x000000008002B93E] -> 0x0000
[6343] [M]: 0x000000008002B93C (0x00000213) addi tp, zero, 0
x4 <- 0x0000000000000000
mem[X,0x000000008002B940] -> 0x006F
mem[X,0x000000008002B942] -> 0x00C0
[6344] [M]: 0x000000008002B940 (0x00C0006F) jal zero, 12
mem[X,0x000000008002B94C] -> 0x0CE3
mem[X,0x000000008002B94E] -> 0xFEB5
[6345] [M]: 0x000000008002B94C (0xFEB50CE3) beq a0, a1, 8184
mem[X,0x000000008002B950] -> 0x0213
mem[X,0x000000008002B952] -> 0x0022
[6346] [M]: 0x000000008002B950 (0x00220213) addi tp, tp, 2
x4 <- 0x0000000000000002
mem[X,0x000000008002B954] -> 0x006F
mem[X,0x000000008002B956] -> 0x00C0
[6347] [M]: 0x000000008002B954 (0x00C0006F) jal zero, 12
mem[X,0x000000008002B960] -> 0x3823
mem[X,0x000000008002B962] -> 0x4241
[6348] [M]: 0x000000008002B960 (0x42413823) sd tp, 1072(sp)
mem[0x0000000080049DF8] <- 0x0000000000000002
mem[X,0x000000008002B964] -> 0x0513
mem[X,0x000000008002B966] -> 0x0000
[6349] [M]: 0x000000008002B964 (0x00000513) addi a0, zero, 0
x10 <- 0x0000000000000000
mem[X,0x000000008002B968] -> 0x55B7
mem[X,0x000000008002B96A] -> 0x5555
[6350] [M]: 0x000000008002B968 (0x555555B7) lui a1, 349525
x11 <- 0x0000000055555000
mem[X,0x000000008002B96C] -> 0x8593
mem[X,0x000000008002B96E] -> 0x5555
[6351] [M]: 0x000000008002B96C (0x55558593) addi a1, a1, 1365
x11 <- 0x0000000055555555
mem[X,0x000000008002B970] -> 0x9593
mem[X,0x000000008002B972] -> 0x00B5
[6352] [M]: 0x000000008002B970 (0x00B59593) slli a1, a1, 11
x11 <- 0x000002AAAAAAA800
mem[X,0x000000008002B974] -> 0x8593
mem[X,0x000000008002B976] -> 0x2AA5
[6353] [M]: 0x000000008002B974 (0x2AA58593) addi a1, a1, 682
x11 <- 0x000002AAAAAAAAAA
mem[X,0x000000008002B978] -> 0x9593
mem[X,0x000000008002B97A] -> 0x00B5
[6354] [M]: 0x000000008002B978 (0x00B59593) slli a1, a1, 11
x11 <- 0x0015555555555000
mem[X,0x000000008002B97C] -> 0x8593
mem[X,0x000000008002B97E] -> 0x5555
[6355] [M]: 0x000000008002B97C (0x55558593) addi a1, a1, 1365
x11 <- 0x0015555555555555
mem[X,0x000000008002B980] -> 0x9593
mem[X,0x000000008002B982] -> 0x00A5
[6356] [M]: 0x000000008002B980 (0x00A59593) slli a1, a1, 10
x11 <- 0x5555555555555400
mem[X,0x000000008002B984] -> 0x8593
mem[X,0x000000008002B986] -> 0x1555
[6357] [M]: 0x000000008002B984 (0x15558593) addi a1, a1, 341
x11 <- 0x5555555555555555
mem[X,0x000000008002B988] -> 0x0213
mem[X,0x000000008002B98A] -> 0x0000
[6358] [M]: 0x000000008002B988 (0x00000213) addi tp, zero, 0
x4 <- 0x0000000000000000
mem[X,0x000000008002B98C] -> 0x006F
mem[X,0x000000008002B98E] -> 0x00C0
[6359] [M]: 0x000000008002B98C (0x00C0006F) jal zero, 12
mem[X,0x000000008002B998] -> 0x0CE3
mem[X,0x000000008002B99A] -> 0xFEB5
[6360] [M]: 0x000000008002B998 (0xFEB50CE3) beq a0, a1, 8184
mem[X,0x000000008002B99C] -> 0x0213
mem[X,0x000000008002B99E] -> 0x0022
[6361] [M]: 0x000000008002B99C (0x00220213) addi tp, tp, 2
x4 <- 0x0000000000000002
mem[X,0x000000008002B9A0] -> 0x006F
mem[X,0x000000008002B9A2] -> 0x00C0
[6362] [M]: 0x000000008002B9A0 (0x00C0006F) jal zero, 12
mem[X,0x000000008002B9AC] -> 0x3C23
mem[X,0x000000008002B9AE] -> 0x4241
[6363] [M]: 0x000000008002B9AC (0x42413C23) sd tp, 1080(sp)
mem[0x0000000080049E00] <- 0x0000000000000002
mem[X,0x000000008002B9B0] -> 0x0513
mem[X,0x000000008002B9B2] -> 0x0000
[6364] [M]: 0x000000008002B9B0 (0x00000513) addi a0, zero, 0
x10 <- 0x0000000000000000
mem[X,0x000000008002B9B4] -> 0xB5B7
mem[X,0x000000008002B9B6] -> 0xAAAA
[6365] [M]: 0x000000008002B9B4 (0xAAAAB5B7) lui a1, 699051
x11 <- 0xFFFFFFFFAAAAB000
mem[X,0x000000008002B9B8] -> 0x8593
mem[X,0x000000008002B9BA] -> 0xAAA5
[6366] [M]: 0x000000008002B9B8 (0xAAA58593) addi a1, a1, 2730
x11 <- 0xFFFFFFFFAAAAAAAA
mem[X,0x000000008002B9BC] -> 0x9593
mem[X,0x000000008002B9BE] -> 0x00B5
[6367] [M]: 0x000000008002B9BC (0x00B59593) slli a1, a1, 11
x11 <- 0xFFFFFD5555555000
mem[X,0x000000008002B9C0] -> 0x8593
mem[X,0x000000008002B9C2] -> 0x5555
[6368] [M]: 0x000000008002B9C0 (0x55558593) addi a1, a1, 1365
x11 <- 0xFFFFFD5555555555
mem[X,0x000000008002B9C4] -> 0x9593
mem[X,0x000000008002B9C6] -> 0x00B5
[6369] [M]: 0x000000008002B9C4 (0x00B59593) slli a1, a1, 11
x11 <- 0xFFEAAAAAAAAAA800
mem[X,0x000000008002B9C8] -> 0x8593
mem[X,0x000000008002B9CA] -> 0x2AA5
[6370] [M]: 0x000000008002B9C8 (0x2AA58593) addi a1, a1, 682
x11 <- 0xFFEAAAAAAAAAAAAA
mem[X,0x000000008002B9CC] -> 0x9593
mem[X,0x000000008002B9CE] -> 0x00A5
[6371] [M]: 0x000000008002B9CC (0x00A59593) slli a1, a1, 10
x11 <- 0xAAAAAAAAAAAAA800
mem[X,0x000000008002B9D0] -> 0x8593
mem[X,0x000000008002B9D2] -> 0x2AA5
[6372] [M]: 0x000000008002B9D0 (0x2AA58593) addi a1, a1, 682
x11 <- 0xAAAAAAAAAAAAAAAA
mem[X,0x000000008002B9D4] -> 0x0213
mem[X,0x000000008002B9D6] -> 0x0000
[6373] [M]: 0x000000008002B9D4 (0x00000213) addi tp, zero, 0
x4 <- 0x0000000000000000
mem[X,0x000000008002B9D8] -> 0x006F
mem[X,0x000000008002B9DA] -> 0x00C0
[6374] [M]: 0x000000008002B9D8 (0x00C0006F) jal zero, 12
mem[X,0x000000008002B9E4] -> 0x0663
mem[X,0x000000008002B9E6] -> 0x00B5
[6375] [M]: 0x000000008002B9E4 (0x00B50663) beq a0, a1, 12
mem[X,0x000000008002B9E8] -> 0x0213
mem[X,0x000000008002B9EA] -> 0x0022
[6376] [M]: 0x000000008002B9E8 (0x00220213) addi tp, tp, 2
x4 <- 0x0000000000000002
mem[X,0x000000008002B9EC] -> 0x006F
mem[X,0x000000008002B9EE] -> 0x00C0
[6377] [M]: 0x000000008002B9EC (0x00C0006F) jal zero, 12
mem[X,0x000000008002B9F8] -> 0x3023
mem[X,0x000000008002B9FA] -> 0x4441
[6378] [M]: 0x000000008002B9F8 (0x44413023) sd tp, 1088(sp)
mem[0x0000000080049E08] <- 0x0000000000000002
mem[X,0x000000008002B9FC] -> 0x0513
mem[X,0x000000008002B9FE] -> 0x0000
[6379] [M]: 0x000000008002B9FC (0x00000513) addi a0, zero, 0
x10 <- 0x0000000000000000
mem[X,0x000000008002BA00] -> 0x0593
mem[X,0x000000008002BA02] -> 0x0050
[6380] [M]: 0x000000008002BA00 (0x00500593) addi a1, zero, 5
x11 <- 0x0000000000000005
mem[X,0x000000008002BA04] -> 0x0213
mem[X,0x000000008002BA06] -> 0x0000
[6381] [M]: 0x000000008002BA04 (0x00000213) addi tp, zero, 0
x4 <- 0x0000000000000000
mem[X,0x000000008002BA08] -> 0x006F
mem[X,0x000000008002BA0A] -> 0x00C0
[6382] [M]: 0x000000008002BA08 (0x00C0006F) jal zero, 12
mem[X,0x000000008002BA14] -> 0x0063
mem[X,0x000000008002BA16] -> 0x08B5
[6383] [M]: 0x000000008002BA14 (0x08B50063) beq a0, a1, 128
mem[X,0x000000008002BA18] -> 0x0213
mem[X,0x000000008002BA1A] -> 0x0022
[6384] [M]: 0x000000008002BA18 (0x00220213) addi tp, tp, 2
x4 <- 0x0000000000000002
mem[X,0x000000008002BA1C] -> 0x006F
mem[X,0x000000008002BA1E] -> 0x0800
[6385] [M]: 0x000000008002BA1C (0x0800006F) jal zero, 128
mem[X,0x000000008002BA9C] -> 0x3423
mem[X,0x000000008002BA9E] -> 0x4441
[6386] [M]: 0x000000008002BA9C (0x44413423) sd tp, 1096(sp)
mem[0x0000000080049E10] <- 0x0000000000000002
mem[X,0x000000008002BAA0] -> 0x0513
mem[X,0x000000008002BAA2] -> 0x0000
[6387] [M]: 0x000000008002BAA0 (0x00000513) addi a0, zero, 0
x10 <- 0x0000000000000000
mem[X,0x000000008002BAA4] -> 0x35B7
mem[X,0x000000008002BAA6] -> 0x3333
[6388] [M]: 0x000000008002BAA4 (0x333335B7) lui a1, 209715
x11 <- 0x0000000033333000
mem[X,0x000000008002BAA8] -> 0x8593
mem[X,0x000000008002BAAA] -> 0x3335
[6389] [M]: 0x000000008002BAA8 (0x33358593) addi a1, a1, 819
x11 <- 0x0000000033333333
mem[X,0x000000008002BAAC] -> 0x9593
mem[X,0x000000008002BAAE] -> 0x00B5
[6390] [M]: 0x000000008002BAAC (0x00B59593) slli a1, a1, 11
x11 <- 0x0000019999999800
mem[X,0x000000008002BAB0] -> 0x8593
mem[X,0x000000008002BAB2] -> 0x1995
[6391] [M]: 0x000000008002BAB0 (0x19958593) addi a1, a1, 409
x11 <- 0x0000019999999999
mem[X,0x000000008002BAB4] -> 0x9593
mem[X,0x000000008002BAB6] -> 0x00B5
[6392] [M]: 0x000000008002BAB4 (0x00B59593) slli a1, a1, 11
x11 <- 0x000CCCCCCCCCC800
mem[X,0x000000008002BAB8] -> 0x8593
mem[X,0x000000008002BABA] -> 0x4CC5
[6393] [M]: 0x000000008002BAB8 (0x4CC58593) addi a1, a1, 1228
x11 <- 0x000CCCCCCCCCCCCC
mem[X,0x000000008002BABC] -> 0x9593
mem[X,0x000000008002BABE] -> 0x00A5
[6394] [M]: 0x000000008002BABC (0x00A59593) slli a1, a1, 10
x11 <- 0x3333333333333000
mem[X,0x000000008002BAC0] -> 0x8593
mem[X,0x000000008002BAC2] -> 0x3335
[6395] [M]: 0x000000008002BAC0 (0x33358593) addi a1, a1, 819
x11 <- 0x3333333333333333
mem[X,0x000000008002BAC4] -> 0x0213
mem[X,0x000000008002BAC6] -> 0x0000
[6396] [M]: 0x000000008002BAC4 (0x00000213) addi tp, zero, 0
x4 <- 0x0000000000000000
mem[X,0x000000008002BAC8] -> 0x006F
mem[X,0x000000008002BACA] -> 0x0100
[6397] [M]: 0x000000008002BAC8 (0x0100006F) jal zero, 16
mem[X,0x000000008002BAD8] -> 0x0AE3
mem[X,0x000000008002BADA] -> 0xFEB5
[6398] [M]: 0x000000008002BAD8 (0xFEB50AE3) beq a0, a1, 8180
mem[X,0x000000008002BADC] -> 0x0213
mem[X,0x000000008002BADE] -> 0x0022
[6399] [M]: 0x000000008002BADC (0x00220213) addi tp, tp, 2
x4 <- 0x0000000000000002
clint::tick mtime <- 0x0000000000000040
 clint timer pending at mtime 0x0000000000000040
htif::tick 0x0000000000000000
mem[X,0x000000008002BAE0] -> 0x006F
mem[X,0x000000008002BAE2] -> 0x00C0
[6400] [M]: 0x000000008002BAE0 (0x00C0006F) jal zero, 12
mem[X,0x000000008002BAEC] -> 0x3823
mem[X,0x000000008002BAEE] -> 0x4441
[6401] [M]: 0x000000008002BAEC (0x44413823) sd tp, 1104(sp)
mem[0x0000000080049E18] <- 0x0000000000000002
mem[X,0x000000008002BAF0] -> 0x0513
mem[X,0x000000008002BAF2] -> 0x0000
[6402] [M]: 0x000000008002BAF0 (0x00000513) addi a0, zero, 0
x10 <- 0x0000000000000000
mem[X,0x000000008002BAF4] -> 0x65B7
mem[X,0x000000008002BAF6] -> 0x6666
[6403] [M]: 0x000000008002BAF4 (0x666665B7) lui a1, 419430
x11 <- 0x0000000066666000
mem[X,0x000000008002BAF8] -> 0x8593
mem[X,0x000000008002BAFA] -> 0x6665
[6404] [M]: 0x000000008002BAF8 (0x66658593) addi a1, a1, 1638
x11 <- 0x0000000066666666
mem[X,0x000000008002BAFC] -> 0x9593
mem[X,0x000000008002BAFE] -> 0x00B5
[6405] [M]: 0x000000008002BAFC (0x00B59593) slli a1, a1, 11
x11 <- 0x0000033333333000
mem[X,0x000000008002BB00] -> 0x8593
mem[X,0x000000008002BB02] -> 0x3335
[6406] [M]: 0x000000008002BB00 (0x33358593) addi a1, a1, 819
x11 <- 0x0000033333333333
mem[X,0x000000008002BB04] -> 0x9593
mem[X,0x000000008002BB06] -> 0x00B5
[6407] [M]: 0x000000008002BB04 (0x00B59593) slli a1, a1, 11
x11 <- 0x0019999999999800
mem[X,0x000000008002BB08] -> 0x8593
mem[X,0x000000008002BB0A] -> 0x1995
[6408] [M]: 0x000000008002BB08 (0x19958593) addi a1, a1, 409
x11 <- 0x0019999999999999
mem[X,0x000000008002BB0C] -> 0x9593
mem[X,0x000000008002BB0E] -> 0x00A5
[6409] [M]: 0x000000008002BB0C (0x00A59593) slli a1, a1, 10
x11 <- 0x6666666666666400
mem[X,0x000000008002BB10] -> 0x8593
mem[X,0x000000008002BB12] -> 0x2665
[6410] [M]: 0x000000008002BB10 (0x26658593) addi a1, a1, 614
x11 <- 0x6666666666666666
mem[X,0x000000008002BB14] -> 0x0213
mem[X,0x000000008002BB16] -> 0x0000
[6411] [M]: 0x000000008002BB14 (0x00000213) addi tp, zero, 0
x4 <- 0x0000000000000000
mem[X,0x000000008002BB18] -> 0x006F
mem[X,0x000000008002BB1A] -> 0x00C0
[6412] [M]: 0x000000008002BB18 (0x00C0006F) jal zero, 12
mem[X,0x000000008002BB24] -> 0x0663
mem[X,0x000000008002BB26] -> 0x00B5
[6413] [M]: 0x000000008002BB24 (0x00B50663) beq a0, a1, 12
mem[X,0x000000008002BB28] -> 0x0213
mem[X,0x000000008002BB2A] -> 0x0022
[6414] [M]: 0x000000008002BB28 (0x00220213) addi tp, tp, 2
x4 <- 0x0000000000000002
mem[X,0x000000008002BB2C] -> 0x006F
mem[X,0x000000008002BB2E] -> 0x00C0
[6415] [M]: 0x000000008002BB2C (0x00C0006F) jal zero, 12
mem[X,0x000000008002BB38] -> 0x3C23
mem[X,0x000000008002BB3A] -> 0x4441
[6416] [M]: 0x000000008002BB38 (0x44413C23) sd tp, 1112(sp)
mem[0x0000000080049E20] <- 0x0000000000000002
mem[X,0x000000008002BB3C] -> 0x0513
mem[X,0x000000008002BB3E] -> 0x0000
[6417] [M]: 0x000000008002BB3C (0x00000513) addi a0, zero, 0
x10 <- 0x0000000000000000
mem[X,0x000000008002BB40] -> 0x05B7
mem[X,0x000000008002BB42] -> 0x0000
[6418] [M]: 0x000000008002BB40 (0x000005B7) lui a1, 0
x11 <- 0x0000000000000000
mem[X,0x000000008002BB44] -> 0x8593
mem[X,0x000000008002BB46] -> 0xFFF5
[6419] [M]: 0x000000008002BB44 (0xFFF58593) addi a1, a1, 4095
x11 <- 0xFFFFFFFFFFFFFFFF
mem[X,0x000000008002BB48] -> 0x9593
mem[X,0x000000008002BB4A] -> 0x00B5
[6420] [M]: 0x000000008002BB48 (0x00B59593) slli a1, a1, 11
x11 <- 0xFFFFFFFFFFFFF800
mem[X,0x000000008002BB4C] -> 0x8593
mem[X,0x000000008002BB4E] -> 0x2575
[6421] [M]: 0x000000008002BB4C (0x25758593) addi a1, a1, 599
x11 <- 0xFFFFFFFFFFFFFA57
mem[X,0x000000008002BB50] -> 0x9593
mem[X,0x000000008002BB52] -> 0x00B5
[6422] [M]: 0x000000008002BB50 (0x00B59593) slli a1, a1, 11
x11 <- 0xFFFFFFFFFFD2B800
mem[X,0x000000008002BB54] -> 0x8593
mem[X,0x000000008002BB56] -> 0x6C35
[6423] [M]: 0x000000008002BB54 (0x6C358593) addi a1, a1, 1731
x11 <- 0xFFFFFFFFFFD2BEC3
mem[X,0x000000008002BB58] -> 0x9593
mem[X,0x000000008002BB5A] -> 0x00A5
[6424] [M]: 0x000000008002BB58 (0x00A59593) slli a1, a1, 10
x11 <- 0xFFFFFFFF4AFB0C00
mem[X,0x000000008002BB5C] -> 0x8593
mem[X,0x000000008002BB5E] -> 0x0CD5
[6425] [M]: 0x000000008002BB5C (0x0CD58593) addi a1, a1, 205
x11 <- 0xFFFFFFFF4AFB0CCD
mem[X,0x000000008002BB60] -> 0x0213
mem[X,0x000000008002BB62] -> 0x0000
[6426] [M]: 0x000000008002BB60 (0x00000213) addi tp, zero, 0
x4 <- 0x0000000000000000
mem[X,0x000000008002BB64] -> 0x006F
mem[X,0x000000008002BB66] -> 0x0180
[6427] [M]: 0x000000008002BB64 (0x0180006F) jal zero, 24
mem[X,0x000000008002BB7C] -> 0x06E3
mem[X,0x000000008002BB7E] -> 0xFEB5
[6428] [M]: 0x000000008002BB7C (0xFEB506E3) beq a0, a1, 8172
mem[X,0x000000008002BB80] -> 0x0213
mem[X,0x000000008002BB82] -> 0x0022
[6429] [M]: 0x000000008002BB80 (0x00220213) addi tp, tp, 2
x4 <- 0x0000000000000002
mem[X,0x000000008002BB84] -> 0x006F
mem[X,0x000000008002BB86] -> 0x00C0
[6430] [M]: 0x000000008002BB84 (0x00C0006F) jal zero, 12
mem[X,0x000000008002BB90] -> 0x3023
mem[X,0x000000008002BB92] -> 0x4641
[6431] [M]: 0x000000008002BB90 (0x46413023) sd tp, 1120(sp)
mem[0x0000000080049E28] <- 0x0000000000000002
mem[X,0x000000008002BB94] -> 0x0513
mem[X,0x000000008002BB96] -> 0x0000
[6432] [M]: 0x000000008002BB94 (0x00000513) addi a0, zero, 0
x10 <- 0x0000000000000000
mem[X,0x000000008002BB98] -> 0x05B7
mem[X,0x000000008002BB9A] -> 0x0000
[6433] [M]: 0x000000008002BB98 (0x000005B7) lui a1, 0
x11 <- 0x0000000000000000
mem[X,0x000000008002BB9C] -> 0x8593
mem[X,0x000000008002BB9E] -> 0x0005
[6434] [M]: 0x000000008002BB9C (0x00058593) addi a1, a1, 0
x11 <- 0x0000000000000000
mem[X,0x000000008002BBA0] -> 0x9593
mem[X,0x000000008002BBA2] -> 0x00B5
[6435] [M]: 0x000000008002BBA0 (0x00B59593) slli a1, a1, 11
x11 <- 0x0000000000000000
mem[X,0x000000008002BBA4] -> 0x8593
mem[X,0x000000008002BBA6] -> 0x5A85
[6436] [M]: 0x000000008002BBA4 (0x5A858593) addi a1, a1, 1448
x11 <- 0x00000000000005A8
mem[X,0x000000008002BBA8] -> 0x9593
mem[X,0x000000008002BBAA] -> 0x00B5
[6437] [M]: 0x000000008002BBA8 (0x00B59593) slli a1, a1, 11
x11 <- 0x00000000002D4000
mem[X,0x000000008002BBAC] -> 0x8593
mem[X,0x000000008002BBAE] -> 0x13C5
[6438] [M]: 0x000000008002BBAC (0x13C58593) addi a1, a1, 316
x11 <- 0x00000000002D413C
mem[X,0x000000008002BBB0] -> 0x9593
mem[X,0x000000008002BBB2] -> 0x00A5
[6439] [M]: 0x000000008002BBB0 (0x00A59593) slli a1, a1, 10
x11 <- 0x00000000B504F000
mem[X,0x000000008002BBB4] -> 0x8593
mem[X,0x000000008002BBB6] -> 0x3335
[6440] [M]: 0x000000008002BBB4 (0x33358593) addi a1, a1, 819
x11 <- 0x00000000B504F333
mem[X,0x000000008002BBB8] -> 0x0213
mem[X,0x000000008002BBBA] -> 0x0000
[6441] [M]: 0x000000008002BBB8 (0x00000213) addi tp, zero, 0
x4 <- 0x0000000000000000
mem[X,0x000000008002BBBC] -> 0x006F
mem[X,0x000000008002BBBE] -> 0x0100
[6442] [M]: 0x000000008002BBBC (0x0100006F) jal zero, 16
mem[X,0x000000008002BBCC] -> 0x0AE3
mem[X,0x000000008002BBCE] -> 0xFEB5
[6443] [M]: 0x000000008002BBCC (0xFEB50AE3) beq a0, a1, 8180
mem[X,0x000000008002BBD0] -> 0x0213
mem[X,0x000000008002BBD2] -> 0x0022
[6444] [M]: 0x000000008002BBD0 (0x00220213) addi tp, tp, 2
x4 <- 0x0000000000000002
mem[X,0x000000008002BBD4] -> 0x006F
mem[X,0x000000008002BBD6] -> 0x00C0
[6445] [M]: 0x000000008002BBD4 (0x00C0006F) jal zero, 12
mem[X,0x000000008002BBE0] -> 0x3423
mem[X,0x000000008002BBE2] -> 0x4641
[6446] [M]: 0x000000008002BBE0 (0x46413423) sd tp, 1128(sp)
mem[0x0000000080049E30] <- 0x0000000000000002
mem[X,0x000000008002BBE4] -> 0x0513
mem[X,0x000000008002BBE6] -> 0x0000
[6447] [M]: 0x000000008002BBE4 (0x00000513) addi a0, zero, 0
x10 <- 0x0000000000000000
mem[X,0x000000008002BBE8] -> 0x0593
mem[X,0x000000008002BBEA] -> 0x0020
[6448] [M]: 0x000000008002BBE8 (0x00200593) addi a1, zero, 2
x11 <- 0x0000000000000002
mem[X,0x000000008002BBEC] -> 0x0213
mem[X,0x000000008002BBEE] -> 0x0000
[6449] [M]: 0x000000008002BBEC (0x00000213) addi tp, zero, 0
x4 <- 0x0000000000000000
mem[X,0x000000008002BBF0] -> 0x006F
mem[X,0x000000008002BBF2] -> 0x00C0
[6450] [M]: 0x000000008002BBF0 (0x00C0006F) jal zero, 12
mem[X,0x000000008002BBFC] -> 0x0663
mem[X,0x000000008002BBFE] -> 0x00B5
[6451] [M]: 0x000000008002BBFC (0x00B50663) beq a0, a1, 12
mem[X,0x000000008002BC00] -> 0x0213
mem[X,0x000000008002BC02] -> 0x0022
[6452] [M]: 0x000000008002BC00 (0x00220213) addi tp, tp, 2
x4 <- 0x0000000000000002
mem[X,0x000000008002BC04] -> 0x006F
mem[X,0x000000008002BC06] -> 0x00C0
[6453] [M]: 0x000000008002BC04 (0x00C0006F) jal zero, 12
mem[X,0x000000008002BC10] -> 0x3823
mem[X,0x000000008002BC12] -> 0x4641
[6454] [M]: 0x000000008002BC10 (0x46413823) sd tp, 1136(sp)
mem[0x0000000080049E38] <- 0x0000000000000002
mem[X,0x000000008002BC14] -> 0x0513
mem[X,0x000000008002BC16] -> 0x0040
[6455] [M]: 0x000000008002BC14 (0x00400513) addi a0, zero, 4
x10 <- 0x0000000000000004
mem[X,0x000000008002BC18] -> 0x0593
mem[X,0x000000008002BC1A] -> 0x0030
[6456] [M]: 0x000000008002BC18 (0x00300593) addi a1, zero, 3
x11 <- 0x0000000000000003
mem[X,0x000000008002BC1C] -> 0x0213
mem[X,0x000000008002BC1E] -> 0x0000
[6457] [M]: 0x000000008002BC1C (0x00000213) addi tp, zero, 0
x4 <- 0x0000000000000000
mem[X,0x000000008002BC20] -> 0x006F
mem[X,0x000000008002BC22] -> 0x00C0
[6458] [M]: 0x000000008002BC20 (0x00C0006F) jal zero, 12
mem[X,0x000000008002BC2C] -> 0x0CE3
mem[X,0x000000008002BC2E] -> 0xFEB5
[6459] [M]: 0x000000008002BC2C (0xFEB50CE3) beq a0, a1, 8184
mem[X,0x000000008002BC30] -> 0x0213
mem[X,0x000000008002BC32] -> 0x0022
[6460] [M]: 0x000000008002BC30 (0x00220213) addi tp, tp, 2
x4 <- 0x0000000000000002
mem[X,0x000000008002BC34] -> 0x006F
mem[X,0x000000008002BC36] -> 0x00C0
[6461] [M]: 0x000000008002BC34 (0x00C0006F) jal zero, 12
mem[X,0x000000008002BC40] -> 0x3C23
mem[X,0x000000008002BC42] -> 0x4641
[6462] [M]: 0x000000008002BC40 (0x46413C23) sd tp, 1144(sp)
mem[0x0000000080049E40] <- 0x0000000000000002
mem[X,0x000000008002BC44] -> 0x0513
mem[X,0x000000008002BC46] -> 0x0040
[6463] [M]: 0x000000008002BC44 (0x00400513) addi a0, zero, 4
x10 <- 0x0000000000000004
mem[X,0x000000008002BC48] -> 0x55B7
mem[X,0x000000008002BC4A] -> 0x5555
[6464] [M]: 0x000000008002BC48 (0x555555B7) lui a1, 349525
x11 <- 0x0000000055555000
mem[X,0x000000008002BC4C] -> 0x8593
mem[X,0x000000008002BC4E] -> 0x5555
[6465] [M]: 0x000000008002BC4C (0x55558593) addi a1, a1, 1365
x11 <- 0x0000000055555555
mem[X,0x000000008002BC50] -> 0x9593
mem[X,0x000000008002BC52] -> 0x00B5
[6466] [M]: 0x000000008002BC50 (0x00B59593) slli a1, a1, 11
x11 <- 0x000002AAAAAAA800
mem[X,0x000000008002BC54] -> 0x8593
mem[X,0x000000008002BC56] -> 0x2AA5
[6467] [M]: 0x000000008002BC54 (0x2AA58593) addi a1, a1, 682
x11 <- 0x000002AAAAAAAAAA
mem[X,0x000000008002BC58] -> 0x9593
mem[X,0x000000008002BC5A] -> 0x00B5
[6468] [M]: 0x000000008002BC58 (0x00B59593) slli a1, a1, 11
x11 <- 0x0015555555555000
mem[X,0x000000008002BC5C] -> 0x8593
mem[X,0x000000008002BC5E] -> 0x5555
[6469] [M]: 0x000000008002BC5C (0x55558593) addi a1, a1, 1365
x11 <- 0x0015555555555555
mem[X,0x000000008002BC60] -> 0x9593
mem[X,0x000000008002BC62] -> 0x00A5
[6470] [M]: 0x000000008002BC60 (0x00A59593) slli a1, a1, 10
x11 <- 0x5555555555555400
mem[X,0x000000008002BC64] -> 0x8593
mem[X,0x000000008002BC66] -> 0x1555
[6471] [M]: 0x000000008002BC64 (0x15558593) addi a1, a1, 341
x11 <- 0x5555555555555555
mem[X,0x000000008002BC68] -> 0x0213
mem[X,0x000000008002BC6A] -> 0x0000
[6472] [M]: 0x000000008002BC68 (0x00000213) addi tp, zero, 0
x4 <- 0x0000000000000000
mem[X,0x000000008002BC6C] -> 0x006F
mem[X,0x000000008002BC6E] -> 0x00C0
[6473] [M]: 0x000000008002BC6C (0x00C0006F) jal zero, 12
mem[X,0x000000008002BC78] -> 0x0663
mem[X,0x000000008002BC7A] -> 0x00B5
[6474] [M]: 0x000000008002BC78 (0x00B50663) beq a0, a1, 12
mem[X,0x000000008002BC7C] -> 0x0213
mem[X,0x000000008002BC7E] -> 0x0022
[6475] [M]: 0x000000008002BC7C (0x00220213) addi tp, tp, 2
x4 <- 0x0000000000000002
mem[X,0x000000008002BC80] -> 0x006F
mem[X,0x000000008002BC82] -> 0x00C0
[6476] [M]: 0x000000008002BC80 (0x00C0006F) jal zero, 12
mem[X,0x000000008002BC8C] -> 0x3023
mem[X,0x000000008002BC8E] -> 0x4841
[6477] [M]: 0x000000008002BC8C (0x48413023) sd tp, 1152(sp)
mem[0x0000000080049E48] <- 0x0000000000000002
mem[X,0x000000008002BC90] -> 0x0513
mem[X,0x000000008002BC92] -> 0x0040
[6478] [M]: 0x000000008002BC90 (0x00400513) addi a0, zero, 4
x10 <- 0x0000000000000004
mem[X,0x000000008002BC94] -> 0xB5B7
mem[X,0x000000008002BC96] -> 0xAAAA
[6479] [M]: 0x000000008002BC94 (0xAAAAB5B7) lui a1, 699051
x11 <- 0xFFFFFFFFAAAAB000
mem[X,0x000000008002BC98] -> 0x8593
mem[X,0x000000008002BC9A] -> 0xAAA5
[6480] [M]: 0x000000008002BC98 (0xAAA58593) addi a1, a1, 2730
x11 <- 0xFFFFFFFFAAAAAAAA
mem[X,0x000000008002BC9C] -> 0x9593
mem[X,0x000000008002BC9E] -> 0x00B5
[6481] [M]: 0x000000008002BC9C (0x00B59593) slli a1, a1, 11
x11 <- 0xFFFFFD5555555000
mem[X,0x000000008002BCA0] -> 0x8593
mem[X,0x000000008002BCA2] -> 0x5555
[6482] [M]: 0x000000008002BCA0 (0x55558593) addi a1, a1, 1365
x11 <- 0xFFFFFD5555555555
mem[X,0x000000008002BCA4] -> 0x9593
mem[X,0x000000008002BCA6] -> 0x00B5
[6483] [M]: 0x000000008002BCA4 (0x00B59593) slli a1, a1, 11
x11 <- 0xFFEAAAAAAAAAA800
mem[X,0x000000008002BCA8] -> 0x8593
mem[X,0x000000008002BCAA] -> 0x2AA5
[6484] [M]: 0x000000008002BCA8 (0x2AA58593) addi a1, a1, 682
x11 <- 0xFFEAAAAAAAAAAAAA
mem[X,0x000000008002BCAC] -> 0x9593
mem[X,0x000000008002BCAE] -> 0x00A5
[6485] [M]: 0x000000008002BCAC (0x00A59593) slli a1, a1, 10
x11 <- 0xAAAAAAAAAAAAA800
mem[X,0x000000008002BCB0] -> 0x8593
mem[X,0x000000008002BCB2] -> 0x2AA5
[6486] [M]: 0x000000008002BCB0 (0x2AA58593) addi a1, a1, 682
x11 <- 0xAAAAAAAAAAAAAAAA
mem[X,0x000000008002BCB4] -> 0x0213
mem[X,0x000000008002BCB6] -> 0x0000
[6487] [M]: 0x000000008002BCB4 (0x00000213) addi tp, zero, 0
x4 <- 0x0000000000000000
mem[X,0x000000008002BCB8] -> 0x006F
mem[X,0x000000008002BCBA] -> 0x2B10
[6488] [M]: 0x000000008002BCB8 (0x2B10006F) jal zero, 2736
mem[X,0x000000008002C768] -> 0x0A63
mem[X,0x000000008002C76A] -> 0xD4B5
[6489] [M]: 0x000000008002C768 (0xD4B50A63) beq a0, a1, 5460
mem[X,0x000000008002C76C] -> 0x0213
mem[X,0x000000008002C76E] -> 0x0022
[6490] [M]: 0x000000008002C76C (0x00220213) addi tp, tp, 2
x4 <- 0x0000000000000002
mem[X,0x000000008002C770] -> 0x006F
mem[X,0x000000008002C772] -> 0x00C0
[6491] [M]: 0x000000008002C770 (0x00C0006F) jal zero, 12
mem[X,0x000000008002C77C] -> 0x3423
mem[X,0x000000008002C77E] -> 0x4841
[6492] [M]: 0x000000008002C77C (0x48413423) sd tp, 1160(sp)
mem[0x0000000080049E50] <- 0x0000000000000002
mem[X,0x000000008002C780] -> 0x0513
mem[X,0x000000008002C782] -> 0x0040
[6493] [M]: 0x000000008002C780 (0x00400513) addi a0, zero, 4
x10 <- 0x0000000000000004
mem[X,0x000000008002C784] -> 0x0593
mem[X,0x000000008002C786] -> 0x0050
[6494] [M]: 0x000000008002C784 (0x00500593) addi a1, zero, 5
x11 <- 0x0000000000000005
mem[X,0x000000008002C788] -> 0x0213
mem[X,0x000000008002C78A] -> 0x0000
[6495] [M]: 0x000000008002C788 (0x00000213) addi tp, zero, 0
x4 <- 0x0000000000000000
mem[X,0x000000008002C78C] -> 0x006F
mem[X,0x000000008002C78E] -> 0x0180
[6496] [M]: 0x000000008002C78C (0x0180006F) jal zero, 24
mem[X,0x000000008002C7A4] -> 0x06E3
mem[X,0x000000008002C7A6] -> 0xFEB5
[6497] [M]: 0x000000008002C7A4 (0xFEB506E3) beq a0, a1, 8172
mem[X,0x000000008002C7A8] -> 0x0213
mem[X,0x000000008002C7AA] -> 0x0022
[6498] [M]: 0x000000008002C7A8 (0x00220213) addi tp, tp, 2
x4 <- 0x0000000000000002
mem[X,0x000000008002C7AC] -> 0x006F
mem[X,0x000000008002C7AE] -> 0x00C0
[6499] [M]: 0x000000008002C7AC (0x00C0006F) jal zero, 12
clint::tick mtime <- 0x0000000000000041
 clint timer pending at mtime 0x0000000000000041
htif::tick 0x0000000000000000
mem[X,0x000000008002C7B8] -> 0x3823
mem[X,0x000000008002C7BA] -> 0x4841
[6500] [M]: 0x000000008002C7B8 (0x48413823) sd tp, 1168(sp)
mem[0x0000000080049E58] <- 0x0000000000000002
mem[X,0x000000008002C7BC] -> 0x0513
mem[X,0x000000008002C7BE] -> 0x0040
[6501] [M]: 0x000000008002C7BC (0x00400513) addi a0, zero, 4
x10 <- 0x0000000000000004
mem[X,0x000000008002C7C0] -> 0x35B7
mem[X,0x000000008002C7C2] -> 0x3333
[6502] [M]: 0x000000008002C7C0 (0x333335B7) lui a1, 209715
x11 <- 0x0000000033333000
mem[X,0x000000008002C7C4] -> 0x8593
mem[X,0x000000008002C7C6] -> 0x3335
[6503] [M]: 0x000000008002C7C4 (0x33358593) addi a1, a1, 819
x11 <- 0x0000000033333333
mem[X,0x000000008002C7C8] -> 0x9593
mem[X,0x000000008002C7CA] -> 0x00B5
[6504] [M]: 0x000000008002C7C8 (0x00B59593) slli a1, a1, 11
x11 <- 0x0000019999999800
mem[X,0x000000008002C7CC] -> 0x8593
mem[X,0x000000008002C7CE] -> 0x1995
[6505] [M]: 0x000000008002C7CC (0x19958593) addi a1, a1, 409
x11 <- 0x0000019999999999
mem[X,0x000000008002C7D0] -> 0x9593
mem[X,0x000000008002C7D2] -> 0x00B5
[6506] [M]: 0x000000008002C7D0 (0x00B59593) slli a1, a1, 11
x11 <- 0x000CCCCCCCCCC800
mem[X,0x000000008002C7D4] -> 0x8593
mem[X,0x000000008002C7D6] -> 0x4CC5
[6507] [M]: 0x000000008002C7D4 (0x4CC58593) addi a1, a1, 1228
x11 <- 0x000CCCCCCCCCCCCC
mem[X,0x000000008002C7D8] -> 0x9593
mem[X,0x000000008002C7DA] -> 0x00A5
[6508] [M]: 0x000000008002C7D8 (0x00A59593) slli a1, a1, 10
x11 <- 0x3333333333333000
mem[X,0x000000008002C7DC] -> 0x8593
mem[X,0x000000008002C7DE] -> 0x3335
[6509] [M]: 0x000000008002C7DC (0x33358593) addi a1, a1, 819
x11 <- 0x3333333333333333
mem[X,0x000000008002C7E0] -> 0x0213
mem[X,0x000000008002C7E2] -> 0x0000
[6510] [M]: 0x000000008002C7E0 (0x00000213) addi tp, zero, 0
x4 <- 0x0000000000000000
mem[X,0x000000008002C7E4] -> 0x006F
mem[X,0x000000008002C7E6] -> 0x00C0
[6511] [M]: 0x000000008002C7E4 (0x00C0006F) jal zero, 12
mem[X,0x000000008002C7F0] -> 0x0CE3
mem[X,0x000000008002C7F2] -> 0xFEB5
[6512] [M]: 0x000000008002C7F0 (0xFEB50CE3) beq a0, a1, 8184
mem[X,0x000000008002C7F4] -> 0x0213
mem[X,0x000000008002C7F6] -> 0x0022
[6513] [M]: 0x000000008002C7F4 (0x00220213) addi tp, tp, 2
x4 <- 0x0000000000000002
mem[X,0x000000008002C7F8] -> 0x006F
mem[X,0x000000008002C7FA] -> 0x00C0
[6514] [M]: 0x000000008002C7F8 (0x00C0006F) jal zero, 12
mem[X,0x000000008002C804] -> 0x3C23
mem[X,0x000000008002C806] -> 0x4841
[6515] [M]: 0x000000008002C804 (0x48413C23) sd tp, 1176(sp)
mem[0x0000000080049E60] <- 0x0000000000000002
mem[X,0x000000008002C808] -> 0x0513
mem[X,0x000000008002C80A] -> 0x0040
[6516] [M]: 0x000000008002C808 (0x00400513) addi a0, zero, 4
x10 <- 0x0000000000000004
mem[X,0x000000008002C80C] -> 0x65B7
mem[X,0x000000008002C80E] -> 0x6666
[6517] [M]: 0x000000008002C80C (0x666665B7) lui a1, 419430
x11 <- 0x0000000066666000
mem[X,0x000000008002C810] -> 0x8593
mem[X,0x000000008002C812] -> 0x6665
[6518] [M]: 0x000000008002C810 (0x66658593) addi a1, a1, 1638
x11 <- 0x0000000066666666
mem[X,0x000000008002C814] -> 0x9593
mem[X,0x000000008002C816] -> 0x00B5
[6519] [M]: 0x000000008002C814 (0x00B59593) slli a1, a1, 11
x11 <- 0x0000033333333000
mem[X,0x000000008002C818] -> 0x8593
mem[X,0x000000008002C81A] -> 0x3335
[6520] [M]: 0x000000008002C818 (0x33358593) addi a1, a1, 819
x11 <- 0x0000033333333333
mem[X,0x000000008002C81C] -> 0x9593
mem[X,0x000000008002C81E] -> 0x00B5
[6521] [M]: 0x000000008002C81C (0x00B59593) slli a1, a1, 11
x11 <- 0x0019999999999800
mem[X,0x000000008002C820] -> 0x8593
mem[X,0x000000008002C822] -> 0x1995
[6522] [M]: 0x000000008002C820 (0x19958593) addi a1, a1, 409
x11 <- 0x0019999999999999
mem[X,0x000000008002C824] -> 0x9593
mem[X,0x000000008002C826] -> 0x00A5
[6523] [M]: 0x000000008002C824 (0x00A59593) slli a1, a1, 10
x11 <- 0x6666666666666400
mem[X,0x000000008002C828] -> 0x8593
mem[X,0x000000008002C82A] -> 0x2665
[6524] [M]: 0x000000008002C828 (0x26658593) addi a1, a1, 614
x11 <- 0x6666666666666666
mem[X,0x000000008002C82C] -> 0x0213
mem[X,0x000000008002C82E] -> 0x0000
[6525] [M]: 0x000000008002C82C (0x00000213) addi tp, zero, 0
x4 <- 0x0000000000000000
mem[X,0x000000008002C830] -> 0x006F
mem[X,0x000000008002C832] -> 0x0100
[6526] [M]: 0x000000008002C830 (0x0100006F) jal zero, 16
mem[X,0x000000008002C840] -> 0x0AE3
mem[X,0x000000008002C842] -> 0xFEB5
[6527] [M]: 0x000000008002C840 (0xFEB50AE3) beq a0, a1, 8180
mem[X,0x000000008002C844] -> 0x0213
mem[X,0x000000008002C846] -> 0x0022
[6528] [M]: 0x000000008002C844 (0x00220213) addi tp, tp, 2
x4 <- 0x0000000000000002
mem[X,0x000000008002C848] -> 0x006F
mem[X,0x000000008002C84A] -> 0x00C0
[6529] [M]: 0x000000008002C848 (0x00C0006F) jal zero, 12
mem[X,0x000000008002C854] -> 0x3023
mem[X,0x000000008002C856] -> 0x4A41
[6530] [M]: 0x000000008002C854 (0x4A413023) sd tp, 1184(sp)
mem[0x0000000080049E68] <- 0x0000000000000002
mem[X,0x000000008002C858] -> 0x0513
mem[X,0x000000008002C85A] -> 0x0040
[6531] [M]: 0x000000008002C858 (0x00400513) addi a0, zero, 4
x10 <- 0x0000000000000004
mem[X,0x000000008002C85C] -> 0x05B7
mem[X,0x000000008002C85E] -> 0x0000
[6532] [M]: 0x000000008002C85C (0x000005B7) lui a1, 0
x11 <- 0x0000000000000000
mem[X,0x000000008002C860] -> 0x8593
mem[X,0x000000008002C862] -> 0xFFF5
[6533] [M]: 0x000000008002C860 (0xFFF58593) addi a1, a1, 4095
x11 <- 0xFFFFFFFFFFFFFFFF
mem[X,0x000000008002C864] -> 0x9593
mem[X,0x000000008002C866] -> 0x00B5
[6534] [M]: 0x000000008002C864 (0x00B59593) slli a1, a1, 11
x11 <- 0xFFFFFFFFFFFFF800
mem[X,0x000000008002C868] -> 0x8593
mem[X,0x000000008002C86A] -> 0x2575
[6535] [M]: 0x000000008002C868 (0x25758593) addi a1, a1, 599
x11 <- 0xFFFFFFFFFFFFFA57
mem[X,0x000000008002C86C] -> 0x9593
mem[X,0x000000008002C86E] -> 0x00B5
[6536] [M]: 0x000000008002C86C (0x00B59593) slli a1, a1, 11
x11 <- 0xFFFFFFFFFFD2B800
mem[X,0x000000008002C870] -> 0x8593
mem[X,0x000000008002C872] -> 0x6C35
[6537] [M]: 0x000000008002C870 (0x6C358593) addi a1, a1, 1731
x11 <- 0xFFFFFFFFFFD2BEC3
mem[X,0x000000008002C874] -> 0x9593
mem[X,0x000000008002C876] -> 0x00A5
[6538] [M]: 0x000000008002C874 (0x00A59593) slli a1, a1, 10
x11 <- 0xFFFFFFFF4AFB0C00
mem[X,0x000000008002C878] -> 0x8593
mem[X,0x000000008002C87A] -> 0x0CD5
[6539] [M]: 0x000000008002C878 (0x0CD58593) addi a1, a1, 205
x11 <- 0xFFFFFFFF4AFB0CCD
mem[X,0x000000008002C87C] -> 0x0213
mem[X,0x000000008002C87E] -> 0x0000
[6540] [M]: 0x000000008002C87C (0x00000213) addi tp, zero, 0
x4 <- 0x0000000000000000
mem[X,0x000000008002C880] -> 0x006F
mem[X,0x000000008002C882] -> 0x00C0
[6541] [M]: 0x000000008002C880 (0x00C0006F) jal zero, 12
mem[X,0x000000008002C88C] -> 0x0663
mem[X,0x000000008002C88E] -> 0x00B5
[6542] [M]: 0x000000008002C88C (0x00B50663) beq a0, a1, 12
mem[X,0x000000008002C890] -> 0x0213
mem[X,0x000000008002C892] -> 0x0022
[6543] [M]: 0x000000008002C890 (0x00220213) addi tp, tp, 2
x4 <- 0x0000000000000002
mem[X,0x000000008002C894] -> 0x006F
mem[X,0x000000008002C896] -> 0x00C0
[6544] [M]: 0x000000008002C894 (0x00C0006F) jal zero, 12
mem[X,0x000000008002C8A0] -> 0x3423
mem[X,0x000000008002C8A2] -> 0x4A41
[6545] [M]: 0x000000008002C8A0 (0x4A413423) sd tp, 1192(sp)
mem[0x0000000080049E70] <- 0x0000000000000002
mem[X,0x000000008002C8A4] -> 0x0513
mem[X,0x000000008002C8A6] -> 0x0040
[6546] [M]: 0x000000008002C8A4 (0x00400513) addi a0, zero, 4
x10 <- 0x0000000000000004
mem[X,0x000000008002C8A8] -> 0x05B7
mem[X,0x000000008002C8AA] -> 0x0000
[6547] [M]: 0x000000008002C8A8 (0x000005B7) lui a1, 0
x11 <- 0x0000000000000000
mem[X,0x000000008002C8AC] -> 0x8593
mem[X,0x000000008002C8AE] -> 0x0005
[6548] [M]: 0x000000008002C8AC (0x00058593) addi a1, a1, 0
x11 <- 0x0000000000000000
mem[X,0x000000008002C8B0] -> 0x9593
mem[X,0x000000008002C8B2] -> 0x00B5
[6549] [M]: 0x000000008002C8B0 (0x00B59593) slli a1, a1, 11
x11 <- 0x0000000000000000
mem[X,0x000000008002C8B4] -> 0x8593
mem[X,0x000000008002C8B6] -> 0x5A85
[6550] [M]: 0x000000008002C8B4 (0x5A858593) addi a1, a1, 1448
x11 <- 0x00000000000005A8
mem[X,0x000000008002C8B8] -> 0x9593
mem[X,0x000000008002C8BA] -> 0x00B5
[6551] [M]: 0x000000008002C8B8 (0x00B59593) slli a1, a1, 11
x11 <- 0x00000000002D4000
mem[X,0x000000008002C8BC] -> 0x8593
mem[X,0x000000008002C8BE] -> 0x13C5
[6552] [M]: 0x000000008002C8BC (0x13C58593) addi a1, a1, 316
x11 <- 0x00000000002D413C
mem[X,0x000000008002C8C0] -> 0x9593
mem[X,0x000000008002C8C2] -> 0x00A5
[6553] [M]: 0x000000008002C8C0 (0x00A59593) slli a1, a1, 10
x11 <- 0x00000000B504F000
mem[X,0x000000008002C8C4] -> 0x8593
mem[X,0x000000008002C8C6] -> 0x3335
[6554] [M]: 0x000000008002C8C4 (0x33358593) addi a1, a1, 819
x11 <- 0x00000000B504F333
mem[X,0x000000008002C8C8] -> 0x0213
mem[X,0x000000008002C8CA] -> 0x0000
[6555] [M]: 0x000000008002C8C8 (0x00000213) addi tp, zero, 0
x4 <- 0x0000000000000000
mem[X,0x000000008002C8CC] -> 0x006F
mem[X,0x000000008002C8CE] -> 0x0140
[6556] [M]: 0x000000008002C8CC (0x0140006F) jal zero, 20
mem[X,0x000000008002C8E0] -> 0x08E3
mem[X,0x000000008002C8E2] -> 0xFEB5
[6557] [M]: 0x000000008002C8E0 (0xFEB508E3) beq a0, a1, 8176
mem[X,0x000000008002C8E4] -> 0x0213
mem[X,0x000000008002C8E6] -> 0x0022
[6558] [M]: 0x000000008002C8E4 (0x00220213) addi tp, tp, 2
x4 <- 0x0000000000000002
mem[X,0x000000008002C8E8] -> 0x006F
mem[X,0x000000008002C8EA] -> 0x00C0
[6559] [M]: 0x000000008002C8E8 (0x00C0006F) jal zero, 12
mem[X,0x000000008002C8F4] -> 0x3823
mem[X,0x000000008002C8F6] -> 0x4A41
[6560] [M]: 0x000000008002C8F4 (0x4A413823) sd tp, 1200(sp)
mem[0x0000000080049E78] <- 0x0000000000000002
mem[X,0x000000008002C8F8] -> 0x0513
mem[X,0x000000008002C8FA] -> 0x0040
[6561] [M]: 0x000000008002C8F8 (0x00400513) addi a0, zero, 4
x10 <- 0x0000000000000004
mem[X,0x000000008002C8FC] -> 0x0593
mem[X,0x000000008002C8FE] -> 0x0020
[6562] [M]: 0x000000008002C8FC (0x00200593) addi a1, zero, 2
x11 <- 0x0000000000000002
mem[X,0x000000008002C900] -> 0x0213
mem[X,0x000000008002C902] -> 0x0000
[6563] [M]: 0x000000008002C900 (0x00000213) addi tp, zero, 0
x4 <- 0x0000000000000000
mem[X,0x000000008002C904] -> 0x006F
mem[X,0x000000008002C906] -> 0x00C0
[6564] [M]: 0x000000008002C904 (0x00C0006F) jal zero, 12
mem[X,0x000000008002C910] -> 0x0863
mem[X,0x000000008002C912] -> 0x00B5
[6565] [M]: 0x000000008002C910 (0x00B50863) beq a0, a1, 16
mem[X,0x000000008002C914] -> 0x0213
mem[X,0x000000008002C916] -> 0x0022
[6566] [M]: 0x000000008002C914 (0x00220213) addi tp, tp, 2
x4 <- 0x0000000000000002
mem[X,0x000000008002C918] -> 0x006F
mem[X,0x000000008002C91A] -> 0x0100
[6567] [M]: 0x000000008002C918 (0x0100006F) jal zero, 16
mem[X,0x000000008002C928] -> 0x3C23
mem[X,0x000000008002C92A] -> 0x4A41
[6568] [M]: 0x000000008002C928 (0x4A413C23) sd tp, 1208(sp)
mem[0x0000000080049E80] <- 0x0000000000000002
mem[X,0x000000008002C92C] -> 0x0513
mem[X,0x000000008002C92E] -> 0x0040
[6569] [M]: 0x000000008002C92C (0x00400513) addi a0, zero, 4
x10 <- 0x0000000000000004
mem[X,0x000000008002C930] -> 0x55B7
mem[X,0x000000008002C932] -> 0x5555
[6570] [M]: 0x000000008002C930 (0x555555B7) lui a1, 349525
x11 <- 0x0000000055555000
mem[X,0x000000008002C934] -> 0x8593
mem[X,0x000000008002C936] -> 0x5555
[6571] [M]: 0x000000008002C934 (0x55558593) addi a1, a1, 1365
x11 <- 0x0000000055555555
mem[X,0x000000008002C938] -> 0x9593
mem[X,0x000000008002C93A] -> 0x00B5
[6572] [M]: 0x000000008002C938 (0x00B59593) slli a1, a1, 11
x11 <- 0x000002AAAAAAA800
mem[X,0x000000008002C93C] -> 0x8593
mem[X,0x000000008002C93E] -> 0x2AA5
[6573] [M]: 0x000000008002C93C (0x2AA58593) addi a1, a1, 682
x11 <- 0x000002AAAAAAAAAA
mem[X,0x000000008002C940] -> 0x9593
mem[X,0x000000008002C942] -> 0x00B5
[6574] [M]: 0x000000008002C940 (0x00B59593) slli a1, a1, 11
x11 <- 0x0015555555555000
mem[X,0x000000008002C944] -> 0x8593
mem[X,0x000000008002C946] -> 0x5555
[6575] [M]: 0x000000008002C944 (0x55558593) addi a1, a1, 1365
x11 <- 0x0015555555555555
mem[X,0x000000008002C948] -> 0x9593
mem[X,0x000000008002C94A] -> 0x00A5
[6576] [M]: 0x000000008002C948 (0x00A59593) slli a1, a1, 10
x11 <- 0x5555555555555400
mem[X,0x000000008002C94C] -> 0x8593
mem[X,0x000000008002C94E] -> 0x1545
[6577] [M]: 0x000000008002C94C (0x15458593) addi a1, a1, 340
x11 <- 0x5555555555555554
mem[X,0x000000008002C950] -> 0x0213
mem[X,0x000000008002C952] -> 0x0000
[6578] [M]: 0x000000008002C950 (0x00000213) addi tp, zero, 0
x4 <- 0x0000000000000000
mem[X,0x000000008002C954] -> 0x006F
mem[X,0x000000008002C956] -> 0x00C0
[6579] [M]: 0x000000008002C954 (0x00C0006F) jal zero, 12
mem[X,0x000000008002C960] -> 0x0663
mem[X,0x000000008002C962] -> 0x00B5
[6580] [M]: 0x000000008002C960 (0x00B50663) beq a0, a1, 12
mem[X,0x000000008002C964] -> 0x0213
mem[X,0x000000008002C966] -> 0x0022
[6581] [M]: 0x000000008002C964 (0x00220213) addi tp, tp, 2
x4 <- 0x0000000000000002
mem[X,0x000000008002C968] -> 0x006F
mem[X,0x000000008002C96A] -> 0x00C0
[6582] [M]: 0x000000008002C968 (0x00C0006F) jal zero, 12
mem[X,0x000000008002C974] -> 0x3023
mem[X,0x000000008002C976] -> 0x4C41
[6583] [M]: 0x000000008002C974 (0x4C413023) sd tp, 1216(sp)
mem[0x0000000080049E88] <- 0x0000000000000002
mem[X,0x000000008002C978] -> 0x0513
mem[X,0x000000008002C97A] -> 0x0040
[6584] [M]: 0x000000008002C978 (0x00400513) addi a0, zero, 4
x10 <- 0x0000000000000004
mem[X,0x000000008002C97C] -> 0x0593
mem[X,0x000000008002C97E] -> 0x0000
[6585] [M]: 0x000000008002C97C (0x00000593) addi a1, zero, 0
x11 <- 0x0000000000000000
mem[X,0x000000008002C980] -> 0x0213
mem[X,0x000000008002C982] -> 0x0000
[6586] [M]: 0x000000008002C980 (0x00000213) addi tp, zero, 0
x4 <- 0x0000000000000000
mem[X,0x000000008002C984] -> 0x006F
mem[X,0x000000008002C986] -> 0x0180
[6587] [M]: 0x000000008002C984 (0x0180006F) jal zero, 24
mem[X,0x000000008002C99C] -> 0x06E3
mem[X,0x000000008002C99E] -> 0xFEB5
[6588] [M]: 0x000000008002C99C (0xFEB506E3) beq a0, a1, 8172
mem[X,0x000000008002C9A0] -> 0x0213
mem[X,0x000000008002C9A2] -> 0x0022
[6589] [M]: 0x000000008002C9A0 (0x00220213) addi tp, tp, 2
x4 <- 0x0000000000000002
mem[X,0x000000008002C9A4] -> 0x006F
mem[X,0x000000008002C9A6] -> 0x00C0
[6590] [M]: 0x000000008002C9A4 (0x00C0006F) jal zero, 12
mem[X,0x000000008002C9B0] -> 0x3423
mem[X,0x000000008002C9B2] -> 0x4C41
[6591] [M]: 0x000000008002C9B0 (0x4C413423) sd tp, 1224(sp)
mem[0x0000000080049E90] <- 0x0000000000000002
mem[X,0x000000008002C9B4] -> 0x0513
mem[X,0x000000008002C9B6] -> 0x0040
[6592] [M]: 0x000000008002C9B4 (0x00400513) addi a0, zero, 4
x10 <- 0x0000000000000004
mem[X,0x000000008002C9B8] -> 0x0593
mem[X,0x000000008002C9BA] -> 0x0040
[6593] [M]: 0x000000008002C9B8 (0x00400593) addi a1, zero, 4
x11 <- 0x0000000000000004
mem[X,0x000000008002C9BC] -> 0x0213
mem[X,0x000000008002C9BE] -> 0x0000
[6594] [M]: 0x000000008002C9BC (0x00000213) addi tp, zero, 0
x4 <- 0x0000000000000000
mem[X,0x000000008002C9C0] -> 0x006F
mem[X,0x000000008002C9C2] -> 0x00C0
[6595] [M]: 0x000000008002C9C0 (0x00C0006F) jal zero, 12
mem[X,0x000000008002C9CC] -> 0x0663
mem[X,0x000000008002C9CE] -> 0x00B5
[6596] [M]: 0x000000008002C9CC (0x00B50663) beq a0, a1, 12
mem[X,0x000000008002C9D8] -> 0x0213
mem[X,0x000000008002C9DA] -> 0x0032
[6597] [M]: 0x000000008002C9D8 (0x00320213) addi tp, tp, 3
x4 <- 0x0000000000000003
mem[X,0x000000008002C9DC] -> 0x006F
mem[X,0x000000008002C9DE] -> 0x0040
[6598] [M]: 0x000000008002C9DC (0x0040006F) jal zero, 4
mem[X,0x000000008002C9E0] -> 0x3823
mem[X,0x000000008002C9E2] -> 0x4C41
[6599] [M]: 0x000000008002C9E0 (0x4C413823) sd tp, 1232(sp)
mem[0x0000000080049E98] <- 0x0000000000000003
clint::tick mtime <- 0x0000000000000042
 clint timer pending at mtime 0x0000000000000042
htif::tick 0x0000000000000000
mem[X,0x000000008002C9E4] -> 0x0513
mem[X,0x000000008002C9E6] -> 0x0040
[6600] [M]: 0x000000008002C9E4 (0x00400513) addi a0, zero, 4
x10 <- 0x0000000000000004
mem[X,0x000000008002C9E8] -> 0x35B7
mem[X,0x000000008002C9EA] -> 0x3333
[6601] [M]: 0x000000008002C9E8 (0x333335B7) lui a1, 209715
x11 <- 0x0000000033333000
mem[X,0x000000008002C9EC] -> 0x8593
mem[X,0x000000008002C9EE] -> 0x3335
[6602] [M]: 0x000000008002C9EC (0x33358593) addi a1, a1, 819
x11 <- 0x0000000033333333
mem[X,0x000000008002C9F0] -> 0x9593
mem[X,0x000000008002C9F2] -> 0x00B5
[6603] [M]: 0x000000008002C9F0 (0x00B59593) slli a1, a1, 11
x11 <- 0x0000019999999800
mem[X,0x000000008002C9F4] -> 0x8593
mem[X,0x000000008002C9F6] -> 0x1995
[6604] [M]: 0x000000008002C9F4 (0x19958593) addi a1, a1, 409
x11 <- 0x0000019999999999
mem[X,0x000000008002C9F8] -> 0x9593
mem[X,0x000000008002C9FA] -> 0x00B5
[6605] [M]: 0x000000008002C9F8 (0x00B59593) slli a1, a1, 11
x11 <- 0x000CCCCCCCCCC800
mem[X,0x000000008002C9FC] -> 0x8593
mem[X,0x000000008002C9FE] -> 0x4CC5
[6606] [M]: 0x000000008002C9FC (0x4CC58593) addi a1, a1, 1228
x11 <- 0x000CCCCCCCCCCCCC
mem[X,0x000000008002CA00] -> 0x9593
mem[X,0x000000008002CA02] -> 0x00A5
[6607] [M]: 0x000000008002CA00 (0x00A59593) slli a1, a1, 10
x11 <- 0x3333333333333000
mem[X,0x000000008002CA04] -> 0x8593
mem[X,0x000000008002CA06] -> 0x3325
[6608] [M]: 0x000000008002CA04 (0x33258593) addi a1, a1, 818
x11 <- 0x3333333333333332
mem[X,0x000000008002CA08] -> 0x0213
mem[X,0x000000008002CA0A] -> 0x0000
[6609] [M]: 0x000000008002CA08 (0x00000213) addi tp, zero, 0
x4 <- 0x0000000000000000
mem[X,0x000000008002CA0C] -> 0x006F
mem[X,0x000000008002CA0E] -> 0x00C0
[6610] [M]: 0x000000008002CA0C (0x00C0006F) jal zero, 12
mem[X,0x000000008002CA18] -> 0x0CE3
mem[X,0x000000008002CA1A] -> 0xFEB5
[6611] [M]: 0x000000008002CA18 (0xFEB50CE3) beq a0, a1, 8184
mem[X,0x000000008002CA1C] -> 0x0213
mem[X,0x000000008002CA1E] -> 0x0022
[6612] [M]: 0x000000008002CA1C (0x00220213) addi tp, tp, 2
x4 <- 0x0000000000000002
mem[X,0x000000008002CA20] -> 0x006F
mem[X,0x000000008002CA22] -> 0x00C0
[6613] [M]: 0x000000008002CA20 (0x00C0006F) jal zero, 12
mem[X,0x000000008002CA2C] -> 0x3C23
mem[X,0x000000008002CA2E] -> 0x4C41
[6614] [M]: 0x000000008002CA2C (0x4C413C23) sd tp, 1240(sp)
mem[0x0000000080049EA0] <- 0x0000000000000002
mem[X,0x000000008002CA30] -> 0x0513
mem[X,0x000000008002CA32] -> 0x0040
[6615] [M]: 0x000000008002CA30 (0x00400513) addi a0, zero, 4
x10 <- 0x0000000000000004
mem[X,0x000000008002CA34] -> 0x65B7
mem[X,0x000000008002CA36] -> 0x6666
[6616] [M]: 0x000000008002CA34 (0x666665B7) lui a1, 419430
x11 <- 0x0000000066666000
mem[X,0x000000008002CA38] -> 0x8593
mem[X,0x000000008002CA3A] -> 0x6665
[6617] [M]: 0x000000008002CA38 (0x66658593) addi a1, a1, 1638
x11 <- 0x0000000066666666
mem[X,0x000000008002CA3C] -> 0x9593
mem[X,0x000000008002CA3E] -> 0x00B5
[6618] [M]: 0x000000008002CA3C (0x00B59593) slli a1, a1, 11
x11 <- 0x0000033333333000
mem[X,0x000000008002CA40] -> 0x8593
mem[X,0x000000008002CA42] -> 0x3335
[6619] [M]: 0x000000008002CA40 (0x33358593) addi a1, a1, 819
x11 <- 0x0000033333333333
mem[X,0x000000008002CA44] -> 0x9593
mem[X,0x000000008002CA46] -> 0x00B5
[6620] [M]: 0x000000008002CA44 (0x00B59593) slli a1, a1, 11
x11 <- 0x0019999999999800
mem[X,0x000000008002CA48] -> 0x8593
mem[X,0x000000008002CA4A] -> 0x1995
[6621] [M]: 0x000000008002CA48 (0x19958593) addi a1, a1, 409
x11 <- 0x0019999999999999
mem[X,0x000000008002CA4C] -> 0x9593
mem[X,0x000000008002CA4E] -> 0x00A5
[6622] [M]: 0x000000008002CA4C (0x00A59593) slli a1, a1, 10
x11 <- 0x6666666666666400
mem[X,0x000000008002CA50] -> 0x8593
mem[X,0x000000008002CA52] -> 0x2655
[6623] [M]: 0x000000008002CA50 (0x26558593) addi a1, a1, 613
x11 <- 0x6666666666666665
mem[X,0x000000008002CA54] -> 0x0213
mem[X,0x000000008002CA56] -> 0x0000
[6624] [M]: 0x000000008002CA54 (0x00000213) addi tp, zero, 0
x4 <- 0x0000000000000000
mem[X,0x000000008002CA58] -> 0x006F
mem[X,0x000000008002CA5A] -> 0x0100
[6625] [M]: 0x000000008002CA58 (0x0100006F) jal zero, 16
mem[X,0x000000008002CA68] -> 0x0AE3
mem[X,0x000000008002CA6A] -> 0xFEB5
[6626] [M]: 0x000000008002CA68 (0xFEB50AE3) beq a0, a1, 8180
mem[X,0x000000008002CA6C] -> 0x0213
mem[X,0x000000008002CA6E] -> 0x0022
[6627] [M]: 0x000000008002CA6C (0x00220213) addi tp, tp, 2
x4 <- 0x0000000000000002
mem[X,0x000000008002CA70] -> 0x006F
mem[X,0x000000008002CA72] -> 0x00C0
[6628] [M]: 0x000000008002CA70 (0x00C0006F) jal zero, 12
mem[X,0x000000008002CA7C] -> 0x3023
mem[X,0x000000008002CA7E] -> 0x4E41
[6629] [M]: 0x000000008002CA7C (0x4E413023) sd tp, 1248(sp)
mem[0x0000000080049EA8] <- 0x0000000000000002
mem[X,0x000000008002CA80] -> 0x0513
mem[X,0x000000008002CA82] -> 0x0040
[6630] [M]: 0x000000008002CA80 (0x00400513) addi a0, zero, 4
x10 <- 0x0000000000000004
mem[X,0x000000008002CA84] -> 0x05B7
mem[X,0x000000008002CA86] -> 0x0000
[6631] [M]: 0x000000008002CA84 (0x000005B7) lui a1, 0
x11 <- 0x0000000000000000
mem[X,0x000000008002CA88] -> 0x8593
mem[X,0x000000008002CA8A] -> 0x0005
[6632] [M]: 0x000000008002CA88 (0x00058593) addi a1, a1, 0
x11 <- 0x0000000000000000
mem[X,0x000000008002CA8C] -> 0x9593
mem[X,0x000000008002CA8E] -> 0x00B5
[6633] [M]: 0x000000008002CA8C (0x00B59593) slli a1, a1, 11
x11 <- 0x0000000000000000
mem[X,0x000000008002CA90] -> 0x8593
mem[X,0x000000008002CA92] -> 0x5A85
[6634] [M]: 0x000000008002CA90 (0x5A858593) addi a1, a1, 1448
x11 <- 0x00000000000005A8
mem[X,0x000000008002CA94] -> 0x9593
mem[X,0x000000008002CA96] -> 0x00B5
[6635] [M]: 0x000000008002CA94 (0x00B59593) slli a1, a1, 11
x11 <- 0x00000000002D4000
mem[X,0x000000008002CA98] -> 0x8593
mem[X,0x000000008002CA9A] -> 0x13C5
[6636] [M]: 0x000000008002CA98 (0x13C58593) addi a1, a1, 316
x11 <- 0x00000000002D413C
mem[X,0x000000008002CA9C] -> 0x9593
mem[X,0x000000008002CA9E] -> 0x00A5
[6637] [M]: 0x000000008002CA9C (0x00A59593) slli a1, a1, 10
x11 <- 0x00000000B504F000
mem[X,0x000000008002CAA0] -> 0x8593
mem[X,0x000000008002CAA2] -> 0x3325
[6638] [M]: 0x000000008002CAA0 (0x33258593) addi a1, a1, 818
x11 <- 0x00000000B504F332
mem[X,0x000000008002CAA4] -> 0x0213
mem[X,0x000000008002CAA6] -> 0x0000
[6639] [M]: 0x000000008002CAA4 (0x00000213) addi tp, zero, 0
x4 <- 0x0000000000000000
mem[X,0x000000008002CAA8] -> 0x006F
mem[X,0x000000008002CAAA] -> 0x2B10
[6640] [M]: 0x000000008002CAA8 (0x2B10006F) jal zero, 2736
mem[X,0x000000008002D558] -> 0x0A63
mem[X,0x000000008002D55A] -> 0xD4B5
[6641] [M]: 0x000000008002D558 (0xD4B50A63) beq a0, a1, 5460
mem[X,0x000000008002D55C] -> 0x0213
mem[X,0x000000008002D55E] -> 0x0022
[6642] [M]: 0x000000008002D55C (0x00220213) addi tp, tp, 2
x4 <- 0x0000000000000002
mem[X,0x000000008002D560] -> 0x006F
mem[X,0x000000008002D562] -> 0x00C0
[6643] [M]: 0x000000008002D560 (0x00C0006F) jal zero, 12
mem[X,0x000000008002D56C] -> 0x3423
mem[X,0x000000008002D56E] -> 0x4E41
[6644] [M]: 0x000000008002D56C (0x4E413423) sd tp, 1256(sp)
mem[0x0000000080049EB0] <- 0x0000000000000002
mem[X,0x000000008002D570] -> 0x0513
mem[X,0x000000008002D572] -> 0x0040
[6645] [M]: 0x000000008002D570 (0x00400513) addi a0, zero, 4
x10 <- 0x0000000000000004
mem[X,0x000000008002D574] -> 0x55B7
mem[X,0x000000008002D576] -> 0x5555
[6646] [M]: 0x000000008002D574 (0x555555B7) lui a1, 349525
x11 <- 0x0000000055555000
mem[X,0x000000008002D578] -> 0x8593
mem[X,0x000000008002D57A] -> 0x5555
[6647] [M]: 0x000000008002D578 (0x55558593) addi a1, a1, 1365
x11 <- 0x0000000055555555
mem[X,0x000000008002D57C] -> 0x9593
mem[X,0x000000008002D57E] -> 0x00B5
[6648] [M]: 0x000000008002D57C (0x00B59593) slli a1, a1, 11
x11 <- 0x000002AAAAAAA800
mem[X,0x000000008002D580] -> 0x8593
mem[X,0x000000008002D582] -> 0x2AA5
[6649] [M]: 0x000000008002D580 (0x2AA58593) addi a1, a1, 682
x11 <- 0x000002AAAAAAAAAA
mem[X,0x000000008002D584] -> 0x9593
mem[X,0x000000008002D586] -> 0x00B5
[6650] [M]: 0x000000008002D584 (0x00B59593) slli a1, a1, 11
x11 <- 0x0015555555555000
mem[X,0x000000008002D588] -> 0x8593
mem[X,0x000000008002D58A] -> 0x5555
[6651] [M]: 0x000000008002D588 (0x55558593) addi a1, a1, 1365
x11 <- 0x0015555555555555
mem[X,0x000000008002D58C] -> 0x9593
mem[X,0x000000008002D58E] -> 0x00A5
[6652] [M]: 0x000000008002D58C (0x00A59593) slli a1, a1, 10
x11 <- 0x5555555555555400
mem[X,0x000000008002D590] -> 0x8593
mem[X,0x000000008002D592] -> 0x1565
[6653] [M]: 0x000000008002D590 (0x15658593) addi a1, a1, 342
x11 <- 0x5555555555555556
mem[X,0x000000008002D594] -> 0x0213
mem[X,0x000000008002D596] -> 0x0000
[6654] [M]: 0x000000008002D594 (0x00000213) addi tp, zero, 0
x4 <- 0x0000000000000000
mem[X,0x000000008002D598] -> 0x006F
mem[X,0x000000008002D59A] -> 0x0050
[6655] [M]: 0x000000008002D598 (0x0050006F) jal zero, 2052
mem[X,0x000000008002DD9C] -> 0x00E3
mem[X,0x000000008002DD9E] -> 0x80B5
[6656] [M]: 0x000000008002DD9C (0x80B500E3) beq a0, a1, 6144
mem[X,0x000000008002DDA0] -> 0x0213
mem[X,0x000000008002DDA2] -> 0x0022
[6657] [M]: 0x000000008002DDA0 (0x00220213) addi tp, tp, 2
x4 <- 0x0000000000000002
mem[X,0x000000008002DDA4] -> 0x006F
mem[X,0x000000008002DDA6] -> 0x00C0
[6658] [M]: 0x000000008002DDA4 (0x00C0006F) jal zero, 12
mem[X,0x000000008002DDB0] -> 0x3823
mem[X,0x000000008002DDB2] -> 0x4E41
[6659] [M]: 0x000000008002DDB0 (0x4E413823) sd tp, 1264(sp)
mem[0x0000000080049EB8] <- 0x0000000000000002
mem[X,0x000000008002DDB4] -> 0x0513
mem[X,0x000000008002DDB6] -> 0x0040
[6660] [M]: 0x000000008002DDB4 (0x00400513) addi a0, zero, 4
x10 <- 0x0000000000000004
mem[X,0x000000008002DDB8] -> 0xB5B7
mem[X,0x000000008002DDBA] -> 0xAAAA
[6661] [M]: 0x000000008002DDB8 (0xAAAAB5B7) lui a1, 699051
x11 <- 0xFFFFFFFFAAAAB000
mem[X,0x000000008002DDBC] -> 0x8593
mem[X,0x000000008002DDBE] -> 0xAAA5
[6662] [M]: 0x000000008002DDBC (0xAAA58593) addi a1, a1, 2730
x11 <- 0xFFFFFFFFAAAAAAAA
mem[X,0x000000008002DDC0] -> 0x9593
mem[X,0x000000008002DDC2] -> 0x00B5
[6663] [M]: 0x000000008002DDC0 (0x00B59593) slli a1, a1, 11
x11 <- 0xFFFFFD5555555000
mem[X,0x000000008002DDC4] -> 0x8593
mem[X,0x000000008002DDC6] -> 0x5555
[6664] [M]: 0x000000008002DDC4 (0x55558593) addi a1, a1, 1365
x11 <- 0xFFFFFD5555555555
mem[X,0x000000008002DDC8] -> 0x9593
mem[X,0x000000008002DDCA] -> 0x00B5
[6665] [M]: 0x000000008002DDC8 (0x00B59593) slli a1, a1, 11
x11 <- 0xFFEAAAAAAAAAA800
mem[X,0x000000008002DDCC] -> 0x8593
mem[X,0x000000008002DDCE] -> 0x2AA5
[6666] [M]: 0x000000008002DDCC (0x2AA58593) addi a1, a1, 682
x11 <- 0xFFEAAAAAAAAAAAAA
mem[X,0x000000008002DDD0] -> 0x9593
mem[X,0x000000008002DDD2] -> 0x00A5
[6667] [M]: 0x000000008002DDD0 (0x00A59593) slli a1, a1, 10
x11 <- 0xAAAAAAAAAAAAA800
mem[X,0x000000008002DDD4] -> 0x8593
mem[X,0x000000008002DDD6] -> 0x2AB5
[6668] [M]: 0x000000008002DDD4 (0x2AB58593) addi a1, a1, 683
x11 <- 0xAAAAAAAAAAAAAAAB
mem[X,0x000000008002DDD8] -> 0x0213
mem[X,0x000000008002DDDA] -> 0x0000
[6669] [M]: 0x000000008002DDD8 (0x00000213) addi tp, zero, 0
x4 <- 0x0000000000000000
mem[X,0x000000008002DDDC] -> 0x006F
mem[X,0x000000008002DDDE] -> 0x00C0
[6670] [M]: 0x000000008002DDDC (0x00C0006F) jal zero, 12
mem[X,0x000000008002DDE8] -> 0x0663
mem[X,0x000000008002DDEA] -> 0x00B5
[6671] [M]: 0x000000008002DDE8 (0x00B50663) beq a0, a1, 12
mem[X,0x000000008002DDEC] -> 0x0213
mem[X,0x000000008002DDEE] -> 0x0022
[6672] [M]: 0x000000008002DDEC (0x00220213) addi tp, tp, 2
x4 <- 0x0000000000000002
mem[X,0x000000008002DDF0] -> 0x006F
mem[X,0x000000008002DDF2] -> 0x00C0
[6673] [M]: 0x000000008002DDF0 (0x00C0006F) jal zero, 12
mem[X,0x000000008002DDFC] -> 0x3C23
mem[X,0x000000008002DDFE] -> 0x4E41
[6674] [M]: 0x000000008002DDFC (0x4E413C23) sd tp, 1272(sp)
mem[0x0000000080049EC0] <- 0x0000000000000002
mem[X,0x000000008002DE00] -> 0x0513
mem[X,0x000000008002DE02] -> 0x0040
[6675] [M]: 0x000000008002DE00 (0x00400513) addi a0, zero, 4
x10 <- 0x0000000000000004
mem[X,0x000000008002DE04] -> 0x0593
mem[X,0x000000008002DE06] -> 0x0060
[6676] [M]: 0x000000008002DE04 (0x00600593) addi a1, zero, 6
x11 <- 0x0000000000000006
mem[X,0x000000008002DE08] -> 0x0213
mem[X,0x000000008002DE0A] -> 0x0000
[6677] [M]: 0x000000008002DE08 (0x00000213) addi tp, zero, 0
x4 <- 0x0000000000000000
mem[X,0x000000008002DE0C] -> 0x006F
mem[X,0x000000008002DE0E] -> 0x00C0
[6678] [M]: 0x000000008002DE0C (0x00C0006F) jal zero, 12
mem[X,0x000000008002DE18] -> 0x0CE3
mem[X,0x000000008002DE1A] -> 0xFEB5
[6679] [M]: 0x000000008002DE18 (0xFEB50CE3) beq a0, a1, 8184
mem[X,0x000000008002DE1C] -> 0x0213
mem[X,0x000000008002DE1E] -> 0x0022
[6680] [M]: 0x000000008002DE1C (0x00220213) addi tp, tp, 2
x4 <- 0x0000000000000002
mem[X,0x000000008002DE20] -> 0x006F
mem[X,0x000000008002DE22] -> 0x00C0
[6681] [M]: 0x000000008002DE20 (0x00C0006F) jal zero, 12
mem[X,0x000000008002DE2C] -> 0x3023
mem[X,0x000000008002DE2E] -> 0x5041
[6682] [M]: 0x000000008002DE2C (0x50413023) sd tp, 1280(sp)
mem[0x0000000080049EC8] <- 0x0000000000000002
mem[X,0x000000008002DE30] -> 0x0513
mem[X,0x000000008002DE32] -> 0x0040
[6683] [M]: 0x000000008002DE30 (0x00400513) addi a0, zero, 4
x10 <- 0x0000000000000004
mem[X,0x000000008002DE34] -> 0x35B7
mem[X,0x000000008002DE36] -> 0x3333
[6684] [M]: 0x000000008002DE34 (0x333335B7) lui a1, 209715
x11 <- 0x0000000033333000
mem[X,0x000000008002DE38] -> 0x8593
mem[X,0x000000008002DE3A] -> 0x3335
[6685] [M]: 0x000000008002DE38 (0x33358593) addi a1, a1, 819
x11 <- 0x0000000033333333
mem[X,0x000000008002DE3C] -> 0x9593
mem[X,0x000000008002DE3E] -> 0x00B5
[6686] [M]: 0x000000008002DE3C (0x00B59593) slli a1, a1, 11
x11 <- 0x0000019999999800
mem[X,0x000000008002DE40] -> 0x8593
mem[X,0x000000008002DE42] -> 0x1995
[6687] [M]: 0x000000008002DE40 (0x19958593) addi a1, a1, 409
x11 <- 0x0000019999999999
mem[X,0x000000008002DE44] -> 0x9593
mem[X,0x000000008002DE46] -> 0x00B5
[6688] [M]: 0x000000008002DE44 (0x00B59593) slli a1, a1, 11
x11 <- 0x000CCCCCCCCCC800
mem[X,0x000000008002DE48] -> 0x8593
mem[X,0x000000008002DE4A] -> 0x4CC5
[6689] [M]: 0x000000008002DE48 (0x4CC58593) addi a1, a1, 1228
x11 <- 0x000CCCCCCCCCCCCC
mem[X,0x000000008002DE4C] -> 0x9593
mem[X,0x000000008002DE4E] -> 0x00A5
[6690] [M]: 0x000000008002DE4C (0x00A59593) slli a1, a1, 10
x11 <- 0x3333333333333000
mem[X,0x000000008002DE50] -> 0x8593
mem[X,0x000000008002DE52] -> 0x3345
[6691] [M]: 0x000000008002DE50 (0x33458593) addi a1, a1, 820
x11 <- 0x3333333333333334
mem[X,0x000000008002DE54] -> 0x0213
mem[X,0x000000008002DE56] -> 0x0000
[6692] [M]: 0x000000008002DE54 (0x00000213) addi tp, zero, 0
x4 <- 0x0000000000000000
mem[X,0x000000008002DE58] -> 0x006F
mem[X,0x000000008002DE5A] -> 0x00C0
[6693] [M]: 0x000000008002DE58 (0x00C0006F) jal zero, 12
mem[X,0x000000008002DE64] -> 0x0CE3
mem[X,0x000000008002DE66] -> 0xFEB5
[6694] [M]: 0x000000008002DE64 (0xFEB50CE3) beq a0, a1, 8184
mem[X,0x000000008002DE68] -> 0x0213
mem[X,0x000000008002DE6A] -> 0x0022
[6695] [M]: 0x000000008002DE68 (0x00220213) addi tp, tp, 2
x4 <- 0x0000000000000002
mem[X,0x000000008002DE6C] -> 0x006F
mem[X,0x000000008002DE6E] -> 0x00C0
[6696] [M]: 0x000000008002DE6C (0x00C0006F) jal zero, 12
mem[X,0x000000008002DE78] -> 0x3423
mem[X,0x000000008002DE7A] -> 0x5041
[6697] [M]: 0x000000008002DE78 (0x50413423) sd tp, 1288(sp)
mem[0x0000000080049ED0] <- 0x0000000000000002
mem[X,0x000000008002DE7C] -> 0x0513
mem[X,0x000000008002DE7E] -> 0x0040
[6698] [M]: 0x000000008002DE7C (0x00400513) addi a0, zero, 4
x10 <- 0x0000000000000004
mem[X,0x000000008002DE80] -> 0x65B7
mem[X,0x000000008002DE82] -> 0x6666
[6699] [M]: 0x000000008002DE80 (0x666665B7) lui a1, 419430
x11 <- 0x0000000066666000
clint::tick mtime <- 0x0000000000000043
 clint timer pending at mtime 0x0000000000000043
htif::tick 0x0000000000000000
mem[X,0x000000008002DE84] -> 0x8593
mem[X,0x000000008002DE86] -> 0x6665
[6700] [M]: 0x000000008002DE84 (0x66658593) addi a1, a1, 1638
x11 <- 0x0000000066666666
mem[X,0x000000008002DE88] -> 0x9593
mem[X,0x000000008002DE8A] -> 0x00B5
[6701] [M]: 0x000000008002DE88 (0x00B59593) slli a1, a1, 11
x11 <- 0x0000033333333000
mem[X,0x000000008002DE8C] -> 0x8593
mem[X,0x000000008002DE8E] -> 0x3335
[6702] [M]: 0x000000008002DE8C (0x33358593) addi a1, a1, 819
x11 <- 0x0000033333333333
mem[X,0x000000008002DE90] -> 0x9593
mem[X,0x000000008002DE92] -> 0x00B5
[6703] [M]: 0x000000008002DE90 (0x00B59593) slli a1, a1, 11
x11 <- 0x0019999999999800
mem[X,0x000000008002DE94] -> 0x8593
mem[X,0x000000008002DE96] -> 0x1995
[6704] [M]: 0x000000008002DE94 (0x19958593) addi a1, a1, 409
x11 <- 0x0019999999999999
mem[X,0x000000008002DE98] -> 0x9593
mem[X,0x000000008002DE9A] -> 0x00A5
[6705] [M]: 0x000000008002DE98 (0x00A59593) slli a1, a1, 10
x11 <- 0x6666666666666400
mem[X,0x000000008002DE9C] -> 0x8593
mem[X,0x000000008002DE9E] -> 0x2675
[6706] [M]: 0x000000008002DE9C (0x26758593) addi a1, a1, 615
x11 <- 0x6666666666666667
mem[X,0x000000008002DEA0] -> 0x0213
mem[X,0x000000008002DEA2] -> 0x0000
[6707] [M]: 0x000000008002DEA0 (0x00000213) addi tp, zero, 0
x4 <- 0x0000000000000000
mem[X,0x000000008002DEA4] -> 0x006F
mem[X,0x000000008002DEA6] -> 0x00C0
[6708] [M]: 0x000000008002DEA4 (0x00C0006F) jal zero, 12
mem[X,0x000000008002DEB0] -> 0x0663
mem[X,0x000000008002DEB2] -> 0x00B5
[6709] [M]: 0x000000008002DEB0 (0x00B50663) beq a0, a1, 12
mem[X,0x000000008002DEB4] -> 0x0213
mem[X,0x000000008002DEB6] -> 0x0022
[6710] [M]: 0x000000008002DEB4 (0x00220213) addi tp, tp, 2
x4 <- 0x0000000000000002
mem[X,0x000000008002DEB8] -> 0x006F
mem[X,0x000000008002DEBA] -> 0x00C0
[6711] [M]: 0x000000008002DEB8 (0x00C0006F) jal zero, 12
mem[X,0x000000008002DEC4] -> 0x3823
mem[X,0x000000008002DEC6] -> 0x5041
[6712] [M]: 0x000000008002DEC4 (0x50413823) sd tp, 1296(sp)
mem[0x0000000080049ED8] <- 0x0000000000000002
mem[X,0x000000008002DEC8] -> 0x0513
mem[X,0x000000008002DECA] -> 0x0040
[6713] [M]: 0x000000008002DEC8 (0x00400513) addi a0, zero, 4
x10 <- 0x0000000000000004
mem[X,0x000000008002DECC] -> 0x05B7
mem[X,0x000000008002DECE] -> 0x0000
[6714] [M]: 0x000000008002DECC (0x000005B7) lui a1, 0
x11 <- 0x0000000000000000
mem[X,0x000000008002DED0] -> 0x8593
mem[X,0x000000008002DED2] -> 0xFFF5
[6715] [M]: 0x000000008002DED0 (0xFFF58593) addi a1, a1, 4095
x11 <- 0xFFFFFFFFFFFFFFFF
mem[X,0x000000008002DED4] -> 0x9593
mem[X,0x000000008002DED6] -> 0x00B5
[6716] [M]: 0x000000008002DED4 (0x00B59593) slli a1, a1, 11
x11 <- 0xFFFFFFFFFFFFF800
mem[X,0x000000008002DED8] -> 0x8593
mem[X,0x000000008002DEDA] -> 0x2575
[6717] [M]: 0x000000008002DED8 (0x25758593) addi a1, a1, 599
x11 <- 0xFFFFFFFFFFFFFA57
mem[X,0x000000008002DEDC] -> 0x9593
mem[X,0x000000008002DEDE] -> 0x00B5
[6718] [M]: 0x000000008002DEDC (0x00B59593) slli a1, a1, 11
x11 <- 0xFFFFFFFFFFD2B800
mem[X,0x000000008002DEE0] -> 0x8593
mem[X,0x000000008002DEE2] -> 0x6C35
[6719] [M]: 0x000000008002DEE0 (0x6C358593) addi a1, a1, 1731
x11 <- 0xFFFFFFFFFFD2BEC3
mem[X,0x000000008002DEE4] -> 0x9593
mem[X,0x000000008002DEE6] -> 0x00A5
[6720] [M]: 0x000000008002DEE4 (0x00A59593) slli a1, a1, 10
x11 <- 0xFFFFFFFF4AFB0C00
mem[X,0x000000008002DEE8] -> 0x8593
mem[X,0x000000008002DEEA] -> 0x0CE5
[6721] [M]: 0x000000008002DEE8 (0x0CE58593) addi a1, a1, 206
x11 <- 0xFFFFFFFF4AFB0CCE
mem[X,0x000000008002DEEC] -> 0x0213
mem[X,0x000000008002DEEE] -> 0x0000
[6722] [M]: 0x000000008002DEEC (0x00000213) addi tp, zero, 0
x4 <- 0x0000000000000000
mem[X,0x000000008002DEF0] -> 0x006F
mem[X,0x000000008002DEF2] -> 0x00C0
[6723] [M]: 0x000000008002DEF0 (0x00C0006F) jal zero, 12
mem[X,0x000000008002DEFC] -> 0x0663
mem[X,0x000000008002DEFE] -> 0x00B5
[6724] [M]: 0x000000008002DEFC (0x00B50663) beq a0, a1, 12
mem[X,0x000000008002DF00] -> 0x0213
mem[X,0x000000008002DF02] -> 0x0022
[6725] [M]: 0x000000008002DF00 (0x00220213) addi tp, tp, 2
x4 <- 0x0000000000000002
mem[X,0x000000008002DF04] -> 0x006F
mem[X,0x000000008002DF06] -> 0x00C0
[6726] [M]: 0x000000008002DF04 (0x00C0006F) jal zero, 12
mem[X,0x000000008002DF10] -> 0x3C23
mem[X,0x000000008002DF12] -> 0x5041
[6727] [M]: 0x000000008002DF10 (0x50413C23) sd tp, 1304(sp)
mem[0x0000000080049EE0] <- 0x0000000000000002
mem[X,0x000000008002DF14] -> 0x0513
mem[X,0x000000008002DF16] -> 0x0040
[6728] [M]: 0x000000008002DF14 (0x00400513) addi a0, zero, 4
x10 <- 0x0000000000000004
mem[X,0x000000008002DF18] -> 0x05B7
mem[X,0x000000008002DF1A] -> 0x0000
[6729] [M]: 0x000000008002DF18 (0x000005B7) lui a1, 0
x11 <- 0x0000000000000000
mem[X,0x000000008002DF1C] -> 0x8593
mem[X,0x000000008002DF1E] -> 0x0005
[6730] [M]: 0x000000008002DF1C (0x00058593) addi a1, a1, 0
x11 <- 0x0000000000000000
mem[X,0x000000008002DF20] -> 0x9593
mem[X,0x000000008002DF22] -> 0x00B5
[6731] [M]: 0x000000008002DF20 (0x00B59593) slli a1, a1, 11
x11 <- 0x0000000000000000
mem[X,0x000000008002DF24] -> 0x8593
mem[X,0x000000008002DF26] -> 0x5A85
[6732] [M]: 0x000000008002DF24 (0x5A858593) addi a1, a1, 1448
x11 <- 0x00000000000005A8
mem[X,0x000000008002DF28] -> 0x9593
mem[X,0x000000008002DF2A] -> 0x00B5
[6733] [M]: 0x000000008002DF28 (0x00B59593) slli a1, a1, 11
x11 <- 0x00000000002D4000
mem[X,0x000000008002DF2C] -> 0x8593
mem[X,0x000000008002DF2E] -> 0x13C5
[6734] [M]: 0x000000008002DF2C (0x13C58593) addi a1, a1, 316
x11 <- 0x00000000002D413C
mem[X,0x000000008002DF30] -> 0x9593
mem[X,0x000000008002DF32] -> 0x00A5
[6735] [M]: 0x000000008002DF30 (0x00A59593) slli a1, a1, 10
x11 <- 0x00000000B504F000
mem[X,0x000000008002DF34] -> 0x8593
mem[X,0x000000008002DF36] -> 0x3345
[6736] [M]: 0x000000008002DF34 (0x33458593) addi a1, a1, 820
x11 <- 0x00000000B504F334
mem[X,0x000000008002DF38] -> 0x0213
mem[X,0x000000008002DF3A] -> 0x0000
[6737] [M]: 0x000000008002DF38 (0x00000213) addi tp, zero, 0
x4 <- 0x0000000000000000
mem[X,0x000000008002DF3C] -> 0x006F
mem[X,0x000000008002DF3E] -> 0x00C0
[6738] [M]: 0x000000008002DF3C (0x00C0006F) jal zero, 12
mem[X,0x000000008002DF48] -> 0x0663
mem[X,0x000000008002DF4A] -> 0x00B5
[6739] [M]: 0x000000008002DF48 (0x00B50663) beq a0, a1, 12
mem[X,0x000000008002DF4C] -> 0x0213
mem[X,0x000000008002DF4E] -> 0x0022
[6740] [M]: 0x000000008002DF4C (0x00220213) addi tp, tp, 2
x4 <- 0x0000000000000002
mem[X,0x000000008002DF50] -> 0x006F
mem[X,0x000000008002DF52] -> 0x00C0
[6741] [M]: 0x000000008002DF50 (0x00C0006F) jal zero, 12
mem[X,0x000000008002DF5C] -> 0x3023
mem[X,0x000000008002DF5E] -> 0x5241
[6742] [M]: 0x000000008002DF5C (0x52413023) sd tp, 1312(sp)
mem[0x0000000080049EE8] <- 0x0000000000000002
mem[X,0x000000008002DF60] -> 0x3537
mem[X,0x000000008002DF62] -> 0x3333
[6743] [M]: 0x000000008002DF60 (0x33333537) lui a0, 209715
x10 <- 0x0000000033333000
mem[X,0x000000008002DF64] -> 0x0513
mem[X,0x000000008002DF66] -> 0x3335
[6744] [M]: 0x000000008002DF64 (0x33350513) addi a0, a0, 819
x10 <- 0x0000000033333333
mem[X,0x000000008002DF68] -> 0x1513
mem[X,0x000000008002DF6A] -> 0x00B5
[6745] [M]: 0x000000008002DF68 (0x00B51513) slli a0, a0, 11
x10 <- 0x0000019999999800
mem[X,0x000000008002DF6C] -> 0x0513
mem[X,0x000000008002DF6E] -> 0x1995
[6746] [M]: 0x000000008002DF6C (0x19950513) addi a0, a0, 409
x10 <- 0x0000019999999999
mem[X,0x000000008002DF70] -> 0x1513
mem[X,0x000000008002DF72] -> 0x00B5
[6747] [M]: 0x000000008002DF70 (0x00B51513) slli a0, a0, 11
x10 <- 0x000CCCCCCCCCC800
mem[X,0x000000008002DF74] -> 0x0513
mem[X,0x000000008002DF76] -> 0x4CC5
[6748] [M]: 0x000000008002DF74 (0x4CC50513) addi a0, a0, 1228
x10 <- 0x000CCCCCCCCCCCCC
mem[X,0x000000008002DF78] -> 0x1513
mem[X,0x000000008002DF7A] -> 0x00A5
[6749] [M]: 0x000000008002DF78 (0x00A51513) slli a0, a0, 10
x10 <- 0x3333333333333000
mem[X,0x000000008002DF7C] -> 0x0513
mem[X,0x000000008002DF7E] -> 0x3325
[6750] [M]: 0x000000008002DF7C (0x33250513) addi a0, a0, 818
x10 <- 0x3333333333333332
mem[X,0x000000008002DF80] -> 0x0593
mem[X,0x000000008002DF82] -> 0x0030
[6751] [M]: 0x000000008002DF80 (0x00300593) addi a1, zero, 3
x11 <- 0x0000000000000003
mem[X,0x000000008002DF84] -> 0x0213
mem[X,0x000000008002DF86] -> 0x0000
[6752] [M]: 0x000000008002DF84 (0x00000213) addi tp, zero, 0
x4 <- 0x0000000000000000
mem[X,0x000000008002DF88] -> 0x006F
mem[X,0x000000008002DF8A] -> 0x00C0
[6753] [M]: 0x000000008002DF88 (0x00C0006F) jal zero, 12
mem[X,0x000000008002DF94] -> 0x0663
mem[X,0x000000008002DF96] -> 0x00B5
[6754] [M]: 0x000000008002DF94 (0x00B50663) beq a0, a1, 12
mem[X,0x000000008002DF98] -> 0x0213
mem[X,0x000000008002DF9A] -> 0x0022
[6755] [M]: 0x000000008002DF98 (0x00220213) addi tp, tp, 2
x4 <- 0x0000000000000002
mem[X,0x000000008002DF9C] -> 0x006F
mem[X,0x000000008002DF9E] -> 0x00C0
[6756] [M]: 0x000000008002DF9C (0x00C0006F) jal zero, 12
mem[X,0x000000008002DFA8] -> 0x3423
mem[X,0x000000008002DFAA] -> 0x5241
[6757] [M]: 0x000000008002DFA8 (0x52413423) sd tp, 1320(sp)
mem[0x0000000080049EF0] <- 0x0000000000000002
mem[X,0x000000008002DFAC] -> 0x3537
mem[X,0x000000008002DFAE] -> 0x3333
[6758] [M]: 0x000000008002DFAC (0x33333537) lui a0, 209715
x10 <- 0x0000000033333000
mem[X,0x000000008002DFB0] -> 0x0513
mem[X,0x000000008002DFB2] -> 0x3335
[6759] [M]: 0x000000008002DFB0 (0x33350513) addi a0, a0, 819
x10 <- 0x0000000033333333
mem[X,0x000000008002DFB4] -> 0x1513
mem[X,0x000000008002DFB6] -> 0x00B5
[6760] [M]: 0x000000008002DFB4 (0x00B51513) slli a0, a0, 11
x10 <- 0x0000019999999800
mem[X,0x000000008002DFB8] -> 0x0513
mem[X,0x000000008002DFBA] -> 0x1995
[6761] [M]: 0x000000008002DFB8 (0x19950513) addi a0, a0, 409
x10 <- 0x0000019999999999
mem[X,0x000000008002DFBC] -> 0x1513
mem[X,0x000000008002DFBE] -> 0x00B5
[6762] [M]: 0x000000008002DFBC (0x00B51513) slli a0, a0, 11
x10 <- 0x000CCCCCCCCCC800
mem[X,0x000000008002DFC0] -> 0x0513
mem[X,0x000000008002DFC2] -> 0x4CC5
[6763] [M]: 0x000000008002DFC0 (0x4CC50513) addi a0, a0, 1228
x10 <- 0x000CCCCCCCCCCCCC
mem[X,0x000000008002DFC4] -> 0x1513
mem[X,0x000000008002DFC6] -> 0x00A5
[6764] [M]: 0x000000008002DFC4 (0x00A51513) slli a0, a0, 10
x10 <- 0x3333333333333000
mem[X,0x000000008002DFC8] -> 0x0513
mem[X,0x000000008002DFCA] -> 0x3325
[6765] [M]: 0x000000008002DFC8 (0x33250513) addi a0, a0, 818
x10 <- 0x3333333333333332
mem[X,0x000000008002DFCC] -> 0x55B7
mem[X,0x000000008002DFCE] -> 0x5555
[6766] [M]: 0x000000008002DFCC (0x555555B7) lui a1, 349525
x11 <- 0x0000000055555000
mem[X,0x000000008002DFD0] -> 0x8593
mem[X,0x000000008002DFD2] -> 0x5555
[6767] [M]: 0x000000008002DFD0 (0x55558593) addi a1, a1, 1365
x11 <- 0x0000000055555555
mem[X,0x000000008002DFD4] -> 0x9593
mem[X,0x000000008002DFD6] -> 0x00B5
[6768] [M]: 0x000000008002DFD4 (0x00B59593) slli a1, a1, 11
x11 <- 0x000002AAAAAAA800
mem[X,0x000000008002DFD8] -> 0x8593
mem[X,0x000000008002DFDA] -> 0x2AA5
[6769] [M]: 0x000000008002DFD8 (0x2AA58593) addi a1, a1, 682
x11 <- 0x000002AAAAAAAAAA
mem[X,0x000000008002DFDC] -> 0x9593
mem[X,0x000000008002DFDE] -> 0x00B5
[6770] [M]: 0x000000008002DFDC (0x00B59593) slli a1, a1, 11
x11 <- 0x0015555555555000
mem[X,0x000000008002DFE0] -> 0x8593
mem[X,0x000000008002DFE2] -> 0x5555
[6771] [M]: 0x000000008002DFE0 (0x55558593) addi a1, a1, 1365
x11 <- 0x0015555555555555
mem[X,0x000000008002DFE4] -> 0x9593
mem[X,0x000000008002DFE6] -> 0x00A5
[6772] [M]: 0x000000008002DFE4 (0x00A59593) slli a1, a1, 10
x11 <- 0x5555555555555400
mem[X,0x000000008002DFE8] -> 0x8593
mem[X,0x000000008002DFEA] -> 0x1555
[6773] [M]: 0x000000008002DFE8 (0x15558593) addi a1, a1, 341
x11 <- 0x5555555555555555
mem[X,0x000000008002DFEC] -> 0x0213
mem[X,0x000000008002DFEE] -> 0x0000
[6774] [M]: 0x000000008002DFEC (0x00000213) addi tp, zero, 0
x4 <- 0x0000000000000000
mem[X,0x000000008002DFF0] -> 0x006F
mem[X,0x000000008002DFF2] -> 0x00C0
[6775] [M]: 0x000000008002DFF0 (0x00C0006F) jal zero, 12
mem[X,0x000000008002DFFC] -> 0x0663
mem[X,0x000000008002DFFE] -> 0x00B5
[6776] [M]: 0x000000008002DFFC (0x00B50663) beq a0, a1, 12
mem[X,0x000000008002E000] -> 0x0213
mem[X,0x000000008002E002] -> 0x0022
[6777] [M]: 0x000000008002E000 (0x00220213) addi tp, tp, 2
x4 <- 0x0000000000000002
mem[X,0x000000008002E004] -> 0x006F
mem[X,0x000000008002E006] -> 0x00C0
[6778] [M]: 0x000000008002E004 (0x00C0006F) jal zero, 12
mem[X,0x000000008002E010] -> 0x3823
mem[X,0x000000008002E012] -> 0x5241
[6779] [M]: 0x000000008002E010 (0x52413823) sd tp, 1328(sp)
mem[0x0000000080049EF8] <- 0x0000000000000002
mem[X,0x000000008002E014] -> 0x3537
mem[X,0x000000008002E016] -> 0x3333
[6780] [M]: 0x000000008002E014 (0x33333537) lui a0, 209715
x10 <- 0x0000000033333000
mem[X,0x000000008002E018] -> 0x0513
mem[X,0x000000008002E01A] -> 0x3335
[6781] [M]: 0x000000008002E018 (0x33350513) addi a0, a0, 819
x10 <- 0x0000000033333333
mem[X,0x000000008002E01C] -> 0x1513
mem[X,0x000000008002E01E] -> 0x00B5
[6782] [M]: 0x000000008002E01C (0x00B51513) slli a0, a0, 11
x10 <- 0x0000019999999800
mem[X,0x000000008002E020] -> 0x0513
mem[X,0x000000008002E022] -> 0x1995
[6783] [M]: 0x000000008002E020 (0x19950513) addi a0, a0, 409
x10 <- 0x0000019999999999
mem[X,0x000000008002E024] -> 0x1513
mem[X,0x000000008002E026] -> 0x00B5
[6784] [M]: 0x000000008002E024 (0x00B51513) slli a0, a0, 11
x10 <- 0x000CCCCCCCCCC800
mem[X,0x000000008002E028] -> 0x0513
mem[X,0x000000008002E02A] -> 0x4CC5
[6785] [M]: 0x000000008002E028 (0x4CC50513) addi a0, a0, 1228
x10 <- 0x000CCCCCCCCCCCCC
mem[X,0x000000008002E02C] -> 0x1513
mem[X,0x000000008002E02E] -> 0x00A5
[6786] [M]: 0x000000008002E02C (0x00A51513) slli a0, a0, 10
x10 <- 0x3333333333333000
mem[X,0x000000008002E030] -> 0x0513
mem[X,0x000000008002E032] -> 0x3325
[6787] [M]: 0x000000008002E030 (0x33250513) addi a0, a0, 818
x10 <- 0x3333333333333332
mem[X,0x000000008002E034] -> 0xB5B7
mem[X,0x000000008002E036] -> 0xAAAA
[6788] [M]: 0x000000008002E034 (0xAAAAB5B7) lui a1, 699051
x11 <- 0xFFFFFFFFAAAAB000
mem[X,0x000000008002E038] -> 0x8593
mem[X,0x000000008002E03A] -> 0xAAA5
[6789] [M]: 0x000000008002E038 (0xAAA58593) addi a1, a1, 2730
x11 <- 0xFFFFFFFFAAAAAAAA
mem[X,0x000000008002E03C] -> 0x9593
mem[X,0x000000008002E03E] -> 0x00B5
[6790] [M]: 0x000000008002E03C (0x00B59593) slli a1, a1, 11
x11 <- 0xFFFFFD5555555000
mem[X,0x000000008002E040] -> 0x8593
mem[X,0x000000008002E042] -> 0x5555
[6791] [M]: 0x000000008002E040 (0x55558593) addi a1, a1, 1365
x11 <- 0xFFFFFD5555555555
mem[X,0x000000008002E044] -> 0x9593
mem[X,0x000000008002E046] -> 0x00B5
[6792] [M]: 0x000000008002E044 (0x00B59593) slli a1, a1, 11
x11 <- 0xFFEAAAAAAAAAA800
mem[X,0x000000008002E048] -> 0x8593
mem[X,0x000000008002E04A] -> 0x2AA5
[6793] [M]: 0x000000008002E048 (0x2AA58593) addi a1, a1, 682
x11 <- 0xFFEAAAAAAAAAAAAA
mem[X,0x000000008002E04C] -> 0x9593
mem[X,0x000000008002E04E] -> 0x00A5
[6794] [M]: 0x000000008002E04C (0x00A59593) slli a1, a1, 10
x11 <- 0xAAAAAAAAAAAAA800
mem[X,0x000000008002E050] -> 0x8593
mem[X,0x000000008002E052] -> 0x2AA5
[6795] [M]: 0x000000008002E050 (0x2AA58593) addi a1, a1, 682
x11 <- 0xAAAAAAAAAAAAAAAA
mem[X,0x000000008002E054] -> 0x0213
mem[X,0x000000008002E056] -> 0x0000
[6796] [M]: 0x000000008002E054 (0x00000213) addi tp, zero, 0
x4 <- 0x0000000000000000
mem[X,0x000000008002E058] -> 0x006F
mem[X,0x000000008002E05A] -> 0x00C0
[6797] [M]: 0x000000008002E058 (0x00C0006F) jal zero, 12
mem[X,0x000000008002E064] -> 0x0663
mem[X,0x000000008002E066] -> 0x00B5
[6798] [M]: 0x000000008002E064 (0x00B50663) beq a0, a1, 12
mem[X,0x000000008002E068] -> 0x0213
mem[X,0x000000008002E06A] -> 0x0022
[6799] [M]: 0x000000008002E068 (0x00220213) addi tp, tp, 2
x4 <- 0x0000000000000002
clint::tick mtime <- 0x0000000000000044
 clint timer pending at mtime 0x0000000000000044
htif::tick 0x0000000000000000
mem[X,0x000000008002E06C] -> 0x006F
mem[X,0x000000008002E06E] -> 0x00C0
[6800] [M]: 0x000000008002E06C (0x00C0006F) jal zero, 12
mem[X,0x000000008002E078] -> 0x3C23
mem[X,0x000000008002E07A] -> 0x5241
[6801] [M]: 0x000000008002E078 (0x52413C23) sd tp, 1336(sp)
mem[0x0000000080049F00] <- 0x0000000000000002
mem[X,0x000000008002E07C] -> 0x3537
mem[X,0x000000008002E07E] -> 0x3333
[6802] [M]: 0x000000008002E07C (0x33333537) lui a0, 209715
x10 <- 0x0000000033333000
mem[X,0x000000008002E080] -> 0x0513
mem[X,0x000000008002E082] -> 0x3335
[6803] [M]: 0x000000008002E080 (0x33350513) addi a0, a0, 819
x10 <- 0x0000000033333333
mem[X,0x000000008002E084] -> 0x1513
mem[X,0x000000008002E086] -> 0x00B5
[6804] [M]: 0x000000008002E084 (0x00B51513) slli a0, a0, 11
x10 <- 0x0000019999999800
mem[X,0x000000008002E088] -> 0x0513
mem[X,0x000000008002E08A] -> 0x1995
[6805] [M]: 0x000000008002E088 (0x19950513) addi a0, a0, 409
x10 <- 0x0000019999999999
mem[X,0x000000008002E08C] -> 0x1513
mem[X,0x000000008002E08E] -> 0x00B5
[6806] [M]: 0x000000008002E08C (0x00B51513) slli a0, a0, 11
x10 <- 0x000CCCCCCCCCC800
mem[X,0x000000008002E090] -> 0x0513
mem[X,0x000000008002E092] -> 0x4CC5
[6807] [M]: 0x000000008002E090 (0x4CC50513) addi a0, a0, 1228
x10 <- 0x000CCCCCCCCCCCCC
mem[X,0x000000008002E094] -> 0x1513
mem[X,0x000000008002E096] -> 0x00A5
[6808] [M]: 0x000000008002E094 (0x00A51513) slli a0, a0, 10
x10 <- 0x3333333333333000
mem[X,0x000000008002E098] -> 0x0513
mem[X,0x000000008002E09A] -> 0x3325
[6809] [M]: 0x000000008002E098 (0x33250513) addi a0, a0, 818
x10 <- 0x3333333333333332
mem[X,0x000000008002E09C] -> 0x0593
mem[X,0x000000008002E09E] -> 0x0050
[6810] [M]: 0x000000008002E09C (0x00500593) addi a1, zero, 5
x11 <- 0x0000000000000005
mem[X,0x000000008002E0A0] -> 0x0213
mem[X,0x000000008002E0A2] -> 0x0000
[6811] [M]: 0x000000008002E0A0 (0x00000213) addi tp, zero, 0
x4 <- 0x0000000000000000
mem[X,0x000000008002E0A4] -> 0x006F
mem[X,0x000000008002E0A6] -> 0x00C0
[6812] [M]: 0x000000008002E0A4 (0x00C0006F) jal zero, 12
mem[X,0x000000008002E0B0] -> 0x0063
mem[X,0x000000008002E0B2] -> 0x08B5
[6813] [M]: 0x000000008002E0B0 (0x08B50063) beq a0, a1, 128
mem[X,0x000000008002E0B4] -> 0x0213
mem[X,0x000000008002E0B6] -> 0x0022
[6814] [M]: 0x000000008002E0B4 (0x00220213) addi tp, tp, 2
x4 <- 0x0000000000000002
mem[X,0x000000008002E0B8] -> 0x006F
mem[X,0x000000008002E0BA] -> 0x0800
[6815] [M]: 0x000000008002E0B8 (0x0800006F) jal zero, 128
mem[X,0x000000008002E138] -> 0x3023
mem[X,0x000000008002E13A] -> 0x5441
[6816] [M]: 0x000000008002E138 (0x54413023) sd tp, 1344(sp)
mem[0x0000000080049F08] <- 0x0000000000000002
mem[X,0x000000008002E13C] -> 0x3537
mem[X,0x000000008002E13E] -> 0x3333
[6817] [M]: 0x000000008002E13C (0x33333537) lui a0, 209715
x10 <- 0x0000000033333000
mem[X,0x000000008002E140] -> 0x0513
mem[X,0x000000008002E142] -> 0x3335
[6818] [M]: 0x000000008002E140 (0x33350513) addi a0, a0, 819
x10 <- 0x0000000033333333
mem[X,0x000000008002E144] -> 0x1513
mem[X,0x000000008002E146] -> 0x00B5
[6819] [M]: 0x000000008002E144 (0x00B51513) slli a0, a0, 11
x10 <- 0x0000019999999800
mem[X,0x000000008002E148] -> 0x0513
mem[X,0x000000008002E14A] -> 0x1995
[6820] [M]: 0x000000008002E148 (0x19950513) addi a0, a0, 409
x10 <- 0x0000019999999999
mem[X,0x000000008002E14C] -> 0x1513
mem[X,0x000000008002E14E] -> 0x00B5
[6821] [M]: 0x000000008002E14C (0x00B51513) slli a0, a0, 11
x10 <- 0x000CCCCCCCCCC800
mem[X,0x000000008002E150] -> 0x0513
mem[X,0x000000008002E152] -> 0x4CC5
[6822] [M]: 0x000000008002E150 (0x4CC50513) addi a0, a0, 1228
x10 <- 0x000CCCCCCCCCCCCC
mem[X,0x000000008002E154] -> 0x1513
mem[X,0x000000008002E156] -> 0x00A5
[6823] [M]: 0x000000008002E154 (0x00A51513) slli a0, a0, 10
x10 <- 0x3333333333333000
mem[X,0x000000008002E158] -> 0x0513
mem[X,0x000000008002E15A] -> 0x3325
[6824] [M]: 0x000000008002E158 (0x33250513) addi a0, a0, 818
x10 <- 0x3333333333333332
mem[X,0x000000008002E15C] -> 0x35B7
mem[X,0x000000008002E15E] -> 0x3333
[6825] [M]: 0x000000008002E15C (0x333335B7) lui a1, 209715
x11 <- 0x0000000033333000
mem[X,0x000000008002E160] -> 0x8593
mem[X,0x000000008002E162] -> 0x3335
[6826] [M]: 0x000000008002E160 (0x33358593) addi a1, a1, 819
x11 <- 0x0000000033333333
mem[X,0x000000008002E164] -> 0x9593
mem[X,0x000000008002E166] -> 0x00B5
[6827] [M]: 0x000000008002E164 (0x00B59593) slli a1, a1, 11
x11 <- 0x0000019999999800
mem[X,0x000000008002E168] -> 0x8593
mem[X,0x000000008002E16A] -> 0x1995
[6828] [M]: 0x000000008002E168 (0x19958593) addi a1, a1, 409
x11 <- 0x0000019999999999
mem[X,0x000000008002E16C] -> 0x9593
mem[X,0x000000008002E16E] -> 0x00B5
[6829] [M]: 0x000000008002E16C (0x00B59593) slli a1, a1, 11
x11 <- 0x000CCCCCCCCCC800
mem[X,0x000000008002E170] -> 0x8593
mem[X,0x000000008002E172] -> 0x4CC5
[6830] [M]: 0x000000008002E170 (0x4CC58593) addi a1, a1, 1228
x11 <- 0x000CCCCCCCCCCCCC
mem[X,0x000000008002E174] -> 0x9593
mem[X,0x000000008002E176] -> 0x00A5
[6831] [M]: 0x000000008002E174 (0x00A59593) slli a1, a1, 10
x11 <- 0x3333333333333000
mem[X,0x000000008002E178] -> 0x8593
mem[X,0x000000008002E17A] -> 0x3335
[6832] [M]: 0x000000008002E178 (0x33358593) addi a1, a1, 819
x11 <- 0x3333333333333333
mem[X,0x000000008002E17C] -> 0x0213
mem[X,0x000000008002E17E] -> 0x0000
[6833] [M]: 0x000000008002E17C (0x00000213) addi tp, zero, 0
x4 <- 0x0000000000000000
mem[X,0x000000008002E180] -> 0x006F
mem[X,0x000000008002E182] -> 0x00C0
[6834] [M]: 0x000000008002E180 (0x00C0006F) jal zero, 12
mem[X,0x000000008002E18C] -> 0x0063
mem[X,0x000000008002E18E] -> 0x02B5
[6835] [M]: 0x000000008002E18C (0x02B50063) beq a0, a1, 32
mem[X,0x000000008002E190] -> 0x0213
mem[X,0x000000008002E192] -> 0x0022
[6836] [M]: 0x000000008002E190 (0x00220213) addi tp, tp, 2
x4 <- 0x0000000000000002
mem[X,0x000000008002E194] -> 0x006F
mem[X,0x000000008002E196] -> 0x0200
[6837] [M]: 0x000000008002E194 (0x0200006F) jal zero, 32
mem[X,0x000000008002E1B4] -> 0x3423
mem[X,0x000000008002E1B6] -> 0x5441
[6838] [M]: 0x000000008002E1B4 (0x54413423) sd tp, 1352(sp)
mem[0x0000000080049F10] <- 0x0000000000000002
mem[X,0x000000008002E1B8] -> 0x3537
mem[X,0x000000008002E1BA] -> 0x3333
[6839] [M]: 0x000000008002E1B8 (0x33333537) lui a0, 209715
x10 <- 0x0000000033333000
mem[X,0x000000008002E1BC] -> 0x0513
mem[X,0x000000008002E1BE] -> 0x3335
[6840] [M]: 0x000000008002E1BC (0x33350513) addi a0, a0, 819
x10 <- 0x0000000033333333
mem[X,0x000000008002E1C0] -> 0x1513
mem[X,0x000000008002E1C2] -> 0x00B5
[6841] [M]: 0x000000008002E1C0 (0x00B51513) slli a0, a0, 11
x10 <- 0x0000019999999800
mem[X,0x000000008002E1C4] -> 0x0513
mem[X,0x000000008002E1C6] -> 0x1995
[6842] [M]: 0x000000008002E1C4 (0x19950513) addi a0, a0, 409
x10 <- 0x0000019999999999
mem[X,0x000000008002E1C8] -> 0x1513
mem[X,0x000000008002E1CA] -> 0x00B5
[6843] [M]: 0x000000008002E1C8 (0x00B51513) slli a0, a0, 11
x10 <- 0x000CCCCCCCCCC800
mem[X,0x000000008002E1CC] -> 0x0513
mem[X,0x000000008002E1CE] -> 0x4CC5
[6844] [M]: 0x000000008002E1CC (0x4CC50513) addi a0, a0, 1228
x10 <- 0x000CCCCCCCCCCCCC
mem[X,0x000000008002E1D0] -> 0x1513
mem[X,0x000000008002E1D2] -> 0x00A5
[6845] [M]: 0x000000008002E1D0 (0x00A51513) slli a0, a0, 10
x10 <- 0x3333333333333000
mem[X,0x000000008002E1D4] -> 0x0513
mem[X,0x000000008002E1D6] -> 0x3325
[6846] [M]: 0x000000008002E1D4 (0x33250513) addi a0, a0, 818
x10 <- 0x3333333333333332
mem[X,0x000000008002E1D8] -> 0x65B7
mem[X,0x000000008002E1DA] -> 0x6666
[6847] [M]: 0x000000008002E1D8 (0x666665B7) lui a1, 419430
x11 <- 0x0000000066666000
mem[X,0x000000008002E1DC] -> 0x8593
mem[X,0x000000008002E1DE] -> 0x6665
[6848] [M]: 0x000000008002E1DC (0x66658593) addi a1, a1, 1638
x11 <- 0x0000000066666666
mem[X,0x000000008002E1E0] -> 0x9593
mem[X,0x000000008002E1E2] -> 0x00B5
[6849] [M]: 0x000000008002E1E0 (0x00B59593) slli a1, a1, 11
x11 <- 0x0000033333333000
mem[X,0x000000008002E1E4] -> 0x8593
mem[X,0x000000008002E1E6] -> 0x3335
[6850] [M]: 0x000000008002E1E4 (0x33358593) addi a1, a1, 819
x11 <- 0x0000033333333333
mem[X,0x000000008002E1E8] -> 0x9593
mem[X,0x000000008002E1EA] -> 0x00B5
[6851] [M]: 0x000000008002E1E8 (0x00B59593) slli a1, a1, 11
x11 <- 0x0019999999999800
mem[X,0x000000008002E1EC] -> 0x8593
mem[X,0x000000008002E1EE] -> 0x1995
[6852] [M]: 0x000000008002E1EC (0x19958593) addi a1, a1, 409
x11 <- 0x0019999999999999
mem[X,0x000000008002E1F0] -> 0x9593
mem[X,0x000000008002E1F2] -> 0x00A5
[6853] [M]: 0x000000008002E1F0 (0x00A59593) slli a1, a1, 10
x11 <- 0x6666666666666400
mem[X,0x000000008002E1F4] -> 0x8593
mem[X,0x000000008002E1F6] -> 0x2665
[6854] [M]: 0x000000008002E1F4 (0x26658593) addi a1, a1, 614
x11 <- 0x6666666666666666
mem[X,0x000000008002E1F8] -> 0x0213
mem[X,0x000000008002E1FA] -> 0x0000
[6855] [M]: 0x000000008002E1F8 (0x00000213) addi tp, zero, 0
x4 <- 0x0000000000000000
mem[X,0x000000008002E1FC] -> 0x006F
mem[X,0x000000008002E1FE] -> 0x00C0
[6856] [M]: 0x000000008002E1FC (0x00C0006F) jal zero, 12
mem[X,0x000000008002E208] -> 0x0063
mem[X,0x000000008002E20A] -> 0x40B5
[6857] [M]: 0x000000008002E208 (0x40B50063) beq a0, a1, 1024
mem[X,0x000000008002E20C] -> 0x0213
mem[X,0x000000008002E20E] -> 0x0022
[6858] [M]: 0x000000008002E20C (0x00220213) addi tp, tp, 2
x4 <- 0x0000000000000002
mem[X,0x000000008002E210] -> 0x006F
mem[X,0x000000008002E212] -> 0x4000
[6859] [M]: 0x000000008002E210 (0x4000006F) jal zero, 1024
mem[X,0x000000008002E610] -> 0x3823
mem[X,0x000000008002E612] -> 0x5441
[6860] [M]: 0x000000008002E610 (0x54413823) sd tp, 1360(sp)
mem[0x0000000080049F18] <- 0x0000000000000002
mem[X,0x000000008002E614] -> 0x3537
mem[X,0x000000008002E616] -> 0x3333
[6861] [M]: 0x000000008002E614 (0x33333537) lui a0, 209715
x10 <- 0x0000000033333000
mem[X,0x000000008002E618] -> 0x0513
mem[X,0x000000008002E61A] -> 0x3335
[6862] [M]: 0x000000008002E618 (0x33350513) addi a0, a0, 819
x10 <- 0x0000000033333333
mem[X,0x000000008002E61C] -> 0x1513
mem[X,0x000000008002E61E] -> 0x00B5
[6863] [M]: 0x000000008002E61C (0x00B51513) slli a0, a0, 11
x10 <- 0x0000019999999800
mem[X,0x000000008002E620] -> 0x0513
mem[X,0x000000008002E622] -> 0x1995
[6864] [M]: 0x000000008002E620 (0x19950513) addi a0, a0, 409
x10 <- 0x0000019999999999
mem[X,0x000000008002E624] -> 0x1513
mem[X,0x000000008002E626] -> 0x00B5
[6865] [M]: 0x000000008002E624 (0x00B51513) slli a0, a0, 11
x10 <- 0x000CCCCCCCCCC800
mem[X,0x000000008002E628] -> 0x0513
mem[X,0x000000008002E62A] -> 0x4CC5
[6866] [M]: 0x000000008002E628 (0x4CC50513) addi a0, a0, 1228
x10 <- 0x000CCCCCCCCCCCCC
mem[X,0x000000008002E62C] -> 0x1513
mem[X,0x000000008002E62E] -> 0x00A5
[6867] [M]: 0x000000008002E62C (0x00A51513) slli a0, a0, 10
x10 <- 0x3333333333333000
mem[X,0x000000008002E630] -> 0x0513
mem[X,0x000000008002E632] -> 0x3325
[6868] [M]: 0x000000008002E630 (0x33250513) addi a0, a0, 818
x10 <- 0x3333333333333332
mem[X,0x000000008002E634] -> 0x05B7
mem[X,0x000000008002E636] -> 0x0000
[6869] [M]: 0x000000008002E634 (0x000005B7) lui a1, 0
x11 <- 0x0000000000000000
mem[X,0x000000008002E638] -> 0x8593
mem[X,0x000000008002E63A] -> 0xFFF5
[6870] [M]: 0x000000008002E638 (0xFFF58593) addi a1, a1, 4095
x11 <- 0xFFFFFFFFFFFFFFFF
mem[X,0x000000008002E63C] -> 0x9593
mem[X,0x000000008002E63E] -> 0x00B5
[6871] [M]: 0x000000008002E63C (0x00B59593) slli a1, a1, 11
x11 <- 0xFFFFFFFFFFFFF800
mem[X,0x000000008002E640] -> 0x8593
mem[X,0x000000008002E642] -> 0x2575
[6872] [M]: 0x000000008002E640 (0x25758593) addi a1, a1, 599
x11 <- 0xFFFFFFFFFFFFFA57
mem[X,0x000000008002E644] -> 0x9593
mem[X,0x000000008002E646] -> 0x00B5
[6873] [M]: 0x000000008002E644 (0x00B59593) slli a1, a1, 11
x11 <- 0xFFFFFFFFFFD2B800
mem[X,0x000000008002E648] -> 0x8593
mem[X,0x000000008002E64A] -> 0x6C35
[6874] [M]: 0x000000008002E648 (0x6C358593) addi a1, a1, 1731
x11 <- 0xFFFFFFFFFFD2BEC3
mem[X,0x000000008002E64C] -> 0x9593
mem[X,0x000000008002E64E] -> 0x00A5
[6875] [M]: 0x000000008002E64C (0x00A59593) slli a1, a1, 10
x11 <- 0xFFFFFFFF4AFB0C00
mem[X,0x000000008002E650] -> 0x8593
mem[X,0x000000008002E652] -> 0x0CD5
[6876] [M]: 0x000000008002E650 (0x0CD58593) addi a1, a1, 205
x11 <- 0xFFFFFFFF4AFB0CCD
mem[X,0x000000008002E654] -> 0x0213
mem[X,0x000000008002E656] -> 0x0000
[6877] [M]: 0x000000008002E654 (0x00000213) addi tp, zero, 0
x4 <- 0x0000000000000000
mem[X,0x000000008002E658] -> 0x006F
mem[X,0x000000008002E65A] -> 0x00C0
[6878] [M]: 0x000000008002E658 (0x00C0006F) jal zero, 12
mem[X,0x000000008002E664] -> 0x0863
mem[X,0x000000008002E666] -> 0x00B5
[6879] [M]: 0x000000008002E664 (0x00B50863) beq a0, a1, 16
mem[X,0x000000008002E668] -> 0x0213
mem[X,0x000000008002E66A] -> 0x0022
[6880] [M]: 0x000000008002E668 (0x00220213) addi tp, tp, 2
x4 <- 0x0000000000000002
mem[X,0x000000008002E66C] -> 0x006F
mem[X,0x000000008002E66E] -> 0x0100
[6881] [M]: 0x000000008002E66C (0x0100006F) jal zero, 16
mem[X,0x000000008002E67C] -> 0x3C23
mem[X,0x000000008002E67E] -> 0x5441
[6882] [M]: 0x000000008002E67C (0x54413C23) sd tp, 1368(sp)
mem[0x0000000080049F20] <- 0x0000000000000002
mem[X,0x000000008002E680] -> 0x3537
mem[X,0x000000008002E682] -> 0x3333
[6883] [M]: 0x000000008002E680 (0x33333537) lui a0, 209715
x10 <- 0x0000000033333000
mem[X,0x000000008002E684] -> 0x0513
mem[X,0x000000008002E686] -> 0x3335
[6884] [M]: 0x000000008002E684 (0x33350513) addi a0, a0, 819
x10 <- 0x0000000033333333
mem[X,0x000000008002E688] -> 0x1513
mem[X,0x000000008002E68A] -> 0x00B5
[6885] [M]: 0x000000008002E688 (0x00B51513) slli a0, a0, 11
x10 <- 0x0000019999999800
mem[X,0x000000008002E68C] -> 0x0513
mem[X,0x000000008002E68E] -> 0x1995
[6886] [M]: 0x000000008002E68C (0x19950513) addi a0, a0, 409
x10 <- 0x0000019999999999
mem[X,0x000000008002E690] -> 0x1513
mem[X,0x000000008002E692] -> 0x00B5
[6887] [M]: 0x000000008002E690 (0x00B51513) slli a0, a0, 11
x10 <- 0x000CCCCCCCCCC800
mem[X,0x000000008002E694] -> 0x0513
mem[X,0x000000008002E696] -> 0x4CC5
[6888] [M]: 0x000000008002E694 (0x4CC50513) addi a0, a0, 1228
x10 <- 0x000CCCCCCCCCCCCC
mem[X,0x000000008002E698] -> 0x1513
mem[X,0x000000008002E69A] -> 0x00A5
[6889] [M]: 0x000000008002E698 (0x00A51513) slli a0, a0, 10
x10 <- 0x3333333333333000
mem[X,0x000000008002E69C] -> 0x0513
mem[X,0x000000008002E69E] -> 0x3325
[6890] [M]: 0x000000008002E69C (0x33250513) addi a0, a0, 818
x10 <- 0x3333333333333332
mem[X,0x000000008002E6A0] -> 0x05B7
mem[X,0x000000008002E6A2] -> 0x0000
[6891] [M]: 0x000000008002E6A0 (0x000005B7) lui a1, 0
x11 <- 0x0000000000000000
mem[X,0x000000008002E6A4] -> 0x8593
mem[X,0x000000008002E6A6] -> 0x0005
[6892] [M]: 0x000000008002E6A4 (0x00058593) addi a1, a1, 0
x11 <- 0x0000000000000000
mem[X,0x000000008002E6A8] -> 0x9593
mem[X,0x000000008002E6AA] -> 0x00B5
[6893] [M]: 0x000000008002E6A8 (0x00B59593) slli a1, a1, 11
x11 <- 0x0000000000000000
mem[X,0x000000008002E6AC] -> 0x8593
mem[X,0x000000008002E6AE] -> 0x5A85
[6894] [M]: 0x000000008002E6AC (0x5A858593) addi a1, a1, 1448
x11 <- 0x00000000000005A8
mem[X,0x000000008002E6B0] -> 0x9593
mem[X,0x000000008002E6B2] -> 0x00B5
[6895] [M]: 0x000000008002E6B0 (0x00B59593) slli a1, a1, 11
x11 <- 0x00000000002D4000
mem[X,0x000000008002E6B4] -> 0x8593
mem[X,0x000000008002E6B6] -> 0x13C5
[6896] [M]: 0x000000008002E6B4 (0x13C58593) addi a1, a1, 316
x11 <- 0x00000000002D413C
mem[X,0x000000008002E6B8] -> 0x9593
mem[X,0x000000008002E6BA] -> 0x00A5
[6897] [M]: 0x000000008002E6B8 (0x00A59593) slli a1, a1, 10
x11 <- 0x00000000B504F000
mem[X,0x000000008002E6BC] -> 0x8593
mem[X,0x000000008002E6BE] -> 0x3335
[6898] [M]: 0x000000008002E6BC (0x33358593) addi a1, a1, 819
x11 <- 0x00000000B504F333
mem[X,0x000000008002E6C0] -> 0x0213
mem[X,0x000000008002E6C2] -> 0x0000
[6899] [M]: 0x000000008002E6C0 (0x00000213) addi tp, zero, 0
x4 <- 0x0000000000000000
clint::tick mtime <- 0x0000000000000045
 clint timer pending at mtime 0x0000000000000045
htif::tick 0x0000000000000000
mem[X,0x000000008002E6C4] -> 0x006F
mem[X,0x000000008002E6C6] -> 0x00C0
[6900] [M]: 0x000000008002E6C4 (0x00C0006F) jal zero, 12
mem[X,0x000000008002E6D0] -> 0x0063
mem[X,0x000000008002E6D2] -> 0x02B5
[6901] [M]: 0x000000008002E6D0 (0x02B50063) beq a0, a1, 32
mem[X,0x000000008002E6D4] -> 0x0213
mem[X,0x000000008002E6D6] -> 0x0022
[6902] [M]: 0x000000008002E6D4 (0x00220213) addi tp, tp, 2
x4 <- 0x0000000000000002
mem[X,0x000000008002E6D8] -> 0x006F
mem[X,0x000000008002E6DA] -> 0x0200
[6903] [M]: 0x000000008002E6D8 (0x0200006F) jal zero, 32
mem[X,0x000000008002E6F8] -> 0x3023
mem[X,0x000000008002E6FA] -> 0x5641
[6904] [M]: 0x000000008002E6F8 (0x56413023) sd tp, 1376(sp)
mem[0x0000000080049F28] <- 0x0000000000000002
mem[X,0x000000008002E6FC] -> 0x3537
mem[X,0x000000008002E6FE] -> 0x3333
[6905] [M]: 0x000000008002E6FC (0x33333537) lui a0, 209715
x10 <- 0x0000000033333000
mem[X,0x000000008002E700] -> 0x0513
mem[X,0x000000008002E702] -> 0x3335
[6906] [M]: 0x000000008002E700 (0x33350513) addi a0, a0, 819
x10 <- 0x0000000033333333
mem[X,0x000000008002E704] -> 0x1513
mem[X,0x000000008002E706] -> 0x00B5
[6907] [M]: 0x000000008002E704 (0x00B51513) slli a0, a0, 11
x10 <- 0x0000019999999800
mem[X,0x000000008002E708] -> 0x0513
mem[X,0x000000008002E70A] -> 0x1995
[6908] [M]: 0x000000008002E708 (0x19950513) addi a0, a0, 409
x10 <- 0x0000019999999999
mem[X,0x000000008002E70C] -> 0x1513
mem[X,0x000000008002E70E] -> 0x00B5
[6909] [M]: 0x000000008002E70C (0x00B51513) slli a0, a0, 11
x10 <- 0x000CCCCCCCCCC800
mem[X,0x000000008002E710] -> 0x0513
mem[X,0x000000008002E712] -> 0x4CC5
[6910] [M]: 0x000000008002E710 (0x4CC50513) addi a0, a0, 1228
x10 <- 0x000CCCCCCCCCCCCC
mem[X,0x000000008002E714] -> 0x1513
mem[X,0x000000008002E716] -> 0x00A5
[6911] [M]: 0x000000008002E714 (0x00A51513) slli a0, a0, 10
x10 <- 0x3333333333333000
mem[X,0x000000008002E718] -> 0x0513
mem[X,0x000000008002E71A] -> 0x3325
[6912] [M]: 0x000000008002E718 (0x33250513) addi a0, a0, 818
x10 <- 0x3333333333333332
mem[X,0x000000008002E71C] -> 0x0593
mem[X,0x000000008002E71E] -> 0x0020
[6913] [M]: 0x000000008002E71C (0x00200593) addi a1, zero, 2
x11 <- 0x0000000000000002
mem[X,0x000000008002E720] -> 0x0213
mem[X,0x000000008002E722] -> 0x0000
[6914] [M]: 0x000000008002E720 (0x00000213) addi tp, zero, 0
x4 <- 0x0000000000000000
mem[X,0x000000008002E724] -> 0x006F
mem[X,0x000000008002E726] -> 0x0050
[6915] [M]: 0x000000008002E724 (0x0050006F) jal zero, 2052
mem[X,0x000000008002EF28] -> 0x00E3
mem[X,0x000000008002EF2A] -> 0x80B5
[6916] [M]: 0x000000008002EF28 (0x80B500E3) beq a0, a1, 6144
mem[X,0x000000008002EF2C] -> 0x0213
mem[X,0x000000008002EF2E] -> 0x0022
[6917] [M]: 0x000000008002EF2C (0x00220213) addi tp, tp, 2
x4 <- 0x0000000000000002
mem[X,0x000000008002EF30] -> 0x006F
mem[X,0x000000008002EF32] -> 0x00C0
[6918] [M]: 0x000000008002EF30 (0x00C0006F) jal zero, 12
mem[X,0x000000008002EF3C] -> 0x3423
mem[X,0x000000008002EF3E] -> 0x5641
[6919] [M]: 0x000000008002EF3C (0x56413423) sd tp, 1384(sp)
mem[0x0000000080049F30] <- 0x0000000000000002
mem[X,0x000000008002EF40] -> 0x3537
mem[X,0x000000008002EF42] -> 0x3333
[6920] [M]: 0x000000008002EF40 (0x33333537) lui a0, 209715
x10 <- 0x0000000033333000
mem[X,0x000000008002EF44] -> 0x0513
mem[X,0x000000008002EF46] -> 0x3335
[6921] [M]: 0x000000008002EF44 (0x33350513) addi a0, a0, 819
x10 <- 0x0000000033333333
mem[X,0x000000008002EF48] -> 0x1513
mem[X,0x000000008002EF4A] -> 0x00B5
[6922] [M]: 0x000000008002EF48 (0x00B51513) slli a0, a0, 11
x10 <- 0x0000019999999800
mem[X,0x000000008002EF4C] -> 0x0513
mem[X,0x000000008002EF4E] -> 0x1995
[6923] [M]: 0x000000008002EF4C (0x19950513) addi a0, a0, 409
x10 <- 0x0000019999999999
mem[X,0x000000008002EF50] -> 0x1513
mem[X,0x000000008002EF52] -> 0x00B5
[6924] [M]: 0x000000008002EF50 (0x00B51513) slli a0, a0, 11
x10 <- 0x000CCCCCCCCCC800
mem[X,0x000000008002EF54] -> 0x0513
mem[X,0x000000008002EF56] -> 0x4CC5
[6925] [M]: 0x000000008002EF54 (0x4CC50513) addi a0, a0, 1228
x10 <- 0x000CCCCCCCCCCCCC
mem[X,0x000000008002EF58] -> 0x1513
mem[X,0x000000008002EF5A] -> 0x00A5
[6926] [M]: 0x000000008002EF58 (0x00A51513) slli a0, a0, 10
x10 <- 0x3333333333333000
mem[X,0x000000008002EF5C] -> 0x0513
mem[X,0x000000008002EF5E] -> 0x3325
[6927] [M]: 0x000000008002EF5C (0x33250513) addi a0, a0, 818
x10 <- 0x3333333333333332
mem[X,0x000000008002EF60] -> 0x55B7
mem[X,0x000000008002EF62] -> 0x5555
[6928] [M]: 0x000000008002EF60 (0x555555B7) lui a1, 349525
x11 <- 0x0000000055555000
mem[X,0x000000008002EF64] -> 0x8593
mem[X,0x000000008002EF66] -> 0x5555
[6929] [M]: 0x000000008002EF64 (0x55558593) addi a1, a1, 1365
x11 <- 0x0000000055555555
mem[X,0x000000008002EF68] -> 0x9593
mem[X,0x000000008002EF6A] -> 0x00B5
[6930] [M]: 0x000000008002EF68 (0x00B59593) slli a1, a1, 11
x11 <- 0x000002AAAAAAA800
mem[X,0x000000008002EF6C] -> 0x8593
mem[X,0x000000008002EF6E] -> 0x2AA5
[6931] [M]: 0x000000008002EF6C (0x2AA58593) addi a1, a1, 682
x11 <- 0x000002AAAAAAAAAA
mem[X,0x000000008002EF70] -> 0x9593
mem[X,0x000000008002EF72] -> 0x00B5
[6932] [M]: 0x000000008002EF70 (0x00B59593) slli a1, a1, 11
x11 <- 0x0015555555555000
mem[X,0x000000008002EF74] -> 0x8593
mem[X,0x000000008002EF76] -> 0x5555
[6933] [M]: 0x000000008002EF74 (0x55558593) addi a1, a1, 1365
x11 <- 0x0015555555555555
mem[X,0x000000008002EF78] -> 0x9593
mem[X,0x000000008002EF7A] -> 0x00A5
[6934] [M]: 0x000000008002EF78 (0x00A59593) slli a1, a1, 10
x11 <- 0x5555555555555400
mem[X,0x000000008002EF7C] -> 0x8593
mem[X,0x000000008002EF7E] -> 0x1545
[6935] [M]: 0x000000008002EF7C (0x15458593) addi a1, a1, 340
x11 <- 0x5555555555555554
mem[X,0x000000008002EF80] -> 0x0213
mem[X,0x000000008002EF82] -> 0x0000
[6936] [M]: 0x000000008002EF80 (0x00000213) addi tp, zero, 0
x4 <- 0x0000000000000000
mem[X,0x000000008002EF84] -> 0x006F
mem[X,0x000000008002EF86] -> 0x00C0
[6937] [M]: 0x000000008002EF84 (0x00C0006F) jal zero, 12
mem[X,0x000000008002EF90] -> 0x0863
mem[X,0x000000008002EF92] -> 0x00B5
[6938] [M]: 0x000000008002EF90 (0x00B50863) beq a0, a1, 16
mem[X,0x000000008002EF94] -> 0x0213
mem[X,0x000000008002EF96] -> 0x0022
[6939] [M]: 0x000000008002EF94 (0x00220213) addi tp, tp, 2
x4 <- 0x0000000000000002
mem[X,0x000000008002EF98] -> 0x006F
mem[X,0x000000008002EF9A] -> 0x0100
[6940] [M]: 0x000000008002EF98 (0x0100006F) jal zero, 16
mem[X,0x000000008002EFA8] -> 0x3823
mem[X,0x000000008002EFAA] -> 0x5641
[6941] [M]: 0x000000008002EFA8 (0x56413823) sd tp, 1392(sp)
mem[0x0000000080049F38] <- 0x0000000000000002
mem[X,0x000000008002EFAC] -> 0x3537
mem[X,0x000000008002EFAE] -> 0x3333
[6942] [M]: 0x000000008002EFAC (0x33333537) lui a0, 209715
x10 <- 0x0000000033333000
mem[X,0x000000008002EFB0] -> 0x0513
mem[X,0x000000008002EFB2] -> 0x3335
[6943] [M]: 0x000000008002EFB0 (0x33350513) addi a0, a0, 819
x10 <- 0x0000000033333333
mem[X,0x000000008002EFB4] -> 0x1513
mem[X,0x000000008002EFB6] -> 0x00B5
[6944] [M]: 0x000000008002EFB4 (0x00B51513) slli a0, a0, 11
x10 <- 0x0000019999999800
mem[X,0x000000008002EFB8] -> 0x0513
mem[X,0x000000008002EFBA] -> 0x1995
[6945] [M]: 0x000000008002EFB8 (0x19950513) addi a0, a0, 409
x10 <- 0x0000019999999999
mem[X,0x000000008002EFBC] -> 0x1513
mem[X,0x000000008002EFBE] -> 0x00B5
[6946] [M]: 0x000000008002EFBC (0x00B51513) slli a0, a0, 11
x10 <- 0x000CCCCCCCCCC800
mem[X,0x000000008002EFC0] -> 0x0513
mem[X,0x000000008002EFC2] -> 0x4CC5
[6947] [M]: 0x000000008002EFC0 (0x4CC50513) addi a0, a0, 1228
x10 <- 0x000CCCCCCCCCCCCC
mem[X,0x000000008002EFC4] -> 0x1513
mem[X,0x000000008002EFC6] -> 0x00A5
[6948] [M]: 0x000000008002EFC4 (0x00A51513) slli a0, a0, 10
x10 <- 0x3333333333333000
mem[X,0x000000008002EFC8] -> 0x0513
mem[X,0x000000008002EFCA] -> 0x3325
[6949] [M]: 0x000000008002EFC8 (0x33250513) addi a0, a0, 818
x10 <- 0x3333333333333332
mem[X,0x000000008002EFCC] -> 0x0593
mem[X,0x000000008002EFCE] -> 0x0000
[6950] [M]: 0x000000008002EFCC (0x00000593) addi a1, zero, 0
x11 <- 0x0000000000000000
mem[X,0x000000008002EFD0] -> 0x0213
mem[X,0x000000008002EFD2] -> 0x0000
[6951] [M]: 0x000000008002EFD0 (0x00000213) addi tp, zero, 0
x4 <- 0x0000000000000000
mem[X,0x000000008002EFD4] -> 0x006F
mem[X,0x000000008002EFD6] -> 0x0140
[6952] [M]: 0x000000008002EFD4 (0x0140006F) jal zero, 20
mem[X,0x000000008002EFE8] -> 0x08E3
mem[X,0x000000008002EFEA] -> 0xFEB5
[6953] [M]: 0x000000008002EFE8 (0xFEB508E3) beq a0, a1, 8176
mem[X,0x000000008002EFEC] -> 0x0213
mem[X,0x000000008002EFEE] -> 0x0022
[6954] [M]: 0x000000008002EFEC (0x00220213) addi tp, tp, 2
x4 <- 0x0000000000000002
mem[X,0x000000008002EFF0] -> 0x006F
mem[X,0x000000008002EFF2] -> 0x00C0
[6955] [M]: 0x000000008002EFF0 (0x00C0006F) jal zero, 12
mem[X,0x000000008002EFFC] -> 0x3C23
mem[X,0x000000008002EFFE] -> 0x5641
[6956] [M]: 0x000000008002EFFC (0x56413C23) sd tp, 1400(sp)
mem[0x0000000080049F40] <- 0x0000000000000002
mem[X,0x000000008002F000] -> 0x3537
mem[X,0x000000008002F002] -> 0x3333
[6957] [M]: 0x000000008002F000 (0x33333537) lui a0, 209715
x10 <- 0x0000000033333000
mem[X,0x000000008002F004] -> 0x0513
mem[X,0x000000008002F006] -> 0x3335
[6958] [M]: 0x000000008002F004 (0x33350513) addi a0, a0, 819
x10 <- 0x0000000033333333
mem[X,0x000000008002F008] -> 0x1513
mem[X,0x000000008002F00A] -> 0x00B5
[6959] [M]: 0x000000008002F008 (0x00B51513) slli a0, a0, 11
x10 <- 0x0000019999999800
mem[X,0x000000008002F00C] -> 0x0513
mem[X,0x000000008002F00E] -> 0x1995
[6960] [M]: 0x000000008002F00C (0x19950513) addi a0, a0, 409
x10 <- 0x0000019999999999
mem[X,0x000000008002F010] -> 0x1513
mem[X,0x000000008002F012] -> 0x00B5
[6961] [M]: 0x000000008002F010 (0x00B51513) slli a0, a0, 11
x10 <- 0x000CCCCCCCCCC800
mem[X,0x000000008002F014] -> 0x0513
mem[X,0x000000008002F016] -> 0x4CC5
[6962] [M]: 0x000000008002F014 (0x4CC50513) addi a0, a0, 1228
x10 <- 0x000CCCCCCCCCCCCC
mem[X,0x000000008002F018] -> 0x1513
mem[X,0x000000008002F01A] -> 0x00A5
[6963] [M]: 0x000000008002F018 (0x00A51513) slli a0, a0, 10
x10 <- 0x3333333333333000
mem[X,0x000000008002F01C] -> 0x0513
mem[X,0x000000008002F01E] -> 0x3325
[6964] [M]: 0x000000008002F01C (0x33250513) addi a0, a0, 818
x10 <- 0x3333333333333332
mem[X,0x000000008002F020] -> 0x0593
mem[X,0x000000008002F022] -> 0x0040
[6965] [M]: 0x000000008002F020 (0x00400593) addi a1, zero, 4
x11 <- 0x0000000000000004
mem[X,0x000000008002F024] -> 0x0213
mem[X,0x000000008002F026] -> 0x0000
[6966] [M]: 0x000000008002F024 (0x00000213) addi tp, zero, 0
x4 <- 0x0000000000000000
mem[X,0x000000008002F028] -> 0x006F
mem[X,0x000000008002F02A] -> 0x00C0
[6967] [M]: 0x000000008002F028 (0x00C0006F) jal zero, 12
mem[X,0x000000008002F034] -> 0x0663
mem[X,0x000000008002F036] -> 0x00B5
[6968] [M]: 0x000000008002F034 (0x00B50663) beq a0, a1, 12
mem[X,0x000000008002F038] -> 0x0213
mem[X,0x000000008002F03A] -> 0x0022
[6969] [M]: 0x000000008002F038 (0x00220213) addi tp, tp, 2
x4 <- 0x0000000000000002
mem[X,0x000000008002F03C] -> 0x006F
mem[X,0x000000008002F03E] -> 0x00C0
[6970] [M]: 0x000000008002F03C (0x00C0006F) jal zero, 12
mem[X,0x000000008002F048] -> 0x3023
mem[X,0x000000008002F04A] -> 0x5841
[6971] [M]: 0x000000008002F048 (0x58413023) sd tp, 1408(sp)
mem[0x0000000080049F48] <- 0x0000000000000002
mem[X,0x000000008002F04C] -> 0x3537
mem[X,0x000000008002F04E] -> 0x3333
[6972] [M]: 0x000000008002F04C (0x33333537) lui a0, 209715
x10 <- 0x0000000033333000
mem[X,0x000000008002F050] -> 0x0513
mem[X,0x000000008002F052] -> 0x3335
[6973] [M]: 0x000000008002F050 (0x33350513) addi a0, a0, 819
x10 <- 0x0000000033333333
mem[X,0x000000008002F054] -> 0x1513
mem[X,0x000000008002F056] -> 0x00B5
[6974] [M]: 0x000000008002F054 (0x00B51513) slli a0, a0, 11
x10 <- 0x0000019999999800
mem[X,0x000000008002F058] -> 0x0513
mem[X,0x000000008002F05A] -> 0x1995
[6975] [M]: 0x000000008002F058 (0x19950513) addi a0, a0, 409
x10 <- 0x0000019999999999
mem[X,0x000000008002F05C] -> 0x1513
mem[X,0x000000008002F05E] -> 0x00B5
[6976] [M]: 0x000000008002F05C (0x00B51513) slli a0, a0, 11
x10 <- 0x000CCCCCCCCCC800
mem[X,0x000000008002F060] -> 0x0513
mem[X,0x000000008002F062] -> 0x4CC5
[6977] [M]: 0x000000008002F060 (0x4CC50513) addi a0, a0, 1228
x10 <- 0x000CCCCCCCCCCCCC
mem[X,0x000000008002F064] -> 0x1513
mem[X,0x000000008002F066] -> 0x00A5
[6978] [M]: 0x000000008002F064 (0x00A51513) slli a0, a0, 10
x10 <- 0x3333333333333000
mem[X,0x000000008002F068] -> 0x0513
mem[X,0x000000008002F06A] -> 0x3325
[6979] [M]: 0x000000008002F068 (0x33250513) addi a0, a0, 818
x10 <- 0x3333333333333332
mem[X,0x000000008002F06C] -> 0x35B7
mem[X,0x000000008002F06E] -> 0x3333
[6980] [M]: 0x000000008002F06C (0x333335B7) lui a1, 209715
x11 <- 0x0000000033333000
mem[X,0x000000008002F070] -> 0x8593
mem[X,0x000000008002F072] -> 0x3335
[6981] [M]: 0x000000008002F070 (0x33358593) addi a1, a1, 819
x11 <- 0x0000000033333333
mem[X,0x000000008002F074] -> 0x9593
mem[X,0x000000008002F076] -> 0x00B5
[6982] [M]: 0x000000008002F074 (0x00B59593) slli a1, a1, 11
x11 <- 0x0000019999999800
mem[X,0x000000008002F078] -> 0x8593
mem[X,0x000000008002F07A] -> 0x1995
[6983] [M]: 0x000000008002F078 (0x19958593) addi a1, a1, 409
x11 <- 0x0000019999999999
mem[X,0x000000008002F07C] -> 0x9593
mem[X,0x000000008002F07E] -> 0x00B5
[6984] [M]: 0x000000008002F07C (0x00B59593) slli a1, a1, 11
x11 <- 0x000CCCCCCCCCC800
mem[X,0x000000008002F080] -> 0x8593
mem[X,0x000000008002F082] -> 0x4CC5
[6985] [M]: 0x000000008002F080 (0x4CC58593) addi a1, a1, 1228
x11 <- 0x000CCCCCCCCCCCCC
mem[X,0x000000008002F084] -> 0x9593
mem[X,0x000000008002F086] -> 0x00A5
[6986] [M]: 0x000000008002F084 (0x00A59593) slli a1, a1, 10
x11 <- 0x3333333333333000
mem[X,0x000000008002F088] -> 0x8593
mem[X,0x000000008002F08A] -> 0x3325
[6987] [M]: 0x000000008002F088 (0x33258593) addi a1, a1, 818
x11 <- 0x3333333333333332
mem[X,0x000000008002F08C] -> 0x0213
mem[X,0x000000008002F08E] -> 0x0000
[6988] [M]: 0x000000008002F08C (0x00000213) addi tp, zero, 0
x4 <- 0x0000000000000000
mem[X,0x000000008002F090] -> 0x006F
mem[X,0x000000008002F092] -> 0x0180
[6989] [M]: 0x000000008002F090 (0x0180006F) jal zero, 24
mem[X,0x000000008002F0A8] -> 0x06E3
mem[X,0x000000008002F0AA] -> 0xFEB5
[6990] [M]: 0x000000008002F0A8 (0xFEB506E3) beq a0, a1, 8172
mem[X,0x000000008002F094] -> 0x0213
mem[X,0x000000008002F096] -> 0x0012
[6991] [M]: 0x000000008002F094 (0x00120213) addi tp, tp, 1
x4 <- 0x0000000000000001
mem[X,0x000000008002F098] -> 0x006F
mem[X,0x000000008002F09A] -> 0x0240
[6992] [M]: 0x000000008002F098 (0x0240006F) jal zero, 36
mem[X,0x000000008002F0BC] -> 0x3423
mem[X,0x000000008002F0BE] -> 0x5841
[6993] [M]: 0x000000008002F0BC (0x58413423) sd tp, 1416(sp)
mem[0x0000000080049F50] <- 0x0000000000000001
mem[X,0x000000008002F0C0] -> 0x3537
mem[X,0x000000008002F0C2] -> 0x3333
[6994] [M]: 0x000000008002F0C0 (0x33333537) lui a0, 209715
x10 <- 0x0000000033333000
mem[X,0x000000008002F0C4] -> 0x0513
mem[X,0x000000008002F0C6] -> 0x3335
[6995] [M]: 0x000000008002F0C4 (0x33350513) addi a0, a0, 819
x10 <- 0x0000000033333333
mem[X,0x000000008002F0C8] -> 0x1513
mem[X,0x000000008002F0CA] -> 0x00B5
[6996] [M]: 0x000000008002F0C8 (0x00B51513) slli a0, a0, 11
x10 <- 0x0000019999999800
mem[X,0x000000008002F0CC] -> 0x0513
mem[X,0x000000008002F0CE] -> 0x1995
[6997] [M]: 0x000000008002F0CC (0x19950513) addi a0, a0, 409
x10 <- 0x0000019999999999
mem[X,0x000000008002F0D0] -> 0x1513
mem[X,0x000000008002F0D2] -> 0x00B5
[6998] [M]: 0x000000008002F0D0 (0x00B51513) slli a0, a0, 11
x10 <- 0x000CCCCCCCCCC800
mem[X,0x000000008002F0D4] -> 0x0513
mem[X,0x000000008002F0D6] -> 0x4CC5
[6999] [M]: 0x000000008002F0D4 (0x4CC50513) addi a0, a0, 1228
x10 <- 0x000CCCCCCCCCCCCC
clint::tick mtime <- 0x0000000000000046
 clint timer pending at mtime 0x0000000000000046
htif::tick 0x0000000000000000
mem[X,0x000000008002F0D8] -> 0x1513
mem[X,0x000000008002F0DA] -> 0x00A5
[7000] [M]: 0x000000008002F0D8 (0x00A51513) slli a0, a0, 10
x10 <- 0x3333333333333000
mem[X,0x000000008002F0DC] -> 0x0513
mem[X,0x000000008002F0DE] -> 0x3325
[7001] [M]: 0x000000008002F0DC (0x33250513) addi a0, a0, 818
x10 <- 0x3333333333333332
mem[X,0x000000008002F0E0] -> 0x65B7
mem[X,0x000000008002F0E2] -> 0x6666
[7002] [M]: 0x000000008002F0E0 (0x666665B7) lui a1, 419430
x11 <- 0x0000000066666000
mem[X,0x000000008002F0E4] -> 0x8593
mem[X,0x000000008002F0E6] -> 0x6665
[7003] [M]: 0x000000008002F0E4 (0x66658593) addi a1, a1, 1638
x11 <- 0x0000000066666666
mem[X,0x000000008002F0E8] -> 0x9593
mem[X,0x000000008002F0EA] -> 0x00B5
[7004] [M]: 0x000000008002F0E8 (0x00B59593) slli a1, a1, 11
x11 <- 0x0000033333333000
mem[X,0x000000008002F0EC] -> 0x8593
mem[X,0x000000008002F0EE] -> 0x3335
[7005] [M]: 0x000000008002F0EC (0x33358593) addi a1, a1, 819
x11 <- 0x0000033333333333
mem[X,0x000000008002F0F0] -> 0x9593
mem[X,0x000000008002F0F2] -> 0x00B5
[7006] [M]: 0x000000008002F0F0 (0x00B59593) slli a1, a1, 11
x11 <- 0x0019999999999800
mem[X,0x000000008002F0F4] -> 0x8593
mem[X,0x000000008002F0F6] -> 0x1995
[7007] [M]: 0x000000008002F0F4 (0x19958593) addi a1, a1, 409
x11 <- 0x0019999999999999
mem[X,0x000000008002F0F8] -> 0x9593
mem[X,0x000000008002F0FA] -> 0x00A5
[7008] [M]: 0x000000008002F0F8 (0x00A59593) slli a1, a1, 10
x11 <- 0x6666666666666400
mem[X,0x000000008002F0FC] -> 0x8593
mem[X,0x000000008002F0FE] -> 0x2655
[7009] [M]: 0x000000008002F0FC (0x26558593) addi a1, a1, 613
x11 <- 0x6666666666666665
mem[X,0x000000008002F100] -> 0x0213
mem[X,0x000000008002F102] -> 0x0000
[7010] [M]: 0x000000008002F100 (0x00000213) addi tp, zero, 0
x4 <- 0x0000000000000000
mem[X,0x000000008002F104] -> 0x006F
mem[X,0x000000008002F106] -> 0x0050
[7011] [M]: 0x000000008002F104 (0x0050006F) jal zero, 2052
mem[X,0x000000008002F908] -> 0x00E3
mem[X,0x000000008002F90A] -> 0x80B5
[7012] [M]: 0x000000008002F908 (0x80B500E3) beq a0, a1, 6144
mem[X,0x000000008002F90C] -> 0x0213
mem[X,0x000000008002F90E] -> 0x0022
[7013] [M]: 0x000000008002F90C (0x00220213) addi tp, tp, 2
x4 <- 0x0000000000000002
mem[X,0x000000008002F910] -> 0x006F
mem[X,0x000000008002F912] -> 0x00C0
[7014] [M]: 0x000000008002F910 (0x00C0006F) jal zero, 12
mem[X,0x000000008002F91C] -> 0x3823
mem[X,0x000000008002F91E] -> 0x5841
[7015] [M]: 0x000000008002F91C (0x58413823) sd tp, 1424(sp)
mem[0x0000000080049F58] <- 0x0000000000000002
mem[X,0x000000008002F920] -> 0x3537
mem[X,0x000000008002F922] -> 0x3333
[7016] [M]: 0x000000008002F920 (0x33333537) lui a0, 209715
x10 <- 0x0000000033333000
mem[X,0x000000008002F924] -> 0x0513
mem[X,0x000000008002F926] -> 0x3335
[7017] [M]: 0x000000008002F924 (0x33350513) addi a0, a0, 819
x10 <- 0x0000000033333333
mem[X,0x000000008002F928] -> 0x1513
mem[X,0x000000008002F92A] -> 0x00B5
[7018] [M]: 0x000000008002F928 (0x00B51513) slli a0, a0, 11
x10 <- 0x0000019999999800
mem[X,0x000000008002F92C] -> 0x0513
mem[X,0x000000008002F92E] -> 0x1995
[7019] [M]: 0x000000008002F92C (0x19950513) addi a0, a0, 409
x10 <- 0x0000019999999999
mem[X,0x000000008002F930] -> 0x1513
mem[X,0x000000008002F932] -> 0x00B5
[7020] [M]: 0x000000008002F930 (0x00B51513) slli a0, a0, 11
x10 <- 0x000CCCCCCCCCC800
mem[X,0x000000008002F934] -> 0x0513
mem[X,0x000000008002F936] -> 0x4CC5
[7021] [M]: 0x000000008002F934 (0x4CC50513) addi a0, a0, 1228
x10 <- 0x000CCCCCCCCCCCCC
mem[X,0x000000008002F938] -> 0x1513
mem[X,0x000000008002F93A] -> 0x00A5
[7022] [M]: 0x000000008002F938 (0x00A51513) slli a0, a0, 10
x10 <- 0x3333333333333000
mem[X,0x000000008002F93C] -> 0x0513
mem[X,0x000000008002F93E] -> 0x3325
[7023] [M]: 0x000000008002F93C (0x33250513) addi a0, a0, 818
x10 <- 0x3333333333333332
mem[X,0x000000008002F940] -> 0x05B7
mem[X,0x000000008002F942] -> 0x0000
[7024] [M]: 0x000000008002F940 (0x000005B7) lui a1, 0
x11 <- 0x0000000000000000
mem[X,0x000000008002F944] -> 0x8593
mem[X,0x000000008002F946] -> 0x0005
[7025] [M]: 0x000000008002F944 (0x00058593) addi a1, a1, 0
x11 <- 0x0000000000000000
mem[X,0x000000008002F948] -> 0x9593
mem[X,0x000000008002F94A] -> 0x00B5
[7026] [M]: 0x000000008002F948 (0x00B59593) slli a1, a1, 11
x11 <- 0x0000000000000000
mem[X,0x000000008002F94C] -> 0x8593
mem[X,0x000000008002F94E] -> 0x5A85
[7027] [M]: 0x000000008002F94C (0x5A858593) addi a1, a1, 1448
x11 <- 0x00000000000005A8
mem[X,0x000000008002F950] -> 0x9593
mem[X,0x000000008002F952] -> 0x00B5
[7028] [M]: 0x000000008002F950 (0x00B59593) slli a1, a1, 11
x11 <- 0x00000000002D4000
mem[X,0x000000008002F954] -> 0x8593
mem[X,0x000000008002F956] -> 0x13C5
[7029] [M]: 0x000000008002F954 (0x13C58593) addi a1, a1, 316
x11 <- 0x00000000002D413C
mem[X,0x000000008002F958] -> 0x9593
mem[X,0x000000008002F95A] -> 0x00A5
[7030] [M]: 0x000000008002F958 (0x00A59593) slli a1, a1, 10
x11 <- 0x00000000B504F000
mem[X,0x000000008002F95C] -> 0x8593
mem[X,0x000000008002F95E] -> 0x3325
[7031] [M]: 0x000000008002F95C (0x33258593) addi a1, a1, 818
x11 <- 0x00000000B504F332
mem[X,0x000000008002F960] -> 0x0213
mem[X,0x000000008002F962] -> 0x0000
[7032] [M]: 0x000000008002F960 (0x00000213) addi tp, zero, 0
x4 <- 0x0000000000000000
mem[X,0x000000008002F964] -> 0x006F
mem[X,0x000000008002F966] -> 0x00C0
[7033] [M]: 0x000000008002F964 (0x00C0006F) jal zero, 12
mem[X,0x000000008002F970] -> 0x0663
mem[X,0x000000008002F972] -> 0x00B5
[7034] [M]: 0x000000008002F970 (0x00B50663) beq a0, a1, 12
mem[X,0x000000008002F974] -> 0x0213
mem[X,0x000000008002F976] -> 0x0022
[7035] [M]: 0x000000008002F974 (0x00220213) addi tp, tp, 2
x4 <- 0x0000000000000002
mem[X,0x000000008002F978] -> 0x006F
mem[X,0x000000008002F97A] -> 0x00C0
[7036] [M]: 0x000000008002F978 (0x00C0006F) jal zero, 12
mem[X,0x000000008002F984] -> 0x3C23
mem[X,0x000000008002F986] -> 0x5841
[7037] [M]: 0x000000008002F984 (0x58413C23) sd tp, 1432(sp)
mem[0x0000000080049F60] <- 0x0000000000000002
mem[X,0x000000008002F988] -> 0x3537
mem[X,0x000000008002F98A] -> 0x3333
[7038] [M]: 0x000000008002F988 (0x33333537) lui a0, 209715
x10 <- 0x0000000033333000
mem[X,0x000000008002F98C] -> 0x0513
mem[X,0x000000008002F98E] -> 0x3335
[7039] [M]: 0x000000008002F98C (0x33350513) addi a0, a0, 819
x10 <- 0x0000000033333333
mem[X,0x000000008002F990] -> 0x1513
mem[X,0x000000008002F992] -> 0x00B5
[7040] [M]: 0x000000008002F990 (0x00B51513) slli a0, a0, 11
x10 <- 0x0000019999999800
mem[X,0x000000008002F994] -> 0x0513
mem[X,0x000000008002F996] -> 0x1995
[7041] [M]: 0x000000008002F994 (0x19950513) addi a0, a0, 409
x10 <- 0x0000019999999999
mem[X,0x000000008002F998] -> 0x1513
mem[X,0x000000008002F99A] -> 0x00B5
[7042] [M]: 0x000000008002F998 (0x00B51513) slli a0, a0, 11
x10 <- 0x000CCCCCCCCCC800
mem[X,0x000000008002F99C] -> 0x0513
mem[X,0x000000008002F99E] -> 0x4CC5
[7043] [M]: 0x000000008002F99C (0x4CC50513) addi a0, a0, 1228
x10 <- 0x000CCCCCCCCCCCCC
mem[X,0x000000008002F9A0] -> 0x1513
mem[X,0x000000008002F9A2] -> 0x00A5
[7044] [M]: 0x000000008002F9A0 (0x00A51513) slli a0, a0, 10
x10 <- 0x3333333333333000
mem[X,0x000000008002F9A4] -> 0x0513
mem[X,0x000000008002F9A6] -> 0x3325
[7045] [M]: 0x000000008002F9A4 (0x33250513) addi a0, a0, 818
x10 <- 0x3333333333333332
mem[X,0x000000008002F9A8] -> 0x55B7
mem[X,0x000000008002F9AA] -> 0x5555
[7046] [M]: 0x000000008002F9A8 (0x555555B7) lui a1, 349525
x11 <- 0x0000000055555000
mem[X,0x000000008002F9AC] -> 0x8593
mem[X,0x000000008002F9AE] -> 0x5555
[7047] [M]: 0x000000008002F9AC (0x55558593) addi a1, a1, 1365
x11 <- 0x0000000055555555
mem[X,0x000000008002F9B0] -> 0x9593
mem[X,0x000000008002F9B2] -> 0x00B5
[7048] [M]: 0x000000008002F9B0 (0x00B59593) slli a1, a1, 11
x11 <- 0x000002AAAAAAA800
mem[X,0x000000008002F9B4] -> 0x8593
mem[X,0x000000008002F9B6] -> 0x2AA5
[7049] [M]: 0x000000008002F9B4 (0x2AA58593) addi a1, a1, 682
x11 <- 0x000002AAAAAAAAAA
mem[X,0x000000008002F9B8] -> 0x9593
mem[X,0x000000008002F9BA] -> 0x00B5
[7050] [M]: 0x000000008002F9B8 (0x00B59593) slli a1, a1, 11
x11 <- 0x0015555555555000
mem[X,0x000000008002F9BC] -> 0x8593
mem[X,0x000000008002F9BE] -> 0x5555
[7051] [M]: 0x000000008002F9BC (0x55558593) addi a1, a1, 1365
x11 <- 0x0015555555555555
mem[X,0x000000008002F9C0] -> 0x9593
mem[X,0x000000008002F9C2] -> 0x00A5
[7052] [M]: 0x000000008002F9C0 (0x00A59593) slli a1, a1, 10
x11 <- 0x5555555555555400
mem[X,0x000000008002F9C4] -> 0x8593
mem[X,0x000000008002F9C6] -> 0x1565
[7053] [M]: 0x000000008002F9C4 (0x15658593) addi a1, a1, 342
x11 <- 0x5555555555555556
mem[X,0x000000008002F9C8] -> 0x0213
mem[X,0x000000008002F9CA] -> 0x0000
[7054] [M]: 0x000000008002F9C8 (0x00000213) addi tp, zero, 0
x4 <- 0x0000000000000000
mem[X,0x000000008002F9CC] -> 0x006F
mem[X,0x000000008002F9CE] -> 0x00C0
[7055] [M]: 0x000000008002F9CC (0x00C0006F) jal zero, 12
mem[X,0x000000008002F9D8] -> 0x0063
mem[X,0x000000008002F9DA] -> 0x08B5
[7056] [M]: 0x000000008002F9D8 (0x08B50063) beq a0, a1, 128
mem[X,0x000000008002F9DC] -> 0x0213
mem[X,0x000000008002F9DE] -> 0x0022
[7057] [M]: 0x000000008002F9DC (0x00220213) addi tp, tp, 2
x4 <- 0x0000000000000002
mem[X,0x000000008002F9E0] -> 0x006F
mem[X,0x000000008002F9E2] -> 0x0800
[7058] [M]: 0x000000008002F9E0 (0x0800006F) jal zero, 128
mem[X,0x000000008002FA60] -> 0x3023
mem[X,0x000000008002FA62] -> 0x5A41
[7059] [M]: 0x000000008002FA60 (0x5A413023) sd tp, 1440(sp)
mem[0x0000000080049F68] <- 0x0000000000000002
mem[X,0x000000008002FA64] -> 0x3537
mem[X,0x000000008002FA66] -> 0x3333
[7060] [M]: 0x000000008002FA64 (0x33333537) lui a0, 209715
x10 <- 0x0000000033333000
mem[X,0x000000008002FA68] -> 0x0513
mem[X,0x000000008002FA6A] -> 0x3335
[7061] [M]: 0x000000008002FA68 (0x33350513) addi a0, a0, 819
x10 <- 0x0000000033333333
mem[X,0x000000008002FA6C] -> 0x1513
mem[X,0x000000008002FA6E] -> 0x00B5
[7062] [M]: 0x000000008002FA6C (0x00B51513) slli a0, a0, 11
x10 <- 0x0000019999999800
mem[X,0x000000008002FA70] -> 0x0513
mem[X,0x000000008002FA72] -> 0x1995
[7063] [M]: 0x000000008002FA70 (0x19950513) addi a0, a0, 409
x10 <- 0x0000019999999999
mem[X,0x000000008002FA74] -> 0x1513
mem[X,0x000000008002FA76] -> 0x00B5
[7064] [M]: 0x000000008002FA74 (0x00B51513) slli a0, a0, 11
x10 <- 0x000CCCCCCCCCC800
mem[X,0x000000008002FA78] -> 0x0513
mem[X,0x000000008002FA7A] -> 0x4CC5
[7065] [M]: 0x000000008002FA78 (0x4CC50513) addi a0, a0, 1228
x10 <- 0x000CCCCCCCCCCCCC
mem[X,0x000000008002FA7C] -> 0x1513
mem[X,0x000000008002FA7E] -> 0x00A5
[7066] [M]: 0x000000008002FA7C (0x00A51513) slli a0, a0, 10
x10 <- 0x3333333333333000
mem[X,0x000000008002FA80] -> 0x0513
mem[X,0x000000008002FA82] -> 0x3325
[7067] [M]: 0x000000008002FA80 (0x33250513) addi a0, a0, 818
x10 <- 0x3333333333333332
mem[X,0x000000008002FA84] -> 0xB5B7
mem[X,0x000000008002FA86] -> 0xAAAA
[7068] [M]: 0x000000008002FA84 (0xAAAAB5B7) lui a1, 699051
x11 <- 0xFFFFFFFFAAAAB000
mem[X,0x000000008002FA88] -> 0x8593
mem[X,0x000000008002FA8A] -> 0xAAA5
[7069] [M]: 0x000000008002FA88 (0xAAA58593) addi a1, a1, 2730
x11 <- 0xFFFFFFFFAAAAAAAA
mem[X,0x000000008002FA8C] -> 0x9593
mem[X,0x000000008002FA8E] -> 0x00B5
[7070] [M]: 0x000000008002FA8C (0x00B59593) slli a1, a1, 11
x11 <- 0xFFFFFD5555555000
mem[X,0x000000008002FA90] -> 0x8593
mem[X,0x000000008002FA92] -> 0x5555
[7071] [M]: 0x000000008002FA90 (0x55558593) addi a1, a1, 1365
x11 <- 0xFFFFFD5555555555
mem[X,0x000000008002FA94] -> 0x9593
mem[X,0x000000008002FA96] -> 0x00B5
[7072] [M]: 0x000000008002FA94 (0x00B59593) slli a1, a1, 11
x11 <- 0xFFEAAAAAAAAAA800
mem[X,0x000000008002FA98] -> 0x8593
mem[X,0x000000008002FA9A] -> 0x2AA5
[7073] [M]: 0x000000008002FA98 (0x2AA58593) addi a1, a1, 682
x11 <- 0xFFEAAAAAAAAAAAAA
mem[X,0x000000008002FA9C] -> 0x9593
mem[X,0x000000008002FA9E] -> 0x00A5
[7074] [M]: 0x000000008002FA9C (0x00A59593) slli a1, a1, 10
x11 <- 0xAAAAAAAAAAAAA800
mem[X,0x000000008002FAA0] -> 0x8593
mem[X,0x000000008002FAA2] -> 0x2AB5
[7075] [M]: 0x000000008002FAA0 (0x2AB58593) addi a1, a1, 683
x11 <- 0xAAAAAAAAAAAAAAAB
mem[X,0x000000008002FAA4] -> 0x0213
mem[X,0x000000008002FAA6] -> 0x0000
[7076] [M]: 0x000000008002FAA4 (0x00000213) addi tp, zero, 0
x4 <- 0x0000000000000000
mem[X,0x000000008002FAA8] -> 0x006F
mem[X,0x000000008002FAAA] -> 0x00C0
[7077] [M]: 0x000000008002FAA8 (0x00C0006F) jal zero, 12
mem[X,0x000000008002FAB4] -> 0x0063
mem[X,0x000000008002FAB6] -> 0x20B5
[7078] [M]: 0x000000008002FAB4 (0x20B50063) beq a0, a1, 512
mem[X,0x000000008002FAB8] -> 0x0213
mem[X,0x000000008002FABA] -> 0x0022
[7079] [M]: 0x000000008002FAB8 (0x00220213) addi tp, tp, 2
x4 <- 0x0000000000000002
mem[X,0x000000008002FABC] -> 0x006F
mem[X,0x000000008002FABE] -> 0x2000
[7080] [M]: 0x000000008002FABC (0x2000006F) jal zero, 512
mem[X,0x000000008002FCBC] -> 0x3423
mem[X,0x000000008002FCBE] -> 0x5A41
[7081] [M]: 0x000000008002FCBC (0x5A413423) sd tp, 1448(sp)
mem[0x0000000080049F70] <- 0x0000000000000002
mem[X,0x000000008002FCC0] -> 0x3537
mem[X,0x000000008002FCC2] -> 0x3333
[7082] [M]: 0x000000008002FCC0 (0x33333537) lui a0, 209715
x10 <- 0x0000000033333000
mem[X,0x000000008002FCC4] -> 0x0513
mem[X,0x000000008002FCC6] -> 0x3335
[7083] [M]: 0x000000008002FCC4 (0x33350513) addi a0, a0, 819
x10 <- 0x0000000033333333
mem[X,0x000000008002FCC8] -> 0x1513
mem[X,0x000000008002FCCA] -> 0x00B5
[7084] [M]: 0x000000008002FCC8 (0x00B51513) slli a0, a0, 11
x10 <- 0x0000019999999800
mem[X,0x000000008002FCCC] -> 0x0513
mem[X,0x000000008002FCCE] -> 0x1995
[7085] [M]: 0x000000008002FCCC (0x19950513) addi a0, a0, 409
x10 <- 0x0000019999999999
mem[X,0x000000008002FCD0] -> 0x1513
mem[X,0x000000008002FCD2] -> 0x00B5
[7086] [M]: 0x000000008002FCD0 (0x00B51513) slli a0, a0, 11
x10 <- 0x000CCCCCCCCCC800
mem[X,0x000000008002FCD4] -> 0x0513
mem[X,0x000000008002FCD6] -> 0x4CC5
[7087] [M]: 0x000000008002FCD4 (0x4CC50513) addi a0, a0, 1228
x10 <- 0x000CCCCCCCCCCCCC
mem[X,0x000000008002FCD8] -> 0x1513
mem[X,0x000000008002FCDA] -> 0x00A5
[7088] [M]: 0x000000008002FCD8 (0x00A51513) slli a0, a0, 10
x10 <- 0x3333333333333000
mem[X,0x000000008002FCDC] -> 0x0513
mem[X,0x000000008002FCDE] -> 0x3325
[7089] [M]: 0x000000008002FCDC (0x33250513) addi a0, a0, 818
x10 <- 0x3333333333333332
mem[X,0x000000008002FCE0] -> 0x0593
mem[X,0x000000008002FCE2] -> 0x0060
[7090] [M]: 0x000000008002FCE0 (0x00600593) addi a1, zero, 6
x11 <- 0x0000000000000006
mem[X,0x000000008002FCE4] -> 0x0213
mem[X,0x000000008002FCE6] -> 0x0000
[7091] [M]: 0x000000008002FCE4 (0x00000213) addi tp, zero, 0
x4 <- 0x0000000000000000
mem[X,0x000000008002FCE8] -> 0x006F
mem[X,0x000000008002FCEA] -> 0x00C0
[7092] [M]: 0x000000008002FCE8 (0x00C0006F) jal zero, 12
mem[X,0x000000008002FCF4] -> 0x0063
mem[X,0x000000008002FCF6] -> 0x10B5
[7093] [M]: 0x000000008002FCF4 (0x10B50063) beq a0, a1, 256
mem[X,0x000000008002FCF8] -> 0x0213
mem[X,0x000000008002FCFA] -> 0x0022
[7094] [M]: 0x000000008002FCF8 (0x00220213) addi tp, tp, 2
x4 <- 0x0000000000000002
mem[X,0x000000008002FCFC] -> 0x006F
mem[X,0x000000008002FCFE] -> 0x1000
[7095] [M]: 0x000000008002FCFC (0x1000006F) jal zero, 256
mem[X,0x000000008002FDFC] -> 0x3823
mem[X,0x000000008002FDFE] -> 0x5A41
[7096] [M]: 0x000000008002FDFC (0x5A413823) sd tp, 1456(sp)
mem[0x0000000080049F78] <- 0x0000000000000002
mem[X,0x000000008002FE00] -> 0x3537
mem[X,0x000000008002FE02] -> 0x3333
[7097] [M]: 0x000000008002FE00 (0x33333537) lui a0, 209715
x10 <- 0x0000000033333000
mem[X,0x000000008002FE04] -> 0x0513
mem[X,0x000000008002FE06] -> 0x3335
[7098] [M]: 0x000000008002FE04 (0x33350513) addi a0, a0, 819
x10 <- 0x0000000033333333
mem[X,0x000000008002FE08] -> 0x1513
mem[X,0x000000008002FE0A] -> 0x00B5
[7099] [M]: 0x000000008002FE08 (0x00B51513) slli a0, a0, 11
x10 <- 0x0000019999999800
clint::tick mtime <- 0x0000000000000047
 clint timer pending at mtime 0x0000000000000047
htif::tick 0x0000000000000000
mem[X,0x000000008002FE0C] -> 0x0513
mem[X,0x000000008002FE0E] -> 0x1995
[7100] [M]: 0x000000008002FE0C (0x19950513) addi a0, a0, 409
x10 <- 0x0000019999999999
mem[X,0x000000008002FE10] -> 0x1513
mem[X,0x000000008002FE12] -> 0x00B5
[7101] [M]: 0x000000008002FE10 (0x00B51513) slli a0, a0, 11
x10 <- 0x000CCCCCCCCCC800
mem[X,0x000000008002FE14] -> 0x0513
mem[X,0x000000008002FE16] -> 0x4CC5
[7102] [M]: 0x000000008002FE14 (0x4CC50513) addi a0, a0, 1228
x10 <- 0x000CCCCCCCCCCCCC
mem[X,0x000000008002FE18] -> 0x1513
mem[X,0x000000008002FE1A] -> 0x00A5
[7103] [M]: 0x000000008002FE18 (0x00A51513) slli a0, a0, 10
x10 <- 0x3333333333333000
mem[X,0x000000008002FE1C] -> 0x0513
mem[X,0x000000008002FE1E] -> 0x3325
[7104] [M]: 0x000000008002FE1C (0x33250513) addi a0, a0, 818
x10 <- 0x3333333333333332
mem[X,0x000000008002FE20] -> 0x35B7
mem[X,0x000000008002FE22] -> 0x3333
[7105] [M]: 0x000000008002FE20 (0x333335B7) lui a1, 209715
x11 <- 0x0000000033333000
mem[X,0x000000008002FE24] -> 0x8593
mem[X,0x000000008002FE26] -> 0x3335
[7106] [M]: 0x000000008002FE24 (0x33358593) addi a1, a1, 819
x11 <- 0x0000000033333333
mem[X,0x000000008002FE28] -> 0x9593
mem[X,0x000000008002FE2A] -> 0x00B5
[7107] [M]: 0x000000008002FE28 (0x00B59593) slli a1, a1, 11
x11 <- 0x0000019999999800
mem[X,0x000000008002FE2C] -> 0x8593
mem[X,0x000000008002FE2E] -> 0x1995
[7108] [M]: 0x000000008002FE2C (0x19958593) addi a1, a1, 409
x11 <- 0x0000019999999999
mem[X,0x000000008002FE30] -> 0x9593
mem[X,0x000000008002FE32] -> 0x00B5
[7109] [M]: 0x000000008002FE30 (0x00B59593) slli a1, a1, 11
x11 <- 0x000CCCCCCCCCC800
mem[X,0x000000008002FE34] -> 0x8593
mem[X,0x000000008002FE36] -> 0x4CC5
[7110] [M]: 0x000000008002FE34 (0x4CC58593) addi a1, a1, 1228
x11 <- 0x000CCCCCCCCCCCCC
mem[X,0x000000008002FE38] -> 0x9593
mem[X,0x000000008002FE3A] -> 0x00A5
[7111] [M]: 0x000000008002FE38 (0x00A59593) slli a1, a1, 10
x11 <- 0x3333333333333000
mem[X,0x000000008002FE3C] -> 0x8593
mem[X,0x000000008002FE3E] -> 0x3345
[7112] [M]: 0x000000008002FE3C (0x33458593) addi a1, a1, 820
x11 <- 0x3333333333333334
mem[X,0x000000008002FE40] -> 0x0213
mem[X,0x000000008002FE42] -> 0x0000
[7113] [M]: 0x000000008002FE40 (0x00000213) addi tp, zero, 0
x4 <- 0x0000000000000000
mem[X,0x000000008002FE44] -> 0x006F
mem[X,0x000000008002FE46] -> 0x0100
[7114] [M]: 0x000000008002FE44 (0x0100006F) jal zero, 16
mem[X,0x000000008002FE54] -> 0x0AE3
mem[X,0x000000008002FE56] -> 0xFEB5
[7115] [M]: 0x000000008002FE54 (0xFEB50AE3) beq a0, a1, 8180
mem[X,0x000000008002FE58] -> 0x0213
mem[X,0x000000008002FE5A] -> 0x0022
[7116] [M]: 0x000000008002FE58 (0x00220213) addi tp, tp, 2
x4 <- 0x0000000000000002
mem[X,0x000000008002FE5C] -> 0x006F
mem[X,0x000000008002FE5E] -> 0x00C0
[7117] [M]: 0x000000008002FE5C (0x00C0006F) jal zero, 12
mem[X,0x000000008002FE68] -> 0x3C23
mem[X,0x000000008002FE6A] -> 0x5A41
[7118] [M]: 0x000000008002FE68 (0x5A413C23) sd tp, 1464(sp)
mem[0x0000000080049F80] <- 0x0000000000000002
mem[X,0x000000008002FE6C] -> 0x3537
mem[X,0x000000008002FE6E] -> 0x3333
[7119] [M]: 0x000000008002FE6C (0x33333537) lui a0, 209715
x10 <- 0x0000000033333000
mem[X,0x000000008002FE70] -> 0x0513
mem[X,0x000000008002FE72] -> 0x3335
[7120] [M]: 0x000000008002FE70 (0x33350513) addi a0, a0, 819
x10 <- 0x0000000033333333
mem[X,0x000000008002FE74] -> 0x1513
mem[X,0x000000008002FE76] -> 0x00B5
[7121] [M]: 0x000000008002FE74 (0x00B51513) slli a0, a0, 11
x10 <- 0x0000019999999800
mem[X,0x000000008002FE78] -> 0x0513
mem[X,0x000000008002FE7A] -> 0x1995
[7122] [M]: 0x000000008002FE78 (0x19950513) addi a0, a0, 409
x10 <- 0x0000019999999999
mem[X,0x000000008002FE7C] -> 0x1513
mem[X,0x000000008002FE7E] -> 0x00B5
[7123] [M]: 0x000000008002FE7C (0x00B51513) slli a0, a0, 11
x10 <- 0x000CCCCCCCCCC800
mem[X,0x000000008002FE80] -> 0x0513
mem[X,0x000000008002FE82] -> 0x4CC5
[7124] [M]: 0x000000008002FE80 (0x4CC50513) addi a0, a0, 1228
x10 <- 0x000CCCCCCCCCCCCC
mem[X,0x000000008002FE84] -> 0x1513
mem[X,0x000000008002FE86] -> 0x00A5
[7125] [M]: 0x000000008002FE84 (0x00A51513) slli a0, a0, 10
x10 <- 0x3333333333333000
mem[X,0x000000008002FE88] -> 0x0513
mem[X,0x000000008002FE8A] -> 0x3325
[7126] [M]: 0x000000008002FE88 (0x33250513) addi a0, a0, 818
x10 <- 0x3333333333333332
mem[X,0x000000008002FE8C] -> 0x65B7
mem[X,0x000000008002FE8E] -> 0x6666
[7127] [M]: 0x000000008002FE8C (0x666665B7) lui a1, 419430
x11 <- 0x0000000066666000
mem[X,0x000000008002FE90] -> 0x8593
mem[X,0x000000008002FE92] -> 0x6665
[7128] [M]: 0x000000008002FE90 (0x66658593) addi a1, a1, 1638
x11 <- 0x0000000066666666
mem[X,0x000000008002FE94] -> 0x9593
mem[X,0x000000008002FE96] -> 0x00B5
[7129] [M]: 0x000000008002FE94 (0x00B59593) slli a1, a1, 11
x11 <- 0x0000033333333000
mem[X,0x000000008002FE98] -> 0x8593
mem[X,0x000000008002FE9A] -> 0x3335
[7130] [M]: 0x000000008002FE98 (0x33358593) addi a1, a1, 819
x11 <- 0x0000033333333333
mem[X,0x000000008002FE9C] -> 0x9593
mem[X,0x000000008002FE9E] -> 0x00B5
[7131] [M]: 0x000000008002FE9C (0x00B59593) slli a1, a1, 11
x11 <- 0x0019999999999800
mem[X,0x000000008002FEA0] -> 0x8593
mem[X,0x000000008002FEA2] -> 0x1995
[7132] [M]: 0x000000008002FEA0 (0x19958593) addi a1, a1, 409
x11 <- 0x0019999999999999
mem[X,0x000000008002FEA4] -> 0x9593
mem[X,0x000000008002FEA6] -> 0x00A5
[7133] [M]: 0x000000008002FEA4 (0x00A59593) slli a1, a1, 10
x11 <- 0x6666666666666400
mem[X,0x000000008002FEA8] -> 0x8593
mem[X,0x000000008002FEAA] -> 0x2675
[7134] [M]: 0x000000008002FEA8 (0x26758593) addi a1, a1, 615
x11 <- 0x6666666666666667
mem[X,0x000000008002FEAC] -> 0x0213
mem[X,0x000000008002FEAE] -> 0x0000
[7135] [M]: 0x000000008002FEAC (0x00000213) addi tp, zero, 0
x4 <- 0x0000000000000000
mem[X,0x000000008002FEB0] -> 0x006F
mem[X,0x000000008002FEB2] -> 0x00C0
[7136] [M]: 0x000000008002FEB0 (0x00C0006F) jal zero, 12
mem[X,0x000000008002FEBC] -> 0x0663
mem[X,0x000000008002FEBE] -> 0x00B5
[7137] [M]: 0x000000008002FEBC (0x00B50663) beq a0, a1, 12
mem[X,0x000000008002FEC0] -> 0x0213
mem[X,0x000000008002FEC2] -> 0x0022
[7138] [M]: 0x000000008002FEC0 (0x00220213) addi tp, tp, 2
x4 <- 0x0000000000000002
mem[X,0x000000008002FEC4] -> 0x006F
mem[X,0x000000008002FEC6] -> 0x00C0
[7139] [M]: 0x000000008002FEC4 (0x00C0006F) jal zero, 12
mem[X,0x000000008002FED0] -> 0x3023
mem[X,0x000000008002FED2] -> 0x5C41
[7140] [M]: 0x000000008002FED0 (0x5C413023) sd tp, 1472(sp)
mem[0x0000000080049F88] <- 0x0000000000000002
mem[X,0x000000008002FED4] -> 0x3537
mem[X,0x000000008002FED6] -> 0x3333
[7141] [M]: 0x000000008002FED4 (0x33333537) lui a0, 209715
x10 <- 0x0000000033333000
mem[X,0x000000008002FED8] -> 0x0513
mem[X,0x000000008002FEDA] -> 0x3335
[7142] [M]: 0x000000008002FED8 (0x33350513) addi a0, a0, 819
x10 <- 0x0000000033333333
mem[X,0x000000008002FEDC] -> 0x1513
mem[X,0x000000008002FEDE] -> 0x00B5
[7143] [M]: 0x000000008002FEDC (0x00B51513) slli a0, a0, 11
x10 <- 0x0000019999999800
mem[X,0x000000008002FEE0] -> 0x0513
mem[X,0x000000008002FEE2] -> 0x1995
[7144] [M]: 0x000000008002FEE0 (0x19950513) addi a0, a0, 409
x10 <- 0x0000019999999999
mem[X,0x000000008002FEE4] -> 0x1513
mem[X,0x000000008002FEE6] -> 0x00B5
[7145] [M]: 0x000000008002FEE4 (0x00B51513) slli a0, a0, 11
x10 <- 0x000CCCCCCCCCC800
mem[X,0x000000008002FEE8] -> 0x0513
mem[X,0x000000008002FEEA] -> 0x4CC5
[7146] [M]: 0x000000008002FEE8 (0x4CC50513) addi a0, a0, 1228
x10 <- 0x000CCCCCCCCCCCCC
mem[X,0x000000008002FEEC] -> 0x1513
mem[X,0x000000008002FEEE] -> 0x00A5
[7147] [M]: 0x000000008002FEEC (0x00A51513) slli a0, a0, 10
x10 <- 0x3333333333333000
mem[X,0x000000008002FEF0] -> 0x0513
mem[X,0x000000008002FEF2] -> 0x3325
[7148] [M]: 0x000000008002FEF0 (0x33250513) addi a0, a0, 818
x10 <- 0x3333333333333332
mem[X,0x000000008002FEF4] -> 0x05B7
mem[X,0x000000008002FEF6] -> 0x0000
[7149] [M]: 0x000000008002FEF4 (0x000005B7) lui a1, 0
x11 <- 0x0000000000000000
mem[X,0x000000008002FEF8] -> 0x8593
mem[X,0x000000008002FEFA] -> 0xFFF5
[7150] [M]: 0x000000008002FEF8 (0xFFF58593) addi a1, a1, 4095
x11 <- 0xFFFFFFFFFFFFFFFF
mem[X,0x000000008002FEFC] -> 0x9593
mem[X,0x000000008002FEFE] -> 0x00B5
[7151] [M]: 0x000000008002FEFC (0x00B59593) slli a1, a1, 11
x11 <- 0xFFFFFFFFFFFFF800
mem[X,0x000000008002FF00] -> 0x8593
mem[X,0x000000008002FF02] -> 0x2575
[7152] [M]: 0x000000008002FF00 (0x25758593) addi a1, a1, 599
x11 <- 0xFFFFFFFFFFFFFA57
mem[X,0x000000008002FF04] -> 0x9593
mem[X,0x000000008002FF06] -> 0x00B5
[7153] [M]: 0x000000008002FF04 (0x00B59593) slli a1, a1, 11
x11 <- 0xFFFFFFFFFFD2B800
mem[X,0x000000008002FF08] -> 0x8593
mem[X,0x000000008002FF0A] -> 0x6C35
[7154] [M]: 0x000000008002FF08 (0x6C358593) addi a1, a1, 1731
x11 <- 0xFFFFFFFFFFD2BEC3
mem[X,0x000000008002FF0C] -> 0x9593
mem[X,0x000000008002FF0E] -> 0x00A5
[7155] [M]: 0x000000008002FF0C (0x00A59593) slli a1, a1, 10
x11 <- 0xFFFFFFFF4AFB0C00
mem[X,0x000000008002FF10] -> 0x8593
mem[X,0x000000008002FF12] -> 0x0CE5
[7156] [M]: 0x000000008002FF10 (0x0CE58593) addi a1, a1, 206
x11 <- 0xFFFFFFFF4AFB0CCE
mem[X,0x000000008002FF14] -> 0x0213
mem[X,0x000000008002FF16] -> 0x0000
[7157] [M]: 0x000000008002FF14 (0x00000213) addi tp, zero, 0
x4 <- 0x0000000000000000
mem[X,0x000000008002FF18] -> 0x006F
mem[X,0x000000008002FF1A] -> 0x00C0
[7158] [M]: 0x000000008002FF18 (0x00C0006F) jal zero, 12
mem[X,0x000000008002FF24] -> 0x0663
mem[X,0x000000008002FF26] -> 0x00B5
[7159] [M]: 0x000000008002FF24 (0x00B50663) beq a0, a1, 12
mem[X,0x000000008002FF28] -> 0x0213
mem[X,0x000000008002FF2A] -> 0x0022
[7160] [M]: 0x000000008002FF28 (0x00220213) addi tp, tp, 2
x4 <- 0x0000000000000002
mem[X,0x000000008002FF2C] -> 0x006F
mem[X,0x000000008002FF2E] -> 0x00C0
[7161] [M]: 0x000000008002FF2C (0x00C0006F) jal zero, 12
mem[X,0x000000008002FF38] -> 0x3423
mem[X,0x000000008002FF3A] -> 0x5C41
[7162] [M]: 0x000000008002FF38 (0x5C413423) sd tp, 1480(sp)
mem[0x0000000080049F90] <- 0x0000000000000002
mem[X,0x000000008002FF3C] -> 0x3537
mem[X,0x000000008002FF3E] -> 0x3333
[7163] [M]: 0x000000008002FF3C (0x33333537) lui a0, 209715
x10 <- 0x0000000033333000
mem[X,0x000000008002FF40] -> 0x0513
mem[X,0x000000008002FF42] -> 0x3335
[7164] [M]: 0x000000008002FF40 (0x33350513) addi a0, a0, 819
x10 <- 0x0000000033333333
mem[X,0x000000008002FF44] -> 0x1513
mem[X,0x000000008002FF46] -> 0x00B5
[7165] [M]: 0x000000008002FF44 (0x00B51513) slli a0, a0, 11
x10 <- 0x0000019999999800
mem[X,0x000000008002FF48] -> 0x0513
mem[X,0x000000008002FF4A] -> 0x1995
[7166] [M]: 0x000000008002FF48 (0x19950513) addi a0, a0, 409
x10 <- 0x0000019999999999
mem[X,0x000000008002FF4C] -> 0x1513
mem[X,0x000000008002FF4E] -> 0x00B5
[7167] [M]: 0x000000008002FF4C (0x00B51513) slli a0, a0, 11
x10 <- 0x000CCCCCCCCCC800
mem[X,0x000000008002FF50] -> 0x0513
mem[X,0x000000008002FF52] -> 0x4CC5
[7168] [M]: 0x000000008002FF50 (0x4CC50513) addi a0, a0, 1228
x10 <- 0x000CCCCCCCCCCCCC
mem[X,0x000000008002FF54] -> 0x1513
mem[X,0x000000008002FF56] -> 0x00A5
[7169] [M]: 0x000000008002FF54 (0x00A51513) slli a0, a0, 10
x10 <- 0x3333333333333000
mem[X,0x000000008002FF58] -> 0x0513
mem[X,0x000000008002FF5A] -> 0x3325
[7170] [M]: 0x000000008002FF58 (0x33250513) addi a0, a0, 818
x10 <- 0x3333333333333332
mem[X,0x000000008002FF5C] -> 0x05B7
mem[X,0x000000008002FF5E] -> 0x0000
[7171] [M]: 0x000000008002FF5C (0x000005B7) lui a1, 0
x11 <- 0x0000000000000000
mem[X,0x000000008002FF60] -> 0x8593
mem[X,0x000000008002FF62] -> 0x0005
[7172] [M]: 0x000000008002FF60 (0x00058593) addi a1, a1, 0
x11 <- 0x0000000000000000
mem[X,0x000000008002FF64] -> 0x9593
mem[X,0x000000008002FF66] -> 0x00B5
[7173] [M]: 0x000000008002FF64 (0x00B59593) slli a1, a1, 11
x11 <- 0x0000000000000000
mem[X,0x000000008002FF68] -> 0x8593
mem[X,0x000000008002FF6A] -> 0x5A85
[7174] [M]: 0x000000008002FF68 (0x5A858593) addi a1, a1, 1448
x11 <- 0x00000000000005A8
mem[X,0x000000008002FF6C] -> 0x9593
mem[X,0x000000008002FF6E] -> 0x00B5
[7175] [M]: 0x000000008002FF6C (0x00B59593) slli a1, a1, 11
x11 <- 0x00000000002D4000
mem[X,0x000000008002FF70] -> 0x8593
mem[X,0x000000008002FF72] -> 0x13C5
[7176] [M]: 0x000000008002FF70 (0x13C58593) addi a1, a1, 316
x11 <- 0x00000000002D413C
mem[X,0x000000008002FF74] -> 0x9593
mem[X,0x000000008002FF76] -> 0x00A5
[7177] [M]: 0x000000008002FF74 (0x00A59593) slli a1, a1, 10
x11 <- 0x00000000B504F000
mem[X,0x000000008002FF78] -> 0x8593
mem[X,0x000000008002FF7A] -> 0x3345
[7178] [M]: 0x000000008002FF78 (0x33458593) addi a1, a1, 820
x11 <- 0x00000000B504F334
mem[X,0x000000008002FF7C] -> 0x0213
mem[X,0x000000008002FF7E] -> 0x0000
[7179] [M]: 0x000000008002FF7C (0x00000213) addi tp, zero, 0
x4 <- 0x0000000000000000
mem[X,0x000000008002FF80] -> 0x006F
mem[X,0x000000008002FF82] -> 0x00C0
[7180] [M]: 0x000000008002FF80 (0x00C0006F) jal zero, 12
mem[X,0x000000008002FF8C] -> 0x0863
mem[X,0x000000008002FF8E] -> 0x00B5
[7181] [M]: 0x000000008002FF8C (0x00B50863) beq a0, a1, 16
mem[X,0x000000008002FF90] -> 0x0213
mem[X,0x000000008002FF92] -> 0x0022
[7182] [M]: 0x000000008002FF90 (0x00220213) addi tp, tp, 2
x4 <- 0x0000000000000002
mem[X,0x000000008002FF94] -> 0x006F
mem[X,0x000000008002FF96] -> 0x0100
[7183] [M]: 0x000000008002FF94 (0x0100006F) jal zero, 16
mem[X,0x000000008002FFA4] -> 0x3823
mem[X,0x000000008002FFA6] -> 0x5C41
[7184] [M]: 0x000000008002FFA4 (0x5C413823) sd tp, 1488(sp)
mem[0x0000000080049F98] <- 0x0000000000000002
mem[X,0x000000008002FFA8] -> 0x6537
mem[X,0x000000008002FFAA] -> 0x6666
[7185] [M]: 0x000000008002FFA8 (0x66666537) lui a0, 419430
x10 <- 0x0000000066666000
mem[X,0x000000008002FFAC] -> 0x0513
mem[X,0x000000008002FFAE] -> 0x6665
[7186] [M]: 0x000000008002FFAC (0x66650513) addi a0, a0, 1638
x10 <- 0x0000000066666666
mem[X,0x000000008002FFB0] -> 0x1513
mem[X,0x000000008002FFB2] -> 0x00B5
[7187] [M]: 0x000000008002FFB0 (0x00B51513) slli a0, a0, 11
x10 <- 0x0000033333333000
mem[X,0x000000008002FFB4] -> 0x0513
mem[X,0x000000008002FFB6] -> 0x3335
[7188] [M]: 0x000000008002FFB4 (0x33350513) addi a0, a0, 819
x10 <- 0x0000033333333333
mem[X,0x000000008002FFB8] -> 0x1513
mem[X,0x000000008002FFBA] -> 0x00B5
[7189] [M]: 0x000000008002FFB8 (0x00B51513) slli a0, a0, 11
x10 <- 0x0019999999999800
mem[X,0x000000008002FFBC] -> 0x0513
mem[X,0x000000008002FFBE] -> 0x1995
[7190] [M]: 0x000000008002FFBC (0x19950513) addi a0, a0, 409
x10 <- 0x0019999999999999
mem[X,0x000000008002FFC0] -> 0x1513
mem[X,0x000000008002FFC2] -> 0x00A5
[7191] [M]: 0x000000008002FFC0 (0x00A51513) slli a0, a0, 10
x10 <- 0x6666666666666400
mem[X,0x000000008002FFC4] -> 0x0513
mem[X,0x000000008002FFC6] -> 0x2655
[7192] [M]: 0x000000008002FFC4 (0x26550513) addi a0, a0, 613
x10 <- 0x6666666666666665
mem[X,0x000000008002FFC8] -> 0x0593
mem[X,0x000000008002FFCA] -> 0x0030
[7193] [M]: 0x000000008002FFC8 (0x00300593) addi a1, zero, 3
x11 <- 0x0000000000000003
mem[X,0x000000008002FFCC] -> 0x0213
mem[X,0x000000008002FFCE] -> 0x0000
[7194] [M]: 0x000000008002FFCC (0x00000213) addi tp, zero, 0
x4 <- 0x0000000000000000
mem[X,0x000000008002FFD0] -> 0x006F
mem[X,0x000000008002FFD2] -> 0x00C0
[7195] [M]: 0x000000008002FFD0 (0x00C0006F) jal zero, 12
mem[X,0x000000008002FFDC] -> 0x0663
mem[X,0x000000008002FFDE] -> 0x00B5
[7196] [M]: 0x000000008002FFDC (0x00B50663) beq a0, a1, 12
mem[X,0x000000008002FFE0] -> 0x0213
mem[X,0x000000008002FFE2] -> 0x0022
[7197] [M]: 0x000000008002FFE0 (0x00220213) addi tp, tp, 2
x4 <- 0x0000000000000002
mem[X,0x000000008002FFE4] -> 0x006F
mem[X,0x000000008002FFE6] -> 0x00C0
[7198] [M]: 0x000000008002FFE4 (0x00C0006F) jal zero, 12
mem[X,0x000000008002FFF0] -> 0x3C23
mem[X,0x000000008002FFF2] -> 0x5C41
[7199] [M]: 0x000000008002FFF0 (0x5C413C23) sd tp, 1496(sp)
mem[0x0000000080049FA0] <- 0x0000000000000002
clint::tick mtime <- 0x0000000000000048
 clint timer pending at mtime 0x0000000000000048
htif::tick 0x0000000000000000
mem[X,0x000000008002FFF4] -> 0x6537
mem[X,0x000000008002FFF6] -> 0x6666
[7200] [M]: 0x000000008002FFF4 (0x66666537) lui a0, 419430
x10 <- 0x0000000066666000
mem[X,0x000000008002FFF8] -> 0x0513
mem[X,0x000000008002FFFA] -> 0x6665
[7201] [M]: 0x000000008002FFF8 (0x66650513) addi a0, a0, 1638
x10 <- 0x0000000066666666
mem[X,0x000000008002FFFC] -> 0x1513
mem[X,0x000000008002FFFE] -> 0x00B5
[7202] [M]: 0x000000008002FFFC (0x00B51513) slli a0, a0, 11
x10 <- 0x0000033333333000
mem[X,0x0000000080030000] -> 0x0513
mem[X,0x0000000080030002] -> 0x3335
[7203] [M]: 0x0000000080030000 (0x33350513) addi a0, a0, 819
x10 <- 0x0000033333333333
mem[X,0x0000000080030004] -> 0x1513
mem[X,0x0000000080030006] -> 0x00B5
[7204] [M]: 0x0000000080030004 (0x00B51513) slli a0, a0, 11
x10 <- 0x0019999999999800
mem[X,0x0000000080030008] -> 0x0513
mem[X,0x000000008003000A] -> 0x1995
[7205] [M]: 0x0000000080030008 (0x19950513) addi a0, a0, 409
x10 <- 0x0019999999999999
mem[X,0x000000008003000C] -> 0x1513
mem[X,0x000000008003000E] -> 0x00A5
[7206] [M]: 0x000000008003000C (0x00A51513) slli a0, a0, 10
x10 <- 0x6666666666666400
mem[X,0x0000000080030010] -> 0x0513
mem[X,0x0000000080030012] -> 0x2655
[7207] [M]: 0x0000000080030010 (0x26550513) addi a0, a0, 613
x10 <- 0x6666666666666665
mem[X,0x0000000080030014] -> 0x55B7
mem[X,0x0000000080030016] -> 0x5555
[7208] [M]: 0x0000000080030014 (0x555555B7) lui a1, 349525
x11 <- 0x0000000055555000
mem[X,0x0000000080030018] -> 0x8593
mem[X,0x000000008003001A] -> 0x5555
[7209] [M]: 0x0000000080030018 (0x55558593) addi a1, a1, 1365
x11 <- 0x0000000055555555
mem[X,0x000000008003001C] -> 0x9593
mem[X,0x000000008003001E] -> 0x00B5
[7210] [M]: 0x000000008003001C (0x00B59593) slli a1, a1, 11
x11 <- 0x000002AAAAAAA800
mem[X,0x0000000080030020] -> 0x8593
mem[X,0x0000000080030022] -> 0x2AA5
[7211] [M]: 0x0000000080030020 (0x2AA58593) addi a1, a1, 682
x11 <- 0x000002AAAAAAAAAA
mem[X,0x0000000080030024] -> 0x9593
mem[X,0x0000000080030026] -> 0x00B5
[7212] [M]: 0x0000000080030024 (0x00B59593) slli a1, a1, 11
x11 <- 0x0015555555555000
mem[X,0x0000000080030028] -> 0x8593
mem[X,0x000000008003002A] -> 0x5555
[7213] [M]: 0x0000000080030028 (0x55558593) addi a1, a1, 1365
x11 <- 0x0015555555555555
mem[X,0x000000008003002C] -> 0x9593
mem[X,0x000000008003002E] -> 0x00A5
[7214] [M]: 0x000000008003002C (0x00A59593) slli a1, a1, 10
x11 <- 0x5555555555555400
mem[X,0x0000000080030030] -> 0x8593
mem[X,0x0000000080030032] -> 0x1555
[7215] [M]: 0x0000000080030030 (0x15558593) addi a1, a1, 341
x11 <- 0x5555555555555555
mem[X,0x0000000080030034] -> 0x0213
mem[X,0x0000000080030036] -> 0x0000
[7216] [M]: 0x0000000080030034 (0x00000213) addi tp, zero, 0
x4 <- 0x0000000000000000
mem[X,0x0000000080030038] -> 0x006F
mem[X,0x000000008003003A] -> 0x0100
[7217] [M]: 0x0000000080030038 (0x0100006F) jal zero, 16
mem[X,0x0000000080030048] -> 0x0AE3
mem[X,0x000000008003004A] -> 0xFEB5
[7218] [M]: 0x0000000080030048 (0xFEB50AE3) beq a0, a1, 8180
mem[X,0x000000008003004C] -> 0x0213
mem[X,0x000000008003004E] -> 0x0022
[7219] [M]: 0x000000008003004C (0x00220213) addi tp, tp, 2
x4 <- 0x0000000000000002
mem[X,0x0000000080030050] -> 0x006F
mem[X,0x0000000080030052] -> 0x00C0
[7220] [M]: 0x0000000080030050 (0x00C0006F) jal zero, 12
mem[X,0x000000008003005C] -> 0x3023
mem[X,0x000000008003005E] -> 0x5E41
[7221] [M]: 0x000000008003005C (0x5E413023) sd tp, 1504(sp)
mem[0x0000000080049FA8] <- 0x0000000000000002
mem[X,0x0000000080030060] -> 0x6537
mem[X,0x0000000080030062] -> 0x6666
[7222] [M]: 0x0000000080030060 (0x66666537) lui a0, 419430
x10 <- 0x0000000066666000
mem[X,0x0000000080030064] -> 0x0513
mem[X,0x0000000080030066] -> 0x6665
[7223] [M]: 0x0000000080030064 (0x66650513) addi a0, a0, 1638
x10 <- 0x0000000066666666
mem[X,0x0000000080030068] -> 0x1513
mem[X,0x000000008003006A] -> 0x00B5
[7224] [M]: 0x0000000080030068 (0x00B51513) slli a0, a0, 11
x10 <- 0x0000033333333000
mem[X,0x000000008003006C] -> 0x0513
mem[X,0x000000008003006E] -> 0x3335
[7225] [M]: 0x000000008003006C (0x33350513) addi a0, a0, 819
x10 <- 0x0000033333333333
mem[X,0x0000000080030070] -> 0x1513
mem[X,0x0000000080030072] -> 0x00B5
[7226] [M]: 0x0000000080030070 (0x00B51513) slli a0, a0, 11
x10 <- 0x0019999999999800
mem[X,0x0000000080030074] -> 0x0513
mem[X,0x0000000080030076] -> 0x1995
[7227] [M]: 0x0000000080030074 (0x19950513) addi a0, a0, 409
x10 <- 0x0019999999999999
mem[X,0x0000000080030078] -> 0x1513
mem[X,0x000000008003007A] -> 0x00A5
[7228] [M]: 0x0000000080030078 (0x00A51513) slli a0, a0, 10
x10 <- 0x6666666666666400
mem[X,0x000000008003007C] -> 0x0513
mem[X,0x000000008003007E] -> 0x2655
[7229] [M]: 0x000000008003007C (0x26550513) addi a0, a0, 613
x10 <- 0x6666666666666665
mem[X,0x0000000080030080] -> 0xB5B7
mem[X,0x0000000080030082] -> 0xAAAA
[7230] [M]: 0x0000000080030080 (0xAAAAB5B7) lui a1, 699051
x11 <- 0xFFFFFFFFAAAAB000
mem[X,0x0000000080030084] -> 0x8593
mem[X,0x0000000080030086] -> 0xAAA5
[7231] [M]: 0x0000000080030084 (0xAAA58593) addi a1, a1, 2730
x11 <- 0xFFFFFFFFAAAAAAAA
mem[X,0x0000000080030088] -> 0x9593
mem[X,0x000000008003008A] -> 0x00B5
[7232] [M]: 0x0000000080030088 (0x00B59593) slli a1, a1, 11
x11 <- 0xFFFFFD5555555000
mem[X,0x000000008003008C] -> 0x8593
mem[X,0x000000008003008E] -> 0x5555
[7233] [M]: 0x000000008003008C (0x55558593) addi a1, a1, 1365
x11 <- 0xFFFFFD5555555555
mem[X,0x0000000080030090] -> 0x9593
mem[X,0x0000000080030092] -> 0x00B5
[7234] [M]: 0x0000000080030090 (0x00B59593) slli a1, a1, 11
x11 <- 0xFFEAAAAAAAAAA800
mem[X,0x0000000080030094] -> 0x8593
mem[X,0x0000000080030096] -> 0x2AA5
[7235] [M]: 0x0000000080030094 (0x2AA58593) addi a1, a1, 682
x11 <- 0xFFEAAAAAAAAAAAAA
mem[X,0x0000000080030098] -> 0x9593
mem[X,0x000000008003009A] -> 0x00A5
[7236] [M]: 0x0000000080030098 (0x00A59593) slli a1, a1, 10
x11 <- 0xAAAAAAAAAAAAA800
mem[X,0x000000008003009C] -> 0x8593
mem[X,0x000000008003009E] -> 0x2AA5
[7237] [M]: 0x000000008003009C (0x2AA58593) addi a1, a1, 682
x11 <- 0xAAAAAAAAAAAAAAAA
mem[X,0x00000000800300A0] -> 0x0213
mem[X,0x00000000800300A2] -> 0x0000
[7238] [M]: 0x00000000800300A0 (0x00000213) addi tp, zero, 0
x4 <- 0x0000000000000000
mem[X,0x00000000800300A4] -> 0x006F
mem[X,0x00000000800300A6] -> 0x00C0
[7239] [M]: 0x00000000800300A4 (0x00C0006F) jal zero, 12
mem[X,0x00000000800300B0] -> 0x0CE3
mem[X,0x00000000800300B2] -> 0xFEB5
[7240] [M]: 0x00000000800300B0 (0xFEB50CE3) beq a0, a1, 8184
mem[X,0x00000000800300B4] -> 0x0213
mem[X,0x00000000800300B6] -> 0x0022
[7241] [M]: 0x00000000800300B4 (0x00220213) addi tp, tp, 2
x4 <- 0x0000000000000002
mem[X,0x00000000800300B8] -> 0x006F
mem[X,0x00000000800300BA] -> 0x00C0
[7242] [M]: 0x00000000800300B8 (0x00C0006F) jal zero, 12
mem[X,0x00000000800300C4] -> 0x3423
mem[X,0x00000000800300C6] -> 0x5E41
[7243] [M]: 0x00000000800300C4 (0x5E413423) sd tp, 1512(sp)
mem[0x0000000080049FB0] <- 0x0000000000000002
mem[X,0x00000000800300C8] -> 0x6537
mem[X,0x00000000800300CA] -> 0x6666
[7244] [M]: 0x00000000800300C8 (0x66666537) lui a0, 419430
x10 <- 0x0000000066666000
mem[X,0x00000000800300CC] -> 0x0513
mem[X,0x00000000800300CE] -> 0x6665
[7245] [M]: 0x00000000800300CC (0x66650513) addi a0, a0, 1638
x10 <- 0x0000000066666666
mem[X,0x00000000800300D0] -> 0x1513
mem[X,0x00000000800300D2] -> 0x00B5
[7246] [M]: 0x00000000800300D0 (0x00B51513) slli a0, a0, 11
x10 <- 0x0000033333333000
mem[X,0x00000000800300D4] -> 0x0513
mem[X,0x00000000800300D6] -> 0x3335
[7247] [M]: 0x00000000800300D4 (0x33350513) addi a0, a0, 819
x10 <- 0x0000033333333333
mem[X,0x00000000800300D8] -> 0x1513
mem[X,0x00000000800300DA] -> 0x00B5
[7248] [M]: 0x00000000800300D8 (0x00B51513) slli a0, a0, 11
x10 <- 0x0019999999999800
mem[X,0x00000000800300DC] -> 0x0513
mem[X,0x00000000800300DE] -> 0x1995
[7249] [M]: 0x00000000800300DC (0x19950513) addi a0, a0, 409
x10 <- 0x0019999999999999
mem[X,0x00000000800300E0] -> 0x1513
mem[X,0x00000000800300E2] -> 0x00A5
[7250] [M]: 0x00000000800300E0 (0x00A51513) slli a0, a0, 10
x10 <- 0x6666666666666400
mem[X,0x00000000800300E4] -> 0x0513
mem[X,0x00000000800300E6] -> 0x2655
[7251] [M]: 0x00000000800300E4 (0x26550513) addi a0, a0, 613
x10 <- 0x6666666666666665
mem[X,0x00000000800300E8] -> 0x0593
mem[X,0x00000000800300EA] -> 0x0050
[7252] [M]: 0x00000000800300E8 (0x00500593) addi a1, zero, 5
x11 <- 0x0000000000000005
mem[X,0x00000000800300EC] -> 0x0213
mem[X,0x00000000800300EE] -> 0x0000
[7253] [M]: 0x00000000800300EC (0x00000213) addi tp, zero, 0
x4 <- 0x0000000000000000
mem[X,0x00000000800300F0] -> 0x006F
mem[X,0x00000000800300F2] -> 0x0050
[7254] [M]: 0x00000000800300F0 (0x0050006F) jal zero, 2052
mem[X,0x00000000800308F4] -> 0x00E3
mem[X,0x00000000800308F6] -> 0x80B5
[7255] [M]: 0x00000000800308F4 (0x80B500E3) beq a0, a1, 6144
mem[X,0x00000000800308F8] -> 0x0213
mem[X,0x00000000800308FA] -> 0x0022
[7256] [M]: 0x00000000800308F8 (0x00220213) addi tp, tp, 2
x4 <- 0x0000000000000002
mem[X,0x00000000800308FC] -> 0x006F
mem[X,0x00000000800308FE] -> 0x00C0
[7257] [M]: 0x00000000800308FC (0x00C0006F) jal zero, 12
mem[X,0x0000000080030908] -> 0x3823
mem[X,0x000000008003090A] -> 0x5E41
[7258] [M]: 0x0000000080030908 (0x5E413823) sd tp, 1520(sp)
mem[0x0000000080049FB8] <- 0x0000000000000002
mem[X,0x000000008003090C] -> 0x6537
mem[X,0x000000008003090E] -> 0x6666
[7259] [M]: 0x000000008003090C (0x66666537) lui a0, 419430
x10 <- 0x0000000066666000
mem[X,0x0000000080030910] -> 0x0513
mem[X,0x0000000080030912] -> 0x6665
[7260] [M]: 0x0000000080030910 (0x66650513) addi a0, a0, 1638
x10 <- 0x0000000066666666
mem[X,0x0000000080030914] -> 0x1513
mem[X,0x0000000080030916] -> 0x00B5
[7261] [M]: 0x0000000080030914 (0x00B51513) slli a0, a0, 11
x10 <- 0x0000033333333000
mem[X,0x0000000080030918] -> 0x0513
mem[X,0x000000008003091A] -> 0x3335
[7262] [M]: 0x0000000080030918 (0x33350513) addi a0, a0, 819
x10 <- 0x0000033333333333
mem[X,0x000000008003091C] -> 0x1513
mem[X,0x000000008003091E] -> 0x00B5
[7263] [M]: 0x000000008003091C (0x00B51513) slli a0, a0, 11
x10 <- 0x0019999999999800
mem[X,0x0000000080030920] -> 0x0513
mem[X,0x0000000080030922] -> 0x1995
[7264] [M]: 0x0000000080030920 (0x19950513) addi a0, a0, 409
x10 <- 0x0019999999999999
mem[X,0x0000000080030924] -> 0x1513
mem[X,0x0000000080030926] -> 0x00A5
[7265] [M]: 0x0000000080030924 (0x00A51513) slli a0, a0, 10
x10 <- 0x6666666666666400
mem[X,0x0000000080030928] -> 0x0513
mem[X,0x000000008003092A] -> 0x2655
[7266] [M]: 0x0000000080030928 (0x26550513) addi a0, a0, 613
x10 <- 0x6666666666666665
mem[X,0x000000008003092C] -> 0x35B7
mem[X,0x000000008003092E] -> 0x3333
[7267] [M]: 0x000000008003092C (0x333335B7) lui a1, 209715
x11 <- 0x0000000033333000
mem[X,0x0000000080030930] -> 0x8593
mem[X,0x0000000080030932] -> 0x3335
[7268] [M]: 0x0000000080030930 (0x33358593) addi a1, a1, 819
x11 <- 0x0000000033333333
mem[X,0x0000000080030934] -> 0x9593
mem[X,0x0000000080030936] -> 0x00B5
[7269] [M]: 0x0000000080030934 (0x00B59593) slli a1, a1, 11
x11 <- 0x0000019999999800
mem[X,0x0000000080030938] -> 0x8593
mem[X,0x000000008003093A] -> 0x1995
[7270] [M]: 0x0000000080030938 (0x19958593) addi a1, a1, 409
x11 <- 0x0000019999999999
mem[X,0x000000008003093C] -> 0x9593
mem[X,0x000000008003093E] -> 0x00B5
[7271] [M]: 0x000000008003093C (0x00B59593) slli a1, a1, 11
x11 <- 0x000CCCCCCCCCC800
mem[X,0x0000000080030940] -> 0x8593
mem[X,0x0000000080030942] -> 0x4CC5
[7272] [M]: 0x0000000080030940 (0x4CC58593) addi a1, a1, 1228
x11 <- 0x000CCCCCCCCCCCCC
mem[X,0x0000000080030944] -> 0x9593
mem[X,0x0000000080030946] -> 0x00A5
[7273] [M]: 0x0000000080030944 (0x00A59593) slli a1, a1, 10
x11 <- 0x3333333333333000
mem[X,0x0000000080030948] -> 0x8593
mem[X,0x000000008003094A] -> 0x3335
[7274] [M]: 0x0000000080030948 (0x33358593) addi a1, a1, 819
x11 <- 0x3333333333333333
mem[X,0x000000008003094C] -> 0x0213
mem[X,0x000000008003094E] -> 0x0000
[7275] [M]: 0x000000008003094C (0x00000213) addi tp, zero, 0
x4 <- 0x0000000000000000
mem[X,0x0000000080030950] -> 0x006F
mem[X,0x0000000080030952] -> 0x00C0
[7276] [M]: 0x0000000080030950 (0x00C0006F) jal zero, 12
mem[X,0x000000008003095C] -> 0x0863
mem[X,0x000000008003095E] -> 0x00B5
[7277] [M]: 0x000000008003095C (0x00B50863) beq a0, a1, 16
mem[X,0x0000000080030960] -> 0x0213
mem[X,0x0000000080030962] -> 0x0022
[7278] [M]: 0x0000000080030960 (0x00220213) addi tp, tp, 2
x4 <- 0x0000000000000002
mem[X,0x0000000080030964] -> 0x006F
mem[X,0x0000000080030966] -> 0x0100
[7279] [M]: 0x0000000080030964 (0x0100006F) jal zero, 16
mem[X,0x0000000080030974] -> 0x3C23
mem[X,0x0000000080030976] -> 0x5E41
[7280] [M]: 0x0000000080030974 (0x5E413C23) sd tp, 1528(sp)
mem[0x0000000080049FC0] <- 0x0000000000000002
mem[X,0x0000000080030978] -> 0x6537
mem[X,0x000000008003097A] -> 0x6666
[7281] [M]: 0x0000000080030978 (0x66666537) lui a0, 419430
x10 <- 0x0000000066666000
mem[X,0x000000008003097C] -> 0x0513
mem[X,0x000000008003097E] -> 0x6665
[7282] [M]: 0x000000008003097C (0x66650513) addi a0, a0, 1638
x10 <- 0x0000000066666666
mem[X,0x0000000080030980] -> 0x1513
mem[X,0x0000000080030982] -> 0x00B5
[7283] [M]: 0x0000000080030980 (0x00B51513) slli a0, a0, 11
x10 <- 0x0000033333333000
mem[X,0x0000000080030984] -> 0x0513
mem[X,0x0000000080030986] -> 0x3335
[7284] [M]: 0x0000000080030984 (0x33350513) addi a0, a0, 819
x10 <- 0x0000033333333333
mem[X,0x0000000080030988] -> 0x1513
mem[X,0x000000008003098A] -> 0x00B5
[7285] [M]: 0x0000000080030988 (0x00B51513) slli a0, a0, 11
x10 <- 0x0019999999999800
mem[X,0x000000008003098C] -> 0x0513
mem[X,0x000000008003098E] -> 0x1995
[7286] [M]: 0x000000008003098C (0x19950513) addi a0, a0, 409
x10 <- 0x0019999999999999
mem[X,0x0000000080030990] -> 0x1513
mem[X,0x0000000080030992] -> 0x00A5
[7287] [M]: 0x0000000080030990 (0x00A51513) slli a0, a0, 10
x10 <- 0x6666666666666400
mem[X,0x0000000080030994] -> 0x0513
mem[X,0x0000000080030996] -> 0x2655
[7288] [M]: 0x0000000080030994 (0x26550513) addi a0, a0, 613
x10 <- 0x6666666666666665
mem[X,0x0000000080030998] -> 0x65B7
mem[X,0x000000008003099A] -> 0x6666
[7289] [M]: 0x0000000080030998 (0x666665B7) lui a1, 419430
x11 <- 0x0000000066666000
mem[X,0x000000008003099C] -> 0x8593
mem[X,0x000000008003099E] -> 0x6665
[7290] [M]: 0x000000008003099C (0x66658593) addi a1, a1, 1638
x11 <- 0x0000000066666666
mem[X,0x00000000800309A0] -> 0x9593
mem[X,0x00000000800309A2] -> 0x00B5
[7291] [M]: 0x00000000800309A0 (0x00B59593) slli a1, a1, 11
x11 <- 0x0000033333333000
mem[X,0x00000000800309A4] -> 0x8593
mem[X,0x00000000800309A6] -> 0x3335
[7292] [M]: 0x00000000800309A4 (0x33358593) addi a1, a1, 819
x11 <- 0x0000033333333333
mem[X,0x00000000800309A8] -> 0x9593
mem[X,0x00000000800309AA] -> 0x00B5
[7293] [M]: 0x00000000800309A8 (0x00B59593) slli a1, a1, 11
x11 <- 0x0019999999999800
mem[X,0x00000000800309AC] -> 0x8593
mem[X,0x00000000800309AE] -> 0x1995
[7294] [M]: 0x00000000800309AC (0x19958593) addi a1, a1, 409
x11 <- 0x0019999999999999
mem[X,0x00000000800309B0] -> 0x9593
mem[X,0x00000000800309B2] -> 0x00A5
[7295] [M]: 0x00000000800309B0 (0x00A59593) slli a1, a1, 10
x11 <- 0x6666666666666400
mem[X,0x00000000800309B4] -> 0x8593
mem[X,0x00000000800309B6] -> 0x2665
[7296] [M]: 0x00000000800309B4 (0x26658593) addi a1, a1, 614
x11 <- 0x6666666666666666
mem[X,0x00000000800309B8] -> 0x0213
mem[X,0x00000000800309BA] -> 0x0000
[7297] [M]: 0x00000000800309B8 (0x00000213) addi tp, zero, 0
x4 <- 0x0000000000000000
mem[X,0x00000000800309BC] -> 0x006F
mem[X,0x00000000800309BE] -> 0x00C0
[7298] [M]: 0x00000000800309BC (0x00C0006F) jal zero, 12
mem[X,0x00000000800309C8] -> 0x0063
mem[X,0x00000000800309CA] -> 0x20B5
[7299] [M]: 0x00000000800309C8 (0x20B50063) beq a0, a1, 512
clint::tick mtime <- 0x0000000000000049
 clint timer pending at mtime 0x0000000000000049
htif::tick 0x0000000000000000
mem[X,0x00000000800309CC] -> 0x0213
mem[X,0x00000000800309CE] -> 0x0022
[7300] [M]: 0x00000000800309CC (0x00220213) addi tp, tp, 2
x4 <- 0x0000000000000002
mem[X,0x00000000800309D0] -> 0x006F
mem[X,0x00000000800309D2] -> 0x2000
[7301] [M]: 0x00000000800309D0 (0x2000006F) jal zero, 512
mem[X,0x0000000080030BD0] -> 0x3023
mem[X,0x0000000080030BD2] -> 0x6041
[7302] [M]: 0x0000000080030BD0 (0x60413023) sd tp, 1536(sp)
mem[0x0000000080049FC8] <- 0x0000000000000002
mem[X,0x0000000080030BD4] -> 0x6537
mem[X,0x0000000080030BD6] -> 0x6666
[7303] [M]: 0x0000000080030BD4 (0x66666537) lui a0, 419430
x10 <- 0x0000000066666000
mem[X,0x0000000080030BD8] -> 0x0513
mem[X,0x0000000080030BDA] -> 0x6665
[7304] [M]: 0x0000000080030BD8 (0x66650513) addi a0, a0, 1638
x10 <- 0x0000000066666666
mem[X,0x0000000080030BDC] -> 0x1513
mem[X,0x0000000080030BDE] -> 0x00B5
[7305] [M]: 0x0000000080030BDC (0x00B51513) slli a0, a0, 11
x10 <- 0x0000033333333000
mem[X,0x0000000080030BE0] -> 0x0513
mem[X,0x0000000080030BE2] -> 0x3335
[7306] [M]: 0x0000000080030BE0 (0x33350513) addi a0, a0, 819
x10 <- 0x0000033333333333
mem[X,0x0000000080030BE4] -> 0x1513
mem[X,0x0000000080030BE6] -> 0x00B5
[7307] [M]: 0x0000000080030BE4 (0x00B51513) slli a0, a0, 11
x10 <- 0x0019999999999800
mem[X,0x0000000080030BE8] -> 0x0513
mem[X,0x0000000080030BEA] -> 0x1995
[7308] [M]: 0x0000000080030BE8 (0x19950513) addi a0, a0, 409
x10 <- 0x0019999999999999
mem[X,0x0000000080030BEC] -> 0x1513
mem[X,0x0000000080030BEE] -> 0x00A5
[7309] [M]: 0x0000000080030BEC (0x00A51513) slli a0, a0, 10
x10 <- 0x6666666666666400
mem[X,0x0000000080030BF0] -> 0x0513
mem[X,0x0000000080030BF2] -> 0x2655
[7310] [M]: 0x0000000080030BF0 (0x26550513) addi a0, a0, 613
x10 <- 0x6666666666666665
mem[X,0x0000000080030BF4] -> 0x05B7
mem[X,0x0000000080030BF6] -> 0x0000
[7311] [M]: 0x0000000080030BF4 (0x000005B7) lui a1, 0
x11 <- 0x0000000000000000
mem[X,0x0000000080030BF8] -> 0x8593
mem[X,0x0000000080030BFA] -> 0xFFF5
[7312] [M]: 0x0000000080030BF8 (0xFFF58593) addi a1, a1, 4095
x11 <- 0xFFFFFFFFFFFFFFFF
mem[X,0x0000000080030BFC] -> 0x9593
mem[X,0x0000000080030BFE] -> 0x00B5
[7313] [M]: 0x0000000080030BFC (0x00B59593) slli a1, a1, 11
x11 <- 0xFFFFFFFFFFFFF800
mem[X,0x0000000080030C00] -> 0x8593
mem[X,0x0000000080030C02] -> 0x2575
[7314] [M]: 0x0000000080030C00 (0x25758593) addi a1, a1, 599
x11 <- 0xFFFFFFFFFFFFFA57
mem[X,0x0000000080030C04] -> 0x9593
mem[X,0x0000000080030C06] -> 0x00B5
[7315] [M]: 0x0000000080030C04 (0x00B59593) slli a1, a1, 11
x11 <- 0xFFFFFFFFFFD2B800
mem[X,0x0000000080030C08] -> 0x8593
mem[X,0x0000000080030C0A] -> 0x6C35
[7316] [M]: 0x0000000080030C08 (0x6C358593) addi a1, a1, 1731
x11 <- 0xFFFFFFFFFFD2BEC3
mem[X,0x0000000080030C0C] -> 0x9593
mem[X,0x0000000080030C0E] -> 0x00A5
[7317] [M]: 0x0000000080030C0C (0x00A59593) slli a1, a1, 10
x11 <- 0xFFFFFFFF4AFB0C00
mem[X,0x0000000080030C10] -> 0x8593
mem[X,0x0000000080030C12] -> 0x0CD5
[7318] [M]: 0x0000000080030C10 (0x0CD58593) addi a1, a1, 205
x11 <- 0xFFFFFFFF4AFB0CCD
mem[X,0x0000000080030C14] -> 0x0213
mem[X,0x0000000080030C16] -> 0x0000
[7319] [M]: 0x0000000080030C14 (0x00000213) addi tp, zero, 0
x4 <- 0x0000000000000000
mem[X,0x0000000080030C18] -> 0x006F
mem[X,0x0000000080030C1A] -> 0x00C0
[7320] [M]: 0x0000000080030C18 (0x00C0006F) jal zero, 12
mem[X,0x0000000080030C24] -> 0x0663
mem[X,0x0000000080030C26] -> 0x00B5
[7321] [M]: 0x0000000080030C24 (0x00B50663) beq a0, a1, 12
mem[X,0x0000000080030C28] -> 0x0213
mem[X,0x0000000080030C2A] -> 0x0022
[7322] [M]: 0x0000000080030C28 (0x00220213) addi tp, tp, 2
x4 <- 0x0000000000000002
mem[X,0x0000000080030C2C] -> 0x006F
mem[X,0x0000000080030C2E] -> 0x00C0
[7323] [M]: 0x0000000080030C2C (0x00C0006F) jal zero, 12
mem[X,0x0000000080030C38] -> 0x3423
mem[X,0x0000000080030C3A] -> 0x6041
[7324] [M]: 0x0000000080030C38 (0x60413423) sd tp, 1544(sp)
mem[0x0000000080049FD0] <- 0x0000000000000002
mem[X,0x0000000080030C3C] -> 0x6537
mem[X,0x0000000080030C3E] -> 0x6666
[7325] [M]: 0x0000000080030C3C (0x66666537) lui a0, 419430
x10 <- 0x0000000066666000
mem[X,0x0000000080030C40] -> 0x0513
mem[X,0x0000000080030C42] -> 0x6665
[7326] [M]: 0x0000000080030C40 (0x66650513) addi a0, a0, 1638
x10 <- 0x0000000066666666
mem[X,0x0000000080030C44] -> 0x1513
mem[X,0x0000000080030C46] -> 0x00B5
[7327] [M]: 0x0000000080030C44 (0x00B51513) slli a0, a0, 11
x10 <- 0x0000033333333000
mem[X,0x0000000080030C48] -> 0x0513
mem[X,0x0000000080030C4A] -> 0x3335
[7328] [M]: 0x0000000080030C48 (0x33350513) addi a0, a0, 819
x10 <- 0x0000033333333333
mem[X,0x0000000080030C4C] -> 0x1513
mem[X,0x0000000080030C4E] -> 0x00B5
[7329] [M]: 0x0000000080030C4C (0x00B51513) slli a0, a0, 11
x10 <- 0x0019999999999800
mem[X,0x0000000080030C50] -> 0x0513
mem[X,0x0000000080030C52] -> 0x1995
[7330] [M]: 0x0000000080030C50 (0x19950513) addi a0, a0, 409
x10 <- 0x0019999999999999
mem[X,0x0000000080030C54] -> 0x1513
mem[X,0x0000000080030C56] -> 0x00A5
[7331] [M]: 0x0000000080030C54 (0x00A51513) slli a0, a0, 10
x10 <- 0x6666666666666400
mem[X,0x0000000080030C58] -> 0x0513
mem[X,0x0000000080030C5A] -> 0x2655
[7332] [M]: 0x0000000080030C58 (0x26550513) addi a0, a0, 613
x10 <- 0x6666666666666665
mem[X,0x0000000080030C5C] -> 0x05B7
mem[X,0x0000000080030C5E] -> 0x0000
[7333] [M]: 0x0000000080030C5C (0x000005B7) lui a1, 0
x11 <- 0x0000000000000000
mem[X,0x0000000080030C60] -> 0x8593
mem[X,0x0000000080030C62] -> 0x0005
[7334] [M]: 0x0000000080030C60 (0x00058593) addi a1, a1, 0
x11 <- 0x0000000000000000
mem[X,0x0000000080030C64] -> 0x9593
mem[X,0x0000000080030C66] -> 0x00B5
[7335] [M]: 0x0000000080030C64 (0x00B59593) slli a1, a1, 11
x11 <- 0x0000000000000000
mem[X,0x0000000080030C68] -> 0x8593
mem[X,0x0000000080030C6A] -> 0x5A85
[7336] [M]: 0x0000000080030C68 (0x5A858593) addi a1, a1, 1448
x11 <- 0x00000000000005A8
mem[X,0x0000000080030C6C] -> 0x9593
mem[X,0x0000000080030C6E] -> 0x00B5
[7337] [M]: 0x0000000080030C6C (0x00B59593) slli a1, a1, 11
x11 <- 0x00000000002D4000
mem[X,0x0000000080030C70] -> 0x8593
mem[X,0x0000000080030C72] -> 0x13C5
[7338] [M]: 0x0000000080030C70 (0x13C58593) addi a1, a1, 316
x11 <- 0x00000000002D413C
mem[X,0x0000000080030C74] -> 0x9593
mem[X,0x0000000080030C76] -> 0x00A5
[7339] [M]: 0x0000000080030C74 (0x00A59593) slli a1, a1, 10
x11 <- 0x00000000B504F000
mem[X,0x0000000080030C78] -> 0x8593
mem[X,0x0000000080030C7A] -> 0x3335
[7340] [M]: 0x0000000080030C78 (0x33358593) addi a1, a1, 819
x11 <- 0x00000000B504F333
mem[X,0x0000000080030C7C] -> 0x0213
mem[X,0x0000000080030C7E] -> 0x0000
[7341] [M]: 0x0000000080030C7C (0x00000213) addi tp, zero, 0
x4 <- 0x0000000000000000
mem[X,0x0000000080030C80] -> 0x006F
mem[X,0x0000000080030C82] -> 0x2B10
[7342] [M]: 0x0000000080030C80 (0x2B10006F) jal zero, 2736
mem[X,0x0000000080031730] -> 0x0A63
mem[X,0x0000000080031732] -> 0xD4B5
[7343] [M]: 0x0000000080031730 (0xD4B50A63) beq a0, a1, 5460
mem[X,0x0000000080031734] -> 0x0213
mem[X,0x0000000080031736] -> 0x0022
[7344] [M]: 0x0000000080031734 (0x00220213) addi tp, tp, 2
x4 <- 0x0000000000000002
mem[X,0x0000000080031738] -> 0x006F
mem[X,0x000000008003173A] -> 0x00C0
[7345] [M]: 0x0000000080031738 (0x00C0006F) jal zero, 12
mem[X,0x0000000080031744] -> 0x3823
mem[X,0x0000000080031746] -> 0x6041
[7346] [M]: 0x0000000080031744 (0x60413823) sd tp, 1552(sp)
mem[0x0000000080049FD8] <- 0x0000000000000002
mem[X,0x0000000080031748] -> 0x6537
mem[X,0x000000008003174A] -> 0x6666
[7347] [M]: 0x0000000080031748 (0x66666537) lui a0, 419430
x10 <- 0x0000000066666000
mem[X,0x000000008003174C] -> 0x0513
mem[X,0x000000008003174E] -> 0x6665
[7348] [M]: 0x000000008003174C (0x66650513) addi a0, a0, 1638
x10 <- 0x0000000066666666
mem[X,0x0000000080031750] -> 0x1513
mem[X,0x0000000080031752] -> 0x00B5
[7349] [M]: 0x0000000080031750 (0x00B51513) slli a0, a0, 11
x10 <- 0x0000033333333000
mem[X,0x0000000080031754] -> 0x0513
mem[X,0x0000000080031756] -> 0x3335
[7350] [M]: 0x0000000080031754 (0x33350513) addi a0, a0, 819
x10 <- 0x0000033333333333
mem[X,0x0000000080031758] -> 0x1513
mem[X,0x000000008003175A] -> 0x00B5
[7351] [M]: 0x0000000080031758 (0x00B51513) slli a0, a0, 11
x10 <- 0x0019999999999800
mem[X,0x000000008003175C] -> 0x0513
mem[X,0x000000008003175E] -> 0x1995
[7352] [M]: 0x000000008003175C (0x19950513) addi a0, a0, 409
x10 <- 0x0019999999999999
mem[X,0x0000000080031760] -> 0x1513
mem[X,0x0000000080031762] -> 0x00A5
[7353] [M]: 0x0000000080031760 (0x00A51513) slli a0, a0, 10
x10 <- 0x6666666666666400
mem[X,0x0000000080031764] -> 0x0513
mem[X,0x0000000080031766] -> 0x2655
[7354] [M]: 0x0000000080031764 (0x26550513) addi a0, a0, 613
x10 <- 0x6666666666666665
mem[X,0x0000000080031768] -> 0x0593
mem[X,0x000000008003176A] -> 0x0020
[7355] [M]: 0x0000000080031768 (0x00200593) addi a1, zero, 2
x11 <- 0x0000000000000002
mem[X,0x000000008003176C] -> 0x0213
mem[X,0x000000008003176E] -> 0x0000
[7356] [M]: 0x000000008003176C (0x00000213) addi tp, zero, 0
x4 <- 0x0000000000000000
mem[X,0x0000000080031770] -> 0x006F
mem[X,0x0000000080031772] -> 0x0180
[7357] [M]: 0x0000000080031770 (0x0180006F) jal zero, 24
mem[X,0x0000000080031788] -> 0x06E3
mem[X,0x000000008003178A] -> 0xFEB5
[7358] [M]: 0x0000000080031788 (0xFEB506E3) beq a0, a1, 8172
mem[X,0x000000008003178C] -> 0x0213
mem[X,0x000000008003178E] -> 0x0022
[7359] [M]: 0x000000008003178C (0x00220213) addi tp, tp, 2
x4 <- 0x0000000000000002
mem[X,0x0000000080031790] -> 0x006F
mem[X,0x0000000080031792] -> 0x00C0
[7360] [M]: 0x0000000080031790 (0x00C0006F) jal zero, 12
mem[X,0x000000008003179C] -> 0x3C23
mem[X,0x000000008003179E] -> 0x6041
[7361] [M]: 0x000000008003179C (0x60413C23) sd tp, 1560(sp)
mem[0x0000000080049FE0] <- 0x0000000000000002
mem[X,0x00000000800317A0] -> 0x6537
mem[X,0x00000000800317A2] -> 0x6666
[7362] [M]: 0x00000000800317A0 (0x66666537) lui a0, 419430
x10 <- 0x0000000066666000
mem[X,0x00000000800317A4] -> 0x0513
mem[X,0x00000000800317A6] -> 0x6665
[7363] [M]: 0x00000000800317A4 (0x66650513) addi a0, a0, 1638
x10 <- 0x0000000066666666
mem[X,0x00000000800317A8] -> 0x1513
mem[X,0x00000000800317AA] -> 0x00B5
[7364] [M]: 0x00000000800317A8 (0x00B51513) slli a0, a0, 11
x10 <- 0x0000033333333000
mem[X,0x00000000800317AC] -> 0x0513
mem[X,0x00000000800317AE] -> 0x3335
[7365] [M]: 0x00000000800317AC (0x33350513) addi a0, a0, 819
x10 <- 0x0000033333333333
mem[X,0x00000000800317B0] -> 0x1513
mem[X,0x00000000800317B2] -> 0x00B5
[7366] [M]: 0x00000000800317B0 (0x00B51513) slli a0, a0, 11
x10 <- 0x0019999999999800
mem[X,0x00000000800317B4] -> 0x0513
mem[X,0x00000000800317B6] -> 0x1995
[7367] [M]: 0x00000000800317B4 (0x19950513) addi a0, a0, 409
x10 <- 0x0019999999999999
mem[X,0x00000000800317B8] -> 0x1513
mem[X,0x00000000800317BA] -> 0x00A5
[7368] [M]: 0x00000000800317B8 (0x00A51513) slli a0, a0, 10
x10 <- 0x6666666666666400
mem[X,0x00000000800317BC] -> 0x0513
mem[X,0x00000000800317BE] -> 0x2655
[7369] [M]: 0x00000000800317BC (0x26550513) addi a0, a0, 613
x10 <- 0x6666666666666665
mem[X,0x00000000800317C0] -> 0x55B7
mem[X,0x00000000800317C2] -> 0x5555
[7370] [M]: 0x00000000800317C0 (0x555555B7) lui a1, 349525
x11 <- 0x0000000055555000
mem[X,0x00000000800317C4] -> 0x8593
mem[X,0x00000000800317C6] -> 0x5555
[7371] [M]: 0x00000000800317C4 (0x55558593) addi a1, a1, 1365
x11 <- 0x0000000055555555
mem[X,0x00000000800317C8] -> 0x9593
mem[X,0x00000000800317CA] -> 0x00B5
[7372] [M]: 0x00000000800317C8 (0x00B59593) slli a1, a1, 11
x11 <- 0x000002AAAAAAA800
mem[X,0x00000000800317CC] -> 0x8593
mem[X,0x00000000800317CE] -> 0x2AA5
[7373] [M]: 0x00000000800317CC (0x2AA58593) addi a1, a1, 682
x11 <- 0x000002AAAAAAAAAA
mem[X,0x00000000800317D0] -> 0x9593
mem[X,0x00000000800317D2] -> 0x00B5
[7374] [M]: 0x00000000800317D0 (0x00B59593) slli a1, a1, 11
x11 <- 0x0015555555555000
mem[X,0x00000000800317D4] -> 0x8593
mem[X,0x00000000800317D6] -> 0x5555
[7375] [M]: 0x00000000800317D4 (0x55558593) addi a1, a1, 1365
x11 <- 0x0015555555555555
mem[X,0x00000000800317D8] -> 0x9593
mem[X,0x00000000800317DA] -> 0x00A5
[7376] [M]: 0x00000000800317D8 (0x00A59593) slli a1, a1, 10
x11 <- 0x5555555555555400
mem[X,0x00000000800317DC] -> 0x8593
mem[X,0x00000000800317DE] -> 0x1545
[7377] [M]: 0x00000000800317DC (0x15458593) addi a1, a1, 340
x11 <- 0x5555555555555554
mem[X,0x00000000800317E0] -> 0x0213
mem[X,0x00000000800317E2] -> 0x0000
[7378] [M]: 0x00000000800317E0 (0x00000213) addi tp, zero, 0
x4 <- 0x0000000000000000
mem[X,0x00000000800317E4] -> 0x006F
mem[X,0x00000000800317E6] -> 0x00C0
[7379] [M]: 0x00000000800317E4 (0x00C0006F) jal zero, 12
mem[X,0x00000000800317F0] -> 0x0CE3
mem[X,0x00000000800317F2] -> 0xFEB5
[7380] [M]: 0x00000000800317F0 (0xFEB50CE3) beq a0, a1, 8184
mem[X,0x00000000800317F4] -> 0x0213
mem[X,0x00000000800317F6] -> 0x0022
[7381] [M]: 0x00000000800317F4 (0x00220213) addi tp, tp, 2
x4 <- 0x0000000000000002
mem[X,0x00000000800317F8] -> 0x006F
mem[X,0x00000000800317FA] -> 0x00C0
[7382] [M]: 0x00000000800317F8 (0x00C0006F) jal zero, 12
mem[X,0x0000000080031804] -> 0x3023
mem[X,0x0000000080031806] -> 0x6241
[7383] [M]: 0x0000000080031804 (0x62413023) sd tp, 1568(sp)
mem[0x0000000080049FE8] <- 0x0000000000000002
mem[X,0x0000000080031808] -> 0x6537
mem[X,0x000000008003180A] -> 0x6666
[7384] [M]: 0x0000000080031808 (0x66666537) lui a0, 419430
x10 <- 0x0000000066666000
mem[X,0x000000008003180C] -> 0x0513
mem[X,0x000000008003180E] -> 0x6665
[7385] [M]: 0x000000008003180C (0x66650513) addi a0, a0, 1638
x10 <- 0x0000000066666666
mem[X,0x0000000080031810] -> 0x1513
mem[X,0x0000000080031812] -> 0x00B5
[7386] [M]: 0x0000000080031810 (0x00B51513) slli a0, a0, 11
x10 <- 0x0000033333333000
mem[X,0x0000000080031814] -> 0x0513
mem[X,0x0000000080031816] -> 0x3335
[7387] [M]: 0x0000000080031814 (0x33350513) addi a0, a0, 819
x10 <- 0x0000033333333333
mem[X,0x0000000080031818] -> 0x1513
mem[X,0x000000008003181A] -> 0x00B5
[7388] [M]: 0x0000000080031818 (0x00B51513) slli a0, a0, 11
x10 <- 0x0019999999999800
mem[X,0x000000008003181C] -> 0x0513
mem[X,0x000000008003181E] -> 0x1995
[7389] [M]: 0x000000008003181C (0x19950513) addi a0, a0, 409
x10 <- 0x0019999999999999
mem[X,0x0000000080031820] -> 0x1513
mem[X,0x0000000080031822] -> 0x00A5
[7390] [M]: 0x0000000080031820 (0x00A51513) slli a0, a0, 10
x10 <- 0x6666666666666400
mem[X,0x0000000080031824] -> 0x0513
mem[X,0x0000000080031826] -> 0x2655
[7391] [M]: 0x0000000080031824 (0x26550513) addi a0, a0, 613
x10 <- 0x6666666666666665
mem[X,0x0000000080031828] -> 0x0593
mem[X,0x000000008003182A] -> 0x0000
[7392] [M]: 0x0000000080031828 (0x00000593) addi a1, zero, 0
x11 <- 0x0000000000000000
mem[X,0x000000008003182C] -> 0x0213
mem[X,0x000000008003182E] -> 0x0000
[7393] [M]: 0x000000008003182C (0x00000213) addi tp, zero, 0
x4 <- 0x0000000000000000
mem[X,0x0000000080031830] -> 0x006F
mem[X,0x0000000080031832] -> 0x0050
[7394] [M]: 0x0000000080031830 (0x0050006F) jal zero, 2052
mem[X,0x0000000080032034] -> 0x00E3
mem[X,0x0000000080032036] -> 0x80B5
[7395] [M]: 0x0000000080032034 (0x80B500E3) beq a0, a1, 6144
mem[X,0x0000000080032038] -> 0x0213
mem[X,0x000000008003203A] -> 0x0022
[7396] [M]: 0x0000000080032038 (0x00220213) addi tp, tp, 2
x4 <- 0x0000000000000002
mem[X,0x000000008003203C] -> 0x006F
mem[X,0x000000008003203E] -> 0x00C0
[7397] [M]: 0x000000008003203C (0x00C0006F) jal zero, 12
mem[X,0x0000000080032048] -> 0x3423
mem[X,0x000000008003204A] -> 0x6241
[7398] [M]: 0x0000000080032048 (0x62413423) sd tp, 1576(sp)
mem[0x0000000080049FF0] <- 0x0000000000000002
mem[X,0x000000008003204C] -> 0x6537
mem[X,0x000000008003204E] -> 0x6666
[7399] [M]: 0x000000008003204C (0x66666537) lui a0, 419430
x10 <- 0x0000000066666000
clint::tick mtime <- 0x000000000000004A
 clint timer pending at mtime 0x000000000000004A
htif::tick 0x0000000000000000
mem[X,0x0000000080032050] -> 0x0513
mem[X,0x0000000080032052] -> 0x6665
[7400] [M]: 0x0000000080032050 (0x66650513) addi a0, a0, 1638
x10 <- 0x0000000066666666
mem[X,0x0000000080032054] -> 0x1513
mem[X,0x0000000080032056] -> 0x00B5
[7401] [M]: 0x0000000080032054 (0x00B51513) slli a0, a0, 11
x10 <- 0x0000033333333000
mem[X,0x0000000080032058] -> 0x0513
mem[X,0x000000008003205A] -> 0x3335
[7402] [M]: 0x0000000080032058 (0x33350513) addi a0, a0, 819
x10 <- 0x0000033333333333
mem[X,0x000000008003205C] -> 0x1513
mem[X,0x000000008003205E] -> 0x00B5
[7403] [M]: 0x000000008003205C (0x00B51513) slli a0, a0, 11
x10 <- 0x0019999999999800
mem[X,0x0000000080032060] -> 0x0513
mem[X,0x0000000080032062] -> 0x1995
[7404] [M]: 0x0000000080032060 (0x19950513) addi a0, a0, 409
x10 <- 0x0019999999999999
mem[X,0x0000000080032064] -> 0x1513
mem[X,0x0000000080032066] -> 0x00A5
[7405] [M]: 0x0000000080032064 (0x00A51513) slli a0, a0, 10
x10 <- 0x6666666666666400
mem[X,0x0000000080032068] -> 0x0513
mem[X,0x000000008003206A] -> 0x2655
[7406] [M]: 0x0000000080032068 (0x26550513) addi a0, a0, 613
x10 <- 0x6666666666666665
mem[X,0x000000008003206C] -> 0x0593
mem[X,0x000000008003206E] -> 0x0040
[7407] [M]: 0x000000008003206C (0x00400593) addi a1, zero, 4
x11 <- 0x0000000000000004
mem[X,0x0000000080032070] -> 0x0213
mem[X,0x0000000080032072] -> 0x0000
[7408] [M]: 0x0000000080032070 (0x00000213) addi tp, zero, 0
x4 <- 0x0000000000000000
mem[X,0x0000000080032074] -> 0x006F
mem[X,0x0000000080032076] -> 0x0100
[7409] [M]: 0x0000000080032074 (0x0100006F) jal zero, 16
mem[X,0x0000000080032084] -> 0x0AE3
mem[X,0x0000000080032086] -> 0xFEB5
[7410] [M]: 0x0000000080032084 (0xFEB50AE3) beq a0, a1, 8180
mem[X,0x0000000080032088] -> 0x0213
mem[X,0x000000008003208A] -> 0x0022
[7411] [M]: 0x0000000080032088 (0x00220213) addi tp, tp, 2
x4 <- 0x0000000000000002
mem[X,0x000000008003208C] -> 0x006F
mem[X,0x000000008003208E] -> 0x00C0
[7412] [M]: 0x000000008003208C (0x00C0006F) jal zero, 12
mem[X,0x0000000080032098] -> 0x3823
mem[X,0x000000008003209A] -> 0x6241
[7413] [M]: 0x0000000080032098 (0x62413823) sd tp, 1584(sp)
mem[0x0000000080049FF8] <- 0x0000000000000002
mem[X,0x000000008003209C] -> 0x6537
mem[X,0x000000008003209E] -> 0x6666
[7414] [M]: 0x000000008003209C (0x66666537) lui a0, 419430
x10 <- 0x0000000066666000
mem[X,0x00000000800320A0] -> 0x0513
mem[X,0x00000000800320A2] -> 0x6665
[7415] [M]: 0x00000000800320A0 (0x66650513) addi a0, a0, 1638
x10 <- 0x0000000066666666
mem[X,0x00000000800320A4] -> 0x1513
mem[X,0x00000000800320A6] -> 0x00B5
[7416] [M]: 0x00000000800320A4 (0x00B51513) slli a0, a0, 11
x10 <- 0x0000033333333000
mem[X,0x00000000800320A8] -> 0x0513
mem[X,0x00000000800320AA] -> 0x3335
[7417] [M]: 0x00000000800320A8 (0x33350513) addi a0, a0, 819
x10 <- 0x0000033333333333
mem[X,0x00000000800320AC] -> 0x1513
mem[X,0x00000000800320AE] -> 0x00B5
[7418] [M]: 0x00000000800320AC (0x00B51513) slli a0, a0, 11
x10 <- 0x0019999999999800
mem[X,0x00000000800320B0] -> 0x0513
mem[X,0x00000000800320B2] -> 0x1995
[7419] [M]: 0x00000000800320B0 (0x19950513) addi a0, a0, 409
x10 <- 0x0019999999999999
mem[X,0x00000000800320B4] -> 0x1513
mem[X,0x00000000800320B6] -> 0x00A5
[7420] [M]: 0x00000000800320B4 (0x00A51513) slli a0, a0, 10
x10 <- 0x6666666666666400
mem[X,0x00000000800320B8] -> 0x0513
mem[X,0x00000000800320BA] -> 0x2655
[7421] [M]: 0x00000000800320B8 (0x26550513) addi a0, a0, 613
x10 <- 0x6666666666666665
mem[X,0x00000000800320BC] -> 0x35B7
mem[X,0x00000000800320BE] -> 0x3333
[7422] [M]: 0x00000000800320BC (0x333335B7) lui a1, 209715
x11 <- 0x0000000033333000
mem[X,0x00000000800320C0] -> 0x8593
mem[X,0x00000000800320C2] -> 0x3335
[7423] [M]: 0x00000000800320C0 (0x33358593) addi a1, a1, 819
x11 <- 0x0000000033333333
mem[X,0x00000000800320C4] -> 0x9593
mem[X,0x00000000800320C6] -> 0x00B5
[7424] [M]: 0x00000000800320C4 (0x00B59593) slli a1, a1, 11
x11 <- 0x0000019999999800
mem[X,0x00000000800320C8] -> 0x8593
mem[X,0x00000000800320CA] -> 0x1995
[7425] [M]: 0x00000000800320C8 (0x19958593) addi a1, a1, 409
x11 <- 0x0000019999999999
mem[X,0x00000000800320CC] -> 0x9593
mem[X,0x00000000800320CE] -> 0x00B5
[7426] [M]: 0x00000000800320CC (0x00B59593) slli a1, a1, 11
x11 <- 0x000CCCCCCCCCC800
mem[X,0x00000000800320D0] -> 0x8593
mem[X,0x00000000800320D2] -> 0x4CC5
[7427] [M]: 0x00000000800320D0 (0x4CC58593) addi a1, a1, 1228
x11 <- 0x000CCCCCCCCCCCCC
mem[X,0x00000000800320D4] -> 0x9593
mem[X,0x00000000800320D6] -> 0x00A5
[7428] [M]: 0x00000000800320D4 (0x00A59593) slli a1, a1, 10
x11 <- 0x3333333333333000
mem[X,0x00000000800320D8] -> 0x8593
mem[X,0x00000000800320DA] -> 0x3325
[7429] [M]: 0x00000000800320D8 (0x33258593) addi a1, a1, 818
x11 <- 0x3333333333333332
mem[X,0x00000000800320DC] -> 0x0213
mem[X,0x00000000800320DE] -> 0x0000
[7430] [M]: 0x00000000800320DC (0x00000213) addi tp, zero, 0
x4 <- 0x0000000000000000
mem[X,0x00000000800320E0] -> 0x006F
mem[X,0x00000000800320E2] -> 0x00C0
[7431] [M]: 0x00000000800320E0 (0x00C0006F) jal zero, 12
mem[X,0x00000000800320EC] -> 0x0863
mem[X,0x00000000800320EE] -> 0x00B5
[7432] [M]: 0x00000000800320EC (0x00B50863) beq a0, a1, 16
mem[X,0x00000000800320F0] -> 0x0213
mem[X,0x00000000800320F2] -> 0x0022
[7433] [M]: 0x00000000800320F0 (0x00220213) addi tp, tp, 2
x4 <- 0x0000000000000002
mem[X,0x00000000800320F4] -> 0x006F
mem[X,0x00000000800320F6] -> 0x0100
[7434] [M]: 0x00000000800320F4 (0x0100006F) jal zero, 16
mem[X,0x0000000080032104] -> 0x3C23
mem[X,0x0000000080032106] -> 0x6241
[7435] [M]: 0x0000000080032104 (0x62413C23) sd tp, 1592(sp)
mem[0x000000008004A000] <- 0x0000000000000002
mem[X,0x0000000080032108] -> 0x6537
mem[X,0x000000008003210A] -> 0x6666
[7436] [M]: 0x0000000080032108 (0x66666537) lui a0, 419430
x10 <- 0x0000000066666000
mem[X,0x000000008003210C] -> 0x0513
mem[X,0x000000008003210E] -> 0x6665
[7437] [M]: 0x000000008003210C (0x66650513) addi a0, a0, 1638
x10 <- 0x0000000066666666
mem[X,0x0000000080032110] -> 0x1513
mem[X,0x0000000080032112] -> 0x00B5
[7438] [M]: 0x0000000080032110 (0x00B51513) slli a0, a0, 11
x10 <- 0x0000033333333000
mem[X,0x0000000080032114] -> 0x0513
mem[X,0x0000000080032116] -> 0x3335
[7439] [M]: 0x0000000080032114 (0x33350513) addi a0, a0, 819
x10 <- 0x0000033333333333
mem[X,0x0000000080032118] -> 0x1513
mem[X,0x000000008003211A] -> 0x00B5
[7440] [M]: 0x0000000080032118 (0x00B51513) slli a0, a0, 11
x10 <- 0x0019999999999800
mem[X,0x000000008003211C] -> 0x0513
mem[X,0x000000008003211E] -> 0x1995
[7441] [M]: 0x000000008003211C (0x19950513) addi a0, a0, 409
x10 <- 0x0019999999999999
mem[X,0x0000000080032120] -> 0x1513
mem[X,0x0000000080032122] -> 0x00A5
[7442] [M]: 0x0000000080032120 (0x00A51513) slli a0, a0, 10
x10 <- 0x6666666666666400
mem[X,0x0000000080032124] -> 0x0513
mem[X,0x0000000080032126] -> 0x2655
[7443] [M]: 0x0000000080032124 (0x26550513) addi a0, a0, 613
x10 <- 0x6666666666666665
mem[X,0x0000000080032128] -> 0x65B7
mem[X,0x000000008003212A] -> 0x6666
[7444] [M]: 0x0000000080032128 (0x666665B7) lui a1, 419430
x11 <- 0x0000000066666000
mem[X,0x000000008003212C] -> 0x8593
mem[X,0x000000008003212E] -> 0x6665
[7445] [M]: 0x000000008003212C (0x66658593) addi a1, a1, 1638
x11 <- 0x0000000066666666
mem[X,0x0000000080032130] -> 0x9593
mem[X,0x0000000080032132] -> 0x00B5
[7446] [M]: 0x0000000080032130 (0x00B59593) slli a1, a1, 11
x11 <- 0x0000033333333000
mem[X,0x0000000080032134] -> 0x8593
mem[X,0x0000000080032136] -> 0x3335
[7447] [M]: 0x0000000080032134 (0x33358593) addi a1, a1, 819
x11 <- 0x0000033333333333
mem[X,0x0000000080032138] -> 0x9593
mem[X,0x000000008003213A] -> 0x00B5
[7448] [M]: 0x0000000080032138 (0x00B59593) slli a1, a1, 11
x11 <- 0x0019999999999800
mem[X,0x000000008003213C] -> 0x8593
mem[X,0x000000008003213E] -> 0x1995
[7449] [M]: 0x000000008003213C (0x19958593) addi a1, a1, 409
x11 <- 0x0019999999999999
mem[X,0x0000000080032140] -> 0x9593
mem[X,0x0000000080032142] -> 0x00A5
[7450] [M]: 0x0000000080032140 (0x00A59593) slli a1, a1, 10
x11 <- 0x6666666666666400
mem[X,0x0000000080032144] -> 0x8593
mem[X,0x0000000080032146] -> 0x2655
[7451] [M]: 0x0000000080032144 (0x26558593) addi a1, a1, 613
x11 <- 0x6666666666666665
mem[X,0x0000000080032148] -> 0x0213
mem[X,0x000000008003214A] -> 0x0000
[7452] [M]: 0x0000000080032148 (0x00000213) addi tp, zero, 0
x4 <- 0x0000000000000000
mem[X,0x000000008003214C] -> 0x006F
mem[X,0x000000008003214E] -> 0x00C0
[7453] [M]: 0x000000008003214C (0x00C0006F) jal zero, 12
mem[X,0x0000000080032158] -> 0x0663
mem[X,0x000000008003215A] -> 0x00B5
[7454] [M]: 0x0000000080032158 (0x00B50663) beq a0, a1, 12
mem[X,0x0000000080032164] -> 0x0213
mem[X,0x0000000080032166] -> 0x0032
[7455] [M]: 0x0000000080032164 (0x00320213) addi tp, tp, 3
x4 <- 0x0000000000000003
mem[X,0x0000000080032168] -> 0x006F
mem[X,0x000000008003216A] -> 0x0040
[7456] [M]: 0x0000000080032168 (0x0040006F) jal zero, 4
mem[X,0x000000008003216C] -> 0x3023
mem[X,0x000000008003216E] -> 0x6441
[7457] [M]: 0x000000008003216C (0x64413023) sd tp, 1600(sp)
mem[0x000000008004A008] <- 0x0000000000000003
mem[X,0x0000000080032170] -> 0x6537
mem[X,0x0000000080032172] -> 0x6666
[7458] [M]: 0x0000000080032170 (0x66666537) lui a0, 419430
x10 <- 0x0000000066666000
mem[X,0x0000000080032174] -> 0x0513
mem[X,0x0000000080032176] -> 0x6665
[7459] [M]: 0x0000000080032174 (0x66650513) addi a0, a0, 1638
x10 <- 0x0000000066666666
mem[X,0x0000000080032178] -> 0x1513
mem[X,0x000000008003217A] -> 0x00B5
[7460] [M]: 0x0000000080032178 (0x00B51513) slli a0, a0, 11
x10 <- 0x0000033333333000
mem[X,0x000000008003217C] -> 0x0513
mem[X,0x000000008003217E] -> 0x3335
[7461] [M]: 0x000000008003217C (0x33350513) addi a0, a0, 819
x10 <- 0x0000033333333333
mem[X,0x0000000080032180] -> 0x1513
mem[X,0x0000000080032182] -> 0x00B5
[7462] [M]: 0x0000000080032180 (0x00B51513) slli a0, a0, 11
x10 <- 0x0019999999999800
mem[X,0x0000000080032184] -> 0x0513
mem[X,0x0000000080032186] -> 0x1995
[7463] [M]: 0x0000000080032184 (0x19950513) addi a0, a0, 409
x10 <- 0x0019999999999999
mem[X,0x0000000080032188] -> 0x1513
mem[X,0x000000008003218A] -> 0x00A5
[7464] [M]: 0x0000000080032188 (0x00A51513) slli a0, a0, 10
x10 <- 0x6666666666666400
mem[X,0x000000008003218C] -> 0x0513
mem[X,0x000000008003218E] -> 0x2655
[7465] [M]: 0x000000008003218C (0x26550513) addi a0, a0, 613
x10 <- 0x6666666666666665
mem[X,0x0000000080032190] -> 0x05B7
mem[X,0x0000000080032192] -> 0x0000
[7466] [M]: 0x0000000080032190 (0x000005B7) lui a1, 0
x11 <- 0x0000000000000000
mem[X,0x0000000080032194] -> 0x8593
mem[X,0x0000000080032196] -> 0x0005
[7467] [M]: 0x0000000080032194 (0x00058593) addi a1, a1, 0
x11 <- 0x0000000000000000
mem[X,0x0000000080032198] -> 0x9593
mem[X,0x000000008003219A] -> 0x00B5
[7468] [M]: 0x0000000080032198 (0x00B59593) slli a1, a1, 11
x11 <- 0x0000000000000000
mem[X,0x000000008003219C] -> 0x8593
mem[X,0x000000008003219E] -> 0x5A85
[7469] [M]: 0x000000008003219C (0x5A858593) addi a1, a1, 1448
x11 <- 0x00000000000005A8
mem[X,0x00000000800321A0] -> 0x9593
mem[X,0x00000000800321A2] -> 0x00B5
[7470] [M]: 0x00000000800321A0 (0x00B59593) slli a1, a1, 11
x11 <- 0x00000000002D4000
mem[X,0x00000000800321A4] -> 0x8593
mem[X,0x00000000800321A6] -> 0x13C5
[7471] [M]: 0x00000000800321A4 (0x13C58593) addi a1, a1, 316
x11 <- 0x00000000002D413C
mem[X,0x00000000800321A8] -> 0x9593
mem[X,0x00000000800321AA] -> 0x00A5
[7472] [M]: 0x00000000800321A8 (0x00A59593) slli a1, a1, 10
x11 <- 0x00000000B504F000
mem[X,0x00000000800321AC] -> 0x8593
mem[X,0x00000000800321AE] -> 0x3325
[7473] [M]: 0x00000000800321AC (0x33258593) addi a1, a1, 818
x11 <- 0x00000000B504F332
mem[X,0x00000000800321B0] -> 0x0213
mem[X,0x00000000800321B2] -> 0x0000
[7474] [M]: 0x00000000800321B0 (0x00000213) addi tp, zero, 0
x4 <- 0x0000000000000000
mem[X,0x00000000800321B4] -> 0x006F
mem[X,0x00000000800321B6] -> 0x00C0
[7475] [M]: 0x00000000800321B4 (0x00C0006F) jal zero, 12
mem[X,0x00000000800321C0] -> 0x0663
mem[X,0x00000000800321C2] -> 0x00B5
[7476] [M]: 0x00000000800321C0 (0x00B50663) beq a0, a1, 12
mem[X,0x00000000800321C4] -> 0x0213
mem[X,0x00000000800321C6] -> 0x0022
[7477] [M]: 0x00000000800321C4 (0x00220213) addi tp, tp, 2
x4 <- 0x0000000000000002
mem[X,0x00000000800321C8] -> 0x006F
mem[X,0x00000000800321CA] -> 0x00C0
[7478] [M]: 0x00000000800321C8 (0x00C0006F) jal zero, 12
mem[X,0x00000000800321D4] -> 0x3423
mem[X,0x00000000800321D6] -> 0x6441
[7479] [M]: 0x00000000800321D4 (0x64413423) sd tp, 1608(sp)
mem[0x000000008004A010] <- 0x0000000000000002
mem[X,0x00000000800321D8] -> 0x6537
mem[X,0x00000000800321DA] -> 0x6666
[7480] [M]: 0x00000000800321D8 (0x66666537) lui a0, 419430
x10 <- 0x0000000066666000
mem[X,0x00000000800321DC] -> 0x0513
mem[X,0x00000000800321DE] -> 0x6665
[7481] [M]: 0x00000000800321DC (0x66650513) addi a0, a0, 1638
x10 <- 0x0000000066666666
mem[X,0x00000000800321E0] -> 0x1513
mem[X,0x00000000800321E2] -> 0x00B5
[7482] [M]: 0x00000000800321E0 (0x00B51513) slli a0, a0, 11
x10 <- 0x0000033333333000
mem[X,0x00000000800321E4] -> 0x0513
mem[X,0x00000000800321E6] -> 0x3335
[7483] [M]: 0x00000000800321E4 (0x33350513) addi a0, a0, 819
x10 <- 0x0000033333333333
mem[X,0x00000000800321E8] -> 0x1513
mem[X,0x00000000800321EA] -> 0x00B5
[7484] [M]: 0x00000000800321E8 (0x00B51513) slli a0, a0, 11
x10 <- 0x0019999999999800
mem[X,0x00000000800321EC] -> 0x0513
mem[X,0x00000000800321EE] -> 0x1995
[7485] [M]: 0x00000000800321EC (0x19950513) addi a0, a0, 409
x10 <- 0x0019999999999999
mem[X,0x00000000800321F0] -> 0x1513
mem[X,0x00000000800321F2] -> 0x00A5
[7486] [M]: 0x00000000800321F0 (0x00A51513) slli a0, a0, 10
x10 <- 0x6666666666666400
mem[X,0x00000000800321F4] -> 0x0513
mem[X,0x00000000800321F6] -> 0x2655
[7487] [M]: 0x00000000800321F4 (0x26550513) addi a0, a0, 613
x10 <- 0x6666666666666665
mem[X,0x00000000800321F8] -> 0x55B7
mem[X,0x00000000800321FA] -> 0x5555
[7488] [M]: 0x00000000800321F8 (0x555555B7) lui a1, 349525
x11 <- 0x0000000055555000
mem[X,0x00000000800321FC] -> 0x8593
mem[X,0x00000000800321FE] -> 0x5555
[7489] [M]: 0x00000000800321FC (0x55558593) addi a1, a1, 1365
x11 <- 0x0000000055555555
mem[X,0x0000000080032200] -> 0x9593
mem[X,0x0000000080032202] -> 0x00B5
[7490] [M]: 0x0000000080032200 (0x00B59593) slli a1, a1, 11
x11 <- 0x000002AAAAAAA800
mem[X,0x0000000080032204] -> 0x8593
mem[X,0x0000000080032206] -> 0x2AA5
[7491] [M]: 0x0000000080032204 (0x2AA58593) addi a1, a1, 682
x11 <- 0x000002AAAAAAAAAA
mem[X,0x0000000080032208] -> 0x9593
mem[X,0x000000008003220A] -> 0x00B5
[7492] [M]: 0x0000000080032208 (0x00B59593) slli a1, a1, 11
x11 <- 0x0015555555555000
mem[X,0x000000008003220C] -> 0x8593
mem[X,0x000000008003220E] -> 0x5555
[7493] [M]: 0x000000008003220C (0x55558593) addi a1, a1, 1365
x11 <- 0x0015555555555555
mem[X,0x0000000080032210] -> 0x9593
mem[X,0x0000000080032212] -> 0x00A5
[7494] [M]: 0x0000000080032210 (0x00A59593) slli a1, a1, 10
x11 <- 0x5555555555555400
mem[X,0x0000000080032214] -> 0x8593
mem[X,0x0000000080032216] -> 0x1565
[7495] [M]: 0x0000000080032214 (0x15658593) addi a1, a1, 342
x11 <- 0x5555555555555556
mem[X,0x0000000080032218] -> 0x0213
mem[X,0x000000008003221A] -> 0x0000
[7496] [M]: 0x0000000080032218 (0x00000213) addi tp, zero, 0
x4 <- 0x0000000000000000
mem[X,0x000000008003221C] -> 0x006F
mem[X,0x000000008003221E] -> 0x00C0
[7497] [M]: 0x000000008003221C (0x00C0006F) jal zero, 12
mem[X,0x0000000080032228] -> 0x0663
mem[X,0x000000008003222A] -> 0x00B5
[7498] [M]: 0x0000000080032228 (0x00B50663) beq a0, a1, 12
mem[X,0x000000008003222C] -> 0x0213
mem[X,0x000000008003222E] -> 0x0022
[7499] [M]: 0x000000008003222C (0x00220213) addi tp, tp, 2
x4 <- 0x0000000000000002
clint::tick mtime <- 0x000000000000004B
 clint timer pending at mtime 0x000000000000004B
htif::tick 0x0000000000000000
mem[X,0x0000000080032230] -> 0x006F
mem[X,0x0000000080032232] -> 0x00C0
[7500] [M]: 0x0000000080032230 (0x00C0006F) jal zero, 12
mem[X,0x000000008003223C] -> 0x3823
mem[X,0x000000008003223E] -> 0x6441
[7501] [M]: 0x000000008003223C (0x64413823) sd tp, 1616(sp)
mem[0x000000008004A018] <- 0x0000000000000002
mem[X,0x0000000080032240] -> 0x6537
mem[X,0x0000000080032242] -> 0x6666
[7502] [M]: 0x0000000080032240 (0x66666537) lui a0, 419430
x10 <- 0x0000000066666000
mem[X,0x0000000080032244] -> 0x0513
mem[X,0x0000000080032246] -> 0x6665
[7503] [M]: 0x0000000080032244 (0x66650513) addi a0, a0, 1638
x10 <- 0x0000000066666666
mem[X,0x0000000080032248] -> 0x1513
mem[X,0x000000008003224A] -> 0x00B5
[7504] [M]: 0x0000000080032248 (0x00B51513) slli a0, a0, 11
x10 <- 0x0000033333333000
mem[X,0x000000008003224C] -> 0x0513
mem[X,0x000000008003224E] -> 0x3335
[7505] [M]: 0x000000008003224C (0x33350513) addi a0, a0, 819
x10 <- 0x0000033333333333
mem[X,0x0000000080032250] -> 0x1513
mem[X,0x0000000080032252] -> 0x00B5
[7506] [M]: 0x0000000080032250 (0x00B51513) slli a0, a0, 11
x10 <- 0x0019999999999800
mem[X,0x0000000080032254] -> 0x0513
mem[X,0x0000000080032256] -> 0x1995
[7507] [M]: 0x0000000080032254 (0x19950513) addi a0, a0, 409
x10 <- 0x0019999999999999
mem[X,0x0000000080032258] -> 0x1513
mem[X,0x000000008003225A] -> 0x00A5
[7508] [M]: 0x0000000080032258 (0x00A51513) slli a0, a0, 10
x10 <- 0x6666666666666400
mem[X,0x000000008003225C] -> 0x0513
mem[X,0x000000008003225E] -> 0x2655
[7509] [M]: 0x000000008003225C (0x26550513) addi a0, a0, 613
x10 <- 0x6666666666666665
mem[X,0x0000000080032260] -> 0xB5B7
mem[X,0x0000000080032262] -> 0xAAAA
[7510] [M]: 0x0000000080032260 (0xAAAAB5B7) lui a1, 699051
x11 <- 0xFFFFFFFFAAAAB000
mem[X,0x0000000080032264] -> 0x8593
mem[X,0x0000000080032266] -> 0xAAA5
[7511] [M]: 0x0000000080032264 (0xAAA58593) addi a1, a1, 2730
x11 <- 0xFFFFFFFFAAAAAAAA
mem[X,0x0000000080032268] -> 0x9593
mem[X,0x000000008003226A] -> 0x00B5
[7512] [M]: 0x0000000080032268 (0x00B59593) slli a1, a1, 11
x11 <- 0xFFFFFD5555555000
mem[X,0x000000008003226C] -> 0x8593
mem[X,0x000000008003226E] -> 0x5555
[7513] [M]: 0x000000008003226C (0x55558593) addi a1, a1, 1365
x11 <- 0xFFFFFD5555555555
mem[X,0x0000000080032270] -> 0x9593
mem[X,0x0000000080032272] -> 0x00B5
[7514] [M]: 0x0000000080032270 (0x00B59593) slli a1, a1, 11
x11 <- 0xFFEAAAAAAAAAA800
mem[X,0x0000000080032274] -> 0x8593
mem[X,0x0000000080032276] -> 0x2AA5
[7515] [M]: 0x0000000080032274 (0x2AA58593) addi a1, a1, 682
x11 <- 0xFFEAAAAAAAAAAAAA
mem[X,0x0000000080032278] -> 0x9593
mem[X,0x000000008003227A] -> 0x00A5
[7516] [M]: 0x0000000080032278 (0x00A59593) slli a1, a1, 10
x11 <- 0xAAAAAAAAAAAAA800
mem[X,0x000000008003227C] -> 0x8593
mem[X,0x000000008003227E] -> 0x2AB5
[7517] [M]: 0x000000008003227C (0x2AB58593) addi a1, a1, 683
x11 <- 0xAAAAAAAAAAAAAAAB
mem[X,0x0000000080032280] -> 0x0213
mem[X,0x0000000080032282] -> 0x0000
[7518] [M]: 0x0000000080032280 (0x00000213) addi tp, zero, 0
x4 <- 0x0000000000000000
mem[X,0x0000000080032284] -> 0x006F
mem[X,0x0000000080032286] -> 0x0100
[7519] [M]: 0x0000000080032284 (0x0100006F) jal zero, 16
mem[X,0x0000000080032294] -> 0x0AE3
mem[X,0x0000000080032296] -> 0xFEB5
[7520] [M]: 0x0000000080032294 (0xFEB50AE3) beq a0, a1, 8180
mem[X,0x0000000080032298] -> 0x0213
mem[X,0x000000008003229A] -> 0x0022
[7521] [M]: 0x0000000080032298 (0x00220213) addi tp, tp, 2
x4 <- 0x0000000000000002
mem[X,0x000000008003229C] -> 0x006F
mem[X,0x000000008003229E] -> 0x00C0
[7522] [M]: 0x000000008003229C (0x00C0006F) jal zero, 12
mem[X,0x00000000800322A8] -> 0x3C23
mem[X,0x00000000800322AA] -> 0x6441
[7523] [M]: 0x00000000800322A8 (0x64413C23) sd tp, 1624(sp)
mem[0x000000008004A020] <- 0x0000000000000002
mem[X,0x00000000800322AC] -> 0x6537
mem[X,0x00000000800322AE] -> 0x6666
[7524] [M]: 0x00000000800322AC (0x66666537) lui a0, 419430
x10 <- 0x0000000066666000
mem[X,0x00000000800322B0] -> 0x0513
mem[X,0x00000000800322B2] -> 0x6665
[7525] [M]: 0x00000000800322B0 (0x66650513) addi a0, a0, 1638
x10 <- 0x0000000066666666
mem[X,0x00000000800322B4] -> 0x1513
mem[X,0x00000000800322B6] -> 0x00B5
[7526] [M]: 0x00000000800322B4 (0x00B51513) slli a0, a0, 11
x10 <- 0x0000033333333000
mem[X,0x00000000800322B8] -> 0x0513
mem[X,0x00000000800322BA] -> 0x3335
[7527] [M]: 0x00000000800322B8 (0x33350513) addi a0, a0, 819
x10 <- 0x0000033333333333
mem[X,0x00000000800322BC] -> 0x1513
mem[X,0x00000000800322BE] -> 0x00B5
[7528] [M]: 0x00000000800322BC (0x00B51513) slli a0, a0, 11
x10 <- 0x0019999999999800
mem[X,0x00000000800322C0] -> 0x0513
mem[X,0x00000000800322C2] -> 0x1995
[7529] [M]: 0x00000000800322C0 (0x19950513) addi a0, a0, 409
x10 <- 0x0019999999999999
mem[X,0x00000000800322C4] -> 0x1513
mem[X,0x00000000800322C6] -> 0x00A5
[7530] [M]: 0x00000000800322C4 (0x00A51513) slli a0, a0, 10
x10 <- 0x6666666666666400
mem[X,0x00000000800322C8] -> 0x0513
mem[X,0x00000000800322CA] -> 0x2655
[7531] [M]: 0x00000000800322C8 (0x26550513) addi a0, a0, 613
x10 <- 0x6666666666666665
mem[X,0x00000000800322CC] -> 0x0593
mem[X,0x00000000800322CE] -> 0x0060
[7532] [M]: 0x00000000800322CC (0x00600593) addi a1, zero, 6
x11 <- 0x0000000000000006
mem[X,0x00000000800322D0] -> 0x0213
mem[X,0x00000000800322D2] -> 0x0000
[7533] [M]: 0x00000000800322D0 (0x00000213) addi tp, zero, 0
x4 <- 0x0000000000000000
mem[X,0x00000000800322D4] -> 0x006F
mem[X,0x00000000800322D6] -> 0x00C0
[7534] [M]: 0x00000000800322D4 (0x00C0006F) jal zero, 12
mem[X,0x00000000800322E0] -> 0x0063
mem[X,0x00000000800322E2] -> 0x04B5
[7535] [M]: 0x00000000800322E0 (0x04B50063) beq a0, a1, 64
mem[X,0x00000000800322E4] -> 0x0213
mem[X,0x00000000800322E6] -> 0x0022
[7536] [M]: 0x00000000800322E4 (0x00220213) addi tp, tp, 2
x4 <- 0x0000000000000002
mem[X,0x00000000800322E8] -> 0x006F
mem[X,0x00000000800322EA] -> 0x0400
[7537] [M]: 0x00000000800322E8 (0x0400006F) jal zero, 64
mem[X,0x0000000080032328] -> 0x3023
mem[X,0x000000008003232A] -> 0x6641
[7538] [M]: 0x0000000080032328 (0x66413023) sd tp, 1632(sp)
mem[0x000000008004A028] <- 0x0000000000000002
mem[X,0x000000008003232C] -> 0x6537
mem[X,0x000000008003232E] -> 0x6666
[7539] [M]: 0x000000008003232C (0x66666537) lui a0, 419430
x10 <- 0x0000000066666000
mem[X,0x0000000080032330] -> 0x0513
mem[X,0x0000000080032332] -> 0x6665
[7540] [M]: 0x0000000080032330 (0x66650513) addi a0, a0, 1638
x10 <- 0x0000000066666666
mem[X,0x0000000080032334] -> 0x1513
mem[X,0x0000000080032336] -> 0x00B5
[7541] [M]: 0x0000000080032334 (0x00B51513) slli a0, a0, 11
x10 <- 0x0000033333333000
mem[X,0x0000000080032338] -> 0x0513
mem[X,0x000000008003233A] -> 0x3335
[7542] [M]: 0x0000000080032338 (0x33350513) addi a0, a0, 819
x10 <- 0x0000033333333333
mem[X,0x000000008003233C] -> 0x1513
mem[X,0x000000008003233E] -> 0x00B5
[7543] [M]: 0x000000008003233C (0x00B51513) slli a0, a0, 11
x10 <- 0x0019999999999800
mem[X,0x0000000080032340] -> 0x0513
mem[X,0x0000000080032342] -> 0x1995
[7544] [M]: 0x0000000080032340 (0x19950513) addi a0, a0, 409
x10 <- 0x0019999999999999
mem[X,0x0000000080032344] -> 0x1513
mem[X,0x0000000080032346] -> 0x00A5
[7545] [M]: 0x0000000080032344 (0x00A51513) slli a0, a0, 10
x10 <- 0x6666666666666400
mem[X,0x0000000080032348] -> 0x0513
mem[X,0x000000008003234A] -> 0x2655
[7546] [M]: 0x0000000080032348 (0x26550513) addi a0, a0, 613
x10 <- 0x6666666666666665
mem[X,0x000000008003234C] -> 0x35B7
mem[X,0x000000008003234E] -> 0x3333
[7547] [M]: 0x000000008003234C (0x333335B7) lui a1, 209715
x11 <- 0x0000000033333000
mem[X,0x0000000080032350] -> 0x8593
mem[X,0x0000000080032352] -> 0x3335
[7548] [M]: 0x0000000080032350 (0x33358593) addi a1, a1, 819
x11 <- 0x0000000033333333
mem[X,0x0000000080032354] -> 0x9593
mem[X,0x0000000080032356] -> 0x00B5
[7549] [M]: 0x0000000080032354 (0x00B59593) slli a1, a1, 11
x11 <- 0x0000019999999800
mem[X,0x0000000080032358] -> 0x8593
mem[X,0x000000008003235A] -> 0x1995
[7550] [M]: 0x0000000080032358 (0x19958593) addi a1, a1, 409
x11 <- 0x0000019999999999
mem[X,0x000000008003235C] -> 0x9593
mem[X,0x000000008003235E] -> 0x00B5
[7551] [M]: 0x000000008003235C (0x00B59593) slli a1, a1, 11
x11 <- 0x000CCCCCCCCCC800
mem[X,0x0000000080032360] -> 0x8593
mem[X,0x0000000080032362] -> 0x4CC5
[7552] [M]: 0x0000000080032360 (0x4CC58593) addi a1, a1, 1228
x11 <- 0x000CCCCCCCCCCCCC
mem[X,0x0000000080032364] -> 0x9593
mem[X,0x0000000080032366] -> 0x00A5
[7553] [M]: 0x0000000080032364 (0x00A59593) slli a1, a1, 10
x11 <- 0x3333333333333000
mem[X,0x0000000080032368] -> 0x8593
mem[X,0x000000008003236A] -> 0x3345
[7554] [M]: 0x0000000080032368 (0x33458593) addi a1, a1, 820
x11 <- 0x3333333333333334
mem[X,0x000000008003236C] -> 0x0213
mem[X,0x000000008003236E] -> 0x0000
[7555] [M]: 0x000000008003236C (0x00000213) addi tp, zero, 0
x4 <- 0x0000000000000000
mem[X,0x0000000080032370] -> 0x006F
mem[X,0x0000000080032372] -> 0x00C0
[7556] [M]: 0x0000000080032370 (0x00C0006F) jal zero, 12
mem[X,0x000000008003237C] -> 0x0063
mem[X,0x000000008003237E] -> 0x02B5
[7557] [M]: 0x000000008003237C (0x02B50063) beq a0, a1, 32
mem[X,0x0000000080032380] -> 0x0213
mem[X,0x0000000080032382] -> 0x0022
[7558] [M]: 0x0000000080032380 (0x00220213) addi tp, tp, 2
x4 <- 0x0000000000000002
mem[X,0x0000000080032384] -> 0x006F
mem[X,0x0000000080032386] -> 0x0200
[7559] [M]: 0x0000000080032384 (0x0200006F) jal zero, 32
mem[X,0x00000000800323A4] -> 0x3423
mem[X,0x00000000800323A6] -> 0x6641
[7560] [M]: 0x00000000800323A4 (0x66413423) sd tp, 1640(sp)
mem[0x000000008004A030] <- 0x0000000000000002
mem[X,0x00000000800323A8] -> 0x6537
mem[X,0x00000000800323AA] -> 0x6666
[7561] [M]: 0x00000000800323A8 (0x66666537) lui a0, 419430
x10 <- 0x0000000066666000
mem[X,0x00000000800323AC] -> 0x0513
mem[X,0x00000000800323AE] -> 0x6665
[7562] [M]: 0x00000000800323AC (0x66650513) addi a0, a0, 1638
x10 <- 0x0000000066666666
mem[X,0x00000000800323B0] -> 0x1513
mem[X,0x00000000800323B2] -> 0x00B5
[7563] [M]: 0x00000000800323B0 (0x00B51513) slli a0, a0, 11
x10 <- 0x0000033333333000
mem[X,0x00000000800323B4] -> 0x0513
mem[X,0x00000000800323B6] -> 0x3335
[7564] [M]: 0x00000000800323B4 (0x33350513) addi a0, a0, 819
x10 <- 0x0000033333333333
mem[X,0x00000000800323B8] -> 0x1513
mem[X,0x00000000800323BA] -> 0x00B5
[7565] [M]: 0x00000000800323B8 (0x00B51513) slli a0, a0, 11
x10 <- 0x0019999999999800
mem[X,0x00000000800323BC] -> 0x0513
mem[X,0x00000000800323BE] -> 0x1995
[7566] [M]: 0x00000000800323BC (0x19950513) addi a0, a0, 409
x10 <- 0x0019999999999999
mem[X,0x00000000800323C0] -> 0x1513
mem[X,0x00000000800323C2] -> 0x00A5
[7567] [M]: 0x00000000800323C0 (0x00A51513) slli a0, a0, 10
x10 <- 0x6666666666666400
mem[X,0x00000000800323C4] -> 0x0513
mem[X,0x00000000800323C6] -> 0x2655
[7568] [M]: 0x00000000800323C4 (0x26550513) addi a0, a0, 613
x10 <- 0x6666666666666665
mem[X,0x00000000800323C8] -> 0x65B7
mem[X,0x00000000800323CA] -> 0x6666
[7569] [M]: 0x00000000800323C8 (0x666665B7) lui a1, 419430
x11 <- 0x0000000066666000
mem[X,0x00000000800323CC] -> 0x8593
mem[X,0x00000000800323CE] -> 0x6665
[7570] [M]: 0x00000000800323CC (0x66658593) addi a1, a1, 1638
x11 <- 0x0000000066666666
mem[X,0x00000000800323D0] -> 0x9593
mem[X,0x00000000800323D2] -> 0x00B5
[7571] [M]: 0x00000000800323D0 (0x00B59593) slli a1, a1, 11
x11 <- 0x0000033333333000
mem[X,0x00000000800323D4] -> 0x8593
mem[X,0x00000000800323D6] -> 0x3335
[7572] [M]: 0x00000000800323D4 (0x33358593) addi a1, a1, 819
x11 <- 0x0000033333333333
mem[X,0x00000000800323D8] -> 0x9593
mem[X,0x00000000800323DA] -> 0x00B5
[7573] [M]: 0x00000000800323D8 (0x00B59593) slli a1, a1, 11
x11 <- 0x0019999999999800
mem[X,0x00000000800323DC] -> 0x8593
mem[X,0x00000000800323DE] -> 0x1995
[7574] [M]: 0x00000000800323DC (0x19958593) addi a1, a1, 409
x11 <- 0x0019999999999999
mem[X,0x00000000800323E0] -> 0x9593
mem[X,0x00000000800323E2] -> 0x00A5
[7575] [M]: 0x00000000800323E0 (0x00A59593) slli a1, a1, 10
x11 <- 0x6666666666666400
mem[X,0x00000000800323E4] -> 0x8593
mem[X,0x00000000800323E6] -> 0x2675
[7576] [M]: 0x00000000800323E4 (0x26758593) addi a1, a1, 615
x11 <- 0x6666666666666667
mem[X,0x00000000800323E8] -> 0x0213
mem[X,0x00000000800323EA] -> 0x0000
[7577] [M]: 0x00000000800323E8 (0x00000213) addi tp, zero, 0
x4 <- 0x0000000000000000
mem[X,0x00000000800323EC] -> 0x006F
mem[X,0x00000000800323EE] -> 0x00C0
[7578] [M]: 0x00000000800323EC (0x00C0006F) jal zero, 12
mem[X,0x00000000800323F8] -> 0x0863
mem[X,0x00000000800323FA] -> 0x00B5
[7579] [M]: 0x00000000800323F8 (0x00B50863) beq a0, a1, 16
mem[X,0x00000000800323FC] -> 0x0213
mem[X,0x00000000800323FE] -> 0x0022
[7580] [M]: 0x00000000800323FC (0x00220213) addi tp, tp, 2
x4 <- 0x0000000000000002
mem[X,0x0000000080032400] -> 0x006F
mem[X,0x0000000080032402] -> 0x0100
[7581] [M]: 0x0000000080032400 (0x0100006F) jal zero, 16
mem[X,0x0000000080032410] -> 0x3823
mem[X,0x0000000080032412] -> 0x6641
[7582] [M]: 0x0000000080032410 (0x66413823) sd tp, 1648(sp)
mem[0x000000008004A038] <- 0x0000000000000002
mem[X,0x0000000080032414] -> 0x6537
mem[X,0x0000000080032416] -> 0x6666
[7583] [M]: 0x0000000080032414 (0x66666537) lui a0, 419430
x10 <- 0x0000000066666000
mem[X,0x0000000080032418] -> 0x0513
mem[X,0x000000008003241A] -> 0x6665
[7584] [M]: 0x0000000080032418 (0x66650513) addi a0, a0, 1638
x10 <- 0x0000000066666666
mem[X,0x000000008003241C] -> 0x1513
mem[X,0x000000008003241E] -> 0x00B5
[7585] [M]: 0x000000008003241C (0x00B51513) slli a0, a0, 11
x10 <- 0x0000033333333000
mem[X,0x0000000080032420] -> 0x0513
mem[X,0x0000000080032422] -> 0x3335
[7586] [M]: 0x0000000080032420 (0x33350513) addi a0, a0, 819
x10 <- 0x0000033333333333
mem[X,0x0000000080032424] -> 0x1513
mem[X,0x0000000080032426] -> 0x00B5
[7587] [M]: 0x0000000080032424 (0x00B51513) slli a0, a0, 11
x10 <- 0x0019999999999800
mem[X,0x0000000080032428] -> 0x0513
mem[X,0x000000008003242A] -> 0x1995
[7588] [M]: 0x0000000080032428 (0x19950513) addi a0, a0, 409
x10 <- 0x0019999999999999
mem[X,0x000000008003242C] -> 0x1513
mem[X,0x000000008003242E] -> 0x00A5
[7589] [M]: 0x000000008003242C (0x00A51513) slli a0, a0, 10
x10 <- 0x6666666666666400
mem[X,0x0000000080032430] -> 0x0513
mem[X,0x0000000080032432] -> 0x2655
[7590] [M]: 0x0000000080032430 (0x26550513) addi a0, a0, 613
x10 <- 0x6666666666666665
mem[X,0x0000000080032434] -> 0x05B7
mem[X,0x0000000080032436] -> 0x0000
[7591] [M]: 0x0000000080032434 (0x000005B7) lui a1, 0
x11 <- 0x0000000000000000
mem[X,0x0000000080032438] -> 0x8593
mem[X,0x000000008003243A] -> 0xFFF5
[7592] [M]: 0x0000000080032438 (0xFFF58593) addi a1, a1, 4095
x11 <- 0xFFFFFFFFFFFFFFFF
mem[X,0x000000008003243C] -> 0x9593
mem[X,0x000000008003243E] -> 0x00B5
[7593] [M]: 0x000000008003243C (0x00B59593) slli a1, a1, 11
x11 <- 0xFFFFFFFFFFFFF800
mem[X,0x0000000080032440] -> 0x8593
mem[X,0x0000000080032442] -> 0x2575
[7594] [M]: 0x0000000080032440 (0x25758593) addi a1, a1, 599
x11 <- 0xFFFFFFFFFFFFFA57
mem[X,0x0000000080032444] -> 0x9593
mem[X,0x0000000080032446] -> 0x00B5
[7595] [M]: 0x0000000080032444 (0x00B59593) slli a1, a1, 11
x11 <- 0xFFFFFFFFFFD2B800
mem[X,0x0000000080032448] -> 0x8593
mem[X,0x000000008003244A] -> 0x6C35
[7596] [M]: 0x0000000080032448 (0x6C358593) addi a1, a1, 1731
x11 <- 0xFFFFFFFFFFD2BEC3
mem[X,0x000000008003244C] -> 0x9593
mem[X,0x000000008003244E] -> 0x00A5
[7597] [M]: 0x000000008003244C (0x00A59593) slli a1, a1, 10
x11 <- 0xFFFFFFFF4AFB0C00
mem[X,0x0000000080032450] -> 0x8593
mem[X,0x0000000080032452] -> 0x0CE5
[7598] [M]: 0x0000000080032450 (0x0CE58593) addi a1, a1, 206
x11 <- 0xFFFFFFFF4AFB0CCE
mem[X,0x0000000080032454] -> 0x0213
mem[X,0x0000000080032456] -> 0x0000
[7599] [M]: 0x0000000080032454 (0x00000213) addi tp, zero, 0
x4 <- 0x0000000000000000
clint::tick mtime <- 0x000000000000004C
 clint timer pending at mtime 0x000000000000004C
htif::tick 0x0000000000000000
mem[X,0x0000000080032458] -> 0x006F
mem[X,0x000000008003245A] -> 0x00C0
[7600] [M]: 0x0000000080032458 (0x00C0006F) jal zero, 12
mem[X,0x0000000080032464] -> 0x0663
mem[X,0x0000000080032466] -> 0x00B5
[7601] [M]: 0x0000000080032464 (0x00B50663) beq a0, a1, 12
mem[X,0x0000000080032468] -> 0x0213
mem[X,0x000000008003246A] -> 0x0022
[7602] [M]: 0x0000000080032468 (0x00220213) addi tp, tp, 2
x4 <- 0x0000000000000002
mem[X,0x000000008003246C] -> 0x006F
mem[X,0x000000008003246E] -> 0x00C0
[7603] [M]: 0x000000008003246C (0x00C0006F) jal zero, 12
mem[X,0x0000000080032478] -> 0x3C23
mem[X,0x000000008003247A] -> 0x6641
[7604] [M]: 0x0000000080032478 (0x66413C23) sd tp, 1656(sp)
mem[0x000000008004A040] <- 0x0000000000000002
mem[X,0x000000008003247C] -> 0x6537
mem[X,0x000000008003247E] -> 0x6666
[7605] [M]: 0x000000008003247C (0x66666537) lui a0, 419430
x10 <- 0x0000000066666000
mem[X,0x0000000080032480] -> 0x0513
mem[X,0x0000000080032482] -> 0x6665
[7606] [M]: 0x0000000080032480 (0x66650513) addi a0, a0, 1638
x10 <- 0x0000000066666666
mem[X,0x0000000080032484] -> 0x1513
mem[X,0x0000000080032486] -> 0x00B5
[7607] [M]: 0x0000000080032484 (0x00B51513) slli a0, a0, 11
x10 <- 0x0000033333333000
mem[X,0x0000000080032488] -> 0x0513
mem[X,0x000000008003248A] -> 0x3335
[7608] [M]: 0x0000000080032488 (0x33350513) addi a0, a0, 819
x10 <- 0x0000033333333333
mem[X,0x000000008003248C] -> 0x1513
mem[X,0x000000008003248E] -> 0x00B5
[7609] [M]: 0x000000008003248C (0x00B51513) slli a0, a0, 11
x10 <- 0x0019999999999800
mem[X,0x0000000080032490] -> 0x0513
mem[X,0x0000000080032492] -> 0x1995
[7610] [M]: 0x0000000080032490 (0x19950513) addi a0, a0, 409
x10 <- 0x0019999999999999
mem[X,0x0000000080032494] -> 0x1513
mem[X,0x0000000080032496] -> 0x00A5
[7611] [M]: 0x0000000080032494 (0x00A51513) slli a0, a0, 10
x10 <- 0x6666666666666400
mem[X,0x0000000080032498] -> 0x0513
mem[X,0x000000008003249A] -> 0x2655
[7612] [M]: 0x0000000080032498 (0x26550513) addi a0, a0, 613
x10 <- 0x6666666666666665
mem[X,0x000000008003249C] -> 0x05B7
mem[X,0x000000008003249E] -> 0x0000
[7613] [M]: 0x000000008003249C (0x000005B7) lui a1, 0
x11 <- 0x0000000000000000
mem[X,0x00000000800324A0] -> 0x8593
mem[X,0x00000000800324A2] -> 0x0005
[7614] [M]: 0x00000000800324A0 (0x00058593) addi a1, a1, 0
x11 <- 0x0000000000000000
mem[X,0x00000000800324A4] -> 0x9593
mem[X,0x00000000800324A6] -> 0x00B5
[7615] [M]: 0x00000000800324A4 (0x00B59593) slli a1, a1, 11
x11 <- 0x0000000000000000
mem[X,0x00000000800324A8] -> 0x8593
mem[X,0x00000000800324AA] -> 0x5A85
[7616] [M]: 0x00000000800324A8 (0x5A858593) addi a1, a1, 1448
x11 <- 0x00000000000005A8
mem[X,0x00000000800324AC] -> 0x9593
mem[X,0x00000000800324AE] -> 0x00B5
[7617] [M]: 0x00000000800324AC (0x00B59593) slli a1, a1, 11
x11 <- 0x00000000002D4000
mem[X,0x00000000800324B0] -> 0x8593
mem[X,0x00000000800324B2] -> 0x13C5
[7618] [M]: 0x00000000800324B0 (0x13C58593) addi a1, a1, 316
x11 <- 0x00000000002D413C
mem[X,0x00000000800324B4] -> 0x9593
mem[X,0x00000000800324B6] -> 0x00A5
[7619] [M]: 0x00000000800324B4 (0x00A59593) slli a1, a1, 10
x11 <- 0x00000000B504F000
mem[X,0x00000000800324B8] -> 0x8593
mem[X,0x00000000800324BA] -> 0x3345
[7620] [M]: 0x00000000800324B8 (0x33458593) addi a1, a1, 820
x11 <- 0x00000000B504F334
mem[X,0x00000000800324BC] -> 0x0213
mem[X,0x00000000800324BE] -> 0x0000
[7621] [M]: 0x00000000800324BC (0x00000213) addi tp, zero, 0
x4 <- 0x0000000000000000
mem[X,0x00000000800324C0] -> 0x006F
mem[X,0x00000000800324C2] -> 0x00C0
[7622] [M]: 0x00000000800324C0 (0x00C0006F) jal zero, 12
mem[X,0x00000000800324CC] -> 0x0063
mem[X,0x00000000800324CE] -> 0x02B5
[7623] [M]: 0x00000000800324CC (0x02B50063) beq a0, a1, 32
mem[X,0x00000000800324D0] -> 0x0213
mem[X,0x00000000800324D2] -> 0x0022
[7624] [M]: 0x00000000800324D0 (0x00220213) addi tp, tp, 2
x4 <- 0x0000000000000002
mem[X,0x00000000800324D4] -> 0x006F
mem[X,0x00000000800324D6] -> 0x0200
[7625] [M]: 0x00000000800324D4 (0x0200006F) jal zero, 32
mem[X,0x00000000800324F4] -> 0x3023
mem[X,0x00000000800324F6] -> 0x6841
[7626] [M]: 0x00000000800324F4 (0x68413023) sd tp, 1664(sp)
mem[0x000000008004A048] <- 0x0000000000000002
mem[X,0x00000000800324F8] -> 0x0537
mem[X,0x00000000800324FA] -> 0x0000
[7627] [M]: 0x00000000800324F8 (0x00000537) lui a0, 0
x10 <- 0x0000000000000000
mem[X,0x00000000800324FC] -> 0x0513
mem[X,0x00000000800324FE] -> 0x0005
[7628] [M]: 0x00000000800324FC (0x00050513) addi a0, a0, 0
x10 <- 0x0000000000000000
mem[X,0x0000000080032500] -> 0x1513
mem[X,0x0000000080032502] -> 0x00B5
[7629] [M]: 0x0000000080032500 (0x00B51513) slli a0, a0, 11
x10 <- 0x0000000000000000
mem[X,0x0000000080032504] -> 0x0513
mem[X,0x0000000080032506] -> 0x5A85
[7630] [M]: 0x0000000080032504 (0x5A850513) addi a0, a0, 1448
x10 <- 0x00000000000005A8
mem[X,0x0000000080032508] -> 0x1513
mem[X,0x000000008003250A] -> 0x00B5
[7631] [M]: 0x0000000080032508 (0x00B51513) slli a0, a0, 11
x10 <- 0x00000000002D4000
mem[X,0x000000008003250C] -> 0x0513
mem[X,0x000000008003250E] -> 0x13C5
[7632] [M]: 0x000000008003250C (0x13C50513) addi a0, a0, 316
x10 <- 0x00000000002D413C
mem[X,0x0000000080032510] -> 0x1513
mem[X,0x0000000080032512] -> 0x00A5
[7633] [M]: 0x0000000080032510 (0x00A51513) slli a0, a0, 10
x10 <- 0x00000000B504F000
mem[X,0x0000000080032514] -> 0x0513
mem[X,0x0000000080032516] -> 0x3325
[7634] [M]: 0x0000000080032514 (0x33250513) addi a0, a0, 818
x10 <- 0x00000000B504F332
mem[X,0x0000000080032518] -> 0x0593
mem[X,0x000000008003251A] -> 0x0030
[7635] [M]: 0x0000000080032518 (0x00300593) addi a1, zero, 3
x11 <- 0x0000000000000003
mem[X,0x000000008003251C] -> 0x0213
mem[X,0x000000008003251E] -> 0x0000
[7636] [M]: 0x000000008003251C (0x00000213) addi tp, zero, 0
x4 <- 0x0000000000000000
mem[X,0x0000000080032520] -> 0x006F
mem[X,0x0000000080032522] -> 0x00C0
[7637] [M]: 0x0000000080032520 (0x00C0006F) jal zero, 12
mem[X,0x000000008003252C] -> 0x0063
mem[X,0x000000008003252E] -> 0x20B5
[7638] [M]: 0x000000008003252C (0x20B50063) beq a0, a1, 512
mem[X,0x0000000080032530] -> 0x0213
mem[X,0x0000000080032532] -> 0x0022
[7639] [M]: 0x0000000080032530 (0x00220213) addi tp, tp, 2
x4 <- 0x0000000000000002
mem[X,0x0000000080032534] -> 0x006F
mem[X,0x0000000080032536] -> 0x2000
[7640] [M]: 0x0000000080032534 (0x2000006F) jal zero, 512
mem[X,0x0000000080032734] -> 0x3423
mem[X,0x0000000080032736] -> 0x6841
[7641] [M]: 0x0000000080032734 (0x68413423) sd tp, 1672(sp)
mem[0x000000008004A050] <- 0x0000000000000002
mem[X,0x0000000080032738] -> 0x0537
mem[X,0x000000008003273A] -> 0x0000
[7642] [M]: 0x0000000080032738 (0x00000537) lui a0, 0
x10 <- 0x0000000000000000
mem[X,0x000000008003273C] -> 0x0513
mem[X,0x000000008003273E] -> 0x0005
[7643] [M]: 0x000000008003273C (0x00050513) addi a0, a0, 0
x10 <- 0x0000000000000000
mem[X,0x0000000080032740] -> 0x1513
mem[X,0x0000000080032742] -> 0x00B5
[7644] [M]: 0x0000000080032740 (0x00B51513) slli a0, a0, 11
x10 <- 0x0000000000000000
mem[X,0x0000000080032744] -> 0x0513
mem[X,0x0000000080032746] -> 0x5A85
[7645] [M]: 0x0000000080032744 (0x5A850513) addi a0, a0, 1448
x10 <- 0x00000000000005A8
mem[X,0x0000000080032748] -> 0x1513
mem[X,0x000000008003274A] -> 0x00B5
[7646] [M]: 0x0000000080032748 (0x00B51513) slli a0, a0, 11
x10 <- 0x00000000002D4000
mem[X,0x000000008003274C] -> 0x0513
mem[X,0x000000008003274E] -> 0x13C5
[7647] [M]: 0x000000008003274C (0x13C50513) addi a0, a0, 316
x10 <- 0x00000000002D413C
mem[X,0x0000000080032750] -> 0x1513
mem[X,0x0000000080032752] -> 0x00A5
[7648] [M]: 0x0000000080032750 (0x00A51513) slli a0, a0, 10
x10 <- 0x00000000B504F000
mem[X,0x0000000080032754] -> 0x0513
mem[X,0x0000000080032756] -> 0x3325
[7649] [M]: 0x0000000080032754 (0x33250513) addi a0, a0, 818
x10 <- 0x00000000B504F332
mem[X,0x0000000080032758] -> 0x55B7
mem[X,0x000000008003275A] -> 0x5555
[7650] [M]: 0x0000000080032758 (0x555555B7) lui a1, 349525
x11 <- 0x0000000055555000
mem[X,0x000000008003275C] -> 0x8593
mem[X,0x000000008003275E] -> 0x5555
[7651] [M]: 0x000000008003275C (0x55558593) addi a1, a1, 1365
x11 <- 0x0000000055555555
mem[X,0x0000000080032760] -> 0x9593
mem[X,0x0000000080032762] -> 0x00B5
[7652] [M]: 0x0000000080032760 (0x00B59593) slli a1, a1, 11
x11 <- 0x000002AAAAAAA800
mem[X,0x0000000080032764] -> 0x8593
mem[X,0x0000000080032766] -> 0x2AA5
[7653] [M]: 0x0000000080032764 (0x2AA58593) addi a1, a1, 682
x11 <- 0x000002AAAAAAAAAA
mem[X,0x0000000080032768] -> 0x9593
mem[X,0x000000008003276A] -> 0x00B5
[7654] [M]: 0x0000000080032768 (0x00B59593) slli a1, a1, 11
x11 <- 0x0015555555555000
mem[X,0x000000008003276C] -> 0x8593
mem[X,0x000000008003276E] -> 0x5555
[7655] [M]: 0x000000008003276C (0x55558593) addi a1, a1, 1365
x11 <- 0x0015555555555555
mem[X,0x0000000080032770] -> 0x9593
mem[X,0x0000000080032772] -> 0x00A5
[7656] [M]: 0x0000000080032770 (0x00A59593) slli a1, a1, 10
x11 <- 0x5555555555555400
mem[X,0x0000000080032774] -> 0x8593
mem[X,0x0000000080032776] -> 0x1555
[7657] [M]: 0x0000000080032774 (0x15558593) addi a1, a1, 341
x11 <- 0x5555555555555555
mem[X,0x0000000080032778] -> 0x0213
mem[X,0x000000008003277A] -> 0x0000
[7658] [M]: 0x0000000080032778 (0x00000213) addi tp, zero, 0
x4 <- 0x0000000000000000
mem[X,0x000000008003277C] -> 0x006F
mem[X,0x000000008003277E] -> 0x00C0
[7659] [M]: 0x000000008003277C (0x00C0006F) jal zero, 12
mem[X,0x0000000080032788] -> 0x0063
mem[X,0x000000008003278A] -> 0x08B5
[7660] [M]: 0x0000000080032788 (0x08B50063) beq a0, a1, 128
mem[X,0x000000008003278C] -> 0x0213
mem[X,0x000000008003278E] -> 0x0022
[7661] [M]: 0x000000008003278C (0x00220213) addi tp, tp, 2
x4 <- 0x0000000000000002
mem[X,0x0000000080032790] -> 0x006F
mem[X,0x0000000080032792] -> 0x0800
[7662] [M]: 0x0000000080032790 (0x0800006F) jal zero, 128
mem[X,0x0000000080032810] -> 0x3823
mem[X,0x0000000080032812] -> 0x6841
[7663] [M]: 0x0000000080032810 (0x68413823) sd tp, 1680(sp)
mem[0x000000008004A058] <- 0x0000000000000002
mem[X,0x0000000080032814] -> 0x0537
mem[X,0x0000000080032816] -> 0x0000
[7664] [M]: 0x0000000080032814 (0x00000537) lui a0, 0
x10 <- 0x0000000000000000
mem[X,0x0000000080032818] -> 0x0513
mem[X,0x000000008003281A] -> 0x0005
[7665] [M]: 0x0000000080032818 (0x00050513) addi a0, a0, 0
x10 <- 0x0000000000000000
mem[X,0x000000008003281C] -> 0x1513
mem[X,0x000000008003281E] -> 0x00B5
[7666] [M]: 0x000000008003281C (0x00B51513) slli a0, a0, 11
x10 <- 0x0000000000000000
mem[X,0x0000000080032820] -> 0x0513
mem[X,0x0000000080032822] -> 0x5A85
[7667] [M]: 0x0000000080032820 (0x5A850513) addi a0, a0, 1448
x10 <- 0x00000000000005A8
mem[X,0x0000000080032824] -> 0x1513
mem[X,0x0000000080032826] -> 0x00B5
[7668] [M]: 0x0000000080032824 (0x00B51513) slli a0, a0, 11
x10 <- 0x00000000002D4000
mem[X,0x0000000080032828] -> 0x0513
mem[X,0x000000008003282A] -> 0x13C5
[7669] [M]: 0x0000000080032828 (0x13C50513) addi a0, a0, 316
x10 <- 0x00000000002D413C
mem[X,0x000000008003282C] -> 0x1513
mem[X,0x000000008003282E] -> 0x00A5
[7670] [M]: 0x000000008003282C (0x00A51513) slli a0, a0, 10
x10 <- 0x00000000B504F000
mem[X,0x0000000080032830] -> 0x0513
mem[X,0x0000000080032832] -> 0x3325
[7671] [M]: 0x0000000080032830 (0x33250513) addi a0, a0, 818
x10 <- 0x00000000B504F332
mem[X,0x0000000080032834] -> 0xB5B7
mem[X,0x0000000080032836] -> 0xAAAA
[7672] [M]: 0x0000000080032834 (0xAAAAB5B7) lui a1, 699051
x11 <- 0xFFFFFFFFAAAAB000
mem[X,0x0000000080032838] -> 0x8593
mem[X,0x000000008003283A] -> 0xAAA5
[7673] [M]: 0x0000000080032838 (0xAAA58593) addi a1, a1, 2730
x11 <- 0xFFFFFFFFAAAAAAAA
mem[X,0x000000008003283C] -> 0x9593
mem[X,0x000000008003283E] -> 0x00B5
[7674] [M]: 0x000000008003283C (0x00B59593) slli a1, a1, 11
x11 <- 0xFFFFFD5555555000
mem[X,0x0000000080032840] -> 0x8593
mem[X,0x0000000080032842] -> 0x5555
[7675] [M]: 0x0000000080032840 (0x55558593) addi a1, a1, 1365
x11 <- 0xFFFFFD5555555555
mem[X,0x0000000080032844] -> 0x9593
mem[X,0x0000000080032846] -> 0x00B5
[7676] [M]: 0x0000000080032844 (0x00B59593) slli a1, a1, 11
x11 <- 0xFFEAAAAAAAAAA800
mem[X,0x0000000080032848] -> 0x8593
mem[X,0x000000008003284A] -> 0x2AA5
[7677] [M]: 0x0000000080032848 (0x2AA58593) addi a1, a1, 682
x11 <- 0xFFEAAAAAAAAAAAAA
mem[X,0x000000008003284C] -> 0x9593
mem[X,0x000000008003284E] -> 0x00A5
[7678] [M]: 0x000000008003284C (0x00A59593) slli a1, a1, 10
x11 <- 0xAAAAAAAAAAAAA800
mem[X,0x0000000080032850] -> 0x8593
mem[X,0x0000000080032852] -> 0x2AA5
[7679] [M]: 0x0000000080032850 (0x2AA58593) addi a1, a1, 682
x11 <- 0xAAAAAAAAAAAAAAAA
mem[X,0x0000000080032854] -> 0x0213
mem[X,0x0000000080032856] -> 0x0000
[7680] [M]: 0x0000000080032854 (0x00000213) addi tp, zero, 0
x4 <- 0x0000000000000000
mem[X,0x0000000080032858] -> 0x006F
mem[X,0x000000008003285A] -> 0x00C0
[7681] [M]: 0x0000000080032858 (0x00C0006F) jal zero, 12
mem[X,0x0000000080032864] -> 0x0063
mem[X,0x0000000080032866] -> 0x02B5
[7682] [M]: 0x0000000080032864 (0x02B50063) beq a0, a1, 32
mem[X,0x0000000080032868] -> 0x0213
mem[X,0x000000008003286A] -> 0x0022
[7683] [M]: 0x0000000080032868 (0x00220213) addi tp, tp, 2
x4 <- 0x0000000000000002
mem[X,0x000000008003286C] -> 0x006F
mem[X,0x000000008003286E] -> 0x0200
[7684] [M]: 0x000000008003286C (0x0200006F) jal zero, 32
mem[X,0x000000008003288C] -> 0x3C23
mem[X,0x000000008003288E] -> 0x6841
[7685] [M]: 0x000000008003288C (0x68413C23) sd tp, 1688(sp)
mem[0x000000008004A060] <- 0x0000000000000002
mem[X,0x0000000080032890] -> 0x0537
mem[X,0x0000000080032892] -> 0x0000
[7686] [M]: 0x0000000080032890 (0x00000537) lui a0, 0
x10 <- 0x0000000000000000
mem[X,0x0000000080032894] -> 0x0513
mem[X,0x0000000080032896] -> 0x0005
[7687] [M]: 0x0000000080032894 (0x00050513) addi a0, a0, 0
x10 <- 0x0000000000000000
mem[X,0x0000000080032898] -> 0x1513
mem[X,0x000000008003289A] -> 0x00B5
[7688] [M]: 0x0000000080032898 (0x00B51513) slli a0, a0, 11
x10 <- 0x0000000000000000
mem[X,0x000000008003289C] -> 0x0513
mem[X,0x000000008003289E] -> 0x5A85
[7689] [M]: 0x000000008003289C (0x5A850513) addi a0, a0, 1448
x10 <- 0x00000000000005A8
mem[X,0x00000000800328A0] -> 0x1513
mem[X,0x00000000800328A2] -> 0x00B5
[7690] [M]: 0x00000000800328A0 (0x00B51513) slli a0, a0, 11
x10 <- 0x00000000002D4000
mem[X,0x00000000800328A4] -> 0x0513
mem[X,0x00000000800328A6] -> 0x13C5
[7691] [M]: 0x00000000800328A4 (0x13C50513) addi a0, a0, 316
x10 <- 0x00000000002D413C
mem[X,0x00000000800328A8] -> 0x1513
mem[X,0x00000000800328AA] -> 0x00A5
[7692] [M]: 0x00000000800328A8 (0x00A51513) slli a0, a0, 10
x10 <- 0x00000000B504F000
mem[X,0x00000000800328AC] -> 0x0513
mem[X,0x00000000800328AE] -> 0x3325
[7693] [M]: 0x00000000800328AC (0x33250513) addi a0, a0, 818
x10 <- 0x00000000B504F332
mem[X,0x00000000800328B0] -> 0x0593
mem[X,0x00000000800328B2] -> 0x0050
[7694] [M]: 0x00000000800328B0 (0x00500593) addi a1, zero, 5
x11 <- 0x0000000000000005
mem[X,0x00000000800328B4] -> 0x0213
mem[X,0x00000000800328B6] -> 0x0000
[7695] [M]: 0x00000000800328B4 (0x00000213) addi tp, zero, 0
x4 <- 0x0000000000000000
mem[X,0x00000000800328B8] -> 0x006F
mem[X,0x00000000800328BA] -> 0x00C0
[7696] [M]: 0x00000000800328B8 (0x00C0006F) jal zero, 12
mem[X,0x00000000800328C4] -> 0x0063
mem[X,0x00000000800328C6] -> 0x04B5
[7697] [M]: 0x00000000800328C4 (0x04B50063) beq a0, a1, 64
mem[X,0x00000000800328C8] -> 0x0213
mem[X,0x00000000800328CA] -> 0x0022
[7698] [M]: 0x00000000800328C8 (0x00220213) addi tp, tp, 2
x4 <- 0x0000000000000002
mem[X,0x00000000800328CC] -> 0x006F
mem[X,0x00000000800328CE] -> 0x0400
[7699] [M]: 0x00000000800328CC (0x0400006F) jal zero, 64
clint::tick mtime <- 0x000000000000004D
 clint timer pending at mtime 0x000000000000004D
htif::tick 0x0000000000000000
mem[X,0x000000008003290C] -> 0x3023
mem[X,0x000000008003290E] -> 0x6A41
[7700] [M]: 0x000000008003290C (0x6A413023) sd tp, 1696(sp)
mem[0x000000008004A068] <- 0x0000000000000002
mem[X,0x0000000080032910] -> 0x0537
mem[X,0x0000000080032912] -> 0x0000
[7701] [M]: 0x0000000080032910 (0x00000537) lui a0, 0
x10 <- 0x0000000000000000
mem[X,0x0000000080032914] -> 0x0513
mem[X,0x0000000080032916] -> 0x0005
[7702] [M]: 0x0000000080032914 (0x00050513) addi a0, a0, 0
x10 <- 0x0000000000000000
mem[X,0x0000000080032918] -> 0x1513
mem[X,0x000000008003291A] -> 0x00B5
[7703] [M]: 0x0000000080032918 (0x00B51513) slli a0, a0, 11
x10 <- 0x0000000000000000
mem[X,0x000000008003291C] -> 0x0513
mem[X,0x000000008003291E] -> 0x5A85
[7704] [M]: 0x000000008003291C (0x5A850513) addi a0, a0, 1448
x10 <- 0x00000000000005A8
mem[X,0x0000000080032920] -> 0x1513
mem[X,0x0000000080032922] -> 0x00B5
[7705] [M]: 0x0000000080032920 (0x00B51513) slli a0, a0, 11
x10 <- 0x00000000002D4000
mem[X,0x0000000080032924] -> 0x0513
mem[X,0x0000000080032926] -> 0x13C5
[7706] [M]: 0x0000000080032924 (0x13C50513) addi a0, a0, 316
x10 <- 0x00000000002D413C
mem[X,0x0000000080032928] -> 0x1513
mem[X,0x000000008003292A] -> 0x00A5
[7707] [M]: 0x0000000080032928 (0x00A51513) slli a0, a0, 10
x10 <- 0x00000000B504F000
mem[X,0x000000008003292C] -> 0x0513
mem[X,0x000000008003292E] -> 0x3325
[7708] [M]: 0x000000008003292C (0x33250513) addi a0, a0, 818
x10 <- 0x00000000B504F332
mem[X,0x0000000080032930] -> 0x35B7
mem[X,0x0000000080032932] -> 0x3333
[7709] [M]: 0x0000000080032930 (0x333335B7) lui a1, 209715
x11 <- 0x0000000033333000
mem[X,0x0000000080032934] -> 0x8593
mem[X,0x0000000080032936] -> 0x3335
[7710] [M]: 0x0000000080032934 (0x33358593) addi a1, a1, 819
x11 <- 0x0000000033333333
mem[X,0x0000000080032938] -> 0x9593
mem[X,0x000000008003293A] -> 0x00B5
[7711] [M]: 0x0000000080032938 (0x00B59593) slli a1, a1, 11
x11 <- 0x0000019999999800
mem[X,0x000000008003293C] -> 0x8593
mem[X,0x000000008003293E] -> 0x1995
[7712] [M]: 0x000000008003293C (0x19958593) addi a1, a1, 409
x11 <- 0x0000019999999999
mem[X,0x0000000080032940] -> 0x9593
mem[X,0x0000000080032942] -> 0x00B5
[7713] [M]: 0x0000000080032940 (0x00B59593) slli a1, a1, 11
x11 <- 0x000CCCCCCCCCC800
mem[X,0x0000000080032944] -> 0x8593
mem[X,0x0000000080032946] -> 0x4CC5
[7714] [M]: 0x0000000080032944 (0x4CC58593) addi a1, a1, 1228
x11 <- 0x000CCCCCCCCCCCCC
mem[X,0x0000000080032948] -> 0x9593
mem[X,0x000000008003294A] -> 0x00A5
[7715] [M]: 0x0000000080032948 (0x00A59593) slli a1, a1, 10
x11 <- 0x3333333333333000
mem[X,0x000000008003294C] -> 0x8593
mem[X,0x000000008003294E] -> 0x3335
[7716] [M]: 0x000000008003294C (0x33358593) addi a1, a1, 819
x11 <- 0x3333333333333333
mem[X,0x0000000080032950] -> 0x0213
mem[X,0x0000000080032952] -> 0x0000
[7717] [M]: 0x0000000080032950 (0x00000213) addi tp, zero, 0
x4 <- 0x0000000000000000
mem[X,0x0000000080032954] -> 0x006F
mem[X,0x0000000080032956] -> 0x00C0
[7718] [M]: 0x0000000080032954 (0x00C0006F) jal zero, 12
mem[X,0x0000000080032960] -> 0x0863
mem[X,0x0000000080032962] -> 0x00B5
[7719] [M]: 0x0000000080032960 (0x00B50863) beq a0, a1, 16
mem[X,0x0000000080032964] -> 0x0213
mem[X,0x0000000080032966] -> 0x0022
[7720] [M]: 0x0000000080032964 (0x00220213) addi tp, tp, 2
x4 <- 0x0000000000000002
mem[X,0x0000000080032968] -> 0x006F
mem[X,0x000000008003296A] -> 0x0100
[7721] [M]: 0x0000000080032968 (0x0100006F) jal zero, 16
mem[X,0x0000000080032978] -> 0x3423
mem[X,0x000000008003297A] -> 0x6A41
[7722] [M]: 0x0000000080032978 (0x6A413423) sd tp, 1704(sp)
mem[0x000000008004A070] <- 0x0000000000000002
mem[X,0x000000008003297C] -> 0x0537
mem[X,0x000000008003297E] -> 0x0000
[7723] [M]: 0x000000008003297C (0x00000537) lui a0, 0
x10 <- 0x0000000000000000
mem[X,0x0000000080032980] -> 0x0513
mem[X,0x0000000080032982] -> 0x0005
[7724] [M]: 0x0000000080032980 (0x00050513) addi a0, a0, 0
x10 <- 0x0000000000000000
mem[X,0x0000000080032984] -> 0x1513
mem[X,0x0000000080032986] -> 0x00B5
[7725] [M]: 0x0000000080032984 (0x00B51513) slli a0, a0, 11
x10 <- 0x0000000000000000
mem[X,0x0000000080032988] -> 0x0513
mem[X,0x000000008003298A] -> 0x5A85
[7726] [M]: 0x0000000080032988 (0x5A850513) addi a0, a0, 1448
x10 <- 0x00000000000005A8
mem[X,0x000000008003298C] -> 0x1513
mem[X,0x000000008003298E] -> 0x00B5
[7727] [M]: 0x000000008003298C (0x00B51513) slli a0, a0, 11
x10 <- 0x00000000002D4000
mem[X,0x0000000080032990] -> 0x0513
mem[X,0x0000000080032992] -> 0x13C5
[7728] [M]: 0x0000000080032990 (0x13C50513) addi a0, a0, 316
x10 <- 0x00000000002D413C
mem[X,0x0000000080032994] -> 0x1513
mem[X,0x0000000080032996] -> 0x00A5
[7729] [M]: 0x0000000080032994 (0x00A51513) slli a0, a0, 10
x10 <- 0x00000000B504F000
mem[X,0x0000000080032998] -> 0x0513
mem[X,0x000000008003299A] -> 0x3325
[7730] [M]: 0x0000000080032998 (0x33250513) addi a0, a0, 818
x10 <- 0x00000000B504F332
mem[X,0x000000008003299C] -> 0x65B7
mem[X,0x000000008003299E] -> 0x6666
[7731] [M]: 0x000000008003299C (0x666665B7) lui a1, 419430
x11 <- 0x0000000066666000
mem[X,0x00000000800329A0] -> 0x8593
mem[X,0x00000000800329A2] -> 0x6665
[7732] [M]: 0x00000000800329A0 (0x66658593) addi a1, a1, 1638
x11 <- 0x0000000066666666
mem[X,0x00000000800329A4] -> 0x9593
mem[X,0x00000000800329A6] -> 0x00B5
[7733] [M]: 0x00000000800329A4 (0x00B59593) slli a1, a1, 11
x11 <- 0x0000033333333000
mem[X,0x00000000800329A8] -> 0x8593
mem[X,0x00000000800329AA] -> 0x3335
[7734] [M]: 0x00000000800329A8 (0x33358593) addi a1, a1, 819
x11 <- 0x0000033333333333
mem[X,0x00000000800329AC] -> 0x9593
mem[X,0x00000000800329AE] -> 0x00B5
[7735] [M]: 0x00000000800329AC (0x00B59593) slli a1, a1, 11
x11 <- 0x0019999999999800
mem[X,0x00000000800329B0] -> 0x8593
mem[X,0x00000000800329B2] -> 0x1995
[7736] [M]: 0x00000000800329B0 (0x19958593) addi a1, a1, 409
x11 <- 0x0019999999999999
mem[X,0x00000000800329B4] -> 0x9593
mem[X,0x00000000800329B6] -> 0x00A5
[7737] [M]: 0x00000000800329B4 (0x00A59593) slli a1, a1, 10
x11 <- 0x6666666666666400
mem[X,0x00000000800329B8] -> 0x8593
mem[X,0x00000000800329BA] -> 0x2665
[7738] [M]: 0x00000000800329B8 (0x26658593) addi a1, a1, 614
x11 <- 0x6666666666666666
mem[X,0x00000000800329BC] -> 0x0213
mem[X,0x00000000800329BE] -> 0x0000
[7739] [M]: 0x00000000800329BC (0x00000213) addi tp, zero, 0
x4 <- 0x0000000000000000
mem[X,0x00000000800329C0] -> 0x006F
mem[X,0x00000000800329C2] -> 0x00C0
[7740] [M]: 0x00000000800329C0 (0x00C0006F) jal zero, 12
mem[X,0x00000000800329CC] -> 0x0663
mem[X,0x00000000800329CE] -> 0x00B5
[7741] [M]: 0x00000000800329CC (0x00B50663) beq a0, a1, 12
mem[X,0x00000000800329D0] -> 0x0213
mem[X,0x00000000800329D2] -> 0x0022
[7742] [M]: 0x00000000800329D0 (0x00220213) addi tp, tp, 2
x4 <- 0x0000000000000002
mem[X,0x00000000800329D4] -> 0x006F
mem[X,0x00000000800329D6] -> 0x00C0
[7743] [M]: 0x00000000800329D4 (0x00C0006F) jal zero, 12
mem[X,0x00000000800329E0] -> 0x3823
mem[X,0x00000000800329E2] -> 0x6A41
[7744] [M]: 0x00000000800329E0 (0x6A413823) sd tp, 1712(sp)
mem[0x000000008004A078] <- 0x0000000000000002
mem[X,0x00000000800329E4] -> 0x0537
mem[X,0x00000000800329E6] -> 0x0000
[7745] [M]: 0x00000000800329E4 (0x00000537) lui a0, 0
x10 <- 0x0000000000000000
mem[X,0x00000000800329E8] -> 0x0513
mem[X,0x00000000800329EA] -> 0x0005
[7746] [M]: 0x00000000800329E8 (0x00050513) addi a0, a0, 0
x10 <- 0x0000000000000000
mem[X,0x00000000800329EC] -> 0x1513
mem[X,0x00000000800329EE] -> 0x00B5
[7747] [M]: 0x00000000800329EC (0x00B51513) slli a0, a0, 11
x10 <- 0x0000000000000000
mem[X,0x00000000800329F0] -> 0x0513
mem[X,0x00000000800329F2] -> 0x5A85
[7748] [M]: 0x00000000800329F0 (0x5A850513) addi a0, a0, 1448
x10 <- 0x00000000000005A8
mem[X,0x00000000800329F4] -> 0x1513
mem[X,0x00000000800329F6] -> 0x00B5
[7749] [M]: 0x00000000800329F4 (0x00B51513) slli a0, a0, 11
x10 <- 0x00000000002D4000
mem[X,0x00000000800329F8] -> 0x0513
mem[X,0x00000000800329FA] -> 0x13C5
[7750] [M]: 0x00000000800329F8 (0x13C50513) addi a0, a0, 316
x10 <- 0x00000000002D413C
mem[X,0x00000000800329FC] -> 0x1513
mem[X,0x00000000800329FE] -> 0x00A5
[7751] [M]: 0x00000000800329FC (0x00A51513) slli a0, a0, 10
x10 <- 0x00000000B504F000
mem[X,0x0000000080032A00] -> 0x0513
mem[X,0x0000000080032A02] -> 0x3325
[7752] [M]: 0x0000000080032A00 (0x33250513) addi a0, a0, 818
x10 <- 0x00000000B504F332
mem[X,0x0000000080032A04] -> 0x05B7
mem[X,0x0000000080032A06] -> 0x0000
[7753] [M]: 0x0000000080032A04 (0x000005B7) lui a1, 0
x11 <- 0x0000000000000000
mem[X,0x0000000080032A08] -> 0x8593
mem[X,0x0000000080032A0A] -> 0xFFF5
[7754] [M]: 0x0000000080032A08 (0xFFF58593) addi a1, a1, 4095
x11 <- 0xFFFFFFFFFFFFFFFF
mem[X,0x0000000080032A0C] -> 0x9593
mem[X,0x0000000080032A0E] -> 0x00B5
[7755] [M]: 0x0000000080032A0C (0x00B59593) slli a1, a1, 11
x11 <- 0xFFFFFFFFFFFFF800
mem[X,0x0000000080032A10] -> 0x8593
mem[X,0x0000000080032A12] -> 0x2575
[7756] [M]: 0x0000000080032A10 (0x25758593) addi a1, a1, 599
x11 <- 0xFFFFFFFFFFFFFA57
mem[X,0x0000000080032A14] -> 0x9593
mem[X,0x0000000080032A16] -> 0x00B5
[7757] [M]: 0x0000000080032A14 (0x00B59593) slli a1, a1, 11
x11 <- 0xFFFFFFFFFFD2B800
mem[X,0x0000000080032A18] -> 0x8593
mem[X,0x0000000080032A1A] -> 0x6C35
[7758] [M]: 0x0000000080032A18 (0x6C358593) addi a1, a1, 1731
x11 <- 0xFFFFFFFFFFD2BEC3
mem[X,0x0000000080032A1C] -> 0x9593
mem[X,0x0000000080032A1E] -> 0x00A5
[7759] [M]: 0x0000000080032A1C (0x00A59593) slli a1, a1, 10
x11 <- 0xFFFFFFFF4AFB0C00
mem[X,0x0000000080032A20] -> 0x8593
mem[X,0x0000000080032A22] -> 0x0CD5
[7760] [M]: 0x0000000080032A20 (0x0CD58593) addi a1, a1, 205
x11 <- 0xFFFFFFFF4AFB0CCD
mem[X,0x0000000080032A24] -> 0x0213
mem[X,0x0000000080032A26] -> 0x0000
[7761] [M]: 0x0000000080032A24 (0x00000213) addi tp, zero, 0
x4 <- 0x0000000000000000
mem[X,0x0000000080032A28] -> 0x006F
mem[X,0x0000000080032A2A] -> 0x00C0
[7762] [M]: 0x0000000080032A28 (0x00C0006F) jal zero, 12
mem[X,0x0000000080032A34] -> 0x0CE3
mem[X,0x0000000080032A36] -> 0xFEB5
[7763] [M]: 0x0000000080032A34 (0xFEB50CE3) beq a0, a1, 8184
mem[X,0x0000000080032A38] -> 0x0213
mem[X,0x0000000080032A3A] -> 0x0022
[7764] [M]: 0x0000000080032A38 (0x00220213) addi tp, tp, 2
x4 <- 0x0000000000000002
mem[X,0x0000000080032A3C] -> 0x006F
mem[X,0x0000000080032A3E] -> 0x00C0
[7765] [M]: 0x0000000080032A3C (0x00C0006F) jal zero, 12
mem[X,0x0000000080032A48] -> 0x3C23
mem[X,0x0000000080032A4A] -> 0x6A41
[7766] [M]: 0x0000000080032A48 (0x6A413C23) sd tp, 1720(sp)
mem[0x000000008004A080] <- 0x0000000000000002
mem[X,0x0000000080032A4C] -> 0x0537
mem[X,0x0000000080032A4E] -> 0x0000
[7767] [M]: 0x0000000080032A4C (0x00000537) lui a0, 0
x10 <- 0x0000000000000000
mem[X,0x0000000080032A50] -> 0x0513
mem[X,0x0000000080032A52] -> 0x0005
[7768] [M]: 0x0000000080032A50 (0x00050513) addi a0, a0, 0
x10 <- 0x0000000000000000
mem[X,0x0000000080032A54] -> 0x1513
mem[X,0x0000000080032A56] -> 0x00B5
[7769] [M]: 0x0000000080032A54 (0x00B51513) slli a0, a0, 11
x10 <- 0x0000000000000000
mem[X,0x0000000080032A58] -> 0x0513
mem[X,0x0000000080032A5A] -> 0x5A85
[7770] [M]: 0x0000000080032A58 (0x5A850513) addi a0, a0, 1448
x10 <- 0x00000000000005A8
mem[X,0x0000000080032A5C] -> 0x1513
mem[X,0x0000000080032A5E] -> 0x00B5
[7771] [M]: 0x0000000080032A5C (0x00B51513) slli a0, a0, 11
x10 <- 0x00000000002D4000
mem[X,0x0000000080032A60] -> 0x0513
mem[X,0x0000000080032A62] -> 0x13C5
[7772] [M]: 0x0000000080032A60 (0x13C50513) addi a0, a0, 316
x10 <- 0x00000000002D413C
mem[X,0x0000000080032A64] -> 0x1513
mem[X,0x0000000080032A66] -> 0x00A5
[7773] [M]: 0x0000000080032A64 (0x00A51513) slli a0, a0, 10
x10 <- 0x00000000B504F000
mem[X,0x0000000080032A68] -> 0x0513
mem[X,0x0000000080032A6A] -> 0x3325
[7774] [M]: 0x0000000080032A68 (0x33250513) addi a0, a0, 818
x10 <- 0x00000000B504F332
mem[X,0x0000000080032A6C] -> 0x05B7
mem[X,0x0000000080032A6E] -> 0x0000
[7775] [M]: 0x0000000080032A6C (0x000005B7) lui a1, 0
x11 <- 0x0000000000000000
mem[X,0x0000000080032A70] -> 0x8593
mem[X,0x0000000080032A72] -> 0x0005
[7776] [M]: 0x0000000080032A70 (0x00058593) addi a1, a1, 0
x11 <- 0x0000000000000000
mem[X,0x0000000080032A74] -> 0x9593
mem[X,0x0000000080032A76] -> 0x00B5
[7777] [M]: 0x0000000080032A74 (0x00B59593) slli a1, a1, 11
x11 <- 0x0000000000000000
mem[X,0x0000000080032A78] -> 0x8593
mem[X,0x0000000080032A7A] -> 0x5A85
[7778] [M]: 0x0000000080032A78 (0x5A858593) addi a1, a1, 1448
x11 <- 0x00000000000005A8
mem[X,0x0000000080032A7C] -> 0x9593
mem[X,0x0000000080032A7E] -> 0x00B5
[7779] [M]: 0x0000000080032A7C (0x00B59593) slli a1, a1, 11
x11 <- 0x00000000002D4000
mem[X,0x0000000080032A80] -> 0x8593
mem[X,0x0000000080032A82] -> 0x13C5
[7780] [M]: 0x0000000080032A80 (0x13C58593) addi a1, a1, 316
x11 <- 0x00000000002D413C
mem[X,0x0000000080032A84] -> 0x9593
mem[X,0x0000000080032A86] -> 0x00A5
[7781] [M]: 0x0000000080032A84 (0x00A59593) slli a1, a1, 10
x11 <- 0x00000000B504F000
mem[X,0x0000000080032A88] -> 0x8593
mem[X,0x0000000080032A8A] -> 0x3335
[7782] [M]: 0x0000000080032A88 (0x33358593) addi a1, a1, 819
x11 <- 0x00000000B504F333
mem[X,0x0000000080032A8C] -> 0x0213
mem[X,0x0000000080032A8E] -> 0x0000
[7783] [M]: 0x0000000080032A8C (0x00000213) addi tp, zero, 0
x4 <- 0x0000000000000000
mem[X,0x0000000080032A90] -> 0x006F
mem[X,0x0000000080032A92] -> 0x00C0
[7784] [M]: 0x0000000080032A90 (0x00C0006F) jal zero, 12
mem[X,0x0000000080032A9C] -> 0x0663
mem[X,0x0000000080032A9E] -> 0x00B5
[7785] [M]: 0x0000000080032A9C (0x00B50663) beq a0, a1, 12
mem[X,0x0000000080032AA0] -> 0x0213
mem[X,0x0000000080032AA2] -> 0x0022
[7786] [M]: 0x0000000080032AA0 (0x00220213) addi tp, tp, 2
x4 <- 0x0000000000000002
mem[X,0x0000000080032AA4] -> 0x006F
mem[X,0x0000000080032AA6] -> 0x00C0
[7787] [M]: 0x0000000080032AA4 (0x00C0006F) jal zero, 12
mem[X,0x0000000080032AB0] -> 0x3023
mem[X,0x0000000080032AB2] -> 0x6C41
[7788] [M]: 0x0000000080032AB0 (0x6C413023) sd tp, 1728(sp)
mem[0x000000008004A088] <- 0x0000000000000002
mem[X,0x0000000080032AB4] -> 0x0537
mem[X,0x0000000080032AB6] -> 0x0000
[7789] [M]: 0x0000000080032AB4 (0x00000537) lui a0, 0
x10 <- 0x0000000000000000
mem[X,0x0000000080032AB8] -> 0x0513
mem[X,0x0000000080032ABA] -> 0x0005
[7790] [M]: 0x0000000080032AB8 (0x00050513) addi a0, a0, 0
x10 <- 0x0000000000000000
mem[X,0x0000000080032ABC] -> 0x1513
mem[X,0x0000000080032ABE] -> 0x00B5
[7791] [M]: 0x0000000080032ABC (0x00B51513) slli a0, a0, 11
x10 <- 0x0000000000000000
mem[X,0x0000000080032AC0] -> 0x0513
mem[X,0x0000000080032AC2] -> 0x5A85
[7792] [M]: 0x0000000080032AC0 (0x5A850513) addi a0, a0, 1448
x10 <- 0x00000000000005A8
mem[X,0x0000000080032AC4] -> 0x1513
mem[X,0x0000000080032AC6] -> 0x00B5
[7793] [M]: 0x0000000080032AC4 (0x00B51513) slli a0, a0, 11
x10 <- 0x00000000002D4000
mem[X,0x0000000080032AC8] -> 0x0513
mem[X,0x0000000080032ACA] -> 0x13C5
[7794] [M]: 0x0000000080032AC8 (0x13C50513) addi a0, a0, 316
x10 <- 0x00000000002D413C
mem[X,0x0000000080032ACC] -> 0x1513
mem[X,0x0000000080032ACE] -> 0x00A5
[7795] [M]: 0x0000000080032ACC (0x00A51513) slli a0, a0, 10
x10 <- 0x00000000B504F000
mem[X,0x0000000080032AD0] -> 0x0513
mem[X,0x0000000080032AD2] -> 0x3325
[7796] [M]: 0x0000000080032AD0 (0x33250513) addi a0, a0, 818
x10 <- 0x00000000B504F332
mem[X,0x0000000080032AD4] -> 0x0593
mem[X,0x0000000080032AD6] -> 0x0020
[7797] [M]: 0x0000000080032AD4 (0x00200593) addi a1, zero, 2
x11 <- 0x0000000000000002
mem[X,0x0000000080032AD8] -> 0x0213
mem[X,0x0000000080032ADA] -> 0x0000
[7798] [M]: 0x0000000080032AD8 (0x00000213) addi tp, zero, 0
x4 <- 0x0000000000000000
mem[X,0x0000000080032ADC] -> 0x006F
mem[X,0x0000000080032ADE] -> 0x2B10
[7799] [M]: 0x0000000080032ADC (0x2B10006F) jal zero, 2736
clint::tick mtime <- 0x000000000000004E
 clint timer pending at mtime 0x000000000000004E
htif::tick 0x0000000000000000
mem[X,0x000000008003358C] -> 0x0A63
mem[X,0x000000008003358E] -> 0xD4B5
[7800] [M]: 0x000000008003358C (0xD4B50A63) beq a0, a1, 5460
mem[X,0x0000000080033590] -> 0x0213
mem[X,0x0000000080033592] -> 0x0022
[7801] [M]: 0x0000000080033590 (0x00220213) addi tp, tp, 2
x4 <- 0x0000000000000002
mem[X,0x0000000080033594] -> 0x006F
mem[X,0x0000000080033596] -> 0x00C0
[7802] [M]: 0x0000000080033594 (0x00C0006F) jal zero, 12
mem[X,0x00000000800335A0] -> 0x3423
mem[X,0x00000000800335A2] -> 0x6C41
[7803] [M]: 0x00000000800335A0 (0x6C413423) sd tp, 1736(sp)
mem[0x000000008004A090] <- 0x0000000000000002
mem[X,0x00000000800335A4] -> 0x0537
mem[X,0x00000000800335A6] -> 0x0000
[7804] [M]: 0x00000000800335A4 (0x00000537) lui a0, 0
x10 <- 0x0000000000000000
mem[X,0x00000000800335A8] -> 0x0513
mem[X,0x00000000800335AA] -> 0x0005
[7805] [M]: 0x00000000800335A8 (0x00050513) addi a0, a0, 0
x10 <- 0x0000000000000000
mem[X,0x00000000800335AC] -> 0x1513
mem[X,0x00000000800335AE] -> 0x00B5
[7806] [M]: 0x00000000800335AC (0x00B51513) slli a0, a0, 11
x10 <- 0x0000000000000000
mem[X,0x00000000800335B0] -> 0x0513
mem[X,0x00000000800335B2] -> 0x5A85
[7807] [M]: 0x00000000800335B0 (0x5A850513) addi a0, a0, 1448
x10 <- 0x00000000000005A8
mem[X,0x00000000800335B4] -> 0x1513
mem[X,0x00000000800335B6] -> 0x00B5
[7808] [M]: 0x00000000800335B4 (0x00B51513) slli a0, a0, 11
x10 <- 0x00000000002D4000
mem[X,0x00000000800335B8] -> 0x0513
mem[X,0x00000000800335BA] -> 0x13C5
[7809] [M]: 0x00000000800335B8 (0x13C50513) addi a0, a0, 316
x10 <- 0x00000000002D413C
mem[X,0x00000000800335BC] -> 0x1513
mem[X,0x00000000800335BE] -> 0x00A5
[7810] [M]: 0x00000000800335BC (0x00A51513) slli a0, a0, 10
x10 <- 0x00000000B504F000
mem[X,0x00000000800335C0] -> 0x0513
mem[X,0x00000000800335C2] -> 0x3325
[7811] [M]: 0x00000000800335C0 (0x33250513) addi a0, a0, 818
x10 <- 0x00000000B504F332
mem[X,0x00000000800335C4] -> 0x55B7
mem[X,0x00000000800335C6] -> 0x5555
[7812] [M]: 0x00000000800335C4 (0x555555B7) lui a1, 349525
x11 <- 0x0000000055555000
mem[X,0x00000000800335C8] -> 0x8593
mem[X,0x00000000800335CA] -> 0x5555
[7813] [M]: 0x00000000800335C8 (0x55558593) addi a1, a1, 1365
x11 <- 0x0000000055555555
mem[X,0x00000000800335CC] -> 0x9593
mem[X,0x00000000800335CE] -> 0x00B5
[7814] [M]: 0x00000000800335CC (0x00B59593) slli a1, a1, 11
x11 <- 0x000002AAAAAAA800
mem[X,0x00000000800335D0] -> 0x8593
mem[X,0x00000000800335D2] -> 0x2AA5
[7815] [M]: 0x00000000800335D0 (0x2AA58593) addi a1, a1, 682
x11 <- 0x000002AAAAAAAAAA
mem[X,0x00000000800335D4] -> 0x9593
mem[X,0x00000000800335D6] -> 0x00B5
[7816] [M]: 0x00000000800335D4 (0x00B59593) slli a1, a1, 11
x11 <- 0x0015555555555000
mem[X,0x00000000800335D8] -> 0x8593
mem[X,0x00000000800335DA] -> 0x5555
[7817] [M]: 0x00000000800335D8 (0x55558593) addi a1, a1, 1365
x11 <- 0x0015555555555555
mem[X,0x00000000800335DC] -> 0x9593
mem[X,0x00000000800335DE] -> 0x00A5
[7818] [M]: 0x00000000800335DC (0x00A59593) slli a1, a1, 10
x11 <- 0x5555555555555400
mem[X,0x00000000800335E0] -> 0x8593
mem[X,0x00000000800335E2] -> 0x1545
[7819] [M]: 0x00000000800335E0 (0x15458593) addi a1, a1, 340
x11 <- 0x5555555555555554
mem[X,0x00000000800335E4] -> 0x0213
mem[X,0x00000000800335E6] -> 0x0000
[7820] [M]: 0x00000000800335E4 (0x00000213) addi tp, zero, 0
x4 <- 0x0000000000000000
mem[X,0x00000000800335E8] -> 0x006F
mem[X,0x00000000800335EA] -> 0x00C0
[7821] [M]: 0x00000000800335E8 (0x00C0006F) jal zero, 12
mem[X,0x00000000800335F4] -> 0x0CE3
mem[X,0x00000000800335F6] -> 0xFEB5
[7822] [M]: 0x00000000800335F4 (0xFEB50CE3) beq a0, a1, 8184
mem[X,0x00000000800335F8] -> 0x0213
mem[X,0x00000000800335FA] -> 0x0022
[7823] [M]: 0x00000000800335F8 (0x00220213) addi tp, tp, 2
x4 <- 0x0000000000000002
mem[X,0x00000000800335FC] -> 0x006F
mem[X,0x00000000800335FE] -> 0x00C0
[7824] [M]: 0x00000000800335FC (0x00C0006F) jal zero, 12
mem[X,0x0000000080033608] -> 0x3823
mem[X,0x000000008003360A] -> 0x6C41
[7825] [M]: 0x0000000080033608 (0x6C413823) sd tp, 1744(sp)
mem[0x000000008004A098] <- 0x0000000000000002
mem[X,0x000000008003360C] -> 0x0537
mem[X,0x000000008003360E] -> 0x0000
[7826] [M]: 0x000000008003360C (0x00000537) lui a0, 0
x10 <- 0x0000000000000000
mem[X,0x0000000080033610] -> 0x0513
mem[X,0x0000000080033612] -> 0x0005
[7827] [M]: 0x0000000080033610 (0x00050513) addi a0, a0, 0
x10 <- 0x0000000000000000
mem[X,0x0000000080033614] -> 0x1513
mem[X,0x0000000080033616] -> 0x00B5
[7828] [M]: 0x0000000080033614 (0x00B51513) slli a0, a0, 11
x10 <- 0x0000000000000000
mem[X,0x0000000080033618] -> 0x0513
mem[X,0x000000008003361A] -> 0x5A85
[7829] [M]: 0x0000000080033618 (0x5A850513) addi a0, a0, 1448
x10 <- 0x00000000000005A8
mem[X,0x000000008003361C] -> 0x1513
mem[X,0x000000008003361E] -> 0x00B5
[7830] [M]: 0x000000008003361C (0x00B51513) slli a0, a0, 11
x10 <- 0x00000000002D4000
mem[X,0x0000000080033620] -> 0x0513
mem[X,0x0000000080033622] -> 0x13C5
[7831] [M]: 0x0000000080033620 (0x13C50513) addi a0, a0, 316
x10 <- 0x00000000002D413C
mem[X,0x0000000080033624] -> 0x1513
mem[X,0x0000000080033626] -> 0x00A5
[7832] [M]: 0x0000000080033624 (0x00A51513) slli a0, a0, 10
x10 <- 0x00000000B504F000
mem[X,0x0000000080033628] -> 0x0513
mem[X,0x000000008003362A] -> 0x3325
[7833] [M]: 0x0000000080033628 (0x33250513) addi a0, a0, 818
x10 <- 0x00000000B504F332
mem[X,0x000000008003362C] -> 0x0593
mem[X,0x000000008003362E] -> 0x0000
[7834] [M]: 0x000000008003362C (0x00000593) addi a1, zero, 0
x11 <- 0x0000000000000000
mem[X,0x0000000080033630] -> 0x0213
mem[X,0x0000000080033632] -> 0x0000
[7835] [M]: 0x0000000080033630 (0x00000213) addi tp, zero, 0
x4 <- 0x0000000000000000
mem[X,0x0000000080033634] -> 0x006F
mem[X,0x0000000080033636] -> 0x00C0
[7836] [M]: 0x0000000080033634 (0x00C0006F) jal zero, 12
mem[X,0x0000000080033640] -> 0x0063
mem[X,0x0000000080033642] -> 0x20B5
[7837] [M]: 0x0000000080033640 (0x20B50063) beq a0, a1, 512
mem[X,0x0000000080033644] -> 0x0213
mem[X,0x0000000080033646] -> 0x0022
[7838] [M]: 0x0000000080033644 (0x00220213) addi tp, tp, 2
x4 <- 0x0000000000000002
mem[X,0x0000000080033648] -> 0x006F
mem[X,0x000000008003364A] -> 0x2000
[7839] [M]: 0x0000000080033648 (0x2000006F) jal zero, 512
mem[X,0x0000000080033848] -> 0x3C23
mem[X,0x000000008003384A] -> 0x6C41
[7840] [M]: 0x0000000080033848 (0x6C413C23) sd tp, 1752(sp)
mem[0x000000008004A0A0] <- 0x0000000000000002
mem[X,0x000000008003384C] -> 0x0537
mem[X,0x000000008003384E] -> 0x0000
[7841] [M]: 0x000000008003384C (0x00000537) lui a0, 0
x10 <- 0x0000000000000000
mem[X,0x0000000080033850] -> 0x0513
mem[X,0x0000000080033852] -> 0x0005
[7842] [M]: 0x0000000080033850 (0x00050513) addi a0, a0, 0
x10 <- 0x0000000000000000
mem[X,0x0000000080033854] -> 0x1513
mem[X,0x0000000080033856] -> 0x00B5
[7843] [M]: 0x0000000080033854 (0x00B51513) slli a0, a0, 11
x10 <- 0x0000000000000000
mem[X,0x0000000080033858] -> 0x0513
mem[X,0x000000008003385A] -> 0x5A85
[7844] [M]: 0x0000000080033858 (0x5A850513) addi a0, a0, 1448
x10 <- 0x00000000000005A8
mem[X,0x000000008003385C] -> 0x1513
mem[X,0x000000008003385E] -> 0x00B5
[7845] [M]: 0x000000008003385C (0x00B51513) slli a0, a0, 11
x10 <- 0x00000000002D4000
mem[X,0x0000000080033860] -> 0x0513
mem[X,0x0000000080033862] -> 0x13C5
[7846] [M]: 0x0000000080033860 (0x13C50513) addi a0, a0, 316
x10 <- 0x00000000002D413C
mem[X,0x0000000080033864] -> 0x1513
mem[X,0x0000000080033866] -> 0x00A5
[7847] [M]: 0x0000000080033864 (0x00A51513) slli a0, a0, 10
x10 <- 0x00000000B504F000
mem[X,0x0000000080033868] -> 0x0513
mem[X,0x000000008003386A] -> 0x3325
[7848] [M]: 0x0000000080033868 (0x33250513) addi a0, a0, 818
x10 <- 0x00000000B504F332
mem[X,0x000000008003386C] -> 0x0593
mem[X,0x000000008003386E] -> 0x0040
[7849] [M]: 0x000000008003386C (0x00400593) addi a1, zero, 4
x11 <- 0x0000000000000004
mem[X,0x0000000080033870] -> 0x0213
mem[X,0x0000000080033872] -> 0x0000
[7850] [M]: 0x0000000080033870 (0x00000213) addi tp, zero, 0
x4 <- 0x0000000000000000
mem[X,0x0000000080033874] -> 0x006F
mem[X,0x0000000080033876] -> 0x00C0
[7851] [M]: 0x0000000080033874 (0x00C0006F) jal zero, 12
mem[X,0x0000000080033880] -> 0x0663
mem[X,0x0000000080033882] -> 0x00B5
[7852] [M]: 0x0000000080033880 (0x00B50663) beq a0, a1, 12
mem[X,0x0000000080033884] -> 0x0213
mem[X,0x0000000080033886] -> 0x0022
[7853] [M]: 0x0000000080033884 (0x00220213) addi tp, tp, 2
x4 <- 0x0000000000000002
mem[X,0x0000000080033888] -> 0x006F
mem[X,0x000000008003388A] -> 0x00C0
[7854] [M]: 0x0000000080033888 (0x00C0006F) jal zero, 12
mem[X,0x0000000080033894] -> 0x3023
mem[X,0x0000000080033896] -> 0x6E41
[7855] [M]: 0x0000000080033894 (0x6E413023) sd tp, 1760(sp)
mem[0x000000008004A0A8] <- 0x0000000000000002
mem[X,0x0000000080033898] -> 0x0537
mem[X,0x000000008003389A] -> 0x0000
[7856] [M]: 0x0000000080033898 (0x00000537) lui a0, 0
x10 <- 0x0000000000000000
mem[X,0x000000008003389C] -> 0x0513
mem[X,0x000000008003389E] -> 0x0005
[7857] [M]: 0x000000008003389C (0x00050513) addi a0, a0, 0
x10 <- 0x0000000000000000
mem[X,0x00000000800338A0] -> 0x1513
mem[X,0x00000000800338A2] -> 0x00B5
[7858] [M]: 0x00000000800338A0 (0x00B51513) slli a0, a0, 11
x10 <- 0x0000000000000000
mem[X,0x00000000800338A4] -> 0x0513
mem[X,0x00000000800338A6] -> 0x5A85
[7859] [M]: 0x00000000800338A4 (0x5A850513) addi a0, a0, 1448
x10 <- 0x00000000000005A8
mem[X,0x00000000800338A8] -> 0x1513
mem[X,0x00000000800338AA] -> 0x00B5
[7860] [M]: 0x00000000800338A8 (0x00B51513) slli a0, a0, 11
x10 <- 0x00000000002D4000
mem[X,0x00000000800338AC] -> 0x0513
mem[X,0x00000000800338AE] -> 0x13C5
[7861] [M]: 0x00000000800338AC (0x13C50513) addi a0, a0, 316
x10 <- 0x00000000002D413C
mem[X,0x00000000800338B0] -> 0x1513
mem[X,0x00000000800338B2] -> 0x00A5
[7862] [M]: 0x00000000800338B0 (0x00A51513) slli a0, a0, 10
x10 <- 0x00000000B504F000
mem[X,0x00000000800338B4] -> 0x0513
mem[X,0x00000000800338B6] -> 0x3325
[7863] [M]: 0x00000000800338B4 (0x33250513) addi a0, a0, 818
x10 <- 0x00000000B504F332
mem[X,0x00000000800338B8] -> 0x35B7
mem[X,0x00000000800338BA] -> 0x3333
[7864] [M]: 0x00000000800338B8 (0x333335B7) lui a1, 209715
x11 <- 0x0000000033333000
mem[X,0x00000000800338BC] -> 0x8593
mem[X,0x00000000800338BE] -> 0x3335
[7865] [M]: 0x00000000800338BC (0x33358593) addi a1, a1, 819
x11 <- 0x0000000033333333
mem[X,0x00000000800338C0] -> 0x9593
mem[X,0x00000000800338C2] -> 0x00B5
[7866] [M]: 0x00000000800338C0 (0x00B59593) slli a1, a1, 11
x11 <- 0x0000019999999800
mem[X,0x00000000800338C4] -> 0x8593
mem[X,0x00000000800338C6] -> 0x1995
[7867] [M]: 0x00000000800338C4 (0x19958593) addi a1, a1, 409
x11 <- 0x0000019999999999
mem[X,0x00000000800338C8] -> 0x9593
mem[X,0x00000000800338CA] -> 0x00B5
[7868] [M]: 0x00000000800338C8 (0x00B59593) slli a1, a1, 11
x11 <- 0x000CCCCCCCCCC800
mem[X,0x00000000800338CC] -> 0x8593
mem[X,0x00000000800338CE] -> 0x4CC5
[7869] [M]: 0x00000000800338CC (0x4CC58593) addi a1, a1, 1228
x11 <- 0x000CCCCCCCCCCCCC
mem[X,0x00000000800338D0] -> 0x9593
mem[X,0x00000000800338D2] -> 0x00A5
[7870] [M]: 0x00000000800338D0 (0x00A59593) slli a1, a1, 10
x11 <- 0x3333333333333000
mem[X,0x00000000800338D4] -> 0x8593
mem[X,0x00000000800338D6] -> 0x3325
[7871] [M]: 0x00000000800338D4 (0x33258593) addi a1, a1, 818
x11 <- 0x3333333333333332
mem[X,0x00000000800338D8] -> 0x0213
mem[X,0x00000000800338DA] -> 0x0000
[7872] [M]: 0x00000000800338D8 (0x00000213) addi tp, zero, 0
x4 <- 0x0000000000000000
mem[X,0x00000000800338DC] -> 0x006F
mem[X,0x00000000800338DE] -> 0x0100
[7873] [M]: 0x00000000800338DC (0x0100006F) jal zero, 16
mem[X,0x00000000800338EC] -> 0x0AE3
mem[X,0x00000000800338EE] -> 0xFEB5
[7874] [M]: 0x00000000800338EC (0xFEB50AE3) beq a0, a1, 8180
mem[X,0x00000000800338F0] -> 0x0213
mem[X,0x00000000800338F2] -> 0x0022
[7875] [M]: 0x00000000800338F0 (0x00220213) addi tp, tp, 2
x4 <- 0x0000000000000002
mem[X,0x00000000800338F4] -> 0x006F
mem[X,0x00000000800338F6] -> 0x00C0
[7876] [M]: 0x00000000800338F4 (0x00C0006F) jal zero, 12
mem[X,0x0000000080033900] -> 0x3423
mem[X,0x0000000080033902] -> 0x6E41
[7877] [M]: 0x0000000080033900 (0x6E413423) sd tp, 1768(sp)
mem[0x000000008004A0B0] <- 0x0000000000000002
mem[X,0x0000000080033904] -> 0x0537
mem[X,0x0000000080033906] -> 0x0000
[7878] [M]: 0x0000000080033904 (0x00000537) lui a0, 0
x10 <- 0x0000000000000000
mem[X,0x0000000080033908] -> 0x0513
mem[X,0x000000008003390A] -> 0x0005
[7879] [M]: 0x0000000080033908 (0x00050513) addi a0, a0, 0
x10 <- 0x0000000000000000
mem[X,0x000000008003390C] -> 0x1513
mem[X,0x000000008003390E] -> 0x00B5
[7880] [M]: 0x000000008003390C (0x00B51513) slli a0, a0, 11
x10 <- 0x0000000000000000
mem[X,0x0000000080033910] -> 0x0513
mem[X,0x0000000080033912] -> 0x5A85
[7881] [M]: 0x0000000080033910 (0x5A850513) addi a0, a0, 1448
x10 <- 0x00000000000005A8
mem[X,0x0000000080033914] -> 0x1513
mem[X,0x0000000080033916] -> 0x00B5
[7882] [M]: 0x0000000080033914 (0x00B51513) slli a0, a0, 11
x10 <- 0x00000000002D4000
mem[X,0x0000000080033918] -> 0x0513
mem[X,0x000000008003391A] -> 0x13C5
[7883] [M]: 0x0000000080033918 (0x13C50513) addi a0, a0, 316
x10 <- 0x00000000002D413C
mem[X,0x000000008003391C] -> 0x1513
mem[X,0x000000008003391E] -> 0x00A5
[7884] [M]: 0x000000008003391C (0x00A51513) slli a0, a0, 10
x10 <- 0x00000000B504F000
mem[X,0x0000000080033920] -> 0x0513
mem[X,0x0000000080033922] -> 0x3325
[7885] [M]: 0x0000000080033920 (0x33250513) addi a0, a0, 818
x10 <- 0x00000000B504F332
mem[X,0x0000000080033924] -> 0x65B7
mem[X,0x0000000080033926] -> 0x6666
[7886] [M]: 0x0000000080033924 (0x666665B7) lui a1, 419430
x11 <- 0x0000000066666000
mem[X,0x0000000080033928] -> 0x8593
mem[X,0x000000008003392A] -> 0x6665
[7887] [M]: 0x0000000080033928 (0x66658593) addi a1, a1, 1638
x11 <- 0x0000000066666666
mem[X,0x000000008003392C] -> 0x9593
mem[X,0x000000008003392E] -> 0x00B5
[7888] [M]: 0x000000008003392C (0x00B59593) slli a1, a1, 11
x11 <- 0x0000033333333000
mem[X,0x0000000080033930] -> 0x8593
mem[X,0x0000000080033932] -> 0x3335
[7889] [M]: 0x0000000080033930 (0x33358593) addi a1, a1, 819
x11 <- 0x0000033333333333
mem[X,0x0000000080033934] -> 0x9593
mem[X,0x0000000080033936] -> 0x00B5
[7890] [M]: 0x0000000080033934 (0x00B59593) slli a1, a1, 11
x11 <- 0x0019999999999800
mem[X,0x0000000080033938] -> 0x8593
mem[X,0x000000008003393A] -> 0x1995
[7891] [M]: 0x0000000080033938 (0x19958593) addi a1, a1, 409
x11 <- 0x0019999999999999
mem[X,0x000000008003393C] -> 0x9593
mem[X,0x000000008003393E] -> 0x00A5
[7892] [M]: 0x000000008003393C (0x00A59593) slli a1, a1, 10
x11 <- 0x6666666666666400
mem[X,0x0000000080033940] -> 0x8593
mem[X,0x0000000080033942] -> 0x2655
[7893] [M]: 0x0000000080033940 (0x26558593) addi a1, a1, 613
x11 <- 0x6666666666666665
mem[X,0x0000000080033944] -> 0x0213
mem[X,0x0000000080033946] -> 0x0000
[7894] [M]: 0x0000000080033944 (0x00000213) addi tp, zero, 0
x4 <- 0x0000000000000000
mem[X,0x0000000080033948] -> 0x006F
mem[X,0x000000008003394A] -> 0x00C0
[7895] [M]: 0x0000000080033948 (0x00C0006F) jal zero, 12
mem[X,0x0000000080033954] -> 0x0663
mem[X,0x0000000080033956] -> 0x00B5
[7896] [M]: 0x0000000080033954 (0x00B50663) beq a0, a1, 12
mem[X,0x0000000080033958] -> 0x0213
mem[X,0x000000008003395A] -> 0x0022
[7897] [M]: 0x0000000080033958 (0x00220213) addi tp, tp, 2
x4 <- 0x0000000000000002
mem[X,0x000000008003395C] -> 0x006F
mem[X,0x000000008003395E] -> 0x00C0
[7898] [M]: 0x000000008003395C (0x00C0006F) jal zero, 12
mem[X,0x0000000080033968] -> 0x3823
mem[X,0x000000008003396A] -> 0x6E41
[7899] [M]: 0x0000000080033968 (0x6E413823) sd tp, 1776(sp)
mem[0x000000008004A0B8] <- 0x0000000000000002
clint::tick mtime <- 0x000000000000004F
 clint timer pending at mtime 0x000000000000004F
htif::tick 0x0000000000000000
mem[X,0x000000008003396C] -> 0x0537
mem[X,0x000000008003396E] -> 0x0000
[7900] [M]: 0x000000008003396C (0x00000537) lui a0, 0
x10 <- 0x0000000000000000
mem[X,0x0000000080033970] -> 0x0513
mem[X,0x0000000080033972] -> 0x0005
[7901] [M]: 0x0000000080033970 (0x00050513) addi a0, a0, 0
x10 <- 0x0000000000000000
mem[X,0x0000000080033974] -> 0x1513
mem[X,0x0000000080033976] -> 0x00B5
[7902] [M]: 0x0000000080033974 (0x00B51513) slli a0, a0, 11
x10 <- 0x0000000000000000
mem[X,0x0000000080033978] -> 0x0513
mem[X,0x000000008003397A] -> 0x5A85
[7903] [M]: 0x0000000080033978 (0x5A850513) addi a0, a0, 1448
x10 <- 0x00000000000005A8
mem[X,0x000000008003397C] -> 0x1513
mem[X,0x000000008003397E] -> 0x00B5
[7904] [M]: 0x000000008003397C (0x00B51513) slli a0, a0, 11
x10 <- 0x00000000002D4000
mem[X,0x0000000080033980] -> 0x0513
mem[X,0x0000000080033982] -> 0x13C5
[7905] [M]: 0x0000000080033980 (0x13C50513) addi a0, a0, 316
x10 <- 0x00000000002D413C
mem[X,0x0000000080033984] -> 0x1513
mem[X,0x0000000080033986] -> 0x00A5
[7906] [M]: 0x0000000080033984 (0x00A51513) slli a0, a0, 10
x10 <- 0x00000000B504F000
mem[X,0x0000000080033988] -> 0x0513
mem[X,0x000000008003398A] -> 0x3325
[7907] [M]: 0x0000000080033988 (0x33250513) addi a0, a0, 818
x10 <- 0x00000000B504F332
mem[X,0x000000008003398C] -> 0x05B7
mem[X,0x000000008003398E] -> 0x0000
[7908] [M]: 0x000000008003398C (0x000005B7) lui a1, 0
x11 <- 0x0000000000000000
mem[X,0x0000000080033990] -> 0x8593
mem[X,0x0000000080033992] -> 0x0005
[7909] [M]: 0x0000000080033990 (0x00058593) addi a1, a1, 0
x11 <- 0x0000000000000000
mem[X,0x0000000080033994] -> 0x9593
mem[X,0x0000000080033996] -> 0x00B5
[7910] [M]: 0x0000000080033994 (0x00B59593) slli a1, a1, 11
x11 <- 0x0000000000000000
mem[X,0x0000000080033998] -> 0x8593
mem[X,0x000000008003399A] -> 0x5A85
[7911] [M]: 0x0000000080033998 (0x5A858593) addi a1, a1, 1448
x11 <- 0x00000000000005A8
mem[X,0x000000008003399C] -> 0x9593
mem[X,0x000000008003399E] -> 0x00B5
[7912] [M]: 0x000000008003399C (0x00B59593) slli a1, a1, 11
x11 <- 0x00000000002D4000
mem[X,0x00000000800339A0] -> 0x8593
mem[X,0x00000000800339A2] -> 0x13C5
[7913] [M]: 0x00000000800339A0 (0x13C58593) addi a1, a1, 316
x11 <- 0x00000000002D413C
mem[X,0x00000000800339A4] -> 0x9593
mem[X,0x00000000800339A6] -> 0x00A5
[7914] [M]: 0x00000000800339A4 (0x00A59593) slli a1, a1, 10
x11 <- 0x00000000B504F000
mem[X,0x00000000800339A8] -> 0x8593
mem[X,0x00000000800339AA] -> 0x3325
[7915] [M]: 0x00000000800339A8 (0x33258593) addi a1, a1, 818
x11 <- 0x00000000B504F332
mem[X,0x00000000800339AC] -> 0x0213
mem[X,0x00000000800339AE] -> 0x0000
[7916] [M]: 0x00000000800339AC (0x00000213) addi tp, zero, 0
x4 <- 0x0000000000000000
mem[X,0x00000000800339B0] -> 0x006F
mem[X,0x00000000800339B2] -> 0x00C0
[7917] [M]: 0x00000000800339B0 (0x00C0006F) jal zero, 12
mem[X,0x00000000800339BC] -> 0x0663
mem[X,0x00000000800339BE] -> 0x00B5
[7918] [M]: 0x00000000800339BC (0x00B50663) beq a0, a1, 12
mem[X,0x00000000800339C8] -> 0x0213
mem[X,0x00000000800339CA] -> 0x0032
[7919] [M]: 0x00000000800339C8 (0x00320213) addi tp, tp, 3
x4 <- 0x0000000000000003
mem[X,0x00000000800339CC] -> 0x006F
mem[X,0x00000000800339CE] -> 0x0040
[7920] [M]: 0x00000000800339CC (0x0040006F) jal zero, 4
mem[X,0x00000000800339D0] -> 0x3C23
mem[X,0x00000000800339D2] -> 0x6E41
[7921] [M]: 0x00000000800339D0 (0x6E413C23) sd tp, 1784(sp)
mem[0x000000008004A0C0] <- 0x0000000000000003
mem[X,0x00000000800339D4] -> 0x0537
mem[X,0x00000000800339D6] -> 0x0000
[7922] [M]: 0x00000000800339D4 (0x00000537) lui a0, 0
x10 <- 0x0000000000000000
mem[X,0x00000000800339D8] -> 0x0513
mem[X,0x00000000800339DA] -> 0x0005
[7923] [M]: 0x00000000800339D8 (0x00050513) addi a0, a0, 0
x10 <- 0x0000000000000000
mem[X,0x00000000800339DC] -> 0x1513
mem[X,0x00000000800339DE] -> 0x00B5
[7924] [M]: 0x00000000800339DC (0x00B51513) slli a0, a0, 11
x10 <- 0x0000000000000000
mem[X,0x00000000800339E0] -> 0x0513
mem[X,0x00000000800339E2] -> 0x5A85
[7925] [M]: 0x00000000800339E0 (0x5A850513) addi a0, a0, 1448
x10 <- 0x00000000000005A8
mem[X,0x00000000800339E4] -> 0x1513
mem[X,0x00000000800339E6] -> 0x00B5
[7926] [M]: 0x00000000800339E4 (0x00B51513) slli a0, a0, 11
x10 <- 0x00000000002D4000
mem[X,0x00000000800339E8] -> 0x0513
mem[X,0x00000000800339EA] -> 0x13C5
[7927] [M]: 0x00000000800339E8 (0x13C50513) addi a0, a0, 316
x10 <- 0x00000000002D413C
mem[X,0x00000000800339EC] -> 0x1513
mem[X,0x00000000800339EE] -> 0x00A5
[7928] [M]: 0x00000000800339EC (0x00A51513) slli a0, a0, 10
x10 <- 0x00000000B504F000
mem[X,0x00000000800339F0] -> 0x0513
mem[X,0x00000000800339F2] -> 0x3325
[7929] [M]: 0x00000000800339F0 (0x33250513) addi a0, a0, 818
x10 <- 0x00000000B504F332
mem[X,0x00000000800339F4] -> 0x55B7
mem[X,0x00000000800339F6] -> 0x5555
[7930] [M]: 0x00000000800339F4 (0x555555B7) lui a1, 349525
x11 <- 0x0000000055555000
mem[X,0x00000000800339F8] -> 0x8593
mem[X,0x00000000800339FA] -> 0x5555
[7931] [M]: 0x00000000800339F8 (0x55558593) addi a1, a1, 1365
x11 <- 0x0000000055555555
mem[X,0x00000000800339FC] -> 0x9593
mem[X,0x00000000800339FE] -> 0x00B5
[7932] [M]: 0x00000000800339FC (0x00B59593) slli a1, a1, 11
x11 <- 0x000002AAAAAAA800
mem[X,0x0000000080033A00] -> 0x8593
mem[X,0x0000000080033A02] -> 0x2AA5
[7933] [M]: 0x0000000080033A00 (0x2AA58593) addi a1, a1, 682
x11 <- 0x000002AAAAAAAAAA
mem[X,0x0000000080033A04] -> 0x9593
mem[X,0x0000000080033A06] -> 0x00B5
[7934] [M]: 0x0000000080033A04 (0x00B59593) slli a1, a1, 11
x11 <- 0x0015555555555000
mem[X,0x0000000080033A08] -> 0x8593
mem[X,0x0000000080033A0A] -> 0x5555
[7935] [M]: 0x0000000080033A08 (0x55558593) addi a1, a1, 1365
x11 <- 0x0015555555555555
mem[X,0x0000000080033A0C] -> 0x9593
mem[X,0x0000000080033A0E] -> 0x00A5
[7936] [M]: 0x0000000080033A0C (0x00A59593) slli a1, a1, 10
x11 <- 0x5555555555555400
mem[X,0x0000000080033A10] -> 0x8593
mem[X,0x0000000080033A12] -> 0x1565
[7937] [M]: 0x0000000080033A10 (0x15658593) addi a1, a1, 342
x11 <- 0x5555555555555556
mem[X,0x0000000080033A14] -> 0x0213
mem[X,0x0000000080033A16] -> 0x0000
[7938] [M]: 0x0000000080033A14 (0x00000213) addi tp, zero, 0
x4 <- 0x0000000000000000
mem[X,0x0000000080033A18] -> 0x006F
mem[X,0x0000000080033A1A] -> 0x0180
[7939] [M]: 0x0000000080033A18 (0x0180006F) jal zero, 24
mem[X,0x0000000080033A30] -> 0x06E3
mem[X,0x0000000080033A32] -> 0xFEB5
[7940] [M]: 0x0000000080033A30 (0xFEB506E3) beq a0, a1, 8172
mem[X,0x0000000080033A34] -> 0x0213
mem[X,0x0000000080033A36] -> 0x0022
[7941] [M]: 0x0000000080033A34 (0x00220213) addi tp, tp, 2
x4 <- 0x0000000000000002
mem[X,0x0000000080033A38] -> 0x006F
mem[X,0x0000000080033A3A] -> 0x00C0
[7942] [M]: 0x0000000080033A38 (0x00C0006F) jal zero, 12
mem[X,0x0000000080033A44] -> 0x3023
mem[X,0x0000000080033A46] -> 0x7041
[7943] [M]: 0x0000000080033A44 (0x70413023) sd tp, 1792(sp)
mem[0x000000008004A0C8] <- 0x0000000000000002
mem[X,0x0000000080033A48] -> 0x0537
mem[X,0x0000000080033A4A] -> 0x0000
[7944] [M]: 0x0000000080033A48 (0x00000537) lui a0, 0
x10 <- 0x0000000000000000
mem[X,0x0000000080033A4C] -> 0x0513
mem[X,0x0000000080033A4E] -> 0x0005
[7945] [M]: 0x0000000080033A4C (0x00050513) addi a0, a0, 0
x10 <- 0x0000000000000000
mem[X,0x0000000080033A50] -> 0x1513
mem[X,0x0000000080033A52] -> 0x00B5
[7946] [M]: 0x0000000080033A50 (0x00B51513) slli a0, a0, 11
x10 <- 0x0000000000000000
mem[X,0x0000000080033A54] -> 0x0513
mem[X,0x0000000080033A56] -> 0x5A85
[7947] [M]: 0x0000000080033A54 (0x5A850513) addi a0, a0, 1448
x10 <- 0x00000000000005A8
mem[X,0x0000000080033A58] -> 0x1513
mem[X,0x0000000080033A5A] -> 0x00B5
[7948] [M]: 0x0000000080033A58 (0x00B51513) slli a0, a0, 11
x10 <- 0x00000000002D4000
mem[X,0x0000000080033A5C] -> 0x0513
mem[X,0x0000000080033A5E] -> 0x13C5
[7949] [M]: 0x0000000080033A5C (0x13C50513) addi a0, a0, 316
x10 <- 0x00000000002D413C
mem[X,0x0000000080033A60] -> 0x1513
mem[X,0x0000000080033A62] -> 0x00A5
[7950] [M]: 0x0000000080033A60 (0x00A51513) slli a0, a0, 10
x10 <- 0x00000000B504F000
mem[X,0x0000000080033A64] -> 0x0513
mem[X,0x0000000080033A66] -> 0x3325
[7951] [M]: 0x0000000080033A64 (0x33250513) addi a0, a0, 818
x10 <- 0x00000000B504F332
mem[X,0x0000000080033A68] -> 0xB5B7
mem[X,0x0000000080033A6A] -> 0xAAAA
[7952] [M]: 0x0000000080033A68 (0xAAAAB5B7) lui a1, 699051
x11 <- 0xFFFFFFFFAAAAB000
mem[X,0x0000000080033A6C] -> 0x8593
mem[X,0x0000000080033A6E] -> 0xAAA5
[7953] [M]: 0x0000000080033A6C (0xAAA58593) addi a1, a1, 2730
x11 <- 0xFFFFFFFFAAAAAAAA
mem[X,0x0000000080033A70] -> 0x9593
mem[X,0x0000000080033A72] -> 0x00B5
[7954] [M]: 0x0000000080033A70 (0x00B59593) slli a1, a1, 11
x11 <- 0xFFFFFD5555555000
mem[X,0x0000000080033A74] -> 0x8593
mem[X,0x0000000080033A76] -> 0x5555
[7955] [M]: 0x0000000080033A74 (0x55558593) addi a1, a1, 1365
x11 <- 0xFFFFFD5555555555
mem[X,0x0000000080033A78] -> 0x9593
mem[X,0x0000000080033A7A] -> 0x00B5
[7956] [M]: 0x0000000080033A78 (0x00B59593) slli a1, a1, 11
x11 <- 0xFFEAAAAAAAAAA800
mem[X,0x0000000080033A7C] -> 0x8593
mem[X,0x0000000080033A7E] -> 0x2AA5
[7957] [M]: 0x0000000080033A7C (0x2AA58593) addi a1, a1, 682
x11 <- 0xFFEAAAAAAAAAAAAA
mem[X,0x0000000080033A80] -> 0x9593
mem[X,0x0000000080033A82] -> 0x00A5
[7958] [M]: 0x0000000080033A80 (0x00A59593) slli a1, a1, 10
x11 <- 0xAAAAAAAAAAAAA800
mem[X,0x0000000080033A84] -> 0x8593
mem[X,0x0000000080033A86] -> 0x2AB5
[7959] [M]: 0x0000000080033A84 (0x2AB58593) addi a1, a1, 683
x11 <- 0xAAAAAAAAAAAAAAAB
mem[X,0x0000000080033A88] -> 0x0213
mem[X,0x0000000080033A8A] -> 0x0000
[7960] [M]: 0x0000000080033A88 (0x00000213) addi tp, zero, 0
x4 <- 0x0000000000000000
mem[X,0x0000000080033A8C] -> 0x006F
mem[X,0x0000000080033A8E] -> 0x00C0
[7961] [M]: 0x0000000080033A8C (0x00C0006F) jal zero, 12
mem[X,0x0000000080033A98] -> 0x0863
mem[X,0x0000000080033A9A] -> 0x00B5
[7962] [M]: 0x0000000080033A98 (0x00B50863) beq a0, a1, 16
mem[X,0x0000000080033A9C] -> 0x0213
mem[X,0x0000000080033A9E] -> 0x0022
[7963] [M]: 0x0000000080033A9C (0x00220213) addi tp, tp, 2
x4 <- 0x0000000000000002
mem[X,0x0000000080033AA0] -> 0x006F
mem[X,0x0000000080033AA2] -> 0x0100
[7964] [M]: 0x0000000080033AA0 (0x0100006F) jal zero, 16
mem[X,0x0000000080033AB0] -> 0x3423
mem[X,0x0000000080033AB2] -> 0x7041
[7965] [M]: 0x0000000080033AB0 (0x70413423) sd tp, 1800(sp)
mem[0x000000008004A0D0] <- 0x0000000000000002
mem[X,0x0000000080033AB4] -> 0x0537
mem[X,0x0000000080033AB6] -> 0x0000
[7966] [M]: 0x0000000080033AB4 (0x00000537) lui a0, 0
x10 <- 0x0000000000000000
mem[X,0x0000000080033AB8] -> 0x0513
mem[X,0x0000000080033ABA] -> 0x0005
[7967] [M]: 0x0000000080033AB8 (0x00050513) addi a0, a0, 0
x10 <- 0x0000000000000000
mem[X,0x0000000080033ABC] -> 0x1513
mem[X,0x0000000080033ABE] -> 0x00B5
[7968] [M]: 0x0000000080033ABC (0x00B51513) slli a0, a0, 11
x10 <- 0x0000000000000000
mem[X,0x0000000080033AC0] -> 0x0513
mem[X,0x0000000080033AC2] -> 0x5A85
[7969] [M]: 0x0000000080033AC0 (0x5A850513) addi a0, a0, 1448
x10 <- 0x00000000000005A8
mem[X,0x0000000080033AC4] -> 0x1513
mem[X,0x0000000080033AC6] -> 0x00B5
[7970] [M]: 0x0000000080033AC4 (0x00B51513) slli a0, a0, 11
x10 <- 0x00000000002D4000
mem[X,0x0000000080033AC8] -> 0x0513
mem[X,0x0000000080033ACA] -> 0x13C5
[7971] [M]: 0x0000000080033AC8 (0x13C50513) addi a0, a0, 316
x10 <- 0x00000000002D413C
mem[X,0x0000000080033ACC] -> 0x1513
mem[X,0x0000000080033ACE] -> 0x00A5
[7972] [M]: 0x0000000080033ACC (0x00A51513) slli a0, a0, 10
x10 <- 0x00000000B504F000
mem[X,0x0000000080033AD0] -> 0x0513
mem[X,0x0000000080033AD2] -> 0x3325
[7973] [M]: 0x0000000080033AD0 (0x33250513) addi a0, a0, 818
x10 <- 0x00000000B504F332
mem[X,0x0000000080033AD4] -> 0x0593
mem[X,0x0000000080033AD6] -> 0x0060
[7974] [M]: 0x0000000080033AD4 (0x00600593) addi a1, zero, 6
x11 <- 0x0000000000000006
mem[X,0x0000000080033AD8] -> 0x0213
mem[X,0x0000000080033ADA] -> 0x0000
[7975] [M]: 0x0000000080033AD8 (0x00000213) addi tp, zero, 0
x4 <- 0x0000000000000000
mem[X,0x0000000080033ADC] -> 0x006F
mem[X,0x0000000080033ADE] -> 0x00C0
[7976] [M]: 0x0000000080033ADC (0x00C0006F) jal zero, 12
mem[X,0x0000000080033AE8] -> 0x0663
mem[X,0x0000000080033AEA] -> 0x00B5
[7977] [M]: 0x0000000080033AE8 (0x00B50663) beq a0, a1, 12
mem[X,0x0000000080033AEC] -> 0x0213
mem[X,0x0000000080033AEE] -> 0x0022
[7978] [M]: 0x0000000080033AEC (0x00220213) addi tp, tp, 2
x4 <- 0x0000000000000002
mem[X,0x0000000080033AF0] -> 0x006F
mem[X,0x0000000080033AF2] -> 0x00C0
[7979] [M]: 0x0000000080033AF0 (0x00C0006F) jal zero, 12
mem[X,0x0000000080033AFC] -> 0x3823
mem[X,0x0000000080033AFE] -> 0x7041
[7980] [M]: 0x0000000080033AFC (0x70413823) sd tp, 1808(sp)
mem[0x000000008004A0D8] <- 0x0000000000000002
mem[X,0x0000000080033B00] -> 0x0537
mem[X,0x0000000080033B02] -> 0x0000
[7981] [M]: 0x0000000080033B00 (0x00000537) lui a0, 0
x10 <- 0x0000000000000000
mem[X,0x0000000080033B04] -> 0x0513
mem[X,0x0000000080033B06] -> 0x0005
[7982] [M]: 0x0000000080033B04 (0x00050513) addi a0, a0, 0
x10 <- 0x0000000000000000
mem[X,0x0000000080033B08] -> 0x1513
mem[X,0x0000000080033B0A] -> 0x00B5
[7983] [M]: 0x0000000080033B08 (0x00B51513) slli a0, a0, 11
x10 <- 0x0000000000000000
mem[X,0x0000000080033B0C] -> 0x0513
mem[X,0x0000000080033B0E] -> 0x5A85
[7984] [M]: 0x0000000080033B0C (0x5A850513) addi a0, a0, 1448
x10 <- 0x00000000000005A8
mem[X,0x0000000080033B10] -> 0x1513
mem[X,0x0000000080033B12] -> 0x00B5
[7985] [M]: 0x0000000080033B10 (0x00B51513) slli a0, a0, 11
x10 <- 0x00000000002D4000
mem[X,0x0000000080033B14] -> 0x0513
mem[X,0x0000000080033B16] -> 0x13C5
[7986] [M]: 0x0000000080033B14 (0x13C50513) addi a0, a0, 316
x10 <- 0x00000000002D413C
mem[X,0x0000000080033B18] -> 0x1513
mem[X,0x0000000080033B1A] -> 0x00A5
[7987] [M]: 0x0000000080033B18 (0x00A51513) slli a0, a0, 10
x10 <- 0x00000000B504F000
mem[X,0x0000000080033B1C] -> 0x0513
mem[X,0x0000000080033B1E] -> 0x3325
[7988] [M]: 0x0000000080033B1C (0x33250513) addi a0, a0, 818
x10 <- 0x00000000B504F332
mem[X,0x0000000080033B20] -> 0x35B7
mem[X,0x0000000080033B22] -> 0x3333
[7989] [M]: 0x0000000080033B20 (0x333335B7) lui a1, 209715
x11 <- 0x0000000033333000
mem[X,0x0000000080033B24] -> 0x8593
mem[X,0x0000000080033B26] -> 0x3335
[7990] [M]: 0x0000000080033B24 (0x33358593) addi a1, a1, 819
x11 <- 0x0000000033333333
mem[X,0x0000000080033B28] -> 0x9593
mem[X,0x0000000080033B2A] -> 0x00B5
[7991] [M]: 0x0000000080033B28 (0x00B59593) slli a1, a1, 11
x11 <- 0x0000019999999800
mem[X,0x0000000080033B2C] -> 0x8593
mem[X,0x0000000080033B2E] -> 0x1995
[7992] [M]: 0x0000000080033B2C (0x19958593) addi a1, a1, 409
x11 <- 0x0000019999999999
mem[X,0x0000000080033B30] -> 0x9593
mem[X,0x0000000080033B32] -> 0x00B5
[7993] [M]: 0x0000000080033B30 (0x00B59593) slli a1, a1, 11
x11 <- 0x000CCCCCCCCCC800
mem[X,0x0000000080033B34] -> 0x8593
mem[X,0x0000000080033B36] -> 0x4CC5
[7994] [M]: 0x0000000080033B34 (0x4CC58593) addi a1, a1, 1228
x11 <- 0x000CCCCCCCCCCCCC
mem[X,0x0000000080033B38] -> 0x9593
mem[X,0x0000000080033B3A] -> 0x00A5
[7995] [M]: 0x0000000080033B38 (0x00A59593) slli a1, a1, 10
x11 <- 0x3333333333333000
mem[X,0x0000000080033B3C] -> 0x8593
mem[X,0x0000000080033B3E] -> 0x3345
[7996] [M]: 0x0000000080033B3C (0x33458593) addi a1, a1, 820
x11 <- 0x3333333333333334
mem[X,0x0000000080033B40] -> 0x0213
mem[X,0x0000000080033B42] -> 0x0000
[7997] [M]: 0x0000000080033B40 (0x00000213) addi tp, zero, 0
x4 <- 0x0000000000000000
mem[X,0x0000000080033B44] -> 0x006F
mem[X,0x0000000080033B46] -> 0x00C0
[7998] [M]: 0x0000000080033B44 (0x00C0006F) jal zero, 12
mem[X,0x0000000080033B50] -> 0x0663
mem[X,0x0000000080033B52] -> 0x00B5
[7999] [M]: 0x0000000080033B50 (0x00B50663) beq a0, a1, 12
clint::tick mtime <- 0x0000000000000050
 clint timer pending at mtime 0x0000000000000050
htif::tick 0x0000000000000000
mem[X,0x0000000080033B54] -> 0x0213
mem[X,0x0000000080033B56] -> 0x0022
[8000] [M]: 0x0000000080033B54 (0x00220213) addi tp, tp, 2
x4 <- 0x0000000000000002
mem[X,0x0000000080033B58] -> 0x006F
mem[X,0x0000000080033B5A] -> 0x00C0
[8001] [M]: 0x0000000080033B58 (0x00C0006F) jal zero, 12
mem[X,0x0000000080033B64] -> 0x3C23
mem[X,0x0000000080033B66] -> 0x7041
[8002] [M]: 0x0000000080033B64 (0x70413C23) sd tp, 1816(sp)
mem[0x000000008004A0E0] <- 0x0000000000000002
mem[X,0x0000000080033B68] -> 0x0537
mem[X,0x0000000080033B6A] -> 0x0000
[8003] [M]: 0x0000000080033B68 (0x00000537) lui a0, 0
x10 <- 0x0000000000000000
mem[X,0x0000000080033B6C] -> 0x0513
mem[X,0x0000000080033B6E] -> 0x0005
[8004] [M]: 0x0000000080033B6C (0x00050513) addi a0, a0, 0
x10 <- 0x0000000000000000
mem[X,0x0000000080033B70] -> 0x1513
mem[X,0x0000000080033B72] -> 0x00B5
[8005] [M]: 0x0000000080033B70 (0x00B51513) slli a0, a0, 11
x10 <- 0x0000000000000000
mem[X,0x0000000080033B74] -> 0x0513
mem[X,0x0000000080033B76] -> 0x5A85
[8006] [M]: 0x0000000080033B74 (0x5A850513) addi a0, a0, 1448
x10 <- 0x00000000000005A8
mem[X,0x0000000080033B78] -> 0x1513
mem[X,0x0000000080033B7A] -> 0x00B5
[8007] [M]: 0x0000000080033B78 (0x00B51513) slli a0, a0, 11
x10 <- 0x00000000002D4000
mem[X,0x0000000080033B7C] -> 0x0513
mem[X,0x0000000080033B7E] -> 0x13C5
[8008] [M]: 0x0000000080033B7C (0x13C50513) addi a0, a0, 316
x10 <- 0x00000000002D413C
mem[X,0x0000000080033B80] -> 0x1513
mem[X,0x0000000080033B82] -> 0x00A5
[8009] [M]: 0x0000000080033B80 (0x00A51513) slli a0, a0, 10
x10 <- 0x00000000B504F000
mem[X,0x0000000080033B84] -> 0x0513
mem[X,0x0000000080033B86] -> 0x3325
[8010] [M]: 0x0000000080033B84 (0x33250513) addi a0, a0, 818
x10 <- 0x00000000B504F332
mem[X,0x0000000080033B88] -> 0x65B7
mem[X,0x0000000080033B8A] -> 0x6666
[8011] [M]: 0x0000000080033B88 (0x666665B7) lui a1, 419430
x11 <- 0x0000000066666000
mem[X,0x0000000080033B8C] -> 0x8593
mem[X,0x0000000080033B8E] -> 0x6665
[8012] [M]: 0x0000000080033B8C (0x66658593) addi a1, a1, 1638
x11 <- 0x0000000066666666
mem[X,0x0000000080033B90] -> 0x9593
mem[X,0x0000000080033B92] -> 0x00B5
[8013] [M]: 0x0000000080033B90 (0x00B59593) slli a1, a1, 11
x11 <- 0x0000033333333000
mem[X,0x0000000080033B94] -> 0x8593
mem[X,0x0000000080033B96] -> 0x3335
[8014] [M]: 0x0000000080033B94 (0x33358593) addi a1, a1, 819
x11 <- 0x0000033333333333
mem[X,0x0000000080033B98] -> 0x9593
mem[X,0x0000000080033B9A] -> 0x00B5
[8015] [M]: 0x0000000080033B98 (0x00B59593) slli a1, a1, 11
x11 <- 0x0019999999999800
mem[X,0x0000000080033B9C] -> 0x8593
mem[X,0x0000000080033B9E] -> 0x1995
[8016] [M]: 0x0000000080033B9C (0x19958593) addi a1, a1, 409
x11 <- 0x0019999999999999
mem[X,0x0000000080033BA0] -> 0x9593
mem[X,0x0000000080033BA2] -> 0x00A5
[8017] [M]: 0x0000000080033BA0 (0x00A59593) slli a1, a1, 10
x11 <- 0x6666666666666400
mem[X,0x0000000080033BA4] -> 0x8593
mem[X,0x0000000080033BA6] -> 0x2675
[8018] [M]: 0x0000000080033BA4 (0x26758593) addi a1, a1, 615
x11 <- 0x6666666666666667
mem[X,0x0000000080033BA8] -> 0x0213
mem[X,0x0000000080033BAA] -> 0x0000
[8019] [M]: 0x0000000080033BA8 (0x00000213) addi tp, zero, 0
x4 <- 0x0000000000000000
mem[X,0x0000000080033BAC] -> 0x006F
mem[X,0x0000000080033BAE] -> 0x00C0
[8020] [M]: 0x0000000080033BAC (0x00C0006F) jal zero, 12
mem[X,0x0000000080033BB8] -> 0x0063
mem[X,0x0000000080033BBA] -> 0x40B5
[8021] [M]: 0x0000000080033BB8 (0x40B50063) beq a0, a1, 1024
mem[X,0x0000000080033BBC] -> 0x0213
mem[X,0x0000000080033BBE] -> 0x0022
[8022] [M]: 0x0000000080033BBC (0x00220213) addi tp, tp, 2
x4 <- 0x0000000000000002
mem[X,0x0000000080033BC0] -> 0x006F
mem[X,0x0000000080033BC2] -> 0x4000
[8023] [M]: 0x0000000080033BC0 (0x4000006F) jal zero, 1024
mem[X,0x0000000080033FC0] -> 0x3023
mem[X,0x0000000080033FC2] -> 0x7241
[8024] [M]: 0x0000000080033FC0 (0x72413023) sd tp, 1824(sp)
mem[0x000000008004A0E8] <- 0x0000000000000002
mem[X,0x0000000080033FC4] -> 0x0537
mem[X,0x0000000080033FC6] -> 0x0000
[8025] [M]: 0x0000000080033FC4 (0x00000537) lui a0, 0
x10 <- 0x0000000000000000
mem[X,0x0000000080033FC8] -> 0x0513
mem[X,0x0000000080033FCA] -> 0x0005
[8026] [M]: 0x0000000080033FC8 (0x00050513) addi a0, a0, 0
x10 <- 0x0000000000000000
mem[X,0x0000000080033FCC] -> 0x1513
mem[X,0x0000000080033FCE] -> 0x00B5
[8027] [M]: 0x0000000080033FCC (0x00B51513) slli a0, a0, 11
x10 <- 0x0000000000000000
mem[X,0x0000000080033FD0] -> 0x0513
mem[X,0x0000000080033FD2] -> 0x5A85
[8028] [M]: 0x0000000080033FD0 (0x5A850513) addi a0, a0, 1448
x10 <- 0x00000000000005A8
mem[X,0x0000000080033FD4] -> 0x1513
mem[X,0x0000000080033FD6] -> 0x00B5
[8029] [M]: 0x0000000080033FD4 (0x00B51513) slli a0, a0, 11
x10 <- 0x00000000002D4000
mem[X,0x0000000080033FD8] -> 0x0513
mem[X,0x0000000080033FDA] -> 0x13C5
[8030] [M]: 0x0000000080033FD8 (0x13C50513) addi a0, a0, 316
x10 <- 0x00000000002D413C
mem[X,0x0000000080033FDC] -> 0x1513
mem[X,0x0000000080033FDE] -> 0x00A5
[8031] [M]: 0x0000000080033FDC (0x00A51513) slli a0, a0, 10
x10 <- 0x00000000B504F000
mem[X,0x0000000080033FE0] -> 0x0513
mem[X,0x0000000080033FE2] -> 0x3325
[8032] [M]: 0x0000000080033FE0 (0x33250513) addi a0, a0, 818
x10 <- 0x00000000B504F332
mem[X,0x0000000080033FE4] -> 0x05B7
mem[X,0x0000000080033FE6] -> 0x0000
[8033] [M]: 0x0000000080033FE4 (0x000005B7) lui a1, 0
x11 <- 0x0000000000000000
mem[X,0x0000000080033FE8] -> 0x8593
mem[X,0x0000000080033FEA] -> 0xFFF5
[8034] [M]: 0x0000000080033FE8 (0xFFF58593) addi a1, a1, 4095
x11 <- 0xFFFFFFFFFFFFFFFF
mem[X,0x0000000080033FEC] -> 0x9593
mem[X,0x0000000080033FEE] -> 0x00B5
[8035] [M]: 0x0000000080033FEC (0x00B59593) slli a1, a1, 11
x11 <- 0xFFFFFFFFFFFFF800
mem[X,0x0000000080033FF0] -> 0x8593
mem[X,0x0000000080033FF2] -> 0x2575
[8036] [M]: 0x0000000080033FF0 (0x25758593) addi a1, a1, 599
x11 <- 0xFFFFFFFFFFFFFA57
mem[X,0x0000000080033FF4] -> 0x9593
mem[X,0x0000000080033FF6] -> 0x00B5
[8037] [M]: 0x0000000080033FF4 (0x00B59593) slli a1, a1, 11
x11 <- 0xFFFFFFFFFFD2B800
mem[X,0x0000000080033FF8] -> 0x8593
mem[X,0x0000000080033FFA] -> 0x6C35
[8038] [M]: 0x0000000080033FF8 (0x6C358593) addi a1, a1, 1731
x11 <- 0xFFFFFFFFFFD2BEC3
mem[X,0x0000000080033FFC] -> 0x9593
mem[X,0x0000000080033FFE] -> 0x00A5
[8039] [M]: 0x0000000080033FFC (0x00A59593) slli a1, a1, 10
x11 <- 0xFFFFFFFF4AFB0C00
mem[X,0x0000000080034000] -> 0x8593
mem[X,0x0000000080034002] -> 0x0CE5
[8040] [M]: 0x0000000080034000 (0x0CE58593) addi a1, a1, 206
x11 <- 0xFFFFFFFF4AFB0CCE
mem[X,0x0000000080034004] -> 0x0213
mem[X,0x0000000080034006] -> 0x0000
[8041] [M]: 0x0000000080034004 (0x00000213) addi tp, zero, 0
x4 <- 0x0000000000000000
mem[X,0x0000000080034008] -> 0x006F
mem[X,0x000000008003400A] -> 0x0180
[8042] [M]: 0x0000000080034008 (0x0180006F) jal zero, 24
mem[X,0x0000000080034020] -> 0x06E3
mem[X,0x0000000080034022] -> 0xFEB5
[8043] [M]: 0x0000000080034020 (0xFEB506E3) beq a0, a1, 8172
mem[X,0x0000000080034024] -> 0x0213
mem[X,0x0000000080034026] -> 0x0022
[8044] [M]: 0x0000000080034024 (0x00220213) addi tp, tp, 2
x4 <- 0x0000000000000002
mem[X,0x0000000080034028] -> 0x006F
mem[X,0x000000008003402A] -> 0x00C0
[8045] [M]: 0x0000000080034028 (0x00C0006F) jal zero, 12
mem[X,0x0000000080034034] -> 0x3423
mem[X,0x0000000080034036] -> 0x7241
[8046] [M]: 0x0000000080034034 (0x72413423) sd tp, 1832(sp)
mem[0x000000008004A0F0] <- 0x0000000000000002
mem[X,0x0000000080034038] -> 0x0537
mem[X,0x000000008003403A] -> 0x0000
[8047] [M]: 0x0000000080034038 (0x00000537) lui a0, 0
x10 <- 0x0000000000000000
mem[X,0x000000008003403C] -> 0x0513
mem[X,0x000000008003403E] -> 0x0005
[8048] [M]: 0x000000008003403C (0x00050513) addi a0, a0, 0
x10 <- 0x0000000000000000
mem[X,0x0000000080034040] -> 0x1513
mem[X,0x0000000080034042] -> 0x00B5
[8049] [M]: 0x0000000080034040 (0x00B51513) slli a0, a0, 11
x10 <- 0x0000000000000000
mem[X,0x0000000080034044] -> 0x0513
mem[X,0x0000000080034046] -> 0x5A85
[8050] [M]: 0x0000000080034044 (0x5A850513) addi a0, a0, 1448
x10 <- 0x00000000000005A8
mem[X,0x0000000080034048] -> 0x1513
mem[X,0x000000008003404A] -> 0x00B5
[8051] [M]: 0x0000000080034048 (0x00B51513) slli a0, a0, 11
x10 <- 0x00000000002D4000
mem[X,0x000000008003404C] -> 0x0513
mem[X,0x000000008003404E] -> 0x13C5
[8052] [M]: 0x000000008003404C (0x13C50513) addi a0, a0, 316
x10 <- 0x00000000002D413C
mem[X,0x0000000080034050] -> 0x1513
mem[X,0x0000000080034052] -> 0x00A5
[8053] [M]: 0x0000000080034050 (0x00A51513) slli a0, a0, 10
x10 <- 0x00000000B504F000
mem[X,0x0000000080034054] -> 0x0513
mem[X,0x0000000080034056] -> 0x3325
[8054] [M]: 0x0000000080034054 (0x33250513) addi a0, a0, 818
x10 <- 0x00000000B504F332
mem[X,0x0000000080034058] -> 0x05B7
mem[X,0x000000008003405A] -> 0x0000
[8055] [M]: 0x0000000080034058 (0x000005B7) lui a1, 0
x11 <- 0x0000000000000000
mem[X,0x000000008003405C] -> 0x8593
mem[X,0x000000008003405E] -> 0x0005
[8056] [M]: 0x000000008003405C (0x00058593) addi a1, a1, 0
x11 <- 0x0000000000000000
mem[X,0x0000000080034060] -> 0x9593
mem[X,0x0000000080034062] -> 0x00B5
[8057] [M]: 0x0000000080034060 (0x00B59593) slli a1, a1, 11
x11 <- 0x0000000000000000
mem[X,0x0000000080034064] -> 0x8593
mem[X,0x0000000080034066] -> 0x5A85
[8058] [M]: 0x0000000080034064 (0x5A858593) addi a1, a1, 1448
x11 <- 0x00000000000005A8
mem[X,0x0000000080034068] -> 0x9593
mem[X,0x000000008003406A] -> 0x00B5
[8059] [M]: 0x0000000080034068 (0x00B59593) slli a1, a1, 11
x11 <- 0x00000000002D4000
mem[X,0x000000008003406C] -> 0x8593
mem[X,0x000000008003406E] -> 0x13C5
[8060] [M]: 0x000000008003406C (0x13C58593) addi a1, a1, 316
x11 <- 0x00000000002D413C
mem[X,0x0000000080034070] -> 0x9593
mem[X,0x0000000080034072] -> 0x00A5
[8061] [M]: 0x0000000080034070 (0x00A59593) slli a1, a1, 10
x11 <- 0x00000000B504F000
mem[X,0x0000000080034074] -> 0x8593
mem[X,0x0000000080034076] -> 0x3345
[8062] [M]: 0x0000000080034074 (0x33458593) addi a1, a1, 820
x11 <- 0x00000000B504F334
mem[X,0x0000000080034078] -> 0x0213
mem[X,0x000000008003407A] -> 0x0000
[8063] [M]: 0x0000000080034078 (0x00000213) addi tp, zero, 0
x4 <- 0x0000000000000000
mem[X,0x000000008003407C] -> 0x006F
mem[X,0x000000008003407E] -> 0x00C0
[8064] [M]: 0x000000008003407C (0x00C0006F) jal zero, 12
mem[X,0x0000000080034088] -> 0x0CE3
mem[X,0x000000008003408A] -> 0xFEB5
[8065] [M]: 0x0000000080034088 (0xFEB50CE3) beq a0, a1, 8184
mem[X,0x000000008003408C] -> 0x0213
mem[X,0x000000008003408E] -> 0x0022
[8066] [M]: 0x000000008003408C (0x00220213) addi tp, tp, 2
x4 <- 0x0000000000000002
mem[X,0x0000000080034090] -> 0x006F
mem[X,0x0000000080034092] -> 0x00C0
[8067] [M]: 0x0000000080034090 (0x00C0006F) jal zero, 12
mem[X,0x000000008003409C] -> 0x3823
mem[X,0x000000008003409E] -> 0x7241
[8068] [M]: 0x000000008003409C (0x72413823) sd tp, 1840(sp)
mem[0x000000008004A0F8] <- 0x0000000000000002
mem[X,0x00000000800340A0] -> 0x5537
mem[X,0x00000000800340A2] -> 0x5555
[8069] [M]: 0x00000000800340A0 (0x55555537) lui a0, 349525
x10 <- 0x0000000055555000
mem[X,0x00000000800340A4] -> 0x0513
mem[X,0x00000000800340A6] -> 0x5555
[8070] [M]: 0x00000000800340A4 (0x55550513) addi a0, a0, 1365
x10 <- 0x0000000055555555
mem[X,0x00000000800340A8] -> 0x1513
mem[X,0x00000000800340AA] -> 0x00B5
[8071] [M]: 0x00000000800340A8 (0x00B51513) slli a0, a0, 11
x10 <- 0x000002AAAAAAA800
mem[X,0x00000000800340AC] -> 0x0513
mem[X,0x00000000800340AE] -> 0x2AA5
[8072] [M]: 0x00000000800340AC (0x2AA50513) addi a0, a0, 682
x10 <- 0x000002AAAAAAAAAA
mem[X,0x00000000800340B0] -> 0x1513
mem[X,0x00000000800340B2] -> 0x00B5
[8073] [M]: 0x00000000800340B0 (0x00B51513) slli a0, a0, 11
x10 <- 0x0015555555555000
mem[X,0x00000000800340B4] -> 0x0513
mem[X,0x00000000800340B6] -> 0x5555
[8074] [M]: 0x00000000800340B4 (0x55550513) addi a0, a0, 1365
x10 <- 0x0015555555555555
mem[X,0x00000000800340B8] -> 0x1513
mem[X,0x00000000800340BA] -> 0x00A5
[8075] [M]: 0x00000000800340B8 (0x00A51513) slli a0, a0, 10
x10 <- 0x5555555555555400
mem[X,0x00000000800340BC] -> 0x0513
mem[X,0x00000000800340BE] -> 0x1565
[8076] [M]: 0x00000000800340BC (0x15650513) addi a0, a0, 342
x10 <- 0x5555555555555556
mem[X,0x00000000800340C0] -> 0x0593
mem[X,0x00000000800340C2] -> 0x0030
[8077] [M]: 0x00000000800340C0 (0x00300593) addi a1, zero, 3
x11 <- 0x0000000000000003
mem[X,0x00000000800340C4] -> 0x0213
mem[X,0x00000000800340C6] -> 0x0000
[8078] [M]: 0x00000000800340C4 (0x00000213) addi tp, zero, 0
x4 <- 0x0000000000000000
mem[X,0x00000000800340C8] -> 0x006F
mem[X,0x00000000800340CA] -> 0x0050
[8079] [M]: 0x00000000800340C8 (0x0050006F) jal zero, 2052
mem[X,0x00000000800348CC] -> 0x00E3
mem[X,0x00000000800348CE] -> 0x80B5
[8080] [M]: 0x00000000800348CC (0x80B500E3) beq a0, a1, 6144
mem[X,0x00000000800348D0] -> 0x0213
mem[X,0x00000000800348D2] -> 0x0022
[8081] [M]: 0x00000000800348D0 (0x00220213) addi tp, tp, 2
x4 <- 0x0000000000000002
mem[X,0x00000000800348D4] -> 0x006F
mem[X,0x00000000800348D6] -> 0x00C0
[8082] [M]: 0x00000000800348D4 (0x00C0006F) jal zero, 12
mem[X,0x00000000800348E0] -> 0x3C23
mem[X,0x00000000800348E2] -> 0x7241
[8083] [M]: 0x00000000800348E0 (0x72413C23) sd tp, 1848(sp)
mem[0x000000008004A100] <- 0x0000000000000002
mem[X,0x00000000800348E4] -> 0x5537
mem[X,0x00000000800348E6] -> 0x5555
[8084] [M]: 0x00000000800348E4 (0x55555537) lui a0, 349525
x10 <- 0x0000000055555000
mem[X,0x00000000800348E8] -> 0x0513
mem[X,0x00000000800348EA] -> 0x5555
[8085] [M]: 0x00000000800348E8 (0x55550513) addi a0, a0, 1365
x10 <- 0x0000000055555555
mem[X,0x00000000800348EC] -> 0x1513
mem[X,0x00000000800348EE] -> 0x00B5
[8086] [M]: 0x00000000800348EC (0x00B51513) slli a0, a0, 11
x10 <- 0x000002AAAAAAA800
mem[X,0x00000000800348F0] -> 0x0513
mem[X,0x00000000800348F2] -> 0x2AA5
[8087] [M]: 0x00000000800348F0 (0x2AA50513) addi a0, a0, 682
x10 <- 0x000002AAAAAAAAAA
mem[X,0x00000000800348F4] -> 0x1513
mem[X,0x00000000800348F6] -> 0x00B5
[8088] [M]: 0x00000000800348F4 (0x00B51513) slli a0, a0, 11
x10 <- 0x0015555555555000
mem[X,0x00000000800348F8] -> 0x0513
mem[X,0x00000000800348FA] -> 0x5555
[8089] [M]: 0x00000000800348F8 (0x55550513) addi a0, a0, 1365
x10 <- 0x0015555555555555
mem[X,0x00000000800348FC] -> 0x1513
mem[X,0x00000000800348FE] -> 0x00A5
[8090] [M]: 0x00000000800348FC (0x00A51513) slli a0, a0, 10
x10 <- 0x5555555555555400
mem[X,0x0000000080034900] -> 0x0513
mem[X,0x0000000080034902] -> 0x1565
[8091] [M]: 0x0000000080034900 (0x15650513) addi a0, a0, 342
x10 <- 0x5555555555555556
mem[X,0x0000000080034904] -> 0x55B7
mem[X,0x0000000080034906] -> 0x5555
[8092] [M]: 0x0000000080034904 (0x555555B7) lui a1, 349525
x11 <- 0x0000000055555000
mem[X,0x0000000080034908] -> 0x8593
mem[X,0x000000008003490A] -> 0x5555
[8093] [M]: 0x0000000080034908 (0x55558593) addi a1, a1, 1365
x11 <- 0x0000000055555555
mem[X,0x000000008003490C] -> 0x9593
mem[X,0x000000008003490E] -> 0x00B5
[8094] [M]: 0x000000008003490C (0x00B59593) slli a1, a1, 11
x11 <- 0x000002AAAAAAA800
mem[X,0x0000000080034910] -> 0x8593
mem[X,0x0000000080034912] -> 0x2AA5
[8095] [M]: 0x0000000080034910 (0x2AA58593) addi a1, a1, 682
x11 <- 0x000002AAAAAAAAAA
mem[X,0x0000000080034914] -> 0x9593
mem[X,0x0000000080034916] -> 0x00B5
[8096] [M]: 0x0000000080034914 (0x00B59593) slli a1, a1, 11
x11 <- 0x0015555555555000
mem[X,0x0000000080034918] -> 0x8593
mem[X,0x000000008003491A] -> 0x5555
[8097] [M]: 0x0000000080034918 (0x55558593) addi a1, a1, 1365
x11 <- 0x0015555555555555
mem[X,0x000000008003491C] -> 0x9593
mem[X,0x000000008003491E] -> 0x00A5
[8098] [M]: 0x000000008003491C (0x00A59593) slli a1, a1, 10
x11 <- 0x5555555555555400
mem[X,0x0000000080034920] -> 0x8593
mem[X,0x0000000080034922] -> 0x1555
[8099] [M]: 0x0000000080034920 (0x15558593) addi a1, a1, 341
x11 <- 0x5555555555555555
clint::tick mtime <- 0x0000000000000051
 clint timer pending at mtime 0x0000000000000051
htif::tick 0x0000000000000000
mem[X,0x0000000080034924] -> 0x0213
mem[X,0x0000000080034926] -> 0x0000
[8100] [M]: 0x0000000080034924 (0x00000213) addi tp, zero, 0
x4 <- 0x0000000000000000
mem[X,0x0000000080034928] -> 0x006F
mem[X,0x000000008003492A] -> 0x00C0
[8101] [M]: 0x0000000080034928 (0x00C0006F) jal zero, 12
mem[X,0x0000000080034934] -> 0x0CE3
mem[X,0x0000000080034936] -> 0xFEB5
[8102] [M]: 0x0000000080034934 (0xFEB50CE3) beq a0, a1, 8184
mem[X,0x0000000080034938] -> 0x0213
mem[X,0x000000008003493A] -> 0x0022
[8103] [M]: 0x0000000080034938 (0x00220213) addi tp, tp, 2
x4 <- 0x0000000000000002
mem[X,0x000000008003493C] -> 0x006F
mem[X,0x000000008003493E] -> 0x00C0
[8104] [M]: 0x000000008003493C (0x00C0006F) jal zero, 12
mem[X,0x0000000080034948] -> 0x3023
mem[X,0x000000008003494A] -> 0x7441
[8105] [M]: 0x0000000080034948 (0x74413023) sd tp, 1856(sp)
mem[0x000000008004A108] <- 0x0000000000000002
mem[X,0x000000008003494C] -> 0x5537
mem[X,0x000000008003494E] -> 0x5555
[8106] [M]: 0x000000008003494C (0x55555537) lui a0, 349525
x10 <- 0x0000000055555000
mem[X,0x0000000080034950] -> 0x0513
mem[X,0x0000000080034952] -> 0x5555
[8107] [M]: 0x0000000080034950 (0x55550513) addi a0, a0, 1365
x10 <- 0x0000000055555555
mem[X,0x0000000080034954] -> 0x1513
mem[X,0x0000000080034956] -> 0x00B5
[8108] [M]: 0x0000000080034954 (0x00B51513) slli a0, a0, 11
x10 <- 0x000002AAAAAAA800
mem[X,0x0000000080034958] -> 0x0513
mem[X,0x000000008003495A] -> 0x2AA5
[8109] [M]: 0x0000000080034958 (0x2AA50513) addi a0, a0, 682
x10 <- 0x000002AAAAAAAAAA
mem[X,0x000000008003495C] -> 0x1513
mem[X,0x000000008003495E] -> 0x00B5
[8110] [M]: 0x000000008003495C (0x00B51513) slli a0, a0, 11
x10 <- 0x0015555555555000
mem[X,0x0000000080034960] -> 0x0513
mem[X,0x0000000080034962] -> 0x5555
[8111] [M]: 0x0000000080034960 (0x55550513) addi a0, a0, 1365
x10 <- 0x0015555555555555
mem[X,0x0000000080034964] -> 0x1513
mem[X,0x0000000080034966] -> 0x00A5
[8112] [M]: 0x0000000080034964 (0x00A51513) slli a0, a0, 10
x10 <- 0x5555555555555400
mem[X,0x0000000080034968] -> 0x0513
mem[X,0x000000008003496A] -> 0x1565
[8113] [M]: 0x0000000080034968 (0x15650513) addi a0, a0, 342
x10 <- 0x5555555555555556
mem[X,0x000000008003496C] -> 0xB5B7
mem[X,0x000000008003496E] -> 0xAAAA
[8114] [M]: 0x000000008003496C (0xAAAAB5B7) lui a1, 699051
x11 <- 0xFFFFFFFFAAAAB000
mem[X,0x0000000080034970] -> 0x8593
mem[X,0x0000000080034972] -> 0xAAA5
[8115] [M]: 0x0000000080034970 (0xAAA58593) addi a1, a1, 2730
x11 <- 0xFFFFFFFFAAAAAAAA
mem[X,0x0000000080034974] -> 0x9593
mem[X,0x0000000080034976] -> 0x00B5
[8116] [M]: 0x0000000080034974 (0x00B59593) slli a1, a1, 11
x11 <- 0xFFFFFD5555555000
mem[X,0x0000000080034978] -> 0x8593
mem[X,0x000000008003497A] -> 0x5555
[8117] [M]: 0x0000000080034978 (0x55558593) addi a1, a1, 1365
x11 <- 0xFFFFFD5555555555
mem[X,0x000000008003497C] -> 0x9593
mem[X,0x000000008003497E] -> 0x00B5
[8118] [M]: 0x000000008003497C (0x00B59593) slli a1, a1, 11
x11 <- 0xFFEAAAAAAAAAA800
mem[X,0x0000000080034980] -> 0x8593
mem[X,0x0000000080034982] -> 0x2AA5
[8119] [M]: 0x0000000080034980 (0x2AA58593) addi a1, a1, 682
x11 <- 0xFFEAAAAAAAAAAAAA
mem[X,0x0000000080034984] -> 0x9593
mem[X,0x0000000080034986] -> 0x00A5
[8120] [M]: 0x0000000080034984 (0x00A59593) slli a1, a1, 10
x11 <- 0xAAAAAAAAAAAAA800
mem[X,0x0000000080034988] -> 0x8593
mem[X,0x000000008003498A] -> 0x2AA5
[8121] [M]: 0x0000000080034988 (0x2AA58593) addi a1, a1, 682
x11 <- 0xAAAAAAAAAAAAAAAA
mem[X,0x000000008003498C] -> 0x0213
mem[X,0x000000008003498E] -> 0x0000
[8122] [M]: 0x000000008003498C (0x00000213) addi tp, zero, 0
x4 <- 0x0000000000000000
mem[X,0x0000000080034990] -> 0x006F
mem[X,0x0000000080034992] -> 0x00C0
[8123] [M]: 0x0000000080034990 (0x00C0006F) jal zero, 12
mem[X,0x000000008003499C] -> 0x0CE3
mem[X,0x000000008003499E] -> 0xFEB5
[8124] [M]: 0x000000008003499C (0xFEB50CE3) beq a0, a1, 8184
mem[X,0x00000000800349A0] -> 0x0213
mem[X,0x00000000800349A2] -> 0x0022
[8125] [M]: 0x00000000800349A0 (0x00220213) addi tp, tp, 2
x4 <- 0x0000000000000002
mem[X,0x00000000800349A4] -> 0x006F
mem[X,0x00000000800349A6] -> 0x00C0
[8126] [M]: 0x00000000800349A4 (0x00C0006F) jal zero, 12
mem[X,0x00000000800349B0] -> 0x3423
mem[X,0x00000000800349B2] -> 0x7441
[8127] [M]: 0x00000000800349B0 (0x74413423) sd tp, 1864(sp)
mem[0x000000008004A110] <- 0x0000000000000002
mem[X,0x00000000800349B4] -> 0x5537
mem[X,0x00000000800349B6] -> 0x5555
[8128] [M]: 0x00000000800349B4 (0x55555537) lui a0, 349525
x10 <- 0x0000000055555000
mem[X,0x00000000800349B8] -> 0x0513
mem[X,0x00000000800349BA] -> 0x5555
[8129] [M]: 0x00000000800349B8 (0x55550513) addi a0, a0, 1365
x10 <- 0x0000000055555555
mem[X,0x00000000800349BC] -> 0x1513
mem[X,0x00000000800349BE] -> 0x00B5
[8130] [M]: 0x00000000800349BC (0x00B51513) slli a0, a0, 11
x10 <- 0x000002AAAAAAA800
mem[X,0x00000000800349C0] -> 0x0513
mem[X,0x00000000800349C2] -> 0x2AA5
[8131] [M]: 0x00000000800349C0 (0x2AA50513) addi a0, a0, 682
x10 <- 0x000002AAAAAAAAAA
mem[X,0x00000000800349C4] -> 0x1513
mem[X,0x00000000800349C6] -> 0x00B5
[8132] [M]: 0x00000000800349C4 (0x00B51513) slli a0, a0, 11
x10 <- 0x0015555555555000
mem[X,0x00000000800349C8] -> 0x0513
mem[X,0x00000000800349CA] -> 0x5555
[8133] [M]: 0x00000000800349C8 (0x55550513) addi a0, a0, 1365
x10 <- 0x0015555555555555
mem[X,0x00000000800349CC] -> 0x1513
mem[X,0x00000000800349CE] -> 0x00A5
[8134] [M]: 0x00000000800349CC (0x00A51513) slli a0, a0, 10
x10 <- 0x5555555555555400
mem[X,0x00000000800349D0] -> 0x0513
mem[X,0x00000000800349D2] -> 0x1565
[8135] [M]: 0x00000000800349D0 (0x15650513) addi a0, a0, 342
x10 <- 0x5555555555555556
mem[X,0x00000000800349D4] -> 0x0593
mem[X,0x00000000800349D6] -> 0x0050
[8136] [M]: 0x00000000800349D4 (0x00500593) addi a1, zero, 5
x11 <- 0x0000000000000005
mem[X,0x00000000800349D8] -> 0x0213
mem[X,0x00000000800349DA] -> 0x0000
[8137] [M]: 0x00000000800349D8 (0x00000213) addi tp, zero, 0
x4 <- 0x0000000000000000
mem[X,0x00000000800349DC] -> 0x006F
mem[X,0x00000000800349DE] -> 0x00C0
[8138] [M]: 0x00000000800349DC (0x00C0006F) jal zero, 12
mem[X,0x00000000800349E8] -> 0x0063
mem[X,0x00000000800349EA] -> 0x04B5
[8139] [M]: 0x00000000800349E8 (0x04B50063) beq a0, a1, 64
mem[X,0x00000000800349EC] -> 0x0213
mem[X,0x00000000800349EE] -> 0x0022
[8140] [M]: 0x00000000800349EC (0x00220213) addi tp, tp, 2
x4 <- 0x0000000000000002
mem[X,0x00000000800349F0] -> 0x006F
mem[X,0x00000000800349F2] -> 0x0400
[8141] [M]: 0x00000000800349F0 (0x0400006F) jal zero, 64
mem[X,0x0000000080034A30] -> 0x3823
mem[X,0x0000000080034A32] -> 0x7441
[8142] [M]: 0x0000000080034A30 (0x74413823) sd tp, 1872(sp)
mem[0x000000008004A118] <- 0x0000000000000002
mem[X,0x0000000080034A34] -> 0x5537
mem[X,0x0000000080034A36] -> 0x5555
[8143] [M]: 0x0000000080034A34 (0x55555537) lui a0, 349525
x10 <- 0x0000000055555000
mem[X,0x0000000080034A38] -> 0x0513
mem[X,0x0000000080034A3A] -> 0x5555
[8144] [M]: 0x0000000080034A38 (0x55550513) addi a0, a0, 1365
x10 <- 0x0000000055555555
mem[X,0x0000000080034A3C] -> 0x1513
mem[X,0x0000000080034A3E] -> 0x00B5
[8145] [M]: 0x0000000080034A3C (0x00B51513) slli a0, a0, 11
x10 <- 0x000002AAAAAAA800
mem[X,0x0000000080034A40] -> 0x0513
mem[X,0x0000000080034A42] -> 0x2AA5
[8146] [M]: 0x0000000080034A40 (0x2AA50513) addi a0, a0, 682
x10 <- 0x000002AAAAAAAAAA
mem[X,0x0000000080034A44] -> 0x1513
mem[X,0x0000000080034A46] -> 0x00B5
[8147] [M]: 0x0000000080034A44 (0x00B51513) slli a0, a0, 11
x10 <- 0x0015555555555000
mem[X,0x0000000080034A48] -> 0x0513
mem[X,0x0000000080034A4A] -> 0x5555
[8148] [M]: 0x0000000080034A48 (0x55550513) addi a0, a0, 1365
x10 <- 0x0015555555555555
mem[X,0x0000000080034A4C] -> 0x1513
mem[X,0x0000000080034A4E] -> 0x00A5
[8149] [M]: 0x0000000080034A4C (0x00A51513) slli a0, a0, 10
x10 <- 0x5555555555555400
mem[X,0x0000000080034A50] -> 0x0513
mem[X,0x0000000080034A52] -> 0x1565
[8150] [M]: 0x0000000080034A50 (0x15650513) addi a0, a0, 342
x10 <- 0x5555555555555556
mem[X,0x0000000080034A54] -> 0x35B7
mem[X,0x0000000080034A56] -> 0x3333
[8151] [M]: 0x0000000080034A54 (0x333335B7) lui a1, 209715
x11 <- 0x0000000033333000
mem[X,0x0000000080034A58] -> 0x8593
mem[X,0x0000000080034A5A] -> 0x3335
[8152] [M]: 0x0000000080034A58 (0x33358593) addi a1, a1, 819
x11 <- 0x0000000033333333
mem[X,0x0000000080034A5C] -> 0x9593
mem[X,0x0000000080034A5E] -> 0x00B5
[8153] [M]: 0x0000000080034A5C (0x00B59593) slli a1, a1, 11
x11 <- 0x0000019999999800
mem[X,0x0000000080034A60] -> 0x8593
mem[X,0x0000000080034A62] -> 0x1995
[8154] [M]: 0x0000000080034A60 (0x19958593) addi a1, a1, 409
x11 <- 0x0000019999999999
mem[X,0x0000000080034A64] -> 0x9593
mem[X,0x0000000080034A66] -> 0x00B5
[8155] [M]: 0x0000000080034A64 (0x00B59593) slli a1, a1, 11
x11 <- 0x000CCCCCCCCCC800
mem[X,0x0000000080034A68] -> 0x8593
mem[X,0x0000000080034A6A] -> 0x4CC5
[8156] [M]: 0x0000000080034A68 (0x4CC58593) addi a1, a1, 1228
x11 <- 0x000CCCCCCCCCCCCC
mem[X,0x0000000080034A6C] -> 0x9593
mem[X,0x0000000080034A6E] -> 0x00A5
[8157] [M]: 0x0000000080034A6C (0x00A59593) slli a1, a1, 10
x11 <- 0x3333333333333000
mem[X,0x0000000080034A70] -> 0x8593
mem[X,0x0000000080034A72] -> 0x3335
[8158] [M]: 0x0000000080034A70 (0x33358593) addi a1, a1, 819
x11 <- 0x3333333333333333
mem[X,0x0000000080034A74] -> 0x0213
mem[X,0x0000000080034A76] -> 0x0000
[8159] [M]: 0x0000000080034A74 (0x00000213) addi tp, zero, 0
x4 <- 0x0000000000000000
mem[X,0x0000000080034A78] -> 0x006F
mem[X,0x0000000080034A7A] -> 0x00C0
[8160] [M]: 0x0000000080034A78 (0x00C0006F) jal zero, 12
mem[X,0x0000000080034A84] -> 0x0663
mem[X,0x0000000080034A86] -> 0x00B5
[8161] [M]: 0x0000000080034A84 (0x00B50663) beq a0, a1, 12
mem[X,0x0000000080034A88] -> 0x0213
mem[X,0x0000000080034A8A] -> 0x0022
[8162] [M]: 0x0000000080034A88 (0x00220213) addi tp, tp, 2
x4 <- 0x0000000000000002
mem[X,0x0000000080034A8C] -> 0x006F
mem[X,0x0000000080034A8E] -> 0x00C0
[8163] [M]: 0x0000000080034A8C (0x00C0006F) jal zero, 12
mem[X,0x0000000080034A98] -> 0x3C23
mem[X,0x0000000080034A9A] -> 0x7441
[8164] [M]: 0x0000000080034A98 (0x74413C23) sd tp, 1880(sp)
mem[0x000000008004A120] <- 0x0000000000000002
mem[X,0x0000000080034A9C] -> 0x5537
mem[X,0x0000000080034A9E] -> 0x5555
[8165] [M]: 0x0000000080034A9C (0x55555537) lui a0, 349525
x10 <- 0x0000000055555000
mem[X,0x0000000080034AA0] -> 0x0513
mem[X,0x0000000080034AA2] -> 0x5555
[8166] [M]: 0x0000000080034AA0 (0x55550513) addi a0, a0, 1365
x10 <- 0x0000000055555555
mem[X,0x0000000080034AA4] -> 0x1513
mem[X,0x0000000080034AA6] -> 0x00B5
[8167] [M]: 0x0000000080034AA4 (0x00B51513) slli a0, a0, 11
x10 <- 0x000002AAAAAAA800
mem[X,0x0000000080034AA8] -> 0x0513
mem[X,0x0000000080034AAA] -> 0x2AA5
[8168] [M]: 0x0000000080034AA8 (0x2AA50513) addi a0, a0, 682
x10 <- 0x000002AAAAAAAAAA
mem[X,0x0000000080034AAC] -> 0x1513
mem[X,0x0000000080034AAE] -> 0x00B5
[8169] [M]: 0x0000000080034AAC (0x00B51513) slli a0, a0, 11
x10 <- 0x0015555555555000
mem[X,0x0000000080034AB0] -> 0x0513
mem[X,0x0000000080034AB2] -> 0x5555
[8170] [M]: 0x0000000080034AB0 (0x55550513) addi a0, a0, 1365
x10 <- 0x0015555555555555
mem[X,0x0000000080034AB4] -> 0x1513
mem[X,0x0000000080034AB6] -> 0x00A5
[8171] [M]: 0x0000000080034AB4 (0x00A51513) slli a0, a0, 10
x10 <- 0x5555555555555400
mem[X,0x0000000080034AB8] -> 0x0513
mem[X,0x0000000080034ABA] -> 0x1565
[8172] [M]: 0x0000000080034AB8 (0x15650513) addi a0, a0, 342
x10 <- 0x5555555555555556
mem[X,0x0000000080034ABC] -> 0x65B7
mem[X,0x0000000080034ABE] -> 0x6666
[8173] [M]: 0x0000000080034ABC (0x666665B7) lui a1, 419430
x11 <- 0x0000000066666000
mem[X,0x0000000080034AC0] -> 0x8593
mem[X,0x0000000080034AC2] -> 0x6665
[8174] [M]: 0x0000000080034AC0 (0x66658593) addi a1, a1, 1638
x11 <- 0x0000000066666666
mem[X,0x0000000080034AC4] -> 0x9593
mem[X,0x0000000080034AC6] -> 0x00B5
[8175] [M]: 0x0000000080034AC4 (0x00B59593) slli a1, a1, 11
x11 <- 0x0000033333333000
mem[X,0x0000000080034AC8] -> 0x8593
mem[X,0x0000000080034ACA] -> 0x3335
[8176] [M]: 0x0000000080034AC8 (0x33358593) addi a1, a1, 819
x11 <- 0x0000033333333333
mem[X,0x0000000080034ACC] -> 0x9593
mem[X,0x0000000080034ACE] -> 0x00B5
[8177] [M]: 0x0000000080034ACC (0x00B59593) slli a1, a1, 11
x11 <- 0x0019999999999800
mem[X,0x0000000080034AD0] -> 0x8593
mem[X,0x0000000080034AD2] -> 0x1995
[8178] [M]: 0x0000000080034AD0 (0x19958593) addi a1, a1, 409
x11 <- 0x0019999999999999
mem[X,0x0000000080034AD4] -> 0x9593
mem[X,0x0000000080034AD6] -> 0x00A5
[8179] [M]: 0x0000000080034AD4 (0x00A59593) slli a1, a1, 10
x11 <- 0x6666666666666400
mem[X,0x0000000080034AD8] -> 0x8593
mem[X,0x0000000080034ADA] -> 0x2665
[8180] [M]: 0x0000000080034AD8 (0x26658593) addi a1, a1, 614
x11 <- 0x6666666666666666
mem[X,0x0000000080034ADC] -> 0x0213
mem[X,0x0000000080034ADE] -> 0x0000
[8181] [M]: 0x0000000080034ADC (0x00000213) addi tp, zero, 0
x4 <- 0x0000000000000000
mem[X,0x0000000080034AE0] -> 0x006F
mem[X,0x0000000080034AE2] -> 0x00C0
[8182] [M]: 0x0000000080034AE0 (0x00C0006F) jal zero, 12
mem[X,0x0000000080034AEC] -> 0x0CE3
mem[X,0x0000000080034AEE] -> 0xFEB5
[8183] [M]: 0x0000000080034AEC (0xFEB50CE3) beq a0, a1, 8184
mem[X,0x0000000080034AF0] -> 0x0213
mem[X,0x0000000080034AF2] -> 0x0022
[8184] [M]: 0x0000000080034AF0 (0x00220213) addi tp, tp, 2
x4 <- 0x0000000000000002
mem[X,0x0000000080034AF4] -> 0x006F
mem[X,0x0000000080034AF6] -> 0x00C0
[8185] [M]: 0x0000000080034AF4 (0x00C0006F) jal zero, 12
mem[X,0x0000000080034B00] -> 0x3023
mem[X,0x0000000080034B02] -> 0x7641
[8186] [M]: 0x0000000080034B00 (0x76413023) sd tp, 1888(sp)
mem[0x000000008004A128] <- 0x0000000000000002
mem[X,0x0000000080034B04] -> 0x5537
mem[X,0x0000000080034B06] -> 0x5555
[8187] [M]: 0x0000000080034B04 (0x55555537) lui a0, 349525
x10 <- 0x0000000055555000
mem[X,0x0000000080034B08] -> 0x0513
mem[X,0x0000000080034B0A] -> 0x5555
[8188] [M]: 0x0000000080034B08 (0x55550513) addi a0, a0, 1365
x10 <- 0x0000000055555555
mem[X,0x0000000080034B0C] -> 0x1513
mem[X,0x0000000080034B0E] -> 0x00B5
[8189] [M]: 0x0000000080034B0C (0x00B51513) slli a0, a0, 11
x10 <- 0x000002AAAAAAA800
mem[X,0x0000000080034B10] -> 0x0513
mem[X,0x0000000080034B12] -> 0x2AA5
[8190] [M]: 0x0000000080034B10 (0x2AA50513) addi a0, a0, 682
x10 <- 0x000002AAAAAAAAAA
mem[X,0x0000000080034B14] -> 0x1513
mem[X,0x0000000080034B16] -> 0x00B5
[8191] [M]: 0x0000000080034B14 (0x00B51513) slli a0, a0, 11
x10 <- 0x0015555555555000
mem[X,0x0000000080034B18] -> 0x0513
mem[X,0x0000000080034B1A] -> 0x5555
[8192] [M]: 0x0000000080034B18 (0x55550513) addi a0, a0, 1365
x10 <- 0x0015555555555555
mem[X,0x0000000080034B1C] -> 0x1513
mem[X,0x0000000080034B1E] -> 0x00A5
[8193] [M]: 0x0000000080034B1C (0x00A51513) slli a0, a0, 10
x10 <- 0x5555555555555400
mem[X,0x0000000080034B20] -> 0x0513
mem[X,0x0000000080034B22] -> 0x1565
[8194] [M]: 0x0000000080034B20 (0x15650513) addi a0, a0, 342
x10 <- 0x5555555555555556
mem[X,0x0000000080034B24] -> 0x05B7
mem[X,0x0000000080034B26] -> 0x0000
[8195] [M]: 0x0000000080034B24 (0x000005B7) lui a1, 0
x11 <- 0x0000000000000000
mem[X,0x0000000080034B28] -> 0x8593
mem[X,0x0000000080034B2A] -> 0xFFF5
[8196] [M]: 0x0000000080034B28 (0xFFF58593) addi a1, a1, 4095
x11 <- 0xFFFFFFFFFFFFFFFF
mem[X,0x0000000080034B2C] -> 0x9593
mem[X,0x0000000080034B2E] -> 0x00B5
[8197] [M]: 0x0000000080034B2C (0x00B59593) slli a1, a1, 11
x11 <- 0xFFFFFFFFFFFFF800
mem[X,0x0000000080034B30] -> 0x8593
mem[X,0x0000000080034B32] -> 0x2575
[8198] [M]: 0x0000000080034B30 (0x25758593) addi a1, a1, 599
x11 <- 0xFFFFFFFFFFFFFA57
mem[X,0x0000000080034B34] -> 0x9593
mem[X,0x0000000080034B36] -> 0x00B5
[8199] [M]: 0x0000000080034B34 (0x00B59593) slli a1, a1, 11
x11 <- 0xFFFFFFFFFFD2B800
clint::tick mtime <- 0x0000000000000052
 clint timer pending at mtime 0x0000000000000052
htif::tick 0x0000000000000000
mem[X,0x0000000080034B38] -> 0x8593
mem[X,0x0000000080034B3A] -> 0x6C35
[8200] [M]: 0x0000000080034B38 (0x6C358593) addi a1, a1, 1731
x11 <- 0xFFFFFFFFFFD2BEC3
mem[X,0x0000000080034B3C] -> 0x9593
mem[X,0x0000000080034B3E] -> 0x00A5
[8201] [M]: 0x0000000080034B3C (0x00A59593) slli a1, a1, 10
x11 <- 0xFFFFFFFF4AFB0C00
mem[X,0x0000000080034B40] -> 0x8593
mem[X,0x0000000080034B42] -> 0x0CD5
[8202] [M]: 0x0000000080034B40 (0x0CD58593) addi a1, a1, 205
x11 <- 0xFFFFFFFF4AFB0CCD
mem[X,0x0000000080034B44] -> 0x0213
mem[X,0x0000000080034B46] -> 0x0000
[8203] [M]: 0x0000000080034B44 (0x00000213) addi tp, zero, 0
x4 <- 0x0000000000000000
mem[X,0x0000000080034B48] -> 0x006F
mem[X,0x0000000080034B4A] -> 0x0140
[8204] [M]: 0x0000000080034B48 (0x0140006F) jal zero, 20
mem[X,0x0000000080034B5C] -> 0x08E3
mem[X,0x0000000080034B5E] -> 0xFEB5
[8205] [M]: 0x0000000080034B5C (0xFEB508E3) beq a0, a1, 8176
mem[X,0x0000000080034B60] -> 0x0213
mem[X,0x0000000080034B62] -> 0x0022
[8206] [M]: 0x0000000080034B60 (0x00220213) addi tp, tp, 2
x4 <- 0x0000000000000002
mem[X,0x0000000080034B64] -> 0x006F
mem[X,0x0000000080034B66] -> 0x00C0
[8207] [M]: 0x0000000080034B64 (0x00C0006F) jal zero, 12
mem[X,0x0000000080034B70] -> 0x3423
mem[X,0x0000000080034B72] -> 0x7641
[8208] [M]: 0x0000000080034B70 (0x76413423) sd tp, 1896(sp)
mem[0x000000008004A130] <- 0x0000000000000002
mem[X,0x0000000080034B74] -> 0x5537
mem[X,0x0000000080034B76] -> 0x5555
[8209] [M]: 0x0000000080034B74 (0x55555537) lui a0, 349525
x10 <- 0x0000000055555000
mem[X,0x0000000080034B78] -> 0x0513
mem[X,0x0000000080034B7A] -> 0x5555
[8210] [M]: 0x0000000080034B78 (0x55550513) addi a0, a0, 1365
x10 <- 0x0000000055555555
mem[X,0x0000000080034B7C] -> 0x1513
mem[X,0x0000000080034B7E] -> 0x00B5
[8211] [M]: 0x0000000080034B7C (0x00B51513) slli a0, a0, 11
x10 <- 0x000002AAAAAAA800
mem[X,0x0000000080034B80] -> 0x0513
mem[X,0x0000000080034B82] -> 0x2AA5
[8212] [M]: 0x0000000080034B80 (0x2AA50513) addi a0, a0, 682
x10 <- 0x000002AAAAAAAAAA
mem[X,0x0000000080034B84] -> 0x1513
mem[X,0x0000000080034B86] -> 0x00B5
[8213] [M]: 0x0000000080034B84 (0x00B51513) slli a0, a0, 11
x10 <- 0x0015555555555000
mem[X,0x0000000080034B88] -> 0x0513
mem[X,0x0000000080034B8A] -> 0x5555
[8214] [M]: 0x0000000080034B88 (0x55550513) addi a0, a0, 1365
x10 <- 0x0015555555555555
mem[X,0x0000000080034B8C] -> 0x1513
mem[X,0x0000000080034B8E] -> 0x00A5
[8215] [M]: 0x0000000080034B8C (0x00A51513) slli a0, a0, 10
x10 <- 0x5555555555555400
mem[X,0x0000000080034B90] -> 0x0513
mem[X,0x0000000080034B92] -> 0x1565
[8216] [M]: 0x0000000080034B90 (0x15650513) addi a0, a0, 342
x10 <- 0x5555555555555556
mem[X,0x0000000080034B94] -> 0x05B7
mem[X,0x0000000080034B96] -> 0x0000
[8217] [M]: 0x0000000080034B94 (0x000005B7) lui a1, 0
x11 <- 0x0000000000000000
mem[X,0x0000000080034B98] -> 0x8593
mem[X,0x0000000080034B9A] -> 0x0005
[8218] [M]: 0x0000000080034B98 (0x00058593) addi a1, a1, 0
x11 <- 0x0000000000000000
mem[X,0x0000000080034B9C] -> 0x9593
mem[X,0x0000000080034B9E] -> 0x00B5
[8219] [M]: 0x0000000080034B9C (0x00B59593) slli a1, a1, 11
x11 <- 0x0000000000000000
mem[X,0x0000000080034BA0] -> 0x8593
mem[X,0x0000000080034BA2] -> 0x5A85
[8220] [M]: 0x0000000080034BA0 (0x5A858593) addi a1, a1, 1448
x11 <- 0x00000000000005A8
mem[X,0x0000000080034BA4] -> 0x9593
mem[X,0x0000000080034BA6] -> 0x00B5
[8221] [M]: 0x0000000080034BA4 (0x00B59593) slli a1, a1, 11
x11 <- 0x00000000002D4000
mem[X,0x0000000080034BA8] -> 0x8593
mem[X,0x0000000080034BAA] -> 0x13C5
[8222] [M]: 0x0000000080034BA8 (0x13C58593) addi a1, a1, 316
x11 <- 0x00000000002D413C
mem[X,0x0000000080034BAC] -> 0x9593
mem[X,0x0000000080034BAE] -> 0x00A5
[8223] [M]: 0x0000000080034BAC (0x00A59593) slli a1, a1, 10
x11 <- 0x00000000B504F000
mem[X,0x0000000080034BB0] -> 0x8593
mem[X,0x0000000080034BB2] -> 0x3335
[8224] [M]: 0x0000000080034BB0 (0x33358593) addi a1, a1, 819
x11 <- 0x00000000B504F333
mem[X,0x0000000080034BB4] -> 0x0213
mem[X,0x0000000080034BB6] -> 0x0000
[8225] [M]: 0x0000000080034BB4 (0x00000213) addi tp, zero, 0
x4 <- 0x0000000000000000
mem[X,0x0000000080034BB8] -> 0x006F
mem[X,0x0000000080034BBA] -> 0x0140
[8226] [M]: 0x0000000080034BB8 (0x0140006F) jal zero, 20
mem[X,0x0000000080034BCC] -> 0x08E3
mem[X,0x0000000080034BCE] -> 0xFEB5
[8227] [M]: 0x0000000080034BCC (0xFEB508E3) beq a0, a1, 8176
mem[X,0x0000000080034BD0] -> 0x0213
mem[X,0x0000000080034BD2] -> 0x0022
[8228] [M]: 0x0000000080034BD0 (0x00220213) addi tp, tp, 2
x4 <- 0x0000000000000002
mem[X,0x0000000080034BD4] -> 0x006F
mem[X,0x0000000080034BD6] -> 0x00C0
[8229] [M]: 0x0000000080034BD4 (0x00C0006F) jal zero, 12
mem[X,0x0000000080034BE0] -> 0x3823
mem[X,0x0000000080034BE2] -> 0x7641
[8230] [M]: 0x0000000080034BE0 (0x76413823) sd tp, 1904(sp)
mem[0x000000008004A138] <- 0x0000000000000002
mem[X,0x0000000080034BE4] -> 0x5537
mem[X,0x0000000080034BE6] -> 0x5555
[8231] [M]: 0x0000000080034BE4 (0x55555537) lui a0, 349525
x10 <- 0x0000000055555000
mem[X,0x0000000080034BE8] -> 0x0513
mem[X,0x0000000080034BEA] -> 0x5555
[8232] [M]: 0x0000000080034BE8 (0x55550513) addi a0, a0, 1365
x10 <- 0x0000000055555555
mem[X,0x0000000080034BEC] -> 0x1513
mem[X,0x0000000080034BEE] -> 0x00B5
[8233] [M]: 0x0000000080034BEC (0x00B51513) slli a0, a0, 11
x10 <- 0x000002AAAAAAA800
mem[X,0x0000000080034BF0] -> 0x0513
mem[X,0x0000000080034BF2] -> 0x2AA5
[8234] [M]: 0x0000000080034BF0 (0x2AA50513) addi a0, a0, 682
x10 <- 0x000002AAAAAAAAAA
mem[X,0x0000000080034BF4] -> 0x1513
mem[X,0x0000000080034BF6] -> 0x00B5
[8235] [M]: 0x0000000080034BF4 (0x00B51513) slli a0, a0, 11
x10 <- 0x0015555555555000
mem[X,0x0000000080034BF8] -> 0x0513
mem[X,0x0000000080034BFA] -> 0x5555
[8236] [M]: 0x0000000080034BF8 (0x55550513) addi a0, a0, 1365
x10 <- 0x0015555555555555
mem[X,0x0000000080034BFC] -> 0x1513
mem[X,0x0000000080034BFE] -> 0x00A5
[8237] [M]: 0x0000000080034BFC (0x00A51513) slli a0, a0, 10
x10 <- 0x5555555555555400
mem[X,0x0000000080034C00] -> 0x0513
mem[X,0x0000000080034C02] -> 0x1565
[8238] [M]: 0x0000000080034C00 (0x15650513) addi a0, a0, 342
x10 <- 0x5555555555555556
mem[X,0x0000000080034C04] -> 0x0593
mem[X,0x0000000080034C06] -> 0x0020
[8239] [M]: 0x0000000080034C04 (0x00200593) addi a1, zero, 2
x11 <- 0x0000000000000002
mem[X,0x0000000080034C08] -> 0x0213
mem[X,0x0000000080034C0A] -> 0x0000
[8240] [M]: 0x0000000080034C08 (0x00000213) addi tp, zero, 0
x4 <- 0x0000000000000000
mem[X,0x0000000080034C0C] -> 0x006F
mem[X,0x0000000080034C0E] -> 0x00C0
[8241] [M]: 0x0000000080034C0C (0x00C0006F) jal zero, 12
mem[X,0x0000000080034C18] -> 0x0063
mem[X,0x0000000080034C1A] -> 0x20B5
[8242] [M]: 0x0000000080034C18 (0x20B50063) beq a0, a1, 512
mem[X,0x0000000080034C1C] -> 0x0213
mem[X,0x0000000080034C1E] -> 0x0022
[8243] [M]: 0x0000000080034C1C (0x00220213) addi tp, tp, 2
x4 <- 0x0000000000000002
mem[X,0x0000000080034C20] -> 0x006F
mem[X,0x0000000080034C22] -> 0x2000
[8244] [M]: 0x0000000080034C20 (0x2000006F) jal zero, 512
mem[X,0x0000000080034E20] -> 0x3C23
mem[X,0x0000000080034E22] -> 0x7641
[8245] [M]: 0x0000000080034E20 (0x76413C23) sd tp, 1912(sp)
mem[0x000000008004A140] <- 0x0000000000000002
mem[X,0x0000000080034E24] -> 0x5537
mem[X,0x0000000080034E26] -> 0x5555
[8246] [M]: 0x0000000080034E24 (0x55555537) lui a0, 349525
x10 <- 0x0000000055555000
mem[X,0x0000000080034E28] -> 0x0513
mem[X,0x0000000080034E2A] -> 0x5555
[8247] [M]: 0x0000000080034E28 (0x55550513) addi a0, a0, 1365
x10 <- 0x0000000055555555
mem[X,0x0000000080034E2C] -> 0x1513
mem[X,0x0000000080034E2E] -> 0x00B5
[8248] [M]: 0x0000000080034E2C (0x00B51513) slli a0, a0, 11
x10 <- 0x000002AAAAAAA800
mem[X,0x0000000080034E30] -> 0x0513
mem[X,0x0000000080034E32] -> 0x2AA5
[8249] [M]: 0x0000000080034E30 (0x2AA50513) addi a0, a0, 682
x10 <- 0x000002AAAAAAAAAA
mem[X,0x0000000080034E34] -> 0x1513
mem[X,0x0000000080034E36] -> 0x00B5
[8250] [M]: 0x0000000080034E34 (0x00B51513) slli a0, a0, 11
x10 <- 0x0015555555555000
mem[X,0x0000000080034E38] -> 0x0513
mem[X,0x0000000080034E3A] -> 0x5555
[8251] [M]: 0x0000000080034E38 (0x55550513) addi a0, a0, 1365
x10 <- 0x0015555555555555
mem[X,0x0000000080034E3C] -> 0x1513
mem[X,0x0000000080034E3E] -> 0x00A5
[8252] [M]: 0x0000000080034E3C (0x00A51513) slli a0, a0, 10
x10 <- 0x5555555555555400
mem[X,0x0000000080034E40] -> 0x0513
mem[X,0x0000000080034E42] -> 0x1565
[8253] [M]: 0x0000000080034E40 (0x15650513) addi a0, a0, 342
x10 <- 0x5555555555555556
mem[X,0x0000000080034E44] -> 0x55B7
mem[X,0x0000000080034E46] -> 0x5555
[8254] [M]: 0x0000000080034E44 (0x555555B7) lui a1, 349525
x11 <- 0x0000000055555000
mem[X,0x0000000080034E48] -> 0x8593
mem[X,0x0000000080034E4A] -> 0x5555
[8255] [M]: 0x0000000080034E48 (0x55558593) addi a1, a1, 1365
x11 <- 0x0000000055555555
mem[X,0x0000000080034E4C] -> 0x9593
mem[X,0x0000000080034E4E] -> 0x00B5
[8256] [M]: 0x0000000080034E4C (0x00B59593) slli a1, a1, 11
x11 <- 0x000002AAAAAAA800
mem[X,0x0000000080034E50] -> 0x8593
mem[X,0x0000000080034E52] -> 0x2AA5
[8257] [M]: 0x0000000080034E50 (0x2AA58593) addi a1, a1, 682
x11 <- 0x000002AAAAAAAAAA
mem[X,0x0000000080034E54] -> 0x9593
mem[X,0x0000000080034E56] -> 0x00B5
[8258] [M]: 0x0000000080034E54 (0x00B59593) slli a1, a1, 11
x11 <- 0x0015555555555000
mem[X,0x0000000080034E58] -> 0x8593
mem[X,0x0000000080034E5A] -> 0x5555
[8259] [M]: 0x0000000080034E58 (0x55558593) addi a1, a1, 1365
x11 <- 0x0015555555555555
mem[X,0x0000000080034E5C] -> 0x9593
mem[X,0x0000000080034E5E] -> 0x00A5
[8260] [M]: 0x0000000080034E5C (0x00A59593) slli a1, a1, 10
x11 <- 0x5555555555555400
mem[X,0x0000000080034E60] -> 0x8593
mem[X,0x0000000080034E62] -> 0x1545
[8261] [M]: 0x0000000080034E60 (0x15458593) addi a1, a1, 340
x11 <- 0x5555555555555554
mem[X,0x0000000080034E64] -> 0x0213
mem[X,0x0000000080034E66] -> 0x0000
[8262] [M]: 0x0000000080034E64 (0x00000213) addi tp, zero, 0
x4 <- 0x0000000000000000
mem[X,0x0000000080034E68] -> 0x006F
mem[X,0x0000000080034E6A] -> 0x00C0
[8263] [M]: 0x0000000080034E68 (0x00C0006F) jal zero, 12
mem[X,0x0000000080034E74] -> 0x0063
mem[X,0x0000000080034E76] -> 0x20B5
[8264] [M]: 0x0000000080034E74 (0x20B50063) beq a0, a1, 512
mem[X,0x0000000080034E78] -> 0x0213
mem[X,0x0000000080034E7A] -> 0x0022
[8265] [M]: 0x0000000080034E78 (0x00220213) addi tp, tp, 2
x4 <- 0x0000000000000002
mem[X,0x0000000080034E7C] -> 0x006F
mem[X,0x0000000080034E7E] -> 0x2000
[8266] [M]: 0x0000000080034E7C (0x2000006F) jal zero, 512
mem[X,0x000000008003507C] -> 0x3023
mem[X,0x000000008003507E] -> 0x7841
[8267] [M]: 0x000000008003507C (0x78413023) sd tp, 1920(sp)
mem[0x000000008004A148] <- 0x0000000000000002
mem[X,0x0000000080035080] -> 0x5537
mem[X,0x0000000080035082] -> 0x5555
[8268] [M]: 0x0000000080035080 (0x55555537) lui a0, 349525
x10 <- 0x0000000055555000
mem[X,0x0000000080035084] -> 0x0513
mem[X,0x0000000080035086] -> 0x5555
[8269] [M]: 0x0000000080035084 (0x55550513) addi a0, a0, 1365
x10 <- 0x0000000055555555
mem[X,0x0000000080035088] -> 0x1513
mem[X,0x000000008003508A] -> 0x00B5
[8270] [M]: 0x0000000080035088 (0x00B51513) slli a0, a0, 11
x10 <- 0x000002AAAAAAA800
mem[X,0x000000008003508C] -> 0x0513
mem[X,0x000000008003508E] -> 0x2AA5
[8271] [M]: 0x000000008003508C (0x2AA50513) addi a0, a0, 682
x10 <- 0x000002AAAAAAAAAA
mem[X,0x0000000080035090] -> 0x1513
mem[X,0x0000000080035092] -> 0x00B5
[8272] [M]: 0x0000000080035090 (0x00B51513) slli a0, a0, 11
x10 <- 0x0015555555555000
mem[X,0x0000000080035094] -> 0x0513
mem[X,0x0000000080035096] -> 0x5555
[8273] [M]: 0x0000000080035094 (0x55550513) addi a0, a0, 1365
x10 <- 0x0015555555555555
mem[X,0x0000000080035098] -> 0x1513
mem[X,0x000000008003509A] -> 0x00A5
[8274] [M]: 0x0000000080035098 (0x00A51513) slli a0, a0, 10
x10 <- 0x5555555555555400
mem[X,0x000000008003509C] -> 0x0513
mem[X,0x000000008003509E] -> 0x1565
[8275] [M]: 0x000000008003509C (0x15650513) addi a0, a0, 342
x10 <- 0x5555555555555556
mem[X,0x00000000800350A0] -> 0x0593
mem[X,0x00000000800350A2] -> 0x0000
[8276] [M]: 0x00000000800350A0 (0x00000593) addi a1, zero, 0
x11 <- 0x0000000000000000
mem[X,0x00000000800350A4] -> 0x0213
mem[X,0x00000000800350A6] -> 0x0000
[8277] [M]: 0x00000000800350A4 (0x00000213) addi tp, zero, 0
x4 <- 0x0000000000000000
mem[X,0x00000000800350A8] -> 0x006F
mem[X,0x00000000800350AA] -> 0x00C0
[8278] [M]: 0x00000000800350A8 (0x00C0006F) jal zero, 12
mem[X,0x00000000800350B4] -> 0x0063
mem[X,0x00000000800350B6] -> 0x02B5
[8279] [M]: 0x00000000800350B4 (0x02B50063) beq a0, a1, 32
mem[X,0x00000000800350B8] -> 0x0213
mem[X,0x00000000800350BA] -> 0x0022
[8280] [M]: 0x00000000800350B8 (0x00220213) addi tp, tp, 2
x4 <- 0x0000000000000002
mem[X,0x00000000800350BC] -> 0x006F
mem[X,0x00000000800350BE] -> 0x0200
[8281] [M]: 0x00000000800350BC (0x0200006F) jal zero, 32
mem[X,0x00000000800350DC] -> 0x3423
mem[X,0x00000000800350DE] -> 0x7841
[8282] [M]: 0x00000000800350DC (0x78413423) sd tp, 1928(sp)
mem[0x000000008004A150] <- 0x0000000000000002
mem[X,0x00000000800350E0] -> 0x5537
mem[X,0x00000000800350E2] -> 0x5555
[8283] [M]: 0x00000000800350E0 (0x55555537) lui a0, 349525
x10 <- 0x0000000055555000
mem[X,0x00000000800350E4] -> 0x0513
mem[X,0x00000000800350E6] -> 0x5555
[8284] [M]: 0x00000000800350E4 (0x55550513) addi a0, a0, 1365
x10 <- 0x0000000055555555
mem[X,0x00000000800350E8] -> 0x1513
mem[X,0x00000000800350EA] -> 0x00B5
[8285] [M]: 0x00000000800350E8 (0x00B51513) slli a0, a0, 11
x10 <- 0x000002AAAAAAA800
mem[X,0x00000000800350EC] -> 0x0513
mem[X,0x00000000800350EE] -> 0x2AA5
[8286] [M]: 0x00000000800350EC (0x2AA50513) addi a0, a0, 682
x10 <- 0x000002AAAAAAAAAA
mem[X,0x00000000800350F0] -> 0x1513
mem[X,0x00000000800350F2] -> 0x00B5
[8287] [M]: 0x00000000800350F0 (0x00B51513) slli a0, a0, 11
x10 <- 0x0015555555555000
mem[X,0x00000000800350F4] -> 0x0513
mem[X,0x00000000800350F6] -> 0x5555
[8288] [M]: 0x00000000800350F4 (0x55550513) addi a0, a0, 1365
x10 <- 0x0015555555555555
mem[X,0x00000000800350F8] -> 0x1513
mem[X,0x00000000800350FA] -> 0x00A5
[8289] [M]: 0x00000000800350F8 (0x00A51513) slli a0, a0, 10
x10 <- 0x5555555555555400
mem[X,0x00000000800350FC] -> 0x0513
mem[X,0x00000000800350FE] -> 0x1565
[8290] [M]: 0x00000000800350FC (0x15650513) addi a0, a0, 342
x10 <- 0x5555555555555556
mem[X,0x0000000080035100] -> 0x0593
mem[X,0x0000000080035102] -> 0x0040
[8291] [M]: 0x0000000080035100 (0x00400593) addi a1, zero, 4
x11 <- 0x0000000000000004
mem[X,0x0000000080035104] -> 0x0213
mem[X,0x0000000080035106] -> 0x0000
[8292] [M]: 0x0000000080035104 (0x00000213) addi tp, zero, 0
x4 <- 0x0000000000000000
mem[X,0x0000000080035108] -> 0x006F
mem[X,0x000000008003510A] -> 0x00C0
[8293] [M]: 0x0000000080035108 (0x00C0006F) jal zero, 12
mem[X,0x0000000080035114] -> 0x0063
mem[X,0x0000000080035116] -> 0x02B5
[8294] [M]: 0x0000000080035114 (0x02B50063) beq a0, a1, 32
mem[X,0x0000000080035118] -> 0x0213
mem[X,0x000000008003511A] -> 0x0022
[8295] [M]: 0x0000000080035118 (0x00220213) addi tp, tp, 2
x4 <- 0x0000000000000002
mem[X,0x000000008003511C] -> 0x006F
mem[X,0x000000008003511E] -> 0x0200
[8296] [M]: 0x000000008003511C (0x0200006F) jal zero, 32
mem[X,0x000000008003513C] -> 0x3823
mem[X,0x000000008003513E] -> 0x7841
[8297] [M]: 0x000000008003513C (0x78413823) sd tp, 1936(sp)
mem[0x000000008004A158] <- 0x0000000000000002
mem[X,0x0000000080035140] -> 0x5537
mem[X,0x0000000080035142] -> 0x5555
[8298] [M]: 0x0000000080035140 (0x55555537) lui a0, 349525
x10 <- 0x0000000055555000
mem[X,0x0000000080035144] -> 0x0513
mem[X,0x0000000080035146] -> 0x5555
[8299] [M]: 0x0000000080035144 (0x55550513) addi a0, a0, 1365
x10 <- 0x0000000055555555
clint::tick mtime <- 0x0000000000000053
 clint timer pending at mtime 0x0000000000000053
htif::tick 0x0000000000000000
mem[X,0x0000000080035148] -> 0x1513
mem[X,0x000000008003514A] -> 0x00B5
[8300] [M]: 0x0000000080035148 (0x00B51513) slli a0, a0, 11
x10 <- 0x000002AAAAAAA800
mem[X,0x000000008003514C] -> 0x0513
mem[X,0x000000008003514E] -> 0x2AA5
[8301] [M]: 0x000000008003514C (0x2AA50513) addi a0, a0, 682
x10 <- 0x000002AAAAAAAAAA
mem[X,0x0000000080035150] -> 0x1513
mem[X,0x0000000080035152] -> 0x00B5
[8302] [M]: 0x0000000080035150 (0x00B51513) slli a0, a0, 11
x10 <- 0x0015555555555000
mem[X,0x0000000080035154] -> 0x0513
mem[X,0x0000000080035156] -> 0x5555
[8303] [M]: 0x0000000080035154 (0x55550513) addi a0, a0, 1365
x10 <- 0x0015555555555555
mem[X,0x0000000080035158] -> 0x1513
mem[X,0x000000008003515A] -> 0x00A5
[8304] [M]: 0x0000000080035158 (0x00A51513) slli a0, a0, 10
x10 <- 0x5555555555555400
mem[X,0x000000008003515C] -> 0x0513
mem[X,0x000000008003515E] -> 0x1565
[8305] [M]: 0x000000008003515C (0x15650513) addi a0, a0, 342
x10 <- 0x5555555555555556
mem[X,0x0000000080035160] -> 0x35B7
mem[X,0x0000000080035162] -> 0x3333
[8306] [M]: 0x0000000080035160 (0x333335B7) lui a1, 209715
x11 <- 0x0000000033333000
mem[X,0x0000000080035164] -> 0x8593
mem[X,0x0000000080035166] -> 0x3335
[8307] [M]: 0x0000000080035164 (0x33358593) addi a1, a1, 819
x11 <- 0x0000000033333333
mem[X,0x0000000080035168] -> 0x9593
mem[X,0x000000008003516A] -> 0x00B5
[8308] [M]: 0x0000000080035168 (0x00B59593) slli a1, a1, 11
x11 <- 0x0000019999999800
mem[X,0x000000008003516C] -> 0x8593
mem[X,0x000000008003516E] -> 0x1995
[8309] [M]: 0x000000008003516C (0x19958593) addi a1, a1, 409
x11 <- 0x0000019999999999
mem[X,0x0000000080035170] -> 0x9593
mem[X,0x0000000080035172] -> 0x00B5
[8310] [M]: 0x0000000080035170 (0x00B59593) slli a1, a1, 11
x11 <- 0x000CCCCCCCCCC800
mem[X,0x0000000080035174] -> 0x8593
mem[X,0x0000000080035176] -> 0x4CC5
[8311] [M]: 0x0000000080035174 (0x4CC58593) addi a1, a1, 1228
x11 <- 0x000CCCCCCCCCCCCC
mem[X,0x0000000080035178] -> 0x9593
mem[X,0x000000008003517A] -> 0x00A5
[8312] [M]: 0x0000000080035178 (0x00A59593) slli a1, a1, 10
x11 <- 0x3333333333333000
mem[X,0x000000008003517C] -> 0x8593
mem[X,0x000000008003517E] -> 0x3325
[8313] [M]: 0x000000008003517C (0x33258593) addi a1, a1, 818
x11 <- 0x3333333333333332
mem[X,0x0000000080035180] -> 0x0213
mem[X,0x0000000080035182] -> 0x0000
[8314] [M]: 0x0000000080035180 (0x00000213) addi tp, zero, 0
x4 <- 0x0000000000000000
mem[X,0x0000000080035184] -> 0x006F
mem[X,0x0000000080035186] -> 0x00C0
[8315] [M]: 0x0000000080035184 (0x00C0006F) jal zero, 12
mem[X,0x0000000080035190] -> 0x0CE3
mem[X,0x0000000080035192] -> 0xFEB5
[8316] [M]: 0x0000000080035190 (0xFEB50CE3) beq a0, a1, 8184
mem[X,0x0000000080035194] -> 0x0213
mem[X,0x0000000080035196] -> 0x0022
[8317] [M]: 0x0000000080035194 (0x00220213) addi tp, tp, 2
x4 <- 0x0000000000000002
mem[X,0x0000000080035198] -> 0x006F
mem[X,0x000000008003519A] -> 0x00C0
[8318] [M]: 0x0000000080035198 (0x00C0006F) jal zero, 12
mem[X,0x00000000800351A4] -> 0x3C23
mem[X,0x00000000800351A6] -> 0x7841
[8319] [M]: 0x00000000800351A4 (0x78413C23) sd tp, 1944(sp)
mem[0x000000008004A160] <- 0x0000000000000002
mem[X,0x00000000800351A8] -> 0x5537
mem[X,0x00000000800351AA] -> 0x5555
[8320] [M]: 0x00000000800351A8 (0x55555537) lui a0, 349525
x10 <- 0x0000000055555000
mem[X,0x00000000800351AC] -> 0x0513
mem[X,0x00000000800351AE] -> 0x5555
[8321] [M]: 0x00000000800351AC (0x55550513) addi a0, a0, 1365
x10 <- 0x0000000055555555
mem[X,0x00000000800351B0] -> 0x1513
mem[X,0x00000000800351B2] -> 0x00B5
[8322] [M]: 0x00000000800351B0 (0x00B51513) slli a0, a0, 11
x10 <- 0x000002AAAAAAA800
mem[X,0x00000000800351B4] -> 0x0513
mem[X,0x00000000800351B6] -> 0x2AA5
[8323] [M]: 0x00000000800351B4 (0x2AA50513) addi a0, a0, 682
x10 <- 0x000002AAAAAAAAAA
mem[X,0x00000000800351B8] -> 0x1513
mem[X,0x00000000800351BA] -> 0x00B5
[8324] [M]: 0x00000000800351B8 (0x00B51513) slli a0, a0, 11
x10 <- 0x0015555555555000
mem[X,0x00000000800351BC] -> 0x0513
mem[X,0x00000000800351BE] -> 0x5555
[8325] [M]: 0x00000000800351BC (0x55550513) addi a0, a0, 1365
x10 <- 0x0015555555555555
mem[X,0x00000000800351C0] -> 0x1513
mem[X,0x00000000800351C2] -> 0x00A5
[8326] [M]: 0x00000000800351C0 (0x00A51513) slli a0, a0, 10
x10 <- 0x5555555555555400
mem[X,0x00000000800351C4] -> 0x0513
mem[X,0x00000000800351C6] -> 0x1565
[8327] [M]: 0x00000000800351C4 (0x15650513) addi a0, a0, 342
x10 <- 0x5555555555555556
mem[X,0x00000000800351C8] -> 0x65B7
mem[X,0x00000000800351CA] -> 0x6666
[8328] [M]: 0x00000000800351C8 (0x666665B7) lui a1, 419430
x11 <- 0x0000000066666000
mem[X,0x00000000800351CC] -> 0x8593
mem[X,0x00000000800351CE] -> 0x6665
[8329] [M]: 0x00000000800351CC (0x66658593) addi a1, a1, 1638
x11 <- 0x0000000066666666
mem[X,0x00000000800351D0] -> 0x9593
mem[X,0x00000000800351D2] -> 0x00B5
[8330] [M]: 0x00000000800351D0 (0x00B59593) slli a1, a1, 11
x11 <- 0x0000033333333000
mem[X,0x00000000800351D4] -> 0x8593
mem[X,0x00000000800351D6] -> 0x3335
[8331] [M]: 0x00000000800351D4 (0x33358593) addi a1, a1, 819
x11 <- 0x0000033333333333
mem[X,0x00000000800351D8] -> 0x9593
mem[X,0x00000000800351DA] -> 0x00B5
[8332] [M]: 0x00000000800351D8 (0x00B59593) slli a1, a1, 11
x11 <- 0x0019999999999800
mem[X,0x00000000800351DC] -> 0x8593
mem[X,0x00000000800351DE] -> 0x1995
[8333] [M]: 0x00000000800351DC (0x19958593) addi a1, a1, 409
x11 <- 0x0019999999999999
mem[X,0x00000000800351E0] -> 0x9593
mem[X,0x00000000800351E2] -> 0x00A5
[8334] [M]: 0x00000000800351E0 (0x00A59593) slli a1, a1, 10
x11 <- 0x6666666666666400
mem[X,0x00000000800351E4] -> 0x8593
mem[X,0x00000000800351E6] -> 0x2655
[8335] [M]: 0x00000000800351E4 (0x26558593) addi a1, a1, 613
x11 <- 0x6666666666666665
mem[X,0x00000000800351E8] -> 0x0213
mem[X,0x00000000800351EA] -> 0x0000
[8336] [M]: 0x00000000800351E8 (0x00000213) addi tp, zero, 0
x4 <- 0x0000000000000000
mem[X,0x00000000800351EC] -> 0x006F
mem[X,0x00000000800351EE] -> 0x0050
[8337] [M]: 0x00000000800351EC (0x0050006F) jal zero, 2052
mem[X,0x00000000800359F0] -> 0x00E3
mem[X,0x00000000800359F2] -> 0x80B5
[8338] [M]: 0x00000000800359F0 (0x80B500E3) beq a0, a1, 6144
mem[X,0x00000000800359F4] -> 0x0213
mem[X,0x00000000800359F6] -> 0x0022
[8339] [M]: 0x00000000800359F4 (0x00220213) addi tp, tp, 2
x4 <- 0x0000000000000002
mem[X,0x00000000800359F8] -> 0x006F
mem[X,0x00000000800359FA] -> 0x00C0
[8340] [M]: 0x00000000800359F8 (0x00C0006F) jal zero, 12
mem[X,0x0000000080035A04] -> 0x3023
mem[X,0x0000000080035A06] -> 0x7A41
[8341] [M]: 0x0000000080035A04 (0x7A413023) sd tp, 1952(sp)
mem[0x000000008004A168] <- 0x0000000000000002
mem[X,0x0000000080035A08] -> 0x5537
mem[X,0x0000000080035A0A] -> 0x5555
[8342] [M]: 0x0000000080035A08 (0x55555537) lui a0, 349525
x10 <- 0x0000000055555000
mem[X,0x0000000080035A0C] -> 0x0513
mem[X,0x0000000080035A0E] -> 0x5555
[8343] [M]: 0x0000000080035A0C (0x55550513) addi a0, a0, 1365
x10 <- 0x0000000055555555
mem[X,0x0000000080035A10] -> 0x1513
mem[X,0x0000000080035A12] -> 0x00B5
[8344] [M]: 0x0000000080035A10 (0x00B51513) slli a0, a0, 11
x10 <- 0x000002AAAAAAA800
mem[X,0x0000000080035A14] -> 0x0513
mem[X,0x0000000080035A16] -> 0x2AA5
[8345] [M]: 0x0000000080035A14 (0x2AA50513) addi a0, a0, 682
x10 <- 0x000002AAAAAAAAAA
mem[X,0x0000000080035A18] -> 0x1513
mem[X,0x0000000080035A1A] -> 0x00B5
[8346] [M]: 0x0000000080035A18 (0x00B51513) slli a0, a0, 11
x10 <- 0x0015555555555000
mem[X,0x0000000080035A1C] -> 0x0513
mem[X,0x0000000080035A1E] -> 0x5555
[8347] [M]: 0x0000000080035A1C (0x55550513) addi a0, a0, 1365
x10 <- 0x0015555555555555
mem[X,0x0000000080035A20] -> 0x1513
mem[X,0x0000000080035A22] -> 0x00A5
[8348] [M]: 0x0000000080035A20 (0x00A51513) slli a0, a0, 10
x10 <- 0x5555555555555400
mem[X,0x0000000080035A24] -> 0x0513
mem[X,0x0000000080035A26] -> 0x1565
[8349] [M]: 0x0000000080035A24 (0x15650513) addi a0, a0, 342
x10 <- 0x5555555555555556
mem[X,0x0000000080035A28] -> 0x05B7
mem[X,0x0000000080035A2A] -> 0x0000
[8350] [M]: 0x0000000080035A28 (0x000005B7) lui a1, 0
x11 <- 0x0000000000000000
mem[X,0x0000000080035A2C] -> 0x8593
mem[X,0x0000000080035A2E] -> 0x0005
[8351] [M]: 0x0000000080035A2C (0x00058593) addi a1, a1, 0
x11 <- 0x0000000000000000
mem[X,0x0000000080035A30] -> 0x9593
mem[X,0x0000000080035A32] -> 0x00B5
[8352] [M]: 0x0000000080035A30 (0x00B59593) slli a1, a1, 11
x11 <- 0x0000000000000000
mem[X,0x0000000080035A34] -> 0x8593
mem[X,0x0000000080035A36] -> 0x5A85
[8353] [M]: 0x0000000080035A34 (0x5A858593) addi a1, a1, 1448
x11 <- 0x00000000000005A8
mem[X,0x0000000080035A38] -> 0x9593
mem[X,0x0000000080035A3A] -> 0x00B5
[8354] [M]: 0x0000000080035A38 (0x00B59593) slli a1, a1, 11
x11 <- 0x00000000002D4000
mem[X,0x0000000080035A3C] -> 0x8593
mem[X,0x0000000080035A3E] -> 0x13C5
[8355] [M]: 0x0000000080035A3C (0x13C58593) addi a1, a1, 316
x11 <- 0x00000000002D413C
mem[X,0x0000000080035A40] -> 0x9593
mem[X,0x0000000080035A42] -> 0x00A5
[8356] [M]: 0x0000000080035A40 (0x00A59593) slli a1, a1, 10
x11 <- 0x00000000B504F000
mem[X,0x0000000080035A44] -> 0x8593
mem[X,0x0000000080035A46] -> 0x3325
[8357] [M]: 0x0000000080035A44 (0x33258593) addi a1, a1, 818
x11 <- 0x00000000B504F332
mem[X,0x0000000080035A48] -> 0x0213
mem[X,0x0000000080035A4A] -> 0x0000
[8358] [M]: 0x0000000080035A48 (0x00000213) addi tp, zero, 0
x4 <- 0x0000000000000000
mem[X,0x0000000080035A4C] -> 0x006F
mem[X,0x0000000080035A4E] -> 0x0140
[8359] [M]: 0x0000000080035A4C (0x0140006F) jal zero, 20
mem[X,0x0000000080035A60] -> 0x08E3
mem[X,0x0000000080035A62] -> 0xFEB5
[8360] [M]: 0x0000000080035A60 (0xFEB508E3) beq a0, a1, 8176
mem[X,0x0000000080035A64] -> 0x0213
mem[X,0x0000000080035A66] -> 0x0022
[8361] [M]: 0x0000000080035A64 (0x00220213) addi tp, tp, 2
x4 <- 0x0000000000000002
mem[X,0x0000000080035A68] -> 0x006F
mem[X,0x0000000080035A6A] -> 0x00C0
[8362] [M]: 0x0000000080035A68 (0x00C0006F) jal zero, 12
mem[X,0x0000000080035A74] -> 0x3423
mem[X,0x0000000080035A76] -> 0x7A41
[8363] [M]: 0x0000000080035A74 (0x7A413423) sd tp, 1960(sp)
mem[0x000000008004A170] <- 0x0000000000000002
mem[X,0x0000000080035A78] -> 0x5537
mem[X,0x0000000080035A7A] -> 0x5555
[8364] [M]: 0x0000000080035A78 (0x55555537) lui a0, 349525
x10 <- 0x0000000055555000
mem[X,0x0000000080035A7C] -> 0x0513
mem[X,0x0000000080035A7E] -> 0x5555
[8365] [M]: 0x0000000080035A7C (0x55550513) addi a0, a0, 1365
x10 <- 0x0000000055555555
mem[X,0x0000000080035A80] -> 0x1513
mem[X,0x0000000080035A82] -> 0x00B5
[8366] [M]: 0x0000000080035A80 (0x00B51513) slli a0, a0, 11
x10 <- 0x000002AAAAAAA800
mem[X,0x0000000080035A84] -> 0x0513
mem[X,0x0000000080035A86] -> 0x2AA5
[8367] [M]: 0x0000000080035A84 (0x2AA50513) addi a0, a0, 682
x10 <- 0x000002AAAAAAAAAA
mem[X,0x0000000080035A88] -> 0x1513
mem[X,0x0000000080035A8A] -> 0x00B5
[8368] [M]: 0x0000000080035A88 (0x00B51513) slli a0, a0, 11
x10 <- 0x0015555555555000
mem[X,0x0000000080035A8C] -> 0x0513
mem[X,0x0000000080035A8E] -> 0x5555
[8369] [M]: 0x0000000080035A8C (0x55550513) addi a0, a0, 1365
x10 <- 0x0015555555555555
mem[X,0x0000000080035A90] -> 0x1513
mem[X,0x0000000080035A92] -> 0x00A5
[8370] [M]: 0x0000000080035A90 (0x00A51513) slli a0, a0, 10
x10 <- 0x5555555555555400
mem[X,0x0000000080035A94] -> 0x0513
mem[X,0x0000000080035A96] -> 0x1565
[8371] [M]: 0x0000000080035A94 (0x15650513) addi a0, a0, 342
x10 <- 0x5555555555555556
mem[X,0x0000000080035A98] -> 0x55B7
mem[X,0x0000000080035A9A] -> 0x5555
[8372] [M]: 0x0000000080035A98 (0x555555B7) lui a1, 349525
x11 <- 0x0000000055555000
mem[X,0x0000000080035A9C] -> 0x8593
mem[X,0x0000000080035A9E] -> 0x5555
[8373] [M]: 0x0000000080035A9C (0x55558593) addi a1, a1, 1365
x11 <- 0x0000000055555555
mem[X,0x0000000080035AA0] -> 0x9593
mem[X,0x0000000080035AA2] -> 0x00B5
[8374] [M]: 0x0000000080035AA0 (0x00B59593) slli a1, a1, 11
x11 <- 0x000002AAAAAAA800
mem[X,0x0000000080035AA4] -> 0x8593
mem[X,0x0000000080035AA6] -> 0x2AA5
[8375] [M]: 0x0000000080035AA4 (0x2AA58593) addi a1, a1, 682
x11 <- 0x000002AAAAAAAAAA
mem[X,0x0000000080035AA8] -> 0x9593
mem[X,0x0000000080035AAA] -> 0x00B5
[8376] [M]: 0x0000000080035AA8 (0x00B59593) slli a1, a1, 11
x11 <- 0x0015555555555000
mem[X,0x0000000080035AAC] -> 0x8593
mem[X,0x0000000080035AAE] -> 0x5555
[8377] [M]: 0x0000000080035AAC (0x55558593) addi a1, a1, 1365
x11 <- 0x0015555555555555
mem[X,0x0000000080035AB0] -> 0x9593
mem[X,0x0000000080035AB2] -> 0x00A5
[8378] [M]: 0x0000000080035AB0 (0x00A59593) slli a1, a1, 10
x11 <- 0x5555555555555400
mem[X,0x0000000080035AB4] -> 0x8593
mem[X,0x0000000080035AB6] -> 0x1565
[8379] [M]: 0x0000000080035AB4 (0x15658593) addi a1, a1, 342
x11 <- 0x5555555555555556
mem[X,0x0000000080035AB8] -> 0x0213
mem[X,0x0000000080035ABA] -> 0x0000
[8380] [M]: 0x0000000080035AB8 (0x00000213) addi tp, zero, 0
x4 <- 0x0000000000000000
mem[X,0x0000000080035ABC] -> 0x006F
mem[X,0x0000000080035ABE] -> 0x00C0
[8381] [M]: 0x0000000080035ABC (0x00C0006F) jal zero, 12
mem[X,0x0000000080035AC8] -> 0x0063
mem[X,0x0000000080035ACA] -> 0x02B5
[8382] [M]: 0x0000000080035AC8 (0x02B50063) beq a0, a1, 32
mem[X,0x0000000080035AE8] -> 0x0213
mem[X,0x0000000080035AEA] -> 0x0032
[8383] [M]: 0x0000000080035AE8 (0x00320213) addi tp, tp, 3
x4 <- 0x0000000000000003
mem[X,0x0000000080035AEC] -> 0x006F
mem[X,0x0000000080035AEE] -> 0x0040
[8384] [M]: 0x0000000080035AEC (0x0040006F) jal zero, 4
mem[X,0x0000000080035AF0] -> 0x3823
mem[X,0x0000000080035AF2] -> 0x7A41
[8385] [M]: 0x0000000080035AF0 (0x7A413823) sd tp, 1968(sp)
mem[0x000000008004A178] <- 0x0000000000000003
mem[X,0x0000000080035AF4] -> 0x5537
mem[X,0x0000000080035AF6] -> 0x5555
[8386] [M]: 0x0000000080035AF4 (0x55555537) lui a0, 349525
x10 <- 0x0000000055555000
mem[X,0x0000000080035AF8] -> 0x0513
mem[X,0x0000000080035AFA] -> 0x5555
[8387] [M]: 0x0000000080035AF8 (0x55550513) addi a0, a0, 1365
x10 <- 0x0000000055555555
mem[X,0x0000000080035AFC] -> 0x1513
mem[X,0x0000000080035AFE] -> 0x00B5
[8388] [M]: 0x0000000080035AFC (0x00B51513) slli a0, a0, 11
x10 <- 0x000002AAAAAAA800
mem[X,0x0000000080035B00] -> 0x0513
mem[X,0x0000000080035B02] -> 0x2AA5
[8389] [M]: 0x0000000080035B00 (0x2AA50513) addi a0, a0, 682
x10 <- 0x000002AAAAAAAAAA
mem[X,0x0000000080035B04] -> 0x1513
mem[X,0x0000000080035B06] -> 0x00B5
[8390] [M]: 0x0000000080035B04 (0x00B51513) slli a0, a0, 11
x10 <- 0x0015555555555000
mem[X,0x0000000080035B08] -> 0x0513
mem[X,0x0000000080035B0A] -> 0x5555
[8391] [M]: 0x0000000080035B08 (0x55550513) addi a0, a0, 1365
x10 <- 0x0015555555555555
mem[X,0x0000000080035B0C] -> 0x1513
mem[X,0x0000000080035B0E] -> 0x00A5
[8392] [M]: 0x0000000080035B0C (0x00A51513) slli a0, a0, 10
x10 <- 0x5555555555555400
mem[X,0x0000000080035B10] -> 0x0513
mem[X,0x0000000080035B12] -> 0x1565
[8393] [M]: 0x0000000080035B10 (0x15650513) addi a0, a0, 342
x10 <- 0x5555555555555556
mem[X,0x0000000080035B14] -> 0xB5B7
mem[X,0x0000000080035B16] -> 0xAAAA
[8394] [M]: 0x0000000080035B14 (0xAAAAB5B7) lui a1, 699051
x11 <- 0xFFFFFFFFAAAAB000
mem[X,0x0000000080035B18] -> 0x8593
mem[X,0x0000000080035B1A] -> 0xAAA5
[8395] [M]: 0x0000000080035B18 (0xAAA58593) addi a1, a1, 2730
x11 <- 0xFFFFFFFFAAAAAAAA
mem[X,0x0000000080035B1C] -> 0x9593
mem[X,0x0000000080035B1E] -> 0x00B5
[8396] [M]: 0x0000000080035B1C (0x00B59593) slli a1, a1, 11
x11 <- 0xFFFFFD5555555000
mem[X,0x0000000080035B20] -> 0x8593
mem[X,0x0000000080035B22] -> 0x5555
[8397] [M]: 0x0000000080035B20 (0x55558593) addi a1, a1, 1365
x11 <- 0xFFFFFD5555555555
mem[X,0x0000000080035B24] -> 0x9593
mem[X,0x0000000080035B26] -> 0x00B5
[8398] [M]: 0x0000000080035B24 (0x00B59593) slli a1, a1, 11
x11 <- 0xFFEAAAAAAAAAA800
mem[X,0x0000000080035B28] -> 0x8593
mem[X,0x0000000080035B2A] -> 0x2AA5
[8399] [M]: 0x0000000080035B28 (0x2AA58593) addi a1, a1, 682
x11 <- 0xFFEAAAAAAAAAAAAA
clint::tick mtime <- 0x0000000000000054
 clint timer pending at mtime 0x0000000000000054
htif::tick 0x0000000000000000
mem[X,0x0000000080035B2C] -> 0x9593
mem[X,0x0000000080035B2E] -> 0x00A5
[8400] [M]: 0x0000000080035B2C (0x00A59593) slli a1, a1, 10
x11 <- 0xAAAAAAAAAAAAA800
mem[X,0x0000000080035B30] -> 0x8593
mem[X,0x0000000080035B32] -> 0x2AB5
[8401] [M]: 0x0000000080035B30 (0x2AB58593) addi a1, a1, 683
x11 <- 0xAAAAAAAAAAAAAAAB
mem[X,0x0000000080035B34] -> 0x0213
mem[X,0x0000000080035B36] -> 0x0000
[8402] [M]: 0x0000000080035B34 (0x00000213) addi tp, zero, 0
x4 <- 0x0000000000000000
mem[X,0x0000000080035B38] -> 0x006F
mem[X,0x0000000080035B3A] -> 0x0050
[8403] [M]: 0x0000000080035B38 (0x0050006F) jal zero, 2052
mem[X,0x000000008003633C] -> 0x00E3
mem[X,0x000000008003633E] -> 0x80B5
[8404] [M]: 0x000000008003633C (0x80B500E3) beq a0, a1, 6144
mem[X,0x0000000080036340] -> 0x0213
mem[X,0x0000000080036342] -> 0x0022
[8405] [M]: 0x0000000080036340 (0x00220213) addi tp, tp, 2
x4 <- 0x0000000000000002
mem[X,0x0000000080036344] -> 0x006F
mem[X,0x0000000080036346] -> 0x00C0
[8406] [M]: 0x0000000080036344 (0x00C0006F) jal zero, 12
mem[X,0x0000000080036350] -> 0x3C23
mem[X,0x0000000080036352] -> 0x7A41
[8407] [M]: 0x0000000080036350 (0x7A413C23) sd tp, 1976(sp)
mem[0x000000008004A180] <- 0x0000000000000002
mem[X,0x0000000080036354] -> 0x5537
mem[X,0x0000000080036356] -> 0x5555
[8408] [M]: 0x0000000080036354 (0x55555537) lui a0, 349525
x10 <- 0x0000000055555000
mem[X,0x0000000080036358] -> 0x0513
mem[X,0x000000008003635A] -> 0x5555
[8409] [M]: 0x0000000080036358 (0x55550513) addi a0, a0, 1365
x10 <- 0x0000000055555555
mem[X,0x000000008003635C] -> 0x1513
mem[X,0x000000008003635E] -> 0x00B5
[8410] [M]: 0x000000008003635C (0x00B51513) slli a0, a0, 11
x10 <- 0x000002AAAAAAA800
mem[X,0x0000000080036360] -> 0x0513
mem[X,0x0000000080036362] -> 0x2AA5
[8411] [M]: 0x0000000080036360 (0x2AA50513) addi a0, a0, 682
x10 <- 0x000002AAAAAAAAAA
mem[X,0x0000000080036364] -> 0x1513
mem[X,0x0000000080036366] -> 0x00B5
[8412] [M]: 0x0000000080036364 (0x00B51513) slli a0, a0, 11
x10 <- 0x0015555555555000
mem[X,0x0000000080036368] -> 0x0513
mem[X,0x000000008003636A] -> 0x5555
[8413] [M]: 0x0000000080036368 (0x55550513) addi a0, a0, 1365
x10 <- 0x0015555555555555
mem[X,0x000000008003636C] -> 0x1513
mem[X,0x000000008003636E] -> 0x00A5
[8414] [M]: 0x000000008003636C (0x00A51513) slli a0, a0, 10
x10 <- 0x5555555555555400
mem[X,0x0000000080036370] -> 0x0513
mem[X,0x0000000080036372] -> 0x1565
[8415] [M]: 0x0000000080036370 (0x15650513) addi a0, a0, 342
x10 <- 0x5555555555555556
mem[X,0x0000000080036374] -> 0x0593
mem[X,0x0000000080036376] -> 0x0060
[8416] [M]: 0x0000000080036374 (0x00600593) addi a1, zero, 6
x11 <- 0x0000000000000006
mem[X,0x0000000080036378] -> 0x0213
mem[X,0x000000008003637A] -> 0x0000
[8417] [M]: 0x0000000080036378 (0x00000213) addi tp, zero, 0
x4 <- 0x0000000000000000
mem[X,0x000000008003637C] -> 0x006F
mem[X,0x000000008003637E] -> 0x00C0
[8418] [M]: 0x000000008003637C (0x00C0006F) jal zero, 12
mem[X,0x0000000080036388] -> 0x0063
mem[X,0x000000008003638A] -> 0x04B5
[8419] [M]: 0x0000000080036388 (0x04B50063) beq a0, a1, 64
mem[X,0x000000008003638C] -> 0x0213
mem[X,0x000000008003638E] -> 0x0022
[8420] [M]: 0x000000008003638C (0x00220213) addi tp, tp, 2
x4 <- 0x0000000000000002
mem[X,0x0000000080036390] -> 0x006F
mem[X,0x0000000080036392] -> 0x0400
[8421] [M]: 0x0000000080036390 (0x0400006F) jal zero, 64
mem[X,0x00000000800363D0] -> 0x3023
mem[X,0x00000000800363D2] -> 0x7C41
[8422] [M]: 0x00000000800363D0 (0x7C413023) sd tp, 1984(sp)
mem[0x000000008004A188] <- 0x0000000000000002
mem[X,0x00000000800363D4] -> 0x5537
mem[X,0x00000000800363D6] -> 0x5555
[8423] [M]: 0x00000000800363D4 (0x55555537) lui a0, 349525
x10 <- 0x0000000055555000
mem[X,0x00000000800363D8] -> 0x0513
mem[X,0x00000000800363DA] -> 0x5555
[8424] [M]: 0x00000000800363D8 (0x55550513) addi a0, a0, 1365
x10 <- 0x0000000055555555
mem[X,0x00000000800363DC] -> 0x1513
mem[X,0x00000000800363DE] -> 0x00B5
[8425] [M]: 0x00000000800363DC (0x00B51513) slli a0, a0, 11
x10 <- 0x000002AAAAAAA800
mem[X,0x00000000800363E0] -> 0x0513
mem[X,0x00000000800363E2] -> 0x2AA5
[8426] [M]: 0x00000000800363E0 (0x2AA50513) addi a0, a0, 682
x10 <- 0x000002AAAAAAAAAA
mem[X,0x00000000800363E4] -> 0x1513
mem[X,0x00000000800363E6] -> 0x00B5
[8427] [M]: 0x00000000800363E4 (0x00B51513) slli a0, a0, 11
x10 <- 0x0015555555555000
mem[X,0x00000000800363E8] -> 0x0513
mem[X,0x00000000800363EA] -> 0x5555
[8428] [M]: 0x00000000800363E8 (0x55550513) addi a0, a0, 1365
x10 <- 0x0015555555555555
mem[X,0x00000000800363EC] -> 0x1513
mem[X,0x00000000800363EE] -> 0x00A5
[8429] [M]: 0x00000000800363EC (0x00A51513) slli a0, a0, 10
x10 <- 0x5555555555555400
mem[X,0x00000000800363F0] -> 0x0513
mem[X,0x00000000800363F2] -> 0x1565
[8430] [M]: 0x00000000800363F0 (0x15650513) addi a0, a0, 342
x10 <- 0x5555555555555556
mem[X,0x00000000800363F4] -> 0x35B7
mem[X,0x00000000800363F6] -> 0x3333
[8431] [M]: 0x00000000800363F4 (0x333335B7) lui a1, 209715
x11 <- 0x0000000033333000
mem[X,0x00000000800363F8] -> 0x8593
mem[X,0x00000000800363FA] -> 0x3335
[8432] [M]: 0x00000000800363F8 (0x33358593) addi a1, a1, 819
x11 <- 0x0000000033333333
mem[X,0x00000000800363FC] -> 0x9593
mem[X,0x00000000800363FE] -> 0x00B5
[8433] [M]: 0x00000000800363FC (0x00B59593) slli a1, a1, 11
x11 <- 0x0000019999999800
mem[X,0x0000000080036400] -> 0x8593
mem[X,0x0000000080036402] -> 0x1995
[8434] [M]: 0x0000000080036400 (0x19958593) addi a1, a1, 409
x11 <- 0x0000019999999999
mem[X,0x0000000080036404] -> 0x9593
mem[X,0x0000000080036406] -> 0x00B5
[8435] [M]: 0x0000000080036404 (0x00B59593) slli a1, a1, 11
x11 <- 0x000CCCCCCCCCC800
mem[X,0x0000000080036408] -> 0x8593
mem[X,0x000000008003640A] -> 0x4CC5
[8436] [M]: 0x0000000080036408 (0x4CC58593) addi a1, a1, 1228
x11 <- 0x000CCCCCCCCCCCCC
mem[X,0x000000008003640C] -> 0x9593
mem[X,0x000000008003640E] -> 0x00A5
[8437] [M]: 0x000000008003640C (0x00A59593) slli a1, a1, 10
x11 <- 0x3333333333333000
mem[X,0x0000000080036410] -> 0x8593
mem[X,0x0000000080036412] -> 0x3345
[8438] [M]: 0x0000000080036410 (0x33458593) addi a1, a1, 820
x11 <- 0x3333333333333334
mem[X,0x0000000080036414] -> 0x0213
mem[X,0x0000000080036416] -> 0x0000
[8439] [M]: 0x0000000080036414 (0x00000213) addi tp, zero, 0
x4 <- 0x0000000000000000
mem[X,0x0000000080036418] -> 0x006F
mem[X,0x000000008003641A] -> 0x00C0
[8440] [M]: 0x0000000080036418 (0x00C0006F) jal zero, 12
mem[X,0x0000000080036424] -> 0x0663
mem[X,0x0000000080036426] -> 0x00B5
[8441] [M]: 0x0000000080036424 (0x00B50663) beq a0, a1, 12
mem[X,0x0000000080036428] -> 0x0213
mem[X,0x000000008003642A] -> 0x0022
[8442] [M]: 0x0000000080036428 (0x00220213) addi tp, tp, 2
x4 <- 0x0000000000000002
mem[X,0x000000008003642C] -> 0x006F
mem[X,0x000000008003642E] -> 0x00C0
[8443] [M]: 0x000000008003642C (0x00C0006F) jal zero, 12
mem[X,0x0000000080036438] -> 0x3423
mem[X,0x000000008003643A] -> 0x7C41
[8444] [M]: 0x0000000080036438 (0x7C413423) sd tp, 1992(sp)
mem[0x000000008004A190] <- 0x0000000000000002
mem[X,0x000000008003643C] -> 0x5537
mem[X,0x000000008003643E] -> 0x5555
[8445] [M]: 0x000000008003643C (0x55555537) lui a0, 349525
x10 <- 0x0000000055555000
mem[X,0x0000000080036440] -> 0x0513
mem[X,0x0000000080036442] -> 0x5555
[8446] [M]: 0x0000000080036440 (0x55550513) addi a0, a0, 1365
x10 <- 0x0000000055555555
mem[X,0x0000000080036444] -> 0x1513
mem[X,0x0000000080036446] -> 0x00B5
[8447] [M]: 0x0000000080036444 (0x00B51513) slli a0, a0, 11
x10 <- 0x000002AAAAAAA800
mem[X,0x0000000080036448] -> 0x0513
mem[X,0x000000008003644A] -> 0x2AA5
[8448] [M]: 0x0000000080036448 (0x2AA50513) addi a0, a0, 682
x10 <- 0x000002AAAAAAAAAA
mem[X,0x000000008003644C] -> 0x1513
mem[X,0x000000008003644E] -> 0x00B5
[8449] [M]: 0x000000008003644C (0x00B51513) slli a0, a0, 11
x10 <- 0x0015555555555000
mem[X,0x0000000080036450] -> 0x0513
mem[X,0x0000000080036452] -> 0x5555
[8450] [M]: 0x0000000080036450 (0x55550513) addi a0, a0, 1365
x10 <- 0x0015555555555555
mem[X,0x0000000080036454] -> 0x1513
mem[X,0x0000000080036456] -> 0x00A5
[8451] [M]: 0x0000000080036454 (0x00A51513) slli a0, a0, 10
x10 <- 0x5555555555555400
mem[X,0x0000000080036458] -> 0x0513
mem[X,0x000000008003645A] -> 0x1565
[8452] [M]: 0x0000000080036458 (0x15650513) addi a0, a0, 342
x10 <- 0x5555555555555556
mem[X,0x000000008003645C] -> 0x65B7
mem[X,0x000000008003645E] -> 0x6666
[8453] [M]: 0x000000008003645C (0x666665B7) lui a1, 419430
x11 <- 0x0000000066666000
mem[X,0x0000000080036460] -> 0x8593
mem[X,0x0000000080036462] -> 0x6665
[8454] [M]: 0x0000000080036460 (0x66658593) addi a1, a1, 1638
x11 <- 0x0000000066666666
mem[X,0x0000000080036464] -> 0x9593
mem[X,0x0000000080036466] -> 0x00B5
[8455] [M]: 0x0000000080036464 (0x00B59593) slli a1, a1, 11
x11 <- 0x0000033333333000
mem[X,0x0000000080036468] -> 0x8593
mem[X,0x000000008003646A] -> 0x3335
[8456] [M]: 0x0000000080036468 (0x33358593) addi a1, a1, 819
x11 <- 0x0000033333333333
mem[X,0x000000008003646C] -> 0x9593
mem[X,0x000000008003646E] -> 0x00B5
[8457] [M]: 0x000000008003646C (0x00B59593) slli a1, a1, 11
x11 <- 0x0019999999999800
mem[X,0x0000000080036470] -> 0x8593
mem[X,0x0000000080036472] -> 0x1995
[8458] [M]: 0x0000000080036470 (0x19958593) addi a1, a1, 409
x11 <- 0x0019999999999999
mem[X,0x0000000080036474] -> 0x9593
mem[X,0x0000000080036476] -> 0x00A5
[8459] [M]: 0x0000000080036474 (0x00A59593) slli a1, a1, 10
x11 <- 0x6666666666666400
mem[X,0x0000000080036478] -> 0x8593
mem[X,0x000000008003647A] -> 0x2675
[8460] [M]: 0x0000000080036478 (0x26758593) addi a1, a1, 615
x11 <- 0x6666666666666667
mem[X,0x000000008003647C] -> 0x0213
mem[X,0x000000008003647E] -> 0x0000
[8461] [M]: 0x000000008003647C (0x00000213) addi tp, zero, 0
x4 <- 0x0000000000000000
mem[X,0x0000000080036480] -> 0x006F
mem[X,0x0000000080036482] -> 0x00C0
[8462] [M]: 0x0000000080036480 (0x00C0006F) jal zero, 12
mem[X,0x000000008003648C] -> 0x0CE3
mem[X,0x000000008003648E] -> 0xFEB5
[8463] [M]: 0x000000008003648C (0xFEB50CE3) beq a0, a1, 8184
mem[X,0x0000000080036490] -> 0x0213
mem[X,0x0000000080036492] -> 0x0022
[8464] [M]: 0x0000000080036490 (0x00220213) addi tp, tp, 2
x4 <- 0x0000000000000002
mem[X,0x0000000080036494] -> 0x006F
mem[X,0x0000000080036496] -> 0x00C0
[8465] [M]: 0x0000000080036494 (0x00C0006F) jal zero, 12
mem[X,0x00000000800364A0] -> 0x3823
mem[X,0x00000000800364A2] -> 0x7C41
[8466] [M]: 0x00000000800364A0 (0x7C413823) sd tp, 2000(sp)
mem[0x000000008004A198] <- 0x0000000000000002
mem[X,0x00000000800364A4] -> 0x5537
mem[X,0x00000000800364A6] -> 0x5555
[8467] [M]: 0x00000000800364A4 (0x55555537) lui a0, 349525
x10 <- 0x0000000055555000
mem[X,0x00000000800364A8] -> 0x0513
mem[X,0x00000000800364AA] -> 0x5555
[8468] [M]: 0x00000000800364A8 (0x55550513) addi a0, a0, 1365
x10 <- 0x0000000055555555
mem[X,0x00000000800364AC] -> 0x1513
mem[X,0x00000000800364AE] -> 0x00B5
[8469] [M]: 0x00000000800364AC (0x00B51513) slli a0, a0, 11
x10 <- 0x000002AAAAAAA800
mem[X,0x00000000800364B0] -> 0x0513
mem[X,0x00000000800364B2] -> 0x2AA5
[8470] [M]: 0x00000000800364B0 (0x2AA50513) addi a0, a0, 682
x10 <- 0x000002AAAAAAAAAA
mem[X,0x00000000800364B4] -> 0x1513
mem[X,0x00000000800364B6] -> 0x00B5
[8471] [M]: 0x00000000800364B4 (0x00B51513) slli a0, a0, 11
x10 <- 0x0015555555555000
mem[X,0x00000000800364B8] -> 0x0513
mem[X,0x00000000800364BA] -> 0x5555
[8472] [M]: 0x00000000800364B8 (0x55550513) addi a0, a0, 1365
x10 <- 0x0015555555555555
mem[X,0x00000000800364BC] -> 0x1513
mem[X,0x00000000800364BE] -> 0x00A5
[8473] [M]: 0x00000000800364BC (0x00A51513) slli a0, a0, 10
x10 <- 0x5555555555555400
mem[X,0x00000000800364C0] -> 0x0513
mem[X,0x00000000800364C2] -> 0x1565
[8474] [M]: 0x00000000800364C0 (0x15650513) addi a0, a0, 342
x10 <- 0x5555555555555556
mem[X,0x00000000800364C4] -> 0x05B7
mem[X,0x00000000800364C6] -> 0x0000
[8475] [M]: 0x00000000800364C4 (0x000005B7) lui a1, 0
x11 <- 0x0000000000000000
mem[X,0x00000000800364C8] -> 0x8593
mem[X,0x00000000800364CA] -> 0xFFF5
[8476] [M]: 0x00000000800364C8 (0xFFF58593) addi a1, a1, 4095
x11 <- 0xFFFFFFFFFFFFFFFF
mem[X,0x00000000800364CC] -> 0x9593
mem[X,0x00000000800364CE] -> 0x00B5
[8477] [M]: 0x00000000800364CC (0x00B59593) slli a1, a1, 11
x11 <- 0xFFFFFFFFFFFFF800
mem[X,0x00000000800364D0] -> 0x8593
mem[X,0x00000000800364D2] -> 0x2575
[8478] [M]: 0x00000000800364D0 (0x25758593) addi a1, a1, 599
x11 <- 0xFFFFFFFFFFFFFA57
mem[X,0x00000000800364D4] -> 0x9593
mem[X,0x00000000800364D6] -> 0x00B5
[8479] [M]: 0x00000000800364D4 (0x00B59593) slli a1, a1, 11
x11 <- 0xFFFFFFFFFFD2B800
mem[X,0x00000000800364D8] -> 0x8593
mem[X,0x00000000800364DA] -> 0x6C35
[8480] [M]: 0x00000000800364D8 (0x6C358593) addi a1, a1, 1731
x11 <- 0xFFFFFFFFFFD2BEC3
mem[X,0x00000000800364DC] -> 0x9593
mem[X,0x00000000800364DE] -> 0x00A5
[8481] [M]: 0x00000000800364DC (0x00A59593) slli a1, a1, 10
x11 <- 0xFFFFFFFF4AFB0C00
mem[X,0x00000000800364E0] -> 0x8593
mem[X,0x00000000800364E2] -> 0x0CE5
[8482] [M]: 0x00000000800364E0 (0x0CE58593) addi a1, a1, 206
x11 <- 0xFFFFFFFF4AFB0CCE
mem[X,0x00000000800364E4] -> 0x0213
mem[X,0x00000000800364E6] -> 0x0000
[8483] [M]: 0x00000000800364E4 (0x00000213) addi tp, zero, 0
x4 <- 0x0000000000000000
mem[X,0x00000000800364E8] -> 0x006F
mem[X,0x00000000800364EA] -> 0x0100
[8484] [M]: 0x00000000800364E8 (0x0100006F) jal zero, 16
mem[X,0x00000000800364F8] -> 0x0AE3
mem[X,0x00000000800364FA] -> 0xFEB5
[8485] [M]: 0x00000000800364F8 (0xFEB50AE3) beq a0, a1, 8180
mem[X,0x00000000800364FC] -> 0x0213
mem[X,0x00000000800364FE] -> 0x0022
[8486] [M]: 0x00000000800364FC (0x00220213) addi tp, tp, 2
x4 <- 0x0000000000000002
mem[X,0x0000000080036500] -> 0x006F
mem[X,0x0000000080036502] -> 0x00C0
[8487] [M]: 0x0000000080036500 (0x00C0006F) jal zero, 12
mem[X,0x000000008003650C] -> 0x3C23
mem[X,0x000000008003650E] -> 0x7C41
[8488] [M]: 0x000000008003650C (0x7C413C23) sd tp, 2008(sp)
mem[0x000000008004A1A0] <- 0x0000000000000002
mem[X,0x0000000080036510] -> 0x5537
mem[X,0x0000000080036512] -> 0x5555
[8489] [M]: 0x0000000080036510 (0x55555537) lui a0, 349525
x10 <- 0x0000000055555000
mem[X,0x0000000080036514] -> 0x0513
mem[X,0x0000000080036516] -> 0x5555
[8490] [M]: 0x0000000080036514 (0x55550513) addi a0, a0, 1365
x10 <- 0x0000000055555555
mem[X,0x0000000080036518] -> 0x1513
mem[X,0x000000008003651A] -> 0x00B5
[8491] [M]: 0x0000000080036518 (0x00B51513) slli a0, a0, 11
x10 <- 0x000002AAAAAAA800
mem[X,0x000000008003651C] -> 0x0513
mem[X,0x000000008003651E] -> 0x2AA5
[8492] [M]: 0x000000008003651C (0x2AA50513) addi a0, a0, 682
x10 <- 0x000002AAAAAAAAAA
mem[X,0x0000000080036520] -> 0x1513
mem[X,0x0000000080036522] -> 0x00B5
[8493] [M]: 0x0000000080036520 (0x00B51513) slli a0, a0, 11
x10 <- 0x0015555555555000
mem[X,0x0000000080036524] -> 0x0513
mem[X,0x0000000080036526] -> 0x5555
[8494] [M]: 0x0000000080036524 (0x55550513) addi a0, a0, 1365
x10 <- 0x0015555555555555
mem[X,0x0000000080036528] -> 0x1513
mem[X,0x000000008003652A] -> 0x00A5
[8495] [M]: 0x0000000080036528 (0x00A51513) slli a0, a0, 10
x10 <- 0x5555555555555400
mem[X,0x000000008003652C] -> 0x0513
mem[X,0x000000008003652E] -> 0x1565
[8496] [M]: 0x000000008003652C (0x15650513) addi a0, a0, 342
x10 <- 0x5555555555555556
mem[X,0x0000000080036530] -> 0x05B7
mem[X,0x0000000080036532] -> 0x0000
[8497] [M]: 0x0000000080036530 (0x000005B7) lui a1, 0
x11 <- 0x0000000000000000
mem[X,0x0000000080036534] -> 0x8593
mem[X,0x0000000080036536] -> 0x0005
[8498] [M]: 0x0000000080036534 (0x00058593) addi a1, a1, 0
x11 <- 0x0000000000000000
mem[X,0x0000000080036538] -> 0x9593
mem[X,0x000000008003653A] -> 0x00B5
[8499] [M]: 0x0000000080036538 (0x00B59593) slli a1, a1, 11
x11 <- 0x0000000000000000
clint::tick mtime <- 0x0000000000000055
 clint timer pending at mtime 0x0000000000000055
htif::tick 0x0000000000000000
mem[X,0x000000008003653C] -> 0x8593
mem[X,0x000000008003653E] -> 0x5A85
[8500] [M]: 0x000000008003653C (0x5A858593) addi a1, a1, 1448
x11 <- 0x00000000000005A8
mem[X,0x0000000080036540] -> 0x9593
mem[X,0x0000000080036542] -> 0x00B5
[8501] [M]: 0x0000000080036540 (0x00B59593) slli a1, a1, 11
x11 <- 0x00000000002D4000
mem[X,0x0000000080036544] -> 0x8593
mem[X,0x0000000080036546] -> 0x13C5
[8502] [M]: 0x0000000080036544 (0x13C58593) addi a1, a1, 316
x11 <- 0x00000000002D413C
mem[X,0x0000000080036548] -> 0x9593
mem[X,0x000000008003654A] -> 0x00A5
[8503] [M]: 0x0000000080036548 (0x00A59593) slli a1, a1, 10
x11 <- 0x00000000B504F000
mem[X,0x000000008003654C] -> 0x8593
mem[X,0x000000008003654E] -> 0x3345
[8504] [M]: 0x000000008003654C (0x33458593) addi a1, a1, 820
x11 <- 0x00000000B504F334
mem[X,0x0000000080036550] -> 0x0213
mem[X,0x0000000080036552] -> 0x0000
[8505] [M]: 0x0000000080036550 (0x00000213) addi tp, zero, 0
x4 <- 0x0000000000000000
mem[X,0x0000000080036554] -> 0x006F
mem[X,0x0000000080036556] -> 0x0140
[8506] [M]: 0x0000000080036554 (0x0140006F) jal zero, 20
mem[X,0x0000000080036568] -> 0x08E3
mem[X,0x000000008003656A] -> 0xFEB5
[8507] [M]: 0x0000000080036568 (0xFEB508E3) beq a0, a1, 8176
mem[X,0x000000008003656C] -> 0x0213
mem[X,0x000000008003656E] -> 0x0022
[8508] [M]: 0x000000008003656C (0x00220213) addi tp, tp, 2
x4 <- 0x0000000000000002
mem[X,0x0000000080036570] -> 0x006F
mem[X,0x0000000080036572] -> 0x00C0
[8509] [M]: 0x0000000080036570 (0x00C0006F) jal zero, 12
mem[X,0x000000008003657C] -> 0x3023
mem[X,0x000000008003657E] -> 0x7E41
[8510] [M]: 0x000000008003657C (0x7E413023) sd tp, 2016(sp)
mem[0x000000008004A1A8] <- 0x0000000000000002
mem[X,0x0000000080036580] -> 0xB537
mem[X,0x0000000080036582] -> 0xAAAA
[8511] [M]: 0x0000000080036580 (0xAAAAB537) lui a0, 699051
x10 <- 0xFFFFFFFFAAAAB000
mem[X,0x0000000080036584] -> 0x0513
mem[X,0x0000000080036586] -> 0xAAA5
[8512] [M]: 0x0000000080036584 (0xAAA50513) addi a0, a0, 2730
x10 <- 0xFFFFFFFFAAAAAAAA
mem[X,0x0000000080036588] -> 0x1513
mem[X,0x000000008003658A] -> 0x00B5
[8513] [M]: 0x0000000080036588 (0x00B51513) slli a0, a0, 11
x10 <- 0xFFFFFD5555555000
mem[X,0x000000008003658C] -> 0x0513
mem[X,0x000000008003658E] -> 0x5555
[8514] [M]: 0x000000008003658C (0x55550513) addi a0, a0, 1365
x10 <- 0xFFFFFD5555555555
mem[X,0x0000000080036590] -> 0x1513
mem[X,0x0000000080036592] -> 0x00B5
[8515] [M]: 0x0000000080036590 (0x00B51513) slli a0, a0, 11
x10 <- 0xFFEAAAAAAAAAA800
mem[X,0x0000000080036594] -> 0x0513
mem[X,0x0000000080036596] -> 0x2AA5
[8516] [M]: 0x0000000080036594 (0x2AA50513) addi a0, a0, 682
x10 <- 0xFFEAAAAAAAAAAAAA
mem[X,0x0000000080036598] -> 0x1513
mem[X,0x000000008003659A] -> 0x00A5
[8517] [M]: 0x0000000080036598 (0x00A51513) slli a0, a0, 10
x10 <- 0xAAAAAAAAAAAAA800
mem[X,0x000000008003659C] -> 0x0513
mem[X,0x000000008003659E] -> 0x2AB5
[8518] [M]: 0x000000008003659C (0x2AB50513) addi a0, a0, 683
x10 <- 0xAAAAAAAAAAAAAAAB
mem[X,0x00000000800365A0] -> 0x0593
mem[X,0x00000000800365A2] -> 0x0030
[8519] [M]: 0x00000000800365A0 (0x00300593) addi a1, zero, 3
x11 <- 0x0000000000000003
mem[X,0x00000000800365A4] -> 0x0213
mem[X,0x00000000800365A6] -> 0x0000
[8520] [M]: 0x00000000800365A4 (0x00000213) addi tp, zero, 0
x4 <- 0x0000000000000000
mem[X,0x00000000800365A8] -> 0x006F
mem[X,0x00000000800365AA] -> 0x00C0
[8521] [M]: 0x00000000800365A8 (0x00C0006F) jal zero, 12
mem[X,0x00000000800365B4] -> 0x0063
mem[X,0x00000000800365B6] -> 0x02B5
[8522] [M]: 0x00000000800365B4 (0x02B50063) beq a0, a1, 32
mem[X,0x00000000800365B8] -> 0x0213
mem[X,0x00000000800365BA] -> 0x0022
[8523] [M]: 0x00000000800365B8 (0x00220213) addi tp, tp, 2
x4 <- 0x0000000000000002
mem[X,0x00000000800365BC] -> 0x006F
mem[X,0x00000000800365BE] -> 0x0200
[8524] [M]: 0x00000000800365BC (0x0200006F) jal zero, 32
mem[X,0x00000000800365DC] -> 0x3423
mem[X,0x00000000800365DE] -> 0x7E41
[8525] [M]: 0x00000000800365DC (0x7E413423) sd tp, 2024(sp)
mem[0x000000008004A1B0] <- 0x0000000000000002
mem[X,0x00000000800365E0] -> 0xB537
mem[X,0x00000000800365E2] -> 0xAAAA
[8526] [M]: 0x00000000800365E0 (0xAAAAB537) lui a0, 699051
x10 <- 0xFFFFFFFFAAAAB000
mem[X,0x00000000800365E4] -> 0x0513
mem[X,0x00000000800365E6] -> 0xAAA5
[8527] [M]: 0x00000000800365E4 (0xAAA50513) addi a0, a0, 2730
x10 <- 0xFFFFFFFFAAAAAAAA
mem[X,0x00000000800365E8] -> 0x1513
mem[X,0x00000000800365EA] -> 0x00B5
[8528] [M]: 0x00000000800365E8 (0x00B51513) slli a0, a0, 11
x10 <- 0xFFFFFD5555555000
mem[X,0x00000000800365EC] -> 0x0513
mem[X,0x00000000800365EE] -> 0x5555
[8529] [M]: 0x00000000800365EC (0x55550513) addi a0, a0, 1365
x10 <- 0xFFFFFD5555555555
mem[X,0x00000000800365F0] -> 0x1513
mem[X,0x00000000800365F2] -> 0x00B5
[8530] [M]: 0x00000000800365F0 (0x00B51513) slli a0, a0, 11
x10 <- 0xFFEAAAAAAAAAA800
mem[X,0x00000000800365F4] -> 0x0513
mem[X,0x00000000800365F6] -> 0x2AA5
[8531] [M]: 0x00000000800365F4 (0x2AA50513) addi a0, a0, 682
x10 <- 0xFFEAAAAAAAAAAAAA
mem[X,0x00000000800365F8] -> 0x1513
mem[X,0x00000000800365FA] -> 0x00A5
[8532] [M]: 0x00000000800365F8 (0x00A51513) slli a0, a0, 10
x10 <- 0xAAAAAAAAAAAAA800
mem[X,0x00000000800365FC] -> 0x0513
mem[X,0x00000000800365FE] -> 0x2AB5
[8533] [M]: 0x00000000800365FC (0x2AB50513) addi a0, a0, 683
x10 <- 0xAAAAAAAAAAAAAAAB
mem[X,0x0000000080036600] -> 0x55B7
mem[X,0x0000000080036602] -> 0x5555
[8534] [M]: 0x0000000080036600 (0x555555B7) lui a1, 349525
x11 <- 0x0000000055555000
mem[X,0x0000000080036604] -> 0x8593
mem[X,0x0000000080036606] -> 0x5555
[8535] [M]: 0x0000000080036604 (0x55558593) addi a1, a1, 1365
x11 <- 0x0000000055555555
mem[X,0x0000000080036608] -> 0x9593
mem[X,0x000000008003660A] -> 0x00B5
[8536] [M]: 0x0000000080036608 (0x00B59593) slli a1, a1, 11
x11 <- 0x000002AAAAAAA800
mem[X,0x000000008003660C] -> 0x8593
mem[X,0x000000008003660E] -> 0x2AA5
[8537] [M]: 0x000000008003660C (0x2AA58593) addi a1, a1, 682
x11 <- 0x000002AAAAAAAAAA
mem[X,0x0000000080036610] -> 0x9593
mem[X,0x0000000080036612] -> 0x00B5
[8538] [M]: 0x0000000080036610 (0x00B59593) slli a1, a1, 11
x11 <- 0x0015555555555000
mem[X,0x0000000080036614] -> 0x8593
mem[X,0x0000000080036616] -> 0x5555
[8539] [M]: 0x0000000080036614 (0x55558593) addi a1, a1, 1365
x11 <- 0x0015555555555555
mem[X,0x0000000080036618] -> 0x9593
mem[X,0x000000008003661A] -> 0x00A5
[8540] [M]: 0x0000000080036618 (0x00A59593) slli a1, a1, 10
x11 <- 0x5555555555555400
mem[X,0x000000008003661C] -> 0x8593
mem[X,0x000000008003661E] -> 0x1555
[8541] [M]: 0x000000008003661C (0x15558593) addi a1, a1, 341
x11 <- 0x5555555555555555
mem[X,0x0000000080036620] -> 0x0213
mem[X,0x0000000080036622] -> 0x0000
[8542] [M]: 0x0000000080036620 (0x00000213) addi tp, zero, 0
x4 <- 0x0000000000000000
mem[X,0x0000000080036624] -> 0x006F
mem[X,0x0000000080036626] -> 0x00C0
[8543] [M]: 0x0000000080036624 (0x00C0006F) jal zero, 12
mem[X,0x0000000080036630] -> 0x0663
mem[X,0x0000000080036632] -> 0x00B5
[8544] [M]: 0x0000000080036630 (0x00B50663) beq a0, a1, 12
mem[X,0x0000000080036634] -> 0x0213
mem[X,0x0000000080036636] -> 0x0022
[8545] [M]: 0x0000000080036634 (0x00220213) addi tp, tp, 2
x4 <- 0x0000000000000002
mem[X,0x0000000080036638] -> 0x006F
mem[X,0x000000008003663A] -> 0x00C0
[8546] [M]: 0x0000000080036638 (0x00C0006F) jal zero, 12
mem[X,0x0000000080036644] -> 0x3823
mem[X,0x0000000080036646] -> 0x7E41
[8547] [M]: 0x0000000080036644 (0x7E413823) sd tp, 2032(sp)
mem[0x000000008004A1B8] <- 0x0000000000000002
mem[X,0x0000000080036648] -> 0xB537
mem[X,0x000000008003664A] -> 0xAAAA
[8548] [M]: 0x0000000080036648 (0xAAAAB537) lui a0, 699051
x10 <- 0xFFFFFFFFAAAAB000
mem[X,0x000000008003664C] -> 0x0513
mem[X,0x000000008003664E] -> 0xAAA5
[8549] [M]: 0x000000008003664C (0xAAA50513) addi a0, a0, 2730
x10 <- 0xFFFFFFFFAAAAAAAA
mem[X,0x0000000080036650] -> 0x1513
mem[X,0x0000000080036652] -> 0x00B5
[8550] [M]: 0x0000000080036650 (0x00B51513) slli a0, a0, 11
x10 <- 0xFFFFFD5555555000
mem[X,0x0000000080036654] -> 0x0513
mem[X,0x0000000080036656] -> 0x5555
[8551] [M]: 0x0000000080036654 (0x55550513) addi a0, a0, 1365
x10 <- 0xFFFFFD5555555555
mem[X,0x0000000080036658] -> 0x1513
mem[X,0x000000008003665A] -> 0x00B5
[8552] [M]: 0x0000000080036658 (0x00B51513) slli a0, a0, 11
x10 <- 0xFFEAAAAAAAAAA800
mem[X,0x000000008003665C] -> 0x0513
mem[X,0x000000008003665E] -> 0x2AA5
[8553] [M]: 0x000000008003665C (0x2AA50513) addi a0, a0, 682
x10 <- 0xFFEAAAAAAAAAAAAA
mem[X,0x0000000080036660] -> 0x1513
mem[X,0x0000000080036662] -> 0x00A5
[8554] [M]: 0x0000000080036660 (0x00A51513) slli a0, a0, 10
x10 <- 0xAAAAAAAAAAAAA800
mem[X,0x0000000080036664] -> 0x0513
mem[X,0x0000000080036666] -> 0x2AB5
[8555] [M]: 0x0000000080036664 (0x2AB50513) addi a0, a0, 683
x10 <- 0xAAAAAAAAAAAAAAAB
mem[X,0x0000000080036668] -> 0xB5B7
mem[X,0x000000008003666A] -> 0xAAAA
[8556] [M]: 0x0000000080036668 (0xAAAAB5B7) lui a1, 699051
x11 <- 0xFFFFFFFFAAAAB000
mem[X,0x000000008003666C] -> 0x8593
mem[X,0x000000008003666E] -> 0xAAA5
[8557] [M]: 0x000000008003666C (0xAAA58593) addi a1, a1, 2730
x11 <- 0xFFFFFFFFAAAAAAAA
mem[X,0x0000000080036670] -> 0x9593
mem[X,0x0000000080036672] -> 0x00B5
[8558] [M]: 0x0000000080036670 (0x00B59593) slli a1, a1, 11
x11 <- 0xFFFFFD5555555000
mem[X,0x0000000080036674] -> 0x8593
mem[X,0x0000000080036676] -> 0x5555
[8559] [M]: 0x0000000080036674 (0x55558593) addi a1, a1, 1365
x11 <- 0xFFFFFD5555555555
mem[X,0x0000000080036678] -> 0x9593
mem[X,0x000000008003667A] -> 0x00B5
[8560] [M]: 0x0000000080036678 (0x00B59593) slli a1, a1, 11
x11 <- 0xFFEAAAAAAAAAA800
mem[X,0x000000008003667C] -> 0x8593
mem[X,0x000000008003667E] -> 0x2AA5
[8561] [M]: 0x000000008003667C (0x2AA58593) addi a1, a1, 682
x11 <- 0xFFEAAAAAAAAAAAAA
mem[X,0x0000000080036680] -> 0x9593
mem[X,0x0000000080036682] -> 0x00A5
[8562] [M]: 0x0000000080036680 (0x00A59593) slli a1, a1, 10
x11 <- 0xAAAAAAAAAAAAA800
mem[X,0x0000000080036684] -> 0x8593
mem[X,0x0000000080036686] -> 0x2AA5
[8563] [M]: 0x0000000080036684 (0x2AA58593) addi a1, a1, 682
x11 <- 0xAAAAAAAAAAAAAAAA
mem[X,0x0000000080036688] -> 0x0213
mem[X,0x000000008003668A] -> 0x0000
[8564] [M]: 0x0000000080036688 (0x00000213) addi tp, zero, 0
x4 <- 0x0000000000000000
mem[X,0x000000008003668C] -> 0x006F
mem[X,0x000000008003668E] -> 0x00C0
[8565] [M]: 0x000000008003668C (0x00C0006F) jal zero, 12
mem[X,0x0000000080036698] -> 0x0CE3
mem[X,0x000000008003669A] -> 0xFEB5
[8566] [M]: 0x0000000080036698 (0xFEB50CE3) beq a0, a1, 8184
mem[X,0x000000008003669C] -> 0x0213
mem[X,0x000000008003669E] -> 0x0022
[8567] [M]: 0x000000008003669C (0x00220213) addi tp, tp, 2
x4 <- 0x0000000000000002
mem[X,0x00000000800366A0] -> 0x006F
mem[X,0x00000000800366A2] -> 0x00C0
[8568] [M]: 0x00000000800366A0 (0x00C0006F) jal zero, 12
mem[X,0x00000000800366AC] -> 0x3C23
mem[X,0x00000000800366AE] -> 0x7E41
[8569] [M]: 0x00000000800366AC (0x7E413C23) sd tp, 2040(sp)
mem[0x000000008004A1C0] <- 0x0000000000000002
mem[X,0x00000000800366B0] -> 0x0013
mem[X,0x00000000800366B2] -> 0x0000
[8570] [M]: 0x00000000800366B0 (0x00000013) addi zero, zero, 0
mem[X,0x00000000800366B4] -> 0x0013
mem[X,0x00000000800366B6] -> 0x0000
[8571] [M]: 0x00000000800366B4 (0x00000013) addi zero, zero, 0
mem[X,0x00000000800366B8] -> 0x0013
mem[X,0x00000000800366BA] -> 0x0000
[8572] [M]: 0x00000000800366B8 (0x00000013) addi zero, zero, 0
mem[X,0x00000000800366BC] -> 0x0013
mem[X,0x00000000800366BE] -> 0x0000
[8573] [M]: 0x00000000800366BC (0x00000013) addi zero, zero, 0
mem[X,0x00000000800366C0] -> 0x4117
mem[X,0x00000000800366C2] -> 0x0001
[8574] [M]: 0x00000000800366C0 (0x00014117) auipc sp, 20
x2 <- 0x000000008004A6C0
mem[X,0x00000000800366C4] -> 0x0113
mem[X,0x00000000800366C6] -> 0xB081
[8575] [M]: 0x00000000800366C4 (0xB0810113) addi sp, sp, 2824
x2 <- 0x000000008004A1C8
mem[X,0x00000000800366C8] -> 0x0013
mem[X,0x00000000800366CA] -> 0x0000
[8576] [M]: 0x00000000800366C8 (0x00000013) addi zero, zero, 0
mem[X,0x00000000800366CC] -> 0x0013
mem[X,0x00000000800366CE] -> 0x0000
[8577] [M]: 0x00000000800366CC (0x00000013) addi zero, zero, 0
mem[X,0x00000000800366D0] -> 0x0013
mem[X,0x00000000800366D2] -> 0x0000
[8578] [M]: 0x00000000800366D0 (0x00000013) addi zero, zero, 0
mem[X,0x00000000800366D4] -> 0x0013
mem[X,0x00000000800366D6] -> 0x0000
[8579] [M]: 0x00000000800366D4 (0x00000013) addi zero, zero, 0
mem[X,0x00000000800366D8] -> 0x0013
mem[X,0x00000000800366DA] -> 0x0000
[8580] [M]: 0x00000000800366D8 (0x00000013) addi zero, zero, 0
mem[X,0x00000000800366DC] -> 0x0013
mem[X,0x00000000800366DE] -> 0x0000
[8581] [M]: 0x00000000800366DC (0x00000013) addi zero, zero, 0
mem[X,0x00000000800366E0] -> 0xB537
mem[X,0x00000000800366E2] -> 0xAAAA
[8582] [M]: 0x00000000800366E0 (0xAAAAB537) lui a0, 699051
x10 <- 0xFFFFFFFFAAAAB000
mem[X,0x00000000800366E4] -> 0x0513
mem[X,0x00000000800366E6] -> 0xAAA5
[8583] [M]: 0x00000000800366E4 (0xAAA50513) addi a0, a0, 2730
x10 <- 0xFFFFFFFFAAAAAAAA
mem[X,0x00000000800366E8] -> 0x1513
mem[X,0x00000000800366EA] -> 0x00B5
[8584] [M]: 0x00000000800366E8 (0x00B51513) slli a0, a0, 11
x10 <- 0xFFFFFD5555555000
mem[X,0x00000000800366EC] -> 0x0513
mem[X,0x00000000800366EE] -> 0x5555
[8585] [M]: 0x00000000800366EC (0x55550513) addi a0, a0, 1365
x10 <- 0xFFFFFD5555555555
mem[X,0x00000000800366F0] -> 0x1513
mem[X,0x00000000800366F2] -> 0x00B5
[8586] [M]: 0x00000000800366F0 (0x00B51513) slli a0, a0, 11
x10 <- 0xFFEAAAAAAAAAA800
mem[X,0x00000000800366F4] -> 0x0513
mem[X,0x00000000800366F6] -> 0x2AA5
[8587] [M]: 0x00000000800366F4 (0x2AA50513) addi a0, a0, 682
x10 <- 0xFFEAAAAAAAAAAAAA
mem[X,0x00000000800366F8] -> 0x1513
mem[X,0x00000000800366FA] -> 0x00A5
[8588] [M]: 0x00000000800366F8 (0x00A51513) slli a0, a0, 10
x10 <- 0xAAAAAAAAAAAAA800
mem[X,0x00000000800366FC] -> 0x0513
mem[X,0x00000000800366FE] -> 0x2AB5
[8589] [M]: 0x00000000800366FC (0x2AB50513) addi a0, a0, 683
x10 <- 0xAAAAAAAAAAAAAAAB
mem[X,0x0000000080036700] -> 0x0593
mem[X,0x0000000080036702] -> 0x0050
[8590] [M]: 0x0000000080036700 (0x00500593) addi a1, zero, 5
x11 <- 0x0000000000000005
mem[X,0x0000000080036704] -> 0x0213
mem[X,0x0000000080036706] -> 0x0000
[8591] [M]: 0x0000000080036704 (0x00000213) addi tp, zero, 0
x4 <- 0x0000000000000000
mem[X,0x0000000080036708] -> 0x006F
mem[X,0x000000008003670A] -> 0x00C0
[8592] [M]: 0x0000000080036708 (0x00C0006F) jal zero, 12
mem[X,0x0000000080036714] -> 0x0063
mem[X,0x0000000080036716] -> 0x20B5
[8593] [M]: 0x0000000080036714 (0x20B50063) beq a0, a1, 512
mem[X,0x0000000080036718] -> 0x0213
mem[X,0x000000008003671A] -> 0x0022
[8594] [M]: 0x0000000080036718 (0x00220213) addi tp, tp, 2
x4 <- 0x0000000000000002
mem[X,0x000000008003671C] -> 0x006F
mem[X,0x000000008003671E] -> 0x2000
[8595] [M]: 0x000000008003671C (0x2000006F) jal zero, 512
mem[X,0x000000008003691C] -> 0x3023
mem[X,0x000000008003691E] -> 0x0041
[8596] [M]: 0x000000008003691C (0x00413023) sd tp, 0(sp)
mem[0x000000008004A1C8] <- 0x0000000000000002
mem[X,0x0000000080036920] -> 0xB537
mem[X,0x0000000080036922] -> 0xAAAA
[8597] [M]: 0x0000000080036920 (0xAAAAB537) lui a0, 699051
x10 <- 0xFFFFFFFFAAAAB000
mem[X,0x0000000080036924] -> 0x0513
mem[X,0x0000000080036926] -> 0xAAA5
[8598] [M]: 0x0000000080036924 (0xAAA50513) addi a0, a0, 2730
x10 <- 0xFFFFFFFFAAAAAAAA
mem[X,0x0000000080036928] -> 0x1513
mem[X,0x000000008003692A] -> 0x00B5
[8599] [M]: 0x0000000080036928 (0x00B51513) slli a0, a0, 11
x10 <- 0xFFFFFD5555555000
clint::tick mtime <- 0x0000000000000056
 clint timer pending at mtime 0x0000000000000056
htif::tick 0x0000000000000000
mem[X,0x000000008003692C] -> 0x0513
mem[X,0x000000008003692E] -> 0x5555
[8600] [M]: 0x000000008003692C (0x55550513) addi a0, a0, 1365
x10 <- 0xFFFFFD5555555555
mem[X,0x0000000080036930] -> 0x1513
mem[X,0x0000000080036932] -> 0x00B5
[8601] [M]: 0x0000000080036930 (0x00B51513) slli a0, a0, 11
x10 <- 0xFFEAAAAAAAAAA800
mem[X,0x0000000080036934] -> 0x0513
mem[X,0x0000000080036936] -> 0x2AA5
[8602] [M]: 0x0000000080036934 (0x2AA50513) addi a0, a0, 682
x10 <- 0xFFEAAAAAAAAAAAAA
mem[X,0x0000000080036938] -> 0x1513
mem[X,0x000000008003693A] -> 0x00A5
[8603] [M]: 0x0000000080036938 (0x00A51513) slli a0, a0, 10
x10 <- 0xAAAAAAAAAAAAA800
mem[X,0x000000008003693C] -> 0x0513
mem[X,0x000000008003693E] -> 0x2AB5
[8604] [M]: 0x000000008003693C (0x2AB50513) addi a0, a0, 683
x10 <- 0xAAAAAAAAAAAAAAAB
mem[X,0x0000000080036940] -> 0x35B7
mem[X,0x0000000080036942] -> 0x3333
[8605] [M]: 0x0000000080036940 (0x333335B7) lui a1, 209715
x11 <- 0x0000000033333000
mem[X,0x0000000080036944] -> 0x8593
mem[X,0x0000000080036946] -> 0x3335
[8606] [M]: 0x0000000080036944 (0x33358593) addi a1, a1, 819
x11 <- 0x0000000033333333
mem[X,0x0000000080036948] -> 0x9593
mem[X,0x000000008003694A] -> 0x00B5
[8607] [M]: 0x0000000080036948 (0x00B59593) slli a1, a1, 11
x11 <- 0x0000019999999800
mem[X,0x000000008003694C] -> 0x8593
mem[X,0x000000008003694E] -> 0x1995
[8608] [M]: 0x000000008003694C (0x19958593) addi a1, a1, 409
x11 <- 0x0000019999999999
mem[X,0x0000000080036950] -> 0x9593
mem[X,0x0000000080036952] -> 0x00B5
[8609] [M]: 0x0000000080036950 (0x00B59593) slli a1, a1, 11
x11 <- 0x000CCCCCCCCCC800
mem[X,0x0000000080036954] -> 0x8593
mem[X,0x0000000080036956] -> 0x4CC5
[8610] [M]: 0x0000000080036954 (0x4CC58593) addi a1, a1, 1228
x11 <- 0x000CCCCCCCCCCCCC
mem[X,0x0000000080036958] -> 0x9593
mem[X,0x000000008003695A] -> 0x00A5
[8611] [M]: 0x0000000080036958 (0x00A59593) slli a1, a1, 10
x11 <- 0x3333333333333000
mem[X,0x000000008003695C] -> 0x8593
mem[X,0x000000008003695E] -> 0x3335
[8612] [M]: 0x000000008003695C (0x33358593) addi a1, a1, 819
x11 <- 0x3333333333333333
mem[X,0x0000000080036960] -> 0x0213
mem[X,0x0000000080036962] -> 0x0000
[8613] [M]: 0x0000000080036960 (0x00000213) addi tp, zero, 0
x4 <- 0x0000000000000000
mem[X,0x0000000080036964] -> 0x006F
mem[X,0x0000000080036966] -> 0x0180
[8614] [M]: 0x0000000080036964 (0x0180006F) jal zero, 24
mem[X,0x000000008003697C] -> 0x06E3
mem[X,0x000000008003697E] -> 0xFEB5
[8615] [M]: 0x000000008003697C (0xFEB506E3) beq a0, a1, 8172
mem[X,0x0000000080036980] -> 0x0213
mem[X,0x0000000080036982] -> 0x0022
[8616] [M]: 0x0000000080036980 (0x00220213) addi tp, tp, 2
x4 <- 0x0000000000000002
mem[X,0x0000000080036984] -> 0x006F
mem[X,0x0000000080036986] -> 0x00C0
[8617] [M]: 0x0000000080036984 (0x00C0006F) jal zero, 12
mem[X,0x0000000080036990] -> 0x3423
mem[X,0x0000000080036992] -> 0x0041
[8618] [M]: 0x0000000080036990 (0x00413423) sd tp, 8(sp)
mem[0x000000008004A1D0] <- 0x0000000000000002
mem[X,0x0000000080036994] -> 0xB537
mem[X,0x0000000080036996] -> 0xAAAA
[8619] [M]: 0x0000000080036994 (0xAAAAB537) lui a0, 699051
x10 <- 0xFFFFFFFFAAAAB000
mem[X,0x0000000080036998] -> 0x0513
mem[X,0x000000008003699A] -> 0xAAA5
[8620] [M]: 0x0000000080036998 (0xAAA50513) addi a0, a0, 2730
x10 <- 0xFFFFFFFFAAAAAAAA
mem[X,0x000000008003699C] -> 0x1513
mem[X,0x000000008003699E] -> 0x00B5
[8621] [M]: 0x000000008003699C (0x00B51513) slli a0, a0, 11
x10 <- 0xFFFFFD5555555000
mem[X,0x00000000800369A0] -> 0x0513
mem[X,0x00000000800369A2] -> 0x5555
[8622] [M]: 0x00000000800369A0 (0x55550513) addi a0, a0, 1365
x10 <- 0xFFFFFD5555555555
mem[X,0x00000000800369A4] -> 0x1513
mem[X,0x00000000800369A6] -> 0x00B5
[8623] [M]: 0x00000000800369A4 (0x00B51513) slli a0, a0, 11
x10 <- 0xFFEAAAAAAAAAA800
mem[X,0x00000000800369A8] -> 0x0513
mem[X,0x00000000800369AA] -> 0x2AA5
[8624] [M]: 0x00000000800369A8 (0x2AA50513) addi a0, a0, 682
x10 <- 0xFFEAAAAAAAAAAAAA
mem[X,0x00000000800369AC] -> 0x1513
mem[X,0x00000000800369AE] -> 0x00A5
[8625] [M]: 0x00000000800369AC (0x00A51513) slli a0, a0, 10
x10 <- 0xAAAAAAAAAAAAA800
mem[X,0x00000000800369B0] -> 0x0513
mem[X,0x00000000800369B2] -> 0x2AB5
[8626] [M]: 0x00000000800369B0 (0x2AB50513) addi a0, a0, 683
x10 <- 0xAAAAAAAAAAAAAAAB
mem[X,0x00000000800369B4] -> 0x65B7
mem[X,0x00000000800369B6] -> 0x6666
[8627] [M]: 0x00000000800369B4 (0x666665B7) lui a1, 419430
x11 <- 0x0000000066666000
mem[X,0x00000000800369B8] -> 0x8593
mem[X,0x00000000800369BA] -> 0x6665
[8628] [M]: 0x00000000800369B8 (0x66658593) addi a1, a1, 1638
x11 <- 0x0000000066666666
mem[X,0x00000000800369BC] -> 0x9593
mem[X,0x00000000800369BE] -> 0x00B5
[8629] [M]: 0x00000000800369BC (0x00B59593) slli a1, a1, 11
x11 <- 0x0000033333333000
mem[X,0x00000000800369C0] -> 0x8593
mem[X,0x00000000800369C2] -> 0x3335
[8630] [M]: 0x00000000800369C0 (0x33358593) addi a1, a1, 819
x11 <- 0x0000033333333333
mem[X,0x00000000800369C4] -> 0x9593
mem[X,0x00000000800369C6] -> 0x00B5
[8631] [M]: 0x00000000800369C4 (0x00B59593) slli a1, a1, 11
x11 <- 0x0019999999999800
mem[X,0x00000000800369C8] -> 0x8593
mem[X,0x00000000800369CA] -> 0x1995
[8632] [M]: 0x00000000800369C8 (0x19958593) addi a1, a1, 409
x11 <- 0x0019999999999999
mem[X,0x00000000800369CC] -> 0x9593
mem[X,0x00000000800369CE] -> 0x00A5
[8633] [M]: 0x00000000800369CC (0x00A59593) slli a1, a1, 10
x11 <- 0x6666666666666400
mem[X,0x00000000800369D0] -> 0x8593
mem[X,0x00000000800369D2] -> 0x2665
[8634] [M]: 0x00000000800369D0 (0x26658593) addi a1, a1, 614
x11 <- 0x6666666666666666
mem[X,0x00000000800369D4] -> 0x0213
mem[X,0x00000000800369D6] -> 0x0000
[8635] [M]: 0x00000000800369D4 (0x00000213) addi tp, zero, 0
x4 <- 0x0000000000000000
mem[X,0x00000000800369D8] -> 0x006F
mem[X,0x00000000800369DA] -> 0x0180
[8636] [M]: 0x00000000800369D8 (0x0180006F) jal zero, 24
mem[X,0x00000000800369F0] -> 0x06E3
mem[X,0x00000000800369F2] -> 0xFEB5
[8637] [M]: 0x00000000800369F0 (0xFEB506E3) beq a0, a1, 8172
mem[X,0x00000000800369F4] -> 0x0213
mem[X,0x00000000800369F6] -> 0x0022
[8638] [M]: 0x00000000800369F4 (0x00220213) addi tp, tp, 2
x4 <- 0x0000000000000002
mem[X,0x00000000800369F8] -> 0x006F
mem[X,0x00000000800369FA] -> 0x00C0
[8639] [M]: 0x00000000800369F8 (0x00C0006F) jal zero, 12
mem[X,0x0000000080036A04] -> 0x3823
mem[X,0x0000000080036A06] -> 0x0041
[8640] [M]: 0x0000000080036A04 (0x00413823) sd tp, 16(sp)
mem[0x000000008004A1D8] <- 0x0000000000000002
mem[X,0x0000000080036A08] -> 0xB537
mem[X,0x0000000080036A0A] -> 0xAAAA
[8641] [M]: 0x0000000080036A08 (0xAAAAB537) lui a0, 699051
x10 <- 0xFFFFFFFFAAAAB000
mem[X,0x0000000080036A0C] -> 0x0513
mem[X,0x0000000080036A0E] -> 0xAAA5
[8642] [M]: 0x0000000080036A0C (0xAAA50513) addi a0, a0, 2730
x10 <- 0xFFFFFFFFAAAAAAAA
mem[X,0x0000000080036A10] -> 0x1513
mem[X,0x0000000080036A12] -> 0x00B5
[8643] [M]: 0x0000000080036A10 (0x00B51513) slli a0, a0, 11
x10 <- 0xFFFFFD5555555000
mem[X,0x0000000080036A14] -> 0x0513
mem[X,0x0000000080036A16] -> 0x5555
[8644] [M]: 0x0000000080036A14 (0x55550513) addi a0, a0, 1365
x10 <- 0xFFFFFD5555555555
mem[X,0x0000000080036A18] -> 0x1513
mem[X,0x0000000080036A1A] -> 0x00B5
[8645] [M]: 0x0000000080036A18 (0x00B51513) slli a0, a0, 11
x10 <- 0xFFEAAAAAAAAAA800
mem[X,0x0000000080036A1C] -> 0x0513
mem[X,0x0000000080036A1E] -> 0x2AA5
[8646] [M]: 0x0000000080036A1C (0x2AA50513) addi a0, a0, 682
x10 <- 0xFFEAAAAAAAAAAAAA
mem[X,0x0000000080036A20] -> 0x1513
mem[X,0x0000000080036A22] -> 0x00A5
[8647] [M]: 0x0000000080036A20 (0x00A51513) slli a0, a0, 10
x10 <- 0xAAAAAAAAAAAAA800
mem[X,0x0000000080036A24] -> 0x0513
mem[X,0x0000000080036A26] -> 0x2AB5
[8648] [M]: 0x0000000080036A24 (0x2AB50513) addi a0, a0, 683
x10 <- 0xAAAAAAAAAAAAAAAB
mem[X,0x0000000080036A28] -> 0x05B7
mem[X,0x0000000080036A2A] -> 0x0000
[8649] [M]: 0x0000000080036A28 (0x000005B7) lui a1, 0
x11 <- 0x0000000000000000
mem[X,0x0000000080036A2C] -> 0x8593
mem[X,0x0000000080036A2E] -> 0xFFF5
[8650] [M]: 0x0000000080036A2C (0xFFF58593) addi a1, a1, 4095
x11 <- 0xFFFFFFFFFFFFFFFF
mem[X,0x0000000080036A30] -> 0x9593
mem[X,0x0000000080036A32] -> 0x00B5
[8651] [M]: 0x0000000080036A30 (0x00B59593) slli a1, a1, 11
x11 <- 0xFFFFFFFFFFFFF800
mem[X,0x0000000080036A34] -> 0x8593
mem[X,0x0000000080036A36] -> 0x2575
[8652] [M]: 0x0000000080036A34 (0x25758593) addi a1, a1, 599
x11 <- 0xFFFFFFFFFFFFFA57
mem[X,0x0000000080036A38] -> 0x9593
mem[X,0x0000000080036A3A] -> 0x00B5
[8653] [M]: 0x0000000080036A38 (0x00B59593) slli a1, a1, 11
x11 <- 0xFFFFFFFFFFD2B800
mem[X,0x0000000080036A3C] -> 0x8593
mem[X,0x0000000080036A3E] -> 0x6C35
[8654] [M]: 0x0000000080036A3C (0x6C358593) addi a1, a1, 1731
x11 <- 0xFFFFFFFFFFD2BEC3
mem[X,0x0000000080036A40] -> 0x9593
mem[X,0x0000000080036A42] -> 0x00A5
[8655] [M]: 0x0000000080036A40 (0x00A59593) slli a1, a1, 10
x11 <- 0xFFFFFFFF4AFB0C00
mem[X,0x0000000080036A44] -> 0x8593
mem[X,0x0000000080036A46] -> 0x0CD5
[8656] [M]: 0x0000000080036A44 (0x0CD58593) addi a1, a1, 205
x11 <- 0xFFFFFFFF4AFB0CCD
mem[X,0x0000000080036A48] -> 0x0213
mem[X,0x0000000080036A4A] -> 0x0000
[8657] [M]: 0x0000000080036A48 (0x00000213) addi tp, zero, 0
x4 <- 0x0000000000000000
mem[X,0x0000000080036A4C] -> 0x006F
mem[X,0x0000000080036A4E] -> 0x00C0
[8658] [M]: 0x0000000080036A4C (0x00C0006F) jal zero, 12
mem[X,0x0000000080036A58] -> 0x0063
mem[X,0x0000000080036A5A] -> 0x20B5
[8659] [M]: 0x0000000080036A58 (0x20B50063) beq a0, a1, 512
mem[X,0x0000000080036A5C] -> 0x0213
mem[X,0x0000000080036A5E] -> 0x0022
[8660] [M]: 0x0000000080036A5C (0x00220213) addi tp, tp, 2
x4 <- 0x0000000000000002
mem[X,0x0000000080036A60] -> 0x006F
mem[X,0x0000000080036A62] -> 0x2000
[8661] [M]: 0x0000000080036A60 (0x2000006F) jal zero, 512
mem[X,0x0000000080036C60] -> 0x3C23
mem[X,0x0000000080036C62] -> 0x0041
[8662] [M]: 0x0000000080036C60 (0x00413C23) sd tp, 24(sp)
mem[0x000000008004A1E0] <- 0x0000000000000002
mem[X,0x0000000080036C64] -> 0xB537
mem[X,0x0000000080036C66] -> 0xAAAA
[8663] [M]: 0x0000000080036C64 (0xAAAAB537) lui a0, 699051
x10 <- 0xFFFFFFFFAAAAB000
mem[X,0x0000000080036C68] -> 0x0513
mem[X,0x0000000080036C6A] -> 0xAAA5
[8664] [M]: 0x0000000080036C68 (0xAAA50513) addi a0, a0, 2730
x10 <- 0xFFFFFFFFAAAAAAAA
mem[X,0x0000000080036C6C] -> 0x1513
mem[X,0x0000000080036C6E] -> 0x00B5
[8665] [M]: 0x0000000080036C6C (0x00B51513) slli a0, a0, 11
x10 <- 0xFFFFFD5555555000
mem[X,0x0000000080036C70] -> 0x0513
mem[X,0x0000000080036C72] -> 0x5555
[8666] [M]: 0x0000000080036C70 (0x55550513) addi a0, a0, 1365
x10 <- 0xFFFFFD5555555555
mem[X,0x0000000080036C74] -> 0x1513
mem[X,0x0000000080036C76] -> 0x00B5
[8667] [M]: 0x0000000080036C74 (0x00B51513) slli a0, a0, 11
x10 <- 0xFFEAAAAAAAAAA800
mem[X,0x0000000080036C78] -> 0x0513
mem[X,0x0000000080036C7A] -> 0x2AA5
[8668] [M]: 0x0000000080036C78 (0x2AA50513) addi a0, a0, 682
x10 <- 0xFFEAAAAAAAAAAAAA
mem[X,0x0000000080036C7C] -> 0x1513
mem[X,0x0000000080036C7E] -> 0x00A5
[8669] [M]: 0x0000000080036C7C (0x00A51513) slli a0, a0, 10
x10 <- 0xAAAAAAAAAAAAA800
mem[X,0x0000000080036C80] -> 0x0513
mem[X,0x0000000080036C82] -> 0x2AB5
[8670] [M]: 0x0000000080036C80 (0x2AB50513) addi a0, a0, 683
x10 <- 0xAAAAAAAAAAAAAAAB
mem[X,0x0000000080036C84] -> 0x05B7
mem[X,0x0000000080036C86] -> 0x0000
[8671] [M]: 0x0000000080036C84 (0x000005B7) lui a1, 0
x11 <- 0x0000000000000000
mem[X,0x0000000080036C88] -> 0x8593
mem[X,0x0000000080036C8A] -> 0x0005
[8672] [M]: 0x0000000080036C88 (0x00058593) addi a1, a1, 0
x11 <- 0x0000000000000000
mem[X,0x0000000080036C8C] -> 0x9593
mem[X,0x0000000080036C8E] -> 0x00B5
[8673] [M]: 0x0000000080036C8C (0x00B59593) slli a1, a1, 11
x11 <- 0x0000000000000000
mem[X,0x0000000080036C90] -> 0x8593
mem[X,0x0000000080036C92] -> 0x5A85
[8674] [M]: 0x0000000080036C90 (0x5A858593) addi a1, a1, 1448
x11 <- 0x00000000000005A8
mem[X,0x0000000080036C94] -> 0x9593
mem[X,0x0000000080036C96] -> 0x00B5
[8675] [M]: 0x0000000080036C94 (0x00B59593) slli a1, a1, 11
x11 <- 0x00000000002D4000
mem[X,0x0000000080036C98] -> 0x8593
mem[X,0x0000000080036C9A] -> 0x13C5
[8676] [M]: 0x0000000080036C98 (0x13C58593) addi a1, a1, 316
x11 <- 0x00000000002D413C
mem[X,0x0000000080036C9C] -> 0x9593
mem[X,0x0000000080036C9E] -> 0x00A5
[8677] [M]: 0x0000000080036C9C (0x00A59593) slli a1, a1, 10
x11 <- 0x00000000B504F000
mem[X,0x0000000080036CA0] -> 0x8593
mem[X,0x0000000080036CA2] -> 0x3335
[8678] [M]: 0x0000000080036CA0 (0x33358593) addi a1, a1, 819
x11 <- 0x00000000B504F333
mem[X,0x0000000080036CA4] -> 0x0213
mem[X,0x0000000080036CA6] -> 0x0000
[8679] [M]: 0x0000000080036CA4 (0x00000213) addi tp, zero, 0
x4 <- 0x0000000000000000
mem[X,0x0000000080036CA8] -> 0x006F
mem[X,0x0000000080036CAA] -> 0x0180
[8680] [M]: 0x0000000080036CA8 (0x0180006F) jal zero, 24
mem[X,0x0000000080036CC0] -> 0x06E3
mem[X,0x0000000080036CC2] -> 0xFEB5
[8681] [M]: 0x0000000080036CC0 (0xFEB506E3) beq a0, a1, 8172
mem[X,0x0000000080036CC4] -> 0x0213
mem[X,0x0000000080036CC6] -> 0x0022
[8682] [M]: 0x0000000080036CC4 (0x00220213) addi tp, tp, 2
x4 <- 0x0000000000000002
mem[X,0x0000000080036CC8] -> 0x006F
mem[X,0x0000000080036CCA] -> 0x00C0
[8683] [M]: 0x0000000080036CC8 (0x00C0006F) jal zero, 12
mem[X,0x0000000080036CD4] -> 0x3023
mem[X,0x0000000080036CD6] -> 0x0241
[8684] [M]: 0x0000000080036CD4 (0x02413023) sd tp, 32(sp)
mem[0x000000008004A1E8] <- 0x0000000000000002
mem[X,0x0000000080036CD8] -> 0xB537
mem[X,0x0000000080036CDA] -> 0xAAAA
[8685] [M]: 0x0000000080036CD8 (0xAAAAB537) lui a0, 699051
x10 <- 0xFFFFFFFFAAAAB000
mem[X,0x0000000080036CDC] -> 0x0513
mem[X,0x0000000080036CDE] -> 0xAAA5
[8686] [M]: 0x0000000080036CDC (0xAAA50513) addi a0, a0, 2730
x10 <- 0xFFFFFFFFAAAAAAAA
mem[X,0x0000000080036CE0] -> 0x1513
mem[X,0x0000000080036CE2] -> 0x00B5
[8687] [M]: 0x0000000080036CE0 (0x00B51513) slli a0, a0, 11
x10 <- 0xFFFFFD5555555000
mem[X,0x0000000080036CE4] -> 0x0513
mem[X,0x0000000080036CE6] -> 0x5555
[8688] [M]: 0x0000000080036CE4 (0x55550513) addi a0, a0, 1365
x10 <- 0xFFFFFD5555555555
mem[X,0x0000000080036CE8] -> 0x1513
mem[X,0x0000000080036CEA] -> 0x00B5
[8689] [M]: 0x0000000080036CE8 (0x00B51513) slli a0, a0, 11
x10 <- 0xFFEAAAAAAAAAA800
mem[X,0x0000000080036CEC] -> 0x0513
mem[X,0x0000000080036CEE] -> 0x2AA5
[8690] [M]: 0x0000000080036CEC (0x2AA50513) addi a0, a0, 682
x10 <- 0xFFEAAAAAAAAAAAAA
mem[X,0x0000000080036CF0] -> 0x1513
mem[X,0x0000000080036CF2] -> 0x00A5
[8691] [M]: 0x0000000080036CF0 (0x00A51513) slli a0, a0, 10
x10 <- 0xAAAAAAAAAAAAA800
mem[X,0x0000000080036CF4] -> 0x0513
mem[X,0x0000000080036CF6] -> 0x2AB5
[8692] [M]: 0x0000000080036CF4 (0x2AB50513) addi a0, a0, 683
x10 <- 0xAAAAAAAAAAAAAAAB
mem[X,0x0000000080036CF8] -> 0x0593
mem[X,0x0000000080036CFA] -> 0x0020
[8693] [M]: 0x0000000080036CF8 (0x00200593) addi a1, zero, 2
x11 <- 0x0000000000000002
mem[X,0x0000000080036CFC] -> 0x0213
mem[X,0x0000000080036CFE] -> 0x0000
[8694] [M]: 0x0000000080036CFC (0x00000213) addi tp, zero, 0
x4 <- 0x0000000000000000
mem[X,0x0000000080036D00] -> 0x006F
mem[X,0x0000000080036D02] -> 0x00C0
[8695] [M]: 0x0000000080036D00 (0x00C0006F) jal zero, 12
mem[X,0x0000000080036D0C] -> 0x0063
mem[X,0x0000000080036D0E] -> 0x40B5
[8696] [M]: 0x0000000080036D0C (0x40B50063) beq a0, a1, 1024
mem[X,0x0000000080036D10] -> 0x0213
mem[X,0x0000000080036D12] -> 0x0022
[8697] [M]: 0x0000000080036D10 (0x00220213) addi tp, tp, 2
x4 <- 0x0000000000000002
mem[X,0x0000000080036D14] -> 0x006F
mem[X,0x0000000080036D16] -> 0x4000
[8698] [M]: 0x0000000080036D14 (0x4000006F) jal zero, 1024
mem[X,0x0000000080037114] -> 0x3423
mem[X,0x0000000080037116] -> 0x0241
[8699] [M]: 0x0000000080037114 (0x02413423) sd tp, 40(sp)
mem[0x000000008004A1F0] <- 0x0000000000000002
clint::tick mtime <- 0x0000000000000057
 clint timer pending at mtime 0x0000000000000057
htif::tick 0x0000000000000000
mem[X,0x0000000080037118] -> 0xB537
mem[X,0x000000008003711A] -> 0xAAAA
[8700] [M]: 0x0000000080037118 (0xAAAAB537) lui a0, 699051
x10 <- 0xFFFFFFFFAAAAB000
mem[X,0x000000008003711C] -> 0x0513
mem[X,0x000000008003711E] -> 0xAAA5
[8701] [M]: 0x000000008003711C (0xAAA50513) addi a0, a0, 2730
x10 <- 0xFFFFFFFFAAAAAAAA
mem[X,0x0000000080037120] -> 0x1513
mem[X,0x0000000080037122] -> 0x00B5
[8702] [M]: 0x0000000080037120 (0x00B51513) slli a0, a0, 11
x10 <- 0xFFFFFD5555555000
mem[X,0x0000000080037124] -> 0x0513
mem[X,0x0000000080037126] -> 0x5555
[8703] [M]: 0x0000000080037124 (0x55550513) addi a0, a0, 1365
x10 <- 0xFFFFFD5555555555
mem[X,0x0000000080037128] -> 0x1513
mem[X,0x000000008003712A] -> 0x00B5
[8704] [M]: 0x0000000080037128 (0x00B51513) slli a0, a0, 11
x10 <- 0xFFEAAAAAAAAAA800
mem[X,0x000000008003712C] -> 0x0513
mem[X,0x000000008003712E] -> 0x2AA5
[8705] [M]: 0x000000008003712C (0x2AA50513) addi a0, a0, 682
x10 <- 0xFFEAAAAAAAAAAAAA
mem[X,0x0000000080037130] -> 0x1513
mem[X,0x0000000080037132] -> 0x00A5
[8706] [M]: 0x0000000080037130 (0x00A51513) slli a0, a0, 10
x10 <- 0xAAAAAAAAAAAAA800
mem[X,0x0000000080037134] -> 0x0513
mem[X,0x0000000080037136] -> 0x2AB5
[8707] [M]: 0x0000000080037134 (0x2AB50513) addi a0, a0, 683
x10 <- 0xAAAAAAAAAAAAAAAB
mem[X,0x0000000080037138] -> 0x55B7
mem[X,0x000000008003713A] -> 0x5555
[8708] [M]: 0x0000000080037138 (0x555555B7) lui a1, 349525
x11 <- 0x0000000055555000
mem[X,0x000000008003713C] -> 0x8593
mem[X,0x000000008003713E] -> 0x5555
[8709] [M]: 0x000000008003713C (0x55558593) addi a1, a1, 1365
x11 <- 0x0000000055555555
mem[X,0x0000000080037140] -> 0x9593
mem[X,0x0000000080037142] -> 0x00B5
[8710] [M]: 0x0000000080037140 (0x00B59593) slli a1, a1, 11
x11 <- 0x000002AAAAAAA800
mem[X,0x0000000080037144] -> 0x8593
mem[X,0x0000000080037146] -> 0x2AA5
[8711] [M]: 0x0000000080037144 (0x2AA58593) addi a1, a1, 682
x11 <- 0x000002AAAAAAAAAA
mem[X,0x0000000080037148] -> 0x9593
mem[X,0x000000008003714A] -> 0x00B5
[8712] [M]: 0x0000000080037148 (0x00B59593) slli a1, a1, 11
x11 <- 0x0015555555555000
mem[X,0x000000008003714C] -> 0x8593
mem[X,0x000000008003714E] -> 0x5555
[8713] [M]: 0x000000008003714C (0x55558593) addi a1, a1, 1365
x11 <- 0x0015555555555555
mem[X,0x0000000080037150] -> 0x9593
mem[X,0x0000000080037152] -> 0x00A5
[8714] [M]: 0x0000000080037150 (0x00A59593) slli a1, a1, 10
x11 <- 0x5555555555555400
mem[X,0x0000000080037154] -> 0x8593
mem[X,0x0000000080037156] -> 0x1545
[8715] [M]: 0x0000000080037154 (0x15458593) addi a1, a1, 340
x11 <- 0x5555555555555554
mem[X,0x0000000080037158] -> 0x0213
mem[X,0x000000008003715A] -> 0x0000
[8716] [M]: 0x0000000080037158 (0x00000213) addi tp, zero, 0
x4 <- 0x0000000000000000
mem[X,0x000000008003715C] -> 0x006F
mem[X,0x000000008003715E] -> 0x00C0
[8717] [M]: 0x000000008003715C (0x00C0006F) jal zero, 12
mem[X,0x0000000080037168] -> 0x0663
mem[X,0x000000008003716A] -> 0x00B5
[8718] [M]: 0x0000000080037168 (0x00B50663) beq a0, a1, 12
mem[X,0x000000008003716C] -> 0x0213
mem[X,0x000000008003716E] -> 0x0022
[8719] [M]: 0x000000008003716C (0x00220213) addi tp, tp, 2
x4 <- 0x0000000000000002
mem[X,0x0000000080037170] -> 0x006F
mem[X,0x0000000080037172] -> 0x00C0
[8720] [M]: 0x0000000080037170 (0x00C0006F) jal zero, 12
mem[X,0x000000008003717C] -> 0x3823
mem[X,0x000000008003717E] -> 0x0241
[8721] [M]: 0x000000008003717C (0x02413823) sd tp, 48(sp)
mem[0x000000008004A1F8] <- 0x0000000000000002
mem[X,0x0000000080037180] -> 0xB537
mem[X,0x0000000080037182] -> 0xAAAA
[8722] [M]: 0x0000000080037180 (0xAAAAB537) lui a0, 699051
x10 <- 0xFFFFFFFFAAAAB000
mem[X,0x0000000080037184] -> 0x0513
mem[X,0x0000000080037186] -> 0xAAA5
[8723] [M]: 0x0000000080037184 (0xAAA50513) addi a0, a0, 2730
x10 <- 0xFFFFFFFFAAAAAAAA
mem[X,0x0000000080037188] -> 0x1513
mem[X,0x000000008003718A] -> 0x00B5
[8724] [M]: 0x0000000080037188 (0x00B51513) slli a0, a0, 11
x10 <- 0xFFFFFD5555555000
mem[X,0x000000008003718C] -> 0x0513
mem[X,0x000000008003718E] -> 0x5555
[8725] [M]: 0x000000008003718C (0x55550513) addi a0, a0, 1365
x10 <- 0xFFFFFD5555555555
mem[X,0x0000000080037190] -> 0x1513
mem[X,0x0000000080037192] -> 0x00B5
[8726] [M]: 0x0000000080037190 (0x00B51513) slli a0, a0, 11
x10 <- 0xFFEAAAAAAAAAA800
mem[X,0x0000000080037194] -> 0x0513
mem[X,0x0000000080037196] -> 0x2AA5
[8727] [M]: 0x0000000080037194 (0x2AA50513) addi a0, a0, 682
x10 <- 0xFFEAAAAAAAAAAAAA
mem[X,0x0000000080037198] -> 0x1513
mem[X,0x000000008003719A] -> 0x00A5
[8728] [M]: 0x0000000080037198 (0x00A51513) slli a0, a0, 10
x10 <- 0xAAAAAAAAAAAAA800
mem[X,0x000000008003719C] -> 0x0513
mem[X,0x000000008003719E] -> 0x2AB5
[8729] [M]: 0x000000008003719C (0x2AB50513) addi a0, a0, 683
x10 <- 0xAAAAAAAAAAAAAAAB
mem[X,0x00000000800371A0] -> 0x0593
mem[X,0x00000000800371A2] -> 0x0000
[8730] [M]: 0x00000000800371A0 (0x00000593) addi a1, zero, 0
x11 <- 0x0000000000000000
mem[X,0x00000000800371A4] -> 0x0213
mem[X,0x00000000800371A6] -> 0x0000
[8731] [M]: 0x00000000800371A4 (0x00000213) addi tp, zero, 0
x4 <- 0x0000000000000000
mem[X,0x00000000800371A8] -> 0x006F
mem[X,0x00000000800371AA] -> 0x00C0
[8732] [M]: 0x00000000800371A8 (0x00C0006F) jal zero, 12
mem[X,0x00000000800371B4] -> 0x0063
mem[X,0x00000000800371B6] -> 0x04B5
[8733] [M]: 0x00000000800371B4 (0x04B50063) beq a0, a1, 64
mem[X,0x00000000800371B8] -> 0x0213
mem[X,0x00000000800371BA] -> 0x0022
[8734] [M]: 0x00000000800371B8 (0x00220213) addi tp, tp, 2
x4 <- 0x0000000000000002
mem[X,0x00000000800371BC] -> 0x006F
mem[X,0x00000000800371BE] -> 0x0400
[8735] [M]: 0x00000000800371BC (0x0400006F) jal zero, 64
mem[X,0x00000000800371FC] -> 0x3C23
mem[X,0x00000000800371FE] -> 0x0241
[8736] [M]: 0x00000000800371FC (0x02413C23) sd tp, 56(sp)
mem[0x000000008004A200] <- 0x0000000000000002
mem[X,0x0000000080037200] -> 0xB537
mem[X,0x0000000080037202] -> 0xAAAA
[8737] [M]: 0x0000000080037200 (0xAAAAB537) lui a0, 699051
x10 <- 0xFFFFFFFFAAAAB000
mem[X,0x0000000080037204] -> 0x0513
mem[X,0x0000000080037206] -> 0xAAA5
[8738] [M]: 0x0000000080037204 (0xAAA50513) addi a0, a0, 2730
x10 <- 0xFFFFFFFFAAAAAAAA
mem[X,0x0000000080037208] -> 0x1513
mem[X,0x000000008003720A] -> 0x00B5
[8739] [M]: 0x0000000080037208 (0x00B51513) slli a0, a0, 11
x10 <- 0xFFFFFD5555555000
mem[X,0x000000008003720C] -> 0x0513
mem[X,0x000000008003720E] -> 0x5555
[8740] [M]: 0x000000008003720C (0x55550513) addi a0, a0, 1365
x10 <- 0xFFFFFD5555555555
mem[X,0x0000000080037210] -> 0x1513
mem[X,0x0000000080037212] -> 0x00B5
[8741] [M]: 0x0000000080037210 (0x00B51513) slli a0, a0, 11
x10 <- 0xFFEAAAAAAAAAA800
mem[X,0x0000000080037214] -> 0x0513
mem[X,0x0000000080037216] -> 0x2AA5
[8742] [M]: 0x0000000080037214 (0x2AA50513) addi a0, a0, 682
x10 <- 0xFFEAAAAAAAAAAAAA
mem[X,0x0000000080037218] -> 0x1513
mem[X,0x000000008003721A] -> 0x00A5
[8743] [M]: 0x0000000080037218 (0x00A51513) slli a0, a0, 10
x10 <- 0xAAAAAAAAAAAAA800
mem[X,0x000000008003721C] -> 0x0513
mem[X,0x000000008003721E] -> 0x2AB5
[8744] [M]: 0x000000008003721C (0x2AB50513) addi a0, a0, 683
x10 <- 0xAAAAAAAAAAAAAAAB
mem[X,0x0000000080037220] -> 0x0593
mem[X,0x0000000080037222] -> 0x0040
[8745] [M]: 0x0000000080037220 (0x00400593) addi a1, zero, 4
x11 <- 0x0000000000000004
mem[X,0x0000000080037224] -> 0x0213
mem[X,0x0000000080037226] -> 0x0000
[8746] [M]: 0x0000000080037224 (0x00000213) addi tp, zero, 0
x4 <- 0x0000000000000000
mem[X,0x0000000080037228] -> 0x006F
mem[X,0x000000008003722A] -> 0x0100
[8747] [M]: 0x0000000080037228 (0x0100006F) jal zero, 16
mem[X,0x0000000080037238] -> 0x0AE3
mem[X,0x000000008003723A] -> 0xFEB5
[8748] [M]: 0x0000000080037238 (0xFEB50AE3) beq a0, a1, 8180
mem[X,0x000000008003723C] -> 0x0213
mem[X,0x000000008003723E] -> 0x0022
[8749] [M]: 0x000000008003723C (0x00220213) addi tp, tp, 2
x4 <- 0x0000000000000002
mem[X,0x0000000080037240] -> 0x006F
mem[X,0x0000000080037242] -> 0x00C0
[8750] [M]: 0x0000000080037240 (0x00C0006F) jal zero, 12
mem[X,0x000000008003724C] -> 0x3023
mem[X,0x000000008003724E] -> 0x0441
[8751] [M]: 0x000000008003724C (0x04413023) sd tp, 64(sp)
mem[0x000000008004A208] <- 0x0000000000000002
mem[X,0x0000000080037250] -> 0xB537
mem[X,0x0000000080037252] -> 0xAAAA
[8752] [M]: 0x0000000080037250 (0xAAAAB537) lui a0, 699051
x10 <- 0xFFFFFFFFAAAAB000
mem[X,0x0000000080037254] -> 0x0513
mem[X,0x0000000080037256] -> 0xAAA5
[8753] [M]: 0x0000000080037254 (0xAAA50513) addi a0, a0, 2730
x10 <- 0xFFFFFFFFAAAAAAAA
mem[X,0x0000000080037258] -> 0x1513
mem[X,0x000000008003725A] -> 0x00B5
[8754] [M]: 0x0000000080037258 (0x00B51513) slli a0, a0, 11
x10 <- 0xFFFFFD5555555000
mem[X,0x000000008003725C] -> 0x0513
mem[X,0x000000008003725E] -> 0x5555
[8755] [M]: 0x000000008003725C (0x55550513) addi a0, a0, 1365
x10 <- 0xFFFFFD5555555555
mem[X,0x0000000080037260] -> 0x1513
mem[X,0x0000000080037262] -> 0x00B5
[8756] [M]: 0x0000000080037260 (0x00B51513) slli a0, a0, 11
x10 <- 0xFFEAAAAAAAAAA800
mem[X,0x0000000080037264] -> 0x0513
mem[X,0x0000000080037266] -> 0x2AA5
[8757] [M]: 0x0000000080037264 (0x2AA50513) addi a0, a0, 682
x10 <- 0xFFEAAAAAAAAAAAAA
mem[X,0x0000000080037268] -> 0x1513
mem[X,0x000000008003726A] -> 0x00A5
[8758] [M]: 0x0000000080037268 (0x00A51513) slli a0, a0, 10
x10 <- 0xAAAAAAAAAAAAA800
mem[X,0x000000008003726C] -> 0x0513
mem[X,0x000000008003726E] -> 0x2AB5
[8759] [M]: 0x000000008003726C (0x2AB50513) addi a0, a0, 683
x10 <- 0xAAAAAAAAAAAAAAAB
mem[X,0x0000000080037270] -> 0x35B7
mem[X,0x0000000080037272] -> 0x3333
[8760] [M]: 0x0000000080037270 (0x333335B7) lui a1, 209715
x11 <- 0x0000000033333000
mem[X,0x0000000080037274] -> 0x8593
mem[X,0x0000000080037276] -> 0x3335
[8761] [M]: 0x0000000080037274 (0x33358593) addi a1, a1, 819
x11 <- 0x0000000033333333
mem[X,0x0000000080037278] -> 0x9593
mem[X,0x000000008003727A] -> 0x00B5
[8762] [M]: 0x0000000080037278 (0x00B59593) slli a1, a1, 11
x11 <- 0x0000019999999800
mem[X,0x000000008003727C] -> 0x8593
mem[X,0x000000008003727E] -> 0x1995
[8763] [M]: 0x000000008003727C (0x19958593) addi a1, a1, 409
x11 <- 0x0000019999999999
mem[X,0x0000000080037280] -> 0x9593
mem[X,0x0000000080037282] -> 0x00B5
[8764] [M]: 0x0000000080037280 (0x00B59593) slli a1, a1, 11
x11 <- 0x000CCCCCCCCCC800
mem[X,0x0000000080037284] -> 0x8593
mem[X,0x0000000080037286] -> 0x4CC5
[8765] [M]: 0x0000000080037284 (0x4CC58593) addi a1, a1, 1228
x11 <- 0x000CCCCCCCCCCCCC
mem[X,0x0000000080037288] -> 0x9593
mem[X,0x000000008003728A] -> 0x00A5
[8766] [M]: 0x0000000080037288 (0x00A59593) slli a1, a1, 10
x11 <- 0x3333333333333000
mem[X,0x000000008003728C] -> 0x8593
mem[X,0x000000008003728E] -> 0x3325
[8767] [M]: 0x000000008003728C (0x33258593) addi a1, a1, 818
x11 <- 0x3333333333333332
mem[X,0x0000000080037290] -> 0x0213
mem[X,0x0000000080037292] -> 0x0000
[8768] [M]: 0x0000000080037290 (0x00000213) addi tp, zero, 0
x4 <- 0x0000000000000000
mem[X,0x0000000080037294] -> 0x006F
mem[X,0x0000000080037296] -> 0x00C0
[8769] [M]: 0x0000000080037294 (0x00C0006F) jal zero, 12
mem[X,0x00000000800372A0] -> 0x0663
mem[X,0x00000000800372A2] -> 0x00B5
[8770] [M]: 0x00000000800372A0 (0x00B50663) beq a0, a1, 12
mem[X,0x00000000800372A4] -> 0x0213
mem[X,0x00000000800372A6] -> 0x0022
[8771] [M]: 0x00000000800372A4 (0x00220213) addi tp, tp, 2
x4 <- 0x0000000000000002
mem[X,0x00000000800372A8] -> 0x006F
mem[X,0x00000000800372AA] -> 0x00C0
[8772] [M]: 0x00000000800372A8 (0x00C0006F) jal zero, 12
mem[X,0x00000000800372B4] -> 0x3423
mem[X,0x00000000800372B6] -> 0x0441
[8773] [M]: 0x00000000800372B4 (0x04413423) sd tp, 72(sp)
mem[0x000000008004A210] <- 0x0000000000000002
mem[X,0x00000000800372B8] -> 0xB537
mem[X,0x00000000800372BA] -> 0xAAAA
[8774] [M]: 0x00000000800372B8 (0xAAAAB537) lui a0, 699051
x10 <- 0xFFFFFFFFAAAAB000
mem[X,0x00000000800372BC] -> 0x0513
mem[X,0x00000000800372BE] -> 0xAAA5
[8775] [M]: 0x00000000800372BC (0xAAA50513) addi a0, a0, 2730
x10 <- 0xFFFFFFFFAAAAAAAA
mem[X,0x00000000800372C0] -> 0x1513
mem[X,0x00000000800372C2] -> 0x00B5
[8776] [M]: 0x00000000800372C0 (0x00B51513) slli a0, a0, 11
x10 <- 0xFFFFFD5555555000
mem[X,0x00000000800372C4] -> 0x0513
mem[X,0x00000000800372C6] -> 0x5555
[8777] [M]: 0x00000000800372C4 (0x55550513) addi a0, a0, 1365
x10 <- 0xFFFFFD5555555555
mem[X,0x00000000800372C8] -> 0x1513
mem[X,0x00000000800372CA] -> 0x00B5
[8778] [M]: 0x00000000800372C8 (0x00B51513) slli a0, a0, 11
x10 <- 0xFFEAAAAAAAAAA800
mem[X,0x00000000800372CC] -> 0x0513
mem[X,0x00000000800372CE] -> 0x2AA5
[8779] [M]: 0x00000000800372CC (0x2AA50513) addi a0, a0, 682
x10 <- 0xFFEAAAAAAAAAAAAA
mem[X,0x00000000800372D0] -> 0x1513
mem[X,0x00000000800372D2] -> 0x00A5
[8780] [M]: 0x00000000800372D0 (0x00A51513) slli a0, a0, 10
x10 <- 0xAAAAAAAAAAAAA800
mem[X,0x00000000800372D4] -> 0x0513
mem[X,0x00000000800372D6] -> 0x2AB5
[8781] [M]: 0x00000000800372D4 (0x2AB50513) addi a0, a0, 683
x10 <- 0xAAAAAAAAAAAAAAAB
mem[X,0x00000000800372D8] -> 0x65B7
mem[X,0x00000000800372DA] -> 0x6666
[8782] [M]: 0x00000000800372D8 (0x666665B7) lui a1, 419430
x11 <- 0x0000000066666000
mem[X,0x00000000800372DC] -> 0x8593
mem[X,0x00000000800372DE] -> 0x6665
[8783] [M]: 0x00000000800372DC (0x66658593) addi a1, a1, 1638
x11 <- 0x0000000066666666
mem[X,0x00000000800372E0] -> 0x9593
mem[X,0x00000000800372E2] -> 0x00B5
[8784] [M]: 0x00000000800372E0 (0x00B59593) slli a1, a1, 11
x11 <- 0x0000033333333000
mem[X,0x00000000800372E4] -> 0x8593
mem[X,0x00000000800372E6] -> 0x3335
[8785] [M]: 0x00000000800372E4 (0x33358593) addi a1, a1, 819
x11 <- 0x0000033333333333
mem[X,0x00000000800372E8] -> 0x9593
mem[X,0x00000000800372EA] -> 0x00B5
[8786] [M]: 0x00000000800372E8 (0x00B59593) slli a1, a1, 11
x11 <- 0x0019999999999800
mem[X,0x00000000800372EC] -> 0x8593
mem[X,0x00000000800372EE] -> 0x1995
[8787] [M]: 0x00000000800372EC (0x19958593) addi a1, a1, 409
x11 <- 0x0019999999999999
mem[X,0x00000000800372F0] -> 0x9593
mem[X,0x00000000800372F2] -> 0x00A5
[8788] [M]: 0x00000000800372F0 (0x00A59593) slli a1, a1, 10
x11 <- 0x6666666666666400
mem[X,0x00000000800372F4] -> 0x8593
mem[X,0x00000000800372F6] -> 0x2655
[8789] [M]: 0x00000000800372F4 (0x26558593) addi a1, a1, 613
x11 <- 0x6666666666666665
mem[X,0x00000000800372F8] -> 0x0213
mem[X,0x00000000800372FA] -> 0x0000
[8790] [M]: 0x00000000800372F8 (0x00000213) addi tp, zero, 0
x4 <- 0x0000000000000000
mem[X,0x00000000800372FC] -> 0x006F
mem[X,0x00000000800372FE] -> 0x00C0
[8791] [M]: 0x00000000800372FC (0x00C0006F) jal zero, 12
mem[X,0x0000000080037308] -> 0x0663
mem[X,0x000000008003730A] -> 0x00B5
[8792] [M]: 0x0000000080037308 (0x00B50663) beq a0, a1, 12
mem[X,0x000000008003730C] -> 0x0213
mem[X,0x000000008003730E] -> 0x0022
[8793] [M]: 0x000000008003730C (0x00220213) addi tp, tp, 2
x4 <- 0x0000000000000002
mem[X,0x0000000080037310] -> 0x006F
mem[X,0x0000000080037312] -> 0x00C0
[8794] [M]: 0x0000000080037310 (0x00C0006F) jal zero, 12
mem[X,0x000000008003731C] -> 0x3823
mem[X,0x000000008003731E] -> 0x0441
[8795] [M]: 0x000000008003731C (0x04413823) sd tp, 80(sp)
mem[0x000000008004A218] <- 0x0000000000000002
mem[X,0x0000000080037320] -> 0xB537
mem[X,0x0000000080037322] -> 0xAAAA
[8796] [M]: 0x0000000080037320 (0xAAAAB537) lui a0, 699051
x10 <- 0xFFFFFFFFAAAAB000
mem[X,0x0000000080037324] -> 0x0513
mem[X,0x0000000080037326] -> 0xAAA5
[8797] [M]: 0x0000000080037324 (0xAAA50513) addi a0, a0, 2730
x10 <- 0xFFFFFFFFAAAAAAAA
mem[X,0x0000000080037328] -> 0x1513
mem[X,0x000000008003732A] -> 0x00B5
[8798] [M]: 0x0000000080037328 (0x00B51513) slli a0, a0, 11
x10 <- 0xFFFFFD5555555000
mem[X,0x000000008003732C] -> 0x0513
mem[X,0x000000008003732E] -> 0x5555
[8799] [M]: 0x000000008003732C (0x55550513) addi a0, a0, 1365
x10 <- 0xFFFFFD5555555555
clint::tick mtime <- 0x0000000000000058
 clint timer pending at mtime 0x0000000000000058
htif::tick 0x0000000000000000
mem[X,0x0000000080037330] -> 0x1513
mem[X,0x0000000080037332] -> 0x00B5
[8800] [M]: 0x0000000080037330 (0x00B51513) slli a0, a0, 11
x10 <- 0xFFEAAAAAAAAAA800
mem[X,0x0000000080037334] -> 0x0513
mem[X,0x0000000080037336] -> 0x2AA5
[8801] [M]: 0x0000000080037334 (0x2AA50513) addi a0, a0, 682
x10 <- 0xFFEAAAAAAAAAAAAA
mem[X,0x0000000080037338] -> 0x1513
mem[X,0x000000008003733A] -> 0x00A5
[8802] [M]: 0x0000000080037338 (0x00A51513) slli a0, a0, 10
x10 <- 0xAAAAAAAAAAAAA800
mem[X,0x000000008003733C] -> 0x0513
mem[X,0x000000008003733E] -> 0x2AB5
[8803] [M]: 0x000000008003733C (0x2AB50513) addi a0, a0, 683
x10 <- 0xAAAAAAAAAAAAAAAB
mem[X,0x0000000080037340] -> 0x05B7
mem[X,0x0000000080037342] -> 0x0000
[8804] [M]: 0x0000000080037340 (0x000005B7) lui a1, 0
x11 <- 0x0000000000000000
mem[X,0x0000000080037344] -> 0x8593
mem[X,0x0000000080037346] -> 0x0005
[8805] [M]: 0x0000000080037344 (0x00058593) addi a1, a1, 0
x11 <- 0x0000000000000000
mem[X,0x0000000080037348] -> 0x9593
mem[X,0x000000008003734A] -> 0x00B5
[8806] [M]: 0x0000000080037348 (0x00B59593) slli a1, a1, 11
x11 <- 0x0000000000000000
mem[X,0x000000008003734C] -> 0x8593
mem[X,0x000000008003734E] -> 0x5A85
[8807] [M]: 0x000000008003734C (0x5A858593) addi a1, a1, 1448
x11 <- 0x00000000000005A8
mem[X,0x0000000080037350] -> 0x9593
mem[X,0x0000000080037352] -> 0x00B5
[8808] [M]: 0x0000000080037350 (0x00B59593) slli a1, a1, 11
x11 <- 0x00000000002D4000
mem[X,0x0000000080037354] -> 0x8593
mem[X,0x0000000080037356] -> 0x13C5
[8809] [M]: 0x0000000080037354 (0x13C58593) addi a1, a1, 316
x11 <- 0x00000000002D413C
mem[X,0x0000000080037358] -> 0x9593
mem[X,0x000000008003735A] -> 0x00A5
[8810] [M]: 0x0000000080037358 (0x00A59593) slli a1, a1, 10
x11 <- 0x00000000B504F000
mem[X,0x000000008003735C] -> 0x8593
mem[X,0x000000008003735E] -> 0x3325
[8811] [M]: 0x000000008003735C (0x33258593) addi a1, a1, 818
x11 <- 0x00000000B504F332
mem[X,0x0000000080037360] -> 0x0213
mem[X,0x0000000080037362] -> 0x0000
[8812] [M]: 0x0000000080037360 (0x00000213) addi tp, zero, 0
x4 <- 0x0000000000000000
mem[X,0x0000000080037364] -> 0x006F
mem[X,0x0000000080037366] -> 0x0100
[8813] [M]: 0x0000000080037364 (0x0100006F) jal zero, 16
mem[X,0x0000000080037374] -> 0x0AE3
mem[X,0x0000000080037376] -> 0xFEB5
[8814] [M]: 0x0000000080037374 (0xFEB50AE3) beq a0, a1, 8180
mem[X,0x0000000080037378] -> 0x0213
mem[X,0x000000008003737A] -> 0x0022
[8815] [M]: 0x0000000080037378 (0x00220213) addi tp, tp, 2
x4 <- 0x0000000000000002
mem[X,0x000000008003737C] -> 0x006F
mem[X,0x000000008003737E] -> 0x00C0
[8816] [M]: 0x000000008003737C (0x00C0006F) jal zero, 12
mem[X,0x0000000080037388] -> 0x3C23
mem[X,0x000000008003738A] -> 0x0441
[8817] [M]: 0x0000000080037388 (0x04413C23) sd tp, 88(sp)
mem[0x000000008004A220] <- 0x0000000000000002
mem[X,0x000000008003738C] -> 0xB537
mem[X,0x000000008003738E] -> 0xAAAA
[8818] [M]: 0x000000008003738C (0xAAAAB537) lui a0, 699051
x10 <- 0xFFFFFFFFAAAAB000
mem[X,0x0000000080037390] -> 0x0513
mem[X,0x0000000080037392] -> 0xAAA5
[8819] [M]: 0x0000000080037390 (0xAAA50513) addi a0, a0, 2730
x10 <- 0xFFFFFFFFAAAAAAAA
mem[X,0x0000000080037394] -> 0x1513
mem[X,0x0000000080037396] -> 0x00B5
[8820] [M]: 0x0000000080037394 (0x00B51513) slli a0, a0, 11
x10 <- 0xFFFFFD5555555000
mem[X,0x0000000080037398] -> 0x0513
mem[X,0x000000008003739A] -> 0x5555
[8821] [M]: 0x0000000080037398 (0x55550513) addi a0, a0, 1365
x10 <- 0xFFFFFD5555555555
mem[X,0x000000008003739C] -> 0x1513
mem[X,0x000000008003739E] -> 0x00B5
[8822] [M]: 0x000000008003739C (0x00B51513) slli a0, a0, 11
x10 <- 0xFFEAAAAAAAAAA800
mem[X,0x00000000800373A0] -> 0x0513
mem[X,0x00000000800373A2] -> 0x2AA5
[8823] [M]: 0x00000000800373A0 (0x2AA50513) addi a0, a0, 682
x10 <- 0xFFEAAAAAAAAAAAAA
mem[X,0x00000000800373A4] -> 0x1513
mem[X,0x00000000800373A6] -> 0x00A5
[8824] [M]: 0x00000000800373A4 (0x00A51513) slli a0, a0, 10
x10 <- 0xAAAAAAAAAAAAA800
mem[X,0x00000000800373A8] -> 0x0513
mem[X,0x00000000800373AA] -> 0x2AB5
[8825] [M]: 0x00000000800373A8 (0x2AB50513) addi a0, a0, 683
x10 <- 0xAAAAAAAAAAAAAAAB
mem[X,0x00000000800373AC] -> 0x55B7
mem[X,0x00000000800373AE] -> 0x5555
[8826] [M]: 0x00000000800373AC (0x555555B7) lui a1, 349525
x11 <- 0x0000000055555000
mem[X,0x00000000800373B0] -> 0x8593
mem[X,0x00000000800373B2] -> 0x5555
[8827] [M]: 0x00000000800373B0 (0x55558593) addi a1, a1, 1365
x11 <- 0x0000000055555555
mem[X,0x00000000800373B4] -> 0x9593
mem[X,0x00000000800373B6] -> 0x00B5
[8828] [M]: 0x00000000800373B4 (0x00B59593) slli a1, a1, 11
x11 <- 0x000002AAAAAAA800
mem[X,0x00000000800373B8] -> 0x8593
mem[X,0x00000000800373BA] -> 0x2AA5
[8829] [M]: 0x00000000800373B8 (0x2AA58593) addi a1, a1, 682
x11 <- 0x000002AAAAAAAAAA
mem[X,0x00000000800373BC] -> 0x9593
mem[X,0x00000000800373BE] -> 0x00B5
[8830] [M]: 0x00000000800373BC (0x00B59593) slli a1, a1, 11
x11 <- 0x0015555555555000
mem[X,0x00000000800373C0] -> 0x8593
mem[X,0x00000000800373C2] -> 0x5555
[8831] [M]: 0x00000000800373C0 (0x55558593) addi a1, a1, 1365
x11 <- 0x0015555555555555
mem[X,0x00000000800373C4] -> 0x9593
mem[X,0x00000000800373C6] -> 0x00A5
[8832] [M]: 0x00000000800373C4 (0x00A59593) slli a1, a1, 10
x11 <- 0x5555555555555400
mem[X,0x00000000800373C8] -> 0x8593
mem[X,0x00000000800373CA] -> 0x1565
[8833] [M]: 0x00000000800373C8 (0x15658593) addi a1, a1, 342
x11 <- 0x5555555555555556
mem[X,0x00000000800373CC] -> 0x0213
mem[X,0x00000000800373CE] -> 0x0000
[8834] [M]: 0x00000000800373CC (0x00000213) addi tp, zero, 0
x4 <- 0x0000000000000000
mem[X,0x00000000800373D0] -> 0x006F
mem[X,0x00000000800373D2] -> 0x00C0
[8835] [M]: 0x00000000800373D0 (0x00C0006F) jal zero, 12
mem[X,0x00000000800373DC] -> 0x0CE3
mem[X,0x00000000800373DE] -> 0xFEB5
[8836] [M]: 0x00000000800373DC (0xFEB50CE3) beq a0, a1, 8184
mem[X,0x00000000800373E0] -> 0x0213
mem[X,0x00000000800373E2] -> 0x0022
[8837] [M]: 0x00000000800373E0 (0x00220213) addi tp, tp, 2
x4 <- 0x0000000000000002
mem[X,0x00000000800373E4] -> 0x006F
mem[X,0x00000000800373E6] -> 0x00C0
[8838] [M]: 0x00000000800373E4 (0x00C0006F) jal zero, 12
mem[X,0x00000000800373F0] -> 0x3023
mem[X,0x00000000800373F2] -> 0x0641
[8839] [M]: 0x00000000800373F0 (0x06413023) sd tp, 96(sp)
mem[0x000000008004A228] <- 0x0000000000000002
mem[X,0x00000000800373F4] -> 0xB537
mem[X,0x00000000800373F6] -> 0xAAAA
[8840] [M]: 0x00000000800373F4 (0xAAAAB537) lui a0, 699051
x10 <- 0xFFFFFFFFAAAAB000
mem[X,0x00000000800373F8] -> 0x0513
mem[X,0x00000000800373FA] -> 0xAAA5
[8841] [M]: 0x00000000800373F8 (0xAAA50513) addi a0, a0, 2730
x10 <- 0xFFFFFFFFAAAAAAAA
mem[X,0x00000000800373FC] -> 0x1513
mem[X,0x00000000800373FE] -> 0x00B5
[8842] [M]: 0x00000000800373FC (0x00B51513) slli a0, a0, 11
x10 <- 0xFFFFFD5555555000
mem[X,0x0000000080037400] -> 0x0513
mem[X,0x0000000080037402] -> 0x5555
[8843] [M]: 0x0000000080037400 (0x55550513) addi a0, a0, 1365
x10 <- 0xFFFFFD5555555555
mem[X,0x0000000080037404] -> 0x1513
mem[X,0x0000000080037406] -> 0x00B5
[8844] [M]: 0x0000000080037404 (0x00B51513) slli a0, a0, 11
x10 <- 0xFFEAAAAAAAAAA800
mem[X,0x0000000080037408] -> 0x0513
mem[X,0x000000008003740A] -> 0x2AA5
[8845] [M]: 0x0000000080037408 (0x2AA50513) addi a0, a0, 682
x10 <- 0xFFEAAAAAAAAAAAAA
mem[X,0x000000008003740C] -> 0x1513
mem[X,0x000000008003740E] -> 0x00A5
[8846] [M]: 0x000000008003740C (0x00A51513) slli a0, a0, 10
x10 <- 0xAAAAAAAAAAAAA800
mem[X,0x0000000080037410] -> 0x0513
mem[X,0x0000000080037412] -> 0x2AB5
[8847] [M]: 0x0000000080037410 (0x2AB50513) addi a0, a0, 683
x10 <- 0xAAAAAAAAAAAAAAAB
mem[X,0x0000000080037414] -> 0xB5B7
mem[X,0x0000000080037416] -> 0xAAAA
[8848] [M]: 0x0000000080037414 (0xAAAAB5B7) lui a1, 699051
x11 <- 0xFFFFFFFFAAAAB000
mem[X,0x0000000080037418] -> 0x8593
mem[X,0x000000008003741A] -> 0xAAA5
[8849] [M]: 0x0000000080037418 (0xAAA58593) addi a1, a1, 2730
x11 <- 0xFFFFFFFFAAAAAAAA
mem[X,0x000000008003741C] -> 0x9593
mem[X,0x000000008003741E] -> 0x00B5
[8850] [M]: 0x000000008003741C (0x00B59593) slli a1, a1, 11
x11 <- 0xFFFFFD5555555000
mem[X,0x0000000080037420] -> 0x8593
mem[X,0x0000000080037422] -> 0x5555
[8851] [M]: 0x0000000080037420 (0x55558593) addi a1, a1, 1365
x11 <- 0xFFFFFD5555555555
mem[X,0x0000000080037424] -> 0x9593
mem[X,0x0000000080037426] -> 0x00B5
[8852] [M]: 0x0000000080037424 (0x00B59593) slli a1, a1, 11
x11 <- 0xFFEAAAAAAAAAA800
mem[X,0x0000000080037428] -> 0x8593
mem[X,0x000000008003742A] -> 0x2AA5
[8853] [M]: 0x0000000080037428 (0x2AA58593) addi a1, a1, 682
x11 <- 0xFFEAAAAAAAAAAAAA
mem[X,0x000000008003742C] -> 0x9593
mem[X,0x000000008003742E] -> 0x00A5
[8854] [M]: 0x000000008003742C (0x00A59593) slli a1, a1, 10
x11 <- 0xAAAAAAAAAAAAA800
mem[X,0x0000000080037430] -> 0x8593
mem[X,0x0000000080037432] -> 0x2AB5
[8855] [M]: 0x0000000080037430 (0x2AB58593) addi a1, a1, 683
x11 <- 0xAAAAAAAAAAAAAAAB
mem[X,0x0000000080037434] -> 0x0213
mem[X,0x0000000080037436] -> 0x0000
[8856] [M]: 0x0000000080037434 (0x00000213) addi tp, zero, 0
x4 <- 0x0000000000000000
mem[X,0x0000000080037438] -> 0x006F
mem[X,0x000000008003743A] -> 0x00C0
[8857] [M]: 0x0000000080037438 (0x00C0006F) jal zero, 12
mem[X,0x0000000080037444] -> 0x0863
mem[X,0x0000000080037446] -> 0x00B5
[8858] [M]: 0x0000000080037444 (0x00B50863) beq a0, a1, 16
mem[X,0x0000000080037454] -> 0x0213
mem[X,0x0000000080037456] -> 0x0032
[8859] [M]: 0x0000000080037454 (0x00320213) addi tp, tp, 3
x4 <- 0x0000000000000003
mem[X,0x0000000080037458] -> 0x006F
mem[X,0x000000008003745A] -> 0x0040
[8860] [M]: 0x0000000080037458 (0x0040006F) jal zero, 4
mem[X,0x000000008003745C] -> 0x3423
mem[X,0x000000008003745E] -> 0x0641
[8861] [M]: 0x000000008003745C (0x06413423) sd tp, 104(sp)
mem[0x000000008004A230] <- 0x0000000000000003
mem[X,0x0000000080037460] -> 0xB537
mem[X,0x0000000080037462] -> 0xAAAA
[8862] [M]: 0x0000000080037460 (0xAAAAB537) lui a0, 699051
x10 <- 0xFFFFFFFFAAAAB000
mem[X,0x0000000080037464] -> 0x0513
mem[X,0x0000000080037466] -> 0xAAA5
[8863] [M]: 0x0000000080037464 (0xAAA50513) addi a0, a0, 2730
x10 <- 0xFFFFFFFFAAAAAAAA
mem[X,0x0000000080037468] -> 0x1513
mem[X,0x000000008003746A] -> 0x00B5
[8864] [M]: 0x0000000080037468 (0x00B51513) slli a0, a0, 11
x10 <- 0xFFFFFD5555555000
mem[X,0x000000008003746C] -> 0x0513
mem[X,0x000000008003746E] -> 0x5555
[8865] [M]: 0x000000008003746C (0x55550513) addi a0, a0, 1365
x10 <- 0xFFFFFD5555555555
mem[X,0x0000000080037470] -> 0x1513
mem[X,0x0000000080037472] -> 0x00B5
[8866] [M]: 0x0000000080037470 (0x00B51513) slli a0, a0, 11
x10 <- 0xFFEAAAAAAAAAA800
mem[X,0x0000000080037474] -> 0x0513
mem[X,0x0000000080037476] -> 0x2AA5
[8867] [M]: 0x0000000080037474 (0x2AA50513) addi a0, a0, 682
x10 <- 0xFFEAAAAAAAAAAAAA
mem[X,0x0000000080037478] -> 0x1513
mem[X,0x000000008003747A] -> 0x00A5
[8868] [M]: 0x0000000080037478 (0x00A51513) slli a0, a0, 10
x10 <- 0xAAAAAAAAAAAAA800
mem[X,0x000000008003747C] -> 0x0513
mem[X,0x000000008003747E] -> 0x2AB5
[8869] [M]: 0x000000008003747C (0x2AB50513) addi a0, a0, 683
x10 <- 0xAAAAAAAAAAAAAAAB
mem[X,0x0000000080037480] -> 0x0593
mem[X,0x0000000080037482] -> 0x0060
[8870] [M]: 0x0000000080037480 (0x00600593) addi a1, zero, 6
x11 <- 0x0000000000000006
mem[X,0x0000000080037484] -> 0x0213
mem[X,0x0000000080037486] -> 0x0000
[8871] [M]: 0x0000000080037484 (0x00000213) addi tp, zero, 0
x4 <- 0x0000000000000000
mem[X,0x0000000080037488] -> 0x006F
mem[X,0x000000008003748A] -> 0x00C0
[8872] [M]: 0x0000000080037488 (0x00C0006F) jal zero, 12
mem[X,0x0000000080037494] -> 0x0CE3
mem[X,0x0000000080037496] -> 0xFEB5
[8873] [M]: 0x0000000080037494 (0xFEB50CE3) beq a0, a1, 8184
mem[X,0x0000000080037498] -> 0x0213
mem[X,0x000000008003749A] -> 0x0022
[8874] [M]: 0x0000000080037498 (0x00220213) addi tp, tp, 2
x4 <- 0x0000000000000002
mem[X,0x000000008003749C] -> 0x006F
mem[X,0x000000008003749E] -> 0x00C0
[8875] [M]: 0x000000008003749C (0x00C0006F) jal zero, 12
mem[X,0x00000000800374A8] -> 0x3823
mem[X,0x00000000800374AA] -> 0x0641
[8876] [M]: 0x00000000800374A8 (0x06413823) sd tp, 112(sp)
mem[0x000000008004A238] <- 0x0000000000000002
mem[X,0x00000000800374AC] -> 0xB537
mem[X,0x00000000800374AE] -> 0xAAAA
[8877] [M]: 0x00000000800374AC (0xAAAAB537) lui a0, 699051
x10 <- 0xFFFFFFFFAAAAB000
mem[X,0x00000000800374B0] -> 0x0513
mem[X,0x00000000800374B2] -> 0xAAA5
[8878] [M]: 0x00000000800374B0 (0xAAA50513) addi a0, a0, 2730
x10 <- 0xFFFFFFFFAAAAAAAA
mem[X,0x00000000800374B4] -> 0x1513
mem[X,0x00000000800374B6] -> 0x00B5
[8879] [M]: 0x00000000800374B4 (0x00B51513) slli a0, a0, 11
x10 <- 0xFFFFFD5555555000
mem[X,0x00000000800374B8] -> 0x0513
mem[X,0x00000000800374BA] -> 0x5555
[8880] [M]: 0x00000000800374B8 (0x55550513) addi a0, a0, 1365
x10 <- 0xFFFFFD5555555555
mem[X,0x00000000800374BC] -> 0x1513
mem[X,0x00000000800374BE] -> 0x00B5
[8881] [M]: 0x00000000800374BC (0x00B51513) slli a0, a0, 11
x10 <- 0xFFEAAAAAAAAAA800
mem[X,0x00000000800374C0] -> 0x0513
mem[X,0x00000000800374C2] -> 0x2AA5
[8882] [M]: 0x00000000800374C0 (0x2AA50513) addi a0, a0, 682
x10 <- 0xFFEAAAAAAAAAAAAA
mem[X,0x00000000800374C4] -> 0x1513
mem[X,0x00000000800374C6] -> 0x00A5
[8883] [M]: 0x00000000800374C4 (0x00A51513) slli a0, a0, 10
x10 <- 0xAAAAAAAAAAAAA800
mem[X,0x00000000800374C8] -> 0x0513
mem[X,0x00000000800374CA] -> 0x2AB5
[8884] [M]: 0x00000000800374C8 (0x2AB50513) addi a0, a0, 683
x10 <- 0xAAAAAAAAAAAAAAAB
mem[X,0x00000000800374CC] -> 0x35B7
mem[X,0x00000000800374CE] -> 0x3333
[8885] [M]: 0x00000000800374CC (0x333335B7) lui a1, 209715
x11 <- 0x0000000033333000
mem[X,0x00000000800374D0] -> 0x8593
mem[X,0x00000000800374D2] -> 0x3335
[8886] [M]: 0x00000000800374D0 (0x33358593) addi a1, a1, 819
x11 <- 0x0000000033333333
mem[X,0x00000000800374D4] -> 0x9593
mem[X,0x00000000800374D6] -> 0x00B5
[8887] [M]: 0x00000000800374D4 (0x00B59593) slli a1, a1, 11
x11 <- 0x0000019999999800
mem[X,0x00000000800374D8] -> 0x8593
mem[X,0x00000000800374DA] -> 0x1995
[8888] [M]: 0x00000000800374D8 (0x19958593) addi a1, a1, 409
x11 <- 0x0000019999999999
mem[X,0x00000000800374DC] -> 0x9593
mem[X,0x00000000800374DE] -> 0x00B5
[8889] [M]: 0x00000000800374DC (0x00B59593) slli a1, a1, 11
x11 <- 0x000CCCCCCCCCC800
mem[X,0x00000000800374E0] -> 0x8593
mem[X,0x00000000800374E2] -> 0x4CC5
[8890] [M]: 0x00000000800374E0 (0x4CC58593) addi a1, a1, 1228
x11 <- 0x000CCCCCCCCCCCCC
mem[X,0x00000000800374E4] -> 0x9593
mem[X,0x00000000800374E6] -> 0x00A5
[8891] [M]: 0x00000000800374E4 (0x00A59593) slli a1, a1, 10
x11 <- 0x3333333333333000
mem[X,0x00000000800374E8] -> 0x8593
mem[X,0x00000000800374EA] -> 0x3345
[8892] [M]: 0x00000000800374E8 (0x33458593) addi a1, a1, 820
x11 <- 0x3333333333333334
mem[X,0x00000000800374EC] -> 0x0213
mem[X,0x00000000800374EE] -> 0x0000
[8893] [M]: 0x00000000800374EC (0x00000213) addi tp, zero, 0
x4 <- 0x0000000000000000
mem[X,0x00000000800374F0] -> 0x006F
mem[X,0x00000000800374F2] -> 0x00C0
[8894] [M]: 0x00000000800374F0 (0x00C0006F) jal zero, 12
mem[X,0x00000000800374FC] -> 0x0663
mem[X,0x00000000800374FE] -> 0x00B5
[8895] [M]: 0x00000000800374FC (0x00B50663) beq a0, a1, 12
mem[X,0x0000000080037500] -> 0x0213
mem[X,0x0000000080037502] -> 0x0022
[8896] [M]: 0x0000000080037500 (0x00220213) addi tp, tp, 2
x4 <- 0x0000000000000002
mem[X,0x0000000080037504] -> 0x006F
mem[X,0x0000000080037506] -> 0x00C0
[8897] [M]: 0x0000000080037504 (0x00C0006F) jal zero, 12
mem[X,0x0000000080037510] -> 0x3C23
mem[X,0x0000000080037512] -> 0x0641
[8898] [M]: 0x0000000080037510 (0x06413C23) sd tp, 120(sp)
mem[0x000000008004A240] <- 0x0000000000000002
mem[X,0x0000000080037514] -> 0xB537
mem[X,0x0000000080037516] -> 0xAAAA
[8899] [M]: 0x0000000080037514 (0xAAAAB537) lui a0, 699051
x10 <- 0xFFFFFFFFAAAAB000
clint::tick mtime <- 0x0000000000000059
 clint timer pending at mtime 0x0000000000000059
htif::tick 0x0000000000000000
mem[X,0x0000000080037518] -> 0x0513
mem[X,0x000000008003751A] -> 0xAAA5
[8900] [M]: 0x0000000080037518 (0xAAA50513) addi a0, a0, 2730
x10 <- 0xFFFFFFFFAAAAAAAA
mem[X,0x000000008003751C] -> 0x1513
mem[X,0x000000008003751E] -> 0x00B5
[8901] [M]: 0x000000008003751C (0x00B51513) slli a0, a0, 11
x10 <- 0xFFFFFD5555555000
mem[X,0x0000000080037520] -> 0x0513
mem[X,0x0000000080037522] -> 0x5555
[8902] [M]: 0x0000000080037520 (0x55550513) addi a0, a0, 1365
x10 <- 0xFFFFFD5555555555
mem[X,0x0000000080037524] -> 0x1513
mem[X,0x0000000080037526] -> 0x00B5
[8903] [M]: 0x0000000080037524 (0x00B51513) slli a0, a0, 11
x10 <- 0xFFEAAAAAAAAAA800
mem[X,0x0000000080037528] -> 0x0513
mem[X,0x000000008003752A] -> 0x2AA5
[8904] [M]: 0x0000000080037528 (0x2AA50513) addi a0, a0, 682
x10 <- 0xFFEAAAAAAAAAAAAA
mem[X,0x000000008003752C] -> 0x1513
mem[X,0x000000008003752E] -> 0x00A5
[8905] [M]: 0x000000008003752C (0x00A51513) slli a0, a0, 10
x10 <- 0xAAAAAAAAAAAAA800
mem[X,0x0000000080037530] -> 0x0513
mem[X,0x0000000080037532] -> 0x2AB5
[8906] [M]: 0x0000000080037530 (0x2AB50513) addi a0, a0, 683
x10 <- 0xAAAAAAAAAAAAAAAB
mem[X,0x0000000080037534] -> 0x65B7
mem[X,0x0000000080037536] -> 0x6666
[8907] [M]: 0x0000000080037534 (0x666665B7) lui a1, 419430
x11 <- 0x0000000066666000
mem[X,0x0000000080037538] -> 0x8593
mem[X,0x000000008003753A] -> 0x6665
[8908] [M]: 0x0000000080037538 (0x66658593) addi a1, a1, 1638
x11 <- 0x0000000066666666
mem[X,0x000000008003753C] -> 0x9593
mem[X,0x000000008003753E] -> 0x00B5
[8909] [M]: 0x000000008003753C (0x00B59593) slli a1, a1, 11
x11 <- 0x0000033333333000
mem[X,0x0000000080037540] -> 0x8593
mem[X,0x0000000080037542] -> 0x3335
[8910] [M]: 0x0000000080037540 (0x33358593) addi a1, a1, 819
x11 <- 0x0000033333333333
mem[X,0x0000000080037544] -> 0x9593
mem[X,0x0000000080037546] -> 0x00B5
[8911] [M]: 0x0000000080037544 (0x00B59593) slli a1, a1, 11
x11 <- 0x0019999999999800
mem[X,0x0000000080037548] -> 0x8593
mem[X,0x000000008003754A] -> 0x1995
[8912] [M]: 0x0000000080037548 (0x19958593) addi a1, a1, 409
x11 <- 0x0019999999999999
mem[X,0x000000008003754C] -> 0x9593
mem[X,0x000000008003754E] -> 0x00A5
[8913] [M]: 0x000000008003754C (0x00A59593) slli a1, a1, 10
x11 <- 0x6666666666666400
mem[X,0x0000000080037550] -> 0x8593
mem[X,0x0000000080037552] -> 0x2675
[8914] [M]: 0x0000000080037550 (0x26758593) addi a1, a1, 615
x11 <- 0x6666666666666667
mem[X,0x0000000080037554] -> 0x0213
mem[X,0x0000000080037556] -> 0x0000
[8915] [M]: 0x0000000080037554 (0x00000213) addi tp, zero, 0
x4 <- 0x0000000000000000
mem[X,0x0000000080037558] -> 0x006F
mem[X,0x000000008003755A] -> 0x0140
[8916] [M]: 0x0000000080037558 (0x0140006F) jal zero, 20
mem[X,0x000000008003756C] -> 0x08E3
mem[X,0x000000008003756E] -> 0xFEB5
[8917] [M]: 0x000000008003756C (0xFEB508E3) beq a0, a1, 8176
mem[X,0x0000000080037570] -> 0x0213
mem[X,0x0000000080037572] -> 0x0022
[8918] [M]: 0x0000000080037570 (0x00220213) addi tp, tp, 2
x4 <- 0x0000000000000002
mem[X,0x0000000080037574] -> 0x006F
mem[X,0x0000000080037576] -> 0x00C0
[8919] [M]: 0x0000000080037574 (0x00C0006F) jal zero, 12
mem[X,0x0000000080037580] -> 0x3023
mem[X,0x0000000080037582] -> 0x0841
[8920] [M]: 0x0000000080037580 (0x08413023) sd tp, 128(sp)
mem[0x000000008004A248] <- 0x0000000000000002
mem[X,0x0000000080037584] -> 0xB537
mem[X,0x0000000080037586] -> 0xAAAA
[8921] [M]: 0x0000000080037584 (0xAAAAB537) lui a0, 699051
x10 <- 0xFFFFFFFFAAAAB000
mem[X,0x0000000080037588] -> 0x0513
mem[X,0x000000008003758A] -> 0xAAA5
[8922] [M]: 0x0000000080037588 (0xAAA50513) addi a0, a0, 2730
x10 <- 0xFFFFFFFFAAAAAAAA
mem[X,0x000000008003758C] -> 0x1513
mem[X,0x000000008003758E] -> 0x00B5
[8923] [M]: 0x000000008003758C (0x00B51513) slli a0, a0, 11
x10 <- 0xFFFFFD5555555000
mem[X,0x0000000080037590] -> 0x0513
mem[X,0x0000000080037592] -> 0x5555
[8924] [M]: 0x0000000080037590 (0x55550513) addi a0, a0, 1365
x10 <- 0xFFFFFD5555555555
mem[X,0x0000000080037594] -> 0x1513
mem[X,0x0000000080037596] -> 0x00B5
[8925] [M]: 0x0000000080037594 (0x00B51513) slli a0, a0, 11
x10 <- 0xFFEAAAAAAAAAA800
mem[X,0x0000000080037598] -> 0x0513
mem[X,0x000000008003759A] -> 0x2AA5
[8926] [M]: 0x0000000080037598 (0x2AA50513) addi a0, a0, 682
x10 <- 0xFFEAAAAAAAAAAAAA
mem[X,0x000000008003759C] -> 0x1513
mem[X,0x000000008003759E] -> 0x00A5
[8927] [M]: 0x000000008003759C (0x00A51513) slli a0, a0, 10
x10 <- 0xAAAAAAAAAAAAA800
mem[X,0x00000000800375A0] -> 0x0513
mem[X,0x00000000800375A2] -> 0x2AB5
[8928] [M]: 0x00000000800375A0 (0x2AB50513) addi a0, a0, 683
x10 <- 0xAAAAAAAAAAAAAAAB
mem[X,0x00000000800375A4] -> 0x05B7
mem[X,0x00000000800375A6] -> 0x0000
[8929] [M]: 0x00000000800375A4 (0x000005B7) lui a1, 0
x11 <- 0x0000000000000000
mem[X,0x00000000800375A8] -> 0x8593
mem[X,0x00000000800375AA] -> 0xFFF5
[8930] [M]: 0x00000000800375A8 (0xFFF58593) addi a1, a1, 4095
x11 <- 0xFFFFFFFFFFFFFFFF
mem[X,0x00000000800375AC] -> 0x9593
mem[X,0x00000000800375AE] -> 0x00B5
[8931] [M]: 0x00000000800375AC (0x00B59593) slli a1, a1, 11
x11 <- 0xFFFFFFFFFFFFF800
mem[X,0x00000000800375B0] -> 0x8593
mem[X,0x00000000800375B2] -> 0x2575
[8932] [M]: 0x00000000800375B0 (0x25758593) addi a1, a1, 599
x11 <- 0xFFFFFFFFFFFFFA57
mem[X,0x00000000800375B4] -> 0x9593
mem[X,0x00000000800375B6] -> 0x00B5
[8933] [M]: 0x00000000800375B4 (0x00B59593) slli a1, a1, 11
x11 <- 0xFFFFFFFFFFD2B800
mem[X,0x00000000800375B8] -> 0x8593
mem[X,0x00000000800375BA] -> 0x6C35
[8934] [M]: 0x00000000800375B8 (0x6C358593) addi a1, a1, 1731
x11 <- 0xFFFFFFFFFFD2BEC3
mem[X,0x00000000800375BC] -> 0x9593
mem[X,0x00000000800375BE] -> 0x00A5
[8935] [M]: 0x00000000800375BC (0x00A59593) slli a1, a1, 10
x11 <- 0xFFFFFFFF4AFB0C00
mem[X,0x00000000800375C0] -> 0x8593
mem[X,0x00000000800375C2] -> 0x0CE5
[8936] [M]: 0x00000000800375C0 (0x0CE58593) addi a1, a1, 206
x11 <- 0xFFFFFFFF4AFB0CCE
mem[X,0x00000000800375C4] -> 0x0213
mem[X,0x00000000800375C6] -> 0x0000
[8937] [M]: 0x00000000800375C4 (0x00000213) addi tp, zero, 0
x4 <- 0x0000000000000000
mem[X,0x00000000800375C8] -> 0x006F
mem[X,0x00000000800375CA] -> 0x00C0
[8938] [M]: 0x00000000800375C8 (0x00C0006F) jal zero, 12
mem[X,0x00000000800375D4] -> 0x0663
mem[X,0x00000000800375D6] -> 0x00B5
[8939] [M]: 0x00000000800375D4 (0x00B50663) beq a0, a1, 12
mem[X,0x00000000800375D8] -> 0x0213
mem[X,0x00000000800375DA] -> 0x0022
[8940] [M]: 0x00000000800375D8 (0x00220213) addi tp, tp, 2
x4 <- 0x0000000000000002
mem[X,0x00000000800375DC] -> 0x006F
mem[X,0x00000000800375DE] -> 0x00C0
[8941] [M]: 0x00000000800375DC (0x00C0006F) jal zero, 12
mem[X,0x00000000800375E8] -> 0x3423
mem[X,0x00000000800375EA] -> 0x0841
[8942] [M]: 0x00000000800375E8 (0x08413423) sd tp, 136(sp)
mem[0x000000008004A250] <- 0x0000000000000002
mem[X,0x00000000800375EC] -> 0xB537
mem[X,0x00000000800375EE] -> 0xAAAA
[8943] [M]: 0x00000000800375EC (0xAAAAB537) lui a0, 699051
x10 <- 0xFFFFFFFFAAAAB000
mem[X,0x00000000800375F0] -> 0x0513
mem[X,0x00000000800375F2] -> 0xAAA5
[8944] [M]: 0x00000000800375F0 (0xAAA50513) addi a0, a0, 2730
x10 <- 0xFFFFFFFFAAAAAAAA
mem[X,0x00000000800375F4] -> 0x1513
mem[X,0x00000000800375F6] -> 0x00B5
[8945] [M]: 0x00000000800375F4 (0x00B51513) slli a0, a0, 11
x10 <- 0xFFFFFD5555555000
mem[X,0x00000000800375F8] -> 0x0513
mem[X,0x00000000800375FA] -> 0x5555
[8946] [M]: 0x00000000800375F8 (0x55550513) addi a0, a0, 1365
x10 <- 0xFFFFFD5555555555
mem[X,0x00000000800375FC] -> 0x1513
mem[X,0x00000000800375FE] -> 0x00B5
[8947] [M]: 0x00000000800375FC (0x00B51513) slli a0, a0, 11
x10 <- 0xFFEAAAAAAAAAA800
mem[X,0x0000000080037600] -> 0x0513
mem[X,0x0000000080037602] -> 0x2AA5
[8948] [M]: 0x0000000080037600 (0x2AA50513) addi a0, a0, 682
x10 <- 0xFFEAAAAAAAAAAAAA
mem[X,0x0000000080037604] -> 0x1513
mem[X,0x0000000080037606] -> 0x00A5
[8949] [M]: 0x0000000080037604 (0x00A51513) slli a0, a0, 10
x10 <- 0xAAAAAAAAAAAAA800
mem[X,0x0000000080037608] -> 0x0513
mem[X,0x000000008003760A] -> 0x2AB5
[8950] [M]: 0x0000000080037608 (0x2AB50513) addi a0, a0, 683
x10 <- 0xAAAAAAAAAAAAAAAB
mem[X,0x000000008003760C] -> 0x05B7
mem[X,0x000000008003760E] -> 0x0000
[8951] [M]: 0x000000008003760C (0x000005B7) lui a1, 0
x11 <- 0x0000000000000000
mem[X,0x0000000080037610] -> 0x8593
mem[X,0x0000000080037612] -> 0x0005
[8952] [M]: 0x0000000080037610 (0x00058593) addi a1, a1, 0
x11 <- 0x0000000000000000
mem[X,0x0000000080037614] -> 0x9593
mem[X,0x0000000080037616] -> 0x00B5
[8953] [M]: 0x0000000080037614 (0x00B59593) slli a1, a1, 11
x11 <- 0x0000000000000000
mem[X,0x0000000080037618] -> 0x8593
mem[X,0x000000008003761A] -> 0x5A85
[8954] [M]: 0x0000000080037618 (0x5A858593) addi a1, a1, 1448
x11 <- 0x00000000000005A8
mem[X,0x000000008003761C] -> 0x9593
mem[X,0x000000008003761E] -> 0x00B5
[8955] [M]: 0x000000008003761C (0x00B59593) slli a1, a1, 11
x11 <- 0x00000000002D4000
mem[X,0x0000000080037620] -> 0x8593
mem[X,0x0000000080037622] -> 0x13C5
[8956] [M]: 0x0000000080037620 (0x13C58593) addi a1, a1, 316
x11 <- 0x00000000002D413C
mem[X,0x0000000080037624] -> 0x9593
mem[X,0x0000000080037626] -> 0x00A5
[8957] [M]: 0x0000000080037624 (0x00A59593) slli a1, a1, 10
x11 <- 0x00000000B504F000
mem[X,0x0000000080037628] -> 0x8593
mem[X,0x000000008003762A] -> 0x3345
[8958] [M]: 0x0000000080037628 (0x33458593) addi a1, a1, 820
x11 <- 0x00000000B504F334
mem[X,0x000000008003762C] -> 0x0213
mem[X,0x000000008003762E] -> 0x0000
[8959] [M]: 0x000000008003762C (0x00000213) addi tp, zero, 0
x4 <- 0x0000000000000000
mem[X,0x0000000080037630] -> 0x006F
mem[X,0x0000000080037632] -> 0x0140
[8960] [M]: 0x0000000080037630 (0x0140006F) jal zero, 20
mem[X,0x0000000080037644] -> 0x08E3
mem[X,0x0000000080037646] -> 0xFEB5
[8961] [M]: 0x0000000080037644 (0xFEB508E3) beq a0, a1, 8176
mem[X,0x0000000080037648] -> 0x0213
mem[X,0x000000008003764A] -> 0x0022
[8962] [M]: 0x0000000080037648 (0x00220213) addi tp, tp, 2
x4 <- 0x0000000000000002
mem[X,0x000000008003764C] -> 0x006F
mem[X,0x000000008003764E] -> 0x00C0
[8963] [M]: 0x000000008003764C (0x00C0006F) jal zero, 12
mem[X,0x0000000080037658] -> 0x3823
mem[X,0x000000008003765A] -> 0x0841
[8964] [M]: 0x0000000080037658 (0x08413823) sd tp, 144(sp)
mem[0x000000008004A258] <- 0x0000000000000002
mem[X,0x000000008003765C] -> 0x0513
mem[X,0x000000008003765E] -> 0x0060
[8965] [M]: 0x000000008003765C (0x00600513) addi a0, zero, 6
x10 <- 0x0000000000000006
mem[X,0x0000000080037660] -> 0x0593
mem[X,0x0000000080037662] -> 0x0030
[8966] [M]: 0x0000000080037660 (0x00300593) addi a1, zero, 3
x11 <- 0x0000000000000003
mem[X,0x0000000080037664] -> 0x0213
mem[X,0x0000000080037666] -> 0x0000
[8967] [M]: 0x0000000080037664 (0x00000213) addi tp, zero, 0
x4 <- 0x0000000000000000
mem[X,0x0000000080037668] -> 0x006F
mem[X,0x000000008003766A] -> 0x00C0
[8968] [M]: 0x0000000080037668 (0x00C0006F) jal zero, 12
mem[X,0x0000000080037674] -> 0x0CE3
mem[X,0x0000000080037676] -> 0xFEB5
[8969] [M]: 0x0000000080037674 (0xFEB50CE3) beq a0, a1, 8184
mem[X,0x0000000080037678] -> 0x0213
mem[X,0x000000008003767A] -> 0x0022
[8970] [M]: 0x0000000080037678 (0x00220213) addi tp, tp, 2
x4 <- 0x0000000000000002
mem[X,0x000000008003767C] -> 0x006F
mem[X,0x000000008003767E] -> 0x00C0
[8971] [M]: 0x000000008003767C (0x00C0006F) jal zero, 12
mem[X,0x0000000080037688] -> 0x3C23
mem[X,0x000000008003768A] -> 0x0841
[8972] [M]: 0x0000000080037688 (0x08413C23) sd tp, 152(sp)
mem[0x000000008004A260] <- 0x0000000000000002
mem[X,0x000000008003768C] -> 0x0513
mem[X,0x000000008003768E] -> 0x0060
[8973] [M]: 0x000000008003768C (0x00600513) addi a0, zero, 6
x10 <- 0x0000000000000006
mem[X,0x0000000080037690] -> 0x55B7
mem[X,0x0000000080037692] -> 0x5555
[8974] [M]: 0x0000000080037690 (0x555555B7) lui a1, 349525
x11 <- 0x0000000055555000
mem[X,0x0000000080037694] -> 0x8593
mem[X,0x0000000080037696] -> 0x5555
[8975] [M]: 0x0000000080037694 (0x55558593) addi a1, a1, 1365
x11 <- 0x0000000055555555
mem[X,0x0000000080037698] -> 0x9593
mem[X,0x000000008003769A] -> 0x00B5
[8976] [M]: 0x0000000080037698 (0x00B59593) slli a1, a1, 11
x11 <- 0x000002AAAAAAA800
mem[X,0x000000008003769C] -> 0x8593
mem[X,0x000000008003769E] -> 0x2AA5
[8977] [M]: 0x000000008003769C (0x2AA58593) addi a1, a1, 682
x11 <- 0x000002AAAAAAAAAA
mem[X,0x00000000800376A0] -> 0x9593
mem[X,0x00000000800376A2] -> 0x00B5
[8978] [M]: 0x00000000800376A0 (0x00B59593) slli a1, a1, 11
x11 <- 0x0015555555555000
mem[X,0x00000000800376A4] -> 0x8593
mem[X,0x00000000800376A6] -> 0x5555
[8979] [M]: 0x00000000800376A4 (0x55558593) addi a1, a1, 1365
x11 <- 0x0015555555555555
mem[X,0x00000000800376A8] -> 0x9593
mem[X,0x00000000800376AA] -> 0x00A5
[8980] [M]: 0x00000000800376A8 (0x00A59593) slli a1, a1, 10
x11 <- 0x5555555555555400
mem[X,0x00000000800376AC] -> 0x8593
mem[X,0x00000000800376AE] -> 0x1555
[8981] [M]: 0x00000000800376AC (0x15558593) addi a1, a1, 341
x11 <- 0x5555555555555555
mem[X,0x00000000800376B0] -> 0x0213
mem[X,0x00000000800376B2] -> 0x0000
[8982] [M]: 0x00000000800376B0 (0x00000213) addi tp, zero, 0
x4 <- 0x0000000000000000
mem[X,0x00000000800376B4] -> 0x006F
mem[X,0x00000000800376B6] -> 0x00C0
[8983] [M]: 0x00000000800376B4 (0x00C0006F) jal zero, 12
mem[X,0x00000000800376C0] -> 0x0663
mem[X,0x00000000800376C2] -> 0x00B5
[8984] [M]: 0x00000000800376C0 (0x00B50663) beq a0, a1, 12
mem[X,0x00000000800376C4] -> 0x0213
mem[X,0x00000000800376C6] -> 0x0022
[8985] [M]: 0x00000000800376C4 (0x00220213) addi tp, tp, 2
x4 <- 0x0000000000000002
mem[X,0x00000000800376C8] -> 0x006F
mem[X,0x00000000800376CA] -> 0x00C0
[8986] [M]: 0x00000000800376C8 (0x00C0006F) jal zero, 12
mem[X,0x00000000800376D4] -> 0x3023
mem[X,0x00000000800376D6] -> 0x0A41
[8987] [M]: 0x00000000800376D4 (0x0A413023) sd tp, 160(sp)
mem[0x000000008004A268] <- 0x0000000000000002
mem[X,0x00000000800376D8] -> 0x0513
mem[X,0x00000000800376DA] -> 0x0060
[8988] [M]: 0x00000000800376D8 (0x00600513) addi a0, zero, 6
x10 <- 0x0000000000000006
mem[X,0x00000000800376DC] -> 0xB5B7
mem[X,0x00000000800376DE] -> 0xAAAA
[8989] [M]: 0x00000000800376DC (0xAAAAB5B7) lui a1, 699051
x11 <- 0xFFFFFFFFAAAAB000
mem[X,0x00000000800376E0] -> 0x8593
mem[X,0x00000000800376E2] -> 0xAAA5
[8990] [M]: 0x00000000800376E0 (0xAAA58593) addi a1, a1, 2730
x11 <- 0xFFFFFFFFAAAAAAAA
mem[X,0x00000000800376E4] -> 0x9593
mem[X,0x00000000800376E6] -> 0x00B5
[8991] [M]: 0x00000000800376E4 (0x00B59593) slli a1, a1, 11
x11 <- 0xFFFFFD5555555000
mem[X,0x00000000800376E8] -> 0x8593
mem[X,0x00000000800376EA] -> 0x5555
[8992] [M]: 0x00000000800376E8 (0x55558593) addi a1, a1, 1365
x11 <- 0xFFFFFD5555555555
mem[X,0x00000000800376EC] -> 0x9593
mem[X,0x00000000800376EE] -> 0x00B5
[8993] [M]: 0x00000000800376EC (0x00B59593) slli a1, a1, 11
x11 <- 0xFFEAAAAAAAAAA800
mem[X,0x00000000800376F0] -> 0x8593
mem[X,0x00000000800376F2] -> 0x2AA5
[8994] [M]: 0x00000000800376F0 (0x2AA58593) addi a1, a1, 682
x11 <- 0xFFEAAAAAAAAAAAAA
mem[X,0x00000000800376F4] -> 0x9593
mem[X,0x00000000800376F6] -> 0x00A5
[8995] [M]: 0x00000000800376F4 (0x00A59593) slli a1, a1, 10
x11 <- 0xAAAAAAAAAAAAA800
mem[X,0x00000000800376F8] -> 0x8593
mem[X,0x00000000800376FA] -> 0x2AA5
[8996] [M]: 0x00000000800376F8 (0x2AA58593) addi a1, a1, 682
x11 <- 0xAAAAAAAAAAAAAAAA
mem[X,0x00000000800376FC] -> 0x0213
mem[X,0x00000000800376FE] -> 0x0000
[8997] [M]: 0x00000000800376FC (0x00000213) addi tp, zero, 0
x4 <- 0x0000000000000000
mem[X,0x0000000080037700] -> 0x006F
mem[X,0x0000000080037702] -> 0x00C0
[8998] [M]: 0x0000000080037700 (0x00C0006F) jal zero, 12
mem[X,0x000000008003770C] -> 0x0663
mem[X,0x000000008003770E] -> 0x00B5
[8999] [M]: 0x000000008003770C (0x00B50663) beq a0, a1, 12
clint::tick mtime <- 0x000000000000005A
 clint timer pending at mtime 0x000000000000005A
htif::tick 0x0000000000000000
mem[X,0x0000000080037710] -> 0x0213
mem[X,0x0000000080037712] -> 0x0022
[9000] [M]: 0x0000000080037710 (0x00220213) addi tp, tp, 2
x4 <- 0x0000000000000002
mem[X,0x0000000080037714] -> 0x006F
mem[X,0x0000000080037716] -> 0x00C0
[9001] [M]: 0x0000000080037714 (0x00C0006F) jal zero, 12
mem[X,0x0000000080037720] -> 0x3423
mem[X,0x0000000080037722] -> 0x0A41
[9002] [M]: 0x0000000080037720 (0x0A413423) sd tp, 168(sp)
mem[0x000000008004A270] <- 0x0000000000000002
mem[X,0x0000000080037724] -> 0x0513
mem[X,0x0000000080037726] -> 0x0060
[9003] [M]: 0x0000000080037724 (0x00600513) addi a0, zero, 6
x10 <- 0x0000000000000006
mem[X,0x0000000080037728] -> 0x0593
mem[X,0x000000008003772A] -> 0x0050
[9004] [M]: 0x0000000080037728 (0x00500593) addi a1, zero, 5
x11 <- 0x0000000000000005
mem[X,0x000000008003772C] -> 0x0213
mem[X,0x000000008003772E] -> 0x0000
[9005] [M]: 0x000000008003772C (0x00000213) addi tp, zero, 0
x4 <- 0x0000000000000000
mem[X,0x0000000080037730] -> 0x006F
mem[X,0x0000000080037732] -> 0x00C0
[9006] [M]: 0x0000000080037730 (0x00C0006F) jal zero, 12
mem[X,0x000000008003773C] -> 0x0063
mem[X,0x000000008003773E] -> 0x20B5
[9007] [M]: 0x000000008003773C (0x20B50063) beq a0, a1, 512
mem[X,0x0000000080037740] -> 0x0213
mem[X,0x0000000080037742] -> 0x0022
[9008] [M]: 0x0000000080037740 (0x00220213) addi tp, tp, 2
x4 <- 0x0000000000000002
mem[X,0x0000000080037744] -> 0x006F
mem[X,0x0000000080037746] -> 0x2000
[9009] [M]: 0x0000000080037744 (0x2000006F) jal zero, 512
mem[X,0x0000000080037944] -> 0x3823
mem[X,0x0000000080037946] -> 0x0A41
[9010] [M]: 0x0000000080037944 (0x0A413823) sd tp, 176(sp)
mem[0x000000008004A278] <- 0x0000000000000002
mem[X,0x0000000080037948] -> 0x0513
mem[X,0x000000008003794A] -> 0x0060
[9011] [M]: 0x0000000080037948 (0x00600513) addi a0, zero, 6
x10 <- 0x0000000000000006
mem[X,0x000000008003794C] -> 0x35B7
mem[X,0x000000008003794E] -> 0x3333
[9012] [M]: 0x000000008003794C (0x333335B7) lui a1, 209715
x11 <- 0x0000000033333000
mem[X,0x0000000080037950] -> 0x8593
mem[X,0x0000000080037952] -> 0x3335
[9013] [M]: 0x0000000080037950 (0x33358593) addi a1, a1, 819
x11 <- 0x0000000033333333
mem[X,0x0000000080037954] -> 0x9593
mem[X,0x0000000080037956] -> 0x00B5
[9014] [M]: 0x0000000080037954 (0x00B59593) slli a1, a1, 11
x11 <- 0x0000019999999800
mem[X,0x0000000080037958] -> 0x8593
mem[X,0x000000008003795A] -> 0x1995
[9015] [M]: 0x0000000080037958 (0x19958593) addi a1, a1, 409
x11 <- 0x0000019999999999
mem[X,0x000000008003795C] -> 0x9593
mem[X,0x000000008003795E] -> 0x00B5
[9016] [M]: 0x000000008003795C (0x00B59593) slli a1, a1, 11
x11 <- 0x000CCCCCCCCCC800
mem[X,0x0000000080037960] -> 0x8593
mem[X,0x0000000080037962] -> 0x4CC5
[9017] [M]: 0x0000000080037960 (0x4CC58593) addi a1, a1, 1228
x11 <- 0x000CCCCCCCCCCCCC
mem[X,0x0000000080037964] -> 0x9593
mem[X,0x0000000080037966] -> 0x00A5
[9018] [M]: 0x0000000080037964 (0x00A59593) slli a1, a1, 10
x11 <- 0x3333333333333000
mem[X,0x0000000080037968] -> 0x8593
mem[X,0x000000008003796A] -> 0x3335
[9019] [M]: 0x0000000080037968 (0x33358593) addi a1, a1, 819
x11 <- 0x3333333333333333
mem[X,0x000000008003796C] -> 0x0213
mem[X,0x000000008003796E] -> 0x0000
[9020] [M]: 0x000000008003796C (0x00000213) addi tp, zero, 0
x4 <- 0x0000000000000000
mem[X,0x0000000080037970] -> 0x006F
mem[X,0x0000000080037972] -> 0x00C0
[9021] [M]: 0x0000000080037970 (0x00C0006F) jal zero, 12
mem[X,0x000000008003797C] -> 0x0063
mem[X,0x000000008003797E] -> 0x08B5
[9022] [M]: 0x000000008003797C (0x08B50063) beq a0, a1, 128
mem[X,0x0000000080037980] -> 0x0213
mem[X,0x0000000080037982] -> 0x0022
[9023] [M]: 0x0000000080037980 (0x00220213) addi tp, tp, 2
x4 <- 0x0000000000000002
mem[X,0x0000000080037984] -> 0x006F
mem[X,0x0000000080037986] -> 0x0800
[9024] [M]: 0x0000000080037984 (0x0800006F) jal zero, 128
mem[X,0x0000000080037A04] -> 0x3C23
mem[X,0x0000000080037A06] -> 0x0A41
[9025] [M]: 0x0000000080037A04 (0x0A413C23) sd tp, 184(sp)
mem[0x000000008004A280] <- 0x0000000000000002
mem[X,0x0000000080037A08] -> 0x0513
mem[X,0x0000000080037A0A] -> 0x0060
[9026] [M]: 0x0000000080037A08 (0x00600513) addi a0, zero, 6
x10 <- 0x0000000000000006
mem[X,0x0000000080037A0C] -> 0x65B7
mem[X,0x0000000080037A0E] -> 0x6666
[9027] [M]: 0x0000000080037A0C (0x666665B7) lui a1, 419430
x11 <- 0x0000000066666000
mem[X,0x0000000080037A10] -> 0x8593
mem[X,0x0000000080037A12] -> 0x6665
[9028] [M]: 0x0000000080037A10 (0x66658593) addi a1, a1, 1638
x11 <- 0x0000000066666666
mem[X,0x0000000080037A14] -> 0x9593
mem[X,0x0000000080037A16] -> 0x00B5
[9029] [M]: 0x0000000080037A14 (0x00B59593) slli a1, a1, 11
x11 <- 0x0000033333333000
mem[X,0x0000000080037A18] -> 0x8593
mem[X,0x0000000080037A1A] -> 0x3335
[9030] [M]: 0x0000000080037A18 (0x33358593) addi a1, a1, 819
x11 <- 0x0000033333333333
mem[X,0x0000000080037A1C] -> 0x9593
mem[X,0x0000000080037A1E] -> 0x00B5
[9031] [M]: 0x0000000080037A1C (0x00B59593) slli a1, a1, 11
x11 <- 0x0019999999999800
mem[X,0x0000000080037A20] -> 0x8593
mem[X,0x0000000080037A22] -> 0x1995
[9032] [M]: 0x0000000080037A20 (0x19958593) addi a1, a1, 409
x11 <- 0x0019999999999999
mem[X,0x0000000080037A24] -> 0x9593
mem[X,0x0000000080037A26] -> 0x00A5
[9033] [M]: 0x0000000080037A24 (0x00A59593) slli a1, a1, 10
x11 <- 0x6666666666666400
mem[X,0x0000000080037A28] -> 0x8593
mem[X,0x0000000080037A2A] -> 0x2665
[9034] [M]: 0x0000000080037A28 (0x26658593) addi a1, a1, 614
x11 <- 0x6666666666666666
mem[X,0x0000000080037A2C] -> 0x0213
mem[X,0x0000000080037A2E] -> 0x0000
[9035] [M]: 0x0000000080037A2C (0x00000213) addi tp, zero, 0
x4 <- 0x0000000000000000
mem[X,0x0000000080037A30] -> 0x006F
mem[X,0x0000000080037A32] -> 0x00C0
[9036] [M]: 0x0000000080037A30 (0x00C0006F) jal zero, 12
mem[X,0x0000000080037A3C] -> 0x0CE3
mem[X,0x0000000080037A3E] -> 0xFEB5
[9037] [M]: 0x0000000080037A3C (0xFEB50CE3) beq a0, a1, 8184
mem[X,0x0000000080037A40] -> 0x0213
mem[X,0x0000000080037A42] -> 0x0022
[9038] [M]: 0x0000000080037A40 (0x00220213) addi tp, tp, 2
x4 <- 0x0000000000000002
mem[X,0x0000000080037A44] -> 0x006F
mem[X,0x0000000080037A46] -> 0x00C0
[9039] [M]: 0x0000000080037A44 (0x00C0006F) jal zero, 12
mem[X,0x0000000080037A50] -> 0x3023
mem[X,0x0000000080037A52] -> 0x0C41
[9040] [M]: 0x0000000080037A50 (0x0C413023) sd tp, 192(sp)
mem[0x000000008004A288] <- 0x0000000000000002
mem[X,0x0000000080037A54] -> 0x0513
mem[X,0x0000000080037A56] -> 0x0060
[9041] [M]: 0x0000000080037A54 (0x00600513) addi a0, zero, 6
x10 <- 0x0000000000000006
mem[X,0x0000000080037A58] -> 0x05B7
mem[X,0x0000000080037A5A] -> 0x0000
[9042] [M]: 0x0000000080037A58 (0x000005B7) lui a1, 0
x11 <- 0x0000000000000000
mem[X,0x0000000080037A5C] -> 0x8593
mem[X,0x0000000080037A5E] -> 0xFFF5
[9043] [M]: 0x0000000080037A5C (0xFFF58593) addi a1, a1, 4095
x11 <- 0xFFFFFFFFFFFFFFFF
mem[X,0x0000000080037A60] -> 0x9593
mem[X,0x0000000080037A62] -> 0x00B5
[9044] [M]: 0x0000000080037A60 (0x00B59593) slli a1, a1, 11
x11 <- 0xFFFFFFFFFFFFF800
mem[X,0x0000000080037A64] -> 0x8593
mem[X,0x0000000080037A66] -> 0x2575
[9045] [M]: 0x0000000080037A64 (0x25758593) addi a1, a1, 599
x11 <- 0xFFFFFFFFFFFFFA57
mem[X,0x0000000080037A68] -> 0x9593
mem[X,0x0000000080037A6A] -> 0x00B5
[9046] [M]: 0x0000000080037A68 (0x00B59593) slli a1, a1, 11
x11 <- 0xFFFFFFFFFFD2B800
mem[X,0x0000000080037A6C] -> 0x8593
mem[X,0x0000000080037A6E] -> 0x6C35
[9047] [M]: 0x0000000080037A6C (0x6C358593) addi a1, a1, 1731
x11 <- 0xFFFFFFFFFFD2BEC3
mem[X,0x0000000080037A70] -> 0x9593
mem[X,0x0000000080037A72] -> 0x00A5
[9048] [M]: 0x0000000080037A70 (0x00A59593) slli a1, a1, 10
x11 <- 0xFFFFFFFF4AFB0C00
mem[X,0x0000000080037A74] -> 0x8593
mem[X,0x0000000080037A76] -> 0x0CD5
[9049] [M]: 0x0000000080037A74 (0x0CD58593) addi a1, a1, 205
x11 <- 0xFFFFFFFF4AFB0CCD
mem[X,0x0000000080037A78] -> 0x0213
mem[X,0x0000000080037A7A] -> 0x0000
[9050] [M]: 0x0000000080037A78 (0x00000213) addi tp, zero, 0
x4 <- 0x0000000000000000
mem[X,0x0000000080037A7C] -> 0x006F
mem[X,0x0000000080037A7E] -> 0x00C0
[9051] [M]: 0x0000000080037A7C (0x00C0006F) jal zero, 12
mem[X,0x0000000080037A88] -> 0x0063
mem[X,0x0000000080037A8A] -> 0x40B5
[9052] [M]: 0x0000000080037A88 (0x40B50063) beq a0, a1, 1024
mem[X,0x0000000080037A8C] -> 0x0213
mem[X,0x0000000080037A8E] -> 0x0022
[9053] [M]: 0x0000000080037A8C (0x00220213) addi tp, tp, 2
x4 <- 0x0000000000000002
mem[X,0x0000000080037A90] -> 0x006F
mem[X,0x0000000080037A92] -> 0x4000
[9054] [M]: 0x0000000080037A90 (0x4000006F) jal zero, 1024
mem[X,0x0000000080037E90] -> 0x3423
mem[X,0x0000000080037E92] -> 0x0C41
[9055] [M]: 0x0000000080037E90 (0x0C413423) sd tp, 200(sp)
mem[0x000000008004A290] <- 0x0000000000000002
mem[X,0x0000000080037E94] -> 0x0513
mem[X,0x0000000080037E96] -> 0x0060
[9056] [M]: 0x0000000080037E94 (0x00600513) addi a0, zero, 6
x10 <- 0x0000000000000006
mem[X,0x0000000080037E98] -> 0x05B7
mem[X,0x0000000080037E9A] -> 0x0000
[9057] [M]: 0x0000000080037E98 (0x000005B7) lui a1, 0
x11 <- 0x0000000000000000
mem[X,0x0000000080037E9C] -> 0x8593
mem[X,0x0000000080037E9E] -> 0x0005
[9058] [M]: 0x0000000080037E9C (0x00058593) addi a1, a1, 0
x11 <- 0x0000000000000000
mem[X,0x0000000080037EA0] -> 0x9593
mem[X,0x0000000080037EA2] -> 0x00B5
[9059] [M]: 0x0000000080037EA0 (0x00B59593) slli a1, a1, 11
x11 <- 0x0000000000000000
mem[X,0x0000000080037EA4] -> 0x8593
mem[X,0x0000000080037EA6] -> 0x5A85
[9060] [M]: 0x0000000080037EA4 (0x5A858593) addi a1, a1, 1448
x11 <- 0x00000000000005A8
mem[X,0x0000000080037EA8] -> 0x9593
mem[X,0x0000000080037EAA] -> 0x00B5
[9061] [M]: 0x0000000080037EA8 (0x00B59593) slli a1, a1, 11
x11 <- 0x00000000002D4000
mem[X,0x0000000080037EAC] -> 0x8593
mem[X,0x0000000080037EAE] -> 0x13C5
[9062] [M]: 0x0000000080037EAC (0x13C58593) addi a1, a1, 316
x11 <- 0x00000000002D413C
mem[X,0x0000000080037EB0] -> 0x9593
mem[X,0x0000000080037EB2] -> 0x00A5
[9063] [M]: 0x0000000080037EB0 (0x00A59593) slli a1, a1, 10
x11 <- 0x00000000B504F000
mem[X,0x0000000080037EB4] -> 0x8593
mem[X,0x0000000080037EB6] -> 0x3335
[9064] [M]: 0x0000000080037EB4 (0x33358593) addi a1, a1, 819
x11 <- 0x00000000B504F333
mem[X,0x0000000080037EB8] -> 0x0213
mem[X,0x0000000080037EBA] -> 0x0000
[9065] [M]: 0x0000000080037EB8 (0x00000213) addi tp, zero, 0
x4 <- 0x0000000000000000
mem[X,0x0000000080037EBC] -> 0x006F
mem[X,0x0000000080037EBE] -> 0x00C0
[9066] [M]: 0x0000000080037EBC (0x00C0006F) jal zero, 12
mem[X,0x0000000080037EC8] -> 0x0063
mem[X,0x0000000080037ECA] -> 0x10B5
[9067] [M]: 0x0000000080037EC8 (0x10B50063) beq a0, a1, 256
mem[X,0x0000000080037ECC] -> 0x0213
mem[X,0x0000000080037ECE] -> 0x0022
[9068] [M]: 0x0000000080037ECC (0x00220213) addi tp, tp, 2
x4 <- 0x0000000000000002
mem[X,0x0000000080037ED0] -> 0x006F
mem[X,0x0000000080037ED2] -> 0x1000
[9069] [M]: 0x0000000080037ED0 (0x1000006F) jal zero, 256
mem[X,0x0000000080037FD0] -> 0x3823
mem[X,0x0000000080037FD2] -> 0x0C41
[9070] [M]: 0x0000000080037FD0 (0x0C413823) sd tp, 208(sp)
mem[0x000000008004A298] <- 0x0000000000000002
mem[X,0x0000000080037FD4] -> 0x0513
mem[X,0x0000000080037FD6] -> 0x0060
[9071] [M]: 0x0000000080037FD4 (0x00600513) addi a0, zero, 6
x10 <- 0x0000000000000006
mem[X,0x0000000080037FD8] -> 0x0593
mem[X,0x0000000080037FDA] -> 0x0020
[9072] [M]: 0x0000000080037FD8 (0x00200593) addi a1, zero, 2
x11 <- 0x0000000000000002
mem[X,0x0000000080037FDC] -> 0x0213
mem[X,0x0000000080037FDE] -> 0x0000
[9073] [M]: 0x0000000080037FDC (0x00000213) addi tp, zero, 0
x4 <- 0x0000000000000000
mem[X,0x0000000080037FE0] -> 0x006F
mem[X,0x0000000080037FE2] -> 0x00C0
[9074] [M]: 0x0000000080037FE0 (0x00C0006F) jal zero, 12
mem[X,0x0000000080037FEC] -> 0x0663
mem[X,0x0000000080037FEE] -> 0x00B5
[9075] [M]: 0x0000000080037FEC (0x00B50663) beq a0, a1, 12
mem[X,0x0000000080037FF0] -> 0x0213
mem[X,0x0000000080037FF2] -> 0x0022
[9076] [M]: 0x0000000080037FF0 (0x00220213) addi tp, tp, 2
x4 <- 0x0000000000000002
mem[X,0x0000000080037FF4] -> 0x006F
mem[X,0x0000000080037FF6] -> 0x00C0
[9077] [M]: 0x0000000080037FF4 (0x00C0006F) jal zero, 12
mem[X,0x0000000080038000] -> 0x3C23
mem[X,0x0000000080038002] -> 0x0C41
[9078] [M]: 0x0000000080038000 (0x0C413C23) sd tp, 216(sp)
mem[0x000000008004A2A0] <- 0x0000000000000002
mem[X,0x0000000080038004] -> 0x0513
mem[X,0x0000000080038006] -> 0x0060
[9079] [M]: 0x0000000080038004 (0x00600513) addi a0, zero, 6
x10 <- 0x0000000000000006
mem[X,0x0000000080038008] -> 0x55B7
mem[X,0x000000008003800A] -> 0x5555
[9080] [M]: 0x0000000080038008 (0x555555B7) lui a1, 349525
x11 <- 0x0000000055555000
mem[X,0x000000008003800C] -> 0x8593
mem[X,0x000000008003800E] -> 0x5555
[9081] [M]: 0x000000008003800C (0x55558593) addi a1, a1, 1365
x11 <- 0x0000000055555555
mem[X,0x0000000080038010] -> 0x9593
mem[X,0x0000000080038012] -> 0x00B5
[9082] [M]: 0x0000000080038010 (0x00B59593) slli a1, a1, 11
x11 <- 0x000002AAAAAAA800
mem[X,0x0000000080038014] -> 0x8593
mem[X,0x0000000080038016] -> 0x2AA5
[9083] [M]: 0x0000000080038014 (0x2AA58593) addi a1, a1, 682
x11 <- 0x000002AAAAAAAAAA
mem[X,0x0000000080038018] -> 0x9593
mem[X,0x000000008003801A] -> 0x00B5
[9084] [M]: 0x0000000080038018 (0x00B59593) slli a1, a1, 11
x11 <- 0x0015555555555000
mem[X,0x000000008003801C] -> 0x8593
mem[X,0x000000008003801E] -> 0x5555
[9085] [M]: 0x000000008003801C (0x55558593) addi a1, a1, 1365
x11 <- 0x0015555555555555
mem[X,0x0000000080038020] -> 0x9593
mem[X,0x0000000080038022] -> 0x00A5
[9086] [M]: 0x0000000080038020 (0x00A59593) slli a1, a1, 10
x11 <- 0x5555555555555400
mem[X,0x0000000080038024] -> 0x8593
mem[X,0x0000000080038026] -> 0x1545
[9087] [M]: 0x0000000080038024 (0x15458593) addi a1, a1, 340
x11 <- 0x5555555555555554
mem[X,0x0000000080038028] -> 0x0213
mem[X,0x000000008003802A] -> 0x0000
[9088] [M]: 0x0000000080038028 (0x00000213) addi tp, zero, 0
x4 <- 0x0000000000000000
mem[X,0x000000008003802C] -> 0x006F
mem[X,0x000000008003802E] -> 0x00C0
[9089] [M]: 0x000000008003802C (0x00C0006F) jal zero, 12
mem[X,0x0000000080038038] -> 0x0CE3
mem[X,0x000000008003803A] -> 0xFEB5
[9090] [M]: 0x0000000080038038 (0xFEB50CE3) beq a0, a1, 8184
mem[X,0x000000008003803C] -> 0x0213
mem[X,0x000000008003803E] -> 0x0022
[9091] [M]: 0x000000008003803C (0x00220213) addi tp, tp, 2
x4 <- 0x0000000000000002
mem[X,0x0000000080038040] -> 0x006F
mem[X,0x0000000080038042] -> 0x00C0
[9092] [M]: 0x0000000080038040 (0x00C0006F) jal zero, 12
mem[X,0x000000008003804C] -> 0x3023
mem[X,0x000000008003804E] -> 0x0E41
[9093] [M]: 0x000000008003804C (0x0E413023) sd tp, 224(sp)
mem[0x000000008004A2A8] <- 0x0000000000000002
mem[X,0x0000000080038050] -> 0x0513
mem[X,0x0000000080038052] -> 0x0060
[9094] [M]: 0x0000000080038050 (0x00600513) addi a0, zero, 6
x10 <- 0x0000000000000006
mem[X,0x0000000080038054] -> 0x0593
mem[X,0x0000000080038056] -> 0x0000
[9095] [M]: 0x0000000080038054 (0x00000593) addi a1, zero, 0
x11 <- 0x0000000000000000
mem[X,0x0000000080038058] -> 0x0213
mem[X,0x000000008003805A] -> 0x0000
[9096] [M]: 0x0000000080038058 (0x00000213) addi tp, zero, 0
x4 <- 0x0000000000000000
mem[X,0x000000008003805C] -> 0x006F
mem[X,0x000000008003805E] -> 0x0050
[9097] [M]: 0x000000008003805C (0x0050006F) jal zero, 2052
mem[X,0x0000000080038860] -> 0x00E3
mem[X,0x0000000080038862] -> 0x80B5
[9098] [M]: 0x0000000080038860 (0x80B500E3) beq a0, a1, 6144
mem[X,0x0000000080038864] -> 0x0213
mem[X,0x0000000080038866] -> 0x0022
[9099] [M]: 0x0000000080038864 (0x00220213) addi tp, tp, 2
x4 <- 0x0000000000000002
clint::tick mtime <- 0x000000000000005B
 clint timer pending at mtime 0x000000000000005B
htif::tick 0x0000000000000000
mem[X,0x0000000080038868] -> 0x006F
mem[X,0x000000008003886A] -> 0x00C0
[9100] [M]: 0x0000000080038868 (0x00C0006F) jal zero, 12
mem[X,0x0000000080038874] -> 0x3423
mem[X,0x0000000080038876] -> 0x0E41
[9101] [M]: 0x0000000080038874 (0x0E413423) sd tp, 232(sp)
mem[0x000000008004A2B0] <- 0x0000000000000002
mem[X,0x0000000080038878] -> 0x0513
mem[X,0x000000008003887A] -> 0x0060
[9102] [M]: 0x0000000080038878 (0x00600513) addi a0, zero, 6
x10 <- 0x0000000000000006
mem[X,0x000000008003887C] -> 0x0593
mem[X,0x000000008003887E] -> 0x0040
[9103] [M]: 0x000000008003887C (0x00400593) addi a1, zero, 4
x11 <- 0x0000000000000004
mem[X,0x0000000080038880] -> 0x0213
mem[X,0x0000000080038882] -> 0x0000
[9104] [M]: 0x0000000080038880 (0x00000213) addi tp, zero, 0
x4 <- 0x0000000000000000
mem[X,0x0000000080038884] -> 0x006F
mem[X,0x0000000080038886] -> 0x00C0
[9105] [M]: 0x0000000080038884 (0x00C0006F) jal zero, 12
mem[X,0x0000000080038890] -> 0x0663
mem[X,0x0000000080038892] -> 0x00B5
[9106] [M]: 0x0000000080038890 (0x00B50663) beq a0, a1, 12
mem[X,0x0000000080038894] -> 0x0213
mem[X,0x0000000080038896] -> 0x0022
[9107] [M]: 0x0000000080038894 (0x00220213) addi tp, tp, 2
x4 <- 0x0000000000000002
mem[X,0x0000000080038898] -> 0x006F
mem[X,0x000000008003889A] -> 0x00C0
[9108] [M]: 0x0000000080038898 (0x00C0006F) jal zero, 12
mem[X,0x00000000800388A4] -> 0x3823
mem[X,0x00000000800388A6] -> 0x0E41
[9109] [M]: 0x00000000800388A4 (0x0E413823) sd tp, 240(sp)
mem[0x000000008004A2B8] <- 0x0000000000000002
mem[X,0x00000000800388A8] -> 0x0513
mem[X,0x00000000800388AA] -> 0x0060
[9110] [M]: 0x00000000800388A8 (0x00600513) addi a0, zero, 6
x10 <- 0x0000000000000006
mem[X,0x00000000800388AC] -> 0x35B7
mem[X,0x00000000800388AE] -> 0x3333
[9111] [M]: 0x00000000800388AC (0x333335B7) lui a1, 209715
x11 <- 0x0000000033333000
mem[X,0x00000000800388B0] -> 0x8593
mem[X,0x00000000800388B2] -> 0x3335
[9112] [M]: 0x00000000800388B0 (0x33358593) addi a1, a1, 819
x11 <- 0x0000000033333333
mem[X,0x00000000800388B4] -> 0x9593
mem[X,0x00000000800388B6] -> 0x00B5
[9113] [M]: 0x00000000800388B4 (0x00B59593) slli a1, a1, 11
x11 <- 0x0000019999999800
mem[X,0x00000000800388B8] -> 0x8593
mem[X,0x00000000800388BA] -> 0x1995
[9114] [M]: 0x00000000800388B8 (0x19958593) addi a1, a1, 409
x11 <- 0x0000019999999999
mem[X,0x00000000800388BC] -> 0x9593
mem[X,0x00000000800388BE] -> 0x00B5
[9115] [M]: 0x00000000800388BC (0x00B59593) slli a1, a1, 11
x11 <- 0x000CCCCCCCCCC800
mem[X,0x00000000800388C0] -> 0x8593
mem[X,0x00000000800388C2] -> 0x4CC5
[9116] [M]: 0x00000000800388C0 (0x4CC58593) addi a1, a1, 1228
x11 <- 0x000CCCCCCCCCCCCC
mem[X,0x00000000800388C4] -> 0x9593
mem[X,0x00000000800388C6] -> 0x00A5
[9117] [M]: 0x00000000800388C4 (0x00A59593) slli a1, a1, 10
x11 <- 0x3333333333333000
mem[X,0x00000000800388C8] -> 0x8593
mem[X,0x00000000800388CA] -> 0x3325
[9118] [M]: 0x00000000800388C8 (0x33258593) addi a1, a1, 818
x11 <- 0x3333333333333332
mem[X,0x00000000800388CC] -> 0x0213
mem[X,0x00000000800388CE] -> 0x0000
[9119] [M]: 0x00000000800388CC (0x00000213) addi tp, zero, 0
x4 <- 0x0000000000000000
mem[X,0x00000000800388D0] -> 0x006F
mem[X,0x00000000800388D2] -> 0x00C0
[9120] [M]: 0x00000000800388D0 (0x00C0006F) jal zero, 12
mem[X,0x00000000800388DC] -> 0x0063
mem[X,0x00000000800388DE] -> 0x10B5
[9121] [M]: 0x00000000800388DC (0x10B50063) beq a0, a1, 256
mem[X,0x00000000800388E0] -> 0x0213
mem[X,0x00000000800388E2] -> 0x0022
[9122] [M]: 0x00000000800388E0 (0x00220213) addi tp, tp, 2
x4 <- 0x0000000000000002
mem[X,0x00000000800388E4] -> 0x006F
mem[X,0x00000000800388E6] -> 0x1000
[9123] [M]: 0x00000000800388E4 (0x1000006F) jal zero, 256
mem[X,0x00000000800389E4] -> 0x3C23
mem[X,0x00000000800389E6] -> 0x0E41
[9124] [M]: 0x00000000800389E4 (0x0E413C23) sd tp, 248(sp)
mem[0x000000008004A2C0] <- 0x0000000000000002
mem[X,0x00000000800389E8] -> 0x0513
mem[X,0x00000000800389EA] -> 0x0060
[9125] [M]: 0x00000000800389E8 (0x00600513) addi a0, zero, 6
x10 <- 0x0000000000000006
mem[X,0x00000000800389EC] -> 0x65B7
mem[X,0x00000000800389EE] -> 0x6666
[9126] [M]: 0x00000000800389EC (0x666665B7) lui a1, 419430
x11 <- 0x0000000066666000
mem[X,0x00000000800389F0] -> 0x8593
mem[X,0x00000000800389F2] -> 0x6665
[9127] [M]: 0x00000000800389F0 (0x66658593) addi a1, a1, 1638
x11 <- 0x0000000066666666
mem[X,0x00000000800389F4] -> 0x9593
mem[X,0x00000000800389F6] -> 0x00B5
[9128] [M]: 0x00000000800389F4 (0x00B59593) slli a1, a1, 11
x11 <- 0x0000033333333000
mem[X,0x00000000800389F8] -> 0x8593
mem[X,0x00000000800389FA] -> 0x3335
[9129] [M]: 0x00000000800389F8 (0x33358593) addi a1, a1, 819
x11 <- 0x0000033333333333
mem[X,0x00000000800389FC] -> 0x9593
mem[X,0x00000000800389FE] -> 0x00B5
[9130] [M]: 0x00000000800389FC (0x00B59593) slli a1, a1, 11
x11 <- 0x0019999999999800
mem[X,0x0000000080038A00] -> 0x8593
mem[X,0x0000000080038A02] -> 0x1995
[9131] [M]: 0x0000000080038A00 (0x19958593) addi a1, a1, 409
x11 <- 0x0019999999999999
mem[X,0x0000000080038A04] -> 0x9593
mem[X,0x0000000080038A06] -> 0x00A5
[9132] [M]: 0x0000000080038A04 (0x00A59593) slli a1, a1, 10
x11 <- 0x6666666666666400
mem[X,0x0000000080038A08] -> 0x8593
mem[X,0x0000000080038A0A] -> 0x2655
[9133] [M]: 0x0000000080038A08 (0x26558593) addi a1, a1, 613
x11 <- 0x6666666666666665
mem[X,0x0000000080038A0C] -> 0x0213
mem[X,0x0000000080038A0E] -> 0x0000
[9134] [M]: 0x0000000080038A0C (0x00000213) addi tp, zero, 0
x4 <- 0x0000000000000000
mem[X,0x0000000080038A10] -> 0x006F
mem[X,0x0000000080038A12] -> 0x0050
[9135] [M]: 0x0000000080038A10 (0x0050006F) jal zero, 2052
mem[X,0x0000000080039214] -> 0x00E3
mem[X,0x0000000080039216] -> 0x80B5
[9136] [M]: 0x0000000080039214 (0x80B500E3) beq a0, a1, 6144
mem[X,0x0000000080039218] -> 0x0213
mem[X,0x000000008003921A] -> 0x0022
[9137] [M]: 0x0000000080039218 (0x00220213) addi tp, tp, 2
x4 <- 0x0000000000000002
mem[X,0x000000008003921C] -> 0x006F
mem[X,0x000000008003921E] -> 0x00C0
[9138] [M]: 0x000000008003921C (0x00C0006F) jal zero, 12
mem[X,0x0000000080039228] -> 0x3023
mem[X,0x000000008003922A] -> 0x1041
[9139] [M]: 0x0000000080039228 (0x10413023) sd tp, 256(sp)
mem[0x000000008004A2C8] <- 0x0000000000000002
mem[X,0x000000008003922C] -> 0x0513
mem[X,0x000000008003922E] -> 0x0060
[9140] [M]: 0x000000008003922C (0x00600513) addi a0, zero, 6
x10 <- 0x0000000000000006
mem[X,0x0000000080039230] -> 0x05B7
mem[X,0x0000000080039232] -> 0x0000
[9141] [M]: 0x0000000080039230 (0x000005B7) lui a1, 0
x11 <- 0x0000000000000000
mem[X,0x0000000080039234] -> 0x8593
mem[X,0x0000000080039236] -> 0x0005
[9142] [M]: 0x0000000080039234 (0x00058593) addi a1, a1, 0
x11 <- 0x0000000000000000
mem[X,0x0000000080039238] -> 0x9593
mem[X,0x000000008003923A] -> 0x00B5
[9143] [M]: 0x0000000080039238 (0x00B59593) slli a1, a1, 11
x11 <- 0x0000000000000000
mem[X,0x000000008003923C] -> 0x8593
mem[X,0x000000008003923E] -> 0x5A85
[9144] [M]: 0x000000008003923C (0x5A858593) addi a1, a1, 1448
x11 <- 0x00000000000005A8
mem[X,0x0000000080039240] -> 0x9593
mem[X,0x0000000080039242] -> 0x00B5
[9145] [M]: 0x0000000080039240 (0x00B59593) slli a1, a1, 11
x11 <- 0x00000000002D4000
mem[X,0x0000000080039244] -> 0x8593
mem[X,0x0000000080039246] -> 0x13C5
[9146] [M]: 0x0000000080039244 (0x13C58593) addi a1, a1, 316
x11 <- 0x00000000002D413C
mem[X,0x0000000080039248] -> 0x9593
mem[X,0x000000008003924A] -> 0x00A5
[9147] [M]: 0x0000000080039248 (0x00A59593) slli a1, a1, 10
x11 <- 0x00000000B504F000
mem[X,0x000000008003924C] -> 0x8593
mem[X,0x000000008003924E] -> 0x3325
[9148] [M]: 0x000000008003924C (0x33258593) addi a1, a1, 818
x11 <- 0x00000000B504F332
mem[X,0x0000000080039250] -> 0x0213
mem[X,0x0000000080039252] -> 0x0000
[9149] [M]: 0x0000000080039250 (0x00000213) addi tp, zero, 0
x4 <- 0x0000000000000000
mem[X,0x0000000080039254] -> 0x006F
mem[X,0x0000000080039256] -> 0x00C0
[9150] [M]: 0x0000000080039254 (0x00C0006F) jal zero, 12
mem[X,0x0000000080039260] -> 0x0063
mem[X,0x0000000080039262] -> 0x02B5
[9151] [M]: 0x0000000080039260 (0x02B50063) beq a0, a1, 32
mem[X,0x0000000080039264] -> 0x0213
mem[X,0x0000000080039266] -> 0x0022
[9152] [M]: 0x0000000080039264 (0x00220213) addi tp, tp, 2
x4 <- 0x0000000000000002
mem[X,0x0000000080039268] -> 0x006F
mem[X,0x000000008003926A] -> 0x0200
[9153] [M]: 0x0000000080039268 (0x0200006F) jal zero, 32
mem[X,0x0000000080039288] -> 0x3423
mem[X,0x000000008003928A] -> 0x1041
[9154] [M]: 0x0000000080039288 (0x10413423) sd tp, 264(sp)
mem[0x000000008004A2D0] <- 0x0000000000000002
mem[X,0x000000008003928C] -> 0x0513
mem[X,0x000000008003928E] -> 0x0060
[9155] [M]: 0x000000008003928C (0x00600513) addi a0, zero, 6
x10 <- 0x0000000000000006
mem[X,0x0000000080039290] -> 0x55B7
mem[X,0x0000000080039292] -> 0x5555
[9156] [M]: 0x0000000080039290 (0x555555B7) lui a1, 349525
x11 <- 0x0000000055555000
mem[X,0x0000000080039294] -> 0x8593
mem[X,0x0000000080039296] -> 0x5555
[9157] [M]: 0x0000000080039294 (0x55558593) addi a1, a1, 1365
x11 <- 0x0000000055555555
mem[X,0x0000000080039298] -> 0x9593
mem[X,0x000000008003929A] -> 0x00B5
[9158] [M]: 0x0000000080039298 (0x00B59593) slli a1, a1, 11
x11 <- 0x000002AAAAAAA800
mem[X,0x000000008003929C] -> 0x8593
mem[X,0x000000008003929E] -> 0x2AA5
[9159] [M]: 0x000000008003929C (0x2AA58593) addi a1, a1, 682
x11 <- 0x000002AAAAAAAAAA
mem[X,0x00000000800392A0] -> 0x9593
mem[X,0x00000000800392A2] -> 0x00B5
[9160] [M]: 0x00000000800392A0 (0x00B59593) slli a1, a1, 11
x11 <- 0x0015555555555000
mem[X,0x00000000800392A4] -> 0x8593
mem[X,0x00000000800392A6] -> 0x5555
[9161] [M]: 0x00000000800392A4 (0x55558593) addi a1, a1, 1365
x11 <- 0x0015555555555555
mem[X,0x00000000800392A8] -> 0x9593
mem[X,0x00000000800392AA] -> 0x00A5
[9162] [M]: 0x00000000800392A8 (0x00A59593) slli a1, a1, 10
x11 <- 0x5555555555555400
mem[X,0x00000000800392AC] -> 0x8593
mem[X,0x00000000800392AE] -> 0x1565
[9163] [M]: 0x00000000800392AC (0x15658593) addi a1, a1, 342
x11 <- 0x5555555555555556
mem[X,0x00000000800392B0] -> 0x0213
mem[X,0x00000000800392B2] -> 0x0000
[9164] [M]: 0x00000000800392B0 (0x00000213) addi tp, zero, 0
x4 <- 0x0000000000000000
mem[X,0x00000000800392B4] -> 0x006F
mem[X,0x00000000800392B6] -> 0x00C0
[9165] [M]: 0x00000000800392B4 (0x00C0006F) jal zero, 12
mem[X,0x00000000800392C0] -> 0x0CE3
mem[X,0x00000000800392C2] -> 0xFEB5
[9166] [M]: 0x00000000800392C0 (0xFEB50CE3) beq a0, a1, 8184
mem[X,0x00000000800392C4] -> 0x0213
mem[X,0x00000000800392C6] -> 0x0022
[9167] [M]: 0x00000000800392C4 (0x00220213) addi tp, tp, 2
x4 <- 0x0000000000000002
mem[X,0x00000000800392C8] -> 0x006F
mem[X,0x00000000800392CA] -> 0x00C0
[9168] [M]: 0x00000000800392C8 (0x00C0006F) jal zero, 12
mem[X,0x00000000800392D4] -> 0x3823
mem[X,0x00000000800392D6] -> 0x1041
[9169] [M]: 0x00000000800392D4 (0x10413823) sd tp, 272(sp)
mem[0x000000008004A2D8] <- 0x0000000000000002
mem[X,0x00000000800392D8] -> 0x0513
mem[X,0x00000000800392DA] -> 0x0060
[9170] [M]: 0x00000000800392D8 (0x00600513) addi a0, zero, 6
x10 <- 0x0000000000000006
mem[X,0x00000000800392DC] -> 0xB5B7
mem[X,0x00000000800392DE] -> 0xAAAA
[9171] [M]: 0x00000000800392DC (0xAAAAB5B7) lui a1, 699051
x11 <- 0xFFFFFFFFAAAAB000
mem[X,0x00000000800392E0] -> 0x8593
mem[X,0x00000000800392E2] -> 0xAAA5
[9172] [M]: 0x00000000800392E0 (0xAAA58593) addi a1, a1, 2730
x11 <- 0xFFFFFFFFAAAAAAAA
mem[X,0x00000000800392E4] -> 0x9593
mem[X,0x00000000800392E6] -> 0x00B5
[9173] [M]: 0x00000000800392E4 (0x00B59593) slli a1, a1, 11
x11 <- 0xFFFFFD5555555000
mem[X,0x00000000800392E8] -> 0x8593
mem[X,0x00000000800392EA] -> 0x5555
[9174] [M]: 0x00000000800392E8 (0x55558593) addi a1, a1, 1365
x11 <- 0xFFFFFD5555555555
mem[X,0x00000000800392EC] -> 0x9593
mem[X,0x00000000800392EE] -> 0x00B5
[9175] [M]: 0x00000000800392EC (0x00B59593) slli a1, a1, 11
x11 <- 0xFFEAAAAAAAAAA800
mem[X,0x00000000800392F0] -> 0x8593
mem[X,0x00000000800392F2] -> 0x2AA5
[9176] [M]: 0x00000000800392F0 (0x2AA58593) addi a1, a1, 682
x11 <- 0xFFEAAAAAAAAAAAAA
mem[X,0x00000000800392F4] -> 0x9593
mem[X,0x00000000800392F6] -> 0x00A5
[9177] [M]: 0x00000000800392F4 (0x00A59593) slli a1, a1, 10
x11 <- 0xAAAAAAAAAAAAA800
mem[X,0x00000000800392F8] -> 0x8593
mem[X,0x00000000800392FA] -> 0x2AB5
[9178] [M]: 0x00000000800392F8 (0x2AB58593) addi a1, a1, 683
x11 <- 0xAAAAAAAAAAAAAAAB
mem[X,0x00000000800392FC] -> 0x0213
mem[X,0x00000000800392FE] -> 0x0000
[9179] [M]: 0x00000000800392FC (0x00000213) addi tp, zero, 0
x4 <- 0x0000000000000000
mem[X,0x0000000080039300] -> 0x006F
mem[X,0x0000000080039302] -> 0x00C0
[9180] [M]: 0x0000000080039300 (0x00C0006F) jal zero, 12
mem[X,0x000000008003930C] -> 0x0CE3
mem[X,0x000000008003930E] -> 0xFEB5
[9181] [M]: 0x000000008003930C (0xFEB50CE3) beq a0, a1, 8184
mem[X,0x0000000080039310] -> 0x0213
mem[X,0x0000000080039312] -> 0x0022
[9182] [M]: 0x0000000080039310 (0x00220213) addi tp, tp, 2
x4 <- 0x0000000000000002
mem[X,0x0000000080039314] -> 0x006F
mem[X,0x0000000080039316] -> 0x00C0
[9183] [M]: 0x0000000080039314 (0x00C0006F) jal zero, 12
mem[X,0x0000000080039320] -> 0x3C23
mem[X,0x0000000080039322] -> 0x1041
[9184] [M]: 0x0000000080039320 (0x10413C23) sd tp, 280(sp)
mem[0x000000008004A2E0] <- 0x0000000000000002
mem[X,0x0000000080039324] -> 0x0513
mem[X,0x0000000080039326] -> 0x0060
[9185] [M]: 0x0000000080039324 (0x00600513) addi a0, zero, 6
x10 <- 0x0000000000000006
mem[X,0x0000000080039328] -> 0x0593
mem[X,0x000000008003932A] -> 0x0060
[9186] [M]: 0x0000000080039328 (0x00600593) addi a1, zero, 6
x11 <- 0x0000000000000006
mem[X,0x000000008003932C] -> 0x0213
mem[X,0x000000008003932E] -> 0x0000
[9187] [M]: 0x000000008003932C (0x00000213) addi tp, zero, 0
x4 <- 0x0000000000000000
mem[X,0x0000000080039330] -> 0x006F
mem[X,0x0000000080039332] -> 0x00C0
[9188] [M]: 0x0000000080039330 (0x00C0006F) jal zero, 12
mem[X,0x000000008003933C] -> 0x0063
mem[X,0x000000008003933E] -> 0x04B5
[9189] [M]: 0x000000008003933C (0x04B50063) beq a0, a1, 64
mem[X,0x000000008003937C] -> 0x0213
mem[X,0x000000008003937E] -> 0x0032
[9190] [M]: 0x000000008003937C (0x00320213) addi tp, tp, 3
x4 <- 0x0000000000000003
mem[X,0x0000000080039380] -> 0x006F
mem[X,0x0000000080039382] -> 0x0040
[9191] [M]: 0x0000000080039380 (0x0040006F) jal zero, 4
mem[X,0x0000000080039384] -> 0x3023
mem[X,0x0000000080039386] -> 0x1241
[9192] [M]: 0x0000000080039384 (0x12413023) sd tp, 288(sp)
mem[0x000000008004A2E8] <- 0x0000000000000003
mem[X,0x0000000080039388] -> 0x0513
mem[X,0x000000008003938A] -> 0x0060
[9193] [M]: 0x0000000080039388 (0x00600513) addi a0, zero, 6
x10 <- 0x0000000000000006
mem[X,0x000000008003938C] -> 0x35B7
mem[X,0x000000008003938E] -> 0x3333
[9194] [M]: 0x000000008003938C (0x333335B7) lui a1, 209715
x11 <- 0x0000000033333000
mem[X,0x0000000080039390] -> 0x8593
mem[X,0x0000000080039392] -> 0x3335
[9195] [M]: 0x0000000080039390 (0x33358593) addi a1, a1, 819
x11 <- 0x0000000033333333
mem[X,0x0000000080039394] -> 0x9593
mem[X,0x0000000080039396] -> 0x00B5
[9196] [M]: 0x0000000080039394 (0x00B59593) slli a1, a1, 11
x11 <- 0x0000019999999800
mem[X,0x0000000080039398] -> 0x8593
mem[X,0x000000008003939A] -> 0x1995
[9197] [M]: 0x0000000080039398 (0x19958593) addi a1, a1, 409
x11 <- 0x0000019999999999
mem[X,0x000000008003939C] -> 0x9593
mem[X,0x000000008003939E] -> 0x00B5
[9198] [M]: 0x000000008003939C (0x00B59593) slli a1, a1, 11
x11 <- 0x000CCCCCCCCCC800
mem[X,0x00000000800393A0] -> 0x8593
mem[X,0x00000000800393A2] -> 0x4CC5
[9199] [M]: 0x00000000800393A0 (0x4CC58593) addi a1, a1, 1228
x11 <- 0x000CCCCCCCCCCCCC
clint::tick mtime <- 0x000000000000005C
 clint timer pending at mtime 0x000000000000005C
htif::tick 0x0000000000000000
mem[X,0x00000000800393A4] -> 0x9593
mem[X,0x00000000800393A6] -> 0x00A5
[9200] [M]: 0x00000000800393A4 (0x00A59593) slli a1, a1, 10
x11 <- 0x3333333333333000
mem[X,0x00000000800393A8] -> 0x8593
mem[X,0x00000000800393AA] -> 0x3345
[9201] [M]: 0x00000000800393A8 (0x33458593) addi a1, a1, 820
x11 <- 0x3333333333333334
mem[X,0x00000000800393AC] -> 0x0213
mem[X,0x00000000800393AE] -> 0x0000
[9202] [M]: 0x00000000800393AC (0x00000213) addi tp, zero, 0
x4 <- 0x0000000000000000
mem[X,0x00000000800393B0] -> 0x006F
mem[X,0x00000000800393B2] -> 0x00C0
[9203] [M]: 0x00000000800393B0 (0x00C0006F) jal zero, 12
mem[X,0x00000000800393BC] -> 0x0663
mem[X,0x00000000800393BE] -> 0x00B5
[9204] [M]: 0x00000000800393BC (0x00B50663) beq a0, a1, 12
mem[X,0x00000000800393C0] -> 0x0213
mem[X,0x00000000800393C2] -> 0x0022
[9205] [M]: 0x00000000800393C0 (0x00220213) addi tp, tp, 2
x4 <- 0x0000000000000002
mem[X,0x00000000800393C4] -> 0x006F
mem[X,0x00000000800393C6] -> 0x00C0
[9206] [M]: 0x00000000800393C4 (0x00C0006F) jal zero, 12
mem[X,0x00000000800393D0] -> 0x3423
mem[X,0x00000000800393D2] -> 0x1241
[9207] [M]: 0x00000000800393D0 (0x12413423) sd tp, 296(sp)
mem[0x000000008004A2F0] <- 0x0000000000000002
mem[X,0x00000000800393D4] -> 0x0513
mem[X,0x00000000800393D6] -> 0x0060
[9208] [M]: 0x00000000800393D4 (0x00600513) addi a0, zero, 6
x10 <- 0x0000000000000006
mem[X,0x00000000800393D8] -> 0x65B7
mem[X,0x00000000800393DA] -> 0x6666
[9209] [M]: 0x00000000800393D8 (0x666665B7) lui a1, 419430
x11 <- 0x0000000066666000
mem[X,0x00000000800393DC] -> 0x8593
mem[X,0x00000000800393DE] -> 0x6665
[9210] [M]: 0x00000000800393DC (0x66658593) addi a1, a1, 1638
x11 <- 0x0000000066666666
mem[X,0x00000000800393E0] -> 0x9593
mem[X,0x00000000800393E2] -> 0x00B5
[9211] [M]: 0x00000000800393E0 (0x00B59593) slli a1, a1, 11
x11 <- 0x0000033333333000
mem[X,0x00000000800393E4] -> 0x8593
mem[X,0x00000000800393E6] -> 0x3335
[9212] [M]: 0x00000000800393E4 (0x33358593) addi a1, a1, 819
x11 <- 0x0000033333333333
mem[X,0x00000000800393E8] -> 0x9593
mem[X,0x00000000800393EA] -> 0x00B5
[9213] [M]: 0x00000000800393E8 (0x00B59593) slli a1, a1, 11
x11 <- 0x0019999999999800
mem[X,0x00000000800393EC] -> 0x8593
mem[X,0x00000000800393EE] -> 0x1995
[9214] [M]: 0x00000000800393EC (0x19958593) addi a1, a1, 409
x11 <- 0x0019999999999999
mem[X,0x00000000800393F0] -> 0x9593
mem[X,0x00000000800393F2] -> 0x00A5
[9215] [M]: 0x00000000800393F0 (0x00A59593) slli a1, a1, 10
x11 <- 0x6666666666666400
mem[X,0x00000000800393F4] -> 0x8593
mem[X,0x00000000800393F6] -> 0x2675
[9216] [M]: 0x00000000800393F4 (0x26758593) addi a1, a1, 615
x11 <- 0x6666666666666667
mem[X,0x00000000800393F8] -> 0x0213
mem[X,0x00000000800393FA] -> 0x0000
[9217] [M]: 0x00000000800393F8 (0x00000213) addi tp, zero, 0
x4 <- 0x0000000000000000
mem[X,0x00000000800393FC] -> 0x006F
mem[X,0x00000000800393FE] -> 0x00C0
[9218] [M]: 0x00000000800393FC (0x00C0006F) jal zero, 12
mem[X,0x0000000080039408] -> 0x0063
mem[X,0x000000008003940A] -> 0x40B5
[9219] [M]: 0x0000000080039408 (0x40B50063) beq a0, a1, 1024
mem[X,0x000000008003940C] -> 0x0213
mem[X,0x000000008003940E] -> 0x0022
[9220] [M]: 0x000000008003940C (0x00220213) addi tp, tp, 2
x4 <- 0x0000000000000002
mem[X,0x0000000080039410] -> 0x006F
mem[X,0x0000000080039412] -> 0x4000
[9221] [M]: 0x0000000080039410 (0x4000006F) jal zero, 1024
mem[X,0x0000000080039810] -> 0x3823
mem[X,0x0000000080039812] -> 0x1241
[9222] [M]: 0x0000000080039810 (0x12413823) sd tp, 304(sp)
mem[0x000000008004A2F8] <- 0x0000000000000002
mem[X,0x0000000080039814] -> 0x0513
mem[X,0x0000000080039816] -> 0x0060
[9223] [M]: 0x0000000080039814 (0x00600513) addi a0, zero, 6
x10 <- 0x0000000000000006
mem[X,0x0000000080039818] -> 0x05B7
mem[X,0x000000008003981A] -> 0x0000
[9224] [M]: 0x0000000080039818 (0x000005B7) lui a1, 0
x11 <- 0x0000000000000000
mem[X,0x000000008003981C] -> 0x8593
mem[X,0x000000008003981E] -> 0xFFF5
[9225] [M]: 0x000000008003981C (0xFFF58593) addi a1, a1, 4095
x11 <- 0xFFFFFFFFFFFFFFFF
mem[X,0x0000000080039820] -> 0x9593
mem[X,0x0000000080039822] -> 0x00B5
[9226] [M]: 0x0000000080039820 (0x00B59593) slli a1, a1, 11
x11 <- 0xFFFFFFFFFFFFF800
mem[X,0x0000000080039824] -> 0x8593
mem[X,0x0000000080039826] -> 0x2575
[9227] [M]: 0x0000000080039824 (0x25758593) addi a1, a1, 599
x11 <- 0xFFFFFFFFFFFFFA57
mem[X,0x0000000080039828] -> 0x9593
mem[X,0x000000008003982A] -> 0x00B5
[9228] [M]: 0x0000000080039828 (0x00B59593) slli a1, a1, 11
x11 <- 0xFFFFFFFFFFD2B800
mem[X,0x000000008003982C] -> 0x8593
mem[X,0x000000008003982E] -> 0x6C35
[9229] [M]: 0x000000008003982C (0x6C358593) addi a1, a1, 1731
x11 <- 0xFFFFFFFFFFD2BEC3
mem[X,0x0000000080039830] -> 0x9593
mem[X,0x0000000080039832] -> 0x00A5
[9230] [M]: 0x0000000080039830 (0x00A59593) slli a1, a1, 10
x11 <- 0xFFFFFFFF4AFB0C00
mem[X,0x0000000080039834] -> 0x8593
mem[X,0x0000000080039836] -> 0x0CE5
[9231] [M]: 0x0000000080039834 (0x0CE58593) addi a1, a1, 206
x11 <- 0xFFFFFFFF4AFB0CCE
mem[X,0x0000000080039838] -> 0x0213
mem[X,0x000000008003983A] -> 0x0000
[9232] [M]: 0x0000000080039838 (0x00000213) addi tp, zero, 0
x4 <- 0x0000000000000000
mem[X,0x000000008003983C] -> 0x006F
mem[X,0x000000008003983E] -> 0x00C0
[9233] [M]: 0x000000008003983C (0x00C0006F) jal zero, 12
mem[X,0x0000000080039848] -> 0x0863
mem[X,0x000000008003984A] -> 0x00B5
[9234] [M]: 0x0000000080039848 (0x00B50863) beq a0, a1, 16
mem[X,0x000000008003984C] -> 0x0213
mem[X,0x000000008003984E] -> 0x0022
[9235] [M]: 0x000000008003984C (0x00220213) addi tp, tp, 2
x4 <- 0x0000000000000002
mem[X,0x0000000080039850] -> 0x006F
mem[X,0x0000000080039852] -> 0x0100
[9236] [M]: 0x0000000080039850 (0x0100006F) jal zero, 16
mem[X,0x0000000080039860] -> 0x3C23
mem[X,0x0000000080039862] -> 0x1241
[9237] [M]: 0x0000000080039860 (0x12413C23) sd tp, 312(sp)
mem[0x000000008004A300] <- 0x0000000000000002
mem[X,0x0000000080039864] -> 0x0513
mem[X,0x0000000080039866] -> 0x0060
[9238] [M]: 0x0000000080039864 (0x00600513) addi a0, zero, 6
x10 <- 0x0000000000000006
mem[X,0x0000000080039868] -> 0x05B7
mem[X,0x000000008003986A] -> 0x0000
[9239] [M]: 0x0000000080039868 (0x000005B7) lui a1, 0
x11 <- 0x0000000000000000
mem[X,0x000000008003986C] -> 0x8593
mem[X,0x000000008003986E] -> 0x0005
[9240] [M]: 0x000000008003986C (0x00058593) addi a1, a1, 0
x11 <- 0x0000000000000000
mem[X,0x0000000080039870] -> 0x9593
mem[X,0x0000000080039872] -> 0x00B5
[9241] [M]: 0x0000000080039870 (0x00B59593) slli a1, a1, 11
x11 <- 0x0000000000000000
mem[X,0x0000000080039874] -> 0x8593
mem[X,0x0000000080039876] -> 0x5A85
[9242] [M]: 0x0000000080039874 (0x5A858593) addi a1, a1, 1448
x11 <- 0x00000000000005A8
mem[X,0x0000000080039878] -> 0x9593
mem[X,0x000000008003987A] -> 0x00B5
[9243] [M]: 0x0000000080039878 (0x00B59593) slli a1, a1, 11
x11 <- 0x00000000002D4000
mem[X,0x000000008003987C] -> 0x8593
mem[X,0x000000008003987E] -> 0x13C5
[9244] [M]: 0x000000008003987C (0x13C58593) addi a1, a1, 316
x11 <- 0x00000000002D413C
mem[X,0x0000000080039880] -> 0x9593
mem[X,0x0000000080039882] -> 0x00A5
[9245] [M]: 0x0000000080039880 (0x00A59593) slli a1, a1, 10
x11 <- 0x00000000B504F000
mem[X,0x0000000080039884] -> 0x8593
mem[X,0x0000000080039886] -> 0x3345
[9246] [M]: 0x0000000080039884 (0x33458593) addi a1, a1, 820
x11 <- 0x00000000B504F334
mem[X,0x0000000080039888] -> 0x0213
mem[X,0x000000008003988A] -> 0x0000
[9247] [M]: 0x0000000080039888 (0x00000213) addi tp, zero, 0
x4 <- 0x0000000000000000
mem[X,0x000000008003988C] -> 0x006F
mem[X,0x000000008003988E] -> 0x00C0
[9248] [M]: 0x000000008003988C (0x00C0006F) jal zero, 12
mem[X,0x0000000080039898] -> 0x0063
mem[X,0x000000008003989A] -> 0x08B5
[9249] [M]: 0x0000000080039898 (0x08B50063) beq a0, a1, 128
mem[X,0x000000008003989C] -> 0x0213
mem[X,0x000000008003989E] -> 0x0022
[9250] [M]: 0x000000008003989C (0x00220213) addi tp, tp, 2
x4 <- 0x0000000000000002
mem[X,0x00000000800398A0] -> 0x006F
mem[X,0x00000000800398A2] -> 0x0800
[9251] [M]: 0x00000000800398A0 (0x0800006F) jal zero, 128
mem[X,0x0000000080039920] -> 0x3023
mem[X,0x0000000080039922] -> 0x1441
[9252] [M]: 0x0000000080039920 (0x14413023) sd tp, 320(sp)
mem[0x000000008004A308] <- 0x0000000000000002
mem[X,0x0000000080039924] -> 0x3537
mem[X,0x0000000080039926] -> 0x3333
[9253] [M]: 0x0000000080039924 (0x33333537) lui a0, 209715
x10 <- 0x0000000033333000
mem[X,0x0000000080039928] -> 0x0513
mem[X,0x000000008003992A] -> 0x3335
[9254] [M]: 0x0000000080039928 (0x33350513) addi a0, a0, 819
x10 <- 0x0000000033333333
mem[X,0x000000008003992C] -> 0x1513
mem[X,0x000000008003992E] -> 0x00B5
[9255] [M]: 0x000000008003992C (0x00B51513) slli a0, a0, 11
x10 <- 0x0000019999999800
mem[X,0x0000000080039930] -> 0x0513
mem[X,0x0000000080039932] -> 0x1995
[9256] [M]: 0x0000000080039930 (0x19950513) addi a0, a0, 409
x10 <- 0x0000019999999999
mem[X,0x0000000080039934] -> 0x1513
mem[X,0x0000000080039936] -> 0x00B5
[9257] [M]: 0x0000000080039934 (0x00B51513) slli a0, a0, 11
x10 <- 0x000CCCCCCCCCC800
mem[X,0x0000000080039938] -> 0x0513
mem[X,0x000000008003993A] -> 0x4CC5
[9258] [M]: 0x0000000080039938 (0x4CC50513) addi a0, a0, 1228
x10 <- 0x000CCCCCCCCCCCCC
mem[X,0x000000008003993C] -> 0x1513
mem[X,0x000000008003993E] -> 0x00A5
[9259] [M]: 0x000000008003993C (0x00A51513) slli a0, a0, 10
x10 <- 0x3333333333333000
mem[X,0x0000000080039940] -> 0x0513
mem[X,0x0000000080039942] -> 0x3345
[9260] [M]: 0x0000000080039940 (0x33450513) addi a0, a0, 820
x10 <- 0x3333333333333334
mem[X,0x0000000080039944] -> 0x0593
mem[X,0x0000000080039946] -> 0x0030
[9261] [M]: 0x0000000080039944 (0x00300593) addi a1, zero, 3
x11 <- 0x0000000000000003
mem[X,0x0000000080039948] -> 0x0213
mem[X,0x000000008003994A] -> 0x0000
[9262] [M]: 0x0000000080039948 (0x00000213) addi tp, zero, 0
x4 <- 0x0000000000000000
mem[X,0x000000008003994C] -> 0x006F
mem[X,0x000000008003994E] -> 0x00C0
[9263] [M]: 0x000000008003994C (0x00C0006F) jal zero, 12
mem[X,0x0000000080039958] -> 0x0063
mem[X,0x000000008003995A] -> 0x02B5
[9264] [M]: 0x0000000080039958 (0x02B50063) beq a0, a1, 32
mem[X,0x000000008003995C] -> 0x0213
mem[X,0x000000008003995E] -> 0x0022
[9265] [M]: 0x000000008003995C (0x00220213) addi tp, tp, 2
x4 <- 0x0000000000000002
mem[X,0x0000000080039960] -> 0x006F
mem[X,0x0000000080039962] -> 0x0200
[9266] [M]: 0x0000000080039960 (0x0200006F) jal zero, 32
mem[X,0x0000000080039980] -> 0x3423
mem[X,0x0000000080039982] -> 0x1441
[9267] [M]: 0x0000000080039980 (0x14413423) sd tp, 328(sp)
mem[0x000000008004A310] <- 0x0000000000000002
mem[X,0x0000000080039984] -> 0x3537
mem[X,0x0000000080039986] -> 0x3333
[9268] [M]: 0x0000000080039984 (0x33333537) lui a0, 209715
x10 <- 0x0000000033333000
mem[X,0x0000000080039988] -> 0x0513
mem[X,0x000000008003998A] -> 0x3335
[9269] [M]: 0x0000000080039988 (0x33350513) addi a0, a0, 819
x10 <- 0x0000000033333333
mem[X,0x000000008003998C] -> 0x1513
mem[X,0x000000008003998E] -> 0x00B5
[9270] [M]: 0x000000008003998C (0x00B51513) slli a0, a0, 11
x10 <- 0x0000019999999800
mem[X,0x0000000080039990] -> 0x0513
mem[X,0x0000000080039992] -> 0x1995
[9271] [M]: 0x0000000080039990 (0x19950513) addi a0, a0, 409
x10 <- 0x0000019999999999
mem[X,0x0000000080039994] -> 0x1513
mem[X,0x0000000080039996] -> 0x00B5
[9272] [M]: 0x0000000080039994 (0x00B51513) slli a0, a0, 11
x10 <- 0x000CCCCCCCCCC800
mem[X,0x0000000080039998] -> 0x0513
mem[X,0x000000008003999A] -> 0x4CC5
[9273] [M]: 0x0000000080039998 (0x4CC50513) addi a0, a0, 1228
x10 <- 0x000CCCCCCCCCCCCC
mem[X,0x000000008003999C] -> 0x1513
mem[X,0x000000008003999E] -> 0x00A5
[9274] [M]: 0x000000008003999C (0x00A51513) slli a0, a0, 10
x10 <- 0x3333333333333000
mem[X,0x00000000800399A0] -> 0x0513
mem[X,0x00000000800399A2] -> 0x3345
[9275] [M]: 0x00000000800399A0 (0x33450513) addi a0, a0, 820
x10 <- 0x3333333333333334
mem[X,0x00000000800399A4] -> 0x55B7
mem[X,0x00000000800399A6] -> 0x5555
[9276] [M]: 0x00000000800399A4 (0x555555B7) lui a1, 349525
x11 <- 0x0000000055555000
mem[X,0x00000000800399A8] -> 0x8593
mem[X,0x00000000800399AA] -> 0x5555
[9277] [M]: 0x00000000800399A8 (0x55558593) addi a1, a1, 1365
x11 <- 0x0000000055555555
mem[X,0x00000000800399AC] -> 0x9593
mem[X,0x00000000800399AE] -> 0x00B5
[9278] [M]: 0x00000000800399AC (0x00B59593) slli a1, a1, 11
x11 <- 0x000002AAAAAAA800
mem[X,0x00000000800399B0] -> 0x8593
mem[X,0x00000000800399B2] -> 0x2AA5
[9279] [M]: 0x00000000800399B0 (0x2AA58593) addi a1, a1, 682
x11 <- 0x000002AAAAAAAAAA
mem[X,0x00000000800399B4] -> 0x9593
mem[X,0x00000000800399B6] -> 0x00B5
[9280] [M]: 0x00000000800399B4 (0x00B59593) slli a1, a1, 11
x11 <- 0x0015555555555000
mem[X,0x00000000800399B8] -> 0x8593
mem[X,0x00000000800399BA] -> 0x5555
[9281] [M]: 0x00000000800399B8 (0x55558593) addi a1, a1, 1365
x11 <- 0x0015555555555555
mem[X,0x00000000800399BC] -> 0x9593
mem[X,0x00000000800399BE] -> 0x00A5
[9282] [M]: 0x00000000800399BC (0x00A59593) slli a1, a1, 10
x11 <- 0x5555555555555400
mem[X,0x00000000800399C0] -> 0x8593
mem[X,0x00000000800399C2] -> 0x1555
[9283] [M]: 0x00000000800399C0 (0x15558593) addi a1, a1, 341
x11 <- 0x5555555555555555
mem[X,0x00000000800399C4] -> 0x0213
mem[X,0x00000000800399C6] -> 0x0000
[9284] [M]: 0x00000000800399C4 (0x00000213) addi tp, zero, 0
x4 <- 0x0000000000000000
mem[X,0x00000000800399C8] -> 0x006F
mem[X,0x00000000800399CA] -> 0x00C0
[9285] [M]: 0x00000000800399C8 (0x00C0006F) jal zero, 12
mem[X,0x00000000800399D4] -> 0x0CE3
mem[X,0x00000000800399D6] -> 0xFEB5
[9286] [M]: 0x00000000800399D4 (0xFEB50CE3) beq a0, a1, 8184
mem[X,0x00000000800399D8] -> 0x0213
mem[X,0x00000000800399DA] -> 0x0022
[9287] [M]: 0x00000000800399D8 (0x00220213) addi tp, tp, 2
x4 <- 0x0000000000000002
mem[X,0x00000000800399DC] -> 0x006F
mem[X,0x00000000800399DE] -> 0x00C0
[9288] [M]: 0x00000000800399DC (0x00C0006F) jal zero, 12
mem[X,0x00000000800399E8] -> 0x3823
mem[X,0x00000000800399EA] -> 0x1441
[9289] [M]: 0x00000000800399E8 (0x14413823) sd tp, 336(sp)
mem[0x000000008004A318] <- 0x0000000000000002
mem[X,0x00000000800399EC] -> 0x3537
mem[X,0x00000000800399EE] -> 0x3333
[9290] [M]: 0x00000000800399EC (0x33333537) lui a0, 209715
x10 <- 0x0000000033333000
mem[X,0x00000000800399F0] -> 0x0513
mem[X,0x00000000800399F2] -> 0x3335
[9291] [M]: 0x00000000800399F0 (0x33350513) addi a0, a0, 819
x10 <- 0x0000000033333333
mem[X,0x00000000800399F4] -> 0x1513
mem[X,0x00000000800399F6] -> 0x00B5
[9292] [M]: 0x00000000800399F4 (0x00B51513) slli a0, a0, 11
x10 <- 0x0000019999999800
mem[X,0x00000000800399F8] -> 0x0513
mem[X,0x00000000800399FA] -> 0x1995
[9293] [M]: 0x00000000800399F8 (0x19950513) addi a0, a0, 409
x10 <- 0x0000019999999999
mem[X,0x00000000800399FC] -> 0x1513
mem[X,0x00000000800399FE] -> 0x00B5
[9294] [M]: 0x00000000800399FC (0x00B51513) slli a0, a0, 11
x10 <- 0x000CCCCCCCCCC800
mem[X,0x0000000080039A00] -> 0x0513
mem[X,0x0000000080039A02] -> 0x4CC5
[9295] [M]: 0x0000000080039A00 (0x4CC50513) addi a0, a0, 1228
x10 <- 0x000CCCCCCCCCCCCC
mem[X,0x0000000080039A04] -> 0x1513
mem[X,0x0000000080039A06] -> 0x00A5
[9296] [M]: 0x0000000080039A04 (0x00A51513) slli a0, a0, 10
x10 <- 0x3333333333333000
mem[X,0x0000000080039A08] -> 0x0513
mem[X,0x0000000080039A0A] -> 0x3345
[9297] [M]: 0x0000000080039A08 (0x33450513) addi a0, a0, 820
x10 <- 0x3333333333333334
mem[X,0x0000000080039A0C] -> 0xB5B7
mem[X,0x0000000080039A0E] -> 0xAAAA
[9298] [M]: 0x0000000080039A0C (0xAAAAB5B7) lui a1, 699051
x11 <- 0xFFFFFFFFAAAAB000
mem[X,0x0000000080039A10] -> 0x8593
mem[X,0x0000000080039A12] -> 0xAAA5
[9299] [M]: 0x0000000080039A10 (0xAAA58593) addi a1, a1, 2730
x11 <- 0xFFFFFFFFAAAAAAAA
clint::tick mtime <- 0x000000000000005D
 clint timer pending at mtime 0x000000000000005D
htif::tick 0x0000000000000000
mem[X,0x0000000080039A14] -> 0x9593
mem[X,0x0000000080039A16] -> 0x00B5
[9300] [M]: 0x0000000080039A14 (0x00B59593) slli a1, a1, 11
x11 <- 0xFFFFFD5555555000
mem[X,0x0000000080039A18] -> 0x8593
mem[X,0x0000000080039A1A] -> 0x5555
[9301] [M]: 0x0000000080039A18 (0x55558593) addi a1, a1, 1365
x11 <- 0xFFFFFD5555555555
mem[X,0x0000000080039A1C] -> 0x9593
mem[X,0x0000000080039A1E] -> 0x00B5
[9302] [M]: 0x0000000080039A1C (0x00B59593) slli a1, a1, 11
x11 <- 0xFFEAAAAAAAAAA800
mem[X,0x0000000080039A20] -> 0x8593
mem[X,0x0000000080039A22] -> 0x2AA5
[9303] [M]: 0x0000000080039A20 (0x2AA58593) addi a1, a1, 682
x11 <- 0xFFEAAAAAAAAAAAAA
mem[X,0x0000000080039A24] -> 0x9593
mem[X,0x0000000080039A26] -> 0x00A5
[9304] [M]: 0x0000000080039A24 (0x00A59593) slli a1, a1, 10
x11 <- 0xAAAAAAAAAAAAA800
mem[X,0x0000000080039A28] -> 0x8593
mem[X,0x0000000080039A2A] -> 0x2AA5
[9305] [M]: 0x0000000080039A28 (0x2AA58593) addi a1, a1, 682
x11 <- 0xAAAAAAAAAAAAAAAA
mem[X,0x0000000080039A2C] -> 0x0213
mem[X,0x0000000080039A2E] -> 0x0000
[9306] [M]: 0x0000000080039A2C (0x00000213) addi tp, zero, 0
x4 <- 0x0000000000000000
mem[X,0x0000000080039A30] -> 0x006F
mem[X,0x0000000080039A32] -> 0x00C0
[9307] [M]: 0x0000000080039A30 (0x00C0006F) jal zero, 12
mem[X,0x0000000080039A3C] -> 0x0063
mem[X,0x0000000080039A3E] -> 0x02B5
[9308] [M]: 0x0000000080039A3C (0x02B50063) beq a0, a1, 32
mem[X,0x0000000080039A40] -> 0x0213
mem[X,0x0000000080039A42] -> 0x0022
[9309] [M]: 0x0000000080039A40 (0x00220213) addi tp, tp, 2
x4 <- 0x0000000000000002
mem[X,0x0000000080039A44] -> 0x006F
mem[X,0x0000000080039A46] -> 0x0200
[9310] [M]: 0x0000000080039A44 (0x0200006F) jal zero, 32
mem[X,0x0000000080039A64] -> 0x3C23
mem[X,0x0000000080039A66] -> 0x1441
[9311] [M]: 0x0000000080039A64 (0x14413C23) sd tp, 344(sp)
mem[0x000000008004A320] <- 0x0000000000000002
mem[X,0x0000000080039A68] -> 0x3537
mem[X,0x0000000080039A6A] -> 0x3333
[9312] [M]: 0x0000000080039A68 (0x33333537) lui a0, 209715
x10 <- 0x0000000033333000
mem[X,0x0000000080039A6C] -> 0x0513
mem[X,0x0000000080039A6E] -> 0x3335
[9313] [M]: 0x0000000080039A6C (0x33350513) addi a0, a0, 819
x10 <- 0x0000000033333333
mem[X,0x0000000080039A70] -> 0x1513
mem[X,0x0000000080039A72] -> 0x00B5
[9314] [M]: 0x0000000080039A70 (0x00B51513) slli a0, a0, 11
x10 <- 0x0000019999999800
mem[X,0x0000000080039A74] -> 0x0513
mem[X,0x0000000080039A76] -> 0x1995
[9315] [M]: 0x0000000080039A74 (0x19950513) addi a0, a0, 409
x10 <- 0x0000019999999999
mem[X,0x0000000080039A78] -> 0x1513
mem[X,0x0000000080039A7A] -> 0x00B5
[9316] [M]: 0x0000000080039A78 (0x00B51513) slli a0, a0, 11
x10 <- 0x000CCCCCCCCCC800
mem[X,0x0000000080039A7C] -> 0x0513
mem[X,0x0000000080039A7E] -> 0x4CC5
[9317] [M]: 0x0000000080039A7C (0x4CC50513) addi a0, a0, 1228
x10 <- 0x000CCCCCCCCCCCCC
mem[X,0x0000000080039A80] -> 0x1513
mem[X,0x0000000080039A82] -> 0x00A5
[9318] [M]: 0x0000000080039A80 (0x00A51513) slli a0, a0, 10
x10 <- 0x3333333333333000
mem[X,0x0000000080039A84] -> 0x0513
mem[X,0x0000000080039A86] -> 0x3345
[9319] [M]: 0x0000000080039A84 (0x33450513) addi a0, a0, 820
x10 <- 0x3333333333333334
mem[X,0x0000000080039A88] -> 0x0593
mem[X,0x0000000080039A8A] -> 0x0050
[9320] [M]: 0x0000000080039A88 (0x00500593) addi a1, zero, 5
x11 <- 0x0000000000000005
mem[X,0x0000000080039A8C] -> 0x0213
mem[X,0x0000000080039A8E] -> 0x0000
[9321] [M]: 0x0000000080039A8C (0x00000213) addi tp, zero, 0
x4 <- 0x0000000000000000
mem[X,0x0000000080039A90] -> 0x006F
mem[X,0x0000000080039A92] -> 0x00C0
[9322] [M]: 0x0000000080039A90 (0x00C0006F) jal zero, 12
mem[X,0x0000000080039A9C] -> 0x0863
mem[X,0x0000000080039A9E] -> 0x00B5
[9323] [M]: 0x0000000080039A9C (0x00B50863) beq a0, a1, 16
mem[X,0x0000000080039AA0] -> 0x0213
mem[X,0x0000000080039AA2] -> 0x0022
[9324] [M]: 0x0000000080039AA0 (0x00220213) addi tp, tp, 2
x4 <- 0x0000000000000002
mem[X,0x0000000080039AA4] -> 0x006F
mem[X,0x0000000080039AA6] -> 0x0100
[9325] [M]: 0x0000000080039AA4 (0x0100006F) jal zero, 16
mem[X,0x0000000080039AB4] -> 0x3023
mem[X,0x0000000080039AB6] -> 0x1641
[9326] [M]: 0x0000000080039AB4 (0x16413023) sd tp, 352(sp)
mem[0x000000008004A328] <- 0x0000000000000002
mem[X,0x0000000080039AB8] -> 0x3537
mem[X,0x0000000080039ABA] -> 0x3333
[9327] [M]: 0x0000000080039AB8 (0x33333537) lui a0, 209715
x10 <- 0x0000000033333000
mem[X,0x0000000080039ABC] -> 0x0513
mem[X,0x0000000080039ABE] -> 0x3335
[9328] [M]: 0x0000000080039ABC (0x33350513) addi a0, a0, 819
x10 <- 0x0000000033333333
mem[X,0x0000000080039AC0] -> 0x1513
mem[X,0x0000000080039AC2] -> 0x00B5
[9329] [M]: 0x0000000080039AC0 (0x00B51513) slli a0, a0, 11
x10 <- 0x0000019999999800
mem[X,0x0000000080039AC4] -> 0x0513
mem[X,0x0000000080039AC6] -> 0x1995
[9330] [M]: 0x0000000080039AC4 (0x19950513) addi a0, a0, 409
x10 <- 0x0000019999999999
mem[X,0x0000000080039AC8] -> 0x1513
mem[X,0x0000000080039ACA] -> 0x00B5
[9331] [M]: 0x0000000080039AC8 (0x00B51513) slli a0, a0, 11
x10 <- 0x000CCCCCCCCCC800
mem[X,0x0000000080039ACC] -> 0x0513
mem[X,0x0000000080039ACE] -> 0x4CC5
[9332] [M]: 0x0000000080039ACC (0x4CC50513) addi a0, a0, 1228
x10 <- 0x000CCCCCCCCCCCCC
mem[X,0x0000000080039AD0] -> 0x1513
mem[X,0x0000000080039AD2] -> 0x00A5
[9333] [M]: 0x0000000080039AD0 (0x00A51513) slli a0, a0, 10
x10 <- 0x3333333333333000
mem[X,0x0000000080039AD4] -> 0x0513
mem[X,0x0000000080039AD6] -> 0x3345
[9334] [M]: 0x0000000080039AD4 (0x33450513) addi a0, a0, 820
x10 <- 0x3333333333333334
mem[X,0x0000000080039AD8] -> 0x35B7
mem[X,0x0000000080039ADA] -> 0x3333
[9335] [M]: 0x0000000080039AD8 (0x333335B7) lui a1, 209715
x11 <- 0x0000000033333000
mem[X,0x0000000080039ADC] -> 0x8593
mem[X,0x0000000080039ADE] -> 0x3335
[9336] [M]: 0x0000000080039ADC (0x33358593) addi a1, a1, 819
x11 <- 0x0000000033333333
mem[X,0x0000000080039AE0] -> 0x9593
mem[X,0x0000000080039AE2] -> 0x00B5
[9337] [M]: 0x0000000080039AE0 (0x00B59593) slli a1, a1, 11
x11 <- 0x0000019999999800
mem[X,0x0000000080039AE4] -> 0x8593
mem[X,0x0000000080039AE6] -> 0x1995
[9338] [M]: 0x0000000080039AE4 (0x19958593) addi a1, a1, 409
x11 <- 0x0000019999999999
mem[X,0x0000000080039AE8] -> 0x9593
mem[X,0x0000000080039AEA] -> 0x00B5
[9339] [M]: 0x0000000080039AE8 (0x00B59593) slli a1, a1, 11
x11 <- 0x000CCCCCCCCCC800
mem[X,0x0000000080039AEC] -> 0x8593
mem[X,0x0000000080039AEE] -> 0x4CC5
[9340] [M]: 0x0000000080039AEC (0x4CC58593) addi a1, a1, 1228
x11 <- 0x000CCCCCCCCCCCCC
mem[X,0x0000000080039AF0] -> 0x9593
mem[X,0x0000000080039AF2] -> 0x00A5
[9341] [M]: 0x0000000080039AF0 (0x00A59593) slli a1, a1, 10
x11 <- 0x3333333333333000
mem[X,0x0000000080039AF4] -> 0x8593
mem[X,0x0000000080039AF6] -> 0x3335
[9342] [M]: 0x0000000080039AF4 (0x33358593) addi a1, a1, 819
x11 <- 0x3333333333333333
mem[X,0x0000000080039AF8] -> 0x0213
mem[X,0x0000000080039AFA] -> 0x0000
[9343] [M]: 0x0000000080039AF8 (0x00000213) addi tp, zero, 0
x4 <- 0x0000000000000000
mem[X,0x0000000080039AFC] -> 0x006F
mem[X,0x0000000080039AFE] -> 0x00C0
[9344] [M]: 0x0000000080039AFC (0x00C0006F) jal zero, 12
mem[X,0x0000000080039B08] -> 0x0CE3
mem[X,0x0000000080039B0A] -> 0xFEB5
[9345] [M]: 0x0000000080039B08 (0xFEB50CE3) beq a0, a1, 8184
mem[X,0x0000000080039B0C] -> 0x0213
mem[X,0x0000000080039B0E] -> 0x0022
[9346] [M]: 0x0000000080039B0C (0x00220213) addi tp, tp, 2
x4 <- 0x0000000000000002
mem[X,0x0000000080039B10] -> 0x006F
mem[X,0x0000000080039B12] -> 0x00C0
[9347] [M]: 0x0000000080039B10 (0x00C0006F) jal zero, 12
mem[X,0x0000000080039B1C] -> 0x3423
mem[X,0x0000000080039B1E] -> 0x1641
[9348] [M]: 0x0000000080039B1C (0x16413423) sd tp, 360(sp)
mem[0x000000008004A330] <- 0x0000000000000002
mem[X,0x0000000080039B20] -> 0x3537
mem[X,0x0000000080039B22] -> 0x3333
[9349] [M]: 0x0000000080039B20 (0x33333537) lui a0, 209715
x10 <- 0x0000000033333000
mem[X,0x0000000080039B24] -> 0x0513
mem[X,0x0000000080039B26] -> 0x3335
[9350] [M]: 0x0000000080039B24 (0x33350513) addi a0, a0, 819
x10 <- 0x0000000033333333
mem[X,0x0000000080039B28] -> 0x1513
mem[X,0x0000000080039B2A] -> 0x00B5
[9351] [M]: 0x0000000080039B28 (0x00B51513) slli a0, a0, 11
x10 <- 0x0000019999999800
mem[X,0x0000000080039B2C] -> 0x0513
mem[X,0x0000000080039B2E] -> 0x1995
[9352] [M]: 0x0000000080039B2C (0x19950513) addi a0, a0, 409
x10 <- 0x0000019999999999
mem[X,0x0000000080039B30] -> 0x1513
mem[X,0x0000000080039B32] -> 0x00B5
[9353] [M]: 0x0000000080039B30 (0x00B51513) slli a0, a0, 11
x10 <- 0x000CCCCCCCCCC800
mem[X,0x0000000080039B34] -> 0x0513
mem[X,0x0000000080039B36] -> 0x4CC5
[9354] [M]: 0x0000000080039B34 (0x4CC50513) addi a0, a0, 1228
x10 <- 0x000CCCCCCCCCCCCC
mem[X,0x0000000080039B38] -> 0x1513
mem[X,0x0000000080039B3A] -> 0x00A5
[9355] [M]: 0x0000000080039B38 (0x00A51513) slli a0, a0, 10
x10 <- 0x3333333333333000
mem[X,0x0000000080039B3C] -> 0x0513
mem[X,0x0000000080039B3E] -> 0x3345
[9356] [M]: 0x0000000080039B3C (0x33450513) addi a0, a0, 820
x10 <- 0x3333333333333334
mem[X,0x0000000080039B40] -> 0x65B7
mem[X,0x0000000080039B42] -> 0x6666
[9357] [M]: 0x0000000080039B40 (0x666665B7) lui a1, 419430
x11 <- 0x0000000066666000
mem[X,0x0000000080039B44] -> 0x8593
mem[X,0x0000000080039B46] -> 0x6665
[9358] [M]: 0x0000000080039B44 (0x66658593) addi a1, a1, 1638
x11 <- 0x0000000066666666
mem[X,0x0000000080039B48] -> 0x9593
mem[X,0x0000000080039B4A] -> 0x00B5
[9359] [M]: 0x0000000080039B48 (0x00B59593) slli a1, a1, 11
x11 <- 0x0000033333333000
mem[X,0x0000000080039B4C] -> 0x8593
mem[X,0x0000000080039B4E] -> 0x3335
[9360] [M]: 0x0000000080039B4C (0x33358593) addi a1, a1, 819
x11 <- 0x0000033333333333
mem[X,0x0000000080039B50] -> 0x9593
mem[X,0x0000000080039B52] -> 0x00B5
[9361] [M]: 0x0000000080039B50 (0x00B59593) slli a1, a1, 11
x11 <- 0x0019999999999800
mem[X,0x0000000080039B54] -> 0x8593
mem[X,0x0000000080039B56] -> 0x1995
[9362] [M]: 0x0000000080039B54 (0x19958593) addi a1, a1, 409
x11 <- 0x0019999999999999
mem[X,0x0000000080039B58] -> 0x9593
mem[X,0x0000000080039B5A] -> 0x00A5
[9363] [M]: 0x0000000080039B58 (0x00A59593) slli a1, a1, 10
x11 <- 0x6666666666666400
mem[X,0x0000000080039B5C] -> 0x8593
mem[X,0x0000000080039B5E] -> 0x2665
[9364] [M]: 0x0000000080039B5C (0x26658593) addi a1, a1, 614
x11 <- 0x6666666666666666
mem[X,0x0000000080039B60] -> 0x0213
mem[X,0x0000000080039B62] -> 0x0000
[9365] [M]: 0x0000000080039B60 (0x00000213) addi tp, zero, 0
x4 <- 0x0000000000000000
mem[X,0x0000000080039B64] -> 0x006F
mem[X,0x0000000080039B66] -> 0x2B10
[9366] [M]: 0x0000000080039B64 (0x2B10006F) jal zero, 2736
mem[X,0x000000008003A614] -> 0x0A63
mem[X,0x000000008003A616] -> 0xD4B5
[9367] [M]: 0x000000008003A614 (0xD4B50A63) beq a0, a1, 5460
mem[X,0x000000008003A618] -> 0x0213
mem[X,0x000000008003A61A] -> 0x0022
[9368] [M]: 0x000000008003A618 (0x00220213) addi tp, tp, 2
x4 <- 0x0000000000000002
mem[X,0x000000008003A61C] -> 0x006F
mem[X,0x000000008003A61E] -> 0x00C0
[9369] [M]: 0x000000008003A61C (0x00C0006F) jal zero, 12
mem[X,0x000000008003A628] -> 0x3823
mem[X,0x000000008003A62A] -> 0x1641
[9370] [M]: 0x000000008003A628 (0x16413823) sd tp, 368(sp)
mem[0x000000008004A338] <- 0x0000000000000002
mem[X,0x000000008003A62C] -> 0x3537
mem[X,0x000000008003A62E] -> 0x3333
[9371] [M]: 0x000000008003A62C (0x33333537) lui a0, 209715
x10 <- 0x0000000033333000
mem[X,0x000000008003A630] -> 0x0513
mem[X,0x000000008003A632] -> 0x3335
[9372] [M]: 0x000000008003A630 (0x33350513) addi a0, a0, 819
x10 <- 0x0000000033333333
mem[X,0x000000008003A634] -> 0x1513
mem[X,0x000000008003A636] -> 0x00B5
[9373] [M]: 0x000000008003A634 (0x00B51513) slli a0, a0, 11
x10 <- 0x0000019999999800
mem[X,0x000000008003A638] -> 0x0513
mem[X,0x000000008003A63A] -> 0x1995
[9374] [M]: 0x000000008003A638 (0x19950513) addi a0, a0, 409
x10 <- 0x0000019999999999
mem[X,0x000000008003A63C] -> 0x1513
mem[X,0x000000008003A63E] -> 0x00B5
[9375] [M]: 0x000000008003A63C (0x00B51513) slli a0, a0, 11
x10 <- 0x000CCCCCCCCCC800
mem[X,0x000000008003A640] -> 0x0513
mem[X,0x000000008003A642] -> 0x4CC5
[9376] [M]: 0x000000008003A640 (0x4CC50513) addi a0, a0, 1228
x10 <- 0x000CCCCCCCCCCCCC
mem[X,0x000000008003A644] -> 0x1513
mem[X,0x000000008003A646] -> 0x00A5
[9377] [M]: 0x000000008003A644 (0x00A51513) slli a0, a0, 10
x10 <- 0x3333333333333000
mem[X,0x000000008003A648] -> 0x0513
mem[X,0x000000008003A64A] -> 0x3345
[9378] [M]: 0x000000008003A648 (0x33450513) addi a0, a0, 820
x10 <- 0x3333333333333334
mem[X,0x000000008003A64C] -> 0x05B7
mem[X,0x000000008003A64E] -> 0x0000
[9379] [M]: 0x000000008003A64C (0x000005B7) lui a1, 0
x11 <- 0x0000000000000000
mem[X,0x000000008003A650] -> 0x8593
mem[X,0x000000008003A652] -> 0xFFF5
[9380] [M]: 0x000000008003A650 (0xFFF58593) addi a1, a1, 4095
x11 <- 0xFFFFFFFFFFFFFFFF
mem[X,0x000000008003A654] -> 0x9593
mem[X,0x000000008003A656] -> 0x00B5
[9381] [M]: 0x000000008003A654 (0x00B59593) slli a1, a1, 11
x11 <- 0xFFFFFFFFFFFFF800
mem[X,0x000000008003A658] -> 0x8593
mem[X,0x000000008003A65A] -> 0x2575
[9382] [M]: 0x000000008003A658 (0x25758593) addi a1, a1, 599
x11 <- 0xFFFFFFFFFFFFFA57
mem[X,0x000000008003A65C] -> 0x9593
mem[X,0x000000008003A65E] -> 0x00B5
[9383] [M]: 0x000000008003A65C (0x00B59593) slli a1, a1, 11
x11 <- 0xFFFFFFFFFFD2B800
mem[X,0x000000008003A660] -> 0x8593
mem[X,0x000000008003A662] -> 0x6C35
[9384] [M]: 0x000000008003A660 (0x6C358593) addi a1, a1, 1731
x11 <- 0xFFFFFFFFFFD2BEC3
mem[X,0x000000008003A664] -> 0x9593
mem[X,0x000000008003A666] -> 0x00A5
[9385] [M]: 0x000000008003A664 (0x00A59593) slli a1, a1, 10
x11 <- 0xFFFFFFFF4AFB0C00
mem[X,0x000000008003A668] -> 0x8593
mem[X,0x000000008003A66A] -> 0x0CD5
[9386] [M]: 0x000000008003A668 (0x0CD58593) addi a1, a1, 205
x11 <- 0xFFFFFFFF4AFB0CCD
mem[X,0x000000008003A66C] -> 0x0213
mem[X,0x000000008003A66E] -> 0x0000
[9387] [M]: 0x000000008003A66C (0x00000213) addi tp, zero, 0
x4 <- 0x0000000000000000
mem[X,0x000000008003A670] -> 0x006F
mem[X,0x000000008003A672] -> 0x00C0
[9388] [M]: 0x000000008003A670 (0x00C0006F) jal zero, 12
mem[X,0x000000008003A67C] -> 0x0CE3
mem[X,0x000000008003A67E] -> 0xFEB5
[9389] [M]: 0x000000008003A67C (0xFEB50CE3) beq a0, a1, 8184
mem[X,0x000000008003A680] -> 0x0213
mem[X,0x000000008003A682] -> 0x0022
[9390] [M]: 0x000000008003A680 (0x00220213) addi tp, tp, 2
x4 <- 0x0000000000000002
mem[X,0x000000008003A684] -> 0x006F
mem[X,0x000000008003A686] -> 0x00C0
[9391] [M]: 0x000000008003A684 (0x00C0006F) jal zero, 12
mem[X,0x000000008003A690] -> 0x3C23
mem[X,0x000000008003A692] -> 0x1641
[9392] [M]: 0x000000008003A690 (0x16413C23) sd tp, 376(sp)
mem[0x000000008004A340] <- 0x0000000000000002
mem[X,0x000000008003A694] -> 0x3537
mem[X,0x000000008003A696] -> 0x3333
[9393] [M]: 0x000000008003A694 (0x33333537) lui a0, 209715
x10 <- 0x0000000033333000
mem[X,0x000000008003A698] -> 0x0513
mem[X,0x000000008003A69A] -> 0x3335
[9394] [M]: 0x000000008003A698 (0x33350513) addi a0, a0, 819
x10 <- 0x0000000033333333
mem[X,0x000000008003A69C] -> 0x1513
mem[X,0x000000008003A69E] -> 0x00B5
[9395] [M]: 0x000000008003A69C (0x00B51513) slli a0, a0, 11
x10 <- 0x0000019999999800
mem[X,0x000000008003A6A0] -> 0x0513
mem[X,0x000000008003A6A2] -> 0x1995
[9396] [M]: 0x000000008003A6A0 (0x19950513) addi a0, a0, 409
x10 <- 0x0000019999999999
mem[X,0x000000008003A6A4] -> 0x1513
mem[X,0x000000008003A6A6] -> 0x00B5
[9397] [M]: 0x000000008003A6A4 (0x00B51513) slli a0, a0, 11
x10 <- 0x000CCCCCCCCCC800
mem[X,0x000000008003A6A8] -> 0x0513
mem[X,0x000000008003A6AA] -> 0x4CC5
[9398] [M]: 0x000000008003A6A8 (0x4CC50513) addi a0, a0, 1228
x10 <- 0x000CCCCCCCCCCCCC
mem[X,0x000000008003A6AC] -> 0x1513
mem[X,0x000000008003A6AE] -> 0x00A5
[9399] [M]: 0x000000008003A6AC (0x00A51513) slli a0, a0, 10
x10 <- 0x3333333333333000
clint::tick mtime <- 0x000000000000005E
 clint timer pending at mtime 0x000000000000005E
htif::tick 0x0000000000000000
mem[X,0x000000008003A6B0] -> 0x0513
mem[X,0x000000008003A6B2] -> 0x3345
[9400] [M]: 0x000000008003A6B0 (0x33450513) addi a0, a0, 820
x10 <- 0x3333333333333334
mem[X,0x000000008003A6B4] -> 0x05B7
mem[X,0x000000008003A6B6] -> 0x0000
[9401] [M]: 0x000000008003A6B4 (0x000005B7) lui a1, 0
x11 <- 0x0000000000000000
mem[X,0x000000008003A6B8] -> 0x8593
mem[X,0x000000008003A6BA] -> 0x0005
[9402] [M]: 0x000000008003A6B8 (0x00058593) addi a1, a1, 0
x11 <- 0x0000000000000000
mem[X,0x000000008003A6BC] -> 0x9593
mem[X,0x000000008003A6BE] -> 0x00B5
[9403] [M]: 0x000000008003A6BC (0x00B59593) slli a1, a1, 11
x11 <- 0x0000000000000000
mem[X,0x000000008003A6C0] -> 0x8593
mem[X,0x000000008003A6C2] -> 0x5A85
[9404] [M]: 0x000000008003A6C0 (0x5A858593) addi a1, a1, 1448
x11 <- 0x00000000000005A8
mem[X,0x000000008003A6C4] -> 0x9593
mem[X,0x000000008003A6C6] -> 0x00B5
[9405] [M]: 0x000000008003A6C4 (0x00B59593) slli a1, a1, 11
x11 <- 0x00000000002D4000
mem[X,0x000000008003A6C8] -> 0x8593
mem[X,0x000000008003A6CA] -> 0x13C5
[9406] [M]: 0x000000008003A6C8 (0x13C58593) addi a1, a1, 316
x11 <- 0x00000000002D413C
mem[X,0x000000008003A6CC] -> 0x9593
mem[X,0x000000008003A6CE] -> 0x00A5
[9407] [M]: 0x000000008003A6CC (0x00A59593) slli a1, a1, 10
x11 <- 0x00000000B504F000
mem[X,0x000000008003A6D0] -> 0x8593
mem[X,0x000000008003A6D2] -> 0x3335
[9408] [M]: 0x000000008003A6D0 (0x33358593) addi a1, a1, 819
x11 <- 0x00000000B504F333
mem[X,0x000000008003A6D4] -> 0x0213
mem[X,0x000000008003A6D6] -> 0x0000
[9409] [M]: 0x000000008003A6D4 (0x00000213) addi tp, zero, 0
x4 <- 0x0000000000000000
mem[X,0x000000008003A6D8] -> 0x006F
mem[X,0x000000008003A6DA] -> 0x0180
[9410] [M]: 0x000000008003A6D8 (0x0180006F) jal zero, 24
mem[X,0x000000008003A6F0] -> 0x06E3
mem[X,0x000000008003A6F2] -> 0xFEB5
[9411] [M]: 0x000000008003A6F0 (0xFEB506E3) beq a0, a1, 8172
mem[X,0x000000008003A6F4] -> 0x0213
mem[X,0x000000008003A6F6] -> 0x0022
[9412] [M]: 0x000000008003A6F4 (0x00220213) addi tp, tp, 2
x4 <- 0x0000000000000002
mem[X,0x000000008003A6F8] -> 0x006F
mem[X,0x000000008003A6FA] -> 0x00C0
[9413] [M]: 0x000000008003A6F8 (0x00C0006F) jal zero, 12
mem[X,0x000000008003A704] -> 0x3023
mem[X,0x000000008003A706] -> 0x1841
[9414] [M]: 0x000000008003A704 (0x18413023) sd tp, 384(sp)
mem[0x000000008004A348] <- 0x0000000000000002
mem[X,0x000000008003A708] -> 0x3537
mem[X,0x000000008003A70A] -> 0x3333
[9415] [M]: 0x000000008003A708 (0x33333537) lui a0, 209715
x10 <- 0x0000000033333000
mem[X,0x000000008003A70C] -> 0x0513
mem[X,0x000000008003A70E] -> 0x3335
[9416] [M]: 0x000000008003A70C (0x33350513) addi a0, a0, 819
x10 <- 0x0000000033333333
mem[X,0x000000008003A710] -> 0x1513
mem[X,0x000000008003A712] -> 0x00B5
[9417] [M]: 0x000000008003A710 (0x00B51513) slli a0, a0, 11
x10 <- 0x0000019999999800
mem[X,0x000000008003A714] -> 0x0513
mem[X,0x000000008003A716] -> 0x1995
[9418] [M]: 0x000000008003A714 (0x19950513) addi a0, a0, 409
x10 <- 0x0000019999999999
mem[X,0x000000008003A718] -> 0x1513
mem[X,0x000000008003A71A] -> 0x00B5
[9419] [M]: 0x000000008003A718 (0x00B51513) slli a0, a0, 11
x10 <- 0x000CCCCCCCCCC800
mem[X,0x000000008003A71C] -> 0x0513
mem[X,0x000000008003A71E] -> 0x4CC5
[9420] [M]: 0x000000008003A71C (0x4CC50513) addi a0, a0, 1228
x10 <- 0x000CCCCCCCCCCCCC
mem[X,0x000000008003A720] -> 0x1513
mem[X,0x000000008003A722] -> 0x00A5
[9421] [M]: 0x000000008003A720 (0x00A51513) slli a0, a0, 10
x10 <- 0x3333333333333000
mem[X,0x000000008003A724] -> 0x0513
mem[X,0x000000008003A726] -> 0x3345
[9422] [M]: 0x000000008003A724 (0x33450513) addi a0, a0, 820
x10 <- 0x3333333333333334
mem[X,0x000000008003A728] -> 0x0593
mem[X,0x000000008003A72A] -> 0x0020
[9423] [M]: 0x000000008003A728 (0x00200593) addi a1, zero, 2
x11 <- 0x0000000000000002
mem[X,0x000000008003A72C] -> 0x0213
mem[X,0x000000008003A72E] -> 0x0000
[9424] [M]: 0x000000008003A72C (0x00000213) addi tp, zero, 0
x4 <- 0x0000000000000000
mem[X,0x000000008003A730] -> 0x006F
mem[X,0x000000008003A732] -> 0x00C0
[9425] [M]: 0x000000008003A730 (0x00C0006F) jal zero, 12
mem[X,0x000000008003A73C] -> 0x0663
mem[X,0x000000008003A73E] -> 0x00B5
[9426] [M]: 0x000000008003A73C (0x00B50663) beq a0, a1, 12
mem[X,0x000000008003A740] -> 0x0213
mem[X,0x000000008003A742] -> 0x0022
[9427] [M]: 0x000000008003A740 (0x00220213) addi tp, tp, 2
x4 <- 0x0000000000000002
mem[X,0x000000008003A744] -> 0x006F
mem[X,0x000000008003A746] -> 0x00C0
[9428] [M]: 0x000000008003A744 (0x00C0006F) jal zero, 12
mem[X,0x000000008003A750] -> 0x3423
mem[X,0x000000008003A752] -> 0x1841
[9429] [M]: 0x000000008003A750 (0x18413423) sd tp, 392(sp)
mem[0x000000008004A350] <- 0x0000000000000002
mem[X,0x000000008003A754] -> 0x3537
mem[X,0x000000008003A756] -> 0x3333
[9430] [M]: 0x000000008003A754 (0x33333537) lui a0, 209715
x10 <- 0x0000000033333000
mem[X,0x000000008003A758] -> 0x0513
mem[X,0x000000008003A75A] -> 0x3335
[9431] [M]: 0x000000008003A758 (0x33350513) addi a0, a0, 819
x10 <- 0x0000000033333333
mem[X,0x000000008003A75C] -> 0x1513
mem[X,0x000000008003A75E] -> 0x00B5
[9432] [M]: 0x000000008003A75C (0x00B51513) slli a0, a0, 11
x10 <- 0x0000019999999800
mem[X,0x000000008003A760] -> 0x0513
mem[X,0x000000008003A762] -> 0x1995
[9433] [M]: 0x000000008003A760 (0x19950513) addi a0, a0, 409
x10 <- 0x0000019999999999
mem[X,0x000000008003A764] -> 0x1513
mem[X,0x000000008003A766] -> 0x00B5
[9434] [M]: 0x000000008003A764 (0x00B51513) slli a0, a0, 11
x10 <- 0x000CCCCCCCCCC800
mem[X,0x000000008003A768] -> 0x0513
mem[X,0x000000008003A76A] -> 0x4CC5
[9435] [M]: 0x000000008003A768 (0x4CC50513) addi a0, a0, 1228
x10 <- 0x000CCCCCCCCCCCCC
mem[X,0x000000008003A76C] -> 0x1513
mem[X,0x000000008003A76E] -> 0x00A5
[9436] [M]: 0x000000008003A76C (0x00A51513) slli a0, a0, 10
x10 <- 0x3333333333333000
mem[X,0x000000008003A770] -> 0x0513
mem[X,0x000000008003A772] -> 0x3345
[9437] [M]: 0x000000008003A770 (0x33450513) addi a0, a0, 820
x10 <- 0x3333333333333334
mem[X,0x000000008003A774] -> 0x55B7
mem[X,0x000000008003A776] -> 0x5555
[9438] [M]: 0x000000008003A774 (0x555555B7) lui a1, 349525
x11 <- 0x0000000055555000
mem[X,0x000000008003A778] -> 0x8593
mem[X,0x000000008003A77A] -> 0x5555
[9439] [M]: 0x000000008003A778 (0x55558593) addi a1, a1, 1365
x11 <- 0x0000000055555555
mem[X,0x000000008003A77C] -> 0x9593
mem[X,0x000000008003A77E] -> 0x00B5
[9440] [M]: 0x000000008003A77C (0x00B59593) slli a1, a1, 11
x11 <- 0x000002AAAAAAA800
mem[X,0x000000008003A780] -> 0x8593
mem[X,0x000000008003A782] -> 0x2AA5
[9441] [M]: 0x000000008003A780 (0x2AA58593) addi a1, a1, 682
x11 <- 0x000002AAAAAAAAAA
mem[X,0x000000008003A784] -> 0x9593
mem[X,0x000000008003A786] -> 0x00B5
[9442] [M]: 0x000000008003A784 (0x00B59593) slli a1, a1, 11
x11 <- 0x0015555555555000
mem[X,0x000000008003A788] -> 0x8593
mem[X,0x000000008003A78A] -> 0x5555
[9443] [M]: 0x000000008003A788 (0x55558593) addi a1, a1, 1365
x11 <- 0x0015555555555555
mem[X,0x000000008003A78C] -> 0x9593
mem[X,0x000000008003A78E] -> 0x00A5
[9444] [M]: 0x000000008003A78C (0x00A59593) slli a1, a1, 10
x11 <- 0x5555555555555400
mem[X,0x000000008003A790] -> 0x8593
mem[X,0x000000008003A792] -> 0x1545
[9445] [M]: 0x000000008003A790 (0x15458593) addi a1, a1, 340
x11 <- 0x5555555555555554
mem[X,0x000000008003A794] -> 0x0213
mem[X,0x000000008003A796] -> 0x0000
[9446] [M]: 0x000000008003A794 (0x00000213) addi tp, zero, 0
x4 <- 0x0000000000000000
mem[X,0x000000008003A798] -> 0x006F
mem[X,0x000000008003A79A] -> 0x00C0
[9447] [M]: 0x000000008003A798 (0x00C0006F) jal zero, 12
mem[X,0x000000008003A7A4] -> 0x0063
mem[X,0x000000008003A7A6] -> 0x04B5
[9448] [M]: 0x000000008003A7A4 (0x04B50063) beq a0, a1, 64
mem[X,0x000000008003A7A8] -> 0x0213
mem[X,0x000000008003A7AA] -> 0x0022
[9449] [M]: 0x000000008003A7A8 (0x00220213) addi tp, tp, 2
x4 <- 0x0000000000000002
mem[X,0x000000008003A7AC] -> 0x006F
mem[X,0x000000008003A7AE] -> 0x0400
[9450] [M]: 0x000000008003A7AC (0x0400006F) jal zero, 64
mem[X,0x000000008003A7EC] -> 0x3823
mem[X,0x000000008003A7EE] -> 0x1841
[9451] [M]: 0x000000008003A7EC (0x18413823) sd tp, 400(sp)
mem[0x000000008004A358] <- 0x0000000000000002
mem[X,0x000000008003A7F0] -> 0x3537
mem[X,0x000000008003A7F2] -> 0x3333
[9452] [M]: 0x000000008003A7F0 (0x33333537) lui a0, 209715
x10 <- 0x0000000033333000
mem[X,0x000000008003A7F4] -> 0x0513
mem[X,0x000000008003A7F6] -> 0x3335
[9453] [M]: 0x000000008003A7F4 (0x33350513) addi a0, a0, 819
x10 <- 0x0000000033333333
mem[X,0x000000008003A7F8] -> 0x1513
mem[X,0x000000008003A7FA] -> 0x00B5
[9454] [M]: 0x000000008003A7F8 (0x00B51513) slli a0, a0, 11
x10 <- 0x0000019999999800
mem[X,0x000000008003A7FC] -> 0x0513
mem[X,0x000000008003A7FE] -> 0x1995
[9455] [M]: 0x000000008003A7FC (0x19950513) addi a0, a0, 409
x10 <- 0x0000019999999999
mem[X,0x000000008003A800] -> 0x1513
mem[X,0x000000008003A802] -> 0x00B5
[9456] [M]: 0x000000008003A800 (0x00B51513) slli a0, a0, 11
x10 <- 0x000CCCCCCCCCC800
mem[X,0x000000008003A804] -> 0x0513
mem[X,0x000000008003A806] -> 0x4CC5
[9457] [M]: 0x000000008003A804 (0x4CC50513) addi a0, a0, 1228
x10 <- 0x000CCCCCCCCCCCCC
mem[X,0x000000008003A808] -> 0x1513
mem[X,0x000000008003A80A] -> 0x00A5
[9458] [M]: 0x000000008003A808 (0x00A51513) slli a0, a0, 10
x10 <- 0x3333333333333000
mem[X,0x000000008003A80C] -> 0x0513
mem[X,0x000000008003A80E] -> 0x3345
[9459] [M]: 0x000000008003A80C (0x33450513) addi a0, a0, 820
x10 <- 0x3333333333333334
mem[X,0x000000008003A810] -> 0x0593
mem[X,0x000000008003A812] -> 0x0000
[9460] [M]: 0x000000008003A810 (0x00000593) addi a1, zero, 0
x11 <- 0x0000000000000000
mem[X,0x000000008003A814] -> 0x0213
mem[X,0x000000008003A816] -> 0x0000
[9461] [M]: 0x000000008003A814 (0x00000213) addi tp, zero, 0
x4 <- 0x0000000000000000
mem[X,0x000000008003A818] -> 0x006F
mem[X,0x000000008003A81A] -> 0x00C0
[9462] [M]: 0x000000008003A818 (0x00C0006F) jal zero, 12
mem[X,0x000000008003A824] -> 0x0663
mem[X,0x000000008003A826] -> 0x00B5
[9463] [M]: 0x000000008003A824 (0x00B50663) beq a0, a1, 12
mem[X,0x000000008003A828] -> 0x0213
mem[X,0x000000008003A82A] -> 0x0022
[9464] [M]: 0x000000008003A828 (0x00220213) addi tp, tp, 2
x4 <- 0x0000000000000002
mem[X,0x000000008003A82C] -> 0x006F
mem[X,0x000000008003A82E] -> 0x00C0
[9465] [M]: 0x000000008003A82C (0x00C0006F) jal zero, 12
mem[X,0x000000008003A838] -> 0x3C23
mem[X,0x000000008003A83A] -> 0x1841
[9466] [M]: 0x000000008003A838 (0x18413C23) sd tp, 408(sp)
mem[0x000000008004A360] <- 0x0000000000000002
mem[X,0x000000008003A83C] -> 0x3537
mem[X,0x000000008003A83E] -> 0x3333
[9467] [M]: 0x000000008003A83C (0x33333537) lui a0, 209715
x10 <- 0x0000000033333000
mem[X,0x000000008003A840] -> 0x0513
mem[X,0x000000008003A842] -> 0x3335
[9468] [M]: 0x000000008003A840 (0x33350513) addi a0, a0, 819
x10 <- 0x0000000033333333
mem[X,0x000000008003A844] -> 0x1513
mem[X,0x000000008003A846] -> 0x00B5
[9469] [M]: 0x000000008003A844 (0x00B51513) slli a0, a0, 11
x10 <- 0x0000019999999800
mem[X,0x000000008003A848] -> 0x0513
mem[X,0x000000008003A84A] -> 0x1995
[9470] [M]: 0x000000008003A848 (0x19950513) addi a0, a0, 409
x10 <- 0x0000019999999999
mem[X,0x000000008003A84C] -> 0x1513
mem[X,0x000000008003A84E] -> 0x00B5
[9471] [M]: 0x000000008003A84C (0x00B51513) slli a0, a0, 11
x10 <- 0x000CCCCCCCCCC800
mem[X,0x000000008003A850] -> 0x0513
mem[X,0x000000008003A852] -> 0x4CC5
[9472] [M]: 0x000000008003A850 (0x4CC50513) addi a0, a0, 1228
x10 <- 0x000CCCCCCCCCCCCC
mem[X,0x000000008003A854] -> 0x1513
mem[X,0x000000008003A856] -> 0x00A5
[9473] [M]: 0x000000008003A854 (0x00A51513) slli a0, a0, 10
x10 <- 0x3333333333333000
mem[X,0x000000008003A858] -> 0x0513
mem[X,0x000000008003A85A] -> 0x3345
[9474] [M]: 0x000000008003A858 (0x33450513) addi a0, a0, 820
x10 <- 0x3333333333333334
mem[X,0x000000008003A85C] -> 0x0593
mem[X,0x000000008003A85E] -> 0x0040
[9475] [M]: 0x000000008003A85C (0x00400593) addi a1, zero, 4
x11 <- 0x0000000000000004
mem[X,0x000000008003A860] -> 0x0213
mem[X,0x000000008003A862] -> 0x0000
[9476] [M]: 0x000000008003A860 (0x00000213) addi tp, zero, 0
x4 <- 0x0000000000000000
mem[X,0x000000008003A864] -> 0x006F
mem[X,0x000000008003A866] -> 0x00C0
[9477] [M]: 0x000000008003A864 (0x00C0006F) jal zero, 12
mem[X,0x000000008003A870] -> 0x0CE3
mem[X,0x000000008003A872] -> 0xFEB5
[9478] [M]: 0x000000008003A870 (0xFEB50CE3) beq a0, a1, 8184
mem[X,0x000000008003A874] -> 0x0213
mem[X,0x000000008003A876] -> 0x0022
[9479] [M]: 0x000000008003A874 (0x00220213) addi tp, tp, 2
x4 <- 0x0000000000000002
mem[X,0x000000008003A878] -> 0x006F
mem[X,0x000000008003A87A] -> 0x00C0
[9480] [M]: 0x000000008003A878 (0x00C0006F) jal zero, 12
mem[X,0x000000008003A884] -> 0x3023
mem[X,0x000000008003A886] -> 0x1A41
[9481] [M]: 0x000000008003A884 (0x1A413023) sd tp, 416(sp)
mem[0x000000008004A368] <- 0x0000000000000002
mem[X,0x000000008003A888] -> 0x3537
mem[X,0x000000008003A88A] -> 0x3333
[9482] [M]: 0x000000008003A888 (0x33333537) lui a0, 209715
x10 <- 0x0000000033333000
mem[X,0x000000008003A88C] -> 0x0513
mem[X,0x000000008003A88E] -> 0x3335
[9483] [M]: 0x000000008003A88C (0x33350513) addi a0, a0, 819
x10 <- 0x0000000033333333
mem[X,0x000000008003A890] -> 0x1513
mem[X,0x000000008003A892] -> 0x00B5
[9484] [M]: 0x000000008003A890 (0x00B51513) slli a0, a0, 11
x10 <- 0x0000019999999800
mem[X,0x000000008003A894] -> 0x0513
mem[X,0x000000008003A896] -> 0x1995
[9485] [M]: 0x000000008003A894 (0x19950513) addi a0, a0, 409
x10 <- 0x0000019999999999
mem[X,0x000000008003A898] -> 0x1513
mem[X,0x000000008003A89A] -> 0x00B5
[9486] [M]: 0x000000008003A898 (0x00B51513) slli a0, a0, 11
x10 <- 0x000CCCCCCCCCC800
mem[X,0x000000008003A89C] -> 0x0513
mem[X,0x000000008003A89E] -> 0x4CC5
[9487] [M]: 0x000000008003A89C (0x4CC50513) addi a0, a0, 1228
x10 <- 0x000CCCCCCCCCCCCC
mem[X,0x000000008003A8A0] -> 0x1513
mem[X,0x000000008003A8A2] -> 0x00A5
[9488] [M]: 0x000000008003A8A0 (0x00A51513) slli a0, a0, 10
x10 <- 0x3333333333333000
mem[X,0x000000008003A8A4] -> 0x0513
mem[X,0x000000008003A8A6] -> 0x3345
[9489] [M]: 0x000000008003A8A4 (0x33450513) addi a0, a0, 820
x10 <- 0x3333333333333334
mem[X,0x000000008003A8A8] -> 0x35B7
mem[X,0x000000008003A8AA] -> 0x3333
[9490] [M]: 0x000000008003A8A8 (0x333335B7) lui a1, 209715
x11 <- 0x0000000033333000
mem[X,0x000000008003A8AC] -> 0x8593
mem[X,0x000000008003A8AE] -> 0x3335
[9491] [M]: 0x000000008003A8AC (0x33358593) addi a1, a1, 819
x11 <- 0x0000000033333333
mem[X,0x000000008003A8B0] -> 0x9593
mem[X,0x000000008003A8B2] -> 0x00B5
[9492] [M]: 0x000000008003A8B0 (0x00B59593) slli a1, a1, 11
x11 <- 0x0000019999999800
mem[X,0x000000008003A8B4] -> 0x8593
mem[X,0x000000008003A8B6] -> 0x1995
[9493] [M]: 0x000000008003A8B4 (0x19958593) addi a1, a1, 409
x11 <- 0x0000019999999999
mem[X,0x000000008003A8B8] -> 0x9593
mem[X,0x000000008003A8BA] -> 0x00B5
[9494] [M]: 0x000000008003A8B8 (0x00B59593) slli a1, a1, 11
x11 <- 0x000CCCCCCCCCC800
mem[X,0x000000008003A8BC] -> 0x8593
mem[X,0x000000008003A8BE] -> 0x4CC5
[9495] [M]: 0x000000008003A8BC (0x4CC58593) addi a1, a1, 1228
x11 <- 0x000CCCCCCCCCCCCC
mem[X,0x000000008003A8C0] -> 0x9593
mem[X,0x000000008003A8C2] -> 0x00A5
[9496] [M]: 0x000000008003A8C0 (0x00A59593) slli a1, a1, 10
x11 <- 0x3333333333333000
mem[X,0x000000008003A8C4] -> 0x8593
mem[X,0x000000008003A8C6] -> 0x3325
[9497] [M]: 0x000000008003A8C4 (0x33258593) addi a1, a1, 818
x11 <- 0x3333333333333332
mem[X,0x000000008003A8C8] -> 0x0213
mem[X,0x000000008003A8CA] -> 0x0000
[9498] [M]: 0x000000008003A8C8 (0x00000213) addi tp, zero, 0
x4 <- 0x0000000000000000
mem[X,0x000000008003A8CC] -> 0x006F
mem[X,0x000000008003A8CE] -> 0x2B10
[9499] [M]: 0x000000008003A8CC (0x2B10006F) jal zero, 2736
clint::tick mtime <- 0x000000000000005F
 clint timer pending at mtime 0x000000000000005F
htif::tick 0x0000000000000000
mem[X,0x000000008003B37C] -> 0x0A63
mem[X,0x000000008003B37E] -> 0xD4B5
[9500] [M]: 0x000000008003B37C (0xD4B50A63) beq a0, a1, 5460
mem[X,0x000000008003B380] -> 0x0213
mem[X,0x000000008003B382] -> 0x0022
[9501] [M]: 0x000000008003B380 (0x00220213) addi tp, tp, 2
x4 <- 0x0000000000000002
mem[X,0x000000008003B384] -> 0x006F
mem[X,0x000000008003B386] -> 0x00C0
[9502] [M]: 0x000000008003B384 (0x00C0006F) jal zero, 12
mem[X,0x000000008003B390] -> 0x3423
mem[X,0x000000008003B392] -> 0x1A41
[9503] [M]: 0x000000008003B390 (0x1A413423) sd tp, 424(sp)
mem[0x000000008004A370] <- 0x0000000000000002
mem[X,0x000000008003B394] -> 0x3537
mem[X,0x000000008003B396] -> 0x3333
[9504] [M]: 0x000000008003B394 (0x33333537) lui a0, 209715
x10 <- 0x0000000033333000
mem[X,0x000000008003B398] -> 0x0513
mem[X,0x000000008003B39A] -> 0x3335
[9505] [M]: 0x000000008003B398 (0x33350513) addi a0, a0, 819
x10 <- 0x0000000033333333
mem[X,0x000000008003B39C] -> 0x1513
mem[X,0x000000008003B39E] -> 0x00B5
[9506] [M]: 0x000000008003B39C (0x00B51513) slli a0, a0, 11
x10 <- 0x0000019999999800
mem[X,0x000000008003B3A0] -> 0x0513
mem[X,0x000000008003B3A2] -> 0x1995
[9507] [M]: 0x000000008003B3A0 (0x19950513) addi a0, a0, 409
x10 <- 0x0000019999999999
mem[X,0x000000008003B3A4] -> 0x1513
mem[X,0x000000008003B3A6] -> 0x00B5
[9508] [M]: 0x000000008003B3A4 (0x00B51513) slli a0, a0, 11
x10 <- 0x000CCCCCCCCCC800
mem[X,0x000000008003B3A8] -> 0x0513
mem[X,0x000000008003B3AA] -> 0x4CC5
[9509] [M]: 0x000000008003B3A8 (0x4CC50513) addi a0, a0, 1228
x10 <- 0x000CCCCCCCCCCCCC
mem[X,0x000000008003B3AC] -> 0x1513
mem[X,0x000000008003B3AE] -> 0x00A5
[9510] [M]: 0x000000008003B3AC (0x00A51513) slli a0, a0, 10
x10 <- 0x3333333333333000
mem[X,0x000000008003B3B0] -> 0x0513
mem[X,0x000000008003B3B2] -> 0x3345
[9511] [M]: 0x000000008003B3B0 (0x33450513) addi a0, a0, 820
x10 <- 0x3333333333333334
mem[X,0x000000008003B3B4] -> 0x65B7
mem[X,0x000000008003B3B6] -> 0x6666
[9512] [M]: 0x000000008003B3B4 (0x666665B7) lui a1, 419430
x11 <- 0x0000000066666000
mem[X,0x000000008003B3B8] -> 0x8593
mem[X,0x000000008003B3BA] -> 0x6665
[9513] [M]: 0x000000008003B3B8 (0x66658593) addi a1, a1, 1638
x11 <- 0x0000000066666666
mem[X,0x000000008003B3BC] -> 0x9593
mem[X,0x000000008003B3BE] -> 0x00B5
[9514] [M]: 0x000000008003B3BC (0x00B59593) slli a1, a1, 11
x11 <- 0x0000033333333000
mem[X,0x000000008003B3C0] -> 0x8593
mem[X,0x000000008003B3C2] -> 0x3335
[9515] [M]: 0x000000008003B3C0 (0x33358593) addi a1, a1, 819
x11 <- 0x0000033333333333
mem[X,0x000000008003B3C4] -> 0x9593
mem[X,0x000000008003B3C6] -> 0x00B5
[9516] [M]: 0x000000008003B3C4 (0x00B59593) slli a1, a1, 11
x11 <- 0x0019999999999800
mem[X,0x000000008003B3C8] -> 0x8593
mem[X,0x000000008003B3CA] -> 0x1995
[9517] [M]: 0x000000008003B3C8 (0x19958593) addi a1, a1, 409
x11 <- 0x0019999999999999
mem[X,0x000000008003B3CC] -> 0x9593
mem[X,0x000000008003B3CE] -> 0x00A5
[9518] [M]: 0x000000008003B3CC (0x00A59593) slli a1, a1, 10
x11 <- 0x6666666666666400
mem[X,0x000000008003B3D0] -> 0x8593
mem[X,0x000000008003B3D2] -> 0x2655
[9519] [M]: 0x000000008003B3D0 (0x26558593) addi a1, a1, 613
x11 <- 0x6666666666666665
mem[X,0x000000008003B3D4] -> 0x0213
mem[X,0x000000008003B3D6] -> 0x0000
[9520] [M]: 0x000000008003B3D4 (0x00000213) addi tp, zero, 0
x4 <- 0x0000000000000000
mem[X,0x000000008003B3D8] -> 0x006F
mem[X,0x000000008003B3DA] -> 0x00C0
[9521] [M]: 0x000000008003B3D8 (0x00C0006F) jal zero, 12
mem[X,0x000000008003B3E4] -> 0x0063
mem[X,0x000000008003B3E6] -> 0x20B5
[9522] [M]: 0x000000008003B3E4 (0x20B50063) beq a0, a1, 512
mem[X,0x000000008003B3E8] -> 0x0213
mem[X,0x000000008003B3EA] -> 0x0022
[9523] [M]: 0x000000008003B3E8 (0x00220213) addi tp, tp, 2
x4 <- 0x0000000000000002
mem[X,0x000000008003B3EC] -> 0x006F
mem[X,0x000000008003B3EE] -> 0x2000
[9524] [M]: 0x000000008003B3EC (0x2000006F) jal zero, 512
mem[X,0x000000008003B5EC] -> 0x3823
mem[X,0x000000008003B5EE] -> 0x1A41
[9525] [M]: 0x000000008003B5EC (0x1A413823) sd tp, 432(sp)
mem[0x000000008004A378] <- 0x0000000000000002
mem[X,0x000000008003B5F0] -> 0x3537
mem[X,0x000000008003B5F2] -> 0x3333
[9526] [M]: 0x000000008003B5F0 (0x33333537) lui a0, 209715
x10 <- 0x0000000033333000
mem[X,0x000000008003B5F4] -> 0x0513
mem[X,0x000000008003B5F6] -> 0x3335
[9527] [M]: 0x000000008003B5F4 (0x33350513) addi a0, a0, 819
x10 <- 0x0000000033333333
mem[X,0x000000008003B5F8] -> 0x1513
mem[X,0x000000008003B5FA] -> 0x00B5
[9528] [M]: 0x000000008003B5F8 (0x00B51513) slli a0, a0, 11
x10 <- 0x0000019999999800
mem[X,0x000000008003B5FC] -> 0x0513
mem[X,0x000000008003B5FE] -> 0x1995
[9529] [M]: 0x000000008003B5FC (0x19950513) addi a0, a0, 409
x10 <- 0x0000019999999999
mem[X,0x000000008003B600] -> 0x1513
mem[X,0x000000008003B602] -> 0x00B5
[9530] [M]: 0x000000008003B600 (0x00B51513) slli a0, a0, 11
x10 <- 0x000CCCCCCCCCC800
mem[X,0x000000008003B604] -> 0x0513
mem[X,0x000000008003B606] -> 0x4CC5
[9531] [M]: 0x000000008003B604 (0x4CC50513) addi a0, a0, 1228
x10 <- 0x000CCCCCCCCCCCCC
mem[X,0x000000008003B608] -> 0x1513
mem[X,0x000000008003B60A] -> 0x00A5
[9532] [M]: 0x000000008003B608 (0x00A51513) slli a0, a0, 10
x10 <- 0x3333333333333000
mem[X,0x000000008003B60C] -> 0x0513
mem[X,0x000000008003B60E] -> 0x3345
[9533] [M]: 0x000000008003B60C (0x33450513) addi a0, a0, 820
x10 <- 0x3333333333333334
mem[X,0x000000008003B610] -> 0x05B7
mem[X,0x000000008003B612] -> 0x0000
[9534] [M]: 0x000000008003B610 (0x000005B7) lui a1, 0
x11 <- 0x0000000000000000
mem[X,0x000000008003B614] -> 0x8593
mem[X,0x000000008003B616] -> 0x0005
[9535] [M]: 0x000000008003B614 (0x00058593) addi a1, a1, 0
x11 <- 0x0000000000000000
mem[X,0x000000008003B618] -> 0x9593
mem[X,0x000000008003B61A] -> 0x00B5
[9536] [M]: 0x000000008003B618 (0x00B59593) slli a1, a1, 11
x11 <- 0x0000000000000000
mem[X,0x000000008003B61C] -> 0x8593
mem[X,0x000000008003B61E] -> 0x5A85
[9537] [M]: 0x000000008003B61C (0x5A858593) addi a1, a1, 1448
x11 <- 0x00000000000005A8
mem[X,0x000000008003B620] -> 0x9593
mem[X,0x000000008003B622] -> 0x00B5
[9538] [M]: 0x000000008003B620 (0x00B59593) slli a1, a1, 11
x11 <- 0x00000000002D4000
mem[X,0x000000008003B624] -> 0x8593
mem[X,0x000000008003B626] -> 0x13C5
[9539] [M]: 0x000000008003B624 (0x13C58593) addi a1, a1, 316
x11 <- 0x00000000002D413C
mem[X,0x000000008003B628] -> 0x9593
mem[X,0x000000008003B62A] -> 0x00A5
[9540] [M]: 0x000000008003B628 (0x00A59593) slli a1, a1, 10
x11 <- 0x00000000B504F000
mem[X,0x000000008003B62C] -> 0x8593
mem[X,0x000000008003B62E] -> 0x3325
[9541] [M]: 0x000000008003B62C (0x33258593) addi a1, a1, 818
x11 <- 0x00000000B504F332
mem[X,0x000000008003B630] -> 0x0213
mem[X,0x000000008003B632] -> 0x0000
[9542] [M]: 0x000000008003B630 (0x00000213) addi tp, zero, 0
x4 <- 0x0000000000000000
mem[X,0x000000008003B634] -> 0x006F
mem[X,0x000000008003B636] -> 0x00C0
[9543] [M]: 0x000000008003B634 (0x00C0006F) jal zero, 12
mem[X,0x000000008003B640] -> 0x0CE3
mem[X,0x000000008003B642] -> 0xFEB5
[9544] [M]: 0x000000008003B640 (0xFEB50CE3) beq a0, a1, 8184
mem[X,0x000000008003B644] -> 0x0213
mem[X,0x000000008003B646] -> 0x0022
[9545] [M]: 0x000000008003B644 (0x00220213) addi tp, tp, 2
x4 <- 0x0000000000000002
mem[X,0x000000008003B648] -> 0x006F
mem[X,0x000000008003B64A] -> 0x00C0
[9546] [M]: 0x000000008003B648 (0x00C0006F) jal zero, 12
mem[X,0x000000008003B654] -> 0x3C23
mem[X,0x000000008003B656] -> 0x1A41
[9547] [M]: 0x000000008003B654 (0x1A413C23) sd tp, 440(sp)
mem[0x000000008004A380] <- 0x0000000000000002
mem[X,0x000000008003B658] -> 0x3537
mem[X,0x000000008003B65A] -> 0x3333
[9548] [M]: 0x000000008003B658 (0x33333537) lui a0, 209715
x10 <- 0x0000000033333000
mem[X,0x000000008003B65C] -> 0x0513
mem[X,0x000000008003B65E] -> 0x3335
[9549] [M]: 0x000000008003B65C (0x33350513) addi a0, a0, 819
x10 <- 0x0000000033333333
mem[X,0x000000008003B660] -> 0x1513
mem[X,0x000000008003B662] -> 0x00B5
[9550] [M]: 0x000000008003B660 (0x00B51513) slli a0, a0, 11
x10 <- 0x0000019999999800
mem[X,0x000000008003B664] -> 0x0513
mem[X,0x000000008003B666] -> 0x1995
[9551] [M]: 0x000000008003B664 (0x19950513) addi a0, a0, 409
x10 <- 0x0000019999999999
mem[X,0x000000008003B668] -> 0x1513
mem[X,0x000000008003B66A] -> 0x00B5
[9552] [M]: 0x000000008003B668 (0x00B51513) slli a0, a0, 11
x10 <- 0x000CCCCCCCCCC800
mem[X,0x000000008003B66C] -> 0x0513
mem[X,0x000000008003B66E] -> 0x4CC5
[9553] [M]: 0x000000008003B66C (0x4CC50513) addi a0, a0, 1228
x10 <- 0x000CCCCCCCCCCCCC
mem[X,0x000000008003B670] -> 0x1513
mem[X,0x000000008003B672] -> 0x00A5
[9554] [M]: 0x000000008003B670 (0x00A51513) slli a0, a0, 10
x10 <- 0x3333333333333000
mem[X,0x000000008003B674] -> 0x0513
mem[X,0x000000008003B676] -> 0x3345
[9555] [M]: 0x000000008003B674 (0x33450513) addi a0, a0, 820
x10 <- 0x3333333333333334
mem[X,0x000000008003B678] -> 0x55B7
mem[X,0x000000008003B67A] -> 0x5555
[9556] [M]: 0x000000008003B678 (0x555555B7) lui a1, 349525
x11 <- 0x0000000055555000
mem[X,0x000000008003B67C] -> 0x8593
mem[X,0x000000008003B67E] -> 0x5555
[9557] [M]: 0x000000008003B67C (0x55558593) addi a1, a1, 1365
x11 <- 0x0000000055555555
mem[X,0x000000008003B680] -> 0x9593
mem[X,0x000000008003B682] -> 0x00B5
[9558] [M]: 0x000000008003B680 (0x00B59593) slli a1, a1, 11
x11 <- 0x000002AAAAAAA800
mem[X,0x000000008003B684] -> 0x8593
mem[X,0x000000008003B686] -> 0x2AA5
[9559] [M]: 0x000000008003B684 (0x2AA58593) addi a1, a1, 682
x11 <- 0x000002AAAAAAAAAA
mem[X,0x000000008003B688] -> 0x9593
mem[X,0x000000008003B68A] -> 0x00B5
[9560] [M]: 0x000000008003B688 (0x00B59593) slli a1, a1, 11
x11 <- 0x0015555555555000
mem[X,0x000000008003B68C] -> 0x8593
mem[X,0x000000008003B68E] -> 0x5555
[9561] [M]: 0x000000008003B68C (0x55558593) addi a1, a1, 1365
x11 <- 0x0015555555555555
mem[X,0x000000008003B690] -> 0x9593
mem[X,0x000000008003B692] -> 0x00A5
[9562] [M]: 0x000000008003B690 (0x00A59593) slli a1, a1, 10
x11 <- 0x5555555555555400
mem[X,0x000000008003B694] -> 0x8593
mem[X,0x000000008003B696] -> 0x1565
[9563] [M]: 0x000000008003B694 (0x15658593) addi a1, a1, 342
x11 <- 0x5555555555555556
mem[X,0x000000008003B698] -> 0x0213
mem[X,0x000000008003B69A] -> 0x0000
[9564] [M]: 0x000000008003B698 (0x00000213) addi tp, zero, 0
x4 <- 0x0000000000000000
mem[X,0x000000008003B69C] -> 0x006F
mem[X,0x000000008003B69E] -> 0x00C0
[9565] [M]: 0x000000008003B69C (0x00C0006F) jal zero, 12
mem[X,0x000000008003B6A8] -> 0x0063
mem[X,0x000000008003B6AA] -> 0x10B5
[9566] [M]: 0x000000008003B6A8 (0x10B50063) beq a0, a1, 256
mem[X,0x000000008003B6AC] -> 0x0213
mem[X,0x000000008003B6AE] -> 0x0022
[9567] [M]: 0x000000008003B6AC (0x00220213) addi tp, tp, 2
x4 <- 0x0000000000000002
mem[X,0x000000008003B6B0] -> 0x006F
mem[X,0x000000008003B6B2] -> 0x1000
[9568] [M]: 0x000000008003B6B0 (0x1000006F) jal zero, 256
mem[X,0x000000008003B7B0] -> 0x3023
mem[X,0x000000008003B7B2] -> 0x1C41
[9569] [M]: 0x000000008003B7B0 (0x1C413023) sd tp, 448(sp)
mem[0x000000008004A388] <- 0x0000000000000002
mem[X,0x000000008003B7B4] -> 0x3537
mem[X,0x000000008003B7B6] -> 0x3333
[9570] [M]: 0x000000008003B7B4 (0x33333537) lui a0, 209715
x10 <- 0x0000000033333000
mem[X,0x000000008003B7B8] -> 0x0513
mem[X,0x000000008003B7BA] -> 0x3335
[9571] [M]: 0x000000008003B7B8 (0x33350513) addi a0, a0, 819
x10 <- 0x0000000033333333
mem[X,0x000000008003B7BC] -> 0x1513
mem[X,0x000000008003B7BE] -> 0x00B5
[9572] [M]: 0x000000008003B7BC (0x00B51513) slli a0, a0, 11
x10 <- 0x0000019999999800
mem[X,0x000000008003B7C0] -> 0x0513
mem[X,0x000000008003B7C2] -> 0x1995
[9573] [M]: 0x000000008003B7C0 (0x19950513) addi a0, a0, 409
x10 <- 0x0000019999999999
mem[X,0x000000008003B7C4] -> 0x1513
mem[X,0x000000008003B7C6] -> 0x00B5
[9574] [M]: 0x000000008003B7C4 (0x00B51513) slli a0, a0, 11
x10 <- 0x000CCCCCCCCCC800
mem[X,0x000000008003B7C8] -> 0x0513
mem[X,0x000000008003B7CA] -> 0x4CC5
[9575] [M]: 0x000000008003B7C8 (0x4CC50513) addi a0, a0, 1228
x10 <- 0x000CCCCCCCCCCCCC
mem[X,0x000000008003B7CC] -> 0x1513
mem[X,0x000000008003B7CE] -> 0x00A5
[9576] [M]: 0x000000008003B7CC (0x00A51513) slli a0, a0, 10
x10 <- 0x3333333333333000
mem[X,0x000000008003B7D0] -> 0x0513
mem[X,0x000000008003B7D2] -> 0x3345
[9577] [M]: 0x000000008003B7D0 (0x33450513) addi a0, a0, 820
x10 <- 0x3333333333333334
mem[X,0x000000008003B7D4] -> 0xB5B7
mem[X,0x000000008003B7D6] -> 0xAAAA
[9578] [M]: 0x000000008003B7D4 (0xAAAAB5B7) lui a1, 699051
x11 <- 0xFFFFFFFFAAAAB000
mem[X,0x000000008003B7D8] -> 0x8593
mem[X,0x000000008003B7DA] -> 0xAAA5
[9579] [M]: 0x000000008003B7D8 (0xAAA58593) addi a1, a1, 2730
x11 <- 0xFFFFFFFFAAAAAAAA
mem[X,0x000000008003B7DC] -> 0x9593
mem[X,0x000000008003B7DE] -> 0x00B5
[9580] [M]: 0x000000008003B7DC (0x00B59593) slli a1, a1, 11
x11 <- 0xFFFFFD5555555000
mem[X,0x000000008003B7E0] -> 0x8593
mem[X,0x000000008003B7E2] -> 0x5555
[9581] [M]: 0x000000008003B7E0 (0x55558593) addi a1, a1, 1365
x11 <- 0xFFFFFD5555555555
mem[X,0x000000008003B7E4] -> 0x9593
mem[X,0x000000008003B7E6] -> 0x00B5
[9582] [M]: 0x000000008003B7E4 (0x00B59593) slli a1, a1, 11
x11 <- 0xFFEAAAAAAAAAA800
mem[X,0x000000008003B7E8] -> 0x8593
mem[X,0x000000008003B7EA] -> 0x2AA5
[9583] [M]: 0x000000008003B7E8 (0x2AA58593) addi a1, a1, 682
x11 <- 0xFFEAAAAAAAAAAAAA
mem[X,0x000000008003B7EC] -> 0x9593
mem[X,0x000000008003B7EE] -> 0x00A5
[9584] [M]: 0x000000008003B7EC (0x00A59593) slli a1, a1, 10
x11 <- 0xAAAAAAAAAAAAA800
mem[X,0x000000008003B7F0] -> 0x8593
mem[X,0x000000008003B7F2] -> 0x2AB5
[9585] [M]: 0x000000008003B7F0 (0x2AB58593) addi a1, a1, 683
x11 <- 0xAAAAAAAAAAAAAAAB
mem[X,0x000000008003B7F4] -> 0x0213
mem[X,0x000000008003B7F6] -> 0x0000
[9586] [M]: 0x000000008003B7F4 (0x00000213) addi tp, zero, 0
x4 <- 0x0000000000000000
mem[X,0x000000008003B7F8] -> 0x006F
mem[X,0x000000008003B7FA] -> 0x00C0
[9587] [M]: 0x000000008003B7F8 (0x00C0006F) jal zero, 12
mem[X,0x000000008003B804] -> 0x0063
mem[X,0x000000008003B806] -> 0x08B5
[9588] [M]: 0x000000008003B804 (0x08B50063) beq a0, a1, 128
mem[X,0x000000008003B808] -> 0x0213
mem[X,0x000000008003B80A] -> 0x0022
[9589] [M]: 0x000000008003B808 (0x00220213) addi tp, tp, 2
x4 <- 0x0000000000000002
mem[X,0x000000008003B80C] -> 0x006F
mem[X,0x000000008003B80E] -> 0x0800
[9590] [M]: 0x000000008003B80C (0x0800006F) jal zero, 128
mem[X,0x000000008003B88C] -> 0x3423
mem[X,0x000000008003B88E] -> 0x1C41
[9591] [M]: 0x000000008003B88C (0x1C413423) sd tp, 456(sp)
mem[0x000000008004A390] <- 0x0000000000000002
mem[X,0x000000008003B890] -> 0x3537
mem[X,0x000000008003B892] -> 0x3333
[9592] [M]: 0x000000008003B890 (0x33333537) lui a0, 209715
x10 <- 0x0000000033333000
mem[X,0x000000008003B894] -> 0x0513
mem[X,0x000000008003B896] -> 0x3335
[9593] [M]: 0x000000008003B894 (0x33350513) addi a0, a0, 819
x10 <- 0x0000000033333333
mem[X,0x000000008003B898] -> 0x1513
mem[X,0x000000008003B89A] -> 0x00B5
[9594] [M]: 0x000000008003B898 (0x00B51513) slli a0, a0, 11
x10 <- 0x0000019999999800
mem[X,0x000000008003B89C] -> 0x0513
mem[X,0x000000008003B89E] -> 0x1995
[9595] [M]: 0x000000008003B89C (0x19950513) addi a0, a0, 409
x10 <- 0x0000019999999999
mem[X,0x000000008003B8A0] -> 0x1513
mem[X,0x000000008003B8A2] -> 0x00B5
[9596] [M]: 0x000000008003B8A0 (0x00B51513) slli a0, a0, 11
x10 <- 0x000CCCCCCCCCC800
mem[X,0x000000008003B8A4] -> 0x0513
mem[X,0x000000008003B8A6] -> 0x4CC5
[9597] [M]: 0x000000008003B8A4 (0x4CC50513) addi a0, a0, 1228
x10 <- 0x000CCCCCCCCCCCCC
mem[X,0x000000008003B8A8] -> 0x1513
mem[X,0x000000008003B8AA] -> 0x00A5
[9598] [M]: 0x000000008003B8A8 (0x00A51513) slli a0, a0, 10
x10 <- 0x3333333333333000
mem[X,0x000000008003B8AC] -> 0x0513
mem[X,0x000000008003B8AE] -> 0x3345
[9599] [M]: 0x000000008003B8AC (0x33450513) addi a0, a0, 820
x10 <- 0x3333333333333334
clint::tick mtime <- 0x0000000000000060
 clint timer pending at mtime 0x0000000000000060
htif::tick 0x0000000000000000
mem[X,0x000000008003B8B0] -> 0x0593
mem[X,0x000000008003B8B2] -> 0x0060
[9600] [M]: 0x000000008003B8B0 (0x00600593) addi a1, zero, 6
x11 <- 0x0000000000000006
mem[X,0x000000008003B8B4] -> 0x0213
mem[X,0x000000008003B8B6] -> 0x0000
[9601] [M]: 0x000000008003B8B4 (0x00000213) addi tp, zero, 0
x4 <- 0x0000000000000000
mem[X,0x000000008003B8B8] -> 0x006F
mem[X,0x000000008003B8BA] -> 0x00C0
[9602] [M]: 0x000000008003B8B8 (0x00C0006F) jal zero, 12
mem[X,0x000000008003B8C4] -> 0x0063
mem[X,0x000000008003B8C6] -> 0x08B5
[9603] [M]: 0x000000008003B8C4 (0x08B50063) beq a0, a1, 128
mem[X,0x000000008003B8C8] -> 0x0213
mem[X,0x000000008003B8CA] -> 0x0022
[9604] [M]: 0x000000008003B8C8 (0x00220213) addi tp, tp, 2
x4 <- 0x0000000000000002
mem[X,0x000000008003B8CC] -> 0x006F
mem[X,0x000000008003B8CE] -> 0x0800
[9605] [M]: 0x000000008003B8CC (0x0800006F) jal zero, 128
mem[X,0x000000008003B94C] -> 0x3823
mem[X,0x000000008003B94E] -> 0x1C41
[9606] [M]: 0x000000008003B94C (0x1C413823) sd tp, 464(sp)
mem[0x000000008004A398] <- 0x0000000000000002
mem[X,0x000000008003B950] -> 0x3537
mem[X,0x000000008003B952] -> 0x3333
[9607] [M]: 0x000000008003B950 (0x33333537) lui a0, 209715
x10 <- 0x0000000033333000
mem[X,0x000000008003B954] -> 0x0513
mem[X,0x000000008003B956] -> 0x3335
[9608] [M]: 0x000000008003B954 (0x33350513) addi a0, a0, 819
x10 <- 0x0000000033333333
mem[X,0x000000008003B958] -> 0x1513
mem[X,0x000000008003B95A] -> 0x00B5
[9609] [M]: 0x000000008003B958 (0x00B51513) slli a0, a0, 11
x10 <- 0x0000019999999800
mem[X,0x000000008003B95C] -> 0x0513
mem[X,0x000000008003B95E] -> 0x1995
[9610] [M]: 0x000000008003B95C (0x19950513) addi a0, a0, 409
x10 <- 0x0000019999999999
mem[X,0x000000008003B960] -> 0x1513
mem[X,0x000000008003B962] -> 0x00B5
[9611] [M]: 0x000000008003B960 (0x00B51513) slli a0, a0, 11
x10 <- 0x000CCCCCCCCCC800
mem[X,0x000000008003B964] -> 0x0513
mem[X,0x000000008003B966] -> 0x4CC5
[9612] [M]: 0x000000008003B964 (0x4CC50513) addi a0, a0, 1228
x10 <- 0x000CCCCCCCCCCCCC
mem[X,0x000000008003B968] -> 0x1513
mem[X,0x000000008003B96A] -> 0x00A5
[9613] [M]: 0x000000008003B968 (0x00A51513) slli a0, a0, 10
x10 <- 0x3333333333333000
mem[X,0x000000008003B96C] -> 0x0513
mem[X,0x000000008003B96E] -> 0x3345
[9614] [M]: 0x000000008003B96C (0x33450513) addi a0, a0, 820
x10 <- 0x3333333333333334
mem[X,0x000000008003B970] -> 0x35B7
mem[X,0x000000008003B972] -> 0x3333
[9615] [M]: 0x000000008003B970 (0x333335B7) lui a1, 209715
x11 <- 0x0000000033333000
mem[X,0x000000008003B974] -> 0x8593
mem[X,0x000000008003B976] -> 0x3335
[9616] [M]: 0x000000008003B974 (0x33358593) addi a1, a1, 819
x11 <- 0x0000000033333333
mem[X,0x000000008003B978] -> 0x9593
mem[X,0x000000008003B97A] -> 0x00B5
[9617] [M]: 0x000000008003B978 (0x00B59593) slli a1, a1, 11
x11 <- 0x0000019999999800
mem[X,0x000000008003B97C] -> 0x8593
mem[X,0x000000008003B97E] -> 0x1995
[9618] [M]: 0x000000008003B97C (0x19958593) addi a1, a1, 409
x11 <- 0x0000019999999999
mem[X,0x000000008003B980] -> 0x9593
mem[X,0x000000008003B982] -> 0x00B5
[9619] [M]: 0x000000008003B980 (0x00B59593) slli a1, a1, 11
x11 <- 0x000CCCCCCCCCC800
mem[X,0x000000008003B984] -> 0x8593
mem[X,0x000000008003B986] -> 0x4CC5
[9620] [M]: 0x000000008003B984 (0x4CC58593) addi a1, a1, 1228
x11 <- 0x000CCCCCCCCCCCCC
mem[X,0x000000008003B988] -> 0x9593
mem[X,0x000000008003B98A] -> 0x00A5
[9621] [M]: 0x000000008003B988 (0x00A59593) slli a1, a1, 10
x11 <- 0x3333333333333000
mem[X,0x000000008003B98C] -> 0x8593
mem[X,0x000000008003B98E] -> 0x3345
[9622] [M]: 0x000000008003B98C (0x33458593) addi a1, a1, 820
x11 <- 0x3333333333333334
mem[X,0x000000008003B990] -> 0x0213
mem[X,0x000000008003B992] -> 0x0000
[9623] [M]: 0x000000008003B990 (0x00000213) addi tp, zero, 0
x4 <- 0x0000000000000000
mem[X,0x000000008003B994] -> 0x006F
mem[X,0x000000008003B996] -> 0x0140
[9624] [M]: 0x000000008003B994 (0x0140006F) jal zero, 20
mem[X,0x000000008003B9A8] -> 0x08E3
mem[X,0x000000008003B9AA] -> 0xFEB5
[9625] [M]: 0x000000008003B9A8 (0xFEB508E3) beq a0, a1, 8176
mem[X,0x000000008003B998] -> 0x0213
mem[X,0x000000008003B99A] -> 0x0012
[9626] [M]: 0x000000008003B998 (0x00120213) addi tp, tp, 1
x4 <- 0x0000000000000001
mem[X,0x000000008003B99C] -> 0x006F
mem[X,0x000000008003B99E] -> 0x0200
[9627] [M]: 0x000000008003B99C (0x0200006F) jal zero, 32
mem[X,0x000000008003B9BC] -> 0x3C23
mem[X,0x000000008003B9BE] -> 0x1C41
[9628] [M]: 0x000000008003B9BC (0x1C413C23) sd tp, 472(sp)
mem[0x000000008004A3A0] <- 0x0000000000000001
mem[X,0x000000008003B9C0] -> 0x3537
mem[X,0x000000008003B9C2] -> 0x3333
[9629] [M]: 0x000000008003B9C0 (0x33333537) lui a0, 209715
x10 <- 0x0000000033333000
mem[X,0x000000008003B9C4] -> 0x0513
mem[X,0x000000008003B9C6] -> 0x3335
[9630] [M]: 0x000000008003B9C4 (0x33350513) addi a0, a0, 819
x10 <- 0x0000000033333333
mem[X,0x000000008003B9C8] -> 0x1513
mem[X,0x000000008003B9CA] -> 0x00B5
[9631] [M]: 0x000000008003B9C8 (0x00B51513) slli a0, a0, 11
x10 <- 0x0000019999999800
mem[X,0x000000008003B9CC] -> 0x0513
mem[X,0x000000008003B9CE] -> 0x1995
[9632] [M]: 0x000000008003B9CC (0x19950513) addi a0, a0, 409
x10 <- 0x0000019999999999
mem[X,0x000000008003B9D0] -> 0x1513
mem[X,0x000000008003B9D2] -> 0x00B5
[9633] [M]: 0x000000008003B9D0 (0x00B51513) slli a0, a0, 11
x10 <- 0x000CCCCCCCCCC800
mem[X,0x000000008003B9D4] -> 0x0513
mem[X,0x000000008003B9D6] -> 0x4CC5
[9634] [M]: 0x000000008003B9D4 (0x4CC50513) addi a0, a0, 1228
x10 <- 0x000CCCCCCCCCCCCC
mem[X,0x000000008003B9D8] -> 0x1513
mem[X,0x000000008003B9DA] -> 0x00A5
[9635] [M]: 0x000000008003B9D8 (0x00A51513) slli a0, a0, 10
x10 <- 0x3333333333333000
mem[X,0x000000008003B9DC] -> 0x0513
mem[X,0x000000008003B9DE] -> 0x3345
[9636] [M]: 0x000000008003B9DC (0x33450513) addi a0, a0, 820
x10 <- 0x3333333333333334
mem[X,0x000000008003B9E0] -> 0x65B7
mem[X,0x000000008003B9E2] -> 0x6666
[9637] [M]: 0x000000008003B9E0 (0x666665B7) lui a1, 419430
x11 <- 0x0000000066666000
mem[X,0x000000008003B9E4] -> 0x8593
mem[X,0x000000008003B9E6] -> 0x6665
[9638] [M]: 0x000000008003B9E4 (0x66658593) addi a1, a1, 1638
x11 <- 0x0000000066666666
mem[X,0x000000008003B9E8] -> 0x9593
mem[X,0x000000008003B9EA] -> 0x00B5
[9639] [M]: 0x000000008003B9E8 (0x00B59593) slli a1, a1, 11
x11 <- 0x0000033333333000
mem[X,0x000000008003B9EC] -> 0x8593
mem[X,0x000000008003B9EE] -> 0x3335
[9640] [M]: 0x000000008003B9EC (0x33358593) addi a1, a1, 819
x11 <- 0x0000033333333333
mem[X,0x000000008003B9F0] -> 0x9593
mem[X,0x000000008003B9F2] -> 0x00B5
[9641] [M]: 0x000000008003B9F0 (0x00B59593) slli a1, a1, 11
x11 <- 0x0019999999999800
mem[X,0x000000008003B9F4] -> 0x8593
mem[X,0x000000008003B9F6] -> 0x1995
[9642] [M]: 0x000000008003B9F4 (0x19958593) addi a1, a1, 409
x11 <- 0x0019999999999999
mem[X,0x000000008003B9F8] -> 0x9593
mem[X,0x000000008003B9FA] -> 0x00A5
[9643] [M]: 0x000000008003B9F8 (0x00A59593) slli a1, a1, 10
x11 <- 0x6666666666666400
mem[X,0x000000008003B9FC] -> 0x8593
mem[X,0x000000008003B9FE] -> 0x2675
[9644] [M]: 0x000000008003B9FC (0x26758593) addi a1, a1, 615
x11 <- 0x6666666666666667
mem[X,0x000000008003BA00] -> 0x0213
mem[X,0x000000008003BA02] -> 0x0000
[9645] [M]: 0x000000008003BA00 (0x00000213) addi tp, zero, 0
x4 <- 0x0000000000000000
mem[X,0x000000008003BA04] -> 0x006F
mem[X,0x000000008003BA06] -> 0x00C0
[9646] [M]: 0x000000008003BA04 (0x00C0006F) jal zero, 12
mem[X,0x000000008003BA10] -> 0x0063
mem[X,0x000000008003BA12] -> 0x40B5
[9647] [M]: 0x000000008003BA10 (0x40B50063) beq a0, a1, 1024
mem[X,0x000000008003BA14] -> 0x0213
mem[X,0x000000008003BA16] -> 0x0022
[9648] [M]: 0x000000008003BA14 (0x00220213) addi tp, tp, 2
x4 <- 0x0000000000000002
mem[X,0x000000008003BA18] -> 0x006F
mem[X,0x000000008003BA1A] -> 0x4000
[9649] [M]: 0x000000008003BA18 (0x4000006F) jal zero, 1024
mem[X,0x000000008003BE18] -> 0x3023
mem[X,0x000000008003BE1A] -> 0x1E41
[9650] [M]: 0x000000008003BE18 (0x1E413023) sd tp, 480(sp)
mem[0x000000008004A3A8] <- 0x0000000000000002
mem[X,0x000000008003BE1C] -> 0x3537
mem[X,0x000000008003BE1E] -> 0x3333
[9651] [M]: 0x000000008003BE1C (0x33333537) lui a0, 209715
x10 <- 0x0000000033333000
mem[X,0x000000008003BE20] -> 0x0513
mem[X,0x000000008003BE22] -> 0x3335
[9652] [M]: 0x000000008003BE20 (0x33350513) addi a0, a0, 819
x10 <- 0x0000000033333333
mem[X,0x000000008003BE24] -> 0x1513
mem[X,0x000000008003BE26] -> 0x00B5
[9653] [M]: 0x000000008003BE24 (0x00B51513) slli a0, a0, 11
x10 <- 0x0000019999999800
mem[X,0x000000008003BE28] -> 0x0513
mem[X,0x000000008003BE2A] -> 0x1995
[9654] [M]: 0x000000008003BE28 (0x19950513) addi a0, a0, 409
x10 <- 0x0000019999999999
mem[X,0x000000008003BE2C] -> 0x1513
mem[X,0x000000008003BE2E] -> 0x00B5
[9655] [M]: 0x000000008003BE2C (0x00B51513) slli a0, a0, 11
x10 <- 0x000CCCCCCCCCC800
mem[X,0x000000008003BE30] -> 0x0513
mem[X,0x000000008003BE32] -> 0x4CC5
[9656] [M]: 0x000000008003BE30 (0x4CC50513) addi a0, a0, 1228
x10 <- 0x000CCCCCCCCCCCCC
mem[X,0x000000008003BE34] -> 0x1513
mem[X,0x000000008003BE36] -> 0x00A5
[9657] [M]: 0x000000008003BE34 (0x00A51513) slli a0, a0, 10
x10 <- 0x3333333333333000
mem[X,0x000000008003BE38] -> 0x0513
mem[X,0x000000008003BE3A] -> 0x3345
[9658] [M]: 0x000000008003BE38 (0x33450513) addi a0, a0, 820
x10 <- 0x3333333333333334
mem[X,0x000000008003BE3C] -> 0x05B7
mem[X,0x000000008003BE3E] -> 0x0000
[9659] [M]: 0x000000008003BE3C (0x000005B7) lui a1, 0
x11 <- 0x0000000000000000
mem[X,0x000000008003BE40] -> 0x8593
mem[X,0x000000008003BE42] -> 0xFFF5
[9660] [M]: 0x000000008003BE40 (0xFFF58593) addi a1, a1, 4095
x11 <- 0xFFFFFFFFFFFFFFFF
mem[X,0x000000008003BE44] -> 0x9593
mem[X,0x000000008003BE46] -> 0x00B5
[9661] [M]: 0x000000008003BE44 (0x00B59593) slli a1, a1, 11
x11 <- 0xFFFFFFFFFFFFF800
mem[X,0x000000008003BE48] -> 0x8593
mem[X,0x000000008003BE4A] -> 0x2575
[9662] [M]: 0x000000008003BE48 (0x25758593) addi a1, a1, 599
x11 <- 0xFFFFFFFFFFFFFA57
mem[X,0x000000008003BE4C] -> 0x9593
mem[X,0x000000008003BE4E] -> 0x00B5
[9663] [M]: 0x000000008003BE4C (0x00B59593) slli a1, a1, 11
x11 <- 0xFFFFFFFFFFD2B800
mem[X,0x000000008003BE50] -> 0x8593
mem[X,0x000000008003BE52] -> 0x6C35
[9664] [M]: 0x000000008003BE50 (0x6C358593) addi a1, a1, 1731
x11 <- 0xFFFFFFFFFFD2BEC3
mem[X,0x000000008003BE54] -> 0x9593
mem[X,0x000000008003BE56] -> 0x00A5
[9665] [M]: 0x000000008003BE54 (0x00A59593) slli a1, a1, 10
x11 <- 0xFFFFFFFF4AFB0C00
mem[X,0x000000008003BE58] -> 0x8593
mem[X,0x000000008003BE5A] -> 0x0CE5
[9666] [M]: 0x000000008003BE58 (0x0CE58593) addi a1, a1, 206
x11 <- 0xFFFFFFFF4AFB0CCE
mem[X,0x000000008003BE5C] -> 0x0213
mem[X,0x000000008003BE5E] -> 0x0000
[9667] [M]: 0x000000008003BE5C (0x00000213) addi tp, zero, 0
x4 <- 0x0000000000000000
mem[X,0x000000008003BE60] -> 0x006F
mem[X,0x000000008003BE62] -> 0x0180
[9668] [M]: 0x000000008003BE60 (0x0180006F) jal zero, 24
mem[X,0x000000008003BE78] -> 0x06E3
mem[X,0x000000008003BE7A] -> 0xFEB5
[9669] [M]: 0x000000008003BE78 (0xFEB506E3) beq a0, a1, 8172
mem[X,0x000000008003BE7C] -> 0x0213
mem[X,0x000000008003BE7E] -> 0x0022
[9670] [M]: 0x000000008003BE7C (0x00220213) addi tp, tp, 2
x4 <- 0x0000000000000002
mem[X,0x000000008003BE80] -> 0x006F
mem[X,0x000000008003BE82] -> 0x00C0
[9671] [M]: 0x000000008003BE80 (0x00C0006F) jal zero, 12
mem[X,0x000000008003BE8C] -> 0x3423
mem[X,0x000000008003BE8E] -> 0x1E41
[9672] [M]: 0x000000008003BE8C (0x1E413423) sd tp, 488(sp)
mem[0x000000008004A3B0] <- 0x0000000000000002
mem[X,0x000000008003BE90] -> 0x3537
mem[X,0x000000008003BE92] -> 0x3333
[9673] [M]: 0x000000008003BE90 (0x33333537) lui a0, 209715
x10 <- 0x0000000033333000
mem[X,0x000000008003BE94] -> 0x0513
mem[X,0x000000008003BE96] -> 0x3335
[9674] [M]: 0x000000008003BE94 (0x33350513) addi a0, a0, 819
x10 <- 0x0000000033333333
mem[X,0x000000008003BE98] -> 0x1513
mem[X,0x000000008003BE9A] -> 0x00B5
[9675] [M]: 0x000000008003BE98 (0x00B51513) slli a0, a0, 11
x10 <- 0x0000019999999800
mem[X,0x000000008003BE9C] -> 0x0513
mem[X,0x000000008003BE9E] -> 0x1995
[9676] [M]: 0x000000008003BE9C (0x19950513) addi a0, a0, 409
x10 <- 0x0000019999999999
mem[X,0x000000008003BEA0] -> 0x1513
mem[X,0x000000008003BEA2] -> 0x00B5
[9677] [M]: 0x000000008003BEA0 (0x00B51513) slli a0, a0, 11
x10 <- 0x000CCCCCCCCCC800
mem[X,0x000000008003BEA4] -> 0x0513
mem[X,0x000000008003BEA6] -> 0x4CC5
[9678] [M]: 0x000000008003BEA4 (0x4CC50513) addi a0, a0, 1228
x10 <- 0x000CCCCCCCCCCCCC
mem[X,0x000000008003BEA8] -> 0x1513
mem[X,0x000000008003BEAA] -> 0x00A5
[9679] [M]: 0x000000008003BEA8 (0x00A51513) slli a0, a0, 10
x10 <- 0x3333333333333000
mem[X,0x000000008003BEAC] -> 0x0513
mem[X,0x000000008003BEAE] -> 0x3345
[9680] [M]: 0x000000008003BEAC (0x33450513) addi a0, a0, 820
x10 <- 0x3333333333333334
mem[X,0x000000008003BEB0] -> 0x05B7
mem[X,0x000000008003BEB2] -> 0x0000
[9681] [M]: 0x000000008003BEB0 (0x000005B7) lui a1, 0
x11 <- 0x0000000000000000
mem[X,0x000000008003BEB4] -> 0x8593
mem[X,0x000000008003BEB6] -> 0x0005
[9682] [M]: 0x000000008003BEB4 (0x00058593) addi a1, a1, 0
x11 <- 0x0000000000000000
mem[X,0x000000008003BEB8] -> 0x9593
mem[X,0x000000008003BEBA] -> 0x00B5
[9683] [M]: 0x000000008003BEB8 (0x00B59593) slli a1, a1, 11
x11 <- 0x0000000000000000
mem[X,0x000000008003BEBC] -> 0x8593
mem[X,0x000000008003BEBE] -> 0x5A85
[9684] [M]: 0x000000008003BEBC (0x5A858593) addi a1, a1, 1448
x11 <- 0x00000000000005A8
mem[X,0x000000008003BEC0] -> 0x9593
mem[X,0x000000008003BEC2] -> 0x00B5
[9685] [M]: 0x000000008003BEC0 (0x00B59593) slli a1, a1, 11
x11 <- 0x00000000002D4000
mem[X,0x000000008003BEC4] -> 0x8593
mem[X,0x000000008003BEC6] -> 0x13C5
[9686] [M]: 0x000000008003BEC4 (0x13C58593) addi a1, a1, 316
x11 <- 0x00000000002D413C
mem[X,0x000000008003BEC8] -> 0x9593
mem[X,0x000000008003BECA] -> 0x00A5
[9687] [M]: 0x000000008003BEC8 (0x00A59593) slli a1, a1, 10
x11 <- 0x00000000B504F000
mem[X,0x000000008003BECC] -> 0x8593
mem[X,0x000000008003BECE] -> 0x3345
[9688] [M]: 0x000000008003BECC (0x33458593) addi a1, a1, 820
x11 <- 0x00000000B504F334
mem[X,0x000000008003BED0] -> 0x0213
mem[X,0x000000008003BED2] -> 0x0000
[9689] [M]: 0x000000008003BED0 (0x00000213) addi tp, zero, 0
x4 <- 0x0000000000000000
mem[X,0x000000008003BED4] -> 0x006F
mem[X,0x000000008003BED6] -> 0x00C0
[9690] [M]: 0x000000008003BED4 (0x00C0006F) jal zero, 12
mem[X,0x000000008003BEE0] -> 0x0663
mem[X,0x000000008003BEE2] -> 0x00B5
[9691] [M]: 0x000000008003BEE0 (0x00B50663) beq a0, a1, 12
mem[X,0x000000008003BEE4] -> 0x0213
mem[X,0x000000008003BEE6] -> 0x0022
[9692] [M]: 0x000000008003BEE4 (0x00220213) addi tp, tp, 2
x4 <- 0x0000000000000002
mem[X,0x000000008003BEE8] -> 0x006F
mem[X,0x000000008003BEEA] -> 0x00C0
[9693] [M]: 0x000000008003BEE8 (0x00C0006F) jal zero, 12
mem[X,0x000000008003BEF4] -> 0x3823
mem[X,0x000000008003BEF6] -> 0x1E41
[9694] [M]: 0x000000008003BEF4 (0x1E413823) sd tp, 496(sp)
mem[0x000000008004A3B8] <- 0x0000000000000002
mem[X,0x000000008003BEF8] -> 0x6537
mem[X,0x000000008003BEFA] -> 0x6666
[9695] [M]: 0x000000008003BEF8 (0x66666537) lui a0, 419430
x10 <- 0x0000000066666000
mem[X,0x000000008003BEFC] -> 0x0513
mem[X,0x000000008003BEFE] -> 0x6665
[9696] [M]: 0x000000008003BEFC (0x66650513) addi a0, a0, 1638
x10 <- 0x0000000066666666
mem[X,0x000000008003BF00] -> 0x1513
mem[X,0x000000008003BF02] -> 0x00B5
[9697] [M]: 0x000000008003BF00 (0x00B51513) slli a0, a0, 11
x10 <- 0x0000033333333000
mem[X,0x000000008003BF04] -> 0x0513
mem[X,0x000000008003BF06] -> 0x3335
[9698] [M]: 0x000000008003BF04 (0x33350513) addi a0, a0, 819
x10 <- 0x0000033333333333
mem[X,0x000000008003BF08] -> 0x1513
mem[X,0x000000008003BF0A] -> 0x00B5
[9699] [M]: 0x000000008003BF08 (0x00B51513) slli a0, a0, 11
x10 <- 0x0019999999999800
clint::tick mtime <- 0x0000000000000061
 clint timer pending at mtime 0x0000000000000061
htif::tick 0x0000000000000000
mem[X,0x000000008003BF0C] -> 0x0513
mem[X,0x000000008003BF0E] -> 0x1995
[9700] [M]: 0x000000008003BF0C (0x19950513) addi a0, a0, 409
x10 <- 0x0019999999999999
mem[X,0x000000008003BF10] -> 0x1513
mem[X,0x000000008003BF12] -> 0x00A5
[9701] [M]: 0x000000008003BF10 (0x00A51513) slli a0, a0, 10
x10 <- 0x6666666666666400
mem[X,0x000000008003BF14] -> 0x0513
mem[X,0x000000008003BF16] -> 0x2675
[9702] [M]: 0x000000008003BF14 (0x26750513) addi a0, a0, 615
x10 <- 0x6666666666666667
mem[X,0x000000008003BF18] -> 0x0593
mem[X,0x000000008003BF1A] -> 0x0030
[9703] [M]: 0x000000008003BF18 (0x00300593) addi a1, zero, 3
x11 <- 0x0000000000000003
mem[X,0x000000008003BF1C] -> 0x0213
mem[X,0x000000008003BF1E] -> 0x0000
[9704] [M]: 0x000000008003BF1C (0x00000213) addi tp, zero, 0
x4 <- 0x0000000000000000
mem[X,0x000000008003BF20] -> 0x006F
mem[X,0x000000008003BF22] -> 0x00C0
[9705] [M]: 0x000000008003BF20 (0x00C0006F) jal zero, 12
mem[X,0x000000008003BF2C] -> 0x0CE3
mem[X,0x000000008003BF2E] -> 0xFEB5
[9706] [M]: 0x000000008003BF2C (0xFEB50CE3) beq a0, a1, 8184
mem[X,0x000000008003BF30] -> 0x0213
mem[X,0x000000008003BF32] -> 0x0022
[9707] [M]: 0x000000008003BF30 (0x00220213) addi tp, tp, 2
x4 <- 0x0000000000000002
mem[X,0x000000008003BF34] -> 0x006F
mem[X,0x000000008003BF36] -> 0x00C0
[9708] [M]: 0x000000008003BF34 (0x00C0006F) jal zero, 12
mem[X,0x000000008003BF40] -> 0x3C23
mem[X,0x000000008003BF42] -> 0x1E41
[9709] [M]: 0x000000008003BF40 (0x1E413C23) sd tp, 504(sp)
mem[0x000000008004A3C0] <- 0x0000000000000002
mem[X,0x000000008003BF44] -> 0x6537
mem[X,0x000000008003BF46] -> 0x6666
[9710] [M]: 0x000000008003BF44 (0x66666537) lui a0, 419430
x10 <- 0x0000000066666000
mem[X,0x000000008003BF48] -> 0x0513
mem[X,0x000000008003BF4A] -> 0x6665
[9711] [M]: 0x000000008003BF48 (0x66650513) addi a0, a0, 1638
x10 <- 0x0000000066666666
mem[X,0x000000008003BF4C] -> 0x1513
mem[X,0x000000008003BF4E] -> 0x00B5
[9712] [M]: 0x000000008003BF4C (0x00B51513) slli a0, a0, 11
x10 <- 0x0000033333333000
mem[X,0x000000008003BF50] -> 0x0513
mem[X,0x000000008003BF52] -> 0x3335
[9713] [M]: 0x000000008003BF50 (0x33350513) addi a0, a0, 819
x10 <- 0x0000033333333333
mem[X,0x000000008003BF54] -> 0x1513
mem[X,0x000000008003BF56] -> 0x00B5
[9714] [M]: 0x000000008003BF54 (0x00B51513) slli a0, a0, 11
x10 <- 0x0019999999999800
mem[X,0x000000008003BF58] -> 0x0513
mem[X,0x000000008003BF5A] -> 0x1995
[9715] [M]: 0x000000008003BF58 (0x19950513) addi a0, a0, 409
x10 <- 0x0019999999999999
mem[X,0x000000008003BF5C] -> 0x1513
mem[X,0x000000008003BF5E] -> 0x00A5
[9716] [M]: 0x000000008003BF5C (0x00A51513) slli a0, a0, 10
x10 <- 0x6666666666666400
mem[X,0x000000008003BF60] -> 0x0513
mem[X,0x000000008003BF62] -> 0x2675
[9717] [M]: 0x000000008003BF60 (0x26750513) addi a0, a0, 615
x10 <- 0x6666666666666667
mem[X,0x000000008003BF64] -> 0x55B7
mem[X,0x000000008003BF66] -> 0x5555
[9718] [M]: 0x000000008003BF64 (0x555555B7) lui a1, 349525
x11 <- 0x0000000055555000
mem[X,0x000000008003BF68] -> 0x8593
mem[X,0x000000008003BF6A] -> 0x5555
[9719] [M]: 0x000000008003BF68 (0x55558593) addi a1, a1, 1365
x11 <- 0x0000000055555555
mem[X,0x000000008003BF6C] -> 0x9593
mem[X,0x000000008003BF6E] -> 0x00B5
[9720] [M]: 0x000000008003BF6C (0x00B59593) slli a1, a1, 11
x11 <- 0x000002AAAAAAA800
mem[X,0x000000008003BF70] -> 0x8593
mem[X,0x000000008003BF72] -> 0x2AA5
[9721] [M]: 0x000000008003BF70 (0x2AA58593) addi a1, a1, 682
x11 <- 0x000002AAAAAAAAAA
mem[X,0x000000008003BF74] -> 0x9593
mem[X,0x000000008003BF76] -> 0x00B5
[9722] [M]: 0x000000008003BF74 (0x00B59593) slli a1, a1, 11
x11 <- 0x0015555555555000
mem[X,0x000000008003BF78] -> 0x8593
mem[X,0x000000008003BF7A] -> 0x5555
[9723] [M]: 0x000000008003BF78 (0x55558593) addi a1, a1, 1365
x11 <- 0x0015555555555555
mem[X,0x000000008003BF7C] -> 0x9593
mem[X,0x000000008003BF7E] -> 0x00A5
[9724] [M]: 0x000000008003BF7C (0x00A59593) slli a1, a1, 10
x11 <- 0x5555555555555400
mem[X,0x000000008003BF80] -> 0x8593
mem[X,0x000000008003BF82] -> 0x1555
[9725] [M]: 0x000000008003BF80 (0x15558593) addi a1, a1, 341
x11 <- 0x5555555555555555
mem[X,0x000000008003BF84] -> 0x0213
mem[X,0x000000008003BF86] -> 0x0000
[9726] [M]: 0x000000008003BF84 (0x00000213) addi tp, zero, 0
x4 <- 0x0000000000000000
mem[X,0x000000008003BF88] -> 0x006F
mem[X,0x000000008003BF8A] -> 0x0100
[9727] [M]: 0x000000008003BF88 (0x0100006F) jal zero, 16
mem[X,0x000000008003BF98] -> 0x0AE3
mem[X,0x000000008003BF9A] -> 0xFEB5
[9728] [M]: 0x000000008003BF98 (0xFEB50AE3) beq a0, a1, 8180
mem[X,0x000000008003BF9C] -> 0x0213
mem[X,0x000000008003BF9E] -> 0x0022
[9729] [M]: 0x000000008003BF9C (0x00220213) addi tp, tp, 2
x4 <- 0x0000000000000002
mem[X,0x000000008003BFA0] -> 0x006F
mem[X,0x000000008003BFA2] -> 0x00C0
[9730] [M]: 0x000000008003BFA0 (0x00C0006F) jal zero, 12
mem[X,0x000000008003BFAC] -> 0x3023
mem[X,0x000000008003BFAE] -> 0x2041
[9731] [M]: 0x000000008003BFAC (0x20413023) sd tp, 512(sp)
mem[0x000000008004A3C8] <- 0x0000000000000002
mem[X,0x000000008003BFB0] -> 0x6537
mem[X,0x000000008003BFB2] -> 0x6666
[9732] [M]: 0x000000008003BFB0 (0x66666537) lui a0, 419430
x10 <- 0x0000000066666000
mem[X,0x000000008003BFB4] -> 0x0513
mem[X,0x000000008003BFB6] -> 0x6665
[9733] [M]: 0x000000008003BFB4 (0x66650513) addi a0, a0, 1638
x10 <- 0x0000000066666666
mem[X,0x000000008003BFB8] -> 0x1513
mem[X,0x000000008003BFBA] -> 0x00B5
[9734] [M]: 0x000000008003BFB8 (0x00B51513) slli a0, a0, 11
x10 <- 0x0000033333333000
mem[X,0x000000008003BFBC] -> 0x0513
mem[X,0x000000008003BFBE] -> 0x3335
[9735] [M]: 0x000000008003BFBC (0x33350513) addi a0, a0, 819
x10 <- 0x0000033333333333
mem[X,0x000000008003BFC0] -> 0x1513
mem[X,0x000000008003BFC2] -> 0x00B5
[9736] [M]: 0x000000008003BFC0 (0x00B51513) slli a0, a0, 11
x10 <- 0x0019999999999800
mem[X,0x000000008003BFC4] -> 0x0513
mem[X,0x000000008003BFC6] -> 0x1995
[9737] [M]: 0x000000008003BFC4 (0x19950513) addi a0, a0, 409
x10 <- 0x0019999999999999
mem[X,0x000000008003BFC8] -> 0x1513
mem[X,0x000000008003BFCA] -> 0x00A5
[9738] [M]: 0x000000008003BFC8 (0x00A51513) slli a0, a0, 10
x10 <- 0x6666666666666400
mem[X,0x000000008003BFCC] -> 0x0513
mem[X,0x000000008003BFCE] -> 0x2675
[9739] [M]: 0x000000008003BFCC (0x26750513) addi a0, a0, 615
x10 <- 0x6666666666666667
mem[X,0x000000008003BFD0] -> 0xB5B7
mem[X,0x000000008003BFD2] -> 0xAAAA
[9740] [M]: 0x000000008003BFD0 (0xAAAAB5B7) lui a1, 699051
x11 <- 0xFFFFFFFFAAAAB000
mem[X,0x000000008003BFD4] -> 0x8593
mem[X,0x000000008003BFD6] -> 0xAAA5
[9741] [M]: 0x000000008003BFD4 (0xAAA58593) addi a1, a1, 2730
x11 <- 0xFFFFFFFFAAAAAAAA
mem[X,0x000000008003BFD8] -> 0x9593
mem[X,0x000000008003BFDA] -> 0x00B5
[9742] [M]: 0x000000008003BFD8 (0x00B59593) slli a1, a1, 11
x11 <- 0xFFFFFD5555555000
mem[X,0x000000008003BFDC] -> 0x8593
mem[X,0x000000008003BFDE] -> 0x5555
[9743] [M]: 0x000000008003BFDC (0x55558593) addi a1, a1, 1365
x11 <- 0xFFFFFD5555555555
mem[X,0x000000008003BFE0] -> 0x9593
mem[X,0x000000008003BFE2] -> 0x00B5
[9744] [M]: 0x000000008003BFE0 (0x00B59593) slli a1, a1, 11
x11 <- 0xFFEAAAAAAAAAA800
mem[X,0x000000008003BFE4] -> 0x8593
mem[X,0x000000008003BFE6] -> 0x2AA5
[9745] [M]: 0x000000008003BFE4 (0x2AA58593) addi a1, a1, 682
x11 <- 0xFFEAAAAAAAAAAAAA
mem[X,0x000000008003BFE8] -> 0x9593
mem[X,0x000000008003BFEA] -> 0x00A5
[9746] [M]: 0x000000008003BFE8 (0x00A59593) slli a1, a1, 10
x11 <- 0xAAAAAAAAAAAAA800
mem[X,0x000000008003BFEC] -> 0x8593
mem[X,0x000000008003BFEE] -> 0x2AA5
[9747] [M]: 0x000000008003BFEC (0x2AA58593) addi a1, a1, 682
x11 <- 0xAAAAAAAAAAAAAAAA
mem[X,0x000000008003BFF0] -> 0x0213
mem[X,0x000000008003BFF2] -> 0x0000
[9748] [M]: 0x000000008003BFF0 (0x00000213) addi tp, zero, 0
x4 <- 0x0000000000000000
mem[X,0x000000008003BFF4] -> 0x006F
mem[X,0x000000008003BFF6] -> 0x00C0
[9749] [M]: 0x000000008003BFF4 (0x00C0006F) jal zero, 12
mem[X,0x000000008003C000] -> 0x0CE3
mem[X,0x000000008003C002] -> 0xFEB5
[9750] [M]: 0x000000008003C000 (0xFEB50CE3) beq a0, a1, 8184
mem[X,0x000000008003C004] -> 0x0213
mem[X,0x000000008003C006] -> 0x0022
[9751] [M]: 0x000000008003C004 (0x00220213) addi tp, tp, 2
x4 <- 0x0000000000000002
mem[X,0x000000008003C008] -> 0x006F
mem[X,0x000000008003C00A] -> 0x00C0
[9752] [M]: 0x000000008003C008 (0x00C0006F) jal zero, 12
mem[X,0x000000008003C014] -> 0x3423
mem[X,0x000000008003C016] -> 0x2041
[9753] [M]: 0x000000008003C014 (0x20413423) sd tp, 520(sp)
mem[0x000000008004A3D0] <- 0x0000000000000002
mem[X,0x000000008003C018] -> 0x6537
mem[X,0x000000008003C01A] -> 0x6666
[9754] [M]: 0x000000008003C018 (0x66666537) lui a0, 419430
x10 <- 0x0000000066666000
mem[X,0x000000008003C01C] -> 0x0513
mem[X,0x000000008003C01E] -> 0x6665
[9755] [M]: 0x000000008003C01C (0x66650513) addi a0, a0, 1638
x10 <- 0x0000000066666666
mem[X,0x000000008003C020] -> 0x1513
mem[X,0x000000008003C022] -> 0x00B5
[9756] [M]: 0x000000008003C020 (0x00B51513) slli a0, a0, 11
x10 <- 0x0000033333333000
mem[X,0x000000008003C024] -> 0x0513
mem[X,0x000000008003C026] -> 0x3335
[9757] [M]: 0x000000008003C024 (0x33350513) addi a0, a0, 819
x10 <- 0x0000033333333333
mem[X,0x000000008003C028] -> 0x1513
mem[X,0x000000008003C02A] -> 0x00B5
[9758] [M]: 0x000000008003C028 (0x00B51513) slli a0, a0, 11
x10 <- 0x0019999999999800
mem[X,0x000000008003C02C] -> 0x0513
mem[X,0x000000008003C02E] -> 0x1995
[9759] [M]: 0x000000008003C02C (0x19950513) addi a0, a0, 409
x10 <- 0x0019999999999999
mem[X,0x000000008003C030] -> 0x1513
mem[X,0x000000008003C032] -> 0x00A5
[9760] [M]: 0x000000008003C030 (0x00A51513) slli a0, a0, 10
x10 <- 0x6666666666666400
mem[X,0x000000008003C034] -> 0x0513
mem[X,0x000000008003C036] -> 0x2675
[9761] [M]: 0x000000008003C034 (0x26750513) addi a0, a0, 615
x10 <- 0x6666666666666667
mem[X,0x000000008003C038] -> 0x0593
mem[X,0x000000008003C03A] -> 0x0050
[9762] [M]: 0x000000008003C038 (0x00500593) addi a1, zero, 5
x11 <- 0x0000000000000005
mem[X,0x000000008003C03C] -> 0x0213
mem[X,0x000000008003C03E] -> 0x0000
[9763] [M]: 0x000000008003C03C (0x00000213) addi tp, zero, 0
x4 <- 0x0000000000000000
mem[X,0x000000008003C040] -> 0x006F
mem[X,0x000000008003C042] -> 0x0050
[9764] [M]: 0x000000008003C040 (0x0050006F) jal zero, 2052
mem[X,0x000000008003C844] -> 0x00E3
mem[X,0x000000008003C846] -> 0x80B5
[9765] [M]: 0x000000008003C844 (0x80B500E3) beq a0, a1, 6144
mem[X,0x000000008003C848] -> 0x0213
mem[X,0x000000008003C84A] -> 0x0022
[9766] [M]: 0x000000008003C848 (0x00220213) addi tp, tp, 2
x4 <- 0x0000000000000002
mem[X,0x000000008003C84C] -> 0x006F
mem[X,0x000000008003C84E] -> 0x00C0
[9767] [M]: 0x000000008003C84C (0x00C0006F) jal zero, 12
mem[X,0x000000008003C858] -> 0x3823
mem[X,0x000000008003C85A] -> 0x2041
[9768] [M]: 0x000000008003C858 (0x20413823) sd tp, 528(sp)
mem[0x000000008004A3D8] <- 0x0000000000000002
mem[X,0x000000008003C85C] -> 0x6537
mem[X,0x000000008003C85E] -> 0x6666
[9769] [M]: 0x000000008003C85C (0x66666537) lui a0, 419430
x10 <- 0x0000000066666000
mem[X,0x000000008003C860] -> 0x0513
mem[X,0x000000008003C862] -> 0x6665
[9770] [M]: 0x000000008003C860 (0x66650513) addi a0, a0, 1638
x10 <- 0x0000000066666666
mem[X,0x000000008003C864] -> 0x1513
mem[X,0x000000008003C866] -> 0x00B5
[9771] [M]: 0x000000008003C864 (0x00B51513) slli a0, a0, 11
x10 <- 0x0000033333333000
mem[X,0x000000008003C868] -> 0x0513
mem[X,0x000000008003C86A] -> 0x3335
[9772] [M]: 0x000000008003C868 (0x33350513) addi a0, a0, 819
x10 <- 0x0000033333333333
mem[X,0x000000008003C86C] -> 0x1513
mem[X,0x000000008003C86E] -> 0x00B5
[9773] [M]: 0x000000008003C86C (0x00B51513) slli a0, a0, 11
x10 <- 0x0019999999999800
mem[X,0x000000008003C870] -> 0x0513
mem[X,0x000000008003C872] -> 0x1995
[9774] [M]: 0x000000008003C870 (0x19950513) addi a0, a0, 409
x10 <- 0x0019999999999999
mem[X,0x000000008003C874] -> 0x1513
mem[X,0x000000008003C876] -> 0x00A5
[9775] [M]: 0x000000008003C874 (0x00A51513) slli a0, a0, 10
x10 <- 0x6666666666666400
mem[X,0x000000008003C878] -> 0x0513
mem[X,0x000000008003C87A] -> 0x2675
[9776] [M]: 0x000000008003C878 (0x26750513) addi a0, a0, 615
x10 <- 0x6666666666666667
mem[X,0x000000008003C87C] -> 0x35B7
mem[X,0x000000008003C87E] -> 0x3333
[9777] [M]: 0x000000008003C87C (0x333335B7) lui a1, 209715
x11 <- 0x0000000033333000
mem[X,0x000000008003C880] -> 0x8593
mem[X,0x000000008003C882] -> 0x3335
[9778] [M]: 0x000000008003C880 (0x33358593) addi a1, a1, 819
x11 <- 0x0000000033333333
mem[X,0x000000008003C884] -> 0x9593
mem[X,0x000000008003C886] -> 0x00B5
[9779] [M]: 0x000000008003C884 (0x00B59593) slli a1, a1, 11
x11 <- 0x0000019999999800
mem[X,0x000000008003C888] -> 0x8593
mem[X,0x000000008003C88A] -> 0x1995
[9780] [M]: 0x000000008003C888 (0x19958593) addi a1, a1, 409
x11 <- 0x0000019999999999
mem[X,0x000000008003C88C] -> 0x9593
mem[X,0x000000008003C88E] -> 0x00B5
[9781] [M]: 0x000000008003C88C (0x00B59593) slli a1, a1, 11
x11 <- 0x000CCCCCCCCCC800
mem[X,0x000000008003C890] -> 0x8593
mem[X,0x000000008003C892] -> 0x4CC5
[9782] [M]: 0x000000008003C890 (0x4CC58593) addi a1, a1, 1228
x11 <- 0x000CCCCCCCCCCCCC
mem[X,0x000000008003C894] -> 0x9593
mem[X,0x000000008003C896] -> 0x00A5
[9783] [M]: 0x000000008003C894 (0x00A59593) slli a1, a1, 10
x11 <- 0x3333333333333000
mem[X,0x000000008003C898] -> 0x8593
mem[X,0x000000008003C89A] -> 0x3335
[9784] [M]: 0x000000008003C898 (0x33358593) addi a1, a1, 819
x11 <- 0x3333333333333333
mem[X,0x000000008003C89C] -> 0x0213
mem[X,0x000000008003C89E] -> 0x0000
[9785] [M]: 0x000000008003C89C (0x00000213) addi tp, zero, 0
x4 <- 0x0000000000000000
mem[X,0x000000008003C8A0] -> 0x006F
mem[X,0x000000008003C8A2] -> 0x00C0
[9786] [M]: 0x000000008003C8A0 (0x00C0006F) jal zero, 12
mem[X,0x000000008003C8AC] -> 0x0663
mem[X,0x000000008003C8AE] -> 0x00B5
[9787] [M]: 0x000000008003C8AC (0x00B50663) beq a0, a1, 12
mem[X,0x000000008003C8B0] -> 0x0213
mem[X,0x000000008003C8B2] -> 0x0022
[9788] [M]: 0x000000008003C8B0 (0x00220213) addi tp, tp, 2
x4 <- 0x0000000000000002
mem[X,0x000000008003C8B4] -> 0x006F
mem[X,0x000000008003C8B6] -> 0x00C0
[9789] [M]: 0x000000008003C8B4 (0x00C0006F) jal zero, 12
mem[X,0x000000008003C8C0] -> 0x3C23
mem[X,0x000000008003C8C2] -> 0x2041
[9790] [M]: 0x000000008003C8C0 (0x20413C23) sd tp, 536(sp)
mem[0x000000008004A3E0] <- 0x0000000000000002
mem[X,0x000000008003C8C4] -> 0x6537
mem[X,0x000000008003C8C6] -> 0x6666
[9791] [M]: 0x000000008003C8C4 (0x66666537) lui a0, 419430
x10 <- 0x0000000066666000
mem[X,0x000000008003C8C8] -> 0x0513
mem[X,0x000000008003C8CA] -> 0x6665
[9792] [M]: 0x000000008003C8C8 (0x66650513) addi a0, a0, 1638
x10 <- 0x0000000066666666
mem[X,0x000000008003C8CC] -> 0x1513
mem[X,0x000000008003C8CE] -> 0x00B5
[9793] [M]: 0x000000008003C8CC (0x00B51513) slli a0, a0, 11
x10 <- 0x0000033333333000
mem[X,0x000000008003C8D0] -> 0x0513
mem[X,0x000000008003C8D2] -> 0x3335
[9794] [M]: 0x000000008003C8D0 (0x33350513) addi a0, a0, 819
x10 <- 0x0000033333333333
mem[X,0x000000008003C8D4] -> 0x1513
mem[X,0x000000008003C8D6] -> 0x00B5
[9795] [M]: 0x000000008003C8D4 (0x00B51513) slli a0, a0, 11
x10 <- 0x0019999999999800
mem[X,0x000000008003C8D8] -> 0x0513
mem[X,0x000000008003C8DA] -> 0x1995
[9796] [M]: 0x000000008003C8D8 (0x19950513) addi a0, a0, 409
x10 <- 0x0019999999999999
mem[X,0x000000008003C8DC] -> 0x1513
mem[X,0x000000008003C8DE] -> 0x00A5
[9797] [M]: 0x000000008003C8DC (0x00A51513) slli a0, a0, 10
x10 <- 0x6666666666666400
mem[X,0x000000008003C8E0] -> 0x0513
mem[X,0x000000008003C8E2] -> 0x2675
[9798] [M]: 0x000000008003C8E0 (0x26750513) addi a0, a0, 615
x10 <- 0x6666666666666667
mem[X,0x000000008003C8E4] -> 0x65B7
mem[X,0x000000008003C8E6] -> 0x6666
[9799] [M]: 0x000000008003C8E4 (0x666665B7) lui a1, 419430
x11 <- 0x0000000066666000
clint::tick mtime <- 0x0000000000000062
 clint timer pending at mtime 0x0000000000000062
htif::tick 0x0000000000000000
mem[X,0x000000008003C8E8] -> 0x8593
mem[X,0x000000008003C8EA] -> 0x6665
[9800] [M]: 0x000000008003C8E8 (0x66658593) addi a1, a1, 1638
x11 <- 0x0000000066666666
mem[X,0x000000008003C8EC] -> 0x9593
mem[X,0x000000008003C8EE] -> 0x00B5
[9801] [M]: 0x000000008003C8EC (0x00B59593) slli a1, a1, 11
x11 <- 0x0000033333333000
mem[X,0x000000008003C8F0] -> 0x8593
mem[X,0x000000008003C8F2] -> 0x3335
[9802] [M]: 0x000000008003C8F0 (0x33358593) addi a1, a1, 819
x11 <- 0x0000033333333333
mem[X,0x000000008003C8F4] -> 0x9593
mem[X,0x000000008003C8F6] -> 0x00B5
[9803] [M]: 0x000000008003C8F4 (0x00B59593) slli a1, a1, 11
x11 <- 0x0019999999999800
mem[X,0x000000008003C8F8] -> 0x8593
mem[X,0x000000008003C8FA] -> 0x1995
[9804] [M]: 0x000000008003C8F8 (0x19958593) addi a1, a1, 409
x11 <- 0x0019999999999999
mem[X,0x000000008003C8FC] -> 0x9593
mem[X,0x000000008003C8FE] -> 0x00A5
[9805] [M]: 0x000000008003C8FC (0x00A59593) slli a1, a1, 10
x11 <- 0x6666666666666400
mem[X,0x000000008003C900] -> 0x8593
mem[X,0x000000008003C902] -> 0x2665
[9806] [M]: 0x000000008003C900 (0x26658593) addi a1, a1, 614
x11 <- 0x6666666666666666
mem[X,0x000000008003C904] -> 0x0213
mem[X,0x000000008003C906] -> 0x0000
[9807] [M]: 0x000000008003C904 (0x00000213) addi tp, zero, 0
x4 <- 0x0000000000000000
mem[X,0x000000008003C908] -> 0x006F
mem[X,0x000000008003C90A] -> 0x00C0
[9808] [M]: 0x000000008003C908 (0x00C0006F) jal zero, 12
mem[X,0x000000008003C914] -> 0x0CE3
mem[X,0x000000008003C916] -> 0xFEB5
[9809] [M]: 0x000000008003C914 (0xFEB50CE3) beq a0, a1, 8184
mem[X,0x000000008003C918] -> 0x0213
mem[X,0x000000008003C91A] -> 0x0022
[9810] [M]: 0x000000008003C918 (0x00220213) addi tp, tp, 2
x4 <- 0x0000000000000002
mem[X,0x000000008003C91C] -> 0x006F
mem[X,0x000000008003C91E] -> 0x00C0
[9811] [M]: 0x000000008003C91C (0x00C0006F) jal zero, 12
mem[X,0x000000008003C928] -> 0x3023
mem[X,0x000000008003C92A] -> 0x2241
[9812] [M]: 0x000000008003C928 (0x22413023) sd tp, 544(sp)
mem[0x000000008004A3E8] <- 0x0000000000000002
mem[X,0x000000008003C92C] -> 0x6537
mem[X,0x000000008003C92E] -> 0x6666
[9813] [M]: 0x000000008003C92C (0x66666537) lui a0, 419430
x10 <- 0x0000000066666000
mem[X,0x000000008003C930] -> 0x0513
mem[X,0x000000008003C932] -> 0x6665
[9814] [M]: 0x000000008003C930 (0x66650513) addi a0, a0, 1638
x10 <- 0x0000000066666666
mem[X,0x000000008003C934] -> 0x1513
mem[X,0x000000008003C936] -> 0x00B5
[9815] [M]: 0x000000008003C934 (0x00B51513) slli a0, a0, 11
x10 <- 0x0000033333333000
mem[X,0x000000008003C938] -> 0x0513
mem[X,0x000000008003C93A] -> 0x3335
[9816] [M]: 0x000000008003C938 (0x33350513) addi a0, a0, 819
x10 <- 0x0000033333333333
mem[X,0x000000008003C93C] -> 0x1513
mem[X,0x000000008003C93E] -> 0x00B5
[9817] [M]: 0x000000008003C93C (0x00B51513) slli a0, a0, 11
x10 <- 0x0019999999999800
mem[X,0x000000008003C940] -> 0x0513
mem[X,0x000000008003C942] -> 0x1995
[9818] [M]: 0x000000008003C940 (0x19950513) addi a0, a0, 409
x10 <- 0x0019999999999999
mem[X,0x000000008003C944] -> 0x1513
mem[X,0x000000008003C946] -> 0x00A5
[9819] [M]: 0x000000008003C944 (0x00A51513) slli a0, a0, 10
x10 <- 0x6666666666666400
mem[X,0x000000008003C948] -> 0x0513
mem[X,0x000000008003C94A] -> 0x2675
[9820] [M]: 0x000000008003C948 (0x26750513) addi a0, a0, 615
x10 <- 0x6666666666666667
mem[X,0x000000008003C94C] -> 0x05B7
mem[X,0x000000008003C94E] -> 0x0000
[9821] [M]: 0x000000008003C94C (0x000005B7) lui a1, 0
x11 <- 0x0000000000000000
mem[X,0x000000008003C950] -> 0x8593
mem[X,0x000000008003C952] -> 0xFFF5
[9822] [M]: 0x000000008003C950 (0xFFF58593) addi a1, a1, 4095
x11 <- 0xFFFFFFFFFFFFFFFF
mem[X,0x000000008003C954] -> 0x9593
mem[X,0x000000008003C956] -> 0x00B5
[9823] [M]: 0x000000008003C954 (0x00B59593) slli a1, a1, 11
x11 <- 0xFFFFFFFFFFFFF800
mem[X,0x000000008003C958] -> 0x8593
mem[X,0x000000008003C95A] -> 0x2575
[9824] [M]: 0x000000008003C958 (0x25758593) addi a1, a1, 599
x11 <- 0xFFFFFFFFFFFFFA57
mem[X,0x000000008003C95C] -> 0x9593
mem[X,0x000000008003C95E] -> 0x00B5
[9825] [M]: 0x000000008003C95C (0x00B59593) slli a1, a1, 11
x11 <- 0xFFFFFFFFFFD2B800
mem[X,0x000000008003C960] -> 0x8593
mem[X,0x000000008003C962] -> 0x6C35
[9826] [M]: 0x000000008003C960 (0x6C358593) addi a1, a1, 1731
x11 <- 0xFFFFFFFFFFD2BEC3
mem[X,0x000000008003C964] -> 0x9593
mem[X,0x000000008003C966] -> 0x00A5
[9827] [M]: 0x000000008003C964 (0x00A59593) slli a1, a1, 10
x11 <- 0xFFFFFFFF4AFB0C00
mem[X,0x000000008003C968] -> 0x8593
mem[X,0x000000008003C96A] -> 0x0CD5
[9828] [M]: 0x000000008003C968 (0x0CD58593) addi a1, a1, 205
x11 <- 0xFFFFFFFF4AFB0CCD
mem[X,0x000000008003C96C] -> 0x0213
mem[X,0x000000008003C96E] -> 0x0000
[9829] [M]: 0x000000008003C96C (0x00000213) addi tp, zero, 0
x4 <- 0x0000000000000000
mem[X,0x000000008003C970] -> 0x006F
mem[X,0x000000008003C972] -> 0x00C0
[9830] [M]: 0x000000008003C970 (0x00C0006F) jal zero, 12
mem[X,0x000000008003C97C] -> 0x0063
mem[X,0x000000008003C97E] -> 0x02B5
[9831] [M]: 0x000000008003C97C (0x02B50063) beq a0, a1, 32
mem[X,0x000000008003C980] -> 0x0213
mem[X,0x000000008003C982] -> 0x0022
[9832] [M]: 0x000000008003C980 (0x00220213) addi tp, tp, 2
x4 <- 0x0000000000000002
mem[X,0x000000008003C984] -> 0x006F
mem[X,0x000000008003C986] -> 0x0200
[9833] [M]: 0x000000008003C984 (0x0200006F) jal zero, 32
mem[X,0x000000008003C9A4] -> 0x3423
mem[X,0x000000008003C9A6] -> 0x2241
[9834] [M]: 0x000000008003C9A4 (0x22413423) sd tp, 552(sp)
mem[0x000000008004A3F0] <- 0x0000000000000002
mem[X,0x000000008003C9A8] -> 0x6537
mem[X,0x000000008003C9AA] -> 0x6666
[9835] [M]: 0x000000008003C9A8 (0x66666537) lui a0, 419430
x10 <- 0x0000000066666000
mem[X,0x000000008003C9AC] -> 0x0513
mem[X,0x000000008003C9AE] -> 0x6665
[9836] [M]: 0x000000008003C9AC (0x66650513) addi a0, a0, 1638
x10 <- 0x0000000066666666
mem[X,0x000000008003C9B0] -> 0x1513
mem[X,0x000000008003C9B2] -> 0x00B5
[9837] [M]: 0x000000008003C9B0 (0x00B51513) slli a0, a0, 11
x10 <- 0x0000033333333000
mem[X,0x000000008003C9B4] -> 0x0513
mem[X,0x000000008003C9B6] -> 0x3335
[9838] [M]: 0x000000008003C9B4 (0x33350513) addi a0, a0, 819
x10 <- 0x0000033333333333
mem[X,0x000000008003C9B8] -> 0x1513
mem[X,0x000000008003C9BA] -> 0x00B5
[9839] [M]: 0x000000008003C9B8 (0x00B51513) slli a0, a0, 11
x10 <- 0x0019999999999800
mem[X,0x000000008003C9BC] -> 0x0513
mem[X,0x000000008003C9BE] -> 0x1995
[9840] [M]: 0x000000008003C9BC (0x19950513) addi a0, a0, 409
x10 <- 0x0019999999999999
mem[X,0x000000008003C9C0] -> 0x1513
mem[X,0x000000008003C9C2] -> 0x00A5
[9841] [M]: 0x000000008003C9C0 (0x00A51513) slli a0, a0, 10
x10 <- 0x6666666666666400
mem[X,0x000000008003C9C4] -> 0x0513
mem[X,0x000000008003C9C6] -> 0x2675
[9842] [M]: 0x000000008003C9C4 (0x26750513) addi a0, a0, 615
x10 <- 0x6666666666666667
mem[X,0x000000008003C9C8] -> 0x05B7
mem[X,0x000000008003C9CA] -> 0x0000
[9843] [M]: 0x000000008003C9C8 (0x000005B7) lui a1, 0
x11 <- 0x0000000000000000
mem[X,0x000000008003C9CC] -> 0x8593
mem[X,0x000000008003C9CE] -> 0x0005
[9844] [M]: 0x000000008003C9CC (0x00058593) addi a1, a1, 0
x11 <- 0x0000000000000000
mem[X,0x000000008003C9D0] -> 0x9593
mem[X,0x000000008003C9D2] -> 0x00B5
[9845] [M]: 0x000000008003C9D0 (0x00B59593) slli a1, a1, 11
x11 <- 0x0000000000000000
mem[X,0x000000008003C9D4] -> 0x8593
mem[X,0x000000008003C9D6] -> 0x5A85
[9846] [M]: 0x000000008003C9D4 (0x5A858593) addi a1, a1, 1448
x11 <- 0x00000000000005A8
mem[X,0x000000008003C9D8] -> 0x9593
mem[X,0x000000008003C9DA] -> 0x00B5
[9847] [M]: 0x000000008003C9D8 (0x00B59593) slli a1, a1, 11
x11 <- 0x00000000002D4000
mem[X,0x000000008003C9DC] -> 0x8593
mem[X,0x000000008003C9DE] -> 0x13C5
[9848] [M]: 0x000000008003C9DC (0x13C58593) addi a1, a1, 316
x11 <- 0x00000000002D413C
mem[X,0x000000008003C9E0] -> 0x9593
mem[X,0x000000008003C9E2] -> 0x00A5
[9849] [M]: 0x000000008003C9E0 (0x00A59593) slli a1, a1, 10
x11 <- 0x00000000B504F000
mem[X,0x000000008003C9E4] -> 0x8593
mem[X,0x000000008003C9E6] -> 0x3335
[9850] [M]: 0x000000008003C9E4 (0x33358593) addi a1, a1, 819
x11 <- 0x00000000B504F333
mem[X,0x000000008003C9E8] -> 0x0213
mem[X,0x000000008003C9EA] -> 0x0000
[9851] [M]: 0x000000008003C9E8 (0x00000213) addi tp, zero, 0
x4 <- 0x0000000000000000
mem[X,0x000000008003C9EC] -> 0x006F
mem[X,0x000000008003C9EE] -> 0x00C0
[9852] [M]: 0x000000008003C9EC (0x00C0006F) jal zero, 12
mem[X,0x000000008003C9F8] -> 0x0863
mem[X,0x000000008003C9FA] -> 0x00B5
[9853] [M]: 0x000000008003C9F8 (0x00B50863) beq a0, a1, 16
mem[X,0x000000008003C9FC] -> 0x0213
mem[X,0x000000008003C9FE] -> 0x0022
[9854] [M]: 0x000000008003C9FC (0x00220213) addi tp, tp, 2
x4 <- 0x0000000000000002
mem[X,0x000000008003CA00] -> 0x006F
mem[X,0x000000008003CA02] -> 0x0100
[9855] [M]: 0x000000008003CA00 (0x0100006F) jal zero, 16
mem[X,0x000000008003CA10] -> 0x3823
mem[X,0x000000008003CA12] -> 0x2241
[9856] [M]: 0x000000008003CA10 (0x22413823) sd tp, 560(sp)
mem[0x000000008004A3F8] <- 0x0000000000000002
mem[X,0x000000008003CA14] -> 0x6537
mem[X,0x000000008003CA16] -> 0x6666
[9857] [M]: 0x000000008003CA14 (0x66666537) lui a0, 419430
x10 <- 0x0000000066666000
mem[X,0x000000008003CA18] -> 0x0513
mem[X,0x000000008003CA1A] -> 0x6665
[9858] [M]: 0x000000008003CA18 (0x66650513) addi a0, a0, 1638
x10 <- 0x0000000066666666
mem[X,0x000000008003CA1C] -> 0x1513
mem[X,0x000000008003CA1E] -> 0x00B5
[9859] [M]: 0x000000008003CA1C (0x00B51513) slli a0, a0, 11
x10 <- 0x0000033333333000
mem[X,0x000000008003CA20] -> 0x0513
mem[X,0x000000008003CA22] -> 0x3335
[9860] [M]: 0x000000008003CA20 (0x33350513) addi a0, a0, 819
x10 <- 0x0000033333333333
mem[X,0x000000008003CA24] -> 0x1513
mem[X,0x000000008003CA26] -> 0x00B5
[9861] [M]: 0x000000008003CA24 (0x00B51513) slli a0, a0, 11
x10 <- 0x0019999999999800
mem[X,0x000000008003CA28] -> 0x0513
mem[X,0x000000008003CA2A] -> 0x1995
[9862] [M]: 0x000000008003CA28 (0x19950513) addi a0, a0, 409
x10 <- 0x0019999999999999
mem[X,0x000000008003CA2C] -> 0x1513
mem[X,0x000000008003CA2E] -> 0x00A5
[9863] [M]: 0x000000008003CA2C (0x00A51513) slli a0, a0, 10
x10 <- 0x6666666666666400
mem[X,0x000000008003CA30] -> 0x0513
mem[X,0x000000008003CA32] -> 0x2675
[9864] [M]: 0x000000008003CA30 (0x26750513) addi a0, a0, 615
x10 <- 0x6666666666666667
mem[X,0x000000008003CA34] -> 0x0593
mem[X,0x000000008003CA36] -> 0x0020
[9865] [M]: 0x000000008003CA34 (0x00200593) addi a1, zero, 2
x11 <- 0x0000000000000002
mem[X,0x000000008003CA38] -> 0x0213
mem[X,0x000000008003CA3A] -> 0x0000
[9866] [M]: 0x000000008003CA38 (0x00000213) addi tp, zero, 0
x4 <- 0x0000000000000000
mem[X,0x000000008003CA3C] -> 0x006F
mem[X,0x000000008003CA3E] -> 0x00C0
[9867] [M]: 0x000000008003CA3C (0x00C0006F) jal zero, 12
mem[X,0x000000008003CA48] -> 0x0663
mem[X,0x000000008003CA4A] -> 0x00B5
[9868] [M]: 0x000000008003CA48 (0x00B50663) beq a0, a1, 12
mem[X,0x000000008003CA4C] -> 0x0213
mem[X,0x000000008003CA4E] -> 0x0022
[9869] [M]: 0x000000008003CA4C (0x00220213) addi tp, tp, 2
x4 <- 0x0000000000000002
mem[X,0x000000008003CA50] -> 0x006F
mem[X,0x000000008003CA52] -> 0x00C0
[9870] [M]: 0x000000008003CA50 (0x00C0006F) jal zero, 12
mem[X,0x000000008003CA5C] -> 0x3C23
mem[X,0x000000008003CA5E] -> 0x2241
[9871] [M]: 0x000000008003CA5C (0x22413C23) sd tp, 568(sp)
mem[0x000000008004A400] <- 0x0000000000000002
mem[X,0x000000008003CA60] -> 0x6537
mem[X,0x000000008003CA62] -> 0x6666
[9872] [M]: 0x000000008003CA60 (0x66666537) lui a0, 419430
x10 <- 0x0000000066666000
mem[X,0x000000008003CA64] -> 0x0513
mem[X,0x000000008003CA66] -> 0x6665
[9873] [M]: 0x000000008003CA64 (0x66650513) addi a0, a0, 1638
x10 <- 0x0000000066666666
mem[X,0x000000008003CA68] -> 0x1513
mem[X,0x000000008003CA6A] -> 0x00B5
[9874] [M]: 0x000000008003CA68 (0x00B51513) slli a0, a0, 11
x10 <- 0x0000033333333000
mem[X,0x000000008003CA6C] -> 0x0513
mem[X,0x000000008003CA6E] -> 0x3335
[9875] [M]: 0x000000008003CA6C (0x33350513) addi a0, a0, 819
x10 <- 0x0000033333333333
mem[X,0x000000008003CA70] -> 0x1513
mem[X,0x000000008003CA72] -> 0x00B5
[9876] [M]: 0x000000008003CA70 (0x00B51513) slli a0, a0, 11
x10 <- 0x0019999999999800
mem[X,0x000000008003CA74] -> 0x0513
mem[X,0x000000008003CA76] -> 0x1995
[9877] [M]: 0x000000008003CA74 (0x19950513) addi a0, a0, 409
x10 <- 0x0019999999999999
mem[X,0x000000008003CA78] -> 0x1513
mem[X,0x000000008003CA7A] -> 0x00A5
[9878] [M]: 0x000000008003CA78 (0x00A51513) slli a0, a0, 10
x10 <- 0x6666666666666400
mem[X,0x000000008003CA7C] -> 0x0513
mem[X,0x000000008003CA7E] -> 0x2675
[9879] [M]: 0x000000008003CA7C (0x26750513) addi a0, a0, 615
x10 <- 0x6666666666666667
mem[X,0x000000008003CA80] -> 0x55B7
mem[X,0x000000008003CA82] -> 0x5555
[9880] [M]: 0x000000008003CA80 (0x555555B7) lui a1, 349525
x11 <- 0x0000000055555000
mem[X,0x000000008003CA84] -> 0x8593
mem[X,0x000000008003CA86] -> 0x5555
[9881] [M]: 0x000000008003CA84 (0x55558593) addi a1, a1, 1365
x11 <- 0x0000000055555555
mem[X,0x000000008003CA88] -> 0x9593
mem[X,0x000000008003CA8A] -> 0x00B5
[9882] [M]: 0x000000008003CA88 (0x00B59593) slli a1, a1, 11
x11 <- 0x000002AAAAAAA800
mem[X,0x000000008003CA8C] -> 0x8593
mem[X,0x000000008003CA8E] -> 0x2AA5
[9883] [M]: 0x000000008003CA8C (0x2AA58593) addi a1, a1, 682
x11 <- 0x000002AAAAAAAAAA
mem[X,0x000000008003CA90] -> 0x9593
mem[X,0x000000008003CA92] -> 0x00B5
[9884] [M]: 0x000000008003CA90 (0x00B59593) slli a1, a1, 11
x11 <- 0x0015555555555000
mem[X,0x000000008003CA94] -> 0x8593
mem[X,0x000000008003CA96] -> 0x5555
[9885] [M]: 0x000000008003CA94 (0x55558593) addi a1, a1, 1365
x11 <- 0x0015555555555555
mem[X,0x000000008003CA98] -> 0x9593
mem[X,0x000000008003CA9A] -> 0x00A5
[9886] [M]: 0x000000008003CA98 (0x00A59593) slli a1, a1, 10
x11 <- 0x5555555555555400
mem[X,0x000000008003CA9C] -> 0x8593
mem[X,0x000000008003CA9E] -> 0x1545
[9887] [M]: 0x000000008003CA9C (0x15458593) addi a1, a1, 340
x11 <- 0x5555555555555554
mem[X,0x000000008003CAA0] -> 0x0213
mem[X,0x000000008003CAA2] -> 0x0000
[9888] [M]: 0x000000008003CAA0 (0x00000213) addi tp, zero, 0
x4 <- 0x0000000000000000
mem[X,0x000000008003CAA4] -> 0x006F
mem[X,0x000000008003CAA6] -> 0x00C0
[9889] [M]: 0x000000008003CAA4 (0x00C0006F) jal zero, 12
mem[X,0x000000008003CAB0] -> 0x0CE3
mem[X,0x000000008003CAB2] -> 0xFEB5
[9890] [M]: 0x000000008003CAB0 (0xFEB50CE3) beq a0, a1, 8184
mem[X,0x000000008003CAB4] -> 0x0213
mem[X,0x000000008003CAB6] -> 0x0022
[9891] [M]: 0x000000008003CAB4 (0x00220213) addi tp, tp, 2
x4 <- 0x0000000000000002
mem[X,0x000000008003CAB8] -> 0x006F
mem[X,0x000000008003CABA] -> 0x00C0
[9892] [M]: 0x000000008003CAB8 (0x00C0006F) jal zero, 12
mem[X,0x000000008003CAC4] -> 0x3023
mem[X,0x000000008003CAC6] -> 0x2441
[9893] [M]: 0x000000008003CAC4 (0x24413023) sd tp, 576(sp)
mem[0x000000008004A408] <- 0x0000000000000002
mem[X,0x000000008003CAC8] -> 0x6537
mem[X,0x000000008003CACA] -> 0x6666
[9894] [M]: 0x000000008003CAC8 (0x66666537) lui a0, 419430
x10 <- 0x0000000066666000
mem[X,0x000000008003CACC] -> 0x0513
mem[X,0x000000008003CACE] -> 0x6665
[9895] [M]: 0x000000008003CACC (0x66650513) addi a0, a0, 1638
x10 <- 0x0000000066666666
mem[X,0x000000008003CAD0] -> 0x1513
mem[X,0x000000008003CAD2] -> 0x00B5
[9896] [M]: 0x000000008003CAD0 (0x00B51513) slli a0, a0, 11
x10 <- 0x0000033333333000
mem[X,0x000000008003CAD4] -> 0x0513
mem[X,0x000000008003CAD6] -> 0x3335
[9897] [M]: 0x000000008003CAD4 (0x33350513) addi a0, a0, 819
x10 <- 0x0000033333333333
mem[X,0x000000008003CAD8] -> 0x1513
mem[X,0x000000008003CADA] -> 0x00B5
[9898] [M]: 0x000000008003CAD8 (0x00B51513) slli a0, a0, 11
x10 <- 0x0019999999999800
mem[X,0x000000008003CADC] -> 0x0513
mem[X,0x000000008003CADE] -> 0x1995
[9899] [M]: 0x000000008003CADC (0x19950513) addi a0, a0, 409
x10 <- 0x0019999999999999
clint::tick mtime <- 0x0000000000000063
 clint timer pending at mtime 0x0000000000000063
htif::tick 0x0000000000000000
mem[X,0x000000008003CAE0] -> 0x1513
mem[X,0x000000008003CAE2] -> 0x00A5
[9900] [M]: 0x000000008003CAE0 (0x00A51513) slli a0, a0, 10
x10 <- 0x6666666666666400
mem[X,0x000000008003CAE4] -> 0x0513
mem[X,0x000000008003CAE6] -> 0x2675
[9901] [M]: 0x000000008003CAE4 (0x26750513) addi a0, a0, 615
x10 <- 0x6666666666666667
mem[X,0x000000008003CAE8] -> 0x0593
mem[X,0x000000008003CAEA] -> 0x0000
[9902] [M]: 0x000000008003CAE8 (0x00000593) addi a1, zero, 0
x11 <- 0x0000000000000000
mem[X,0x000000008003CAEC] -> 0x0213
mem[X,0x000000008003CAEE] -> 0x0000
[9903] [M]: 0x000000008003CAEC (0x00000213) addi tp, zero, 0
x4 <- 0x0000000000000000
mem[X,0x000000008003CAF0] -> 0x006F
mem[X,0x000000008003CAF2] -> 0x00C0
[9904] [M]: 0x000000008003CAF0 (0x00C0006F) jal zero, 12
mem[X,0x000000008003CAFC] -> 0x0CE3
mem[X,0x000000008003CAFE] -> 0xFEB5
[9905] [M]: 0x000000008003CAFC (0xFEB50CE3) beq a0, a1, 8184
mem[X,0x000000008003CB00] -> 0x0213
mem[X,0x000000008003CB02] -> 0x0022
[9906] [M]: 0x000000008003CB00 (0x00220213) addi tp, tp, 2
x4 <- 0x0000000000000002
mem[X,0x000000008003CB04] -> 0x006F
mem[X,0x000000008003CB06] -> 0x00C0
[9907] [M]: 0x000000008003CB04 (0x00C0006F) jal zero, 12
mem[X,0x000000008003CB10] -> 0x3423
mem[X,0x000000008003CB12] -> 0x2441
[9908] [M]: 0x000000008003CB10 (0x24413423) sd tp, 584(sp)
mem[0x000000008004A410] <- 0x0000000000000002
mem[X,0x000000008003CB14] -> 0x6537
mem[X,0x000000008003CB16] -> 0x6666
[9909] [M]: 0x000000008003CB14 (0x66666537) lui a0, 419430
x10 <- 0x0000000066666000
mem[X,0x000000008003CB18] -> 0x0513
mem[X,0x000000008003CB1A] -> 0x6665
[9910] [M]: 0x000000008003CB18 (0x66650513) addi a0, a0, 1638
x10 <- 0x0000000066666666
mem[X,0x000000008003CB1C] -> 0x1513
mem[X,0x000000008003CB1E] -> 0x00B5
[9911] [M]: 0x000000008003CB1C (0x00B51513) slli a0, a0, 11
x10 <- 0x0000033333333000
mem[X,0x000000008003CB20] -> 0x0513
mem[X,0x000000008003CB22] -> 0x3335
[9912] [M]: 0x000000008003CB20 (0x33350513) addi a0, a0, 819
x10 <- 0x0000033333333333
mem[X,0x000000008003CB24] -> 0x1513
mem[X,0x000000008003CB26] -> 0x00B5
[9913] [M]: 0x000000008003CB24 (0x00B51513) slli a0, a0, 11
x10 <- 0x0019999999999800
mem[X,0x000000008003CB28] -> 0x0513
mem[X,0x000000008003CB2A] -> 0x1995
[9914] [M]: 0x000000008003CB28 (0x19950513) addi a0, a0, 409
x10 <- 0x0019999999999999
mem[X,0x000000008003CB2C] -> 0x1513
mem[X,0x000000008003CB2E] -> 0x00A5
[9915] [M]: 0x000000008003CB2C (0x00A51513) slli a0, a0, 10
x10 <- 0x6666666666666400
mem[X,0x000000008003CB30] -> 0x0513
mem[X,0x000000008003CB32] -> 0x2675
[9916] [M]: 0x000000008003CB30 (0x26750513) addi a0, a0, 615
x10 <- 0x6666666666666667
mem[X,0x000000008003CB34] -> 0x0593
mem[X,0x000000008003CB36] -> 0x0040
[9917] [M]: 0x000000008003CB34 (0x00400593) addi a1, zero, 4
x11 <- 0x0000000000000004
mem[X,0x000000008003CB38] -> 0x0213
mem[X,0x000000008003CB3A] -> 0x0000
[9918] [M]: 0x000000008003CB38 (0x00000213) addi tp, zero, 0
x4 <- 0x0000000000000000
mem[X,0x000000008003CB3C] -> 0x006F
mem[X,0x000000008003CB3E] -> 0x00C0
[9919] [M]: 0x000000008003CB3C (0x00C0006F) jal zero, 12
mem[X,0x000000008003CB48] -> 0x0CE3
mem[X,0x000000008003CB4A] -> 0xFEB5
[9920] [M]: 0x000000008003CB48 (0xFEB50CE3) beq a0, a1, 8184
mem[X,0x000000008003CB4C] -> 0x0213
mem[X,0x000000008003CB4E] -> 0x0022
[9921] [M]: 0x000000008003CB4C (0x00220213) addi tp, tp, 2
x4 <- 0x0000000000000002
mem[X,0x000000008003CB50] -> 0x006F
mem[X,0x000000008003CB52] -> 0x00C0
[9922] [M]: 0x000000008003CB50 (0x00C0006F) jal zero, 12
mem[X,0x000000008003CB5C] -> 0x3823
mem[X,0x000000008003CB5E] -> 0x2441
[9923] [M]: 0x000000008003CB5C (0x24413823) sd tp, 592(sp)
mem[0x000000008004A418] <- 0x0000000000000002
mem[X,0x000000008003CB60] -> 0x6537
mem[X,0x000000008003CB62] -> 0x6666
[9924] [M]: 0x000000008003CB60 (0x66666537) lui a0, 419430
x10 <- 0x0000000066666000
mem[X,0x000000008003CB64] -> 0x0513
mem[X,0x000000008003CB66] -> 0x6665
[9925] [M]: 0x000000008003CB64 (0x66650513) addi a0, a0, 1638
x10 <- 0x0000000066666666
mem[X,0x000000008003CB68] -> 0x1513
mem[X,0x000000008003CB6A] -> 0x00B5
[9926] [M]: 0x000000008003CB68 (0x00B51513) slli a0, a0, 11
x10 <- 0x0000033333333000
mem[X,0x000000008003CB6C] -> 0x0513
mem[X,0x000000008003CB6E] -> 0x3335
[9927] [M]: 0x000000008003CB6C (0x33350513) addi a0, a0, 819
x10 <- 0x0000033333333333
mem[X,0x000000008003CB70] -> 0x1513
mem[X,0x000000008003CB72] -> 0x00B5
[9928] [M]: 0x000000008003CB70 (0x00B51513) slli a0, a0, 11
x10 <- 0x0019999999999800
mem[X,0x000000008003CB74] -> 0x0513
mem[X,0x000000008003CB76] -> 0x1995
[9929] [M]: 0x000000008003CB74 (0x19950513) addi a0, a0, 409
x10 <- 0x0019999999999999
mem[X,0x000000008003CB78] -> 0x1513
mem[X,0x000000008003CB7A] -> 0x00A5
[9930] [M]: 0x000000008003CB78 (0x00A51513) slli a0, a0, 10
x10 <- 0x6666666666666400
mem[X,0x000000008003CB7C] -> 0x0513
mem[X,0x000000008003CB7E] -> 0x2675
[9931] [M]: 0x000000008003CB7C (0x26750513) addi a0, a0, 615
x10 <- 0x6666666666666667
mem[X,0x000000008003CB80] -> 0x35B7
mem[X,0x000000008003CB82] -> 0x3333
[9932] [M]: 0x000000008003CB80 (0x333335B7) lui a1, 209715
x11 <- 0x0000000033333000
mem[X,0x000000008003CB84] -> 0x8593
mem[X,0x000000008003CB86] -> 0x3335
[9933] [M]: 0x000000008003CB84 (0x33358593) addi a1, a1, 819
x11 <- 0x0000000033333333
mem[X,0x000000008003CB88] -> 0x9593
mem[X,0x000000008003CB8A] -> 0x00B5
[9934] [M]: 0x000000008003CB88 (0x00B59593) slli a1, a1, 11
x11 <- 0x0000019999999800
mem[X,0x000000008003CB8C] -> 0x8593
mem[X,0x000000008003CB8E] -> 0x1995
[9935] [M]: 0x000000008003CB8C (0x19958593) addi a1, a1, 409
x11 <- 0x0000019999999999
mem[X,0x000000008003CB90] -> 0x9593
mem[X,0x000000008003CB92] -> 0x00B5
[9936] [M]: 0x000000008003CB90 (0x00B59593) slli a1, a1, 11
x11 <- 0x000CCCCCCCCCC800
mem[X,0x000000008003CB94] -> 0x8593
mem[X,0x000000008003CB96] -> 0x4CC5
[9937] [M]: 0x000000008003CB94 (0x4CC58593) addi a1, a1, 1228
x11 <- 0x000CCCCCCCCCCCCC
mem[X,0x000000008003CB98] -> 0x9593
mem[X,0x000000008003CB9A] -> 0x00A5
[9938] [M]: 0x000000008003CB98 (0x00A59593) slli a1, a1, 10
x11 <- 0x3333333333333000
mem[X,0x000000008003CB9C] -> 0x8593
mem[X,0x000000008003CB9E] -> 0x3325
[9939] [M]: 0x000000008003CB9C (0x33258593) addi a1, a1, 818
x11 <- 0x3333333333333332
mem[X,0x000000008003CBA0] -> 0x0213
mem[X,0x000000008003CBA2] -> 0x0000
[9940] [M]: 0x000000008003CBA0 (0x00000213) addi tp, zero, 0
x4 <- 0x0000000000000000
mem[X,0x000000008003CBA4] -> 0x006F
mem[X,0x000000008003CBA6] -> 0x00C0
[9941] [M]: 0x000000008003CBA4 (0x00C0006F) jal zero, 12
mem[X,0x000000008003CBB0] -> 0x0063
mem[X,0x000000008003CBB2] -> 0x10B5
[9942] [M]: 0x000000008003CBB0 (0x10B50063) beq a0, a1, 256
mem[X,0x000000008003CBB4] -> 0x0213
mem[X,0x000000008003CBB6] -> 0x0022
[9943] [M]: 0x000000008003CBB4 (0x00220213) addi tp, tp, 2
x4 <- 0x0000000000000002
mem[X,0x000000008003CBB8] -> 0x006F
mem[X,0x000000008003CBBA] -> 0x1000
[9944] [M]: 0x000000008003CBB8 (0x1000006F) jal zero, 256
mem[X,0x000000008003CCB8] -> 0x3C23
mem[X,0x000000008003CCBA] -> 0x2441
[9945] [M]: 0x000000008003CCB8 (0x24413C23) sd tp, 600(sp)
mem[0x000000008004A420] <- 0x0000000000000002
mem[X,0x000000008003CCBC] -> 0x6537
mem[X,0x000000008003CCBE] -> 0x6666
[9946] [M]: 0x000000008003CCBC (0x66666537) lui a0, 419430
x10 <- 0x0000000066666000
mem[X,0x000000008003CCC0] -> 0x0513
mem[X,0x000000008003CCC2] -> 0x6665
[9947] [M]: 0x000000008003CCC0 (0x66650513) addi a0, a0, 1638
x10 <- 0x0000000066666666
mem[X,0x000000008003CCC4] -> 0x1513
mem[X,0x000000008003CCC6] -> 0x00B5
[9948] [M]: 0x000000008003CCC4 (0x00B51513) slli a0, a0, 11
x10 <- 0x0000033333333000
mem[X,0x000000008003CCC8] -> 0x0513
mem[X,0x000000008003CCCA] -> 0x3335
[9949] [M]: 0x000000008003CCC8 (0x33350513) addi a0, a0, 819
x10 <- 0x0000033333333333
mem[X,0x000000008003CCCC] -> 0x1513
mem[X,0x000000008003CCCE] -> 0x00B5
[9950] [M]: 0x000000008003CCCC (0x00B51513) slli a0, a0, 11
x10 <- 0x0019999999999800
mem[X,0x000000008003CCD0] -> 0x0513
mem[X,0x000000008003CCD2] -> 0x1995
[9951] [M]: 0x000000008003CCD0 (0x19950513) addi a0, a0, 409
x10 <- 0x0019999999999999
mem[X,0x000000008003CCD4] -> 0x1513
mem[X,0x000000008003CCD6] -> 0x00A5
[9952] [M]: 0x000000008003CCD4 (0x00A51513) slli a0, a0, 10
x10 <- 0x6666666666666400
mem[X,0x000000008003CCD8] -> 0x0513
mem[X,0x000000008003CCDA] -> 0x2675
[9953] [M]: 0x000000008003CCD8 (0x26750513) addi a0, a0, 615
x10 <- 0x6666666666666667
mem[X,0x000000008003CCDC] -> 0x65B7
mem[X,0x000000008003CCDE] -> 0x6666
[9954] [M]: 0x000000008003CCDC (0x666665B7) lui a1, 419430
x11 <- 0x0000000066666000
mem[X,0x000000008003CCE0] -> 0x8593
mem[X,0x000000008003CCE2] -> 0x6665
[9955] [M]: 0x000000008003CCE0 (0x66658593) addi a1, a1, 1638
x11 <- 0x0000000066666666
mem[X,0x000000008003CCE4] -> 0x9593
mem[X,0x000000008003CCE6] -> 0x00B5
[9956] [M]: 0x000000008003CCE4 (0x00B59593) slli a1, a1, 11
x11 <- 0x0000033333333000
mem[X,0x000000008003CCE8] -> 0x8593
mem[X,0x000000008003CCEA] -> 0x3335
[9957] [M]: 0x000000008003CCE8 (0x33358593) addi a1, a1, 819
x11 <- 0x0000033333333333
mem[X,0x000000008003CCEC] -> 0x9593
mem[X,0x000000008003CCEE] -> 0x00B5
[9958] [M]: 0x000000008003CCEC (0x00B59593) slli a1, a1, 11
x11 <- 0x0019999999999800
mem[X,0x000000008003CCF0] -> 0x8593
mem[X,0x000000008003CCF2] -> 0x1995
[9959] [M]: 0x000000008003CCF0 (0x19958593) addi a1, a1, 409
x11 <- 0x0019999999999999
mem[X,0x000000008003CCF4] -> 0x9593
mem[X,0x000000008003CCF6] -> 0x00A5
[9960] [M]: 0x000000008003CCF4 (0x00A59593) slli a1, a1, 10
x11 <- 0x6666666666666400
mem[X,0x000000008003CCF8] -> 0x8593
mem[X,0x000000008003CCFA] -> 0x2655
[9961] [M]: 0x000000008003CCF8 (0x26558593) addi a1, a1, 613
x11 <- 0x6666666666666665
mem[X,0x000000008003CCFC] -> 0x0213
mem[X,0x000000008003CCFE] -> 0x0000
[9962] [M]: 0x000000008003CCFC (0x00000213) addi tp, zero, 0
x4 <- 0x0000000000000000
mem[X,0x000000008003CD00] -> 0x006F
mem[X,0x000000008003CD02] -> 0x00C0
[9963] [M]: 0x000000008003CD00 (0x00C0006F) jal zero, 12
mem[X,0x000000008003CD0C] -> 0x0663
mem[X,0x000000008003CD0E] -> 0x00B5
[9964] [M]: 0x000000008003CD0C (0x00B50663) beq a0, a1, 12
mem[X,0x000000008003CD10] -> 0x0213
mem[X,0x000000008003CD12] -> 0x0022
[9965] [M]: 0x000000008003CD10 (0x00220213) addi tp, tp, 2
x4 <- 0x0000000000000002
mem[X,0x000000008003CD14] -> 0x006F
mem[X,0x000000008003CD16] -> 0x00C0
[9966] [M]: 0x000000008003CD14 (0x00C0006F) jal zero, 12
mem[X,0x000000008003CD20] -> 0x3023
mem[X,0x000000008003CD22] -> 0x2641
[9967] [M]: 0x000000008003CD20 (0x26413023) sd tp, 608(sp)
mem[0x000000008004A428] <- 0x0000000000000002
mem[X,0x000000008003CD24] -> 0x6537
mem[X,0x000000008003CD26] -> 0x6666
[9968] [M]: 0x000000008003CD24 (0x66666537) lui a0, 419430
x10 <- 0x0000000066666000
mem[X,0x000000008003CD28] -> 0x0513
mem[X,0x000000008003CD2A] -> 0x6665
[9969] [M]: 0x000000008003CD28 (0x66650513) addi a0, a0, 1638
x10 <- 0x0000000066666666
mem[X,0x000000008003CD2C] -> 0x1513
mem[X,0x000000008003CD2E] -> 0x00B5
[9970] [M]: 0x000000008003CD2C (0x00B51513) slli a0, a0, 11
x10 <- 0x0000033333333000
mem[X,0x000000008003CD30] -> 0x0513
mem[X,0x000000008003CD32] -> 0x3335
[9971] [M]: 0x000000008003CD30 (0x33350513) addi a0, a0, 819
x10 <- 0x0000033333333333
mem[X,0x000000008003CD34] -> 0x1513
mem[X,0x000000008003CD36] -> 0x00B5
[9972] [M]: 0x000000008003CD34 (0x00B51513) slli a0, a0, 11
x10 <- 0x0019999999999800
mem[X,0x000000008003CD38] -> 0x0513
mem[X,0x000000008003CD3A] -> 0x1995
[9973] [M]: 0x000000008003CD38 (0x19950513) addi a0, a0, 409
x10 <- 0x0019999999999999
mem[X,0x000000008003CD3C] -> 0x1513
mem[X,0x000000008003CD3E] -> 0x00A5
[9974] [M]: 0x000000008003CD3C (0x00A51513) slli a0, a0, 10
x10 <- 0x6666666666666400
mem[X,0x000000008003CD40] -> 0x0513
mem[X,0x000000008003CD42] -> 0x2675
[9975] [M]: 0x000000008003CD40 (0x26750513) addi a0, a0, 615
x10 <- 0x6666666666666667
mem[X,0x000000008003CD44] -> 0x05B7
mem[X,0x000000008003CD46] -> 0x0000
[9976] [M]: 0x000000008003CD44 (0x000005B7) lui a1, 0
x11 <- 0x0000000000000000
mem[X,0x000000008003CD48] -> 0x8593
mem[X,0x000000008003CD4A] -> 0x0005
[9977] [M]: 0x000000008003CD48 (0x00058593) addi a1, a1, 0
x11 <- 0x0000000000000000
mem[X,0x000000008003CD4C] -> 0x9593
mem[X,0x000000008003CD4E] -> 0x00B5
[9978] [M]: 0x000000008003CD4C (0x00B59593) slli a1, a1, 11
x11 <- 0x0000000000000000
mem[X,0x000000008003CD50] -> 0x8593
mem[X,0x000000008003CD52] -> 0x5A85
[9979] [M]: 0x000000008003CD50 (0x5A858593) addi a1, a1, 1448
x11 <- 0x00000000000005A8
mem[X,0x000000008003CD54] -> 0x9593
mem[X,0x000000008003CD56] -> 0x00B5
[9980] [M]: 0x000000008003CD54 (0x00B59593) slli a1, a1, 11
x11 <- 0x00000000002D4000
mem[X,0x000000008003CD58] -> 0x8593
mem[X,0x000000008003CD5A] -> 0x13C5
[9981] [M]: 0x000000008003CD58 (0x13C58593) addi a1, a1, 316
x11 <- 0x00000000002D413C
mem[X,0x000000008003CD5C] -> 0x9593
mem[X,0x000000008003CD5E] -> 0x00A5
[9982] [M]: 0x000000008003CD5C (0x00A59593) slli a1, a1, 10
x11 <- 0x00000000B504F000
mem[X,0x000000008003CD60] -> 0x8593
mem[X,0x000000008003CD62] -> 0x3325
[9983] [M]: 0x000000008003CD60 (0x33258593) addi a1, a1, 818
x11 <- 0x00000000B504F332
mem[X,0x000000008003CD64] -> 0x0213
mem[X,0x000000008003CD66] -> 0x0000
[9984] [M]: 0x000000008003CD64 (0x00000213) addi tp, zero, 0
x4 <- 0x0000000000000000
mem[X,0x000000008003CD68] -> 0x006F
mem[X,0x000000008003CD6A] -> 0x00C0
[9985] [M]: 0x000000008003CD68 (0x00C0006F) jal zero, 12
mem[X,0x000000008003CD74] -> 0x0063
mem[X,0x000000008003CD76] -> 0x20B5
[9986] [M]: 0x000000008003CD74 (0x20B50063) beq a0, a1, 512
mem[X,0x000000008003CD78] -> 0x0213
mem[X,0x000000008003CD7A] -> 0x0022
[9987] [M]: 0x000000008003CD78 (0x00220213) addi tp, tp, 2
x4 <- 0x0000000000000002
mem[X,0x000000008003CD7C] -> 0x006F
mem[X,0x000000008003CD7E] -> 0x2000
[9988] [M]: 0x000000008003CD7C (0x2000006F) jal zero, 512
mem[X,0x000000008003CF7C] -> 0x3423
mem[X,0x000000008003CF7E] -> 0x2641
[9989] [M]: 0x000000008003CF7C (0x26413423) sd tp, 616(sp)
mem[0x000000008004A430] <- 0x0000000000000002
mem[X,0x000000008003CF80] -> 0x6537
mem[X,0x000000008003CF82] -> 0x6666
[9990] [M]: 0x000000008003CF80 (0x66666537) lui a0, 419430
x10 <- 0x0000000066666000
mem[X,0x000000008003CF84] -> 0x0513
mem[X,0x000000008003CF86] -> 0x6665
[9991] [M]: 0x000000008003CF84 (0x66650513) addi a0, a0, 1638
x10 <- 0x0000000066666666
mem[X,0x000000008003CF88] -> 0x1513
mem[X,0x000000008003CF8A] -> 0x00B5
[9992] [M]: 0x000000008003CF88 (0x00B51513) slli a0, a0, 11
x10 <- 0x0000033333333000
mem[X,0x000000008003CF8C] -> 0x0513
mem[X,0x000000008003CF8E] -> 0x3335
[9993] [M]: 0x000000008003CF8C (0x33350513) addi a0, a0, 819
x10 <- 0x0000033333333333
mem[X,0x000000008003CF90] -> 0x1513
mem[X,0x000000008003CF92] -> 0x00B5
[9994] [M]: 0x000000008003CF90 (0x00B51513) slli a0, a0, 11
x10 <- 0x0019999999999800
mem[X,0x000000008003CF94] -> 0x0513
mem[X,0x000000008003CF96] -> 0x1995
[9995] [M]: 0x000000008003CF94 (0x19950513) addi a0, a0, 409
x10 <- 0x0019999999999999
mem[X,0x000000008003CF98] -> 0x1513
mem[X,0x000000008003CF9A] -> 0x00A5
[9996] [M]: 0x000000008003CF98 (0x00A51513) slli a0, a0, 10
x10 <- 0x6666666666666400
mem[X,0x000000008003CF9C] -> 0x0513
mem[X,0x000000008003CF9E] -> 0x2675
[9997] [M]: 0x000000008003CF9C (0x26750513) addi a0, a0, 615
x10 <- 0x6666666666666667
mem[X,0x000000008003CFA0] -> 0x55B7
mem[X,0x000000008003CFA2] -> 0x5555
[9998] [M]: 0x000000008003CFA0 (0x555555B7) lui a1, 349525
x11 <- 0x0000000055555000
mem[X,0x000000008003CFA4] -> 0x8593
mem[X,0x000000008003CFA6] -> 0x5555
[9999] [M]: 0x000000008003CFA4 (0x55558593) addi a1, a1, 1365
x11 <- 0x0000000055555555
clint::tick mtime <- 0x0000000000000064
 clint timer pending at mtime 0x0000000000000064
htif::tick 0x0000000000000000
mem[X,0x000000008003CFA8] -> 0x9593
mem[X,0x000000008003CFAA] -> 0x00B5
[10000] [M]: 0x000000008003CFA8 (0x00B59593) slli a1, a1, 11
x11 <- 0x000002AAAAAAA800
mem[X,0x000000008003CFAC] -> 0x8593
mem[X,0x000000008003CFAE] -> 0x2AA5
[10001] [M]: 0x000000008003CFAC (0x2AA58593) addi a1, a1, 682
x11 <- 0x000002AAAAAAAAAA
mem[X,0x000000008003CFB0] -> 0x9593
mem[X,0x000000008003CFB2] -> 0x00B5
[10002] [M]: 0x000000008003CFB0 (0x00B59593) slli a1, a1, 11
x11 <- 0x0015555555555000
mem[X,0x000000008003CFB4] -> 0x8593
mem[X,0x000000008003CFB6] -> 0x5555
[10003] [M]: 0x000000008003CFB4 (0x55558593) addi a1, a1, 1365
x11 <- 0x0015555555555555
mem[X,0x000000008003CFB8] -> 0x9593
mem[X,0x000000008003CFBA] -> 0x00A5
[10004] [M]: 0x000000008003CFB8 (0x00A59593) slli a1, a1, 10
x11 <- 0x5555555555555400
mem[X,0x000000008003CFBC] -> 0x8593
mem[X,0x000000008003CFBE] -> 0x1565
[10005] [M]: 0x000000008003CFBC (0x15658593) addi a1, a1, 342
x11 <- 0x5555555555555556
mem[X,0x000000008003CFC0] -> 0x0213
mem[X,0x000000008003CFC2] -> 0x0000
[10006] [M]: 0x000000008003CFC0 (0x00000213) addi tp, zero, 0
x4 <- 0x0000000000000000
mem[X,0x000000008003CFC4] -> 0x006F
mem[X,0x000000008003CFC6] -> 0x00C0
[10007] [M]: 0x000000008003CFC4 (0x00C0006F) jal zero, 12
mem[X,0x000000008003CFD0] -> 0x0663
mem[X,0x000000008003CFD2] -> 0x00B5
[10008] [M]: 0x000000008003CFD0 (0x00B50663) beq a0, a1, 12
mem[X,0x000000008003CFD4] -> 0x0213
mem[X,0x000000008003CFD6] -> 0x0022
[10009] [M]: 0x000000008003CFD4 (0x00220213) addi tp, tp, 2
x4 <- 0x0000000000000002
mem[X,0x000000008003CFD8] -> 0x006F
mem[X,0x000000008003CFDA] -> 0x00C0
[10010] [M]: 0x000000008003CFD8 (0x00C0006F) jal zero, 12
mem[X,0x000000008003CFE4] -> 0x3823
mem[X,0x000000008003CFE6] -> 0x2641
[10011] [M]: 0x000000008003CFE4 (0x26413823) sd tp, 624(sp)
mem[0x000000008004A438] <- 0x0000000000000002
mem[X,0x000000008003CFE8] -> 0x6537
mem[X,0x000000008003CFEA] -> 0x6666
[10012] [M]: 0x000000008003CFE8 (0x66666537) lui a0, 419430
x10 <- 0x0000000066666000
mem[X,0x000000008003CFEC] -> 0x0513
mem[X,0x000000008003CFEE] -> 0x6665
[10013] [M]: 0x000000008003CFEC (0x66650513) addi a0, a0, 1638
x10 <- 0x0000000066666666
mem[X,0x000000008003CFF0] -> 0x1513
mem[X,0x000000008003CFF2] -> 0x00B5
[10014] [M]: 0x000000008003CFF0 (0x00B51513) slli a0, a0, 11
x10 <- 0x0000033333333000
mem[X,0x000000008003CFF4] -> 0x0513
mem[X,0x000000008003CFF6] -> 0x3335
[10015] [M]: 0x000000008003CFF4 (0x33350513) addi a0, a0, 819
x10 <- 0x0000033333333333
mem[X,0x000000008003CFF8] -> 0x1513
mem[X,0x000000008003CFFA] -> 0x00B5
[10016] [M]: 0x000000008003CFF8 (0x00B51513) slli a0, a0, 11
x10 <- 0x0019999999999800
mem[X,0x000000008003CFFC] -> 0x0513
mem[X,0x000000008003CFFE] -> 0x1995
[10017] [M]: 0x000000008003CFFC (0x19950513) addi a0, a0, 409
x10 <- 0x0019999999999999
mem[X,0x000000008003D000] -> 0x1513
mem[X,0x000000008003D002] -> 0x00A5
[10018] [M]: 0x000000008003D000 (0x00A51513) slli a0, a0, 10
x10 <- 0x6666666666666400
mem[X,0x000000008003D004] -> 0x0513
mem[X,0x000000008003D006] -> 0x2675
[10019] [M]: 0x000000008003D004 (0x26750513) addi a0, a0, 615
x10 <- 0x6666666666666667
mem[X,0x000000008003D008] -> 0xB5B7
mem[X,0x000000008003D00A] -> 0xAAAA
[10020] [M]: 0x000000008003D008 (0xAAAAB5B7) lui a1, 699051
x11 <- 0xFFFFFFFFAAAAB000
mem[X,0x000000008003D00C] -> 0x8593
mem[X,0x000000008003D00E] -> 0xAAA5
[10021] [M]: 0x000000008003D00C (0xAAA58593) addi a1, a1, 2730
x11 <- 0xFFFFFFFFAAAAAAAA
mem[X,0x000000008003D010] -> 0x9593
mem[X,0x000000008003D012] -> 0x00B5
[10022] [M]: 0x000000008003D010 (0x00B59593) slli a1, a1, 11
x11 <- 0xFFFFFD5555555000
mem[X,0x000000008003D014] -> 0x8593
mem[X,0x000000008003D016] -> 0x5555
[10023] [M]: 0x000000008003D014 (0x55558593) addi a1, a1, 1365
x11 <- 0xFFFFFD5555555555
mem[X,0x000000008003D018] -> 0x9593
mem[X,0x000000008003D01A] -> 0x00B5
[10024] [M]: 0x000000008003D018 (0x00B59593) slli a1, a1, 11
x11 <- 0xFFEAAAAAAAAAA800
mem[X,0x000000008003D01C] -> 0x8593
mem[X,0x000000008003D01E] -> 0x2AA5
[10025] [M]: 0x000000008003D01C (0x2AA58593) addi a1, a1, 682
x11 <- 0xFFEAAAAAAAAAAAAA
mem[X,0x000000008003D020] -> 0x9593
mem[X,0x000000008003D022] -> 0x00A5
[10026] [M]: 0x000000008003D020 (0x00A59593) slli a1, a1, 10
x11 <- 0xAAAAAAAAAAAAA800
mem[X,0x000000008003D024] -> 0x8593
mem[X,0x000000008003D026] -> 0x2AB5
[10027] [M]: 0x000000008003D024 (0x2AB58593) addi a1, a1, 683
x11 <- 0xAAAAAAAAAAAAAAAB
mem[X,0x000000008003D028] -> 0x0213
mem[X,0x000000008003D02A] -> 0x0000
[10028] [M]: 0x000000008003D028 (0x00000213) addi tp, zero, 0
x4 <- 0x0000000000000000
mem[X,0x000000008003D02C] -> 0x006F
mem[X,0x000000008003D02E] -> 0x00C0
[10029] [M]: 0x000000008003D02C (0x00C0006F) jal zero, 12
mem[X,0x000000008003D038] -> 0x0063
mem[X,0x000000008003D03A] -> 0x20B5
[10030] [M]: 0x000000008003D038 (0x20B50063) beq a0, a1, 512
mem[X,0x000000008003D03C] -> 0x0213
mem[X,0x000000008003D03E] -> 0x0022
[10031] [M]: 0x000000008003D03C (0x00220213) addi tp, tp, 2
x4 <- 0x0000000000000002
mem[X,0x000000008003D040] -> 0x006F
mem[X,0x000000008003D042] -> 0x2000
[10032] [M]: 0x000000008003D040 (0x2000006F) jal zero, 512
mem[X,0x000000008003D240] -> 0x3C23
mem[X,0x000000008003D242] -> 0x2641
[10033] [M]: 0x000000008003D240 (0x26413C23) sd tp, 632(sp)
mem[0x000000008004A440] <- 0x0000000000000002
mem[X,0x000000008003D244] -> 0x6537
mem[X,0x000000008003D246] -> 0x6666
[10034] [M]: 0x000000008003D244 (0x66666537) lui a0, 419430
x10 <- 0x0000000066666000
mem[X,0x000000008003D248] -> 0x0513
mem[X,0x000000008003D24A] -> 0x6665
[10035] [M]: 0x000000008003D248 (0x66650513) addi a0, a0, 1638
x10 <- 0x0000000066666666
mem[X,0x000000008003D24C] -> 0x1513
mem[X,0x000000008003D24E] -> 0x00B5
[10036] [M]: 0x000000008003D24C (0x00B51513) slli a0, a0, 11
x10 <- 0x0000033333333000
mem[X,0x000000008003D250] -> 0x0513
mem[X,0x000000008003D252] -> 0x3335
[10037] [M]: 0x000000008003D250 (0x33350513) addi a0, a0, 819
x10 <- 0x0000033333333333
mem[X,0x000000008003D254] -> 0x1513
mem[X,0x000000008003D256] -> 0x00B5
[10038] [M]: 0x000000008003D254 (0x00B51513) slli a0, a0, 11
x10 <- 0x0019999999999800
mem[X,0x000000008003D258] -> 0x0513
mem[X,0x000000008003D25A] -> 0x1995
[10039] [M]: 0x000000008003D258 (0x19950513) addi a0, a0, 409
x10 <- 0x0019999999999999
mem[X,0x000000008003D25C] -> 0x1513
mem[X,0x000000008003D25E] -> 0x00A5
[10040] [M]: 0x000000008003D25C (0x00A51513) slli a0, a0, 10
x10 <- 0x6666666666666400
mem[X,0x000000008003D260] -> 0x0513
mem[X,0x000000008003D262] -> 0x2675
[10041] [M]: 0x000000008003D260 (0x26750513) addi a0, a0, 615
x10 <- 0x6666666666666667
mem[X,0x000000008003D264] -> 0x0593
mem[X,0x000000008003D266] -> 0x0060
[10042] [M]: 0x000000008003D264 (0x00600593) addi a1, zero, 6
x11 <- 0x0000000000000006
mem[X,0x000000008003D268] -> 0x0213
mem[X,0x000000008003D26A] -> 0x0000
[10043] [M]: 0x000000008003D268 (0x00000213) addi tp, zero, 0
x4 <- 0x0000000000000000
mem[X,0x000000008003D26C] -> 0x006F
mem[X,0x000000008003D26E] -> 0x0180
[10044] [M]: 0x000000008003D26C (0x0180006F) jal zero, 24
mem[X,0x000000008003D284] -> 0x06E3
mem[X,0x000000008003D286] -> 0xFEB5
[10045] [M]: 0x000000008003D284 (0xFEB506E3) beq a0, a1, 8172
mem[X,0x000000008003D288] -> 0x0213
mem[X,0x000000008003D28A] -> 0x0022
[10046] [M]: 0x000000008003D288 (0x00220213) addi tp, tp, 2
x4 <- 0x0000000000000002
mem[X,0x000000008003D28C] -> 0x006F
mem[X,0x000000008003D28E] -> 0x00C0
[10047] [M]: 0x000000008003D28C (0x00C0006F) jal zero, 12
mem[X,0x000000008003D298] -> 0x3023
mem[X,0x000000008003D29A] -> 0x2841
[10048] [M]: 0x000000008003D298 (0x28413023) sd tp, 640(sp)
mem[0x000000008004A448] <- 0x0000000000000002
mem[X,0x000000008003D29C] -> 0x6537
mem[X,0x000000008003D29E] -> 0x6666
[10049] [M]: 0x000000008003D29C (0x66666537) lui a0, 419430
x10 <- 0x0000000066666000
mem[X,0x000000008003D2A0] -> 0x0513
mem[X,0x000000008003D2A2] -> 0x6665
[10050] [M]: 0x000000008003D2A0 (0x66650513) addi a0, a0, 1638
x10 <- 0x0000000066666666
mem[X,0x000000008003D2A4] -> 0x1513
mem[X,0x000000008003D2A6] -> 0x00B5
[10051] [M]: 0x000000008003D2A4 (0x00B51513) slli a0, a0, 11
x10 <- 0x0000033333333000
mem[X,0x000000008003D2A8] -> 0x0513
mem[X,0x000000008003D2AA] -> 0x3335
[10052] [M]: 0x000000008003D2A8 (0x33350513) addi a0, a0, 819
x10 <- 0x0000033333333333
mem[X,0x000000008003D2AC] -> 0x1513
mem[X,0x000000008003D2AE] -> 0x00B5
[10053] [M]: 0x000000008003D2AC (0x00B51513) slli a0, a0, 11
x10 <- 0x0019999999999800
mem[X,0x000000008003D2B0] -> 0x0513
mem[X,0x000000008003D2B2] -> 0x1995
[10054] [M]: 0x000000008003D2B0 (0x19950513) addi a0, a0, 409
x10 <- 0x0019999999999999
mem[X,0x000000008003D2B4] -> 0x1513
mem[X,0x000000008003D2B6] -> 0x00A5
[10055] [M]: 0x000000008003D2B4 (0x00A51513) slli a0, a0, 10
x10 <- 0x6666666666666400
mem[X,0x000000008003D2B8] -> 0x0513
mem[X,0x000000008003D2BA] -> 0x2675
[10056] [M]: 0x000000008003D2B8 (0x26750513) addi a0, a0, 615
x10 <- 0x6666666666666667
mem[X,0x000000008003D2BC] -> 0x35B7
mem[X,0x000000008003D2BE] -> 0x3333
[10057] [M]: 0x000000008003D2BC (0x333335B7) lui a1, 209715
x11 <- 0x0000000033333000
mem[X,0x000000008003D2C0] -> 0x8593
mem[X,0x000000008003D2C2] -> 0x3335
[10058] [M]: 0x000000008003D2C0 (0x33358593) addi a1, a1, 819
x11 <- 0x0000000033333333
mem[X,0x000000008003D2C4] -> 0x9593
mem[X,0x000000008003D2C6] -> 0x00B5
[10059] [M]: 0x000000008003D2C4 (0x00B59593) slli a1, a1, 11
x11 <- 0x0000019999999800
mem[X,0x000000008003D2C8] -> 0x8593
mem[X,0x000000008003D2CA] -> 0x1995
[10060] [M]: 0x000000008003D2C8 (0x19958593) addi a1, a1, 409
x11 <- 0x0000019999999999
mem[X,0x000000008003D2CC] -> 0x9593
mem[X,0x000000008003D2CE] -> 0x00B5
[10061] [M]: 0x000000008003D2CC (0x00B59593) slli a1, a1, 11
x11 <- 0x000CCCCCCCCCC800
mem[X,0x000000008003D2D0] -> 0x8593
mem[X,0x000000008003D2D2] -> 0x4CC5
[10062] [M]: 0x000000008003D2D0 (0x4CC58593) addi a1, a1, 1228
x11 <- 0x000CCCCCCCCCCCCC
mem[X,0x000000008003D2D4] -> 0x9593
mem[X,0x000000008003D2D6] -> 0x00A5
[10063] [M]: 0x000000008003D2D4 (0x00A59593) slli a1, a1, 10
x11 <- 0x3333333333333000
mem[X,0x000000008003D2D8] -> 0x8593
mem[X,0x000000008003D2DA] -> 0x3345
[10064] [M]: 0x000000008003D2D8 (0x33458593) addi a1, a1, 820
x11 <- 0x3333333333333334
mem[X,0x000000008003D2DC] -> 0x0213
mem[X,0x000000008003D2DE] -> 0x0000
[10065] [M]: 0x000000008003D2DC (0x00000213) addi tp, zero, 0
x4 <- 0x0000000000000000
mem[X,0x000000008003D2E0] -> 0x006F
mem[X,0x000000008003D2E2] -> 0x0180
[10066] [M]: 0x000000008003D2E0 (0x0180006F) jal zero, 24
mem[X,0x000000008003D2F8] -> 0x06E3
mem[X,0x000000008003D2FA] -> 0xFEB5
[10067] [M]: 0x000000008003D2F8 (0xFEB506E3) beq a0, a1, 8172
mem[X,0x000000008003D2FC] -> 0x0213
mem[X,0x000000008003D2FE] -> 0x0022
[10068] [M]: 0x000000008003D2FC (0x00220213) addi tp, tp, 2
x4 <- 0x0000000000000002
mem[X,0x000000008003D300] -> 0x006F
mem[X,0x000000008003D302] -> 0x00C0
[10069] [M]: 0x000000008003D300 (0x00C0006F) jal zero, 12
mem[X,0x000000008003D30C] -> 0x3423
mem[X,0x000000008003D30E] -> 0x2841
[10070] [M]: 0x000000008003D30C (0x28413423) sd tp, 648(sp)
mem[0x000000008004A450] <- 0x0000000000000002
mem[X,0x000000008003D310] -> 0x6537
mem[X,0x000000008003D312] -> 0x6666
[10071] [M]: 0x000000008003D310 (0x66666537) lui a0, 419430
x10 <- 0x0000000066666000
mem[X,0x000000008003D314] -> 0x0513
mem[X,0x000000008003D316] -> 0x6665
[10072] [M]: 0x000000008003D314 (0x66650513) addi a0, a0, 1638
x10 <- 0x0000000066666666
mem[X,0x000000008003D318] -> 0x1513
mem[X,0x000000008003D31A] -> 0x00B5
[10073] [M]: 0x000000008003D318 (0x00B51513) slli a0, a0, 11
x10 <- 0x0000033333333000
mem[X,0x000000008003D31C] -> 0x0513
mem[X,0x000000008003D31E] -> 0x3335
[10074] [M]: 0x000000008003D31C (0x33350513) addi a0, a0, 819
x10 <- 0x0000033333333333
mem[X,0x000000008003D320] -> 0x1513
mem[X,0x000000008003D322] -> 0x00B5
[10075] [M]: 0x000000008003D320 (0x00B51513) slli a0, a0, 11
x10 <- 0x0019999999999800
mem[X,0x000000008003D324] -> 0x0513
mem[X,0x000000008003D326] -> 0x1995
[10076] [M]: 0x000000008003D324 (0x19950513) addi a0, a0, 409
x10 <- 0x0019999999999999
mem[X,0x000000008003D328] -> 0x1513
mem[X,0x000000008003D32A] -> 0x00A5
[10077] [M]: 0x000000008003D328 (0x00A51513) slli a0, a0, 10
x10 <- 0x6666666666666400
mem[X,0x000000008003D32C] -> 0x0513
mem[X,0x000000008003D32E] -> 0x2675
[10078] [M]: 0x000000008003D32C (0x26750513) addi a0, a0, 615
x10 <- 0x6666666666666667
mem[X,0x000000008003D330] -> 0x65B7
mem[X,0x000000008003D332] -> 0x6666
[10079] [M]: 0x000000008003D330 (0x666665B7) lui a1, 419430
x11 <- 0x0000000066666000
mem[X,0x000000008003D334] -> 0x8593
mem[X,0x000000008003D336] -> 0x6665
[10080] [M]: 0x000000008003D334 (0x66658593) addi a1, a1, 1638
x11 <- 0x0000000066666666
mem[X,0x000000008003D338] -> 0x9593
mem[X,0x000000008003D33A] -> 0x00B5
[10081] [M]: 0x000000008003D338 (0x00B59593) slli a1, a1, 11
x11 <- 0x0000033333333000
mem[X,0x000000008003D33C] -> 0x8593
mem[X,0x000000008003D33E] -> 0x3335
[10082] [M]: 0x000000008003D33C (0x33358593) addi a1, a1, 819
x11 <- 0x0000033333333333
mem[X,0x000000008003D340] -> 0x9593
mem[X,0x000000008003D342] -> 0x00B5
[10083] [M]: 0x000000008003D340 (0x00B59593) slli a1, a1, 11
x11 <- 0x0019999999999800
mem[X,0x000000008003D344] -> 0x8593
mem[X,0x000000008003D346] -> 0x1995
[10084] [M]: 0x000000008003D344 (0x19958593) addi a1, a1, 409
x11 <- 0x0019999999999999
mem[X,0x000000008003D348] -> 0x9593
mem[X,0x000000008003D34A] -> 0x00A5
[10085] [M]: 0x000000008003D348 (0x00A59593) slli a1, a1, 10
x11 <- 0x6666666666666400
mem[X,0x000000008003D34C] -> 0x8593
mem[X,0x000000008003D34E] -> 0x2675
[10086] [M]: 0x000000008003D34C (0x26758593) addi a1, a1, 615
x11 <- 0x6666666666666667
mem[X,0x000000008003D350] -> 0x0213
mem[X,0x000000008003D352] -> 0x0000
[10087] [M]: 0x000000008003D350 (0x00000213) addi tp, zero, 0
x4 <- 0x0000000000000000
mem[X,0x000000008003D354] -> 0x006F
mem[X,0x000000008003D356] -> 0x0140
[10088] [M]: 0x000000008003D354 (0x0140006F) jal zero, 20
mem[X,0x000000008003D368] -> 0x08E3
mem[X,0x000000008003D36A] -> 0xFEB5
[10089] [M]: 0x000000008003D368 (0xFEB508E3) beq a0, a1, 8176
mem[X,0x000000008003D358] -> 0x0213
mem[X,0x000000008003D35A] -> 0x0012
[10090] [M]: 0x000000008003D358 (0x00120213) addi tp, tp, 1
x4 <- 0x0000000000000001
mem[X,0x000000008003D35C] -> 0x006F
mem[X,0x000000008003D35E] -> 0x0200
[10091] [M]: 0x000000008003D35C (0x0200006F) jal zero, 32
mem[X,0x000000008003D37C] -> 0x3823
mem[X,0x000000008003D37E] -> 0x2841
[10092] [M]: 0x000000008003D37C (0x28413823) sd tp, 656(sp)
mem[0x000000008004A458] <- 0x0000000000000001
mem[X,0x000000008003D380] -> 0x6537
mem[X,0x000000008003D382] -> 0x6666
[10093] [M]: 0x000000008003D380 (0x66666537) lui a0, 419430
x10 <- 0x0000000066666000
mem[X,0x000000008003D384] -> 0x0513
mem[X,0x000000008003D386] -> 0x6665
[10094] [M]: 0x000000008003D384 (0x66650513) addi a0, a0, 1638
x10 <- 0x0000000066666666
mem[X,0x000000008003D388] -> 0x1513
mem[X,0x000000008003D38A] -> 0x00B5
[10095] [M]: 0x000000008003D388 (0x00B51513) slli a0, a0, 11
x10 <- 0x0000033333333000
mem[X,0x000000008003D38C] -> 0x0513
mem[X,0x000000008003D38E] -> 0x3335
[10096] [M]: 0x000000008003D38C (0x33350513) addi a0, a0, 819
x10 <- 0x0000033333333333
mem[X,0x000000008003D390] -> 0x1513
mem[X,0x000000008003D392] -> 0x00B5
[10097] [M]: 0x000000008003D390 (0x00B51513) slli a0, a0, 11
x10 <- 0x0019999999999800
mem[X,0x000000008003D394] -> 0x0513
mem[X,0x000000008003D396] -> 0x1995
[10098] [M]: 0x000000008003D394 (0x19950513) addi a0, a0, 409
x10 <- 0x0019999999999999
mem[X,0x000000008003D398] -> 0x1513
mem[X,0x000000008003D39A] -> 0x00A5
[10099] [M]: 0x000000008003D398 (0x00A51513) slli a0, a0, 10
x10 <- 0x6666666666666400
clint::tick mtime <- 0x0000000000000065
 clint timer pending at mtime 0x0000000000000065
htif::tick 0x0000000000000000
mem[X,0x000000008003D39C] -> 0x0513
mem[X,0x000000008003D39E] -> 0x2675
[10100] [M]: 0x000000008003D39C (0x26750513) addi a0, a0, 615
x10 <- 0x6666666666666667
mem[X,0x000000008003D3A0] -> 0x05B7
mem[X,0x000000008003D3A2] -> 0x0000
[10101] [M]: 0x000000008003D3A0 (0x000005B7) lui a1, 0
x11 <- 0x0000000000000000
mem[X,0x000000008003D3A4] -> 0x8593
mem[X,0x000000008003D3A6] -> 0xFFF5
[10102] [M]: 0x000000008003D3A4 (0xFFF58593) addi a1, a1, 4095
x11 <- 0xFFFFFFFFFFFFFFFF
mem[X,0x000000008003D3A8] -> 0x9593
mem[X,0x000000008003D3AA] -> 0x00B5
[10103] [M]: 0x000000008003D3A8 (0x00B59593) slli a1, a1, 11
x11 <- 0xFFFFFFFFFFFFF800
mem[X,0x000000008003D3AC] -> 0x8593
mem[X,0x000000008003D3AE] -> 0x2575
[10104] [M]: 0x000000008003D3AC (0x25758593) addi a1, a1, 599
x11 <- 0xFFFFFFFFFFFFFA57
mem[X,0x000000008003D3B0] -> 0x9593
mem[X,0x000000008003D3B2] -> 0x00B5
[10105] [M]: 0x000000008003D3B0 (0x00B59593) slli a1, a1, 11
x11 <- 0xFFFFFFFFFFD2B800
mem[X,0x000000008003D3B4] -> 0x8593
mem[X,0x000000008003D3B6] -> 0x6C35
[10106] [M]: 0x000000008003D3B4 (0x6C358593) addi a1, a1, 1731
x11 <- 0xFFFFFFFFFFD2BEC3
mem[X,0x000000008003D3B8] -> 0x9593
mem[X,0x000000008003D3BA] -> 0x00A5
[10107] [M]: 0x000000008003D3B8 (0x00A59593) slli a1, a1, 10
x11 <- 0xFFFFFFFF4AFB0C00
mem[X,0x000000008003D3BC] -> 0x8593
mem[X,0x000000008003D3BE] -> 0x0CE5
[10108] [M]: 0x000000008003D3BC (0x0CE58593) addi a1, a1, 206
x11 <- 0xFFFFFFFF4AFB0CCE
mem[X,0x000000008003D3C0] -> 0x0213
mem[X,0x000000008003D3C2] -> 0x0000
[10109] [M]: 0x000000008003D3C0 (0x00000213) addi tp, zero, 0
x4 <- 0x0000000000000000
mem[X,0x000000008003D3C4] -> 0x006F
mem[X,0x000000008003D3C6] -> 0x00C0
[10110] [M]: 0x000000008003D3C4 (0x00C0006F) jal zero, 12
mem[X,0x000000008003D3D0] -> 0x0663
mem[X,0x000000008003D3D2] -> 0x00B5
[10111] [M]: 0x000000008003D3D0 (0x00B50663) beq a0, a1, 12
mem[X,0x000000008003D3D4] -> 0x0213
mem[X,0x000000008003D3D6] -> 0x0022
[10112] [M]: 0x000000008003D3D4 (0x00220213) addi tp, tp, 2
x4 <- 0x0000000000000002
mem[X,0x000000008003D3D8] -> 0x006F
mem[X,0x000000008003D3DA] -> 0x00C0
[10113] [M]: 0x000000008003D3D8 (0x00C0006F) jal zero, 12
mem[X,0x000000008003D3E4] -> 0x3C23
mem[X,0x000000008003D3E6] -> 0x2841
[10114] [M]: 0x000000008003D3E4 (0x28413C23) sd tp, 664(sp)
mem[0x000000008004A460] <- 0x0000000000000002
mem[X,0x000000008003D3E8] -> 0x6537
mem[X,0x000000008003D3EA] -> 0x6666
[10115] [M]: 0x000000008003D3E8 (0x66666537) lui a0, 419430
x10 <- 0x0000000066666000
mem[X,0x000000008003D3EC] -> 0x0513
mem[X,0x000000008003D3EE] -> 0x6665
[10116] [M]: 0x000000008003D3EC (0x66650513) addi a0, a0, 1638
x10 <- 0x0000000066666666
mem[X,0x000000008003D3F0] -> 0x1513
mem[X,0x000000008003D3F2] -> 0x00B5
[10117] [M]: 0x000000008003D3F0 (0x00B51513) slli a0, a0, 11
x10 <- 0x0000033333333000
mem[X,0x000000008003D3F4] -> 0x0513
mem[X,0x000000008003D3F6] -> 0x3335
[10118] [M]: 0x000000008003D3F4 (0x33350513) addi a0, a0, 819
x10 <- 0x0000033333333333
mem[X,0x000000008003D3F8] -> 0x1513
mem[X,0x000000008003D3FA] -> 0x00B5
[10119] [M]: 0x000000008003D3F8 (0x00B51513) slli a0, a0, 11
x10 <- 0x0019999999999800
mem[X,0x000000008003D3FC] -> 0x0513
mem[X,0x000000008003D3FE] -> 0x1995
[10120] [M]: 0x000000008003D3FC (0x19950513) addi a0, a0, 409
x10 <- 0x0019999999999999
mem[X,0x000000008003D400] -> 0x1513
mem[X,0x000000008003D402] -> 0x00A5
[10121] [M]: 0x000000008003D400 (0x00A51513) slli a0, a0, 10
x10 <- 0x6666666666666400
mem[X,0x000000008003D404] -> 0x0513
mem[X,0x000000008003D406] -> 0x2675
[10122] [M]: 0x000000008003D404 (0x26750513) addi a0, a0, 615
x10 <- 0x6666666666666667
mem[X,0x000000008003D408] -> 0x05B7
mem[X,0x000000008003D40A] -> 0x0000
[10123] [M]: 0x000000008003D408 (0x000005B7) lui a1, 0
x11 <- 0x0000000000000000
mem[X,0x000000008003D40C] -> 0x8593
mem[X,0x000000008003D40E] -> 0x0005
[10124] [M]: 0x000000008003D40C (0x00058593) addi a1, a1, 0
x11 <- 0x0000000000000000
mem[X,0x000000008003D410] -> 0x9593
mem[X,0x000000008003D412] -> 0x00B5
[10125] [M]: 0x000000008003D410 (0x00B59593) slli a1, a1, 11
x11 <- 0x0000000000000000
mem[X,0x000000008003D414] -> 0x8593
mem[X,0x000000008003D416] -> 0x5A85
[10126] [M]: 0x000000008003D414 (0x5A858593) addi a1, a1, 1448
x11 <- 0x00000000000005A8
mem[X,0x000000008003D418] -> 0x9593
mem[X,0x000000008003D41A] -> 0x00B5
[10127] [M]: 0x000000008003D418 (0x00B59593) slli a1, a1, 11
x11 <- 0x00000000002D4000
mem[X,0x000000008003D41C] -> 0x8593
mem[X,0x000000008003D41E] -> 0x13C5
[10128] [M]: 0x000000008003D41C (0x13C58593) addi a1, a1, 316
x11 <- 0x00000000002D413C
mem[X,0x000000008003D420] -> 0x9593
mem[X,0x000000008003D422] -> 0x00A5
[10129] [M]: 0x000000008003D420 (0x00A59593) slli a1, a1, 10
x11 <- 0x00000000B504F000
mem[X,0x000000008003D424] -> 0x8593
mem[X,0x000000008003D426] -> 0x3345
[10130] [M]: 0x000000008003D424 (0x33458593) addi a1, a1, 820
x11 <- 0x00000000B504F334
mem[X,0x000000008003D428] -> 0x0213
mem[X,0x000000008003D42A] -> 0x0000
[10131] [M]: 0x000000008003D428 (0x00000213) addi tp, zero, 0
x4 <- 0x0000000000000000
mem[X,0x000000008003D42C] -> 0x006F
mem[X,0x000000008003D42E] -> 0x00C0
[10132] [M]: 0x000000008003D42C (0x00C0006F) jal zero, 12
mem[X,0x000000008003D438] -> 0x0CE3
mem[X,0x000000008003D43A] -> 0xFEB5
[10133] [M]: 0x000000008003D438 (0xFEB50CE3) beq a0, a1, 8184
mem[X,0x000000008003D43C] -> 0x0213
mem[X,0x000000008003D43E] -> 0x0022
[10134] [M]: 0x000000008003D43C (0x00220213) addi tp, tp, 2
x4 <- 0x0000000000000002
mem[X,0x000000008003D440] -> 0x006F
mem[X,0x000000008003D442] -> 0x00C0
[10135] [M]: 0x000000008003D440 (0x00C0006F) jal zero, 12
mem[X,0x000000008003D44C] -> 0x3023
mem[X,0x000000008003D44E] -> 0x2A41
[10136] [M]: 0x000000008003D44C (0x2A413023) sd tp, 672(sp)
mem[0x000000008004A468] <- 0x0000000000000002
mem[X,0x000000008003D450] -> 0x0537
mem[X,0x000000008003D452] -> 0x0000
[10137] [M]: 0x000000008003D450 (0x00000537) lui a0, 0
x10 <- 0x0000000000000000
mem[X,0x000000008003D454] -> 0x0513
mem[X,0x000000008003D456] -> 0xFFF5
[10138] [M]: 0x000000008003D454 (0xFFF50513) addi a0, a0, 4095
x10 <- 0xFFFFFFFFFFFFFFFF
mem[X,0x000000008003D458] -> 0x1513
mem[X,0x000000008003D45A] -> 0x00B5
[10139] [M]: 0x000000008003D458 (0x00B51513) slli a0, a0, 11
x10 <- 0xFFFFFFFFFFFFF800
mem[X,0x000000008003D45C] -> 0x0513
mem[X,0x000000008003D45E] -> 0x2575
[10140] [M]: 0x000000008003D45C (0x25750513) addi a0, a0, 599
x10 <- 0xFFFFFFFFFFFFFA57
mem[X,0x000000008003D460] -> 0x1513
mem[X,0x000000008003D462] -> 0x00B5
[10141] [M]: 0x000000008003D460 (0x00B51513) slli a0, a0, 11
x10 <- 0xFFFFFFFFFFD2B800
mem[X,0x000000008003D464] -> 0x0513
mem[X,0x000000008003D466] -> 0x6C35
[10142] [M]: 0x000000008003D464 (0x6C350513) addi a0, a0, 1731
x10 <- 0xFFFFFFFFFFD2BEC3
mem[X,0x000000008003D468] -> 0x1513
mem[X,0x000000008003D46A] -> 0x00A5
[10143] [M]: 0x000000008003D468 (0x00A51513) slli a0, a0, 10
x10 <- 0xFFFFFFFF4AFB0C00
mem[X,0x000000008003D46C] -> 0x0513
mem[X,0x000000008003D46E] -> 0x0CE5
[10144] [M]: 0x000000008003D46C (0x0CE50513) addi a0, a0, 206
x10 <- 0xFFFFFFFF4AFB0CCE
mem[X,0x000000008003D470] -> 0x0593
mem[X,0x000000008003D472] -> 0x0030
[10145] [M]: 0x000000008003D470 (0x00300593) addi a1, zero, 3
x11 <- 0x0000000000000003
mem[X,0x000000008003D474] -> 0x0213
mem[X,0x000000008003D476] -> 0x0000
[10146] [M]: 0x000000008003D474 (0x00000213) addi tp, zero, 0
x4 <- 0x0000000000000000
mem[X,0x000000008003D478] -> 0x006F
mem[X,0x000000008003D47A] -> 0x00C0
[10147] [M]: 0x000000008003D478 (0x00C0006F) jal zero, 12
mem[X,0x000000008003D484] -> 0x0CE3
mem[X,0x000000008003D486] -> 0xFEB5
[10148] [M]: 0x000000008003D484 (0xFEB50CE3) beq a0, a1, 8184
mem[X,0x000000008003D488] -> 0x0213
mem[X,0x000000008003D48A] -> 0x0022
[10149] [M]: 0x000000008003D488 (0x00220213) addi tp, tp, 2
x4 <- 0x0000000000000002
mem[X,0x000000008003D48C] -> 0x006F
mem[X,0x000000008003D48E] -> 0x00C0
[10150] [M]: 0x000000008003D48C (0x00C0006F) jal zero, 12
mem[X,0x000000008003D498] -> 0x3423
mem[X,0x000000008003D49A] -> 0x2A41
[10151] [M]: 0x000000008003D498 (0x2A413423) sd tp, 680(sp)
mem[0x000000008004A470] <- 0x0000000000000002
mem[X,0x000000008003D49C] -> 0x0537
mem[X,0x000000008003D49E] -> 0x0000
[10152] [M]: 0x000000008003D49C (0x00000537) lui a0, 0
x10 <- 0x0000000000000000
mem[X,0x000000008003D4A0] -> 0x0513
mem[X,0x000000008003D4A2] -> 0xFFF5
[10153] [M]: 0x000000008003D4A0 (0xFFF50513) addi a0, a0, 4095
x10 <- 0xFFFFFFFFFFFFFFFF
mem[X,0x000000008003D4A4] -> 0x1513
mem[X,0x000000008003D4A6] -> 0x00B5
[10154] [M]: 0x000000008003D4A4 (0x00B51513) slli a0, a0, 11
x10 <- 0xFFFFFFFFFFFFF800
mem[X,0x000000008003D4A8] -> 0x0513
mem[X,0x000000008003D4AA] -> 0x2575
[10155] [M]: 0x000000008003D4A8 (0x25750513) addi a0, a0, 599
x10 <- 0xFFFFFFFFFFFFFA57
mem[X,0x000000008003D4AC] -> 0x1513
mem[X,0x000000008003D4AE] -> 0x00B5
[10156] [M]: 0x000000008003D4AC (0x00B51513) slli a0, a0, 11
x10 <- 0xFFFFFFFFFFD2B800
mem[X,0x000000008003D4B0] -> 0x0513
mem[X,0x000000008003D4B2] -> 0x6C35
[10157] [M]: 0x000000008003D4B0 (0x6C350513) addi a0, a0, 1731
x10 <- 0xFFFFFFFFFFD2BEC3
mem[X,0x000000008003D4B4] -> 0x1513
mem[X,0x000000008003D4B6] -> 0x00A5
[10158] [M]: 0x000000008003D4B4 (0x00A51513) slli a0, a0, 10
x10 <- 0xFFFFFFFF4AFB0C00
mem[X,0x000000008003D4B8] -> 0x0513
mem[X,0x000000008003D4BA] -> 0x0CE5
[10159] [M]: 0x000000008003D4B8 (0x0CE50513) addi a0, a0, 206
x10 <- 0xFFFFFFFF4AFB0CCE
mem[X,0x000000008003D4BC] -> 0x55B7
mem[X,0x000000008003D4BE] -> 0x5555
[10160] [M]: 0x000000008003D4BC (0x555555B7) lui a1, 349525
x11 <- 0x0000000055555000
mem[X,0x000000008003D4C0] -> 0x8593
mem[X,0x000000008003D4C2] -> 0x5555
[10161] [M]: 0x000000008003D4C0 (0x55558593) addi a1, a1, 1365
x11 <- 0x0000000055555555
mem[X,0x000000008003D4C4] -> 0x9593
mem[X,0x000000008003D4C6] -> 0x00B5
[10162] [M]: 0x000000008003D4C4 (0x00B59593) slli a1, a1, 11
x11 <- 0x000002AAAAAAA800
mem[X,0x000000008003D4C8] -> 0x8593
mem[X,0x000000008003D4CA] -> 0x2AA5
[10163] [M]: 0x000000008003D4C8 (0x2AA58593) addi a1, a1, 682
x11 <- 0x000002AAAAAAAAAA
mem[X,0x000000008003D4CC] -> 0x9593
mem[X,0x000000008003D4CE] -> 0x00B5
[10164] [M]: 0x000000008003D4CC (0x00B59593) slli a1, a1, 11
x11 <- 0x0015555555555000
mem[X,0x000000008003D4D0] -> 0x8593
mem[X,0x000000008003D4D2] -> 0x5555
[10165] [M]: 0x000000008003D4D0 (0x55558593) addi a1, a1, 1365
x11 <- 0x0015555555555555
mem[X,0x000000008003D4D4] -> 0x9593
mem[X,0x000000008003D4D6] -> 0x00A5
[10166] [M]: 0x000000008003D4D4 (0x00A59593) slli a1, a1, 10
x11 <- 0x5555555555555400
mem[X,0x000000008003D4D8] -> 0x8593
mem[X,0x000000008003D4DA] -> 0x1555
[10167] [M]: 0x000000008003D4D8 (0x15558593) addi a1, a1, 341
x11 <- 0x5555555555555555
mem[X,0x000000008003D4DC] -> 0x0213
mem[X,0x000000008003D4DE] -> 0x0000
[10168] [M]: 0x000000008003D4DC (0x00000213) addi tp, zero, 0
x4 <- 0x0000000000000000
mem[X,0x000000008003D4E0] -> 0x006F
mem[X,0x000000008003D4E2] -> 0x00C0
[10169] [M]: 0x000000008003D4E0 (0x00C0006F) jal zero, 12
mem[X,0x000000008003D4EC] -> 0x0663
mem[X,0x000000008003D4EE] -> 0x00B5
[10170] [M]: 0x000000008003D4EC (0x00B50663) beq a0, a1, 12
mem[X,0x000000008003D4F0] -> 0x0213
mem[X,0x000000008003D4F2] -> 0x0022
[10171] [M]: 0x000000008003D4F0 (0x00220213) addi tp, tp, 2
x4 <- 0x0000000000000002
mem[X,0x000000008003D4F4] -> 0x006F
mem[X,0x000000008003D4F6] -> 0x00C0
[10172] [M]: 0x000000008003D4F4 (0x00C0006F) jal zero, 12
mem[X,0x000000008003D500] -> 0x3823
mem[X,0x000000008003D502] -> 0x2A41
[10173] [M]: 0x000000008003D500 (0x2A413823) sd tp, 688(sp)
mem[0x000000008004A478] <- 0x0000000000000002
mem[X,0x000000008003D504] -> 0x0537
mem[X,0x000000008003D506] -> 0x0000
[10174] [M]: 0x000000008003D504 (0x00000537) lui a0, 0
x10 <- 0x0000000000000000
mem[X,0x000000008003D508] -> 0x0513
mem[X,0x000000008003D50A] -> 0xFFF5
[10175] [M]: 0x000000008003D508 (0xFFF50513) addi a0, a0, 4095
x10 <- 0xFFFFFFFFFFFFFFFF
mem[X,0x000000008003D50C] -> 0x1513
mem[X,0x000000008003D50E] -> 0x00B5
[10176] [M]: 0x000000008003D50C (0x00B51513) slli a0, a0, 11
x10 <- 0xFFFFFFFFFFFFF800
mem[X,0x000000008003D510] -> 0x0513
mem[X,0x000000008003D512] -> 0x2575
[10177] [M]: 0x000000008003D510 (0x25750513) addi a0, a0, 599
x10 <- 0xFFFFFFFFFFFFFA57
mem[X,0x000000008003D514] -> 0x1513
mem[X,0x000000008003D516] -> 0x00B5
[10178] [M]: 0x000000008003D514 (0x00B51513) slli a0, a0, 11
x10 <- 0xFFFFFFFFFFD2B800
mem[X,0x000000008003D518] -> 0x0513
mem[X,0x000000008003D51A] -> 0x6C35
[10179] [M]: 0x000000008003D518 (0x6C350513) addi a0, a0, 1731
x10 <- 0xFFFFFFFFFFD2BEC3
mem[X,0x000000008003D51C] -> 0x1513
mem[X,0x000000008003D51E] -> 0x00A5
[10180] [M]: 0x000000008003D51C (0x00A51513) slli a0, a0, 10
x10 <- 0xFFFFFFFF4AFB0C00
mem[X,0x000000008003D520] -> 0x0513
mem[X,0x000000008003D522] -> 0x0CE5
[10181] [M]: 0x000000008003D520 (0x0CE50513) addi a0, a0, 206
x10 <- 0xFFFFFFFF4AFB0CCE
mem[X,0x000000008003D524] -> 0xB5B7
mem[X,0x000000008003D526] -> 0xAAAA
[10182] [M]: 0x000000008003D524 (0xAAAAB5B7) lui a1, 699051
x11 <- 0xFFFFFFFFAAAAB000
mem[X,0x000000008003D528] -> 0x8593
mem[X,0x000000008003D52A] -> 0xAAA5
[10183] [M]: 0x000000008003D528 (0xAAA58593) addi a1, a1, 2730
x11 <- 0xFFFFFFFFAAAAAAAA
mem[X,0x000000008003D52C] -> 0x9593
mem[X,0x000000008003D52E] -> 0x00B5
[10184] [M]: 0x000000008003D52C (0x00B59593) slli a1, a1, 11
x11 <- 0xFFFFFD5555555000
mem[X,0x000000008003D530] -> 0x8593
mem[X,0x000000008003D532] -> 0x5555
[10185] [M]: 0x000000008003D530 (0x55558593) addi a1, a1, 1365
x11 <- 0xFFFFFD5555555555
mem[X,0x000000008003D534] -> 0x9593
mem[X,0x000000008003D536] -> 0x00B5
[10186] [M]: 0x000000008003D534 (0x00B59593) slli a1, a1, 11
x11 <- 0xFFEAAAAAAAAAA800
mem[X,0x000000008003D538] -> 0x8593
mem[X,0x000000008003D53A] -> 0x2AA5
[10187] [M]: 0x000000008003D538 (0x2AA58593) addi a1, a1, 682
x11 <- 0xFFEAAAAAAAAAAAAA
mem[X,0x000000008003D53C] -> 0x9593
mem[X,0x000000008003D53E] -> 0x00A5
[10188] [M]: 0x000000008003D53C (0x00A59593) slli a1, a1, 10
x11 <- 0xAAAAAAAAAAAAA800
mem[X,0x000000008003D540] -> 0x8593
mem[X,0x000000008003D542] -> 0x2AA5
[10189] [M]: 0x000000008003D540 (0x2AA58593) addi a1, a1, 682
x11 <- 0xAAAAAAAAAAAAAAAA
mem[X,0x000000008003D544] -> 0x0213
mem[X,0x000000008003D546] -> 0x0000
[10190] [M]: 0x000000008003D544 (0x00000213) addi tp, zero, 0
x4 <- 0x0000000000000000
mem[X,0x000000008003D548] -> 0x006F
mem[X,0x000000008003D54A] -> 0x00C0
[10191] [M]: 0x000000008003D548 (0x00C0006F) jal zero, 12
mem[X,0x000000008003D554] -> 0x0063
mem[X,0x000000008003D556] -> 0x20B5
[10192] [M]: 0x000000008003D554 (0x20B50063) beq a0, a1, 512
mem[X,0x000000008003D558] -> 0x0213
mem[X,0x000000008003D55A] -> 0x0022
[10193] [M]: 0x000000008003D558 (0x00220213) addi tp, tp, 2
x4 <- 0x0000000000000002
mem[X,0x000000008003D55C] -> 0x006F
mem[X,0x000000008003D55E] -> 0x2000
[10194] [M]: 0x000000008003D55C (0x2000006F) jal zero, 512
mem[X,0x000000008003D75C] -> 0x3C23
mem[X,0x000000008003D75E] -> 0x2A41
[10195] [M]: 0x000000008003D75C (0x2A413C23) sd tp, 696(sp)
mem[0x000000008004A480] <- 0x0000000000000002
mem[X,0x000000008003D760] -> 0x0537
mem[X,0x000000008003D762] -> 0x0000
[10196] [M]: 0x000000008003D760 (0x00000537) lui a0, 0
x10 <- 0x0000000000000000
mem[X,0x000000008003D764] -> 0x0513
mem[X,0x000000008003D766] -> 0xFFF5
[10197] [M]: 0x000000008003D764 (0xFFF50513) addi a0, a0, 4095
x10 <- 0xFFFFFFFFFFFFFFFF
mem[X,0x000000008003D768] -> 0x1513
mem[X,0x000000008003D76A] -> 0x00B5
[10198] [M]: 0x000000008003D768 (0x00B51513) slli a0, a0, 11
x10 <- 0xFFFFFFFFFFFFF800
mem[X,0x000000008003D76C] -> 0x0513
mem[X,0x000000008003D76E] -> 0x2575
[10199] [M]: 0x000000008003D76C (0x25750513) addi a0, a0, 599
x10 <- 0xFFFFFFFFFFFFFA57
clint::tick mtime <- 0x0000000000000066
 clint timer pending at mtime 0x0000000000000066
htif::tick 0x0000000000000000
mem[X,0x000000008003D770] -> 0x1513
mem[X,0x000000008003D772] -> 0x00B5
[10200] [M]: 0x000000008003D770 (0x00B51513) slli a0, a0, 11
x10 <- 0xFFFFFFFFFFD2B800
mem[X,0x000000008003D774] -> 0x0513
mem[X,0x000000008003D776] -> 0x6C35
[10201] [M]: 0x000000008003D774 (0x6C350513) addi a0, a0, 1731
x10 <- 0xFFFFFFFFFFD2BEC3
mem[X,0x000000008003D778] -> 0x1513
mem[X,0x000000008003D77A] -> 0x00A5
[10202] [M]: 0x000000008003D778 (0x00A51513) slli a0, a0, 10
x10 <- 0xFFFFFFFF4AFB0C00
mem[X,0x000000008003D77C] -> 0x0513
mem[X,0x000000008003D77E] -> 0x0CE5
[10203] [M]: 0x000000008003D77C (0x0CE50513) addi a0, a0, 206
x10 <- 0xFFFFFFFF4AFB0CCE
mem[X,0x000000008003D780] -> 0x0593
mem[X,0x000000008003D782] -> 0x0050
[10204] [M]: 0x000000008003D780 (0x00500593) addi a1, zero, 5
x11 <- 0x0000000000000005
mem[X,0x000000008003D784] -> 0x0213
mem[X,0x000000008003D786] -> 0x0000
[10205] [M]: 0x000000008003D784 (0x00000213) addi tp, zero, 0
x4 <- 0x0000000000000000
mem[X,0x000000008003D788] -> 0x006F
mem[X,0x000000008003D78A] -> 0x00C0
[10206] [M]: 0x000000008003D788 (0x00C0006F) jal zero, 12
mem[X,0x000000008003D794] -> 0x0063
mem[X,0x000000008003D796] -> 0x20B5
[10207] [M]: 0x000000008003D794 (0x20B50063) beq a0, a1, 512
mem[X,0x000000008003D798] -> 0x0213
mem[X,0x000000008003D79A] -> 0x0022
[10208] [M]: 0x000000008003D798 (0x00220213) addi tp, tp, 2
x4 <- 0x0000000000000002
mem[X,0x000000008003D79C] -> 0x006F
mem[X,0x000000008003D79E] -> 0x2000
[10209] [M]: 0x000000008003D79C (0x2000006F) jal zero, 512
mem[X,0x000000008003D99C] -> 0x3023
mem[X,0x000000008003D99E] -> 0x2C41
[10210] [M]: 0x000000008003D99C (0x2C413023) sd tp, 704(sp)
mem[0x000000008004A488] <- 0x0000000000000002
mem[X,0x000000008003D9A0] -> 0x0537
mem[X,0x000000008003D9A2] -> 0x0000
[10211] [M]: 0x000000008003D9A0 (0x00000537) lui a0, 0
x10 <- 0x0000000000000000
mem[X,0x000000008003D9A4] -> 0x0513
mem[X,0x000000008003D9A6] -> 0xFFF5
[10212] [M]: 0x000000008003D9A4 (0xFFF50513) addi a0, a0, 4095
x10 <- 0xFFFFFFFFFFFFFFFF
mem[X,0x000000008003D9A8] -> 0x1513
mem[X,0x000000008003D9AA] -> 0x00B5
[10213] [M]: 0x000000008003D9A8 (0x00B51513) slli a0, a0, 11
x10 <- 0xFFFFFFFFFFFFF800
mem[X,0x000000008003D9AC] -> 0x0513
mem[X,0x000000008003D9AE] -> 0x2575
[10214] [M]: 0x000000008003D9AC (0x25750513) addi a0, a0, 599
x10 <- 0xFFFFFFFFFFFFFA57
mem[X,0x000000008003D9B0] -> 0x1513
mem[X,0x000000008003D9B2] -> 0x00B5
[10215] [M]: 0x000000008003D9B0 (0x00B51513) slli a0, a0, 11
x10 <- 0xFFFFFFFFFFD2B800
mem[X,0x000000008003D9B4] -> 0x0513
mem[X,0x000000008003D9B6] -> 0x6C35
[10216] [M]: 0x000000008003D9B4 (0x6C350513) addi a0, a0, 1731
x10 <- 0xFFFFFFFFFFD2BEC3
mem[X,0x000000008003D9B8] -> 0x1513
mem[X,0x000000008003D9BA] -> 0x00A5
[10217] [M]: 0x000000008003D9B8 (0x00A51513) slli a0, a0, 10
x10 <- 0xFFFFFFFF4AFB0C00
mem[X,0x000000008003D9BC] -> 0x0513
mem[X,0x000000008003D9BE] -> 0x0CE5
[10218] [M]: 0x000000008003D9BC (0x0CE50513) addi a0, a0, 206
x10 <- 0xFFFFFFFF4AFB0CCE
mem[X,0x000000008003D9C0] -> 0x35B7
mem[X,0x000000008003D9C2] -> 0x3333
[10219] [M]: 0x000000008003D9C0 (0x333335B7) lui a1, 209715
x11 <- 0x0000000033333000
mem[X,0x000000008003D9C4] -> 0x8593
mem[X,0x000000008003D9C6] -> 0x3335
[10220] [M]: 0x000000008003D9C4 (0x33358593) addi a1, a1, 819
x11 <- 0x0000000033333333
mem[X,0x000000008003D9C8] -> 0x9593
mem[X,0x000000008003D9CA] -> 0x00B5
[10221] [M]: 0x000000008003D9C8 (0x00B59593) slli a1, a1, 11
x11 <- 0x0000019999999800
mem[X,0x000000008003D9CC] -> 0x8593
mem[X,0x000000008003D9CE] -> 0x1995
[10222] [M]: 0x000000008003D9CC (0x19958593) addi a1, a1, 409
x11 <- 0x0000019999999999
mem[X,0x000000008003D9D0] -> 0x9593
mem[X,0x000000008003D9D2] -> 0x00B5
[10223] [M]: 0x000000008003D9D0 (0x00B59593) slli a1, a1, 11
x11 <- 0x000CCCCCCCCCC800
mem[X,0x000000008003D9D4] -> 0x8593
mem[X,0x000000008003D9D6] -> 0x4CC5
[10224] [M]: 0x000000008003D9D4 (0x4CC58593) addi a1, a1, 1228
x11 <- 0x000CCCCCCCCCCCCC
mem[X,0x000000008003D9D8] -> 0x9593
mem[X,0x000000008003D9DA] -> 0x00A5
[10225] [M]: 0x000000008003D9D8 (0x00A59593) slli a1, a1, 10
x11 <- 0x3333333333333000
mem[X,0x000000008003D9DC] -> 0x8593
mem[X,0x000000008003D9DE] -> 0x3335
[10226] [M]: 0x000000008003D9DC (0x33358593) addi a1, a1, 819
x11 <- 0x3333333333333333
mem[X,0x000000008003D9E0] -> 0x0213
mem[X,0x000000008003D9E2] -> 0x0000
[10227] [M]: 0x000000008003D9E0 (0x00000213) addi tp, zero, 0
x4 <- 0x0000000000000000
mem[X,0x000000008003D9E4] -> 0x006F
mem[X,0x000000008003D9E6] -> 0x00C0
[10228] [M]: 0x000000008003D9E4 (0x00C0006F) jal zero, 12
mem[X,0x000000008003D9F0] -> 0x0663
mem[X,0x000000008003D9F2] -> 0x00B5
[10229] [M]: 0x000000008003D9F0 (0x00B50663) beq a0, a1, 12
mem[X,0x000000008003D9F4] -> 0x0213
mem[X,0x000000008003D9F6] -> 0x0022
[10230] [M]: 0x000000008003D9F4 (0x00220213) addi tp, tp, 2
x4 <- 0x0000000000000002
mem[X,0x000000008003D9F8] -> 0x006F
mem[X,0x000000008003D9FA] -> 0x00C0
[10231] [M]: 0x000000008003D9F8 (0x00C0006F) jal zero, 12
mem[X,0x000000008003DA04] -> 0x3423
mem[X,0x000000008003DA06] -> 0x2C41
[10232] [M]: 0x000000008003DA04 (0x2C413423) sd tp, 712(sp)
mem[0x000000008004A490] <- 0x0000000000000002
mem[X,0x000000008003DA08] -> 0x0537
mem[X,0x000000008003DA0A] -> 0x0000
[10233] [M]: 0x000000008003DA08 (0x00000537) lui a0, 0
x10 <- 0x0000000000000000
mem[X,0x000000008003DA0C] -> 0x0513
mem[X,0x000000008003DA0E] -> 0xFFF5
[10234] [M]: 0x000000008003DA0C (0xFFF50513) addi a0, a0, 4095
x10 <- 0xFFFFFFFFFFFFFFFF
mem[X,0x000000008003DA10] -> 0x1513
mem[X,0x000000008003DA12] -> 0x00B5
[10235] [M]: 0x000000008003DA10 (0x00B51513) slli a0, a0, 11
x10 <- 0xFFFFFFFFFFFFF800
mem[X,0x000000008003DA14] -> 0x0513
mem[X,0x000000008003DA16] -> 0x2575
[10236] [M]: 0x000000008003DA14 (0x25750513) addi a0, a0, 599
x10 <- 0xFFFFFFFFFFFFFA57
mem[X,0x000000008003DA18] -> 0x1513
mem[X,0x000000008003DA1A] -> 0x00B5
[10237] [M]: 0x000000008003DA18 (0x00B51513) slli a0, a0, 11
x10 <- 0xFFFFFFFFFFD2B800
mem[X,0x000000008003DA1C] -> 0x0513
mem[X,0x000000008003DA1E] -> 0x6C35
[10238] [M]: 0x000000008003DA1C (0x6C350513) addi a0, a0, 1731
x10 <- 0xFFFFFFFFFFD2BEC3
mem[X,0x000000008003DA20] -> 0x1513
mem[X,0x000000008003DA22] -> 0x00A5
[10239] [M]: 0x000000008003DA20 (0x00A51513) slli a0, a0, 10
x10 <- 0xFFFFFFFF4AFB0C00
mem[X,0x000000008003DA24] -> 0x0513
mem[X,0x000000008003DA26] -> 0x0CE5
[10240] [M]: 0x000000008003DA24 (0x0CE50513) addi a0, a0, 206
x10 <- 0xFFFFFFFF4AFB0CCE
mem[X,0x000000008003DA28] -> 0x65B7
mem[X,0x000000008003DA2A] -> 0x6666
[10241] [M]: 0x000000008003DA28 (0x666665B7) lui a1, 419430
x11 <- 0x0000000066666000
mem[X,0x000000008003DA2C] -> 0x8593
mem[X,0x000000008003DA2E] -> 0x6665
[10242] [M]: 0x000000008003DA2C (0x66658593) addi a1, a1, 1638
x11 <- 0x0000000066666666
mem[X,0x000000008003DA30] -> 0x9593
mem[X,0x000000008003DA32] -> 0x00B5
[10243] [M]: 0x000000008003DA30 (0x00B59593) slli a1, a1, 11
x11 <- 0x0000033333333000
mem[X,0x000000008003DA34] -> 0x8593
mem[X,0x000000008003DA36] -> 0x3335
[10244] [M]: 0x000000008003DA34 (0x33358593) addi a1, a1, 819
x11 <- 0x0000033333333333
mem[X,0x000000008003DA38] -> 0x9593
mem[X,0x000000008003DA3A] -> 0x00B5
[10245] [M]: 0x000000008003DA38 (0x00B59593) slli a1, a1, 11
x11 <- 0x0019999999999800
mem[X,0x000000008003DA3C] -> 0x8593
mem[X,0x000000008003DA3E] -> 0x1995
[10246] [M]: 0x000000008003DA3C (0x19958593) addi a1, a1, 409
x11 <- 0x0019999999999999
mem[X,0x000000008003DA40] -> 0x9593
mem[X,0x000000008003DA42] -> 0x00A5
[10247] [M]: 0x000000008003DA40 (0x00A59593) slli a1, a1, 10
x11 <- 0x6666666666666400
mem[X,0x000000008003DA44] -> 0x8593
mem[X,0x000000008003DA46] -> 0x2665
[10248] [M]: 0x000000008003DA44 (0x26658593) addi a1, a1, 614
x11 <- 0x6666666666666666
mem[X,0x000000008003DA48] -> 0x0213
mem[X,0x000000008003DA4A] -> 0x0000
[10249] [M]: 0x000000008003DA48 (0x00000213) addi tp, zero, 0
x4 <- 0x0000000000000000
mem[X,0x000000008003DA4C] -> 0x006F
mem[X,0x000000008003DA4E] -> 0x0140
[10250] [M]: 0x000000008003DA4C (0x0140006F) jal zero, 20
mem[X,0x000000008003DA60] -> 0x08E3
mem[X,0x000000008003DA62] -> 0xFEB5
[10251] [M]: 0x000000008003DA60 (0xFEB508E3) beq a0, a1, 8176
mem[X,0x000000008003DA64] -> 0x0213
mem[X,0x000000008003DA66] -> 0x0022
[10252] [M]: 0x000000008003DA64 (0x00220213) addi tp, tp, 2
x4 <- 0x0000000000000002
mem[X,0x000000008003DA68] -> 0x006F
mem[X,0x000000008003DA6A] -> 0x00C0
[10253] [M]: 0x000000008003DA68 (0x00C0006F) jal zero, 12
mem[X,0x000000008003DA74] -> 0x3823
mem[X,0x000000008003DA76] -> 0x2C41
[10254] [M]: 0x000000008003DA74 (0x2C413823) sd tp, 720(sp)
mem[0x000000008004A498] <- 0x0000000000000002
mem[X,0x000000008003DA78] -> 0x0537
mem[X,0x000000008003DA7A] -> 0x0000
[10255] [M]: 0x000000008003DA78 (0x00000537) lui a0, 0
x10 <- 0x0000000000000000
mem[X,0x000000008003DA7C] -> 0x0513
mem[X,0x000000008003DA7E] -> 0xFFF5
[10256] [M]: 0x000000008003DA7C (0xFFF50513) addi a0, a0, 4095
x10 <- 0xFFFFFFFFFFFFFFFF
mem[X,0x000000008003DA80] -> 0x1513
mem[X,0x000000008003DA82] -> 0x00B5
[10257] [M]: 0x000000008003DA80 (0x00B51513) slli a0, a0, 11
x10 <- 0xFFFFFFFFFFFFF800
mem[X,0x000000008003DA84] -> 0x0513
mem[X,0x000000008003DA86] -> 0x2575
[10258] [M]: 0x000000008003DA84 (0x25750513) addi a0, a0, 599
x10 <- 0xFFFFFFFFFFFFFA57
mem[X,0x000000008003DA88] -> 0x1513
mem[X,0x000000008003DA8A] -> 0x00B5
[10259] [M]: 0x000000008003DA88 (0x00B51513) slli a0, a0, 11
x10 <- 0xFFFFFFFFFFD2B800
mem[X,0x000000008003DA8C] -> 0x0513
mem[X,0x000000008003DA8E] -> 0x6C35
[10260] [M]: 0x000000008003DA8C (0x6C350513) addi a0, a0, 1731
x10 <- 0xFFFFFFFFFFD2BEC3
mem[X,0x000000008003DA90] -> 0x1513
mem[X,0x000000008003DA92] -> 0x00A5
[10261] [M]: 0x000000008003DA90 (0x00A51513) slli a0, a0, 10
x10 <- 0xFFFFFFFF4AFB0C00
mem[X,0x000000008003DA94] -> 0x0513
mem[X,0x000000008003DA96] -> 0x0CE5
[10262] [M]: 0x000000008003DA94 (0x0CE50513) addi a0, a0, 206
x10 <- 0xFFFFFFFF4AFB0CCE
mem[X,0x000000008003DA98] -> 0x05B7
mem[X,0x000000008003DA9A] -> 0x0000
[10263] [M]: 0x000000008003DA98 (0x000005B7) lui a1, 0
x11 <- 0x0000000000000000
mem[X,0x000000008003DA9C] -> 0x8593
mem[X,0x000000008003DA9E] -> 0xFFF5
[10264] [M]: 0x000000008003DA9C (0xFFF58593) addi a1, a1, 4095
x11 <- 0xFFFFFFFFFFFFFFFF
mem[X,0x000000008003DAA0] -> 0x9593
mem[X,0x000000008003DAA2] -> 0x00B5
[10265] [M]: 0x000000008003DAA0 (0x00B59593) slli a1, a1, 11
x11 <- 0xFFFFFFFFFFFFF800
mem[X,0x000000008003DAA4] -> 0x8593
mem[X,0x000000008003DAA6] -> 0x2575
[10266] [M]: 0x000000008003DAA4 (0x25758593) addi a1, a1, 599
x11 <- 0xFFFFFFFFFFFFFA57
mem[X,0x000000008003DAA8] -> 0x9593
mem[X,0x000000008003DAAA] -> 0x00B5
[10267] [M]: 0x000000008003DAA8 (0x00B59593) slli a1, a1, 11
x11 <- 0xFFFFFFFFFFD2B800
mem[X,0x000000008003DAAC] -> 0x8593
mem[X,0x000000008003DAAE] -> 0x6C35
[10268] [M]: 0x000000008003DAAC (0x6C358593) addi a1, a1, 1731
x11 <- 0xFFFFFFFFFFD2BEC3
mem[X,0x000000008003DAB0] -> 0x9593
mem[X,0x000000008003DAB2] -> 0x00A5
[10269] [M]: 0x000000008003DAB0 (0x00A59593) slli a1, a1, 10
x11 <- 0xFFFFFFFF4AFB0C00
mem[X,0x000000008003DAB4] -> 0x8593
mem[X,0x000000008003DAB6] -> 0x0CD5
[10270] [M]: 0x000000008003DAB4 (0x0CD58593) addi a1, a1, 205
x11 <- 0xFFFFFFFF4AFB0CCD
mem[X,0x000000008003DAB8] -> 0x0213
mem[X,0x000000008003DABA] -> 0x0000
[10271] [M]: 0x000000008003DAB8 (0x00000213) addi tp, zero, 0
x4 <- 0x0000000000000000
mem[X,0x000000008003DABC] -> 0x006F
mem[X,0x000000008003DABE] -> 0x00C0
[10272] [M]: 0x000000008003DABC (0x00C0006F) jal zero, 12
mem[X,0x000000008003DAC8] -> 0x0663
mem[X,0x000000008003DACA] -> 0x00B5
[10273] [M]: 0x000000008003DAC8 (0x00B50663) beq a0, a1, 12
mem[X,0x000000008003DACC] -> 0x0213
mem[X,0x000000008003DACE] -> 0x0022
[10274] [M]: 0x000000008003DACC (0x00220213) addi tp, tp, 2
x4 <- 0x0000000000000002
mem[X,0x000000008003DAD0] -> 0x006F
mem[X,0x000000008003DAD2] -> 0x00C0
[10275] [M]: 0x000000008003DAD0 (0x00C0006F) jal zero, 12
mem[X,0x000000008003DADC] -> 0x3C23
mem[X,0x000000008003DADE] -> 0x2C41
[10276] [M]: 0x000000008003DADC (0x2C413C23) sd tp, 728(sp)
mem[0x000000008004A4A0] <- 0x0000000000000002
mem[X,0x000000008003DAE0] -> 0x0537
mem[X,0x000000008003DAE2] -> 0x0000
[10277] [M]: 0x000000008003DAE0 (0x00000537) lui a0, 0
x10 <- 0x0000000000000000
mem[X,0x000000008003DAE4] -> 0x0513
mem[X,0x000000008003DAE6] -> 0xFFF5
[10278] [M]: 0x000000008003DAE4 (0xFFF50513) addi a0, a0, 4095
x10 <- 0xFFFFFFFFFFFFFFFF
mem[X,0x000000008003DAE8] -> 0x1513
mem[X,0x000000008003DAEA] -> 0x00B5
[10279] [M]: 0x000000008003DAE8 (0x00B51513) slli a0, a0, 11
x10 <- 0xFFFFFFFFFFFFF800
mem[X,0x000000008003DAEC] -> 0x0513
mem[X,0x000000008003DAEE] -> 0x2575
[10280] [M]: 0x000000008003DAEC (0x25750513) addi a0, a0, 599
x10 <- 0xFFFFFFFFFFFFFA57
mem[X,0x000000008003DAF0] -> 0x1513
mem[X,0x000000008003DAF2] -> 0x00B5
[10281] [M]: 0x000000008003DAF0 (0x00B51513) slli a0, a0, 11
x10 <- 0xFFFFFFFFFFD2B800
mem[X,0x000000008003DAF4] -> 0x0513
mem[X,0x000000008003DAF6] -> 0x6C35
[10282] [M]: 0x000000008003DAF4 (0x6C350513) addi a0, a0, 1731
x10 <- 0xFFFFFFFFFFD2BEC3
mem[X,0x000000008003DAF8] -> 0x1513
mem[X,0x000000008003DAFA] -> 0x00A5
[10283] [M]: 0x000000008003DAF8 (0x00A51513) slli a0, a0, 10
x10 <- 0xFFFFFFFF4AFB0C00
mem[X,0x000000008003DAFC] -> 0x0513
mem[X,0x000000008003DAFE] -> 0x0CE5
[10284] [M]: 0x000000008003DAFC (0x0CE50513) addi a0, a0, 206
x10 <- 0xFFFFFFFF4AFB0CCE
mem[X,0x000000008003DB00] -> 0x05B7
mem[X,0x000000008003DB02] -> 0x0000
[10285] [M]: 0x000000008003DB00 (0x000005B7) lui a1, 0
x11 <- 0x0000000000000000
mem[X,0x000000008003DB04] -> 0x8593
mem[X,0x000000008003DB06] -> 0x0005
[10286] [M]: 0x000000008003DB04 (0x00058593) addi a1, a1, 0
x11 <- 0x0000000000000000
mem[X,0x000000008003DB08] -> 0x9593
mem[X,0x000000008003DB0A] -> 0x00B5
[10287] [M]: 0x000000008003DB08 (0x00B59593) slli a1, a1, 11
x11 <- 0x0000000000000000
mem[X,0x000000008003DB0C] -> 0x8593
mem[X,0x000000008003DB0E] -> 0x5A85
[10288] [M]: 0x000000008003DB0C (0x5A858593) addi a1, a1, 1448
x11 <- 0x00000000000005A8
mem[X,0x000000008003DB10] -> 0x9593
mem[X,0x000000008003DB12] -> 0x00B5
[10289] [M]: 0x000000008003DB10 (0x00B59593) slli a1, a1, 11
x11 <- 0x00000000002D4000
mem[X,0x000000008003DB14] -> 0x8593
mem[X,0x000000008003DB16] -> 0x13C5
[10290] [M]: 0x000000008003DB14 (0x13C58593) addi a1, a1, 316
x11 <- 0x00000000002D413C
mem[X,0x000000008003DB18] -> 0x9593
mem[X,0x000000008003DB1A] -> 0x00A5
[10291] [M]: 0x000000008003DB18 (0x00A59593) slli a1, a1, 10
x11 <- 0x00000000B504F000
mem[X,0x000000008003DB1C] -> 0x8593
mem[X,0x000000008003DB1E] -> 0x3335
[10292] [M]: 0x000000008003DB1C (0x33358593) addi a1, a1, 819
x11 <- 0x00000000B504F333
mem[X,0x000000008003DB20] -> 0x0213
mem[X,0x000000008003DB22] -> 0x0000
[10293] [M]: 0x000000008003DB20 (0x00000213) addi tp, zero, 0
x4 <- 0x0000000000000000
mem[X,0x000000008003DB24] -> 0x006F
mem[X,0x000000008003DB26] -> 0x00C0
[10294] [M]: 0x000000008003DB24 (0x00C0006F) jal zero, 12
mem[X,0x000000008003DB30] -> 0x0CE3
mem[X,0x000000008003DB32] -> 0xFEB5
[10295] [M]: 0x000000008003DB30 (0xFEB50CE3) beq a0, a1, 8184
mem[X,0x000000008003DB34] -> 0x0213
mem[X,0x000000008003DB36] -> 0x0022
[10296] [M]: 0x000000008003DB34 (0x00220213) addi tp, tp, 2
x4 <- 0x0000000000000002
mem[X,0x000000008003DB38] -> 0x006F
mem[X,0x000000008003DB3A] -> 0x00C0
[10297] [M]: 0x000000008003DB38 (0x00C0006F) jal zero, 12
mem[X,0x000000008003DB44] -> 0x3023
mem[X,0x000000008003DB46] -> 0x2E41
[10298] [M]: 0x000000008003DB44 (0x2E413023) sd tp, 736(sp)
mem[0x000000008004A4A8] <- 0x0000000000000002
mem[X,0x000000008003DB48] -> 0x0537
mem[X,0x000000008003DB4A] -> 0x0000
[10299] [M]: 0x000000008003DB48 (0x00000537) lui a0, 0
x10 <- 0x0000000000000000
clint::tick mtime <- 0x0000000000000067
 clint timer pending at mtime 0x0000000000000067
htif::tick 0x0000000000000000
mem[X,0x000000008003DB4C] -> 0x0513
mem[X,0x000000008003DB4E] -> 0xFFF5
[10300] [M]: 0x000000008003DB4C (0xFFF50513) addi a0, a0, 4095
x10 <- 0xFFFFFFFFFFFFFFFF
mem[X,0x000000008003DB50] -> 0x1513
mem[X,0x000000008003DB52] -> 0x00B5
[10301] [M]: 0x000000008003DB50 (0x00B51513) slli a0, a0, 11
x10 <- 0xFFFFFFFFFFFFF800
mem[X,0x000000008003DB54] -> 0x0513
mem[X,0x000000008003DB56] -> 0x2575
[10302] [M]: 0x000000008003DB54 (0x25750513) addi a0, a0, 599
x10 <- 0xFFFFFFFFFFFFFA57
mem[X,0x000000008003DB58] -> 0x1513
mem[X,0x000000008003DB5A] -> 0x00B5
[10303] [M]: 0x000000008003DB58 (0x00B51513) slli a0, a0, 11
x10 <- 0xFFFFFFFFFFD2B800
mem[X,0x000000008003DB5C] -> 0x0513
mem[X,0x000000008003DB5E] -> 0x6C35
[10304] [M]: 0x000000008003DB5C (0x6C350513) addi a0, a0, 1731
x10 <- 0xFFFFFFFFFFD2BEC3
mem[X,0x000000008003DB60] -> 0x1513
mem[X,0x000000008003DB62] -> 0x00A5
[10305] [M]: 0x000000008003DB60 (0x00A51513) slli a0, a0, 10
x10 <- 0xFFFFFFFF4AFB0C00
mem[X,0x000000008003DB64] -> 0x0513
mem[X,0x000000008003DB66] -> 0x0CE5
[10306] [M]: 0x000000008003DB64 (0x0CE50513) addi a0, a0, 206
x10 <- 0xFFFFFFFF4AFB0CCE
mem[X,0x000000008003DB68] -> 0x0593
mem[X,0x000000008003DB6A] -> 0x0020
[10307] [M]: 0x000000008003DB68 (0x00200593) addi a1, zero, 2
x11 <- 0x0000000000000002
mem[X,0x000000008003DB6C] -> 0x0213
mem[X,0x000000008003DB6E] -> 0x0000
[10308] [M]: 0x000000008003DB6C (0x00000213) addi tp, zero, 0
x4 <- 0x0000000000000000
mem[X,0x000000008003DB70] -> 0x006F
mem[X,0x000000008003DB72] -> 0x00C0
[10309] [M]: 0x000000008003DB70 (0x00C0006F) jal zero, 12
mem[X,0x000000008003DB7C] -> 0x0CE3
mem[X,0x000000008003DB7E] -> 0xFEB5
[10310] [M]: 0x000000008003DB7C (0xFEB50CE3) beq a0, a1, 8184
mem[X,0x000000008003DB80] -> 0x0213
mem[X,0x000000008003DB82] -> 0x0022
[10311] [M]: 0x000000008003DB80 (0x00220213) addi tp, tp, 2
x4 <- 0x0000000000000002
mem[X,0x000000008003DB84] -> 0x006F
mem[X,0x000000008003DB86] -> 0x00C0
[10312] [M]: 0x000000008003DB84 (0x00C0006F) jal zero, 12
mem[X,0x000000008003DB90] -> 0x3423
mem[X,0x000000008003DB92] -> 0x2E41
[10313] [M]: 0x000000008003DB90 (0x2E413423) sd tp, 744(sp)
mem[0x000000008004A4B0] <- 0x0000000000000002
mem[X,0x000000008003DB94] -> 0x0537
mem[X,0x000000008003DB96] -> 0x0000
[10314] [M]: 0x000000008003DB94 (0x00000537) lui a0, 0
x10 <- 0x0000000000000000
mem[X,0x000000008003DB98] -> 0x0513
mem[X,0x000000008003DB9A] -> 0xFFF5
[10315] [M]: 0x000000008003DB98 (0xFFF50513) addi a0, a0, 4095
x10 <- 0xFFFFFFFFFFFFFFFF
mem[X,0x000000008003DB9C] -> 0x1513
mem[X,0x000000008003DB9E] -> 0x00B5
[10316] [M]: 0x000000008003DB9C (0x00B51513) slli a0, a0, 11
x10 <- 0xFFFFFFFFFFFFF800
mem[X,0x000000008003DBA0] -> 0x0513
mem[X,0x000000008003DBA2] -> 0x2575
[10317] [M]: 0x000000008003DBA0 (0x25750513) addi a0, a0, 599
x10 <- 0xFFFFFFFFFFFFFA57
mem[X,0x000000008003DBA4] -> 0x1513
mem[X,0x000000008003DBA6] -> 0x00B5
[10318] [M]: 0x000000008003DBA4 (0x00B51513) slli a0, a0, 11
x10 <- 0xFFFFFFFFFFD2B800
mem[X,0x000000008003DBA8] -> 0x0513
mem[X,0x000000008003DBAA] -> 0x6C35
[10319] [M]: 0x000000008003DBA8 (0x6C350513) addi a0, a0, 1731
x10 <- 0xFFFFFFFFFFD2BEC3
mem[X,0x000000008003DBAC] -> 0x1513
mem[X,0x000000008003DBAE] -> 0x00A5
[10320] [M]: 0x000000008003DBAC (0x00A51513) slli a0, a0, 10
x10 <- 0xFFFFFFFF4AFB0C00
mem[X,0x000000008003DBB0] -> 0x0513
mem[X,0x000000008003DBB2] -> 0x0CE5
[10321] [M]: 0x000000008003DBB0 (0x0CE50513) addi a0, a0, 206
x10 <- 0xFFFFFFFF4AFB0CCE
mem[X,0x000000008003DBB4] -> 0x55B7
mem[X,0x000000008003DBB6] -> 0x5555
[10322] [M]: 0x000000008003DBB4 (0x555555B7) lui a1, 349525
x11 <- 0x0000000055555000
mem[X,0x000000008003DBB8] -> 0x8593
mem[X,0x000000008003DBBA] -> 0x5555
[10323] [M]: 0x000000008003DBB8 (0x55558593) addi a1, a1, 1365
x11 <- 0x0000000055555555
mem[X,0x000000008003DBBC] -> 0x9593
mem[X,0x000000008003DBBE] -> 0x00B5
[10324] [M]: 0x000000008003DBBC (0x00B59593) slli a1, a1, 11
x11 <- 0x000002AAAAAAA800
mem[X,0x000000008003DBC0] -> 0x8593
mem[X,0x000000008003DBC2] -> 0x2AA5
[10325] [M]: 0x000000008003DBC0 (0x2AA58593) addi a1, a1, 682
x11 <- 0x000002AAAAAAAAAA
mem[X,0x000000008003DBC4] -> 0x9593
mem[X,0x000000008003DBC6] -> 0x00B5
[10326] [M]: 0x000000008003DBC4 (0x00B59593) slli a1, a1, 11
x11 <- 0x0015555555555000
mem[X,0x000000008003DBC8] -> 0x8593
mem[X,0x000000008003DBCA] -> 0x5555
[10327] [M]: 0x000000008003DBC8 (0x55558593) addi a1, a1, 1365
x11 <- 0x0015555555555555
mem[X,0x000000008003DBCC] -> 0x9593
mem[X,0x000000008003DBCE] -> 0x00A5
[10328] [M]: 0x000000008003DBCC (0x00A59593) slli a1, a1, 10
x11 <- 0x5555555555555400
mem[X,0x000000008003DBD0] -> 0x8593
mem[X,0x000000008003DBD2] -> 0x1545
[10329] [M]: 0x000000008003DBD0 (0x15458593) addi a1, a1, 340
x11 <- 0x5555555555555554
mem[X,0x000000008003DBD4] -> 0x0213
mem[X,0x000000008003DBD6] -> 0x0000
[10330] [M]: 0x000000008003DBD4 (0x00000213) addi tp, zero, 0
x4 <- 0x0000000000000000
mem[X,0x000000008003DBD8] -> 0x006F
mem[X,0x000000008003DBDA] -> 0x00C0
[10331] [M]: 0x000000008003DBD8 (0x00C0006F) jal zero, 12
mem[X,0x000000008003DBE4] -> 0x0663
mem[X,0x000000008003DBE6] -> 0x00B5
[10332] [M]: 0x000000008003DBE4 (0x00B50663) beq a0, a1, 12
mem[X,0x000000008003DBE8] -> 0x0213
mem[X,0x000000008003DBEA] -> 0x0022
[10333] [M]: 0x000000008003DBE8 (0x00220213) addi tp, tp, 2
x4 <- 0x0000000000000002
mem[X,0x000000008003DBEC] -> 0x006F
mem[X,0x000000008003DBEE] -> 0x00C0
[10334] [M]: 0x000000008003DBEC (0x00C0006F) jal zero, 12
mem[X,0x000000008003DBF8] -> 0x3823
mem[X,0x000000008003DBFA] -> 0x2E41
[10335] [M]: 0x000000008003DBF8 (0x2E413823) sd tp, 752(sp)
mem[0x000000008004A4B8] <- 0x0000000000000002
mem[X,0x000000008003DBFC] -> 0x0537
mem[X,0x000000008003DBFE] -> 0x0000
[10336] [M]: 0x000000008003DBFC (0x00000537) lui a0, 0
x10 <- 0x0000000000000000
mem[X,0x000000008003DC00] -> 0x0513
mem[X,0x000000008003DC02] -> 0xFFF5
[10337] [M]: 0x000000008003DC00 (0xFFF50513) addi a0, a0, 4095
x10 <- 0xFFFFFFFFFFFFFFFF
mem[X,0x000000008003DC04] -> 0x1513
mem[X,0x000000008003DC06] -> 0x00B5
[10338] [M]: 0x000000008003DC04 (0x00B51513) slli a0, a0, 11
x10 <- 0xFFFFFFFFFFFFF800
mem[X,0x000000008003DC08] -> 0x0513
mem[X,0x000000008003DC0A] -> 0x2575
[10339] [M]: 0x000000008003DC08 (0x25750513) addi a0, a0, 599
x10 <- 0xFFFFFFFFFFFFFA57
mem[X,0x000000008003DC0C] -> 0x1513
mem[X,0x000000008003DC0E] -> 0x00B5
[10340] [M]: 0x000000008003DC0C (0x00B51513) slli a0, a0, 11
x10 <- 0xFFFFFFFFFFD2B800
mem[X,0x000000008003DC10] -> 0x0513
mem[X,0x000000008003DC12] -> 0x6C35
[10341] [M]: 0x000000008003DC10 (0x6C350513) addi a0, a0, 1731
x10 <- 0xFFFFFFFFFFD2BEC3
mem[X,0x000000008003DC14] -> 0x1513
mem[X,0x000000008003DC16] -> 0x00A5
[10342] [M]: 0x000000008003DC14 (0x00A51513) slli a0, a0, 10
x10 <- 0xFFFFFFFF4AFB0C00
mem[X,0x000000008003DC18] -> 0x0513
mem[X,0x000000008003DC1A] -> 0x0CE5
[10343] [M]: 0x000000008003DC18 (0x0CE50513) addi a0, a0, 206
x10 <- 0xFFFFFFFF4AFB0CCE
mem[X,0x000000008003DC1C] -> 0x0593
mem[X,0x000000008003DC1E] -> 0x0000
[10344] [M]: 0x000000008003DC1C (0x00000593) addi a1, zero, 0
x11 <- 0x0000000000000000
mem[X,0x000000008003DC20] -> 0x0213
mem[X,0x000000008003DC22] -> 0x0000
[10345] [M]: 0x000000008003DC20 (0x00000213) addi tp, zero, 0
x4 <- 0x0000000000000000
mem[X,0x000000008003DC24] -> 0x006F
mem[X,0x000000008003DC26] -> 0x0140
[10346] [M]: 0x000000008003DC24 (0x0140006F) jal zero, 20
mem[X,0x000000008003DC38] -> 0x08E3
mem[X,0x000000008003DC3A] -> 0xFEB5
[10347] [M]: 0x000000008003DC38 (0xFEB508E3) beq a0, a1, 8176
mem[X,0x000000008003DC3C] -> 0x0213
mem[X,0x000000008003DC3E] -> 0x0022
[10348] [M]: 0x000000008003DC3C (0x00220213) addi tp, tp, 2
x4 <- 0x0000000000000002
mem[X,0x000000008003DC40] -> 0x006F
mem[X,0x000000008003DC42] -> 0x00C0
[10349] [M]: 0x000000008003DC40 (0x00C0006F) jal zero, 12
mem[X,0x000000008003DC4C] -> 0x3C23
mem[X,0x000000008003DC4E] -> 0x2E41
[10350] [M]: 0x000000008003DC4C (0x2E413C23) sd tp, 760(sp)
mem[0x000000008004A4C0] <- 0x0000000000000002
mem[X,0x000000008003DC50] -> 0x0537
mem[X,0x000000008003DC52] -> 0x0000
[10351] [M]: 0x000000008003DC50 (0x00000537) lui a0, 0
x10 <- 0x0000000000000000
mem[X,0x000000008003DC54] -> 0x0513
mem[X,0x000000008003DC56] -> 0xFFF5
[10352] [M]: 0x000000008003DC54 (0xFFF50513) addi a0, a0, 4095
x10 <- 0xFFFFFFFFFFFFFFFF
mem[X,0x000000008003DC58] -> 0x1513
mem[X,0x000000008003DC5A] -> 0x00B5
[10353] [M]: 0x000000008003DC58 (0x00B51513) slli a0, a0, 11
x10 <- 0xFFFFFFFFFFFFF800
mem[X,0x000000008003DC5C] -> 0x0513
mem[X,0x000000008003DC5E] -> 0x2575
[10354] [M]: 0x000000008003DC5C (0x25750513) addi a0, a0, 599
x10 <- 0xFFFFFFFFFFFFFA57
mem[X,0x000000008003DC60] -> 0x1513
mem[X,0x000000008003DC62] -> 0x00B5
[10355] [M]: 0x000000008003DC60 (0x00B51513) slli a0, a0, 11
x10 <- 0xFFFFFFFFFFD2B800
mem[X,0x000000008003DC64] -> 0x0513
mem[X,0x000000008003DC66] -> 0x6C35
[10356] [M]: 0x000000008003DC64 (0x6C350513) addi a0, a0, 1731
x10 <- 0xFFFFFFFFFFD2BEC3
mem[X,0x000000008003DC68] -> 0x1513
mem[X,0x000000008003DC6A] -> 0x00A5
[10357] [M]: 0x000000008003DC68 (0x00A51513) slli a0, a0, 10
x10 <- 0xFFFFFFFF4AFB0C00
mem[X,0x000000008003DC6C] -> 0x0513
mem[X,0x000000008003DC6E] -> 0x0CE5
[10358] [M]: 0x000000008003DC6C (0x0CE50513) addi a0, a0, 206
x10 <- 0xFFFFFFFF4AFB0CCE
mem[X,0x000000008003DC70] -> 0x0593
mem[X,0x000000008003DC72] -> 0x0040
[10359] [M]: 0x000000008003DC70 (0x00400593) addi a1, zero, 4
x11 <- 0x0000000000000004
mem[X,0x000000008003DC74] -> 0x0213
mem[X,0x000000008003DC76] -> 0x0000
[10360] [M]: 0x000000008003DC74 (0x00000213) addi tp, zero, 0
x4 <- 0x0000000000000000
mem[X,0x000000008003DC78] -> 0x006F
mem[X,0x000000008003DC7A] -> 0x00C0
[10361] [M]: 0x000000008003DC78 (0x00C0006F) jal zero, 12
mem[X,0x000000008003DC84] -> 0x0063
mem[X,0x000000008003DC86] -> 0x40B5
[10362] [M]: 0x000000008003DC84 (0x40B50063) beq a0, a1, 1024
mem[X,0x000000008003DC88] -> 0x0213
mem[X,0x000000008003DC8A] -> 0x0022
[10363] [M]: 0x000000008003DC88 (0x00220213) addi tp, tp, 2
x4 <- 0x0000000000000002
mem[X,0x000000008003DC8C] -> 0x006F
mem[X,0x000000008003DC8E] -> 0x4000
[10364] [M]: 0x000000008003DC8C (0x4000006F) jal zero, 1024
mem[X,0x000000008003E08C] -> 0x3023
mem[X,0x000000008003E08E] -> 0x3041
[10365] [M]: 0x000000008003E08C (0x30413023) sd tp, 768(sp)
mem[0x000000008004A4C8] <- 0x0000000000000002
mem[X,0x000000008003E090] -> 0x0537
mem[X,0x000000008003E092] -> 0x0000
[10366] [M]: 0x000000008003E090 (0x00000537) lui a0, 0
x10 <- 0x0000000000000000
mem[X,0x000000008003E094] -> 0x0513
mem[X,0x000000008003E096] -> 0xFFF5
[10367] [M]: 0x000000008003E094 (0xFFF50513) addi a0, a0, 4095
x10 <- 0xFFFFFFFFFFFFFFFF
mem[X,0x000000008003E098] -> 0x1513
mem[X,0x000000008003E09A] -> 0x00B5
[10368] [M]: 0x000000008003E098 (0x00B51513) slli a0, a0, 11
x10 <- 0xFFFFFFFFFFFFF800
mem[X,0x000000008003E09C] -> 0x0513
mem[X,0x000000008003E09E] -> 0x2575
[10369] [M]: 0x000000008003E09C (0x25750513) addi a0, a0, 599
x10 <- 0xFFFFFFFFFFFFFA57
mem[X,0x000000008003E0A0] -> 0x1513
mem[X,0x000000008003E0A2] -> 0x00B5
[10370] [M]: 0x000000008003E0A0 (0x00B51513) slli a0, a0, 11
x10 <- 0xFFFFFFFFFFD2B800
mem[X,0x000000008003E0A4] -> 0x0513
mem[X,0x000000008003E0A6] -> 0x6C35
[10371] [M]: 0x000000008003E0A4 (0x6C350513) addi a0, a0, 1731
x10 <- 0xFFFFFFFFFFD2BEC3
mem[X,0x000000008003E0A8] -> 0x1513
mem[X,0x000000008003E0AA] -> 0x00A5
[10372] [M]: 0x000000008003E0A8 (0x00A51513) slli a0, a0, 10
x10 <- 0xFFFFFFFF4AFB0C00
mem[X,0x000000008003E0AC] -> 0x0513
mem[X,0x000000008003E0AE] -> 0x0CE5
[10373] [M]: 0x000000008003E0AC (0x0CE50513) addi a0, a0, 206
x10 <- 0xFFFFFFFF4AFB0CCE
mem[X,0x000000008003E0B0] -> 0x35B7
mem[X,0x000000008003E0B2] -> 0x3333
[10374] [M]: 0x000000008003E0B0 (0x333335B7) lui a1, 209715
x11 <- 0x0000000033333000
mem[X,0x000000008003E0B4] -> 0x8593
mem[X,0x000000008003E0B6] -> 0x3335
[10375] [M]: 0x000000008003E0B4 (0x33358593) addi a1, a1, 819
x11 <- 0x0000000033333333
mem[X,0x000000008003E0B8] -> 0x9593
mem[X,0x000000008003E0BA] -> 0x00B5
[10376] [M]: 0x000000008003E0B8 (0x00B59593) slli a1, a1, 11
x11 <- 0x0000019999999800
mem[X,0x000000008003E0BC] -> 0x8593
mem[X,0x000000008003E0BE] -> 0x1995
[10377] [M]: 0x000000008003E0BC (0x19958593) addi a1, a1, 409
x11 <- 0x0000019999999999
mem[X,0x000000008003E0C0] -> 0x9593
mem[X,0x000000008003E0C2] -> 0x00B5
[10378] [M]: 0x000000008003E0C0 (0x00B59593) slli a1, a1, 11
x11 <- 0x000CCCCCCCCCC800
mem[X,0x000000008003E0C4] -> 0x8593
mem[X,0x000000008003E0C6] -> 0x4CC5
[10379] [M]: 0x000000008003E0C4 (0x4CC58593) addi a1, a1, 1228
x11 <- 0x000CCCCCCCCCCCCC
mem[X,0x000000008003E0C8] -> 0x9593
mem[X,0x000000008003E0CA] -> 0x00A5
[10380] [M]: 0x000000008003E0C8 (0x00A59593) slli a1, a1, 10
x11 <- 0x3333333333333000
mem[X,0x000000008003E0CC] -> 0x8593
mem[X,0x000000008003E0CE] -> 0x3325
[10381] [M]: 0x000000008003E0CC (0x33258593) addi a1, a1, 818
x11 <- 0x3333333333333332
mem[X,0x000000008003E0D0] -> 0x0213
mem[X,0x000000008003E0D2] -> 0x0000
[10382] [M]: 0x000000008003E0D0 (0x00000213) addi tp, zero, 0
x4 <- 0x0000000000000000
mem[X,0x000000008003E0D4] -> 0x006F
mem[X,0x000000008003E0D6] -> 0x2B10
[10383] [M]: 0x000000008003E0D4 (0x2B10006F) jal zero, 2736
mem[X,0x000000008003EB84] -> 0x0A63
mem[X,0x000000008003EB86] -> 0xD4B5
[10384] [M]: 0x000000008003EB84 (0xD4B50A63) beq a0, a1, 5460
mem[X,0x000000008003EB88] -> 0x0213
mem[X,0x000000008003EB8A] -> 0x0022
[10385] [M]: 0x000000008003EB88 (0x00220213) addi tp, tp, 2
x4 <- 0x0000000000000002
mem[X,0x000000008003EB8C] -> 0x006F
mem[X,0x000000008003EB8E] -> 0x00C0
[10386] [M]: 0x000000008003EB8C (0x00C0006F) jal zero, 12
mem[X,0x000000008003EB98] -> 0x3423
mem[X,0x000000008003EB9A] -> 0x3041
[10387] [M]: 0x000000008003EB98 (0x30413423) sd tp, 776(sp)
mem[0x000000008004A4D0] <- 0x0000000000000002
mem[X,0x000000008003EB9C] -> 0x0537
mem[X,0x000000008003EB9E] -> 0x0000
[10388] [M]: 0x000000008003EB9C (0x00000537) lui a0, 0
x10 <- 0x0000000000000000
mem[X,0x000000008003EBA0] -> 0x0513
mem[X,0x000000008003EBA2] -> 0xFFF5
[10389] [M]: 0x000000008003EBA0 (0xFFF50513) addi a0, a0, 4095
x10 <- 0xFFFFFFFFFFFFFFFF
mem[X,0x000000008003EBA4] -> 0x1513
mem[X,0x000000008003EBA6] -> 0x00B5
[10390] [M]: 0x000000008003EBA4 (0x00B51513) slli a0, a0, 11
x10 <- 0xFFFFFFFFFFFFF800
mem[X,0x000000008003EBA8] -> 0x0513
mem[X,0x000000008003EBAA] -> 0x2575
[10391] [M]: 0x000000008003EBA8 (0x25750513) addi a0, a0, 599
x10 <- 0xFFFFFFFFFFFFFA57
mem[X,0x000000008003EBAC] -> 0x1513
mem[X,0x000000008003EBAE] -> 0x00B5
[10392] [M]: 0x000000008003EBAC (0x00B51513) slli a0, a0, 11
x10 <- 0xFFFFFFFFFFD2B800
mem[X,0x000000008003EBB0] -> 0x0513
mem[X,0x000000008003EBB2] -> 0x6C35
[10393] [M]: 0x000000008003EBB0 (0x6C350513) addi a0, a0, 1731
x10 <- 0xFFFFFFFFFFD2BEC3
mem[X,0x000000008003EBB4] -> 0x1513
mem[X,0x000000008003EBB6] -> 0x00A5
[10394] [M]: 0x000000008003EBB4 (0x00A51513) slli a0, a0, 10
x10 <- 0xFFFFFFFF4AFB0C00
mem[X,0x000000008003EBB8] -> 0x0513
mem[X,0x000000008003EBBA] -> 0x0CE5
[10395] [M]: 0x000000008003EBB8 (0x0CE50513) addi a0, a0, 206
x10 <- 0xFFFFFFFF4AFB0CCE
mem[X,0x000000008003EBBC] -> 0x65B7
mem[X,0x000000008003EBBE] -> 0x6666
[10396] [M]: 0x000000008003EBBC (0x666665B7) lui a1, 419430
x11 <- 0x0000000066666000
mem[X,0x000000008003EBC0] -> 0x8593
mem[X,0x000000008003EBC2] -> 0x6665
[10397] [M]: 0x000000008003EBC0 (0x66658593) addi a1, a1, 1638
x11 <- 0x0000000066666666
mem[X,0x000000008003EBC4] -> 0x9593
mem[X,0x000000008003EBC6] -> 0x00B5
[10398] [M]: 0x000000008003EBC4 (0x00B59593) slli a1, a1, 11
x11 <- 0x0000033333333000
mem[X,0x000000008003EBC8] -> 0x8593
mem[X,0x000000008003EBCA] -> 0x3335
[10399] [M]: 0x000000008003EBC8 (0x33358593) addi a1, a1, 819
x11 <- 0x0000033333333333
clint::tick mtime <- 0x0000000000000068
 clint timer pending at mtime 0x0000000000000068
htif::tick 0x0000000000000000
mem[X,0x000000008003EBCC] -> 0x9593
mem[X,0x000000008003EBCE] -> 0x00B5
[10400] [M]: 0x000000008003EBCC (0x00B59593) slli a1, a1, 11
x11 <- 0x0019999999999800
mem[X,0x000000008003EBD0] -> 0x8593
mem[X,0x000000008003EBD2] -> 0x1995
[10401] [M]: 0x000000008003EBD0 (0x19958593) addi a1, a1, 409
x11 <- 0x0019999999999999
mem[X,0x000000008003EBD4] -> 0x9593
mem[X,0x000000008003EBD6] -> 0x00A5
[10402] [M]: 0x000000008003EBD4 (0x00A59593) slli a1, a1, 10
x11 <- 0x6666666666666400
mem[X,0x000000008003EBD8] -> 0x8593
mem[X,0x000000008003EBDA] -> 0x2655
[10403] [M]: 0x000000008003EBD8 (0x26558593) addi a1, a1, 613
x11 <- 0x6666666666666665
mem[X,0x000000008003EBDC] -> 0x0213
mem[X,0x000000008003EBDE] -> 0x0000
[10404] [M]: 0x000000008003EBDC (0x00000213) addi tp, zero, 0
x4 <- 0x0000000000000000
mem[X,0x000000008003EBE0] -> 0x006F
mem[X,0x000000008003EBE2] -> 0x00C0
[10405] [M]: 0x000000008003EBE0 (0x00C0006F) jal zero, 12
mem[X,0x000000008003EBEC] -> 0x0663
mem[X,0x000000008003EBEE] -> 0x00B5
[10406] [M]: 0x000000008003EBEC (0x00B50663) beq a0, a1, 12
mem[X,0x000000008003EBF0] -> 0x0213
mem[X,0x000000008003EBF2] -> 0x0022
[10407] [M]: 0x000000008003EBF0 (0x00220213) addi tp, tp, 2
x4 <- 0x0000000000000002
mem[X,0x000000008003EBF4] -> 0x006F
mem[X,0x000000008003EBF6] -> 0x00C0
[10408] [M]: 0x000000008003EBF4 (0x00C0006F) jal zero, 12
mem[X,0x000000008003EC00] -> 0x3823
mem[X,0x000000008003EC02] -> 0x3041
[10409] [M]: 0x000000008003EC00 (0x30413823) sd tp, 784(sp)
mem[0x000000008004A4D8] <- 0x0000000000000002
mem[X,0x000000008003EC04] -> 0x0537
mem[X,0x000000008003EC06] -> 0x0000
[10410] [M]: 0x000000008003EC04 (0x00000537) lui a0, 0
x10 <- 0x0000000000000000
mem[X,0x000000008003EC08] -> 0x0513
mem[X,0x000000008003EC0A] -> 0xFFF5
[10411] [M]: 0x000000008003EC08 (0xFFF50513) addi a0, a0, 4095
x10 <- 0xFFFFFFFFFFFFFFFF
mem[X,0x000000008003EC0C] -> 0x1513
mem[X,0x000000008003EC0E] -> 0x00B5
[10412] [M]: 0x000000008003EC0C (0x00B51513) slli a0, a0, 11
x10 <- 0xFFFFFFFFFFFFF800
mem[X,0x000000008003EC10] -> 0x0513
mem[X,0x000000008003EC12] -> 0x2575
[10413] [M]: 0x000000008003EC10 (0x25750513) addi a0, a0, 599
x10 <- 0xFFFFFFFFFFFFFA57
mem[X,0x000000008003EC14] -> 0x1513
mem[X,0x000000008003EC16] -> 0x00B5
[10414] [M]: 0x000000008003EC14 (0x00B51513) slli a0, a0, 11
x10 <- 0xFFFFFFFFFFD2B800
mem[X,0x000000008003EC18] -> 0x0513
mem[X,0x000000008003EC1A] -> 0x6C35
[10415] [M]: 0x000000008003EC18 (0x6C350513) addi a0, a0, 1731
x10 <- 0xFFFFFFFFFFD2BEC3
mem[X,0x000000008003EC1C] -> 0x1513
mem[X,0x000000008003EC1E] -> 0x00A5
[10416] [M]: 0x000000008003EC1C (0x00A51513) slli a0, a0, 10
x10 <- 0xFFFFFFFF4AFB0C00
mem[X,0x000000008003EC20] -> 0x0513
mem[X,0x000000008003EC22] -> 0x0CE5
[10417] [M]: 0x000000008003EC20 (0x0CE50513) addi a0, a0, 206
x10 <- 0xFFFFFFFF4AFB0CCE
mem[X,0x000000008003EC24] -> 0x05B7
mem[X,0x000000008003EC26] -> 0x0000
[10418] [M]: 0x000000008003EC24 (0x000005B7) lui a1, 0
x11 <- 0x0000000000000000
mem[X,0x000000008003EC28] -> 0x8593
mem[X,0x000000008003EC2A] -> 0x0005
[10419] [M]: 0x000000008003EC28 (0x00058593) addi a1, a1, 0
x11 <- 0x0000000000000000
mem[X,0x000000008003EC2C] -> 0x9593
mem[X,0x000000008003EC2E] -> 0x00B5
[10420] [M]: 0x000000008003EC2C (0x00B59593) slli a1, a1, 11
x11 <- 0x0000000000000000
mem[X,0x000000008003EC30] -> 0x8593
mem[X,0x000000008003EC32] -> 0x5A85
[10421] [M]: 0x000000008003EC30 (0x5A858593) addi a1, a1, 1448
x11 <- 0x00000000000005A8
mem[X,0x000000008003EC34] -> 0x9593
mem[X,0x000000008003EC36] -> 0x00B5
[10422] [M]: 0x000000008003EC34 (0x00B59593) slli a1, a1, 11
x11 <- 0x00000000002D4000
mem[X,0x000000008003EC38] -> 0x8593
mem[X,0x000000008003EC3A] -> 0x13C5
[10423] [M]: 0x000000008003EC38 (0x13C58593) addi a1, a1, 316
x11 <- 0x00000000002D413C
mem[X,0x000000008003EC3C] -> 0x9593
mem[X,0x000000008003EC3E] -> 0x00A5
[10424] [M]: 0x000000008003EC3C (0x00A59593) slli a1, a1, 10
x11 <- 0x00000000B504F000
mem[X,0x000000008003EC40] -> 0x8593
mem[X,0x000000008003EC42] -> 0x3325
[10425] [M]: 0x000000008003EC40 (0x33258593) addi a1, a1, 818
x11 <- 0x00000000B504F332
mem[X,0x000000008003EC44] -> 0x0213
mem[X,0x000000008003EC46] -> 0x0000
[10426] [M]: 0x000000008003EC44 (0x00000213) addi tp, zero, 0
x4 <- 0x0000000000000000
mem[X,0x000000008003EC48] -> 0x006F
mem[X,0x000000008003EC4A] -> 0x2B10
[10427] [M]: 0x000000008003EC48 (0x2B10006F) jal zero, 2736
mem[X,0x000000008003F6F8] -> 0x0A63
mem[X,0x000000008003F6FA] -> 0xD4B5
[10428] [M]: 0x000000008003F6F8 (0xD4B50A63) beq a0, a1, 5460
mem[X,0x000000008003F6FC] -> 0x0213
mem[X,0x000000008003F6FE] -> 0x0022
[10429] [M]: 0x000000008003F6FC (0x00220213) addi tp, tp, 2
x4 <- 0x0000000000000002
mem[X,0x000000008003F700] -> 0x006F
mem[X,0x000000008003F702] -> 0x00C0
[10430] [M]: 0x000000008003F700 (0x00C0006F) jal zero, 12
mem[X,0x000000008003F70C] -> 0x3C23
mem[X,0x000000008003F70E] -> 0x3041
[10431] [M]: 0x000000008003F70C (0x30413C23) sd tp, 792(sp)
mem[0x000000008004A4E0] <- 0x0000000000000002
mem[X,0x000000008003F710] -> 0x0537
mem[X,0x000000008003F712] -> 0x0000
[10432] [M]: 0x000000008003F710 (0x00000537) lui a0, 0
x10 <- 0x0000000000000000
mem[X,0x000000008003F714] -> 0x0513
mem[X,0x000000008003F716] -> 0xFFF5
[10433] [M]: 0x000000008003F714 (0xFFF50513) addi a0, a0, 4095
x10 <- 0xFFFFFFFFFFFFFFFF
mem[X,0x000000008003F718] -> 0x1513
mem[X,0x000000008003F71A] -> 0x00B5
[10434] [M]: 0x000000008003F718 (0x00B51513) slli a0, a0, 11
x10 <- 0xFFFFFFFFFFFFF800
mem[X,0x000000008003F71C] -> 0x0513
mem[X,0x000000008003F71E] -> 0x2575
[10435] [M]: 0x000000008003F71C (0x25750513) addi a0, a0, 599
x10 <- 0xFFFFFFFFFFFFFA57
mem[X,0x000000008003F720] -> 0x1513
mem[X,0x000000008003F722] -> 0x00B5
[10436] [M]: 0x000000008003F720 (0x00B51513) slli a0, a0, 11
x10 <- 0xFFFFFFFFFFD2B800
mem[X,0x000000008003F724] -> 0x0513
mem[X,0x000000008003F726] -> 0x6C35
[10437] [M]: 0x000000008003F724 (0x6C350513) addi a0, a0, 1731
x10 <- 0xFFFFFFFFFFD2BEC3
mem[X,0x000000008003F728] -> 0x1513
mem[X,0x000000008003F72A] -> 0x00A5
[10438] [M]: 0x000000008003F728 (0x00A51513) slli a0, a0, 10
x10 <- 0xFFFFFFFF4AFB0C00
mem[X,0x000000008003F72C] -> 0x0513
mem[X,0x000000008003F72E] -> 0x0CE5
[10439] [M]: 0x000000008003F72C (0x0CE50513) addi a0, a0, 206
x10 <- 0xFFFFFFFF4AFB0CCE
mem[X,0x000000008003F730] -> 0x55B7
mem[X,0x000000008003F732] -> 0x5555
[10440] [M]: 0x000000008003F730 (0x555555B7) lui a1, 349525
x11 <- 0x0000000055555000
mem[X,0x000000008003F734] -> 0x8593
mem[X,0x000000008003F736] -> 0x5555
[10441] [M]: 0x000000008003F734 (0x55558593) addi a1, a1, 1365
x11 <- 0x0000000055555555
mem[X,0x000000008003F738] -> 0x9593
mem[X,0x000000008003F73A] -> 0x00B5
[10442] [M]: 0x000000008003F738 (0x00B59593) slli a1, a1, 11
x11 <- 0x000002AAAAAAA800
mem[X,0x000000008003F73C] -> 0x8593
mem[X,0x000000008003F73E] -> 0x2AA5
[10443] [M]: 0x000000008003F73C (0x2AA58593) addi a1, a1, 682
x11 <- 0x000002AAAAAAAAAA
mem[X,0x000000008003F740] -> 0x9593
mem[X,0x000000008003F742] -> 0x00B5
[10444] [M]: 0x000000008003F740 (0x00B59593) slli a1, a1, 11
x11 <- 0x0015555555555000
mem[X,0x000000008003F744] -> 0x8593
mem[X,0x000000008003F746] -> 0x5555
[10445] [M]: 0x000000008003F744 (0x55558593) addi a1, a1, 1365
x11 <- 0x0015555555555555
mem[X,0x000000008003F748] -> 0x9593
mem[X,0x000000008003F74A] -> 0x00A5
[10446] [M]: 0x000000008003F748 (0x00A59593) slli a1, a1, 10
x11 <- 0x5555555555555400
mem[X,0x000000008003F74C] -> 0x8593
mem[X,0x000000008003F74E] -> 0x1565
[10447] [M]: 0x000000008003F74C (0x15658593) addi a1, a1, 342
x11 <- 0x5555555555555556
mem[X,0x000000008003F750] -> 0x0213
mem[X,0x000000008003F752] -> 0x0000
[10448] [M]: 0x000000008003F750 (0x00000213) addi tp, zero, 0
x4 <- 0x0000000000000000
mem[X,0x000000008003F754] -> 0x006F
mem[X,0x000000008003F756] -> 0x00C0
[10449] [M]: 0x000000008003F754 (0x00C0006F) jal zero, 12
mem[X,0x000000008003F760] -> 0x0663
mem[X,0x000000008003F762] -> 0x00B5
[10450] [M]: 0x000000008003F760 (0x00B50663) beq a0, a1, 12
mem[X,0x000000008003F764] -> 0x0213
mem[X,0x000000008003F766] -> 0x0022
[10451] [M]: 0x000000008003F764 (0x00220213) addi tp, tp, 2
x4 <- 0x0000000000000002
mem[X,0x000000008003F768] -> 0x006F
mem[X,0x000000008003F76A] -> 0x00C0
[10452] [M]: 0x000000008003F768 (0x00C0006F) jal zero, 12
mem[X,0x000000008003F774] -> 0x3023
mem[X,0x000000008003F776] -> 0x3241
[10453] [M]: 0x000000008003F774 (0x32413023) sd tp, 800(sp)
mem[0x000000008004A4E8] <- 0x0000000000000002
mem[X,0x000000008003F778] -> 0x0537
mem[X,0x000000008003F77A] -> 0x0000
[10454] [M]: 0x000000008003F778 (0x00000537) lui a0, 0
x10 <- 0x0000000000000000
mem[X,0x000000008003F77C] -> 0x0513
mem[X,0x000000008003F77E] -> 0xFFF5
[10455] [M]: 0x000000008003F77C (0xFFF50513) addi a0, a0, 4095
x10 <- 0xFFFFFFFFFFFFFFFF
mem[X,0x000000008003F780] -> 0x1513
mem[X,0x000000008003F782] -> 0x00B5
[10456] [M]: 0x000000008003F780 (0x00B51513) slli a0, a0, 11
x10 <- 0xFFFFFFFFFFFFF800
mem[X,0x000000008003F784] -> 0x0513
mem[X,0x000000008003F786] -> 0x2575
[10457] [M]: 0x000000008003F784 (0x25750513) addi a0, a0, 599
x10 <- 0xFFFFFFFFFFFFFA57
mem[X,0x000000008003F788] -> 0x1513
mem[X,0x000000008003F78A] -> 0x00B5
[10458] [M]: 0x000000008003F788 (0x00B51513) slli a0, a0, 11
x10 <- 0xFFFFFFFFFFD2B800
mem[X,0x000000008003F78C] -> 0x0513
mem[X,0x000000008003F78E] -> 0x6C35
[10459] [M]: 0x000000008003F78C (0x6C350513) addi a0, a0, 1731
x10 <- 0xFFFFFFFFFFD2BEC3
mem[X,0x000000008003F790] -> 0x1513
mem[X,0x000000008003F792] -> 0x00A5
[10460] [M]: 0x000000008003F790 (0x00A51513) slli a0, a0, 10
x10 <- 0xFFFFFFFF4AFB0C00
mem[X,0x000000008003F794] -> 0x0513
mem[X,0x000000008003F796] -> 0x0CE5
[10461] [M]: 0x000000008003F794 (0x0CE50513) addi a0, a0, 206
x10 <- 0xFFFFFFFF4AFB0CCE
mem[X,0x000000008003F798] -> 0xB5B7
mem[X,0x000000008003F79A] -> 0xAAAA
[10462] [M]: 0x000000008003F798 (0xAAAAB5B7) lui a1, 699051
x11 <- 0xFFFFFFFFAAAAB000
mem[X,0x000000008003F79C] -> 0x8593
mem[X,0x000000008003F79E] -> 0xAAA5
[10463] [M]: 0x000000008003F79C (0xAAA58593) addi a1, a1, 2730
x11 <- 0xFFFFFFFFAAAAAAAA
mem[X,0x000000008003F7A0] -> 0x9593
mem[X,0x000000008003F7A2] -> 0x00B5
[10464] [M]: 0x000000008003F7A0 (0x00B59593) slli a1, a1, 11
x11 <- 0xFFFFFD5555555000
mem[X,0x000000008003F7A4] -> 0x8593
mem[X,0x000000008003F7A6] -> 0x5555
[10465] [M]: 0x000000008003F7A4 (0x55558593) addi a1, a1, 1365
x11 <- 0xFFFFFD5555555555
mem[X,0x000000008003F7A8] -> 0x9593
mem[X,0x000000008003F7AA] -> 0x00B5
[10466] [M]: 0x000000008003F7A8 (0x00B59593) slli a1, a1, 11
x11 <- 0xFFEAAAAAAAAAA800
mem[X,0x000000008003F7AC] -> 0x8593
mem[X,0x000000008003F7AE] -> 0x2AA5
[10467] [M]: 0x000000008003F7AC (0x2AA58593) addi a1, a1, 682
x11 <- 0xFFEAAAAAAAAAAAAA
mem[X,0x000000008003F7B0] -> 0x9593
mem[X,0x000000008003F7B2] -> 0x00A5
[10468] [M]: 0x000000008003F7B0 (0x00A59593) slli a1, a1, 10
x11 <- 0xAAAAAAAAAAAAA800
mem[X,0x000000008003F7B4] -> 0x8593
mem[X,0x000000008003F7B6] -> 0x2AB5
[10469] [M]: 0x000000008003F7B4 (0x2AB58593) addi a1, a1, 683
x11 <- 0xAAAAAAAAAAAAAAAB
mem[X,0x000000008003F7B8] -> 0x0213
mem[X,0x000000008003F7BA] -> 0x0000
[10470] [M]: 0x000000008003F7B8 (0x00000213) addi tp, zero, 0
x4 <- 0x0000000000000000
mem[X,0x000000008003F7BC] -> 0x006F
mem[X,0x000000008003F7BE] -> 0x00C0
[10471] [M]: 0x000000008003F7BC (0x00C0006F) jal zero, 12
mem[X,0x000000008003F7C8] -> 0x0663
mem[X,0x000000008003F7CA] -> 0x00B5
[10472] [M]: 0x000000008003F7C8 (0x00B50663) beq a0, a1, 12
mem[X,0x000000008003F7CC] -> 0x0213
mem[X,0x000000008003F7CE] -> 0x0022
[10473] [M]: 0x000000008003F7CC (0x00220213) addi tp, tp, 2
x4 <- 0x0000000000000002
mem[X,0x000000008003F7D0] -> 0x006F
mem[X,0x000000008003F7D2] -> 0x00C0
[10474] [M]: 0x000000008003F7D0 (0x00C0006F) jal zero, 12
mem[X,0x000000008003F7DC] -> 0x3423
mem[X,0x000000008003F7DE] -> 0x3241
[10475] [M]: 0x000000008003F7DC (0x32413423) sd tp, 808(sp)
mem[0x000000008004A4F0] <- 0x0000000000000002
mem[X,0x000000008003F7E0] -> 0x0537
mem[X,0x000000008003F7E2] -> 0x0000
[10476] [M]: 0x000000008003F7E0 (0x00000537) lui a0, 0
x10 <- 0x0000000000000000
mem[X,0x000000008003F7E4] -> 0x0513
mem[X,0x000000008003F7E6] -> 0xFFF5
[10477] [M]: 0x000000008003F7E4 (0xFFF50513) addi a0, a0, 4095
x10 <- 0xFFFFFFFFFFFFFFFF
mem[X,0x000000008003F7E8] -> 0x1513
mem[X,0x000000008003F7EA] -> 0x00B5
[10478] [M]: 0x000000008003F7E8 (0x00B51513) slli a0, a0, 11
x10 <- 0xFFFFFFFFFFFFF800
mem[X,0x000000008003F7EC] -> 0x0513
mem[X,0x000000008003F7EE] -> 0x2575
[10479] [M]: 0x000000008003F7EC (0x25750513) addi a0, a0, 599
x10 <- 0xFFFFFFFFFFFFFA57
mem[X,0x000000008003F7F0] -> 0x1513
mem[X,0x000000008003F7F2] -> 0x00B5
[10480] [M]: 0x000000008003F7F0 (0x00B51513) slli a0, a0, 11
x10 <- 0xFFFFFFFFFFD2B800
mem[X,0x000000008003F7F4] -> 0x0513
mem[X,0x000000008003F7F6] -> 0x6C35
[10481] [M]: 0x000000008003F7F4 (0x6C350513) addi a0, a0, 1731
x10 <- 0xFFFFFFFFFFD2BEC3
mem[X,0x000000008003F7F8] -> 0x1513
mem[X,0x000000008003F7FA] -> 0x00A5
[10482] [M]: 0x000000008003F7F8 (0x00A51513) slli a0, a0, 10
x10 <- 0xFFFFFFFF4AFB0C00
mem[X,0x000000008003F7FC] -> 0x0513
mem[X,0x000000008003F7FE] -> 0x0CE5
[10483] [M]: 0x000000008003F7FC (0x0CE50513) addi a0, a0, 206
x10 <- 0xFFFFFFFF4AFB0CCE
mem[X,0x000000008003F800] -> 0x0593
mem[X,0x000000008003F802] -> 0x0060
[10484] [M]: 0x000000008003F800 (0x00600593) addi a1, zero, 6
x11 <- 0x0000000000000006
mem[X,0x000000008003F804] -> 0x0213
mem[X,0x000000008003F806] -> 0x0000
[10485] [M]: 0x000000008003F804 (0x00000213) addi tp, zero, 0
x4 <- 0x0000000000000000
mem[X,0x000000008003F808] -> 0x006F
mem[X,0x000000008003F80A] -> 0x00C0
[10486] [M]: 0x000000008003F808 (0x00C0006F) jal zero, 12
mem[X,0x000000008003F814] -> 0x0063
mem[X,0x000000008003F816] -> 0x20B5
[10487] [M]: 0x000000008003F814 (0x20B50063) beq a0, a1, 512
mem[X,0x000000008003F818] -> 0x0213
mem[X,0x000000008003F81A] -> 0x0022
[10488] [M]: 0x000000008003F818 (0x00220213) addi tp, tp, 2
x4 <- 0x0000000000000002
mem[X,0x000000008003F81C] -> 0x006F
mem[X,0x000000008003F81E] -> 0x2000
[10489] [M]: 0x000000008003F81C (0x2000006F) jal zero, 512
mem[X,0x000000008003FA1C] -> 0x3823
mem[X,0x000000008003FA1E] -> 0x3241
[10490] [M]: 0x000000008003FA1C (0x32413823) sd tp, 816(sp)
mem[0x000000008004A4F8] <- 0x0000000000000002
mem[X,0x000000008003FA20] -> 0x0537
mem[X,0x000000008003FA22] -> 0x0000
[10491] [M]: 0x000000008003FA20 (0x00000537) lui a0, 0
x10 <- 0x0000000000000000
mem[X,0x000000008003FA24] -> 0x0513
mem[X,0x000000008003FA26] -> 0xFFF5
[10492] [M]: 0x000000008003FA24 (0xFFF50513) addi a0, a0, 4095
x10 <- 0xFFFFFFFFFFFFFFFF
mem[X,0x000000008003FA28] -> 0x1513
mem[X,0x000000008003FA2A] -> 0x00B5
[10493] [M]: 0x000000008003FA28 (0x00B51513) slli a0, a0, 11
x10 <- 0xFFFFFFFFFFFFF800
mem[X,0x000000008003FA2C] -> 0x0513
mem[X,0x000000008003FA2E] -> 0x2575
[10494] [M]: 0x000000008003FA2C (0x25750513) addi a0, a0, 599
x10 <- 0xFFFFFFFFFFFFFA57
mem[X,0x000000008003FA30] -> 0x1513
mem[X,0x000000008003FA32] -> 0x00B5
[10495] [M]: 0x000000008003FA30 (0x00B51513) slli a0, a0, 11
x10 <- 0xFFFFFFFFFFD2B800
mem[X,0x000000008003FA34] -> 0x0513
mem[X,0x000000008003FA36] -> 0x6C35
[10496] [M]: 0x000000008003FA34 (0x6C350513) addi a0, a0, 1731
x10 <- 0xFFFFFFFFFFD2BEC3
mem[X,0x000000008003FA38] -> 0x1513
mem[X,0x000000008003FA3A] -> 0x00A5
[10497] [M]: 0x000000008003FA38 (0x00A51513) slli a0, a0, 10
x10 <- 0xFFFFFFFF4AFB0C00
mem[X,0x000000008003FA3C] -> 0x0513
mem[X,0x000000008003FA3E] -> 0x0CE5
[10498] [M]: 0x000000008003FA3C (0x0CE50513) addi a0, a0, 206
x10 <- 0xFFFFFFFF4AFB0CCE
mem[X,0x000000008003FA40] -> 0x35B7
mem[X,0x000000008003FA42] -> 0x3333
[10499] [M]: 0x000000008003FA40 (0x333335B7) lui a1, 209715
x11 <- 0x0000000033333000
clint::tick mtime <- 0x0000000000000069
 clint timer pending at mtime 0x0000000000000069
htif::tick 0x0000000000000000
mem[X,0x000000008003FA44] -> 0x8593
mem[X,0x000000008003FA46] -> 0x3335
[10500] [M]: 0x000000008003FA44 (0x33358593) addi a1, a1, 819
x11 <- 0x0000000033333333
mem[X,0x000000008003FA48] -> 0x9593
mem[X,0x000000008003FA4A] -> 0x00B5
[10501] [M]: 0x000000008003FA48 (0x00B59593) slli a1, a1, 11
x11 <- 0x0000019999999800
mem[X,0x000000008003FA4C] -> 0x8593
mem[X,0x000000008003FA4E] -> 0x1995
[10502] [M]: 0x000000008003FA4C (0x19958593) addi a1, a1, 409
x11 <- 0x0000019999999999
mem[X,0x000000008003FA50] -> 0x9593
mem[X,0x000000008003FA52] -> 0x00B5
[10503] [M]: 0x000000008003FA50 (0x00B59593) slli a1, a1, 11
x11 <- 0x000CCCCCCCCCC800
mem[X,0x000000008003FA54] -> 0x8593
mem[X,0x000000008003FA56] -> 0x4CC5
[10504] [M]: 0x000000008003FA54 (0x4CC58593) addi a1, a1, 1228
x11 <- 0x000CCCCCCCCCCCCC
mem[X,0x000000008003FA58] -> 0x9593
mem[X,0x000000008003FA5A] -> 0x00A5
[10505] [M]: 0x000000008003FA58 (0x00A59593) slli a1, a1, 10
x11 <- 0x3333333333333000
mem[X,0x000000008003FA5C] -> 0x8593
mem[X,0x000000008003FA5E] -> 0x3345
[10506] [M]: 0x000000008003FA5C (0x33458593) addi a1, a1, 820
x11 <- 0x3333333333333334
mem[X,0x000000008003FA60] -> 0x0213
mem[X,0x000000008003FA62] -> 0x0000
[10507] [M]: 0x000000008003FA60 (0x00000213) addi tp, zero, 0
x4 <- 0x0000000000000000
mem[X,0x000000008003FA64] -> 0x006F
mem[X,0x000000008003FA66] -> 0x00C0
[10508] [M]: 0x000000008003FA64 (0x00C0006F) jal zero, 12
mem[X,0x000000008003FA70] -> 0x0063
mem[X,0x000000008003FA72] -> 0x08B5
[10509] [M]: 0x000000008003FA70 (0x08B50063) beq a0, a1, 128
mem[X,0x000000008003FA74] -> 0x0213
mem[X,0x000000008003FA76] -> 0x0022
[10510] [M]: 0x000000008003FA74 (0x00220213) addi tp, tp, 2
x4 <- 0x0000000000000002
mem[X,0x000000008003FA78] -> 0x006F
mem[X,0x000000008003FA7A] -> 0x0800
[10511] [M]: 0x000000008003FA78 (0x0800006F) jal zero, 128
mem[X,0x000000008003FAF8] -> 0x3C23
mem[X,0x000000008003FAFA] -> 0x3241
[10512] [M]: 0x000000008003FAF8 (0x32413C23) sd tp, 824(sp)
mem[0x000000008004A500] <- 0x0000000000000002
mem[X,0x000000008003FAFC] -> 0x0537
mem[X,0x000000008003FAFE] -> 0x0000
[10513] [M]: 0x000000008003FAFC (0x00000537) lui a0, 0
x10 <- 0x0000000000000000
mem[X,0x000000008003FB00] -> 0x0513
mem[X,0x000000008003FB02] -> 0xFFF5
[10514] [M]: 0x000000008003FB00 (0xFFF50513) addi a0, a0, 4095
x10 <- 0xFFFFFFFFFFFFFFFF
mem[X,0x000000008003FB04] -> 0x1513
mem[X,0x000000008003FB06] -> 0x00B5
[10515] [M]: 0x000000008003FB04 (0x00B51513) slli a0, a0, 11
x10 <- 0xFFFFFFFFFFFFF800
mem[X,0x000000008003FB08] -> 0x0513
mem[X,0x000000008003FB0A] -> 0x2575
[10516] [M]: 0x000000008003FB08 (0x25750513) addi a0, a0, 599
x10 <- 0xFFFFFFFFFFFFFA57
mem[X,0x000000008003FB0C] -> 0x1513
mem[X,0x000000008003FB0E] -> 0x00B5
[10517] [M]: 0x000000008003FB0C (0x00B51513) slli a0, a0, 11
x10 <- 0xFFFFFFFFFFD2B800
mem[X,0x000000008003FB10] -> 0x0513
mem[X,0x000000008003FB12] -> 0x6C35
[10518] [M]: 0x000000008003FB10 (0x6C350513) addi a0, a0, 1731
x10 <- 0xFFFFFFFFFFD2BEC3
mem[X,0x000000008003FB14] -> 0x1513
mem[X,0x000000008003FB16] -> 0x00A5
[10519] [M]: 0x000000008003FB14 (0x00A51513) slli a0, a0, 10
x10 <- 0xFFFFFFFF4AFB0C00
mem[X,0x000000008003FB18] -> 0x0513
mem[X,0x000000008003FB1A] -> 0x0CE5
[10520] [M]: 0x000000008003FB18 (0x0CE50513) addi a0, a0, 206
x10 <- 0xFFFFFFFF4AFB0CCE
mem[X,0x000000008003FB1C] -> 0x65B7
mem[X,0x000000008003FB1E] -> 0x6666
[10521] [M]: 0x000000008003FB1C (0x666665B7) lui a1, 419430
x11 <- 0x0000000066666000
mem[X,0x000000008003FB20] -> 0x8593
mem[X,0x000000008003FB22] -> 0x6665
[10522] [M]: 0x000000008003FB20 (0x66658593) addi a1, a1, 1638
x11 <- 0x0000000066666666
mem[X,0x000000008003FB24] -> 0x9593
mem[X,0x000000008003FB26] -> 0x00B5
[10523] [M]: 0x000000008003FB24 (0x00B59593) slli a1, a1, 11
x11 <- 0x0000033333333000
mem[X,0x000000008003FB28] -> 0x8593
mem[X,0x000000008003FB2A] -> 0x3335
[10524] [M]: 0x000000008003FB28 (0x33358593) addi a1, a1, 819
x11 <- 0x0000033333333333
mem[X,0x000000008003FB2C] -> 0x9593
mem[X,0x000000008003FB2E] -> 0x00B5
[10525] [M]: 0x000000008003FB2C (0x00B59593) slli a1, a1, 11
x11 <- 0x0019999999999800
mem[X,0x000000008003FB30] -> 0x8593
mem[X,0x000000008003FB32] -> 0x1995
[10526] [M]: 0x000000008003FB30 (0x19958593) addi a1, a1, 409
x11 <- 0x0019999999999999
mem[X,0x000000008003FB34] -> 0x9593
mem[X,0x000000008003FB36] -> 0x00A5
[10527] [M]: 0x000000008003FB34 (0x00A59593) slli a1, a1, 10
x11 <- 0x6666666666666400
mem[X,0x000000008003FB38] -> 0x8593
mem[X,0x000000008003FB3A] -> 0x2675
[10528] [M]: 0x000000008003FB38 (0x26758593) addi a1, a1, 615
x11 <- 0x6666666666666667
mem[X,0x000000008003FB3C] -> 0x0213
mem[X,0x000000008003FB3E] -> 0x0000
[10529] [M]: 0x000000008003FB3C (0x00000213) addi tp, zero, 0
x4 <- 0x0000000000000000
mem[X,0x000000008003FB40] -> 0x006F
mem[X,0x000000008003FB42] -> 0x00C0
[10530] [M]: 0x000000008003FB40 (0x00C0006F) jal zero, 12
mem[X,0x000000008003FB4C] -> 0x0663
mem[X,0x000000008003FB4E] -> 0x00B5
[10531] [M]: 0x000000008003FB4C (0x00B50663) beq a0, a1, 12
mem[X,0x000000008003FB50] -> 0x0213
mem[X,0x000000008003FB52] -> 0x0022
[10532] [M]: 0x000000008003FB50 (0x00220213) addi tp, tp, 2
x4 <- 0x0000000000000002
mem[X,0x000000008003FB54] -> 0x006F
mem[X,0x000000008003FB56] -> 0x00C0
[10533] [M]: 0x000000008003FB54 (0x00C0006F) jal zero, 12
mem[X,0x000000008003FB60] -> 0x3023
mem[X,0x000000008003FB62] -> 0x3441
[10534] [M]: 0x000000008003FB60 (0x34413023) sd tp, 832(sp)
mem[0x000000008004A508] <- 0x0000000000000002
mem[X,0x000000008003FB64] -> 0x0537
mem[X,0x000000008003FB66] -> 0x0000
[10535] [M]: 0x000000008003FB64 (0x00000537) lui a0, 0
x10 <- 0x0000000000000000
mem[X,0x000000008003FB68] -> 0x0513
mem[X,0x000000008003FB6A] -> 0xFFF5
[10536] [M]: 0x000000008003FB68 (0xFFF50513) addi a0, a0, 4095
x10 <- 0xFFFFFFFFFFFFFFFF
mem[X,0x000000008003FB6C] -> 0x1513
mem[X,0x000000008003FB6E] -> 0x00B5
[10537] [M]: 0x000000008003FB6C (0x00B51513) slli a0, a0, 11
x10 <- 0xFFFFFFFFFFFFF800
mem[X,0x000000008003FB70] -> 0x0513
mem[X,0x000000008003FB72] -> 0x2575
[10538] [M]: 0x000000008003FB70 (0x25750513) addi a0, a0, 599
x10 <- 0xFFFFFFFFFFFFFA57
mem[X,0x000000008003FB74] -> 0x1513
mem[X,0x000000008003FB76] -> 0x00B5
[10539] [M]: 0x000000008003FB74 (0x00B51513) slli a0, a0, 11
x10 <- 0xFFFFFFFFFFD2B800
mem[X,0x000000008003FB78] -> 0x0513
mem[X,0x000000008003FB7A] -> 0x6C35
[10540] [M]: 0x000000008003FB78 (0x6C350513) addi a0, a0, 1731
x10 <- 0xFFFFFFFFFFD2BEC3
mem[X,0x000000008003FB7C] -> 0x1513
mem[X,0x000000008003FB7E] -> 0x00A5
[10541] [M]: 0x000000008003FB7C (0x00A51513) slli a0, a0, 10
x10 <- 0xFFFFFFFF4AFB0C00
mem[X,0x000000008003FB80] -> 0x0513
mem[X,0x000000008003FB82] -> 0x0CE5
[10542] [M]: 0x000000008003FB80 (0x0CE50513) addi a0, a0, 206
x10 <- 0xFFFFFFFF4AFB0CCE
mem[X,0x000000008003FB84] -> 0x05B7
mem[X,0x000000008003FB86] -> 0x0000
[10543] [M]: 0x000000008003FB84 (0x000005B7) lui a1, 0
x11 <- 0x0000000000000000
mem[X,0x000000008003FB88] -> 0x8593
mem[X,0x000000008003FB8A] -> 0xFFF5
[10544] [M]: 0x000000008003FB88 (0xFFF58593) addi a1, a1, 4095
x11 <- 0xFFFFFFFFFFFFFFFF
mem[X,0x000000008003FB8C] -> 0x9593
mem[X,0x000000008003FB8E] -> 0x00B5
[10545] [M]: 0x000000008003FB8C (0x00B59593) slli a1, a1, 11
x11 <- 0xFFFFFFFFFFFFF800
mem[X,0x000000008003FB90] -> 0x8593
mem[X,0x000000008003FB92] -> 0x2575
[10546] [M]: 0x000000008003FB90 (0x25758593) addi a1, a1, 599
x11 <- 0xFFFFFFFFFFFFFA57
mem[X,0x000000008003FB94] -> 0x9593
mem[X,0x000000008003FB96] -> 0x00B5
[10547] [M]: 0x000000008003FB94 (0x00B59593) slli a1, a1, 11
x11 <- 0xFFFFFFFFFFD2B800
mem[X,0x000000008003FB98] -> 0x8593
mem[X,0x000000008003FB9A] -> 0x6C35
[10548] [M]: 0x000000008003FB98 (0x6C358593) addi a1, a1, 1731
x11 <- 0xFFFFFFFFFFD2BEC3
mem[X,0x000000008003FB9C] -> 0x9593
mem[X,0x000000008003FB9E] -> 0x00A5
[10549] [M]: 0x000000008003FB9C (0x00A59593) slli a1, a1, 10
x11 <- 0xFFFFFFFF4AFB0C00
mem[X,0x000000008003FBA0] -> 0x8593
mem[X,0x000000008003FBA2] -> 0x0CE5
[10550] [M]: 0x000000008003FBA0 (0x0CE58593) addi a1, a1, 206
x11 <- 0xFFFFFFFF4AFB0CCE
mem[X,0x000000008003FBA4] -> 0x0213
mem[X,0x000000008003FBA6] -> 0x0000
[10551] [M]: 0x000000008003FBA4 (0x00000213) addi tp, zero, 0
x4 <- 0x0000000000000000
mem[X,0x000000008003FBA8] -> 0x006F
mem[X,0x000000008003FBAA] -> 0x00C0
[10552] [M]: 0x000000008003FBA8 (0x00C0006F) jal zero, 12
mem[X,0x000000008003FBB4] -> 0x0063
mem[X,0x000000008003FBB6] -> 0x20B5
[10553] [M]: 0x000000008003FBB4 (0x20B50063) beq a0, a1, 512
mem[X,0x000000008003FDB4] -> 0x0213
mem[X,0x000000008003FDB6] -> 0x0032
[10554] [M]: 0x000000008003FDB4 (0x00320213) addi tp, tp, 3
x4 <- 0x0000000000000003
mem[X,0x000000008003FDB8] -> 0x006F
mem[X,0x000000008003FDBA] -> 0x0040
[10555] [M]: 0x000000008003FDB8 (0x0040006F) jal zero, 4
mem[X,0x000000008003FDBC] -> 0x3423
mem[X,0x000000008003FDBE] -> 0x3441
[10556] [M]: 0x000000008003FDBC (0x34413423) sd tp, 840(sp)
mem[0x000000008004A510] <- 0x0000000000000003
mem[X,0x000000008003FDC0] -> 0x0537
mem[X,0x000000008003FDC2] -> 0x0000
[10557] [M]: 0x000000008003FDC0 (0x00000537) lui a0, 0
x10 <- 0x0000000000000000
mem[X,0x000000008003FDC4] -> 0x0513
mem[X,0x000000008003FDC6] -> 0xFFF5
[10558] [M]: 0x000000008003FDC4 (0xFFF50513) addi a0, a0, 4095
x10 <- 0xFFFFFFFFFFFFFFFF
mem[X,0x000000008003FDC8] -> 0x1513
mem[X,0x000000008003FDCA] -> 0x00B5
[10559] [M]: 0x000000008003FDC8 (0x00B51513) slli a0, a0, 11
x10 <- 0xFFFFFFFFFFFFF800
mem[X,0x000000008003FDCC] -> 0x0513
mem[X,0x000000008003FDCE] -> 0x2575
[10560] [M]: 0x000000008003FDCC (0x25750513) addi a0, a0, 599
x10 <- 0xFFFFFFFFFFFFFA57
mem[X,0x000000008003FDD0] -> 0x1513
mem[X,0x000000008003FDD2] -> 0x00B5
[10561] [M]: 0x000000008003FDD0 (0x00B51513) slli a0, a0, 11
x10 <- 0xFFFFFFFFFFD2B800
mem[X,0x000000008003FDD4] -> 0x0513
mem[X,0x000000008003FDD6] -> 0x6C35
[10562] [M]: 0x000000008003FDD4 (0x6C350513) addi a0, a0, 1731
x10 <- 0xFFFFFFFFFFD2BEC3
mem[X,0x000000008003FDD8] -> 0x1513
mem[X,0x000000008003FDDA] -> 0x00A5
[10563] [M]: 0x000000008003FDD8 (0x00A51513) slli a0, a0, 10
x10 <- 0xFFFFFFFF4AFB0C00
mem[X,0x000000008003FDDC] -> 0x0513
mem[X,0x000000008003FDDE] -> 0x0CE5
[10564] [M]: 0x000000008003FDDC (0x0CE50513) addi a0, a0, 206
x10 <- 0xFFFFFFFF4AFB0CCE
mem[X,0x000000008003FDE0] -> 0x05B7
mem[X,0x000000008003FDE2] -> 0x0000
[10565] [M]: 0x000000008003FDE0 (0x000005B7) lui a1, 0
x11 <- 0x0000000000000000
mem[X,0x000000008003FDE4] -> 0x8593
mem[X,0x000000008003FDE6] -> 0x0005
[10566] [M]: 0x000000008003FDE4 (0x00058593) addi a1, a1, 0
x11 <- 0x0000000000000000
mem[X,0x000000008003FDE8] -> 0x9593
mem[X,0x000000008003FDEA] -> 0x00B5
[10567] [M]: 0x000000008003FDE8 (0x00B59593) slli a1, a1, 11
x11 <- 0x0000000000000000
mem[X,0x000000008003FDEC] -> 0x8593
mem[X,0x000000008003FDEE] -> 0x5A85
[10568] [M]: 0x000000008003FDEC (0x5A858593) addi a1, a1, 1448
x11 <- 0x00000000000005A8
mem[X,0x000000008003FDF0] -> 0x9593
mem[X,0x000000008003FDF2] -> 0x00B5
[10569] [M]: 0x000000008003FDF0 (0x00B59593) slli a1, a1, 11
x11 <- 0x00000000002D4000
mem[X,0x000000008003FDF4] -> 0x8593
mem[X,0x000000008003FDF6] -> 0x13C5
[10570] [M]: 0x000000008003FDF4 (0x13C58593) addi a1, a1, 316
x11 <- 0x00000000002D413C
mem[X,0x000000008003FDF8] -> 0x9593
mem[X,0x000000008003FDFA] -> 0x00A5
[10571] [M]: 0x000000008003FDF8 (0x00A59593) slli a1, a1, 10
x11 <- 0x00000000B504F000
mem[X,0x000000008003FDFC] -> 0x8593
mem[X,0x000000008003FDFE] -> 0x3345
[10572] [M]: 0x000000008003FDFC (0x33458593) addi a1, a1, 820
x11 <- 0x00000000B504F334
mem[X,0x000000008003FE00] -> 0x0213
mem[X,0x000000008003FE02] -> 0x0000
[10573] [M]: 0x000000008003FE00 (0x00000213) addi tp, zero, 0
x4 <- 0x0000000000000000
mem[X,0x000000008003FE04] -> 0x006F
mem[X,0x000000008003FE06] -> 0x00C0
[10574] [M]: 0x000000008003FE04 (0x00C0006F) jal zero, 12
mem[X,0x000000008003FE10] -> 0x0663
mem[X,0x000000008003FE12] -> 0x00B5
[10575] [M]: 0x000000008003FE10 (0x00B50663) beq a0, a1, 12
mem[X,0x000000008003FE14] -> 0x0213
mem[X,0x000000008003FE16] -> 0x0022
[10576] [M]: 0x000000008003FE14 (0x00220213) addi tp, tp, 2
x4 <- 0x0000000000000002
mem[X,0x000000008003FE18] -> 0x006F
mem[X,0x000000008003FE1A] -> 0x00C0
[10577] [M]: 0x000000008003FE18 (0x00C0006F) jal zero, 12
mem[X,0x000000008003FE24] -> 0x3823
mem[X,0x000000008003FE26] -> 0x3441
[10578] [M]: 0x000000008003FE24 (0x34413823) sd tp, 848(sp)
mem[0x000000008004A518] <- 0x0000000000000002
mem[X,0x000000008003FE28] -> 0x0537
mem[X,0x000000008003FE2A] -> 0x0000
[10579] [M]: 0x000000008003FE28 (0x00000537) lui a0, 0
x10 <- 0x0000000000000000
mem[X,0x000000008003FE2C] -> 0x0513
mem[X,0x000000008003FE2E] -> 0x0005
[10580] [M]: 0x000000008003FE2C (0x00050513) addi a0, a0, 0
x10 <- 0x0000000000000000
mem[X,0x000000008003FE30] -> 0x1513
mem[X,0x000000008003FE32] -> 0x00B5
[10581] [M]: 0x000000008003FE30 (0x00B51513) slli a0, a0, 11
x10 <- 0x0000000000000000
mem[X,0x000000008003FE34] -> 0x0513
mem[X,0x000000008003FE36] -> 0x5A85
[10582] [M]: 0x000000008003FE34 (0x5A850513) addi a0, a0, 1448
x10 <- 0x00000000000005A8
mem[X,0x000000008003FE38] -> 0x1513
mem[X,0x000000008003FE3A] -> 0x00B5
[10583] [M]: 0x000000008003FE38 (0x00B51513) slli a0, a0, 11
x10 <- 0x00000000002D4000
mem[X,0x000000008003FE3C] -> 0x0513
mem[X,0x000000008003FE3E] -> 0x13C5
[10584] [M]: 0x000000008003FE3C (0x13C50513) addi a0, a0, 316
x10 <- 0x00000000002D413C
mem[X,0x000000008003FE40] -> 0x1513
mem[X,0x000000008003FE42] -> 0x00A5
[10585] [M]: 0x000000008003FE40 (0x00A51513) slli a0, a0, 10
x10 <- 0x00000000B504F000
mem[X,0x000000008003FE44] -> 0x0513
mem[X,0x000000008003FE46] -> 0x3345
[10586] [M]: 0x000000008003FE44 (0x33450513) addi a0, a0, 820
x10 <- 0x00000000B504F334
mem[X,0x000000008003FE48] -> 0x0593
mem[X,0x000000008003FE4A] -> 0x0030
[10587] [M]: 0x000000008003FE48 (0x00300593) addi a1, zero, 3
x11 <- 0x0000000000000003
mem[X,0x000000008003FE4C] -> 0x0213
mem[X,0x000000008003FE4E] -> 0x0000
[10588] [M]: 0x000000008003FE4C (0x00000213) addi tp, zero, 0
x4 <- 0x0000000000000000
mem[X,0x000000008003FE50] -> 0x006F
mem[X,0x000000008003FE52] -> 0x0140
[10589] [M]: 0x000000008003FE50 (0x0140006F) jal zero, 20
mem[X,0x000000008003FE64] -> 0x08E3
mem[X,0x000000008003FE66] -> 0xFEB5
[10590] [M]: 0x000000008003FE64 (0xFEB508E3) beq a0, a1, 8176
mem[X,0x000000008003FE68] -> 0x0213
mem[X,0x000000008003FE6A] -> 0x0022
[10591] [M]: 0x000000008003FE68 (0x00220213) addi tp, tp, 2
x4 <- 0x0000000000000002
mem[X,0x000000008003FE6C] -> 0x006F
mem[X,0x000000008003FE6E] -> 0x00C0
[10592] [M]: 0x000000008003FE6C (0x00C0006F) jal zero, 12
mem[X,0x000000008003FE78] -> 0x3C23
mem[X,0x000000008003FE7A] -> 0x3441
[10593] [M]: 0x000000008003FE78 (0x34413C23) sd tp, 856(sp)
mem[0x000000008004A520] <- 0x0000000000000002
mem[X,0x000000008003FE7C] -> 0x0537
mem[X,0x000000008003FE7E] -> 0x0000
[10594] [M]: 0x000000008003FE7C (0x00000537) lui a0, 0
x10 <- 0x0000000000000000
mem[X,0x000000008003FE80] -> 0x0513
mem[X,0x000000008003FE82] -> 0x0005
[10595] [M]: 0x000000008003FE80 (0x00050513) addi a0, a0, 0
x10 <- 0x0000000000000000
mem[X,0x000000008003FE84] -> 0x1513
mem[X,0x000000008003FE86] -> 0x00B5
[10596] [M]: 0x000000008003FE84 (0x00B51513) slli a0, a0, 11
x10 <- 0x0000000000000000
mem[X,0x000000008003FE88] -> 0x0513
mem[X,0x000000008003FE8A] -> 0x5A85
[10597] [M]: 0x000000008003FE88 (0x5A850513) addi a0, a0, 1448
x10 <- 0x00000000000005A8
mem[X,0x000000008003FE8C] -> 0x1513
mem[X,0x000000008003FE8E] -> 0x00B5
[10598] [M]: 0x000000008003FE8C (0x00B51513) slli a0, a0, 11
x10 <- 0x00000000002D4000
mem[X,0x000000008003FE90] -> 0x0513
mem[X,0x000000008003FE92] -> 0x13C5
[10599] [M]: 0x000000008003FE90 (0x13C50513) addi a0, a0, 316
x10 <- 0x00000000002D413C
clint::tick mtime <- 0x000000000000006A
 clint timer pending at mtime 0x000000000000006A
htif::tick 0x0000000000000000
mem[X,0x000000008003FE94] -> 0x1513
mem[X,0x000000008003FE96] -> 0x00A5
[10600] [M]: 0x000000008003FE94 (0x00A51513) slli a0, a0, 10
x10 <- 0x00000000B504F000
mem[X,0x000000008003FE98] -> 0x0513
mem[X,0x000000008003FE9A] -> 0x3345
[10601] [M]: 0x000000008003FE98 (0x33450513) addi a0, a0, 820
x10 <- 0x00000000B504F334
mem[X,0x000000008003FE9C] -> 0x55B7
mem[X,0x000000008003FE9E] -> 0x5555
[10602] [M]: 0x000000008003FE9C (0x555555B7) lui a1, 349525
x11 <- 0x0000000055555000
mem[X,0x000000008003FEA0] -> 0x8593
mem[X,0x000000008003FEA2] -> 0x5555
[10603] [M]: 0x000000008003FEA0 (0x55558593) addi a1, a1, 1365
x11 <- 0x0000000055555555
mem[X,0x000000008003FEA4] -> 0x9593
mem[X,0x000000008003FEA6] -> 0x00B5
[10604] [M]: 0x000000008003FEA4 (0x00B59593) slli a1, a1, 11
x11 <- 0x000002AAAAAAA800
mem[X,0x000000008003FEA8] -> 0x8593
mem[X,0x000000008003FEAA] -> 0x2AA5
[10605] [M]: 0x000000008003FEA8 (0x2AA58593) addi a1, a1, 682
x11 <- 0x000002AAAAAAAAAA
mem[X,0x000000008003FEAC] -> 0x9593
mem[X,0x000000008003FEAE] -> 0x00B5
[10606] [M]: 0x000000008003FEAC (0x00B59593) slli a1, a1, 11
x11 <- 0x0015555555555000
mem[X,0x000000008003FEB0] -> 0x8593
mem[X,0x000000008003FEB2] -> 0x5555
[10607] [M]: 0x000000008003FEB0 (0x55558593) addi a1, a1, 1365
x11 <- 0x0015555555555555
mem[X,0x000000008003FEB4] -> 0x9593
mem[X,0x000000008003FEB6] -> 0x00A5
[10608] [M]: 0x000000008003FEB4 (0x00A59593) slli a1, a1, 10
x11 <- 0x5555555555555400
mem[X,0x000000008003FEB8] -> 0x8593
mem[X,0x000000008003FEBA] -> 0x1555
[10609] [M]: 0x000000008003FEB8 (0x15558593) addi a1, a1, 341
x11 <- 0x5555555555555555
mem[X,0x000000008003FEBC] -> 0x0213
mem[X,0x000000008003FEBE] -> 0x0000
[10610] [M]: 0x000000008003FEBC (0x00000213) addi tp, zero, 0
x4 <- 0x0000000000000000
mem[X,0x000000008003FEC0] -> 0x006F
mem[X,0x000000008003FEC2] -> 0x00C0
[10611] [M]: 0x000000008003FEC0 (0x00C0006F) jal zero, 12
mem[X,0x000000008003FECC] -> 0x0663
mem[X,0x000000008003FECE] -> 0x00B5
[10612] [M]: 0x000000008003FECC (0x00B50663) beq a0, a1, 12
mem[X,0x000000008003FED0] -> 0x0213
mem[X,0x000000008003FED2] -> 0x0022
[10613] [M]: 0x000000008003FED0 (0x00220213) addi tp, tp, 2
x4 <- 0x0000000000000002
mem[X,0x000000008003FED4] -> 0x006F
mem[X,0x000000008003FED6] -> 0x00C0
[10614] [M]: 0x000000008003FED4 (0x00C0006F) jal zero, 12
mem[X,0x000000008003FEE0] -> 0x3023
mem[X,0x000000008003FEE2] -> 0x3641
[10615] [M]: 0x000000008003FEE0 (0x36413023) sd tp, 864(sp)
mem[0x000000008004A528] <- 0x0000000000000002
mem[X,0x000000008003FEE4] -> 0x0537
mem[X,0x000000008003FEE6] -> 0x0000
[10616] [M]: 0x000000008003FEE4 (0x00000537) lui a0, 0
x10 <- 0x0000000000000000
mem[X,0x000000008003FEE8] -> 0x0513
mem[X,0x000000008003FEEA] -> 0x0005
[10617] [M]: 0x000000008003FEE8 (0x00050513) addi a0, a0, 0
x10 <- 0x0000000000000000
mem[X,0x000000008003FEEC] -> 0x1513
mem[X,0x000000008003FEEE] -> 0x00B5
[10618] [M]: 0x000000008003FEEC (0x00B51513) slli a0, a0, 11
x10 <- 0x0000000000000000
mem[X,0x000000008003FEF0] -> 0x0513
mem[X,0x000000008003FEF2] -> 0x5A85
[10619] [M]: 0x000000008003FEF0 (0x5A850513) addi a0, a0, 1448
x10 <- 0x00000000000005A8
mem[X,0x000000008003FEF4] -> 0x1513
mem[X,0x000000008003FEF6] -> 0x00B5
[10620] [M]: 0x000000008003FEF4 (0x00B51513) slli a0, a0, 11
x10 <- 0x00000000002D4000
mem[X,0x000000008003FEF8] -> 0x0513
mem[X,0x000000008003FEFA] -> 0x13C5
[10621] [M]: 0x000000008003FEF8 (0x13C50513) addi a0, a0, 316
x10 <- 0x00000000002D413C
mem[X,0x000000008003FEFC] -> 0x1513
mem[X,0x000000008003FEFE] -> 0x00A5
[10622] [M]: 0x000000008003FEFC (0x00A51513) slli a0, a0, 10
x10 <- 0x00000000B504F000
mem[X,0x000000008003FF00] -> 0x0513
mem[X,0x000000008003FF02] -> 0x3345
[10623] [M]: 0x000000008003FF00 (0x33450513) addi a0, a0, 820
x10 <- 0x00000000B504F334
mem[X,0x000000008003FF04] -> 0xB5B7
mem[X,0x000000008003FF06] -> 0xAAAA
[10624] [M]: 0x000000008003FF04 (0xAAAAB5B7) lui a1, 699051
x11 <- 0xFFFFFFFFAAAAB000
mem[X,0x000000008003FF08] -> 0x8593
mem[X,0x000000008003FF0A] -> 0xAAA5
[10625] [M]: 0x000000008003FF08 (0xAAA58593) addi a1, a1, 2730
x11 <- 0xFFFFFFFFAAAAAAAA
mem[X,0x000000008003FF0C] -> 0x9593
mem[X,0x000000008003FF0E] -> 0x00B5
[10626] [M]: 0x000000008003FF0C (0x00B59593) slli a1, a1, 11
x11 <- 0xFFFFFD5555555000
mem[X,0x000000008003FF10] -> 0x8593
mem[X,0x000000008003FF12] -> 0x5555
[10627] [M]: 0x000000008003FF10 (0x55558593) addi a1, a1, 1365
x11 <- 0xFFFFFD5555555555
mem[X,0x000000008003FF14] -> 0x9593
mem[X,0x000000008003FF16] -> 0x00B5
[10628] [M]: 0x000000008003FF14 (0x00B59593) slli a1, a1, 11
x11 <- 0xFFEAAAAAAAAAA800
mem[X,0x000000008003FF18] -> 0x8593
mem[X,0x000000008003FF1A] -> 0x2AA5
[10629] [M]: 0x000000008003FF18 (0x2AA58593) addi a1, a1, 682
x11 <- 0xFFEAAAAAAAAAAAAA
mem[X,0x000000008003FF1C] -> 0x9593
mem[X,0x000000008003FF1E] -> 0x00A5
[10630] [M]: 0x000000008003FF1C (0x00A59593) slli a1, a1, 10
x11 <- 0xAAAAAAAAAAAAA800
mem[X,0x000000008003FF20] -> 0x8593
mem[X,0x000000008003FF22] -> 0x2AA5
[10631] [M]: 0x000000008003FF20 (0x2AA58593) addi a1, a1, 682
x11 <- 0xAAAAAAAAAAAAAAAA
mem[X,0x000000008003FF24] -> 0x0213
mem[X,0x000000008003FF26] -> 0x0000
[10632] [M]: 0x000000008003FF24 (0x00000213) addi tp, zero, 0
x4 <- 0x0000000000000000
mem[X,0x000000008003FF28] -> 0x006F
mem[X,0x000000008003FF2A] -> 0x00C0
[10633] [M]: 0x000000008003FF28 (0x00C0006F) jal zero, 12
mem[X,0x000000008003FF34] -> 0x0063
mem[X,0x000000008003FF36] -> 0x08B5
[10634] [M]: 0x000000008003FF34 (0x08B50063) beq a0, a1, 128
mem[X,0x000000008003FF38] -> 0x0213
mem[X,0x000000008003FF3A] -> 0x0022
[10635] [M]: 0x000000008003FF38 (0x00220213) addi tp, tp, 2
x4 <- 0x0000000000000002
mem[X,0x000000008003FF3C] -> 0x006F
mem[X,0x000000008003FF3E] -> 0x0800
[10636] [M]: 0x000000008003FF3C (0x0800006F) jal zero, 128
mem[X,0x000000008003FFBC] -> 0x3423
mem[X,0x000000008003FFBE] -> 0x3641
[10637] [M]: 0x000000008003FFBC (0x36413423) sd tp, 872(sp)
mem[0x000000008004A530] <- 0x0000000000000002
mem[X,0x000000008003FFC0] -> 0x0537
mem[X,0x000000008003FFC2] -> 0x0000
[10638] [M]: 0x000000008003FFC0 (0x00000537) lui a0, 0
x10 <- 0x0000000000000000
mem[X,0x000000008003FFC4] -> 0x0513
mem[X,0x000000008003FFC6] -> 0x0005
[10639] [M]: 0x000000008003FFC4 (0x00050513) addi a0, a0, 0
x10 <- 0x0000000000000000
mem[X,0x000000008003FFC8] -> 0x1513
mem[X,0x000000008003FFCA] -> 0x00B5
[10640] [M]: 0x000000008003FFC8 (0x00B51513) slli a0, a0, 11
x10 <- 0x0000000000000000
mem[X,0x000000008003FFCC] -> 0x0513
mem[X,0x000000008003FFCE] -> 0x5A85
[10641] [M]: 0x000000008003FFCC (0x5A850513) addi a0, a0, 1448
x10 <- 0x00000000000005A8
mem[X,0x000000008003FFD0] -> 0x1513
mem[X,0x000000008003FFD2] -> 0x00B5
[10642] [M]: 0x000000008003FFD0 (0x00B51513) slli a0, a0, 11
x10 <- 0x00000000002D4000
mem[X,0x000000008003FFD4] -> 0x0513
mem[X,0x000000008003FFD6] -> 0x13C5
[10643] [M]: 0x000000008003FFD4 (0x13C50513) addi a0, a0, 316
x10 <- 0x00000000002D413C
mem[X,0x000000008003FFD8] -> 0x1513
mem[X,0x000000008003FFDA] -> 0x00A5
[10644] [M]: 0x000000008003FFD8 (0x00A51513) slli a0, a0, 10
x10 <- 0x00000000B504F000
mem[X,0x000000008003FFDC] -> 0x0513
mem[X,0x000000008003FFDE] -> 0x3345
[10645] [M]: 0x000000008003FFDC (0x33450513) addi a0, a0, 820
x10 <- 0x00000000B504F334
mem[X,0x000000008003FFE0] -> 0x0593
mem[X,0x000000008003FFE2] -> 0x0050
[10646] [M]: 0x000000008003FFE0 (0x00500593) addi a1, zero, 5
x11 <- 0x0000000000000005
mem[X,0x000000008003FFE4] -> 0x0213
mem[X,0x000000008003FFE6] -> 0x0000
[10647] [M]: 0x000000008003FFE4 (0x00000213) addi tp, zero, 0
x4 <- 0x0000000000000000
mem[X,0x000000008003FFE8] -> 0x006F
mem[X,0x000000008003FFEA] -> 0x00C0
[10648] [M]: 0x000000008003FFE8 (0x00C0006F) jal zero, 12
mem[X,0x000000008003FFF4] -> 0x0063
mem[X,0x000000008003FFF6] -> 0x10B5
[10649] [M]: 0x000000008003FFF4 (0x10B50063) beq a0, a1, 256
mem[X,0x000000008003FFF8] -> 0x0213
mem[X,0x000000008003FFFA] -> 0x0022
[10650] [M]: 0x000000008003FFF8 (0x00220213) addi tp, tp, 2
x4 <- 0x0000000000000002
mem[X,0x000000008003FFFC] -> 0x006F
mem[X,0x000000008003FFFE] -> 0x1000
[10651] [M]: 0x000000008003FFFC (0x1000006F) jal zero, 256
mem[X,0x00000000800400FC] -> 0x3823
mem[X,0x00000000800400FE] -> 0x3641
[10652] [M]: 0x00000000800400FC (0x36413823) sd tp, 880(sp)
mem[0x000000008004A538] <- 0x0000000000000002
mem[X,0x0000000080040100] -> 0x0537
mem[X,0x0000000080040102] -> 0x0000
[10653] [M]: 0x0000000080040100 (0x00000537) lui a0, 0
x10 <- 0x0000000000000000
mem[X,0x0000000080040104] -> 0x0513
mem[X,0x0000000080040106] -> 0x0005
[10654] [M]: 0x0000000080040104 (0x00050513) addi a0, a0, 0
x10 <- 0x0000000000000000
mem[X,0x0000000080040108] -> 0x1513
mem[X,0x000000008004010A] -> 0x00B5
[10655] [M]: 0x0000000080040108 (0x00B51513) slli a0, a0, 11
x10 <- 0x0000000000000000
mem[X,0x000000008004010C] -> 0x0513
mem[X,0x000000008004010E] -> 0x5A85
[10656] [M]: 0x000000008004010C (0x5A850513) addi a0, a0, 1448
x10 <- 0x00000000000005A8
mem[X,0x0000000080040110] -> 0x1513
mem[X,0x0000000080040112] -> 0x00B5
[10657] [M]: 0x0000000080040110 (0x00B51513) slli a0, a0, 11
x10 <- 0x00000000002D4000
mem[X,0x0000000080040114] -> 0x0513
mem[X,0x0000000080040116] -> 0x13C5
[10658] [M]: 0x0000000080040114 (0x13C50513) addi a0, a0, 316
x10 <- 0x00000000002D413C
mem[X,0x0000000080040118] -> 0x1513
mem[X,0x000000008004011A] -> 0x00A5
[10659] [M]: 0x0000000080040118 (0x00A51513) slli a0, a0, 10
x10 <- 0x00000000B504F000
mem[X,0x000000008004011C] -> 0x0513
mem[X,0x000000008004011E] -> 0x3345
[10660] [M]: 0x000000008004011C (0x33450513) addi a0, a0, 820
x10 <- 0x00000000B504F334
mem[X,0x0000000080040120] -> 0x35B7
mem[X,0x0000000080040122] -> 0x3333
[10661] [M]: 0x0000000080040120 (0x333335B7) lui a1, 209715
x11 <- 0x0000000033333000
mem[X,0x0000000080040124] -> 0x8593
mem[X,0x0000000080040126] -> 0x3335
[10662] [M]: 0x0000000080040124 (0x33358593) addi a1, a1, 819
x11 <- 0x0000000033333333
mem[X,0x0000000080040128] -> 0x9593
mem[X,0x000000008004012A] -> 0x00B5
[10663] [M]: 0x0000000080040128 (0x00B59593) slli a1, a1, 11
x11 <- 0x0000019999999800
mem[X,0x000000008004012C] -> 0x8593
mem[X,0x000000008004012E] -> 0x1995
[10664] [M]: 0x000000008004012C (0x19958593) addi a1, a1, 409
x11 <- 0x0000019999999999
mem[X,0x0000000080040130] -> 0x9593
mem[X,0x0000000080040132] -> 0x00B5
[10665] [M]: 0x0000000080040130 (0x00B59593) slli a1, a1, 11
x11 <- 0x000CCCCCCCCCC800
mem[X,0x0000000080040134] -> 0x8593
mem[X,0x0000000080040136] -> 0x4CC5
[10666] [M]: 0x0000000080040134 (0x4CC58593) addi a1, a1, 1228
x11 <- 0x000CCCCCCCCCCCCC
mem[X,0x0000000080040138] -> 0x9593
mem[X,0x000000008004013A] -> 0x00A5
[10667] [M]: 0x0000000080040138 (0x00A59593) slli a1, a1, 10
x11 <- 0x3333333333333000
mem[X,0x000000008004013C] -> 0x8593
mem[X,0x000000008004013E] -> 0x3335
[10668] [M]: 0x000000008004013C (0x33358593) addi a1, a1, 819
x11 <- 0x3333333333333333
mem[X,0x0000000080040140] -> 0x0213
mem[X,0x0000000080040142] -> 0x0000
[10669] [M]: 0x0000000080040140 (0x00000213) addi tp, zero, 0
x4 <- 0x0000000000000000
mem[X,0x0000000080040144] -> 0x006F
mem[X,0x0000000080040146] -> 0x00C0
[10670] [M]: 0x0000000080040144 (0x00C0006F) jal zero, 12
mem[X,0x0000000080040150] -> 0x0663
mem[X,0x0000000080040152] -> 0x00B5
[10671] [M]: 0x0000000080040150 (0x00B50663) beq a0, a1, 12
mem[X,0x0000000080040154] -> 0x0213
mem[X,0x0000000080040156] -> 0x0022
[10672] [M]: 0x0000000080040154 (0x00220213) addi tp, tp, 2
x4 <- 0x0000000000000002
mem[X,0x0000000080040158] -> 0x006F
mem[X,0x000000008004015A] -> 0x00C0
[10673] [M]: 0x0000000080040158 (0x00C0006F) jal zero, 12
mem[X,0x0000000080040164] -> 0x3C23
mem[X,0x0000000080040166] -> 0x3641
[10674] [M]: 0x0000000080040164 (0x36413C23) sd tp, 888(sp)
mem[0x000000008004A540] <- 0x0000000000000002
mem[X,0x0000000080040168] -> 0x0537
mem[X,0x000000008004016A] -> 0x0000
[10675] [M]: 0x0000000080040168 (0x00000537) lui a0, 0
x10 <- 0x0000000000000000
mem[X,0x000000008004016C] -> 0x0513
mem[X,0x000000008004016E] -> 0x0005
[10676] [M]: 0x000000008004016C (0x00050513) addi a0, a0, 0
x10 <- 0x0000000000000000
mem[X,0x0000000080040170] -> 0x1513
mem[X,0x0000000080040172] -> 0x00B5
[10677] [M]: 0x0000000080040170 (0x00B51513) slli a0, a0, 11
x10 <- 0x0000000000000000
mem[X,0x0000000080040174] -> 0x0513
mem[X,0x0000000080040176] -> 0x5A85
[10678] [M]: 0x0000000080040174 (0x5A850513) addi a0, a0, 1448
x10 <- 0x00000000000005A8
mem[X,0x0000000080040178] -> 0x1513
mem[X,0x000000008004017A] -> 0x00B5
[10679] [M]: 0x0000000080040178 (0x00B51513) slli a0, a0, 11
x10 <- 0x00000000002D4000
mem[X,0x000000008004017C] -> 0x0513
mem[X,0x000000008004017E] -> 0x13C5
[10680] [M]: 0x000000008004017C (0x13C50513) addi a0, a0, 316
x10 <- 0x00000000002D413C
mem[X,0x0000000080040180] -> 0x1513
mem[X,0x0000000080040182] -> 0x00A5
[10681] [M]: 0x0000000080040180 (0x00A51513) slli a0, a0, 10
x10 <- 0x00000000B504F000
mem[X,0x0000000080040184] -> 0x0513
mem[X,0x0000000080040186] -> 0x3345
[10682] [M]: 0x0000000080040184 (0x33450513) addi a0, a0, 820
x10 <- 0x00000000B504F334
mem[X,0x0000000080040188] -> 0x65B7
mem[X,0x000000008004018A] -> 0x6666
[10683] [M]: 0x0000000080040188 (0x666665B7) lui a1, 419430
x11 <- 0x0000000066666000
mem[X,0x000000008004018C] -> 0x8593
mem[X,0x000000008004018E] -> 0x6665
[10684] [M]: 0x000000008004018C (0x66658593) addi a1, a1, 1638
x11 <- 0x0000000066666666
mem[X,0x0000000080040190] -> 0x9593
mem[X,0x0000000080040192] -> 0x00B5
[10685] [M]: 0x0000000080040190 (0x00B59593) slli a1, a1, 11
x11 <- 0x0000033333333000
mem[X,0x0000000080040194] -> 0x8593
mem[X,0x0000000080040196] -> 0x3335
[10686] [M]: 0x0000000080040194 (0x33358593) addi a1, a1, 819
x11 <- 0x0000033333333333
mem[X,0x0000000080040198] -> 0x9593
mem[X,0x000000008004019A] -> 0x00B5
[10687] [M]: 0x0000000080040198 (0x00B59593) slli a1, a1, 11
x11 <- 0x0019999999999800
mem[X,0x000000008004019C] -> 0x8593
mem[X,0x000000008004019E] -> 0x1995
[10688] [M]: 0x000000008004019C (0x19958593) addi a1, a1, 409
x11 <- 0x0019999999999999
mem[X,0x00000000800401A0] -> 0x9593
mem[X,0x00000000800401A2] -> 0x00A5
[10689] [M]: 0x00000000800401A0 (0x00A59593) slli a1, a1, 10
x11 <- 0x6666666666666400
mem[X,0x00000000800401A4] -> 0x8593
mem[X,0x00000000800401A6] -> 0x2665
[10690] [M]: 0x00000000800401A4 (0x26658593) addi a1, a1, 614
x11 <- 0x6666666666666666
mem[X,0x00000000800401A8] -> 0x0213
mem[X,0x00000000800401AA] -> 0x0000
[10691] [M]: 0x00000000800401A8 (0x00000213) addi tp, zero, 0
x4 <- 0x0000000000000000
mem[X,0x00000000800401AC] -> 0x006F
mem[X,0x00000000800401AE] -> 0x00C0
[10692] [M]: 0x00000000800401AC (0x00C0006F) jal zero, 12
mem[X,0x00000000800401B8] -> 0x0863
mem[X,0x00000000800401BA] -> 0x00B5
[10693] [M]: 0x00000000800401B8 (0x00B50863) beq a0, a1, 16
mem[X,0x00000000800401BC] -> 0x0213
mem[X,0x00000000800401BE] -> 0x0022
[10694] [M]: 0x00000000800401BC (0x00220213) addi tp, tp, 2
x4 <- 0x0000000000000002
mem[X,0x00000000800401C0] -> 0x006F
mem[X,0x00000000800401C2] -> 0x0100
[10695] [M]: 0x00000000800401C0 (0x0100006F) jal zero, 16
mem[X,0x00000000800401D0] -> 0x3023
mem[X,0x00000000800401D2] -> 0x3841
[10696] [M]: 0x00000000800401D0 (0x38413023) sd tp, 896(sp)
mem[0x000000008004A548] <- 0x0000000000000002
mem[X,0x00000000800401D4] -> 0x0537
mem[X,0x00000000800401D6] -> 0x0000
[10697] [M]: 0x00000000800401D4 (0x00000537) lui a0, 0
x10 <- 0x0000000000000000
mem[X,0x00000000800401D8] -> 0x0513
mem[X,0x00000000800401DA] -> 0x0005
[10698] [M]: 0x00000000800401D8 (0x00050513) addi a0, a0, 0
x10 <- 0x0000000000000000
mem[X,0x00000000800401DC] -> 0x1513
mem[X,0x00000000800401DE] -> 0x00B5
[10699] [M]: 0x00000000800401DC (0x00B51513) slli a0, a0, 11
x10 <- 0x0000000000000000
clint::tick mtime <- 0x000000000000006B
 clint timer pending at mtime 0x000000000000006B
htif::tick 0x0000000000000000
mem[X,0x00000000800401E0] -> 0x0513
mem[X,0x00000000800401E2] -> 0x5A85
[10700] [M]: 0x00000000800401E0 (0x5A850513) addi a0, a0, 1448
x10 <- 0x00000000000005A8
mem[X,0x00000000800401E4] -> 0x1513
mem[X,0x00000000800401E6] -> 0x00B5
[10701] [M]: 0x00000000800401E4 (0x00B51513) slli a0, a0, 11
x10 <- 0x00000000002D4000
mem[X,0x00000000800401E8] -> 0x0513
mem[X,0x00000000800401EA] -> 0x13C5
[10702] [M]: 0x00000000800401E8 (0x13C50513) addi a0, a0, 316
x10 <- 0x00000000002D413C
mem[X,0x00000000800401EC] -> 0x1513
mem[X,0x00000000800401EE] -> 0x00A5
[10703] [M]: 0x00000000800401EC (0x00A51513) slli a0, a0, 10
x10 <- 0x00000000B504F000
mem[X,0x00000000800401F0] -> 0x0513
mem[X,0x00000000800401F2] -> 0x3345
[10704] [M]: 0x00000000800401F0 (0x33450513) addi a0, a0, 820
x10 <- 0x00000000B504F334
mem[X,0x00000000800401F4] -> 0x05B7
mem[X,0x00000000800401F6] -> 0x0000
[10705] [M]: 0x00000000800401F4 (0x000005B7) lui a1, 0
x11 <- 0x0000000000000000
mem[X,0x00000000800401F8] -> 0x8593
mem[X,0x00000000800401FA] -> 0xFFF5
[10706] [M]: 0x00000000800401F8 (0xFFF58593) addi a1, a1, 4095
x11 <- 0xFFFFFFFFFFFFFFFF
mem[X,0x00000000800401FC] -> 0x9593
mem[X,0x00000000800401FE] -> 0x00B5
[10707] [M]: 0x00000000800401FC (0x00B59593) slli a1, a1, 11
x11 <- 0xFFFFFFFFFFFFF800
mem[X,0x0000000080040200] -> 0x8593
mem[X,0x0000000080040202] -> 0x2575
[10708] [M]: 0x0000000080040200 (0x25758593) addi a1, a1, 599
x11 <- 0xFFFFFFFFFFFFFA57
mem[X,0x0000000080040204] -> 0x9593
mem[X,0x0000000080040206] -> 0x00B5
[10709] [M]: 0x0000000080040204 (0x00B59593) slli a1, a1, 11
x11 <- 0xFFFFFFFFFFD2B800
mem[X,0x0000000080040208] -> 0x8593
mem[X,0x000000008004020A] -> 0x6C35
[10710] [M]: 0x0000000080040208 (0x6C358593) addi a1, a1, 1731
x11 <- 0xFFFFFFFFFFD2BEC3
mem[X,0x000000008004020C] -> 0x9593
mem[X,0x000000008004020E] -> 0x00A5
[10711] [M]: 0x000000008004020C (0x00A59593) slli a1, a1, 10
x11 <- 0xFFFFFFFF4AFB0C00
mem[X,0x0000000080040210] -> 0x8593
mem[X,0x0000000080040212] -> 0x0CD5
[10712] [M]: 0x0000000080040210 (0x0CD58593) addi a1, a1, 205
x11 <- 0xFFFFFFFF4AFB0CCD
mem[X,0x0000000080040214] -> 0x0213
mem[X,0x0000000080040216] -> 0x0000
[10713] [M]: 0x0000000080040214 (0x00000213) addi tp, zero, 0
x4 <- 0x0000000000000000
mem[X,0x0000000080040218] -> 0x006F
mem[X,0x000000008004021A] -> 0x00C0
[10714] [M]: 0x0000000080040218 (0x00C0006F) jal zero, 12
mem[X,0x0000000080040224] -> 0x0663
mem[X,0x0000000080040226] -> 0x00B5
[10715] [M]: 0x0000000080040224 (0x00B50663) beq a0, a1, 12
mem[X,0x0000000080040228] -> 0x0213
mem[X,0x000000008004022A] -> 0x0022
[10716] [M]: 0x0000000080040228 (0x00220213) addi tp, tp, 2
x4 <- 0x0000000000000002
mem[X,0x000000008004022C] -> 0x006F
mem[X,0x000000008004022E] -> 0x00C0
[10717] [M]: 0x000000008004022C (0x00C0006F) jal zero, 12
mem[X,0x0000000080040238] -> 0x3423
mem[X,0x000000008004023A] -> 0x3841
[10718] [M]: 0x0000000080040238 (0x38413423) sd tp, 904(sp)
mem[0x000000008004A550] <- 0x0000000000000002
mem[X,0x000000008004023C] -> 0x0537
mem[X,0x000000008004023E] -> 0x0000
[10719] [M]: 0x000000008004023C (0x00000537) lui a0, 0
x10 <- 0x0000000000000000
mem[X,0x0000000080040240] -> 0x0513
mem[X,0x0000000080040242] -> 0x0005
[10720] [M]: 0x0000000080040240 (0x00050513) addi a0, a0, 0
x10 <- 0x0000000000000000
mem[X,0x0000000080040244] -> 0x1513
mem[X,0x0000000080040246] -> 0x00B5
[10721] [M]: 0x0000000080040244 (0x00B51513) slli a0, a0, 11
x10 <- 0x0000000000000000
mem[X,0x0000000080040248] -> 0x0513
mem[X,0x000000008004024A] -> 0x5A85
[10722] [M]: 0x0000000080040248 (0x5A850513) addi a0, a0, 1448
x10 <- 0x00000000000005A8
mem[X,0x000000008004024C] -> 0x1513
mem[X,0x000000008004024E] -> 0x00B5
[10723] [M]: 0x000000008004024C (0x00B51513) slli a0, a0, 11
x10 <- 0x00000000002D4000
mem[X,0x0000000080040250] -> 0x0513
mem[X,0x0000000080040252] -> 0x13C5
[10724] [M]: 0x0000000080040250 (0x13C50513) addi a0, a0, 316
x10 <- 0x00000000002D413C
mem[X,0x0000000080040254] -> 0x1513
mem[X,0x0000000080040256] -> 0x00A5
[10725] [M]: 0x0000000080040254 (0x00A51513) slli a0, a0, 10
x10 <- 0x00000000B504F000
mem[X,0x0000000080040258] -> 0x0513
mem[X,0x000000008004025A] -> 0x3345
[10726] [M]: 0x0000000080040258 (0x33450513) addi a0, a0, 820
x10 <- 0x00000000B504F334
mem[X,0x000000008004025C] -> 0x05B7
mem[X,0x000000008004025E] -> 0x0000
[10727] [M]: 0x000000008004025C (0x000005B7) lui a1, 0
x11 <- 0x0000000000000000
mem[X,0x0000000080040260] -> 0x8593
mem[X,0x0000000080040262] -> 0x0005
[10728] [M]: 0x0000000080040260 (0x00058593) addi a1, a1, 0
x11 <- 0x0000000000000000
mem[X,0x0000000080040264] -> 0x9593
mem[X,0x0000000080040266] -> 0x00B5
[10729] [M]: 0x0000000080040264 (0x00B59593) slli a1, a1, 11
x11 <- 0x0000000000000000
mem[X,0x0000000080040268] -> 0x8593
mem[X,0x000000008004026A] -> 0x5A85
[10730] [M]: 0x0000000080040268 (0x5A858593) addi a1, a1, 1448
x11 <- 0x00000000000005A8
mem[X,0x000000008004026C] -> 0x9593
mem[X,0x000000008004026E] -> 0x00B5
[10731] [M]: 0x000000008004026C (0x00B59593) slli a1, a1, 11
x11 <- 0x00000000002D4000
mem[X,0x0000000080040270] -> 0x8593
mem[X,0x0000000080040272] -> 0x13C5
[10732] [M]: 0x0000000080040270 (0x13C58593) addi a1, a1, 316
x11 <- 0x00000000002D413C
mem[X,0x0000000080040274] -> 0x9593
mem[X,0x0000000080040276] -> 0x00A5
[10733] [M]: 0x0000000080040274 (0x00A59593) slli a1, a1, 10
x11 <- 0x00000000B504F000
mem[X,0x0000000080040278] -> 0x8593
mem[X,0x000000008004027A] -> 0x3335
[10734] [M]: 0x0000000080040278 (0x33358593) addi a1, a1, 819
x11 <- 0x00000000B504F333
mem[X,0x000000008004027C] -> 0x0213
mem[X,0x000000008004027E] -> 0x0000
[10735] [M]: 0x000000008004027C (0x00000213) addi tp, zero, 0
x4 <- 0x0000000000000000
mem[X,0x0000000080040280] -> 0x006F
mem[X,0x0000000080040282] -> 0x2B10
[10736] [M]: 0x0000000080040280 (0x2B10006F) jal zero, 2736
mem[X,0x0000000080040D30] -> 0x0A63
mem[X,0x0000000080040D32] -> 0xD4B5
[10737] [M]: 0x0000000080040D30 (0xD4B50A63) beq a0, a1, 5460
mem[X,0x0000000080040D34] -> 0x0213
mem[X,0x0000000080040D36] -> 0x0022
[10738] [M]: 0x0000000080040D34 (0x00220213) addi tp, tp, 2
x4 <- 0x0000000000000002
mem[X,0x0000000080040D38] -> 0x006F
mem[X,0x0000000080040D3A] -> 0x00C0
[10739] [M]: 0x0000000080040D38 (0x00C0006F) jal zero, 12
mem[X,0x0000000080040D44] -> 0x3823
mem[X,0x0000000080040D46] -> 0x3841
[10740] [M]: 0x0000000080040D44 (0x38413823) sd tp, 912(sp)
mem[0x000000008004A558] <- 0x0000000000000002
mem[X,0x0000000080040D48] -> 0x0537
mem[X,0x0000000080040D4A] -> 0x0000
[10741] [M]: 0x0000000080040D48 (0x00000537) lui a0, 0
x10 <- 0x0000000000000000
mem[X,0x0000000080040D4C] -> 0x0513
mem[X,0x0000000080040D4E] -> 0x0005
[10742] [M]: 0x0000000080040D4C (0x00050513) addi a0, a0, 0
x10 <- 0x0000000000000000
mem[X,0x0000000080040D50] -> 0x1513
mem[X,0x0000000080040D52] -> 0x00B5
[10743] [M]: 0x0000000080040D50 (0x00B51513) slli a0, a0, 11
x10 <- 0x0000000000000000
mem[X,0x0000000080040D54] -> 0x0513
mem[X,0x0000000080040D56] -> 0x5A85
[10744] [M]: 0x0000000080040D54 (0x5A850513) addi a0, a0, 1448
x10 <- 0x00000000000005A8
mem[X,0x0000000080040D58] -> 0x1513
mem[X,0x0000000080040D5A] -> 0x00B5
[10745] [M]: 0x0000000080040D58 (0x00B51513) slli a0, a0, 11
x10 <- 0x00000000002D4000
mem[X,0x0000000080040D5C] -> 0x0513
mem[X,0x0000000080040D5E] -> 0x13C5
[10746] [M]: 0x0000000080040D5C (0x13C50513) addi a0, a0, 316
x10 <- 0x00000000002D413C
mem[X,0x0000000080040D60] -> 0x1513
mem[X,0x0000000080040D62] -> 0x00A5
[10747] [M]: 0x0000000080040D60 (0x00A51513) slli a0, a0, 10
x10 <- 0x00000000B504F000
mem[X,0x0000000080040D64] -> 0x0513
mem[X,0x0000000080040D66] -> 0x3345
[10748] [M]: 0x0000000080040D64 (0x33450513) addi a0, a0, 820
x10 <- 0x00000000B504F334
mem[X,0x0000000080040D68] -> 0x0593
mem[X,0x0000000080040D6A] -> 0x0020
[10749] [M]: 0x0000000080040D68 (0x00200593) addi a1, zero, 2
x11 <- 0x0000000000000002
mem[X,0x0000000080040D6C] -> 0x0213
mem[X,0x0000000080040D6E] -> 0x0000
[10750] [M]: 0x0000000080040D6C (0x00000213) addi tp, zero, 0
x4 <- 0x0000000000000000
mem[X,0x0000000080040D70] -> 0x006F
mem[X,0x0000000080040D72] -> 0x00C0
[10751] [M]: 0x0000000080040D70 (0x00C0006F) jal zero, 12
mem[X,0x0000000080040D7C] -> 0x0063
mem[X,0x0000000080040D7E] -> 0x08B5
[10752] [M]: 0x0000000080040D7C (0x08B50063) beq a0, a1, 128
mem[X,0x0000000080040D80] -> 0x0213
mem[X,0x0000000080040D82] -> 0x0022
[10753] [M]: 0x0000000080040D80 (0x00220213) addi tp, tp, 2
x4 <- 0x0000000000000002
mem[X,0x0000000080040D84] -> 0x006F
mem[X,0x0000000080040D86] -> 0x0800
[10754] [M]: 0x0000000080040D84 (0x0800006F) jal zero, 128
mem[X,0x0000000080040E04] -> 0x3C23
mem[X,0x0000000080040E06] -> 0x3841
[10755] [M]: 0x0000000080040E04 (0x38413C23) sd tp, 920(sp)
mem[0x000000008004A560] <- 0x0000000000000002
mem[X,0x0000000080040E08] -> 0x0537
mem[X,0x0000000080040E0A] -> 0x0000
[10756] [M]: 0x0000000080040E08 (0x00000537) lui a0, 0
x10 <- 0x0000000000000000
mem[X,0x0000000080040E0C] -> 0x0513
mem[X,0x0000000080040E0E] -> 0x0005
[10757] [M]: 0x0000000080040E0C (0x00050513) addi a0, a0, 0
x10 <- 0x0000000000000000
mem[X,0x0000000080040E10] -> 0x1513
mem[X,0x0000000080040E12] -> 0x00B5
[10758] [M]: 0x0000000080040E10 (0x00B51513) slli a0, a0, 11
x10 <- 0x0000000000000000
mem[X,0x0000000080040E14] -> 0x0513
mem[X,0x0000000080040E16] -> 0x5A85
[10759] [M]: 0x0000000080040E14 (0x5A850513) addi a0, a0, 1448
x10 <- 0x00000000000005A8
mem[X,0x0000000080040E18] -> 0x1513
mem[X,0x0000000080040E1A] -> 0x00B5
[10760] [M]: 0x0000000080040E18 (0x00B51513) slli a0, a0, 11
x10 <- 0x00000000002D4000
mem[X,0x0000000080040E1C] -> 0x0513
mem[X,0x0000000080040E1E] -> 0x13C5
[10761] [M]: 0x0000000080040E1C (0x13C50513) addi a0, a0, 316
x10 <- 0x00000000002D413C
mem[X,0x0000000080040E20] -> 0x1513
mem[X,0x0000000080040E22] -> 0x00A5
[10762] [M]: 0x0000000080040E20 (0x00A51513) slli a0, a0, 10
x10 <- 0x00000000B504F000
mem[X,0x0000000080040E24] -> 0x0513
mem[X,0x0000000080040E26] -> 0x3345
[10763] [M]: 0x0000000080040E24 (0x33450513) addi a0, a0, 820
x10 <- 0x00000000B504F334
mem[X,0x0000000080040E28] -> 0x55B7
mem[X,0x0000000080040E2A] -> 0x5555
[10764] [M]: 0x0000000080040E28 (0x555555B7) lui a1, 349525
x11 <- 0x0000000055555000
mem[X,0x0000000080040E2C] -> 0x8593
mem[X,0x0000000080040E2E] -> 0x5555
[10765] [M]: 0x0000000080040E2C (0x55558593) addi a1, a1, 1365
x11 <- 0x0000000055555555
mem[X,0x0000000080040E30] -> 0x9593
mem[X,0x0000000080040E32] -> 0x00B5
[10766] [M]: 0x0000000080040E30 (0x00B59593) slli a1, a1, 11
x11 <- 0x000002AAAAAAA800
mem[X,0x0000000080040E34] -> 0x8593
mem[X,0x0000000080040E36] -> 0x2AA5
[10767] [M]: 0x0000000080040E34 (0x2AA58593) addi a1, a1, 682
x11 <- 0x000002AAAAAAAAAA
mem[X,0x0000000080040E38] -> 0x9593
mem[X,0x0000000080040E3A] -> 0x00B5
[10768] [M]: 0x0000000080040E38 (0x00B59593) slli a1, a1, 11
x11 <- 0x0015555555555000
mem[X,0x0000000080040E3C] -> 0x8593
mem[X,0x0000000080040E3E] -> 0x5555
[10769] [M]: 0x0000000080040E3C (0x55558593) addi a1, a1, 1365
x11 <- 0x0015555555555555
mem[X,0x0000000080040E40] -> 0x9593
mem[X,0x0000000080040E42] -> 0x00A5
[10770] [M]: 0x0000000080040E40 (0x00A59593) slli a1, a1, 10
x11 <- 0x5555555555555400
mem[X,0x0000000080040E44] -> 0x8593
mem[X,0x0000000080040E46] -> 0x1545
[10771] [M]: 0x0000000080040E44 (0x15458593) addi a1, a1, 340
x11 <- 0x5555555555555554
mem[X,0x0000000080040E48] -> 0x0213
mem[X,0x0000000080040E4A] -> 0x0000
[10772] [M]: 0x0000000080040E48 (0x00000213) addi tp, zero, 0
x4 <- 0x0000000000000000
mem[X,0x0000000080040E4C] -> 0x006F
mem[X,0x0000000080040E4E] -> 0x00C0
[10773] [M]: 0x0000000080040E4C (0x00C0006F) jal zero, 12
mem[X,0x0000000080040E58] -> 0x0CE3
mem[X,0x0000000080040E5A] -> 0xFEB5
[10774] [M]: 0x0000000080040E58 (0xFEB50CE3) beq a0, a1, 8184
mem[X,0x0000000080040E5C] -> 0x0213
mem[X,0x0000000080040E5E] -> 0x0022
[10775] [M]: 0x0000000080040E5C (0x00220213) addi tp, tp, 2
x4 <- 0x0000000000000002
mem[X,0x0000000080040E60] -> 0x006F
mem[X,0x0000000080040E62] -> 0x00C0
[10776] [M]: 0x0000000080040E60 (0x00C0006F) jal zero, 12
mem[X,0x0000000080040E6C] -> 0x3023
mem[X,0x0000000080040E6E] -> 0x3A41
[10777] [M]: 0x0000000080040E6C (0x3A413023) sd tp, 928(sp)
mem[0x000000008004A568] <- 0x0000000000000002
mem[X,0x0000000080040E70] -> 0x0537
mem[X,0x0000000080040E72] -> 0x0000
[10778] [M]: 0x0000000080040E70 (0x00000537) lui a0, 0
x10 <- 0x0000000000000000
mem[X,0x0000000080040E74] -> 0x0513
mem[X,0x0000000080040E76] -> 0x0005
[10779] [M]: 0x0000000080040E74 (0x00050513) addi a0, a0, 0
x10 <- 0x0000000000000000
mem[X,0x0000000080040E78] -> 0x1513
mem[X,0x0000000080040E7A] -> 0x00B5
[10780] [M]: 0x0000000080040E78 (0x00B51513) slli a0, a0, 11
x10 <- 0x0000000000000000
mem[X,0x0000000080040E7C] -> 0x0513
mem[X,0x0000000080040E7E] -> 0x5A85
[10781] [M]: 0x0000000080040E7C (0x5A850513) addi a0, a0, 1448
x10 <- 0x00000000000005A8
mem[X,0x0000000080040E80] -> 0x1513
mem[X,0x0000000080040E82] -> 0x00B5
[10782] [M]: 0x0000000080040E80 (0x00B51513) slli a0, a0, 11
x10 <- 0x00000000002D4000
mem[X,0x0000000080040E84] -> 0x0513
mem[X,0x0000000080040E86] -> 0x13C5
[10783] [M]: 0x0000000080040E84 (0x13C50513) addi a0, a0, 316
x10 <- 0x00000000002D413C
mem[X,0x0000000080040E88] -> 0x1513
mem[X,0x0000000080040E8A] -> 0x00A5
[10784] [M]: 0x0000000080040E88 (0x00A51513) slli a0, a0, 10
x10 <- 0x00000000B504F000
mem[X,0x0000000080040E8C] -> 0x0513
mem[X,0x0000000080040E8E] -> 0x3345
[10785] [M]: 0x0000000080040E8C (0x33450513) addi a0, a0, 820
x10 <- 0x00000000B504F334
mem[X,0x0000000080040E90] -> 0x0593
mem[X,0x0000000080040E92] -> 0x0000
[10786] [M]: 0x0000000080040E90 (0x00000593) addi a1, zero, 0
x11 <- 0x0000000000000000
mem[X,0x0000000080040E94] -> 0x0213
mem[X,0x0000000080040E96] -> 0x0000
[10787] [M]: 0x0000000080040E94 (0x00000213) addi tp, zero, 0
x4 <- 0x0000000000000000
mem[X,0x0000000080040E98] -> 0x006F
mem[X,0x0000000080040E9A] -> 0x00C0
[10788] [M]: 0x0000000080040E98 (0x00C0006F) jal zero, 12
mem[X,0x0000000080040EA4] -> 0x0063
mem[X,0x0000000080040EA6] -> 0x10B5
[10789] [M]: 0x0000000080040EA4 (0x10B50063) beq a0, a1, 256
mem[X,0x0000000080040EA8] -> 0x0213
mem[X,0x0000000080040EAA] -> 0x0022
[10790] [M]: 0x0000000080040EA8 (0x00220213) addi tp, tp, 2
x4 <- 0x0000000000000002
mem[X,0x0000000080040EAC] -> 0x006F
mem[X,0x0000000080040EAE] -> 0x1000
[10791] [M]: 0x0000000080040EAC (0x1000006F) jal zero, 256
mem[X,0x0000000080040FAC] -> 0x3423
mem[X,0x0000000080040FAE] -> 0x3A41
[10792] [M]: 0x0000000080040FAC (0x3A413423) sd tp, 936(sp)
mem[0x000000008004A570] <- 0x0000000000000002
mem[X,0x0000000080040FB0] -> 0x0537
mem[X,0x0000000080040FB2] -> 0x0000
[10793] [M]: 0x0000000080040FB0 (0x00000537) lui a0, 0
x10 <- 0x0000000000000000
mem[X,0x0000000080040FB4] -> 0x0513
mem[X,0x0000000080040FB6] -> 0x0005
[10794] [M]: 0x0000000080040FB4 (0x00050513) addi a0, a0, 0
x10 <- 0x0000000000000000
mem[X,0x0000000080040FB8] -> 0x1513
mem[X,0x0000000080040FBA] -> 0x00B5
[10795] [M]: 0x0000000080040FB8 (0x00B51513) slli a0, a0, 11
x10 <- 0x0000000000000000
mem[X,0x0000000080040FBC] -> 0x0513
mem[X,0x0000000080040FBE] -> 0x5A85
[10796] [M]: 0x0000000080040FBC (0x5A850513) addi a0, a0, 1448
x10 <- 0x00000000000005A8
mem[X,0x0000000080040FC0] -> 0x1513
mem[X,0x0000000080040FC2] -> 0x00B5
[10797] [M]: 0x0000000080040FC0 (0x00B51513) slli a0, a0, 11
x10 <- 0x00000000002D4000
mem[X,0x0000000080040FC4] -> 0x0513
mem[X,0x0000000080040FC6] -> 0x13C5
[10798] [M]: 0x0000000080040FC4 (0x13C50513) addi a0, a0, 316
x10 <- 0x00000000002D413C
mem[X,0x0000000080040FC8] -> 0x1513
mem[X,0x0000000080040FCA] -> 0x00A5
[10799] [M]: 0x0000000080040FC8 (0x00A51513) slli a0, a0, 10
x10 <- 0x00000000B504F000
clint::tick mtime <- 0x000000000000006C
 clint timer pending at mtime 0x000000000000006C
htif::tick 0x0000000000000000
mem[X,0x0000000080040FCC] -> 0x0513
mem[X,0x0000000080040FCE] -> 0x3345
[10800] [M]: 0x0000000080040FCC (0x33450513) addi a0, a0, 820
x10 <- 0x00000000B504F334
mem[X,0x0000000080040FD0] -> 0x0593
mem[X,0x0000000080040FD2] -> 0x0040
[10801] [M]: 0x0000000080040FD0 (0x00400593) addi a1, zero, 4
x11 <- 0x0000000000000004
mem[X,0x0000000080040FD4] -> 0x0213
mem[X,0x0000000080040FD6] -> 0x0000
[10802] [M]: 0x0000000080040FD4 (0x00000213) addi tp, zero, 0
x4 <- 0x0000000000000000
mem[X,0x0000000080040FD8] -> 0x006F
mem[X,0x0000000080040FDA] -> 0x2B10
[10803] [M]: 0x0000000080040FD8 (0x2B10006F) jal zero, 2736
mem[X,0x0000000080041A88] -> 0x0A63
mem[X,0x0000000080041A8A] -> 0xD4B5
[10804] [M]: 0x0000000080041A88 (0xD4B50A63) beq a0, a1, 5460
mem[X,0x0000000080041A8C] -> 0x0213
mem[X,0x0000000080041A8E] -> 0x0022
[10805] [M]: 0x0000000080041A8C (0x00220213) addi tp, tp, 2
x4 <- 0x0000000000000002
mem[X,0x0000000080041A90] -> 0x006F
mem[X,0x0000000080041A92] -> 0x00C0
[10806] [M]: 0x0000000080041A90 (0x00C0006F) jal zero, 12
mem[X,0x0000000080041A9C] -> 0x3823
mem[X,0x0000000080041A9E] -> 0x3A41
[10807] [M]: 0x0000000080041A9C (0x3A413823) sd tp, 944(sp)
mem[0x000000008004A578] <- 0x0000000000000002
mem[X,0x0000000080041AA0] -> 0x0537
mem[X,0x0000000080041AA2] -> 0x0000
[10808] [M]: 0x0000000080041AA0 (0x00000537) lui a0, 0
x10 <- 0x0000000000000000
mem[X,0x0000000080041AA4] -> 0x0513
mem[X,0x0000000080041AA6] -> 0x0005
[10809] [M]: 0x0000000080041AA4 (0x00050513) addi a0, a0, 0
x10 <- 0x0000000000000000
mem[X,0x0000000080041AA8] -> 0x1513
mem[X,0x0000000080041AAA] -> 0x00B5
[10810] [M]: 0x0000000080041AA8 (0x00B51513) slli a0, a0, 11
x10 <- 0x0000000000000000
mem[X,0x0000000080041AAC] -> 0x0513
mem[X,0x0000000080041AAE] -> 0x5A85
[10811] [M]: 0x0000000080041AAC (0x5A850513) addi a0, a0, 1448
x10 <- 0x00000000000005A8
mem[X,0x0000000080041AB0] -> 0x1513
mem[X,0x0000000080041AB2] -> 0x00B5
[10812] [M]: 0x0000000080041AB0 (0x00B51513) slli a0, a0, 11
x10 <- 0x00000000002D4000
mem[X,0x0000000080041AB4] -> 0x0513
mem[X,0x0000000080041AB6] -> 0x13C5
[10813] [M]: 0x0000000080041AB4 (0x13C50513) addi a0, a0, 316
x10 <- 0x00000000002D413C
mem[X,0x0000000080041AB8] -> 0x1513
mem[X,0x0000000080041ABA] -> 0x00A5
[10814] [M]: 0x0000000080041AB8 (0x00A51513) slli a0, a0, 10
x10 <- 0x00000000B504F000
mem[X,0x0000000080041ABC] -> 0x0513
mem[X,0x0000000080041ABE] -> 0x3345
[10815] [M]: 0x0000000080041ABC (0x33450513) addi a0, a0, 820
x10 <- 0x00000000B504F334
mem[X,0x0000000080041AC0] -> 0x35B7
mem[X,0x0000000080041AC2] -> 0x3333
[10816] [M]: 0x0000000080041AC0 (0x333335B7) lui a1, 209715
x11 <- 0x0000000033333000
mem[X,0x0000000080041AC4] -> 0x8593
mem[X,0x0000000080041AC6] -> 0x3335
[10817] [M]: 0x0000000080041AC4 (0x33358593) addi a1, a1, 819
x11 <- 0x0000000033333333
mem[X,0x0000000080041AC8] -> 0x9593
mem[X,0x0000000080041ACA] -> 0x00B5
[10818] [M]: 0x0000000080041AC8 (0x00B59593) slli a1, a1, 11
x11 <- 0x0000019999999800
mem[X,0x0000000080041ACC] -> 0x8593
mem[X,0x0000000080041ACE] -> 0x1995
[10819] [M]: 0x0000000080041ACC (0x19958593) addi a1, a1, 409
x11 <- 0x0000019999999999
mem[X,0x0000000080041AD0] -> 0x9593
mem[X,0x0000000080041AD2] -> 0x00B5
[10820] [M]: 0x0000000080041AD0 (0x00B59593) slli a1, a1, 11
x11 <- 0x000CCCCCCCCCC800
mem[X,0x0000000080041AD4] -> 0x8593
mem[X,0x0000000080041AD6] -> 0x4CC5
[10821] [M]: 0x0000000080041AD4 (0x4CC58593) addi a1, a1, 1228
x11 <- 0x000CCCCCCCCCCCCC
mem[X,0x0000000080041AD8] -> 0x9593
mem[X,0x0000000080041ADA] -> 0x00A5
[10822] [M]: 0x0000000080041AD8 (0x00A59593) slli a1, a1, 10
x11 <- 0x3333333333333000
mem[X,0x0000000080041ADC] -> 0x8593
mem[X,0x0000000080041ADE] -> 0x3325
[10823] [M]: 0x0000000080041ADC (0x33258593) addi a1, a1, 818
x11 <- 0x3333333333333332
mem[X,0x0000000080041AE0] -> 0x0213
mem[X,0x0000000080041AE2] -> 0x0000
[10824] [M]: 0x0000000080041AE0 (0x00000213) addi tp, zero, 0
x4 <- 0x0000000000000000
mem[X,0x0000000080041AE4] -> 0x006F
mem[X,0x0000000080041AE6] -> 0x0050
[10825] [M]: 0x0000000080041AE4 (0x0050006F) jal zero, 2052
mem[X,0x00000000800422E8] -> 0x00E3
mem[X,0x00000000800422EA] -> 0x80B5
[10826] [M]: 0x00000000800422E8 (0x80B500E3) beq a0, a1, 6144
mem[X,0x00000000800422EC] -> 0x0213
mem[X,0x00000000800422EE] -> 0x0022
[10827] [M]: 0x00000000800422EC (0x00220213) addi tp, tp, 2
x4 <- 0x0000000000000002
mem[X,0x00000000800422F0] -> 0x006F
mem[X,0x00000000800422F2] -> 0x00C0
[10828] [M]: 0x00000000800422F0 (0x00C0006F) jal zero, 12
mem[X,0x00000000800422FC] -> 0x3C23
mem[X,0x00000000800422FE] -> 0x3A41
[10829] [M]: 0x00000000800422FC (0x3A413C23) sd tp, 952(sp)
mem[0x000000008004A580] <- 0x0000000000000002
mem[X,0x0000000080042300] -> 0x0537
mem[X,0x0000000080042302] -> 0x0000
[10830] [M]: 0x0000000080042300 (0x00000537) lui a0, 0
x10 <- 0x0000000000000000
mem[X,0x0000000080042304] -> 0x0513
mem[X,0x0000000080042306] -> 0x0005
[10831] [M]: 0x0000000080042304 (0x00050513) addi a0, a0, 0
x10 <- 0x0000000000000000
mem[X,0x0000000080042308] -> 0x1513
mem[X,0x000000008004230A] -> 0x00B5
[10832] [M]: 0x0000000080042308 (0x00B51513) slli a0, a0, 11
x10 <- 0x0000000000000000
mem[X,0x000000008004230C] -> 0x0513
mem[X,0x000000008004230E] -> 0x5A85
[10833] [M]: 0x000000008004230C (0x5A850513) addi a0, a0, 1448
x10 <- 0x00000000000005A8
mem[X,0x0000000080042310] -> 0x1513
mem[X,0x0000000080042312] -> 0x00B5
[10834] [M]: 0x0000000080042310 (0x00B51513) slli a0, a0, 11
x10 <- 0x00000000002D4000
mem[X,0x0000000080042314] -> 0x0513
mem[X,0x0000000080042316] -> 0x13C5
[10835] [M]: 0x0000000080042314 (0x13C50513) addi a0, a0, 316
x10 <- 0x00000000002D413C
mem[X,0x0000000080042318] -> 0x1513
mem[X,0x000000008004231A] -> 0x00A5
[10836] [M]: 0x0000000080042318 (0x00A51513) slli a0, a0, 10
x10 <- 0x00000000B504F000
mem[X,0x000000008004231C] -> 0x0513
mem[X,0x000000008004231E] -> 0x3345
[10837] [M]: 0x000000008004231C (0x33450513) addi a0, a0, 820
x10 <- 0x00000000B504F334
mem[X,0x0000000080042320] -> 0x65B7
mem[X,0x0000000080042322] -> 0x6666
[10838] [M]: 0x0000000080042320 (0x666665B7) lui a1, 419430
x11 <- 0x0000000066666000
mem[X,0x0000000080042324] -> 0x8593
mem[X,0x0000000080042326] -> 0x6665
[10839] [M]: 0x0000000080042324 (0x66658593) addi a1, a1, 1638
x11 <- 0x0000000066666666
mem[X,0x0000000080042328] -> 0x9593
mem[X,0x000000008004232A] -> 0x00B5
[10840] [M]: 0x0000000080042328 (0x00B59593) slli a1, a1, 11
x11 <- 0x0000033333333000
mem[X,0x000000008004232C] -> 0x8593
mem[X,0x000000008004232E] -> 0x3335
[10841] [M]: 0x000000008004232C (0x33358593) addi a1, a1, 819
x11 <- 0x0000033333333333
mem[X,0x0000000080042330] -> 0x9593
mem[X,0x0000000080042332] -> 0x00B5
[10842] [M]: 0x0000000080042330 (0x00B59593) slli a1, a1, 11
x11 <- 0x0019999999999800
mem[X,0x0000000080042334] -> 0x8593
mem[X,0x0000000080042336] -> 0x1995
[10843] [M]: 0x0000000080042334 (0x19958593) addi a1, a1, 409
x11 <- 0x0019999999999999
mem[X,0x0000000080042338] -> 0x9593
mem[X,0x000000008004233A] -> 0x00A5
[10844] [M]: 0x0000000080042338 (0x00A59593) slli a1, a1, 10
x11 <- 0x6666666666666400
mem[X,0x000000008004233C] -> 0x8593
mem[X,0x000000008004233E] -> 0x2655
[10845] [M]: 0x000000008004233C (0x26558593) addi a1, a1, 613
x11 <- 0x6666666666666665
mem[X,0x0000000080042340] -> 0x0213
mem[X,0x0000000080042342] -> 0x0000
[10846] [M]: 0x0000000080042340 (0x00000213) addi tp, zero, 0
x4 <- 0x0000000000000000
mem[X,0x0000000080042344] -> 0x006F
mem[X,0x0000000080042346] -> 0x00C0
[10847] [M]: 0x0000000080042344 (0x00C0006F) jal zero, 12
mem[X,0x0000000080042350] -> 0x0663
mem[X,0x0000000080042352] -> 0x00B5
[10848] [M]: 0x0000000080042350 (0x00B50663) beq a0, a1, 12
mem[X,0x0000000080042354] -> 0x0213
mem[X,0x0000000080042356] -> 0x0022
[10849] [M]: 0x0000000080042354 (0x00220213) addi tp, tp, 2
x4 <- 0x0000000000000002
mem[X,0x0000000080042358] -> 0x006F
mem[X,0x000000008004235A] -> 0x00C0
[10850] [M]: 0x0000000080042358 (0x00C0006F) jal zero, 12
mem[X,0x0000000080042364] -> 0x3023
mem[X,0x0000000080042366] -> 0x3C41
[10851] [M]: 0x0000000080042364 (0x3C413023) sd tp, 960(sp)
mem[0x000000008004A588] <- 0x0000000000000002
mem[X,0x0000000080042368] -> 0x0537
mem[X,0x000000008004236A] -> 0x0000
[10852] [M]: 0x0000000080042368 (0x00000537) lui a0, 0
x10 <- 0x0000000000000000
mem[X,0x000000008004236C] -> 0x0513
mem[X,0x000000008004236E] -> 0x0005
[10853] [M]: 0x000000008004236C (0x00050513) addi a0, a0, 0
x10 <- 0x0000000000000000
mem[X,0x0000000080042370] -> 0x1513
mem[X,0x0000000080042372] -> 0x00B5
[10854] [M]: 0x0000000080042370 (0x00B51513) slli a0, a0, 11
x10 <- 0x0000000000000000
mem[X,0x0000000080042374] -> 0x0513
mem[X,0x0000000080042376] -> 0x5A85
[10855] [M]: 0x0000000080042374 (0x5A850513) addi a0, a0, 1448
x10 <- 0x00000000000005A8
mem[X,0x0000000080042378] -> 0x1513
mem[X,0x000000008004237A] -> 0x00B5
[10856] [M]: 0x0000000080042378 (0x00B51513) slli a0, a0, 11
x10 <- 0x00000000002D4000
mem[X,0x000000008004237C] -> 0x0513
mem[X,0x000000008004237E] -> 0x13C5
[10857] [M]: 0x000000008004237C (0x13C50513) addi a0, a0, 316
x10 <- 0x00000000002D413C
mem[X,0x0000000080042380] -> 0x1513
mem[X,0x0000000080042382] -> 0x00A5
[10858] [M]: 0x0000000080042380 (0x00A51513) slli a0, a0, 10
x10 <- 0x00000000B504F000
mem[X,0x0000000080042384] -> 0x0513
mem[X,0x0000000080042386] -> 0x3345
[10859] [M]: 0x0000000080042384 (0x33450513) addi a0, a0, 820
x10 <- 0x00000000B504F334
mem[X,0x0000000080042388] -> 0x05B7
mem[X,0x000000008004238A] -> 0x0000
[10860] [M]: 0x0000000080042388 (0x000005B7) lui a1, 0
x11 <- 0x0000000000000000
mem[X,0x000000008004238C] -> 0x8593
mem[X,0x000000008004238E] -> 0x0005
[10861] [M]: 0x000000008004238C (0x00058593) addi a1, a1, 0
x11 <- 0x0000000000000000
mem[X,0x0000000080042390] -> 0x9593
mem[X,0x0000000080042392] -> 0x00B5
[10862] [M]: 0x0000000080042390 (0x00B59593) slli a1, a1, 11
x11 <- 0x0000000000000000
mem[X,0x0000000080042394] -> 0x8593
mem[X,0x0000000080042396] -> 0x5A85
[10863] [M]: 0x0000000080042394 (0x5A858593) addi a1, a1, 1448
x11 <- 0x00000000000005A8
mem[X,0x0000000080042398] -> 0x9593
mem[X,0x000000008004239A] -> 0x00B5
[10864] [M]: 0x0000000080042398 (0x00B59593) slli a1, a1, 11
x11 <- 0x00000000002D4000
mem[X,0x000000008004239C] -> 0x8593
mem[X,0x000000008004239E] -> 0x13C5
[10865] [M]: 0x000000008004239C (0x13C58593) addi a1, a1, 316
x11 <- 0x00000000002D413C
mem[X,0x00000000800423A0] -> 0x9593
mem[X,0x00000000800423A2] -> 0x00A5
[10866] [M]: 0x00000000800423A0 (0x00A59593) slli a1, a1, 10
x11 <- 0x00000000B504F000
mem[X,0x00000000800423A4] -> 0x8593
mem[X,0x00000000800423A6] -> 0x3325
[10867] [M]: 0x00000000800423A4 (0x33258593) addi a1, a1, 818
x11 <- 0x00000000B504F332
mem[X,0x00000000800423A8] -> 0x0213
mem[X,0x00000000800423AA] -> 0x0000
[10868] [M]: 0x00000000800423A8 (0x00000213) addi tp, zero, 0
x4 <- 0x0000000000000000
mem[X,0x00000000800423AC] -> 0x006F
mem[X,0x00000000800423AE] -> 0x00C0
[10869] [M]: 0x00000000800423AC (0x00C0006F) jal zero, 12
mem[X,0x00000000800423B8] -> 0x0063
mem[X,0x00000000800423BA] -> 0x20B5
[10870] [M]: 0x00000000800423B8 (0x20B50063) beq a0, a1, 512
mem[X,0x00000000800423BC] -> 0x0213
mem[X,0x00000000800423BE] -> 0x0022
[10871] [M]: 0x00000000800423BC (0x00220213) addi tp, tp, 2
x4 <- 0x0000000000000002
mem[X,0x00000000800423C0] -> 0x006F
mem[X,0x00000000800423C2] -> 0x2000
[10872] [M]: 0x00000000800423C0 (0x2000006F) jal zero, 512
mem[X,0x00000000800425C0] -> 0x3423
mem[X,0x00000000800425C2] -> 0x3C41
[10873] [M]: 0x00000000800425C0 (0x3C413423) sd tp, 968(sp)
mem[0x000000008004A590] <- 0x0000000000000002
mem[X,0x00000000800425C4] -> 0x0537
mem[X,0x00000000800425C6] -> 0x0000
[10874] [M]: 0x00000000800425C4 (0x00000537) lui a0, 0
x10 <- 0x0000000000000000
mem[X,0x00000000800425C8] -> 0x0513
mem[X,0x00000000800425CA] -> 0x0005
[10875] [M]: 0x00000000800425C8 (0x00050513) addi a0, a0, 0
x10 <- 0x0000000000000000
mem[X,0x00000000800425CC] -> 0x1513
mem[X,0x00000000800425CE] -> 0x00B5
[10876] [M]: 0x00000000800425CC (0x00B51513) slli a0, a0, 11
x10 <- 0x0000000000000000
mem[X,0x00000000800425D0] -> 0x0513
mem[X,0x00000000800425D2] -> 0x5A85
[10877] [M]: 0x00000000800425D0 (0x5A850513) addi a0, a0, 1448
x10 <- 0x00000000000005A8
mem[X,0x00000000800425D4] -> 0x1513
mem[X,0x00000000800425D6] -> 0x00B5
[10878] [M]: 0x00000000800425D4 (0x00B51513) slli a0, a0, 11
x10 <- 0x00000000002D4000
mem[X,0x00000000800425D8] -> 0x0513
mem[X,0x00000000800425DA] -> 0x13C5
[10879] [M]: 0x00000000800425D8 (0x13C50513) addi a0, a0, 316
x10 <- 0x00000000002D413C
mem[X,0x00000000800425DC] -> 0x1513
mem[X,0x00000000800425DE] -> 0x00A5
[10880] [M]: 0x00000000800425DC (0x00A51513) slli a0, a0, 10
x10 <- 0x00000000B504F000
mem[X,0x00000000800425E0] -> 0x0513
mem[X,0x00000000800425E2] -> 0x3345
[10881] [M]: 0x00000000800425E0 (0x33450513) addi a0, a0, 820
x10 <- 0x00000000B504F334
mem[X,0x00000000800425E4] -> 0x55B7
mem[X,0x00000000800425E6] -> 0x5555
[10882] [M]: 0x00000000800425E4 (0x555555B7) lui a1, 349525
x11 <- 0x0000000055555000
mem[X,0x00000000800425E8] -> 0x8593
mem[X,0x00000000800425EA] -> 0x5555
[10883] [M]: 0x00000000800425E8 (0x55558593) addi a1, a1, 1365
x11 <- 0x0000000055555555
mem[X,0x00000000800425EC] -> 0x9593
mem[X,0x00000000800425EE] -> 0x00B5
[10884] [M]: 0x00000000800425EC (0x00B59593) slli a1, a1, 11
x11 <- 0x000002AAAAAAA800
mem[X,0x00000000800425F0] -> 0x8593
mem[X,0x00000000800425F2] -> 0x2AA5
[10885] [M]: 0x00000000800425F0 (0x2AA58593) addi a1, a1, 682
x11 <- 0x000002AAAAAAAAAA
mem[X,0x00000000800425F4] -> 0x9593
mem[X,0x00000000800425F6] -> 0x00B5
[10886] [M]: 0x00000000800425F4 (0x00B59593) slli a1, a1, 11
x11 <- 0x0015555555555000
mem[X,0x00000000800425F8] -> 0x8593
mem[X,0x00000000800425FA] -> 0x5555
[10887] [M]: 0x00000000800425F8 (0x55558593) addi a1, a1, 1365
x11 <- 0x0015555555555555
mem[X,0x00000000800425FC] -> 0x9593
mem[X,0x00000000800425FE] -> 0x00A5
[10888] [M]: 0x00000000800425FC (0x00A59593) slli a1, a1, 10
x11 <- 0x5555555555555400
mem[X,0x0000000080042600] -> 0x8593
mem[X,0x0000000080042602] -> 0x1565
[10889] [M]: 0x0000000080042600 (0x15658593) addi a1, a1, 342
x11 <- 0x5555555555555556
mem[X,0x0000000080042604] -> 0x0213
mem[X,0x0000000080042606] -> 0x0000
[10890] [M]: 0x0000000080042604 (0x00000213) addi tp, zero, 0
x4 <- 0x0000000000000000
mem[X,0x0000000080042608] -> 0x006F
mem[X,0x000000008004260A] -> 0x00C0
[10891] [M]: 0x0000000080042608 (0x00C0006F) jal zero, 12
mem[X,0x0000000080042614] -> 0x0063
mem[X,0x0000000080042616] -> 0x10B5
[10892] [M]: 0x0000000080042614 (0x10B50063) beq a0, a1, 256
mem[X,0x0000000080042618] -> 0x0213
mem[X,0x000000008004261A] -> 0x0022
[10893] [M]: 0x0000000080042618 (0x00220213) addi tp, tp, 2
x4 <- 0x0000000000000002
mem[X,0x000000008004261C] -> 0x006F
mem[X,0x000000008004261E] -> 0x1000
[10894] [M]: 0x000000008004261C (0x1000006F) jal zero, 256
mem[X,0x000000008004271C] -> 0x3823
mem[X,0x000000008004271E] -> 0x3C41
[10895] [M]: 0x000000008004271C (0x3C413823) sd tp, 976(sp)
mem[0x000000008004A598] <- 0x0000000000000002
mem[X,0x0000000080042720] -> 0x0537
mem[X,0x0000000080042722] -> 0x0000
[10896] [M]: 0x0000000080042720 (0x00000537) lui a0, 0
x10 <- 0x0000000000000000
mem[X,0x0000000080042724] -> 0x0513
mem[X,0x0000000080042726] -> 0x0005
[10897] [M]: 0x0000000080042724 (0x00050513) addi a0, a0, 0
x10 <- 0x0000000000000000
mem[X,0x0000000080042728] -> 0x1513
mem[X,0x000000008004272A] -> 0x00B5
[10898] [M]: 0x0000000080042728 (0x00B51513) slli a0, a0, 11
x10 <- 0x0000000000000000
mem[X,0x000000008004272C] -> 0x0513
mem[X,0x000000008004272E] -> 0x5A85
[10899] [M]: 0x000000008004272C (0x5A850513) addi a0, a0, 1448
x10 <- 0x00000000000005A8
clint::tick mtime <- 0x000000000000006D
 clint timer pending at mtime 0x000000000000006D
htif::tick 0x0000000000000000
mem[X,0x0000000080042730] -> 0x1513
mem[X,0x0000000080042732] -> 0x00B5
[10900] [M]: 0x0000000080042730 (0x00B51513) slli a0, a0, 11
x10 <- 0x00000000002D4000
mem[X,0x0000000080042734] -> 0x0513
mem[X,0x0000000080042736] -> 0x13C5
[10901] [M]: 0x0000000080042734 (0x13C50513) addi a0, a0, 316
x10 <- 0x00000000002D413C
mem[X,0x0000000080042738] -> 0x1513
mem[X,0x000000008004273A] -> 0x00A5
[10902] [M]: 0x0000000080042738 (0x00A51513) slli a0, a0, 10
x10 <- 0x00000000B504F000
mem[X,0x000000008004273C] -> 0x0513
mem[X,0x000000008004273E] -> 0x3345
[10903] [M]: 0x000000008004273C (0x33450513) addi a0, a0, 820
x10 <- 0x00000000B504F334
mem[X,0x0000000080042740] -> 0xB5B7
mem[X,0x0000000080042742] -> 0xAAAA
[10904] [M]: 0x0000000080042740 (0xAAAAB5B7) lui a1, 699051
x11 <- 0xFFFFFFFFAAAAB000
mem[X,0x0000000080042744] -> 0x8593
mem[X,0x0000000080042746] -> 0xAAA5
[10905] [M]: 0x0000000080042744 (0xAAA58593) addi a1, a1, 2730
x11 <- 0xFFFFFFFFAAAAAAAA
mem[X,0x0000000080042748] -> 0x9593
mem[X,0x000000008004274A] -> 0x00B5
[10906] [M]: 0x0000000080042748 (0x00B59593) slli a1, a1, 11
x11 <- 0xFFFFFD5555555000
mem[X,0x000000008004274C] -> 0x8593
mem[X,0x000000008004274E] -> 0x5555
[10907] [M]: 0x000000008004274C (0x55558593) addi a1, a1, 1365
x11 <- 0xFFFFFD5555555555
mem[X,0x0000000080042750] -> 0x9593
mem[X,0x0000000080042752] -> 0x00B5
[10908] [M]: 0x0000000080042750 (0x00B59593) slli a1, a1, 11
x11 <- 0xFFEAAAAAAAAAA800
mem[X,0x0000000080042754] -> 0x8593
mem[X,0x0000000080042756] -> 0x2AA5
[10909] [M]: 0x0000000080042754 (0x2AA58593) addi a1, a1, 682
x11 <- 0xFFEAAAAAAAAAAAAA
mem[X,0x0000000080042758] -> 0x9593
mem[X,0x000000008004275A] -> 0x00A5
[10910] [M]: 0x0000000080042758 (0x00A59593) slli a1, a1, 10
x11 <- 0xAAAAAAAAAAAAA800
mem[X,0x000000008004275C] -> 0x8593
mem[X,0x000000008004275E] -> 0x2AB5
[10911] [M]: 0x000000008004275C (0x2AB58593) addi a1, a1, 683
x11 <- 0xAAAAAAAAAAAAAAAB
mem[X,0x0000000080042760] -> 0x0213
mem[X,0x0000000080042762] -> 0x0000
[10912] [M]: 0x0000000080042760 (0x00000213) addi tp, zero, 0
x4 <- 0x0000000000000000
mem[X,0x0000000080042764] -> 0x006F
mem[X,0x0000000080042766] -> 0x0100
[10913] [M]: 0x0000000080042764 (0x0100006F) jal zero, 16
mem[X,0x0000000080042774] -> 0x0AE3
mem[X,0x0000000080042776] -> 0xFEB5
[10914] [M]: 0x0000000080042774 (0xFEB50AE3) beq a0, a1, 8180
mem[X,0x0000000080042778] -> 0x0213
mem[X,0x000000008004277A] -> 0x0022
[10915] [M]: 0x0000000080042778 (0x00220213) addi tp, tp, 2
x4 <- 0x0000000000000002
mem[X,0x000000008004277C] -> 0x006F
mem[X,0x000000008004277E] -> 0x00C0
[10916] [M]: 0x000000008004277C (0x00C0006F) jal zero, 12
mem[X,0x0000000080042788] -> 0x3C23
mem[X,0x000000008004278A] -> 0x3C41
[10917] [M]: 0x0000000080042788 (0x3C413C23) sd tp, 984(sp)
mem[0x000000008004A5A0] <- 0x0000000000000002
mem[X,0x000000008004278C] -> 0x0537
mem[X,0x000000008004278E] -> 0x0000
[10918] [M]: 0x000000008004278C (0x00000537) lui a0, 0
x10 <- 0x0000000000000000
mem[X,0x0000000080042790] -> 0x0513
mem[X,0x0000000080042792] -> 0x0005
[10919] [M]: 0x0000000080042790 (0x00050513) addi a0, a0, 0
x10 <- 0x0000000000000000
mem[X,0x0000000080042794] -> 0x1513
mem[X,0x0000000080042796] -> 0x00B5
[10920] [M]: 0x0000000080042794 (0x00B51513) slli a0, a0, 11
x10 <- 0x0000000000000000
mem[X,0x0000000080042798] -> 0x0513
mem[X,0x000000008004279A] -> 0x5A85
[10921] [M]: 0x0000000080042798 (0x5A850513) addi a0, a0, 1448
x10 <- 0x00000000000005A8
mem[X,0x000000008004279C] -> 0x1513
mem[X,0x000000008004279E] -> 0x00B5
[10922] [M]: 0x000000008004279C (0x00B51513) slli a0, a0, 11
x10 <- 0x00000000002D4000
mem[X,0x00000000800427A0] -> 0x0513
mem[X,0x00000000800427A2] -> 0x13C5
[10923] [M]: 0x00000000800427A0 (0x13C50513) addi a0, a0, 316
x10 <- 0x00000000002D413C
mem[X,0x00000000800427A4] -> 0x1513
mem[X,0x00000000800427A6] -> 0x00A5
[10924] [M]: 0x00000000800427A4 (0x00A51513) slli a0, a0, 10
x10 <- 0x00000000B504F000
mem[X,0x00000000800427A8] -> 0x0513
mem[X,0x00000000800427AA] -> 0x3345
[10925] [M]: 0x00000000800427A8 (0x33450513) addi a0, a0, 820
x10 <- 0x00000000B504F334
mem[X,0x00000000800427AC] -> 0x0593
mem[X,0x00000000800427AE] -> 0x0060
[10926] [M]: 0x00000000800427AC (0x00600593) addi a1, zero, 6
x11 <- 0x0000000000000006
mem[X,0x00000000800427B0] -> 0x0213
mem[X,0x00000000800427B2] -> 0x0000
[10927] [M]: 0x00000000800427B0 (0x00000213) addi tp, zero, 0
x4 <- 0x0000000000000000
mem[X,0x00000000800427B4] -> 0x006F
mem[X,0x00000000800427B6] -> 0x00C0
[10928] [M]: 0x00000000800427B4 (0x00C0006F) jal zero, 12
mem[X,0x00000000800427C0] -> 0x0CE3
mem[X,0x00000000800427C2] -> 0xFEB5
[10929] [M]: 0x00000000800427C0 (0xFEB50CE3) beq a0, a1, 8184
mem[X,0x00000000800427C4] -> 0x0213
mem[X,0x00000000800427C6] -> 0x0022
[10930] [M]: 0x00000000800427C4 (0x00220213) addi tp, tp, 2
x4 <- 0x0000000000000002
mem[X,0x00000000800427C8] -> 0x006F
mem[X,0x00000000800427CA] -> 0x00C0
[10931] [M]: 0x00000000800427C8 (0x00C0006F) jal zero, 12
mem[X,0x00000000800427D4] -> 0x3023
mem[X,0x00000000800427D6] -> 0x3E41
[10932] [M]: 0x00000000800427D4 (0x3E413023) sd tp, 992(sp)
mem[0x000000008004A5A8] <- 0x0000000000000002
mem[X,0x00000000800427D8] -> 0x0537
mem[X,0x00000000800427DA] -> 0x0000
[10933] [M]: 0x00000000800427D8 (0x00000537) lui a0, 0
x10 <- 0x0000000000000000
mem[X,0x00000000800427DC] -> 0x0513
mem[X,0x00000000800427DE] -> 0x0005
[10934] [M]: 0x00000000800427DC (0x00050513) addi a0, a0, 0
x10 <- 0x0000000000000000
mem[X,0x00000000800427E0] -> 0x1513
mem[X,0x00000000800427E2] -> 0x00B5
[10935] [M]: 0x00000000800427E0 (0x00B51513) slli a0, a0, 11
x10 <- 0x0000000000000000
mem[X,0x00000000800427E4] -> 0x0513
mem[X,0x00000000800427E6] -> 0x5A85
[10936] [M]: 0x00000000800427E4 (0x5A850513) addi a0, a0, 1448
x10 <- 0x00000000000005A8
mem[X,0x00000000800427E8] -> 0x1513
mem[X,0x00000000800427EA] -> 0x00B5
[10937] [M]: 0x00000000800427E8 (0x00B51513) slli a0, a0, 11
x10 <- 0x00000000002D4000
mem[X,0x00000000800427EC] -> 0x0513
mem[X,0x00000000800427EE] -> 0x13C5
[10938] [M]: 0x00000000800427EC (0x13C50513) addi a0, a0, 316
x10 <- 0x00000000002D413C
mem[X,0x00000000800427F0] -> 0x1513
mem[X,0x00000000800427F2] -> 0x00A5
[10939] [M]: 0x00000000800427F0 (0x00A51513) slli a0, a0, 10
x10 <- 0x00000000B504F000
mem[X,0x00000000800427F4] -> 0x0513
mem[X,0x00000000800427F6] -> 0x3345
[10940] [M]: 0x00000000800427F4 (0x33450513) addi a0, a0, 820
x10 <- 0x00000000B504F334
mem[X,0x00000000800427F8] -> 0x35B7
mem[X,0x00000000800427FA] -> 0x3333
[10941] [M]: 0x00000000800427F8 (0x333335B7) lui a1, 209715
x11 <- 0x0000000033333000
mem[X,0x00000000800427FC] -> 0x8593
mem[X,0x00000000800427FE] -> 0x3335
[10942] [M]: 0x00000000800427FC (0x33358593) addi a1, a1, 819
x11 <- 0x0000000033333333
mem[X,0x0000000080042800] -> 0x9593
mem[X,0x0000000080042802] -> 0x00B5
[10943] [M]: 0x0000000080042800 (0x00B59593) slli a1, a1, 11
x11 <- 0x0000019999999800
mem[X,0x0000000080042804] -> 0x8593
mem[X,0x0000000080042806] -> 0x1995
[10944] [M]: 0x0000000080042804 (0x19958593) addi a1, a1, 409
x11 <- 0x0000019999999999
mem[X,0x0000000080042808] -> 0x9593
mem[X,0x000000008004280A] -> 0x00B5
[10945] [M]: 0x0000000080042808 (0x00B59593) slli a1, a1, 11
x11 <- 0x000CCCCCCCCCC800
mem[X,0x000000008004280C] -> 0x8593
mem[X,0x000000008004280E] -> 0x4CC5
[10946] [M]: 0x000000008004280C (0x4CC58593) addi a1, a1, 1228
x11 <- 0x000CCCCCCCCCCCCC
mem[X,0x0000000080042810] -> 0x9593
mem[X,0x0000000080042812] -> 0x00A5
[10947] [M]: 0x0000000080042810 (0x00A59593) slli a1, a1, 10
x11 <- 0x3333333333333000
mem[X,0x0000000080042814] -> 0x8593
mem[X,0x0000000080042816] -> 0x3345
[10948] [M]: 0x0000000080042814 (0x33458593) addi a1, a1, 820
x11 <- 0x3333333333333334
mem[X,0x0000000080042818] -> 0x0213
mem[X,0x000000008004281A] -> 0x0000
[10949] [M]: 0x0000000080042818 (0x00000213) addi tp, zero, 0
x4 <- 0x0000000000000000
mem[X,0x000000008004281C] -> 0x006F
mem[X,0x000000008004281E] -> 0x00C0
[10950] [M]: 0x000000008004281C (0x00C0006F) jal zero, 12
mem[X,0x0000000080042828] -> 0x0063
mem[X,0x000000008004282A] -> 0x02B5
[10951] [M]: 0x0000000080042828 (0x02B50063) beq a0, a1, 32
mem[X,0x000000008004282C] -> 0x0213
mem[X,0x000000008004282E] -> 0x0022
[10952] [M]: 0x000000008004282C (0x00220213) addi tp, tp, 2
x4 <- 0x0000000000000002
mem[X,0x0000000080042830] -> 0x006F
mem[X,0x0000000080042832] -> 0x0200
[10953] [M]: 0x0000000080042830 (0x0200006F) jal zero, 32
mem[X,0x0000000080042850] -> 0x3423
mem[X,0x0000000080042852] -> 0x3E41
[10954] [M]: 0x0000000080042850 (0x3E413423) sd tp, 1000(sp)
mem[0x000000008004A5B0] <- 0x0000000000000002
mem[X,0x0000000080042854] -> 0x0537
mem[X,0x0000000080042856] -> 0x0000
[10955] [M]: 0x0000000080042854 (0x00000537) lui a0, 0
x10 <- 0x0000000000000000
mem[X,0x0000000080042858] -> 0x0513
mem[X,0x000000008004285A] -> 0x0005
[10956] [M]: 0x0000000080042858 (0x00050513) addi a0, a0, 0
x10 <- 0x0000000000000000
mem[X,0x000000008004285C] -> 0x1513
mem[X,0x000000008004285E] -> 0x00B5
[10957] [M]: 0x000000008004285C (0x00B51513) slli a0, a0, 11
x10 <- 0x0000000000000000
mem[X,0x0000000080042860] -> 0x0513
mem[X,0x0000000080042862] -> 0x5A85
[10958] [M]: 0x0000000080042860 (0x5A850513) addi a0, a0, 1448
x10 <- 0x00000000000005A8
mem[X,0x0000000080042864] -> 0x1513
mem[X,0x0000000080042866] -> 0x00B5
[10959] [M]: 0x0000000080042864 (0x00B51513) slli a0, a0, 11
x10 <- 0x00000000002D4000
mem[X,0x0000000080042868] -> 0x0513
mem[X,0x000000008004286A] -> 0x13C5
[10960] [M]: 0x0000000080042868 (0x13C50513) addi a0, a0, 316
x10 <- 0x00000000002D413C
mem[X,0x000000008004286C] -> 0x1513
mem[X,0x000000008004286E] -> 0x00A5
[10961] [M]: 0x000000008004286C (0x00A51513) slli a0, a0, 10
x10 <- 0x00000000B504F000
mem[X,0x0000000080042870] -> 0x0513
mem[X,0x0000000080042872] -> 0x3345
[10962] [M]: 0x0000000080042870 (0x33450513) addi a0, a0, 820
x10 <- 0x00000000B504F334
mem[X,0x0000000080042874] -> 0x65B7
mem[X,0x0000000080042876] -> 0x6666
[10963] [M]: 0x0000000080042874 (0x666665B7) lui a1, 419430
x11 <- 0x0000000066666000
mem[X,0x0000000080042878] -> 0x8593
mem[X,0x000000008004287A] -> 0x6665
[10964] [M]: 0x0000000080042878 (0x66658593) addi a1, a1, 1638
x11 <- 0x0000000066666666
mem[X,0x000000008004287C] -> 0x9593
mem[X,0x000000008004287E] -> 0x00B5
[10965] [M]: 0x000000008004287C (0x00B59593) slli a1, a1, 11
x11 <- 0x0000033333333000
mem[X,0x0000000080042880] -> 0x8593
mem[X,0x0000000080042882] -> 0x3335
[10966] [M]: 0x0000000080042880 (0x33358593) addi a1, a1, 819
x11 <- 0x0000033333333333
mem[X,0x0000000080042884] -> 0x9593
mem[X,0x0000000080042886] -> 0x00B5
[10967] [M]: 0x0000000080042884 (0x00B59593) slli a1, a1, 11
x11 <- 0x0019999999999800
mem[X,0x0000000080042888] -> 0x8593
mem[X,0x000000008004288A] -> 0x1995
[10968] [M]: 0x0000000080042888 (0x19958593) addi a1, a1, 409
x11 <- 0x0019999999999999
mem[X,0x000000008004288C] -> 0x9593
mem[X,0x000000008004288E] -> 0x00A5
[10969] [M]: 0x000000008004288C (0x00A59593) slli a1, a1, 10
x11 <- 0x6666666666666400
mem[X,0x0000000080042890] -> 0x8593
mem[X,0x0000000080042892] -> 0x2675
[10970] [M]: 0x0000000080042890 (0x26758593) addi a1, a1, 615
x11 <- 0x6666666666666667
mem[X,0x0000000080042894] -> 0x0213
mem[X,0x0000000080042896] -> 0x0000
[10971] [M]: 0x0000000080042894 (0x00000213) addi tp, zero, 0
x4 <- 0x0000000000000000
mem[X,0x0000000080042898] -> 0x006F
mem[X,0x000000008004289A] -> 0x2B10
[10972] [M]: 0x0000000080042898 (0x2B10006F) jal zero, 2736
mem[X,0x0000000080043348] -> 0x0A63
mem[X,0x000000008004334A] -> 0xD4B5
[10973] [M]: 0x0000000080043348 (0xD4B50A63) beq a0, a1, 5460
mem[X,0x000000008004334C] -> 0x0213
mem[X,0x000000008004334E] -> 0x0022
[10974] [M]: 0x000000008004334C (0x00220213) addi tp, tp, 2
x4 <- 0x0000000000000002
mem[X,0x0000000080043350] -> 0x006F
mem[X,0x0000000080043352] -> 0x00C0
[10975] [M]: 0x0000000080043350 (0x00C0006F) jal zero, 12
mem[X,0x000000008004335C] -> 0x3823
mem[X,0x000000008004335E] -> 0x3E41
[10976] [M]: 0x000000008004335C (0x3E413823) sd tp, 1008(sp)
mem[0x000000008004A5B8] <- 0x0000000000000002
mem[X,0x0000000080043360] -> 0x0537
mem[X,0x0000000080043362] -> 0x0000
[10977] [M]: 0x0000000080043360 (0x00000537) lui a0, 0
x10 <- 0x0000000000000000
mem[X,0x0000000080043364] -> 0x0513
mem[X,0x0000000080043366] -> 0x0005
[10978] [M]: 0x0000000080043364 (0x00050513) addi a0, a0, 0
x10 <- 0x0000000000000000
mem[X,0x0000000080043368] -> 0x1513
mem[X,0x000000008004336A] -> 0x00B5
[10979] [M]: 0x0000000080043368 (0x00B51513) slli a0, a0, 11
x10 <- 0x0000000000000000
mem[X,0x000000008004336C] -> 0x0513
mem[X,0x000000008004336E] -> 0x5A85
[10980] [M]: 0x000000008004336C (0x5A850513) addi a0, a0, 1448
x10 <- 0x00000000000005A8
mem[X,0x0000000080043370] -> 0x1513
mem[X,0x0000000080043372] -> 0x00B5
[10981] [M]: 0x0000000080043370 (0x00B51513) slli a0, a0, 11
x10 <- 0x00000000002D4000
mem[X,0x0000000080043374] -> 0x0513
mem[X,0x0000000080043376] -> 0x13C5
[10982] [M]: 0x0000000080043374 (0x13C50513) addi a0, a0, 316
x10 <- 0x00000000002D413C
mem[X,0x0000000080043378] -> 0x1513
mem[X,0x000000008004337A] -> 0x00A5
[10983] [M]: 0x0000000080043378 (0x00A51513) slli a0, a0, 10
x10 <- 0x00000000B504F000
mem[X,0x000000008004337C] -> 0x0513
mem[X,0x000000008004337E] -> 0x3345
[10984] [M]: 0x000000008004337C (0x33450513) addi a0, a0, 820
x10 <- 0x00000000B504F334
mem[X,0x0000000080043380] -> 0x05B7
mem[X,0x0000000080043382] -> 0x0000
[10985] [M]: 0x0000000080043380 (0x000005B7) lui a1, 0
x11 <- 0x0000000000000000
mem[X,0x0000000080043384] -> 0x8593
mem[X,0x0000000080043386] -> 0xFFF5
[10986] [M]: 0x0000000080043384 (0xFFF58593) addi a1, a1, 4095
x11 <- 0xFFFFFFFFFFFFFFFF
mem[X,0x0000000080043388] -> 0x9593
mem[X,0x000000008004338A] -> 0x00B5
[10987] [M]: 0x0000000080043388 (0x00B59593) slli a1, a1, 11
x11 <- 0xFFFFFFFFFFFFF800
mem[X,0x000000008004338C] -> 0x8593
mem[X,0x000000008004338E] -> 0x2575
[10988] [M]: 0x000000008004338C (0x25758593) addi a1, a1, 599
x11 <- 0xFFFFFFFFFFFFFA57
mem[X,0x0000000080043390] -> 0x9593
mem[X,0x0000000080043392] -> 0x00B5
[10989] [M]: 0x0000000080043390 (0x00B59593) slli a1, a1, 11
x11 <- 0xFFFFFFFFFFD2B800
mem[X,0x0000000080043394] -> 0x8593
mem[X,0x0000000080043396] -> 0x6C35
[10990] [M]: 0x0000000080043394 (0x6C358593) addi a1, a1, 1731
x11 <- 0xFFFFFFFFFFD2BEC3
mem[X,0x0000000080043398] -> 0x9593
mem[X,0x000000008004339A] -> 0x00A5
[10991] [M]: 0x0000000080043398 (0x00A59593) slli a1, a1, 10
x11 <- 0xFFFFFFFF4AFB0C00
mem[X,0x000000008004339C] -> 0x8593
mem[X,0x000000008004339E] -> 0x0CE5
[10992] [M]: 0x000000008004339C (0x0CE58593) addi a1, a1, 206
x11 <- 0xFFFFFFFF4AFB0CCE
mem[X,0x00000000800433A0] -> 0x0213
mem[X,0x00000000800433A2] -> 0x0000
[10993] [M]: 0x00000000800433A0 (0x00000213) addi tp, zero, 0
x4 <- 0x0000000000000000
mem[X,0x00000000800433A4] -> 0x006F
mem[X,0x00000000800433A6] -> 0x00C0
[10994] [M]: 0x00000000800433A4 (0x00C0006F) jal zero, 12
mem[X,0x00000000800433B0] -> 0x0063
mem[X,0x00000000800433B2] -> 0x04B5
[10995] [M]: 0x00000000800433B0 (0x04B50063) beq a0, a1, 64
mem[X,0x00000000800433B4] -> 0x0213
mem[X,0x00000000800433B6] -> 0x0022
[10996] [M]: 0x00000000800433B4 (0x00220213) addi tp, tp, 2
x4 <- 0x0000000000000002
mem[X,0x00000000800433B8] -> 0x006F
mem[X,0x00000000800433BA] -> 0x0400
[10997] [M]: 0x00000000800433B8 (0x0400006F) jal zero, 64
mem[X,0x00000000800433F8] -> 0x3C23
mem[X,0x00000000800433FA] -> 0x3E41
[10998] [M]: 0x00000000800433F8 (0x3E413C23) sd tp, 1016(sp)
mem[0x000000008004A5C0] <- 0x0000000000000002
mem[X,0x00000000800433FC] -> 0x0537
mem[X,0x00000000800433FE] -> 0x0000
[10999] [M]: 0x00000000800433FC (0x00000537) lui a0, 0
x10 <- 0x0000000000000000
clint::tick mtime <- 0x000000000000006E
 clint timer pending at mtime 0x000000000000006E
htif::tick 0x0000000000000000
mem[X,0x0000000080043400] -> 0x0513
mem[X,0x0000000080043402] -> 0x0005
[11000] [M]: 0x0000000080043400 (0x00050513) addi a0, a0, 0
x10 <- 0x0000000000000000
mem[X,0x0000000080043404] -> 0x1513
mem[X,0x0000000080043406] -> 0x00B5
[11001] [M]: 0x0000000080043404 (0x00B51513) slli a0, a0, 11
x10 <- 0x0000000000000000
mem[X,0x0000000080043408] -> 0x0513
mem[X,0x000000008004340A] -> 0x5A85
[11002] [M]: 0x0000000080043408 (0x5A850513) addi a0, a0, 1448
x10 <- 0x00000000000005A8
mem[X,0x000000008004340C] -> 0x1513
mem[X,0x000000008004340E] -> 0x00B5
[11003] [M]: 0x000000008004340C (0x00B51513) slli a0, a0, 11
x10 <- 0x00000000002D4000
mem[X,0x0000000080043410] -> 0x0513
mem[X,0x0000000080043412] -> 0x13C5
[11004] [M]: 0x0000000080043410 (0x13C50513) addi a0, a0, 316
x10 <- 0x00000000002D413C
mem[X,0x0000000080043414] -> 0x1513
mem[X,0x0000000080043416] -> 0x00A5
[11005] [M]: 0x0000000080043414 (0x00A51513) slli a0, a0, 10
x10 <- 0x00000000B504F000
mem[X,0x0000000080043418] -> 0x0513
mem[X,0x000000008004341A] -> 0x3345
[11006] [M]: 0x0000000080043418 (0x33450513) addi a0, a0, 820
x10 <- 0x00000000B504F334
mem[X,0x000000008004341C] -> 0x05B7
mem[X,0x000000008004341E] -> 0x0000
[11007] [M]: 0x000000008004341C (0x000005B7) lui a1, 0
x11 <- 0x0000000000000000
mem[X,0x0000000080043420] -> 0x8593
mem[X,0x0000000080043422] -> 0x0005
[11008] [M]: 0x0000000080043420 (0x00058593) addi a1, a1, 0
x11 <- 0x0000000000000000
mem[X,0x0000000080043424] -> 0x9593
mem[X,0x0000000080043426] -> 0x00B5
[11009] [M]: 0x0000000080043424 (0x00B59593) slli a1, a1, 11
x11 <- 0x0000000000000000
mem[X,0x0000000080043428] -> 0x8593
mem[X,0x000000008004342A] -> 0x5A85
[11010] [M]: 0x0000000080043428 (0x5A858593) addi a1, a1, 1448
x11 <- 0x00000000000005A8
mem[X,0x000000008004342C] -> 0x9593
mem[X,0x000000008004342E] -> 0x00B5
[11011] [M]: 0x000000008004342C (0x00B59593) slli a1, a1, 11
x11 <- 0x00000000002D4000
mem[X,0x0000000080043430] -> 0x8593
mem[X,0x0000000080043432] -> 0x13C5
[11012] [M]: 0x0000000080043430 (0x13C58593) addi a1, a1, 316
x11 <- 0x00000000002D413C
mem[X,0x0000000080043434] -> 0x9593
mem[X,0x0000000080043436] -> 0x00A5
[11013] [M]: 0x0000000080043434 (0x00A59593) slli a1, a1, 10
x11 <- 0x00000000B504F000
mem[X,0x0000000080043438] -> 0x8593
mem[X,0x000000008004343A] -> 0x3345
[11014] [M]: 0x0000000080043438 (0x33458593) addi a1, a1, 820
x11 <- 0x00000000B504F334
mem[X,0x000000008004343C] -> 0x0213
mem[X,0x000000008004343E] -> 0x0000
[11015] [M]: 0x000000008004343C (0x00000213) addi tp, zero, 0
x4 <- 0x0000000000000000
mem[X,0x0000000080043440] -> 0x006F
mem[X,0x0000000080043442] -> 0x00C0
[11016] [M]: 0x0000000080043440 (0x00C0006F) jal zero, 12
mem[X,0x000000008004344C] -> 0x0063
mem[X,0x000000008004344E] -> 0x20B5
[11017] [M]: 0x000000008004344C (0x20B50063) beq a0, a1, 512
mem[X,0x000000008004364C] -> 0x0213
mem[X,0x000000008004364E] -> 0x0032
[11018] [M]: 0x000000008004364C (0x00320213) addi tp, tp, 3
x4 <- 0x0000000000000003
mem[X,0x0000000080043650] -> 0x006F
mem[X,0x0000000080043652] -> 0x0040
[11019] [M]: 0x0000000080043650 (0x0040006F) jal zero, 4
mem[X,0x0000000080043654] -> 0x3023
mem[X,0x0000000080043656] -> 0x4041
[11020] [M]: 0x0000000080043654 (0x40413023) sd tp, 1024(sp)
mem[0x000000008004A5C8] <- 0x0000000000000003
mem[X,0x0000000080043658] -> 0x0513
mem[X,0x000000008004365A] -> 0x0000
[11021] [M]: 0x0000000080043658 (0x00000513) addi a0, zero, 0
x10 <- 0x0000000000000000
mem[X,0x000000008004365C] -> 0x55B7
mem[X,0x000000008004365E] -> 0x5555
[11022] [M]: 0x000000008004365C (0x555555B7) lui a1, 349525
x11 <- 0x0000000055555000
mem[X,0x0000000080043660] -> 0x8593
mem[X,0x0000000080043662] -> 0x5555
[11023] [M]: 0x0000000080043660 (0x55558593) addi a1, a1, 1365
x11 <- 0x0000000055555555
mem[X,0x0000000080043664] -> 0x9593
mem[X,0x0000000080043666] -> 0x00B5
[11024] [M]: 0x0000000080043664 (0x00B59593) slli a1, a1, 11
x11 <- 0x000002AAAAAAA800
mem[X,0x0000000080043668] -> 0x8593
mem[X,0x000000008004366A] -> 0x2AA5
[11025] [M]: 0x0000000080043668 (0x2AA58593) addi a1, a1, 682
x11 <- 0x000002AAAAAAAAAA
mem[X,0x000000008004366C] -> 0x9593
mem[X,0x000000008004366E] -> 0x00B5
[11026] [M]: 0x000000008004366C (0x00B59593) slli a1, a1, 11
x11 <- 0x0015555555555000
mem[X,0x0000000080043670] -> 0x8593
mem[X,0x0000000080043672] -> 0x5555
[11027] [M]: 0x0000000080043670 (0x55558593) addi a1, a1, 1365
x11 <- 0x0015555555555555
mem[X,0x0000000080043674] -> 0x9593
mem[X,0x0000000080043676] -> 0x00A5
[11028] [M]: 0x0000000080043674 (0x00A59593) slli a1, a1, 10
x11 <- 0x5555555555555400
mem[X,0x0000000080043678] -> 0x8593
mem[X,0x000000008004367A] -> 0x1545
[11029] [M]: 0x0000000080043678 (0x15458593) addi a1, a1, 340
x11 <- 0x5555555555555554
mem[X,0x000000008004367C] -> 0x0213
mem[X,0x000000008004367E] -> 0x0000
[11030] [M]: 0x000000008004367C (0x00000213) addi tp, zero, 0
x4 <- 0x0000000000000000
mem[X,0x0000000080043680] -> 0x006F
mem[X,0x0000000080043682] -> 0x0050
[11031] [M]: 0x0000000080043680 (0x0050006F) jal zero, 2052
mem[X,0x0000000080043E84] -> 0x00E3
mem[X,0x0000000080043E86] -> 0x80B5
[11032] [M]: 0x0000000080043E84 (0x80B500E3) beq a0, a1, 6144
mem[X,0x0000000080043E88] -> 0x0213
mem[X,0x0000000080043E8A] -> 0x0022
[11033] [M]: 0x0000000080043E88 (0x00220213) addi tp, tp, 2
x4 <- 0x0000000000000002
mem[X,0x0000000080043E8C] -> 0x006F
mem[X,0x0000000080043E8E] -> 0x00C0
[11034] [M]: 0x0000000080043E8C (0x00C0006F) jal zero, 12
mem[X,0x0000000080043E98] -> 0x3423
mem[X,0x0000000080043E9A] -> 0x4041
[11035] [M]: 0x0000000080043E98 (0x40413423) sd tp, 1032(sp)
mem[0x000000008004A5D0] <- 0x0000000000000002
mem[X,0x0000000080043E9C] -> 0x0513
mem[X,0x0000000080043E9E] -> 0x0000
[11036] [M]: 0x0000000080043E9C (0x00000513) addi a0, zero, 0
x10 <- 0x0000000000000000
mem[X,0x0000000080043EA0] -> 0x0593
mem[X,0x0000000080043EA2] -> 0x0000
[11037] [M]: 0x0000000080043EA0 (0x00000593) addi a1, zero, 0
x11 <- 0x0000000000000000
mem[X,0x0000000080043EA4] -> 0x0213
mem[X,0x0000000080043EA6] -> 0x0000
[11038] [M]: 0x0000000080043EA4 (0x00000213) addi tp, zero, 0
x4 <- 0x0000000000000000
mem[X,0x0000000080043EA8] -> 0x006F
mem[X,0x0000000080043EAA] -> 0x00C0
[11039] [M]: 0x0000000080043EA8 (0x00C0006F) jal zero, 12
mem[X,0x0000000080043EB4] -> 0x0063
mem[X,0x0000000080043EB6] -> 0x04B5
[11040] [M]: 0x0000000080043EB4 (0x04B50063) beq a0, a1, 64
mem[X,0x0000000080043EF4] -> 0x0213
mem[X,0x0000000080043EF6] -> 0x0032
[11041] [M]: 0x0000000080043EF4 (0x00320213) addi tp, tp, 3
x4 <- 0x0000000000000003
mem[X,0x0000000080043EF8] -> 0x006F
mem[X,0x0000000080043EFA] -> 0x0040
[11042] [M]: 0x0000000080043EF8 (0x0040006F) jal zero, 4
mem[X,0x0000000080043EFC] -> 0x3823
mem[X,0x0000000080043EFE] -> 0x4041
[11043] [M]: 0x0000000080043EFC (0x40413823) sd tp, 1040(sp)
mem[0x000000008004A5D8] <- 0x0000000000000003
mem[X,0x0000000080043F00] -> 0x0513
mem[X,0x0000000080043F02] -> 0x0000
[11044] [M]: 0x0000000080043F00 (0x00000513) addi a0, zero, 0
x10 <- 0x0000000000000000
mem[X,0x0000000080043F04] -> 0x0593
mem[X,0x0000000080043F06] -> 0x0040
[11045] [M]: 0x0000000080043F04 (0x00400593) addi a1, zero, 4
x11 <- 0x0000000000000004
mem[X,0x0000000080043F08] -> 0x0213
mem[X,0x0000000080043F0A] -> 0x0000
[11046] [M]: 0x0000000080043F08 (0x00000213) addi tp, zero, 0
x4 <- 0x0000000000000000
mem[X,0x0000000080043F0C] -> 0x006F
mem[X,0x0000000080043F0E] -> 0x00C0
[11047] [M]: 0x0000000080043F0C (0x00C0006F) jal zero, 12
mem[X,0x0000000080043F18] -> 0x0063
mem[X,0x0000000080043F1A] -> 0x08B5
[11048] [M]: 0x0000000080043F18 (0x08B50063) beq a0, a1, 128
mem[X,0x0000000080043F1C] -> 0x0213
mem[X,0x0000000080043F1E] -> 0x0022
[11049] [M]: 0x0000000080043F1C (0x00220213) addi tp, tp, 2
x4 <- 0x0000000000000002
mem[X,0x0000000080043F20] -> 0x006F
mem[X,0x0000000080043F22] -> 0x0800
[11050] [M]: 0x0000000080043F20 (0x0800006F) jal zero, 128
mem[X,0x0000000080043FA0] -> 0x3C23
mem[X,0x0000000080043FA2] -> 0x4041
[11051] [M]: 0x0000000080043FA0 (0x40413C23) sd tp, 1048(sp)
mem[0x000000008004A5E0] <- 0x0000000000000002
mem[X,0x0000000080043FA4] -> 0x0513
mem[X,0x0000000080043FA6] -> 0x0000
[11052] [M]: 0x0000000080043FA4 (0x00000513) addi a0, zero, 0
x10 <- 0x0000000000000000
mem[X,0x0000000080043FA8] -> 0x35B7
mem[X,0x0000000080043FAA] -> 0x3333
[11053] [M]: 0x0000000080043FA8 (0x333335B7) lui a1, 209715
x11 <- 0x0000000033333000
mem[X,0x0000000080043FAC] -> 0x8593
mem[X,0x0000000080043FAE] -> 0x3335
[11054] [M]: 0x0000000080043FAC (0x33358593) addi a1, a1, 819
x11 <- 0x0000000033333333
mem[X,0x0000000080043FB0] -> 0x9593
mem[X,0x0000000080043FB2] -> 0x00B5
[11055] [M]: 0x0000000080043FB0 (0x00B59593) slli a1, a1, 11
x11 <- 0x0000019999999800
mem[X,0x0000000080043FB4] -> 0x8593
mem[X,0x0000000080043FB6] -> 0x1995
[11056] [M]: 0x0000000080043FB4 (0x19958593) addi a1, a1, 409
x11 <- 0x0000019999999999
mem[X,0x0000000080043FB8] -> 0x9593
mem[X,0x0000000080043FBA] -> 0x00B5
[11057] [M]: 0x0000000080043FB8 (0x00B59593) slli a1, a1, 11
x11 <- 0x000CCCCCCCCCC800
mem[X,0x0000000080043FBC] -> 0x8593
mem[X,0x0000000080043FBE] -> 0x4CC5
[11058] [M]: 0x0000000080043FBC (0x4CC58593) addi a1, a1, 1228
x11 <- 0x000CCCCCCCCCCCCC
mem[X,0x0000000080043FC0] -> 0x9593
mem[X,0x0000000080043FC2] -> 0x00A5
[11059] [M]: 0x0000000080043FC0 (0x00A59593) slli a1, a1, 10
x11 <- 0x3333333333333000
mem[X,0x0000000080043FC4] -> 0x8593
mem[X,0x0000000080043FC6] -> 0x3325
[11060] [M]: 0x0000000080043FC4 (0x33258593) addi a1, a1, 818
x11 <- 0x3333333333333332
mem[X,0x0000000080043FC8] -> 0x0213
mem[X,0x0000000080043FCA] -> 0x0000
[11061] [M]: 0x0000000080043FC8 (0x00000213) addi tp, zero, 0
x4 <- 0x0000000000000000
mem[X,0x0000000080043FCC] -> 0x006F
mem[X,0x0000000080043FCE] -> 0x2B10
[11062] [M]: 0x0000000080043FCC (0x2B10006F) jal zero, 2736
mem[X,0x0000000080044A7C] -> 0x0A63
mem[X,0x0000000080044A7E] -> 0xD4B5
[11063] [M]: 0x0000000080044A7C (0xD4B50A63) beq a0, a1, 5460
mem[X,0x0000000080044A80] -> 0x0213
mem[X,0x0000000080044A82] -> 0x0022
[11064] [M]: 0x0000000080044A80 (0x00220213) addi tp, tp, 2
x4 <- 0x0000000000000002
mem[X,0x0000000080044A84] -> 0x006F
mem[X,0x0000000080044A86] -> 0x00C0
[11065] [M]: 0x0000000080044A84 (0x00C0006F) jal zero, 12
mem[X,0x0000000080044A90] -> 0x3023
mem[X,0x0000000080044A92] -> 0x4241
[11066] [M]: 0x0000000080044A90 (0x42413023) sd tp, 1056(sp)
mem[0x000000008004A5E8] <- 0x0000000000000002
mem[X,0x0000000080044A94] -> 0x0513
mem[X,0x0000000080044A96] -> 0x0000
[11067] [M]: 0x0000000080044A94 (0x00000513) addi a0, zero, 0
x10 <- 0x0000000000000000
mem[X,0x0000000080044A98] -> 0x65B7
mem[X,0x0000000080044A9A] -> 0x6666
[11068] [M]: 0x0000000080044A98 (0x666665B7) lui a1, 419430
x11 <- 0x0000000066666000
mem[X,0x0000000080044A9C] -> 0x8593
mem[X,0x0000000080044A9E] -> 0x6665
[11069] [M]: 0x0000000080044A9C (0x66658593) addi a1, a1, 1638
x11 <- 0x0000000066666666
mem[X,0x0000000080044AA0] -> 0x9593
mem[X,0x0000000080044AA2] -> 0x00B5
[11070] [M]: 0x0000000080044AA0 (0x00B59593) slli a1, a1, 11
x11 <- 0x0000033333333000
mem[X,0x0000000080044AA4] -> 0x8593
mem[X,0x0000000080044AA6] -> 0x3335
[11071] [M]: 0x0000000080044AA4 (0x33358593) addi a1, a1, 819
x11 <- 0x0000033333333333
mem[X,0x0000000080044AA8] -> 0x9593
mem[X,0x0000000080044AAA] -> 0x00B5
[11072] [M]: 0x0000000080044AA8 (0x00B59593) slli a1, a1, 11
x11 <- 0x0019999999999800
mem[X,0x0000000080044AAC] -> 0x8593
mem[X,0x0000000080044AAE] -> 0x1995
[11073] [M]: 0x0000000080044AAC (0x19958593) addi a1, a1, 409
x11 <- 0x0019999999999999
mem[X,0x0000000080044AB0] -> 0x9593
mem[X,0x0000000080044AB2] -> 0x00A5
[11074] [M]: 0x0000000080044AB0 (0x00A59593) slli a1, a1, 10
x11 <- 0x6666666666666400
mem[X,0x0000000080044AB4] -> 0x8593
mem[X,0x0000000080044AB6] -> 0x2655
[11075] [M]: 0x0000000080044AB4 (0x26558593) addi a1, a1, 613
x11 <- 0x6666666666666665
mem[X,0x0000000080044AB8] -> 0x0213
mem[X,0x0000000080044ABA] -> 0x0000
[11076] [M]: 0x0000000080044AB8 (0x00000213) addi tp, zero, 0
x4 <- 0x0000000000000000
mem[X,0x0000000080044ABC] -> 0x006F
mem[X,0x0000000080044ABE] -> 0x2B10
[11077] [M]: 0x0000000080044ABC (0x2B10006F) jal zero, 2736
mem[X,0x000000008004556C] -> 0x0A63
mem[X,0x000000008004556E] -> 0xD4B5
[11078] [M]: 0x000000008004556C (0xD4B50A63) beq a0, a1, 5460
mem[X,0x0000000080045570] -> 0x0213
mem[X,0x0000000080045572] -> 0x0022
[11079] [M]: 0x0000000080045570 (0x00220213) addi tp, tp, 2
x4 <- 0x0000000000000002
mem[X,0x0000000080045574] -> 0x006F
mem[X,0x0000000080045576] -> 0x00C0
[11080] [M]: 0x0000000080045574 (0x00C0006F) jal zero, 12
mem[X,0x0000000080045580] -> 0x3423
mem[X,0x0000000080045582] -> 0x4241
[11081] [M]: 0x0000000080045580 (0x42413423) sd tp, 1064(sp)
mem[0x000000008004A5F0] <- 0x0000000000000002
mem[X,0x0000000080045584] -> 0x0513
mem[X,0x0000000080045586] -> 0x0000
[11082] [M]: 0x0000000080045584 (0x00000513) addi a0, zero, 0
x10 <- 0x0000000000000000
mem[X,0x0000000080045588] -> 0x05B7
mem[X,0x000000008004558A] -> 0x0000
[11083] [M]: 0x0000000080045588 (0x000005B7) lui a1, 0
x11 <- 0x0000000000000000
mem[X,0x000000008004558C] -> 0x8593
mem[X,0x000000008004558E] -> 0x0005
[11084] [M]: 0x000000008004558C (0x00058593) addi a1, a1, 0
x11 <- 0x0000000000000000
mem[X,0x0000000080045590] -> 0x9593
mem[X,0x0000000080045592] -> 0x00B5
[11085] [M]: 0x0000000080045590 (0x00B59593) slli a1, a1, 11
x11 <- 0x0000000000000000
mem[X,0x0000000080045594] -> 0x8593
mem[X,0x0000000080045596] -> 0x5A85
[11086] [M]: 0x0000000080045594 (0x5A858593) addi a1, a1, 1448
x11 <- 0x00000000000005A8
mem[X,0x0000000080045598] -> 0x9593
mem[X,0x000000008004559A] -> 0x00B5
[11087] [M]: 0x0000000080045598 (0x00B59593) slli a1, a1, 11
x11 <- 0x00000000002D4000
mem[X,0x000000008004559C] -> 0x8593
mem[X,0x000000008004559E] -> 0x13C5
[11088] [M]: 0x000000008004559C (0x13C58593) addi a1, a1, 316
x11 <- 0x00000000002D413C
mem[X,0x00000000800455A0] -> 0x9593
mem[X,0x00000000800455A2] -> 0x00A5
[11089] [M]: 0x00000000800455A0 (0x00A59593) slli a1, a1, 10
x11 <- 0x00000000B504F000
mem[X,0x00000000800455A4] -> 0x8593
mem[X,0x00000000800455A6] -> 0x3325
[11090] [M]: 0x00000000800455A4 (0x33258593) addi a1, a1, 818
x11 <- 0x00000000B504F332
mem[X,0x00000000800455A8] -> 0x0213
mem[X,0x00000000800455AA] -> 0x0000
[11091] [M]: 0x00000000800455A8 (0x00000213) addi tp, zero, 0
x4 <- 0x0000000000000000
mem[X,0x00000000800455AC] -> 0x006F
mem[X,0x00000000800455AE] -> 0x00C0
[11092] [M]: 0x00000000800455AC (0x00C0006F) jal zero, 12
mem[X,0x00000000800455B8] -> 0x0CE3
mem[X,0x00000000800455BA] -> 0xFEB5
[11093] [M]: 0x00000000800455B8 (0xFEB50CE3) beq a0, a1, 8184
mem[X,0x00000000800455BC] -> 0x0213
mem[X,0x00000000800455BE] -> 0x0022
[11094] [M]: 0x00000000800455BC (0x00220213) addi tp, tp, 2
x4 <- 0x0000000000000002
mem[X,0x00000000800455C0] -> 0x006F
mem[X,0x00000000800455C2] -> 0x00C0
[11095] [M]: 0x00000000800455C0 (0x00C0006F) jal zero, 12
mem[X,0x00000000800455CC] -> 0x3823
mem[X,0x00000000800455CE] -> 0x4241
[11096] [M]: 0x00000000800455CC (0x42413823) sd tp, 1072(sp)
mem[0x000000008004A5F8] <- 0x0000000000000002
mem[X,0x00000000800455D0] -> 0x0513
mem[X,0x00000000800455D2] -> 0x0000
[11097] [M]: 0x00000000800455D0 (0x00000513) addi a0, zero, 0
x10 <- 0x0000000000000000
mem[X,0x00000000800455D4] -> 0x55B7
mem[X,0x00000000800455D6] -> 0x5555
[11098] [M]: 0x00000000800455D4 (0x555555B7) lui a1, 349525
x11 <- 0x0000000055555000
mem[X,0x00000000800455D8] -> 0x8593
mem[X,0x00000000800455DA] -> 0x5555
[11099] [M]: 0x00000000800455D8 (0x55558593) addi a1, a1, 1365
x11 <- 0x0000000055555555
clint::tick mtime <- 0x000000000000006F
 clint timer pending at mtime 0x000000000000006F
htif::tick 0x0000000000000000
mem[X,0x00000000800455DC] -> 0x9593
mem[X,0x00000000800455DE] -> 0x00B5
[11100] [M]: 0x00000000800455DC (0x00B59593) slli a1, a1, 11
x11 <- 0x000002AAAAAAA800
mem[X,0x00000000800455E0] -> 0x8593
mem[X,0x00000000800455E2] -> 0x2AA5
[11101] [M]: 0x00000000800455E0 (0x2AA58593) addi a1, a1, 682
x11 <- 0x000002AAAAAAAAAA
mem[X,0x00000000800455E4] -> 0x9593
mem[X,0x00000000800455E6] -> 0x00B5
[11102] [M]: 0x00000000800455E4 (0x00B59593) slli a1, a1, 11
x11 <- 0x0015555555555000
mem[X,0x00000000800455E8] -> 0x8593
mem[X,0x00000000800455EA] -> 0x5555
[11103] [M]: 0x00000000800455E8 (0x55558593) addi a1, a1, 1365
x11 <- 0x0015555555555555
mem[X,0x00000000800455EC] -> 0x9593
mem[X,0x00000000800455EE] -> 0x00A5
[11104] [M]: 0x00000000800455EC (0x00A59593) slli a1, a1, 10
x11 <- 0x5555555555555400
mem[X,0x00000000800455F0] -> 0x8593
mem[X,0x00000000800455F2] -> 0x1565
[11105] [M]: 0x00000000800455F0 (0x15658593) addi a1, a1, 342
x11 <- 0x5555555555555556
mem[X,0x00000000800455F4] -> 0x0213
mem[X,0x00000000800455F6] -> 0x0000
[11106] [M]: 0x00000000800455F4 (0x00000213) addi tp, zero, 0
x4 <- 0x0000000000000000
mem[X,0x00000000800455F8] -> 0x006F
mem[X,0x00000000800455FA] -> 0x00C0
[11107] [M]: 0x00000000800455F8 (0x00C0006F) jal zero, 12
mem[X,0x0000000080045604] -> 0x0663
mem[X,0x0000000080045606] -> 0x00B5
[11108] [M]: 0x0000000080045604 (0x00B50663) beq a0, a1, 12
mem[X,0x0000000080045608] -> 0x0213
mem[X,0x000000008004560A] -> 0x0022
[11109] [M]: 0x0000000080045608 (0x00220213) addi tp, tp, 2
x4 <- 0x0000000000000002
mem[X,0x000000008004560C] -> 0x006F
mem[X,0x000000008004560E] -> 0x00C0
[11110] [M]: 0x000000008004560C (0x00C0006F) jal zero, 12
mem[X,0x0000000080045618] -> 0x3C23
mem[X,0x000000008004561A] -> 0x4241
[11111] [M]: 0x0000000080045618 (0x42413C23) sd tp, 1080(sp)
mem[0x000000008004A600] <- 0x0000000000000002
mem[X,0x000000008004561C] -> 0x0513
mem[X,0x000000008004561E] -> 0x0000
[11112] [M]: 0x000000008004561C (0x00000513) addi a0, zero, 0
x10 <- 0x0000000000000000
mem[X,0x0000000080045620] -> 0xB5B7
mem[X,0x0000000080045622] -> 0xAAAA
[11113] [M]: 0x0000000080045620 (0xAAAAB5B7) lui a1, 699051
x11 <- 0xFFFFFFFFAAAAB000
mem[X,0x0000000080045624] -> 0x8593
mem[X,0x0000000080045626] -> 0xAAA5
[11114] [M]: 0x0000000080045624 (0xAAA58593) addi a1, a1, 2730
x11 <- 0xFFFFFFFFAAAAAAAA
mem[X,0x0000000080045628] -> 0x9593
mem[X,0x000000008004562A] -> 0x00B5
[11115] [M]: 0x0000000080045628 (0x00B59593) slli a1, a1, 11
x11 <- 0xFFFFFD5555555000
mem[X,0x000000008004562C] -> 0x8593
mem[X,0x000000008004562E] -> 0x5555
[11116] [M]: 0x000000008004562C (0x55558593) addi a1, a1, 1365
x11 <- 0xFFFFFD5555555555
mem[X,0x0000000080045630] -> 0x9593
mem[X,0x0000000080045632] -> 0x00B5
[11117] [M]: 0x0000000080045630 (0x00B59593) slli a1, a1, 11
x11 <- 0xFFEAAAAAAAAAA800
mem[X,0x0000000080045634] -> 0x8593
mem[X,0x0000000080045636] -> 0x2AA5
[11118] [M]: 0x0000000080045634 (0x2AA58593) addi a1, a1, 682
x11 <- 0xFFEAAAAAAAAAAAAA
mem[X,0x0000000080045638] -> 0x9593
mem[X,0x000000008004563A] -> 0x00A5
[11119] [M]: 0x0000000080045638 (0x00A59593) slli a1, a1, 10
x11 <- 0xAAAAAAAAAAAAA800
mem[X,0x000000008004563C] -> 0x8593
mem[X,0x000000008004563E] -> 0x2AB5
[11120] [M]: 0x000000008004563C (0x2AB58593) addi a1, a1, 683
x11 <- 0xAAAAAAAAAAAAAAAB
mem[X,0x0000000080045640] -> 0x0213
mem[X,0x0000000080045642] -> 0x0000
[11121] [M]: 0x0000000080045640 (0x00000213) addi tp, zero, 0
x4 <- 0x0000000000000000
mem[X,0x0000000080045644] -> 0x006F
mem[X,0x0000000080045646] -> 0x0180
[11122] [M]: 0x0000000080045644 (0x0180006F) jal zero, 24
mem[X,0x000000008004565C] -> 0x06E3
mem[X,0x000000008004565E] -> 0xFEB5
[11123] [M]: 0x000000008004565C (0xFEB506E3) beq a0, a1, 8172
mem[X,0x0000000080045660] -> 0x0213
mem[X,0x0000000080045662] -> 0x0022
[11124] [M]: 0x0000000080045660 (0x00220213) addi tp, tp, 2
x4 <- 0x0000000000000002
mem[X,0x0000000080045664] -> 0x006F
mem[X,0x0000000080045666] -> 0x00C0
[11125] [M]: 0x0000000080045664 (0x00C0006F) jal zero, 12
mem[X,0x0000000080045670] -> 0x3023
mem[X,0x0000000080045672] -> 0x4441
[11126] [M]: 0x0000000080045670 (0x44413023) sd tp, 1088(sp)
mem[0x000000008004A608] <- 0x0000000000000002
mem[X,0x0000000080045674] -> 0x0513
mem[X,0x0000000080045676] -> 0x0000
[11127] [M]: 0x0000000080045674 (0x00000513) addi a0, zero, 0
x10 <- 0x0000000000000000
mem[X,0x0000000080045678] -> 0x0593
mem[X,0x000000008004567A] -> 0x0060
[11128] [M]: 0x0000000080045678 (0x00600593) addi a1, zero, 6
x11 <- 0x0000000000000006
mem[X,0x000000008004567C] -> 0x0213
mem[X,0x000000008004567E] -> 0x0000
[11129] [M]: 0x000000008004567C (0x00000213) addi tp, zero, 0
x4 <- 0x0000000000000000
mem[X,0x0000000080045680] -> 0x006F
mem[X,0x0000000080045682] -> 0x00C0
[11130] [M]: 0x0000000080045680 (0x00C0006F) jal zero, 12
mem[X,0x000000008004568C] -> 0x0CE3
mem[X,0x000000008004568E] -> 0xFEB5
[11131] [M]: 0x000000008004568C (0xFEB50CE3) beq a0, a1, 8184
mem[X,0x0000000080045690] -> 0x0213
mem[X,0x0000000080045692] -> 0x0022
[11132] [M]: 0x0000000080045690 (0x00220213) addi tp, tp, 2
x4 <- 0x0000000000000002
mem[X,0x0000000080045694] -> 0x006F
mem[X,0x0000000080045696] -> 0x00C0
[11133] [M]: 0x0000000080045694 (0x00C0006F) jal zero, 12
mem[X,0x00000000800456A0] -> 0x3423
mem[X,0x00000000800456A2] -> 0x4441
[11134] [M]: 0x00000000800456A0 (0x44413423) sd tp, 1096(sp)
mem[0x000000008004A610] <- 0x0000000000000002
mem[X,0x00000000800456A4] -> 0x0513
mem[X,0x00000000800456A6] -> 0x0000
[11135] [M]: 0x00000000800456A4 (0x00000513) addi a0, zero, 0
x10 <- 0x0000000000000000
mem[X,0x00000000800456A8] -> 0x35B7
mem[X,0x00000000800456AA] -> 0x3333
[11136] [M]: 0x00000000800456A8 (0x333335B7) lui a1, 209715
x11 <- 0x0000000033333000
mem[X,0x00000000800456AC] -> 0x8593
mem[X,0x00000000800456AE] -> 0x3335
[11137] [M]: 0x00000000800456AC (0x33358593) addi a1, a1, 819
x11 <- 0x0000000033333333
mem[X,0x00000000800456B0] -> 0x9593
mem[X,0x00000000800456B2] -> 0x00B5
[11138] [M]: 0x00000000800456B0 (0x00B59593) slli a1, a1, 11
x11 <- 0x0000019999999800
mem[X,0x00000000800456B4] -> 0x8593
mem[X,0x00000000800456B6] -> 0x1995
[11139] [M]: 0x00000000800456B4 (0x19958593) addi a1, a1, 409
x11 <- 0x0000019999999999
mem[X,0x00000000800456B8] -> 0x9593
mem[X,0x00000000800456BA] -> 0x00B5
[11140] [M]: 0x00000000800456B8 (0x00B59593) slli a1, a1, 11
x11 <- 0x000CCCCCCCCCC800
mem[X,0x00000000800456BC] -> 0x8593
mem[X,0x00000000800456BE] -> 0x4CC5
[11141] [M]: 0x00000000800456BC (0x4CC58593) addi a1, a1, 1228
x11 <- 0x000CCCCCCCCCCCCC
mem[X,0x00000000800456C0] -> 0x9593
mem[X,0x00000000800456C2] -> 0x00A5
[11142] [M]: 0x00000000800456C0 (0x00A59593) slli a1, a1, 10
x11 <- 0x3333333333333000
mem[X,0x00000000800456C4] -> 0x8593
mem[X,0x00000000800456C6] -> 0x3345
[11143] [M]: 0x00000000800456C4 (0x33458593) addi a1, a1, 820
x11 <- 0x3333333333333334
mem[X,0x00000000800456C8] -> 0x0213
mem[X,0x00000000800456CA] -> 0x0000
[11144] [M]: 0x00000000800456C8 (0x00000213) addi tp, zero, 0
x4 <- 0x0000000000000000
mem[X,0x00000000800456CC] -> 0x006F
mem[X,0x00000000800456CE] -> 0x00C0
[11145] [M]: 0x00000000800456CC (0x00C0006F) jal zero, 12
mem[X,0x00000000800456D8] -> 0x0063
mem[X,0x00000000800456DA] -> 0x20B5
[11146] [M]: 0x00000000800456D8 (0x20B50063) beq a0, a1, 512
mem[X,0x00000000800456DC] -> 0x0213
mem[X,0x00000000800456DE] -> 0x0022
[11147] [M]: 0x00000000800456DC (0x00220213) addi tp, tp, 2
x4 <- 0x0000000000000002
mem[X,0x00000000800456E0] -> 0x006F
mem[X,0x00000000800456E2] -> 0x2000
[11148] [M]: 0x00000000800456E0 (0x2000006F) jal zero, 512
mem[X,0x00000000800458E0] -> 0x3823
mem[X,0x00000000800458E2] -> 0x4441
[11149] [M]: 0x00000000800458E0 (0x44413823) sd tp, 1104(sp)
mem[0x000000008004A618] <- 0x0000000000000002
mem[X,0x00000000800458E4] -> 0x0513
mem[X,0x00000000800458E6] -> 0x0000
[11150] [M]: 0x00000000800458E4 (0x00000513) addi a0, zero, 0
x10 <- 0x0000000000000000
mem[X,0x00000000800458E8] -> 0x65B7
mem[X,0x00000000800458EA] -> 0x6666
[11151] [M]: 0x00000000800458E8 (0x666665B7) lui a1, 419430
x11 <- 0x0000000066666000
mem[X,0x00000000800458EC] -> 0x8593
mem[X,0x00000000800458EE] -> 0x6665
[11152] [M]: 0x00000000800458EC (0x66658593) addi a1, a1, 1638
x11 <- 0x0000000066666666
mem[X,0x00000000800458F0] -> 0x9593
mem[X,0x00000000800458F2] -> 0x00B5
[11153] [M]: 0x00000000800458F0 (0x00B59593) slli a1, a1, 11
x11 <- 0x0000033333333000
mem[X,0x00000000800458F4] -> 0x8593
mem[X,0x00000000800458F6] -> 0x3335
[11154] [M]: 0x00000000800458F4 (0x33358593) addi a1, a1, 819
x11 <- 0x0000033333333333
mem[X,0x00000000800458F8] -> 0x9593
mem[X,0x00000000800458FA] -> 0x00B5
[11155] [M]: 0x00000000800458F8 (0x00B59593) slli a1, a1, 11
x11 <- 0x0019999999999800
mem[X,0x00000000800458FC] -> 0x8593
mem[X,0x00000000800458FE] -> 0x1995
[11156] [M]: 0x00000000800458FC (0x19958593) addi a1, a1, 409
x11 <- 0x0019999999999999
mem[X,0x0000000080045900] -> 0x9593
mem[X,0x0000000080045902] -> 0x00A5
[11157] [M]: 0x0000000080045900 (0x00A59593) slli a1, a1, 10
x11 <- 0x6666666666666400
mem[X,0x0000000080045904] -> 0x8593
mem[X,0x0000000080045906] -> 0x2675
[11158] [M]: 0x0000000080045904 (0x26758593) addi a1, a1, 615
x11 <- 0x6666666666666667
mem[X,0x0000000080045908] -> 0x0213
mem[X,0x000000008004590A] -> 0x0000
[11159] [M]: 0x0000000080045908 (0x00000213) addi tp, zero, 0
x4 <- 0x0000000000000000
mem[X,0x000000008004590C] -> 0x006F
mem[X,0x000000008004590E] -> 0x00C0
[11160] [M]: 0x000000008004590C (0x00C0006F) jal zero, 12
mem[X,0x0000000080045918] -> 0x0063
mem[X,0x000000008004591A] -> 0x08B5
[11161] [M]: 0x0000000080045918 (0x08B50063) beq a0, a1, 128
mem[X,0x000000008004591C] -> 0x0213
mem[X,0x000000008004591E] -> 0x0022
[11162] [M]: 0x000000008004591C (0x00220213) addi tp, tp, 2
x4 <- 0x0000000000000002
mem[X,0x0000000080045920] -> 0x006F
mem[X,0x0000000080045922] -> 0x0800
[11163] [M]: 0x0000000080045920 (0x0800006F) jal zero, 128
mem[X,0x00000000800459A0] -> 0x3C23
mem[X,0x00000000800459A2] -> 0x4441
[11164] [M]: 0x00000000800459A0 (0x44413C23) sd tp, 1112(sp)
mem[0x000000008004A620] <- 0x0000000000000002
mem[X,0x00000000800459A4] -> 0x0513
mem[X,0x00000000800459A6] -> 0x0000
[11165] [M]: 0x00000000800459A4 (0x00000513) addi a0, zero, 0
x10 <- 0x0000000000000000
mem[X,0x00000000800459A8] -> 0x05B7
mem[X,0x00000000800459AA] -> 0x0000
[11166] [M]: 0x00000000800459A8 (0x000005B7) lui a1, 0
x11 <- 0x0000000000000000
mem[X,0x00000000800459AC] -> 0x8593
mem[X,0x00000000800459AE] -> 0xFFF5
[11167] [M]: 0x00000000800459AC (0xFFF58593) addi a1, a1, 4095
x11 <- 0xFFFFFFFFFFFFFFFF
mem[X,0x00000000800459B0] -> 0x9593
mem[X,0x00000000800459B2] -> 0x00B5
[11168] [M]: 0x00000000800459B0 (0x00B59593) slli a1, a1, 11
x11 <- 0xFFFFFFFFFFFFF800
mem[X,0x00000000800459B4] -> 0x8593
mem[X,0x00000000800459B6] -> 0x2575
[11169] [M]: 0x00000000800459B4 (0x25758593) addi a1, a1, 599
x11 <- 0xFFFFFFFFFFFFFA57
mem[X,0x00000000800459B8] -> 0x9593
mem[X,0x00000000800459BA] -> 0x00B5
[11170] [M]: 0x00000000800459B8 (0x00B59593) slli a1, a1, 11
x11 <- 0xFFFFFFFFFFD2B800
mem[X,0x00000000800459BC] -> 0x8593
mem[X,0x00000000800459BE] -> 0x6C35
[11171] [M]: 0x00000000800459BC (0x6C358593) addi a1, a1, 1731
x11 <- 0xFFFFFFFFFFD2BEC3
mem[X,0x00000000800459C0] -> 0x9593
mem[X,0x00000000800459C2] -> 0x00A5
[11172] [M]: 0x00000000800459C0 (0x00A59593) slli a1, a1, 10
x11 <- 0xFFFFFFFF4AFB0C00
mem[X,0x00000000800459C4] -> 0x8593
mem[X,0x00000000800459C6] -> 0x0CE5
[11173] [M]: 0x00000000800459C4 (0x0CE58593) addi a1, a1, 206
x11 <- 0xFFFFFFFF4AFB0CCE
mem[X,0x00000000800459C8] -> 0x0213
mem[X,0x00000000800459CA] -> 0x0000
[11174] [M]: 0x00000000800459C8 (0x00000213) addi tp, zero, 0
x4 <- 0x0000000000000000
mem[X,0x00000000800459CC] -> 0x006F
mem[X,0x00000000800459CE] -> 0x00C0
[11175] [M]: 0x00000000800459CC (0x00C0006F) jal zero, 12
mem[X,0x00000000800459D8] -> 0x0063
mem[X,0x00000000800459DA] -> 0x40B5
[11176] [M]: 0x00000000800459D8 (0x40B50063) beq a0, a1, 1024
mem[X,0x00000000800459DC] -> 0x0213
mem[X,0x00000000800459DE] -> 0x0022
[11177] [M]: 0x00000000800459DC (0x00220213) addi tp, tp, 2
x4 <- 0x0000000000000002
mem[X,0x00000000800459E0] -> 0x006F
mem[X,0x00000000800459E2] -> 0x4000
[11178] [M]: 0x00000000800459E0 (0x4000006F) jal zero, 1024
mem[X,0x0000000080045DE0] -> 0x3023
mem[X,0x0000000080045DE2] -> 0x4641
[11179] [M]: 0x0000000080045DE0 (0x46413023) sd tp, 1120(sp)
mem[0x000000008004A628] <- 0x0000000000000002
mem[X,0x0000000080045DE4] -> 0x0513
mem[X,0x0000000080045DE6] -> 0x0000
[11180] [M]: 0x0000000080045DE4 (0x00000513) addi a0, zero, 0
x10 <- 0x0000000000000000
mem[X,0x0000000080045DE8] -> 0x05B7
mem[X,0x0000000080045DEA] -> 0x0000
[11181] [M]: 0x0000000080045DE8 (0x000005B7) lui a1, 0
x11 <- 0x0000000000000000
mem[X,0x0000000080045DEC] -> 0x8593
mem[X,0x0000000080045DEE] -> 0x0005
[11182] [M]: 0x0000000080045DEC (0x00058593) addi a1, a1, 0
x11 <- 0x0000000000000000
mem[X,0x0000000080045DF0] -> 0x9593
mem[X,0x0000000080045DF2] -> 0x00B5
[11183] [M]: 0x0000000080045DF0 (0x00B59593) slli a1, a1, 11
x11 <- 0x0000000000000000
mem[X,0x0000000080045DF4] -> 0x8593
mem[X,0x0000000080045DF6] -> 0x5A85
[11184] [M]: 0x0000000080045DF4 (0x5A858593) addi a1, a1, 1448
x11 <- 0x00000000000005A8
mem[X,0x0000000080045DF8] -> 0x9593
mem[X,0x0000000080045DFA] -> 0x00B5
[11185] [M]: 0x0000000080045DF8 (0x00B59593) slli a1, a1, 11
x11 <- 0x00000000002D4000
mem[X,0x0000000080045DFC] -> 0x8593
mem[X,0x0000000080045DFE] -> 0x13C5
[11186] [M]: 0x0000000080045DFC (0x13C58593) addi a1, a1, 316
x11 <- 0x00000000002D413C
mem[X,0x0000000080045E00] -> 0x9593
mem[X,0x0000000080045E02] -> 0x00A5
[11187] [M]: 0x0000000080045E00 (0x00A59593) slli a1, a1, 10
x11 <- 0x00000000B504F000
mem[X,0x0000000080045E04] -> 0x8593
mem[X,0x0000000080045E06] -> 0x3345
[11188] [M]: 0x0000000080045E04 (0x33458593) addi a1, a1, 820
x11 <- 0x00000000B504F334
mem[X,0x0000000080045E08] -> 0x0213
mem[X,0x0000000080045E0A] -> 0x0000
[11189] [M]: 0x0000000080045E08 (0x00000213) addi tp, zero, 0
x4 <- 0x0000000000000000
mem[X,0x0000000080045E0C] -> 0x006F
mem[X,0x0000000080045E0E] -> 0x00C0
[11190] [M]: 0x0000000080045E0C (0x00C0006F) jal zero, 12
mem[X,0x0000000080045E18] -> 0x0063
mem[X,0x0000000080045E1A] -> 0x20B5
[11191] [M]: 0x0000000080045E18 (0x20B50063) beq a0, a1, 512
mem[X,0x0000000080045E1C] -> 0x0213
mem[X,0x0000000080045E1E] -> 0x0022
[11192] [M]: 0x0000000080045E1C (0x00220213) addi tp, tp, 2
x4 <- 0x0000000000000002
mem[X,0x0000000080045E20] -> 0x006F
mem[X,0x0000000080045E22] -> 0x2000
[11193] [M]: 0x0000000080045E20 (0x2000006F) jal zero, 512
mem[X,0x0000000080046020] -> 0x3423
mem[X,0x0000000080046022] -> 0x4641
[11194] [M]: 0x0000000080046020 (0x46413423) sd tp, 1128(sp)
mem[0x000000008004A630] <- 0x0000000000000002
mem[X,0x0000000080046024] -> 0x5537
mem[X,0x0000000080046026] -> 0x5555
[11195] [M]: 0x0000000080046024 (0x55555537) lui a0, 349525
x10 <- 0x0000000055555000
mem[X,0x0000000080046028] -> 0x0513
mem[X,0x000000008004602A] -> 0x5555
[11196] [M]: 0x0000000080046028 (0x55550513) addi a0, a0, 1365
x10 <- 0x0000000055555555
mem[X,0x000000008004602C] -> 0x1513
mem[X,0x000000008004602E] -> 0x00B5
[11197] [M]: 0x000000008004602C (0x00B51513) slli a0, a0, 11
x10 <- 0x000002AAAAAAA800
mem[X,0x0000000080046030] -> 0x0513
mem[X,0x0000000080046032] -> 0x2AA5
[11198] [M]: 0x0000000080046030 (0x2AA50513) addi a0, a0, 682
x10 <- 0x000002AAAAAAAAAA
mem[X,0x0000000080046034] -> 0x1513
mem[X,0x0000000080046036] -> 0x00B5
[11199] [M]: 0x0000000080046034 (0x00B51513) slli a0, a0, 11
x10 <- 0x0015555555555000
clint::tick mtime <- 0x0000000000000070
 clint timer pending at mtime 0x0000000000000070
htif::tick 0x0000000000000000
mem[X,0x0000000080046038] -> 0x0513
mem[X,0x000000008004603A] -> 0x5555
[11200] [M]: 0x0000000080046038 (0x55550513) addi a0, a0, 1365
x10 <- 0x0015555555555555
mem[X,0x000000008004603C] -> 0x1513
mem[X,0x000000008004603E] -> 0x00A5
[11201] [M]: 0x000000008004603C (0x00A51513) slli a0, a0, 10
x10 <- 0x5555555555555400
mem[X,0x0000000080046040] -> 0x0513
mem[X,0x0000000080046042] -> 0x1555
[11202] [M]: 0x0000000080046040 (0x15550513) addi a0, a0, 341
x10 <- 0x5555555555555555
mem[X,0x0000000080046044] -> 0x0593
mem[X,0x0000000080046046] -> 0x0010
[11203] [M]: 0x0000000080046044 (0x00100593) addi a1, zero, 1
x11 <- 0x0000000000000001
mem[X,0x0000000080046048] -> 0x9593
mem[X,0x000000008004604A] -> 0x03D5
[11204] [M]: 0x0000000080046048 (0x03D59593) slli a1, a1, 61
x11 <- 0x2000000000000000
mem[X,0x000000008004604C] -> 0xC593
mem[X,0x000000008004604E] -> 0xFFF5
[11205] [M]: 0x000000008004604C (0xFFF5C593) xori a1, a1, 4095
x11 <- 0xDFFFFFFFFFFFFFFF
mem[X,0x0000000080046050] -> 0x0213
mem[X,0x0000000080046052] -> 0x0000
[11206] [M]: 0x0000000080046050 (0x00000213) addi tp, zero, 0
x4 <- 0x0000000000000000
mem[X,0x0000000080046054] -> 0x006F
mem[X,0x0000000080046056] -> 0x00C0
[11207] [M]: 0x0000000080046054 (0x00C0006F) jal zero, 12
mem[X,0x0000000080046060] -> 0x0CE3
mem[X,0x0000000080046062] -> 0xFEB5
[11208] [M]: 0x0000000080046060 (0xFEB50CE3) beq a0, a1, 8184
mem[X,0x0000000080046064] -> 0x0213
mem[X,0x0000000080046066] -> 0x0022
[11209] [M]: 0x0000000080046064 (0x00220213) addi tp, tp, 2
x4 <- 0x0000000000000002
mem[X,0x0000000080046068] -> 0x006F
mem[X,0x000000008004606A] -> 0x00C0
[11210] [M]: 0x0000000080046068 (0x00C0006F) jal zero, 12
mem[X,0x0000000080046074] -> 0x3823
mem[X,0x0000000080046076] -> 0x4641
[11211] [M]: 0x0000000080046074 (0x46413823) sd tp, 1136(sp)
mem[0x000000008004A638] <- 0x0000000000000002
mem[X,0x0000000080046078] -> 0x0513
mem[X,0x000000008004607A] -> 0xFFF0
[11212] [M]: 0x0000000080046078 (0xFFF00513) addi a0, zero, 4095
x10 <- 0xFFFFFFFFFFFFFFFF
mem[X,0x000000008004607C] -> 0x1513
mem[X,0x000000008004607E] -> 0x03F5
[11213] [M]: 0x000000008004607C (0x03F51513) slli a0, a0, 63
x10 <- 0x8000000000000000
mem[X,0x0000000080046080] -> 0x0593
mem[X,0x0000000080046082] -> 0x0010
[11214] [M]: 0x0000000080046080 (0x00100593) addi a1, zero, 1
x11 <- 0x0000000000000001
mem[X,0x0000000080046084] -> 0x9593
mem[X,0x0000000080046086] -> 0x00D5
[11215] [M]: 0x0000000080046084 (0x00D59593) slli a1, a1, 13
x11 <- 0x0000000000002000
mem[X,0x0000000080046088] -> 0x0213
mem[X,0x000000008004608A] -> 0x0000
[11216] [M]: 0x0000000080046088 (0x00000213) addi tp, zero, 0
x4 <- 0x0000000000000000
mem[X,0x000000008004608C] -> 0x006F
mem[X,0x000000008004608E] -> 0x00C0
[11217] [M]: 0x000000008004608C (0x00C0006F) jal zero, 12
mem[X,0x0000000080046098] -> 0x0CE3
mem[X,0x000000008004609A] -> 0xFEB5
[11218] [M]: 0x0000000080046098 (0xFEB50CE3) beq a0, a1, 8184
mem[X,0x000000008004609C] -> 0x0213
mem[X,0x000000008004609E] -> 0x0022
[11219] [M]: 0x000000008004609C (0x00220213) addi tp, tp, 2
x4 <- 0x0000000000000002
mem[X,0x00000000800460A0] -> 0x006F
mem[X,0x00000000800460A2] -> 0x00C0
[11220] [M]: 0x00000000800460A0 (0x00C0006F) jal zero, 12
mem[X,0x00000000800460AC] -> 0x3C23
mem[X,0x00000000800460AE] -> 0x4641
[11221] [M]: 0x00000000800460AC (0x46413C23) sd tp, 1144(sp)
mem[0x000000008004A640] <- 0x0000000000000002
mem[X,0x00000000800460B0] -> 0x0513
mem[X,0x00000000800460B2] -> 0x0010
[11222] [M]: 0x00000000800460B0 (0x00100513) addi a0, zero, 1
x10 <- 0x0000000000000001
mem[X,0x00000000800460B4] -> 0x1513
mem[X,0x00000000800460B6] -> 0x0255
[11223] [M]: 0x00000000800460B4 (0x02551513) slli a0, a0, 37
x10 <- 0x0000002000000000
mem[X,0x00000000800460B8] -> 0x0593
mem[X,0x00000000800460BA] -> 0x0010
[11224] [M]: 0x00000000800460B8 (0x00100593) addi a1, zero, 1
x11 <- 0x0000000000000001
mem[X,0x00000000800460BC] -> 0x9593
mem[X,0x00000000800460BE] -> 0x0175
[11225] [M]: 0x00000000800460BC (0x01759593) slli a1, a1, 23
x11 <- 0x0000000000800000
mem[X,0x00000000800460C0] -> 0x0213
mem[X,0x00000000800460C2] -> 0x0000
[11226] [M]: 0x00000000800460C0 (0x00000213) addi tp, zero, 0
x4 <- 0x0000000000000000
mem[X,0x00000000800460C4] -> 0x006F
mem[X,0x00000000800460C6] -> 0x00C0
[11227] [M]: 0x00000000800460C4 (0x00C0006F) jal zero, 12
mem[X,0x00000000800460D0] -> 0x0663
mem[X,0x00000000800460D2] -> 0x00B5
[11228] [M]: 0x00000000800460D0 (0x00B50663) beq a0, a1, 12
mem[X,0x00000000800460D4] -> 0x0213
mem[X,0x00000000800460D6] -> 0x0022
[11229] [M]: 0x00000000800460D4 (0x00220213) addi tp, tp, 2
x4 <- 0x0000000000000002
mem[X,0x00000000800460D8] -> 0x006F
mem[X,0x00000000800460DA] -> 0x00C0
[11230] [M]: 0x00000000800460D8 (0x00C0006F) jal zero, 12
mem[X,0x00000000800460E4] -> 0x3023
mem[X,0x00000000800460E6] -> 0x4841
[11231] [M]: 0x00000000800460E4 (0x48413023) sd tp, 1152(sp)
mem[0x000000008004A648] <- 0x0000000000000002
mem[X,0x00000000800460E8] -> 0x006F
mem[X,0x00000000800460EA] -> 0x0380
[11232] [M]: 0x00000000800460E8 (0x0380006F) jal zero, 56
mem[X,0x0000000080046120] -> 0x0093
mem[X,0x0000000080046122] -> 0x0010
[11233] [M]: 0x0000000080046120 (0x00100093) addi ra, zero, 1
x1 <- 0x0000000000000001
mem[X,0x0000000080046124] -> 0x1F17
mem[X,0x0000000080046126] -> 0x0000
[11234] [M]: 0x0000000080046124 (0x00001F17) auipc t5, 1
x30 <- 0x0000000080047124
mem[X,0x0000000080046128] -> 0x2E23
mem[X,0x000000008004612A] -> 0xEC1F
[11235] [M]: 0x0000000080046128 (0xEC1F2E23) sw ra, 3804(t5)
htif[0x0000000080047000] <- 0x00000001
mem[X,0x000000008004612C] -> 0xF06F
mem[X,0x000000008004612E] -> 0xFF9F
[11236] [M]: 0x000000008004612C (0xFF9FF06F) jal zero, 2097144
mem[X,0x0000000080046124] -> 0x1F17
mem[X,0x0000000080046126] -> 0x0000
[11237] [M]: 0x0000000080046124 (0x00001F17) auipc t5, 1
x30 <- 0x0000000080047124
mem[X,0x0000000080046128] -> 0x2E23
mem[X,0x000000008004612A] -> 0xEC1F
[11238] [M]: 0x0000000080046128 (0xEC1F2E23) sw ra, 3804(t5)
htif[0x0000000080047000] <- 0x00000001
mem[X,0x000000008004612C] -> 0xF06F
mem[X,0x000000008004612E] -> 0xFF9F
[11239] [M]: 0x000000008004612C (0xFF9FF06F) jal zero, 2097144
mem[X,0x0000000080046124] -> 0x1F17
mem[X,0x0000000080046126] -> 0x0000
[11240] [M]: 0x0000000080046124 (0x00001F17) auipc t5, 1
x30 <- 0x0000000080047124
mem[X,0x0000000080046128] -> 0x2E23
mem[X,0x000000008004612A] -> 0xEC1F
[11241] [M]: 0x0000000080046128 (0xEC1F2E23) sw ra, 3804(t5)
htif[0x0000000080047000] <- 0x00000001
htif-syscall-proxy cmd: 0x000000000001
SUCCESS
