using /home/minami/vscode/github/riscv-cof/test/riscof_work/rv64i_m/I/src/sltiu-01.S/ref/Reference-sail_c_simulator.signature for test-signature output.
tohost located at 0x80006000
Running file ref.elf.
ELF Entry @ 0x80000000
begin_signature: 0x80008110
end_signature: 0x800098e0
CSR mstatus <- 0x0000000A00000000 (input: 0x0000000000000000)
mem[X,0x0000000000001000] -> 0x0297
mem[X,0x0000000000001002] -> 0x0000
[0] [M]: 0x0000000000001000 (0x00000297) auipc t0, 0
x5 <- 0x0000000000001000
mem[X,0x0000000000001004] -> 0x8593
mem[X,0x0000000000001006] -> 0x0202
[1] [M]: 0x0000000000001004 (0x02028593) addi a1, t0, 32
x11 <- 0x0000000000001020
mem[X,0x0000000000001008] -> 0x2573
mem[X,0x000000000000100A] -> 0xF140
[2] [M]: 0x0000000000001008 (0xF1402573) csrrs a0, mhartid, zero
CSR mhartid -> 0x0000000000000000
x10 <- 0x0000000000000000
mem[X,0x000000000000100C] -> 0xB283
mem[X,0x000000000000100E] -> 0x0182
[3] [M]: 0x000000000000100C (0x0182B283) ld t0, 24(t0)
mem[R,0x0000000000001018] -> 0x0000000080000000
x5 <- 0x0000000080000000
mem[X,0x0000000000001010] -> 0x8067
mem[X,0x0000000000001012] -> 0x0002
[4] [M]: 0x0000000000001010 (0x00028067) jalr zero, t0, 0
mem[X,0x0000000080000000] -> 0xC0B7
mem[X,0x0000000080000002] -> 0xFEED
[5] [M]: 0x0000000080000000 (0xFEEDC0B7) lui ra, 1044188
x1 <- 0xFFFFFFFFFEEDC000
mem[X,0x0000000080000004] -> 0x8093
mem[X,0x0000000080000006] -> 0xEAD0
[6] [M]: 0x0000000080000004 (0xEAD08093) addi ra, ra, 3757
x1 <- 0xFFFFFFFFFEEDBEAD
mem[X,0x0000000080000008] -> 0x9093
mem[X,0x000000008000000A] -> 0x00B0
[7] [M]: 0x0000000080000008 (0x00B09093) slli ra, ra, 11
x1 <- 0xFFFFFFF76DF56800
mem[X,0x000000008000000C] -> 0x8093
mem[X,0x000000008000000E] -> 0x7F70
[8] [M]: 0x000000008000000C (0x7F708093) addi ra, ra, 2039
x1 <- 0xFFFFFFF76DF56FF7
mem[X,0x0000000080000010] -> 0x9093
mem[X,0x0000000080000012] -> 0x00B0
[9] [M]: 0x0000000080000010 (0x00B09093) slli ra, ra, 11
x1 <- 0xFFFFBB6FAB7FB800
mem[X,0x0000000080000014] -> 0x8093
mem[X,0x0000000080000016] -> 0x36F0
[10] [M]: 0x0000000080000014 (0x36F08093) addi ra, ra, 879
x1 <- 0xFFFFBB6FAB7FBB6F
mem[X,0x0000000080000018] -> 0x9093
mem[X,0x000000008000001A] -> 0x00A0
[11] [M]: 0x0000000080000018 (0x00A09093) slli ra, ra, 10
x1 <- 0xFEEDBEADFEEDBC00
mem[X,0x000000008000001C] -> 0x8093
mem[X,0x000000008000001E] -> 0x2AD0
[12] [M]: 0x000000008000001C (0x2AD08093) addi ra, ra, 685
x1 <- 0xFEEDBEADFEEDBEAD
mem[X,0x0000000080000020] -> 0xE137
mem[X,0x0000000080000022] -> 0xFF76
[13] [M]: 0x0000000080000020 (0xFF76E137) lui sp, 1046382
x2 <- 0xFFFFFFFFFF76E000
mem[X,0x0000000080000024] -> 0x0113
mem[X,0x0000000080000026] -> 0xF561
[14] [M]: 0x0000000080000024 (0xF5610113) addi sp, sp, 3926
x2 <- 0xFFFFFFFFFF76DF56
mem[X,0x0000000080000028] -> 0x1113
mem[X,0x000000008000002A] -> 0x00B1
[15] [M]: 0x0000000080000028 (0x00B11113) slli sp, sp, 11
x2 <- 0xFFFFFFFBB6FAB000
mem[X,0x000000008000002C] -> 0x0113
mem[X,0x000000008000002E] -> 0x7FB1
[16] [M]: 0x000000008000002C (0x7FB10113) addi sp, sp, 2043
x2 <- 0xFFFFFFFBB6FAB7FB
mem[X,0x0000000080000030] -> 0x1113
mem[X,0x0000000080000032] -> 0x00B1
[17] [M]: 0x0000000080000030 (0x00B11113) slli sp, sp, 11
x2 <- 0xFFFFDDB7D5BFD800
mem[X,0x0000000080000034] -> 0x0113
mem[X,0x0000000080000036] -> 0x5B71
[18] [M]: 0x0000000080000034 (0x5B710113) addi sp, sp, 1463
x2 <- 0xFFFFDDB7D5BFDDB7
mem[X,0x0000000080000038] -> 0x1113
mem[X,0x000000008000003A] -> 0x00A1
[19] [M]: 0x0000000080000038 (0x00A11113) slli sp, sp, 10
x2 <- 0xFF76DF56FF76DC00
mem[X,0x000000008000003C] -> 0x0113
mem[X,0x000000008000003E] -> 0x3561
[20] [M]: 0x000000008000003C (0x35610113) addi sp, sp, 854
x2 <- 0xFF76DF56FF76DF56
mem[X,0x0000000080000040] -> 0x71B7
mem[X,0x0000000080000042] -> 0x7FBB
[21] [M]: 0x0000000080000040 (0x7FBB71B7) lui gp, 523191
x3 <- 0x000000007FBB7000
mem[X,0x0000000080000044] -> 0x8193
mem[X,0x0000000080000046] -> 0xFAB1
[22] [M]: 0x0000000080000044 (0xFAB18193) addi gp, gp, 4011
x3 <- 0x000000007FBB6FAB
mem[X,0x0000000080000048] -> 0x9193
mem[X,0x000000008000004A] -> 0x00B1
[23] [M]: 0x0000000080000048 (0x00B19193) slli gp, gp, 11
x3 <- 0x000003FDDB7D5800
mem[X,0x000000008000004C] -> 0x8193
mem[X,0x000000008000004E] -> 0x3FD1
[24] [M]: 0x000000008000004C (0x3FD18193) addi gp, gp, 1021
x3 <- 0x000003FDDB7D5BFD
mem[X,0x0000000080000050] -> 0x9193
mem[X,0x0000000080000052] -> 0x00B1
[25] [M]: 0x0000000080000050 (0x00B19193) slli gp, gp, 11
x3 <- 0x001FEEDBEADFE800
mem[X,0x0000000080000054] -> 0x8193
mem[X,0x0000000080000056] -> 0x6DB1
[26] [M]: 0x0000000080000054 (0x6DB18193) addi gp, gp, 1755
x3 <- 0x001FEEDBEADFEEDB
mem[X,0x0000000080000058] -> 0x9193
mem[X,0x000000008000005A] -> 0x00A1
[27] [M]: 0x0000000080000058 (0x00A19193) slli gp, gp, 10
x3 <- 0x7FBB6FAB7FBB6C00
mem[X,0x000000008000005C] -> 0x8193
mem[X,0x000000008000005E] -> 0x3AB1
[28] [M]: 0x000000008000005C (0x3AB18193) addi gp, gp, 939
x3 <- 0x7FBB6FAB7FBB6FAB
mem[X,0x0000000080000060] -> 0xB237
mem[X,0x0000000080000062] -> 0xBFDD
[29] [M]: 0x0000000080000060 (0xBFDDB237) lui tp, 785883
x4 <- 0xFFFFFFFFBFDDB000
mem[X,0x0000000080000064] -> 0x0213
mem[X,0x0000000080000066] -> 0x7D52
[30] [M]: 0x0000000080000064 (0x7D520213) addi tp, tp, 2005
x4 <- 0xFFFFFFFFBFDDB7D5
mem[X,0x0000000080000068] -> 0x1213
mem[X,0x000000008000006A] -> 0x00B2
[31] [M]: 0x0000000080000068 (0x00B21213) slli tp, tp, 11
x4 <- 0xFFFFFDFEEDBEA800
mem[X,0x000000008000006C] -> 0x0213
mem[X,0x000000008000006E] -> 0x5FE2
[32] [M]: 0x000000008000006C (0x5FE20213) addi tp, tp, 1534
x4 <- 0xFFFFFDFEEDBEADFE
mem[X,0x0000000080000070] -> 0x1213
mem[X,0x0000000080000072] -> 0x00B2
[33] [M]: 0x0000000080000070 (0x00B21213) slli tp, tp, 11
x4 <- 0xFFEFF76DF56FF000
mem[X,0x0000000080000074] -> 0x0213
mem[X,0x0000000080000076] -> 0x76D2
[34] [M]: 0x0000000080000074 (0x76D20213) addi tp, tp, 1901
x4 <- 0xFFEFF76DF56FF76D
mem[X,0x0000000080000078] -> 0x1213
mem[X,0x000000008000007A] -> 0x00A2
[35] [M]: 0x0000000080000078 (0x00A21213) slli tp, tp, 10
x4 <- 0xBFDDB7D5BFDDB400
mem[X,0x000000008000007C] -> 0x0213
mem[X,0x000000008000007E] -> 0x3D52
[36] [M]: 0x000000008000007C (0x3D520213) addi tp, tp, 981
x4 <- 0xBFDDB7D5BFDDB7D5
mem[X,0x0000000080000080] -> 0xE2B7
mem[X,0x0000000080000082] -> 0xDFEE
[37] [M]: 0x0000000080000080 (0xDFEEE2B7) lui t0, 917230
x5 <- 0xFFFFFFFFDFEEE000
mem[X,0x0000000080000084] -> 0x8293
mem[X,0x0000000080000086] -> 0xBEA2
[38] [M]: 0x0000000080000084 (0xBEA28293) addi t0, t0, 3050
x5 <- 0xFFFFFFFFDFEEDBEA
mem[X,0x0000000080000088] -> 0x9293
mem[X,0x000000008000008A] -> 0x00B2
[39] [M]: 0x0000000080000088 (0x00B29293) slli t0, t0, 11
x5 <- 0xFFFFFEFF76DF5000
mem[X,0x000000008000008C] -> 0x8293
mem[X,0x000000008000008E] -> 0x6FF2
[40] [M]: 0x000000008000008C (0x6FF28293) addi t0, t0, 1791
x5 <- 0xFFFFFEFF76DF56FF
mem[X,0x0000000080000090] -> 0x9293
mem[X,0x0000000080000092] -> 0x00B2
[41] [M]: 0x0000000080000090 (0x00B29293) slli t0, t0, 11
x5 <- 0xFFF7FBB6FAB7F800
mem[X,0x0000000080000094] -> 0x8293
mem[X,0x0000000080000096] -> 0x3B62
[42] [M]: 0x0000000080000094 (0x3B628293) addi t0, t0, 950
x5 <- 0xFFF7FBB6FAB7FBB6
mem[X,0x0000000080000098] -> 0x9293
mem[X,0x000000008000009A] -> 0x00A2
[43] [M]: 0x0000000080000098 (0x00A29293) slli t0, t0, 10
x5 <- 0xDFEEDBEADFEED800
mem[X,0x000000008000009C] -> 0x8293
mem[X,0x000000008000009E] -> 0x3EA2
[44] [M]: 0x000000008000009C (0x3EA28293) addi t0, t0, 1002
x5 <- 0xDFEEDBEADFEEDBEA
mem[X,0x00000000800000A0] -> 0x7337
mem[X,0x00000000800000A2] -> 0x6FF7
[45] [M]: 0x00000000800000A0 (0x6FF77337) lui t1, 458615
x6 <- 0x000000006FF77000
mem[X,0x00000000800000A4] -> 0x0313
mem[X,0x00000000800000A6] -> 0xDF53
[46] [M]: 0x00000000800000A4 (0xDF530313) addi t1, t1, 3573
x6 <- 0x000000006FF76DF5
mem[X,0x00000000800000A8] -> 0x1313
mem[X,0x00000000800000AA] -> 0x00B3
[47] [M]: 0x00000000800000A8 (0x00B31313) slli t1, t1, 11
x6 <- 0x0000037FBB6FA800
mem[X,0x00000000800000AC] -> 0x0313
mem[X,0x00000000800000AE] -> 0x37F3
[48] [M]: 0x00000000800000AC (0x37F30313) addi t1, t1, 895
x6 <- 0x0000037FBB6FAB7F
mem[X,0x00000000800000B0] -> 0x1313
mem[X,0x00000000800000B2] -> 0x00B3
[49] [M]: 0x00000000800000B0 (0x00B31313) slli t1, t1, 11
x6 <- 0x001BFDDB7D5BF800
mem[X,0x00000000800000B4] -> 0x0313
mem[X,0x00000000800000B6] -> 0x5DB3
[50] [M]: 0x00000000800000B4 (0x5DB30313) addi t1, t1, 1499
x6 <- 0x001BFDDB7D5BFDDB
mem[X,0x00000000800000B8] -> 0x1313
mem[X,0x00000000800000BA] -> 0x00A3
[51] [M]: 0x00000000800000B8 (0x00A31313) slli t1, t1, 10
x6 <- 0x6FF76DF56FF76C00
mem[X,0x00000000800000BC] -> 0x0313
mem[X,0x00000000800000BE] -> 0x1F53
[52] [M]: 0x00000000800000BC (0x1F530313) addi t1, t1, 501
x6 <- 0x6FF76DF56FF76DF5
mem[X,0x00000000800000C0] -> 0xB3B7
mem[X,0x00000000800000C2] -> 0xB7FB
[53] [M]: 0x00000000800000C0 (0xB7FBB3B7) lui t2, 753595
x7 <- 0xFFFFFFFFB7FBB000
mem[X,0x00000000800000C4] -> 0x8393
mem[X,0x00000000800000C6] -> 0x6FA3
[54] [M]: 0x00000000800000C4 (0x6FA38393) addi t2, t2, 1786
x7 <- 0xFFFFFFFFB7FBB6FA
mem[X,0x00000000800000C8] -> 0x9393
mem[X,0x00000000800000CA] -> 0x00B3
[55] [M]: 0x00000000800000C8 (0x00B39393) slli t2, t2, 11
x7 <- 0xFFFFFDBFDDB7D000
mem[X,0x00000000800000CC] -> 0x8393
mem[X,0x00000000800000CE] -> 0x5BF3
[56] [M]: 0x00000000800000CC (0x5BF38393) addi t2, t2, 1471
x7 <- 0xFFFFFDBFDDB7D5BF
mem[X,0x00000000800000D0] -> 0x9393
mem[X,0x00000000800000D2] -> 0x00B3
[57] [M]: 0x00000000800000D0 (0x00B39393) slli t2, t2, 11
x7 <- 0xFFEDFEEDBEADF800
mem[X,0x00000000800000D4] -> 0x8393
mem[X,0x00000000800000D6] -> 0x6ED3
[58] [M]: 0x00000000800000D4 (0x6ED38393) addi t2, t2, 1773
x7 <- 0xFFEDFEEDBEADFEED
mem[X,0x00000000800000D8] -> 0x9393
mem[X,0x00000000800000DA] -> 0x00A3
[59] [M]: 0x00000000800000D8 (0x00A39393) slli t2, t2, 10
x7 <- 0xB7FBB6FAB7FBB400
mem[X,0x00000000800000DC] -> 0x8393
mem[X,0x00000000800000DE] -> 0x2FA3
[60] [M]: 0x00000000800000DC (0x2FA38393) addi t2, t2, 762
x7 <- 0xB7FBB6FAB7FBB6FA
mem[X,0x00000000800000E0] -> 0xE437
mem[X,0x00000000800000E2] -> 0x5BFD
[61] [M]: 0x00000000800000E0 (0x5BFDE437) lui fp, 376798
x8 <- 0x000000005BFDE000
mem[X,0x00000000800000E4] -> 0x0413
mem[X,0x00000000800000E6] -> 0xB7D4
[62] [M]: 0x00000000800000E4 (0xB7D40413) addi fp, fp, 2941
x8 <- 0x000000005BFDDB7D
mem[X,0x00000000800000E8] -> 0x1413
mem[X,0x00000000800000EA] -> 0x00B4
[63] [M]: 0x00000000800000E8 (0x00B41413) slli fp, fp, 11
x8 <- 0x000002DFEEDBE800
mem[X,0x00000000800000EC] -> 0x0413
mem[X,0x00000000800000EE] -> 0x2DF4
[64] [M]: 0x00000000800000EC (0x2DF40413) addi fp, fp, 735
x8 <- 0x000002DFEEDBEADF
mem[X,0x00000000800000F0] -> 0x1413
mem[X,0x00000000800000F2] -> 0x00B4
[65] [M]: 0x00000000800000F0 (0x00B41413) slli fp, fp, 11
x8 <- 0x0016FF76DF56F800
mem[X,0x00000000800000F4] -> 0x0413
mem[X,0x00000000800000F6] -> 0x7764
[66] [M]: 0x00000000800000F4 (0x77640413) addi fp, fp, 1910
x8 <- 0x0016FF76DF56FF76
mem[X,0x00000000800000F8] -> 0x1413
mem[X,0x00000000800000FA] -> 0x00A4
[67] [M]: 0x00000000800000F8 (0x00A41413) slli fp, fp, 10
x8 <- 0x5BFDDB7D5BFDD800
mem[X,0x00000000800000FC] -> 0x0413
mem[X,0x00000000800000FE] -> 0x37D4
[68] [M]: 0x00000000800000FC (0x37D40413) addi fp, fp, 893
x8 <- 0x5BFDDB7D5BFDDB7D
mem[X,0x0000000080000100] -> 0xF4B7
mem[X,0x0000000080000102] -> 0xADFE
[69] [M]: 0x0000000080000100 (0xADFEF4B7) lui s1, 712687
x9 <- 0xFFFFFFFFADFEF000
mem[X,0x0000000080000104] -> 0x8493
mem[X,0x0000000080000106] -> 0xDBE4
[70] [M]: 0x0000000080000104 (0xDBE48493) addi s1, s1, 3518
x9 <- 0xFFFFFFFFADFEEDBE
mem[X,0x0000000080000108] -> 0x9493
mem[X,0x000000008000010A] -> 0x00B4
[71] [M]: 0x0000000080000108 (0x00B49493) slli s1, s1, 11
x9 <- 0xFFFFFD6FF76DF000
mem[X,0x000000008000010C] -> 0x8493
mem[X,0x000000008000010E] -> 0x56F4
[72] [M]: 0x000000008000010C (0x56F48493) addi s1, s1, 1391
x9 <- 0xFFFFFD6FF76DF56F
mem[X,0x0000000080000110] -> 0x9493
mem[X,0x0000000080000112] -> 0x00B4
[73] [M]: 0x0000000080000110 (0x00B49493) slli s1, s1, 11
x9 <- 0xFFEB7FBB6FAB7800
mem[X,0x0000000080000114] -> 0x8493
mem[X,0x0000000080000116] -> 0x7BB4
[74] [M]: 0x0000000080000114 (0x7BB48493) addi s1, s1, 1979
x9 <- 0xFFEB7FBB6FAB7FBB
mem[X,0x0000000080000118] -> 0x9493
mem[X,0x000000008000011A] -> 0x00A4
[75] [M]: 0x0000000080000118 (0x00A49493) slli s1, s1, 10
x9 <- 0xADFEEDBEADFEEC00
mem[X,0x000000008000011C] -> 0x8493
mem[X,0x000000008000011E] -> 0x1BE4
[76] [M]: 0x000000008000011C (0x1BE48493) addi s1, s1, 446
x9 <- 0xADFEEDBEADFEEDBE
mem[X,0x0000000080000120] -> 0x7537
mem[X,0x0000000080000122] -> 0x56FF
[77] [M]: 0x0000000080000120 (0x56FF7537) lui a0, 356343
x10 <- 0x0000000056FF7000
mem[X,0x0000000080000124] -> 0x0513
mem[X,0x0000000080000126] -> 0x6DF5
[78] [M]: 0x0000000080000124 (0x6DF50513) addi a0, a0, 1759
x10 <- 0x0000000056FF76DF
mem[X,0x0000000080000128] -> 0x1513
mem[X,0x000000008000012A] -> 0x00B5
[79] [M]: 0x0000000080000128 (0x00B51513) slli a0, a0, 11
x10 <- 0x000002B7FBB6F800
mem[X,0x000000008000012C] -> 0x0513
mem[X,0x000000008000012E] -> 0x2B75
[80] [M]: 0x000000008000012C (0x2B750513) addi a0, a0, 695
x10 <- 0x000002B7FBB6FAB7
mem[X,0x0000000080000130] -> 0x1513
mem[X,0x0000000080000132] -> 0x00B5
[81] [M]: 0x0000000080000130 (0x00B51513) slli a0, a0, 11
x10 <- 0x0015BFDDB7D5B800
mem[X,0x0000000080000134] -> 0x0513
mem[X,0x0000000080000136] -> 0x7DD5
[82] [M]: 0x0000000080000134 (0x7DD50513) addi a0, a0, 2013
x10 <- 0x0015BFDDB7D5BFDD
mem[X,0x0000000080000138] -> 0x1513
mem[X,0x000000008000013A] -> 0x00A5
[83] [M]: 0x0000000080000138 (0x00A51513) slli a0, a0, 10
x10 <- 0x56FF76DF56FF7400
mem[X,0x000000008000013C] -> 0x0513
mem[X,0x000000008000013E] -> 0x2DF5
[84] [M]: 0x000000008000013C (0x2DF50513) addi a0, a0, 735
x10 <- 0x56FF76DF56FF76DF
mem[X,0x0000000080000140] -> 0xC5B7
mem[X,0x0000000080000142] -> 0xAB7F
[85] [M]: 0x0000000080000140 (0xAB7FC5B7) lui a1, 702460
x11 <- 0xFFFFFFFFAB7FC000
mem[X,0x0000000080000144] -> 0x8593
mem[X,0x0000000080000146] -> 0xB6F5
[86] [M]: 0x0000000080000144 (0xB6F58593) addi a1, a1, 2927
x11 <- 0xFFFFFFFFAB7FBB6F
mem[X,0x0000000080000148] -> 0x9593
mem[X,0x000000008000014A] -> 0x00B5
[87] [M]: 0x0000000080000148 (0x00B59593) slli a1, a1, 11
x11 <- 0xFFFFFD5BFDDB7800
mem[X,0x000000008000014C] -> 0x8593
mem[X,0x000000008000014E] -> 0x55B5
[88] [M]: 0x000000008000014C (0x55B58593) addi a1, a1, 1371
x11 <- 0xFFFFFD5BFDDB7D5B
mem[X,0x0000000080000150] -> 0x9593
mem[X,0x0000000080000152] -> 0x00B5
[89] [M]: 0x0000000080000150 (0x00B59593) slli a1, a1, 11
x11 <- 0xFFEADFEEDBEAD800
mem[X,0x0000000080000154] -> 0x8593
mem[X,0x0000000080000156] -> 0x7EE5
[90] [M]: 0x0000000080000154 (0x7EE58593) addi a1, a1, 2030
x11 <- 0xFFEADFEEDBEADFEE
mem[X,0x0000000080000158] -> 0x9593
mem[X,0x000000008000015A] -> 0x00A5
[91] [M]: 0x0000000080000158 (0x00A59593) slli a1, a1, 10
x11 <- 0xAB7FBB6FAB7FB800
mem[X,0x000000008000015C] -> 0x8593
mem[X,0x000000008000015E] -> 0x36F5
[92] [M]: 0x000000008000015C (0x36F58593) addi a1, a1, 879
x11 <- 0xAB7FBB6FAB7FBB6F
mem[X,0x0000000080000160] -> 0xE637
mem[X,0x0000000080000162] -> 0xD5BF
[93] [M]: 0x0000000080000160 (0xD5BFE637) lui a2, 875518
x12 <- 0xFFFFFFFFD5BFE000
mem[X,0x0000000080000164] -> 0x0613
mem[X,0x0000000080000166] -> 0xDB76
[94] [M]: 0x0000000080000164 (0xDB760613) addi a2, a2, 3511
x12 <- 0xFFFFFFFFD5BFDDB7
mem[X,0x0000000080000168] -> 0x1613
mem[X,0x000000008000016A] -> 0x00B6
[95] [M]: 0x0000000080000168 (0x00B61613) slli a2, a2, 11
x12 <- 0xFFFFFEADFEEDB800
mem[X,0x000000008000016C] -> 0x0613
mem[X,0x000000008000016E] -> 0x6AD6
[96] [M]: 0x000000008000016C (0x6AD60613) addi a2, a2, 1709
x12 <- 0xFFFFFEADFEEDBEAD
mem[X,0x0000000080000170] -> 0x1613
mem[X,0x0000000080000172] -> 0x00B6
[97] [M]: 0x0000000080000170 (0x00B61613) slli a2, a2, 11
x12 <- 0xFFF56FF76DF56800
mem[X,0x0000000080000174] -> 0x0613
mem[X,0x0000000080000176] -> 0x7F76
[98] [M]: 0x0000000080000174 (0x7F760613) addi a2, a2, 2039
x12 <- 0xFFF56FF76DF56FF7
mem[X,0x0000000080000178] -> 0x1613
mem[X,0x000000008000017A] -> 0x00A6
[99] [M]: 0x0000000080000178 (0x00A61613) slli a2, a2, 10
x12 <- 0xD5BFDDB7D5BFDC00
clint::tick mtime <- 0x0000000000000001
 clint timer pending at mtime 0x0000000000000001
htif::tick 0x0000000000000000
mem[X,0x000000008000017C] -> 0x0613
mem[X,0x000000008000017E] -> 0x1B76
[100] [M]: 0x000000008000017C (0x1B760613) addi a2, a2, 439
x12 <- 0xD5BFDDB7D5BFDDB7
mem[X,0x0000000080000180] -> 0xF6B7
mem[X,0x0000000080000182] -> 0xEADF
[101] [M]: 0x0000000080000180 (0xEADFF6B7) lui a3, 962047
x13 <- 0xFFFFFFFFEADFF000
mem[X,0x0000000080000184] -> 0x8693
mem[X,0x0000000080000186] -> 0xEDB6
[102] [M]: 0x0000000080000184 (0xEDB68693) addi a3, a3, 3803
x13 <- 0xFFFFFFFFEADFEEDB
mem[X,0x0000000080000188] -> 0x9693
mem[X,0x000000008000018A] -> 0x00B6
[103] [M]: 0x0000000080000188 (0x00B69693) slli a3, a3, 11
x13 <- 0xFFFFFF56FF76D800
mem[X,0x000000008000018C] -> 0x8693
mem[X,0x000000008000018E] -> 0x7566
[104] [M]: 0x000000008000018C (0x75668693) addi a3, a3, 1878
x13 <- 0xFFFFFF56FF76DF56
mem[X,0x0000000080000190] -> 0x9693
mem[X,0x0000000080000192] -> 0x00B6
[105] [M]: 0x0000000080000190 (0x00B69693) slli a3, a3, 11
x13 <- 0xFFFAB7FBB6FAB000
mem[X,0x0000000080000194] -> 0x8693
mem[X,0x0000000080000196] -> 0x7FB6
[106] [M]: 0x0000000080000194 (0x7FB68693) addi a3, a3, 2043
x13 <- 0xFFFAB7FBB6FAB7FB
mem[X,0x0000000080000198] -> 0x9693
mem[X,0x000000008000019A] -> 0x00A6
[107] [M]: 0x0000000080000198 (0x00A69693) slli a3, a3, 10
x13 <- 0xEADFEEDBEADFEC00
mem[X,0x000000008000019C] -> 0x8693
mem[X,0x000000008000019E] -> 0x2DB6
[108] [M]: 0x000000008000019C (0x2DB68693) addi a3, a3, 731
x13 <- 0xEADFEEDBEADFEEDB
mem[X,0x00000000800001A0] -> 0xF737
mem[X,0x00000000800001A2] -> 0xF56F
[109] [M]: 0x00000000800001A0 (0xF56FF737) lui a4, 1005311
x14 <- 0xFFFFFFFFF56FF000
mem[X,0x00000000800001A4] -> 0x0713
mem[X,0x00000000800001A6] -> 0x76D7
[110] [M]: 0x00000000800001A4 (0x76D70713) addi a4, a4, 1901
x14 <- 0xFFFFFFFFF56FF76D
mem[X,0x00000000800001A8] -> 0x1713
mem[X,0x00000000800001AA] -> 0x00B7
[111] [M]: 0x00000000800001A8 (0x00B71713) slli a4, a4, 11
x14 <- 0xFFFFFFAB7FBB6800
mem[X,0x00000000800001AC] -> 0x0713
mem[X,0x00000000800001AE] -> 0x7AB7
[112] [M]: 0x00000000800001AC (0x7AB70713) addi a4, a4, 1963
x14 <- 0xFFFFFFAB7FBB6FAB
mem[X,0x00000000800001B0] -> 0x1713
mem[X,0x00000000800001B2] -> 0x00B7
[113] [M]: 0x00000000800001B0 (0x00B71713) slli a4, a4, 11
x14 <- 0xFFFD5BFDDB7D5800
mem[X,0x00000000800001B4] -> 0x0713
mem[X,0x00000000800001B6] -> 0x3FD7
[114] [M]: 0x00000000800001B4 (0x3FD70713) addi a4, a4, 1021
x14 <- 0xFFFD5BFDDB7D5BFD
mem[X,0x00000000800001B8] -> 0x1713
mem[X,0x00000000800001BA] -> 0x00A7
[115] [M]: 0x00000000800001B8 (0x00A71713) slli a4, a4, 10
x14 <- 0xF56FF76DF56FF400
mem[X,0x00000000800001BC] -> 0x0713
mem[X,0x00000000800001BE] -> 0x36D7
[116] [M]: 0x00000000800001BC (0x36D70713) addi a4, a4, 877
x14 <- 0xF56FF76DF56FF76D
mem[X,0x00000000800001C0] -> 0x07B7
mem[X,0x00000000800001C2] -> 0xFAB8
[117] [M]: 0x00000000800001C0 (0xFAB807B7) lui a5, 1026944
x15 <- 0xFFFFFFFFFAB80000
mem[X,0x00000000800001C4] -> 0x8793
mem[X,0x00000000800001C6] -> 0xBB67
[118] [M]: 0x00000000800001C4 (0xBB678793) addi a5, a5, 2998
x15 <- 0xFFFFFFFFFAB7FBB6
mem[X,0x00000000800001C8] -> 0x9793
mem[X,0x00000000800001CA] -> 0x00B7
[119] [M]: 0x00000000800001C8 (0x00B79793) slli a5, a5, 11
x15 <- 0xFFFFFFD5BFDDB000
mem[X,0x00000000800001CC] -> 0x8793
mem[X,0x00000000800001CE] -> 0x7D57
[120] [M]: 0x00000000800001CC (0x7D578793) addi a5, a5, 2005
x15 <- 0xFFFFFFD5BFDDB7D5
mem[X,0x00000000800001D0] -> 0x9793
mem[X,0x00000000800001D2] -> 0x00B7
[121] [M]: 0x00000000800001D0 (0x00B79793) slli a5, a5, 11
x15 <- 0xFFFEADFEEDBEA800
mem[X,0x00000000800001D4] -> 0x8793
mem[X,0x00000000800001D6] -> 0x5FE7
[122] [M]: 0x00000000800001D4 (0x5FE78793) addi a5, a5, 1534
x15 <- 0xFFFEADFEEDBEADFE
mem[X,0x00000000800001D8] -> 0x9793
mem[X,0x00000000800001DA] -> 0x00A7
[123] [M]: 0x00000000800001D8 (0x00A79793) slli a5, a5, 10
x15 <- 0xFAB7FBB6FAB7F800
mem[X,0x00000000800001DC] -> 0x8793
mem[X,0x00000000800001DE] -> 0x3B67
[124] [M]: 0x00000000800001DC (0x3B678793) addi a5, a5, 950
x15 <- 0xFAB7FBB6FAB7FBB6
mem[X,0x00000000800001E0] -> 0x0837
mem[X,0x00000000800001E2] -> 0x7D5C
[125] [M]: 0x00000000800001E0 (0x7D5C0837) lui a6, 513472
x16 <- 0x000000007D5C0000
mem[X,0x00000000800001E4] -> 0x0813
mem[X,0x00000000800001E6] -> 0xDDB8
[126] [M]: 0x00000000800001E4 (0xDDB80813) addi a6, a6, 3547
x16 <- 0x000000007D5BFDDB
mem[X,0x00000000800001E8] -> 0x1813
mem[X,0x00000000800001EA] -> 0x00B8
[127] [M]: 0x00000000800001E8 (0x00B81813) slli a6, a6, 11
x16 <- 0x000003EADFEED800
mem[X,0x00000000800001EC] -> 0x0813
mem[X,0x00000000800001EE] -> 0x3EA8
[128] [M]: 0x00000000800001EC (0x3EA80813) addi a6, a6, 1002
x16 <- 0x000003EADFEEDBEA
mem[X,0x00000000800001F0] -> 0x1813
mem[X,0x00000000800001F2] -> 0x00B8
[129] [M]: 0x00000000800001F0 (0x00B81813) slli a6, a6, 11
x16 <- 0x001F56FF76DF5000
mem[X,0x00000000800001F4] -> 0x0813
mem[X,0x00000000800001F6] -> 0x6FF8
[130] [M]: 0x00000000800001F4 (0x6FF80813) addi a6, a6, 1791
x16 <- 0x001F56FF76DF56FF
mem[X,0x00000000800001F8] -> 0x1813
mem[X,0x00000000800001FA] -> 0x00A8
[131] [M]: 0x00000000800001F8 (0x00A81813) slli a6, a6, 10
x16 <- 0x7D5BFDDB7D5BFC00
mem[X,0x00000000800001FC] -> 0x0813
mem[X,0x00000000800001FE] -> 0x1DB8
[132] [M]: 0x00000000800001FC (0x1DB80813) addi a6, a6, 475
x16 <- 0x7D5BFDDB7D5BFDDB
mem[X,0x0000000080000200] -> 0x08B7
mem[X,0x0000000080000202] -> 0xBEAE
[133] [M]: 0x0000000080000200 (0xBEAE08B7) lui a7, 781024
x17 <- 0xFFFFFFFFBEAE0000
mem[X,0x0000000080000204] -> 0x8893
mem[X,0x0000000080000206] -> 0xEED8
[134] [M]: 0x0000000080000204 (0xEED88893) addi a7, a7, 3821
x17 <- 0xFFFFFFFFBEADFEED
mem[X,0x0000000080000208] -> 0x9893
mem[X,0x000000008000020A] -> 0x00B8
[135] [M]: 0x0000000080000208 (0x00B89893) slli a7, a7, 11
x17 <- 0xFFFFFDF56FF76800
mem[X,0x000000008000020C] -> 0x8893
mem[X,0x000000008000020E] -> 0x5F58
[136] [M]: 0x000000008000020C (0x5F588893) addi a7, a7, 1525
x17 <- 0xFFFFFDF56FF76DF5
mem[X,0x0000000080000210] -> 0x9893
mem[X,0x0000000080000212] -> 0x00B8
[137] [M]: 0x0000000080000210 (0x00B89893) slli a7, a7, 11
x17 <- 0xFFEFAB7FBB6FA800
mem[X,0x0000000080000214] -> 0x8893
mem[X,0x0000000080000216] -> 0x37F8
[138] [M]: 0x0000000080000214 (0x37F88893) addi a7, a7, 895
x17 <- 0xFFEFAB7FBB6FAB7F
mem[X,0x0000000080000218] -> 0x9893
mem[X,0x000000008000021A] -> 0x00A8
[139] [M]: 0x0000000080000218 (0x00A89893) slli a7, a7, 10
x17 <- 0xBEADFEEDBEADFC00
mem[X,0x000000008000021C] -> 0x8893
mem[X,0x000000008000021E] -> 0x2ED8
[140] [M]: 0x000000008000021C (0x2ED88893) addi a7, a7, 749
x17 <- 0xBEADFEEDBEADFEED
mem[X,0x0000000080000220] -> 0x0937
mem[X,0x0000000080000222] -> 0xDF57
[141] [M]: 0x0000000080000220 (0xDF570937) lui s2, 914800
x18 <- 0xFFFFFFFFDF570000
mem[X,0x0000000080000224] -> 0x0913
mem[X,0x0000000080000226] -> 0xF769
[142] [M]: 0x0000000080000224 (0xF7690913) addi s2, s2, 3958
x18 <- 0xFFFFFFFFDF56FF76
mem[X,0x0000000080000228] -> 0x1913
mem[X,0x000000008000022A] -> 0x00B9
[143] [M]: 0x0000000080000228 (0x00B91913) slli s2, s2, 11
x18 <- 0xFFFFFEFAB7FBB000
mem[X,0x000000008000022C] -> 0x0913
mem[X,0x000000008000022E] -> 0x6FA9
[144] [M]: 0x000000008000022C (0x6FA90913) addi s2, s2, 1786
x18 <- 0xFFFFFEFAB7FBB6FA
mem[X,0x0000000080000230] -> 0x1913
mem[X,0x0000000080000232] -> 0x00B9
[145] [M]: 0x0000000080000230 (0x00B91913) slli s2, s2, 11
x18 <- 0xFFF7D5BFDDB7D000
mem[X,0x0000000080000234] -> 0x0913
mem[X,0x0000000080000236] -> 0x5BF9
[146] [M]: 0x0000000080000234 (0x5BF90913) addi s2, s2, 1471
x18 <- 0xFFF7D5BFDDB7D5BF
mem[X,0x0000000080000238] -> 0x1913
mem[X,0x000000008000023A] -> 0x00A9
[147] [M]: 0x0000000080000238 (0x00A91913) slli s2, s2, 10
x18 <- 0xDF56FF76DF56FC00
mem[X,0x000000008000023C] -> 0x0913
mem[X,0x000000008000023E] -> 0x3769
[148] [M]: 0x000000008000023C (0x37690913) addi s2, s2, 886
x18 <- 0xDF56FF76DF56FF76
mem[X,0x0000000080000240] -> 0x89B7
mem[X,0x0000000080000242] -> 0x6FAB
[149] [M]: 0x0000000080000240 (0x6FAB89B7) lui s3, 457400
x19 <- 0x000000006FAB8000
mem[X,0x0000000080000244] -> 0x8993
mem[X,0x0000000080000246] -> 0xFBB9
[150] [M]: 0x0000000080000244 (0xFBB98993) addi s3, s3, 4027
x19 <- 0x000000006FAB7FBB
mem[X,0x0000000080000248] -> 0x9993
mem[X,0x000000008000024A] -> 0x00B9
[151] [M]: 0x0000000080000248 (0x00B99993) slli s3, s3, 11
x19 <- 0x0000037D5BFDD800
mem[X,0x000000008000024C] -> 0x8993
mem[X,0x000000008000024E] -> 0x37D9
[152] [M]: 0x000000008000024C (0x37D98993) addi s3, s3, 893
x19 <- 0x0000037D5BFDDB7D
mem[X,0x0000000080000250] -> 0x9993
mem[X,0x0000000080000252] -> 0x00B9
[153] [M]: 0x0000000080000250 (0x00B99993) slli s3, s3, 11
x19 <- 0x001BEADFEEDBE800
mem[X,0x0000000080000254] -> 0x8993
mem[X,0x0000000080000256] -> 0x2DF9
[154] [M]: 0x0000000080000254 (0x2DF98993) addi s3, s3, 735
x19 <- 0x001BEADFEEDBEADF
mem[X,0x0000000080000258] -> 0x9993
mem[X,0x000000008000025A] -> 0x00A9
[155] [M]: 0x0000000080000258 (0x00A99993) slli s3, s3, 10
x19 <- 0x6FAB7FBB6FAB7C00
mem[X,0x000000008000025C] -> 0x8993
mem[X,0x000000008000025E] -> 0x3BB9
[156] [M]: 0x000000008000025C (0x3BB98993) addi s3, s3, 955
x19 <- 0x6FAB7FBB6FAB7FBB
mem[X,0x0000000080000260] -> 0xCA37
mem[X,0x0000000080000262] -> 0xB7D5
[157] [M]: 0x0000000080000260 (0xB7D5CA37) lui s4, 752988
x20 <- 0xFFFFFFFFB7D5C000
mem[X,0x0000000080000264] -> 0x0A13
mem[X,0x0000000080000266] -> 0xFDDA
[158] [M]: 0x0000000080000264 (0xFDDA0A13) addi s4, s4, 4061
x20 <- 0xFFFFFFFFB7D5BFDD
mem[X,0x0000000080000268] -> 0x1A13
mem[X,0x000000008000026A] -> 0x00BA
[159] [M]: 0x0000000080000268 (0x00BA1A13) slli s4, s4, 11
x20 <- 0xFFFFFDBEADFEE800
mem[X,0x000000008000026C] -> 0x0A13
mem[X,0x000000008000026E] -> 0x5BEA
[160] [M]: 0x000000008000026C (0x5BEA0A13) addi s4, s4, 1470
x20 <- 0xFFFFFDBEADFEEDBE
mem[X,0x0000000080000270] -> 0x1A13
mem[X,0x0000000080000272] -> 0x00BA
[161] [M]: 0x0000000080000270 (0x00BA1A13) slli s4, s4, 11
x20 <- 0xFFEDF56FF76DF000
mem[X,0x0000000080000274] -> 0x0A13
mem[X,0x0000000080000276] -> 0x56FA
[162] [M]: 0x0000000080000274 (0x56FA0A13) addi s4, s4, 1391
x20 <- 0xFFEDF56FF76DF56F
mem[X,0x0000000080000278] -> 0x1A13
mem[X,0x000000008000027A] -> 0x00AA
[163] [M]: 0x0000000080000278 (0x00AA1A13) slli s4, s4, 10
x20 <- 0xB7D5BFDDB7D5BC00
mem[X,0x000000008000027C] -> 0x0A13
mem[X,0x000000008000027E] -> 0x3DDA
[164] [M]: 0x000000008000027C (0x3DDA0A13) addi s4, s4, 989
x20 <- 0xB7D5BFDDB7D5BFDD
mem[X,0x0000000080000280] -> 0xEAB7
mem[X,0x0000000080000282] -> 0xDBEA
[165] [M]: 0x0000000080000280 (0xDBEAEAB7) lui s5, 900782
x21 <- 0xFFFFFFFFDBEAE000
mem[X,0x0000000080000284] -> 0x8A93
mem[X,0x0000000080000286] -> 0xFEEA
[166] [M]: 0x0000000080000284 (0xFEEA8A93) addi s5, s5, 4078
x21 <- 0xFFFFFFFFDBEADFEE
mem[X,0x0000000080000288] -> 0x9A93
mem[X,0x000000008000028A] -> 0x00BA
[167] [M]: 0x0000000080000288 (0x00BA9A93) slli s5, s5, 11
x21 <- 0xFFFFFEDF56FF7000
mem[X,0x000000008000028C] -> 0x8A93
mem[X,0x000000008000028E] -> 0x6DFA
[168] [M]: 0x000000008000028C (0x6DFA8A93) addi s5, s5, 1759
x21 <- 0xFFFFFEDF56FF76DF
mem[X,0x0000000080000290] -> 0x9A93
mem[X,0x0000000080000292] -> 0x00BA
[169] [M]: 0x0000000080000290 (0x00BA9A93) slli s5, s5, 11
x21 <- 0xFFF6FAB7FBB6F800
mem[X,0x0000000080000294] -> 0x8A93
mem[X,0x0000000080000296] -> 0x2B7A
[170] [M]: 0x0000000080000294 (0x2B7A8A93) addi s5, s5, 695
x21 <- 0xFFF6FAB7FBB6FAB7
mem[X,0x0000000080000298] -> 0x9A93
mem[X,0x000000008000029A] -> 0x00AA
[171] [M]: 0x0000000080000298 (0x00AA9A93) slli s5, s5, 10
x21 <- 0xDBEADFEEDBEADC00
mem[X,0x000000008000029C] -> 0x8A93
mem[X,0x000000008000029E] -> 0x3EEA
[172] [M]: 0x000000008000029C (0x3EEA8A93) addi s5, s5, 1006
x21 <- 0xDBEADFEEDBEADFEE
mem[X,0x00000000800002A0] -> 0x7B37
mem[X,0x00000000800002A2] -> 0x6DF5
[173] [M]: 0x00000000800002A0 (0x6DF57B37) lui s6, 450391
x22 <- 0x000000006DF57000
mem[X,0x00000000800002A4] -> 0x0B13
mem[X,0x00000000800002A6] -> 0xFF7B
[174] [M]: 0x00000000800002A4 (0xFF7B0B13) addi s6, s6, 4087
x22 <- 0x000000006DF56FF7
mem[X,0x00000000800002A8] -> 0x1B13
mem[X,0x00000000800002AA] -> 0x00BB
[175] [M]: 0x00000000800002A8 (0x00BB1B13) slli s6, s6, 11
x22 <- 0x0000036FAB7FB800
mem[X,0x00000000800002AC] -> 0x0B13
mem[X,0x00000000800002AE] -> 0x36FB
[176] [M]: 0x00000000800002AC (0x36FB0B13) addi s6, s6, 879
x22 <- 0x0000036FAB7FBB6F
mem[X,0x00000000800002B0] -> 0x1B13
mem[X,0x00000000800002B2] -> 0x00BB
[177] [M]: 0x00000000800002B0 (0x00BB1B13) slli s6, s6, 11
x22 <- 0x001B7D5BFDDB7800
mem[X,0x00000000800002B4] -> 0x0B13
mem[X,0x00000000800002B6] -> 0x55BB
[178] [M]: 0x00000000800002B4 (0x55BB0B13) addi s6, s6, 1371
x22 <- 0x001B7D5BFDDB7D5B
mem[X,0x00000000800002B8] -> 0x1B13
mem[X,0x00000000800002BA] -> 0x00AB
[179] [M]: 0x00000000800002B8 (0x00AB1B13) slli s6, s6, 10
x22 <- 0x6DF56FF76DF56C00
mem[X,0x00000000800002BC] -> 0x0B13
mem[X,0x00000000800002BE] -> 0x3F7B
[180] [M]: 0x00000000800002BC (0x3F7B0B13) addi s6, s6, 1015
x22 <- 0x6DF56FF76DF56FF7
mem[X,0x00000000800002C0] -> 0xBBB7
mem[X,0x00000000800002C2] -> 0xB6FA
[181] [M]: 0x00000000800002C0 (0xB6FABBB7) lui s7, 749483
x23 <- 0xFFFFFFFFB6FAB000
mem[X,0x00000000800002C4] -> 0x8B93
mem[X,0x00000000800002C6] -> 0x7FBB
[182] [M]: 0x00000000800002C4 (0x7FBB8B93) addi s7, s7, 2043
x23 <- 0xFFFFFFFFB6FAB7FB
mem[X,0x00000000800002C8] -> 0x9B93
mem[X,0x00000000800002CA] -> 0x00BB
[183] [M]: 0x00000000800002C8 (0x00BB9B93) slli s7, s7, 11
x23 <- 0xFFFFFDB7D5BFD800
mem[X,0x00000000800002CC] -> 0x8B93
mem[X,0x00000000800002CE] -> 0x5B7B
[184] [M]: 0x00000000800002CC (0x5B7B8B93) addi s7, s7, 1463
x23 <- 0xFFFFFDB7D5BFDDB7
mem[X,0x00000000800002D0] -> 0x9B93
mem[X,0x00000000800002D2] -> 0x00BB
[185] [M]: 0x00000000800002D0 (0x00BB9B93) slli s7, s7, 11
x23 <- 0xFFEDBEADFEEDB800
mem[X,0x00000000800002D4] -> 0x8B93
mem[X,0x00000000800002D6] -> 0x6ADB
[186] [M]: 0x00000000800002D4 (0x6ADB8B93) addi s7, s7, 1709
x23 <- 0xFFEDBEADFEEDBEAD
mem[X,0x00000000800002D8] -> 0x9B93
mem[X,0x00000000800002DA] -> 0x00AB
[187] [M]: 0x00000000800002D8 (0x00AB9B93) slli s7, s7, 10
x23 <- 0xB6FAB7FBB6FAB400
mem[X,0x00000000800002DC] -> 0x8B93
mem[X,0x00000000800002DE] -> 0x3FBB
[188] [M]: 0x00000000800002DC (0x3FBB8B93) addi s7, s7, 1019
x23 <- 0xB6FAB7FBB6FAB7FB
mem[X,0x00000000800002E0] -> 0x6C37
mem[X,0x00000000800002E2] -> 0xDB7D
[189] [M]: 0x00000000800002E0 (0xDB7D6C37) lui s8, 899030
x24 <- 0xFFFFFFFFDB7D6000
mem[X,0x00000000800002E4] -> 0x0C13
mem[X,0x00000000800002E6] -> 0xBFDC
[190] [M]: 0x00000000800002E4 (0xBFDC0C13) addi s8, s8, 3069
x24 <- 0xFFFFFFFFDB7D5BFD
mem[X,0x00000000800002E8] -> 0x1C13
mem[X,0x00000000800002EA] -> 0x00BC
[191] [M]: 0x00000000800002E8 (0x00BC1C13) slli s8, s8, 11
x24 <- 0xFFFFFEDBEADFE800
mem[X,0x00000000800002EC] -> 0x0C13
mem[X,0x00000000800002EE] -> 0x6DBC
[192] [M]: 0x00000000800002EC (0x6DBC0C13) addi s8, s8, 1755
x24 <- 0xFFFFFEDBEADFEEDB
mem[X,0x00000000800002F0] -> 0x1C13
mem[X,0x00000000800002F2] -> 0x00BC
[193] [M]: 0x00000000800002F0 (0x00BC1C13) slli s8, s8, 11
x24 <- 0xFFF6DF56FF76D800
mem[X,0x00000000800002F4] -> 0x0C13
mem[X,0x00000000800002F6] -> 0x756C
[194] [M]: 0x00000000800002F4 (0x756C0C13) addi s8, s8, 1878
x24 <- 0xFFF6DF56FF76DF56
mem[X,0x00000000800002F8] -> 0x1C13
mem[X,0x00000000800002FA] -> 0x00AC
[195] [M]: 0x00000000800002F8 (0x00AC1C13) slli s8, s8, 10
x24 <- 0xDB7D5BFDDB7D5800
mem[X,0x00000000800002FC] -> 0x0C13
mem[X,0x00000000800002FE] -> 0x3FDC
[196] [M]: 0x00000000800002FC (0x3FDC0C13) addi s8, s8, 1021
x24 <- 0xDB7D5BFDDB7D5BFD
mem[X,0x0000000080000300] -> 0xBCB7
mem[X,0x0000000080000302] -> 0xEDBE
[197] [M]: 0x0000000080000300 (0xEDBEBCB7) lui s9, 973803
x25 <- 0xFFFFFFFFEDBEB000
mem[X,0x0000000080000304] -> 0x8C93
mem[X,0x0000000080000306] -> 0xDFEC
[198] [M]: 0x0000000080000304 (0xDFEC8C93) addi s9, s9, 3582
x25 <- 0xFFFFFFFFEDBEADFE
mem[X,0x0000000080000308] -> 0x9C93
mem[X,0x000000008000030A] -> 0x00BC
[199] [M]: 0x0000000080000308 (0x00BC9C93) slli s9, s9, 11
x25 <- 0xFFFFFF6DF56FF000
clint::tick mtime <- 0x0000000000000002
 clint timer pending at mtime 0x0000000000000002
htif::tick 0x0000000000000000
mem[X,0x000000008000030C] -> 0x8C93
mem[X,0x000000008000030E] -> 0x76DC
[200] [M]: 0x000000008000030C (0x76DC8C93) addi s9, s9, 1901
x25 <- 0xFFFFFF6DF56FF76D
mem[X,0x0000000080000310] -> 0x9C93
mem[X,0x0000000080000312] -> 0x00BC
[201] [M]: 0x0000000080000310 (0x00BC9C93) slli s9, s9, 11
x25 <- 0xFFFB6FAB7FBB6800
mem[X,0x0000000080000314] -> 0x8C93
mem[X,0x0000000080000316] -> 0x7ABC
[202] [M]: 0x0000000080000314 (0x7ABC8C93) addi s9, s9, 1963
x25 <- 0xFFFB6FAB7FBB6FAB
mem[X,0x0000000080000318] -> 0x9C93
mem[X,0x000000008000031A] -> 0x00AC
[203] [M]: 0x0000000080000318 (0x00AC9C93) slli s9, s9, 10
x25 <- 0xEDBEADFEEDBEAC00
mem[X,0x000000008000031C] -> 0x8C93
mem[X,0x000000008000031E] -> 0x1FEC
[204] [M]: 0x000000008000031C (0x1FEC8C93) addi s9, s9, 510
x25 <- 0xEDBEADFEEDBEADFE
mem[X,0x0000000080000320] -> 0x5D37
mem[X,0x0000000080000322] -> 0x76DF
[205] [M]: 0x0000000080000320 (0x76DF5D37) lui s10, 486901
x26 <- 0x0000000076DF5000
mem[X,0x0000000080000324] -> 0x0D13
mem[X,0x0000000080000326] -> 0x6FFD
[206] [M]: 0x0000000080000324 (0x6FFD0D13) addi s10, s10, 1791
x26 <- 0x0000000076DF56FF
mem[X,0x0000000080000328] -> 0x1D13
mem[X,0x000000008000032A] -> 0x00BD
[207] [M]: 0x0000000080000328 (0x00BD1D13) slli s10, s10, 11
x26 <- 0x000003B6FAB7F800
mem[X,0x000000008000032C] -> 0x0D13
mem[X,0x000000008000032E] -> 0x3B6D
[208] [M]: 0x000000008000032C (0x3B6D0D13) addi s10, s10, 950
x26 <- 0x000003B6FAB7FBB6
mem[X,0x0000000080000330] -> 0x1D13
mem[X,0x0000000080000332] -> 0x00BD
[209] [M]: 0x0000000080000330 (0x00BD1D13) slli s10, s10, 11
x26 <- 0x001DB7D5BFDDB000
mem[X,0x0000000080000334] -> 0x0D13
mem[X,0x0000000080000336] -> 0x7D5D
[210] [M]: 0x0000000080000334 (0x7D5D0D13) addi s10, s10, 2005
x26 <- 0x001DB7D5BFDDB7D5
mem[X,0x0000000080000338] -> 0x1D13
mem[X,0x000000008000033A] -> 0x00AD
[211] [M]: 0x0000000080000338 (0x00AD1D13) slli s10, s10, 10
x26 <- 0x76DF56FF76DF5400
mem[X,0x000000008000033C] -> 0x0D13
mem[X,0x000000008000033E] -> 0x2FFD
[212] [M]: 0x000000008000033C (0x2FFD0D13) addi s10, s10, 767
x26 <- 0x76DF56FF76DF56FF
mem[X,0x0000000080000340] -> 0xBDB7
mem[X,0x0000000080000342] -> 0xBB6F
[213] [M]: 0x0000000080000340 (0xBB6FBDB7) lui s11, 767739
x27 <- 0xFFFFFFFFBB6FB000
mem[X,0x0000000080000344] -> 0x8D93
mem[X,0x0000000080000346] -> 0xB7FD
[214] [M]: 0x0000000080000344 (0xB7FD8D93) addi s11, s11, 2943
x27 <- 0xFFFFFFFFBB6FAB7F
mem[X,0x0000000080000348] -> 0x9D93
mem[X,0x000000008000034A] -> 0x00BD
[215] [M]: 0x0000000080000348 (0x00BD9D93) slli s11, s11, 11
x27 <- 0xFFFFFDDB7D5BF800
mem[X,0x000000008000034C] -> 0x8D93
mem[X,0x000000008000034E] -> 0x5DBD
[216] [M]: 0x000000008000034C (0x5DBD8D93) addi s11, s11, 1499
x27 <- 0xFFFFFDDB7D5BFDDB
mem[X,0x0000000080000350] -> 0x9D93
mem[X,0x0000000080000352] -> 0x00BD
[217] [M]: 0x0000000080000350 (0x00BD9D93) slli s11, s11, 11
x27 <- 0xFFEEDBEADFEED800
mem[X,0x0000000080000354] -> 0x8D93
mem[X,0x0000000080000356] -> 0x3EAD
[218] [M]: 0x0000000080000354 (0x3EAD8D93) addi s11, s11, 1002
x27 <- 0xFFEEDBEADFEEDBEA
mem[X,0x0000000080000358] -> 0x9D93
mem[X,0x000000008000035A] -> 0x00AD
[219] [M]: 0x0000000080000358 (0x00AD9D93) slli s11, s11, 10
x27 <- 0xBB6FAB7FBB6FA800
mem[X,0x000000008000035C] -> 0x8D93
mem[X,0x000000008000035E] -> 0x37FD
[220] [M]: 0x000000008000035C (0x37FD8D93) addi s11, s11, 895
x27 <- 0xBB6FAB7FBB6FAB7F
mem[X,0x0000000080000360] -> 0xDE37
mem[X,0x0000000080000362] -> 0xDDB7
[221] [M]: 0x0000000080000360 (0xDDB7DE37) lui t3, 908157
x28 <- 0xFFFFFFFFDDB7D000
mem[X,0x0000000080000364] -> 0x0E13
mem[X,0x0000000080000366] -> 0x5BFE
[222] [M]: 0x0000000080000364 (0x5BFE0E13) addi t3, t3, 1471
x28 <- 0xFFFFFFFFDDB7D5BF
mem[X,0x0000000080000368] -> 0x1E13
mem[X,0x000000008000036A] -> 0x00BE
[223] [M]: 0x0000000080000368 (0x00BE1E13) slli t3, t3, 11
x28 <- 0xFFFFFEEDBEADF800
mem[X,0x000000008000036C] -> 0x0E13
mem[X,0x000000008000036E] -> 0x6EDE
[224] [M]: 0x000000008000036C (0x6EDE0E13) addi t3, t3, 1773
x28 <- 0xFFFFFEEDBEADFEED
mem[X,0x0000000080000370] -> 0x1E13
mem[X,0x0000000080000372] -> 0x00BE
[225] [M]: 0x0000000080000370 (0x00BE1E13) slli t3, t3, 11
x28 <- 0xFFF76DF56FF76800
mem[X,0x0000000080000374] -> 0x0E13
mem[X,0x0000000080000376] -> 0x5F5E
[226] [M]: 0x0000000080000374 (0x5F5E0E13) addi t3, t3, 1525
x28 <- 0xFFF76DF56FF76DF5
mem[X,0x0000000080000378] -> 0x1E13
mem[X,0x000000008000037A] -> 0x00AE
[227] [M]: 0x0000000080000378 (0x00AE1E13) slli t3, t3, 10
x28 <- 0xDDB7D5BFDDB7D400
mem[X,0x000000008000037C] -> 0x0E13
mem[X,0x000000008000037E] -> 0x1BFE
[228] [M]: 0x000000008000037C (0x1BFE0E13) addi t3, t3, 447
x28 <- 0xDDB7D5BFDDB7D5BF
mem[X,0x0000000080000380] -> 0xFEB7
mem[X,0x0000000080000382] -> 0xEEDB
[229] [M]: 0x0000000080000380 (0xEEDBFEB7) lui t4, 978367
x29 <- 0xFFFFFFFFEEDBF000
mem[X,0x0000000080000384] -> 0x8E93
mem[X,0x0000000080000386] -> 0xADFE
[230] [M]: 0x0000000080000384 (0xADFE8E93) addi t4, t4, 2783
x29 <- 0xFFFFFFFFEEDBEADF
mem[X,0x0000000080000388] -> 0x9E93
mem[X,0x000000008000038A] -> 0x00BE
[231] [M]: 0x0000000080000388 (0x00BE9E93) slli t4, t4, 11
x29 <- 0xFFFFFF76DF56F800
mem[X,0x000000008000038C] -> 0x8E93
mem[X,0x000000008000038E] -> 0x776E
[232] [M]: 0x000000008000038C (0x776E8E93) addi t4, t4, 1910
x29 <- 0xFFFFFF76DF56FF76
mem[X,0x0000000080000390] -> 0x9E93
mem[X,0x0000000080000392] -> 0x00BE
[233] [M]: 0x0000000080000390 (0x00BE9E93) slli t4, t4, 11
x29 <- 0xFFFBB6FAB7FBB000
mem[X,0x0000000080000394] -> 0x8E93
mem[X,0x0000000080000396] -> 0x6FAE
[234] [M]: 0x0000000080000394 (0x6FAE8E93) addi t4, t4, 1786
x29 <- 0xFFFBB6FAB7FBB6FA
mem[X,0x0000000080000398] -> 0x9E93
mem[X,0x000000008000039A] -> 0x00AE
[235] [M]: 0x0000000080000398 (0x00AE9E93) slli t4, t4, 10
x29 <- 0xEEDBEADFEEDBE800
mem[X,0x000000008000039C] -> 0x8E93
mem[X,0x000000008000039E] -> 0x2DFE
[236] [M]: 0x000000008000039C (0x2DFE8E93) addi t4, t4, 735
x29 <- 0xEEDBEADFEEDBEADF
mem[X,0x00000000800003A0] -> 0xFF37
mem[X,0x00000000800003A2] -> 0xF76D
[237] [M]: 0x00000000800003A0 (0xF76DFF37) lui t5, 1013471
x30 <- 0xFFFFFFFFF76DF000
mem[X,0x00000000800003A4] -> 0x0F13
mem[X,0x00000000800003A6] -> 0x56FF
[238] [M]: 0x00000000800003A4 (0x56FF0F13) addi t5, t5, 1391
x30 <- 0xFFFFFFFFF76DF56F
mem[X,0x00000000800003A8] -> 0x1F13
mem[X,0x00000000800003AA] -> 0x00BF
[239] [M]: 0x00000000800003A8 (0x00BF1F13) slli t5, t5, 11
x30 <- 0xFFFFFFBB6FAB7800
mem[X,0x00000000800003AC] -> 0x0F13
mem[X,0x00000000800003AE] -> 0x7BBF
[240] [M]: 0x00000000800003AC (0x7BBF0F13) addi t5, t5, 1979
x30 <- 0xFFFFFFBB6FAB7FBB
mem[X,0x00000000800003B0] -> 0x1F13
mem[X,0x00000000800003B2] -> 0x00BF
[241] [M]: 0x00000000800003B0 (0x00BF1F13) slli t5, t5, 11
x30 <- 0xFFFDDB7D5BFDD800
mem[X,0x00000000800003B4] -> 0x0F13
mem[X,0x00000000800003B6] -> 0x37DF
[242] [M]: 0x00000000800003B4 (0x37DF0F13) addi t5, t5, 893
x30 <- 0xFFFDDB7D5BFDDB7D
mem[X,0x00000000800003B8] -> 0x1F13
mem[X,0x00000000800003BA] -> 0x00AF
[243] [M]: 0x00000000800003B8 (0x00AF1F13) slli t5, t5, 10
x30 <- 0xF76DF56FF76DF400
mem[X,0x00000000800003BC] -> 0x0F13
mem[X,0x00000000800003BE] -> 0x16FF
[244] [M]: 0x00000000800003BC (0x16FF0F13) addi t5, t5, 367
x30 <- 0xF76DF56FF76DF56F
mem[X,0x00000000800003C0] -> 0x0FB7
mem[X,0x00000000800003C2] -> 0xFBB7
[245] [M]: 0x00000000800003C0 (0xFBB70FB7) lui t6, 1031024
x31 <- 0xFFFFFFFFFBB70000
mem[X,0x00000000800003C4] -> 0x8F93
mem[X,0x00000000800003C6] -> 0xAB7F
[246] [M]: 0x00000000800003C4 (0xAB7F8F93) addi t6, t6, 2743
x31 <- 0xFFFFFFFFFBB6FAB7
mem[X,0x00000000800003C8] -> 0x9F93
mem[X,0x00000000800003CA] -> 0x00BF
[247] [M]: 0x00000000800003C8 (0x00BF9F93) slli t6, t6, 11
x31 <- 0xFFFFFFDDB7D5B800
mem[X,0x00000000800003CC] -> 0x8F93
mem[X,0x00000000800003CE] -> 0x7DDF
[248] [M]: 0x00000000800003CC (0x7DDF8F93) addi t6, t6, 2013
x31 <- 0xFFFFFFDDB7D5BFDD
mem[X,0x00000000800003D0] -> 0x9F93
mem[X,0x00000000800003D2] -> 0x00BF
[249] [M]: 0x00000000800003D0 (0x00BF9F93) slli t6, t6, 11
x31 <- 0xFFFEEDBEADFEE800
mem[X,0x00000000800003D4] -> 0x8F93
mem[X,0x00000000800003D6] -> 0x5BEF
[250] [M]: 0x00000000800003D4 (0x5BEF8F93) addi t6, t6, 1470
x31 <- 0xFFFEEDBEADFEEDBE
mem[X,0x00000000800003D8] -> 0x9F93
mem[X,0x00000000800003DA] -> 0x00AF
[251] [M]: 0x00000000800003D8 (0x00AF9F93) slli t6, t6, 10
x31 <- 0xFBB6FAB7FBB6F800
mem[X,0x00000000800003DC] -> 0x8F93
mem[X,0x00000000800003DE] -> 0x2B7F
[252] [M]: 0x00000000800003DC (0x2B7F8F93) addi t6, t6, 695
x31 <- 0xFBB6FAB7FBB6FAB7
mem[X,0x00000000800003E0] -> 0x8617
mem[X,0x00000000800003E2] -> 0x0000
[253] [M]: 0x00000000800003E0 (0x00008617) auipc a2, 8
x12 <- 0x00000000800083E0
mem[X,0x00000000800003E4] -> 0x0613
mem[X,0x00000000800003E6] -> 0xD386
[254] [M]: 0x00000000800003E4 (0xD3860613) addi a2, a2, 3384
x12 <- 0x0000000080008118
mem[X,0x00000000800003E8] -> 0x0013
mem[X,0x00000000800003EA] -> 0x0000
[255] [M]: 0x00000000800003E8 (0x00000013) addi zero, zero, 0
mem[X,0x00000000800003EC] -> 0x0013
mem[X,0x00000000800003EE] -> 0x0000
[256] [M]: 0x00000000800003EC (0x00000013) addi zero, zero, 0
mem[X,0x00000000800003F0] -> 0x0013
mem[X,0x00000000800003F2] -> 0x0000
[257] [M]: 0x00000000800003F0 (0x00000013) addi zero, zero, 0
mem[X,0x00000000800003F4] -> 0x0013
mem[X,0x00000000800003F6] -> 0x0000
[258] [M]: 0x00000000800003F4 (0x00000013) addi zero, zero, 0
mem[X,0x00000000800003F8] -> 0x0013
mem[X,0x00000000800003FA] -> 0x0000
[259] [M]: 0x00000000800003F8 (0x00000013) addi zero, zero, 0
mem[X,0x00000000800003FC] -> 0x0013
mem[X,0x00000000800003FE] -> 0x0000
[260] [M]: 0x00000000800003FC (0x00000013) addi zero, zero, 0
mem[X,0x0000000080000400] -> 0x0893
mem[X,0x0000000080000402] -> 0x00E0
[261] [M]: 0x0000000080000400 (0x00E00893) addi a7, zero, 14
x17 <- 0x000000000000000E
mem[X,0x0000000080000404] -> 0xB893
mem[X,0x0000000080000406] -> 0x0008
[262] [M]: 0x0000000080000404 (0x0008B893) sltiu a7, a7, 0
x17 <- 0x0000000000000000
mem[X,0x0000000080000408] -> 0x3023
mem[X,0x000000008000040A] -> 0x0116
[263] [M]: 0x0000000080000408 (0x01163023) sd a7, 0(a2)
mem[0x0000000080008118] <- 0x0000000000000000
mem[X,0x000000008000040C] -> 0x0413
mem[X,0x000000008000040E] -> 0x0010
[264] [M]: 0x000000008000040C (0x00100413) addi fp, zero, 1
x8 <- 0x0000000000000001
mem[X,0x0000000080000410] -> 0x1413
mem[X,0x0000000080000412] -> 0x0144
[265] [M]: 0x0000000080000410 (0x01441413) slli fp, fp, 20
x8 <- 0x0000000000100000
mem[X,0x0000000080000414] -> 0x4413
mem[X,0x0000000080000416] -> 0xFFF4
[266] [M]: 0x0000000080000414 (0xFFF44413) xori fp, fp, 4095
x8 <- 0xFFFFFFFFFFEFFFFF
mem[X,0x0000000080000418] -> 0x3213
mem[X,0x000000008000041A] -> 0xFFF4
[267] [M]: 0x0000000080000418 (0xFFF43213) sltiu tp, fp, 4095
x4 <- 0x0000000000000001
mem[X,0x000000008000041C] -> 0x3423
mem[X,0x000000008000041E] -> 0x0046
[268] [M]: 0x000000008000041C (0x00463423) sd tp, 8(a2)
mem[0x0000000080008120] <- 0x0000000000000001
mem[X,0x0000000080000420] -> 0x0913
mem[X,0x0000000080000422] -> 0x0000
[269] [M]: 0x0000000080000420 (0x00000913) addi s2, zero, 0
x18 <- 0x0000000000000000
mem[X,0x0000000080000424] -> 0x3713
mem[X,0x0000000080000426] -> 0x0019
[270] [M]: 0x0000000080000424 (0x00193713) sltiu a4, s2, 1
x14 <- 0x0000000000000001
mem[X,0x0000000080000428] -> 0x3823
mem[X,0x000000008000042A] -> 0x00E6
[271] [M]: 0x0000000080000428 (0x00E63823) sd a4, 16(a2)
mem[0x0000000080008128] <- 0x0000000000000001
mem[X,0x000000008000042C] -> 0x0C93
mem[X,0x000000008000042E] -> 0xFFF0
[272] [M]: 0x000000008000042C (0xFFF00C93) addi s9, zero, 4095
x25 <- 0xFFFFFFFFFFFFFFFF
mem[X,0x0000000080000430] -> 0xBB93
mem[X,0x0000000080000432] -> 0x00EC
[273] [M]: 0x0000000080000430 (0x00ECBB93) sltiu s7, s9, 14
x23 <- 0x0000000000000000
mem[X,0x0000000080000434] -> 0x3C23
mem[X,0x0000000080000436] -> 0x0176
[274] [M]: 0x0000000080000434 (0x01763C23) sd s7, 24(a2)
mem[0x0000000080008130] <- 0x0000000000000000
mem[X,0x0000000080000438] -> 0x0F13
mem[X,0x000000008000043A] -> 0x0010
[275] [M]: 0x0000000080000438 (0x00100F13) addi t5, zero, 1
x30 <- 0x0000000000000001
mem[X,0x000000008000043C] -> 0x3793
mem[X,0x000000008000043E] -> 0x7FFF
[276] [M]: 0x000000008000043C (0x7FFF3793) sltiu a5, t5, 2047
x15 <- 0x0000000000000001
mem[X,0x0000000080000440] -> 0x3023
mem[X,0x0000000080000442] -> 0x02F6
[277] [M]: 0x0000000080000440 (0x02F63023) sd a5, 32(a2)
mem[0x0000000080008138] <- 0x0000000000000001
mem[X,0x0000000080000444] -> 0x0493
mem[X,0x0000000080000446] -> 0x0010
[278] [M]: 0x0000000080000444 (0x00100493) addi s1, zero, 1
x9 <- 0x0000000000000001
mem[X,0x0000000080000448] -> 0xBA93
mem[X,0x000000008000044A] -> 0x0014
[279] [M]: 0x0000000080000448 (0x0014BA93) sltiu s5, s1, 1
x21 <- 0x0000000000000000
mem[X,0x000000008000044C] -> 0x3423
mem[X,0x000000008000044E] -> 0x0356
[280] [M]: 0x000000008000044C (0x03563423) sd s5, 40(a2)
mem[0x0000000080008140] <- 0x0000000000000000
mem[X,0x0000000080000450] -> 0x0D13
mem[X,0x0000000080000452] -> 0x0000
[281] [M]: 0x0000000080000450 (0x00000D13) addi s10, zero, 0
x26 <- 0x0000000000000000
mem[X,0x0000000080000454] -> 0x3493
mem[X,0x0000000080000456] -> 0x002D
[282] [M]: 0x0000000080000454 (0x002D3493) sltiu s1, s10, 2
x9 <- 0x0000000000000001
mem[X,0x0000000080000458] -> 0x3823
mem[X,0x000000008000045A] -> 0x0296
[283] [M]: 0x0000000080000458 (0x02963823) sd s1, 48(a2)
mem[0x0000000080008148] <- 0x0000000000000001
mem[X,0x000000008000045C] -> 0x0393
mem[X,0x000000008000045E] -> 0x0010
[284] [M]: 0x000000008000045C (0x00100393) addi t2, zero, 1
x7 <- 0x0000000000000001
mem[X,0x0000000080000460] -> 0x9393
mem[X,0x0000000080000462] -> 0x00E3
[285] [M]: 0x0000000080000460 (0x00E39393) slli t2, t2, 14
x7 <- 0x0000000000004000
mem[X,0x0000000080000464] -> 0xC393
mem[X,0x0000000080000466] -> 0xFFF3
[286] [M]: 0x0000000080000464 (0xFFF3C393) xori t2, t2, 4095
x7 <- 0xFFFFFFFFFFFFBFFF
mem[X,0x0000000080000468] -> 0xB813
mem[X,0x000000008000046A] -> 0x0043
[287] [M]: 0x0000000080000468 (0x0043B813) sltiu a6, t2, 4
x16 <- 0x0000000000000000
mem[X,0x000000008000046C] -> 0x3C23
mem[X,0x000000008000046E] -> 0x0306
[288] [M]: 0x000000008000046C (0x03063C23) sd a6, 56(a2)
mem[0x0000000080008150] <- 0x0000000000000000
mem[X,0x0000000080000470] -> 0x0993
mem[X,0x0000000080000472] -> 0x0010
[289] [M]: 0x0000000080000470 (0x00100993) addi s3, zero, 1
x19 <- 0x0000000000000001
mem[X,0x0000000080000474] -> 0x9993
mem[X,0x0000000080000476] -> 0x0239
[290] [M]: 0x0000000080000474 (0x02399993) slli s3, s3, 35
x19 <- 0x0000000800000000
mem[X,0x0000000080000478] -> 0xB393
mem[X,0x000000008000047A] -> 0x0089
[291] [M]: 0x0000000080000478 (0x0089B393) sltiu t2, s3, 8
x7 <- 0x0000000000000000
mem[X,0x000000008000047C] -> 0x3023
mem[X,0x000000008000047E] -> 0x0476
[292] [M]: 0x000000008000047C (0x04763023) sd t2, 64(a2)
mem[0x0000000080008158] <- 0x0000000000000000
mem[X,0x0000000080000480] -> 0x0D93
mem[X,0x0000000080000482] -> 0x0000
[293] [M]: 0x0000000080000480 (0x00000D93) addi s11, zero, 0
x27 <- 0x0000000000000000
mem[X,0x0000000080000484] -> 0xB193
mem[X,0x0000000080000486] -> 0x010D
[294] [M]: 0x0000000080000484 (0x010DB193) sltiu gp, s11, 16
x3 <- 0x0000000000000001
mem[X,0x0000000080000488] -> 0x3423
mem[X,0x000000008000048A] -> 0x0436
[295] [M]: 0x0000000080000488 (0x04363423) sd gp, 72(a2)
mem[0x0000000080008160] <- 0x0000000000000001
mem[X,0x000000008000048C] -> 0x0E13
mem[X,0x000000008000048E] -> 0xFFF0
[296] [M]: 0x000000008000048C (0xFFF00E13) addi t3, zero, 4095
x28 <- 0xFFFFFFFFFFFFFFFF
mem[X,0x0000000080000490] -> 0x3D13
mem[X,0x0000000080000492] -> 0x020E
[297] [M]: 0x0000000080000490 (0x020E3D13) sltiu s10, t3, 32
x26 <- 0x0000000000000000
mem[X,0x0000000080000494] -> 0x3823
mem[X,0x0000000080000496] -> 0x05A6
[298] [M]: 0x0000000080000494 (0x05A63823) sd s10, 80(a2)
mem[0x0000000080008168] <- 0x0000000000000000
mem[X,0x0000000080000498] -> 0xB6B7
mem[X,0x000000008000049A] -> 0xAAAA
[299] [M]: 0x0000000080000498 (0xAAAAB6B7) lui a3, 699051
x13 <- 0xFFFFFFFFAAAAB000
clint::tick mtime <- 0x0000000000000003
 clint timer pending at mtime 0x0000000000000003
htif::tick 0x0000000000000000
mem[X,0x000000008000049C] -> 0x8693
mem[X,0x000000008000049E] -> 0xAAA6
[300] [M]: 0x000000008000049C (0xAAA68693) addi a3, a3, 2730
x13 <- 0xFFFFFFFFAAAAAAAA
mem[X,0x00000000800004A0] -> 0x9693
mem[X,0x00000000800004A2] -> 0x00B6
[301] [M]: 0x00000000800004A0 (0x00B69693) slli a3, a3, 11
x13 <- 0xFFFFFD5555555000
mem[X,0x00000000800004A4] -> 0x8693
mem[X,0x00000000800004A6] -> 0x5556
[302] [M]: 0x00000000800004A4 (0x55568693) addi a3, a3, 1365
x13 <- 0xFFFFFD5555555555
mem[X,0x00000000800004A8] -> 0x9693
mem[X,0x00000000800004AA] -> 0x00B6
[303] [M]: 0x00000000800004A8 (0x00B69693) slli a3, a3, 11
x13 <- 0xFFEAAAAAAAAAA800
mem[X,0x00000000800004AC] -> 0x8693
mem[X,0x00000000800004AE] -> 0x2AA6
[304] [M]: 0x00000000800004AC (0x2AA68693) addi a3, a3, 682
x13 <- 0xFFEAAAAAAAAAAAAA
mem[X,0x00000000800004B0] -> 0x9693
mem[X,0x00000000800004B2] -> 0x00A6
[305] [M]: 0x00000000800004B0 (0x00A69693) slli a3, a3, 10
x13 <- 0xAAAAAAAAAAAAA800
mem[X,0x00000000800004B4] -> 0x8693
mem[X,0x00000000800004B6] -> 0x2AA6
[306] [M]: 0x00000000800004B4 (0x2AA68693) addi a3, a3, 682
x13 <- 0xAAAAAAAAAAAAAAAA
mem[X,0x00000000800004B8] -> 0xBF13
mem[X,0x00000000800004BA] -> 0x0406
[307] [M]: 0x00000000800004B8 (0x0406BF13) sltiu t5, a3, 64
x30 <- 0x0000000000000000
mem[X,0x00000000800004BC] -> 0x3C23
mem[X,0x00000000800004BE] -> 0x05E6
[308] [M]: 0x00000000800004BC (0x05E63C23) sd t5, 88(a2)
mem[0x0000000080008170] <- 0x0000000000000000
mem[X,0x00000000800004C0] -> 0x0813
mem[X,0x00000000800004C2] -> 0x0010
[309] [M]: 0x00000000800004C0 (0x00100813) addi a6, zero, 1
x16 <- 0x0000000000000001
mem[X,0x00000000800004C4] -> 0x1813
mem[X,0x00000000800004C6] -> 0x0228
[310] [M]: 0x00000000800004C4 (0x02281813) slli a6, a6, 34
x16 <- 0x0000000400000000
mem[X,0x00000000800004C8] -> 0x3013
mem[X,0x00000000800004CA] -> 0x0808
[311] [M]: 0x00000000800004C8 (0x08083013) sltiu zero, a6, 128
mem[X,0x00000000800004CC] -> 0x3023
mem[X,0x00000000800004CE] -> 0x0606
[312] [M]: 0x00000000800004CC (0x06063023) sd zero, 96(a2)
mem[0x0000000080008178] <- 0x0000000000000000
mem[X,0x00000000800004D0] -> 0x0593
mem[X,0x00000000800004D2] -> 0x0010
[313] [M]: 0x00000000800004D0 (0x00100593) addi a1, zero, 1
x11 <- 0x0000000000000001
mem[X,0x00000000800004D4] -> 0x9593
mem[X,0x00000000800004D6] -> 0x0225
[314] [M]: 0x00000000800004D4 (0x02259593) slli a1, a1, 34
x11 <- 0x0000000400000000
mem[X,0x00000000800004D8] -> 0xBC93
mem[X,0x00000000800004DA] -> 0x1005
[315] [M]: 0x00000000800004D8 (0x1005BC93) sltiu s9, a1, 256
x25 <- 0x0000000000000000
mem[X,0x00000000800004DC] -> 0x3423
mem[X,0x00000000800004DE] -> 0x0796
[316] [M]: 0x00000000800004DC (0x07963423) sd s9, 104(a2)
mem[0x0000000080008180] <- 0x0000000000000000
mem[X,0x00000000800004E0] -> 0x0513
mem[X,0x00000000800004E2] -> 0x0010
[317] [M]: 0x00000000800004E0 (0x00100513) addi a0, zero, 1
x10 <- 0x0000000000000001
mem[X,0x00000000800004E4] -> 0x1513
mem[X,0x00000000800004E6] -> 0x00E5
[318] [M]: 0x00000000800004E4 (0x00E51513) slli a0, a0, 14
x10 <- 0x0000000000004000
mem[X,0x00000000800004E8] -> 0x4513
mem[X,0x00000000800004EA] -> 0xFFF5
[319] [M]: 0x00000000800004E8 (0xFFF54513) xori a0, a0, 4095
x10 <- 0xFFFFFFFFFFFFBFFF
mem[X,0x00000000800004EC] -> 0x3113
mem[X,0x00000000800004EE] -> 0x2005
[320] [M]: 0x00000000800004EC (0x20053113) sltiu sp, a0, 512
x2 <- 0x0000000000000000
mem[X,0x00000000800004F0] -> 0x3823
mem[X,0x00000000800004F2] -> 0x0626
[321] [M]: 0x00000000800004F0 (0x06263823) sd sp, 112(a2)
mem[0x0000000080008188] <- 0x0000000000000000
mem[X,0x00000000800004F4] -> 0x0F93
mem[X,0x00000000800004F6] -> 0x0010
[322] [M]: 0x00000000800004F4 (0x00100F93) addi t6, zero, 1
x31 <- 0x0000000000000001
mem[X,0x00000000800004F8] -> 0x9F93
mem[X,0x00000000800004FA] -> 0x03EF
[323] [M]: 0x00000000800004F8 (0x03EF9F93) slli t6, t6, 62
x31 <- 0x4000000000000000
mem[X,0x00000000800004FC] -> 0xCF93
mem[X,0x00000000800004FE] -> 0xFFFF
[324] [M]: 0x00000000800004FC (0xFFFFCF93) xori t6, t6, 4095
x31 <- 0xBFFFFFFFFFFFFFFF
mem[X,0x0000000080000500] -> 0xB413
mem[X,0x0000000080000502] -> 0x400F
[325] [M]: 0x0000000080000500 (0x400FB413) sltiu fp, t6, 1024
x8 <- 0x0000000000000000
mem[X,0x0000000080000504] -> 0x3C23
mem[X,0x0000000080000506] -> 0x0686
[326] [M]: 0x0000000080000504 (0x06863C23) sd fp, 120(a2)
mem[0x0000000080008190] <- 0x0000000000000000
mem[X,0x0000000080000508] -> 0x0013
mem[X,0x000000008000050A] -> 0x0000
[327] [M]: 0x0000000080000508 (0x00000013) addi zero, zero, 0
mem[X,0x000000008000050C] -> 0x3093
mem[X,0x000000008000050E] -> 0x8000
[328] [M]: 0x000000008000050C (0x80003093) sltiu ra, zero, 2048
x1 <- 0x0000000000000001
mem[X,0x0000000080000510] -> 0x3023
mem[X,0x0000000080000512] -> 0x0816
[329] [M]: 0x0000000080000510 (0x08163023) sd ra, 128(a2)
mem[0x0000000080008198] <- 0x0000000000000001
mem[X,0x0000000080000514] -> 0x52B7
mem[X,0x0000000080000516] -> 0x5555
[330] [M]: 0x0000000080000514 (0x555552B7) lui t0, 349525
x5 <- 0x0000000055555000
mem[X,0x0000000080000518] -> 0x8293
mem[X,0x000000008000051A] -> 0x5552
[331] [M]: 0x0000000080000518 (0x55528293) addi t0, t0, 1365
x5 <- 0x0000000055555555
mem[X,0x000000008000051C] -> 0x9293
mem[X,0x000000008000051E] -> 0x00B2
[332] [M]: 0x000000008000051C (0x00B29293) slli t0, t0, 11
x5 <- 0x000002AAAAAAA800
mem[X,0x0000000080000520] -> 0x8293
mem[X,0x0000000080000522] -> 0x2AA2
[333] [M]: 0x0000000080000520 (0x2AA28293) addi t0, t0, 682
x5 <- 0x000002AAAAAAAAAA
mem[X,0x0000000080000524] -> 0x9293
mem[X,0x0000000080000526] -> 0x00B2
[334] [M]: 0x0000000080000524 (0x00B29293) slli t0, t0, 11
x5 <- 0x0015555555555000
mem[X,0x0000000080000528] -> 0x8293
mem[X,0x000000008000052A] -> 0x5552
[335] [M]: 0x0000000080000528 (0x55528293) addi t0, t0, 1365
x5 <- 0x0015555555555555
mem[X,0x000000008000052C] -> 0x9293
mem[X,0x000000008000052E] -> 0x00A2
[336] [M]: 0x000000008000052C (0x00A29293) slli t0, t0, 10
x5 <- 0x5555555555555400
mem[X,0x0000000080000530] -> 0x8293
mem[X,0x0000000080000532] -> 0x1562
[337] [M]: 0x0000000080000530 (0x15628293) addi t0, t0, 342
x5 <- 0x5555555555555556
mem[X,0x0000000080000534] -> 0xBC13
mem[X,0x0000000080000536] -> 0xFFE2
[338] [M]: 0x0000000080000534 (0xFFE2BC13) sltiu s8, t0, 4094
x24 <- 0x0000000000000001
mem[X,0x0000000080000538] -> 0x3423
mem[X,0x000000008000053A] -> 0x0986
[339] [M]: 0x0000000080000538 (0x09863423) sd s8, 136(a2)
mem[0x00000000800081A0] <- 0x0000000000000001
mem[X,0x000000008000053C] -> 0x0193
mem[X,0x000000008000053E] -> 0xFF70
[340] [M]: 0x000000008000053C (0xFF700193) addi gp, zero, 4087
x3 <- 0xFFFFFFFFFFFFFFF7
mem[X,0x0000000080000540] -> 0xB313
mem[X,0x0000000080000542] -> 0xFFD1
[341] [M]: 0x0000000080000540 (0xFFD1B313) sltiu t1, gp, 4093
x6 <- 0x0000000000000001
mem[X,0x0000000080000544] -> 0x3823
mem[X,0x0000000080000546] -> 0x0866
[342] [M]: 0x0000000080000544 (0x08663823) sd t1, 144(a2)
mem[0x00000000800081A8] <- 0x0000000000000001
mem[X,0x0000000080000548] -> 0x0113
mem[X,0x000000008000054A] -> 0x0010
[343] [M]: 0x0000000080000548 (0x00100113) addi sp, zero, 1
x2 <- 0x0000000000000001
mem[X,0x000000008000054C] -> 0x1113
mem[X,0x000000008000054E] -> 0x02B1
[344] [M]: 0x000000008000054C (0x02B11113) slli sp, sp, 43
x2 <- 0x0000080000000000
mem[X,0x0000000080000550] -> 0x4113
mem[X,0x0000000080000552] -> 0xFFF1
[345] [M]: 0x0000000080000550 (0xFFF14113) xori sp, sp, 4095
x2 <- 0xFFFFF7FFFFFFFFFF
mem[X,0x0000000080000554] -> 0x3E13
mem[X,0x0000000080000556] -> 0xFFB1
[346] [M]: 0x0000000080000554 (0xFFB13E13) sltiu t3, sp, 4091
x28 <- 0x0000000000000001
mem[X,0x0000000080000558] -> 0x3C23
mem[X,0x000000008000055A] -> 0x09C6
[347] [M]: 0x0000000080000558 (0x09C63C23) sd t3, 152(a2)
mem[0x00000000800081B0] <- 0x0000000000000001
mem[X,0x000000008000055C] -> 0x0A93
mem[X,0x000000008000055E] -> 0x0010
[348] [M]: 0x000000008000055C (0x00100A93) addi s5, zero, 1
x21 <- 0x0000000000000001
mem[X,0x0000000080000560] -> 0x9A93
mem[X,0x0000000080000562] -> 0x026A
[349] [M]: 0x0000000080000560 (0x026A9A93) slli s5, s5, 38
x21 <- 0x0000004000000000
mem[X,0x0000000080000564] -> 0xB293
mem[X,0x0000000080000566] -> 0xFF7A
[350] [M]: 0x0000000080000564 (0xFF7AB293) sltiu t0, s5, 4087
x5 <- 0x0000000000000001
mem[X,0x0000000080000568] -> 0x3023
mem[X,0x000000008000056A] -> 0x0A56
[351] [M]: 0x0000000080000568 (0x0A563023) sd t0, 160(a2)
mem[0x00000000800081B8] <- 0x0000000000000001
mem[X,0x000000008000056C] -> 0x0B13
mem[X,0x000000008000056E] -> 0xEFF0
[352] [M]: 0x000000008000056C (0xEFF00B13) addi s6, zero, 3839
x22 <- 0xFFFFFFFFFFFFFEFF
mem[X,0x0000000080000570] -> 0x3D93
mem[X,0x0000000080000572] -> 0xFEFB
[353] [M]: 0x0000000080000570 (0xFEFB3D93) sltiu s11, s6, 4079
x27 <- 0x0000000000000001
mem[X,0x0000000080000574] -> 0x3423
mem[X,0x0000000080000576] -> 0x0BB6
[354] [M]: 0x0000000080000574 (0x0BB63423) sd s11, 168(a2)
mem[0x00000000800081C0] <- 0x0000000000000001
mem[X,0x0000000080000578] -> 0x0013
mem[X,0x000000008000057A] -> 0x0000
[355] [M]: 0x0000000080000578 (0x00000013) addi zero, zero, 0
mem[X,0x000000008000057C] -> 0x0013
mem[X,0x000000008000057E] -> 0x0000
[356] [M]: 0x000000008000057C (0x00000013) addi zero, zero, 0
mem[X,0x0000000080000580] -> 0x8117
mem[X,0x0000000080000582] -> 0x0000
[357] [M]: 0x0000000080000580 (0x00008117) auipc sp, 8
x2 <- 0x0000000080008580
mem[X,0x0000000080000584] -> 0x0113
mem[X,0x0000000080000586] -> 0xC481
[358] [M]: 0x0000000080000584 (0xC4810113) addi sp, sp, 3144
x2 <- 0x00000000800081C8
mem[X,0x0000000080000588] -> 0x0013
mem[X,0x000000008000058A] -> 0x0000
[359] [M]: 0x0000000080000588 (0x00000013) addi zero, zero, 0
mem[X,0x000000008000058C] -> 0x0013
mem[X,0x000000008000058E] -> 0x0000
[360] [M]: 0x000000008000058C (0x00000013) addi zero, zero, 0
mem[X,0x0000000080000590] -> 0x0013
mem[X,0x0000000080000592] -> 0x0000
[361] [M]: 0x0000000080000590 (0x00000013) addi zero, zero, 0
mem[X,0x0000000080000594] -> 0x0013
mem[X,0x0000000080000596] -> 0x0000
[362] [M]: 0x0000000080000594 (0x00000013) addi zero, zero, 0
mem[X,0x0000000080000598] -> 0x0013
mem[X,0x000000008000059A] -> 0x0000
[363] [M]: 0x0000000080000598 (0x00000013) addi zero, zero, 0
mem[X,0x000000008000059C] -> 0x0013
mem[X,0x000000008000059E] -> 0x0000
[364] [M]: 0x000000008000059C (0x00000013) addi zero, zero, 0
mem[X,0x00000000800005A0] -> 0x0093
mem[X,0x00000000800005A2] -> 0x0010
[365] [M]: 0x00000000800005A0 (0x00100093) addi ra, zero, 1
x1 <- 0x0000000000000001
mem[X,0x00000000800005A4] -> 0x9093
mem[X,0x00000000800005A6] -> 0x0330
[366] [M]: 0x00000000800005A4 (0x03309093) slli ra, ra, 51
x1 <- 0x0008000000000000
mem[X,0x00000000800005A8] -> 0xC093
mem[X,0x00000000800005AA] -> 0xFFF0
[367] [M]: 0x00000000800005A8 (0xFFF0C093) xori ra, ra, 4095
x1 <- 0xFFF7FFFFFFFFFFFF
mem[X,0x00000000800005AC] -> 0xB593
mem[X,0x00000000800005AE] -> 0xFDF0
[368] [M]: 0x00000000800005AC (0xFDF0B593) sltiu a1, ra, 4063
x11 <- 0x0000000000000001
mem[X,0x00000000800005B0] -> 0x3023
mem[X,0x00000000800005B2] -> 0x00B1
[369] [M]: 0x00000000800005B0 (0x00B13023) sd a1, 0(sp)
mem[0x00000000800081C8] <- 0x0000000000000001
mem[X,0x00000000800005B4] -> 0x0793
mem[X,0x00000000800005B6] -> 0x0010
[370] [M]: 0x00000000800005B4 (0x00100793) addi a5, zero, 1
x15 <- 0x0000000000000001
mem[X,0x00000000800005B8] -> 0x9793
mem[X,0x00000000800005BA] -> 0x0277
[371] [M]: 0x00000000800005B8 (0x02779793) slli a5, a5, 39
x15 <- 0x0000008000000000
mem[X,0x00000000800005BC] -> 0xC793
mem[X,0x00000000800005BE] -> 0xFFF7
[372] [M]: 0x00000000800005BC (0xFFF7C793) xori a5, a5, 4095
x15 <- 0xFFFFFF7FFFFFFFFF
mem[X,0x00000000800005C0] -> 0xB913
mem[X,0x00000000800005C2] -> 0xFBF7
[373] [M]: 0x00000000800005C0 (0xFBF7B913) sltiu s2, a5, 4031
x18 <- 0x0000000000000001
mem[X,0x00000000800005C4] -> 0x3423
mem[X,0x00000000800005C6] -> 0x0121
[374] [M]: 0x00000000800005C4 (0x01213423) sd s2, 8(sp)
mem[0x00000000800081D0] <- 0x0000000000000001
mem[X,0x00000000800005C8] -> 0x0E93
mem[X,0x00000000800005CA] -> 0x0010
[375] [M]: 0x00000000800005C8 (0x00100E93) addi t4, zero, 1
x29 <- 0x0000000000000001
mem[X,0x00000000800005CC] -> 0x9E93
mem[X,0x00000000800005CE] -> 0x00DE
[376] [M]: 0x00000000800005CC (0x00DE9E93) slli t4, t4, 13
x29 <- 0x0000000000002000
mem[X,0x00000000800005D0] -> 0xCE93
mem[X,0x00000000800005D2] -> 0xFFFE
[377] [M]: 0x00000000800005D0 (0xFFFECE93) xori t4, t4, 4095
x29 <- 0xFFFFFFFFFFFFDFFF
mem[X,0x00000000800005D4] -> 0xBA13
mem[X,0x00000000800005D6] -> 0xF7FE
[378] [M]: 0x00000000800005D4 (0xF7FEBA13) sltiu s4, t4, 3967
x20 <- 0x0000000000000001
mem[X,0x00000000800005D8] -> 0x3823
mem[X,0x00000000800005DA] -> 0x0141
[379] [M]: 0x00000000800005D8 (0x01413823) sd s4, 16(sp)
mem[0x00000000800081D8] <- 0x0000000000000001
mem[X,0x00000000800005DC] -> 0x0213
mem[X,0x00000000800005DE] -> 0x0010
[380] [M]: 0x00000000800005DC (0x00100213) addi tp, zero, 1
x4 <- 0x0000000000000001
mem[X,0x00000000800005E0] -> 0x1213
mem[X,0x00000000800005E2] -> 0x0192
[381] [M]: 0x00000000800005E0 (0x01921213) slli tp, tp, 25
x4 <- 0x0000000002000000
mem[X,0x00000000800005E4] -> 0x4213
mem[X,0x00000000800005E6] -> 0xFFF2
[382] [M]: 0x00000000800005E4 (0xFFF24213) xori tp, tp, 4095
x4 <- 0xFFFFFFFFFDFFFFFF
mem[X,0x00000000800005E8] -> 0x3E93
mem[X,0x00000000800005EA] -> 0xEFF2
[383] [M]: 0x00000000800005E8 (0xEFF23E93) sltiu t4, tp, 3839
x29 <- 0x0000000000000001
mem[X,0x00000000800005EC] -> 0x3C23
mem[X,0x00000000800005EE] -> 0x01D1
[384] [M]: 0x00000000800005EC (0x01D13C23) sd t4, 24(sp)
mem[0x00000000800081E0] <- 0x0000000000000001
mem[X,0x00000000800005F0] -> 0x0B93
mem[X,0x00000000800005F2] -> 0x0010
[385] [M]: 0x00000000800005F0 (0x00100B93) addi s7, zero, 1
x23 <- 0x0000000000000001
mem[X,0x00000000800005F4] -> 0x9B93
mem[X,0x00000000800005F6] -> 0x028B
[386] [M]: 0x00000000800005F4 (0x028B9B93) slli s7, s7, 40
x23 <- 0x0000010000000000
mem[X,0x00000000800005F8] -> 0xBB13
mem[X,0x00000000800005FA] -> 0xDFFB
[387] [M]: 0x00000000800005F8 (0xDFFBBB13) sltiu s6, s7, 3583
x22 <- 0x0000000000000001
mem[X,0x00000000800005FC] -> 0x3023
mem[X,0x00000000800005FE] -> 0x0361
[388] [M]: 0x00000000800005FC (0x03613023) sd s6, 32(sp)
mem[0x00000000800081E8] <- 0x0000000000000001
mem[X,0x0000000080000600] -> 0x0313
mem[X,0x0000000080000602] -> 0x0010
[389] [M]: 0x0000000080000600 (0x00100313) addi t1, zero, 1
x6 <- 0x0000000000000001
mem[X,0x0000000080000604] -> 0x1313
mem[X,0x0000000080000606] -> 0x03E3
[390] [M]: 0x0000000080000604 (0x03E31313) slli t1, t1, 62
x6 <- 0x4000000000000000
mem[X,0x0000000080000608] -> 0x3993
mem[X,0x000000008000060A] -> 0xBFF3
[391] [M]: 0x0000000080000608 (0xBFF33993) sltiu s3, t1, 3071
x19 <- 0x0000000000000001
mem[X,0x000000008000060C] -> 0x3423
mem[X,0x000000008000060E] -> 0x0331
[392] [M]: 0x000000008000060C (0x03313423) sd s3, 40(sp)
mem[0x00000000800081F0] <- 0x0000000000000001
mem[X,0x0000000080000610] -> 0x0713
mem[X,0x0000000080000612] -> 0x0010
[393] [M]: 0x0000000080000610 (0x00100713) addi a4, zero, 1
x14 <- 0x0000000000000001
mem[X,0x0000000080000614] -> 0x1713
mem[X,0x0000000080000616] -> 0x00E7
[394] [M]: 0x0000000080000614 (0x00E71713) slli a4, a4, 14
x14 <- 0x0000000000004000
mem[X,0x0000000080000618] -> 0x4713
mem[X,0x000000008000061A] -> 0xFFF7
[395] [M]: 0x0000000080000618 (0xFFF74713) xori a4, a4, 4095
x14 <- 0xFFFFFFFFFFFFBFFF
mem[X,0x000000008000061C] -> 0x3613
mem[X,0x000000008000061E] -> 0x5557
[396] [M]: 0x000000008000061C (0x55573613) sltiu a2, a4, 1365
x12 <- 0x0000000000000000
mem[X,0x0000000080000620] -> 0x3823
mem[X,0x0000000080000622] -> 0x02C1
[397] [M]: 0x0000000080000620 (0x02C13823) sd a2, 48(sp)
mem[0x00000000800081F8] <- 0x0000000000000000
mem[X,0x0000000080000624] -> 0x0613
mem[X,0x0000000080000626] -> 0x0040
[398] [M]: 0x0000000080000624 (0x00400613) addi a2, zero, 4
x12 <- 0x0000000000000004
mem[X,0x0000000080000628] -> 0x3F93
mem[X,0x000000008000062A] -> 0xAAA6
[399] [M]: 0x0000000080000628 (0xAAA63F93) sltiu t6, a2, 2730
x31 <- 0x0000000000000001
clint::tick mtime <- 0x0000000000000004
 clint timer pending at mtime 0x0000000000000004
htif::tick 0x0000000000000000
mem[X,0x000000008000062C] -> 0x3C23
mem[X,0x000000008000062E] -> 0x03F1
[400] [M]: 0x000000008000062C (0x03F13C23) sd t6, 56(sp)
mem[0x0000000080008200] <- 0x0000000000000001
mem[X,0x0000000080000630] -> 0x0C13
mem[X,0x0000000080000632] -> 0x0020
[401] [M]: 0x0000000080000630 (0x00200C13) addi s8, zero, 2
x24 <- 0x0000000000000002
mem[X,0x0000000080000634] -> 0x3513
mem[X,0x0000000080000636] -> 0x03EC
[402] [M]: 0x0000000080000634 (0x03EC3513) sltiu a0, s8, 62
x10 <- 0x0000000000000001
mem[X,0x0000000080000638] -> 0x3023
mem[X,0x000000008000063A] -> 0x04A1
[403] [M]: 0x0000000080000638 (0x04A13023) sd a0, 64(sp)
mem[0x0000000080008208] <- 0x0000000000000001
mem[X,0x000000008000063C] -> 0x0A13
mem[X,0x000000008000063E] -> 0x0080
[404] [M]: 0x000000008000063C (0x00800A13) addi s4, zero, 8
x20 <- 0x0000000000000008
mem[X,0x0000000080000640] -> 0x3693
mem[X,0x0000000080000642] -> 0x00AA
[405] [M]: 0x0000000080000640 (0x00AA3693) sltiu a3, s4, 10
x13 <- 0x0000000000000001
mem[X,0x0000000080000644] -> 0x3423
mem[X,0x0000000080000646] -> 0x04D1
[406] [M]: 0x0000000080000644 (0x04D13423) sd a3, 72(sp)
mem[0x0000000080008210] <- 0x0000000000000001
mem[X,0x0000000080000648] -> 0x0513
mem[X,0x000000008000064A] -> 0x0100
[407] [M]: 0x0000000080000648 (0x01000513) addi a0, zero, 16
x10 <- 0x0000000000000010
mem[X,0x000000008000064C] -> 0x3593
mem[X,0x000000008000064E] -> 0x00C5
[408] [M]: 0x000000008000064C (0x00C53593) sltiu a1, a0, 12
x11 <- 0x0000000000000000
mem[X,0x0000000080000650] -> 0x3823
mem[X,0x0000000080000652] -> 0x04B1
[409] [M]: 0x0000000080000650 (0x04B13823) sd a1, 80(sp)
mem[0x0000000080008218] <- 0x0000000000000000
mem[X,0x0000000080000654] -> 0x0513
mem[X,0x0000000080000656] -> 0x0200
[410] [M]: 0x0000000080000654 (0x02000513) addi a0, zero, 32
x10 <- 0x0000000000000020
mem[X,0x0000000080000658] -> 0x3593
mem[X,0x000000008000065A] -> 0x00F5
[411] [M]: 0x0000000080000658 (0x00F53593) sltiu a1, a0, 15
x11 <- 0x0000000000000000
mem[X,0x000000008000065C] -> 0x3C23
mem[X,0x000000008000065E] -> 0x04B1
[412] [M]: 0x000000008000065C (0x04B13C23) sd a1, 88(sp)
mem[0x0000000080008220] <- 0x0000000000000000
mem[X,0x0000000080000660] -> 0x0513
mem[X,0x0000000080000662] -> 0x0400
[413] [M]: 0x0000000080000660 (0x04000513) addi a0, zero, 64
x10 <- 0x0000000000000040
mem[X,0x0000000080000664] -> 0x3593
mem[X,0x0000000080000666] -> 0x0015
[414] [M]: 0x0000000080000664 (0x00153593) sltiu a1, a0, 1
x11 <- 0x0000000000000000
mem[X,0x0000000080000668] -> 0x3023
mem[X,0x000000008000066A] -> 0x06B1
[415] [M]: 0x0000000080000668 (0x06B13023) sd a1, 96(sp)
mem[0x0000000080008228] <- 0x0000000000000000
mem[X,0x000000008000066C] -> 0x0513
mem[X,0x000000008000066E] -> 0x0800
[416] [M]: 0x000000008000066C (0x08000513) addi a0, zero, 128
x10 <- 0x0000000000000080
mem[X,0x0000000080000670] -> 0x3593
mem[X,0x0000000080000672] -> 0x00D5
[417] [M]: 0x0000000080000670 (0x00D53593) sltiu a1, a0, 13
x11 <- 0x0000000000000000
mem[X,0x0000000080000674] -> 0x3423
mem[X,0x0000000080000676] -> 0x06B1
[418] [M]: 0x0000000080000674 (0x06B13423) sd a1, 104(sp)
mem[0x0000000080008230] <- 0x0000000000000000
mem[X,0x0000000080000678] -> 0x0513
mem[X,0x000000008000067A] -> 0x1000
[419] [M]: 0x0000000080000678 (0x10000513) addi a0, zero, 256
x10 <- 0x0000000000000100
mem[X,0x000000008000067C] -> 0x3593
mem[X,0x000000008000067E] -> 0x0035
[420] [M]: 0x000000008000067C (0x00353593) sltiu a1, a0, 3
x11 <- 0x0000000000000000
mem[X,0x0000000080000680] -> 0x3823
mem[X,0x0000000080000682] -> 0x06B1
[421] [M]: 0x0000000080000680 (0x06B13823) sd a1, 112(sp)
mem[0x0000000080008238] <- 0x0000000000000000
mem[X,0x0000000080000684] -> 0x0513
mem[X,0x0000000080000686] -> 0x2000
[422] [M]: 0x0000000080000684 (0x20000513) addi a0, zero, 512
x10 <- 0x0000000000000200
mem[X,0x0000000080000688] -> 0x3593
mem[X,0x000000008000068A] -> 0x0035
[423] [M]: 0x0000000080000688 (0x00353593) sltiu a1, a0, 3
x11 <- 0x0000000000000000
mem[X,0x000000008000068C] -> 0x3C23
mem[X,0x000000008000068E] -> 0x06B1
[424] [M]: 0x000000008000068C (0x06B13C23) sd a1, 120(sp)
mem[0x0000000080008240] <- 0x0000000000000000
mem[X,0x0000000080000690] -> 0x0513
mem[X,0x0000000080000692] -> 0x4000
[425] [M]: 0x0000000080000690 (0x40000513) addi a0, zero, 1024
x10 <- 0x0000000000000400
mem[X,0x0000000080000694] -> 0x3593
mem[X,0x0000000080000696] -> 0x3325
[426] [M]: 0x0000000080000694 (0x33253593) sltiu a1, a0, 818
x11 <- 0x0000000000000000
mem[X,0x0000000080000698] -> 0x3023
mem[X,0x000000008000069A] -> 0x08B1
[427] [M]: 0x0000000080000698 (0x08B13023) sd a1, 128(sp)
mem[0x0000000080008248] <- 0x0000000000000000
mem[X,0x000000008000069C] -> 0x0513
mem[X,0x000000008000069E] -> 0x0010
[428] [M]: 0x000000008000069C (0x00100513) addi a0, zero, 1
x10 <- 0x0000000000000001
mem[X,0x00000000800006A0] -> 0x1513
mem[X,0x00000000800006A2] -> 0x00B5
[429] [M]: 0x00000000800006A0 (0x00B51513) slli a0, a0, 11
x10 <- 0x0000000000000800
mem[X,0x00000000800006A4] -> 0x3593
mem[X,0x00000000800006A6] -> 0x0045
[430] [M]: 0x00000000800006A4 (0x00453593) sltiu a1, a0, 4
x11 <- 0x0000000000000000
mem[X,0x00000000800006A8] -> 0x3423
mem[X,0x00000000800006AA] -> 0x08B1
[431] [M]: 0x00000000800006A8 (0x08B13423) sd a1, 136(sp)
mem[0x0000000080008250] <- 0x0000000000000000
mem[X,0x00000000800006AC] -> 0x0513
mem[X,0x00000000800006AE] -> 0x0010
[432] [M]: 0x00000000800006AC (0x00100513) addi a0, zero, 1
x10 <- 0x0000000000000001
mem[X,0x00000000800006B0] -> 0x1513
mem[X,0x00000000800006B2] -> 0x00C5
[433] [M]: 0x00000000800006B0 (0x00C51513) slli a0, a0, 12
x10 <- 0x0000000000001000
mem[X,0x00000000800006B4] -> 0x3593
mem[X,0x00000000800006B6] -> 0xFBF5
[434] [M]: 0x00000000800006B4 (0xFBF53593) sltiu a1, a0, 4031
x11 <- 0x0000000000000001
mem[X,0x00000000800006B8] -> 0x3823
mem[X,0x00000000800006BA] -> 0x08B1
[435] [M]: 0x00000000800006B8 (0x08B13823) sd a1, 144(sp)
mem[0x0000000080008258] <- 0x0000000000000001
mem[X,0x00000000800006BC] -> 0x0513
mem[X,0x00000000800006BE] -> 0x0010
[436] [M]: 0x00000000800006BC (0x00100513) addi a0, zero, 1
x10 <- 0x0000000000000001
mem[X,0x00000000800006C0] -> 0x1513
mem[X,0x00000000800006C2] -> 0x00D5
[437] [M]: 0x00000000800006C0 (0x00D51513) slli a0, a0, 13
x10 <- 0x0000000000002000
mem[X,0x00000000800006C4] -> 0x3593
mem[X,0x00000000800006C6] -> 0x0065
[438] [M]: 0x00000000800006C4 (0x00653593) sltiu a1, a0, 6
x11 <- 0x0000000000000000
mem[X,0x00000000800006C8] -> 0x3C23
mem[X,0x00000000800006CA] -> 0x08B1
[439] [M]: 0x00000000800006C8 (0x08B13C23) sd a1, 152(sp)
mem[0x0000000080008260] <- 0x0000000000000000
mem[X,0x00000000800006CC] -> 0x0513
mem[X,0x00000000800006CE] -> 0x0010
[440] [M]: 0x00000000800006CC (0x00100513) addi a0, zero, 1
x10 <- 0x0000000000000001
mem[X,0x00000000800006D0] -> 0x1513
mem[X,0x00000000800006D2] -> 0x00E5
[441] [M]: 0x00000000800006D0 (0x00E51513) slli a0, a0, 14
x10 <- 0x0000000000004000
mem[X,0x00000000800006D4] -> 0x3593
mem[X,0x00000000800006D6] -> 0xBFF5
[442] [M]: 0x00000000800006D4 (0xBFF53593) sltiu a1, a0, 3071
x11 <- 0x0000000000000001
mem[X,0x00000000800006D8] -> 0x3023
mem[X,0x00000000800006DA] -> 0x0AB1
[443] [M]: 0x00000000800006D8 (0x0AB13023) sd a1, 160(sp)
mem[0x0000000080008268] <- 0x0000000000000001
mem[X,0x00000000800006DC] -> 0x0513
mem[X,0x00000000800006DE] -> 0x0010
[444] [M]: 0x00000000800006DC (0x00100513) addi a0, zero, 1
x10 <- 0x0000000000000001
mem[X,0x00000000800006E0] -> 0x1513
mem[X,0x00000000800006E2] -> 0x00F5
[445] [M]: 0x00000000800006E0 (0x00F51513) slli a0, a0, 15
x10 <- 0x0000000000008000
mem[X,0x00000000800006E4] -> 0x3593
mem[X,0x00000000800006E6] -> 0x0045
[446] [M]: 0x00000000800006E4 (0x00453593) sltiu a1, a0, 4
x11 <- 0x0000000000000000
mem[X,0x00000000800006E8] -> 0x3423
mem[X,0x00000000800006EA] -> 0x0AB1
[447] [M]: 0x00000000800006E8 (0x0AB13423) sd a1, 168(sp)
mem[0x0000000080008270] <- 0x0000000000000000
mem[X,0x00000000800006EC] -> 0x0513
mem[X,0x00000000800006EE] -> 0x0010
[448] [M]: 0x00000000800006EC (0x00100513) addi a0, zero, 1
x10 <- 0x0000000000000001
mem[X,0x00000000800006F0] -> 0x1513
mem[X,0x00000000800006F2] -> 0x0105
[449] [M]: 0x00000000800006F0 (0x01051513) slli a0, a0, 16
x10 <- 0x0000000000010000
mem[X,0x00000000800006F4] -> 0x3593
mem[X,0x00000000800006F6] -> 0x0005
[450] [M]: 0x00000000800006F4 (0x00053593) sltiu a1, a0, 0
x11 <- 0x0000000000000000
mem[X,0x00000000800006F8] -> 0x3823
mem[X,0x00000000800006FA] -> 0x0AB1
[451] [M]: 0x00000000800006F8 (0x0AB13823) sd a1, 176(sp)
mem[0x0000000080008278] <- 0x0000000000000000
mem[X,0x00000000800006FC] -> 0x0513
mem[X,0x00000000800006FE] -> 0x0010
[452] [M]: 0x00000000800006FC (0x00100513) addi a0, zero, 1
x10 <- 0x0000000000000001
mem[X,0x0000000080000700] -> 0x1513
mem[X,0x0000000080000702] -> 0x0115
[453] [M]: 0x0000000080000700 (0x01151513) slli a0, a0, 17
x10 <- 0x0000000000020000
mem[X,0x0000000080000704] -> 0x3593
mem[X,0x0000000080000706] -> 0xAAB5
[454] [M]: 0x0000000080000704 (0xAAB53593) sltiu a1, a0, 2731
x11 <- 0x0000000000000001
mem[X,0x0000000080000708] -> 0x3C23
mem[X,0x000000008000070A] -> 0x0AB1
[455] [M]: 0x0000000080000708 (0x0AB13C23) sd a1, 184(sp)
mem[0x0000000080008280] <- 0x0000000000000001
mem[X,0x000000008000070C] -> 0x0513
mem[X,0x000000008000070E] -> 0x0010
[456] [M]: 0x000000008000070C (0x00100513) addi a0, zero, 1
x10 <- 0x0000000000000001
mem[X,0x0000000080000710] -> 0x1513
mem[X,0x0000000080000712] -> 0x0125
[457] [M]: 0x0000000080000710 (0x01251513) slli a0, a0, 18
x10 <- 0x0000000000040000
mem[X,0x0000000080000714] -> 0x3593
mem[X,0x0000000080000716] -> 0xFFF5
[458] [M]: 0x0000000080000714 (0xFFF53593) sltiu a1, a0, 4095
x11 <- 0x0000000000000001
mem[X,0x0000000080000718] -> 0x3023
mem[X,0x000000008000071A] -> 0x0CB1
[459] [M]: 0x0000000080000718 (0x0CB13023) sd a1, 192(sp)
mem[0x0000000080008288] <- 0x0000000000000001
mem[X,0x000000008000071C] -> 0x0513
mem[X,0x000000008000071E] -> 0x0010
[460] [M]: 0x000000008000071C (0x00100513) addi a0, zero, 1
x10 <- 0x0000000000000001
mem[X,0x0000000080000720] -> 0x1513
mem[X,0x0000000080000722] -> 0x0135
[461] [M]: 0x0000000080000720 (0x01351513) slli a0, a0, 19
x10 <- 0x0000000000080000
mem[X,0x0000000080000724] -> 0x3593
mem[X,0x0000000080000726] -> 0x0035
[462] [M]: 0x0000000080000724 (0x00353593) sltiu a1, a0, 3
x11 <- 0x0000000000000000
mem[X,0x0000000080000728] -> 0x3423
mem[X,0x000000008000072A] -> 0x0CB1
[463] [M]: 0x0000000080000728 (0x0CB13423) sd a1, 200(sp)
mem[0x0000000080008290] <- 0x0000000000000000
mem[X,0x000000008000072C] -> 0x0513
mem[X,0x000000008000072E] -> 0x0010
[464] [M]: 0x000000008000072C (0x00100513) addi a0, zero, 1
x10 <- 0x0000000000000001
mem[X,0x0000000080000730] -> 0x1513
mem[X,0x0000000080000732] -> 0x0145
[465] [M]: 0x0000000080000730 (0x01451513) slli a0, a0, 20
x10 <- 0x0000000000100000
mem[X,0x0000000080000734] -> 0x3593
mem[X,0x0000000080000736] -> 0x02C5
[466] [M]: 0x0000000080000734 (0x02C53593) sltiu a1, a0, 44
x11 <- 0x0000000000000000
mem[X,0x0000000080000738] -> 0x3823
mem[X,0x000000008000073A] -> 0x0CB1
[467] [M]: 0x0000000080000738 (0x0CB13823) sd a1, 208(sp)
mem[0x0000000080008298] <- 0x0000000000000000
mem[X,0x000000008000073C] -> 0x0513
mem[X,0x000000008000073E] -> 0x0010
[468] [M]: 0x000000008000073C (0x00100513) addi a0, zero, 1
x10 <- 0x0000000000000001
mem[X,0x0000000080000740] -> 0x1513
mem[X,0x0000000080000742] -> 0x0155
[469] [M]: 0x0000000080000740 (0x01551513) slli a0, a0, 21
x10 <- 0x0000000000200000
mem[X,0x0000000080000744] -> 0x3593
mem[X,0x0000000080000746] -> 0x0015
[470] [M]: 0x0000000080000744 (0x00153593) sltiu a1, a0, 1
x11 <- 0x0000000000000000
mem[X,0x0000000080000748] -> 0x3C23
mem[X,0x000000008000074A] -> 0x0CB1
[471] [M]: 0x0000000080000748 (0x0CB13C23) sd a1, 216(sp)
mem[0x00000000800082A0] <- 0x0000000000000000
mem[X,0x000000008000074C] -> 0x0513
mem[X,0x000000008000074E] -> 0x0010
[472] [M]: 0x000000008000074C (0x00100513) addi a0, zero, 1
x10 <- 0x0000000000000001
mem[X,0x0000000080000750] -> 0x1513
mem[X,0x0000000080000752] -> 0x0165
[473] [M]: 0x0000000080000750 (0x01651513) slli a0, a0, 22
x10 <- 0x0000000000400000
mem[X,0x0000000080000754] -> 0x3593
mem[X,0x0000000080000756] -> 0xAAB5
[474] [M]: 0x0000000080000754 (0xAAB53593) sltiu a1, a0, 2731
x11 <- 0x0000000000000001
mem[X,0x0000000080000758] -> 0x3023
mem[X,0x000000008000075A] -> 0x0EB1
[475] [M]: 0x0000000080000758 (0x0EB13023) sd a1, 224(sp)
mem[0x00000000800082A8] <- 0x0000000000000001
mem[X,0x000000008000075C] -> 0x0513
mem[X,0x000000008000075E] -> 0x0010
[476] [M]: 0x000000008000075C (0x00100513) addi a0, zero, 1
x10 <- 0x0000000000000001
mem[X,0x0000000080000760] -> 0x1513
mem[X,0x0000000080000762] -> 0x0175
[477] [M]: 0x0000000080000760 (0x01751513) slli a0, a0, 23
x10 <- 0x0000000000800000
mem[X,0x0000000080000764] -> 0x3593
mem[X,0x0000000080000766] -> 0x5555
[478] [M]: 0x0000000080000764 (0x55553593) sltiu a1, a0, 1365
x11 <- 0x0000000000000000
mem[X,0x0000000080000768] -> 0x3423
mem[X,0x000000008000076A] -> 0x0EB1
[479] [M]: 0x0000000080000768 (0x0EB13423) sd a1, 232(sp)
mem[0x00000000800082B0] <- 0x0000000000000000
mem[X,0x000000008000076C] -> 0x0513
mem[X,0x000000008000076E] -> 0x0010
[480] [M]: 0x000000008000076C (0x00100513) addi a0, zero, 1
x10 <- 0x0000000000000001
mem[X,0x0000000080000770] -> 0x1513
mem[X,0x0000000080000772] -> 0x0185
[481] [M]: 0x0000000080000770 (0x01851513) slli a0, a0, 24
x10 <- 0x0000000001000000
mem[X,0x0000000080000774] -> 0x3593
mem[X,0x0000000080000776] -> 0x02E5
[482] [M]: 0x0000000080000774 (0x02E53593) sltiu a1, a0, 46
x11 <- 0x0000000000000000
mem[X,0x0000000080000778] -> 0x3823
mem[X,0x000000008000077A] -> 0x0EB1
[483] [M]: 0x0000000080000778 (0x0EB13823) sd a1, 240(sp)
mem[0x00000000800082B8] <- 0x0000000000000000
mem[X,0x000000008000077C] -> 0x0513
mem[X,0x000000008000077E] -> 0x0010
[484] [M]: 0x000000008000077C (0x00100513) addi a0, zero, 1
x10 <- 0x0000000000000001
mem[X,0x0000000080000780] -> 0x1513
mem[X,0x0000000080000782] -> 0x0195
[485] [M]: 0x0000000080000780 (0x01951513) slli a0, a0, 25
x10 <- 0x0000000002000000
mem[X,0x0000000080000784] -> 0x3593
mem[X,0x0000000080000786] -> 0xFFD5
[486] [M]: 0x0000000080000784 (0xFFD53593) sltiu a1, a0, 4093
x11 <- 0x0000000000000001
mem[X,0x0000000080000788] -> 0x3C23
mem[X,0x000000008000078A] -> 0x0EB1
[487] [M]: 0x0000000080000788 (0x0EB13C23) sd a1, 248(sp)
mem[0x00000000800082C0] <- 0x0000000000000001
mem[X,0x000000008000078C] -> 0x0513
mem[X,0x000000008000078E] -> 0x0010
[488] [M]: 0x000000008000078C (0x00100513) addi a0, zero, 1
x10 <- 0x0000000000000001
mem[X,0x0000000080000790] -> 0x1513
mem[X,0x0000000080000792] -> 0x01A5
[489] [M]: 0x0000000080000790 (0x01A51513) slli a0, a0, 26
x10 <- 0x0000000004000000
mem[X,0x0000000080000794] -> 0x3593
mem[X,0x0000000080000796] -> 0x6665
[490] [M]: 0x0000000080000794 (0x66653593) sltiu a1, a0, 1638
x11 <- 0x0000000000000000
mem[X,0x0000000080000798] -> 0x3023
mem[X,0x000000008000079A] -> 0x10B1
[491] [M]: 0x0000000080000798 (0x10B13023) sd a1, 256(sp)
mem[0x00000000800082C8] <- 0x0000000000000000
mem[X,0x000000008000079C] -> 0x0513
mem[X,0x000000008000079E] -> 0x0010
[492] [M]: 0x000000008000079C (0x00100513) addi a0, zero, 1
x10 <- 0x0000000000000001
mem[X,0x00000000800007A0] -> 0x1513
mem[X,0x00000000800007A2] -> 0x01B5
[493] [M]: 0x00000000800007A0 (0x01B51513) slli a0, a0, 27
x10 <- 0x0000000008000000
mem[X,0x00000000800007A4] -> 0x3593
mem[X,0x00000000800007A6] -> 0x0005
[494] [M]: 0x00000000800007A4 (0x00053593) sltiu a1, a0, 0
x11 <- 0x0000000000000000
mem[X,0x00000000800007A8] -> 0x3423
mem[X,0x00000000800007AA] -> 0x10B1
[495] [M]: 0x00000000800007A8 (0x10B13423) sd a1, 264(sp)
mem[0x00000000800082D0] <- 0x0000000000000000
mem[X,0x00000000800007AC] -> 0x0513
mem[X,0x00000000800007AE] -> 0x0010
[496] [M]: 0x00000000800007AC (0x00100513) addi a0, zero, 1
x10 <- 0x0000000000000001
mem[X,0x00000000800007B0] -> 0x1513
mem[X,0x00000000800007B2] -> 0x01C5
[497] [M]: 0x00000000800007B0 (0x01C51513) slli a0, a0, 28
x10 <- 0x0000000010000000
mem[X,0x00000000800007B4] -> 0x3593
mem[X,0x00000000800007B6] -> 0x2005
[498] [M]: 0x00000000800007B4 (0x20053593) sltiu a1, a0, 512
x11 <- 0x0000000000000000
mem[X,0x00000000800007B8] -> 0x3823
mem[X,0x00000000800007BA] -> 0x10B1
[499] [M]: 0x00000000800007B8 (0x10B13823) sd a1, 272(sp)
mem[0x00000000800082D8] <- 0x0000000000000000
clint::tick mtime <- 0x0000000000000005
 clint timer pending at mtime 0x0000000000000005
htif::tick 0x0000000000000000
mem[X,0x00000000800007BC] -> 0x0513
mem[X,0x00000000800007BE] -> 0x0010
[500] [M]: 0x00000000800007BC (0x00100513) addi a0, zero, 1
x10 <- 0x0000000000000001
mem[X,0x00000000800007C0] -> 0x1513
mem[X,0x00000000800007C2] -> 0x01D5
[501] [M]: 0x00000000800007C0 (0x01D51513) slli a0, a0, 29
x10 <- 0x0000000020000000
mem[X,0x00000000800007C4] -> 0x3593
mem[X,0x00000000800007C6] -> 0x0405
[502] [M]: 0x00000000800007C4 (0x04053593) sltiu a1, a0, 64
x11 <- 0x0000000000000000
mem[X,0x00000000800007C8] -> 0x3C23
mem[X,0x00000000800007CA] -> 0x10B1
[503] [M]: 0x00000000800007C8 (0x10B13C23) sd a1, 280(sp)
mem[0x00000000800082E0] <- 0x0000000000000000
mem[X,0x00000000800007CC] -> 0x0513
mem[X,0x00000000800007CE] -> 0x0010
[504] [M]: 0x00000000800007CC (0x00100513) addi a0, zero, 1
x10 <- 0x0000000000000001
mem[X,0x00000000800007D0] -> 0x1513
mem[X,0x00000000800007D2] -> 0x01E5
[505] [M]: 0x00000000800007D0 (0x01E51513) slli a0, a0, 30
x10 <- 0x0000000040000000
mem[X,0x00000000800007D4] -> 0x3593
mem[X,0x00000000800007D6] -> 0x5565
[506] [M]: 0x00000000800007D4 (0x55653593) sltiu a1, a0, 1366
x11 <- 0x0000000000000000
mem[X,0x00000000800007D8] -> 0x3023
mem[X,0x00000000800007DA] -> 0x12B1
[507] [M]: 0x00000000800007D8 (0x12B13023) sd a1, 288(sp)
mem[0x00000000800082E8] <- 0x0000000000000000
mem[X,0x00000000800007DC] -> 0x0513
mem[X,0x00000000800007DE] -> 0x0010
[508] [M]: 0x00000000800007DC (0x00100513) addi a0, zero, 1
x10 <- 0x0000000000000001
mem[X,0x00000000800007E0] -> 0x1513
mem[X,0x00000000800007E2] -> 0x01F5
[509] [M]: 0x00000000800007E0 (0x01F51513) slli a0, a0, 31
x10 <- 0x0000000080000000
mem[X,0x00000000800007E4] -> 0x3593
mem[X,0x00000000800007E6] -> 0x0065
[510] [M]: 0x00000000800007E4 (0x00653593) sltiu a1, a0, 6
x11 <- 0x0000000000000000
mem[X,0x00000000800007E8] -> 0x3423
mem[X,0x00000000800007EA] -> 0x12B1
[511] [M]: 0x00000000800007E8 (0x12B13423) sd a1, 296(sp)
mem[0x00000000800082F0] <- 0x0000000000000000
mem[X,0x00000000800007EC] -> 0x0513
mem[X,0x00000000800007EE] -> 0x0010
[512] [M]: 0x00000000800007EC (0x00100513) addi a0, zero, 1
x10 <- 0x0000000000000001
mem[X,0x00000000800007F0] -> 0x1513
mem[X,0x00000000800007F2] -> 0x0205
[513] [M]: 0x00000000800007F0 (0x02051513) slli a0, a0, 32
x10 <- 0x0000000100000000
mem[X,0x00000000800007F4] -> 0x3593
mem[X,0x00000000800007F6] -> 0x0405
[514] [M]: 0x00000000800007F4 (0x04053593) sltiu a1, a0, 64
x11 <- 0x0000000000000000
mem[X,0x00000000800007F8] -> 0x3823
mem[X,0x00000000800007FA] -> 0x12B1
[515] [M]: 0x00000000800007F8 (0x12B13823) sd a1, 304(sp)
mem[0x00000000800082F8] <- 0x0000000000000000
mem[X,0x00000000800007FC] -> 0x0513
mem[X,0x00000000800007FE] -> 0x0010
[516] [M]: 0x00000000800007FC (0x00100513) addi a0, zero, 1
x10 <- 0x0000000000000001
mem[X,0x0000000080000800] -> 0x1513
mem[X,0x0000000080000802] -> 0x0215
[517] [M]: 0x0000000080000800 (0x02151513) slli a0, a0, 33
x10 <- 0x0000000200000000
mem[X,0x0000000080000804] -> 0x3593
mem[X,0x0000000080000806] -> 0x0015
[518] [M]: 0x0000000080000804 (0x00153593) sltiu a1, a0, 1
x11 <- 0x0000000000000000
mem[X,0x0000000080000808] -> 0x3C23
mem[X,0x000000008000080A] -> 0x12B1
[519] [M]: 0x0000000080000808 (0x12B13C23) sd a1, 312(sp)
mem[0x0000000080008300] <- 0x0000000000000000
mem[X,0x000000008000080C] -> 0x0513
mem[X,0x000000008000080E] -> 0x0010
[520] [M]: 0x000000008000080C (0x00100513) addi a0, zero, 1
x10 <- 0x0000000000000001
mem[X,0x0000000080000810] -> 0x1513
mem[X,0x0000000080000812] -> 0x0245
[521] [M]: 0x0000000080000810 (0x02451513) slli a0, a0, 36
x10 <- 0x0000001000000000
mem[X,0x0000000080000814] -> 0x3593
mem[X,0x0000000080000816] -> 0x7FF5
[522] [M]: 0x0000000080000814 (0x7FF53593) sltiu a1, a0, 2047
x11 <- 0x0000000000000000
mem[X,0x0000000080000818] -> 0x3023
mem[X,0x000000008000081A] -> 0x14B1
[523] [M]: 0x0000000080000818 (0x14B13023) sd a1, 320(sp)
mem[0x0000000080008308] <- 0x0000000000000000
mem[X,0x000000008000081C] -> 0x0513
mem[X,0x000000008000081E] -> 0x0010
[524] [M]: 0x000000008000081C (0x00100513) addi a0, zero, 1
x10 <- 0x0000000000000001
mem[X,0x0000000080000820] -> 0x1513
mem[X,0x0000000080000822] -> 0x0255
[525] [M]: 0x0000000080000820 (0x02551513) slli a0, a0, 37
x10 <- 0x0000002000000000
mem[X,0x0000000080000824] -> 0x3593
mem[X,0x0000000080000826] -> 0x0025
[526] [M]: 0x0000000080000824 (0x00253593) sltiu a1, a0, 2
x11 <- 0x0000000000000000
mem[X,0x0000000080000828] -> 0x3423
mem[X,0x000000008000082A] -> 0x14B1
[527] [M]: 0x0000000080000828 (0x14B13423) sd a1, 328(sp)
mem[0x0000000080008310] <- 0x0000000000000000
mem[X,0x000000008000082C] -> 0x0513
mem[X,0x000000008000082E] -> 0x0010
[528] [M]: 0x000000008000082C (0x00100513) addi a0, zero, 1
x10 <- 0x0000000000000001
mem[X,0x0000000080000830] -> 0x1513
mem[X,0x0000000080000832] -> 0x0275
[529] [M]: 0x0000000080000830 (0x02751513) slli a0, a0, 39
x10 <- 0x0000008000000000
mem[X,0x0000000080000834] -> 0x3593
mem[X,0x0000000080000836] -> 0x3335
[530] [M]: 0x0000000080000834 (0x33353593) sltiu a1, a0, 819
x11 <- 0x0000000000000000
mem[X,0x0000000080000838] -> 0x3823
mem[X,0x000000008000083A] -> 0x14B1
[531] [M]: 0x0000000080000838 (0x14B13823) sd a1, 336(sp)
mem[0x0000000080008318] <- 0x0000000000000000
mem[X,0x000000008000083C] -> 0x0513
mem[X,0x000000008000083E] -> 0x0010
[532] [M]: 0x000000008000083C (0x00100513) addi a0, zero, 1
x10 <- 0x0000000000000001
mem[X,0x0000000080000840] -> 0x1513
mem[X,0x0000000080000842] -> 0x0295
[533] [M]: 0x0000000080000840 (0x02951513) slli a0, a0, 41
x10 <- 0x0000020000000000
mem[X,0x0000000080000844] -> 0x3593
mem[X,0x0000000080000846] -> 0x2005
[534] [M]: 0x0000000080000844 (0x20053593) sltiu a1, a0, 512
x11 <- 0x0000000000000000
mem[X,0x0000000080000848] -> 0x3C23
mem[X,0x000000008000084A] -> 0x14B1
[535] [M]: 0x0000000080000848 (0x14B13C23) sd a1, 344(sp)
mem[0x0000000080008320] <- 0x0000000000000000
mem[X,0x000000008000084C] -> 0x0513
mem[X,0x000000008000084E] -> 0x0010
[536] [M]: 0x000000008000084C (0x00100513) addi a0, zero, 1
x10 <- 0x0000000000000001
mem[X,0x0000000080000850] -> 0x1513
mem[X,0x0000000080000852] -> 0x02A5
[537] [M]: 0x0000000080000850 (0x02A51513) slli a0, a0, 42
x10 <- 0x0000040000000000
mem[X,0x0000000080000854] -> 0x3593
mem[X,0x0000000080000856] -> 0x02D5
[538] [M]: 0x0000000080000854 (0x02D53593) sltiu a1, a0, 45
x11 <- 0x0000000000000000
mem[X,0x0000000080000858] -> 0x3023
mem[X,0x000000008000085A] -> 0x16B1
[539] [M]: 0x0000000080000858 (0x16B13023) sd a1, 352(sp)
mem[0x0000000080008328] <- 0x0000000000000000
mem[X,0x000000008000085C] -> 0x0513
mem[X,0x000000008000085E] -> 0x0010
[540] [M]: 0x000000008000085C (0x00100513) addi a0, zero, 1
x10 <- 0x0000000000000001
mem[X,0x0000000080000860] -> 0x1513
mem[X,0x0000000080000862] -> 0x02B5
[541] [M]: 0x0000000080000860 (0x02B51513) slli a0, a0, 43
x10 <- 0x0000080000000000
mem[X,0x0000000080000864] -> 0x3593
mem[X,0x0000000080000866] -> 0x0005
[542] [M]: 0x0000000080000864 (0x00053593) sltiu a1, a0, 0
x11 <- 0x0000000000000000
mem[X,0x0000000080000868] -> 0x3423
mem[X,0x000000008000086A] -> 0x16B1
[543] [M]: 0x0000000080000868 (0x16B13423) sd a1, 360(sp)
mem[0x0000000080008330] <- 0x0000000000000000
mem[X,0x000000008000086C] -> 0x0513
mem[X,0x000000008000086E] -> 0x0010
[544] [M]: 0x000000008000086C (0x00100513) addi a0, zero, 1
x10 <- 0x0000000000000001
mem[X,0x0000000080000870] -> 0x1513
mem[X,0x0000000080000872] -> 0x02C5
[545] [M]: 0x0000000080000870 (0x02C51513) slli a0, a0, 44
x10 <- 0x0000100000000000
mem[X,0x0000000080000874] -> 0x3593
mem[X,0x0000000080000876] -> 0xAAA5
[546] [M]: 0x0000000080000874 (0xAAA53593) sltiu a1, a0, 2730
x11 <- 0x0000000000000001
mem[X,0x0000000080000878] -> 0x3823
mem[X,0x000000008000087A] -> 0x16B1
[547] [M]: 0x0000000080000878 (0x16B13823) sd a1, 368(sp)
mem[0x0000000080008338] <- 0x0000000000000001
mem[X,0x000000008000087C] -> 0x0513
mem[X,0x000000008000087E] -> 0x0010
[548] [M]: 0x000000008000087C (0x00100513) addi a0, zero, 1
x10 <- 0x0000000000000001
mem[X,0x0000000080000880] -> 0x1513
mem[X,0x0000000080000882] -> 0x02D5
[549] [M]: 0x0000000080000880 (0x02D51513) slli a0, a0, 45
x10 <- 0x0000200000000000
mem[X,0x0000000080000884] -> 0x3593
mem[X,0x0000000080000886] -> 0x3335
[550] [M]: 0x0000000080000884 (0x33353593) sltiu a1, a0, 819
x11 <- 0x0000000000000000
mem[X,0x0000000080000888] -> 0x3C23
mem[X,0x000000008000088A] -> 0x16B1
[551] [M]: 0x0000000080000888 (0x16B13C23) sd a1, 376(sp)
mem[0x0000000080008340] <- 0x0000000000000000
mem[X,0x000000008000088C] -> 0x0513
mem[X,0x000000008000088E] -> 0x0010
[552] [M]: 0x000000008000088C (0x00100513) addi a0, zero, 1
x10 <- 0x0000000000000001
mem[X,0x0000000080000890] -> 0x1513
mem[X,0x0000000080000892] -> 0x02E5
[553] [M]: 0x0000000080000890 (0x02E51513) slli a0, a0, 46
x10 <- 0x0000400000000000
mem[X,0x0000000080000894] -> 0x3593
mem[X,0x0000000080000896] -> 0xAA95
[554] [M]: 0x0000000080000894 (0xAA953593) sltiu a1, a0, 2729
x11 <- 0x0000000000000001
mem[X,0x0000000080000898] -> 0x3023
mem[X,0x000000008000089A] -> 0x18B1
[555] [M]: 0x0000000080000898 (0x18B13023) sd a1, 384(sp)
mem[0x0000000080008348] <- 0x0000000000000001
mem[X,0x000000008000089C] -> 0x0513
mem[X,0x000000008000089E] -> 0x0010
[556] [M]: 0x000000008000089C (0x00100513) addi a0, zero, 1
x10 <- 0x0000000000000001
mem[X,0x00000000800008A0] -> 0x1513
mem[X,0x00000000800008A2] -> 0x02F5
[557] [M]: 0x00000000800008A0 (0x02F51513) slli a0, a0, 47
x10 <- 0x0000800000000000
mem[X,0x00000000800008A4] -> 0x3593
mem[X,0x00000000800008A6] -> 0x0135
[558] [M]: 0x00000000800008A4 (0x01353593) sltiu a1, a0, 19
x11 <- 0x0000000000000000
mem[X,0x00000000800008A8] -> 0x3423
mem[X,0x00000000800008AA] -> 0x18B1
[559] [M]: 0x00000000800008A8 (0x18B13423) sd a1, 392(sp)
mem[0x0000000080008350] <- 0x0000000000000000
mem[X,0x00000000800008AC] -> 0x0513
mem[X,0x00000000800008AE] -> 0x0010
[560] [M]: 0x00000000800008AC (0x00100513) addi a0, zero, 1
x10 <- 0x0000000000000001
mem[X,0x00000000800008B0] -> 0x1513
mem[X,0x00000000800008B2] -> 0x0305
[561] [M]: 0x00000000800008B0 (0x03051513) slli a0, a0, 48
x10 <- 0x0001000000000000
mem[X,0x00000000800008B4] -> 0x3593
mem[X,0x00000000800008B6] -> 0xAAB5
[562] [M]: 0x00000000800008B4 (0xAAB53593) sltiu a1, a0, 2731
x11 <- 0x0000000000000001
mem[X,0x00000000800008B8] -> 0x3823
mem[X,0x00000000800008BA] -> 0x18B1
[563] [M]: 0x00000000800008B8 (0x18B13823) sd a1, 400(sp)
mem[0x0000000080008358] <- 0x0000000000000001
mem[X,0x00000000800008BC] -> 0x0513
mem[X,0x00000000800008BE] -> 0x0010
[564] [M]: 0x00000000800008BC (0x00100513) addi a0, zero, 1
x10 <- 0x0000000000000001
mem[X,0x00000000800008C0] -> 0x1513
mem[X,0x00000000800008C2] -> 0x0315
[565] [M]: 0x00000000800008C0 (0x03151513) slli a0, a0, 49
x10 <- 0x0002000000000000
mem[X,0x00000000800008C4] -> 0x3593
mem[X,0x00000000800008C6] -> 0x1005
[566] [M]: 0x00000000800008C4 (0x10053593) sltiu a1, a0, 256
x11 <- 0x0000000000000000
mem[X,0x00000000800008C8] -> 0x3C23
mem[X,0x00000000800008CA] -> 0x18B1
[567] [M]: 0x00000000800008C8 (0x18B13C23) sd a1, 408(sp)
mem[0x0000000080008360] <- 0x0000000000000000
mem[X,0x00000000800008CC] -> 0x0513
mem[X,0x00000000800008CE] -> 0x0010
[568] [M]: 0x00000000800008CC (0x00100513) addi a0, zero, 1
x10 <- 0x0000000000000001
mem[X,0x00000000800008D0] -> 0x1513
mem[X,0x00000000800008D2] -> 0x0325
[569] [M]: 0x00000000800008D0 (0x03251513) slli a0, a0, 50
x10 <- 0x0004000000000000
mem[X,0x00000000800008D4] -> 0x3593
mem[X,0x00000000800008D6] -> 0x0045
[570] [M]: 0x00000000800008D4 (0x00453593) sltiu a1, a0, 4
x11 <- 0x0000000000000000
mem[X,0x00000000800008D8] -> 0x3023
mem[X,0x00000000800008DA] -> 0x1AB1
[571] [M]: 0x00000000800008D8 (0x1AB13023) sd a1, 416(sp)
mem[0x0000000080008368] <- 0x0000000000000000
mem[X,0x00000000800008DC] -> 0x0513
mem[X,0x00000000800008DE] -> 0x0010
[572] [M]: 0x00000000800008DC (0x00100513) addi a0, zero, 1
x10 <- 0x0000000000000001
mem[X,0x00000000800008E0] -> 0x1513
mem[X,0x00000000800008E2] -> 0x0335
[573] [M]: 0x00000000800008E0 (0x03351513) slli a0, a0, 51
x10 <- 0x0008000000000000
mem[X,0x00000000800008E4] -> 0x3593
mem[X,0x00000000800008E6] -> 0x02E5
[574] [M]: 0x00000000800008E4 (0x02E53593) sltiu a1, a0, 46
x11 <- 0x0000000000000000
mem[X,0x00000000800008E8] -> 0x3423
mem[X,0x00000000800008EA] -> 0x1AB1
[575] [M]: 0x00000000800008E8 (0x1AB13423) sd a1, 424(sp)
mem[0x0000000080008370] <- 0x0000000000000000
mem[X,0x00000000800008EC] -> 0x0513
mem[X,0x00000000800008EE] -> 0x0010
[576] [M]: 0x00000000800008EC (0x00100513) addi a0, zero, 1
x10 <- 0x0000000000000001
mem[X,0x00000000800008F0] -> 0x1513
mem[X,0x00000000800008F2] -> 0x0345
[577] [M]: 0x00000000800008F0 (0x03451513) slli a0, a0, 52
x10 <- 0x0010000000000000
mem[X,0x00000000800008F4] -> 0x3593
mem[X,0x00000000800008F6] -> 0x00D5
[578] [M]: 0x00000000800008F4 (0x00D53593) sltiu a1, a0, 13
x11 <- 0x0000000000000000
mem[X,0x00000000800008F8] -> 0x3823
mem[X,0x00000000800008FA] -> 0x1AB1
[579] [M]: 0x00000000800008F8 (0x1AB13823) sd a1, 432(sp)
mem[0x0000000080008378] <- 0x0000000000000000
mem[X,0x00000000800008FC] -> 0x0513
mem[X,0x00000000800008FE] -> 0x0010
[580] [M]: 0x00000000800008FC (0x00100513) addi a0, zero, 1
x10 <- 0x0000000000000001
mem[X,0x0000000080000900] -> 0x1513
mem[X,0x0000000080000902] -> 0x0355
[581] [M]: 0x0000000080000900 (0x03551513) slli a0, a0, 53
x10 <- 0x0020000000000000
mem[X,0x0000000080000904] -> 0x3593
mem[X,0x0000000080000906] -> 0x0015
[582] [M]: 0x0000000080000904 (0x00153593) sltiu a1, a0, 1
x11 <- 0x0000000000000000
mem[X,0x0000000080000908] -> 0x3C23
mem[X,0x000000008000090A] -> 0x1AB1
[583] [M]: 0x0000000080000908 (0x1AB13C23) sd a1, 440(sp)
mem[0x0000000080008380] <- 0x0000000000000000
mem[X,0x000000008000090C] -> 0x0513
mem[X,0x000000008000090E] -> 0x0010
[584] [M]: 0x000000008000090C (0x00100513) addi a0, zero, 1
x10 <- 0x0000000000000001
mem[X,0x0000000080000910] -> 0x1513
mem[X,0x0000000080000912] -> 0x0365
[585] [M]: 0x0000000080000910 (0x03651513) slli a0, a0, 54
x10 <- 0x0040000000000000
mem[X,0x0000000080000914] -> 0x3593
mem[X,0x0000000080000916] -> 0x0095
[586] [M]: 0x0000000080000914 (0x00953593) sltiu a1, a0, 9
x11 <- 0x0000000000000000
mem[X,0x0000000080000918] -> 0x3023
mem[X,0x000000008000091A] -> 0x1CB1
[587] [M]: 0x0000000080000918 (0x1CB13023) sd a1, 448(sp)
mem[0x0000000080008388] <- 0x0000000000000000
mem[X,0x000000008000091C] -> 0x0513
mem[X,0x000000008000091E] -> 0x0010
[588] [M]: 0x000000008000091C (0x00100513) addi a0, zero, 1
x10 <- 0x0000000000000001
mem[X,0x0000000080000920] -> 0x1513
mem[X,0x0000000080000922] -> 0x0375
[589] [M]: 0x0000000080000920 (0x03751513) slli a0, a0, 55
x10 <- 0x0080000000000000
mem[X,0x0000000080000924] -> 0x3593
mem[X,0x0000000080000926] -> 0x0025
[590] [M]: 0x0000000080000924 (0x00253593) sltiu a1, a0, 2
x11 <- 0x0000000000000000
mem[X,0x0000000080000928] -> 0x3423
mem[X,0x000000008000092A] -> 0x1CB1
[591] [M]: 0x0000000080000928 (0x1CB13423) sd a1, 456(sp)
mem[0x0000000080008390] <- 0x0000000000000000
mem[X,0x000000008000092C] -> 0x0513
mem[X,0x000000008000092E] -> 0x0010
[592] [M]: 0x000000008000092C (0x00100513) addi a0, zero, 1
x10 <- 0x0000000000000001
mem[X,0x0000000080000930] -> 0x1513
mem[X,0x0000000080000932] -> 0x0385
[593] [M]: 0x0000000080000930 (0x03851513) slli a0, a0, 56
x10 <- 0x0100000000000000
mem[X,0x0000000080000934] -> 0x3593
mem[X,0x0000000080000936] -> 0x00B5
[594] [M]: 0x0000000080000934 (0x00B53593) sltiu a1, a0, 11
x11 <- 0x0000000000000000
mem[X,0x0000000080000938] -> 0x3823
mem[X,0x000000008000093A] -> 0x1CB1
[595] [M]: 0x0000000080000938 (0x1CB13823) sd a1, 464(sp)
mem[0x0000000080008398] <- 0x0000000000000000
mem[X,0x000000008000093C] -> 0x0513
mem[X,0x000000008000093E] -> 0x0010
[596] [M]: 0x000000008000093C (0x00100513) addi a0, zero, 1
x10 <- 0x0000000000000001
mem[X,0x0000000080000940] -> 0x1513
mem[X,0x0000000080000942] -> 0x0395
[597] [M]: 0x0000000080000940 (0x03951513) slli a0, a0, 57
x10 <- 0x0200000000000000
mem[X,0x0000000080000944] -> 0x3593
mem[X,0x0000000080000946] -> 0x00D5
[598] [M]: 0x0000000080000944 (0x00D53593) sltiu a1, a0, 13
x11 <- 0x0000000000000000
mem[X,0x0000000080000948] -> 0x3C23
mem[X,0x000000008000094A] -> 0x1CB1
[599] [M]: 0x0000000080000948 (0x1CB13C23) sd a1, 472(sp)
mem[0x00000000800083A0] <- 0x0000000000000000
clint::tick mtime <- 0x0000000000000006
 clint timer pending at mtime 0x0000000000000006
htif::tick 0x0000000000000000
mem[X,0x000000008000094C] -> 0x0513
mem[X,0x000000008000094E] -> 0x0010
[600] [M]: 0x000000008000094C (0x00100513) addi a0, zero, 1
x10 <- 0x0000000000000001
mem[X,0x0000000080000950] -> 0x1513
mem[X,0x0000000080000952] -> 0x03A5
[601] [M]: 0x0000000080000950 (0x03A51513) slli a0, a0, 58
x10 <- 0x0400000000000000
mem[X,0x0000000080000954] -> 0x3593
mem[X,0x0000000080000956] -> 0xFFD5
[602] [M]: 0x0000000080000954 (0xFFD53593) sltiu a1, a0, 4093
x11 <- 0x0000000000000001
mem[X,0x0000000080000958] -> 0x3023
mem[X,0x000000008000095A] -> 0x1EB1
[603] [M]: 0x0000000080000958 (0x1EB13023) sd a1, 480(sp)
mem[0x00000000800083A8] <- 0x0000000000000001
mem[X,0x000000008000095C] -> 0x0513
mem[X,0x000000008000095E] -> 0x0010
[604] [M]: 0x000000008000095C (0x00100513) addi a0, zero, 1
x10 <- 0x0000000000000001
mem[X,0x0000000080000960] -> 0x1513
mem[X,0x0000000080000962] -> 0x03B5
[605] [M]: 0x0000000080000960 (0x03B51513) slli a0, a0, 59
x10 <- 0x0800000000000000
mem[X,0x0000000080000964] -> 0x3593
mem[X,0x0000000080000966] -> 0x03F5
[606] [M]: 0x0000000080000964 (0x03F53593) sltiu a1, a0, 63
x11 <- 0x0000000000000000
mem[X,0x0000000080000968] -> 0x3423
mem[X,0x000000008000096A] -> 0x1EB1
[607] [M]: 0x0000000080000968 (0x1EB13423) sd a1, 488(sp)
mem[0x00000000800083B0] <- 0x0000000000000000
mem[X,0x000000008000096C] -> 0x0513
mem[X,0x000000008000096E] -> 0x0010
[608] [M]: 0x000000008000096C (0x00100513) addi a0, zero, 1
x10 <- 0x0000000000000001
mem[X,0x0000000080000970] -> 0x1513
mem[X,0x0000000080000972] -> 0x03C5
[609] [M]: 0x0000000080000970 (0x03C51513) slli a0, a0, 60
x10 <- 0x1000000000000000
mem[X,0x0000000080000974] -> 0x3593
mem[X,0x0000000080000976] -> 0x0115
[610] [M]: 0x0000000080000974 (0x01153593) sltiu a1, a0, 17
x11 <- 0x0000000000000000
mem[X,0x0000000080000978] -> 0x3823
mem[X,0x000000008000097A] -> 0x1EB1
[611] [M]: 0x0000000080000978 (0x1EB13823) sd a1, 496(sp)
mem[0x00000000800083B8] <- 0x0000000000000000
mem[X,0x000000008000097C] -> 0x0513
mem[X,0x000000008000097E] -> 0x0010
[612] [M]: 0x000000008000097C (0x00100513) addi a0, zero, 1
x10 <- 0x0000000000000001
mem[X,0x0000000080000980] -> 0x1513
mem[X,0x0000000080000982] -> 0x03D5
[613] [M]: 0x0000000080000980 (0x03D51513) slli a0, a0, 61
x10 <- 0x2000000000000000
mem[X,0x0000000080000984] -> 0x3593
mem[X,0x0000000080000986] -> 0x4005
[614] [M]: 0x0000000080000984 (0x40053593) sltiu a1, a0, 1024
x11 <- 0x0000000000000000
mem[X,0x0000000080000988] -> 0x3C23
mem[X,0x000000008000098A] -> 0x1EB1
[615] [M]: 0x0000000080000988 (0x1EB13C23) sd a1, 504(sp)
mem[0x00000000800083C0] <- 0x0000000000000000
mem[X,0x000000008000098C] -> 0x0513
mem[X,0x000000008000098E] -> 0xFFF0
[616] [M]: 0x000000008000098C (0xFFF00513) addi a0, zero, 4095
x10 <- 0xFFFFFFFFFFFFFFFF
mem[X,0x0000000080000990] -> 0x1513
mem[X,0x0000000080000992] -> 0x03F5
[617] [M]: 0x0000000080000990 (0x03F51513) slli a0, a0, 63
x10 <- 0x8000000000000000
mem[X,0x0000000080000994] -> 0x3593
mem[X,0x0000000080000996] -> 0x0005
[618] [M]: 0x0000000080000994 (0x00053593) sltiu a1, a0, 0
x11 <- 0x0000000000000000
mem[X,0x0000000080000998] -> 0x3023
mem[X,0x000000008000099A] -> 0x20B1
[619] [M]: 0x0000000080000998 (0x20B13023) sd a1, 512(sp)
mem[0x00000000800083C8] <- 0x0000000000000000
mem[X,0x000000008000099C] -> 0x0513
mem[X,0x000000008000099E] -> 0xFFE0
[620] [M]: 0x000000008000099C (0xFFE00513) addi a0, zero, 4094
x10 <- 0xFFFFFFFFFFFFFFFE
mem[X,0x00000000800009A0] -> 0x3593
mem[X,0x00000000800009A2] -> 0x0065
[621] [M]: 0x00000000800009A0 (0x00653593) sltiu a1, a0, 6
x11 <- 0x0000000000000000
mem[X,0x00000000800009A4] -> 0x3423
mem[X,0x00000000800009A6] -> 0x20B1
[622] [M]: 0x00000000800009A4 (0x20B13423) sd a1, 520(sp)
mem[0x00000000800083D0] <- 0x0000000000000000
mem[X,0x00000000800009A8] -> 0x0513
mem[X,0x00000000800009AA] -> 0xFFD0
[623] [M]: 0x00000000800009A8 (0xFFD00513) addi a0, zero, 4093
x10 <- 0xFFFFFFFFFFFFFFFD
mem[X,0x00000000800009AC] -> 0x3593
mem[X,0x00000000800009AE] -> 0x00A5
[624] [M]: 0x00000000800009AC (0x00A53593) sltiu a1, a0, 10
x11 <- 0x0000000000000000
mem[X,0x00000000800009B0] -> 0x3823
mem[X,0x00000000800009B2] -> 0x20B1
[625] [M]: 0x00000000800009B0 (0x20B13823) sd a1, 528(sp)
mem[0x00000000800083D8] <- 0x0000000000000000
mem[X,0x00000000800009B4] -> 0x0513
mem[X,0x00000000800009B6] -> 0xFFB0
[626] [M]: 0x00000000800009B4 (0xFFB00513) addi a0, zero, 4091
x10 <- 0xFFFFFFFFFFFFFFFB
mem[X,0x00000000800009B8] -> 0x3593
mem[X,0x00000000800009BA] -> 0x0015
[627] [M]: 0x00000000800009B8 (0x00153593) sltiu a1, a0, 1
x11 <- 0x0000000000000000
mem[X,0x00000000800009BC] -> 0x3C23
mem[X,0x00000000800009BE] -> 0x20B1
[628] [M]: 0x00000000800009BC (0x20B13C23) sd a1, 536(sp)
mem[0x00000000800083E0] <- 0x0000000000000000
mem[X,0x00000000800009C0] -> 0x0513
mem[X,0x00000000800009C2] -> 0xFEF0
[629] [M]: 0x00000000800009C0 (0xFEF00513) addi a0, zero, 4079
x10 <- 0xFFFFFFFFFFFFFFEF
mem[X,0x00000000800009C4] -> 0x3593
mem[X,0x00000000800009C6] -> 0xAA95
[630] [M]: 0x00000000800009C4 (0xAA953593) sltiu a1, a0, 2729
x11 <- 0x0000000000000000
mem[X,0x00000000800009C8] -> 0x3023
mem[X,0x00000000800009CA] -> 0x22B1
[631] [M]: 0x00000000800009C8 (0x22B13023) sd a1, 544(sp)
mem[0x00000000800083E8] <- 0x0000000000000000
mem[X,0x00000000800009CC] -> 0x0513
mem[X,0x00000000800009CE] -> 0xFDF0
[632] [M]: 0x00000000800009CC (0xFDF00513) addi a0, zero, 4063
x10 <- 0xFFFFFFFFFFFFFFDF
mem[X,0x00000000800009D0] -> 0x3593
mem[X,0x00000000800009D2] -> 0xFF75
[633] [M]: 0x00000000800009D0 (0xFF753593) sltiu a1, a0, 4087
x11 <- 0x0000000000000001
mem[X,0x00000000800009D4] -> 0x3423
mem[X,0x00000000800009D6] -> 0x22B1
[634] [M]: 0x00000000800009D4 (0x22B13423) sd a1, 552(sp)
mem[0x00000000800083F0] <- 0x0000000000000001
mem[X,0x00000000800009D8] -> 0x0513
mem[X,0x00000000800009DA] -> 0xFBF0
[635] [M]: 0x00000000800009D8 (0xFBF00513) addi a0, zero, 4031
x10 <- 0xFFFFFFFFFFFFFFBF
mem[X,0x00000000800009DC] -> 0x3593
mem[X,0x00000000800009DE] -> 0x0205
[636] [M]: 0x00000000800009DC (0x02053593) sltiu a1, a0, 32
x11 <- 0x0000000000000000
mem[X,0x00000000800009E0] -> 0x3823
mem[X,0x00000000800009E2] -> 0x22B1
[637] [M]: 0x00000000800009E0 (0x22B13823) sd a1, 560(sp)
mem[0x00000000800083F8] <- 0x0000000000000000
mem[X,0x00000000800009E4] -> 0x0513
mem[X,0x00000000800009E6] -> 0xF7F0
[638] [M]: 0x00000000800009E4 (0xF7F00513) addi a0, zero, 3967
x10 <- 0xFFFFFFFFFFFFFF7F
mem[X,0x00000000800009E8] -> 0x3593
mem[X,0x00000000800009EA] -> 0x0005
[639] [M]: 0x00000000800009E8 (0x00053593) sltiu a1, a0, 0
x11 <- 0x0000000000000000
mem[X,0x00000000800009EC] -> 0x3C23
mem[X,0x00000000800009EE] -> 0x22B1
[640] [M]: 0x00000000800009EC (0x22B13C23) sd a1, 568(sp)
mem[0x0000000080008400] <- 0x0000000000000000
mem[X,0x00000000800009F0] -> 0x0513
mem[X,0x00000000800009F2] -> 0xDFF0
[641] [M]: 0x00000000800009F0 (0xDFF00513) addi a0, zero, 3583
x10 <- 0xFFFFFFFFFFFFFDFF
mem[X,0x00000000800009F4] -> 0x3593
mem[X,0x00000000800009F6] -> 0x0005
[642] [M]: 0x00000000800009F4 (0x00053593) sltiu a1, a0, 0
x11 <- 0x0000000000000000
mem[X,0x00000000800009F8] -> 0x3023
mem[X,0x00000000800009FA] -> 0x24B1
[643] [M]: 0x00000000800009F8 (0x24B13023) sd a1, 576(sp)
mem[0x0000000080008408] <- 0x0000000000000000
mem[X,0x00000000800009FC] -> 0x0513
mem[X,0x00000000800009FE] -> 0xBFF0
[644] [M]: 0x00000000800009FC (0xBFF00513) addi a0, zero, 3071
x10 <- 0xFFFFFFFFFFFFFBFF
mem[X,0x0000000080000A00] -> 0x3593
mem[X,0x0000000080000A02] -> 0xFFB5
[645] [M]: 0x0000000080000A00 (0xFFB53593) sltiu a1, a0, 4091
x11 <- 0x0000000000000001
mem[X,0x0000000080000A04] -> 0x3423
mem[X,0x0000000080000A06] -> 0x24B1
[646] [M]: 0x0000000080000A04 (0x24B13423) sd a1, 584(sp)
mem[0x0000000080008410] <- 0x0000000000000001
mem[X,0x0000000080000A08] -> 0x0513
mem[X,0x0000000080000A0A] -> 0x0010
[647] [M]: 0x0000000080000A08 (0x00100513) addi a0, zero, 1
x10 <- 0x0000000000000001
mem[X,0x0000000080000A0C] -> 0x1513
mem[X,0x0000000080000A0E] -> 0x00C5
[648] [M]: 0x0000000080000A0C (0x00C51513) slli a0, a0, 12
x10 <- 0x0000000000001000
mem[X,0x0000000080000A10] -> 0x4513
mem[X,0x0000000080000A12] -> 0xFFF5
[649] [M]: 0x0000000080000A10 (0xFFF54513) xori a0, a0, 4095
x10 <- 0xFFFFFFFFFFFFEFFF
mem[X,0x0000000080000A14] -> 0x3593
mem[X,0x0000000080000A16] -> 0x0025
[650] [M]: 0x0000000080000A14 (0x00253593) sltiu a1, a0, 2
x11 <- 0x0000000000000000
mem[X,0x0000000080000A18] -> 0x3823
mem[X,0x0000000080000A1A] -> 0x24B1
[651] [M]: 0x0000000080000A18 (0x24B13823) sd a1, 592(sp)
mem[0x0000000080008418] <- 0x0000000000000000
mem[X,0x0000000080000A1C] -> 0x0513
mem[X,0x0000000080000A1E] -> 0x0010
[652] [M]: 0x0000000080000A1C (0x00100513) addi a0, zero, 1
x10 <- 0x0000000000000001
mem[X,0x0000000080000A20] -> 0x1513
mem[X,0x0000000080000A22] -> 0x00F5
[653] [M]: 0x0000000080000A20 (0x00F51513) slli a0, a0, 15
x10 <- 0x0000000000008000
mem[X,0x0000000080000A24] -> 0x4513
mem[X,0x0000000080000A26] -> 0xFFF5
[654] [M]: 0x0000000080000A24 (0xFFF54513) xori a0, a0, 4095
x10 <- 0xFFFFFFFFFFFF7FFF
mem[X,0x0000000080000A28] -> 0x3593
mem[X,0x0000000080000A2A] -> 0x0055
[655] [M]: 0x0000000080000A28 (0x00553593) sltiu a1, a0, 5
x11 <- 0x0000000000000000
mem[X,0x0000000080000A2C] -> 0x3C23
mem[X,0x0000000080000A2E] -> 0x24B1
[656] [M]: 0x0000000080000A2C (0x24B13C23) sd a1, 600(sp)
mem[0x0000000080008420] <- 0x0000000000000000
mem[X,0x0000000080000A30] -> 0x0513
mem[X,0x0000000080000A32] -> 0x0010
[657] [M]: 0x0000000080000A30 (0x00100513) addi a0, zero, 1
x10 <- 0x0000000000000001
mem[X,0x0000000080000A34] -> 0x1513
mem[X,0x0000000080000A36] -> 0x0105
[658] [M]: 0x0000000080000A34 (0x01051513) slli a0, a0, 16
x10 <- 0x0000000000010000
mem[X,0x0000000080000A38] -> 0x4513
mem[X,0x0000000080000A3A] -> 0xFFF5
[659] [M]: 0x0000000080000A38 (0xFFF54513) xori a0, a0, 4095
x10 <- 0xFFFFFFFFFFFEFFFF
mem[X,0x0000000080000A3C] -> 0x3593
mem[X,0x0000000080000A3E] -> 0xFEF5
[660] [M]: 0x0000000080000A3C (0xFEF53593) sltiu a1, a0, 4079
x11 <- 0x0000000000000001
mem[X,0x0000000080000A40] -> 0x3023
mem[X,0x0000000080000A42] -> 0x26B1
[661] [M]: 0x0000000080000A40 (0x26B13023) sd a1, 608(sp)
mem[0x0000000080008428] <- 0x0000000000000001
mem[X,0x0000000080000A44] -> 0x0513
mem[X,0x0000000080000A46] -> 0x0010
[662] [M]: 0x0000000080000A44 (0x00100513) addi a0, zero, 1
x10 <- 0x0000000000000001
mem[X,0x0000000080000A48] -> 0x1513
mem[X,0x0000000080000A4A] -> 0x0115
[663] [M]: 0x0000000080000A48 (0x01151513) slli a0, a0, 17
x10 <- 0x0000000000020000
mem[X,0x0000000080000A4C] -> 0x4513
mem[X,0x0000000080000A4E] -> 0xFFF5
[664] [M]: 0x0000000080000A4C (0xFFF54513) xori a0, a0, 4095
x10 <- 0xFFFFFFFFFFFDFFFF
mem[X,0x0000000080000A50] -> 0x3593
mem[X,0x0000000080000A52] -> 0xF7F5
[665] [M]: 0x0000000080000A50 (0xF7F53593) sltiu a1, a0, 3967
x11 <- 0x0000000000000001
mem[X,0x0000000080000A54] -> 0x3423
mem[X,0x0000000080000A56] -> 0x26B1
[666] [M]: 0x0000000080000A54 (0x26B13423) sd a1, 616(sp)
mem[0x0000000080008430] <- 0x0000000000000001
mem[X,0x0000000080000A58] -> 0x0513
mem[X,0x0000000080000A5A] -> 0x0010
[667] [M]: 0x0000000080000A58 (0x00100513) addi a0, zero, 1
x10 <- 0x0000000000000001
mem[X,0x0000000080000A5C] -> 0x1513
mem[X,0x0000000080000A5E] -> 0x0125
[668] [M]: 0x0000000080000A5C (0x01251513) slli a0, a0, 18
x10 <- 0x0000000000040000
mem[X,0x0000000080000A60] -> 0x4513
mem[X,0x0000000080000A62] -> 0xFFF5
[669] [M]: 0x0000000080000A60 (0xFFF54513) xori a0, a0, 4095
x10 <- 0xFFFFFFFFFFFBFFFF
mem[X,0x0000000080000A64] -> 0x3593
mem[X,0x0000000080000A66] -> 0x0045
[670] [M]: 0x0000000080000A64 (0x00453593) sltiu a1, a0, 4
x11 <- 0x0000000000000000
mem[X,0x0000000080000A68] -> 0x3823
mem[X,0x0000000080000A6A] -> 0x26B1
[671] [M]: 0x0000000080000A68 (0x26B13823) sd a1, 624(sp)
mem[0x0000000080008438] <- 0x0000000000000000
mem[X,0x0000000080000A6C] -> 0x0513
mem[X,0x0000000080000A6E] -> 0x0010
[672] [M]: 0x0000000080000A6C (0x00100513) addi a0, zero, 1
x10 <- 0x0000000000000001
mem[X,0x0000000080000A70] -> 0x1513
mem[X,0x0000000080000A72] -> 0x0135
[673] [M]: 0x0000000080000A70 (0x01351513) slli a0, a0, 19
x10 <- 0x0000000000080000
mem[X,0x0000000080000A74] -> 0x4513
mem[X,0x0000000080000A76] -> 0xFFF5
[674] [M]: 0x0000000080000A74 (0xFFF54513) xori a0, a0, 4095
x10 <- 0xFFFFFFFFFFF7FFFF
mem[X,0x0000000080000A78] -> 0x3593
mem[X,0x0000000080000A7A] -> 0x0055
[675] [M]: 0x0000000080000A78 (0x00553593) sltiu a1, a0, 5
x11 <- 0x0000000000000000
mem[X,0x0000000080000A7C] -> 0x3C23
mem[X,0x0000000080000A7E] -> 0x26B1
[676] [M]: 0x0000000080000A7C (0x26B13C23) sd a1, 632(sp)
mem[0x0000000080008440] <- 0x0000000000000000
mem[X,0x0000000080000A80] -> 0x0513
mem[X,0x0000000080000A82] -> 0x0010
[677] [M]: 0x0000000080000A80 (0x00100513) addi a0, zero, 1
x10 <- 0x0000000000000001
mem[X,0x0000000080000A84] -> 0x1513
mem[X,0x0000000080000A86] -> 0x0155
[678] [M]: 0x0000000080000A84 (0x01551513) slli a0, a0, 21
x10 <- 0x0000000000200000
mem[X,0x0000000080000A88] -> 0x4513
mem[X,0x0000000080000A8A] -> 0xFFF5
[679] [M]: 0x0000000080000A88 (0xFFF54513) xori a0, a0, 4095
x10 <- 0xFFFFFFFFFFDFFFFF
mem[X,0x0000000080000A8C] -> 0x3593
mem[X,0x0000000080000A8E] -> 0x00D5
[680] [M]: 0x0000000080000A8C (0x00D53593) sltiu a1, a0, 13
x11 <- 0x0000000000000000
mem[X,0x0000000080000A90] -> 0x3023
mem[X,0x0000000080000A92] -> 0x28B1
[681] [M]: 0x0000000080000A90 (0x28B13023) sd a1, 640(sp)
mem[0x0000000080008448] <- 0x0000000000000000
mem[X,0x0000000080000A94] -> 0x0513
mem[X,0x0000000080000A96] -> 0x0010
[682] [M]: 0x0000000080000A94 (0x00100513) addi a0, zero, 1
x10 <- 0x0000000000000001
mem[X,0x0000000080000A98] -> 0x1513
mem[X,0x0000000080000A9A] -> 0x0165
[683] [M]: 0x0000000080000A98 (0x01651513) slli a0, a0, 22
x10 <- 0x0000000000400000
mem[X,0x0000000080000A9C] -> 0x4513
mem[X,0x0000000080000A9E] -> 0xFFF5
[684] [M]: 0x0000000080000A9C (0xFFF54513) xori a0, a0, 4095
x10 <- 0xFFFFFFFFFFBFFFFF
mem[X,0x0000000080000AA0] -> 0x3593
mem[X,0x0000000080000AA2] -> 0x03F5
[685] [M]: 0x0000000080000AA0 (0x03F53593) sltiu a1, a0, 63
x11 <- 0x0000000000000000
mem[X,0x0000000080000AA4] -> 0x3423
mem[X,0x0000000080000AA6] -> 0x28B1
[686] [M]: 0x0000000080000AA4 (0x28B13423) sd a1, 648(sp)
mem[0x0000000080008450] <- 0x0000000000000000
mem[X,0x0000000080000AA8] -> 0x0513
mem[X,0x0000000080000AAA] -> 0x0010
[687] [M]: 0x0000000080000AA8 (0x00100513) addi a0, zero, 1
x10 <- 0x0000000000000001
mem[X,0x0000000080000AAC] -> 0x1513
mem[X,0x0000000080000AAE] -> 0x0175
[688] [M]: 0x0000000080000AAC (0x01751513) slli a0, a0, 23
x10 <- 0x0000000000800000
mem[X,0x0000000080000AB0] -> 0x4513
mem[X,0x0000000080000AB2] -> 0xFFF5
[689] [M]: 0x0000000080000AB0 (0xFFF54513) xori a0, a0, 4095
x10 <- 0xFFFFFFFFFF7FFFFF
mem[X,0x0000000080000AB4] -> 0x3593
mem[X,0x0000000080000AB6] -> 0xEFF5
[690] [M]: 0x0000000080000AB4 (0xEFF53593) sltiu a1, a0, 3839
x11 <- 0x0000000000000001
mem[X,0x0000000080000AB8] -> 0x3823
mem[X,0x0000000080000ABA] -> 0x28B1
[691] [M]: 0x0000000080000AB8 (0x28B13823) sd a1, 656(sp)
mem[0x0000000080008458] <- 0x0000000000000001
mem[X,0x0000000080000ABC] -> 0x0513
mem[X,0x0000000080000ABE] -> 0x0010
[692] [M]: 0x0000000080000ABC (0x00100513) addi a0, zero, 1
x10 <- 0x0000000000000001
mem[X,0x0000000080000AC0] -> 0x1513
mem[X,0x0000000080000AC2] -> 0x0185
[693] [M]: 0x0000000080000AC0 (0x01851513) slli a0, a0, 24
x10 <- 0x0000000001000000
mem[X,0x0000000080000AC4] -> 0x4513
mem[X,0x0000000080000AC6] -> 0xFFF5
[694] [M]: 0x0000000080000AC4 (0xFFF54513) xori a0, a0, 4095
x10 <- 0xFFFFFFFFFEFFFFFF
mem[X,0x0000000080000AC8] -> 0x3593
mem[X,0x0000000080000ACA] -> 0x0035
[695] [M]: 0x0000000080000AC8 (0x00353593) sltiu a1, a0, 3
x11 <- 0x0000000000000000
mem[X,0x0000000080000ACC] -> 0x3C23
mem[X,0x0000000080000ACE] -> 0x28B1
[696] [M]: 0x0000000080000ACC (0x28B13C23) sd a1, 664(sp)
mem[0x0000000080008460] <- 0x0000000000000000
mem[X,0x0000000080000AD0] -> 0x0513
mem[X,0x0000000080000AD2] -> 0x0010
[697] [M]: 0x0000000080000AD0 (0x00100513) addi a0, zero, 1
x10 <- 0x0000000000000001
mem[X,0x0000000080000AD4] -> 0x1513
mem[X,0x0000000080000AD6] -> 0x01A5
[698] [M]: 0x0000000080000AD4 (0x01A51513) slli a0, a0, 26
x10 <- 0x0000000004000000
mem[X,0x0000000080000AD8] -> 0x4513
mem[X,0x0000000080000ADA] -> 0xFFF5
[699] [M]: 0x0000000080000AD8 (0xFFF54513) xori a0, a0, 4095
x10 <- 0xFFFFFFFFFBFFFFFF
clint::tick mtime <- 0x0000000000000007
 clint timer pending at mtime 0x0000000000000007
htif::tick 0x0000000000000000
mem[X,0x0000000080000ADC] -> 0x3593
mem[X,0x0000000080000ADE] -> 0x5555
[700] [M]: 0x0000000080000ADC (0x55553593) sltiu a1, a0, 1365
x11 <- 0x0000000000000000
mem[X,0x0000000080000AE0] -> 0x3023
mem[X,0x0000000080000AE2] -> 0x2AB1
[701] [M]: 0x0000000080000AE0 (0x2AB13023) sd a1, 672(sp)
mem[0x0000000080008468] <- 0x0000000000000000
mem[X,0x0000000080000AE4] -> 0x0513
mem[X,0x0000000080000AE6] -> 0x0010
[702] [M]: 0x0000000080000AE4 (0x00100513) addi a0, zero, 1
x10 <- 0x0000000000000001
mem[X,0x0000000080000AE8] -> 0x1513
mem[X,0x0000000080000AEA] -> 0x01B5
[703] [M]: 0x0000000080000AE8 (0x01B51513) slli a0, a0, 27
x10 <- 0x0000000008000000
mem[X,0x0000000080000AEC] -> 0x4513
mem[X,0x0000000080000AEE] -> 0xFFF5
[704] [M]: 0x0000000080000AEC (0xFFF54513) xori a0, a0, 4095
x10 <- 0xFFFFFFFFF7FFFFFF
mem[X,0x0000000080000AF0] -> 0x3593
mem[X,0x0000000080000AF2] -> 0x0015
[705] [M]: 0x0000000080000AF0 (0x00153593) sltiu a1, a0, 1
x11 <- 0x0000000000000000
mem[X,0x0000000080000AF4] -> 0x3423
mem[X,0x0000000080000AF6] -> 0x2AB1
[706] [M]: 0x0000000080000AF4 (0x2AB13423) sd a1, 680(sp)
mem[0x0000000080008470] <- 0x0000000000000000
mem[X,0x0000000080000AF8] -> 0x0513
mem[X,0x0000000080000AFA] -> 0x0010
[707] [M]: 0x0000000080000AF8 (0x00100513) addi a0, zero, 1
x10 <- 0x0000000000000001
mem[X,0x0000000080000AFC] -> 0x1513
mem[X,0x0000000080000AFE] -> 0x01C5
[708] [M]: 0x0000000080000AFC (0x01C51513) slli a0, a0, 28
x10 <- 0x0000000010000000
mem[X,0x0000000080000B00] -> 0x4513
mem[X,0x0000000080000B02] -> 0xFFF5
[709] [M]: 0x0000000080000B00 (0xFFF54513) xori a0, a0, 4095
x10 <- 0xFFFFFFFFEFFFFFFF
mem[X,0x0000000080000B04] -> 0x3593
mem[X,0x0000000080000B06] -> 0x02D5
[710] [M]: 0x0000000080000B04 (0x02D53593) sltiu a1, a0, 45
x11 <- 0x0000000000000000
mem[X,0x0000000080000B08] -> 0x3823
mem[X,0x0000000080000B0A] -> 0x2AB1
[711] [M]: 0x0000000080000B08 (0x2AB13823) sd a1, 688(sp)
mem[0x0000000080008478] <- 0x0000000000000000
mem[X,0x0000000080000B0C] -> 0x0513
mem[X,0x0000000080000B0E] -> 0x0010
[712] [M]: 0x0000000080000B0C (0x00100513) addi a0, zero, 1
x10 <- 0x0000000000000001
mem[X,0x0000000080000B10] -> 0x1513
mem[X,0x0000000080000B12] -> 0x01D5
[713] [M]: 0x0000000080000B10 (0x01D51513) slli a0, a0, 29
x10 <- 0x0000000020000000
mem[X,0x0000000080000B14] -> 0x4513
mem[X,0x0000000080000B16] -> 0xFFF5
[714] [M]: 0x0000000080000B14 (0xFFF54513) xori a0, a0, 4095
x10 <- 0xFFFFFFFFDFFFFFFF
mem[X,0x0000000080000B18] -> 0x3593
mem[X,0x0000000080000B1A] -> 0x0025
[715] [M]: 0x0000000080000B18 (0x00253593) sltiu a1, a0, 2
x11 <- 0x0000000000000000
mem[X,0x0000000080000B1C] -> 0x3C23
mem[X,0x0000000080000B1E] -> 0x2AB1
[716] [M]: 0x0000000080000B1C (0x2AB13C23) sd a1, 696(sp)
mem[0x0000000080008480] <- 0x0000000000000000
mem[X,0x0000000080000B20] -> 0x0513
mem[X,0x0000000080000B22] -> 0x0010
[717] [M]: 0x0000000080000B20 (0x00100513) addi a0, zero, 1
x10 <- 0x0000000000000001
mem[X,0x0000000080000B24] -> 0x1513
mem[X,0x0000000080000B26] -> 0x01E5
[718] [M]: 0x0000000080000B24 (0x01E51513) slli a0, a0, 30
x10 <- 0x0000000040000000
mem[X,0x0000000080000B28] -> 0x4513
mem[X,0x0000000080000B2A] -> 0xFFF5
[719] [M]: 0x0000000080000B28 (0xFFF54513) xori a0, a0, 4095
x10 <- 0xFFFFFFFFBFFFFFFF
mem[X,0x0000000080000B2C] -> 0x3593
mem[X,0x0000000080000B2E] -> 0x0075
[720] [M]: 0x0000000080000B2C (0x00753593) sltiu a1, a0, 7
x11 <- 0x0000000000000000
mem[X,0x0000000080000B30] -> 0x3023
mem[X,0x0000000080000B32] -> 0x2CB1
[721] [M]: 0x0000000080000B30 (0x2CB13023) sd a1, 704(sp)
mem[0x0000000080008488] <- 0x0000000000000000
mem[X,0x0000000080000B34] -> 0x0513
mem[X,0x0000000080000B36] -> 0x0010
[722] [M]: 0x0000000080000B34 (0x00100513) addi a0, zero, 1
x10 <- 0x0000000000000001
mem[X,0x0000000080000B38] -> 0x1513
mem[X,0x0000000080000B3A] -> 0x01F5
[723] [M]: 0x0000000080000B38 (0x01F51513) slli a0, a0, 31
x10 <- 0x0000000080000000
mem[X,0x0000000080000B3C] -> 0x4513
mem[X,0x0000000080000B3E] -> 0xFFF5
[724] [M]: 0x0000000080000B3C (0xFFF54513) xori a0, a0, 4095
x10 <- 0xFFFFFFFF7FFFFFFF
mem[X,0x0000000080000B40] -> 0x3593
mem[X,0x0000000080000B42] -> 0x02D5
[725] [M]: 0x0000000080000B40 (0x02D53593) sltiu a1, a0, 45
x11 <- 0x0000000000000000
mem[X,0x0000000080000B44] -> 0x3423
mem[X,0x0000000080000B46] -> 0x2CB1
[726] [M]: 0x0000000080000B44 (0x2CB13423) sd a1, 712(sp)
mem[0x0000000080008490] <- 0x0000000000000000
mem[X,0x0000000080000B48] -> 0x0513
mem[X,0x0000000080000B4A] -> 0x0010
[727] [M]: 0x0000000080000B48 (0x00100513) addi a0, zero, 1
x10 <- 0x0000000000000001
mem[X,0x0000000080000B4C] -> 0x1513
mem[X,0x0000000080000B4E] -> 0x0205
[728] [M]: 0x0000000080000B4C (0x02051513) slli a0, a0, 32
x10 <- 0x0000000100000000
mem[X,0x0000000080000B50] -> 0x4513
mem[X,0x0000000080000B52] -> 0xFFF5
[729] [M]: 0x0000000080000B50 (0xFFF54513) xori a0, a0, 4095
x10 <- 0xFFFFFFFEFFFFFFFF
mem[X,0x0000000080000B54] -> 0x3593
mem[X,0x0000000080000B56] -> 0x0805
[730] [M]: 0x0000000080000B54 (0x08053593) sltiu a1, a0, 128
x11 <- 0x0000000000000000
mem[X,0x0000000080000B58] -> 0x3823
mem[X,0x0000000080000B5A] -> 0x2CB1
[731] [M]: 0x0000000080000B58 (0x2CB13823) sd a1, 720(sp)
mem[0x0000000080008498] <- 0x0000000000000000
mem[X,0x0000000080000B5C] -> 0x0513
mem[X,0x0000000080000B5E] -> 0x0010
[732] [M]: 0x0000000080000B5C (0x00100513) addi a0, zero, 1
x10 <- 0x0000000000000001
mem[X,0x0000000080000B60] -> 0x1513
mem[X,0x0000000080000B62] -> 0x0215
[733] [M]: 0x0000000080000B60 (0x02151513) slli a0, a0, 33
x10 <- 0x0000000200000000
mem[X,0x0000000080000B64] -> 0x4513
mem[X,0x0000000080000B66] -> 0xFFF5
[734] [M]: 0x0000000080000B64 (0xFFF54513) xori a0, a0, 4095
x10 <- 0xFFFFFFFDFFFFFFFF
mem[X,0x0000000080000B68] -> 0x3593
mem[X,0x0000000080000B6A] -> 0xAA95
[735] [M]: 0x0000000080000B68 (0xAA953593) sltiu a1, a0, 2729
x11 <- 0x0000000000000001
mem[X,0x0000000080000B6C] -> 0x3C23
mem[X,0x0000000080000B6E] -> 0x2CB1
[736] [M]: 0x0000000080000B6C (0x2CB13C23) sd a1, 728(sp)
mem[0x00000000800084A0] <- 0x0000000000000001
mem[X,0x0000000080000B70] -> 0x0513
mem[X,0x0000000080000B72] -> 0x0010
[737] [M]: 0x0000000080000B70 (0x00100513) addi a0, zero, 1
x10 <- 0x0000000000000001
mem[X,0x0000000080000B74] -> 0x1513
mem[X,0x0000000080000B76] -> 0x0225
[738] [M]: 0x0000000080000B74 (0x02251513) slli a0, a0, 34
x10 <- 0x0000000400000000
mem[X,0x0000000080000B78] -> 0x4513
mem[X,0x0000000080000B7A] -> 0xFFF5
[739] [M]: 0x0000000080000B78 (0xFFF54513) xori a0, a0, 4095
x10 <- 0xFFFFFFFBFFFFFFFF
mem[X,0x0000000080000B7C] -> 0x3593
mem[X,0x0000000080000B7E] -> 0x02C5
[740] [M]: 0x0000000080000B7C (0x02C53593) sltiu a1, a0, 44
x11 <- 0x0000000000000000
mem[X,0x0000000080000B80] -> 0x3023
mem[X,0x0000000080000B82] -> 0x2EB1
[741] [M]: 0x0000000080000B80 (0x2EB13023) sd a1, 736(sp)
mem[0x00000000800084A8] <- 0x0000000000000000
mem[X,0x0000000080000B84] -> 0x0513
mem[X,0x0000000080000B86] -> 0x0010
[742] [M]: 0x0000000080000B84 (0x00100513) addi a0, zero, 1
x10 <- 0x0000000000000001
mem[X,0x0000000080000B88] -> 0x1513
mem[X,0x0000000080000B8A] -> 0x0235
[743] [M]: 0x0000000080000B88 (0x02351513) slli a0, a0, 35
x10 <- 0x0000000800000000
mem[X,0x0000000080000B8C] -> 0x4513
mem[X,0x0000000080000B8E] -> 0xFFF5
[744] [M]: 0x0000000080000B8C (0xFFF54513) xori a0, a0, 4095
x10 <- 0xFFFFFFF7FFFFFFFF
mem[X,0x0000000080000B90] -> 0x3593
mem[X,0x0000000080000B92] -> 0x0405
[745] [M]: 0x0000000080000B90 (0x04053593) sltiu a1, a0, 64
x11 <- 0x0000000000000000
mem[X,0x0000000080000B94] -> 0x3423
mem[X,0x0000000080000B96] -> 0x2EB1
[746] [M]: 0x0000000080000B94 (0x2EB13423) sd a1, 744(sp)
mem[0x00000000800084B0] <- 0x0000000000000000
mem[X,0x0000000080000B98] -> 0x0513
mem[X,0x0000000080000B9A] -> 0x0010
[747] [M]: 0x0000000080000B98 (0x00100513) addi a0, zero, 1
x10 <- 0x0000000000000001
mem[X,0x0000000080000B9C] -> 0x1513
mem[X,0x0000000080000B9E] -> 0x0245
[748] [M]: 0x0000000080000B9C (0x02451513) slli a0, a0, 36
x10 <- 0x0000001000000000
mem[X,0x0000000080000BA0] -> 0x4513
mem[X,0x0000000080000BA2] -> 0xFFF5
[749] [M]: 0x0000000080000BA0 (0xFFF54513) xori a0, a0, 4095
x10 <- 0xFFFFFFEFFFFFFFFF
mem[X,0x0000000080000BA4] -> 0x3593
mem[X,0x0000000080000BA6] -> 0x0405
[750] [M]: 0x0000000080000BA4 (0x04053593) sltiu a1, a0, 64
x11 <- 0x0000000000000000
mem[X,0x0000000080000BA8] -> 0x3823
mem[X,0x0000000080000BAA] -> 0x2EB1
[751] [M]: 0x0000000080000BA8 (0x2EB13823) sd a1, 752(sp)
mem[0x00000000800084B8] <- 0x0000000000000000
mem[X,0x0000000080000BAC] -> 0x0513
mem[X,0x0000000080000BAE] -> 0x0010
[752] [M]: 0x0000000080000BAC (0x00100513) addi a0, zero, 1
x10 <- 0x0000000000000001
mem[X,0x0000000080000BB0] -> 0x1513
mem[X,0x0000000080000BB2] -> 0x0255
[753] [M]: 0x0000000080000BB0 (0x02551513) slli a0, a0, 37
x10 <- 0x0000002000000000
mem[X,0x0000000080000BB4] -> 0x4513
mem[X,0x0000000080000BB6] -> 0xFFF5
[754] [M]: 0x0000000080000BB4 (0xFFF54513) xori a0, a0, 4095
x10 <- 0xFFFFFFDFFFFFFFFF
mem[X,0x0000000080000BB8] -> 0x3593
mem[X,0x0000000080000BBA] -> 0x0005
[755] [M]: 0x0000000080000BB8 (0x00053593) sltiu a1, a0, 0
x11 <- 0x0000000000000000
mem[X,0x0000000080000BBC] -> 0x3C23
mem[X,0x0000000080000BBE] -> 0x2EB1
[756] [M]: 0x0000000080000BBC (0x2EB13C23) sd a1, 760(sp)
mem[0x00000000800084C0] <- 0x0000000000000000
mem[X,0x0000000080000BC0] -> 0x0513
mem[X,0x0000000080000BC2] -> 0x0010
[757] [M]: 0x0000000080000BC0 (0x00100513) addi a0, zero, 1
x10 <- 0x0000000000000001
mem[X,0x0000000080000BC4] -> 0x1513
mem[X,0x0000000080000BC6] -> 0x0265
[758] [M]: 0x0000000080000BC4 (0x02651513) slli a0, a0, 38
x10 <- 0x0000004000000000
mem[X,0x0000000080000BC8] -> 0x4513
mem[X,0x0000000080000BCA] -> 0xFFF5
[759] [M]: 0x0000000080000BC8 (0xFFF54513) xori a0, a0, 4095
x10 <- 0xFFFFFFBFFFFFFFFF
mem[X,0x0000000080000BCC] -> 0x3593
mem[X,0x0000000080000BCE] -> 0x0025
[760] [M]: 0x0000000080000BCC (0x00253593) sltiu a1, a0, 2
x11 <- 0x0000000000000000
mem[X,0x0000000080000BD0] -> 0x3023
mem[X,0x0000000080000BD2] -> 0x30B1
[761] [M]: 0x0000000080000BD0 (0x30B13023) sd a1, 768(sp)
mem[0x00000000800084C8] <- 0x0000000000000000
mem[X,0x0000000080000BD4] -> 0x0513
mem[X,0x0000000080000BD6] -> 0x0010
[762] [M]: 0x0000000080000BD4 (0x00100513) addi a0, zero, 1
x10 <- 0x0000000000000001
mem[X,0x0000000080000BD8] -> 0x1513
mem[X,0x0000000080000BDA] -> 0x0285
[763] [M]: 0x0000000080000BD8 (0x02851513) slli a0, a0, 40
x10 <- 0x0000010000000000
mem[X,0x0000000080000BDC] -> 0x4513
mem[X,0x0000000080000BDE] -> 0xFFF5
[764] [M]: 0x0000000080000BDC (0xFFF54513) xori a0, a0, 4095
x10 <- 0xFFFFFEFFFFFFFFFF
mem[X,0x0000000080000BE0] -> 0x3593
mem[X,0x0000000080000BE2] -> 0x0045
[765] [M]: 0x0000000080000BE0 (0x00453593) sltiu a1, a0, 4
x11 <- 0x0000000000000000
mem[X,0x0000000080000BE4] -> 0x3423
mem[X,0x0000000080000BE6] -> 0x30B1
[766] [M]: 0x0000000080000BE4 (0x30B13423) sd a1, 776(sp)
mem[0x00000000800084D0] <- 0x0000000000000000
mem[X,0x0000000080000BE8] -> 0x0513
mem[X,0x0000000080000BEA] -> 0x0010
[767] [M]: 0x0000000080000BE8 (0x00100513) addi a0, zero, 1
x10 <- 0x0000000000000001
mem[X,0x0000000080000BEC] -> 0x1513
mem[X,0x0000000080000BEE] -> 0x0295
[768] [M]: 0x0000000080000BEC (0x02951513) slli a0, a0, 41
x10 <- 0x0000020000000000
mem[X,0x0000000080000BF0] -> 0x4513
mem[X,0x0000000080000BF2] -> 0xFFF5
[769] [M]: 0x0000000080000BF0 (0xFFF54513) xori a0, a0, 4095
x10 <- 0xFFFFFDFFFFFFFFFF
mem[X,0x0000000080000BF4] -> 0x3593
mem[X,0x0000000080000BF6] -> 0x03F5
[770] [M]: 0x0000000080000BF4 (0x03F53593) sltiu a1, a0, 63
x11 <- 0x0000000000000000
mem[X,0x0000000080000BF8] -> 0x3823
mem[X,0x0000000080000BFA] -> 0x30B1
[771] [M]: 0x0000000080000BF8 (0x30B13823) sd a1, 784(sp)
mem[0x00000000800084D8] <- 0x0000000000000000
mem[X,0x0000000080000BFC] -> 0x0513
mem[X,0x0000000080000BFE] -> 0x0010
[772] [M]: 0x0000000080000BFC (0x00100513) addi a0, zero, 1
x10 <- 0x0000000000000001
mem[X,0x0000000080000C00] -> 0x1513
mem[X,0x0000000080000C02] -> 0x02A5
[773] [M]: 0x0000000080000C00 (0x02A51513) slli a0, a0, 42
x10 <- 0x0000040000000000
mem[X,0x0000000080000C04] -> 0x4513
mem[X,0x0000000080000C06] -> 0xFFF5
[774] [M]: 0x0000000080000C04 (0xFFF54513) xori a0, a0, 4095
x10 <- 0xFFFFFBFFFFFFFFFF
mem[X,0x0000000080000C08] -> 0x3593
mem[X,0x0000000080000C0A] -> 0x00C5
[775] [M]: 0x0000000080000C08 (0x00C53593) sltiu a1, a0, 12
x11 <- 0x0000000000000000
mem[X,0x0000000080000C0C] -> 0x3C23
mem[X,0x0000000080000C0E] -> 0x30B1
[776] [M]: 0x0000000080000C0C (0x30B13C23) sd a1, 792(sp)
mem[0x00000000800084E0] <- 0x0000000000000000
mem[X,0x0000000080000C10] -> 0x0513
mem[X,0x0000000080000C12] -> 0x0010
[777] [M]: 0x0000000080000C10 (0x00100513) addi a0, zero, 1
x10 <- 0x0000000000000001
mem[X,0x0000000080000C14] -> 0x1513
mem[X,0x0000000080000C16] -> 0x02C5
[778] [M]: 0x0000000080000C14 (0x02C51513) slli a0, a0, 44
x10 <- 0x0000100000000000
mem[X,0x0000000080000C18] -> 0x4513
mem[X,0x0000000080000C1A] -> 0xFFF5
[779] [M]: 0x0000000080000C18 (0xFFF54513) xori a0, a0, 4095
x10 <- 0xFFFFEFFFFFFFFFFF
mem[X,0x0000000080000C1C] -> 0x3593
mem[X,0x0000000080000C1E] -> 0x0205
[780] [M]: 0x0000000080000C1C (0x02053593) sltiu a1, a0, 32
x11 <- 0x0000000000000000
mem[X,0x0000000080000C20] -> 0x3023
mem[X,0x0000000080000C22] -> 0x32B1
[781] [M]: 0x0000000080000C20 (0x32B13023) sd a1, 800(sp)
mem[0x00000000800084E8] <- 0x0000000000000000
mem[X,0x0000000080000C24] -> 0x0513
mem[X,0x0000000080000C26] -> 0x0010
[782] [M]: 0x0000000080000C24 (0x00100513) addi a0, zero, 1
x10 <- 0x0000000000000001
mem[X,0x0000000080000C28] -> 0x1513
mem[X,0x0000000080000C2A] -> 0x02D5
[783] [M]: 0x0000000080000C28 (0x02D51513) slli a0, a0, 45
x10 <- 0x0000200000000000
mem[X,0x0000000080000C2C] -> 0x4513
mem[X,0x0000000080000C2E] -> 0xFFF5
[784] [M]: 0x0000000080000C2C (0xFFF54513) xori a0, a0, 4095
x10 <- 0xFFFFDFFFFFFFFFFF
mem[X,0x0000000080000C30] -> 0x3593
mem[X,0x0000000080000C32] -> 0xFDF5
[785] [M]: 0x0000000080000C30 (0xFDF53593) sltiu a1, a0, 4063
x11 <- 0x0000000000000001
mem[X,0x0000000080000C34] -> 0x3423
mem[X,0x0000000080000C36] -> 0x32B1
[786] [M]: 0x0000000080000C34 (0x32B13423) sd a1, 808(sp)
mem[0x00000000800084F0] <- 0x0000000000000001
mem[X,0x0000000080000C38] -> 0x0513
mem[X,0x0000000080000C3A] -> 0x0010
[787] [M]: 0x0000000080000C38 (0x00100513) addi a0, zero, 1
x10 <- 0x0000000000000001
mem[X,0x0000000080000C3C] -> 0x1513
mem[X,0x0000000080000C3E] -> 0x02E5
[788] [M]: 0x0000000080000C3C (0x02E51513) slli a0, a0, 46
x10 <- 0x0000400000000000
mem[X,0x0000000080000C40] -> 0x4513
mem[X,0x0000000080000C42] -> 0xFFF5
[789] [M]: 0x0000000080000C40 (0xFFF54513) xori a0, a0, 4095
x10 <- 0xFFFFBFFFFFFFFFFF
mem[X,0x0000000080000C44] -> 0x3593
mem[X,0x0000000080000C46] -> 0x0025
[790] [M]: 0x0000000080000C44 (0x00253593) sltiu a1, a0, 2
x11 <- 0x0000000000000000
mem[X,0x0000000080000C48] -> 0x3823
mem[X,0x0000000080000C4A] -> 0x32B1
[791] [M]: 0x0000000080000C48 (0x32B13823) sd a1, 816(sp)
mem[0x00000000800084F8] <- 0x0000000000000000
mem[X,0x0000000080000C4C] -> 0x0513
mem[X,0x0000000080000C4E] -> 0x0010
[792] [M]: 0x0000000080000C4C (0x00100513) addi a0, zero, 1
x10 <- 0x0000000000000001
mem[X,0x0000000080000C50] -> 0x1513
mem[X,0x0000000080000C52] -> 0x02F5
[793] [M]: 0x0000000080000C50 (0x02F51513) slli a0, a0, 47
x10 <- 0x0000800000000000
mem[X,0x0000000080000C54] -> 0x4513
mem[X,0x0000000080000C56] -> 0xFFF5
[794] [M]: 0x0000000080000C54 (0xFFF54513) xori a0, a0, 4095
x10 <- 0xFFFF7FFFFFFFFFFF
mem[X,0x0000000080000C58] -> 0x3593
mem[X,0x0000000080000C5A] -> 0x8005
[795] [M]: 0x0000000080000C58 (0x80053593) sltiu a1, a0, 2048
x11 <- 0x0000000000000001
mem[X,0x0000000080000C5C] -> 0x3C23
mem[X,0x0000000080000C5E] -> 0x32B1
[796] [M]: 0x0000000080000C5C (0x32B13C23) sd a1, 824(sp)
mem[0x0000000080008500] <- 0x0000000000000001
mem[X,0x0000000080000C60] -> 0x0513
mem[X,0x0000000080000C62] -> 0x0010
[797] [M]: 0x0000000080000C60 (0x00100513) addi a0, zero, 1
x10 <- 0x0000000000000001
mem[X,0x0000000080000C64] -> 0x1513
mem[X,0x0000000080000C66] -> 0x0305
[798] [M]: 0x0000000080000C64 (0x03051513) slli a0, a0, 48
x10 <- 0x0001000000000000
mem[X,0x0000000080000C68] -> 0x4513
mem[X,0x0000000080000C6A] -> 0xFFF5
[799] [M]: 0x0000000080000C68 (0xFFF54513) xori a0, a0, 4095
x10 <- 0xFFFEFFFFFFFFFFFF
clint::tick mtime <- 0x0000000000000008
 clint timer pending at mtime 0x0000000000000008
htif::tick 0x0000000000000000
mem[X,0x0000000080000C6C] -> 0x3593
mem[X,0x0000000080000C6E] -> 0x0125
[800] [M]: 0x0000000080000C6C (0x01253593) sltiu a1, a0, 18
x11 <- 0x0000000000000000
mem[X,0x0000000080000C70] -> 0x3023
mem[X,0x0000000080000C72] -> 0x34B1
[801] [M]: 0x0000000080000C70 (0x34B13023) sd a1, 832(sp)
mem[0x0000000080008508] <- 0x0000000000000000
mem[X,0x0000000080000C74] -> 0x0513
mem[X,0x0000000080000C76] -> 0x0010
[802] [M]: 0x0000000080000C74 (0x00100513) addi a0, zero, 1
x10 <- 0x0000000000000001
mem[X,0x0000000080000C78] -> 0x1513
mem[X,0x0000000080000C7A] -> 0x0315
[803] [M]: 0x0000000080000C78 (0x03151513) slli a0, a0, 49
x10 <- 0x0002000000000000
mem[X,0x0000000080000C7C] -> 0x4513
mem[X,0x0000000080000C7E] -> 0xFFF5
[804] [M]: 0x0000000080000C7C (0xFFF54513) xori a0, a0, 4095
x10 <- 0xFFFDFFFFFFFFFFFF
mem[X,0x0000000080000C80] -> 0x3593
mem[X,0x0000000080000C82] -> 0x0125
[805] [M]: 0x0000000080000C80 (0x01253593) sltiu a1, a0, 18
x11 <- 0x0000000000000000
mem[X,0x0000000080000C84] -> 0x3423
mem[X,0x0000000080000C86] -> 0x34B1
[806] [M]: 0x0000000080000C84 (0x34B13423) sd a1, 840(sp)
mem[0x0000000080008510] <- 0x0000000000000000
mem[X,0x0000000080000C88] -> 0x0513
mem[X,0x0000000080000C8A] -> 0x0010
[807] [M]: 0x0000000080000C88 (0x00100513) addi a0, zero, 1
x10 <- 0x0000000000000001
mem[X,0x0000000080000C8C] -> 0x1513
mem[X,0x0000000080000C8E] -> 0x0325
[808] [M]: 0x0000000080000C8C (0x03251513) slli a0, a0, 50
x10 <- 0x0004000000000000
mem[X,0x0000000080000C90] -> 0x4513
mem[X,0x0000000080000C92] -> 0xFFF5
[809] [M]: 0x0000000080000C90 (0xFFF54513) xori a0, a0, 4095
x10 <- 0xFFFBFFFFFFFFFFFF
mem[X,0x0000000080000C94] -> 0x3593
mem[X,0x0000000080000C96] -> 0xFDF5
[810] [M]: 0x0000000080000C94 (0xFDF53593) sltiu a1, a0, 4063
x11 <- 0x0000000000000001
mem[X,0x0000000080000C98] -> 0x3823
mem[X,0x0000000080000C9A] -> 0x34B1
[811] [M]: 0x0000000080000C98 (0x34B13823) sd a1, 848(sp)
mem[0x0000000080008518] <- 0x0000000000000001
mem[X,0x0000000080000C9C] -> 0x0513
mem[X,0x0000000080000C9E] -> 0x0010
[812] [M]: 0x0000000080000C9C (0x00100513) addi a0, zero, 1
x10 <- 0x0000000000000001
mem[X,0x0000000080000CA0] -> 0x1513
mem[X,0x0000000080000CA2] -> 0x0345
[813] [M]: 0x0000000080000CA0 (0x03451513) slli a0, a0, 52
x10 <- 0x0010000000000000
mem[X,0x0000000080000CA4] -> 0x4513
mem[X,0x0000000080000CA6] -> 0xFFF5
[814] [M]: 0x0000000080000CA4 (0xFFF54513) xori a0, a0, 4095
x10 <- 0xFFEFFFFFFFFFFFFF
mem[X,0x0000000080000CA8] -> 0x3593
mem[X,0x0000000080000CAA] -> 0x3335
[815] [M]: 0x0000000080000CA8 (0x33353593) sltiu a1, a0, 819
x11 <- 0x0000000000000000
mem[X,0x0000000080000CAC] -> 0x3C23
mem[X,0x0000000080000CAE] -> 0x34B1
[816] [M]: 0x0000000080000CAC (0x34B13C23) sd a1, 856(sp)
mem[0x0000000080008520] <- 0x0000000000000000
mem[X,0x0000000080000CB0] -> 0x0513
mem[X,0x0000000080000CB2] -> 0x0010
[817] [M]: 0x0000000080000CB0 (0x00100513) addi a0, zero, 1
x10 <- 0x0000000000000001
mem[X,0x0000000080000CB4] -> 0x1513
mem[X,0x0000000080000CB6] -> 0x0355
[818] [M]: 0x0000000080000CB4 (0x03551513) slli a0, a0, 53
x10 <- 0x0020000000000000
mem[X,0x0000000080000CB8] -> 0x4513
mem[X,0x0000000080000CBA] -> 0xFFF5
[819] [M]: 0x0000000080000CB8 (0xFFF54513) xori a0, a0, 4095
x10 <- 0xFFDFFFFFFFFFFFFF
mem[X,0x0000000080000CBC] -> 0x3593
mem[X,0x0000000080000CBE] -> 0x0045
[820] [M]: 0x0000000080000CBC (0x00453593) sltiu a1, a0, 4
x11 <- 0x0000000000000000
mem[X,0x0000000080000CC0] -> 0x3023
mem[X,0x0000000080000CC2] -> 0x36B1
[821] [M]: 0x0000000080000CC0 (0x36B13023) sd a1, 864(sp)
mem[0x0000000080008528] <- 0x0000000000000000
mem[X,0x0000000080000CC4] -> 0x0513
mem[X,0x0000000080000CC6] -> 0x0010
[822] [M]: 0x0000000080000CC4 (0x00100513) addi a0, zero, 1
x10 <- 0x0000000000000001
mem[X,0x0000000080000CC8] -> 0x1513
mem[X,0x0000000080000CCA] -> 0x0365
[823] [M]: 0x0000000080000CC8 (0x03651513) slli a0, a0, 54
x10 <- 0x0040000000000000
mem[X,0x0000000080000CCC] -> 0x4513
mem[X,0x0000000080000CCE] -> 0xFFF5
[824] [M]: 0x0000000080000CCC (0xFFF54513) xori a0, a0, 4095
x10 <- 0xFFBFFFFFFFFFFFFF
mem[X,0x0000000080000CD0] -> 0x3593
mem[X,0x0000000080000CD2] -> 0xFFF5
[825] [M]: 0x0000000080000CD0 (0xFFF53593) sltiu a1, a0, 4095
x11 <- 0x0000000000000001
mem[X,0x0000000080000CD4] -> 0x3423
mem[X,0x0000000080000CD6] -> 0x36B1
[826] [M]: 0x0000000080000CD4 (0x36B13423) sd a1, 872(sp)
mem[0x0000000080008530] <- 0x0000000000000001
mem[X,0x0000000080000CD8] -> 0x0513
mem[X,0x0000000080000CDA] -> 0x0010
[827] [M]: 0x0000000080000CD8 (0x00100513) addi a0, zero, 1
x10 <- 0x0000000000000001
mem[X,0x0000000080000CDC] -> 0x1513
mem[X,0x0000000080000CDE] -> 0x0375
[828] [M]: 0x0000000080000CDC (0x03751513) slli a0, a0, 55
x10 <- 0x0080000000000000
mem[X,0x0000000080000CE0] -> 0x4513
mem[X,0x0000000080000CE2] -> 0xFFF5
[829] [M]: 0x0000000080000CE0 (0xFFF54513) xori a0, a0, 4095
x10 <- 0xFF7FFFFFFFFFFFFF
mem[X,0x0000000080000CE4] -> 0x3593
mem[X,0x0000000080000CE6] -> 0x02C5
[830] [M]: 0x0000000080000CE4 (0x02C53593) sltiu a1, a0, 44
x11 <- 0x0000000000000000
mem[X,0x0000000080000CE8] -> 0x3823
mem[X,0x0000000080000CEA] -> 0x36B1
[831] [M]: 0x0000000080000CE8 (0x36B13823) sd a1, 880(sp)
mem[0x0000000080008538] <- 0x0000000000000000
mem[X,0x0000000080000CEC] -> 0x0513
mem[X,0x0000000080000CEE] -> 0x0010
[832] [M]: 0x0000000080000CEC (0x00100513) addi a0, zero, 1
x10 <- 0x0000000000000001
mem[X,0x0000000080000CF0] -> 0x1513
mem[X,0x0000000080000CF2] -> 0x0385
[833] [M]: 0x0000000080000CF0 (0x03851513) slli a0, a0, 56
x10 <- 0x0100000000000000
mem[X,0x0000000080000CF4] -> 0x4513
mem[X,0x0000000080000CF6] -> 0xFFF5
[834] [M]: 0x0000000080000CF4 (0xFFF54513) xori a0, a0, 4095
x10 <- 0xFEFFFFFFFFFFFFFF
mem[X,0x0000000080000CF8] -> 0x3593
mem[X,0x0000000080000CFA] -> 0x0065
[835] [M]: 0x0000000080000CF8 (0x00653593) sltiu a1, a0, 6
x11 <- 0x0000000000000000
mem[X,0x0000000080000CFC] -> 0x3C23
mem[X,0x0000000080000CFE] -> 0x36B1
[836] [M]: 0x0000000080000CFC (0x36B13C23) sd a1, 888(sp)
mem[0x0000000080008540] <- 0x0000000000000000
mem[X,0x0000000080000D00] -> 0x0513
mem[X,0x0000000080000D02] -> 0x0010
[837] [M]: 0x0000000080000D00 (0x00100513) addi a0, zero, 1
x10 <- 0x0000000000000001
mem[X,0x0000000080000D04] -> 0x1513
mem[X,0x0000000080000D06] -> 0x0395
[838] [M]: 0x0000000080000D04 (0x03951513) slli a0, a0, 57
x10 <- 0x0200000000000000
mem[X,0x0000000080000D08] -> 0x4513
mem[X,0x0000000080000D0A] -> 0xFFF5
[839] [M]: 0x0000000080000D08 (0xFFF54513) xori a0, a0, 4095
x10 <- 0xFDFFFFFFFFFFFFFF
mem[X,0x0000000080000D0C] -> 0x3593
mem[X,0x0000000080000D0E] -> 0x5555
[840] [M]: 0x0000000080000D0C (0x55553593) sltiu a1, a0, 1365
x11 <- 0x0000000000000000
mem[X,0x0000000080000D10] -> 0x3023
mem[X,0x0000000080000D12] -> 0x38B1
[841] [M]: 0x0000000080000D10 (0x38B13023) sd a1, 896(sp)
mem[0x0000000080008548] <- 0x0000000000000000
mem[X,0x0000000080000D14] -> 0x0513
mem[X,0x0000000080000D16] -> 0x0010
[842] [M]: 0x0000000080000D14 (0x00100513) addi a0, zero, 1
x10 <- 0x0000000000000001
mem[X,0x0000000080000D18] -> 0x1513
mem[X,0x0000000080000D1A] -> 0x03A5
[843] [M]: 0x0000000080000D18 (0x03A51513) slli a0, a0, 58
x10 <- 0x0400000000000000
mem[X,0x0000000080000D1C] -> 0x4513
mem[X,0x0000000080000D1E] -> 0xFFF5
[844] [M]: 0x0000000080000D1C (0xFFF54513) xori a0, a0, 4095
x10 <- 0xFBFFFFFFFFFFFFFF
mem[X,0x0000000080000D20] -> 0x3593
mem[X,0x0000000080000D22] -> 0xEFF5
[845] [M]: 0x0000000080000D20 (0xEFF53593) sltiu a1, a0, 3839
x11 <- 0x0000000000000001
mem[X,0x0000000080000D24] -> 0x3423
mem[X,0x0000000080000D26] -> 0x38B1
[846] [M]: 0x0000000080000D24 (0x38B13423) sd a1, 904(sp)
mem[0x0000000080008550] <- 0x0000000000000001
mem[X,0x0000000080000D28] -> 0x0513
mem[X,0x0000000080000D2A] -> 0x0010
[847] [M]: 0x0000000080000D28 (0x00100513) addi a0, zero, 1
x10 <- 0x0000000000000001
mem[X,0x0000000080000D2C] -> 0x1513
mem[X,0x0000000080000D2E] -> 0x03B5
[848] [M]: 0x0000000080000D2C (0x03B51513) slli a0, a0, 59
x10 <- 0x0800000000000000
mem[X,0x0000000080000D30] -> 0x4513
mem[X,0x0000000080000D32] -> 0xFFF5
[849] [M]: 0x0000000080000D30 (0xFFF54513) xori a0, a0, 4095
x10 <- 0xF7FFFFFFFFFFFFFF
mem[X,0x0000000080000D34] -> 0x3593
mem[X,0x0000000080000D36] -> 0x3325
[850] [M]: 0x0000000080000D34 (0x33253593) sltiu a1, a0, 818
x11 <- 0x0000000000000000
mem[X,0x0000000080000D38] -> 0x3823
mem[X,0x0000000080000D3A] -> 0x38B1
[851] [M]: 0x0000000080000D38 (0x38B13823) sd a1, 912(sp)
mem[0x0000000080008558] <- 0x0000000000000000
mem[X,0x0000000080000D3C] -> 0x0513
mem[X,0x0000000080000D3E] -> 0x0010
[852] [M]: 0x0000000080000D3C (0x00100513) addi a0, zero, 1
x10 <- 0x0000000000000001
mem[X,0x0000000080000D40] -> 0x1513
mem[X,0x0000000080000D42] -> 0x03C5
[853] [M]: 0x0000000080000D40 (0x03C51513) slli a0, a0, 60
x10 <- 0x1000000000000000
mem[X,0x0000000080000D44] -> 0x4513
mem[X,0x0000000080000D46] -> 0xFFF5
[854] [M]: 0x0000000080000D44 (0xFFF54513) xori a0, a0, 4095
x10 <- 0xEFFFFFFFFFFFFFFF
mem[X,0x0000000080000D48] -> 0x3593
mem[X,0x0000000080000D4A] -> 0x0125
[855] [M]: 0x0000000080000D48 (0x01253593) sltiu a1, a0, 18
x11 <- 0x0000000000000000
mem[X,0x0000000080000D4C] -> 0x3C23
mem[X,0x0000000080000D4E] -> 0x38B1
[856] [M]: 0x0000000080000D4C (0x38B13C23) sd a1, 920(sp)
mem[0x0000000080008560] <- 0x0000000000000000
mem[X,0x0000000080000D50] -> 0x0513
mem[X,0x0000000080000D52] -> 0x0010
[857] [M]: 0x0000000080000D50 (0x00100513) addi a0, zero, 1
x10 <- 0x0000000000000001
mem[X,0x0000000080000D54] -> 0x1513
mem[X,0x0000000080000D56] -> 0x03D5
[858] [M]: 0x0000000080000D54 (0x03D51513) slli a0, a0, 61
x10 <- 0x2000000000000000
mem[X,0x0000000080000D58] -> 0x4513
mem[X,0x0000000080000D5A] -> 0xFFF5
[859] [M]: 0x0000000080000D58 (0xFFF54513) xori a0, a0, 4095
x10 <- 0xDFFFFFFFFFFFFFFF
mem[X,0x0000000080000D5C] -> 0x3593
mem[X,0x0000000080000D5E] -> 0x3335
[860] [M]: 0x0000000080000D5C (0x33353593) sltiu a1, a0, 819
x11 <- 0x0000000000000000
mem[X,0x0000000080000D60] -> 0x3023
mem[X,0x0000000080000D62] -> 0x3AB1
[861] [M]: 0x0000000080000D60 (0x3AB13023) sd a1, 928(sp)
mem[0x0000000080008568] <- 0x0000000000000000
mem[X,0x0000000080000D64] -> 0x0513
mem[X,0x0000000080000D66] -> 0xFFF0
[862] [M]: 0x0000000080000D64 (0xFFF00513) addi a0, zero, 4095
x10 <- 0xFFFFFFFFFFFFFFFF
mem[X,0x0000000080000D68] -> 0x5513
mem[X,0x0000000080000D6A] -> 0x0015
[863] [M]: 0x0000000080000D68 (0x00155513) srli a0, a0, 1
x10 <- 0x7FFFFFFFFFFFFFFF
mem[X,0x0000000080000D6C] -> 0x3593
mem[X,0x0000000080000D6E] -> 0x00E5
[864] [M]: 0x0000000080000D6C (0x00E53593) sltiu a1, a0, 14
x11 <- 0x0000000000000000
mem[X,0x0000000080000D70] -> 0x3423
mem[X,0x0000000080000D72] -> 0x3AB1
[865] [M]: 0x0000000080000D70 (0x3AB13423) sd a1, 936(sp)
mem[0x0000000080008570] <- 0x0000000000000000
mem[X,0x0000000080000D74] -> 0x5537
mem[X,0x0000000080000D76] -> 0x5555
[866] [M]: 0x0000000080000D74 (0x55555537) lui a0, 349525
x10 <- 0x0000000055555000
mem[X,0x0000000080000D78] -> 0x0513
mem[X,0x0000000080000D7A] -> 0x5555
[867] [M]: 0x0000000080000D78 (0x55550513) addi a0, a0, 1365
x10 <- 0x0000000055555555
mem[X,0x0000000080000D7C] -> 0x1513
mem[X,0x0000000080000D7E] -> 0x00B5
[868] [M]: 0x0000000080000D7C (0x00B51513) slli a0, a0, 11
x10 <- 0x000002AAAAAAA800
mem[X,0x0000000080000D80] -> 0x0513
mem[X,0x0000000080000D82] -> 0x2AA5
[869] [M]: 0x0000000080000D80 (0x2AA50513) addi a0, a0, 682
x10 <- 0x000002AAAAAAAAAA
mem[X,0x0000000080000D84] -> 0x1513
mem[X,0x0000000080000D86] -> 0x00B5
[870] [M]: 0x0000000080000D84 (0x00B51513) slli a0, a0, 11
x10 <- 0x0015555555555000
mem[X,0x0000000080000D88] -> 0x0513
mem[X,0x0000000080000D8A] -> 0x5555
[871] [M]: 0x0000000080000D88 (0x55550513) addi a0, a0, 1365
x10 <- 0x0015555555555555
mem[X,0x0000000080000D8C] -> 0x1513
mem[X,0x0000000080000D8E] -> 0x00A5
[872] [M]: 0x0000000080000D8C (0x00A51513) slli a0, a0, 10
x10 <- 0x5555555555555400
mem[X,0x0000000080000D90] -> 0x0513
mem[X,0x0000000080000D92] -> 0x1555
[873] [M]: 0x0000000080000D90 (0x15550513) addi a0, a0, 341
x10 <- 0x5555555555555555
mem[X,0x0000000080000D94] -> 0x3593
mem[X,0x0000000080000D96] -> 0x0035
[874] [M]: 0x0000000080000D94 (0x00353593) sltiu a1, a0, 3
x11 <- 0x0000000000000000
mem[X,0x0000000080000D98] -> 0x3823
mem[X,0x0000000080000D9A] -> 0x3AB1
[875] [M]: 0x0000000080000D98 (0x3AB13823) sd a1, 944(sp)
mem[0x0000000080008578] <- 0x0000000000000000
mem[X,0x0000000080000D9C] -> 0x0513
mem[X,0x0000000080000D9E] -> 0x0030
[876] [M]: 0x0000000080000D9C (0x00300513) addi a0, zero, 3
x10 <- 0x0000000000000003
mem[X,0x0000000080000DA0] -> 0x3593
mem[X,0x0000000080000DA2] -> 0x0035
[877] [M]: 0x0000000080000DA0 (0x00353593) sltiu a1, a0, 3
x11 <- 0x0000000000000000
mem[X,0x0000000080000DA4] -> 0x3C23
mem[X,0x0000000080000DA6] -> 0x3AB1
[878] [M]: 0x0000000080000DA4 (0x3AB13C23) sd a1, 952(sp)
mem[0x0000000080008580] <- 0x0000000000000000
mem[X,0x0000000080000DA8] -> 0x0513
mem[X,0x0000000080000DAA] -> 0x0030
[879] [M]: 0x0000000080000DA8 (0x00300513) addi a0, zero, 3
x10 <- 0x0000000000000003
mem[X,0x0000000080000DAC] -> 0x3593
mem[X,0x0000000080000DAE] -> 0x5555
[880] [M]: 0x0000000080000DAC (0x55553593) sltiu a1, a0, 1365
x11 <- 0x0000000000000001
mem[X,0x0000000080000DB0] -> 0x3023
mem[X,0x0000000080000DB2] -> 0x3CB1
[881] [M]: 0x0000000080000DB0 (0x3CB13023) sd a1, 960(sp)
mem[0x0000000080008588] <- 0x0000000000000001
mem[X,0x0000000080000DB4] -> 0x0513
mem[X,0x0000000080000DB6] -> 0x0030
[882] [M]: 0x0000000080000DB4 (0x00300513) addi a0, zero, 3
x10 <- 0x0000000000000003
mem[X,0x0000000080000DB8] -> 0x3593
mem[X,0x0000000080000DBA] -> 0xAAA5
[883] [M]: 0x0000000080000DB8 (0xAAA53593) sltiu a1, a0, 2730
x11 <- 0x0000000000000001
mem[X,0x0000000080000DBC] -> 0x3423
mem[X,0x0000000080000DBE] -> 0x3CB1
[884] [M]: 0x0000000080000DBC (0x3CB13423) sd a1, 968(sp)
mem[0x0000000080008590] <- 0x0000000000000001
mem[X,0x0000000080000DC0] -> 0x0513
mem[X,0x0000000080000DC2] -> 0x0030
[885] [M]: 0x0000000080000DC0 (0x00300513) addi a0, zero, 3
x10 <- 0x0000000000000003
mem[X,0x0000000080000DC4] -> 0x3593
mem[X,0x0000000080000DC6] -> 0x0055
[886] [M]: 0x0000000080000DC4 (0x00553593) sltiu a1, a0, 5
x11 <- 0x0000000000000001
mem[X,0x0000000080000DC8] -> 0x3823
mem[X,0x0000000080000DCA] -> 0x3CB1
[887] [M]: 0x0000000080000DC8 (0x3CB13823) sd a1, 976(sp)
mem[0x0000000080008598] <- 0x0000000000000001
mem[X,0x0000000080000DCC] -> 0x0513
mem[X,0x0000000080000DCE] -> 0x0030
[888] [M]: 0x0000000080000DCC (0x00300513) addi a0, zero, 3
x10 <- 0x0000000000000003
mem[X,0x0000000080000DD0] -> 0x3593
mem[X,0x0000000080000DD2] -> 0x3335
[889] [M]: 0x0000000080000DD0 (0x33353593) sltiu a1, a0, 819
x11 <- 0x0000000000000001
mem[X,0x0000000080000DD4] -> 0x3C23
mem[X,0x0000000080000DD6] -> 0x3CB1
[890] [M]: 0x0000000080000DD4 (0x3CB13C23) sd a1, 984(sp)
mem[0x00000000800085A0] <- 0x0000000000000001
mem[X,0x0000000080000DD8] -> 0x0513
mem[X,0x0000000080000DDA] -> 0x0030
[891] [M]: 0x0000000080000DD8 (0x00300513) addi a0, zero, 3
x10 <- 0x0000000000000003
mem[X,0x0000000080000DDC] -> 0x3593
mem[X,0x0000000080000DDE] -> 0x6665
[892] [M]: 0x0000000080000DDC (0x66653593) sltiu a1, a0, 1638
x11 <- 0x0000000000000001
mem[X,0x0000000080000DE0] -> 0x3023
mem[X,0x0000000080000DE2] -> 0x3EB1
[893] [M]: 0x0000000080000DE0 (0x3EB13023) sd a1, 992(sp)
mem[0x00000000800085A8] <- 0x0000000000000001
mem[X,0x0000000080000DE4] -> 0x0513
mem[X,0x0000000080000DE6] -> 0x0030
[894] [M]: 0x0000000080000DE4 (0x00300513) addi a0, zero, 3
x10 <- 0x0000000000000003
mem[X,0x0000000080000DE8] -> 0x3593
mem[X,0x0000000080000DEA] -> 0x02D5
[895] [M]: 0x0000000080000DE8 (0x02D53593) sltiu a1, a0, 45
x11 <- 0x0000000000000001
mem[X,0x0000000080000DEC] -> 0x3423
mem[X,0x0000000080000DEE] -> 0x3EB1
[896] [M]: 0x0000000080000DEC (0x3EB13423) sd a1, 1000(sp)
mem[0x00000000800085B0] <- 0x0000000000000001
mem[X,0x0000000080000DF0] -> 0x0513
mem[X,0x0000000080000DF2] -> 0x0030
[897] [M]: 0x0000000080000DF0 (0x00300513) addi a0, zero, 3
x10 <- 0x0000000000000003
mem[X,0x0000000080000DF4] -> 0x3593
mem[X,0x0000000080000DF6] -> 0x0005
[898] [M]: 0x0000000080000DF4 (0x00053593) sltiu a1, a0, 0
x11 <- 0x0000000000000000
mem[X,0x0000000080000DF8] -> 0x3823
mem[X,0x0000000080000DFA] -> 0x3EB1
[899] [M]: 0x0000000080000DF8 (0x3EB13823) sd a1, 1008(sp)
mem[0x00000000800085B8] <- 0x0000000000000000
clint::tick mtime <- 0x0000000000000009
 clint timer pending at mtime 0x0000000000000009
htif::tick 0x0000000000000000
mem[X,0x0000000080000DFC] -> 0x0513
mem[X,0x0000000080000DFE] -> 0x0030
[900] [M]: 0x0000000080000DFC (0x00300513) addi a0, zero, 3
x10 <- 0x0000000000000003
mem[X,0x0000000080000E00] -> 0x3593
mem[X,0x0000000080000E02] -> 0x03F5
[901] [M]: 0x0000000080000E00 (0x03F53593) sltiu a1, a0, 63
x11 <- 0x0000000000000001
mem[X,0x0000000080000E04] -> 0x3C23
mem[X,0x0000000080000E06] -> 0x3EB1
[902] [M]: 0x0000000080000E04 (0x3EB13C23) sd a1, 1016(sp)
mem[0x00000000800085C0] <- 0x0000000000000001
mem[X,0x0000000080000E08] -> 0x0513
mem[X,0x0000000080000E0A] -> 0x0030
[903] [M]: 0x0000000080000E08 (0x00300513) addi a0, zero, 3
x10 <- 0x0000000000000003
mem[X,0x0000000080000E0C] -> 0x3593
mem[X,0x0000000080000E0E] -> 0x0025
[904] [M]: 0x0000000080000E0C (0x00253593) sltiu a1, a0, 2
x11 <- 0x0000000000000000
mem[X,0x0000000080000E10] -> 0x3023
mem[X,0x0000000080000E12] -> 0x40B1
[905] [M]: 0x0000000080000E10 (0x40B13023) sd a1, 1024(sp)
mem[0x00000000800085C8] <- 0x0000000000000000
mem[X,0x0000000080000E14] -> 0x0513
mem[X,0x0000000080000E16] -> 0x0030
[906] [M]: 0x0000000080000E14 (0x00300513) addi a0, zero, 3
x10 <- 0x0000000000000003
mem[X,0x0000000080000E18] -> 0x3593
mem[X,0x0000000080000E1A] -> 0x5545
[907] [M]: 0x0000000080000E18 (0x55453593) sltiu a1, a0, 1364
x11 <- 0x0000000000000001
mem[X,0x0000000080000E1C] -> 0x3423
mem[X,0x0000000080000E1E] -> 0x40B1
[908] [M]: 0x0000000080000E1C (0x40B13423) sd a1, 1032(sp)
mem[0x00000000800085D0] <- 0x0000000000000001
mem[X,0x0000000080000E20] -> 0x0513
mem[X,0x0000000080000E22] -> 0x0030
[909] [M]: 0x0000000080000E20 (0x00300513) addi a0, zero, 3
x10 <- 0x0000000000000003
mem[X,0x0000000080000E24] -> 0x3593
mem[X,0x0000000080000E26] -> 0xAA95
[910] [M]: 0x0000000080000E24 (0xAA953593) sltiu a1, a0, 2729
x11 <- 0x0000000000000001
mem[X,0x0000000080000E28] -> 0x3823
mem[X,0x0000000080000E2A] -> 0x40B1
[911] [M]: 0x0000000080000E28 (0x40B13823) sd a1, 1040(sp)
mem[0x00000000800085D8] <- 0x0000000000000001
mem[X,0x0000000080000E2C] -> 0x0513
mem[X,0x0000000080000E2E] -> 0x0030
[912] [M]: 0x0000000080000E2C (0x00300513) addi a0, zero, 3
x10 <- 0x0000000000000003
mem[X,0x0000000080000E30] -> 0x3593
mem[X,0x0000000080000E32] -> 0x0045
[913] [M]: 0x0000000080000E30 (0x00453593) sltiu a1, a0, 4
x11 <- 0x0000000000000001
mem[X,0x0000000080000E34] -> 0x3C23
mem[X,0x0000000080000E36] -> 0x40B1
[914] [M]: 0x0000000080000E34 (0x40B13C23) sd a1, 1048(sp)
mem[0x00000000800085E0] <- 0x0000000000000001
mem[X,0x0000000080000E38] -> 0x0513
mem[X,0x0000000080000E3A] -> 0x0030
[915] [M]: 0x0000000080000E38 (0x00300513) addi a0, zero, 3
x10 <- 0x0000000000000003
mem[X,0x0000000080000E3C] -> 0x3593
mem[X,0x0000000080000E3E] -> 0x3325
[916] [M]: 0x0000000080000E3C (0x33253593) sltiu a1, a0, 818
x11 <- 0x0000000000000001
mem[X,0x0000000080000E40] -> 0x3023
mem[X,0x0000000080000E42] -> 0x42B1
[917] [M]: 0x0000000080000E40 (0x42B13023) sd a1, 1056(sp)
mem[0x00000000800085E8] <- 0x0000000000000001
mem[X,0x0000000080000E44] -> 0x0513
mem[X,0x0000000080000E46] -> 0x0030
[918] [M]: 0x0000000080000E44 (0x00300513) addi a0, zero, 3
x10 <- 0x0000000000000003
mem[X,0x0000000080000E48] -> 0x3593
mem[X,0x0000000080000E4A] -> 0x6655
[919] [M]: 0x0000000080000E48 (0x66553593) sltiu a1, a0, 1637
x11 <- 0x0000000000000001
mem[X,0x0000000080000E4C] -> 0x3423
mem[X,0x0000000080000E4E] -> 0x42B1
[920] [M]: 0x0000000080000E4C (0x42B13423) sd a1, 1064(sp)
mem[0x00000000800085F0] <- 0x0000000000000001
mem[X,0x0000000080000E50] -> 0x0513
mem[X,0x0000000080000E52] -> 0x0030
[921] [M]: 0x0000000080000E50 (0x00300513) addi a0, zero, 3
x10 <- 0x0000000000000003
mem[X,0x0000000080000E54] -> 0x3593
mem[X,0x0000000080000E56] -> 0x02C5
[922] [M]: 0x0000000080000E54 (0x02C53593) sltiu a1, a0, 44
x11 <- 0x0000000000000001
mem[X,0x0000000080000E58] -> 0x3823
mem[X,0x0000000080000E5A] -> 0x42B1
[923] [M]: 0x0000000080000E58 (0x42B13823) sd a1, 1072(sp)
mem[0x00000000800085F8] <- 0x0000000000000001
mem[X,0x0000000080000E5C] -> 0x0513
mem[X,0x0000000080000E5E] -> 0x0030
[924] [M]: 0x0000000080000E5C (0x00300513) addi a0, zero, 3
x10 <- 0x0000000000000003
mem[X,0x0000000080000E60] -> 0x3593
mem[X,0x0000000080000E62] -> 0x03E5
[925] [M]: 0x0000000080000E60 (0x03E53593) sltiu a1, a0, 62
x11 <- 0x0000000000000001
mem[X,0x0000000080000E64] -> 0x3C23
mem[X,0x0000000080000E66] -> 0x42B1
[926] [M]: 0x0000000080000E64 (0x42B13C23) sd a1, 1080(sp)
mem[0x0000000080008600] <- 0x0000000000000001
mem[X,0x0000000080000E68] -> 0x0513
mem[X,0x0000000080000E6A] -> 0x0030
[927] [M]: 0x0000000080000E68 (0x00300513) addi a0, zero, 3
x10 <- 0x0000000000000003
mem[X,0x0000000080000E6C] -> 0x3593
mem[X,0x0000000080000E6E] -> 0x5565
[928] [M]: 0x0000000080000E6C (0x55653593) sltiu a1, a0, 1366
x11 <- 0x0000000000000001
mem[X,0x0000000080000E70] -> 0x3023
mem[X,0x0000000080000E72] -> 0x44B1
[929] [M]: 0x0000000080000E70 (0x44B13023) sd a1, 1088(sp)
mem[0x0000000080008608] <- 0x0000000000000001
mem[X,0x0000000080000E74] -> 0x0513
mem[X,0x0000000080000E76] -> 0x0030
[930] [M]: 0x0000000080000E74 (0x00300513) addi a0, zero, 3
x10 <- 0x0000000000000003
mem[X,0x0000000080000E78] -> 0x3593
mem[X,0x0000000080000E7A] -> 0xAAB5
[931] [M]: 0x0000000080000E78 (0xAAB53593) sltiu a1, a0, 2731
x11 <- 0x0000000000000001
mem[X,0x0000000080000E7C] -> 0x3423
mem[X,0x0000000080000E7E] -> 0x44B1
[932] [M]: 0x0000000080000E7C (0x44B13423) sd a1, 1096(sp)
mem[0x0000000080008610] <- 0x0000000000000001
mem[X,0x0000000080000E80] -> 0x0513
mem[X,0x0000000080000E82] -> 0x0030
[933] [M]: 0x0000000080000E80 (0x00300513) addi a0, zero, 3
x10 <- 0x0000000000000003
mem[X,0x0000000080000E84] -> 0x3593
mem[X,0x0000000080000E86] -> 0x0065
[934] [M]: 0x0000000080000E84 (0x00653593) sltiu a1, a0, 6
x11 <- 0x0000000000000001
mem[X,0x0000000080000E88] -> 0x3823
mem[X,0x0000000080000E8A] -> 0x44B1
[935] [M]: 0x0000000080000E88 (0x44B13823) sd a1, 1104(sp)
mem[0x0000000080008618] <- 0x0000000000000001
mem[X,0x0000000080000E8C] -> 0x0513
mem[X,0x0000000080000E8E] -> 0x0030
[936] [M]: 0x0000000080000E8C (0x00300513) addi a0, zero, 3
x10 <- 0x0000000000000003
mem[X,0x0000000080000E90] -> 0x3593
mem[X,0x0000000080000E92] -> 0x3345
[937] [M]: 0x0000000080000E90 (0x33453593) sltiu a1, a0, 820
x11 <- 0x0000000000000001
mem[X,0x0000000080000E94] -> 0x3C23
mem[X,0x0000000080000E96] -> 0x44B1
[938] [M]: 0x0000000080000E94 (0x44B13C23) sd a1, 1112(sp)
mem[0x0000000080008620] <- 0x0000000000000001
mem[X,0x0000000080000E98] -> 0x0513
mem[X,0x0000000080000E9A] -> 0x0030
[939] [M]: 0x0000000080000E98 (0x00300513) addi a0, zero, 3
x10 <- 0x0000000000000003
mem[X,0x0000000080000E9C] -> 0x3593
mem[X,0x0000000080000E9E] -> 0x6675
[940] [M]: 0x0000000080000E9C (0x66753593) sltiu a1, a0, 1639
x11 <- 0x0000000000000001
mem[X,0x0000000080000EA0] -> 0x3023
mem[X,0x0000000080000EA2] -> 0x46B1
[941] [M]: 0x0000000080000EA0 (0x46B13023) sd a1, 1120(sp)
mem[0x0000000080008628] <- 0x0000000000000001
mem[X,0x0000000080000EA4] -> 0x0513
mem[X,0x0000000080000EA6] -> 0x0030
[942] [M]: 0x0000000080000EA4 (0x00300513) addi a0, zero, 3
x10 <- 0x0000000000000003
mem[X,0x0000000080000EA8] -> 0x3593
mem[X,0x0000000080000EAA] -> 0x02E5
[943] [M]: 0x0000000080000EA8 (0x02E53593) sltiu a1, a0, 46
x11 <- 0x0000000000000001
mem[X,0x0000000080000EAC] -> 0x3423
mem[X,0x0000000080000EAE] -> 0x46B1
[944] [M]: 0x0000000080000EAC (0x46B13423) sd a1, 1128(sp)
mem[0x0000000080008630] <- 0x0000000000000001
mem[X,0x0000000080000EB0] -> 0x0513
mem[X,0x0000000080000EB2] -> 0x0030
[945] [M]: 0x0000000080000EB0 (0x00300513) addi a0, zero, 3
x10 <- 0x0000000000000003
mem[X,0x0000000080000EB4] -> 0x3593
mem[X,0x0000000080000EB6] -> 0x0015
[946] [M]: 0x0000000080000EB4 (0x00153593) sltiu a1, a0, 1
x11 <- 0x0000000000000000
mem[X,0x0000000080000EB8] -> 0x3823
mem[X,0x0000000080000EBA] -> 0x46B1
[947] [M]: 0x0000000080000EB8 (0x46B13823) sd a1, 1136(sp)
mem[0x0000000080008638] <- 0x0000000000000000
mem[X,0x0000000080000EBC] -> 0x0513
mem[X,0x0000000080000EBE] -> 0x0030
[948] [M]: 0x0000000080000EBC (0x00300513) addi a0, zero, 3
x10 <- 0x0000000000000003
mem[X,0x0000000080000EC0] -> 0x3593
mem[X,0x0000000080000EC2] -> 0x0405
[949] [M]: 0x0000000080000EC0 (0x04053593) sltiu a1, a0, 64
x11 <- 0x0000000000000001
mem[X,0x0000000080000EC4] -> 0x3C23
mem[X,0x0000000080000EC6] -> 0x46B1
[950] [M]: 0x0000000080000EC4 (0x46B13C23) sd a1, 1144(sp)
mem[0x0000000080008640] <- 0x0000000000000001
mem[X,0x0000000080000EC8] -> 0x5537
mem[X,0x0000000080000ECA] -> 0x5555
[951] [M]: 0x0000000080000EC8 (0x55555537) lui a0, 349525
x10 <- 0x0000000055555000
mem[X,0x0000000080000ECC] -> 0x0513
mem[X,0x0000000080000ECE] -> 0x5555
[952] [M]: 0x0000000080000ECC (0x55550513) addi a0, a0, 1365
x10 <- 0x0000000055555555
mem[X,0x0000000080000ED0] -> 0x1513
mem[X,0x0000000080000ED2] -> 0x00B5
[953] [M]: 0x0000000080000ED0 (0x00B51513) slli a0, a0, 11
x10 <- 0x000002AAAAAAA800
mem[X,0x0000000080000ED4] -> 0x0513
mem[X,0x0000000080000ED6] -> 0x2AA5
[954] [M]: 0x0000000080000ED4 (0x2AA50513) addi a0, a0, 682
x10 <- 0x000002AAAAAAAAAA
mem[X,0x0000000080000ED8] -> 0x1513
mem[X,0x0000000080000EDA] -> 0x00B5
[955] [M]: 0x0000000080000ED8 (0x00B51513) slli a0, a0, 11
x10 <- 0x0015555555555000
mem[X,0x0000000080000EDC] -> 0x0513
mem[X,0x0000000080000EDE] -> 0x5555
[956] [M]: 0x0000000080000EDC (0x55550513) addi a0, a0, 1365
x10 <- 0x0015555555555555
mem[X,0x0000000080000EE0] -> 0x1513
mem[X,0x0000000080000EE2] -> 0x00A5
[957] [M]: 0x0000000080000EE0 (0x00A51513) slli a0, a0, 10
x10 <- 0x5555555555555400
mem[X,0x0000000080000EE4] -> 0x0513
mem[X,0x0000000080000EE6] -> 0x1555
[958] [M]: 0x0000000080000EE4 (0x15550513) addi a0, a0, 341
x10 <- 0x5555555555555555
mem[X,0x0000000080000EE8] -> 0x3593
mem[X,0x0000000080000EEA] -> 0x5555
[959] [M]: 0x0000000080000EE8 (0x55553593) sltiu a1, a0, 1365
x11 <- 0x0000000000000000
mem[X,0x0000000080000EEC] -> 0x3023
mem[X,0x0000000080000EEE] -> 0x48B1
[960] [M]: 0x0000000080000EEC (0x48B13023) sd a1, 1152(sp)
mem[0x0000000080008648] <- 0x0000000000000000
mem[X,0x0000000080000EF0] -> 0x5537
mem[X,0x0000000080000EF2] -> 0x5555
[961] [M]: 0x0000000080000EF0 (0x55555537) lui a0, 349525
x10 <- 0x0000000055555000
mem[X,0x0000000080000EF4] -> 0x0513
mem[X,0x0000000080000EF6] -> 0x5555
[962] [M]: 0x0000000080000EF4 (0x55550513) addi a0, a0, 1365
x10 <- 0x0000000055555555
mem[X,0x0000000080000EF8] -> 0x1513
mem[X,0x0000000080000EFA] -> 0x00B5
[963] [M]: 0x0000000080000EF8 (0x00B51513) slli a0, a0, 11
x10 <- 0x000002AAAAAAA800
mem[X,0x0000000080000EFC] -> 0x0513
mem[X,0x0000000080000EFE] -> 0x2AA5
[964] [M]: 0x0000000080000EFC (0x2AA50513) addi a0, a0, 682
x10 <- 0x000002AAAAAAAAAA
mem[X,0x0000000080000F00] -> 0x1513
mem[X,0x0000000080000F02] -> 0x00B5
[965] [M]: 0x0000000080000F00 (0x00B51513) slli a0, a0, 11
x10 <- 0x0015555555555000
mem[X,0x0000000080000F04] -> 0x0513
mem[X,0x0000000080000F06] -> 0x5555
[966] [M]: 0x0000000080000F04 (0x55550513) addi a0, a0, 1365
x10 <- 0x0015555555555555
mem[X,0x0000000080000F08] -> 0x1513
mem[X,0x0000000080000F0A] -> 0x00A5
[967] [M]: 0x0000000080000F08 (0x00A51513) slli a0, a0, 10
x10 <- 0x5555555555555400
mem[X,0x0000000080000F0C] -> 0x0513
mem[X,0x0000000080000F0E] -> 0x1555
[968] [M]: 0x0000000080000F0C (0x15550513) addi a0, a0, 341
x10 <- 0x5555555555555555
mem[X,0x0000000080000F10] -> 0x3593
mem[X,0x0000000080000F12] -> 0xAAA5
[969] [M]: 0x0000000080000F10 (0xAAA53593) sltiu a1, a0, 2730
x11 <- 0x0000000000000001
mem[X,0x0000000080000F14] -> 0x3423
mem[X,0x0000000080000F16] -> 0x48B1
[970] [M]: 0x0000000080000F14 (0x48B13423) sd a1, 1160(sp)
mem[0x0000000080008650] <- 0x0000000000000001
mem[X,0x0000000080000F18] -> 0x5537
mem[X,0x0000000080000F1A] -> 0x5555
[971] [M]: 0x0000000080000F18 (0x55555537) lui a0, 349525
x10 <- 0x0000000055555000
mem[X,0x0000000080000F1C] -> 0x0513
mem[X,0x0000000080000F1E] -> 0x5555
[972] [M]: 0x0000000080000F1C (0x55550513) addi a0, a0, 1365
x10 <- 0x0000000055555555
mem[X,0x0000000080000F20] -> 0x1513
mem[X,0x0000000080000F22] -> 0x00B5
[973] [M]: 0x0000000080000F20 (0x00B51513) slli a0, a0, 11
x10 <- 0x000002AAAAAAA800
mem[X,0x0000000080000F24] -> 0x0513
mem[X,0x0000000080000F26] -> 0x2AA5
[974] [M]: 0x0000000080000F24 (0x2AA50513) addi a0, a0, 682
x10 <- 0x000002AAAAAAAAAA
mem[X,0x0000000080000F28] -> 0x1513
mem[X,0x0000000080000F2A] -> 0x00B5
[975] [M]: 0x0000000080000F28 (0x00B51513) slli a0, a0, 11
x10 <- 0x0015555555555000
mem[X,0x0000000080000F2C] -> 0x0513
mem[X,0x0000000080000F2E] -> 0x5555
[976] [M]: 0x0000000080000F2C (0x55550513) addi a0, a0, 1365
x10 <- 0x0015555555555555
mem[X,0x0000000080000F30] -> 0x1513
mem[X,0x0000000080000F32] -> 0x00A5
[977] [M]: 0x0000000080000F30 (0x00A51513) slli a0, a0, 10
x10 <- 0x5555555555555400
mem[X,0x0000000080000F34] -> 0x0513
mem[X,0x0000000080000F36] -> 0x1555
[978] [M]: 0x0000000080000F34 (0x15550513) addi a0, a0, 341
x10 <- 0x5555555555555555
mem[X,0x0000000080000F38] -> 0x3593
mem[X,0x0000000080000F3A] -> 0x0055
[979] [M]: 0x0000000080000F38 (0x00553593) sltiu a1, a0, 5
x11 <- 0x0000000000000000
mem[X,0x0000000080000F3C] -> 0x3823
mem[X,0x0000000080000F3E] -> 0x48B1
[980] [M]: 0x0000000080000F3C (0x48B13823) sd a1, 1168(sp)
mem[0x0000000080008658] <- 0x0000000000000000
mem[X,0x0000000080000F40] -> 0x5537
mem[X,0x0000000080000F42] -> 0x5555
[981] [M]: 0x0000000080000F40 (0x55555537) lui a0, 349525
x10 <- 0x0000000055555000
mem[X,0x0000000080000F44] -> 0x0513
mem[X,0x0000000080000F46] -> 0x5555
[982] [M]: 0x0000000080000F44 (0x55550513) addi a0, a0, 1365
x10 <- 0x0000000055555555
mem[X,0x0000000080000F48] -> 0x1513
mem[X,0x0000000080000F4A] -> 0x00B5
[983] [M]: 0x0000000080000F48 (0x00B51513) slli a0, a0, 11
x10 <- 0x000002AAAAAAA800
mem[X,0x0000000080000F4C] -> 0x0513
mem[X,0x0000000080000F4E] -> 0x2AA5
[984] [M]: 0x0000000080000F4C (0x2AA50513) addi a0, a0, 682
x10 <- 0x000002AAAAAAAAAA
mem[X,0x0000000080000F50] -> 0x1513
mem[X,0x0000000080000F52] -> 0x00B5
[985] [M]: 0x0000000080000F50 (0x00B51513) slli a0, a0, 11
x10 <- 0x0015555555555000
mem[X,0x0000000080000F54] -> 0x0513
mem[X,0x0000000080000F56] -> 0x5555
[986] [M]: 0x0000000080000F54 (0x55550513) addi a0, a0, 1365
x10 <- 0x0015555555555555
mem[X,0x0000000080000F58] -> 0x1513
mem[X,0x0000000080000F5A] -> 0x00A5
[987] [M]: 0x0000000080000F58 (0x00A51513) slli a0, a0, 10
x10 <- 0x5555555555555400
mem[X,0x0000000080000F5C] -> 0x0513
mem[X,0x0000000080000F5E] -> 0x1555
[988] [M]: 0x0000000080000F5C (0x15550513) addi a0, a0, 341
x10 <- 0x5555555555555555
mem[X,0x0000000080000F60] -> 0x3593
mem[X,0x0000000080000F62] -> 0x3335
[989] [M]: 0x0000000080000F60 (0x33353593) sltiu a1, a0, 819
x11 <- 0x0000000000000000
mem[X,0x0000000080000F64] -> 0x3C23
mem[X,0x0000000080000F66] -> 0x48B1
[990] [M]: 0x0000000080000F64 (0x48B13C23) sd a1, 1176(sp)
mem[0x0000000080008660] <- 0x0000000000000000
mem[X,0x0000000080000F68] -> 0x5537
mem[X,0x0000000080000F6A] -> 0x5555
[991] [M]: 0x0000000080000F68 (0x55555537) lui a0, 349525
x10 <- 0x0000000055555000
mem[X,0x0000000080000F6C] -> 0x0513
mem[X,0x0000000080000F6E] -> 0x5555
[992] [M]: 0x0000000080000F6C (0x55550513) addi a0, a0, 1365
x10 <- 0x0000000055555555
mem[X,0x0000000080000F70] -> 0x1513
mem[X,0x0000000080000F72] -> 0x00B5
[993] [M]: 0x0000000080000F70 (0x00B51513) slli a0, a0, 11
x10 <- 0x000002AAAAAAA800
mem[X,0x0000000080000F74] -> 0x0513
mem[X,0x0000000080000F76] -> 0x2AA5
[994] [M]: 0x0000000080000F74 (0x2AA50513) addi a0, a0, 682
x10 <- 0x000002AAAAAAAAAA
mem[X,0x0000000080000F78] -> 0x1513
mem[X,0x0000000080000F7A] -> 0x00B5
[995] [M]: 0x0000000080000F78 (0x00B51513) slli a0, a0, 11
x10 <- 0x0015555555555000
mem[X,0x0000000080000F7C] -> 0x0513
mem[X,0x0000000080000F7E] -> 0x5555
[996] [M]: 0x0000000080000F7C (0x55550513) addi a0, a0, 1365
x10 <- 0x0015555555555555
mem[X,0x0000000080000F80] -> 0x1513
mem[X,0x0000000080000F82] -> 0x00A5
[997] [M]: 0x0000000080000F80 (0x00A51513) slli a0, a0, 10
x10 <- 0x5555555555555400
mem[X,0x0000000080000F84] -> 0x0513
mem[X,0x0000000080000F86] -> 0x1555
[998] [M]: 0x0000000080000F84 (0x15550513) addi a0, a0, 341
x10 <- 0x5555555555555555
mem[X,0x0000000080000F88] -> 0x3593
mem[X,0x0000000080000F8A] -> 0x6665
[999] [M]: 0x0000000080000F88 (0x66653593) sltiu a1, a0, 1638
x11 <- 0x0000000000000000
clint::tick mtime <- 0x000000000000000A
 clint timer pending at mtime 0x000000000000000A
htif::tick 0x0000000000000000
mem[X,0x0000000080000F8C] -> 0x3023
mem[X,0x0000000080000F8E] -> 0x4AB1
[1000] [M]: 0x0000000080000F8C (0x4AB13023) sd a1, 1184(sp)
mem[0x0000000080008668] <- 0x0000000000000000
mem[X,0x0000000080000F90] -> 0x5537
mem[X,0x0000000080000F92] -> 0x5555
[1001] [M]: 0x0000000080000F90 (0x55555537) lui a0, 349525
x10 <- 0x0000000055555000
mem[X,0x0000000080000F94] -> 0x0513
mem[X,0x0000000080000F96] -> 0x5555
[1002] [M]: 0x0000000080000F94 (0x55550513) addi a0, a0, 1365
x10 <- 0x0000000055555555
mem[X,0x0000000080000F98] -> 0x1513
mem[X,0x0000000080000F9A] -> 0x00B5
[1003] [M]: 0x0000000080000F98 (0x00B51513) slli a0, a0, 11
x10 <- 0x000002AAAAAAA800
mem[X,0x0000000080000F9C] -> 0x0513
mem[X,0x0000000080000F9E] -> 0x2AA5
[1004] [M]: 0x0000000080000F9C (0x2AA50513) addi a0, a0, 682
x10 <- 0x000002AAAAAAAAAA
mem[X,0x0000000080000FA0] -> 0x1513
mem[X,0x0000000080000FA2] -> 0x00B5
[1005] [M]: 0x0000000080000FA0 (0x00B51513) slli a0, a0, 11
x10 <- 0x0015555555555000
mem[X,0x0000000080000FA4] -> 0x0513
mem[X,0x0000000080000FA6] -> 0x5555
[1006] [M]: 0x0000000080000FA4 (0x55550513) addi a0, a0, 1365
x10 <- 0x0015555555555555
mem[X,0x0000000080000FA8] -> 0x1513
mem[X,0x0000000080000FAA] -> 0x00A5
[1007] [M]: 0x0000000080000FA8 (0x00A51513) slli a0, a0, 10
x10 <- 0x5555555555555400
mem[X,0x0000000080000FAC] -> 0x0513
mem[X,0x0000000080000FAE] -> 0x1555
[1008] [M]: 0x0000000080000FAC (0x15550513) addi a0, a0, 341
x10 <- 0x5555555555555555
mem[X,0x0000000080000FB0] -> 0x3593
mem[X,0x0000000080000FB2] -> 0x02D5
[1009] [M]: 0x0000000080000FB0 (0x02D53593) sltiu a1, a0, 45
x11 <- 0x0000000000000000
mem[X,0x0000000080000FB4] -> 0x3423
mem[X,0x0000000080000FB6] -> 0x4AB1
[1010] [M]: 0x0000000080000FB4 (0x4AB13423) sd a1, 1192(sp)
mem[0x0000000080008670] <- 0x0000000000000000
mem[X,0x0000000080000FB8] -> 0x5537
mem[X,0x0000000080000FBA] -> 0x5555
[1011] [M]: 0x0000000080000FB8 (0x55555537) lui a0, 349525
x10 <- 0x0000000055555000
mem[X,0x0000000080000FBC] -> 0x0513
mem[X,0x0000000080000FBE] -> 0x5555
[1012] [M]: 0x0000000080000FBC (0x55550513) addi a0, a0, 1365
x10 <- 0x0000000055555555
mem[X,0x0000000080000FC0] -> 0x1513
mem[X,0x0000000080000FC2] -> 0x00B5
[1013] [M]: 0x0000000080000FC0 (0x00B51513) slli a0, a0, 11
x10 <- 0x000002AAAAAAA800
mem[X,0x0000000080000FC4] -> 0x0513
mem[X,0x0000000080000FC6] -> 0x2AA5
[1014] [M]: 0x0000000080000FC4 (0x2AA50513) addi a0, a0, 682
x10 <- 0x000002AAAAAAAAAA
mem[X,0x0000000080000FC8] -> 0x1513
mem[X,0x0000000080000FCA] -> 0x00B5
[1015] [M]: 0x0000000080000FC8 (0x00B51513) slli a0, a0, 11
x10 <- 0x0015555555555000
mem[X,0x0000000080000FCC] -> 0x0513
mem[X,0x0000000080000FCE] -> 0x5555
[1016] [M]: 0x0000000080000FCC (0x55550513) addi a0, a0, 1365
x10 <- 0x0015555555555555
mem[X,0x0000000080000FD0] -> 0x1513
mem[X,0x0000000080000FD2] -> 0x00A5
[1017] [M]: 0x0000000080000FD0 (0x00A51513) slli a0, a0, 10
x10 <- 0x5555555555555400
mem[X,0x0000000080000FD4] -> 0x0513
mem[X,0x0000000080000FD6] -> 0x1555
[1018] [M]: 0x0000000080000FD4 (0x15550513) addi a0, a0, 341
x10 <- 0x5555555555555555
mem[X,0x0000000080000FD8] -> 0x3593
mem[X,0x0000000080000FDA] -> 0x0005
[1019] [M]: 0x0000000080000FD8 (0x00053593) sltiu a1, a0, 0
x11 <- 0x0000000000000000
mem[X,0x0000000080000FDC] -> 0x3823
mem[X,0x0000000080000FDE] -> 0x4AB1
[1020] [M]: 0x0000000080000FDC (0x4AB13823) sd a1, 1200(sp)
mem[0x0000000080008678] <- 0x0000000000000000
mem[X,0x0000000080000FE0] -> 0x5537
mem[X,0x0000000080000FE2] -> 0x5555
[1021] [M]: 0x0000000080000FE0 (0x55555537) lui a0, 349525
x10 <- 0x0000000055555000
mem[X,0x0000000080000FE4] -> 0x0513
mem[X,0x0000000080000FE6] -> 0x5555
[1022] [M]: 0x0000000080000FE4 (0x55550513) addi a0, a0, 1365
x10 <- 0x0000000055555555
mem[X,0x0000000080000FE8] -> 0x1513
mem[X,0x0000000080000FEA] -> 0x00B5
[1023] [M]: 0x0000000080000FE8 (0x00B51513) slli a0, a0, 11
x10 <- 0x000002AAAAAAA800
mem[X,0x0000000080000FEC] -> 0x0513
mem[X,0x0000000080000FEE] -> 0x2AA5
[1024] [M]: 0x0000000080000FEC (0x2AA50513) addi a0, a0, 682
x10 <- 0x000002AAAAAAAAAA
mem[X,0x0000000080000FF0] -> 0x1513
mem[X,0x0000000080000FF2] -> 0x00B5
[1025] [M]: 0x0000000080000FF0 (0x00B51513) slli a0, a0, 11
x10 <- 0x0015555555555000
mem[X,0x0000000080000FF4] -> 0x0513
mem[X,0x0000000080000FF6] -> 0x5555
[1026] [M]: 0x0000000080000FF4 (0x55550513) addi a0, a0, 1365
x10 <- 0x0015555555555555
mem[X,0x0000000080000FF8] -> 0x1513
mem[X,0x0000000080000FFA] -> 0x00A5
[1027] [M]: 0x0000000080000FF8 (0x00A51513) slli a0, a0, 10
x10 <- 0x5555555555555400
mem[X,0x0000000080000FFC] -> 0x0513
mem[X,0x0000000080000FFE] -> 0x1555
[1028] [M]: 0x0000000080000FFC (0x15550513) addi a0, a0, 341
x10 <- 0x5555555555555555
mem[X,0x0000000080001000] -> 0x3593
mem[X,0x0000000080001002] -> 0x03F5
[1029] [M]: 0x0000000080001000 (0x03F53593) sltiu a1, a0, 63
x11 <- 0x0000000000000000
mem[X,0x0000000080001004] -> 0x3C23
mem[X,0x0000000080001006] -> 0x4AB1
[1030] [M]: 0x0000000080001004 (0x4AB13C23) sd a1, 1208(sp)
mem[0x0000000080008680] <- 0x0000000000000000
mem[X,0x0000000080001008] -> 0x5537
mem[X,0x000000008000100A] -> 0x5555
[1031] [M]: 0x0000000080001008 (0x55555537) lui a0, 349525
x10 <- 0x0000000055555000
mem[X,0x000000008000100C] -> 0x0513
mem[X,0x000000008000100E] -> 0x5555
[1032] [M]: 0x000000008000100C (0x55550513) addi a0, a0, 1365
x10 <- 0x0000000055555555
mem[X,0x0000000080001010] -> 0x1513
mem[X,0x0000000080001012] -> 0x00B5
[1033] [M]: 0x0000000080001010 (0x00B51513) slli a0, a0, 11
x10 <- 0x000002AAAAAAA800
mem[X,0x0000000080001014] -> 0x0513
mem[X,0x0000000080001016] -> 0x2AA5
[1034] [M]: 0x0000000080001014 (0x2AA50513) addi a0, a0, 682
x10 <- 0x000002AAAAAAAAAA
mem[X,0x0000000080001018] -> 0x1513
mem[X,0x000000008000101A] -> 0x00B5
[1035] [M]: 0x0000000080001018 (0x00B51513) slli a0, a0, 11
x10 <- 0x0015555555555000
mem[X,0x000000008000101C] -> 0x0513
mem[X,0x000000008000101E] -> 0x5555
[1036] [M]: 0x000000008000101C (0x55550513) addi a0, a0, 1365
x10 <- 0x0015555555555555
mem[X,0x0000000080001020] -> 0x1513
mem[X,0x0000000080001022] -> 0x00A5
[1037] [M]: 0x0000000080001020 (0x00A51513) slli a0, a0, 10
x10 <- 0x5555555555555400
mem[X,0x0000000080001024] -> 0x0513
mem[X,0x0000000080001026] -> 0x1555
[1038] [M]: 0x0000000080001024 (0x15550513) addi a0, a0, 341
x10 <- 0x5555555555555555
mem[X,0x0000000080001028] -> 0x3593
mem[X,0x000000008000102A] -> 0x0025
[1039] [M]: 0x0000000080001028 (0x00253593) sltiu a1, a0, 2
x11 <- 0x0000000000000000
mem[X,0x000000008000102C] -> 0x3023
mem[X,0x000000008000102E] -> 0x4CB1
[1040] [M]: 0x000000008000102C (0x4CB13023) sd a1, 1216(sp)
mem[0x0000000080008688] <- 0x0000000000000000
mem[X,0x0000000080001030] -> 0x5537
mem[X,0x0000000080001032] -> 0x5555
[1041] [M]: 0x0000000080001030 (0x55555537) lui a0, 349525
x10 <- 0x0000000055555000
mem[X,0x0000000080001034] -> 0x0513
mem[X,0x0000000080001036] -> 0x5555
[1042] [M]: 0x0000000080001034 (0x55550513) addi a0, a0, 1365
x10 <- 0x0000000055555555
mem[X,0x0000000080001038] -> 0x1513
mem[X,0x000000008000103A] -> 0x00B5
[1043] [M]: 0x0000000080001038 (0x00B51513) slli a0, a0, 11
x10 <- 0x000002AAAAAAA800
mem[X,0x000000008000103C] -> 0x0513
mem[X,0x000000008000103E] -> 0x2AA5
[1044] [M]: 0x000000008000103C (0x2AA50513) addi a0, a0, 682
x10 <- 0x000002AAAAAAAAAA
mem[X,0x0000000080001040] -> 0x1513
mem[X,0x0000000080001042] -> 0x00B5
[1045] [M]: 0x0000000080001040 (0x00B51513) slli a0, a0, 11
x10 <- 0x0015555555555000
mem[X,0x0000000080001044] -> 0x0513
mem[X,0x0000000080001046] -> 0x5555
[1046] [M]: 0x0000000080001044 (0x55550513) addi a0, a0, 1365
x10 <- 0x0015555555555555
mem[X,0x0000000080001048] -> 0x1513
mem[X,0x000000008000104A] -> 0x00A5
[1047] [M]: 0x0000000080001048 (0x00A51513) slli a0, a0, 10
x10 <- 0x5555555555555400
mem[X,0x000000008000104C] -> 0x0513
mem[X,0x000000008000104E] -> 0x1555
[1048] [M]: 0x000000008000104C (0x15550513) addi a0, a0, 341
x10 <- 0x5555555555555555
mem[X,0x0000000080001050] -> 0x3593
mem[X,0x0000000080001052] -> 0x5545
[1049] [M]: 0x0000000080001050 (0x55453593) sltiu a1, a0, 1364
x11 <- 0x0000000000000000
mem[X,0x0000000080001054] -> 0x3423
mem[X,0x0000000080001056] -> 0x4CB1
[1050] [M]: 0x0000000080001054 (0x4CB13423) sd a1, 1224(sp)
mem[0x0000000080008690] <- 0x0000000000000000
mem[X,0x0000000080001058] -> 0x5537
mem[X,0x000000008000105A] -> 0x5555
[1051] [M]: 0x0000000080001058 (0x55555537) lui a0, 349525
x10 <- 0x0000000055555000
mem[X,0x000000008000105C] -> 0x0513
mem[X,0x000000008000105E] -> 0x5555
[1052] [M]: 0x000000008000105C (0x55550513) addi a0, a0, 1365
x10 <- 0x0000000055555555
mem[X,0x0000000080001060] -> 0x1513
mem[X,0x0000000080001062] -> 0x00B5
[1053] [M]: 0x0000000080001060 (0x00B51513) slli a0, a0, 11
x10 <- 0x000002AAAAAAA800
mem[X,0x0000000080001064] -> 0x0513
mem[X,0x0000000080001066] -> 0x2AA5
[1054] [M]: 0x0000000080001064 (0x2AA50513) addi a0, a0, 682
x10 <- 0x000002AAAAAAAAAA
mem[X,0x0000000080001068] -> 0x1513
mem[X,0x000000008000106A] -> 0x00B5
[1055] [M]: 0x0000000080001068 (0x00B51513) slli a0, a0, 11
x10 <- 0x0015555555555000
mem[X,0x000000008000106C] -> 0x0513
mem[X,0x000000008000106E] -> 0x5555
[1056] [M]: 0x000000008000106C (0x55550513) addi a0, a0, 1365
x10 <- 0x0015555555555555
mem[X,0x0000000080001070] -> 0x1513
mem[X,0x0000000080001072] -> 0x00A5
[1057] [M]: 0x0000000080001070 (0x00A51513) slli a0, a0, 10
x10 <- 0x5555555555555400
mem[X,0x0000000080001074] -> 0x0513
mem[X,0x0000000080001076] -> 0x1555
[1058] [M]: 0x0000000080001074 (0x15550513) addi a0, a0, 341
x10 <- 0x5555555555555555
mem[X,0x0000000080001078] -> 0x3593
mem[X,0x000000008000107A] -> 0xAA95
[1059] [M]: 0x0000000080001078 (0xAA953593) sltiu a1, a0, 2729
x11 <- 0x0000000000000001
mem[X,0x000000008000107C] -> 0x3823
mem[X,0x000000008000107E] -> 0x4CB1
[1060] [M]: 0x000000008000107C (0x4CB13823) sd a1, 1232(sp)
mem[0x0000000080008698] <- 0x0000000000000001
mem[X,0x0000000080001080] -> 0x5537
mem[X,0x0000000080001082] -> 0x5555
[1061] [M]: 0x0000000080001080 (0x55555537) lui a0, 349525
x10 <- 0x0000000055555000
mem[X,0x0000000080001084] -> 0x0513
mem[X,0x0000000080001086] -> 0x5555
[1062] [M]: 0x0000000080001084 (0x55550513) addi a0, a0, 1365
x10 <- 0x0000000055555555
mem[X,0x0000000080001088] -> 0x1513
mem[X,0x000000008000108A] -> 0x00B5
[1063] [M]: 0x0000000080001088 (0x00B51513) slli a0, a0, 11
x10 <- 0x000002AAAAAAA800
mem[X,0x000000008000108C] -> 0x0513
mem[X,0x000000008000108E] -> 0x2AA5
[1064] [M]: 0x000000008000108C (0x2AA50513) addi a0, a0, 682
x10 <- 0x000002AAAAAAAAAA
mem[X,0x0000000080001090] -> 0x1513
mem[X,0x0000000080001092] -> 0x00B5
[1065] [M]: 0x0000000080001090 (0x00B51513) slli a0, a0, 11
x10 <- 0x0015555555555000
mem[X,0x0000000080001094] -> 0x0513
mem[X,0x0000000080001096] -> 0x5555
[1066] [M]: 0x0000000080001094 (0x55550513) addi a0, a0, 1365
x10 <- 0x0015555555555555
mem[X,0x0000000080001098] -> 0x1513
mem[X,0x000000008000109A] -> 0x00A5
[1067] [M]: 0x0000000080001098 (0x00A51513) slli a0, a0, 10
x10 <- 0x5555555555555400
mem[X,0x000000008000109C] -> 0x0513
mem[X,0x000000008000109E] -> 0x1555
[1068] [M]: 0x000000008000109C (0x15550513) addi a0, a0, 341
x10 <- 0x5555555555555555
mem[X,0x00000000800010A0] -> 0x3593
mem[X,0x00000000800010A2] -> 0x0045
[1069] [M]: 0x00000000800010A0 (0x00453593) sltiu a1, a0, 4
x11 <- 0x0000000000000000
mem[X,0x00000000800010A4] -> 0x3C23
mem[X,0x00000000800010A6] -> 0x4CB1
[1070] [M]: 0x00000000800010A4 (0x4CB13C23) sd a1, 1240(sp)
mem[0x00000000800086A0] <- 0x0000000000000000
mem[X,0x00000000800010A8] -> 0x5537
mem[X,0x00000000800010AA] -> 0x5555
[1071] [M]: 0x00000000800010A8 (0x55555537) lui a0, 349525
x10 <- 0x0000000055555000
mem[X,0x00000000800010AC] -> 0x0513
mem[X,0x00000000800010AE] -> 0x5555
[1072] [M]: 0x00000000800010AC (0x55550513) addi a0, a0, 1365
x10 <- 0x0000000055555555
mem[X,0x00000000800010B0] -> 0x1513
mem[X,0x00000000800010B2] -> 0x00B5
[1073] [M]: 0x00000000800010B0 (0x00B51513) slli a0, a0, 11
x10 <- 0x000002AAAAAAA800
mem[X,0x00000000800010B4] -> 0x0513
mem[X,0x00000000800010B6] -> 0x2AA5
[1074] [M]: 0x00000000800010B4 (0x2AA50513) addi a0, a0, 682
x10 <- 0x000002AAAAAAAAAA
mem[X,0x00000000800010B8] -> 0x1513
mem[X,0x00000000800010BA] -> 0x00B5
[1075] [M]: 0x00000000800010B8 (0x00B51513) slli a0, a0, 11
x10 <- 0x0015555555555000
mem[X,0x00000000800010BC] -> 0x0513
mem[X,0x00000000800010BE] -> 0x5555
[1076] [M]: 0x00000000800010BC (0x55550513) addi a0, a0, 1365
x10 <- 0x0015555555555555
mem[X,0x00000000800010C0] -> 0x1513
mem[X,0x00000000800010C2] -> 0x00A5
[1077] [M]: 0x00000000800010C0 (0x00A51513) slli a0, a0, 10
x10 <- 0x5555555555555400
mem[X,0x00000000800010C4] -> 0x0513
mem[X,0x00000000800010C6] -> 0x1555
[1078] [M]: 0x00000000800010C4 (0x15550513) addi a0, a0, 341
x10 <- 0x5555555555555555
mem[X,0x00000000800010C8] -> 0x3593
mem[X,0x00000000800010CA] -> 0x3325
[1079] [M]: 0x00000000800010C8 (0x33253593) sltiu a1, a0, 818
x11 <- 0x0000000000000000
mem[X,0x00000000800010CC] -> 0x3023
mem[X,0x00000000800010CE] -> 0x4EB1
[1080] [M]: 0x00000000800010CC (0x4EB13023) sd a1, 1248(sp)
mem[0x00000000800086A8] <- 0x0000000000000000
mem[X,0x00000000800010D0] -> 0x5537
mem[X,0x00000000800010D2] -> 0x5555
[1081] [M]: 0x00000000800010D0 (0x55555537) lui a0, 349525
x10 <- 0x0000000055555000
mem[X,0x00000000800010D4] -> 0x0513
mem[X,0x00000000800010D6] -> 0x5555
[1082] [M]: 0x00000000800010D4 (0x55550513) addi a0, a0, 1365
x10 <- 0x0000000055555555
mem[X,0x00000000800010D8] -> 0x1513
mem[X,0x00000000800010DA] -> 0x00B5
[1083] [M]: 0x00000000800010D8 (0x00B51513) slli a0, a0, 11
x10 <- 0x000002AAAAAAA800
mem[X,0x00000000800010DC] -> 0x0513
mem[X,0x00000000800010DE] -> 0x2AA5
[1084] [M]: 0x00000000800010DC (0x2AA50513) addi a0, a0, 682
x10 <- 0x000002AAAAAAAAAA
mem[X,0x00000000800010E0] -> 0x1513
mem[X,0x00000000800010E2] -> 0x00B5
[1085] [M]: 0x00000000800010E0 (0x00B51513) slli a0, a0, 11
x10 <- 0x0015555555555000
mem[X,0x00000000800010E4] -> 0x0513
mem[X,0x00000000800010E6] -> 0x5555
[1086] [M]: 0x00000000800010E4 (0x55550513) addi a0, a0, 1365
x10 <- 0x0015555555555555
mem[X,0x00000000800010E8] -> 0x1513
mem[X,0x00000000800010EA] -> 0x00A5
[1087] [M]: 0x00000000800010E8 (0x00A51513) slli a0, a0, 10
x10 <- 0x5555555555555400
mem[X,0x00000000800010EC] -> 0x0513
mem[X,0x00000000800010EE] -> 0x1555
[1088] [M]: 0x00000000800010EC (0x15550513) addi a0, a0, 341
x10 <- 0x5555555555555555
mem[X,0x00000000800010F0] -> 0x3593
mem[X,0x00000000800010F2] -> 0x6655
[1089] [M]: 0x00000000800010F0 (0x66553593) sltiu a1, a0, 1637
x11 <- 0x0000000000000000
mem[X,0x00000000800010F4] -> 0x3423
mem[X,0x00000000800010F6] -> 0x4EB1
[1090] [M]: 0x00000000800010F4 (0x4EB13423) sd a1, 1256(sp)
mem[0x00000000800086B0] <- 0x0000000000000000
mem[X,0x00000000800010F8] -> 0x5537
mem[X,0x00000000800010FA] -> 0x5555
[1091] [M]: 0x00000000800010F8 (0x55555537) lui a0, 349525
x10 <- 0x0000000055555000
mem[X,0x00000000800010FC] -> 0x0513
mem[X,0x00000000800010FE] -> 0x5555
[1092] [M]: 0x00000000800010FC (0x55550513) addi a0, a0, 1365
x10 <- 0x0000000055555555
mem[X,0x0000000080001100] -> 0x1513
mem[X,0x0000000080001102] -> 0x00B5
[1093] [M]: 0x0000000080001100 (0x00B51513) slli a0, a0, 11
x10 <- 0x000002AAAAAAA800
mem[X,0x0000000080001104] -> 0x0513
mem[X,0x0000000080001106] -> 0x2AA5
[1094] [M]: 0x0000000080001104 (0x2AA50513) addi a0, a0, 682
x10 <- 0x000002AAAAAAAAAA
mem[X,0x0000000080001108] -> 0x1513
mem[X,0x000000008000110A] -> 0x00B5
[1095] [M]: 0x0000000080001108 (0x00B51513) slli a0, a0, 11
x10 <- 0x0015555555555000
mem[X,0x000000008000110C] -> 0x0513
mem[X,0x000000008000110E] -> 0x5555
[1096] [M]: 0x000000008000110C (0x55550513) addi a0, a0, 1365
x10 <- 0x0015555555555555
mem[X,0x0000000080001110] -> 0x1513
mem[X,0x0000000080001112] -> 0x00A5
[1097] [M]: 0x0000000080001110 (0x00A51513) slli a0, a0, 10
x10 <- 0x5555555555555400
mem[X,0x0000000080001114] -> 0x0513
mem[X,0x0000000080001116] -> 0x1555
[1098] [M]: 0x0000000080001114 (0x15550513) addi a0, a0, 341
x10 <- 0x5555555555555555
mem[X,0x0000000080001118] -> 0x3593
mem[X,0x000000008000111A] -> 0x02C5
[1099] [M]: 0x0000000080001118 (0x02C53593) sltiu a1, a0, 44
x11 <- 0x0000000000000000
clint::tick mtime <- 0x000000000000000B
 clint timer pending at mtime 0x000000000000000B
htif::tick 0x0000000000000000
mem[X,0x000000008000111C] -> 0x3823
mem[X,0x000000008000111E] -> 0x4EB1
[1100] [M]: 0x000000008000111C (0x4EB13823) sd a1, 1264(sp)
mem[0x00000000800086B8] <- 0x0000000000000000
mem[X,0x0000000080001120] -> 0x5537
mem[X,0x0000000080001122] -> 0x5555
[1101] [M]: 0x0000000080001120 (0x55555537) lui a0, 349525
x10 <- 0x0000000055555000
mem[X,0x0000000080001124] -> 0x0513
mem[X,0x0000000080001126] -> 0x5555
[1102] [M]: 0x0000000080001124 (0x55550513) addi a0, a0, 1365
x10 <- 0x0000000055555555
mem[X,0x0000000080001128] -> 0x1513
mem[X,0x000000008000112A] -> 0x00B5
[1103] [M]: 0x0000000080001128 (0x00B51513) slli a0, a0, 11
x10 <- 0x000002AAAAAAA800
mem[X,0x000000008000112C] -> 0x0513
mem[X,0x000000008000112E] -> 0x2AA5
[1104] [M]: 0x000000008000112C (0x2AA50513) addi a0, a0, 682
x10 <- 0x000002AAAAAAAAAA
mem[X,0x0000000080001130] -> 0x1513
mem[X,0x0000000080001132] -> 0x00B5
[1105] [M]: 0x0000000080001130 (0x00B51513) slli a0, a0, 11
x10 <- 0x0015555555555000
mem[X,0x0000000080001134] -> 0x0513
mem[X,0x0000000080001136] -> 0x5555
[1106] [M]: 0x0000000080001134 (0x55550513) addi a0, a0, 1365
x10 <- 0x0015555555555555
mem[X,0x0000000080001138] -> 0x1513
mem[X,0x000000008000113A] -> 0x00A5
[1107] [M]: 0x0000000080001138 (0x00A51513) slli a0, a0, 10
x10 <- 0x5555555555555400
mem[X,0x000000008000113C] -> 0x0513
mem[X,0x000000008000113E] -> 0x1555
[1108] [M]: 0x000000008000113C (0x15550513) addi a0, a0, 341
x10 <- 0x5555555555555555
mem[X,0x0000000080001140] -> 0x3593
mem[X,0x0000000080001142] -> 0x03E5
[1109] [M]: 0x0000000080001140 (0x03E53593) sltiu a1, a0, 62
x11 <- 0x0000000000000000
mem[X,0x0000000080001144] -> 0x3C23
mem[X,0x0000000080001146] -> 0x4EB1
[1110] [M]: 0x0000000080001144 (0x4EB13C23) sd a1, 1272(sp)
mem[0x00000000800086C0] <- 0x0000000000000000
mem[X,0x0000000080001148] -> 0x5537
mem[X,0x000000008000114A] -> 0x5555
[1111] [M]: 0x0000000080001148 (0x55555537) lui a0, 349525
x10 <- 0x0000000055555000
mem[X,0x000000008000114C] -> 0x0513
mem[X,0x000000008000114E] -> 0x5555
[1112] [M]: 0x000000008000114C (0x55550513) addi a0, a0, 1365
x10 <- 0x0000000055555555
mem[X,0x0000000080001150] -> 0x1513
mem[X,0x0000000080001152] -> 0x00B5
[1113] [M]: 0x0000000080001150 (0x00B51513) slli a0, a0, 11
x10 <- 0x000002AAAAAAA800
mem[X,0x0000000080001154] -> 0x0513
mem[X,0x0000000080001156] -> 0x2AA5
[1114] [M]: 0x0000000080001154 (0x2AA50513) addi a0, a0, 682
x10 <- 0x000002AAAAAAAAAA
mem[X,0x0000000080001158] -> 0x1513
mem[X,0x000000008000115A] -> 0x00B5
[1115] [M]: 0x0000000080001158 (0x00B51513) slli a0, a0, 11
x10 <- 0x0015555555555000
mem[X,0x000000008000115C] -> 0x0513
mem[X,0x000000008000115E] -> 0x5555
[1116] [M]: 0x000000008000115C (0x55550513) addi a0, a0, 1365
x10 <- 0x0015555555555555
mem[X,0x0000000080001160] -> 0x1513
mem[X,0x0000000080001162] -> 0x00A5
[1117] [M]: 0x0000000080001160 (0x00A51513) slli a0, a0, 10
x10 <- 0x5555555555555400
mem[X,0x0000000080001164] -> 0x0513
mem[X,0x0000000080001166] -> 0x1555
[1118] [M]: 0x0000000080001164 (0x15550513) addi a0, a0, 341
x10 <- 0x5555555555555555
mem[X,0x0000000080001168] -> 0x3593
mem[X,0x000000008000116A] -> 0x5565
[1119] [M]: 0x0000000080001168 (0x55653593) sltiu a1, a0, 1366
x11 <- 0x0000000000000000
mem[X,0x000000008000116C] -> 0x3023
mem[X,0x000000008000116E] -> 0x50B1
[1120] [M]: 0x000000008000116C (0x50B13023) sd a1, 1280(sp)
mem[0x00000000800086C8] <- 0x0000000000000000
mem[X,0x0000000080001170] -> 0x5537
mem[X,0x0000000080001172] -> 0x5555
[1121] [M]: 0x0000000080001170 (0x55555537) lui a0, 349525
x10 <- 0x0000000055555000
mem[X,0x0000000080001174] -> 0x0513
mem[X,0x0000000080001176] -> 0x5555
[1122] [M]: 0x0000000080001174 (0x55550513) addi a0, a0, 1365
x10 <- 0x0000000055555555
mem[X,0x0000000080001178] -> 0x1513
mem[X,0x000000008000117A] -> 0x00B5
[1123] [M]: 0x0000000080001178 (0x00B51513) slli a0, a0, 11
x10 <- 0x000002AAAAAAA800
mem[X,0x000000008000117C] -> 0x0513
mem[X,0x000000008000117E] -> 0x2AA5
[1124] [M]: 0x000000008000117C (0x2AA50513) addi a0, a0, 682
x10 <- 0x000002AAAAAAAAAA
mem[X,0x0000000080001180] -> 0x1513
mem[X,0x0000000080001182] -> 0x00B5
[1125] [M]: 0x0000000080001180 (0x00B51513) slli a0, a0, 11
x10 <- 0x0015555555555000
mem[X,0x0000000080001184] -> 0x0513
mem[X,0x0000000080001186] -> 0x5555
[1126] [M]: 0x0000000080001184 (0x55550513) addi a0, a0, 1365
x10 <- 0x0015555555555555
mem[X,0x0000000080001188] -> 0x1513
mem[X,0x000000008000118A] -> 0x00A5
[1127] [M]: 0x0000000080001188 (0x00A51513) slli a0, a0, 10
x10 <- 0x5555555555555400
mem[X,0x000000008000118C] -> 0x0513
mem[X,0x000000008000118E] -> 0x1555
[1128] [M]: 0x000000008000118C (0x15550513) addi a0, a0, 341
x10 <- 0x5555555555555555
mem[X,0x0000000080001190] -> 0x3593
mem[X,0x0000000080001192] -> 0xAAB5
[1129] [M]: 0x0000000080001190 (0xAAB53593) sltiu a1, a0, 2731
x11 <- 0x0000000000000001
mem[X,0x0000000080001194] -> 0x3423
mem[X,0x0000000080001196] -> 0x50B1
[1130] [M]: 0x0000000080001194 (0x50B13423) sd a1, 1288(sp)
mem[0x00000000800086D0] <- 0x0000000000000001
mem[X,0x0000000080001198] -> 0x5537
mem[X,0x000000008000119A] -> 0x5555
[1131] [M]: 0x0000000080001198 (0x55555537) lui a0, 349525
x10 <- 0x0000000055555000
mem[X,0x000000008000119C] -> 0x0513
mem[X,0x000000008000119E] -> 0x5555
[1132] [M]: 0x000000008000119C (0x55550513) addi a0, a0, 1365
x10 <- 0x0000000055555555
mem[X,0x00000000800011A0] -> 0x1513
mem[X,0x00000000800011A2] -> 0x00B5
[1133] [M]: 0x00000000800011A0 (0x00B51513) slli a0, a0, 11
x10 <- 0x000002AAAAAAA800
mem[X,0x00000000800011A4] -> 0x0513
mem[X,0x00000000800011A6] -> 0x2AA5
[1134] [M]: 0x00000000800011A4 (0x2AA50513) addi a0, a0, 682
x10 <- 0x000002AAAAAAAAAA
mem[X,0x00000000800011A8] -> 0x1513
mem[X,0x00000000800011AA] -> 0x00B5
[1135] [M]: 0x00000000800011A8 (0x00B51513) slli a0, a0, 11
x10 <- 0x0015555555555000
mem[X,0x00000000800011AC] -> 0x0513
mem[X,0x00000000800011AE] -> 0x5555
[1136] [M]: 0x00000000800011AC (0x55550513) addi a0, a0, 1365
x10 <- 0x0015555555555555
mem[X,0x00000000800011B0] -> 0x1513
mem[X,0x00000000800011B2] -> 0x00A5
[1137] [M]: 0x00000000800011B0 (0x00A51513) slli a0, a0, 10
x10 <- 0x5555555555555400
mem[X,0x00000000800011B4] -> 0x0513
mem[X,0x00000000800011B6] -> 0x1555
[1138] [M]: 0x00000000800011B4 (0x15550513) addi a0, a0, 341
x10 <- 0x5555555555555555
mem[X,0x00000000800011B8] -> 0x3593
mem[X,0x00000000800011BA] -> 0x0065
[1139] [M]: 0x00000000800011B8 (0x00653593) sltiu a1, a0, 6
x11 <- 0x0000000000000000
mem[X,0x00000000800011BC] -> 0x3823
mem[X,0x00000000800011BE] -> 0x50B1
[1140] [M]: 0x00000000800011BC (0x50B13823) sd a1, 1296(sp)
mem[0x00000000800086D8] <- 0x0000000000000000
mem[X,0x00000000800011C0] -> 0x5537
mem[X,0x00000000800011C2] -> 0x5555
[1141] [M]: 0x00000000800011C0 (0x55555537) lui a0, 349525
x10 <- 0x0000000055555000
mem[X,0x00000000800011C4] -> 0x0513
mem[X,0x00000000800011C6] -> 0x5555
[1142] [M]: 0x00000000800011C4 (0x55550513) addi a0, a0, 1365
x10 <- 0x0000000055555555
mem[X,0x00000000800011C8] -> 0x1513
mem[X,0x00000000800011CA] -> 0x00B5
[1143] [M]: 0x00000000800011C8 (0x00B51513) slli a0, a0, 11
x10 <- 0x000002AAAAAAA800
mem[X,0x00000000800011CC] -> 0x0513
mem[X,0x00000000800011CE] -> 0x2AA5
[1144] [M]: 0x00000000800011CC (0x2AA50513) addi a0, a0, 682
x10 <- 0x000002AAAAAAAAAA
mem[X,0x00000000800011D0] -> 0x1513
mem[X,0x00000000800011D2] -> 0x00B5
[1145] [M]: 0x00000000800011D0 (0x00B51513) slli a0, a0, 11
x10 <- 0x0015555555555000
mem[X,0x00000000800011D4] -> 0x0513
mem[X,0x00000000800011D6] -> 0x5555
[1146] [M]: 0x00000000800011D4 (0x55550513) addi a0, a0, 1365
x10 <- 0x0015555555555555
mem[X,0x00000000800011D8] -> 0x1513
mem[X,0x00000000800011DA] -> 0x00A5
[1147] [M]: 0x00000000800011D8 (0x00A51513) slli a0, a0, 10
x10 <- 0x5555555555555400
mem[X,0x00000000800011DC] -> 0x0513
mem[X,0x00000000800011DE] -> 0x1555
[1148] [M]: 0x00000000800011DC (0x15550513) addi a0, a0, 341
x10 <- 0x5555555555555555
mem[X,0x00000000800011E0] -> 0x3593
mem[X,0x00000000800011E2] -> 0x3345
[1149] [M]: 0x00000000800011E0 (0x33453593) sltiu a1, a0, 820
x11 <- 0x0000000000000000
mem[X,0x00000000800011E4] -> 0x3C23
mem[X,0x00000000800011E6] -> 0x50B1
[1150] [M]: 0x00000000800011E4 (0x50B13C23) sd a1, 1304(sp)
mem[0x00000000800086E0] <- 0x0000000000000000
mem[X,0x00000000800011E8] -> 0x5537
mem[X,0x00000000800011EA] -> 0x5555
[1151] [M]: 0x00000000800011E8 (0x55555537) lui a0, 349525
x10 <- 0x0000000055555000
mem[X,0x00000000800011EC] -> 0x0513
mem[X,0x00000000800011EE] -> 0x5555
[1152] [M]: 0x00000000800011EC (0x55550513) addi a0, a0, 1365
x10 <- 0x0000000055555555
mem[X,0x00000000800011F0] -> 0x1513
mem[X,0x00000000800011F2] -> 0x00B5
[1153] [M]: 0x00000000800011F0 (0x00B51513) slli a0, a0, 11
x10 <- 0x000002AAAAAAA800
mem[X,0x00000000800011F4] -> 0x0513
mem[X,0x00000000800011F6] -> 0x2AA5
[1154] [M]: 0x00000000800011F4 (0x2AA50513) addi a0, a0, 682
x10 <- 0x000002AAAAAAAAAA
mem[X,0x00000000800011F8] -> 0x1513
mem[X,0x00000000800011FA] -> 0x00B5
[1155] [M]: 0x00000000800011F8 (0x00B51513) slli a0, a0, 11
x10 <- 0x0015555555555000
mem[X,0x00000000800011FC] -> 0x0513
mem[X,0x00000000800011FE] -> 0x5555
[1156] [M]: 0x00000000800011FC (0x55550513) addi a0, a0, 1365
x10 <- 0x0015555555555555
mem[X,0x0000000080001200] -> 0x1513
mem[X,0x0000000080001202] -> 0x00A5
[1157] [M]: 0x0000000080001200 (0x00A51513) slli a0, a0, 10
x10 <- 0x5555555555555400
mem[X,0x0000000080001204] -> 0x0513
mem[X,0x0000000080001206] -> 0x1555
[1158] [M]: 0x0000000080001204 (0x15550513) addi a0, a0, 341
x10 <- 0x5555555555555555
mem[X,0x0000000080001208] -> 0x3593
mem[X,0x000000008000120A] -> 0x6675
[1159] [M]: 0x0000000080001208 (0x66753593) sltiu a1, a0, 1639
x11 <- 0x0000000000000000
mem[X,0x000000008000120C] -> 0x3023
mem[X,0x000000008000120E] -> 0x52B1
[1160] [M]: 0x000000008000120C (0x52B13023) sd a1, 1312(sp)
mem[0x00000000800086E8] <- 0x0000000000000000
mem[X,0x0000000080001210] -> 0x5537
mem[X,0x0000000080001212] -> 0x5555
[1161] [M]: 0x0000000080001210 (0x55555537) lui a0, 349525
x10 <- 0x0000000055555000
mem[X,0x0000000080001214] -> 0x0513
mem[X,0x0000000080001216] -> 0x5555
[1162] [M]: 0x0000000080001214 (0x55550513) addi a0, a0, 1365
x10 <- 0x0000000055555555
mem[X,0x0000000080001218] -> 0x1513
mem[X,0x000000008000121A] -> 0x00B5
[1163] [M]: 0x0000000080001218 (0x00B51513) slli a0, a0, 11
x10 <- 0x000002AAAAAAA800
mem[X,0x000000008000121C] -> 0x0513
mem[X,0x000000008000121E] -> 0x2AA5
[1164] [M]: 0x000000008000121C (0x2AA50513) addi a0, a0, 682
x10 <- 0x000002AAAAAAAAAA
mem[X,0x0000000080001220] -> 0x1513
mem[X,0x0000000080001222] -> 0x00B5
[1165] [M]: 0x0000000080001220 (0x00B51513) slli a0, a0, 11
x10 <- 0x0015555555555000
mem[X,0x0000000080001224] -> 0x0513
mem[X,0x0000000080001226] -> 0x5555
[1166] [M]: 0x0000000080001224 (0x55550513) addi a0, a0, 1365
x10 <- 0x0015555555555555
mem[X,0x0000000080001228] -> 0x1513
mem[X,0x000000008000122A] -> 0x00A5
[1167] [M]: 0x0000000080001228 (0x00A51513) slli a0, a0, 10
x10 <- 0x5555555555555400
mem[X,0x000000008000122C] -> 0x0513
mem[X,0x000000008000122E] -> 0x1555
[1168] [M]: 0x000000008000122C (0x15550513) addi a0, a0, 341
x10 <- 0x5555555555555555
mem[X,0x0000000080001230] -> 0x3593
mem[X,0x0000000080001232] -> 0x02E5
[1169] [M]: 0x0000000080001230 (0x02E53593) sltiu a1, a0, 46
x11 <- 0x0000000000000000
mem[X,0x0000000080001234] -> 0x3423
mem[X,0x0000000080001236] -> 0x52B1
[1170] [M]: 0x0000000080001234 (0x52B13423) sd a1, 1320(sp)
mem[0x00000000800086F0] <- 0x0000000000000000
mem[X,0x0000000080001238] -> 0x5537
mem[X,0x000000008000123A] -> 0x5555
[1171] [M]: 0x0000000080001238 (0x55555537) lui a0, 349525
x10 <- 0x0000000055555000
mem[X,0x000000008000123C] -> 0x0513
mem[X,0x000000008000123E] -> 0x5555
[1172] [M]: 0x000000008000123C (0x55550513) addi a0, a0, 1365
x10 <- 0x0000000055555555
mem[X,0x0000000080001240] -> 0x1513
mem[X,0x0000000080001242] -> 0x00B5
[1173] [M]: 0x0000000080001240 (0x00B51513) slli a0, a0, 11
x10 <- 0x000002AAAAAAA800
mem[X,0x0000000080001244] -> 0x0513
mem[X,0x0000000080001246] -> 0x2AA5
[1174] [M]: 0x0000000080001244 (0x2AA50513) addi a0, a0, 682
x10 <- 0x000002AAAAAAAAAA
mem[X,0x0000000080001248] -> 0x1513
mem[X,0x000000008000124A] -> 0x00B5
[1175] [M]: 0x0000000080001248 (0x00B51513) slli a0, a0, 11
x10 <- 0x0015555555555000
mem[X,0x000000008000124C] -> 0x0513
mem[X,0x000000008000124E] -> 0x5555
[1176] [M]: 0x000000008000124C (0x55550513) addi a0, a0, 1365
x10 <- 0x0015555555555555
mem[X,0x0000000080001250] -> 0x1513
mem[X,0x0000000080001252] -> 0x00A5
[1177] [M]: 0x0000000080001250 (0x00A51513) slli a0, a0, 10
x10 <- 0x5555555555555400
mem[X,0x0000000080001254] -> 0x0513
mem[X,0x0000000080001256] -> 0x1555
[1178] [M]: 0x0000000080001254 (0x15550513) addi a0, a0, 341
x10 <- 0x5555555555555555
mem[X,0x0000000080001258] -> 0x3593
mem[X,0x000000008000125A] -> 0x0015
[1179] [M]: 0x0000000080001258 (0x00153593) sltiu a1, a0, 1
x11 <- 0x0000000000000000
mem[X,0x000000008000125C] -> 0x3823
mem[X,0x000000008000125E] -> 0x52B1
[1180] [M]: 0x000000008000125C (0x52B13823) sd a1, 1328(sp)
mem[0x00000000800086F8] <- 0x0000000000000000
mem[X,0x0000000080001260] -> 0x5537
mem[X,0x0000000080001262] -> 0x5555
[1181] [M]: 0x0000000080001260 (0x55555537) lui a0, 349525
x10 <- 0x0000000055555000
mem[X,0x0000000080001264] -> 0x0513
mem[X,0x0000000080001266] -> 0x5555
[1182] [M]: 0x0000000080001264 (0x55550513) addi a0, a0, 1365
x10 <- 0x0000000055555555
mem[X,0x0000000080001268] -> 0x1513
mem[X,0x000000008000126A] -> 0x00B5
[1183] [M]: 0x0000000080001268 (0x00B51513) slli a0, a0, 11
x10 <- 0x000002AAAAAAA800
mem[X,0x000000008000126C] -> 0x0513
mem[X,0x000000008000126E] -> 0x2AA5
[1184] [M]: 0x000000008000126C (0x2AA50513) addi a0, a0, 682
x10 <- 0x000002AAAAAAAAAA
mem[X,0x0000000080001270] -> 0x1513
mem[X,0x0000000080001272] -> 0x00B5
[1185] [M]: 0x0000000080001270 (0x00B51513) slli a0, a0, 11
x10 <- 0x0015555555555000
mem[X,0x0000000080001274] -> 0x0513
mem[X,0x0000000080001276] -> 0x5555
[1186] [M]: 0x0000000080001274 (0x55550513) addi a0, a0, 1365
x10 <- 0x0015555555555555
mem[X,0x0000000080001278] -> 0x1513
mem[X,0x000000008000127A] -> 0x00A5
[1187] [M]: 0x0000000080001278 (0x00A51513) slli a0, a0, 10
x10 <- 0x5555555555555400
mem[X,0x000000008000127C] -> 0x0513
mem[X,0x000000008000127E] -> 0x1555
[1188] [M]: 0x000000008000127C (0x15550513) addi a0, a0, 341
x10 <- 0x5555555555555555
mem[X,0x0000000080001280] -> 0x3593
mem[X,0x0000000080001282] -> 0x0405
[1189] [M]: 0x0000000080001280 (0x04053593) sltiu a1, a0, 64
x11 <- 0x0000000000000000
mem[X,0x0000000080001284] -> 0x3C23
mem[X,0x0000000080001286] -> 0x52B1
[1190] [M]: 0x0000000080001284 (0x52B13C23) sd a1, 1336(sp)
mem[0x0000000080008700] <- 0x0000000000000000
mem[X,0x0000000080001288] -> 0xB537
mem[X,0x000000008000128A] -> 0xAAAA
[1191] [M]: 0x0000000080001288 (0xAAAAB537) lui a0, 699051
x10 <- 0xFFFFFFFFAAAAB000
mem[X,0x000000008000128C] -> 0x0513
mem[X,0x000000008000128E] -> 0xAAA5
[1192] [M]: 0x000000008000128C (0xAAA50513) addi a0, a0, 2730
x10 <- 0xFFFFFFFFAAAAAAAA
mem[X,0x0000000080001290] -> 0x1513
mem[X,0x0000000080001292] -> 0x00B5
[1193] [M]: 0x0000000080001290 (0x00B51513) slli a0, a0, 11
x10 <- 0xFFFFFD5555555000
mem[X,0x0000000080001294] -> 0x0513
mem[X,0x0000000080001296] -> 0x5555
[1194] [M]: 0x0000000080001294 (0x55550513) addi a0, a0, 1365
x10 <- 0xFFFFFD5555555555
mem[X,0x0000000080001298] -> 0x1513
mem[X,0x000000008000129A] -> 0x00B5
[1195] [M]: 0x0000000080001298 (0x00B51513) slli a0, a0, 11
x10 <- 0xFFEAAAAAAAAAA800
mem[X,0x000000008000129C] -> 0x0513
mem[X,0x000000008000129E] -> 0x2AA5
[1196] [M]: 0x000000008000129C (0x2AA50513) addi a0, a0, 682
x10 <- 0xFFEAAAAAAAAAAAAA
mem[X,0x00000000800012A0] -> 0x1513
mem[X,0x00000000800012A2] -> 0x00A5
[1197] [M]: 0x00000000800012A0 (0x00A51513) slli a0, a0, 10
x10 <- 0xAAAAAAAAAAAAA800
mem[X,0x00000000800012A4] -> 0x0513
mem[X,0x00000000800012A6] -> 0x2AA5
[1198] [M]: 0x00000000800012A4 (0x2AA50513) addi a0, a0, 682
x10 <- 0xAAAAAAAAAAAAAAAA
mem[X,0x00000000800012A8] -> 0x3593
mem[X,0x00000000800012AA] -> 0x0035
[1199] [M]: 0x00000000800012A8 (0x00353593) sltiu a1, a0, 3
x11 <- 0x0000000000000000
clint::tick mtime <- 0x000000000000000C
 clint timer pending at mtime 0x000000000000000C
htif::tick 0x0000000000000000
mem[X,0x00000000800012AC] -> 0x3023
mem[X,0x00000000800012AE] -> 0x54B1
[1200] [M]: 0x00000000800012AC (0x54B13023) sd a1, 1344(sp)
mem[0x0000000080008708] <- 0x0000000000000000
mem[X,0x00000000800012B0] -> 0xB537
mem[X,0x00000000800012B2] -> 0xAAAA
[1201] [M]: 0x00000000800012B0 (0xAAAAB537) lui a0, 699051
x10 <- 0xFFFFFFFFAAAAB000
mem[X,0x00000000800012B4] -> 0x0513
mem[X,0x00000000800012B6] -> 0xAAA5
[1202] [M]: 0x00000000800012B4 (0xAAA50513) addi a0, a0, 2730
x10 <- 0xFFFFFFFFAAAAAAAA
mem[X,0x00000000800012B8] -> 0x1513
mem[X,0x00000000800012BA] -> 0x00B5
[1203] [M]: 0x00000000800012B8 (0x00B51513) slli a0, a0, 11
x10 <- 0xFFFFFD5555555000
mem[X,0x00000000800012BC] -> 0x0513
mem[X,0x00000000800012BE] -> 0x5555
[1204] [M]: 0x00000000800012BC (0x55550513) addi a0, a0, 1365
x10 <- 0xFFFFFD5555555555
mem[X,0x00000000800012C0] -> 0x1513
mem[X,0x00000000800012C2] -> 0x00B5
[1205] [M]: 0x00000000800012C0 (0x00B51513) slli a0, a0, 11
x10 <- 0xFFEAAAAAAAAAA800
mem[X,0x00000000800012C4] -> 0x0513
mem[X,0x00000000800012C6] -> 0x2AA5
[1206] [M]: 0x00000000800012C4 (0x2AA50513) addi a0, a0, 682
x10 <- 0xFFEAAAAAAAAAAAAA
mem[X,0x00000000800012C8] -> 0x1513
mem[X,0x00000000800012CA] -> 0x00A5
[1207] [M]: 0x00000000800012C8 (0x00A51513) slli a0, a0, 10
x10 <- 0xAAAAAAAAAAAAA800
mem[X,0x00000000800012CC] -> 0x0513
mem[X,0x00000000800012CE] -> 0x2AA5
[1208] [M]: 0x00000000800012CC (0x2AA50513) addi a0, a0, 682
x10 <- 0xAAAAAAAAAAAAAAAA
mem[X,0x00000000800012D0] -> 0x3593
mem[X,0x00000000800012D2] -> 0x5555
[1209] [M]: 0x00000000800012D0 (0x55553593) sltiu a1, a0, 1365
x11 <- 0x0000000000000000
mem[X,0x00000000800012D4] -> 0x3423
mem[X,0x00000000800012D6] -> 0x54B1
[1210] [M]: 0x00000000800012D4 (0x54B13423) sd a1, 1352(sp)
mem[0x0000000080008710] <- 0x0000000000000000
mem[X,0x00000000800012D8] -> 0xB537
mem[X,0x00000000800012DA] -> 0xAAAA
[1211] [M]: 0x00000000800012D8 (0xAAAAB537) lui a0, 699051
x10 <- 0xFFFFFFFFAAAAB000
mem[X,0x00000000800012DC] -> 0x0513
mem[X,0x00000000800012DE] -> 0xAAA5
[1212] [M]: 0x00000000800012DC (0xAAA50513) addi a0, a0, 2730
x10 <- 0xFFFFFFFFAAAAAAAA
mem[X,0x00000000800012E0] -> 0x1513
mem[X,0x00000000800012E2] -> 0x00B5
[1213] [M]: 0x00000000800012E0 (0x00B51513) slli a0, a0, 11
x10 <- 0xFFFFFD5555555000
mem[X,0x00000000800012E4] -> 0x0513
mem[X,0x00000000800012E6] -> 0x5555
[1214] [M]: 0x00000000800012E4 (0x55550513) addi a0, a0, 1365
x10 <- 0xFFFFFD5555555555
mem[X,0x00000000800012E8] -> 0x1513
mem[X,0x00000000800012EA] -> 0x00B5
[1215] [M]: 0x00000000800012E8 (0x00B51513) slli a0, a0, 11
x10 <- 0xFFEAAAAAAAAAA800
mem[X,0x00000000800012EC] -> 0x0513
mem[X,0x00000000800012EE] -> 0x2AA5
[1216] [M]: 0x00000000800012EC (0x2AA50513) addi a0, a0, 682
x10 <- 0xFFEAAAAAAAAAAAAA
mem[X,0x00000000800012F0] -> 0x1513
mem[X,0x00000000800012F2] -> 0x00A5
[1217] [M]: 0x00000000800012F0 (0x00A51513) slli a0, a0, 10
x10 <- 0xAAAAAAAAAAAAA800
mem[X,0x00000000800012F4] -> 0x0513
mem[X,0x00000000800012F6] -> 0x2AA5
[1218] [M]: 0x00000000800012F4 (0x2AA50513) addi a0, a0, 682
x10 <- 0xAAAAAAAAAAAAAAAA
mem[X,0x00000000800012F8] -> 0x3593
mem[X,0x00000000800012FA] -> 0xAAA5
[1219] [M]: 0x00000000800012F8 (0xAAA53593) sltiu a1, a0, 2730
x11 <- 0x0000000000000001
mem[X,0x00000000800012FC] -> 0x3823
mem[X,0x00000000800012FE] -> 0x54B1
[1220] [M]: 0x00000000800012FC (0x54B13823) sd a1, 1360(sp)
mem[0x0000000080008718] <- 0x0000000000000001
mem[X,0x0000000080001300] -> 0xB537
mem[X,0x0000000080001302] -> 0xAAAA
[1221] [M]: 0x0000000080001300 (0xAAAAB537) lui a0, 699051
x10 <- 0xFFFFFFFFAAAAB000
mem[X,0x0000000080001304] -> 0x0513
mem[X,0x0000000080001306] -> 0xAAA5
[1222] [M]: 0x0000000080001304 (0xAAA50513) addi a0, a0, 2730
x10 <- 0xFFFFFFFFAAAAAAAA
mem[X,0x0000000080001308] -> 0x1513
mem[X,0x000000008000130A] -> 0x00B5
[1223] [M]: 0x0000000080001308 (0x00B51513) slli a0, a0, 11
x10 <- 0xFFFFFD5555555000
mem[X,0x000000008000130C] -> 0x0513
mem[X,0x000000008000130E] -> 0x5555
[1224] [M]: 0x000000008000130C (0x55550513) addi a0, a0, 1365
x10 <- 0xFFFFFD5555555555
mem[X,0x0000000080001310] -> 0x1513
mem[X,0x0000000080001312] -> 0x00B5
[1225] [M]: 0x0000000080001310 (0x00B51513) slli a0, a0, 11
x10 <- 0xFFEAAAAAAAAAA800
mem[X,0x0000000080001314] -> 0x0513
mem[X,0x0000000080001316] -> 0x2AA5
[1226] [M]: 0x0000000080001314 (0x2AA50513) addi a0, a0, 682
x10 <- 0xFFEAAAAAAAAAAAAA
mem[X,0x0000000080001318] -> 0x1513
mem[X,0x000000008000131A] -> 0x00A5
[1227] [M]: 0x0000000080001318 (0x00A51513) slli a0, a0, 10
x10 <- 0xAAAAAAAAAAAAA800
mem[X,0x000000008000131C] -> 0x0513
mem[X,0x000000008000131E] -> 0x2AA5
[1228] [M]: 0x000000008000131C (0x2AA50513) addi a0, a0, 682
x10 <- 0xAAAAAAAAAAAAAAAA
mem[X,0x0000000080001320] -> 0x3593
mem[X,0x0000000080001322] -> 0x0055
[1229] [M]: 0x0000000080001320 (0x00553593) sltiu a1, a0, 5
x11 <- 0x0000000000000000
mem[X,0x0000000080001324] -> 0x3C23
mem[X,0x0000000080001326] -> 0x54B1
[1230] [M]: 0x0000000080001324 (0x54B13C23) sd a1, 1368(sp)
mem[0x0000000080008720] <- 0x0000000000000000
mem[X,0x0000000080001328] -> 0xB537
mem[X,0x000000008000132A] -> 0xAAAA
[1231] [M]: 0x0000000080001328 (0xAAAAB537) lui a0, 699051
x10 <- 0xFFFFFFFFAAAAB000
mem[X,0x000000008000132C] -> 0x0513
mem[X,0x000000008000132E] -> 0xAAA5
[1232] [M]: 0x000000008000132C (0xAAA50513) addi a0, a0, 2730
x10 <- 0xFFFFFFFFAAAAAAAA
mem[X,0x0000000080001330] -> 0x1513
mem[X,0x0000000080001332] -> 0x00B5
[1233] [M]: 0x0000000080001330 (0x00B51513) slli a0, a0, 11
x10 <- 0xFFFFFD5555555000
mem[X,0x0000000080001334] -> 0x0513
mem[X,0x0000000080001336] -> 0x5555
[1234] [M]: 0x0000000080001334 (0x55550513) addi a0, a0, 1365
x10 <- 0xFFFFFD5555555555
mem[X,0x0000000080001338] -> 0x1513
mem[X,0x000000008000133A] -> 0x00B5
[1235] [M]: 0x0000000080001338 (0x00B51513) slli a0, a0, 11
x10 <- 0xFFEAAAAAAAAAA800
mem[X,0x000000008000133C] -> 0x0513
mem[X,0x000000008000133E] -> 0x2AA5
[1236] [M]: 0x000000008000133C (0x2AA50513) addi a0, a0, 682
x10 <- 0xFFEAAAAAAAAAAAAA
mem[X,0x0000000080001340] -> 0x1513
mem[X,0x0000000080001342] -> 0x00A5
[1237] [M]: 0x0000000080001340 (0x00A51513) slli a0, a0, 10
x10 <- 0xAAAAAAAAAAAAA800
mem[X,0x0000000080001344] -> 0x0513
mem[X,0x0000000080001346] -> 0x2AA5
[1238] [M]: 0x0000000080001344 (0x2AA50513) addi a0, a0, 682
x10 <- 0xAAAAAAAAAAAAAAAA
mem[X,0x0000000080001348] -> 0x3593
mem[X,0x000000008000134A] -> 0x3335
[1239] [M]: 0x0000000080001348 (0x33353593) sltiu a1, a0, 819
x11 <- 0x0000000000000000
mem[X,0x000000008000134C] -> 0x3023
mem[X,0x000000008000134E] -> 0x56B1
[1240] [M]: 0x000000008000134C (0x56B13023) sd a1, 1376(sp)
mem[0x0000000080008728] <- 0x0000000000000000
mem[X,0x0000000080001350] -> 0xB537
mem[X,0x0000000080001352] -> 0xAAAA
[1241] [M]: 0x0000000080001350 (0xAAAAB537) lui a0, 699051
x10 <- 0xFFFFFFFFAAAAB000
mem[X,0x0000000080001354] -> 0x0513
mem[X,0x0000000080001356] -> 0xAAA5
[1242] [M]: 0x0000000080001354 (0xAAA50513) addi a0, a0, 2730
x10 <- 0xFFFFFFFFAAAAAAAA
mem[X,0x0000000080001358] -> 0x1513
mem[X,0x000000008000135A] -> 0x00B5
[1243] [M]: 0x0000000080001358 (0x00B51513) slli a0, a0, 11
x10 <- 0xFFFFFD5555555000
mem[X,0x000000008000135C] -> 0x0513
mem[X,0x000000008000135E] -> 0x5555
[1244] [M]: 0x000000008000135C (0x55550513) addi a0, a0, 1365
x10 <- 0xFFFFFD5555555555
mem[X,0x0000000080001360] -> 0x1513
mem[X,0x0000000080001362] -> 0x00B5
[1245] [M]: 0x0000000080001360 (0x00B51513) slli a0, a0, 11
x10 <- 0xFFEAAAAAAAAAA800
mem[X,0x0000000080001364] -> 0x0513
mem[X,0x0000000080001366] -> 0x2AA5
[1246] [M]: 0x0000000080001364 (0x2AA50513) addi a0, a0, 682
x10 <- 0xFFEAAAAAAAAAAAAA
mem[X,0x0000000080001368] -> 0x1513
mem[X,0x000000008000136A] -> 0x00A5
[1247] [M]: 0x0000000080001368 (0x00A51513) slli a0, a0, 10
x10 <- 0xAAAAAAAAAAAAA800
mem[X,0x000000008000136C] -> 0x0513
mem[X,0x000000008000136E] -> 0x2AA5
[1248] [M]: 0x000000008000136C (0x2AA50513) addi a0, a0, 682
x10 <- 0xAAAAAAAAAAAAAAAA
mem[X,0x0000000080001370] -> 0x3593
mem[X,0x0000000080001372] -> 0x6665
[1249] [M]: 0x0000000080001370 (0x66653593) sltiu a1, a0, 1638
x11 <- 0x0000000000000000
mem[X,0x0000000080001374] -> 0x3423
mem[X,0x0000000080001376] -> 0x56B1
[1250] [M]: 0x0000000080001374 (0x56B13423) sd a1, 1384(sp)
mem[0x0000000080008730] <- 0x0000000000000000
mem[X,0x0000000080001378] -> 0xB537
mem[X,0x000000008000137A] -> 0xAAAA
[1251] [M]: 0x0000000080001378 (0xAAAAB537) lui a0, 699051
x10 <- 0xFFFFFFFFAAAAB000
mem[X,0x000000008000137C] -> 0x0513
mem[X,0x000000008000137E] -> 0xAAA5
[1252] [M]: 0x000000008000137C (0xAAA50513) addi a0, a0, 2730
x10 <- 0xFFFFFFFFAAAAAAAA
mem[X,0x0000000080001380] -> 0x1513
mem[X,0x0000000080001382] -> 0x00B5
[1253] [M]: 0x0000000080001380 (0x00B51513) slli a0, a0, 11
x10 <- 0xFFFFFD5555555000
mem[X,0x0000000080001384] -> 0x0513
mem[X,0x0000000080001386] -> 0x5555
[1254] [M]: 0x0000000080001384 (0x55550513) addi a0, a0, 1365
x10 <- 0xFFFFFD5555555555
mem[X,0x0000000080001388] -> 0x1513
mem[X,0x000000008000138A] -> 0x00B5
[1255] [M]: 0x0000000080001388 (0x00B51513) slli a0, a0, 11
x10 <- 0xFFEAAAAAAAAAA800
mem[X,0x000000008000138C] -> 0x0513
mem[X,0x000000008000138E] -> 0x2AA5
[1256] [M]: 0x000000008000138C (0x2AA50513) addi a0, a0, 682
x10 <- 0xFFEAAAAAAAAAAAAA
mem[X,0x0000000080001390] -> 0x1513
mem[X,0x0000000080001392] -> 0x00A5
[1257] [M]: 0x0000000080001390 (0x00A51513) slli a0, a0, 10
x10 <- 0xAAAAAAAAAAAAA800
mem[X,0x0000000080001394] -> 0x0513
mem[X,0x0000000080001396] -> 0x2AA5
[1258] [M]: 0x0000000080001394 (0x2AA50513) addi a0, a0, 682
x10 <- 0xAAAAAAAAAAAAAAAA
mem[X,0x0000000080001398] -> 0x3593
mem[X,0x000000008000139A] -> 0x02D5
[1259] [M]: 0x0000000080001398 (0x02D53593) sltiu a1, a0, 45
x11 <- 0x0000000000000000
mem[X,0x000000008000139C] -> 0x3823
mem[X,0x000000008000139E] -> 0x56B1
[1260] [M]: 0x000000008000139C (0x56B13823) sd a1, 1392(sp)
mem[0x0000000080008738] <- 0x0000000000000000
mem[X,0x00000000800013A0] -> 0xB537
mem[X,0x00000000800013A2] -> 0xAAAA
[1261] [M]: 0x00000000800013A0 (0xAAAAB537) lui a0, 699051
x10 <- 0xFFFFFFFFAAAAB000
mem[X,0x00000000800013A4] -> 0x0513
mem[X,0x00000000800013A6] -> 0xAAA5
[1262] [M]: 0x00000000800013A4 (0xAAA50513) addi a0, a0, 2730
x10 <- 0xFFFFFFFFAAAAAAAA
mem[X,0x00000000800013A8] -> 0x1513
mem[X,0x00000000800013AA] -> 0x00B5
[1263] [M]: 0x00000000800013A8 (0x00B51513) slli a0, a0, 11
x10 <- 0xFFFFFD5555555000
mem[X,0x00000000800013AC] -> 0x0513
mem[X,0x00000000800013AE] -> 0x5555
[1264] [M]: 0x00000000800013AC (0x55550513) addi a0, a0, 1365
x10 <- 0xFFFFFD5555555555
mem[X,0x00000000800013B0] -> 0x1513
mem[X,0x00000000800013B2] -> 0x00B5
[1265] [M]: 0x00000000800013B0 (0x00B51513) slli a0, a0, 11
x10 <- 0xFFEAAAAAAAAAA800
mem[X,0x00000000800013B4] -> 0x0513
mem[X,0x00000000800013B6] -> 0x2AA5
[1266] [M]: 0x00000000800013B4 (0x2AA50513) addi a0, a0, 682
x10 <- 0xFFEAAAAAAAAAAAAA
mem[X,0x00000000800013B8] -> 0x1513
mem[X,0x00000000800013BA] -> 0x00A5
[1267] [M]: 0x00000000800013B8 (0x00A51513) slli a0, a0, 10
x10 <- 0xAAAAAAAAAAAAA800
mem[X,0x00000000800013BC] -> 0x0513
mem[X,0x00000000800013BE] -> 0x2AA5
[1268] [M]: 0x00000000800013BC (0x2AA50513) addi a0, a0, 682
x10 <- 0xAAAAAAAAAAAAAAAA
mem[X,0x00000000800013C0] -> 0x3593
mem[X,0x00000000800013C2] -> 0x0005
[1269] [M]: 0x00000000800013C0 (0x00053593) sltiu a1, a0, 0
x11 <- 0x0000000000000000
mem[X,0x00000000800013C4] -> 0x3C23
mem[X,0x00000000800013C6] -> 0x56B1
[1270] [M]: 0x00000000800013C4 (0x56B13C23) sd a1, 1400(sp)
mem[0x0000000080008740] <- 0x0000000000000000
mem[X,0x00000000800013C8] -> 0xB537
mem[X,0x00000000800013CA] -> 0xAAAA
[1271] [M]: 0x00000000800013C8 (0xAAAAB537) lui a0, 699051
x10 <- 0xFFFFFFFFAAAAB000
mem[X,0x00000000800013CC] -> 0x0513
mem[X,0x00000000800013CE] -> 0xAAA5
[1272] [M]: 0x00000000800013CC (0xAAA50513) addi a0, a0, 2730
x10 <- 0xFFFFFFFFAAAAAAAA
mem[X,0x00000000800013D0] -> 0x1513
mem[X,0x00000000800013D2] -> 0x00B5
[1273] [M]: 0x00000000800013D0 (0x00B51513) slli a0, a0, 11
x10 <- 0xFFFFFD5555555000
mem[X,0x00000000800013D4] -> 0x0513
mem[X,0x00000000800013D6] -> 0x5555
[1274] [M]: 0x00000000800013D4 (0x55550513) addi a0, a0, 1365
x10 <- 0xFFFFFD5555555555
mem[X,0x00000000800013D8] -> 0x1513
mem[X,0x00000000800013DA] -> 0x00B5
[1275] [M]: 0x00000000800013D8 (0x00B51513) slli a0, a0, 11
x10 <- 0xFFEAAAAAAAAAA800
mem[X,0x00000000800013DC] -> 0x0513
mem[X,0x00000000800013DE] -> 0x2AA5
[1276] [M]: 0x00000000800013DC (0x2AA50513) addi a0, a0, 682
x10 <- 0xFFEAAAAAAAAAAAAA
mem[X,0x00000000800013E0] -> 0x1513
mem[X,0x00000000800013E2] -> 0x00A5
[1277] [M]: 0x00000000800013E0 (0x00A51513) slli a0, a0, 10
x10 <- 0xAAAAAAAAAAAAA800
mem[X,0x00000000800013E4] -> 0x0513
mem[X,0x00000000800013E6] -> 0x2AA5
[1278] [M]: 0x00000000800013E4 (0x2AA50513) addi a0, a0, 682
x10 <- 0xAAAAAAAAAAAAAAAA
mem[X,0x00000000800013E8] -> 0x3593
mem[X,0x00000000800013EA] -> 0x03F5
[1279] [M]: 0x00000000800013E8 (0x03F53593) sltiu a1, a0, 63
x11 <- 0x0000000000000000
mem[X,0x00000000800013EC] -> 0x3023
mem[X,0x00000000800013EE] -> 0x58B1
[1280] [M]: 0x00000000800013EC (0x58B13023) sd a1, 1408(sp)
mem[0x0000000080008748] <- 0x0000000000000000
mem[X,0x00000000800013F0] -> 0xB537
mem[X,0x00000000800013F2] -> 0xAAAA
[1281] [M]: 0x00000000800013F0 (0xAAAAB537) lui a0, 699051
x10 <- 0xFFFFFFFFAAAAB000
mem[X,0x00000000800013F4] -> 0x0513
mem[X,0x00000000800013F6] -> 0xAAA5
[1282] [M]: 0x00000000800013F4 (0xAAA50513) addi a0, a0, 2730
x10 <- 0xFFFFFFFFAAAAAAAA
mem[X,0x00000000800013F8] -> 0x1513
mem[X,0x00000000800013FA] -> 0x00B5
[1283] [M]: 0x00000000800013F8 (0x00B51513) slli a0, a0, 11
x10 <- 0xFFFFFD5555555000
mem[X,0x00000000800013FC] -> 0x0513
mem[X,0x00000000800013FE] -> 0x5555
[1284] [M]: 0x00000000800013FC (0x55550513) addi a0, a0, 1365
x10 <- 0xFFFFFD5555555555
mem[X,0x0000000080001400] -> 0x1513
mem[X,0x0000000080001402] -> 0x00B5
[1285] [M]: 0x0000000080001400 (0x00B51513) slli a0, a0, 11
x10 <- 0xFFEAAAAAAAAAA800
mem[X,0x0000000080001404] -> 0x0513
mem[X,0x0000000080001406] -> 0x2AA5
[1286] [M]: 0x0000000080001404 (0x2AA50513) addi a0, a0, 682
x10 <- 0xFFEAAAAAAAAAAAAA
mem[X,0x0000000080001408] -> 0x1513
mem[X,0x000000008000140A] -> 0x00A5
[1287] [M]: 0x0000000080001408 (0x00A51513) slli a0, a0, 10
x10 <- 0xAAAAAAAAAAAAA800
mem[X,0x000000008000140C] -> 0x0513
mem[X,0x000000008000140E] -> 0x2AA5
[1288] [M]: 0x000000008000140C (0x2AA50513) addi a0, a0, 682
x10 <- 0xAAAAAAAAAAAAAAAA
mem[X,0x0000000080001410] -> 0x3593
mem[X,0x0000000080001412] -> 0x0025
[1289] [M]: 0x0000000080001410 (0x00253593) sltiu a1, a0, 2
x11 <- 0x0000000000000000
mem[X,0x0000000080001414] -> 0x3423
mem[X,0x0000000080001416] -> 0x58B1
[1290] [M]: 0x0000000080001414 (0x58B13423) sd a1, 1416(sp)
mem[0x0000000080008750] <- 0x0000000000000000
mem[X,0x0000000080001418] -> 0xB537
mem[X,0x000000008000141A] -> 0xAAAA
[1291] [M]: 0x0000000080001418 (0xAAAAB537) lui a0, 699051
x10 <- 0xFFFFFFFFAAAAB000
mem[X,0x000000008000141C] -> 0x0513
mem[X,0x000000008000141E] -> 0xAAA5
[1292] [M]: 0x000000008000141C (0xAAA50513) addi a0, a0, 2730
x10 <- 0xFFFFFFFFAAAAAAAA
mem[X,0x0000000080001420] -> 0x1513
mem[X,0x0000000080001422] -> 0x00B5
[1293] [M]: 0x0000000080001420 (0x00B51513) slli a0, a0, 11
x10 <- 0xFFFFFD5555555000
mem[X,0x0000000080001424] -> 0x0513
mem[X,0x0000000080001426] -> 0x5555
[1294] [M]: 0x0000000080001424 (0x55550513) addi a0, a0, 1365
x10 <- 0xFFFFFD5555555555
mem[X,0x0000000080001428] -> 0x1513
mem[X,0x000000008000142A] -> 0x00B5
[1295] [M]: 0x0000000080001428 (0x00B51513) slli a0, a0, 11
x10 <- 0xFFEAAAAAAAAAA800
mem[X,0x000000008000142C] -> 0x0513
mem[X,0x000000008000142E] -> 0x2AA5
[1296] [M]: 0x000000008000142C (0x2AA50513) addi a0, a0, 682
x10 <- 0xFFEAAAAAAAAAAAAA
mem[X,0x0000000080001430] -> 0x1513
mem[X,0x0000000080001432] -> 0x00A5
[1297] [M]: 0x0000000080001430 (0x00A51513) slli a0, a0, 10
x10 <- 0xAAAAAAAAAAAAA800
mem[X,0x0000000080001434] -> 0x0513
mem[X,0x0000000080001436] -> 0x2AA5
[1298] [M]: 0x0000000080001434 (0x2AA50513) addi a0, a0, 682
x10 <- 0xAAAAAAAAAAAAAAAA
mem[X,0x0000000080001438] -> 0x3593
mem[X,0x000000008000143A] -> 0x5545
[1299] [M]: 0x0000000080001438 (0x55453593) sltiu a1, a0, 1364
x11 <- 0x0000000000000000
clint::tick mtime <- 0x000000000000000D
 clint timer pending at mtime 0x000000000000000D
htif::tick 0x0000000000000000
mem[X,0x000000008000143C] -> 0x3823
mem[X,0x000000008000143E] -> 0x58B1
[1300] [M]: 0x000000008000143C (0x58B13823) sd a1, 1424(sp)
mem[0x0000000080008758] <- 0x0000000000000000
mem[X,0x0000000080001440] -> 0xB537
mem[X,0x0000000080001442] -> 0xAAAA
[1301] [M]: 0x0000000080001440 (0xAAAAB537) lui a0, 699051
x10 <- 0xFFFFFFFFAAAAB000
mem[X,0x0000000080001444] -> 0x0513
mem[X,0x0000000080001446] -> 0xAAA5
[1302] [M]: 0x0000000080001444 (0xAAA50513) addi a0, a0, 2730
x10 <- 0xFFFFFFFFAAAAAAAA
mem[X,0x0000000080001448] -> 0x1513
mem[X,0x000000008000144A] -> 0x00B5
[1303] [M]: 0x0000000080001448 (0x00B51513) slli a0, a0, 11
x10 <- 0xFFFFFD5555555000
mem[X,0x000000008000144C] -> 0x0513
mem[X,0x000000008000144E] -> 0x5555
[1304] [M]: 0x000000008000144C (0x55550513) addi a0, a0, 1365
x10 <- 0xFFFFFD5555555555
mem[X,0x0000000080001450] -> 0x1513
mem[X,0x0000000080001452] -> 0x00B5
[1305] [M]: 0x0000000080001450 (0x00B51513) slli a0, a0, 11
x10 <- 0xFFEAAAAAAAAAA800
mem[X,0x0000000080001454] -> 0x0513
mem[X,0x0000000080001456] -> 0x2AA5
[1306] [M]: 0x0000000080001454 (0x2AA50513) addi a0, a0, 682
x10 <- 0xFFEAAAAAAAAAAAAA
mem[X,0x0000000080001458] -> 0x1513
mem[X,0x000000008000145A] -> 0x00A5
[1307] [M]: 0x0000000080001458 (0x00A51513) slli a0, a0, 10
x10 <- 0xAAAAAAAAAAAAA800
mem[X,0x000000008000145C] -> 0x0513
mem[X,0x000000008000145E] -> 0x2AA5
[1308] [M]: 0x000000008000145C (0x2AA50513) addi a0, a0, 682
x10 <- 0xAAAAAAAAAAAAAAAA
mem[X,0x0000000080001460] -> 0x3593
mem[X,0x0000000080001462] -> 0xAA95
[1309] [M]: 0x0000000080001460 (0xAA953593) sltiu a1, a0, 2729
x11 <- 0x0000000000000001
mem[X,0x0000000080001464] -> 0x3C23
mem[X,0x0000000080001466] -> 0x58B1
[1310] [M]: 0x0000000080001464 (0x58B13C23) sd a1, 1432(sp)
mem[0x0000000080008760] <- 0x0000000000000001
mem[X,0x0000000080001468] -> 0xB537
mem[X,0x000000008000146A] -> 0xAAAA
[1311] [M]: 0x0000000080001468 (0xAAAAB537) lui a0, 699051
x10 <- 0xFFFFFFFFAAAAB000
mem[X,0x000000008000146C] -> 0x0513
mem[X,0x000000008000146E] -> 0xAAA5
[1312] [M]: 0x000000008000146C (0xAAA50513) addi a0, a0, 2730
x10 <- 0xFFFFFFFFAAAAAAAA
mem[X,0x0000000080001470] -> 0x1513
mem[X,0x0000000080001472] -> 0x00B5
[1313] [M]: 0x0000000080001470 (0x00B51513) slli a0, a0, 11
x10 <- 0xFFFFFD5555555000
mem[X,0x0000000080001474] -> 0x0513
mem[X,0x0000000080001476] -> 0x5555
[1314] [M]: 0x0000000080001474 (0x55550513) addi a0, a0, 1365
x10 <- 0xFFFFFD5555555555
mem[X,0x0000000080001478] -> 0x1513
mem[X,0x000000008000147A] -> 0x00B5
[1315] [M]: 0x0000000080001478 (0x00B51513) slli a0, a0, 11
x10 <- 0xFFEAAAAAAAAAA800
mem[X,0x000000008000147C] -> 0x0513
mem[X,0x000000008000147E] -> 0x2AA5
[1316] [M]: 0x000000008000147C (0x2AA50513) addi a0, a0, 682
x10 <- 0xFFEAAAAAAAAAAAAA
mem[X,0x0000000080001480] -> 0x1513
mem[X,0x0000000080001482] -> 0x00A5
[1317] [M]: 0x0000000080001480 (0x00A51513) slli a0, a0, 10
x10 <- 0xAAAAAAAAAAAAA800
mem[X,0x0000000080001484] -> 0x0513
mem[X,0x0000000080001486] -> 0x2AA5
[1318] [M]: 0x0000000080001484 (0x2AA50513) addi a0, a0, 682
x10 <- 0xAAAAAAAAAAAAAAAA
mem[X,0x0000000080001488] -> 0x3593
mem[X,0x000000008000148A] -> 0x0045
[1319] [M]: 0x0000000080001488 (0x00453593) sltiu a1, a0, 4
x11 <- 0x0000000000000000
mem[X,0x000000008000148C] -> 0x3023
mem[X,0x000000008000148E] -> 0x5AB1
[1320] [M]: 0x000000008000148C (0x5AB13023) sd a1, 1440(sp)
mem[0x0000000080008768] <- 0x0000000000000000
mem[X,0x0000000080001490] -> 0xB537
mem[X,0x0000000080001492] -> 0xAAAA
[1321] [M]: 0x0000000080001490 (0xAAAAB537) lui a0, 699051
x10 <- 0xFFFFFFFFAAAAB000
mem[X,0x0000000080001494] -> 0x0513
mem[X,0x0000000080001496] -> 0xAAA5
[1322] [M]: 0x0000000080001494 (0xAAA50513) addi a0, a0, 2730
x10 <- 0xFFFFFFFFAAAAAAAA
mem[X,0x0000000080001498] -> 0x1513
mem[X,0x000000008000149A] -> 0x00B5
[1323] [M]: 0x0000000080001498 (0x00B51513) slli a0, a0, 11
x10 <- 0xFFFFFD5555555000
mem[X,0x000000008000149C] -> 0x0513
mem[X,0x000000008000149E] -> 0x5555
[1324] [M]: 0x000000008000149C (0x55550513) addi a0, a0, 1365
x10 <- 0xFFFFFD5555555555
mem[X,0x00000000800014A0] -> 0x1513
mem[X,0x00000000800014A2] -> 0x00B5
[1325] [M]: 0x00000000800014A0 (0x00B51513) slli a0, a0, 11
x10 <- 0xFFEAAAAAAAAAA800
mem[X,0x00000000800014A4] -> 0x0513
mem[X,0x00000000800014A6] -> 0x2AA5
[1326] [M]: 0x00000000800014A4 (0x2AA50513) addi a0, a0, 682
x10 <- 0xFFEAAAAAAAAAAAAA
mem[X,0x00000000800014A8] -> 0x1513
mem[X,0x00000000800014AA] -> 0x00A5
[1327] [M]: 0x00000000800014A8 (0x00A51513) slli a0, a0, 10
x10 <- 0xAAAAAAAAAAAAA800
mem[X,0x00000000800014AC] -> 0x0513
mem[X,0x00000000800014AE] -> 0x2AA5
[1328] [M]: 0x00000000800014AC (0x2AA50513) addi a0, a0, 682
x10 <- 0xAAAAAAAAAAAAAAAA
mem[X,0x00000000800014B0] -> 0x3593
mem[X,0x00000000800014B2] -> 0x3325
[1329] [M]: 0x00000000800014B0 (0x33253593) sltiu a1, a0, 818
x11 <- 0x0000000000000000
mem[X,0x00000000800014B4] -> 0x3423
mem[X,0x00000000800014B6] -> 0x5AB1
[1330] [M]: 0x00000000800014B4 (0x5AB13423) sd a1, 1448(sp)
mem[0x0000000080008770] <- 0x0000000000000000
mem[X,0x00000000800014B8] -> 0xB537
mem[X,0x00000000800014BA] -> 0xAAAA
[1331] [M]: 0x00000000800014B8 (0xAAAAB537) lui a0, 699051
x10 <- 0xFFFFFFFFAAAAB000
mem[X,0x00000000800014BC] -> 0x0513
mem[X,0x00000000800014BE] -> 0xAAA5
[1332] [M]: 0x00000000800014BC (0xAAA50513) addi a0, a0, 2730
x10 <- 0xFFFFFFFFAAAAAAAA
mem[X,0x00000000800014C0] -> 0x1513
mem[X,0x00000000800014C2] -> 0x00B5
[1333] [M]: 0x00000000800014C0 (0x00B51513) slli a0, a0, 11
x10 <- 0xFFFFFD5555555000
mem[X,0x00000000800014C4] -> 0x0513
mem[X,0x00000000800014C6] -> 0x5555
[1334] [M]: 0x00000000800014C4 (0x55550513) addi a0, a0, 1365
x10 <- 0xFFFFFD5555555555
mem[X,0x00000000800014C8] -> 0x1513
mem[X,0x00000000800014CA] -> 0x00B5
[1335] [M]: 0x00000000800014C8 (0x00B51513) slli a0, a0, 11
x10 <- 0xFFEAAAAAAAAAA800
mem[X,0x00000000800014CC] -> 0x0513
mem[X,0x00000000800014CE] -> 0x2AA5
[1336] [M]: 0x00000000800014CC (0x2AA50513) addi a0, a0, 682
x10 <- 0xFFEAAAAAAAAAAAAA
mem[X,0x00000000800014D0] -> 0x1513
mem[X,0x00000000800014D2] -> 0x00A5
[1337] [M]: 0x00000000800014D0 (0x00A51513) slli a0, a0, 10
x10 <- 0xAAAAAAAAAAAAA800
mem[X,0x00000000800014D4] -> 0x0513
mem[X,0x00000000800014D6] -> 0x2AA5
[1338] [M]: 0x00000000800014D4 (0x2AA50513) addi a0, a0, 682
x10 <- 0xAAAAAAAAAAAAAAAA
mem[X,0x00000000800014D8] -> 0x3593
mem[X,0x00000000800014DA] -> 0x6655
[1339] [M]: 0x00000000800014D8 (0x66553593) sltiu a1, a0, 1637
x11 <- 0x0000000000000000
mem[X,0x00000000800014DC] -> 0x3823
mem[X,0x00000000800014DE] -> 0x5AB1
[1340] [M]: 0x00000000800014DC (0x5AB13823) sd a1, 1456(sp)
mem[0x0000000080008778] <- 0x0000000000000000
mem[X,0x00000000800014E0] -> 0xB537
mem[X,0x00000000800014E2] -> 0xAAAA
[1341] [M]: 0x00000000800014E0 (0xAAAAB537) lui a0, 699051
x10 <- 0xFFFFFFFFAAAAB000
mem[X,0x00000000800014E4] -> 0x0513
mem[X,0x00000000800014E6] -> 0xAAA5
[1342] [M]: 0x00000000800014E4 (0xAAA50513) addi a0, a0, 2730
x10 <- 0xFFFFFFFFAAAAAAAA
mem[X,0x00000000800014E8] -> 0x1513
mem[X,0x00000000800014EA] -> 0x00B5
[1343] [M]: 0x00000000800014E8 (0x00B51513) slli a0, a0, 11
x10 <- 0xFFFFFD5555555000
mem[X,0x00000000800014EC] -> 0x0513
mem[X,0x00000000800014EE] -> 0x5555
[1344] [M]: 0x00000000800014EC (0x55550513) addi a0, a0, 1365
x10 <- 0xFFFFFD5555555555
mem[X,0x00000000800014F0] -> 0x1513
mem[X,0x00000000800014F2] -> 0x00B5
[1345] [M]: 0x00000000800014F0 (0x00B51513) slli a0, a0, 11
x10 <- 0xFFEAAAAAAAAAA800
mem[X,0x00000000800014F4] -> 0x0513
mem[X,0x00000000800014F6] -> 0x2AA5
[1346] [M]: 0x00000000800014F4 (0x2AA50513) addi a0, a0, 682
x10 <- 0xFFEAAAAAAAAAAAAA
mem[X,0x00000000800014F8] -> 0x1513
mem[X,0x00000000800014FA] -> 0x00A5
[1347] [M]: 0x00000000800014F8 (0x00A51513) slli a0, a0, 10
x10 <- 0xAAAAAAAAAAAAA800
mem[X,0x00000000800014FC] -> 0x0513
mem[X,0x00000000800014FE] -> 0x2AA5
[1348] [M]: 0x00000000800014FC (0x2AA50513) addi a0, a0, 682
x10 <- 0xAAAAAAAAAAAAAAAA
mem[X,0x0000000080001500] -> 0x3593
mem[X,0x0000000080001502] -> 0x02C5
[1349] [M]: 0x0000000080001500 (0x02C53593) sltiu a1, a0, 44
x11 <- 0x0000000000000000
mem[X,0x0000000080001504] -> 0x3C23
mem[X,0x0000000080001506] -> 0x5AB1
[1350] [M]: 0x0000000080001504 (0x5AB13C23) sd a1, 1464(sp)
mem[0x0000000080008780] <- 0x0000000000000000
mem[X,0x0000000080001508] -> 0xB537
mem[X,0x000000008000150A] -> 0xAAAA
[1351] [M]: 0x0000000080001508 (0xAAAAB537) lui a0, 699051
x10 <- 0xFFFFFFFFAAAAB000
mem[X,0x000000008000150C] -> 0x0513
mem[X,0x000000008000150E] -> 0xAAA5
[1352] [M]: 0x000000008000150C (0xAAA50513) addi a0, a0, 2730
x10 <- 0xFFFFFFFFAAAAAAAA
mem[X,0x0000000080001510] -> 0x1513
mem[X,0x0000000080001512] -> 0x00B5
[1353] [M]: 0x0000000080001510 (0x00B51513) slli a0, a0, 11
x10 <- 0xFFFFFD5555555000
mem[X,0x0000000080001514] -> 0x0513
mem[X,0x0000000080001516] -> 0x5555
[1354] [M]: 0x0000000080001514 (0x55550513) addi a0, a0, 1365
x10 <- 0xFFFFFD5555555555
mem[X,0x0000000080001518] -> 0x1513
mem[X,0x000000008000151A] -> 0x00B5
[1355] [M]: 0x0000000080001518 (0x00B51513) slli a0, a0, 11
x10 <- 0xFFEAAAAAAAAAA800
mem[X,0x000000008000151C] -> 0x0513
mem[X,0x000000008000151E] -> 0x2AA5
[1356] [M]: 0x000000008000151C (0x2AA50513) addi a0, a0, 682
x10 <- 0xFFEAAAAAAAAAAAAA
mem[X,0x0000000080001520] -> 0x1513
mem[X,0x0000000080001522] -> 0x00A5
[1357] [M]: 0x0000000080001520 (0x00A51513) slli a0, a0, 10
x10 <- 0xAAAAAAAAAAAAA800
mem[X,0x0000000080001524] -> 0x0513
mem[X,0x0000000080001526] -> 0x2AA5
[1358] [M]: 0x0000000080001524 (0x2AA50513) addi a0, a0, 682
x10 <- 0xAAAAAAAAAAAAAAAA
mem[X,0x0000000080001528] -> 0x3593
mem[X,0x000000008000152A] -> 0x03E5
[1359] [M]: 0x0000000080001528 (0x03E53593) sltiu a1, a0, 62
x11 <- 0x0000000000000000
mem[X,0x000000008000152C] -> 0x3023
mem[X,0x000000008000152E] -> 0x5CB1
[1360] [M]: 0x000000008000152C (0x5CB13023) sd a1, 1472(sp)
mem[0x0000000080008788] <- 0x0000000000000000
mem[X,0x0000000080001530] -> 0xB537
mem[X,0x0000000080001532] -> 0xAAAA
[1361] [M]: 0x0000000080001530 (0xAAAAB537) lui a0, 699051
x10 <- 0xFFFFFFFFAAAAB000
mem[X,0x0000000080001534] -> 0x0513
mem[X,0x0000000080001536] -> 0xAAA5
[1362] [M]: 0x0000000080001534 (0xAAA50513) addi a0, a0, 2730
x10 <- 0xFFFFFFFFAAAAAAAA
mem[X,0x0000000080001538] -> 0x1513
mem[X,0x000000008000153A] -> 0x00B5
[1363] [M]: 0x0000000080001538 (0x00B51513) slli a0, a0, 11
x10 <- 0xFFFFFD5555555000
mem[X,0x000000008000153C] -> 0x0513
mem[X,0x000000008000153E] -> 0x5555
[1364] [M]: 0x000000008000153C (0x55550513) addi a0, a0, 1365
x10 <- 0xFFFFFD5555555555
mem[X,0x0000000080001540] -> 0x1513
mem[X,0x0000000080001542] -> 0x00B5
[1365] [M]: 0x0000000080001540 (0x00B51513) slli a0, a0, 11
x10 <- 0xFFEAAAAAAAAAA800
mem[X,0x0000000080001544] -> 0x0513
mem[X,0x0000000080001546] -> 0x2AA5
[1366] [M]: 0x0000000080001544 (0x2AA50513) addi a0, a0, 682
x10 <- 0xFFEAAAAAAAAAAAAA
mem[X,0x0000000080001548] -> 0x1513
mem[X,0x000000008000154A] -> 0x00A5
[1367] [M]: 0x0000000080001548 (0x00A51513) slli a0, a0, 10
x10 <- 0xAAAAAAAAAAAAA800
mem[X,0x000000008000154C] -> 0x0513
mem[X,0x000000008000154E] -> 0x2AA5
[1368] [M]: 0x000000008000154C (0x2AA50513) addi a0, a0, 682
x10 <- 0xAAAAAAAAAAAAAAAA
mem[X,0x0000000080001550] -> 0x3593
mem[X,0x0000000080001552] -> 0x5565
[1369] [M]: 0x0000000080001550 (0x55653593) sltiu a1, a0, 1366
x11 <- 0x0000000000000000
mem[X,0x0000000080001554] -> 0x3423
mem[X,0x0000000080001556] -> 0x5CB1
[1370] [M]: 0x0000000080001554 (0x5CB13423) sd a1, 1480(sp)
mem[0x0000000080008790] <- 0x0000000000000000
mem[X,0x0000000080001558] -> 0xB537
mem[X,0x000000008000155A] -> 0xAAAA
[1371] [M]: 0x0000000080001558 (0xAAAAB537) lui a0, 699051
x10 <- 0xFFFFFFFFAAAAB000
mem[X,0x000000008000155C] -> 0x0513
mem[X,0x000000008000155E] -> 0xAAA5
[1372] [M]: 0x000000008000155C (0xAAA50513) addi a0, a0, 2730
x10 <- 0xFFFFFFFFAAAAAAAA
mem[X,0x0000000080001560] -> 0x1513
mem[X,0x0000000080001562] -> 0x00B5
[1373] [M]: 0x0000000080001560 (0x00B51513) slli a0, a0, 11
x10 <- 0xFFFFFD5555555000
mem[X,0x0000000080001564] -> 0x0513
mem[X,0x0000000080001566] -> 0x5555
[1374] [M]: 0x0000000080001564 (0x55550513) addi a0, a0, 1365
x10 <- 0xFFFFFD5555555555
mem[X,0x0000000080001568] -> 0x1513
mem[X,0x000000008000156A] -> 0x00B5
[1375] [M]: 0x0000000080001568 (0x00B51513) slli a0, a0, 11
x10 <- 0xFFEAAAAAAAAAA800
mem[X,0x000000008000156C] -> 0x0513
mem[X,0x000000008000156E] -> 0x2AA5
[1376] [M]: 0x000000008000156C (0x2AA50513) addi a0, a0, 682
x10 <- 0xFFEAAAAAAAAAAAAA
mem[X,0x0000000080001570] -> 0x1513
mem[X,0x0000000080001572] -> 0x00A5
[1377] [M]: 0x0000000080001570 (0x00A51513) slli a0, a0, 10
x10 <- 0xAAAAAAAAAAAAA800
mem[X,0x0000000080001574] -> 0x0513
mem[X,0x0000000080001576] -> 0x2AA5
[1378] [M]: 0x0000000080001574 (0x2AA50513) addi a0, a0, 682
x10 <- 0xAAAAAAAAAAAAAAAA
mem[X,0x0000000080001578] -> 0x3593
mem[X,0x000000008000157A] -> 0xAAB5
[1379] [M]: 0x0000000080001578 (0xAAB53593) sltiu a1, a0, 2731
x11 <- 0x0000000000000001
mem[X,0x000000008000157C] -> 0x3823
mem[X,0x000000008000157E] -> 0x5CB1
[1380] [M]: 0x000000008000157C (0x5CB13823) sd a1, 1488(sp)
mem[0x0000000080008798] <- 0x0000000000000001
mem[X,0x0000000080001580] -> 0xB537
mem[X,0x0000000080001582] -> 0xAAAA
[1381] [M]: 0x0000000080001580 (0xAAAAB537) lui a0, 699051
x10 <- 0xFFFFFFFFAAAAB000
mem[X,0x0000000080001584] -> 0x0513
mem[X,0x0000000080001586] -> 0xAAA5
[1382] [M]: 0x0000000080001584 (0xAAA50513) addi a0, a0, 2730
x10 <- 0xFFFFFFFFAAAAAAAA
mem[X,0x0000000080001588] -> 0x1513
mem[X,0x000000008000158A] -> 0x00B5
[1383] [M]: 0x0000000080001588 (0x00B51513) slli a0, a0, 11
x10 <- 0xFFFFFD5555555000
mem[X,0x000000008000158C] -> 0x0513
mem[X,0x000000008000158E] -> 0x5555
[1384] [M]: 0x000000008000158C (0x55550513) addi a0, a0, 1365
x10 <- 0xFFFFFD5555555555
mem[X,0x0000000080001590] -> 0x1513
mem[X,0x0000000080001592] -> 0x00B5
[1385] [M]: 0x0000000080001590 (0x00B51513) slli a0, a0, 11
x10 <- 0xFFEAAAAAAAAAA800
mem[X,0x0000000080001594] -> 0x0513
mem[X,0x0000000080001596] -> 0x2AA5
[1386] [M]: 0x0000000080001594 (0x2AA50513) addi a0, a0, 682
x10 <- 0xFFEAAAAAAAAAAAAA
mem[X,0x0000000080001598] -> 0x1513
mem[X,0x000000008000159A] -> 0x00A5
[1387] [M]: 0x0000000080001598 (0x00A51513) slli a0, a0, 10
x10 <- 0xAAAAAAAAAAAAA800
mem[X,0x000000008000159C] -> 0x0513
mem[X,0x000000008000159E] -> 0x2AA5
[1388] [M]: 0x000000008000159C (0x2AA50513) addi a0, a0, 682
x10 <- 0xAAAAAAAAAAAAAAAA
mem[X,0x00000000800015A0] -> 0x3593
mem[X,0x00000000800015A2] -> 0x0065
[1389] [M]: 0x00000000800015A0 (0x00653593) sltiu a1, a0, 6
x11 <- 0x0000000000000000
mem[X,0x00000000800015A4] -> 0x3C23
mem[X,0x00000000800015A6] -> 0x5CB1
[1390] [M]: 0x00000000800015A4 (0x5CB13C23) sd a1, 1496(sp)
mem[0x00000000800087A0] <- 0x0000000000000000
mem[X,0x00000000800015A8] -> 0xB537
mem[X,0x00000000800015AA] -> 0xAAAA
[1391] [M]: 0x00000000800015A8 (0xAAAAB537) lui a0, 699051
x10 <- 0xFFFFFFFFAAAAB000
mem[X,0x00000000800015AC] -> 0x0513
mem[X,0x00000000800015AE] -> 0xAAA5
[1392] [M]: 0x00000000800015AC (0xAAA50513) addi a0, a0, 2730
x10 <- 0xFFFFFFFFAAAAAAAA
mem[X,0x00000000800015B0] -> 0x1513
mem[X,0x00000000800015B2] -> 0x00B5
[1393] [M]: 0x00000000800015B0 (0x00B51513) slli a0, a0, 11
x10 <- 0xFFFFFD5555555000
mem[X,0x00000000800015B4] -> 0x0513
mem[X,0x00000000800015B6] -> 0x5555
[1394] [M]: 0x00000000800015B4 (0x55550513) addi a0, a0, 1365
x10 <- 0xFFFFFD5555555555
mem[X,0x00000000800015B8] -> 0x1513
mem[X,0x00000000800015BA] -> 0x00B5
[1395] [M]: 0x00000000800015B8 (0x00B51513) slli a0, a0, 11
x10 <- 0xFFEAAAAAAAAAA800
mem[X,0x00000000800015BC] -> 0x0513
mem[X,0x00000000800015BE] -> 0x2AA5
[1396] [M]: 0x00000000800015BC (0x2AA50513) addi a0, a0, 682
x10 <- 0xFFEAAAAAAAAAAAAA
mem[X,0x00000000800015C0] -> 0x1513
mem[X,0x00000000800015C2] -> 0x00A5
[1397] [M]: 0x00000000800015C0 (0x00A51513) slli a0, a0, 10
x10 <- 0xAAAAAAAAAAAAA800
mem[X,0x00000000800015C4] -> 0x0513
mem[X,0x00000000800015C6] -> 0x2AA5
[1398] [M]: 0x00000000800015C4 (0x2AA50513) addi a0, a0, 682
x10 <- 0xAAAAAAAAAAAAAAAA
mem[X,0x00000000800015C8] -> 0x3593
mem[X,0x00000000800015CA] -> 0x3345
[1399] [M]: 0x00000000800015C8 (0x33453593) sltiu a1, a0, 820
x11 <- 0x0000000000000000
clint::tick mtime <- 0x000000000000000E
 clint timer pending at mtime 0x000000000000000E
htif::tick 0x0000000000000000
mem[X,0x00000000800015CC] -> 0x3023
mem[X,0x00000000800015CE] -> 0x5EB1
[1400] [M]: 0x00000000800015CC (0x5EB13023) sd a1, 1504(sp)
mem[0x00000000800087A8] <- 0x0000000000000000
mem[X,0x00000000800015D0] -> 0xB537
mem[X,0x00000000800015D2] -> 0xAAAA
[1401] [M]: 0x00000000800015D0 (0xAAAAB537) lui a0, 699051
x10 <- 0xFFFFFFFFAAAAB000
mem[X,0x00000000800015D4] -> 0x0513
mem[X,0x00000000800015D6] -> 0xAAA5
[1402] [M]: 0x00000000800015D4 (0xAAA50513) addi a0, a0, 2730
x10 <- 0xFFFFFFFFAAAAAAAA
mem[X,0x00000000800015D8] -> 0x1513
mem[X,0x00000000800015DA] -> 0x00B5
[1403] [M]: 0x00000000800015D8 (0x00B51513) slli a0, a0, 11
x10 <- 0xFFFFFD5555555000
mem[X,0x00000000800015DC] -> 0x0513
mem[X,0x00000000800015DE] -> 0x5555
[1404] [M]: 0x00000000800015DC (0x55550513) addi a0, a0, 1365
x10 <- 0xFFFFFD5555555555
mem[X,0x00000000800015E0] -> 0x1513
mem[X,0x00000000800015E2] -> 0x00B5
[1405] [M]: 0x00000000800015E0 (0x00B51513) slli a0, a0, 11
x10 <- 0xFFEAAAAAAAAAA800
mem[X,0x00000000800015E4] -> 0x0513
mem[X,0x00000000800015E6] -> 0x2AA5
[1406] [M]: 0x00000000800015E4 (0x2AA50513) addi a0, a0, 682
x10 <- 0xFFEAAAAAAAAAAAAA
mem[X,0x00000000800015E8] -> 0x1513
mem[X,0x00000000800015EA] -> 0x00A5
[1407] [M]: 0x00000000800015E8 (0x00A51513) slli a0, a0, 10
x10 <- 0xAAAAAAAAAAAAA800
mem[X,0x00000000800015EC] -> 0x0513
mem[X,0x00000000800015EE] -> 0x2AA5
[1408] [M]: 0x00000000800015EC (0x2AA50513) addi a0, a0, 682
x10 <- 0xAAAAAAAAAAAAAAAA
mem[X,0x00000000800015F0] -> 0x3593
mem[X,0x00000000800015F2] -> 0x6675
[1409] [M]: 0x00000000800015F0 (0x66753593) sltiu a1, a0, 1639
x11 <- 0x0000000000000000
mem[X,0x00000000800015F4] -> 0x3423
mem[X,0x00000000800015F6] -> 0x5EB1
[1410] [M]: 0x00000000800015F4 (0x5EB13423) sd a1, 1512(sp)
mem[0x00000000800087B0] <- 0x0000000000000000
mem[X,0x00000000800015F8] -> 0xB537
mem[X,0x00000000800015FA] -> 0xAAAA
[1411] [M]: 0x00000000800015F8 (0xAAAAB537) lui a0, 699051
x10 <- 0xFFFFFFFFAAAAB000
mem[X,0x00000000800015FC] -> 0x0513
mem[X,0x00000000800015FE] -> 0xAAA5
[1412] [M]: 0x00000000800015FC (0xAAA50513) addi a0, a0, 2730
x10 <- 0xFFFFFFFFAAAAAAAA
mem[X,0x0000000080001600] -> 0x1513
mem[X,0x0000000080001602] -> 0x00B5
[1413] [M]: 0x0000000080001600 (0x00B51513) slli a0, a0, 11
x10 <- 0xFFFFFD5555555000
mem[X,0x0000000080001604] -> 0x0513
mem[X,0x0000000080001606] -> 0x5555
[1414] [M]: 0x0000000080001604 (0x55550513) addi a0, a0, 1365
x10 <- 0xFFFFFD5555555555
mem[X,0x0000000080001608] -> 0x1513
mem[X,0x000000008000160A] -> 0x00B5
[1415] [M]: 0x0000000080001608 (0x00B51513) slli a0, a0, 11
x10 <- 0xFFEAAAAAAAAAA800
mem[X,0x000000008000160C] -> 0x0513
mem[X,0x000000008000160E] -> 0x2AA5
[1416] [M]: 0x000000008000160C (0x2AA50513) addi a0, a0, 682
x10 <- 0xFFEAAAAAAAAAAAAA
mem[X,0x0000000080001610] -> 0x1513
mem[X,0x0000000080001612] -> 0x00A5
[1417] [M]: 0x0000000080001610 (0x00A51513) slli a0, a0, 10
x10 <- 0xAAAAAAAAAAAAA800
mem[X,0x0000000080001614] -> 0x0513
mem[X,0x0000000080001616] -> 0x2AA5
[1418] [M]: 0x0000000080001614 (0x2AA50513) addi a0, a0, 682
x10 <- 0xAAAAAAAAAAAAAAAA
mem[X,0x0000000080001618] -> 0x3593
mem[X,0x000000008000161A] -> 0x02E5
[1419] [M]: 0x0000000080001618 (0x02E53593) sltiu a1, a0, 46
x11 <- 0x0000000000000000
mem[X,0x000000008000161C] -> 0x3823
mem[X,0x000000008000161E] -> 0x5EB1
[1420] [M]: 0x000000008000161C (0x5EB13823) sd a1, 1520(sp)
mem[0x00000000800087B8] <- 0x0000000000000000
mem[X,0x0000000080001620] -> 0xB537
mem[X,0x0000000080001622] -> 0xAAAA
[1421] [M]: 0x0000000080001620 (0xAAAAB537) lui a0, 699051
x10 <- 0xFFFFFFFFAAAAB000
mem[X,0x0000000080001624] -> 0x0513
mem[X,0x0000000080001626] -> 0xAAA5
[1422] [M]: 0x0000000080001624 (0xAAA50513) addi a0, a0, 2730
x10 <- 0xFFFFFFFFAAAAAAAA
mem[X,0x0000000080001628] -> 0x1513
mem[X,0x000000008000162A] -> 0x00B5
[1423] [M]: 0x0000000080001628 (0x00B51513) slli a0, a0, 11
x10 <- 0xFFFFFD5555555000
mem[X,0x000000008000162C] -> 0x0513
mem[X,0x000000008000162E] -> 0x5555
[1424] [M]: 0x000000008000162C (0x55550513) addi a0, a0, 1365
x10 <- 0xFFFFFD5555555555
mem[X,0x0000000080001630] -> 0x1513
mem[X,0x0000000080001632] -> 0x00B5
[1425] [M]: 0x0000000080001630 (0x00B51513) slli a0, a0, 11
x10 <- 0xFFEAAAAAAAAAA800
mem[X,0x0000000080001634] -> 0x0513
mem[X,0x0000000080001636] -> 0x2AA5
[1426] [M]: 0x0000000080001634 (0x2AA50513) addi a0, a0, 682
x10 <- 0xFFEAAAAAAAAAAAAA
mem[X,0x0000000080001638] -> 0x1513
mem[X,0x000000008000163A] -> 0x00A5
[1427] [M]: 0x0000000080001638 (0x00A51513) slli a0, a0, 10
x10 <- 0xAAAAAAAAAAAAA800
mem[X,0x000000008000163C] -> 0x0513
mem[X,0x000000008000163E] -> 0x2AA5
[1428] [M]: 0x000000008000163C (0x2AA50513) addi a0, a0, 682
x10 <- 0xAAAAAAAAAAAAAAAA
mem[X,0x0000000080001640] -> 0x3593
mem[X,0x0000000080001642] -> 0x0015
[1429] [M]: 0x0000000080001640 (0x00153593) sltiu a1, a0, 1
x11 <- 0x0000000000000000
mem[X,0x0000000080001644] -> 0x3C23
mem[X,0x0000000080001646] -> 0x5EB1
[1430] [M]: 0x0000000080001644 (0x5EB13C23) sd a1, 1528(sp)
mem[0x00000000800087C0] <- 0x0000000000000000
mem[X,0x0000000080001648] -> 0x0513
mem[X,0x000000008000164A] -> 0x0050
[1431] [M]: 0x0000000080001648 (0x00500513) addi a0, zero, 5
x10 <- 0x0000000000000005
mem[X,0x000000008000164C] -> 0x3593
mem[X,0x000000008000164E] -> 0x0035
[1432] [M]: 0x000000008000164C (0x00353593) sltiu a1, a0, 3
x11 <- 0x0000000000000000
mem[X,0x0000000080001650] -> 0x3023
mem[X,0x0000000080001652] -> 0x60B1
[1433] [M]: 0x0000000080001650 (0x60B13023) sd a1, 1536(sp)
mem[0x00000000800087C8] <- 0x0000000000000000
mem[X,0x0000000080001654] -> 0x0513
mem[X,0x0000000080001656] -> 0x0050
[1434] [M]: 0x0000000080001654 (0x00500513) addi a0, zero, 5
x10 <- 0x0000000000000005
mem[X,0x0000000080001658] -> 0x3593
mem[X,0x000000008000165A] -> 0x5555
[1435] [M]: 0x0000000080001658 (0x55553593) sltiu a1, a0, 1365
x11 <- 0x0000000000000001
mem[X,0x000000008000165C] -> 0x3423
mem[X,0x000000008000165E] -> 0x60B1
[1436] [M]: 0x000000008000165C (0x60B13423) sd a1, 1544(sp)
mem[0x00000000800087D0] <- 0x0000000000000001
mem[X,0x0000000080001660] -> 0x0513
mem[X,0x0000000080001662] -> 0x0050
[1437] [M]: 0x0000000080001660 (0x00500513) addi a0, zero, 5
x10 <- 0x0000000000000005
mem[X,0x0000000080001664] -> 0x3593
mem[X,0x0000000080001666] -> 0xAAA5
[1438] [M]: 0x0000000080001664 (0xAAA53593) sltiu a1, a0, 2730
x11 <- 0x0000000000000001
mem[X,0x0000000080001668] -> 0x3823
mem[X,0x000000008000166A] -> 0x60B1
[1439] [M]: 0x0000000080001668 (0x60B13823) sd a1, 1552(sp)
mem[0x00000000800087D8] <- 0x0000000000000001
mem[X,0x000000008000166C] -> 0x0513
mem[X,0x000000008000166E] -> 0x0050
[1440] [M]: 0x000000008000166C (0x00500513) addi a0, zero, 5
x10 <- 0x0000000000000005
mem[X,0x0000000080001670] -> 0x3593
mem[X,0x0000000080001672] -> 0x0055
[1441] [M]: 0x0000000080001670 (0x00553593) sltiu a1, a0, 5
x11 <- 0x0000000000000000
mem[X,0x0000000080001674] -> 0x3C23
mem[X,0x0000000080001676] -> 0x60B1
[1442] [M]: 0x0000000080001674 (0x60B13C23) sd a1, 1560(sp)
mem[0x00000000800087E0] <- 0x0000000000000000
mem[X,0x0000000080001678] -> 0x0513
mem[X,0x000000008000167A] -> 0x0050
[1443] [M]: 0x0000000080001678 (0x00500513) addi a0, zero, 5
x10 <- 0x0000000000000005
mem[X,0x000000008000167C] -> 0x3593
mem[X,0x000000008000167E] -> 0x3335
[1444] [M]: 0x000000008000167C (0x33353593) sltiu a1, a0, 819
x11 <- 0x0000000000000001
mem[X,0x0000000080001680] -> 0x3023
mem[X,0x0000000080001682] -> 0x62B1
[1445] [M]: 0x0000000080001680 (0x62B13023) sd a1, 1568(sp)
mem[0x00000000800087E8] <- 0x0000000000000001
mem[X,0x0000000080001684] -> 0x0513
mem[X,0x0000000080001686] -> 0x0050
[1446] [M]: 0x0000000080001684 (0x00500513) addi a0, zero, 5
x10 <- 0x0000000000000005
mem[X,0x0000000080001688] -> 0x3593
mem[X,0x000000008000168A] -> 0x6665
[1447] [M]: 0x0000000080001688 (0x66653593) sltiu a1, a0, 1638
x11 <- 0x0000000000000001
mem[X,0x000000008000168C] -> 0x3423
mem[X,0x000000008000168E] -> 0x62B1
[1448] [M]: 0x000000008000168C (0x62B13423) sd a1, 1576(sp)
mem[0x00000000800087F0] <- 0x0000000000000001
mem[X,0x0000000080001690] -> 0x0513
mem[X,0x0000000080001692] -> 0x0050
[1449] [M]: 0x0000000080001690 (0x00500513) addi a0, zero, 5
x10 <- 0x0000000000000005
mem[X,0x0000000080001694] -> 0x3593
mem[X,0x0000000080001696] -> 0x02D5
[1450] [M]: 0x0000000080001694 (0x02D53593) sltiu a1, a0, 45
x11 <- 0x0000000000000001
mem[X,0x0000000080001698] -> 0x3823
mem[X,0x000000008000169A] -> 0x62B1
[1451] [M]: 0x0000000080001698 (0x62B13823) sd a1, 1584(sp)
mem[0x00000000800087F8] <- 0x0000000000000001
mem[X,0x000000008000169C] -> 0x0513
mem[X,0x000000008000169E] -> 0x0050
[1452] [M]: 0x000000008000169C (0x00500513) addi a0, zero, 5
x10 <- 0x0000000000000005
mem[X,0x00000000800016A0] -> 0x3593
mem[X,0x00000000800016A2] -> 0x0005
[1453] [M]: 0x00000000800016A0 (0x00053593) sltiu a1, a0, 0
x11 <- 0x0000000000000000
mem[X,0x00000000800016A4] -> 0x3C23
mem[X,0x00000000800016A6] -> 0x62B1
[1454] [M]: 0x00000000800016A4 (0x62B13C23) sd a1, 1592(sp)
mem[0x0000000080008800] <- 0x0000000000000000
mem[X,0x00000000800016A8] -> 0x0513
mem[X,0x00000000800016AA] -> 0x0050
[1455] [M]: 0x00000000800016A8 (0x00500513) addi a0, zero, 5
x10 <- 0x0000000000000005
mem[X,0x00000000800016AC] -> 0x3593
mem[X,0x00000000800016AE] -> 0x03F5
[1456] [M]: 0x00000000800016AC (0x03F53593) sltiu a1, a0, 63
x11 <- 0x0000000000000001
mem[X,0x00000000800016B0] -> 0x3023
mem[X,0x00000000800016B2] -> 0x64B1
[1457] [M]: 0x00000000800016B0 (0x64B13023) sd a1, 1600(sp)
mem[0x0000000080008808] <- 0x0000000000000001
mem[X,0x00000000800016B4] -> 0x0513
mem[X,0x00000000800016B6] -> 0x0050
[1458] [M]: 0x00000000800016B4 (0x00500513) addi a0, zero, 5
x10 <- 0x0000000000000005
mem[X,0x00000000800016B8] -> 0x3593
mem[X,0x00000000800016BA] -> 0x0025
[1459] [M]: 0x00000000800016B8 (0x00253593) sltiu a1, a0, 2
x11 <- 0x0000000000000000
mem[X,0x00000000800016BC] -> 0x3423
mem[X,0x00000000800016BE] -> 0x64B1
[1460] [M]: 0x00000000800016BC (0x64B13423) sd a1, 1608(sp)
mem[0x0000000080008810] <- 0x0000000000000000
mem[X,0x00000000800016C0] -> 0x0513
mem[X,0x00000000800016C2] -> 0x0050
[1461] [M]: 0x00000000800016C0 (0x00500513) addi a0, zero, 5
x10 <- 0x0000000000000005
mem[X,0x00000000800016C4] -> 0x3593
mem[X,0x00000000800016C6] -> 0x5545
[1462] [M]: 0x00000000800016C4 (0x55453593) sltiu a1, a0, 1364
x11 <- 0x0000000000000001
mem[X,0x00000000800016C8] -> 0x3823
mem[X,0x00000000800016CA] -> 0x64B1
[1463] [M]: 0x00000000800016C8 (0x64B13823) sd a1, 1616(sp)
mem[0x0000000080008818] <- 0x0000000000000001
mem[X,0x00000000800016CC] -> 0x0513
mem[X,0x00000000800016CE] -> 0x0050
[1464] [M]: 0x00000000800016CC (0x00500513) addi a0, zero, 5
x10 <- 0x0000000000000005
mem[X,0x00000000800016D0] -> 0x3593
mem[X,0x00000000800016D2] -> 0xAA95
[1465] [M]: 0x00000000800016D0 (0xAA953593) sltiu a1, a0, 2729
x11 <- 0x0000000000000001
mem[X,0x00000000800016D4] -> 0x3C23
mem[X,0x00000000800016D6] -> 0x64B1
[1466] [M]: 0x00000000800016D4 (0x64B13C23) sd a1, 1624(sp)
mem[0x0000000080008820] <- 0x0000000000000001
mem[X,0x00000000800016D8] -> 0x0513
mem[X,0x00000000800016DA] -> 0x0050
[1467] [M]: 0x00000000800016D8 (0x00500513) addi a0, zero, 5
x10 <- 0x0000000000000005
mem[X,0x00000000800016DC] -> 0x3593
mem[X,0x00000000800016DE] -> 0x0045
[1468] [M]: 0x00000000800016DC (0x00453593) sltiu a1, a0, 4
x11 <- 0x0000000000000000
mem[X,0x00000000800016E0] -> 0x3023
mem[X,0x00000000800016E2] -> 0x66B1
[1469] [M]: 0x00000000800016E0 (0x66B13023) sd a1, 1632(sp)
mem[0x0000000080008828] <- 0x0000000000000000
mem[X,0x00000000800016E4] -> 0x0513
mem[X,0x00000000800016E6] -> 0x0050
[1470] [M]: 0x00000000800016E4 (0x00500513) addi a0, zero, 5
x10 <- 0x0000000000000005
mem[X,0x00000000800016E8] -> 0x3593
mem[X,0x00000000800016EA] -> 0x3325
[1471] [M]: 0x00000000800016E8 (0x33253593) sltiu a1, a0, 818
x11 <- 0x0000000000000001
mem[X,0x00000000800016EC] -> 0x3423
mem[X,0x00000000800016EE] -> 0x66B1
[1472] [M]: 0x00000000800016EC (0x66B13423) sd a1, 1640(sp)
mem[0x0000000080008830] <- 0x0000000000000001
mem[X,0x00000000800016F0] -> 0x0513
mem[X,0x00000000800016F2] -> 0x0050
[1473] [M]: 0x00000000800016F0 (0x00500513) addi a0, zero, 5
x10 <- 0x0000000000000005
mem[X,0x00000000800016F4] -> 0x3593
mem[X,0x00000000800016F6] -> 0x6655
[1474] [M]: 0x00000000800016F4 (0x66553593) sltiu a1, a0, 1637
x11 <- 0x0000000000000001
mem[X,0x00000000800016F8] -> 0x3823
mem[X,0x00000000800016FA] -> 0x66B1
[1475] [M]: 0x00000000800016F8 (0x66B13823) sd a1, 1648(sp)
mem[0x0000000080008838] <- 0x0000000000000001
mem[X,0x00000000800016FC] -> 0x0513
mem[X,0x00000000800016FE] -> 0x0050
[1476] [M]: 0x00000000800016FC (0x00500513) addi a0, zero, 5
x10 <- 0x0000000000000005
mem[X,0x0000000080001700] -> 0x3593
mem[X,0x0000000080001702] -> 0x02C5
[1477] [M]: 0x0000000080001700 (0x02C53593) sltiu a1, a0, 44
x11 <- 0x0000000000000001
mem[X,0x0000000080001704] -> 0x3C23
mem[X,0x0000000080001706] -> 0x66B1
[1478] [M]: 0x0000000080001704 (0x66B13C23) sd a1, 1656(sp)
mem[0x0000000080008840] <- 0x0000000000000001
mem[X,0x0000000080001708] -> 0x0513
mem[X,0x000000008000170A] -> 0x0050
[1479] [M]: 0x0000000080001708 (0x00500513) addi a0, zero, 5
x10 <- 0x0000000000000005
mem[X,0x000000008000170C] -> 0x3593
mem[X,0x000000008000170E] -> 0x03E5
[1480] [M]: 0x000000008000170C (0x03E53593) sltiu a1, a0, 62
x11 <- 0x0000000000000001
mem[X,0x0000000080001710] -> 0x3023
mem[X,0x0000000080001712] -> 0x68B1
[1481] [M]: 0x0000000080001710 (0x68B13023) sd a1, 1664(sp)
mem[0x0000000080008848] <- 0x0000000000000001
mem[X,0x0000000080001714] -> 0x0513
mem[X,0x0000000080001716] -> 0x0050
[1482] [M]: 0x0000000080001714 (0x00500513) addi a0, zero, 5
x10 <- 0x0000000000000005
mem[X,0x0000000080001718] -> 0x3593
mem[X,0x000000008000171A] -> 0x5565
[1483] [M]: 0x0000000080001718 (0x55653593) sltiu a1, a0, 1366
x11 <- 0x0000000000000001
mem[X,0x000000008000171C] -> 0x3423
mem[X,0x000000008000171E] -> 0x68B1
[1484] [M]: 0x000000008000171C (0x68B13423) sd a1, 1672(sp)
mem[0x0000000080008850] <- 0x0000000000000001
mem[X,0x0000000080001720] -> 0x0513
mem[X,0x0000000080001722] -> 0x0050
[1485] [M]: 0x0000000080001720 (0x00500513) addi a0, zero, 5
x10 <- 0x0000000000000005
mem[X,0x0000000080001724] -> 0x3593
mem[X,0x0000000080001726] -> 0xAAB5
[1486] [M]: 0x0000000080001724 (0xAAB53593) sltiu a1, a0, 2731
x11 <- 0x0000000000000001
mem[X,0x0000000080001728] -> 0x3823
mem[X,0x000000008000172A] -> 0x68B1
[1487] [M]: 0x0000000080001728 (0x68B13823) sd a1, 1680(sp)
mem[0x0000000080008858] <- 0x0000000000000001
mem[X,0x000000008000172C] -> 0x0513
mem[X,0x000000008000172E] -> 0x0050
[1488] [M]: 0x000000008000172C (0x00500513) addi a0, zero, 5
x10 <- 0x0000000000000005
mem[X,0x0000000080001730] -> 0x3593
mem[X,0x0000000080001732] -> 0x0065
[1489] [M]: 0x0000000080001730 (0x00653593) sltiu a1, a0, 6
x11 <- 0x0000000000000001
mem[X,0x0000000080001734] -> 0x3C23
mem[X,0x0000000080001736] -> 0x68B1
[1490] [M]: 0x0000000080001734 (0x68B13C23) sd a1, 1688(sp)
mem[0x0000000080008860] <- 0x0000000000000001
mem[X,0x0000000080001738] -> 0x0513
mem[X,0x000000008000173A] -> 0x0050
[1491] [M]: 0x0000000080001738 (0x00500513) addi a0, zero, 5
x10 <- 0x0000000000000005
mem[X,0x000000008000173C] -> 0x3593
mem[X,0x000000008000173E] -> 0x3345
[1492] [M]: 0x000000008000173C (0x33453593) sltiu a1, a0, 820
x11 <- 0x0000000000000001
mem[X,0x0000000080001740] -> 0x3023
mem[X,0x0000000080001742] -> 0x6AB1
[1493] [M]: 0x0000000080001740 (0x6AB13023) sd a1, 1696(sp)
mem[0x0000000080008868] <- 0x0000000000000001
mem[X,0x0000000080001744] -> 0x0513
mem[X,0x0000000080001746] -> 0x0050
[1494] [M]: 0x0000000080001744 (0x00500513) addi a0, zero, 5
x10 <- 0x0000000000000005
mem[X,0x0000000080001748] -> 0x3593
mem[X,0x000000008000174A] -> 0x6675
[1495] [M]: 0x0000000080001748 (0x66753593) sltiu a1, a0, 1639
x11 <- 0x0000000000000001
mem[X,0x000000008000174C] -> 0x3423
mem[X,0x000000008000174E] -> 0x6AB1
[1496] [M]: 0x000000008000174C (0x6AB13423) sd a1, 1704(sp)
mem[0x0000000080008870] <- 0x0000000000000001
mem[X,0x0000000080001750] -> 0x0513
mem[X,0x0000000080001752] -> 0x0050
[1497] [M]: 0x0000000080001750 (0x00500513) addi a0, zero, 5
x10 <- 0x0000000000000005
mem[X,0x0000000080001754] -> 0x3593
mem[X,0x0000000080001756] -> 0x02E5
[1498] [M]: 0x0000000080001754 (0x02E53593) sltiu a1, a0, 46
x11 <- 0x0000000000000001
mem[X,0x0000000080001758] -> 0x3823
mem[X,0x000000008000175A] -> 0x6AB1
[1499] [M]: 0x0000000080001758 (0x6AB13823) sd a1, 1712(sp)
mem[0x0000000080008878] <- 0x0000000000000001
clint::tick mtime <- 0x000000000000000F
 clint timer pending at mtime 0x000000000000000F
htif::tick 0x0000000000000000
mem[X,0x000000008000175C] -> 0x0513
mem[X,0x000000008000175E] -> 0x0050
[1500] [M]: 0x000000008000175C (0x00500513) addi a0, zero, 5
x10 <- 0x0000000000000005
mem[X,0x0000000080001760] -> 0x3593
mem[X,0x0000000080001762] -> 0x0015
[1501] [M]: 0x0000000080001760 (0x00153593) sltiu a1, a0, 1
x11 <- 0x0000000000000000
mem[X,0x0000000080001764] -> 0x3C23
mem[X,0x0000000080001766] -> 0x6AB1
[1502] [M]: 0x0000000080001764 (0x6AB13C23) sd a1, 1720(sp)
mem[0x0000000080008880] <- 0x0000000000000000
mem[X,0x0000000080001768] -> 0x0513
mem[X,0x000000008000176A] -> 0x0050
[1503] [M]: 0x0000000080001768 (0x00500513) addi a0, zero, 5
x10 <- 0x0000000000000005
mem[X,0x000000008000176C] -> 0x3593
mem[X,0x000000008000176E] -> 0x0405
[1504] [M]: 0x000000008000176C (0x04053593) sltiu a1, a0, 64
x11 <- 0x0000000000000001
mem[X,0x0000000080001770] -> 0x3023
mem[X,0x0000000080001772] -> 0x6CB1
[1505] [M]: 0x0000000080001770 (0x6CB13023) sd a1, 1728(sp)
mem[0x0000000080008888] <- 0x0000000000000001
mem[X,0x0000000080001774] -> 0x3537
mem[X,0x0000000080001776] -> 0x3333
[1506] [M]: 0x0000000080001774 (0x33333537) lui a0, 209715
x10 <- 0x0000000033333000
mem[X,0x0000000080001778] -> 0x0513
mem[X,0x000000008000177A] -> 0x3335
[1507] [M]: 0x0000000080001778 (0x33350513) addi a0, a0, 819
x10 <- 0x0000000033333333
mem[X,0x000000008000177C] -> 0x1513
mem[X,0x000000008000177E] -> 0x00B5
[1508] [M]: 0x000000008000177C (0x00B51513) slli a0, a0, 11
x10 <- 0x0000019999999800
mem[X,0x0000000080001780] -> 0x0513
mem[X,0x0000000080001782] -> 0x1995
[1509] [M]: 0x0000000080001780 (0x19950513) addi a0, a0, 409
x10 <- 0x0000019999999999
mem[X,0x0000000080001784] -> 0x1513
mem[X,0x0000000080001786] -> 0x00B5
[1510] [M]: 0x0000000080001784 (0x00B51513) slli a0, a0, 11
x10 <- 0x000CCCCCCCCCC800
mem[X,0x0000000080001788] -> 0x0513
mem[X,0x000000008000178A] -> 0x4CC5
[1511] [M]: 0x0000000080001788 (0x4CC50513) addi a0, a0, 1228
x10 <- 0x000CCCCCCCCCCCCC
mem[X,0x000000008000178C] -> 0x1513
mem[X,0x000000008000178E] -> 0x00A5
[1512] [M]: 0x000000008000178C (0x00A51513) slli a0, a0, 10
x10 <- 0x3333333333333000
mem[X,0x0000000080001790] -> 0x0513
mem[X,0x0000000080001792] -> 0x3335
[1513] [M]: 0x0000000080001790 (0x33350513) addi a0, a0, 819
x10 <- 0x3333333333333333
mem[X,0x0000000080001794] -> 0x3593
mem[X,0x0000000080001796] -> 0x0035
[1514] [M]: 0x0000000080001794 (0x00353593) sltiu a1, a0, 3
x11 <- 0x0000000000000000
mem[X,0x0000000080001798] -> 0x3423
mem[X,0x000000008000179A] -> 0x6CB1
[1515] [M]: 0x0000000080001798 (0x6CB13423) sd a1, 1736(sp)
mem[0x0000000080008890] <- 0x0000000000000000
mem[X,0x000000008000179C] -> 0x3537
mem[X,0x000000008000179E] -> 0x3333
[1516] [M]: 0x000000008000179C (0x33333537) lui a0, 209715
x10 <- 0x0000000033333000
mem[X,0x00000000800017A0] -> 0x0513
mem[X,0x00000000800017A2] -> 0x3335
[1517] [M]: 0x00000000800017A0 (0x33350513) addi a0, a0, 819
x10 <- 0x0000000033333333
mem[X,0x00000000800017A4] -> 0x1513
mem[X,0x00000000800017A6] -> 0x00B5
[1518] [M]: 0x00000000800017A4 (0x00B51513) slli a0, a0, 11
x10 <- 0x0000019999999800
mem[X,0x00000000800017A8] -> 0x0513
mem[X,0x00000000800017AA] -> 0x1995
[1519] [M]: 0x00000000800017A8 (0x19950513) addi a0, a0, 409
x10 <- 0x0000019999999999
mem[X,0x00000000800017AC] -> 0x1513
mem[X,0x00000000800017AE] -> 0x00B5
[1520] [M]: 0x00000000800017AC (0x00B51513) slli a0, a0, 11
x10 <- 0x000CCCCCCCCCC800
mem[X,0x00000000800017B0] -> 0x0513
mem[X,0x00000000800017B2] -> 0x4CC5
[1521] [M]: 0x00000000800017B0 (0x4CC50513) addi a0, a0, 1228
x10 <- 0x000CCCCCCCCCCCCC
mem[X,0x00000000800017B4] -> 0x1513
mem[X,0x00000000800017B6] -> 0x00A5
[1522] [M]: 0x00000000800017B4 (0x00A51513) slli a0, a0, 10
x10 <- 0x3333333333333000
mem[X,0x00000000800017B8] -> 0x0513
mem[X,0x00000000800017BA] -> 0x3335
[1523] [M]: 0x00000000800017B8 (0x33350513) addi a0, a0, 819
x10 <- 0x3333333333333333
mem[X,0x00000000800017BC] -> 0x3593
mem[X,0x00000000800017BE] -> 0x5555
[1524] [M]: 0x00000000800017BC (0x55553593) sltiu a1, a0, 1365
x11 <- 0x0000000000000000
mem[X,0x00000000800017C0] -> 0x3823
mem[X,0x00000000800017C2] -> 0x6CB1
[1525] [M]: 0x00000000800017C0 (0x6CB13823) sd a1, 1744(sp)
mem[0x0000000080008898] <- 0x0000000000000000
mem[X,0x00000000800017C4] -> 0x3537
mem[X,0x00000000800017C6] -> 0x3333
[1526] [M]: 0x00000000800017C4 (0x33333537) lui a0, 209715
x10 <- 0x0000000033333000
mem[X,0x00000000800017C8] -> 0x0513
mem[X,0x00000000800017CA] -> 0x3335
[1527] [M]: 0x00000000800017C8 (0x33350513) addi a0, a0, 819
x10 <- 0x0000000033333333
mem[X,0x00000000800017CC] -> 0x1513
mem[X,0x00000000800017CE] -> 0x00B5
[1528] [M]: 0x00000000800017CC (0x00B51513) slli a0, a0, 11
x10 <- 0x0000019999999800
mem[X,0x00000000800017D0] -> 0x0513
mem[X,0x00000000800017D2] -> 0x1995
[1529] [M]: 0x00000000800017D0 (0x19950513) addi a0, a0, 409
x10 <- 0x0000019999999999
mem[X,0x00000000800017D4] -> 0x1513
mem[X,0x00000000800017D6] -> 0x00B5
[1530] [M]: 0x00000000800017D4 (0x00B51513) slli a0, a0, 11
x10 <- 0x000CCCCCCCCCC800
mem[X,0x00000000800017D8] -> 0x0513
mem[X,0x00000000800017DA] -> 0x4CC5
[1531] [M]: 0x00000000800017D8 (0x4CC50513) addi a0, a0, 1228
x10 <- 0x000CCCCCCCCCCCCC
mem[X,0x00000000800017DC] -> 0x1513
mem[X,0x00000000800017DE] -> 0x00A5
[1532] [M]: 0x00000000800017DC (0x00A51513) slli a0, a0, 10
x10 <- 0x3333333333333000
mem[X,0x00000000800017E0] -> 0x0513
mem[X,0x00000000800017E2] -> 0x3335
[1533] [M]: 0x00000000800017E0 (0x33350513) addi a0, a0, 819
x10 <- 0x3333333333333333
mem[X,0x00000000800017E4] -> 0x3593
mem[X,0x00000000800017E6] -> 0xAAA5
[1534] [M]: 0x00000000800017E4 (0xAAA53593) sltiu a1, a0, 2730
x11 <- 0x0000000000000001
mem[X,0x00000000800017E8] -> 0x3C23
mem[X,0x00000000800017EA] -> 0x6CB1
[1535] [M]: 0x00000000800017E8 (0x6CB13C23) sd a1, 1752(sp)
mem[0x00000000800088A0] <- 0x0000000000000001
mem[X,0x00000000800017EC] -> 0x3537
mem[X,0x00000000800017EE] -> 0x3333
[1536] [M]: 0x00000000800017EC (0x33333537) lui a0, 209715
x10 <- 0x0000000033333000
mem[X,0x00000000800017F0] -> 0x0513
mem[X,0x00000000800017F2] -> 0x3335
[1537] [M]: 0x00000000800017F0 (0x33350513) addi a0, a0, 819
x10 <- 0x0000000033333333
mem[X,0x00000000800017F4] -> 0x1513
mem[X,0x00000000800017F6] -> 0x00B5
[1538] [M]: 0x00000000800017F4 (0x00B51513) slli a0, a0, 11
x10 <- 0x0000019999999800
mem[X,0x00000000800017F8] -> 0x0513
mem[X,0x00000000800017FA] -> 0x1995
[1539] [M]: 0x00000000800017F8 (0x19950513) addi a0, a0, 409
x10 <- 0x0000019999999999
mem[X,0x00000000800017FC] -> 0x1513
mem[X,0x00000000800017FE] -> 0x00B5
[1540] [M]: 0x00000000800017FC (0x00B51513) slli a0, a0, 11
x10 <- 0x000CCCCCCCCCC800
mem[X,0x0000000080001800] -> 0x0513
mem[X,0x0000000080001802] -> 0x4CC5
[1541] [M]: 0x0000000080001800 (0x4CC50513) addi a0, a0, 1228
x10 <- 0x000CCCCCCCCCCCCC
mem[X,0x0000000080001804] -> 0x1513
mem[X,0x0000000080001806] -> 0x00A5
[1542] [M]: 0x0000000080001804 (0x00A51513) slli a0, a0, 10
x10 <- 0x3333333333333000
mem[X,0x0000000080001808] -> 0x0513
mem[X,0x000000008000180A] -> 0x3335
[1543] [M]: 0x0000000080001808 (0x33350513) addi a0, a0, 819
x10 <- 0x3333333333333333
mem[X,0x000000008000180C] -> 0x3593
mem[X,0x000000008000180E] -> 0x0055
[1544] [M]: 0x000000008000180C (0x00553593) sltiu a1, a0, 5
x11 <- 0x0000000000000000
mem[X,0x0000000080001810] -> 0x3023
mem[X,0x0000000080001812] -> 0x6EB1
[1545] [M]: 0x0000000080001810 (0x6EB13023) sd a1, 1760(sp)
mem[0x00000000800088A8] <- 0x0000000000000000
mem[X,0x0000000080001814] -> 0x3537
mem[X,0x0000000080001816] -> 0x3333
[1546] [M]: 0x0000000080001814 (0x33333537) lui a0, 209715
x10 <- 0x0000000033333000
mem[X,0x0000000080001818] -> 0x0513
mem[X,0x000000008000181A] -> 0x3335
[1547] [M]: 0x0000000080001818 (0x33350513) addi a0, a0, 819
x10 <- 0x0000000033333333
mem[X,0x000000008000181C] -> 0x1513
mem[X,0x000000008000181E] -> 0x00B5
[1548] [M]: 0x000000008000181C (0x00B51513) slli a0, a0, 11
x10 <- 0x0000019999999800
mem[X,0x0000000080001820] -> 0x0513
mem[X,0x0000000080001822] -> 0x1995
[1549] [M]: 0x0000000080001820 (0x19950513) addi a0, a0, 409
x10 <- 0x0000019999999999
mem[X,0x0000000080001824] -> 0x1513
mem[X,0x0000000080001826] -> 0x00B5
[1550] [M]: 0x0000000080001824 (0x00B51513) slli a0, a0, 11
x10 <- 0x000CCCCCCCCCC800
mem[X,0x0000000080001828] -> 0x0513
mem[X,0x000000008000182A] -> 0x4CC5
[1551] [M]: 0x0000000080001828 (0x4CC50513) addi a0, a0, 1228
x10 <- 0x000CCCCCCCCCCCCC
mem[X,0x000000008000182C] -> 0x1513
mem[X,0x000000008000182E] -> 0x00A5
[1552] [M]: 0x000000008000182C (0x00A51513) slli a0, a0, 10
x10 <- 0x3333333333333000
mem[X,0x0000000080001830] -> 0x0513
mem[X,0x0000000080001832] -> 0x3335
[1553] [M]: 0x0000000080001830 (0x33350513) addi a0, a0, 819
x10 <- 0x3333333333333333
mem[X,0x0000000080001834] -> 0x3593
mem[X,0x0000000080001836] -> 0x3335
[1554] [M]: 0x0000000080001834 (0x33353593) sltiu a1, a0, 819
x11 <- 0x0000000000000000
mem[X,0x0000000080001838] -> 0x3423
mem[X,0x000000008000183A] -> 0x6EB1
[1555] [M]: 0x0000000080001838 (0x6EB13423) sd a1, 1768(sp)
mem[0x00000000800088B0] <- 0x0000000000000000
mem[X,0x000000008000183C] -> 0x3537
mem[X,0x000000008000183E] -> 0x3333
[1556] [M]: 0x000000008000183C (0x33333537) lui a0, 209715
x10 <- 0x0000000033333000
mem[X,0x0000000080001840] -> 0x0513
mem[X,0x0000000080001842] -> 0x3335
[1557] [M]: 0x0000000080001840 (0x33350513) addi a0, a0, 819
x10 <- 0x0000000033333333
mem[X,0x0000000080001844] -> 0x1513
mem[X,0x0000000080001846] -> 0x00B5
[1558] [M]: 0x0000000080001844 (0x00B51513) slli a0, a0, 11
x10 <- 0x0000019999999800
mem[X,0x0000000080001848] -> 0x0513
mem[X,0x000000008000184A] -> 0x1995
[1559] [M]: 0x0000000080001848 (0x19950513) addi a0, a0, 409
x10 <- 0x0000019999999999
mem[X,0x000000008000184C] -> 0x1513
mem[X,0x000000008000184E] -> 0x00B5
[1560] [M]: 0x000000008000184C (0x00B51513) slli a0, a0, 11
x10 <- 0x000CCCCCCCCCC800
mem[X,0x0000000080001850] -> 0x0513
mem[X,0x0000000080001852] -> 0x4CC5
[1561] [M]: 0x0000000080001850 (0x4CC50513) addi a0, a0, 1228
x10 <- 0x000CCCCCCCCCCCCC
mem[X,0x0000000080001854] -> 0x1513
mem[X,0x0000000080001856] -> 0x00A5
[1562] [M]: 0x0000000080001854 (0x00A51513) slli a0, a0, 10
x10 <- 0x3333333333333000
mem[X,0x0000000080001858] -> 0x0513
mem[X,0x000000008000185A] -> 0x3335
[1563] [M]: 0x0000000080001858 (0x33350513) addi a0, a0, 819
x10 <- 0x3333333333333333
mem[X,0x000000008000185C] -> 0x3593
mem[X,0x000000008000185E] -> 0x6665
[1564] [M]: 0x000000008000185C (0x66653593) sltiu a1, a0, 1638
x11 <- 0x0000000000000000
mem[X,0x0000000080001860] -> 0x3823
mem[X,0x0000000080001862] -> 0x6EB1
[1565] [M]: 0x0000000080001860 (0x6EB13823) sd a1, 1776(sp)
mem[0x00000000800088B8] <- 0x0000000000000000
mem[X,0x0000000080001864] -> 0x3537
mem[X,0x0000000080001866] -> 0x3333
[1566] [M]: 0x0000000080001864 (0x33333537) lui a0, 209715
x10 <- 0x0000000033333000
mem[X,0x0000000080001868] -> 0x0513
mem[X,0x000000008000186A] -> 0x3335
[1567] [M]: 0x0000000080001868 (0x33350513) addi a0, a0, 819
x10 <- 0x0000000033333333
mem[X,0x000000008000186C] -> 0x1513
mem[X,0x000000008000186E] -> 0x00B5
[1568] [M]: 0x000000008000186C (0x00B51513) slli a0, a0, 11
x10 <- 0x0000019999999800
mem[X,0x0000000080001870] -> 0x0513
mem[X,0x0000000080001872] -> 0x1995
[1569] [M]: 0x0000000080001870 (0x19950513) addi a0, a0, 409
x10 <- 0x0000019999999999
mem[X,0x0000000080001874] -> 0x1513
mem[X,0x0000000080001876] -> 0x00B5
[1570] [M]: 0x0000000080001874 (0x00B51513) slli a0, a0, 11
x10 <- 0x000CCCCCCCCCC800
mem[X,0x0000000080001878] -> 0x0513
mem[X,0x000000008000187A] -> 0x4CC5
[1571] [M]: 0x0000000080001878 (0x4CC50513) addi a0, a0, 1228
x10 <- 0x000CCCCCCCCCCCCC
mem[X,0x000000008000187C] -> 0x1513
mem[X,0x000000008000187E] -> 0x00A5
[1572] [M]: 0x000000008000187C (0x00A51513) slli a0, a0, 10
x10 <- 0x3333333333333000
mem[X,0x0000000080001880] -> 0x0513
mem[X,0x0000000080001882] -> 0x3335
[1573] [M]: 0x0000000080001880 (0x33350513) addi a0, a0, 819
x10 <- 0x3333333333333333
mem[X,0x0000000080001884] -> 0x3593
mem[X,0x0000000080001886] -> 0x02D5
[1574] [M]: 0x0000000080001884 (0x02D53593) sltiu a1, a0, 45
x11 <- 0x0000000000000000
mem[X,0x0000000080001888] -> 0x3C23
mem[X,0x000000008000188A] -> 0x6EB1
[1575] [M]: 0x0000000080001888 (0x6EB13C23) sd a1, 1784(sp)
mem[0x00000000800088C0] <- 0x0000000000000000
mem[X,0x000000008000188C] -> 0x3537
mem[X,0x000000008000188E] -> 0x3333
[1576] [M]: 0x000000008000188C (0x33333537) lui a0, 209715
x10 <- 0x0000000033333000
mem[X,0x0000000080001890] -> 0x0513
mem[X,0x0000000080001892] -> 0x3335
[1577] [M]: 0x0000000080001890 (0x33350513) addi a0, a0, 819
x10 <- 0x0000000033333333
mem[X,0x0000000080001894] -> 0x1513
mem[X,0x0000000080001896] -> 0x00B5
[1578] [M]: 0x0000000080001894 (0x00B51513) slli a0, a0, 11
x10 <- 0x0000019999999800
mem[X,0x0000000080001898] -> 0x0513
mem[X,0x000000008000189A] -> 0x1995
[1579] [M]: 0x0000000080001898 (0x19950513) addi a0, a0, 409
x10 <- 0x0000019999999999
mem[X,0x000000008000189C] -> 0x1513
mem[X,0x000000008000189E] -> 0x00B5
[1580] [M]: 0x000000008000189C (0x00B51513) slli a0, a0, 11
x10 <- 0x000CCCCCCCCCC800
mem[X,0x00000000800018A0] -> 0x0513
mem[X,0x00000000800018A2] -> 0x4CC5
[1581] [M]: 0x00000000800018A0 (0x4CC50513) addi a0, a0, 1228
x10 <- 0x000CCCCCCCCCCCCC
mem[X,0x00000000800018A4] -> 0x1513
mem[X,0x00000000800018A6] -> 0x00A5
[1582] [M]: 0x00000000800018A4 (0x00A51513) slli a0, a0, 10
x10 <- 0x3333333333333000
mem[X,0x00000000800018A8] -> 0x0513
mem[X,0x00000000800018AA] -> 0x3335
[1583] [M]: 0x00000000800018A8 (0x33350513) addi a0, a0, 819
x10 <- 0x3333333333333333
mem[X,0x00000000800018AC] -> 0x3593
mem[X,0x00000000800018AE] -> 0x0005
[1584] [M]: 0x00000000800018AC (0x00053593) sltiu a1, a0, 0
x11 <- 0x0000000000000000
mem[X,0x00000000800018B0] -> 0x3023
mem[X,0x00000000800018B2] -> 0x70B1
[1585] [M]: 0x00000000800018B0 (0x70B13023) sd a1, 1792(sp)
mem[0x00000000800088C8] <- 0x0000000000000000
mem[X,0x00000000800018B4] -> 0x3537
mem[X,0x00000000800018B6] -> 0x3333
[1586] [M]: 0x00000000800018B4 (0x33333537) lui a0, 209715
x10 <- 0x0000000033333000
mem[X,0x00000000800018B8] -> 0x0513
mem[X,0x00000000800018BA] -> 0x3335
[1587] [M]: 0x00000000800018B8 (0x33350513) addi a0, a0, 819
x10 <- 0x0000000033333333
mem[X,0x00000000800018BC] -> 0x1513
mem[X,0x00000000800018BE] -> 0x00B5
[1588] [M]: 0x00000000800018BC (0x00B51513) slli a0, a0, 11
x10 <- 0x0000019999999800
mem[X,0x00000000800018C0] -> 0x0513
mem[X,0x00000000800018C2] -> 0x1995
[1589] [M]: 0x00000000800018C0 (0x19950513) addi a0, a0, 409
x10 <- 0x0000019999999999
mem[X,0x00000000800018C4] -> 0x1513
mem[X,0x00000000800018C6] -> 0x00B5
[1590] [M]: 0x00000000800018C4 (0x00B51513) slli a0, a0, 11
x10 <- 0x000CCCCCCCCCC800
mem[X,0x00000000800018C8] -> 0x0513
mem[X,0x00000000800018CA] -> 0x4CC5
[1591] [M]: 0x00000000800018C8 (0x4CC50513) addi a0, a0, 1228
x10 <- 0x000CCCCCCCCCCCCC
mem[X,0x00000000800018CC] -> 0x1513
mem[X,0x00000000800018CE] -> 0x00A5
[1592] [M]: 0x00000000800018CC (0x00A51513) slli a0, a0, 10
x10 <- 0x3333333333333000
mem[X,0x00000000800018D0] -> 0x0513
mem[X,0x00000000800018D2] -> 0x3335
[1593] [M]: 0x00000000800018D0 (0x33350513) addi a0, a0, 819
x10 <- 0x3333333333333333
mem[X,0x00000000800018D4] -> 0x3593
mem[X,0x00000000800018D6] -> 0x03F5
[1594] [M]: 0x00000000800018D4 (0x03F53593) sltiu a1, a0, 63
x11 <- 0x0000000000000000
mem[X,0x00000000800018D8] -> 0x3423
mem[X,0x00000000800018DA] -> 0x70B1
[1595] [M]: 0x00000000800018D8 (0x70B13423) sd a1, 1800(sp)
mem[0x00000000800088D0] <- 0x0000000000000000
mem[X,0x00000000800018DC] -> 0x3537
mem[X,0x00000000800018DE] -> 0x3333
[1596] [M]: 0x00000000800018DC (0x33333537) lui a0, 209715
x10 <- 0x0000000033333000
mem[X,0x00000000800018E0] -> 0x0513
mem[X,0x00000000800018E2] -> 0x3335
[1597] [M]: 0x00000000800018E0 (0x33350513) addi a0, a0, 819
x10 <- 0x0000000033333333
mem[X,0x00000000800018E4] -> 0x1513
mem[X,0x00000000800018E6] -> 0x00B5
[1598] [M]: 0x00000000800018E4 (0x00B51513) slli a0, a0, 11
x10 <- 0x0000019999999800
mem[X,0x00000000800018E8] -> 0x0513
mem[X,0x00000000800018EA] -> 0x1995
[1599] [M]: 0x00000000800018E8 (0x19950513) addi a0, a0, 409
x10 <- 0x0000019999999999
clint::tick mtime <- 0x0000000000000010
 clint timer pending at mtime 0x0000000000000010
htif::tick 0x0000000000000000
mem[X,0x00000000800018EC] -> 0x1513
mem[X,0x00000000800018EE] -> 0x00B5
[1600] [M]: 0x00000000800018EC (0x00B51513) slli a0, a0, 11
x10 <- 0x000CCCCCCCCCC800
mem[X,0x00000000800018F0] -> 0x0513
mem[X,0x00000000800018F2] -> 0x4CC5
[1601] [M]: 0x00000000800018F0 (0x4CC50513) addi a0, a0, 1228
x10 <- 0x000CCCCCCCCCCCCC
mem[X,0x00000000800018F4] -> 0x1513
mem[X,0x00000000800018F6] -> 0x00A5
[1602] [M]: 0x00000000800018F4 (0x00A51513) slli a0, a0, 10
x10 <- 0x3333333333333000
mem[X,0x00000000800018F8] -> 0x0513
mem[X,0x00000000800018FA] -> 0x3335
[1603] [M]: 0x00000000800018F8 (0x33350513) addi a0, a0, 819
x10 <- 0x3333333333333333
mem[X,0x00000000800018FC] -> 0x3593
mem[X,0x00000000800018FE] -> 0x0025
[1604] [M]: 0x00000000800018FC (0x00253593) sltiu a1, a0, 2
x11 <- 0x0000000000000000
mem[X,0x0000000080001900] -> 0x3823
mem[X,0x0000000080001902] -> 0x70B1
[1605] [M]: 0x0000000080001900 (0x70B13823) sd a1, 1808(sp)
mem[0x00000000800088D8] <- 0x0000000000000000
mem[X,0x0000000080001904] -> 0x3537
mem[X,0x0000000080001906] -> 0x3333
[1606] [M]: 0x0000000080001904 (0x33333537) lui a0, 209715
x10 <- 0x0000000033333000
mem[X,0x0000000080001908] -> 0x0513
mem[X,0x000000008000190A] -> 0x3335
[1607] [M]: 0x0000000080001908 (0x33350513) addi a0, a0, 819
x10 <- 0x0000000033333333
mem[X,0x000000008000190C] -> 0x1513
mem[X,0x000000008000190E] -> 0x00B5
[1608] [M]: 0x000000008000190C (0x00B51513) slli a0, a0, 11
x10 <- 0x0000019999999800
mem[X,0x0000000080001910] -> 0x0513
mem[X,0x0000000080001912] -> 0x1995
[1609] [M]: 0x0000000080001910 (0x19950513) addi a0, a0, 409
x10 <- 0x0000019999999999
mem[X,0x0000000080001914] -> 0x1513
mem[X,0x0000000080001916] -> 0x00B5
[1610] [M]: 0x0000000080001914 (0x00B51513) slli a0, a0, 11
x10 <- 0x000CCCCCCCCCC800
mem[X,0x0000000080001918] -> 0x0513
mem[X,0x000000008000191A] -> 0x4CC5
[1611] [M]: 0x0000000080001918 (0x4CC50513) addi a0, a0, 1228
x10 <- 0x000CCCCCCCCCCCCC
mem[X,0x000000008000191C] -> 0x1513
mem[X,0x000000008000191E] -> 0x00A5
[1612] [M]: 0x000000008000191C (0x00A51513) slli a0, a0, 10
x10 <- 0x3333333333333000
mem[X,0x0000000080001920] -> 0x0513
mem[X,0x0000000080001922] -> 0x3335
[1613] [M]: 0x0000000080001920 (0x33350513) addi a0, a0, 819
x10 <- 0x3333333333333333
mem[X,0x0000000080001924] -> 0x3593
mem[X,0x0000000080001926] -> 0x5545
[1614] [M]: 0x0000000080001924 (0x55453593) sltiu a1, a0, 1364
x11 <- 0x0000000000000000
mem[X,0x0000000080001928] -> 0x3C23
mem[X,0x000000008000192A] -> 0x70B1
[1615] [M]: 0x0000000080001928 (0x70B13C23) sd a1, 1816(sp)
mem[0x00000000800088E0] <- 0x0000000000000000
mem[X,0x000000008000192C] -> 0x3537
mem[X,0x000000008000192E] -> 0x3333
[1616] [M]: 0x000000008000192C (0x33333537) lui a0, 209715
x10 <- 0x0000000033333000
mem[X,0x0000000080001930] -> 0x0513
mem[X,0x0000000080001932] -> 0x3335
[1617] [M]: 0x0000000080001930 (0x33350513) addi a0, a0, 819
x10 <- 0x0000000033333333
mem[X,0x0000000080001934] -> 0x1513
mem[X,0x0000000080001936] -> 0x00B5
[1618] [M]: 0x0000000080001934 (0x00B51513) slli a0, a0, 11
x10 <- 0x0000019999999800
mem[X,0x0000000080001938] -> 0x0513
mem[X,0x000000008000193A] -> 0x1995
[1619] [M]: 0x0000000080001938 (0x19950513) addi a0, a0, 409
x10 <- 0x0000019999999999
mem[X,0x000000008000193C] -> 0x1513
mem[X,0x000000008000193E] -> 0x00B5
[1620] [M]: 0x000000008000193C (0x00B51513) slli a0, a0, 11
x10 <- 0x000CCCCCCCCCC800
mem[X,0x0000000080001940] -> 0x0513
mem[X,0x0000000080001942] -> 0x4CC5
[1621] [M]: 0x0000000080001940 (0x4CC50513) addi a0, a0, 1228
x10 <- 0x000CCCCCCCCCCCCC
mem[X,0x0000000080001944] -> 0x1513
mem[X,0x0000000080001946] -> 0x00A5
[1622] [M]: 0x0000000080001944 (0x00A51513) slli a0, a0, 10
x10 <- 0x3333333333333000
mem[X,0x0000000080001948] -> 0x0513
mem[X,0x000000008000194A] -> 0x3335
[1623] [M]: 0x0000000080001948 (0x33350513) addi a0, a0, 819
x10 <- 0x3333333333333333
mem[X,0x000000008000194C] -> 0x3593
mem[X,0x000000008000194E] -> 0xAA95
[1624] [M]: 0x000000008000194C (0xAA953593) sltiu a1, a0, 2729
x11 <- 0x0000000000000001
mem[X,0x0000000080001950] -> 0x3023
mem[X,0x0000000080001952] -> 0x72B1
[1625] [M]: 0x0000000080001950 (0x72B13023) sd a1, 1824(sp)
mem[0x00000000800088E8] <- 0x0000000000000001
mem[X,0x0000000080001954] -> 0x3537
mem[X,0x0000000080001956] -> 0x3333
[1626] [M]: 0x0000000080001954 (0x33333537) lui a0, 209715
x10 <- 0x0000000033333000
mem[X,0x0000000080001958] -> 0x0513
mem[X,0x000000008000195A] -> 0x3335
[1627] [M]: 0x0000000080001958 (0x33350513) addi a0, a0, 819
x10 <- 0x0000000033333333
mem[X,0x000000008000195C] -> 0x1513
mem[X,0x000000008000195E] -> 0x00B5
[1628] [M]: 0x000000008000195C (0x00B51513) slli a0, a0, 11
x10 <- 0x0000019999999800
mem[X,0x0000000080001960] -> 0x0513
mem[X,0x0000000080001962] -> 0x1995
[1629] [M]: 0x0000000080001960 (0x19950513) addi a0, a0, 409
x10 <- 0x0000019999999999
mem[X,0x0000000080001964] -> 0x1513
mem[X,0x0000000080001966] -> 0x00B5
[1630] [M]: 0x0000000080001964 (0x00B51513) slli a0, a0, 11
x10 <- 0x000CCCCCCCCCC800
mem[X,0x0000000080001968] -> 0x0513
mem[X,0x000000008000196A] -> 0x4CC5
[1631] [M]: 0x0000000080001968 (0x4CC50513) addi a0, a0, 1228
x10 <- 0x000CCCCCCCCCCCCC
mem[X,0x000000008000196C] -> 0x1513
mem[X,0x000000008000196E] -> 0x00A5
[1632] [M]: 0x000000008000196C (0x00A51513) slli a0, a0, 10
x10 <- 0x3333333333333000
mem[X,0x0000000080001970] -> 0x0513
mem[X,0x0000000080001972] -> 0x3335
[1633] [M]: 0x0000000080001970 (0x33350513) addi a0, a0, 819
x10 <- 0x3333333333333333
mem[X,0x0000000080001974] -> 0x3593
mem[X,0x0000000080001976] -> 0x0045
[1634] [M]: 0x0000000080001974 (0x00453593) sltiu a1, a0, 4
x11 <- 0x0000000000000000
mem[X,0x0000000080001978] -> 0x3423
mem[X,0x000000008000197A] -> 0x72B1
[1635] [M]: 0x0000000080001978 (0x72B13423) sd a1, 1832(sp)
mem[0x00000000800088F0] <- 0x0000000000000000
mem[X,0x000000008000197C] -> 0x3537
mem[X,0x000000008000197E] -> 0x3333
[1636] [M]: 0x000000008000197C (0x33333537) lui a0, 209715
x10 <- 0x0000000033333000
mem[X,0x0000000080001980] -> 0x0513
mem[X,0x0000000080001982] -> 0x3335
[1637] [M]: 0x0000000080001980 (0x33350513) addi a0, a0, 819
x10 <- 0x0000000033333333
mem[X,0x0000000080001984] -> 0x1513
mem[X,0x0000000080001986] -> 0x00B5
[1638] [M]: 0x0000000080001984 (0x00B51513) slli a0, a0, 11
x10 <- 0x0000019999999800
mem[X,0x0000000080001988] -> 0x0513
mem[X,0x000000008000198A] -> 0x1995
[1639] [M]: 0x0000000080001988 (0x19950513) addi a0, a0, 409
x10 <- 0x0000019999999999
mem[X,0x000000008000198C] -> 0x1513
mem[X,0x000000008000198E] -> 0x00B5
[1640] [M]: 0x000000008000198C (0x00B51513) slli a0, a0, 11
x10 <- 0x000CCCCCCCCCC800
mem[X,0x0000000080001990] -> 0x0513
mem[X,0x0000000080001992] -> 0x4CC5
[1641] [M]: 0x0000000080001990 (0x4CC50513) addi a0, a0, 1228
x10 <- 0x000CCCCCCCCCCCCC
mem[X,0x0000000080001994] -> 0x1513
mem[X,0x0000000080001996] -> 0x00A5
[1642] [M]: 0x0000000080001994 (0x00A51513) slli a0, a0, 10
x10 <- 0x3333333333333000
mem[X,0x0000000080001998] -> 0x0513
mem[X,0x000000008000199A] -> 0x3335
[1643] [M]: 0x0000000080001998 (0x33350513) addi a0, a0, 819
x10 <- 0x3333333333333333
mem[X,0x000000008000199C] -> 0x3593
mem[X,0x000000008000199E] -> 0x3325
[1644] [M]: 0x000000008000199C (0x33253593) sltiu a1, a0, 818
x11 <- 0x0000000000000000
mem[X,0x00000000800019A0] -> 0x3823
mem[X,0x00000000800019A2] -> 0x72B1
[1645] [M]: 0x00000000800019A0 (0x72B13823) sd a1, 1840(sp)
mem[0x00000000800088F8] <- 0x0000000000000000
mem[X,0x00000000800019A4] -> 0x3537
mem[X,0x00000000800019A6] -> 0x3333
[1646] [M]: 0x00000000800019A4 (0x33333537) lui a0, 209715
x10 <- 0x0000000033333000
mem[X,0x00000000800019A8] -> 0x0513
mem[X,0x00000000800019AA] -> 0x3335
[1647] [M]: 0x00000000800019A8 (0x33350513) addi a0, a0, 819
x10 <- 0x0000000033333333
mem[X,0x00000000800019AC] -> 0x1513
mem[X,0x00000000800019AE] -> 0x00B5
[1648] [M]: 0x00000000800019AC (0x00B51513) slli a0, a0, 11
x10 <- 0x0000019999999800
mem[X,0x00000000800019B0] -> 0x0513
mem[X,0x00000000800019B2] -> 0x1995
[1649] [M]: 0x00000000800019B0 (0x19950513) addi a0, a0, 409
x10 <- 0x0000019999999999
mem[X,0x00000000800019B4] -> 0x1513
mem[X,0x00000000800019B6] -> 0x00B5
[1650] [M]: 0x00000000800019B4 (0x00B51513) slli a0, a0, 11
x10 <- 0x000CCCCCCCCCC800
mem[X,0x00000000800019B8] -> 0x0513
mem[X,0x00000000800019BA] -> 0x4CC5
[1651] [M]: 0x00000000800019B8 (0x4CC50513) addi a0, a0, 1228
x10 <- 0x000CCCCCCCCCCCCC
mem[X,0x00000000800019BC] -> 0x1513
mem[X,0x00000000800019BE] -> 0x00A5
[1652] [M]: 0x00000000800019BC (0x00A51513) slli a0, a0, 10
x10 <- 0x3333333333333000
mem[X,0x00000000800019C0] -> 0x0513
mem[X,0x00000000800019C2] -> 0x3335
[1653] [M]: 0x00000000800019C0 (0x33350513) addi a0, a0, 819
x10 <- 0x3333333333333333
mem[X,0x00000000800019C4] -> 0x3593
mem[X,0x00000000800019C6] -> 0x6655
[1654] [M]: 0x00000000800019C4 (0x66553593) sltiu a1, a0, 1637
x11 <- 0x0000000000000000
mem[X,0x00000000800019C8] -> 0x3C23
mem[X,0x00000000800019CA] -> 0x72B1
[1655] [M]: 0x00000000800019C8 (0x72B13C23) sd a1, 1848(sp)
mem[0x0000000080008900] <- 0x0000000000000000
mem[X,0x00000000800019CC] -> 0x3537
mem[X,0x00000000800019CE] -> 0x3333
[1656] [M]: 0x00000000800019CC (0x33333537) lui a0, 209715
x10 <- 0x0000000033333000
mem[X,0x00000000800019D0] -> 0x0513
mem[X,0x00000000800019D2] -> 0x3335
[1657] [M]: 0x00000000800019D0 (0x33350513) addi a0, a0, 819
x10 <- 0x0000000033333333
mem[X,0x00000000800019D4] -> 0x1513
mem[X,0x00000000800019D6] -> 0x00B5
[1658] [M]: 0x00000000800019D4 (0x00B51513) slli a0, a0, 11
x10 <- 0x0000019999999800
mem[X,0x00000000800019D8] -> 0x0513
mem[X,0x00000000800019DA] -> 0x1995
[1659] [M]: 0x00000000800019D8 (0x19950513) addi a0, a0, 409
x10 <- 0x0000019999999999
mem[X,0x00000000800019DC] -> 0x1513
mem[X,0x00000000800019DE] -> 0x00B5
[1660] [M]: 0x00000000800019DC (0x00B51513) slli a0, a0, 11
x10 <- 0x000CCCCCCCCCC800
mem[X,0x00000000800019E0] -> 0x0513
mem[X,0x00000000800019E2] -> 0x4CC5
[1661] [M]: 0x00000000800019E0 (0x4CC50513) addi a0, a0, 1228
x10 <- 0x000CCCCCCCCCCCCC
mem[X,0x00000000800019E4] -> 0x1513
mem[X,0x00000000800019E6] -> 0x00A5
[1662] [M]: 0x00000000800019E4 (0x00A51513) slli a0, a0, 10
x10 <- 0x3333333333333000
mem[X,0x00000000800019E8] -> 0x0513
mem[X,0x00000000800019EA] -> 0x3335
[1663] [M]: 0x00000000800019E8 (0x33350513) addi a0, a0, 819
x10 <- 0x3333333333333333
mem[X,0x00000000800019EC] -> 0x3593
mem[X,0x00000000800019EE] -> 0x02C5
[1664] [M]: 0x00000000800019EC (0x02C53593) sltiu a1, a0, 44
x11 <- 0x0000000000000000
mem[X,0x00000000800019F0] -> 0x3023
mem[X,0x00000000800019F2] -> 0x74B1
[1665] [M]: 0x00000000800019F0 (0x74B13023) sd a1, 1856(sp)
mem[0x0000000080008908] <- 0x0000000000000000
mem[X,0x00000000800019F4] -> 0x3537
mem[X,0x00000000800019F6] -> 0x3333
[1666] [M]: 0x00000000800019F4 (0x33333537) lui a0, 209715
x10 <- 0x0000000033333000
mem[X,0x00000000800019F8] -> 0x0513
mem[X,0x00000000800019FA] -> 0x3335
[1667] [M]: 0x00000000800019F8 (0x33350513) addi a0, a0, 819
x10 <- 0x0000000033333333
mem[X,0x00000000800019FC] -> 0x1513
mem[X,0x00000000800019FE] -> 0x00B5
[1668] [M]: 0x00000000800019FC (0x00B51513) slli a0, a0, 11
x10 <- 0x0000019999999800
mem[X,0x0000000080001A00] -> 0x0513
mem[X,0x0000000080001A02] -> 0x1995
[1669] [M]: 0x0000000080001A00 (0x19950513) addi a0, a0, 409
x10 <- 0x0000019999999999
mem[X,0x0000000080001A04] -> 0x1513
mem[X,0x0000000080001A06] -> 0x00B5
[1670] [M]: 0x0000000080001A04 (0x00B51513) slli a0, a0, 11
x10 <- 0x000CCCCCCCCCC800
mem[X,0x0000000080001A08] -> 0x0513
mem[X,0x0000000080001A0A] -> 0x4CC5
[1671] [M]: 0x0000000080001A08 (0x4CC50513) addi a0, a0, 1228
x10 <- 0x000CCCCCCCCCCCCC
mem[X,0x0000000080001A0C] -> 0x1513
mem[X,0x0000000080001A0E] -> 0x00A5
[1672] [M]: 0x0000000080001A0C (0x00A51513) slli a0, a0, 10
x10 <- 0x3333333333333000
mem[X,0x0000000080001A10] -> 0x0513
mem[X,0x0000000080001A12] -> 0x3335
[1673] [M]: 0x0000000080001A10 (0x33350513) addi a0, a0, 819
x10 <- 0x3333333333333333
mem[X,0x0000000080001A14] -> 0x3593
mem[X,0x0000000080001A16] -> 0x03E5
[1674] [M]: 0x0000000080001A14 (0x03E53593) sltiu a1, a0, 62
x11 <- 0x0000000000000000
mem[X,0x0000000080001A18] -> 0x3423
mem[X,0x0000000080001A1A] -> 0x74B1
[1675] [M]: 0x0000000080001A18 (0x74B13423) sd a1, 1864(sp)
mem[0x0000000080008910] <- 0x0000000000000000
mem[X,0x0000000080001A1C] -> 0x3537
mem[X,0x0000000080001A1E] -> 0x3333
[1676] [M]: 0x0000000080001A1C (0x33333537) lui a0, 209715
x10 <- 0x0000000033333000
mem[X,0x0000000080001A20] -> 0x0513
mem[X,0x0000000080001A22] -> 0x3335
[1677] [M]: 0x0000000080001A20 (0x33350513) addi a0, a0, 819
x10 <- 0x0000000033333333
mem[X,0x0000000080001A24] -> 0x1513
mem[X,0x0000000080001A26] -> 0x00B5
[1678] [M]: 0x0000000080001A24 (0x00B51513) slli a0, a0, 11
x10 <- 0x0000019999999800
mem[X,0x0000000080001A28] -> 0x0513
mem[X,0x0000000080001A2A] -> 0x1995
[1679] [M]: 0x0000000080001A28 (0x19950513) addi a0, a0, 409
x10 <- 0x0000019999999999
mem[X,0x0000000080001A2C] -> 0x1513
mem[X,0x0000000080001A2E] -> 0x00B5
[1680] [M]: 0x0000000080001A2C (0x00B51513) slli a0, a0, 11
x10 <- 0x000CCCCCCCCCC800
mem[X,0x0000000080001A30] -> 0x0513
mem[X,0x0000000080001A32] -> 0x4CC5
[1681] [M]: 0x0000000080001A30 (0x4CC50513) addi a0, a0, 1228
x10 <- 0x000CCCCCCCCCCCCC
mem[X,0x0000000080001A34] -> 0x1513
mem[X,0x0000000080001A36] -> 0x00A5
[1682] [M]: 0x0000000080001A34 (0x00A51513) slli a0, a0, 10
x10 <- 0x3333333333333000
mem[X,0x0000000080001A38] -> 0x0513
mem[X,0x0000000080001A3A] -> 0x3335
[1683] [M]: 0x0000000080001A38 (0x33350513) addi a0, a0, 819
x10 <- 0x3333333333333333
mem[X,0x0000000080001A3C] -> 0x3593
mem[X,0x0000000080001A3E] -> 0x5565
[1684] [M]: 0x0000000080001A3C (0x55653593) sltiu a1, a0, 1366
x11 <- 0x0000000000000000
mem[X,0x0000000080001A40] -> 0x3823
mem[X,0x0000000080001A42] -> 0x74B1
[1685] [M]: 0x0000000080001A40 (0x74B13823) sd a1, 1872(sp)
mem[0x0000000080008918] <- 0x0000000000000000
mem[X,0x0000000080001A44] -> 0x3537
mem[X,0x0000000080001A46] -> 0x3333
[1686] [M]: 0x0000000080001A44 (0x33333537) lui a0, 209715
x10 <- 0x0000000033333000
mem[X,0x0000000080001A48] -> 0x0513
mem[X,0x0000000080001A4A] -> 0x3335
[1687] [M]: 0x0000000080001A48 (0x33350513) addi a0, a0, 819
x10 <- 0x0000000033333333
mem[X,0x0000000080001A4C] -> 0x1513
mem[X,0x0000000080001A4E] -> 0x00B5
[1688] [M]: 0x0000000080001A4C (0x00B51513) slli a0, a0, 11
x10 <- 0x0000019999999800
mem[X,0x0000000080001A50] -> 0x0513
mem[X,0x0000000080001A52] -> 0x1995
[1689] [M]: 0x0000000080001A50 (0x19950513) addi a0, a0, 409
x10 <- 0x0000019999999999
mem[X,0x0000000080001A54] -> 0x1513
mem[X,0x0000000080001A56] -> 0x00B5
[1690] [M]: 0x0000000080001A54 (0x00B51513) slli a0, a0, 11
x10 <- 0x000CCCCCCCCCC800
mem[X,0x0000000080001A58] -> 0x0513
mem[X,0x0000000080001A5A] -> 0x4CC5
[1691] [M]: 0x0000000080001A58 (0x4CC50513) addi a0, a0, 1228
x10 <- 0x000CCCCCCCCCCCCC
mem[X,0x0000000080001A5C] -> 0x1513
mem[X,0x0000000080001A5E] -> 0x00A5
[1692] [M]: 0x0000000080001A5C (0x00A51513) slli a0, a0, 10
x10 <- 0x3333333333333000
mem[X,0x0000000080001A60] -> 0x0513
mem[X,0x0000000080001A62] -> 0x3335
[1693] [M]: 0x0000000080001A60 (0x33350513) addi a0, a0, 819
x10 <- 0x3333333333333333
mem[X,0x0000000080001A64] -> 0x3593
mem[X,0x0000000080001A66] -> 0xAAB5
[1694] [M]: 0x0000000080001A64 (0xAAB53593) sltiu a1, a0, 2731
x11 <- 0x0000000000000001
mem[X,0x0000000080001A68] -> 0x3C23
mem[X,0x0000000080001A6A] -> 0x74B1
[1695] [M]: 0x0000000080001A68 (0x74B13C23) sd a1, 1880(sp)
mem[0x0000000080008920] <- 0x0000000000000001
mem[X,0x0000000080001A6C] -> 0x3537
mem[X,0x0000000080001A6E] -> 0x3333
[1696] [M]: 0x0000000080001A6C (0x33333537) lui a0, 209715
x10 <- 0x0000000033333000
mem[X,0x0000000080001A70] -> 0x0513
mem[X,0x0000000080001A72] -> 0x3335
[1697] [M]: 0x0000000080001A70 (0x33350513) addi a0, a0, 819
x10 <- 0x0000000033333333
mem[X,0x0000000080001A74] -> 0x1513
mem[X,0x0000000080001A76] -> 0x00B5
[1698] [M]: 0x0000000080001A74 (0x00B51513) slli a0, a0, 11
x10 <- 0x0000019999999800
mem[X,0x0000000080001A78] -> 0x0513
mem[X,0x0000000080001A7A] -> 0x1995
[1699] [M]: 0x0000000080001A78 (0x19950513) addi a0, a0, 409
x10 <- 0x0000019999999999
clint::tick mtime <- 0x0000000000000011
 clint timer pending at mtime 0x0000000000000011
htif::tick 0x0000000000000000
mem[X,0x0000000080001A7C] -> 0x1513
mem[X,0x0000000080001A7E] -> 0x00B5
[1700] [M]: 0x0000000080001A7C (0x00B51513) slli a0, a0, 11
x10 <- 0x000CCCCCCCCCC800
mem[X,0x0000000080001A80] -> 0x0513
mem[X,0x0000000080001A82] -> 0x4CC5
[1701] [M]: 0x0000000080001A80 (0x4CC50513) addi a0, a0, 1228
x10 <- 0x000CCCCCCCCCCCCC
mem[X,0x0000000080001A84] -> 0x1513
mem[X,0x0000000080001A86] -> 0x00A5
[1702] [M]: 0x0000000080001A84 (0x00A51513) slli a0, a0, 10
x10 <- 0x3333333333333000
mem[X,0x0000000080001A88] -> 0x0513
mem[X,0x0000000080001A8A] -> 0x3335
[1703] [M]: 0x0000000080001A88 (0x33350513) addi a0, a0, 819
x10 <- 0x3333333333333333
mem[X,0x0000000080001A8C] -> 0x3593
mem[X,0x0000000080001A8E] -> 0x0065
[1704] [M]: 0x0000000080001A8C (0x00653593) sltiu a1, a0, 6
x11 <- 0x0000000000000000
mem[X,0x0000000080001A90] -> 0x3023
mem[X,0x0000000080001A92] -> 0x76B1
[1705] [M]: 0x0000000080001A90 (0x76B13023) sd a1, 1888(sp)
mem[0x0000000080008928] <- 0x0000000000000000
mem[X,0x0000000080001A94] -> 0x3537
mem[X,0x0000000080001A96] -> 0x3333
[1706] [M]: 0x0000000080001A94 (0x33333537) lui a0, 209715
x10 <- 0x0000000033333000
mem[X,0x0000000080001A98] -> 0x0513
mem[X,0x0000000080001A9A] -> 0x3335
[1707] [M]: 0x0000000080001A98 (0x33350513) addi a0, a0, 819
x10 <- 0x0000000033333333
mem[X,0x0000000080001A9C] -> 0x1513
mem[X,0x0000000080001A9E] -> 0x00B5
[1708] [M]: 0x0000000080001A9C (0x00B51513) slli a0, a0, 11
x10 <- 0x0000019999999800
mem[X,0x0000000080001AA0] -> 0x0513
mem[X,0x0000000080001AA2] -> 0x1995
[1709] [M]: 0x0000000080001AA0 (0x19950513) addi a0, a0, 409
x10 <- 0x0000019999999999
mem[X,0x0000000080001AA4] -> 0x1513
mem[X,0x0000000080001AA6] -> 0x00B5
[1710] [M]: 0x0000000080001AA4 (0x00B51513) slli a0, a0, 11
x10 <- 0x000CCCCCCCCCC800
mem[X,0x0000000080001AA8] -> 0x0513
mem[X,0x0000000080001AAA] -> 0x4CC5
[1711] [M]: 0x0000000080001AA8 (0x4CC50513) addi a0, a0, 1228
x10 <- 0x000CCCCCCCCCCCCC
mem[X,0x0000000080001AAC] -> 0x1513
mem[X,0x0000000080001AAE] -> 0x00A5
[1712] [M]: 0x0000000080001AAC (0x00A51513) slli a0, a0, 10
x10 <- 0x3333333333333000
mem[X,0x0000000080001AB0] -> 0x0513
mem[X,0x0000000080001AB2] -> 0x3335
[1713] [M]: 0x0000000080001AB0 (0x33350513) addi a0, a0, 819
x10 <- 0x3333333333333333
mem[X,0x0000000080001AB4] -> 0x3593
mem[X,0x0000000080001AB6] -> 0x3345
[1714] [M]: 0x0000000080001AB4 (0x33453593) sltiu a1, a0, 820
x11 <- 0x0000000000000000
mem[X,0x0000000080001AB8] -> 0x3423
mem[X,0x0000000080001ABA] -> 0x76B1
[1715] [M]: 0x0000000080001AB8 (0x76B13423) sd a1, 1896(sp)
mem[0x0000000080008930] <- 0x0000000000000000
mem[X,0x0000000080001ABC] -> 0x3537
mem[X,0x0000000080001ABE] -> 0x3333
[1716] [M]: 0x0000000080001ABC (0x33333537) lui a0, 209715
x10 <- 0x0000000033333000
mem[X,0x0000000080001AC0] -> 0x0513
mem[X,0x0000000080001AC2] -> 0x3335
[1717] [M]: 0x0000000080001AC0 (0x33350513) addi a0, a0, 819
x10 <- 0x0000000033333333
mem[X,0x0000000080001AC4] -> 0x1513
mem[X,0x0000000080001AC6] -> 0x00B5
[1718] [M]: 0x0000000080001AC4 (0x00B51513) slli a0, a0, 11
x10 <- 0x0000019999999800
mem[X,0x0000000080001AC8] -> 0x0513
mem[X,0x0000000080001ACA] -> 0x1995
[1719] [M]: 0x0000000080001AC8 (0x19950513) addi a0, a0, 409
x10 <- 0x0000019999999999
mem[X,0x0000000080001ACC] -> 0x1513
mem[X,0x0000000080001ACE] -> 0x00B5
[1720] [M]: 0x0000000080001ACC (0x00B51513) slli a0, a0, 11
x10 <- 0x000CCCCCCCCCC800
mem[X,0x0000000080001AD0] -> 0x0513
mem[X,0x0000000080001AD2] -> 0x4CC5
[1721] [M]: 0x0000000080001AD0 (0x4CC50513) addi a0, a0, 1228
x10 <- 0x000CCCCCCCCCCCCC
mem[X,0x0000000080001AD4] -> 0x1513
mem[X,0x0000000080001AD6] -> 0x00A5
[1722] [M]: 0x0000000080001AD4 (0x00A51513) slli a0, a0, 10
x10 <- 0x3333333333333000
mem[X,0x0000000080001AD8] -> 0x0513
mem[X,0x0000000080001ADA] -> 0x3335
[1723] [M]: 0x0000000080001AD8 (0x33350513) addi a0, a0, 819
x10 <- 0x3333333333333333
mem[X,0x0000000080001ADC] -> 0x3593
mem[X,0x0000000080001ADE] -> 0x6675
[1724] [M]: 0x0000000080001ADC (0x66753593) sltiu a1, a0, 1639
x11 <- 0x0000000000000000
mem[X,0x0000000080001AE0] -> 0x3823
mem[X,0x0000000080001AE2] -> 0x76B1
[1725] [M]: 0x0000000080001AE0 (0x76B13823) sd a1, 1904(sp)
mem[0x0000000080008938] <- 0x0000000000000000
mem[X,0x0000000080001AE4] -> 0x3537
mem[X,0x0000000080001AE6] -> 0x3333
[1726] [M]: 0x0000000080001AE4 (0x33333537) lui a0, 209715
x10 <- 0x0000000033333000
mem[X,0x0000000080001AE8] -> 0x0513
mem[X,0x0000000080001AEA] -> 0x3335
[1727] [M]: 0x0000000080001AE8 (0x33350513) addi a0, a0, 819
x10 <- 0x0000000033333333
mem[X,0x0000000080001AEC] -> 0x1513
mem[X,0x0000000080001AEE] -> 0x00B5
[1728] [M]: 0x0000000080001AEC (0x00B51513) slli a0, a0, 11
x10 <- 0x0000019999999800
mem[X,0x0000000080001AF0] -> 0x0513
mem[X,0x0000000080001AF2] -> 0x1995
[1729] [M]: 0x0000000080001AF0 (0x19950513) addi a0, a0, 409
x10 <- 0x0000019999999999
mem[X,0x0000000080001AF4] -> 0x1513
mem[X,0x0000000080001AF6] -> 0x00B5
[1730] [M]: 0x0000000080001AF4 (0x00B51513) slli a0, a0, 11
x10 <- 0x000CCCCCCCCCC800
mem[X,0x0000000080001AF8] -> 0x0513
mem[X,0x0000000080001AFA] -> 0x4CC5
[1731] [M]: 0x0000000080001AF8 (0x4CC50513) addi a0, a0, 1228
x10 <- 0x000CCCCCCCCCCCCC
mem[X,0x0000000080001AFC] -> 0x1513
mem[X,0x0000000080001AFE] -> 0x00A5
[1732] [M]: 0x0000000080001AFC (0x00A51513) slli a0, a0, 10
x10 <- 0x3333333333333000
mem[X,0x0000000080001B00] -> 0x0513
mem[X,0x0000000080001B02] -> 0x3335
[1733] [M]: 0x0000000080001B00 (0x33350513) addi a0, a0, 819
x10 <- 0x3333333333333333
mem[X,0x0000000080001B04] -> 0x3593
mem[X,0x0000000080001B06] -> 0x02E5
[1734] [M]: 0x0000000080001B04 (0x02E53593) sltiu a1, a0, 46
x11 <- 0x0000000000000000
mem[X,0x0000000080001B08] -> 0x3C23
mem[X,0x0000000080001B0A] -> 0x76B1
[1735] [M]: 0x0000000080001B08 (0x76B13C23) sd a1, 1912(sp)
mem[0x0000000080008940] <- 0x0000000000000000
mem[X,0x0000000080001B0C] -> 0x3537
mem[X,0x0000000080001B0E] -> 0x3333
[1736] [M]: 0x0000000080001B0C (0x33333537) lui a0, 209715
x10 <- 0x0000000033333000
mem[X,0x0000000080001B10] -> 0x0513
mem[X,0x0000000080001B12] -> 0x3335
[1737] [M]: 0x0000000080001B10 (0x33350513) addi a0, a0, 819
x10 <- 0x0000000033333333
mem[X,0x0000000080001B14] -> 0x1513
mem[X,0x0000000080001B16] -> 0x00B5
[1738] [M]: 0x0000000080001B14 (0x00B51513) slli a0, a0, 11
x10 <- 0x0000019999999800
mem[X,0x0000000080001B18] -> 0x0513
mem[X,0x0000000080001B1A] -> 0x1995
[1739] [M]: 0x0000000080001B18 (0x19950513) addi a0, a0, 409
x10 <- 0x0000019999999999
mem[X,0x0000000080001B1C] -> 0x1513
mem[X,0x0000000080001B1E] -> 0x00B5
[1740] [M]: 0x0000000080001B1C (0x00B51513) slli a0, a0, 11
x10 <- 0x000CCCCCCCCCC800
mem[X,0x0000000080001B20] -> 0x0513
mem[X,0x0000000080001B22] -> 0x4CC5
[1741] [M]: 0x0000000080001B20 (0x4CC50513) addi a0, a0, 1228
x10 <- 0x000CCCCCCCCCCCCC
mem[X,0x0000000080001B24] -> 0x1513
mem[X,0x0000000080001B26] -> 0x00A5
[1742] [M]: 0x0000000080001B24 (0x00A51513) slli a0, a0, 10
x10 <- 0x3333333333333000
mem[X,0x0000000080001B28] -> 0x0513
mem[X,0x0000000080001B2A] -> 0x3335
[1743] [M]: 0x0000000080001B28 (0x33350513) addi a0, a0, 819
x10 <- 0x3333333333333333
mem[X,0x0000000080001B2C] -> 0x3593
mem[X,0x0000000080001B2E] -> 0x0015
[1744] [M]: 0x0000000080001B2C (0x00153593) sltiu a1, a0, 1
x11 <- 0x0000000000000000
mem[X,0x0000000080001B30] -> 0x3023
mem[X,0x0000000080001B32] -> 0x78B1
[1745] [M]: 0x0000000080001B30 (0x78B13023) sd a1, 1920(sp)
mem[0x0000000080008948] <- 0x0000000000000000
mem[X,0x0000000080001B34] -> 0x3537
mem[X,0x0000000080001B36] -> 0x3333
[1746] [M]: 0x0000000080001B34 (0x33333537) lui a0, 209715
x10 <- 0x0000000033333000
mem[X,0x0000000080001B38] -> 0x0513
mem[X,0x0000000080001B3A] -> 0x3335
[1747] [M]: 0x0000000080001B38 (0x33350513) addi a0, a0, 819
x10 <- 0x0000000033333333
mem[X,0x0000000080001B3C] -> 0x1513
mem[X,0x0000000080001B3E] -> 0x00B5
[1748] [M]: 0x0000000080001B3C (0x00B51513) slli a0, a0, 11
x10 <- 0x0000019999999800
mem[X,0x0000000080001B40] -> 0x0513
mem[X,0x0000000080001B42] -> 0x1995
[1749] [M]: 0x0000000080001B40 (0x19950513) addi a0, a0, 409
x10 <- 0x0000019999999999
mem[X,0x0000000080001B44] -> 0x1513
mem[X,0x0000000080001B46] -> 0x00B5
[1750] [M]: 0x0000000080001B44 (0x00B51513) slli a0, a0, 11
x10 <- 0x000CCCCCCCCCC800
mem[X,0x0000000080001B48] -> 0x0513
mem[X,0x0000000080001B4A] -> 0x4CC5
[1751] [M]: 0x0000000080001B48 (0x4CC50513) addi a0, a0, 1228
x10 <- 0x000CCCCCCCCCCCCC
mem[X,0x0000000080001B4C] -> 0x1513
mem[X,0x0000000080001B4E] -> 0x00A5
[1752] [M]: 0x0000000080001B4C (0x00A51513) slli a0, a0, 10
x10 <- 0x3333333333333000
mem[X,0x0000000080001B50] -> 0x0513
mem[X,0x0000000080001B52] -> 0x3335
[1753] [M]: 0x0000000080001B50 (0x33350513) addi a0, a0, 819
x10 <- 0x3333333333333333
mem[X,0x0000000080001B54] -> 0x3593
mem[X,0x0000000080001B56] -> 0x0405
[1754] [M]: 0x0000000080001B54 (0x04053593) sltiu a1, a0, 64
x11 <- 0x0000000000000000
mem[X,0x0000000080001B58] -> 0x3423
mem[X,0x0000000080001B5A] -> 0x78B1
[1755] [M]: 0x0000000080001B58 (0x78B13423) sd a1, 1928(sp)
mem[0x0000000080008950] <- 0x0000000000000000
mem[X,0x0000000080001B5C] -> 0x6537
mem[X,0x0000000080001B5E] -> 0x6666
[1756] [M]: 0x0000000080001B5C (0x66666537) lui a0, 419430
x10 <- 0x0000000066666000
mem[X,0x0000000080001B60] -> 0x0513
mem[X,0x0000000080001B62] -> 0x6665
[1757] [M]: 0x0000000080001B60 (0x66650513) addi a0, a0, 1638
x10 <- 0x0000000066666666
mem[X,0x0000000080001B64] -> 0x1513
mem[X,0x0000000080001B66] -> 0x00B5
[1758] [M]: 0x0000000080001B64 (0x00B51513) slli a0, a0, 11
x10 <- 0x0000033333333000
mem[X,0x0000000080001B68] -> 0x0513
mem[X,0x0000000080001B6A] -> 0x3335
[1759] [M]: 0x0000000080001B68 (0x33350513) addi a0, a0, 819
x10 <- 0x0000033333333333
mem[X,0x0000000080001B6C] -> 0x1513
mem[X,0x0000000080001B6E] -> 0x00B5
[1760] [M]: 0x0000000080001B6C (0x00B51513) slli a0, a0, 11
x10 <- 0x0019999999999800
mem[X,0x0000000080001B70] -> 0x0513
mem[X,0x0000000080001B72] -> 0x1995
[1761] [M]: 0x0000000080001B70 (0x19950513) addi a0, a0, 409
x10 <- 0x0019999999999999
mem[X,0x0000000080001B74] -> 0x1513
mem[X,0x0000000080001B76] -> 0x00A5
[1762] [M]: 0x0000000080001B74 (0x00A51513) slli a0, a0, 10
x10 <- 0x6666666666666400
mem[X,0x0000000080001B78] -> 0x0513
mem[X,0x0000000080001B7A] -> 0x2665
[1763] [M]: 0x0000000080001B78 (0x26650513) addi a0, a0, 614
x10 <- 0x6666666666666666
mem[X,0x0000000080001B7C] -> 0x3593
mem[X,0x0000000080001B7E] -> 0x0035
[1764] [M]: 0x0000000080001B7C (0x00353593) sltiu a1, a0, 3
x11 <- 0x0000000000000000
mem[X,0x0000000080001B80] -> 0x3823
mem[X,0x0000000080001B82] -> 0x78B1
[1765] [M]: 0x0000000080001B80 (0x78B13823) sd a1, 1936(sp)
mem[0x0000000080008958] <- 0x0000000000000000
mem[X,0x0000000080001B84] -> 0x6537
mem[X,0x0000000080001B86] -> 0x6666
[1766] [M]: 0x0000000080001B84 (0x66666537) lui a0, 419430
x10 <- 0x0000000066666000
mem[X,0x0000000080001B88] -> 0x0513
mem[X,0x0000000080001B8A] -> 0x6665
[1767] [M]: 0x0000000080001B88 (0x66650513) addi a0, a0, 1638
x10 <- 0x0000000066666666
mem[X,0x0000000080001B8C] -> 0x1513
mem[X,0x0000000080001B8E] -> 0x00B5
[1768] [M]: 0x0000000080001B8C (0x00B51513) slli a0, a0, 11
x10 <- 0x0000033333333000
mem[X,0x0000000080001B90] -> 0x0513
mem[X,0x0000000080001B92] -> 0x3335
[1769] [M]: 0x0000000080001B90 (0x33350513) addi a0, a0, 819
x10 <- 0x0000033333333333
mem[X,0x0000000080001B94] -> 0x1513
mem[X,0x0000000080001B96] -> 0x00B5
[1770] [M]: 0x0000000080001B94 (0x00B51513) slli a0, a0, 11
x10 <- 0x0019999999999800
mem[X,0x0000000080001B98] -> 0x0513
mem[X,0x0000000080001B9A] -> 0x1995
[1771] [M]: 0x0000000080001B98 (0x19950513) addi a0, a0, 409
x10 <- 0x0019999999999999
mem[X,0x0000000080001B9C] -> 0x1513
mem[X,0x0000000080001B9E] -> 0x00A5
[1772] [M]: 0x0000000080001B9C (0x00A51513) slli a0, a0, 10
x10 <- 0x6666666666666400
mem[X,0x0000000080001BA0] -> 0x0513
mem[X,0x0000000080001BA2] -> 0x2665
[1773] [M]: 0x0000000080001BA0 (0x26650513) addi a0, a0, 614
x10 <- 0x6666666666666666
mem[X,0x0000000080001BA4] -> 0x3593
mem[X,0x0000000080001BA6] -> 0x5555
[1774] [M]: 0x0000000080001BA4 (0x55553593) sltiu a1, a0, 1365
x11 <- 0x0000000000000000
mem[X,0x0000000080001BA8] -> 0x3C23
mem[X,0x0000000080001BAA] -> 0x78B1
[1775] [M]: 0x0000000080001BA8 (0x78B13C23) sd a1, 1944(sp)
mem[0x0000000080008960] <- 0x0000000000000000
mem[X,0x0000000080001BAC] -> 0x6537
mem[X,0x0000000080001BAE] -> 0x6666
[1776] [M]: 0x0000000080001BAC (0x66666537) lui a0, 419430
x10 <- 0x0000000066666000
mem[X,0x0000000080001BB0] -> 0x0513
mem[X,0x0000000080001BB2] -> 0x6665
[1777] [M]: 0x0000000080001BB0 (0x66650513) addi a0, a0, 1638
x10 <- 0x0000000066666666
mem[X,0x0000000080001BB4] -> 0x1513
mem[X,0x0000000080001BB6] -> 0x00B5
[1778] [M]: 0x0000000080001BB4 (0x00B51513) slli a0, a0, 11
x10 <- 0x0000033333333000
mem[X,0x0000000080001BB8] -> 0x0513
mem[X,0x0000000080001BBA] -> 0x3335
[1779] [M]: 0x0000000080001BB8 (0x33350513) addi a0, a0, 819
x10 <- 0x0000033333333333
mem[X,0x0000000080001BBC] -> 0x1513
mem[X,0x0000000080001BBE] -> 0x00B5
[1780] [M]: 0x0000000080001BBC (0x00B51513) slli a0, a0, 11
x10 <- 0x0019999999999800
mem[X,0x0000000080001BC0] -> 0x0513
mem[X,0x0000000080001BC2] -> 0x1995
[1781] [M]: 0x0000000080001BC0 (0x19950513) addi a0, a0, 409
x10 <- 0x0019999999999999
mem[X,0x0000000080001BC4] -> 0x1513
mem[X,0x0000000080001BC6] -> 0x00A5
[1782] [M]: 0x0000000080001BC4 (0x00A51513) slli a0, a0, 10
x10 <- 0x6666666666666400
mem[X,0x0000000080001BC8] -> 0x0513
mem[X,0x0000000080001BCA] -> 0x2665
[1783] [M]: 0x0000000080001BC8 (0x26650513) addi a0, a0, 614
x10 <- 0x6666666666666666
mem[X,0x0000000080001BCC] -> 0x3593
mem[X,0x0000000080001BCE] -> 0xAAA5
[1784] [M]: 0x0000000080001BCC (0xAAA53593) sltiu a1, a0, 2730
x11 <- 0x0000000000000001
mem[X,0x0000000080001BD0] -> 0x3023
mem[X,0x0000000080001BD2] -> 0x7AB1
[1785] [M]: 0x0000000080001BD0 (0x7AB13023) sd a1, 1952(sp)
mem[0x0000000080008968] <- 0x0000000000000001
mem[X,0x0000000080001BD4] -> 0x6537
mem[X,0x0000000080001BD6] -> 0x6666
[1786] [M]: 0x0000000080001BD4 (0x66666537) lui a0, 419430
x10 <- 0x0000000066666000
mem[X,0x0000000080001BD8] -> 0x0513
mem[X,0x0000000080001BDA] -> 0x6665
[1787] [M]: 0x0000000080001BD8 (0x66650513) addi a0, a0, 1638
x10 <- 0x0000000066666666
mem[X,0x0000000080001BDC] -> 0x1513
mem[X,0x0000000080001BDE] -> 0x00B5
[1788] [M]: 0x0000000080001BDC (0x00B51513) slli a0, a0, 11
x10 <- 0x0000033333333000
mem[X,0x0000000080001BE0] -> 0x0513
mem[X,0x0000000080001BE2] -> 0x3335
[1789] [M]: 0x0000000080001BE0 (0x33350513) addi a0, a0, 819
x10 <- 0x0000033333333333
mem[X,0x0000000080001BE4] -> 0x1513
mem[X,0x0000000080001BE6] -> 0x00B5
[1790] [M]: 0x0000000080001BE4 (0x00B51513) slli a0, a0, 11
x10 <- 0x0019999999999800
mem[X,0x0000000080001BE8] -> 0x0513
mem[X,0x0000000080001BEA] -> 0x1995
[1791] [M]: 0x0000000080001BE8 (0x19950513) addi a0, a0, 409
x10 <- 0x0019999999999999
mem[X,0x0000000080001BEC] -> 0x1513
mem[X,0x0000000080001BEE] -> 0x00A5
[1792] [M]: 0x0000000080001BEC (0x00A51513) slli a0, a0, 10
x10 <- 0x6666666666666400
mem[X,0x0000000080001BF0] -> 0x0513
mem[X,0x0000000080001BF2] -> 0x2665
[1793] [M]: 0x0000000080001BF0 (0x26650513) addi a0, a0, 614
x10 <- 0x6666666666666666
mem[X,0x0000000080001BF4] -> 0x3593
mem[X,0x0000000080001BF6] -> 0x0055
[1794] [M]: 0x0000000080001BF4 (0x00553593) sltiu a1, a0, 5
x11 <- 0x0000000000000000
mem[X,0x0000000080001BF8] -> 0x3423
mem[X,0x0000000080001BFA] -> 0x7AB1
[1795] [M]: 0x0000000080001BF8 (0x7AB13423) sd a1, 1960(sp)
mem[0x0000000080008970] <- 0x0000000000000000
mem[X,0x0000000080001BFC] -> 0x6537
mem[X,0x0000000080001BFE] -> 0x6666
[1796] [M]: 0x0000000080001BFC (0x66666537) lui a0, 419430
x10 <- 0x0000000066666000
mem[X,0x0000000080001C00] -> 0x0513
mem[X,0x0000000080001C02] -> 0x6665
[1797] [M]: 0x0000000080001C00 (0x66650513) addi a0, a0, 1638
x10 <- 0x0000000066666666
mem[X,0x0000000080001C04] -> 0x1513
mem[X,0x0000000080001C06] -> 0x00B5
[1798] [M]: 0x0000000080001C04 (0x00B51513) slli a0, a0, 11
x10 <- 0x0000033333333000
mem[X,0x0000000080001C08] -> 0x0513
mem[X,0x0000000080001C0A] -> 0x3335
[1799] [M]: 0x0000000080001C08 (0x33350513) addi a0, a0, 819
x10 <- 0x0000033333333333
clint::tick mtime <- 0x0000000000000012
 clint timer pending at mtime 0x0000000000000012
htif::tick 0x0000000000000000
mem[X,0x0000000080001C0C] -> 0x1513
mem[X,0x0000000080001C0E] -> 0x00B5
[1800] [M]: 0x0000000080001C0C (0x00B51513) slli a0, a0, 11
x10 <- 0x0019999999999800
mem[X,0x0000000080001C10] -> 0x0513
mem[X,0x0000000080001C12] -> 0x1995
[1801] [M]: 0x0000000080001C10 (0x19950513) addi a0, a0, 409
x10 <- 0x0019999999999999
mem[X,0x0000000080001C14] -> 0x1513
mem[X,0x0000000080001C16] -> 0x00A5
[1802] [M]: 0x0000000080001C14 (0x00A51513) slli a0, a0, 10
x10 <- 0x6666666666666400
mem[X,0x0000000080001C18] -> 0x0513
mem[X,0x0000000080001C1A] -> 0x2665
[1803] [M]: 0x0000000080001C18 (0x26650513) addi a0, a0, 614
x10 <- 0x6666666666666666
mem[X,0x0000000080001C1C] -> 0x3593
mem[X,0x0000000080001C1E] -> 0x3335
[1804] [M]: 0x0000000080001C1C (0x33353593) sltiu a1, a0, 819
x11 <- 0x0000000000000000
mem[X,0x0000000080001C20] -> 0x3823
mem[X,0x0000000080001C22] -> 0x7AB1
[1805] [M]: 0x0000000080001C20 (0x7AB13823) sd a1, 1968(sp)
mem[0x0000000080008978] <- 0x0000000000000000
mem[X,0x0000000080001C24] -> 0x6537
mem[X,0x0000000080001C26] -> 0x6666
[1806] [M]: 0x0000000080001C24 (0x66666537) lui a0, 419430
x10 <- 0x0000000066666000
mem[X,0x0000000080001C28] -> 0x0513
mem[X,0x0000000080001C2A] -> 0x6665
[1807] [M]: 0x0000000080001C28 (0x66650513) addi a0, a0, 1638
x10 <- 0x0000000066666666
mem[X,0x0000000080001C2C] -> 0x1513
mem[X,0x0000000080001C2E] -> 0x00B5
[1808] [M]: 0x0000000080001C2C (0x00B51513) slli a0, a0, 11
x10 <- 0x0000033333333000
mem[X,0x0000000080001C30] -> 0x0513
mem[X,0x0000000080001C32] -> 0x3335
[1809] [M]: 0x0000000080001C30 (0x33350513) addi a0, a0, 819
x10 <- 0x0000033333333333
mem[X,0x0000000080001C34] -> 0x1513
mem[X,0x0000000080001C36] -> 0x00B5
[1810] [M]: 0x0000000080001C34 (0x00B51513) slli a0, a0, 11
x10 <- 0x0019999999999800
mem[X,0x0000000080001C38] -> 0x0513
mem[X,0x0000000080001C3A] -> 0x1995
[1811] [M]: 0x0000000080001C38 (0x19950513) addi a0, a0, 409
x10 <- 0x0019999999999999
mem[X,0x0000000080001C3C] -> 0x1513
mem[X,0x0000000080001C3E] -> 0x00A5
[1812] [M]: 0x0000000080001C3C (0x00A51513) slli a0, a0, 10
x10 <- 0x6666666666666400
mem[X,0x0000000080001C40] -> 0x0513
mem[X,0x0000000080001C42] -> 0x2665
[1813] [M]: 0x0000000080001C40 (0x26650513) addi a0, a0, 614
x10 <- 0x6666666666666666
mem[X,0x0000000080001C44] -> 0x3593
mem[X,0x0000000080001C46] -> 0x6665
[1814] [M]: 0x0000000080001C44 (0x66653593) sltiu a1, a0, 1638
x11 <- 0x0000000000000000
mem[X,0x0000000080001C48] -> 0x3C23
mem[X,0x0000000080001C4A] -> 0x7AB1
[1815] [M]: 0x0000000080001C48 (0x7AB13C23) sd a1, 1976(sp)
mem[0x0000000080008980] <- 0x0000000000000000
mem[X,0x0000000080001C4C] -> 0x6537
mem[X,0x0000000080001C4E] -> 0x6666
[1816] [M]: 0x0000000080001C4C (0x66666537) lui a0, 419430
x10 <- 0x0000000066666000
mem[X,0x0000000080001C50] -> 0x0513
mem[X,0x0000000080001C52] -> 0x6665
[1817] [M]: 0x0000000080001C50 (0x66650513) addi a0, a0, 1638
x10 <- 0x0000000066666666
mem[X,0x0000000080001C54] -> 0x1513
mem[X,0x0000000080001C56] -> 0x00B5
[1818] [M]: 0x0000000080001C54 (0x00B51513) slli a0, a0, 11
x10 <- 0x0000033333333000
mem[X,0x0000000080001C58] -> 0x0513
mem[X,0x0000000080001C5A] -> 0x3335
[1819] [M]: 0x0000000080001C58 (0x33350513) addi a0, a0, 819
x10 <- 0x0000033333333333
mem[X,0x0000000080001C5C] -> 0x1513
mem[X,0x0000000080001C5E] -> 0x00B5
[1820] [M]: 0x0000000080001C5C (0x00B51513) slli a0, a0, 11
x10 <- 0x0019999999999800
mem[X,0x0000000080001C60] -> 0x0513
mem[X,0x0000000080001C62] -> 0x1995
[1821] [M]: 0x0000000080001C60 (0x19950513) addi a0, a0, 409
x10 <- 0x0019999999999999
mem[X,0x0000000080001C64] -> 0x1513
mem[X,0x0000000080001C66] -> 0x00A5
[1822] [M]: 0x0000000080001C64 (0x00A51513) slli a0, a0, 10
x10 <- 0x6666666666666400
mem[X,0x0000000080001C68] -> 0x0513
mem[X,0x0000000080001C6A] -> 0x2665
[1823] [M]: 0x0000000080001C68 (0x26650513) addi a0, a0, 614
x10 <- 0x6666666666666666
mem[X,0x0000000080001C6C] -> 0x3593
mem[X,0x0000000080001C6E] -> 0x02D5
[1824] [M]: 0x0000000080001C6C (0x02D53593) sltiu a1, a0, 45
x11 <- 0x0000000000000000
mem[X,0x0000000080001C70] -> 0x3023
mem[X,0x0000000080001C72] -> 0x7CB1
[1825] [M]: 0x0000000080001C70 (0x7CB13023) sd a1, 1984(sp)
mem[0x0000000080008988] <- 0x0000000000000000
mem[X,0x0000000080001C74] -> 0x6537
mem[X,0x0000000080001C76] -> 0x6666
[1826] [M]: 0x0000000080001C74 (0x66666537) lui a0, 419430
x10 <- 0x0000000066666000
mem[X,0x0000000080001C78] -> 0x0513
mem[X,0x0000000080001C7A] -> 0x6665
[1827] [M]: 0x0000000080001C78 (0x66650513) addi a0, a0, 1638
x10 <- 0x0000000066666666
mem[X,0x0000000080001C7C] -> 0x1513
mem[X,0x0000000080001C7E] -> 0x00B5
[1828] [M]: 0x0000000080001C7C (0x00B51513) slli a0, a0, 11
x10 <- 0x0000033333333000
mem[X,0x0000000080001C80] -> 0x0513
mem[X,0x0000000080001C82] -> 0x3335
[1829] [M]: 0x0000000080001C80 (0x33350513) addi a0, a0, 819
x10 <- 0x0000033333333333
mem[X,0x0000000080001C84] -> 0x1513
mem[X,0x0000000080001C86] -> 0x00B5
[1830] [M]: 0x0000000080001C84 (0x00B51513) slli a0, a0, 11
x10 <- 0x0019999999999800
mem[X,0x0000000080001C88] -> 0x0513
mem[X,0x0000000080001C8A] -> 0x1995
[1831] [M]: 0x0000000080001C88 (0x19950513) addi a0, a0, 409
x10 <- 0x0019999999999999
mem[X,0x0000000080001C8C] -> 0x1513
mem[X,0x0000000080001C8E] -> 0x00A5
[1832] [M]: 0x0000000080001C8C (0x00A51513) slli a0, a0, 10
x10 <- 0x6666666666666400
mem[X,0x0000000080001C90] -> 0x0513
mem[X,0x0000000080001C92] -> 0x2665
[1833] [M]: 0x0000000080001C90 (0x26650513) addi a0, a0, 614
x10 <- 0x6666666666666666
mem[X,0x0000000080001C94] -> 0x3593
mem[X,0x0000000080001C96] -> 0x0005
[1834] [M]: 0x0000000080001C94 (0x00053593) sltiu a1, a0, 0
x11 <- 0x0000000000000000
mem[X,0x0000000080001C98] -> 0x3423
mem[X,0x0000000080001C9A] -> 0x7CB1
[1835] [M]: 0x0000000080001C98 (0x7CB13423) sd a1, 1992(sp)
mem[0x0000000080008990] <- 0x0000000000000000
mem[X,0x0000000080001C9C] -> 0x6537
mem[X,0x0000000080001C9E] -> 0x6666
[1836] [M]: 0x0000000080001C9C (0x66666537) lui a0, 419430
x10 <- 0x0000000066666000
mem[X,0x0000000080001CA0] -> 0x0513
mem[X,0x0000000080001CA2] -> 0x6665
[1837] [M]: 0x0000000080001CA0 (0x66650513) addi a0, a0, 1638
x10 <- 0x0000000066666666
mem[X,0x0000000080001CA4] -> 0x1513
mem[X,0x0000000080001CA6] -> 0x00B5
[1838] [M]: 0x0000000080001CA4 (0x00B51513) slli a0, a0, 11
x10 <- 0x0000033333333000
mem[X,0x0000000080001CA8] -> 0x0513
mem[X,0x0000000080001CAA] -> 0x3335
[1839] [M]: 0x0000000080001CA8 (0x33350513) addi a0, a0, 819
x10 <- 0x0000033333333333
mem[X,0x0000000080001CAC] -> 0x1513
mem[X,0x0000000080001CAE] -> 0x00B5
[1840] [M]: 0x0000000080001CAC (0x00B51513) slli a0, a0, 11
x10 <- 0x0019999999999800
mem[X,0x0000000080001CB0] -> 0x0513
mem[X,0x0000000080001CB2] -> 0x1995
[1841] [M]: 0x0000000080001CB0 (0x19950513) addi a0, a0, 409
x10 <- 0x0019999999999999
mem[X,0x0000000080001CB4] -> 0x1513
mem[X,0x0000000080001CB6] -> 0x00A5
[1842] [M]: 0x0000000080001CB4 (0x00A51513) slli a0, a0, 10
x10 <- 0x6666666666666400
mem[X,0x0000000080001CB8] -> 0x0513
mem[X,0x0000000080001CBA] -> 0x2665
[1843] [M]: 0x0000000080001CB8 (0x26650513) addi a0, a0, 614
x10 <- 0x6666666666666666
mem[X,0x0000000080001CBC] -> 0x3593
mem[X,0x0000000080001CBE] -> 0x03F5
[1844] [M]: 0x0000000080001CBC (0x03F53593) sltiu a1, a0, 63
x11 <- 0x0000000000000000
mem[X,0x0000000080001CC0] -> 0x3823
mem[X,0x0000000080001CC2] -> 0x7CB1
[1845] [M]: 0x0000000080001CC0 (0x7CB13823) sd a1, 2000(sp)
mem[0x0000000080008998] <- 0x0000000000000000
mem[X,0x0000000080001CC4] -> 0x6537
mem[X,0x0000000080001CC6] -> 0x6666
[1846] [M]: 0x0000000080001CC4 (0x66666537) lui a0, 419430
x10 <- 0x0000000066666000
mem[X,0x0000000080001CC8] -> 0x0513
mem[X,0x0000000080001CCA] -> 0x6665
[1847] [M]: 0x0000000080001CC8 (0x66650513) addi a0, a0, 1638
x10 <- 0x0000000066666666
mem[X,0x0000000080001CCC] -> 0x1513
mem[X,0x0000000080001CCE] -> 0x00B5
[1848] [M]: 0x0000000080001CCC (0x00B51513) slli a0, a0, 11
x10 <- 0x0000033333333000
mem[X,0x0000000080001CD0] -> 0x0513
mem[X,0x0000000080001CD2] -> 0x3335
[1849] [M]: 0x0000000080001CD0 (0x33350513) addi a0, a0, 819
x10 <- 0x0000033333333333
mem[X,0x0000000080001CD4] -> 0x1513
mem[X,0x0000000080001CD6] -> 0x00B5
[1850] [M]: 0x0000000080001CD4 (0x00B51513) slli a0, a0, 11
x10 <- 0x0019999999999800
mem[X,0x0000000080001CD8] -> 0x0513
mem[X,0x0000000080001CDA] -> 0x1995
[1851] [M]: 0x0000000080001CD8 (0x19950513) addi a0, a0, 409
x10 <- 0x0019999999999999
mem[X,0x0000000080001CDC] -> 0x1513
mem[X,0x0000000080001CDE] -> 0x00A5
[1852] [M]: 0x0000000080001CDC (0x00A51513) slli a0, a0, 10
x10 <- 0x6666666666666400
mem[X,0x0000000080001CE0] -> 0x0513
mem[X,0x0000000080001CE2] -> 0x2665
[1853] [M]: 0x0000000080001CE0 (0x26650513) addi a0, a0, 614
x10 <- 0x6666666666666666
mem[X,0x0000000080001CE4] -> 0x3593
mem[X,0x0000000080001CE6] -> 0x0025
[1854] [M]: 0x0000000080001CE4 (0x00253593) sltiu a1, a0, 2
x11 <- 0x0000000000000000
mem[X,0x0000000080001CE8] -> 0x3C23
mem[X,0x0000000080001CEA] -> 0x7CB1
[1855] [M]: 0x0000000080001CE8 (0x7CB13C23) sd a1, 2008(sp)
mem[0x00000000800089A0] <- 0x0000000000000000
mem[X,0x0000000080001CEC] -> 0x6537
mem[X,0x0000000080001CEE] -> 0x6666
[1856] [M]: 0x0000000080001CEC (0x66666537) lui a0, 419430
x10 <- 0x0000000066666000
mem[X,0x0000000080001CF0] -> 0x0513
mem[X,0x0000000080001CF2] -> 0x6665
[1857] [M]: 0x0000000080001CF0 (0x66650513) addi a0, a0, 1638
x10 <- 0x0000000066666666
mem[X,0x0000000080001CF4] -> 0x1513
mem[X,0x0000000080001CF6] -> 0x00B5
[1858] [M]: 0x0000000080001CF4 (0x00B51513) slli a0, a0, 11
x10 <- 0x0000033333333000
mem[X,0x0000000080001CF8] -> 0x0513
mem[X,0x0000000080001CFA] -> 0x3335
[1859] [M]: 0x0000000080001CF8 (0x33350513) addi a0, a0, 819
x10 <- 0x0000033333333333
mem[X,0x0000000080001CFC] -> 0x1513
mem[X,0x0000000080001CFE] -> 0x00B5
[1860] [M]: 0x0000000080001CFC (0x00B51513) slli a0, a0, 11
x10 <- 0x0019999999999800
mem[X,0x0000000080001D00] -> 0x0513
mem[X,0x0000000080001D02] -> 0x1995
[1861] [M]: 0x0000000080001D00 (0x19950513) addi a0, a0, 409
x10 <- 0x0019999999999999
mem[X,0x0000000080001D04] -> 0x1513
mem[X,0x0000000080001D06] -> 0x00A5
[1862] [M]: 0x0000000080001D04 (0x00A51513) slli a0, a0, 10
x10 <- 0x6666666666666400
mem[X,0x0000000080001D08] -> 0x0513
mem[X,0x0000000080001D0A] -> 0x2665
[1863] [M]: 0x0000000080001D08 (0x26650513) addi a0, a0, 614
x10 <- 0x6666666666666666
mem[X,0x0000000080001D0C] -> 0x3593
mem[X,0x0000000080001D0E] -> 0x5545
[1864] [M]: 0x0000000080001D0C (0x55453593) sltiu a1, a0, 1364
x11 <- 0x0000000000000000
mem[X,0x0000000080001D10] -> 0x3023
mem[X,0x0000000080001D12] -> 0x7EB1
[1865] [M]: 0x0000000080001D10 (0x7EB13023) sd a1, 2016(sp)
mem[0x00000000800089A8] <- 0x0000000000000000
mem[X,0x0000000080001D14] -> 0x6537
mem[X,0x0000000080001D16] -> 0x6666
[1866] [M]: 0x0000000080001D14 (0x66666537) lui a0, 419430
x10 <- 0x0000000066666000
mem[X,0x0000000080001D18] -> 0x0513
mem[X,0x0000000080001D1A] -> 0x6665
[1867] [M]: 0x0000000080001D18 (0x66650513) addi a0, a0, 1638
x10 <- 0x0000000066666666
mem[X,0x0000000080001D1C] -> 0x1513
mem[X,0x0000000080001D1E] -> 0x00B5
[1868] [M]: 0x0000000080001D1C (0x00B51513) slli a0, a0, 11
x10 <- 0x0000033333333000
mem[X,0x0000000080001D20] -> 0x0513
mem[X,0x0000000080001D22] -> 0x3335
[1869] [M]: 0x0000000080001D20 (0x33350513) addi a0, a0, 819
x10 <- 0x0000033333333333
mem[X,0x0000000080001D24] -> 0x1513
mem[X,0x0000000080001D26] -> 0x00B5
[1870] [M]: 0x0000000080001D24 (0x00B51513) slli a0, a0, 11
x10 <- 0x0019999999999800
mem[X,0x0000000080001D28] -> 0x0513
mem[X,0x0000000080001D2A] -> 0x1995
[1871] [M]: 0x0000000080001D28 (0x19950513) addi a0, a0, 409
x10 <- 0x0019999999999999
mem[X,0x0000000080001D2C] -> 0x1513
mem[X,0x0000000080001D2E] -> 0x00A5
[1872] [M]: 0x0000000080001D2C (0x00A51513) slli a0, a0, 10
x10 <- 0x6666666666666400
mem[X,0x0000000080001D30] -> 0x0513
mem[X,0x0000000080001D32] -> 0x2665
[1873] [M]: 0x0000000080001D30 (0x26650513) addi a0, a0, 614
x10 <- 0x6666666666666666
mem[X,0x0000000080001D34] -> 0x3593
mem[X,0x0000000080001D36] -> 0xAA95
[1874] [M]: 0x0000000080001D34 (0xAA953593) sltiu a1, a0, 2729
x11 <- 0x0000000000000001
mem[X,0x0000000080001D38] -> 0x3423
mem[X,0x0000000080001D3A] -> 0x7EB1
[1875] [M]: 0x0000000080001D38 (0x7EB13423) sd a1, 2024(sp)
mem[0x00000000800089B0] <- 0x0000000000000001
mem[X,0x0000000080001D3C] -> 0x6537
mem[X,0x0000000080001D3E] -> 0x6666
[1876] [M]: 0x0000000080001D3C (0x66666537) lui a0, 419430
x10 <- 0x0000000066666000
mem[X,0x0000000080001D40] -> 0x0513
mem[X,0x0000000080001D42] -> 0x6665
[1877] [M]: 0x0000000080001D40 (0x66650513) addi a0, a0, 1638
x10 <- 0x0000000066666666
mem[X,0x0000000080001D44] -> 0x1513
mem[X,0x0000000080001D46] -> 0x00B5
[1878] [M]: 0x0000000080001D44 (0x00B51513) slli a0, a0, 11
x10 <- 0x0000033333333000
mem[X,0x0000000080001D48] -> 0x0513
mem[X,0x0000000080001D4A] -> 0x3335
[1879] [M]: 0x0000000080001D48 (0x33350513) addi a0, a0, 819
x10 <- 0x0000033333333333
mem[X,0x0000000080001D4C] -> 0x1513
mem[X,0x0000000080001D4E] -> 0x00B5
[1880] [M]: 0x0000000080001D4C (0x00B51513) slli a0, a0, 11
x10 <- 0x0019999999999800
mem[X,0x0000000080001D50] -> 0x0513
mem[X,0x0000000080001D52] -> 0x1995
[1881] [M]: 0x0000000080001D50 (0x19950513) addi a0, a0, 409
x10 <- 0x0019999999999999
mem[X,0x0000000080001D54] -> 0x1513
mem[X,0x0000000080001D56] -> 0x00A5
[1882] [M]: 0x0000000080001D54 (0x00A51513) slli a0, a0, 10
x10 <- 0x6666666666666400
mem[X,0x0000000080001D58] -> 0x0513
mem[X,0x0000000080001D5A] -> 0x2665
[1883] [M]: 0x0000000080001D58 (0x26650513) addi a0, a0, 614
x10 <- 0x6666666666666666
mem[X,0x0000000080001D5C] -> 0x3593
mem[X,0x0000000080001D5E] -> 0x0045
[1884] [M]: 0x0000000080001D5C (0x00453593) sltiu a1, a0, 4
x11 <- 0x0000000000000000
mem[X,0x0000000080001D60] -> 0x3823
mem[X,0x0000000080001D62] -> 0x7EB1
[1885] [M]: 0x0000000080001D60 (0x7EB13823) sd a1, 2032(sp)
mem[0x00000000800089B8] <- 0x0000000000000000
mem[X,0x0000000080001D64] -> 0x6537
mem[X,0x0000000080001D66] -> 0x6666
[1886] [M]: 0x0000000080001D64 (0x66666537) lui a0, 419430
x10 <- 0x0000000066666000
mem[X,0x0000000080001D68] -> 0x0513
mem[X,0x0000000080001D6A] -> 0x6665
[1887] [M]: 0x0000000080001D68 (0x66650513) addi a0, a0, 1638
x10 <- 0x0000000066666666
mem[X,0x0000000080001D6C] -> 0x1513
mem[X,0x0000000080001D6E] -> 0x00B5
[1888] [M]: 0x0000000080001D6C (0x00B51513) slli a0, a0, 11
x10 <- 0x0000033333333000
mem[X,0x0000000080001D70] -> 0x0513
mem[X,0x0000000080001D72] -> 0x3335
[1889] [M]: 0x0000000080001D70 (0x33350513) addi a0, a0, 819
x10 <- 0x0000033333333333
mem[X,0x0000000080001D74] -> 0x1513
mem[X,0x0000000080001D76] -> 0x00B5
[1890] [M]: 0x0000000080001D74 (0x00B51513) slli a0, a0, 11
x10 <- 0x0019999999999800
mem[X,0x0000000080001D78] -> 0x0513
mem[X,0x0000000080001D7A] -> 0x1995
[1891] [M]: 0x0000000080001D78 (0x19950513) addi a0, a0, 409
x10 <- 0x0019999999999999
mem[X,0x0000000080001D7C] -> 0x1513
mem[X,0x0000000080001D7E] -> 0x00A5
[1892] [M]: 0x0000000080001D7C (0x00A51513) slli a0, a0, 10
x10 <- 0x6666666666666400
mem[X,0x0000000080001D80] -> 0x0513
mem[X,0x0000000080001D82] -> 0x2665
[1893] [M]: 0x0000000080001D80 (0x26650513) addi a0, a0, 614
x10 <- 0x6666666666666666
mem[X,0x0000000080001D84] -> 0x3593
mem[X,0x0000000080001D86] -> 0x3325
[1894] [M]: 0x0000000080001D84 (0x33253593) sltiu a1, a0, 818
x11 <- 0x0000000000000000
mem[X,0x0000000080001D88] -> 0x3C23
mem[X,0x0000000080001D8A] -> 0x7EB1
[1895] [M]: 0x0000000080001D88 (0x7EB13C23) sd a1, 2040(sp)
mem[0x00000000800089C0] <- 0x0000000000000000
mem[X,0x0000000080001D8C] -> 0x0013
mem[X,0x0000000080001D8E] -> 0x0000
[1896] [M]: 0x0000000080001D8C (0x00000013) addi zero, zero, 0
mem[X,0x0000000080001D90] -> 0x0013
mem[X,0x0000000080001D92] -> 0x0000
[1897] [M]: 0x0000000080001D90 (0x00000013) addi zero, zero, 0
mem[X,0x0000000080001D94] -> 0x0013
mem[X,0x0000000080001D96] -> 0x0000
[1898] [M]: 0x0000000080001D94 (0x00000013) addi zero, zero, 0
mem[X,0x0000000080001D98] -> 0x0013
mem[X,0x0000000080001D9A] -> 0x0000
[1899] [M]: 0x0000000080001D98 (0x00000013) addi zero, zero, 0
clint::tick mtime <- 0x0000000000000013
 clint timer pending at mtime 0x0000000000000013
htif::tick 0x0000000000000000
mem[X,0x0000000080001D9C] -> 0x0013
mem[X,0x0000000080001D9E] -> 0x0000
[1900] [M]: 0x0000000080001D9C (0x00000013) addi zero, zero, 0
mem[X,0x0000000080001DA0] -> 0x7117
mem[X,0x0000000080001DA2] -> 0x0000
[1901] [M]: 0x0000000080001DA0 (0x00007117) auipc sp, 7
x2 <- 0x0000000080008DA0
mem[X,0x0000000080001DA4] -> 0x0113
mem[X,0x0000000080001DA6] -> 0xC281
[1902] [M]: 0x0000000080001DA4 (0xC2810113) addi sp, sp, 3112
x2 <- 0x00000000800089C8
mem[X,0x0000000080001DA8] -> 0x0013
mem[X,0x0000000080001DAA] -> 0x0000
[1903] [M]: 0x0000000080001DA8 (0x00000013) addi zero, zero, 0
mem[X,0x0000000080001DAC] -> 0x0013
mem[X,0x0000000080001DAE] -> 0x0000
[1904] [M]: 0x0000000080001DAC (0x00000013) addi zero, zero, 0
mem[X,0x0000000080001DB0] -> 0x0013
mem[X,0x0000000080001DB2] -> 0x0000
[1905] [M]: 0x0000000080001DB0 (0x00000013) addi zero, zero, 0
mem[X,0x0000000080001DB4] -> 0x0013
mem[X,0x0000000080001DB6] -> 0x0000
[1906] [M]: 0x0000000080001DB4 (0x00000013) addi zero, zero, 0
mem[X,0x0000000080001DB8] -> 0x0013
mem[X,0x0000000080001DBA] -> 0x0000
[1907] [M]: 0x0000000080001DB8 (0x00000013) addi zero, zero, 0
mem[X,0x0000000080001DBC] -> 0x0013
mem[X,0x0000000080001DBE] -> 0x0000
[1908] [M]: 0x0000000080001DBC (0x00000013) addi zero, zero, 0
mem[X,0x0000000080001DC0] -> 0x6537
mem[X,0x0000000080001DC2] -> 0x6666
[1909] [M]: 0x0000000080001DC0 (0x66666537) lui a0, 419430
x10 <- 0x0000000066666000
mem[X,0x0000000080001DC4] -> 0x0513
mem[X,0x0000000080001DC6] -> 0x6665
[1910] [M]: 0x0000000080001DC4 (0x66650513) addi a0, a0, 1638
x10 <- 0x0000000066666666
mem[X,0x0000000080001DC8] -> 0x1513
mem[X,0x0000000080001DCA] -> 0x00B5
[1911] [M]: 0x0000000080001DC8 (0x00B51513) slli a0, a0, 11
x10 <- 0x0000033333333000
mem[X,0x0000000080001DCC] -> 0x0513
mem[X,0x0000000080001DCE] -> 0x3335
[1912] [M]: 0x0000000080001DCC (0x33350513) addi a0, a0, 819
x10 <- 0x0000033333333333
mem[X,0x0000000080001DD0] -> 0x1513
mem[X,0x0000000080001DD2] -> 0x00B5
[1913] [M]: 0x0000000080001DD0 (0x00B51513) slli a0, a0, 11
x10 <- 0x0019999999999800
mem[X,0x0000000080001DD4] -> 0x0513
mem[X,0x0000000080001DD6] -> 0x1995
[1914] [M]: 0x0000000080001DD4 (0x19950513) addi a0, a0, 409
x10 <- 0x0019999999999999
mem[X,0x0000000080001DD8] -> 0x1513
mem[X,0x0000000080001DDA] -> 0x00A5
[1915] [M]: 0x0000000080001DD8 (0x00A51513) slli a0, a0, 10
x10 <- 0x6666666666666400
mem[X,0x0000000080001DDC] -> 0x0513
mem[X,0x0000000080001DDE] -> 0x2665
[1916] [M]: 0x0000000080001DDC (0x26650513) addi a0, a0, 614
x10 <- 0x6666666666666666
mem[X,0x0000000080001DE0] -> 0x3593
mem[X,0x0000000080001DE2] -> 0x6655
[1917] [M]: 0x0000000080001DE0 (0x66553593) sltiu a1, a0, 1637
x11 <- 0x0000000000000000
mem[X,0x0000000080001DE4] -> 0x3023
mem[X,0x0000000080001DE6] -> 0x00B1
[1918] [M]: 0x0000000080001DE4 (0x00B13023) sd a1, 0(sp)
mem[0x00000000800089C8] <- 0x0000000000000000
mem[X,0x0000000080001DE8] -> 0x6537
mem[X,0x0000000080001DEA] -> 0x6666
[1919] [M]: 0x0000000080001DE8 (0x66666537) lui a0, 419430
x10 <- 0x0000000066666000
mem[X,0x0000000080001DEC] -> 0x0513
mem[X,0x0000000080001DEE] -> 0x6665
[1920] [M]: 0x0000000080001DEC (0x66650513) addi a0, a0, 1638
x10 <- 0x0000000066666666
mem[X,0x0000000080001DF0] -> 0x1513
mem[X,0x0000000080001DF2] -> 0x00B5
[1921] [M]: 0x0000000080001DF0 (0x00B51513) slli a0, a0, 11
x10 <- 0x0000033333333000
mem[X,0x0000000080001DF4] -> 0x0513
mem[X,0x0000000080001DF6] -> 0x3335
[1922] [M]: 0x0000000080001DF4 (0x33350513) addi a0, a0, 819
x10 <- 0x0000033333333333
mem[X,0x0000000080001DF8] -> 0x1513
mem[X,0x0000000080001DFA] -> 0x00B5
[1923] [M]: 0x0000000080001DF8 (0x00B51513) slli a0, a0, 11
x10 <- 0x0019999999999800
mem[X,0x0000000080001DFC] -> 0x0513
mem[X,0x0000000080001DFE] -> 0x1995
[1924] [M]: 0x0000000080001DFC (0x19950513) addi a0, a0, 409
x10 <- 0x0019999999999999
mem[X,0x0000000080001E00] -> 0x1513
mem[X,0x0000000080001E02] -> 0x00A5
[1925] [M]: 0x0000000080001E00 (0x00A51513) slli a0, a0, 10
x10 <- 0x6666666666666400
mem[X,0x0000000080001E04] -> 0x0513
mem[X,0x0000000080001E06] -> 0x2665
[1926] [M]: 0x0000000080001E04 (0x26650513) addi a0, a0, 614
x10 <- 0x6666666666666666
mem[X,0x0000000080001E08] -> 0x3593
mem[X,0x0000000080001E0A] -> 0x02C5
[1927] [M]: 0x0000000080001E08 (0x02C53593) sltiu a1, a0, 44
x11 <- 0x0000000000000000
mem[X,0x0000000080001E0C] -> 0x3423
mem[X,0x0000000080001E0E] -> 0x00B1
[1928] [M]: 0x0000000080001E0C (0x00B13423) sd a1, 8(sp)
mem[0x00000000800089D0] <- 0x0000000000000000
mem[X,0x0000000080001E10] -> 0x6537
mem[X,0x0000000080001E12] -> 0x6666
[1929] [M]: 0x0000000080001E10 (0x66666537) lui a0, 419430
x10 <- 0x0000000066666000
mem[X,0x0000000080001E14] -> 0x0513
mem[X,0x0000000080001E16] -> 0x6665
[1930] [M]: 0x0000000080001E14 (0x66650513) addi a0, a0, 1638
x10 <- 0x0000000066666666
mem[X,0x0000000080001E18] -> 0x1513
mem[X,0x0000000080001E1A] -> 0x00B5
[1931] [M]: 0x0000000080001E18 (0x00B51513) slli a0, a0, 11
x10 <- 0x0000033333333000
mem[X,0x0000000080001E1C] -> 0x0513
mem[X,0x0000000080001E1E] -> 0x3335
[1932] [M]: 0x0000000080001E1C (0x33350513) addi a0, a0, 819
x10 <- 0x0000033333333333
mem[X,0x0000000080001E20] -> 0x1513
mem[X,0x0000000080001E22] -> 0x00B5
[1933] [M]: 0x0000000080001E20 (0x00B51513) slli a0, a0, 11
x10 <- 0x0019999999999800
mem[X,0x0000000080001E24] -> 0x0513
mem[X,0x0000000080001E26] -> 0x1995
[1934] [M]: 0x0000000080001E24 (0x19950513) addi a0, a0, 409
x10 <- 0x0019999999999999
mem[X,0x0000000080001E28] -> 0x1513
mem[X,0x0000000080001E2A] -> 0x00A5
[1935] [M]: 0x0000000080001E28 (0x00A51513) slli a0, a0, 10
x10 <- 0x6666666666666400
mem[X,0x0000000080001E2C] -> 0x0513
mem[X,0x0000000080001E2E] -> 0x2665
[1936] [M]: 0x0000000080001E2C (0x26650513) addi a0, a0, 614
x10 <- 0x6666666666666666
mem[X,0x0000000080001E30] -> 0x3593
mem[X,0x0000000080001E32] -> 0x03E5
[1937] [M]: 0x0000000080001E30 (0x03E53593) sltiu a1, a0, 62
x11 <- 0x0000000000000000
mem[X,0x0000000080001E34] -> 0x3823
mem[X,0x0000000080001E36] -> 0x00B1
[1938] [M]: 0x0000000080001E34 (0x00B13823) sd a1, 16(sp)
mem[0x00000000800089D8] <- 0x0000000000000000
mem[X,0x0000000080001E38] -> 0x6537
mem[X,0x0000000080001E3A] -> 0x6666
[1939] [M]: 0x0000000080001E38 (0x66666537) lui a0, 419430
x10 <- 0x0000000066666000
mem[X,0x0000000080001E3C] -> 0x0513
mem[X,0x0000000080001E3E] -> 0x6665
[1940] [M]: 0x0000000080001E3C (0x66650513) addi a0, a0, 1638
x10 <- 0x0000000066666666
mem[X,0x0000000080001E40] -> 0x1513
mem[X,0x0000000080001E42] -> 0x00B5
[1941] [M]: 0x0000000080001E40 (0x00B51513) slli a0, a0, 11
x10 <- 0x0000033333333000
mem[X,0x0000000080001E44] -> 0x0513
mem[X,0x0000000080001E46] -> 0x3335
[1942] [M]: 0x0000000080001E44 (0x33350513) addi a0, a0, 819
x10 <- 0x0000033333333333
mem[X,0x0000000080001E48] -> 0x1513
mem[X,0x0000000080001E4A] -> 0x00B5
[1943] [M]: 0x0000000080001E48 (0x00B51513) slli a0, a0, 11
x10 <- 0x0019999999999800
mem[X,0x0000000080001E4C] -> 0x0513
mem[X,0x0000000080001E4E] -> 0x1995
[1944] [M]: 0x0000000080001E4C (0x19950513) addi a0, a0, 409
x10 <- 0x0019999999999999
mem[X,0x0000000080001E50] -> 0x1513
mem[X,0x0000000080001E52] -> 0x00A5
[1945] [M]: 0x0000000080001E50 (0x00A51513) slli a0, a0, 10
x10 <- 0x6666666666666400
mem[X,0x0000000080001E54] -> 0x0513
mem[X,0x0000000080001E56] -> 0x2665
[1946] [M]: 0x0000000080001E54 (0x26650513) addi a0, a0, 614
x10 <- 0x6666666666666666
mem[X,0x0000000080001E58] -> 0x3593
mem[X,0x0000000080001E5A] -> 0x5565
[1947] [M]: 0x0000000080001E58 (0x55653593) sltiu a1, a0, 1366
x11 <- 0x0000000000000000
mem[X,0x0000000080001E5C] -> 0x3C23
mem[X,0x0000000080001E5E] -> 0x00B1
[1948] [M]: 0x0000000080001E5C (0x00B13C23) sd a1, 24(sp)
mem[0x00000000800089E0] <- 0x0000000000000000
mem[X,0x0000000080001E60] -> 0x6537
mem[X,0x0000000080001E62] -> 0x6666
[1949] [M]: 0x0000000080001E60 (0x66666537) lui a0, 419430
x10 <- 0x0000000066666000
mem[X,0x0000000080001E64] -> 0x0513
mem[X,0x0000000080001E66] -> 0x6665
[1950] [M]: 0x0000000080001E64 (0x66650513) addi a0, a0, 1638
x10 <- 0x0000000066666666
mem[X,0x0000000080001E68] -> 0x1513
mem[X,0x0000000080001E6A] -> 0x00B5
[1951] [M]: 0x0000000080001E68 (0x00B51513) slli a0, a0, 11
x10 <- 0x0000033333333000
mem[X,0x0000000080001E6C] -> 0x0513
mem[X,0x0000000080001E6E] -> 0x3335
[1952] [M]: 0x0000000080001E6C (0x33350513) addi a0, a0, 819
x10 <- 0x0000033333333333
mem[X,0x0000000080001E70] -> 0x1513
mem[X,0x0000000080001E72] -> 0x00B5
[1953] [M]: 0x0000000080001E70 (0x00B51513) slli a0, a0, 11
x10 <- 0x0019999999999800
mem[X,0x0000000080001E74] -> 0x0513
mem[X,0x0000000080001E76] -> 0x1995
[1954] [M]: 0x0000000080001E74 (0x19950513) addi a0, a0, 409
x10 <- 0x0019999999999999
mem[X,0x0000000080001E78] -> 0x1513
mem[X,0x0000000080001E7A] -> 0x00A5
[1955] [M]: 0x0000000080001E78 (0x00A51513) slli a0, a0, 10
x10 <- 0x6666666666666400
mem[X,0x0000000080001E7C] -> 0x0513
mem[X,0x0000000080001E7E] -> 0x2665
[1956] [M]: 0x0000000080001E7C (0x26650513) addi a0, a0, 614
x10 <- 0x6666666666666666
mem[X,0x0000000080001E80] -> 0x3593
mem[X,0x0000000080001E82] -> 0xAAB5
[1957] [M]: 0x0000000080001E80 (0xAAB53593) sltiu a1, a0, 2731
x11 <- 0x0000000000000001
mem[X,0x0000000080001E84] -> 0x3023
mem[X,0x0000000080001E86] -> 0x02B1
[1958] [M]: 0x0000000080001E84 (0x02B13023) sd a1, 32(sp)
mem[0x00000000800089E8] <- 0x0000000000000001
mem[X,0x0000000080001E88] -> 0x6537
mem[X,0x0000000080001E8A] -> 0x6666
[1959] [M]: 0x0000000080001E88 (0x66666537) lui a0, 419430
x10 <- 0x0000000066666000
mem[X,0x0000000080001E8C] -> 0x0513
mem[X,0x0000000080001E8E] -> 0x6665
[1960] [M]: 0x0000000080001E8C (0x66650513) addi a0, a0, 1638
x10 <- 0x0000000066666666
mem[X,0x0000000080001E90] -> 0x1513
mem[X,0x0000000080001E92] -> 0x00B5
[1961] [M]: 0x0000000080001E90 (0x00B51513) slli a0, a0, 11
x10 <- 0x0000033333333000
mem[X,0x0000000080001E94] -> 0x0513
mem[X,0x0000000080001E96] -> 0x3335
[1962] [M]: 0x0000000080001E94 (0x33350513) addi a0, a0, 819
x10 <- 0x0000033333333333
mem[X,0x0000000080001E98] -> 0x1513
mem[X,0x0000000080001E9A] -> 0x00B5
[1963] [M]: 0x0000000080001E98 (0x00B51513) slli a0, a0, 11
x10 <- 0x0019999999999800
mem[X,0x0000000080001E9C] -> 0x0513
mem[X,0x0000000080001E9E] -> 0x1995
[1964] [M]: 0x0000000080001E9C (0x19950513) addi a0, a0, 409
x10 <- 0x0019999999999999
mem[X,0x0000000080001EA0] -> 0x1513
mem[X,0x0000000080001EA2] -> 0x00A5
[1965] [M]: 0x0000000080001EA0 (0x00A51513) slli a0, a0, 10
x10 <- 0x6666666666666400
mem[X,0x0000000080001EA4] -> 0x0513
mem[X,0x0000000080001EA6] -> 0x2665
[1966] [M]: 0x0000000080001EA4 (0x26650513) addi a0, a0, 614
x10 <- 0x6666666666666666
mem[X,0x0000000080001EA8] -> 0x3593
mem[X,0x0000000080001EAA] -> 0x0065
[1967] [M]: 0x0000000080001EA8 (0x00653593) sltiu a1, a0, 6
x11 <- 0x0000000000000000
mem[X,0x0000000080001EAC] -> 0x3423
mem[X,0x0000000080001EAE] -> 0x02B1
[1968] [M]: 0x0000000080001EAC (0x02B13423) sd a1, 40(sp)
mem[0x00000000800089F0] <- 0x0000000000000000
mem[X,0x0000000080001EB0] -> 0x6537
mem[X,0x0000000080001EB2] -> 0x6666
[1969] [M]: 0x0000000080001EB0 (0x66666537) lui a0, 419430
x10 <- 0x0000000066666000
mem[X,0x0000000080001EB4] -> 0x0513
mem[X,0x0000000080001EB6] -> 0x6665
[1970] [M]: 0x0000000080001EB4 (0x66650513) addi a0, a0, 1638
x10 <- 0x0000000066666666
mem[X,0x0000000080001EB8] -> 0x1513
mem[X,0x0000000080001EBA] -> 0x00B5
[1971] [M]: 0x0000000080001EB8 (0x00B51513) slli a0, a0, 11
x10 <- 0x0000033333333000
mem[X,0x0000000080001EBC] -> 0x0513
mem[X,0x0000000080001EBE] -> 0x3335
[1972] [M]: 0x0000000080001EBC (0x33350513) addi a0, a0, 819
x10 <- 0x0000033333333333
mem[X,0x0000000080001EC0] -> 0x1513
mem[X,0x0000000080001EC2] -> 0x00B5
[1973] [M]: 0x0000000080001EC0 (0x00B51513) slli a0, a0, 11
x10 <- 0x0019999999999800
mem[X,0x0000000080001EC4] -> 0x0513
mem[X,0x0000000080001EC6] -> 0x1995
[1974] [M]: 0x0000000080001EC4 (0x19950513) addi a0, a0, 409
x10 <- 0x0019999999999999
mem[X,0x0000000080001EC8] -> 0x1513
mem[X,0x0000000080001ECA] -> 0x00A5
[1975] [M]: 0x0000000080001EC8 (0x00A51513) slli a0, a0, 10
x10 <- 0x6666666666666400
mem[X,0x0000000080001ECC] -> 0x0513
mem[X,0x0000000080001ECE] -> 0x2665
[1976] [M]: 0x0000000080001ECC (0x26650513) addi a0, a0, 614
x10 <- 0x6666666666666666
mem[X,0x0000000080001ED0] -> 0x3593
mem[X,0x0000000080001ED2] -> 0x3345
[1977] [M]: 0x0000000080001ED0 (0x33453593) sltiu a1, a0, 820
x11 <- 0x0000000000000000
mem[X,0x0000000080001ED4] -> 0x3823
mem[X,0x0000000080001ED6] -> 0x02B1
[1978] [M]: 0x0000000080001ED4 (0x02B13823) sd a1, 48(sp)
mem[0x00000000800089F8] <- 0x0000000000000000
mem[X,0x0000000080001ED8] -> 0x6537
mem[X,0x0000000080001EDA] -> 0x6666
[1979] [M]: 0x0000000080001ED8 (0x66666537) lui a0, 419430
x10 <- 0x0000000066666000
mem[X,0x0000000080001EDC] -> 0x0513
mem[X,0x0000000080001EDE] -> 0x6665
[1980] [M]: 0x0000000080001EDC (0x66650513) addi a0, a0, 1638
x10 <- 0x0000000066666666
mem[X,0x0000000080001EE0] -> 0x1513
mem[X,0x0000000080001EE2] -> 0x00B5
[1981] [M]: 0x0000000080001EE0 (0x00B51513) slli a0, a0, 11
x10 <- 0x0000033333333000
mem[X,0x0000000080001EE4] -> 0x0513
mem[X,0x0000000080001EE6] -> 0x3335
[1982] [M]: 0x0000000080001EE4 (0x33350513) addi a0, a0, 819
x10 <- 0x0000033333333333
mem[X,0x0000000080001EE8] -> 0x1513
mem[X,0x0000000080001EEA] -> 0x00B5
[1983] [M]: 0x0000000080001EE8 (0x00B51513) slli a0, a0, 11
x10 <- 0x0019999999999800
mem[X,0x0000000080001EEC] -> 0x0513
mem[X,0x0000000080001EEE] -> 0x1995
[1984] [M]: 0x0000000080001EEC (0x19950513) addi a0, a0, 409
x10 <- 0x0019999999999999
mem[X,0x0000000080001EF0] -> 0x1513
mem[X,0x0000000080001EF2] -> 0x00A5
[1985] [M]: 0x0000000080001EF0 (0x00A51513) slli a0, a0, 10
x10 <- 0x6666666666666400
mem[X,0x0000000080001EF4] -> 0x0513
mem[X,0x0000000080001EF6] -> 0x2665
[1986] [M]: 0x0000000080001EF4 (0x26650513) addi a0, a0, 614
x10 <- 0x6666666666666666
mem[X,0x0000000080001EF8] -> 0x3593
mem[X,0x0000000080001EFA] -> 0x6675
[1987] [M]: 0x0000000080001EF8 (0x66753593) sltiu a1, a0, 1639
x11 <- 0x0000000000000000
mem[X,0x0000000080001EFC] -> 0x3C23
mem[X,0x0000000080001EFE] -> 0x02B1
[1988] [M]: 0x0000000080001EFC (0x02B13C23) sd a1, 56(sp)
mem[0x0000000080008A00] <- 0x0000000000000000
mem[X,0x0000000080001F00] -> 0x6537
mem[X,0x0000000080001F02] -> 0x6666
[1989] [M]: 0x0000000080001F00 (0x66666537) lui a0, 419430
x10 <- 0x0000000066666000
mem[X,0x0000000080001F04] -> 0x0513
mem[X,0x0000000080001F06] -> 0x6665
[1990] [M]: 0x0000000080001F04 (0x66650513) addi a0, a0, 1638
x10 <- 0x0000000066666666
mem[X,0x0000000080001F08] -> 0x1513
mem[X,0x0000000080001F0A] -> 0x00B5
[1991] [M]: 0x0000000080001F08 (0x00B51513) slli a0, a0, 11
x10 <- 0x0000033333333000
mem[X,0x0000000080001F0C] -> 0x0513
mem[X,0x0000000080001F0E] -> 0x3335
[1992] [M]: 0x0000000080001F0C (0x33350513) addi a0, a0, 819
x10 <- 0x0000033333333333
mem[X,0x0000000080001F10] -> 0x1513
mem[X,0x0000000080001F12] -> 0x00B5
[1993] [M]: 0x0000000080001F10 (0x00B51513) slli a0, a0, 11
x10 <- 0x0019999999999800
mem[X,0x0000000080001F14] -> 0x0513
mem[X,0x0000000080001F16] -> 0x1995
[1994] [M]: 0x0000000080001F14 (0x19950513) addi a0, a0, 409
x10 <- 0x0019999999999999
mem[X,0x0000000080001F18] -> 0x1513
mem[X,0x0000000080001F1A] -> 0x00A5
[1995] [M]: 0x0000000080001F18 (0x00A51513) slli a0, a0, 10
x10 <- 0x6666666666666400
mem[X,0x0000000080001F1C] -> 0x0513
mem[X,0x0000000080001F1E] -> 0x2665
[1996] [M]: 0x0000000080001F1C (0x26650513) addi a0, a0, 614
x10 <- 0x6666666666666666
mem[X,0x0000000080001F20] -> 0x3593
mem[X,0x0000000080001F22] -> 0x02E5
[1997] [M]: 0x0000000080001F20 (0x02E53593) sltiu a1, a0, 46
x11 <- 0x0000000000000000
mem[X,0x0000000080001F24] -> 0x3023
mem[X,0x0000000080001F26] -> 0x04B1
[1998] [M]: 0x0000000080001F24 (0x04B13023) sd a1, 64(sp)
mem[0x0000000080008A08] <- 0x0000000000000000
mem[X,0x0000000080001F28] -> 0x6537
mem[X,0x0000000080001F2A] -> 0x6666
[1999] [M]: 0x0000000080001F28 (0x66666537) lui a0, 419430
x10 <- 0x0000000066666000
clint::tick mtime <- 0x0000000000000014
 clint timer pending at mtime 0x0000000000000014
htif::tick 0x0000000000000000
mem[X,0x0000000080001F2C] -> 0x0513
mem[X,0x0000000080001F2E] -> 0x6665
[2000] [M]: 0x0000000080001F2C (0x66650513) addi a0, a0, 1638
x10 <- 0x0000000066666666
mem[X,0x0000000080001F30] -> 0x1513
mem[X,0x0000000080001F32] -> 0x00B5
[2001] [M]: 0x0000000080001F30 (0x00B51513) slli a0, a0, 11
x10 <- 0x0000033333333000
mem[X,0x0000000080001F34] -> 0x0513
mem[X,0x0000000080001F36] -> 0x3335
[2002] [M]: 0x0000000080001F34 (0x33350513) addi a0, a0, 819
x10 <- 0x0000033333333333
mem[X,0x0000000080001F38] -> 0x1513
mem[X,0x0000000080001F3A] -> 0x00B5
[2003] [M]: 0x0000000080001F38 (0x00B51513) slli a0, a0, 11
x10 <- 0x0019999999999800
mem[X,0x0000000080001F3C] -> 0x0513
mem[X,0x0000000080001F3E] -> 0x1995
[2004] [M]: 0x0000000080001F3C (0x19950513) addi a0, a0, 409
x10 <- 0x0019999999999999
mem[X,0x0000000080001F40] -> 0x1513
mem[X,0x0000000080001F42] -> 0x00A5
[2005] [M]: 0x0000000080001F40 (0x00A51513) slli a0, a0, 10
x10 <- 0x6666666666666400
mem[X,0x0000000080001F44] -> 0x0513
mem[X,0x0000000080001F46] -> 0x2665
[2006] [M]: 0x0000000080001F44 (0x26650513) addi a0, a0, 614
x10 <- 0x6666666666666666
mem[X,0x0000000080001F48] -> 0x3593
mem[X,0x0000000080001F4A] -> 0x0015
[2007] [M]: 0x0000000080001F48 (0x00153593) sltiu a1, a0, 1
x11 <- 0x0000000000000000
mem[X,0x0000000080001F4C] -> 0x3423
mem[X,0x0000000080001F4E] -> 0x04B1
[2008] [M]: 0x0000000080001F4C (0x04B13423) sd a1, 72(sp)
mem[0x0000000080008A10] <- 0x0000000000000000
mem[X,0x0000000080001F50] -> 0x6537
mem[X,0x0000000080001F52] -> 0x6666
[2009] [M]: 0x0000000080001F50 (0x66666537) lui a0, 419430
x10 <- 0x0000000066666000
mem[X,0x0000000080001F54] -> 0x0513
mem[X,0x0000000080001F56] -> 0x6665
[2010] [M]: 0x0000000080001F54 (0x66650513) addi a0, a0, 1638
x10 <- 0x0000000066666666
mem[X,0x0000000080001F58] -> 0x1513
mem[X,0x0000000080001F5A] -> 0x00B5
[2011] [M]: 0x0000000080001F58 (0x00B51513) slli a0, a0, 11
x10 <- 0x0000033333333000
mem[X,0x0000000080001F5C] -> 0x0513
mem[X,0x0000000080001F5E] -> 0x3335
[2012] [M]: 0x0000000080001F5C (0x33350513) addi a0, a0, 819
x10 <- 0x0000033333333333
mem[X,0x0000000080001F60] -> 0x1513
mem[X,0x0000000080001F62] -> 0x00B5
[2013] [M]: 0x0000000080001F60 (0x00B51513) slli a0, a0, 11
x10 <- 0x0019999999999800
mem[X,0x0000000080001F64] -> 0x0513
mem[X,0x0000000080001F66] -> 0x1995
[2014] [M]: 0x0000000080001F64 (0x19950513) addi a0, a0, 409
x10 <- 0x0019999999999999
mem[X,0x0000000080001F68] -> 0x1513
mem[X,0x0000000080001F6A] -> 0x00A5
[2015] [M]: 0x0000000080001F68 (0x00A51513) slli a0, a0, 10
x10 <- 0x6666666666666400
mem[X,0x0000000080001F6C] -> 0x0513
mem[X,0x0000000080001F6E] -> 0x2665
[2016] [M]: 0x0000000080001F6C (0x26650513) addi a0, a0, 614
x10 <- 0x6666666666666666
mem[X,0x0000000080001F70] -> 0x3593
mem[X,0x0000000080001F72] -> 0x0405
[2017] [M]: 0x0000000080001F70 (0x04053593) sltiu a1, a0, 64
x11 <- 0x0000000000000000
mem[X,0x0000000080001F74] -> 0x3823
mem[X,0x0000000080001F76] -> 0x04B1
[2018] [M]: 0x0000000080001F74 (0x04B13823) sd a1, 80(sp)
mem[0x0000000080008A18] <- 0x0000000000000000
mem[X,0x0000000080001F78] -> 0x0537
mem[X,0x0000000080001F7A] -> 0x0000
[2019] [M]: 0x0000000080001F78 (0x00000537) lui a0, 0
x10 <- 0x0000000000000000
mem[X,0x0000000080001F7C] -> 0x0513
mem[X,0x0000000080001F7E] -> 0x0005
[2020] [M]: 0x0000000080001F7C (0x00050513) addi a0, a0, 0
x10 <- 0x0000000000000000
mem[X,0x0000000080001F80] -> 0x1513
mem[X,0x0000000080001F82] -> 0x00B5
[2021] [M]: 0x0000000080001F80 (0x00B51513) slli a0, a0, 11
x10 <- 0x0000000000000000
mem[X,0x0000000080001F84] -> 0x0513
mem[X,0x0000000080001F86] -> 0x5A85
[2022] [M]: 0x0000000080001F84 (0x5A850513) addi a0, a0, 1448
x10 <- 0x00000000000005A8
mem[X,0x0000000080001F88] -> 0x1513
mem[X,0x0000000080001F8A] -> 0x00B5
[2023] [M]: 0x0000000080001F88 (0x00B51513) slli a0, a0, 11
x10 <- 0x00000000002D4000
mem[X,0x0000000080001F8C] -> 0x0513
mem[X,0x0000000080001F8E] -> 0x13C5
[2024] [M]: 0x0000000080001F8C (0x13C50513) addi a0, a0, 316
x10 <- 0x00000000002D413C
mem[X,0x0000000080001F90] -> 0x1513
mem[X,0x0000000080001F92] -> 0x00A5
[2025] [M]: 0x0000000080001F90 (0x00A51513) slli a0, a0, 10
x10 <- 0x00000000B504F000
mem[X,0x0000000080001F94] -> 0x0513
mem[X,0x0000000080001F96] -> 0x3335
[2026] [M]: 0x0000000080001F94 (0x33350513) addi a0, a0, 819
x10 <- 0x00000000B504F333
mem[X,0x0000000080001F98] -> 0x3593
mem[X,0x0000000080001F9A] -> 0x0035
[2027] [M]: 0x0000000080001F98 (0x00353593) sltiu a1, a0, 3
x11 <- 0x0000000000000000
mem[X,0x0000000080001F9C] -> 0x3C23
mem[X,0x0000000080001F9E] -> 0x04B1
[2028] [M]: 0x0000000080001F9C (0x04B13C23) sd a1, 88(sp)
mem[0x0000000080008A20] <- 0x0000000000000000
mem[X,0x0000000080001FA0] -> 0x0537
mem[X,0x0000000080001FA2] -> 0x0000
[2029] [M]: 0x0000000080001FA0 (0x00000537) lui a0, 0
x10 <- 0x0000000000000000
mem[X,0x0000000080001FA4] -> 0x0513
mem[X,0x0000000080001FA6] -> 0x0005
[2030] [M]: 0x0000000080001FA4 (0x00050513) addi a0, a0, 0
x10 <- 0x0000000000000000
mem[X,0x0000000080001FA8] -> 0x1513
mem[X,0x0000000080001FAA] -> 0x00B5
[2031] [M]: 0x0000000080001FA8 (0x00B51513) slli a0, a0, 11
x10 <- 0x0000000000000000
mem[X,0x0000000080001FAC] -> 0x0513
mem[X,0x0000000080001FAE] -> 0x5A85
[2032] [M]: 0x0000000080001FAC (0x5A850513) addi a0, a0, 1448
x10 <- 0x00000000000005A8
mem[X,0x0000000080001FB0] -> 0x1513
mem[X,0x0000000080001FB2] -> 0x00B5
[2033] [M]: 0x0000000080001FB0 (0x00B51513) slli a0, a0, 11
x10 <- 0x00000000002D4000
mem[X,0x0000000080001FB4] -> 0x0513
mem[X,0x0000000080001FB6] -> 0x13C5
[2034] [M]: 0x0000000080001FB4 (0x13C50513) addi a0, a0, 316
x10 <- 0x00000000002D413C
mem[X,0x0000000080001FB8] -> 0x1513
mem[X,0x0000000080001FBA] -> 0x00A5
[2035] [M]: 0x0000000080001FB8 (0x00A51513) slli a0, a0, 10
x10 <- 0x00000000B504F000
mem[X,0x0000000080001FBC] -> 0x0513
mem[X,0x0000000080001FBE] -> 0x3335
[2036] [M]: 0x0000000080001FBC (0x33350513) addi a0, a0, 819
x10 <- 0x00000000B504F333
mem[X,0x0000000080001FC0] -> 0x3593
mem[X,0x0000000080001FC2] -> 0x5555
[2037] [M]: 0x0000000080001FC0 (0x55553593) sltiu a1, a0, 1365
x11 <- 0x0000000000000000
mem[X,0x0000000080001FC4] -> 0x3023
mem[X,0x0000000080001FC6] -> 0x06B1
[2038] [M]: 0x0000000080001FC4 (0x06B13023) sd a1, 96(sp)
mem[0x0000000080008A28] <- 0x0000000000000000
mem[X,0x0000000080001FC8] -> 0x0537
mem[X,0x0000000080001FCA] -> 0x0000
[2039] [M]: 0x0000000080001FC8 (0x00000537) lui a0, 0
x10 <- 0x0000000000000000
mem[X,0x0000000080001FCC] -> 0x0513
mem[X,0x0000000080001FCE] -> 0x0005
[2040] [M]: 0x0000000080001FCC (0x00050513) addi a0, a0, 0
x10 <- 0x0000000000000000
mem[X,0x0000000080001FD0] -> 0x1513
mem[X,0x0000000080001FD2] -> 0x00B5
[2041] [M]: 0x0000000080001FD0 (0x00B51513) slli a0, a0, 11
x10 <- 0x0000000000000000
mem[X,0x0000000080001FD4] -> 0x0513
mem[X,0x0000000080001FD6] -> 0x5A85
[2042] [M]: 0x0000000080001FD4 (0x5A850513) addi a0, a0, 1448
x10 <- 0x00000000000005A8
mem[X,0x0000000080001FD8] -> 0x1513
mem[X,0x0000000080001FDA] -> 0x00B5
[2043] [M]: 0x0000000080001FD8 (0x00B51513) slli a0, a0, 11
x10 <- 0x00000000002D4000
mem[X,0x0000000080001FDC] -> 0x0513
mem[X,0x0000000080001FDE] -> 0x13C5
[2044] [M]: 0x0000000080001FDC (0x13C50513) addi a0, a0, 316
x10 <- 0x00000000002D413C
mem[X,0x0000000080001FE0] -> 0x1513
mem[X,0x0000000080001FE2] -> 0x00A5
[2045] [M]: 0x0000000080001FE0 (0x00A51513) slli a0, a0, 10
x10 <- 0x00000000B504F000
mem[X,0x0000000080001FE4] -> 0x0513
mem[X,0x0000000080001FE6] -> 0x3335
[2046] [M]: 0x0000000080001FE4 (0x33350513) addi a0, a0, 819
x10 <- 0x00000000B504F333
mem[X,0x0000000080001FE8] -> 0x3593
mem[X,0x0000000080001FEA] -> 0xAAA5
[2047] [M]: 0x0000000080001FE8 (0xAAA53593) sltiu a1, a0, 2730
x11 <- 0x0000000000000001
mem[X,0x0000000080001FEC] -> 0x3423
mem[X,0x0000000080001FEE] -> 0x06B1
[2048] [M]: 0x0000000080001FEC (0x06B13423) sd a1, 104(sp)
mem[0x0000000080008A30] <- 0x0000000000000001
mem[X,0x0000000080001FF0] -> 0x0537
mem[X,0x0000000080001FF2] -> 0x0000
[2049] [M]: 0x0000000080001FF0 (0x00000537) lui a0, 0
x10 <- 0x0000000000000000
mem[X,0x0000000080001FF4] -> 0x0513
mem[X,0x0000000080001FF6] -> 0x0005
[2050] [M]: 0x0000000080001FF4 (0x00050513) addi a0, a0, 0
x10 <- 0x0000000000000000
mem[X,0x0000000080001FF8] -> 0x1513
mem[X,0x0000000080001FFA] -> 0x00B5
[2051] [M]: 0x0000000080001FF8 (0x00B51513) slli a0, a0, 11
x10 <- 0x0000000000000000
mem[X,0x0000000080001FFC] -> 0x0513
mem[X,0x0000000080001FFE] -> 0x5A85
[2052] [M]: 0x0000000080001FFC (0x5A850513) addi a0, a0, 1448
x10 <- 0x00000000000005A8
mem[X,0x0000000080002000] -> 0x1513
mem[X,0x0000000080002002] -> 0x00B5
[2053] [M]: 0x0000000080002000 (0x00B51513) slli a0, a0, 11
x10 <- 0x00000000002D4000
mem[X,0x0000000080002004] -> 0x0513
mem[X,0x0000000080002006] -> 0x13C5
[2054] [M]: 0x0000000080002004 (0x13C50513) addi a0, a0, 316
x10 <- 0x00000000002D413C
mem[X,0x0000000080002008] -> 0x1513
mem[X,0x000000008000200A] -> 0x00A5
[2055] [M]: 0x0000000080002008 (0x00A51513) slli a0, a0, 10
x10 <- 0x00000000B504F000
mem[X,0x000000008000200C] -> 0x0513
mem[X,0x000000008000200E] -> 0x3335
[2056] [M]: 0x000000008000200C (0x33350513) addi a0, a0, 819
x10 <- 0x00000000B504F333
mem[X,0x0000000080002010] -> 0x3593
mem[X,0x0000000080002012] -> 0x0055
[2057] [M]: 0x0000000080002010 (0x00553593) sltiu a1, a0, 5
x11 <- 0x0000000000000000
mem[X,0x0000000080002014] -> 0x3823
mem[X,0x0000000080002016] -> 0x06B1
[2058] [M]: 0x0000000080002014 (0x06B13823) sd a1, 112(sp)
mem[0x0000000080008A38] <- 0x0000000000000000
mem[X,0x0000000080002018] -> 0x0537
mem[X,0x000000008000201A] -> 0x0000
[2059] [M]: 0x0000000080002018 (0x00000537) lui a0, 0
x10 <- 0x0000000000000000
mem[X,0x000000008000201C] -> 0x0513
mem[X,0x000000008000201E] -> 0x0005
[2060] [M]: 0x000000008000201C (0x00050513) addi a0, a0, 0
x10 <- 0x0000000000000000
mem[X,0x0000000080002020] -> 0x1513
mem[X,0x0000000080002022] -> 0x00B5
[2061] [M]: 0x0000000080002020 (0x00B51513) slli a0, a0, 11
x10 <- 0x0000000000000000
mem[X,0x0000000080002024] -> 0x0513
mem[X,0x0000000080002026] -> 0x5A85
[2062] [M]: 0x0000000080002024 (0x5A850513) addi a0, a0, 1448
x10 <- 0x00000000000005A8
mem[X,0x0000000080002028] -> 0x1513
mem[X,0x000000008000202A] -> 0x00B5
[2063] [M]: 0x0000000080002028 (0x00B51513) slli a0, a0, 11
x10 <- 0x00000000002D4000
mem[X,0x000000008000202C] -> 0x0513
mem[X,0x000000008000202E] -> 0x13C5
[2064] [M]: 0x000000008000202C (0x13C50513) addi a0, a0, 316
x10 <- 0x00000000002D413C
mem[X,0x0000000080002030] -> 0x1513
mem[X,0x0000000080002032] -> 0x00A5
[2065] [M]: 0x0000000080002030 (0x00A51513) slli a0, a0, 10
x10 <- 0x00000000B504F000
mem[X,0x0000000080002034] -> 0x0513
mem[X,0x0000000080002036] -> 0x3335
[2066] [M]: 0x0000000080002034 (0x33350513) addi a0, a0, 819
x10 <- 0x00000000B504F333
mem[X,0x0000000080002038] -> 0x3593
mem[X,0x000000008000203A] -> 0x3335
[2067] [M]: 0x0000000080002038 (0x33353593) sltiu a1, a0, 819
x11 <- 0x0000000000000000
mem[X,0x000000008000203C] -> 0x3C23
mem[X,0x000000008000203E] -> 0x06B1
[2068] [M]: 0x000000008000203C (0x06B13C23) sd a1, 120(sp)
mem[0x0000000080008A40] <- 0x0000000000000000
mem[X,0x0000000080002040] -> 0x0537
mem[X,0x0000000080002042] -> 0x0000
[2069] [M]: 0x0000000080002040 (0x00000537) lui a0, 0
x10 <- 0x0000000000000000
mem[X,0x0000000080002044] -> 0x0513
mem[X,0x0000000080002046] -> 0x0005
[2070] [M]: 0x0000000080002044 (0x00050513) addi a0, a0, 0
x10 <- 0x0000000000000000
mem[X,0x0000000080002048] -> 0x1513
mem[X,0x000000008000204A] -> 0x00B5
[2071] [M]: 0x0000000080002048 (0x00B51513) slli a0, a0, 11
x10 <- 0x0000000000000000
mem[X,0x000000008000204C] -> 0x0513
mem[X,0x000000008000204E] -> 0x5A85
[2072] [M]: 0x000000008000204C (0x5A850513) addi a0, a0, 1448
x10 <- 0x00000000000005A8
mem[X,0x0000000080002050] -> 0x1513
mem[X,0x0000000080002052] -> 0x00B5
[2073] [M]: 0x0000000080002050 (0x00B51513) slli a0, a0, 11
x10 <- 0x00000000002D4000
mem[X,0x0000000080002054] -> 0x0513
mem[X,0x0000000080002056] -> 0x13C5
[2074] [M]: 0x0000000080002054 (0x13C50513) addi a0, a0, 316
x10 <- 0x00000000002D413C
mem[X,0x0000000080002058] -> 0x1513
mem[X,0x000000008000205A] -> 0x00A5
[2075] [M]: 0x0000000080002058 (0x00A51513) slli a0, a0, 10
x10 <- 0x00000000B504F000
mem[X,0x000000008000205C] -> 0x0513
mem[X,0x000000008000205E] -> 0x3335
[2076] [M]: 0x000000008000205C (0x33350513) addi a0, a0, 819
x10 <- 0x00000000B504F333
mem[X,0x0000000080002060] -> 0x3593
mem[X,0x0000000080002062] -> 0x6665
[2077] [M]: 0x0000000080002060 (0x66653593) sltiu a1, a0, 1638
x11 <- 0x0000000000000000
mem[X,0x0000000080002064] -> 0x3023
mem[X,0x0000000080002066] -> 0x08B1
[2078] [M]: 0x0000000080002064 (0x08B13023) sd a1, 128(sp)
mem[0x0000000080008A48] <- 0x0000000000000000
mem[X,0x0000000080002068] -> 0x0537
mem[X,0x000000008000206A] -> 0x0000
[2079] [M]: 0x0000000080002068 (0x00000537) lui a0, 0
x10 <- 0x0000000000000000
mem[X,0x000000008000206C] -> 0x0513
mem[X,0x000000008000206E] -> 0x0005
[2080] [M]: 0x000000008000206C (0x00050513) addi a0, a0, 0
x10 <- 0x0000000000000000
mem[X,0x0000000080002070] -> 0x1513
mem[X,0x0000000080002072] -> 0x00B5
[2081] [M]: 0x0000000080002070 (0x00B51513) slli a0, a0, 11
x10 <- 0x0000000000000000
mem[X,0x0000000080002074] -> 0x0513
mem[X,0x0000000080002076] -> 0x5A85
[2082] [M]: 0x0000000080002074 (0x5A850513) addi a0, a0, 1448
x10 <- 0x00000000000005A8
mem[X,0x0000000080002078] -> 0x1513
mem[X,0x000000008000207A] -> 0x00B5
[2083] [M]: 0x0000000080002078 (0x00B51513) slli a0, a0, 11
x10 <- 0x00000000002D4000
mem[X,0x000000008000207C] -> 0x0513
mem[X,0x000000008000207E] -> 0x13C5
[2084] [M]: 0x000000008000207C (0x13C50513) addi a0, a0, 316
x10 <- 0x00000000002D413C
mem[X,0x0000000080002080] -> 0x1513
mem[X,0x0000000080002082] -> 0x00A5
[2085] [M]: 0x0000000080002080 (0x00A51513) slli a0, a0, 10
x10 <- 0x00000000B504F000
mem[X,0x0000000080002084] -> 0x0513
mem[X,0x0000000080002086] -> 0x3335
[2086] [M]: 0x0000000080002084 (0x33350513) addi a0, a0, 819
x10 <- 0x00000000B504F333
mem[X,0x0000000080002088] -> 0x3593
mem[X,0x000000008000208A] -> 0x02D5
[2087] [M]: 0x0000000080002088 (0x02D53593) sltiu a1, a0, 45
x11 <- 0x0000000000000000
mem[X,0x000000008000208C] -> 0x3423
mem[X,0x000000008000208E] -> 0x08B1
[2088] [M]: 0x000000008000208C (0x08B13423) sd a1, 136(sp)
mem[0x0000000080008A50] <- 0x0000000000000000
mem[X,0x0000000080002090] -> 0x0537
mem[X,0x0000000080002092] -> 0x0000
[2089] [M]: 0x0000000080002090 (0x00000537) lui a0, 0
x10 <- 0x0000000000000000
mem[X,0x0000000080002094] -> 0x0513
mem[X,0x0000000080002096] -> 0x0005
[2090] [M]: 0x0000000080002094 (0x00050513) addi a0, a0, 0
x10 <- 0x0000000000000000
mem[X,0x0000000080002098] -> 0x1513
mem[X,0x000000008000209A] -> 0x00B5
[2091] [M]: 0x0000000080002098 (0x00B51513) slli a0, a0, 11
x10 <- 0x0000000000000000
mem[X,0x000000008000209C] -> 0x0513
mem[X,0x000000008000209E] -> 0x5A85
[2092] [M]: 0x000000008000209C (0x5A850513) addi a0, a0, 1448
x10 <- 0x00000000000005A8
mem[X,0x00000000800020A0] -> 0x1513
mem[X,0x00000000800020A2] -> 0x00B5
[2093] [M]: 0x00000000800020A0 (0x00B51513) slli a0, a0, 11
x10 <- 0x00000000002D4000
mem[X,0x00000000800020A4] -> 0x0513
mem[X,0x00000000800020A6] -> 0x13C5
[2094] [M]: 0x00000000800020A4 (0x13C50513) addi a0, a0, 316
x10 <- 0x00000000002D413C
mem[X,0x00000000800020A8] -> 0x1513
mem[X,0x00000000800020AA] -> 0x00A5
[2095] [M]: 0x00000000800020A8 (0x00A51513) slli a0, a0, 10
x10 <- 0x00000000B504F000
mem[X,0x00000000800020AC] -> 0x0513
mem[X,0x00000000800020AE] -> 0x3335
[2096] [M]: 0x00000000800020AC (0x33350513) addi a0, a0, 819
x10 <- 0x00000000B504F333
mem[X,0x00000000800020B0] -> 0x3593
mem[X,0x00000000800020B2] -> 0x0005
[2097] [M]: 0x00000000800020B0 (0x00053593) sltiu a1, a0, 0
x11 <- 0x0000000000000000
mem[X,0x00000000800020B4] -> 0x3823
mem[X,0x00000000800020B6] -> 0x08B1
[2098] [M]: 0x00000000800020B4 (0x08B13823) sd a1, 144(sp)
mem[0x0000000080008A58] <- 0x0000000000000000
mem[X,0x00000000800020B8] -> 0x0537
mem[X,0x00000000800020BA] -> 0x0000
[2099] [M]: 0x00000000800020B8 (0x00000537) lui a0, 0
x10 <- 0x0000000000000000
clint::tick mtime <- 0x0000000000000015
 clint timer pending at mtime 0x0000000000000015
htif::tick 0x0000000000000000
mem[X,0x00000000800020BC] -> 0x0513
mem[X,0x00000000800020BE] -> 0x0005
[2100] [M]: 0x00000000800020BC (0x00050513) addi a0, a0, 0
x10 <- 0x0000000000000000
mem[X,0x00000000800020C0] -> 0x1513
mem[X,0x00000000800020C2] -> 0x00B5
[2101] [M]: 0x00000000800020C0 (0x00B51513) slli a0, a0, 11
x10 <- 0x0000000000000000
mem[X,0x00000000800020C4] -> 0x0513
mem[X,0x00000000800020C6] -> 0x5A85
[2102] [M]: 0x00000000800020C4 (0x5A850513) addi a0, a0, 1448
x10 <- 0x00000000000005A8
mem[X,0x00000000800020C8] -> 0x1513
mem[X,0x00000000800020CA] -> 0x00B5
[2103] [M]: 0x00000000800020C8 (0x00B51513) slli a0, a0, 11
x10 <- 0x00000000002D4000
mem[X,0x00000000800020CC] -> 0x0513
mem[X,0x00000000800020CE] -> 0x13C5
[2104] [M]: 0x00000000800020CC (0x13C50513) addi a0, a0, 316
x10 <- 0x00000000002D413C
mem[X,0x00000000800020D0] -> 0x1513
mem[X,0x00000000800020D2] -> 0x00A5
[2105] [M]: 0x00000000800020D0 (0x00A51513) slli a0, a0, 10
x10 <- 0x00000000B504F000
mem[X,0x00000000800020D4] -> 0x0513
mem[X,0x00000000800020D6] -> 0x3335
[2106] [M]: 0x00000000800020D4 (0x33350513) addi a0, a0, 819
x10 <- 0x00000000B504F333
mem[X,0x00000000800020D8] -> 0x3593
mem[X,0x00000000800020DA] -> 0x03F5
[2107] [M]: 0x00000000800020D8 (0x03F53593) sltiu a1, a0, 63
x11 <- 0x0000000000000000
mem[X,0x00000000800020DC] -> 0x3C23
mem[X,0x00000000800020DE] -> 0x08B1
[2108] [M]: 0x00000000800020DC (0x08B13C23) sd a1, 152(sp)
mem[0x0000000080008A60] <- 0x0000000000000000
mem[X,0x00000000800020E0] -> 0x0537
mem[X,0x00000000800020E2] -> 0x0000
[2109] [M]: 0x00000000800020E0 (0x00000537) lui a0, 0
x10 <- 0x0000000000000000
mem[X,0x00000000800020E4] -> 0x0513
mem[X,0x00000000800020E6] -> 0x0005
[2110] [M]: 0x00000000800020E4 (0x00050513) addi a0, a0, 0
x10 <- 0x0000000000000000
mem[X,0x00000000800020E8] -> 0x1513
mem[X,0x00000000800020EA] -> 0x00B5
[2111] [M]: 0x00000000800020E8 (0x00B51513) slli a0, a0, 11
x10 <- 0x0000000000000000
mem[X,0x00000000800020EC] -> 0x0513
mem[X,0x00000000800020EE] -> 0x5A85
[2112] [M]: 0x00000000800020EC (0x5A850513) addi a0, a0, 1448
x10 <- 0x00000000000005A8
mem[X,0x00000000800020F0] -> 0x1513
mem[X,0x00000000800020F2] -> 0x00B5
[2113] [M]: 0x00000000800020F0 (0x00B51513) slli a0, a0, 11
x10 <- 0x00000000002D4000
mem[X,0x00000000800020F4] -> 0x0513
mem[X,0x00000000800020F6] -> 0x13C5
[2114] [M]: 0x00000000800020F4 (0x13C50513) addi a0, a0, 316
x10 <- 0x00000000002D413C
mem[X,0x00000000800020F8] -> 0x1513
mem[X,0x00000000800020FA] -> 0x00A5
[2115] [M]: 0x00000000800020F8 (0x00A51513) slli a0, a0, 10
x10 <- 0x00000000B504F000
mem[X,0x00000000800020FC] -> 0x0513
mem[X,0x00000000800020FE] -> 0x3335
[2116] [M]: 0x00000000800020FC (0x33350513) addi a0, a0, 819
x10 <- 0x00000000B504F333
mem[X,0x0000000080002100] -> 0x3593
mem[X,0x0000000080002102] -> 0x0025
[2117] [M]: 0x0000000080002100 (0x00253593) sltiu a1, a0, 2
x11 <- 0x0000000000000000
mem[X,0x0000000080002104] -> 0x3023
mem[X,0x0000000080002106] -> 0x0AB1
[2118] [M]: 0x0000000080002104 (0x0AB13023) sd a1, 160(sp)
mem[0x0000000080008A68] <- 0x0000000000000000
mem[X,0x0000000080002108] -> 0x0537
mem[X,0x000000008000210A] -> 0x0000
[2119] [M]: 0x0000000080002108 (0x00000537) lui a0, 0
x10 <- 0x0000000000000000
mem[X,0x000000008000210C] -> 0x0513
mem[X,0x000000008000210E] -> 0x0005
[2120] [M]: 0x000000008000210C (0x00050513) addi a0, a0, 0
x10 <- 0x0000000000000000
mem[X,0x0000000080002110] -> 0x1513
mem[X,0x0000000080002112] -> 0x00B5
[2121] [M]: 0x0000000080002110 (0x00B51513) slli a0, a0, 11
x10 <- 0x0000000000000000
mem[X,0x0000000080002114] -> 0x0513
mem[X,0x0000000080002116] -> 0x5A85
[2122] [M]: 0x0000000080002114 (0x5A850513) addi a0, a0, 1448
x10 <- 0x00000000000005A8
mem[X,0x0000000080002118] -> 0x1513
mem[X,0x000000008000211A] -> 0x00B5
[2123] [M]: 0x0000000080002118 (0x00B51513) slli a0, a0, 11
x10 <- 0x00000000002D4000
mem[X,0x000000008000211C] -> 0x0513
mem[X,0x000000008000211E] -> 0x13C5
[2124] [M]: 0x000000008000211C (0x13C50513) addi a0, a0, 316
x10 <- 0x00000000002D413C
mem[X,0x0000000080002120] -> 0x1513
mem[X,0x0000000080002122] -> 0x00A5
[2125] [M]: 0x0000000080002120 (0x00A51513) slli a0, a0, 10
x10 <- 0x00000000B504F000
mem[X,0x0000000080002124] -> 0x0513
mem[X,0x0000000080002126] -> 0x3335
[2126] [M]: 0x0000000080002124 (0x33350513) addi a0, a0, 819
x10 <- 0x00000000B504F333
mem[X,0x0000000080002128] -> 0x3593
mem[X,0x000000008000212A] -> 0x5545
[2127] [M]: 0x0000000080002128 (0x55453593) sltiu a1, a0, 1364
x11 <- 0x0000000000000000
mem[X,0x000000008000212C] -> 0x3423
mem[X,0x000000008000212E] -> 0x0AB1
[2128] [M]: 0x000000008000212C (0x0AB13423) sd a1, 168(sp)
mem[0x0000000080008A70] <- 0x0000000000000000
mem[X,0x0000000080002130] -> 0x0537
mem[X,0x0000000080002132] -> 0x0000
[2129] [M]: 0x0000000080002130 (0x00000537) lui a0, 0
x10 <- 0x0000000000000000
mem[X,0x0000000080002134] -> 0x0513
mem[X,0x0000000080002136] -> 0x0005
[2130] [M]: 0x0000000080002134 (0x00050513) addi a0, a0, 0
x10 <- 0x0000000000000000
mem[X,0x0000000080002138] -> 0x1513
mem[X,0x000000008000213A] -> 0x00B5
[2131] [M]: 0x0000000080002138 (0x00B51513) slli a0, a0, 11
x10 <- 0x0000000000000000
mem[X,0x000000008000213C] -> 0x0513
mem[X,0x000000008000213E] -> 0x5A85
[2132] [M]: 0x000000008000213C (0x5A850513) addi a0, a0, 1448
x10 <- 0x00000000000005A8
mem[X,0x0000000080002140] -> 0x1513
mem[X,0x0000000080002142] -> 0x00B5
[2133] [M]: 0x0000000080002140 (0x00B51513) slli a0, a0, 11
x10 <- 0x00000000002D4000
mem[X,0x0000000080002144] -> 0x0513
mem[X,0x0000000080002146] -> 0x13C5
[2134] [M]: 0x0000000080002144 (0x13C50513) addi a0, a0, 316
x10 <- 0x00000000002D413C
mem[X,0x0000000080002148] -> 0x1513
mem[X,0x000000008000214A] -> 0x00A5
[2135] [M]: 0x0000000080002148 (0x00A51513) slli a0, a0, 10
x10 <- 0x00000000B504F000
mem[X,0x000000008000214C] -> 0x0513
mem[X,0x000000008000214E] -> 0x3335
[2136] [M]: 0x000000008000214C (0x33350513) addi a0, a0, 819
x10 <- 0x00000000B504F333
mem[X,0x0000000080002150] -> 0x3593
mem[X,0x0000000080002152] -> 0xAA95
[2137] [M]: 0x0000000080002150 (0xAA953593) sltiu a1, a0, 2729
x11 <- 0x0000000000000001
mem[X,0x0000000080002154] -> 0x3823
mem[X,0x0000000080002156] -> 0x0AB1
[2138] [M]: 0x0000000080002154 (0x0AB13823) sd a1, 176(sp)
mem[0x0000000080008A78] <- 0x0000000000000001
mem[X,0x0000000080002158] -> 0x0537
mem[X,0x000000008000215A] -> 0x0000
[2139] [M]: 0x0000000080002158 (0x00000537) lui a0, 0
x10 <- 0x0000000000000000
mem[X,0x000000008000215C] -> 0x0513
mem[X,0x000000008000215E] -> 0x0005
[2140] [M]: 0x000000008000215C (0x00050513) addi a0, a0, 0
x10 <- 0x0000000000000000
mem[X,0x0000000080002160] -> 0x1513
mem[X,0x0000000080002162] -> 0x00B5
[2141] [M]: 0x0000000080002160 (0x00B51513) slli a0, a0, 11
x10 <- 0x0000000000000000
mem[X,0x0000000080002164] -> 0x0513
mem[X,0x0000000080002166] -> 0x5A85
[2142] [M]: 0x0000000080002164 (0x5A850513) addi a0, a0, 1448
x10 <- 0x00000000000005A8
mem[X,0x0000000080002168] -> 0x1513
mem[X,0x000000008000216A] -> 0x00B5
[2143] [M]: 0x0000000080002168 (0x00B51513) slli a0, a0, 11
x10 <- 0x00000000002D4000
mem[X,0x000000008000216C] -> 0x0513
mem[X,0x000000008000216E] -> 0x13C5
[2144] [M]: 0x000000008000216C (0x13C50513) addi a0, a0, 316
x10 <- 0x00000000002D413C
mem[X,0x0000000080002170] -> 0x1513
mem[X,0x0000000080002172] -> 0x00A5
[2145] [M]: 0x0000000080002170 (0x00A51513) slli a0, a0, 10
x10 <- 0x00000000B504F000
mem[X,0x0000000080002174] -> 0x0513
mem[X,0x0000000080002176] -> 0x3335
[2146] [M]: 0x0000000080002174 (0x33350513) addi a0, a0, 819
x10 <- 0x00000000B504F333
mem[X,0x0000000080002178] -> 0x3593
mem[X,0x000000008000217A] -> 0x0045
[2147] [M]: 0x0000000080002178 (0x00453593) sltiu a1, a0, 4
x11 <- 0x0000000000000000
mem[X,0x000000008000217C] -> 0x3C23
mem[X,0x000000008000217E] -> 0x0AB1
[2148] [M]: 0x000000008000217C (0x0AB13C23) sd a1, 184(sp)
mem[0x0000000080008A80] <- 0x0000000000000000
mem[X,0x0000000080002180] -> 0x0537
mem[X,0x0000000080002182] -> 0x0000
[2149] [M]: 0x0000000080002180 (0x00000537) lui a0, 0
x10 <- 0x0000000000000000
mem[X,0x0000000080002184] -> 0x0513
mem[X,0x0000000080002186] -> 0x0005
[2150] [M]: 0x0000000080002184 (0x00050513) addi a0, a0, 0
x10 <- 0x0000000000000000
mem[X,0x0000000080002188] -> 0x1513
mem[X,0x000000008000218A] -> 0x00B5
[2151] [M]: 0x0000000080002188 (0x00B51513) slli a0, a0, 11
x10 <- 0x0000000000000000
mem[X,0x000000008000218C] -> 0x0513
mem[X,0x000000008000218E] -> 0x5A85
[2152] [M]: 0x000000008000218C (0x5A850513) addi a0, a0, 1448
x10 <- 0x00000000000005A8
mem[X,0x0000000080002190] -> 0x1513
mem[X,0x0000000080002192] -> 0x00B5
[2153] [M]: 0x0000000080002190 (0x00B51513) slli a0, a0, 11
x10 <- 0x00000000002D4000
mem[X,0x0000000080002194] -> 0x0513
mem[X,0x0000000080002196] -> 0x13C5
[2154] [M]: 0x0000000080002194 (0x13C50513) addi a0, a0, 316
x10 <- 0x00000000002D413C
mem[X,0x0000000080002198] -> 0x1513
mem[X,0x000000008000219A] -> 0x00A5
[2155] [M]: 0x0000000080002198 (0x00A51513) slli a0, a0, 10
x10 <- 0x00000000B504F000
mem[X,0x000000008000219C] -> 0x0513
mem[X,0x000000008000219E] -> 0x3335
[2156] [M]: 0x000000008000219C (0x33350513) addi a0, a0, 819
x10 <- 0x00000000B504F333
mem[X,0x00000000800021A0] -> 0x3593
mem[X,0x00000000800021A2] -> 0x3325
[2157] [M]: 0x00000000800021A0 (0x33253593) sltiu a1, a0, 818
x11 <- 0x0000000000000000
mem[X,0x00000000800021A4] -> 0x3023
mem[X,0x00000000800021A6] -> 0x0CB1
[2158] [M]: 0x00000000800021A4 (0x0CB13023) sd a1, 192(sp)
mem[0x0000000080008A88] <- 0x0000000000000000
mem[X,0x00000000800021A8] -> 0x0537
mem[X,0x00000000800021AA] -> 0x0000
[2159] [M]: 0x00000000800021A8 (0x00000537) lui a0, 0
x10 <- 0x0000000000000000
mem[X,0x00000000800021AC] -> 0x0513
mem[X,0x00000000800021AE] -> 0x0005
[2160] [M]: 0x00000000800021AC (0x00050513) addi a0, a0, 0
x10 <- 0x0000000000000000
mem[X,0x00000000800021B0] -> 0x1513
mem[X,0x00000000800021B2] -> 0x00B5
[2161] [M]: 0x00000000800021B0 (0x00B51513) slli a0, a0, 11
x10 <- 0x0000000000000000
mem[X,0x00000000800021B4] -> 0x0513
mem[X,0x00000000800021B6] -> 0x5A85
[2162] [M]: 0x00000000800021B4 (0x5A850513) addi a0, a0, 1448
x10 <- 0x00000000000005A8
mem[X,0x00000000800021B8] -> 0x1513
mem[X,0x00000000800021BA] -> 0x00B5
[2163] [M]: 0x00000000800021B8 (0x00B51513) slli a0, a0, 11
x10 <- 0x00000000002D4000
mem[X,0x00000000800021BC] -> 0x0513
mem[X,0x00000000800021BE] -> 0x13C5
[2164] [M]: 0x00000000800021BC (0x13C50513) addi a0, a0, 316
x10 <- 0x00000000002D413C
mem[X,0x00000000800021C0] -> 0x1513
mem[X,0x00000000800021C2] -> 0x00A5
[2165] [M]: 0x00000000800021C0 (0x00A51513) slli a0, a0, 10
x10 <- 0x00000000B504F000
mem[X,0x00000000800021C4] -> 0x0513
mem[X,0x00000000800021C6] -> 0x3335
[2166] [M]: 0x00000000800021C4 (0x33350513) addi a0, a0, 819
x10 <- 0x00000000B504F333
mem[X,0x00000000800021C8] -> 0x3593
mem[X,0x00000000800021CA] -> 0x6655
[2167] [M]: 0x00000000800021C8 (0x66553593) sltiu a1, a0, 1637
x11 <- 0x0000000000000000
mem[X,0x00000000800021CC] -> 0x3423
mem[X,0x00000000800021CE] -> 0x0CB1
[2168] [M]: 0x00000000800021CC (0x0CB13423) sd a1, 200(sp)
mem[0x0000000080008A90] <- 0x0000000000000000
mem[X,0x00000000800021D0] -> 0x0537
mem[X,0x00000000800021D2] -> 0x0000
[2169] [M]: 0x00000000800021D0 (0x00000537) lui a0, 0
x10 <- 0x0000000000000000
mem[X,0x00000000800021D4] -> 0x0513
mem[X,0x00000000800021D6] -> 0x0005
[2170] [M]: 0x00000000800021D4 (0x00050513) addi a0, a0, 0
x10 <- 0x0000000000000000
mem[X,0x00000000800021D8] -> 0x1513
mem[X,0x00000000800021DA] -> 0x00B5
[2171] [M]: 0x00000000800021D8 (0x00B51513) slli a0, a0, 11
x10 <- 0x0000000000000000
mem[X,0x00000000800021DC] -> 0x0513
mem[X,0x00000000800021DE] -> 0x5A85
[2172] [M]: 0x00000000800021DC (0x5A850513) addi a0, a0, 1448
x10 <- 0x00000000000005A8
mem[X,0x00000000800021E0] -> 0x1513
mem[X,0x00000000800021E2] -> 0x00B5
[2173] [M]: 0x00000000800021E0 (0x00B51513) slli a0, a0, 11
x10 <- 0x00000000002D4000
mem[X,0x00000000800021E4] -> 0x0513
mem[X,0x00000000800021E6] -> 0x13C5
[2174] [M]: 0x00000000800021E4 (0x13C50513) addi a0, a0, 316
x10 <- 0x00000000002D413C
mem[X,0x00000000800021E8] -> 0x1513
mem[X,0x00000000800021EA] -> 0x00A5
[2175] [M]: 0x00000000800021E8 (0x00A51513) slli a0, a0, 10
x10 <- 0x00000000B504F000
mem[X,0x00000000800021EC] -> 0x0513
mem[X,0x00000000800021EE] -> 0x3335
[2176] [M]: 0x00000000800021EC (0x33350513) addi a0, a0, 819
x10 <- 0x00000000B504F333
mem[X,0x00000000800021F0] -> 0x3593
mem[X,0x00000000800021F2] -> 0x02C5
[2177] [M]: 0x00000000800021F0 (0x02C53593) sltiu a1, a0, 44
x11 <- 0x0000000000000000
mem[X,0x00000000800021F4] -> 0x3823
mem[X,0x00000000800021F6] -> 0x0CB1
[2178] [M]: 0x00000000800021F4 (0x0CB13823) sd a1, 208(sp)
mem[0x0000000080008A98] <- 0x0000000000000000
mem[X,0x00000000800021F8] -> 0x0537
mem[X,0x00000000800021FA] -> 0x0000
[2179] [M]: 0x00000000800021F8 (0x00000537) lui a0, 0
x10 <- 0x0000000000000000
mem[X,0x00000000800021FC] -> 0x0513
mem[X,0x00000000800021FE] -> 0x0005
[2180] [M]: 0x00000000800021FC (0x00050513) addi a0, a0, 0
x10 <- 0x0000000000000000
mem[X,0x0000000080002200] -> 0x1513
mem[X,0x0000000080002202] -> 0x00B5
[2181] [M]: 0x0000000080002200 (0x00B51513) slli a0, a0, 11
x10 <- 0x0000000000000000
mem[X,0x0000000080002204] -> 0x0513
mem[X,0x0000000080002206] -> 0x5A85
[2182] [M]: 0x0000000080002204 (0x5A850513) addi a0, a0, 1448
x10 <- 0x00000000000005A8
mem[X,0x0000000080002208] -> 0x1513
mem[X,0x000000008000220A] -> 0x00B5
[2183] [M]: 0x0000000080002208 (0x00B51513) slli a0, a0, 11
x10 <- 0x00000000002D4000
mem[X,0x000000008000220C] -> 0x0513
mem[X,0x000000008000220E] -> 0x13C5
[2184] [M]: 0x000000008000220C (0x13C50513) addi a0, a0, 316
x10 <- 0x00000000002D413C
mem[X,0x0000000080002210] -> 0x1513
mem[X,0x0000000080002212] -> 0x00A5
[2185] [M]: 0x0000000080002210 (0x00A51513) slli a0, a0, 10
x10 <- 0x00000000B504F000
mem[X,0x0000000080002214] -> 0x0513
mem[X,0x0000000080002216] -> 0x3335
[2186] [M]: 0x0000000080002214 (0x33350513) addi a0, a0, 819
x10 <- 0x00000000B504F333
mem[X,0x0000000080002218] -> 0x3593
mem[X,0x000000008000221A] -> 0x03E5
[2187] [M]: 0x0000000080002218 (0x03E53593) sltiu a1, a0, 62
x11 <- 0x0000000000000000
mem[X,0x000000008000221C] -> 0x3C23
mem[X,0x000000008000221E] -> 0x0CB1
[2188] [M]: 0x000000008000221C (0x0CB13C23) sd a1, 216(sp)
mem[0x0000000080008AA0] <- 0x0000000000000000
mem[X,0x0000000080002220] -> 0x0537
mem[X,0x0000000080002222] -> 0x0000
[2189] [M]: 0x0000000080002220 (0x00000537) lui a0, 0
x10 <- 0x0000000000000000
mem[X,0x0000000080002224] -> 0x0513
mem[X,0x0000000080002226] -> 0x0005
[2190] [M]: 0x0000000080002224 (0x00050513) addi a0, a0, 0
x10 <- 0x0000000000000000
mem[X,0x0000000080002228] -> 0x1513
mem[X,0x000000008000222A] -> 0x00B5
[2191] [M]: 0x0000000080002228 (0x00B51513) slli a0, a0, 11
x10 <- 0x0000000000000000
mem[X,0x000000008000222C] -> 0x0513
mem[X,0x000000008000222E] -> 0x5A85
[2192] [M]: 0x000000008000222C (0x5A850513) addi a0, a0, 1448
x10 <- 0x00000000000005A8
mem[X,0x0000000080002230] -> 0x1513
mem[X,0x0000000080002232] -> 0x00B5
[2193] [M]: 0x0000000080002230 (0x00B51513) slli a0, a0, 11
x10 <- 0x00000000002D4000
mem[X,0x0000000080002234] -> 0x0513
mem[X,0x0000000080002236] -> 0x13C5
[2194] [M]: 0x0000000080002234 (0x13C50513) addi a0, a0, 316
x10 <- 0x00000000002D413C
mem[X,0x0000000080002238] -> 0x1513
mem[X,0x000000008000223A] -> 0x00A5
[2195] [M]: 0x0000000080002238 (0x00A51513) slli a0, a0, 10
x10 <- 0x00000000B504F000
mem[X,0x000000008000223C] -> 0x0513
mem[X,0x000000008000223E] -> 0x3335
[2196] [M]: 0x000000008000223C (0x33350513) addi a0, a0, 819
x10 <- 0x00000000B504F333
mem[X,0x0000000080002240] -> 0x3593
mem[X,0x0000000080002242] -> 0x5565
[2197] [M]: 0x0000000080002240 (0x55653593) sltiu a1, a0, 1366
x11 <- 0x0000000000000000
mem[X,0x0000000080002244] -> 0x3023
mem[X,0x0000000080002246] -> 0x0EB1
[2198] [M]: 0x0000000080002244 (0x0EB13023) sd a1, 224(sp)
mem[0x0000000080008AA8] <- 0x0000000000000000
mem[X,0x0000000080002248] -> 0x0537
mem[X,0x000000008000224A] -> 0x0000
[2199] [M]: 0x0000000080002248 (0x00000537) lui a0, 0
x10 <- 0x0000000000000000
clint::tick mtime <- 0x0000000000000016
 clint timer pending at mtime 0x0000000000000016
htif::tick 0x0000000000000000
mem[X,0x000000008000224C] -> 0x0513
mem[X,0x000000008000224E] -> 0x0005
[2200] [M]: 0x000000008000224C (0x00050513) addi a0, a0, 0
x10 <- 0x0000000000000000
mem[X,0x0000000080002250] -> 0x1513
mem[X,0x0000000080002252] -> 0x00B5
[2201] [M]: 0x0000000080002250 (0x00B51513) slli a0, a0, 11
x10 <- 0x0000000000000000
mem[X,0x0000000080002254] -> 0x0513
mem[X,0x0000000080002256] -> 0x5A85
[2202] [M]: 0x0000000080002254 (0x5A850513) addi a0, a0, 1448
x10 <- 0x00000000000005A8
mem[X,0x0000000080002258] -> 0x1513
mem[X,0x000000008000225A] -> 0x00B5
[2203] [M]: 0x0000000080002258 (0x00B51513) slli a0, a0, 11
x10 <- 0x00000000002D4000
mem[X,0x000000008000225C] -> 0x0513
mem[X,0x000000008000225E] -> 0x13C5
[2204] [M]: 0x000000008000225C (0x13C50513) addi a0, a0, 316
x10 <- 0x00000000002D413C
mem[X,0x0000000080002260] -> 0x1513
mem[X,0x0000000080002262] -> 0x00A5
[2205] [M]: 0x0000000080002260 (0x00A51513) slli a0, a0, 10
x10 <- 0x00000000B504F000
mem[X,0x0000000080002264] -> 0x0513
mem[X,0x0000000080002266] -> 0x3335
[2206] [M]: 0x0000000080002264 (0x33350513) addi a0, a0, 819
x10 <- 0x00000000B504F333
mem[X,0x0000000080002268] -> 0x3593
mem[X,0x000000008000226A] -> 0xAAB5
[2207] [M]: 0x0000000080002268 (0xAAB53593) sltiu a1, a0, 2731
x11 <- 0x0000000000000001
mem[X,0x000000008000226C] -> 0x3423
mem[X,0x000000008000226E] -> 0x0EB1
[2208] [M]: 0x000000008000226C (0x0EB13423) sd a1, 232(sp)
mem[0x0000000080008AB0] <- 0x0000000000000001
mem[X,0x0000000080002270] -> 0x0537
mem[X,0x0000000080002272] -> 0x0000
[2209] [M]: 0x0000000080002270 (0x00000537) lui a0, 0
x10 <- 0x0000000000000000
mem[X,0x0000000080002274] -> 0x0513
mem[X,0x0000000080002276] -> 0x0005
[2210] [M]: 0x0000000080002274 (0x00050513) addi a0, a0, 0
x10 <- 0x0000000000000000
mem[X,0x0000000080002278] -> 0x1513
mem[X,0x000000008000227A] -> 0x00B5
[2211] [M]: 0x0000000080002278 (0x00B51513) slli a0, a0, 11
x10 <- 0x0000000000000000
mem[X,0x000000008000227C] -> 0x0513
mem[X,0x000000008000227E] -> 0x5A85
[2212] [M]: 0x000000008000227C (0x5A850513) addi a0, a0, 1448
x10 <- 0x00000000000005A8
mem[X,0x0000000080002280] -> 0x1513
mem[X,0x0000000080002282] -> 0x00B5
[2213] [M]: 0x0000000080002280 (0x00B51513) slli a0, a0, 11
x10 <- 0x00000000002D4000
mem[X,0x0000000080002284] -> 0x0513
mem[X,0x0000000080002286] -> 0x13C5
[2214] [M]: 0x0000000080002284 (0x13C50513) addi a0, a0, 316
x10 <- 0x00000000002D413C
mem[X,0x0000000080002288] -> 0x1513
mem[X,0x000000008000228A] -> 0x00A5
[2215] [M]: 0x0000000080002288 (0x00A51513) slli a0, a0, 10
x10 <- 0x00000000B504F000
mem[X,0x000000008000228C] -> 0x0513
mem[X,0x000000008000228E] -> 0x3335
[2216] [M]: 0x000000008000228C (0x33350513) addi a0, a0, 819
x10 <- 0x00000000B504F333
mem[X,0x0000000080002290] -> 0x3593
mem[X,0x0000000080002292] -> 0x0065
[2217] [M]: 0x0000000080002290 (0x00653593) sltiu a1, a0, 6
x11 <- 0x0000000000000000
mem[X,0x0000000080002294] -> 0x3823
mem[X,0x0000000080002296] -> 0x0EB1
[2218] [M]: 0x0000000080002294 (0x0EB13823) sd a1, 240(sp)
mem[0x0000000080008AB8] <- 0x0000000000000000
mem[X,0x0000000080002298] -> 0x0537
mem[X,0x000000008000229A] -> 0x0000
[2219] [M]: 0x0000000080002298 (0x00000537) lui a0, 0
x10 <- 0x0000000000000000
mem[X,0x000000008000229C] -> 0x0513
mem[X,0x000000008000229E] -> 0x0005
[2220] [M]: 0x000000008000229C (0x00050513) addi a0, a0, 0
x10 <- 0x0000000000000000
mem[X,0x00000000800022A0] -> 0x1513
mem[X,0x00000000800022A2] -> 0x00B5
[2221] [M]: 0x00000000800022A0 (0x00B51513) slli a0, a0, 11
x10 <- 0x0000000000000000
mem[X,0x00000000800022A4] -> 0x0513
mem[X,0x00000000800022A6] -> 0x5A85
[2222] [M]: 0x00000000800022A4 (0x5A850513) addi a0, a0, 1448
x10 <- 0x00000000000005A8
mem[X,0x00000000800022A8] -> 0x1513
mem[X,0x00000000800022AA] -> 0x00B5
[2223] [M]: 0x00000000800022A8 (0x00B51513) slli a0, a0, 11
x10 <- 0x00000000002D4000
mem[X,0x00000000800022AC] -> 0x0513
mem[X,0x00000000800022AE] -> 0x13C5
[2224] [M]: 0x00000000800022AC (0x13C50513) addi a0, a0, 316
x10 <- 0x00000000002D413C
mem[X,0x00000000800022B0] -> 0x1513
mem[X,0x00000000800022B2] -> 0x00A5
[2225] [M]: 0x00000000800022B0 (0x00A51513) slli a0, a0, 10
x10 <- 0x00000000B504F000
mem[X,0x00000000800022B4] -> 0x0513
mem[X,0x00000000800022B6] -> 0x3335
[2226] [M]: 0x00000000800022B4 (0x33350513) addi a0, a0, 819
x10 <- 0x00000000B504F333
mem[X,0x00000000800022B8] -> 0x3593
mem[X,0x00000000800022BA] -> 0x3345
[2227] [M]: 0x00000000800022B8 (0x33453593) sltiu a1, a0, 820
x11 <- 0x0000000000000000
mem[X,0x00000000800022BC] -> 0x3C23
mem[X,0x00000000800022BE] -> 0x0EB1
[2228] [M]: 0x00000000800022BC (0x0EB13C23) sd a1, 248(sp)
mem[0x0000000080008AC0] <- 0x0000000000000000
mem[X,0x00000000800022C0] -> 0x0537
mem[X,0x00000000800022C2] -> 0x0000
[2229] [M]: 0x00000000800022C0 (0x00000537) lui a0, 0
x10 <- 0x0000000000000000
mem[X,0x00000000800022C4] -> 0x0513
mem[X,0x00000000800022C6] -> 0x0005
[2230] [M]: 0x00000000800022C4 (0x00050513) addi a0, a0, 0
x10 <- 0x0000000000000000
mem[X,0x00000000800022C8] -> 0x1513
mem[X,0x00000000800022CA] -> 0x00B5
[2231] [M]: 0x00000000800022C8 (0x00B51513) slli a0, a0, 11
x10 <- 0x0000000000000000
mem[X,0x00000000800022CC] -> 0x0513
mem[X,0x00000000800022CE] -> 0x5A85
[2232] [M]: 0x00000000800022CC (0x5A850513) addi a0, a0, 1448
x10 <- 0x00000000000005A8
mem[X,0x00000000800022D0] -> 0x1513
mem[X,0x00000000800022D2] -> 0x00B5
[2233] [M]: 0x00000000800022D0 (0x00B51513) slli a0, a0, 11
x10 <- 0x00000000002D4000
mem[X,0x00000000800022D4] -> 0x0513
mem[X,0x00000000800022D6] -> 0x13C5
[2234] [M]: 0x00000000800022D4 (0x13C50513) addi a0, a0, 316
x10 <- 0x00000000002D413C
mem[X,0x00000000800022D8] -> 0x1513
mem[X,0x00000000800022DA] -> 0x00A5
[2235] [M]: 0x00000000800022D8 (0x00A51513) slli a0, a0, 10
x10 <- 0x00000000B504F000
mem[X,0x00000000800022DC] -> 0x0513
mem[X,0x00000000800022DE] -> 0x3335
[2236] [M]: 0x00000000800022DC (0x33350513) addi a0, a0, 819
x10 <- 0x00000000B504F333
mem[X,0x00000000800022E0] -> 0x3593
mem[X,0x00000000800022E2] -> 0x6675
[2237] [M]: 0x00000000800022E0 (0x66753593) sltiu a1, a0, 1639
x11 <- 0x0000000000000000
mem[X,0x00000000800022E4] -> 0x3023
mem[X,0x00000000800022E6] -> 0x10B1
[2238] [M]: 0x00000000800022E4 (0x10B13023) sd a1, 256(sp)
mem[0x0000000080008AC8] <- 0x0000000000000000
mem[X,0x00000000800022E8] -> 0x0537
mem[X,0x00000000800022EA] -> 0x0000
[2239] [M]: 0x00000000800022E8 (0x00000537) lui a0, 0
x10 <- 0x0000000000000000
mem[X,0x00000000800022EC] -> 0x0513
mem[X,0x00000000800022EE] -> 0x0005
[2240] [M]: 0x00000000800022EC (0x00050513) addi a0, a0, 0
x10 <- 0x0000000000000000
mem[X,0x00000000800022F0] -> 0x1513
mem[X,0x00000000800022F2] -> 0x00B5
[2241] [M]: 0x00000000800022F0 (0x00B51513) slli a0, a0, 11
x10 <- 0x0000000000000000
mem[X,0x00000000800022F4] -> 0x0513
mem[X,0x00000000800022F6] -> 0x5A85
[2242] [M]: 0x00000000800022F4 (0x5A850513) addi a0, a0, 1448
x10 <- 0x00000000000005A8
mem[X,0x00000000800022F8] -> 0x1513
mem[X,0x00000000800022FA] -> 0x00B5
[2243] [M]: 0x00000000800022F8 (0x00B51513) slli a0, a0, 11
x10 <- 0x00000000002D4000
mem[X,0x00000000800022FC] -> 0x0513
mem[X,0x00000000800022FE] -> 0x13C5
[2244] [M]: 0x00000000800022FC (0x13C50513) addi a0, a0, 316
x10 <- 0x00000000002D413C
mem[X,0x0000000080002300] -> 0x1513
mem[X,0x0000000080002302] -> 0x00A5
[2245] [M]: 0x0000000080002300 (0x00A51513) slli a0, a0, 10
x10 <- 0x00000000B504F000
mem[X,0x0000000080002304] -> 0x0513
mem[X,0x0000000080002306] -> 0x3335
[2246] [M]: 0x0000000080002304 (0x33350513) addi a0, a0, 819
x10 <- 0x00000000B504F333
mem[X,0x0000000080002308] -> 0x3593
mem[X,0x000000008000230A] -> 0x02E5
[2247] [M]: 0x0000000080002308 (0x02E53593) sltiu a1, a0, 46
x11 <- 0x0000000000000000
mem[X,0x000000008000230C] -> 0x3423
mem[X,0x000000008000230E] -> 0x10B1
[2248] [M]: 0x000000008000230C (0x10B13423) sd a1, 264(sp)
mem[0x0000000080008AD0] <- 0x0000000000000000
mem[X,0x0000000080002310] -> 0x0537
mem[X,0x0000000080002312] -> 0x0000
[2249] [M]: 0x0000000080002310 (0x00000537) lui a0, 0
x10 <- 0x0000000000000000
mem[X,0x0000000080002314] -> 0x0513
mem[X,0x0000000080002316] -> 0x0005
[2250] [M]: 0x0000000080002314 (0x00050513) addi a0, a0, 0
x10 <- 0x0000000000000000
mem[X,0x0000000080002318] -> 0x1513
mem[X,0x000000008000231A] -> 0x00B5
[2251] [M]: 0x0000000080002318 (0x00B51513) slli a0, a0, 11
x10 <- 0x0000000000000000
mem[X,0x000000008000231C] -> 0x0513
mem[X,0x000000008000231E] -> 0x5A85
[2252] [M]: 0x000000008000231C (0x5A850513) addi a0, a0, 1448
x10 <- 0x00000000000005A8
mem[X,0x0000000080002320] -> 0x1513
mem[X,0x0000000080002322] -> 0x00B5
[2253] [M]: 0x0000000080002320 (0x00B51513) slli a0, a0, 11
x10 <- 0x00000000002D4000
mem[X,0x0000000080002324] -> 0x0513
mem[X,0x0000000080002326] -> 0x13C5
[2254] [M]: 0x0000000080002324 (0x13C50513) addi a0, a0, 316
x10 <- 0x00000000002D413C
mem[X,0x0000000080002328] -> 0x1513
mem[X,0x000000008000232A] -> 0x00A5
[2255] [M]: 0x0000000080002328 (0x00A51513) slli a0, a0, 10
x10 <- 0x00000000B504F000
mem[X,0x000000008000232C] -> 0x0513
mem[X,0x000000008000232E] -> 0x3335
[2256] [M]: 0x000000008000232C (0x33350513) addi a0, a0, 819
x10 <- 0x00000000B504F333
mem[X,0x0000000080002330] -> 0x3593
mem[X,0x0000000080002332] -> 0x0015
[2257] [M]: 0x0000000080002330 (0x00153593) sltiu a1, a0, 1
x11 <- 0x0000000000000000
mem[X,0x0000000080002334] -> 0x3823
mem[X,0x0000000080002336] -> 0x10B1
[2258] [M]: 0x0000000080002334 (0x10B13823) sd a1, 272(sp)
mem[0x0000000080008AD8] <- 0x0000000000000000
mem[X,0x0000000080002338] -> 0x0537
mem[X,0x000000008000233A] -> 0x0000
[2259] [M]: 0x0000000080002338 (0x00000537) lui a0, 0
x10 <- 0x0000000000000000
mem[X,0x000000008000233C] -> 0x0513
mem[X,0x000000008000233E] -> 0x0005
[2260] [M]: 0x000000008000233C (0x00050513) addi a0, a0, 0
x10 <- 0x0000000000000000
mem[X,0x0000000080002340] -> 0x1513
mem[X,0x0000000080002342] -> 0x00B5
[2261] [M]: 0x0000000080002340 (0x00B51513) slli a0, a0, 11
x10 <- 0x0000000000000000
mem[X,0x0000000080002344] -> 0x0513
mem[X,0x0000000080002346] -> 0x5A85
[2262] [M]: 0x0000000080002344 (0x5A850513) addi a0, a0, 1448
x10 <- 0x00000000000005A8
mem[X,0x0000000080002348] -> 0x1513
mem[X,0x000000008000234A] -> 0x00B5
[2263] [M]: 0x0000000080002348 (0x00B51513) slli a0, a0, 11
x10 <- 0x00000000002D4000
mem[X,0x000000008000234C] -> 0x0513
mem[X,0x000000008000234E] -> 0x13C5
[2264] [M]: 0x000000008000234C (0x13C50513) addi a0, a0, 316
x10 <- 0x00000000002D413C
mem[X,0x0000000080002350] -> 0x1513
mem[X,0x0000000080002352] -> 0x00A5
[2265] [M]: 0x0000000080002350 (0x00A51513) slli a0, a0, 10
x10 <- 0x00000000B504F000
mem[X,0x0000000080002354] -> 0x0513
mem[X,0x0000000080002356] -> 0x3335
[2266] [M]: 0x0000000080002354 (0x33350513) addi a0, a0, 819
x10 <- 0x00000000B504F333
mem[X,0x0000000080002358] -> 0x3593
mem[X,0x000000008000235A] -> 0x0405
[2267] [M]: 0x0000000080002358 (0x04053593) sltiu a1, a0, 64
x11 <- 0x0000000000000000
mem[X,0x000000008000235C] -> 0x3C23
mem[X,0x000000008000235E] -> 0x10B1
[2268] [M]: 0x000000008000235C (0x10B13C23) sd a1, 280(sp)
mem[0x0000000080008AE0] <- 0x0000000000000000
mem[X,0x0000000080002360] -> 0x0513
mem[X,0x0000000080002362] -> 0x0000
[2269] [M]: 0x0000000080002360 (0x00000513) addi a0, zero, 0
x10 <- 0x0000000000000000
mem[X,0x0000000080002364] -> 0x3593
mem[X,0x0000000080002366] -> 0x0035
[2270] [M]: 0x0000000080002364 (0x00353593) sltiu a1, a0, 3
x11 <- 0x0000000000000001
mem[X,0x0000000080002368] -> 0x3023
mem[X,0x000000008000236A] -> 0x12B1
[2271] [M]: 0x0000000080002368 (0x12B13023) sd a1, 288(sp)
mem[0x0000000080008AE8] <- 0x0000000000000001
mem[X,0x000000008000236C] -> 0x0513
mem[X,0x000000008000236E] -> 0x0000
[2272] [M]: 0x000000008000236C (0x00000513) addi a0, zero, 0
x10 <- 0x0000000000000000
mem[X,0x0000000080002370] -> 0x3593
mem[X,0x0000000080002372] -> 0x5555
[2273] [M]: 0x0000000080002370 (0x55553593) sltiu a1, a0, 1365
x11 <- 0x0000000000000001
mem[X,0x0000000080002374] -> 0x3423
mem[X,0x0000000080002376] -> 0x12B1
[2274] [M]: 0x0000000080002374 (0x12B13423) sd a1, 296(sp)
mem[0x0000000080008AF0] <- 0x0000000000000001
mem[X,0x0000000080002378] -> 0x0513
mem[X,0x000000008000237A] -> 0x0000
[2275] [M]: 0x0000000080002378 (0x00000513) addi a0, zero, 0
x10 <- 0x0000000000000000
mem[X,0x000000008000237C] -> 0x3593
mem[X,0x000000008000237E] -> 0xAAA5
[2276] [M]: 0x000000008000237C (0xAAA53593) sltiu a1, a0, 2730
x11 <- 0x0000000000000001
mem[X,0x0000000080002380] -> 0x3823
mem[X,0x0000000080002382] -> 0x12B1
[2277] [M]: 0x0000000080002380 (0x12B13823) sd a1, 304(sp)
mem[0x0000000080008AF8] <- 0x0000000000000001
mem[X,0x0000000080002384] -> 0x0513
mem[X,0x0000000080002386] -> 0x0000
[2278] [M]: 0x0000000080002384 (0x00000513) addi a0, zero, 0
x10 <- 0x0000000000000000
mem[X,0x0000000080002388] -> 0x3593
mem[X,0x000000008000238A] -> 0x0055
[2279] [M]: 0x0000000080002388 (0x00553593) sltiu a1, a0, 5
x11 <- 0x0000000000000001
mem[X,0x000000008000238C] -> 0x3C23
mem[X,0x000000008000238E] -> 0x12B1
[2280] [M]: 0x000000008000238C (0x12B13C23) sd a1, 312(sp)
mem[0x0000000080008B00] <- 0x0000000000000001
mem[X,0x0000000080002390] -> 0x0513
mem[X,0x0000000080002392] -> 0x0000
[2281] [M]: 0x0000000080002390 (0x00000513) addi a0, zero, 0
x10 <- 0x0000000000000000
mem[X,0x0000000080002394] -> 0x3593
mem[X,0x0000000080002396] -> 0x3335
[2282] [M]: 0x0000000080002394 (0x33353593) sltiu a1, a0, 819
x11 <- 0x0000000000000001
mem[X,0x0000000080002398] -> 0x3023
mem[X,0x000000008000239A] -> 0x14B1
[2283] [M]: 0x0000000080002398 (0x14B13023) sd a1, 320(sp)
mem[0x0000000080008B08] <- 0x0000000000000001
mem[X,0x000000008000239C] -> 0x0513
mem[X,0x000000008000239E] -> 0x0000
[2284] [M]: 0x000000008000239C (0x00000513) addi a0, zero, 0
x10 <- 0x0000000000000000
mem[X,0x00000000800023A0] -> 0x3593
mem[X,0x00000000800023A2] -> 0x6665
[2285] [M]: 0x00000000800023A0 (0x66653593) sltiu a1, a0, 1638
x11 <- 0x0000000000000001
mem[X,0x00000000800023A4] -> 0x3423
mem[X,0x00000000800023A6] -> 0x14B1
[2286] [M]: 0x00000000800023A4 (0x14B13423) sd a1, 328(sp)
mem[0x0000000080008B10] <- 0x0000000000000001
mem[X,0x00000000800023A8] -> 0x0513
mem[X,0x00000000800023AA] -> 0x0000
[2287] [M]: 0x00000000800023A8 (0x00000513) addi a0, zero, 0
x10 <- 0x0000000000000000
mem[X,0x00000000800023AC] -> 0x3593
mem[X,0x00000000800023AE] -> 0x02D5
[2288] [M]: 0x00000000800023AC (0x02D53593) sltiu a1, a0, 45
x11 <- 0x0000000000000001
mem[X,0x00000000800023B0] -> 0x3823
mem[X,0x00000000800023B2] -> 0x14B1
[2289] [M]: 0x00000000800023B0 (0x14B13823) sd a1, 336(sp)
mem[0x0000000080008B18] <- 0x0000000000000001
mem[X,0x00000000800023B4] -> 0x0513
mem[X,0x00000000800023B6] -> 0x0000
[2290] [M]: 0x00000000800023B4 (0x00000513) addi a0, zero, 0
x10 <- 0x0000000000000000
mem[X,0x00000000800023B8] -> 0x3593
mem[X,0x00000000800023BA] -> 0x0005
[2291] [M]: 0x00000000800023B8 (0x00053593) sltiu a1, a0, 0
x11 <- 0x0000000000000000
mem[X,0x00000000800023BC] -> 0x3C23
mem[X,0x00000000800023BE] -> 0x14B1
[2292] [M]: 0x00000000800023BC (0x14B13C23) sd a1, 344(sp)
mem[0x0000000080008B20] <- 0x0000000000000000
mem[X,0x00000000800023C0] -> 0x0513
mem[X,0x00000000800023C2] -> 0x0000
[2293] [M]: 0x00000000800023C0 (0x00000513) addi a0, zero, 0
x10 <- 0x0000000000000000
mem[X,0x00000000800023C4] -> 0x3593
mem[X,0x00000000800023C6] -> 0x03F5
[2294] [M]: 0x00000000800023C4 (0x03F53593) sltiu a1, a0, 63
x11 <- 0x0000000000000001
mem[X,0x00000000800023C8] -> 0x3023
mem[X,0x00000000800023CA] -> 0x16B1
[2295] [M]: 0x00000000800023C8 (0x16B13023) sd a1, 352(sp)
mem[0x0000000080008B28] <- 0x0000000000000001
mem[X,0x00000000800023CC] -> 0x0513
mem[X,0x00000000800023CE] -> 0x0000
[2296] [M]: 0x00000000800023CC (0x00000513) addi a0, zero, 0
x10 <- 0x0000000000000000
mem[X,0x00000000800023D0] -> 0x3593
mem[X,0x00000000800023D2] -> 0x5545
[2297] [M]: 0x00000000800023D0 (0x55453593) sltiu a1, a0, 1364
x11 <- 0x0000000000000001
mem[X,0x00000000800023D4] -> 0x3423
mem[X,0x00000000800023D6] -> 0x16B1
[2298] [M]: 0x00000000800023D4 (0x16B13423) sd a1, 360(sp)
mem[0x0000000080008B30] <- 0x0000000000000001
mem[X,0x00000000800023D8] -> 0x0513
mem[X,0x00000000800023DA] -> 0x0000
[2299] [M]: 0x00000000800023D8 (0x00000513) addi a0, zero, 0
x10 <- 0x0000000000000000
clint::tick mtime <- 0x0000000000000017
 clint timer pending at mtime 0x0000000000000017
htif::tick 0x0000000000000000
mem[X,0x00000000800023DC] -> 0x3593
mem[X,0x00000000800023DE] -> 0xAA95
[2300] [M]: 0x00000000800023DC (0xAA953593) sltiu a1, a0, 2729
x11 <- 0x0000000000000001
mem[X,0x00000000800023E0] -> 0x3823
mem[X,0x00000000800023E2] -> 0x16B1
[2301] [M]: 0x00000000800023E0 (0x16B13823) sd a1, 368(sp)
mem[0x0000000080008B38] <- 0x0000000000000001
mem[X,0x00000000800023E4] -> 0x0513
mem[X,0x00000000800023E6] -> 0x0000
[2302] [M]: 0x00000000800023E4 (0x00000513) addi a0, zero, 0
x10 <- 0x0000000000000000
mem[X,0x00000000800023E8] -> 0x3593
mem[X,0x00000000800023EA] -> 0x0045
[2303] [M]: 0x00000000800023E8 (0x00453593) sltiu a1, a0, 4
x11 <- 0x0000000000000001
mem[X,0x00000000800023EC] -> 0x3C23
mem[X,0x00000000800023EE] -> 0x16B1
[2304] [M]: 0x00000000800023EC (0x16B13C23) sd a1, 376(sp)
mem[0x0000000080008B40] <- 0x0000000000000001
mem[X,0x00000000800023F0] -> 0x0513
mem[X,0x00000000800023F2] -> 0x0000
[2305] [M]: 0x00000000800023F0 (0x00000513) addi a0, zero, 0
x10 <- 0x0000000000000000
mem[X,0x00000000800023F4] -> 0x3593
mem[X,0x00000000800023F6] -> 0x3325
[2306] [M]: 0x00000000800023F4 (0x33253593) sltiu a1, a0, 818
x11 <- 0x0000000000000001
mem[X,0x00000000800023F8] -> 0x3023
mem[X,0x00000000800023FA] -> 0x18B1
[2307] [M]: 0x00000000800023F8 (0x18B13023) sd a1, 384(sp)
mem[0x0000000080008B48] <- 0x0000000000000001
mem[X,0x00000000800023FC] -> 0x0513
mem[X,0x00000000800023FE] -> 0x0000
[2308] [M]: 0x00000000800023FC (0x00000513) addi a0, zero, 0
x10 <- 0x0000000000000000
mem[X,0x0000000080002400] -> 0x3593
mem[X,0x0000000080002402] -> 0x6655
[2309] [M]: 0x0000000080002400 (0x66553593) sltiu a1, a0, 1637
x11 <- 0x0000000000000001
mem[X,0x0000000080002404] -> 0x3423
mem[X,0x0000000080002406] -> 0x18B1
[2310] [M]: 0x0000000080002404 (0x18B13423) sd a1, 392(sp)
mem[0x0000000080008B50] <- 0x0000000000000001
mem[X,0x0000000080002408] -> 0x0513
mem[X,0x000000008000240A] -> 0x0000
[2311] [M]: 0x0000000080002408 (0x00000513) addi a0, zero, 0
x10 <- 0x0000000000000000
mem[X,0x000000008000240C] -> 0x3593
mem[X,0x000000008000240E] -> 0x02C5
[2312] [M]: 0x000000008000240C (0x02C53593) sltiu a1, a0, 44
x11 <- 0x0000000000000001
mem[X,0x0000000080002410] -> 0x3823
mem[X,0x0000000080002412] -> 0x18B1
[2313] [M]: 0x0000000080002410 (0x18B13823) sd a1, 400(sp)
mem[0x0000000080008B58] <- 0x0000000000000001
mem[X,0x0000000080002414] -> 0x0513
mem[X,0x0000000080002416] -> 0x0000
[2314] [M]: 0x0000000080002414 (0x00000513) addi a0, zero, 0
x10 <- 0x0000000000000000
mem[X,0x0000000080002418] -> 0x3593
mem[X,0x000000008000241A] -> 0x03E5
[2315] [M]: 0x0000000080002418 (0x03E53593) sltiu a1, a0, 62
x11 <- 0x0000000000000001
mem[X,0x000000008000241C] -> 0x3C23
mem[X,0x000000008000241E] -> 0x18B1
[2316] [M]: 0x000000008000241C (0x18B13C23) sd a1, 408(sp)
mem[0x0000000080008B60] <- 0x0000000000000001
mem[X,0x0000000080002420] -> 0x0513
mem[X,0x0000000080002422] -> 0x0000
[2317] [M]: 0x0000000080002420 (0x00000513) addi a0, zero, 0
x10 <- 0x0000000000000000
mem[X,0x0000000080002424] -> 0x3593
mem[X,0x0000000080002426] -> 0x5565
[2318] [M]: 0x0000000080002424 (0x55653593) sltiu a1, a0, 1366
x11 <- 0x0000000000000001
mem[X,0x0000000080002428] -> 0x3023
mem[X,0x000000008000242A] -> 0x1AB1
[2319] [M]: 0x0000000080002428 (0x1AB13023) sd a1, 416(sp)
mem[0x0000000080008B68] <- 0x0000000000000001
mem[X,0x000000008000242C] -> 0x0513
mem[X,0x000000008000242E] -> 0x0000
[2320] [M]: 0x000000008000242C (0x00000513) addi a0, zero, 0
x10 <- 0x0000000000000000
mem[X,0x0000000080002430] -> 0x3593
mem[X,0x0000000080002432] -> 0xAAB5
[2321] [M]: 0x0000000080002430 (0xAAB53593) sltiu a1, a0, 2731
x11 <- 0x0000000000000001
mem[X,0x0000000080002434] -> 0x3423
mem[X,0x0000000080002436] -> 0x1AB1
[2322] [M]: 0x0000000080002434 (0x1AB13423) sd a1, 424(sp)
mem[0x0000000080008B70] <- 0x0000000000000001
mem[X,0x0000000080002438] -> 0x0513
mem[X,0x000000008000243A] -> 0x0000
[2323] [M]: 0x0000000080002438 (0x00000513) addi a0, zero, 0
x10 <- 0x0000000000000000
mem[X,0x000000008000243C] -> 0x3593
mem[X,0x000000008000243E] -> 0x0065
[2324] [M]: 0x000000008000243C (0x00653593) sltiu a1, a0, 6
x11 <- 0x0000000000000001
mem[X,0x0000000080002440] -> 0x3823
mem[X,0x0000000080002442] -> 0x1AB1
[2325] [M]: 0x0000000080002440 (0x1AB13823) sd a1, 432(sp)
mem[0x0000000080008B78] <- 0x0000000000000001
mem[X,0x0000000080002444] -> 0x0513
mem[X,0x0000000080002446] -> 0x0000
[2326] [M]: 0x0000000080002444 (0x00000513) addi a0, zero, 0
x10 <- 0x0000000000000000
mem[X,0x0000000080002448] -> 0x3593
mem[X,0x000000008000244A] -> 0x3345
[2327] [M]: 0x0000000080002448 (0x33453593) sltiu a1, a0, 820
x11 <- 0x0000000000000001
mem[X,0x000000008000244C] -> 0x3C23
mem[X,0x000000008000244E] -> 0x1AB1
[2328] [M]: 0x000000008000244C (0x1AB13C23) sd a1, 440(sp)
mem[0x0000000080008B80] <- 0x0000000000000001
mem[X,0x0000000080002450] -> 0x0513
mem[X,0x0000000080002452] -> 0x0000
[2329] [M]: 0x0000000080002450 (0x00000513) addi a0, zero, 0
x10 <- 0x0000000000000000
mem[X,0x0000000080002454] -> 0x3593
mem[X,0x0000000080002456] -> 0x6675
[2330] [M]: 0x0000000080002454 (0x66753593) sltiu a1, a0, 1639
x11 <- 0x0000000000000001
mem[X,0x0000000080002458] -> 0x3023
mem[X,0x000000008000245A] -> 0x1CB1
[2331] [M]: 0x0000000080002458 (0x1CB13023) sd a1, 448(sp)
mem[0x0000000080008B88] <- 0x0000000000000001
mem[X,0x000000008000245C] -> 0x0513
mem[X,0x000000008000245E] -> 0x0000
[2332] [M]: 0x000000008000245C (0x00000513) addi a0, zero, 0
x10 <- 0x0000000000000000
mem[X,0x0000000080002460] -> 0x3593
mem[X,0x0000000080002462] -> 0x02E5
[2333] [M]: 0x0000000080002460 (0x02E53593) sltiu a1, a0, 46
x11 <- 0x0000000000000001
mem[X,0x0000000080002464] -> 0x3423
mem[X,0x0000000080002466] -> 0x1CB1
[2334] [M]: 0x0000000080002464 (0x1CB13423) sd a1, 456(sp)
mem[0x0000000080008B90] <- 0x0000000000000001
mem[X,0x0000000080002468] -> 0x0513
mem[X,0x000000008000246A] -> 0x0000
[2335] [M]: 0x0000000080002468 (0x00000513) addi a0, zero, 0
x10 <- 0x0000000000000000
mem[X,0x000000008000246C] -> 0x3593
mem[X,0x000000008000246E] -> 0x0405
[2336] [M]: 0x000000008000246C (0x04053593) sltiu a1, a0, 64
x11 <- 0x0000000000000001
mem[X,0x0000000080002470] -> 0x3823
mem[X,0x0000000080002472] -> 0x1CB1
[2337] [M]: 0x0000000080002470 (0x1CB13823) sd a1, 464(sp)
mem[0x0000000080008B98] <- 0x0000000000000001
mem[X,0x0000000080002474] -> 0x0513
mem[X,0x0000000080002476] -> 0x0010
[2338] [M]: 0x0000000080002474 (0x00100513) addi a0, zero, 1
x10 <- 0x0000000000000001
mem[X,0x0000000080002478] -> 0x1513
mem[X,0x000000008000247A] -> 0x0205
[2339] [M]: 0x0000000080002478 (0x02051513) slli a0, a0, 32
x10 <- 0x0000000100000000
mem[X,0x000000008000247C] -> 0x3593
mem[X,0x000000008000247E] -> 0x0035
[2340] [M]: 0x000000008000247C (0x00353593) sltiu a1, a0, 3
x11 <- 0x0000000000000000
mem[X,0x0000000080002480] -> 0x3C23
mem[X,0x0000000080002482] -> 0x1CB1
[2341] [M]: 0x0000000080002480 (0x1CB13C23) sd a1, 472(sp)
mem[0x0000000080008BA0] <- 0x0000000000000000
mem[X,0x0000000080002484] -> 0x0513
mem[X,0x0000000080002486] -> 0x0010
[2342] [M]: 0x0000000080002484 (0x00100513) addi a0, zero, 1
x10 <- 0x0000000000000001
mem[X,0x0000000080002488] -> 0x1513
mem[X,0x000000008000248A] -> 0x0205
[2343] [M]: 0x0000000080002488 (0x02051513) slli a0, a0, 32
x10 <- 0x0000000100000000
mem[X,0x000000008000248C] -> 0x3593
mem[X,0x000000008000248E] -> 0x5555
[2344] [M]: 0x000000008000248C (0x55553593) sltiu a1, a0, 1365
x11 <- 0x0000000000000000
mem[X,0x0000000080002490] -> 0x3023
mem[X,0x0000000080002492] -> 0x1EB1
[2345] [M]: 0x0000000080002490 (0x1EB13023) sd a1, 480(sp)
mem[0x0000000080008BA8] <- 0x0000000000000000
mem[X,0x0000000080002494] -> 0x0513
mem[X,0x0000000080002496] -> 0x0010
[2346] [M]: 0x0000000080002494 (0x00100513) addi a0, zero, 1
x10 <- 0x0000000000000001
mem[X,0x0000000080002498] -> 0x1513
mem[X,0x000000008000249A] -> 0x0205
[2347] [M]: 0x0000000080002498 (0x02051513) slli a0, a0, 32
x10 <- 0x0000000100000000
mem[X,0x000000008000249C] -> 0x3593
mem[X,0x000000008000249E] -> 0xAAA5
[2348] [M]: 0x000000008000249C (0xAAA53593) sltiu a1, a0, 2730
x11 <- 0x0000000000000001
mem[X,0x00000000800024A0] -> 0x3423
mem[X,0x00000000800024A2] -> 0x1EB1
[2349] [M]: 0x00000000800024A0 (0x1EB13423) sd a1, 488(sp)
mem[0x0000000080008BB0] <- 0x0000000000000001
mem[X,0x00000000800024A4] -> 0x0513
mem[X,0x00000000800024A6] -> 0x0010
[2350] [M]: 0x00000000800024A4 (0x00100513) addi a0, zero, 1
x10 <- 0x0000000000000001
mem[X,0x00000000800024A8] -> 0x1513
mem[X,0x00000000800024AA] -> 0x0205
[2351] [M]: 0x00000000800024A8 (0x02051513) slli a0, a0, 32
x10 <- 0x0000000100000000
mem[X,0x00000000800024AC] -> 0x3593
mem[X,0x00000000800024AE] -> 0x0055
[2352] [M]: 0x00000000800024AC (0x00553593) sltiu a1, a0, 5
x11 <- 0x0000000000000000
mem[X,0x00000000800024B0] -> 0x3823
mem[X,0x00000000800024B2] -> 0x1EB1
[2353] [M]: 0x00000000800024B0 (0x1EB13823) sd a1, 496(sp)
mem[0x0000000080008BB8] <- 0x0000000000000000
mem[X,0x00000000800024B4] -> 0x0513
mem[X,0x00000000800024B6] -> 0x0010
[2354] [M]: 0x00000000800024B4 (0x00100513) addi a0, zero, 1
x10 <- 0x0000000000000001
mem[X,0x00000000800024B8] -> 0x1513
mem[X,0x00000000800024BA] -> 0x0205
[2355] [M]: 0x00000000800024B8 (0x02051513) slli a0, a0, 32
x10 <- 0x0000000100000000
mem[X,0x00000000800024BC] -> 0x3593
mem[X,0x00000000800024BE] -> 0x3335
[2356] [M]: 0x00000000800024BC (0x33353593) sltiu a1, a0, 819
x11 <- 0x0000000000000000
mem[X,0x00000000800024C0] -> 0x3C23
mem[X,0x00000000800024C2] -> 0x1EB1
[2357] [M]: 0x00000000800024C0 (0x1EB13C23) sd a1, 504(sp)
mem[0x0000000080008BC0] <- 0x0000000000000000
mem[X,0x00000000800024C4] -> 0x0513
mem[X,0x00000000800024C6] -> 0x0010
[2358] [M]: 0x00000000800024C4 (0x00100513) addi a0, zero, 1
x10 <- 0x0000000000000001
mem[X,0x00000000800024C8] -> 0x1513
mem[X,0x00000000800024CA] -> 0x0205
[2359] [M]: 0x00000000800024C8 (0x02051513) slli a0, a0, 32
x10 <- 0x0000000100000000
mem[X,0x00000000800024CC] -> 0x3593
mem[X,0x00000000800024CE] -> 0x6665
[2360] [M]: 0x00000000800024CC (0x66653593) sltiu a1, a0, 1638
x11 <- 0x0000000000000000
mem[X,0x00000000800024D0] -> 0x3023
mem[X,0x00000000800024D2] -> 0x20B1
[2361] [M]: 0x00000000800024D0 (0x20B13023) sd a1, 512(sp)
mem[0x0000000080008BC8] <- 0x0000000000000000
mem[X,0x00000000800024D4] -> 0x0513
mem[X,0x00000000800024D6] -> 0x0010
[2362] [M]: 0x00000000800024D4 (0x00100513) addi a0, zero, 1
x10 <- 0x0000000000000001
mem[X,0x00000000800024D8] -> 0x1513
mem[X,0x00000000800024DA] -> 0x0205
[2363] [M]: 0x00000000800024D8 (0x02051513) slli a0, a0, 32
x10 <- 0x0000000100000000
mem[X,0x00000000800024DC] -> 0x3593
mem[X,0x00000000800024DE] -> 0x02D5
[2364] [M]: 0x00000000800024DC (0x02D53593) sltiu a1, a0, 45
x11 <- 0x0000000000000000
mem[X,0x00000000800024E0] -> 0x3423
mem[X,0x00000000800024E2] -> 0x20B1
[2365] [M]: 0x00000000800024E0 (0x20B13423) sd a1, 520(sp)
mem[0x0000000080008BD0] <- 0x0000000000000000
mem[X,0x00000000800024E4] -> 0x0513
mem[X,0x00000000800024E6] -> 0x0010
[2366] [M]: 0x00000000800024E4 (0x00100513) addi a0, zero, 1
x10 <- 0x0000000000000001
mem[X,0x00000000800024E8] -> 0x1513
mem[X,0x00000000800024EA] -> 0x0205
[2367] [M]: 0x00000000800024E8 (0x02051513) slli a0, a0, 32
x10 <- 0x0000000100000000
mem[X,0x00000000800024EC] -> 0x3593
mem[X,0x00000000800024EE] -> 0x0005
[2368] [M]: 0x00000000800024EC (0x00053593) sltiu a1, a0, 0
x11 <- 0x0000000000000000
mem[X,0x00000000800024F0] -> 0x3823
mem[X,0x00000000800024F2] -> 0x20B1
[2369] [M]: 0x00000000800024F0 (0x20B13823) sd a1, 528(sp)
mem[0x0000000080008BD8] <- 0x0000000000000000
mem[X,0x00000000800024F4] -> 0x0513
mem[X,0x00000000800024F6] -> 0x0010
[2370] [M]: 0x00000000800024F4 (0x00100513) addi a0, zero, 1
x10 <- 0x0000000000000001
mem[X,0x00000000800024F8] -> 0x1513
mem[X,0x00000000800024FA] -> 0x0205
[2371] [M]: 0x00000000800024F8 (0x02051513) slli a0, a0, 32
x10 <- 0x0000000100000000
mem[X,0x00000000800024FC] -> 0x3593
mem[X,0x00000000800024FE] -> 0x03F5
[2372] [M]: 0x00000000800024FC (0x03F53593) sltiu a1, a0, 63
x11 <- 0x0000000000000000
mem[X,0x0000000080002500] -> 0x3C23
mem[X,0x0000000080002502] -> 0x20B1
[2373] [M]: 0x0000000080002500 (0x20B13C23) sd a1, 536(sp)
mem[0x0000000080008BE0] <- 0x0000000000000000
mem[X,0x0000000080002504] -> 0x0513
mem[X,0x0000000080002506] -> 0x0010
[2374] [M]: 0x0000000080002504 (0x00100513) addi a0, zero, 1
x10 <- 0x0000000000000001
mem[X,0x0000000080002508] -> 0x1513
mem[X,0x000000008000250A] -> 0x0205
[2375] [M]: 0x0000000080002508 (0x02051513) slli a0, a0, 32
x10 <- 0x0000000100000000
mem[X,0x000000008000250C] -> 0x3593
mem[X,0x000000008000250E] -> 0x0025
[2376] [M]: 0x000000008000250C (0x00253593) sltiu a1, a0, 2
x11 <- 0x0000000000000000
mem[X,0x0000000080002510] -> 0x3023
mem[X,0x0000000080002512] -> 0x22B1
[2377] [M]: 0x0000000080002510 (0x22B13023) sd a1, 544(sp)
mem[0x0000000080008BE8] <- 0x0000000000000000
mem[X,0x0000000080002514] -> 0x0513
mem[X,0x0000000080002516] -> 0x0010
[2378] [M]: 0x0000000080002514 (0x00100513) addi a0, zero, 1
x10 <- 0x0000000000000001
mem[X,0x0000000080002518] -> 0x1513
mem[X,0x000000008000251A] -> 0x0205
[2379] [M]: 0x0000000080002518 (0x02051513) slli a0, a0, 32
x10 <- 0x0000000100000000
mem[X,0x000000008000251C] -> 0x3593
mem[X,0x000000008000251E] -> 0x5545
[2380] [M]: 0x000000008000251C (0x55453593) sltiu a1, a0, 1364
x11 <- 0x0000000000000000
mem[X,0x0000000080002520] -> 0x3423
mem[X,0x0000000080002522] -> 0x22B1
[2381] [M]: 0x0000000080002520 (0x22B13423) sd a1, 552(sp)
mem[0x0000000080008BF0] <- 0x0000000000000000
mem[X,0x0000000080002524] -> 0x0513
mem[X,0x0000000080002526] -> 0x0010
[2382] [M]: 0x0000000080002524 (0x00100513) addi a0, zero, 1
x10 <- 0x0000000000000001
mem[X,0x0000000080002528] -> 0x1513
mem[X,0x000000008000252A] -> 0x0205
[2383] [M]: 0x0000000080002528 (0x02051513) slli a0, a0, 32
x10 <- 0x0000000100000000
mem[X,0x000000008000252C] -> 0x3593
mem[X,0x000000008000252E] -> 0xAA95
[2384] [M]: 0x000000008000252C (0xAA953593) sltiu a1, a0, 2729
x11 <- 0x0000000000000001
mem[X,0x0000000080002530] -> 0x3823
mem[X,0x0000000080002532] -> 0x22B1
[2385] [M]: 0x0000000080002530 (0x22B13823) sd a1, 560(sp)
mem[0x0000000080008BF8] <- 0x0000000000000001
mem[X,0x0000000080002534] -> 0x0513
mem[X,0x0000000080002536] -> 0x0010
[2386] [M]: 0x0000000080002534 (0x00100513) addi a0, zero, 1
x10 <- 0x0000000000000001
mem[X,0x0000000080002538] -> 0x1513
mem[X,0x000000008000253A] -> 0x0205
[2387] [M]: 0x0000000080002538 (0x02051513) slli a0, a0, 32
x10 <- 0x0000000100000000
mem[X,0x000000008000253C] -> 0x3593
mem[X,0x000000008000253E] -> 0x0045
[2388] [M]: 0x000000008000253C (0x00453593) sltiu a1, a0, 4
x11 <- 0x0000000000000000
mem[X,0x0000000080002540] -> 0x3C23
mem[X,0x0000000080002542] -> 0x22B1
[2389] [M]: 0x0000000080002540 (0x22B13C23) sd a1, 568(sp)
mem[0x0000000080008C00] <- 0x0000000000000000
mem[X,0x0000000080002544] -> 0x0513
mem[X,0x0000000080002546] -> 0x0010
[2390] [M]: 0x0000000080002544 (0x00100513) addi a0, zero, 1
x10 <- 0x0000000000000001
mem[X,0x0000000080002548] -> 0x1513
mem[X,0x000000008000254A] -> 0x0205
[2391] [M]: 0x0000000080002548 (0x02051513) slli a0, a0, 32
x10 <- 0x0000000100000000
mem[X,0x000000008000254C] -> 0x3593
mem[X,0x000000008000254E] -> 0x3325
[2392] [M]: 0x000000008000254C (0x33253593) sltiu a1, a0, 818
x11 <- 0x0000000000000000
mem[X,0x0000000080002550] -> 0x3023
mem[X,0x0000000080002552] -> 0x24B1
[2393] [M]: 0x0000000080002550 (0x24B13023) sd a1, 576(sp)
mem[0x0000000080008C08] <- 0x0000000000000000
mem[X,0x0000000080002554] -> 0x0513
mem[X,0x0000000080002556] -> 0x0010
[2394] [M]: 0x0000000080002554 (0x00100513) addi a0, zero, 1
x10 <- 0x0000000000000001
mem[X,0x0000000080002558] -> 0x1513
mem[X,0x000000008000255A] -> 0x0205
[2395] [M]: 0x0000000080002558 (0x02051513) slli a0, a0, 32
x10 <- 0x0000000100000000
mem[X,0x000000008000255C] -> 0x3593
mem[X,0x000000008000255E] -> 0x6655
[2396] [M]: 0x000000008000255C (0x66553593) sltiu a1, a0, 1637
x11 <- 0x0000000000000000
mem[X,0x0000000080002560] -> 0x3423
mem[X,0x0000000080002562] -> 0x24B1
[2397] [M]: 0x0000000080002560 (0x24B13423) sd a1, 584(sp)
mem[0x0000000080008C10] <- 0x0000000000000000
mem[X,0x0000000080002564] -> 0x0513
mem[X,0x0000000080002566] -> 0x0010
[2398] [M]: 0x0000000080002564 (0x00100513) addi a0, zero, 1
x10 <- 0x0000000000000001
mem[X,0x0000000080002568] -> 0x1513
mem[X,0x000000008000256A] -> 0x0205
[2399] [M]: 0x0000000080002568 (0x02051513) slli a0, a0, 32
x10 <- 0x0000000100000000
clint::tick mtime <- 0x0000000000000018
 clint timer pending at mtime 0x0000000000000018
htif::tick 0x0000000000000000
mem[X,0x000000008000256C] -> 0x3593
mem[X,0x000000008000256E] -> 0x02C5
[2400] [M]: 0x000000008000256C (0x02C53593) sltiu a1, a0, 44
x11 <- 0x0000000000000000
mem[X,0x0000000080002570] -> 0x3823
mem[X,0x0000000080002572] -> 0x24B1
[2401] [M]: 0x0000000080002570 (0x24B13823) sd a1, 592(sp)
mem[0x0000000080008C18] <- 0x0000000000000000
mem[X,0x0000000080002574] -> 0x0513
mem[X,0x0000000080002576] -> 0x0010
[2402] [M]: 0x0000000080002574 (0x00100513) addi a0, zero, 1
x10 <- 0x0000000000000001
mem[X,0x0000000080002578] -> 0x1513
mem[X,0x000000008000257A] -> 0x0205
[2403] [M]: 0x0000000080002578 (0x02051513) slli a0, a0, 32
x10 <- 0x0000000100000000
mem[X,0x000000008000257C] -> 0x3593
mem[X,0x000000008000257E] -> 0x03E5
[2404] [M]: 0x000000008000257C (0x03E53593) sltiu a1, a0, 62
x11 <- 0x0000000000000000
mem[X,0x0000000080002580] -> 0x3C23
mem[X,0x0000000080002582] -> 0x24B1
[2405] [M]: 0x0000000080002580 (0x24B13C23) sd a1, 600(sp)
mem[0x0000000080008C20] <- 0x0000000000000000
mem[X,0x0000000080002584] -> 0x0513
mem[X,0x0000000080002586] -> 0x0010
[2406] [M]: 0x0000000080002584 (0x00100513) addi a0, zero, 1
x10 <- 0x0000000000000001
mem[X,0x0000000080002588] -> 0x1513
mem[X,0x000000008000258A] -> 0x0205
[2407] [M]: 0x0000000080002588 (0x02051513) slli a0, a0, 32
x10 <- 0x0000000100000000
mem[X,0x000000008000258C] -> 0x3593
mem[X,0x000000008000258E] -> 0x5565
[2408] [M]: 0x000000008000258C (0x55653593) sltiu a1, a0, 1366
x11 <- 0x0000000000000000
mem[X,0x0000000080002590] -> 0x3023
mem[X,0x0000000080002592] -> 0x26B1
[2409] [M]: 0x0000000080002590 (0x26B13023) sd a1, 608(sp)
mem[0x0000000080008C28] <- 0x0000000000000000
mem[X,0x0000000080002594] -> 0x0513
mem[X,0x0000000080002596] -> 0x0010
[2410] [M]: 0x0000000080002594 (0x00100513) addi a0, zero, 1
x10 <- 0x0000000000000001
mem[X,0x0000000080002598] -> 0x1513
mem[X,0x000000008000259A] -> 0x0205
[2411] [M]: 0x0000000080002598 (0x02051513) slli a0, a0, 32
x10 <- 0x0000000100000000
mem[X,0x000000008000259C] -> 0x3593
mem[X,0x000000008000259E] -> 0xAAB5
[2412] [M]: 0x000000008000259C (0xAAB53593) sltiu a1, a0, 2731
x11 <- 0x0000000000000001
mem[X,0x00000000800025A0] -> 0x3423
mem[X,0x00000000800025A2] -> 0x26B1
[2413] [M]: 0x00000000800025A0 (0x26B13423) sd a1, 616(sp)
mem[0x0000000080008C30] <- 0x0000000000000001
mem[X,0x00000000800025A4] -> 0x0513
mem[X,0x00000000800025A6] -> 0x0010
[2414] [M]: 0x00000000800025A4 (0x00100513) addi a0, zero, 1
x10 <- 0x0000000000000001
mem[X,0x00000000800025A8] -> 0x1513
mem[X,0x00000000800025AA] -> 0x0205
[2415] [M]: 0x00000000800025A8 (0x02051513) slli a0, a0, 32
x10 <- 0x0000000100000000
mem[X,0x00000000800025AC] -> 0x3593
mem[X,0x00000000800025AE] -> 0x0065
[2416] [M]: 0x00000000800025AC (0x00653593) sltiu a1, a0, 6
x11 <- 0x0000000000000000
mem[X,0x00000000800025B0] -> 0x3823
mem[X,0x00000000800025B2] -> 0x26B1
[2417] [M]: 0x00000000800025B0 (0x26B13823) sd a1, 624(sp)
mem[0x0000000080008C38] <- 0x0000000000000000
mem[X,0x00000000800025B4] -> 0x0513
mem[X,0x00000000800025B6] -> 0x0010
[2418] [M]: 0x00000000800025B4 (0x00100513) addi a0, zero, 1
x10 <- 0x0000000000000001
mem[X,0x00000000800025B8] -> 0x1513
mem[X,0x00000000800025BA] -> 0x0205
[2419] [M]: 0x00000000800025B8 (0x02051513) slli a0, a0, 32
x10 <- 0x0000000100000000
mem[X,0x00000000800025BC] -> 0x3593
mem[X,0x00000000800025BE] -> 0x3345
[2420] [M]: 0x00000000800025BC (0x33453593) sltiu a1, a0, 820
x11 <- 0x0000000000000000
mem[X,0x00000000800025C0] -> 0x3C23
mem[X,0x00000000800025C2] -> 0x26B1
[2421] [M]: 0x00000000800025C0 (0x26B13C23) sd a1, 632(sp)
mem[0x0000000080008C40] <- 0x0000000000000000
mem[X,0x00000000800025C4] -> 0x0513
mem[X,0x00000000800025C6] -> 0x0010
[2422] [M]: 0x00000000800025C4 (0x00100513) addi a0, zero, 1
x10 <- 0x0000000000000001
mem[X,0x00000000800025C8] -> 0x1513
mem[X,0x00000000800025CA] -> 0x0205
[2423] [M]: 0x00000000800025C8 (0x02051513) slli a0, a0, 32
x10 <- 0x0000000100000000
mem[X,0x00000000800025CC] -> 0x3593
mem[X,0x00000000800025CE] -> 0x6675
[2424] [M]: 0x00000000800025CC (0x66753593) sltiu a1, a0, 1639
x11 <- 0x0000000000000000
mem[X,0x00000000800025D0] -> 0x3023
mem[X,0x00000000800025D2] -> 0x28B1
[2425] [M]: 0x00000000800025D0 (0x28B13023) sd a1, 640(sp)
mem[0x0000000080008C48] <- 0x0000000000000000
mem[X,0x00000000800025D4] -> 0x0513
mem[X,0x00000000800025D6] -> 0x0010
[2426] [M]: 0x00000000800025D4 (0x00100513) addi a0, zero, 1
x10 <- 0x0000000000000001
mem[X,0x00000000800025D8] -> 0x1513
mem[X,0x00000000800025DA] -> 0x0205
[2427] [M]: 0x00000000800025D8 (0x02051513) slli a0, a0, 32
x10 <- 0x0000000100000000
mem[X,0x00000000800025DC] -> 0x3593
mem[X,0x00000000800025DE] -> 0x02E5
[2428] [M]: 0x00000000800025DC (0x02E53593) sltiu a1, a0, 46
x11 <- 0x0000000000000000
mem[X,0x00000000800025E0] -> 0x3423
mem[X,0x00000000800025E2] -> 0x28B1
[2429] [M]: 0x00000000800025E0 (0x28B13423) sd a1, 648(sp)
mem[0x0000000080008C50] <- 0x0000000000000000
mem[X,0x00000000800025E4] -> 0x0513
mem[X,0x00000000800025E6] -> 0x0010
[2430] [M]: 0x00000000800025E4 (0x00100513) addi a0, zero, 1
x10 <- 0x0000000000000001
mem[X,0x00000000800025E8] -> 0x1513
mem[X,0x00000000800025EA] -> 0x0205
[2431] [M]: 0x00000000800025E8 (0x02051513) slli a0, a0, 32
x10 <- 0x0000000100000000
mem[X,0x00000000800025EC] -> 0x3593
mem[X,0x00000000800025EE] -> 0x0015
[2432] [M]: 0x00000000800025EC (0x00153593) sltiu a1, a0, 1
x11 <- 0x0000000000000000
mem[X,0x00000000800025F0] -> 0x3823
mem[X,0x00000000800025F2] -> 0x28B1
[2433] [M]: 0x00000000800025F0 (0x28B13823) sd a1, 656(sp)
mem[0x0000000080008C58] <- 0x0000000000000000
mem[X,0x00000000800025F4] -> 0x0513
mem[X,0x00000000800025F6] -> 0x0020
[2434] [M]: 0x00000000800025F4 (0x00200513) addi a0, zero, 2
x10 <- 0x0000000000000002
mem[X,0x00000000800025F8] -> 0x3593
mem[X,0x00000000800025FA] -> 0x0035
[2435] [M]: 0x00000000800025F8 (0x00353593) sltiu a1, a0, 3
x11 <- 0x0000000000000001
mem[X,0x00000000800025FC] -> 0x3C23
mem[X,0x00000000800025FE] -> 0x28B1
[2436] [M]: 0x00000000800025FC (0x28B13C23) sd a1, 664(sp)
mem[0x0000000080008C60] <- 0x0000000000000001
mem[X,0x0000000080002600] -> 0x0513
mem[X,0x0000000080002602] -> 0x0020
[2437] [M]: 0x0000000080002600 (0x00200513) addi a0, zero, 2
x10 <- 0x0000000000000002
mem[X,0x0000000080002604] -> 0x3593
mem[X,0x0000000080002606] -> 0x5555
[2438] [M]: 0x0000000080002604 (0x55553593) sltiu a1, a0, 1365
x11 <- 0x0000000000000001
mem[X,0x0000000080002608] -> 0x3023
mem[X,0x000000008000260A] -> 0x2AB1
[2439] [M]: 0x0000000080002608 (0x2AB13023) sd a1, 672(sp)
mem[0x0000000080008C68] <- 0x0000000000000001
mem[X,0x000000008000260C] -> 0x0513
mem[X,0x000000008000260E] -> 0x0020
[2440] [M]: 0x000000008000260C (0x00200513) addi a0, zero, 2
x10 <- 0x0000000000000002
mem[X,0x0000000080002610] -> 0x3593
mem[X,0x0000000080002612] -> 0xAAA5
[2441] [M]: 0x0000000080002610 (0xAAA53593) sltiu a1, a0, 2730
x11 <- 0x0000000000000001
mem[X,0x0000000080002614] -> 0x3423
mem[X,0x0000000080002616] -> 0x2AB1
[2442] [M]: 0x0000000080002614 (0x2AB13423) sd a1, 680(sp)
mem[0x0000000080008C70] <- 0x0000000000000001
mem[X,0x0000000080002618] -> 0x0513
mem[X,0x000000008000261A] -> 0x0020
[2443] [M]: 0x0000000080002618 (0x00200513) addi a0, zero, 2
x10 <- 0x0000000000000002
mem[X,0x000000008000261C] -> 0x3593
mem[X,0x000000008000261E] -> 0x0055
[2444] [M]: 0x000000008000261C (0x00553593) sltiu a1, a0, 5
x11 <- 0x0000000000000001
mem[X,0x0000000080002620] -> 0x3823
mem[X,0x0000000080002622] -> 0x2AB1
[2445] [M]: 0x0000000080002620 (0x2AB13823) sd a1, 688(sp)
mem[0x0000000080008C78] <- 0x0000000000000001
mem[X,0x0000000080002624] -> 0x0513
mem[X,0x0000000080002626] -> 0x0020
[2446] [M]: 0x0000000080002624 (0x00200513) addi a0, zero, 2
x10 <- 0x0000000000000002
mem[X,0x0000000080002628] -> 0x3593
mem[X,0x000000008000262A] -> 0x3335
[2447] [M]: 0x0000000080002628 (0x33353593) sltiu a1, a0, 819
x11 <- 0x0000000000000001
mem[X,0x000000008000262C] -> 0x3C23
mem[X,0x000000008000262E] -> 0x2AB1
[2448] [M]: 0x000000008000262C (0x2AB13C23) sd a1, 696(sp)
mem[0x0000000080008C80] <- 0x0000000000000001
mem[X,0x0000000080002630] -> 0x0513
mem[X,0x0000000080002632] -> 0x0020
[2449] [M]: 0x0000000080002630 (0x00200513) addi a0, zero, 2
x10 <- 0x0000000000000002
mem[X,0x0000000080002634] -> 0x3593
mem[X,0x0000000080002636] -> 0x6665
[2450] [M]: 0x0000000080002634 (0x66653593) sltiu a1, a0, 1638
x11 <- 0x0000000000000001
mem[X,0x0000000080002638] -> 0x3023
mem[X,0x000000008000263A] -> 0x2CB1
[2451] [M]: 0x0000000080002638 (0x2CB13023) sd a1, 704(sp)
mem[0x0000000080008C88] <- 0x0000000000000001
mem[X,0x000000008000263C] -> 0x0513
mem[X,0x000000008000263E] -> 0x0020
[2452] [M]: 0x000000008000263C (0x00200513) addi a0, zero, 2
x10 <- 0x0000000000000002
mem[X,0x0000000080002640] -> 0x3593
mem[X,0x0000000080002642] -> 0x02D5
[2453] [M]: 0x0000000080002640 (0x02D53593) sltiu a1, a0, 45
x11 <- 0x0000000000000001
mem[X,0x0000000080002644] -> 0x3423
mem[X,0x0000000080002646] -> 0x2CB1
[2454] [M]: 0x0000000080002644 (0x2CB13423) sd a1, 712(sp)
mem[0x0000000080008C90] <- 0x0000000000000001
mem[X,0x0000000080002648] -> 0x0513
mem[X,0x000000008000264A] -> 0x0020
[2455] [M]: 0x0000000080002648 (0x00200513) addi a0, zero, 2
x10 <- 0x0000000000000002
mem[X,0x000000008000264C] -> 0x3593
mem[X,0x000000008000264E] -> 0x0005
[2456] [M]: 0x000000008000264C (0x00053593) sltiu a1, a0, 0
x11 <- 0x0000000000000000
mem[X,0x0000000080002650] -> 0x3823
mem[X,0x0000000080002652] -> 0x2CB1
[2457] [M]: 0x0000000080002650 (0x2CB13823) sd a1, 720(sp)
mem[0x0000000080008C98] <- 0x0000000000000000
mem[X,0x0000000080002654] -> 0x0513
mem[X,0x0000000080002656] -> 0x0020
[2458] [M]: 0x0000000080002654 (0x00200513) addi a0, zero, 2
x10 <- 0x0000000000000002
mem[X,0x0000000080002658] -> 0x3593
mem[X,0x000000008000265A] -> 0x03F5
[2459] [M]: 0x0000000080002658 (0x03F53593) sltiu a1, a0, 63
x11 <- 0x0000000000000001
mem[X,0x000000008000265C] -> 0x3C23
mem[X,0x000000008000265E] -> 0x2CB1
[2460] [M]: 0x000000008000265C (0x2CB13C23) sd a1, 728(sp)
mem[0x0000000080008CA0] <- 0x0000000000000001
mem[X,0x0000000080002660] -> 0x0513
mem[X,0x0000000080002662] -> 0x0020
[2461] [M]: 0x0000000080002660 (0x00200513) addi a0, zero, 2
x10 <- 0x0000000000000002
mem[X,0x0000000080002664] -> 0x3593
mem[X,0x0000000080002666] -> 0x0025
[2462] [M]: 0x0000000080002664 (0x00253593) sltiu a1, a0, 2
x11 <- 0x0000000000000000
mem[X,0x0000000080002668] -> 0x3023
mem[X,0x000000008000266A] -> 0x2EB1
[2463] [M]: 0x0000000080002668 (0x2EB13023) sd a1, 736(sp)
mem[0x0000000080008CA8] <- 0x0000000000000000
mem[X,0x000000008000266C] -> 0x0513
mem[X,0x000000008000266E] -> 0x0020
[2464] [M]: 0x000000008000266C (0x00200513) addi a0, zero, 2
x10 <- 0x0000000000000002
mem[X,0x0000000080002670] -> 0x3593
mem[X,0x0000000080002672] -> 0x5545
[2465] [M]: 0x0000000080002670 (0x55453593) sltiu a1, a0, 1364
x11 <- 0x0000000000000001
mem[X,0x0000000080002674] -> 0x3423
mem[X,0x0000000080002676] -> 0x2EB1
[2466] [M]: 0x0000000080002674 (0x2EB13423) sd a1, 744(sp)
mem[0x0000000080008CB0] <- 0x0000000000000001
mem[X,0x0000000080002678] -> 0x0513
mem[X,0x000000008000267A] -> 0x0020
[2467] [M]: 0x0000000080002678 (0x00200513) addi a0, zero, 2
x10 <- 0x0000000000000002
mem[X,0x000000008000267C] -> 0x3593
mem[X,0x000000008000267E] -> 0xAA95
[2468] [M]: 0x000000008000267C (0xAA953593) sltiu a1, a0, 2729
x11 <- 0x0000000000000001
mem[X,0x0000000080002680] -> 0x3823
mem[X,0x0000000080002682] -> 0x2EB1
[2469] [M]: 0x0000000080002680 (0x2EB13823) sd a1, 752(sp)
mem[0x0000000080008CB8] <- 0x0000000000000001
mem[X,0x0000000080002684] -> 0x0513
mem[X,0x0000000080002686] -> 0x0020
[2470] [M]: 0x0000000080002684 (0x00200513) addi a0, zero, 2
x10 <- 0x0000000000000002
mem[X,0x0000000080002688] -> 0x3593
mem[X,0x000000008000268A] -> 0x0045
[2471] [M]: 0x0000000080002688 (0x00453593) sltiu a1, a0, 4
x11 <- 0x0000000000000001
mem[X,0x000000008000268C] -> 0x3C23
mem[X,0x000000008000268E] -> 0x2EB1
[2472] [M]: 0x000000008000268C (0x2EB13C23) sd a1, 760(sp)
mem[0x0000000080008CC0] <- 0x0000000000000001
mem[X,0x0000000080002690] -> 0x0513
mem[X,0x0000000080002692] -> 0x0020
[2473] [M]: 0x0000000080002690 (0x00200513) addi a0, zero, 2
x10 <- 0x0000000000000002
mem[X,0x0000000080002694] -> 0x3593
mem[X,0x0000000080002696] -> 0x3325
[2474] [M]: 0x0000000080002694 (0x33253593) sltiu a1, a0, 818
x11 <- 0x0000000000000001
mem[X,0x0000000080002698] -> 0x3023
mem[X,0x000000008000269A] -> 0x30B1
[2475] [M]: 0x0000000080002698 (0x30B13023) sd a1, 768(sp)
mem[0x0000000080008CC8] <- 0x0000000000000001
mem[X,0x000000008000269C] -> 0x0513
mem[X,0x000000008000269E] -> 0x0020
[2476] [M]: 0x000000008000269C (0x00200513) addi a0, zero, 2
x10 <- 0x0000000000000002
mem[X,0x00000000800026A0] -> 0x3593
mem[X,0x00000000800026A2] -> 0x6655
[2477] [M]: 0x00000000800026A0 (0x66553593) sltiu a1, a0, 1637
x11 <- 0x0000000000000001
mem[X,0x00000000800026A4] -> 0x3423
mem[X,0x00000000800026A6] -> 0x30B1
[2478] [M]: 0x00000000800026A4 (0x30B13423) sd a1, 776(sp)
mem[0x0000000080008CD0] <- 0x0000000000000001
mem[X,0x00000000800026A8] -> 0x0513
mem[X,0x00000000800026AA] -> 0x0020
[2479] [M]: 0x00000000800026A8 (0x00200513) addi a0, zero, 2
x10 <- 0x0000000000000002
mem[X,0x00000000800026AC] -> 0x3593
mem[X,0x00000000800026AE] -> 0x02C5
[2480] [M]: 0x00000000800026AC (0x02C53593) sltiu a1, a0, 44
x11 <- 0x0000000000000001
mem[X,0x00000000800026B0] -> 0x3823
mem[X,0x00000000800026B2] -> 0x30B1
[2481] [M]: 0x00000000800026B0 (0x30B13823) sd a1, 784(sp)
mem[0x0000000080008CD8] <- 0x0000000000000001
mem[X,0x00000000800026B4] -> 0x0513
mem[X,0x00000000800026B6] -> 0x0020
[2482] [M]: 0x00000000800026B4 (0x00200513) addi a0, zero, 2
x10 <- 0x0000000000000002
mem[X,0x00000000800026B8] -> 0x3593
mem[X,0x00000000800026BA] -> 0x5565
[2483] [M]: 0x00000000800026B8 (0x55653593) sltiu a1, a0, 1366
x11 <- 0x0000000000000001
mem[X,0x00000000800026BC] -> 0x3C23
mem[X,0x00000000800026BE] -> 0x30B1
[2484] [M]: 0x00000000800026BC (0x30B13C23) sd a1, 792(sp)
mem[0x0000000080008CE0] <- 0x0000000000000001
mem[X,0x00000000800026C0] -> 0x0513
mem[X,0x00000000800026C2] -> 0x0020
[2485] [M]: 0x00000000800026C0 (0x00200513) addi a0, zero, 2
x10 <- 0x0000000000000002
mem[X,0x00000000800026C4] -> 0x3593
mem[X,0x00000000800026C6] -> 0xAAB5
[2486] [M]: 0x00000000800026C4 (0xAAB53593) sltiu a1, a0, 2731
x11 <- 0x0000000000000001
mem[X,0x00000000800026C8] -> 0x3023
mem[X,0x00000000800026CA] -> 0x32B1
[2487] [M]: 0x00000000800026C8 (0x32B13023) sd a1, 800(sp)
mem[0x0000000080008CE8] <- 0x0000000000000001
mem[X,0x00000000800026CC] -> 0x0513
mem[X,0x00000000800026CE] -> 0x0020
[2488] [M]: 0x00000000800026CC (0x00200513) addi a0, zero, 2
x10 <- 0x0000000000000002
mem[X,0x00000000800026D0] -> 0x3593
mem[X,0x00000000800026D2] -> 0x0065
[2489] [M]: 0x00000000800026D0 (0x00653593) sltiu a1, a0, 6
x11 <- 0x0000000000000001
mem[X,0x00000000800026D4] -> 0x3423
mem[X,0x00000000800026D6] -> 0x32B1
[2490] [M]: 0x00000000800026D4 (0x32B13423) sd a1, 808(sp)
mem[0x0000000080008CF0] <- 0x0000000000000001
mem[X,0x00000000800026D8] -> 0x0513
mem[X,0x00000000800026DA] -> 0x0020
[2491] [M]: 0x00000000800026D8 (0x00200513) addi a0, zero, 2
x10 <- 0x0000000000000002
mem[X,0x00000000800026DC] -> 0x3593
mem[X,0x00000000800026DE] -> 0x3345
[2492] [M]: 0x00000000800026DC (0x33453593) sltiu a1, a0, 820
x11 <- 0x0000000000000001
mem[X,0x00000000800026E0] -> 0x3823
mem[X,0x00000000800026E2] -> 0x32B1
[2493] [M]: 0x00000000800026E0 (0x32B13823) sd a1, 816(sp)
mem[0x0000000080008CF8] <- 0x0000000000000001
mem[X,0x00000000800026E4] -> 0x0513
mem[X,0x00000000800026E6] -> 0x0020
[2494] [M]: 0x00000000800026E4 (0x00200513) addi a0, zero, 2
x10 <- 0x0000000000000002
mem[X,0x00000000800026E8] -> 0x3593
mem[X,0x00000000800026EA] -> 0x6675
[2495] [M]: 0x00000000800026E8 (0x66753593) sltiu a1, a0, 1639
x11 <- 0x0000000000000001
mem[X,0x00000000800026EC] -> 0x3C23
mem[X,0x00000000800026EE] -> 0x32B1
[2496] [M]: 0x00000000800026EC (0x32B13C23) sd a1, 824(sp)
mem[0x0000000080008D00] <- 0x0000000000000001
mem[X,0x00000000800026F0] -> 0x0513
mem[X,0x00000000800026F2] -> 0x0020
[2497] [M]: 0x00000000800026F0 (0x00200513) addi a0, zero, 2
x10 <- 0x0000000000000002
mem[X,0x00000000800026F4] -> 0x3593
mem[X,0x00000000800026F6] -> 0x02E5
[2498] [M]: 0x00000000800026F4 (0x02E53593) sltiu a1, a0, 46
x11 <- 0x0000000000000001
mem[X,0x00000000800026F8] -> 0x3023
mem[X,0x00000000800026FA] -> 0x34B1
[2499] [M]: 0x00000000800026F8 (0x34B13023) sd a1, 832(sp)
mem[0x0000000080008D08] <- 0x0000000000000001
clint::tick mtime <- 0x0000000000000019
 clint timer pending at mtime 0x0000000000000019
htif::tick 0x0000000000000000
mem[X,0x00000000800026FC] -> 0x0513
mem[X,0x00000000800026FE] -> 0x0020
[2500] [M]: 0x00000000800026FC (0x00200513) addi a0, zero, 2
x10 <- 0x0000000000000002
mem[X,0x0000000080002700] -> 0x3593
mem[X,0x0000000080002702] -> 0x0015
[2501] [M]: 0x0000000080002700 (0x00153593) sltiu a1, a0, 1
x11 <- 0x0000000000000000
mem[X,0x0000000080002704] -> 0x3423
mem[X,0x0000000080002706] -> 0x34B1
[2502] [M]: 0x0000000080002704 (0x34B13423) sd a1, 840(sp)
mem[0x0000000080008D10] <- 0x0000000000000000
mem[X,0x0000000080002708] -> 0x0513
mem[X,0x000000008000270A] -> 0x0020
[2503] [M]: 0x0000000080002708 (0x00200513) addi a0, zero, 2
x10 <- 0x0000000000000002
mem[X,0x000000008000270C] -> 0x3593
mem[X,0x000000008000270E] -> 0x0405
[2504] [M]: 0x000000008000270C (0x04053593) sltiu a1, a0, 64
x11 <- 0x0000000000000001
mem[X,0x0000000080002710] -> 0x3823
mem[X,0x0000000080002712] -> 0x34B1
[2505] [M]: 0x0000000080002710 (0x34B13823) sd a1, 848(sp)
mem[0x0000000080008D18] <- 0x0000000000000001
mem[X,0x0000000080002714] -> 0x5537
mem[X,0x0000000080002716] -> 0x5555
[2506] [M]: 0x0000000080002714 (0x55555537) lui a0, 349525
x10 <- 0x0000000055555000
mem[X,0x0000000080002718] -> 0x0513
mem[X,0x000000008000271A] -> 0x5555
[2507] [M]: 0x0000000080002718 (0x55550513) addi a0, a0, 1365
x10 <- 0x0000000055555555
mem[X,0x000000008000271C] -> 0x1513
mem[X,0x000000008000271E] -> 0x00B5
[2508] [M]: 0x000000008000271C (0x00B51513) slli a0, a0, 11
x10 <- 0x000002AAAAAAA800
mem[X,0x0000000080002720] -> 0x0513
mem[X,0x0000000080002722] -> 0x2AA5
[2509] [M]: 0x0000000080002720 (0x2AA50513) addi a0, a0, 682
x10 <- 0x000002AAAAAAAAAA
mem[X,0x0000000080002724] -> 0x1513
mem[X,0x0000000080002726] -> 0x00B5
[2510] [M]: 0x0000000080002724 (0x00B51513) slli a0, a0, 11
x10 <- 0x0015555555555000
mem[X,0x0000000080002728] -> 0x0513
mem[X,0x000000008000272A] -> 0x5555
[2511] [M]: 0x0000000080002728 (0x55550513) addi a0, a0, 1365
x10 <- 0x0015555555555555
mem[X,0x000000008000272C] -> 0x1513
mem[X,0x000000008000272E] -> 0x00A5
[2512] [M]: 0x000000008000272C (0x00A51513) slli a0, a0, 10
x10 <- 0x5555555555555400
mem[X,0x0000000080002730] -> 0x0513
mem[X,0x0000000080002732] -> 0x1545
[2513] [M]: 0x0000000080002730 (0x15450513) addi a0, a0, 340
x10 <- 0x5555555555555554
mem[X,0x0000000080002734] -> 0x3593
mem[X,0x0000000080002736] -> 0x0035
[2514] [M]: 0x0000000080002734 (0x00353593) sltiu a1, a0, 3
x11 <- 0x0000000000000000
mem[X,0x0000000080002738] -> 0x3C23
mem[X,0x000000008000273A] -> 0x34B1
[2515] [M]: 0x0000000080002738 (0x34B13C23) sd a1, 856(sp)
mem[0x0000000080008D20] <- 0x0000000000000000
mem[X,0x000000008000273C] -> 0x5537
mem[X,0x000000008000273E] -> 0x5555
[2516] [M]: 0x000000008000273C (0x55555537) lui a0, 349525
x10 <- 0x0000000055555000
mem[X,0x0000000080002740] -> 0x0513
mem[X,0x0000000080002742] -> 0x5555
[2517] [M]: 0x0000000080002740 (0x55550513) addi a0, a0, 1365
x10 <- 0x0000000055555555
mem[X,0x0000000080002744] -> 0x1513
mem[X,0x0000000080002746] -> 0x00B5
[2518] [M]: 0x0000000080002744 (0x00B51513) slli a0, a0, 11
x10 <- 0x000002AAAAAAA800
mem[X,0x0000000080002748] -> 0x0513
mem[X,0x000000008000274A] -> 0x2AA5
[2519] [M]: 0x0000000080002748 (0x2AA50513) addi a0, a0, 682
x10 <- 0x000002AAAAAAAAAA
mem[X,0x000000008000274C] -> 0x1513
mem[X,0x000000008000274E] -> 0x00B5
[2520] [M]: 0x000000008000274C (0x00B51513) slli a0, a0, 11
x10 <- 0x0015555555555000
mem[X,0x0000000080002750] -> 0x0513
mem[X,0x0000000080002752] -> 0x5555
[2521] [M]: 0x0000000080002750 (0x55550513) addi a0, a0, 1365
x10 <- 0x0015555555555555
mem[X,0x0000000080002754] -> 0x1513
mem[X,0x0000000080002756] -> 0x00A5
[2522] [M]: 0x0000000080002754 (0x00A51513) slli a0, a0, 10
x10 <- 0x5555555555555400
mem[X,0x0000000080002758] -> 0x0513
mem[X,0x000000008000275A] -> 0x1545
[2523] [M]: 0x0000000080002758 (0x15450513) addi a0, a0, 340
x10 <- 0x5555555555555554
mem[X,0x000000008000275C] -> 0x3593
mem[X,0x000000008000275E] -> 0x5555
[2524] [M]: 0x000000008000275C (0x55553593) sltiu a1, a0, 1365
x11 <- 0x0000000000000000
mem[X,0x0000000080002760] -> 0x3023
mem[X,0x0000000080002762] -> 0x36B1
[2525] [M]: 0x0000000080002760 (0x36B13023) sd a1, 864(sp)
mem[0x0000000080008D28] <- 0x0000000000000000
mem[X,0x0000000080002764] -> 0x5537
mem[X,0x0000000080002766] -> 0x5555
[2526] [M]: 0x0000000080002764 (0x55555537) lui a0, 349525
x10 <- 0x0000000055555000
mem[X,0x0000000080002768] -> 0x0513
mem[X,0x000000008000276A] -> 0x5555
[2527] [M]: 0x0000000080002768 (0x55550513) addi a0, a0, 1365
x10 <- 0x0000000055555555
mem[X,0x000000008000276C] -> 0x1513
mem[X,0x000000008000276E] -> 0x00B5
[2528] [M]: 0x000000008000276C (0x00B51513) slli a0, a0, 11
x10 <- 0x000002AAAAAAA800
mem[X,0x0000000080002770] -> 0x0513
mem[X,0x0000000080002772] -> 0x2AA5
[2529] [M]: 0x0000000080002770 (0x2AA50513) addi a0, a0, 682
x10 <- 0x000002AAAAAAAAAA
mem[X,0x0000000080002774] -> 0x1513
mem[X,0x0000000080002776] -> 0x00B5
[2530] [M]: 0x0000000080002774 (0x00B51513) slli a0, a0, 11
x10 <- 0x0015555555555000
mem[X,0x0000000080002778] -> 0x0513
mem[X,0x000000008000277A] -> 0x5555
[2531] [M]: 0x0000000080002778 (0x55550513) addi a0, a0, 1365
x10 <- 0x0015555555555555
mem[X,0x000000008000277C] -> 0x1513
mem[X,0x000000008000277E] -> 0x00A5
[2532] [M]: 0x000000008000277C (0x00A51513) slli a0, a0, 10
x10 <- 0x5555555555555400
mem[X,0x0000000080002780] -> 0x0513
mem[X,0x0000000080002782] -> 0x1545
[2533] [M]: 0x0000000080002780 (0x15450513) addi a0, a0, 340
x10 <- 0x5555555555555554
mem[X,0x0000000080002784] -> 0x3593
mem[X,0x0000000080002786] -> 0xAAA5
[2534] [M]: 0x0000000080002784 (0xAAA53593) sltiu a1, a0, 2730
x11 <- 0x0000000000000001
mem[X,0x0000000080002788] -> 0x3423
mem[X,0x000000008000278A] -> 0x36B1
[2535] [M]: 0x0000000080002788 (0x36B13423) sd a1, 872(sp)
mem[0x0000000080008D30] <- 0x0000000000000001
mem[X,0x000000008000278C] -> 0x5537
mem[X,0x000000008000278E] -> 0x5555
[2536] [M]: 0x000000008000278C (0x55555537) lui a0, 349525
x10 <- 0x0000000055555000
mem[X,0x0000000080002790] -> 0x0513
mem[X,0x0000000080002792] -> 0x5555
[2537] [M]: 0x0000000080002790 (0x55550513) addi a0, a0, 1365
x10 <- 0x0000000055555555
mem[X,0x0000000080002794] -> 0x1513
mem[X,0x0000000080002796] -> 0x00B5
[2538] [M]: 0x0000000080002794 (0x00B51513) slli a0, a0, 11
x10 <- 0x000002AAAAAAA800
mem[X,0x0000000080002798] -> 0x0513
mem[X,0x000000008000279A] -> 0x2AA5
[2539] [M]: 0x0000000080002798 (0x2AA50513) addi a0, a0, 682
x10 <- 0x000002AAAAAAAAAA
mem[X,0x000000008000279C] -> 0x1513
mem[X,0x000000008000279E] -> 0x00B5
[2540] [M]: 0x000000008000279C (0x00B51513) slli a0, a0, 11
x10 <- 0x0015555555555000
mem[X,0x00000000800027A0] -> 0x0513
mem[X,0x00000000800027A2] -> 0x5555
[2541] [M]: 0x00000000800027A0 (0x55550513) addi a0, a0, 1365
x10 <- 0x0015555555555555
mem[X,0x00000000800027A4] -> 0x1513
mem[X,0x00000000800027A6] -> 0x00A5
[2542] [M]: 0x00000000800027A4 (0x00A51513) slli a0, a0, 10
x10 <- 0x5555555555555400
mem[X,0x00000000800027A8] -> 0x0513
mem[X,0x00000000800027AA] -> 0x1545
[2543] [M]: 0x00000000800027A8 (0x15450513) addi a0, a0, 340
x10 <- 0x5555555555555554
mem[X,0x00000000800027AC] -> 0x3593
mem[X,0x00000000800027AE] -> 0x0055
[2544] [M]: 0x00000000800027AC (0x00553593) sltiu a1, a0, 5
x11 <- 0x0000000000000000
mem[X,0x00000000800027B0] -> 0x3823
mem[X,0x00000000800027B2] -> 0x36B1
[2545] [M]: 0x00000000800027B0 (0x36B13823) sd a1, 880(sp)
mem[0x0000000080008D38] <- 0x0000000000000000
mem[X,0x00000000800027B4] -> 0x5537
mem[X,0x00000000800027B6] -> 0x5555
[2546] [M]: 0x00000000800027B4 (0x55555537) lui a0, 349525
x10 <- 0x0000000055555000
mem[X,0x00000000800027B8] -> 0x0513
mem[X,0x00000000800027BA] -> 0x5555
[2547] [M]: 0x00000000800027B8 (0x55550513) addi a0, a0, 1365
x10 <- 0x0000000055555555
mem[X,0x00000000800027BC] -> 0x1513
mem[X,0x00000000800027BE] -> 0x00B5
[2548] [M]: 0x00000000800027BC (0x00B51513) slli a0, a0, 11
x10 <- 0x000002AAAAAAA800
mem[X,0x00000000800027C0] -> 0x0513
mem[X,0x00000000800027C2] -> 0x2AA5
[2549] [M]: 0x00000000800027C0 (0x2AA50513) addi a0, a0, 682
x10 <- 0x000002AAAAAAAAAA
mem[X,0x00000000800027C4] -> 0x1513
mem[X,0x00000000800027C6] -> 0x00B5
[2550] [M]: 0x00000000800027C4 (0x00B51513) slli a0, a0, 11
x10 <- 0x0015555555555000
mem[X,0x00000000800027C8] -> 0x0513
mem[X,0x00000000800027CA] -> 0x5555
[2551] [M]: 0x00000000800027C8 (0x55550513) addi a0, a0, 1365
x10 <- 0x0015555555555555
mem[X,0x00000000800027CC] -> 0x1513
mem[X,0x00000000800027CE] -> 0x00A5
[2552] [M]: 0x00000000800027CC (0x00A51513) slli a0, a0, 10
x10 <- 0x5555555555555400
mem[X,0x00000000800027D0] -> 0x0513
mem[X,0x00000000800027D2] -> 0x1545
[2553] [M]: 0x00000000800027D0 (0x15450513) addi a0, a0, 340
x10 <- 0x5555555555555554
mem[X,0x00000000800027D4] -> 0x3593
mem[X,0x00000000800027D6] -> 0x3335
[2554] [M]: 0x00000000800027D4 (0x33353593) sltiu a1, a0, 819
x11 <- 0x0000000000000000
mem[X,0x00000000800027D8] -> 0x3C23
mem[X,0x00000000800027DA] -> 0x36B1
[2555] [M]: 0x00000000800027D8 (0x36B13C23) sd a1, 888(sp)
mem[0x0000000080008D40] <- 0x0000000000000000
mem[X,0x00000000800027DC] -> 0x5537
mem[X,0x00000000800027DE] -> 0x5555
[2556] [M]: 0x00000000800027DC (0x55555537) lui a0, 349525
x10 <- 0x0000000055555000
mem[X,0x00000000800027E0] -> 0x0513
mem[X,0x00000000800027E2] -> 0x5555
[2557] [M]: 0x00000000800027E0 (0x55550513) addi a0, a0, 1365
x10 <- 0x0000000055555555
mem[X,0x00000000800027E4] -> 0x1513
mem[X,0x00000000800027E6] -> 0x00B5
[2558] [M]: 0x00000000800027E4 (0x00B51513) slli a0, a0, 11
x10 <- 0x000002AAAAAAA800
mem[X,0x00000000800027E8] -> 0x0513
mem[X,0x00000000800027EA] -> 0x2AA5
[2559] [M]: 0x00000000800027E8 (0x2AA50513) addi a0, a0, 682
x10 <- 0x000002AAAAAAAAAA
mem[X,0x00000000800027EC] -> 0x1513
mem[X,0x00000000800027EE] -> 0x00B5
[2560] [M]: 0x00000000800027EC (0x00B51513) slli a0, a0, 11
x10 <- 0x0015555555555000
mem[X,0x00000000800027F0] -> 0x0513
mem[X,0x00000000800027F2] -> 0x5555
[2561] [M]: 0x00000000800027F0 (0x55550513) addi a0, a0, 1365
x10 <- 0x0015555555555555
mem[X,0x00000000800027F4] -> 0x1513
mem[X,0x00000000800027F6] -> 0x00A5
[2562] [M]: 0x00000000800027F4 (0x00A51513) slli a0, a0, 10
x10 <- 0x5555555555555400
mem[X,0x00000000800027F8] -> 0x0513
mem[X,0x00000000800027FA] -> 0x1545
[2563] [M]: 0x00000000800027F8 (0x15450513) addi a0, a0, 340
x10 <- 0x5555555555555554
mem[X,0x00000000800027FC] -> 0x3593
mem[X,0x00000000800027FE] -> 0x6665
[2564] [M]: 0x00000000800027FC (0x66653593) sltiu a1, a0, 1638
x11 <- 0x0000000000000000
mem[X,0x0000000080002800] -> 0x3023
mem[X,0x0000000080002802] -> 0x38B1
[2565] [M]: 0x0000000080002800 (0x38B13023) sd a1, 896(sp)
mem[0x0000000080008D48] <- 0x0000000000000000
mem[X,0x0000000080002804] -> 0x5537
mem[X,0x0000000080002806] -> 0x5555
[2566] [M]: 0x0000000080002804 (0x55555537) lui a0, 349525
x10 <- 0x0000000055555000
mem[X,0x0000000080002808] -> 0x0513
mem[X,0x000000008000280A] -> 0x5555
[2567] [M]: 0x0000000080002808 (0x55550513) addi a0, a0, 1365
x10 <- 0x0000000055555555
mem[X,0x000000008000280C] -> 0x1513
mem[X,0x000000008000280E] -> 0x00B5
[2568] [M]: 0x000000008000280C (0x00B51513) slli a0, a0, 11
x10 <- 0x000002AAAAAAA800
mem[X,0x0000000080002810] -> 0x0513
mem[X,0x0000000080002812] -> 0x2AA5
[2569] [M]: 0x0000000080002810 (0x2AA50513) addi a0, a0, 682
x10 <- 0x000002AAAAAAAAAA
mem[X,0x0000000080002814] -> 0x1513
mem[X,0x0000000080002816] -> 0x00B5
[2570] [M]: 0x0000000080002814 (0x00B51513) slli a0, a0, 11
x10 <- 0x0015555555555000
mem[X,0x0000000080002818] -> 0x0513
mem[X,0x000000008000281A] -> 0x5555
[2571] [M]: 0x0000000080002818 (0x55550513) addi a0, a0, 1365
x10 <- 0x0015555555555555
mem[X,0x000000008000281C] -> 0x1513
mem[X,0x000000008000281E] -> 0x00A5
[2572] [M]: 0x000000008000281C (0x00A51513) slli a0, a0, 10
x10 <- 0x5555555555555400
mem[X,0x0000000080002820] -> 0x0513
mem[X,0x0000000080002822] -> 0x1545
[2573] [M]: 0x0000000080002820 (0x15450513) addi a0, a0, 340
x10 <- 0x5555555555555554
mem[X,0x0000000080002824] -> 0x3593
mem[X,0x0000000080002826] -> 0x02D5
[2574] [M]: 0x0000000080002824 (0x02D53593) sltiu a1, a0, 45
x11 <- 0x0000000000000000
mem[X,0x0000000080002828] -> 0x3423
mem[X,0x000000008000282A] -> 0x38B1
[2575] [M]: 0x0000000080002828 (0x38B13423) sd a1, 904(sp)
mem[0x0000000080008D50] <- 0x0000000000000000
mem[X,0x000000008000282C] -> 0x5537
mem[X,0x000000008000282E] -> 0x5555
[2576] [M]: 0x000000008000282C (0x55555537) lui a0, 349525
x10 <- 0x0000000055555000
mem[X,0x0000000080002830] -> 0x0513
mem[X,0x0000000080002832] -> 0x5555
[2577] [M]: 0x0000000080002830 (0x55550513) addi a0, a0, 1365
x10 <- 0x0000000055555555
mem[X,0x0000000080002834] -> 0x1513
mem[X,0x0000000080002836] -> 0x00B5
[2578] [M]: 0x0000000080002834 (0x00B51513) slli a0, a0, 11
x10 <- 0x000002AAAAAAA800
mem[X,0x0000000080002838] -> 0x0513
mem[X,0x000000008000283A] -> 0x2AA5
[2579] [M]: 0x0000000080002838 (0x2AA50513) addi a0, a0, 682
x10 <- 0x000002AAAAAAAAAA
mem[X,0x000000008000283C] -> 0x1513
mem[X,0x000000008000283E] -> 0x00B5
[2580] [M]: 0x000000008000283C (0x00B51513) slli a0, a0, 11
x10 <- 0x0015555555555000
mem[X,0x0000000080002840] -> 0x0513
mem[X,0x0000000080002842] -> 0x5555
[2581] [M]: 0x0000000080002840 (0x55550513) addi a0, a0, 1365
x10 <- 0x0015555555555555
mem[X,0x0000000080002844] -> 0x1513
mem[X,0x0000000080002846] -> 0x00A5
[2582] [M]: 0x0000000080002844 (0x00A51513) slli a0, a0, 10
x10 <- 0x5555555555555400
mem[X,0x0000000080002848] -> 0x0513
mem[X,0x000000008000284A] -> 0x1545
[2583] [M]: 0x0000000080002848 (0x15450513) addi a0, a0, 340
x10 <- 0x5555555555555554
mem[X,0x000000008000284C] -> 0x3593
mem[X,0x000000008000284E] -> 0x0005
[2584] [M]: 0x000000008000284C (0x00053593) sltiu a1, a0, 0
x11 <- 0x0000000000000000
mem[X,0x0000000080002850] -> 0x3823
mem[X,0x0000000080002852] -> 0x38B1
[2585] [M]: 0x0000000080002850 (0x38B13823) sd a1, 912(sp)
mem[0x0000000080008D58] <- 0x0000000000000000
mem[X,0x0000000080002854] -> 0x5537
mem[X,0x0000000080002856] -> 0x5555
[2586] [M]: 0x0000000080002854 (0x55555537) lui a0, 349525
x10 <- 0x0000000055555000
mem[X,0x0000000080002858] -> 0x0513
mem[X,0x000000008000285A] -> 0x5555
[2587] [M]: 0x0000000080002858 (0x55550513) addi a0, a0, 1365
x10 <- 0x0000000055555555
mem[X,0x000000008000285C] -> 0x1513
mem[X,0x000000008000285E] -> 0x00B5
[2588] [M]: 0x000000008000285C (0x00B51513) slli a0, a0, 11
x10 <- 0x000002AAAAAAA800
mem[X,0x0000000080002860] -> 0x0513
mem[X,0x0000000080002862] -> 0x2AA5
[2589] [M]: 0x0000000080002860 (0x2AA50513) addi a0, a0, 682
x10 <- 0x000002AAAAAAAAAA
mem[X,0x0000000080002864] -> 0x1513
mem[X,0x0000000080002866] -> 0x00B5
[2590] [M]: 0x0000000080002864 (0x00B51513) slli a0, a0, 11
x10 <- 0x0015555555555000
mem[X,0x0000000080002868] -> 0x0513
mem[X,0x000000008000286A] -> 0x5555
[2591] [M]: 0x0000000080002868 (0x55550513) addi a0, a0, 1365
x10 <- 0x0015555555555555
mem[X,0x000000008000286C] -> 0x1513
mem[X,0x000000008000286E] -> 0x00A5
[2592] [M]: 0x000000008000286C (0x00A51513) slli a0, a0, 10
x10 <- 0x5555555555555400
mem[X,0x0000000080002870] -> 0x0513
mem[X,0x0000000080002872] -> 0x1545
[2593] [M]: 0x0000000080002870 (0x15450513) addi a0, a0, 340
x10 <- 0x5555555555555554
mem[X,0x0000000080002874] -> 0x3593
mem[X,0x0000000080002876] -> 0x03F5
[2594] [M]: 0x0000000080002874 (0x03F53593) sltiu a1, a0, 63
x11 <- 0x0000000000000000
mem[X,0x0000000080002878] -> 0x3C23
mem[X,0x000000008000287A] -> 0x38B1
[2595] [M]: 0x0000000080002878 (0x38B13C23) sd a1, 920(sp)
mem[0x0000000080008D60] <- 0x0000000000000000
mem[X,0x000000008000287C] -> 0x5537
mem[X,0x000000008000287E] -> 0x5555
[2596] [M]: 0x000000008000287C (0x55555537) lui a0, 349525
x10 <- 0x0000000055555000
mem[X,0x0000000080002880] -> 0x0513
mem[X,0x0000000080002882] -> 0x5555
[2597] [M]: 0x0000000080002880 (0x55550513) addi a0, a0, 1365
x10 <- 0x0000000055555555
mem[X,0x0000000080002884] -> 0x1513
mem[X,0x0000000080002886] -> 0x00B5
[2598] [M]: 0x0000000080002884 (0x00B51513) slli a0, a0, 11
x10 <- 0x000002AAAAAAA800
mem[X,0x0000000080002888] -> 0x0513
mem[X,0x000000008000288A] -> 0x2AA5
[2599] [M]: 0x0000000080002888 (0x2AA50513) addi a0, a0, 682
x10 <- 0x000002AAAAAAAAAA
clint::tick mtime <- 0x000000000000001A
 clint timer pending at mtime 0x000000000000001A
htif::tick 0x0000000000000000
mem[X,0x000000008000288C] -> 0x1513
mem[X,0x000000008000288E] -> 0x00B5
[2600] [M]: 0x000000008000288C (0x00B51513) slli a0, a0, 11
x10 <- 0x0015555555555000
mem[X,0x0000000080002890] -> 0x0513
mem[X,0x0000000080002892] -> 0x5555
[2601] [M]: 0x0000000080002890 (0x55550513) addi a0, a0, 1365
x10 <- 0x0015555555555555
mem[X,0x0000000080002894] -> 0x1513
mem[X,0x0000000080002896] -> 0x00A5
[2602] [M]: 0x0000000080002894 (0x00A51513) slli a0, a0, 10
x10 <- 0x5555555555555400
mem[X,0x0000000080002898] -> 0x0513
mem[X,0x000000008000289A] -> 0x1545
[2603] [M]: 0x0000000080002898 (0x15450513) addi a0, a0, 340
x10 <- 0x5555555555555554
mem[X,0x000000008000289C] -> 0x3593
mem[X,0x000000008000289E] -> 0x0025
[2604] [M]: 0x000000008000289C (0x00253593) sltiu a1, a0, 2
x11 <- 0x0000000000000000
mem[X,0x00000000800028A0] -> 0x3023
mem[X,0x00000000800028A2] -> 0x3AB1
[2605] [M]: 0x00000000800028A0 (0x3AB13023) sd a1, 928(sp)
mem[0x0000000080008D68] <- 0x0000000000000000
mem[X,0x00000000800028A4] -> 0x5537
mem[X,0x00000000800028A6] -> 0x5555
[2606] [M]: 0x00000000800028A4 (0x55555537) lui a0, 349525
x10 <- 0x0000000055555000
mem[X,0x00000000800028A8] -> 0x0513
mem[X,0x00000000800028AA] -> 0x5555
[2607] [M]: 0x00000000800028A8 (0x55550513) addi a0, a0, 1365
x10 <- 0x0000000055555555
mem[X,0x00000000800028AC] -> 0x1513
mem[X,0x00000000800028AE] -> 0x00B5
[2608] [M]: 0x00000000800028AC (0x00B51513) slli a0, a0, 11
x10 <- 0x000002AAAAAAA800
mem[X,0x00000000800028B0] -> 0x0513
mem[X,0x00000000800028B2] -> 0x2AA5
[2609] [M]: 0x00000000800028B0 (0x2AA50513) addi a0, a0, 682
x10 <- 0x000002AAAAAAAAAA
mem[X,0x00000000800028B4] -> 0x1513
mem[X,0x00000000800028B6] -> 0x00B5
[2610] [M]: 0x00000000800028B4 (0x00B51513) slli a0, a0, 11
x10 <- 0x0015555555555000
mem[X,0x00000000800028B8] -> 0x0513
mem[X,0x00000000800028BA] -> 0x5555
[2611] [M]: 0x00000000800028B8 (0x55550513) addi a0, a0, 1365
x10 <- 0x0015555555555555
mem[X,0x00000000800028BC] -> 0x1513
mem[X,0x00000000800028BE] -> 0x00A5
[2612] [M]: 0x00000000800028BC (0x00A51513) slli a0, a0, 10
x10 <- 0x5555555555555400
mem[X,0x00000000800028C0] -> 0x0513
mem[X,0x00000000800028C2] -> 0x1545
[2613] [M]: 0x00000000800028C0 (0x15450513) addi a0, a0, 340
x10 <- 0x5555555555555554
mem[X,0x00000000800028C4] -> 0x3593
mem[X,0x00000000800028C6] -> 0x5545
[2614] [M]: 0x00000000800028C4 (0x55453593) sltiu a1, a0, 1364
x11 <- 0x0000000000000000
mem[X,0x00000000800028C8] -> 0x3423
mem[X,0x00000000800028CA] -> 0x3AB1
[2615] [M]: 0x00000000800028C8 (0x3AB13423) sd a1, 936(sp)
mem[0x0000000080008D70] <- 0x0000000000000000
mem[X,0x00000000800028CC] -> 0x5537
mem[X,0x00000000800028CE] -> 0x5555
[2616] [M]: 0x00000000800028CC (0x55555537) lui a0, 349525
x10 <- 0x0000000055555000
mem[X,0x00000000800028D0] -> 0x0513
mem[X,0x00000000800028D2] -> 0x5555
[2617] [M]: 0x00000000800028D0 (0x55550513) addi a0, a0, 1365
x10 <- 0x0000000055555555
mem[X,0x00000000800028D4] -> 0x1513
mem[X,0x00000000800028D6] -> 0x00B5
[2618] [M]: 0x00000000800028D4 (0x00B51513) slli a0, a0, 11
x10 <- 0x000002AAAAAAA800
mem[X,0x00000000800028D8] -> 0x0513
mem[X,0x00000000800028DA] -> 0x2AA5
[2619] [M]: 0x00000000800028D8 (0x2AA50513) addi a0, a0, 682
x10 <- 0x000002AAAAAAAAAA
mem[X,0x00000000800028DC] -> 0x1513
mem[X,0x00000000800028DE] -> 0x00B5
[2620] [M]: 0x00000000800028DC (0x00B51513) slli a0, a0, 11
x10 <- 0x0015555555555000
mem[X,0x00000000800028E0] -> 0x0513
mem[X,0x00000000800028E2] -> 0x5555
[2621] [M]: 0x00000000800028E0 (0x55550513) addi a0, a0, 1365
x10 <- 0x0015555555555555
mem[X,0x00000000800028E4] -> 0x1513
mem[X,0x00000000800028E6] -> 0x00A5
[2622] [M]: 0x00000000800028E4 (0x00A51513) slli a0, a0, 10
x10 <- 0x5555555555555400
mem[X,0x00000000800028E8] -> 0x0513
mem[X,0x00000000800028EA] -> 0x1545
[2623] [M]: 0x00000000800028E8 (0x15450513) addi a0, a0, 340
x10 <- 0x5555555555555554
mem[X,0x00000000800028EC] -> 0x3593
mem[X,0x00000000800028EE] -> 0xAA95
[2624] [M]: 0x00000000800028EC (0xAA953593) sltiu a1, a0, 2729
x11 <- 0x0000000000000001
mem[X,0x00000000800028F0] -> 0x3823
mem[X,0x00000000800028F2] -> 0x3AB1
[2625] [M]: 0x00000000800028F0 (0x3AB13823) sd a1, 944(sp)
mem[0x0000000080008D78] <- 0x0000000000000001
mem[X,0x00000000800028F4] -> 0x5537
mem[X,0x00000000800028F6] -> 0x5555
[2626] [M]: 0x00000000800028F4 (0x55555537) lui a0, 349525
x10 <- 0x0000000055555000
mem[X,0x00000000800028F8] -> 0x0513
mem[X,0x00000000800028FA] -> 0x5555
[2627] [M]: 0x00000000800028F8 (0x55550513) addi a0, a0, 1365
x10 <- 0x0000000055555555
mem[X,0x00000000800028FC] -> 0x1513
mem[X,0x00000000800028FE] -> 0x00B5
[2628] [M]: 0x00000000800028FC (0x00B51513) slli a0, a0, 11
x10 <- 0x000002AAAAAAA800
mem[X,0x0000000080002900] -> 0x0513
mem[X,0x0000000080002902] -> 0x2AA5
[2629] [M]: 0x0000000080002900 (0x2AA50513) addi a0, a0, 682
x10 <- 0x000002AAAAAAAAAA
mem[X,0x0000000080002904] -> 0x1513
mem[X,0x0000000080002906] -> 0x00B5
[2630] [M]: 0x0000000080002904 (0x00B51513) slli a0, a0, 11
x10 <- 0x0015555555555000
mem[X,0x0000000080002908] -> 0x0513
mem[X,0x000000008000290A] -> 0x5555
[2631] [M]: 0x0000000080002908 (0x55550513) addi a0, a0, 1365
x10 <- 0x0015555555555555
mem[X,0x000000008000290C] -> 0x1513
mem[X,0x000000008000290E] -> 0x00A5
[2632] [M]: 0x000000008000290C (0x00A51513) slli a0, a0, 10
x10 <- 0x5555555555555400
mem[X,0x0000000080002910] -> 0x0513
mem[X,0x0000000080002912] -> 0x1545
[2633] [M]: 0x0000000080002910 (0x15450513) addi a0, a0, 340
x10 <- 0x5555555555555554
mem[X,0x0000000080002914] -> 0x3593
mem[X,0x0000000080002916] -> 0x0045
[2634] [M]: 0x0000000080002914 (0x00453593) sltiu a1, a0, 4
x11 <- 0x0000000000000000
mem[X,0x0000000080002918] -> 0x3C23
mem[X,0x000000008000291A] -> 0x3AB1
[2635] [M]: 0x0000000080002918 (0x3AB13C23) sd a1, 952(sp)
mem[0x0000000080008D80] <- 0x0000000000000000
mem[X,0x000000008000291C] -> 0x5537
mem[X,0x000000008000291E] -> 0x5555
[2636] [M]: 0x000000008000291C (0x55555537) lui a0, 349525
x10 <- 0x0000000055555000
mem[X,0x0000000080002920] -> 0x0513
mem[X,0x0000000080002922] -> 0x5555
[2637] [M]: 0x0000000080002920 (0x55550513) addi a0, a0, 1365
x10 <- 0x0000000055555555
mem[X,0x0000000080002924] -> 0x1513
mem[X,0x0000000080002926] -> 0x00B5
[2638] [M]: 0x0000000080002924 (0x00B51513) slli a0, a0, 11
x10 <- 0x000002AAAAAAA800
mem[X,0x0000000080002928] -> 0x0513
mem[X,0x000000008000292A] -> 0x2AA5
[2639] [M]: 0x0000000080002928 (0x2AA50513) addi a0, a0, 682
x10 <- 0x000002AAAAAAAAAA
mem[X,0x000000008000292C] -> 0x1513
mem[X,0x000000008000292E] -> 0x00B5
[2640] [M]: 0x000000008000292C (0x00B51513) slli a0, a0, 11
x10 <- 0x0015555555555000
mem[X,0x0000000080002930] -> 0x0513
mem[X,0x0000000080002932] -> 0x5555
[2641] [M]: 0x0000000080002930 (0x55550513) addi a0, a0, 1365
x10 <- 0x0015555555555555
mem[X,0x0000000080002934] -> 0x1513
mem[X,0x0000000080002936] -> 0x00A5
[2642] [M]: 0x0000000080002934 (0x00A51513) slli a0, a0, 10
x10 <- 0x5555555555555400
mem[X,0x0000000080002938] -> 0x0513
mem[X,0x000000008000293A] -> 0x1545
[2643] [M]: 0x0000000080002938 (0x15450513) addi a0, a0, 340
x10 <- 0x5555555555555554
mem[X,0x000000008000293C] -> 0x3593
mem[X,0x000000008000293E] -> 0x3325
[2644] [M]: 0x000000008000293C (0x33253593) sltiu a1, a0, 818
x11 <- 0x0000000000000000
mem[X,0x0000000080002940] -> 0x3023
mem[X,0x0000000080002942] -> 0x3CB1
[2645] [M]: 0x0000000080002940 (0x3CB13023) sd a1, 960(sp)
mem[0x0000000080008D88] <- 0x0000000000000000
mem[X,0x0000000080002944] -> 0x5537
mem[X,0x0000000080002946] -> 0x5555
[2646] [M]: 0x0000000080002944 (0x55555537) lui a0, 349525
x10 <- 0x0000000055555000
mem[X,0x0000000080002948] -> 0x0513
mem[X,0x000000008000294A] -> 0x5555
[2647] [M]: 0x0000000080002948 (0x55550513) addi a0, a0, 1365
x10 <- 0x0000000055555555
mem[X,0x000000008000294C] -> 0x1513
mem[X,0x000000008000294E] -> 0x00B5
[2648] [M]: 0x000000008000294C (0x00B51513) slli a0, a0, 11
x10 <- 0x000002AAAAAAA800
mem[X,0x0000000080002950] -> 0x0513
mem[X,0x0000000080002952] -> 0x2AA5
[2649] [M]: 0x0000000080002950 (0x2AA50513) addi a0, a0, 682
x10 <- 0x000002AAAAAAAAAA
mem[X,0x0000000080002954] -> 0x1513
mem[X,0x0000000080002956] -> 0x00B5
[2650] [M]: 0x0000000080002954 (0x00B51513) slli a0, a0, 11
x10 <- 0x0015555555555000
mem[X,0x0000000080002958] -> 0x0513
mem[X,0x000000008000295A] -> 0x5555
[2651] [M]: 0x0000000080002958 (0x55550513) addi a0, a0, 1365
x10 <- 0x0015555555555555
mem[X,0x000000008000295C] -> 0x1513
mem[X,0x000000008000295E] -> 0x00A5
[2652] [M]: 0x000000008000295C (0x00A51513) slli a0, a0, 10
x10 <- 0x5555555555555400
mem[X,0x0000000080002960] -> 0x0513
mem[X,0x0000000080002962] -> 0x1545
[2653] [M]: 0x0000000080002960 (0x15450513) addi a0, a0, 340
x10 <- 0x5555555555555554
mem[X,0x0000000080002964] -> 0x3593
mem[X,0x0000000080002966] -> 0x6655
[2654] [M]: 0x0000000080002964 (0x66553593) sltiu a1, a0, 1637
x11 <- 0x0000000000000000
mem[X,0x0000000080002968] -> 0x3423
mem[X,0x000000008000296A] -> 0x3CB1
[2655] [M]: 0x0000000080002968 (0x3CB13423) sd a1, 968(sp)
mem[0x0000000080008D90] <- 0x0000000000000000
mem[X,0x000000008000296C] -> 0x5537
mem[X,0x000000008000296E] -> 0x5555
[2656] [M]: 0x000000008000296C (0x55555537) lui a0, 349525
x10 <- 0x0000000055555000
mem[X,0x0000000080002970] -> 0x0513
mem[X,0x0000000080002972] -> 0x5555
[2657] [M]: 0x0000000080002970 (0x55550513) addi a0, a0, 1365
x10 <- 0x0000000055555555
mem[X,0x0000000080002974] -> 0x1513
mem[X,0x0000000080002976] -> 0x00B5
[2658] [M]: 0x0000000080002974 (0x00B51513) slli a0, a0, 11
x10 <- 0x000002AAAAAAA800
mem[X,0x0000000080002978] -> 0x0513
mem[X,0x000000008000297A] -> 0x2AA5
[2659] [M]: 0x0000000080002978 (0x2AA50513) addi a0, a0, 682
x10 <- 0x000002AAAAAAAAAA
mem[X,0x000000008000297C] -> 0x1513
mem[X,0x000000008000297E] -> 0x00B5
[2660] [M]: 0x000000008000297C (0x00B51513) slli a0, a0, 11
x10 <- 0x0015555555555000
mem[X,0x0000000080002980] -> 0x0513
mem[X,0x0000000080002982] -> 0x5555
[2661] [M]: 0x0000000080002980 (0x55550513) addi a0, a0, 1365
x10 <- 0x0015555555555555
mem[X,0x0000000080002984] -> 0x1513
mem[X,0x0000000080002986] -> 0x00A5
[2662] [M]: 0x0000000080002984 (0x00A51513) slli a0, a0, 10
x10 <- 0x5555555555555400
mem[X,0x0000000080002988] -> 0x0513
mem[X,0x000000008000298A] -> 0x1545
[2663] [M]: 0x0000000080002988 (0x15450513) addi a0, a0, 340
x10 <- 0x5555555555555554
mem[X,0x000000008000298C] -> 0x3593
mem[X,0x000000008000298E] -> 0x02C5
[2664] [M]: 0x000000008000298C (0x02C53593) sltiu a1, a0, 44
x11 <- 0x0000000000000000
mem[X,0x0000000080002990] -> 0x3823
mem[X,0x0000000080002992] -> 0x3CB1
[2665] [M]: 0x0000000080002990 (0x3CB13823) sd a1, 976(sp)
mem[0x0000000080008D98] <- 0x0000000000000000
mem[X,0x0000000080002994] -> 0x5537
mem[X,0x0000000080002996] -> 0x5555
[2666] [M]: 0x0000000080002994 (0x55555537) lui a0, 349525
x10 <- 0x0000000055555000
mem[X,0x0000000080002998] -> 0x0513
mem[X,0x000000008000299A] -> 0x5555
[2667] [M]: 0x0000000080002998 (0x55550513) addi a0, a0, 1365
x10 <- 0x0000000055555555
mem[X,0x000000008000299C] -> 0x1513
mem[X,0x000000008000299E] -> 0x00B5
[2668] [M]: 0x000000008000299C (0x00B51513) slli a0, a0, 11
x10 <- 0x000002AAAAAAA800
mem[X,0x00000000800029A0] -> 0x0513
mem[X,0x00000000800029A2] -> 0x2AA5
[2669] [M]: 0x00000000800029A0 (0x2AA50513) addi a0, a0, 682
x10 <- 0x000002AAAAAAAAAA
mem[X,0x00000000800029A4] -> 0x1513
mem[X,0x00000000800029A6] -> 0x00B5
[2670] [M]: 0x00000000800029A4 (0x00B51513) slli a0, a0, 11
x10 <- 0x0015555555555000
mem[X,0x00000000800029A8] -> 0x0513
mem[X,0x00000000800029AA] -> 0x5555
[2671] [M]: 0x00000000800029A8 (0x55550513) addi a0, a0, 1365
x10 <- 0x0015555555555555
mem[X,0x00000000800029AC] -> 0x1513
mem[X,0x00000000800029AE] -> 0x00A5
[2672] [M]: 0x00000000800029AC (0x00A51513) slli a0, a0, 10
x10 <- 0x5555555555555400
mem[X,0x00000000800029B0] -> 0x0513
mem[X,0x00000000800029B2] -> 0x1545
[2673] [M]: 0x00000000800029B0 (0x15450513) addi a0, a0, 340
x10 <- 0x5555555555555554
mem[X,0x00000000800029B4] -> 0x3593
mem[X,0x00000000800029B6] -> 0x03E5
[2674] [M]: 0x00000000800029B4 (0x03E53593) sltiu a1, a0, 62
x11 <- 0x0000000000000000
mem[X,0x00000000800029B8] -> 0x3C23
mem[X,0x00000000800029BA] -> 0x3CB1
[2675] [M]: 0x00000000800029B8 (0x3CB13C23) sd a1, 984(sp)
mem[0x0000000080008DA0] <- 0x0000000000000000
mem[X,0x00000000800029BC] -> 0x5537
mem[X,0x00000000800029BE] -> 0x5555
[2676] [M]: 0x00000000800029BC (0x55555537) lui a0, 349525
x10 <- 0x0000000055555000
mem[X,0x00000000800029C0] -> 0x0513
mem[X,0x00000000800029C2] -> 0x5555
[2677] [M]: 0x00000000800029C0 (0x55550513) addi a0, a0, 1365
x10 <- 0x0000000055555555
mem[X,0x00000000800029C4] -> 0x1513
mem[X,0x00000000800029C6] -> 0x00B5
[2678] [M]: 0x00000000800029C4 (0x00B51513) slli a0, a0, 11
x10 <- 0x000002AAAAAAA800
mem[X,0x00000000800029C8] -> 0x0513
mem[X,0x00000000800029CA] -> 0x2AA5
[2679] [M]: 0x00000000800029C8 (0x2AA50513) addi a0, a0, 682
x10 <- 0x000002AAAAAAAAAA
mem[X,0x00000000800029CC] -> 0x1513
mem[X,0x00000000800029CE] -> 0x00B5
[2680] [M]: 0x00000000800029CC (0x00B51513) slli a0, a0, 11
x10 <- 0x0015555555555000
mem[X,0x00000000800029D0] -> 0x0513
mem[X,0x00000000800029D2] -> 0x5555
[2681] [M]: 0x00000000800029D0 (0x55550513) addi a0, a0, 1365
x10 <- 0x0015555555555555
mem[X,0x00000000800029D4] -> 0x1513
mem[X,0x00000000800029D6] -> 0x00A5
[2682] [M]: 0x00000000800029D4 (0x00A51513) slli a0, a0, 10
x10 <- 0x5555555555555400
mem[X,0x00000000800029D8] -> 0x0513
mem[X,0x00000000800029DA] -> 0x1545
[2683] [M]: 0x00000000800029D8 (0x15450513) addi a0, a0, 340
x10 <- 0x5555555555555554
mem[X,0x00000000800029DC] -> 0x3593
mem[X,0x00000000800029DE] -> 0x5565
[2684] [M]: 0x00000000800029DC (0x55653593) sltiu a1, a0, 1366
x11 <- 0x0000000000000000
mem[X,0x00000000800029E0] -> 0x3023
mem[X,0x00000000800029E2] -> 0x3EB1
[2685] [M]: 0x00000000800029E0 (0x3EB13023) sd a1, 992(sp)
mem[0x0000000080008DA8] <- 0x0000000000000000
mem[X,0x00000000800029E4] -> 0x5537
mem[X,0x00000000800029E6] -> 0x5555
[2686] [M]: 0x00000000800029E4 (0x55555537) lui a0, 349525
x10 <- 0x0000000055555000
mem[X,0x00000000800029E8] -> 0x0513
mem[X,0x00000000800029EA] -> 0x5555
[2687] [M]: 0x00000000800029E8 (0x55550513) addi a0, a0, 1365
x10 <- 0x0000000055555555
mem[X,0x00000000800029EC] -> 0x1513
mem[X,0x00000000800029EE] -> 0x00B5
[2688] [M]: 0x00000000800029EC (0x00B51513) slli a0, a0, 11
x10 <- 0x000002AAAAAAA800
mem[X,0x00000000800029F0] -> 0x0513
mem[X,0x00000000800029F2] -> 0x2AA5
[2689] [M]: 0x00000000800029F0 (0x2AA50513) addi a0, a0, 682
x10 <- 0x000002AAAAAAAAAA
mem[X,0x00000000800029F4] -> 0x1513
mem[X,0x00000000800029F6] -> 0x00B5
[2690] [M]: 0x00000000800029F4 (0x00B51513) slli a0, a0, 11
x10 <- 0x0015555555555000
mem[X,0x00000000800029F8] -> 0x0513
mem[X,0x00000000800029FA] -> 0x5555
[2691] [M]: 0x00000000800029F8 (0x55550513) addi a0, a0, 1365
x10 <- 0x0015555555555555
mem[X,0x00000000800029FC] -> 0x1513
mem[X,0x00000000800029FE] -> 0x00A5
[2692] [M]: 0x00000000800029FC (0x00A51513) slli a0, a0, 10
x10 <- 0x5555555555555400
mem[X,0x0000000080002A00] -> 0x0513
mem[X,0x0000000080002A02] -> 0x1545
[2693] [M]: 0x0000000080002A00 (0x15450513) addi a0, a0, 340
x10 <- 0x5555555555555554
mem[X,0x0000000080002A04] -> 0x3593
mem[X,0x0000000080002A06] -> 0xAAB5
[2694] [M]: 0x0000000080002A04 (0xAAB53593) sltiu a1, a0, 2731
x11 <- 0x0000000000000001
mem[X,0x0000000080002A08] -> 0x3423
mem[X,0x0000000080002A0A] -> 0x3EB1
[2695] [M]: 0x0000000080002A08 (0x3EB13423) sd a1, 1000(sp)
mem[0x0000000080008DB0] <- 0x0000000000000001
mem[X,0x0000000080002A0C] -> 0x5537
mem[X,0x0000000080002A0E] -> 0x5555
[2696] [M]: 0x0000000080002A0C (0x55555537) lui a0, 349525
x10 <- 0x0000000055555000
mem[X,0x0000000080002A10] -> 0x0513
mem[X,0x0000000080002A12] -> 0x5555
[2697] [M]: 0x0000000080002A10 (0x55550513) addi a0, a0, 1365
x10 <- 0x0000000055555555
mem[X,0x0000000080002A14] -> 0x1513
mem[X,0x0000000080002A16] -> 0x00B5
[2698] [M]: 0x0000000080002A14 (0x00B51513) slli a0, a0, 11
x10 <- 0x000002AAAAAAA800
mem[X,0x0000000080002A18] -> 0x0513
mem[X,0x0000000080002A1A] -> 0x2AA5
[2699] [M]: 0x0000000080002A18 (0x2AA50513) addi a0, a0, 682
x10 <- 0x000002AAAAAAAAAA
clint::tick mtime <- 0x000000000000001B
 clint timer pending at mtime 0x000000000000001B
htif::tick 0x0000000000000000
mem[X,0x0000000080002A1C] -> 0x1513
mem[X,0x0000000080002A1E] -> 0x00B5
[2700] [M]: 0x0000000080002A1C (0x00B51513) slli a0, a0, 11
x10 <- 0x0015555555555000
mem[X,0x0000000080002A20] -> 0x0513
mem[X,0x0000000080002A22] -> 0x5555
[2701] [M]: 0x0000000080002A20 (0x55550513) addi a0, a0, 1365
x10 <- 0x0015555555555555
mem[X,0x0000000080002A24] -> 0x1513
mem[X,0x0000000080002A26] -> 0x00A5
[2702] [M]: 0x0000000080002A24 (0x00A51513) slli a0, a0, 10
x10 <- 0x5555555555555400
mem[X,0x0000000080002A28] -> 0x0513
mem[X,0x0000000080002A2A] -> 0x1545
[2703] [M]: 0x0000000080002A28 (0x15450513) addi a0, a0, 340
x10 <- 0x5555555555555554
mem[X,0x0000000080002A2C] -> 0x3593
mem[X,0x0000000080002A2E] -> 0x0065
[2704] [M]: 0x0000000080002A2C (0x00653593) sltiu a1, a0, 6
x11 <- 0x0000000000000000
mem[X,0x0000000080002A30] -> 0x3823
mem[X,0x0000000080002A32] -> 0x3EB1
[2705] [M]: 0x0000000080002A30 (0x3EB13823) sd a1, 1008(sp)
mem[0x0000000080008DB8] <- 0x0000000000000000
mem[X,0x0000000080002A34] -> 0x5537
mem[X,0x0000000080002A36] -> 0x5555
[2706] [M]: 0x0000000080002A34 (0x55555537) lui a0, 349525
x10 <- 0x0000000055555000
mem[X,0x0000000080002A38] -> 0x0513
mem[X,0x0000000080002A3A] -> 0x5555
[2707] [M]: 0x0000000080002A38 (0x55550513) addi a0, a0, 1365
x10 <- 0x0000000055555555
mem[X,0x0000000080002A3C] -> 0x1513
mem[X,0x0000000080002A3E] -> 0x00B5
[2708] [M]: 0x0000000080002A3C (0x00B51513) slli a0, a0, 11
x10 <- 0x000002AAAAAAA800
mem[X,0x0000000080002A40] -> 0x0513
mem[X,0x0000000080002A42] -> 0x2AA5
[2709] [M]: 0x0000000080002A40 (0x2AA50513) addi a0, a0, 682
x10 <- 0x000002AAAAAAAAAA
mem[X,0x0000000080002A44] -> 0x1513
mem[X,0x0000000080002A46] -> 0x00B5
[2710] [M]: 0x0000000080002A44 (0x00B51513) slli a0, a0, 11
x10 <- 0x0015555555555000
mem[X,0x0000000080002A48] -> 0x0513
mem[X,0x0000000080002A4A] -> 0x5555
[2711] [M]: 0x0000000080002A48 (0x55550513) addi a0, a0, 1365
x10 <- 0x0015555555555555
mem[X,0x0000000080002A4C] -> 0x1513
mem[X,0x0000000080002A4E] -> 0x00A5
[2712] [M]: 0x0000000080002A4C (0x00A51513) slli a0, a0, 10
x10 <- 0x5555555555555400
mem[X,0x0000000080002A50] -> 0x0513
mem[X,0x0000000080002A52] -> 0x1545
[2713] [M]: 0x0000000080002A50 (0x15450513) addi a0, a0, 340
x10 <- 0x5555555555555554
mem[X,0x0000000080002A54] -> 0x3593
mem[X,0x0000000080002A56] -> 0x3345
[2714] [M]: 0x0000000080002A54 (0x33453593) sltiu a1, a0, 820
x11 <- 0x0000000000000000
mem[X,0x0000000080002A58] -> 0x3C23
mem[X,0x0000000080002A5A] -> 0x3EB1
[2715] [M]: 0x0000000080002A58 (0x3EB13C23) sd a1, 1016(sp)
mem[0x0000000080008DC0] <- 0x0000000000000000
mem[X,0x0000000080002A5C] -> 0x5537
mem[X,0x0000000080002A5E] -> 0x5555
[2716] [M]: 0x0000000080002A5C (0x55555537) lui a0, 349525
x10 <- 0x0000000055555000
mem[X,0x0000000080002A60] -> 0x0513
mem[X,0x0000000080002A62] -> 0x5555
[2717] [M]: 0x0000000080002A60 (0x55550513) addi a0, a0, 1365
x10 <- 0x0000000055555555
mem[X,0x0000000080002A64] -> 0x1513
mem[X,0x0000000080002A66] -> 0x00B5
[2718] [M]: 0x0000000080002A64 (0x00B51513) slli a0, a0, 11
x10 <- 0x000002AAAAAAA800
mem[X,0x0000000080002A68] -> 0x0513
mem[X,0x0000000080002A6A] -> 0x2AA5
[2719] [M]: 0x0000000080002A68 (0x2AA50513) addi a0, a0, 682
x10 <- 0x000002AAAAAAAAAA
mem[X,0x0000000080002A6C] -> 0x1513
mem[X,0x0000000080002A6E] -> 0x00B5
[2720] [M]: 0x0000000080002A6C (0x00B51513) slli a0, a0, 11
x10 <- 0x0015555555555000
mem[X,0x0000000080002A70] -> 0x0513
mem[X,0x0000000080002A72] -> 0x5555
[2721] [M]: 0x0000000080002A70 (0x55550513) addi a0, a0, 1365
x10 <- 0x0015555555555555
mem[X,0x0000000080002A74] -> 0x1513
mem[X,0x0000000080002A76] -> 0x00A5
[2722] [M]: 0x0000000080002A74 (0x00A51513) slli a0, a0, 10
x10 <- 0x5555555555555400
mem[X,0x0000000080002A78] -> 0x0513
mem[X,0x0000000080002A7A] -> 0x1545
[2723] [M]: 0x0000000080002A78 (0x15450513) addi a0, a0, 340
x10 <- 0x5555555555555554
mem[X,0x0000000080002A7C] -> 0x3593
mem[X,0x0000000080002A7E] -> 0x6675
[2724] [M]: 0x0000000080002A7C (0x66753593) sltiu a1, a0, 1639
x11 <- 0x0000000000000000
mem[X,0x0000000080002A80] -> 0x3023
mem[X,0x0000000080002A82] -> 0x40B1
[2725] [M]: 0x0000000080002A80 (0x40B13023) sd a1, 1024(sp)
mem[0x0000000080008DC8] <- 0x0000000000000000
mem[X,0x0000000080002A84] -> 0x5537
mem[X,0x0000000080002A86] -> 0x5555
[2726] [M]: 0x0000000080002A84 (0x55555537) lui a0, 349525
x10 <- 0x0000000055555000
mem[X,0x0000000080002A88] -> 0x0513
mem[X,0x0000000080002A8A] -> 0x5555
[2727] [M]: 0x0000000080002A88 (0x55550513) addi a0, a0, 1365
x10 <- 0x0000000055555555
mem[X,0x0000000080002A8C] -> 0x1513
mem[X,0x0000000080002A8E] -> 0x00B5
[2728] [M]: 0x0000000080002A8C (0x00B51513) slli a0, a0, 11
x10 <- 0x000002AAAAAAA800
mem[X,0x0000000080002A90] -> 0x0513
mem[X,0x0000000080002A92] -> 0x2AA5
[2729] [M]: 0x0000000080002A90 (0x2AA50513) addi a0, a0, 682
x10 <- 0x000002AAAAAAAAAA
mem[X,0x0000000080002A94] -> 0x1513
mem[X,0x0000000080002A96] -> 0x00B5
[2730] [M]: 0x0000000080002A94 (0x00B51513) slli a0, a0, 11
x10 <- 0x0015555555555000
mem[X,0x0000000080002A98] -> 0x0513
mem[X,0x0000000080002A9A] -> 0x5555
[2731] [M]: 0x0000000080002A98 (0x55550513) addi a0, a0, 1365
x10 <- 0x0015555555555555
mem[X,0x0000000080002A9C] -> 0x1513
mem[X,0x0000000080002A9E] -> 0x00A5
[2732] [M]: 0x0000000080002A9C (0x00A51513) slli a0, a0, 10
x10 <- 0x5555555555555400
mem[X,0x0000000080002AA0] -> 0x0513
mem[X,0x0000000080002AA2] -> 0x1545
[2733] [M]: 0x0000000080002AA0 (0x15450513) addi a0, a0, 340
x10 <- 0x5555555555555554
mem[X,0x0000000080002AA4] -> 0x3593
mem[X,0x0000000080002AA6] -> 0x02E5
[2734] [M]: 0x0000000080002AA4 (0x02E53593) sltiu a1, a0, 46
x11 <- 0x0000000000000000
mem[X,0x0000000080002AA8] -> 0x3423
mem[X,0x0000000080002AAA] -> 0x40B1
[2735] [M]: 0x0000000080002AA8 (0x40B13423) sd a1, 1032(sp)
mem[0x0000000080008DD0] <- 0x0000000000000000
mem[X,0x0000000080002AAC] -> 0x5537
mem[X,0x0000000080002AAE] -> 0x5555
[2736] [M]: 0x0000000080002AAC (0x55555537) lui a0, 349525
x10 <- 0x0000000055555000
mem[X,0x0000000080002AB0] -> 0x0513
mem[X,0x0000000080002AB2] -> 0x5555
[2737] [M]: 0x0000000080002AB0 (0x55550513) addi a0, a0, 1365
x10 <- 0x0000000055555555
mem[X,0x0000000080002AB4] -> 0x1513
mem[X,0x0000000080002AB6] -> 0x00B5
[2738] [M]: 0x0000000080002AB4 (0x00B51513) slli a0, a0, 11
x10 <- 0x000002AAAAAAA800
mem[X,0x0000000080002AB8] -> 0x0513
mem[X,0x0000000080002ABA] -> 0x2AA5
[2739] [M]: 0x0000000080002AB8 (0x2AA50513) addi a0, a0, 682
x10 <- 0x000002AAAAAAAAAA
mem[X,0x0000000080002ABC] -> 0x1513
mem[X,0x0000000080002ABE] -> 0x00B5
[2740] [M]: 0x0000000080002ABC (0x00B51513) slli a0, a0, 11
x10 <- 0x0015555555555000
mem[X,0x0000000080002AC0] -> 0x0513
mem[X,0x0000000080002AC2] -> 0x5555
[2741] [M]: 0x0000000080002AC0 (0x55550513) addi a0, a0, 1365
x10 <- 0x0015555555555555
mem[X,0x0000000080002AC4] -> 0x1513
mem[X,0x0000000080002AC6] -> 0x00A5
[2742] [M]: 0x0000000080002AC4 (0x00A51513) slli a0, a0, 10
x10 <- 0x5555555555555400
mem[X,0x0000000080002AC8] -> 0x0513
mem[X,0x0000000080002ACA] -> 0x1545
[2743] [M]: 0x0000000080002AC8 (0x15450513) addi a0, a0, 340
x10 <- 0x5555555555555554
mem[X,0x0000000080002ACC] -> 0x3593
mem[X,0x0000000080002ACE] -> 0x0015
[2744] [M]: 0x0000000080002ACC (0x00153593) sltiu a1, a0, 1
x11 <- 0x0000000000000000
mem[X,0x0000000080002AD0] -> 0x3823
mem[X,0x0000000080002AD2] -> 0x40B1
[2745] [M]: 0x0000000080002AD0 (0x40B13823) sd a1, 1040(sp)
mem[0x0000000080008DD8] <- 0x0000000000000000
mem[X,0x0000000080002AD4] -> 0x5537
mem[X,0x0000000080002AD6] -> 0x5555
[2746] [M]: 0x0000000080002AD4 (0x55555537) lui a0, 349525
x10 <- 0x0000000055555000
mem[X,0x0000000080002AD8] -> 0x0513
mem[X,0x0000000080002ADA] -> 0x5555
[2747] [M]: 0x0000000080002AD8 (0x55550513) addi a0, a0, 1365
x10 <- 0x0000000055555555
mem[X,0x0000000080002ADC] -> 0x1513
mem[X,0x0000000080002ADE] -> 0x00B5
[2748] [M]: 0x0000000080002ADC (0x00B51513) slli a0, a0, 11
x10 <- 0x000002AAAAAAA800
mem[X,0x0000000080002AE0] -> 0x0513
mem[X,0x0000000080002AE2] -> 0x2AA5
[2749] [M]: 0x0000000080002AE0 (0x2AA50513) addi a0, a0, 682
x10 <- 0x000002AAAAAAAAAA
mem[X,0x0000000080002AE4] -> 0x1513
mem[X,0x0000000080002AE6] -> 0x00B5
[2750] [M]: 0x0000000080002AE4 (0x00B51513) slli a0, a0, 11
x10 <- 0x0015555555555000
mem[X,0x0000000080002AE8] -> 0x0513
mem[X,0x0000000080002AEA] -> 0x5555
[2751] [M]: 0x0000000080002AE8 (0x55550513) addi a0, a0, 1365
x10 <- 0x0015555555555555
mem[X,0x0000000080002AEC] -> 0x1513
mem[X,0x0000000080002AEE] -> 0x00A5
[2752] [M]: 0x0000000080002AEC (0x00A51513) slli a0, a0, 10
x10 <- 0x5555555555555400
mem[X,0x0000000080002AF0] -> 0x0513
mem[X,0x0000000080002AF2] -> 0x1545
[2753] [M]: 0x0000000080002AF0 (0x15450513) addi a0, a0, 340
x10 <- 0x5555555555555554
mem[X,0x0000000080002AF4] -> 0x3593
mem[X,0x0000000080002AF6] -> 0x0405
[2754] [M]: 0x0000000080002AF4 (0x04053593) sltiu a1, a0, 64
x11 <- 0x0000000000000000
mem[X,0x0000000080002AF8] -> 0x3C23
mem[X,0x0000000080002AFA] -> 0x40B1
[2755] [M]: 0x0000000080002AF8 (0x40B13C23) sd a1, 1048(sp)
mem[0x0000000080008DE0] <- 0x0000000000000000
mem[X,0x0000000080002AFC] -> 0xB537
mem[X,0x0000000080002AFE] -> 0xAAAA
[2756] [M]: 0x0000000080002AFC (0xAAAAB537) lui a0, 699051
x10 <- 0xFFFFFFFFAAAAB000
mem[X,0x0000000080002B00] -> 0x0513
mem[X,0x0000000080002B02] -> 0xAAA5
[2757] [M]: 0x0000000080002B00 (0xAAA50513) addi a0, a0, 2730
x10 <- 0xFFFFFFFFAAAAAAAA
mem[X,0x0000000080002B04] -> 0x1513
mem[X,0x0000000080002B06] -> 0x00B5
[2758] [M]: 0x0000000080002B04 (0x00B51513) slli a0, a0, 11
x10 <- 0xFFFFFD5555555000
mem[X,0x0000000080002B08] -> 0x0513
mem[X,0x0000000080002B0A] -> 0x5555
[2759] [M]: 0x0000000080002B08 (0x55550513) addi a0, a0, 1365
x10 <- 0xFFFFFD5555555555
mem[X,0x0000000080002B0C] -> 0x1513
mem[X,0x0000000080002B0E] -> 0x00B5
[2760] [M]: 0x0000000080002B0C (0x00B51513) slli a0, a0, 11
x10 <- 0xFFEAAAAAAAAAA800
mem[X,0x0000000080002B10] -> 0x0513
mem[X,0x0000000080002B12] -> 0x2AA5
[2761] [M]: 0x0000000080002B10 (0x2AA50513) addi a0, a0, 682
x10 <- 0xFFEAAAAAAAAAAAAA
mem[X,0x0000000080002B14] -> 0x1513
mem[X,0x0000000080002B16] -> 0x00A5
[2762] [M]: 0x0000000080002B14 (0x00A51513) slli a0, a0, 10
x10 <- 0xAAAAAAAAAAAAA800
mem[X,0x0000000080002B18] -> 0x0513
mem[X,0x0000000080002B1A] -> 0x2A95
[2763] [M]: 0x0000000080002B18 (0x2A950513) addi a0, a0, 681
x10 <- 0xAAAAAAAAAAAAAAA9
mem[X,0x0000000080002B1C] -> 0x3593
mem[X,0x0000000080002B1E] -> 0x0035
[2764] [M]: 0x0000000080002B1C (0x00353593) sltiu a1, a0, 3
x11 <- 0x0000000000000000
mem[X,0x0000000080002B20] -> 0x3023
mem[X,0x0000000080002B22] -> 0x42B1
[2765] [M]: 0x0000000080002B20 (0x42B13023) sd a1, 1056(sp)
mem[0x0000000080008DE8] <- 0x0000000000000000
mem[X,0x0000000080002B24] -> 0xB537
mem[X,0x0000000080002B26] -> 0xAAAA
[2766] [M]: 0x0000000080002B24 (0xAAAAB537) lui a0, 699051
x10 <- 0xFFFFFFFFAAAAB000
mem[X,0x0000000080002B28] -> 0x0513
mem[X,0x0000000080002B2A] -> 0xAAA5
[2767] [M]: 0x0000000080002B28 (0xAAA50513) addi a0, a0, 2730
x10 <- 0xFFFFFFFFAAAAAAAA
mem[X,0x0000000080002B2C] -> 0x1513
mem[X,0x0000000080002B2E] -> 0x00B5
[2768] [M]: 0x0000000080002B2C (0x00B51513) slli a0, a0, 11
x10 <- 0xFFFFFD5555555000
mem[X,0x0000000080002B30] -> 0x0513
mem[X,0x0000000080002B32] -> 0x5555
[2769] [M]: 0x0000000080002B30 (0x55550513) addi a0, a0, 1365
x10 <- 0xFFFFFD5555555555
mem[X,0x0000000080002B34] -> 0x1513
mem[X,0x0000000080002B36] -> 0x00B5
[2770] [M]: 0x0000000080002B34 (0x00B51513) slli a0, a0, 11
x10 <- 0xFFEAAAAAAAAAA800
mem[X,0x0000000080002B38] -> 0x0513
mem[X,0x0000000080002B3A] -> 0x2AA5
[2771] [M]: 0x0000000080002B38 (0x2AA50513) addi a0, a0, 682
x10 <- 0xFFEAAAAAAAAAAAAA
mem[X,0x0000000080002B3C] -> 0x1513
mem[X,0x0000000080002B3E] -> 0x00A5
[2772] [M]: 0x0000000080002B3C (0x00A51513) slli a0, a0, 10
x10 <- 0xAAAAAAAAAAAAA800
mem[X,0x0000000080002B40] -> 0x0513
mem[X,0x0000000080002B42] -> 0x2A95
[2773] [M]: 0x0000000080002B40 (0x2A950513) addi a0, a0, 681
x10 <- 0xAAAAAAAAAAAAAAA9
mem[X,0x0000000080002B44] -> 0x3593
mem[X,0x0000000080002B46] -> 0x5555
[2774] [M]: 0x0000000080002B44 (0x55553593) sltiu a1, a0, 1365
x11 <- 0x0000000000000000
mem[X,0x0000000080002B48] -> 0x3423
mem[X,0x0000000080002B4A] -> 0x42B1
[2775] [M]: 0x0000000080002B48 (0x42B13423) sd a1, 1064(sp)
mem[0x0000000080008DF0] <- 0x0000000000000000
mem[X,0x0000000080002B4C] -> 0xB537
mem[X,0x0000000080002B4E] -> 0xAAAA
[2776] [M]: 0x0000000080002B4C (0xAAAAB537) lui a0, 699051
x10 <- 0xFFFFFFFFAAAAB000
mem[X,0x0000000080002B50] -> 0x0513
mem[X,0x0000000080002B52] -> 0xAAA5
[2777] [M]: 0x0000000080002B50 (0xAAA50513) addi a0, a0, 2730
x10 <- 0xFFFFFFFFAAAAAAAA
mem[X,0x0000000080002B54] -> 0x1513
mem[X,0x0000000080002B56] -> 0x00B5
[2778] [M]: 0x0000000080002B54 (0x00B51513) slli a0, a0, 11
x10 <- 0xFFFFFD5555555000
mem[X,0x0000000080002B58] -> 0x0513
mem[X,0x0000000080002B5A] -> 0x5555
[2779] [M]: 0x0000000080002B58 (0x55550513) addi a0, a0, 1365
x10 <- 0xFFFFFD5555555555
mem[X,0x0000000080002B5C] -> 0x1513
mem[X,0x0000000080002B5E] -> 0x00B5
[2780] [M]: 0x0000000080002B5C (0x00B51513) slli a0, a0, 11
x10 <- 0xFFEAAAAAAAAAA800
mem[X,0x0000000080002B60] -> 0x0513
mem[X,0x0000000080002B62] -> 0x2AA5
[2781] [M]: 0x0000000080002B60 (0x2AA50513) addi a0, a0, 682
x10 <- 0xFFEAAAAAAAAAAAAA
mem[X,0x0000000080002B64] -> 0x1513
mem[X,0x0000000080002B66] -> 0x00A5
[2782] [M]: 0x0000000080002B64 (0x00A51513) slli a0, a0, 10
x10 <- 0xAAAAAAAAAAAAA800
mem[X,0x0000000080002B68] -> 0x0513
mem[X,0x0000000080002B6A] -> 0x2A95
[2783] [M]: 0x0000000080002B68 (0x2A950513) addi a0, a0, 681
x10 <- 0xAAAAAAAAAAAAAAA9
mem[X,0x0000000080002B6C] -> 0x3593
mem[X,0x0000000080002B6E] -> 0xAAA5
[2784] [M]: 0x0000000080002B6C (0xAAA53593) sltiu a1, a0, 2730
x11 <- 0x0000000000000001
mem[X,0x0000000080002B70] -> 0x3823
mem[X,0x0000000080002B72] -> 0x42B1
[2785] [M]: 0x0000000080002B70 (0x42B13823) sd a1, 1072(sp)
mem[0x0000000080008DF8] <- 0x0000000000000001
mem[X,0x0000000080002B74] -> 0xB537
mem[X,0x0000000080002B76] -> 0xAAAA
[2786] [M]: 0x0000000080002B74 (0xAAAAB537) lui a0, 699051
x10 <- 0xFFFFFFFFAAAAB000
mem[X,0x0000000080002B78] -> 0x0513
mem[X,0x0000000080002B7A] -> 0xAAA5
[2787] [M]: 0x0000000080002B78 (0xAAA50513) addi a0, a0, 2730
x10 <- 0xFFFFFFFFAAAAAAAA
mem[X,0x0000000080002B7C] -> 0x1513
mem[X,0x0000000080002B7E] -> 0x00B5
[2788] [M]: 0x0000000080002B7C (0x00B51513) slli a0, a0, 11
x10 <- 0xFFFFFD5555555000
mem[X,0x0000000080002B80] -> 0x0513
mem[X,0x0000000080002B82] -> 0x5555
[2789] [M]: 0x0000000080002B80 (0x55550513) addi a0, a0, 1365
x10 <- 0xFFFFFD5555555555
mem[X,0x0000000080002B84] -> 0x1513
mem[X,0x0000000080002B86] -> 0x00B5
[2790] [M]: 0x0000000080002B84 (0x00B51513) slli a0, a0, 11
x10 <- 0xFFEAAAAAAAAAA800
mem[X,0x0000000080002B88] -> 0x0513
mem[X,0x0000000080002B8A] -> 0x2AA5
[2791] [M]: 0x0000000080002B88 (0x2AA50513) addi a0, a0, 682
x10 <- 0xFFEAAAAAAAAAAAAA
mem[X,0x0000000080002B8C] -> 0x1513
mem[X,0x0000000080002B8E] -> 0x00A5
[2792] [M]: 0x0000000080002B8C (0x00A51513) slli a0, a0, 10
x10 <- 0xAAAAAAAAAAAAA800
mem[X,0x0000000080002B90] -> 0x0513
mem[X,0x0000000080002B92] -> 0x2A95
[2793] [M]: 0x0000000080002B90 (0x2A950513) addi a0, a0, 681
x10 <- 0xAAAAAAAAAAAAAAA9
mem[X,0x0000000080002B94] -> 0x3593
mem[X,0x0000000080002B96] -> 0x0055
[2794] [M]: 0x0000000080002B94 (0x00553593) sltiu a1, a0, 5
x11 <- 0x0000000000000000
mem[X,0x0000000080002B98] -> 0x3C23
mem[X,0x0000000080002B9A] -> 0x42B1
[2795] [M]: 0x0000000080002B98 (0x42B13C23) sd a1, 1080(sp)
mem[0x0000000080008E00] <- 0x0000000000000000
mem[X,0x0000000080002B9C] -> 0xB537
mem[X,0x0000000080002B9E] -> 0xAAAA
[2796] [M]: 0x0000000080002B9C (0xAAAAB537) lui a0, 699051
x10 <- 0xFFFFFFFFAAAAB000
mem[X,0x0000000080002BA0] -> 0x0513
mem[X,0x0000000080002BA2] -> 0xAAA5
[2797] [M]: 0x0000000080002BA0 (0xAAA50513) addi a0, a0, 2730
x10 <- 0xFFFFFFFFAAAAAAAA
mem[X,0x0000000080002BA4] -> 0x1513
mem[X,0x0000000080002BA6] -> 0x00B5
[2798] [M]: 0x0000000080002BA4 (0x00B51513) slli a0, a0, 11
x10 <- 0xFFFFFD5555555000
mem[X,0x0000000080002BA8] -> 0x0513
mem[X,0x0000000080002BAA] -> 0x5555
[2799] [M]: 0x0000000080002BA8 (0x55550513) addi a0, a0, 1365
x10 <- 0xFFFFFD5555555555
clint::tick mtime <- 0x000000000000001C
 clint timer pending at mtime 0x000000000000001C
htif::tick 0x0000000000000000
mem[X,0x0000000080002BAC] -> 0x1513
mem[X,0x0000000080002BAE] -> 0x00B5
[2800] [M]: 0x0000000080002BAC (0x00B51513) slli a0, a0, 11
x10 <- 0xFFEAAAAAAAAAA800
mem[X,0x0000000080002BB0] -> 0x0513
mem[X,0x0000000080002BB2] -> 0x2AA5
[2801] [M]: 0x0000000080002BB0 (0x2AA50513) addi a0, a0, 682
x10 <- 0xFFEAAAAAAAAAAAAA
mem[X,0x0000000080002BB4] -> 0x1513
mem[X,0x0000000080002BB6] -> 0x00A5
[2802] [M]: 0x0000000080002BB4 (0x00A51513) slli a0, a0, 10
x10 <- 0xAAAAAAAAAAAAA800
mem[X,0x0000000080002BB8] -> 0x0513
mem[X,0x0000000080002BBA] -> 0x2A95
[2803] [M]: 0x0000000080002BB8 (0x2A950513) addi a0, a0, 681
x10 <- 0xAAAAAAAAAAAAAAA9
mem[X,0x0000000080002BBC] -> 0x3593
mem[X,0x0000000080002BBE] -> 0x3335
[2804] [M]: 0x0000000080002BBC (0x33353593) sltiu a1, a0, 819
x11 <- 0x0000000000000000
mem[X,0x0000000080002BC0] -> 0x3023
mem[X,0x0000000080002BC2] -> 0x44B1
[2805] [M]: 0x0000000080002BC0 (0x44B13023) sd a1, 1088(sp)
mem[0x0000000080008E08] <- 0x0000000000000000
mem[X,0x0000000080002BC4] -> 0xB537
mem[X,0x0000000080002BC6] -> 0xAAAA
[2806] [M]: 0x0000000080002BC4 (0xAAAAB537) lui a0, 699051
x10 <- 0xFFFFFFFFAAAAB000
mem[X,0x0000000080002BC8] -> 0x0513
mem[X,0x0000000080002BCA] -> 0xAAA5
[2807] [M]: 0x0000000080002BC8 (0xAAA50513) addi a0, a0, 2730
x10 <- 0xFFFFFFFFAAAAAAAA
mem[X,0x0000000080002BCC] -> 0x1513
mem[X,0x0000000080002BCE] -> 0x00B5
[2808] [M]: 0x0000000080002BCC (0x00B51513) slli a0, a0, 11
x10 <- 0xFFFFFD5555555000
mem[X,0x0000000080002BD0] -> 0x0513
mem[X,0x0000000080002BD2] -> 0x5555
[2809] [M]: 0x0000000080002BD0 (0x55550513) addi a0, a0, 1365
x10 <- 0xFFFFFD5555555555
mem[X,0x0000000080002BD4] -> 0x1513
mem[X,0x0000000080002BD6] -> 0x00B5
[2810] [M]: 0x0000000080002BD4 (0x00B51513) slli a0, a0, 11
x10 <- 0xFFEAAAAAAAAAA800
mem[X,0x0000000080002BD8] -> 0x0513
mem[X,0x0000000080002BDA] -> 0x2AA5
[2811] [M]: 0x0000000080002BD8 (0x2AA50513) addi a0, a0, 682
x10 <- 0xFFEAAAAAAAAAAAAA
mem[X,0x0000000080002BDC] -> 0x1513
mem[X,0x0000000080002BDE] -> 0x00A5
[2812] [M]: 0x0000000080002BDC (0x00A51513) slli a0, a0, 10
x10 <- 0xAAAAAAAAAAAAA800
mem[X,0x0000000080002BE0] -> 0x0513
mem[X,0x0000000080002BE2] -> 0x2A95
[2813] [M]: 0x0000000080002BE0 (0x2A950513) addi a0, a0, 681
x10 <- 0xAAAAAAAAAAAAAAA9
mem[X,0x0000000080002BE4] -> 0x3593
mem[X,0x0000000080002BE6] -> 0x6665
[2814] [M]: 0x0000000080002BE4 (0x66653593) sltiu a1, a0, 1638
x11 <- 0x0000000000000000
mem[X,0x0000000080002BE8] -> 0x3423
mem[X,0x0000000080002BEA] -> 0x44B1
[2815] [M]: 0x0000000080002BE8 (0x44B13423) sd a1, 1096(sp)
mem[0x0000000080008E10] <- 0x0000000000000000
mem[X,0x0000000080002BEC] -> 0xB537
mem[X,0x0000000080002BEE] -> 0xAAAA
[2816] [M]: 0x0000000080002BEC (0xAAAAB537) lui a0, 699051
x10 <- 0xFFFFFFFFAAAAB000
mem[X,0x0000000080002BF0] -> 0x0513
mem[X,0x0000000080002BF2] -> 0xAAA5
[2817] [M]: 0x0000000080002BF0 (0xAAA50513) addi a0, a0, 2730
x10 <- 0xFFFFFFFFAAAAAAAA
mem[X,0x0000000080002BF4] -> 0x1513
mem[X,0x0000000080002BF6] -> 0x00B5
[2818] [M]: 0x0000000080002BF4 (0x00B51513) slli a0, a0, 11
x10 <- 0xFFFFFD5555555000
mem[X,0x0000000080002BF8] -> 0x0513
mem[X,0x0000000080002BFA] -> 0x5555
[2819] [M]: 0x0000000080002BF8 (0x55550513) addi a0, a0, 1365
x10 <- 0xFFFFFD5555555555
mem[X,0x0000000080002BFC] -> 0x1513
mem[X,0x0000000080002BFE] -> 0x00B5
[2820] [M]: 0x0000000080002BFC (0x00B51513) slli a0, a0, 11
x10 <- 0xFFEAAAAAAAAAA800
mem[X,0x0000000080002C00] -> 0x0513
mem[X,0x0000000080002C02] -> 0x2AA5
[2821] [M]: 0x0000000080002C00 (0x2AA50513) addi a0, a0, 682
x10 <- 0xFFEAAAAAAAAAAAAA
mem[X,0x0000000080002C04] -> 0x1513
mem[X,0x0000000080002C06] -> 0x00A5
[2822] [M]: 0x0000000080002C04 (0x00A51513) slli a0, a0, 10
x10 <- 0xAAAAAAAAAAAAA800
mem[X,0x0000000080002C08] -> 0x0513
mem[X,0x0000000080002C0A] -> 0x2A95
[2823] [M]: 0x0000000080002C08 (0x2A950513) addi a0, a0, 681
x10 <- 0xAAAAAAAAAAAAAAA9
mem[X,0x0000000080002C0C] -> 0x3593
mem[X,0x0000000080002C0E] -> 0x02D5
[2824] [M]: 0x0000000080002C0C (0x02D53593) sltiu a1, a0, 45
x11 <- 0x0000000000000000
mem[X,0x0000000080002C10] -> 0x3823
mem[X,0x0000000080002C12] -> 0x44B1
[2825] [M]: 0x0000000080002C10 (0x44B13823) sd a1, 1104(sp)
mem[0x0000000080008E18] <- 0x0000000000000000
mem[X,0x0000000080002C14] -> 0xB537
mem[X,0x0000000080002C16] -> 0xAAAA
[2826] [M]: 0x0000000080002C14 (0xAAAAB537) lui a0, 699051
x10 <- 0xFFFFFFFFAAAAB000
mem[X,0x0000000080002C18] -> 0x0513
mem[X,0x0000000080002C1A] -> 0xAAA5
[2827] [M]: 0x0000000080002C18 (0xAAA50513) addi a0, a0, 2730
x10 <- 0xFFFFFFFFAAAAAAAA
mem[X,0x0000000080002C1C] -> 0x1513
mem[X,0x0000000080002C1E] -> 0x00B5
[2828] [M]: 0x0000000080002C1C (0x00B51513) slli a0, a0, 11
x10 <- 0xFFFFFD5555555000
mem[X,0x0000000080002C20] -> 0x0513
mem[X,0x0000000080002C22] -> 0x5555
[2829] [M]: 0x0000000080002C20 (0x55550513) addi a0, a0, 1365
x10 <- 0xFFFFFD5555555555
mem[X,0x0000000080002C24] -> 0x1513
mem[X,0x0000000080002C26] -> 0x00B5
[2830] [M]: 0x0000000080002C24 (0x00B51513) slli a0, a0, 11
x10 <- 0xFFEAAAAAAAAAA800
mem[X,0x0000000080002C28] -> 0x0513
mem[X,0x0000000080002C2A] -> 0x2AA5
[2831] [M]: 0x0000000080002C28 (0x2AA50513) addi a0, a0, 682
x10 <- 0xFFEAAAAAAAAAAAAA
mem[X,0x0000000080002C2C] -> 0x1513
mem[X,0x0000000080002C2E] -> 0x00A5
[2832] [M]: 0x0000000080002C2C (0x00A51513) slli a0, a0, 10
x10 <- 0xAAAAAAAAAAAAA800
mem[X,0x0000000080002C30] -> 0x0513
mem[X,0x0000000080002C32] -> 0x2A95
[2833] [M]: 0x0000000080002C30 (0x2A950513) addi a0, a0, 681
x10 <- 0xAAAAAAAAAAAAAAA9
mem[X,0x0000000080002C34] -> 0x3593
mem[X,0x0000000080002C36] -> 0x0005
[2834] [M]: 0x0000000080002C34 (0x00053593) sltiu a1, a0, 0
x11 <- 0x0000000000000000
mem[X,0x0000000080002C38] -> 0x3C23
mem[X,0x0000000080002C3A] -> 0x44B1
[2835] [M]: 0x0000000080002C38 (0x44B13C23) sd a1, 1112(sp)
mem[0x0000000080008E20] <- 0x0000000000000000
mem[X,0x0000000080002C3C] -> 0xB537
mem[X,0x0000000080002C3E] -> 0xAAAA
[2836] [M]: 0x0000000080002C3C (0xAAAAB537) lui a0, 699051
x10 <- 0xFFFFFFFFAAAAB000
mem[X,0x0000000080002C40] -> 0x0513
mem[X,0x0000000080002C42] -> 0xAAA5
[2837] [M]: 0x0000000080002C40 (0xAAA50513) addi a0, a0, 2730
x10 <- 0xFFFFFFFFAAAAAAAA
mem[X,0x0000000080002C44] -> 0x1513
mem[X,0x0000000080002C46] -> 0x00B5
[2838] [M]: 0x0000000080002C44 (0x00B51513) slli a0, a0, 11
x10 <- 0xFFFFFD5555555000
mem[X,0x0000000080002C48] -> 0x0513
mem[X,0x0000000080002C4A] -> 0x5555
[2839] [M]: 0x0000000080002C48 (0x55550513) addi a0, a0, 1365
x10 <- 0xFFFFFD5555555555
mem[X,0x0000000080002C4C] -> 0x1513
mem[X,0x0000000080002C4E] -> 0x00B5
[2840] [M]: 0x0000000080002C4C (0x00B51513) slli a0, a0, 11
x10 <- 0xFFEAAAAAAAAAA800
mem[X,0x0000000080002C50] -> 0x0513
mem[X,0x0000000080002C52] -> 0x2AA5
[2841] [M]: 0x0000000080002C50 (0x2AA50513) addi a0, a0, 682
x10 <- 0xFFEAAAAAAAAAAAAA
mem[X,0x0000000080002C54] -> 0x1513
mem[X,0x0000000080002C56] -> 0x00A5
[2842] [M]: 0x0000000080002C54 (0x00A51513) slli a0, a0, 10
x10 <- 0xAAAAAAAAAAAAA800
mem[X,0x0000000080002C58] -> 0x0513
mem[X,0x0000000080002C5A] -> 0x2A95
[2843] [M]: 0x0000000080002C58 (0x2A950513) addi a0, a0, 681
x10 <- 0xAAAAAAAAAAAAAAA9
mem[X,0x0000000080002C5C] -> 0x3593
mem[X,0x0000000080002C5E] -> 0x03F5
[2844] [M]: 0x0000000080002C5C (0x03F53593) sltiu a1, a0, 63
x11 <- 0x0000000000000000
mem[X,0x0000000080002C60] -> 0x3023
mem[X,0x0000000080002C62] -> 0x46B1
[2845] [M]: 0x0000000080002C60 (0x46B13023) sd a1, 1120(sp)
mem[0x0000000080008E28] <- 0x0000000000000000
mem[X,0x0000000080002C64] -> 0xB537
mem[X,0x0000000080002C66] -> 0xAAAA
[2846] [M]: 0x0000000080002C64 (0xAAAAB537) lui a0, 699051
x10 <- 0xFFFFFFFFAAAAB000
mem[X,0x0000000080002C68] -> 0x0513
mem[X,0x0000000080002C6A] -> 0xAAA5
[2847] [M]: 0x0000000080002C68 (0xAAA50513) addi a0, a0, 2730
x10 <- 0xFFFFFFFFAAAAAAAA
mem[X,0x0000000080002C6C] -> 0x1513
mem[X,0x0000000080002C6E] -> 0x00B5
[2848] [M]: 0x0000000080002C6C (0x00B51513) slli a0, a0, 11
x10 <- 0xFFFFFD5555555000
mem[X,0x0000000080002C70] -> 0x0513
mem[X,0x0000000080002C72] -> 0x5555
[2849] [M]: 0x0000000080002C70 (0x55550513) addi a0, a0, 1365
x10 <- 0xFFFFFD5555555555
mem[X,0x0000000080002C74] -> 0x1513
mem[X,0x0000000080002C76] -> 0x00B5
[2850] [M]: 0x0000000080002C74 (0x00B51513) slli a0, a0, 11
x10 <- 0xFFEAAAAAAAAAA800
mem[X,0x0000000080002C78] -> 0x0513
mem[X,0x0000000080002C7A] -> 0x2AA5
[2851] [M]: 0x0000000080002C78 (0x2AA50513) addi a0, a0, 682
x10 <- 0xFFEAAAAAAAAAAAAA
mem[X,0x0000000080002C7C] -> 0x1513
mem[X,0x0000000080002C7E] -> 0x00A5
[2852] [M]: 0x0000000080002C7C (0x00A51513) slli a0, a0, 10
x10 <- 0xAAAAAAAAAAAAA800
mem[X,0x0000000080002C80] -> 0x0513
mem[X,0x0000000080002C82] -> 0x2A95
[2853] [M]: 0x0000000080002C80 (0x2A950513) addi a0, a0, 681
x10 <- 0xAAAAAAAAAAAAAAA9
mem[X,0x0000000080002C84] -> 0x3593
mem[X,0x0000000080002C86] -> 0x0025
[2854] [M]: 0x0000000080002C84 (0x00253593) sltiu a1, a0, 2
x11 <- 0x0000000000000000
mem[X,0x0000000080002C88] -> 0x3423
mem[X,0x0000000080002C8A] -> 0x46B1
[2855] [M]: 0x0000000080002C88 (0x46B13423) sd a1, 1128(sp)
mem[0x0000000080008E30] <- 0x0000000000000000
mem[X,0x0000000080002C8C] -> 0xB537
mem[X,0x0000000080002C8E] -> 0xAAAA
[2856] [M]: 0x0000000080002C8C (0xAAAAB537) lui a0, 699051
x10 <- 0xFFFFFFFFAAAAB000
mem[X,0x0000000080002C90] -> 0x0513
mem[X,0x0000000080002C92] -> 0xAAA5
[2857] [M]: 0x0000000080002C90 (0xAAA50513) addi a0, a0, 2730
x10 <- 0xFFFFFFFFAAAAAAAA
mem[X,0x0000000080002C94] -> 0x1513
mem[X,0x0000000080002C96] -> 0x00B5
[2858] [M]: 0x0000000080002C94 (0x00B51513) slli a0, a0, 11
x10 <- 0xFFFFFD5555555000
mem[X,0x0000000080002C98] -> 0x0513
mem[X,0x0000000080002C9A] -> 0x5555
[2859] [M]: 0x0000000080002C98 (0x55550513) addi a0, a0, 1365
x10 <- 0xFFFFFD5555555555
mem[X,0x0000000080002C9C] -> 0x1513
mem[X,0x0000000080002C9E] -> 0x00B5
[2860] [M]: 0x0000000080002C9C (0x00B51513) slli a0, a0, 11
x10 <- 0xFFEAAAAAAAAAA800
mem[X,0x0000000080002CA0] -> 0x0513
mem[X,0x0000000080002CA2] -> 0x2AA5
[2861] [M]: 0x0000000080002CA0 (0x2AA50513) addi a0, a0, 682
x10 <- 0xFFEAAAAAAAAAAAAA
mem[X,0x0000000080002CA4] -> 0x1513
mem[X,0x0000000080002CA6] -> 0x00A5
[2862] [M]: 0x0000000080002CA4 (0x00A51513) slli a0, a0, 10
x10 <- 0xAAAAAAAAAAAAA800
mem[X,0x0000000080002CA8] -> 0x0513
mem[X,0x0000000080002CAA] -> 0x2A95
[2863] [M]: 0x0000000080002CA8 (0x2A950513) addi a0, a0, 681
x10 <- 0xAAAAAAAAAAAAAAA9
mem[X,0x0000000080002CAC] -> 0x3593
mem[X,0x0000000080002CAE] -> 0x5545
[2864] [M]: 0x0000000080002CAC (0x55453593) sltiu a1, a0, 1364
x11 <- 0x0000000000000000
mem[X,0x0000000080002CB0] -> 0x3823
mem[X,0x0000000080002CB2] -> 0x46B1
[2865] [M]: 0x0000000080002CB0 (0x46B13823) sd a1, 1136(sp)
mem[0x0000000080008E38] <- 0x0000000000000000
mem[X,0x0000000080002CB4] -> 0xB537
mem[X,0x0000000080002CB6] -> 0xAAAA
[2866] [M]: 0x0000000080002CB4 (0xAAAAB537) lui a0, 699051
x10 <- 0xFFFFFFFFAAAAB000
mem[X,0x0000000080002CB8] -> 0x0513
mem[X,0x0000000080002CBA] -> 0xAAA5
[2867] [M]: 0x0000000080002CB8 (0xAAA50513) addi a0, a0, 2730
x10 <- 0xFFFFFFFFAAAAAAAA
mem[X,0x0000000080002CBC] -> 0x1513
mem[X,0x0000000080002CBE] -> 0x00B5
[2868] [M]: 0x0000000080002CBC (0x00B51513) slli a0, a0, 11
x10 <- 0xFFFFFD5555555000
mem[X,0x0000000080002CC0] -> 0x0513
mem[X,0x0000000080002CC2] -> 0x5555
[2869] [M]: 0x0000000080002CC0 (0x55550513) addi a0, a0, 1365
x10 <- 0xFFFFFD5555555555
mem[X,0x0000000080002CC4] -> 0x1513
mem[X,0x0000000080002CC6] -> 0x00B5
[2870] [M]: 0x0000000080002CC4 (0x00B51513) slli a0, a0, 11
x10 <- 0xFFEAAAAAAAAAA800
mem[X,0x0000000080002CC8] -> 0x0513
mem[X,0x0000000080002CCA] -> 0x2AA5
[2871] [M]: 0x0000000080002CC8 (0x2AA50513) addi a0, a0, 682
x10 <- 0xFFEAAAAAAAAAAAAA
mem[X,0x0000000080002CCC] -> 0x1513
mem[X,0x0000000080002CCE] -> 0x00A5
[2872] [M]: 0x0000000080002CCC (0x00A51513) slli a0, a0, 10
x10 <- 0xAAAAAAAAAAAAA800
mem[X,0x0000000080002CD0] -> 0x0513
mem[X,0x0000000080002CD2] -> 0x2A95
[2873] [M]: 0x0000000080002CD0 (0x2A950513) addi a0, a0, 681
x10 <- 0xAAAAAAAAAAAAAAA9
mem[X,0x0000000080002CD4] -> 0x3593
mem[X,0x0000000080002CD6] -> 0xAA95
[2874] [M]: 0x0000000080002CD4 (0xAA953593) sltiu a1, a0, 2729
x11 <- 0x0000000000000001
mem[X,0x0000000080002CD8] -> 0x3C23
mem[X,0x0000000080002CDA] -> 0x46B1
[2875] [M]: 0x0000000080002CD8 (0x46B13C23) sd a1, 1144(sp)
mem[0x0000000080008E40] <- 0x0000000000000001
mem[X,0x0000000080002CDC] -> 0xB537
mem[X,0x0000000080002CDE] -> 0xAAAA
[2876] [M]: 0x0000000080002CDC (0xAAAAB537) lui a0, 699051
x10 <- 0xFFFFFFFFAAAAB000
mem[X,0x0000000080002CE0] -> 0x0513
mem[X,0x0000000080002CE2] -> 0xAAA5
[2877] [M]: 0x0000000080002CE0 (0xAAA50513) addi a0, a0, 2730
x10 <- 0xFFFFFFFFAAAAAAAA
mem[X,0x0000000080002CE4] -> 0x1513
mem[X,0x0000000080002CE6] -> 0x00B5
[2878] [M]: 0x0000000080002CE4 (0x00B51513) slli a0, a0, 11
x10 <- 0xFFFFFD5555555000
mem[X,0x0000000080002CE8] -> 0x0513
mem[X,0x0000000080002CEA] -> 0x5555
[2879] [M]: 0x0000000080002CE8 (0x55550513) addi a0, a0, 1365
x10 <- 0xFFFFFD5555555555
mem[X,0x0000000080002CEC] -> 0x1513
mem[X,0x0000000080002CEE] -> 0x00B5
[2880] [M]: 0x0000000080002CEC (0x00B51513) slli a0, a0, 11
x10 <- 0xFFEAAAAAAAAAA800
mem[X,0x0000000080002CF0] -> 0x0513
mem[X,0x0000000080002CF2] -> 0x2AA5
[2881] [M]: 0x0000000080002CF0 (0x2AA50513) addi a0, a0, 682
x10 <- 0xFFEAAAAAAAAAAAAA
mem[X,0x0000000080002CF4] -> 0x1513
mem[X,0x0000000080002CF6] -> 0x00A5
[2882] [M]: 0x0000000080002CF4 (0x00A51513) slli a0, a0, 10
x10 <- 0xAAAAAAAAAAAAA800
mem[X,0x0000000080002CF8] -> 0x0513
mem[X,0x0000000080002CFA] -> 0x2A95
[2883] [M]: 0x0000000080002CF8 (0x2A950513) addi a0, a0, 681
x10 <- 0xAAAAAAAAAAAAAAA9
mem[X,0x0000000080002CFC] -> 0x3593
mem[X,0x0000000080002CFE] -> 0x0045
[2884] [M]: 0x0000000080002CFC (0x00453593) sltiu a1, a0, 4
x11 <- 0x0000000000000000
mem[X,0x0000000080002D00] -> 0x3023
mem[X,0x0000000080002D02] -> 0x48B1
[2885] [M]: 0x0000000080002D00 (0x48B13023) sd a1, 1152(sp)
mem[0x0000000080008E48] <- 0x0000000000000000
mem[X,0x0000000080002D04] -> 0xB537
mem[X,0x0000000080002D06] -> 0xAAAA
[2886] [M]: 0x0000000080002D04 (0xAAAAB537) lui a0, 699051
x10 <- 0xFFFFFFFFAAAAB000
mem[X,0x0000000080002D08] -> 0x0513
mem[X,0x0000000080002D0A] -> 0xAAA5
[2887] [M]: 0x0000000080002D08 (0xAAA50513) addi a0, a0, 2730
x10 <- 0xFFFFFFFFAAAAAAAA
mem[X,0x0000000080002D0C] -> 0x1513
mem[X,0x0000000080002D0E] -> 0x00B5
[2888] [M]: 0x0000000080002D0C (0x00B51513) slli a0, a0, 11
x10 <- 0xFFFFFD5555555000
mem[X,0x0000000080002D10] -> 0x0513
mem[X,0x0000000080002D12] -> 0x5555
[2889] [M]: 0x0000000080002D10 (0x55550513) addi a0, a0, 1365
x10 <- 0xFFFFFD5555555555
mem[X,0x0000000080002D14] -> 0x1513
mem[X,0x0000000080002D16] -> 0x00B5
[2890] [M]: 0x0000000080002D14 (0x00B51513) slli a0, a0, 11
x10 <- 0xFFEAAAAAAAAAA800
mem[X,0x0000000080002D18] -> 0x0513
mem[X,0x0000000080002D1A] -> 0x2AA5
[2891] [M]: 0x0000000080002D18 (0x2AA50513) addi a0, a0, 682
x10 <- 0xFFEAAAAAAAAAAAAA
mem[X,0x0000000080002D1C] -> 0x1513
mem[X,0x0000000080002D1E] -> 0x00A5
[2892] [M]: 0x0000000080002D1C (0x00A51513) slli a0, a0, 10
x10 <- 0xAAAAAAAAAAAAA800
mem[X,0x0000000080002D20] -> 0x0513
mem[X,0x0000000080002D22] -> 0x2A95
[2893] [M]: 0x0000000080002D20 (0x2A950513) addi a0, a0, 681
x10 <- 0xAAAAAAAAAAAAAAA9
mem[X,0x0000000080002D24] -> 0x3593
mem[X,0x0000000080002D26] -> 0x3325
[2894] [M]: 0x0000000080002D24 (0x33253593) sltiu a1, a0, 818
x11 <- 0x0000000000000000
mem[X,0x0000000080002D28] -> 0x3423
mem[X,0x0000000080002D2A] -> 0x48B1
[2895] [M]: 0x0000000080002D28 (0x48B13423) sd a1, 1160(sp)
mem[0x0000000080008E50] <- 0x0000000000000000
mem[X,0x0000000080002D2C] -> 0xB537
mem[X,0x0000000080002D2E] -> 0xAAAA
[2896] [M]: 0x0000000080002D2C (0xAAAAB537) lui a0, 699051
x10 <- 0xFFFFFFFFAAAAB000
mem[X,0x0000000080002D30] -> 0x0513
mem[X,0x0000000080002D32] -> 0xAAA5
[2897] [M]: 0x0000000080002D30 (0xAAA50513) addi a0, a0, 2730
x10 <- 0xFFFFFFFFAAAAAAAA
mem[X,0x0000000080002D34] -> 0x1513
mem[X,0x0000000080002D36] -> 0x00B5
[2898] [M]: 0x0000000080002D34 (0x00B51513) slli a0, a0, 11
x10 <- 0xFFFFFD5555555000
mem[X,0x0000000080002D38] -> 0x0513
mem[X,0x0000000080002D3A] -> 0x5555
[2899] [M]: 0x0000000080002D38 (0x55550513) addi a0, a0, 1365
x10 <- 0xFFFFFD5555555555
clint::tick mtime <- 0x000000000000001D
 clint timer pending at mtime 0x000000000000001D
htif::tick 0x0000000000000000
mem[X,0x0000000080002D3C] -> 0x1513
mem[X,0x0000000080002D3E] -> 0x00B5
[2900] [M]: 0x0000000080002D3C (0x00B51513) slli a0, a0, 11
x10 <- 0xFFEAAAAAAAAAA800
mem[X,0x0000000080002D40] -> 0x0513
mem[X,0x0000000080002D42] -> 0x2AA5
[2901] [M]: 0x0000000080002D40 (0x2AA50513) addi a0, a0, 682
x10 <- 0xFFEAAAAAAAAAAAAA
mem[X,0x0000000080002D44] -> 0x1513
mem[X,0x0000000080002D46] -> 0x00A5
[2902] [M]: 0x0000000080002D44 (0x00A51513) slli a0, a0, 10
x10 <- 0xAAAAAAAAAAAAA800
mem[X,0x0000000080002D48] -> 0x0513
mem[X,0x0000000080002D4A] -> 0x2A95
[2903] [M]: 0x0000000080002D48 (0x2A950513) addi a0, a0, 681
x10 <- 0xAAAAAAAAAAAAAAA9
mem[X,0x0000000080002D4C] -> 0x3593
mem[X,0x0000000080002D4E] -> 0x6655
[2904] [M]: 0x0000000080002D4C (0x66553593) sltiu a1, a0, 1637
x11 <- 0x0000000000000000
mem[X,0x0000000080002D50] -> 0x3823
mem[X,0x0000000080002D52] -> 0x48B1
[2905] [M]: 0x0000000080002D50 (0x48B13823) sd a1, 1168(sp)
mem[0x0000000080008E58] <- 0x0000000000000000
mem[X,0x0000000080002D54] -> 0xB537
mem[X,0x0000000080002D56] -> 0xAAAA
[2906] [M]: 0x0000000080002D54 (0xAAAAB537) lui a0, 699051
x10 <- 0xFFFFFFFFAAAAB000
mem[X,0x0000000080002D58] -> 0x0513
mem[X,0x0000000080002D5A] -> 0xAAA5
[2907] [M]: 0x0000000080002D58 (0xAAA50513) addi a0, a0, 2730
x10 <- 0xFFFFFFFFAAAAAAAA
mem[X,0x0000000080002D5C] -> 0x1513
mem[X,0x0000000080002D5E] -> 0x00B5
[2908] [M]: 0x0000000080002D5C (0x00B51513) slli a0, a0, 11
x10 <- 0xFFFFFD5555555000
mem[X,0x0000000080002D60] -> 0x0513
mem[X,0x0000000080002D62] -> 0x5555
[2909] [M]: 0x0000000080002D60 (0x55550513) addi a0, a0, 1365
x10 <- 0xFFFFFD5555555555
mem[X,0x0000000080002D64] -> 0x1513
mem[X,0x0000000080002D66] -> 0x00B5
[2910] [M]: 0x0000000080002D64 (0x00B51513) slli a0, a0, 11
x10 <- 0xFFEAAAAAAAAAA800
mem[X,0x0000000080002D68] -> 0x0513
mem[X,0x0000000080002D6A] -> 0x2AA5
[2911] [M]: 0x0000000080002D68 (0x2AA50513) addi a0, a0, 682
x10 <- 0xFFEAAAAAAAAAAAAA
mem[X,0x0000000080002D6C] -> 0x1513
mem[X,0x0000000080002D6E] -> 0x00A5
[2912] [M]: 0x0000000080002D6C (0x00A51513) slli a0, a0, 10
x10 <- 0xAAAAAAAAAAAAA800
mem[X,0x0000000080002D70] -> 0x0513
mem[X,0x0000000080002D72] -> 0x2A95
[2913] [M]: 0x0000000080002D70 (0x2A950513) addi a0, a0, 681
x10 <- 0xAAAAAAAAAAAAAAA9
mem[X,0x0000000080002D74] -> 0x3593
mem[X,0x0000000080002D76] -> 0x02C5
[2914] [M]: 0x0000000080002D74 (0x02C53593) sltiu a1, a0, 44
x11 <- 0x0000000000000000
mem[X,0x0000000080002D78] -> 0x3C23
mem[X,0x0000000080002D7A] -> 0x48B1
[2915] [M]: 0x0000000080002D78 (0x48B13C23) sd a1, 1176(sp)
mem[0x0000000080008E60] <- 0x0000000000000000
mem[X,0x0000000080002D7C] -> 0xB537
mem[X,0x0000000080002D7E] -> 0xAAAA
[2916] [M]: 0x0000000080002D7C (0xAAAAB537) lui a0, 699051
x10 <- 0xFFFFFFFFAAAAB000
mem[X,0x0000000080002D80] -> 0x0513
mem[X,0x0000000080002D82] -> 0xAAA5
[2917] [M]: 0x0000000080002D80 (0xAAA50513) addi a0, a0, 2730
x10 <- 0xFFFFFFFFAAAAAAAA
mem[X,0x0000000080002D84] -> 0x1513
mem[X,0x0000000080002D86] -> 0x00B5
[2918] [M]: 0x0000000080002D84 (0x00B51513) slli a0, a0, 11
x10 <- 0xFFFFFD5555555000
mem[X,0x0000000080002D88] -> 0x0513
mem[X,0x0000000080002D8A] -> 0x5555
[2919] [M]: 0x0000000080002D88 (0x55550513) addi a0, a0, 1365
x10 <- 0xFFFFFD5555555555
mem[X,0x0000000080002D8C] -> 0x1513
mem[X,0x0000000080002D8E] -> 0x00B5
[2920] [M]: 0x0000000080002D8C (0x00B51513) slli a0, a0, 11
x10 <- 0xFFEAAAAAAAAAA800
mem[X,0x0000000080002D90] -> 0x0513
mem[X,0x0000000080002D92] -> 0x2AA5
[2921] [M]: 0x0000000080002D90 (0x2AA50513) addi a0, a0, 682
x10 <- 0xFFEAAAAAAAAAAAAA
mem[X,0x0000000080002D94] -> 0x1513
mem[X,0x0000000080002D96] -> 0x00A5
[2922] [M]: 0x0000000080002D94 (0x00A51513) slli a0, a0, 10
x10 <- 0xAAAAAAAAAAAAA800
mem[X,0x0000000080002D98] -> 0x0513
mem[X,0x0000000080002D9A] -> 0x2A95
[2923] [M]: 0x0000000080002D98 (0x2A950513) addi a0, a0, 681
x10 <- 0xAAAAAAAAAAAAAAA9
mem[X,0x0000000080002D9C] -> 0x3593
mem[X,0x0000000080002D9E] -> 0x03E5
[2924] [M]: 0x0000000080002D9C (0x03E53593) sltiu a1, a0, 62
x11 <- 0x0000000000000000
mem[X,0x0000000080002DA0] -> 0x3023
mem[X,0x0000000080002DA2] -> 0x4AB1
[2925] [M]: 0x0000000080002DA0 (0x4AB13023) sd a1, 1184(sp)
mem[0x0000000080008E68] <- 0x0000000000000000
mem[X,0x0000000080002DA4] -> 0xB537
mem[X,0x0000000080002DA6] -> 0xAAAA
[2926] [M]: 0x0000000080002DA4 (0xAAAAB537) lui a0, 699051
x10 <- 0xFFFFFFFFAAAAB000
mem[X,0x0000000080002DA8] -> 0x0513
mem[X,0x0000000080002DAA] -> 0xAAA5
[2927] [M]: 0x0000000080002DA8 (0xAAA50513) addi a0, a0, 2730
x10 <- 0xFFFFFFFFAAAAAAAA
mem[X,0x0000000080002DAC] -> 0x1513
mem[X,0x0000000080002DAE] -> 0x00B5
[2928] [M]: 0x0000000080002DAC (0x00B51513) slli a0, a0, 11
x10 <- 0xFFFFFD5555555000
mem[X,0x0000000080002DB0] -> 0x0513
mem[X,0x0000000080002DB2] -> 0x5555
[2929] [M]: 0x0000000080002DB0 (0x55550513) addi a0, a0, 1365
x10 <- 0xFFFFFD5555555555
mem[X,0x0000000080002DB4] -> 0x1513
mem[X,0x0000000080002DB6] -> 0x00B5
[2930] [M]: 0x0000000080002DB4 (0x00B51513) slli a0, a0, 11
x10 <- 0xFFEAAAAAAAAAA800
mem[X,0x0000000080002DB8] -> 0x0513
mem[X,0x0000000080002DBA] -> 0x2AA5
[2931] [M]: 0x0000000080002DB8 (0x2AA50513) addi a0, a0, 682
x10 <- 0xFFEAAAAAAAAAAAAA
mem[X,0x0000000080002DBC] -> 0x1513
mem[X,0x0000000080002DBE] -> 0x00A5
[2932] [M]: 0x0000000080002DBC (0x00A51513) slli a0, a0, 10
x10 <- 0xAAAAAAAAAAAAA800
mem[X,0x0000000080002DC0] -> 0x0513
mem[X,0x0000000080002DC2] -> 0x2A95
[2933] [M]: 0x0000000080002DC0 (0x2A950513) addi a0, a0, 681
x10 <- 0xAAAAAAAAAAAAAAA9
mem[X,0x0000000080002DC4] -> 0x3593
mem[X,0x0000000080002DC6] -> 0x5565
[2934] [M]: 0x0000000080002DC4 (0x55653593) sltiu a1, a0, 1366
x11 <- 0x0000000000000000
mem[X,0x0000000080002DC8] -> 0x3423
mem[X,0x0000000080002DCA] -> 0x4AB1
[2935] [M]: 0x0000000080002DC8 (0x4AB13423) sd a1, 1192(sp)
mem[0x0000000080008E70] <- 0x0000000000000000
mem[X,0x0000000080002DCC] -> 0xB537
mem[X,0x0000000080002DCE] -> 0xAAAA
[2936] [M]: 0x0000000080002DCC (0xAAAAB537) lui a0, 699051
x10 <- 0xFFFFFFFFAAAAB000
mem[X,0x0000000080002DD0] -> 0x0513
mem[X,0x0000000080002DD2] -> 0xAAA5
[2937] [M]: 0x0000000080002DD0 (0xAAA50513) addi a0, a0, 2730
x10 <- 0xFFFFFFFFAAAAAAAA
mem[X,0x0000000080002DD4] -> 0x1513
mem[X,0x0000000080002DD6] -> 0x00B5
[2938] [M]: 0x0000000080002DD4 (0x00B51513) slli a0, a0, 11
x10 <- 0xFFFFFD5555555000
mem[X,0x0000000080002DD8] -> 0x0513
mem[X,0x0000000080002DDA] -> 0x5555
[2939] [M]: 0x0000000080002DD8 (0x55550513) addi a0, a0, 1365
x10 <- 0xFFFFFD5555555555
mem[X,0x0000000080002DDC] -> 0x1513
mem[X,0x0000000080002DDE] -> 0x00B5
[2940] [M]: 0x0000000080002DDC (0x00B51513) slli a0, a0, 11
x10 <- 0xFFEAAAAAAAAAA800
mem[X,0x0000000080002DE0] -> 0x0513
mem[X,0x0000000080002DE2] -> 0x2AA5
[2941] [M]: 0x0000000080002DE0 (0x2AA50513) addi a0, a0, 682
x10 <- 0xFFEAAAAAAAAAAAAA
mem[X,0x0000000080002DE4] -> 0x1513
mem[X,0x0000000080002DE6] -> 0x00A5
[2942] [M]: 0x0000000080002DE4 (0x00A51513) slli a0, a0, 10
x10 <- 0xAAAAAAAAAAAAA800
mem[X,0x0000000080002DE8] -> 0x0513
mem[X,0x0000000080002DEA] -> 0x2A95
[2943] [M]: 0x0000000080002DE8 (0x2A950513) addi a0, a0, 681
x10 <- 0xAAAAAAAAAAAAAAA9
mem[X,0x0000000080002DEC] -> 0x3593
mem[X,0x0000000080002DEE] -> 0xAAB5
[2944] [M]: 0x0000000080002DEC (0xAAB53593) sltiu a1, a0, 2731
x11 <- 0x0000000000000001
mem[X,0x0000000080002DF0] -> 0x3823
mem[X,0x0000000080002DF2] -> 0x4AB1
[2945] [M]: 0x0000000080002DF0 (0x4AB13823) sd a1, 1200(sp)
mem[0x0000000080008E78] <- 0x0000000000000001
mem[X,0x0000000080002DF4] -> 0xB537
mem[X,0x0000000080002DF6] -> 0xAAAA
[2946] [M]: 0x0000000080002DF4 (0xAAAAB537) lui a0, 699051
x10 <- 0xFFFFFFFFAAAAB000
mem[X,0x0000000080002DF8] -> 0x0513
mem[X,0x0000000080002DFA] -> 0xAAA5
[2947] [M]: 0x0000000080002DF8 (0xAAA50513) addi a0, a0, 2730
x10 <- 0xFFFFFFFFAAAAAAAA
mem[X,0x0000000080002DFC] -> 0x1513
mem[X,0x0000000080002DFE] -> 0x00B5
[2948] [M]: 0x0000000080002DFC (0x00B51513) slli a0, a0, 11
x10 <- 0xFFFFFD5555555000
mem[X,0x0000000080002E00] -> 0x0513
mem[X,0x0000000080002E02] -> 0x5555
[2949] [M]: 0x0000000080002E00 (0x55550513) addi a0, a0, 1365
x10 <- 0xFFFFFD5555555555
mem[X,0x0000000080002E04] -> 0x1513
mem[X,0x0000000080002E06] -> 0x00B5
[2950] [M]: 0x0000000080002E04 (0x00B51513) slli a0, a0, 11
x10 <- 0xFFEAAAAAAAAAA800
mem[X,0x0000000080002E08] -> 0x0513
mem[X,0x0000000080002E0A] -> 0x2AA5
[2951] [M]: 0x0000000080002E08 (0x2AA50513) addi a0, a0, 682
x10 <- 0xFFEAAAAAAAAAAAAA
mem[X,0x0000000080002E0C] -> 0x1513
mem[X,0x0000000080002E0E] -> 0x00A5
[2952] [M]: 0x0000000080002E0C (0x00A51513) slli a0, a0, 10
x10 <- 0xAAAAAAAAAAAAA800
mem[X,0x0000000080002E10] -> 0x0513
mem[X,0x0000000080002E12] -> 0x2A95
[2953] [M]: 0x0000000080002E10 (0x2A950513) addi a0, a0, 681
x10 <- 0xAAAAAAAAAAAAAAA9
mem[X,0x0000000080002E14] -> 0x3593
mem[X,0x0000000080002E16] -> 0x0065
[2954] [M]: 0x0000000080002E14 (0x00653593) sltiu a1, a0, 6
x11 <- 0x0000000000000000
mem[X,0x0000000080002E18] -> 0x3C23
mem[X,0x0000000080002E1A] -> 0x4AB1
[2955] [M]: 0x0000000080002E18 (0x4AB13C23) sd a1, 1208(sp)
mem[0x0000000080008E80] <- 0x0000000000000000
mem[X,0x0000000080002E1C] -> 0xB537
mem[X,0x0000000080002E1E] -> 0xAAAA
[2956] [M]: 0x0000000080002E1C (0xAAAAB537) lui a0, 699051
x10 <- 0xFFFFFFFFAAAAB000
mem[X,0x0000000080002E20] -> 0x0513
mem[X,0x0000000080002E22] -> 0xAAA5
[2957] [M]: 0x0000000080002E20 (0xAAA50513) addi a0, a0, 2730
x10 <- 0xFFFFFFFFAAAAAAAA
mem[X,0x0000000080002E24] -> 0x1513
mem[X,0x0000000080002E26] -> 0x00B5
[2958] [M]: 0x0000000080002E24 (0x00B51513) slli a0, a0, 11
x10 <- 0xFFFFFD5555555000
mem[X,0x0000000080002E28] -> 0x0513
mem[X,0x0000000080002E2A] -> 0x5555
[2959] [M]: 0x0000000080002E28 (0x55550513) addi a0, a0, 1365
x10 <- 0xFFFFFD5555555555
mem[X,0x0000000080002E2C] -> 0x1513
mem[X,0x0000000080002E2E] -> 0x00B5
[2960] [M]: 0x0000000080002E2C (0x00B51513) slli a0, a0, 11
x10 <- 0xFFEAAAAAAAAAA800
mem[X,0x0000000080002E30] -> 0x0513
mem[X,0x0000000080002E32] -> 0x2AA5
[2961] [M]: 0x0000000080002E30 (0x2AA50513) addi a0, a0, 682
x10 <- 0xFFEAAAAAAAAAAAAA
mem[X,0x0000000080002E34] -> 0x1513
mem[X,0x0000000080002E36] -> 0x00A5
[2962] [M]: 0x0000000080002E34 (0x00A51513) slli a0, a0, 10
x10 <- 0xAAAAAAAAAAAAA800
mem[X,0x0000000080002E38] -> 0x0513
mem[X,0x0000000080002E3A] -> 0x2A95
[2963] [M]: 0x0000000080002E38 (0x2A950513) addi a0, a0, 681
x10 <- 0xAAAAAAAAAAAAAAA9
mem[X,0x0000000080002E3C] -> 0x3593
mem[X,0x0000000080002E3E] -> 0x3345
[2964] [M]: 0x0000000080002E3C (0x33453593) sltiu a1, a0, 820
x11 <- 0x0000000000000000
mem[X,0x0000000080002E40] -> 0x3023
mem[X,0x0000000080002E42] -> 0x4CB1
[2965] [M]: 0x0000000080002E40 (0x4CB13023) sd a1, 1216(sp)
mem[0x0000000080008E88] <- 0x0000000000000000
mem[X,0x0000000080002E44] -> 0xB537
mem[X,0x0000000080002E46] -> 0xAAAA
[2966] [M]: 0x0000000080002E44 (0xAAAAB537) lui a0, 699051
x10 <- 0xFFFFFFFFAAAAB000
mem[X,0x0000000080002E48] -> 0x0513
mem[X,0x0000000080002E4A] -> 0xAAA5
[2967] [M]: 0x0000000080002E48 (0xAAA50513) addi a0, a0, 2730
x10 <- 0xFFFFFFFFAAAAAAAA
mem[X,0x0000000080002E4C] -> 0x1513
mem[X,0x0000000080002E4E] -> 0x00B5
[2968] [M]: 0x0000000080002E4C (0x00B51513) slli a0, a0, 11
x10 <- 0xFFFFFD5555555000
mem[X,0x0000000080002E50] -> 0x0513
mem[X,0x0000000080002E52] -> 0x5555
[2969] [M]: 0x0000000080002E50 (0x55550513) addi a0, a0, 1365
x10 <- 0xFFFFFD5555555555
mem[X,0x0000000080002E54] -> 0x1513
mem[X,0x0000000080002E56] -> 0x00B5
[2970] [M]: 0x0000000080002E54 (0x00B51513) slli a0, a0, 11
x10 <- 0xFFEAAAAAAAAAA800
mem[X,0x0000000080002E58] -> 0x0513
mem[X,0x0000000080002E5A] -> 0x2AA5
[2971] [M]: 0x0000000080002E58 (0x2AA50513) addi a0, a0, 682
x10 <- 0xFFEAAAAAAAAAAAAA
mem[X,0x0000000080002E5C] -> 0x1513
mem[X,0x0000000080002E5E] -> 0x00A5
[2972] [M]: 0x0000000080002E5C (0x00A51513) slli a0, a0, 10
x10 <- 0xAAAAAAAAAAAAA800
mem[X,0x0000000080002E60] -> 0x0513
mem[X,0x0000000080002E62] -> 0x2A95
[2973] [M]: 0x0000000080002E60 (0x2A950513) addi a0, a0, 681
x10 <- 0xAAAAAAAAAAAAAAA9
mem[X,0x0000000080002E64] -> 0x3593
mem[X,0x0000000080002E66] -> 0x6675
[2974] [M]: 0x0000000080002E64 (0x66753593) sltiu a1, a0, 1639
x11 <- 0x0000000000000000
mem[X,0x0000000080002E68] -> 0x3423
mem[X,0x0000000080002E6A] -> 0x4CB1
[2975] [M]: 0x0000000080002E68 (0x4CB13423) sd a1, 1224(sp)
mem[0x0000000080008E90] <- 0x0000000000000000
mem[X,0x0000000080002E6C] -> 0xB537
mem[X,0x0000000080002E6E] -> 0xAAAA
[2976] [M]: 0x0000000080002E6C (0xAAAAB537) lui a0, 699051
x10 <- 0xFFFFFFFFAAAAB000
mem[X,0x0000000080002E70] -> 0x0513
mem[X,0x0000000080002E72] -> 0xAAA5
[2977] [M]: 0x0000000080002E70 (0xAAA50513) addi a0, a0, 2730
x10 <- 0xFFFFFFFFAAAAAAAA
mem[X,0x0000000080002E74] -> 0x1513
mem[X,0x0000000080002E76] -> 0x00B5
[2978] [M]: 0x0000000080002E74 (0x00B51513) slli a0, a0, 11
x10 <- 0xFFFFFD5555555000
mem[X,0x0000000080002E78] -> 0x0513
mem[X,0x0000000080002E7A] -> 0x5555
[2979] [M]: 0x0000000080002E78 (0x55550513) addi a0, a0, 1365
x10 <- 0xFFFFFD5555555555
mem[X,0x0000000080002E7C] -> 0x1513
mem[X,0x0000000080002E7E] -> 0x00B5
[2980] [M]: 0x0000000080002E7C (0x00B51513) slli a0, a0, 11
x10 <- 0xFFEAAAAAAAAAA800
mem[X,0x0000000080002E80] -> 0x0513
mem[X,0x0000000080002E82] -> 0x2AA5
[2981] [M]: 0x0000000080002E80 (0x2AA50513) addi a0, a0, 682
x10 <- 0xFFEAAAAAAAAAAAAA
mem[X,0x0000000080002E84] -> 0x1513
mem[X,0x0000000080002E86] -> 0x00A5
[2982] [M]: 0x0000000080002E84 (0x00A51513) slli a0, a0, 10
x10 <- 0xAAAAAAAAAAAAA800
mem[X,0x0000000080002E88] -> 0x0513
mem[X,0x0000000080002E8A] -> 0x2A95
[2983] [M]: 0x0000000080002E88 (0x2A950513) addi a0, a0, 681
x10 <- 0xAAAAAAAAAAAAAAA9
mem[X,0x0000000080002E8C] -> 0x3593
mem[X,0x0000000080002E8E] -> 0x02E5
[2984] [M]: 0x0000000080002E8C (0x02E53593) sltiu a1, a0, 46
x11 <- 0x0000000000000000
mem[X,0x0000000080002E90] -> 0x3823
mem[X,0x0000000080002E92] -> 0x4CB1
[2985] [M]: 0x0000000080002E90 (0x4CB13823) sd a1, 1232(sp)
mem[0x0000000080008E98] <- 0x0000000000000000
mem[X,0x0000000080002E94] -> 0xB537
mem[X,0x0000000080002E96] -> 0xAAAA
[2986] [M]: 0x0000000080002E94 (0xAAAAB537) lui a0, 699051
x10 <- 0xFFFFFFFFAAAAB000
mem[X,0x0000000080002E98] -> 0x0513
mem[X,0x0000000080002E9A] -> 0xAAA5
[2987] [M]: 0x0000000080002E98 (0xAAA50513) addi a0, a0, 2730
x10 <- 0xFFFFFFFFAAAAAAAA
mem[X,0x0000000080002E9C] -> 0x1513
mem[X,0x0000000080002E9E] -> 0x00B5
[2988] [M]: 0x0000000080002E9C (0x00B51513) slli a0, a0, 11
x10 <- 0xFFFFFD5555555000
mem[X,0x0000000080002EA0] -> 0x0513
mem[X,0x0000000080002EA2] -> 0x5555
[2989] [M]: 0x0000000080002EA0 (0x55550513) addi a0, a0, 1365
x10 <- 0xFFFFFD5555555555
mem[X,0x0000000080002EA4] -> 0x1513
mem[X,0x0000000080002EA6] -> 0x00B5
[2990] [M]: 0x0000000080002EA4 (0x00B51513) slli a0, a0, 11
x10 <- 0xFFEAAAAAAAAAA800
mem[X,0x0000000080002EA8] -> 0x0513
mem[X,0x0000000080002EAA] -> 0x2AA5
[2991] [M]: 0x0000000080002EA8 (0x2AA50513) addi a0, a0, 682
x10 <- 0xFFEAAAAAAAAAAAAA
mem[X,0x0000000080002EAC] -> 0x1513
mem[X,0x0000000080002EAE] -> 0x00A5
[2992] [M]: 0x0000000080002EAC (0x00A51513) slli a0, a0, 10
x10 <- 0xAAAAAAAAAAAAA800
mem[X,0x0000000080002EB0] -> 0x0513
mem[X,0x0000000080002EB2] -> 0x2A95
[2993] [M]: 0x0000000080002EB0 (0x2A950513) addi a0, a0, 681
x10 <- 0xAAAAAAAAAAAAAAA9
mem[X,0x0000000080002EB4] -> 0x3593
mem[X,0x0000000080002EB6] -> 0x0015
[2994] [M]: 0x0000000080002EB4 (0x00153593) sltiu a1, a0, 1
x11 <- 0x0000000000000000
mem[X,0x0000000080002EB8] -> 0x3C23
mem[X,0x0000000080002EBA] -> 0x4CB1
[2995] [M]: 0x0000000080002EB8 (0x4CB13C23) sd a1, 1240(sp)
mem[0x0000000080008EA0] <- 0x0000000000000000
mem[X,0x0000000080002EBC] -> 0xB537
mem[X,0x0000000080002EBE] -> 0xAAAA
[2996] [M]: 0x0000000080002EBC (0xAAAAB537) lui a0, 699051
x10 <- 0xFFFFFFFFAAAAB000
mem[X,0x0000000080002EC0] -> 0x0513
mem[X,0x0000000080002EC2] -> 0xAAA5
[2997] [M]: 0x0000000080002EC0 (0xAAA50513) addi a0, a0, 2730
x10 <- 0xFFFFFFFFAAAAAAAA
mem[X,0x0000000080002EC4] -> 0x1513
mem[X,0x0000000080002EC6] -> 0x00B5
[2998] [M]: 0x0000000080002EC4 (0x00B51513) slli a0, a0, 11
x10 <- 0xFFFFFD5555555000
mem[X,0x0000000080002EC8] -> 0x0513
mem[X,0x0000000080002ECA] -> 0x5555
[2999] [M]: 0x0000000080002EC8 (0x55550513) addi a0, a0, 1365
x10 <- 0xFFFFFD5555555555
clint::tick mtime <- 0x000000000000001E
 clint timer pending at mtime 0x000000000000001E
htif::tick 0x0000000000000000
mem[X,0x0000000080002ECC] -> 0x1513
mem[X,0x0000000080002ECE] -> 0x00B5
[3000] [M]: 0x0000000080002ECC (0x00B51513) slli a0, a0, 11
x10 <- 0xFFEAAAAAAAAAA800
mem[X,0x0000000080002ED0] -> 0x0513
mem[X,0x0000000080002ED2] -> 0x2AA5
[3001] [M]: 0x0000000080002ED0 (0x2AA50513) addi a0, a0, 682
x10 <- 0xFFEAAAAAAAAAAAAA
mem[X,0x0000000080002ED4] -> 0x1513
mem[X,0x0000000080002ED6] -> 0x00A5
[3002] [M]: 0x0000000080002ED4 (0x00A51513) slli a0, a0, 10
x10 <- 0xAAAAAAAAAAAAA800
mem[X,0x0000000080002ED8] -> 0x0513
mem[X,0x0000000080002EDA] -> 0x2A95
[3003] [M]: 0x0000000080002ED8 (0x2A950513) addi a0, a0, 681
x10 <- 0xAAAAAAAAAAAAAAA9
mem[X,0x0000000080002EDC] -> 0x3593
mem[X,0x0000000080002EDE] -> 0x0405
[3004] [M]: 0x0000000080002EDC (0x04053593) sltiu a1, a0, 64
x11 <- 0x0000000000000000
mem[X,0x0000000080002EE0] -> 0x3023
mem[X,0x0000000080002EE2] -> 0x4EB1
[3005] [M]: 0x0000000080002EE0 (0x4EB13023) sd a1, 1248(sp)
mem[0x0000000080008EA8] <- 0x0000000000000000
mem[X,0x0000000080002EE4] -> 0x0513
mem[X,0x0000000080002EE6] -> 0x0040
[3006] [M]: 0x0000000080002EE4 (0x00400513) addi a0, zero, 4
x10 <- 0x0000000000000004
mem[X,0x0000000080002EE8] -> 0x3593
mem[X,0x0000000080002EEA] -> 0x0035
[3007] [M]: 0x0000000080002EE8 (0x00353593) sltiu a1, a0, 3
x11 <- 0x0000000000000000
mem[X,0x0000000080002EEC] -> 0x3423
mem[X,0x0000000080002EEE] -> 0x4EB1
[3008] [M]: 0x0000000080002EEC (0x4EB13423) sd a1, 1256(sp)
mem[0x0000000080008EB0] <- 0x0000000000000000
mem[X,0x0000000080002EF0] -> 0x0513
mem[X,0x0000000080002EF2] -> 0x0040
[3009] [M]: 0x0000000080002EF0 (0x00400513) addi a0, zero, 4
x10 <- 0x0000000000000004
mem[X,0x0000000080002EF4] -> 0x3593
mem[X,0x0000000080002EF6] -> 0x5555
[3010] [M]: 0x0000000080002EF4 (0x55553593) sltiu a1, a0, 1365
x11 <- 0x0000000000000001
mem[X,0x0000000080002EF8] -> 0x3823
mem[X,0x0000000080002EFA] -> 0x4EB1
[3011] [M]: 0x0000000080002EF8 (0x4EB13823) sd a1, 1264(sp)
mem[0x0000000080008EB8] <- 0x0000000000000001
mem[X,0x0000000080002EFC] -> 0x0513
mem[X,0x0000000080002EFE] -> 0x0040
[3012] [M]: 0x0000000080002EFC (0x00400513) addi a0, zero, 4
x10 <- 0x0000000000000004
mem[X,0x0000000080002F00] -> 0x3593
mem[X,0x0000000080002F02] -> 0x0055
[3013] [M]: 0x0000000080002F00 (0x00553593) sltiu a1, a0, 5
x11 <- 0x0000000000000001
mem[X,0x0000000080002F04] -> 0x3C23
mem[X,0x0000000080002F06] -> 0x4EB1
[3014] [M]: 0x0000000080002F04 (0x4EB13C23) sd a1, 1272(sp)
mem[0x0000000080008EC0] <- 0x0000000000000001
mem[X,0x0000000080002F08] -> 0x0513
mem[X,0x0000000080002F0A] -> 0x0040
[3015] [M]: 0x0000000080002F08 (0x00400513) addi a0, zero, 4
x10 <- 0x0000000000000004
mem[X,0x0000000080002F0C] -> 0x3593
mem[X,0x0000000080002F0E] -> 0x3335
[3016] [M]: 0x0000000080002F0C (0x33353593) sltiu a1, a0, 819
x11 <- 0x0000000000000001
mem[X,0x0000000080002F10] -> 0x3023
mem[X,0x0000000080002F12] -> 0x50B1
[3017] [M]: 0x0000000080002F10 (0x50B13023) sd a1, 1280(sp)
mem[0x0000000080008EC8] <- 0x0000000000000001
mem[X,0x0000000080002F14] -> 0x0513
mem[X,0x0000000080002F16] -> 0x0040
[3018] [M]: 0x0000000080002F14 (0x00400513) addi a0, zero, 4
x10 <- 0x0000000000000004
mem[X,0x0000000080002F18] -> 0x3593
mem[X,0x0000000080002F1A] -> 0x6665
[3019] [M]: 0x0000000080002F18 (0x66653593) sltiu a1, a0, 1638
x11 <- 0x0000000000000001
mem[X,0x0000000080002F1C] -> 0x3423
mem[X,0x0000000080002F1E] -> 0x50B1
[3020] [M]: 0x0000000080002F1C (0x50B13423) sd a1, 1288(sp)
mem[0x0000000080008ED0] <- 0x0000000000000001
mem[X,0x0000000080002F20] -> 0x0513
mem[X,0x0000000080002F22] -> 0x0040
[3021] [M]: 0x0000000080002F20 (0x00400513) addi a0, zero, 4
x10 <- 0x0000000000000004
mem[X,0x0000000080002F24] -> 0x3593
mem[X,0x0000000080002F26] -> 0x02D5
[3022] [M]: 0x0000000080002F24 (0x02D53593) sltiu a1, a0, 45
x11 <- 0x0000000000000001
mem[X,0x0000000080002F28] -> 0x3823
mem[X,0x0000000080002F2A] -> 0x50B1
[3023] [M]: 0x0000000080002F28 (0x50B13823) sd a1, 1296(sp)
mem[0x0000000080008ED8] <- 0x0000000000000001
mem[X,0x0000000080002F2C] -> 0x0513
mem[X,0x0000000080002F2E] -> 0x0040
[3024] [M]: 0x0000000080002F2C (0x00400513) addi a0, zero, 4
x10 <- 0x0000000000000004
mem[X,0x0000000080002F30] -> 0x3593
mem[X,0x0000000080002F32] -> 0x0005
[3025] [M]: 0x0000000080002F30 (0x00053593) sltiu a1, a0, 0
x11 <- 0x0000000000000000
mem[X,0x0000000080002F34] -> 0x3C23
mem[X,0x0000000080002F36] -> 0x50B1
[3026] [M]: 0x0000000080002F34 (0x50B13C23) sd a1, 1304(sp)
mem[0x0000000080008EE0] <- 0x0000000000000000
mem[X,0x0000000080002F38] -> 0x0513
mem[X,0x0000000080002F3A] -> 0x0040
[3027] [M]: 0x0000000080002F38 (0x00400513) addi a0, zero, 4
x10 <- 0x0000000000000004
mem[X,0x0000000080002F3C] -> 0x3593
mem[X,0x0000000080002F3E] -> 0x03F5
[3028] [M]: 0x0000000080002F3C (0x03F53593) sltiu a1, a0, 63
x11 <- 0x0000000000000001
mem[X,0x0000000080002F40] -> 0x3023
mem[X,0x0000000080002F42] -> 0x52B1
[3029] [M]: 0x0000000080002F40 (0x52B13023) sd a1, 1312(sp)
mem[0x0000000080008EE8] <- 0x0000000000000001
mem[X,0x0000000080002F44] -> 0x0513
mem[X,0x0000000080002F46] -> 0x0040
[3030] [M]: 0x0000000080002F44 (0x00400513) addi a0, zero, 4
x10 <- 0x0000000000000004
mem[X,0x0000000080002F48] -> 0x3593
mem[X,0x0000000080002F4A] -> 0x0025
[3031] [M]: 0x0000000080002F48 (0x00253593) sltiu a1, a0, 2
x11 <- 0x0000000000000000
mem[X,0x0000000080002F4C] -> 0x3423
mem[X,0x0000000080002F4E] -> 0x52B1
[3032] [M]: 0x0000000080002F4C (0x52B13423) sd a1, 1320(sp)
mem[0x0000000080008EF0] <- 0x0000000000000000
mem[X,0x0000000080002F50] -> 0x0513
mem[X,0x0000000080002F52] -> 0x0040
[3033] [M]: 0x0000000080002F50 (0x00400513) addi a0, zero, 4
x10 <- 0x0000000000000004
mem[X,0x0000000080002F54] -> 0x3593
mem[X,0x0000000080002F56] -> 0x5545
[3034] [M]: 0x0000000080002F54 (0x55453593) sltiu a1, a0, 1364
x11 <- 0x0000000000000001
mem[X,0x0000000080002F58] -> 0x3823
mem[X,0x0000000080002F5A] -> 0x52B1
[3035] [M]: 0x0000000080002F58 (0x52B13823) sd a1, 1328(sp)
mem[0x0000000080008EF8] <- 0x0000000000000001
mem[X,0x0000000080002F5C] -> 0x0513
mem[X,0x0000000080002F5E] -> 0x0040
[3036] [M]: 0x0000000080002F5C (0x00400513) addi a0, zero, 4
x10 <- 0x0000000000000004
mem[X,0x0000000080002F60] -> 0x3593
mem[X,0x0000000080002F62] -> 0xAA95
[3037] [M]: 0x0000000080002F60 (0xAA953593) sltiu a1, a0, 2729
x11 <- 0x0000000000000001
mem[X,0x0000000080002F64] -> 0x3C23
mem[X,0x0000000080002F66] -> 0x52B1
[3038] [M]: 0x0000000080002F64 (0x52B13C23) sd a1, 1336(sp)
mem[0x0000000080008F00] <- 0x0000000000000001
mem[X,0x0000000080002F68] -> 0x0513
mem[X,0x0000000080002F6A] -> 0x0040
[3039] [M]: 0x0000000080002F68 (0x00400513) addi a0, zero, 4
x10 <- 0x0000000000000004
mem[X,0x0000000080002F6C] -> 0x3593
mem[X,0x0000000080002F6E] -> 0x0045
[3040] [M]: 0x0000000080002F6C (0x00453593) sltiu a1, a0, 4
x11 <- 0x0000000000000000
mem[X,0x0000000080002F70] -> 0x3023
mem[X,0x0000000080002F72] -> 0x54B1
[3041] [M]: 0x0000000080002F70 (0x54B13023) sd a1, 1344(sp)
mem[0x0000000080008F08] <- 0x0000000000000000
mem[X,0x0000000080002F74] -> 0x0513
mem[X,0x0000000080002F76] -> 0x0040
[3042] [M]: 0x0000000080002F74 (0x00400513) addi a0, zero, 4
x10 <- 0x0000000000000004
mem[X,0x0000000080002F78] -> 0x3593
mem[X,0x0000000080002F7A] -> 0x3325
[3043] [M]: 0x0000000080002F78 (0x33253593) sltiu a1, a0, 818
x11 <- 0x0000000000000001
mem[X,0x0000000080002F7C] -> 0x3423
mem[X,0x0000000080002F7E] -> 0x54B1
[3044] [M]: 0x0000000080002F7C (0x54B13423) sd a1, 1352(sp)
mem[0x0000000080008F10] <- 0x0000000000000001
mem[X,0x0000000080002F80] -> 0x0513
mem[X,0x0000000080002F82] -> 0x0040
[3045] [M]: 0x0000000080002F80 (0x00400513) addi a0, zero, 4
x10 <- 0x0000000000000004
mem[X,0x0000000080002F84] -> 0x3593
mem[X,0x0000000080002F86] -> 0x6655
[3046] [M]: 0x0000000080002F84 (0x66553593) sltiu a1, a0, 1637
x11 <- 0x0000000000000001
mem[X,0x0000000080002F88] -> 0x3823
mem[X,0x0000000080002F8A] -> 0x54B1
[3047] [M]: 0x0000000080002F88 (0x54B13823) sd a1, 1360(sp)
mem[0x0000000080008F18] <- 0x0000000000000001
mem[X,0x0000000080002F8C] -> 0x0513
mem[X,0x0000000080002F8E] -> 0x0040
[3048] [M]: 0x0000000080002F8C (0x00400513) addi a0, zero, 4
x10 <- 0x0000000000000004
mem[X,0x0000000080002F90] -> 0x3593
mem[X,0x0000000080002F92] -> 0x02C5
[3049] [M]: 0x0000000080002F90 (0x02C53593) sltiu a1, a0, 44
x11 <- 0x0000000000000001
mem[X,0x0000000080002F94] -> 0x3C23
mem[X,0x0000000080002F96] -> 0x54B1
[3050] [M]: 0x0000000080002F94 (0x54B13C23) sd a1, 1368(sp)
mem[0x0000000080008F20] <- 0x0000000000000001
mem[X,0x0000000080002F98] -> 0x0513
mem[X,0x0000000080002F9A] -> 0x0040
[3051] [M]: 0x0000000080002F98 (0x00400513) addi a0, zero, 4
x10 <- 0x0000000000000004
mem[X,0x0000000080002F9C] -> 0x3593
mem[X,0x0000000080002F9E] -> 0x03E5
[3052] [M]: 0x0000000080002F9C (0x03E53593) sltiu a1, a0, 62
x11 <- 0x0000000000000001
mem[X,0x0000000080002FA0] -> 0x3023
mem[X,0x0000000080002FA2] -> 0x56B1
[3053] [M]: 0x0000000080002FA0 (0x56B13023) sd a1, 1376(sp)
mem[0x0000000080008F28] <- 0x0000000000000001
mem[X,0x0000000080002FA4] -> 0x0513
mem[X,0x0000000080002FA6] -> 0x0040
[3054] [M]: 0x0000000080002FA4 (0x00400513) addi a0, zero, 4
x10 <- 0x0000000000000004
mem[X,0x0000000080002FA8] -> 0x3593
mem[X,0x0000000080002FAA] -> 0x5565
[3055] [M]: 0x0000000080002FA8 (0x55653593) sltiu a1, a0, 1366
x11 <- 0x0000000000000001
mem[X,0x0000000080002FAC] -> 0x3423
mem[X,0x0000000080002FAE] -> 0x56B1
[3056] [M]: 0x0000000080002FAC (0x56B13423) sd a1, 1384(sp)
mem[0x0000000080008F30] <- 0x0000000000000001
mem[X,0x0000000080002FB0] -> 0x0513
mem[X,0x0000000080002FB2] -> 0x0040
[3057] [M]: 0x0000000080002FB0 (0x00400513) addi a0, zero, 4
x10 <- 0x0000000000000004
mem[X,0x0000000080002FB4] -> 0x3593
mem[X,0x0000000080002FB6] -> 0xAAB5
[3058] [M]: 0x0000000080002FB4 (0xAAB53593) sltiu a1, a0, 2731
x11 <- 0x0000000000000001
mem[X,0x0000000080002FB8] -> 0x3823
mem[X,0x0000000080002FBA] -> 0x56B1
[3059] [M]: 0x0000000080002FB8 (0x56B13823) sd a1, 1392(sp)
mem[0x0000000080008F38] <- 0x0000000000000001
mem[X,0x0000000080002FBC] -> 0x0513
mem[X,0x0000000080002FBE] -> 0x0040
[3060] [M]: 0x0000000080002FBC (0x00400513) addi a0, zero, 4
x10 <- 0x0000000000000004
mem[X,0x0000000080002FC0] -> 0x3593
mem[X,0x0000000080002FC2] -> 0x0065
[3061] [M]: 0x0000000080002FC0 (0x00653593) sltiu a1, a0, 6
x11 <- 0x0000000000000001
mem[X,0x0000000080002FC4] -> 0x3C23
mem[X,0x0000000080002FC6] -> 0x56B1
[3062] [M]: 0x0000000080002FC4 (0x56B13C23) sd a1, 1400(sp)
mem[0x0000000080008F40] <- 0x0000000000000001
mem[X,0x0000000080002FC8] -> 0x0513
mem[X,0x0000000080002FCA] -> 0x0040
[3063] [M]: 0x0000000080002FC8 (0x00400513) addi a0, zero, 4
x10 <- 0x0000000000000004
mem[X,0x0000000080002FCC] -> 0x3593
mem[X,0x0000000080002FCE] -> 0x3345
[3064] [M]: 0x0000000080002FCC (0x33453593) sltiu a1, a0, 820
x11 <- 0x0000000000000001
mem[X,0x0000000080002FD0] -> 0x3023
mem[X,0x0000000080002FD2] -> 0x58B1
[3065] [M]: 0x0000000080002FD0 (0x58B13023) sd a1, 1408(sp)
mem[0x0000000080008F48] <- 0x0000000000000001
mem[X,0x0000000080002FD4] -> 0x0513
mem[X,0x0000000080002FD6] -> 0x0040
[3066] [M]: 0x0000000080002FD4 (0x00400513) addi a0, zero, 4
x10 <- 0x0000000000000004
mem[X,0x0000000080002FD8] -> 0x3593
mem[X,0x0000000080002FDA] -> 0x6675
[3067] [M]: 0x0000000080002FD8 (0x66753593) sltiu a1, a0, 1639
x11 <- 0x0000000000000001
mem[X,0x0000000080002FDC] -> 0x3423
mem[X,0x0000000080002FDE] -> 0x58B1
[3068] [M]: 0x0000000080002FDC (0x58B13423) sd a1, 1416(sp)
mem[0x0000000080008F50] <- 0x0000000000000001
mem[X,0x0000000080002FE0] -> 0x0513
mem[X,0x0000000080002FE2] -> 0x0040
[3069] [M]: 0x0000000080002FE0 (0x00400513) addi a0, zero, 4
x10 <- 0x0000000000000004
mem[X,0x0000000080002FE4] -> 0x3593
mem[X,0x0000000080002FE6] -> 0x02E5
[3070] [M]: 0x0000000080002FE4 (0x02E53593) sltiu a1, a0, 46
x11 <- 0x0000000000000001
mem[X,0x0000000080002FE8] -> 0x3823
mem[X,0x0000000080002FEA] -> 0x58B1
[3071] [M]: 0x0000000080002FE8 (0x58B13823) sd a1, 1424(sp)
mem[0x0000000080008F58] <- 0x0000000000000001
mem[X,0x0000000080002FEC] -> 0x0513
mem[X,0x0000000080002FEE] -> 0x0040
[3072] [M]: 0x0000000080002FEC (0x00400513) addi a0, zero, 4
x10 <- 0x0000000000000004
mem[X,0x0000000080002FF0] -> 0x3593
mem[X,0x0000000080002FF2] -> 0x0015
[3073] [M]: 0x0000000080002FF0 (0x00153593) sltiu a1, a0, 1
x11 <- 0x0000000000000000
mem[X,0x0000000080002FF4] -> 0x3C23
mem[X,0x0000000080002FF6] -> 0x58B1
[3074] [M]: 0x0000000080002FF4 (0x58B13C23) sd a1, 1432(sp)
mem[0x0000000080008F60] <- 0x0000000000000000
mem[X,0x0000000080002FF8] -> 0x0513
mem[X,0x0000000080002FFA] -> 0x0040
[3075] [M]: 0x0000000080002FF8 (0x00400513) addi a0, zero, 4
x10 <- 0x0000000000000004
mem[X,0x0000000080002FFC] -> 0x3593
mem[X,0x0000000080002FFE] -> 0x0405
[3076] [M]: 0x0000000080002FFC (0x04053593) sltiu a1, a0, 64
x11 <- 0x0000000000000001
mem[X,0x0000000080003000] -> 0x3023
mem[X,0x0000000080003002] -> 0x5AB1
[3077] [M]: 0x0000000080003000 (0x5AB13023) sd a1, 1440(sp)
mem[0x0000000080008F68] <- 0x0000000000000001
mem[X,0x0000000080003004] -> 0x3537
mem[X,0x0000000080003006] -> 0x3333
[3078] [M]: 0x0000000080003004 (0x33333537) lui a0, 209715
x10 <- 0x0000000033333000
mem[X,0x0000000080003008] -> 0x0513
mem[X,0x000000008000300A] -> 0x3335
[3079] [M]: 0x0000000080003008 (0x33350513) addi a0, a0, 819
x10 <- 0x0000000033333333
mem[X,0x000000008000300C] -> 0x1513
mem[X,0x000000008000300E] -> 0x00B5
[3080] [M]: 0x000000008000300C (0x00B51513) slli a0, a0, 11
x10 <- 0x0000019999999800
mem[X,0x0000000080003010] -> 0x0513
mem[X,0x0000000080003012] -> 0x1995
[3081] [M]: 0x0000000080003010 (0x19950513) addi a0, a0, 409
x10 <- 0x0000019999999999
mem[X,0x0000000080003014] -> 0x1513
mem[X,0x0000000080003016] -> 0x00B5
[3082] [M]: 0x0000000080003014 (0x00B51513) slli a0, a0, 11
x10 <- 0x000CCCCCCCCCC800
mem[X,0x0000000080003018] -> 0x0513
mem[X,0x000000008000301A] -> 0x4CC5
[3083] [M]: 0x0000000080003018 (0x4CC50513) addi a0, a0, 1228
x10 <- 0x000CCCCCCCCCCCCC
mem[X,0x000000008000301C] -> 0x1513
mem[X,0x000000008000301E] -> 0x00A5
[3084] [M]: 0x000000008000301C (0x00A51513) slli a0, a0, 10
x10 <- 0x3333333333333000
mem[X,0x0000000080003020] -> 0x0513
mem[X,0x0000000080003022] -> 0x3325
[3085] [M]: 0x0000000080003020 (0x33250513) addi a0, a0, 818
x10 <- 0x3333333333333332
mem[X,0x0000000080003024] -> 0x3593
mem[X,0x0000000080003026] -> 0x0035
[3086] [M]: 0x0000000080003024 (0x00353593) sltiu a1, a0, 3
x11 <- 0x0000000000000000
mem[X,0x0000000080003028] -> 0x3423
mem[X,0x000000008000302A] -> 0x5AB1
[3087] [M]: 0x0000000080003028 (0x5AB13423) sd a1, 1448(sp)
mem[0x0000000080008F70] <- 0x0000000000000000
mem[X,0x000000008000302C] -> 0x3537
mem[X,0x000000008000302E] -> 0x3333
[3088] [M]: 0x000000008000302C (0x33333537) lui a0, 209715
x10 <- 0x0000000033333000
mem[X,0x0000000080003030] -> 0x0513
mem[X,0x0000000080003032] -> 0x3335
[3089] [M]: 0x0000000080003030 (0x33350513) addi a0, a0, 819
x10 <- 0x0000000033333333
mem[X,0x0000000080003034] -> 0x1513
mem[X,0x0000000080003036] -> 0x00B5
[3090] [M]: 0x0000000080003034 (0x00B51513) slli a0, a0, 11
x10 <- 0x0000019999999800
mem[X,0x0000000080003038] -> 0x0513
mem[X,0x000000008000303A] -> 0x1995
[3091] [M]: 0x0000000080003038 (0x19950513) addi a0, a0, 409
x10 <- 0x0000019999999999
mem[X,0x000000008000303C] -> 0x1513
mem[X,0x000000008000303E] -> 0x00B5
[3092] [M]: 0x000000008000303C (0x00B51513) slli a0, a0, 11
x10 <- 0x000CCCCCCCCCC800
mem[X,0x0000000080003040] -> 0x0513
mem[X,0x0000000080003042] -> 0x4CC5
[3093] [M]: 0x0000000080003040 (0x4CC50513) addi a0, a0, 1228
x10 <- 0x000CCCCCCCCCCCCC
mem[X,0x0000000080003044] -> 0x1513
mem[X,0x0000000080003046] -> 0x00A5
[3094] [M]: 0x0000000080003044 (0x00A51513) slli a0, a0, 10
x10 <- 0x3333333333333000
mem[X,0x0000000080003048] -> 0x0513
mem[X,0x000000008000304A] -> 0x3325
[3095] [M]: 0x0000000080003048 (0x33250513) addi a0, a0, 818
x10 <- 0x3333333333333332
mem[X,0x000000008000304C] -> 0x3593
mem[X,0x000000008000304E] -> 0x5555
[3096] [M]: 0x000000008000304C (0x55553593) sltiu a1, a0, 1365
x11 <- 0x0000000000000000
mem[X,0x0000000080003050] -> 0x3823
mem[X,0x0000000080003052] -> 0x5AB1
[3097] [M]: 0x0000000080003050 (0x5AB13823) sd a1, 1456(sp)
mem[0x0000000080008F78] <- 0x0000000000000000
mem[X,0x0000000080003054] -> 0x3537
mem[X,0x0000000080003056] -> 0x3333
[3098] [M]: 0x0000000080003054 (0x33333537) lui a0, 209715
x10 <- 0x0000000033333000
mem[X,0x0000000080003058] -> 0x0513
mem[X,0x000000008000305A] -> 0x3335
[3099] [M]: 0x0000000080003058 (0x33350513) addi a0, a0, 819
x10 <- 0x0000000033333333
clint::tick mtime <- 0x000000000000001F
 clint timer pending at mtime 0x000000000000001F
htif::tick 0x0000000000000000
mem[X,0x000000008000305C] -> 0x1513
mem[X,0x000000008000305E] -> 0x00B5
[3100] [M]: 0x000000008000305C (0x00B51513) slli a0, a0, 11
x10 <- 0x0000019999999800
mem[X,0x0000000080003060] -> 0x0513
mem[X,0x0000000080003062] -> 0x1995
[3101] [M]: 0x0000000080003060 (0x19950513) addi a0, a0, 409
x10 <- 0x0000019999999999
mem[X,0x0000000080003064] -> 0x1513
mem[X,0x0000000080003066] -> 0x00B5
[3102] [M]: 0x0000000080003064 (0x00B51513) slli a0, a0, 11
x10 <- 0x000CCCCCCCCCC800
mem[X,0x0000000080003068] -> 0x0513
mem[X,0x000000008000306A] -> 0x4CC5
[3103] [M]: 0x0000000080003068 (0x4CC50513) addi a0, a0, 1228
x10 <- 0x000CCCCCCCCCCCCC
mem[X,0x000000008000306C] -> 0x1513
mem[X,0x000000008000306E] -> 0x00A5
[3104] [M]: 0x000000008000306C (0x00A51513) slli a0, a0, 10
x10 <- 0x3333333333333000
mem[X,0x0000000080003070] -> 0x0513
mem[X,0x0000000080003072] -> 0x3325
[3105] [M]: 0x0000000080003070 (0x33250513) addi a0, a0, 818
x10 <- 0x3333333333333332
mem[X,0x0000000080003074] -> 0x3593
mem[X,0x0000000080003076] -> 0xAAA5
[3106] [M]: 0x0000000080003074 (0xAAA53593) sltiu a1, a0, 2730
x11 <- 0x0000000000000001
mem[X,0x0000000080003078] -> 0x3C23
mem[X,0x000000008000307A] -> 0x5AB1
[3107] [M]: 0x0000000080003078 (0x5AB13C23) sd a1, 1464(sp)
mem[0x0000000080008F80] <- 0x0000000000000001
mem[X,0x000000008000307C] -> 0x3537
mem[X,0x000000008000307E] -> 0x3333
[3108] [M]: 0x000000008000307C (0x33333537) lui a0, 209715
x10 <- 0x0000000033333000
mem[X,0x0000000080003080] -> 0x0513
mem[X,0x0000000080003082] -> 0x3335
[3109] [M]: 0x0000000080003080 (0x33350513) addi a0, a0, 819
x10 <- 0x0000000033333333
mem[X,0x0000000080003084] -> 0x1513
mem[X,0x0000000080003086] -> 0x00B5
[3110] [M]: 0x0000000080003084 (0x00B51513) slli a0, a0, 11
x10 <- 0x0000019999999800
mem[X,0x0000000080003088] -> 0x0513
mem[X,0x000000008000308A] -> 0x1995
[3111] [M]: 0x0000000080003088 (0x19950513) addi a0, a0, 409
x10 <- 0x0000019999999999
mem[X,0x000000008000308C] -> 0x1513
mem[X,0x000000008000308E] -> 0x00B5
[3112] [M]: 0x000000008000308C (0x00B51513) slli a0, a0, 11
x10 <- 0x000CCCCCCCCCC800
mem[X,0x0000000080003090] -> 0x0513
mem[X,0x0000000080003092] -> 0x4CC5
[3113] [M]: 0x0000000080003090 (0x4CC50513) addi a0, a0, 1228
x10 <- 0x000CCCCCCCCCCCCC
mem[X,0x0000000080003094] -> 0x1513
mem[X,0x0000000080003096] -> 0x00A5
[3114] [M]: 0x0000000080003094 (0x00A51513) slli a0, a0, 10
x10 <- 0x3333333333333000
mem[X,0x0000000080003098] -> 0x0513
mem[X,0x000000008000309A] -> 0x3325
[3115] [M]: 0x0000000080003098 (0x33250513) addi a0, a0, 818
x10 <- 0x3333333333333332
mem[X,0x000000008000309C] -> 0x3593
mem[X,0x000000008000309E] -> 0x0055
[3116] [M]: 0x000000008000309C (0x00553593) sltiu a1, a0, 5
x11 <- 0x0000000000000000
mem[X,0x00000000800030A0] -> 0x3023
mem[X,0x00000000800030A2] -> 0x5CB1
[3117] [M]: 0x00000000800030A0 (0x5CB13023) sd a1, 1472(sp)
mem[0x0000000080008F88] <- 0x0000000000000000
mem[X,0x00000000800030A4] -> 0x3537
mem[X,0x00000000800030A6] -> 0x3333
[3118] [M]: 0x00000000800030A4 (0x33333537) lui a0, 209715
x10 <- 0x0000000033333000
mem[X,0x00000000800030A8] -> 0x0513
mem[X,0x00000000800030AA] -> 0x3335
[3119] [M]: 0x00000000800030A8 (0x33350513) addi a0, a0, 819
x10 <- 0x0000000033333333
mem[X,0x00000000800030AC] -> 0x1513
mem[X,0x00000000800030AE] -> 0x00B5
[3120] [M]: 0x00000000800030AC (0x00B51513) slli a0, a0, 11
x10 <- 0x0000019999999800
mem[X,0x00000000800030B0] -> 0x0513
mem[X,0x00000000800030B2] -> 0x1995
[3121] [M]: 0x00000000800030B0 (0x19950513) addi a0, a0, 409
x10 <- 0x0000019999999999
mem[X,0x00000000800030B4] -> 0x1513
mem[X,0x00000000800030B6] -> 0x00B5
[3122] [M]: 0x00000000800030B4 (0x00B51513) slli a0, a0, 11
x10 <- 0x000CCCCCCCCCC800
mem[X,0x00000000800030B8] -> 0x0513
mem[X,0x00000000800030BA] -> 0x4CC5
[3123] [M]: 0x00000000800030B8 (0x4CC50513) addi a0, a0, 1228
x10 <- 0x000CCCCCCCCCCCCC
mem[X,0x00000000800030BC] -> 0x1513
mem[X,0x00000000800030BE] -> 0x00A5
[3124] [M]: 0x00000000800030BC (0x00A51513) slli a0, a0, 10
x10 <- 0x3333333333333000
mem[X,0x00000000800030C0] -> 0x0513
mem[X,0x00000000800030C2] -> 0x3325
[3125] [M]: 0x00000000800030C0 (0x33250513) addi a0, a0, 818
x10 <- 0x3333333333333332
mem[X,0x00000000800030C4] -> 0x3593
mem[X,0x00000000800030C6] -> 0x3335
[3126] [M]: 0x00000000800030C4 (0x33353593) sltiu a1, a0, 819
x11 <- 0x0000000000000000
mem[X,0x00000000800030C8] -> 0x3423
mem[X,0x00000000800030CA] -> 0x5CB1
[3127] [M]: 0x00000000800030C8 (0x5CB13423) sd a1, 1480(sp)
mem[0x0000000080008F90] <- 0x0000000000000000
mem[X,0x00000000800030CC] -> 0x3537
mem[X,0x00000000800030CE] -> 0x3333
[3128] [M]: 0x00000000800030CC (0x33333537) lui a0, 209715
x10 <- 0x0000000033333000
mem[X,0x00000000800030D0] -> 0x0513
mem[X,0x00000000800030D2] -> 0x3335
[3129] [M]: 0x00000000800030D0 (0x33350513) addi a0, a0, 819
x10 <- 0x0000000033333333
mem[X,0x00000000800030D4] -> 0x1513
mem[X,0x00000000800030D6] -> 0x00B5
[3130] [M]: 0x00000000800030D4 (0x00B51513) slli a0, a0, 11
x10 <- 0x0000019999999800
mem[X,0x00000000800030D8] -> 0x0513
mem[X,0x00000000800030DA] -> 0x1995
[3131] [M]: 0x00000000800030D8 (0x19950513) addi a0, a0, 409
x10 <- 0x0000019999999999
mem[X,0x00000000800030DC] -> 0x1513
mem[X,0x00000000800030DE] -> 0x00B5
[3132] [M]: 0x00000000800030DC (0x00B51513) slli a0, a0, 11
x10 <- 0x000CCCCCCCCCC800
mem[X,0x00000000800030E0] -> 0x0513
mem[X,0x00000000800030E2] -> 0x4CC5
[3133] [M]: 0x00000000800030E0 (0x4CC50513) addi a0, a0, 1228
x10 <- 0x000CCCCCCCCCCCCC
mem[X,0x00000000800030E4] -> 0x1513
mem[X,0x00000000800030E6] -> 0x00A5
[3134] [M]: 0x00000000800030E4 (0x00A51513) slli a0, a0, 10
x10 <- 0x3333333333333000
mem[X,0x00000000800030E8] -> 0x0513
mem[X,0x00000000800030EA] -> 0x3325
[3135] [M]: 0x00000000800030E8 (0x33250513) addi a0, a0, 818
x10 <- 0x3333333333333332
mem[X,0x00000000800030EC] -> 0x3593
mem[X,0x00000000800030EE] -> 0x6665
[3136] [M]: 0x00000000800030EC (0x66653593) sltiu a1, a0, 1638
x11 <- 0x0000000000000000
mem[X,0x00000000800030F0] -> 0x3823
mem[X,0x00000000800030F2] -> 0x5CB1
[3137] [M]: 0x00000000800030F0 (0x5CB13823) sd a1, 1488(sp)
mem[0x0000000080008F98] <- 0x0000000000000000
mem[X,0x00000000800030F4] -> 0x3537
mem[X,0x00000000800030F6] -> 0x3333
[3138] [M]: 0x00000000800030F4 (0x33333537) lui a0, 209715
x10 <- 0x0000000033333000
mem[X,0x00000000800030F8] -> 0x0513
mem[X,0x00000000800030FA] -> 0x3335
[3139] [M]: 0x00000000800030F8 (0x33350513) addi a0, a0, 819
x10 <- 0x0000000033333333
mem[X,0x00000000800030FC] -> 0x1513
mem[X,0x00000000800030FE] -> 0x00B5
[3140] [M]: 0x00000000800030FC (0x00B51513) slli a0, a0, 11
x10 <- 0x0000019999999800
mem[X,0x0000000080003100] -> 0x0513
mem[X,0x0000000080003102] -> 0x1995
[3141] [M]: 0x0000000080003100 (0x19950513) addi a0, a0, 409
x10 <- 0x0000019999999999
mem[X,0x0000000080003104] -> 0x1513
mem[X,0x0000000080003106] -> 0x00B5
[3142] [M]: 0x0000000080003104 (0x00B51513) slli a0, a0, 11
x10 <- 0x000CCCCCCCCCC800
mem[X,0x0000000080003108] -> 0x0513
mem[X,0x000000008000310A] -> 0x4CC5
[3143] [M]: 0x0000000080003108 (0x4CC50513) addi a0, a0, 1228
x10 <- 0x000CCCCCCCCCCCCC
mem[X,0x000000008000310C] -> 0x1513
mem[X,0x000000008000310E] -> 0x00A5
[3144] [M]: 0x000000008000310C (0x00A51513) slli a0, a0, 10
x10 <- 0x3333333333333000
mem[X,0x0000000080003110] -> 0x0513
mem[X,0x0000000080003112] -> 0x3325
[3145] [M]: 0x0000000080003110 (0x33250513) addi a0, a0, 818
x10 <- 0x3333333333333332
mem[X,0x0000000080003114] -> 0x3593
mem[X,0x0000000080003116] -> 0x02D5
[3146] [M]: 0x0000000080003114 (0x02D53593) sltiu a1, a0, 45
x11 <- 0x0000000000000000
mem[X,0x0000000080003118] -> 0x3C23
mem[X,0x000000008000311A] -> 0x5CB1
[3147] [M]: 0x0000000080003118 (0x5CB13C23) sd a1, 1496(sp)
mem[0x0000000080008FA0] <- 0x0000000000000000
mem[X,0x000000008000311C] -> 0x3537
mem[X,0x000000008000311E] -> 0x3333
[3148] [M]: 0x000000008000311C (0x33333537) lui a0, 209715
x10 <- 0x0000000033333000
mem[X,0x0000000080003120] -> 0x0513
mem[X,0x0000000080003122] -> 0x3335
[3149] [M]: 0x0000000080003120 (0x33350513) addi a0, a0, 819
x10 <- 0x0000000033333333
mem[X,0x0000000080003124] -> 0x1513
mem[X,0x0000000080003126] -> 0x00B5
[3150] [M]: 0x0000000080003124 (0x00B51513) slli a0, a0, 11
x10 <- 0x0000019999999800
mem[X,0x0000000080003128] -> 0x0513
mem[X,0x000000008000312A] -> 0x1995
[3151] [M]: 0x0000000080003128 (0x19950513) addi a0, a0, 409
x10 <- 0x0000019999999999
mem[X,0x000000008000312C] -> 0x1513
mem[X,0x000000008000312E] -> 0x00B5
[3152] [M]: 0x000000008000312C (0x00B51513) slli a0, a0, 11
x10 <- 0x000CCCCCCCCCC800
mem[X,0x0000000080003130] -> 0x0513
mem[X,0x0000000080003132] -> 0x4CC5
[3153] [M]: 0x0000000080003130 (0x4CC50513) addi a0, a0, 1228
x10 <- 0x000CCCCCCCCCCCCC
mem[X,0x0000000080003134] -> 0x1513
mem[X,0x0000000080003136] -> 0x00A5
[3154] [M]: 0x0000000080003134 (0x00A51513) slli a0, a0, 10
x10 <- 0x3333333333333000
mem[X,0x0000000080003138] -> 0x0513
mem[X,0x000000008000313A] -> 0x3325
[3155] [M]: 0x0000000080003138 (0x33250513) addi a0, a0, 818
x10 <- 0x3333333333333332
mem[X,0x000000008000313C] -> 0x3593
mem[X,0x000000008000313E] -> 0x0005
[3156] [M]: 0x000000008000313C (0x00053593) sltiu a1, a0, 0
x11 <- 0x0000000000000000
mem[X,0x0000000080003140] -> 0x3023
mem[X,0x0000000080003142] -> 0x5EB1
[3157] [M]: 0x0000000080003140 (0x5EB13023) sd a1, 1504(sp)
mem[0x0000000080008FA8] <- 0x0000000000000000
mem[X,0x0000000080003144] -> 0x3537
mem[X,0x0000000080003146] -> 0x3333
[3158] [M]: 0x0000000080003144 (0x33333537) lui a0, 209715
x10 <- 0x0000000033333000
mem[X,0x0000000080003148] -> 0x0513
mem[X,0x000000008000314A] -> 0x3335
[3159] [M]: 0x0000000080003148 (0x33350513) addi a0, a0, 819
x10 <- 0x0000000033333333
mem[X,0x000000008000314C] -> 0x1513
mem[X,0x000000008000314E] -> 0x00B5
[3160] [M]: 0x000000008000314C (0x00B51513) slli a0, a0, 11
x10 <- 0x0000019999999800
mem[X,0x0000000080003150] -> 0x0513
mem[X,0x0000000080003152] -> 0x1995
[3161] [M]: 0x0000000080003150 (0x19950513) addi a0, a0, 409
x10 <- 0x0000019999999999
mem[X,0x0000000080003154] -> 0x1513
mem[X,0x0000000080003156] -> 0x00B5
[3162] [M]: 0x0000000080003154 (0x00B51513) slli a0, a0, 11
x10 <- 0x000CCCCCCCCCC800
mem[X,0x0000000080003158] -> 0x0513
mem[X,0x000000008000315A] -> 0x4CC5
[3163] [M]: 0x0000000080003158 (0x4CC50513) addi a0, a0, 1228
x10 <- 0x000CCCCCCCCCCCCC
mem[X,0x000000008000315C] -> 0x1513
mem[X,0x000000008000315E] -> 0x00A5
[3164] [M]: 0x000000008000315C (0x00A51513) slli a0, a0, 10
x10 <- 0x3333333333333000
mem[X,0x0000000080003160] -> 0x0513
mem[X,0x0000000080003162] -> 0x3325
[3165] [M]: 0x0000000080003160 (0x33250513) addi a0, a0, 818
x10 <- 0x3333333333333332
mem[X,0x0000000080003164] -> 0x3593
mem[X,0x0000000080003166] -> 0x03F5
[3166] [M]: 0x0000000080003164 (0x03F53593) sltiu a1, a0, 63
x11 <- 0x0000000000000000
mem[X,0x0000000080003168] -> 0x3423
mem[X,0x000000008000316A] -> 0x5EB1
[3167] [M]: 0x0000000080003168 (0x5EB13423) sd a1, 1512(sp)
mem[0x0000000080008FB0] <- 0x0000000000000000
mem[X,0x000000008000316C] -> 0x3537
mem[X,0x000000008000316E] -> 0x3333
[3168] [M]: 0x000000008000316C (0x33333537) lui a0, 209715
x10 <- 0x0000000033333000
mem[X,0x0000000080003170] -> 0x0513
mem[X,0x0000000080003172] -> 0x3335
[3169] [M]: 0x0000000080003170 (0x33350513) addi a0, a0, 819
x10 <- 0x0000000033333333
mem[X,0x0000000080003174] -> 0x1513
mem[X,0x0000000080003176] -> 0x00B5
[3170] [M]: 0x0000000080003174 (0x00B51513) slli a0, a0, 11
x10 <- 0x0000019999999800
mem[X,0x0000000080003178] -> 0x0513
mem[X,0x000000008000317A] -> 0x1995
[3171] [M]: 0x0000000080003178 (0x19950513) addi a0, a0, 409
x10 <- 0x0000019999999999
mem[X,0x000000008000317C] -> 0x1513
mem[X,0x000000008000317E] -> 0x00B5
[3172] [M]: 0x000000008000317C (0x00B51513) slli a0, a0, 11
x10 <- 0x000CCCCCCCCCC800
mem[X,0x0000000080003180] -> 0x0513
mem[X,0x0000000080003182] -> 0x4CC5
[3173] [M]: 0x0000000080003180 (0x4CC50513) addi a0, a0, 1228
x10 <- 0x000CCCCCCCCCCCCC
mem[X,0x0000000080003184] -> 0x1513
mem[X,0x0000000080003186] -> 0x00A5
[3174] [M]: 0x0000000080003184 (0x00A51513) slli a0, a0, 10
x10 <- 0x3333333333333000
mem[X,0x0000000080003188] -> 0x0513
mem[X,0x000000008000318A] -> 0x3325
[3175] [M]: 0x0000000080003188 (0x33250513) addi a0, a0, 818
x10 <- 0x3333333333333332
mem[X,0x000000008000318C] -> 0x3593
mem[X,0x000000008000318E] -> 0x0025
[3176] [M]: 0x000000008000318C (0x00253593) sltiu a1, a0, 2
x11 <- 0x0000000000000000
mem[X,0x0000000080003190] -> 0x3823
mem[X,0x0000000080003192] -> 0x5EB1
[3177] [M]: 0x0000000080003190 (0x5EB13823) sd a1, 1520(sp)
mem[0x0000000080008FB8] <- 0x0000000000000000
mem[X,0x0000000080003194] -> 0x3537
mem[X,0x0000000080003196] -> 0x3333
[3178] [M]: 0x0000000080003194 (0x33333537) lui a0, 209715
x10 <- 0x0000000033333000
mem[X,0x0000000080003198] -> 0x0513
mem[X,0x000000008000319A] -> 0x3335
[3179] [M]: 0x0000000080003198 (0x33350513) addi a0, a0, 819
x10 <- 0x0000000033333333
mem[X,0x000000008000319C] -> 0x1513
mem[X,0x000000008000319E] -> 0x00B5
[3180] [M]: 0x000000008000319C (0x00B51513) slli a0, a0, 11
x10 <- 0x0000019999999800
mem[X,0x00000000800031A0] -> 0x0513
mem[X,0x00000000800031A2] -> 0x1995
[3181] [M]: 0x00000000800031A0 (0x19950513) addi a0, a0, 409
x10 <- 0x0000019999999999
mem[X,0x00000000800031A4] -> 0x1513
mem[X,0x00000000800031A6] -> 0x00B5
[3182] [M]: 0x00000000800031A4 (0x00B51513) slli a0, a0, 11
x10 <- 0x000CCCCCCCCCC800
mem[X,0x00000000800031A8] -> 0x0513
mem[X,0x00000000800031AA] -> 0x4CC5
[3183] [M]: 0x00000000800031A8 (0x4CC50513) addi a0, a0, 1228
x10 <- 0x000CCCCCCCCCCCCC
mem[X,0x00000000800031AC] -> 0x1513
mem[X,0x00000000800031AE] -> 0x00A5
[3184] [M]: 0x00000000800031AC (0x00A51513) slli a0, a0, 10
x10 <- 0x3333333333333000
mem[X,0x00000000800031B0] -> 0x0513
mem[X,0x00000000800031B2] -> 0x3325
[3185] [M]: 0x00000000800031B0 (0x33250513) addi a0, a0, 818
x10 <- 0x3333333333333332
mem[X,0x00000000800031B4] -> 0x3593
mem[X,0x00000000800031B6] -> 0x5545
[3186] [M]: 0x00000000800031B4 (0x55453593) sltiu a1, a0, 1364
x11 <- 0x0000000000000000
mem[X,0x00000000800031B8] -> 0x3C23
mem[X,0x00000000800031BA] -> 0x5EB1
[3187] [M]: 0x00000000800031B8 (0x5EB13C23) sd a1, 1528(sp)
mem[0x0000000080008FC0] <- 0x0000000000000000
mem[X,0x00000000800031BC] -> 0x3537
mem[X,0x00000000800031BE] -> 0x3333
[3188] [M]: 0x00000000800031BC (0x33333537) lui a0, 209715
x10 <- 0x0000000033333000
mem[X,0x00000000800031C0] -> 0x0513
mem[X,0x00000000800031C2] -> 0x3335
[3189] [M]: 0x00000000800031C0 (0x33350513) addi a0, a0, 819
x10 <- 0x0000000033333333
mem[X,0x00000000800031C4] -> 0x1513
mem[X,0x00000000800031C6] -> 0x00B5
[3190] [M]: 0x00000000800031C4 (0x00B51513) slli a0, a0, 11
x10 <- 0x0000019999999800
mem[X,0x00000000800031C8] -> 0x0513
mem[X,0x00000000800031CA] -> 0x1995
[3191] [M]: 0x00000000800031C8 (0x19950513) addi a0, a0, 409
x10 <- 0x0000019999999999
mem[X,0x00000000800031CC] -> 0x1513
mem[X,0x00000000800031CE] -> 0x00B5
[3192] [M]: 0x00000000800031CC (0x00B51513) slli a0, a0, 11
x10 <- 0x000CCCCCCCCCC800
mem[X,0x00000000800031D0] -> 0x0513
mem[X,0x00000000800031D2] -> 0x4CC5
[3193] [M]: 0x00000000800031D0 (0x4CC50513) addi a0, a0, 1228
x10 <- 0x000CCCCCCCCCCCCC
mem[X,0x00000000800031D4] -> 0x1513
mem[X,0x00000000800031D6] -> 0x00A5
[3194] [M]: 0x00000000800031D4 (0x00A51513) slli a0, a0, 10
x10 <- 0x3333333333333000
mem[X,0x00000000800031D8] -> 0x0513
mem[X,0x00000000800031DA] -> 0x3325
[3195] [M]: 0x00000000800031D8 (0x33250513) addi a0, a0, 818
x10 <- 0x3333333333333332
mem[X,0x00000000800031DC] -> 0x3593
mem[X,0x00000000800031DE] -> 0xAA95
[3196] [M]: 0x00000000800031DC (0xAA953593) sltiu a1, a0, 2729
x11 <- 0x0000000000000001
mem[X,0x00000000800031E0] -> 0x3023
mem[X,0x00000000800031E2] -> 0x60B1
[3197] [M]: 0x00000000800031E0 (0x60B13023) sd a1, 1536(sp)
mem[0x0000000080008FC8] <- 0x0000000000000001
mem[X,0x00000000800031E4] -> 0x3537
mem[X,0x00000000800031E6] -> 0x3333
[3198] [M]: 0x00000000800031E4 (0x33333537) lui a0, 209715
x10 <- 0x0000000033333000
mem[X,0x00000000800031E8] -> 0x0513
mem[X,0x00000000800031EA] -> 0x3335
[3199] [M]: 0x00000000800031E8 (0x33350513) addi a0, a0, 819
x10 <- 0x0000000033333333
clint::tick mtime <- 0x0000000000000020
 clint timer pending at mtime 0x0000000000000020
htif::tick 0x0000000000000000
mem[X,0x00000000800031EC] -> 0x1513
mem[X,0x00000000800031EE] -> 0x00B5
[3200] [M]: 0x00000000800031EC (0x00B51513) slli a0, a0, 11
x10 <- 0x0000019999999800
mem[X,0x00000000800031F0] -> 0x0513
mem[X,0x00000000800031F2] -> 0x1995
[3201] [M]: 0x00000000800031F0 (0x19950513) addi a0, a0, 409
x10 <- 0x0000019999999999
mem[X,0x00000000800031F4] -> 0x1513
mem[X,0x00000000800031F6] -> 0x00B5
[3202] [M]: 0x00000000800031F4 (0x00B51513) slli a0, a0, 11
x10 <- 0x000CCCCCCCCCC800
mem[X,0x00000000800031F8] -> 0x0513
mem[X,0x00000000800031FA] -> 0x4CC5
[3203] [M]: 0x00000000800031F8 (0x4CC50513) addi a0, a0, 1228
x10 <- 0x000CCCCCCCCCCCCC
mem[X,0x00000000800031FC] -> 0x1513
mem[X,0x00000000800031FE] -> 0x00A5
[3204] [M]: 0x00000000800031FC (0x00A51513) slli a0, a0, 10
x10 <- 0x3333333333333000
mem[X,0x0000000080003200] -> 0x0513
mem[X,0x0000000080003202] -> 0x3325
[3205] [M]: 0x0000000080003200 (0x33250513) addi a0, a0, 818
x10 <- 0x3333333333333332
mem[X,0x0000000080003204] -> 0x3593
mem[X,0x0000000080003206] -> 0x0045
[3206] [M]: 0x0000000080003204 (0x00453593) sltiu a1, a0, 4
x11 <- 0x0000000000000000
mem[X,0x0000000080003208] -> 0x3423
mem[X,0x000000008000320A] -> 0x60B1
[3207] [M]: 0x0000000080003208 (0x60B13423) sd a1, 1544(sp)
mem[0x0000000080008FD0] <- 0x0000000000000000
mem[X,0x000000008000320C] -> 0x3537
mem[X,0x000000008000320E] -> 0x3333
[3208] [M]: 0x000000008000320C (0x33333537) lui a0, 209715
x10 <- 0x0000000033333000
mem[X,0x0000000080003210] -> 0x0513
mem[X,0x0000000080003212] -> 0x3335
[3209] [M]: 0x0000000080003210 (0x33350513) addi a0, a0, 819
x10 <- 0x0000000033333333
mem[X,0x0000000080003214] -> 0x1513
mem[X,0x0000000080003216] -> 0x00B5
[3210] [M]: 0x0000000080003214 (0x00B51513) slli a0, a0, 11
x10 <- 0x0000019999999800
mem[X,0x0000000080003218] -> 0x0513
mem[X,0x000000008000321A] -> 0x1995
[3211] [M]: 0x0000000080003218 (0x19950513) addi a0, a0, 409
x10 <- 0x0000019999999999
mem[X,0x000000008000321C] -> 0x1513
mem[X,0x000000008000321E] -> 0x00B5
[3212] [M]: 0x000000008000321C (0x00B51513) slli a0, a0, 11
x10 <- 0x000CCCCCCCCCC800
mem[X,0x0000000080003220] -> 0x0513
mem[X,0x0000000080003222] -> 0x4CC5
[3213] [M]: 0x0000000080003220 (0x4CC50513) addi a0, a0, 1228
x10 <- 0x000CCCCCCCCCCCCC
mem[X,0x0000000080003224] -> 0x1513
mem[X,0x0000000080003226] -> 0x00A5
[3214] [M]: 0x0000000080003224 (0x00A51513) slli a0, a0, 10
x10 <- 0x3333333333333000
mem[X,0x0000000080003228] -> 0x0513
mem[X,0x000000008000322A] -> 0x3325
[3215] [M]: 0x0000000080003228 (0x33250513) addi a0, a0, 818
x10 <- 0x3333333333333332
mem[X,0x000000008000322C] -> 0x3593
mem[X,0x000000008000322E] -> 0x3325
[3216] [M]: 0x000000008000322C (0x33253593) sltiu a1, a0, 818
x11 <- 0x0000000000000000
mem[X,0x0000000080003230] -> 0x3823
mem[X,0x0000000080003232] -> 0x60B1
[3217] [M]: 0x0000000080003230 (0x60B13823) sd a1, 1552(sp)
mem[0x0000000080008FD8] <- 0x0000000000000000
mem[X,0x0000000080003234] -> 0x3537
mem[X,0x0000000080003236] -> 0x3333
[3218] [M]: 0x0000000080003234 (0x33333537) lui a0, 209715
x10 <- 0x0000000033333000
mem[X,0x0000000080003238] -> 0x0513
mem[X,0x000000008000323A] -> 0x3335
[3219] [M]: 0x0000000080003238 (0x33350513) addi a0, a0, 819
x10 <- 0x0000000033333333
mem[X,0x000000008000323C] -> 0x1513
mem[X,0x000000008000323E] -> 0x00B5
[3220] [M]: 0x000000008000323C (0x00B51513) slli a0, a0, 11
x10 <- 0x0000019999999800
mem[X,0x0000000080003240] -> 0x0513
mem[X,0x0000000080003242] -> 0x1995
[3221] [M]: 0x0000000080003240 (0x19950513) addi a0, a0, 409
x10 <- 0x0000019999999999
mem[X,0x0000000080003244] -> 0x1513
mem[X,0x0000000080003246] -> 0x00B5
[3222] [M]: 0x0000000080003244 (0x00B51513) slli a0, a0, 11
x10 <- 0x000CCCCCCCCCC800
mem[X,0x0000000080003248] -> 0x0513
mem[X,0x000000008000324A] -> 0x4CC5
[3223] [M]: 0x0000000080003248 (0x4CC50513) addi a0, a0, 1228
x10 <- 0x000CCCCCCCCCCCCC
mem[X,0x000000008000324C] -> 0x1513
mem[X,0x000000008000324E] -> 0x00A5
[3224] [M]: 0x000000008000324C (0x00A51513) slli a0, a0, 10
x10 <- 0x3333333333333000
mem[X,0x0000000080003250] -> 0x0513
mem[X,0x0000000080003252] -> 0x3325
[3225] [M]: 0x0000000080003250 (0x33250513) addi a0, a0, 818
x10 <- 0x3333333333333332
mem[X,0x0000000080003254] -> 0x3593
mem[X,0x0000000080003256] -> 0x6655
[3226] [M]: 0x0000000080003254 (0x66553593) sltiu a1, a0, 1637
x11 <- 0x0000000000000000
mem[X,0x0000000080003258] -> 0x3C23
mem[X,0x000000008000325A] -> 0x60B1
[3227] [M]: 0x0000000080003258 (0x60B13C23) sd a1, 1560(sp)
mem[0x0000000080008FE0] <- 0x0000000000000000
mem[X,0x000000008000325C] -> 0x3537
mem[X,0x000000008000325E] -> 0x3333
[3228] [M]: 0x000000008000325C (0x33333537) lui a0, 209715
x10 <- 0x0000000033333000
mem[X,0x0000000080003260] -> 0x0513
mem[X,0x0000000080003262] -> 0x3335
[3229] [M]: 0x0000000080003260 (0x33350513) addi a0, a0, 819
x10 <- 0x0000000033333333
mem[X,0x0000000080003264] -> 0x1513
mem[X,0x0000000080003266] -> 0x00B5
[3230] [M]: 0x0000000080003264 (0x00B51513) slli a0, a0, 11
x10 <- 0x0000019999999800
mem[X,0x0000000080003268] -> 0x0513
mem[X,0x000000008000326A] -> 0x1995
[3231] [M]: 0x0000000080003268 (0x19950513) addi a0, a0, 409
x10 <- 0x0000019999999999
mem[X,0x000000008000326C] -> 0x1513
mem[X,0x000000008000326E] -> 0x00B5
[3232] [M]: 0x000000008000326C (0x00B51513) slli a0, a0, 11
x10 <- 0x000CCCCCCCCCC800
mem[X,0x0000000080003270] -> 0x0513
mem[X,0x0000000080003272] -> 0x4CC5
[3233] [M]: 0x0000000080003270 (0x4CC50513) addi a0, a0, 1228
x10 <- 0x000CCCCCCCCCCCCC
mem[X,0x0000000080003274] -> 0x1513
mem[X,0x0000000080003276] -> 0x00A5
[3234] [M]: 0x0000000080003274 (0x00A51513) slli a0, a0, 10
x10 <- 0x3333333333333000
mem[X,0x0000000080003278] -> 0x0513
mem[X,0x000000008000327A] -> 0x3325
[3235] [M]: 0x0000000080003278 (0x33250513) addi a0, a0, 818
x10 <- 0x3333333333333332
mem[X,0x000000008000327C] -> 0x3593
mem[X,0x000000008000327E] -> 0x02C5
[3236] [M]: 0x000000008000327C (0x02C53593) sltiu a1, a0, 44
x11 <- 0x0000000000000000
mem[X,0x0000000080003280] -> 0x3023
mem[X,0x0000000080003282] -> 0x62B1
[3237] [M]: 0x0000000080003280 (0x62B13023) sd a1, 1568(sp)
mem[0x0000000080008FE8] <- 0x0000000000000000
mem[X,0x0000000080003284] -> 0x3537
mem[X,0x0000000080003286] -> 0x3333
[3238] [M]: 0x0000000080003284 (0x33333537) lui a0, 209715
x10 <- 0x0000000033333000
mem[X,0x0000000080003288] -> 0x0513
mem[X,0x000000008000328A] -> 0x3335
[3239] [M]: 0x0000000080003288 (0x33350513) addi a0, a0, 819
x10 <- 0x0000000033333333
mem[X,0x000000008000328C] -> 0x1513
mem[X,0x000000008000328E] -> 0x00B5
[3240] [M]: 0x000000008000328C (0x00B51513) slli a0, a0, 11
x10 <- 0x0000019999999800
mem[X,0x0000000080003290] -> 0x0513
mem[X,0x0000000080003292] -> 0x1995
[3241] [M]: 0x0000000080003290 (0x19950513) addi a0, a0, 409
x10 <- 0x0000019999999999
mem[X,0x0000000080003294] -> 0x1513
mem[X,0x0000000080003296] -> 0x00B5
[3242] [M]: 0x0000000080003294 (0x00B51513) slli a0, a0, 11
x10 <- 0x000CCCCCCCCCC800
mem[X,0x0000000080003298] -> 0x0513
mem[X,0x000000008000329A] -> 0x4CC5
[3243] [M]: 0x0000000080003298 (0x4CC50513) addi a0, a0, 1228
x10 <- 0x000CCCCCCCCCCCCC
mem[X,0x000000008000329C] -> 0x1513
mem[X,0x000000008000329E] -> 0x00A5
[3244] [M]: 0x000000008000329C (0x00A51513) slli a0, a0, 10
x10 <- 0x3333333333333000
mem[X,0x00000000800032A0] -> 0x0513
mem[X,0x00000000800032A2] -> 0x3325
[3245] [M]: 0x00000000800032A0 (0x33250513) addi a0, a0, 818
x10 <- 0x3333333333333332
mem[X,0x00000000800032A4] -> 0x3593
mem[X,0x00000000800032A6] -> 0x03E5
[3246] [M]: 0x00000000800032A4 (0x03E53593) sltiu a1, a0, 62
x11 <- 0x0000000000000000
mem[X,0x00000000800032A8] -> 0x3423
mem[X,0x00000000800032AA] -> 0x62B1
[3247] [M]: 0x00000000800032A8 (0x62B13423) sd a1, 1576(sp)
mem[0x0000000080008FF0] <- 0x0000000000000000
mem[X,0x00000000800032AC] -> 0x3537
mem[X,0x00000000800032AE] -> 0x3333
[3248] [M]: 0x00000000800032AC (0x33333537) lui a0, 209715
x10 <- 0x0000000033333000
mem[X,0x00000000800032B0] -> 0x0513
mem[X,0x00000000800032B2] -> 0x3335
[3249] [M]: 0x00000000800032B0 (0x33350513) addi a0, a0, 819
x10 <- 0x0000000033333333
mem[X,0x00000000800032B4] -> 0x1513
mem[X,0x00000000800032B6] -> 0x00B5
[3250] [M]: 0x00000000800032B4 (0x00B51513) slli a0, a0, 11
x10 <- 0x0000019999999800
mem[X,0x00000000800032B8] -> 0x0513
mem[X,0x00000000800032BA] -> 0x1995
[3251] [M]: 0x00000000800032B8 (0x19950513) addi a0, a0, 409
x10 <- 0x0000019999999999
mem[X,0x00000000800032BC] -> 0x1513
mem[X,0x00000000800032BE] -> 0x00B5
[3252] [M]: 0x00000000800032BC (0x00B51513) slli a0, a0, 11
x10 <- 0x000CCCCCCCCCC800
mem[X,0x00000000800032C0] -> 0x0513
mem[X,0x00000000800032C2] -> 0x4CC5
[3253] [M]: 0x00000000800032C0 (0x4CC50513) addi a0, a0, 1228
x10 <- 0x000CCCCCCCCCCCCC
mem[X,0x00000000800032C4] -> 0x1513
mem[X,0x00000000800032C6] -> 0x00A5
[3254] [M]: 0x00000000800032C4 (0x00A51513) slli a0, a0, 10
x10 <- 0x3333333333333000
mem[X,0x00000000800032C8] -> 0x0513
mem[X,0x00000000800032CA] -> 0x3325
[3255] [M]: 0x00000000800032C8 (0x33250513) addi a0, a0, 818
x10 <- 0x3333333333333332
mem[X,0x00000000800032CC] -> 0x3593
mem[X,0x00000000800032CE] -> 0x5565
[3256] [M]: 0x00000000800032CC (0x55653593) sltiu a1, a0, 1366
x11 <- 0x0000000000000000
mem[X,0x00000000800032D0] -> 0x3823
mem[X,0x00000000800032D2] -> 0x62B1
[3257] [M]: 0x00000000800032D0 (0x62B13823) sd a1, 1584(sp)
mem[0x0000000080008FF8] <- 0x0000000000000000
mem[X,0x00000000800032D4] -> 0x3537
mem[X,0x00000000800032D6] -> 0x3333
[3258] [M]: 0x00000000800032D4 (0x33333537) lui a0, 209715
x10 <- 0x0000000033333000
mem[X,0x00000000800032D8] -> 0x0513
mem[X,0x00000000800032DA] -> 0x3335
[3259] [M]: 0x00000000800032D8 (0x33350513) addi a0, a0, 819
x10 <- 0x0000000033333333
mem[X,0x00000000800032DC] -> 0x1513
mem[X,0x00000000800032DE] -> 0x00B5
[3260] [M]: 0x00000000800032DC (0x00B51513) slli a0, a0, 11
x10 <- 0x0000019999999800
mem[X,0x00000000800032E0] -> 0x0513
mem[X,0x00000000800032E2] -> 0x1995
[3261] [M]: 0x00000000800032E0 (0x19950513) addi a0, a0, 409
x10 <- 0x0000019999999999
mem[X,0x00000000800032E4] -> 0x1513
mem[X,0x00000000800032E6] -> 0x00B5
[3262] [M]: 0x00000000800032E4 (0x00B51513) slli a0, a0, 11
x10 <- 0x000CCCCCCCCCC800
mem[X,0x00000000800032E8] -> 0x0513
mem[X,0x00000000800032EA] -> 0x4CC5
[3263] [M]: 0x00000000800032E8 (0x4CC50513) addi a0, a0, 1228
x10 <- 0x000CCCCCCCCCCCCC
mem[X,0x00000000800032EC] -> 0x1513
mem[X,0x00000000800032EE] -> 0x00A5
[3264] [M]: 0x00000000800032EC (0x00A51513) slli a0, a0, 10
x10 <- 0x3333333333333000
mem[X,0x00000000800032F0] -> 0x0513
mem[X,0x00000000800032F2] -> 0x3325
[3265] [M]: 0x00000000800032F0 (0x33250513) addi a0, a0, 818
x10 <- 0x3333333333333332
mem[X,0x00000000800032F4] -> 0x3593
mem[X,0x00000000800032F6] -> 0xAAB5
[3266] [M]: 0x00000000800032F4 (0xAAB53593) sltiu a1, a0, 2731
x11 <- 0x0000000000000001
mem[X,0x00000000800032F8] -> 0x3C23
mem[X,0x00000000800032FA] -> 0x62B1
[3267] [M]: 0x00000000800032F8 (0x62B13C23) sd a1, 1592(sp)
mem[0x0000000080009000] <- 0x0000000000000001
mem[X,0x00000000800032FC] -> 0x3537
mem[X,0x00000000800032FE] -> 0x3333
[3268] [M]: 0x00000000800032FC (0x33333537) lui a0, 209715
x10 <- 0x0000000033333000
mem[X,0x0000000080003300] -> 0x0513
mem[X,0x0000000080003302] -> 0x3335
[3269] [M]: 0x0000000080003300 (0x33350513) addi a0, a0, 819
x10 <- 0x0000000033333333
mem[X,0x0000000080003304] -> 0x1513
mem[X,0x0000000080003306] -> 0x00B5
[3270] [M]: 0x0000000080003304 (0x00B51513) slli a0, a0, 11
x10 <- 0x0000019999999800
mem[X,0x0000000080003308] -> 0x0513
mem[X,0x000000008000330A] -> 0x1995
[3271] [M]: 0x0000000080003308 (0x19950513) addi a0, a0, 409
x10 <- 0x0000019999999999
mem[X,0x000000008000330C] -> 0x1513
mem[X,0x000000008000330E] -> 0x00B5
[3272] [M]: 0x000000008000330C (0x00B51513) slli a0, a0, 11
x10 <- 0x000CCCCCCCCCC800
mem[X,0x0000000080003310] -> 0x0513
mem[X,0x0000000080003312] -> 0x4CC5
[3273] [M]: 0x0000000080003310 (0x4CC50513) addi a0, a0, 1228
x10 <- 0x000CCCCCCCCCCCCC
mem[X,0x0000000080003314] -> 0x1513
mem[X,0x0000000080003316] -> 0x00A5
[3274] [M]: 0x0000000080003314 (0x00A51513) slli a0, a0, 10
x10 <- 0x3333333333333000
mem[X,0x0000000080003318] -> 0x0513
mem[X,0x000000008000331A] -> 0x3325
[3275] [M]: 0x0000000080003318 (0x33250513) addi a0, a0, 818
x10 <- 0x3333333333333332
mem[X,0x000000008000331C] -> 0x3593
mem[X,0x000000008000331E] -> 0x0065
[3276] [M]: 0x000000008000331C (0x00653593) sltiu a1, a0, 6
x11 <- 0x0000000000000000
mem[X,0x0000000080003320] -> 0x3023
mem[X,0x0000000080003322] -> 0x64B1
[3277] [M]: 0x0000000080003320 (0x64B13023) sd a1, 1600(sp)
mem[0x0000000080009008] <- 0x0000000000000000
mem[X,0x0000000080003324] -> 0x3537
mem[X,0x0000000080003326] -> 0x3333
[3278] [M]: 0x0000000080003324 (0x33333537) lui a0, 209715
x10 <- 0x0000000033333000
mem[X,0x0000000080003328] -> 0x0513
mem[X,0x000000008000332A] -> 0x3335
[3279] [M]: 0x0000000080003328 (0x33350513) addi a0, a0, 819
x10 <- 0x0000000033333333
mem[X,0x000000008000332C] -> 0x1513
mem[X,0x000000008000332E] -> 0x00B5
[3280] [M]: 0x000000008000332C (0x00B51513) slli a0, a0, 11
x10 <- 0x0000019999999800
mem[X,0x0000000080003330] -> 0x0513
mem[X,0x0000000080003332] -> 0x1995
[3281] [M]: 0x0000000080003330 (0x19950513) addi a0, a0, 409
x10 <- 0x0000019999999999
mem[X,0x0000000080003334] -> 0x1513
mem[X,0x0000000080003336] -> 0x00B5
[3282] [M]: 0x0000000080003334 (0x00B51513) slli a0, a0, 11
x10 <- 0x000CCCCCCCCCC800
mem[X,0x0000000080003338] -> 0x0513
mem[X,0x000000008000333A] -> 0x4CC5
[3283] [M]: 0x0000000080003338 (0x4CC50513) addi a0, a0, 1228
x10 <- 0x000CCCCCCCCCCCCC
mem[X,0x000000008000333C] -> 0x1513
mem[X,0x000000008000333E] -> 0x00A5
[3284] [M]: 0x000000008000333C (0x00A51513) slli a0, a0, 10
x10 <- 0x3333333333333000
mem[X,0x0000000080003340] -> 0x0513
mem[X,0x0000000080003342] -> 0x3325
[3285] [M]: 0x0000000080003340 (0x33250513) addi a0, a0, 818
x10 <- 0x3333333333333332
mem[X,0x0000000080003344] -> 0x3593
mem[X,0x0000000080003346] -> 0x3345
[3286] [M]: 0x0000000080003344 (0x33453593) sltiu a1, a0, 820
x11 <- 0x0000000000000000
mem[X,0x0000000080003348] -> 0x3423
mem[X,0x000000008000334A] -> 0x64B1
[3287] [M]: 0x0000000080003348 (0x64B13423) sd a1, 1608(sp)
mem[0x0000000080009010] <- 0x0000000000000000
mem[X,0x000000008000334C] -> 0x3537
mem[X,0x000000008000334E] -> 0x3333
[3288] [M]: 0x000000008000334C (0x33333537) lui a0, 209715
x10 <- 0x0000000033333000
mem[X,0x0000000080003350] -> 0x0513
mem[X,0x0000000080003352] -> 0x3335
[3289] [M]: 0x0000000080003350 (0x33350513) addi a0, a0, 819
x10 <- 0x0000000033333333
mem[X,0x0000000080003354] -> 0x1513
mem[X,0x0000000080003356] -> 0x00B5
[3290] [M]: 0x0000000080003354 (0x00B51513) slli a0, a0, 11
x10 <- 0x0000019999999800
mem[X,0x0000000080003358] -> 0x0513
mem[X,0x000000008000335A] -> 0x1995
[3291] [M]: 0x0000000080003358 (0x19950513) addi a0, a0, 409
x10 <- 0x0000019999999999
mem[X,0x000000008000335C] -> 0x1513
mem[X,0x000000008000335E] -> 0x00B5
[3292] [M]: 0x000000008000335C (0x00B51513) slli a0, a0, 11
x10 <- 0x000CCCCCCCCCC800
mem[X,0x0000000080003360] -> 0x0513
mem[X,0x0000000080003362] -> 0x4CC5
[3293] [M]: 0x0000000080003360 (0x4CC50513) addi a0, a0, 1228
x10 <- 0x000CCCCCCCCCCCCC
mem[X,0x0000000080003364] -> 0x1513
mem[X,0x0000000080003366] -> 0x00A5
[3294] [M]: 0x0000000080003364 (0x00A51513) slli a0, a0, 10
x10 <- 0x3333333333333000
mem[X,0x0000000080003368] -> 0x0513
mem[X,0x000000008000336A] -> 0x3325
[3295] [M]: 0x0000000080003368 (0x33250513) addi a0, a0, 818
x10 <- 0x3333333333333332
mem[X,0x000000008000336C] -> 0x3593
mem[X,0x000000008000336E] -> 0x6675
[3296] [M]: 0x000000008000336C (0x66753593) sltiu a1, a0, 1639
x11 <- 0x0000000000000000
mem[X,0x0000000080003370] -> 0x3823
mem[X,0x0000000080003372] -> 0x64B1
[3297] [M]: 0x0000000080003370 (0x64B13823) sd a1, 1616(sp)
mem[0x0000000080009018] <- 0x0000000000000000
mem[X,0x0000000080003374] -> 0x3537
mem[X,0x0000000080003376] -> 0x3333
[3298] [M]: 0x0000000080003374 (0x33333537) lui a0, 209715
x10 <- 0x0000000033333000
mem[X,0x0000000080003378] -> 0x0513
mem[X,0x000000008000337A] -> 0x3335
[3299] [M]: 0x0000000080003378 (0x33350513) addi a0, a0, 819
x10 <- 0x0000000033333333
clint::tick mtime <- 0x0000000000000021
 clint timer pending at mtime 0x0000000000000021
htif::tick 0x0000000000000000
mem[X,0x000000008000337C] -> 0x1513
mem[X,0x000000008000337E] -> 0x00B5
[3300] [M]: 0x000000008000337C (0x00B51513) slli a0, a0, 11
x10 <- 0x0000019999999800
mem[X,0x0000000080003380] -> 0x0513
mem[X,0x0000000080003382] -> 0x1995
[3301] [M]: 0x0000000080003380 (0x19950513) addi a0, a0, 409
x10 <- 0x0000019999999999
mem[X,0x0000000080003384] -> 0x1513
mem[X,0x0000000080003386] -> 0x00B5
[3302] [M]: 0x0000000080003384 (0x00B51513) slli a0, a0, 11
x10 <- 0x000CCCCCCCCCC800
mem[X,0x0000000080003388] -> 0x0513
mem[X,0x000000008000338A] -> 0x4CC5
[3303] [M]: 0x0000000080003388 (0x4CC50513) addi a0, a0, 1228
x10 <- 0x000CCCCCCCCCCCCC
mem[X,0x000000008000338C] -> 0x1513
mem[X,0x000000008000338E] -> 0x00A5
[3304] [M]: 0x000000008000338C (0x00A51513) slli a0, a0, 10
x10 <- 0x3333333333333000
mem[X,0x0000000080003390] -> 0x0513
mem[X,0x0000000080003392] -> 0x3325
[3305] [M]: 0x0000000080003390 (0x33250513) addi a0, a0, 818
x10 <- 0x3333333333333332
mem[X,0x0000000080003394] -> 0x3593
mem[X,0x0000000080003396] -> 0x02E5
[3306] [M]: 0x0000000080003394 (0x02E53593) sltiu a1, a0, 46
x11 <- 0x0000000000000000
mem[X,0x0000000080003398] -> 0x3C23
mem[X,0x000000008000339A] -> 0x64B1
[3307] [M]: 0x0000000080003398 (0x64B13C23) sd a1, 1624(sp)
mem[0x0000000080009020] <- 0x0000000000000000
mem[X,0x000000008000339C] -> 0x3537
mem[X,0x000000008000339E] -> 0x3333
[3308] [M]: 0x000000008000339C (0x33333537) lui a0, 209715
x10 <- 0x0000000033333000
mem[X,0x00000000800033A0] -> 0x0513
mem[X,0x00000000800033A2] -> 0x3335
[3309] [M]: 0x00000000800033A0 (0x33350513) addi a0, a0, 819
x10 <- 0x0000000033333333
mem[X,0x00000000800033A4] -> 0x1513
mem[X,0x00000000800033A6] -> 0x00B5
[3310] [M]: 0x00000000800033A4 (0x00B51513) slli a0, a0, 11
x10 <- 0x0000019999999800
mem[X,0x00000000800033A8] -> 0x0513
mem[X,0x00000000800033AA] -> 0x1995
[3311] [M]: 0x00000000800033A8 (0x19950513) addi a0, a0, 409
x10 <- 0x0000019999999999
mem[X,0x00000000800033AC] -> 0x1513
mem[X,0x00000000800033AE] -> 0x00B5
[3312] [M]: 0x00000000800033AC (0x00B51513) slli a0, a0, 11
x10 <- 0x000CCCCCCCCCC800
mem[X,0x00000000800033B0] -> 0x0513
mem[X,0x00000000800033B2] -> 0x4CC5
[3313] [M]: 0x00000000800033B0 (0x4CC50513) addi a0, a0, 1228
x10 <- 0x000CCCCCCCCCCCCC
mem[X,0x00000000800033B4] -> 0x1513
mem[X,0x00000000800033B6] -> 0x00A5
[3314] [M]: 0x00000000800033B4 (0x00A51513) slli a0, a0, 10
x10 <- 0x3333333333333000
mem[X,0x00000000800033B8] -> 0x0513
mem[X,0x00000000800033BA] -> 0x3325
[3315] [M]: 0x00000000800033B8 (0x33250513) addi a0, a0, 818
x10 <- 0x3333333333333332
mem[X,0x00000000800033BC] -> 0x3593
mem[X,0x00000000800033BE] -> 0x0015
[3316] [M]: 0x00000000800033BC (0x00153593) sltiu a1, a0, 1
x11 <- 0x0000000000000000
mem[X,0x00000000800033C0] -> 0x3023
mem[X,0x00000000800033C2] -> 0x66B1
[3317] [M]: 0x00000000800033C0 (0x66B13023) sd a1, 1632(sp)
mem[0x0000000080009028] <- 0x0000000000000000
mem[X,0x00000000800033C4] -> 0x3537
mem[X,0x00000000800033C6] -> 0x3333
[3318] [M]: 0x00000000800033C4 (0x33333537) lui a0, 209715
x10 <- 0x0000000033333000
mem[X,0x00000000800033C8] -> 0x0513
mem[X,0x00000000800033CA] -> 0x3335
[3319] [M]: 0x00000000800033C8 (0x33350513) addi a0, a0, 819
x10 <- 0x0000000033333333
mem[X,0x00000000800033CC] -> 0x1513
mem[X,0x00000000800033CE] -> 0x00B5
[3320] [M]: 0x00000000800033CC (0x00B51513) slli a0, a0, 11
x10 <- 0x0000019999999800
mem[X,0x00000000800033D0] -> 0x0513
mem[X,0x00000000800033D2] -> 0x1995
[3321] [M]: 0x00000000800033D0 (0x19950513) addi a0, a0, 409
x10 <- 0x0000019999999999
mem[X,0x00000000800033D4] -> 0x1513
mem[X,0x00000000800033D6] -> 0x00B5
[3322] [M]: 0x00000000800033D4 (0x00B51513) slli a0, a0, 11
x10 <- 0x000CCCCCCCCCC800
mem[X,0x00000000800033D8] -> 0x0513
mem[X,0x00000000800033DA] -> 0x4CC5
[3323] [M]: 0x00000000800033D8 (0x4CC50513) addi a0, a0, 1228
x10 <- 0x000CCCCCCCCCCCCC
mem[X,0x00000000800033DC] -> 0x1513
mem[X,0x00000000800033DE] -> 0x00A5
[3324] [M]: 0x00000000800033DC (0x00A51513) slli a0, a0, 10
x10 <- 0x3333333333333000
mem[X,0x00000000800033E0] -> 0x0513
mem[X,0x00000000800033E2] -> 0x3325
[3325] [M]: 0x00000000800033E0 (0x33250513) addi a0, a0, 818
x10 <- 0x3333333333333332
mem[X,0x00000000800033E4] -> 0x3593
mem[X,0x00000000800033E6] -> 0x0405
[3326] [M]: 0x00000000800033E4 (0x04053593) sltiu a1, a0, 64
x11 <- 0x0000000000000000
mem[X,0x00000000800033E8] -> 0x3423
mem[X,0x00000000800033EA] -> 0x66B1
[3327] [M]: 0x00000000800033E8 (0x66B13423) sd a1, 1640(sp)
mem[0x0000000080009030] <- 0x0000000000000000
mem[X,0x00000000800033EC] -> 0x6537
mem[X,0x00000000800033EE] -> 0x6666
[3328] [M]: 0x00000000800033EC (0x66666537) lui a0, 419430
x10 <- 0x0000000066666000
mem[X,0x00000000800033F0] -> 0x0513
mem[X,0x00000000800033F2] -> 0x6665
[3329] [M]: 0x00000000800033F0 (0x66650513) addi a0, a0, 1638
x10 <- 0x0000000066666666
mem[X,0x00000000800033F4] -> 0x1513
mem[X,0x00000000800033F6] -> 0x00B5
[3330] [M]: 0x00000000800033F4 (0x00B51513) slli a0, a0, 11
x10 <- 0x0000033333333000
mem[X,0x00000000800033F8] -> 0x0513
mem[X,0x00000000800033FA] -> 0x3335
[3331] [M]: 0x00000000800033F8 (0x33350513) addi a0, a0, 819
x10 <- 0x0000033333333333
mem[X,0x00000000800033FC] -> 0x1513
mem[X,0x00000000800033FE] -> 0x00B5
[3332] [M]: 0x00000000800033FC (0x00B51513) slli a0, a0, 11
x10 <- 0x0019999999999800
mem[X,0x0000000080003400] -> 0x0513
mem[X,0x0000000080003402] -> 0x1995
[3333] [M]: 0x0000000080003400 (0x19950513) addi a0, a0, 409
x10 <- 0x0019999999999999
mem[X,0x0000000080003404] -> 0x1513
mem[X,0x0000000080003406] -> 0x00A5
[3334] [M]: 0x0000000080003404 (0x00A51513) slli a0, a0, 10
x10 <- 0x6666666666666400
mem[X,0x0000000080003408] -> 0x0513
mem[X,0x000000008000340A] -> 0x2655
[3335] [M]: 0x0000000080003408 (0x26550513) addi a0, a0, 613
x10 <- 0x6666666666666665
mem[X,0x000000008000340C] -> 0x3593
mem[X,0x000000008000340E] -> 0x0035
[3336] [M]: 0x000000008000340C (0x00353593) sltiu a1, a0, 3
x11 <- 0x0000000000000000
mem[X,0x0000000080003410] -> 0x3823
mem[X,0x0000000080003412] -> 0x66B1
[3337] [M]: 0x0000000080003410 (0x66B13823) sd a1, 1648(sp)
mem[0x0000000080009038] <- 0x0000000000000000
mem[X,0x0000000080003414] -> 0x6537
mem[X,0x0000000080003416] -> 0x6666
[3338] [M]: 0x0000000080003414 (0x66666537) lui a0, 419430
x10 <- 0x0000000066666000
mem[X,0x0000000080003418] -> 0x0513
mem[X,0x000000008000341A] -> 0x6665
[3339] [M]: 0x0000000080003418 (0x66650513) addi a0, a0, 1638
x10 <- 0x0000000066666666
mem[X,0x000000008000341C] -> 0x1513
mem[X,0x000000008000341E] -> 0x00B5
[3340] [M]: 0x000000008000341C (0x00B51513) slli a0, a0, 11
x10 <- 0x0000033333333000
mem[X,0x0000000080003420] -> 0x0513
mem[X,0x0000000080003422] -> 0x3335
[3341] [M]: 0x0000000080003420 (0x33350513) addi a0, a0, 819
x10 <- 0x0000033333333333
mem[X,0x0000000080003424] -> 0x1513
mem[X,0x0000000080003426] -> 0x00B5
[3342] [M]: 0x0000000080003424 (0x00B51513) slli a0, a0, 11
x10 <- 0x0019999999999800
mem[X,0x0000000080003428] -> 0x0513
mem[X,0x000000008000342A] -> 0x1995
[3343] [M]: 0x0000000080003428 (0x19950513) addi a0, a0, 409
x10 <- 0x0019999999999999
mem[X,0x000000008000342C] -> 0x1513
mem[X,0x000000008000342E] -> 0x00A5
[3344] [M]: 0x000000008000342C (0x00A51513) slli a0, a0, 10
x10 <- 0x6666666666666400
mem[X,0x0000000080003430] -> 0x0513
mem[X,0x0000000080003432] -> 0x2655
[3345] [M]: 0x0000000080003430 (0x26550513) addi a0, a0, 613
x10 <- 0x6666666666666665
mem[X,0x0000000080003434] -> 0x3593
mem[X,0x0000000080003436] -> 0x5555
[3346] [M]: 0x0000000080003434 (0x55553593) sltiu a1, a0, 1365
x11 <- 0x0000000000000000
mem[X,0x0000000080003438] -> 0x3C23
mem[X,0x000000008000343A] -> 0x66B1
[3347] [M]: 0x0000000080003438 (0x66B13C23) sd a1, 1656(sp)
mem[0x0000000080009040] <- 0x0000000000000000
mem[X,0x000000008000343C] -> 0x6537
mem[X,0x000000008000343E] -> 0x6666
[3348] [M]: 0x000000008000343C (0x66666537) lui a0, 419430
x10 <- 0x0000000066666000
mem[X,0x0000000080003440] -> 0x0513
mem[X,0x0000000080003442] -> 0x6665
[3349] [M]: 0x0000000080003440 (0x66650513) addi a0, a0, 1638
x10 <- 0x0000000066666666
mem[X,0x0000000080003444] -> 0x1513
mem[X,0x0000000080003446] -> 0x00B5
[3350] [M]: 0x0000000080003444 (0x00B51513) slli a0, a0, 11
x10 <- 0x0000033333333000
mem[X,0x0000000080003448] -> 0x0513
mem[X,0x000000008000344A] -> 0x3335
[3351] [M]: 0x0000000080003448 (0x33350513) addi a0, a0, 819
x10 <- 0x0000033333333333
mem[X,0x000000008000344C] -> 0x1513
mem[X,0x000000008000344E] -> 0x00B5
[3352] [M]: 0x000000008000344C (0x00B51513) slli a0, a0, 11
x10 <- 0x0019999999999800
mem[X,0x0000000080003450] -> 0x0513
mem[X,0x0000000080003452] -> 0x1995
[3353] [M]: 0x0000000080003450 (0x19950513) addi a0, a0, 409
x10 <- 0x0019999999999999
mem[X,0x0000000080003454] -> 0x1513
mem[X,0x0000000080003456] -> 0x00A5
[3354] [M]: 0x0000000080003454 (0x00A51513) slli a0, a0, 10
x10 <- 0x6666666666666400
mem[X,0x0000000080003458] -> 0x0513
mem[X,0x000000008000345A] -> 0x2655
[3355] [M]: 0x0000000080003458 (0x26550513) addi a0, a0, 613
x10 <- 0x6666666666666665
mem[X,0x000000008000345C] -> 0x3593
mem[X,0x000000008000345E] -> 0xAAA5
[3356] [M]: 0x000000008000345C (0xAAA53593) sltiu a1, a0, 2730
x11 <- 0x0000000000000001
mem[X,0x0000000080003460] -> 0x3023
mem[X,0x0000000080003462] -> 0x68B1
[3357] [M]: 0x0000000080003460 (0x68B13023) sd a1, 1664(sp)
mem[0x0000000080009048] <- 0x0000000000000001
mem[X,0x0000000080003464] -> 0x6537
mem[X,0x0000000080003466] -> 0x6666
[3358] [M]: 0x0000000080003464 (0x66666537) lui a0, 419430
x10 <- 0x0000000066666000
mem[X,0x0000000080003468] -> 0x0513
mem[X,0x000000008000346A] -> 0x6665
[3359] [M]: 0x0000000080003468 (0x66650513) addi a0, a0, 1638
x10 <- 0x0000000066666666
mem[X,0x000000008000346C] -> 0x1513
mem[X,0x000000008000346E] -> 0x00B5
[3360] [M]: 0x000000008000346C (0x00B51513) slli a0, a0, 11
x10 <- 0x0000033333333000
mem[X,0x0000000080003470] -> 0x0513
mem[X,0x0000000080003472] -> 0x3335
[3361] [M]: 0x0000000080003470 (0x33350513) addi a0, a0, 819
x10 <- 0x0000033333333333
mem[X,0x0000000080003474] -> 0x1513
mem[X,0x0000000080003476] -> 0x00B5
[3362] [M]: 0x0000000080003474 (0x00B51513) slli a0, a0, 11
x10 <- 0x0019999999999800
mem[X,0x0000000080003478] -> 0x0513
mem[X,0x000000008000347A] -> 0x1995
[3363] [M]: 0x0000000080003478 (0x19950513) addi a0, a0, 409
x10 <- 0x0019999999999999
mem[X,0x000000008000347C] -> 0x1513
mem[X,0x000000008000347E] -> 0x00A5
[3364] [M]: 0x000000008000347C (0x00A51513) slli a0, a0, 10
x10 <- 0x6666666666666400
mem[X,0x0000000080003480] -> 0x0513
mem[X,0x0000000080003482] -> 0x2655
[3365] [M]: 0x0000000080003480 (0x26550513) addi a0, a0, 613
x10 <- 0x6666666666666665
mem[X,0x0000000080003484] -> 0x3593
mem[X,0x0000000080003486] -> 0x0055
[3366] [M]: 0x0000000080003484 (0x00553593) sltiu a1, a0, 5
x11 <- 0x0000000000000000
mem[X,0x0000000080003488] -> 0x3423
mem[X,0x000000008000348A] -> 0x68B1
[3367] [M]: 0x0000000080003488 (0x68B13423) sd a1, 1672(sp)
mem[0x0000000080009050] <- 0x0000000000000000
mem[X,0x000000008000348C] -> 0x6537
mem[X,0x000000008000348E] -> 0x6666
[3368] [M]: 0x000000008000348C (0x66666537) lui a0, 419430
x10 <- 0x0000000066666000
mem[X,0x0000000080003490] -> 0x0513
mem[X,0x0000000080003492] -> 0x6665
[3369] [M]: 0x0000000080003490 (0x66650513) addi a0, a0, 1638
x10 <- 0x0000000066666666
mem[X,0x0000000080003494] -> 0x1513
mem[X,0x0000000080003496] -> 0x00B5
[3370] [M]: 0x0000000080003494 (0x00B51513) slli a0, a0, 11
x10 <- 0x0000033333333000
mem[X,0x0000000080003498] -> 0x0513
mem[X,0x000000008000349A] -> 0x3335
[3371] [M]: 0x0000000080003498 (0x33350513) addi a0, a0, 819
x10 <- 0x0000033333333333
mem[X,0x000000008000349C] -> 0x1513
mem[X,0x000000008000349E] -> 0x00B5
[3372] [M]: 0x000000008000349C (0x00B51513) slli a0, a0, 11
x10 <- 0x0019999999999800
mem[X,0x00000000800034A0] -> 0x0513
mem[X,0x00000000800034A2] -> 0x1995
[3373] [M]: 0x00000000800034A0 (0x19950513) addi a0, a0, 409
x10 <- 0x0019999999999999
mem[X,0x00000000800034A4] -> 0x1513
mem[X,0x00000000800034A6] -> 0x00A5
[3374] [M]: 0x00000000800034A4 (0x00A51513) slli a0, a0, 10
x10 <- 0x6666666666666400
mem[X,0x00000000800034A8] -> 0x0513
mem[X,0x00000000800034AA] -> 0x2655
[3375] [M]: 0x00000000800034A8 (0x26550513) addi a0, a0, 613
x10 <- 0x6666666666666665
mem[X,0x00000000800034AC] -> 0x3593
mem[X,0x00000000800034AE] -> 0x3335
[3376] [M]: 0x00000000800034AC (0x33353593) sltiu a1, a0, 819
x11 <- 0x0000000000000000
mem[X,0x00000000800034B0] -> 0x3823
mem[X,0x00000000800034B2] -> 0x68B1
[3377] [M]: 0x00000000800034B0 (0x68B13823) sd a1, 1680(sp)
mem[0x0000000080009058] <- 0x0000000000000000
mem[X,0x00000000800034B4] -> 0x6537
mem[X,0x00000000800034B6] -> 0x6666
[3378] [M]: 0x00000000800034B4 (0x66666537) lui a0, 419430
x10 <- 0x0000000066666000
mem[X,0x00000000800034B8] -> 0x0513
mem[X,0x00000000800034BA] -> 0x6665
[3379] [M]: 0x00000000800034B8 (0x66650513) addi a0, a0, 1638
x10 <- 0x0000000066666666
mem[X,0x00000000800034BC] -> 0x1513
mem[X,0x00000000800034BE] -> 0x00B5
[3380] [M]: 0x00000000800034BC (0x00B51513) slli a0, a0, 11
x10 <- 0x0000033333333000
mem[X,0x00000000800034C0] -> 0x0513
mem[X,0x00000000800034C2] -> 0x3335
[3381] [M]: 0x00000000800034C0 (0x33350513) addi a0, a0, 819
x10 <- 0x0000033333333333
mem[X,0x00000000800034C4] -> 0x1513
mem[X,0x00000000800034C6] -> 0x00B5
[3382] [M]: 0x00000000800034C4 (0x00B51513) slli a0, a0, 11
x10 <- 0x0019999999999800
mem[X,0x00000000800034C8] -> 0x0513
mem[X,0x00000000800034CA] -> 0x1995
[3383] [M]: 0x00000000800034C8 (0x19950513) addi a0, a0, 409
x10 <- 0x0019999999999999
mem[X,0x00000000800034CC] -> 0x1513
mem[X,0x00000000800034CE] -> 0x00A5
[3384] [M]: 0x00000000800034CC (0x00A51513) slli a0, a0, 10
x10 <- 0x6666666666666400
mem[X,0x00000000800034D0] -> 0x0513
mem[X,0x00000000800034D2] -> 0x2655
[3385] [M]: 0x00000000800034D0 (0x26550513) addi a0, a0, 613
x10 <- 0x6666666666666665
mem[X,0x00000000800034D4] -> 0x3593
mem[X,0x00000000800034D6] -> 0x6665
[3386] [M]: 0x00000000800034D4 (0x66653593) sltiu a1, a0, 1638
x11 <- 0x0000000000000000
mem[X,0x00000000800034D8] -> 0x3C23
mem[X,0x00000000800034DA] -> 0x68B1
[3387] [M]: 0x00000000800034D8 (0x68B13C23) sd a1, 1688(sp)
mem[0x0000000080009060] <- 0x0000000000000000
mem[X,0x00000000800034DC] -> 0x6537
mem[X,0x00000000800034DE] -> 0x6666
[3388] [M]: 0x00000000800034DC (0x66666537) lui a0, 419430
x10 <- 0x0000000066666000
mem[X,0x00000000800034E0] -> 0x0513
mem[X,0x00000000800034E2] -> 0x6665
[3389] [M]: 0x00000000800034E0 (0x66650513) addi a0, a0, 1638
x10 <- 0x0000000066666666
mem[X,0x00000000800034E4] -> 0x1513
mem[X,0x00000000800034E6] -> 0x00B5
[3390] [M]: 0x00000000800034E4 (0x00B51513) slli a0, a0, 11
x10 <- 0x0000033333333000
mem[X,0x00000000800034E8] -> 0x0513
mem[X,0x00000000800034EA] -> 0x3335
[3391] [M]: 0x00000000800034E8 (0x33350513) addi a0, a0, 819
x10 <- 0x0000033333333333
mem[X,0x00000000800034EC] -> 0x1513
mem[X,0x00000000800034EE] -> 0x00B5
[3392] [M]: 0x00000000800034EC (0x00B51513) slli a0, a0, 11
x10 <- 0x0019999999999800
mem[X,0x00000000800034F0] -> 0x0513
mem[X,0x00000000800034F2] -> 0x1995
[3393] [M]: 0x00000000800034F0 (0x19950513) addi a0, a0, 409
x10 <- 0x0019999999999999
mem[X,0x00000000800034F4] -> 0x1513
mem[X,0x00000000800034F6] -> 0x00A5
[3394] [M]: 0x00000000800034F4 (0x00A51513) slli a0, a0, 10
x10 <- 0x6666666666666400
mem[X,0x00000000800034F8] -> 0x0513
mem[X,0x00000000800034FA] -> 0x2655
[3395] [M]: 0x00000000800034F8 (0x26550513) addi a0, a0, 613
x10 <- 0x6666666666666665
mem[X,0x00000000800034FC] -> 0x3593
mem[X,0x00000000800034FE] -> 0x02D5
[3396] [M]: 0x00000000800034FC (0x02D53593) sltiu a1, a0, 45
x11 <- 0x0000000000000000
mem[X,0x0000000080003500] -> 0x3023
mem[X,0x0000000080003502] -> 0x6AB1
[3397] [M]: 0x0000000080003500 (0x6AB13023) sd a1, 1696(sp)
mem[0x0000000080009068] <- 0x0000000000000000
mem[X,0x0000000080003504] -> 0x6537
mem[X,0x0000000080003506] -> 0x6666
[3398] [M]: 0x0000000080003504 (0x66666537) lui a0, 419430
x10 <- 0x0000000066666000
mem[X,0x0000000080003508] -> 0x0513
mem[X,0x000000008000350A] -> 0x6665
[3399] [M]: 0x0000000080003508 (0x66650513) addi a0, a0, 1638
x10 <- 0x0000000066666666
clint::tick mtime <- 0x0000000000000022
 clint timer pending at mtime 0x0000000000000022
htif::tick 0x0000000000000000
mem[X,0x000000008000350C] -> 0x1513
mem[X,0x000000008000350E] -> 0x00B5
[3400] [M]: 0x000000008000350C (0x00B51513) slli a0, a0, 11
x10 <- 0x0000033333333000
mem[X,0x0000000080003510] -> 0x0513
mem[X,0x0000000080003512] -> 0x3335
[3401] [M]: 0x0000000080003510 (0x33350513) addi a0, a0, 819
x10 <- 0x0000033333333333
mem[X,0x0000000080003514] -> 0x1513
mem[X,0x0000000080003516] -> 0x00B5
[3402] [M]: 0x0000000080003514 (0x00B51513) slli a0, a0, 11
x10 <- 0x0019999999999800
mem[X,0x0000000080003518] -> 0x0513
mem[X,0x000000008000351A] -> 0x1995
[3403] [M]: 0x0000000080003518 (0x19950513) addi a0, a0, 409
x10 <- 0x0019999999999999
mem[X,0x000000008000351C] -> 0x1513
mem[X,0x000000008000351E] -> 0x00A5
[3404] [M]: 0x000000008000351C (0x00A51513) slli a0, a0, 10
x10 <- 0x6666666666666400
mem[X,0x0000000080003520] -> 0x0513
mem[X,0x0000000080003522] -> 0x2655
[3405] [M]: 0x0000000080003520 (0x26550513) addi a0, a0, 613
x10 <- 0x6666666666666665
mem[X,0x0000000080003524] -> 0x3593
mem[X,0x0000000080003526] -> 0x0005
[3406] [M]: 0x0000000080003524 (0x00053593) sltiu a1, a0, 0
x11 <- 0x0000000000000000
mem[X,0x0000000080003528] -> 0x3423
mem[X,0x000000008000352A] -> 0x6AB1
[3407] [M]: 0x0000000080003528 (0x6AB13423) sd a1, 1704(sp)
mem[0x0000000080009070] <- 0x0000000000000000
mem[X,0x000000008000352C] -> 0x6537
mem[X,0x000000008000352E] -> 0x6666
[3408] [M]: 0x000000008000352C (0x66666537) lui a0, 419430
x10 <- 0x0000000066666000
mem[X,0x0000000080003530] -> 0x0513
mem[X,0x0000000080003532] -> 0x6665
[3409] [M]: 0x0000000080003530 (0x66650513) addi a0, a0, 1638
x10 <- 0x0000000066666666
mem[X,0x0000000080003534] -> 0x1513
mem[X,0x0000000080003536] -> 0x00B5
[3410] [M]: 0x0000000080003534 (0x00B51513) slli a0, a0, 11
x10 <- 0x0000033333333000
mem[X,0x0000000080003538] -> 0x0513
mem[X,0x000000008000353A] -> 0x3335
[3411] [M]: 0x0000000080003538 (0x33350513) addi a0, a0, 819
x10 <- 0x0000033333333333
mem[X,0x000000008000353C] -> 0x1513
mem[X,0x000000008000353E] -> 0x00B5
[3412] [M]: 0x000000008000353C (0x00B51513) slli a0, a0, 11
x10 <- 0x0019999999999800
mem[X,0x0000000080003540] -> 0x0513
mem[X,0x0000000080003542] -> 0x1995
[3413] [M]: 0x0000000080003540 (0x19950513) addi a0, a0, 409
x10 <- 0x0019999999999999
mem[X,0x0000000080003544] -> 0x1513
mem[X,0x0000000080003546] -> 0x00A5
[3414] [M]: 0x0000000080003544 (0x00A51513) slli a0, a0, 10
x10 <- 0x6666666666666400
mem[X,0x0000000080003548] -> 0x0513
mem[X,0x000000008000354A] -> 0x2655
[3415] [M]: 0x0000000080003548 (0x26550513) addi a0, a0, 613
x10 <- 0x6666666666666665
mem[X,0x000000008000354C] -> 0x3593
mem[X,0x000000008000354E] -> 0x03F5
[3416] [M]: 0x000000008000354C (0x03F53593) sltiu a1, a0, 63
x11 <- 0x0000000000000000
mem[X,0x0000000080003550] -> 0x3823
mem[X,0x0000000080003552] -> 0x6AB1
[3417] [M]: 0x0000000080003550 (0x6AB13823) sd a1, 1712(sp)
mem[0x0000000080009078] <- 0x0000000000000000
mem[X,0x0000000080003554] -> 0x6537
mem[X,0x0000000080003556] -> 0x6666
[3418] [M]: 0x0000000080003554 (0x66666537) lui a0, 419430
x10 <- 0x0000000066666000
mem[X,0x0000000080003558] -> 0x0513
mem[X,0x000000008000355A] -> 0x6665
[3419] [M]: 0x0000000080003558 (0x66650513) addi a0, a0, 1638
x10 <- 0x0000000066666666
mem[X,0x000000008000355C] -> 0x1513
mem[X,0x000000008000355E] -> 0x00B5
[3420] [M]: 0x000000008000355C (0x00B51513) slli a0, a0, 11
x10 <- 0x0000033333333000
mem[X,0x0000000080003560] -> 0x0513
mem[X,0x0000000080003562] -> 0x3335
[3421] [M]: 0x0000000080003560 (0x33350513) addi a0, a0, 819
x10 <- 0x0000033333333333
mem[X,0x0000000080003564] -> 0x1513
mem[X,0x0000000080003566] -> 0x00B5
[3422] [M]: 0x0000000080003564 (0x00B51513) slli a0, a0, 11
x10 <- 0x0019999999999800
mem[X,0x0000000080003568] -> 0x0513
mem[X,0x000000008000356A] -> 0x1995
[3423] [M]: 0x0000000080003568 (0x19950513) addi a0, a0, 409
x10 <- 0x0019999999999999
mem[X,0x000000008000356C] -> 0x1513
mem[X,0x000000008000356E] -> 0x00A5
[3424] [M]: 0x000000008000356C (0x00A51513) slli a0, a0, 10
x10 <- 0x6666666666666400
mem[X,0x0000000080003570] -> 0x0513
mem[X,0x0000000080003572] -> 0x2655
[3425] [M]: 0x0000000080003570 (0x26550513) addi a0, a0, 613
x10 <- 0x6666666666666665
mem[X,0x0000000080003574] -> 0x3593
mem[X,0x0000000080003576] -> 0x0025
[3426] [M]: 0x0000000080003574 (0x00253593) sltiu a1, a0, 2
x11 <- 0x0000000000000000
mem[X,0x0000000080003578] -> 0x3C23
mem[X,0x000000008000357A] -> 0x6AB1
[3427] [M]: 0x0000000080003578 (0x6AB13C23) sd a1, 1720(sp)
mem[0x0000000080009080] <- 0x0000000000000000
mem[X,0x000000008000357C] -> 0x6537
mem[X,0x000000008000357E] -> 0x6666
[3428] [M]: 0x000000008000357C (0x66666537) lui a0, 419430
x10 <- 0x0000000066666000
mem[X,0x0000000080003580] -> 0x0513
mem[X,0x0000000080003582] -> 0x6665
[3429] [M]: 0x0000000080003580 (0x66650513) addi a0, a0, 1638
x10 <- 0x0000000066666666
mem[X,0x0000000080003584] -> 0x1513
mem[X,0x0000000080003586] -> 0x00B5
[3430] [M]: 0x0000000080003584 (0x00B51513) slli a0, a0, 11
x10 <- 0x0000033333333000
mem[X,0x0000000080003588] -> 0x0513
mem[X,0x000000008000358A] -> 0x3335
[3431] [M]: 0x0000000080003588 (0x33350513) addi a0, a0, 819
x10 <- 0x0000033333333333
mem[X,0x000000008000358C] -> 0x1513
mem[X,0x000000008000358E] -> 0x00B5
[3432] [M]: 0x000000008000358C (0x00B51513) slli a0, a0, 11
x10 <- 0x0019999999999800
mem[X,0x0000000080003590] -> 0x0513
mem[X,0x0000000080003592] -> 0x1995
[3433] [M]: 0x0000000080003590 (0x19950513) addi a0, a0, 409
x10 <- 0x0019999999999999
mem[X,0x0000000080003594] -> 0x1513
mem[X,0x0000000080003596] -> 0x00A5
[3434] [M]: 0x0000000080003594 (0x00A51513) slli a0, a0, 10
x10 <- 0x6666666666666400
mem[X,0x0000000080003598] -> 0x0513
mem[X,0x000000008000359A] -> 0x2655
[3435] [M]: 0x0000000080003598 (0x26550513) addi a0, a0, 613
x10 <- 0x6666666666666665
mem[X,0x000000008000359C] -> 0x3593
mem[X,0x000000008000359E] -> 0x5545
[3436] [M]: 0x000000008000359C (0x55453593) sltiu a1, a0, 1364
x11 <- 0x0000000000000000
mem[X,0x00000000800035A0] -> 0x3023
mem[X,0x00000000800035A2] -> 0x6CB1
[3437] [M]: 0x00000000800035A0 (0x6CB13023) sd a1, 1728(sp)
mem[0x0000000080009088] <- 0x0000000000000000
mem[X,0x00000000800035A4] -> 0x6537
mem[X,0x00000000800035A6] -> 0x6666
[3438] [M]: 0x00000000800035A4 (0x66666537) lui a0, 419430
x10 <- 0x0000000066666000
mem[X,0x00000000800035A8] -> 0x0513
mem[X,0x00000000800035AA] -> 0x6665
[3439] [M]: 0x00000000800035A8 (0x66650513) addi a0, a0, 1638
x10 <- 0x0000000066666666
mem[X,0x00000000800035AC] -> 0x1513
mem[X,0x00000000800035AE] -> 0x00B5
[3440] [M]: 0x00000000800035AC (0x00B51513) slli a0, a0, 11
x10 <- 0x0000033333333000
mem[X,0x00000000800035B0] -> 0x0513
mem[X,0x00000000800035B2] -> 0x3335
[3441] [M]: 0x00000000800035B0 (0x33350513) addi a0, a0, 819
x10 <- 0x0000033333333333
mem[X,0x00000000800035B4] -> 0x1513
mem[X,0x00000000800035B6] -> 0x00B5
[3442] [M]: 0x00000000800035B4 (0x00B51513) slli a0, a0, 11
x10 <- 0x0019999999999800
mem[X,0x00000000800035B8] -> 0x0513
mem[X,0x00000000800035BA] -> 0x1995
[3443] [M]: 0x00000000800035B8 (0x19950513) addi a0, a0, 409
x10 <- 0x0019999999999999
mem[X,0x00000000800035BC] -> 0x1513
mem[X,0x00000000800035BE] -> 0x00A5
[3444] [M]: 0x00000000800035BC (0x00A51513) slli a0, a0, 10
x10 <- 0x6666666666666400
mem[X,0x00000000800035C0] -> 0x0513
mem[X,0x00000000800035C2] -> 0x2655
[3445] [M]: 0x00000000800035C0 (0x26550513) addi a0, a0, 613
x10 <- 0x6666666666666665
mem[X,0x00000000800035C4] -> 0x3593
mem[X,0x00000000800035C6] -> 0xAA95
[3446] [M]: 0x00000000800035C4 (0xAA953593) sltiu a1, a0, 2729
x11 <- 0x0000000000000001
mem[X,0x00000000800035C8] -> 0x3423
mem[X,0x00000000800035CA] -> 0x6CB1
[3447] [M]: 0x00000000800035C8 (0x6CB13423) sd a1, 1736(sp)
mem[0x0000000080009090] <- 0x0000000000000001
mem[X,0x00000000800035CC] -> 0x6537
mem[X,0x00000000800035CE] -> 0x6666
[3448] [M]: 0x00000000800035CC (0x66666537) lui a0, 419430
x10 <- 0x0000000066666000
mem[X,0x00000000800035D0] -> 0x0513
mem[X,0x00000000800035D2] -> 0x6665
[3449] [M]: 0x00000000800035D0 (0x66650513) addi a0, a0, 1638
x10 <- 0x0000000066666666
mem[X,0x00000000800035D4] -> 0x1513
mem[X,0x00000000800035D6] -> 0x00B5
[3450] [M]: 0x00000000800035D4 (0x00B51513) slli a0, a0, 11
x10 <- 0x0000033333333000
mem[X,0x00000000800035D8] -> 0x0513
mem[X,0x00000000800035DA] -> 0x3335
[3451] [M]: 0x00000000800035D8 (0x33350513) addi a0, a0, 819
x10 <- 0x0000033333333333
mem[X,0x00000000800035DC] -> 0x1513
mem[X,0x00000000800035DE] -> 0x00B5
[3452] [M]: 0x00000000800035DC (0x00B51513) slli a0, a0, 11
x10 <- 0x0019999999999800
mem[X,0x00000000800035E0] -> 0x0513
mem[X,0x00000000800035E2] -> 0x1995
[3453] [M]: 0x00000000800035E0 (0x19950513) addi a0, a0, 409
x10 <- 0x0019999999999999
mem[X,0x00000000800035E4] -> 0x1513
mem[X,0x00000000800035E6] -> 0x00A5
[3454] [M]: 0x00000000800035E4 (0x00A51513) slli a0, a0, 10
x10 <- 0x6666666666666400
mem[X,0x00000000800035E8] -> 0x0513
mem[X,0x00000000800035EA] -> 0x2655
[3455] [M]: 0x00000000800035E8 (0x26550513) addi a0, a0, 613
x10 <- 0x6666666666666665
mem[X,0x00000000800035EC] -> 0x3593
mem[X,0x00000000800035EE] -> 0x0045
[3456] [M]: 0x00000000800035EC (0x00453593) sltiu a1, a0, 4
x11 <- 0x0000000000000000
mem[X,0x00000000800035F0] -> 0x3823
mem[X,0x00000000800035F2] -> 0x6CB1
[3457] [M]: 0x00000000800035F0 (0x6CB13823) sd a1, 1744(sp)
mem[0x0000000080009098] <- 0x0000000000000000
mem[X,0x00000000800035F4] -> 0x6537
mem[X,0x00000000800035F6] -> 0x6666
[3458] [M]: 0x00000000800035F4 (0x66666537) lui a0, 419430
x10 <- 0x0000000066666000
mem[X,0x00000000800035F8] -> 0x0513
mem[X,0x00000000800035FA] -> 0x6665
[3459] [M]: 0x00000000800035F8 (0x66650513) addi a0, a0, 1638
x10 <- 0x0000000066666666
mem[X,0x00000000800035FC] -> 0x1513
mem[X,0x00000000800035FE] -> 0x00B5
[3460] [M]: 0x00000000800035FC (0x00B51513) slli a0, a0, 11
x10 <- 0x0000033333333000
mem[X,0x0000000080003600] -> 0x0513
mem[X,0x0000000080003602] -> 0x3335
[3461] [M]: 0x0000000080003600 (0x33350513) addi a0, a0, 819
x10 <- 0x0000033333333333
mem[X,0x0000000080003604] -> 0x1513
mem[X,0x0000000080003606] -> 0x00B5
[3462] [M]: 0x0000000080003604 (0x00B51513) slli a0, a0, 11
x10 <- 0x0019999999999800
mem[X,0x0000000080003608] -> 0x0513
mem[X,0x000000008000360A] -> 0x1995
[3463] [M]: 0x0000000080003608 (0x19950513) addi a0, a0, 409
x10 <- 0x0019999999999999
mem[X,0x000000008000360C] -> 0x1513
mem[X,0x000000008000360E] -> 0x00A5
[3464] [M]: 0x000000008000360C (0x00A51513) slli a0, a0, 10
x10 <- 0x6666666666666400
mem[X,0x0000000080003610] -> 0x0513
mem[X,0x0000000080003612] -> 0x2655
[3465] [M]: 0x0000000080003610 (0x26550513) addi a0, a0, 613
x10 <- 0x6666666666666665
mem[X,0x0000000080003614] -> 0x3593
mem[X,0x0000000080003616] -> 0x3325
[3466] [M]: 0x0000000080003614 (0x33253593) sltiu a1, a0, 818
x11 <- 0x0000000000000000
mem[X,0x0000000080003618] -> 0x3C23
mem[X,0x000000008000361A] -> 0x6CB1
[3467] [M]: 0x0000000080003618 (0x6CB13C23) sd a1, 1752(sp)
mem[0x00000000800090A0] <- 0x0000000000000000
mem[X,0x000000008000361C] -> 0x6537
mem[X,0x000000008000361E] -> 0x6666
[3468] [M]: 0x000000008000361C (0x66666537) lui a0, 419430
x10 <- 0x0000000066666000
mem[X,0x0000000080003620] -> 0x0513
mem[X,0x0000000080003622] -> 0x6665
[3469] [M]: 0x0000000080003620 (0x66650513) addi a0, a0, 1638
x10 <- 0x0000000066666666
mem[X,0x0000000080003624] -> 0x1513
mem[X,0x0000000080003626] -> 0x00B5
[3470] [M]: 0x0000000080003624 (0x00B51513) slli a0, a0, 11
x10 <- 0x0000033333333000
mem[X,0x0000000080003628] -> 0x0513
mem[X,0x000000008000362A] -> 0x3335
[3471] [M]: 0x0000000080003628 (0x33350513) addi a0, a0, 819
x10 <- 0x0000033333333333
mem[X,0x000000008000362C] -> 0x1513
mem[X,0x000000008000362E] -> 0x00B5
[3472] [M]: 0x000000008000362C (0x00B51513) slli a0, a0, 11
x10 <- 0x0019999999999800
mem[X,0x0000000080003630] -> 0x0513
mem[X,0x0000000080003632] -> 0x1995
[3473] [M]: 0x0000000080003630 (0x19950513) addi a0, a0, 409
x10 <- 0x0019999999999999
mem[X,0x0000000080003634] -> 0x1513
mem[X,0x0000000080003636] -> 0x00A5
[3474] [M]: 0x0000000080003634 (0x00A51513) slli a0, a0, 10
x10 <- 0x6666666666666400
mem[X,0x0000000080003638] -> 0x0513
mem[X,0x000000008000363A] -> 0x2655
[3475] [M]: 0x0000000080003638 (0x26550513) addi a0, a0, 613
x10 <- 0x6666666666666665
mem[X,0x000000008000363C] -> 0x3593
mem[X,0x000000008000363E] -> 0x6655
[3476] [M]: 0x000000008000363C (0x66553593) sltiu a1, a0, 1637
x11 <- 0x0000000000000000
mem[X,0x0000000080003640] -> 0x3023
mem[X,0x0000000080003642] -> 0x6EB1
[3477] [M]: 0x0000000080003640 (0x6EB13023) sd a1, 1760(sp)
mem[0x00000000800090A8] <- 0x0000000000000000
mem[X,0x0000000080003644] -> 0x6537
mem[X,0x0000000080003646] -> 0x6666
[3478] [M]: 0x0000000080003644 (0x66666537) lui a0, 419430
x10 <- 0x0000000066666000
mem[X,0x0000000080003648] -> 0x0513
mem[X,0x000000008000364A] -> 0x6665
[3479] [M]: 0x0000000080003648 (0x66650513) addi a0, a0, 1638
x10 <- 0x0000000066666666
mem[X,0x000000008000364C] -> 0x1513
mem[X,0x000000008000364E] -> 0x00B5
[3480] [M]: 0x000000008000364C (0x00B51513) slli a0, a0, 11
x10 <- 0x0000033333333000
mem[X,0x0000000080003650] -> 0x0513
mem[X,0x0000000080003652] -> 0x3335
[3481] [M]: 0x0000000080003650 (0x33350513) addi a0, a0, 819
x10 <- 0x0000033333333333
mem[X,0x0000000080003654] -> 0x1513
mem[X,0x0000000080003656] -> 0x00B5
[3482] [M]: 0x0000000080003654 (0x00B51513) slli a0, a0, 11
x10 <- 0x0019999999999800
mem[X,0x0000000080003658] -> 0x0513
mem[X,0x000000008000365A] -> 0x1995
[3483] [M]: 0x0000000080003658 (0x19950513) addi a0, a0, 409
x10 <- 0x0019999999999999
mem[X,0x000000008000365C] -> 0x1513
mem[X,0x000000008000365E] -> 0x00A5
[3484] [M]: 0x000000008000365C (0x00A51513) slli a0, a0, 10
x10 <- 0x6666666666666400
mem[X,0x0000000080003660] -> 0x0513
mem[X,0x0000000080003662] -> 0x2655
[3485] [M]: 0x0000000080003660 (0x26550513) addi a0, a0, 613
x10 <- 0x6666666666666665
mem[X,0x0000000080003664] -> 0x3593
mem[X,0x0000000080003666] -> 0x02C5
[3486] [M]: 0x0000000080003664 (0x02C53593) sltiu a1, a0, 44
x11 <- 0x0000000000000000
mem[X,0x0000000080003668] -> 0x3423
mem[X,0x000000008000366A] -> 0x6EB1
[3487] [M]: 0x0000000080003668 (0x6EB13423) sd a1, 1768(sp)
mem[0x00000000800090B0] <- 0x0000000000000000
mem[X,0x000000008000366C] -> 0x6537
mem[X,0x000000008000366E] -> 0x6666
[3488] [M]: 0x000000008000366C (0x66666537) lui a0, 419430
x10 <- 0x0000000066666000
mem[X,0x0000000080003670] -> 0x0513
mem[X,0x0000000080003672] -> 0x6665
[3489] [M]: 0x0000000080003670 (0x66650513) addi a0, a0, 1638
x10 <- 0x0000000066666666
mem[X,0x0000000080003674] -> 0x1513
mem[X,0x0000000080003676] -> 0x00B5
[3490] [M]: 0x0000000080003674 (0x00B51513) slli a0, a0, 11
x10 <- 0x0000033333333000
mem[X,0x0000000080003678] -> 0x0513
mem[X,0x000000008000367A] -> 0x3335
[3491] [M]: 0x0000000080003678 (0x33350513) addi a0, a0, 819
x10 <- 0x0000033333333333
mem[X,0x000000008000367C] -> 0x1513
mem[X,0x000000008000367E] -> 0x00B5
[3492] [M]: 0x000000008000367C (0x00B51513) slli a0, a0, 11
x10 <- 0x0019999999999800
mem[X,0x0000000080003680] -> 0x0513
mem[X,0x0000000080003682] -> 0x1995
[3493] [M]: 0x0000000080003680 (0x19950513) addi a0, a0, 409
x10 <- 0x0019999999999999
mem[X,0x0000000080003684] -> 0x1513
mem[X,0x0000000080003686] -> 0x00A5
[3494] [M]: 0x0000000080003684 (0x00A51513) slli a0, a0, 10
x10 <- 0x6666666666666400
mem[X,0x0000000080003688] -> 0x0513
mem[X,0x000000008000368A] -> 0x2655
[3495] [M]: 0x0000000080003688 (0x26550513) addi a0, a0, 613
x10 <- 0x6666666666666665
mem[X,0x000000008000368C] -> 0x3593
mem[X,0x000000008000368E] -> 0x03E5
[3496] [M]: 0x000000008000368C (0x03E53593) sltiu a1, a0, 62
x11 <- 0x0000000000000000
mem[X,0x0000000080003690] -> 0x3823
mem[X,0x0000000080003692] -> 0x6EB1
[3497] [M]: 0x0000000080003690 (0x6EB13823) sd a1, 1776(sp)
mem[0x00000000800090B8] <- 0x0000000000000000
mem[X,0x0000000080003694] -> 0x6537
mem[X,0x0000000080003696] -> 0x6666
[3498] [M]: 0x0000000080003694 (0x66666537) lui a0, 419430
x10 <- 0x0000000066666000
mem[X,0x0000000080003698] -> 0x0513
mem[X,0x000000008000369A] -> 0x6665
[3499] [M]: 0x0000000080003698 (0x66650513) addi a0, a0, 1638
x10 <- 0x0000000066666666
clint::tick mtime <- 0x0000000000000023
 clint timer pending at mtime 0x0000000000000023
htif::tick 0x0000000000000000
mem[X,0x000000008000369C] -> 0x1513
mem[X,0x000000008000369E] -> 0x00B5
[3500] [M]: 0x000000008000369C (0x00B51513) slli a0, a0, 11
x10 <- 0x0000033333333000
mem[X,0x00000000800036A0] -> 0x0513
mem[X,0x00000000800036A2] -> 0x3335
[3501] [M]: 0x00000000800036A0 (0x33350513) addi a0, a0, 819
x10 <- 0x0000033333333333
mem[X,0x00000000800036A4] -> 0x1513
mem[X,0x00000000800036A6] -> 0x00B5
[3502] [M]: 0x00000000800036A4 (0x00B51513) slli a0, a0, 11
x10 <- 0x0019999999999800
mem[X,0x00000000800036A8] -> 0x0513
mem[X,0x00000000800036AA] -> 0x1995
[3503] [M]: 0x00000000800036A8 (0x19950513) addi a0, a0, 409
x10 <- 0x0019999999999999
mem[X,0x00000000800036AC] -> 0x1513
mem[X,0x00000000800036AE] -> 0x00A5
[3504] [M]: 0x00000000800036AC (0x00A51513) slli a0, a0, 10
x10 <- 0x6666666666666400
mem[X,0x00000000800036B0] -> 0x0513
mem[X,0x00000000800036B2] -> 0x2655
[3505] [M]: 0x00000000800036B0 (0x26550513) addi a0, a0, 613
x10 <- 0x6666666666666665
mem[X,0x00000000800036B4] -> 0x3593
mem[X,0x00000000800036B6] -> 0x5565
[3506] [M]: 0x00000000800036B4 (0x55653593) sltiu a1, a0, 1366
x11 <- 0x0000000000000000
mem[X,0x00000000800036B8] -> 0x3C23
mem[X,0x00000000800036BA] -> 0x6EB1
[3507] [M]: 0x00000000800036B8 (0x6EB13C23) sd a1, 1784(sp)
mem[0x00000000800090C0] <- 0x0000000000000000
mem[X,0x00000000800036BC] -> 0x6537
mem[X,0x00000000800036BE] -> 0x6666
[3508] [M]: 0x00000000800036BC (0x66666537) lui a0, 419430
x10 <- 0x0000000066666000
mem[X,0x00000000800036C0] -> 0x0513
mem[X,0x00000000800036C2] -> 0x6665
[3509] [M]: 0x00000000800036C0 (0x66650513) addi a0, a0, 1638
x10 <- 0x0000000066666666
mem[X,0x00000000800036C4] -> 0x1513
mem[X,0x00000000800036C6] -> 0x00B5
[3510] [M]: 0x00000000800036C4 (0x00B51513) slli a0, a0, 11
x10 <- 0x0000033333333000
mem[X,0x00000000800036C8] -> 0x0513
mem[X,0x00000000800036CA] -> 0x3335
[3511] [M]: 0x00000000800036C8 (0x33350513) addi a0, a0, 819
x10 <- 0x0000033333333333
mem[X,0x00000000800036CC] -> 0x1513
mem[X,0x00000000800036CE] -> 0x00B5
[3512] [M]: 0x00000000800036CC (0x00B51513) slli a0, a0, 11
x10 <- 0x0019999999999800
mem[X,0x00000000800036D0] -> 0x0513
mem[X,0x00000000800036D2] -> 0x1995
[3513] [M]: 0x00000000800036D0 (0x19950513) addi a0, a0, 409
x10 <- 0x0019999999999999
mem[X,0x00000000800036D4] -> 0x1513
mem[X,0x00000000800036D6] -> 0x00A5
[3514] [M]: 0x00000000800036D4 (0x00A51513) slli a0, a0, 10
x10 <- 0x6666666666666400
mem[X,0x00000000800036D8] -> 0x0513
mem[X,0x00000000800036DA] -> 0x2655
[3515] [M]: 0x00000000800036D8 (0x26550513) addi a0, a0, 613
x10 <- 0x6666666666666665
mem[X,0x00000000800036DC] -> 0x3593
mem[X,0x00000000800036DE] -> 0xAAB5
[3516] [M]: 0x00000000800036DC (0xAAB53593) sltiu a1, a0, 2731
x11 <- 0x0000000000000001
mem[X,0x00000000800036E0] -> 0x3023
mem[X,0x00000000800036E2] -> 0x70B1
[3517] [M]: 0x00000000800036E0 (0x70B13023) sd a1, 1792(sp)
mem[0x00000000800090C8] <- 0x0000000000000001
mem[X,0x00000000800036E4] -> 0x6537
mem[X,0x00000000800036E6] -> 0x6666
[3518] [M]: 0x00000000800036E4 (0x66666537) lui a0, 419430
x10 <- 0x0000000066666000
mem[X,0x00000000800036E8] -> 0x0513
mem[X,0x00000000800036EA] -> 0x6665
[3519] [M]: 0x00000000800036E8 (0x66650513) addi a0, a0, 1638
x10 <- 0x0000000066666666
mem[X,0x00000000800036EC] -> 0x1513
mem[X,0x00000000800036EE] -> 0x00B5
[3520] [M]: 0x00000000800036EC (0x00B51513) slli a0, a0, 11
x10 <- 0x0000033333333000
mem[X,0x00000000800036F0] -> 0x0513
mem[X,0x00000000800036F2] -> 0x3335
[3521] [M]: 0x00000000800036F0 (0x33350513) addi a0, a0, 819
x10 <- 0x0000033333333333
mem[X,0x00000000800036F4] -> 0x1513
mem[X,0x00000000800036F6] -> 0x00B5
[3522] [M]: 0x00000000800036F4 (0x00B51513) slli a0, a0, 11
x10 <- 0x0019999999999800
mem[X,0x00000000800036F8] -> 0x0513
mem[X,0x00000000800036FA] -> 0x1995
[3523] [M]: 0x00000000800036F8 (0x19950513) addi a0, a0, 409
x10 <- 0x0019999999999999
mem[X,0x00000000800036FC] -> 0x1513
mem[X,0x00000000800036FE] -> 0x00A5
[3524] [M]: 0x00000000800036FC (0x00A51513) slli a0, a0, 10
x10 <- 0x6666666666666400
mem[X,0x0000000080003700] -> 0x0513
mem[X,0x0000000080003702] -> 0x2655
[3525] [M]: 0x0000000080003700 (0x26550513) addi a0, a0, 613
x10 <- 0x6666666666666665
mem[X,0x0000000080003704] -> 0x3593
mem[X,0x0000000080003706] -> 0x0065
[3526] [M]: 0x0000000080003704 (0x00653593) sltiu a1, a0, 6
x11 <- 0x0000000000000000
mem[X,0x0000000080003708] -> 0x3423
mem[X,0x000000008000370A] -> 0x70B1
[3527] [M]: 0x0000000080003708 (0x70B13423) sd a1, 1800(sp)
mem[0x00000000800090D0] <- 0x0000000000000000
mem[X,0x000000008000370C] -> 0x6537
mem[X,0x000000008000370E] -> 0x6666
[3528] [M]: 0x000000008000370C (0x66666537) lui a0, 419430
x10 <- 0x0000000066666000
mem[X,0x0000000080003710] -> 0x0513
mem[X,0x0000000080003712] -> 0x6665
[3529] [M]: 0x0000000080003710 (0x66650513) addi a0, a0, 1638
x10 <- 0x0000000066666666
mem[X,0x0000000080003714] -> 0x1513
mem[X,0x0000000080003716] -> 0x00B5
[3530] [M]: 0x0000000080003714 (0x00B51513) slli a0, a0, 11
x10 <- 0x0000033333333000
mem[X,0x0000000080003718] -> 0x0513
mem[X,0x000000008000371A] -> 0x3335
[3531] [M]: 0x0000000080003718 (0x33350513) addi a0, a0, 819
x10 <- 0x0000033333333333
mem[X,0x000000008000371C] -> 0x1513
mem[X,0x000000008000371E] -> 0x00B5
[3532] [M]: 0x000000008000371C (0x00B51513) slli a0, a0, 11
x10 <- 0x0019999999999800
mem[X,0x0000000080003720] -> 0x0513
mem[X,0x0000000080003722] -> 0x1995
[3533] [M]: 0x0000000080003720 (0x19950513) addi a0, a0, 409
x10 <- 0x0019999999999999
mem[X,0x0000000080003724] -> 0x1513
mem[X,0x0000000080003726] -> 0x00A5
[3534] [M]: 0x0000000080003724 (0x00A51513) slli a0, a0, 10
x10 <- 0x6666666666666400
mem[X,0x0000000080003728] -> 0x0513
mem[X,0x000000008000372A] -> 0x2655
[3535] [M]: 0x0000000080003728 (0x26550513) addi a0, a0, 613
x10 <- 0x6666666666666665
mem[X,0x000000008000372C] -> 0x3593
mem[X,0x000000008000372E] -> 0x3345
[3536] [M]: 0x000000008000372C (0x33453593) sltiu a1, a0, 820
x11 <- 0x0000000000000000
mem[X,0x0000000080003730] -> 0x3823
mem[X,0x0000000080003732] -> 0x70B1
[3537] [M]: 0x0000000080003730 (0x70B13823) sd a1, 1808(sp)
mem[0x00000000800090D8] <- 0x0000000000000000
mem[X,0x0000000080003734] -> 0x6537
mem[X,0x0000000080003736] -> 0x6666
[3538] [M]: 0x0000000080003734 (0x66666537) lui a0, 419430
x10 <- 0x0000000066666000
mem[X,0x0000000080003738] -> 0x0513
mem[X,0x000000008000373A] -> 0x6665
[3539] [M]: 0x0000000080003738 (0x66650513) addi a0, a0, 1638
x10 <- 0x0000000066666666
mem[X,0x000000008000373C] -> 0x1513
mem[X,0x000000008000373E] -> 0x00B5
[3540] [M]: 0x000000008000373C (0x00B51513) slli a0, a0, 11
x10 <- 0x0000033333333000
mem[X,0x0000000080003740] -> 0x0513
mem[X,0x0000000080003742] -> 0x3335
[3541] [M]: 0x0000000080003740 (0x33350513) addi a0, a0, 819
x10 <- 0x0000033333333333
mem[X,0x0000000080003744] -> 0x1513
mem[X,0x0000000080003746] -> 0x00B5
[3542] [M]: 0x0000000080003744 (0x00B51513) slli a0, a0, 11
x10 <- 0x0019999999999800
mem[X,0x0000000080003748] -> 0x0513
mem[X,0x000000008000374A] -> 0x1995
[3543] [M]: 0x0000000080003748 (0x19950513) addi a0, a0, 409
x10 <- 0x0019999999999999
mem[X,0x000000008000374C] -> 0x1513
mem[X,0x000000008000374E] -> 0x00A5
[3544] [M]: 0x000000008000374C (0x00A51513) slli a0, a0, 10
x10 <- 0x6666666666666400
mem[X,0x0000000080003750] -> 0x0513
mem[X,0x0000000080003752] -> 0x2655
[3545] [M]: 0x0000000080003750 (0x26550513) addi a0, a0, 613
x10 <- 0x6666666666666665
mem[X,0x0000000080003754] -> 0x3593
mem[X,0x0000000080003756] -> 0x6675
[3546] [M]: 0x0000000080003754 (0x66753593) sltiu a1, a0, 1639
x11 <- 0x0000000000000000
mem[X,0x0000000080003758] -> 0x3C23
mem[X,0x000000008000375A] -> 0x70B1
[3547] [M]: 0x0000000080003758 (0x70B13C23) sd a1, 1816(sp)
mem[0x00000000800090E0] <- 0x0000000000000000
mem[X,0x000000008000375C] -> 0x6537
mem[X,0x000000008000375E] -> 0x6666
[3548] [M]: 0x000000008000375C (0x66666537) lui a0, 419430
x10 <- 0x0000000066666000
mem[X,0x0000000080003760] -> 0x0513
mem[X,0x0000000080003762] -> 0x6665
[3549] [M]: 0x0000000080003760 (0x66650513) addi a0, a0, 1638
x10 <- 0x0000000066666666
mem[X,0x0000000080003764] -> 0x1513
mem[X,0x0000000080003766] -> 0x00B5
[3550] [M]: 0x0000000080003764 (0x00B51513) slli a0, a0, 11
x10 <- 0x0000033333333000
mem[X,0x0000000080003768] -> 0x0513
mem[X,0x000000008000376A] -> 0x3335
[3551] [M]: 0x0000000080003768 (0x33350513) addi a0, a0, 819
x10 <- 0x0000033333333333
mem[X,0x000000008000376C] -> 0x1513
mem[X,0x000000008000376E] -> 0x00B5
[3552] [M]: 0x000000008000376C (0x00B51513) slli a0, a0, 11
x10 <- 0x0019999999999800
mem[X,0x0000000080003770] -> 0x0513
mem[X,0x0000000080003772] -> 0x1995
[3553] [M]: 0x0000000080003770 (0x19950513) addi a0, a0, 409
x10 <- 0x0019999999999999
mem[X,0x0000000080003774] -> 0x1513
mem[X,0x0000000080003776] -> 0x00A5
[3554] [M]: 0x0000000080003774 (0x00A51513) slli a0, a0, 10
x10 <- 0x6666666666666400
mem[X,0x0000000080003778] -> 0x0513
mem[X,0x000000008000377A] -> 0x2655
[3555] [M]: 0x0000000080003778 (0x26550513) addi a0, a0, 613
x10 <- 0x6666666666666665
mem[X,0x000000008000377C] -> 0x3593
mem[X,0x000000008000377E] -> 0x02E5
[3556] [M]: 0x000000008000377C (0x02E53593) sltiu a1, a0, 46
x11 <- 0x0000000000000000
mem[X,0x0000000080003780] -> 0x3023
mem[X,0x0000000080003782] -> 0x72B1
[3557] [M]: 0x0000000080003780 (0x72B13023) sd a1, 1824(sp)
mem[0x00000000800090E8] <- 0x0000000000000000
mem[X,0x0000000080003784] -> 0x6537
mem[X,0x0000000080003786] -> 0x6666
[3558] [M]: 0x0000000080003784 (0x66666537) lui a0, 419430
x10 <- 0x0000000066666000
mem[X,0x0000000080003788] -> 0x0513
mem[X,0x000000008000378A] -> 0x6665
[3559] [M]: 0x0000000080003788 (0x66650513) addi a0, a0, 1638
x10 <- 0x0000000066666666
mem[X,0x000000008000378C] -> 0x1513
mem[X,0x000000008000378E] -> 0x00B5
[3560] [M]: 0x000000008000378C (0x00B51513) slli a0, a0, 11
x10 <- 0x0000033333333000
mem[X,0x0000000080003790] -> 0x0513
mem[X,0x0000000080003792] -> 0x3335
[3561] [M]: 0x0000000080003790 (0x33350513) addi a0, a0, 819
x10 <- 0x0000033333333333
mem[X,0x0000000080003794] -> 0x1513
mem[X,0x0000000080003796] -> 0x00B5
[3562] [M]: 0x0000000080003794 (0x00B51513) slli a0, a0, 11
x10 <- 0x0019999999999800
mem[X,0x0000000080003798] -> 0x0513
mem[X,0x000000008000379A] -> 0x1995
[3563] [M]: 0x0000000080003798 (0x19950513) addi a0, a0, 409
x10 <- 0x0019999999999999
mem[X,0x000000008000379C] -> 0x1513
mem[X,0x000000008000379E] -> 0x00A5
[3564] [M]: 0x000000008000379C (0x00A51513) slli a0, a0, 10
x10 <- 0x6666666666666400
mem[X,0x00000000800037A0] -> 0x0513
mem[X,0x00000000800037A2] -> 0x2655
[3565] [M]: 0x00000000800037A0 (0x26550513) addi a0, a0, 613
x10 <- 0x6666666666666665
mem[X,0x00000000800037A4] -> 0x3593
mem[X,0x00000000800037A6] -> 0x0015
[3566] [M]: 0x00000000800037A4 (0x00153593) sltiu a1, a0, 1
x11 <- 0x0000000000000000
mem[X,0x00000000800037A8] -> 0x3423
mem[X,0x00000000800037AA] -> 0x72B1
[3567] [M]: 0x00000000800037A8 (0x72B13423) sd a1, 1832(sp)
mem[0x00000000800090F0] <- 0x0000000000000000
mem[X,0x00000000800037AC] -> 0x6537
mem[X,0x00000000800037AE] -> 0x6666
[3568] [M]: 0x00000000800037AC (0x66666537) lui a0, 419430
x10 <- 0x0000000066666000
mem[X,0x00000000800037B0] -> 0x0513
mem[X,0x00000000800037B2] -> 0x6665
[3569] [M]: 0x00000000800037B0 (0x66650513) addi a0, a0, 1638
x10 <- 0x0000000066666666
mem[X,0x00000000800037B4] -> 0x1513
mem[X,0x00000000800037B6] -> 0x00B5
[3570] [M]: 0x00000000800037B4 (0x00B51513) slli a0, a0, 11
x10 <- 0x0000033333333000
mem[X,0x00000000800037B8] -> 0x0513
mem[X,0x00000000800037BA] -> 0x3335
[3571] [M]: 0x00000000800037B8 (0x33350513) addi a0, a0, 819
x10 <- 0x0000033333333333
mem[X,0x00000000800037BC] -> 0x1513
mem[X,0x00000000800037BE] -> 0x00B5
[3572] [M]: 0x00000000800037BC (0x00B51513) slli a0, a0, 11
x10 <- 0x0019999999999800
mem[X,0x00000000800037C0] -> 0x0513
mem[X,0x00000000800037C2] -> 0x1995
[3573] [M]: 0x00000000800037C0 (0x19950513) addi a0, a0, 409
x10 <- 0x0019999999999999
mem[X,0x00000000800037C4] -> 0x1513
mem[X,0x00000000800037C6] -> 0x00A5
[3574] [M]: 0x00000000800037C4 (0x00A51513) slli a0, a0, 10
x10 <- 0x6666666666666400
mem[X,0x00000000800037C8] -> 0x0513
mem[X,0x00000000800037CA] -> 0x2655
[3575] [M]: 0x00000000800037C8 (0x26550513) addi a0, a0, 613
x10 <- 0x6666666666666665
mem[X,0x00000000800037CC] -> 0x3593
mem[X,0x00000000800037CE] -> 0x0405
[3576] [M]: 0x00000000800037CC (0x04053593) sltiu a1, a0, 64
x11 <- 0x0000000000000000
mem[X,0x00000000800037D0] -> 0x3823
mem[X,0x00000000800037D2] -> 0x72B1
[3577] [M]: 0x00000000800037D0 (0x72B13823) sd a1, 1840(sp)
mem[0x00000000800090F8] <- 0x0000000000000000
mem[X,0x00000000800037D4] -> 0x0537
mem[X,0x00000000800037D6] -> 0x0000
[3578] [M]: 0x00000000800037D4 (0x00000537) lui a0, 0
x10 <- 0x0000000000000000
mem[X,0x00000000800037D8] -> 0x0513
mem[X,0x00000000800037DA] -> 0x0005
[3579] [M]: 0x00000000800037D8 (0x00050513) addi a0, a0, 0
x10 <- 0x0000000000000000
mem[X,0x00000000800037DC] -> 0x1513
mem[X,0x00000000800037DE] -> 0x00B5
[3580] [M]: 0x00000000800037DC (0x00B51513) slli a0, a0, 11
x10 <- 0x0000000000000000
mem[X,0x00000000800037E0] -> 0x0513
mem[X,0x00000000800037E2] -> 0x5A85
[3581] [M]: 0x00000000800037E0 (0x5A850513) addi a0, a0, 1448
x10 <- 0x00000000000005A8
mem[X,0x00000000800037E4] -> 0x1513
mem[X,0x00000000800037E6] -> 0x00B5
[3582] [M]: 0x00000000800037E4 (0x00B51513) slli a0, a0, 11
x10 <- 0x00000000002D4000
mem[X,0x00000000800037E8] -> 0x0513
mem[X,0x00000000800037EA] -> 0x13C5
[3583] [M]: 0x00000000800037E8 (0x13C50513) addi a0, a0, 316
x10 <- 0x00000000002D413C
mem[X,0x00000000800037EC] -> 0x1513
mem[X,0x00000000800037EE] -> 0x00A5
[3584] [M]: 0x00000000800037EC (0x00A51513) slli a0, a0, 10
x10 <- 0x00000000B504F000
mem[X,0x00000000800037F0] -> 0x0513
mem[X,0x00000000800037F2] -> 0x3325
[3585] [M]: 0x00000000800037F0 (0x33250513) addi a0, a0, 818
x10 <- 0x00000000B504F332
mem[X,0x00000000800037F4] -> 0x3593
mem[X,0x00000000800037F6] -> 0x0035
[3586] [M]: 0x00000000800037F4 (0x00353593) sltiu a1, a0, 3
x11 <- 0x0000000000000000
mem[X,0x00000000800037F8] -> 0x3C23
mem[X,0x00000000800037FA] -> 0x72B1
[3587] [M]: 0x00000000800037F8 (0x72B13C23) sd a1, 1848(sp)
mem[0x0000000080009100] <- 0x0000000000000000
mem[X,0x00000000800037FC] -> 0x0537
mem[X,0x00000000800037FE] -> 0x0000
[3588] [M]: 0x00000000800037FC (0x00000537) lui a0, 0
x10 <- 0x0000000000000000
mem[X,0x0000000080003800] -> 0x0513
mem[X,0x0000000080003802] -> 0x0005
[3589] [M]: 0x0000000080003800 (0x00050513) addi a0, a0, 0
x10 <- 0x0000000000000000
mem[X,0x0000000080003804] -> 0x1513
mem[X,0x0000000080003806] -> 0x00B5
[3590] [M]: 0x0000000080003804 (0x00B51513) slli a0, a0, 11
x10 <- 0x0000000000000000
mem[X,0x0000000080003808] -> 0x0513
mem[X,0x000000008000380A] -> 0x5A85
[3591] [M]: 0x0000000080003808 (0x5A850513) addi a0, a0, 1448
x10 <- 0x00000000000005A8
mem[X,0x000000008000380C] -> 0x1513
mem[X,0x000000008000380E] -> 0x00B5
[3592] [M]: 0x000000008000380C (0x00B51513) slli a0, a0, 11
x10 <- 0x00000000002D4000
mem[X,0x0000000080003810] -> 0x0513
mem[X,0x0000000080003812] -> 0x13C5
[3593] [M]: 0x0000000080003810 (0x13C50513) addi a0, a0, 316
x10 <- 0x00000000002D413C
mem[X,0x0000000080003814] -> 0x1513
mem[X,0x0000000080003816] -> 0x00A5
[3594] [M]: 0x0000000080003814 (0x00A51513) slli a0, a0, 10
x10 <- 0x00000000B504F000
mem[X,0x0000000080003818] -> 0x0513
mem[X,0x000000008000381A] -> 0x3325
[3595] [M]: 0x0000000080003818 (0x33250513) addi a0, a0, 818
x10 <- 0x00000000B504F332
mem[X,0x000000008000381C] -> 0x3593
mem[X,0x000000008000381E] -> 0x5555
[3596] [M]: 0x000000008000381C (0x55553593) sltiu a1, a0, 1365
x11 <- 0x0000000000000000
mem[X,0x0000000080003820] -> 0x3023
mem[X,0x0000000080003822] -> 0x74B1
[3597] [M]: 0x0000000080003820 (0x74B13023) sd a1, 1856(sp)
mem[0x0000000080009108] <- 0x0000000000000000
mem[X,0x0000000080003824] -> 0x0537
mem[X,0x0000000080003826] -> 0x0000
[3598] [M]: 0x0000000080003824 (0x00000537) lui a0, 0
x10 <- 0x0000000000000000
mem[X,0x0000000080003828] -> 0x0513
mem[X,0x000000008000382A] -> 0x0005
[3599] [M]: 0x0000000080003828 (0x00050513) addi a0, a0, 0
x10 <- 0x0000000000000000
clint::tick mtime <- 0x0000000000000024
 clint timer pending at mtime 0x0000000000000024
htif::tick 0x0000000000000000
mem[X,0x000000008000382C] -> 0x1513
mem[X,0x000000008000382E] -> 0x00B5
[3600] [M]: 0x000000008000382C (0x00B51513) slli a0, a0, 11
x10 <- 0x0000000000000000
mem[X,0x0000000080003830] -> 0x0513
mem[X,0x0000000080003832] -> 0x5A85
[3601] [M]: 0x0000000080003830 (0x5A850513) addi a0, a0, 1448
x10 <- 0x00000000000005A8
mem[X,0x0000000080003834] -> 0x1513
mem[X,0x0000000080003836] -> 0x00B5
[3602] [M]: 0x0000000080003834 (0x00B51513) slli a0, a0, 11
x10 <- 0x00000000002D4000
mem[X,0x0000000080003838] -> 0x0513
mem[X,0x000000008000383A] -> 0x13C5
[3603] [M]: 0x0000000080003838 (0x13C50513) addi a0, a0, 316
x10 <- 0x00000000002D413C
mem[X,0x000000008000383C] -> 0x1513
mem[X,0x000000008000383E] -> 0x00A5
[3604] [M]: 0x000000008000383C (0x00A51513) slli a0, a0, 10
x10 <- 0x00000000B504F000
mem[X,0x0000000080003840] -> 0x0513
mem[X,0x0000000080003842] -> 0x3325
[3605] [M]: 0x0000000080003840 (0x33250513) addi a0, a0, 818
x10 <- 0x00000000B504F332
mem[X,0x0000000080003844] -> 0x3593
mem[X,0x0000000080003846] -> 0xAAA5
[3606] [M]: 0x0000000080003844 (0xAAA53593) sltiu a1, a0, 2730
x11 <- 0x0000000000000001
mem[X,0x0000000080003848] -> 0x3423
mem[X,0x000000008000384A] -> 0x74B1
[3607] [M]: 0x0000000080003848 (0x74B13423) sd a1, 1864(sp)
mem[0x0000000080009110] <- 0x0000000000000001
mem[X,0x000000008000384C] -> 0x0537
mem[X,0x000000008000384E] -> 0x0000
[3608] [M]: 0x000000008000384C (0x00000537) lui a0, 0
x10 <- 0x0000000000000000
mem[X,0x0000000080003850] -> 0x0513
mem[X,0x0000000080003852] -> 0x0005
[3609] [M]: 0x0000000080003850 (0x00050513) addi a0, a0, 0
x10 <- 0x0000000000000000
mem[X,0x0000000080003854] -> 0x1513
mem[X,0x0000000080003856] -> 0x00B5
[3610] [M]: 0x0000000080003854 (0x00B51513) slli a0, a0, 11
x10 <- 0x0000000000000000
mem[X,0x0000000080003858] -> 0x0513
mem[X,0x000000008000385A] -> 0x5A85
[3611] [M]: 0x0000000080003858 (0x5A850513) addi a0, a0, 1448
x10 <- 0x00000000000005A8
mem[X,0x000000008000385C] -> 0x1513
mem[X,0x000000008000385E] -> 0x00B5
[3612] [M]: 0x000000008000385C (0x00B51513) slli a0, a0, 11
x10 <- 0x00000000002D4000
mem[X,0x0000000080003860] -> 0x0513
mem[X,0x0000000080003862] -> 0x13C5
[3613] [M]: 0x0000000080003860 (0x13C50513) addi a0, a0, 316
x10 <- 0x00000000002D413C
mem[X,0x0000000080003864] -> 0x1513
mem[X,0x0000000080003866] -> 0x00A5
[3614] [M]: 0x0000000080003864 (0x00A51513) slli a0, a0, 10
x10 <- 0x00000000B504F000
mem[X,0x0000000080003868] -> 0x0513
mem[X,0x000000008000386A] -> 0x3325
[3615] [M]: 0x0000000080003868 (0x33250513) addi a0, a0, 818
x10 <- 0x00000000B504F332
mem[X,0x000000008000386C] -> 0x3593
mem[X,0x000000008000386E] -> 0x0055
[3616] [M]: 0x000000008000386C (0x00553593) sltiu a1, a0, 5
x11 <- 0x0000000000000000
mem[X,0x0000000080003870] -> 0x3823
mem[X,0x0000000080003872] -> 0x74B1
[3617] [M]: 0x0000000080003870 (0x74B13823) sd a1, 1872(sp)
mem[0x0000000080009118] <- 0x0000000000000000
mem[X,0x0000000080003874] -> 0x0537
mem[X,0x0000000080003876] -> 0x0000
[3618] [M]: 0x0000000080003874 (0x00000537) lui a0, 0
x10 <- 0x0000000000000000
mem[X,0x0000000080003878] -> 0x0513
mem[X,0x000000008000387A] -> 0x0005
[3619] [M]: 0x0000000080003878 (0x00050513) addi a0, a0, 0
x10 <- 0x0000000000000000
mem[X,0x000000008000387C] -> 0x1513
mem[X,0x000000008000387E] -> 0x00B5
[3620] [M]: 0x000000008000387C (0x00B51513) slli a0, a0, 11
x10 <- 0x0000000000000000
mem[X,0x0000000080003880] -> 0x0513
mem[X,0x0000000080003882] -> 0x5A85
[3621] [M]: 0x0000000080003880 (0x5A850513) addi a0, a0, 1448
x10 <- 0x00000000000005A8
mem[X,0x0000000080003884] -> 0x1513
mem[X,0x0000000080003886] -> 0x00B5
[3622] [M]: 0x0000000080003884 (0x00B51513) slli a0, a0, 11
x10 <- 0x00000000002D4000
mem[X,0x0000000080003888] -> 0x0513
mem[X,0x000000008000388A] -> 0x13C5
[3623] [M]: 0x0000000080003888 (0x13C50513) addi a0, a0, 316
x10 <- 0x00000000002D413C
mem[X,0x000000008000388C] -> 0x1513
mem[X,0x000000008000388E] -> 0x00A5
[3624] [M]: 0x000000008000388C (0x00A51513) slli a0, a0, 10
x10 <- 0x00000000B504F000
mem[X,0x0000000080003890] -> 0x0513
mem[X,0x0000000080003892] -> 0x3325
[3625] [M]: 0x0000000080003890 (0x33250513) addi a0, a0, 818
x10 <- 0x00000000B504F332
mem[X,0x0000000080003894] -> 0x3593
mem[X,0x0000000080003896] -> 0x3335
[3626] [M]: 0x0000000080003894 (0x33353593) sltiu a1, a0, 819
x11 <- 0x0000000000000000
mem[X,0x0000000080003898] -> 0x3C23
mem[X,0x000000008000389A] -> 0x74B1
[3627] [M]: 0x0000000080003898 (0x74B13C23) sd a1, 1880(sp)
mem[0x0000000080009120] <- 0x0000000000000000
mem[X,0x000000008000389C] -> 0x0537
mem[X,0x000000008000389E] -> 0x0000
[3628] [M]: 0x000000008000389C (0x00000537) lui a0, 0
x10 <- 0x0000000000000000
mem[X,0x00000000800038A0] -> 0x0513
mem[X,0x00000000800038A2] -> 0x0005
[3629] [M]: 0x00000000800038A0 (0x00050513) addi a0, a0, 0
x10 <- 0x0000000000000000
mem[X,0x00000000800038A4] -> 0x1513
mem[X,0x00000000800038A6] -> 0x00B5
[3630] [M]: 0x00000000800038A4 (0x00B51513) slli a0, a0, 11
x10 <- 0x0000000000000000
mem[X,0x00000000800038A8] -> 0x0513
mem[X,0x00000000800038AA] -> 0x5A85
[3631] [M]: 0x00000000800038A8 (0x5A850513) addi a0, a0, 1448
x10 <- 0x00000000000005A8
mem[X,0x00000000800038AC] -> 0x1513
mem[X,0x00000000800038AE] -> 0x00B5
[3632] [M]: 0x00000000800038AC (0x00B51513) slli a0, a0, 11
x10 <- 0x00000000002D4000
mem[X,0x00000000800038B0] -> 0x0513
mem[X,0x00000000800038B2] -> 0x13C5
[3633] [M]: 0x00000000800038B0 (0x13C50513) addi a0, a0, 316
x10 <- 0x00000000002D413C
mem[X,0x00000000800038B4] -> 0x1513
mem[X,0x00000000800038B6] -> 0x00A5
[3634] [M]: 0x00000000800038B4 (0x00A51513) slli a0, a0, 10
x10 <- 0x00000000B504F000
mem[X,0x00000000800038B8] -> 0x0513
mem[X,0x00000000800038BA] -> 0x3325
[3635] [M]: 0x00000000800038B8 (0x33250513) addi a0, a0, 818
x10 <- 0x00000000B504F332
mem[X,0x00000000800038BC] -> 0x3593
mem[X,0x00000000800038BE] -> 0x6665
[3636] [M]: 0x00000000800038BC (0x66653593) sltiu a1, a0, 1638
x11 <- 0x0000000000000000
mem[X,0x00000000800038C0] -> 0x3023
mem[X,0x00000000800038C2] -> 0x76B1
[3637] [M]: 0x00000000800038C0 (0x76B13023) sd a1, 1888(sp)
mem[0x0000000080009128] <- 0x0000000000000000
mem[X,0x00000000800038C4] -> 0x0537
mem[X,0x00000000800038C6] -> 0x0000
[3638] [M]: 0x00000000800038C4 (0x00000537) lui a0, 0
x10 <- 0x0000000000000000
mem[X,0x00000000800038C8] -> 0x0513
mem[X,0x00000000800038CA] -> 0x0005
[3639] [M]: 0x00000000800038C8 (0x00050513) addi a0, a0, 0
x10 <- 0x0000000000000000
mem[X,0x00000000800038CC] -> 0x1513
mem[X,0x00000000800038CE] -> 0x00B5
[3640] [M]: 0x00000000800038CC (0x00B51513) slli a0, a0, 11
x10 <- 0x0000000000000000
mem[X,0x00000000800038D0] -> 0x0513
mem[X,0x00000000800038D2] -> 0x5A85
[3641] [M]: 0x00000000800038D0 (0x5A850513) addi a0, a0, 1448
x10 <- 0x00000000000005A8
mem[X,0x00000000800038D4] -> 0x1513
mem[X,0x00000000800038D6] -> 0x00B5
[3642] [M]: 0x00000000800038D4 (0x00B51513) slli a0, a0, 11
x10 <- 0x00000000002D4000
mem[X,0x00000000800038D8] -> 0x0513
mem[X,0x00000000800038DA] -> 0x13C5
[3643] [M]: 0x00000000800038D8 (0x13C50513) addi a0, a0, 316
x10 <- 0x00000000002D413C
mem[X,0x00000000800038DC] -> 0x1513
mem[X,0x00000000800038DE] -> 0x00A5
[3644] [M]: 0x00000000800038DC (0x00A51513) slli a0, a0, 10
x10 <- 0x00000000B504F000
mem[X,0x00000000800038E0] -> 0x0513
mem[X,0x00000000800038E2] -> 0x3325
[3645] [M]: 0x00000000800038E0 (0x33250513) addi a0, a0, 818
x10 <- 0x00000000B504F332
mem[X,0x00000000800038E4] -> 0x3593
mem[X,0x00000000800038E6] -> 0x02D5
[3646] [M]: 0x00000000800038E4 (0x02D53593) sltiu a1, a0, 45
x11 <- 0x0000000000000000
mem[X,0x00000000800038E8] -> 0x3423
mem[X,0x00000000800038EA] -> 0x76B1
[3647] [M]: 0x00000000800038E8 (0x76B13423) sd a1, 1896(sp)
mem[0x0000000080009130] <- 0x0000000000000000
mem[X,0x00000000800038EC] -> 0x0537
mem[X,0x00000000800038EE] -> 0x0000
[3648] [M]: 0x00000000800038EC (0x00000537) lui a0, 0
x10 <- 0x0000000000000000
mem[X,0x00000000800038F0] -> 0x0513
mem[X,0x00000000800038F2] -> 0x0005
[3649] [M]: 0x00000000800038F0 (0x00050513) addi a0, a0, 0
x10 <- 0x0000000000000000
mem[X,0x00000000800038F4] -> 0x1513
mem[X,0x00000000800038F6] -> 0x00B5
[3650] [M]: 0x00000000800038F4 (0x00B51513) slli a0, a0, 11
x10 <- 0x0000000000000000
mem[X,0x00000000800038F8] -> 0x0513
mem[X,0x00000000800038FA] -> 0x5A85
[3651] [M]: 0x00000000800038F8 (0x5A850513) addi a0, a0, 1448
x10 <- 0x00000000000005A8
mem[X,0x00000000800038FC] -> 0x1513
mem[X,0x00000000800038FE] -> 0x00B5
[3652] [M]: 0x00000000800038FC (0x00B51513) slli a0, a0, 11
x10 <- 0x00000000002D4000
mem[X,0x0000000080003900] -> 0x0513
mem[X,0x0000000080003902] -> 0x13C5
[3653] [M]: 0x0000000080003900 (0x13C50513) addi a0, a0, 316
x10 <- 0x00000000002D413C
mem[X,0x0000000080003904] -> 0x1513
mem[X,0x0000000080003906] -> 0x00A5
[3654] [M]: 0x0000000080003904 (0x00A51513) slli a0, a0, 10
x10 <- 0x00000000B504F000
mem[X,0x0000000080003908] -> 0x0513
mem[X,0x000000008000390A] -> 0x3325
[3655] [M]: 0x0000000080003908 (0x33250513) addi a0, a0, 818
x10 <- 0x00000000B504F332
mem[X,0x000000008000390C] -> 0x3593
mem[X,0x000000008000390E] -> 0x0005
[3656] [M]: 0x000000008000390C (0x00053593) sltiu a1, a0, 0
x11 <- 0x0000000000000000
mem[X,0x0000000080003910] -> 0x3823
mem[X,0x0000000080003912] -> 0x76B1
[3657] [M]: 0x0000000080003910 (0x76B13823) sd a1, 1904(sp)
mem[0x0000000080009138] <- 0x0000000000000000
mem[X,0x0000000080003914] -> 0x0537
mem[X,0x0000000080003916] -> 0x0000
[3658] [M]: 0x0000000080003914 (0x00000537) lui a0, 0
x10 <- 0x0000000000000000
mem[X,0x0000000080003918] -> 0x0513
mem[X,0x000000008000391A] -> 0x0005
[3659] [M]: 0x0000000080003918 (0x00050513) addi a0, a0, 0
x10 <- 0x0000000000000000
mem[X,0x000000008000391C] -> 0x1513
mem[X,0x000000008000391E] -> 0x00B5
[3660] [M]: 0x000000008000391C (0x00B51513) slli a0, a0, 11
x10 <- 0x0000000000000000
mem[X,0x0000000080003920] -> 0x0513
mem[X,0x0000000080003922] -> 0x5A85
[3661] [M]: 0x0000000080003920 (0x5A850513) addi a0, a0, 1448
x10 <- 0x00000000000005A8
mem[X,0x0000000080003924] -> 0x1513
mem[X,0x0000000080003926] -> 0x00B5
[3662] [M]: 0x0000000080003924 (0x00B51513) slli a0, a0, 11
x10 <- 0x00000000002D4000
mem[X,0x0000000080003928] -> 0x0513
mem[X,0x000000008000392A] -> 0x13C5
[3663] [M]: 0x0000000080003928 (0x13C50513) addi a0, a0, 316
x10 <- 0x00000000002D413C
mem[X,0x000000008000392C] -> 0x1513
mem[X,0x000000008000392E] -> 0x00A5
[3664] [M]: 0x000000008000392C (0x00A51513) slli a0, a0, 10
x10 <- 0x00000000B504F000
mem[X,0x0000000080003930] -> 0x0513
mem[X,0x0000000080003932] -> 0x3325
[3665] [M]: 0x0000000080003930 (0x33250513) addi a0, a0, 818
x10 <- 0x00000000B504F332
mem[X,0x0000000080003934] -> 0x3593
mem[X,0x0000000080003936] -> 0x03F5
[3666] [M]: 0x0000000080003934 (0x03F53593) sltiu a1, a0, 63
x11 <- 0x0000000000000000
mem[X,0x0000000080003938] -> 0x3C23
mem[X,0x000000008000393A] -> 0x76B1
[3667] [M]: 0x0000000080003938 (0x76B13C23) sd a1, 1912(sp)
mem[0x0000000080009140] <- 0x0000000000000000
mem[X,0x000000008000393C] -> 0x0537
mem[X,0x000000008000393E] -> 0x0000
[3668] [M]: 0x000000008000393C (0x00000537) lui a0, 0
x10 <- 0x0000000000000000
mem[X,0x0000000080003940] -> 0x0513
mem[X,0x0000000080003942] -> 0x0005
[3669] [M]: 0x0000000080003940 (0x00050513) addi a0, a0, 0
x10 <- 0x0000000000000000
mem[X,0x0000000080003944] -> 0x1513
mem[X,0x0000000080003946] -> 0x00B5
[3670] [M]: 0x0000000080003944 (0x00B51513) slli a0, a0, 11
x10 <- 0x0000000000000000
mem[X,0x0000000080003948] -> 0x0513
mem[X,0x000000008000394A] -> 0x5A85
[3671] [M]: 0x0000000080003948 (0x5A850513) addi a0, a0, 1448
x10 <- 0x00000000000005A8
mem[X,0x000000008000394C] -> 0x1513
mem[X,0x000000008000394E] -> 0x00B5
[3672] [M]: 0x000000008000394C (0x00B51513) slli a0, a0, 11
x10 <- 0x00000000002D4000
mem[X,0x0000000080003950] -> 0x0513
mem[X,0x0000000080003952] -> 0x13C5
[3673] [M]: 0x0000000080003950 (0x13C50513) addi a0, a0, 316
x10 <- 0x00000000002D413C
mem[X,0x0000000080003954] -> 0x1513
mem[X,0x0000000080003956] -> 0x00A5
[3674] [M]: 0x0000000080003954 (0x00A51513) slli a0, a0, 10
x10 <- 0x00000000B504F000
mem[X,0x0000000080003958] -> 0x0513
mem[X,0x000000008000395A] -> 0x3325
[3675] [M]: 0x0000000080003958 (0x33250513) addi a0, a0, 818
x10 <- 0x00000000B504F332
mem[X,0x000000008000395C] -> 0x3593
mem[X,0x000000008000395E] -> 0x0025
[3676] [M]: 0x000000008000395C (0x00253593) sltiu a1, a0, 2
x11 <- 0x0000000000000000
mem[X,0x0000000080003960] -> 0x3023
mem[X,0x0000000080003962] -> 0x78B1
[3677] [M]: 0x0000000080003960 (0x78B13023) sd a1, 1920(sp)
mem[0x0000000080009148] <- 0x0000000000000000
mem[X,0x0000000080003964] -> 0x0537
mem[X,0x0000000080003966] -> 0x0000
[3678] [M]: 0x0000000080003964 (0x00000537) lui a0, 0
x10 <- 0x0000000000000000
mem[X,0x0000000080003968] -> 0x0513
mem[X,0x000000008000396A] -> 0x0005
[3679] [M]: 0x0000000080003968 (0x00050513) addi a0, a0, 0
x10 <- 0x0000000000000000
mem[X,0x000000008000396C] -> 0x1513
mem[X,0x000000008000396E] -> 0x00B5
[3680] [M]: 0x000000008000396C (0x00B51513) slli a0, a0, 11
x10 <- 0x0000000000000000
mem[X,0x0000000080003970] -> 0x0513
mem[X,0x0000000080003972] -> 0x5A85
[3681] [M]: 0x0000000080003970 (0x5A850513) addi a0, a0, 1448
x10 <- 0x00000000000005A8
mem[X,0x0000000080003974] -> 0x1513
mem[X,0x0000000080003976] -> 0x00B5
[3682] [M]: 0x0000000080003974 (0x00B51513) slli a0, a0, 11
x10 <- 0x00000000002D4000
mem[X,0x0000000080003978] -> 0x0513
mem[X,0x000000008000397A] -> 0x13C5
[3683] [M]: 0x0000000080003978 (0x13C50513) addi a0, a0, 316
x10 <- 0x00000000002D413C
mem[X,0x000000008000397C] -> 0x1513
mem[X,0x000000008000397E] -> 0x00A5
[3684] [M]: 0x000000008000397C (0x00A51513) slli a0, a0, 10
x10 <- 0x00000000B504F000
mem[X,0x0000000080003980] -> 0x0513
mem[X,0x0000000080003982] -> 0x3325
[3685] [M]: 0x0000000080003980 (0x33250513) addi a0, a0, 818
x10 <- 0x00000000B504F332
mem[X,0x0000000080003984] -> 0x3593
mem[X,0x0000000080003986] -> 0x5545
[3686] [M]: 0x0000000080003984 (0x55453593) sltiu a1, a0, 1364
x11 <- 0x0000000000000000
mem[X,0x0000000080003988] -> 0x3423
mem[X,0x000000008000398A] -> 0x78B1
[3687] [M]: 0x0000000080003988 (0x78B13423) sd a1, 1928(sp)
mem[0x0000000080009150] <- 0x0000000000000000
mem[X,0x000000008000398C] -> 0x0537
mem[X,0x000000008000398E] -> 0x0000
[3688] [M]: 0x000000008000398C (0x00000537) lui a0, 0
x10 <- 0x0000000000000000
mem[X,0x0000000080003990] -> 0x0513
mem[X,0x0000000080003992] -> 0x0005
[3689] [M]: 0x0000000080003990 (0x00050513) addi a0, a0, 0
x10 <- 0x0000000000000000
mem[X,0x0000000080003994] -> 0x1513
mem[X,0x0000000080003996] -> 0x00B5
[3690] [M]: 0x0000000080003994 (0x00B51513) slli a0, a0, 11
x10 <- 0x0000000000000000
mem[X,0x0000000080003998] -> 0x0513
mem[X,0x000000008000399A] -> 0x5A85
[3691] [M]: 0x0000000080003998 (0x5A850513) addi a0, a0, 1448
x10 <- 0x00000000000005A8
mem[X,0x000000008000399C] -> 0x1513
mem[X,0x000000008000399E] -> 0x00B5
[3692] [M]: 0x000000008000399C (0x00B51513) slli a0, a0, 11
x10 <- 0x00000000002D4000
mem[X,0x00000000800039A0] -> 0x0513
mem[X,0x00000000800039A2] -> 0x13C5
[3693] [M]: 0x00000000800039A0 (0x13C50513) addi a0, a0, 316
x10 <- 0x00000000002D413C
mem[X,0x00000000800039A4] -> 0x1513
mem[X,0x00000000800039A6] -> 0x00A5
[3694] [M]: 0x00000000800039A4 (0x00A51513) slli a0, a0, 10
x10 <- 0x00000000B504F000
mem[X,0x00000000800039A8] -> 0x0513
mem[X,0x00000000800039AA] -> 0x3325
[3695] [M]: 0x00000000800039A8 (0x33250513) addi a0, a0, 818
x10 <- 0x00000000B504F332
mem[X,0x00000000800039AC] -> 0x3593
mem[X,0x00000000800039AE] -> 0xAA95
[3696] [M]: 0x00000000800039AC (0xAA953593) sltiu a1, a0, 2729
x11 <- 0x0000000000000001
mem[X,0x00000000800039B0] -> 0x3823
mem[X,0x00000000800039B2] -> 0x78B1
[3697] [M]: 0x00000000800039B0 (0x78B13823) sd a1, 1936(sp)
mem[0x0000000080009158] <- 0x0000000000000001
mem[X,0x00000000800039B4] -> 0x0537
mem[X,0x00000000800039B6] -> 0x0000
[3698] [M]: 0x00000000800039B4 (0x00000537) lui a0, 0
x10 <- 0x0000000000000000
mem[X,0x00000000800039B8] -> 0x0513
mem[X,0x00000000800039BA] -> 0x0005
[3699] [M]: 0x00000000800039B8 (0x00050513) addi a0, a0, 0
x10 <- 0x0000000000000000
clint::tick mtime <- 0x0000000000000025
 clint timer pending at mtime 0x0000000000000025
htif::tick 0x0000000000000000
mem[X,0x00000000800039BC] -> 0x1513
mem[X,0x00000000800039BE] -> 0x00B5
[3700] [M]: 0x00000000800039BC (0x00B51513) slli a0, a0, 11
x10 <- 0x0000000000000000
mem[X,0x00000000800039C0] -> 0x0513
mem[X,0x00000000800039C2] -> 0x5A85
[3701] [M]: 0x00000000800039C0 (0x5A850513) addi a0, a0, 1448
x10 <- 0x00000000000005A8
mem[X,0x00000000800039C4] -> 0x1513
mem[X,0x00000000800039C6] -> 0x00B5
[3702] [M]: 0x00000000800039C4 (0x00B51513) slli a0, a0, 11
x10 <- 0x00000000002D4000
mem[X,0x00000000800039C8] -> 0x0513
mem[X,0x00000000800039CA] -> 0x13C5
[3703] [M]: 0x00000000800039C8 (0x13C50513) addi a0, a0, 316
x10 <- 0x00000000002D413C
mem[X,0x00000000800039CC] -> 0x1513
mem[X,0x00000000800039CE] -> 0x00A5
[3704] [M]: 0x00000000800039CC (0x00A51513) slli a0, a0, 10
x10 <- 0x00000000B504F000
mem[X,0x00000000800039D0] -> 0x0513
mem[X,0x00000000800039D2] -> 0x3325
[3705] [M]: 0x00000000800039D0 (0x33250513) addi a0, a0, 818
x10 <- 0x00000000B504F332
mem[X,0x00000000800039D4] -> 0x3593
mem[X,0x00000000800039D6] -> 0x0045
[3706] [M]: 0x00000000800039D4 (0x00453593) sltiu a1, a0, 4
x11 <- 0x0000000000000000
mem[X,0x00000000800039D8] -> 0x3C23
mem[X,0x00000000800039DA] -> 0x78B1
[3707] [M]: 0x00000000800039D8 (0x78B13C23) sd a1, 1944(sp)
mem[0x0000000080009160] <- 0x0000000000000000
mem[X,0x00000000800039DC] -> 0x0537
mem[X,0x00000000800039DE] -> 0x0000
[3708] [M]: 0x00000000800039DC (0x00000537) lui a0, 0
x10 <- 0x0000000000000000
mem[X,0x00000000800039E0] -> 0x0513
mem[X,0x00000000800039E2] -> 0x0005
[3709] [M]: 0x00000000800039E0 (0x00050513) addi a0, a0, 0
x10 <- 0x0000000000000000
mem[X,0x00000000800039E4] -> 0x1513
mem[X,0x00000000800039E6] -> 0x00B5
[3710] [M]: 0x00000000800039E4 (0x00B51513) slli a0, a0, 11
x10 <- 0x0000000000000000
mem[X,0x00000000800039E8] -> 0x0513
mem[X,0x00000000800039EA] -> 0x5A85
[3711] [M]: 0x00000000800039E8 (0x5A850513) addi a0, a0, 1448
x10 <- 0x00000000000005A8
mem[X,0x00000000800039EC] -> 0x1513
mem[X,0x00000000800039EE] -> 0x00B5
[3712] [M]: 0x00000000800039EC (0x00B51513) slli a0, a0, 11
x10 <- 0x00000000002D4000
mem[X,0x00000000800039F0] -> 0x0513
mem[X,0x00000000800039F2] -> 0x13C5
[3713] [M]: 0x00000000800039F0 (0x13C50513) addi a0, a0, 316
x10 <- 0x00000000002D413C
mem[X,0x00000000800039F4] -> 0x1513
mem[X,0x00000000800039F6] -> 0x00A5
[3714] [M]: 0x00000000800039F4 (0x00A51513) slli a0, a0, 10
x10 <- 0x00000000B504F000
mem[X,0x00000000800039F8] -> 0x0513
mem[X,0x00000000800039FA] -> 0x3325
[3715] [M]: 0x00000000800039F8 (0x33250513) addi a0, a0, 818
x10 <- 0x00000000B504F332
mem[X,0x00000000800039FC] -> 0x3593
mem[X,0x00000000800039FE] -> 0x3325
[3716] [M]: 0x00000000800039FC (0x33253593) sltiu a1, a0, 818
x11 <- 0x0000000000000000
mem[X,0x0000000080003A00] -> 0x3023
mem[X,0x0000000080003A02] -> 0x7AB1
[3717] [M]: 0x0000000080003A00 (0x7AB13023) sd a1, 1952(sp)
mem[0x0000000080009168] <- 0x0000000000000000
mem[X,0x0000000080003A04] -> 0x0537
mem[X,0x0000000080003A06] -> 0x0000
[3718] [M]: 0x0000000080003A04 (0x00000537) lui a0, 0
x10 <- 0x0000000000000000
mem[X,0x0000000080003A08] -> 0x0513
mem[X,0x0000000080003A0A] -> 0x0005
[3719] [M]: 0x0000000080003A08 (0x00050513) addi a0, a0, 0
x10 <- 0x0000000000000000
mem[X,0x0000000080003A0C] -> 0x1513
mem[X,0x0000000080003A0E] -> 0x00B5
[3720] [M]: 0x0000000080003A0C (0x00B51513) slli a0, a0, 11
x10 <- 0x0000000000000000
mem[X,0x0000000080003A10] -> 0x0513
mem[X,0x0000000080003A12] -> 0x5A85
[3721] [M]: 0x0000000080003A10 (0x5A850513) addi a0, a0, 1448
x10 <- 0x00000000000005A8
mem[X,0x0000000080003A14] -> 0x1513
mem[X,0x0000000080003A16] -> 0x00B5
[3722] [M]: 0x0000000080003A14 (0x00B51513) slli a0, a0, 11
x10 <- 0x00000000002D4000
mem[X,0x0000000080003A18] -> 0x0513
mem[X,0x0000000080003A1A] -> 0x13C5
[3723] [M]: 0x0000000080003A18 (0x13C50513) addi a0, a0, 316
x10 <- 0x00000000002D413C
mem[X,0x0000000080003A1C] -> 0x1513
mem[X,0x0000000080003A1E] -> 0x00A5
[3724] [M]: 0x0000000080003A1C (0x00A51513) slli a0, a0, 10
x10 <- 0x00000000B504F000
mem[X,0x0000000080003A20] -> 0x0513
mem[X,0x0000000080003A22] -> 0x3325
[3725] [M]: 0x0000000080003A20 (0x33250513) addi a0, a0, 818
x10 <- 0x00000000B504F332
mem[X,0x0000000080003A24] -> 0x3593
mem[X,0x0000000080003A26] -> 0x6655
[3726] [M]: 0x0000000080003A24 (0x66553593) sltiu a1, a0, 1637
x11 <- 0x0000000000000000
mem[X,0x0000000080003A28] -> 0x3423
mem[X,0x0000000080003A2A] -> 0x7AB1
[3727] [M]: 0x0000000080003A28 (0x7AB13423) sd a1, 1960(sp)
mem[0x0000000080009170] <- 0x0000000000000000
mem[X,0x0000000080003A2C] -> 0x0537
mem[X,0x0000000080003A2E] -> 0x0000
[3728] [M]: 0x0000000080003A2C (0x00000537) lui a0, 0
x10 <- 0x0000000000000000
mem[X,0x0000000080003A30] -> 0x0513
mem[X,0x0000000080003A32] -> 0x0005
[3729] [M]: 0x0000000080003A30 (0x00050513) addi a0, a0, 0
x10 <- 0x0000000000000000
mem[X,0x0000000080003A34] -> 0x1513
mem[X,0x0000000080003A36] -> 0x00B5
[3730] [M]: 0x0000000080003A34 (0x00B51513) slli a0, a0, 11
x10 <- 0x0000000000000000
mem[X,0x0000000080003A38] -> 0x0513
mem[X,0x0000000080003A3A] -> 0x5A85
[3731] [M]: 0x0000000080003A38 (0x5A850513) addi a0, a0, 1448
x10 <- 0x00000000000005A8
mem[X,0x0000000080003A3C] -> 0x1513
mem[X,0x0000000080003A3E] -> 0x00B5
[3732] [M]: 0x0000000080003A3C (0x00B51513) slli a0, a0, 11
x10 <- 0x00000000002D4000
mem[X,0x0000000080003A40] -> 0x0513
mem[X,0x0000000080003A42] -> 0x13C5
[3733] [M]: 0x0000000080003A40 (0x13C50513) addi a0, a0, 316
x10 <- 0x00000000002D413C
mem[X,0x0000000080003A44] -> 0x1513
mem[X,0x0000000080003A46] -> 0x00A5
[3734] [M]: 0x0000000080003A44 (0x00A51513) slli a0, a0, 10
x10 <- 0x00000000B504F000
mem[X,0x0000000080003A48] -> 0x0513
mem[X,0x0000000080003A4A] -> 0x3325
[3735] [M]: 0x0000000080003A48 (0x33250513) addi a0, a0, 818
x10 <- 0x00000000B504F332
mem[X,0x0000000080003A4C] -> 0x3593
mem[X,0x0000000080003A4E] -> 0x02C5
[3736] [M]: 0x0000000080003A4C (0x02C53593) sltiu a1, a0, 44
x11 <- 0x0000000000000000
mem[X,0x0000000080003A50] -> 0x3823
mem[X,0x0000000080003A52] -> 0x7AB1
[3737] [M]: 0x0000000080003A50 (0x7AB13823) sd a1, 1968(sp)
mem[0x0000000080009178] <- 0x0000000000000000
mem[X,0x0000000080003A54] -> 0x0537
mem[X,0x0000000080003A56] -> 0x0000
[3738] [M]: 0x0000000080003A54 (0x00000537) lui a0, 0
x10 <- 0x0000000000000000
mem[X,0x0000000080003A58] -> 0x0513
mem[X,0x0000000080003A5A] -> 0x0005
[3739] [M]: 0x0000000080003A58 (0x00050513) addi a0, a0, 0
x10 <- 0x0000000000000000
mem[X,0x0000000080003A5C] -> 0x1513
mem[X,0x0000000080003A5E] -> 0x00B5
[3740] [M]: 0x0000000080003A5C (0x00B51513) slli a0, a0, 11
x10 <- 0x0000000000000000
mem[X,0x0000000080003A60] -> 0x0513
mem[X,0x0000000080003A62] -> 0x5A85
[3741] [M]: 0x0000000080003A60 (0x5A850513) addi a0, a0, 1448
x10 <- 0x00000000000005A8
mem[X,0x0000000080003A64] -> 0x1513
mem[X,0x0000000080003A66] -> 0x00B5
[3742] [M]: 0x0000000080003A64 (0x00B51513) slli a0, a0, 11
x10 <- 0x00000000002D4000
mem[X,0x0000000080003A68] -> 0x0513
mem[X,0x0000000080003A6A] -> 0x13C5
[3743] [M]: 0x0000000080003A68 (0x13C50513) addi a0, a0, 316
x10 <- 0x00000000002D413C
mem[X,0x0000000080003A6C] -> 0x1513
mem[X,0x0000000080003A6E] -> 0x00A5
[3744] [M]: 0x0000000080003A6C (0x00A51513) slli a0, a0, 10
x10 <- 0x00000000B504F000
mem[X,0x0000000080003A70] -> 0x0513
mem[X,0x0000000080003A72] -> 0x3325
[3745] [M]: 0x0000000080003A70 (0x33250513) addi a0, a0, 818
x10 <- 0x00000000B504F332
mem[X,0x0000000080003A74] -> 0x3593
mem[X,0x0000000080003A76] -> 0x03E5
[3746] [M]: 0x0000000080003A74 (0x03E53593) sltiu a1, a0, 62
x11 <- 0x0000000000000000
mem[X,0x0000000080003A78] -> 0x3C23
mem[X,0x0000000080003A7A] -> 0x7AB1
[3747] [M]: 0x0000000080003A78 (0x7AB13C23) sd a1, 1976(sp)
mem[0x0000000080009180] <- 0x0000000000000000
mem[X,0x0000000080003A7C] -> 0x0537
mem[X,0x0000000080003A7E] -> 0x0000
[3748] [M]: 0x0000000080003A7C (0x00000537) lui a0, 0
x10 <- 0x0000000000000000
mem[X,0x0000000080003A80] -> 0x0513
mem[X,0x0000000080003A82] -> 0x0005
[3749] [M]: 0x0000000080003A80 (0x00050513) addi a0, a0, 0
x10 <- 0x0000000000000000
mem[X,0x0000000080003A84] -> 0x1513
mem[X,0x0000000080003A86] -> 0x00B5
[3750] [M]: 0x0000000080003A84 (0x00B51513) slli a0, a0, 11
x10 <- 0x0000000000000000
mem[X,0x0000000080003A88] -> 0x0513
mem[X,0x0000000080003A8A] -> 0x5A85
[3751] [M]: 0x0000000080003A88 (0x5A850513) addi a0, a0, 1448
x10 <- 0x00000000000005A8
mem[X,0x0000000080003A8C] -> 0x1513
mem[X,0x0000000080003A8E] -> 0x00B5
[3752] [M]: 0x0000000080003A8C (0x00B51513) slli a0, a0, 11
x10 <- 0x00000000002D4000
mem[X,0x0000000080003A90] -> 0x0513
mem[X,0x0000000080003A92] -> 0x13C5
[3753] [M]: 0x0000000080003A90 (0x13C50513) addi a0, a0, 316
x10 <- 0x00000000002D413C
mem[X,0x0000000080003A94] -> 0x1513
mem[X,0x0000000080003A96] -> 0x00A5
[3754] [M]: 0x0000000080003A94 (0x00A51513) slli a0, a0, 10
x10 <- 0x00000000B504F000
mem[X,0x0000000080003A98] -> 0x0513
mem[X,0x0000000080003A9A] -> 0x3325
[3755] [M]: 0x0000000080003A98 (0x33250513) addi a0, a0, 818
x10 <- 0x00000000B504F332
mem[X,0x0000000080003A9C] -> 0x3593
mem[X,0x0000000080003A9E] -> 0x5565
[3756] [M]: 0x0000000080003A9C (0x55653593) sltiu a1, a0, 1366
x11 <- 0x0000000000000000
mem[X,0x0000000080003AA0] -> 0x3023
mem[X,0x0000000080003AA2] -> 0x7CB1
[3757] [M]: 0x0000000080003AA0 (0x7CB13023) sd a1, 1984(sp)
mem[0x0000000080009188] <- 0x0000000000000000
mem[X,0x0000000080003AA4] -> 0x0537
mem[X,0x0000000080003AA6] -> 0x0000
[3758] [M]: 0x0000000080003AA4 (0x00000537) lui a0, 0
x10 <- 0x0000000000000000
mem[X,0x0000000080003AA8] -> 0x0513
mem[X,0x0000000080003AAA] -> 0x0005
[3759] [M]: 0x0000000080003AA8 (0x00050513) addi a0, a0, 0
x10 <- 0x0000000000000000
mem[X,0x0000000080003AAC] -> 0x1513
mem[X,0x0000000080003AAE] -> 0x00B5
[3760] [M]: 0x0000000080003AAC (0x00B51513) slli a0, a0, 11
x10 <- 0x0000000000000000
mem[X,0x0000000080003AB0] -> 0x0513
mem[X,0x0000000080003AB2] -> 0x5A85
[3761] [M]: 0x0000000080003AB0 (0x5A850513) addi a0, a0, 1448
x10 <- 0x00000000000005A8
mem[X,0x0000000080003AB4] -> 0x1513
mem[X,0x0000000080003AB6] -> 0x00B5
[3762] [M]: 0x0000000080003AB4 (0x00B51513) slli a0, a0, 11
x10 <- 0x00000000002D4000
mem[X,0x0000000080003AB8] -> 0x0513
mem[X,0x0000000080003ABA] -> 0x13C5
[3763] [M]: 0x0000000080003AB8 (0x13C50513) addi a0, a0, 316
x10 <- 0x00000000002D413C
mem[X,0x0000000080003ABC] -> 0x1513
mem[X,0x0000000080003ABE] -> 0x00A5
[3764] [M]: 0x0000000080003ABC (0x00A51513) slli a0, a0, 10
x10 <- 0x00000000B504F000
mem[X,0x0000000080003AC0] -> 0x0513
mem[X,0x0000000080003AC2] -> 0x3325
[3765] [M]: 0x0000000080003AC0 (0x33250513) addi a0, a0, 818
x10 <- 0x00000000B504F332
mem[X,0x0000000080003AC4] -> 0x3593
mem[X,0x0000000080003AC6] -> 0xAAB5
[3766] [M]: 0x0000000080003AC4 (0xAAB53593) sltiu a1, a0, 2731
x11 <- 0x0000000000000001
mem[X,0x0000000080003AC8] -> 0x3423
mem[X,0x0000000080003ACA] -> 0x7CB1
[3767] [M]: 0x0000000080003AC8 (0x7CB13423) sd a1, 1992(sp)
mem[0x0000000080009190] <- 0x0000000000000001
mem[X,0x0000000080003ACC] -> 0x0537
mem[X,0x0000000080003ACE] -> 0x0000
[3768] [M]: 0x0000000080003ACC (0x00000537) lui a0, 0
x10 <- 0x0000000000000000
mem[X,0x0000000080003AD0] -> 0x0513
mem[X,0x0000000080003AD2] -> 0x0005
[3769] [M]: 0x0000000080003AD0 (0x00050513) addi a0, a0, 0
x10 <- 0x0000000000000000
mem[X,0x0000000080003AD4] -> 0x1513
mem[X,0x0000000080003AD6] -> 0x00B5
[3770] [M]: 0x0000000080003AD4 (0x00B51513) slli a0, a0, 11
x10 <- 0x0000000000000000
mem[X,0x0000000080003AD8] -> 0x0513
mem[X,0x0000000080003ADA] -> 0x5A85
[3771] [M]: 0x0000000080003AD8 (0x5A850513) addi a0, a0, 1448
x10 <- 0x00000000000005A8
mem[X,0x0000000080003ADC] -> 0x1513
mem[X,0x0000000080003ADE] -> 0x00B5
[3772] [M]: 0x0000000080003ADC (0x00B51513) slli a0, a0, 11
x10 <- 0x00000000002D4000
mem[X,0x0000000080003AE0] -> 0x0513
mem[X,0x0000000080003AE2] -> 0x13C5
[3773] [M]: 0x0000000080003AE0 (0x13C50513) addi a0, a0, 316
x10 <- 0x00000000002D413C
mem[X,0x0000000080003AE4] -> 0x1513
mem[X,0x0000000080003AE6] -> 0x00A5
[3774] [M]: 0x0000000080003AE4 (0x00A51513) slli a0, a0, 10
x10 <- 0x00000000B504F000
mem[X,0x0000000080003AE8] -> 0x0513
mem[X,0x0000000080003AEA] -> 0x3325
[3775] [M]: 0x0000000080003AE8 (0x33250513) addi a0, a0, 818
x10 <- 0x00000000B504F332
mem[X,0x0000000080003AEC] -> 0x3593
mem[X,0x0000000080003AEE] -> 0x0065
[3776] [M]: 0x0000000080003AEC (0x00653593) sltiu a1, a0, 6
x11 <- 0x0000000000000000
mem[X,0x0000000080003AF0] -> 0x3823
mem[X,0x0000000080003AF2] -> 0x7CB1
[3777] [M]: 0x0000000080003AF0 (0x7CB13823) sd a1, 2000(sp)
mem[0x0000000080009198] <- 0x0000000000000000
mem[X,0x0000000080003AF4] -> 0x0537
mem[X,0x0000000080003AF6] -> 0x0000
[3778] [M]: 0x0000000080003AF4 (0x00000537) lui a0, 0
x10 <- 0x0000000000000000
mem[X,0x0000000080003AF8] -> 0x0513
mem[X,0x0000000080003AFA] -> 0x0005
[3779] [M]: 0x0000000080003AF8 (0x00050513) addi a0, a0, 0
x10 <- 0x0000000000000000
mem[X,0x0000000080003AFC] -> 0x1513
mem[X,0x0000000080003AFE] -> 0x00B5
[3780] [M]: 0x0000000080003AFC (0x00B51513) slli a0, a0, 11
x10 <- 0x0000000000000000
mem[X,0x0000000080003B00] -> 0x0513
mem[X,0x0000000080003B02] -> 0x5A85
[3781] [M]: 0x0000000080003B00 (0x5A850513) addi a0, a0, 1448
x10 <- 0x00000000000005A8
mem[X,0x0000000080003B04] -> 0x1513
mem[X,0x0000000080003B06] -> 0x00B5
[3782] [M]: 0x0000000080003B04 (0x00B51513) slli a0, a0, 11
x10 <- 0x00000000002D4000
mem[X,0x0000000080003B08] -> 0x0513
mem[X,0x0000000080003B0A] -> 0x13C5
[3783] [M]: 0x0000000080003B08 (0x13C50513) addi a0, a0, 316
x10 <- 0x00000000002D413C
mem[X,0x0000000080003B0C] -> 0x1513
mem[X,0x0000000080003B0E] -> 0x00A5
[3784] [M]: 0x0000000080003B0C (0x00A51513) slli a0, a0, 10
x10 <- 0x00000000B504F000
mem[X,0x0000000080003B10] -> 0x0513
mem[X,0x0000000080003B12] -> 0x3325
[3785] [M]: 0x0000000080003B10 (0x33250513) addi a0, a0, 818
x10 <- 0x00000000B504F332
mem[X,0x0000000080003B14] -> 0x3593
mem[X,0x0000000080003B16] -> 0x3345
[3786] [M]: 0x0000000080003B14 (0x33453593) sltiu a1, a0, 820
x11 <- 0x0000000000000000
mem[X,0x0000000080003B18] -> 0x3C23
mem[X,0x0000000080003B1A] -> 0x7CB1
[3787] [M]: 0x0000000080003B18 (0x7CB13C23) sd a1, 2008(sp)
mem[0x00000000800091A0] <- 0x0000000000000000
mem[X,0x0000000080003B1C] -> 0x0537
mem[X,0x0000000080003B1E] -> 0x0000
[3788] [M]: 0x0000000080003B1C (0x00000537) lui a0, 0
x10 <- 0x0000000000000000
mem[X,0x0000000080003B20] -> 0x0513
mem[X,0x0000000080003B22] -> 0x0005
[3789] [M]: 0x0000000080003B20 (0x00050513) addi a0, a0, 0
x10 <- 0x0000000000000000
mem[X,0x0000000080003B24] -> 0x1513
mem[X,0x0000000080003B26] -> 0x00B5
[3790] [M]: 0x0000000080003B24 (0x00B51513) slli a0, a0, 11
x10 <- 0x0000000000000000
mem[X,0x0000000080003B28] -> 0x0513
mem[X,0x0000000080003B2A] -> 0x5A85
[3791] [M]: 0x0000000080003B28 (0x5A850513) addi a0, a0, 1448
x10 <- 0x00000000000005A8
mem[X,0x0000000080003B2C] -> 0x1513
mem[X,0x0000000080003B2E] -> 0x00B5
[3792] [M]: 0x0000000080003B2C (0x00B51513) slli a0, a0, 11
x10 <- 0x00000000002D4000
mem[X,0x0000000080003B30] -> 0x0513
mem[X,0x0000000080003B32] -> 0x13C5
[3793] [M]: 0x0000000080003B30 (0x13C50513) addi a0, a0, 316
x10 <- 0x00000000002D413C
mem[X,0x0000000080003B34] -> 0x1513
mem[X,0x0000000080003B36] -> 0x00A5
[3794] [M]: 0x0000000080003B34 (0x00A51513) slli a0, a0, 10
x10 <- 0x00000000B504F000
mem[X,0x0000000080003B38] -> 0x0513
mem[X,0x0000000080003B3A] -> 0x3325
[3795] [M]: 0x0000000080003B38 (0x33250513) addi a0, a0, 818
x10 <- 0x00000000B504F332
mem[X,0x0000000080003B3C] -> 0x3593
mem[X,0x0000000080003B3E] -> 0x6675
[3796] [M]: 0x0000000080003B3C (0x66753593) sltiu a1, a0, 1639
x11 <- 0x0000000000000000
mem[X,0x0000000080003B40] -> 0x3023
mem[X,0x0000000080003B42] -> 0x7EB1
[3797] [M]: 0x0000000080003B40 (0x7EB13023) sd a1, 2016(sp)
mem[0x00000000800091A8] <- 0x0000000000000000
mem[X,0x0000000080003B44] -> 0x0537
mem[X,0x0000000080003B46] -> 0x0000
[3798] [M]: 0x0000000080003B44 (0x00000537) lui a0, 0
x10 <- 0x0000000000000000
mem[X,0x0000000080003B48] -> 0x0513
mem[X,0x0000000080003B4A] -> 0x0005
[3799] [M]: 0x0000000080003B48 (0x00050513) addi a0, a0, 0
x10 <- 0x0000000000000000
clint::tick mtime <- 0x0000000000000026
 clint timer pending at mtime 0x0000000000000026
htif::tick 0x0000000000000000
mem[X,0x0000000080003B4C] -> 0x1513
mem[X,0x0000000080003B4E] -> 0x00B5
[3800] [M]: 0x0000000080003B4C (0x00B51513) slli a0, a0, 11
x10 <- 0x0000000000000000
mem[X,0x0000000080003B50] -> 0x0513
mem[X,0x0000000080003B52] -> 0x5A85
[3801] [M]: 0x0000000080003B50 (0x5A850513) addi a0, a0, 1448
x10 <- 0x00000000000005A8
mem[X,0x0000000080003B54] -> 0x1513
mem[X,0x0000000080003B56] -> 0x00B5
[3802] [M]: 0x0000000080003B54 (0x00B51513) slli a0, a0, 11
x10 <- 0x00000000002D4000
mem[X,0x0000000080003B58] -> 0x0513
mem[X,0x0000000080003B5A] -> 0x13C5
[3803] [M]: 0x0000000080003B58 (0x13C50513) addi a0, a0, 316
x10 <- 0x00000000002D413C
mem[X,0x0000000080003B5C] -> 0x1513
mem[X,0x0000000080003B5E] -> 0x00A5
[3804] [M]: 0x0000000080003B5C (0x00A51513) slli a0, a0, 10
x10 <- 0x00000000B504F000
mem[X,0x0000000080003B60] -> 0x0513
mem[X,0x0000000080003B62] -> 0x3325
[3805] [M]: 0x0000000080003B60 (0x33250513) addi a0, a0, 818
x10 <- 0x00000000B504F332
mem[X,0x0000000080003B64] -> 0x3593
mem[X,0x0000000080003B66] -> 0x02E5
[3806] [M]: 0x0000000080003B64 (0x02E53593) sltiu a1, a0, 46
x11 <- 0x0000000000000000
mem[X,0x0000000080003B68] -> 0x3423
mem[X,0x0000000080003B6A] -> 0x7EB1
[3807] [M]: 0x0000000080003B68 (0x7EB13423) sd a1, 2024(sp)
mem[0x00000000800091B0] <- 0x0000000000000000
mem[X,0x0000000080003B6C] -> 0x0537
mem[X,0x0000000080003B6E] -> 0x0000
[3808] [M]: 0x0000000080003B6C (0x00000537) lui a0, 0
x10 <- 0x0000000000000000
mem[X,0x0000000080003B70] -> 0x0513
mem[X,0x0000000080003B72] -> 0x0005
[3809] [M]: 0x0000000080003B70 (0x00050513) addi a0, a0, 0
x10 <- 0x0000000000000000
mem[X,0x0000000080003B74] -> 0x1513
mem[X,0x0000000080003B76] -> 0x00B5
[3810] [M]: 0x0000000080003B74 (0x00B51513) slli a0, a0, 11
x10 <- 0x0000000000000000
mem[X,0x0000000080003B78] -> 0x0513
mem[X,0x0000000080003B7A] -> 0x5A85
[3811] [M]: 0x0000000080003B78 (0x5A850513) addi a0, a0, 1448
x10 <- 0x00000000000005A8
mem[X,0x0000000080003B7C] -> 0x1513
mem[X,0x0000000080003B7E] -> 0x00B5
[3812] [M]: 0x0000000080003B7C (0x00B51513) slli a0, a0, 11
x10 <- 0x00000000002D4000
mem[X,0x0000000080003B80] -> 0x0513
mem[X,0x0000000080003B82] -> 0x13C5
[3813] [M]: 0x0000000080003B80 (0x13C50513) addi a0, a0, 316
x10 <- 0x00000000002D413C
mem[X,0x0000000080003B84] -> 0x1513
mem[X,0x0000000080003B86] -> 0x00A5
[3814] [M]: 0x0000000080003B84 (0x00A51513) slli a0, a0, 10
x10 <- 0x00000000B504F000
mem[X,0x0000000080003B88] -> 0x0513
mem[X,0x0000000080003B8A] -> 0x3325
[3815] [M]: 0x0000000080003B88 (0x33250513) addi a0, a0, 818
x10 <- 0x00000000B504F332
mem[X,0x0000000080003B8C] -> 0x3593
mem[X,0x0000000080003B8E] -> 0x0015
[3816] [M]: 0x0000000080003B8C (0x00153593) sltiu a1, a0, 1
x11 <- 0x0000000000000000
mem[X,0x0000000080003B90] -> 0x3823
mem[X,0x0000000080003B92] -> 0x7EB1
[3817] [M]: 0x0000000080003B90 (0x7EB13823) sd a1, 2032(sp)
mem[0x00000000800091B8] <- 0x0000000000000000
mem[X,0x0000000080003B94] -> 0x0537
mem[X,0x0000000080003B96] -> 0x0000
[3818] [M]: 0x0000000080003B94 (0x00000537) lui a0, 0
x10 <- 0x0000000000000000
mem[X,0x0000000080003B98] -> 0x0513
mem[X,0x0000000080003B9A] -> 0x0005
[3819] [M]: 0x0000000080003B98 (0x00050513) addi a0, a0, 0
x10 <- 0x0000000000000000
mem[X,0x0000000080003B9C] -> 0x1513
mem[X,0x0000000080003B9E] -> 0x00B5
[3820] [M]: 0x0000000080003B9C (0x00B51513) slli a0, a0, 11
x10 <- 0x0000000000000000
mem[X,0x0000000080003BA0] -> 0x0513
mem[X,0x0000000080003BA2] -> 0x5A85
[3821] [M]: 0x0000000080003BA0 (0x5A850513) addi a0, a0, 1448
x10 <- 0x00000000000005A8
mem[X,0x0000000080003BA4] -> 0x1513
mem[X,0x0000000080003BA6] -> 0x00B5
[3822] [M]: 0x0000000080003BA4 (0x00B51513) slli a0, a0, 11
x10 <- 0x00000000002D4000
mem[X,0x0000000080003BA8] -> 0x0513
mem[X,0x0000000080003BAA] -> 0x13C5
[3823] [M]: 0x0000000080003BA8 (0x13C50513) addi a0, a0, 316
x10 <- 0x00000000002D413C
mem[X,0x0000000080003BAC] -> 0x1513
mem[X,0x0000000080003BAE] -> 0x00A5
[3824] [M]: 0x0000000080003BAC (0x00A51513) slli a0, a0, 10
x10 <- 0x00000000B504F000
mem[X,0x0000000080003BB0] -> 0x0513
mem[X,0x0000000080003BB2] -> 0x3325
[3825] [M]: 0x0000000080003BB0 (0x33250513) addi a0, a0, 818
x10 <- 0x00000000B504F332
mem[X,0x0000000080003BB4] -> 0x3593
mem[X,0x0000000080003BB6] -> 0x0405
[3826] [M]: 0x0000000080003BB4 (0x04053593) sltiu a1, a0, 64
x11 <- 0x0000000000000000
mem[X,0x0000000080003BB8] -> 0x3C23
mem[X,0x0000000080003BBA] -> 0x7EB1
[3827] [M]: 0x0000000080003BB8 (0x7EB13C23) sd a1, 2040(sp)
mem[0x00000000800091C0] <- 0x0000000000000000
mem[X,0x0000000080003BBC] -> 0x0013
mem[X,0x0000000080003BBE] -> 0x0000
[3828] [M]: 0x0000000080003BBC (0x00000013) addi zero, zero, 0
mem[X,0x0000000080003BC0] -> 0x5117
mem[X,0x0000000080003BC2] -> 0x0000
[3829] [M]: 0x0000000080003BC0 (0x00005117) auipc sp, 5
x2 <- 0x0000000080008BC0
mem[X,0x0000000080003BC4] -> 0x0113
mem[X,0x0000000080003BC6] -> 0x6081
[3830] [M]: 0x0000000080003BC4 (0x60810113) addi sp, sp, 1544
x2 <- 0x00000000800091C8
mem[X,0x0000000080003BC8] -> 0x0013
mem[X,0x0000000080003BCA] -> 0x0000
[3831] [M]: 0x0000000080003BC8 (0x00000013) addi zero, zero, 0
mem[X,0x0000000080003BCC] -> 0x0013
mem[X,0x0000000080003BCE] -> 0x0000
[3832] [M]: 0x0000000080003BCC (0x00000013) addi zero, zero, 0
mem[X,0x0000000080003BD0] -> 0x0013
mem[X,0x0000000080003BD2] -> 0x0000
[3833] [M]: 0x0000000080003BD0 (0x00000013) addi zero, zero, 0
mem[X,0x0000000080003BD4] -> 0x0013
mem[X,0x0000000080003BD6] -> 0x0000
[3834] [M]: 0x0000000080003BD4 (0x00000013) addi zero, zero, 0
mem[X,0x0000000080003BD8] -> 0x0013
mem[X,0x0000000080003BDA] -> 0x0000
[3835] [M]: 0x0000000080003BD8 (0x00000013) addi zero, zero, 0
mem[X,0x0000000080003BDC] -> 0x0013
mem[X,0x0000000080003BDE] -> 0x0000
[3836] [M]: 0x0000000080003BDC (0x00000013) addi zero, zero, 0
mem[X,0x0000000080003BE0] -> 0x0513
mem[X,0x0000000080003BE2] -> 0xFFF0
[3837] [M]: 0x0000000080003BE0 (0xFFF00513) addi a0, zero, 4095
x10 <- 0xFFFFFFFFFFFFFFFF
mem[X,0x0000000080003BE4] -> 0x5513
mem[X,0x0000000080003BE6] -> 0x0205
[3838] [M]: 0x0000000080003BE4 (0x02055513) srli a0, a0, 32
x10 <- 0x00000000FFFFFFFF
mem[X,0x0000000080003BE8] -> 0x3593
mem[X,0x0000000080003BEA] -> 0x0035
[3839] [M]: 0x0000000080003BE8 (0x00353593) sltiu a1, a0, 3
x11 <- 0x0000000000000000
mem[X,0x0000000080003BEC] -> 0x3023
mem[X,0x0000000080003BEE] -> 0x00B1
[3840] [M]: 0x0000000080003BEC (0x00B13023) sd a1, 0(sp)
mem[0x00000000800091C8] <- 0x0000000000000000
mem[X,0x0000000080003BF0] -> 0x0513
mem[X,0x0000000080003BF2] -> 0xFFF0
[3841] [M]: 0x0000000080003BF0 (0xFFF00513) addi a0, zero, 4095
x10 <- 0xFFFFFFFFFFFFFFFF
mem[X,0x0000000080003BF4] -> 0x5513
mem[X,0x0000000080003BF6] -> 0x0205
[3842] [M]: 0x0000000080003BF4 (0x02055513) srli a0, a0, 32
x10 <- 0x00000000FFFFFFFF
mem[X,0x0000000080003BF8] -> 0x3593
mem[X,0x0000000080003BFA] -> 0x5555
[3843] [M]: 0x0000000080003BF8 (0x55553593) sltiu a1, a0, 1365
x11 <- 0x0000000000000000
mem[X,0x0000000080003BFC] -> 0x3423
mem[X,0x0000000080003BFE] -> 0x00B1
[3844] [M]: 0x0000000080003BFC (0x00B13423) sd a1, 8(sp)
mem[0x00000000800091D0] <- 0x0000000000000000
mem[X,0x0000000080003C00] -> 0x0513
mem[X,0x0000000080003C02] -> 0xFFF0
[3845] [M]: 0x0000000080003C00 (0xFFF00513) addi a0, zero, 4095
x10 <- 0xFFFFFFFFFFFFFFFF
mem[X,0x0000000080003C04] -> 0x5513
mem[X,0x0000000080003C06] -> 0x0205
[3846] [M]: 0x0000000080003C04 (0x02055513) srli a0, a0, 32
x10 <- 0x00000000FFFFFFFF
mem[X,0x0000000080003C08] -> 0x3593
mem[X,0x0000000080003C0A] -> 0xAAA5
[3847] [M]: 0x0000000080003C08 (0xAAA53593) sltiu a1, a0, 2730
x11 <- 0x0000000000000001
mem[X,0x0000000080003C0C] -> 0x3823
mem[X,0x0000000080003C0E] -> 0x00B1
[3848] [M]: 0x0000000080003C0C (0x00B13823) sd a1, 16(sp)
mem[0x00000000800091D8] <- 0x0000000000000001
mem[X,0x0000000080003C10] -> 0x0513
mem[X,0x0000000080003C12] -> 0xFFF0
[3849] [M]: 0x0000000080003C10 (0xFFF00513) addi a0, zero, 4095
x10 <- 0xFFFFFFFFFFFFFFFF
mem[X,0x0000000080003C14] -> 0x5513
mem[X,0x0000000080003C16] -> 0x0205
[3850] [M]: 0x0000000080003C14 (0x02055513) srli a0, a0, 32
x10 <- 0x00000000FFFFFFFF
mem[X,0x0000000080003C18] -> 0x3593
mem[X,0x0000000080003C1A] -> 0x0055
[3851] [M]: 0x0000000080003C18 (0x00553593) sltiu a1, a0, 5
x11 <- 0x0000000000000000
mem[X,0x0000000080003C1C] -> 0x3C23
mem[X,0x0000000080003C1E] -> 0x00B1
[3852] [M]: 0x0000000080003C1C (0x00B13C23) sd a1, 24(sp)
mem[0x00000000800091E0] <- 0x0000000000000000
mem[X,0x0000000080003C20] -> 0x0513
mem[X,0x0000000080003C22] -> 0xFFF0
[3853] [M]: 0x0000000080003C20 (0xFFF00513) addi a0, zero, 4095
x10 <- 0xFFFFFFFFFFFFFFFF
mem[X,0x0000000080003C24] -> 0x5513
mem[X,0x0000000080003C26] -> 0x0205
[3854] [M]: 0x0000000080003C24 (0x02055513) srli a0, a0, 32
x10 <- 0x00000000FFFFFFFF
mem[X,0x0000000080003C28] -> 0x3593
mem[X,0x0000000080003C2A] -> 0x3335
[3855] [M]: 0x0000000080003C28 (0x33353593) sltiu a1, a0, 819
x11 <- 0x0000000000000000
mem[X,0x0000000080003C2C] -> 0x3023
mem[X,0x0000000080003C2E] -> 0x02B1
[3856] [M]: 0x0000000080003C2C (0x02B13023) sd a1, 32(sp)
mem[0x00000000800091E8] <- 0x0000000000000000
mem[X,0x0000000080003C30] -> 0x0513
mem[X,0x0000000080003C32] -> 0xFFF0
[3857] [M]: 0x0000000080003C30 (0xFFF00513) addi a0, zero, 4095
x10 <- 0xFFFFFFFFFFFFFFFF
mem[X,0x0000000080003C34] -> 0x5513
mem[X,0x0000000080003C36] -> 0x0205
[3858] [M]: 0x0000000080003C34 (0x02055513) srli a0, a0, 32
x10 <- 0x00000000FFFFFFFF
mem[X,0x0000000080003C38] -> 0x3593
mem[X,0x0000000080003C3A] -> 0x6665
[3859] [M]: 0x0000000080003C38 (0x66653593) sltiu a1, a0, 1638
x11 <- 0x0000000000000000
mem[X,0x0000000080003C3C] -> 0x3423
mem[X,0x0000000080003C3E] -> 0x02B1
[3860] [M]: 0x0000000080003C3C (0x02B13423) sd a1, 40(sp)
mem[0x00000000800091F0] <- 0x0000000000000000
mem[X,0x0000000080003C40] -> 0x0513
mem[X,0x0000000080003C42] -> 0xFFF0
[3861] [M]: 0x0000000080003C40 (0xFFF00513) addi a0, zero, 4095
x10 <- 0xFFFFFFFFFFFFFFFF
mem[X,0x0000000080003C44] -> 0x5513
mem[X,0x0000000080003C46] -> 0x0205
[3862] [M]: 0x0000000080003C44 (0x02055513) srli a0, a0, 32
x10 <- 0x00000000FFFFFFFF
mem[X,0x0000000080003C48] -> 0x3593
mem[X,0x0000000080003C4A] -> 0x02D5
[3863] [M]: 0x0000000080003C48 (0x02D53593) sltiu a1, a0, 45
x11 <- 0x0000000000000000
mem[X,0x0000000080003C4C] -> 0x3823
mem[X,0x0000000080003C4E] -> 0x02B1
[3864] [M]: 0x0000000080003C4C (0x02B13823) sd a1, 48(sp)
mem[0x00000000800091F8] <- 0x0000000000000000
mem[X,0x0000000080003C50] -> 0x0513
mem[X,0x0000000080003C52] -> 0xFFF0
[3865] [M]: 0x0000000080003C50 (0xFFF00513) addi a0, zero, 4095
x10 <- 0xFFFFFFFFFFFFFFFF
mem[X,0x0000000080003C54] -> 0x5513
mem[X,0x0000000080003C56] -> 0x0205
[3866] [M]: 0x0000000080003C54 (0x02055513) srli a0, a0, 32
x10 <- 0x00000000FFFFFFFF
mem[X,0x0000000080003C58] -> 0x3593
mem[X,0x0000000080003C5A] -> 0x0005
[3867] [M]: 0x0000000080003C58 (0x00053593) sltiu a1, a0, 0
x11 <- 0x0000000000000000
mem[X,0x0000000080003C5C] -> 0x3C23
mem[X,0x0000000080003C5E] -> 0x02B1
[3868] [M]: 0x0000000080003C5C (0x02B13C23) sd a1, 56(sp)
mem[0x0000000080009200] <- 0x0000000000000000
mem[X,0x0000000080003C60] -> 0x0513
mem[X,0x0000000080003C62] -> 0xFFF0
[3869] [M]: 0x0000000080003C60 (0xFFF00513) addi a0, zero, 4095
x10 <- 0xFFFFFFFFFFFFFFFF
mem[X,0x0000000080003C64] -> 0x5513
mem[X,0x0000000080003C66] -> 0x0205
[3870] [M]: 0x0000000080003C64 (0x02055513) srli a0, a0, 32
x10 <- 0x00000000FFFFFFFF
mem[X,0x0000000080003C68] -> 0x3593
mem[X,0x0000000080003C6A] -> 0x03F5
[3871] [M]: 0x0000000080003C68 (0x03F53593) sltiu a1, a0, 63
x11 <- 0x0000000000000000
mem[X,0x0000000080003C6C] -> 0x3023
mem[X,0x0000000080003C6E] -> 0x04B1
[3872] [M]: 0x0000000080003C6C (0x04B13023) sd a1, 64(sp)
mem[0x0000000080009208] <- 0x0000000000000000
mem[X,0x0000000080003C70] -> 0x0513
mem[X,0x0000000080003C72] -> 0xFFF0
[3873] [M]: 0x0000000080003C70 (0xFFF00513) addi a0, zero, 4095
x10 <- 0xFFFFFFFFFFFFFFFF
mem[X,0x0000000080003C74] -> 0x5513
mem[X,0x0000000080003C76] -> 0x0205
[3874] [M]: 0x0000000080003C74 (0x02055513) srli a0, a0, 32
x10 <- 0x00000000FFFFFFFF
mem[X,0x0000000080003C78] -> 0x3593
mem[X,0x0000000080003C7A] -> 0x0025
[3875] [M]: 0x0000000080003C78 (0x00253593) sltiu a1, a0, 2
x11 <- 0x0000000000000000
mem[X,0x0000000080003C7C] -> 0x3423
mem[X,0x0000000080003C7E] -> 0x04B1
[3876] [M]: 0x0000000080003C7C (0x04B13423) sd a1, 72(sp)
mem[0x0000000080009210] <- 0x0000000000000000
mem[X,0x0000000080003C80] -> 0x0513
mem[X,0x0000000080003C82] -> 0xFFF0
[3877] [M]: 0x0000000080003C80 (0xFFF00513) addi a0, zero, 4095
x10 <- 0xFFFFFFFFFFFFFFFF
mem[X,0x0000000080003C84] -> 0x5513
mem[X,0x0000000080003C86] -> 0x0205
[3878] [M]: 0x0000000080003C84 (0x02055513) srli a0, a0, 32
x10 <- 0x00000000FFFFFFFF
mem[X,0x0000000080003C88] -> 0x3593
mem[X,0x0000000080003C8A] -> 0x5545
[3879] [M]: 0x0000000080003C88 (0x55453593) sltiu a1, a0, 1364
x11 <- 0x0000000000000000
mem[X,0x0000000080003C8C] -> 0x3823
mem[X,0x0000000080003C8E] -> 0x04B1
[3880] [M]: 0x0000000080003C8C (0x04B13823) sd a1, 80(sp)
mem[0x0000000080009218] <- 0x0000000000000000
mem[X,0x0000000080003C90] -> 0x0513
mem[X,0x0000000080003C92] -> 0xFFF0
[3881] [M]: 0x0000000080003C90 (0xFFF00513) addi a0, zero, 4095
x10 <- 0xFFFFFFFFFFFFFFFF
mem[X,0x0000000080003C94] -> 0x5513
mem[X,0x0000000080003C96] -> 0x0205
[3882] [M]: 0x0000000080003C94 (0x02055513) srli a0, a0, 32
x10 <- 0x00000000FFFFFFFF
mem[X,0x0000000080003C98] -> 0x3593
mem[X,0x0000000080003C9A] -> 0xAA95
[3883] [M]: 0x0000000080003C98 (0xAA953593) sltiu a1, a0, 2729
x11 <- 0x0000000000000001
mem[X,0x0000000080003C9C] -> 0x3C23
mem[X,0x0000000080003C9E] -> 0x04B1
[3884] [M]: 0x0000000080003C9C (0x04B13C23) sd a1, 88(sp)
mem[0x0000000080009220] <- 0x0000000000000001
mem[X,0x0000000080003CA0] -> 0x0513
mem[X,0x0000000080003CA2] -> 0xFFF0
[3885] [M]: 0x0000000080003CA0 (0xFFF00513) addi a0, zero, 4095
x10 <- 0xFFFFFFFFFFFFFFFF
mem[X,0x0000000080003CA4] -> 0x5513
mem[X,0x0000000080003CA6] -> 0x0205
[3886] [M]: 0x0000000080003CA4 (0x02055513) srli a0, a0, 32
x10 <- 0x00000000FFFFFFFF
mem[X,0x0000000080003CA8] -> 0x3593
mem[X,0x0000000080003CAA] -> 0x0045
[3887] [M]: 0x0000000080003CA8 (0x00453593) sltiu a1, a0, 4
x11 <- 0x0000000000000000
mem[X,0x0000000080003CAC] -> 0x3023
mem[X,0x0000000080003CAE] -> 0x06B1
[3888] [M]: 0x0000000080003CAC (0x06B13023) sd a1, 96(sp)
mem[0x0000000080009228] <- 0x0000000000000000
mem[X,0x0000000080003CB0] -> 0x0513
mem[X,0x0000000080003CB2] -> 0xFFF0
[3889] [M]: 0x0000000080003CB0 (0xFFF00513) addi a0, zero, 4095
x10 <- 0xFFFFFFFFFFFFFFFF
mem[X,0x0000000080003CB4] -> 0x5513
mem[X,0x0000000080003CB6] -> 0x0205
[3890] [M]: 0x0000000080003CB4 (0x02055513) srli a0, a0, 32
x10 <- 0x00000000FFFFFFFF
mem[X,0x0000000080003CB8] -> 0x3593
mem[X,0x0000000080003CBA] -> 0x3325
[3891] [M]: 0x0000000080003CB8 (0x33253593) sltiu a1, a0, 818
x11 <- 0x0000000000000000
mem[X,0x0000000080003CBC] -> 0x3423
mem[X,0x0000000080003CBE] -> 0x06B1
[3892] [M]: 0x0000000080003CBC (0x06B13423) sd a1, 104(sp)
mem[0x0000000080009230] <- 0x0000000000000000
mem[X,0x0000000080003CC0] -> 0x0513
mem[X,0x0000000080003CC2] -> 0xFFF0
[3893] [M]: 0x0000000080003CC0 (0xFFF00513) addi a0, zero, 4095
x10 <- 0xFFFFFFFFFFFFFFFF
mem[X,0x0000000080003CC4] -> 0x5513
mem[X,0x0000000080003CC6] -> 0x0205
[3894] [M]: 0x0000000080003CC4 (0x02055513) srli a0, a0, 32
x10 <- 0x00000000FFFFFFFF
mem[X,0x0000000080003CC8] -> 0x3593
mem[X,0x0000000080003CCA] -> 0x6655
[3895] [M]: 0x0000000080003CC8 (0x66553593) sltiu a1, a0, 1637
x11 <- 0x0000000000000000
mem[X,0x0000000080003CCC] -> 0x3823
mem[X,0x0000000080003CCE] -> 0x06B1
[3896] [M]: 0x0000000080003CCC (0x06B13823) sd a1, 112(sp)
mem[0x0000000080009238] <- 0x0000000000000000
mem[X,0x0000000080003CD0] -> 0x0513
mem[X,0x0000000080003CD2] -> 0xFFF0
[3897] [M]: 0x0000000080003CD0 (0xFFF00513) addi a0, zero, 4095
x10 <- 0xFFFFFFFFFFFFFFFF
mem[X,0x0000000080003CD4] -> 0x5513
mem[X,0x0000000080003CD6] -> 0x0205
[3898] [M]: 0x0000000080003CD4 (0x02055513) srli a0, a0, 32
x10 <- 0x00000000FFFFFFFF
mem[X,0x0000000080003CD8] -> 0x3593
mem[X,0x0000000080003CDA] -> 0x02C5
[3899] [M]: 0x0000000080003CD8 (0x02C53593) sltiu a1, a0, 44
x11 <- 0x0000000000000000
clint::tick mtime <- 0x0000000000000027
 clint timer pending at mtime 0x0000000000000027
htif::tick 0x0000000000000000
mem[X,0x0000000080003CDC] -> 0x3C23
mem[X,0x0000000080003CDE] -> 0x06B1
[3900] [M]: 0x0000000080003CDC (0x06B13C23) sd a1, 120(sp)
mem[0x0000000080009240] <- 0x0000000000000000
mem[X,0x0000000080003CE0] -> 0x0513
mem[X,0x0000000080003CE2] -> 0xFFF0
[3901] [M]: 0x0000000080003CE0 (0xFFF00513) addi a0, zero, 4095
x10 <- 0xFFFFFFFFFFFFFFFF
mem[X,0x0000000080003CE4] -> 0x5513
mem[X,0x0000000080003CE6] -> 0x0205
[3902] [M]: 0x0000000080003CE4 (0x02055513) srli a0, a0, 32
x10 <- 0x00000000FFFFFFFF
mem[X,0x0000000080003CE8] -> 0x3593
mem[X,0x0000000080003CEA] -> 0x03E5
[3903] [M]: 0x0000000080003CE8 (0x03E53593) sltiu a1, a0, 62
x11 <- 0x0000000000000000
mem[X,0x0000000080003CEC] -> 0x3023
mem[X,0x0000000080003CEE] -> 0x08B1
[3904] [M]: 0x0000000080003CEC (0x08B13023) sd a1, 128(sp)
mem[0x0000000080009248] <- 0x0000000000000000
mem[X,0x0000000080003CF0] -> 0x0513
mem[X,0x0000000080003CF2] -> 0xFFF0
[3905] [M]: 0x0000000080003CF0 (0xFFF00513) addi a0, zero, 4095
x10 <- 0xFFFFFFFFFFFFFFFF
mem[X,0x0000000080003CF4] -> 0x5513
mem[X,0x0000000080003CF6] -> 0x0205
[3906] [M]: 0x0000000080003CF4 (0x02055513) srli a0, a0, 32
x10 <- 0x00000000FFFFFFFF
mem[X,0x0000000080003CF8] -> 0x3593
mem[X,0x0000000080003CFA] -> 0x5565
[3907] [M]: 0x0000000080003CF8 (0x55653593) sltiu a1, a0, 1366
x11 <- 0x0000000000000000
mem[X,0x0000000080003CFC] -> 0x3423
mem[X,0x0000000080003CFE] -> 0x08B1
[3908] [M]: 0x0000000080003CFC (0x08B13423) sd a1, 136(sp)
mem[0x0000000080009250] <- 0x0000000000000000
mem[X,0x0000000080003D00] -> 0x0513
mem[X,0x0000000080003D02] -> 0xFFF0
[3909] [M]: 0x0000000080003D00 (0xFFF00513) addi a0, zero, 4095
x10 <- 0xFFFFFFFFFFFFFFFF
mem[X,0x0000000080003D04] -> 0x5513
mem[X,0x0000000080003D06] -> 0x0205
[3910] [M]: 0x0000000080003D04 (0x02055513) srli a0, a0, 32
x10 <- 0x00000000FFFFFFFF
mem[X,0x0000000080003D08] -> 0x3593
mem[X,0x0000000080003D0A] -> 0xAAB5
[3911] [M]: 0x0000000080003D08 (0xAAB53593) sltiu a1, a0, 2731
x11 <- 0x0000000000000001
mem[X,0x0000000080003D0C] -> 0x3823
mem[X,0x0000000080003D0E] -> 0x08B1
[3912] [M]: 0x0000000080003D0C (0x08B13823) sd a1, 144(sp)
mem[0x0000000080009258] <- 0x0000000000000001
mem[X,0x0000000080003D10] -> 0x0513
mem[X,0x0000000080003D12] -> 0xFFF0
[3913] [M]: 0x0000000080003D10 (0xFFF00513) addi a0, zero, 4095
x10 <- 0xFFFFFFFFFFFFFFFF
mem[X,0x0000000080003D14] -> 0x5513
mem[X,0x0000000080003D16] -> 0x0205
[3914] [M]: 0x0000000080003D14 (0x02055513) srli a0, a0, 32
x10 <- 0x00000000FFFFFFFF
mem[X,0x0000000080003D18] -> 0x3593
mem[X,0x0000000080003D1A] -> 0x0065
[3915] [M]: 0x0000000080003D18 (0x00653593) sltiu a1, a0, 6
x11 <- 0x0000000000000000
mem[X,0x0000000080003D1C] -> 0x3C23
mem[X,0x0000000080003D1E] -> 0x08B1
[3916] [M]: 0x0000000080003D1C (0x08B13C23) sd a1, 152(sp)
mem[0x0000000080009260] <- 0x0000000000000000
mem[X,0x0000000080003D20] -> 0x0513
mem[X,0x0000000080003D22] -> 0xFFF0
[3917] [M]: 0x0000000080003D20 (0xFFF00513) addi a0, zero, 4095
x10 <- 0xFFFFFFFFFFFFFFFF
mem[X,0x0000000080003D24] -> 0x5513
mem[X,0x0000000080003D26] -> 0x0205
[3918] [M]: 0x0000000080003D24 (0x02055513) srli a0, a0, 32
x10 <- 0x00000000FFFFFFFF
mem[X,0x0000000080003D28] -> 0x3593
mem[X,0x0000000080003D2A] -> 0x3345
[3919] [M]: 0x0000000080003D28 (0x33453593) sltiu a1, a0, 820
x11 <- 0x0000000000000000
mem[X,0x0000000080003D2C] -> 0x3023
mem[X,0x0000000080003D2E] -> 0x0AB1
[3920] [M]: 0x0000000080003D2C (0x0AB13023) sd a1, 160(sp)
mem[0x0000000080009268] <- 0x0000000000000000
mem[X,0x0000000080003D30] -> 0x0513
mem[X,0x0000000080003D32] -> 0xFFF0
[3921] [M]: 0x0000000080003D30 (0xFFF00513) addi a0, zero, 4095
x10 <- 0xFFFFFFFFFFFFFFFF
mem[X,0x0000000080003D34] -> 0x5513
mem[X,0x0000000080003D36] -> 0x0205
[3922] [M]: 0x0000000080003D34 (0x02055513) srli a0, a0, 32
x10 <- 0x00000000FFFFFFFF
mem[X,0x0000000080003D38] -> 0x3593
mem[X,0x0000000080003D3A] -> 0x6675
[3923] [M]: 0x0000000080003D38 (0x66753593) sltiu a1, a0, 1639
x11 <- 0x0000000000000000
mem[X,0x0000000080003D3C] -> 0x3423
mem[X,0x0000000080003D3E] -> 0x0AB1
[3924] [M]: 0x0000000080003D3C (0x0AB13423) sd a1, 168(sp)
mem[0x0000000080009270] <- 0x0000000000000000
mem[X,0x0000000080003D40] -> 0x0513
mem[X,0x0000000080003D42] -> 0xFFF0
[3925] [M]: 0x0000000080003D40 (0xFFF00513) addi a0, zero, 4095
x10 <- 0xFFFFFFFFFFFFFFFF
mem[X,0x0000000080003D44] -> 0x5513
mem[X,0x0000000080003D46] -> 0x0205
[3926] [M]: 0x0000000080003D44 (0x02055513) srli a0, a0, 32
x10 <- 0x00000000FFFFFFFF
mem[X,0x0000000080003D48] -> 0x3593
mem[X,0x0000000080003D4A] -> 0x02E5
[3927] [M]: 0x0000000080003D48 (0x02E53593) sltiu a1, a0, 46
x11 <- 0x0000000000000000
mem[X,0x0000000080003D4C] -> 0x3823
mem[X,0x0000000080003D4E] -> 0x0AB1
[3928] [M]: 0x0000000080003D4C (0x0AB13823) sd a1, 176(sp)
mem[0x0000000080009278] <- 0x0000000000000000
mem[X,0x0000000080003D50] -> 0x0513
mem[X,0x0000000080003D52] -> 0xFFF0
[3929] [M]: 0x0000000080003D50 (0xFFF00513) addi a0, zero, 4095
x10 <- 0xFFFFFFFFFFFFFFFF
mem[X,0x0000000080003D54] -> 0x5513
mem[X,0x0000000080003D56] -> 0x0205
[3930] [M]: 0x0000000080003D54 (0x02055513) srli a0, a0, 32
x10 <- 0x00000000FFFFFFFF
mem[X,0x0000000080003D58] -> 0x3593
mem[X,0x0000000080003D5A] -> 0x0015
[3931] [M]: 0x0000000080003D58 (0x00153593) sltiu a1, a0, 1
x11 <- 0x0000000000000000
mem[X,0x0000000080003D5C] -> 0x3C23
mem[X,0x0000000080003D5E] -> 0x0AB1
[3932] [M]: 0x0000000080003D5C (0x0AB13C23) sd a1, 184(sp)
mem[0x0000000080009280] <- 0x0000000000000000
mem[X,0x0000000080003D60] -> 0x0513
mem[X,0x0000000080003D62] -> 0xFFF0
[3933] [M]: 0x0000000080003D60 (0xFFF00513) addi a0, zero, 4095
x10 <- 0xFFFFFFFFFFFFFFFF
mem[X,0x0000000080003D64] -> 0x5513
mem[X,0x0000000080003D66] -> 0x0205
[3934] [M]: 0x0000000080003D64 (0x02055513) srli a0, a0, 32
x10 <- 0x00000000FFFFFFFF
mem[X,0x0000000080003D68] -> 0x3593
mem[X,0x0000000080003D6A] -> 0x0405
[3935] [M]: 0x0000000080003D68 (0x04053593) sltiu a1, a0, 64
x11 <- 0x0000000000000000
mem[X,0x0000000080003D6C] -> 0x3023
mem[X,0x0000000080003D6E] -> 0x0CB1
[3936] [M]: 0x0000000080003D6C (0x0CB13023) sd a1, 192(sp)
mem[0x0000000080009288] <- 0x0000000000000000
mem[X,0x0000000080003D70] -> 0x5537
mem[X,0x0000000080003D72] -> 0x5555
[3937] [M]: 0x0000000080003D70 (0x55555537) lui a0, 349525
x10 <- 0x0000000055555000
mem[X,0x0000000080003D74] -> 0x0513
mem[X,0x0000000080003D76] -> 0x5555
[3938] [M]: 0x0000000080003D74 (0x55550513) addi a0, a0, 1365
x10 <- 0x0000000055555555
mem[X,0x0000000080003D78] -> 0x1513
mem[X,0x0000000080003D7A] -> 0x00B5
[3939] [M]: 0x0000000080003D78 (0x00B51513) slli a0, a0, 11
x10 <- 0x000002AAAAAAA800
mem[X,0x0000000080003D7C] -> 0x0513
mem[X,0x0000000080003D7E] -> 0x2AA5
[3940] [M]: 0x0000000080003D7C (0x2AA50513) addi a0, a0, 682
x10 <- 0x000002AAAAAAAAAA
mem[X,0x0000000080003D80] -> 0x1513
mem[X,0x0000000080003D82] -> 0x00B5
[3941] [M]: 0x0000000080003D80 (0x00B51513) slli a0, a0, 11
x10 <- 0x0015555555555000
mem[X,0x0000000080003D84] -> 0x0513
mem[X,0x0000000080003D86] -> 0x5555
[3942] [M]: 0x0000000080003D84 (0x55550513) addi a0, a0, 1365
x10 <- 0x0015555555555555
mem[X,0x0000000080003D88] -> 0x1513
mem[X,0x0000000080003D8A] -> 0x00A5
[3943] [M]: 0x0000000080003D88 (0x00A51513) slli a0, a0, 10
x10 <- 0x5555555555555400
mem[X,0x0000000080003D8C] -> 0x0513
mem[X,0x0000000080003D8E] -> 0x1565
[3944] [M]: 0x0000000080003D8C (0x15650513) addi a0, a0, 342
x10 <- 0x5555555555555556
mem[X,0x0000000080003D90] -> 0x3593
mem[X,0x0000000080003D92] -> 0x0035
[3945] [M]: 0x0000000080003D90 (0x00353593) sltiu a1, a0, 3
x11 <- 0x0000000000000000
mem[X,0x0000000080003D94] -> 0x3423
mem[X,0x0000000080003D96] -> 0x0CB1
[3946] [M]: 0x0000000080003D94 (0x0CB13423) sd a1, 200(sp)
mem[0x0000000080009290] <- 0x0000000000000000
mem[X,0x0000000080003D98] -> 0x5537
mem[X,0x0000000080003D9A] -> 0x5555
[3947] [M]: 0x0000000080003D98 (0x55555537) lui a0, 349525
x10 <- 0x0000000055555000
mem[X,0x0000000080003D9C] -> 0x0513
mem[X,0x0000000080003D9E] -> 0x5555
[3948] [M]: 0x0000000080003D9C (0x55550513) addi a0, a0, 1365
x10 <- 0x0000000055555555
mem[X,0x0000000080003DA0] -> 0x1513
mem[X,0x0000000080003DA2] -> 0x00B5
[3949] [M]: 0x0000000080003DA0 (0x00B51513) slli a0, a0, 11
x10 <- 0x000002AAAAAAA800
mem[X,0x0000000080003DA4] -> 0x0513
mem[X,0x0000000080003DA6] -> 0x2AA5
[3950] [M]: 0x0000000080003DA4 (0x2AA50513) addi a0, a0, 682
x10 <- 0x000002AAAAAAAAAA
mem[X,0x0000000080003DA8] -> 0x1513
mem[X,0x0000000080003DAA] -> 0x00B5
[3951] [M]: 0x0000000080003DA8 (0x00B51513) slli a0, a0, 11
x10 <- 0x0015555555555000
mem[X,0x0000000080003DAC] -> 0x0513
mem[X,0x0000000080003DAE] -> 0x5555
[3952] [M]: 0x0000000080003DAC (0x55550513) addi a0, a0, 1365
x10 <- 0x0015555555555555
mem[X,0x0000000080003DB0] -> 0x1513
mem[X,0x0000000080003DB2] -> 0x00A5
[3953] [M]: 0x0000000080003DB0 (0x00A51513) slli a0, a0, 10
x10 <- 0x5555555555555400
mem[X,0x0000000080003DB4] -> 0x0513
mem[X,0x0000000080003DB6] -> 0x1565
[3954] [M]: 0x0000000080003DB4 (0x15650513) addi a0, a0, 342
x10 <- 0x5555555555555556
mem[X,0x0000000080003DB8] -> 0x3593
mem[X,0x0000000080003DBA] -> 0x5555
[3955] [M]: 0x0000000080003DB8 (0x55553593) sltiu a1, a0, 1365
x11 <- 0x0000000000000000
mem[X,0x0000000080003DBC] -> 0x3823
mem[X,0x0000000080003DBE] -> 0x0CB1
[3956] [M]: 0x0000000080003DBC (0x0CB13823) sd a1, 208(sp)
mem[0x0000000080009298] <- 0x0000000000000000
mem[X,0x0000000080003DC0] -> 0x5537
mem[X,0x0000000080003DC2] -> 0x5555
[3957] [M]: 0x0000000080003DC0 (0x55555537) lui a0, 349525
x10 <- 0x0000000055555000
mem[X,0x0000000080003DC4] -> 0x0513
mem[X,0x0000000080003DC6] -> 0x5555
[3958] [M]: 0x0000000080003DC4 (0x55550513) addi a0, a0, 1365
x10 <- 0x0000000055555555
mem[X,0x0000000080003DC8] -> 0x1513
mem[X,0x0000000080003DCA] -> 0x00B5
[3959] [M]: 0x0000000080003DC8 (0x00B51513) slli a0, a0, 11
x10 <- 0x000002AAAAAAA800
mem[X,0x0000000080003DCC] -> 0x0513
mem[X,0x0000000080003DCE] -> 0x2AA5
[3960] [M]: 0x0000000080003DCC (0x2AA50513) addi a0, a0, 682
x10 <- 0x000002AAAAAAAAAA
mem[X,0x0000000080003DD0] -> 0x1513
mem[X,0x0000000080003DD2] -> 0x00B5
[3961] [M]: 0x0000000080003DD0 (0x00B51513) slli a0, a0, 11
x10 <- 0x0015555555555000
mem[X,0x0000000080003DD4] -> 0x0513
mem[X,0x0000000080003DD6] -> 0x5555
[3962] [M]: 0x0000000080003DD4 (0x55550513) addi a0, a0, 1365
x10 <- 0x0015555555555555
mem[X,0x0000000080003DD8] -> 0x1513
mem[X,0x0000000080003DDA] -> 0x00A5
[3963] [M]: 0x0000000080003DD8 (0x00A51513) slli a0, a0, 10
x10 <- 0x5555555555555400
mem[X,0x0000000080003DDC] -> 0x0513
mem[X,0x0000000080003DDE] -> 0x1565
[3964] [M]: 0x0000000080003DDC (0x15650513) addi a0, a0, 342
x10 <- 0x5555555555555556
mem[X,0x0000000080003DE0] -> 0x3593
mem[X,0x0000000080003DE2] -> 0xAAA5
[3965] [M]: 0x0000000080003DE0 (0xAAA53593) sltiu a1, a0, 2730
x11 <- 0x0000000000000001
mem[X,0x0000000080003DE4] -> 0x3C23
mem[X,0x0000000080003DE6] -> 0x0CB1
[3966] [M]: 0x0000000080003DE4 (0x0CB13C23) sd a1, 216(sp)
mem[0x00000000800092A0] <- 0x0000000000000001
mem[X,0x0000000080003DE8] -> 0x5537
mem[X,0x0000000080003DEA] -> 0x5555
[3967] [M]: 0x0000000080003DE8 (0x55555537) lui a0, 349525
x10 <- 0x0000000055555000
mem[X,0x0000000080003DEC] -> 0x0513
mem[X,0x0000000080003DEE] -> 0x5555
[3968] [M]: 0x0000000080003DEC (0x55550513) addi a0, a0, 1365
x10 <- 0x0000000055555555
mem[X,0x0000000080003DF0] -> 0x1513
mem[X,0x0000000080003DF2] -> 0x00B5
[3969] [M]: 0x0000000080003DF0 (0x00B51513) slli a0, a0, 11
x10 <- 0x000002AAAAAAA800
mem[X,0x0000000080003DF4] -> 0x0513
mem[X,0x0000000080003DF6] -> 0x2AA5
[3970] [M]: 0x0000000080003DF4 (0x2AA50513) addi a0, a0, 682
x10 <- 0x000002AAAAAAAAAA
mem[X,0x0000000080003DF8] -> 0x1513
mem[X,0x0000000080003DFA] -> 0x00B5
[3971] [M]: 0x0000000080003DF8 (0x00B51513) slli a0, a0, 11
x10 <- 0x0015555555555000
mem[X,0x0000000080003DFC] -> 0x0513
mem[X,0x0000000080003DFE] -> 0x5555
[3972] [M]: 0x0000000080003DFC (0x55550513) addi a0, a0, 1365
x10 <- 0x0015555555555555
mem[X,0x0000000080003E00] -> 0x1513
mem[X,0x0000000080003E02] -> 0x00A5
[3973] [M]: 0x0000000080003E00 (0x00A51513) slli a0, a0, 10
x10 <- 0x5555555555555400
mem[X,0x0000000080003E04] -> 0x0513
mem[X,0x0000000080003E06] -> 0x1565
[3974] [M]: 0x0000000080003E04 (0x15650513) addi a0, a0, 342
x10 <- 0x5555555555555556
mem[X,0x0000000080003E08] -> 0x3593
mem[X,0x0000000080003E0A] -> 0x0055
[3975] [M]: 0x0000000080003E08 (0x00553593) sltiu a1, a0, 5
x11 <- 0x0000000000000000
mem[X,0x0000000080003E0C] -> 0x3023
mem[X,0x0000000080003E0E] -> 0x0EB1
[3976] [M]: 0x0000000080003E0C (0x0EB13023) sd a1, 224(sp)
mem[0x00000000800092A8] <- 0x0000000000000000
mem[X,0x0000000080003E10] -> 0x5537
mem[X,0x0000000080003E12] -> 0x5555
[3977] [M]: 0x0000000080003E10 (0x55555537) lui a0, 349525
x10 <- 0x0000000055555000
mem[X,0x0000000080003E14] -> 0x0513
mem[X,0x0000000080003E16] -> 0x5555
[3978] [M]: 0x0000000080003E14 (0x55550513) addi a0, a0, 1365
x10 <- 0x0000000055555555
mem[X,0x0000000080003E18] -> 0x1513
mem[X,0x0000000080003E1A] -> 0x00B5
[3979] [M]: 0x0000000080003E18 (0x00B51513) slli a0, a0, 11
x10 <- 0x000002AAAAAAA800
mem[X,0x0000000080003E1C] -> 0x0513
mem[X,0x0000000080003E1E] -> 0x2AA5
[3980] [M]: 0x0000000080003E1C (0x2AA50513) addi a0, a0, 682
x10 <- 0x000002AAAAAAAAAA
mem[X,0x0000000080003E20] -> 0x1513
mem[X,0x0000000080003E22] -> 0x00B5
[3981] [M]: 0x0000000080003E20 (0x00B51513) slli a0, a0, 11
x10 <- 0x0015555555555000
mem[X,0x0000000080003E24] -> 0x0513
mem[X,0x0000000080003E26] -> 0x5555
[3982] [M]: 0x0000000080003E24 (0x55550513) addi a0, a0, 1365
x10 <- 0x0015555555555555
mem[X,0x0000000080003E28] -> 0x1513
mem[X,0x0000000080003E2A] -> 0x00A5
[3983] [M]: 0x0000000080003E28 (0x00A51513) slli a0, a0, 10
x10 <- 0x5555555555555400
mem[X,0x0000000080003E2C] -> 0x0513
mem[X,0x0000000080003E2E] -> 0x1565
[3984] [M]: 0x0000000080003E2C (0x15650513) addi a0, a0, 342
x10 <- 0x5555555555555556
mem[X,0x0000000080003E30] -> 0x3593
mem[X,0x0000000080003E32] -> 0x3335
[3985] [M]: 0x0000000080003E30 (0x33353593) sltiu a1, a0, 819
x11 <- 0x0000000000000000
mem[X,0x0000000080003E34] -> 0x3423
mem[X,0x0000000080003E36] -> 0x0EB1
[3986] [M]: 0x0000000080003E34 (0x0EB13423) sd a1, 232(sp)
mem[0x00000000800092B0] <- 0x0000000000000000
mem[X,0x0000000080003E38] -> 0x5537
mem[X,0x0000000080003E3A] -> 0x5555
[3987] [M]: 0x0000000080003E38 (0x55555537) lui a0, 349525
x10 <- 0x0000000055555000
mem[X,0x0000000080003E3C] -> 0x0513
mem[X,0x0000000080003E3E] -> 0x5555
[3988] [M]: 0x0000000080003E3C (0x55550513) addi a0, a0, 1365
x10 <- 0x0000000055555555
mem[X,0x0000000080003E40] -> 0x1513
mem[X,0x0000000080003E42] -> 0x00B5
[3989] [M]: 0x0000000080003E40 (0x00B51513) slli a0, a0, 11
x10 <- 0x000002AAAAAAA800
mem[X,0x0000000080003E44] -> 0x0513
mem[X,0x0000000080003E46] -> 0x2AA5
[3990] [M]: 0x0000000080003E44 (0x2AA50513) addi a0, a0, 682
x10 <- 0x000002AAAAAAAAAA
mem[X,0x0000000080003E48] -> 0x1513
mem[X,0x0000000080003E4A] -> 0x00B5
[3991] [M]: 0x0000000080003E48 (0x00B51513) slli a0, a0, 11
x10 <- 0x0015555555555000
mem[X,0x0000000080003E4C] -> 0x0513
mem[X,0x0000000080003E4E] -> 0x5555
[3992] [M]: 0x0000000080003E4C (0x55550513) addi a0, a0, 1365
x10 <- 0x0015555555555555
mem[X,0x0000000080003E50] -> 0x1513
mem[X,0x0000000080003E52] -> 0x00A5
[3993] [M]: 0x0000000080003E50 (0x00A51513) slli a0, a0, 10
x10 <- 0x5555555555555400
mem[X,0x0000000080003E54] -> 0x0513
mem[X,0x0000000080003E56] -> 0x1565
[3994] [M]: 0x0000000080003E54 (0x15650513) addi a0, a0, 342
x10 <- 0x5555555555555556
mem[X,0x0000000080003E58] -> 0x3593
mem[X,0x0000000080003E5A] -> 0x6665
[3995] [M]: 0x0000000080003E58 (0x66653593) sltiu a1, a0, 1638
x11 <- 0x0000000000000000
mem[X,0x0000000080003E5C] -> 0x3823
mem[X,0x0000000080003E5E] -> 0x0EB1
[3996] [M]: 0x0000000080003E5C (0x0EB13823) sd a1, 240(sp)
mem[0x00000000800092B8] <- 0x0000000000000000
mem[X,0x0000000080003E60] -> 0x5537
mem[X,0x0000000080003E62] -> 0x5555
[3997] [M]: 0x0000000080003E60 (0x55555537) lui a0, 349525
x10 <- 0x0000000055555000
mem[X,0x0000000080003E64] -> 0x0513
mem[X,0x0000000080003E66] -> 0x5555
[3998] [M]: 0x0000000080003E64 (0x55550513) addi a0, a0, 1365
x10 <- 0x0000000055555555
mem[X,0x0000000080003E68] -> 0x1513
mem[X,0x0000000080003E6A] -> 0x00B5
[3999] [M]: 0x0000000080003E68 (0x00B51513) slli a0, a0, 11
x10 <- 0x000002AAAAAAA800
clint::tick mtime <- 0x0000000000000028
 clint timer pending at mtime 0x0000000000000028
htif::tick 0x0000000000000000
mem[X,0x0000000080003E6C] -> 0x0513
mem[X,0x0000000080003E6E] -> 0x2AA5
[4000] [M]: 0x0000000080003E6C (0x2AA50513) addi a0, a0, 682
x10 <- 0x000002AAAAAAAAAA
mem[X,0x0000000080003E70] -> 0x1513
mem[X,0x0000000080003E72] -> 0x00B5
[4001] [M]: 0x0000000080003E70 (0x00B51513) slli a0, a0, 11
x10 <- 0x0015555555555000
mem[X,0x0000000080003E74] -> 0x0513
mem[X,0x0000000080003E76] -> 0x5555
[4002] [M]: 0x0000000080003E74 (0x55550513) addi a0, a0, 1365
x10 <- 0x0015555555555555
mem[X,0x0000000080003E78] -> 0x1513
mem[X,0x0000000080003E7A] -> 0x00A5
[4003] [M]: 0x0000000080003E78 (0x00A51513) slli a0, a0, 10
x10 <- 0x5555555555555400
mem[X,0x0000000080003E7C] -> 0x0513
mem[X,0x0000000080003E7E] -> 0x1565
[4004] [M]: 0x0000000080003E7C (0x15650513) addi a0, a0, 342
x10 <- 0x5555555555555556
mem[X,0x0000000080003E80] -> 0x3593
mem[X,0x0000000080003E82] -> 0x02D5
[4005] [M]: 0x0000000080003E80 (0x02D53593) sltiu a1, a0, 45
x11 <- 0x0000000000000000
mem[X,0x0000000080003E84] -> 0x3C23
mem[X,0x0000000080003E86] -> 0x0EB1
[4006] [M]: 0x0000000080003E84 (0x0EB13C23) sd a1, 248(sp)
mem[0x00000000800092C0] <- 0x0000000000000000
mem[X,0x0000000080003E88] -> 0x5537
mem[X,0x0000000080003E8A] -> 0x5555
[4007] [M]: 0x0000000080003E88 (0x55555537) lui a0, 349525
x10 <- 0x0000000055555000
mem[X,0x0000000080003E8C] -> 0x0513
mem[X,0x0000000080003E8E] -> 0x5555
[4008] [M]: 0x0000000080003E8C (0x55550513) addi a0, a0, 1365
x10 <- 0x0000000055555555
mem[X,0x0000000080003E90] -> 0x1513
mem[X,0x0000000080003E92] -> 0x00B5
[4009] [M]: 0x0000000080003E90 (0x00B51513) slli a0, a0, 11
x10 <- 0x000002AAAAAAA800
mem[X,0x0000000080003E94] -> 0x0513
mem[X,0x0000000080003E96] -> 0x2AA5
[4010] [M]: 0x0000000080003E94 (0x2AA50513) addi a0, a0, 682
x10 <- 0x000002AAAAAAAAAA
mem[X,0x0000000080003E98] -> 0x1513
mem[X,0x0000000080003E9A] -> 0x00B5
[4011] [M]: 0x0000000080003E98 (0x00B51513) slli a0, a0, 11
x10 <- 0x0015555555555000
mem[X,0x0000000080003E9C] -> 0x0513
mem[X,0x0000000080003E9E] -> 0x5555
[4012] [M]: 0x0000000080003E9C (0x55550513) addi a0, a0, 1365
x10 <- 0x0015555555555555
mem[X,0x0000000080003EA0] -> 0x1513
mem[X,0x0000000080003EA2] -> 0x00A5
[4013] [M]: 0x0000000080003EA0 (0x00A51513) slli a0, a0, 10
x10 <- 0x5555555555555400
mem[X,0x0000000080003EA4] -> 0x0513
mem[X,0x0000000080003EA6] -> 0x1565
[4014] [M]: 0x0000000080003EA4 (0x15650513) addi a0, a0, 342
x10 <- 0x5555555555555556
mem[X,0x0000000080003EA8] -> 0x3593
mem[X,0x0000000080003EAA] -> 0x0005
[4015] [M]: 0x0000000080003EA8 (0x00053593) sltiu a1, a0, 0
x11 <- 0x0000000000000000
mem[X,0x0000000080003EAC] -> 0x3023
mem[X,0x0000000080003EAE] -> 0x10B1
[4016] [M]: 0x0000000080003EAC (0x10B13023) sd a1, 256(sp)
mem[0x00000000800092C8] <- 0x0000000000000000
mem[X,0x0000000080003EB0] -> 0x5537
mem[X,0x0000000080003EB2] -> 0x5555
[4017] [M]: 0x0000000080003EB0 (0x55555537) lui a0, 349525
x10 <- 0x0000000055555000
mem[X,0x0000000080003EB4] -> 0x0513
mem[X,0x0000000080003EB6] -> 0x5555
[4018] [M]: 0x0000000080003EB4 (0x55550513) addi a0, a0, 1365
x10 <- 0x0000000055555555
mem[X,0x0000000080003EB8] -> 0x1513
mem[X,0x0000000080003EBA] -> 0x00B5
[4019] [M]: 0x0000000080003EB8 (0x00B51513) slli a0, a0, 11
x10 <- 0x000002AAAAAAA800
mem[X,0x0000000080003EBC] -> 0x0513
mem[X,0x0000000080003EBE] -> 0x2AA5
[4020] [M]: 0x0000000080003EBC (0x2AA50513) addi a0, a0, 682
x10 <- 0x000002AAAAAAAAAA
mem[X,0x0000000080003EC0] -> 0x1513
mem[X,0x0000000080003EC2] -> 0x00B5
[4021] [M]: 0x0000000080003EC0 (0x00B51513) slli a0, a0, 11
x10 <- 0x0015555555555000
mem[X,0x0000000080003EC4] -> 0x0513
mem[X,0x0000000080003EC6] -> 0x5555
[4022] [M]: 0x0000000080003EC4 (0x55550513) addi a0, a0, 1365
x10 <- 0x0015555555555555
mem[X,0x0000000080003EC8] -> 0x1513
mem[X,0x0000000080003ECA] -> 0x00A5
[4023] [M]: 0x0000000080003EC8 (0x00A51513) slli a0, a0, 10
x10 <- 0x5555555555555400
mem[X,0x0000000080003ECC] -> 0x0513
mem[X,0x0000000080003ECE] -> 0x1565
[4024] [M]: 0x0000000080003ECC (0x15650513) addi a0, a0, 342
x10 <- 0x5555555555555556
mem[X,0x0000000080003ED0] -> 0x3593
mem[X,0x0000000080003ED2] -> 0x03F5
[4025] [M]: 0x0000000080003ED0 (0x03F53593) sltiu a1, a0, 63
x11 <- 0x0000000000000000
mem[X,0x0000000080003ED4] -> 0x3423
mem[X,0x0000000080003ED6] -> 0x10B1
[4026] [M]: 0x0000000080003ED4 (0x10B13423) sd a1, 264(sp)
mem[0x00000000800092D0] <- 0x0000000000000000
mem[X,0x0000000080003ED8] -> 0x5537
mem[X,0x0000000080003EDA] -> 0x5555
[4027] [M]: 0x0000000080003ED8 (0x55555537) lui a0, 349525
x10 <- 0x0000000055555000
mem[X,0x0000000080003EDC] -> 0x0513
mem[X,0x0000000080003EDE] -> 0x5555
[4028] [M]: 0x0000000080003EDC (0x55550513) addi a0, a0, 1365
x10 <- 0x0000000055555555
mem[X,0x0000000080003EE0] -> 0x1513
mem[X,0x0000000080003EE2] -> 0x00B5
[4029] [M]: 0x0000000080003EE0 (0x00B51513) slli a0, a0, 11
x10 <- 0x000002AAAAAAA800
mem[X,0x0000000080003EE4] -> 0x0513
mem[X,0x0000000080003EE6] -> 0x2AA5
[4030] [M]: 0x0000000080003EE4 (0x2AA50513) addi a0, a0, 682
x10 <- 0x000002AAAAAAAAAA
mem[X,0x0000000080003EE8] -> 0x1513
mem[X,0x0000000080003EEA] -> 0x00B5
[4031] [M]: 0x0000000080003EE8 (0x00B51513) slli a0, a0, 11
x10 <- 0x0015555555555000
mem[X,0x0000000080003EEC] -> 0x0513
mem[X,0x0000000080003EEE] -> 0x5555
[4032] [M]: 0x0000000080003EEC (0x55550513) addi a0, a0, 1365
x10 <- 0x0015555555555555
mem[X,0x0000000080003EF0] -> 0x1513
mem[X,0x0000000080003EF2] -> 0x00A5
[4033] [M]: 0x0000000080003EF0 (0x00A51513) slli a0, a0, 10
x10 <- 0x5555555555555400
mem[X,0x0000000080003EF4] -> 0x0513
mem[X,0x0000000080003EF6] -> 0x1565
[4034] [M]: 0x0000000080003EF4 (0x15650513) addi a0, a0, 342
x10 <- 0x5555555555555556
mem[X,0x0000000080003EF8] -> 0x3593
mem[X,0x0000000080003EFA] -> 0x0025
[4035] [M]: 0x0000000080003EF8 (0x00253593) sltiu a1, a0, 2
x11 <- 0x0000000000000000
mem[X,0x0000000080003EFC] -> 0x3823
mem[X,0x0000000080003EFE] -> 0x10B1
[4036] [M]: 0x0000000080003EFC (0x10B13823) sd a1, 272(sp)
mem[0x00000000800092D8] <- 0x0000000000000000
mem[X,0x0000000080003F00] -> 0x5537
mem[X,0x0000000080003F02] -> 0x5555
[4037] [M]: 0x0000000080003F00 (0x55555537) lui a0, 349525
x10 <- 0x0000000055555000
mem[X,0x0000000080003F04] -> 0x0513
mem[X,0x0000000080003F06] -> 0x5555
[4038] [M]: 0x0000000080003F04 (0x55550513) addi a0, a0, 1365
x10 <- 0x0000000055555555
mem[X,0x0000000080003F08] -> 0x1513
mem[X,0x0000000080003F0A] -> 0x00B5
[4039] [M]: 0x0000000080003F08 (0x00B51513) slli a0, a0, 11
x10 <- 0x000002AAAAAAA800
mem[X,0x0000000080003F0C] -> 0x0513
mem[X,0x0000000080003F0E] -> 0x2AA5
[4040] [M]: 0x0000000080003F0C (0x2AA50513) addi a0, a0, 682
x10 <- 0x000002AAAAAAAAAA
mem[X,0x0000000080003F10] -> 0x1513
mem[X,0x0000000080003F12] -> 0x00B5
[4041] [M]: 0x0000000080003F10 (0x00B51513) slli a0, a0, 11
x10 <- 0x0015555555555000
mem[X,0x0000000080003F14] -> 0x0513
mem[X,0x0000000080003F16] -> 0x5555
[4042] [M]: 0x0000000080003F14 (0x55550513) addi a0, a0, 1365
x10 <- 0x0015555555555555
mem[X,0x0000000080003F18] -> 0x1513
mem[X,0x0000000080003F1A] -> 0x00A5
[4043] [M]: 0x0000000080003F18 (0x00A51513) slli a0, a0, 10
x10 <- 0x5555555555555400
mem[X,0x0000000080003F1C] -> 0x0513
mem[X,0x0000000080003F1E] -> 0x1565
[4044] [M]: 0x0000000080003F1C (0x15650513) addi a0, a0, 342
x10 <- 0x5555555555555556
mem[X,0x0000000080003F20] -> 0x3593
mem[X,0x0000000080003F22] -> 0x5545
[4045] [M]: 0x0000000080003F20 (0x55453593) sltiu a1, a0, 1364
x11 <- 0x0000000000000000
mem[X,0x0000000080003F24] -> 0x3C23
mem[X,0x0000000080003F26] -> 0x10B1
[4046] [M]: 0x0000000080003F24 (0x10B13C23) sd a1, 280(sp)
mem[0x00000000800092E0] <- 0x0000000000000000
mem[X,0x0000000080003F28] -> 0x5537
mem[X,0x0000000080003F2A] -> 0x5555
[4047] [M]: 0x0000000080003F28 (0x55555537) lui a0, 349525
x10 <- 0x0000000055555000
mem[X,0x0000000080003F2C] -> 0x0513
mem[X,0x0000000080003F2E] -> 0x5555
[4048] [M]: 0x0000000080003F2C (0x55550513) addi a0, a0, 1365
x10 <- 0x0000000055555555
mem[X,0x0000000080003F30] -> 0x1513
mem[X,0x0000000080003F32] -> 0x00B5
[4049] [M]: 0x0000000080003F30 (0x00B51513) slli a0, a0, 11
x10 <- 0x000002AAAAAAA800
mem[X,0x0000000080003F34] -> 0x0513
mem[X,0x0000000080003F36] -> 0x2AA5
[4050] [M]: 0x0000000080003F34 (0x2AA50513) addi a0, a0, 682
x10 <- 0x000002AAAAAAAAAA
mem[X,0x0000000080003F38] -> 0x1513
mem[X,0x0000000080003F3A] -> 0x00B5
[4051] [M]: 0x0000000080003F38 (0x00B51513) slli a0, a0, 11
x10 <- 0x0015555555555000
mem[X,0x0000000080003F3C] -> 0x0513
mem[X,0x0000000080003F3E] -> 0x5555
[4052] [M]: 0x0000000080003F3C (0x55550513) addi a0, a0, 1365
x10 <- 0x0015555555555555
mem[X,0x0000000080003F40] -> 0x1513
mem[X,0x0000000080003F42] -> 0x00A5
[4053] [M]: 0x0000000080003F40 (0x00A51513) slli a0, a0, 10
x10 <- 0x5555555555555400
mem[X,0x0000000080003F44] -> 0x0513
mem[X,0x0000000080003F46] -> 0x1565
[4054] [M]: 0x0000000080003F44 (0x15650513) addi a0, a0, 342
x10 <- 0x5555555555555556
mem[X,0x0000000080003F48] -> 0x3593
mem[X,0x0000000080003F4A] -> 0xAA95
[4055] [M]: 0x0000000080003F48 (0xAA953593) sltiu a1, a0, 2729
x11 <- 0x0000000000000001
mem[X,0x0000000080003F4C] -> 0x3023
mem[X,0x0000000080003F4E] -> 0x12B1
[4056] [M]: 0x0000000080003F4C (0x12B13023) sd a1, 288(sp)
mem[0x00000000800092E8] <- 0x0000000000000001
mem[X,0x0000000080003F50] -> 0x5537
mem[X,0x0000000080003F52] -> 0x5555
[4057] [M]: 0x0000000080003F50 (0x55555537) lui a0, 349525
x10 <- 0x0000000055555000
mem[X,0x0000000080003F54] -> 0x0513
mem[X,0x0000000080003F56] -> 0x5555
[4058] [M]: 0x0000000080003F54 (0x55550513) addi a0, a0, 1365
x10 <- 0x0000000055555555
mem[X,0x0000000080003F58] -> 0x1513
mem[X,0x0000000080003F5A] -> 0x00B5
[4059] [M]: 0x0000000080003F58 (0x00B51513) slli a0, a0, 11
x10 <- 0x000002AAAAAAA800
mem[X,0x0000000080003F5C] -> 0x0513
mem[X,0x0000000080003F5E] -> 0x2AA5
[4060] [M]: 0x0000000080003F5C (0x2AA50513) addi a0, a0, 682
x10 <- 0x000002AAAAAAAAAA
mem[X,0x0000000080003F60] -> 0x1513
mem[X,0x0000000080003F62] -> 0x00B5
[4061] [M]: 0x0000000080003F60 (0x00B51513) slli a0, a0, 11
x10 <- 0x0015555555555000
mem[X,0x0000000080003F64] -> 0x0513
mem[X,0x0000000080003F66] -> 0x5555
[4062] [M]: 0x0000000080003F64 (0x55550513) addi a0, a0, 1365
x10 <- 0x0015555555555555
mem[X,0x0000000080003F68] -> 0x1513
mem[X,0x0000000080003F6A] -> 0x00A5
[4063] [M]: 0x0000000080003F68 (0x00A51513) slli a0, a0, 10
x10 <- 0x5555555555555400
mem[X,0x0000000080003F6C] -> 0x0513
mem[X,0x0000000080003F6E] -> 0x1565
[4064] [M]: 0x0000000080003F6C (0x15650513) addi a0, a0, 342
x10 <- 0x5555555555555556
mem[X,0x0000000080003F70] -> 0x3593
mem[X,0x0000000080003F72] -> 0x0045
[4065] [M]: 0x0000000080003F70 (0x00453593) sltiu a1, a0, 4
x11 <- 0x0000000000000000
mem[X,0x0000000080003F74] -> 0x3423
mem[X,0x0000000080003F76] -> 0x12B1
[4066] [M]: 0x0000000080003F74 (0x12B13423) sd a1, 296(sp)
mem[0x00000000800092F0] <- 0x0000000000000000
mem[X,0x0000000080003F78] -> 0x5537
mem[X,0x0000000080003F7A] -> 0x5555
[4067] [M]: 0x0000000080003F78 (0x55555537) lui a0, 349525
x10 <- 0x0000000055555000
mem[X,0x0000000080003F7C] -> 0x0513
mem[X,0x0000000080003F7E] -> 0x5555
[4068] [M]: 0x0000000080003F7C (0x55550513) addi a0, a0, 1365
x10 <- 0x0000000055555555
mem[X,0x0000000080003F80] -> 0x1513
mem[X,0x0000000080003F82] -> 0x00B5
[4069] [M]: 0x0000000080003F80 (0x00B51513) slli a0, a0, 11
x10 <- 0x000002AAAAAAA800
mem[X,0x0000000080003F84] -> 0x0513
mem[X,0x0000000080003F86] -> 0x2AA5
[4070] [M]: 0x0000000080003F84 (0x2AA50513) addi a0, a0, 682
x10 <- 0x000002AAAAAAAAAA
mem[X,0x0000000080003F88] -> 0x1513
mem[X,0x0000000080003F8A] -> 0x00B5
[4071] [M]: 0x0000000080003F88 (0x00B51513) slli a0, a0, 11
x10 <- 0x0015555555555000
mem[X,0x0000000080003F8C] -> 0x0513
mem[X,0x0000000080003F8E] -> 0x5555
[4072] [M]: 0x0000000080003F8C (0x55550513) addi a0, a0, 1365
x10 <- 0x0015555555555555
mem[X,0x0000000080003F90] -> 0x1513
mem[X,0x0000000080003F92] -> 0x00A5
[4073] [M]: 0x0000000080003F90 (0x00A51513) slli a0, a0, 10
x10 <- 0x5555555555555400
mem[X,0x0000000080003F94] -> 0x0513
mem[X,0x0000000080003F96] -> 0x1565
[4074] [M]: 0x0000000080003F94 (0x15650513) addi a0, a0, 342
x10 <- 0x5555555555555556
mem[X,0x0000000080003F98] -> 0x3593
mem[X,0x0000000080003F9A] -> 0x3325
[4075] [M]: 0x0000000080003F98 (0x33253593) sltiu a1, a0, 818
x11 <- 0x0000000000000000
mem[X,0x0000000080003F9C] -> 0x3823
mem[X,0x0000000080003F9E] -> 0x12B1
[4076] [M]: 0x0000000080003F9C (0x12B13823) sd a1, 304(sp)
mem[0x00000000800092F8] <- 0x0000000000000000
mem[X,0x0000000080003FA0] -> 0x5537
mem[X,0x0000000080003FA2] -> 0x5555
[4077] [M]: 0x0000000080003FA0 (0x55555537) lui a0, 349525
x10 <- 0x0000000055555000
mem[X,0x0000000080003FA4] -> 0x0513
mem[X,0x0000000080003FA6] -> 0x5555
[4078] [M]: 0x0000000080003FA4 (0x55550513) addi a0, a0, 1365
x10 <- 0x0000000055555555
mem[X,0x0000000080003FA8] -> 0x1513
mem[X,0x0000000080003FAA] -> 0x00B5
[4079] [M]: 0x0000000080003FA8 (0x00B51513) slli a0, a0, 11
x10 <- 0x000002AAAAAAA800
mem[X,0x0000000080003FAC] -> 0x0513
mem[X,0x0000000080003FAE] -> 0x2AA5
[4080] [M]: 0x0000000080003FAC (0x2AA50513) addi a0, a0, 682
x10 <- 0x000002AAAAAAAAAA
mem[X,0x0000000080003FB0] -> 0x1513
mem[X,0x0000000080003FB2] -> 0x00B5
[4081] [M]: 0x0000000080003FB0 (0x00B51513) slli a0, a0, 11
x10 <- 0x0015555555555000
mem[X,0x0000000080003FB4] -> 0x0513
mem[X,0x0000000080003FB6] -> 0x5555
[4082] [M]: 0x0000000080003FB4 (0x55550513) addi a0, a0, 1365
x10 <- 0x0015555555555555
mem[X,0x0000000080003FB8] -> 0x1513
mem[X,0x0000000080003FBA] -> 0x00A5
[4083] [M]: 0x0000000080003FB8 (0x00A51513) slli a0, a0, 10
x10 <- 0x5555555555555400
mem[X,0x0000000080003FBC] -> 0x0513
mem[X,0x0000000080003FBE] -> 0x1565
[4084] [M]: 0x0000000080003FBC (0x15650513) addi a0, a0, 342
x10 <- 0x5555555555555556
mem[X,0x0000000080003FC0] -> 0x3593
mem[X,0x0000000080003FC2] -> 0x6655
[4085] [M]: 0x0000000080003FC0 (0x66553593) sltiu a1, a0, 1637
x11 <- 0x0000000000000000
mem[X,0x0000000080003FC4] -> 0x3C23
mem[X,0x0000000080003FC6] -> 0x12B1
[4086] [M]: 0x0000000080003FC4 (0x12B13C23) sd a1, 312(sp)
mem[0x0000000080009300] <- 0x0000000000000000
mem[X,0x0000000080003FC8] -> 0x5537
mem[X,0x0000000080003FCA] -> 0x5555
[4087] [M]: 0x0000000080003FC8 (0x55555537) lui a0, 349525
x10 <- 0x0000000055555000
mem[X,0x0000000080003FCC] -> 0x0513
mem[X,0x0000000080003FCE] -> 0x5555
[4088] [M]: 0x0000000080003FCC (0x55550513) addi a0, a0, 1365
x10 <- 0x0000000055555555
mem[X,0x0000000080003FD0] -> 0x1513
mem[X,0x0000000080003FD2] -> 0x00B5
[4089] [M]: 0x0000000080003FD0 (0x00B51513) slli a0, a0, 11
x10 <- 0x000002AAAAAAA800
mem[X,0x0000000080003FD4] -> 0x0513
mem[X,0x0000000080003FD6] -> 0x2AA5
[4090] [M]: 0x0000000080003FD4 (0x2AA50513) addi a0, a0, 682
x10 <- 0x000002AAAAAAAAAA
mem[X,0x0000000080003FD8] -> 0x1513
mem[X,0x0000000080003FDA] -> 0x00B5
[4091] [M]: 0x0000000080003FD8 (0x00B51513) slli a0, a0, 11
x10 <- 0x0015555555555000
mem[X,0x0000000080003FDC] -> 0x0513
mem[X,0x0000000080003FDE] -> 0x5555
[4092] [M]: 0x0000000080003FDC (0x55550513) addi a0, a0, 1365
x10 <- 0x0015555555555555
mem[X,0x0000000080003FE0] -> 0x1513
mem[X,0x0000000080003FE2] -> 0x00A5
[4093] [M]: 0x0000000080003FE0 (0x00A51513) slli a0, a0, 10
x10 <- 0x5555555555555400
mem[X,0x0000000080003FE4] -> 0x0513
mem[X,0x0000000080003FE6] -> 0x1565
[4094] [M]: 0x0000000080003FE4 (0x15650513) addi a0, a0, 342
x10 <- 0x5555555555555556
mem[X,0x0000000080003FE8] -> 0x3593
mem[X,0x0000000080003FEA] -> 0x02C5
[4095] [M]: 0x0000000080003FE8 (0x02C53593) sltiu a1, a0, 44
x11 <- 0x0000000000000000
mem[X,0x0000000080003FEC] -> 0x3023
mem[X,0x0000000080003FEE] -> 0x14B1
[4096] [M]: 0x0000000080003FEC (0x14B13023) sd a1, 320(sp)
mem[0x0000000080009308] <- 0x0000000000000000
mem[X,0x0000000080003FF0] -> 0x5537
mem[X,0x0000000080003FF2] -> 0x5555
[4097] [M]: 0x0000000080003FF0 (0x55555537) lui a0, 349525
x10 <- 0x0000000055555000
mem[X,0x0000000080003FF4] -> 0x0513
mem[X,0x0000000080003FF6] -> 0x5555
[4098] [M]: 0x0000000080003FF4 (0x55550513) addi a0, a0, 1365
x10 <- 0x0000000055555555
mem[X,0x0000000080003FF8] -> 0x1513
mem[X,0x0000000080003FFA] -> 0x00B5
[4099] [M]: 0x0000000080003FF8 (0x00B51513) slli a0, a0, 11
x10 <- 0x000002AAAAAAA800
clint::tick mtime <- 0x0000000000000029
 clint timer pending at mtime 0x0000000000000029
htif::tick 0x0000000000000000
mem[X,0x0000000080003FFC] -> 0x0513
mem[X,0x0000000080003FFE] -> 0x2AA5
[4100] [M]: 0x0000000080003FFC (0x2AA50513) addi a0, a0, 682
x10 <- 0x000002AAAAAAAAAA
mem[X,0x0000000080004000] -> 0x1513
mem[X,0x0000000080004002] -> 0x00B5
[4101] [M]: 0x0000000080004000 (0x00B51513) slli a0, a0, 11
x10 <- 0x0015555555555000
mem[X,0x0000000080004004] -> 0x0513
mem[X,0x0000000080004006] -> 0x5555
[4102] [M]: 0x0000000080004004 (0x55550513) addi a0, a0, 1365
x10 <- 0x0015555555555555
mem[X,0x0000000080004008] -> 0x1513
mem[X,0x000000008000400A] -> 0x00A5
[4103] [M]: 0x0000000080004008 (0x00A51513) slli a0, a0, 10
x10 <- 0x5555555555555400
mem[X,0x000000008000400C] -> 0x0513
mem[X,0x000000008000400E] -> 0x1565
[4104] [M]: 0x000000008000400C (0x15650513) addi a0, a0, 342
x10 <- 0x5555555555555556
mem[X,0x0000000080004010] -> 0x3593
mem[X,0x0000000080004012] -> 0x03E5
[4105] [M]: 0x0000000080004010 (0x03E53593) sltiu a1, a0, 62
x11 <- 0x0000000000000000
mem[X,0x0000000080004014] -> 0x3423
mem[X,0x0000000080004016] -> 0x14B1
[4106] [M]: 0x0000000080004014 (0x14B13423) sd a1, 328(sp)
mem[0x0000000080009310] <- 0x0000000000000000
mem[X,0x0000000080004018] -> 0x5537
mem[X,0x000000008000401A] -> 0x5555
[4107] [M]: 0x0000000080004018 (0x55555537) lui a0, 349525
x10 <- 0x0000000055555000
mem[X,0x000000008000401C] -> 0x0513
mem[X,0x000000008000401E] -> 0x5555
[4108] [M]: 0x000000008000401C (0x55550513) addi a0, a0, 1365
x10 <- 0x0000000055555555
mem[X,0x0000000080004020] -> 0x1513
mem[X,0x0000000080004022] -> 0x00B5
[4109] [M]: 0x0000000080004020 (0x00B51513) slli a0, a0, 11
x10 <- 0x000002AAAAAAA800
mem[X,0x0000000080004024] -> 0x0513
mem[X,0x0000000080004026] -> 0x2AA5
[4110] [M]: 0x0000000080004024 (0x2AA50513) addi a0, a0, 682
x10 <- 0x000002AAAAAAAAAA
mem[X,0x0000000080004028] -> 0x1513
mem[X,0x000000008000402A] -> 0x00B5
[4111] [M]: 0x0000000080004028 (0x00B51513) slli a0, a0, 11
x10 <- 0x0015555555555000
mem[X,0x000000008000402C] -> 0x0513
mem[X,0x000000008000402E] -> 0x5555
[4112] [M]: 0x000000008000402C (0x55550513) addi a0, a0, 1365
x10 <- 0x0015555555555555
mem[X,0x0000000080004030] -> 0x1513
mem[X,0x0000000080004032] -> 0x00A5
[4113] [M]: 0x0000000080004030 (0x00A51513) slli a0, a0, 10
x10 <- 0x5555555555555400
mem[X,0x0000000080004034] -> 0x0513
mem[X,0x0000000080004036] -> 0x1565
[4114] [M]: 0x0000000080004034 (0x15650513) addi a0, a0, 342
x10 <- 0x5555555555555556
mem[X,0x0000000080004038] -> 0x3593
mem[X,0x000000008000403A] -> 0x5565
[4115] [M]: 0x0000000080004038 (0x55653593) sltiu a1, a0, 1366
x11 <- 0x0000000000000000
mem[X,0x000000008000403C] -> 0x3823
mem[X,0x000000008000403E] -> 0x14B1
[4116] [M]: 0x000000008000403C (0x14B13823) sd a1, 336(sp)
mem[0x0000000080009318] <- 0x0000000000000000
mem[X,0x0000000080004040] -> 0x5537
mem[X,0x0000000080004042] -> 0x5555
[4117] [M]: 0x0000000080004040 (0x55555537) lui a0, 349525
x10 <- 0x0000000055555000
mem[X,0x0000000080004044] -> 0x0513
mem[X,0x0000000080004046] -> 0x5555
[4118] [M]: 0x0000000080004044 (0x55550513) addi a0, a0, 1365
x10 <- 0x0000000055555555
mem[X,0x0000000080004048] -> 0x1513
mem[X,0x000000008000404A] -> 0x00B5
[4119] [M]: 0x0000000080004048 (0x00B51513) slli a0, a0, 11
x10 <- 0x000002AAAAAAA800
mem[X,0x000000008000404C] -> 0x0513
mem[X,0x000000008000404E] -> 0x2AA5
[4120] [M]: 0x000000008000404C (0x2AA50513) addi a0, a0, 682
x10 <- 0x000002AAAAAAAAAA
mem[X,0x0000000080004050] -> 0x1513
mem[X,0x0000000080004052] -> 0x00B5
[4121] [M]: 0x0000000080004050 (0x00B51513) slli a0, a0, 11
x10 <- 0x0015555555555000
mem[X,0x0000000080004054] -> 0x0513
mem[X,0x0000000080004056] -> 0x5555
[4122] [M]: 0x0000000080004054 (0x55550513) addi a0, a0, 1365
x10 <- 0x0015555555555555
mem[X,0x0000000080004058] -> 0x1513
mem[X,0x000000008000405A] -> 0x00A5
[4123] [M]: 0x0000000080004058 (0x00A51513) slli a0, a0, 10
x10 <- 0x5555555555555400
mem[X,0x000000008000405C] -> 0x0513
mem[X,0x000000008000405E] -> 0x1565
[4124] [M]: 0x000000008000405C (0x15650513) addi a0, a0, 342
x10 <- 0x5555555555555556
mem[X,0x0000000080004060] -> 0x3593
mem[X,0x0000000080004062] -> 0xAAB5
[4125] [M]: 0x0000000080004060 (0xAAB53593) sltiu a1, a0, 2731
x11 <- 0x0000000000000001
mem[X,0x0000000080004064] -> 0x3C23
mem[X,0x0000000080004066] -> 0x14B1
[4126] [M]: 0x0000000080004064 (0x14B13C23) sd a1, 344(sp)
mem[0x0000000080009320] <- 0x0000000000000001
mem[X,0x0000000080004068] -> 0x5537
mem[X,0x000000008000406A] -> 0x5555
[4127] [M]: 0x0000000080004068 (0x55555537) lui a0, 349525
x10 <- 0x0000000055555000
mem[X,0x000000008000406C] -> 0x0513
mem[X,0x000000008000406E] -> 0x5555
[4128] [M]: 0x000000008000406C (0x55550513) addi a0, a0, 1365
x10 <- 0x0000000055555555
mem[X,0x0000000080004070] -> 0x1513
mem[X,0x0000000080004072] -> 0x00B5
[4129] [M]: 0x0000000080004070 (0x00B51513) slli a0, a0, 11
x10 <- 0x000002AAAAAAA800
mem[X,0x0000000080004074] -> 0x0513
mem[X,0x0000000080004076] -> 0x2AA5
[4130] [M]: 0x0000000080004074 (0x2AA50513) addi a0, a0, 682
x10 <- 0x000002AAAAAAAAAA
mem[X,0x0000000080004078] -> 0x1513
mem[X,0x000000008000407A] -> 0x00B5
[4131] [M]: 0x0000000080004078 (0x00B51513) slli a0, a0, 11
x10 <- 0x0015555555555000
mem[X,0x000000008000407C] -> 0x0513
mem[X,0x000000008000407E] -> 0x5555
[4132] [M]: 0x000000008000407C (0x55550513) addi a0, a0, 1365
x10 <- 0x0015555555555555
mem[X,0x0000000080004080] -> 0x1513
mem[X,0x0000000080004082] -> 0x00A5
[4133] [M]: 0x0000000080004080 (0x00A51513) slli a0, a0, 10
x10 <- 0x5555555555555400
mem[X,0x0000000080004084] -> 0x0513
mem[X,0x0000000080004086] -> 0x1565
[4134] [M]: 0x0000000080004084 (0x15650513) addi a0, a0, 342
x10 <- 0x5555555555555556
mem[X,0x0000000080004088] -> 0x3593
mem[X,0x000000008000408A] -> 0x0065
[4135] [M]: 0x0000000080004088 (0x00653593) sltiu a1, a0, 6
x11 <- 0x0000000000000000
mem[X,0x000000008000408C] -> 0x3023
mem[X,0x000000008000408E] -> 0x16B1
[4136] [M]: 0x000000008000408C (0x16B13023) sd a1, 352(sp)
mem[0x0000000080009328] <- 0x0000000000000000
mem[X,0x0000000080004090] -> 0x5537
mem[X,0x0000000080004092] -> 0x5555
[4137] [M]: 0x0000000080004090 (0x55555537) lui a0, 349525
x10 <- 0x0000000055555000
mem[X,0x0000000080004094] -> 0x0513
mem[X,0x0000000080004096] -> 0x5555
[4138] [M]: 0x0000000080004094 (0x55550513) addi a0, a0, 1365
x10 <- 0x0000000055555555
mem[X,0x0000000080004098] -> 0x1513
mem[X,0x000000008000409A] -> 0x00B5
[4139] [M]: 0x0000000080004098 (0x00B51513) slli a0, a0, 11
x10 <- 0x000002AAAAAAA800
mem[X,0x000000008000409C] -> 0x0513
mem[X,0x000000008000409E] -> 0x2AA5
[4140] [M]: 0x000000008000409C (0x2AA50513) addi a0, a0, 682
x10 <- 0x000002AAAAAAAAAA
mem[X,0x00000000800040A0] -> 0x1513
mem[X,0x00000000800040A2] -> 0x00B5
[4141] [M]: 0x00000000800040A0 (0x00B51513) slli a0, a0, 11
x10 <- 0x0015555555555000
mem[X,0x00000000800040A4] -> 0x0513
mem[X,0x00000000800040A6] -> 0x5555
[4142] [M]: 0x00000000800040A4 (0x55550513) addi a0, a0, 1365
x10 <- 0x0015555555555555
mem[X,0x00000000800040A8] -> 0x1513
mem[X,0x00000000800040AA] -> 0x00A5
[4143] [M]: 0x00000000800040A8 (0x00A51513) slli a0, a0, 10
x10 <- 0x5555555555555400
mem[X,0x00000000800040AC] -> 0x0513
mem[X,0x00000000800040AE] -> 0x1565
[4144] [M]: 0x00000000800040AC (0x15650513) addi a0, a0, 342
x10 <- 0x5555555555555556
mem[X,0x00000000800040B0] -> 0x3593
mem[X,0x00000000800040B2] -> 0x3345
[4145] [M]: 0x00000000800040B0 (0x33453593) sltiu a1, a0, 820
x11 <- 0x0000000000000000
mem[X,0x00000000800040B4] -> 0x3423
mem[X,0x00000000800040B6] -> 0x16B1
[4146] [M]: 0x00000000800040B4 (0x16B13423) sd a1, 360(sp)
mem[0x0000000080009330] <- 0x0000000000000000
mem[X,0x00000000800040B8] -> 0x5537
mem[X,0x00000000800040BA] -> 0x5555
[4147] [M]: 0x00000000800040B8 (0x55555537) lui a0, 349525
x10 <- 0x0000000055555000
mem[X,0x00000000800040BC] -> 0x0513
mem[X,0x00000000800040BE] -> 0x5555
[4148] [M]: 0x00000000800040BC (0x55550513) addi a0, a0, 1365
x10 <- 0x0000000055555555
mem[X,0x00000000800040C0] -> 0x1513
mem[X,0x00000000800040C2] -> 0x00B5
[4149] [M]: 0x00000000800040C0 (0x00B51513) slli a0, a0, 11
x10 <- 0x000002AAAAAAA800
mem[X,0x00000000800040C4] -> 0x0513
mem[X,0x00000000800040C6] -> 0x2AA5
[4150] [M]: 0x00000000800040C4 (0x2AA50513) addi a0, a0, 682
x10 <- 0x000002AAAAAAAAAA
mem[X,0x00000000800040C8] -> 0x1513
mem[X,0x00000000800040CA] -> 0x00B5
[4151] [M]: 0x00000000800040C8 (0x00B51513) slli a0, a0, 11
x10 <- 0x0015555555555000
mem[X,0x00000000800040CC] -> 0x0513
mem[X,0x00000000800040CE] -> 0x5555
[4152] [M]: 0x00000000800040CC (0x55550513) addi a0, a0, 1365
x10 <- 0x0015555555555555
mem[X,0x00000000800040D0] -> 0x1513
mem[X,0x00000000800040D2] -> 0x00A5
[4153] [M]: 0x00000000800040D0 (0x00A51513) slli a0, a0, 10
x10 <- 0x5555555555555400
mem[X,0x00000000800040D4] -> 0x0513
mem[X,0x00000000800040D6] -> 0x1565
[4154] [M]: 0x00000000800040D4 (0x15650513) addi a0, a0, 342
x10 <- 0x5555555555555556
mem[X,0x00000000800040D8] -> 0x3593
mem[X,0x00000000800040DA] -> 0x6675
[4155] [M]: 0x00000000800040D8 (0x66753593) sltiu a1, a0, 1639
x11 <- 0x0000000000000000
mem[X,0x00000000800040DC] -> 0x3823
mem[X,0x00000000800040DE] -> 0x16B1
[4156] [M]: 0x00000000800040DC (0x16B13823) sd a1, 368(sp)
mem[0x0000000080009338] <- 0x0000000000000000
mem[X,0x00000000800040E0] -> 0x5537
mem[X,0x00000000800040E2] -> 0x5555
[4157] [M]: 0x00000000800040E0 (0x55555537) lui a0, 349525
x10 <- 0x0000000055555000
mem[X,0x00000000800040E4] -> 0x0513
mem[X,0x00000000800040E6] -> 0x5555
[4158] [M]: 0x00000000800040E4 (0x55550513) addi a0, a0, 1365
x10 <- 0x0000000055555555
mem[X,0x00000000800040E8] -> 0x1513
mem[X,0x00000000800040EA] -> 0x00B5
[4159] [M]: 0x00000000800040E8 (0x00B51513) slli a0, a0, 11
x10 <- 0x000002AAAAAAA800
mem[X,0x00000000800040EC] -> 0x0513
mem[X,0x00000000800040EE] -> 0x2AA5
[4160] [M]: 0x00000000800040EC (0x2AA50513) addi a0, a0, 682
x10 <- 0x000002AAAAAAAAAA
mem[X,0x00000000800040F0] -> 0x1513
mem[X,0x00000000800040F2] -> 0x00B5
[4161] [M]: 0x00000000800040F0 (0x00B51513) slli a0, a0, 11
x10 <- 0x0015555555555000
mem[X,0x00000000800040F4] -> 0x0513
mem[X,0x00000000800040F6] -> 0x5555
[4162] [M]: 0x00000000800040F4 (0x55550513) addi a0, a0, 1365
x10 <- 0x0015555555555555
mem[X,0x00000000800040F8] -> 0x1513
mem[X,0x00000000800040FA] -> 0x00A5
[4163] [M]: 0x00000000800040F8 (0x00A51513) slli a0, a0, 10
x10 <- 0x5555555555555400
mem[X,0x00000000800040FC] -> 0x0513
mem[X,0x00000000800040FE] -> 0x1565
[4164] [M]: 0x00000000800040FC (0x15650513) addi a0, a0, 342
x10 <- 0x5555555555555556
mem[X,0x0000000080004100] -> 0x3593
mem[X,0x0000000080004102] -> 0x02E5
[4165] [M]: 0x0000000080004100 (0x02E53593) sltiu a1, a0, 46
x11 <- 0x0000000000000000
mem[X,0x0000000080004104] -> 0x3C23
mem[X,0x0000000080004106] -> 0x16B1
[4166] [M]: 0x0000000080004104 (0x16B13C23) sd a1, 376(sp)
mem[0x0000000080009340] <- 0x0000000000000000
mem[X,0x0000000080004108] -> 0x5537
mem[X,0x000000008000410A] -> 0x5555
[4167] [M]: 0x0000000080004108 (0x55555537) lui a0, 349525
x10 <- 0x0000000055555000
mem[X,0x000000008000410C] -> 0x0513
mem[X,0x000000008000410E] -> 0x5555
[4168] [M]: 0x000000008000410C (0x55550513) addi a0, a0, 1365
x10 <- 0x0000000055555555
mem[X,0x0000000080004110] -> 0x1513
mem[X,0x0000000080004112] -> 0x00B5
[4169] [M]: 0x0000000080004110 (0x00B51513) slli a0, a0, 11
x10 <- 0x000002AAAAAAA800
mem[X,0x0000000080004114] -> 0x0513
mem[X,0x0000000080004116] -> 0x2AA5
[4170] [M]: 0x0000000080004114 (0x2AA50513) addi a0, a0, 682
x10 <- 0x000002AAAAAAAAAA
mem[X,0x0000000080004118] -> 0x1513
mem[X,0x000000008000411A] -> 0x00B5
[4171] [M]: 0x0000000080004118 (0x00B51513) slli a0, a0, 11
x10 <- 0x0015555555555000
mem[X,0x000000008000411C] -> 0x0513
mem[X,0x000000008000411E] -> 0x5555
[4172] [M]: 0x000000008000411C (0x55550513) addi a0, a0, 1365
x10 <- 0x0015555555555555
mem[X,0x0000000080004120] -> 0x1513
mem[X,0x0000000080004122] -> 0x00A5
[4173] [M]: 0x0000000080004120 (0x00A51513) slli a0, a0, 10
x10 <- 0x5555555555555400
mem[X,0x0000000080004124] -> 0x0513
mem[X,0x0000000080004126] -> 0x1565
[4174] [M]: 0x0000000080004124 (0x15650513) addi a0, a0, 342
x10 <- 0x5555555555555556
mem[X,0x0000000080004128] -> 0x3593
mem[X,0x000000008000412A] -> 0x0015
[4175] [M]: 0x0000000080004128 (0x00153593) sltiu a1, a0, 1
x11 <- 0x0000000000000000
mem[X,0x000000008000412C] -> 0x3023
mem[X,0x000000008000412E] -> 0x18B1
[4176] [M]: 0x000000008000412C (0x18B13023) sd a1, 384(sp)
mem[0x0000000080009348] <- 0x0000000000000000
mem[X,0x0000000080004130] -> 0x5537
mem[X,0x0000000080004132] -> 0x5555
[4177] [M]: 0x0000000080004130 (0x55555537) lui a0, 349525
x10 <- 0x0000000055555000
mem[X,0x0000000080004134] -> 0x0513
mem[X,0x0000000080004136] -> 0x5555
[4178] [M]: 0x0000000080004134 (0x55550513) addi a0, a0, 1365
x10 <- 0x0000000055555555
mem[X,0x0000000080004138] -> 0x1513
mem[X,0x000000008000413A] -> 0x00B5
[4179] [M]: 0x0000000080004138 (0x00B51513) slli a0, a0, 11
x10 <- 0x000002AAAAAAA800
mem[X,0x000000008000413C] -> 0x0513
mem[X,0x000000008000413E] -> 0x2AA5
[4180] [M]: 0x000000008000413C (0x2AA50513) addi a0, a0, 682
x10 <- 0x000002AAAAAAAAAA
mem[X,0x0000000080004140] -> 0x1513
mem[X,0x0000000080004142] -> 0x00B5
[4181] [M]: 0x0000000080004140 (0x00B51513) slli a0, a0, 11
x10 <- 0x0015555555555000
mem[X,0x0000000080004144] -> 0x0513
mem[X,0x0000000080004146] -> 0x5555
[4182] [M]: 0x0000000080004144 (0x55550513) addi a0, a0, 1365
x10 <- 0x0015555555555555
mem[X,0x0000000080004148] -> 0x1513
mem[X,0x000000008000414A] -> 0x00A5
[4183] [M]: 0x0000000080004148 (0x00A51513) slli a0, a0, 10
x10 <- 0x5555555555555400
mem[X,0x000000008000414C] -> 0x0513
mem[X,0x000000008000414E] -> 0x1565
[4184] [M]: 0x000000008000414C (0x15650513) addi a0, a0, 342
x10 <- 0x5555555555555556
mem[X,0x0000000080004150] -> 0x3593
mem[X,0x0000000080004152] -> 0x0405
[4185] [M]: 0x0000000080004150 (0x04053593) sltiu a1, a0, 64
x11 <- 0x0000000000000000
mem[X,0x0000000080004154] -> 0x3423
mem[X,0x0000000080004156] -> 0x18B1
[4186] [M]: 0x0000000080004154 (0x18B13423) sd a1, 392(sp)
mem[0x0000000080009350] <- 0x0000000000000000
mem[X,0x0000000080004158] -> 0xB537
mem[X,0x000000008000415A] -> 0xAAAA
[4187] [M]: 0x0000000080004158 (0xAAAAB537) lui a0, 699051
x10 <- 0xFFFFFFFFAAAAB000
mem[X,0x000000008000415C] -> 0x0513
mem[X,0x000000008000415E] -> 0xAAA5
[4188] [M]: 0x000000008000415C (0xAAA50513) addi a0, a0, 2730
x10 <- 0xFFFFFFFFAAAAAAAA
mem[X,0x0000000080004160] -> 0x1513
mem[X,0x0000000080004162] -> 0x00B5
[4189] [M]: 0x0000000080004160 (0x00B51513) slli a0, a0, 11
x10 <- 0xFFFFFD5555555000
mem[X,0x0000000080004164] -> 0x0513
mem[X,0x0000000080004166] -> 0x5555
[4190] [M]: 0x0000000080004164 (0x55550513) addi a0, a0, 1365
x10 <- 0xFFFFFD5555555555
mem[X,0x0000000080004168] -> 0x1513
mem[X,0x000000008000416A] -> 0x00B5
[4191] [M]: 0x0000000080004168 (0x00B51513) slli a0, a0, 11
x10 <- 0xFFEAAAAAAAAAA800
mem[X,0x000000008000416C] -> 0x0513
mem[X,0x000000008000416E] -> 0x2AA5
[4192] [M]: 0x000000008000416C (0x2AA50513) addi a0, a0, 682
x10 <- 0xFFEAAAAAAAAAAAAA
mem[X,0x0000000080004170] -> 0x1513
mem[X,0x0000000080004172] -> 0x00A5
[4193] [M]: 0x0000000080004170 (0x00A51513) slli a0, a0, 10
x10 <- 0xAAAAAAAAAAAAA800
mem[X,0x0000000080004174] -> 0x0513
mem[X,0x0000000080004176] -> 0x2AB5
[4194] [M]: 0x0000000080004174 (0x2AB50513) addi a0, a0, 683
x10 <- 0xAAAAAAAAAAAAAAAB
mem[X,0x0000000080004178] -> 0x3593
mem[X,0x000000008000417A] -> 0x0035
[4195] [M]: 0x0000000080004178 (0x00353593) sltiu a1, a0, 3
x11 <- 0x0000000000000000
mem[X,0x000000008000417C] -> 0x3823
mem[X,0x000000008000417E] -> 0x18B1
[4196] [M]: 0x000000008000417C (0x18B13823) sd a1, 400(sp)
mem[0x0000000080009358] <- 0x0000000000000000
mem[X,0x0000000080004180] -> 0xB537
mem[X,0x0000000080004182] -> 0xAAAA
[4197] [M]: 0x0000000080004180 (0xAAAAB537) lui a0, 699051
x10 <- 0xFFFFFFFFAAAAB000
mem[X,0x0000000080004184] -> 0x0513
mem[X,0x0000000080004186] -> 0xAAA5
[4198] [M]: 0x0000000080004184 (0xAAA50513) addi a0, a0, 2730
x10 <- 0xFFFFFFFFAAAAAAAA
mem[X,0x0000000080004188] -> 0x1513
mem[X,0x000000008000418A] -> 0x00B5
[4199] [M]: 0x0000000080004188 (0x00B51513) slli a0, a0, 11
x10 <- 0xFFFFFD5555555000
clint::tick mtime <- 0x000000000000002A
 clint timer pending at mtime 0x000000000000002A
htif::tick 0x0000000000000000
mem[X,0x000000008000418C] -> 0x0513
mem[X,0x000000008000418E] -> 0x5555
[4200] [M]: 0x000000008000418C (0x55550513) addi a0, a0, 1365
x10 <- 0xFFFFFD5555555555
mem[X,0x0000000080004190] -> 0x1513
mem[X,0x0000000080004192] -> 0x00B5
[4201] [M]: 0x0000000080004190 (0x00B51513) slli a0, a0, 11
x10 <- 0xFFEAAAAAAAAAA800
mem[X,0x0000000080004194] -> 0x0513
mem[X,0x0000000080004196] -> 0x2AA5
[4202] [M]: 0x0000000080004194 (0x2AA50513) addi a0, a0, 682
x10 <- 0xFFEAAAAAAAAAAAAA
mem[X,0x0000000080004198] -> 0x1513
mem[X,0x000000008000419A] -> 0x00A5
[4203] [M]: 0x0000000080004198 (0x00A51513) slli a0, a0, 10
x10 <- 0xAAAAAAAAAAAAA800
mem[X,0x000000008000419C] -> 0x0513
mem[X,0x000000008000419E] -> 0x2AB5
[4204] [M]: 0x000000008000419C (0x2AB50513) addi a0, a0, 683
x10 <- 0xAAAAAAAAAAAAAAAB
mem[X,0x00000000800041A0] -> 0x3593
mem[X,0x00000000800041A2] -> 0x5555
[4205] [M]: 0x00000000800041A0 (0x55553593) sltiu a1, a0, 1365
x11 <- 0x0000000000000000
mem[X,0x00000000800041A4] -> 0x3C23
mem[X,0x00000000800041A6] -> 0x18B1
[4206] [M]: 0x00000000800041A4 (0x18B13C23) sd a1, 408(sp)
mem[0x0000000080009360] <- 0x0000000000000000
mem[X,0x00000000800041A8] -> 0xB537
mem[X,0x00000000800041AA] -> 0xAAAA
[4207] [M]: 0x00000000800041A8 (0xAAAAB537) lui a0, 699051
x10 <- 0xFFFFFFFFAAAAB000
mem[X,0x00000000800041AC] -> 0x0513
mem[X,0x00000000800041AE] -> 0xAAA5
[4208] [M]: 0x00000000800041AC (0xAAA50513) addi a0, a0, 2730
x10 <- 0xFFFFFFFFAAAAAAAA
mem[X,0x00000000800041B0] -> 0x1513
mem[X,0x00000000800041B2] -> 0x00B5
[4209] [M]: 0x00000000800041B0 (0x00B51513) slli a0, a0, 11
x10 <- 0xFFFFFD5555555000
mem[X,0x00000000800041B4] -> 0x0513
mem[X,0x00000000800041B6] -> 0x5555
[4210] [M]: 0x00000000800041B4 (0x55550513) addi a0, a0, 1365
x10 <- 0xFFFFFD5555555555
mem[X,0x00000000800041B8] -> 0x1513
mem[X,0x00000000800041BA] -> 0x00B5
[4211] [M]: 0x00000000800041B8 (0x00B51513) slli a0, a0, 11
x10 <- 0xFFEAAAAAAAAAA800
mem[X,0x00000000800041BC] -> 0x0513
mem[X,0x00000000800041BE] -> 0x2AA5
[4212] [M]: 0x00000000800041BC (0x2AA50513) addi a0, a0, 682
x10 <- 0xFFEAAAAAAAAAAAAA
mem[X,0x00000000800041C0] -> 0x1513
mem[X,0x00000000800041C2] -> 0x00A5
[4213] [M]: 0x00000000800041C0 (0x00A51513) slli a0, a0, 10
x10 <- 0xAAAAAAAAAAAAA800
mem[X,0x00000000800041C4] -> 0x0513
mem[X,0x00000000800041C6] -> 0x2AB5
[4214] [M]: 0x00000000800041C4 (0x2AB50513) addi a0, a0, 683
x10 <- 0xAAAAAAAAAAAAAAAB
mem[X,0x00000000800041C8] -> 0x3593
mem[X,0x00000000800041CA] -> 0xAAA5
[4215] [M]: 0x00000000800041C8 (0xAAA53593) sltiu a1, a0, 2730
x11 <- 0x0000000000000001
mem[X,0x00000000800041CC] -> 0x3023
mem[X,0x00000000800041CE] -> 0x1AB1
[4216] [M]: 0x00000000800041CC (0x1AB13023) sd a1, 416(sp)
mem[0x0000000080009368] <- 0x0000000000000001
mem[X,0x00000000800041D0] -> 0xB537
mem[X,0x00000000800041D2] -> 0xAAAA
[4217] [M]: 0x00000000800041D0 (0xAAAAB537) lui a0, 699051
x10 <- 0xFFFFFFFFAAAAB000
mem[X,0x00000000800041D4] -> 0x0513
mem[X,0x00000000800041D6] -> 0xAAA5
[4218] [M]: 0x00000000800041D4 (0xAAA50513) addi a0, a0, 2730
x10 <- 0xFFFFFFFFAAAAAAAA
mem[X,0x00000000800041D8] -> 0x1513
mem[X,0x00000000800041DA] -> 0x00B5
[4219] [M]: 0x00000000800041D8 (0x00B51513) slli a0, a0, 11
x10 <- 0xFFFFFD5555555000
mem[X,0x00000000800041DC] -> 0x0513
mem[X,0x00000000800041DE] -> 0x5555
[4220] [M]: 0x00000000800041DC (0x55550513) addi a0, a0, 1365
x10 <- 0xFFFFFD5555555555
mem[X,0x00000000800041E0] -> 0x1513
mem[X,0x00000000800041E2] -> 0x00B5
[4221] [M]: 0x00000000800041E0 (0x00B51513) slli a0, a0, 11
x10 <- 0xFFEAAAAAAAAAA800
mem[X,0x00000000800041E4] -> 0x0513
mem[X,0x00000000800041E6] -> 0x2AA5
[4222] [M]: 0x00000000800041E4 (0x2AA50513) addi a0, a0, 682
x10 <- 0xFFEAAAAAAAAAAAAA
mem[X,0x00000000800041E8] -> 0x1513
mem[X,0x00000000800041EA] -> 0x00A5
[4223] [M]: 0x00000000800041E8 (0x00A51513) slli a0, a0, 10
x10 <- 0xAAAAAAAAAAAAA800
mem[X,0x00000000800041EC] -> 0x0513
mem[X,0x00000000800041EE] -> 0x2AB5
[4224] [M]: 0x00000000800041EC (0x2AB50513) addi a0, a0, 683
x10 <- 0xAAAAAAAAAAAAAAAB
mem[X,0x00000000800041F0] -> 0x3593
mem[X,0x00000000800041F2] -> 0x0055
[4225] [M]: 0x00000000800041F0 (0x00553593) sltiu a1, a0, 5
x11 <- 0x0000000000000000
mem[X,0x00000000800041F4] -> 0x3423
mem[X,0x00000000800041F6] -> 0x1AB1
[4226] [M]: 0x00000000800041F4 (0x1AB13423) sd a1, 424(sp)
mem[0x0000000080009370] <- 0x0000000000000000
mem[X,0x00000000800041F8] -> 0xB537
mem[X,0x00000000800041FA] -> 0xAAAA
[4227] [M]: 0x00000000800041F8 (0xAAAAB537) lui a0, 699051
x10 <- 0xFFFFFFFFAAAAB000
mem[X,0x00000000800041FC] -> 0x0513
mem[X,0x00000000800041FE] -> 0xAAA5
[4228] [M]: 0x00000000800041FC (0xAAA50513) addi a0, a0, 2730
x10 <- 0xFFFFFFFFAAAAAAAA
mem[X,0x0000000080004200] -> 0x1513
mem[X,0x0000000080004202] -> 0x00B5
[4229] [M]: 0x0000000080004200 (0x00B51513) slli a0, a0, 11
x10 <- 0xFFFFFD5555555000
mem[X,0x0000000080004204] -> 0x0513
mem[X,0x0000000080004206] -> 0x5555
[4230] [M]: 0x0000000080004204 (0x55550513) addi a0, a0, 1365
x10 <- 0xFFFFFD5555555555
mem[X,0x0000000080004208] -> 0x1513
mem[X,0x000000008000420A] -> 0x00B5
[4231] [M]: 0x0000000080004208 (0x00B51513) slli a0, a0, 11
x10 <- 0xFFEAAAAAAAAAA800
mem[X,0x000000008000420C] -> 0x0513
mem[X,0x000000008000420E] -> 0x2AA5
[4232] [M]: 0x000000008000420C (0x2AA50513) addi a0, a0, 682
x10 <- 0xFFEAAAAAAAAAAAAA
mem[X,0x0000000080004210] -> 0x1513
mem[X,0x0000000080004212] -> 0x00A5
[4233] [M]: 0x0000000080004210 (0x00A51513) slli a0, a0, 10
x10 <- 0xAAAAAAAAAAAAA800
mem[X,0x0000000080004214] -> 0x0513
mem[X,0x0000000080004216] -> 0x2AB5
[4234] [M]: 0x0000000080004214 (0x2AB50513) addi a0, a0, 683
x10 <- 0xAAAAAAAAAAAAAAAB
mem[X,0x0000000080004218] -> 0x3593
mem[X,0x000000008000421A] -> 0x3335
[4235] [M]: 0x0000000080004218 (0x33353593) sltiu a1, a0, 819
x11 <- 0x0000000000000000
mem[X,0x000000008000421C] -> 0x3823
mem[X,0x000000008000421E] -> 0x1AB1
[4236] [M]: 0x000000008000421C (0x1AB13823) sd a1, 432(sp)
mem[0x0000000080009378] <- 0x0000000000000000
mem[X,0x0000000080004220] -> 0xB537
mem[X,0x0000000080004222] -> 0xAAAA
[4237] [M]: 0x0000000080004220 (0xAAAAB537) lui a0, 699051
x10 <- 0xFFFFFFFFAAAAB000
mem[X,0x0000000080004224] -> 0x0513
mem[X,0x0000000080004226] -> 0xAAA5
[4238] [M]: 0x0000000080004224 (0xAAA50513) addi a0, a0, 2730
x10 <- 0xFFFFFFFFAAAAAAAA
mem[X,0x0000000080004228] -> 0x1513
mem[X,0x000000008000422A] -> 0x00B5
[4239] [M]: 0x0000000080004228 (0x00B51513) slli a0, a0, 11
x10 <- 0xFFFFFD5555555000
mem[X,0x000000008000422C] -> 0x0513
mem[X,0x000000008000422E] -> 0x5555
[4240] [M]: 0x000000008000422C (0x55550513) addi a0, a0, 1365
x10 <- 0xFFFFFD5555555555
mem[X,0x0000000080004230] -> 0x1513
mem[X,0x0000000080004232] -> 0x00B5
[4241] [M]: 0x0000000080004230 (0x00B51513) slli a0, a0, 11
x10 <- 0xFFEAAAAAAAAAA800
mem[X,0x0000000080004234] -> 0x0513
mem[X,0x0000000080004236] -> 0x2AA5
[4242] [M]: 0x0000000080004234 (0x2AA50513) addi a0, a0, 682
x10 <- 0xFFEAAAAAAAAAAAAA
mem[X,0x0000000080004238] -> 0x1513
mem[X,0x000000008000423A] -> 0x00A5
[4243] [M]: 0x0000000080004238 (0x00A51513) slli a0, a0, 10
x10 <- 0xAAAAAAAAAAAAA800
mem[X,0x000000008000423C] -> 0x0513
mem[X,0x000000008000423E] -> 0x2AB5
[4244] [M]: 0x000000008000423C (0x2AB50513) addi a0, a0, 683
x10 <- 0xAAAAAAAAAAAAAAAB
mem[X,0x0000000080004240] -> 0x3593
mem[X,0x0000000080004242] -> 0x6665
[4245] [M]: 0x0000000080004240 (0x66653593) sltiu a1, a0, 1638
x11 <- 0x0000000000000000
mem[X,0x0000000080004244] -> 0x3C23
mem[X,0x0000000080004246] -> 0x1AB1
[4246] [M]: 0x0000000080004244 (0x1AB13C23) sd a1, 440(sp)
mem[0x0000000080009380] <- 0x0000000000000000
mem[X,0x0000000080004248] -> 0xB537
mem[X,0x000000008000424A] -> 0xAAAA
[4247] [M]: 0x0000000080004248 (0xAAAAB537) lui a0, 699051
x10 <- 0xFFFFFFFFAAAAB000
mem[X,0x000000008000424C] -> 0x0513
mem[X,0x000000008000424E] -> 0xAAA5
[4248] [M]: 0x000000008000424C (0xAAA50513) addi a0, a0, 2730
x10 <- 0xFFFFFFFFAAAAAAAA
mem[X,0x0000000080004250] -> 0x1513
mem[X,0x0000000080004252] -> 0x00B5
[4249] [M]: 0x0000000080004250 (0x00B51513) slli a0, a0, 11
x10 <- 0xFFFFFD5555555000
mem[X,0x0000000080004254] -> 0x0513
mem[X,0x0000000080004256] -> 0x5555
[4250] [M]: 0x0000000080004254 (0x55550513) addi a0, a0, 1365
x10 <- 0xFFFFFD5555555555
mem[X,0x0000000080004258] -> 0x1513
mem[X,0x000000008000425A] -> 0x00B5
[4251] [M]: 0x0000000080004258 (0x00B51513) slli a0, a0, 11
x10 <- 0xFFEAAAAAAAAAA800
mem[X,0x000000008000425C] -> 0x0513
mem[X,0x000000008000425E] -> 0x2AA5
[4252] [M]: 0x000000008000425C (0x2AA50513) addi a0, a0, 682
x10 <- 0xFFEAAAAAAAAAAAAA
mem[X,0x0000000080004260] -> 0x1513
mem[X,0x0000000080004262] -> 0x00A5
[4253] [M]: 0x0000000080004260 (0x00A51513) slli a0, a0, 10
x10 <- 0xAAAAAAAAAAAAA800
mem[X,0x0000000080004264] -> 0x0513
mem[X,0x0000000080004266] -> 0x2AB5
[4254] [M]: 0x0000000080004264 (0x2AB50513) addi a0, a0, 683
x10 <- 0xAAAAAAAAAAAAAAAB
mem[X,0x0000000080004268] -> 0x3593
mem[X,0x000000008000426A] -> 0x02D5
[4255] [M]: 0x0000000080004268 (0x02D53593) sltiu a1, a0, 45
x11 <- 0x0000000000000000
mem[X,0x000000008000426C] -> 0x3023
mem[X,0x000000008000426E] -> 0x1CB1
[4256] [M]: 0x000000008000426C (0x1CB13023) sd a1, 448(sp)
mem[0x0000000080009388] <- 0x0000000000000000
mem[X,0x0000000080004270] -> 0xB537
mem[X,0x0000000080004272] -> 0xAAAA
[4257] [M]: 0x0000000080004270 (0xAAAAB537) lui a0, 699051
x10 <- 0xFFFFFFFFAAAAB000
mem[X,0x0000000080004274] -> 0x0513
mem[X,0x0000000080004276] -> 0xAAA5
[4258] [M]: 0x0000000080004274 (0xAAA50513) addi a0, a0, 2730
x10 <- 0xFFFFFFFFAAAAAAAA
mem[X,0x0000000080004278] -> 0x1513
mem[X,0x000000008000427A] -> 0x00B5
[4259] [M]: 0x0000000080004278 (0x00B51513) slli a0, a0, 11
x10 <- 0xFFFFFD5555555000
mem[X,0x000000008000427C] -> 0x0513
mem[X,0x000000008000427E] -> 0x5555
[4260] [M]: 0x000000008000427C (0x55550513) addi a0, a0, 1365
x10 <- 0xFFFFFD5555555555
mem[X,0x0000000080004280] -> 0x1513
mem[X,0x0000000080004282] -> 0x00B5
[4261] [M]: 0x0000000080004280 (0x00B51513) slli a0, a0, 11
x10 <- 0xFFEAAAAAAAAAA800
mem[X,0x0000000080004284] -> 0x0513
mem[X,0x0000000080004286] -> 0x2AA5
[4262] [M]: 0x0000000080004284 (0x2AA50513) addi a0, a0, 682
x10 <- 0xFFEAAAAAAAAAAAAA
mem[X,0x0000000080004288] -> 0x1513
mem[X,0x000000008000428A] -> 0x00A5
[4263] [M]: 0x0000000080004288 (0x00A51513) slli a0, a0, 10
x10 <- 0xAAAAAAAAAAAAA800
mem[X,0x000000008000428C] -> 0x0513
mem[X,0x000000008000428E] -> 0x2AB5
[4264] [M]: 0x000000008000428C (0x2AB50513) addi a0, a0, 683
x10 <- 0xAAAAAAAAAAAAAAAB
mem[X,0x0000000080004290] -> 0x3593
mem[X,0x0000000080004292] -> 0x0005
[4265] [M]: 0x0000000080004290 (0x00053593) sltiu a1, a0, 0
x11 <- 0x0000000000000000
mem[X,0x0000000080004294] -> 0x3423
mem[X,0x0000000080004296] -> 0x1CB1
[4266] [M]: 0x0000000080004294 (0x1CB13423) sd a1, 456(sp)
mem[0x0000000080009390] <- 0x0000000000000000
mem[X,0x0000000080004298] -> 0xB537
mem[X,0x000000008000429A] -> 0xAAAA
[4267] [M]: 0x0000000080004298 (0xAAAAB537) lui a0, 699051
x10 <- 0xFFFFFFFFAAAAB000
mem[X,0x000000008000429C] -> 0x0513
mem[X,0x000000008000429E] -> 0xAAA5
[4268] [M]: 0x000000008000429C (0xAAA50513) addi a0, a0, 2730
x10 <- 0xFFFFFFFFAAAAAAAA
mem[X,0x00000000800042A0] -> 0x1513
mem[X,0x00000000800042A2] -> 0x00B5
[4269] [M]: 0x00000000800042A0 (0x00B51513) slli a0, a0, 11
x10 <- 0xFFFFFD5555555000
mem[X,0x00000000800042A4] -> 0x0513
mem[X,0x00000000800042A6] -> 0x5555
[4270] [M]: 0x00000000800042A4 (0x55550513) addi a0, a0, 1365
x10 <- 0xFFFFFD5555555555
mem[X,0x00000000800042A8] -> 0x1513
mem[X,0x00000000800042AA] -> 0x00B5
[4271] [M]: 0x00000000800042A8 (0x00B51513) slli a0, a0, 11
x10 <- 0xFFEAAAAAAAAAA800
mem[X,0x00000000800042AC] -> 0x0513
mem[X,0x00000000800042AE] -> 0x2AA5
[4272] [M]: 0x00000000800042AC (0x2AA50513) addi a0, a0, 682
x10 <- 0xFFEAAAAAAAAAAAAA
mem[X,0x00000000800042B0] -> 0x1513
mem[X,0x00000000800042B2] -> 0x00A5
[4273] [M]: 0x00000000800042B0 (0x00A51513) slli a0, a0, 10
x10 <- 0xAAAAAAAAAAAAA800
mem[X,0x00000000800042B4] -> 0x0513
mem[X,0x00000000800042B6] -> 0x2AB5
[4274] [M]: 0x00000000800042B4 (0x2AB50513) addi a0, a0, 683
x10 <- 0xAAAAAAAAAAAAAAAB
mem[X,0x00000000800042B8] -> 0x3593
mem[X,0x00000000800042BA] -> 0x03F5
[4275] [M]: 0x00000000800042B8 (0x03F53593) sltiu a1, a0, 63
x11 <- 0x0000000000000000
mem[X,0x00000000800042BC] -> 0x3823
mem[X,0x00000000800042BE] -> 0x1CB1
[4276] [M]: 0x00000000800042BC (0x1CB13823) sd a1, 464(sp)
mem[0x0000000080009398] <- 0x0000000000000000
mem[X,0x00000000800042C0] -> 0xB537
mem[X,0x00000000800042C2] -> 0xAAAA
[4277] [M]: 0x00000000800042C0 (0xAAAAB537) lui a0, 699051
x10 <- 0xFFFFFFFFAAAAB000
mem[X,0x00000000800042C4] -> 0x0513
mem[X,0x00000000800042C6] -> 0xAAA5
[4278] [M]: 0x00000000800042C4 (0xAAA50513) addi a0, a0, 2730
x10 <- 0xFFFFFFFFAAAAAAAA
mem[X,0x00000000800042C8] -> 0x1513
mem[X,0x00000000800042CA] -> 0x00B5
[4279] [M]: 0x00000000800042C8 (0x00B51513) slli a0, a0, 11
x10 <- 0xFFFFFD5555555000
mem[X,0x00000000800042CC] -> 0x0513
mem[X,0x00000000800042CE] -> 0x5555
[4280] [M]: 0x00000000800042CC (0x55550513) addi a0, a0, 1365
x10 <- 0xFFFFFD5555555555
mem[X,0x00000000800042D0] -> 0x1513
mem[X,0x00000000800042D2] -> 0x00B5
[4281] [M]: 0x00000000800042D0 (0x00B51513) slli a0, a0, 11
x10 <- 0xFFEAAAAAAAAAA800
mem[X,0x00000000800042D4] -> 0x0513
mem[X,0x00000000800042D6] -> 0x2AA5
[4282] [M]: 0x00000000800042D4 (0x2AA50513) addi a0, a0, 682
x10 <- 0xFFEAAAAAAAAAAAAA
mem[X,0x00000000800042D8] -> 0x1513
mem[X,0x00000000800042DA] -> 0x00A5
[4283] [M]: 0x00000000800042D8 (0x00A51513) slli a0, a0, 10
x10 <- 0xAAAAAAAAAAAAA800
mem[X,0x00000000800042DC] -> 0x0513
mem[X,0x00000000800042DE] -> 0x2AB5
[4284] [M]: 0x00000000800042DC (0x2AB50513) addi a0, a0, 683
x10 <- 0xAAAAAAAAAAAAAAAB
mem[X,0x00000000800042E0] -> 0x3593
mem[X,0x00000000800042E2] -> 0x0025
[4285] [M]: 0x00000000800042E0 (0x00253593) sltiu a1, a0, 2
x11 <- 0x0000000000000000
mem[X,0x00000000800042E4] -> 0x3C23
mem[X,0x00000000800042E6] -> 0x1CB1
[4286] [M]: 0x00000000800042E4 (0x1CB13C23) sd a1, 472(sp)
mem[0x00000000800093A0] <- 0x0000000000000000
mem[X,0x00000000800042E8] -> 0xB537
mem[X,0x00000000800042EA] -> 0xAAAA
[4287] [M]: 0x00000000800042E8 (0xAAAAB537) lui a0, 699051
x10 <- 0xFFFFFFFFAAAAB000
mem[X,0x00000000800042EC] -> 0x0513
mem[X,0x00000000800042EE] -> 0xAAA5
[4288] [M]: 0x00000000800042EC (0xAAA50513) addi a0, a0, 2730
x10 <- 0xFFFFFFFFAAAAAAAA
mem[X,0x00000000800042F0] -> 0x1513
mem[X,0x00000000800042F2] -> 0x00B5
[4289] [M]: 0x00000000800042F0 (0x00B51513) slli a0, a0, 11
x10 <- 0xFFFFFD5555555000
mem[X,0x00000000800042F4] -> 0x0513
mem[X,0x00000000800042F6] -> 0x5555
[4290] [M]: 0x00000000800042F4 (0x55550513) addi a0, a0, 1365
x10 <- 0xFFFFFD5555555555
mem[X,0x00000000800042F8] -> 0x1513
mem[X,0x00000000800042FA] -> 0x00B5
[4291] [M]: 0x00000000800042F8 (0x00B51513) slli a0, a0, 11
x10 <- 0xFFEAAAAAAAAAA800
mem[X,0x00000000800042FC] -> 0x0513
mem[X,0x00000000800042FE] -> 0x2AA5
[4292] [M]: 0x00000000800042FC (0x2AA50513) addi a0, a0, 682
x10 <- 0xFFEAAAAAAAAAAAAA
mem[X,0x0000000080004300] -> 0x1513
mem[X,0x0000000080004302] -> 0x00A5
[4293] [M]: 0x0000000080004300 (0x00A51513) slli a0, a0, 10
x10 <- 0xAAAAAAAAAAAAA800
mem[X,0x0000000080004304] -> 0x0513
mem[X,0x0000000080004306] -> 0x2AB5
[4294] [M]: 0x0000000080004304 (0x2AB50513) addi a0, a0, 683
x10 <- 0xAAAAAAAAAAAAAAAB
mem[X,0x0000000080004308] -> 0x3593
mem[X,0x000000008000430A] -> 0x5545
[4295] [M]: 0x0000000080004308 (0x55453593) sltiu a1, a0, 1364
x11 <- 0x0000000000000000
mem[X,0x000000008000430C] -> 0x3023
mem[X,0x000000008000430E] -> 0x1EB1
[4296] [M]: 0x000000008000430C (0x1EB13023) sd a1, 480(sp)
mem[0x00000000800093A8] <- 0x0000000000000000
mem[X,0x0000000080004310] -> 0xB537
mem[X,0x0000000080004312] -> 0xAAAA
[4297] [M]: 0x0000000080004310 (0xAAAAB537) lui a0, 699051
x10 <- 0xFFFFFFFFAAAAB000
mem[X,0x0000000080004314] -> 0x0513
mem[X,0x0000000080004316] -> 0xAAA5
[4298] [M]: 0x0000000080004314 (0xAAA50513) addi a0, a0, 2730
x10 <- 0xFFFFFFFFAAAAAAAA
mem[X,0x0000000080004318] -> 0x1513
mem[X,0x000000008000431A] -> 0x00B5
[4299] [M]: 0x0000000080004318 (0x00B51513) slli a0, a0, 11
x10 <- 0xFFFFFD5555555000
clint::tick mtime <- 0x000000000000002B
 clint timer pending at mtime 0x000000000000002B
htif::tick 0x0000000000000000
mem[X,0x000000008000431C] -> 0x0513
mem[X,0x000000008000431E] -> 0x5555
[4300] [M]: 0x000000008000431C (0x55550513) addi a0, a0, 1365
x10 <- 0xFFFFFD5555555555
mem[X,0x0000000080004320] -> 0x1513
mem[X,0x0000000080004322] -> 0x00B5
[4301] [M]: 0x0000000080004320 (0x00B51513) slli a0, a0, 11
x10 <- 0xFFEAAAAAAAAAA800
mem[X,0x0000000080004324] -> 0x0513
mem[X,0x0000000080004326] -> 0x2AA5
[4302] [M]: 0x0000000080004324 (0x2AA50513) addi a0, a0, 682
x10 <- 0xFFEAAAAAAAAAAAAA
mem[X,0x0000000080004328] -> 0x1513
mem[X,0x000000008000432A] -> 0x00A5
[4303] [M]: 0x0000000080004328 (0x00A51513) slli a0, a0, 10
x10 <- 0xAAAAAAAAAAAAA800
mem[X,0x000000008000432C] -> 0x0513
mem[X,0x000000008000432E] -> 0x2AB5
[4304] [M]: 0x000000008000432C (0x2AB50513) addi a0, a0, 683
x10 <- 0xAAAAAAAAAAAAAAAB
mem[X,0x0000000080004330] -> 0x3593
mem[X,0x0000000080004332] -> 0xAA95
[4305] [M]: 0x0000000080004330 (0xAA953593) sltiu a1, a0, 2729
x11 <- 0x0000000000000001
mem[X,0x0000000080004334] -> 0x3423
mem[X,0x0000000080004336] -> 0x1EB1
[4306] [M]: 0x0000000080004334 (0x1EB13423) sd a1, 488(sp)
mem[0x00000000800093B0] <- 0x0000000000000001
mem[X,0x0000000080004338] -> 0xB537
mem[X,0x000000008000433A] -> 0xAAAA
[4307] [M]: 0x0000000080004338 (0xAAAAB537) lui a0, 699051
x10 <- 0xFFFFFFFFAAAAB000
mem[X,0x000000008000433C] -> 0x0513
mem[X,0x000000008000433E] -> 0xAAA5
[4308] [M]: 0x000000008000433C (0xAAA50513) addi a0, a0, 2730
x10 <- 0xFFFFFFFFAAAAAAAA
mem[X,0x0000000080004340] -> 0x1513
mem[X,0x0000000080004342] -> 0x00B5
[4309] [M]: 0x0000000080004340 (0x00B51513) slli a0, a0, 11
x10 <- 0xFFFFFD5555555000
mem[X,0x0000000080004344] -> 0x0513
mem[X,0x0000000080004346] -> 0x5555
[4310] [M]: 0x0000000080004344 (0x55550513) addi a0, a0, 1365
x10 <- 0xFFFFFD5555555555
mem[X,0x0000000080004348] -> 0x1513
mem[X,0x000000008000434A] -> 0x00B5
[4311] [M]: 0x0000000080004348 (0x00B51513) slli a0, a0, 11
x10 <- 0xFFEAAAAAAAAAA800
mem[X,0x000000008000434C] -> 0x0513
mem[X,0x000000008000434E] -> 0x2AA5
[4312] [M]: 0x000000008000434C (0x2AA50513) addi a0, a0, 682
x10 <- 0xFFEAAAAAAAAAAAAA
mem[X,0x0000000080004350] -> 0x1513
mem[X,0x0000000080004352] -> 0x00A5
[4313] [M]: 0x0000000080004350 (0x00A51513) slli a0, a0, 10
x10 <- 0xAAAAAAAAAAAAA800
mem[X,0x0000000080004354] -> 0x0513
mem[X,0x0000000080004356] -> 0x2AB5
[4314] [M]: 0x0000000080004354 (0x2AB50513) addi a0, a0, 683
x10 <- 0xAAAAAAAAAAAAAAAB
mem[X,0x0000000080004358] -> 0x3593
mem[X,0x000000008000435A] -> 0x0045
[4315] [M]: 0x0000000080004358 (0x00453593) sltiu a1, a0, 4
x11 <- 0x0000000000000000
mem[X,0x000000008000435C] -> 0x3823
mem[X,0x000000008000435E] -> 0x1EB1
[4316] [M]: 0x000000008000435C (0x1EB13823) sd a1, 496(sp)
mem[0x00000000800093B8] <- 0x0000000000000000
mem[X,0x0000000080004360] -> 0xB537
mem[X,0x0000000080004362] -> 0xAAAA
[4317] [M]: 0x0000000080004360 (0xAAAAB537) lui a0, 699051
x10 <- 0xFFFFFFFFAAAAB000
mem[X,0x0000000080004364] -> 0x0513
mem[X,0x0000000080004366] -> 0xAAA5
[4318] [M]: 0x0000000080004364 (0xAAA50513) addi a0, a0, 2730
x10 <- 0xFFFFFFFFAAAAAAAA
mem[X,0x0000000080004368] -> 0x1513
mem[X,0x000000008000436A] -> 0x00B5
[4319] [M]: 0x0000000080004368 (0x00B51513) slli a0, a0, 11
x10 <- 0xFFFFFD5555555000
mem[X,0x000000008000436C] -> 0x0513
mem[X,0x000000008000436E] -> 0x5555
[4320] [M]: 0x000000008000436C (0x55550513) addi a0, a0, 1365
x10 <- 0xFFFFFD5555555555
mem[X,0x0000000080004370] -> 0x1513
mem[X,0x0000000080004372] -> 0x00B5
[4321] [M]: 0x0000000080004370 (0x00B51513) slli a0, a0, 11
x10 <- 0xFFEAAAAAAAAAA800
mem[X,0x0000000080004374] -> 0x0513
mem[X,0x0000000080004376] -> 0x2AA5
[4322] [M]: 0x0000000080004374 (0x2AA50513) addi a0, a0, 682
x10 <- 0xFFEAAAAAAAAAAAAA
mem[X,0x0000000080004378] -> 0x1513
mem[X,0x000000008000437A] -> 0x00A5
[4323] [M]: 0x0000000080004378 (0x00A51513) slli a0, a0, 10
x10 <- 0xAAAAAAAAAAAAA800
mem[X,0x000000008000437C] -> 0x0513
mem[X,0x000000008000437E] -> 0x2AB5
[4324] [M]: 0x000000008000437C (0x2AB50513) addi a0, a0, 683
x10 <- 0xAAAAAAAAAAAAAAAB
mem[X,0x0000000080004380] -> 0x3593
mem[X,0x0000000080004382] -> 0x3325
[4325] [M]: 0x0000000080004380 (0x33253593) sltiu a1, a0, 818
x11 <- 0x0000000000000000
mem[X,0x0000000080004384] -> 0x3C23
mem[X,0x0000000080004386] -> 0x1EB1
[4326] [M]: 0x0000000080004384 (0x1EB13C23) sd a1, 504(sp)
mem[0x00000000800093C0] <- 0x0000000000000000
mem[X,0x0000000080004388] -> 0xB537
mem[X,0x000000008000438A] -> 0xAAAA
[4327] [M]: 0x0000000080004388 (0xAAAAB537) lui a0, 699051
x10 <- 0xFFFFFFFFAAAAB000
mem[X,0x000000008000438C] -> 0x0513
mem[X,0x000000008000438E] -> 0xAAA5
[4328] [M]: 0x000000008000438C (0xAAA50513) addi a0, a0, 2730
x10 <- 0xFFFFFFFFAAAAAAAA
mem[X,0x0000000080004390] -> 0x1513
mem[X,0x0000000080004392] -> 0x00B5
[4329] [M]: 0x0000000080004390 (0x00B51513) slli a0, a0, 11
x10 <- 0xFFFFFD5555555000
mem[X,0x0000000080004394] -> 0x0513
mem[X,0x0000000080004396] -> 0x5555
[4330] [M]: 0x0000000080004394 (0x55550513) addi a0, a0, 1365
x10 <- 0xFFFFFD5555555555
mem[X,0x0000000080004398] -> 0x1513
mem[X,0x000000008000439A] -> 0x00B5
[4331] [M]: 0x0000000080004398 (0x00B51513) slli a0, a0, 11
x10 <- 0xFFEAAAAAAAAAA800
mem[X,0x000000008000439C] -> 0x0513
mem[X,0x000000008000439E] -> 0x2AA5
[4332] [M]: 0x000000008000439C (0x2AA50513) addi a0, a0, 682
x10 <- 0xFFEAAAAAAAAAAAAA
mem[X,0x00000000800043A0] -> 0x1513
mem[X,0x00000000800043A2] -> 0x00A5
[4333] [M]: 0x00000000800043A0 (0x00A51513) slli a0, a0, 10
x10 <- 0xAAAAAAAAAAAAA800
mem[X,0x00000000800043A4] -> 0x0513
mem[X,0x00000000800043A6] -> 0x2AB5
[4334] [M]: 0x00000000800043A4 (0x2AB50513) addi a0, a0, 683
x10 <- 0xAAAAAAAAAAAAAAAB
mem[X,0x00000000800043A8] -> 0x3593
mem[X,0x00000000800043AA] -> 0x6655
[4335] [M]: 0x00000000800043A8 (0x66553593) sltiu a1, a0, 1637
x11 <- 0x0000000000000000
mem[X,0x00000000800043AC] -> 0x3023
mem[X,0x00000000800043AE] -> 0x20B1
[4336] [M]: 0x00000000800043AC (0x20B13023) sd a1, 512(sp)
mem[0x00000000800093C8] <- 0x0000000000000000
mem[X,0x00000000800043B0] -> 0xB537
mem[X,0x00000000800043B2] -> 0xAAAA
[4337] [M]: 0x00000000800043B0 (0xAAAAB537) lui a0, 699051
x10 <- 0xFFFFFFFFAAAAB000
mem[X,0x00000000800043B4] -> 0x0513
mem[X,0x00000000800043B6] -> 0xAAA5
[4338] [M]: 0x00000000800043B4 (0xAAA50513) addi a0, a0, 2730
x10 <- 0xFFFFFFFFAAAAAAAA
mem[X,0x00000000800043B8] -> 0x1513
mem[X,0x00000000800043BA] -> 0x00B5
[4339] [M]: 0x00000000800043B8 (0x00B51513) slli a0, a0, 11
x10 <- 0xFFFFFD5555555000
mem[X,0x00000000800043BC] -> 0x0513
mem[X,0x00000000800043BE] -> 0x5555
[4340] [M]: 0x00000000800043BC (0x55550513) addi a0, a0, 1365
x10 <- 0xFFFFFD5555555555
mem[X,0x00000000800043C0] -> 0x1513
mem[X,0x00000000800043C2] -> 0x00B5
[4341] [M]: 0x00000000800043C0 (0x00B51513) slli a0, a0, 11
x10 <- 0xFFEAAAAAAAAAA800
mem[X,0x00000000800043C4] -> 0x0513
mem[X,0x00000000800043C6] -> 0x2AA5
[4342] [M]: 0x00000000800043C4 (0x2AA50513) addi a0, a0, 682
x10 <- 0xFFEAAAAAAAAAAAAA
mem[X,0x00000000800043C8] -> 0x1513
mem[X,0x00000000800043CA] -> 0x00A5
[4343] [M]: 0x00000000800043C8 (0x00A51513) slli a0, a0, 10
x10 <- 0xAAAAAAAAAAAAA800
mem[X,0x00000000800043CC] -> 0x0513
mem[X,0x00000000800043CE] -> 0x2AB5
[4344] [M]: 0x00000000800043CC (0x2AB50513) addi a0, a0, 683
x10 <- 0xAAAAAAAAAAAAAAAB
mem[X,0x00000000800043D0] -> 0x3593
mem[X,0x00000000800043D2] -> 0x02C5
[4345] [M]: 0x00000000800043D0 (0x02C53593) sltiu a1, a0, 44
x11 <- 0x0000000000000000
mem[X,0x00000000800043D4] -> 0x3423
mem[X,0x00000000800043D6] -> 0x20B1
[4346] [M]: 0x00000000800043D4 (0x20B13423) sd a1, 520(sp)
mem[0x00000000800093D0] <- 0x0000000000000000
mem[X,0x00000000800043D8] -> 0xB537
mem[X,0x00000000800043DA] -> 0xAAAA
[4347] [M]: 0x00000000800043D8 (0xAAAAB537) lui a0, 699051
x10 <- 0xFFFFFFFFAAAAB000
mem[X,0x00000000800043DC] -> 0x0513
mem[X,0x00000000800043DE] -> 0xAAA5
[4348] [M]: 0x00000000800043DC (0xAAA50513) addi a0, a0, 2730
x10 <- 0xFFFFFFFFAAAAAAAA
mem[X,0x00000000800043E0] -> 0x1513
mem[X,0x00000000800043E2] -> 0x00B5
[4349] [M]: 0x00000000800043E0 (0x00B51513) slli a0, a0, 11
x10 <- 0xFFFFFD5555555000
mem[X,0x00000000800043E4] -> 0x0513
mem[X,0x00000000800043E6] -> 0x5555
[4350] [M]: 0x00000000800043E4 (0x55550513) addi a0, a0, 1365
x10 <- 0xFFFFFD5555555555
mem[X,0x00000000800043E8] -> 0x1513
mem[X,0x00000000800043EA] -> 0x00B5
[4351] [M]: 0x00000000800043E8 (0x00B51513) slli a0, a0, 11
x10 <- 0xFFEAAAAAAAAAA800
mem[X,0x00000000800043EC] -> 0x0513
mem[X,0x00000000800043EE] -> 0x2AA5
[4352] [M]: 0x00000000800043EC (0x2AA50513) addi a0, a0, 682
x10 <- 0xFFEAAAAAAAAAAAAA
mem[X,0x00000000800043F0] -> 0x1513
mem[X,0x00000000800043F2] -> 0x00A5
[4353] [M]: 0x00000000800043F0 (0x00A51513) slli a0, a0, 10
x10 <- 0xAAAAAAAAAAAAA800
mem[X,0x00000000800043F4] -> 0x0513
mem[X,0x00000000800043F6] -> 0x2AB5
[4354] [M]: 0x00000000800043F4 (0x2AB50513) addi a0, a0, 683
x10 <- 0xAAAAAAAAAAAAAAAB
mem[X,0x00000000800043F8] -> 0x3593
mem[X,0x00000000800043FA] -> 0x03E5
[4355] [M]: 0x00000000800043F8 (0x03E53593) sltiu a1, a0, 62
x11 <- 0x0000000000000000
mem[X,0x00000000800043FC] -> 0x3823
mem[X,0x00000000800043FE] -> 0x20B1
[4356] [M]: 0x00000000800043FC (0x20B13823) sd a1, 528(sp)
mem[0x00000000800093D8] <- 0x0000000000000000
mem[X,0x0000000080004400] -> 0xB537
mem[X,0x0000000080004402] -> 0xAAAA
[4357] [M]: 0x0000000080004400 (0xAAAAB537) lui a0, 699051
x10 <- 0xFFFFFFFFAAAAB000
mem[X,0x0000000080004404] -> 0x0513
mem[X,0x0000000080004406] -> 0xAAA5
[4358] [M]: 0x0000000080004404 (0xAAA50513) addi a0, a0, 2730
x10 <- 0xFFFFFFFFAAAAAAAA
mem[X,0x0000000080004408] -> 0x1513
mem[X,0x000000008000440A] -> 0x00B5
[4359] [M]: 0x0000000080004408 (0x00B51513) slli a0, a0, 11
x10 <- 0xFFFFFD5555555000
mem[X,0x000000008000440C] -> 0x0513
mem[X,0x000000008000440E] -> 0x5555
[4360] [M]: 0x000000008000440C (0x55550513) addi a0, a0, 1365
x10 <- 0xFFFFFD5555555555
mem[X,0x0000000080004410] -> 0x1513
mem[X,0x0000000080004412] -> 0x00B5
[4361] [M]: 0x0000000080004410 (0x00B51513) slli a0, a0, 11
x10 <- 0xFFEAAAAAAAAAA800
mem[X,0x0000000080004414] -> 0x0513
mem[X,0x0000000080004416] -> 0x2AA5
[4362] [M]: 0x0000000080004414 (0x2AA50513) addi a0, a0, 682
x10 <- 0xFFEAAAAAAAAAAAAA
mem[X,0x0000000080004418] -> 0x1513
mem[X,0x000000008000441A] -> 0x00A5
[4363] [M]: 0x0000000080004418 (0x00A51513) slli a0, a0, 10
x10 <- 0xAAAAAAAAAAAAA800
mem[X,0x000000008000441C] -> 0x0513
mem[X,0x000000008000441E] -> 0x2AB5
[4364] [M]: 0x000000008000441C (0x2AB50513) addi a0, a0, 683
x10 <- 0xAAAAAAAAAAAAAAAB
mem[X,0x0000000080004420] -> 0x3593
mem[X,0x0000000080004422] -> 0x5565
[4365] [M]: 0x0000000080004420 (0x55653593) sltiu a1, a0, 1366
x11 <- 0x0000000000000000
mem[X,0x0000000080004424] -> 0x3C23
mem[X,0x0000000080004426] -> 0x20B1
[4366] [M]: 0x0000000080004424 (0x20B13C23) sd a1, 536(sp)
mem[0x00000000800093E0] <- 0x0000000000000000
mem[X,0x0000000080004428] -> 0xB537
mem[X,0x000000008000442A] -> 0xAAAA
[4367] [M]: 0x0000000080004428 (0xAAAAB537) lui a0, 699051
x10 <- 0xFFFFFFFFAAAAB000
mem[X,0x000000008000442C] -> 0x0513
mem[X,0x000000008000442E] -> 0xAAA5
[4368] [M]: 0x000000008000442C (0xAAA50513) addi a0, a0, 2730
x10 <- 0xFFFFFFFFAAAAAAAA
mem[X,0x0000000080004430] -> 0x1513
mem[X,0x0000000080004432] -> 0x00B5
[4369] [M]: 0x0000000080004430 (0x00B51513) slli a0, a0, 11
x10 <- 0xFFFFFD5555555000
mem[X,0x0000000080004434] -> 0x0513
mem[X,0x0000000080004436] -> 0x5555
[4370] [M]: 0x0000000080004434 (0x55550513) addi a0, a0, 1365
x10 <- 0xFFFFFD5555555555
mem[X,0x0000000080004438] -> 0x1513
mem[X,0x000000008000443A] -> 0x00B5
[4371] [M]: 0x0000000080004438 (0x00B51513) slli a0, a0, 11
x10 <- 0xFFEAAAAAAAAAA800
mem[X,0x000000008000443C] -> 0x0513
mem[X,0x000000008000443E] -> 0x2AA5
[4372] [M]: 0x000000008000443C (0x2AA50513) addi a0, a0, 682
x10 <- 0xFFEAAAAAAAAAAAAA
mem[X,0x0000000080004440] -> 0x1513
mem[X,0x0000000080004442] -> 0x00A5
[4373] [M]: 0x0000000080004440 (0x00A51513) slli a0, a0, 10
x10 <- 0xAAAAAAAAAAAAA800
mem[X,0x0000000080004444] -> 0x0513
mem[X,0x0000000080004446] -> 0x2AB5
[4374] [M]: 0x0000000080004444 (0x2AB50513) addi a0, a0, 683
x10 <- 0xAAAAAAAAAAAAAAAB
mem[X,0x0000000080004448] -> 0x3593
mem[X,0x000000008000444A] -> 0xAAB5
[4375] [M]: 0x0000000080004448 (0xAAB53593) sltiu a1, a0, 2731
x11 <- 0x0000000000000001
mem[X,0x000000008000444C] -> 0x3023
mem[X,0x000000008000444E] -> 0x22B1
[4376] [M]: 0x000000008000444C (0x22B13023) sd a1, 544(sp)
mem[0x00000000800093E8] <- 0x0000000000000001
mem[X,0x0000000080004450] -> 0xB537
mem[X,0x0000000080004452] -> 0xAAAA
[4377] [M]: 0x0000000080004450 (0xAAAAB537) lui a0, 699051
x10 <- 0xFFFFFFFFAAAAB000
mem[X,0x0000000080004454] -> 0x0513
mem[X,0x0000000080004456] -> 0xAAA5
[4378] [M]: 0x0000000080004454 (0xAAA50513) addi a0, a0, 2730
x10 <- 0xFFFFFFFFAAAAAAAA
mem[X,0x0000000080004458] -> 0x1513
mem[X,0x000000008000445A] -> 0x00B5
[4379] [M]: 0x0000000080004458 (0x00B51513) slli a0, a0, 11
x10 <- 0xFFFFFD5555555000
mem[X,0x000000008000445C] -> 0x0513
mem[X,0x000000008000445E] -> 0x5555
[4380] [M]: 0x000000008000445C (0x55550513) addi a0, a0, 1365
x10 <- 0xFFFFFD5555555555
mem[X,0x0000000080004460] -> 0x1513
mem[X,0x0000000080004462] -> 0x00B5
[4381] [M]: 0x0000000080004460 (0x00B51513) slli a0, a0, 11
x10 <- 0xFFEAAAAAAAAAA800
mem[X,0x0000000080004464] -> 0x0513
mem[X,0x0000000080004466] -> 0x2AA5
[4382] [M]: 0x0000000080004464 (0x2AA50513) addi a0, a0, 682
x10 <- 0xFFEAAAAAAAAAAAAA
mem[X,0x0000000080004468] -> 0x1513
mem[X,0x000000008000446A] -> 0x00A5
[4383] [M]: 0x0000000080004468 (0x00A51513) slli a0, a0, 10
x10 <- 0xAAAAAAAAAAAAA800
mem[X,0x000000008000446C] -> 0x0513
mem[X,0x000000008000446E] -> 0x2AB5
[4384] [M]: 0x000000008000446C (0x2AB50513) addi a0, a0, 683
x10 <- 0xAAAAAAAAAAAAAAAB
mem[X,0x0000000080004470] -> 0x3593
mem[X,0x0000000080004472] -> 0x0065
[4385] [M]: 0x0000000080004470 (0x00653593) sltiu a1, a0, 6
x11 <- 0x0000000000000000
mem[X,0x0000000080004474] -> 0x3423
mem[X,0x0000000080004476] -> 0x22B1
[4386] [M]: 0x0000000080004474 (0x22B13423) sd a1, 552(sp)
mem[0x00000000800093F0] <- 0x0000000000000000
mem[X,0x0000000080004478] -> 0xB537
mem[X,0x000000008000447A] -> 0xAAAA
[4387] [M]: 0x0000000080004478 (0xAAAAB537) lui a0, 699051
x10 <- 0xFFFFFFFFAAAAB000
mem[X,0x000000008000447C] -> 0x0513
mem[X,0x000000008000447E] -> 0xAAA5
[4388] [M]: 0x000000008000447C (0xAAA50513) addi a0, a0, 2730
x10 <- 0xFFFFFFFFAAAAAAAA
mem[X,0x0000000080004480] -> 0x1513
mem[X,0x0000000080004482] -> 0x00B5
[4389] [M]: 0x0000000080004480 (0x00B51513) slli a0, a0, 11
x10 <- 0xFFFFFD5555555000
mem[X,0x0000000080004484] -> 0x0513
mem[X,0x0000000080004486] -> 0x5555
[4390] [M]: 0x0000000080004484 (0x55550513) addi a0, a0, 1365
x10 <- 0xFFFFFD5555555555
mem[X,0x0000000080004488] -> 0x1513
mem[X,0x000000008000448A] -> 0x00B5
[4391] [M]: 0x0000000080004488 (0x00B51513) slli a0, a0, 11
x10 <- 0xFFEAAAAAAAAAA800
mem[X,0x000000008000448C] -> 0x0513
mem[X,0x000000008000448E] -> 0x2AA5
[4392] [M]: 0x000000008000448C (0x2AA50513) addi a0, a0, 682
x10 <- 0xFFEAAAAAAAAAAAAA
mem[X,0x0000000080004490] -> 0x1513
mem[X,0x0000000080004492] -> 0x00A5
[4393] [M]: 0x0000000080004490 (0x00A51513) slli a0, a0, 10
x10 <- 0xAAAAAAAAAAAAA800
mem[X,0x0000000080004494] -> 0x0513
mem[X,0x0000000080004496] -> 0x2AB5
[4394] [M]: 0x0000000080004494 (0x2AB50513) addi a0, a0, 683
x10 <- 0xAAAAAAAAAAAAAAAB
mem[X,0x0000000080004498] -> 0x3593
mem[X,0x000000008000449A] -> 0x3345
[4395] [M]: 0x0000000080004498 (0x33453593) sltiu a1, a0, 820
x11 <- 0x0000000000000000
mem[X,0x000000008000449C] -> 0x3823
mem[X,0x000000008000449E] -> 0x22B1
[4396] [M]: 0x000000008000449C (0x22B13823) sd a1, 560(sp)
mem[0x00000000800093F8] <- 0x0000000000000000
mem[X,0x00000000800044A0] -> 0xB537
mem[X,0x00000000800044A2] -> 0xAAAA
[4397] [M]: 0x00000000800044A0 (0xAAAAB537) lui a0, 699051
x10 <- 0xFFFFFFFFAAAAB000
mem[X,0x00000000800044A4] -> 0x0513
mem[X,0x00000000800044A6] -> 0xAAA5
[4398] [M]: 0x00000000800044A4 (0xAAA50513) addi a0, a0, 2730
x10 <- 0xFFFFFFFFAAAAAAAA
mem[X,0x00000000800044A8] -> 0x1513
mem[X,0x00000000800044AA] -> 0x00B5
[4399] [M]: 0x00000000800044A8 (0x00B51513) slli a0, a0, 11
x10 <- 0xFFFFFD5555555000
clint::tick mtime <- 0x000000000000002C
 clint timer pending at mtime 0x000000000000002C
htif::tick 0x0000000000000000
mem[X,0x00000000800044AC] -> 0x0513
mem[X,0x00000000800044AE] -> 0x5555
[4400] [M]: 0x00000000800044AC (0x55550513) addi a0, a0, 1365
x10 <- 0xFFFFFD5555555555
mem[X,0x00000000800044B0] -> 0x1513
mem[X,0x00000000800044B2] -> 0x00B5
[4401] [M]: 0x00000000800044B0 (0x00B51513) slli a0, a0, 11
x10 <- 0xFFEAAAAAAAAAA800
mem[X,0x00000000800044B4] -> 0x0513
mem[X,0x00000000800044B6] -> 0x2AA5
[4402] [M]: 0x00000000800044B4 (0x2AA50513) addi a0, a0, 682
x10 <- 0xFFEAAAAAAAAAAAAA
mem[X,0x00000000800044B8] -> 0x1513
mem[X,0x00000000800044BA] -> 0x00A5
[4403] [M]: 0x00000000800044B8 (0x00A51513) slli a0, a0, 10
x10 <- 0xAAAAAAAAAAAAA800
mem[X,0x00000000800044BC] -> 0x0513
mem[X,0x00000000800044BE] -> 0x2AB5
[4404] [M]: 0x00000000800044BC (0x2AB50513) addi a0, a0, 683
x10 <- 0xAAAAAAAAAAAAAAAB
mem[X,0x00000000800044C0] -> 0x3593
mem[X,0x00000000800044C2] -> 0x6675
[4405] [M]: 0x00000000800044C0 (0x66753593) sltiu a1, a0, 1639
x11 <- 0x0000000000000000
mem[X,0x00000000800044C4] -> 0x3C23
mem[X,0x00000000800044C6] -> 0x22B1
[4406] [M]: 0x00000000800044C4 (0x22B13C23) sd a1, 568(sp)
mem[0x0000000080009400] <- 0x0000000000000000
mem[X,0x00000000800044C8] -> 0xB537
mem[X,0x00000000800044CA] -> 0xAAAA
[4407] [M]: 0x00000000800044C8 (0xAAAAB537) lui a0, 699051
x10 <- 0xFFFFFFFFAAAAB000
mem[X,0x00000000800044CC] -> 0x0513
mem[X,0x00000000800044CE] -> 0xAAA5
[4408] [M]: 0x00000000800044CC (0xAAA50513) addi a0, a0, 2730
x10 <- 0xFFFFFFFFAAAAAAAA
mem[X,0x00000000800044D0] -> 0x1513
mem[X,0x00000000800044D2] -> 0x00B5
[4409] [M]: 0x00000000800044D0 (0x00B51513) slli a0, a0, 11
x10 <- 0xFFFFFD5555555000
mem[X,0x00000000800044D4] -> 0x0513
mem[X,0x00000000800044D6] -> 0x5555
[4410] [M]: 0x00000000800044D4 (0x55550513) addi a0, a0, 1365
x10 <- 0xFFFFFD5555555555
mem[X,0x00000000800044D8] -> 0x1513
mem[X,0x00000000800044DA] -> 0x00B5
[4411] [M]: 0x00000000800044D8 (0x00B51513) slli a0, a0, 11
x10 <- 0xFFEAAAAAAAAAA800
mem[X,0x00000000800044DC] -> 0x0513
mem[X,0x00000000800044DE] -> 0x2AA5
[4412] [M]: 0x00000000800044DC (0x2AA50513) addi a0, a0, 682
x10 <- 0xFFEAAAAAAAAAAAAA
mem[X,0x00000000800044E0] -> 0x1513
mem[X,0x00000000800044E2] -> 0x00A5
[4413] [M]: 0x00000000800044E0 (0x00A51513) slli a0, a0, 10
x10 <- 0xAAAAAAAAAAAAA800
mem[X,0x00000000800044E4] -> 0x0513
mem[X,0x00000000800044E6] -> 0x2AB5
[4414] [M]: 0x00000000800044E4 (0x2AB50513) addi a0, a0, 683
x10 <- 0xAAAAAAAAAAAAAAAB
mem[X,0x00000000800044E8] -> 0x3593
mem[X,0x00000000800044EA] -> 0x02E5
[4415] [M]: 0x00000000800044E8 (0x02E53593) sltiu a1, a0, 46
x11 <- 0x0000000000000000
mem[X,0x00000000800044EC] -> 0x3023
mem[X,0x00000000800044EE] -> 0x24B1
[4416] [M]: 0x00000000800044EC (0x24B13023) sd a1, 576(sp)
mem[0x0000000080009408] <- 0x0000000000000000
mem[X,0x00000000800044F0] -> 0xB537
mem[X,0x00000000800044F2] -> 0xAAAA
[4417] [M]: 0x00000000800044F0 (0xAAAAB537) lui a0, 699051
x10 <- 0xFFFFFFFFAAAAB000
mem[X,0x00000000800044F4] -> 0x0513
mem[X,0x00000000800044F6] -> 0xAAA5
[4418] [M]: 0x00000000800044F4 (0xAAA50513) addi a0, a0, 2730
x10 <- 0xFFFFFFFFAAAAAAAA
mem[X,0x00000000800044F8] -> 0x1513
mem[X,0x00000000800044FA] -> 0x00B5
[4419] [M]: 0x00000000800044F8 (0x00B51513) slli a0, a0, 11
x10 <- 0xFFFFFD5555555000
mem[X,0x00000000800044FC] -> 0x0513
mem[X,0x00000000800044FE] -> 0x5555
[4420] [M]: 0x00000000800044FC (0x55550513) addi a0, a0, 1365
x10 <- 0xFFFFFD5555555555
mem[X,0x0000000080004500] -> 0x1513
mem[X,0x0000000080004502] -> 0x00B5
[4421] [M]: 0x0000000080004500 (0x00B51513) slli a0, a0, 11
x10 <- 0xFFEAAAAAAAAAA800
mem[X,0x0000000080004504] -> 0x0513
mem[X,0x0000000080004506] -> 0x2AA5
[4422] [M]: 0x0000000080004504 (0x2AA50513) addi a0, a0, 682
x10 <- 0xFFEAAAAAAAAAAAAA
mem[X,0x0000000080004508] -> 0x1513
mem[X,0x000000008000450A] -> 0x00A5
[4423] [M]: 0x0000000080004508 (0x00A51513) slli a0, a0, 10
x10 <- 0xAAAAAAAAAAAAA800
mem[X,0x000000008000450C] -> 0x0513
mem[X,0x000000008000450E] -> 0x2AB5
[4424] [M]: 0x000000008000450C (0x2AB50513) addi a0, a0, 683
x10 <- 0xAAAAAAAAAAAAAAAB
mem[X,0x0000000080004510] -> 0x3593
mem[X,0x0000000080004512] -> 0x0015
[4425] [M]: 0x0000000080004510 (0x00153593) sltiu a1, a0, 1
x11 <- 0x0000000000000000
mem[X,0x0000000080004514] -> 0x3423
mem[X,0x0000000080004516] -> 0x24B1
[4426] [M]: 0x0000000080004514 (0x24B13423) sd a1, 584(sp)
mem[0x0000000080009410] <- 0x0000000000000000
mem[X,0x0000000080004518] -> 0xB537
mem[X,0x000000008000451A] -> 0xAAAA
[4427] [M]: 0x0000000080004518 (0xAAAAB537) lui a0, 699051
x10 <- 0xFFFFFFFFAAAAB000
mem[X,0x000000008000451C] -> 0x0513
mem[X,0x000000008000451E] -> 0xAAA5
[4428] [M]: 0x000000008000451C (0xAAA50513) addi a0, a0, 2730
x10 <- 0xFFFFFFFFAAAAAAAA
mem[X,0x0000000080004520] -> 0x1513
mem[X,0x0000000080004522] -> 0x00B5
[4429] [M]: 0x0000000080004520 (0x00B51513) slli a0, a0, 11
x10 <- 0xFFFFFD5555555000
mem[X,0x0000000080004524] -> 0x0513
mem[X,0x0000000080004526] -> 0x5555
[4430] [M]: 0x0000000080004524 (0x55550513) addi a0, a0, 1365
x10 <- 0xFFFFFD5555555555
mem[X,0x0000000080004528] -> 0x1513
mem[X,0x000000008000452A] -> 0x00B5
[4431] [M]: 0x0000000080004528 (0x00B51513) slli a0, a0, 11
x10 <- 0xFFEAAAAAAAAAA800
mem[X,0x000000008000452C] -> 0x0513
mem[X,0x000000008000452E] -> 0x2AA5
[4432] [M]: 0x000000008000452C (0x2AA50513) addi a0, a0, 682
x10 <- 0xFFEAAAAAAAAAAAAA
mem[X,0x0000000080004530] -> 0x1513
mem[X,0x0000000080004532] -> 0x00A5
[4433] [M]: 0x0000000080004530 (0x00A51513) slli a0, a0, 10
x10 <- 0xAAAAAAAAAAAAA800
mem[X,0x0000000080004534] -> 0x0513
mem[X,0x0000000080004536] -> 0x2AB5
[4434] [M]: 0x0000000080004534 (0x2AB50513) addi a0, a0, 683
x10 <- 0xAAAAAAAAAAAAAAAB
mem[X,0x0000000080004538] -> 0x3593
mem[X,0x000000008000453A] -> 0x0405
[4435] [M]: 0x0000000080004538 (0x04053593) sltiu a1, a0, 64
x11 <- 0x0000000000000000
mem[X,0x000000008000453C] -> 0x3823
mem[X,0x000000008000453E] -> 0x24B1
[4436] [M]: 0x000000008000453C (0x24B13823) sd a1, 592(sp)
mem[0x0000000080009418] <- 0x0000000000000000
mem[X,0x0000000080004540] -> 0x0513
mem[X,0x0000000080004542] -> 0x0060
[4437] [M]: 0x0000000080004540 (0x00600513) addi a0, zero, 6
x10 <- 0x0000000000000006
mem[X,0x0000000080004544] -> 0x3593
mem[X,0x0000000080004546] -> 0x0035
[4438] [M]: 0x0000000080004544 (0x00353593) sltiu a1, a0, 3
x11 <- 0x0000000000000000
mem[X,0x0000000080004548] -> 0x3C23
mem[X,0x000000008000454A] -> 0x24B1
[4439] [M]: 0x0000000080004548 (0x24B13C23) sd a1, 600(sp)
mem[0x0000000080009420] <- 0x0000000000000000
mem[X,0x000000008000454C] -> 0x0513
mem[X,0x000000008000454E] -> 0x0060
[4440] [M]: 0x000000008000454C (0x00600513) addi a0, zero, 6
x10 <- 0x0000000000000006
mem[X,0x0000000080004550] -> 0x3593
mem[X,0x0000000080004552] -> 0x5555
[4441] [M]: 0x0000000080004550 (0x55553593) sltiu a1, a0, 1365
x11 <- 0x0000000000000001
mem[X,0x0000000080004554] -> 0x3023
mem[X,0x0000000080004556] -> 0x26B1
[4442] [M]: 0x0000000080004554 (0x26B13023) sd a1, 608(sp)
mem[0x0000000080009428] <- 0x0000000000000001
mem[X,0x0000000080004558] -> 0x0513
mem[X,0x000000008000455A] -> 0x0060
[4443] [M]: 0x0000000080004558 (0x00600513) addi a0, zero, 6
x10 <- 0x0000000000000006
mem[X,0x000000008000455C] -> 0x3593
mem[X,0x000000008000455E] -> 0xAAA5
[4444] [M]: 0x000000008000455C (0xAAA53593) sltiu a1, a0, 2730
x11 <- 0x0000000000000001
mem[X,0x0000000080004560] -> 0x3423
mem[X,0x0000000080004562] -> 0x26B1
[4445] [M]: 0x0000000080004560 (0x26B13423) sd a1, 616(sp)
mem[0x0000000080009430] <- 0x0000000000000001
mem[X,0x0000000080004564] -> 0x0513
mem[X,0x0000000080004566] -> 0x0060
[4446] [M]: 0x0000000080004564 (0x00600513) addi a0, zero, 6
x10 <- 0x0000000000000006
mem[X,0x0000000080004568] -> 0x3593
mem[X,0x000000008000456A] -> 0x0055
[4447] [M]: 0x0000000080004568 (0x00553593) sltiu a1, a0, 5
x11 <- 0x0000000000000000
mem[X,0x000000008000456C] -> 0x3823
mem[X,0x000000008000456E] -> 0x26B1
[4448] [M]: 0x000000008000456C (0x26B13823) sd a1, 624(sp)
mem[0x0000000080009438] <- 0x0000000000000000
mem[X,0x0000000080004570] -> 0x0513
mem[X,0x0000000080004572] -> 0x0060
[4449] [M]: 0x0000000080004570 (0x00600513) addi a0, zero, 6
x10 <- 0x0000000000000006
mem[X,0x0000000080004574] -> 0x3593
mem[X,0x0000000080004576] -> 0x3335
[4450] [M]: 0x0000000080004574 (0x33353593) sltiu a1, a0, 819
x11 <- 0x0000000000000001
mem[X,0x0000000080004578] -> 0x3C23
mem[X,0x000000008000457A] -> 0x26B1
[4451] [M]: 0x0000000080004578 (0x26B13C23) sd a1, 632(sp)
mem[0x0000000080009440] <- 0x0000000000000001
mem[X,0x000000008000457C] -> 0x0513
mem[X,0x000000008000457E] -> 0x0060
[4452] [M]: 0x000000008000457C (0x00600513) addi a0, zero, 6
x10 <- 0x0000000000000006
mem[X,0x0000000080004580] -> 0x3593
mem[X,0x0000000080004582] -> 0x6665
[4453] [M]: 0x0000000080004580 (0x66653593) sltiu a1, a0, 1638
x11 <- 0x0000000000000001
mem[X,0x0000000080004584] -> 0x3023
mem[X,0x0000000080004586] -> 0x28B1
[4454] [M]: 0x0000000080004584 (0x28B13023) sd a1, 640(sp)
mem[0x0000000080009448] <- 0x0000000000000001
mem[X,0x0000000080004588] -> 0x0513
mem[X,0x000000008000458A] -> 0x0060
[4455] [M]: 0x0000000080004588 (0x00600513) addi a0, zero, 6
x10 <- 0x0000000000000006
mem[X,0x000000008000458C] -> 0x3593
mem[X,0x000000008000458E] -> 0x02D5
[4456] [M]: 0x000000008000458C (0x02D53593) sltiu a1, a0, 45
x11 <- 0x0000000000000001
mem[X,0x0000000080004590] -> 0x3423
mem[X,0x0000000080004592] -> 0x28B1
[4457] [M]: 0x0000000080004590 (0x28B13423) sd a1, 648(sp)
mem[0x0000000080009450] <- 0x0000000000000001
mem[X,0x0000000080004594] -> 0x0513
mem[X,0x0000000080004596] -> 0x0060
[4458] [M]: 0x0000000080004594 (0x00600513) addi a0, zero, 6
x10 <- 0x0000000000000006
mem[X,0x0000000080004598] -> 0x3593
mem[X,0x000000008000459A] -> 0x0005
[4459] [M]: 0x0000000080004598 (0x00053593) sltiu a1, a0, 0
x11 <- 0x0000000000000000
mem[X,0x000000008000459C] -> 0x3823
mem[X,0x000000008000459E] -> 0x28B1
[4460] [M]: 0x000000008000459C (0x28B13823) sd a1, 656(sp)
mem[0x0000000080009458] <- 0x0000000000000000
mem[X,0x00000000800045A0] -> 0x0513
mem[X,0x00000000800045A2] -> 0x0060
[4461] [M]: 0x00000000800045A0 (0x00600513) addi a0, zero, 6
x10 <- 0x0000000000000006
mem[X,0x00000000800045A4] -> 0x3593
mem[X,0x00000000800045A6] -> 0x03F5
[4462] [M]: 0x00000000800045A4 (0x03F53593) sltiu a1, a0, 63
x11 <- 0x0000000000000001
mem[X,0x00000000800045A8] -> 0x3C23
mem[X,0x00000000800045AA] -> 0x28B1
[4463] [M]: 0x00000000800045A8 (0x28B13C23) sd a1, 664(sp)
mem[0x0000000080009460] <- 0x0000000000000001
mem[X,0x00000000800045AC] -> 0x0513
mem[X,0x00000000800045AE] -> 0x0060
[4464] [M]: 0x00000000800045AC (0x00600513) addi a0, zero, 6
x10 <- 0x0000000000000006
mem[X,0x00000000800045B0] -> 0x3593
mem[X,0x00000000800045B2] -> 0x0025
[4465] [M]: 0x00000000800045B0 (0x00253593) sltiu a1, a0, 2
x11 <- 0x0000000000000000
mem[X,0x00000000800045B4] -> 0x3023
mem[X,0x00000000800045B6] -> 0x2AB1
[4466] [M]: 0x00000000800045B4 (0x2AB13023) sd a1, 672(sp)
mem[0x0000000080009468] <- 0x0000000000000000
mem[X,0x00000000800045B8] -> 0x0513
mem[X,0x00000000800045BA] -> 0x0060
[4467] [M]: 0x00000000800045B8 (0x00600513) addi a0, zero, 6
x10 <- 0x0000000000000006
mem[X,0x00000000800045BC] -> 0x3593
mem[X,0x00000000800045BE] -> 0x5545
[4468] [M]: 0x00000000800045BC (0x55453593) sltiu a1, a0, 1364
x11 <- 0x0000000000000001
mem[X,0x00000000800045C0] -> 0x3423
mem[X,0x00000000800045C2] -> 0x2AB1
[4469] [M]: 0x00000000800045C0 (0x2AB13423) sd a1, 680(sp)
mem[0x0000000080009470] <- 0x0000000000000001
mem[X,0x00000000800045C4] -> 0x0513
mem[X,0x00000000800045C6] -> 0x0060
[4470] [M]: 0x00000000800045C4 (0x00600513) addi a0, zero, 6
x10 <- 0x0000000000000006
mem[X,0x00000000800045C8] -> 0x3593
mem[X,0x00000000800045CA] -> 0xAA95
[4471] [M]: 0x00000000800045C8 (0xAA953593) sltiu a1, a0, 2729
x11 <- 0x0000000000000001
mem[X,0x00000000800045CC] -> 0x3823
mem[X,0x00000000800045CE] -> 0x2AB1
[4472] [M]: 0x00000000800045CC (0x2AB13823) sd a1, 688(sp)
mem[0x0000000080009478] <- 0x0000000000000001
mem[X,0x00000000800045D0] -> 0x0513
mem[X,0x00000000800045D2] -> 0x0060
[4473] [M]: 0x00000000800045D0 (0x00600513) addi a0, zero, 6
x10 <- 0x0000000000000006
mem[X,0x00000000800045D4] -> 0x3593
mem[X,0x00000000800045D6] -> 0x0045
[4474] [M]: 0x00000000800045D4 (0x00453593) sltiu a1, a0, 4
x11 <- 0x0000000000000000
mem[X,0x00000000800045D8] -> 0x3C23
mem[X,0x00000000800045DA] -> 0x2AB1
[4475] [M]: 0x00000000800045D8 (0x2AB13C23) sd a1, 696(sp)
mem[0x0000000080009480] <- 0x0000000000000000
mem[X,0x00000000800045DC] -> 0x0513
mem[X,0x00000000800045DE] -> 0x0060
[4476] [M]: 0x00000000800045DC (0x00600513) addi a0, zero, 6
x10 <- 0x0000000000000006
mem[X,0x00000000800045E0] -> 0x3593
mem[X,0x00000000800045E2] -> 0x3325
[4477] [M]: 0x00000000800045E0 (0x33253593) sltiu a1, a0, 818
x11 <- 0x0000000000000001
mem[X,0x00000000800045E4] -> 0x3023
mem[X,0x00000000800045E6] -> 0x2CB1
[4478] [M]: 0x00000000800045E4 (0x2CB13023) sd a1, 704(sp)
mem[0x0000000080009488] <- 0x0000000000000001
mem[X,0x00000000800045E8] -> 0x0513
mem[X,0x00000000800045EA] -> 0x0060
[4479] [M]: 0x00000000800045E8 (0x00600513) addi a0, zero, 6
x10 <- 0x0000000000000006
mem[X,0x00000000800045EC] -> 0x3593
mem[X,0x00000000800045EE] -> 0x6655
[4480] [M]: 0x00000000800045EC (0x66553593) sltiu a1, a0, 1637
x11 <- 0x0000000000000001
mem[X,0x00000000800045F0] -> 0x3423
mem[X,0x00000000800045F2] -> 0x2CB1
[4481] [M]: 0x00000000800045F0 (0x2CB13423) sd a1, 712(sp)
mem[0x0000000080009490] <- 0x0000000000000001
mem[X,0x00000000800045F4] -> 0x0513
mem[X,0x00000000800045F6] -> 0x0060
[4482] [M]: 0x00000000800045F4 (0x00600513) addi a0, zero, 6
x10 <- 0x0000000000000006
mem[X,0x00000000800045F8] -> 0x3593
mem[X,0x00000000800045FA] -> 0x02C5
[4483] [M]: 0x00000000800045F8 (0x02C53593) sltiu a1, a0, 44
x11 <- 0x0000000000000001
mem[X,0x00000000800045FC] -> 0x3823
mem[X,0x00000000800045FE] -> 0x2CB1
[4484] [M]: 0x00000000800045FC (0x2CB13823) sd a1, 720(sp)
mem[0x0000000080009498] <- 0x0000000000000001
mem[X,0x0000000080004600] -> 0x0513
mem[X,0x0000000080004602] -> 0x0060
[4485] [M]: 0x0000000080004600 (0x00600513) addi a0, zero, 6
x10 <- 0x0000000000000006
mem[X,0x0000000080004604] -> 0x3593
mem[X,0x0000000080004606] -> 0x03E5
[4486] [M]: 0x0000000080004604 (0x03E53593) sltiu a1, a0, 62
x11 <- 0x0000000000000001
mem[X,0x0000000080004608] -> 0x3C23
mem[X,0x000000008000460A] -> 0x2CB1
[4487] [M]: 0x0000000080004608 (0x2CB13C23) sd a1, 728(sp)
mem[0x00000000800094A0] <- 0x0000000000000001
mem[X,0x000000008000460C] -> 0x0513
mem[X,0x000000008000460E] -> 0x0060
[4488] [M]: 0x000000008000460C (0x00600513) addi a0, zero, 6
x10 <- 0x0000000000000006
mem[X,0x0000000080004610] -> 0x3593
mem[X,0x0000000080004612] -> 0x5565
[4489] [M]: 0x0000000080004610 (0x55653593) sltiu a1, a0, 1366
x11 <- 0x0000000000000001
mem[X,0x0000000080004614] -> 0x3023
mem[X,0x0000000080004616] -> 0x2EB1
[4490] [M]: 0x0000000080004614 (0x2EB13023) sd a1, 736(sp)
mem[0x00000000800094A8] <- 0x0000000000000001
mem[X,0x0000000080004618] -> 0x0513
mem[X,0x000000008000461A] -> 0x0060
[4491] [M]: 0x0000000080004618 (0x00600513) addi a0, zero, 6
x10 <- 0x0000000000000006
mem[X,0x000000008000461C] -> 0x3593
mem[X,0x000000008000461E] -> 0xAAB5
[4492] [M]: 0x000000008000461C (0xAAB53593) sltiu a1, a0, 2731
x11 <- 0x0000000000000001
mem[X,0x0000000080004620] -> 0x3423
mem[X,0x0000000080004622] -> 0x2EB1
[4493] [M]: 0x0000000080004620 (0x2EB13423) sd a1, 744(sp)
mem[0x00000000800094B0] <- 0x0000000000000001
mem[X,0x0000000080004624] -> 0x0513
mem[X,0x0000000080004626] -> 0x0060
[4494] [M]: 0x0000000080004624 (0x00600513) addi a0, zero, 6
x10 <- 0x0000000000000006
mem[X,0x0000000080004628] -> 0x3593
mem[X,0x000000008000462A] -> 0x0065
[4495] [M]: 0x0000000080004628 (0x00653593) sltiu a1, a0, 6
x11 <- 0x0000000000000000
mem[X,0x000000008000462C] -> 0x3823
mem[X,0x000000008000462E] -> 0x2EB1
[4496] [M]: 0x000000008000462C (0x2EB13823) sd a1, 752(sp)
mem[0x00000000800094B8] <- 0x0000000000000000
mem[X,0x0000000080004630] -> 0x0513
mem[X,0x0000000080004632] -> 0x0060
[4497] [M]: 0x0000000080004630 (0x00600513) addi a0, zero, 6
x10 <- 0x0000000000000006
mem[X,0x0000000080004634] -> 0x3593
mem[X,0x0000000080004636] -> 0x3345
[4498] [M]: 0x0000000080004634 (0x33453593) sltiu a1, a0, 820
x11 <- 0x0000000000000001
mem[X,0x0000000080004638] -> 0x3C23
mem[X,0x000000008000463A] -> 0x2EB1
[4499] [M]: 0x0000000080004638 (0x2EB13C23) sd a1, 760(sp)
mem[0x00000000800094C0] <- 0x0000000000000001
clint::tick mtime <- 0x000000000000002D
 clint timer pending at mtime 0x000000000000002D
htif::tick 0x0000000000000000
mem[X,0x000000008000463C] -> 0x0513
mem[X,0x000000008000463E] -> 0x0060
[4500] [M]: 0x000000008000463C (0x00600513) addi a0, zero, 6
x10 <- 0x0000000000000006
mem[X,0x0000000080004640] -> 0x3593
mem[X,0x0000000080004642] -> 0x6675
[4501] [M]: 0x0000000080004640 (0x66753593) sltiu a1, a0, 1639
x11 <- 0x0000000000000001
mem[X,0x0000000080004644] -> 0x3023
mem[X,0x0000000080004646] -> 0x30B1
[4502] [M]: 0x0000000080004644 (0x30B13023) sd a1, 768(sp)
mem[0x00000000800094C8] <- 0x0000000000000001
mem[X,0x0000000080004648] -> 0x0537
mem[X,0x000000008000464A] -> 0x0000
[4503] [M]: 0x0000000080004648 (0x00000537) lui a0, 0
x10 <- 0x0000000000000000
mem[X,0x000000008000464C] -> 0x0513
mem[X,0x000000008000464E] -> 0x0015
[4504] [M]: 0x000000008000464C (0x00150513) addi a0, a0, 1
x10 <- 0x0000000000000001
mem[X,0x0000000080004650] -> 0x1513
mem[X,0x0000000080004652] -> 0x00B5
[4505] [M]: 0x0000000080004650 (0x00B51513) slli a0, a0, 11
x10 <- 0x0000000000000800
mem[X,0x0000000080004654] -> 0x0513
mem[X,0x0000000080004656] -> 0x0005
[4506] [M]: 0x0000000080004654 (0x00050513) addi a0, a0, 0
x10 <- 0x0000000000000800
mem[X,0x0000000080004658] -> 0x1513
mem[X,0x000000008000465A] -> 0x00B5
[4507] [M]: 0x0000000080004658 (0x00B51513) slli a0, a0, 11
x10 <- 0x0000000000400000
mem[X,0x000000008000465C] -> 0x0513
mem[X,0x000000008000465E] -> 0x0005
[4508] [M]: 0x000000008000465C (0x00050513) addi a0, a0, 0
x10 <- 0x0000000000400000
mem[X,0x0000000080004660] -> 0x1513
mem[X,0x0000000080004662] -> 0x00A5
[4509] [M]: 0x0000000080004660 (0x00A51513) slli a0, a0, 10
x10 <- 0x0000000100000000
mem[X,0x0000000080004664] -> 0x0513
mem[X,0x0000000080004666] -> 0x0015
[4510] [M]: 0x0000000080004664 (0x00150513) addi a0, a0, 1
x10 <- 0x0000000100000001
mem[X,0x0000000080004668] -> 0x3593
mem[X,0x000000008000466A] -> 0x02D5
[4511] [M]: 0x0000000080004668 (0x02D53593) sltiu a1, a0, 45
x11 <- 0x0000000000000000
mem[X,0x000000008000466C] -> 0x3423
mem[X,0x000000008000466E] -> 0x30B1
[4512] [M]: 0x000000008000466C (0x30B13423) sd a1, 776(sp)
mem[0x00000000800094D0] <- 0x0000000000000000
mem[X,0x0000000080004670] -> 0x0537
mem[X,0x0000000080004672] -> 0x0000
[4513] [M]: 0x0000000080004670 (0x00000537) lui a0, 0
x10 <- 0x0000000000000000
mem[X,0x0000000080004674] -> 0x0513
mem[X,0x0000000080004676] -> 0x0015
[4514] [M]: 0x0000000080004674 (0x00150513) addi a0, a0, 1
x10 <- 0x0000000000000001
mem[X,0x0000000080004678] -> 0x1513
mem[X,0x000000008000467A] -> 0x00B5
[4515] [M]: 0x0000000080004678 (0x00B51513) slli a0, a0, 11
x10 <- 0x0000000000000800
mem[X,0x000000008000467C] -> 0x0513
mem[X,0x000000008000467E] -> 0x0005
[4516] [M]: 0x000000008000467C (0x00050513) addi a0, a0, 0
x10 <- 0x0000000000000800
mem[X,0x0000000080004680] -> 0x1513
mem[X,0x0000000080004682] -> 0x00B5
[4517] [M]: 0x0000000080004680 (0x00B51513) slli a0, a0, 11
x10 <- 0x0000000000400000
mem[X,0x0000000080004684] -> 0x0513
mem[X,0x0000000080004686] -> 0x0005
[4518] [M]: 0x0000000080004684 (0x00050513) addi a0, a0, 0
x10 <- 0x0000000000400000
mem[X,0x0000000080004688] -> 0x1513
mem[X,0x000000008000468A] -> 0x00A5
[4519] [M]: 0x0000000080004688 (0x00A51513) slli a0, a0, 10
x10 <- 0x0000000100000000
mem[X,0x000000008000468C] -> 0x0513
mem[X,0x000000008000468E] -> 0x0015
[4520] [M]: 0x000000008000468C (0x00150513) addi a0, a0, 1
x10 <- 0x0000000100000001
mem[X,0x0000000080004690] -> 0x3593
mem[X,0x0000000080004692] -> 0x0005
[4521] [M]: 0x0000000080004690 (0x00053593) sltiu a1, a0, 0
x11 <- 0x0000000000000000
mem[X,0x0000000080004694] -> 0x3823
mem[X,0x0000000080004696] -> 0x30B1
[4522] [M]: 0x0000000080004694 (0x30B13823) sd a1, 784(sp)
mem[0x00000000800094D8] <- 0x0000000000000000
mem[X,0x0000000080004698] -> 0x0537
mem[X,0x000000008000469A] -> 0x0000
[4523] [M]: 0x0000000080004698 (0x00000537) lui a0, 0
x10 <- 0x0000000000000000
mem[X,0x000000008000469C] -> 0x0513
mem[X,0x000000008000469E] -> 0x0015
[4524] [M]: 0x000000008000469C (0x00150513) addi a0, a0, 1
x10 <- 0x0000000000000001
mem[X,0x00000000800046A0] -> 0x1513
mem[X,0x00000000800046A2] -> 0x00B5
[4525] [M]: 0x00000000800046A0 (0x00B51513) slli a0, a0, 11
x10 <- 0x0000000000000800
mem[X,0x00000000800046A4] -> 0x0513
mem[X,0x00000000800046A6] -> 0x0005
[4526] [M]: 0x00000000800046A4 (0x00050513) addi a0, a0, 0
x10 <- 0x0000000000000800
mem[X,0x00000000800046A8] -> 0x1513
mem[X,0x00000000800046AA] -> 0x00B5
[4527] [M]: 0x00000000800046A8 (0x00B51513) slli a0, a0, 11
x10 <- 0x0000000000400000
mem[X,0x00000000800046AC] -> 0x0513
mem[X,0x00000000800046AE] -> 0x0005
[4528] [M]: 0x00000000800046AC (0x00050513) addi a0, a0, 0
x10 <- 0x0000000000400000
mem[X,0x00000000800046B0] -> 0x1513
mem[X,0x00000000800046B2] -> 0x00A5
[4529] [M]: 0x00000000800046B0 (0x00A51513) slli a0, a0, 10
x10 <- 0x0000000100000000
mem[X,0x00000000800046B4] -> 0x0513
mem[X,0x00000000800046B6] -> 0x0015
[4530] [M]: 0x00000000800046B4 (0x00150513) addi a0, a0, 1
x10 <- 0x0000000100000001
mem[X,0x00000000800046B8] -> 0x3593
mem[X,0x00000000800046BA] -> 0x03F5
[4531] [M]: 0x00000000800046B8 (0x03F53593) sltiu a1, a0, 63
x11 <- 0x0000000000000000
mem[X,0x00000000800046BC] -> 0x3C23
mem[X,0x00000000800046BE] -> 0x30B1
[4532] [M]: 0x00000000800046BC (0x30B13C23) sd a1, 792(sp)
mem[0x00000000800094E0] <- 0x0000000000000000
mem[X,0x00000000800046C0] -> 0x0537
mem[X,0x00000000800046C2] -> 0x0000
[4533] [M]: 0x00000000800046C0 (0x00000537) lui a0, 0
x10 <- 0x0000000000000000
mem[X,0x00000000800046C4] -> 0x0513
mem[X,0x00000000800046C6] -> 0x0015
[4534] [M]: 0x00000000800046C4 (0x00150513) addi a0, a0, 1
x10 <- 0x0000000000000001
mem[X,0x00000000800046C8] -> 0x1513
mem[X,0x00000000800046CA] -> 0x00B5
[4535] [M]: 0x00000000800046C8 (0x00B51513) slli a0, a0, 11
x10 <- 0x0000000000000800
mem[X,0x00000000800046CC] -> 0x0513
mem[X,0x00000000800046CE] -> 0x0005
[4536] [M]: 0x00000000800046CC (0x00050513) addi a0, a0, 0
x10 <- 0x0000000000000800
mem[X,0x00000000800046D0] -> 0x1513
mem[X,0x00000000800046D2] -> 0x00B5
[4537] [M]: 0x00000000800046D0 (0x00B51513) slli a0, a0, 11
x10 <- 0x0000000000400000
mem[X,0x00000000800046D4] -> 0x0513
mem[X,0x00000000800046D6] -> 0x0005
[4538] [M]: 0x00000000800046D4 (0x00050513) addi a0, a0, 0
x10 <- 0x0000000000400000
mem[X,0x00000000800046D8] -> 0x1513
mem[X,0x00000000800046DA] -> 0x00A5
[4539] [M]: 0x00000000800046D8 (0x00A51513) slli a0, a0, 10
x10 <- 0x0000000100000000
mem[X,0x00000000800046DC] -> 0x0513
mem[X,0x00000000800046DE] -> 0x0015
[4540] [M]: 0x00000000800046DC (0x00150513) addi a0, a0, 1
x10 <- 0x0000000100000001
mem[X,0x00000000800046E0] -> 0x3593
mem[X,0x00000000800046E2] -> 0x0025
[4541] [M]: 0x00000000800046E0 (0x00253593) sltiu a1, a0, 2
x11 <- 0x0000000000000000
mem[X,0x00000000800046E4] -> 0x3023
mem[X,0x00000000800046E6] -> 0x32B1
[4542] [M]: 0x00000000800046E4 (0x32B13023) sd a1, 800(sp)
mem[0x00000000800094E8] <- 0x0000000000000000
mem[X,0x00000000800046E8] -> 0x0537
mem[X,0x00000000800046EA] -> 0x0000
[4543] [M]: 0x00000000800046E8 (0x00000537) lui a0, 0
x10 <- 0x0000000000000000
mem[X,0x00000000800046EC] -> 0x0513
mem[X,0x00000000800046EE] -> 0x0015
[4544] [M]: 0x00000000800046EC (0x00150513) addi a0, a0, 1
x10 <- 0x0000000000000001
mem[X,0x00000000800046F0] -> 0x1513
mem[X,0x00000000800046F2] -> 0x00B5
[4545] [M]: 0x00000000800046F0 (0x00B51513) slli a0, a0, 11
x10 <- 0x0000000000000800
mem[X,0x00000000800046F4] -> 0x0513
mem[X,0x00000000800046F6] -> 0x0005
[4546] [M]: 0x00000000800046F4 (0x00050513) addi a0, a0, 0
x10 <- 0x0000000000000800
mem[X,0x00000000800046F8] -> 0x1513
mem[X,0x00000000800046FA] -> 0x00B5
[4547] [M]: 0x00000000800046F8 (0x00B51513) slli a0, a0, 11
x10 <- 0x0000000000400000
mem[X,0x00000000800046FC] -> 0x0513
mem[X,0x00000000800046FE] -> 0x0005
[4548] [M]: 0x00000000800046FC (0x00050513) addi a0, a0, 0
x10 <- 0x0000000000400000
mem[X,0x0000000080004700] -> 0x1513
mem[X,0x0000000080004702] -> 0x00A5
[4549] [M]: 0x0000000080004700 (0x00A51513) slli a0, a0, 10
x10 <- 0x0000000100000000
mem[X,0x0000000080004704] -> 0x0513
mem[X,0x0000000080004706] -> 0x0015
[4550] [M]: 0x0000000080004704 (0x00150513) addi a0, a0, 1
x10 <- 0x0000000100000001
mem[X,0x0000000080004708] -> 0x3593
mem[X,0x000000008000470A] -> 0x5545
[4551] [M]: 0x0000000080004708 (0x55453593) sltiu a1, a0, 1364
x11 <- 0x0000000000000000
mem[X,0x000000008000470C] -> 0x3423
mem[X,0x000000008000470E] -> 0x32B1
[4552] [M]: 0x000000008000470C (0x32B13423) sd a1, 808(sp)
mem[0x00000000800094F0] <- 0x0000000000000000
mem[X,0x0000000080004710] -> 0x0537
mem[X,0x0000000080004712] -> 0x0000
[4553] [M]: 0x0000000080004710 (0x00000537) lui a0, 0
x10 <- 0x0000000000000000
mem[X,0x0000000080004714] -> 0x0513
mem[X,0x0000000080004716] -> 0x0015
[4554] [M]: 0x0000000080004714 (0x00150513) addi a0, a0, 1
x10 <- 0x0000000000000001
mem[X,0x0000000080004718] -> 0x1513
mem[X,0x000000008000471A] -> 0x00B5
[4555] [M]: 0x0000000080004718 (0x00B51513) slli a0, a0, 11
x10 <- 0x0000000000000800
mem[X,0x000000008000471C] -> 0x0513
mem[X,0x000000008000471E] -> 0x0005
[4556] [M]: 0x000000008000471C (0x00050513) addi a0, a0, 0
x10 <- 0x0000000000000800
mem[X,0x0000000080004720] -> 0x1513
mem[X,0x0000000080004722] -> 0x00B5
[4557] [M]: 0x0000000080004720 (0x00B51513) slli a0, a0, 11
x10 <- 0x0000000000400000
mem[X,0x0000000080004724] -> 0x0513
mem[X,0x0000000080004726] -> 0x0005
[4558] [M]: 0x0000000080004724 (0x00050513) addi a0, a0, 0
x10 <- 0x0000000000400000
mem[X,0x0000000080004728] -> 0x1513
mem[X,0x000000008000472A] -> 0x00A5
[4559] [M]: 0x0000000080004728 (0x00A51513) slli a0, a0, 10
x10 <- 0x0000000100000000
mem[X,0x000000008000472C] -> 0x0513
mem[X,0x000000008000472E] -> 0x0015
[4560] [M]: 0x000000008000472C (0x00150513) addi a0, a0, 1
x10 <- 0x0000000100000001
mem[X,0x0000000080004730] -> 0x3593
mem[X,0x0000000080004732] -> 0xAA95
[4561] [M]: 0x0000000080004730 (0xAA953593) sltiu a1, a0, 2729
x11 <- 0x0000000000000001
mem[X,0x0000000080004734] -> 0x3823
mem[X,0x0000000080004736] -> 0x32B1
[4562] [M]: 0x0000000080004734 (0x32B13823) sd a1, 816(sp)
mem[0x00000000800094F8] <- 0x0000000000000001
mem[X,0x0000000080004738] -> 0x0537
mem[X,0x000000008000473A] -> 0x0000
[4563] [M]: 0x0000000080004738 (0x00000537) lui a0, 0
x10 <- 0x0000000000000000
mem[X,0x000000008000473C] -> 0x0513
mem[X,0x000000008000473E] -> 0x0015
[4564] [M]: 0x000000008000473C (0x00150513) addi a0, a0, 1
x10 <- 0x0000000000000001
mem[X,0x0000000080004740] -> 0x1513
mem[X,0x0000000080004742] -> 0x00B5
[4565] [M]: 0x0000000080004740 (0x00B51513) slli a0, a0, 11
x10 <- 0x0000000000000800
mem[X,0x0000000080004744] -> 0x0513
mem[X,0x0000000080004746] -> 0x0005
[4566] [M]: 0x0000000080004744 (0x00050513) addi a0, a0, 0
x10 <- 0x0000000000000800
mem[X,0x0000000080004748] -> 0x1513
mem[X,0x000000008000474A] -> 0x00B5
[4567] [M]: 0x0000000080004748 (0x00B51513) slli a0, a0, 11
x10 <- 0x0000000000400000
mem[X,0x000000008000474C] -> 0x0513
mem[X,0x000000008000474E] -> 0x0005
[4568] [M]: 0x000000008000474C (0x00050513) addi a0, a0, 0
x10 <- 0x0000000000400000
mem[X,0x0000000080004750] -> 0x1513
mem[X,0x0000000080004752] -> 0x00A5
[4569] [M]: 0x0000000080004750 (0x00A51513) slli a0, a0, 10
x10 <- 0x0000000100000000
mem[X,0x0000000080004754] -> 0x0513
mem[X,0x0000000080004756] -> 0x0015
[4570] [M]: 0x0000000080004754 (0x00150513) addi a0, a0, 1
x10 <- 0x0000000100000001
mem[X,0x0000000080004758] -> 0x3593
mem[X,0x000000008000475A] -> 0x0045
[4571] [M]: 0x0000000080004758 (0x00453593) sltiu a1, a0, 4
x11 <- 0x0000000000000000
mem[X,0x000000008000475C] -> 0x3C23
mem[X,0x000000008000475E] -> 0x32B1
[4572] [M]: 0x000000008000475C (0x32B13C23) sd a1, 824(sp)
mem[0x0000000080009500] <- 0x0000000000000000
mem[X,0x0000000080004760] -> 0x0537
mem[X,0x0000000080004762] -> 0x0000
[4573] [M]: 0x0000000080004760 (0x00000537) lui a0, 0
x10 <- 0x0000000000000000
mem[X,0x0000000080004764] -> 0x0513
mem[X,0x0000000080004766] -> 0x0015
[4574] [M]: 0x0000000080004764 (0x00150513) addi a0, a0, 1
x10 <- 0x0000000000000001
mem[X,0x0000000080004768] -> 0x1513
mem[X,0x000000008000476A] -> 0x00B5
[4575] [M]: 0x0000000080004768 (0x00B51513) slli a0, a0, 11
x10 <- 0x0000000000000800
mem[X,0x000000008000476C] -> 0x0513
mem[X,0x000000008000476E] -> 0x0005
[4576] [M]: 0x000000008000476C (0x00050513) addi a0, a0, 0
x10 <- 0x0000000000000800
mem[X,0x0000000080004770] -> 0x1513
mem[X,0x0000000080004772] -> 0x00B5
[4577] [M]: 0x0000000080004770 (0x00B51513) slli a0, a0, 11
x10 <- 0x0000000000400000
mem[X,0x0000000080004774] -> 0x0513
mem[X,0x0000000080004776] -> 0x0005
[4578] [M]: 0x0000000080004774 (0x00050513) addi a0, a0, 0
x10 <- 0x0000000000400000
mem[X,0x0000000080004778] -> 0x1513
mem[X,0x000000008000477A] -> 0x00A5
[4579] [M]: 0x0000000080004778 (0x00A51513) slli a0, a0, 10
x10 <- 0x0000000100000000
mem[X,0x000000008000477C] -> 0x0513
mem[X,0x000000008000477E] -> 0x0015
[4580] [M]: 0x000000008000477C (0x00150513) addi a0, a0, 1
x10 <- 0x0000000100000001
mem[X,0x0000000080004780] -> 0x3593
mem[X,0x0000000080004782] -> 0x3325
[4581] [M]: 0x0000000080004780 (0x33253593) sltiu a1, a0, 818
x11 <- 0x0000000000000000
mem[X,0x0000000080004784] -> 0x3023
mem[X,0x0000000080004786] -> 0x34B1
[4582] [M]: 0x0000000080004784 (0x34B13023) sd a1, 832(sp)
mem[0x0000000080009508] <- 0x0000000000000000
mem[X,0x0000000080004788] -> 0x0537
mem[X,0x000000008000478A] -> 0x0000
[4583] [M]: 0x0000000080004788 (0x00000537) lui a0, 0
x10 <- 0x0000000000000000
mem[X,0x000000008000478C] -> 0x0513
mem[X,0x000000008000478E] -> 0x0015
[4584] [M]: 0x000000008000478C (0x00150513) addi a0, a0, 1
x10 <- 0x0000000000000001
mem[X,0x0000000080004790] -> 0x1513
mem[X,0x0000000080004792] -> 0x00B5
[4585] [M]: 0x0000000080004790 (0x00B51513) slli a0, a0, 11
x10 <- 0x0000000000000800
mem[X,0x0000000080004794] -> 0x0513
mem[X,0x0000000080004796] -> 0x0005
[4586] [M]: 0x0000000080004794 (0x00050513) addi a0, a0, 0
x10 <- 0x0000000000000800
mem[X,0x0000000080004798] -> 0x1513
mem[X,0x000000008000479A] -> 0x00B5
[4587] [M]: 0x0000000080004798 (0x00B51513) slli a0, a0, 11
x10 <- 0x0000000000400000
mem[X,0x000000008000479C] -> 0x0513
mem[X,0x000000008000479E] -> 0x0005
[4588] [M]: 0x000000008000479C (0x00050513) addi a0, a0, 0
x10 <- 0x0000000000400000
mem[X,0x00000000800047A0] -> 0x1513
mem[X,0x00000000800047A2] -> 0x00A5
[4589] [M]: 0x00000000800047A0 (0x00A51513) slli a0, a0, 10
x10 <- 0x0000000100000000
mem[X,0x00000000800047A4] -> 0x0513
mem[X,0x00000000800047A6] -> 0x0015
[4590] [M]: 0x00000000800047A4 (0x00150513) addi a0, a0, 1
x10 <- 0x0000000100000001
mem[X,0x00000000800047A8] -> 0x3593
mem[X,0x00000000800047AA] -> 0x6655
[4591] [M]: 0x00000000800047A8 (0x66553593) sltiu a1, a0, 1637
x11 <- 0x0000000000000000
mem[X,0x00000000800047AC] -> 0x3423
mem[X,0x00000000800047AE] -> 0x34B1
[4592] [M]: 0x00000000800047AC (0x34B13423) sd a1, 840(sp)
mem[0x0000000080009510] <- 0x0000000000000000
mem[X,0x00000000800047B0] -> 0x0537
mem[X,0x00000000800047B2] -> 0x0000
[4593] [M]: 0x00000000800047B0 (0x00000537) lui a0, 0
x10 <- 0x0000000000000000
mem[X,0x00000000800047B4] -> 0x0513
mem[X,0x00000000800047B6] -> 0x0015
[4594] [M]: 0x00000000800047B4 (0x00150513) addi a0, a0, 1
x10 <- 0x0000000000000001
mem[X,0x00000000800047B8] -> 0x1513
mem[X,0x00000000800047BA] -> 0x00B5
[4595] [M]: 0x00000000800047B8 (0x00B51513) slli a0, a0, 11
x10 <- 0x0000000000000800
mem[X,0x00000000800047BC] -> 0x0513
mem[X,0x00000000800047BE] -> 0x0005
[4596] [M]: 0x00000000800047BC (0x00050513) addi a0, a0, 0
x10 <- 0x0000000000000800
mem[X,0x00000000800047C0] -> 0x1513
mem[X,0x00000000800047C2] -> 0x00B5
[4597] [M]: 0x00000000800047C0 (0x00B51513) slli a0, a0, 11
x10 <- 0x0000000000400000
mem[X,0x00000000800047C4] -> 0x0513
mem[X,0x00000000800047C6] -> 0x0005
[4598] [M]: 0x00000000800047C4 (0x00050513) addi a0, a0, 0
x10 <- 0x0000000000400000
mem[X,0x00000000800047C8] -> 0x1513
mem[X,0x00000000800047CA] -> 0x00A5
[4599] [M]: 0x00000000800047C8 (0x00A51513) slli a0, a0, 10
x10 <- 0x0000000100000000
clint::tick mtime <- 0x000000000000002E
 clint timer pending at mtime 0x000000000000002E
htif::tick 0x0000000000000000
mem[X,0x00000000800047CC] -> 0x0513
mem[X,0x00000000800047CE] -> 0x0015
[4600] [M]: 0x00000000800047CC (0x00150513) addi a0, a0, 1
x10 <- 0x0000000100000001
mem[X,0x00000000800047D0] -> 0x3593
mem[X,0x00000000800047D2] -> 0x02C5
[4601] [M]: 0x00000000800047D0 (0x02C53593) sltiu a1, a0, 44
x11 <- 0x0000000000000000
mem[X,0x00000000800047D4] -> 0x3823
mem[X,0x00000000800047D6] -> 0x34B1
[4602] [M]: 0x00000000800047D4 (0x34B13823) sd a1, 848(sp)
mem[0x0000000080009518] <- 0x0000000000000000
mem[X,0x00000000800047D8] -> 0x0537
mem[X,0x00000000800047DA] -> 0x0000
[4603] [M]: 0x00000000800047D8 (0x00000537) lui a0, 0
x10 <- 0x0000000000000000
mem[X,0x00000000800047DC] -> 0x0513
mem[X,0x00000000800047DE] -> 0x0015
[4604] [M]: 0x00000000800047DC (0x00150513) addi a0, a0, 1
x10 <- 0x0000000000000001
mem[X,0x00000000800047E0] -> 0x1513
mem[X,0x00000000800047E2] -> 0x00B5
[4605] [M]: 0x00000000800047E0 (0x00B51513) slli a0, a0, 11
x10 <- 0x0000000000000800
mem[X,0x00000000800047E4] -> 0x0513
mem[X,0x00000000800047E6] -> 0x0005
[4606] [M]: 0x00000000800047E4 (0x00050513) addi a0, a0, 0
x10 <- 0x0000000000000800
mem[X,0x00000000800047E8] -> 0x1513
mem[X,0x00000000800047EA] -> 0x00B5
[4607] [M]: 0x00000000800047E8 (0x00B51513) slli a0, a0, 11
x10 <- 0x0000000000400000
mem[X,0x00000000800047EC] -> 0x0513
mem[X,0x00000000800047EE] -> 0x0005
[4608] [M]: 0x00000000800047EC (0x00050513) addi a0, a0, 0
x10 <- 0x0000000000400000
mem[X,0x00000000800047F0] -> 0x1513
mem[X,0x00000000800047F2] -> 0x00A5
[4609] [M]: 0x00000000800047F0 (0x00A51513) slli a0, a0, 10
x10 <- 0x0000000100000000
mem[X,0x00000000800047F4] -> 0x0513
mem[X,0x00000000800047F6] -> 0x0015
[4610] [M]: 0x00000000800047F4 (0x00150513) addi a0, a0, 1
x10 <- 0x0000000100000001
mem[X,0x00000000800047F8] -> 0x3593
mem[X,0x00000000800047FA] -> 0x03E5
[4611] [M]: 0x00000000800047F8 (0x03E53593) sltiu a1, a0, 62
x11 <- 0x0000000000000000
mem[X,0x00000000800047FC] -> 0x3C23
mem[X,0x00000000800047FE] -> 0x34B1
[4612] [M]: 0x00000000800047FC (0x34B13C23) sd a1, 856(sp)
mem[0x0000000080009520] <- 0x0000000000000000
mem[X,0x0000000080004800] -> 0x0537
mem[X,0x0000000080004802] -> 0x0000
[4613] [M]: 0x0000000080004800 (0x00000537) lui a0, 0
x10 <- 0x0000000000000000
mem[X,0x0000000080004804] -> 0x0513
mem[X,0x0000000080004806] -> 0x0015
[4614] [M]: 0x0000000080004804 (0x00150513) addi a0, a0, 1
x10 <- 0x0000000000000001
mem[X,0x0000000080004808] -> 0x1513
mem[X,0x000000008000480A] -> 0x00B5
[4615] [M]: 0x0000000080004808 (0x00B51513) slli a0, a0, 11
x10 <- 0x0000000000000800
mem[X,0x000000008000480C] -> 0x0513
mem[X,0x000000008000480E] -> 0x0005
[4616] [M]: 0x000000008000480C (0x00050513) addi a0, a0, 0
x10 <- 0x0000000000000800
mem[X,0x0000000080004810] -> 0x1513
mem[X,0x0000000080004812] -> 0x00B5
[4617] [M]: 0x0000000080004810 (0x00B51513) slli a0, a0, 11
x10 <- 0x0000000000400000
mem[X,0x0000000080004814] -> 0x0513
mem[X,0x0000000080004816] -> 0x0005
[4618] [M]: 0x0000000080004814 (0x00050513) addi a0, a0, 0
x10 <- 0x0000000000400000
mem[X,0x0000000080004818] -> 0x1513
mem[X,0x000000008000481A] -> 0x00A5
[4619] [M]: 0x0000000080004818 (0x00A51513) slli a0, a0, 10
x10 <- 0x0000000100000000
mem[X,0x000000008000481C] -> 0x0513
mem[X,0x000000008000481E] -> 0x0015
[4620] [M]: 0x000000008000481C (0x00150513) addi a0, a0, 1
x10 <- 0x0000000100000001
mem[X,0x0000000080004820] -> 0x3593
mem[X,0x0000000080004822] -> 0x5565
[4621] [M]: 0x0000000080004820 (0x55653593) sltiu a1, a0, 1366
x11 <- 0x0000000000000000
mem[X,0x0000000080004824] -> 0x3023
mem[X,0x0000000080004826] -> 0x36B1
[4622] [M]: 0x0000000080004824 (0x36B13023) sd a1, 864(sp)
mem[0x0000000080009528] <- 0x0000000000000000
mem[X,0x0000000080004828] -> 0x0537
mem[X,0x000000008000482A] -> 0x0000
[4623] [M]: 0x0000000080004828 (0x00000537) lui a0, 0
x10 <- 0x0000000000000000
mem[X,0x000000008000482C] -> 0x0513
mem[X,0x000000008000482E] -> 0x0015
[4624] [M]: 0x000000008000482C (0x00150513) addi a0, a0, 1
x10 <- 0x0000000000000001
mem[X,0x0000000080004830] -> 0x1513
mem[X,0x0000000080004832] -> 0x00B5
[4625] [M]: 0x0000000080004830 (0x00B51513) slli a0, a0, 11
x10 <- 0x0000000000000800
mem[X,0x0000000080004834] -> 0x0513
mem[X,0x0000000080004836] -> 0x0005
[4626] [M]: 0x0000000080004834 (0x00050513) addi a0, a0, 0
x10 <- 0x0000000000000800
mem[X,0x0000000080004838] -> 0x1513
mem[X,0x000000008000483A] -> 0x00B5
[4627] [M]: 0x0000000080004838 (0x00B51513) slli a0, a0, 11
x10 <- 0x0000000000400000
mem[X,0x000000008000483C] -> 0x0513
mem[X,0x000000008000483E] -> 0x0005
[4628] [M]: 0x000000008000483C (0x00050513) addi a0, a0, 0
x10 <- 0x0000000000400000
mem[X,0x0000000080004840] -> 0x1513
mem[X,0x0000000080004842] -> 0x00A5
[4629] [M]: 0x0000000080004840 (0x00A51513) slli a0, a0, 10
x10 <- 0x0000000100000000
mem[X,0x0000000080004844] -> 0x0513
mem[X,0x0000000080004846] -> 0x0015
[4630] [M]: 0x0000000080004844 (0x00150513) addi a0, a0, 1
x10 <- 0x0000000100000001
mem[X,0x0000000080004848] -> 0x3593
mem[X,0x000000008000484A] -> 0xAAB5
[4631] [M]: 0x0000000080004848 (0xAAB53593) sltiu a1, a0, 2731
x11 <- 0x0000000000000001
mem[X,0x000000008000484C] -> 0x3423
mem[X,0x000000008000484E] -> 0x36B1
[4632] [M]: 0x000000008000484C (0x36B13423) sd a1, 872(sp)
mem[0x0000000080009530] <- 0x0000000000000001
mem[X,0x0000000080004850] -> 0x0537
mem[X,0x0000000080004852] -> 0x0000
[4633] [M]: 0x0000000080004850 (0x00000537) lui a0, 0
x10 <- 0x0000000000000000
mem[X,0x0000000080004854] -> 0x0513
mem[X,0x0000000080004856] -> 0x0015
[4634] [M]: 0x0000000080004854 (0x00150513) addi a0, a0, 1
x10 <- 0x0000000000000001
mem[X,0x0000000080004858] -> 0x1513
mem[X,0x000000008000485A] -> 0x00B5
[4635] [M]: 0x0000000080004858 (0x00B51513) slli a0, a0, 11
x10 <- 0x0000000000000800
mem[X,0x000000008000485C] -> 0x0513
mem[X,0x000000008000485E] -> 0x0005
[4636] [M]: 0x000000008000485C (0x00050513) addi a0, a0, 0
x10 <- 0x0000000000000800
mem[X,0x0000000080004860] -> 0x1513
mem[X,0x0000000080004862] -> 0x00B5
[4637] [M]: 0x0000000080004860 (0x00B51513) slli a0, a0, 11
x10 <- 0x0000000000400000
mem[X,0x0000000080004864] -> 0x0513
mem[X,0x0000000080004866] -> 0x0005
[4638] [M]: 0x0000000080004864 (0x00050513) addi a0, a0, 0
x10 <- 0x0000000000400000
mem[X,0x0000000080004868] -> 0x1513
mem[X,0x000000008000486A] -> 0x00A5
[4639] [M]: 0x0000000080004868 (0x00A51513) slli a0, a0, 10
x10 <- 0x0000000100000000
mem[X,0x000000008000486C] -> 0x0513
mem[X,0x000000008000486E] -> 0x0015
[4640] [M]: 0x000000008000486C (0x00150513) addi a0, a0, 1
x10 <- 0x0000000100000001
mem[X,0x0000000080004870] -> 0x3593
mem[X,0x0000000080004872] -> 0x0065
[4641] [M]: 0x0000000080004870 (0x00653593) sltiu a1, a0, 6
x11 <- 0x0000000000000000
mem[X,0x0000000080004874] -> 0x3823
mem[X,0x0000000080004876] -> 0x36B1
[4642] [M]: 0x0000000080004874 (0x36B13823) sd a1, 880(sp)
mem[0x0000000080009538] <- 0x0000000000000000
mem[X,0x0000000080004878] -> 0x0537
mem[X,0x000000008000487A] -> 0x0000
[4643] [M]: 0x0000000080004878 (0x00000537) lui a0, 0
x10 <- 0x0000000000000000
mem[X,0x000000008000487C] -> 0x0513
mem[X,0x000000008000487E] -> 0x0015
[4644] [M]: 0x000000008000487C (0x00150513) addi a0, a0, 1
x10 <- 0x0000000000000001
mem[X,0x0000000080004880] -> 0x1513
mem[X,0x0000000080004882] -> 0x00B5
[4645] [M]: 0x0000000080004880 (0x00B51513) slli a0, a0, 11
x10 <- 0x0000000000000800
mem[X,0x0000000080004884] -> 0x0513
mem[X,0x0000000080004886] -> 0x0005
[4646] [M]: 0x0000000080004884 (0x00050513) addi a0, a0, 0
x10 <- 0x0000000000000800
mem[X,0x0000000080004888] -> 0x1513
mem[X,0x000000008000488A] -> 0x00B5
[4647] [M]: 0x0000000080004888 (0x00B51513) slli a0, a0, 11
x10 <- 0x0000000000400000
mem[X,0x000000008000488C] -> 0x0513
mem[X,0x000000008000488E] -> 0x0005
[4648] [M]: 0x000000008000488C (0x00050513) addi a0, a0, 0
x10 <- 0x0000000000400000
mem[X,0x0000000080004890] -> 0x1513
mem[X,0x0000000080004892] -> 0x00A5
[4649] [M]: 0x0000000080004890 (0x00A51513) slli a0, a0, 10
x10 <- 0x0000000100000000
mem[X,0x0000000080004894] -> 0x0513
mem[X,0x0000000080004896] -> 0x0015
[4650] [M]: 0x0000000080004894 (0x00150513) addi a0, a0, 1
x10 <- 0x0000000100000001
mem[X,0x0000000080004898] -> 0x3593
mem[X,0x000000008000489A] -> 0x3345
[4651] [M]: 0x0000000080004898 (0x33453593) sltiu a1, a0, 820
x11 <- 0x0000000000000000
mem[X,0x000000008000489C] -> 0x3C23
mem[X,0x000000008000489E] -> 0x36B1
[4652] [M]: 0x000000008000489C (0x36B13C23) sd a1, 888(sp)
mem[0x0000000080009540] <- 0x0000000000000000
mem[X,0x00000000800048A0] -> 0x0537
mem[X,0x00000000800048A2] -> 0x0000
[4653] [M]: 0x00000000800048A0 (0x00000537) lui a0, 0
x10 <- 0x0000000000000000
mem[X,0x00000000800048A4] -> 0x0513
mem[X,0x00000000800048A6] -> 0x0015
[4654] [M]: 0x00000000800048A4 (0x00150513) addi a0, a0, 1
x10 <- 0x0000000000000001
mem[X,0x00000000800048A8] -> 0x1513
mem[X,0x00000000800048AA] -> 0x00B5
[4655] [M]: 0x00000000800048A8 (0x00B51513) slli a0, a0, 11
x10 <- 0x0000000000000800
mem[X,0x00000000800048AC] -> 0x0513
mem[X,0x00000000800048AE] -> 0x0005
[4656] [M]: 0x00000000800048AC (0x00050513) addi a0, a0, 0
x10 <- 0x0000000000000800
mem[X,0x00000000800048B0] -> 0x1513
mem[X,0x00000000800048B2] -> 0x00B5
[4657] [M]: 0x00000000800048B0 (0x00B51513) slli a0, a0, 11
x10 <- 0x0000000000400000
mem[X,0x00000000800048B4] -> 0x0513
mem[X,0x00000000800048B6] -> 0x0005
[4658] [M]: 0x00000000800048B4 (0x00050513) addi a0, a0, 0
x10 <- 0x0000000000400000
mem[X,0x00000000800048B8] -> 0x1513
mem[X,0x00000000800048BA] -> 0x00A5
[4659] [M]: 0x00000000800048B8 (0x00A51513) slli a0, a0, 10
x10 <- 0x0000000100000000
mem[X,0x00000000800048BC] -> 0x0513
mem[X,0x00000000800048BE] -> 0x0015
[4660] [M]: 0x00000000800048BC (0x00150513) addi a0, a0, 1
x10 <- 0x0000000100000001
mem[X,0x00000000800048C0] -> 0x3593
mem[X,0x00000000800048C2] -> 0x6675
[4661] [M]: 0x00000000800048C0 (0x66753593) sltiu a1, a0, 1639
x11 <- 0x0000000000000000
mem[X,0x00000000800048C4] -> 0x3023
mem[X,0x00000000800048C6] -> 0x38B1
[4662] [M]: 0x00000000800048C4 (0x38B13023) sd a1, 896(sp)
mem[0x0000000080009548] <- 0x0000000000000000
mem[X,0x00000000800048C8] -> 0x0537
mem[X,0x00000000800048CA] -> 0x0000
[4663] [M]: 0x00000000800048C8 (0x00000537) lui a0, 0
x10 <- 0x0000000000000000
mem[X,0x00000000800048CC] -> 0x0513
mem[X,0x00000000800048CE] -> 0x0015
[4664] [M]: 0x00000000800048CC (0x00150513) addi a0, a0, 1
x10 <- 0x0000000000000001
mem[X,0x00000000800048D0] -> 0x1513
mem[X,0x00000000800048D2] -> 0x00B5
[4665] [M]: 0x00000000800048D0 (0x00B51513) slli a0, a0, 11
x10 <- 0x0000000000000800
mem[X,0x00000000800048D4] -> 0x0513
mem[X,0x00000000800048D6] -> 0x0005
[4666] [M]: 0x00000000800048D4 (0x00050513) addi a0, a0, 0
x10 <- 0x0000000000000800
mem[X,0x00000000800048D8] -> 0x1513
mem[X,0x00000000800048DA] -> 0x00B5
[4667] [M]: 0x00000000800048D8 (0x00B51513) slli a0, a0, 11
x10 <- 0x0000000000400000
mem[X,0x00000000800048DC] -> 0x0513
mem[X,0x00000000800048DE] -> 0x0005
[4668] [M]: 0x00000000800048DC (0x00050513) addi a0, a0, 0
x10 <- 0x0000000000400000
mem[X,0x00000000800048E0] -> 0x1513
mem[X,0x00000000800048E2] -> 0x00A5
[4669] [M]: 0x00000000800048E0 (0x00A51513) slli a0, a0, 10
x10 <- 0x0000000100000000
mem[X,0x00000000800048E4] -> 0x0513
mem[X,0x00000000800048E6] -> 0x0015
[4670] [M]: 0x00000000800048E4 (0x00150513) addi a0, a0, 1
x10 <- 0x0000000100000001
mem[X,0x00000000800048E8] -> 0x3593
mem[X,0x00000000800048EA] -> 0x02E5
[4671] [M]: 0x00000000800048E8 (0x02E53593) sltiu a1, a0, 46
x11 <- 0x0000000000000000
mem[X,0x00000000800048EC] -> 0x3423
mem[X,0x00000000800048EE] -> 0x38B1
[4672] [M]: 0x00000000800048EC (0x38B13423) sd a1, 904(sp)
mem[0x0000000080009550] <- 0x0000000000000000
mem[X,0x00000000800048F0] -> 0x0537
mem[X,0x00000000800048F2] -> 0x0000
[4673] [M]: 0x00000000800048F0 (0x00000537) lui a0, 0
x10 <- 0x0000000000000000
mem[X,0x00000000800048F4] -> 0x0513
mem[X,0x00000000800048F6] -> 0x0015
[4674] [M]: 0x00000000800048F4 (0x00150513) addi a0, a0, 1
x10 <- 0x0000000000000001
mem[X,0x00000000800048F8] -> 0x1513
mem[X,0x00000000800048FA] -> 0x00B5
[4675] [M]: 0x00000000800048F8 (0x00B51513) slli a0, a0, 11
x10 <- 0x0000000000000800
mem[X,0x00000000800048FC] -> 0x0513
mem[X,0x00000000800048FE] -> 0x0005
[4676] [M]: 0x00000000800048FC (0x00050513) addi a0, a0, 0
x10 <- 0x0000000000000800
mem[X,0x0000000080004900] -> 0x1513
mem[X,0x0000000080004902] -> 0x00B5
[4677] [M]: 0x0000000080004900 (0x00B51513) slli a0, a0, 11
x10 <- 0x0000000000400000
mem[X,0x0000000080004904] -> 0x0513
mem[X,0x0000000080004906] -> 0x0005
[4678] [M]: 0x0000000080004904 (0x00050513) addi a0, a0, 0
x10 <- 0x0000000000400000
mem[X,0x0000000080004908] -> 0x1513
mem[X,0x000000008000490A] -> 0x00A5
[4679] [M]: 0x0000000080004908 (0x00A51513) slli a0, a0, 10
x10 <- 0x0000000100000000
mem[X,0x000000008000490C] -> 0x0513
mem[X,0x000000008000490E] -> 0x0015
[4680] [M]: 0x000000008000490C (0x00150513) addi a0, a0, 1
x10 <- 0x0000000100000001
mem[X,0x0000000080004910] -> 0x3593
mem[X,0x0000000080004912] -> 0x0015
[4681] [M]: 0x0000000080004910 (0x00153593) sltiu a1, a0, 1
x11 <- 0x0000000000000000
mem[X,0x0000000080004914] -> 0x3823
mem[X,0x0000000080004916] -> 0x38B1
[4682] [M]: 0x0000000080004914 (0x38B13823) sd a1, 912(sp)
mem[0x0000000080009558] <- 0x0000000000000000
mem[X,0x0000000080004918] -> 0x0537
mem[X,0x000000008000491A] -> 0x0000
[4683] [M]: 0x0000000080004918 (0x00000537) lui a0, 0
x10 <- 0x0000000000000000
mem[X,0x000000008000491C] -> 0x0513
mem[X,0x000000008000491E] -> 0x0015
[4684] [M]: 0x000000008000491C (0x00150513) addi a0, a0, 1
x10 <- 0x0000000000000001
mem[X,0x0000000080004920] -> 0x1513
mem[X,0x0000000080004922] -> 0x00B5
[4685] [M]: 0x0000000080004920 (0x00B51513) slli a0, a0, 11
x10 <- 0x0000000000000800
mem[X,0x0000000080004924] -> 0x0513
mem[X,0x0000000080004926] -> 0x0005
[4686] [M]: 0x0000000080004924 (0x00050513) addi a0, a0, 0
x10 <- 0x0000000000000800
mem[X,0x0000000080004928] -> 0x1513
mem[X,0x000000008000492A] -> 0x00B5
[4687] [M]: 0x0000000080004928 (0x00B51513) slli a0, a0, 11
x10 <- 0x0000000000400000
mem[X,0x000000008000492C] -> 0x0513
mem[X,0x000000008000492E] -> 0x0005
[4688] [M]: 0x000000008000492C (0x00050513) addi a0, a0, 0
x10 <- 0x0000000000400000
mem[X,0x0000000080004930] -> 0x1513
mem[X,0x0000000080004932] -> 0x00A5
[4689] [M]: 0x0000000080004930 (0x00A51513) slli a0, a0, 10
x10 <- 0x0000000100000000
mem[X,0x0000000080004934] -> 0x0513
mem[X,0x0000000080004936] -> 0x0015
[4690] [M]: 0x0000000080004934 (0x00150513) addi a0, a0, 1
x10 <- 0x0000000100000001
mem[X,0x0000000080004938] -> 0x3593
mem[X,0x000000008000493A] -> 0x0405
[4691] [M]: 0x0000000080004938 (0x04053593) sltiu a1, a0, 64
x11 <- 0x0000000000000000
mem[X,0x000000008000493C] -> 0x3C23
mem[X,0x000000008000493E] -> 0x38B1
[4692] [M]: 0x000000008000493C (0x38B13C23) sd a1, 920(sp)
mem[0x0000000080009560] <- 0x0000000000000000
mem[X,0x0000000080004940] -> 0x0513
mem[X,0x0000000080004942] -> 0x0060
[4693] [M]: 0x0000000080004940 (0x00600513) addi a0, zero, 6
x10 <- 0x0000000000000006
mem[X,0x0000000080004944] -> 0x3593
mem[X,0x0000000080004946] -> 0x02E5
[4694] [M]: 0x0000000080004944 (0x02E53593) sltiu a1, a0, 46
x11 <- 0x0000000000000001
mem[X,0x0000000080004948] -> 0x3023
mem[X,0x000000008000494A] -> 0x3AB1
[4695] [M]: 0x0000000080004948 (0x3AB13023) sd a1, 928(sp)
mem[0x0000000080009568] <- 0x0000000000000001
mem[X,0x000000008000494C] -> 0x0513
mem[X,0x000000008000494E] -> 0x0060
[4696] [M]: 0x000000008000494C (0x00600513) addi a0, zero, 6
x10 <- 0x0000000000000006
mem[X,0x0000000080004950] -> 0x3593
mem[X,0x0000000080004952] -> 0x0015
[4697] [M]: 0x0000000080004950 (0x00153593) sltiu a1, a0, 1
x11 <- 0x0000000000000000
mem[X,0x0000000080004954] -> 0x3423
mem[X,0x0000000080004956] -> 0x3AB1
[4698] [M]: 0x0000000080004954 (0x3AB13423) sd a1, 936(sp)
mem[0x0000000080009570] <- 0x0000000000000000
mem[X,0x0000000080004958] -> 0x0513
mem[X,0x000000008000495A] -> 0x0060
[4699] [M]: 0x0000000080004958 (0x00600513) addi a0, zero, 6
x10 <- 0x0000000000000006
clint::tick mtime <- 0x000000000000002F
 clint timer pending at mtime 0x000000000000002F
htif::tick 0x0000000000000000
mem[X,0x000000008000495C] -> 0x3593
mem[X,0x000000008000495E] -> 0x0405
[4700] [M]: 0x000000008000495C (0x04053593) sltiu a1, a0, 64
x11 <- 0x0000000000000001
mem[X,0x0000000080004960] -> 0x3823
mem[X,0x0000000080004962] -> 0x3AB1
[4701] [M]: 0x0000000080004960 (0x3AB13823) sd a1, 944(sp)
mem[0x0000000080009578] <- 0x0000000000000001
mem[X,0x0000000080004964] -> 0x3537
mem[X,0x0000000080004966] -> 0x3333
[4702] [M]: 0x0000000080004964 (0x33333537) lui a0, 209715
x10 <- 0x0000000033333000
mem[X,0x0000000080004968] -> 0x0513
mem[X,0x000000008000496A] -> 0x3335
[4703] [M]: 0x0000000080004968 (0x33350513) addi a0, a0, 819
x10 <- 0x0000000033333333
mem[X,0x000000008000496C] -> 0x1513
mem[X,0x000000008000496E] -> 0x00B5
[4704] [M]: 0x000000008000496C (0x00B51513) slli a0, a0, 11
x10 <- 0x0000019999999800
mem[X,0x0000000080004970] -> 0x0513
mem[X,0x0000000080004972] -> 0x1995
[4705] [M]: 0x0000000080004970 (0x19950513) addi a0, a0, 409
x10 <- 0x0000019999999999
mem[X,0x0000000080004974] -> 0x1513
mem[X,0x0000000080004976] -> 0x00B5
[4706] [M]: 0x0000000080004974 (0x00B51513) slli a0, a0, 11
x10 <- 0x000CCCCCCCCCC800
mem[X,0x0000000080004978] -> 0x0513
mem[X,0x000000008000497A] -> 0x4CC5
[4707] [M]: 0x0000000080004978 (0x4CC50513) addi a0, a0, 1228
x10 <- 0x000CCCCCCCCCCCCC
mem[X,0x000000008000497C] -> 0x1513
mem[X,0x000000008000497E] -> 0x00A5
[4708] [M]: 0x000000008000497C (0x00A51513) slli a0, a0, 10
x10 <- 0x3333333333333000
mem[X,0x0000000080004980] -> 0x0513
mem[X,0x0000000080004982] -> 0x3345
[4709] [M]: 0x0000000080004980 (0x33450513) addi a0, a0, 820
x10 <- 0x3333333333333334
mem[X,0x0000000080004984] -> 0x3593
mem[X,0x0000000080004986] -> 0x0035
[4710] [M]: 0x0000000080004984 (0x00353593) sltiu a1, a0, 3
x11 <- 0x0000000000000000
mem[X,0x0000000080004988] -> 0x3C23
mem[X,0x000000008000498A] -> 0x3AB1
[4711] [M]: 0x0000000080004988 (0x3AB13C23) sd a1, 952(sp)
mem[0x0000000080009580] <- 0x0000000000000000
mem[X,0x000000008000498C] -> 0x3537
mem[X,0x000000008000498E] -> 0x3333
[4712] [M]: 0x000000008000498C (0x33333537) lui a0, 209715
x10 <- 0x0000000033333000
mem[X,0x0000000080004990] -> 0x0513
mem[X,0x0000000080004992] -> 0x3335
[4713] [M]: 0x0000000080004990 (0x33350513) addi a0, a0, 819
x10 <- 0x0000000033333333
mem[X,0x0000000080004994] -> 0x1513
mem[X,0x0000000080004996] -> 0x00B5
[4714] [M]: 0x0000000080004994 (0x00B51513) slli a0, a0, 11
x10 <- 0x0000019999999800
mem[X,0x0000000080004998] -> 0x0513
mem[X,0x000000008000499A] -> 0x1995
[4715] [M]: 0x0000000080004998 (0x19950513) addi a0, a0, 409
x10 <- 0x0000019999999999
mem[X,0x000000008000499C] -> 0x1513
mem[X,0x000000008000499E] -> 0x00B5
[4716] [M]: 0x000000008000499C (0x00B51513) slli a0, a0, 11
x10 <- 0x000CCCCCCCCCC800
mem[X,0x00000000800049A0] -> 0x0513
mem[X,0x00000000800049A2] -> 0x4CC5
[4717] [M]: 0x00000000800049A0 (0x4CC50513) addi a0, a0, 1228
x10 <- 0x000CCCCCCCCCCCCC
mem[X,0x00000000800049A4] -> 0x1513
mem[X,0x00000000800049A6] -> 0x00A5
[4718] [M]: 0x00000000800049A4 (0x00A51513) slli a0, a0, 10
x10 <- 0x3333333333333000
mem[X,0x00000000800049A8] -> 0x0513
mem[X,0x00000000800049AA] -> 0x3345
[4719] [M]: 0x00000000800049A8 (0x33450513) addi a0, a0, 820
x10 <- 0x3333333333333334
mem[X,0x00000000800049AC] -> 0x3593
mem[X,0x00000000800049AE] -> 0x5555
[4720] [M]: 0x00000000800049AC (0x55553593) sltiu a1, a0, 1365
x11 <- 0x0000000000000000
mem[X,0x00000000800049B0] -> 0x3023
mem[X,0x00000000800049B2] -> 0x3CB1
[4721] [M]: 0x00000000800049B0 (0x3CB13023) sd a1, 960(sp)
mem[0x0000000080009588] <- 0x0000000000000000
mem[X,0x00000000800049B4] -> 0x3537
mem[X,0x00000000800049B6] -> 0x3333
[4722] [M]: 0x00000000800049B4 (0x33333537) lui a0, 209715
x10 <- 0x0000000033333000
mem[X,0x00000000800049B8] -> 0x0513
mem[X,0x00000000800049BA] -> 0x3335
[4723] [M]: 0x00000000800049B8 (0x33350513) addi a0, a0, 819
x10 <- 0x0000000033333333
mem[X,0x00000000800049BC] -> 0x1513
mem[X,0x00000000800049BE] -> 0x00B5
[4724] [M]: 0x00000000800049BC (0x00B51513) slli a0, a0, 11
x10 <- 0x0000019999999800
mem[X,0x00000000800049C0] -> 0x0513
mem[X,0x00000000800049C2] -> 0x1995
[4725] [M]: 0x00000000800049C0 (0x19950513) addi a0, a0, 409
x10 <- 0x0000019999999999
mem[X,0x00000000800049C4] -> 0x1513
mem[X,0x00000000800049C6] -> 0x00B5
[4726] [M]: 0x00000000800049C4 (0x00B51513) slli a0, a0, 11
x10 <- 0x000CCCCCCCCCC800
mem[X,0x00000000800049C8] -> 0x0513
mem[X,0x00000000800049CA] -> 0x4CC5
[4727] [M]: 0x00000000800049C8 (0x4CC50513) addi a0, a0, 1228
x10 <- 0x000CCCCCCCCCCCCC
mem[X,0x00000000800049CC] -> 0x1513
mem[X,0x00000000800049CE] -> 0x00A5
[4728] [M]: 0x00000000800049CC (0x00A51513) slli a0, a0, 10
x10 <- 0x3333333333333000
mem[X,0x00000000800049D0] -> 0x0513
mem[X,0x00000000800049D2] -> 0x3345
[4729] [M]: 0x00000000800049D0 (0x33450513) addi a0, a0, 820
x10 <- 0x3333333333333334
mem[X,0x00000000800049D4] -> 0x3593
mem[X,0x00000000800049D6] -> 0xAAA5
[4730] [M]: 0x00000000800049D4 (0xAAA53593) sltiu a1, a0, 2730
x11 <- 0x0000000000000001
mem[X,0x00000000800049D8] -> 0x3423
mem[X,0x00000000800049DA] -> 0x3CB1
[4731] [M]: 0x00000000800049D8 (0x3CB13423) sd a1, 968(sp)
mem[0x0000000080009590] <- 0x0000000000000001
mem[X,0x00000000800049DC] -> 0x3537
mem[X,0x00000000800049DE] -> 0x3333
[4732] [M]: 0x00000000800049DC (0x33333537) lui a0, 209715
x10 <- 0x0000000033333000
mem[X,0x00000000800049E0] -> 0x0513
mem[X,0x00000000800049E2] -> 0x3335
[4733] [M]: 0x00000000800049E0 (0x33350513) addi a0, a0, 819
x10 <- 0x0000000033333333
mem[X,0x00000000800049E4] -> 0x1513
mem[X,0x00000000800049E6] -> 0x00B5
[4734] [M]: 0x00000000800049E4 (0x00B51513) slli a0, a0, 11
x10 <- 0x0000019999999800
mem[X,0x00000000800049E8] -> 0x0513
mem[X,0x00000000800049EA] -> 0x1995
[4735] [M]: 0x00000000800049E8 (0x19950513) addi a0, a0, 409
x10 <- 0x0000019999999999
mem[X,0x00000000800049EC] -> 0x1513
mem[X,0x00000000800049EE] -> 0x00B5
[4736] [M]: 0x00000000800049EC (0x00B51513) slli a0, a0, 11
x10 <- 0x000CCCCCCCCCC800
mem[X,0x00000000800049F0] -> 0x0513
mem[X,0x00000000800049F2] -> 0x4CC5
[4737] [M]: 0x00000000800049F0 (0x4CC50513) addi a0, a0, 1228
x10 <- 0x000CCCCCCCCCCCCC
mem[X,0x00000000800049F4] -> 0x1513
mem[X,0x00000000800049F6] -> 0x00A5
[4738] [M]: 0x00000000800049F4 (0x00A51513) slli a0, a0, 10
x10 <- 0x3333333333333000
mem[X,0x00000000800049F8] -> 0x0513
mem[X,0x00000000800049FA] -> 0x3345
[4739] [M]: 0x00000000800049F8 (0x33450513) addi a0, a0, 820
x10 <- 0x3333333333333334
mem[X,0x00000000800049FC] -> 0x3593
mem[X,0x00000000800049FE] -> 0x0055
[4740] [M]: 0x00000000800049FC (0x00553593) sltiu a1, a0, 5
x11 <- 0x0000000000000000
mem[X,0x0000000080004A00] -> 0x3823
mem[X,0x0000000080004A02] -> 0x3CB1
[4741] [M]: 0x0000000080004A00 (0x3CB13823) sd a1, 976(sp)
mem[0x0000000080009598] <- 0x0000000000000000
mem[X,0x0000000080004A04] -> 0x3537
mem[X,0x0000000080004A06] -> 0x3333
[4742] [M]: 0x0000000080004A04 (0x33333537) lui a0, 209715
x10 <- 0x0000000033333000
mem[X,0x0000000080004A08] -> 0x0513
mem[X,0x0000000080004A0A] -> 0x3335
[4743] [M]: 0x0000000080004A08 (0x33350513) addi a0, a0, 819
x10 <- 0x0000000033333333
mem[X,0x0000000080004A0C] -> 0x1513
mem[X,0x0000000080004A0E] -> 0x00B5
[4744] [M]: 0x0000000080004A0C (0x00B51513) slli a0, a0, 11
x10 <- 0x0000019999999800
mem[X,0x0000000080004A10] -> 0x0513
mem[X,0x0000000080004A12] -> 0x1995
[4745] [M]: 0x0000000080004A10 (0x19950513) addi a0, a0, 409
x10 <- 0x0000019999999999
mem[X,0x0000000080004A14] -> 0x1513
mem[X,0x0000000080004A16] -> 0x00B5
[4746] [M]: 0x0000000080004A14 (0x00B51513) slli a0, a0, 11
x10 <- 0x000CCCCCCCCCC800
mem[X,0x0000000080004A18] -> 0x0513
mem[X,0x0000000080004A1A] -> 0x4CC5
[4747] [M]: 0x0000000080004A18 (0x4CC50513) addi a0, a0, 1228
x10 <- 0x000CCCCCCCCCCCCC
mem[X,0x0000000080004A1C] -> 0x1513
mem[X,0x0000000080004A1E] -> 0x00A5
[4748] [M]: 0x0000000080004A1C (0x00A51513) slli a0, a0, 10
x10 <- 0x3333333333333000
mem[X,0x0000000080004A20] -> 0x0513
mem[X,0x0000000080004A22] -> 0x3345
[4749] [M]: 0x0000000080004A20 (0x33450513) addi a0, a0, 820
x10 <- 0x3333333333333334
mem[X,0x0000000080004A24] -> 0x3593
mem[X,0x0000000080004A26] -> 0x3335
[4750] [M]: 0x0000000080004A24 (0x33353593) sltiu a1, a0, 819
x11 <- 0x0000000000000000
mem[X,0x0000000080004A28] -> 0x3C23
mem[X,0x0000000080004A2A] -> 0x3CB1
[4751] [M]: 0x0000000080004A28 (0x3CB13C23) sd a1, 984(sp)
mem[0x00000000800095A0] <- 0x0000000000000000
mem[X,0x0000000080004A2C] -> 0x3537
mem[X,0x0000000080004A2E] -> 0x3333
[4752] [M]: 0x0000000080004A2C (0x33333537) lui a0, 209715
x10 <- 0x0000000033333000
mem[X,0x0000000080004A30] -> 0x0513
mem[X,0x0000000080004A32] -> 0x3335
[4753] [M]: 0x0000000080004A30 (0x33350513) addi a0, a0, 819
x10 <- 0x0000000033333333
mem[X,0x0000000080004A34] -> 0x1513
mem[X,0x0000000080004A36] -> 0x00B5
[4754] [M]: 0x0000000080004A34 (0x00B51513) slli a0, a0, 11
x10 <- 0x0000019999999800
mem[X,0x0000000080004A38] -> 0x0513
mem[X,0x0000000080004A3A] -> 0x1995
[4755] [M]: 0x0000000080004A38 (0x19950513) addi a0, a0, 409
x10 <- 0x0000019999999999
mem[X,0x0000000080004A3C] -> 0x1513
mem[X,0x0000000080004A3E] -> 0x00B5
[4756] [M]: 0x0000000080004A3C (0x00B51513) slli a0, a0, 11
x10 <- 0x000CCCCCCCCCC800
mem[X,0x0000000080004A40] -> 0x0513
mem[X,0x0000000080004A42] -> 0x4CC5
[4757] [M]: 0x0000000080004A40 (0x4CC50513) addi a0, a0, 1228
x10 <- 0x000CCCCCCCCCCCCC
mem[X,0x0000000080004A44] -> 0x1513
mem[X,0x0000000080004A46] -> 0x00A5
[4758] [M]: 0x0000000080004A44 (0x00A51513) slli a0, a0, 10
x10 <- 0x3333333333333000
mem[X,0x0000000080004A48] -> 0x0513
mem[X,0x0000000080004A4A] -> 0x3345
[4759] [M]: 0x0000000080004A48 (0x33450513) addi a0, a0, 820
x10 <- 0x3333333333333334
mem[X,0x0000000080004A4C] -> 0x3593
mem[X,0x0000000080004A4E] -> 0x6665
[4760] [M]: 0x0000000080004A4C (0x66653593) sltiu a1, a0, 1638
x11 <- 0x0000000000000000
mem[X,0x0000000080004A50] -> 0x3023
mem[X,0x0000000080004A52] -> 0x3EB1
[4761] [M]: 0x0000000080004A50 (0x3EB13023) sd a1, 992(sp)
mem[0x00000000800095A8] <- 0x0000000000000000
mem[X,0x0000000080004A54] -> 0x3537
mem[X,0x0000000080004A56] -> 0x3333
[4762] [M]: 0x0000000080004A54 (0x33333537) lui a0, 209715
x10 <- 0x0000000033333000
mem[X,0x0000000080004A58] -> 0x0513
mem[X,0x0000000080004A5A] -> 0x3335
[4763] [M]: 0x0000000080004A58 (0x33350513) addi a0, a0, 819
x10 <- 0x0000000033333333
mem[X,0x0000000080004A5C] -> 0x1513
mem[X,0x0000000080004A5E] -> 0x00B5
[4764] [M]: 0x0000000080004A5C (0x00B51513) slli a0, a0, 11
x10 <- 0x0000019999999800
mem[X,0x0000000080004A60] -> 0x0513
mem[X,0x0000000080004A62] -> 0x1995
[4765] [M]: 0x0000000080004A60 (0x19950513) addi a0, a0, 409
x10 <- 0x0000019999999999
mem[X,0x0000000080004A64] -> 0x1513
mem[X,0x0000000080004A66] -> 0x00B5
[4766] [M]: 0x0000000080004A64 (0x00B51513) slli a0, a0, 11
x10 <- 0x000CCCCCCCCCC800
mem[X,0x0000000080004A68] -> 0x0513
mem[X,0x0000000080004A6A] -> 0x4CC5
[4767] [M]: 0x0000000080004A68 (0x4CC50513) addi a0, a0, 1228
x10 <- 0x000CCCCCCCCCCCCC
mem[X,0x0000000080004A6C] -> 0x1513
mem[X,0x0000000080004A6E] -> 0x00A5
[4768] [M]: 0x0000000080004A6C (0x00A51513) slli a0, a0, 10
x10 <- 0x3333333333333000
mem[X,0x0000000080004A70] -> 0x0513
mem[X,0x0000000080004A72] -> 0x3345
[4769] [M]: 0x0000000080004A70 (0x33450513) addi a0, a0, 820
x10 <- 0x3333333333333334
mem[X,0x0000000080004A74] -> 0x3593
mem[X,0x0000000080004A76] -> 0x02D5
[4770] [M]: 0x0000000080004A74 (0x02D53593) sltiu a1, a0, 45
x11 <- 0x0000000000000000
mem[X,0x0000000080004A78] -> 0x3423
mem[X,0x0000000080004A7A] -> 0x3EB1
[4771] [M]: 0x0000000080004A78 (0x3EB13423) sd a1, 1000(sp)
mem[0x00000000800095B0] <- 0x0000000000000000
mem[X,0x0000000080004A7C] -> 0x3537
mem[X,0x0000000080004A7E] -> 0x3333
[4772] [M]: 0x0000000080004A7C (0x33333537) lui a0, 209715
x10 <- 0x0000000033333000
mem[X,0x0000000080004A80] -> 0x0513
mem[X,0x0000000080004A82] -> 0x3335
[4773] [M]: 0x0000000080004A80 (0x33350513) addi a0, a0, 819
x10 <- 0x0000000033333333
mem[X,0x0000000080004A84] -> 0x1513
mem[X,0x0000000080004A86] -> 0x00B5
[4774] [M]: 0x0000000080004A84 (0x00B51513) slli a0, a0, 11
x10 <- 0x0000019999999800
mem[X,0x0000000080004A88] -> 0x0513
mem[X,0x0000000080004A8A] -> 0x1995
[4775] [M]: 0x0000000080004A88 (0x19950513) addi a0, a0, 409
x10 <- 0x0000019999999999
mem[X,0x0000000080004A8C] -> 0x1513
mem[X,0x0000000080004A8E] -> 0x00B5
[4776] [M]: 0x0000000080004A8C (0x00B51513) slli a0, a0, 11
x10 <- 0x000CCCCCCCCCC800
mem[X,0x0000000080004A90] -> 0x0513
mem[X,0x0000000080004A92] -> 0x4CC5
[4777] [M]: 0x0000000080004A90 (0x4CC50513) addi a0, a0, 1228
x10 <- 0x000CCCCCCCCCCCCC
mem[X,0x0000000080004A94] -> 0x1513
mem[X,0x0000000080004A96] -> 0x00A5
[4778] [M]: 0x0000000080004A94 (0x00A51513) slli a0, a0, 10
x10 <- 0x3333333333333000
mem[X,0x0000000080004A98] -> 0x0513
mem[X,0x0000000080004A9A] -> 0x3345
[4779] [M]: 0x0000000080004A98 (0x33450513) addi a0, a0, 820
x10 <- 0x3333333333333334
mem[X,0x0000000080004A9C] -> 0x3593
mem[X,0x0000000080004A9E] -> 0x0005
[4780] [M]: 0x0000000080004A9C (0x00053593) sltiu a1, a0, 0
x11 <- 0x0000000000000000
mem[X,0x0000000080004AA0] -> 0x3823
mem[X,0x0000000080004AA2] -> 0x3EB1
[4781] [M]: 0x0000000080004AA0 (0x3EB13823) sd a1, 1008(sp)
mem[0x00000000800095B8] <- 0x0000000000000000
mem[X,0x0000000080004AA4] -> 0x3537
mem[X,0x0000000080004AA6] -> 0x3333
[4782] [M]: 0x0000000080004AA4 (0x33333537) lui a0, 209715
x10 <- 0x0000000033333000
mem[X,0x0000000080004AA8] -> 0x0513
mem[X,0x0000000080004AAA] -> 0x3335
[4783] [M]: 0x0000000080004AA8 (0x33350513) addi a0, a0, 819
x10 <- 0x0000000033333333
mem[X,0x0000000080004AAC] -> 0x1513
mem[X,0x0000000080004AAE] -> 0x00B5
[4784] [M]: 0x0000000080004AAC (0x00B51513) slli a0, a0, 11
x10 <- 0x0000019999999800
mem[X,0x0000000080004AB0] -> 0x0513
mem[X,0x0000000080004AB2] -> 0x1995
[4785] [M]: 0x0000000080004AB0 (0x19950513) addi a0, a0, 409
x10 <- 0x0000019999999999
mem[X,0x0000000080004AB4] -> 0x1513
mem[X,0x0000000080004AB6] -> 0x00B5
[4786] [M]: 0x0000000080004AB4 (0x00B51513) slli a0, a0, 11
x10 <- 0x000CCCCCCCCCC800
mem[X,0x0000000080004AB8] -> 0x0513
mem[X,0x0000000080004ABA] -> 0x4CC5
[4787] [M]: 0x0000000080004AB8 (0x4CC50513) addi a0, a0, 1228
x10 <- 0x000CCCCCCCCCCCCC
mem[X,0x0000000080004ABC] -> 0x1513
mem[X,0x0000000080004ABE] -> 0x00A5
[4788] [M]: 0x0000000080004ABC (0x00A51513) slli a0, a0, 10
x10 <- 0x3333333333333000
mem[X,0x0000000080004AC0] -> 0x0513
mem[X,0x0000000080004AC2] -> 0x3345
[4789] [M]: 0x0000000080004AC0 (0x33450513) addi a0, a0, 820
x10 <- 0x3333333333333334
mem[X,0x0000000080004AC4] -> 0x3593
mem[X,0x0000000080004AC6] -> 0x03F5
[4790] [M]: 0x0000000080004AC4 (0x03F53593) sltiu a1, a0, 63
x11 <- 0x0000000000000000
mem[X,0x0000000080004AC8] -> 0x3C23
mem[X,0x0000000080004ACA] -> 0x3EB1
[4791] [M]: 0x0000000080004AC8 (0x3EB13C23) sd a1, 1016(sp)
mem[0x00000000800095C0] <- 0x0000000000000000
mem[X,0x0000000080004ACC] -> 0x3537
mem[X,0x0000000080004ACE] -> 0x3333
[4792] [M]: 0x0000000080004ACC (0x33333537) lui a0, 209715
x10 <- 0x0000000033333000
mem[X,0x0000000080004AD0] -> 0x0513
mem[X,0x0000000080004AD2] -> 0x3335
[4793] [M]: 0x0000000080004AD0 (0x33350513) addi a0, a0, 819
x10 <- 0x0000000033333333
mem[X,0x0000000080004AD4] -> 0x1513
mem[X,0x0000000080004AD6] -> 0x00B5
[4794] [M]: 0x0000000080004AD4 (0x00B51513) slli a0, a0, 11
x10 <- 0x0000019999999800
mem[X,0x0000000080004AD8] -> 0x0513
mem[X,0x0000000080004ADA] -> 0x1995
[4795] [M]: 0x0000000080004AD8 (0x19950513) addi a0, a0, 409
x10 <- 0x0000019999999999
mem[X,0x0000000080004ADC] -> 0x1513
mem[X,0x0000000080004ADE] -> 0x00B5
[4796] [M]: 0x0000000080004ADC (0x00B51513) slli a0, a0, 11
x10 <- 0x000CCCCCCCCCC800
mem[X,0x0000000080004AE0] -> 0x0513
mem[X,0x0000000080004AE2] -> 0x4CC5
[4797] [M]: 0x0000000080004AE0 (0x4CC50513) addi a0, a0, 1228
x10 <- 0x000CCCCCCCCCCCCC
mem[X,0x0000000080004AE4] -> 0x1513
mem[X,0x0000000080004AE6] -> 0x00A5
[4798] [M]: 0x0000000080004AE4 (0x00A51513) slli a0, a0, 10
x10 <- 0x3333333333333000
mem[X,0x0000000080004AE8] -> 0x0513
mem[X,0x0000000080004AEA] -> 0x3345
[4799] [M]: 0x0000000080004AE8 (0x33450513) addi a0, a0, 820
x10 <- 0x3333333333333334
clint::tick mtime <- 0x0000000000000030
 clint timer pending at mtime 0x0000000000000030
htif::tick 0x0000000000000000
mem[X,0x0000000080004AEC] -> 0x3593
mem[X,0x0000000080004AEE] -> 0x0025
[4800] [M]: 0x0000000080004AEC (0x00253593) sltiu a1, a0, 2
x11 <- 0x0000000000000000
mem[X,0x0000000080004AF0] -> 0x3023
mem[X,0x0000000080004AF2] -> 0x40B1
[4801] [M]: 0x0000000080004AF0 (0x40B13023) sd a1, 1024(sp)
mem[0x00000000800095C8] <- 0x0000000000000000
mem[X,0x0000000080004AF4] -> 0x3537
mem[X,0x0000000080004AF6] -> 0x3333
[4802] [M]: 0x0000000080004AF4 (0x33333537) lui a0, 209715
x10 <- 0x0000000033333000
mem[X,0x0000000080004AF8] -> 0x0513
mem[X,0x0000000080004AFA] -> 0x3335
[4803] [M]: 0x0000000080004AF8 (0x33350513) addi a0, a0, 819
x10 <- 0x0000000033333333
mem[X,0x0000000080004AFC] -> 0x1513
mem[X,0x0000000080004AFE] -> 0x00B5
[4804] [M]: 0x0000000080004AFC (0x00B51513) slli a0, a0, 11
x10 <- 0x0000019999999800
mem[X,0x0000000080004B00] -> 0x0513
mem[X,0x0000000080004B02] -> 0x1995
[4805] [M]: 0x0000000080004B00 (0x19950513) addi a0, a0, 409
x10 <- 0x0000019999999999
mem[X,0x0000000080004B04] -> 0x1513
mem[X,0x0000000080004B06] -> 0x00B5
[4806] [M]: 0x0000000080004B04 (0x00B51513) slli a0, a0, 11
x10 <- 0x000CCCCCCCCCC800
mem[X,0x0000000080004B08] -> 0x0513
mem[X,0x0000000080004B0A] -> 0x4CC5
[4807] [M]: 0x0000000080004B08 (0x4CC50513) addi a0, a0, 1228
x10 <- 0x000CCCCCCCCCCCCC
mem[X,0x0000000080004B0C] -> 0x1513
mem[X,0x0000000080004B0E] -> 0x00A5
[4808] [M]: 0x0000000080004B0C (0x00A51513) slli a0, a0, 10
x10 <- 0x3333333333333000
mem[X,0x0000000080004B10] -> 0x0513
mem[X,0x0000000080004B12] -> 0x3345
[4809] [M]: 0x0000000080004B10 (0x33450513) addi a0, a0, 820
x10 <- 0x3333333333333334
mem[X,0x0000000080004B14] -> 0x3593
mem[X,0x0000000080004B16] -> 0x5545
[4810] [M]: 0x0000000080004B14 (0x55453593) sltiu a1, a0, 1364
x11 <- 0x0000000000000000
mem[X,0x0000000080004B18] -> 0x3423
mem[X,0x0000000080004B1A] -> 0x40B1
[4811] [M]: 0x0000000080004B18 (0x40B13423) sd a1, 1032(sp)
mem[0x00000000800095D0] <- 0x0000000000000000
mem[X,0x0000000080004B1C] -> 0x3537
mem[X,0x0000000080004B1E] -> 0x3333
[4812] [M]: 0x0000000080004B1C (0x33333537) lui a0, 209715
x10 <- 0x0000000033333000
mem[X,0x0000000080004B20] -> 0x0513
mem[X,0x0000000080004B22] -> 0x3335
[4813] [M]: 0x0000000080004B20 (0x33350513) addi a0, a0, 819
x10 <- 0x0000000033333333
mem[X,0x0000000080004B24] -> 0x1513
mem[X,0x0000000080004B26] -> 0x00B5
[4814] [M]: 0x0000000080004B24 (0x00B51513) slli a0, a0, 11
x10 <- 0x0000019999999800
mem[X,0x0000000080004B28] -> 0x0513
mem[X,0x0000000080004B2A] -> 0x1995
[4815] [M]: 0x0000000080004B28 (0x19950513) addi a0, a0, 409
x10 <- 0x0000019999999999
mem[X,0x0000000080004B2C] -> 0x1513
mem[X,0x0000000080004B2E] -> 0x00B5
[4816] [M]: 0x0000000080004B2C (0x00B51513) slli a0, a0, 11
x10 <- 0x000CCCCCCCCCC800
mem[X,0x0000000080004B30] -> 0x0513
mem[X,0x0000000080004B32] -> 0x4CC5
[4817] [M]: 0x0000000080004B30 (0x4CC50513) addi a0, a0, 1228
x10 <- 0x000CCCCCCCCCCCCC
mem[X,0x0000000080004B34] -> 0x1513
mem[X,0x0000000080004B36] -> 0x00A5
[4818] [M]: 0x0000000080004B34 (0x00A51513) slli a0, a0, 10
x10 <- 0x3333333333333000
mem[X,0x0000000080004B38] -> 0x0513
mem[X,0x0000000080004B3A] -> 0x3345
[4819] [M]: 0x0000000080004B38 (0x33450513) addi a0, a0, 820
x10 <- 0x3333333333333334
mem[X,0x0000000080004B3C] -> 0x3593
mem[X,0x0000000080004B3E] -> 0xAA95
[4820] [M]: 0x0000000080004B3C (0xAA953593) sltiu a1, a0, 2729
x11 <- 0x0000000000000001
mem[X,0x0000000080004B40] -> 0x3823
mem[X,0x0000000080004B42] -> 0x40B1
[4821] [M]: 0x0000000080004B40 (0x40B13823) sd a1, 1040(sp)
mem[0x00000000800095D8] <- 0x0000000000000001
mem[X,0x0000000080004B44] -> 0x3537
mem[X,0x0000000080004B46] -> 0x3333
[4822] [M]: 0x0000000080004B44 (0x33333537) lui a0, 209715
x10 <- 0x0000000033333000
mem[X,0x0000000080004B48] -> 0x0513
mem[X,0x0000000080004B4A] -> 0x3335
[4823] [M]: 0x0000000080004B48 (0x33350513) addi a0, a0, 819
x10 <- 0x0000000033333333
mem[X,0x0000000080004B4C] -> 0x1513
mem[X,0x0000000080004B4E] -> 0x00B5
[4824] [M]: 0x0000000080004B4C (0x00B51513) slli a0, a0, 11
x10 <- 0x0000019999999800
mem[X,0x0000000080004B50] -> 0x0513
mem[X,0x0000000080004B52] -> 0x1995
[4825] [M]: 0x0000000080004B50 (0x19950513) addi a0, a0, 409
x10 <- 0x0000019999999999
mem[X,0x0000000080004B54] -> 0x1513
mem[X,0x0000000080004B56] -> 0x00B5
[4826] [M]: 0x0000000080004B54 (0x00B51513) slli a0, a0, 11
x10 <- 0x000CCCCCCCCCC800
mem[X,0x0000000080004B58] -> 0x0513
mem[X,0x0000000080004B5A] -> 0x4CC5
[4827] [M]: 0x0000000080004B58 (0x4CC50513) addi a0, a0, 1228
x10 <- 0x000CCCCCCCCCCCCC
mem[X,0x0000000080004B5C] -> 0x1513
mem[X,0x0000000080004B5E] -> 0x00A5
[4828] [M]: 0x0000000080004B5C (0x00A51513) slli a0, a0, 10
x10 <- 0x3333333333333000
mem[X,0x0000000080004B60] -> 0x0513
mem[X,0x0000000080004B62] -> 0x3345
[4829] [M]: 0x0000000080004B60 (0x33450513) addi a0, a0, 820
x10 <- 0x3333333333333334
mem[X,0x0000000080004B64] -> 0x3593
mem[X,0x0000000080004B66] -> 0x0045
[4830] [M]: 0x0000000080004B64 (0x00453593) sltiu a1, a0, 4
x11 <- 0x0000000000000000
mem[X,0x0000000080004B68] -> 0x3C23
mem[X,0x0000000080004B6A] -> 0x40B1
[4831] [M]: 0x0000000080004B68 (0x40B13C23) sd a1, 1048(sp)
mem[0x00000000800095E0] <- 0x0000000000000000
mem[X,0x0000000080004B6C] -> 0x3537
mem[X,0x0000000080004B6E] -> 0x3333
[4832] [M]: 0x0000000080004B6C (0x33333537) lui a0, 209715
x10 <- 0x0000000033333000
mem[X,0x0000000080004B70] -> 0x0513
mem[X,0x0000000080004B72] -> 0x3335
[4833] [M]: 0x0000000080004B70 (0x33350513) addi a0, a0, 819
x10 <- 0x0000000033333333
mem[X,0x0000000080004B74] -> 0x1513
mem[X,0x0000000080004B76] -> 0x00B5
[4834] [M]: 0x0000000080004B74 (0x00B51513) slli a0, a0, 11
x10 <- 0x0000019999999800
mem[X,0x0000000080004B78] -> 0x0513
mem[X,0x0000000080004B7A] -> 0x1995
[4835] [M]: 0x0000000080004B78 (0x19950513) addi a0, a0, 409
x10 <- 0x0000019999999999
mem[X,0x0000000080004B7C] -> 0x1513
mem[X,0x0000000080004B7E] -> 0x00B5
[4836] [M]: 0x0000000080004B7C (0x00B51513) slli a0, a0, 11
x10 <- 0x000CCCCCCCCCC800
mem[X,0x0000000080004B80] -> 0x0513
mem[X,0x0000000080004B82] -> 0x4CC5
[4837] [M]: 0x0000000080004B80 (0x4CC50513) addi a0, a0, 1228
x10 <- 0x000CCCCCCCCCCCCC
mem[X,0x0000000080004B84] -> 0x1513
mem[X,0x0000000080004B86] -> 0x00A5
[4838] [M]: 0x0000000080004B84 (0x00A51513) slli a0, a0, 10
x10 <- 0x3333333333333000
mem[X,0x0000000080004B88] -> 0x0513
mem[X,0x0000000080004B8A] -> 0x3345
[4839] [M]: 0x0000000080004B88 (0x33450513) addi a0, a0, 820
x10 <- 0x3333333333333334
mem[X,0x0000000080004B8C] -> 0x3593
mem[X,0x0000000080004B8E] -> 0x3325
[4840] [M]: 0x0000000080004B8C (0x33253593) sltiu a1, a0, 818
x11 <- 0x0000000000000000
mem[X,0x0000000080004B90] -> 0x3023
mem[X,0x0000000080004B92] -> 0x42B1
[4841] [M]: 0x0000000080004B90 (0x42B13023) sd a1, 1056(sp)
mem[0x00000000800095E8] <- 0x0000000000000000
mem[X,0x0000000080004B94] -> 0x3537
mem[X,0x0000000080004B96] -> 0x3333
[4842] [M]: 0x0000000080004B94 (0x33333537) lui a0, 209715
x10 <- 0x0000000033333000
mem[X,0x0000000080004B98] -> 0x0513
mem[X,0x0000000080004B9A] -> 0x3335
[4843] [M]: 0x0000000080004B98 (0x33350513) addi a0, a0, 819
x10 <- 0x0000000033333333
mem[X,0x0000000080004B9C] -> 0x1513
mem[X,0x0000000080004B9E] -> 0x00B5
[4844] [M]: 0x0000000080004B9C (0x00B51513) slli a0, a0, 11
x10 <- 0x0000019999999800
mem[X,0x0000000080004BA0] -> 0x0513
mem[X,0x0000000080004BA2] -> 0x1995
[4845] [M]: 0x0000000080004BA0 (0x19950513) addi a0, a0, 409
x10 <- 0x0000019999999999
mem[X,0x0000000080004BA4] -> 0x1513
mem[X,0x0000000080004BA6] -> 0x00B5
[4846] [M]: 0x0000000080004BA4 (0x00B51513) slli a0, a0, 11
x10 <- 0x000CCCCCCCCCC800
mem[X,0x0000000080004BA8] -> 0x0513
mem[X,0x0000000080004BAA] -> 0x4CC5
[4847] [M]: 0x0000000080004BA8 (0x4CC50513) addi a0, a0, 1228
x10 <- 0x000CCCCCCCCCCCCC
mem[X,0x0000000080004BAC] -> 0x1513
mem[X,0x0000000080004BAE] -> 0x00A5
[4848] [M]: 0x0000000080004BAC (0x00A51513) slli a0, a0, 10
x10 <- 0x3333333333333000
mem[X,0x0000000080004BB0] -> 0x0513
mem[X,0x0000000080004BB2] -> 0x3345
[4849] [M]: 0x0000000080004BB0 (0x33450513) addi a0, a0, 820
x10 <- 0x3333333333333334
mem[X,0x0000000080004BB4] -> 0x3593
mem[X,0x0000000080004BB6] -> 0x6655
[4850] [M]: 0x0000000080004BB4 (0x66553593) sltiu a1, a0, 1637
x11 <- 0x0000000000000000
mem[X,0x0000000080004BB8] -> 0x3423
mem[X,0x0000000080004BBA] -> 0x42B1
[4851] [M]: 0x0000000080004BB8 (0x42B13423) sd a1, 1064(sp)
mem[0x00000000800095F0] <- 0x0000000000000000
mem[X,0x0000000080004BBC] -> 0x3537
mem[X,0x0000000080004BBE] -> 0x3333
[4852] [M]: 0x0000000080004BBC (0x33333537) lui a0, 209715
x10 <- 0x0000000033333000
mem[X,0x0000000080004BC0] -> 0x0513
mem[X,0x0000000080004BC2] -> 0x3335
[4853] [M]: 0x0000000080004BC0 (0x33350513) addi a0, a0, 819
x10 <- 0x0000000033333333
mem[X,0x0000000080004BC4] -> 0x1513
mem[X,0x0000000080004BC6] -> 0x00B5
[4854] [M]: 0x0000000080004BC4 (0x00B51513) slli a0, a0, 11
x10 <- 0x0000019999999800
mem[X,0x0000000080004BC8] -> 0x0513
mem[X,0x0000000080004BCA] -> 0x1995
[4855] [M]: 0x0000000080004BC8 (0x19950513) addi a0, a0, 409
x10 <- 0x0000019999999999
mem[X,0x0000000080004BCC] -> 0x1513
mem[X,0x0000000080004BCE] -> 0x00B5
[4856] [M]: 0x0000000080004BCC (0x00B51513) slli a0, a0, 11
x10 <- 0x000CCCCCCCCCC800
mem[X,0x0000000080004BD0] -> 0x0513
mem[X,0x0000000080004BD2] -> 0x4CC5
[4857] [M]: 0x0000000080004BD0 (0x4CC50513) addi a0, a0, 1228
x10 <- 0x000CCCCCCCCCCCCC
mem[X,0x0000000080004BD4] -> 0x1513
mem[X,0x0000000080004BD6] -> 0x00A5
[4858] [M]: 0x0000000080004BD4 (0x00A51513) slli a0, a0, 10
x10 <- 0x3333333333333000
mem[X,0x0000000080004BD8] -> 0x0513
mem[X,0x0000000080004BDA] -> 0x3345
[4859] [M]: 0x0000000080004BD8 (0x33450513) addi a0, a0, 820
x10 <- 0x3333333333333334
mem[X,0x0000000080004BDC] -> 0x3593
mem[X,0x0000000080004BDE] -> 0x02C5
[4860] [M]: 0x0000000080004BDC (0x02C53593) sltiu a1, a0, 44
x11 <- 0x0000000000000000
mem[X,0x0000000080004BE0] -> 0x3823
mem[X,0x0000000080004BE2] -> 0x42B1
[4861] [M]: 0x0000000080004BE0 (0x42B13823) sd a1, 1072(sp)
mem[0x00000000800095F8] <- 0x0000000000000000
mem[X,0x0000000080004BE4] -> 0x3537
mem[X,0x0000000080004BE6] -> 0x3333
[4862] [M]: 0x0000000080004BE4 (0x33333537) lui a0, 209715
x10 <- 0x0000000033333000
mem[X,0x0000000080004BE8] -> 0x0513
mem[X,0x0000000080004BEA] -> 0x3335
[4863] [M]: 0x0000000080004BE8 (0x33350513) addi a0, a0, 819
x10 <- 0x0000000033333333
mem[X,0x0000000080004BEC] -> 0x1513
mem[X,0x0000000080004BEE] -> 0x00B5
[4864] [M]: 0x0000000080004BEC (0x00B51513) slli a0, a0, 11
x10 <- 0x0000019999999800
mem[X,0x0000000080004BF0] -> 0x0513
mem[X,0x0000000080004BF2] -> 0x1995
[4865] [M]: 0x0000000080004BF0 (0x19950513) addi a0, a0, 409
x10 <- 0x0000019999999999
mem[X,0x0000000080004BF4] -> 0x1513
mem[X,0x0000000080004BF6] -> 0x00B5
[4866] [M]: 0x0000000080004BF4 (0x00B51513) slli a0, a0, 11
x10 <- 0x000CCCCCCCCCC800
mem[X,0x0000000080004BF8] -> 0x0513
mem[X,0x0000000080004BFA] -> 0x4CC5
[4867] [M]: 0x0000000080004BF8 (0x4CC50513) addi a0, a0, 1228
x10 <- 0x000CCCCCCCCCCCCC
mem[X,0x0000000080004BFC] -> 0x1513
mem[X,0x0000000080004BFE] -> 0x00A5
[4868] [M]: 0x0000000080004BFC (0x00A51513) slli a0, a0, 10
x10 <- 0x3333333333333000
mem[X,0x0000000080004C00] -> 0x0513
mem[X,0x0000000080004C02] -> 0x3345
[4869] [M]: 0x0000000080004C00 (0x33450513) addi a0, a0, 820
x10 <- 0x3333333333333334
mem[X,0x0000000080004C04] -> 0x3593
mem[X,0x0000000080004C06] -> 0x03E5
[4870] [M]: 0x0000000080004C04 (0x03E53593) sltiu a1, a0, 62
x11 <- 0x0000000000000000
mem[X,0x0000000080004C08] -> 0x3C23
mem[X,0x0000000080004C0A] -> 0x42B1
[4871] [M]: 0x0000000080004C08 (0x42B13C23) sd a1, 1080(sp)
mem[0x0000000080009600] <- 0x0000000000000000
mem[X,0x0000000080004C0C] -> 0x3537
mem[X,0x0000000080004C0E] -> 0x3333
[4872] [M]: 0x0000000080004C0C (0x33333537) lui a0, 209715
x10 <- 0x0000000033333000
mem[X,0x0000000080004C10] -> 0x0513
mem[X,0x0000000080004C12] -> 0x3335
[4873] [M]: 0x0000000080004C10 (0x33350513) addi a0, a0, 819
x10 <- 0x0000000033333333
mem[X,0x0000000080004C14] -> 0x1513
mem[X,0x0000000080004C16] -> 0x00B5
[4874] [M]: 0x0000000080004C14 (0x00B51513) slli a0, a0, 11
x10 <- 0x0000019999999800
mem[X,0x0000000080004C18] -> 0x0513
mem[X,0x0000000080004C1A] -> 0x1995
[4875] [M]: 0x0000000080004C18 (0x19950513) addi a0, a0, 409
x10 <- 0x0000019999999999
mem[X,0x0000000080004C1C] -> 0x1513
mem[X,0x0000000080004C1E] -> 0x00B5
[4876] [M]: 0x0000000080004C1C (0x00B51513) slli a0, a0, 11
x10 <- 0x000CCCCCCCCCC800
mem[X,0x0000000080004C20] -> 0x0513
mem[X,0x0000000080004C22] -> 0x4CC5
[4877] [M]: 0x0000000080004C20 (0x4CC50513) addi a0, a0, 1228
x10 <- 0x000CCCCCCCCCCCCC
mem[X,0x0000000080004C24] -> 0x1513
mem[X,0x0000000080004C26] -> 0x00A5
[4878] [M]: 0x0000000080004C24 (0x00A51513) slli a0, a0, 10
x10 <- 0x3333333333333000
mem[X,0x0000000080004C28] -> 0x0513
mem[X,0x0000000080004C2A] -> 0x3345
[4879] [M]: 0x0000000080004C28 (0x33450513) addi a0, a0, 820
x10 <- 0x3333333333333334
mem[X,0x0000000080004C2C] -> 0x3593
mem[X,0x0000000080004C2E] -> 0x5565
[4880] [M]: 0x0000000080004C2C (0x55653593) sltiu a1, a0, 1366
x11 <- 0x0000000000000000
mem[X,0x0000000080004C30] -> 0x3023
mem[X,0x0000000080004C32] -> 0x44B1
[4881] [M]: 0x0000000080004C30 (0x44B13023) sd a1, 1088(sp)
mem[0x0000000080009608] <- 0x0000000000000000
mem[X,0x0000000080004C34] -> 0x3537
mem[X,0x0000000080004C36] -> 0x3333
[4882] [M]: 0x0000000080004C34 (0x33333537) lui a0, 209715
x10 <- 0x0000000033333000
mem[X,0x0000000080004C38] -> 0x0513
mem[X,0x0000000080004C3A] -> 0x3335
[4883] [M]: 0x0000000080004C38 (0x33350513) addi a0, a0, 819
x10 <- 0x0000000033333333
mem[X,0x0000000080004C3C] -> 0x1513
mem[X,0x0000000080004C3E] -> 0x00B5
[4884] [M]: 0x0000000080004C3C (0x00B51513) slli a0, a0, 11
x10 <- 0x0000019999999800
mem[X,0x0000000080004C40] -> 0x0513
mem[X,0x0000000080004C42] -> 0x1995
[4885] [M]: 0x0000000080004C40 (0x19950513) addi a0, a0, 409
x10 <- 0x0000019999999999
mem[X,0x0000000080004C44] -> 0x1513
mem[X,0x0000000080004C46] -> 0x00B5
[4886] [M]: 0x0000000080004C44 (0x00B51513) slli a0, a0, 11
x10 <- 0x000CCCCCCCCCC800
mem[X,0x0000000080004C48] -> 0x0513
mem[X,0x0000000080004C4A] -> 0x4CC5
[4887] [M]: 0x0000000080004C48 (0x4CC50513) addi a0, a0, 1228
x10 <- 0x000CCCCCCCCCCCCC
mem[X,0x0000000080004C4C] -> 0x1513
mem[X,0x0000000080004C4E] -> 0x00A5
[4888] [M]: 0x0000000080004C4C (0x00A51513) slli a0, a0, 10
x10 <- 0x3333333333333000
mem[X,0x0000000080004C50] -> 0x0513
mem[X,0x0000000080004C52] -> 0x3345
[4889] [M]: 0x0000000080004C50 (0x33450513) addi a0, a0, 820
x10 <- 0x3333333333333334
mem[X,0x0000000080004C54] -> 0x3593
mem[X,0x0000000080004C56] -> 0xAAB5
[4890] [M]: 0x0000000080004C54 (0xAAB53593) sltiu a1, a0, 2731
x11 <- 0x0000000000000001
mem[X,0x0000000080004C58] -> 0x3423
mem[X,0x0000000080004C5A] -> 0x44B1
[4891] [M]: 0x0000000080004C58 (0x44B13423) sd a1, 1096(sp)
mem[0x0000000080009610] <- 0x0000000000000001
mem[X,0x0000000080004C5C] -> 0x3537
mem[X,0x0000000080004C5E] -> 0x3333
[4892] [M]: 0x0000000080004C5C (0x33333537) lui a0, 209715
x10 <- 0x0000000033333000
mem[X,0x0000000080004C60] -> 0x0513
mem[X,0x0000000080004C62] -> 0x3335
[4893] [M]: 0x0000000080004C60 (0x33350513) addi a0, a0, 819
x10 <- 0x0000000033333333
mem[X,0x0000000080004C64] -> 0x1513
mem[X,0x0000000080004C66] -> 0x00B5
[4894] [M]: 0x0000000080004C64 (0x00B51513) slli a0, a0, 11
x10 <- 0x0000019999999800
mem[X,0x0000000080004C68] -> 0x0513
mem[X,0x0000000080004C6A] -> 0x1995
[4895] [M]: 0x0000000080004C68 (0x19950513) addi a0, a0, 409
x10 <- 0x0000019999999999
mem[X,0x0000000080004C6C] -> 0x1513
mem[X,0x0000000080004C6E] -> 0x00B5
[4896] [M]: 0x0000000080004C6C (0x00B51513) slli a0, a0, 11
x10 <- 0x000CCCCCCCCCC800
mem[X,0x0000000080004C70] -> 0x0513
mem[X,0x0000000080004C72] -> 0x4CC5
[4897] [M]: 0x0000000080004C70 (0x4CC50513) addi a0, a0, 1228
x10 <- 0x000CCCCCCCCCCCCC
mem[X,0x0000000080004C74] -> 0x1513
mem[X,0x0000000080004C76] -> 0x00A5
[4898] [M]: 0x0000000080004C74 (0x00A51513) slli a0, a0, 10
x10 <- 0x3333333333333000
mem[X,0x0000000080004C78] -> 0x0513
mem[X,0x0000000080004C7A] -> 0x3345
[4899] [M]: 0x0000000080004C78 (0x33450513) addi a0, a0, 820
x10 <- 0x3333333333333334
clint::tick mtime <- 0x0000000000000031
 clint timer pending at mtime 0x0000000000000031
htif::tick 0x0000000000000000
mem[X,0x0000000080004C7C] -> 0x3593
mem[X,0x0000000080004C7E] -> 0x0065
[4900] [M]: 0x0000000080004C7C (0x00653593) sltiu a1, a0, 6
x11 <- 0x0000000000000000
mem[X,0x0000000080004C80] -> 0x3823
mem[X,0x0000000080004C82] -> 0x44B1
[4901] [M]: 0x0000000080004C80 (0x44B13823) sd a1, 1104(sp)
mem[0x0000000080009618] <- 0x0000000000000000
mem[X,0x0000000080004C84] -> 0x3537
mem[X,0x0000000080004C86] -> 0x3333
[4902] [M]: 0x0000000080004C84 (0x33333537) lui a0, 209715
x10 <- 0x0000000033333000
mem[X,0x0000000080004C88] -> 0x0513
mem[X,0x0000000080004C8A] -> 0x3335
[4903] [M]: 0x0000000080004C88 (0x33350513) addi a0, a0, 819
x10 <- 0x0000000033333333
mem[X,0x0000000080004C8C] -> 0x1513
mem[X,0x0000000080004C8E] -> 0x00B5
[4904] [M]: 0x0000000080004C8C (0x00B51513) slli a0, a0, 11
x10 <- 0x0000019999999800
mem[X,0x0000000080004C90] -> 0x0513
mem[X,0x0000000080004C92] -> 0x1995
[4905] [M]: 0x0000000080004C90 (0x19950513) addi a0, a0, 409
x10 <- 0x0000019999999999
mem[X,0x0000000080004C94] -> 0x1513
mem[X,0x0000000080004C96] -> 0x00B5
[4906] [M]: 0x0000000080004C94 (0x00B51513) slli a0, a0, 11
x10 <- 0x000CCCCCCCCCC800
mem[X,0x0000000080004C98] -> 0x0513
mem[X,0x0000000080004C9A] -> 0x4CC5
[4907] [M]: 0x0000000080004C98 (0x4CC50513) addi a0, a0, 1228
x10 <- 0x000CCCCCCCCCCCCC
mem[X,0x0000000080004C9C] -> 0x1513
mem[X,0x0000000080004C9E] -> 0x00A5
[4908] [M]: 0x0000000080004C9C (0x00A51513) slli a0, a0, 10
x10 <- 0x3333333333333000
mem[X,0x0000000080004CA0] -> 0x0513
mem[X,0x0000000080004CA2] -> 0x3345
[4909] [M]: 0x0000000080004CA0 (0x33450513) addi a0, a0, 820
x10 <- 0x3333333333333334
mem[X,0x0000000080004CA4] -> 0x3593
mem[X,0x0000000080004CA6] -> 0x3345
[4910] [M]: 0x0000000080004CA4 (0x33453593) sltiu a1, a0, 820
x11 <- 0x0000000000000000
mem[X,0x0000000080004CA8] -> 0x3C23
mem[X,0x0000000080004CAA] -> 0x44B1
[4911] [M]: 0x0000000080004CA8 (0x44B13C23) sd a1, 1112(sp)
mem[0x0000000080009620] <- 0x0000000000000000
mem[X,0x0000000080004CAC] -> 0x3537
mem[X,0x0000000080004CAE] -> 0x3333
[4912] [M]: 0x0000000080004CAC (0x33333537) lui a0, 209715
x10 <- 0x0000000033333000
mem[X,0x0000000080004CB0] -> 0x0513
mem[X,0x0000000080004CB2] -> 0x3335
[4913] [M]: 0x0000000080004CB0 (0x33350513) addi a0, a0, 819
x10 <- 0x0000000033333333
mem[X,0x0000000080004CB4] -> 0x1513
mem[X,0x0000000080004CB6] -> 0x00B5
[4914] [M]: 0x0000000080004CB4 (0x00B51513) slli a0, a0, 11
x10 <- 0x0000019999999800
mem[X,0x0000000080004CB8] -> 0x0513
mem[X,0x0000000080004CBA] -> 0x1995
[4915] [M]: 0x0000000080004CB8 (0x19950513) addi a0, a0, 409
x10 <- 0x0000019999999999
mem[X,0x0000000080004CBC] -> 0x1513
mem[X,0x0000000080004CBE] -> 0x00B5
[4916] [M]: 0x0000000080004CBC (0x00B51513) slli a0, a0, 11
x10 <- 0x000CCCCCCCCCC800
mem[X,0x0000000080004CC0] -> 0x0513
mem[X,0x0000000080004CC2] -> 0x4CC5
[4917] [M]: 0x0000000080004CC0 (0x4CC50513) addi a0, a0, 1228
x10 <- 0x000CCCCCCCCCCCCC
mem[X,0x0000000080004CC4] -> 0x1513
mem[X,0x0000000080004CC6] -> 0x00A5
[4918] [M]: 0x0000000080004CC4 (0x00A51513) slli a0, a0, 10
x10 <- 0x3333333333333000
mem[X,0x0000000080004CC8] -> 0x0513
mem[X,0x0000000080004CCA] -> 0x3345
[4919] [M]: 0x0000000080004CC8 (0x33450513) addi a0, a0, 820
x10 <- 0x3333333333333334
mem[X,0x0000000080004CCC] -> 0x3593
mem[X,0x0000000080004CCE] -> 0x6675
[4920] [M]: 0x0000000080004CCC (0x66753593) sltiu a1, a0, 1639
x11 <- 0x0000000000000000
mem[X,0x0000000080004CD0] -> 0x3023
mem[X,0x0000000080004CD2] -> 0x46B1
[4921] [M]: 0x0000000080004CD0 (0x46B13023) sd a1, 1120(sp)
mem[0x0000000080009628] <- 0x0000000000000000
mem[X,0x0000000080004CD4] -> 0x3537
mem[X,0x0000000080004CD6] -> 0x3333
[4922] [M]: 0x0000000080004CD4 (0x33333537) lui a0, 209715
x10 <- 0x0000000033333000
mem[X,0x0000000080004CD8] -> 0x0513
mem[X,0x0000000080004CDA] -> 0x3335
[4923] [M]: 0x0000000080004CD8 (0x33350513) addi a0, a0, 819
x10 <- 0x0000000033333333
mem[X,0x0000000080004CDC] -> 0x1513
mem[X,0x0000000080004CDE] -> 0x00B5
[4924] [M]: 0x0000000080004CDC (0x00B51513) slli a0, a0, 11
x10 <- 0x0000019999999800
mem[X,0x0000000080004CE0] -> 0x0513
mem[X,0x0000000080004CE2] -> 0x1995
[4925] [M]: 0x0000000080004CE0 (0x19950513) addi a0, a0, 409
x10 <- 0x0000019999999999
mem[X,0x0000000080004CE4] -> 0x1513
mem[X,0x0000000080004CE6] -> 0x00B5
[4926] [M]: 0x0000000080004CE4 (0x00B51513) slli a0, a0, 11
x10 <- 0x000CCCCCCCCCC800
mem[X,0x0000000080004CE8] -> 0x0513
mem[X,0x0000000080004CEA] -> 0x4CC5
[4927] [M]: 0x0000000080004CE8 (0x4CC50513) addi a0, a0, 1228
x10 <- 0x000CCCCCCCCCCCCC
mem[X,0x0000000080004CEC] -> 0x1513
mem[X,0x0000000080004CEE] -> 0x00A5
[4928] [M]: 0x0000000080004CEC (0x00A51513) slli a0, a0, 10
x10 <- 0x3333333333333000
mem[X,0x0000000080004CF0] -> 0x0513
mem[X,0x0000000080004CF2] -> 0x3345
[4929] [M]: 0x0000000080004CF0 (0x33450513) addi a0, a0, 820
x10 <- 0x3333333333333334
mem[X,0x0000000080004CF4] -> 0x3593
mem[X,0x0000000080004CF6] -> 0x02E5
[4930] [M]: 0x0000000080004CF4 (0x02E53593) sltiu a1, a0, 46
x11 <- 0x0000000000000000
mem[X,0x0000000080004CF8] -> 0x3423
mem[X,0x0000000080004CFA] -> 0x46B1
[4931] [M]: 0x0000000080004CF8 (0x46B13423) sd a1, 1128(sp)
mem[0x0000000080009630] <- 0x0000000000000000
mem[X,0x0000000080004CFC] -> 0x3537
mem[X,0x0000000080004CFE] -> 0x3333
[4932] [M]: 0x0000000080004CFC (0x33333537) lui a0, 209715
x10 <- 0x0000000033333000
mem[X,0x0000000080004D00] -> 0x0513
mem[X,0x0000000080004D02] -> 0x3335
[4933] [M]: 0x0000000080004D00 (0x33350513) addi a0, a0, 819
x10 <- 0x0000000033333333
mem[X,0x0000000080004D04] -> 0x1513
mem[X,0x0000000080004D06] -> 0x00B5
[4934] [M]: 0x0000000080004D04 (0x00B51513) slli a0, a0, 11
x10 <- 0x0000019999999800
mem[X,0x0000000080004D08] -> 0x0513
mem[X,0x0000000080004D0A] -> 0x1995
[4935] [M]: 0x0000000080004D08 (0x19950513) addi a0, a0, 409
x10 <- 0x0000019999999999
mem[X,0x0000000080004D0C] -> 0x1513
mem[X,0x0000000080004D0E] -> 0x00B5
[4936] [M]: 0x0000000080004D0C (0x00B51513) slli a0, a0, 11
x10 <- 0x000CCCCCCCCCC800
mem[X,0x0000000080004D10] -> 0x0513
mem[X,0x0000000080004D12] -> 0x4CC5
[4937] [M]: 0x0000000080004D10 (0x4CC50513) addi a0, a0, 1228
x10 <- 0x000CCCCCCCCCCCCC
mem[X,0x0000000080004D14] -> 0x1513
mem[X,0x0000000080004D16] -> 0x00A5
[4938] [M]: 0x0000000080004D14 (0x00A51513) slli a0, a0, 10
x10 <- 0x3333333333333000
mem[X,0x0000000080004D18] -> 0x0513
mem[X,0x0000000080004D1A] -> 0x3345
[4939] [M]: 0x0000000080004D18 (0x33450513) addi a0, a0, 820
x10 <- 0x3333333333333334
mem[X,0x0000000080004D1C] -> 0x3593
mem[X,0x0000000080004D1E] -> 0x0015
[4940] [M]: 0x0000000080004D1C (0x00153593) sltiu a1, a0, 1
x11 <- 0x0000000000000000
mem[X,0x0000000080004D20] -> 0x3823
mem[X,0x0000000080004D22] -> 0x46B1
[4941] [M]: 0x0000000080004D20 (0x46B13823) sd a1, 1136(sp)
mem[0x0000000080009638] <- 0x0000000000000000
mem[X,0x0000000080004D24] -> 0x3537
mem[X,0x0000000080004D26] -> 0x3333
[4942] [M]: 0x0000000080004D24 (0x33333537) lui a0, 209715
x10 <- 0x0000000033333000
mem[X,0x0000000080004D28] -> 0x0513
mem[X,0x0000000080004D2A] -> 0x3335
[4943] [M]: 0x0000000080004D28 (0x33350513) addi a0, a0, 819
x10 <- 0x0000000033333333
mem[X,0x0000000080004D2C] -> 0x1513
mem[X,0x0000000080004D2E] -> 0x00B5
[4944] [M]: 0x0000000080004D2C (0x00B51513) slli a0, a0, 11
x10 <- 0x0000019999999800
mem[X,0x0000000080004D30] -> 0x0513
mem[X,0x0000000080004D32] -> 0x1995
[4945] [M]: 0x0000000080004D30 (0x19950513) addi a0, a0, 409
x10 <- 0x0000019999999999
mem[X,0x0000000080004D34] -> 0x1513
mem[X,0x0000000080004D36] -> 0x00B5
[4946] [M]: 0x0000000080004D34 (0x00B51513) slli a0, a0, 11
x10 <- 0x000CCCCCCCCCC800
mem[X,0x0000000080004D38] -> 0x0513
mem[X,0x0000000080004D3A] -> 0x4CC5
[4947] [M]: 0x0000000080004D38 (0x4CC50513) addi a0, a0, 1228
x10 <- 0x000CCCCCCCCCCCCC
mem[X,0x0000000080004D3C] -> 0x1513
mem[X,0x0000000080004D3E] -> 0x00A5
[4948] [M]: 0x0000000080004D3C (0x00A51513) slli a0, a0, 10
x10 <- 0x3333333333333000
mem[X,0x0000000080004D40] -> 0x0513
mem[X,0x0000000080004D42] -> 0x3345
[4949] [M]: 0x0000000080004D40 (0x33450513) addi a0, a0, 820
x10 <- 0x3333333333333334
mem[X,0x0000000080004D44] -> 0x3593
mem[X,0x0000000080004D46] -> 0x0405
[4950] [M]: 0x0000000080004D44 (0x04053593) sltiu a1, a0, 64
x11 <- 0x0000000000000000
mem[X,0x0000000080004D48] -> 0x3C23
mem[X,0x0000000080004D4A] -> 0x46B1
[4951] [M]: 0x0000000080004D48 (0x46B13C23) sd a1, 1144(sp)
mem[0x0000000080009640] <- 0x0000000000000000
mem[X,0x0000000080004D4C] -> 0x6537
mem[X,0x0000000080004D4E] -> 0x6666
[4952] [M]: 0x0000000080004D4C (0x66666537) lui a0, 419430
x10 <- 0x0000000066666000
mem[X,0x0000000080004D50] -> 0x0513
mem[X,0x0000000080004D52] -> 0x6665
[4953] [M]: 0x0000000080004D50 (0x66650513) addi a0, a0, 1638
x10 <- 0x0000000066666666
mem[X,0x0000000080004D54] -> 0x1513
mem[X,0x0000000080004D56] -> 0x00B5
[4954] [M]: 0x0000000080004D54 (0x00B51513) slli a0, a0, 11
x10 <- 0x0000033333333000
mem[X,0x0000000080004D58] -> 0x0513
mem[X,0x0000000080004D5A] -> 0x3335
[4955] [M]: 0x0000000080004D58 (0x33350513) addi a0, a0, 819
x10 <- 0x0000033333333333
mem[X,0x0000000080004D5C] -> 0x1513
mem[X,0x0000000080004D5E] -> 0x00B5
[4956] [M]: 0x0000000080004D5C (0x00B51513) slli a0, a0, 11
x10 <- 0x0019999999999800
mem[X,0x0000000080004D60] -> 0x0513
mem[X,0x0000000080004D62] -> 0x1995
[4957] [M]: 0x0000000080004D60 (0x19950513) addi a0, a0, 409
x10 <- 0x0019999999999999
mem[X,0x0000000080004D64] -> 0x1513
mem[X,0x0000000080004D66] -> 0x00A5
[4958] [M]: 0x0000000080004D64 (0x00A51513) slli a0, a0, 10
x10 <- 0x6666666666666400
mem[X,0x0000000080004D68] -> 0x0513
mem[X,0x0000000080004D6A] -> 0x2675
[4959] [M]: 0x0000000080004D68 (0x26750513) addi a0, a0, 615
x10 <- 0x6666666666666667
mem[X,0x0000000080004D6C] -> 0x3593
mem[X,0x0000000080004D6E] -> 0x0035
[4960] [M]: 0x0000000080004D6C (0x00353593) sltiu a1, a0, 3
x11 <- 0x0000000000000000
mem[X,0x0000000080004D70] -> 0x3023
mem[X,0x0000000080004D72] -> 0x48B1
[4961] [M]: 0x0000000080004D70 (0x48B13023) sd a1, 1152(sp)
mem[0x0000000080009648] <- 0x0000000000000000
mem[X,0x0000000080004D74] -> 0x6537
mem[X,0x0000000080004D76] -> 0x6666
[4962] [M]: 0x0000000080004D74 (0x66666537) lui a0, 419430
x10 <- 0x0000000066666000
mem[X,0x0000000080004D78] -> 0x0513
mem[X,0x0000000080004D7A] -> 0x6665
[4963] [M]: 0x0000000080004D78 (0x66650513) addi a0, a0, 1638
x10 <- 0x0000000066666666
mem[X,0x0000000080004D7C] -> 0x1513
mem[X,0x0000000080004D7E] -> 0x00B5
[4964] [M]: 0x0000000080004D7C (0x00B51513) slli a0, a0, 11
x10 <- 0x0000033333333000
mem[X,0x0000000080004D80] -> 0x0513
mem[X,0x0000000080004D82] -> 0x3335
[4965] [M]: 0x0000000080004D80 (0x33350513) addi a0, a0, 819
x10 <- 0x0000033333333333
mem[X,0x0000000080004D84] -> 0x1513
mem[X,0x0000000080004D86] -> 0x00B5
[4966] [M]: 0x0000000080004D84 (0x00B51513) slli a0, a0, 11
x10 <- 0x0019999999999800
mem[X,0x0000000080004D88] -> 0x0513
mem[X,0x0000000080004D8A] -> 0x1995
[4967] [M]: 0x0000000080004D88 (0x19950513) addi a0, a0, 409
x10 <- 0x0019999999999999
mem[X,0x0000000080004D8C] -> 0x1513
mem[X,0x0000000080004D8E] -> 0x00A5
[4968] [M]: 0x0000000080004D8C (0x00A51513) slli a0, a0, 10
x10 <- 0x6666666666666400
mem[X,0x0000000080004D90] -> 0x0513
mem[X,0x0000000080004D92] -> 0x2675
[4969] [M]: 0x0000000080004D90 (0x26750513) addi a0, a0, 615
x10 <- 0x6666666666666667
mem[X,0x0000000080004D94] -> 0x3593
mem[X,0x0000000080004D96] -> 0x5555
[4970] [M]: 0x0000000080004D94 (0x55553593) sltiu a1, a0, 1365
x11 <- 0x0000000000000000
mem[X,0x0000000080004D98] -> 0x3423
mem[X,0x0000000080004D9A] -> 0x48B1
[4971] [M]: 0x0000000080004D98 (0x48B13423) sd a1, 1160(sp)
mem[0x0000000080009650] <- 0x0000000000000000
mem[X,0x0000000080004D9C] -> 0x6537
mem[X,0x0000000080004D9E] -> 0x6666
[4972] [M]: 0x0000000080004D9C (0x66666537) lui a0, 419430
x10 <- 0x0000000066666000
mem[X,0x0000000080004DA0] -> 0x0513
mem[X,0x0000000080004DA2] -> 0x6665
[4973] [M]: 0x0000000080004DA0 (0x66650513) addi a0, a0, 1638
x10 <- 0x0000000066666666
mem[X,0x0000000080004DA4] -> 0x1513
mem[X,0x0000000080004DA6] -> 0x00B5
[4974] [M]: 0x0000000080004DA4 (0x00B51513) slli a0, a0, 11
x10 <- 0x0000033333333000
mem[X,0x0000000080004DA8] -> 0x0513
mem[X,0x0000000080004DAA] -> 0x3335
[4975] [M]: 0x0000000080004DA8 (0x33350513) addi a0, a0, 819
x10 <- 0x0000033333333333
mem[X,0x0000000080004DAC] -> 0x1513
mem[X,0x0000000080004DAE] -> 0x00B5
[4976] [M]: 0x0000000080004DAC (0x00B51513) slli a0, a0, 11
x10 <- 0x0019999999999800
mem[X,0x0000000080004DB0] -> 0x0513
mem[X,0x0000000080004DB2] -> 0x1995
[4977] [M]: 0x0000000080004DB0 (0x19950513) addi a0, a0, 409
x10 <- 0x0019999999999999
mem[X,0x0000000080004DB4] -> 0x1513
mem[X,0x0000000080004DB6] -> 0x00A5
[4978] [M]: 0x0000000080004DB4 (0x00A51513) slli a0, a0, 10
x10 <- 0x6666666666666400
mem[X,0x0000000080004DB8] -> 0x0513
mem[X,0x0000000080004DBA] -> 0x2675
[4979] [M]: 0x0000000080004DB8 (0x26750513) addi a0, a0, 615
x10 <- 0x6666666666666667
mem[X,0x0000000080004DBC] -> 0x3593
mem[X,0x0000000080004DBE] -> 0xAAA5
[4980] [M]: 0x0000000080004DBC (0xAAA53593) sltiu a1, a0, 2730
x11 <- 0x0000000000000001
mem[X,0x0000000080004DC0] -> 0x3823
mem[X,0x0000000080004DC2] -> 0x48B1
[4981] [M]: 0x0000000080004DC0 (0x48B13823) sd a1, 1168(sp)
mem[0x0000000080009658] <- 0x0000000000000001
mem[X,0x0000000080004DC4] -> 0x6537
mem[X,0x0000000080004DC6] -> 0x6666
[4982] [M]: 0x0000000080004DC4 (0x66666537) lui a0, 419430
x10 <- 0x0000000066666000
mem[X,0x0000000080004DC8] -> 0x0513
mem[X,0x0000000080004DCA] -> 0x6665
[4983] [M]: 0x0000000080004DC8 (0x66650513) addi a0, a0, 1638
x10 <- 0x0000000066666666
mem[X,0x0000000080004DCC] -> 0x1513
mem[X,0x0000000080004DCE] -> 0x00B5
[4984] [M]: 0x0000000080004DCC (0x00B51513) slli a0, a0, 11
x10 <- 0x0000033333333000
mem[X,0x0000000080004DD0] -> 0x0513
mem[X,0x0000000080004DD2] -> 0x3335
[4985] [M]: 0x0000000080004DD0 (0x33350513) addi a0, a0, 819
x10 <- 0x0000033333333333
mem[X,0x0000000080004DD4] -> 0x1513
mem[X,0x0000000080004DD6] -> 0x00B5
[4986] [M]: 0x0000000080004DD4 (0x00B51513) slli a0, a0, 11
x10 <- 0x0019999999999800
mem[X,0x0000000080004DD8] -> 0x0513
mem[X,0x0000000080004DDA] -> 0x1995
[4987] [M]: 0x0000000080004DD8 (0x19950513) addi a0, a0, 409
x10 <- 0x0019999999999999
mem[X,0x0000000080004DDC] -> 0x1513
mem[X,0x0000000080004DDE] -> 0x00A5
[4988] [M]: 0x0000000080004DDC (0x00A51513) slli a0, a0, 10
x10 <- 0x6666666666666400
mem[X,0x0000000080004DE0] -> 0x0513
mem[X,0x0000000080004DE2] -> 0x2675
[4989] [M]: 0x0000000080004DE0 (0x26750513) addi a0, a0, 615
x10 <- 0x6666666666666667
mem[X,0x0000000080004DE4] -> 0x3593
mem[X,0x0000000080004DE6] -> 0x0055
[4990] [M]: 0x0000000080004DE4 (0x00553593) sltiu a1, a0, 5
x11 <- 0x0000000000000000
mem[X,0x0000000080004DE8] -> 0x3C23
mem[X,0x0000000080004DEA] -> 0x48B1
[4991] [M]: 0x0000000080004DE8 (0x48B13C23) sd a1, 1176(sp)
mem[0x0000000080009660] <- 0x0000000000000000
mem[X,0x0000000080004DEC] -> 0x6537
mem[X,0x0000000080004DEE] -> 0x6666
[4992] [M]: 0x0000000080004DEC (0x66666537) lui a0, 419430
x10 <- 0x0000000066666000
mem[X,0x0000000080004DF0] -> 0x0513
mem[X,0x0000000080004DF2] -> 0x6665
[4993] [M]: 0x0000000080004DF0 (0x66650513) addi a0, a0, 1638
x10 <- 0x0000000066666666
mem[X,0x0000000080004DF4] -> 0x1513
mem[X,0x0000000080004DF6] -> 0x00B5
[4994] [M]: 0x0000000080004DF4 (0x00B51513) slli a0, a0, 11
x10 <- 0x0000033333333000
mem[X,0x0000000080004DF8] -> 0x0513
mem[X,0x0000000080004DFA] -> 0x3335
[4995] [M]: 0x0000000080004DF8 (0x33350513) addi a0, a0, 819
x10 <- 0x0000033333333333
mem[X,0x0000000080004DFC] -> 0x1513
mem[X,0x0000000080004DFE] -> 0x00B5
[4996] [M]: 0x0000000080004DFC (0x00B51513) slli a0, a0, 11
x10 <- 0x0019999999999800
mem[X,0x0000000080004E00] -> 0x0513
mem[X,0x0000000080004E02] -> 0x1995
[4997] [M]: 0x0000000080004E00 (0x19950513) addi a0, a0, 409
x10 <- 0x0019999999999999
mem[X,0x0000000080004E04] -> 0x1513
mem[X,0x0000000080004E06] -> 0x00A5
[4998] [M]: 0x0000000080004E04 (0x00A51513) slli a0, a0, 10
x10 <- 0x6666666666666400
mem[X,0x0000000080004E08] -> 0x0513
mem[X,0x0000000080004E0A] -> 0x2675
[4999] [M]: 0x0000000080004E08 (0x26750513) addi a0, a0, 615
x10 <- 0x6666666666666667
clint::tick mtime <- 0x0000000000000032
 clint timer pending at mtime 0x0000000000000032
htif::tick 0x0000000000000000
mem[X,0x0000000080004E0C] -> 0x3593
mem[X,0x0000000080004E0E] -> 0x3335
[5000] [M]: 0x0000000080004E0C (0x33353593) sltiu a1, a0, 819
x11 <- 0x0000000000000000
mem[X,0x0000000080004E10] -> 0x3023
mem[X,0x0000000080004E12] -> 0x4AB1
[5001] [M]: 0x0000000080004E10 (0x4AB13023) sd a1, 1184(sp)
mem[0x0000000080009668] <- 0x0000000000000000
mem[X,0x0000000080004E14] -> 0x6537
mem[X,0x0000000080004E16] -> 0x6666
[5002] [M]: 0x0000000080004E14 (0x66666537) lui a0, 419430
x10 <- 0x0000000066666000
mem[X,0x0000000080004E18] -> 0x0513
mem[X,0x0000000080004E1A] -> 0x6665
[5003] [M]: 0x0000000080004E18 (0x66650513) addi a0, a0, 1638
x10 <- 0x0000000066666666
mem[X,0x0000000080004E1C] -> 0x1513
mem[X,0x0000000080004E1E] -> 0x00B5
[5004] [M]: 0x0000000080004E1C (0x00B51513) slli a0, a0, 11
x10 <- 0x0000033333333000
mem[X,0x0000000080004E20] -> 0x0513
mem[X,0x0000000080004E22] -> 0x3335
[5005] [M]: 0x0000000080004E20 (0x33350513) addi a0, a0, 819
x10 <- 0x0000033333333333
mem[X,0x0000000080004E24] -> 0x1513
mem[X,0x0000000080004E26] -> 0x00B5
[5006] [M]: 0x0000000080004E24 (0x00B51513) slli a0, a0, 11
x10 <- 0x0019999999999800
mem[X,0x0000000080004E28] -> 0x0513
mem[X,0x0000000080004E2A] -> 0x1995
[5007] [M]: 0x0000000080004E28 (0x19950513) addi a0, a0, 409
x10 <- 0x0019999999999999
mem[X,0x0000000080004E2C] -> 0x1513
mem[X,0x0000000080004E2E] -> 0x00A5
[5008] [M]: 0x0000000080004E2C (0x00A51513) slli a0, a0, 10
x10 <- 0x6666666666666400
mem[X,0x0000000080004E30] -> 0x0513
mem[X,0x0000000080004E32] -> 0x2675
[5009] [M]: 0x0000000080004E30 (0x26750513) addi a0, a0, 615
x10 <- 0x6666666666666667
mem[X,0x0000000080004E34] -> 0x3593
mem[X,0x0000000080004E36] -> 0x6665
[5010] [M]: 0x0000000080004E34 (0x66653593) sltiu a1, a0, 1638
x11 <- 0x0000000000000000
mem[X,0x0000000080004E38] -> 0x3423
mem[X,0x0000000080004E3A] -> 0x4AB1
[5011] [M]: 0x0000000080004E38 (0x4AB13423) sd a1, 1192(sp)
mem[0x0000000080009670] <- 0x0000000000000000
mem[X,0x0000000080004E3C] -> 0x6537
mem[X,0x0000000080004E3E] -> 0x6666
[5012] [M]: 0x0000000080004E3C (0x66666537) lui a0, 419430
x10 <- 0x0000000066666000
mem[X,0x0000000080004E40] -> 0x0513
mem[X,0x0000000080004E42] -> 0x6665
[5013] [M]: 0x0000000080004E40 (0x66650513) addi a0, a0, 1638
x10 <- 0x0000000066666666
mem[X,0x0000000080004E44] -> 0x1513
mem[X,0x0000000080004E46] -> 0x00B5
[5014] [M]: 0x0000000080004E44 (0x00B51513) slli a0, a0, 11
x10 <- 0x0000033333333000
mem[X,0x0000000080004E48] -> 0x0513
mem[X,0x0000000080004E4A] -> 0x3335
[5015] [M]: 0x0000000080004E48 (0x33350513) addi a0, a0, 819
x10 <- 0x0000033333333333
mem[X,0x0000000080004E4C] -> 0x1513
mem[X,0x0000000080004E4E] -> 0x00B5
[5016] [M]: 0x0000000080004E4C (0x00B51513) slli a0, a0, 11
x10 <- 0x0019999999999800
mem[X,0x0000000080004E50] -> 0x0513
mem[X,0x0000000080004E52] -> 0x1995
[5017] [M]: 0x0000000080004E50 (0x19950513) addi a0, a0, 409
x10 <- 0x0019999999999999
mem[X,0x0000000080004E54] -> 0x1513
mem[X,0x0000000080004E56] -> 0x00A5
[5018] [M]: 0x0000000080004E54 (0x00A51513) slli a0, a0, 10
x10 <- 0x6666666666666400
mem[X,0x0000000080004E58] -> 0x0513
mem[X,0x0000000080004E5A] -> 0x2675
[5019] [M]: 0x0000000080004E58 (0x26750513) addi a0, a0, 615
x10 <- 0x6666666666666667
mem[X,0x0000000080004E5C] -> 0x3593
mem[X,0x0000000080004E5E] -> 0x02D5
[5020] [M]: 0x0000000080004E5C (0x02D53593) sltiu a1, a0, 45
x11 <- 0x0000000000000000
mem[X,0x0000000080004E60] -> 0x3823
mem[X,0x0000000080004E62] -> 0x4AB1
[5021] [M]: 0x0000000080004E60 (0x4AB13823) sd a1, 1200(sp)
mem[0x0000000080009678] <- 0x0000000000000000
mem[X,0x0000000080004E64] -> 0x6537
mem[X,0x0000000080004E66] -> 0x6666
[5022] [M]: 0x0000000080004E64 (0x66666537) lui a0, 419430
x10 <- 0x0000000066666000
mem[X,0x0000000080004E68] -> 0x0513
mem[X,0x0000000080004E6A] -> 0x6665
[5023] [M]: 0x0000000080004E68 (0x66650513) addi a0, a0, 1638
x10 <- 0x0000000066666666
mem[X,0x0000000080004E6C] -> 0x1513
mem[X,0x0000000080004E6E] -> 0x00B5
[5024] [M]: 0x0000000080004E6C (0x00B51513) slli a0, a0, 11
x10 <- 0x0000033333333000
mem[X,0x0000000080004E70] -> 0x0513
mem[X,0x0000000080004E72] -> 0x3335
[5025] [M]: 0x0000000080004E70 (0x33350513) addi a0, a0, 819
x10 <- 0x0000033333333333
mem[X,0x0000000080004E74] -> 0x1513
mem[X,0x0000000080004E76] -> 0x00B5
[5026] [M]: 0x0000000080004E74 (0x00B51513) slli a0, a0, 11
x10 <- 0x0019999999999800
mem[X,0x0000000080004E78] -> 0x0513
mem[X,0x0000000080004E7A] -> 0x1995
[5027] [M]: 0x0000000080004E78 (0x19950513) addi a0, a0, 409
x10 <- 0x0019999999999999
mem[X,0x0000000080004E7C] -> 0x1513
mem[X,0x0000000080004E7E] -> 0x00A5
[5028] [M]: 0x0000000080004E7C (0x00A51513) slli a0, a0, 10
x10 <- 0x6666666666666400
mem[X,0x0000000080004E80] -> 0x0513
mem[X,0x0000000080004E82] -> 0x2675
[5029] [M]: 0x0000000080004E80 (0x26750513) addi a0, a0, 615
x10 <- 0x6666666666666667
mem[X,0x0000000080004E84] -> 0x3593
mem[X,0x0000000080004E86] -> 0x0005
[5030] [M]: 0x0000000080004E84 (0x00053593) sltiu a1, a0, 0
x11 <- 0x0000000000000000
mem[X,0x0000000080004E88] -> 0x3C23
mem[X,0x0000000080004E8A] -> 0x4AB1
[5031] [M]: 0x0000000080004E88 (0x4AB13C23) sd a1, 1208(sp)
mem[0x0000000080009680] <- 0x0000000000000000
mem[X,0x0000000080004E8C] -> 0x6537
mem[X,0x0000000080004E8E] -> 0x6666
[5032] [M]: 0x0000000080004E8C (0x66666537) lui a0, 419430
x10 <- 0x0000000066666000
mem[X,0x0000000080004E90] -> 0x0513
mem[X,0x0000000080004E92] -> 0x6665
[5033] [M]: 0x0000000080004E90 (0x66650513) addi a0, a0, 1638
x10 <- 0x0000000066666666
mem[X,0x0000000080004E94] -> 0x1513
mem[X,0x0000000080004E96] -> 0x00B5
[5034] [M]: 0x0000000080004E94 (0x00B51513) slli a0, a0, 11
x10 <- 0x0000033333333000
mem[X,0x0000000080004E98] -> 0x0513
mem[X,0x0000000080004E9A] -> 0x3335
[5035] [M]: 0x0000000080004E98 (0x33350513) addi a0, a0, 819
x10 <- 0x0000033333333333
mem[X,0x0000000080004E9C] -> 0x1513
mem[X,0x0000000080004E9E] -> 0x00B5
[5036] [M]: 0x0000000080004E9C (0x00B51513) slli a0, a0, 11
x10 <- 0x0019999999999800
mem[X,0x0000000080004EA0] -> 0x0513
mem[X,0x0000000080004EA2] -> 0x1995
[5037] [M]: 0x0000000080004EA0 (0x19950513) addi a0, a0, 409
x10 <- 0x0019999999999999
mem[X,0x0000000080004EA4] -> 0x1513
mem[X,0x0000000080004EA6] -> 0x00A5
[5038] [M]: 0x0000000080004EA4 (0x00A51513) slli a0, a0, 10
x10 <- 0x6666666666666400
mem[X,0x0000000080004EA8] -> 0x0513
mem[X,0x0000000080004EAA] -> 0x2675
[5039] [M]: 0x0000000080004EA8 (0x26750513) addi a0, a0, 615
x10 <- 0x6666666666666667
mem[X,0x0000000080004EAC] -> 0x3593
mem[X,0x0000000080004EAE] -> 0x03F5
[5040] [M]: 0x0000000080004EAC (0x03F53593) sltiu a1, a0, 63
x11 <- 0x0000000000000000
mem[X,0x0000000080004EB0] -> 0x3023
mem[X,0x0000000080004EB2] -> 0x4CB1
[5041] [M]: 0x0000000080004EB0 (0x4CB13023) sd a1, 1216(sp)
mem[0x0000000080009688] <- 0x0000000000000000
mem[X,0x0000000080004EB4] -> 0x6537
mem[X,0x0000000080004EB6] -> 0x6666
[5042] [M]: 0x0000000080004EB4 (0x66666537) lui a0, 419430
x10 <- 0x0000000066666000
mem[X,0x0000000080004EB8] -> 0x0513
mem[X,0x0000000080004EBA] -> 0x6665
[5043] [M]: 0x0000000080004EB8 (0x66650513) addi a0, a0, 1638
x10 <- 0x0000000066666666
mem[X,0x0000000080004EBC] -> 0x1513
mem[X,0x0000000080004EBE] -> 0x00B5
[5044] [M]: 0x0000000080004EBC (0x00B51513) slli a0, a0, 11
x10 <- 0x0000033333333000
mem[X,0x0000000080004EC0] -> 0x0513
mem[X,0x0000000080004EC2] -> 0x3335
[5045] [M]: 0x0000000080004EC0 (0x33350513) addi a0, a0, 819
x10 <- 0x0000033333333333
mem[X,0x0000000080004EC4] -> 0x1513
mem[X,0x0000000080004EC6] -> 0x00B5
[5046] [M]: 0x0000000080004EC4 (0x00B51513) slli a0, a0, 11
x10 <- 0x0019999999999800
mem[X,0x0000000080004EC8] -> 0x0513
mem[X,0x0000000080004ECA] -> 0x1995
[5047] [M]: 0x0000000080004EC8 (0x19950513) addi a0, a0, 409
x10 <- 0x0019999999999999
mem[X,0x0000000080004ECC] -> 0x1513
mem[X,0x0000000080004ECE] -> 0x00A5
[5048] [M]: 0x0000000080004ECC (0x00A51513) slli a0, a0, 10
x10 <- 0x6666666666666400
mem[X,0x0000000080004ED0] -> 0x0513
mem[X,0x0000000080004ED2] -> 0x2675
[5049] [M]: 0x0000000080004ED0 (0x26750513) addi a0, a0, 615
x10 <- 0x6666666666666667
mem[X,0x0000000080004ED4] -> 0x3593
mem[X,0x0000000080004ED6] -> 0x0025
[5050] [M]: 0x0000000080004ED4 (0x00253593) sltiu a1, a0, 2
x11 <- 0x0000000000000000
mem[X,0x0000000080004ED8] -> 0x3423
mem[X,0x0000000080004EDA] -> 0x4CB1
[5051] [M]: 0x0000000080004ED8 (0x4CB13423) sd a1, 1224(sp)
mem[0x0000000080009690] <- 0x0000000000000000
mem[X,0x0000000080004EDC] -> 0x6537
mem[X,0x0000000080004EDE] -> 0x6666
[5052] [M]: 0x0000000080004EDC (0x66666537) lui a0, 419430
x10 <- 0x0000000066666000
mem[X,0x0000000080004EE0] -> 0x0513
mem[X,0x0000000080004EE2] -> 0x6665
[5053] [M]: 0x0000000080004EE0 (0x66650513) addi a0, a0, 1638
x10 <- 0x0000000066666666
mem[X,0x0000000080004EE4] -> 0x1513
mem[X,0x0000000080004EE6] -> 0x00B5
[5054] [M]: 0x0000000080004EE4 (0x00B51513) slli a0, a0, 11
x10 <- 0x0000033333333000
mem[X,0x0000000080004EE8] -> 0x0513
mem[X,0x0000000080004EEA] -> 0x3335
[5055] [M]: 0x0000000080004EE8 (0x33350513) addi a0, a0, 819
x10 <- 0x0000033333333333
mem[X,0x0000000080004EEC] -> 0x1513
mem[X,0x0000000080004EEE] -> 0x00B5
[5056] [M]: 0x0000000080004EEC (0x00B51513) slli a0, a0, 11
x10 <- 0x0019999999999800
mem[X,0x0000000080004EF0] -> 0x0513
mem[X,0x0000000080004EF2] -> 0x1995
[5057] [M]: 0x0000000080004EF0 (0x19950513) addi a0, a0, 409
x10 <- 0x0019999999999999
mem[X,0x0000000080004EF4] -> 0x1513
mem[X,0x0000000080004EF6] -> 0x00A5
[5058] [M]: 0x0000000080004EF4 (0x00A51513) slli a0, a0, 10
x10 <- 0x6666666666666400
mem[X,0x0000000080004EF8] -> 0x0513
mem[X,0x0000000080004EFA] -> 0x2675
[5059] [M]: 0x0000000080004EF8 (0x26750513) addi a0, a0, 615
x10 <- 0x6666666666666667
mem[X,0x0000000080004EFC] -> 0x3593
mem[X,0x0000000080004EFE] -> 0x5545
[5060] [M]: 0x0000000080004EFC (0x55453593) sltiu a1, a0, 1364
x11 <- 0x0000000000000000
mem[X,0x0000000080004F00] -> 0x3823
mem[X,0x0000000080004F02] -> 0x4CB1
[5061] [M]: 0x0000000080004F00 (0x4CB13823) sd a1, 1232(sp)
mem[0x0000000080009698] <- 0x0000000000000000
mem[X,0x0000000080004F04] -> 0x6537
mem[X,0x0000000080004F06] -> 0x6666
[5062] [M]: 0x0000000080004F04 (0x66666537) lui a0, 419430
x10 <- 0x0000000066666000
mem[X,0x0000000080004F08] -> 0x0513
mem[X,0x0000000080004F0A] -> 0x6665
[5063] [M]: 0x0000000080004F08 (0x66650513) addi a0, a0, 1638
x10 <- 0x0000000066666666
mem[X,0x0000000080004F0C] -> 0x1513
mem[X,0x0000000080004F0E] -> 0x00B5
[5064] [M]: 0x0000000080004F0C (0x00B51513) slli a0, a0, 11
x10 <- 0x0000033333333000
mem[X,0x0000000080004F10] -> 0x0513
mem[X,0x0000000080004F12] -> 0x3335
[5065] [M]: 0x0000000080004F10 (0x33350513) addi a0, a0, 819
x10 <- 0x0000033333333333
mem[X,0x0000000080004F14] -> 0x1513
mem[X,0x0000000080004F16] -> 0x00B5
[5066] [M]: 0x0000000080004F14 (0x00B51513) slli a0, a0, 11
x10 <- 0x0019999999999800
mem[X,0x0000000080004F18] -> 0x0513
mem[X,0x0000000080004F1A] -> 0x1995
[5067] [M]: 0x0000000080004F18 (0x19950513) addi a0, a0, 409
x10 <- 0x0019999999999999
mem[X,0x0000000080004F1C] -> 0x1513
mem[X,0x0000000080004F1E] -> 0x00A5
[5068] [M]: 0x0000000080004F1C (0x00A51513) slli a0, a0, 10
x10 <- 0x6666666666666400
mem[X,0x0000000080004F20] -> 0x0513
mem[X,0x0000000080004F22] -> 0x2675
[5069] [M]: 0x0000000080004F20 (0x26750513) addi a0, a0, 615
x10 <- 0x6666666666666667
mem[X,0x0000000080004F24] -> 0x3593
mem[X,0x0000000080004F26] -> 0xAA95
[5070] [M]: 0x0000000080004F24 (0xAA953593) sltiu a1, a0, 2729
x11 <- 0x0000000000000001
mem[X,0x0000000080004F28] -> 0x3C23
mem[X,0x0000000080004F2A] -> 0x4CB1
[5071] [M]: 0x0000000080004F28 (0x4CB13C23) sd a1, 1240(sp)
mem[0x00000000800096A0] <- 0x0000000000000001
mem[X,0x0000000080004F2C] -> 0x6537
mem[X,0x0000000080004F2E] -> 0x6666
[5072] [M]: 0x0000000080004F2C (0x66666537) lui a0, 419430
x10 <- 0x0000000066666000
mem[X,0x0000000080004F30] -> 0x0513
mem[X,0x0000000080004F32] -> 0x6665
[5073] [M]: 0x0000000080004F30 (0x66650513) addi a0, a0, 1638
x10 <- 0x0000000066666666
mem[X,0x0000000080004F34] -> 0x1513
mem[X,0x0000000080004F36] -> 0x00B5
[5074] [M]: 0x0000000080004F34 (0x00B51513) slli a0, a0, 11
x10 <- 0x0000033333333000
mem[X,0x0000000080004F38] -> 0x0513
mem[X,0x0000000080004F3A] -> 0x3335
[5075] [M]: 0x0000000080004F38 (0x33350513) addi a0, a0, 819
x10 <- 0x0000033333333333
mem[X,0x0000000080004F3C] -> 0x1513
mem[X,0x0000000080004F3E] -> 0x00B5
[5076] [M]: 0x0000000080004F3C (0x00B51513) slli a0, a0, 11
x10 <- 0x0019999999999800
mem[X,0x0000000080004F40] -> 0x0513
mem[X,0x0000000080004F42] -> 0x1995
[5077] [M]: 0x0000000080004F40 (0x19950513) addi a0, a0, 409
x10 <- 0x0019999999999999
mem[X,0x0000000080004F44] -> 0x1513
mem[X,0x0000000080004F46] -> 0x00A5
[5078] [M]: 0x0000000080004F44 (0x00A51513) slli a0, a0, 10
x10 <- 0x6666666666666400
mem[X,0x0000000080004F48] -> 0x0513
mem[X,0x0000000080004F4A] -> 0x2675
[5079] [M]: 0x0000000080004F48 (0x26750513) addi a0, a0, 615
x10 <- 0x6666666666666667
mem[X,0x0000000080004F4C] -> 0x3593
mem[X,0x0000000080004F4E] -> 0x0045
[5080] [M]: 0x0000000080004F4C (0x00453593) sltiu a1, a0, 4
x11 <- 0x0000000000000000
mem[X,0x0000000080004F50] -> 0x3023
mem[X,0x0000000080004F52] -> 0x4EB1
[5081] [M]: 0x0000000080004F50 (0x4EB13023) sd a1, 1248(sp)
mem[0x00000000800096A8] <- 0x0000000000000000
mem[X,0x0000000080004F54] -> 0x6537
mem[X,0x0000000080004F56] -> 0x6666
[5082] [M]: 0x0000000080004F54 (0x66666537) lui a0, 419430
x10 <- 0x0000000066666000
mem[X,0x0000000080004F58] -> 0x0513
mem[X,0x0000000080004F5A] -> 0x6665
[5083] [M]: 0x0000000080004F58 (0x66650513) addi a0, a0, 1638
x10 <- 0x0000000066666666
mem[X,0x0000000080004F5C] -> 0x1513
mem[X,0x0000000080004F5E] -> 0x00B5
[5084] [M]: 0x0000000080004F5C (0x00B51513) slli a0, a0, 11
x10 <- 0x0000033333333000
mem[X,0x0000000080004F60] -> 0x0513
mem[X,0x0000000080004F62] -> 0x3335
[5085] [M]: 0x0000000080004F60 (0x33350513) addi a0, a0, 819
x10 <- 0x0000033333333333
mem[X,0x0000000080004F64] -> 0x1513
mem[X,0x0000000080004F66] -> 0x00B5
[5086] [M]: 0x0000000080004F64 (0x00B51513) slli a0, a0, 11
x10 <- 0x0019999999999800
mem[X,0x0000000080004F68] -> 0x0513
mem[X,0x0000000080004F6A] -> 0x1995
[5087] [M]: 0x0000000080004F68 (0x19950513) addi a0, a0, 409
x10 <- 0x0019999999999999
mem[X,0x0000000080004F6C] -> 0x1513
mem[X,0x0000000080004F6E] -> 0x00A5
[5088] [M]: 0x0000000080004F6C (0x00A51513) slli a0, a0, 10
x10 <- 0x6666666666666400
mem[X,0x0000000080004F70] -> 0x0513
mem[X,0x0000000080004F72] -> 0x2675
[5089] [M]: 0x0000000080004F70 (0x26750513) addi a0, a0, 615
x10 <- 0x6666666666666667
mem[X,0x0000000080004F74] -> 0x3593
mem[X,0x0000000080004F76] -> 0x3325
[5090] [M]: 0x0000000080004F74 (0x33253593) sltiu a1, a0, 818
x11 <- 0x0000000000000000
mem[X,0x0000000080004F78] -> 0x3423
mem[X,0x0000000080004F7A] -> 0x4EB1
[5091] [M]: 0x0000000080004F78 (0x4EB13423) sd a1, 1256(sp)
mem[0x00000000800096B0] <- 0x0000000000000000
mem[X,0x0000000080004F7C] -> 0x6537
mem[X,0x0000000080004F7E] -> 0x6666
[5092] [M]: 0x0000000080004F7C (0x66666537) lui a0, 419430
x10 <- 0x0000000066666000
mem[X,0x0000000080004F80] -> 0x0513
mem[X,0x0000000080004F82] -> 0x6665
[5093] [M]: 0x0000000080004F80 (0x66650513) addi a0, a0, 1638
x10 <- 0x0000000066666666
mem[X,0x0000000080004F84] -> 0x1513
mem[X,0x0000000080004F86] -> 0x00B5
[5094] [M]: 0x0000000080004F84 (0x00B51513) slli a0, a0, 11
x10 <- 0x0000033333333000
mem[X,0x0000000080004F88] -> 0x0513
mem[X,0x0000000080004F8A] -> 0x3335
[5095] [M]: 0x0000000080004F88 (0x33350513) addi a0, a0, 819
x10 <- 0x0000033333333333
mem[X,0x0000000080004F8C] -> 0x1513
mem[X,0x0000000080004F8E] -> 0x00B5
[5096] [M]: 0x0000000080004F8C (0x00B51513) slli a0, a0, 11
x10 <- 0x0019999999999800
mem[X,0x0000000080004F90] -> 0x0513
mem[X,0x0000000080004F92] -> 0x1995
[5097] [M]: 0x0000000080004F90 (0x19950513) addi a0, a0, 409
x10 <- 0x0019999999999999
mem[X,0x0000000080004F94] -> 0x1513
mem[X,0x0000000080004F96] -> 0x00A5
[5098] [M]: 0x0000000080004F94 (0x00A51513) slli a0, a0, 10
x10 <- 0x6666666666666400
mem[X,0x0000000080004F98] -> 0x0513
mem[X,0x0000000080004F9A] -> 0x2675
[5099] [M]: 0x0000000080004F98 (0x26750513) addi a0, a0, 615
x10 <- 0x6666666666666667
clint::tick mtime <- 0x0000000000000033
 clint timer pending at mtime 0x0000000000000033
htif::tick 0x0000000000000000
mem[X,0x0000000080004F9C] -> 0x3593
mem[X,0x0000000080004F9E] -> 0x6655
[5100] [M]: 0x0000000080004F9C (0x66553593) sltiu a1, a0, 1637
x11 <- 0x0000000000000000
mem[X,0x0000000080004FA0] -> 0x3823
mem[X,0x0000000080004FA2] -> 0x4EB1
[5101] [M]: 0x0000000080004FA0 (0x4EB13823) sd a1, 1264(sp)
mem[0x00000000800096B8] <- 0x0000000000000000
mem[X,0x0000000080004FA4] -> 0x6537
mem[X,0x0000000080004FA6] -> 0x6666
[5102] [M]: 0x0000000080004FA4 (0x66666537) lui a0, 419430
x10 <- 0x0000000066666000
mem[X,0x0000000080004FA8] -> 0x0513
mem[X,0x0000000080004FAA] -> 0x6665
[5103] [M]: 0x0000000080004FA8 (0x66650513) addi a0, a0, 1638
x10 <- 0x0000000066666666
mem[X,0x0000000080004FAC] -> 0x1513
mem[X,0x0000000080004FAE] -> 0x00B5
[5104] [M]: 0x0000000080004FAC (0x00B51513) slli a0, a0, 11
x10 <- 0x0000033333333000
mem[X,0x0000000080004FB0] -> 0x0513
mem[X,0x0000000080004FB2] -> 0x3335
[5105] [M]: 0x0000000080004FB0 (0x33350513) addi a0, a0, 819
x10 <- 0x0000033333333333
mem[X,0x0000000080004FB4] -> 0x1513
mem[X,0x0000000080004FB6] -> 0x00B5
[5106] [M]: 0x0000000080004FB4 (0x00B51513) slli a0, a0, 11
x10 <- 0x0019999999999800
mem[X,0x0000000080004FB8] -> 0x0513
mem[X,0x0000000080004FBA] -> 0x1995
[5107] [M]: 0x0000000080004FB8 (0x19950513) addi a0, a0, 409
x10 <- 0x0019999999999999
mem[X,0x0000000080004FBC] -> 0x1513
mem[X,0x0000000080004FBE] -> 0x00A5
[5108] [M]: 0x0000000080004FBC (0x00A51513) slli a0, a0, 10
x10 <- 0x6666666666666400
mem[X,0x0000000080004FC0] -> 0x0513
mem[X,0x0000000080004FC2] -> 0x2675
[5109] [M]: 0x0000000080004FC0 (0x26750513) addi a0, a0, 615
x10 <- 0x6666666666666667
mem[X,0x0000000080004FC4] -> 0x3593
mem[X,0x0000000080004FC6] -> 0x02C5
[5110] [M]: 0x0000000080004FC4 (0x02C53593) sltiu a1, a0, 44
x11 <- 0x0000000000000000
mem[X,0x0000000080004FC8] -> 0x3C23
mem[X,0x0000000080004FCA] -> 0x4EB1
[5111] [M]: 0x0000000080004FC8 (0x4EB13C23) sd a1, 1272(sp)
mem[0x00000000800096C0] <- 0x0000000000000000
mem[X,0x0000000080004FCC] -> 0x6537
mem[X,0x0000000080004FCE] -> 0x6666
[5112] [M]: 0x0000000080004FCC (0x66666537) lui a0, 419430
x10 <- 0x0000000066666000
mem[X,0x0000000080004FD0] -> 0x0513
mem[X,0x0000000080004FD2] -> 0x6665
[5113] [M]: 0x0000000080004FD0 (0x66650513) addi a0, a0, 1638
x10 <- 0x0000000066666666
mem[X,0x0000000080004FD4] -> 0x1513
mem[X,0x0000000080004FD6] -> 0x00B5
[5114] [M]: 0x0000000080004FD4 (0x00B51513) slli a0, a0, 11
x10 <- 0x0000033333333000
mem[X,0x0000000080004FD8] -> 0x0513
mem[X,0x0000000080004FDA] -> 0x3335
[5115] [M]: 0x0000000080004FD8 (0x33350513) addi a0, a0, 819
x10 <- 0x0000033333333333
mem[X,0x0000000080004FDC] -> 0x1513
mem[X,0x0000000080004FDE] -> 0x00B5
[5116] [M]: 0x0000000080004FDC (0x00B51513) slli a0, a0, 11
x10 <- 0x0019999999999800
mem[X,0x0000000080004FE0] -> 0x0513
mem[X,0x0000000080004FE2] -> 0x1995
[5117] [M]: 0x0000000080004FE0 (0x19950513) addi a0, a0, 409
x10 <- 0x0019999999999999
mem[X,0x0000000080004FE4] -> 0x1513
mem[X,0x0000000080004FE6] -> 0x00A5
[5118] [M]: 0x0000000080004FE4 (0x00A51513) slli a0, a0, 10
x10 <- 0x6666666666666400
mem[X,0x0000000080004FE8] -> 0x0513
mem[X,0x0000000080004FEA] -> 0x2675
[5119] [M]: 0x0000000080004FE8 (0x26750513) addi a0, a0, 615
x10 <- 0x6666666666666667
mem[X,0x0000000080004FEC] -> 0x3593
mem[X,0x0000000080004FEE] -> 0x03E5
[5120] [M]: 0x0000000080004FEC (0x03E53593) sltiu a1, a0, 62
x11 <- 0x0000000000000000
mem[X,0x0000000080004FF0] -> 0x3023
mem[X,0x0000000080004FF2] -> 0x50B1
[5121] [M]: 0x0000000080004FF0 (0x50B13023) sd a1, 1280(sp)
mem[0x00000000800096C8] <- 0x0000000000000000
mem[X,0x0000000080004FF4] -> 0x6537
mem[X,0x0000000080004FF6] -> 0x6666
[5122] [M]: 0x0000000080004FF4 (0x66666537) lui a0, 419430
x10 <- 0x0000000066666000
mem[X,0x0000000080004FF8] -> 0x0513
mem[X,0x0000000080004FFA] -> 0x6665
[5123] [M]: 0x0000000080004FF8 (0x66650513) addi a0, a0, 1638
x10 <- 0x0000000066666666
mem[X,0x0000000080004FFC] -> 0x1513
mem[X,0x0000000080004FFE] -> 0x00B5
[5124] [M]: 0x0000000080004FFC (0x00B51513) slli a0, a0, 11
x10 <- 0x0000033333333000
mem[X,0x0000000080005000] -> 0x0513
mem[X,0x0000000080005002] -> 0x3335
[5125] [M]: 0x0000000080005000 (0x33350513) addi a0, a0, 819
x10 <- 0x0000033333333333
mem[X,0x0000000080005004] -> 0x1513
mem[X,0x0000000080005006] -> 0x00B5
[5126] [M]: 0x0000000080005004 (0x00B51513) slli a0, a0, 11
x10 <- 0x0019999999999800
mem[X,0x0000000080005008] -> 0x0513
mem[X,0x000000008000500A] -> 0x1995
[5127] [M]: 0x0000000080005008 (0x19950513) addi a0, a0, 409
x10 <- 0x0019999999999999
mem[X,0x000000008000500C] -> 0x1513
mem[X,0x000000008000500E] -> 0x00A5
[5128] [M]: 0x000000008000500C (0x00A51513) slli a0, a0, 10
x10 <- 0x6666666666666400
mem[X,0x0000000080005010] -> 0x0513
mem[X,0x0000000080005012] -> 0x2675
[5129] [M]: 0x0000000080005010 (0x26750513) addi a0, a0, 615
x10 <- 0x6666666666666667
mem[X,0x0000000080005014] -> 0x3593
mem[X,0x0000000080005016] -> 0x5565
[5130] [M]: 0x0000000080005014 (0x55653593) sltiu a1, a0, 1366
x11 <- 0x0000000000000000
mem[X,0x0000000080005018] -> 0x3423
mem[X,0x000000008000501A] -> 0x50B1
[5131] [M]: 0x0000000080005018 (0x50B13423) sd a1, 1288(sp)
mem[0x00000000800096D0] <- 0x0000000000000000
mem[X,0x000000008000501C] -> 0x6537
mem[X,0x000000008000501E] -> 0x6666
[5132] [M]: 0x000000008000501C (0x66666537) lui a0, 419430
x10 <- 0x0000000066666000
mem[X,0x0000000080005020] -> 0x0513
mem[X,0x0000000080005022] -> 0x6665
[5133] [M]: 0x0000000080005020 (0x66650513) addi a0, a0, 1638
x10 <- 0x0000000066666666
mem[X,0x0000000080005024] -> 0x1513
mem[X,0x0000000080005026] -> 0x00B5
[5134] [M]: 0x0000000080005024 (0x00B51513) slli a0, a0, 11
x10 <- 0x0000033333333000
mem[X,0x0000000080005028] -> 0x0513
mem[X,0x000000008000502A] -> 0x3335
[5135] [M]: 0x0000000080005028 (0x33350513) addi a0, a0, 819
x10 <- 0x0000033333333333
mem[X,0x000000008000502C] -> 0x1513
mem[X,0x000000008000502E] -> 0x00B5
[5136] [M]: 0x000000008000502C (0x00B51513) slli a0, a0, 11
x10 <- 0x0019999999999800
mem[X,0x0000000080005030] -> 0x0513
mem[X,0x0000000080005032] -> 0x1995
[5137] [M]: 0x0000000080005030 (0x19950513) addi a0, a0, 409
x10 <- 0x0019999999999999
mem[X,0x0000000080005034] -> 0x1513
mem[X,0x0000000080005036] -> 0x00A5
[5138] [M]: 0x0000000080005034 (0x00A51513) slli a0, a0, 10
x10 <- 0x6666666666666400
mem[X,0x0000000080005038] -> 0x0513
mem[X,0x000000008000503A] -> 0x2675
[5139] [M]: 0x0000000080005038 (0x26750513) addi a0, a0, 615
x10 <- 0x6666666666666667
mem[X,0x000000008000503C] -> 0x3593
mem[X,0x000000008000503E] -> 0xAAB5
[5140] [M]: 0x000000008000503C (0xAAB53593) sltiu a1, a0, 2731
x11 <- 0x0000000000000001
mem[X,0x0000000080005040] -> 0x3823
mem[X,0x0000000080005042] -> 0x50B1
[5141] [M]: 0x0000000080005040 (0x50B13823) sd a1, 1296(sp)
mem[0x00000000800096D8] <- 0x0000000000000001
mem[X,0x0000000080005044] -> 0x6537
mem[X,0x0000000080005046] -> 0x6666
[5142] [M]: 0x0000000080005044 (0x66666537) lui a0, 419430
x10 <- 0x0000000066666000
mem[X,0x0000000080005048] -> 0x0513
mem[X,0x000000008000504A] -> 0x6665
[5143] [M]: 0x0000000080005048 (0x66650513) addi a0, a0, 1638
x10 <- 0x0000000066666666
mem[X,0x000000008000504C] -> 0x1513
mem[X,0x000000008000504E] -> 0x00B5
[5144] [M]: 0x000000008000504C (0x00B51513) slli a0, a0, 11
x10 <- 0x0000033333333000
mem[X,0x0000000080005050] -> 0x0513
mem[X,0x0000000080005052] -> 0x3335
[5145] [M]: 0x0000000080005050 (0x33350513) addi a0, a0, 819
x10 <- 0x0000033333333333
mem[X,0x0000000080005054] -> 0x1513
mem[X,0x0000000080005056] -> 0x00B5
[5146] [M]: 0x0000000080005054 (0x00B51513) slli a0, a0, 11
x10 <- 0x0019999999999800
mem[X,0x0000000080005058] -> 0x0513
mem[X,0x000000008000505A] -> 0x1995
[5147] [M]: 0x0000000080005058 (0x19950513) addi a0, a0, 409
x10 <- 0x0019999999999999
mem[X,0x000000008000505C] -> 0x1513
mem[X,0x000000008000505E] -> 0x00A5
[5148] [M]: 0x000000008000505C (0x00A51513) slli a0, a0, 10
x10 <- 0x6666666666666400
mem[X,0x0000000080005060] -> 0x0513
mem[X,0x0000000080005062] -> 0x2675
[5149] [M]: 0x0000000080005060 (0x26750513) addi a0, a0, 615
x10 <- 0x6666666666666667
mem[X,0x0000000080005064] -> 0x3593
mem[X,0x0000000080005066] -> 0x0065
[5150] [M]: 0x0000000080005064 (0x00653593) sltiu a1, a0, 6
x11 <- 0x0000000000000000
mem[X,0x0000000080005068] -> 0x3C23
mem[X,0x000000008000506A] -> 0x50B1
[5151] [M]: 0x0000000080005068 (0x50B13C23) sd a1, 1304(sp)
mem[0x00000000800096E0] <- 0x0000000000000000
mem[X,0x000000008000506C] -> 0x6537
mem[X,0x000000008000506E] -> 0x6666
[5152] [M]: 0x000000008000506C (0x66666537) lui a0, 419430
x10 <- 0x0000000066666000
mem[X,0x0000000080005070] -> 0x0513
mem[X,0x0000000080005072] -> 0x6665
[5153] [M]: 0x0000000080005070 (0x66650513) addi a0, a0, 1638
x10 <- 0x0000000066666666
mem[X,0x0000000080005074] -> 0x1513
mem[X,0x0000000080005076] -> 0x00B5
[5154] [M]: 0x0000000080005074 (0x00B51513) slli a0, a0, 11
x10 <- 0x0000033333333000
mem[X,0x0000000080005078] -> 0x0513
mem[X,0x000000008000507A] -> 0x3335
[5155] [M]: 0x0000000080005078 (0x33350513) addi a0, a0, 819
x10 <- 0x0000033333333333
mem[X,0x000000008000507C] -> 0x1513
mem[X,0x000000008000507E] -> 0x00B5
[5156] [M]: 0x000000008000507C (0x00B51513) slli a0, a0, 11
x10 <- 0x0019999999999800
mem[X,0x0000000080005080] -> 0x0513
mem[X,0x0000000080005082] -> 0x1995
[5157] [M]: 0x0000000080005080 (0x19950513) addi a0, a0, 409
x10 <- 0x0019999999999999
mem[X,0x0000000080005084] -> 0x1513
mem[X,0x0000000080005086] -> 0x00A5
[5158] [M]: 0x0000000080005084 (0x00A51513) slli a0, a0, 10
x10 <- 0x6666666666666400
mem[X,0x0000000080005088] -> 0x0513
mem[X,0x000000008000508A] -> 0x2675
[5159] [M]: 0x0000000080005088 (0x26750513) addi a0, a0, 615
x10 <- 0x6666666666666667
mem[X,0x000000008000508C] -> 0x3593
mem[X,0x000000008000508E] -> 0x3345
[5160] [M]: 0x000000008000508C (0x33453593) sltiu a1, a0, 820
x11 <- 0x0000000000000000
mem[X,0x0000000080005090] -> 0x3023
mem[X,0x0000000080005092] -> 0x52B1
[5161] [M]: 0x0000000080005090 (0x52B13023) sd a1, 1312(sp)
mem[0x00000000800096E8] <- 0x0000000000000000
mem[X,0x0000000080005094] -> 0x6537
mem[X,0x0000000080005096] -> 0x6666
[5162] [M]: 0x0000000080005094 (0x66666537) lui a0, 419430
x10 <- 0x0000000066666000
mem[X,0x0000000080005098] -> 0x0513
mem[X,0x000000008000509A] -> 0x6665
[5163] [M]: 0x0000000080005098 (0x66650513) addi a0, a0, 1638
x10 <- 0x0000000066666666
mem[X,0x000000008000509C] -> 0x1513
mem[X,0x000000008000509E] -> 0x00B5
[5164] [M]: 0x000000008000509C (0x00B51513) slli a0, a0, 11
x10 <- 0x0000033333333000
mem[X,0x00000000800050A0] -> 0x0513
mem[X,0x00000000800050A2] -> 0x3335
[5165] [M]: 0x00000000800050A0 (0x33350513) addi a0, a0, 819
x10 <- 0x0000033333333333
mem[X,0x00000000800050A4] -> 0x1513
mem[X,0x00000000800050A6] -> 0x00B5
[5166] [M]: 0x00000000800050A4 (0x00B51513) slli a0, a0, 11
x10 <- 0x0019999999999800
mem[X,0x00000000800050A8] -> 0x0513
mem[X,0x00000000800050AA] -> 0x1995
[5167] [M]: 0x00000000800050A8 (0x19950513) addi a0, a0, 409
x10 <- 0x0019999999999999
mem[X,0x00000000800050AC] -> 0x1513
mem[X,0x00000000800050AE] -> 0x00A5
[5168] [M]: 0x00000000800050AC (0x00A51513) slli a0, a0, 10
x10 <- 0x6666666666666400
mem[X,0x00000000800050B0] -> 0x0513
mem[X,0x00000000800050B2] -> 0x2675
[5169] [M]: 0x00000000800050B0 (0x26750513) addi a0, a0, 615
x10 <- 0x6666666666666667
mem[X,0x00000000800050B4] -> 0x3593
mem[X,0x00000000800050B6] -> 0x6675
[5170] [M]: 0x00000000800050B4 (0x66753593) sltiu a1, a0, 1639
x11 <- 0x0000000000000000
mem[X,0x00000000800050B8] -> 0x3423
mem[X,0x00000000800050BA] -> 0x52B1
[5171] [M]: 0x00000000800050B8 (0x52B13423) sd a1, 1320(sp)
mem[0x00000000800096F0] <- 0x0000000000000000
mem[X,0x00000000800050BC] -> 0x6537
mem[X,0x00000000800050BE] -> 0x6666
[5172] [M]: 0x00000000800050BC (0x66666537) lui a0, 419430
x10 <- 0x0000000066666000
mem[X,0x00000000800050C0] -> 0x0513
mem[X,0x00000000800050C2] -> 0x6665
[5173] [M]: 0x00000000800050C0 (0x66650513) addi a0, a0, 1638
x10 <- 0x0000000066666666
mem[X,0x00000000800050C4] -> 0x1513
mem[X,0x00000000800050C6] -> 0x00B5
[5174] [M]: 0x00000000800050C4 (0x00B51513) slli a0, a0, 11
x10 <- 0x0000033333333000
mem[X,0x00000000800050C8] -> 0x0513
mem[X,0x00000000800050CA] -> 0x3335
[5175] [M]: 0x00000000800050C8 (0x33350513) addi a0, a0, 819
x10 <- 0x0000033333333333
mem[X,0x00000000800050CC] -> 0x1513
mem[X,0x00000000800050CE] -> 0x00B5
[5176] [M]: 0x00000000800050CC (0x00B51513) slli a0, a0, 11
x10 <- 0x0019999999999800
mem[X,0x00000000800050D0] -> 0x0513
mem[X,0x00000000800050D2] -> 0x1995
[5177] [M]: 0x00000000800050D0 (0x19950513) addi a0, a0, 409
x10 <- 0x0019999999999999
mem[X,0x00000000800050D4] -> 0x1513
mem[X,0x00000000800050D6] -> 0x00A5
[5178] [M]: 0x00000000800050D4 (0x00A51513) slli a0, a0, 10
x10 <- 0x6666666666666400
mem[X,0x00000000800050D8] -> 0x0513
mem[X,0x00000000800050DA] -> 0x2675
[5179] [M]: 0x00000000800050D8 (0x26750513) addi a0, a0, 615
x10 <- 0x6666666666666667
mem[X,0x00000000800050DC] -> 0x3593
mem[X,0x00000000800050DE] -> 0x02E5
[5180] [M]: 0x00000000800050DC (0x02E53593) sltiu a1, a0, 46
x11 <- 0x0000000000000000
mem[X,0x00000000800050E0] -> 0x3823
mem[X,0x00000000800050E2] -> 0x52B1
[5181] [M]: 0x00000000800050E0 (0x52B13823) sd a1, 1328(sp)
mem[0x00000000800096F8] <- 0x0000000000000000
mem[X,0x00000000800050E4] -> 0x6537
mem[X,0x00000000800050E6] -> 0x6666
[5182] [M]: 0x00000000800050E4 (0x66666537) lui a0, 419430
x10 <- 0x0000000066666000
mem[X,0x00000000800050E8] -> 0x0513
mem[X,0x00000000800050EA] -> 0x6665
[5183] [M]: 0x00000000800050E8 (0x66650513) addi a0, a0, 1638
x10 <- 0x0000000066666666
mem[X,0x00000000800050EC] -> 0x1513
mem[X,0x00000000800050EE] -> 0x00B5
[5184] [M]: 0x00000000800050EC (0x00B51513) slli a0, a0, 11
x10 <- 0x0000033333333000
mem[X,0x00000000800050F0] -> 0x0513
mem[X,0x00000000800050F2] -> 0x3335
[5185] [M]: 0x00000000800050F0 (0x33350513) addi a0, a0, 819
x10 <- 0x0000033333333333
mem[X,0x00000000800050F4] -> 0x1513
mem[X,0x00000000800050F6] -> 0x00B5
[5186] [M]: 0x00000000800050F4 (0x00B51513) slli a0, a0, 11
x10 <- 0x0019999999999800
mem[X,0x00000000800050F8] -> 0x0513
mem[X,0x00000000800050FA] -> 0x1995
[5187] [M]: 0x00000000800050F8 (0x19950513) addi a0, a0, 409
x10 <- 0x0019999999999999
mem[X,0x00000000800050FC] -> 0x1513
mem[X,0x00000000800050FE] -> 0x00A5
[5188] [M]: 0x00000000800050FC (0x00A51513) slli a0, a0, 10
x10 <- 0x6666666666666400
mem[X,0x0000000080005100] -> 0x0513
mem[X,0x0000000080005102] -> 0x2675
[5189] [M]: 0x0000000080005100 (0x26750513) addi a0, a0, 615
x10 <- 0x6666666666666667
mem[X,0x0000000080005104] -> 0x3593
mem[X,0x0000000080005106] -> 0x0015
[5190] [M]: 0x0000000080005104 (0x00153593) sltiu a1, a0, 1
x11 <- 0x0000000000000000
mem[X,0x0000000080005108] -> 0x3C23
mem[X,0x000000008000510A] -> 0x52B1
[5191] [M]: 0x0000000080005108 (0x52B13C23) sd a1, 1336(sp)
mem[0x0000000080009700] <- 0x0000000000000000
mem[X,0x000000008000510C] -> 0x6537
mem[X,0x000000008000510E] -> 0x6666
[5192] [M]: 0x000000008000510C (0x66666537) lui a0, 419430
x10 <- 0x0000000066666000
mem[X,0x0000000080005110] -> 0x0513
mem[X,0x0000000080005112] -> 0x6665
[5193] [M]: 0x0000000080005110 (0x66650513) addi a0, a0, 1638
x10 <- 0x0000000066666666
mem[X,0x0000000080005114] -> 0x1513
mem[X,0x0000000080005116] -> 0x00B5
[5194] [M]: 0x0000000080005114 (0x00B51513) slli a0, a0, 11
x10 <- 0x0000033333333000
mem[X,0x0000000080005118] -> 0x0513
mem[X,0x000000008000511A] -> 0x3335
[5195] [M]: 0x0000000080005118 (0x33350513) addi a0, a0, 819
x10 <- 0x0000033333333333
mem[X,0x000000008000511C] -> 0x1513
mem[X,0x000000008000511E] -> 0x00B5
[5196] [M]: 0x000000008000511C (0x00B51513) slli a0, a0, 11
x10 <- 0x0019999999999800
mem[X,0x0000000080005120] -> 0x0513
mem[X,0x0000000080005122] -> 0x1995
[5197] [M]: 0x0000000080005120 (0x19950513) addi a0, a0, 409
x10 <- 0x0019999999999999
mem[X,0x0000000080005124] -> 0x1513
mem[X,0x0000000080005126] -> 0x00A5
[5198] [M]: 0x0000000080005124 (0x00A51513) slli a0, a0, 10
x10 <- 0x6666666666666400
mem[X,0x0000000080005128] -> 0x0513
mem[X,0x000000008000512A] -> 0x2675
[5199] [M]: 0x0000000080005128 (0x26750513) addi a0, a0, 615
x10 <- 0x6666666666666667
clint::tick mtime <- 0x0000000000000034
 clint timer pending at mtime 0x0000000000000034
htif::tick 0x0000000000000000
mem[X,0x000000008000512C] -> 0x3593
mem[X,0x000000008000512E] -> 0x0405
[5200] [M]: 0x000000008000512C (0x04053593) sltiu a1, a0, 64
x11 <- 0x0000000000000000
mem[X,0x0000000080005130] -> 0x3023
mem[X,0x0000000080005132] -> 0x54B1
[5201] [M]: 0x0000000080005130 (0x54B13023) sd a1, 1344(sp)
mem[0x0000000080009708] <- 0x0000000000000000
mem[X,0x0000000080005134] -> 0x0537
mem[X,0x0000000080005136] -> 0x0000
[5202] [M]: 0x0000000080005134 (0x00000537) lui a0, 0
x10 <- 0x0000000000000000
mem[X,0x0000000080005138] -> 0x0513
mem[X,0x000000008000513A] -> 0x0005
[5203] [M]: 0x0000000080005138 (0x00050513) addi a0, a0, 0
x10 <- 0x0000000000000000
mem[X,0x000000008000513C] -> 0x1513
mem[X,0x000000008000513E] -> 0x00B5
[5204] [M]: 0x000000008000513C (0x00B51513) slli a0, a0, 11
x10 <- 0x0000000000000000
mem[X,0x0000000080005140] -> 0x0513
mem[X,0x0000000080005142] -> 0x5A85
[5205] [M]: 0x0000000080005140 (0x5A850513) addi a0, a0, 1448
x10 <- 0x00000000000005A8
mem[X,0x0000000080005144] -> 0x1513
mem[X,0x0000000080005146] -> 0x00B5
[5206] [M]: 0x0000000080005144 (0x00B51513) slli a0, a0, 11
x10 <- 0x00000000002D4000
mem[X,0x0000000080005148] -> 0x0513
mem[X,0x000000008000514A] -> 0x13C5
[5207] [M]: 0x0000000080005148 (0x13C50513) addi a0, a0, 316
x10 <- 0x00000000002D413C
mem[X,0x000000008000514C] -> 0x1513
mem[X,0x000000008000514E] -> 0x00A5
[5208] [M]: 0x000000008000514C (0x00A51513) slli a0, a0, 10
x10 <- 0x00000000B504F000
mem[X,0x0000000080005150] -> 0x0513
mem[X,0x0000000080005152] -> 0x3345
[5209] [M]: 0x0000000080005150 (0x33450513) addi a0, a0, 820
x10 <- 0x00000000B504F334
mem[X,0x0000000080005154] -> 0x3593
mem[X,0x0000000080005156] -> 0x0035
[5210] [M]: 0x0000000080005154 (0x00353593) sltiu a1, a0, 3
x11 <- 0x0000000000000000
mem[X,0x0000000080005158] -> 0x3423
mem[X,0x000000008000515A] -> 0x54B1
[5211] [M]: 0x0000000080005158 (0x54B13423) sd a1, 1352(sp)
mem[0x0000000080009710] <- 0x0000000000000000
mem[X,0x000000008000515C] -> 0x0537
mem[X,0x000000008000515E] -> 0x0000
[5212] [M]: 0x000000008000515C (0x00000537) lui a0, 0
x10 <- 0x0000000000000000
mem[X,0x0000000080005160] -> 0x0513
mem[X,0x0000000080005162] -> 0x0005
[5213] [M]: 0x0000000080005160 (0x00050513) addi a0, a0, 0
x10 <- 0x0000000000000000
mem[X,0x0000000080005164] -> 0x1513
mem[X,0x0000000080005166] -> 0x00B5
[5214] [M]: 0x0000000080005164 (0x00B51513) slli a0, a0, 11
x10 <- 0x0000000000000000
mem[X,0x0000000080005168] -> 0x0513
mem[X,0x000000008000516A] -> 0x5A85
[5215] [M]: 0x0000000080005168 (0x5A850513) addi a0, a0, 1448
x10 <- 0x00000000000005A8
mem[X,0x000000008000516C] -> 0x1513
mem[X,0x000000008000516E] -> 0x00B5
[5216] [M]: 0x000000008000516C (0x00B51513) slli a0, a0, 11
x10 <- 0x00000000002D4000
mem[X,0x0000000080005170] -> 0x0513
mem[X,0x0000000080005172] -> 0x13C5
[5217] [M]: 0x0000000080005170 (0x13C50513) addi a0, a0, 316
x10 <- 0x00000000002D413C
mem[X,0x0000000080005174] -> 0x1513
mem[X,0x0000000080005176] -> 0x00A5
[5218] [M]: 0x0000000080005174 (0x00A51513) slli a0, a0, 10
x10 <- 0x00000000B504F000
mem[X,0x0000000080005178] -> 0x0513
mem[X,0x000000008000517A] -> 0x3345
[5219] [M]: 0x0000000080005178 (0x33450513) addi a0, a0, 820
x10 <- 0x00000000B504F334
mem[X,0x000000008000517C] -> 0x3593
mem[X,0x000000008000517E] -> 0x5555
[5220] [M]: 0x000000008000517C (0x55553593) sltiu a1, a0, 1365
x11 <- 0x0000000000000000
mem[X,0x0000000080005180] -> 0x3823
mem[X,0x0000000080005182] -> 0x54B1
[5221] [M]: 0x0000000080005180 (0x54B13823) sd a1, 1360(sp)
mem[0x0000000080009718] <- 0x0000000000000000
mem[X,0x0000000080005184] -> 0x0537
mem[X,0x0000000080005186] -> 0x0000
[5222] [M]: 0x0000000080005184 (0x00000537) lui a0, 0
x10 <- 0x0000000000000000
mem[X,0x0000000080005188] -> 0x0513
mem[X,0x000000008000518A] -> 0x0005
[5223] [M]: 0x0000000080005188 (0x00050513) addi a0, a0, 0
x10 <- 0x0000000000000000
mem[X,0x000000008000518C] -> 0x1513
mem[X,0x000000008000518E] -> 0x00B5
[5224] [M]: 0x000000008000518C (0x00B51513) slli a0, a0, 11
x10 <- 0x0000000000000000
mem[X,0x0000000080005190] -> 0x0513
mem[X,0x0000000080005192] -> 0x5A85
[5225] [M]: 0x0000000080005190 (0x5A850513) addi a0, a0, 1448
x10 <- 0x00000000000005A8
mem[X,0x0000000080005194] -> 0x1513
mem[X,0x0000000080005196] -> 0x00B5
[5226] [M]: 0x0000000080005194 (0x00B51513) slli a0, a0, 11
x10 <- 0x00000000002D4000
mem[X,0x0000000080005198] -> 0x0513
mem[X,0x000000008000519A] -> 0x13C5
[5227] [M]: 0x0000000080005198 (0x13C50513) addi a0, a0, 316
x10 <- 0x00000000002D413C
mem[X,0x000000008000519C] -> 0x1513
mem[X,0x000000008000519E] -> 0x00A5
[5228] [M]: 0x000000008000519C (0x00A51513) slli a0, a0, 10
x10 <- 0x00000000B504F000
mem[X,0x00000000800051A0] -> 0x0513
mem[X,0x00000000800051A2] -> 0x3345
[5229] [M]: 0x00000000800051A0 (0x33450513) addi a0, a0, 820
x10 <- 0x00000000B504F334
mem[X,0x00000000800051A4] -> 0x3593
mem[X,0x00000000800051A6] -> 0xAAA5
[5230] [M]: 0x00000000800051A4 (0xAAA53593) sltiu a1, a0, 2730
x11 <- 0x0000000000000001
mem[X,0x00000000800051A8] -> 0x3C23
mem[X,0x00000000800051AA] -> 0x54B1
[5231] [M]: 0x00000000800051A8 (0x54B13C23) sd a1, 1368(sp)
mem[0x0000000080009720] <- 0x0000000000000001
mem[X,0x00000000800051AC] -> 0x0537
mem[X,0x00000000800051AE] -> 0x0000
[5232] [M]: 0x00000000800051AC (0x00000537) lui a0, 0
x10 <- 0x0000000000000000
mem[X,0x00000000800051B0] -> 0x0513
mem[X,0x00000000800051B2] -> 0x0005
[5233] [M]: 0x00000000800051B0 (0x00050513) addi a0, a0, 0
x10 <- 0x0000000000000000
mem[X,0x00000000800051B4] -> 0x1513
mem[X,0x00000000800051B6] -> 0x00B5
[5234] [M]: 0x00000000800051B4 (0x00B51513) slli a0, a0, 11
x10 <- 0x0000000000000000
mem[X,0x00000000800051B8] -> 0x0513
mem[X,0x00000000800051BA] -> 0x5A85
[5235] [M]: 0x00000000800051B8 (0x5A850513) addi a0, a0, 1448
x10 <- 0x00000000000005A8
mem[X,0x00000000800051BC] -> 0x1513
mem[X,0x00000000800051BE] -> 0x00B5
[5236] [M]: 0x00000000800051BC (0x00B51513) slli a0, a0, 11
x10 <- 0x00000000002D4000
mem[X,0x00000000800051C0] -> 0x0513
mem[X,0x00000000800051C2] -> 0x13C5
[5237] [M]: 0x00000000800051C0 (0x13C50513) addi a0, a0, 316
x10 <- 0x00000000002D413C
mem[X,0x00000000800051C4] -> 0x1513
mem[X,0x00000000800051C6] -> 0x00A5
[5238] [M]: 0x00000000800051C4 (0x00A51513) slli a0, a0, 10
x10 <- 0x00000000B504F000
mem[X,0x00000000800051C8] -> 0x0513
mem[X,0x00000000800051CA] -> 0x3345
[5239] [M]: 0x00000000800051C8 (0x33450513) addi a0, a0, 820
x10 <- 0x00000000B504F334
mem[X,0x00000000800051CC] -> 0x3593
mem[X,0x00000000800051CE] -> 0x0055
[5240] [M]: 0x00000000800051CC (0x00553593) sltiu a1, a0, 5
x11 <- 0x0000000000000000
mem[X,0x00000000800051D0] -> 0x3023
mem[X,0x00000000800051D2] -> 0x56B1
[5241] [M]: 0x00000000800051D0 (0x56B13023) sd a1, 1376(sp)
mem[0x0000000080009728] <- 0x0000000000000000
mem[X,0x00000000800051D4] -> 0x0537
mem[X,0x00000000800051D6] -> 0x0000
[5242] [M]: 0x00000000800051D4 (0x00000537) lui a0, 0
x10 <- 0x0000000000000000
mem[X,0x00000000800051D8] -> 0x0513
mem[X,0x00000000800051DA] -> 0x0005
[5243] [M]: 0x00000000800051D8 (0x00050513) addi a0, a0, 0
x10 <- 0x0000000000000000
mem[X,0x00000000800051DC] -> 0x1513
mem[X,0x00000000800051DE] -> 0x00B5
[5244] [M]: 0x00000000800051DC (0x00B51513) slli a0, a0, 11
x10 <- 0x0000000000000000
mem[X,0x00000000800051E0] -> 0x0513
mem[X,0x00000000800051E2] -> 0x5A85
[5245] [M]: 0x00000000800051E0 (0x5A850513) addi a0, a0, 1448
x10 <- 0x00000000000005A8
mem[X,0x00000000800051E4] -> 0x1513
mem[X,0x00000000800051E6] -> 0x00B5
[5246] [M]: 0x00000000800051E4 (0x00B51513) slli a0, a0, 11
x10 <- 0x00000000002D4000
mem[X,0x00000000800051E8] -> 0x0513
mem[X,0x00000000800051EA] -> 0x13C5
[5247] [M]: 0x00000000800051E8 (0x13C50513) addi a0, a0, 316
x10 <- 0x00000000002D413C
mem[X,0x00000000800051EC] -> 0x1513
mem[X,0x00000000800051EE] -> 0x00A5
[5248] [M]: 0x00000000800051EC (0x00A51513) slli a0, a0, 10
x10 <- 0x00000000B504F000
mem[X,0x00000000800051F0] -> 0x0513
mem[X,0x00000000800051F2] -> 0x3345
[5249] [M]: 0x00000000800051F0 (0x33450513) addi a0, a0, 820
x10 <- 0x00000000B504F334
mem[X,0x00000000800051F4] -> 0x3593
mem[X,0x00000000800051F6] -> 0x3335
[5250] [M]: 0x00000000800051F4 (0x33353593) sltiu a1, a0, 819
x11 <- 0x0000000000000000
mem[X,0x00000000800051F8] -> 0x3423
mem[X,0x00000000800051FA] -> 0x56B1
[5251] [M]: 0x00000000800051F8 (0x56B13423) sd a1, 1384(sp)
mem[0x0000000080009730] <- 0x0000000000000000
mem[X,0x00000000800051FC] -> 0x0537
mem[X,0x00000000800051FE] -> 0x0000
[5252] [M]: 0x00000000800051FC (0x00000537) lui a0, 0
x10 <- 0x0000000000000000
mem[X,0x0000000080005200] -> 0x0513
mem[X,0x0000000080005202] -> 0x0005
[5253] [M]: 0x0000000080005200 (0x00050513) addi a0, a0, 0
x10 <- 0x0000000000000000
mem[X,0x0000000080005204] -> 0x1513
mem[X,0x0000000080005206] -> 0x00B5
[5254] [M]: 0x0000000080005204 (0x00B51513) slli a0, a0, 11
x10 <- 0x0000000000000000
mem[X,0x0000000080005208] -> 0x0513
mem[X,0x000000008000520A] -> 0x5A85
[5255] [M]: 0x0000000080005208 (0x5A850513) addi a0, a0, 1448
x10 <- 0x00000000000005A8
mem[X,0x000000008000520C] -> 0x1513
mem[X,0x000000008000520E] -> 0x00B5
[5256] [M]: 0x000000008000520C (0x00B51513) slli a0, a0, 11
x10 <- 0x00000000002D4000
mem[X,0x0000000080005210] -> 0x0513
mem[X,0x0000000080005212] -> 0x13C5
[5257] [M]: 0x0000000080005210 (0x13C50513) addi a0, a0, 316
x10 <- 0x00000000002D413C
mem[X,0x0000000080005214] -> 0x1513
mem[X,0x0000000080005216] -> 0x00A5
[5258] [M]: 0x0000000080005214 (0x00A51513) slli a0, a0, 10
x10 <- 0x00000000B504F000
mem[X,0x0000000080005218] -> 0x0513
mem[X,0x000000008000521A] -> 0x3345
[5259] [M]: 0x0000000080005218 (0x33450513) addi a0, a0, 820
x10 <- 0x00000000B504F334
mem[X,0x000000008000521C] -> 0x3593
mem[X,0x000000008000521E] -> 0x6665
[5260] [M]: 0x000000008000521C (0x66653593) sltiu a1, a0, 1638
x11 <- 0x0000000000000000
mem[X,0x0000000080005220] -> 0x3823
mem[X,0x0000000080005222] -> 0x56B1
[5261] [M]: 0x0000000080005220 (0x56B13823) sd a1, 1392(sp)
mem[0x0000000080009738] <- 0x0000000000000000
mem[X,0x0000000080005224] -> 0x0537
mem[X,0x0000000080005226] -> 0x0000
[5262] [M]: 0x0000000080005224 (0x00000537) lui a0, 0
x10 <- 0x0000000000000000
mem[X,0x0000000080005228] -> 0x0513
mem[X,0x000000008000522A] -> 0x0005
[5263] [M]: 0x0000000080005228 (0x00050513) addi a0, a0, 0
x10 <- 0x0000000000000000
mem[X,0x000000008000522C] -> 0x1513
mem[X,0x000000008000522E] -> 0x00B5
[5264] [M]: 0x000000008000522C (0x00B51513) slli a0, a0, 11
x10 <- 0x0000000000000000
mem[X,0x0000000080005230] -> 0x0513
mem[X,0x0000000080005232] -> 0x5A85
[5265] [M]: 0x0000000080005230 (0x5A850513) addi a0, a0, 1448
x10 <- 0x00000000000005A8
mem[X,0x0000000080005234] -> 0x1513
mem[X,0x0000000080005236] -> 0x00B5
[5266] [M]: 0x0000000080005234 (0x00B51513) slli a0, a0, 11
x10 <- 0x00000000002D4000
mem[X,0x0000000080005238] -> 0x0513
mem[X,0x000000008000523A] -> 0x13C5
[5267] [M]: 0x0000000080005238 (0x13C50513) addi a0, a0, 316
x10 <- 0x00000000002D413C
mem[X,0x000000008000523C] -> 0x1513
mem[X,0x000000008000523E] -> 0x00A5
[5268] [M]: 0x000000008000523C (0x00A51513) slli a0, a0, 10
x10 <- 0x00000000B504F000
mem[X,0x0000000080005240] -> 0x0513
mem[X,0x0000000080005242] -> 0x3345
[5269] [M]: 0x0000000080005240 (0x33450513) addi a0, a0, 820
x10 <- 0x00000000B504F334
mem[X,0x0000000080005244] -> 0x3593
mem[X,0x0000000080005246] -> 0x02D5
[5270] [M]: 0x0000000080005244 (0x02D53593) sltiu a1, a0, 45
x11 <- 0x0000000000000000
mem[X,0x0000000080005248] -> 0x3C23
mem[X,0x000000008000524A] -> 0x56B1
[5271] [M]: 0x0000000080005248 (0x56B13C23) sd a1, 1400(sp)
mem[0x0000000080009740] <- 0x0000000000000000
mem[X,0x000000008000524C] -> 0x0537
mem[X,0x000000008000524E] -> 0x0000
[5272] [M]: 0x000000008000524C (0x00000537) lui a0, 0
x10 <- 0x0000000000000000
mem[X,0x0000000080005250] -> 0x0513
mem[X,0x0000000080005252] -> 0x0005
[5273] [M]: 0x0000000080005250 (0x00050513) addi a0, a0, 0
x10 <- 0x0000000000000000
mem[X,0x0000000080005254] -> 0x1513
mem[X,0x0000000080005256] -> 0x00B5
[5274] [M]: 0x0000000080005254 (0x00B51513) slli a0, a0, 11
x10 <- 0x0000000000000000
mem[X,0x0000000080005258] -> 0x0513
mem[X,0x000000008000525A] -> 0x5A85
[5275] [M]: 0x0000000080005258 (0x5A850513) addi a0, a0, 1448
x10 <- 0x00000000000005A8
mem[X,0x000000008000525C] -> 0x1513
mem[X,0x000000008000525E] -> 0x00B5
[5276] [M]: 0x000000008000525C (0x00B51513) slli a0, a0, 11
x10 <- 0x00000000002D4000
mem[X,0x0000000080005260] -> 0x0513
mem[X,0x0000000080005262] -> 0x13C5
[5277] [M]: 0x0000000080005260 (0x13C50513) addi a0, a0, 316
x10 <- 0x00000000002D413C
mem[X,0x0000000080005264] -> 0x1513
mem[X,0x0000000080005266] -> 0x00A5
[5278] [M]: 0x0000000080005264 (0x00A51513) slli a0, a0, 10
x10 <- 0x00000000B504F000
mem[X,0x0000000080005268] -> 0x0513
mem[X,0x000000008000526A] -> 0x3345
[5279] [M]: 0x0000000080005268 (0x33450513) addi a0, a0, 820
x10 <- 0x00000000B504F334
mem[X,0x000000008000526C] -> 0x3593
mem[X,0x000000008000526E] -> 0x0005
[5280] [M]: 0x000000008000526C (0x00053593) sltiu a1, a0, 0
x11 <- 0x0000000000000000
mem[X,0x0000000080005270] -> 0x3023
mem[X,0x0000000080005272] -> 0x58B1
[5281] [M]: 0x0000000080005270 (0x58B13023) sd a1, 1408(sp)
mem[0x0000000080009748] <- 0x0000000000000000
mem[X,0x0000000080005274] -> 0x0537
mem[X,0x0000000080005276] -> 0x0000
[5282] [M]: 0x0000000080005274 (0x00000537) lui a0, 0
x10 <- 0x0000000000000000
mem[X,0x0000000080005278] -> 0x0513
mem[X,0x000000008000527A] -> 0x0005
[5283] [M]: 0x0000000080005278 (0x00050513) addi a0, a0, 0
x10 <- 0x0000000000000000
mem[X,0x000000008000527C] -> 0x1513
mem[X,0x000000008000527E] -> 0x00B5
[5284] [M]: 0x000000008000527C (0x00B51513) slli a0, a0, 11
x10 <- 0x0000000000000000
mem[X,0x0000000080005280] -> 0x0513
mem[X,0x0000000080005282] -> 0x5A85
[5285] [M]: 0x0000000080005280 (0x5A850513) addi a0, a0, 1448
x10 <- 0x00000000000005A8
mem[X,0x0000000080005284] -> 0x1513
mem[X,0x0000000080005286] -> 0x00B5
[5286] [M]: 0x0000000080005284 (0x00B51513) slli a0, a0, 11
x10 <- 0x00000000002D4000
mem[X,0x0000000080005288] -> 0x0513
mem[X,0x000000008000528A] -> 0x13C5
[5287] [M]: 0x0000000080005288 (0x13C50513) addi a0, a0, 316
x10 <- 0x00000000002D413C
mem[X,0x000000008000528C] -> 0x1513
mem[X,0x000000008000528E] -> 0x00A5
[5288] [M]: 0x000000008000528C (0x00A51513) slli a0, a0, 10
x10 <- 0x00000000B504F000
mem[X,0x0000000080005290] -> 0x0513
mem[X,0x0000000080005292] -> 0x3345
[5289] [M]: 0x0000000080005290 (0x33450513) addi a0, a0, 820
x10 <- 0x00000000B504F334
mem[X,0x0000000080005294] -> 0x3593
mem[X,0x0000000080005296] -> 0x03F5
[5290] [M]: 0x0000000080005294 (0x03F53593) sltiu a1, a0, 63
x11 <- 0x0000000000000000
mem[X,0x0000000080005298] -> 0x3423
mem[X,0x000000008000529A] -> 0x58B1
[5291] [M]: 0x0000000080005298 (0x58B13423) sd a1, 1416(sp)
mem[0x0000000080009750] <- 0x0000000000000000
mem[X,0x000000008000529C] -> 0x0537
mem[X,0x000000008000529E] -> 0x0000
[5292] [M]: 0x000000008000529C (0x00000537) lui a0, 0
x10 <- 0x0000000000000000
mem[X,0x00000000800052A0] -> 0x0513
mem[X,0x00000000800052A2] -> 0x0005
[5293] [M]: 0x00000000800052A0 (0x00050513) addi a0, a0, 0
x10 <- 0x0000000000000000
mem[X,0x00000000800052A4] -> 0x1513
mem[X,0x00000000800052A6] -> 0x00B5
[5294] [M]: 0x00000000800052A4 (0x00B51513) slli a0, a0, 11
x10 <- 0x0000000000000000
mem[X,0x00000000800052A8] -> 0x0513
mem[X,0x00000000800052AA] -> 0x5A85
[5295] [M]: 0x00000000800052A8 (0x5A850513) addi a0, a0, 1448
x10 <- 0x00000000000005A8
mem[X,0x00000000800052AC] -> 0x1513
mem[X,0x00000000800052AE] -> 0x00B5
[5296] [M]: 0x00000000800052AC (0x00B51513) slli a0, a0, 11
x10 <- 0x00000000002D4000
mem[X,0x00000000800052B0] -> 0x0513
mem[X,0x00000000800052B2] -> 0x13C5
[5297] [M]: 0x00000000800052B0 (0x13C50513) addi a0, a0, 316
x10 <- 0x00000000002D413C
mem[X,0x00000000800052B4] -> 0x1513
mem[X,0x00000000800052B6] -> 0x00A5
[5298] [M]: 0x00000000800052B4 (0x00A51513) slli a0, a0, 10
x10 <- 0x00000000B504F000
mem[X,0x00000000800052B8] -> 0x0513
mem[X,0x00000000800052BA] -> 0x3345
[5299] [M]: 0x00000000800052B8 (0x33450513) addi a0, a0, 820
x10 <- 0x00000000B504F334
clint::tick mtime <- 0x0000000000000035
 clint timer pending at mtime 0x0000000000000035
htif::tick 0x0000000000000000
mem[X,0x00000000800052BC] -> 0x3593
mem[X,0x00000000800052BE] -> 0x0025
[5300] [M]: 0x00000000800052BC (0x00253593) sltiu a1, a0, 2
x11 <- 0x0000000000000000
mem[X,0x00000000800052C0] -> 0x3823
mem[X,0x00000000800052C2] -> 0x58B1
[5301] [M]: 0x00000000800052C0 (0x58B13823) sd a1, 1424(sp)
mem[0x0000000080009758] <- 0x0000000000000000
mem[X,0x00000000800052C4] -> 0x0537
mem[X,0x00000000800052C6] -> 0x0000
[5302] [M]: 0x00000000800052C4 (0x00000537) lui a0, 0
x10 <- 0x0000000000000000
mem[X,0x00000000800052C8] -> 0x0513
mem[X,0x00000000800052CA] -> 0x0005
[5303] [M]: 0x00000000800052C8 (0x00050513) addi a0, a0, 0
x10 <- 0x0000000000000000
mem[X,0x00000000800052CC] -> 0x1513
mem[X,0x00000000800052CE] -> 0x00B5
[5304] [M]: 0x00000000800052CC (0x00B51513) slli a0, a0, 11
x10 <- 0x0000000000000000
mem[X,0x00000000800052D0] -> 0x0513
mem[X,0x00000000800052D2] -> 0x5A85
[5305] [M]: 0x00000000800052D0 (0x5A850513) addi a0, a0, 1448
x10 <- 0x00000000000005A8
mem[X,0x00000000800052D4] -> 0x1513
mem[X,0x00000000800052D6] -> 0x00B5
[5306] [M]: 0x00000000800052D4 (0x00B51513) slli a0, a0, 11
x10 <- 0x00000000002D4000
mem[X,0x00000000800052D8] -> 0x0513
mem[X,0x00000000800052DA] -> 0x13C5
[5307] [M]: 0x00000000800052D8 (0x13C50513) addi a0, a0, 316
x10 <- 0x00000000002D413C
mem[X,0x00000000800052DC] -> 0x1513
mem[X,0x00000000800052DE] -> 0x00A5
[5308] [M]: 0x00000000800052DC (0x00A51513) slli a0, a0, 10
x10 <- 0x00000000B504F000
mem[X,0x00000000800052E0] -> 0x0513
mem[X,0x00000000800052E2] -> 0x3345
[5309] [M]: 0x00000000800052E0 (0x33450513) addi a0, a0, 820
x10 <- 0x00000000B504F334
mem[X,0x00000000800052E4] -> 0x3593
mem[X,0x00000000800052E6] -> 0x5545
[5310] [M]: 0x00000000800052E4 (0x55453593) sltiu a1, a0, 1364
x11 <- 0x0000000000000000
mem[X,0x00000000800052E8] -> 0x3C23
mem[X,0x00000000800052EA] -> 0x58B1
[5311] [M]: 0x00000000800052E8 (0x58B13C23) sd a1, 1432(sp)
mem[0x0000000080009760] <- 0x0000000000000000
mem[X,0x00000000800052EC] -> 0x0537
mem[X,0x00000000800052EE] -> 0x0000
[5312] [M]: 0x00000000800052EC (0x00000537) lui a0, 0
x10 <- 0x0000000000000000
mem[X,0x00000000800052F0] -> 0x0513
mem[X,0x00000000800052F2] -> 0x0005
[5313] [M]: 0x00000000800052F0 (0x00050513) addi a0, a0, 0
x10 <- 0x0000000000000000
mem[X,0x00000000800052F4] -> 0x1513
mem[X,0x00000000800052F6] -> 0x00B5
[5314] [M]: 0x00000000800052F4 (0x00B51513) slli a0, a0, 11
x10 <- 0x0000000000000000
mem[X,0x00000000800052F8] -> 0x0513
mem[X,0x00000000800052FA] -> 0x5A85
[5315] [M]: 0x00000000800052F8 (0x5A850513) addi a0, a0, 1448
x10 <- 0x00000000000005A8
mem[X,0x00000000800052FC] -> 0x1513
mem[X,0x00000000800052FE] -> 0x00B5
[5316] [M]: 0x00000000800052FC (0x00B51513) slli a0, a0, 11
x10 <- 0x00000000002D4000
mem[X,0x0000000080005300] -> 0x0513
mem[X,0x0000000080005302] -> 0x13C5
[5317] [M]: 0x0000000080005300 (0x13C50513) addi a0, a0, 316
x10 <- 0x00000000002D413C
mem[X,0x0000000080005304] -> 0x1513
mem[X,0x0000000080005306] -> 0x00A5
[5318] [M]: 0x0000000080005304 (0x00A51513) slli a0, a0, 10
x10 <- 0x00000000B504F000
mem[X,0x0000000080005308] -> 0x0513
mem[X,0x000000008000530A] -> 0x3345
[5319] [M]: 0x0000000080005308 (0x33450513) addi a0, a0, 820
x10 <- 0x00000000B504F334
mem[X,0x000000008000530C] -> 0x3593
mem[X,0x000000008000530E] -> 0xAA95
[5320] [M]: 0x000000008000530C (0xAA953593) sltiu a1, a0, 2729
x11 <- 0x0000000000000001
mem[X,0x0000000080005310] -> 0x3023
mem[X,0x0000000080005312] -> 0x5AB1
[5321] [M]: 0x0000000080005310 (0x5AB13023) sd a1, 1440(sp)
mem[0x0000000080009768] <- 0x0000000000000001
mem[X,0x0000000080005314] -> 0x0537
mem[X,0x0000000080005316] -> 0x0000
[5322] [M]: 0x0000000080005314 (0x00000537) lui a0, 0
x10 <- 0x0000000000000000
mem[X,0x0000000080005318] -> 0x0513
mem[X,0x000000008000531A] -> 0x0005
[5323] [M]: 0x0000000080005318 (0x00050513) addi a0, a0, 0
x10 <- 0x0000000000000000
mem[X,0x000000008000531C] -> 0x1513
mem[X,0x000000008000531E] -> 0x00B5
[5324] [M]: 0x000000008000531C (0x00B51513) slli a0, a0, 11
x10 <- 0x0000000000000000
mem[X,0x0000000080005320] -> 0x0513
mem[X,0x0000000080005322] -> 0x5A85
[5325] [M]: 0x0000000080005320 (0x5A850513) addi a0, a0, 1448
x10 <- 0x00000000000005A8
mem[X,0x0000000080005324] -> 0x1513
mem[X,0x0000000080005326] -> 0x00B5
[5326] [M]: 0x0000000080005324 (0x00B51513) slli a0, a0, 11
x10 <- 0x00000000002D4000
mem[X,0x0000000080005328] -> 0x0513
mem[X,0x000000008000532A] -> 0x13C5
[5327] [M]: 0x0000000080005328 (0x13C50513) addi a0, a0, 316
x10 <- 0x00000000002D413C
mem[X,0x000000008000532C] -> 0x1513
mem[X,0x000000008000532E] -> 0x00A5
[5328] [M]: 0x000000008000532C (0x00A51513) slli a0, a0, 10
x10 <- 0x00000000B504F000
mem[X,0x0000000080005330] -> 0x0513
mem[X,0x0000000080005332] -> 0x3345
[5329] [M]: 0x0000000080005330 (0x33450513) addi a0, a0, 820
x10 <- 0x00000000B504F334
mem[X,0x0000000080005334] -> 0x3593
mem[X,0x0000000080005336] -> 0x0045
[5330] [M]: 0x0000000080005334 (0x00453593) sltiu a1, a0, 4
x11 <- 0x0000000000000000
mem[X,0x0000000080005338] -> 0x3423
mem[X,0x000000008000533A] -> 0x5AB1
[5331] [M]: 0x0000000080005338 (0x5AB13423) sd a1, 1448(sp)
mem[0x0000000080009770] <- 0x0000000000000000
mem[X,0x000000008000533C] -> 0x0537
mem[X,0x000000008000533E] -> 0x0000
[5332] [M]: 0x000000008000533C (0x00000537) lui a0, 0
x10 <- 0x0000000000000000
mem[X,0x0000000080005340] -> 0x0513
mem[X,0x0000000080005342] -> 0x0005
[5333] [M]: 0x0000000080005340 (0x00050513) addi a0, a0, 0
x10 <- 0x0000000000000000
mem[X,0x0000000080005344] -> 0x1513
mem[X,0x0000000080005346] -> 0x00B5
[5334] [M]: 0x0000000080005344 (0x00B51513) slli a0, a0, 11
x10 <- 0x0000000000000000
mem[X,0x0000000080005348] -> 0x0513
mem[X,0x000000008000534A] -> 0x5A85
[5335] [M]: 0x0000000080005348 (0x5A850513) addi a0, a0, 1448
x10 <- 0x00000000000005A8
mem[X,0x000000008000534C] -> 0x1513
mem[X,0x000000008000534E] -> 0x00B5
[5336] [M]: 0x000000008000534C (0x00B51513) slli a0, a0, 11
x10 <- 0x00000000002D4000
mem[X,0x0000000080005350] -> 0x0513
mem[X,0x0000000080005352] -> 0x13C5
[5337] [M]: 0x0000000080005350 (0x13C50513) addi a0, a0, 316
x10 <- 0x00000000002D413C
mem[X,0x0000000080005354] -> 0x1513
mem[X,0x0000000080005356] -> 0x00A5
[5338] [M]: 0x0000000080005354 (0x00A51513) slli a0, a0, 10
x10 <- 0x00000000B504F000
mem[X,0x0000000080005358] -> 0x0513
mem[X,0x000000008000535A] -> 0x3345
[5339] [M]: 0x0000000080005358 (0x33450513) addi a0, a0, 820
x10 <- 0x00000000B504F334
mem[X,0x000000008000535C] -> 0x3593
mem[X,0x000000008000535E] -> 0x3325
[5340] [M]: 0x000000008000535C (0x33253593) sltiu a1, a0, 818
x11 <- 0x0000000000000000
mem[X,0x0000000080005360] -> 0x3823
mem[X,0x0000000080005362] -> 0x5AB1
[5341] [M]: 0x0000000080005360 (0x5AB13823) sd a1, 1456(sp)
mem[0x0000000080009778] <- 0x0000000000000000
mem[X,0x0000000080005364] -> 0x0537
mem[X,0x0000000080005366] -> 0x0000
[5342] [M]: 0x0000000080005364 (0x00000537) lui a0, 0
x10 <- 0x0000000000000000
mem[X,0x0000000080005368] -> 0x0513
mem[X,0x000000008000536A] -> 0x0005
[5343] [M]: 0x0000000080005368 (0x00050513) addi a0, a0, 0
x10 <- 0x0000000000000000
mem[X,0x000000008000536C] -> 0x1513
mem[X,0x000000008000536E] -> 0x00B5
[5344] [M]: 0x000000008000536C (0x00B51513) slli a0, a0, 11
x10 <- 0x0000000000000000
mem[X,0x0000000080005370] -> 0x0513
mem[X,0x0000000080005372] -> 0x5A85
[5345] [M]: 0x0000000080005370 (0x5A850513) addi a0, a0, 1448
x10 <- 0x00000000000005A8
mem[X,0x0000000080005374] -> 0x1513
mem[X,0x0000000080005376] -> 0x00B5
[5346] [M]: 0x0000000080005374 (0x00B51513) slli a0, a0, 11
x10 <- 0x00000000002D4000
mem[X,0x0000000080005378] -> 0x0513
mem[X,0x000000008000537A] -> 0x13C5
[5347] [M]: 0x0000000080005378 (0x13C50513) addi a0, a0, 316
x10 <- 0x00000000002D413C
mem[X,0x000000008000537C] -> 0x1513
mem[X,0x000000008000537E] -> 0x00A5
[5348] [M]: 0x000000008000537C (0x00A51513) slli a0, a0, 10
x10 <- 0x00000000B504F000
mem[X,0x0000000080005380] -> 0x0513
mem[X,0x0000000080005382] -> 0x3345
[5349] [M]: 0x0000000080005380 (0x33450513) addi a0, a0, 820
x10 <- 0x00000000B504F334
mem[X,0x0000000080005384] -> 0x3593
mem[X,0x0000000080005386] -> 0x6655
[5350] [M]: 0x0000000080005384 (0x66553593) sltiu a1, a0, 1637
x11 <- 0x0000000000000000
mem[X,0x0000000080005388] -> 0x3C23
mem[X,0x000000008000538A] -> 0x5AB1
[5351] [M]: 0x0000000080005388 (0x5AB13C23) sd a1, 1464(sp)
mem[0x0000000080009780] <- 0x0000000000000000
mem[X,0x000000008000538C] -> 0x0537
mem[X,0x000000008000538E] -> 0x0000
[5352] [M]: 0x000000008000538C (0x00000537) lui a0, 0
x10 <- 0x0000000000000000
mem[X,0x0000000080005390] -> 0x0513
mem[X,0x0000000080005392] -> 0x0005
[5353] [M]: 0x0000000080005390 (0x00050513) addi a0, a0, 0
x10 <- 0x0000000000000000
mem[X,0x0000000080005394] -> 0x1513
mem[X,0x0000000080005396] -> 0x00B5
[5354] [M]: 0x0000000080005394 (0x00B51513) slli a0, a0, 11
x10 <- 0x0000000000000000
mem[X,0x0000000080005398] -> 0x0513
mem[X,0x000000008000539A] -> 0x5A85
[5355] [M]: 0x0000000080005398 (0x5A850513) addi a0, a0, 1448
x10 <- 0x00000000000005A8
mem[X,0x000000008000539C] -> 0x1513
mem[X,0x000000008000539E] -> 0x00B5
[5356] [M]: 0x000000008000539C (0x00B51513) slli a0, a0, 11
x10 <- 0x00000000002D4000
mem[X,0x00000000800053A0] -> 0x0513
mem[X,0x00000000800053A2] -> 0x13C5
[5357] [M]: 0x00000000800053A0 (0x13C50513) addi a0, a0, 316
x10 <- 0x00000000002D413C
mem[X,0x00000000800053A4] -> 0x1513
mem[X,0x00000000800053A6] -> 0x00A5
[5358] [M]: 0x00000000800053A4 (0x00A51513) slli a0, a0, 10
x10 <- 0x00000000B504F000
mem[X,0x00000000800053A8] -> 0x0513
mem[X,0x00000000800053AA] -> 0x3345
[5359] [M]: 0x00000000800053A8 (0x33450513) addi a0, a0, 820
x10 <- 0x00000000B504F334
mem[X,0x00000000800053AC] -> 0x3593
mem[X,0x00000000800053AE] -> 0x02C5
[5360] [M]: 0x00000000800053AC (0x02C53593) sltiu a1, a0, 44
x11 <- 0x0000000000000000
mem[X,0x00000000800053B0] -> 0x3023
mem[X,0x00000000800053B2] -> 0x5CB1
[5361] [M]: 0x00000000800053B0 (0x5CB13023) sd a1, 1472(sp)
mem[0x0000000080009788] <- 0x0000000000000000
mem[X,0x00000000800053B4] -> 0x0537
mem[X,0x00000000800053B6] -> 0x0000
[5362] [M]: 0x00000000800053B4 (0x00000537) lui a0, 0
x10 <- 0x0000000000000000
mem[X,0x00000000800053B8] -> 0x0513
mem[X,0x00000000800053BA] -> 0x0005
[5363] [M]: 0x00000000800053B8 (0x00050513) addi a0, a0, 0
x10 <- 0x0000000000000000
mem[X,0x00000000800053BC] -> 0x1513
mem[X,0x00000000800053BE] -> 0x00B5
[5364] [M]: 0x00000000800053BC (0x00B51513) slli a0, a0, 11
x10 <- 0x0000000000000000
mem[X,0x00000000800053C0] -> 0x0513
mem[X,0x00000000800053C2] -> 0x5A85
[5365] [M]: 0x00000000800053C0 (0x5A850513) addi a0, a0, 1448
x10 <- 0x00000000000005A8
mem[X,0x00000000800053C4] -> 0x1513
mem[X,0x00000000800053C6] -> 0x00B5
[5366] [M]: 0x00000000800053C4 (0x00B51513) slli a0, a0, 11
x10 <- 0x00000000002D4000
mem[X,0x00000000800053C8] -> 0x0513
mem[X,0x00000000800053CA] -> 0x13C5
[5367] [M]: 0x00000000800053C8 (0x13C50513) addi a0, a0, 316
x10 <- 0x00000000002D413C
mem[X,0x00000000800053CC] -> 0x1513
mem[X,0x00000000800053CE] -> 0x00A5
[5368] [M]: 0x00000000800053CC (0x00A51513) slli a0, a0, 10
x10 <- 0x00000000B504F000
mem[X,0x00000000800053D0] -> 0x0513
mem[X,0x00000000800053D2] -> 0x3345
[5369] [M]: 0x00000000800053D0 (0x33450513) addi a0, a0, 820
x10 <- 0x00000000B504F334
mem[X,0x00000000800053D4] -> 0x3593
mem[X,0x00000000800053D6] -> 0x03E5
[5370] [M]: 0x00000000800053D4 (0x03E53593) sltiu a1, a0, 62
x11 <- 0x0000000000000000
mem[X,0x00000000800053D8] -> 0x3423
mem[X,0x00000000800053DA] -> 0x5CB1
[5371] [M]: 0x00000000800053D8 (0x5CB13423) sd a1, 1480(sp)
mem[0x0000000080009790] <- 0x0000000000000000
mem[X,0x00000000800053DC] -> 0x0537
mem[X,0x00000000800053DE] -> 0x0000
[5372] [M]: 0x00000000800053DC (0x00000537) lui a0, 0
x10 <- 0x0000000000000000
mem[X,0x00000000800053E0] -> 0x0513
mem[X,0x00000000800053E2] -> 0x0005
[5373] [M]: 0x00000000800053E0 (0x00050513) addi a0, a0, 0
x10 <- 0x0000000000000000
mem[X,0x00000000800053E4] -> 0x1513
mem[X,0x00000000800053E6] -> 0x00B5
[5374] [M]: 0x00000000800053E4 (0x00B51513) slli a0, a0, 11
x10 <- 0x0000000000000000
mem[X,0x00000000800053E8] -> 0x0513
mem[X,0x00000000800053EA] -> 0x5A85
[5375] [M]: 0x00000000800053E8 (0x5A850513) addi a0, a0, 1448
x10 <- 0x00000000000005A8
mem[X,0x00000000800053EC] -> 0x1513
mem[X,0x00000000800053EE] -> 0x00B5
[5376] [M]: 0x00000000800053EC (0x00B51513) slli a0, a0, 11
x10 <- 0x00000000002D4000
mem[X,0x00000000800053F0] -> 0x0513
mem[X,0x00000000800053F2] -> 0x13C5
[5377] [M]: 0x00000000800053F0 (0x13C50513) addi a0, a0, 316
x10 <- 0x00000000002D413C
mem[X,0x00000000800053F4] -> 0x1513
mem[X,0x00000000800053F6] -> 0x00A5
[5378] [M]: 0x00000000800053F4 (0x00A51513) slli a0, a0, 10
x10 <- 0x00000000B504F000
mem[X,0x00000000800053F8] -> 0x0513
mem[X,0x00000000800053FA] -> 0x3345
[5379] [M]: 0x00000000800053F8 (0x33450513) addi a0, a0, 820
x10 <- 0x00000000B504F334
mem[X,0x00000000800053FC] -> 0x3593
mem[X,0x00000000800053FE] -> 0x5565
[5380] [M]: 0x00000000800053FC (0x55653593) sltiu a1, a0, 1366
x11 <- 0x0000000000000000
mem[X,0x0000000080005400] -> 0x3823
mem[X,0x0000000080005402] -> 0x5CB1
[5381] [M]: 0x0000000080005400 (0x5CB13823) sd a1, 1488(sp)
mem[0x0000000080009798] <- 0x0000000000000000
mem[X,0x0000000080005404] -> 0x0537
mem[X,0x0000000080005406] -> 0x0000
[5382] [M]: 0x0000000080005404 (0x00000537) lui a0, 0
x10 <- 0x0000000000000000
mem[X,0x0000000080005408] -> 0x0513
mem[X,0x000000008000540A] -> 0x0005
[5383] [M]: 0x0000000080005408 (0x00050513) addi a0, a0, 0
x10 <- 0x0000000000000000
mem[X,0x000000008000540C] -> 0x1513
mem[X,0x000000008000540E] -> 0x00B5
[5384] [M]: 0x000000008000540C (0x00B51513) slli a0, a0, 11
x10 <- 0x0000000000000000
mem[X,0x0000000080005410] -> 0x0513
mem[X,0x0000000080005412] -> 0x5A85
[5385] [M]: 0x0000000080005410 (0x5A850513) addi a0, a0, 1448
x10 <- 0x00000000000005A8
mem[X,0x0000000080005414] -> 0x1513
mem[X,0x0000000080005416] -> 0x00B5
[5386] [M]: 0x0000000080005414 (0x00B51513) slli a0, a0, 11
x10 <- 0x00000000002D4000
mem[X,0x0000000080005418] -> 0x0513
mem[X,0x000000008000541A] -> 0x13C5
[5387] [M]: 0x0000000080005418 (0x13C50513) addi a0, a0, 316
x10 <- 0x00000000002D413C
mem[X,0x000000008000541C] -> 0x1513
mem[X,0x000000008000541E] -> 0x00A5
[5388] [M]: 0x000000008000541C (0x00A51513) slli a0, a0, 10
x10 <- 0x00000000B504F000
mem[X,0x0000000080005420] -> 0x0513
mem[X,0x0000000080005422] -> 0x3345
[5389] [M]: 0x0000000080005420 (0x33450513) addi a0, a0, 820
x10 <- 0x00000000B504F334
mem[X,0x0000000080005424] -> 0x3593
mem[X,0x0000000080005426] -> 0xAAB5
[5390] [M]: 0x0000000080005424 (0xAAB53593) sltiu a1, a0, 2731
x11 <- 0x0000000000000001
mem[X,0x0000000080005428] -> 0x3C23
mem[X,0x000000008000542A] -> 0x5CB1
[5391] [M]: 0x0000000080005428 (0x5CB13C23) sd a1, 1496(sp)
mem[0x00000000800097A0] <- 0x0000000000000001
mem[X,0x000000008000542C] -> 0x0537
mem[X,0x000000008000542E] -> 0x0000
[5392] [M]: 0x000000008000542C (0x00000537) lui a0, 0
x10 <- 0x0000000000000000
mem[X,0x0000000080005430] -> 0x0513
mem[X,0x0000000080005432] -> 0x0005
[5393] [M]: 0x0000000080005430 (0x00050513) addi a0, a0, 0
x10 <- 0x0000000000000000
mem[X,0x0000000080005434] -> 0x1513
mem[X,0x0000000080005436] -> 0x00B5
[5394] [M]: 0x0000000080005434 (0x00B51513) slli a0, a0, 11
x10 <- 0x0000000000000000
mem[X,0x0000000080005438] -> 0x0513
mem[X,0x000000008000543A] -> 0x5A85
[5395] [M]: 0x0000000080005438 (0x5A850513) addi a0, a0, 1448
x10 <- 0x00000000000005A8
mem[X,0x000000008000543C] -> 0x1513
mem[X,0x000000008000543E] -> 0x00B5
[5396] [M]: 0x000000008000543C (0x00B51513) slli a0, a0, 11
x10 <- 0x00000000002D4000
mem[X,0x0000000080005440] -> 0x0513
mem[X,0x0000000080005442] -> 0x13C5
[5397] [M]: 0x0000000080005440 (0x13C50513) addi a0, a0, 316
x10 <- 0x00000000002D413C
mem[X,0x0000000080005444] -> 0x1513
mem[X,0x0000000080005446] -> 0x00A5
[5398] [M]: 0x0000000080005444 (0x00A51513) slli a0, a0, 10
x10 <- 0x00000000B504F000
mem[X,0x0000000080005448] -> 0x0513
mem[X,0x000000008000544A] -> 0x3345
[5399] [M]: 0x0000000080005448 (0x33450513) addi a0, a0, 820
x10 <- 0x00000000B504F334
clint::tick mtime <- 0x0000000000000036
 clint timer pending at mtime 0x0000000000000036
htif::tick 0x0000000000000000
mem[X,0x000000008000544C] -> 0x3593
mem[X,0x000000008000544E] -> 0x0065
[5400] [M]: 0x000000008000544C (0x00653593) sltiu a1, a0, 6
x11 <- 0x0000000000000000
mem[X,0x0000000080005450] -> 0x3023
mem[X,0x0000000080005452] -> 0x5EB1
[5401] [M]: 0x0000000080005450 (0x5EB13023) sd a1, 1504(sp)
mem[0x00000000800097A8] <- 0x0000000000000000
mem[X,0x0000000080005454] -> 0x0537
mem[X,0x0000000080005456] -> 0x0000
[5402] [M]: 0x0000000080005454 (0x00000537) lui a0, 0
x10 <- 0x0000000000000000
mem[X,0x0000000080005458] -> 0x0513
mem[X,0x000000008000545A] -> 0x0005
[5403] [M]: 0x0000000080005458 (0x00050513) addi a0, a0, 0
x10 <- 0x0000000000000000
mem[X,0x000000008000545C] -> 0x1513
mem[X,0x000000008000545E] -> 0x00B5
[5404] [M]: 0x000000008000545C (0x00B51513) slli a0, a0, 11
x10 <- 0x0000000000000000
mem[X,0x0000000080005460] -> 0x0513
mem[X,0x0000000080005462] -> 0x5A85
[5405] [M]: 0x0000000080005460 (0x5A850513) addi a0, a0, 1448
x10 <- 0x00000000000005A8
mem[X,0x0000000080005464] -> 0x1513
mem[X,0x0000000080005466] -> 0x00B5
[5406] [M]: 0x0000000080005464 (0x00B51513) slli a0, a0, 11
x10 <- 0x00000000002D4000
mem[X,0x0000000080005468] -> 0x0513
mem[X,0x000000008000546A] -> 0x13C5
[5407] [M]: 0x0000000080005468 (0x13C50513) addi a0, a0, 316
x10 <- 0x00000000002D413C
mem[X,0x000000008000546C] -> 0x1513
mem[X,0x000000008000546E] -> 0x00A5
[5408] [M]: 0x000000008000546C (0x00A51513) slli a0, a0, 10
x10 <- 0x00000000B504F000
mem[X,0x0000000080005470] -> 0x0513
mem[X,0x0000000080005472] -> 0x3345
[5409] [M]: 0x0000000080005470 (0x33450513) addi a0, a0, 820
x10 <- 0x00000000B504F334
mem[X,0x0000000080005474] -> 0x3593
mem[X,0x0000000080005476] -> 0x3345
[5410] [M]: 0x0000000080005474 (0x33453593) sltiu a1, a0, 820
x11 <- 0x0000000000000000
mem[X,0x0000000080005478] -> 0x3423
mem[X,0x000000008000547A] -> 0x5EB1
[5411] [M]: 0x0000000080005478 (0x5EB13423) sd a1, 1512(sp)
mem[0x00000000800097B0] <- 0x0000000000000000
mem[X,0x000000008000547C] -> 0x0537
mem[X,0x000000008000547E] -> 0x0000
[5412] [M]: 0x000000008000547C (0x00000537) lui a0, 0
x10 <- 0x0000000000000000
mem[X,0x0000000080005480] -> 0x0513
mem[X,0x0000000080005482] -> 0x0005
[5413] [M]: 0x0000000080005480 (0x00050513) addi a0, a0, 0
x10 <- 0x0000000000000000
mem[X,0x0000000080005484] -> 0x1513
mem[X,0x0000000080005486] -> 0x00B5
[5414] [M]: 0x0000000080005484 (0x00B51513) slli a0, a0, 11
x10 <- 0x0000000000000000
mem[X,0x0000000080005488] -> 0x0513
mem[X,0x000000008000548A] -> 0x5A85
[5415] [M]: 0x0000000080005488 (0x5A850513) addi a0, a0, 1448
x10 <- 0x00000000000005A8
mem[X,0x000000008000548C] -> 0x1513
mem[X,0x000000008000548E] -> 0x00B5
[5416] [M]: 0x000000008000548C (0x00B51513) slli a0, a0, 11
x10 <- 0x00000000002D4000
mem[X,0x0000000080005490] -> 0x0513
mem[X,0x0000000080005492] -> 0x13C5
[5417] [M]: 0x0000000080005490 (0x13C50513) addi a0, a0, 316
x10 <- 0x00000000002D413C
mem[X,0x0000000080005494] -> 0x1513
mem[X,0x0000000080005496] -> 0x00A5
[5418] [M]: 0x0000000080005494 (0x00A51513) slli a0, a0, 10
x10 <- 0x00000000B504F000
mem[X,0x0000000080005498] -> 0x0513
mem[X,0x000000008000549A] -> 0x3345
[5419] [M]: 0x0000000080005498 (0x33450513) addi a0, a0, 820
x10 <- 0x00000000B504F334
mem[X,0x000000008000549C] -> 0x3593
mem[X,0x000000008000549E] -> 0x6675
[5420] [M]: 0x000000008000549C (0x66753593) sltiu a1, a0, 1639
x11 <- 0x0000000000000000
mem[X,0x00000000800054A0] -> 0x3823
mem[X,0x00000000800054A2] -> 0x5EB1
[5421] [M]: 0x00000000800054A0 (0x5EB13823) sd a1, 1520(sp)
mem[0x00000000800097B8] <- 0x0000000000000000
mem[X,0x00000000800054A4] -> 0x0537
mem[X,0x00000000800054A6] -> 0x0000
[5422] [M]: 0x00000000800054A4 (0x00000537) lui a0, 0
x10 <- 0x0000000000000000
mem[X,0x00000000800054A8] -> 0x0513
mem[X,0x00000000800054AA] -> 0x0005
[5423] [M]: 0x00000000800054A8 (0x00050513) addi a0, a0, 0
x10 <- 0x0000000000000000
mem[X,0x00000000800054AC] -> 0x1513
mem[X,0x00000000800054AE] -> 0x00B5
[5424] [M]: 0x00000000800054AC (0x00B51513) slli a0, a0, 11
x10 <- 0x0000000000000000
mem[X,0x00000000800054B0] -> 0x0513
mem[X,0x00000000800054B2] -> 0x5A85
[5425] [M]: 0x00000000800054B0 (0x5A850513) addi a0, a0, 1448
x10 <- 0x00000000000005A8
mem[X,0x00000000800054B4] -> 0x1513
mem[X,0x00000000800054B6] -> 0x00B5
[5426] [M]: 0x00000000800054B4 (0x00B51513) slli a0, a0, 11
x10 <- 0x00000000002D4000
mem[X,0x00000000800054B8] -> 0x0513
mem[X,0x00000000800054BA] -> 0x13C5
[5427] [M]: 0x00000000800054B8 (0x13C50513) addi a0, a0, 316
x10 <- 0x00000000002D413C
mem[X,0x00000000800054BC] -> 0x1513
mem[X,0x00000000800054BE] -> 0x00A5
[5428] [M]: 0x00000000800054BC (0x00A51513) slli a0, a0, 10
x10 <- 0x00000000B504F000
mem[X,0x00000000800054C0] -> 0x0513
mem[X,0x00000000800054C2] -> 0x3345
[5429] [M]: 0x00000000800054C0 (0x33450513) addi a0, a0, 820
x10 <- 0x00000000B504F334
mem[X,0x00000000800054C4] -> 0x3593
mem[X,0x00000000800054C6] -> 0x02E5
[5430] [M]: 0x00000000800054C4 (0x02E53593) sltiu a1, a0, 46
x11 <- 0x0000000000000000
mem[X,0x00000000800054C8] -> 0x3C23
mem[X,0x00000000800054CA] -> 0x5EB1
[5431] [M]: 0x00000000800054C8 (0x5EB13C23) sd a1, 1528(sp)
mem[0x00000000800097C0] <- 0x0000000000000000
mem[X,0x00000000800054CC] -> 0x0537
mem[X,0x00000000800054CE] -> 0x0000
[5432] [M]: 0x00000000800054CC (0x00000537) lui a0, 0
x10 <- 0x0000000000000000
mem[X,0x00000000800054D0] -> 0x0513
mem[X,0x00000000800054D2] -> 0x0005
[5433] [M]: 0x00000000800054D0 (0x00050513) addi a0, a0, 0
x10 <- 0x0000000000000000
mem[X,0x00000000800054D4] -> 0x1513
mem[X,0x00000000800054D6] -> 0x00B5
[5434] [M]: 0x00000000800054D4 (0x00B51513) slli a0, a0, 11
x10 <- 0x0000000000000000
mem[X,0x00000000800054D8] -> 0x0513
mem[X,0x00000000800054DA] -> 0x5A85
[5435] [M]: 0x00000000800054D8 (0x5A850513) addi a0, a0, 1448
x10 <- 0x00000000000005A8
mem[X,0x00000000800054DC] -> 0x1513
mem[X,0x00000000800054DE] -> 0x00B5
[5436] [M]: 0x00000000800054DC (0x00B51513) slli a0, a0, 11
x10 <- 0x00000000002D4000
mem[X,0x00000000800054E0] -> 0x0513
mem[X,0x00000000800054E2] -> 0x13C5
[5437] [M]: 0x00000000800054E0 (0x13C50513) addi a0, a0, 316
x10 <- 0x00000000002D413C
mem[X,0x00000000800054E4] -> 0x1513
mem[X,0x00000000800054E6] -> 0x00A5
[5438] [M]: 0x00000000800054E4 (0x00A51513) slli a0, a0, 10
x10 <- 0x00000000B504F000
mem[X,0x00000000800054E8] -> 0x0513
mem[X,0x00000000800054EA] -> 0x3345
[5439] [M]: 0x00000000800054E8 (0x33450513) addi a0, a0, 820
x10 <- 0x00000000B504F334
mem[X,0x00000000800054EC] -> 0x3593
mem[X,0x00000000800054EE] -> 0x0015
[5440] [M]: 0x00000000800054EC (0x00153593) sltiu a1, a0, 1
x11 <- 0x0000000000000000
mem[X,0x00000000800054F0] -> 0x3023
mem[X,0x00000000800054F2] -> 0x60B1
[5441] [M]: 0x00000000800054F0 (0x60B13023) sd a1, 1536(sp)
mem[0x00000000800097C8] <- 0x0000000000000000
mem[X,0x00000000800054F4] -> 0x0537
mem[X,0x00000000800054F6] -> 0x0000
[5442] [M]: 0x00000000800054F4 (0x00000537) lui a0, 0
x10 <- 0x0000000000000000
mem[X,0x00000000800054F8] -> 0x0513
mem[X,0x00000000800054FA] -> 0x0005
[5443] [M]: 0x00000000800054F8 (0x00050513) addi a0, a0, 0
x10 <- 0x0000000000000000
mem[X,0x00000000800054FC] -> 0x1513
mem[X,0x00000000800054FE] -> 0x00B5
[5444] [M]: 0x00000000800054FC (0x00B51513) slli a0, a0, 11
x10 <- 0x0000000000000000
mem[X,0x0000000080005500] -> 0x0513
mem[X,0x0000000080005502] -> 0x5A85
[5445] [M]: 0x0000000080005500 (0x5A850513) addi a0, a0, 1448
x10 <- 0x00000000000005A8
mem[X,0x0000000080005504] -> 0x1513
mem[X,0x0000000080005506] -> 0x00B5
[5446] [M]: 0x0000000080005504 (0x00B51513) slli a0, a0, 11
x10 <- 0x00000000002D4000
mem[X,0x0000000080005508] -> 0x0513
mem[X,0x000000008000550A] -> 0x13C5
[5447] [M]: 0x0000000080005508 (0x13C50513) addi a0, a0, 316
x10 <- 0x00000000002D413C
mem[X,0x000000008000550C] -> 0x1513
mem[X,0x000000008000550E] -> 0x00A5
[5448] [M]: 0x000000008000550C (0x00A51513) slli a0, a0, 10
x10 <- 0x00000000B504F000
mem[X,0x0000000080005510] -> 0x0513
mem[X,0x0000000080005512] -> 0x3345
[5449] [M]: 0x0000000080005510 (0x33450513) addi a0, a0, 820
x10 <- 0x00000000B504F334
mem[X,0x0000000080005514] -> 0x3593
mem[X,0x0000000080005516] -> 0x0405
[5450] [M]: 0x0000000080005514 (0x04053593) sltiu a1, a0, 64
x11 <- 0x0000000000000000
mem[X,0x0000000080005518] -> 0x3423
mem[X,0x000000008000551A] -> 0x60B1
[5451] [M]: 0x0000000080005518 (0x60B13423) sd a1, 1544(sp)
mem[0x00000000800097D0] <- 0x0000000000000000
mem[X,0x000000008000551C] -> 0x0513
mem[X,0x000000008000551E] -> 0x0010
[5452] [M]: 0x000000008000551C (0x00100513) addi a0, zero, 1
x10 <- 0x0000000000000001
mem[X,0x0000000080005520] -> 0x3593
mem[X,0x0000000080005522] -> 0x0035
[5453] [M]: 0x0000000080005520 (0x00353593) sltiu a1, a0, 3
x11 <- 0x0000000000000001
mem[X,0x0000000080005524] -> 0x3823
mem[X,0x0000000080005526] -> 0x60B1
[5454] [M]: 0x0000000080005524 (0x60B13823) sd a1, 1552(sp)
mem[0x00000000800097D8] <- 0x0000000000000001
mem[X,0x0000000080005528] -> 0x0513
mem[X,0x000000008000552A] -> 0x0010
[5455] [M]: 0x0000000080005528 (0x00100513) addi a0, zero, 1
x10 <- 0x0000000000000001
mem[X,0x000000008000552C] -> 0x3593
mem[X,0x000000008000552E] -> 0x5555
[5456] [M]: 0x000000008000552C (0x55553593) sltiu a1, a0, 1365
x11 <- 0x0000000000000001
mem[X,0x0000000080005530] -> 0x3C23
mem[X,0x0000000080005532] -> 0x60B1
[5457] [M]: 0x0000000080005530 (0x60B13C23) sd a1, 1560(sp)
mem[0x00000000800097E0] <- 0x0000000000000001
mem[X,0x0000000080005534] -> 0x0513
mem[X,0x0000000080005536] -> 0x0010
[5458] [M]: 0x0000000080005534 (0x00100513) addi a0, zero, 1
x10 <- 0x0000000000000001
mem[X,0x0000000080005538] -> 0x3593
mem[X,0x000000008000553A] -> 0xAAA5
[5459] [M]: 0x0000000080005538 (0xAAA53593) sltiu a1, a0, 2730
x11 <- 0x0000000000000001
mem[X,0x000000008000553C] -> 0x3023
mem[X,0x000000008000553E] -> 0x62B1
[5460] [M]: 0x000000008000553C (0x62B13023) sd a1, 1568(sp)
mem[0x00000000800097E8] <- 0x0000000000000001
mem[X,0x0000000080005540] -> 0x0513
mem[X,0x0000000080005542] -> 0x0010
[5461] [M]: 0x0000000080005540 (0x00100513) addi a0, zero, 1
x10 <- 0x0000000000000001
mem[X,0x0000000080005544] -> 0x3593
mem[X,0x0000000080005546] -> 0x0055
[5462] [M]: 0x0000000080005544 (0x00553593) sltiu a1, a0, 5
x11 <- 0x0000000000000001
mem[X,0x0000000080005548] -> 0x3423
mem[X,0x000000008000554A] -> 0x62B1
[5463] [M]: 0x0000000080005548 (0x62B13423) sd a1, 1576(sp)
mem[0x00000000800097F0] <- 0x0000000000000001
mem[X,0x000000008000554C] -> 0x0513
mem[X,0x000000008000554E] -> 0x0010
[5464] [M]: 0x000000008000554C (0x00100513) addi a0, zero, 1
x10 <- 0x0000000000000001
mem[X,0x0000000080005550] -> 0x3593
mem[X,0x0000000080005552] -> 0x3335
[5465] [M]: 0x0000000080005550 (0x33353593) sltiu a1, a0, 819
x11 <- 0x0000000000000001
mem[X,0x0000000080005554] -> 0x3823
mem[X,0x0000000080005556] -> 0x62B1
[5466] [M]: 0x0000000080005554 (0x62B13823) sd a1, 1584(sp)
mem[0x00000000800097F8] <- 0x0000000000000001
mem[X,0x0000000080005558] -> 0x0513
mem[X,0x000000008000555A] -> 0x0010
[5467] [M]: 0x0000000080005558 (0x00100513) addi a0, zero, 1
x10 <- 0x0000000000000001
mem[X,0x000000008000555C] -> 0x3593
mem[X,0x000000008000555E] -> 0x6665
[5468] [M]: 0x000000008000555C (0x66653593) sltiu a1, a0, 1638
x11 <- 0x0000000000000001
mem[X,0x0000000080005560] -> 0x3C23
mem[X,0x0000000080005562] -> 0x62B1
[5469] [M]: 0x0000000080005560 (0x62B13C23) sd a1, 1592(sp)
mem[0x0000000080009800] <- 0x0000000000000001
mem[X,0x0000000080005564] -> 0x0513
mem[X,0x0000000080005566] -> 0x0010
[5470] [M]: 0x0000000080005564 (0x00100513) addi a0, zero, 1
x10 <- 0x0000000000000001
mem[X,0x0000000080005568] -> 0x3593
mem[X,0x000000008000556A] -> 0x02D5
[5471] [M]: 0x0000000080005568 (0x02D53593) sltiu a1, a0, 45
x11 <- 0x0000000000000001
mem[X,0x000000008000556C] -> 0x3023
mem[X,0x000000008000556E] -> 0x64B1
[5472] [M]: 0x000000008000556C (0x64B13023) sd a1, 1600(sp)
mem[0x0000000080009808] <- 0x0000000000000001
mem[X,0x0000000080005570] -> 0x0513
mem[X,0x0000000080005572] -> 0x0010
[5473] [M]: 0x0000000080005570 (0x00100513) addi a0, zero, 1
x10 <- 0x0000000000000001
mem[X,0x0000000080005574] -> 0x3593
mem[X,0x0000000080005576] -> 0x0005
[5474] [M]: 0x0000000080005574 (0x00053593) sltiu a1, a0, 0
x11 <- 0x0000000000000000
mem[X,0x0000000080005578] -> 0x3423
mem[X,0x000000008000557A] -> 0x64B1
[5475] [M]: 0x0000000080005578 (0x64B13423) sd a1, 1608(sp)
mem[0x0000000080009810] <- 0x0000000000000000
mem[X,0x000000008000557C] -> 0x0513
mem[X,0x000000008000557E] -> 0x0010
[5476] [M]: 0x000000008000557C (0x00100513) addi a0, zero, 1
x10 <- 0x0000000000000001
mem[X,0x0000000080005580] -> 0x3593
mem[X,0x0000000080005582] -> 0x03F5
[5477] [M]: 0x0000000080005580 (0x03F53593) sltiu a1, a0, 63
x11 <- 0x0000000000000001
mem[X,0x0000000080005584] -> 0x3823
mem[X,0x0000000080005586] -> 0x64B1
[5478] [M]: 0x0000000080005584 (0x64B13823) sd a1, 1616(sp)
mem[0x0000000080009818] <- 0x0000000000000001
mem[X,0x0000000080005588] -> 0x0513
mem[X,0x000000008000558A] -> 0x0010
[5479] [M]: 0x0000000080005588 (0x00100513) addi a0, zero, 1
x10 <- 0x0000000000000001
mem[X,0x000000008000558C] -> 0x3593
mem[X,0x000000008000558E] -> 0x0025
[5480] [M]: 0x000000008000558C (0x00253593) sltiu a1, a0, 2
x11 <- 0x0000000000000001
mem[X,0x0000000080005590] -> 0x3C23
mem[X,0x0000000080005592] -> 0x64B1
[5481] [M]: 0x0000000080005590 (0x64B13C23) sd a1, 1624(sp)
mem[0x0000000080009820] <- 0x0000000000000001
mem[X,0x0000000080005594] -> 0x0513
mem[X,0x0000000080005596] -> 0x0010
[5482] [M]: 0x0000000080005594 (0x00100513) addi a0, zero, 1
x10 <- 0x0000000000000001
mem[X,0x0000000080005598] -> 0x3593
mem[X,0x000000008000559A] -> 0x5545
[5483] [M]: 0x0000000080005598 (0x55453593) sltiu a1, a0, 1364
x11 <- 0x0000000000000001
mem[X,0x000000008000559C] -> 0x3023
mem[X,0x000000008000559E] -> 0x66B1
[5484] [M]: 0x000000008000559C (0x66B13023) sd a1, 1632(sp)
mem[0x0000000080009828] <- 0x0000000000000001
mem[X,0x00000000800055A0] -> 0x0513
mem[X,0x00000000800055A2] -> 0x0010
[5485] [M]: 0x00000000800055A0 (0x00100513) addi a0, zero, 1
x10 <- 0x0000000000000001
mem[X,0x00000000800055A4] -> 0x3593
mem[X,0x00000000800055A6] -> 0xAA95
[5486] [M]: 0x00000000800055A4 (0xAA953593) sltiu a1, a0, 2729
x11 <- 0x0000000000000001
mem[X,0x00000000800055A8] -> 0x3423
mem[X,0x00000000800055AA] -> 0x66B1
[5487] [M]: 0x00000000800055A8 (0x66B13423) sd a1, 1640(sp)
mem[0x0000000080009830] <- 0x0000000000000001
mem[X,0x00000000800055AC] -> 0x0513
mem[X,0x00000000800055AE] -> 0x0010
[5488] [M]: 0x00000000800055AC (0x00100513) addi a0, zero, 1
x10 <- 0x0000000000000001
mem[X,0x00000000800055B0] -> 0x3593
mem[X,0x00000000800055B2] -> 0x0045
[5489] [M]: 0x00000000800055B0 (0x00453593) sltiu a1, a0, 4
x11 <- 0x0000000000000001
mem[X,0x00000000800055B4] -> 0x3823
mem[X,0x00000000800055B6] -> 0x66B1
[5490] [M]: 0x00000000800055B4 (0x66B13823) sd a1, 1648(sp)
mem[0x0000000080009838] <- 0x0000000000000001
mem[X,0x00000000800055B8] -> 0x0513
mem[X,0x00000000800055BA] -> 0x0010
[5491] [M]: 0x00000000800055B8 (0x00100513) addi a0, zero, 1
x10 <- 0x0000000000000001
mem[X,0x00000000800055BC] -> 0x3593
mem[X,0x00000000800055BE] -> 0x3325
[5492] [M]: 0x00000000800055BC (0x33253593) sltiu a1, a0, 818
x11 <- 0x0000000000000001
mem[X,0x00000000800055C0] -> 0x3C23
mem[X,0x00000000800055C2] -> 0x66B1
[5493] [M]: 0x00000000800055C0 (0x66B13C23) sd a1, 1656(sp)
mem[0x0000000080009840] <- 0x0000000000000001
mem[X,0x00000000800055C4] -> 0x0513
mem[X,0x00000000800055C6] -> 0x0010
[5494] [M]: 0x00000000800055C4 (0x00100513) addi a0, zero, 1
x10 <- 0x0000000000000001
mem[X,0x00000000800055C8] -> 0x3593
mem[X,0x00000000800055CA] -> 0x6655
[5495] [M]: 0x00000000800055C8 (0x66553593) sltiu a1, a0, 1637
x11 <- 0x0000000000000001
mem[X,0x00000000800055CC] -> 0x3023
mem[X,0x00000000800055CE] -> 0x68B1
[5496] [M]: 0x00000000800055CC (0x68B13023) sd a1, 1664(sp)
mem[0x0000000080009848] <- 0x0000000000000001
mem[X,0x00000000800055D0] -> 0x0513
mem[X,0x00000000800055D2] -> 0x0010
[5497] [M]: 0x00000000800055D0 (0x00100513) addi a0, zero, 1
x10 <- 0x0000000000000001
mem[X,0x00000000800055D4] -> 0x3593
mem[X,0x00000000800055D6] -> 0x02C5
[5498] [M]: 0x00000000800055D4 (0x02C53593) sltiu a1, a0, 44
x11 <- 0x0000000000000001
mem[X,0x00000000800055D8] -> 0x3423
mem[X,0x00000000800055DA] -> 0x68B1
[5499] [M]: 0x00000000800055D8 (0x68B13423) sd a1, 1672(sp)
mem[0x0000000080009850] <- 0x0000000000000001
clint::tick mtime <- 0x0000000000000037
 clint timer pending at mtime 0x0000000000000037
htif::tick 0x0000000000000000
mem[X,0x00000000800055DC] -> 0x0513
mem[X,0x00000000800055DE] -> 0x0010
[5500] [M]: 0x00000000800055DC (0x00100513) addi a0, zero, 1
x10 <- 0x0000000000000001
mem[X,0x00000000800055E0] -> 0x3593
mem[X,0x00000000800055E2] -> 0x03E5
[5501] [M]: 0x00000000800055E0 (0x03E53593) sltiu a1, a0, 62
x11 <- 0x0000000000000001
mem[X,0x00000000800055E4] -> 0x3823
mem[X,0x00000000800055E6] -> 0x68B1
[5502] [M]: 0x00000000800055E4 (0x68B13823) sd a1, 1680(sp)
mem[0x0000000080009858] <- 0x0000000000000001
mem[X,0x00000000800055E8] -> 0x0513
mem[X,0x00000000800055EA] -> 0x0010
[5503] [M]: 0x00000000800055E8 (0x00100513) addi a0, zero, 1
x10 <- 0x0000000000000001
mem[X,0x00000000800055EC] -> 0x3593
mem[X,0x00000000800055EE] -> 0x5565
[5504] [M]: 0x00000000800055EC (0x55653593) sltiu a1, a0, 1366
x11 <- 0x0000000000000001
mem[X,0x00000000800055F0] -> 0x3C23
mem[X,0x00000000800055F2] -> 0x68B1
[5505] [M]: 0x00000000800055F0 (0x68B13C23) sd a1, 1688(sp)
mem[0x0000000080009860] <- 0x0000000000000001
mem[X,0x00000000800055F4] -> 0x0513
mem[X,0x00000000800055F6] -> 0x0010
[5506] [M]: 0x00000000800055F4 (0x00100513) addi a0, zero, 1
x10 <- 0x0000000000000001
mem[X,0x00000000800055F8] -> 0x3593
mem[X,0x00000000800055FA] -> 0xAAB5
[5507] [M]: 0x00000000800055F8 (0xAAB53593) sltiu a1, a0, 2731
x11 <- 0x0000000000000001
mem[X,0x00000000800055FC] -> 0x3023
mem[X,0x00000000800055FE] -> 0x6AB1
[5508] [M]: 0x00000000800055FC (0x6AB13023) sd a1, 1696(sp)
mem[0x0000000080009868] <- 0x0000000000000001
mem[X,0x0000000080005600] -> 0x0513
mem[X,0x0000000080005602] -> 0x0010
[5509] [M]: 0x0000000080005600 (0x00100513) addi a0, zero, 1
x10 <- 0x0000000000000001
mem[X,0x0000000080005604] -> 0x3593
mem[X,0x0000000080005606] -> 0x0065
[5510] [M]: 0x0000000080005604 (0x00653593) sltiu a1, a0, 6
x11 <- 0x0000000000000001
mem[X,0x0000000080005608] -> 0x3423
mem[X,0x000000008000560A] -> 0x6AB1
[5511] [M]: 0x0000000080005608 (0x6AB13423) sd a1, 1704(sp)
mem[0x0000000080009870] <- 0x0000000000000001
mem[X,0x000000008000560C] -> 0x0513
mem[X,0x000000008000560E] -> 0x0010
[5512] [M]: 0x000000008000560C (0x00100513) addi a0, zero, 1
x10 <- 0x0000000000000001
mem[X,0x0000000080005610] -> 0x3593
mem[X,0x0000000080005612] -> 0x3345
[5513] [M]: 0x0000000080005610 (0x33453593) sltiu a1, a0, 820
x11 <- 0x0000000000000001
mem[X,0x0000000080005614] -> 0x3823
mem[X,0x0000000080005616] -> 0x6AB1
[5514] [M]: 0x0000000080005614 (0x6AB13823) sd a1, 1712(sp)
mem[0x0000000080009878] <- 0x0000000000000001
mem[X,0x0000000080005618] -> 0x0513
mem[X,0x000000008000561A] -> 0x0010
[5515] [M]: 0x0000000080005618 (0x00100513) addi a0, zero, 1
x10 <- 0x0000000000000001
mem[X,0x000000008000561C] -> 0x3593
mem[X,0x000000008000561E] -> 0x6675
[5516] [M]: 0x000000008000561C (0x66753593) sltiu a1, a0, 1639
x11 <- 0x0000000000000001
mem[X,0x0000000080005620] -> 0x3C23
mem[X,0x0000000080005622] -> 0x6AB1
[5517] [M]: 0x0000000080005620 (0x6AB13C23) sd a1, 1720(sp)
mem[0x0000000080009880] <- 0x0000000000000001
mem[X,0x0000000080005624] -> 0x0513
mem[X,0x0000000080005626] -> 0x0010
[5518] [M]: 0x0000000080005624 (0x00100513) addi a0, zero, 1
x10 <- 0x0000000000000001
mem[X,0x0000000080005628] -> 0x3593
mem[X,0x000000008000562A] -> 0x02E5
[5519] [M]: 0x0000000080005628 (0x02E53593) sltiu a1, a0, 46
x11 <- 0x0000000000000001
mem[X,0x000000008000562C] -> 0x3023
mem[X,0x000000008000562E] -> 0x6CB1
[5520] [M]: 0x000000008000562C (0x6CB13023) sd a1, 1728(sp)
mem[0x0000000080009888] <- 0x0000000000000001
mem[X,0x0000000080005630] -> 0x0513
mem[X,0x0000000080005632] -> 0x0010
[5521] [M]: 0x0000000080005630 (0x00100513) addi a0, zero, 1
x10 <- 0x0000000000000001
mem[X,0x0000000080005634] -> 0x3593
mem[X,0x0000000080005636] -> 0x0405
[5522] [M]: 0x0000000080005634 (0x04053593) sltiu a1, a0, 64
x11 <- 0x0000000000000001
mem[X,0x0000000080005638] -> 0x3423
mem[X,0x000000008000563A] -> 0x6CB1
[5523] [M]: 0x0000000080005638 (0x6CB13423) sd a1, 1736(sp)
mem[0x0000000080009890] <- 0x0000000000000001
mem[X,0x000000008000563C] -> 0x0537
mem[X,0x000000008000563E] -> 0x0000
[5524] [M]: 0x000000008000563C (0x00000537) lui a0, 0
x10 <- 0x0000000000000000
mem[X,0x0000000080005640] -> 0x0513
mem[X,0x0000000080005642] -> 0x0015
[5525] [M]: 0x0000000080005640 (0x00150513) addi a0, a0, 1
x10 <- 0x0000000000000001
mem[X,0x0000000080005644] -> 0x1513
mem[X,0x0000000080005646] -> 0x00B5
[5526] [M]: 0x0000000080005644 (0x00B51513) slli a0, a0, 11
x10 <- 0x0000000000000800
mem[X,0x0000000080005648] -> 0x0513
mem[X,0x000000008000564A] -> 0x0005
[5527] [M]: 0x0000000080005648 (0x00050513) addi a0, a0, 0
x10 <- 0x0000000000000800
mem[X,0x000000008000564C] -> 0x1513
mem[X,0x000000008000564E] -> 0x00B5
[5528] [M]: 0x000000008000564C (0x00B51513) slli a0, a0, 11
x10 <- 0x0000000000400000
mem[X,0x0000000080005650] -> 0x0513
mem[X,0x0000000080005652] -> 0x0005
[5529] [M]: 0x0000000080005650 (0x00050513) addi a0, a0, 0
x10 <- 0x0000000000400000
mem[X,0x0000000080005654] -> 0x1513
mem[X,0x0000000080005656] -> 0x00A5
[5530] [M]: 0x0000000080005654 (0x00A51513) slli a0, a0, 10
x10 <- 0x0000000100000000
mem[X,0x0000000080005658] -> 0x0513
mem[X,0x000000008000565A] -> 0x0015
[5531] [M]: 0x0000000080005658 (0x00150513) addi a0, a0, 1
x10 <- 0x0000000100000001
mem[X,0x000000008000565C] -> 0x3593
mem[X,0x000000008000565E] -> 0x0035
[5532] [M]: 0x000000008000565C (0x00353593) sltiu a1, a0, 3
x11 <- 0x0000000000000000
mem[X,0x0000000080005660] -> 0x3823
mem[X,0x0000000080005662] -> 0x6CB1
[5533] [M]: 0x0000000080005660 (0x6CB13823) sd a1, 1744(sp)
mem[0x0000000080009898] <- 0x0000000000000000
mem[X,0x0000000080005664] -> 0x0537
mem[X,0x0000000080005666] -> 0x0000
[5534] [M]: 0x0000000080005664 (0x00000537) lui a0, 0
x10 <- 0x0000000000000000
mem[X,0x0000000080005668] -> 0x0513
mem[X,0x000000008000566A] -> 0x0015
[5535] [M]: 0x0000000080005668 (0x00150513) addi a0, a0, 1
x10 <- 0x0000000000000001
mem[X,0x000000008000566C] -> 0x1513
mem[X,0x000000008000566E] -> 0x00B5
[5536] [M]: 0x000000008000566C (0x00B51513) slli a0, a0, 11
x10 <- 0x0000000000000800
mem[X,0x0000000080005670] -> 0x0513
mem[X,0x0000000080005672] -> 0x0005
[5537] [M]: 0x0000000080005670 (0x00050513) addi a0, a0, 0
x10 <- 0x0000000000000800
mem[X,0x0000000080005674] -> 0x1513
mem[X,0x0000000080005676] -> 0x00B5
[5538] [M]: 0x0000000080005674 (0x00B51513) slli a0, a0, 11
x10 <- 0x0000000000400000
mem[X,0x0000000080005678] -> 0x0513
mem[X,0x000000008000567A] -> 0x0005
[5539] [M]: 0x0000000080005678 (0x00050513) addi a0, a0, 0
x10 <- 0x0000000000400000
mem[X,0x000000008000567C] -> 0x1513
mem[X,0x000000008000567E] -> 0x00A5
[5540] [M]: 0x000000008000567C (0x00A51513) slli a0, a0, 10
x10 <- 0x0000000100000000
mem[X,0x0000000080005680] -> 0x0513
mem[X,0x0000000080005682] -> 0x0015
[5541] [M]: 0x0000000080005680 (0x00150513) addi a0, a0, 1
x10 <- 0x0000000100000001
mem[X,0x0000000080005684] -> 0x3593
mem[X,0x0000000080005686] -> 0x5555
[5542] [M]: 0x0000000080005684 (0x55553593) sltiu a1, a0, 1365
x11 <- 0x0000000000000000
mem[X,0x0000000080005688] -> 0x3C23
mem[X,0x000000008000568A] -> 0x6CB1
[5543] [M]: 0x0000000080005688 (0x6CB13C23) sd a1, 1752(sp)
mem[0x00000000800098A0] <- 0x0000000000000000
mem[X,0x000000008000568C] -> 0x0537
mem[X,0x000000008000568E] -> 0x0000
[5544] [M]: 0x000000008000568C (0x00000537) lui a0, 0
x10 <- 0x0000000000000000
mem[X,0x0000000080005690] -> 0x0513
mem[X,0x0000000080005692] -> 0x0015
[5545] [M]: 0x0000000080005690 (0x00150513) addi a0, a0, 1
x10 <- 0x0000000000000001
mem[X,0x0000000080005694] -> 0x1513
mem[X,0x0000000080005696] -> 0x00B5
[5546] [M]: 0x0000000080005694 (0x00B51513) slli a0, a0, 11
x10 <- 0x0000000000000800
mem[X,0x0000000080005698] -> 0x0513
mem[X,0x000000008000569A] -> 0x0005
[5547] [M]: 0x0000000080005698 (0x00050513) addi a0, a0, 0
x10 <- 0x0000000000000800
mem[X,0x000000008000569C] -> 0x1513
mem[X,0x000000008000569E] -> 0x00B5
[5548] [M]: 0x000000008000569C (0x00B51513) slli a0, a0, 11
x10 <- 0x0000000000400000
mem[X,0x00000000800056A0] -> 0x0513
mem[X,0x00000000800056A2] -> 0x0005
[5549] [M]: 0x00000000800056A0 (0x00050513) addi a0, a0, 0
x10 <- 0x0000000000400000
mem[X,0x00000000800056A4] -> 0x1513
mem[X,0x00000000800056A6] -> 0x00A5
[5550] [M]: 0x00000000800056A4 (0x00A51513) slli a0, a0, 10
x10 <- 0x0000000100000000
mem[X,0x00000000800056A8] -> 0x0513
mem[X,0x00000000800056AA] -> 0x0015
[5551] [M]: 0x00000000800056A8 (0x00150513) addi a0, a0, 1
x10 <- 0x0000000100000001
mem[X,0x00000000800056AC] -> 0x3593
mem[X,0x00000000800056AE] -> 0xAAA5
[5552] [M]: 0x00000000800056AC (0xAAA53593) sltiu a1, a0, 2730
x11 <- 0x0000000000000001
mem[X,0x00000000800056B0] -> 0x3023
mem[X,0x00000000800056B2] -> 0x6EB1
[5553] [M]: 0x00000000800056B0 (0x6EB13023) sd a1, 1760(sp)
mem[0x00000000800098A8] <- 0x0000000000000001
mem[X,0x00000000800056B4] -> 0x0537
mem[X,0x00000000800056B6] -> 0x0000
[5554] [M]: 0x00000000800056B4 (0x00000537) lui a0, 0
x10 <- 0x0000000000000000
mem[X,0x00000000800056B8] -> 0x0513
mem[X,0x00000000800056BA] -> 0x0015
[5555] [M]: 0x00000000800056B8 (0x00150513) addi a0, a0, 1
x10 <- 0x0000000000000001
mem[X,0x00000000800056BC] -> 0x1513
mem[X,0x00000000800056BE] -> 0x00B5
[5556] [M]: 0x00000000800056BC (0x00B51513) slli a0, a0, 11
x10 <- 0x0000000000000800
mem[X,0x00000000800056C0] -> 0x0513
mem[X,0x00000000800056C2] -> 0x0005
[5557] [M]: 0x00000000800056C0 (0x00050513) addi a0, a0, 0
x10 <- 0x0000000000000800
mem[X,0x00000000800056C4] -> 0x1513
mem[X,0x00000000800056C6] -> 0x00B5
[5558] [M]: 0x00000000800056C4 (0x00B51513) slli a0, a0, 11
x10 <- 0x0000000000400000
mem[X,0x00000000800056C8] -> 0x0513
mem[X,0x00000000800056CA] -> 0x0005
[5559] [M]: 0x00000000800056C8 (0x00050513) addi a0, a0, 0
x10 <- 0x0000000000400000
mem[X,0x00000000800056CC] -> 0x1513
mem[X,0x00000000800056CE] -> 0x00A5
[5560] [M]: 0x00000000800056CC (0x00A51513) slli a0, a0, 10
x10 <- 0x0000000100000000
mem[X,0x00000000800056D0] -> 0x0513
mem[X,0x00000000800056D2] -> 0x0015
[5561] [M]: 0x00000000800056D0 (0x00150513) addi a0, a0, 1
x10 <- 0x0000000100000001
mem[X,0x00000000800056D4] -> 0x3593
mem[X,0x00000000800056D6] -> 0x0055
[5562] [M]: 0x00000000800056D4 (0x00553593) sltiu a1, a0, 5
x11 <- 0x0000000000000000
mem[X,0x00000000800056D8] -> 0x3423
mem[X,0x00000000800056DA] -> 0x6EB1
[5563] [M]: 0x00000000800056D8 (0x6EB13423) sd a1, 1768(sp)
mem[0x00000000800098B0] <- 0x0000000000000000
mem[X,0x00000000800056DC] -> 0x0537
mem[X,0x00000000800056DE] -> 0x0000
[5564] [M]: 0x00000000800056DC (0x00000537) lui a0, 0
x10 <- 0x0000000000000000
mem[X,0x00000000800056E0] -> 0x0513
mem[X,0x00000000800056E2] -> 0x0015
[5565] [M]: 0x00000000800056E0 (0x00150513) addi a0, a0, 1
x10 <- 0x0000000000000001
mem[X,0x00000000800056E4] -> 0x1513
mem[X,0x00000000800056E6] -> 0x00B5
[5566] [M]: 0x00000000800056E4 (0x00B51513) slli a0, a0, 11
x10 <- 0x0000000000000800
mem[X,0x00000000800056E8] -> 0x0513
mem[X,0x00000000800056EA] -> 0x0005
[5567] [M]: 0x00000000800056E8 (0x00050513) addi a0, a0, 0
x10 <- 0x0000000000000800
mem[X,0x00000000800056EC] -> 0x1513
mem[X,0x00000000800056EE] -> 0x00B5
[5568] [M]: 0x00000000800056EC (0x00B51513) slli a0, a0, 11
x10 <- 0x0000000000400000
mem[X,0x00000000800056F0] -> 0x0513
mem[X,0x00000000800056F2] -> 0x0005
[5569] [M]: 0x00000000800056F0 (0x00050513) addi a0, a0, 0
x10 <- 0x0000000000400000
mem[X,0x00000000800056F4] -> 0x1513
mem[X,0x00000000800056F6] -> 0x00A5
[5570] [M]: 0x00000000800056F4 (0x00A51513) slli a0, a0, 10
x10 <- 0x0000000100000000
mem[X,0x00000000800056F8] -> 0x0513
mem[X,0x00000000800056FA] -> 0x0015
[5571] [M]: 0x00000000800056F8 (0x00150513) addi a0, a0, 1
x10 <- 0x0000000100000001
mem[X,0x00000000800056FC] -> 0x3593
mem[X,0x00000000800056FE] -> 0x3335
[5572] [M]: 0x00000000800056FC (0x33353593) sltiu a1, a0, 819
x11 <- 0x0000000000000000
mem[X,0x0000000080005700] -> 0x3823
mem[X,0x0000000080005702] -> 0x6EB1
[5573] [M]: 0x0000000080005700 (0x6EB13823) sd a1, 1776(sp)
mem[0x00000000800098B8] <- 0x0000000000000000
mem[X,0x0000000080005704] -> 0x0537
mem[X,0x0000000080005706] -> 0x0000
[5574] [M]: 0x0000000080005704 (0x00000537) lui a0, 0
x10 <- 0x0000000000000000
mem[X,0x0000000080005708] -> 0x0513
mem[X,0x000000008000570A] -> 0x0015
[5575] [M]: 0x0000000080005708 (0x00150513) addi a0, a0, 1
x10 <- 0x0000000000000001
mem[X,0x000000008000570C] -> 0x1513
mem[X,0x000000008000570E] -> 0x00B5
[5576] [M]: 0x000000008000570C (0x00B51513) slli a0, a0, 11
x10 <- 0x0000000000000800
mem[X,0x0000000080005710] -> 0x0513
mem[X,0x0000000080005712] -> 0x0005
[5577] [M]: 0x0000000080005710 (0x00050513) addi a0, a0, 0
x10 <- 0x0000000000000800
mem[X,0x0000000080005714] -> 0x1513
mem[X,0x0000000080005716] -> 0x00B5
[5578] [M]: 0x0000000080005714 (0x00B51513) slli a0, a0, 11
x10 <- 0x0000000000400000
mem[X,0x0000000080005718] -> 0x0513
mem[X,0x000000008000571A] -> 0x0005
[5579] [M]: 0x0000000080005718 (0x00050513) addi a0, a0, 0
x10 <- 0x0000000000400000
mem[X,0x000000008000571C] -> 0x1513
mem[X,0x000000008000571E] -> 0x00A5
[5580] [M]: 0x000000008000571C (0x00A51513) slli a0, a0, 10
x10 <- 0x0000000100000000
mem[X,0x0000000080005720] -> 0x0513
mem[X,0x0000000080005722] -> 0x0015
[5581] [M]: 0x0000000080005720 (0x00150513) addi a0, a0, 1
x10 <- 0x0000000100000001
mem[X,0x0000000080005724] -> 0x3593
mem[X,0x0000000080005726] -> 0x6665
[5582] [M]: 0x0000000080005724 (0x66653593) sltiu a1, a0, 1638
x11 <- 0x0000000000000000
mem[X,0x0000000080005728] -> 0x3C23
mem[X,0x000000008000572A] -> 0x6EB1
[5583] [M]: 0x0000000080005728 (0x6EB13C23) sd a1, 1784(sp)
mem[0x00000000800098C0] <- 0x0000000000000000
mem[X,0x000000008000572C] -> 0x0513
mem[X,0x000000008000572E] -> 0x0010
[5584] [M]: 0x000000008000572C (0x00100513) addi a0, zero, 1
x10 <- 0x0000000000000001
mem[X,0x0000000080005730] -> 0x1513
mem[X,0x0000000080005732] -> 0x00B5
[5585] [M]: 0x0000000080005730 (0x00B51513) slli a0, a0, 11
x10 <- 0x0000000000000800
mem[X,0x0000000080005734] -> 0x4513
mem[X,0x0000000080005736] -> 0xFFF5
[5586] [M]: 0x0000000080005734 (0xFFF54513) xori a0, a0, 4095
x10 <- 0xFFFFFFFFFFFFF7FF
mem[X,0x0000000080005738] -> 0x3593
mem[X,0x000000008000573A] -> 0x8005
[5587] [M]: 0x0000000080005738 (0x80053593) sltiu a1, a0, 2048
x11 <- 0x0000000000000001
mem[X,0x000000008000573C] -> 0x3023
mem[X,0x000000008000573E] -> 0x70B1
[5588] [M]: 0x000000008000573C (0x70B13023) sd a1, 1792(sp)
mem[0x00000000800098C8] <- 0x0000000000000001
mem[X,0x0000000080005740] -> 0x006F
mem[X,0x0000000080005742] -> 0x0380
[5589] [M]: 0x0000000080005740 (0x0380006F) jal zero, 56
mem[X,0x0000000080005778] -> 0x0093
mem[X,0x000000008000577A] -> 0x0010
[5590] [M]: 0x0000000080005778 (0x00100093) addi ra, zero, 1
x1 <- 0x0000000000000001
mem[X,0x000000008000577C] -> 0x1F17
mem[X,0x000000008000577E] -> 0x0000
[5591] [M]: 0x000000008000577C (0x00001F17) auipc t5, 1
x30 <- 0x000000008000677C
mem[X,0x0000000080005780] -> 0x2223
mem[X,0x0000000080005782] -> 0x881F
[5592] [M]: 0x0000000080005780 (0x881F2223) sw ra, 2180(t5)
htif[0x0000000080006000] <- 0x00000001
mem[X,0x0000000080005784] -> 0xF06F
mem[X,0x0000000080005786] -> 0xFF9F
[5593] [M]: 0x0000000080005784 (0xFF9FF06F) jal zero, 2097144
mem[X,0x000000008000577C] -> 0x1F17
mem[X,0x000000008000577E] -> 0x0000
[5594] [M]: 0x000000008000577C (0x00001F17) auipc t5, 1
x30 <- 0x000000008000677C
mem[X,0x0000000080005780] -> 0x2223
mem[X,0x0000000080005782] -> 0x881F
[5595] [M]: 0x0000000080005780 (0x881F2223) sw ra, 2180(t5)
htif[0x0000000080006000] <- 0x00000001
mem[X,0x0000000080005784] -> 0xF06F
mem[X,0x0000000080005786] -> 0xFF9F
[5596] [M]: 0x0000000080005784 (0xFF9FF06F) jal zero, 2097144
mem[X,0x000000008000577C] -> 0x1F17
mem[X,0x000000008000577E] -> 0x0000
[5597] [M]: 0x000000008000577C (0x00001F17) auipc t5, 1
x30 <- 0x000000008000677C
mem[X,0x0000000080005780] -> 0x2223
mem[X,0x0000000080005782] -> 0x881F
[5598] [M]: 0x0000000080005780 (0x881F2223) sw ra, 2180(t5)
htif[0x0000000080006000] <- 0x00000001
htif-syscall-proxy cmd: 0x000000000001
SUCCESS
