/usr/bin/ld: CMakeFiles/demo2.dir/demo2.cpp.o: in function `.L0 ':
demo2.cpp:(.text+0x7f8): undefined reference to `make_fcontext'
/usr/bin/ld: demo2.cpp:(.text+0x87a): undefined reference to `jump_fcontext'
/usr/bin/ld: CMakeFiles/demo2.dir/demo2.cpp.o: in function `.L241':
demo2.cpp:(.text+0xa0a): undefined reference to `jump_fcontext'
/usr/bin/ld: CMakeFiles/demo2.dir/demo2.cpp.o: in function `.L0 ':
demo2.cpp:(.text+0xa6e): undefined reference to `ontop_fcontext'
/usr/bin/ld: CMakeFiles/demo2.dir/demo2.cpp.o: in function `.LEHE25':
demo2.cpp:(.text._ZN5boost7context2v217execution_contextIJcEEclEc[_ZN5boost7context2v217execution_contextIJcEEclEc]+0xb6): undefined reference to `jump_fcontext'
/usr/bin/ld: CMakeFiles/demo2.dir/demo2.cpp.o: in function `.L0 ':
demo2.cpp:(.text._ZN5boost7context2v217execution_contextIJcEED2Ev[_ZN5boost7context2v217execution_contextIJcEED5Ev]+0x44): undefined reference to `ontop_fcontext'
collect2: error: ld returned 1 exit status
make[2]: *** [CMakeFiles/demo2.dir/build.make:85: demo2] Error 1
make[1]: *** [CMakeFiles/Makefile2:76: CMakeFiles/demo2.dir/all] Error 2
make: *** [Makefile:84: all] Error 2
