/usr/bin/ld: CMakeFiles/demo2.dir/demo2.cpp.o: in function `.L0 ':
demo2.cpp:(.text+0x346): undefined reference to `make_fcontext'
/usr/bin/ld: demo2.cpp:(.text+0x37e): undefined reference to `jump_fcontext'
/usr/bin/ld: demo2.cpp:(.text+0x480): undefined reference to `jump_fcontext'
/usr/bin/ld: demo2.cpp:(.text+0x4dc): undefined reference to `ontop_fcontext'
/usr/bin/ld: demo2.cpp:(.text._ZN5boost7context5fiberD2Ev[_ZN5boost7context5fiberD5Ev]+0x4c): undefined reference to `ontop_fcontext'
/usr/bin/ld: CMakeFiles/demo2.dir/demo2.cpp.o: in function `.L21':
demo2.cpp:(.text._ZNO5boost7context5fiber6resumeEv[_ZNO5boost7context5fiber6resumeEv]+0x60): undefined reference to `jump_fcontext'
collect2: error: ld returned 1 exit status
make[2]: *** [CMakeFiles/demo2.dir/build.make:85: demo2] Error 1
make[1]: *** [CMakeFiles/Makefile2:76: CMakeFiles/demo2.dir/all] Error 2
make: *** [Makefile:84: all] Error 2
