using /home/minami/vscode/github/riscv-cof/test/riscof_work/rv64i_m/I/src/bge-01.S/ref/Reference-sail_c_simulator.signature for test-signature output.
tohost located at 0x80047000
Running file ref.elf.
ELF Entry @ 0x80000000
begin_signature: 0x80049110
end_signature: 0x8004a630
CSR mstatus <- 0x0000000A00000000 (input: 0x0000000000000000)
mem[X,0x0000000000001000] -> 0x0297
mem[X,0x0000000000001002] -> 0x0000
[0] [M]: 0x0000000000001000 (0x00000297) auipc t0, 0
x5 <- 0x0000000000001000
mem[X,0x0000000000001004] -> 0x8593
mem[X,0x0000000000001006] -> 0x0202
[1] [M]: 0x0000000000001004 (0x02028593) addi a1, t0, 32
x11 <- 0x0000000000001020
mem[X,0x0000000000001008] -> 0x2573
mem[X,0x000000000000100A] -> 0xF140
[2] [M]: 0x0000000000001008 (0xF1402573) csrrs a0, mhartid, zero
CSR mhartid -> 0x0000000000000000
x10 <- 0x0000000000000000
mem[X,0x000000000000100C] -> 0xB283
mem[X,0x000000000000100E] -> 0x0182
[3] [M]: 0x000000000000100C (0x0182B283) ld t0, 24(t0)
mem[R,0x0000000000001018] -> 0x0000000080000000
x5 <- 0x0000000080000000
mem[X,0x0000000000001010] -> 0x8067
mem[X,0x0000000000001012] -> 0x0002
[4] [M]: 0x0000000000001010 (0x00028067) jalr zero, t0, 0
mem[X,0x0000000080000000] -> 0xC0B7
mem[X,0x0000000080000002] -> 0xFEED
[5] [M]: 0x0000000080000000 (0xFEEDC0B7) lui ra, 1044188
x1 <- 0xFFFFFFFFFEEDC000
mem[X,0x0000000080000004] -> 0x8093
mem[X,0x0000000080000006] -> 0xEAD0
[6] [M]: 0x0000000080000004 (0xEAD08093) addi ra, ra, 3757
x1 <- 0xFFFFFFFFFEEDBEAD
mem[X,0x0000000080000008] -> 0x9093
mem[X,0x000000008000000A] -> 0x00B0
[7] [M]: 0x0000000080000008 (0x00B09093) slli ra, ra, 11
x1 <- 0xFFFFFFF76DF56800
mem[X,0x000000008000000C] -> 0x8093
mem[X,0x000000008000000E] -> 0x7F70
[8] [M]: 0x000000008000000C (0x7F708093) addi ra, ra, 2039
x1 <- 0xFFFFFFF76DF56FF7
mem[X,0x0000000080000010] -> 0x9093
mem[X,0x0000000080000012] -> 0x00B0
[9] [M]: 0x0000000080000010 (0x00B09093) slli ra, ra, 11
x1 <- 0xFFFFBB6FAB7FB800
mem[X,0x0000000080000014] -> 0x8093
mem[X,0x0000000080000016] -> 0x36F0
[10] [M]: 0x0000000080000014 (0x36F08093) addi ra, ra, 879
x1 <- 0xFFFFBB6FAB7FBB6F
mem[X,0x0000000080000018] -> 0x9093
mem[X,0x000000008000001A] -> 0x00A0
[11] [M]: 0x0000000080000018 (0x00A09093) slli ra, ra, 10
x1 <- 0xFEEDBEADFEEDBC00
mem[X,0x000000008000001C] -> 0x8093
mem[X,0x000000008000001E] -> 0x2AD0
[12] [M]: 0x000000008000001C (0x2AD08093) addi ra, ra, 685
x1 <- 0xFEEDBEADFEEDBEAD
mem[X,0x0000000080000020] -> 0xE137
mem[X,0x0000000080000022] -> 0xFF76
[13] [M]: 0x0000000080000020 (0xFF76E137) lui sp, 1046382
x2 <- 0xFFFFFFFFFF76E000
mem[X,0x0000000080000024] -> 0x0113
mem[X,0x0000000080000026] -> 0xF561
[14] [M]: 0x0000000080000024 (0xF5610113) addi sp, sp, 3926
x2 <- 0xFFFFFFFFFF76DF56
mem[X,0x0000000080000028] -> 0x1113
mem[X,0x000000008000002A] -> 0x00B1
[15] [M]: 0x0000000080000028 (0x00B11113) slli sp, sp, 11
x2 <- 0xFFFFFFFBB6FAB000
mem[X,0x000000008000002C] -> 0x0113
mem[X,0x000000008000002E] -> 0x7FB1
[16] [M]: 0x000000008000002C (0x7FB10113) addi sp, sp, 2043
x2 <- 0xFFFFFFFBB6FAB7FB
mem[X,0x0000000080000030] -> 0x1113
mem[X,0x0000000080000032] -> 0x00B1
[17] [M]: 0x0000000080000030 (0x00B11113) slli sp, sp, 11
x2 <- 0xFFFFDDB7D5BFD800
mem[X,0x0000000080000034] -> 0x0113
mem[X,0x0000000080000036] -> 0x5B71
[18] [M]: 0x0000000080000034 (0x5B710113) addi sp, sp, 1463
x2 <- 0xFFFFDDB7D5BFDDB7
mem[X,0x0000000080000038] -> 0x1113
mem[X,0x000000008000003A] -> 0x00A1
[19] [M]: 0x0000000080000038 (0x00A11113) slli sp, sp, 10
x2 <- 0xFF76DF56FF76DC00
mem[X,0x000000008000003C] -> 0x0113
mem[X,0x000000008000003E] -> 0x3561
[20] [M]: 0x000000008000003C (0x35610113) addi sp, sp, 854
x2 <- 0xFF76DF56FF76DF56
mem[X,0x0000000080000040] -> 0x71B7
mem[X,0x0000000080000042] -> 0x7FBB
[21] [M]: 0x0000000080000040 (0x7FBB71B7) lui gp, 523191
x3 <- 0x000000007FBB7000
mem[X,0x0000000080000044] -> 0x8193
mem[X,0x0000000080000046] -> 0xFAB1
[22] [M]: 0x0000000080000044 (0xFAB18193) addi gp, gp, 4011
x3 <- 0x000000007FBB6FAB
mem[X,0x0000000080000048] -> 0x9193
mem[X,0x000000008000004A] -> 0x00B1
[23] [M]: 0x0000000080000048 (0x00B19193) slli gp, gp, 11
x3 <- 0x000003FDDB7D5800
mem[X,0x000000008000004C] -> 0x8193
mem[X,0x000000008000004E] -> 0x3FD1
[24] [M]: 0x000000008000004C (0x3FD18193) addi gp, gp, 1021
x3 <- 0x000003FDDB7D5BFD
mem[X,0x0000000080000050] -> 0x9193
mem[X,0x0000000080000052] -> 0x00B1
[25] [M]: 0x0000000080000050 (0x00B19193) slli gp, gp, 11
x3 <- 0x001FEEDBEADFE800
mem[X,0x0000000080000054] -> 0x8193
mem[X,0x0000000080000056] -> 0x6DB1
[26] [M]: 0x0000000080000054 (0x6DB18193) addi gp, gp, 1755
x3 <- 0x001FEEDBEADFEEDB
mem[X,0x0000000080000058] -> 0x9193
mem[X,0x000000008000005A] -> 0x00A1
[27] [M]: 0x0000000080000058 (0x00A19193) slli gp, gp, 10
x3 <- 0x7FBB6FAB7FBB6C00
mem[X,0x000000008000005C] -> 0x8193
mem[X,0x000000008000005E] -> 0x3AB1
[28] [M]: 0x000000008000005C (0x3AB18193) addi gp, gp, 939
x3 <- 0x7FBB6FAB7FBB6FAB
mem[X,0x0000000080000060] -> 0xB237
mem[X,0x0000000080000062] -> 0xBFDD
[29] [M]: 0x0000000080000060 (0xBFDDB237) lui tp, 785883
x4 <- 0xFFFFFFFFBFDDB000
mem[X,0x0000000080000064] -> 0x0213
mem[X,0x0000000080000066] -> 0x7D52
[30] [M]: 0x0000000080000064 (0x7D520213) addi tp, tp, 2005
x4 <- 0xFFFFFFFFBFDDB7D5
mem[X,0x0000000080000068] -> 0x1213
mem[X,0x000000008000006A] -> 0x00B2
[31] [M]: 0x0000000080000068 (0x00B21213) slli tp, tp, 11
x4 <- 0xFFFFFDFEEDBEA800
mem[X,0x000000008000006C] -> 0x0213
mem[X,0x000000008000006E] -> 0x5FE2
[32] [M]: 0x000000008000006C (0x5FE20213) addi tp, tp, 1534
x4 <- 0xFFFFFDFEEDBEADFE
mem[X,0x0000000080000070] -> 0x1213
mem[X,0x0000000080000072] -> 0x00B2
[33] [M]: 0x0000000080000070 (0x00B21213) slli tp, tp, 11
x4 <- 0xFFEFF76DF56FF000
mem[X,0x0000000080000074] -> 0x0213
mem[X,0x0000000080000076] -> 0x76D2
[34] [M]: 0x0000000080000074 (0x76D20213) addi tp, tp, 1901
x4 <- 0xFFEFF76DF56FF76D
mem[X,0x0000000080000078] -> 0x1213
mem[X,0x000000008000007A] -> 0x00A2
[35] [M]: 0x0000000080000078 (0x00A21213) slli tp, tp, 10
x4 <- 0xBFDDB7D5BFDDB400
mem[X,0x000000008000007C] -> 0x0213
mem[X,0x000000008000007E] -> 0x3D52
[36] [M]: 0x000000008000007C (0x3D520213) addi tp, tp, 981
x4 <- 0xBFDDB7D5BFDDB7D5
mem[X,0x0000000080000080] -> 0xE2B7
mem[X,0x0000000080000082] -> 0xDFEE
[37] [M]: 0x0000000080000080 (0xDFEEE2B7) lui t0, 917230
x5 <- 0xFFFFFFFFDFEEE000
mem[X,0x0000000080000084] -> 0x8293
mem[X,0x0000000080000086] -> 0xBEA2
[38] [M]: 0x0000000080000084 (0xBEA28293) addi t0, t0, 3050
x5 <- 0xFFFFFFFFDFEEDBEA
mem[X,0x0000000080000088] -> 0x9293
mem[X,0x000000008000008A] -> 0x00B2
[39] [M]: 0x0000000080000088 (0x00B29293) slli t0, t0, 11
x5 <- 0xFFFFFEFF76DF5000
mem[X,0x000000008000008C] -> 0x8293
mem[X,0x000000008000008E] -> 0x6FF2
[40] [M]: 0x000000008000008C (0x6FF28293) addi t0, t0, 1791
x5 <- 0xFFFFFEFF76DF56FF
mem[X,0x0000000080000090] -> 0x9293
mem[X,0x0000000080000092] -> 0x00B2
[41] [M]: 0x0000000080000090 (0x00B29293) slli t0, t0, 11
x5 <- 0xFFF7FBB6FAB7F800
mem[X,0x0000000080000094] -> 0x8293
mem[X,0x0000000080000096] -> 0x3B62
[42] [M]: 0x0000000080000094 (0x3B628293) addi t0, t0, 950
x5 <- 0xFFF7FBB6FAB7FBB6
mem[X,0x0000000080000098] -> 0x9293
mem[X,0x000000008000009A] -> 0x00A2
[43] [M]: 0x0000000080000098 (0x00A29293) slli t0, t0, 10
x5 <- 0xDFEEDBEADFEED800
mem[X,0x000000008000009C] -> 0x8293
mem[X,0x000000008000009E] -> 0x3EA2
[44] [M]: 0x000000008000009C (0x3EA28293) addi t0, t0, 1002
x5 <- 0xDFEEDBEADFEEDBEA
mem[X,0x00000000800000A0] -> 0x7337
mem[X,0x00000000800000A2] -> 0x6FF7
[45] [M]: 0x00000000800000A0 (0x6FF77337) lui t1, 458615
x6 <- 0x000000006FF77000
mem[X,0x00000000800000A4] -> 0x0313
mem[X,0x00000000800000A6] -> 0xDF53
[46] [M]: 0x00000000800000A4 (0xDF530313) addi t1, t1, 3573
x6 <- 0x000000006FF76DF5
mem[X,0x00000000800000A8] -> 0x1313
mem[X,0x00000000800000AA] -> 0x00B3
[47] [M]: 0x00000000800000A8 (0x00B31313) slli t1, t1, 11
x6 <- 0x0000037FBB6FA800
mem[X,0x00000000800000AC] -> 0x0313
mem[X,0x00000000800000AE] -> 0x37F3
[48] [M]: 0x00000000800000AC (0x37F30313) addi t1, t1, 895
x6 <- 0x0000037FBB6FAB7F
mem[X,0x00000000800000B0] -> 0x1313
mem[X,0x00000000800000B2] -> 0x00B3
[49] [M]: 0x00000000800000B0 (0x00B31313) slli t1, t1, 11
x6 <- 0x001BFDDB7D5BF800
mem[X,0x00000000800000B4] -> 0x0313
mem[X,0x00000000800000B6] -> 0x5DB3
[50] [M]: 0x00000000800000B4 (0x5DB30313) addi t1, t1, 1499
x6 <- 0x001BFDDB7D5BFDDB
mem[X,0x00000000800000B8] -> 0x1313
mem[X,0x00000000800000BA] -> 0x00A3
[51] [M]: 0x00000000800000B8 (0x00A31313) slli t1, t1, 10
x6 <- 0x6FF76DF56FF76C00
mem[X,0x00000000800000BC] -> 0x0313
mem[X,0x00000000800000BE] -> 0x1F53
[52] [M]: 0x00000000800000BC (0x1F530313) addi t1, t1, 501
x6 <- 0x6FF76DF56FF76DF5
mem[X,0x00000000800000C0] -> 0xB3B7
mem[X,0x00000000800000C2] -> 0xB7FB
[53] [M]: 0x00000000800000C0 (0xB7FBB3B7) lui t2, 753595
x7 <- 0xFFFFFFFFB7FBB000
mem[X,0x00000000800000C4] -> 0x8393
mem[X,0x00000000800000C6] -> 0x6FA3
[54] [M]: 0x00000000800000C4 (0x6FA38393) addi t2, t2, 1786
x7 <- 0xFFFFFFFFB7FBB6FA
mem[X,0x00000000800000C8] -> 0x9393
mem[X,0x00000000800000CA] -> 0x00B3
[55] [M]: 0x00000000800000C8 (0x00B39393) slli t2, t2, 11
x7 <- 0xFFFFFDBFDDB7D000
mem[X,0x00000000800000CC] -> 0x8393
mem[X,0x00000000800000CE] -> 0x5BF3
[56] [M]: 0x00000000800000CC (0x5BF38393) addi t2, t2, 1471
x7 <- 0xFFFFFDBFDDB7D5BF
mem[X,0x00000000800000D0] -> 0x9393
mem[X,0x00000000800000D2] -> 0x00B3
[57] [M]: 0x00000000800000D0 (0x00B39393) slli t2, t2, 11
x7 <- 0xFFEDFEEDBEADF800
mem[X,0x00000000800000D4] -> 0x8393
mem[X,0x00000000800000D6] -> 0x6ED3
[58] [M]: 0x00000000800000D4 (0x6ED38393) addi t2, t2, 1773
x7 <- 0xFFEDFEEDBEADFEED
mem[X,0x00000000800000D8] -> 0x9393
mem[X,0x00000000800000DA] -> 0x00A3
[59] [M]: 0x00000000800000D8 (0x00A39393) slli t2, t2, 10
x7 <- 0xB7FBB6FAB7FBB400
mem[X,0x00000000800000DC] -> 0x8393
mem[X,0x00000000800000DE] -> 0x2FA3
[60] [M]: 0x00000000800000DC (0x2FA38393) addi t2, t2, 762
x7 <- 0xB7FBB6FAB7FBB6FA
mem[X,0x00000000800000E0] -> 0xE437
mem[X,0x00000000800000E2] -> 0x5BFD
[61] [M]: 0x00000000800000E0 (0x5BFDE437) lui fp, 376798
x8 <- 0x000000005BFDE000
mem[X,0x00000000800000E4] -> 0x0413
mem[X,0x00000000800000E6] -> 0xB7D4
[62] [M]: 0x00000000800000E4 (0xB7D40413) addi fp, fp, 2941
x8 <- 0x000000005BFDDB7D
mem[X,0x00000000800000E8] -> 0x1413
mem[X,0x00000000800000EA] -> 0x00B4
[63] [M]: 0x00000000800000E8 (0x00B41413) slli fp, fp, 11
x8 <- 0x000002DFEEDBE800
mem[X,0x00000000800000EC] -> 0x0413
mem[X,0x00000000800000EE] -> 0x2DF4
[64] [M]: 0x00000000800000EC (0x2DF40413) addi fp, fp, 735
x8 <- 0x000002DFEEDBEADF
mem[X,0x00000000800000F0] -> 0x1413
mem[X,0x00000000800000F2] -> 0x00B4
[65] [M]: 0x00000000800000F0 (0x00B41413) slli fp, fp, 11
x8 <- 0x0016FF76DF56F800
mem[X,0x00000000800000F4] -> 0x0413
mem[X,0x00000000800000F6] -> 0x7764
[66] [M]: 0x00000000800000F4 (0x77640413) addi fp, fp, 1910
x8 <- 0x0016FF76DF56FF76
mem[X,0x00000000800000F8] -> 0x1413
mem[X,0x00000000800000FA] -> 0x00A4
[67] [M]: 0x00000000800000F8 (0x00A41413) slli fp, fp, 10
x8 <- 0x5BFDDB7D5BFDD800
mem[X,0x00000000800000FC] -> 0x0413
mem[X,0x00000000800000FE] -> 0x37D4
[68] [M]: 0x00000000800000FC (0x37D40413) addi fp, fp, 893
x8 <- 0x5BFDDB7D5BFDDB7D
mem[X,0x0000000080000100] -> 0xF4B7
mem[X,0x0000000080000102] -> 0xADFE
[69] [M]: 0x0000000080000100 (0xADFEF4B7) lui s1, 712687
x9 <- 0xFFFFFFFFADFEF000
mem[X,0x0000000080000104] -> 0x8493
mem[X,0x0000000080000106] -> 0xDBE4
[70] [M]: 0x0000000080000104 (0xDBE48493) addi s1, s1, 3518
x9 <- 0xFFFFFFFFADFEEDBE
mem[X,0x0000000080000108] -> 0x9493
mem[X,0x000000008000010A] -> 0x00B4
[71] [M]: 0x0000000080000108 (0x00B49493) slli s1, s1, 11
x9 <- 0xFFFFFD6FF76DF000
mem[X,0x000000008000010C] -> 0x8493
mem[X,0x000000008000010E] -> 0x56F4
[72] [M]: 0x000000008000010C (0x56F48493) addi s1, s1, 1391
x9 <- 0xFFFFFD6FF76DF56F
mem[X,0x0000000080000110] -> 0x9493
mem[X,0x0000000080000112] -> 0x00B4
[73] [M]: 0x0000000080000110 (0x00B49493) slli s1, s1, 11
x9 <- 0xFFEB7FBB6FAB7800
mem[X,0x0000000080000114] -> 0x8493
mem[X,0x0000000080000116] -> 0x7BB4
[74] [M]: 0x0000000080000114 (0x7BB48493) addi s1, s1, 1979
x9 <- 0xFFEB7FBB6FAB7FBB
mem[X,0x0000000080000118] -> 0x9493
mem[X,0x000000008000011A] -> 0x00A4
[75] [M]: 0x0000000080000118 (0x00A49493) slli s1, s1, 10
x9 <- 0xADFEEDBEADFEEC00
mem[X,0x000000008000011C] -> 0x8493
mem[X,0x000000008000011E] -> 0x1BE4
[76] [M]: 0x000000008000011C (0x1BE48493) addi s1, s1, 446
x9 <- 0xADFEEDBEADFEEDBE
mem[X,0x0000000080000120] -> 0x7537
mem[X,0x0000000080000122] -> 0x56FF
[77] [M]: 0x0000000080000120 (0x56FF7537) lui a0, 356343
x10 <- 0x0000000056FF7000
mem[X,0x0000000080000124] -> 0x0513
mem[X,0x0000000080000126] -> 0x6DF5
[78] [M]: 0x0000000080000124 (0x6DF50513) addi a0, a0, 1759
x10 <- 0x0000000056FF76DF
mem[X,0x0000000080000128] -> 0x1513
mem[X,0x000000008000012A] -> 0x00B5
[79] [M]: 0x0000000080000128 (0x00B51513) slli a0, a0, 11
x10 <- 0x000002B7FBB6F800
mem[X,0x000000008000012C] -> 0x0513
mem[X,0x000000008000012E] -> 0x2B75
[80] [M]: 0x000000008000012C (0x2B750513) addi a0, a0, 695
x10 <- 0x000002B7FBB6FAB7
mem[X,0x0000000080000130] -> 0x1513
mem[X,0x0000000080000132] -> 0x00B5
[81] [M]: 0x0000000080000130 (0x00B51513) slli a0, a0, 11
x10 <- 0x0015BFDDB7D5B800
mem[X,0x0000000080000134] -> 0x0513
mem[X,0x0000000080000136] -> 0x7DD5
[82] [M]: 0x0000000080000134 (0x7DD50513) addi a0, a0, 2013
x10 <- 0x0015BFDDB7D5BFDD
mem[X,0x0000000080000138] -> 0x1513
mem[X,0x000000008000013A] -> 0x00A5
[83] [M]: 0x0000000080000138 (0x00A51513) slli a0, a0, 10
x10 <- 0x56FF76DF56FF7400
mem[X,0x000000008000013C] -> 0x0513
mem[X,0x000000008000013E] -> 0x2DF5
[84] [M]: 0x000000008000013C (0x2DF50513) addi a0, a0, 735
x10 <- 0x56FF76DF56FF76DF
mem[X,0x0000000080000140] -> 0xC5B7
mem[X,0x0000000080000142] -> 0xAB7F
[85] [M]: 0x0000000080000140 (0xAB7FC5B7) lui a1, 702460
x11 <- 0xFFFFFFFFAB7FC000
mem[X,0x0000000080000144] -> 0x8593
mem[X,0x0000000080000146] -> 0xB6F5
[86] [M]: 0x0000000080000144 (0xB6F58593) addi a1, a1, 2927
x11 <- 0xFFFFFFFFAB7FBB6F
mem[X,0x0000000080000148] -> 0x9593
mem[X,0x000000008000014A] -> 0x00B5
[87] [M]: 0x0000000080000148 (0x00B59593) slli a1, a1, 11
x11 <- 0xFFFFFD5BFDDB7800
mem[X,0x000000008000014C] -> 0x8593
mem[X,0x000000008000014E] -> 0x55B5
[88] [M]: 0x000000008000014C (0x55B58593) addi a1, a1, 1371
x11 <- 0xFFFFFD5BFDDB7D5B
mem[X,0x0000000080000150] -> 0x9593
mem[X,0x0000000080000152] -> 0x00B5
[89] [M]: 0x0000000080000150 (0x00B59593) slli a1, a1, 11
x11 <- 0xFFEADFEEDBEAD800
mem[X,0x0000000080000154] -> 0x8593
mem[X,0x0000000080000156] -> 0x7EE5
[90] [M]: 0x0000000080000154 (0x7EE58593) addi a1, a1, 2030
x11 <- 0xFFEADFEEDBEADFEE
mem[X,0x0000000080000158] -> 0x9593
mem[X,0x000000008000015A] -> 0x00A5
[91] [M]: 0x0000000080000158 (0x00A59593) slli a1, a1, 10
x11 <- 0xAB7FBB6FAB7FB800
mem[X,0x000000008000015C] -> 0x8593
mem[X,0x000000008000015E] -> 0x36F5
[92] [M]: 0x000000008000015C (0x36F58593) addi a1, a1, 879
x11 <- 0xAB7FBB6FAB7FBB6F
mem[X,0x0000000080000160] -> 0xE637
mem[X,0x0000000080000162] -> 0xD5BF
[93] [M]: 0x0000000080000160 (0xD5BFE637) lui a2, 875518
x12 <- 0xFFFFFFFFD5BFE000
mem[X,0x0000000080000164] -> 0x0613
mem[X,0x0000000080000166] -> 0xDB76
[94] [M]: 0x0000000080000164 (0xDB760613) addi a2, a2, 3511
x12 <- 0xFFFFFFFFD5BFDDB7
mem[X,0x0000000080000168] -> 0x1613
mem[X,0x000000008000016A] -> 0x00B6
[95] [M]: 0x0000000080000168 (0x00B61613) slli a2, a2, 11
x12 <- 0xFFFFFEADFEEDB800
mem[X,0x000000008000016C] -> 0x0613
mem[X,0x000000008000016E] -> 0x6AD6
[96] [M]: 0x000000008000016C (0x6AD60613) addi a2, a2, 1709
x12 <- 0xFFFFFEADFEEDBEAD
mem[X,0x0000000080000170] -> 0x1613
mem[X,0x0000000080000172] -> 0x00B6
[97] [M]: 0x0000000080000170 (0x00B61613) slli a2, a2, 11
x12 <- 0xFFF56FF76DF56800
mem[X,0x0000000080000174] -> 0x0613
mem[X,0x0000000080000176] -> 0x7F76
[98] [M]: 0x0000000080000174 (0x7F760613) addi a2, a2, 2039
x12 <- 0xFFF56FF76DF56FF7
mem[X,0x0000000080000178] -> 0x1613
mem[X,0x000000008000017A] -> 0x00A6
[99] [M]: 0x0000000080000178 (0x00A61613) slli a2, a2, 10
x12 <- 0xD5BFDDB7D5BFDC00
clint::tick mtime <- 0x0000000000000001
 clint timer pending at mtime 0x0000000000000001
htif::tick 0x0000000000000000
mem[X,0x000000008000017C] -> 0x0613
mem[X,0x000000008000017E] -> 0x1B76
[100] [M]: 0x000000008000017C (0x1B760613) addi a2, a2, 439
x12 <- 0xD5BFDDB7D5BFDDB7
mem[X,0x0000000080000180] -> 0xF6B7
mem[X,0x0000000080000182] -> 0xEADF
[101] [M]: 0x0000000080000180 (0xEADFF6B7) lui a3, 962047
x13 <- 0xFFFFFFFFEADFF000
mem[X,0x0000000080000184] -> 0x8693
mem[X,0x0000000080000186] -> 0xEDB6
[102] [M]: 0x0000000080000184 (0xEDB68693) addi a3, a3, 3803
x13 <- 0xFFFFFFFFEADFEEDB
mem[X,0x0000000080000188] -> 0x9693
mem[X,0x000000008000018A] -> 0x00B6
[103] [M]: 0x0000000080000188 (0x00B69693) slli a3, a3, 11
x13 <- 0xFFFFFF56FF76D800
mem[X,0x000000008000018C] -> 0x8693
mem[X,0x000000008000018E] -> 0x7566
[104] [M]: 0x000000008000018C (0x75668693) addi a3, a3, 1878
x13 <- 0xFFFFFF56FF76DF56
mem[X,0x0000000080000190] -> 0x9693
mem[X,0x0000000080000192] -> 0x00B6
[105] [M]: 0x0000000080000190 (0x00B69693) slli a3, a3, 11
x13 <- 0xFFFAB7FBB6FAB000
mem[X,0x0000000080000194] -> 0x8693
mem[X,0x0000000080000196] -> 0x7FB6
[106] [M]: 0x0000000080000194 (0x7FB68693) addi a3, a3, 2043
x13 <- 0xFFFAB7FBB6FAB7FB
mem[X,0x0000000080000198] -> 0x9693
mem[X,0x000000008000019A] -> 0x00A6
[107] [M]: 0x0000000080000198 (0x00A69693) slli a3, a3, 10
x13 <- 0xEADFEEDBEADFEC00
mem[X,0x000000008000019C] -> 0x8693
mem[X,0x000000008000019E] -> 0x2DB6
[108] [M]: 0x000000008000019C (0x2DB68693) addi a3, a3, 731
x13 <- 0xEADFEEDBEADFEEDB
mem[X,0x00000000800001A0] -> 0xF737
mem[X,0x00000000800001A2] -> 0xF56F
[109] [M]: 0x00000000800001A0 (0xF56FF737) lui a4, 1005311
x14 <- 0xFFFFFFFFF56FF000
mem[X,0x00000000800001A4] -> 0x0713
mem[X,0x00000000800001A6] -> 0x76D7
[110] [M]: 0x00000000800001A4 (0x76D70713) addi a4, a4, 1901
x14 <- 0xFFFFFFFFF56FF76D
mem[X,0x00000000800001A8] -> 0x1713
mem[X,0x00000000800001AA] -> 0x00B7
[111] [M]: 0x00000000800001A8 (0x00B71713) slli a4, a4, 11
x14 <- 0xFFFFFFAB7FBB6800
mem[X,0x00000000800001AC] -> 0x0713
mem[X,0x00000000800001AE] -> 0x7AB7
[112] [M]: 0x00000000800001AC (0x7AB70713) addi a4, a4, 1963
x14 <- 0xFFFFFFAB7FBB6FAB
mem[X,0x00000000800001B0] -> 0x1713
mem[X,0x00000000800001B2] -> 0x00B7
[113] [M]: 0x00000000800001B0 (0x00B71713) slli a4, a4, 11
x14 <- 0xFFFD5BFDDB7D5800
mem[X,0x00000000800001B4] -> 0x0713
mem[X,0x00000000800001B6] -> 0x3FD7
[114] [M]: 0x00000000800001B4 (0x3FD70713) addi a4, a4, 1021
x14 <- 0xFFFD5BFDDB7D5BFD
mem[X,0x00000000800001B8] -> 0x1713
mem[X,0x00000000800001BA] -> 0x00A7
[115] [M]: 0x00000000800001B8 (0x00A71713) slli a4, a4, 10
x14 <- 0xF56FF76DF56FF400
mem[X,0x00000000800001BC] -> 0x0713
mem[X,0x00000000800001BE] -> 0x36D7
[116] [M]: 0x00000000800001BC (0x36D70713) addi a4, a4, 877
x14 <- 0xF56FF76DF56FF76D
mem[X,0x00000000800001C0] -> 0x07B7
mem[X,0x00000000800001C2] -> 0xFAB8
[117] [M]: 0x00000000800001C0 (0xFAB807B7) lui a5, 1026944
x15 <- 0xFFFFFFFFFAB80000
mem[X,0x00000000800001C4] -> 0x8793
mem[X,0x00000000800001C6] -> 0xBB67
[118] [M]: 0x00000000800001C4 (0xBB678793) addi a5, a5, 2998
x15 <- 0xFFFFFFFFFAB7FBB6
mem[X,0x00000000800001C8] -> 0x9793
mem[X,0x00000000800001CA] -> 0x00B7
[119] [M]: 0x00000000800001C8 (0x00B79793) slli a5, a5, 11
x15 <- 0xFFFFFFD5BFDDB000
mem[X,0x00000000800001CC] -> 0x8793
mem[X,0x00000000800001CE] -> 0x7D57
[120] [M]: 0x00000000800001CC (0x7D578793) addi a5, a5, 2005
x15 <- 0xFFFFFFD5BFDDB7D5
mem[X,0x00000000800001D0] -> 0x9793
mem[X,0x00000000800001D2] -> 0x00B7
[121] [M]: 0x00000000800001D0 (0x00B79793) slli a5, a5, 11
x15 <- 0xFFFEADFEEDBEA800
mem[X,0x00000000800001D4] -> 0x8793
mem[X,0x00000000800001D6] -> 0x5FE7
[122] [M]: 0x00000000800001D4 (0x5FE78793) addi a5, a5, 1534
x15 <- 0xFFFEADFEEDBEADFE
mem[X,0x00000000800001D8] -> 0x9793
mem[X,0x00000000800001DA] -> 0x00A7
[123] [M]: 0x00000000800001D8 (0x00A79793) slli a5, a5, 10
x15 <- 0xFAB7FBB6FAB7F800
mem[X,0x00000000800001DC] -> 0x8793
mem[X,0x00000000800001DE] -> 0x3B67
[124] [M]: 0x00000000800001DC (0x3B678793) addi a5, a5, 950
x15 <- 0xFAB7FBB6FAB7FBB6
mem[X,0x00000000800001E0] -> 0x0837
mem[X,0x00000000800001E2] -> 0x7D5C
[125] [M]: 0x00000000800001E0 (0x7D5C0837) lui a6, 513472
x16 <- 0x000000007D5C0000
mem[X,0x00000000800001E4] -> 0x0813
mem[X,0x00000000800001E6] -> 0xDDB8
[126] [M]: 0x00000000800001E4 (0xDDB80813) addi a6, a6, 3547
x16 <- 0x000000007D5BFDDB
mem[X,0x00000000800001E8] -> 0x1813
mem[X,0x00000000800001EA] -> 0x00B8
[127] [M]: 0x00000000800001E8 (0x00B81813) slli a6, a6, 11
x16 <- 0x000003EADFEED800
mem[X,0x00000000800001EC] -> 0x0813
mem[X,0x00000000800001EE] -> 0x3EA8
[128] [M]: 0x00000000800001EC (0x3EA80813) addi a6, a6, 1002
x16 <- 0x000003EADFEEDBEA
mem[X,0x00000000800001F0] -> 0x1813
mem[X,0x00000000800001F2] -> 0x00B8
[129] [M]: 0x00000000800001F0 (0x00B81813) slli a6, a6, 11
x16 <- 0x001F56FF76DF5000
mem[X,0x00000000800001F4] -> 0x0813
mem[X,0x00000000800001F6] -> 0x6FF8
[130] [M]: 0x00000000800001F4 (0x6FF80813) addi a6, a6, 1791
x16 <- 0x001F56FF76DF56FF
mem[X,0x00000000800001F8] -> 0x1813
mem[X,0x00000000800001FA] -> 0x00A8
[131] [M]: 0x00000000800001F8 (0x00A81813) slli a6, a6, 10
x16 <- 0x7D5BFDDB7D5BFC00
mem[X,0x00000000800001FC] -> 0x0813
mem[X,0x00000000800001FE] -> 0x1DB8
[132] [M]: 0x00000000800001FC (0x1DB80813) addi a6, a6, 475
x16 <- 0x7D5BFDDB7D5BFDDB
mem[X,0x0000000080000200] -> 0x08B7
mem[X,0x0000000080000202] -> 0xBEAE
[133] [M]: 0x0000000080000200 (0xBEAE08B7) lui a7, 781024
x17 <- 0xFFFFFFFFBEAE0000
mem[X,0x0000000080000204] -> 0x8893
mem[X,0x0000000080000206] -> 0xEED8
[134] [M]: 0x0000000080000204 (0xEED88893) addi a7, a7, 3821
x17 <- 0xFFFFFFFFBEADFEED
mem[X,0x0000000080000208] -> 0x9893
mem[X,0x000000008000020A] -> 0x00B8
[135] [M]: 0x0000000080000208 (0x00B89893) slli a7, a7, 11
x17 <- 0xFFFFFDF56FF76800
mem[X,0x000000008000020C] -> 0x8893
mem[X,0x000000008000020E] -> 0x5F58
[136] [M]: 0x000000008000020C (0x5F588893) addi a7, a7, 1525
x17 <- 0xFFFFFDF56FF76DF5
mem[X,0x0000000080000210] -> 0x9893
mem[X,0x0000000080000212] -> 0x00B8
[137] [M]: 0x0000000080000210 (0x00B89893) slli a7, a7, 11
x17 <- 0xFFEFAB7FBB6FA800
mem[X,0x0000000080000214] -> 0x8893
mem[X,0x0000000080000216] -> 0x37F8
[138] [M]: 0x0000000080000214 (0x37F88893) addi a7, a7, 895
x17 <- 0xFFEFAB7FBB6FAB7F
mem[X,0x0000000080000218] -> 0x9893
mem[X,0x000000008000021A] -> 0x00A8
[139] [M]: 0x0000000080000218 (0x00A89893) slli a7, a7, 10
x17 <- 0xBEADFEEDBEADFC00
mem[X,0x000000008000021C] -> 0x8893
mem[X,0x000000008000021E] -> 0x2ED8
[140] [M]: 0x000000008000021C (0x2ED88893) addi a7, a7, 749
x17 <- 0xBEADFEEDBEADFEED
mem[X,0x0000000080000220] -> 0x0937
mem[X,0x0000000080000222] -> 0xDF57
[141] [M]: 0x0000000080000220 (0xDF570937) lui s2, 914800
x18 <- 0xFFFFFFFFDF570000
mem[X,0x0000000080000224] -> 0x0913
mem[X,0x0000000080000226] -> 0xF769
[142] [M]: 0x0000000080000224 (0xF7690913) addi s2, s2, 3958
x18 <- 0xFFFFFFFFDF56FF76
mem[X,0x0000000080000228] -> 0x1913
mem[X,0x000000008000022A] -> 0x00B9
[143] [M]: 0x0000000080000228 (0x00B91913) slli s2, s2, 11
x18 <- 0xFFFFFEFAB7FBB000
mem[X,0x000000008000022C] -> 0x0913
mem[X,0x000000008000022E] -> 0x6FA9
[144] [M]: 0x000000008000022C (0x6FA90913) addi s2, s2, 1786
x18 <- 0xFFFFFEFAB7FBB6FA
mem[X,0x0000000080000230] -> 0x1913
mem[X,0x0000000080000232] -> 0x00B9
[145] [M]: 0x0000000080000230 (0x00B91913) slli s2, s2, 11
x18 <- 0xFFF7D5BFDDB7D000
mem[X,0x0000000080000234] -> 0x0913
mem[X,0x0000000080000236] -> 0x5BF9
[146] [M]: 0x0000000080000234 (0x5BF90913) addi s2, s2, 1471
x18 <- 0xFFF7D5BFDDB7D5BF
mem[X,0x0000000080000238] -> 0x1913
mem[X,0x000000008000023A] -> 0x00A9
[147] [M]: 0x0000000080000238 (0x00A91913) slli s2, s2, 10
x18 <- 0xDF56FF76DF56FC00
mem[X,0x000000008000023C] -> 0x0913
mem[X,0x000000008000023E] -> 0x3769
[148] [M]: 0x000000008000023C (0x37690913) addi s2, s2, 886
x18 <- 0xDF56FF76DF56FF76
mem[X,0x0000000080000240] -> 0x89B7
mem[X,0x0000000080000242] -> 0x6FAB
[149] [M]: 0x0000000080000240 (0x6FAB89B7) lui s3, 457400
x19 <- 0x000000006FAB8000
mem[X,0x0000000080000244] -> 0x8993
mem[X,0x0000000080000246] -> 0xFBB9
[150] [M]: 0x0000000080000244 (0xFBB98993) addi s3, s3, 4027
x19 <- 0x000000006FAB7FBB
mem[X,0x0000000080000248] -> 0x9993
mem[X,0x000000008000024A] -> 0x00B9
[151] [M]: 0x0000000080000248 (0x00B99993) slli s3, s3, 11
x19 <- 0x0000037D5BFDD800
mem[X,0x000000008000024C] -> 0x8993
mem[X,0x000000008000024E] -> 0x37D9
[152] [M]: 0x000000008000024C (0x37D98993) addi s3, s3, 893
x19 <- 0x0000037D5BFDDB7D
mem[X,0x0000000080000250] -> 0x9993
mem[X,0x0000000080000252] -> 0x00B9
[153] [M]: 0x0000000080000250 (0x00B99993) slli s3, s3, 11
x19 <- 0x001BEADFEEDBE800
mem[X,0x0000000080000254] -> 0x8993
mem[X,0x0000000080000256] -> 0x2DF9
[154] [M]: 0x0000000080000254 (0x2DF98993) addi s3, s3, 735
x19 <- 0x001BEADFEEDBEADF
mem[X,0x0000000080000258] -> 0x9993
mem[X,0x000000008000025A] -> 0x00A9
[155] [M]: 0x0000000080000258 (0x00A99993) slli s3, s3, 10
x19 <- 0x6FAB7FBB6FAB7C00
mem[X,0x000000008000025C] -> 0x8993
mem[X,0x000000008000025E] -> 0x3BB9
[156] [M]: 0x000000008000025C (0x3BB98993) addi s3, s3, 955
x19 <- 0x6FAB7FBB6FAB7FBB
mem[X,0x0000000080000260] -> 0xCA37
mem[X,0x0000000080000262] -> 0xB7D5
[157] [M]: 0x0000000080000260 (0xB7D5CA37) lui s4, 752988
x20 <- 0xFFFFFFFFB7D5C000
mem[X,0x0000000080000264] -> 0x0A13
mem[X,0x0000000080000266] -> 0xFDDA
[158] [M]: 0x0000000080000264 (0xFDDA0A13) addi s4, s4, 4061
x20 <- 0xFFFFFFFFB7D5BFDD
mem[X,0x0000000080000268] -> 0x1A13
mem[X,0x000000008000026A] -> 0x00BA
[159] [M]: 0x0000000080000268 (0x00BA1A13) slli s4, s4, 11
x20 <- 0xFFFFFDBEADFEE800
mem[X,0x000000008000026C] -> 0x0A13
mem[X,0x000000008000026E] -> 0x5BEA
[160] [M]: 0x000000008000026C (0x5BEA0A13) addi s4, s4, 1470
x20 <- 0xFFFFFDBEADFEEDBE
mem[X,0x0000000080000270] -> 0x1A13
mem[X,0x0000000080000272] -> 0x00BA
[161] [M]: 0x0000000080000270 (0x00BA1A13) slli s4, s4, 11
x20 <- 0xFFEDF56FF76DF000
mem[X,0x0000000080000274] -> 0x0A13
mem[X,0x0000000080000276] -> 0x56FA
[162] [M]: 0x0000000080000274 (0x56FA0A13) addi s4, s4, 1391
x20 <- 0xFFEDF56FF76DF56F
mem[X,0x0000000080000278] -> 0x1A13
mem[X,0x000000008000027A] -> 0x00AA
[163] [M]: 0x0000000080000278 (0x00AA1A13) slli s4, s4, 10
x20 <- 0xB7D5BFDDB7D5BC00
mem[X,0x000000008000027C] -> 0x0A13
mem[X,0x000000008000027E] -> 0x3DDA
[164] [M]: 0x000000008000027C (0x3DDA0A13) addi s4, s4, 989
x20 <- 0xB7D5BFDDB7D5BFDD
mem[X,0x0000000080000280] -> 0xEAB7
mem[X,0x0000000080000282] -> 0xDBEA
[165] [M]: 0x0000000080000280 (0xDBEAEAB7) lui s5, 900782
x21 <- 0xFFFFFFFFDBEAE000
mem[X,0x0000000080000284] -> 0x8A93
mem[X,0x0000000080000286] -> 0xFEEA
[166] [M]: 0x0000000080000284 (0xFEEA8A93) addi s5, s5, 4078
x21 <- 0xFFFFFFFFDBEADFEE
mem[X,0x0000000080000288] -> 0x9A93
mem[X,0x000000008000028A] -> 0x00BA
[167] [M]: 0x0000000080000288 (0x00BA9A93) slli s5, s5, 11
x21 <- 0xFFFFFEDF56FF7000
mem[X,0x000000008000028C] -> 0x8A93
mem[X,0x000000008000028E] -> 0x6DFA
[168] [M]: 0x000000008000028C (0x6DFA8A93) addi s5, s5, 1759
x21 <- 0xFFFFFEDF56FF76DF
mem[X,0x0000000080000290] -> 0x9A93
mem[X,0x0000000080000292] -> 0x00BA
[169] [M]: 0x0000000080000290 (0x00BA9A93) slli s5, s5, 11
x21 <- 0xFFF6FAB7FBB6F800
mem[X,0x0000000080000294] -> 0x8A93
mem[X,0x0000000080000296] -> 0x2B7A
[170] [M]: 0x0000000080000294 (0x2B7A8A93) addi s5, s5, 695
x21 <- 0xFFF6FAB7FBB6FAB7
mem[X,0x0000000080000298] -> 0x9A93
mem[X,0x000000008000029A] -> 0x00AA
[171] [M]: 0x0000000080000298 (0x00AA9A93) slli s5, s5, 10
x21 <- 0xDBEADFEEDBEADC00
mem[X,0x000000008000029C] -> 0x8A93
mem[X,0x000000008000029E] -> 0x3EEA
[172] [M]: 0x000000008000029C (0x3EEA8A93) addi s5, s5, 1006
x21 <- 0xDBEADFEEDBEADFEE
mem[X,0x00000000800002A0] -> 0x7B37
mem[X,0x00000000800002A2] -> 0x6DF5
[173] [M]: 0x00000000800002A0 (0x6DF57B37) lui s6, 450391
x22 <- 0x000000006DF57000
mem[X,0x00000000800002A4] -> 0x0B13
mem[X,0x00000000800002A6] -> 0xFF7B
[174] [M]: 0x00000000800002A4 (0xFF7B0B13) addi s6, s6, 4087
x22 <- 0x000000006DF56FF7
mem[X,0x00000000800002A8] -> 0x1B13
mem[X,0x00000000800002AA] -> 0x00BB
[175] [M]: 0x00000000800002A8 (0x00BB1B13) slli s6, s6, 11
x22 <- 0x0000036FAB7FB800
mem[X,0x00000000800002AC] -> 0x0B13
mem[X,0x00000000800002AE] -> 0x36FB
[176] [M]: 0x00000000800002AC (0x36FB0B13) addi s6, s6, 879
x22 <- 0x0000036FAB7FBB6F
mem[X,0x00000000800002B0] -> 0x1B13
mem[X,0x00000000800002B2] -> 0x00BB
[177] [M]: 0x00000000800002B0 (0x00BB1B13) slli s6, s6, 11
x22 <- 0x001B7D5BFDDB7800
mem[X,0x00000000800002B4] -> 0x0B13
mem[X,0x00000000800002B6] -> 0x55BB
[178] [M]: 0x00000000800002B4 (0x55BB0B13) addi s6, s6, 1371
x22 <- 0x001B7D5BFDDB7D5B
mem[X,0x00000000800002B8] -> 0x1B13
mem[X,0x00000000800002BA] -> 0x00AB
[179] [M]: 0x00000000800002B8 (0x00AB1B13) slli s6, s6, 10
x22 <- 0x6DF56FF76DF56C00
mem[X,0x00000000800002BC] -> 0x0B13
mem[X,0x00000000800002BE] -> 0x3F7B
[180] [M]: 0x00000000800002BC (0x3F7B0B13) addi s6, s6, 1015
x22 <- 0x6DF56FF76DF56FF7
mem[X,0x00000000800002C0] -> 0xBBB7
mem[X,0x00000000800002C2] -> 0xB6FA
[181] [M]: 0x00000000800002C0 (0xB6FABBB7) lui s7, 749483
x23 <- 0xFFFFFFFFB6FAB000
mem[X,0x00000000800002C4] -> 0x8B93
mem[X,0x00000000800002C6] -> 0x7FBB
[182] [M]: 0x00000000800002C4 (0x7FBB8B93) addi s7, s7, 2043
x23 <- 0xFFFFFFFFB6FAB7FB
mem[X,0x00000000800002C8] -> 0x9B93
mem[X,0x00000000800002CA] -> 0x00BB
[183] [M]: 0x00000000800002C8 (0x00BB9B93) slli s7, s7, 11
x23 <- 0xFFFFFDB7D5BFD800
mem[X,0x00000000800002CC] -> 0x8B93
mem[X,0x00000000800002CE] -> 0x5B7B
[184] [M]: 0x00000000800002CC (0x5B7B8B93) addi s7, s7, 1463
x23 <- 0xFFFFFDB7D5BFDDB7
mem[X,0x00000000800002D0] -> 0x9B93
mem[X,0x00000000800002D2] -> 0x00BB
[185] [M]: 0x00000000800002D0 (0x00BB9B93) slli s7, s7, 11
x23 <- 0xFFEDBEADFEEDB800
mem[X,0x00000000800002D4] -> 0x8B93
mem[X,0x00000000800002D6] -> 0x6ADB
[186] [M]: 0x00000000800002D4 (0x6ADB8B93) addi s7, s7, 1709
x23 <- 0xFFEDBEADFEEDBEAD
mem[X,0x00000000800002D8] -> 0x9B93
mem[X,0x00000000800002DA] -> 0x00AB
[187] [M]: 0x00000000800002D8 (0x00AB9B93) slli s7, s7, 10
x23 <- 0xB6FAB7FBB6FAB400
mem[X,0x00000000800002DC] -> 0x8B93
mem[X,0x00000000800002DE] -> 0x3FBB
[188] [M]: 0x00000000800002DC (0x3FBB8B93) addi s7, s7, 1019
x23 <- 0xB6FAB7FBB6FAB7FB
mem[X,0x00000000800002E0] -> 0x6C37
mem[X,0x00000000800002E2] -> 0xDB7D
[189] [M]: 0x00000000800002E0 (0xDB7D6C37) lui s8, 899030
x24 <- 0xFFFFFFFFDB7D6000
mem[X,0x00000000800002E4] -> 0x0C13
mem[X,0x00000000800002E6] -> 0xBFDC
[190] [M]: 0x00000000800002E4 (0xBFDC0C13) addi s8, s8, 3069
x24 <- 0xFFFFFFFFDB7D5BFD
mem[X,0x00000000800002E8] -> 0x1C13
mem[X,0x00000000800002EA] -> 0x00BC
[191] [M]: 0x00000000800002E8 (0x00BC1C13) slli s8, s8, 11
x24 <- 0xFFFFFEDBEADFE800
mem[X,0x00000000800002EC] -> 0x0C13
mem[X,0x00000000800002EE] -> 0x6DBC
[192] [M]: 0x00000000800002EC (0x6DBC0C13) addi s8, s8, 1755
x24 <- 0xFFFFFEDBEADFEEDB
mem[X,0x00000000800002F0] -> 0x1C13
mem[X,0x00000000800002F2] -> 0x00BC
[193] [M]: 0x00000000800002F0 (0x00BC1C13) slli s8, s8, 11
x24 <- 0xFFF6DF56FF76D800
mem[X,0x00000000800002F4] -> 0x0C13
mem[X,0x00000000800002F6] -> 0x756C
[194] [M]: 0x00000000800002F4 (0x756C0C13) addi s8, s8, 1878
x24 <- 0xFFF6DF56FF76DF56
mem[X,0x00000000800002F8] -> 0x1C13
mem[X,0x00000000800002FA] -> 0x00AC
[195] [M]: 0x00000000800002F8 (0x00AC1C13) slli s8, s8, 10
x24 <- 0xDB7D5BFDDB7D5800
mem[X,0x00000000800002FC] -> 0x0C13
mem[X,0x00000000800002FE] -> 0x3FDC
[196] [M]: 0x00000000800002FC (0x3FDC0C13) addi s8, s8, 1021
x24 <- 0xDB7D5BFDDB7D5BFD
mem[X,0x0000000080000300] -> 0xBCB7
mem[X,0x0000000080000302] -> 0xEDBE
[197] [M]: 0x0000000080000300 (0xEDBEBCB7) lui s9, 973803
x25 <- 0xFFFFFFFFEDBEB000
mem[X,0x0000000080000304] -> 0x8C93
mem[X,0x0000000080000306] -> 0xDFEC
[198] [M]: 0x0000000080000304 (0xDFEC8C93) addi s9, s9, 3582
x25 <- 0xFFFFFFFFEDBEADFE
mem[X,0x0000000080000308] -> 0x9C93
mem[X,0x000000008000030A] -> 0x00BC
[199] [M]: 0x0000000080000308 (0x00BC9C93) slli s9, s9, 11
x25 <- 0xFFFFFF6DF56FF000
clint::tick mtime <- 0x0000000000000002
 clint timer pending at mtime 0x0000000000000002
htif::tick 0x0000000000000000
mem[X,0x000000008000030C] -> 0x8C93
mem[X,0x000000008000030E] -> 0x76DC
[200] [M]: 0x000000008000030C (0x76DC8C93) addi s9, s9, 1901
x25 <- 0xFFFFFF6DF56FF76D
mem[X,0x0000000080000310] -> 0x9C93
mem[X,0x0000000080000312] -> 0x00BC
[201] [M]: 0x0000000080000310 (0x00BC9C93) slli s9, s9, 11
x25 <- 0xFFFB6FAB7FBB6800
mem[X,0x0000000080000314] -> 0x8C93
mem[X,0x0000000080000316] -> 0x7ABC
[202] [M]: 0x0000000080000314 (0x7ABC8C93) addi s9, s9, 1963
x25 <- 0xFFFB6FAB7FBB6FAB
mem[X,0x0000000080000318] -> 0x9C93
mem[X,0x000000008000031A] -> 0x00AC
[203] [M]: 0x0000000080000318 (0x00AC9C93) slli s9, s9, 10
x25 <- 0xEDBEADFEEDBEAC00
mem[X,0x000000008000031C] -> 0x8C93
mem[X,0x000000008000031E] -> 0x1FEC
[204] [M]: 0x000000008000031C (0x1FEC8C93) addi s9, s9, 510
x25 <- 0xEDBEADFEEDBEADFE
mem[X,0x0000000080000320] -> 0x5D37
mem[X,0x0000000080000322] -> 0x76DF
[205] [M]: 0x0000000080000320 (0x76DF5D37) lui s10, 486901
x26 <- 0x0000000076DF5000
mem[X,0x0000000080000324] -> 0x0D13
mem[X,0x0000000080000326] -> 0x6FFD
[206] [M]: 0x0000000080000324 (0x6FFD0D13) addi s10, s10, 1791
x26 <- 0x0000000076DF56FF
mem[X,0x0000000080000328] -> 0x1D13
mem[X,0x000000008000032A] -> 0x00BD
[207] [M]: 0x0000000080000328 (0x00BD1D13) slli s10, s10, 11
x26 <- 0x000003B6FAB7F800
mem[X,0x000000008000032C] -> 0x0D13
mem[X,0x000000008000032E] -> 0x3B6D
[208] [M]: 0x000000008000032C (0x3B6D0D13) addi s10, s10, 950
x26 <- 0x000003B6FAB7FBB6
mem[X,0x0000000080000330] -> 0x1D13
mem[X,0x0000000080000332] -> 0x00BD
[209] [M]: 0x0000000080000330 (0x00BD1D13) slli s10, s10, 11
x26 <- 0x001DB7D5BFDDB000
mem[X,0x0000000080000334] -> 0x0D13
mem[X,0x0000000080000336] -> 0x7D5D
[210] [M]: 0x0000000080000334 (0x7D5D0D13) addi s10, s10, 2005
x26 <- 0x001DB7D5BFDDB7D5
mem[X,0x0000000080000338] -> 0x1D13
mem[X,0x000000008000033A] -> 0x00AD
[211] [M]: 0x0000000080000338 (0x00AD1D13) slli s10, s10, 10
x26 <- 0x76DF56FF76DF5400
mem[X,0x000000008000033C] -> 0x0D13
mem[X,0x000000008000033E] -> 0x2FFD
[212] [M]: 0x000000008000033C (0x2FFD0D13) addi s10, s10, 767
x26 <- 0x76DF56FF76DF56FF
mem[X,0x0000000080000340] -> 0xBDB7
mem[X,0x0000000080000342] -> 0xBB6F
[213] [M]: 0x0000000080000340 (0xBB6FBDB7) lui s11, 767739
x27 <- 0xFFFFFFFFBB6FB000
mem[X,0x0000000080000344] -> 0x8D93
mem[X,0x0000000080000346] -> 0xB7FD
[214] [M]: 0x0000000080000344 (0xB7FD8D93) addi s11, s11, 2943
x27 <- 0xFFFFFFFFBB6FAB7F
mem[X,0x0000000080000348] -> 0x9D93
mem[X,0x000000008000034A] -> 0x00BD
[215] [M]: 0x0000000080000348 (0x00BD9D93) slli s11, s11, 11
x27 <- 0xFFFFFDDB7D5BF800
mem[X,0x000000008000034C] -> 0x8D93
mem[X,0x000000008000034E] -> 0x5DBD
[216] [M]: 0x000000008000034C (0x5DBD8D93) addi s11, s11, 1499
x27 <- 0xFFFFFDDB7D5BFDDB
mem[X,0x0000000080000350] -> 0x9D93
mem[X,0x0000000080000352] -> 0x00BD
[217] [M]: 0x0000000080000350 (0x00BD9D93) slli s11, s11, 11
x27 <- 0xFFEEDBEADFEED800
mem[X,0x0000000080000354] -> 0x8D93
mem[X,0x0000000080000356] -> 0x3EAD
[218] [M]: 0x0000000080000354 (0x3EAD8D93) addi s11, s11, 1002
x27 <- 0xFFEEDBEADFEEDBEA
mem[X,0x0000000080000358] -> 0x9D93
mem[X,0x000000008000035A] -> 0x00AD
[219] [M]: 0x0000000080000358 (0x00AD9D93) slli s11, s11, 10
x27 <- 0xBB6FAB7FBB6FA800
mem[X,0x000000008000035C] -> 0x8D93
mem[X,0x000000008000035E] -> 0x37FD
[220] [M]: 0x000000008000035C (0x37FD8D93) addi s11, s11, 895
x27 <- 0xBB6FAB7FBB6FAB7F
mem[X,0x0000000080000360] -> 0xDE37
mem[X,0x0000000080000362] -> 0xDDB7
[221] [M]: 0x0000000080000360 (0xDDB7DE37) lui t3, 908157
x28 <- 0xFFFFFFFFDDB7D000
mem[X,0x0000000080000364] -> 0x0E13
mem[X,0x0000000080000366] -> 0x5BFE
[222] [M]: 0x0000000080000364 (0x5BFE0E13) addi t3, t3, 1471
x28 <- 0xFFFFFFFFDDB7D5BF
mem[X,0x0000000080000368] -> 0x1E13
mem[X,0x000000008000036A] -> 0x00BE
[223] [M]: 0x0000000080000368 (0x00BE1E13) slli t3, t3, 11
x28 <- 0xFFFFFEEDBEADF800
mem[X,0x000000008000036C] -> 0x0E13
mem[X,0x000000008000036E] -> 0x6EDE
[224] [M]: 0x000000008000036C (0x6EDE0E13) addi t3, t3, 1773
x28 <- 0xFFFFFEEDBEADFEED
mem[X,0x0000000080000370] -> 0x1E13
mem[X,0x0000000080000372] -> 0x00BE
[225] [M]: 0x0000000080000370 (0x00BE1E13) slli t3, t3, 11
x28 <- 0xFFF76DF56FF76800
mem[X,0x0000000080000374] -> 0x0E13
mem[X,0x0000000080000376] -> 0x5F5E
[226] [M]: 0x0000000080000374 (0x5F5E0E13) addi t3, t3, 1525
x28 <- 0xFFF76DF56FF76DF5
mem[X,0x0000000080000378] -> 0x1E13
mem[X,0x000000008000037A] -> 0x00AE
[227] [M]: 0x0000000080000378 (0x00AE1E13) slli t3, t3, 10
x28 <- 0xDDB7D5BFDDB7D400
mem[X,0x000000008000037C] -> 0x0E13
mem[X,0x000000008000037E] -> 0x1BFE
[228] [M]: 0x000000008000037C (0x1BFE0E13) addi t3, t3, 447
x28 <- 0xDDB7D5BFDDB7D5BF
mem[X,0x0000000080000380] -> 0xFEB7
mem[X,0x0000000080000382] -> 0xEEDB
[229] [M]: 0x0000000080000380 (0xEEDBFEB7) lui t4, 978367
x29 <- 0xFFFFFFFFEEDBF000
mem[X,0x0000000080000384] -> 0x8E93
mem[X,0x0000000080000386] -> 0xADFE
[230] [M]: 0x0000000080000384 (0xADFE8E93) addi t4, t4, 2783
x29 <- 0xFFFFFFFFEEDBEADF
mem[X,0x0000000080000388] -> 0x9E93
mem[X,0x000000008000038A] -> 0x00BE
[231] [M]: 0x0000000080000388 (0x00BE9E93) slli t4, t4, 11
x29 <- 0xFFFFFF76DF56F800
mem[X,0x000000008000038C] -> 0x8E93
mem[X,0x000000008000038E] -> 0x776E
[232] [M]: 0x000000008000038C (0x776E8E93) addi t4, t4, 1910
x29 <- 0xFFFFFF76DF56FF76
mem[X,0x0000000080000390] -> 0x9E93
mem[X,0x0000000080000392] -> 0x00BE
[233] [M]: 0x0000000080000390 (0x00BE9E93) slli t4, t4, 11
x29 <- 0xFFFBB6FAB7FBB000
mem[X,0x0000000080000394] -> 0x8E93
mem[X,0x0000000080000396] -> 0x6FAE
[234] [M]: 0x0000000080000394 (0x6FAE8E93) addi t4, t4, 1786
x29 <- 0xFFFBB6FAB7FBB6FA
mem[X,0x0000000080000398] -> 0x9E93
mem[X,0x000000008000039A] -> 0x00AE
[235] [M]: 0x0000000080000398 (0x00AE9E93) slli t4, t4, 10
x29 <- 0xEEDBEADFEEDBE800
mem[X,0x000000008000039C] -> 0x8E93
mem[X,0x000000008000039E] -> 0x2DFE
[236] [M]: 0x000000008000039C (0x2DFE8E93) addi t4, t4, 735
x29 <- 0xEEDBEADFEEDBEADF
mem[X,0x00000000800003A0] -> 0xFF37
mem[X,0x00000000800003A2] -> 0xF76D
[237] [M]: 0x00000000800003A0 (0xF76DFF37) lui t5, 1013471
x30 <- 0xFFFFFFFFF76DF000
mem[X,0x00000000800003A4] -> 0x0F13
mem[X,0x00000000800003A6] -> 0x56FF
[238] [M]: 0x00000000800003A4 (0x56FF0F13) addi t5, t5, 1391
x30 <- 0xFFFFFFFFF76DF56F
mem[X,0x00000000800003A8] -> 0x1F13
mem[X,0x00000000800003AA] -> 0x00BF
[239] [M]: 0x00000000800003A8 (0x00BF1F13) slli t5, t5, 11
x30 <- 0xFFFFFFBB6FAB7800
mem[X,0x00000000800003AC] -> 0x0F13
mem[X,0x00000000800003AE] -> 0x7BBF
[240] [M]: 0x00000000800003AC (0x7BBF0F13) addi t5, t5, 1979
x30 <- 0xFFFFFFBB6FAB7FBB
mem[X,0x00000000800003B0] -> 0x1F13
mem[X,0x00000000800003B2] -> 0x00BF
[241] [M]: 0x00000000800003B0 (0x00BF1F13) slli t5, t5, 11
x30 <- 0xFFFDDB7D5BFDD800
mem[X,0x00000000800003B4] -> 0x0F13
mem[X,0x00000000800003B6] -> 0x37DF
[242] [M]: 0x00000000800003B4 (0x37DF0F13) addi t5, t5, 893
x30 <- 0xFFFDDB7D5BFDDB7D
mem[X,0x00000000800003B8] -> 0x1F13
mem[X,0x00000000800003BA] -> 0x00AF
[243] [M]: 0x00000000800003B8 (0x00AF1F13) slli t5, t5, 10
x30 <- 0xF76DF56FF76DF400
mem[X,0x00000000800003BC] -> 0x0F13
mem[X,0x00000000800003BE] -> 0x16FF
[244] [M]: 0x00000000800003BC (0x16FF0F13) addi t5, t5, 367
x30 <- 0xF76DF56FF76DF56F
mem[X,0x00000000800003C0] -> 0x0FB7
mem[X,0x00000000800003C2] -> 0xFBB7
[245] [M]: 0x00000000800003C0 (0xFBB70FB7) lui t6, 1031024
x31 <- 0xFFFFFFFFFBB70000
mem[X,0x00000000800003C4] -> 0x8F93
mem[X,0x00000000800003C6] -> 0xAB7F
[246] [M]: 0x00000000800003C4 (0xAB7F8F93) addi t6, t6, 2743
x31 <- 0xFFFFFFFFFBB6FAB7
mem[X,0x00000000800003C8] -> 0x9F93
mem[X,0x00000000800003CA] -> 0x00BF
[247] [M]: 0x00000000800003C8 (0x00BF9F93) slli t6, t6, 11
x31 <- 0xFFFFFFDDB7D5B800
mem[X,0x00000000800003CC] -> 0x8F93
mem[X,0x00000000800003CE] -> 0x7DDF
[248] [M]: 0x00000000800003CC (0x7DDF8F93) addi t6, t6, 2013
x31 <- 0xFFFFFFDDB7D5BFDD
mem[X,0x00000000800003D0] -> 0x9F93
mem[X,0x00000000800003D2] -> 0x00BF
[249] [M]: 0x00000000800003D0 (0x00BF9F93) slli t6, t6, 11
x31 <- 0xFFFEEDBEADFEE800
mem[X,0x00000000800003D4] -> 0x8F93
mem[X,0x00000000800003D6] -> 0x5BEF
[250] [M]: 0x00000000800003D4 (0x5BEF8F93) addi t6, t6, 1470
x31 <- 0xFFFEEDBEADFEEDBE
mem[X,0x00000000800003D8] -> 0x9F93
mem[X,0x00000000800003DA] -> 0x00AF
[251] [M]: 0x00000000800003D8 (0x00AF9F93) slli t6, t6, 10
x31 <- 0xFBB6FAB7FBB6F800
mem[X,0x00000000800003DC] -> 0x8F93
mem[X,0x00000000800003DE] -> 0x2B7F
[252] [M]: 0x00000000800003DC (0x2B7F8F93) addi t6, t6, 695
x31 <- 0xFBB6FAB7FBB6FAB7
mem[X,0x00000000800003E0] -> 0x9917
mem[X,0x00000000800003E2] -> 0x0004
[253] [M]: 0x00000000800003E0 (0x00049917) auipc s2, 73
x18 <- 0x00000000800493E0
mem[X,0x00000000800003E4] -> 0x0913
mem[X,0x00000000800003E6] -> 0xD389
[254] [M]: 0x00000000800003E4 (0xD3890913) addi s2, s2, 3384
x18 <- 0x0000000080049118
mem[X,0x00000000800003E8] -> 0x0013
mem[X,0x00000000800003EA] -> 0x0000
[255] [M]: 0x00000000800003E8 (0x00000013) addi zero, zero, 0
mem[X,0x00000000800003EC] -> 0x0013
mem[X,0x00000000800003EE] -> 0x0000
[256] [M]: 0x00000000800003EC (0x00000013) addi zero, zero, 0
mem[X,0x00000000800003F0] -> 0x0013
mem[X,0x00000000800003F2] -> 0x0000
[257] [M]: 0x00000000800003F0 (0x00000013) addi zero, zero, 0
mem[X,0x00000000800003F4] -> 0x0013
mem[X,0x00000000800003F6] -> 0x0000
[258] [M]: 0x00000000800003F4 (0x00000013) addi zero, zero, 0
mem[X,0x00000000800003F8] -> 0x0013
mem[X,0x00000000800003FA] -> 0x0000
[259] [M]: 0x00000000800003F8 (0x00000013) addi zero, zero, 0
mem[X,0x00000000800003FC] -> 0x0013
mem[X,0x00000000800003FE] -> 0x0000
[260] [M]: 0x00000000800003FC (0x00000013) addi zero, zero, 0
mem[X,0x0000000080000400] -> 0x0D93
mem[X,0x0000000080000402] -> 0x0010
[261] [M]: 0x0000000080000400 (0x00100D93) addi s11, zero, 1
x27 <- 0x0000000000000001
mem[X,0x0000000080000404] -> 0x9D93
mem[X,0x0000000080000406] -> 0x034D
[262] [M]: 0x0000000080000404 (0x034D9D93) slli s11, s11, 52
x27 <- 0x0010000000000000
mem[X,0x0000000080000408] -> 0x0013
mem[X,0x000000008000040A] -> 0x0000
[263] [M]: 0x0000000080000408 (0x00000013) addi zero, zero, 0
mem[X,0x000000008000040C] -> 0x0A93
mem[X,0x000000008000040E] -> 0x0000
[264] [M]: 0x000000008000040C (0x00000A93) addi s5, zero, 0
x21 <- 0x0000000000000000
mem[X,0x0000000080000410] -> 0x006F
mem[X,0x0000000080000412] -> 0x00C0
[265] [M]: 0x0000000080000410 (0x00C0006F) jal zero, 12
mem[X,0x000000008000041C] -> 0xD063
mem[X,0x000000008000041E] -> 0x080D
[266] [M]: 0x000000008000041C (0x080DD063) bge s11, zero, 128
mem[X,0x000000008000049C] -> 0x8A93
mem[X,0x000000008000049E] -> 0x003A
[267] [M]: 0x000000008000049C (0x003A8A93) addi s5, s5, 3
x21 <- 0x0000000000000003
mem[X,0x00000000800004A0] -> 0x006F
mem[X,0x00000000800004A2] -> 0x0040
[268] [M]: 0x00000000800004A0 (0x0040006F) jal zero, 4
mem[X,0x00000000800004A4] -> 0x3023
mem[X,0x00000000800004A6] -> 0x0159
[269] [M]: 0x00000000800004A4 (0x01593023) sd s5, 0(s2)
mem[0x0000000080049118] <- 0x0000000000000003
mem[X,0x00000000800004A8] -> 0x0413
mem[X,0x00000000800004AA] -> 0x0080
[270] [M]: 0x00000000800004A8 (0x00800413) addi fp, zero, 8
x8 <- 0x0000000000000008
mem[X,0x00000000800004AC] -> 0x0413
mem[X,0x00000000800004AE] -> 0x0080
[271] [M]: 0x00000000800004AC (0x00800413) addi fp, zero, 8
x8 <- 0x0000000000000008
mem[X,0x00000000800004B0] -> 0x0A93
mem[X,0x00000000800004B2] -> 0x0000
[272] [M]: 0x00000000800004B0 (0x00000A93) addi s5, zero, 0
x21 <- 0x0000000000000000
mem[X,0x00000000800004B4] -> 0x006F
mem[X,0x00000000800004B6] -> 0x00C0
[273] [M]: 0x00000000800004B4 (0x00C0006F) jal zero, 12
mem[X,0x00000000800004C0] -> 0x5063
mem[X,0x00000000800004C2] -> 0x2084
[274] [M]: 0x00000000800004C0 (0x20845063) bge fp, fp, 512
mem[X,0x00000000800006C0] -> 0x8A93
mem[X,0x00000000800006C2] -> 0x003A
[275] [M]: 0x00000000800006C0 (0x003A8A93) addi s5, s5, 3
x21 <- 0x0000000000000003
mem[X,0x00000000800006C4] -> 0x006F
mem[X,0x00000000800006C6] -> 0x0040
[276] [M]: 0x00000000800006C4 (0x0040006F) jal zero, 4
mem[X,0x00000000800006C8] -> 0x3423
mem[X,0x00000000800006CA] -> 0x0159
[277] [M]: 0x00000000800006C8 (0x01593423) sd s5, 8(s2)
mem[0x0000000080049120] <- 0x0000000000000003
mem[X,0x00000000800006CC] -> 0x0113
mem[X,0x00000000800006CE] -> 0x0010
[278] [M]: 0x00000000800006CC (0x00100113) addi sp, zero, 1
x2 <- 0x0000000000000001
mem[X,0x00000000800006D0] -> 0x1113
mem[X,0x00000000800006D2] -> 0x02A1
[279] [M]: 0x00000000800006D0 (0x02A11113) slli sp, sp, 42
x2 <- 0x0000040000000000
mem[X,0x00000000800006D4] -> 0x4113
mem[X,0x00000000800006D6] -> 0xFFF1
[280] [M]: 0x00000000800006D4 (0xFFF14113) xori sp, sp, 4095
x2 <- 0xFFFFFBFFFFFFFFFF
mem[X,0x00000000800006D8] -> 0x0D93
mem[X,0x00000000800006DA] -> 0xFFB0
[281] [M]: 0x00000000800006D8 (0xFFB00D93) addi s11, zero, 4091
x27 <- 0xFFFFFFFFFFFFFFFB
mem[X,0x00000000800006DC] -> 0x0A93
mem[X,0x00000000800006DE] -> 0x0000
[282] [M]: 0x00000000800006DC (0x00000A93) addi s5, zero, 0
x21 <- 0x0000000000000000
mem[X,0x00000000800006E0] -> 0x006F
mem[X,0x00000000800006E2] -> 0x00C0
[283] [M]: 0x00000000800006E0 (0x00C0006F) jal zero, 12
mem[X,0x00000000800006EC] -> 0x5CE3
mem[X,0x00000000800006EE] -> 0xFFB1
[284] [M]: 0x00000000800006EC (0xFFB15CE3) bge sp, s11, 8184
mem[X,0x00000000800006F0] -> 0x8A93
mem[X,0x00000000800006F2] -> 0x002A
[285] [M]: 0x00000000800006F0 (0x002A8A93) addi s5, s5, 2
x21 <- 0x0000000000000002
mem[X,0x00000000800006F4] -> 0x006F
mem[X,0x00000000800006F6] -> 0x00C0
[286] [M]: 0x00000000800006F4 (0x00C0006F) jal zero, 12
mem[X,0x0000000080000700] -> 0x3823
mem[X,0x0000000080000702] -> 0x0159
[287] [M]: 0x0000000080000700 (0x01593823) sd s5, 16(s2)
mem[0x0000000080049128] <- 0x0000000000000002
mem[X,0x0000000080000704] -> 0x0E13
mem[X,0x0000000080000706] -> 0xFBF0
[288] [M]: 0x0000000080000704 (0xFBF00E13) addi t3, zero, 4031
x28 <- 0xFFFFFFFFFFFFFFBF
mem[X,0x0000000080000708] -> 0x0193
mem[X,0x000000008000070A] -> 0x0010
[289] [M]: 0x0000000080000708 (0x00100193) addi gp, zero, 1
x3 <- 0x0000000000000001
mem[X,0x000000008000070C] -> 0x9193
mem[X,0x000000008000070E] -> 0x0181
[290] [M]: 0x000000008000070C (0x01819193) slli gp, gp, 24
x3 <- 0x0000000001000000
mem[X,0x0000000080000710] -> 0x0A93
mem[X,0x0000000080000712] -> 0x0000
[291] [M]: 0x0000000080000710 (0x00000A93) addi s5, zero, 0
x21 <- 0x0000000000000000
mem[X,0x0000000080000714] -> 0x006F
mem[X,0x0000000080000716] -> 0x00C0
[292] [M]: 0x0000000080000714 (0x00C0006F) jal zero, 12
mem[X,0x0000000080000720] -> 0x5CE3
mem[X,0x0000000080000722] -> 0xFE3E
[293] [M]: 0x0000000080000720 (0xFE3E5CE3) bge t3, gp, 8184
mem[X,0x0000000080000724] -> 0x8A93
mem[X,0x0000000080000726] -> 0x002A
[294] [M]: 0x0000000080000724 (0x002A8A93) addi s5, s5, 2
x21 <- 0x0000000000000002
mem[X,0x0000000080000728] -> 0x006F
mem[X,0x000000008000072A] -> 0x00C0
[295] [M]: 0x0000000080000728 (0x00C0006F) jal zero, 12
mem[X,0x0000000080000734] -> 0x3C23
mem[X,0x0000000080000736] -> 0x0159
[296] [M]: 0x0000000080000734 (0x01593C23) sd s5, 24(s2)
mem[0x0000000080049130] <- 0x0000000000000002
mem[X,0x0000000080000738] -> 0x0D13
mem[X,0x000000008000073A] -> 0x4000
[297] [M]: 0x0000000080000738 (0x40000D13) addi s10, zero, 1024
x26 <- 0x0000000000000400
mem[X,0x000000008000073C] -> 0x0493
mem[X,0x000000008000073E] -> 0x4000
[298] [M]: 0x000000008000073C (0x40000493) addi s1, zero, 1024
x9 <- 0x0000000000000400
mem[X,0x0000000080000740] -> 0x0A93
mem[X,0x0000000080000742] -> 0x0000
[299] [M]: 0x0000000080000740 (0x00000A93) addi s5, zero, 0
x21 <- 0x0000000000000000
clint::tick mtime <- 0x0000000000000003
 clint timer pending at mtime 0x0000000000000003
htif::tick 0x0000000000000000
mem[X,0x0000000080000744] -> 0x006F
mem[X,0x0000000080000746] -> 0x00C0
[300] [M]: 0x0000000080000744 (0x00C0006F) jal zero, 12
mem[X,0x0000000080000750] -> 0x5663
mem[X,0x0000000080000752] -> 0x009D
[301] [M]: 0x0000000080000750 (0x009D5663) bge s10, s1, 12
mem[X,0x000000008000075C] -> 0x8A93
mem[X,0x000000008000075E] -> 0x003A
[302] [M]: 0x000000008000075C (0x003A8A93) addi s5, s5, 3
x21 <- 0x0000000000000003
mem[X,0x0000000080000760] -> 0x006F
mem[X,0x0000000080000762] -> 0x0040
[303] [M]: 0x0000000080000760 (0x0040006F) jal zero, 4
mem[X,0x0000000080000764] -> 0x3023
mem[X,0x0000000080000766] -> 0x0359
[304] [M]: 0x0000000080000764 (0x03593023) sd s5, 32(s2)
mem[0x0000000080049138] <- 0x0000000000000003
mem[X,0x0000000080000768] -> 0x0813
mem[X,0x000000008000076A] -> 0x0010
[305] [M]: 0x0000000080000768 (0x00100813) addi a6, zero, 1
x16 <- 0x0000000000000001
mem[X,0x000000008000076C] -> 0x1813
mem[X,0x000000008000076E] -> 0x0208
[306] [M]: 0x000000008000076C (0x02081813) slli a6, a6, 32
x16 <- 0x0000000100000000
mem[X,0x0000000080000770] -> 0x4813
mem[X,0x0000000080000772] -> 0xFFF8
[307] [M]: 0x0000000080000770 (0xFFF84813) xori a6, a6, 4095
x16 <- 0xFFFFFFFEFFFFFFFF
mem[X,0x0000000080000774] -> 0x0A13
mem[X,0x0000000080000776] -> 0x0010
[308] [M]: 0x0000000080000774 (0x00100A13) addi s4, zero, 1
x20 <- 0x0000000000000001
mem[X,0x0000000080000778] -> 0x1A13
mem[X,0x000000008000077A] -> 0x020A
[309] [M]: 0x0000000080000778 (0x020A1A13) slli s4, s4, 32
x20 <- 0x0000000100000000
mem[X,0x000000008000077C] -> 0x4A13
mem[X,0x000000008000077E] -> 0xFFFA
[310] [M]: 0x000000008000077C (0xFFFA4A13) xori s4, s4, 4095
x20 <- 0xFFFFFFFEFFFFFFFF
mem[X,0x0000000080000780] -> 0x0A93
mem[X,0x0000000080000782] -> 0x0000
[311] [M]: 0x0000000080000780 (0x00000A93) addi s5, zero, 0
x21 <- 0x0000000000000000
mem[X,0x0000000080000784] -> 0x006F
mem[X,0x0000000080000786] -> 0x0140
[312] [M]: 0x0000000080000784 (0x0140006F) jal zero, 20
mem[X,0x0000000080000798] -> 0x58E3
mem[X,0x000000008000079A] -> 0xFF48
[313] [M]: 0x0000000080000798 (0xFF4858E3) bge a6, s4, 8176
mem[X,0x0000000080000788] -> 0x8A93
mem[X,0x000000008000078A] -> 0x001A
[314] [M]: 0x0000000080000788 (0x001A8A93) addi s5, s5, 1
x21 <- 0x0000000000000001
mem[X,0x000000008000078C] -> 0x006F
mem[X,0x000000008000078E] -> 0x0200
[315] [M]: 0x000000008000078C (0x0200006F) jal zero, 32
mem[X,0x00000000800007AC] -> 0x3423
mem[X,0x00000000800007AE] -> 0x0359
[316] [M]: 0x00000000800007AC (0x03593423) sd s5, 40(s2)
mem[0x0000000080049140] <- 0x0000000000000001
mem[X,0x00000000800007B0] -> 0x0713
mem[X,0x00000000800007B2] -> 0x0010
[317] [M]: 0x00000000800007B0 (0x00100713) addi a4, zero, 1
x14 <- 0x0000000000000001
mem[X,0x00000000800007B4] -> 0x1713
mem[X,0x00000000800007B6] -> 0x02E7
[318] [M]: 0x00000000800007B4 (0x02E71713) slli a4, a4, 46
x14 <- 0x0000400000000000
mem[X,0x00000000800007B8] -> 0x0513
mem[X,0x00000000800007BA] -> 0x0010
[319] [M]: 0x00000000800007B8 (0x00100513) addi a0, zero, 1
x10 <- 0x0000000000000001
mem[X,0x00000000800007BC] -> 0x1513
mem[X,0x00000000800007BE] -> 0x01D5
[320] [M]: 0x00000000800007BC (0x01D51513) slli a0, a0, 29
x10 <- 0x0000000020000000
mem[X,0x00000000800007C0] -> 0x4513
mem[X,0x00000000800007C2] -> 0xFFF5
[321] [M]: 0x00000000800007C0 (0xFFF54513) xori a0, a0, 4095
x10 <- 0xFFFFFFFFDFFFFFFF
mem[X,0x00000000800007C4] -> 0x0A93
mem[X,0x00000000800007C6] -> 0x0000
[322] [M]: 0x00000000800007C4 (0x00000A93) addi s5, zero, 0
x21 <- 0x0000000000000000
mem[X,0x00000000800007C8] -> 0x006F
mem[X,0x00000000800007CA] -> 0x0140
[323] [M]: 0x00000000800007C8 (0x0140006F) jal zero, 20
mem[X,0x00000000800007DC] -> 0x58E3
mem[X,0x00000000800007DE] -> 0xFEA7
[324] [M]: 0x00000000800007DC (0xFEA758E3) bge a4, a0, 8176
mem[X,0x00000000800007CC] -> 0x8A93
mem[X,0x00000000800007CE] -> 0x001A
[325] [M]: 0x00000000800007CC (0x001A8A93) addi s5, s5, 1
x21 <- 0x0000000000000001
mem[X,0x00000000800007D0] -> 0x006F
mem[X,0x00000000800007D2] -> 0x0200
[326] [M]: 0x00000000800007D0 (0x0200006F) jal zero, 32
mem[X,0x00000000800007F0] -> 0x3823
mem[X,0x00000000800007F2] -> 0x0359
[327] [M]: 0x00000000800007F0 (0x03593823) sd s5, 48(s2)
mem[0x0000000080049148] <- 0x0000000000000001
mem[X,0x00000000800007F4] -> 0x0213
mem[X,0x00000000800007F6] -> 0x0010
[328] [M]: 0x00000000800007F4 (0x00100213) addi tp, zero, 1
x4 <- 0x0000000000000001
mem[X,0x00000000800007F8] -> 0x1213
mem[X,0x00000000800007FA] -> 0x0262
[329] [M]: 0x00000000800007F8 (0x02621213) slli tp, tp, 38
x4 <- 0x0000004000000000
mem[X,0x00000000800007FC] -> 0x4213
mem[X,0x00000000800007FE] -> 0xFFF2
[330] [M]: 0x00000000800007FC (0xFFF24213) xori tp, tp, 4095
x4 <- 0xFFFFFFBFFFFFFFFF
mem[X,0x0000000080000800] -> 0x0813
mem[X,0x0000000080000802] -> 0x0010
[331] [M]: 0x0000000080000800 (0x00100813) addi a6, zero, 1
x16 <- 0x0000000000000001
mem[X,0x0000000080000804] -> 0x1813
mem[X,0x0000000080000806] -> 0x01C8
[332] [M]: 0x0000000080000804 (0x01C81813) slli a6, a6, 28
x16 <- 0x0000000010000000
mem[X,0x0000000080000808] -> 0x4813
mem[X,0x000000008000080A] -> 0xFFF8
[333] [M]: 0x0000000080000808 (0xFFF84813) xori a6, a6, 4095
x16 <- 0xFFFFFFFFEFFFFFFF
mem[X,0x000000008000080C] -> 0x0A93
mem[X,0x000000008000080E] -> 0x0000
[334] [M]: 0x000000008000080C (0x00000A93) addi s5, zero, 0
x21 <- 0x0000000000000000
mem[X,0x0000000080000810] -> 0x006F
mem[X,0x0000000080000812] -> 0x00C0
[335] [M]: 0x0000000080000810 (0x00C0006F) jal zero, 12
mem[X,0x000000008000081C] -> 0x5063
mem[X,0x000000008000081E] -> 0x0902
[336] [M]: 0x000000008000081C (0x09025063) bge tp, a6, 128
mem[X,0x0000000080000820] -> 0x8A93
mem[X,0x0000000080000822] -> 0x002A
[337] [M]: 0x0000000080000820 (0x002A8A93) addi s5, s5, 2
x21 <- 0x0000000000000002
mem[X,0x0000000080000824] -> 0x006F
mem[X,0x0000000080000826] -> 0x0800
[338] [M]: 0x0000000080000824 (0x0800006F) jal zero, 128
mem[X,0x00000000800008A4] -> 0x3C23
mem[X,0x00000000800008A6] -> 0x0359
[339] [M]: 0x00000000800008A4 (0x03593C23) sd s5, 56(s2)
mem[0x0000000080049150] <- 0x0000000000000002
mem[X,0x00000000800008A8] -> 0x0C93
mem[X,0x00000000800008AA] -> 0x0010
[340] [M]: 0x00000000800008A8 (0x00100C93) addi s9, zero, 1
x25 <- 0x0000000000000001
mem[X,0x00000000800008AC] -> 0x9C93
mem[X,0x00000000800008AE] -> 0x020C
[341] [M]: 0x00000000800008AC (0x020C9C93) slli s9, s9, 32
x25 <- 0x0000000100000000
mem[X,0x00000000800008B0] -> 0x0E13
mem[X,0x00000000800008B2] -> 0x0010
[342] [M]: 0x00000000800008B0 (0x00100E13) addi t3, zero, 1
x28 <- 0x0000000000000001
mem[X,0x00000000800008B4] -> 0x0A93
mem[X,0x00000000800008B6] -> 0x0000
[343] [M]: 0x00000000800008B4 (0x00000A93) addi s5, zero, 0
x21 <- 0x0000000000000000
mem[X,0x00000000800008B8] -> 0x006F
mem[X,0x00000000800008BA] -> 0x00C0
[344] [M]: 0x00000000800008B8 (0x00C0006F) jal zero, 12
mem[X,0x00000000800008C4] -> 0xD663
mem[X,0x00000000800008C6] -> 0x01CC
[345] [M]: 0x00000000800008C4 (0x01CCD663) bge s9, t3, 12
mem[X,0x00000000800008D0] -> 0x8A93
mem[X,0x00000000800008D2] -> 0x003A
[346] [M]: 0x00000000800008D0 (0x003A8A93) addi s5, s5, 3
x21 <- 0x0000000000000003
mem[X,0x00000000800008D4] -> 0x006F
mem[X,0x00000000800008D6] -> 0x0040
[347] [M]: 0x00000000800008D4 (0x0040006F) jal zero, 4
mem[X,0x00000000800008D8] -> 0x3023
mem[X,0x00000000800008DA] -> 0x0559
[348] [M]: 0x00000000800008D8 (0x05593023) sd s5, 64(s2)
mem[0x0000000080049158] <- 0x0000000000000003
mem[X,0x00000000800008DC] -> 0x0293
mem[X,0x00000000800008DE] -> 0x0010
[349] [M]: 0x00000000800008DC (0x00100293) addi t0, zero, 1
x5 <- 0x0000000000000001
mem[X,0x00000000800008E0] -> 0x9293
mem[X,0x00000000800008E2] -> 0x02F2
[350] [M]: 0x00000000800008E0 (0x02F29293) slli t0, t0, 47
x5 <- 0x0000800000000000
mem[X,0x00000000800008E4] -> 0xC293
mem[X,0x00000000800008E6] -> 0xFFF2
[351] [M]: 0x00000000800008E4 (0xFFF2C293) xori t0, t0, 4095
x5 <- 0xFFFF7FFFFFFFFFFF
mem[X,0x00000000800008E8] -> 0x0F93
mem[X,0x00000000800008EA] -> 0x0020
[352] [M]: 0x00000000800008E8 (0x00200F93) addi t6, zero, 2
x31 <- 0x0000000000000002
mem[X,0x00000000800008EC] -> 0x0A93
mem[X,0x00000000800008EE] -> 0x0000
[353] [M]: 0x00000000800008EC (0x00000A93) addi s5, zero, 0
x21 <- 0x0000000000000000
mem[X,0x00000000800008F0] -> 0x006F
mem[X,0x00000000800008F2] -> 0x00C0
[354] [M]: 0x00000000800008F0 (0x00C0006F) jal zero, 12
mem[X,0x00000000800008FC] -> 0xDCE3
mem[X,0x00000000800008FE] -> 0xFFF2
[355] [M]: 0x00000000800008FC (0xFFF2DCE3) bge t0, t6, 8184
mem[X,0x0000000080000900] -> 0x8A93
mem[X,0x0000000080000902] -> 0x002A
[356] [M]: 0x0000000080000900 (0x002A8A93) addi s5, s5, 2
x21 <- 0x0000000000000002
mem[X,0x0000000080000904] -> 0x006F
mem[X,0x0000000080000906] -> 0x00C0
[357] [M]: 0x0000000080000904 (0x00C0006F) jal zero, 12
mem[X,0x0000000080000910] -> 0x3423
mem[X,0x0000000080000912] -> 0x0559
[358] [M]: 0x0000000080000910 (0x05593423) sd s5, 72(s2)
mem[0x0000000080049160] <- 0x0000000000000002
mem[X,0x0000000080000914] -> 0x0B13
mem[X,0x0000000080000916] -> 0x0010
[359] [M]: 0x0000000080000914 (0x00100B13) addi s6, zero, 1
x22 <- 0x0000000000000001
mem[X,0x0000000080000918] -> 0x1B13
mem[X,0x000000008000091A] -> 0x00EB
[360] [M]: 0x0000000080000918 (0x00EB1B13) slli s6, s6, 14
x22 <- 0x0000000000004000
mem[X,0x000000008000091C] -> 0x4B13
mem[X,0x000000008000091E] -> 0xFFFB
[361] [M]: 0x000000008000091C (0xFFFB4B13) xori s6, s6, 4095
x22 <- 0xFFFFFFFFFFFFBFFF
mem[X,0x0000000080000920] -> 0x0993
mem[X,0x0000000080000922] -> 0x0040
[362] [M]: 0x0000000080000920 (0x00400993) addi s3, zero, 4
x19 <- 0x0000000000000004
mem[X,0x0000000080000924] -> 0x0A93
mem[X,0x0000000080000926] -> 0x0000
[363] [M]: 0x0000000080000924 (0x00000A93) addi s5, zero, 0
x21 <- 0x0000000000000000
mem[X,0x0000000080000928] -> 0x006F
mem[X,0x000000008000092A] -> 0x0100
[364] [M]: 0x0000000080000928 (0x0100006F) jal zero, 16
mem[X,0x0000000080000938] -> 0x5AE3
mem[X,0x000000008000093A] -> 0xFF3B
[365] [M]: 0x0000000080000938 (0xFF3B5AE3) bge s6, s3, 8180
mem[X,0x000000008000093C] -> 0x8A93
mem[X,0x000000008000093E] -> 0x002A
[366] [M]: 0x000000008000093C (0x002A8A93) addi s5, s5, 2
x21 <- 0x0000000000000002
mem[X,0x0000000080000940] -> 0x006F
mem[X,0x0000000080000942] -> 0x00C0
[367] [M]: 0x0000000080000940 (0x00C0006F) jal zero, 12
mem[X,0x000000008000094C] -> 0x3823
mem[X,0x000000008000094E] -> 0x0559
[368] [M]: 0x000000008000094C (0x05593823) sd s5, 80(s2)
mem[0x0000000080049168] <- 0x0000000000000002
mem[X,0x0000000080000950] -> 0x0BB7
mem[X,0x0000000080000952] -> 0x0000
[369] [M]: 0x0000000080000950 (0x00000BB7) lui s7, 0
x23 <- 0x0000000000000000
mem[X,0x0000000080000954] -> 0x8B93
mem[X,0x0000000080000956] -> 0xFFFB
[370] [M]: 0x0000000080000954 (0xFFFB8B93) addi s7, s7, 4095
x23 <- 0xFFFFFFFFFFFFFFFF
mem[X,0x0000000080000958] -> 0x9B93
mem[X,0x000000008000095A] -> 0x00BB
[371] [M]: 0x0000000080000958 (0x00BB9B93) slli s7, s7, 11
x23 <- 0xFFFFFFFFFFFFF800
mem[X,0x000000008000095C] -> 0x8B93
mem[X,0x000000008000095E] -> 0x257B
[372] [M]: 0x000000008000095C (0x257B8B93) addi s7, s7, 599
x23 <- 0xFFFFFFFFFFFFFA57
mem[X,0x0000000080000960] -> 0x9B93
mem[X,0x0000000080000962] -> 0x00BB
[373] [M]: 0x0000000080000960 (0x00BB9B93) slli s7, s7, 11
x23 <- 0xFFFFFFFFFFD2B800
mem[X,0x0000000080000964] -> 0x8B93
mem[X,0x0000000080000966] -> 0x6C3B
[374] [M]: 0x0000000080000964 (0x6C3B8B93) addi s7, s7, 1731
x23 <- 0xFFFFFFFFFFD2BEC3
mem[X,0x0000000080000968] -> 0x9B93
mem[X,0x000000008000096A] -> 0x00AB
[375] [M]: 0x0000000080000968 (0x00AB9B93) slli s7, s7, 10
x23 <- 0xFFFFFFFF4AFB0C00
mem[X,0x000000008000096C] -> 0x8B93
mem[X,0x000000008000096E] -> 0x0CDB
[376] [M]: 0x000000008000096C (0x0CDB8B93) addi s7, s7, 205
x23 <- 0xFFFFFFFF4AFB0CCD
mem[X,0x0000000080000970] -> 0x0613
mem[X,0x0000000080000972] -> 0x0080
[377] [M]: 0x0000000080000970 (0x00800613) addi a2, zero, 8
x12 <- 0x0000000000000008
mem[X,0x0000000080000974] -> 0x0A93
mem[X,0x0000000080000976] -> 0x0000
[378] [M]: 0x0000000080000974 (0x00000A93) addi s5, zero, 0
x21 <- 0x0000000000000000
mem[X,0x0000000080000978] -> 0x006F
mem[X,0x000000008000097A] -> 0x00C0
[379] [M]: 0x0000000080000978 (0x00C0006F) jal zero, 12
mem[X,0x0000000080000984] -> 0xD063
mem[X,0x0000000080000986] -> 0x08CB
[380] [M]: 0x0000000080000984 (0x08CBD063) bge s7, a2, 128
mem[X,0x0000000080000988] -> 0x8A93
mem[X,0x000000008000098A] -> 0x002A
[381] [M]: 0x0000000080000988 (0x002A8A93) addi s5, s5, 2
x21 <- 0x0000000000000002
mem[X,0x000000008000098C] -> 0x006F
mem[X,0x000000008000098E] -> 0x0800
[382] [M]: 0x000000008000098C (0x0800006F) jal zero, 128
mem[X,0x0000000080000A0C] -> 0x3C23
mem[X,0x0000000080000A0E] -> 0x0559
[383] [M]: 0x0000000080000A0C (0x05593C23) sd s5, 88(s2)
mem[0x0000000080049170] <- 0x0000000000000002
mem[X,0x0000000080000A10] -> 0x0613
mem[X,0x0000000080000A12] -> 0x0010
[384] [M]: 0x0000000080000A10 (0x00100613) addi a2, zero, 1
x12 <- 0x0000000000000001
mem[X,0x0000000080000A14] -> 0x1613
mem[X,0x0000000080000A16] -> 0x0226
[385] [M]: 0x0000000080000A14 (0x02261613) slli a2, a2, 34
x12 <- 0x0000000400000000
mem[X,0x0000000080000A18] -> 0x4613
mem[X,0x0000000080000A1A] -> 0xFFF6
[386] [M]: 0x0000000080000A18 (0xFFF64613) xori a2, a2, 4095
x12 <- 0xFFFFFFFBFFFFFFFF
mem[X,0x0000000080000A1C] -> 0x0D13
mem[X,0x0000000080000A1E] -> 0x0100
[387] [M]: 0x0000000080000A1C (0x01000D13) addi s10, zero, 16
x26 <- 0x0000000000000010
mem[X,0x0000000080000A20] -> 0x0A93
mem[X,0x0000000080000A22] -> 0x0000
[388] [M]: 0x0000000080000A20 (0x00000A93) addi s5, zero, 0
x21 <- 0x0000000000000000
mem[X,0x0000000080000A24] -> 0x006F
mem[X,0x0000000080000A26] -> 0x00C0
[389] [M]: 0x0000000080000A24 (0x00C0006F) jal zero, 12
mem[X,0x0000000080000A30] -> 0x5CE3
mem[X,0x0000000080000A32] -> 0xFFA6
[390] [M]: 0x0000000080000A30 (0xFFA65CE3) bge a2, s10, 8184
mem[X,0x0000000080000A34] -> 0x8A93
mem[X,0x0000000080000A36] -> 0x002A
[391] [M]: 0x0000000080000A34 (0x002A8A93) addi s5, s5, 2
x21 <- 0x0000000000000002
mem[X,0x0000000080000A38] -> 0x006F
mem[X,0x0000000080000A3A] -> 0x00C0
[392] [M]: 0x0000000080000A38 (0x00C0006F) jal zero, 12
mem[X,0x0000000080000A44] -> 0x3023
mem[X,0x0000000080000A46] -> 0x0759
[393] [M]: 0x0000000080000A44 (0x07593023) sd s5, 96(s2)
mem[0x0000000080049178] <- 0x0000000000000002
mem[X,0x0000000080000A48] -> 0x0093
mem[X,0x0000000080000A4A] -> 0x0050
[394] [M]: 0x0000000080000A48 (0x00500093) addi ra, zero, 5
x1 <- 0x0000000000000005
mem[X,0x0000000080000A4C] -> 0x0E93
mem[X,0x0000000080000A4E] -> 0x0200
[395] [M]: 0x0000000080000A4C (0x02000E93) addi t4, zero, 32
x29 <- 0x0000000000000020
mem[X,0x0000000080000A50] -> 0x0A93
mem[X,0x0000000080000A52] -> 0x0000
[396] [M]: 0x0000000080000A50 (0x00000A93) addi s5, zero, 0
x21 <- 0x0000000000000000
mem[X,0x0000000080000A54] -> 0x006F
mem[X,0x0000000080000A56] -> 0x0100
[397] [M]: 0x0000000080000A54 (0x0100006F) jal zero, 16
mem[X,0x0000000080000A64] -> 0xDAE3
mem[X,0x0000000080000A66] -> 0xFFD0
[398] [M]: 0x0000000080000A64 (0xFFD0DAE3) bge ra, t4, 8180
mem[X,0x0000000080000A68] -> 0x8A93
mem[X,0x0000000080000A6A] -> 0x002A
[399] [M]: 0x0000000080000A68 (0x002A8A93) addi s5, s5, 2
x21 <- 0x0000000000000002
clint::tick mtime <- 0x0000000000000004
 clint timer pending at mtime 0x0000000000000004
htif::tick 0x0000000000000000
mem[X,0x0000000080000A6C] -> 0x006F
mem[X,0x0000000080000A6E] -> 0x00C0
[400] [M]: 0x0000000080000A6C (0x00C0006F) jal zero, 12
mem[X,0x0000000080000A78] -> 0x3423
mem[X,0x0000000080000A7A] -> 0x0759
[401] [M]: 0x0000000080000A78 (0x07593423) sd s5, 104(s2)
mem[0x0000000080049180] <- 0x0000000000000002
mem[X,0x0000000080000A7C] -> 0x0F13
mem[X,0x0000000080000A7E] -> 0x0010
[402] [M]: 0x0000000080000A7C (0x00100F13) addi t5, zero, 1
x30 <- 0x0000000000000001
mem[X,0x0000000080000A80] -> 0x1F13
mem[X,0x0000000080000A82] -> 0x02DF
[403] [M]: 0x0000000080000A80 (0x02DF1F13) slli t5, t5, 45
x30 <- 0x0000200000000000
mem[X,0x0000000080000A84] -> 0x4F13
mem[X,0x0000000080000A86] -> 0xFFFF
[404] [M]: 0x0000000080000A84 (0xFFFF4F13) xori t5, t5, 4095
x30 <- 0xFFFFDFFFFFFFFFFF
mem[X,0x0000000080000A88] -> 0x0113
mem[X,0x0000000080000A8A] -> 0x0800
[405] [M]: 0x0000000080000A88 (0x08000113) addi sp, zero, 128
x2 <- 0x0000000000000080
mem[X,0x0000000080000A8C] -> 0x0A93
mem[X,0x0000000080000A8E] -> 0x0000
[406] [M]: 0x0000000080000A8C (0x00000A93) addi s5, zero, 0
x21 <- 0x0000000000000000
mem[X,0x0000000080000A90] -> 0x006F
mem[X,0x0000000080000A92] -> 0x00C0
[407] [M]: 0x0000000080000A90 (0x00C0006F) jal zero, 12
mem[X,0x0000000080000A9C] -> 0x5063
mem[X,0x0000000080000A9E] -> 0x042F
[408] [M]: 0x0000000080000A9C (0x042F5063) bge t5, sp, 64
mem[X,0x0000000080000AA0] -> 0x8A93
mem[X,0x0000000080000AA2] -> 0x002A
[409] [M]: 0x0000000080000AA0 (0x002A8A93) addi s5, s5, 2
x21 <- 0x0000000000000002
mem[X,0x0000000080000AA4] -> 0x006F
mem[X,0x0000000080000AA6] -> 0x0400
[410] [M]: 0x0000000080000AA4 (0x0400006F) jal zero, 64
mem[X,0x0000000080000AE4] -> 0x3823
mem[X,0x0000000080000AE6] -> 0x0759
[411] [M]: 0x0000000080000AE4 (0x07593823) sd s5, 112(s2)
mem[0x0000000080049188] <- 0x0000000000000002
mem[X,0x0000000080000AE8] -> 0x0493
mem[X,0x0000000080000AEA] -> 0x0010
[412] [M]: 0x0000000080000AE8 (0x00100493) addi s1, zero, 1
x9 <- 0x0000000000000001
mem[X,0x0000000080000AEC] -> 0x9493
mem[X,0x0000000080000AEE] -> 0x02A4
[413] [M]: 0x0000000080000AEC (0x02A49493) slli s1, s1, 42
x9 <- 0x0000040000000000
mem[X,0x0000000080000AF0] -> 0x0C93
mem[X,0x0000000080000AF2] -> 0x1000
[414] [M]: 0x0000000080000AF0 (0x10000C93) addi s9, zero, 256
x25 <- 0x0000000000000100
mem[X,0x0000000080000AF4] -> 0x0A93
mem[X,0x0000000080000AF6] -> 0x0000
[415] [M]: 0x0000000080000AF4 (0x00000A93) addi s5, zero, 0
x21 <- 0x0000000000000000
mem[X,0x0000000080000AF8] -> 0x006F
mem[X,0x0000000080000AFA] -> 0x00C0
[416] [M]: 0x0000000080000AF8 (0x00C0006F) jal zero, 12
mem[X,0x0000000080000B04] -> 0xD063
mem[X,0x0000000080000B06] -> 0x0394
[417] [M]: 0x0000000080000B04 (0x0394D063) bge s1, s9, 32
mem[X,0x0000000080000B24] -> 0x8A93
mem[X,0x0000000080000B26] -> 0x003A
[418] [M]: 0x0000000080000B24 (0x003A8A93) addi s5, s5, 3
x21 <- 0x0000000000000003
mem[X,0x0000000080000B28] -> 0x006F
mem[X,0x0000000080000B2A] -> 0x0040
[419] [M]: 0x0000000080000B28 (0x0040006F) jal zero, 4
mem[X,0x0000000080000B2C] -> 0x3C23
mem[X,0x0000000080000B2E] -> 0x0759
[420] [M]: 0x0000000080000B2C (0x07593C23) sd s5, 120(s2)
mem[0x0000000080049190] <- 0x0000000000000003
mem[X,0x0000000080000B30] -> 0x0E93
mem[X,0x0000000080000B32] -> 0x0010
[421] [M]: 0x0000000080000B30 (0x00100E93) addi t4, zero, 1
x29 <- 0x0000000000000001
mem[X,0x0000000080000B34] -> 0x9E93
mem[X,0x0000000080000B36] -> 0x022E
[422] [M]: 0x0000000080000B34 (0x022E9E93) slli t4, t4, 34
x29 <- 0x0000000400000000
mem[X,0x0000000080000B38] -> 0x0793
mem[X,0x0000000080000B3A] -> 0x2000
[423] [M]: 0x0000000080000B38 (0x20000793) addi a5, zero, 512
x15 <- 0x0000000000000200
mem[X,0x0000000080000B3C] -> 0x0A93
mem[X,0x0000000080000B3E] -> 0x0000
[424] [M]: 0x0000000080000B3C (0x00000A93) addi s5, zero, 0
x21 <- 0x0000000000000000
mem[X,0x0000000080000B40] -> 0x006F
mem[X,0x0000000080000B42] -> 0x00C0
[425] [M]: 0x0000000080000B40 (0x00C0006F) jal zero, 12
mem[X,0x0000000080000B4C] -> 0xDCE3
mem[X,0x0000000080000B4E] -> 0xFEFE
[426] [M]: 0x0000000080000B4C (0xFEFEDCE3) bge t4, a5, 8184
mem[X,0x0000000080000B44] -> 0x8A93
mem[X,0x0000000080000B46] -> 0x001A
[427] [M]: 0x0000000080000B44 (0x001A8A93) addi s5, s5, 1
x21 <- 0x0000000000000001
mem[X,0x0000000080000B48] -> 0x006F
mem[X,0x0000000080000B4A] -> 0x0180
[428] [M]: 0x0000000080000B48 (0x0180006F) jal zero, 24
mem[X,0x0000000080000B60] -> 0x3023
mem[X,0x0000000080000B62] -> 0x0959
[429] [M]: 0x0000000080000B60 (0x09593023) sd s5, 128(s2)
mem[0x0000000080049198] <- 0x0000000000000001
mem[X,0x0000000080000B64] -> 0x0F93
mem[X,0x0000000080000B66] -> 0x0010
[430] [M]: 0x0000000080000B64 (0x00100F93) addi t6, zero, 1
x31 <- 0x0000000000000001
mem[X,0x0000000080000B68] -> 0x9F93
mem[X,0x0000000080000B6A] -> 0x033F
[431] [M]: 0x0000000080000B68 (0x033F9F93) slli t6, t6, 51
x31 <- 0x0008000000000000
mem[X,0x0000000080000B6C] -> 0xCF93
mem[X,0x0000000080000B6E] -> 0xFFFF
[432] [M]: 0x0000000080000B6C (0xFFFFCF93) xori t6, t6, 4095
x31 <- 0xFFF7FFFFFFFFFFFF
mem[X,0x0000000080000B70] -> 0x0313
mem[X,0x0000000080000B72] -> 0x0010
[433] [M]: 0x0000000080000B70 (0x00100313) addi t1, zero, 1
x6 <- 0x0000000000000001
mem[X,0x0000000080000B74] -> 0x1313
mem[X,0x0000000080000B76] -> 0x00B3
[434] [M]: 0x0000000080000B74 (0x00B31313) slli t1, t1, 11
x6 <- 0x0000000000000800
mem[X,0x0000000080000B78] -> 0x0A93
mem[X,0x0000000080000B7A] -> 0x0000
[435] [M]: 0x0000000080000B78 (0x00000A93) addi s5, zero, 0
x21 <- 0x0000000000000000
mem[X,0x0000000080000B7C] -> 0x006F
mem[X,0x0000000080000B7E] -> 0x00C0
[436] [M]: 0x0000000080000B7C (0x00C0006F) jal zero, 12
mem[X,0x0000000080000B88] -> 0xD863
mem[X,0x0000000080000B8A] -> 0x006F
[437] [M]: 0x0000000080000B88 (0x006FD863) bge t6, t1, 16
mem[X,0x0000000080000B8C] -> 0x8A93
mem[X,0x0000000080000B8E] -> 0x002A
[438] [M]: 0x0000000080000B8C (0x002A8A93) addi s5, s5, 2
x21 <- 0x0000000000000002
mem[X,0x0000000080000B90] -> 0x006F
mem[X,0x0000000080000B92] -> 0x0100
[439] [M]: 0x0000000080000B90 (0x0100006F) jal zero, 16
mem[X,0x0000000080000BA0] -> 0x3423
mem[X,0x0000000080000BA2] -> 0x0959
[440] [M]: 0x0000000080000BA0 (0x09593423) sd s5, 136(s2)
mem[0x00000000800491A0] <- 0x0000000000000002
mem[X,0x0000000080000BA4] -> 0x0513
mem[X,0x0000000080000BA6] -> 0x0010
[441] [M]: 0x0000000080000BA4 (0x00100513) addi a0, zero, 1
x10 <- 0x0000000000000001
mem[X,0x0000000080000BA8] -> 0x1513
mem[X,0x0000000080000BAA] -> 0x0125
[442] [M]: 0x0000000080000BA8 (0x01251513) slli a0, a0, 18
x10 <- 0x0000000000040000
mem[X,0x0000000080000BAC] -> 0x0F13
mem[X,0x0000000080000BAE] -> 0x0010
[443] [M]: 0x0000000080000BAC (0x00100F13) addi t5, zero, 1
x30 <- 0x0000000000000001
mem[X,0x0000000080000BB0] -> 0x1F13
mem[X,0x0000000080000BB2] -> 0x00CF
[444] [M]: 0x0000000080000BB0 (0x00CF1F13) slli t5, t5, 12
x30 <- 0x0000000000001000
mem[X,0x0000000080000BB4] -> 0x0A93
mem[X,0x0000000080000BB6] -> 0x0000
[445] [M]: 0x0000000080000BB4 (0x00000A93) addi s5, zero, 0
x21 <- 0x0000000000000000
mem[X,0x0000000080000BB8] -> 0x006F
mem[X,0x0000000080000BBA] -> 0x00C0
[446] [M]: 0x0000000080000BB8 (0x00C0006F) jal zero, 12
mem[X,0x0000000080000BC4] -> 0x5663
mem[X,0x0000000080000BC6] -> 0x01E5
[447] [M]: 0x0000000080000BC4 (0x01E55663) bge a0, t5, 12
mem[X,0x0000000080000BD0] -> 0x8A93
mem[X,0x0000000080000BD2] -> 0x003A
[448] [M]: 0x0000000080000BD0 (0x003A8A93) addi s5, s5, 3
x21 <- 0x0000000000000003
mem[X,0x0000000080000BD4] -> 0x006F
mem[X,0x0000000080000BD6] -> 0x0040
[449] [M]: 0x0000000080000BD4 (0x0040006F) jal zero, 4
mem[X,0x0000000080000BD8] -> 0x3823
mem[X,0x0000000080000BDA] -> 0x0959
[450] [M]: 0x0000000080000BD8 (0x09593823) sd s5, 144(s2)
mem[0x00000000800491A8] <- 0x0000000000000003
mem[X,0x0000000080000BDC] -> 0x0013
mem[X,0x0000000080000BDE] -> 0x0000
[451] [M]: 0x0000000080000BDC (0x00000013) addi zero, zero, 0
mem[X,0x0000000080000BE0] -> 0x0293
mem[X,0x0000000080000BE2] -> 0x0010
[452] [M]: 0x0000000080000BE0 (0x00100293) addi t0, zero, 1
x5 <- 0x0000000000000001
mem[X,0x0000000080000BE4] -> 0x9293
mem[X,0x0000000080000BE6] -> 0x00D2
[453] [M]: 0x0000000080000BE4 (0x00D29293) slli t0, t0, 13
x5 <- 0x0000000000002000
mem[X,0x0000000080000BE8] -> 0x0A93
mem[X,0x0000000080000BEA] -> 0x0000
[454] [M]: 0x0000000080000BE8 (0x00000A93) addi s5, zero, 0
x21 <- 0x0000000000000000
mem[X,0x0000000080000BEC] -> 0x006F
mem[X,0x0000000080000BEE] -> 0x0050
[455] [M]: 0x0000000080000BEC (0x0050006F) jal zero, 2052
mem[X,0x00000000800013F0] -> 0x50E3
mem[X,0x00000000800013F2] -> 0x8050
[456] [M]: 0x00000000800013F0 (0x805050E3) bge zero, t0, 6144
mem[X,0x00000000800013F4] -> 0x8A93
mem[X,0x00000000800013F6] -> 0x002A
[457] [M]: 0x00000000800013F4 (0x002A8A93) addi s5, s5, 2
x21 <- 0x0000000000000002
mem[X,0x00000000800013F8] -> 0x006F
mem[X,0x00000000800013FA] -> 0x00C0
[458] [M]: 0x00000000800013F8 (0x00C0006F) jal zero, 12
mem[X,0x0000000080001404] -> 0x3C23
mem[X,0x0000000080001406] -> 0x0959
[459] [M]: 0x0000000080001404 (0x09593C23) sd s5, 152(s2)
mem[0x00000000800491B0] <- 0x0000000000000002
mem[X,0x0000000080001408] -> 0x0893
mem[X,0x000000008000140A] -> 0x0020
[460] [M]: 0x0000000080001408 (0x00200893) addi a7, zero, 2
x17 <- 0x0000000000000002
mem[X,0x000000008000140C] -> 0x0693
mem[X,0x000000008000140E] -> 0x0010
[461] [M]: 0x000000008000140C (0x00100693) addi a3, zero, 1
x13 <- 0x0000000000000001
mem[X,0x0000000080001410] -> 0x9693
mem[X,0x0000000080001412] -> 0x00E6
[462] [M]: 0x0000000080001410 (0x00E69693) slli a3, a3, 14
x13 <- 0x0000000000004000
mem[X,0x0000000080001414] -> 0x0A93
mem[X,0x0000000080001416] -> 0x0000
[463] [M]: 0x0000000080001414 (0x00000A93) addi s5, zero, 0
x21 <- 0x0000000000000000
mem[X,0x0000000080001418] -> 0x006F
mem[X,0x000000008000141A] -> 0x00C0
[464] [M]: 0x0000000080001418 (0x00C0006F) jal zero, 12
mem[X,0x0000000080001424] -> 0xD663
mem[X,0x0000000080001426] -> 0x00D8
[465] [M]: 0x0000000080001424 (0x00D8D663) bge a7, a3, 12
mem[X,0x0000000080001428] -> 0x8A93
mem[X,0x000000008000142A] -> 0x002A
[466] [M]: 0x0000000080001428 (0x002A8A93) addi s5, s5, 2
x21 <- 0x0000000000000002
mem[X,0x000000008000142C] -> 0x006F
mem[X,0x000000008000142E] -> 0x00C0
[467] [M]: 0x000000008000142C (0x00C0006F) jal zero, 12
mem[X,0x0000000080001438] -> 0x3023
mem[X,0x000000008000143A] -> 0x0B59
[468] [M]: 0x0000000080001438 (0x0B593023) sd s5, 160(s2)
mem[0x00000000800491B8] <- 0x0000000000000002
mem[X,0x000000008000143C] -> 0x0693
mem[X,0x000000008000143E] -> 0x0010
[469] [M]: 0x000000008000143C (0x00100693) addi a3, zero, 1
x13 <- 0x0000000000000001
mem[X,0x0000000080001440] -> 0x9693
mem[X,0x0000000080001442] -> 0x0326
[470] [M]: 0x0000000080001440 (0x03269693) slli a3, a3, 50
x13 <- 0x0004000000000000
mem[X,0x0000000080001444] -> 0x0093
mem[X,0x0000000080001446] -> 0x0010
[471] [M]: 0x0000000080001444 (0x00100093) addi ra, zero, 1
x1 <- 0x0000000000000001
mem[X,0x0000000080001448] -> 0x9093
mem[X,0x000000008000144A] -> 0x00F0
[472] [M]: 0x0000000080001448 (0x00F09093) slli ra, ra, 15
x1 <- 0x0000000000008000
mem[X,0x000000008000144C] -> 0x0A93
mem[X,0x000000008000144E] -> 0x0000
[473] [M]: 0x000000008000144C (0x00000A93) addi s5, zero, 0
x21 <- 0x0000000000000000
mem[X,0x0000000080001450] -> 0x006F
mem[X,0x0000000080001452] -> 0x0180
[474] [M]: 0x0000000080001450 (0x0180006F) jal zero, 24
mem[X,0x0000000080001468] -> 0xD6E3
mem[X,0x000000008000146A] -> 0xFE16
[475] [M]: 0x0000000080001468 (0xFE16D6E3) bge a3, ra, 8172
mem[X,0x0000000080001454] -> 0x8A93
mem[X,0x0000000080001456] -> 0x001A
[476] [M]: 0x0000000080001454 (0x001A8A93) addi s5, s5, 1
x21 <- 0x0000000000000001
mem[X,0x0000000080001458] -> 0x006F
mem[X,0x000000008000145A] -> 0x0240
[477] [M]: 0x0000000080001458 (0x0240006F) jal zero, 36
mem[X,0x000000008000147C] -> 0x3423
mem[X,0x000000008000147E] -> 0x0B59
[478] [M]: 0x000000008000147C (0x0B593423) sd s5, 168(s2)
mem[0x00000000800491C0] <- 0x0000000000000001
mem[X,0x0000000080001480] -> 0x0393
mem[X,0x0000000080001482] -> 0x0010
[479] [M]: 0x0000000080001480 (0x00100393) addi t2, zero, 1
x7 <- 0x0000000000000001
mem[X,0x0000000080001484] -> 0x9393
mem[X,0x0000000080001486] -> 0x0123
[480] [M]: 0x0000000080001484 (0x01239393) slli t2, t2, 18
x7 <- 0x0000000000040000
mem[X,0x0000000080001488] -> 0xC393
mem[X,0x000000008000148A] -> 0xFFF3
[481] [M]: 0x0000000080001488 (0xFFF3C393) xori t2, t2, 4095
x7 <- 0xFFFFFFFFFFFBFFFF
mem[X,0x000000008000148C] -> 0x0593
mem[X,0x000000008000148E] -> 0x0010
[482] [M]: 0x000000008000148C (0x00100593) addi a1, zero, 1
x11 <- 0x0000000000000001
mem[X,0x0000000080001490] -> 0x9593
mem[X,0x0000000080001492] -> 0x0105
[483] [M]: 0x0000000080001490 (0x01059593) slli a1, a1, 16
x11 <- 0x0000000000010000
mem[X,0x0000000080001494] -> 0x0A93
mem[X,0x0000000080001496] -> 0x0000
[484] [M]: 0x0000000080001494 (0x00000A93) addi s5, zero, 0
x21 <- 0x0000000000000000
mem[X,0x0000000080001498] -> 0x006F
mem[X,0x000000008000149A] -> 0x00C0
[485] [M]: 0x0000000080001498 (0x00C0006F) jal zero, 12
mem[X,0x00000000800014A4] -> 0xD063
mem[X,0x00000000800014A6] -> 0x10B3
[486] [M]: 0x00000000800014A4 (0x10B3D063) bge t2, a1, 256
mem[X,0x00000000800014A8] -> 0x8A93
mem[X,0x00000000800014AA] -> 0x002A
[487] [M]: 0x00000000800014A8 (0x002A8A93) addi s5, s5, 2
x21 <- 0x0000000000000002
mem[X,0x00000000800014AC] -> 0x006F
mem[X,0x00000000800014AE] -> 0x1000
[488] [M]: 0x00000000800014AC (0x1000006F) jal zero, 256
mem[X,0x00000000800015AC] -> 0x3823
mem[X,0x00000000800015AE] -> 0x0B59
[489] [M]: 0x00000000800015AC (0x0B593823) sd s5, 176(s2)
mem[0x00000000800491C8] <- 0x0000000000000002
mem[X,0x00000000800015B0] -> 0x0013
mem[X,0x00000000800015B2] -> 0x0000
[490] [M]: 0x00000000800015B0 (0x00000013) addi zero, zero, 0
mem[X,0x00000000800015B4] -> 0x0013
mem[X,0x00000000800015B6] -> 0x0000
[491] [M]: 0x00000000800015B4 (0x00000013) addi zero, zero, 0
mem[X,0x00000000800015B8] -> 0x0013
mem[X,0x00000000800015BA] -> 0x0000
[492] [M]: 0x00000000800015B8 (0x00000013) addi zero, zero, 0
mem[X,0x00000000800015BC] -> 0x0013
mem[X,0x00000000800015BE] -> 0x0000
[493] [M]: 0x00000000800015BC (0x00000013) addi zero, zero, 0
mem[X,0x00000000800015C0] -> 0x8097
mem[X,0x00000000800015C2] -> 0x0004
[494] [M]: 0x00000000800015C0 (0x00048097) auipc ra, 72
x1 <- 0x00000000800495C0
mem[X,0x00000000800015C4] -> 0x8093
mem[X,0x00000000800015C6] -> 0xC100
[495] [M]: 0x00000000800015C4 (0xC1008093) addi ra, ra, 3088
x1 <- 0x00000000800491D0
mem[X,0x00000000800015C8] -> 0x0013
mem[X,0x00000000800015CA] -> 0x0000
[496] [M]: 0x00000000800015C8 (0x00000013) addi zero, zero, 0
mem[X,0x00000000800015CC] -> 0x0013
mem[X,0x00000000800015CE] -> 0x0000
[497] [M]: 0x00000000800015CC (0x00000013) addi zero, zero, 0
mem[X,0x00000000800015D0] -> 0x0013
mem[X,0x00000000800015D2] -> 0x0000
[498] [M]: 0x00000000800015D0 (0x00000013) addi zero, zero, 0
mem[X,0x00000000800015D4] -> 0x0013
mem[X,0x00000000800015D6] -> 0x0000
[499] [M]: 0x00000000800015D4 (0x00000013) addi zero, zero, 0
clint::tick mtime <- 0x0000000000000005
 clint timer pending at mtime 0x0000000000000005
htif::tick 0x0000000000000000
mem[X,0x00000000800015D8] -> 0x0013
mem[X,0x00000000800015DA] -> 0x0000
[500] [M]: 0x00000000800015D8 (0x00000013) addi zero, zero, 0
mem[X,0x00000000800015DC] -> 0x0013
mem[X,0x00000000800015DE] -> 0x0000
[501] [M]: 0x00000000800015DC (0x00000013) addi zero, zero, 0
mem[X,0x00000000800015E0] -> 0x0313
mem[X,0x00000000800015E2] -> 0x0010
[502] [M]: 0x00000000800015E0 (0x00100313) addi t1, zero, 1
x6 <- 0x0000000000000001
mem[X,0x00000000800015E4] -> 0x1313
mem[X,0x00000000800015E6] -> 0x03C3
[503] [M]: 0x00000000800015E4 (0x03C31313) slli t1, t1, 60
x6 <- 0x1000000000000000
mem[X,0x00000000800015E8] -> 0x4313
mem[X,0x00000000800015EA] -> 0xFFF3
[504] [M]: 0x00000000800015E8 (0xFFF34313) xori t1, t1, 4095
x6 <- 0xEFFFFFFFFFFFFFFF
mem[X,0x00000000800015EC] -> 0x0B13
mem[X,0x00000000800015EE] -> 0x0010
[505] [M]: 0x00000000800015EC (0x00100B13) addi s6, zero, 1
x22 <- 0x0000000000000001
mem[X,0x00000000800015F0] -> 0x1B13
mem[X,0x00000000800015F2] -> 0x011B
[506] [M]: 0x00000000800015F0 (0x011B1B13) slli s6, s6, 17
x22 <- 0x0000000000020000
mem[X,0x00000000800015F4] -> 0x0113
mem[X,0x00000000800015F6] -> 0x0000
[507] [M]: 0x00000000800015F4 (0x00000113) addi sp, zero, 0
x2 <- 0x0000000000000000
mem[X,0x00000000800015F8] -> 0x006F
mem[X,0x00000000800015FA] -> 0x00C0
[508] [M]: 0x00000000800015F8 (0x00C0006F) jal zero, 12
mem[X,0x0000000080001604] -> 0x5663
mem[X,0x0000000080001606] -> 0x0163
[509] [M]: 0x0000000080001604 (0x01635663) bge t1, s6, 12
mem[X,0x0000000080001608] -> 0x0113
mem[X,0x000000008000160A] -> 0x0021
[510] [M]: 0x0000000080001608 (0x00210113) addi sp, sp, 2
x2 <- 0x0000000000000002
mem[X,0x000000008000160C] -> 0x006F
mem[X,0x000000008000160E] -> 0x00C0
[511] [M]: 0x000000008000160C (0x00C0006F) jal zero, 12
mem[X,0x0000000080001618] -> 0xB023
mem[X,0x000000008000161A] -> 0x0020
[512] [M]: 0x0000000080001618 (0x0020B023) sd sp, 0(ra)
mem[0x00000000800491D0] <- 0x0000000000000002
mem[X,0x000000008000161C] -> 0x0C13
mem[X,0x000000008000161E] -> 0x0010
[513] [M]: 0x000000008000161C (0x00100C13) addi s8, zero, 1
x24 <- 0x0000000000000001
mem[X,0x0000000080001620] -> 0x1C13
mem[X,0x0000000080001622] -> 0x038C
[514] [M]: 0x0000000080001620 (0x038C1C13) slli s8, s8, 56
x24 <- 0x0100000000000000
mem[X,0x0000000080001624] -> 0x0A93
mem[X,0x0000000080001626] -> 0x0010
[515] [M]: 0x0000000080001624 (0x00100A93) addi s5, zero, 1
x21 <- 0x0000000000000001
mem[X,0x0000000080001628] -> 0x9A93
mem[X,0x000000008000162A] -> 0x012A
[516] [M]: 0x0000000080001628 (0x012A9A93) slli s5, s5, 18
x21 <- 0x0000000000040000
mem[X,0x000000008000162C] -> 0x0113
mem[X,0x000000008000162E] -> 0x0000
[517] [M]: 0x000000008000162C (0x00000113) addi sp, zero, 0
x2 <- 0x0000000000000000
mem[X,0x0000000080001630] -> 0x006F
mem[X,0x0000000080001632] -> 0x00C0
[518] [M]: 0x0000000080001630 (0x00C0006F) jal zero, 12
mem[X,0x000000008000163C] -> 0x5663
mem[X,0x000000008000163E] -> 0x015C
[519] [M]: 0x000000008000163C (0x015C5663) bge s8, s5, 12
mem[X,0x0000000080001648] -> 0x0113
mem[X,0x000000008000164A] -> 0x0031
[520] [M]: 0x0000000080001648 (0x00310113) addi sp, sp, 3
x2 <- 0x0000000000000003
mem[X,0x000000008000164C] -> 0x006F
mem[X,0x000000008000164E] -> 0x0040
[521] [M]: 0x000000008000164C (0x0040006F) jal zero, 4
mem[X,0x0000000080001650] -> 0xB423
mem[X,0x0000000080001652] -> 0x0020
[522] [M]: 0x0000000080001650 (0x0020B423) sd sp, 8(ra)
mem[0x00000000800491D8] <- 0x0000000000000003
mem[X,0x0000000080001654] -> 0x0593
mem[X,0x0000000080001656] -> 0x0010
[523] [M]: 0x0000000080001654 (0x00100593) addi a1, zero, 1
x11 <- 0x0000000000000001
mem[X,0x0000000080001658] -> 0x9593
mem[X,0x000000008000165A] -> 0x0155
[524] [M]: 0x0000000080001658 (0x01559593) slli a1, a1, 21
x11 <- 0x0000000000200000
mem[X,0x000000008000165C] -> 0x0393
mem[X,0x000000008000165E] -> 0x0010
[525] [M]: 0x000000008000165C (0x00100393) addi t2, zero, 1
x7 <- 0x0000000000000001
mem[X,0x0000000080001660] -> 0x9393
mem[X,0x0000000080001662] -> 0x0133
[526] [M]: 0x0000000080001660 (0x01339393) slli t2, t2, 19
x7 <- 0x0000000000080000
mem[X,0x0000000080001664] -> 0x0113
mem[X,0x0000000080001666] -> 0x0000
[527] [M]: 0x0000000080001664 (0x00000113) addi sp, zero, 0
x2 <- 0x0000000000000000
mem[X,0x0000000080001668] -> 0x006F
mem[X,0x000000008000166A] -> 0x00C0
[528] [M]: 0x0000000080001668 (0x00C0006F) jal zero, 12
mem[X,0x0000000080001674] -> 0xDCE3
mem[X,0x0000000080001676] -> 0xFE75
[529] [M]: 0x0000000080001674 (0xFE75DCE3) bge a1, t2, 8184
mem[X,0x000000008000166C] -> 0x0113
mem[X,0x000000008000166E] -> 0x0011
[530] [M]: 0x000000008000166C (0x00110113) addi sp, sp, 1
x2 <- 0x0000000000000001
mem[X,0x0000000080001670] -> 0x006F
mem[X,0x0000000080001672] -> 0x0180
[531] [M]: 0x0000000080001670 (0x0180006F) jal zero, 24
mem[X,0x0000000080001688] -> 0xB823
mem[X,0x000000008000168A] -> 0x0020
[532] [M]: 0x0000000080001688 (0x0020B823) sd sp, 16(ra)
mem[0x00000000800491E0] <- 0x0000000000000001
mem[X,0x000000008000168C] -> 0x0993
mem[X,0x000000008000168E] -> 0x0010
[533] [M]: 0x000000008000168C (0x00100993) addi s3, zero, 1
x19 <- 0x0000000000000001
mem[X,0x0000000080001690] -> 0x9993
mem[X,0x0000000080001692] -> 0x0119
[534] [M]: 0x0000000080001690 (0x01199993) slli s3, s3, 17
x19 <- 0x0000000000020000
mem[X,0x0000000080001694] -> 0x0893
mem[X,0x0000000080001696] -> 0x0010
[535] [M]: 0x0000000080001694 (0x00100893) addi a7, zero, 1
x17 <- 0x0000000000000001
mem[X,0x0000000080001698] -> 0x9893
mem[X,0x000000008000169A] -> 0x0148
[536] [M]: 0x0000000080001698 (0x01489893) slli a7, a7, 20
x17 <- 0x0000000000100000
mem[X,0x000000008000169C] -> 0x0113
mem[X,0x000000008000169E] -> 0x0000
[537] [M]: 0x000000008000169C (0x00000113) addi sp, zero, 0
x2 <- 0x0000000000000000
mem[X,0x00000000800016A0] -> 0x006F
mem[X,0x00000000800016A2] -> 0x0180
[538] [M]: 0x00000000800016A0 (0x0180006F) jal zero, 24
mem[X,0x00000000800016B8] -> 0xD6E3
mem[X,0x00000000800016BA] -> 0xFF19
[539] [M]: 0x00000000800016B8 (0xFF19D6E3) bge s3, a7, 8172
mem[X,0x00000000800016BC] -> 0x0113
mem[X,0x00000000800016BE] -> 0x0021
[540] [M]: 0x00000000800016BC (0x00210113) addi sp, sp, 2
x2 <- 0x0000000000000002
mem[X,0x00000000800016C0] -> 0x006F
mem[X,0x00000000800016C2] -> 0x00C0
[541] [M]: 0x00000000800016C0 (0x00C0006F) jal zero, 12
mem[X,0x00000000800016CC] -> 0xBC23
mem[X,0x00000000800016CE] -> 0x0020
[542] [M]: 0x00000000800016CC (0x0020BC23) sd sp, 24(ra)
mem[0x00000000800491E8] <- 0x0000000000000002
mem[X,0x00000000800016D0] -> 0x0A13
mem[X,0x00000000800016D2] -> 0x0010
[543] [M]: 0x00000000800016D0 (0x00100A13) addi s4, zero, 1
x20 <- 0x0000000000000001
mem[X,0x00000000800016D4] -> 0x1A13
mem[X,0x00000000800016D6] -> 0x032A
[544] [M]: 0x00000000800016D4 (0x032A1A13) slli s4, s4, 50
x20 <- 0x0004000000000000
mem[X,0x00000000800016D8] -> 0x0B93
mem[X,0x00000000800016DA] -> 0x0010
[545] [M]: 0x00000000800016D8 (0x00100B93) addi s7, zero, 1
x23 <- 0x0000000000000001
mem[X,0x00000000800016DC] -> 0x9B93
mem[X,0x00000000800016DE] -> 0x015B
[546] [M]: 0x00000000800016DC (0x015B9B93) slli s7, s7, 21
x23 <- 0x0000000000200000
mem[X,0x00000000800016E0] -> 0x0113
mem[X,0x00000000800016E2] -> 0x0000
[547] [M]: 0x00000000800016E0 (0x00000113) addi sp, zero, 0
x2 <- 0x0000000000000000
mem[X,0x00000000800016E4] -> 0x006F
mem[X,0x00000000800016E6] -> 0x00C0
[548] [M]: 0x00000000800016E4 (0x00C0006F) jal zero, 12
mem[X,0x00000000800016F0] -> 0x5663
mem[X,0x00000000800016F2] -> 0x017A
[549] [M]: 0x00000000800016F0 (0x017A5663) bge s4, s7, 12
mem[X,0x00000000800016FC] -> 0x0113
mem[X,0x00000000800016FE] -> 0x0031
[550] [M]: 0x00000000800016FC (0x00310113) addi sp, sp, 3
x2 <- 0x0000000000000003
mem[X,0x0000000080001700] -> 0x006F
mem[X,0x0000000080001702] -> 0x0040
[551] [M]: 0x0000000080001700 (0x0040006F) jal zero, 4
mem[X,0x0000000080001704] -> 0xB023
mem[X,0x0000000080001706] -> 0x0220
[552] [M]: 0x0000000080001704 (0x0220B023) sd sp, 32(ra)
mem[0x00000000800491F0] <- 0x0000000000000003
mem[X,0x0000000080001708] -> 0x0A93
mem[X,0x000000008000170A] -> 0x0010
[553] [M]: 0x0000000080001708 (0x00100A93) addi s5, zero, 1
x21 <- 0x0000000000000001
mem[X,0x000000008000170C] -> 0x9A93
mem[X,0x000000008000170E] -> 0x02BA
[554] [M]: 0x000000008000170C (0x02BA9A93) slli s5, s5, 43
x21 <- 0x0000080000000000
mem[X,0x0000000080001710] -> 0x0713
mem[X,0x0000000080001712] -> 0x0010
[555] [M]: 0x0000000080001710 (0x00100713) addi a4, zero, 1
x14 <- 0x0000000000000001
mem[X,0x0000000080001714] -> 0x1713
mem[X,0x0000000080001716] -> 0x0167
[556] [M]: 0x0000000080001714 (0x01671713) slli a4, a4, 22
x14 <- 0x0000000000400000
mem[X,0x0000000080001718] -> 0x0113
mem[X,0x000000008000171A] -> 0x0000
[557] [M]: 0x0000000080001718 (0x00000113) addi sp, zero, 0
x2 <- 0x0000000000000000
mem[X,0x000000008000171C] -> 0x006F
mem[X,0x000000008000171E] -> 0x00C0
[558] [M]: 0x000000008000171C (0x00C0006F) jal zero, 12
mem[X,0x0000000080001728] -> 0xD063
mem[X,0x000000008000172A] -> 0x40EA
[559] [M]: 0x0000000080001728 (0x40EAD063) bge s5, a4, 1024
mem[X,0x0000000080001B28] -> 0x0113
mem[X,0x0000000080001B2A] -> 0x0031
[560] [M]: 0x0000000080001B28 (0x00310113) addi sp, sp, 3
x2 <- 0x0000000000000003
mem[X,0x0000000080001B2C] -> 0x006F
mem[X,0x0000000080001B2E] -> 0x0040
[561] [M]: 0x0000000080001B2C (0x0040006F) jal zero, 4
mem[X,0x0000000080001B30] -> 0xB423
mem[X,0x0000000080001B32] -> 0x0220
[562] [M]: 0x0000000080001B30 (0x0220B423) sd sp, 40(ra)
mem[0x00000000800491F8] <- 0x0000000000000003
mem[X,0x0000000080001B34] -> 0x0193
mem[X,0x0000000080001B36] -> 0x0010
[563] [M]: 0x0000000080001B34 (0x00100193) addi gp, zero, 1
x3 <- 0x0000000000000001
mem[X,0x0000000080001B38] -> 0x9193
mem[X,0x0000000080001B3A] -> 0x0361
[564] [M]: 0x0000000080001B38 (0x03619193) slli gp, gp, 54
x3 <- 0x0040000000000000
mem[X,0x0000000080001B3C] -> 0xC193
mem[X,0x0000000080001B3E] -> 0xFFF1
[565] [M]: 0x0000000080001B3C (0xFFF1C193) xori gp, gp, 4095
x3 <- 0xFFBFFFFFFFFFFFFF
mem[X,0x0000000080001B40] -> 0x0913
mem[X,0x0000000080001B42] -> 0x0010
[566] [M]: 0x0000000080001B40 (0x00100913) addi s2, zero, 1
x18 <- 0x0000000000000001
mem[X,0x0000000080001B44] -> 0x1913
mem[X,0x0000000080001B46] -> 0x0179
[567] [M]: 0x0000000080001B44 (0x01791913) slli s2, s2, 23
x18 <- 0x0000000000800000
mem[X,0x0000000080001B48] -> 0x0113
mem[X,0x0000000080001B4A] -> 0x0000
[568] [M]: 0x0000000080001B48 (0x00000113) addi sp, zero, 0
x2 <- 0x0000000000000000
mem[X,0x0000000080001B4C] -> 0x006F
mem[X,0x0000000080001B4E] -> 0x00C0
[569] [M]: 0x0000000080001B4C (0x00C0006F) jal zero, 12
mem[X,0x0000000080001B58] -> 0xD663
mem[X,0x0000000080001B5A] -> 0x0121
[570] [M]: 0x0000000080001B58 (0x0121D663) bge gp, s2, 12
mem[X,0x0000000080001B5C] -> 0x0113
mem[X,0x0000000080001B5E] -> 0x0021
[571] [M]: 0x0000000080001B5C (0x00210113) addi sp, sp, 2
x2 <- 0x0000000000000002
mem[X,0x0000000080001B60] -> 0x006F
mem[X,0x0000000080001B62] -> 0x00C0
[572] [M]: 0x0000000080001B60 (0x00C0006F) jal zero, 12
mem[X,0x0000000080001B6C] -> 0xB823
mem[X,0x0000000080001B6E] -> 0x0220
[573] [M]: 0x0000000080001B6C (0x0220B823) sd sp, 48(ra)
mem[0x0000000080049200] <- 0x0000000000000002
mem[X,0x0000000080001B70] -> 0x0793
mem[X,0x0000000080001B72] -> 0x0010
[574] [M]: 0x0000000080001B70 (0x00100793) addi a5, zero, 1
x15 <- 0x0000000000000001
mem[X,0x0000000080001B74] -> 0x9793
mem[X,0x0000000080001B76] -> 0x0187
[575] [M]: 0x0000000080001B74 (0x01879793) slli a5, a5, 24
x15 <- 0x0000000001000000
mem[X,0x0000000080001B78] -> 0xC793
mem[X,0x0000000080001B7A] -> 0xFFF7
[576] [M]: 0x0000000080001B78 (0xFFF7C793) xori a5, a5, 4095
x15 <- 0xFFFFFFFFFEFFFFFF
mem[X,0x0000000080001B7C] -> 0x0213
mem[X,0x0000000080001B7E] -> 0x0010
[577] [M]: 0x0000000080001B7C (0x00100213) addi tp, zero, 1
x4 <- 0x0000000000000001
mem[X,0x0000000080001B80] -> 0x1213
mem[X,0x0000000080001B82] -> 0x0192
[578] [M]: 0x0000000080001B80 (0x01921213) slli tp, tp, 25
x4 <- 0x0000000002000000
mem[X,0x0000000080001B84] -> 0x0113
mem[X,0x0000000080001B86] -> 0x0000
[579] [M]: 0x0000000080001B84 (0x00000113) addi sp, zero, 0
x2 <- 0x0000000000000000
mem[X,0x0000000080001B88] -> 0x006F
mem[X,0x0000000080001B8A] -> 0x00C0
[580] [M]: 0x0000000080001B88 (0x00C0006F) jal zero, 12
mem[X,0x0000000080001B94] -> 0xD663
mem[X,0x0000000080001B96] -> 0x0047
[581] [M]: 0x0000000080001B94 (0x0047D663) bge a5, tp, 12
mem[X,0x0000000080001B98] -> 0x0113
mem[X,0x0000000080001B9A] -> 0x0021
[582] [M]: 0x0000000080001B98 (0x00210113) addi sp, sp, 2
x2 <- 0x0000000000000002
mem[X,0x0000000080001B9C] -> 0x006F
mem[X,0x0000000080001B9E] -> 0x00C0
[583] [M]: 0x0000000080001B9C (0x00C0006F) jal zero, 12
mem[X,0x0000000080001BA8] -> 0xBC23
mem[X,0x0000000080001BAA] -> 0x0220
[584] [M]: 0x0000000080001BA8 (0x0220BC23) sd sp, 56(ra)
mem[0x0000000080049208] <- 0x0000000000000002
mem[X,0x0000000080001BAC] -> 0x0913
mem[X,0x0000000080001BAE] -> 0x0010
[585] [M]: 0x0000000080001BAC (0x00100913) addi s2, zero, 1
x18 <- 0x0000000000000001
mem[X,0x0000000080001BB0] -> 0x1913
mem[X,0x0000000080001BB2] -> 0x0169
[586] [M]: 0x0000000080001BB0 (0x01691913) slli s2, s2, 22
x18 <- 0x0000000000400000
mem[X,0x0000000080001BB4] -> 0x0C13
mem[X,0x0000000080001BB6] -> 0x0010
[587] [M]: 0x0000000080001BB4 (0x00100C13) addi s8, zero, 1
x24 <- 0x0000000000000001
mem[X,0x0000000080001BB8] -> 0x1C13
mem[X,0x0000000080001BBA] -> 0x01AC
[588] [M]: 0x0000000080001BB8 (0x01AC1C13) slli s8, s8, 26
x24 <- 0x0000000004000000
mem[X,0x0000000080001BBC] -> 0x0113
mem[X,0x0000000080001BBE] -> 0x0000
[589] [M]: 0x0000000080001BBC (0x00000113) addi sp, zero, 0
x2 <- 0x0000000000000000
mem[X,0x0000000080001BC0] -> 0x006F
mem[X,0x0000000080001BC2] -> 0x00C0
[590] [M]: 0x0000000080001BC0 (0x00C0006F) jal zero, 12
mem[X,0x0000000080001BCC] -> 0x5663
mem[X,0x0000000080001BCE] -> 0x0189
[591] [M]: 0x0000000080001BCC (0x01895663) bge s2, s8, 12
mem[X,0x0000000080001BD0] -> 0x0113
mem[X,0x0000000080001BD2] -> 0x0021
[592] [M]: 0x0000000080001BD0 (0x00210113) addi sp, sp, 2
x2 <- 0x0000000000000002
mem[X,0x0000000080001BD4] -> 0x006F
mem[X,0x0000000080001BD6] -> 0x00C0
[593] [M]: 0x0000000080001BD4 (0x00C0006F) jal zero, 12
mem[X,0x0000000080001BE0] -> 0xB023
mem[X,0x0000000080001BE2] -> 0x0420
[594] [M]: 0x0000000080001BE0 (0x0420B023) sd sp, 64(ra)
mem[0x0000000080049210] <- 0x0000000000000002
mem[X,0x0000000080001BE4] -> 0x0513
mem[X,0x0000000080001BE6] -> 0xDFF0
[595] [M]: 0x0000000080001BE4 (0xDFF00513) addi a0, zero, 3583
x10 <- 0xFFFFFFFFFFFFFDFF
mem[X,0x0000000080001BE8] -> 0x0593
mem[X,0x0000000080001BEA] -> 0x0010
[596] [M]: 0x0000000080001BE8 (0x00100593) addi a1, zero, 1
x11 <- 0x0000000000000001
mem[X,0x0000000080001BEC] -> 0x9593
mem[X,0x0000000080001BEE] -> 0x01B5
[597] [M]: 0x0000000080001BEC (0x01B59593) slli a1, a1, 27
x11 <- 0x0000000008000000
mem[X,0x0000000080001BF0] -> 0x0113
mem[X,0x0000000080001BF2] -> 0x0000
[598] [M]: 0x0000000080001BF0 (0x00000113) addi sp, zero, 0
x2 <- 0x0000000000000000
mem[X,0x0000000080001BF4] -> 0x006F
mem[X,0x0000000080001BF6] -> 0x00C0
[599] [M]: 0x0000000080001BF4 (0x00C0006F) jal zero, 12
clint::tick mtime <- 0x0000000000000006
 clint timer pending at mtime 0x0000000000000006
htif::tick 0x0000000000000000
mem[X,0x0000000080001C00] -> 0x5663
mem[X,0x0000000080001C02] -> 0x00B5
[600] [M]: 0x0000000080001C00 (0x00B55663) bge a0, a1, 12
mem[X,0x0000000080001C04] -> 0x0113
mem[X,0x0000000080001C06] -> 0x0021
[601] [M]: 0x0000000080001C04 (0x00210113) addi sp, sp, 2
x2 <- 0x0000000000000002
mem[X,0x0000000080001C08] -> 0x006F
mem[X,0x0000000080001C0A] -> 0x00C0
[602] [M]: 0x0000000080001C08 (0x00C0006F) jal zero, 12
mem[X,0x0000000080001C14] -> 0xB423
mem[X,0x0000000080001C16] -> 0x0420
[603] [M]: 0x0000000080001C14 (0x0420B423) sd sp, 72(ra)
mem[0x0000000080049218] <- 0x0000000000000002
mem[X,0x0000000080001C18] -> 0x0537
mem[X,0x0000000080001C1A] -> 0x0000
[604] [M]: 0x0000000080001C18 (0x00000537) lui a0, 0
x10 <- 0x0000000000000000
mem[X,0x0000000080001C1C] -> 0x0513
mem[X,0x0000000080001C1E] -> 0xFFF5
[605] [M]: 0x0000000080001C1C (0xFFF50513) addi a0, a0, 4095
x10 <- 0xFFFFFFFFFFFFFFFF
mem[X,0x0000000080001C20] -> 0x1513
mem[X,0x0000000080001C22] -> 0x00B5
[606] [M]: 0x0000000080001C20 (0x00B51513) slli a0, a0, 11
x10 <- 0xFFFFFFFFFFFFF800
mem[X,0x0000000080001C24] -> 0x0513
mem[X,0x0000000080001C26] -> 0x2575
[607] [M]: 0x0000000080001C24 (0x25750513) addi a0, a0, 599
x10 <- 0xFFFFFFFFFFFFFA57
mem[X,0x0000000080001C28] -> 0x1513
mem[X,0x0000000080001C2A] -> 0x00B5
[608] [M]: 0x0000000080001C28 (0x00B51513) slli a0, a0, 11
x10 <- 0xFFFFFFFFFFD2B800
mem[X,0x0000000080001C2C] -> 0x0513
mem[X,0x0000000080001C2E] -> 0x6C35
[609] [M]: 0x0000000080001C2C (0x6C350513) addi a0, a0, 1731
x10 <- 0xFFFFFFFFFFD2BEC3
mem[X,0x0000000080001C30] -> 0x1513
mem[X,0x0000000080001C32] -> 0x00A5
[610] [M]: 0x0000000080001C30 (0x00A51513) slli a0, a0, 10
x10 <- 0xFFFFFFFF4AFB0C00
mem[X,0x0000000080001C34] -> 0x0513
mem[X,0x0000000080001C36] -> 0x0CD5
[611] [M]: 0x0000000080001C34 (0x0CD50513) addi a0, a0, 205
x10 <- 0xFFFFFFFF4AFB0CCD
mem[X,0x0000000080001C38] -> 0x0593
mem[X,0x0000000080001C3A] -> 0x0010
[612] [M]: 0x0000000080001C38 (0x00100593) addi a1, zero, 1
x11 <- 0x0000000000000001
mem[X,0x0000000080001C3C] -> 0x9593
mem[X,0x0000000080001C3E] -> 0x01C5
[613] [M]: 0x0000000080001C3C (0x01C59593) slli a1, a1, 28
x11 <- 0x0000000010000000
mem[X,0x0000000080001C40] -> 0x0113
mem[X,0x0000000080001C42] -> 0x0000
[614] [M]: 0x0000000080001C40 (0x00000113) addi sp, zero, 0
x2 <- 0x0000000000000000
mem[X,0x0000000080001C44] -> 0x006F
mem[X,0x0000000080001C46] -> 0x00C0
[615] [M]: 0x0000000080001C44 (0x00C0006F) jal zero, 12
mem[X,0x0000000080001C50] -> 0x5063
mem[X,0x0000000080001C52] -> 0x10B5
[616] [M]: 0x0000000080001C50 (0x10B55063) bge a0, a1, 256
mem[X,0x0000000080001C54] -> 0x0113
mem[X,0x0000000080001C56] -> 0x0021
[617] [M]: 0x0000000080001C54 (0x00210113) addi sp, sp, 2
x2 <- 0x0000000000000002
mem[X,0x0000000080001C58] -> 0x006F
mem[X,0x0000000080001C5A] -> 0x1000
[618] [M]: 0x0000000080001C58 (0x1000006F) jal zero, 256
mem[X,0x0000000080001D58] -> 0xB823
mem[X,0x0000000080001D5A] -> 0x0420
[619] [M]: 0x0000000080001D58 (0x0420B823) sd sp, 80(ra)
mem[0x0000000080049220] <- 0x0000000000000002
mem[X,0x0000000080001D5C] -> 0x0513
mem[X,0x0000000080001D5E] -> 0x0010
[620] [M]: 0x0000000080001D5C (0x00100513) addi a0, zero, 1
x10 <- 0x0000000000000001
mem[X,0x0000000080001D60] -> 0x1513
mem[X,0x0000000080001D62] -> 0x0255
[621] [M]: 0x0000000080001D60 (0x02551513) slli a0, a0, 37
x10 <- 0x0000002000000000
mem[X,0x0000000080001D64] -> 0x4513
mem[X,0x0000000080001D66] -> 0xFFF5
[622] [M]: 0x0000000080001D64 (0xFFF54513) xori a0, a0, 4095
x10 <- 0xFFFFFFDFFFFFFFFF
mem[X,0x0000000080001D68] -> 0x0593
mem[X,0x0000000080001D6A] -> 0x0010
[623] [M]: 0x0000000080001D68 (0x00100593) addi a1, zero, 1
x11 <- 0x0000000000000001
mem[X,0x0000000080001D6C] -> 0x9593
mem[X,0x0000000080001D6E] -> 0x01D5
[624] [M]: 0x0000000080001D6C (0x01D59593) slli a1, a1, 29
x11 <- 0x0000000020000000
mem[X,0x0000000080001D70] -> 0x0113
mem[X,0x0000000080001D72] -> 0x0000
[625] [M]: 0x0000000080001D70 (0x00000113) addi sp, zero, 0
x2 <- 0x0000000000000000
mem[X,0x0000000080001D74] -> 0x006F
mem[X,0x0000000080001D76] -> 0x0050
[626] [M]: 0x0000000080001D74 (0x0050006F) jal zero, 2052
mem[X,0x0000000080002578] -> 0x50E3
mem[X,0x000000008000257A] -> 0x80B5
[627] [M]: 0x0000000080002578 (0x80B550E3) bge a0, a1, 6144
mem[X,0x000000008000257C] -> 0x0113
mem[X,0x000000008000257E] -> 0x0021
[628] [M]: 0x000000008000257C (0x00210113) addi sp, sp, 2
x2 <- 0x0000000000000002
mem[X,0x0000000080002580] -> 0x006F
mem[X,0x0000000080002582] -> 0x00C0
[629] [M]: 0x0000000080002580 (0x00C0006F) jal zero, 12
mem[X,0x000000008000258C] -> 0xBC23
mem[X,0x000000008000258E] -> 0x0420
[630] [M]: 0x000000008000258C (0x0420BC23) sd sp, 88(ra)
mem[0x0000000080049228] <- 0x0000000000000002
mem[X,0x0000000080002590] -> 0x0513
mem[X,0x0000000080002592] -> 0x0800
[631] [M]: 0x0000000080002590 (0x08000513) addi a0, zero, 128
x10 <- 0x0000000000000080
mem[X,0x0000000080002594] -> 0x0593
mem[X,0x0000000080002596] -> 0x0010
[632] [M]: 0x0000000080002594 (0x00100593) addi a1, zero, 1
x11 <- 0x0000000000000001
mem[X,0x0000000080002598] -> 0x9593
mem[X,0x000000008000259A] -> 0x01E5
[633] [M]: 0x0000000080002598 (0x01E59593) slli a1, a1, 30
x11 <- 0x0000000040000000
mem[X,0x000000008000259C] -> 0x0113
mem[X,0x000000008000259E] -> 0x0000
[634] [M]: 0x000000008000259C (0x00000113) addi sp, zero, 0
x2 <- 0x0000000000000000
mem[X,0x00000000800025A0] -> 0x006F
mem[X,0x00000000800025A2] -> 0x00C0
[635] [M]: 0x00000000800025A0 (0x00C0006F) jal zero, 12
mem[X,0x00000000800025AC] -> 0x5663
mem[X,0x00000000800025AE] -> 0x00B5
[636] [M]: 0x00000000800025AC (0x00B55663) bge a0, a1, 12
mem[X,0x00000000800025B0] -> 0x0113
mem[X,0x00000000800025B2] -> 0x0021
[637] [M]: 0x00000000800025B0 (0x00210113) addi sp, sp, 2
x2 <- 0x0000000000000002
mem[X,0x00000000800025B4] -> 0x006F
mem[X,0x00000000800025B6] -> 0x00C0
[638] [M]: 0x00000000800025B4 (0x00C0006F) jal zero, 12
mem[X,0x00000000800025C0] -> 0xB023
mem[X,0x00000000800025C2] -> 0x0620
[639] [M]: 0x00000000800025C0 (0x0620B023) sd sp, 96(ra)
mem[0x0000000080049230] <- 0x0000000000000002
mem[X,0x00000000800025C4] -> 0x0513
mem[X,0x00000000800025C6] -> 0x1000
[640] [M]: 0x00000000800025C4 (0x10000513) addi a0, zero, 256
x10 <- 0x0000000000000100
mem[X,0x00000000800025C8] -> 0x0593
mem[X,0x00000000800025CA] -> 0x0010
[641] [M]: 0x00000000800025C8 (0x00100593) addi a1, zero, 1
x11 <- 0x0000000000000001
mem[X,0x00000000800025CC] -> 0x9593
mem[X,0x00000000800025CE] -> 0x01F5
[642] [M]: 0x00000000800025CC (0x01F59593) slli a1, a1, 31
x11 <- 0x0000000080000000
mem[X,0x00000000800025D0] -> 0x0113
mem[X,0x00000000800025D2] -> 0x0000
[643] [M]: 0x00000000800025D0 (0x00000113) addi sp, zero, 0
x2 <- 0x0000000000000000
mem[X,0x00000000800025D4] -> 0x006F
mem[X,0x00000000800025D6] -> 0x00C0
[644] [M]: 0x00000000800025D4 (0x00C0006F) jal zero, 12
mem[X,0x00000000800025E0] -> 0x5CE3
mem[X,0x00000000800025E2] -> 0xFEB5
[645] [M]: 0x00000000800025E0 (0xFEB55CE3) bge a0, a1, 8184
mem[X,0x00000000800025E4] -> 0x0113
mem[X,0x00000000800025E6] -> 0x0021
[646] [M]: 0x00000000800025E4 (0x00210113) addi sp, sp, 2
x2 <- 0x0000000000000002
mem[X,0x00000000800025E8] -> 0x006F
mem[X,0x00000000800025EA] -> 0x00C0
[647] [M]: 0x00000000800025E8 (0x00C0006F) jal zero, 12
mem[X,0x00000000800025F4] -> 0xB423
mem[X,0x00000000800025F6] -> 0x0620
[648] [M]: 0x00000000800025F4 (0x0620B423) sd sp, 104(ra)
mem[0x0000000080049238] <- 0x0000000000000002
mem[X,0x00000000800025F8] -> 0x0513
mem[X,0x00000000800025FA] -> 0x0010
[649] [M]: 0x00000000800025F8 (0x00100513) addi a0, zero, 1
x10 <- 0x0000000000000001
mem[X,0x00000000800025FC] -> 0x1513
mem[X,0x00000000800025FE] -> 0x0375
[650] [M]: 0x00000000800025FC (0x03751513) slli a0, a0, 55
x10 <- 0x0080000000000000
mem[X,0x0000000080002600] -> 0x4513
mem[X,0x0000000080002602] -> 0xFFF5
[651] [M]: 0x0000000080002600 (0xFFF54513) xori a0, a0, 4095
x10 <- 0xFF7FFFFFFFFFFFFF
mem[X,0x0000000080002604] -> 0x0593
mem[X,0x0000000080002606] -> 0x0010
[652] [M]: 0x0000000080002604 (0x00100593) addi a1, zero, 1
x11 <- 0x0000000000000001
mem[X,0x0000000080002608] -> 0x9593
mem[X,0x000000008000260A] -> 0x0205
[653] [M]: 0x0000000080002608 (0x02059593) slli a1, a1, 32
x11 <- 0x0000000100000000
mem[X,0x000000008000260C] -> 0x0113
mem[X,0x000000008000260E] -> 0x0000
[654] [M]: 0x000000008000260C (0x00000113) addi sp, zero, 0
x2 <- 0x0000000000000000
mem[X,0x0000000080002610] -> 0x006F
mem[X,0x0000000080002612] -> 0x0050
[655] [M]: 0x0000000080002610 (0x0050006F) jal zero, 2052
mem[X,0x0000000080002E14] -> 0x50E3
mem[X,0x0000000080002E16] -> 0x80B5
[656] [M]: 0x0000000080002E14 (0x80B550E3) bge a0, a1, 6144
mem[X,0x0000000080002E18] -> 0x0113
mem[X,0x0000000080002E1A] -> 0x0021
[657] [M]: 0x0000000080002E18 (0x00210113) addi sp, sp, 2
x2 <- 0x0000000000000002
mem[X,0x0000000080002E1C] -> 0x006F
mem[X,0x0000000080002E1E] -> 0x00C0
[658] [M]: 0x0000000080002E1C (0x00C0006F) jal zero, 12
mem[X,0x0000000080002E28] -> 0xB823
mem[X,0x0000000080002E2A] -> 0x0620
[659] [M]: 0x0000000080002E28 (0x0620B823) sd sp, 112(ra)
mem[0x0000000080049240] <- 0x0000000000000002
mem[X,0x0000000080002E2C] -> 0x0513
mem[X,0x0000000080002E2E] -> 0xFFF0
[660] [M]: 0x0000000080002E2C (0xFFF00513) addi a0, zero, 4095
x10 <- 0xFFFFFFFFFFFFFFFF
mem[X,0x0000000080002E30] -> 0x1513
mem[X,0x0000000080002E32] -> 0x03E5
[661] [M]: 0x0000000080002E30 (0x03E51513) slli a0, a0, 62
x10 <- 0xC000000000000000
mem[X,0x0000000080002E34] -> 0x0593
mem[X,0x0000000080002E36] -> 0x0010
[662] [M]: 0x0000000080002E34 (0x00100593) addi a1, zero, 1
x11 <- 0x0000000000000001
mem[X,0x0000000080002E38] -> 0x9593
mem[X,0x0000000080002E3A] -> 0x0215
[663] [M]: 0x0000000080002E38 (0x02159593) slli a1, a1, 33
x11 <- 0x0000000200000000
mem[X,0x0000000080002E3C] -> 0x0113
mem[X,0x0000000080002E3E] -> 0x0000
[664] [M]: 0x0000000080002E3C (0x00000113) addi sp, zero, 0
x2 <- 0x0000000000000000
mem[X,0x0000000080002E40] -> 0x006F
mem[X,0x0000000080002E42] -> 0x00C0
[665] [M]: 0x0000000080002E40 (0x00C0006F) jal zero, 12
mem[X,0x0000000080002E4C] -> 0x5863
mem[X,0x0000000080002E4E] -> 0x00B5
[666] [M]: 0x0000000080002E4C (0x00B55863) bge a0, a1, 16
mem[X,0x0000000080002E50] -> 0x0113
mem[X,0x0000000080002E52] -> 0x0021
[667] [M]: 0x0000000080002E50 (0x00210113) addi sp, sp, 2
x2 <- 0x0000000000000002
mem[X,0x0000000080002E54] -> 0x006F
mem[X,0x0000000080002E56] -> 0x0100
[668] [M]: 0x0000000080002E54 (0x0100006F) jal zero, 16
mem[X,0x0000000080002E64] -> 0xBC23
mem[X,0x0000000080002E66] -> 0x0620
[669] [M]: 0x0000000080002E64 (0x0620BC23) sd sp, 120(ra)
mem[0x0000000080049248] <- 0x0000000000000002
mem[X,0x0000000080002E68] -> 0x0513
mem[X,0x0000000080002E6A] -> 0x0010
[670] [M]: 0x0000000080002E68 (0x00100513) addi a0, zero, 1
x10 <- 0x0000000000000001
mem[X,0x0000000080002E6C] -> 0x1513
mem[X,0x0000000080002E6E] -> 0x03A5
[671] [M]: 0x0000000080002E6C (0x03A51513) slli a0, a0, 58
x10 <- 0x0400000000000000
mem[X,0x0000000080002E70] -> 0x0593
mem[X,0x0000000080002E72] -> 0x0010
[672] [M]: 0x0000000080002E70 (0x00100593) addi a1, zero, 1
x11 <- 0x0000000000000001
mem[X,0x0000000080002E74] -> 0x9593
mem[X,0x0000000080002E76] -> 0x0225
[673] [M]: 0x0000000080002E74 (0x02259593) slli a1, a1, 34
x11 <- 0x0000000400000000
mem[X,0x0000000080002E78] -> 0x0113
mem[X,0x0000000080002E7A] -> 0x0000
[674] [M]: 0x0000000080002E78 (0x00000113) addi sp, zero, 0
x2 <- 0x0000000000000000
mem[X,0x0000000080002E7C] -> 0x006F
mem[X,0x0000000080002E7E] -> 0x00C0
[675] [M]: 0x0000000080002E7C (0x00C0006F) jal zero, 12
mem[X,0x0000000080002E88] -> 0x5CE3
mem[X,0x0000000080002E8A] -> 0xFEB5
[676] [M]: 0x0000000080002E88 (0xFEB55CE3) bge a0, a1, 8184
mem[X,0x0000000080002E80] -> 0x0113
mem[X,0x0000000080002E82] -> 0x0011
[677] [M]: 0x0000000080002E80 (0x00110113) addi sp, sp, 1
x2 <- 0x0000000000000001
mem[X,0x0000000080002E84] -> 0x006F
mem[X,0x0000000080002E86] -> 0x0180
[678] [M]: 0x0000000080002E84 (0x0180006F) jal zero, 24
mem[X,0x0000000080002E9C] -> 0xB023
mem[X,0x0000000080002E9E] -> 0x0820
[679] [M]: 0x0000000080002E9C (0x0820B023) sd sp, 128(ra)
mem[0x0000000080049250] <- 0x0000000000000001
mem[X,0x0000000080002EA0] -> 0x0513
mem[X,0x0000000080002EA2] -> 0x0010
[680] [M]: 0x0000000080002EA0 (0x00100513) addi a0, zero, 1
x10 <- 0x0000000000000001
mem[X,0x0000000080002EA4] -> 0x1513
mem[X,0x0000000080002EA6] -> 0x03C5
[681] [M]: 0x0000000080002EA4 (0x03C51513) slli a0, a0, 60
x10 <- 0x1000000000000000
mem[X,0x0000000080002EA8] -> 0x4513
mem[X,0x0000000080002EAA] -> 0xFFF5
[682] [M]: 0x0000000080002EA8 (0xFFF54513) xori a0, a0, 4095
x10 <- 0xEFFFFFFFFFFFFFFF
mem[X,0x0000000080002EAC] -> 0x0593
mem[X,0x0000000080002EAE] -> 0x0010
[683] [M]: 0x0000000080002EAC (0x00100593) addi a1, zero, 1
x11 <- 0x0000000000000001
mem[X,0x0000000080002EB0] -> 0x9593
mem[X,0x0000000080002EB2] -> 0x0235
[684] [M]: 0x0000000080002EB0 (0x02359593) slli a1, a1, 35
x11 <- 0x0000000800000000
mem[X,0x0000000080002EB4] -> 0x0113
mem[X,0x0000000080002EB6] -> 0x0000
[685] [M]: 0x0000000080002EB4 (0x00000113) addi sp, zero, 0
x2 <- 0x0000000000000000
mem[X,0x0000000080002EB8] -> 0x006F
mem[X,0x0000000080002EBA] -> 0x0100
[686] [M]: 0x0000000080002EB8 (0x0100006F) jal zero, 16
mem[X,0x0000000080002EC8] -> 0x5AE3
mem[X,0x0000000080002ECA] -> 0xFEB5
[687] [M]: 0x0000000080002EC8 (0xFEB55AE3) bge a0, a1, 8180
mem[X,0x0000000080002ECC] -> 0x0113
mem[X,0x0000000080002ECE] -> 0x0021
[688] [M]: 0x0000000080002ECC (0x00210113) addi sp, sp, 2
x2 <- 0x0000000000000002
mem[X,0x0000000080002ED0] -> 0x006F
mem[X,0x0000000080002ED2] -> 0x00C0
[689] [M]: 0x0000000080002ED0 (0x00C0006F) jal zero, 12
mem[X,0x0000000080002EDC] -> 0xB423
mem[X,0x0000000080002EDE] -> 0x0820
[690] [M]: 0x0000000080002EDC (0x0820B423) sd sp, 136(ra)
mem[0x0000000080049258] <- 0x0000000000000002
mem[X,0x0000000080002EE0] -> 0x0513
mem[X,0x0000000080002EE2] -> 0x0010
[691] [M]: 0x0000000080002EE0 (0x00100513) addi a0, zero, 1
x10 <- 0x0000000000000001
mem[X,0x0000000080002EE4] -> 0x1513
mem[X,0x0000000080002EE6] -> 0x03B5
[692] [M]: 0x0000000080002EE4 (0x03B51513) slli a0, a0, 59
x10 <- 0x0800000000000000
mem[X,0x0000000080002EE8] -> 0x4513
mem[X,0x0000000080002EEA] -> 0xFFF5
[693] [M]: 0x0000000080002EE8 (0xFFF54513) xori a0, a0, 4095
x10 <- 0xF7FFFFFFFFFFFFFF
mem[X,0x0000000080002EEC] -> 0x0593
mem[X,0x0000000080002EEE] -> 0x0010
[694] [M]: 0x0000000080002EEC (0x00100593) addi a1, zero, 1
x11 <- 0x0000000000000001
mem[X,0x0000000080002EF0] -> 0x9593
mem[X,0x0000000080002EF2] -> 0x0245
[695] [M]: 0x0000000080002EF0 (0x02459593) slli a1, a1, 36
x11 <- 0x0000001000000000
mem[X,0x0000000080002EF4] -> 0x0113
mem[X,0x0000000080002EF6] -> 0x0000
[696] [M]: 0x0000000080002EF4 (0x00000113) addi sp, zero, 0
x2 <- 0x0000000000000000
mem[X,0x0000000080002EF8] -> 0x006F
mem[X,0x0000000080002EFA] -> 0x0180
[697] [M]: 0x0000000080002EF8 (0x0180006F) jal zero, 24
mem[X,0x0000000080002F10] -> 0x56E3
mem[X,0x0000000080002F12] -> 0xFEB5
[698] [M]: 0x0000000080002F10 (0xFEB556E3) bge a0, a1, 8172
mem[X,0x0000000080002F14] -> 0x0113
mem[X,0x0000000080002F16] -> 0x0021
[699] [M]: 0x0000000080002F14 (0x00210113) addi sp, sp, 2
x2 <- 0x0000000000000002
clint::tick mtime <- 0x0000000000000007
 clint timer pending at mtime 0x0000000000000007
htif::tick 0x0000000000000000
mem[X,0x0000000080002F18] -> 0x006F
mem[X,0x0000000080002F1A] -> 0x00C0
[700] [M]: 0x0000000080002F18 (0x00C0006F) jal zero, 12
mem[X,0x0000000080002F24] -> 0xB823
mem[X,0x0000000080002F26] -> 0x0820
[701] [M]: 0x0000000080002F24 (0x0820B823) sd sp, 144(ra)
mem[0x0000000080049260] <- 0x0000000000000002
mem[X,0x0000000080002F28] -> 0x0513
mem[X,0x0000000080002F2A] -> 0x0000
[702] [M]: 0x0000000080002F28 (0x00000513) addi a0, zero, 0
x10 <- 0x0000000000000000
mem[X,0x0000000080002F2C] -> 0x0593
mem[X,0x0000000080002F2E] -> 0x0010
[703] [M]: 0x0000000080002F2C (0x00100593) addi a1, zero, 1
x11 <- 0x0000000000000001
mem[X,0x0000000080002F30] -> 0x9593
mem[X,0x0000000080002F32] -> 0x0255
[704] [M]: 0x0000000080002F30 (0x02559593) slli a1, a1, 37
x11 <- 0x0000002000000000
mem[X,0x0000000080002F34] -> 0x0113
mem[X,0x0000000080002F36] -> 0x0000
[705] [M]: 0x0000000080002F34 (0x00000113) addi sp, zero, 0
x2 <- 0x0000000000000000
mem[X,0x0000000080002F38] -> 0x006F
mem[X,0x0000000080002F3A] -> 0x00C0
[706] [M]: 0x0000000080002F38 (0x00C0006F) jal zero, 12
mem[X,0x0000000080002F44] -> 0x5863
mem[X,0x0000000080002F46] -> 0x00B5
[707] [M]: 0x0000000080002F44 (0x00B55863) bge a0, a1, 16
mem[X,0x0000000080002F48] -> 0x0113
mem[X,0x0000000080002F4A] -> 0x0021
[708] [M]: 0x0000000080002F48 (0x00210113) addi sp, sp, 2
x2 <- 0x0000000000000002
mem[X,0x0000000080002F4C] -> 0x006F
mem[X,0x0000000080002F4E] -> 0x0100
[709] [M]: 0x0000000080002F4C (0x0100006F) jal zero, 16
mem[X,0x0000000080002F5C] -> 0xBC23
mem[X,0x0000000080002F5E] -> 0x0820
[710] [M]: 0x0000000080002F5C (0x0820BC23) sd sp, 152(ra)
mem[0x0000000080049268] <- 0x0000000000000002
mem[X,0x0000000080002F60] -> 0x0513
mem[X,0x0000000080002F62] -> 0x0010
[711] [M]: 0x0000000080002F60 (0x00100513) addi a0, zero, 1
x10 <- 0x0000000000000001
mem[X,0x0000000080002F64] -> 0x1513
mem[X,0x0000000080002F66] -> 0x0115
[712] [M]: 0x0000000080002F64 (0x01151513) slli a0, a0, 17
x10 <- 0x0000000000020000
mem[X,0x0000000080002F68] -> 0x4513
mem[X,0x0000000080002F6A] -> 0xFFF5
[713] [M]: 0x0000000080002F68 (0xFFF54513) xori a0, a0, 4095
x10 <- 0xFFFFFFFFFFFDFFFF
mem[X,0x0000000080002F6C] -> 0x0593
mem[X,0x0000000080002F6E] -> 0x0010
[714] [M]: 0x0000000080002F6C (0x00100593) addi a1, zero, 1
x11 <- 0x0000000000000001
mem[X,0x0000000080002F70] -> 0x9593
mem[X,0x0000000080002F72] -> 0x0265
[715] [M]: 0x0000000080002F70 (0x02659593) slli a1, a1, 38
x11 <- 0x0000004000000000
mem[X,0x0000000080002F74] -> 0x0113
mem[X,0x0000000080002F76] -> 0x0000
[716] [M]: 0x0000000080002F74 (0x00000113) addi sp, zero, 0
x2 <- 0x0000000000000000
mem[X,0x0000000080002F78] -> 0x006F
mem[X,0x0000000080002F7A] -> 0x0050
[717] [M]: 0x0000000080002F78 (0x0050006F) jal zero, 2052
mem[X,0x000000008000377C] -> 0x50E3
mem[X,0x000000008000377E] -> 0x80B5
[718] [M]: 0x000000008000377C (0x80B550E3) bge a0, a1, 6144
mem[X,0x0000000080003780] -> 0x0113
mem[X,0x0000000080003782] -> 0x0021
[719] [M]: 0x0000000080003780 (0x00210113) addi sp, sp, 2
x2 <- 0x0000000000000002
mem[X,0x0000000080003784] -> 0x006F
mem[X,0x0000000080003786] -> 0x00C0
[720] [M]: 0x0000000080003784 (0x00C0006F) jal zero, 12
mem[X,0x0000000080003790] -> 0xB023
mem[X,0x0000000080003792] -> 0x0A20
[721] [M]: 0x0000000080003790 (0x0A20B023) sd sp, 160(ra)
mem[0x0000000080049270] <- 0x0000000000000002
mem[X,0x0000000080003794] -> 0x0513
mem[X,0x0000000080003796] -> 0x0000
[722] [M]: 0x0000000080003794 (0x00000513) addi a0, zero, 0
x10 <- 0x0000000000000000
mem[X,0x0000000080003798] -> 0x0593
mem[X,0x000000008000379A] -> 0x0010
[723] [M]: 0x0000000080003798 (0x00100593) addi a1, zero, 1
x11 <- 0x0000000000000001
mem[X,0x000000008000379C] -> 0x9593
mem[X,0x000000008000379E] -> 0x0275
[724] [M]: 0x000000008000379C (0x02759593) slli a1, a1, 39
x11 <- 0x0000008000000000
mem[X,0x00000000800037A0] -> 0x0113
mem[X,0x00000000800037A2] -> 0x0000
[725] [M]: 0x00000000800037A0 (0x00000113) addi sp, zero, 0
x2 <- 0x0000000000000000
mem[X,0x00000000800037A4] -> 0x006F
mem[X,0x00000000800037A6] -> 0x00C0
[726] [M]: 0x00000000800037A4 (0x00C0006F) jal zero, 12
mem[X,0x00000000800037B0] -> 0x5063
mem[X,0x00000000800037B2] -> 0x40B5
[727] [M]: 0x00000000800037B0 (0x40B55063) bge a0, a1, 1024
mem[X,0x00000000800037B4] -> 0x0113
mem[X,0x00000000800037B6] -> 0x0021
[728] [M]: 0x00000000800037B4 (0x00210113) addi sp, sp, 2
x2 <- 0x0000000000000002
mem[X,0x00000000800037B8] -> 0x006F
mem[X,0x00000000800037BA] -> 0x4000
[729] [M]: 0x00000000800037B8 (0x4000006F) jal zero, 1024
mem[X,0x0000000080003BB8] -> 0xB423
mem[X,0x0000000080003BBA] -> 0x0A20
[730] [M]: 0x0000000080003BB8 (0x0A20B423) sd sp, 168(ra)
mem[0x0000000080049278] <- 0x0000000000000002
mem[X,0x0000000080003BBC] -> 0x0513
mem[X,0x0000000080003BBE] -> 0x0010
[731] [M]: 0x0000000080003BBC (0x00100513) addi a0, zero, 1
x10 <- 0x0000000000000001
mem[X,0x0000000080003BC0] -> 0x1513
mem[X,0x0000000080003BC2] -> 0x0225
[732] [M]: 0x0000000080003BC0 (0x02251513) slli a0, a0, 34
x10 <- 0x0000000400000000
mem[X,0x0000000080003BC4] -> 0x4513
mem[X,0x0000000080003BC6] -> 0xFFF5
[733] [M]: 0x0000000080003BC4 (0xFFF54513) xori a0, a0, 4095
x10 <- 0xFFFFFFFBFFFFFFFF
mem[X,0x0000000080003BC8] -> 0x0593
mem[X,0x0000000080003BCA] -> 0x0010
[734] [M]: 0x0000000080003BC8 (0x00100593) addi a1, zero, 1
x11 <- 0x0000000000000001
mem[X,0x0000000080003BCC] -> 0x9593
mem[X,0x0000000080003BCE] -> 0x0285
[735] [M]: 0x0000000080003BCC (0x02859593) slli a1, a1, 40
x11 <- 0x0000010000000000
mem[X,0x0000000080003BD0] -> 0x0113
mem[X,0x0000000080003BD2] -> 0x0000
[736] [M]: 0x0000000080003BD0 (0x00000113) addi sp, zero, 0
x2 <- 0x0000000000000000
mem[X,0x0000000080003BD4] -> 0x006F
mem[X,0x0000000080003BD6] -> 0x0180
[737] [M]: 0x0000000080003BD4 (0x0180006F) jal zero, 24
mem[X,0x0000000080003BEC] -> 0x56E3
mem[X,0x0000000080003BEE] -> 0xFEB5
[738] [M]: 0x0000000080003BEC (0xFEB556E3) bge a0, a1, 8172
mem[X,0x0000000080003BF0] -> 0x0113
mem[X,0x0000000080003BF2] -> 0x0021
[739] [M]: 0x0000000080003BF0 (0x00210113) addi sp, sp, 2
x2 <- 0x0000000000000002
mem[X,0x0000000080003BF4] -> 0x006F
mem[X,0x0000000080003BF6] -> 0x00C0
[740] [M]: 0x0000000080003BF4 (0x00C0006F) jal zero, 12
mem[X,0x0000000080003C00] -> 0xB823
mem[X,0x0000000080003C02] -> 0x0A20
[741] [M]: 0x0000000080003C00 (0x0A20B823) sd sp, 176(ra)
mem[0x0000000080049280] <- 0x0000000000000002
mem[X,0x0000000080003C04] -> 0x0513
mem[X,0x0000000080003C06] -> 0x0010
[742] [M]: 0x0000000080003C04 (0x00100513) addi a0, zero, 1
x10 <- 0x0000000000000001
mem[X,0x0000000080003C08] -> 0x1513
mem[X,0x0000000080003C0A] -> 0x03C5
[743] [M]: 0x0000000080003C08 (0x03C51513) slli a0, a0, 60
x10 <- 0x1000000000000000
mem[X,0x0000000080003C0C] -> 0x0593
mem[X,0x0000000080003C0E] -> 0x0010
[744] [M]: 0x0000000080003C0C (0x00100593) addi a1, zero, 1
x11 <- 0x0000000000000001
mem[X,0x0000000080003C10] -> 0x9593
mem[X,0x0000000080003C12] -> 0x0295
[745] [M]: 0x0000000080003C10 (0x02959593) slli a1, a1, 41
x11 <- 0x0000020000000000
mem[X,0x0000000080003C14] -> 0x0113
mem[X,0x0000000080003C16] -> 0x0000
[746] [M]: 0x0000000080003C14 (0x00000113) addi sp, zero, 0
x2 <- 0x0000000000000000
mem[X,0x0000000080003C18] -> 0x006F
mem[X,0x0000000080003C1A] -> 0x0140
[747] [M]: 0x0000000080003C18 (0x0140006F) jal zero, 20
mem[X,0x0000000080003C2C] -> 0x58E3
mem[X,0x0000000080003C2E] -> 0xFEB5
[748] [M]: 0x0000000080003C2C (0xFEB558E3) bge a0, a1, 8176
mem[X,0x0000000080003C1C] -> 0x0113
mem[X,0x0000000080003C1E] -> 0x0011
[749] [M]: 0x0000000080003C1C (0x00110113) addi sp, sp, 1
x2 <- 0x0000000000000001
mem[X,0x0000000080003C20] -> 0x006F
mem[X,0x0000000080003C22] -> 0x0200
[750] [M]: 0x0000000080003C20 (0x0200006F) jal zero, 32
mem[X,0x0000000080003C40] -> 0xBC23
mem[X,0x0000000080003C42] -> 0x0A20
[751] [M]: 0x0000000080003C40 (0x0A20BC23) sd sp, 184(ra)
mem[0x0000000080049288] <- 0x0000000000000001
mem[X,0x0000000080003C44] -> 0x0513
mem[X,0x0000000080003C46] -> 0x0000
[752] [M]: 0x0000000080003C44 (0x00000513) addi a0, zero, 0
x10 <- 0x0000000000000000
mem[X,0x0000000080003C48] -> 0x0593
mem[X,0x0000000080003C4A] -> 0x0010
[753] [M]: 0x0000000080003C48 (0x00100593) addi a1, zero, 1
x11 <- 0x0000000000000001
mem[X,0x0000000080003C4C] -> 0x9593
mem[X,0x0000000080003C4E] -> 0x02A5
[754] [M]: 0x0000000080003C4C (0x02A59593) slli a1, a1, 42
x11 <- 0x0000040000000000
mem[X,0x0000000080003C50] -> 0x0113
mem[X,0x0000000080003C52] -> 0x0000
[755] [M]: 0x0000000080003C50 (0x00000113) addi sp, zero, 0
x2 <- 0x0000000000000000
mem[X,0x0000000080003C54] -> 0x006F
mem[X,0x0000000080003C56] -> 0x2B10
[756] [M]: 0x0000000080003C54 (0x2B10006F) jal zero, 2736
mem[X,0x0000000080004704] -> 0x5A63
mem[X,0x0000000080004706] -> 0xD4B5
[757] [M]: 0x0000000080004704 (0xD4B55A63) bge a0, a1, 5460
mem[X,0x0000000080004708] -> 0x0113
mem[X,0x000000008000470A] -> 0x0021
[758] [M]: 0x0000000080004708 (0x00210113) addi sp, sp, 2
x2 <- 0x0000000000000002
mem[X,0x000000008000470C] -> 0x006F
mem[X,0x000000008000470E] -> 0x00C0
[759] [M]: 0x000000008000470C (0x00C0006F) jal zero, 12
mem[X,0x0000000080004718] -> 0xB023
mem[X,0x000000008000471A] -> 0x0C20
[760] [M]: 0x0000000080004718 (0x0C20B023) sd sp, 192(ra)
mem[0x0000000080049290] <- 0x0000000000000002
mem[X,0x000000008000471C] -> 0x0513
mem[X,0x000000008000471E] -> 0x0010
[761] [M]: 0x000000008000471C (0x00100513) addi a0, zero, 1
x10 <- 0x0000000000000001
mem[X,0x0000000080004720] -> 0x1513
mem[X,0x0000000080004722] -> 0x0395
[762] [M]: 0x0000000080004720 (0x03951513) slli a0, a0, 57
x10 <- 0x0200000000000000
mem[X,0x0000000080004724] -> 0x0593
mem[X,0x0000000080004726] -> 0x0010
[763] [M]: 0x0000000080004724 (0x00100593) addi a1, zero, 1
x11 <- 0x0000000000000001
mem[X,0x0000000080004728] -> 0x9593
mem[X,0x000000008000472A] -> 0x02B5
[764] [M]: 0x0000000080004728 (0x02B59593) slli a1, a1, 43
x11 <- 0x0000080000000000
mem[X,0x000000008000472C] -> 0x0113
mem[X,0x000000008000472E] -> 0x0000
[765] [M]: 0x000000008000472C (0x00000113) addi sp, zero, 0
x2 <- 0x0000000000000000
mem[X,0x0000000080004730] -> 0x006F
mem[X,0x0000000080004732] -> 0x00C0
[766] [M]: 0x0000000080004730 (0x00C0006F) jal zero, 12
mem[X,0x000000008000473C] -> 0x5663
mem[X,0x000000008000473E] -> 0x00B5
[767] [M]: 0x000000008000473C (0x00B55663) bge a0, a1, 12
mem[X,0x0000000080004748] -> 0x0113
mem[X,0x000000008000474A] -> 0x0031
[768] [M]: 0x0000000080004748 (0x00310113) addi sp, sp, 3
x2 <- 0x0000000000000003
mem[X,0x000000008000474C] -> 0x006F
mem[X,0x000000008000474E] -> 0x0040
[769] [M]: 0x000000008000474C (0x0040006F) jal zero, 4
mem[X,0x0000000080004750] -> 0xB423
mem[X,0x0000000080004752] -> 0x0C20
[770] [M]: 0x0000000080004750 (0x0C20B423) sd sp, 200(ra)
mem[0x0000000080049298] <- 0x0000000000000003
mem[X,0x0000000080004754] -> 0x0513
mem[X,0x0000000080004756] -> 0x0010
[771] [M]: 0x0000000080004754 (0x00100513) addi a0, zero, 1
x10 <- 0x0000000000000001
mem[X,0x0000000080004758] -> 0x1513
mem[X,0x000000008000475A] -> 0x01D5
[772] [M]: 0x0000000080004758 (0x01D51513) slli a0, a0, 29
x10 <- 0x0000000020000000
mem[X,0x000000008000475C] -> 0x0593
mem[X,0x000000008000475E] -> 0x0010
[773] [M]: 0x000000008000475C (0x00100593) addi a1, zero, 1
x11 <- 0x0000000000000001
mem[X,0x0000000080004760] -> 0x9593
mem[X,0x0000000080004762] -> 0x02C5
[774] [M]: 0x0000000080004760 (0x02C59593) slli a1, a1, 44
x11 <- 0x0000100000000000
mem[X,0x0000000080004764] -> 0x0113
mem[X,0x0000000080004766] -> 0x0000
[775] [M]: 0x0000000080004764 (0x00000113) addi sp, zero, 0
x2 <- 0x0000000000000000
mem[X,0x0000000080004768] -> 0x006F
mem[X,0x000000008000476A] -> 0x00C0
[776] [M]: 0x0000000080004768 (0x00C0006F) jal zero, 12
mem[X,0x0000000080004774] -> 0x5663
mem[X,0x0000000080004776] -> 0x00B5
[777] [M]: 0x0000000080004774 (0x00B55663) bge a0, a1, 12
mem[X,0x0000000080004778] -> 0x0113
mem[X,0x000000008000477A] -> 0x0021
[778] [M]: 0x0000000080004778 (0x00210113) addi sp, sp, 2
x2 <- 0x0000000000000002
mem[X,0x000000008000477C] -> 0x006F
mem[X,0x000000008000477E] -> 0x00C0
[779] [M]: 0x000000008000477C (0x00C0006F) jal zero, 12
mem[X,0x0000000080004788] -> 0xB823
mem[X,0x000000008000478A] -> 0x0C20
[780] [M]: 0x0000000080004788 (0x0C20B823) sd sp, 208(ra)
mem[0x00000000800492A0] <- 0x0000000000000002
mem[X,0x000000008000478C] -> 0x0513
mem[X,0x000000008000478E] -> 0xFFD0
[781] [M]: 0x000000008000478C (0xFFD00513) addi a0, zero, 4093
x10 <- 0xFFFFFFFFFFFFFFFD
mem[X,0x0000000080004790] -> 0x0593
mem[X,0x0000000080004792] -> 0x0010
[782] [M]: 0x0000000080004790 (0x00100593) addi a1, zero, 1
x11 <- 0x0000000000000001
mem[X,0x0000000080004794] -> 0x9593
mem[X,0x0000000080004796] -> 0x02D5
[783] [M]: 0x0000000080004794 (0x02D59593) slli a1, a1, 45
x11 <- 0x0000200000000000
mem[X,0x0000000080004798] -> 0x0113
mem[X,0x000000008000479A] -> 0x0000
[784] [M]: 0x0000000080004798 (0x00000113) addi sp, zero, 0
x2 <- 0x0000000000000000
mem[X,0x000000008000479C] -> 0x006F
mem[X,0x000000008000479E] -> 0x00C0
[785] [M]: 0x000000008000479C (0x00C0006F) jal zero, 12
mem[X,0x00000000800047A8] -> 0x5CE3
mem[X,0x00000000800047AA] -> 0xFEB5
[786] [M]: 0x00000000800047A8 (0xFEB55CE3) bge a0, a1, 8184
mem[X,0x00000000800047AC] -> 0x0113
mem[X,0x00000000800047AE] -> 0x0021
[787] [M]: 0x00000000800047AC (0x00210113) addi sp, sp, 2
x2 <- 0x0000000000000002
mem[X,0x00000000800047B0] -> 0x006F
mem[X,0x00000000800047B2] -> 0x00C0
[788] [M]: 0x00000000800047B0 (0x00C0006F) jal zero, 12
mem[X,0x00000000800047BC] -> 0xBC23
mem[X,0x00000000800047BE] -> 0x0C20
[789] [M]: 0x00000000800047BC (0x0C20BC23) sd sp, 216(ra)
mem[0x00000000800492A8] <- 0x0000000000000002
mem[X,0x00000000800047C0] -> 0x0537
mem[X,0x00000000800047C2] -> 0x0000
[790] [M]: 0x00000000800047C0 (0x00000537) lui a0, 0
x10 <- 0x0000000000000000
mem[X,0x00000000800047C4] -> 0x0513
mem[X,0x00000000800047C6] -> 0xFFF5
[791] [M]: 0x00000000800047C4 (0xFFF50513) addi a0, a0, 4095
x10 <- 0xFFFFFFFFFFFFFFFF
mem[X,0x00000000800047C8] -> 0x1513
mem[X,0x00000000800047CA] -> 0x00B5
[792] [M]: 0x00000000800047C8 (0x00B51513) slli a0, a0, 11
x10 <- 0xFFFFFFFFFFFFF800
mem[X,0x00000000800047CC] -> 0x0513
mem[X,0x00000000800047CE] -> 0x2575
[793] [M]: 0x00000000800047CC (0x25750513) addi a0, a0, 599
x10 <- 0xFFFFFFFFFFFFFA57
mem[X,0x00000000800047D0] -> 0x1513
mem[X,0x00000000800047D2] -> 0x00B5
[794] [M]: 0x00000000800047D0 (0x00B51513) slli a0, a0, 11
x10 <- 0xFFFFFFFFFFD2B800
mem[X,0x00000000800047D4] -> 0x0513
mem[X,0x00000000800047D6] -> 0x6C35
[795] [M]: 0x00000000800047D4 (0x6C350513) addi a0, a0, 1731
x10 <- 0xFFFFFFFFFFD2BEC3
mem[X,0x00000000800047D8] -> 0x1513
mem[X,0x00000000800047DA] -> 0x00A5
[796] [M]: 0x00000000800047D8 (0x00A51513) slli a0, a0, 10
x10 <- 0xFFFFFFFF4AFB0C00
mem[X,0x00000000800047DC] -> 0x0513
mem[X,0x00000000800047DE] -> 0x0CE5
[797] [M]: 0x00000000800047DC (0x0CE50513) addi a0, a0, 206
x10 <- 0xFFFFFFFF4AFB0CCE
mem[X,0x00000000800047E0] -> 0x0593
mem[X,0x00000000800047E2] -> 0x0010
[798] [M]: 0x00000000800047E0 (0x00100593) addi a1, zero, 1
x11 <- 0x0000000000000001
mem[X,0x00000000800047E4] -> 0x9593
mem[X,0x00000000800047E6] -> 0x02E5
[799] [M]: 0x00000000800047E4 (0x02E59593) slli a1, a1, 46
x11 <- 0x0000400000000000
clint::tick mtime <- 0x0000000000000008
 clint timer pending at mtime 0x0000000000000008
htif::tick 0x0000000000000000
mem[X,0x00000000800047E8] -> 0x0113
mem[X,0x00000000800047EA] -> 0x0000
[800] [M]: 0x00000000800047E8 (0x00000113) addi sp, zero, 0
x2 <- 0x0000000000000000
mem[X,0x00000000800047EC] -> 0x006F
mem[X,0x00000000800047EE] -> 0x00C0
[801] [M]: 0x00000000800047EC (0x00C0006F) jal zero, 12
mem[X,0x00000000800047F8] -> 0x5663
mem[X,0x00000000800047FA] -> 0x00B5
[802] [M]: 0x00000000800047F8 (0x00B55663) bge a0, a1, 12
mem[X,0x00000000800047FC] -> 0x0113
mem[X,0x00000000800047FE] -> 0x0021
[803] [M]: 0x00000000800047FC (0x00210113) addi sp, sp, 2
x2 <- 0x0000000000000002
mem[X,0x0000000080004800] -> 0x006F
mem[X,0x0000000080004802] -> 0x00C0
[804] [M]: 0x0000000080004800 (0x00C0006F) jal zero, 12
mem[X,0x000000008000480C] -> 0xB023
mem[X,0x000000008000480E] -> 0x0E20
[805] [M]: 0x000000008000480C (0x0E20B023) sd sp, 224(ra)
mem[0x00000000800492B0] <- 0x0000000000000002
mem[X,0x0000000080004810] -> 0x0513
mem[X,0x0000000080004812] -> 0x0060
[806] [M]: 0x0000000080004810 (0x00600513) addi a0, zero, 6
x10 <- 0x0000000000000006
mem[X,0x0000000080004814] -> 0x0593
mem[X,0x0000000080004816] -> 0x0010
[807] [M]: 0x0000000080004814 (0x00100593) addi a1, zero, 1
x11 <- 0x0000000000000001
mem[X,0x0000000080004818] -> 0x9593
mem[X,0x000000008000481A] -> 0x02F5
[808] [M]: 0x0000000080004818 (0x02F59593) slli a1, a1, 47
x11 <- 0x0000800000000000
mem[X,0x000000008000481C] -> 0x0113
mem[X,0x000000008000481E] -> 0x0000
[809] [M]: 0x000000008000481C (0x00000113) addi sp, zero, 0
x2 <- 0x0000000000000000
mem[X,0x0000000080004820] -> 0x006F
mem[X,0x0000000080004822] -> 0x00C0
[810] [M]: 0x0000000080004820 (0x00C0006F) jal zero, 12
mem[X,0x000000008000482C] -> 0x5CE3
mem[X,0x000000008000482E] -> 0xFEB5
[811] [M]: 0x000000008000482C (0xFEB55CE3) bge a0, a1, 8184
mem[X,0x0000000080004830] -> 0x0113
mem[X,0x0000000080004832] -> 0x0021
[812] [M]: 0x0000000080004830 (0x00210113) addi sp, sp, 2
x2 <- 0x0000000000000002
mem[X,0x0000000080004834] -> 0x006F
mem[X,0x0000000080004836] -> 0x00C0
[813] [M]: 0x0000000080004834 (0x00C0006F) jal zero, 12
mem[X,0x0000000080004840] -> 0xB423
mem[X,0x0000000080004842] -> 0x0E20
[814] [M]: 0x0000000080004840 (0x0E20B423) sd sp, 232(ra)
mem[0x00000000800492B8] <- 0x0000000000000002
mem[X,0x0000000080004844] -> 0x0513
mem[X,0x0000000080004846] -> 0x0010
[815] [M]: 0x0000000080004844 (0x00100513) addi a0, zero, 1
x10 <- 0x0000000000000001
mem[X,0x0000000080004848] -> 0x1513
mem[X,0x000000008000484A] -> 0x00E5
[816] [M]: 0x0000000080004848 (0x00E51513) slli a0, a0, 14
x10 <- 0x0000000000004000
mem[X,0x000000008000484C] -> 0x4513
mem[X,0x000000008000484E] -> 0xFFF5
[817] [M]: 0x000000008000484C (0xFFF54513) xori a0, a0, 4095
x10 <- 0xFFFFFFFFFFFFBFFF
mem[X,0x0000000080004850] -> 0x0593
mem[X,0x0000000080004852] -> 0x0010
[818] [M]: 0x0000000080004850 (0x00100593) addi a1, zero, 1
x11 <- 0x0000000000000001
mem[X,0x0000000080004854] -> 0x9593
mem[X,0x0000000080004856] -> 0x0305
[819] [M]: 0x0000000080004854 (0x03059593) slli a1, a1, 48
x11 <- 0x0001000000000000
mem[X,0x0000000080004858] -> 0x0113
mem[X,0x000000008000485A] -> 0x0000
[820] [M]: 0x0000000080004858 (0x00000113) addi sp, zero, 0
x2 <- 0x0000000000000000
mem[X,0x000000008000485C] -> 0x006F
mem[X,0x000000008000485E] -> 0x00C0
[821] [M]: 0x000000008000485C (0x00C0006F) jal zero, 12
mem[X,0x0000000080004868] -> 0x5CE3
mem[X,0x000000008000486A] -> 0xFEB5
[822] [M]: 0x0000000080004868 (0xFEB55CE3) bge a0, a1, 8184
mem[X,0x000000008000486C] -> 0x0113
mem[X,0x000000008000486E] -> 0x0021
[823] [M]: 0x000000008000486C (0x00210113) addi sp, sp, 2
x2 <- 0x0000000000000002
mem[X,0x0000000080004870] -> 0x006F
mem[X,0x0000000080004872] -> 0x00C0
[824] [M]: 0x0000000080004870 (0x00C0006F) jal zero, 12
mem[X,0x000000008000487C] -> 0xB823
mem[X,0x000000008000487E] -> 0x0E20
[825] [M]: 0x000000008000487C (0x0E20B823) sd sp, 240(ra)
mem[0x00000000800492C0] <- 0x0000000000000002
mem[X,0x0000000080004880] -> 0x0513
mem[X,0x0000000080004882] -> 0x0010
[826] [M]: 0x0000000080004880 (0x00100513) addi a0, zero, 1
x10 <- 0x0000000000000001
mem[X,0x0000000080004884] -> 0x1513
mem[X,0x0000000080004886] -> 0x0395
[827] [M]: 0x0000000080004884 (0x03951513) slli a0, a0, 57
x10 <- 0x0200000000000000
mem[X,0x0000000080004888] -> 0x4513
mem[X,0x000000008000488A] -> 0xFFF5
[828] [M]: 0x0000000080004888 (0xFFF54513) xori a0, a0, 4095
x10 <- 0xFDFFFFFFFFFFFFFF
mem[X,0x000000008000488C] -> 0x0593
mem[X,0x000000008000488E] -> 0x0010
[829] [M]: 0x000000008000488C (0x00100593) addi a1, zero, 1
x11 <- 0x0000000000000001
mem[X,0x0000000080004890] -> 0x9593
mem[X,0x0000000080004892] -> 0x0315
[830] [M]: 0x0000000080004890 (0x03159593) slli a1, a1, 49
x11 <- 0x0002000000000000
mem[X,0x0000000080004894] -> 0x0113
mem[X,0x0000000080004896] -> 0x0000
[831] [M]: 0x0000000080004894 (0x00000113) addi sp, zero, 0
x2 <- 0x0000000000000000
mem[X,0x0000000080004898] -> 0x006F
mem[X,0x000000008000489A] -> 0x00C0
[832] [M]: 0x0000000080004898 (0x00C0006F) jal zero, 12
mem[X,0x00000000800048A4] -> 0x5063
mem[X,0x00000000800048A6] -> 0x04B5
[833] [M]: 0x00000000800048A4 (0x04B55063) bge a0, a1, 64
mem[X,0x00000000800048A8] -> 0x0113
mem[X,0x00000000800048AA] -> 0x0021
[834] [M]: 0x00000000800048A8 (0x00210113) addi sp, sp, 2
x2 <- 0x0000000000000002
mem[X,0x00000000800048AC] -> 0x006F
mem[X,0x00000000800048AE] -> 0x0400
[835] [M]: 0x00000000800048AC (0x0400006F) jal zero, 64
mem[X,0x00000000800048EC] -> 0xBC23
mem[X,0x00000000800048EE] -> 0x0E20
[836] [M]: 0x00000000800048EC (0x0E20BC23) sd sp, 248(ra)
mem[0x00000000800492C8] <- 0x0000000000000002
mem[X,0x00000000800048F0] -> 0x0513
mem[X,0x00000000800048F2] -> 0x0010
[837] [M]: 0x00000000800048F0 (0x00100513) addi a0, zero, 1
x10 <- 0x0000000000000001
mem[X,0x00000000800048F4] -> 0x1513
mem[X,0x00000000800048F6] -> 0x0355
[838] [M]: 0x00000000800048F4 (0x03551513) slli a0, a0, 53
x10 <- 0x0020000000000000
mem[X,0x00000000800048F8] -> 0x0593
mem[X,0x00000000800048FA] -> 0x0010
[839] [M]: 0x00000000800048F8 (0x00100593) addi a1, zero, 1
x11 <- 0x0000000000000001
mem[X,0x00000000800048FC] -> 0x9593
mem[X,0x00000000800048FE] -> 0x0325
[840] [M]: 0x00000000800048FC (0x03259593) slli a1, a1, 50
x11 <- 0x0004000000000000
mem[X,0x0000000080004900] -> 0x0113
mem[X,0x0000000080004902] -> 0x0000
[841] [M]: 0x0000000080004900 (0x00000113) addi sp, zero, 0
x2 <- 0x0000000000000000
mem[X,0x0000000080004904] -> 0x006F
mem[X,0x0000000080004906] -> 0x0100
[842] [M]: 0x0000000080004904 (0x0100006F) jal zero, 16
mem[X,0x0000000080004914] -> 0x5AE3
mem[X,0x0000000080004916] -> 0xFEB5
[843] [M]: 0x0000000080004914 (0xFEB55AE3) bge a0, a1, 8180
mem[X,0x0000000080004908] -> 0x0113
mem[X,0x000000008000490A] -> 0x0011
[844] [M]: 0x0000000080004908 (0x00110113) addi sp, sp, 1
x2 <- 0x0000000000000001
mem[X,0x000000008000490C] -> 0x006F
mem[X,0x000000008000490E] -> 0x01C0
[845] [M]: 0x000000008000490C (0x01C0006F) jal zero, 28
mem[X,0x0000000080004928] -> 0xB023
mem[X,0x000000008000492A] -> 0x1020
[846] [M]: 0x0000000080004928 (0x1020B023) sd sp, 256(ra)
mem[0x00000000800492D0] <- 0x0000000000000001
mem[X,0x000000008000492C] -> 0x0513
mem[X,0x000000008000492E] -> 0x0010
[847] [M]: 0x000000008000492C (0x00100513) addi a0, zero, 1
x10 <- 0x0000000000000001
mem[X,0x0000000080004930] -> 0x1513
mem[X,0x0000000080004932] -> 0x02C5
[848] [M]: 0x0000000080004930 (0x02C51513) slli a0, a0, 44
x10 <- 0x0000100000000000
mem[X,0x0000000080004934] -> 0x0593
mem[X,0x0000000080004936] -> 0x0010
[849] [M]: 0x0000000080004934 (0x00100593) addi a1, zero, 1
x11 <- 0x0000000000000001
mem[X,0x0000000080004938] -> 0x9593
mem[X,0x000000008000493A] -> 0x0335
[850] [M]: 0x0000000080004938 (0x03359593) slli a1, a1, 51
x11 <- 0x0008000000000000
mem[X,0x000000008000493C] -> 0x0113
mem[X,0x000000008000493E] -> 0x0000
[851] [M]: 0x000000008000493C (0x00000113) addi sp, zero, 0
x2 <- 0x0000000000000000
mem[X,0x0000000080004940] -> 0x006F
mem[X,0x0000000080004942] -> 0x00C0
[852] [M]: 0x0000000080004940 (0x00C0006F) jal zero, 12
mem[X,0x000000008000494C] -> 0x5CE3
mem[X,0x000000008000494E] -> 0xFEB5
[853] [M]: 0x000000008000494C (0xFEB55CE3) bge a0, a1, 8184
mem[X,0x0000000080004950] -> 0x0113
mem[X,0x0000000080004952] -> 0x0021
[854] [M]: 0x0000000080004950 (0x00210113) addi sp, sp, 2
x2 <- 0x0000000000000002
mem[X,0x0000000080004954] -> 0x006F
mem[X,0x0000000080004956] -> 0x00C0
[855] [M]: 0x0000000080004954 (0x00C0006F) jal zero, 12
mem[X,0x0000000080004960] -> 0xB423
mem[X,0x0000000080004962] -> 0x1020
[856] [M]: 0x0000000080004960 (0x1020B423) sd sp, 264(ra)
mem[0x00000000800492D8] <- 0x0000000000000002
mem[X,0x0000000080004964] -> 0x0513
mem[X,0x0000000080004966] -> 0x0010
[857] [M]: 0x0000000080004964 (0x00100513) addi a0, zero, 1
x10 <- 0x0000000000000001
mem[X,0x0000000080004968] -> 0x1513
mem[X,0x000000008000496A] -> 0x0225
[858] [M]: 0x0000000080004968 (0x02251513) slli a0, a0, 34
x10 <- 0x0000000400000000
mem[X,0x000000008000496C] -> 0x0593
mem[X,0x000000008000496E] -> 0x0010
[859] [M]: 0x000000008000496C (0x00100593) addi a1, zero, 1
x11 <- 0x0000000000000001
mem[X,0x0000000080004970] -> 0x9593
mem[X,0x0000000080004972] -> 0x0345
[860] [M]: 0x0000000080004970 (0x03459593) slli a1, a1, 52
x11 <- 0x0010000000000000
mem[X,0x0000000080004974] -> 0x0113
mem[X,0x0000000080004976] -> 0x0000
[861] [M]: 0x0000000080004974 (0x00000113) addi sp, zero, 0
x2 <- 0x0000000000000000
mem[X,0x0000000080004978] -> 0x006F
mem[X,0x000000008000497A] -> 0x0100
[862] [M]: 0x0000000080004978 (0x0100006F) jal zero, 16
mem[X,0x0000000080004988] -> 0x5AE3
mem[X,0x000000008000498A] -> 0xFEB5
[863] [M]: 0x0000000080004988 (0xFEB55AE3) bge a0, a1, 8180
mem[X,0x000000008000498C] -> 0x0113
mem[X,0x000000008000498E] -> 0x0021
[864] [M]: 0x000000008000498C (0x00210113) addi sp, sp, 2
x2 <- 0x0000000000000002
mem[X,0x0000000080004990] -> 0x006F
mem[X,0x0000000080004992] -> 0x00C0
[865] [M]: 0x0000000080004990 (0x00C0006F) jal zero, 12
mem[X,0x000000008000499C] -> 0xB823
mem[X,0x000000008000499E] -> 0x1020
[866] [M]: 0x000000008000499C (0x1020B823) sd sp, 272(ra)
mem[0x00000000800492E0] <- 0x0000000000000002
mem[X,0x00000000800049A0] -> 0x0513
mem[X,0x00000000800049A2] -> 0x0010
[867] [M]: 0x00000000800049A0 (0x00100513) addi a0, zero, 1
x10 <- 0x0000000000000001
mem[X,0x00000000800049A4] -> 0x1513
mem[X,0x00000000800049A6] -> 0x0135
[868] [M]: 0x00000000800049A4 (0x01351513) slli a0, a0, 19
x10 <- 0x0000000000080000
mem[X,0x00000000800049A8] -> 0x0593
mem[X,0x00000000800049AA] -> 0x0010
[869] [M]: 0x00000000800049A8 (0x00100593) addi a1, zero, 1
x11 <- 0x0000000000000001
mem[X,0x00000000800049AC] -> 0x9593
mem[X,0x00000000800049AE] -> 0x0355
[870] [M]: 0x00000000800049AC (0x03559593) slli a1, a1, 53
x11 <- 0x0020000000000000
mem[X,0x00000000800049B0] -> 0x0113
mem[X,0x00000000800049B2] -> 0x0000
[871] [M]: 0x00000000800049B0 (0x00000113) addi sp, zero, 0
x2 <- 0x0000000000000000
mem[X,0x00000000800049B4] -> 0x006F
mem[X,0x00000000800049B6] -> 0x00C0
[872] [M]: 0x00000000800049B4 (0x00C0006F) jal zero, 12
mem[X,0x00000000800049C0] -> 0x5863
mem[X,0x00000000800049C2] -> 0x00B5
[873] [M]: 0x00000000800049C0 (0x00B55863) bge a0, a1, 16
mem[X,0x00000000800049C4] -> 0x0113
mem[X,0x00000000800049C6] -> 0x0021
[874] [M]: 0x00000000800049C4 (0x00210113) addi sp, sp, 2
x2 <- 0x0000000000000002
mem[X,0x00000000800049C8] -> 0x006F
mem[X,0x00000000800049CA] -> 0x0100
[875] [M]: 0x00000000800049C8 (0x0100006F) jal zero, 16
mem[X,0x00000000800049D8] -> 0xBC23
mem[X,0x00000000800049DA] -> 0x1020
[876] [M]: 0x00000000800049D8 (0x1020BC23) sd sp, 280(ra)
mem[0x00000000800492E8] <- 0x0000000000000002
mem[X,0x00000000800049DC] -> 0x0513
mem[X,0x00000000800049DE] -> 0x0010
[877] [M]: 0x00000000800049DC (0x00100513) addi a0, zero, 1
x10 <- 0x0000000000000001
mem[X,0x00000000800049E0] -> 0x1513
mem[X,0x00000000800049E2] -> 0x0155
[878] [M]: 0x00000000800049E0 (0x01551513) slli a0, a0, 21
x10 <- 0x0000000000200000
mem[X,0x00000000800049E4] -> 0x0593
mem[X,0x00000000800049E6] -> 0x0010
[879] [M]: 0x00000000800049E4 (0x00100593) addi a1, zero, 1
x11 <- 0x0000000000000001
mem[X,0x00000000800049E8] -> 0x9593
mem[X,0x00000000800049EA] -> 0x0365
[880] [M]: 0x00000000800049E8 (0x03659593) slli a1, a1, 54
x11 <- 0x0040000000000000
mem[X,0x00000000800049EC] -> 0x0113
mem[X,0x00000000800049EE] -> 0x0000
[881] [M]: 0x00000000800049EC (0x00000113) addi sp, zero, 0
x2 <- 0x0000000000000000
mem[X,0x00000000800049F0] -> 0x006F
mem[X,0x00000000800049F2] -> 0x2B10
[882] [M]: 0x00000000800049F0 (0x2B10006F) jal zero, 2736
mem[X,0x00000000800054A0] -> 0x5A63
mem[X,0x00000000800054A2] -> 0xD4B5
[883] [M]: 0x00000000800054A0 (0xD4B55A63) bge a0, a1, 5460
mem[X,0x00000000800054A4] -> 0x0113
mem[X,0x00000000800054A6] -> 0x0021
[884] [M]: 0x00000000800054A4 (0x00210113) addi sp, sp, 2
x2 <- 0x0000000000000002
mem[X,0x00000000800054A8] -> 0x006F
mem[X,0x00000000800054AA] -> 0x00C0
[885] [M]: 0x00000000800054A8 (0x00C0006F) jal zero, 12
mem[X,0x00000000800054B4] -> 0xB023
mem[X,0x00000000800054B6] -> 0x1220
[886] [M]: 0x00000000800054B4 (0x1220B023) sd sp, 288(ra)
mem[0x00000000800492F0] <- 0x0000000000000002
mem[X,0x00000000800054B8] -> 0x0513
mem[X,0x00000000800054BA] -> 0x0100
[887] [M]: 0x00000000800054B8 (0x01000513) addi a0, zero, 16
x10 <- 0x0000000000000010
mem[X,0x00000000800054BC] -> 0x0593
mem[X,0x00000000800054BE] -> 0x0010
[888] [M]: 0x00000000800054BC (0x00100593) addi a1, zero, 1
x11 <- 0x0000000000000001
mem[X,0x00000000800054C0] -> 0x9593
mem[X,0x00000000800054C2] -> 0x0375
[889] [M]: 0x00000000800054C0 (0x03759593) slli a1, a1, 55
x11 <- 0x0080000000000000
mem[X,0x00000000800054C4] -> 0x0113
mem[X,0x00000000800054C6] -> 0x0000
[890] [M]: 0x00000000800054C4 (0x00000113) addi sp, zero, 0
x2 <- 0x0000000000000000
mem[X,0x00000000800054C8] -> 0x006F
mem[X,0x00000000800054CA] -> 0x0140
[891] [M]: 0x00000000800054C8 (0x0140006F) jal zero, 20
mem[X,0x00000000800054DC] -> 0x58E3
mem[X,0x00000000800054DE] -> 0xFEB5
[892] [M]: 0x00000000800054DC (0xFEB558E3) bge a0, a1, 8176
mem[X,0x00000000800054E0] -> 0x0113
mem[X,0x00000000800054E2] -> 0x0021
[893] [M]: 0x00000000800054E0 (0x00210113) addi sp, sp, 2
x2 <- 0x0000000000000002
mem[X,0x00000000800054E4] -> 0x006F
mem[X,0x00000000800054E6] -> 0x00C0
[894] [M]: 0x00000000800054E4 (0x00C0006F) jal zero, 12
mem[X,0x00000000800054F0] -> 0xB423
mem[X,0x00000000800054F2] -> 0x1220
[895] [M]: 0x00000000800054F0 (0x1220B423) sd sp, 296(ra)
mem[0x00000000800492F8] <- 0x0000000000000002
mem[X,0x00000000800054F4] -> 0x0537
mem[X,0x00000000800054F6] -> 0x0000
[896] [M]: 0x00000000800054F4 (0x00000537) lui a0, 0
x10 <- 0x0000000000000000
mem[X,0x00000000800054F8] -> 0x0513
mem[X,0x00000000800054FA] -> 0xFFF5
[897] [M]: 0x00000000800054F8 (0xFFF50513) addi a0, a0, 4095
x10 <- 0xFFFFFFFFFFFFFFFF
mem[X,0x00000000800054FC] -> 0x1513
mem[X,0x00000000800054FE] -> 0x00B5
[898] [M]: 0x00000000800054FC (0x00B51513) slli a0, a0, 11
x10 <- 0xFFFFFFFFFFFFF800
mem[X,0x0000000080005500] -> 0x0513
mem[X,0x0000000080005502] -> 0x2575
[899] [M]: 0x0000000080005500 (0x25750513) addi a0, a0, 599
x10 <- 0xFFFFFFFFFFFFFA57
clint::tick mtime <- 0x0000000000000009
 clint timer pending at mtime 0x0000000000000009
htif::tick 0x0000000000000000
mem[X,0x0000000080005504] -> 0x1513
mem[X,0x0000000080005506] -> 0x00B5
[900] [M]: 0x0000000080005504 (0x00B51513) slli a0, a0, 11
x10 <- 0xFFFFFFFFFFD2B800
mem[X,0x0000000080005508] -> 0x0513
mem[X,0x000000008000550A] -> 0x6C35
[901] [M]: 0x0000000080005508 (0x6C350513) addi a0, a0, 1731
x10 <- 0xFFFFFFFFFFD2BEC3
mem[X,0x000000008000550C] -> 0x1513
mem[X,0x000000008000550E] -> 0x00A5
[902] [M]: 0x000000008000550C (0x00A51513) slli a0, a0, 10
x10 <- 0xFFFFFFFF4AFB0C00
mem[X,0x0000000080005510] -> 0x0513
mem[X,0x0000000080005512] -> 0x0CD5
[903] [M]: 0x0000000080005510 (0x0CD50513) addi a0, a0, 205
x10 <- 0xFFFFFFFF4AFB0CCD
mem[X,0x0000000080005514] -> 0x0593
mem[X,0x0000000080005516] -> 0x0010
[904] [M]: 0x0000000080005514 (0x00100593) addi a1, zero, 1
x11 <- 0x0000000000000001
mem[X,0x0000000080005518] -> 0x9593
mem[X,0x000000008000551A] -> 0x0385
[905] [M]: 0x0000000080005518 (0x03859593) slli a1, a1, 56
x11 <- 0x0100000000000000
mem[X,0x000000008000551C] -> 0x0113
mem[X,0x000000008000551E] -> 0x0000
[906] [M]: 0x000000008000551C (0x00000113) addi sp, zero, 0
x2 <- 0x0000000000000000
mem[X,0x0000000080005520] -> 0x006F
mem[X,0x0000000080005522] -> 0x00C0
[907] [M]: 0x0000000080005520 (0x00C0006F) jal zero, 12
mem[X,0x000000008000552C] -> 0x5CE3
mem[X,0x000000008000552E] -> 0xFEB5
[908] [M]: 0x000000008000552C (0xFEB55CE3) bge a0, a1, 8184
mem[X,0x0000000080005530] -> 0x0113
mem[X,0x0000000080005532] -> 0x0021
[909] [M]: 0x0000000080005530 (0x00210113) addi sp, sp, 2
x2 <- 0x0000000000000002
mem[X,0x0000000080005534] -> 0x006F
mem[X,0x0000000080005536] -> 0x00C0
[910] [M]: 0x0000000080005534 (0x00C0006F) jal zero, 12
mem[X,0x0000000080005540] -> 0xB823
mem[X,0x0000000080005542] -> 0x1220
[911] [M]: 0x0000000080005540 (0x1220B823) sd sp, 304(ra)
mem[0x0000000080049300] <- 0x0000000000000002
mem[X,0x0000000080005544] -> 0x6537
mem[X,0x0000000080005546] -> 0x6666
[912] [M]: 0x0000000080005544 (0x66666537) lui a0, 419430
x10 <- 0x0000000066666000
mem[X,0x0000000080005548] -> 0x0513
mem[X,0x000000008000554A] -> 0x6665
[913] [M]: 0x0000000080005548 (0x66650513) addi a0, a0, 1638
x10 <- 0x0000000066666666
mem[X,0x000000008000554C] -> 0x1513
mem[X,0x000000008000554E] -> 0x00B5
[914] [M]: 0x000000008000554C (0x00B51513) slli a0, a0, 11
x10 <- 0x0000033333333000
mem[X,0x0000000080005550] -> 0x0513
mem[X,0x0000000080005552] -> 0x3335
[915] [M]: 0x0000000080005550 (0x33350513) addi a0, a0, 819
x10 <- 0x0000033333333333
mem[X,0x0000000080005554] -> 0x1513
mem[X,0x0000000080005556] -> 0x00B5
[916] [M]: 0x0000000080005554 (0x00B51513) slli a0, a0, 11
x10 <- 0x0019999999999800
mem[X,0x0000000080005558] -> 0x0513
mem[X,0x000000008000555A] -> 0x1995
[917] [M]: 0x0000000080005558 (0x19950513) addi a0, a0, 409
x10 <- 0x0019999999999999
mem[X,0x000000008000555C] -> 0x1513
mem[X,0x000000008000555E] -> 0x00A5
[918] [M]: 0x000000008000555C (0x00A51513) slli a0, a0, 10
x10 <- 0x6666666666666400
mem[X,0x0000000080005560] -> 0x0513
mem[X,0x0000000080005562] -> 0x2655
[919] [M]: 0x0000000080005560 (0x26550513) addi a0, a0, 613
x10 <- 0x6666666666666665
mem[X,0x0000000080005564] -> 0x0593
mem[X,0x0000000080005566] -> 0x0010
[920] [M]: 0x0000000080005564 (0x00100593) addi a1, zero, 1
x11 <- 0x0000000000000001
mem[X,0x0000000080005568] -> 0x9593
mem[X,0x000000008000556A] -> 0x0395
[921] [M]: 0x0000000080005568 (0x03959593) slli a1, a1, 57
x11 <- 0x0200000000000000
mem[X,0x000000008000556C] -> 0x0113
mem[X,0x000000008000556E] -> 0x0000
[922] [M]: 0x000000008000556C (0x00000113) addi sp, zero, 0
x2 <- 0x0000000000000000
mem[X,0x0000000080005570] -> 0x006F
mem[X,0x0000000080005572] -> 0x00C0
[923] [M]: 0x0000000080005570 (0x00C0006F) jal zero, 12
mem[X,0x000000008000557C] -> 0x5063
mem[X,0x000000008000557E] -> 0x04B5
[924] [M]: 0x000000008000557C (0x04B55063) bge a0, a1, 64
mem[X,0x00000000800055BC] -> 0x0113
mem[X,0x00000000800055BE] -> 0x0031
[925] [M]: 0x00000000800055BC (0x00310113) addi sp, sp, 3
x2 <- 0x0000000000000003
mem[X,0x00000000800055C0] -> 0x006F
mem[X,0x00000000800055C2] -> 0x0040
[926] [M]: 0x00000000800055C0 (0x0040006F) jal zero, 4
mem[X,0x00000000800055C4] -> 0xBC23
mem[X,0x00000000800055C6] -> 0x1220
[927] [M]: 0x00000000800055C4 (0x1220BC23) sd sp, 312(ra)
mem[0x0000000080049308] <- 0x0000000000000003
mem[X,0x00000000800055C8] -> 0x0513
mem[X,0x00000000800055CA] -> 0x0010
[928] [M]: 0x00000000800055C8 (0x00100513) addi a0, zero, 1
x10 <- 0x0000000000000001
mem[X,0x00000000800055CC] -> 0x1513
mem[X,0x00000000800055CE] -> 0x0255
[929] [M]: 0x00000000800055CC (0x02551513) slli a0, a0, 37
x10 <- 0x0000002000000000
mem[X,0x00000000800055D0] -> 0x4513
mem[X,0x00000000800055D2] -> 0xFFF5
[930] [M]: 0x00000000800055D0 (0xFFF54513) xori a0, a0, 4095
x10 <- 0xFFFFFFDFFFFFFFFF
mem[X,0x00000000800055D4] -> 0x0593
mem[X,0x00000000800055D6] -> 0x0010
[931] [M]: 0x00000000800055D4 (0x00100593) addi a1, zero, 1
x11 <- 0x0000000000000001
mem[X,0x00000000800055D8] -> 0x9593
mem[X,0x00000000800055DA] -> 0x03A5
[932] [M]: 0x00000000800055D8 (0x03A59593) slli a1, a1, 58
x11 <- 0x0400000000000000
mem[X,0x00000000800055DC] -> 0x0113
mem[X,0x00000000800055DE] -> 0x0000
[933] [M]: 0x00000000800055DC (0x00000113) addi sp, zero, 0
x2 <- 0x0000000000000000
mem[X,0x00000000800055E0] -> 0x006F
mem[X,0x00000000800055E2] -> 0x00C0
[934] [M]: 0x00000000800055E0 (0x00C0006F) jal zero, 12
mem[X,0x00000000800055EC] -> 0x5CE3
mem[X,0x00000000800055EE] -> 0xFEB5
[935] [M]: 0x00000000800055EC (0xFEB55CE3) bge a0, a1, 8184
mem[X,0x00000000800055F0] -> 0x0113
mem[X,0x00000000800055F2] -> 0x0021
[936] [M]: 0x00000000800055F0 (0x00210113) addi sp, sp, 2
x2 <- 0x0000000000000002
mem[X,0x00000000800055F4] -> 0x006F
mem[X,0x00000000800055F6] -> 0x00C0
[937] [M]: 0x00000000800055F4 (0x00C0006F) jal zero, 12
mem[X,0x0000000080005600] -> 0xB023
mem[X,0x0000000080005602] -> 0x1420
[938] [M]: 0x0000000080005600 (0x1420B023) sd sp, 320(ra)
mem[0x0000000080049310] <- 0x0000000000000002
mem[X,0x0000000080005604] -> 0x0513
mem[X,0x0000000080005606] -> 0x0010
[939] [M]: 0x0000000080005604 (0x00100513) addi a0, zero, 1
x10 <- 0x0000000000000001
mem[X,0x0000000080005608] -> 0x1513
mem[X,0x000000008000560A] -> 0x03A5
[940] [M]: 0x0000000080005608 (0x03A51513) slli a0, a0, 58
x10 <- 0x0400000000000000
mem[X,0x000000008000560C] -> 0x4513
mem[X,0x000000008000560E] -> 0xFFF5
[941] [M]: 0x000000008000560C (0xFFF54513) xori a0, a0, 4095
x10 <- 0xFBFFFFFFFFFFFFFF
mem[X,0x0000000080005610] -> 0x0593
mem[X,0x0000000080005612] -> 0x0010
[942] [M]: 0x0000000080005610 (0x00100593) addi a1, zero, 1
x11 <- 0x0000000000000001
mem[X,0x0000000080005614] -> 0x9593
mem[X,0x0000000080005616] -> 0x03B5
[943] [M]: 0x0000000080005614 (0x03B59593) slli a1, a1, 59
x11 <- 0x0800000000000000
mem[X,0x0000000080005618] -> 0x0113
mem[X,0x000000008000561A] -> 0x0000
[944] [M]: 0x0000000080005618 (0x00000113) addi sp, zero, 0
x2 <- 0x0000000000000000
mem[X,0x000000008000561C] -> 0x006F
mem[X,0x000000008000561E] -> 0x2B10
[945] [M]: 0x000000008000561C (0x2B10006F) jal zero, 2736
mem[X,0x00000000800060CC] -> 0x5A63
mem[X,0x00000000800060CE] -> 0xD4B5
[946] [M]: 0x00000000800060CC (0xD4B55A63) bge a0, a1, 5460
mem[X,0x00000000800060D0] -> 0x0113
mem[X,0x00000000800060D2] -> 0x0021
[947] [M]: 0x00000000800060D0 (0x00210113) addi sp, sp, 2
x2 <- 0x0000000000000002
mem[X,0x00000000800060D4] -> 0x006F
mem[X,0x00000000800060D6] -> 0x00C0
[948] [M]: 0x00000000800060D4 (0x00C0006F) jal zero, 12
mem[X,0x00000000800060E0] -> 0xB423
mem[X,0x00000000800060E2] -> 0x1420
[949] [M]: 0x00000000800060E0 (0x1420B423) sd sp, 328(ra)
mem[0x0000000080049318] <- 0x0000000000000002
mem[X,0x00000000800060E4] -> 0xB537
mem[X,0x00000000800060E6] -> 0xAAAA
[950] [M]: 0x00000000800060E4 (0xAAAAB537) lui a0, 699051
x10 <- 0xFFFFFFFFAAAAB000
mem[X,0x00000000800060E8] -> 0x0513
mem[X,0x00000000800060EA] -> 0xAAA5
[951] [M]: 0x00000000800060E8 (0xAAA50513) addi a0, a0, 2730
x10 <- 0xFFFFFFFFAAAAAAAA
mem[X,0x00000000800060EC] -> 0x1513
mem[X,0x00000000800060EE] -> 0x00B5
[952] [M]: 0x00000000800060EC (0x00B51513) slli a0, a0, 11
x10 <- 0xFFFFFD5555555000
mem[X,0x00000000800060F0] -> 0x0513
mem[X,0x00000000800060F2] -> 0x5555
[953] [M]: 0x00000000800060F0 (0x55550513) addi a0, a0, 1365
x10 <- 0xFFFFFD5555555555
mem[X,0x00000000800060F4] -> 0x1513
mem[X,0x00000000800060F6] -> 0x00B5
[954] [M]: 0x00000000800060F4 (0x00B51513) slli a0, a0, 11
x10 <- 0xFFEAAAAAAAAAA800
mem[X,0x00000000800060F8] -> 0x0513
mem[X,0x00000000800060FA] -> 0x2AA5
[955] [M]: 0x00000000800060F8 (0x2AA50513) addi a0, a0, 682
x10 <- 0xFFEAAAAAAAAAAAAA
mem[X,0x00000000800060FC] -> 0x1513
mem[X,0x00000000800060FE] -> 0x00A5
[956] [M]: 0x00000000800060FC (0x00A51513) slli a0, a0, 10
x10 <- 0xAAAAAAAAAAAAA800
mem[X,0x0000000080006100] -> 0x0513
mem[X,0x0000000080006102] -> 0x2AA5
[957] [M]: 0x0000000080006100 (0x2AA50513) addi a0, a0, 682
x10 <- 0xAAAAAAAAAAAAAAAA
mem[X,0x0000000080006104] -> 0x0593
mem[X,0x0000000080006106] -> 0x0010
[958] [M]: 0x0000000080006104 (0x00100593) addi a1, zero, 1
x11 <- 0x0000000000000001
mem[X,0x0000000080006108] -> 0x9593
mem[X,0x000000008000610A] -> 0x03C5
[959] [M]: 0x0000000080006108 (0x03C59593) slli a1, a1, 60
x11 <- 0x1000000000000000
mem[X,0x000000008000610C] -> 0x0113
mem[X,0x000000008000610E] -> 0x0000
[960] [M]: 0x000000008000610C (0x00000113) addi sp, zero, 0
x2 <- 0x0000000000000000
mem[X,0x0000000080006110] -> 0x006F
mem[X,0x0000000080006112] -> 0x0100
[961] [M]: 0x0000000080006110 (0x0100006F) jal zero, 16
mem[X,0x0000000080006120] -> 0x5AE3
mem[X,0x0000000080006122] -> 0xFEB5
[962] [M]: 0x0000000080006120 (0xFEB55AE3) bge a0, a1, 8180
mem[X,0x0000000080006124] -> 0x0113
mem[X,0x0000000080006126] -> 0x0021
[963] [M]: 0x0000000080006124 (0x00210113) addi sp, sp, 2
x2 <- 0x0000000000000002
mem[X,0x0000000080006128] -> 0x006F
mem[X,0x000000008000612A] -> 0x00C0
[964] [M]: 0x0000000080006128 (0x00C0006F) jal zero, 12
mem[X,0x0000000080006134] -> 0xB823
mem[X,0x0000000080006136] -> 0x1420
[965] [M]: 0x0000000080006134 (0x1420B823) sd sp, 336(ra)
mem[0x0000000080049320] <- 0x0000000000000002
mem[X,0x0000000080006138] -> 0x0513
mem[X,0x000000008000613A] -> 0x0010
[966] [M]: 0x0000000080006138 (0x00100513) addi a0, zero, 1
x10 <- 0x0000000000000001
mem[X,0x000000008000613C] -> 0x1513
mem[X,0x000000008000613E] -> 0x02E5
[967] [M]: 0x000000008000613C (0x02E51513) slli a0, a0, 46
x10 <- 0x0000400000000000
mem[X,0x0000000080006140] -> 0x0593
mem[X,0x0000000080006142] -> 0x0010
[968] [M]: 0x0000000080006140 (0x00100593) addi a1, zero, 1
x11 <- 0x0000000000000001
mem[X,0x0000000080006144] -> 0x9593
mem[X,0x0000000080006146] -> 0x03D5
[969] [M]: 0x0000000080006144 (0x03D59593) slli a1, a1, 61
x11 <- 0x2000000000000000
mem[X,0x0000000080006148] -> 0x0113
mem[X,0x000000008000614A] -> 0x0000
[970] [M]: 0x0000000080006148 (0x00000113) addi sp, zero, 0
x2 <- 0x0000000000000000
mem[X,0x000000008000614C] -> 0x006F
mem[X,0x000000008000614E] -> 0x2B10
[971] [M]: 0x000000008000614C (0x2B10006F) jal zero, 2736
mem[X,0x0000000080006BFC] -> 0x5A63
mem[X,0x0000000080006BFE] -> 0xD4B5
[972] [M]: 0x0000000080006BFC (0xD4B55A63) bge a0, a1, 5460
mem[X,0x0000000080006C00] -> 0x0113
mem[X,0x0000000080006C02] -> 0x0021
[973] [M]: 0x0000000080006C00 (0x00210113) addi sp, sp, 2
x2 <- 0x0000000000000002
mem[X,0x0000000080006C04] -> 0x006F
mem[X,0x0000000080006C06] -> 0x00C0
[974] [M]: 0x0000000080006C04 (0x00C0006F) jal zero, 12
mem[X,0x0000000080006C10] -> 0xBC23
mem[X,0x0000000080006C12] -> 0x1420
[975] [M]: 0x0000000080006C10 (0x1420BC23) sd sp, 344(ra)
mem[0x0000000080049328] <- 0x0000000000000002
mem[X,0x0000000080006C14] -> 0x0513
mem[X,0x0000000080006C16] -> 0x0010
[976] [M]: 0x0000000080006C14 (0x00100513) addi a0, zero, 1
x10 <- 0x0000000000000001
mem[X,0x0000000080006C18] -> 0x1513
mem[X,0x0000000080006C1A] -> 0x0295
[977] [M]: 0x0000000080006C18 (0x02951513) slli a0, a0, 41
x10 <- 0x0000020000000000
mem[X,0x0000000080006C1C] -> 0x4513
mem[X,0x0000000080006C1E] -> 0xFFF5
[978] [M]: 0x0000000080006C1C (0xFFF54513) xori a0, a0, 4095
x10 <- 0xFFFFFDFFFFFFFFFF
mem[X,0x0000000080006C20] -> 0x0593
mem[X,0x0000000080006C22] -> 0x0010
[979] [M]: 0x0000000080006C20 (0x00100593) addi a1, zero, 1
x11 <- 0x0000000000000001
mem[X,0x0000000080006C24] -> 0x9593
mem[X,0x0000000080006C26] -> 0x03E5
[980] [M]: 0x0000000080006C24 (0x03E59593) slli a1, a1, 62
x11 <- 0x4000000000000000
mem[X,0x0000000080006C28] -> 0x0113
mem[X,0x0000000080006C2A] -> 0x0000
[981] [M]: 0x0000000080006C28 (0x00000113) addi sp, zero, 0
x2 <- 0x0000000000000000
mem[X,0x0000000080006C2C] -> 0x006F
mem[X,0x0000000080006C2E] -> 0x0140
[982] [M]: 0x0000000080006C2C (0x0140006F) jal zero, 20
mem[X,0x0000000080006C40] -> 0x58E3
mem[X,0x0000000080006C42] -> 0xFEB5
[983] [M]: 0x0000000080006C40 (0xFEB558E3) bge a0, a1, 8176
mem[X,0x0000000080006C44] -> 0x0113
mem[X,0x0000000080006C46] -> 0x0021
[984] [M]: 0x0000000080006C44 (0x00210113) addi sp, sp, 2
x2 <- 0x0000000000000002
mem[X,0x0000000080006C48] -> 0x006F
mem[X,0x0000000080006C4A] -> 0x00C0
[985] [M]: 0x0000000080006C48 (0x00C0006F) jal zero, 12
mem[X,0x0000000080006C54] -> 0xB023
mem[X,0x0000000080006C56] -> 0x1620
[986] [M]: 0x0000000080006C54 (0x1620B023) sd sp, 352(ra)
mem[0x0000000080049330] <- 0x0000000000000002
mem[X,0x0000000080006C58] -> 0x0513
mem[X,0x0000000080006C5A] -> 0xFFC0
[987] [M]: 0x0000000080006C58 (0xFFC00513) addi a0, zero, 4092
x10 <- 0xFFFFFFFFFFFFFFFC
mem[X,0x0000000080006C5C] -> 0x0593
mem[X,0x0000000080006C5E] -> 0xFFF0
[988] [M]: 0x0000000080006C5C (0xFFF00593) addi a1, zero, 4095
x11 <- 0xFFFFFFFFFFFFFFFF
mem[X,0x0000000080006C60] -> 0x9593
mem[X,0x0000000080006C62] -> 0x03F5
[989] [M]: 0x0000000080006C60 (0x03F59593) slli a1, a1, 63
x11 <- 0x8000000000000000
mem[X,0x0000000080006C64] -> 0x0113
mem[X,0x0000000080006C66] -> 0x0000
[990] [M]: 0x0000000080006C64 (0x00000113) addi sp, zero, 0
x2 <- 0x0000000000000000
mem[X,0x0000000080006C68] -> 0x006F
mem[X,0x0000000080006C6A] -> 0x00C0
[991] [M]: 0x0000000080006C68 (0x00C0006F) jal zero, 12
mem[X,0x0000000080006C74] -> 0x5663
mem[X,0x0000000080006C76] -> 0x00B5
[992] [M]: 0x0000000080006C74 (0x00B55663) bge a0, a1, 12
mem[X,0x0000000080006C80] -> 0x0113
mem[X,0x0000000080006C82] -> 0x0031
[993] [M]: 0x0000000080006C80 (0x00310113) addi sp, sp, 3
x2 <- 0x0000000000000003
mem[X,0x0000000080006C84] -> 0x006F
mem[X,0x0000000080006C86] -> 0x0040
[994] [M]: 0x0000000080006C84 (0x0040006F) jal zero, 4
mem[X,0x0000000080006C88] -> 0xB423
mem[X,0x0000000080006C8A] -> 0x1620
[995] [M]: 0x0000000080006C88 (0x1620B423) sd sp, 360(ra)
mem[0x0000000080049338] <- 0x0000000000000003
mem[X,0x0000000080006C8C] -> 0xB537
mem[X,0x0000000080006C8E] -> 0xAAAA
[996] [M]: 0x0000000080006C8C (0xAAAAB537) lui a0, 699051
x10 <- 0xFFFFFFFFAAAAB000
mem[X,0x0000000080006C90] -> 0x0513
mem[X,0x0000000080006C92] -> 0xAAA5
[997] [M]: 0x0000000080006C90 (0xAAA50513) addi a0, a0, 2730
x10 <- 0xFFFFFFFFAAAAAAAA
mem[X,0x0000000080006C94] -> 0x1513
mem[X,0x0000000080006C96] -> 0x00B5
[998] [M]: 0x0000000080006C94 (0x00B51513) slli a0, a0, 11
x10 <- 0xFFFFFD5555555000
mem[X,0x0000000080006C98] -> 0x0513
mem[X,0x0000000080006C9A] -> 0x5555
[999] [M]: 0x0000000080006C98 (0x55550513) addi a0, a0, 1365
x10 <- 0xFFFFFD5555555555
clint::tick mtime <- 0x000000000000000A
 clint timer pending at mtime 0x000000000000000A
htif::tick 0x0000000000000000
mem[X,0x0000000080006C9C] -> 0x1513
mem[X,0x0000000080006C9E] -> 0x00B5
[1000] [M]: 0x0000000080006C9C (0x00B51513) slli a0, a0, 11
x10 <- 0xFFEAAAAAAAAAA800
mem[X,0x0000000080006CA0] -> 0x0513
mem[X,0x0000000080006CA2] -> 0x2AA5
[1001] [M]: 0x0000000080006CA0 (0x2AA50513) addi a0, a0, 682
x10 <- 0xFFEAAAAAAAAAAAAA
mem[X,0x0000000080006CA4] -> 0x1513
mem[X,0x0000000080006CA6] -> 0x00A5
[1002] [M]: 0x0000000080006CA4 (0x00A51513) slli a0, a0, 10
x10 <- 0xAAAAAAAAAAAAA800
mem[X,0x0000000080006CA8] -> 0x0513
mem[X,0x0000000080006CAA] -> 0x2AB5
[1003] [M]: 0x0000000080006CA8 (0x2AB50513) addi a0, a0, 683
x10 <- 0xAAAAAAAAAAAAAAAB
mem[X,0x0000000080006CAC] -> 0x0593
mem[X,0x0000000080006CAE] -> 0xFFE0
[1004] [M]: 0x0000000080006CAC (0xFFE00593) addi a1, zero, 4094
x11 <- 0xFFFFFFFFFFFFFFFE
mem[X,0x0000000080006CB0] -> 0x0113
mem[X,0x0000000080006CB2] -> 0x0000
[1005] [M]: 0x0000000080006CB0 (0x00000113) addi sp, zero, 0
x2 <- 0x0000000000000000
mem[X,0x0000000080006CB4] -> 0x006F
mem[X,0x0000000080006CB6] -> 0x0050
[1006] [M]: 0x0000000080006CB4 (0x0050006F) jal zero, 2052
mem[X,0x00000000800074B8] -> 0x50E3
mem[X,0x00000000800074BA] -> 0x80B5
[1007] [M]: 0x00000000800074B8 (0x80B550E3) bge a0, a1, 6144
mem[X,0x00000000800074BC] -> 0x0113
mem[X,0x00000000800074BE] -> 0x0021
[1008] [M]: 0x00000000800074BC (0x00210113) addi sp, sp, 2
x2 <- 0x0000000000000002
mem[X,0x00000000800074C0] -> 0x006F
mem[X,0x00000000800074C2] -> 0x00C0
[1009] [M]: 0x00000000800074C0 (0x00C0006F) jal zero, 12
mem[X,0x00000000800074CC] -> 0xB823
mem[X,0x00000000800074CE] -> 0x1620
[1010] [M]: 0x00000000800074CC (0x1620B823) sd sp, 368(ra)
mem[0x0000000080049340] <- 0x0000000000000002
mem[X,0x00000000800074D0] -> 0x0513
mem[X,0x00000000800074D2] -> 0x0010
[1011] [M]: 0x00000000800074D0 (0x00100513) addi a0, zero, 1
x10 <- 0x0000000000000001
mem[X,0x00000000800074D4] -> 0x1513
mem[X,0x00000000800074D6] -> 0x0185
[1012] [M]: 0x00000000800074D4 (0x01851513) slli a0, a0, 24
x10 <- 0x0000000001000000
mem[X,0x00000000800074D8] -> 0x4513
mem[X,0x00000000800074DA] -> 0xFFF5
[1013] [M]: 0x00000000800074D8 (0xFFF54513) xori a0, a0, 4095
x10 <- 0xFFFFFFFFFEFFFFFF
mem[X,0x00000000800074DC] -> 0x0593
mem[X,0x00000000800074DE] -> 0xFFD0
[1014] [M]: 0x00000000800074DC (0xFFD00593) addi a1, zero, 4093
x11 <- 0xFFFFFFFFFFFFFFFD
mem[X,0x00000000800074E0] -> 0x0113
mem[X,0x00000000800074E2] -> 0x0000
[1015] [M]: 0x00000000800074E0 (0x00000113) addi sp, zero, 0
x2 <- 0x0000000000000000
mem[X,0x00000000800074E4] -> 0x006F
mem[X,0x00000000800074E6] -> 0x00C0
[1016] [M]: 0x00000000800074E4 (0x00C0006F) jal zero, 12
mem[X,0x00000000800074F0] -> 0x5663
mem[X,0x00000000800074F2] -> 0x00B5
[1017] [M]: 0x00000000800074F0 (0x00B55663) bge a0, a1, 12
mem[X,0x00000000800074F4] -> 0x0113
mem[X,0x00000000800074F6] -> 0x0021
[1018] [M]: 0x00000000800074F4 (0x00210113) addi sp, sp, 2
x2 <- 0x0000000000000002
mem[X,0x00000000800074F8] -> 0x006F
mem[X,0x00000000800074FA] -> 0x00C0
[1019] [M]: 0x00000000800074F8 (0x00C0006F) jal zero, 12
mem[X,0x0000000080007504] -> 0xBC23
mem[X,0x0000000080007506] -> 0x1620
[1020] [M]: 0x0000000080007504 (0x1620BC23) sd sp, 376(ra)
mem[0x0000000080049348] <- 0x0000000000000002
mem[X,0x0000000080007508] -> 0xB537
mem[X,0x000000008000750A] -> 0xAAAA
[1021] [M]: 0x0000000080007508 (0xAAAAB537) lui a0, 699051
x10 <- 0xFFFFFFFFAAAAB000
mem[X,0x000000008000750C] -> 0x0513
mem[X,0x000000008000750E] -> 0xAAA5
[1022] [M]: 0x000000008000750C (0xAAA50513) addi a0, a0, 2730
x10 <- 0xFFFFFFFFAAAAAAAA
mem[X,0x0000000080007510] -> 0x1513
mem[X,0x0000000080007512] -> 0x00B5
[1023] [M]: 0x0000000080007510 (0x00B51513) slli a0, a0, 11
x10 <- 0xFFFFFD5555555000
mem[X,0x0000000080007514] -> 0x0513
mem[X,0x0000000080007516] -> 0x5555
[1024] [M]: 0x0000000080007514 (0x55550513) addi a0, a0, 1365
x10 <- 0xFFFFFD5555555555
mem[X,0x0000000080007518] -> 0x1513
mem[X,0x000000008000751A] -> 0x00B5
[1025] [M]: 0x0000000080007518 (0x00B51513) slli a0, a0, 11
x10 <- 0xFFEAAAAAAAAAA800
mem[X,0x000000008000751C] -> 0x0513
mem[X,0x000000008000751E] -> 0x2AA5
[1026] [M]: 0x000000008000751C (0x2AA50513) addi a0, a0, 682
x10 <- 0xFFEAAAAAAAAAAAAA
mem[X,0x0000000080007520] -> 0x1513
mem[X,0x0000000080007522] -> 0x00A5
[1027] [M]: 0x0000000080007520 (0x00A51513) slli a0, a0, 10
x10 <- 0xAAAAAAAAAAAAA800
mem[X,0x0000000080007524] -> 0x0513
mem[X,0x0000000080007526] -> 0x2AB5
[1028] [M]: 0x0000000080007524 (0x2AB50513) addi a0, a0, 683
x10 <- 0xAAAAAAAAAAAAAAAB
mem[X,0x0000000080007528] -> 0x0593
mem[X,0x000000008000752A] -> 0xFF70
[1029] [M]: 0x0000000080007528 (0xFF700593) addi a1, zero, 4087
x11 <- 0xFFFFFFFFFFFFFFF7
mem[X,0x000000008000752C] -> 0x0113
mem[X,0x000000008000752E] -> 0x0000
[1030] [M]: 0x000000008000752C (0x00000113) addi sp, zero, 0
x2 <- 0x0000000000000000
mem[X,0x0000000080007530] -> 0x006F
mem[X,0x0000000080007532] -> 0x00C0
[1031] [M]: 0x0000000080007530 (0x00C0006F) jal zero, 12
mem[X,0x000000008000753C] -> 0x5CE3
mem[X,0x000000008000753E] -> 0xFEB5
[1032] [M]: 0x000000008000753C (0xFEB55CE3) bge a0, a1, 8184
mem[X,0x0000000080007540] -> 0x0113
mem[X,0x0000000080007542] -> 0x0021
[1033] [M]: 0x0000000080007540 (0x00210113) addi sp, sp, 2
x2 <- 0x0000000000000002
mem[X,0x0000000080007544] -> 0x006F
mem[X,0x0000000080007546] -> 0x00C0
[1034] [M]: 0x0000000080007544 (0x00C0006F) jal zero, 12
mem[X,0x0000000080007550] -> 0xB023
mem[X,0x0000000080007552] -> 0x1820
[1035] [M]: 0x0000000080007550 (0x1820B023) sd sp, 384(ra)
mem[0x0000000080049350] <- 0x0000000000000002
mem[X,0x0000000080007554] -> 0x0513
mem[X,0x0000000080007556] -> 0x0010
[1036] [M]: 0x0000000080007554 (0x00100513) addi a0, zero, 1
x10 <- 0x0000000000000001
mem[X,0x0000000080007558] -> 0x1513
mem[X,0x000000008000755A] -> 0x00B5
[1037] [M]: 0x0000000080007558 (0x00B51513) slli a0, a0, 11
x10 <- 0x0000000000000800
mem[X,0x000000008000755C] -> 0x0593
mem[X,0x000000008000755E] -> 0xFEF0
[1038] [M]: 0x000000008000755C (0xFEF00593) addi a1, zero, 4079
x11 <- 0xFFFFFFFFFFFFFFEF
mem[X,0x0000000080007560] -> 0x0113
mem[X,0x0000000080007562] -> 0x0000
[1039] [M]: 0x0000000080007560 (0x00000113) addi sp, zero, 0
x2 <- 0x0000000000000000
mem[X,0x0000000080007564] -> 0x006F
mem[X,0x0000000080007566] -> 0x00C0
[1040] [M]: 0x0000000080007564 (0x00C0006F) jal zero, 12
mem[X,0x0000000080007570] -> 0x5663
mem[X,0x0000000080007572] -> 0x00B5
[1041] [M]: 0x0000000080007570 (0x00B55663) bge a0, a1, 12
mem[X,0x000000008000757C] -> 0x0113
mem[X,0x000000008000757E] -> 0x0031
[1042] [M]: 0x000000008000757C (0x00310113) addi sp, sp, 3
x2 <- 0x0000000000000003
mem[X,0x0000000080007580] -> 0x006F
mem[X,0x0000000080007582] -> 0x0040
[1043] [M]: 0x0000000080007580 (0x0040006F) jal zero, 4
mem[X,0x0000000080007584] -> 0xB423
mem[X,0x0000000080007586] -> 0x1820
[1044] [M]: 0x0000000080007584 (0x1820B423) sd sp, 392(ra)
mem[0x0000000080049358] <- 0x0000000000000003
mem[X,0x0000000080007588] -> 0x0513
mem[X,0x000000008000758A] -> 0x0010
[1045] [M]: 0x0000000080007588 (0x00100513) addi a0, zero, 1
x10 <- 0x0000000000000001
mem[X,0x000000008000758C] -> 0x1513
mem[X,0x000000008000758E] -> 0x01B5
[1046] [M]: 0x000000008000758C (0x01B51513) slli a0, a0, 27
x10 <- 0x0000000008000000
mem[X,0x0000000080007590] -> 0x0593
mem[X,0x0000000080007592] -> 0xFDF0
[1047] [M]: 0x0000000080007590 (0xFDF00593) addi a1, zero, 4063
x11 <- 0xFFFFFFFFFFFFFFDF
mem[X,0x0000000080007594] -> 0x0113
mem[X,0x0000000080007596] -> 0x0000
[1048] [M]: 0x0000000080007594 (0x00000113) addi sp, zero, 0
x2 <- 0x0000000000000000
mem[X,0x0000000080007598] -> 0x006F
mem[X,0x000000008000759A] -> 0x0050
[1049] [M]: 0x0000000080007598 (0x0050006F) jal zero, 2052
mem[X,0x0000000080007D9C] -> 0x50E3
mem[X,0x0000000080007D9E] -> 0x80B5
[1050] [M]: 0x0000000080007D9C (0x80B550E3) bge a0, a1, 6144
mem[X,0x000000008000759C] -> 0x0113
mem[X,0x000000008000759E] -> 0x0011
[1051] [M]: 0x000000008000759C (0x00110113) addi sp, sp, 1
x2 <- 0x0000000000000001
mem[X,0x00000000800075A0] -> 0x006F
mem[X,0x00000000800075A2] -> 0x0110
[1052] [M]: 0x00000000800075A0 (0x0110006F) jal zero, 2064
mem[X,0x0000000080007DB0] -> 0xB823
mem[X,0x0000000080007DB2] -> 0x1820
[1053] [M]: 0x0000000080007DB0 (0x1820B823) sd sp, 400(ra)
mem[0x0000000080049360] <- 0x0000000000000001
mem[X,0x0000000080007DB4] -> 0x0513
mem[X,0x0000000080007DB6] -> 0x0010
[1054] [M]: 0x0000000080007DB4 (0x00100513) addi a0, zero, 1
x10 <- 0x0000000000000001
mem[X,0x0000000080007DB8] -> 0x1513
mem[X,0x0000000080007DBA] -> 0x0245
[1055] [M]: 0x0000000080007DB8 (0x02451513) slli a0, a0, 36
x10 <- 0x0000001000000000
mem[X,0x0000000080007DBC] -> 0x0593
mem[X,0x0000000080007DBE] -> 0xFBF0
[1056] [M]: 0x0000000080007DBC (0xFBF00593) addi a1, zero, 4031
x11 <- 0xFFFFFFFFFFFFFFBF
mem[X,0x0000000080007DC0] -> 0x0113
mem[X,0x0000000080007DC2] -> 0x0000
[1057] [M]: 0x0000000080007DC0 (0x00000113) addi sp, zero, 0
x2 <- 0x0000000000000000
mem[X,0x0000000080007DC4] -> 0x006F
mem[X,0x0000000080007DC6] -> 0x00C0
[1058] [M]: 0x0000000080007DC4 (0x00C0006F) jal zero, 12
mem[X,0x0000000080007DD0] -> 0x5663
mem[X,0x0000000080007DD2] -> 0x00B5
[1059] [M]: 0x0000000080007DD0 (0x00B55663) bge a0, a1, 12
mem[X,0x0000000080007DDC] -> 0x0113
mem[X,0x0000000080007DDE] -> 0x0031
[1060] [M]: 0x0000000080007DDC (0x00310113) addi sp, sp, 3
x2 <- 0x0000000000000003
mem[X,0x0000000080007DE0] -> 0x006F
mem[X,0x0000000080007DE2] -> 0x0040
[1061] [M]: 0x0000000080007DE0 (0x0040006F) jal zero, 4
mem[X,0x0000000080007DE4] -> 0xBC23
mem[X,0x0000000080007DE6] -> 0x1820
[1062] [M]: 0x0000000080007DE4 (0x1820BC23) sd sp, 408(ra)
mem[0x0000000080049368] <- 0x0000000000000003
mem[X,0x0000000080007DE8] -> 0x0513
mem[X,0x0000000080007DEA] -> 0x0010
[1063] [M]: 0x0000000080007DE8 (0x00100513) addi a0, zero, 1
x10 <- 0x0000000000000001
mem[X,0x0000000080007DEC] -> 0x1513
mem[X,0x0000000080007DEE] -> 0x0165
[1064] [M]: 0x0000000080007DEC (0x01651513) slli a0, a0, 22
x10 <- 0x0000000000400000
mem[X,0x0000000080007DF0] -> 0x0593
mem[X,0x0000000080007DF2] -> 0xF7F0
[1065] [M]: 0x0000000080007DF0 (0xF7F00593) addi a1, zero, 3967
x11 <- 0xFFFFFFFFFFFFFF7F
mem[X,0x0000000080007DF4] -> 0x0113
mem[X,0x0000000080007DF6] -> 0x0000
[1066] [M]: 0x0000000080007DF4 (0x00000113) addi sp, zero, 0
x2 <- 0x0000000000000000
mem[X,0x0000000080007DF8] -> 0x006F
mem[X,0x0000000080007DFA] -> 0x0180
[1067] [M]: 0x0000000080007DF8 (0x0180006F) jal zero, 24
mem[X,0x0000000080007E10] -> 0x56E3
mem[X,0x0000000080007E12] -> 0xFEB5
[1068] [M]: 0x0000000080007E10 (0xFEB556E3) bge a0, a1, 8172
mem[X,0x0000000080007DFC] -> 0x0113
mem[X,0x0000000080007DFE] -> 0x0011
[1069] [M]: 0x0000000080007DFC (0x00110113) addi sp, sp, 1
x2 <- 0x0000000000000001
mem[X,0x0000000080007E00] -> 0x006F
mem[X,0x0000000080007E02] -> 0x0240
[1070] [M]: 0x0000000080007E00 (0x0240006F) jal zero, 36
mem[X,0x0000000080007E24] -> 0xB023
mem[X,0x0000000080007E26] -> 0x1A20
[1071] [M]: 0x0000000080007E24 (0x1A20B023) sd sp, 416(ra)
mem[0x0000000080049370] <- 0x0000000000000001
mem[X,0x0000000080007E28] -> 0x0513
mem[X,0x0000000080007E2A] -> 0x0010
[1072] [M]: 0x0000000080007E28 (0x00100513) addi a0, zero, 1
x10 <- 0x0000000000000001
mem[X,0x0000000080007E2C] -> 0x1513
mem[X,0x0000000080007E2E] -> 0x01C5
[1073] [M]: 0x0000000080007E2C (0x01C51513) slli a0, a0, 28
x10 <- 0x0000000010000000
mem[X,0x0000000080007E30] -> 0x4513
mem[X,0x0000000080007E32] -> 0xFFF5
[1074] [M]: 0x0000000080007E30 (0xFFF54513) xori a0, a0, 4095
x10 <- 0xFFFFFFFFEFFFFFFF
mem[X,0x0000000080007E34] -> 0x0593
mem[X,0x0000000080007E36] -> 0xEFF0
[1075] [M]: 0x0000000080007E34 (0xEFF00593) addi a1, zero, 3839
x11 <- 0xFFFFFFFFFFFFFEFF
mem[X,0x0000000080007E38] -> 0x0113
mem[X,0x0000000080007E3A] -> 0x0000
[1076] [M]: 0x0000000080007E38 (0x00000113) addi sp, zero, 0
x2 <- 0x0000000000000000
mem[X,0x0000000080007E3C] -> 0x006F
mem[X,0x0000000080007E3E] -> 0x2B10
[1077] [M]: 0x0000000080007E3C (0x2B10006F) jal zero, 2736
mem[X,0x00000000800088EC] -> 0x5A63
mem[X,0x00000000800088EE] -> 0xD4B5
[1078] [M]: 0x00000000800088EC (0xD4B55A63) bge a0, a1, 5460
mem[X,0x00000000800088F0] -> 0x0113
mem[X,0x00000000800088F2] -> 0x0021
[1079] [M]: 0x00000000800088F0 (0x00210113) addi sp, sp, 2
x2 <- 0x0000000000000002
mem[X,0x00000000800088F4] -> 0x006F
mem[X,0x00000000800088F6] -> 0x00C0
[1080] [M]: 0x00000000800088F4 (0x00C0006F) jal zero, 12
mem[X,0x0000000080008900] -> 0xB423
mem[X,0x0000000080008902] -> 0x1A20
[1081] [M]: 0x0000000080008900 (0x1A20B423) sd sp, 424(ra)
mem[0x0000000080049378] <- 0x0000000000000002
mem[X,0x0000000080008904] -> 0x0537
mem[X,0x0000000080008906] -> 0x0000
[1082] [M]: 0x0000000080008904 (0x00000537) lui a0, 0
x10 <- 0x0000000000000000
mem[X,0x0000000080008908] -> 0x0513
mem[X,0x000000008000890A] -> 0x0005
[1083] [M]: 0x0000000080008908 (0x00050513) addi a0, a0, 0
x10 <- 0x0000000000000000
mem[X,0x000000008000890C] -> 0x1513
mem[X,0x000000008000890E] -> 0x00B5
[1084] [M]: 0x000000008000890C (0x00B51513) slli a0, a0, 11
x10 <- 0x0000000000000000
mem[X,0x0000000080008910] -> 0x0513
mem[X,0x0000000080008912] -> 0x5A85
[1085] [M]: 0x0000000080008910 (0x5A850513) addi a0, a0, 1448
x10 <- 0x00000000000005A8
mem[X,0x0000000080008914] -> 0x1513
mem[X,0x0000000080008916] -> 0x00B5
[1086] [M]: 0x0000000080008914 (0x00B51513) slli a0, a0, 11
x10 <- 0x00000000002D4000
mem[X,0x0000000080008918] -> 0x0513
mem[X,0x000000008000891A] -> 0x13C5
[1087] [M]: 0x0000000080008918 (0x13C50513) addi a0, a0, 316
x10 <- 0x00000000002D413C
mem[X,0x000000008000891C] -> 0x1513
mem[X,0x000000008000891E] -> 0x00A5
[1088] [M]: 0x000000008000891C (0x00A51513) slli a0, a0, 10
x10 <- 0x00000000B504F000
mem[X,0x0000000080008920] -> 0x0513
mem[X,0x0000000080008922] -> 0x3335
[1089] [M]: 0x0000000080008920 (0x33350513) addi a0, a0, 819
x10 <- 0x00000000B504F333
mem[X,0x0000000080008924] -> 0x0593
mem[X,0x0000000080008926] -> 0xDFF0
[1090] [M]: 0x0000000080008924 (0xDFF00593) addi a1, zero, 3583
x11 <- 0xFFFFFFFFFFFFFDFF
mem[X,0x0000000080008928] -> 0x0113
mem[X,0x000000008000892A] -> 0x0000
[1091] [M]: 0x0000000080008928 (0x00000113) addi sp, zero, 0
x2 <- 0x0000000000000000
mem[X,0x000000008000892C] -> 0x006F
mem[X,0x000000008000892E] -> 0x00C0
[1092] [M]: 0x000000008000892C (0x00C0006F) jal zero, 12
mem[X,0x0000000080008938] -> 0x5663
mem[X,0x000000008000893A] -> 0x00B5
[1093] [M]: 0x0000000080008938 (0x00B55663) bge a0, a1, 12
mem[X,0x0000000080008944] -> 0x0113
mem[X,0x0000000080008946] -> 0x0031
[1094] [M]: 0x0000000080008944 (0x00310113) addi sp, sp, 3
x2 <- 0x0000000000000003
mem[X,0x0000000080008948] -> 0x006F
mem[X,0x000000008000894A] -> 0x0040
[1095] [M]: 0x0000000080008948 (0x0040006F) jal zero, 4
mem[X,0x000000008000894C] -> 0xB823
mem[X,0x000000008000894E] -> 0x1A20
[1096] [M]: 0x000000008000894C (0x1A20B823) sd sp, 432(ra)
mem[0x0000000080049380] <- 0x0000000000000003
mem[X,0x0000000080008950] -> 0x0513
mem[X,0x0000000080008952] -> 0x0010
[1097] [M]: 0x0000000080008950 (0x00100513) addi a0, zero, 1
x10 <- 0x0000000000000001
mem[X,0x0000000080008954] -> 0x1513
mem[X,0x0000000080008956] -> 0x01B5
[1098] [M]: 0x0000000080008954 (0x01B51513) slli a0, a0, 27
x10 <- 0x0000000008000000
mem[X,0x0000000080008958] -> 0x0593
mem[X,0x000000008000895A] -> 0xBFF0
[1099] [M]: 0x0000000080008958 (0xBFF00593) addi a1, zero, 3071
x11 <- 0xFFFFFFFFFFFFFBFF
clint::tick mtime <- 0x000000000000000B
 clint timer pending at mtime 0x000000000000000B
htif::tick 0x0000000000000000
mem[X,0x000000008000895C] -> 0x0113
mem[X,0x000000008000895E] -> 0x0000
[1100] [M]: 0x000000008000895C (0x00000113) addi sp, zero, 0
x2 <- 0x0000000000000000
mem[X,0x0000000080008960] -> 0x006F
mem[X,0x0000000080008962] -> 0x00C0
[1101] [M]: 0x0000000080008960 (0x00C0006F) jal zero, 12
mem[X,0x000000008000896C] -> 0x5CE3
mem[X,0x000000008000896E] -> 0xFEB5
[1102] [M]: 0x000000008000896C (0xFEB55CE3) bge a0, a1, 8184
mem[X,0x0000000080008964] -> 0x0113
mem[X,0x0000000080008966] -> 0x0011
[1103] [M]: 0x0000000080008964 (0x00110113) addi sp, sp, 1
x2 <- 0x0000000000000001
mem[X,0x0000000080008968] -> 0x006F
mem[X,0x000000008000896A] -> 0x0180
[1104] [M]: 0x0000000080008968 (0x0180006F) jal zero, 24
mem[X,0x0000000080008980] -> 0xBC23
mem[X,0x0000000080008982] -> 0x1A20
[1105] [M]: 0x0000000080008980 (0x1A20BC23) sd sp, 440(ra)
mem[0x0000000080049388] <- 0x0000000000000001
mem[X,0x0000000080008984] -> 0x0513
mem[X,0x0000000080008986] -> 0x0020
[1106] [M]: 0x0000000080008984 (0x00200513) addi a0, zero, 2
x10 <- 0x0000000000000002
mem[X,0x0000000080008988] -> 0x0593
mem[X,0x000000008000898A] -> 0x0010
[1107] [M]: 0x0000000080008988 (0x00100593) addi a1, zero, 1
x11 <- 0x0000000000000001
mem[X,0x000000008000898C] -> 0x9593
mem[X,0x000000008000898E] -> 0x00B5
[1108] [M]: 0x000000008000898C (0x00B59593) slli a1, a1, 11
x11 <- 0x0000000000000800
mem[X,0x0000000080008990] -> 0xC593
mem[X,0x0000000080008992] -> 0xFFF5
[1109] [M]: 0x0000000080008990 (0xFFF5C593) xori a1, a1, 4095
x11 <- 0xFFFFFFFFFFFFF7FF
mem[X,0x0000000080008994] -> 0x0113
mem[X,0x0000000080008996] -> 0x0000
[1110] [M]: 0x0000000080008994 (0x00000113) addi sp, zero, 0
x2 <- 0x0000000000000000
mem[X,0x0000000080008998] -> 0x006F
mem[X,0x000000008000899A] -> 0x2B10
[1111] [M]: 0x0000000080008998 (0x2B10006F) jal zero, 2736
mem[X,0x0000000080009448] -> 0x5A63
mem[X,0x000000008000944A] -> 0xD4B5
[1112] [M]: 0x0000000080009448 (0xD4B55A63) bge a0, a1, 5460
mem[X,0x000000008000899C] -> 0x0113
mem[X,0x000000008000899E] -> 0x0011
[1113] [M]: 0x000000008000899C (0x00110113) addi sp, sp, 1
x2 <- 0x0000000000000001
mem[X,0x00000000800089A0] -> 0x006F
mem[X,0x00000000800089A2] -> 0x2BD0
[1114] [M]: 0x00000000800089A0 (0x2BD0006F) jal zero, 2748
mem[X,0x000000008000945C] -> 0xB023
mem[X,0x000000008000945E] -> 0x1C20
[1115] [M]: 0x000000008000945C (0x1C20B023) sd sp, 448(ra)
mem[0x0000000080049390] <- 0x0000000000000001
mem[X,0x0000000080009460] -> 0x0513
mem[X,0x0000000080009462] -> 0x0010
[1116] [M]: 0x0000000080009460 (0x00100513) addi a0, zero, 1
x10 <- 0x0000000000000001
mem[X,0x0000000080009464] -> 0x1513
mem[X,0x0000000080009466] -> 0x03C5
[1117] [M]: 0x0000000080009464 (0x03C51513) slli a0, a0, 60
x10 <- 0x1000000000000000
mem[X,0x0000000080009468] -> 0x4513
mem[X,0x000000008000946A] -> 0xFFF5
[1118] [M]: 0x0000000080009468 (0xFFF54513) xori a0, a0, 4095
x10 <- 0xEFFFFFFFFFFFFFFF
mem[X,0x000000008000946C] -> 0x0593
mem[X,0x000000008000946E] -> 0x0010
[1119] [M]: 0x000000008000946C (0x00100593) addi a1, zero, 1
x11 <- 0x0000000000000001
mem[X,0x0000000080009470] -> 0x9593
mem[X,0x0000000080009472] -> 0x00C5
[1120] [M]: 0x0000000080009470 (0x00C59593) slli a1, a1, 12
x11 <- 0x0000000000001000
mem[X,0x0000000080009474] -> 0xC593
mem[X,0x0000000080009476] -> 0xFFF5
[1121] [M]: 0x0000000080009474 (0xFFF5C593) xori a1, a1, 4095
x11 <- 0xFFFFFFFFFFFFEFFF
mem[X,0x0000000080009478] -> 0x0113
mem[X,0x000000008000947A] -> 0x0000
[1122] [M]: 0x0000000080009478 (0x00000113) addi sp, zero, 0
x2 <- 0x0000000000000000
mem[X,0x000000008000947C] -> 0x006F
mem[X,0x000000008000947E] -> 0x00C0
[1123] [M]: 0x000000008000947C (0x00C0006F) jal zero, 12
mem[X,0x0000000080009488] -> 0x5CE3
mem[X,0x000000008000948A] -> 0xFEB5
[1124] [M]: 0x0000000080009488 (0xFEB55CE3) bge a0, a1, 8184
mem[X,0x000000008000948C] -> 0x0113
mem[X,0x000000008000948E] -> 0x0021
[1125] [M]: 0x000000008000948C (0x00210113) addi sp, sp, 2
x2 <- 0x0000000000000002
mem[X,0x0000000080009490] -> 0x006F
mem[X,0x0000000080009492] -> 0x00C0
[1126] [M]: 0x0000000080009490 (0x00C0006F) jal zero, 12
mem[X,0x000000008000949C] -> 0xB423
mem[X,0x000000008000949E] -> 0x1C20
[1127] [M]: 0x000000008000949C (0x1C20B423) sd sp, 456(ra)
mem[0x0000000080049398] <- 0x0000000000000002
mem[X,0x00000000800094A0] -> 0x0513
mem[X,0x00000000800094A2] -> 0x0010
[1128] [M]: 0x00000000800094A0 (0x00100513) addi a0, zero, 1
x10 <- 0x0000000000000001
mem[X,0x00000000800094A4] -> 0x1513
mem[X,0x00000000800094A6] -> 0x0285
[1129] [M]: 0x00000000800094A4 (0x02851513) slli a0, a0, 40
x10 <- 0x0000010000000000
mem[X,0x00000000800094A8] -> 0x0593
mem[X,0x00000000800094AA] -> 0x0010
[1130] [M]: 0x00000000800094A8 (0x00100593) addi a1, zero, 1
x11 <- 0x0000000000000001
mem[X,0x00000000800094AC] -> 0x9593
mem[X,0x00000000800094AE] -> 0x00D5
[1131] [M]: 0x00000000800094AC (0x00D59593) slli a1, a1, 13
x11 <- 0x0000000000002000
mem[X,0x00000000800094B0] -> 0xC593
mem[X,0x00000000800094B2] -> 0xFFF5
[1132] [M]: 0x00000000800094B0 (0xFFF5C593) xori a1, a1, 4095
x11 <- 0xFFFFFFFFFFFFDFFF
mem[X,0x00000000800094B4] -> 0x0113
mem[X,0x00000000800094B6] -> 0x0000
[1133] [M]: 0x00000000800094B4 (0x00000113) addi sp, zero, 0
x2 <- 0x0000000000000000
mem[X,0x00000000800094B8] -> 0x006F
mem[X,0x00000000800094BA] -> 0x00C0
[1134] [M]: 0x00000000800094B8 (0x00C0006F) jal zero, 12
mem[X,0x00000000800094C4] -> 0x5663
mem[X,0x00000000800094C6] -> 0x00B5
[1135] [M]: 0x00000000800094C4 (0x00B55663) bge a0, a1, 12
mem[X,0x00000000800094D0] -> 0x0113
mem[X,0x00000000800094D2] -> 0x0031
[1136] [M]: 0x00000000800094D0 (0x00310113) addi sp, sp, 3
x2 <- 0x0000000000000003
mem[X,0x00000000800094D4] -> 0x006F
mem[X,0x00000000800094D6] -> 0x0040
[1137] [M]: 0x00000000800094D4 (0x0040006F) jal zero, 4
mem[X,0x00000000800094D8] -> 0xB823
mem[X,0x00000000800094DA] -> 0x1C20
[1138] [M]: 0x00000000800094D8 (0x1C20B823) sd sp, 464(ra)
mem[0x00000000800493A0] <- 0x0000000000000003
mem[X,0x00000000800094DC] -> 0x0513
mem[X,0x00000000800094DE] -> 0x0010
[1139] [M]: 0x00000000800094DC (0x00100513) addi a0, zero, 1
x10 <- 0x0000000000000001
mem[X,0x00000000800094E0] -> 0x1513
mem[X,0x00000000800094E2] -> 0x0175
[1140] [M]: 0x00000000800094E0 (0x01751513) slli a0, a0, 23
x10 <- 0x0000000000800000
mem[X,0x00000000800094E4] -> 0x4513
mem[X,0x00000000800094E6] -> 0xFFF5
[1141] [M]: 0x00000000800094E4 (0xFFF54513) xori a0, a0, 4095
x10 <- 0xFFFFFFFFFF7FFFFF
mem[X,0x00000000800094E8] -> 0x0593
mem[X,0x00000000800094EA] -> 0x0010
[1142] [M]: 0x00000000800094E8 (0x00100593) addi a1, zero, 1
x11 <- 0x0000000000000001
mem[X,0x00000000800094EC] -> 0x9593
mem[X,0x00000000800094EE] -> 0x00E5
[1143] [M]: 0x00000000800094EC (0x00E59593) slli a1, a1, 14
x11 <- 0x0000000000004000
mem[X,0x00000000800094F0] -> 0xC593
mem[X,0x00000000800094F2] -> 0xFFF5
[1144] [M]: 0x00000000800094F0 (0xFFF5C593) xori a1, a1, 4095
x11 <- 0xFFFFFFFFFFFFBFFF
mem[X,0x00000000800094F4] -> 0x0113
mem[X,0x00000000800094F6] -> 0x0000
[1145] [M]: 0x00000000800094F4 (0x00000113) addi sp, zero, 0
x2 <- 0x0000000000000000
mem[X,0x00000000800094F8] -> 0x006F
mem[X,0x00000000800094FA] -> 0x00C0
[1146] [M]: 0x00000000800094F8 (0x00C0006F) jal zero, 12
mem[X,0x0000000080009504] -> 0x5CE3
mem[X,0x0000000080009506] -> 0xFEB5
[1147] [M]: 0x0000000080009504 (0xFEB55CE3) bge a0, a1, 8184
mem[X,0x0000000080009508] -> 0x0113
mem[X,0x000000008000950A] -> 0x0021
[1148] [M]: 0x0000000080009508 (0x00210113) addi sp, sp, 2
x2 <- 0x0000000000000002
mem[X,0x000000008000950C] -> 0x006F
mem[X,0x000000008000950E] -> 0x00C0
[1149] [M]: 0x000000008000950C (0x00C0006F) jal zero, 12
mem[X,0x0000000080009518] -> 0xBC23
mem[X,0x000000008000951A] -> 0x1C20
[1150] [M]: 0x0000000080009518 (0x1C20BC23) sd sp, 472(ra)
mem[0x00000000800493A8] <- 0x0000000000000002
mem[X,0x000000008000951C] -> 0x0513
mem[X,0x000000008000951E] -> 0x0010
[1151] [M]: 0x000000008000951C (0x00100513) addi a0, zero, 1
x10 <- 0x0000000000000001
mem[X,0x0000000080009520] -> 0x1513
mem[X,0x0000000080009522] -> 0x0325
[1152] [M]: 0x0000000080009520 (0x03251513) slli a0, a0, 50
x10 <- 0x0004000000000000
mem[X,0x0000000080009524] -> 0x4513
mem[X,0x0000000080009526] -> 0xFFF5
[1153] [M]: 0x0000000080009524 (0xFFF54513) xori a0, a0, 4095
x10 <- 0xFFFBFFFFFFFFFFFF
mem[X,0x0000000080009528] -> 0x0593
mem[X,0x000000008000952A] -> 0x0010
[1154] [M]: 0x0000000080009528 (0x00100593) addi a1, zero, 1
x11 <- 0x0000000000000001
mem[X,0x000000008000952C] -> 0x9593
mem[X,0x000000008000952E] -> 0x00F5
[1155] [M]: 0x000000008000952C (0x00F59593) slli a1, a1, 15
x11 <- 0x0000000000008000
mem[X,0x0000000080009530] -> 0xC593
mem[X,0x0000000080009532] -> 0xFFF5
[1156] [M]: 0x0000000080009530 (0xFFF5C593) xori a1, a1, 4095
x11 <- 0xFFFFFFFFFFFF7FFF
mem[X,0x0000000080009534] -> 0x0113
mem[X,0x0000000080009536] -> 0x0000
[1157] [M]: 0x0000000080009534 (0x00000113) addi sp, zero, 0
x2 <- 0x0000000000000000
mem[X,0x0000000080009538] -> 0x006F
mem[X,0x000000008000953A] -> 0x00C0
[1158] [M]: 0x0000000080009538 (0x00C0006F) jal zero, 12
mem[X,0x0000000080009544] -> 0x5863
mem[X,0x0000000080009546] -> 0x00B5
[1159] [M]: 0x0000000080009544 (0x00B55863) bge a0, a1, 16
mem[X,0x0000000080009548] -> 0x0113
mem[X,0x000000008000954A] -> 0x0021
[1160] [M]: 0x0000000080009548 (0x00210113) addi sp, sp, 2
x2 <- 0x0000000000000002
mem[X,0x000000008000954C] -> 0x006F
mem[X,0x000000008000954E] -> 0x0100
[1161] [M]: 0x000000008000954C (0x0100006F) jal zero, 16
mem[X,0x000000008000955C] -> 0xB023
mem[X,0x000000008000955E] -> 0x1E20
[1162] [M]: 0x000000008000955C (0x1E20B023) sd sp, 480(ra)
mem[0x00000000800493B0] <- 0x0000000000000002
mem[X,0x0000000080009560] -> 0x6537
mem[X,0x0000000080009562] -> 0x6666
[1163] [M]: 0x0000000080009560 (0x66666537) lui a0, 419430
x10 <- 0x0000000066666000
mem[X,0x0000000080009564] -> 0x0513
mem[X,0x0000000080009566] -> 0x6665
[1164] [M]: 0x0000000080009564 (0x66650513) addi a0, a0, 1638
x10 <- 0x0000000066666666
mem[X,0x0000000080009568] -> 0x1513
mem[X,0x000000008000956A] -> 0x00B5
[1165] [M]: 0x0000000080009568 (0x00B51513) slli a0, a0, 11
x10 <- 0x0000033333333000
mem[X,0x000000008000956C] -> 0x0513
mem[X,0x000000008000956E] -> 0x3335
[1166] [M]: 0x000000008000956C (0x33350513) addi a0, a0, 819
x10 <- 0x0000033333333333
mem[X,0x0000000080009570] -> 0x1513
mem[X,0x0000000080009572] -> 0x00B5
[1167] [M]: 0x0000000080009570 (0x00B51513) slli a0, a0, 11
x10 <- 0x0019999999999800
mem[X,0x0000000080009574] -> 0x0513
mem[X,0x0000000080009576] -> 0x1995
[1168] [M]: 0x0000000080009574 (0x19950513) addi a0, a0, 409
x10 <- 0x0019999999999999
mem[X,0x0000000080009578] -> 0x1513
mem[X,0x000000008000957A] -> 0x00A5
[1169] [M]: 0x0000000080009578 (0x00A51513) slli a0, a0, 10
x10 <- 0x6666666666666400
mem[X,0x000000008000957C] -> 0x0513
mem[X,0x000000008000957E] -> 0x2675
[1170] [M]: 0x000000008000957C (0x26750513) addi a0, a0, 615
x10 <- 0x6666666666666667
mem[X,0x0000000080009580] -> 0x0593
mem[X,0x0000000080009582] -> 0x0010
[1171] [M]: 0x0000000080009580 (0x00100593) addi a1, zero, 1
x11 <- 0x0000000000000001
mem[X,0x0000000080009584] -> 0x9593
mem[X,0x0000000080009586] -> 0x0105
[1172] [M]: 0x0000000080009584 (0x01059593) slli a1, a1, 16
x11 <- 0x0000000000010000
mem[X,0x0000000080009588] -> 0xC593
mem[X,0x000000008000958A] -> 0xFFF5
[1173] [M]: 0x0000000080009588 (0xFFF5C593) xori a1, a1, 4095
x11 <- 0xFFFFFFFFFFFEFFFF
mem[X,0x000000008000958C] -> 0x0113
mem[X,0x000000008000958E] -> 0x0000
[1174] [M]: 0x000000008000958C (0x00000113) addi sp, zero, 0
x2 <- 0x0000000000000000
mem[X,0x0000000080009590] -> 0x006F
mem[X,0x0000000080009592] -> 0x00C0
[1175] [M]: 0x0000000080009590 (0x00C0006F) jal zero, 12
mem[X,0x000000008000959C] -> 0x5063
mem[X,0x000000008000959E] -> 0x04B5
[1176] [M]: 0x000000008000959C (0x04B55063) bge a0, a1, 64
mem[X,0x00000000800095DC] -> 0x0113
mem[X,0x00000000800095DE] -> 0x0031
[1177] [M]: 0x00000000800095DC (0x00310113) addi sp, sp, 3
x2 <- 0x0000000000000003
mem[X,0x00000000800095E0] -> 0x006F
mem[X,0x00000000800095E2] -> 0x0040
[1178] [M]: 0x00000000800095E0 (0x0040006F) jal zero, 4
mem[X,0x00000000800095E4] -> 0xB423
mem[X,0x00000000800095E6] -> 0x1E20
[1179] [M]: 0x00000000800095E4 (0x1E20B423) sd sp, 488(ra)
mem[0x00000000800493B8] <- 0x0000000000000003
mem[X,0x00000000800095E8] -> 0x0513
mem[X,0x00000000800095EA] -> 0x0010
[1180] [M]: 0x00000000800095E8 (0x00100513) addi a0, zero, 1
x10 <- 0x0000000000000001
mem[X,0x00000000800095EC] -> 0x1513
mem[X,0x00000000800095EE] -> 0x02E5
[1181] [M]: 0x00000000800095EC (0x02E51513) slli a0, a0, 46
x10 <- 0x0000400000000000
mem[X,0x00000000800095F0] -> 0x0593
mem[X,0x00000000800095F2] -> 0x0010
[1182] [M]: 0x00000000800095F0 (0x00100593) addi a1, zero, 1
x11 <- 0x0000000000000001
mem[X,0x00000000800095F4] -> 0x9593
mem[X,0x00000000800095F6] -> 0x0115
[1183] [M]: 0x00000000800095F4 (0x01159593) slli a1, a1, 17
x11 <- 0x0000000000020000
mem[X,0x00000000800095F8] -> 0xC593
mem[X,0x00000000800095FA] -> 0xFFF5
[1184] [M]: 0x00000000800095F8 (0xFFF5C593) xori a1, a1, 4095
x11 <- 0xFFFFFFFFFFFDFFFF
mem[X,0x00000000800095FC] -> 0x0113
mem[X,0x00000000800095FE] -> 0x0000
[1185] [M]: 0x00000000800095FC (0x00000113) addi sp, zero, 0
x2 <- 0x0000000000000000
mem[X,0x0000000080009600] -> 0x006F
mem[X,0x0000000080009602] -> 0x0140
[1186] [M]: 0x0000000080009600 (0x0140006F) jal zero, 20
mem[X,0x0000000080009614] -> 0x58E3
mem[X,0x0000000080009616] -> 0xFEB5
[1187] [M]: 0x0000000080009614 (0xFEB558E3) bge a0, a1, 8176
mem[X,0x0000000080009604] -> 0x0113
mem[X,0x0000000080009606] -> 0x0011
[1188] [M]: 0x0000000080009604 (0x00110113) addi sp, sp, 1
x2 <- 0x0000000000000001
mem[X,0x0000000080009608] -> 0x006F
mem[X,0x000000008000960A] -> 0x0200
[1189] [M]: 0x0000000080009608 (0x0200006F) jal zero, 32
mem[X,0x0000000080009628] -> 0xB823
mem[X,0x000000008000962A] -> 0x1E20
[1190] [M]: 0x0000000080009628 (0x1E20B823) sd sp, 496(ra)
mem[0x00000000800493C0] <- 0x0000000000000001
mem[X,0x000000008000962C] -> 0x0513
mem[X,0x000000008000962E] -> 0x0010
[1191] [M]: 0x000000008000962C (0x00100513) addi a0, zero, 1
x10 <- 0x0000000000000001
mem[X,0x0000000080009630] -> 0x1513
mem[X,0x0000000080009632] -> 0x0125
[1192] [M]: 0x0000000080009630 (0x01251513) slli a0, a0, 18
x10 <- 0x0000000000040000
mem[X,0x0000000080009634] -> 0x4513
mem[X,0x0000000080009636] -> 0xFFF5
[1193] [M]: 0x0000000080009634 (0xFFF54513) xori a0, a0, 4095
x10 <- 0xFFFFFFFFFFFBFFFF
mem[X,0x0000000080009638] -> 0x0593
mem[X,0x000000008000963A] -> 0x0010
[1194] [M]: 0x0000000080009638 (0x00100593) addi a1, zero, 1
x11 <- 0x0000000000000001
mem[X,0x000000008000963C] -> 0x9593
mem[X,0x000000008000963E] -> 0x0125
[1195] [M]: 0x000000008000963C (0x01259593) slli a1, a1, 18
x11 <- 0x0000000000040000
mem[X,0x0000000080009640] -> 0xC593
mem[X,0x0000000080009642] -> 0xFFF5
[1196] [M]: 0x0000000080009640 (0xFFF5C593) xori a1, a1, 4095
x11 <- 0xFFFFFFFFFFFBFFFF
mem[X,0x0000000080009644] -> 0x0113
mem[X,0x0000000080009646] -> 0x0000
[1197] [M]: 0x0000000080009644 (0x00000113) addi sp, zero, 0
x2 <- 0x0000000000000000
mem[X,0x0000000080009648] -> 0x006F
mem[X,0x000000008000964A] -> 0x0100
[1198] [M]: 0x0000000080009648 (0x0100006F) jal zero, 16
mem[X,0x0000000080009658] -> 0x5AE3
mem[X,0x000000008000965A] -> 0xFEB5
[1199] [M]: 0x0000000080009658 (0xFEB55AE3) bge a0, a1, 8180
clint::tick mtime <- 0x000000000000000C
 clint timer pending at mtime 0x000000000000000C
htif::tick 0x0000000000000000
mem[X,0x000000008000964C] -> 0x0113
mem[X,0x000000008000964E] -> 0x0011
[1200] [M]: 0x000000008000964C (0x00110113) addi sp, sp, 1
x2 <- 0x0000000000000001
mem[X,0x0000000080009650] -> 0x006F
mem[X,0x0000000080009652] -> 0x01C0
[1201] [M]: 0x0000000080009650 (0x01C0006F) jal zero, 28
mem[X,0x000000008000966C] -> 0xBC23
mem[X,0x000000008000966E] -> 0x1E20
[1202] [M]: 0x000000008000966C (0x1E20BC23) sd sp, 504(ra)
mem[0x00000000800493C8] <- 0x0000000000000001
mem[X,0x0000000080009670] -> 0x0513
mem[X,0x0000000080009672] -> 0x0010
[1203] [M]: 0x0000000080009670 (0x00100513) addi a0, zero, 1
x10 <- 0x0000000000000001
mem[X,0x0000000080009674] -> 0x1513
mem[X,0x0000000080009676] -> 0x00C5
[1204] [M]: 0x0000000080009674 (0x00C51513) slli a0, a0, 12
x10 <- 0x0000000000001000
mem[X,0x0000000080009678] -> 0x4513
mem[X,0x000000008000967A] -> 0xFFF5
[1205] [M]: 0x0000000080009678 (0xFFF54513) xori a0, a0, 4095
x10 <- 0xFFFFFFFFFFFFEFFF
mem[X,0x000000008000967C] -> 0x0593
mem[X,0x000000008000967E] -> 0x0010
[1206] [M]: 0x000000008000967C (0x00100593) addi a1, zero, 1
x11 <- 0x0000000000000001
mem[X,0x0000000080009680] -> 0x9593
mem[X,0x0000000080009682] -> 0x0135
[1207] [M]: 0x0000000080009680 (0x01359593) slli a1, a1, 19
x11 <- 0x0000000000080000
mem[X,0x0000000080009684] -> 0xC593
mem[X,0x0000000080009686] -> 0xFFF5
[1208] [M]: 0x0000000080009684 (0xFFF5C593) xori a1, a1, 4095
x11 <- 0xFFFFFFFFFFF7FFFF
mem[X,0x0000000080009688] -> 0x0113
mem[X,0x000000008000968A] -> 0x0000
[1209] [M]: 0x0000000080009688 (0x00000113) addi sp, zero, 0
x2 <- 0x0000000000000000
mem[X,0x000000008000968C] -> 0x006F
mem[X,0x000000008000968E] -> 0x0100
[1210] [M]: 0x000000008000968C (0x0100006F) jal zero, 16
mem[X,0x000000008000969C] -> 0x5AE3
mem[X,0x000000008000969E] -> 0xFEB5
[1211] [M]: 0x000000008000969C (0xFEB55AE3) bge a0, a1, 8180
mem[X,0x0000000080009690] -> 0x0113
mem[X,0x0000000080009692] -> 0x0011
[1212] [M]: 0x0000000080009690 (0x00110113) addi sp, sp, 1
x2 <- 0x0000000000000001
mem[X,0x0000000080009694] -> 0x006F
mem[X,0x0000000080009696] -> 0x01C0
[1213] [M]: 0x0000000080009694 (0x01C0006F) jal zero, 28
mem[X,0x00000000800096B0] -> 0xB023
mem[X,0x00000000800096B2] -> 0x2020
[1214] [M]: 0x00000000800096B0 (0x2020B023) sd sp, 512(ra)
mem[0x00000000800493D0] <- 0x0000000000000001
mem[X,0x00000000800096B4] -> 0x0513
mem[X,0x00000000800096B6] -> 0x0010
[1215] [M]: 0x00000000800096B4 (0x00100513) addi a0, zero, 1
x10 <- 0x0000000000000001
mem[X,0x00000000800096B8] -> 0x1513
mem[X,0x00000000800096BA] -> 0x0295
[1216] [M]: 0x00000000800096B8 (0x02951513) slli a0, a0, 41
x10 <- 0x0000020000000000
mem[X,0x00000000800096BC] -> 0x4513
mem[X,0x00000000800096BE] -> 0xFFF5
[1217] [M]: 0x00000000800096BC (0xFFF54513) xori a0, a0, 4095
x10 <- 0xFFFFFDFFFFFFFFFF
mem[X,0x00000000800096C0] -> 0x0593
mem[X,0x00000000800096C2] -> 0x0010
[1218] [M]: 0x00000000800096C0 (0x00100593) addi a1, zero, 1
x11 <- 0x0000000000000001
mem[X,0x00000000800096C4] -> 0x9593
mem[X,0x00000000800096C6] -> 0x0145
[1219] [M]: 0x00000000800096C4 (0x01459593) slli a1, a1, 20
x11 <- 0x0000000000100000
mem[X,0x00000000800096C8] -> 0xC593
mem[X,0x00000000800096CA] -> 0xFFF5
[1220] [M]: 0x00000000800096C8 (0xFFF5C593) xori a1, a1, 4095
x11 <- 0xFFFFFFFFFFEFFFFF
mem[X,0x00000000800096CC] -> 0x0113
mem[X,0x00000000800096CE] -> 0x0000
[1221] [M]: 0x00000000800096CC (0x00000113) addi sp, zero, 0
x2 <- 0x0000000000000000
mem[X,0x00000000800096D0] -> 0x006F
mem[X,0x00000000800096D2] -> 0x00C0
[1222] [M]: 0x00000000800096D0 (0x00C0006F) jal zero, 12
mem[X,0x00000000800096DC] -> 0x5CE3
mem[X,0x00000000800096DE] -> 0xFEB5
[1223] [M]: 0x00000000800096DC (0xFEB55CE3) bge a0, a1, 8184
mem[X,0x00000000800096E0] -> 0x0113
mem[X,0x00000000800096E2] -> 0x0021
[1224] [M]: 0x00000000800096E0 (0x00210113) addi sp, sp, 2
x2 <- 0x0000000000000002
mem[X,0x00000000800096E4] -> 0x006F
mem[X,0x00000000800096E6] -> 0x00C0
[1225] [M]: 0x00000000800096E4 (0x00C0006F) jal zero, 12
mem[X,0x00000000800096F0] -> 0xB423
mem[X,0x00000000800096F2] -> 0x2020
[1226] [M]: 0x00000000800096F0 (0x2020B423) sd sp, 520(ra)
mem[0x00000000800493D8] <- 0x0000000000000002
mem[X,0x00000000800096F4] -> 0x0513
mem[X,0x00000000800096F6] -> 0x0010
[1227] [M]: 0x00000000800096F4 (0x00100513) addi a0, zero, 1
x10 <- 0x0000000000000001
mem[X,0x00000000800096F8] -> 0x1513
mem[X,0x00000000800096FA] -> 0x01C5
[1228] [M]: 0x00000000800096F8 (0x01C51513) slli a0, a0, 28
x10 <- 0x0000000010000000
mem[X,0x00000000800096FC] -> 0x0593
mem[X,0x00000000800096FE] -> 0x0010
[1229] [M]: 0x00000000800096FC (0x00100593) addi a1, zero, 1
x11 <- 0x0000000000000001
mem[X,0x0000000080009700] -> 0x9593
mem[X,0x0000000080009702] -> 0x0155
[1230] [M]: 0x0000000080009700 (0x01559593) slli a1, a1, 21
x11 <- 0x0000000000200000
mem[X,0x0000000080009704] -> 0xC593
mem[X,0x0000000080009706] -> 0xFFF5
[1231] [M]: 0x0000000080009704 (0xFFF5C593) xori a1, a1, 4095
x11 <- 0xFFFFFFFFFFDFFFFF
mem[X,0x0000000080009708] -> 0x0113
mem[X,0x000000008000970A] -> 0x0000
[1232] [M]: 0x0000000080009708 (0x00000113) addi sp, zero, 0
x2 <- 0x0000000000000000
mem[X,0x000000008000970C] -> 0x006F
mem[X,0x000000008000970E] -> 0x00C0
[1233] [M]: 0x000000008000970C (0x00C0006F) jal zero, 12
mem[X,0x0000000080009718] -> 0x5CE3
mem[X,0x000000008000971A] -> 0xFEB5
[1234] [M]: 0x0000000080009718 (0xFEB55CE3) bge a0, a1, 8184
mem[X,0x0000000080009710] -> 0x0113
mem[X,0x0000000080009712] -> 0x0011
[1235] [M]: 0x0000000080009710 (0x00110113) addi sp, sp, 1
x2 <- 0x0000000000000001
mem[X,0x0000000080009714] -> 0x006F
mem[X,0x0000000080009716] -> 0x0180
[1236] [M]: 0x0000000080009714 (0x0180006F) jal zero, 24
mem[X,0x000000008000972C] -> 0xB823
mem[X,0x000000008000972E] -> 0x2020
[1237] [M]: 0x000000008000972C (0x2020B823) sd sp, 528(ra)
mem[0x00000000800493E0] <- 0x0000000000000001
mem[X,0x0000000080009730] -> 0x0513
mem[X,0x0000000080009732] -> 0x0010
[1238] [M]: 0x0000000080009730 (0x00100513) addi a0, zero, 1
x10 <- 0x0000000000000001
mem[X,0x0000000080009734] -> 0x1513
mem[X,0x0000000080009736] -> 0x0265
[1239] [M]: 0x0000000080009734 (0x02651513) slli a0, a0, 38
x10 <- 0x0000004000000000
mem[X,0x0000000080009738] -> 0x0593
mem[X,0x000000008000973A] -> 0x0010
[1240] [M]: 0x0000000080009738 (0x00100593) addi a1, zero, 1
x11 <- 0x0000000000000001
mem[X,0x000000008000973C] -> 0x9593
mem[X,0x000000008000973E] -> 0x0165
[1241] [M]: 0x000000008000973C (0x01659593) slli a1, a1, 22
x11 <- 0x0000000000400000
mem[X,0x0000000080009740] -> 0xC593
mem[X,0x0000000080009742] -> 0xFFF5
[1242] [M]: 0x0000000080009740 (0xFFF5C593) xori a1, a1, 4095
x11 <- 0xFFFFFFFFFFBFFFFF
mem[X,0x0000000080009744] -> 0x0113
mem[X,0x0000000080009746] -> 0x0000
[1243] [M]: 0x0000000080009744 (0x00000113) addi sp, zero, 0
x2 <- 0x0000000000000000
mem[X,0x0000000080009748] -> 0x006F
mem[X,0x000000008000974A] -> 0x0100
[1244] [M]: 0x0000000080009748 (0x0100006F) jal zero, 16
mem[X,0x0000000080009758] -> 0x5AE3
mem[X,0x000000008000975A] -> 0xFEB5
[1245] [M]: 0x0000000080009758 (0xFEB55AE3) bge a0, a1, 8180
mem[X,0x000000008000974C] -> 0x0113
mem[X,0x000000008000974E] -> 0x0011
[1246] [M]: 0x000000008000974C (0x00110113) addi sp, sp, 1
x2 <- 0x0000000000000001
mem[X,0x0000000080009750] -> 0x006F
mem[X,0x0000000080009752] -> 0x01C0
[1247] [M]: 0x0000000080009750 (0x01C0006F) jal zero, 28
mem[X,0x000000008000976C] -> 0xBC23
mem[X,0x000000008000976E] -> 0x2020
[1248] [M]: 0x000000008000976C (0x2020BC23) sd sp, 536(ra)
mem[0x00000000800493E8] <- 0x0000000000000001
mem[X,0x0000000080009770] -> 0x0513
mem[X,0x0000000080009772] -> 0xF7F0
[1249] [M]: 0x0000000080009770 (0xF7F00513) addi a0, zero, 3967
x10 <- 0xFFFFFFFFFFFFFF7F
mem[X,0x0000000080009774] -> 0x0593
mem[X,0x0000000080009776] -> 0x0010
[1250] [M]: 0x0000000080009774 (0x00100593) addi a1, zero, 1
x11 <- 0x0000000000000001
mem[X,0x0000000080009778] -> 0x9593
mem[X,0x000000008000977A] -> 0x0175
[1251] [M]: 0x0000000080009778 (0x01759593) slli a1, a1, 23
x11 <- 0x0000000000800000
mem[X,0x000000008000977C] -> 0xC593
mem[X,0x000000008000977E] -> 0xFFF5
[1252] [M]: 0x000000008000977C (0xFFF5C593) xori a1, a1, 4095
x11 <- 0xFFFFFFFFFF7FFFFF
mem[X,0x0000000080009780] -> 0x0113
mem[X,0x0000000080009782] -> 0x0000
[1253] [M]: 0x0000000080009780 (0x00000113) addi sp, zero, 0
x2 <- 0x0000000000000000
mem[X,0x0000000080009784] -> 0x006F
mem[X,0x0000000080009786] -> 0x00C0
[1254] [M]: 0x0000000080009784 (0x00C0006F) jal zero, 12
mem[X,0x0000000080009790] -> 0x5063
mem[X,0x0000000080009792] -> 0x08B5
[1255] [M]: 0x0000000080009790 (0x08B55063) bge a0, a1, 128
mem[X,0x0000000080009810] -> 0x0113
mem[X,0x0000000080009812] -> 0x0031
[1256] [M]: 0x0000000080009810 (0x00310113) addi sp, sp, 3
x2 <- 0x0000000000000003
mem[X,0x0000000080009814] -> 0x006F
mem[X,0x0000000080009816] -> 0x0040
[1257] [M]: 0x0000000080009814 (0x0040006F) jal zero, 4
mem[X,0x0000000080009818] -> 0xB023
mem[X,0x000000008000981A] -> 0x2220
[1258] [M]: 0x0000000080009818 (0x2220B023) sd sp, 544(ra)
mem[0x00000000800493F0] <- 0x0000000000000003
mem[X,0x000000008000981C] -> 0x0513
mem[X,0x000000008000981E] -> 0x0010
[1259] [M]: 0x000000008000981C (0x00100513) addi a0, zero, 1
x10 <- 0x0000000000000001
mem[X,0x0000000080009820] -> 0x1513
mem[X,0x0000000080009822] -> 0x00D5
[1260] [M]: 0x0000000080009820 (0x00D51513) slli a0, a0, 13
x10 <- 0x0000000000002000
mem[X,0x0000000080009824] -> 0x0593
mem[X,0x0000000080009826] -> 0x0010
[1261] [M]: 0x0000000080009824 (0x00100593) addi a1, zero, 1
x11 <- 0x0000000000000001
mem[X,0x0000000080009828] -> 0x9593
mem[X,0x000000008000982A] -> 0x0185
[1262] [M]: 0x0000000080009828 (0x01859593) slli a1, a1, 24
x11 <- 0x0000000001000000
mem[X,0x000000008000982C] -> 0xC593
mem[X,0x000000008000982E] -> 0xFFF5
[1263] [M]: 0x000000008000982C (0xFFF5C593) xori a1, a1, 4095
x11 <- 0xFFFFFFFFFEFFFFFF
mem[X,0x0000000080009830] -> 0x0113
mem[X,0x0000000080009832] -> 0x0000
[1264] [M]: 0x0000000080009830 (0x00000113) addi sp, zero, 0
x2 <- 0x0000000000000000
mem[X,0x0000000080009834] -> 0x006F
mem[X,0x0000000080009836] -> 0x00C0
[1265] [M]: 0x0000000080009834 (0x00C0006F) jal zero, 12
mem[X,0x0000000080009840] -> 0x5063
mem[X,0x0000000080009842] -> 0x08B5
[1266] [M]: 0x0000000080009840 (0x08B55063) bge a0, a1, 128
mem[X,0x00000000800098C0] -> 0x0113
mem[X,0x00000000800098C2] -> 0x0031
[1267] [M]: 0x00000000800098C0 (0x00310113) addi sp, sp, 3
x2 <- 0x0000000000000003
mem[X,0x00000000800098C4] -> 0x006F
mem[X,0x00000000800098C6] -> 0x0040
[1268] [M]: 0x00000000800098C4 (0x0040006F) jal zero, 4
mem[X,0x00000000800098C8] -> 0xB423
mem[X,0x00000000800098CA] -> 0x2220
[1269] [M]: 0x00000000800098C8 (0x2220B423) sd sp, 552(ra)
mem[0x00000000800493F8] <- 0x0000000000000003
mem[X,0x00000000800098CC] -> 0x0513
mem[X,0x00000000800098CE] -> 0xFEF0
[1270] [M]: 0x00000000800098CC (0xFEF00513) addi a0, zero, 4079
x10 <- 0xFFFFFFFFFFFFFFEF
mem[X,0x00000000800098D0] -> 0x0593
mem[X,0x00000000800098D2] -> 0x0010
[1271] [M]: 0x00000000800098D0 (0x00100593) addi a1, zero, 1
x11 <- 0x0000000000000001
mem[X,0x00000000800098D4] -> 0x9593
mem[X,0x00000000800098D6] -> 0x0195
[1272] [M]: 0x00000000800098D4 (0x01959593) slli a1, a1, 25
x11 <- 0x0000000002000000
mem[X,0x00000000800098D8] -> 0xC593
mem[X,0x00000000800098DA] -> 0xFFF5
[1273] [M]: 0x00000000800098D8 (0xFFF5C593) xori a1, a1, 4095
x11 <- 0xFFFFFFFFFDFFFFFF
mem[X,0x00000000800098DC] -> 0x0113
mem[X,0x00000000800098DE] -> 0x0000
[1274] [M]: 0x00000000800098DC (0x00000113) addi sp, zero, 0
x2 <- 0x0000000000000000
mem[X,0x00000000800098E0] -> 0x006F
mem[X,0x00000000800098E2] -> 0x00C0
[1275] [M]: 0x00000000800098E0 (0x00C0006F) jal zero, 12
mem[X,0x00000000800098EC] -> 0x5663
mem[X,0x00000000800098EE] -> 0x00B5
[1276] [M]: 0x00000000800098EC (0x00B55663) bge a0, a1, 12
mem[X,0x00000000800098F8] -> 0x0113
mem[X,0x00000000800098FA] -> 0x0031
[1277] [M]: 0x00000000800098F8 (0x00310113) addi sp, sp, 3
x2 <- 0x0000000000000003
mem[X,0x00000000800098FC] -> 0x006F
mem[X,0x00000000800098FE] -> 0x0040
[1278] [M]: 0x00000000800098FC (0x0040006F) jal zero, 4
mem[X,0x0000000080009900] -> 0xB823
mem[X,0x0000000080009902] -> 0x2220
[1279] [M]: 0x0000000080009900 (0x2220B823) sd sp, 560(ra)
mem[0x0000000080049400] <- 0x0000000000000003
mem[X,0x0000000080009904] -> 0x0513
mem[X,0x0000000080009906] -> 0x0010
[1280] [M]: 0x0000000080009904 (0x00100513) addi a0, zero, 1
x10 <- 0x0000000000000001
mem[X,0x0000000080009908] -> 0x1513
mem[X,0x000000008000990A] -> 0x0105
[1281] [M]: 0x0000000080009908 (0x01051513) slli a0, a0, 16
x10 <- 0x0000000000010000
mem[X,0x000000008000990C] -> 0x0593
mem[X,0x000000008000990E] -> 0x0010
[1282] [M]: 0x000000008000990C (0x00100593) addi a1, zero, 1
x11 <- 0x0000000000000001
mem[X,0x0000000080009910] -> 0x9593
mem[X,0x0000000080009912] -> 0x01A5
[1283] [M]: 0x0000000080009910 (0x01A59593) slli a1, a1, 26
x11 <- 0x0000000004000000
mem[X,0x0000000080009914] -> 0xC593
mem[X,0x0000000080009916] -> 0xFFF5
[1284] [M]: 0x0000000080009914 (0xFFF5C593) xori a1, a1, 4095
x11 <- 0xFFFFFFFFFBFFFFFF
mem[X,0x0000000080009918] -> 0x0113
mem[X,0x000000008000991A] -> 0x0000
[1285] [M]: 0x0000000080009918 (0x00000113) addi sp, zero, 0
x2 <- 0x0000000000000000
mem[X,0x000000008000991C] -> 0x006F
mem[X,0x000000008000991E] -> 0x0100
[1286] [M]: 0x000000008000991C (0x0100006F) jal zero, 16
mem[X,0x000000008000992C] -> 0x5AE3
mem[X,0x000000008000992E] -> 0xFEB5
[1287] [M]: 0x000000008000992C (0xFEB55AE3) bge a0, a1, 8180
mem[X,0x0000000080009920] -> 0x0113
mem[X,0x0000000080009922] -> 0x0011
[1288] [M]: 0x0000000080009920 (0x00110113) addi sp, sp, 1
x2 <- 0x0000000000000001
mem[X,0x0000000080009924] -> 0x006F
mem[X,0x0000000080009926] -> 0x01C0
[1289] [M]: 0x0000000080009924 (0x01C0006F) jal zero, 28
mem[X,0x0000000080009940] -> 0xBC23
mem[X,0x0000000080009942] -> 0x2220
[1290] [M]: 0x0000000080009940 (0x2220BC23) sd sp, 568(ra)
mem[0x0000000080049408] <- 0x0000000000000001
mem[X,0x0000000080009944] -> 0x0513
mem[X,0x0000000080009946] -> 0x0010
[1291] [M]: 0x0000000080009944 (0x00100513) addi a0, zero, 1
x10 <- 0x0000000000000001
mem[X,0x0000000080009948] -> 0x1513
mem[X,0x000000008000994A] -> 0x0165
[1292] [M]: 0x0000000080009948 (0x01651513) slli a0, a0, 22
x10 <- 0x0000000000400000
mem[X,0x000000008000994C] -> 0x4513
mem[X,0x000000008000994E] -> 0xFFF5
[1293] [M]: 0x000000008000994C (0xFFF54513) xori a0, a0, 4095
x10 <- 0xFFFFFFFFFFBFFFFF
mem[X,0x0000000080009950] -> 0x0593
mem[X,0x0000000080009952] -> 0x0010
[1294] [M]: 0x0000000080009950 (0x00100593) addi a1, zero, 1
x11 <- 0x0000000000000001
mem[X,0x0000000080009954] -> 0x9593
mem[X,0x0000000080009956] -> 0x01B5
[1295] [M]: 0x0000000080009954 (0x01B59593) slli a1, a1, 27
x11 <- 0x0000000008000000
mem[X,0x0000000080009958] -> 0xC593
mem[X,0x000000008000995A] -> 0xFFF5
[1296] [M]: 0x0000000080009958 (0xFFF5C593) xori a1, a1, 4095
x11 <- 0xFFFFFFFFF7FFFFFF
mem[X,0x000000008000995C] -> 0x0113
mem[X,0x000000008000995E] -> 0x0000
[1297] [M]: 0x000000008000995C (0x00000113) addi sp, zero, 0
x2 <- 0x0000000000000000
mem[X,0x0000000080009960] -> 0x006F
mem[X,0x0000000080009962] -> 0x00C0
[1298] [M]: 0x0000000080009960 (0x00C0006F) jal zero, 12
mem[X,0x000000008000996C] -> 0x5663
mem[X,0x000000008000996E] -> 0x00B5
[1299] [M]: 0x000000008000996C (0x00B55663) bge a0, a1, 12
clint::tick mtime <- 0x000000000000000D
 clint timer pending at mtime 0x000000000000000D
htif::tick 0x0000000000000000
mem[X,0x0000000080009978] -> 0x0113
mem[X,0x000000008000997A] -> 0x0031
[1300] [M]: 0x0000000080009978 (0x00310113) addi sp, sp, 3
x2 <- 0x0000000000000003
mem[X,0x000000008000997C] -> 0x006F
mem[X,0x000000008000997E] -> 0x0040
[1301] [M]: 0x000000008000997C (0x0040006F) jal zero, 4
mem[X,0x0000000080009980] -> 0xB023
mem[X,0x0000000080009982] -> 0x2420
[1302] [M]: 0x0000000080009980 (0x2420B023) sd sp, 576(ra)
mem[0x0000000080049410] <- 0x0000000000000003
mem[X,0x0000000080009984] -> 0x0513
mem[X,0x0000000080009986] -> 0xF7F0
[1303] [M]: 0x0000000080009984 (0xF7F00513) addi a0, zero, 3967
x10 <- 0xFFFFFFFFFFFFFF7F
mem[X,0x0000000080009988] -> 0x0593
mem[X,0x000000008000998A] -> 0x0010
[1304] [M]: 0x0000000080009988 (0x00100593) addi a1, zero, 1
x11 <- 0x0000000000000001
mem[X,0x000000008000998C] -> 0x9593
mem[X,0x000000008000998E] -> 0x01E5
[1305] [M]: 0x000000008000998C (0x01E59593) slli a1, a1, 30
x11 <- 0x0000000040000000
mem[X,0x0000000080009990] -> 0xC593
mem[X,0x0000000080009992] -> 0xFFF5
[1306] [M]: 0x0000000080009990 (0xFFF5C593) xori a1, a1, 4095
x11 <- 0xFFFFFFFFBFFFFFFF
mem[X,0x0000000080009994] -> 0x0113
mem[X,0x0000000080009996] -> 0x0000
[1307] [M]: 0x0000000080009994 (0x00000113) addi sp, zero, 0
x2 <- 0x0000000000000000
mem[X,0x0000000080009998] -> 0x006F
mem[X,0x000000008000999A] -> 0x0050
[1308] [M]: 0x0000000080009998 (0x0050006F) jal zero, 2052
mem[X,0x000000008000A19C] -> 0x50E3
mem[X,0x000000008000A19E] -> 0x80B5
[1309] [M]: 0x000000008000A19C (0x80B550E3) bge a0, a1, 6144
mem[X,0x000000008000999C] -> 0x0113
mem[X,0x000000008000999E] -> 0x0011
[1310] [M]: 0x000000008000999C (0x00110113) addi sp, sp, 1
x2 <- 0x0000000000000001
mem[X,0x00000000800099A0] -> 0x006F
mem[X,0x00000000800099A2] -> 0x0110
[1311] [M]: 0x00000000800099A0 (0x0110006F) jal zero, 2064
mem[X,0x000000008000A1B0] -> 0xB423
mem[X,0x000000008000A1B2] -> 0x2420
[1312] [M]: 0x000000008000A1B0 (0x2420B423) sd sp, 584(ra)
mem[0x0000000080049418] <- 0x0000000000000001
mem[X,0x000000008000A1B4] -> 0x0513
mem[X,0x000000008000A1B6] -> 0x0080
[1313] [M]: 0x000000008000A1B4 (0x00800513) addi a0, zero, 8
x10 <- 0x0000000000000008
mem[X,0x000000008000A1B8] -> 0x0593
mem[X,0x000000008000A1BA] -> 0x0010
[1314] [M]: 0x000000008000A1B8 (0x00100593) addi a1, zero, 1
x11 <- 0x0000000000000001
mem[X,0x000000008000A1BC] -> 0x9593
mem[X,0x000000008000A1BE] -> 0x01F5
[1315] [M]: 0x000000008000A1BC (0x01F59593) slli a1, a1, 31
x11 <- 0x0000000080000000
mem[X,0x000000008000A1C0] -> 0xC593
mem[X,0x000000008000A1C2] -> 0xFFF5
[1316] [M]: 0x000000008000A1C0 (0xFFF5C593) xori a1, a1, 4095
x11 <- 0xFFFFFFFF7FFFFFFF
mem[X,0x000000008000A1C4] -> 0x0113
mem[X,0x000000008000A1C6] -> 0x0000
[1317] [M]: 0x000000008000A1C4 (0x00000113) addi sp, zero, 0
x2 <- 0x0000000000000000
mem[X,0x000000008000A1C8] -> 0x006F
mem[X,0x000000008000A1CA] -> 0x00C0
[1318] [M]: 0x000000008000A1C8 (0x00C0006F) jal zero, 12
mem[X,0x000000008000A1D4] -> 0x5663
mem[X,0x000000008000A1D6] -> 0x00B5
[1319] [M]: 0x000000008000A1D4 (0x00B55663) bge a0, a1, 12
mem[X,0x000000008000A1E0] -> 0x0113
mem[X,0x000000008000A1E2] -> 0x0031
[1320] [M]: 0x000000008000A1E0 (0x00310113) addi sp, sp, 3
x2 <- 0x0000000000000003
mem[X,0x000000008000A1E4] -> 0x006F
mem[X,0x000000008000A1E6] -> 0x0040
[1321] [M]: 0x000000008000A1E4 (0x0040006F) jal zero, 4
mem[X,0x000000008000A1E8] -> 0xB823
mem[X,0x000000008000A1EA] -> 0x2420
[1322] [M]: 0x000000008000A1E8 (0x2420B823) sd sp, 592(ra)
mem[0x0000000080049420] <- 0x0000000000000003
mem[X,0x000000008000A1EC] -> 0x0513
mem[X,0x000000008000A1EE] -> 0x4000
[1323] [M]: 0x000000008000A1EC (0x40000513) addi a0, zero, 1024
x10 <- 0x0000000000000400
mem[X,0x000000008000A1F0] -> 0x0593
mem[X,0x000000008000A1F2] -> 0x0010
[1324] [M]: 0x000000008000A1F0 (0x00100593) addi a1, zero, 1
x11 <- 0x0000000000000001
mem[X,0x000000008000A1F4] -> 0x9593
mem[X,0x000000008000A1F6] -> 0x0215
[1325] [M]: 0x000000008000A1F4 (0x02159593) slli a1, a1, 33
x11 <- 0x0000000200000000
mem[X,0x000000008000A1F8] -> 0xC593
mem[X,0x000000008000A1FA] -> 0xFFF5
[1326] [M]: 0x000000008000A1F8 (0xFFF5C593) xori a1, a1, 4095
x11 <- 0xFFFFFFFDFFFFFFFF
mem[X,0x000000008000A1FC] -> 0x0113
mem[X,0x000000008000A1FE] -> 0x0000
[1327] [M]: 0x000000008000A1FC (0x00000113) addi sp, zero, 0
x2 <- 0x0000000000000000
mem[X,0x000000008000A200] -> 0x006F
mem[X,0x000000008000A202] -> 0x00C0
[1328] [M]: 0x000000008000A200 (0x00C0006F) jal zero, 12
mem[X,0x000000008000A20C] -> 0x5CE3
mem[X,0x000000008000A20E] -> 0xFEB5
[1329] [M]: 0x000000008000A20C (0xFEB55CE3) bge a0, a1, 8184
mem[X,0x000000008000A204] -> 0x0113
mem[X,0x000000008000A206] -> 0x0011
[1330] [M]: 0x000000008000A204 (0x00110113) addi sp, sp, 1
x2 <- 0x0000000000000001
mem[X,0x000000008000A208] -> 0x006F
mem[X,0x000000008000A20A] -> 0x0180
[1331] [M]: 0x000000008000A208 (0x0180006F) jal zero, 24
mem[X,0x000000008000A220] -> 0xBC23
mem[X,0x000000008000A222] -> 0x2420
[1332] [M]: 0x000000008000A220 (0x2420BC23) sd sp, 600(ra)
mem[0x0000000080049428] <- 0x0000000000000001
mem[X,0x000000008000A224] -> 0x0513
mem[X,0x000000008000A226] -> 0x0010
[1333] [M]: 0x000000008000A224 (0x00100513) addi a0, zero, 1
x10 <- 0x0000000000000001
mem[X,0x000000008000A228] -> 0x0593
mem[X,0x000000008000A22A] -> 0x0010
[1334] [M]: 0x000000008000A228 (0x00100593) addi a1, zero, 1
x11 <- 0x0000000000000001
mem[X,0x000000008000A22C] -> 0x9593
mem[X,0x000000008000A22E] -> 0x0225
[1335] [M]: 0x000000008000A22C (0x02259593) slli a1, a1, 34
x11 <- 0x0000000400000000
mem[X,0x000000008000A230] -> 0xC593
mem[X,0x000000008000A232] -> 0xFFF5
[1336] [M]: 0x000000008000A230 (0xFFF5C593) xori a1, a1, 4095
x11 <- 0xFFFFFFFBFFFFFFFF
mem[X,0x000000008000A234] -> 0x0113
mem[X,0x000000008000A236] -> 0x0000
[1337] [M]: 0x000000008000A234 (0x00000113) addi sp, zero, 0
x2 <- 0x0000000000000000
mem[X,0x000000008000A238] -> 0x006F
mem[X,0x000000008000A23A] -> 0x00C0
[1338] [M]: 0x000000008000A238 (0x00C0006F) jal zero, 12
mem[X,0x000000008000A244] -> 0x5663
mem[X,0x000000008000A246] -> 0x00B5
[1339] [M]: 0x000000008000A244 (0x00B55663) bge a0, a1, 12
mem[X,0x000000008000A250] -> 0x0113
mem[X,0x000000008000A252] -> 0x0031
[1340] [M]: 0x000000008000A250 (0x00310113) addi sp, sp, 3
x2 <- 0x0000000000000003
mem[X,0x000000008000A254] -> 0x006F
mem[X,0x000000008000A256] -> 0x0040
[1341] [M]: 0x000000008000A254 (0x0040006F) jal zero, 4
mem[X,0x000000008000A258] -> 0xB023
mem[X,0x000000008000A25A] -> 0x2620
[1342] [M]: 0x000000008000A258 (0x2620B023) sd sp, 608(ra)
mem[0x0000000080049430] <- 0x0000000000000003
mem[X,0x000000008000A25C] -> 0x0513
mem[X,0x000000008000A25E] -> 0x0010
[1343] [M]: 0x000000008000A25C (0x00100513) addi a0, zero, 1
x10 <- 0x0000000000000001
mem[X,0x000000008000A260] -> 0x1513
mem[X,0x000000008000A262] -> 0x0135
[1344] [M]: 0x000000008000A260 (0x01351513) slli a0, a0, 19
x10 <- 0x0000000000080000
mem[X,0x000000008000A264] -> 0x4513
mem[X,0x000000008000A266] -> 0xFFF5
[1345] [M]: 0x000000008000A264 (0xFFF54513) xori a0, a0, 4095
x10 <- 0xFFFFFFFFFFF7FFFF
mem[X,0x000000008000A268] -> 0x0593
mem[X,0x000000008000A26A] -> 0x0010
[1346] [M]: 0x000000008000A268 (0x00100593) addi a1, zero, 1
x11 <- 0x0000000000000001
mem[X,0x000000008000A26C] -> 0x9593
mem[X,0x000000008000A26E] -> 0x0235
[1347] [M]: 0x000000008000A26C (0x02359593) slli a1, a1, 35
x11 <- 0x0000000800000000
mem[X,0x000000008000A270] -> 0xC593
mem[X,0x000000008000A272] -> 0xFFF5
[1348] [M]: 0x000000008000A270 (0xFFF5C593) xori a1, a1, 4095
x11 <- 0xFFFFFFF7FFFFFFFF
mem[X,0x000000008000A274] -> 0x0113
mem[X,0x000000008000A276] -> 0x0000
[1349] [M]: 0x000000008000A274 (0x00000113) addi sp, zero, 0
x2 <- 0x0000000000000000
mem[X,0x000000008000A278] -> 0x006F
mem[X,0x000000008000A27A] -> 0x00C0
[1350] [M]: 0x000000008000A278 (0x00C0006F) jal zero, 12
mem[X,0x000000008000A284] -> 0x5663
mem[X,0x000000008000A286] -> 0x00B5
[1351] [M]: 0x000000008000A284 (0x00B55663) bge a0, a1, 12
mem[X,0x000000008000A290] -> 0x0113
mem[X,0x000000008000A292] -> 0x0031
[1352] [M]: 0x000000008000A290 (0x00310113) addi sp, sp, 3
x2 <- 0x0000000000000003
mem[X,0x000000008000A294] -> 0x006F
mem[X,0x000000008000A296] -> 0x0040
[1353] [M]: 0x000000008000A294 (0x0040006F) jal zero, 4
mem[X,0x000000008000A298] -> 0xB423
mem[X,0x000000008000A29A] -> 0x2620
[1354] [M]: 0x000000008000A298 (0x2620B423) sd sp, 616(ra)
mem[0x0000000080049438] <- 0x0000000000000003
mem[X,0x000000008000A29C] -> 0xB537
mem[X,0x000000008000A29E] -> 0xAAAA
[1355] [M]: 0x000000008000A29C (0xAAAAB537) lui a0, 699051
x10 <- 0xFFFFFFFFAAAAB000
mem[X,0x000000008000A2A0] -> 0x0513
mem[X,0x000000008000A2A2] -> 0xAAA5
[1356] [M]: 0x000000008000A2A0 (0xAAA50513) addi a0, a0, 2730
x10 <- 0xFFFFFFFFAAAAAAAA
mem[X,0x000000008000A2A4] -> 0x1513
mem[X,0x000000008000A2A6] -> 0x00B5
[1357] [M]: 0x000000008000A2A4 (0x00B51513) slli a0, a0, 11
x10 <- 0xFFFFFD5555555000
mem[X,0x000000008000A2A8] -> 0x0513
mem[X,0x000000008000A2AA] -> 0x5555
[1358] [M]: 0x000000008000A2A8 (0x55550513) addi a0, a0, 1365
x10 <- 0xFFFFFD5555555555
mem[X,0x000000008000A2AC] -> 0x1513
mem[X,0x000000008000A2AE] -> 0x00B5
[1359] [M]: 0x000000008000A2AC (0x00B51513) slli a0, a0, 11
x10 <- 0xFFEAAAAAAAAAA800
mem[X,0x000000008000A2B0] -> 0x0513
mem[X,0x000000008000A2B2] -> 0x2AA5
[1360] [M]: 0x000000008000A2B0 (0x2AA50513) addi a0, a0, 682
x10 <- 0xFFEAAAAAAAAAAAAA
mem[X,0x000000008000A2B4] -> 0x1513
mem[X,0x000000008000A2B6] -> 0x00A5
[1361] [M]: 0x000000008000A2B4 (0x00A51513) slli a0, a0, 10
x10 <- 0xAAAAAAAAAAAAA800
mem[X,0x000000008000A2B8] -> 0x0513
mem[X,0x000000008000A2BA] -> 0x2AA5
[1362] [M]: 0x000000008000A2B8 (0x2AA50513) addi a0, a0, 682
x10 <- 0xAAAAAAAAAAAAAAAA
mem[X,0x000000008000A2BC] -> 0x0593
mem[X,0x000000008000A2BE] -> 0x0010
[1363] [M]: 0x000000008000A2BC (0x00100593) addi a1, zero, 1
x11 <- 0x0000000000000001
mem[X,0x000000008000A2C0] -> 0x9593
mem[X,0x000000008000A2C2] -> 0x0245
[1364] [M]: 0x000000008000A2C0 (0x02459593) slli a1, a1, 36
x11 <- 0x0000001000000000
mem[X,0x000000008000A2C4] -> 0xC593
mem[X,0x000000008000A2C6] -> 0xFFF5
[1365] [M]: 0x000000008000A2C4 (0xFFF5C593) xori a1, a1, 4095
x11 <- 0xFFFFFFEFFFFFFFFF
mem[X,0x000000008000A2C8] -> 0x0113
mem[X,0x000000008000A2CA] -> 0x0000
[1366] [M]: 0x000000008000A2C8 (0x00000113) addi sp, zero, 0
x2 <- 0x0000000000000000
mem[X,0x000000008000A2CC] -> 0x006F
mem[X,0x000000008000A2CE] -> 0x00C0
[1367] [M]: 0x000000008000A2CC (0x00C0006F) jal zero, 12
mem[X,0x000000008000A2D8] -> 0x5663
mem[X,0x000000008000A2DA] -> 0x00B5
[1368] [M]: 0x000000008000A2D8 (0x00B55663) bge a0, a1, 12
mem[X,0x000000008000A2DC] -> 0x0113
mem[X,0x000000008000A2DE] -> 0x0021
[1369] [M]: 0x000000008000A2DC (0x00210113) addi sp, sp, 2
x2 <- 0x0000000000000002
mem[X,0x000000008000A2E0] -> 0x006F
mem[X,0x000000008000A2E2] -> 0x00C0
[1370] [M]: 0x000000008000A2E0 (0x00C0006F) jal zero, 12
mem[X,0x000000008000A2EC] -> 0xB823
mem[X,0x000000008000A2EE] -> 0x2620
[1371] [M]: 0x000000008000A2EC (0x2620B823) sd sp, 624(ra)
mem[0x0000000080049440] <- 0x0000000000000002
mem[X,0x000000008000A2F0] -> 0x0513
mem[X,0x000000008000A2F2] -> 0x0010
[1372] [M]: 0x000000008000A2F0 (0x00100513) addi a0, zero, 1
x10 <- 0x0000000000000001
mem[X,0x000000008000A2F4] -> 0x1513
mem[X,0x000000008000A2F6] -> 0x0205
[1373] [M]: 0x000000008000A2F4 (0x02051513) slli a0, a0, 32
x10 <- 0x0000000100000000
mem[X,0x000000008000A2F8] -> 0x0593
mem[X,0x000000008000A2FA] -> 0x0010
[1374] [M]: 0x000000008000A2F8 (0x00100593) addi a1, zero, 1
x11 <- 0x0000000000000001
mem[X,0x000000008000A2FC] -> 0x9593
mem[X,0x000000008000A2FE] -> 0x0255
[1375] [M]: 0x000000008000A2FC (0x02559593) slli a1, a1, 37
x11 <- 0x0000002000000000
mem[X,0x000000008000A300] -> 0xC593
mem[X,0x000000008000A302] -> 0xFFF5
[1376] [M]: 0x000000008000A300 (0xFFF5C593) xori a1, a1, 4095
x11 <- 0xFFFFFFDFFFFFFFFF
mem[X,0x000000008000A304] -> 0x0113
mem[X,0x000000008000A306] -> 0x0000
[1377] [M]: 0x000000008000A304 (0x00000113) addi sp, zero, 0
x2 <- 0x0000000000000000
mem[X,0x000000008000A308] -> 0x006F
mem[X,0x000000008000A30A] -> 0x00C0
[1378] [M]: 0x000000008000A308 (0x00C0006F) jal zero, 12
mem[X,0x000000008000A314] -> 0x5663
mem[X,0x000000008000A316] -> 0x00B5
[1379] [M]: 0x000000008000A314 (0x00B55663) bge a0, a1, 12
mem[X,0x000000008000A320] -> 0x0113
mem[X,0x000000008000A322] -> 0x0031
[1380] [M]: 0x000000008000A320 (0x00310113) addi sp, sp, 3
x2 <- 0x0000000000000003
mem[X,0x000000008000A324] -> 0x006F
mem[X,0x000000008000A326] -> 0x0040
[1381] [M]: 0x000000008000A324 (0x0040006F) jal zero, 4
mem[X,0x000000008000A328] -> 0xBC23
mem[X,0x000000008000A32A] -> 0x2620
[1382] [M]: 0x000000008000A328 (0x2620BC23) sd sp, 632(ra)
mem[0x0000000080049448] <- 0x0000000000000003
mem[X,0x000000008000A32C] -> 0x0513
mem[X,0x000000008000A32E] -> 0xF7F0
[1383] [M]: 0x000000008000A32C (0xF7F00513) addi a0, zero, 3967
x10 <- 0xFFFFFFFFFFFFFF7F
mem[X,0x000000008000A330] -> 0x0593
mem[X,0x000000008000A332] -> 0x0010
[1384] [M]: 0x000000008000A330 (0x00100593) addi a1, zero, 1
x11 <- 0x0000000000000001
mem[X,0x000000008000A334] -> 0x9593
mem[X,0x000000008000A336] -> 0x0265
[1385] [M]: 0x000000008000A334 (0x02659593) slli a1, a1, 38
x11 <- 0x0000004000000000
mem[X,0x000000008000A338] -> 0xC593
mem[X,0x000000008000A33A] -> 0xFFF5
[1386] [M]: 0x000000008000A338 (0xFFF5C593) xori a1, a1, 4095
x11 <- 0xFFFFFFBFFFFFFFFF
mem[X,0x000000008000A33C] -> 0x0113
mem[X,0x000000008000A33E] -> 0x0000
[1387] [M]: 0x000000008000A33C (0x00000113) addi sp, zero, 0
x2 <- 0x0000000000000000
mem[X,0x000000008000A340] -> 0x006F
mem[X,0x000000008000A342] -> 0x2B10
[1388] [M]: 0x000000008000A340 (0x2B10006F) jal zero, 2736
mem[X,0x000000008000ADF0] -> 0x5A63
mem[X,0x000000008000ADF2] -> 0xD4B5
[1389] [M]: 0x000000008000ADF0 (0xD4B55A63) bge a0, a1, 5460
mem[X,0x000000008000A344] -> 0x0113
mem[X,0x000000008000A346] -> 0x0011
[1390] [M]: 0x000000008000A344 (0x00110113) addi sp, sp, 1
x2 <- 0x0000000000000001
mem[X,0x000000008000A348] -> 0x006F
mem[X,0x000000008000A34A] -> 0x2BD0
[1391] [M]: 0x000000008000A348 (0x2BD0006F) jal zero, 2748
mem[X,0x000000008000AE04] -> 0xB023
mem[X,0x000000008000AE06] -> 0x2820
[1392] [M]: 0x000000008000AE04 (0x2820B023) sd sp, 640(ra)
mem[0x0000000080049450] <- 0x0000000000000001
mem[X,0x000000008000AE08] -> 0x5537
mem[X,0x000000008000AE0A] -> 0x5555
[1393] [M]: 0x000000008000AE08 (0x55555537) lui a0, 349525
x10 <- 0x0000000055555000
mem[X,0x000000008000AE0C] -> 0x0513
mem[X,0x000000008000AE0E] -> 0x5555
[1394] [M]: 0x000000008000AE0C (0x55550513) addi a0, a0, 1365
x10 <- 0x0000000055555555
mem[X,0x000000008000AE10] -> 0x1513
mem[X,0x000000008000AE12] -> 0x00B5
[1395] [M]: 0x000000008000AE10 (0x00B51513) slli a0, a0, 11
x10 <- 0x000002AAAAAAA800
mem[X,0x000000008000AE14] -> 0x0513
mem[X,0x000000008000AE16] -> 0x2AA5
[1396] [M]: 0x000000008000AE14 (0x2AA50513) addi a0, a0, 682
x10 <- 0x000002AAAAAAAAAA
mem[X,0x000000008000AE18] -> 0x1513
mem[X,0x000000008000AE1A] -> 0x00B5
[1397] [M]: 0x000000008000AE18 (0x00B51513) slli a0, a0, 11
x10 <- 0x0015555555555000
mem[X,0x000000008000AE1C] -> 0x0513
mem[X,0x000000008000AE1E] -> 0x5555
[1398] [M]: 0x000000008000AE1C (0x55550513) addi a0, a0, 1365
x10 <- 0x0015555555555555
mem[X,0x000000008000AE20] -> 0x1513
mem[X,0x000000008000AE22] -> 0x00A5
[1399] [M]: 0x000000008000AE20 (0x00A51513) slli a0, a0, 10
x10 <- 0x5555555555555400
clint::tick mtime <- 0x000000000000000E
 clint timer pending at mtime 0x000000000000000E
htif::tick 0x0000000000000000
mem[X,0x000000008000AE24] -> 0x0513
mem[X,0x000000008000AE26] -> 0x1555
[1400] [M]: 0x000000008000AE24 (0x15550513) addi a0, a0, 341
x10 <- 0x5555555555555555
mem[X,0x000000008000AE28] -> 0x0593
mem[X,0x000000008000AE2A] -> 0x0010
[1401] [M]: 0x000000008000AE28 (0x00100593) addi a1, zero, 1
x11 <- 0x0000000000000001
mem[X,0x000000008000AE2C] -> 0x9593
mem[X,0x000000008000AE2E] -> 0x0275
[1402] [M]: 0x000000008000AE2C (0x02759593) slli a1, a1, 39
x11 <- 0x0000008000000000
mem[X,0x000000008000AE30] -> 0xC593
mem[X,0x000000008000AE32] -> 0xFFF5
[1403] [M]: 0x000000008000AE30 (0xFFF5C593) xori a1, a1, 4095
x11 <- 0xFFFFFF7FFFFFFFFF
mem[X,0x000000008000AE34] -> 0x0113
mem[X,0x000000008000AE36] -> 0x0000
[1404] [M]: 0x000000008000AE34 (0x00000113) addi sp, zero, 0
x2 <- 0x0000000000000000
mem[X,0x000000008000AE38] -> 0x006F
mem[X,0x000000008000AE3A] -> 0x00C0
[1405] [M]: 0x000000008000AE38 (0x00C0006F) jal zero, 12
mem[X,0x000000008000AE44] -> 0x5CE3
mem[X,0x000000008000AE46] -> 0xFEB5
[1406] [M]: 0x000000008000AE44 (0xFEB55CE3) bge a0, a1, 8184
mem[X,0x000000008000AE3C] -> 0x0113
mem[X,0x000000008000AE3E] -> 0x0011
[1407] [M]: 0x000000008000AE3C (0x00110113) addi sp, sp, 1
x2 <- 0x0000000000000001
mem[X,0x000000008000AE40] -> 0x006F
mem[X,0x000000008000AE42] -> 0x0180
[1408] [M]: 0x000000008000AE40 (0x0180006F) jal zero, 24
mem[X,0x000000008000AE58] -> 0xB423
mem[X,0x000000008000AE5A] -> 0x2820
[1409] [M]: 0x000000008000AE58 (0x2820B423) sd sp, 648(ra)
mem[0x0000000080049458] <- 0x0000000000000001
mem[X,0x000000008000AE5C] -> 0x0513
mem[X,0x000000008000AE5E] -> 0x0010
[1410] [M]: 0x000000008000AE5C (0x00100513) addi a0, zero, 1
x10 <- 0x0000000000000001
mem[X,0x000000008000AE60] -> 0x1513
mem[X,0x000000008000AE62] -> 0x0145
[1411] [M]: 0x000000008000AE60 (0x01451513) slli a0, a0, 20
x10 <- 0x0000000000100000
mem[X,0x000000008000AE64] -> 0x4513
mem[X,0x000000008000AE66] -> 0xFFF5
[1412] [M]: 0x000000008000AE64 (0xFFF54513) xori a0, a0, 4095
x10 <- 0xFFFFFFFFFFEFFFFF
mem[X,0x000000008000AE68] -> 0x0593
mem[X,0x000000008000AE6A] -> 0x0010
[1413] [M]: 0x000000008000AE68 (0x00100593) addi a1, zero, 1
x11 <- 0x0000000000000001
mem[X,0x000000008000AE6C] -> 0x9593
mem[X,0x000000008000AE6E] -> 0x0285
[1414] [M]: 0x000000008000AE6C (0x02859593) slli a1, a1, 40
x11 <- 0x0000010000000000
mem[X,0x000000008000AE70] -> 0xC593
mem[X,0x000000008000AE72] -> 0xFFF5
[1415] [M]: 0x000000008000AE70 (0xFFF5C593) xori a1, a1, 4095
x11 <- 0xFFFFFEFFFFFFFFFF
mem[X,0x000000008000AE74] -> 0x0113
mem[X,0x000000008000AE76] -> 0x0000
[1416] [M]: 0x000000008000AE74 (0x00000113) addi sp, zero, 0
x2 <- 0x0000000000000000
mem[X,0x000000008000AE78] -> 0x006F
mem[X,0x000000008000AE7A] -> 0x00C0
[1417] [M]: 0x000000008000AE78 (0x00C0006F) jal zero, 12
mem[X,0x000000008000AE84] -> 0x5663
mem[X,0x000000008000AE86] -> 0x00B5
[1418] [M]: 0x000000008000AE84 (0x00B55663) bge a0, a1, 12
mem[X,0x000000008000AE90] -> 0x0113
mem[X,0x000000008000AE92] -> 0x0031
[1419] [M]: 0x000000008000AE90 (0x00310113) addi sp, sp, 3
x2 <- 0x0000000000000003
mem[X,0x000000008000AE94] -> 0x006F
mem[X,0x000000008000AE96] -> 0x0040
[1420] [M]: 0x000000008000AE94 (0x0040006F) jal zero, 4
mem[X,0x000000008000AE98] -> 0xB823
mem[X,0x000000008000AE9A] -> 0x2820
[1421] [M]: 0x000000008000AE98 (0x2820B823) sd sp, 656(ra)
mem[0x0000000080049460] <- 0x0000000000000003
mem[X,0x000000008000AE9C] -> 0x0513
mem[X,0x000000008000AE9E] -> 0x0010
[1422] [M]: 0x000000008000AE9C (0x00100513) addi a0, zero, 1
x10 <- 0x0000000000000001
mem[X,0x000000008000AEA0] -> 0x1513
mem[X,0x000000008000AEA2] -> 0x02F5
[1423] [M]: 0x000000008000AEA0 (0x02F51513) slli a0, a0, 47
x10 <- 0x0000800000000000
mem[X,0x000000008000AEA4] -> 0x0593
mem[X,0x000000008000AEA6] -> 0x0010
[1424] [M]: 0x000000008000AEA4 (0x00100593) addi a1, zero, 1
x11 <- 0x0000000000000001
mem[X,0x000000008000AEA8] -> 0x9593
mem[X,0x000000008000AEAA] -> 0x0295
[1425] [M]: 0x000000008000AEA8 (0x02959593) slli a1, a1, 41
x11 <- 0x0000020000000000
mem[X,0x000000008000AEAC] -> 0xC593
mem[X,0x000000008000AEAE] -> 0xFFF5
[1426] [M]: 0x000000008000AEAC (0xFFF5C593) xori a1, a1, 4095
x11 <- 0xFFFFFDFFFFFFFFFF
mem[X,0x000000008000AEB0] -> 0x0113
mem[X,0x000000008000AEB2] -> 0x0000
[1427] [M]: 0x000000008000AEB0 (0x00000113) addi sp, zero, 0
x2 <- 0x0000000000000000
mem[X,0x000000008000AEB4] -> 0x006F
mem[X,0x000000008000AEB6] -> 0x00C0
[1428] [M]: 0x000000008000AEB4 (0x00C0006F) jal zero, 12
mem[X,0x000000008000AEC0] -> 0x5CE3
mem[X,0x000000008000AEC2] -> 0xFEB5
[1429] [M]: 0x000000008000AEC0 (0xFEB55CE3) bge a0, a1, 8184
mem[X,0x000000008000AEB8] -> 0x0113
mem[X,0x000000008000AEBA] -> 0x0011
[1430] [M]: 0x000000008000AEB8 (0x00110113) addi sp, sp, 1
x2 <- 0x0000000000000001
mem[X,0x000000008000AEBC] -> 0x006F
mem[X,0x000000008000AEBE] -> 0x0180
[1431] [M]: 0x000000008000AEBC (0x0180006F) jal zero, 24
mem[X,0x000000008000AED4] -> 0xBC23
mem[X,0x000000008000AED6] -> 0x2820
[1432] [M]: 0x000000008000AED4 (0x2820BC23) sd sp, 664(ra)
mem[0x0000000080049468] <- 0x0000000000000001
mem[X,0x000000008000AED8] -> 0x0513
mem[X,0x000000008000AEDA] -> 0x0010
[1433] [M]: 0x000000008000AED8 (0x00100513) addi a0, zero, 1
x10 <- 0x0000000000000001
mem[X,0x000000008000AEDC] -> 0x1513
mem[X,0x000000008000AEDE] -> 0x0265
[1434] [M]: 0x000000008000AEDC (0x02651513) slli a0, a0, 38
x10 <- 0x0000004000000000
mem[X,0x000000008000AEE0] -> 0x4513
mem[X,0x000000008000AEE2] -> 0xFFF5
[1435] [M]: 0x000000008000AEE0 (0xFFF54513) xori a0, a0, 4095
x10 <- 0xFFFFFFBFFFFFFFFF
mem[X,0x000000008000AEE4] -> 0x0593
mem[X,0x000000008000AEE6] -> 0x0010
[1436] [M]: 0x000000008000AEE4 (0x00100593) addi a1, zero, 1
x11 <- 0x0000000000000001
mem[X,0x000000008000AEE8] -> 0x9593
mem[X,0x000000008000AEEA] -> 0x02A5
[1437] [M]: 0x000000008000AEE8 (0x02A59593) slli a1, a1, 42
x11 <- 0x0000040000000000
mem[X,0x000000008000AEEC] -> 0xC593
mem[X,0x000000008000AEEE] -> 0xFFF5
[1438] [M]: 0x000000008000AEEC (0xFFF5C593) xori a1, a1, 4095
x11 <- 0xFFFFFBFFFFFFFFFF
mem[X,0x000000008000AEF0] -> 0x0113
mem[X,0x000000008000AEF2] -> 0x0000
[1439] [M]: 0x000000008000AEF0 (0x00000113) addi sp, zero, 0
x2 <- 0x0000000000000000
mem[X,0x000000008000AEF4] -> 0x006F
mem[X,0x000000008000AEF6] -> 0x00C0
[1440] [M]: 0x000000008000AEF4 (0x00C0006F) jal zero, 12
mem[X,0x000000008000AF00] -> 0x5063
mem[X,0x000000008000AF02] -> 0x04B5
[1441] [M]: 0x000000008000AF00 (0x04B55063) bge a0, a1, 64
mem[X,0x000000008000AF40] -> 0x0113
mem[X,0x000000008000AF42] -> 0x0031
[1442] [M]: 0x000000008000AF40 (0x00310113) addi sp, sp, 3
x2 <- 0x0000000000000003
mem[X,0x000000008000AF44] -> 0x006F
mem[X,0x000000008000AF46] -> 0x0040
[1443] [M]: 0x000000008000AF44 (0x0040006F) jal zero, 4
mem[X,0x000000008000AF48] -> 0xB023
mem[X,0x000000008000AF4A] -> 0x2A20
[1444] [M]: 0x000000008000AF48 (0x2A20B023) sd sp, 672(ra)
mem[0x0000000080049470] <- 0x0000000000000003
mem[X,0x000000008000AF4C] -> 0x0513
mem[X,0x000000008000AF4E] -> 0x0010
[1445] [M]: 0x000000008000AF4C (0x00100513) addi a0, zero, 1
x10 <- 0x0000000000000001
mem[X,0x000000008000AF50] -> 0x1513
mem[X,0x000000008000AF52] -> 0x0175
[1446] [M]: 0x000000008000AF50 (0x01751513) slli a0, a0, 23
x10 <- 0x0000000000800000
mem[X,0x000000008000AF54] -> 0x4513
mem[X,0x000000008000AF56] -> 0xFFF5
[1447] [M]: 0x000000008000AF54 (0xFFF54513) xori a0, a0, 4095
x10 <- 0xFFFFFFFFFF7FFFFF
mem[X,0x000000008000AF58] -> 0x0593
mem[X,0x000000008000AF5A] -> 0x0010
[1448] [M]: 0x000000008000AF58 (0x00100593) addi a1, zero, 1
x11 <- 0x0000000000000001
mem[X,0x000000008000AF5C] -> 0x9593
mem[X,0x000000008000AF5E] -> 0x02B5
[1449] [M]: 0x000000008000AF5C (0x02B59593) slli a1, a1, 43
x11 <- 0x0000080000000000
mem[X,0x000000008000AF60] -> 0xC593
mem[X,0x000000008000AF62] -> 0xFFF5
[1450] [M]: 0x000000008000AF60 (0xFFF5C593) xori a1, a1, 4095
x11 <- 0xFFFFF7FFFFFFFFFF
mem[X,0x000000008000AF64] -> 0x0113
mem[X,0x000000008000AF66] -> 0x0000
[1451] [M]: 0x000000008000AF64 (0x00000113) addi sp, zero, 0
x2 <- 0x0000000000000000
mem[X,0x000000008000AF68] -> 0x006F
mem[X,0x000000008000AF6A] -> 0x00C0
[1452] [M]: 0x000000008000AF68 (0x00C0006F) jal zero, 12
mem[X,0x000000008000AF74] -> 0x5063
mem[X,0x000000008000AF76] -> 0x20B5
[1453] [M]: 0x000000008000AF74 (0x20B55063) bge a0, a1, 512
mem[X,0x000000008000B174] -> 0x0113
mem[X,0x000000008000B176] -> 0x0031
[1454] [M]: 0x000000008000B174 (0x00310113) addi sp, sp, 3
x2 <- 0x0000000000000003
mem[X,0x000000008000B178] -> 0x006F
mem[X,0x000000008000B17A] -> 0x0040
[1455] [M]: 0x000000008000B178 (0x0040006F) jal zero, 4
mem[X,0x000000008000B17C] -> 0xB423
mem[X,0x000000008000B17E] -> 0x2A20
[1456] [M]: 0x000000008000B17C (0x2A20B423) sd sp, 680(ra)
mem[0x0000000080049478] <- 0x0000000000000003
mem[X,0x000000008000B180] -> 0x0513
mem[X,0x000000008000B182] -> 0x0010
[1457] [M]: 0x000000008000B180 (0x00100513) addi a0, zero, 1
x10 <- 0x0000000000000001
mem[X,0x000000008000B184] -> 0x1513
mem[X,0x000000008000B186] -> 0x0355
[1458] [M]: 0x000000008000B184 (0x03551513) slli a0, a0, 53
x10 <- 0x0020000000000000
mem[X,0x000000008000B188] -> 0x4513
mem[X,0x000000008000B18A] -> 0xFFF5
[1459] [M]: 0x000000008000B188 (0xFFF54513) xori a0, a0, 4095
x10 <- 0xFFDFFFFFFFFFFFFF
mem[X,0x000000008000B18C] -> 0x0593
mem[X,0x000000008000B18E] -> 0x0010
[1460] [M]: 0x000000008000B18C (0x00100593) addi a1, zero, 1
x11 <- 0x0000000000000001
mem[X,0x000000008000B190] -> 0x9593
mem[X,0x000000008000B192] -> 0x02C5
[1461] [M]: 0x000000008000B190 (0x02C59593) slli a1, a1, 44
x11 <- 0x0000100000000000
mem[X,0x000000008000B194] -> 0xC593
mem[X,0x000000008000B196] -> 0xFFF5
[1462] [M]: 0x000000008000B194 (0xFFF5C593) xori a1, a1, 4095
x11 <- 0xFFFFEFFFFFFFFFFF
mem[X,0x000000008000B198] -> 0x0113
mem[X,0x000000008000B19A] -> 0x0000
[1463] [M]: 0x000000008000B198 (0x00000113) addi sp, zero, 0
x2 <- 0x0000000000000000
mem[X,0x000000008000B19C] -> 0x006F
mem[X,0x000000008000B19E] -> 0x00C0
[1464] [M]: 0x000000008000B19C (0x00C0006F) jal zero, 12
mem[X,0x000000008000B1A8] -> 0x5663
mem[X,0x000000008000B1AA] -> 0x00B5
[1465] [M]: 0x000000008000B1A8 (0x00B55663) bge a0, a1, 12
mem[X,0x000000008000B1AC] -> 0x0113
mem[X,0x000000008000B1AE] -> 0x0021
[1466] [M]: 0x000000008000B1AC (0x00210113) addi sp, sp, 2
x2 <- 0x0000000000000002
mem[X,0x000000008000B1B0] -> 0x006F
mem[X,0x000000008000B1B2] -> 0x00C0
[1467] [M]: 0x000000008000B1B0 (0x00C0006F) jal zero, 12
mem[X,0x000000008000B1BC] -> 0xB823
mem[X,0x000000008000B1BE] -> 0x2A20
[1468] [M]: 0x000000008000B1BC (0x2A20B823) sd sp, 688(ra)
mem[0x0000000080049480] <- 0x0000000000000002
mem[X,0x000000008000B1C0] -> 0x0537
mem[X,0x000000008000B1C2] -> 0x0000
[1469] [M]: 0x000000008000B1C0 (0x00000537) lui a0, 0
x10 <- 0x0000000000000000
mem[X,0x000000008000B1C4] -> 0x0513
mem[X,0x000000008000B1C6] -> 0xFFF5
[1470] [M]: 0x000000008000B1C4 (0xFFF50513) addi a0, a0, 4095
x10 <- 0xFFFFFFFFFFFFFFFF
mem[X,0x000000008000B1C8] -> 0x1513
mem[X,0x000000008000B1CA] -> 0x00B5
[1471] [M]: 0x000000008000B1C8 (0x00B51513) slli a0, a0, 11
x10 <- 0xFFFFFFFFFFFFF800
mem[X,0x000000008000B1CC] -> 0x0513
mem[X,0x000000008000B1CE] -> 0x2575
[1472] [M]: 0x000000008000B1CC (0x25750513) addi a0, a0, 599
x10 <- 0xFFFFFFFFFFFFFA57
mem[X,0x000000008000B1D0] -> 0x1513
mem[X,0x000000008000B1D2] -> 0x00B5
[1473] [M]: 0x000000008000B1D0 (0x00B51513) slli a0, a0, 11
x10 <- 0xFFFFFFFFFFD2B800
mem[X,0x000000008000B1D4] -> 0x0513
mem[X,0x000000008000B1D6] -> 0x6C35
[1474] [M]: 0x000000008000B1D4 (0x6C350513) addi a0, a0, 1731
x10 <- 0xFFFFFFFFFFD2BEC3
mem[X,0x000000008000B1D8] -> 0x1513
mem[X,0x000000008000B1DA] -> 0x00A5
[1475] [M]: 0x000000008000B1D8 (0x00A51513) slli a0, a0, 10
x10 <- 0xFFFFFFFF4AFB0C00
mem[X,0x000000008000B1DC] -> 0x0513
mem[X,0x000000008000B1DE] -> 0x0CD5
[1476] [M]: 0x000000008000B1DC (0x0CD50513) addi a0, a0, 205
x10 <- 0xFFFFFFFF4AFB0CCD
mem[X,0x000000008000B1E0] -> 0x0593
mem[X,0x000000008000B1E2] -> 0x0010
[1477] [M]: 0x000000008000B1E0 (0x00100593) addi a1, zero, 1
x11 <- 0x0000000000000001
mem[X,0x000000008000B1E4] -> 0x9593
mem[X,0x000000008000B1E6] -> 0x02D5
[1478] [M]: 0x000000008000B1E4 (0x02D59593) slli a1, a1, 45
x11 <- 0x0000200000000000
mem[X,0x000000008000B1E8] -> 0xC593
mem[X,0x000000008000B1EA] -> 0xFFF5
[1479] [M]: 0x000000008000B1E8 (0xFFF5C593) xori a1, a1, 4095
x11 <- 0xFFFFDFFFFFFFFFFF
mem[X,0x000000008000B1EC] -> 0x0113
mem[X,0x000000008000B1EE] -> 0x0000
[1480] [M]: 0x000000008000B1EC (0x00000113) addi sp, zero, 0
x2 <- 0x0000000000000000
mem[X,0x000000008000B1F0] -> 0x006F
mem[X,0x000000008000B1F2] -> 0x00C0
[1481] [M]: 0x000000008000B1F0 (0x00C0006F) jal zero, 12
mem[X,0x000000008000B1FC] -> 0x5063
mem[X,0x000000008000B1FE] -> 0x10B5
[1482] [M]: 0x000000008000B1FC (0x10B55063) bge a0, a1, 256
mem[X,0x000000008000B2FC] -> 0x0113
mem[X,0x000000008000B2FE] -> 0x0031
[1483] [M]: 0x000000008000B2FC (0x00310113) addi sp, sp, 3
x2 <- 0x0000000000000003
mem[X,0x000000008000B300] -> 0x006F
mem[X,0x000000008000B302] -> 0x0040
[1484] [M]: 0x000000008000B300 (0x0040006F) jal zero, 4
mem[X,0x000000008000B304] -> 0xBC23
mem[X,0x000000008000B306] -> 0x2A20
[1485] [M]: 0x000000008000B304 (0x2A20BC23) sd sp, 696(ra)
mem[0x0000000080049488] <- 0x0000000000000003
mem[X,0x000000008000B308] -> 0x0513
mem[X,0x000000008000B30A] -> 0x0010
[1486] [M]: 0x000000008000B308 (0x00100513) addi a0, zero, 1
x10 <- 0x0000000000000001
mem[X,0x000000008000B30C] -> 0x1513
mem[X,0x000000008000B30E] -> 0x03B5
[1487] [M]: 0x000000008000B30C (0x03B51513) slli a0, a0, 59
x10 <- 0x0800000000000000
mem[X,0x000000008000B310] -> 0x4513
mem[X,0x000000008000B312] -> 0xFFF5
[1488] [M]: 0x000000008000B310 (0xFFF54513) xori a0, a0, 4095
x10 <- 0xF7FFFFFFFFFFFFFF
mem[X,0x000000008000B314] -> 0x0593
mem[X,0x000000008000B316] -> 0x0010
[1489] [M]: 0x000000008000B314 (0x00100593) addi a1, zero, 1
x11 <- 0x0000000000000001
mem[X,0x000000008000B318] -> 0x9593
mem[X,0x000000008000B31A] -> 0x02E5
[1490] [M]: 0x000000008000B318 (0x02E59593) slli a1, a1, 46
x11 <- 0x0000400000000000
mem[X,0x000000008000B31C] -> 0xC593
mem[X,0x000000008000B31E] -> 0xFFF5
[1491] [M]: 0x000000008000B31C (0xFFF5C593) xori a1, a1, 4095
x11 <- 0xFFFFBFFFFFFFFFFF
mem[X,0x000000008000B320] -> 0x0113
mem[X,0x000000008000B322] -> 0x0000
[1492] [M]: 0x000000008000B320 (0x00000113) addi sp, zero, 0
x2 <- 0x0000000000000000
mem[X,0x000000008000B324] -> 0x006F
mem[X,0x000000008000B326] -> 0x00C0
[1493] [M]: 0x000000008000B324 (0x00C0006F) jal zero, 12
mem[X,0x000000008000B330] -> 0x5663
mem[X,0x000000008000B332] -> 0x00B5
[1494] [M]: 0x000000008000B330 (0x00B55663) bge a0, a1, 12
mem[X,0x000000008000B334] -> 0x0113
mem[X,0x000000008000B336] -> 0x0021
[1495] [M]: 0x000000008000B334 (0x00210113) addi sp, sp, 2
x2 <- 0x0000000000000002
mem[X,0x000000008000B338] -> 0x006F
mem[X,0x000000008000B33A] -> 0x00C0
[1496] [M]: 0x000000008000B338 (0x00C0006F) jal zero, 12
mem[X,0x000000008000B344] -> 0xB023
mem[X,0x000000008000B346] -> 0x2C20
[1497] [M]: 0x000000008000B344 (0x2C20B023) sd sp, 704(ra)
mem[0x0000000080049490] <- 0x0000000000000002
mem[X,0x000000008000B348] -> 0x0513
mem[X,0x000000008000B34A] -> 0x0010
[1498] [M]: 0x000000008000B348 (0x00100513) addi a0, zero, 1
x10 <- 0x0000000000000001
mem[X,0x000000008000B34C] -> 0x1513
mem[X,0x000000008000B34E] -> 0x0245
[1499] [M]: 0x000000008000B34C (0x02451513) slli a0, a0, 36
x10 <- 0x0000001000000000
clint::tick mtime <- 0x000000000000000F
 clint timer pending at mtime 0x000000000000000F
htif::tick 0x0000000000000000
mem[X,0x000000008000B350] -> 0x4513
mem[X,0x000000008000B352] -> 0xFFF5
[1500] [M]: 0x000000008000B350 (0xFFF54513) xori a0, a0, 4095
x10 <- 0xFFFFFFEFFFFFFFFF
mem[X,0x000000008000B354] -> 0x0593
mem[X,0x000000008000B356] -> 0x0010
[1501] [M]: 0x000000008000B354 (0x00100593) addi a1, zero, 1
x11 <- 0x0000000000000001
mem[X,0x000000008000B358] -> 0x9593
mem[X,0x000000008000B35A] -> 0x02F5
[1502] [M]: 0x000000008000B358 (0x02F59593) slli a1, a1, 47
x11 <- 0x0000800000000000
mem[X,0x000000008000B35C] -> 0xC593
mem[X,0x000000008000B35E] -> 0xFFF5
[1503] [M]: 0x000000008000B35C (0xFFF5C593) xori a1, a1, 4095
x11 <- 0xFFFF7FFFFFFFFFFF
mem[X,0x000000008000B360] -> 0x0113
mem[X,0x000000008000B362] -> 0x0000
[1504] [M]: 0x000000008000B360 (0x00000113) addi sp, zero, 0
x2 <- 0x0000000000000000
mem[X,0x000000008000B364] -> 0x006F
mem[X,0x000000008000B366] -> 0x00C0
[1505] [M]: 0x000000008000B364 (0x00C0006F) jal zero, 12
mem[X,0x000000008000B370] -> 0x5663
mem[X,0x000000008000B372] -> 0x00B5
[1506] [M]: 0x000000008000B370 (0x00B55663) bge a0, a1, 12
mem[X,0x000000008000B37C] -> 0x0113
mem[X,0x000000008000B37E] -> 0x0031
[1507] [M]: 0x000000008000B37C (0x00310113) addi sp, sp, 3
x2 <- 0x0000000000000003
mem[X,0x000000008000B380] -> 0x006F
mem[X,0x000000008000B382] -> 0x0040
[1508] [M]: 0x000000008000B380 (0x0040006F) jal zero, 4
mem[X,0x000000008000B384] -> 0xB423
mem[X,0x000000008000B386] -> 0x2C20
[1509] [M]: 0x000000008000B384 (0x2C20B423) sd sp, 712(ra)
mem[0x0000000080049498] <- 0x0000000000000003
mem[X,0x000000008000B388] -> 0x0537
mem[X,0x000000008000B38A] -> 0x0000
[1510] [M]: 0x000000008000B388 (0x00000537) lui a0, 0
x10 <- 0x0000000000000000
mem[X,0x000000008000B38C] -> 0x0513
mem[X,0x000000008000B38E] -> 0x0005
[1511] [M]: 0x000000008000B38C (0x00050513) addi a0, a0, 0
x10 <- 0x0000000000000000
mem[X,0x000000008000B390] -> 0x1513
mem[X,0x000000008000B392] -> 0x00B5
[1512] [M]: 0x000000008000B390 (0x00B51513) slli a0, a0, 11
x10 <- 0x0000000000000000
mem[X,0x000000008000B394] -> 0x0513
mem[X,0x000000008000B396] -> 0x5A85
[1513] [M]: 0x000000008000B394 (0x5A850513) addi a0, a0, 1448
x10 <- 0x00000000000005A8
mem[X,0x000000008000B398] -> 0x1513
mem[X,0x000000008000B39A] -> 0x00B5
[1514] [M]: 0x000000008000B398 (0x00B51513) slli a0, a0, 11
x10 <- 0x00000000002D4000
mem[X,0x000000008000B39C] -> 0x0513
mem[X,0x000000008000B39E] -> 0x13C5
[1515] [M]: 0x000000008000B39C (0x13C50513) addi a0, a0, 316
x10 <- 0x00000000002D413C
mem[X,0x000000008000B3A0] -> 0x1513
mem[X,0x000000008000B3A2] -> 0x00A5
[1516] [M]: 0x000000008000B3A0 (0x00A51513) slli a0, a0, 10
x10 <- 0x00000000B504F000
mem[X,0x000000008000B3A4] -> 0x0513
mem[X,0x000000008000B3A6] -> 0x3325
[1517] [M]: 0x000000008000B3A4 (0x33250513) addi a0, a0, 818
x10 <- 0x00000000B504F332
mem[X,0x000000008000B3A8] -> 0x0593
mem[X,0x000000008000B3AA] -> 0x0010
[1518] [M]: 0x000000008000B3A8 (0x00100593) addi a1, zero, 1
x11 <- 0x0000000000000001
mem[X,0x000000008000B3AC] -> 0x9593
mem[X,0x000000008000B3AE] -> 0x0305
[1519] [M]: 0x000000008000B3AC (0x03059593) slli a1, a1, 48
x11 <- 0x0001000000000000
mem[X,0x000000008000B3B0] -> 0xC593
mem[X,0x000000008000B3B2] -> 0xFFF5
[1520] [M]: 0x000000008000B3B0 (0xFFF5C593) xori a1, a1, 4095
x11 <- 0xFFFEFFFFFFFFFFFF
mem[X,0x000000008000B3B4] -> 0x0113
mem[X,0x000000008000B3B6] -> 0x0000
[1521] [M]: 0x000000008000B3B4 (0x00000113) addi sp, zero, 0
x2 <- 0x0000000000000000
mem[X,0x000000008000B3B8] -> 0x006F
mem[X,0x000000008000B3BA] -> 0x00C0
[1522] [M]: 0x000000008000B3B8 (0x00C0006F) jal zero, 12
mem[X,0x000000008000B3C4] -> 0x5663
mem[X,0x000000008000B3C6] -> 0x00B5
[1523] [M]: 0x000000008000B3C4 (0x00B55663) bge a0, a1, 12
mem[X,0x000000008000B3D0] -> 0x0113
mem[X,0x000000008000B3D2] -> 0x0031
[1524] [M]: 0x000000008000B3D0 (0x00310113) addi sp, sp, 3
x2 <- 0x0000000000000003
mem[X,0x000000008000B3D4] -> 0x006F
mem[X,0x000000008000B3D6] -> 0x0040
[1525] [M]: 0x000000008000B3D4 (0x0040006F) jal zero, 4
mem[X,0x000000008000B3D8] -> 0xB823
mem[X,0x000000008000B3DA] -> 0x2C20
[1526] [M]: 0x000000008000B3D8 (0x2C20B823) sd sp, 720(ra)
mem[0x00000000800494A0] <- 0x0000000000000003
mem[X,0x000000008000B3DC] -> 0x0513
mem[X,0x000000008000B3DE] -> 0x0000
[1527] [M]: 0x000000008000B3DC (0x00000513) addi a0, zero, 0
x10 <- 0x0000000000000000
mem[X,0x000000008000B3E0] -> 0x0593
mem[X,0x000000008000B3E2] -> 0x0010
[1528] [M]: 0x000000008000B3E0 (0x00100593) addi a1, zero, 1
x11 <- 0x0000000000000001
mem[X,0x000000008000B3E4] -> 0x9593
mem[X,0x000000008000B3E6] -> 0x0315
[1529] [M]: 0x000000008000B3E4 (0x03159593) slli a1, a1, 49
x11 <- 0x0002000000000000
mem[X,0x000000008000B3E8] -> 0xC593
mem[X,0x000000008000B3EA] -> 0xFFF5
[1530] [M]: 0x000000008000B3E8 (0xFFF5C593) xori a1, a1, 4095
x11 <- 0xFFFDFFFFFFFFFFFF
mem[X,0x000000008000B3EC] -> 0x0113
mem[X,0x000000008000B3EE] -> 0x0000
[1531] [M]: 0x000000008000B3EC (0x00000113) addi sp, zero, 0
x2 <- 0x0000000000000000
mem[X,0x000000008000B3F0] -> 0x006F
mem[X,0x000000008000B3F2] -> 0x0140
[1532] [M]: 0x000000008000B3F0 (0x0140006F) jal zero, 20
mem[X,0x000000008000B404] -> 0x58E3
mem[X,0x000000008000B406] -> 0xFEB5
[1533] [M]: 0x000000008000B404 (0xFEB558E3) bge a0, a1, 8176
mem[X,0x000000008000B3F4] -> 0x0113
mem[X,0x000000008000B3F6] -> 0x0011
[1534] [M]: 0x000000008000B3F4 (0x00110113) addi sp, sp, 1
x2 <- 0x0000000000000001
mem[X,0x000000008000B3F8] -> 0x006F
mem[X,0x000000008000B3FA] -> 0x0200
[1535] [M]: 0x000000008000B3F8 (0x0200006F) jal zero, 32
mem[X,0x000000008000B418] -> 0xBC23
mem[X,0x000000008000B41A] -> 0x2C20
[1536] [M]: 0x000000008000B418 (0x2C20BC23) sd sp, 728(ra)
mem[0x00000000800494A8] <- 0x0000000000000001
mem[X,0x000000008000B41C] -> 0x0513
mem[X,0x000000008000B41E] -> 0xFF80
[1537] [M]: 0x000000008000B41C (0xFF800513) addi a0, zero, 4088
x10 <- 0xFFFFFFFFFFFFFFF8
mem[X,0x000000008000B420] -> 0x0593
mem[X,0x000000008000B422] -> 0x0010
[1538] [M]: 0x000000008000B420 (0x00100593) addi a1, zero, 1
x11 <- 0x0000000000000001
mem[X,0x000000008000B424] -> 0x9593
mem[X,0x000000008000B426] -> 0x0325
[1539] [M]: 0x000000008000B424 (0x03259593) slli a1, a1, 50
x11 <- 0x0004000000000000
mem[X,0x000000008000B428] -> 0xC593
mem[X,0x000000008000B42A] -> 0xFFF5
[1540] [M]: 0x000000008000B428 (0xFFF5C593) xori a1, a1, 4095
x11 <- 0xFFFBFFFFFFFFFFFF
mem[X,0x000000008000B42C] -> 0x0113
mem[X,0x000000008000B42E] -> 0x0000
[1541] [M]: 0x000000008000B42C (0x00000113) addi sp, zero, 0
x2 <- 0x0000000000000000
mem[X,0x000000008000B430] -> 0x006F
mem[X,0x000000008000B432] -> 0x00C0
[1542] [M]: 0x000000008000B430 (0x00C0006F) jal zero, 12
mem[X,0x000000008000B43C] -> 0x5CE3
mem[X,0x000000008000B43E] -> 0xFEB5
[1543] [M]: 0x000000008000B43C (0xFEB55CE3) bge a0, a1, 8184
mem[X,0x000000008000B434] -> 0x0113
mem[X,0x000000008000B436] -> 0x0011
[1544] [M]: 0x000000008000B434 (0x00110113) addi sp, sp, 1
x2 <- 0x0000000000000001
mem[X,0x000000008000B438] -> 0x006F
mem[X,0x000000008000B43A] -> 0x0180
[1545] [M]: 0x000000008000B438 (0x0180006F) jal zero, 24
mem[X,0x000000008000B450] -> 0xB023
mem[X,0x000000008000B452] -> 0x2E20
[1546] [M]: 0x000000008000B450 (0x2E20B023) sd sp, 736(ra)
mem[0x00000000800494B0] <- 0x0000000000000001
mem[X,0x000000008000B454] -> 0x0513
mem[X,0x000000008000B456] -> 0xFFD0
[1547] [M]: 0x000000008000B454 (0xFFD00513) addi a0, zero, 4093
x10 <- 0xFFFFFFFFFFFFFFFD
mem[X,0x000000008000B458] -> 0x0593
mem[X,0x000000008000B45A] -> 0x0010
[1548] [M]: 0x000000008000B458 (0x00100593) addi a1, zero, 1
x11 <- 0x0000000000000001
mem[X,0x000000008000B45C] -> 0x9593
mem[X,0x000000008000B45E] -> 0x0335
[1549] [M]: 0x000000008000B45C (0x03359593) slli a1, a1, 51
x11 <- 0x0008000000000000
mem[X,0x000000008000B460] -> 0xC593
mem[X,0x000000008000B462] -> 0xFFF5
[1550] [M]: 0x000000008000B460 (0xFFF5C593) xori a1, a1, 4095
x11 <- 0xFFF7FFFFFFFFFFFF
mem[X,0x000000008000B464] -> 0x0113
mem[X,0x000000008000B466] -> 0x0000
[1551] [M]: 0x000000008000B464 (0x00000113) addi sp, zero, 0
x2 <- 0x0000000000000000
mem[X,0x000000008000B468] -> 0x006F
mem[X,0x000000008000B46A] -> 0x00C0
[1552] [M]: 0x000000008000B468 (0x00C0006F) jal zero, 12
mem[X,0x000000008000B474] -> 0x5663
mem[X,0x000000008000B476] -> 0x00B5
[1553] [M]: 0x000000008000B474 (0x00B55663) bge a0, a1, 12
mem[X,0x000000008000B480] -> 0x0113
mem[X,0x000000008000B482] -> 0x0031
[1554] [M]: 0x000000008000B480 (0x00310113) addi sp, sp, 3
x2 <- 0x0000000000000003
mem[X,0x000000008000B484] -> 0x006F
mem[X,0x000000008000B486] -> 0x0040
[1555] [M]: 0x000000008000B484 (0x0040006F) jal zero, 4
mem[X,0x000000008000B488] -> 0xB423
mem[X,0x000000008000B48A] -> 0x2E20
[1556] [M]: 0x000000008000B488 (0x2E20B423) sd sp, 744(ra)
mem[0x00000000800494B8] <- 0x0000000000000003
mem[X,0x000000008000B48C] -> 0x0513
mem[X,0x000000008000B48E] -> 0x0060
[1557] [M]: 0x000000008000B48C (0x00600513) addi a0, zero, 6
x10 <- 0x0000000000000006
mem[X,0x000000008000B490] -> 0x0593
mem[X,0x000000008000B492] -> 0x0010
[1558] [M]: 0x000000008000B490 (0x00100593) addi a1, zero, 1
x11 <- 0x0000000000000001
mem[X,0x000000008000B494] -> 0x9593
mem[X,0x000000008000B496] -> 0x0345
[1559] [M]: 0x000000008000B494 (0x03459593) slli a1, a1, 52
x11 <- 0x0010000000000000
mem[X,0x000000008000B498] -> 0xC593
mem[X,0x000000008000B49A] -> 0xFFF5
[1560] [M]: 0x000000008000B498 (0xFFF5C593) xori a1, a1, 4095
x11 <- 0xFFEFFFFFFFFFFFFF
mem[X,0x000000008000B49C] -> 0x0113
mem[X,0x000000008000B49E] -> 0x0000
[1561] [M]: 0x000000008000B49C (0x00000113) addi sp, zero, 0
x2 <- 0x0000000000000000
mem[X,0x000000008000B4A0] -> 0x006F
mem[X,0x000000008000B4A2] -> 0x00C0
[1562] [M]: 0x000000008000B4A0 (0x00C0006F) jal zero, 12
mem[X,0x000000008000B4AC] -> 0x5063
mem[X,0x000000008000B4AE] -> 0x02B5
[1563] [M]: 0x000000008000B4AC (0x02B55063) bge a0, a1, 32
mem[X,0x000000008000B4CC] -> 0x0113
mem[X,0x000000008000B4CE] -> 0x0031
[1564] [M]: 0x000000008000B4CC (0x00310113) addi sp, sp, 3
x2 <- 0x0000000000000003
mem[X,0x000000008000B4D0] -> 0x006F
mem[X,0x000000008000B4D2] -> 0x0040
[1565] [M]: 0x000000008000B4D0 (0x0040006F) jal zero, 4
mem[X,0x000000008000B4D4] -> 0xB823
mem[X,0x000000008000B4D6] -> 0x2E20
[1566] [M]: 0x000000008000B4D4 (0x2E20B823) sd sp, 752(ra)
mem[0x00000000800494C0] <- 0x0000000000000003
mem[X,0x000000008000B4D8] -> 0x0513
mem[X,0x000000008000B4DA] -> 0x0010
[1567] [M]: 0x000000008000B4D8 (0x00100513) addi a0, zero, 1
x10 <- 0x0000000000000001
mem[X,0x000000008000B4DC] -> 0x1513
mem[X,0x000000008000B4DE] -> 0x01E5
[1568] [M]: 0x000000008000B4DC (0x01E51513) slli a0, a0, 30
x10 <- 0x0000000040000000
mem[X,0x000000008000B4E0] -> 0x4513
mem[X,0x000000008000B4E2] -> 0xFFF5
[1569] [M]: 0x000000008000B4E0 (0xFFF54513) xori a0, a0, 4095
x10 <- 0xFFFFFFFFBFFFFFFF
mem[X,0x000000008000B4E4] -> 0x0593
mem[X,0x000000008000B4E6] -> 0x0010
[1570] [M]: 0x000000008000B4E4 (0x00100593) addi a1, zero, 1
x11 <- 0x0000000000000001
mem[X,0x000000008000B4E8] -> 0x9593
mem[X,0x000000008000B4EA] -> 0x0355
[1571] [M]: 0x000000008000B4E8 (0x03559593) slli a1, a1, 53
x11 <- 0x0020000000000000
mem[X,0x000000008000B4EC] -> 0xC593
mem[X,0x000000008000B4EE] -> 0xFFF5
[1572] [M]: 0x000000008000B4EC (0xFFF5C593) xori a1, a1, 4095
x11 <- 0xFFDFFFFFFFFFFFFF
mem[X,0x000000008000B4F0] -> 0x0113
mem[X,0x000000008000B4F2] -> 0x0000
[1573] [M]: 0x000000008000B4F0 (0x00000113) addi sp, zero, 0
x2 <- 0x0000000000000000
mem[X,0x000000008000B4F4] -> 0x006F
mem[X,0x000000008000B4F6] -> 0x00C0
[1574] [M]: 0x000000008000B4F4 (0x00C0006F) jal zero, 12
mem[X,0x000000008000B500] -> 0x5063
mem[X,0x000000008000B502] -> 0x40B5
[1575] [M]: 0x000000008000B500 (0x40B55063) bge a0, a1, 1024
mem[X,0x000000008000B900] -> 0x0113
mem[X,0x000000008000B902] -> 0x0031
[1576] [M]: 0x000000008000B900 (0x00310113) addi sp, sp, 3
x2 <- 0x0000000000000003
mem[X,0x000000008000B904] -> 0x006F
mem[X,0x000000008000B906] -> 0x0040
[1577] [M]: 0x000000008000B904 (0x0040006F) jal zero, 4
mem[X,0x000000008000B908] -> 0xBC23
mem[X,0x000000008000B90A] -> 0x2E20
[1578] [M]: 0x000000008000B908 (0x2E20BC23) sd sp, 760(ra)
mem[0x00000000800494C8] <- 0x0000000000000003
mem[X,0x000000008000B90C] -> 0x0513
mem[X,0x000000008000B90E] -> 0x0010
[1579] [M]: 0x000000008000B90C (0x00100513) addi a0, zero, 1
x10 <- 0x0000000000000001
mem[X,0x000000008000B910] -> 0x1513
mem[X,0x000000008000B912] -> 0x0125
[1580] [M]: 0x000000008000B910 (0x01251513) slli a0, a0, 18
x10 <- 0x0000000000040000
mem[X,0x000000008000B914] -> 0x0593
mem[X,0x000000008000B916] -> 0x0010
[1581] [M]: 0x000000008000B914 (0x00100593) addi a1, zero, 1
x11 <- 0x0000000000000001
mem[X,0x000000008000B918] -> 0x9593
mem[X,0x000000008000B91A] -> 0x0365
[1582] [M]: 0x000000008000B918 (0x03659593) slli a1, a1, 54
x11 <- 0x0040000000000000
mem[X,0x000000008000B91C] -> 0xC593
mem[X,0x000000008000B91E] -> 0xFFF5
[1583] [M]: 0x000000008000B91C (0xFFF5C593) xori a1, a1, 4095
x11 <- 0xFFBFFFFFFFFFFFFF
mem[X,0x000000008000B920] -> 0x0113
mem[X,0x000000008000B922] -> 0x0000
[1584] [M]: 0x000000008000B920 (0x00000113) addi sp, zero, 0
x2 <- 0x0000000000000000
mem[X,0x000000008000B924] -> 0x006F
mem[X,0x000000008000B926] -> 0x00C0
[1585] [M]: 0x000000008000B924 (0x00C0006F) jal zero, 12
mem[X,0x000000008000B930] -> 0x5063
mem[X,0x000000008000B932] -> 0x40B5
[1586] [M]: 0x000000008000B930 (0x40B55063) bge a0, a1, 1024
mem[X,0x000000008000BD30] -> 0x0113
mem[X,0x000000008000BD32] -> 0x0031
[1587] [M]: 0x000000008000BD30 (0x00310113) addi sp, sp, 3
x2 <- 0x0000000000000003
mem[X,0x000000008000BD34] -> 0x006F
mem[X,0x000000008000BD36] -> 0x0040
[1588] [M]: 0x000000008000BD34 (0x0040006F) jal zero, 4
mem[X,0x000000008000BD38] -> 0xB023
mem[X,0x000000008000BD3A] -> 0x3020
[1589] [M]: 0x000000008000BD38 (0x3020B023) sd sp, 768(ra)
mem[0x00000000800494D0] <- 0x0000000000000003
mem[X,0x000000008000BD3C] -> 0x0513
mem[X,0x000000008000BD3E] -> 0x0070
[1590] [M]: 0x000000008000BD3C (0x00700513) addi a0, zero, 7
x10 <- 0x0000000000000007
mem[X,0x000000008000BD40] -> 0x0593
mem[X,0x000000008000BD42] -> 0x0010
[1591] [M]: 0x000000008000BD40 (0x00100593) addi a1, zero, 1
x11 <- 0x0000000000000001
mem[X,0x000000008000BD44] -> 0x9593
mem[X,0x000000008000BD46] -> 0x0375
[1592] [M]: 0x000000008000BD44 (0x03759593) slli a1, a1, 55
x11 <- 0x0080000000000000
mem[X,0x000000008000BD48] -> 0xC593
mem[X,0x000000008000BD4A] -> 0xFFF5
[1593] [M]: 0x000000008000BD48 (0xFFF5C593) xori a1, a1, 4095
x11 <- 0xFF7FFFFFFFFFFFFF
mem[X,0x000000008000BD4C] -> 0x0113
mem[X,0x000000008000BD4E] -> 0x0000
[1594] [M]: 0x000000008000BD4C (0x00000113) addi sp, zero, 0
x2 <- 0x0000000000000000
mem[X,0x000000008000BD50] -> 0x006F
mem[X,0x000000008000BD52] -> 0x00C0
[1595] [M]: 0x000000008000BD50 (0x00C0006F) jal zero, 12
mem[X,0x000000008000BD5C] -> 0x5CE3
mem[X,0x000000008000BD5E] -> 0xFEB5
[1596] [M]: 0x000000008000BD5C (0xFEB55CE3) bge a0, a1, 8184
mem[X,0x000000008000BD54] -> 0x0113
mem[X,0x000000008000BD56] -> 0x0011
[1597] [M]: 0x000000008000BD54 (0x00110113) addi sp, sp, 1
x2 <- 0x0000000000000001
mem[X,0x000000008000BD58] -> 0x006F
mem[X,0x000000008000BD5A] -> 0x0180
[1598] [M]: 0x000000008000BD58 (0x0180006F) jal zero, 24
mem[X,0x000000008000BD70] -> 0xB423
mem[X,0x000000008000BD72] -> 0x3020
[1599] [M]: 0x000000008000BD70 (0x3020B423) sd sp, 776(ra)
mem[0x00000000800494D8] <- 0x0000000000000001
clint::tick mtime <- 0x0000000000000010
 clint timer pending at mtime 0x0000000000000010
htif::tick 0x0000000000000000
mem[X,0x000000008000BD74] -> 0x0513
mem[X,0x000000008000BD76] -> 0x0010
[1600] [M]: 0x000000008000BD74 (0x00100513) addi a0, zero, 1
x10 <- 0x0000000000000001
mem[X,0x000000008000BD78] -> 0x1513
mem[X,0x000000008000BD7A] -> 0x02B5
[1601] [M]: 0x000000008000BD78 (0x02B51513) slli a0, a0, 43
x10 <- 0x0000080000000000
mem[X,0x000000008000BD7C] -> 0x0593
mem[X,0x000000008000BD7E] -> 0x0010
[1602] [M]: 0x000000008000BD7C (0x00100593) addi a1, zero, 1
x11 <- 0x0000000000000001
mem[X,0x000000008000BD80] -> 0x9593
mem[X,0x000000008000BD82] -> 0x0385
[1603] [M]: 0x000000008000BD80 (0x03859593) slli a1, a1, 56
x11 <- 0x0100000000000000
mem[X,0x000000008000BD84] -> 0xC593
mem[X,0x000000008000BD86] -> 0xFFF5
[1604] [M]: 0x000000008000BD84 (0xFFF5C593) xori a1, a1, 4095
x11 <- 0xFEFFFFFFFFFFFFFF
mem[X,0x000000008000BD88] -> 0x0113
mem[X,0x000000008000BD8A] -> 0x0000
[1605] [M]: 0x000000008000BD88 (0x00000113) addi sp, zero, 0
x2 <- 0x0000000000000000
mem[X,0x000000008000BD8C] -> 0x006F
mem[X,0x000000008000BD8E] -> 0x00C0
[1606] [M]: 0x000000008000BD8C (0x00C0006F) jal zero, 12
mem[X,0x000000008000BD98] -> 0x5CE3
mem[X,0x000000008000BD9A] -> 0xFEB5
[1607] [M]: 0x000000008000BD98 (0xFEB55CE3) bge a0, a1, 8184
mem[X,0x000000008000BD90] -> 0x0113
mem[X,0x000000008000BD92] -> 0x0011
[1608] [M]: 0x000000008000BD90 (0x00110113) addi sp, sp, 1
x2 <- 0x0000000000000001
mem[X,0x000000008000BD94] -> 0x006F
mem[X,0x000000008000BD96] -> 0x0180
[1609] [M]: 0x000000008000BD94 (0x0180006F) jal zero, 24
mem[X,0x000000008000BDAC] -> 0xB823
mem[X,0x000000008000BDAE] -> 0x3020
[1610] [M]: 0x000000008000BDAC (0x3020B823) sd sp, 784(ra)
mem[0x00000000800494E0] <- 0x0000000000000001
mem[X,0x000000008000BDB0] -> 0x0513
mem[X,0x000000008000BDB2] -> 0x0080
[1611] [M]: 0x000000008000BDB0 (0x00800513) addi a0, zero, 8
x10 <- 0x0000000000000008
mem[X,0x000000008000BDB4] -> 0x0593
mem[X,0x000000008000BDB6] -> 0x0010
[1612] [M]: 0x000000008000BDB4 (0x00100593) addi a1, zero, 1
x11 <- 0x0000000000000001
mem[X,0x000000008000BDB8] -> 0x9593
mem[X,0x000000008000BDBA] -> 0x03A5
[1613] [M]: 0x000000008000BDB8 (0x03A59593) slli a1, a1, 58
x11 <- 0x0400000000000000
mem[X,0x000000008000BDBC] -> 0xC593
mem[X,0x000000008000BDBE] -> 0xFFF5
[1614] [M]: 0x000000008000BDBC (0xFFF5C593) xori a1, a1, 4095
x11 <- 0xFBFFFFFFFFFFFFFF
mem[X,0x000000008000BDC0] -> 0x0113
mem[X,0x000000008000BDC2] -> 0x0000
[1615] [M]: 0x000000008000BDC0 (0x00000113) addi sp, zero, 0
x2 <- 0x0000000000000000
mem[X,0x000000008000BDC4] -> 0x006F
mem[X,0x000000008000BDC6] -> 0x00C0
[1616] [M]: 0x000000008000BDC4 (0x00C0006F) jal zero, 12
mem[X,0x000000008000BDD0] -> 0x5663
mem[X,0x000000008000BDD2] -> 0x00B5
[1617] [M]: 0x000000008000BDD0 (0x00B55663) bge a0, a1, 12
mem[X,0x000000008000BDDC] -> 0x0113
mem[X,0x000000008000BDDE] -> 0x0031
[1618] [M]: 0x000000008000BDDC (0x00310113) addi sp, sp, 3
x2 <- 0x0000000000000003
mem[X,0x000000008000BDE0] -> 0x006F
mem[X,0x000000008000BDE2] -> 0x0040
[1619] [M]: 0x000000008000BDE0 (0x0040006F) jal zero, 4
mem[X,0x000000008000BDE4] -> 0xBC23
mem[X,0x000000008000BDE6] -> 0x3020
[1620] [M]: 0x000000008000BDE4 (0x3020BC23) sd sp, 792(ra)
mem[0x00000000800494E8] <- 0x0000000000000003
mem[X,0x000000008000BDE8] -> 0x0513
mem[X,0x000000008000BDEA] -> 0x0040
[1621] [M]: 0x000000008000BDE8 (0x00400513) addi a0, zero, 4
x10 <- 0x0000000000000004
mem[X,0x000000008000BDEC] -> 0x0593
mem[X,0x000000008000BDEE] -> 0x0010
[1622] [M]: 0x000000008000BDEC (0x00100593) addi a1, zero, 1
x11 <- 0x0000000000000001
mem[X,0x000000008000BDF0] -> 0x9593
mem[X,0x000000008000BDF2] -> 0x03B5
[1623] [M]: 0x000000008000BDF0 (0x03B59593) slli a1, a1, 59
x11 <- 0x0800000000000000
mem[X,0x000000008000BDF4] -> 0xC593
mem[X,0x000000008000BDF6] -> 0xFFF5
[1624] [M]: 0x000000008000BDF4 (0xFFF5C593) xori a1, a1, 4095
x11 <- 0xF7FFFFFFFFFFFFFF
mem[X,0x000000008000BDF8] -> 0x0113
mem[X,0x000000008000BDFA] -> 0x0000
[1625] [M]: 0x000000008000BDF8 (0x00000113) addi sp, zero, 0
x2 <- 0x0000000000000000
mem[X,0x000000008000BDFC] -> 0x006F
mem[X,0x000000008000BDFE] -> 0x00C0
[1626] [M]: 0x000000008000BDFC (0x00C0006F) jal zero, 12
mem[X,0x000000008000BE08] -> 0x5663
mem[X,0x000000008000BE0A] -> 0x00B5
[1627] [M]: 0x000000008000BE08 (0x00B55663) bge a0, a1, 12
mem[X,0x000000008000BE14] -> 0x0113
mem[X,0x000000008000BE16] -> 0x0031
[1628] [M]: 0x000000008000BE14 (0x00310113) addi sp, sp, 3
x2 <- 0x0000000000000003
mem[X,0x000000008000BE18] -> 0x006F
mem[X,0x000000008000BE1A] -> 0x0040
[1629] [M]: 0x000000008000BE18 (0x0040006F) jal zero, 4
mem[X,0x000000008000BE1C] -> 0xB023
mem[X,0x000000008000BE1E] -> 0x3220
[1630] [M]: 0x000000008000BE1C (0x3220B023) sd sp, 800(ra)
mem[0x00000000800494F0] <- 0x0000000000000003
mem[X,0x000000008000BE20] -> 0x0513
mem[X,0x000000008000BE22] -> 0x0010
[1631] [M]: 0x000000008000BE20 (0x00100513) addi a0, zero, 1
x10 <- 0x0000000000000001
mem[X,0x000000008000BE24] -> 0x1513
mem[X,0x000000008000BE26] -> 0x0335
[1632] [M]: 0x000000008000BE24 (0x03351513) slli a0, a0, 51
x10 <- 0x0008000000000000
mem[X,0x000000008000BE28] -> 0x4513
mem[X,0x000000008000BE2A] -> 0xFFF5
[1633] [M]: 0x000000008000BE28 (0xFFF54513) xori a0, a0, 4095
x10 <- 0xFFF7FFFFFFFFFFFF
mem[X,0x000000008000BE2C] -> 0x0593
mem[X,0x000000008000BE2E] -> 0x0010
[1634] [M]: 0x000000008000BE2C (0x00100593) addi a1, zero, 1
x11 <- 0x0000000000000001
mem[X,0x000000008000BE30] -> 0x9593
mem[X,0x000000008000BE32] -> 0x03C5
[1635] [M]: 0x000000008000BE30 (0x03C59593) slli a1, a1, 60
x11 <- 0x1000000000000000
mem[X,0x000000008000BE34] -> 0xC593
mem[X,0x000000008000BE36] -> 0xFFF5
[1636] [M]: 0x000000008000BE34 (0xFFF5C593) xori a1, a1, 4095
x11 <- 0xEFFFFFFFFFFFFFFF
mem[X,0x000000008000BE38] -> 0x0113
mem[X,0x000000008000BE3A] -> 0x0000
[1637] [M]: 0x000000008000BE38 (0x00000113) addi sp, zero, 0
x2 <- 0x0000000000000000
mem[X,0x000000008000BE3C] -> 0x006F
mem[X,0x000000008000BE3E] -> 0x00C0
[1638] [M]: 0x000000008000BE3C (0x00C0006F) jal zero, 12
mem[X,0x000000008000BE48] -> 0x5063
mem[X,0x000000008000BE4A] -> 0x20B5
[1639] [M]: 0x000000008000BE48 (0x20B55063) bge a0, a1, 512
mem[X,0x000000008000C048] -> 0x0113
mem[X,0x000000008000C04A] -> 0x0031
[1640] [M]: 0x000000008000C048 (0x00310113) addi sp, sp, 3
x2 <- 0x0000000000000003
mem[X,0x000000008000C04C] -> 0x006F
mem[X,0x000000008000C04E] -> 0x0040
[1641] [M]: 0x000000008000C04C (0x0040006F) jal zero, 4
mem[X,0x000000008000C050] -> 0xB423
mem[X,0x000000008000C052] -> 0x3220
[1642] [M]: 0x000000008000C050 (0x3220B423) sd sp, 808(ra)
mem[0x00000000800494F8] <- 0x0000000000000003
mem[X,0x000000008000C054] -> 0x0513
mem[X,0x000000008000C056] -> 0x0030
[1643] [M]: 0x000000008000C054 (0x00300513) addi a0, zero, 3
x10 <- 0x0000000000000003
mem[X,0x000000008000C058] -> 0x0593
mem[X,0x000000008000C05A] -> 0x0010
[1644] [M]: 0x000000008000C058 (0x00100593) addi a1, zero, 1
x11 <- 0x0000000000000001
mem[X,0x000000008000C05C] -> 0x9593
mem[X,0x000000008000C05E] -> 0x03D5
[1645] [M]: 0x000000008000C05C (0x03D59593) slli a1, a1, 61
x11 <- 0x2000000000000000
mem[X,0x000000008000C060] -> 0xC593
mem[X,0x000000008000C062] -> 0xFFF5
[1646] [M]: 0x000000008000C060 (0xFFF5C593) xori a1, a1, 4095
x11 <- 0xDFFFFFFFFFFFFFFF
mem[X,0x000000008000C064] -> 0x0113
mem[X,0x000000008000C066] -> 0x0000
[1647] [M]: 0x000000008000C064 (0x00000113) addi sp, zero, 0
x2 <- 0x0000000000000000
mem[X,0x000000008000C068] -> 0x006F
mem[X,0x000000008000C06A] -> 0x0180
[1648] [M]: 0x000000008000C068 (0x0180006F) jal zero, 24
mem[X,0x000000008000C080] -> 0x56E3
mem[X,0x000000008000C082] -> 0xFEB5
[1649] [M]: 0x000000008000C080 (0xFEB556E3) bge a0, a1, 8172
mem[X,0x000000008000C06C] -> 0x0113
mem[X,0x000000008000C06E] -> 0x0011
[1650] [M]: 0x000000008000C06C (0x00110113) addi sp, sp, 1
x2 <- 0x0000000000000001
mem[X,0x000000008000C070] -> 0x006F
mem[X,0x000000008000C072] -> 0x0240
[1651] [M]: 0x000000008000C070 (0x0240006F) jal zero, 36
mem[X,0x000000008000C094] -> 0xB823
mem[X,0x000000008000C096] -> 0x3220
[1652] [M]: 0x000000008000C094 (0x3220B823) sd sp, 816(ra)
mem[0x0000000080049500] <- 0x0000000000000001
mem[X,0x000000008000C098] -> 0x0513
mem[X,0x000000008000C09A] -> 0x0010
[1653] [M]: 0x000000008000C098 (0x00100513) addi a0, zero, 1
x10 <- 0x0000000000000001
mem[X,0x000000008000C09C] -> 0x1513
mem[X,0x000000008000C09E] -> 0x0275
[1654] [M]: 0x000000008000C09C (0x02751513) slli a0, a0, 39
x10 <- 0x0000008000000000
mem[X,0x000000008000C0A0] -> 0x4513
mem[X,0x000000008000C0A2] -> 0xFFF5
[1655] [M]: 0x000000008000C0A0 (0xFFF54513) xori a0, a0, 4095
x10 <- 0xFFFFFF7FFFFFFFFF
mem[X,0x000000008000C0A4] -> 0x0593
mem[X,0x000000008000C0A6] -> 0x0010
[1656] [M]: 0x000000008000C0A4 (0x00100593) addi a1, zero, 1
x11 <- 0x0000000000000001
mem[X,0x000000008000C0A8] -> 0x9593
mem[X,0x000000008000C0AA] -> 0x03E5
[1657] [M]: 0x000000008000C0A8 (0x03E59593) slli a1, a1, 62
x11 <- 0x4000000000000000
mem[X,0x000000008000C0AC] -> 0xC593
mem[X,0x000000008000C0AE] -> 0xFFF5
[1658] [M]: 0x000000008000C0AC (0xFFF5C593) xori a1, a1, 4095
x11 <- 0xBFFFFFFFFFFFFFFF
mem[X,0x000000008000C0B0] -> 0x0113
mem[X,0x000000008000C0B2] -> 0x0000
[1659] [M]: 0x000000008000C0B0 (0x00000113) addi sp, zero, 0
x2 <- 0x0000000000000000
mem[X,0x000000008000C0B4] -> 0x006F
mem[X,0x000000008000C0B6] -> 0x00C0
[1660] [M]: 0x000000008000C0B4 (0x00C0006F) jal zero, 12
mem[X,0x000000008000C0C0] -> 0x5063
mem[X,0x000000008000C0C2] -> 0x02B5
[1661] [M]: 0x000000008000C0C0 (0x02B55063) bge a0, a1, 32
mem[X,0x000000008000C0E0] -> 0x0113
mem[X,0x000000008000C0E2] -> 0x0031
[1662] [M]: 0x000000008000C0E0 (0x00310113) addi sp, sp, 3
x2 <- 0x0000000000000003
mem[X,0x000000008000C0E4] -> 0x006F
mem[X,0x000000008000C0E6] -> 0x0040
[1663] [M]: 0x000000008000C0E4 (0x0040006F) jal zero, 4
mem[X,0x000000008000C0E8] -> 0xBC23
mem[X,0x000000008000C0EA] -> 0x3220
[1664] [M]: 0x000000008000C0E8 (0x3220BC23) sd sp, 824(ra)
mem[0x0000000080049508] <- 0x0000000000000003
mem[X,0x000000008000C0EC] -> 0x0513
mem[X,0x000000008000C0EE] -> 0x0100
[1665] [M]: 0x000000008000C0EC (0x01000513) addi a0, zero, 16
x10 <- 0x0000000000000010
mem[X,0x000000008000C0F0] -> 0x0593
mem[X,0x000000008000C0F2] -> 0xFFF0
[1666] [M]: 0x000000008000C0F0 (0xFFF00593) addi a1, zero, 4095
x11 <- 0xFFFFFFFFFFFFFFFF
mem[X,0x000000008000C0F4] -> 0xD593
mem[X,0x000000008000C0F6] -> 0x0015
[1667] [M]: 0x000000008000C0F4 (0x0015D593) srli a1, a1, 1
x11 <- 0x7FFFFFFFFFFFFFFF
mem[X,0x000000008000C0F8] -> 0x0113
mem[X,0x000000008000C0FA] -> 0x0000
[1668] [M]: 0x000000008000C0F8 (0x00000113) addi sp, zero, 0
x2 <- 0x0000000000000000
mem[X,0x000000008000C0FC] -> 0x006F
mem[X,0x000000008000C0FE] -> 0x00C0
[1669] [M]: 0x000000008000C0FC (0x00C0006F) jal zero, 12
mem[X,0x000000008000C108] -> 0x5063
mem[X,0x000000008000C10A] -> 0x20B5
[1670] [M]: 0x000000008000C108 (0x20B55063) bge a0, a1, 512
mem[X,0x000000008000C10C] -> 0x0113
mem[X,0x000000008000C10E] -> 0x0021
[1671] [M]: 0x000000008000C10C (0x00210113) addi sp, sp, 2
x2 <- 0x0000000000000002
mem[X,0x000000008000C110] -> 0x006F
mem[X,0x000000008000C112] -> 0x2000
[1672] [M]: 0x000000008000C110 (0x2000006F) jal zero, 512
mem[X,0x000000008000C310] -> 0xB023
mem[X,0x000000008000C312] -> 0x3420
[1673] [M]: 0x000000008000C310 (0x3420B023) sd sp, 832(ra)
mem[0x0000000080049510] <- 0x0000000000000002
mem[X,0x000000008000C314] -> 0x0513
mem[X,0x000000008000C316] -> 0x0010
[1674] [M]: 0x000000008000C314 (0x00100513) addi a0, zero, 1
x10 <- 0x0000000000000001
mem[X,0x000000008000C318] -> 0x1513
mem[X,0x000000008000C31A] -> 0x01D5
[1675] [M]: 0x000000008000C318 (0x01D51513) slli a0, a0, 29
x10 <- 0x0000000020000000
mem[X,0x000000008000C31C] -> 0x55B7
mem[X,0x000000008000C31E] -> 0x5555
[1676] [M]: 0x000000008000C31C (0x555555B7) lui a1, 349525
x11 <- 0x0000000055555000
mem[X,0x000000008000C320] -> 0x8593
mem[X,0x000000008000C322] -> 0x5555
[1677] [M]: 0x000000008000C320 (0x55558593) addi a1, a1, 1365
x11 <- 0x0000000055555555
mem[X,0x000000008000C324] -> 0x9593
mem[X,0x000000008000C326] -> 0x00B5
[1678] [M]: 0x000000008000C324 (0x00B59593) slli a1, a1, 11
x11 <- 0x000002AAAAAAA800
mem[X,0x000000008000C328] -> 0x8593
mem[X,0x000000008000C32A] -> 0x2AA5
[1679] [M]: 0x000000008000C328 (0x2AA58593) addi a1, a1, 682
x11 <- 0x000002AAAAAAAAAA
mem[X,0x000000008000C32C] -> 0x9593
mem[X,0x000000008000C32E] -> 0x00B5
[1680] [M]: 0x000000008000C32C (0x00B59593) slli a1, a1, 11
x11 <- 0x0015555555555000
mem[X,0x000000008000C330] -> 0x8593
mem[X,0x000000008000C332] -> 0x5555
[1681] [M]: 0x000000008000C330 (0x55558593) addi a1, a1, 1365
x11 <- 0x0015555555555555
mem[X,0x000000008000C334] -> 0x9593
mem[X,0x000000008000C336] -> 0x00A5
[1682] [M]: 0x000000008000C334 (0x00A59593) slli a1, a1, 10
x11 <- 0x5555555555555400
mem[X,0x000000008000C338] -> 0x8593
mem[X,0x000000008000C33A] -> 0x1555
[1683] [M]: 0x000000008000C338 (0x15558593) addi a1, a1, 341
x11 <- 0x5555555555555555
mem[X,0x000000008000C33C] -> 0x0113
mem[X,0x000000008000C33E] -> 0x0000
[1684] [M]: 0x000000008000C33C (0x00000113) addi sp, zero, 0
x2 <- 0x0000000000000000
mem[X,0x000000008000C340] -> 0x006F
mem[X,0x000000008000C342] -> 0x00C0
[1685] [M]: 0x000000008000C340 (0x00C0006F) jal zero, 12
mem[X,0x000000008000C34C] -> 0x5663
mem[X,0x000000008000C34E] -> 0x00B5
[1686] [M]: 0x000000008000C34C (0x00B55663) bge a0, a1, 12
mem[X,0x000000008000C350] -> 0x0113
mem[X,0x000000008000C352] -> 0x0021
[1687] [M]: 0x000000008000C350 (0x00210113) addi sp, sp, 2
x2 <- 0x0000000000000002
mem[X,0x000000008000C354] -> 0x006F
mem[X,0x000000008000C356] -> 0x00C0
[1688] [M]: 0x000000008000C354 (0x00C0006F) jal zero, 12
mem[X,0x000000008000C360] -> 0xB423
mem[X,0x000000008000C362] -> 0x3420
[1689] [M]: 0x000000008000C360 (0x3420B423) sd sp, 840(ra)
mem[0x0000000080049518] <- 0x0000000000000002
mem[X,0x000000008000C364] -> 0x0513
mem[X,0x000000008000C366] -> 0x0010
[1690] [M]: 0x000000008000C364 (0x00100513) addi a0, zero, 1
x10 <- 0x0000000000000001
mem[X,0x000000008000C368] -> 0x1513
mem[X,0x000000008000C36A] -> 0x0155
[1691] [M]: 0x000000008000C368 (0x01551513) slli a0, a0, 21
x10 <- 0x0000000000200000
mem[X,0x000000008000C36C] -> 0xB5B7
mem[X,0x000000008000C36E] -> 0xAAAA
[1692] [M]: 0x000000008000C36C (0xAAAAB5B7) lui a1, 699051
x11 <- 0xFFFFFFFFAAAAB000
mem[X,0x000000008000C370] -> 0x8593
mem[X,0x000000008000C372] -> 0xAAA5
[1693] [M]: 0x000000008000C370 (0xAAA58593) addi a1, a1, 2730
x11 <- 0xFFFFFFFFAAAAAAAA
mem[X,0x000000008000C374] -> 0x9593
mem[X,0x000000008000C376] -> 0x00B5
[1694] [M]: 0x000000008000C374 (0x00B59593) slli a1, a1, 11
x11 <- 0xFFFFFD5555555000
mem[X,0x000000008000C378] -> 0x8593
mem[X,0x000000008000C37A] -> 0x5555
[1695] [M]: 0x000000008000C378 (0x55558593) addi a1, a1, 1365
x11 <- 0xFFFFFD5555555555
mem[X,0x000000008000C37C] -> 0x9593
mem[X,0x000000008000C37E] -> 0x00B5
[1696] [M]: 0x000000008000C37C (0x00B59593) slli a1, a1, 11
x11 <- 0xFFEAAAAAAAAAA800
mem[X,0x000000008000C380] -> 0x8593
mem[X,0x000000008000C382] -> 0x2AA5
[1697] [M]: 0x000000008000C380 (0x2AA58593) addi a1, a1, 682
x11 <- 0xFFEAAAAAAAAAAAAA
mem[X,0x000000008000C384] -> 0x9593
mem[X,0x000000008000C386] -> 0x00A5
[1698] [M]: 0x000000008000C384 (0x00A59593) slli a1, a1, 10
x11 <- 0xAAAAAAAAAAAAA800
mem[X,0x000000008000C388] -> 0x8593
mem[X,0x000000008000C38A] -> 0x2AA5
[1699] [M]: 0x000000008000C388 (0x2AA58593) addi a1, a1, 682
x11 <- 0xAAAAAAAAAAAAAAAA
clint::tick mtime <- 0x0000000000000011
 clint timer pending at mtime 0x0000000000000011
htif::tick 0x0000000000000000
mem[X,0x000000008000C38C] -> 0x0113
mem[X,0x000000008000C38E] -> 0x0000
[1700] [M]: 0x000000008000C38C (0x00000113) addi sp, zero, 0
x2 <- 0x0000000000000000
mem[X,0x000000008000C390] -> 0x006F
mem[X,0x000000008000C392] -> 0x0180
[1701] [M]: 0x000000008000C390 (0x0180006F) jal zero, 24
mem[X,0x000000008000C3A8] -> 0x56E3
mem[X,0x000000008000C3AA] -> 0xFEB5
[1702] [M]: 0x000000008000C3A8 (0xFEB556E3) bge a0, a1, 8172
mem[X,0x000000008000C394] -> 0x0113
mem[X,0x000000008000C396] -> 0x0011
[1703] [M]: 0x000000008000C394 (0x00110113) addi sp, sp, 1
x2 <- 0x0000000000000001
mem[X,0x000000008000C398] -> 0x006F
mem[X,0x000000008000C39A] -> 0x0240
[1704] [M]: 0x000000008000C398 (0x0240006F) jal zero, 36
mem[X,0x000000008000C3BC] -> 0xB823
mem[X,0x000000008000C3BE] -> 0x3420
[1705] [M]: 0x000000008000C3BC (0x3420B823) sd sp, 848(ra)
mem[0x0000000080049520] <- 0x0000000000000001
mem[X,0x000000008000C3C0] -> 0x0513
mem[X,0x000000008000C3C2] -> 0x0200
[1706] [M]: 0x000000008000C3C0 (0x02000513) addi a0, zero, 32
x10 <- 0x0000000000000020
mem[X,0x000000008000C3C4] -> 0x0593
mem[X,0x000000008000C3C6] -> 0x0010
[1707] [M]: 0x000000008000C3C4 (0x00100593) addi a1, zero, 1
x11 <- 0x0000000000000001
mem[X,0x000000008000C3C8] -> 0x9593
mem[X,0x000000008000C3CA] -> 0x0215
[1708] [M]: 0x000000008000C3C8 (0x02159593) slli a1, a1, 33
x11 <- 0x0000000200000000
mem[X,0x000000008000C3CC] -> 0x0113
mem[X,0x000000008000C3CE] -> 0x0000
[1709] [M]: 0x000000008000C3CC (0x00000113) addi sp, zero, 0
x2 <- 0x0000000000000000
mem[X,0x000000008000C3D0] -> 0x006F
mem[X,0x000000008000C3D2] -> 0x00C0
[1710] [M]: 0x000000008000C3D0 (0x00C0006F) jal zero, 12
mem[X,0x000000008000C3DC] -> 0x5863
mem[X,0x000000008000C3DE] -> 0x00B5
[1711] [M]: 0x000000008000C3DC (0x00B55863) bge a0, a1, 16
mem[X,0x000000008000C3E0] -> 0x0113
mem[X,0x000000008000C3E2] -> 0x0021
[1712] [M]: 0x000000008000C3E0 (0x00210113) addi sp, sp, 2
x2 <- 0x0000000000000002
mem[X,0x000000008000C3E4] -> 0x006F
mem[X,0x000000008000C3E6] -> 0x0100
[1713] [M]: 0x000000008000C3E4 (0x0100006F) jal zero, 16
mem[X,0x000000008000C3F4] -> 0xBC23
mem[X,0x000000008000C3F6] -> 0x3420
[1714] [M]: 0x000000008000C3F4 (0x3420BC23) sd sp, 856(ra)
mem[0x0000000080049528] <- 0x0000000000000002
mem[X,0x000000008000C3F8] -> 0x0513
mem[X,0x000000008000C3FA] -> 0x0400
[1715] [M]: 0x000000008000C3F8 (0x04000513) addi a0, zero, 64
x10 <- 0x0000000000000040
mem[X,0x000000008000C3FC] -> 0x0593
mem[X,0x000000008000C3FE] -> 0x0010
[1716] [M]: 0x000000008000C3FC (0x00100593) addi a1, zero, 1
x11 <- 0x0000000000000001
mem[X,0x000000008000C400] -> 0x9593
mem[X,0x000000008000C402] -> 0x0115
[1717] [M]: 0x000000008000C400 (0x01159593) slli a1, a1, 17
x11 <- 0x0000000000020000
mem[X,0x000000008000C404] -> 0x0113
mem[X,0x000000008000C406] -> 0x0000
[1718] [M]: 0x000000008000C404 (0x00000113) addi sp, zero, 0
x2 <- 0x0000000000000000
mem[X,0x000000008000C408] -> 0x006F
mem[X,0x000000008000C40A] -> 0x0140
[1719] [M]: 0x000000008000C408 (0x0140006F) jal zero, 20
mem[X,0x000000008000C41C] -> 0x58E3
mem[X,0x000000008000C41E] -> 0xFEB5
[1720] [M]: 0x000000008000C41C (0xFEB558E3) bge a0, a1, 8176
mem[X,0x000000008000C420] -> 0x0113
mem[X,0x000000008000C422] -> 0x0021
[1721] [M]: 0x000000008000C420 (0x00210113) addi sp, sp, 2
x2 <- 0x0000000000000002
mem[X,0x000000008000C424] -> 0x006F
mem[X,0x000000008000C426] -> 0x00C0
[1722] [M]: 0x000000008000C424 (0x00C0006F) jal zero, 12
mem[X,0x000000008000C430] -> 0xB023
mem[X,0x000000008000C432] -> 0x3620
[1723] [M]: 0x000000008000C430 (0x3620B023) sd sp, 864(ra)
mem[0x0000000080049530] <- 0x0000000000000002
mem[X,0x000000008000C434] -> 0x0513
mem[X,0x000000008000C436] -> 0x2000
[1724] [M]: 0x000000008000C434 (0x20000513) addi a0, zero, 512
x10 <- 0x0000000000000200
mem[X,0x000000008000C438] -> 0x35B7
mem[X,0x000000008000C43A] -> 0x3333
[1725] [M]: 0x000000008000C438 (0x333335B7) lui a1, 209715
x11 <- 0x0000000033333000
mem[X,0x000000008000C43C] -> 0x8593
mem[X,0x000000008000C43E] -> 0x3335
[1726] [M]: 0x000000008000C43C (0x33358593) addi a1, a1, 819
x11 <- 0x0000000033333333
mem[X,0x000000008000C440] -> 0x9593
mem[X,0x000000008000C442] -> 0x00B5
[1727] [M]: 0x000000008000C440 (0x00B59593) slli a1, a1, 11
x11 <- 0x0000019999999800
mem[X,0x000000008000C444] -> 0x8593
mem[X,0x000000008000C446] -> 0x1995
[1728] [M]: 0x000000008000C444 (0x19958593) addi a1, a1, 409
x11 <- 0x0000019999999999
mem[X,0x000000008000C448] -> 0x9593
mem[X,0x000000008000C44A] -> 0x00B5
[1729] [M]: 0x000000008000C448 (0x00B59593) slli a1, a1, 11
x11 <- 0x000CCCCCCCCCC800
mem[X,0x000000008000C44C] -> 0x8593
mem[X,0x000000008000C44E] -> 0x4CC5
[1730] [M]: 0x000000008000C44C (0x4CC58593) addi a1, a1, 1228
x11 <- 0x000CCCCCCCCCCCCC
mem[X,0x000000008000C450] -> 0x9593
mem[X,0x000000008000C452] -> 0x00A5
[1731] [M]: 0x000000008000C450 (0x00A59593) slli a1, a1, 10
x11 <- 0x3333333333333000
mem[X,0x000000008000C454] -> 0x8593
mem[X,0x000000008000C456] -> 0x3335
[1732] [M]: 0x000000008000C454 (0x33358593) addi a1, a1, 819
x11 <- 0x3333333333333333
mem[X,0x000000008000C458] -> 0x0113
mem[X,0x000000008000C45A] -> 0x0000
[1733] [M]: 0x000000008000C458 (0x00000113) addi sp, zero, 0
x2 <- 0x0000000000000000
mem[X,0x000000008000C45C] -> 0x006F
mem[X,0x000000008000C45E] -> 0x0050
[1734] [M]: 0x000000008000C45C (0x0050006F) jal zero, 2052
mem[X,0x000000008000CC60] -> 0x50E3
mem[X,0x000000008000CC62] -> 0x80B5
[1735] [M]: 0x000000008000CC60 (0x80B550E3) bge a0, a1, 6144
mem[X,0x000000008000CC64] -> 0x0113
mem[X,0x000000008000CC66] -> 0x0021
[1736] [M]: 0x000000008000CC64 (0x00210113) addi sp, sp, 2
x2 <- 0x0000000000000002
mem[X,0x000000008000CC68] -> 0x006F
mem[X,0x000000008000CC6A] -> 0x00C0
[1737] [M]: 0x000000008000CC68 (0x00C0006F) jal zero, 12
mem[X,0x000000008000CC74] -> 0xB423
mem[X,0x000000008000CC76] -> 0x3620
[1738] [M]: 0x000000008000CC74 (0x3620B423) sd sp, 872(ra)
mem[0x0000000080049538] <- 0x0000000000000002
mem[X,0x000000008000CC78] -> 0x0513
mem[X,0x000000008000CC7A] -> 0x0010
[1739] [M]: 0x000000008000CC78 (0x00100513) addi a0, zero, 1
x10 <- 0x0000000000000001
mem[X,0x000000008000CC7C] -> 0x1513
mem[X,0x000000008000CC7E] -> 0x00C5
[1740] [M]: 0x000000008000CC7C (0x00C51513) slli a0, a0, 12
x10 <- 0x0000000000001000
mem[X,0x000000008000CC80] -> 0x55B7
mem[X,0x000000008000CC82] -> 0x5555
[1741] [M]: 0x000000008000CC80 (0x555555B7) lui a1, 349525
x11 <- 0x0000000055555000
mem[X,0x000000008000CC84] -> 0x8593
mem[X,0x000000008000CC86] -> 0x5555
[1742] [M]: 0x000000008000CC84 (0x55558593) addi a1, a1, 1365
x11 <- 0x0000000055555555
mem[X,0x000000008000CC88] -> 0x9593
mem[X,0x000000008000CC8A] -> 0x00B5
[1743] [M]: 0x000000008000CC88 (0x00B59593) slli a1, a1, 11
x11 <- 0x000002AAAAAAA800
mem[X,0x000000008000CC8C] -> 0x8593
mem[X,0x000000008000CC8E] -> 0x2AA5
[1744] [M]: 0x000000008000CC8C (0x2AA58593) addi a1, a1, 682
x11 <- 0x000002AAAAAAAAAA
mem[X,0x000000008000CC90] -> 0x9593
mem[X,0x000000008000CC92] -> 0x00B5
[1745] [M]: 0x000000008000CC90 (0x00B59593) slli a1, a1, 11
x11 <- 0x0015555555555000
mem[X,0x000000008000CC94] -> 0x8593
mem[X,0x000000008000CC96] -> 0x5555
[1746] [M]: 0x000000008000CC94 (0x55558593) addi a1, a1, 1365
x11 <- 0x0015555555555555
mem[X,0x000000008000CC98] -> 0x9593
mem[X,0x000000008000CC9A] -> 0x00A5
[1747] [M]: 0x000000008000CC98 (0x00A59593) slli a1, a1, 10
x11 <- 0x5555555555555400
mem[X,0x000000008000CC9C] -> 0x8593
mem[X,0x000000008000CC9E] -> 0x1565
[1748] [M]: 0x000000008000CC9C (0x15658593) addi a1, a1, 342
x11 <- 0x5555555555555556
mem[X,0x000000008000CCA0] -> 0x0113
mem[X,0x000000008000CCA2] -> 0x0000
[1749] [M]: 0x000000008000CCA0 (0x00000113) addi sp, zero, 0
x2 <- 0x0000000000000000
mem[X,0x000000008000CCA4] -> 0x006F
mem[X,0x000000008000CCA6] -> 0x00C0
[1750] [M]: 0x000000008000CCA4 (0x00C0006F) jal zero, 12
mem[X,0x000000008000CCB0] -> 0x5663
mem[X,0x000000008000CCB2] -> 0x00B5
[1751] [M]: 0x000000008000CCB0 (0x00B55663) bge a0, a1, 12
mem[X,0x000000008000CCB4] -> 0x0113
mem[X,0x000000008000CCB6] -> 0x0021
[1752] [M]: 0x000000008000CCB4 (0x00210113) addi sp, sp, 2
x2 <- 0x0000000000000002
mem[X,0x000000008000CCB8] -> 0x006F
mem[X,0x000000008000CCBA] -> 0x00C0
[1753] [M]: 0x000000008000CCB8 (0x00C0006F) jal zero, 12
mem[X,0x000000008000CCC4] -> 0xB823
mem[X,0x000000008000CCC6] -> 0x3620
[1754] [M]: 0x000000008000CCC4 (0x3620B823) sd sp, 880(ra)
mem[0x0000000080049540] <- 0x0000000000000002
mem[X,0x000000008000CCC8] -> 0x0513
mem[X,0x000000008000CCCA] -> 0x0010
[1755] [M]: 0x000000008000CCC8 (0x00100513) addi a0, zero, 1
x10 <- 0x0000000000000001
mem[X,0x000000008000CCCC] -> 0x1513
mem[X,0x000000008000CCCE] -> 0x00E5
[1756] [M]: 0x000000008000CCCC (0x00E51513) slli a0, a0, 14
x10 <- 0x0000000000004000
mem[X,0x000000008000CCD0] -> 0x0593
mem[X,0x000000008000CCD2] -> 0x0010
[1757] [M]: 0x000000008000CCD0 (0x00100593) addi a1, zero, 1
x11 <- 0x0000000000000001
mem[X,0x000000008000CCD4] -> 0x9593
mem[X,0x000000008000CCD6] -> 0x0155
[1758] [M]: 0x000000008000CCD4 (0x01559593) slli a1, a1, 21
x11 <- 0x0000000000200000
mem[X,0x000000008000CCD8] -> 0xC593
mem[X,0x000000008000CCDA] -> 0xFFF5
[1759] [M]: 0x000000008000CCD8 (0xFFF5C593) xori a1, a1, 4095
x11 <- 0xFFFFFFFFFFDFFFFF
mem[X,0x000000008000CCDC] -> 0x0113
mem[X,0x000000008000CCDE] -> 0x0000
[1760] [M]: 0x000000008000CCDC (0x00000113) addi sp, zero, 0
x2 <- 0x0000000000000000
mem[X,0x000000008000CCE0] -> 0x006F
mem[X,0x000000008000CCE2] -> 0x0100
[1761] [M]: 0x000000008000CCE0 (0x0100006F) jal zero, 16
mem[X,0x000000008000CCF0] -> 0x5AE3
mem[X,0x000000008000CCF2] -> 0xFEB5
[1762] [M]: 0x000000008000CCF0 (0xFEB55AE3) bge a0, a1, 8180
mem[X,0x000000008000CCE4] -> 0x0113
mem[X,0x000000008000CCE6] -> 0x0011
[1763] [M]: 0x000000008000CCE4 (0x00110113) addi sp, sp, 1
x2 <- 0x0000000000000001
mem[X,0x000000008000CCE8] -> 0x006F
mem[X,0x000000008000CCEA] -> 0x01C0
[1764] [M]: 0x000000008000CCE8 (0x01C0006F) jal zero, 28
mem[X,0x000000008000CD04] -> 0xBC23
mem[X,0x000000008000CD06] -> 0x3620
[1765] [M]: 0x000000008000CD04 (0x3620BC23) sd sp, 888(ra)
mem[0x0000000080049548] <- 0x0000000000000001
mem[X,0x000000008000CD08] -> 0x0513
mem[X,0x000000008000CD0A] -> 0x0010
[1766] [M]: 0x000000008000CD08 (0x00100513) addi a0, zero, 1
x10 <- 0x0000000000000001
mem[X,0x000000008000CD0C] -> 0x1513
mem[X,0x000000008000CD0E] -> 0x00F5
[1767] [M]: 0x000000008000CD0C (0x00F51513) slli a0, a0, 15
x10 <- 0x0000000000008000
mem[X,0x000000008000CD10] -> 0x0593
mem[X,0x000000008000CD12] -> 0x0010
[1768] [M]: 0x000000008000CD10 (0x00100593) addi a1, zero, 1
x11 <- 0x0000000000000001
mem[X,0x000000008000CD14] -> 0x9593
mem[X,0x000000008000CD16] -> 0x0145
[1769] [M]: 0x000000008000CD14 (0x01459593) slli a1, a1, 20
x11 <- 0x0000000000100000
mem[X,0x000000008000CD18] -> 0x0113
mem[X,0x000000008000CD1A] -> 0x0000
[1770] [M]: 0x000000008000CD18 (0x00000113) addi sp, zero, 0
x2 <- 0x0000000000000000
mem[X,0x000000008000CD1C] -> 0x006F
mem[X,0x000000008000CD1E] -> 0x0100
[1771] [M]: 0x000000008000CD1C (0x0100006F) jal zero, 16
mem[X,0x000000008000CD2C] -> 0x5AE3
mem[X,0x000000008000CD2E] -> 0xFEB5
[1772] [M]: 0x000000008000CD2C (0xFEB55AE3) bge a0, a1, 8180
mem[X,0x000000008000CD30] -> 0x0113
mem[X,0x000000008000CD32] -> 0x0021
[1773] [M]: 0x000000008000CD30 (0x00210113) addi sp, sp, 2
x2 <- 0x0000000000000002
mem[X,0x000000008000CD34] -> 0x006F
mem[X,0x000000008000CD36] -> 0x00C0
[1774] [M]: 0x000000008000CD34 (0x00C0006F) jal zero, 12
mem[X,0x000000008000CD40] -> 0xB023
mem[X,0x000000008000CD42] -> 0x3820
[1775] [M]: 0x000000008000CD40 (0x3820B023) sd sp, 896(ra)
mem[0x0000000080049550] <- 0x0000000000000002
mem[X,0x000000008000CD44] -> 0x0513
mem[X,0x000000008000CD46] -> 0x0010
[1776] [M]: 0x000000008000CD44 (0x00100513) addi a0, zero, 1
x10 <- 0x0000000000000001
mem[X,0x000000008000CD48] -> 0x1513
mem[X,0x000000008000CD4A] -> 0x0145
[1777] [M]: 0x000000008000CD48 (0x01451513) slli a0, a0, 20
x10 <- 0x0000000000100000
mem[X,0x000000008000CD4C] -> 0x0593
mem[X,0x000000008000CD4E] -> 0x0010
[1778] [M]: 0x000000008000CD4C (0x00100593) addi a1, zero, 1
x11 <- 0x0000000000000001
mem[X,0x000000008000CD50] -> 0x9593
mem[X,0x000000008000CD52] -> 0x0185
[1779] [M]: 0x000000008000CD50 (0x01859593) slli a1, a1, 24
x11 <- 0x0000000001000000
mem[X,0x000000008000CD54] -> 0xC593
mem[X,0x000000008000CD56] -> 0xFFF5
[1780] [M]: 0x000000008000CD54 (0xFFF5C593) xori a1, a1, 4095
x11 <- 0xFFFFFFFFFEFFFFFF
mem[X,0x000000008000CD58] -> 0x0113
mem[X,0x000000008000CD5A] -> 0x0000
[1781] [M]: 0x000000008000CD58 (0x00000113) addi sp, zero, 0
x2 <- 0x0000000000000000
mem[X,0x000000008000CD5C] -> 0x006F
mem[X,0x000000008000CD5E] -> 0x00C0
[1782] [M]: 0x000000008000CD5C (0x00C0006F) jal zero, 12
mem[X,0x000000008000CD68] -> 0x5863
mem[X,0x000000008000CD6A] -> 0x00B5
[1783] [M]: 0x000000008000CD68 (0x00B55863) bge a0, a1, 16
mem[X,0x000000008000CD78] -> 0x0113
mem[X,0x000000008000CD7A] -> 0x0031
[1784] [M]: 0x000000008000CD78 (0x00310113) addi sp, sp, 3
x2 <- 0x0000000000000003
mem[X,0x000000008000CD7C] -> 0x006F
mem[X,0x000000008000CD7E] -> 0x0040
[1785] [M]: 0x000000008000CD7C (0x0040006F) jal zero, 4
mem[X,0x000000008000CD80] -> 0xB423
mem[X,0x000000008000CD82] -> 0x3820
[1786] [M]: 0x000000008000CD80 (0x3820B423) sd sp, 904(ra)
mem[0x0000000080049558] <- 0x0000000000000003
mem[X,0x000000008000CD84] -> 0x0513
mem[X,0x000000008000CD86] -> 0x0010
[1787] [M]: 0x000000008000CD84 (0x00100513) addi a0, zero, 1
x10 <- 0x0000000000000001
mem[X,0x000000008000CD88] -> 0x1513
mem[X,0x000000008000CD8A] -> 0x0175
[1788] [M]: 0x000000008000CD88 (0x01751513) slli a0, a0, 23
x10 <- 0x0000000000800000
mem[X,0x000000008000CD8C] -> 0x55B7
mem[X,0x000000008000CD8E] -> 0x5555
[1789] [M]: 0x000000008000CD8C (0x555555B7) lui a1, 349525
x11 <- 0x0000000055555000
mem[X,0x000000008000CD90] -> 0x8593
mem[X,0x000000008000CD92] -> 0x5555
[1790] [M]: 0x000000008000CD90 (0x55558593) addi a1, a1, 1365
x11 <- 0x0000000055555555
mem[X,0x000000008000CD94] -> 0x9593
mem[X,0x000000008000CD96] -> 0x00B5
[1791] [M]: 0x000000008000CD94 (0x00B59593) slli a1, a1, 11
x11 <- 0x000002AAAAAAA800
mem[X,0x000000008000CD98] -> 0x8593
mem[X,0x000000008000CD9A] -> 0x2AA5
[1792] [M]: 0x000000008000CD98 (0x2AA58593) addi a1, a1, 682
x11 <- 0x000002AAAAAAAAAA
mem[X,0x000000008000CD9C] -> 0x9593
mem[X,0x000000008000CD9E] -> 0x00B5
[1793] [M]: 0x000000008000CD9C (0x00B59593) slli a1, a1, 11
x11 <- 0x0015555555555000
mem[X,0x000000008000CDA0] -> 0x8593
mem[X,0x000000008000CDA2] -> 0x5555
[1794] [M]: 0x000000008000CDA0 (0x55558593) addi a1, a1, 1365
x11 <- 0x0015555555555555
mem[X,0x000000008000CDA4] -> 0x9593
mem[X,0x000000008000CDA6] -> 0x00A5
[1795] [M]: 0x000000008000CDA4 (0x00A59593) slli a1, a1, 10
x11 <- 0x5555555555555400
mem[X,0x000000008000CDA8] -> 0x8593
mem[X,0x000000008000CDAA] -> 0x1565
[1796] [M]: 0x000000008000CDA8 (0x15658593) addi a1, a1, 342
x11 <- 0x5555555555555556
mem[X,0x000000008000CDAC] -> 0x0113
mem[X,0x000000008000CDAE] -> 0x0000
[1797] [M]: 0x000000008000CDAC (0x00000113) addi sp, zero, 0
x2 <- 0x0000000000000000
mem[X,0x000000008000CDB0] -> 0x006F
mem[X,0x000000008000CDB2] -> 0x0180
[1798] [M]: 0x000000008000CDB0 (0x0180006F) jal zero, 24
mem[X,0x000000008000CDC8] -> 0x56E3
mem[X,0x000000008000CDCA] -> 0xFEB5
[1799] [M]: 0x000000008000CDC8 (0xFEB556E3) bge a0, a1, 8172
clint::tick mtime <- 0x0000000000000012
 clint timer pending at mtime 0x0000000000000012
htif::tick 0x0000000000000000
mem[X,0x000000008000CDCC] -> 0x0113
mem[X,0x000000008000CDCE] -> 0x0021
[1800] [M]: 0x000000008000CDCC (0x00210113) addi sp, sp, 2
x2 <- 0x0000000000000002
mem[X,0x000000008000CDD0] -> 0x006F
mem[X,0x000000008000CDD2] -> 0x00C0
[1801] [M]: 0x000000008000CDD0 (0x00C0006F) jal zero, 12
mem[X,0x000000008000CDDC] -> 0xB823
mem[X,0x000000008000CDDE] -> 0x3820
[1802] [M]: 0x000000008000CDDC (0x3820B823) sd sp, 912(ra)
mem[0x0000000080049560] <- 0x0000000000000002
mem[X,0x000000008000CDE0] -> 0x0513
mem[X,0x000000008000CDE2] -> 0x0010
[1803] [M]: 0x000000008000CDE0 (0x00100513) addi a0, zero, 1
x10 <- 0x0000000000000001
mem[X,0x000000008000CDE4] -> 0x1513
mem[X,0x000000008000CDE6] -> 0x0185
[1804] [M]: 0x000000008000CDE4 (0x01851513) slli a0, a0, 24
x10 <- 0x0000000001000000
mem[X,0x000000008000CDE8] -> 0x0593
mem[X,0x000000008000CDEA] -> 0x0010
[1805] [M]: 0x000000008000CDE8 (0x00100593) addi a1, zero, 1
x11 <- 0x0000000000000001
mem[X,0x000000008000CDEC] -> 0x9593
mem[X,0x000000008000CDEE] -> 0x0175
[1806] [M]: 0x000000008000CDEC (0x01759593) slli a1, a1, 23
x11 <- 0x0000000000800000
mem[X,0x000000008000CDF0] -> 0x0113
mem[X,0x000000008000CDF2] -> 0x0000
[1807] [M]: 0x000000008000CDF0 (0x00000113) addi sp, zero, 0
x2 <- 0x0000000000000000
mem[X,0x000000008000CDF4] -> 0x006F
mem[X,0x000000008000CDF6] -> 0x00C0
[1808] [M]: 0x000000008000CDF4 (0x00C0006F) jal zero, 12
mem[X,0x000000008000CE00] -> 0x5663
mem[X,0x000000008000CE02] -> 0x00B5
[1809] [M]: 0x000000008000CE00 (0x00B55663) bge a0, a1, 12
mem[X,0x000000008000CE0C] -> 0x0113
mem[X,0x000000008000CE0E] -> 0x0031
[1810] [M]: 0x000000008000CE0C (0x00310113) addi sp, sp, 3
x2 <- 0x0000000000000003
mem[X,0x000000008000CE10] -> 0x006F
mem[X,0x000000008000CE12] -> 0x0040
[1811] [M]: 0x000000008000CE10 (0x0040006F) jal zero, 4
mem[X,0x000000008000CE14] -> 0xBC23
mem[X,0x000000008000CE16] -> 0x3820
[1812] [M]: 0x000000008000CE14 (0x3820BC23) sd sp, 920(ra)
mem[0x0000000080049568] <- 0x0000000000000003
mem[X,0x000000008000CE18] -> 0x0513
mem[X,0x000000008000CE1A] -> 0x0010
[1813] [M]: 0x000000008000CE18 (0x00100513) addi a0, zero, 1
x10 <- 0x0000000000000001
mem[X,0x000000008000CE1C] -> 0x1513
mem[X,0x000000008000CE1E] -> 0x0195
[1814] [M]: 0x000000008000CE1C (0x01951513) slli a0, a0, 25
x10 <- 0x0000000002000000
mem[X,0x000000008000CE20] -> 0x0593
mem[X,0x000000008000CE22] -> 0xFFD0
[1815] [M]: 0x000000008000CE20 (0xFFD00593) addi a1, zero, 4093
x11 <- 0xFFFFFFFFFFFFFFFD
mem[X,0x000000008000CE24] -> 0x0113
mem[X,0x000000008000CE26] -> 0x0000
[1816] [M]: 0x000000008000CE24 (0x00000113) addi sp, zero, 0
x2 <- 0x0000000000000000
mem[X,0x000000008000CE28] -> 0x006F
mem[X,0x000000008000CE2A] -> 0x00C0
[1817] [M]: 0x000000008000CE28 (0x00C0006F) jal zero, 12
mem[X,0x000000008000CE34] -> 0x5063
mem[X,0x000000008000CE36] -> 0x02B5
[1818] [M]: 0x000000008000CE34 (0x02B55063) bge a0, a1, 32
mem[X,0x000000008000CE54] -> 0x0113
mem[X,0x000000008000CE56] -> 0x0031
[1819] [M]: 0x000000008000CE54 (0x00310113) addi sp, sp, 3
x2 <- 0x0000000000000003
mem[X,0x000000008000CE58] -> 0x006F
mem[X,0x000000008000CE5A] -> 0x0040
[1820] [M]: 0x000000008000CE58 (0x0040006F) jal zero, 4
mem[X,0x000000008000CE5C] -> 0xB023
mem[X,0x000000008000CE5E] -> 0x3A20
[1821] [M]: 0x000000008000CE5C (0x3A20B023) sd sp, 928(ra)
mem[0x0000000080049570] <- 0x0000000000000003
mem[X,0x000000008000CE60] -> 0x0513
mem[X,0x000000008000CE62] -> 0x0010
[1822] [M]: 0x000000008000CE60 (0x00100513) addi a0, zero, 1
x10 <- 0x0000000000000001
mem[X,0x000000008000CE64] -> 0x1513
mem[X,0x000000008000CE66] -> 0x01A5
[1823] [M]: 0x000000008000CE64 (0x01A51513) slli a0, a0, 26
x10 <- 0x0000000004000000
mem[X,0x000000008000CE68] -> 0x0593
mem[X,0x000000008000CE6A] -> 0xFFF0
[1824] [M]: 0x000000008000CE68 (0xFFF00593) addi a1, zero, 4095
x11 <- 0xFFFFFFFFFFFFFFFF
mem[X,0x000000008000CE6C] -> 0x9593
mem[X,0x000000008000CE6E] -> 0x03E5
[1825] [M]: 0x000000008000CE6C (0x03E59593) slli a1, a1, 62
x11 <- 0xC000000000000000
mem[X,0x000000008000CE70] -> 0x0113
mem[X,0x000000008000CE72] -> 0x0000
[1826] [M]: 0x000000008000CE70 (0x00000113) addi sp, zero, 0
x2 <- 0x0000000000000000
mem[X,0x000000008000CE74] -> 0x006F
mem[X,0x000000008000CE76] -> 0x0100
[1827] [M]: 0x000000008000CE74 (0x0100006F) jal zero, 16
mem[X,0x000000008000CE84] -> 0x5AE3
mem[X,0x000000008000CE86] -> 0xFEB5
[1828] [M]: 0x000000008000CE84 (0xFEB55AE3) bge a0, a1, 8180
mem[X,0x000000008000CE78] -> 0x0113
mem[X,0x000000008000CE7A] -> 0x0011
[1829] [M]: 0x000000008000CE78 (0x00110113) addi sp, sp, 1
x2 <- 0x0000000000000001
mem[X,0x000000008000CE7C] -> 0x006F
mem[X,0x000000008000CE7E] -> 0x01C0
[1830] [M]: 0x000000008000CE7C (0x01C0006F) jal zero, 28
mem[X,0x000000008000CE98] -> 0xB423
mem[X,0x000000008000CE9A] -> 0x3A20
[1831] [M]: 0x000000008000CE98 (0x3A20B423) sd sp, 936(ra)
mem[0x0000000080049578] <- 0x0000000000000001
mem[X,0x000000008000CE9C] -> 0x0513
mem[X,0x000000008000CE9E] -> 0x0010
[1832] [M]: 0x000000008000CE9C (0x00100513) addi a0, zero, 1
x10 <- 0x0000000000000001
mem[X,0x000000008000CEA0] -> 0x1513
mem[X,0x000000008000CEA2] -> 0x01E5
[1833] [M]: 0x000000008000CEA0 (0x01E51513) slli a0, a0, 30
x10 <- 0x0000000040000000
mem[X,0x000000008000CEA4] -> 0x35B7
mem[X,0x000000008000CEA6] -> 0x3333
[1834] [M]: 0x000000008000CEA4 (0x333335B7) lui a1, 209715
x11 <- 0x0000000033333000
mem[X,0x000000008000CEA8] -> 0x8593
mem[X,0x000000008000CEAA] -> 0x3335
[1835] [M]: 0x000000008000CEA8 (0x33358593) addi a1, a1, 819
x11 <- 0x0000000033333333
mem[X,0x000000008000CEAC] -> 0x9593
mem[X,0x000000008000CEAE] -> 0x00B5
[1836] [M]: 0x000000008000CEAC (0x00B59593) slli a1, a1, 11
x11 <- 0x0000019999999800
mem[X,0x000000008000CEB0] -> 0x8593
mem[X,0x000000008000CEB2] -> 0x1995
[1837] [M]: 0x000000008000CEB0 (0x19958593) addi a1, a1, 409
x11 <- 0x0000019999999999
mem[X,0x000000008000CEB4] -> 0x9593
mem[X,0x000000008000CEB6] -> 0x00B5
[1838] [M]: 0x000000008000CEB4 (0x00B59593) slli a1, a1, 11
x11 <- 0x000CCCCCCCCCC800
mem[X,0x000000008000CEB8] -> 0x8593
mem[X,0x000000008000CEBA] -> 0x4CC5
[1839] [M]: 0x000000008000CEB8 (0x4CC58593) addi a1, a1, 1228
x11 <- 0x000CCCCCCCCCCCCC
mem[X,0x000000008000CEBC] -> 0x9593
mem[X,0x000000008000CEBE] -> 0x00A5
[1840] [M]: 0x000000008000CEBC (0x00A59593) slli a1, a1, 10
x11 <- 0x3333333333333000
mem[X,0x000000008000CEC0] -> 0x8593
mem[X,0x000000008000CEC2] -> 0x3325
[1841] [M]: 0x000000008000CEC0 (0x33258593) addi a1, a1, 818
x11 <- 0x3333333333333332
mem[X,0x000000008000CEC4] -> 0x0113
mem[X,0x000000008000CEC6] -> 0x0000
[1842] [M]: 0x000000008000CEC4 (0x00000113) addi sp, zero, 0
x2 <- 0x0000000000000000
mem[X,0x000000008000CEC8] -> 0x006F
mem[X,0x000000008000CECA] -> 0x00C0
[1843] [M]: 0x000000008000CEC8 (0x00C0006F) jal zero, 12
mem[X,0x000000008000CED4] -> 0x5863
mem[X,0x000000008000CED6] -> 0x00B5
[1844] [M]: 0x000000008000CED4 (0x00B55863) bge a0, a1, 16
mem[X,0x000000008000CED8] -> 0x0113
mem[X,0x000000008000CEDA] -> 0x0021
[1845] [M]: 0x000000008000CED8 (0x00210113) addi sp, sp, 2
x2 <- 0x0000000000000002
mem[X,0x000000008000CEDC] -> 0x006F
mem[X,0x000000008000CEDE] -> 0x0100
[1846] [M]: 0x000000008000CEDC (0x0100006F) jal zero, 16
mem[X,0x000000008000CEEC] -> 0xB823
mem[X,0x000000008000CEEE] -> 0x3A20
[1847] [M]: 0x000000008000CEEC (0x3A20B823) sd sp, 944(ra)
mem[0x0000000080049580] <- 0x0000000000000002
mem[X,0x000000008000CEF0] -> 0x0513
mem[X,0x000000008000CEF2] -> 0x0010
[1848] [M]: 0x000000008000CEF0 (0x00100513) addi a0, zero, 1
x10 <- 0x0000000000000001
mem[X,0x000000008000CEF4] -> 0x1513
mem[X,0x000000008000CEF6] -> 0x01F5
[1849] [M]: 0x000000008000CEF4 (0x01F51513) slli a0, a0, 31
x10 <- 0x0000000080000000
mem[X,0x000000008000CEF8] -> 0x0593
mem[X,0x000000008000CEFA] -> 0x0010
[1850] [M]: 0x000000008000CEF8 (0x00100593) addi a1, zero, 1
x11 <- 0x0000000000000001
mem[X,0x000000008000CEFC] -> 0x9593
mem[X,0x000000008000CEFE] -> 0x01A5
[1851] [M]: 0x000000008000CEFC (0x01A59593) slli a1, a1, 26
x11 <- 0x0000000004000000
mem[X,0x000000008000CF00] -> 0xC593
mem[X,0x000000008000CF02] -> 0xFFF5
[1852] [M]: 0x000000008000CF00 (0xFFF5C593) xori a1, a1, 4095
x11 <- 0xFFFFFFFFFBFFFFFF
mem[X,0x000000008000CF04] -> 0x0113
mem[X,0x000000008000CF06] -> 0x0000
[1853] [M]: 0x000000008000CF04 (0x00000113) addi sp, zero, 0
x2 <- 0x0000000000000000
mem[X,0x000000008000CF08] -> 0x006F
mem[X,0x000000008000CF0A] -> 0x00C0
[1854] [M]: 0x000000008000CF08 (0x00C0006F) jal zero, 12
mem[X,0x000000008000CF14] -> 0x5663
mem[X,0x000000008000CF16] -> 0x00B5
[1855] [M]: 0x000000008000CF14 (0x00B55663) bge a0, a1, 12
mem[X,0x000000008000CF20] -> 0x0113
mem[X,0x000000008000CF22] -> 0x0031
[1856] [M]: 0x000000008000CF20 (0x00310113) addi sp, sp, 3
x2 <- 0x0000000000000003
mem[X,0x000000008000CF24] -> 0x006F
mem[X,0x000000008000CF26] -> 0x0040
[1857] [M]: 0x000000008000CF24 (0x0040006F) jal zero, 4
mem[X,0x000000008000CF28] -> 0xBC23
mem[X,0x000000008000CF2A] -> 0x3A20
[1858] [M]: 0x000000008000CF28 (0x3A20BC23) sd sp, 952(ra)
mem[0x0000000080049588] <- 0x0000000000000003
mem[X,0x000000008000CF2C] -> 0x0513
mem[X,0x000000008000CF2E] -> 0x0010
[1859] [M]: 0x000000008000CF2C (0x00100513) addi a0, zero, 1
x10 <- 0x0000000000000001
mem[X,0x000000008000CF30] -> 0x1513
mem[X,0x000000008000CF32] -> 0x0215
[1860] [M]: 0x000000008000CF30 (0x02151513) slli a0, a0, 33
x10 <- 0x0000000200000000
mem[X,0x000000008000CF34] -> 0x0593
mem[X,0x000000008000CF36] -> 0x0010
[1861] [M]: 0x000000008000CF34 (0x00100593) addi a1, zero, 1
x11 <- 0x0000000000000001
mem[X,0x000000008000CF38] -> 0x9593
mem[X,0x000000008000CF3A] -> 0x00C5
[1862] [M]: 0x000000008000CF38 (0x00C59593) slli a1, a1, 12
x11 <- 0x0000000000001000
mem[X,0x000000008000CF3C] -> 0xC593
mem[X,0x000000008000CF3E] -> 0xFFF5
[1863] [M]: 0x000000008000CF3C (0xFFF5C593) xori a1, a1, 4095
x11 <- 0xFFFFFFFFFFFFEFFF
mem[X,0x000000008000CF40] -> 0x0113
mem[X,0x000000008000CF42] -> 0x0000
[1864] [M]: 0x000000008000CF40 (0x00000113) addi sp, zero, 0
x2 <- 0x0000000000000000
mem[X,0x000000008000CF44] -> 0x006F
mem[X,0x000000008000CF46] -> 0x00C0
[1865] [M]: 0x000000008000CF44 (0x00C0006F) jal zero, 12
mem[X,0x000000008000CF50] -> 0x5CE3
mem[X,0x000000008000CF52] -> 0xFEB5
[1866] [M]: 0x000000008000CF50 (0xFEB55CE3) bge a0, a1, 8184
mem[X,0x000000008000CF48] -> 0x0113
mem[X,0x000000008000CF4A] -> 0x0011
[1867] [M]: 0x000000008000CF48 (0x00110113) addi sp, sp, 1
x2 <- 0x0000000000000001
mem[X,0x000000008000CF4C] -> 0x006F
mem[X,0x000000008000CF4E] -> 0x0180
[1868] [M]: 0x000000008000CF4C (0x0180006F) jal zero, 24
mem[X,0x000000008000CF64] -> 0xB023
mem[X,0x000000008000CF66] -> 0x3C20
[1869] [M]: 0x000000008000CF64 (0x3C20B023) sd sp, 960(ra)
mem[0x0000000080049590] <- 0x0000000000000001
mem[X,0x000000008000CF68] -> 0x0513
mem[X,0x000000008000CF6A] -> 0x0010
[1870] [M]: 0x000000008000CF68 (0x00100513) addi a0, zero, 1
x10 <- 0x0000000000000001
mem[X,0x000000008000CF6C] -> 0x1513
mem[X,0x000000008000CF6E] -> 0x0235
[1871] [M]: 0x000000008000CF6C (0x02351513) slli a0, a0, 35
x10 <- 0x0000000800000000
mem[X,0x000000008000CF70] -> 0x0593
mem[X,0x000000008000CF72] -> 0x0010
[1872] [M]: 0x000000008000CF70 (0x00100593) addi a1, zero, 1
x11 <- 0x0000000000000001
mem[X,0x000000008000CF74] -> 0x9593
mem[X,0x000000008000CF76] -> 0x02B5
[1873] [M]: 0x000000008000CF74 (0x02B59593) slli a1, a1, 43
x11 <- 0x0000080000000000
mem[X,0x000000008000CF78] -> 0x0113
mem[X,0x000000008000CF7A] -> 0x0000
[1874] [M]: 0x000000008000CF78 (0x00000113) addi sp, zero, 0
x2 <- 0x0000000000000000
mem[X,0x000000008000CF7C] -> 0x006F
mem[X,0x000000008000CF7E] -> 0x00C0
[1875] [M]: 0x000000008000CF7C (0x00C0006F) jal zero, 12
mem[X,0x000000008000CF88] -> 0x5663
mem[X,0x000000008000CF8A] -> 0x00B5
[1876] [M]: 0x000000008000CF88 (0x00B55663) bge a0, a1, 12
mem[X,0x000000008000CF8C] -> 0x0113
mem[X,0x000000008000CF8E] -> 0x0021
[1877] [M]: 0x000000008000CF8C (0x00210113) addi sp, sp, 2
x2 <- 0x0000000000000002
mem[X,0x000000008000CF90] -> 0x006F
mem[X,0x000000008000CF92] -> 0x00C0
[1878] [M]: 0x000000008000CF90 (0x00C0006F) jal zero, 12
mem[X,0x000000008000CF9C] -> 0xB423
mem[X,0x000000008000CF9E] -> 0x3C20
[1879] [M]: 0x000000008000CF9C (0x3C20B423) sd sp, 968(ra)
mem[0x0000000080049598] <- 0x0000000000000002
mem[X,0x000000008000CFA0] -> 0x0513
mem[X,0x000000008000CFA2] -> 0x0010
[1880] [M]: 0x000000008000CFA0 (0x00100513) addi a0, zero, 1
x10 <- 0x0000000000000001
mem[X,0x000000008000CFA4] -> 0x1513
mem[X,0x000000008000CFA6] -> 0x0255
[1881] [M]: 0x000000008000CFA4 (0x02551513) slli a0, a0, 37
x10 <- 0x0000002000000000
mem[X,0x000000008000CFA8] -> 0x0593
mem[X,0x000000008000CFAA] -> 0x0010
[1882] [M]: 0x000000008000CFA8 (0x00100593) addi a1, zero, 1
x11 <- 0x0000000000000001
mem[X,0x000000008000CFAC] -> 0x9593
mem[X,0x000000008000CFAE] -> 0x01D5
[1883] [M]: 0x000000008000CFAC (0x01D59593) slli a1, a1, 29
x11 <- 0x0000000020000000
mem[X,0x000000008000CFB0] -> 0x0113
mem[X,0x000000008000CFB2] -> 0x0000
[1884] [M]: 0x000000008000CFB0 (0x00000113) addi sp, zero, 0
x2 <- 0x0000000000000000
mem[X,0x000000008000CFB4] -> 0x006F
mem[X,0x000000008000CFB6] -> 0x00C0
[1885] [M]: 0x000000008000CFB4 (0x00C0006F) jal zero, 12
mem[X,0x000000008000CFC0] -> 0x5063
mem[X,0x000000008000CFC2] -> 0x40B5
[1886] [M]: 0x000000008000CFC0 (0x40B55063) bge a0, a1, 1024
mem[X,0x000000008000D3C0] -> 0x0113
mem[X,0x000000008000D3C2] -> 0x0031
[1887] [M]: 0x000000008000D3C0 (0x00310113) addi sp, sp, 3
x2 <- 0x0000000000000003
mem[X,0x000000008000D3C4] -> 0x006F
mem[X,0x000000008000D3C6] -> 0x0040
[1888] [M]: 0x000000008000D3C4 (0x0040006F) jal zero, 4
mem[X,0x000000008000D3C8] -> 0xB823
mem[X,0x000000008000D3CA] -> 0x3C20
[1889] [M]: 0x000000008000D3C8 (0x3C20B823) sd sp, 976(ra)
mem[0x00000000800495A0] <- 0x0000000000000003
mem[X,0x000000008000D3CC] -> 0x0513
mem[X,0x000000008000D3CE] -> 0x0010
[1890] [M]: 0x000000008000D3CC (0x00100513) addi a0, zero, 1
x10 <- 0x0000000000000001
mem[X,0x000000008000D3D0] -> 0x1513
mem[X,0x000000008000D3D2] -> 0x0275
[1891] [M]: 0x000000008000D3D0 (0x02751513) slli a0, a0, 39
x10 <- 0x0000008000000000
mem[X,0x000000008000D3D4] -> 0x0593
mem[X,0x000000008000D3D6] -> 0xFDF0
[1892] [M]: 0x000000008000D3D4 (0xFDF00593) addi a1, zero, 4063
x11 <- 0xFFFFFFFFFFFFFFDF
mem[X,0x000000008000D3D8] -> 0x0113
mem[X,0x000000008000D3DA] -> 0x0000
[1893] [M]: 0x000000008000D3D8 (0x00000113) addi sp, zero, 0
x2 <- 0x0000000000000000
mem[X,0x000000008000D3DC] -> 0x006F
mem[X,0x000000008000D3DE] -> 0x00C0
[1894] [M]: 0x000000008000D3DC (0x00C0006F) jal zero, 12
mem[X,0x000000008000D3E8] -> 0x5663
mem[X,0x000000008000D3EA] -> 0x00B5
[1895] [M]: 0x000000008000D3E8 (0x00B55663) bge a0, a1, 12
mem[X,0x000000008000D3F4] -> 0x0113
mem[X,0x000000008000D3F6] -> 0x0031
[1896] [M]: 0x000000008000D3F4 (0x00310113) addi sp, sp, 3
x2 <- 0x0000000000000003
mem[X,0x000000008000D3F8] -> 0x006F
mem[X,0x000000008000D3FA] -> 0x0040
[1897] [M]: 0x000000008000D3F8 (0x0040006F) jal zero, 4
mem[X,0x000000008000D3FC] -> 0xBC23
mem[X,0x000000008000D3FE] -> 0x3C20
[1898] [M]: 0x000000008000D3FC (0x3C20BC23) sd sp, 984(ra)
mem[0x00000000800495A8] <- 0x0000000000000003
mem[X,0x000000008000D400] -> 0x0513
mem[X,0x000000008000D402] -> 0x0010
[1899] [M]: 0x000000008000D400 (0x00100513) addi a0, zero, 1
x10 <- 0x0000000000000001
clint::tick mtime <- 0x0000000000000013
 clint timer pending at mtime 0x0000000000000013
htif::tick 0x0000000000000000
mem[X,0x000000008000D404] -> 0x1513
mem[X,0x000000008000D406] -> 0x0295
[1900] [M]: 0x000000008000D404 (0x02951513) slli a0, a0, 41
x10 <- 0x0000020000000000
mem[X,0x000000008000D408] -> 0x0593
mem[X,0x000000008000D40A] -> 0x0010
[1901] [M]: 0x000000008000D408 (0x00100593) addi a1, zero, 1
x11 <- 0x0000000000000001
mem[X,0x000000008000D40C] -> 0x9593
mem[X,0x000000008000D40E] -> 0x0395
[1902] [M]: 0x000000008000D40C (0x03959593) slli a1, a1, 57
x11 <- 0x0200000000000000
mem[X,0x000000008000D410] -> 0x0113
mem[X,0x000000008000D412] -> 0x0000
[1903] [M]: 0x000000008000D410 (0x00000113) addi sp, zero, 0
x2 <- 0x0000000000000000
mem[X,0x000000008000D414] -> 0x006F
mem[X,0x000000008000D416] -> 0x00C0
[1904] [M]: 0x000000008000D414 (0x00C0006F) jal zero, 12
mem[X,0x000000008000D420] -> 0x5063
mem[X,0x000000008000D422] -> 0x04B5
[1905] [M]: 0x000000008000D420 (0x04B55063) bge a0, a1, 64
mem[X,0x000000008000D424] -> 0x0113
mem[X,0x000000008000D426] -> 0x0021
[1906] [M]: 0x000000008000D424 (0x00210113) addi sp, sp, 2
x2 <- 0x0000000000000002
mem[X,0x000000008000D428] -> 0x006F
mem[X,0x000000008000D42A] -> 0x0400
[1907] [M]: 0x000000008000D428 (0x0400006F) jal zero, 64
mem[X,0x000000008000D468] -> 0xB023
mem[X,0x000000008000D46A] -> 0x3E20
[1908] [M]: 0x000000008000D468 (0x3E20B023) sd sp, 992(ra)
mem[0x00000000800495B0] <- 0x0000000000000002
mem[X,0x000000008000D46C] -> 0x0513
mem[X,0x000000008000D46E] -> 0x0010
[1909] [M]: 0x000000008000D46C (0x00100513) addi a0, zero, 1
x10 <- 0x0000000000000001
mem[X,0x000000008000D470] -> 0x1513
mem[X,0x000000008000D472] -> 0x02D5
[1910] [M]: 0x000000008000D470 (0x02D51513) slli a0, a0, 45
x10 <- 0x0000200000000000
mem[X,0x000000008000D474] -> 0x0593
mem[X,0x000000008000D476] -> 0x0010
[1911] [M]: 0x000000008000D474 (0x00100593) addi a1, zero, 1
x11 <- 0x0000000000000001
mem[X,0x000000008000D478] -> 0x9593
mem[X,0x000000008000D47A] -> 0x0265
[1912] [M]: 0x000000008000D478 (0x02659593) slli a1, a1, 38
x11 <- 0x0000004000000000
mem[X,0x000000008000D47C] -> 0x0113
mem[X,0x000000008000D47E] -> 0x0000
[1913] [M]: 0x000000008000D47C (0x00000113) addi sp, zero, 0
x2 <- 0x0000000000000000
mem[X,0x000000008000D480] -> 0x006F
mem[X,0x000000008000D482] -> 0x2B10
[1914] [M]: 0x000000008000D480 (0x2B10006F) jal zero, 2736
mem[X,0x000000008000DF30] -> 0x5A63
mem[X,0x000000008000DF32] -> 0xD4B5
[1915] [M]: 0x000000008000DF30 (0xD4B55A63) bge a0, a1, 5460
mem[X,0x000000008000D484] -> 0x0113
mem[X,0x000000008000D486] -> 0x0011
[1916] [M]: 0x000000008000D484 (0x00110113) addi sp, sp, 1
x2 <- 0x0000000000000001
mem[X,0x000000008000D488] -> 0x006F
mem[X,0x000000008000D48A] -> 0x2BD0
[1917] [M]: 0x000000008000D488 (0x2BD0006F) jal zero, 2748
mem[X,0x000000008000DF44] -> 0xB423
mem[X,0x000000008000DF46] -> 0x3E20
[1918] [M]: 0x000000008000DF44 (0x3E20B423) sd sp, 1000(ra)
mem[0x00000000800495B8] <- 0x0000000000000001
mem[X,0x000000008000DF48] -> 0x0513
mem[X,0x000000008000DF4A] -> 0x0010
[1919] [M]: 0x000000008000DF48 (0x00100513) addi a0, zero, 1
x10 <- 0x0000000000000001
mem[X,0x000000008000DF4C] -> 0x1513
mem[X,0x000000008000DF4E] -> 0x0305
[1920] [M]: 0x000000008000DF4C (0x03051513) slli a0, a0, 48
x10 <- 0x0001000000000000
mem[X,0x000000008000DF50] -> 0x0593
mem[X,0x000000008000DF52] -> 0x0010
[1921] [M]: 0x000000008000DF50 (0x00100593) addi a1, zero, 1
x11 <- 0x0000000000000001
mem[X,0x000000008000DF54] -> 0x9593
mem[X,0x000000008000DF56] -> 0x0145
[1922] [M]: 0x000000008000DF54 (0x01459593) slli a1, a1, 20
x11 <- 0x0000000000100000
mem[X,0x000000008000DF58] -> 0x0113
mem[X,0x000000008000DF5A] -> 0x0000
[1923] [M]: 0x000000008000DF58 (0x00000113) addi sp, zero, 0
x2 <- 0x0000000000000000
mem[X,0x000000008000DF5C] -> 0x006F
mem[X,0x000000008000DF5E] -> 0x2B10
[1924] [M]: 0x000000008000DF5C (0x2B10006F) jal zero, 2736
mem[X,0x000000008000EA0C] -> 0x5A63
mem[X,0x000000008000EA0E] -> 0xD4B5
[1925] [M]: 0x000000008000EA0C (0xD4B55A63) bge a0, a1, 5460
mem[X,0x000000008000DF60] -> 0x0113
mem[X,0x000000008000DF62] -> 0x0011
[1926] [M]: 0x000000008000DF60 (0x00110113) addi sp, sp, 1
x2 <- 0x0000000000000001
mem[X,0x000000008000DF64] -> 0x006F
mem[X,0x000000008000DF66] -> 0x2BD0
[1927] [M]: 0x000000008000DF64 (0x2BD0006F) jal zero, 2748
mem[X,0x000000008000EA20] -> 0xB823
mem[X,0x000000008000EA22] -> 0x3E20
[1928] [M]: 0x000000008000EA20 (0x3E20B823) sd sp, 1008(ra)
mem[0x00000000800495C0] <- 0x0000000000000001
mem[X,0x000000008000EA24] -> 0x0513
mem[X,0x000000008000EA26] -> 0x0010
[1929] [M]: 0x000000008000EA24 (0x00100513) addi a0, zero, 1
x10 <- 0x0000000000000001
mem[X,0x000000008000EA28] -> 0x1513
mem[X,0x000000008000EA2A] -> 0x0315
[1930] [M]: 0x000000008000EA28 (0x03151513) slli a0, a0, 49
x10 <- 0x0002000000000000
mem[X,0x000000008000EA2C] -> 0x0593
mem[X,0x000000008000EA2E] -> 0x0010
[1931] [M]: 0x000000008000EA2C (0x00100593) addi a1, zero, 1
x11 <- 0x0000000000000001
mem[X,0x000000008000EA30] -> 0x9593
mem[X,0x000000008000EA32] -> 0x01C5
[1932] [M]: 0x000000008000EA30 (0x01C59593) slli a1, a1, 28
x11 <- 0x0000000010000000
mem[X,0x000000008000EA34] -> 0x0113
mem[X,0x000000008000EA36] -> 0x0000
[1933] [M]: 0x000000008000EA34 (0x00000113) addi sp, zero, 0
x2 <- 0x0000000000000000
mem[X,0x000000008000EA38] -> 0x006F
mem[X,0x000000008000EA3A] -> 0x00C0
[1934] [M]: 0x000000008000EA38 (0x00C0006F) jal zero, 12
mem[X,0x000000008000EA44] -> 0x5063
mem[X,0x000000008000EA46] -> 0x40B5
[1935] [M]: 0x000000008000EA44 (0x40B55063) bge a0, a1, 1024
mem[X,0x000000008000EE44] -> 0x0113
mem[X,0x000000008000EE46] -> 0x0031
[1936] [M]: 0x000000008000EE44 (0x00310113) addi sp, sp, 3
x2 <- 0x0000000000000003
mem[X,0x000000008000EE48] -> 0x006F
mem[X,0x000000008000EE4A] -> 0x0040
[1937] [M]: 0x000000008000EE48 (0x0040006F) jal zero, 4
mem[X,0x000000008000EE4C] -> 0xBC23
mem[X,0x000000008000EE4E] -> 0x3E20
[1938] [M]: 0x000000008000EE4C (0x3E20BC23) sd sp, 1016(ra)
mem[0x00000000800495C8] <- 0x0000000000000003
mem[X,0x000000008000EE50] -> 0x0513
mem[X,0x000000008000EE52] -> 0x0010
[1939] [M]: 0x000000008000EE50 (0x00100513) addi a0, zero, 1
x10 <- 0x0000000000000001
mem[X,0x000000008000EE54] -> 0x1513
mem[X,0x000000008000EE56] -> 0x0335
[1940] [M]: 0x000000008000EE54 (0x03351513) slli a0, a0, 51
x10 <- 0x0008000000000000
mem[X,0x000000008000EE58] -> 0x65B7
mem[X,0x000000008000EE5A] -> 0x6666
[1941] [M]: 0x000000008000EE58 (0x666665B7) lui a1, 419430
x11 <- 0x0000000066666000
mem[X,0x000000008000EE5C] -> 0x8593
mem[X,0x000000008000EE5E] -> 0x6665
[1942] [M]: 0x000000008000EE5C (0x66658593) addi a1, a1, 1638
x11 <- 0x0000000066666666
mem[X,0x000000008000EE60] -> 0x9593
mem[X,0x000000008000EE62] -> 0x00B5
[1943] [M]: 0x000000008000EE60 (0x00B59593) slli a1, a1, 11
x11 <- 0x0000033333333000
mem[X,0x000000008000EE64] -> 0x8593
mem[X,0x000000008000EE66] -> 0x3335
[1944] [M]: 0x000000008000EE64 (0x33358593) addi a1, a1, 819
x11 <- 0x0000033333333333
mem[X,0x000000008000EE68] -> 0x9593
mem[X,0x000000008000EE6A] -> 0x00B5
[1945] [M]: 0x000000008000EE68 (0x00B59593) slli a1, a1, 11
x11 <- 0x0019999999999800
mem[X,0x000000008000EE6C] -> 0x8593
mem[X,0x000000008000EE6E] -> 0x1995
[1946] [M]: 0x000000008000EE6C (0x19958593) addi a1, a1, 409
x11 <- 0x0019999999999999
mem[X,0x000000008000EE70] -> 0x9593
mem[X,0x000000008000EE72] -> 0x00A5
[1947] [M]: 0x000000008000EE70 (0x00A59593) slli a1, a1, 10
x11 <- 0x6666666666666400
mem[X,0x000000008000EE74] -> 0x8593
mem[X,0x000000008000EE76] -> 0x2655
[1948] [M]: 0x000000008000EE74 (0x26558593) addi a1, a1, 613
x11 <- 0x6666666666666665
mem[X,0x000000008000EE78] -> 0x0113
mem[X,0x000000008000EE7A] -> 0x0000
[1949] [M]: 0x000000008000EE78 (0x00000113) addi sp, zero, 0
x2 <- 0x0000000000000000
mem[X,0x000000008000EE7C] -> 0x006F
mem[X,0x000000008000EE7E] -> 0x00C0
[1950] [M]: 0x000000008000EE7C (0x00C0006F) jal zero, 12
mem[X,0x000000008000EE88] -> 0x5CE3
mem[X,0x000000008000EE8A] -> 0xFEB5
[1951] [M]: 0x000000008000EE88 (0xFEB55CE3) bge a0, a1, 8184
mem[X,0x000000008000EE8C] -> 0x0113
mem[X,0x000000008000EE8E] -> 0x0021
[1952] [M]: 0x000000008000EE8C (0x00210113) addi sp, sp, 2
x2 <- 0x0000000000000002
mem[X,0x000000008000EE90] -> 0x006F
mem[X,0x000000008000EE92] -> 0x00C0
[1953] [M]: 0x000000008000EE90 (0x00C0006F) jal zero, 12
mem[X,0x000000008000EE9C] -> 0xB023
mem[X,0x000000008000EE9E] -> 0x4020
[1954] [M]: 0x000000008000EE9C (0x4020B023) sd sp, 1024(ra)
mem[0x00000000800495D0] <- 0x0000000000000002
mem[X,0x000000008000EEA0] -> 0x0513
mem[X,0x000000008000EEA2] -> 0x0010
[1955] [M]: 0x000000008000EEA0 (0x00100513) addi a0, zero, 1
x10 <- 0x0000000000000001
mem[X,0x000000008000EEA4] -> 0x1513
mem[X,0x000000008000EEA6] -> 0x0365
[1956] [M]: 0x000000008000EEA4 (0x03651513) slli a0, a0, 54
x10 <- 0x0040000000000000
mem[X,0x000000008000EEA8] -> 0x0593
mem[X,0x000000008000EEAA] -> 0xFFF0
[1957] [M]: 0x000000008000EEA8 (0xFFF00593) addi a1, zero, 4095
x11 <- 0xFFFFFFFFFFFFFFFF
mem[X,0x000000008000EEAC] -> 0xD593
mem[X,0x000000008000EEAE] -> 0x0015
[1958] [M]: 0x000000008000EEAC (0x0015D593) srli a1, a1, 1
x11 <- 0x7FFFFFFFFFFFFFFF
mem[X,0x000000008000EEB0] -> 0x0113
mem[X,0x000000008000EEB2] -> 0x0000
[1959] [M]: 0x000000008000EEB0 (0x00000113) addi sp, zero, 0
x2 <- 0x0000000000000000
mem[X,0x000000008000EEB4] -> 0x006F
mem[X,0x000000008000EEB6] -> 0x00C0
[1960] [M]: 0x000000008000EEB4 (0x00C0006F) jal zero, 12
mem[X,0x000000008000EEC0] -> 0x5063
mem[X,0x000000008000EEC2] -> 0x20B5
[1961] [M]: 0x000000008000EEC0 (0x20B55063) bge a0, a1, 512
mem[X,0x000000008000EEC4] -> 0x0113
mem[X,0x000000008000EEC6] -> 0x0021
[1962] [M]: 0x000000008000EEC4 (0x00210113) addi sp, sp, 2
x2 <- 0x0000000000000002
mem[X,0x000000008000EEC8] -> 0x006F
mem[X,0x000000008000EECA] -> 0x2000
[1963] [M]: 0x000000008000EEC8 (0x2000006F) jal zero, 512
mem[X,0x000000008000F0C8] -> 0xB423
mem[X,0x000000008000F0CA] -> 0x4020
[1964] [M]: 0x000000008000F0C8 (0x4020B423) sd sp, 1032(ra)
mem[0x00000000800495D8] <- 0x0000000000000002
mem[X,0x000000008000F0CC] -> 0x0513
mem[X,0x000000008000F0CE] -> 0x0010
[1965] [M]: 0x000000008000F0CC (0x00100513) addi a0, zero, 1
x10 <- 0x0000000000000001
mem[X,0x000000008000F0D0] -> 0x1513
mem[X,0x000000008000F0D2] -> 0x0375
[1966] [M]: 0x000000008000F0D0 (0x03751513) slli a0, a0, 55
x10 <- 0x0080000000000000
mem[X,0x000000008000F0D4] -> 0x35B7
mem[X,0x000000008000F0D6] -> 0x3333
[1967] [M]: 0x000000008000F0D4 (0x333335B7) lui a1, 209715
x11 <- 0x0000000033333000
mem[X,0x000000008000F0D8] -> 0x8593
mem[X,0x000000008000F0DA] -> 0x3335
[1968] [M]: 0x000000008000F0D8 (0x33358593) addi a1, a1, 819
x11 <- 0x0000000033333333
mem[X,0x000000008000F0DC] -> 0x9593
mem[X,0x000000008000F0DE] -> 0x00B5
[1969] [M]: 0x000000008000F0DC (0x00B59593) slli a1, a1, 11
x11 <- 0x0000019999999800
mem[X,0x000000008000F0E0] -> 0x8593
mem[X,0x000000008000F0E2] -> 0x1995
[1970] [M]: 0x000000008000F0E0 (0x19958593) addi a1, a1, 409
x11 <- 0x0000019999999999
mem[X,0x000000008000F0E4] -> 0x9593
mem[X,0x000000008000F0E6] -> 0x00B5
[1971] [M]: 0x000000008000F0E4 (0x00B59593) slli a1, a1, 11
x11 <- 0x000CCCCCCCCCC800
mem[X,0x000000008000F0E8] -> 0x8593
mem[X,0x000000008000F0EA] -> 0x4CC5
[1972] [M]: 0x000000008000F0E8 (0x4CC58593) addi a1, a1, 1228
x11 <- 0x000CCCCCCCCCCCCC
mem[X,0x000000008000F0EC] -> 0x9593
mem[X,0x000000008000F0EE] -> 0x00A5
[1973] [M]: 0x000000008000F0EC (0x00A59593) slli a1, a1, 10
x11 <- 0x3333333333333000
mem[X,0x000000008000F0F0] -> 0x8593
mem[X,0x000000008000F0F2] -> 0x3345
[1974] [M]: 0x000000008000F0F0 (0x33458593) addi a1, a1, 820
x11 <- 0x3333333333333334
mem[X,0x000000008000F0F4] -> 0x0113
mem[X,0x000000008000F0F6] -> 0x0000
[1975] [M]: 0x000000008000F0F4 (0x00000113) addi sp, zero, 0
x2 <- 0x0000000000000000
mem[X,0x000000008000F0F8] -> 0x006F
mem[X,0x000000008000F0FA] -> 0x00C0
[1976] [M]: 0x000000008000F0F8 (0x00C0006F) jal zero, 12
mem[X,0x000000008000F104] -> 0x5063
mem[X,0x000000008000F106] -> 0x20B5
[1977] [M]: 0x000000008000F104 (0x20B55063) bge a0, a1, 512
mem[X,0x000000008000F108] -> 0x0113
mem[X,0x000000008000F10A] -> 0x0021
[1978] [M]: 0x000000008000F108 (0x00210113) addi sp, sp, 2
x2 <- 0x0000000000000002
mem[X,0x000000008000F10C] -> 0x006F
mem[X,0x000000008000F10E] -> 0x2000
[1979] [M]: 0x000000008000F10C (0x2000006F) jal zero, 512
mem[X,0x000000008000F30C] -> 0xB823
mem[X,0x000000008000F30E] -> 0x4020
[1980] [M]: 0x000000008000F30C (0x4020B823) sd sp, 1040(ra)
mem[0x00000000800495E0] <- 0x0000000000000002
mem[X,0x000000008000F310] -> 0x0513
mem[X,0x000000008000F312] -> 0x0010
[1981] [M]: 0x000000008000F310 (0x00100513) addi a0, zero, 1
x10 <- 0x0000000000000001
mem[X,0x000000008000F314] -> 0x1513
mem[X,0x000000008000F316] -> 0x03B5
[1982] [M]: 0x000000008000F314 (0x03B51513) slli a0, a0, 59
x10 <- 0x0800000000000000
mem[X,0x000000008000F318] -> 0x0593
mem[X,0x000000008000F31A] -> 0x0040
[1983] [M]: 0x000000008000F318 (0x00400593) addi a1, zero, 4
x11 <- 0x0000000000000004
mem[X,0x000000008000F31C] -> 0x0113
mem[X,0x000000008000F31E] -> 0x0000
[1984] [M]: 0x000000008000F31C (0x00000113) addi sp, zero, 0
x2 <- 0x0000000000000000
mem[X,0x000000008000F320] -> 0x006F
mem[X,0x000000008000F322] -> 0x00C0
[1985] [M]: 0x000000008000F320 (0x00C0006F) jal zero, 12
mem[X,0x000000008000F32C] -> 0x5663
mem[X,0x000000008000F32E] -> 0x00B5
[1986] [M]: 0x000000008000F32C (0x00B55663) bge a0, a1, 12
mem[X,0x000000008000F338] -> 0x0113
mem[X,0x000000008000F33A] -> 0x0031
[1987] [M]: 0x000000008000F338 (0x00310113) addi sp, sp, 3
x2 <- 0x0000000000000003
mem[X,0x000000008000F33C] -> 0x006F
mem[X,0x000000008000F33E] -> 0x0040
[1988] [M]: 0x000000008000F33C (0x0040006F) jal zero, 4
mem[X,0x000000008000F340] -> 0xBC23
mem[X,0x000000008000F342] -> 0x4020
[1989] [M]: 0x000000008000F340 (0x4020BC23) sd sp, 1048(ra)
mem[0x00000000800495E8] <- 0x0000000000000003
mem[X,0x000000008000F344] -> 0x0513
mem[X,0x000000008000F346] -> 0x0010
[1990] [M]: 0x000000008000F344 (0x00100513) addi a0, zero, 1
x10 <- 0x0000000000000001
mem[X,0x000000008000F348] -> 0x1513
mem[X,0x000000008000F34A] -> 0x03D5
[1991] [M]: 0x000000008000F348 (0x03D51513) slli a0, a0, 61
x10 <- 0x2000000000000000
mem[X,0x000000008000F34C] -> 0x0593
mem[X,0x000000008000F34E] -> 0xEFF0
[1992] [M]: 0x000000008000F34C (0xEFF00593) addi a1, zero, 3839
x11 <- 0xFFFFFFFFFFFFFEFF
mem[X,0x000000008000F350] -> 0x0113
mem[X,0x000000008000F352] -> 0x0000
[1993] [M]: 0x000000008000F350 (0x00000113) addi sp, zero, 0
x2 <- 0x0000000000000000
mem[X,0x000000008000F354] -> 0x006F
mem[X,0x000000008000F356] -> 0x00C0
[1994] [M]: 0x000000008000F354 (0x00C0006F) jal zero, 12
mem[X,0x000000008000F360] -> 0x5063
mem[X,0x000000008000F362] -> 0x40B5
[1995] [M]: 0x000000008000F360 (0x40B55063) bge a0, a1, 1024
mem[X,0x000000008000F760] -> 0x0113
mem[X,0x000000008000F762] -> 0x0031
[1996] [M]: 0x000000008000F760 (0x00310113) addi sp, sp, 3
x2 <- 0x0000000000000003
mem[X,0x000000008000F764] -> 0x006F
mem[X,0x000000008000F766] -> 0x0040
[1997] [M]: 0x000000008000F764 (0x0040006F) jal zero, 4
mem[X,0x000000008000F768] -> 0xB023
mem[X,0x000000008000F76A] -> 0x4220
[1998] [M]: 0x000000008000F768 (0x4220B023) sd sp, 1056(ra)
mem[0x00000000800495F0] <- 0x0000000000000003
mem[X,0x000000008000F76C] -> 0x0513
mem[X,0x000000008000F76E] -> 0x0010
[1999] [M]: 0x000000008000F76C (0x00100513) addi a0, zero, 1
x10 <- 0x0000000000000001
clint::tick mtime <- 0x0000000000000014
 clint timer pending at mtime 0x0000000000000014
htif::tick 0x0000000000000000
mem[X,0x000000008000F770] -> 0x1513
mem[X,0x000000008000F772] -> 0x03E5
[2000] [M]: 0x000000008000F770 (0x03E51513) slli a0, a0, 62
x10 <- 0x4000000000000000
mem[X,0x000000008000F774] -> 0x0593
mem[X,0x000000008000F776] -> 0x0010
[2001] [M]: 0x000000008000F774 (0x00100593) addi a1, zero, 1
x11 <- 0x0000000000000001
mem[X,0x000000008000F778] -> 0x9593
mem[X,0x000000008000F77A] -> 0x0375
[2002] [M]: 0x000000008000F778 (0x03759593) slli a1, a1, 55
x11 <- 0x0080000000000000
mem[X,0x000000008000F77C] -> 0xC593
mem[X,0x000000008000F77E] -> 0xFFF5
[2003] [M]: 0x000000008000F77C (0xFFF5C593) xori a1, a1, 4095
x11 <- 0xFF7FFFFFFFFFFFFF
mem[X,0x000000008000F780] -> 0x0113
mem[X,0x000000008000F782] -> 0x0000
[2004] [M]: 0x000000008000F780 (0x00000113) addi sp, zero, 0
x2 <- 0x0000000000000000
mem[X,0x000000008000F784] -> 0x006F
mem[X,0x000000008000F786] -> 0x00C0
[2005] [M]: 0x000000008000F784 (0x00C0006F) jal zero, 12
mem[X,0x000000008000F790] -> 0x5663
mem[X,0x000000008000F792] -> 0x00B5
[2006] [M]: 0x000000008000F790 (0x00B55663) bge a0, a1, 12
mem[X,0x000000008000F79C] -> 0x0113
mem[X,0x000000008000F79E] -> 0x0031
[2007] [M]: 0x000000008000F79C (0x00310113) addi sp, sp, 3
x2 <- 0x0000000000000003
mem[X,0x000000008000F7A0] -> 0x006F
mem[X,0x000000008000F7A2] -> 0x0040
[2008] [M]: 0x000000008000F7A0 (0x0040006F) jal zero, 4
mem[X,0x000000008000F7A4] -> 0xB423
mem[X,0x000000008000F7A6] -> 0x4220
[2009] [M]: 0x000000008000F7A4 (0x4220B423) sd sp, 1064(ra)
mem[0x00000000800495F8] <- 0x0000000000000003
mem[X,0x000000008000F7A8] -> 0x0513
mem[X,0x000000008000F7AA] -> 0xFFF0
[2010] [M]: 0x000000008000F7A8 (0xFFF00513) addi a0, zero, 4095
x10 <- 0xFFFFFFFFFFFFFFFF
mem[X,0x000000008000F7AC] -> 0x1513
mem[X,0x000000008000F7AE] -> 0x03F5
[2011] [M]: 0x000000008000F7AC (0x03F51513) slli a0, a0, 63
x10 <- 0x8000000000000000
mem[X,0x000000008000F7B0] -> 0x0593
mem[X,0x000000008000F7B2] -> 0xBFF0
[2012] [M]: 0x000000008000F7B0 (0xBFF00593) addi a1, zero, 3071
x11 <- 0xFFFFFFFFFFFFFBFF
mem[X,0x000000008000F7B4] -> 0x0113
mem[X,0x000000008000F7B6] -> 0x0000
[2013] [M]: 0x000000008000F7B4 (0x00000113) addi sp, zero, 0
x2 <- 0x0000000000000000
mem[X,0x000000008000F7B8] -> 0x006F
mem[X,0x000000008000F7BA] -> 0x00C0
[2014] [M]: 0x000000008000F7B8 (0x00C0006F) jal zero, 12
mem[X,0x000000008000F7C4] -> 0x5063
mem[X,0x000000008000F7C6] -> 0x02B5
[2015] [M]: 0x000000008000F7C4 (0x02B55063) bge a0, a1, 32
mem[X,0x000000008000F7C8] -> 0x0113
mem[X,0x000000008000F7CA] -> 0x0021
[2016] [M]: 0x000000008000F7C8 (0x00210113) addi sp, sp, 2
x2 <- 0x0000000000000002
mem[X,0x000000008000F7CC] -> 0x006F
mem[X,0x000000008000F7CE] -> 0x0200
[2017] [M]: 0x000000008000F7CC (0x0200006F) jal zero, 32
mem[X,0x000000008000F7EC] -> 0xB823
mem[X,0x000000008000F7EE] -> 0x4220
[2018] [M]: 0x000000008000F7EC (0x4220B823) sd sp, 1072(ra)
mem[0x0000000080049600] <- 0x0000000000000002
mem[X,0x000000008000F7F0] -> 0x0513
mem[X,0x000000008000F7F2] -> 0xFFE0
[2019] [M]: 0x000000008000F7F0 (0xFFE00513) addi a0, zero, 4094
x10 <- 0xFFFFFFFFFFFFFFFE
mem[X,0x000000008000F7F4] -> 0x05B7
mem[X,0x000000008000F7F6] -> 0x0000
[2020] [M]: 0x000000008000F7F4 (0x000005B7) lui a1, 0
x11 <- 0x0000000000000000
mem[X,0x000000008000F7F8] -> 0x8593
mem[X,0x000000008000F7FA] -> 0x0005
[2021] [M]: 0x000000008000F7F8 (0x00058593) addi a1, a1, 0
x11 <- 0x0000000000000000
mem[X,0x000000008000F7FC] -> 0x9593
mem[X,0x000000008000F7FE] -> 0x00B5
[2022] [M]: 0x000000008000F7FC (0x00B59593) slli a1, a1, 11
x11 <- 0x0000000000000000
mem[X,0x000000008000F800] -> 0x8593
mem[X,0x000000008000F802] -> 0x5A85
[2023] [M]: 0x000000008000F800 (0x5A858593) addi a1, a1, 1448
x11 <- 0x00000000000005A8
mem[X,0x000000008000F804] -> 0x9593
mem[X,0x000000008000F806] -> 0x00B5
[2024] [M]: 0x000000008000F804 (0x00B59593) slli a1, a1, 11
x11 <- 0x00000000002D4000
mem[X,0x000000008000F808] -> 0x8593
mem[X,0x000000008000F80A] -> 0x13C5
[2025] [M]: 0x000000008000F808 (0x13C58593) addi a1, a1, 316
x11 <- 0x00000000002D413C
mem[X,0x000000008000F80C] -> 0x9593
mem[X,0x000000008000F80E] -> 0x00A5
[2026] [M]: 0x000000008000F80C (0x00A59593) slli a1, a1, 10
x11 <- 0x00000000B504F000
mem[X,0x000000008000F810] -> 0x8593
mem[X,0x000000008000F812] -> 0x3325
[2027] [M]: 0x000000008000F810 (0x33258593) addi a1, a1, 818
x11 <- 0x00000000B504F332
mem[X,0x000000008000F814] -> 0x0113
mem[X,0x000000008000F816] -> 0x0000
[2028] [M]: 0x000000008000F814 (0x00000113) addi sp, zero, 0
x2 <- 0x0000000000000000
mem[X,0x000000008000F818] -> 0x006F
mem[X,0x000000008000F81A] -> 0x00C0
[2029] [M]: 0x000000008000F818 (0x00C0006F) jal zero, 12
mem[X,0x000000008000F824] -> 0x5063
mem[X,0x000000008000F826] -> 0x02B5
[2030] [M]: 0x000000008000F824 (0x02B55063) bge a0, a1, 32
mem[X,0x000000008000F828] -> 0x0113
mem[X,0x000000008000F82A] -> 0x0021
[2031] [M]: 0x000000008000F828 (0x00210113) addi sp, sp, 2
x2 <- 0x0000000000000002
mem[X,0x000000008000F82C] -> 0x006F
mem[X,0x000000008000F82E] -> 0x0200
[2032] [M]: 0x000000008000F82C (0x0200006F) jal zero, 32
mem[X,0x000000008000F84C] -> 0xBC23
mem[X,0x000000008000F84E] -> 0x4220
[2033] [M]: 0x000000008000F84C (0x4220BC23) sd sp, 1080(ra)
mem[0x0000000080049608] <- 0x0000000000000002
mem[X,0x000000008000F850] -> 0x0513
mem[X,0x000000008000F852] -> 0xFFB0
[2034] [M]: 0x000000008000F850 (0xFFB00513) addi a0, zero, 4091
x10 <- 0xFFFFFFFFFFFFFFFB
mem[X,0x000000008000F854] -> 0x0593
mem[X,0x000000008000F856] -> 0x0010
[2035] [M]: 0x000000008000F854 (0x00100593) addi a1, zero, 1
x11 <- 0x0000000000000001
mem[X,0x000000008000F858] -> 0x9593
mem[X,0x000000008000F85A] -> 0x03C5
[2036] [M]: 0x000000008000F858 (0x03C59593) slli a1, a1, 60
x11 <- 0x1000000000000000
mem[X,0x000000008000F85C] -> 0xC593
mem[X,0x000000008000F85E] -> 0xFFF5
[2037] [M]: 0x000000008000F85C (0xFFF5C593) xori a1, a1, 4095
x11 <- 0xEFFFFFFFFFFFFFFF
mem[X,0x000000008000F860] -> 0x0113
mem[X,0x000000008000F862] -> 0x0000
[2038] [M]: 0x000000008000F860 (0x00000113) addi sp, zero, 0
x2 <- 0x0000000000000000
mem[X,0x000000008000F864] -> 0x006F
mem[X,0x000000008000F866] -> 0x00C0
[2039] [M]: 0x000000008000F864 (0x00C0006F) jal zero, 12
mem[X,0x000000008000F870] -> 0x5063
mem[X,0x000000008000F872] -> 0x20B5
[2040] [M]: 0x000000008000F870 (0x20B55063) bge a0, a1, 512
mem[X,0x000000008000FA70] -> 0x0113
mem[X,0x000000008000FA72] -> 0x0031
[2041] [M]: 0x000000008000FA70 (0x00310113) addi sp, sp, 3
x2 <- 0x0000000000000003
mem[X,0x000000008000FA74] -> 0x006F
mem[X,0x000000008000FA76] -> 0x0040
[2042] [M]: 0x000000008000FA74 (0x0040006F) jal zero, 4
mem[X,0x000000008000FA78] -> 0xB023
mem[X,0x000000008000FA7A] -> 0x4420
[2043] [M]: 0x000000008000FA78 (0x4420B023) sd sp, 1088(ra)
mem[0x0000000080049610] <- 0x0000000000000003
mem[X,0x000000008000FA7C] -> 0x0513
mem[X,0x000000008000FA7E] -> 0xFF70
[2044] [M]: 0x000000008000FA7C (0xFF700513) addi a0, zero, 4087
x10 <- 0xFFFFFFFFFFFFFFF7
mem[X,0x000000008000FA80] -> 0x55B7
mem[X,0x000000008000FA82] -> 0x5555
[2045] [M]: 0x000000008000FA80 (0x555555B7) lui a1, 349525
x11 <- 0x0000000055555000
mem[X,0x000000008000FA84] -> 0x8593
mem[X,0x000000008000FA86] -> 0x5555
[2046] [M]: 0x000000008000FA84 (0x55558593) addi a1, a1, 1365
x11 <- 0x0000000055555555
mem[X,0x000000008000FA88] -> 0x9593
mem[X,0x000000008000FA8A] -> 0x00B5
[2047] [M]: 0x000000008000FA88 (0x00B59593) slli a1, a1, 11
x11 <- 0x000002AAAAAAA800
mem[X,0x000000008000FA8C] -> 0x8593
mem[X,0x000000008000FA8E] -> 0x2AA5
[2048] [M]: 0x000000008000FA8C (0x2AA58593) addi a1, a1, 682
x11 <- 0x000002AAAAAAAAAA
mem[X,0x000000008000FA90] -> 0x9593
mem[X,0x000000008000FA92] -> 0x00B5
[2049] [M]: 0x000000008000FA90 (0x00B59593) slli a1, a1, 11
x11 <- 0x0015555555555000
mem[X,0x000000008000FA94] -> 0x8593
mem[X,0x000000008000FA96] -> 0x5555
[2050] [M]: 0x000000008000FA94 (0x55558593) addi a1, a1, 1365
x11 <- 0x0015555555555555
mem[X,0x000000008000FA98] -> 0x9593
mem[X,0x000000008000FA9A] -> 0x00A5
[2051] [M]: 0x000000008000FA98 (0x00A59593) slli a1, a1, 10
x11 <- 0x5555555555555400
mem[X,0x000000008000FA9C] -> 0x8593
mem[X,0x000000008000FA9E] -> 0x1555
[2052] [M]: 0x000000008000FA9C (0x15558593) addi a1, a1, 341
x11 <- 0x5555555555555555
mem[X,0x000000008000FAA0] -> 0x0113
mem[X,0x000000008000FAA2] -> 0x0000
[2053] [M]: 0x000000008000FAA0 (0x00000113) addi sp, zero, 0
x2 <- 0x0000000000000000
mem[X,0x000000008000FAA4] -> 0x006F
mem[X,0x000000008000FAA6] -> 0x0180
[2054] [M]: 0x000000008000FAA4 (0x0180006F) jal zero, 24
mem[X,0x000000008000FABC] -> 0x56E3
mem[X,0x000000008000FABE] -> 0xFEB5
[2055] [M]: 0x000000008000FABC (0xFEB556E3) bge a0, a1, 8172
mem[X,0x000000008000FAC0] -> 0x0113
mem[X,0x000000008000FAC2] -> 0x0021
[2056] [M]: 0x000000008000FAC0 (0x00210113) addi sp, sp, 2
x2 <- 0x0000000000000002
mem[X,0x000000008000FAC4] -> 0x006F
mem[X,0x000000008000FAC6] -> 0x00C0
[2057] [M]: 0x000000008000FAC4 (0x00C0006F) jal zero, 12
mem[X,0x000000008000FAD0] -> 0xB423
mem[X,0x000000008000FAD2] -> 0x4420
[2058] [M]: 0x000000008000FAD0 (0x4420B423) sd sp, 1096(ra)
mem[0x0000000080049618] <- 0x0000000000000002
mem[X,0x000000008000FAD4] -> 0x0513
mem[X,0x000000008000FAD6] -> 0xFDF0
[2059] [M]: 0x000000008000FAD4 (0xFDF00513) addi a0, zero, 4063
x10 <- 0xFFFFFFFFFFFFFFDF
mem[X,0x000000008000FAD8] -> 0x0593
mem[X,0x000000008000FADA] -> 0x0010
[2060] [M]: 0x000000008000FAD8 (0x00100593) addi a1, zero, 1
x11 <- 0x0000000000000001
mem[X,0x000000008000FADC] -> 0x9593
mem[X,0x000000008000FADE] -> 0x0315
[2061] [M]: 0x000000008000FADC (0x03159593) slli a1, a1, 49
x11 <- 0x0002000000000000
mem[X,0x000000008000FAE0] -> 0x0113
mem[X,0x000000008000FAE2] -> 0x0000
[2062] [M]: 0x000000008000FAE0 (0x00000113) addi sp, zero, 0
x2 <- 0x0000000000000000
mem[X,0x000000008000FAE4] -> 0x006F
mem[X,0x000000008000FAE6] -> 0x00C0
[2063] [M]: 0x000000008000FAE4 (0x00C0006F) jal zero, 12
mem[X,0x000000008000FAF0] -> 0x5CE3
mem[X,0x000000008000FAF2] -> 0xFEB5
[2064] [M]: 0x000000008000FAF0 (0xFEB55CE3) bge a0, a1, 8184
mem[X,0x000000008000FAF4] -> 0x0113
mem[X,0x000000008000FAF6] -> 0x0021
[2065] [M]: 0x000000008000FAF4 (0x00210113) addi sp, sp, 2
x2 <- 0x0000000000000002
mem[X,0x000000008000FAF8] -> 0x006F
mem[X,0x000000008000FAFA] -> 0x00C0
[2066] [M]: 0x000000008000FAF8 (0x00C0006F) jal zero, 12
mem[X,0x000000008000FB04] -> 0xB823
mem[X,0x000000008000FB06] -> 0x4420
[2067] [M]: 0x000000008000FB04 (0x4420B823) sd sp, 1104(ra)
mem[0x0000000080049620] <- 0x0000000000000002
mem[X,0x000000008000FB08] -> 0x0513
mem[X,0x000000008000FB0A] -> 0xEFF0
[2068] [M]: 0x000000008000FB08 (0xEFF00513) addi a0, zero, 3839
x10 <- 0xFFFFFFFFFFFFFEFF
mem[X,0x000000008000FB0C] -> 0x0593
mem[X,0x000000008000FB0E] -> 0x0010
[2069] [M]: 0x000000008000FB0C (0x00100593) addi a1, zero, 1
x11 <- 0x0000000000000001
mem[X,0x000000008000FB10] -> 0x9593
mem[X,0x000000008000FB12] -> 0x02F5
[2070] [M]: 0x000000008000FB10 (0x02F59593) slli a1, a1, 47
x11 <- 0x0000800000000000
mem[X,0x000000008000FB14] -> 0xC593
mem[X,0x000000008000FB16] -> 0xFFF5
[2071] [M]: 0x000000008000FB14 (0xFFF5C593) xori a1, a1, 4095
x11 <- 0xFFFF7FFFFFFFFFFF
mem[X,0x000000008000FB18] -> 0x0113
mem[X,0x000000008000FB1A] -> 0x0000
[2072] [M]: 0x000000008000FB18 (0x00000113) addi sp, zero, 0
x2 <- 0x0000000000000000
mem[X,0x000000008000FB1C] -> 0x006F
mem[X,0x000000008000FB1E] -> 0x0180
[2073] [M]: 0x000000008000FB1C (0x0180006F) jal zero, 24
mem[X,0x000000008000FB34] -> 0x56E3
mem[X,0x000000008000FB36] -> 0xFEB5
[2074] [M]: 0x000000008000FB34 (0xFEB556E3) bge a0, a1, 8172
mem[X,0x000000008000FB20] -> 0x0113
mem[X,0x000000008000FB22] -> 0x0011
[2075] [M]: 0x000000008000FB20 (0x00110113) addi sp, sp, 1
x2 <- 0x0000000000000001
mem[X,0x000000008000FB24] -> 0x006F
mem[X,0x000000008000FB26] -> 0x0240
[2076] [M]: 0x000000008000FB24 (0x0240006F) jal zero, 36
mem[X,0x000000008000FB48] -> 0xBC23
mem[X,0x000000008000FB4A] -> 0x4420
[2077] [M]: 0x000000008000FB48 (0x4420BC23) sd sp, 1112(ra)
mem[0x0000000080049628] <- 0x0000000000000001
mem[X,0x000000008000FB4C] -> 0x0513
mem[X,0x000000008000FB4E] -> 0xBFF0
[2078] [M]: 0x000000008000FB4C (0xBFF00513) addi a0, zero, 3071
x10 <- 0xFFFFFFFFFFFFFBFF
mem[X,0x000000008000FB50] -> 0x0593
mem[X,0x000000008000FB52] -> 0x0010
[2079] [M]: 0x000000008000FB50 (0x00100593) addi a1, zero, 1
x11 <- 0x0000000000000001
mem[X,0x000000008000FB54] -> 0x9593
mem[X,0x000000008000FB56] -> 0x0255
[2080] [M]: 0x000000008000FB54 (0x02559593) slli a1, a1, 37
x11 <- 0x0000002000000000
mem[X,0x000000008000FB58] -> 0x0113
mem[X,0x000000008000FB5A] -> 0x0000
[2081] [M]: 0x000000008000FB58 (0x00000113) addi sp, zero, 0
x2 <- 0x0000000000000000
mem[X,0x000000008000FB5C] -> 0x006F
mem[X,0x000000008000FB5E] -> 0x00C0
[2082] [M]: 0x000000008000FB5C (0x00C0006F) jal zero, 12
mem[X,0x000000008000FB68] -> 0x5063
mem[X,0x000000008000FB6A] -> 0x08B5
[2083] [M]: 0x000000008000FB68 (0x08B55063) bge a0, a1, 128
mem[X,0x000000008000FB6C] -> 0x0113
mem[X,0x000000008000FB6E] -> 0x0021
[2084] [M]: 0x000000008000FB6C (0x00210113) addi sp, sp, 2
x2 <- 0x0000000000000002
mem[X,0x000000008000FB70] -> 0x006F
mem[X,0x000000008000FB72] -> 0x0800
[2085] [M]: 0x000000008000FB70 (0x0800006F) jal zero, 128
mem[X,0x000000008000FBF0] -> 0xB023
mem[X,0x000000008000FBF2] -> 0x4620
[2086] [M]: 0x000000008000FBF0 (0x4620B023) sd sp, 1120(ra)
mem[0x0000000080049630] <- 0x0000000000000002
mem[X,0x000000008000FBF4] -> 0x0513
mem[X,0x000000008000FBF6] -> 0x0010
[2087] [M]: 0x000000008000FBF4 (0x00100513) addi a0, zero, 1
x10 <- 0x0000000000000001
mem[X,0x000000008000FBF8] -> 0x1513
mem[X,0x000000008000FBFA] -> 0x00B5
[2088] [M]: 0x000000008000FBF8 (0x00B51513) slli a0, a0, 11
x10 <- 0x0000000000000800
mem[X,0x000000008000FBFC] -> 0x4513
mem[X,0x000000008000FBFE] -> 0xFFF5
[2089] [M]: 0x000000008000FBFC (0xFFF54513) xori a0, a0, 4095
x10 <- 0xFFFFFFFFFFFFF7FF
mem[X,0x000000008000FC00] -> 0x0593
mem[X,0x000000008000FC02] -> 0x0010
[2090] [M]: 0x000000008000FC00 (0x00100593) addi a1, zero, 1
x11 <- 0x0000000000000001
mem[X,0x000000008000FC04] -> 0x9593
mem[X,0x000000008000FC06] -> 0x0345
[2091] [M]: 0x000000008000FC04 (0x03459593) slli a1, a1, 52
x11 <- 0x0010000000000000
mem[X,0x000000008000FC08] -> 0xC593
mem[X,0x000000008000FC0A] -> 0xFFF5
[2092] [M]: 0x000000008000FC08 (0xFFF5C593) xori a1, a1, 4095
x11 <- 0xFFEFFFFFFFFFFFFF
mem[X,0x000000008000FC0C] -> 0x0113
mem[X,0x000000008000FC0E] -> 0x0000
[2093] [M]: 0x000000008000FC0C (0x00000113) addi sp, zero, 0
x2 <- 0x0000000000000000
mem[X,0x000000008000FC10] -> 0x006F
mem[X,0x000000008000FC12] -> 0x00C0
[2094] [M]: 0x000000008000FC10 (0x00C0006F) jal zero, 12
mem[X,0x000000008000FC1C] -> 0x5CE3
mem[X,0x000000008000FC1E] -> 0xFEB5
[2095] [M]: 0x000000008000FC1C (0xFEB55CE3) bge a0, a1, 8184
mem[X,0x000000008000FC14] -> 0x0113
mem[X,0x000000008000FC16] -> 0x0011
[2096] [M]: 0x000000008000FC14 (0x00110113) addi sp, sp, 1
x2 <- 0x0000000000000001
mem[X,0x000000008000FC18] -> 0x006F
mem[X,0x000000008000FC1A] -> 0x0180
[2097] [M]: 0x000000008000FC18 (0x0180006F) jal zero, 24
mem[X,0x000000008000FC30] -> 0xB423
mem[X,0x000000008000FC32] -> 0x4620
[2098] [M]: 0x000000008000FC30 (0x4620B423) sd sp, 1128(ra)
mem[0x0000000080049638] <- 0x0000000000000001
mem[X,0x000000008000FC34] -> 0x0513
mem[X,0x000000008000FC36] -> 0x0010
[2099] [M]: 0x000000008000FC34 (0x00100513) addi a0, zero, 1
x10 <- 0x0000000000000001
clint::tick mtime <- 0x0000000000000015
 clint timer pending at mtime 0x0000000000000015
htif::tick 0x0000000000000000
mem[X,0x000000008000FC38] -> 0x1513
mem[X,0x000000008000FC3A] -> 0x00D5
[2100] [M]: 0x000000008000FC38 (0x00D51513) slli a0, a0, 13
x10 <- 0x0000000000002000
mem[X,0x000000008000FC3C] -> 0x4513
mem[X,0x000000008000FC3E] -> 0xFFF5
[2101] [M]: 0x000000008000FC3C (0xFFF54513) xori a0, a0, 4095
x10 <- 0xFFFFFFFFFFFFDFFF
mem[X,0x000000008000FC40] -> 0x0593
mem[X,0x000000008000FC42] -> 0xEFF0
[2102] [M]: 0x000000008000FC40 (0xEFF00593) addi a1, zero, 3839
x11 <- 0xFFFFFFFFFFFFFEFF
mem[X,0x000000008000FC44] -> 0x0113
mem[X,0x000000008000FC46] -> 0x0000
[2103] [M]: 0x000000008000FC44 (0x00000113) addi sp, zero, 0
x2 <- 0x0000000000000000
mem[X,0x000000008000FC48] -> 0x006F
mem[X,0x000000008000FC4A] -> 0x00C0
[2104] [M]: 0x000000008000FC48 (0x00C0006F) jal zero, 12
mem[X,0x000000008000FC54] -> 0x5663
mem[X,0x000000008000FC56] -> 0x00B5
[2105] [M]: 0x000000008000FC54 (0x00B55663) bge a0, a1, 12
mem[X,0x000000008000FC58] -> 0x0113
mem[X,0x000000008000FC5A] -> 0x0021
[2106] [M]: 0x000000008000FC58 (0x00210113) addi sp, sp, 2
x2 <- 0x0000000000000002
mem[X,0x000000008000FC5C] -> 0x006F
mem[X,0x000000008000FC5E] -> 0x00C0
[2107] [M]: 0x000000008000FC5C (0x00C0006F) jal zero, 12
mem[X,0x000000008000FC68] -> 0xB823
mem[X,0x000000008000FC6A] -> 0x4620
[2108] [M]: 0x000000008000FC68 (0x4620B823) sd sp, 1136(ra)
mem[0x0000000080049640] <- 0x0000000000000002
mem[X,0x000000008000FC6C] -> 0x0513
mem[X,0x000000008000FC6E] -> 0x0010
[2109] [M]: 0x000000008000FC6C (0x00100513) addi a0, zero, 1
x10 <- 0x0000000000000001
mem[X,0x000000008000FC70] -> 0x1513
mem[X,0x000000008000FC72] -> 0x00F5
[2110] [M]: 0x000000008000FC70 (0x00F51513) slli a0, a0, 15
x10 <- 0x0000000000008000
mem[X,0x000000008000FC74] -> 0x4513
mem[X,0x000000008000FC76] -> 0xFFF5
[2111] [M]: 0x000000008000FC74 (0xFFF54513) xori a0, a0, 4095
x10 <- 0xFFFFFFFFFFFF7FFF
mem[X,0x000000008000FC78] -> 0x0593
mem[X,0x000000008000FC7A] -> 0x0010
[2112] [M]: 0x000000008000FC78 (0x00100593) addi a1, zero, 1
x11 <- 0x0000000000000001
mem[X,0x000000008000FC7C] -> 0x9593
mem[X,0x000000008000FC7E] -> 0x0155
[2113] [M]: 0x000000008000FC7C (0x01559593) slli a1, a1, 21
x11 <- 0x0000000000200000
mem[X,0x000000008000FC80] -> 0x0113
mem[X,0x000000008000FC82] -> 0x0000
[2114] [M]: 0x000000008000FC80 (0x00000113) addi sp, zero, 0
x2 <- 0x0000000000000000
mem[X,0x000000008000FC84] -> 0x006F
mem[X,0x000000008000FC86] -> 0x2B10
[2115] [M]: 0x000000008000FC84 (0x2B10006F) jal zero, 2736
mem[X,0x0000000080010734] -> 0x5A63
mem[X,0x0000000080010736] -> 0xD4B5
[2116] [M]: 0x0000000080010734 (0xD4B55A63) bge a0, a1, 5460
mem[X,0x0000000080010738] -> 0x0113
mem[X,0x000000008001073A] -> 0x0021
[2117] [M]: 0x0000000080010738 (0x00210113) addi sp, sp, 2
x2 <- 0x0000000000000002
mem[X,0x000000008001073C] -> 0x006F
mem[X,0x000000008001073E] -> 0x00C0
[2118] [M]: 0x000000008001073C (0x00C0006F) jal zero, 12
mem[X,0x0000000080010748] -> 0xBC23
mem[X,0x000000008001074A] -> 0x4620
[2119] [M]: 0x0000000080010748 (0x4620BC23) sd sp, 1144(ra)
mem[0x0000000080049648] <- 0x0000000000000002
mem[X,0x000000008001074C] -> 0x0513
mem[X,0x000000008001074E] -> 0x0010
[2120] [M]: 0x000000008001074C (0x00100513) addi a0, zero, 1
x10 <- 0x0000000000000001
mem[X,0x0000000080010750] -> 0x1513
mem[X,0x0000000080010752] -> 0x0105
[2121] [M]: 0x0000000080010750 (0x01051513) slli a0, a0, 16
x10 <- 0x0000000000010000
mem[X,0x0000000080010754] -> 0x4513
mem[X,0x0000000080010756] -> 0xFFF5
[2122] [M]: 0x0000000080010754 (0xFFF54513) xori a0, a0, 4095
x10 <- 0xFFFFFFFFFFFEFFFF
mem[X,0x0000000080010758] -> 0x0593
mem[X,0x000000008001075A] -> 0x0010
[2123] [M]: 0x0000000080010758 (0x00100593) addi a1, zero, 1
x11 <- 0x0000000000000001
mem[X,0x000000008001075C] -> 0x9593
mem[X,0x000000008001075E] -> 0x0195
[2124] [M]: 0x000000008001075C (0x01959593) slli a1, a1, 25
x11 <- 0x0000000002000000
mem[X,0x0000000080010760] -> 0xC593
mem[X,0x0000000080010762] -> 0xFFF5
[2125] [M]: 0x0000000080010760 (0xFFF5C593) xori a1, a1, 4095
x11 <- 0xFFFFFFFFFDFFFFFF
mem[X,0x0000000080010764] -> 0x0113
mem[X,0x0000000080010766] -> 0x0000
[2126] [M]: 0x0000000080010764 (0x00000113) addi sp, zero, 0
x2 <- 0x0000000000000000
mem[X,0x0000000080010768] -> 0x006F
mem[X,0x000000008001076A] -> 0x00C0
[2127] [M]: 0x0000000080010768 (0x00C0006F) jal zero, 12
mem[X,0x0000000080010774] -> 0x5063
mem[X,0x0000000080010776] -> 0x10B5
[2128] [M]: 0x0000000080010774 (0x10B55063) bge a0, a1, 256
mem[X,0x0000000080010874] -> 0x0113
mem[X,0x0000000080010876] -> 0x0031
[2129] [M]: 0x0000000080010874 (0x00310113) addi sp, sp, 3
x2 <- 0x0000000000000003
mem[X,0x0000000080010878] -> 0x006F
mem[X,0x000000008001087A] -> 0x0040
[2130] [M]: 0x0000000080010878 (0x0040006F) jal zero, 4
mem[X,0x000000008001087C] -> 0xB023
mem[X,0x000000008001087E] -> 0x4820
[2131] [M]: 0x000000008001087C (0x4820B023) sd sp, 1152(ra)
mem[0x0000000080049650] <- 0x0000000000000003
mem[X,0x0000000080010880] -> 0x0513
mem[X,0x0000000080010882] -> 0x0010
[2132] [M]: 0x0000000080010880 (0x00100513) addi a0, zero, 1
x10 <- 0x0000000000000001
mem[X,0x0000000080010884] -> 0x1513
mem[X,0x0000000080010886] -> 0x0155
[2133] [M]: 0x0000000080010884 (0x01551513) slli a0, a0, 21
x10 <- 0x0000000000200000
mem[X,0x0000000080010888] -> 0x4513
mem[X,0x000000008001088A] -> 0xFFF5
[2134] [M]: 0x0000000080010888 (0xFFF54513) xori a0, a0, 4095
x10 <- 0xFFFFFFFFFFDFFFFF
mem[X,0x000000008001088C] -> 0x0593
mem[X,0x000000008001088E] -> 0xFF60
[2135] [M]: 0x000000008001088C (0xFF600593) addi a1, zero, 4086
x11 <- 0xFFFFFFFFFFFFFFF6
mem[X,0x0000000080010890] -> 0x0113
mem[X,0x0000000080010892] -> 0x0000
[2136] [M]: 0x0000000080010890 (0x00000113) addi sp, zero, 0
x2 <- 0x0000000000000000
mem[X,0x0000000080010894] -> 0x006F
mem[X,0x0000000080010896] -> 0x00C0
[2137] [M]: 0x0000000080010894 (0x00C0006F) jal zero, 12
mem[X,0x00000000800108A0] -> 0x5063
mem[X,0x00000000800108A2] -> 0x04B5
[2138] [M]: 0x00000000800108A0 (0x04B55063) bge a0, a1, 64
mem[X,0x00000000800108A4] -> 0x0113
mem[X,0x00000000800108A6] -> 0x0021
[2139] [M]: 0x00000000800108A4 (0x00210113) addi sp, sp, 2
x2 <- 0x0000000000000002
mem[X,0x00000000800108A8] -> 0x006F
mem[X,0x00000000800108AA] -> 0x0400
[2140] [M]: 0x00000000800108A8 (0x0400006F) jal zero, 64
mem[X,0x00000000800108E8] -> 0xB423
mem[X,0x00000000800108EA] -> 0x4820
[2141] [M]: 0x00000000800108E8 (0x4820B423) sd sp, 1160(ra)
mem[0x0000000080049658] <- 0x0000000000000002
mem[X,0x00000000800108EC] -> 0x0513
mem[X,0x00000000800108EE] -> 0x0010
[2142] [M]: 0x00000000800108EC (0x00100513) addi a0, zero, 1
x10 <- 0x0000000000000001
mem[X,0x00000000800108F0] -> 0x1513
mem[X,0x00000000800108F2] -> 0x0195
[2143] [M]: 0x00000000800108F0 (0x01951513) slli a0, a0, 25
x10 <- 0x0000000002000000
mem[X,0x00000000800108F4] -> 0x4513
mem[X,0x00000000800108F6] -> 0xFFF5
[2144] [M]: 0x00000000800108F4 (0xFFF54513) xori a0, a0, 4095
x10 <- 0xFFFFFFFFFDFFFFFF
mem[X,0x00000000800108F8] -> 0x0593
mem[X,0x00000000800108FA] -> 0xFDF0
[2145] [M]: 0x00000000800108F8 (0xFDF00593) addi a1, zero, 4063
x11 <- 0xFFFFFFFFFFFFFFDF
mem[X,0x00000000800108FC] -> 0x0113
mem[X,0x00000000800108FE] -> 0x0000
[2146] [M]: 0x00000000800108FC (0x00000113) addi sp, zero, 0
x2 <- 0x0000000000000000
mem[X,0x0000000080010900] -> 0x006F
mem[X,0x0000000080010902] -> 0x00C0
[2147] [M]: 0x0000000080010900 (0x00C0006F) jal zero, 12
mem[X,0x000000008001090C] -> 0x5063
mem[X,0x000000008001090E] -> 0x02B5
[2148] [M]: 0x000000008001090C (0x02B55063) bge a0, a1, 32
mem[X,0x0000000080010910] -> 0x0113
mem[X,0x0000000080010912] -> 0x0021
[2149] [M]: 0x0000000080010910 (0x00210113) addi sp, sp, 2
x2 <- 0x0000000000000002
mem[X,0x0000000080010914] -> 0x006F
mem[X,0x0000000080010916] -> 0x0200
[2150] [M]: 0x0000000080010914 (0x0200006F) jal zero, 32
mem[X,0x0000000080010934] -> 0xB823
mem[X,0x0000000080010936] -> 0x4820
[2151] [M]: 0x0000000080010934 (0x4820B823) sd sp, 1168(ra)
mem[0x0000000080049660] <- 0x0000000000000002
mem[X,0x0000000080010938] -> 0x0513
mem[X,0x000000008001093A] -> 0x0010
[2152] [M]: 0x0000000080010938 (0x00100513) addi a0, zero, 1
x10 <- 0x0000000000000001
mem[X,0x000000008001093C] -> 0x1513
mem[X,0x000000008001093E] -> 0x01A5
[2153] [M]: 0x000000008001093C (0x01A51513) slli a0, a0, 26
x10 <- 0x0000000004000000
mem[X,0x0000000080010940] -> 0x4513
mem[X,0x0000000080010942] -> 0xFFF5
[2154] [M]: 0x0000000080010940 (0xFFF54513) xori a0, a0, 4095
x10 <- 0xFFFFFFFFFBFFFFFF
mem[X,0x0000000080010944] -> 0x0593
mem[X,0x0000000080010946] -> 0x0010
[2155] [M]: 0x0000000080010944 (0x00100593) addi a1, zero, 1
x11 <- 0x0000000000000001
mem[X,0x0000000080010948] -> 0x9593
mem[X,0x000000008001094A] -> 0x0365
[2156] [M]: 0x0000000080010948 (0x03659593) slli a1, a1, 54
x11 <- 0x0040000000000000
mem[X,0x000000008001094C] -> 0x0113
mem[X,0x000000008001094E] -> 0x0000
[2157] [M]: 0x000000008001094C (0x00000113) addi sp, zero, 0
x2 <- 0x0000000000000000
mem[X,0x0000000080010950] -> 0x006F
mem[X,0x0000000080010952] -> 0x00C0
[2158] [M]: 0x0000000080010950 (0x00C0006F) jal zero, 12
mem[X,0x000000008001095C] -> 0x5663
mem[X,0x000000008001095E] -> 0x00B5
[2159] [M]: 0x000000008001095C (0x00B55663) bge a0, a1, 12
mem[X,0x0000000080010960] -> 0x0113
mem[X,0x0000000080010962] -> 0x0021
[2160] [M]: 0x0000000080010960 (0x00210113) addi sp, sp, 2
x2 <- 0x0000000000000002
mem[X,0x0000000080010964] -> 0x006F
mem[X,0x0000000080010966] -> 0x00C0
[2161] [M]: 0x0000000080010964 (0x00C0006F) jal zero, 12
mem[X,0x0000000080010970] -> 0xBC23
mem[X,0x0000000080010972] -> 0x4820
[2162] [M]: 0x0000000080010970 (0x4820BC23) sd sp, 1176(ra)
mem[0x0000000080049668] <- 0x0000000000000002
mem[X,0x0000000080010974] -> 0x0513
mem[X,0x0000000080010976] -> 0x0010
[2163] [M]: 0x0000000080010974 (0x00100513) addi a0, zero, 1
x10 <- 0x0000000000000001
mem[X,0x0000000080010978] -> 0x1513
mem[X,0x000000008001097A] -> 0x01B5
[2164] [M]: 0x0000000080010978 (0x01B51513) slli a0, a0, 27
x10 <- 0x0000000008000000
mem[X,0x000000008001097C] -> 0x4513
mem[X,0x000000008001097E] -> 0xFFF5
[2165] [M]: 0x000000008001097C (0xFFF54513) xori a0, a0, 4095
x10 <- 0xFFFFFFFFF7FFFFFF
mem[X,0x0000000080010980] -> 0x0593
mem[X,0x0000000080010982] -> 0xFF60
[2166] [M]: 0x0000000080010980 (0xFF600593) addi a1, zero, 4086
x11 <- 0xFFFFFFFFFFFFFFF6
mem[X,0x0000000080010984] -> 0x0113
mem[X,0x0000000080010986] -> 0x0000
[2167] [M]: 0x0000000080010984 (0x00000113) addi sp, zero, 0
x2 <- 0x0000000000000000
mem[X,0x0000000080010988] -> 0x006F
mem[X,0x000000008001098A] -> 0x00C0
[2168] [M]: 0x0000000080010988 (0x00C0006F) jal zero, 12
mem[X,0x0000000080010994] -> 0x5663
mem[X,0x0000000080010996] -> 0x00B5
[2169] [M]: 0x0000000080010994 (0x00B55663) bge a0, a1, 12
mem[X,0x0000000080010998] -> 0x0113
mem[X,0x000000008001099A] -> 0x0021
[2170] [M]: 0x0000000080010998 (0x00210113) addi sp, sp, 2
x2 <- 0x0000000000000002
mem[X,0x000000008001099C] -> 0x006F
mem[X,0x000000008001099E] -> 0x00C0
[2171] [M]: 0x000000008001099C (0x00C0006F) jal zero, 12
mem[X,0x00000000800109A8] -> 0xB023
mem[X,0x00000000800109AA] -> 0x4A20
[2172] [M]: 0x00000000800109A8 (0x4A20B023) sd sp, 1184(ra)
mem[0x0000000080049670] <- 0x0000000000000002
mem[X,0x00000000800109AC] -> 0x0513
mem[X,0x00000000800109AE] -> 0x0010
[2173] [M]: 0x00000000800109AC (0x00100513) addi a0, zero, 1
x10 <- 0x0000000000000001
mem[X,0x00000000800109B0] -> 0x1513
mem[X,0x00000000800109B2] -> 0x01D5
[2174] [M]: 0x00000000800109B0 (0x01D51513) slli a0, a0, 29
x10 <- 0x0000000020000000
mem[X,0x00000000800109B4] -> 0x4513
mem[X,0x00000000800109B6] -> 0xFFF5
[2175] [M]: 0x00000000800109B4 (0xFFF54513) xori a0, a0, 4095
x10 <- 0xFFFFFFFFDFFFFFFF
mem[X,0x00000000800109B8] -> 0x0593
mem[X,0x00000000800109BA] -> 0x0010
[2176] [M]: 0x00000000800109B8 (0x00100593) addi a1, zero, 1
x11 <- 0x0000000000000001
mem[X,0x00000000800109BC] -> 0x9593
mem[X,0x00000000800109BE] -> 0x0235
[2177] [M]: 0x00000000800109BC (0x02359593) slli a1, a1, 35
x11 <- 0x0000000800000000
mem[X,0x00000000800109C0] -> 0x0113
mem[X,0x00000000800109C2] -> 0x0000
[2178] [M]: 0x00000000800109C0 (0x00000113) addi sp, zero, 0
x2 <- 0x0000000000000000
mem[X,0x00000000800109C4] -> 0x006F
mem[X,0x00000000800109C6] -> 0x00C0
[2179] [M]: 0x00000000800109C4 (0x00C0006F) jal zero, 12
mem[X,0x00000000800109D0] -> 0x5863
mem[X,0x00000000800109D2] -> 0x00B5
[2180] [M]: 0x00000000800109D0 (0x00B55863) bge a0, a1, 16
mem[X,0x00000000800109D4] -> 0x0113
mem[X,0x00000000800109D6] -> 0x0021
[2181] [M]: 0x00000000800109D4 (0x00210113) addi sp, sp, 2
x2 <- 0x0000000000000002
mem[X,0x00000000800109D8] -> 0x006F
mem[X,0x00000000800109DA] -> 0x0100
[2182] [M]: 0x00000000800109D8 (0x0100006F) jal zero, 16
mem[X,0x00000000800109E8] -> 0xB423
mem[X,0x00000000800109EA] -> 0x4A20
[2183] [M]: 0x00000000800109E8 (0x4A20B423) sd sp, 1192(ra)
mem[0x0000000080049678] <- 0x0000000000000002
mem[X,0x00000000800109EC] -> 0x0513
mem[X,0x00000000800109EE] -> 0x0010
[2184] [M]: 0x00000000800109EC (0x00100513) addi a0, zero, 1
x10 <- 0x0000000000000001
mem[X,0x00000000800109F0] -> 0x1513
mem[X,0x00000000800109F2] -> 0x01F5
[2185] [M]: 0x00000000800109F0 (0x01F51513) slli a0, a0, 31
x10 <- 0x0000000080000000
mem[X,0x00000000800109F4] -> 0x4513
mem[X,0x00000000800109F6] -> 0xFFF5
[2186] [M]: 0x00000000800109F4 (0xFFF54513) xori a0, a0, 4095
x10 <- 0xFFFFFFFF7FFFFFFF
mem[X,0x00000000800109F8] -> 0x0593
mem[X,0x00000000800109FA] -> 0x0010
[2187] [M]: 0x00000000800109F8 (0x00100593) addi a1, zero, 1
x11 <- 0x0000000000000001
mem[X,0x00000000800109FC] -> 0x9593
mem[X,0x00000000800109FE] -> 0x02C5
[2188] [M]: 0x00000000800109FC (0x02C59593) slli a1, a1, 44
x11 <- 0x0000100000000000
mem[X,0x0000000080010A00] -> 0x0113
mem[X,0x0000000080010A02] -> 0x0000
[2189] [M]: 0x0000000080010A00 (0x00000113) addi sp, zero, 0
x2 <- 0x0000000000000000
mem[X,0x0000000080010A04] -> 0x006F
mem[X,0x0000000080010A06] -> 0x00C0
[2190] [M]: 0x0000000080010A04 (0x00C0006F) jal zero, 12
mem[X,0x0000000080010A10] -> 0x5CE3
mem[X,0x0000000080010A12] -> 0xFEB5
[2191] [M]: 0x0000000080010A10 (0xFEB55CE3) bge a0, a1, 8184
mem[X,0x0000000080010A14] -> 0x0113
mem[X,0x0000000080010A16] -> 0x0021
[2192] [M]: 0x0000000080010A14 (0x00210113) addi sp, sp, 2
x2 <- 0x0000000000000002
mem[X,0x0000000080010A18] -> 0x006F
mem[X,0x0000000080010A1A] -> 0x00C0
[2193] [M]: 0x0000000080010A18 (0x00C0006F) jal zero, 12
mem[X,0x0000000080010A24] -> 0xB823
mem[X,0x0000000080010A26] -> 0x4A20
[2194] [M]: 0x0000000080010A24 (0x4A20B823) sd sp, 1200(ra)
mem[0x0000000080049680] <- 0x0000000000000002
mem[X,0x0000000080010A28] -> 0x0513
mem[X,0x0000000080010A2A] -> 0x0010
[2195] [M]: 0x0000000080010A28 (0x00100513) addi a0, zero, 1
x10 <- 0x0000000000000001
mem[X,0x0000000080010A2C] -> 0x1513
mem[X,0x0000000080010A2E] -> 0x0215
[2196] [M]: 0x0000000080010A2C (0x02151513) slli a0, a0, 33
x10 <- 0x0000000200000000
mem[X,0x0000000080010A30] -> 0x4513
mem[X,0x0000000080010A32] -> 0xFFF5
[2197] [M]: 0x0000000080010A30 (0xFFF54513) xori a0, a0, 4095
x10 <- 0xFFFFFFFDFFFFFFFF
mem[X,0x0000000080010A34] -> 0x0593
mem[X,0x0000000080010A36] -> 0x0030
[2198] [M]: 0x0000000080010A34 (0x00300593) addi a1, zero, 3
x11 <- 0x0000000000000003
mem[X,0x0000000080010A38] -> 0x0113
mem[X,0x0000000080010A3A] -> 0x0000
[2199] [M]: 0x0000000080010A38 (0x00000113) addi sp, zero, 0
x2 <- 0x0000000000000000
clint::tick mtime <- 0x0000000000000016
 clint timer pending at mtime 0x0000000000000016
htif::tick 0x0000000000000000
mem[X,0x0000000080010A3C] -> 0x006F
mem[X,0x0000000080010A3E] -> 0x00C0
[2200] [M]: 0x0000000080010A3C (0x00C0006F) jal zero, 12
mem[X,0x0000000080010A48] -> 0x5063
mem[X,0x0000000080010A4A] -> 0x08B5
[2201] [M]: 0x0000000080010A48 (0x08B55063) bge a0, a1, 128
mem[X,0x0000000080010A4C] -> 0x0113
mem[X,0x0000000080010A4E] -> 0x0021
[2202] [M]: 0x0000000080010A4C (0x00210113) addi sp, sp, 2
x2 <- 0x0000000000000002
mem[X,0x0000000080010A50] -> 0x006F
mem[X,0x0000000080010A52] -> 0x0800
[2203] [M]: 0x0000000080010A50 (0x0800006F) jal zero, 128
mem[X,0x0000000080010AD0] -> 0xBC23
mem[X,0x0000000080010AD2] -> 0x4A20
[2204] [M]: 0x0000000080010AD0 (0x4A20BC23) sd sp, 1208(ra)
mem[0x0000000080049688] <- 0x0000000000000002
mem[X,0x0000000080010AD4] -> 0x0513
mem[X,0x0000000080010AD6] -> 0x0010
[2205] [M]: 0x0000000080010AD4 (0x00100513) addi a0, zero, 1
x10 <- 0x0000000000000001
mem[X,0x0000000080010AD8] -> 0x1513
mem[X,0x0000000080010ADA] -> 0x0235
[2206] [M]: 0x0000000080010AD8 (0x02351513) slli a0, a0, 35
x10 <- 0x0000000800000000
mem[X,0x0000000080010ADC] -> 0x4513
mem[X,0x0000000080010ADE] -> 0xFFF5
[2207] [M]: 0x0000000080010ADC (0xFFF54513) xori a0, a0, 4095
x10 <- 0xFFFFFFF7FFFFFFFF
mem[X,0x0000000080010AE0] -> 0x0593
mem[X,0x0000000080010AE2] -> 0x0010
[2208] [M]: 0x0000000080010AE0 (0x00100593) addi a1, zero, 1
x11 <- 0x0000000000000001
mem[X,0x0000000080010AE4] -> 0x9593
mem[X,0x0000000080010AE6] -> 0x0295
[2209] [M]: 0x0000000080010AE4 (0x02959593) slli a1, a1, 41
x11 <- 0x0000020000000000
mem[X,0x0000000080010AE8] -> 0xC593
mem[X,0x0000000080010AEA] -> 0xFFF5
[2210] [M]: 0x0000000080010AE8 (0xFFF5C593) xori a1, a1, 4095
x11 <- 0xFFFFFDFFFFFFFFFF
mem[X,0x0000000080010AEC] -> 0x0113
mem[X,0x0000000080010AEE] -> 0x0000
[2211] [M]: 0x0000000080010AEC (0x00000113) addi sp, zero, 0
x2 <- 0x0000000000000000
mem[X,0x0000000080010AF0] -> 0x006F
mem[X,0x0000000080010AF2] -> 0x00C0
[2212] [M]: 0x0000000080010AF0 (0x00C0006F) jal zero, 12
mem[X,0x0000000080010AFC] -> 0x5063
mem[X,0x0000000080010AFE] -> 0x04B5
[2213] [M]: 0x0000000080010AFC (0x04B55063) bge a0, a1, 64
mem[X,0x0000000080010B3C] -> 0x0113
mem[X,0x0000000080010B3E] -> 0x0031
[2214] [M]: 0x0000000080010B3C (0x00310113) addi sp, sp, 3
x2 <- 0x0000000000000003
mem[X,0x0000000080010B40] -> 0x006F
mem[X,0x0000000080010B42] -> 0x0040
[2215] [M]: 0x0000000080010B40 (0x0040006F) jal zero, 4
mem[X,0x0000000080010B44] -> 0xB023
mem[X,0x0000000080010B46] -> 0x4C20
[2216] [M]: 0x0000000080010B44 (0x4C20B023) sd sp, 1216(ra)
mem[0x0000000080049690] <- 0x0000000000000003
mem[X,0x0000000080010B48] -> 0x0513
mem[X,0x0000000080010B4A] -> 0x0010
[2217] [M]: 0x0000000080010B48 (0x00100513) addi a0, zero, 1
x10 <- 0x0000000000000001
mem[X,0x0000000080010B4C] -> 0x1513
mem[X,0x0000000080010B4E] -> 0x0285
[2218] [M]: 0x0000000080010B4C (0x02851513) slli a0, a0, 40
x10 <- 0x0000010000000000
mem[X,0x0000000080010B50] -> 0x4513
mem[X,0x0000000080010B52] -> 0xFFF5
[2219] [M]: 0x0000000080010B50 (0xFFF54513) xori a0, a0, 4095
x10 <- 0xFFFFFEFFFFFFFFFF
mem[X,0x0000000080010B54] -> 0x0593
mem[X,0x0000000080010B56] -> 0xEFF0
[2220] [M]: 0x0000000080010B54 (0xEFF00593) addi a1, zero, 3839
x11 <- 0xFFFFFFFFFFFFFEFF
mem[X,0x0000000080010B58] -> 0x0113
mem[X,0x0000000080010B5A] -> 0x0000
[2221] [M]: 0x0000000080010B58 (0x00000113) addi sp, zero, 0
x2 <- 0x0000000000000000
mem[X,0x0000000080010B5C] -> 0x006F
mem[X,0x0000000080010B5E] -> 0x00C0
[2222] [M]: 0x0000000080010B5C (0x00C0006F) jal zero, 12
mem[X,0x0000000080010B68] -> 0x5063
mem[X,0x0000000080010B6A] -> 0x10B5
[2223] [M]: 0x0000000080010B68 (0x10B55063) bge a0, a1, 256
mem[X,0x0000000080010B6C] -> 0x0113
mem[X,0x0000000080010B6E] -> 0x0021
[2224] [M]: 0x0000000080010B6C (0x00210113) addi sp, sp, 2
x2 <- 0x0000000000000002
mem[X,0x0000000080010B70] -> 0x006F
mem[X,0x0000000080010B72] -> 0x1000
[2225] [M]: 0x0000000080010B70 (0x1000006F) jal zero, 256
mem[X,0x0000000080010C70] -> 0xB423
mem[X,0x0000000080010C72] -> 0x4C20
[2226] [M]: 0x0000000080010C70 (0x4C20B423) sd sp, 1224(ra)
mem[0x0000000080049698] <- 0x0000000000000002
mem[X,0x0000000080010C74] -> 0x0513
mem[X,0x0000000080010C76] -> 0x0010
[2227] [M]: 0x0000000080010C74 (0x00100513) addi a0, zero, 1
x10 <- 0x0000000000000001
mem[X,0x0000000080010C78] -> 0x1513
mem[X,0x0000000080010C7A] -> 0x02B5
[2228] [M]: 0x0000000080010C78 (0x02B51513) slli a0, a0, 43
x10 <- 0x0000080000000000
mem[X,0x0000000080010C7C] -> 0x4513
mem[X,0x0000000080010C7E] -> 0xFFF5
[2229] [M]: 0x0000000080010C7C (0xFFF54513) xori a0, a0, 4095
x10 <- 0xFFFFF7FFFFFFFFFF
mem[X,0x0000000080010C80] -> 0x0593
mem[X,0x0000000080010C82] -> 0x0040
[2230] [M]: 0x0000000080010C80 (0x00400593) addi a1, zero, 4
x11 <- 0x0000000000000004
mem[X,0x0000000080010C84] -> 0x0113
mem[X,0x0000000080010C86] -> 0x0000
[2231] [M]: 0x0000000080010C84 (0x00000113) addi sp, zero, 0
x2 <- 0x0000000000000000
mem[X,0x0000000080010C88] -> 0x006F
mem[X,0x0000000080010C8A] -> 0x00C0
[2232] [M]: 0x0000000080010C88 (0x00C0006F) jal zero, 12
mem[X,0x0000000080010C94] -> 0x5663
mem[X,0x0000000080010C96] -> 0x00B5
[2233] [M]: 0x0000000080010C94 (0x00B55663) bge a0, a1, 12
mem[X,0x0000000080010C98] -> 0x0113
mem[X,0x0000000080010C9A] -> 0x0021
[2234] [M]: 0x0000000080010C98 (0x00210113) addi sp, sp, 2
x2 <- 0x0000000000000002
mem[X,0x0000000080010C9C] -> 0x006F
mem[X,0x0000000080010C9E] -> 0x00C0
[2235] [M]: 0x0000000080010C9C (0x00C0006F) jal zero, 12
mem[X,0x0000000080010CA8] -> 0xB823
mem[X,0x0000000080010CAA] -> 0x4C20
[2236] [M]: 0x0000000080010CA8 (0x4C20B823) sd sp, 1232(ra)
mem[0x00000000800496A0] <- 0x0000000000000002
mem[X,0x0000000080010CAC] -> 0x0513
mem[X,0x0000000080010CAE] -> 0x0010
[2237] [M]: 0x0000000080010CAC (0x00100513) addi a0, zero, 1
x10 <- 0x0000000000000001
mem[X,0x0000000080010CB0] -> 0x1513
mem[X,0x0000000080010CB2] -> 0x02C5
[2238] [M]: 0x0000000080010CB0 (0x02C51513) slli a0, a0, 44
x10 <- 0x0000100000000000
mem[X,0x0000000080010CB4] -> 0x4513
mem[X,0x0000000080010CB6] -> 0xFFF5
[2239] [M]: 0x0000000080010CB4 (0xFFF54513) xori a0, a0, 4095
x10 <- 0xFFFFEFFFFFFFFFFF
mem[X,0x0000000080010CB8] -> 0x0593
mem[X,0x0000000080010CBA] -> 0x0010
[2240] [M]: 0x0000000080010CB8 (0x00100593) addi a1, zero, 1
x11 <- 0x0000000000000001
mem[X,0x0000000080010CBC] -> 0x9593
mem[X,0x0000000080010CBE] -> 0x01A5
[2241] [M]: 0x0000000080010CBC (0x01A59593) slli a1, a1, 26
x11 <- 0x0000000004000000
mem[X,0x0000000080010CC0] -> 0x0113
mem[X,0x0000000080010CC2] -> 0x0000
[2242] [M]: 0x0000000080010CC0 (0x00000113) addi sp, zero, 0
x2 <- 0x0000000000000000
mem[X,0x0000000080010CC4] -> 0x006F
mem[X,0x0000000080010CC6] -> 0x00C0
[2243] [M]: 0x0000000080010CC4 (0x00C0006F) jal zero, 12
mem[X,0x0000000080010CD0] -> 0x5CE3
mem[X,0x0000000080010CD2] -> 0xFEB5
[2244] [M]: 0x0000000080010CD0 (0xFEB55CE3) bge a0, a1, 8184
mem[X,0x0000000080010CD4] -> 0x0113
mem[X,0x0000000080010CD6] -> 0x0021
[2245] [M]: 0x0000000080010CD4 (0x00210113) addi sp, sp, 2
x2 <- 0x0000000000000002
mem[X,0x0000000080010CD8] -> 0x006F
mem[X,0x0000000080010CDA] -> 0x00C0
[2246] [M]: 0x0000000080010CD8 (0x00C0006F) jal zero, 12
mem[X,0x0000000080010CE4] -> 0xBC23
mem[X,0x0000000080010CE6] -> 0x4C20
[2247] [M]: 0x0000000080010CE4 (0x4C20BC23) sd sp, 1240(ra)
mem[0x00000000800496A8] <- 0x0000000000000002
mem[X,0x0000000080010CE8] -> 0x0513
mem[X,0x0000000080010CEA] -> 0x0010
[2248] [M]: 0x0000000080010CE8 (0x00100513) addi a0, zero, 1
x10 <- 0x0000000000000001
mem[X,0x0000000080010CEC] -> 0x1513
mem[X,0x0000000080010CEE] -> 0x02E5
[2249] [M]: 0x0000000080010CEC (0x02E51513) slli a0, a0, 46
x10 <- 0x0000400000000000
mem[X,0x0000000080010CF0] -> 0x4513
mem[X,0x0000000080010CF2] -> 0xFFF5
[2250] [M]: 0x0000000080010CF0 (0xFFF54513) xori a0, a0, 4095
x10 <- 0xFFFFBFFFFFFFFFFF
mem[X,0x0000000080010CF4] -> 0x0593
mem[X,0x0000000080010CF6] -> 0x0050
[2251] [M]: 0x0000000080010CF4 (0x00500593) addi a1, zero, 5
x11 <- 0x0000000000000005
mem[X,0x0000000080010CF8] -> 0x0113
mem[X,0x0000000080010CFA] -> 0x0000
[2252] [M]: 0x0000000080010CF8 (0x00000113) addi sp, zero, 0
x2 <- 0x0000000000000000
mem[X,0x0000000080010CFC] -> 0x006F
mem[X,0x0000000080010CFE] -> 0x2B10
[2253] [M]: 0x0000000080010CFC (0x2B10006F) jal zero, 2736
mem[X,0x00000000800117AC] -> 0x5A63
mem[X,0x00000000800117AE] -> 0xD4B5
[2254] [M]: 0x00000000800117AC (0xD4B55A63) bge a0, a1, 5460
mem[X,0x00000000800117B0] -> 0x0113
mem[X,0x00000000800117B2] -> 0x0021
[2255] [M]: 0x00000000800117B0 (0x00210113) addi sp, sp, 2
x2 <- 0x0000000000000002
mem[X,0x00000000800117B4] -> 0x006F
mem[X,0x00000000800117B6] -> 0x00C0
[2256] [M]: 0x00000000800117B4 (0x00C0006F) jal zero, 12
mem[X,0x00000000800117C0] -> 0xB023
mem[X,0x00000000800117C2] -> 0x4E20
[2257] [M]: 0x00000000800117C0 (0x4E20B023) sd sp, 1248(ra)
mem[0x00000000800496B0] <- 0x0000000000000002
mem[X,0x00000000800117C4] -> 0x0513
mem[X,0x00000000800117C6] -> 0x0010
[2258] [M]: 0x00000000800117C4 (0x00100513) addi a0, zero, 1
x10 <- 0x0000000000000001
mem[X,0x00000000800117C8] -> 0x1513
mem[X,0x00000000800117CA] -> 0x0305
[2259] [M]: 0x00000000800117C8 (0x03051513) slli a0, a0, 48
x10 <- 0x0001000000000000
mem[X,0x00000000800117CC] -> 0x4513
mem[X,0x00000000800117CE] -> 0xFFF5
[2260] [M]: 0x00000000800117CC (0xFFF54513) xori a0, a0, 4095
x10 <- 0xFFFEFFFFFFFFFFFF
mem[X,0x00000000800117D0] -> 0x0593
mem[X,0x00000000800117D2] -> 0x0030
[2261] [M]: 0x00000000800117D0 (0x00300593) addi a1, zero, 3
x11 <- 0x0000000000000003
mem[X,0x00000000800117D4] -> 0x0113
mem[X,0x00000000800117D6] -> 0x0000
[2262] [M]: 0x00000000800117D4 (0x00000113) addi sp, zero, 0
x2 <- 0x0000000000000000
mem[X,0x00000000800117D8] -> 0x006F
mem[X,0x00000000800117DA] -> 0x00C0
[2263] [M]: 0x00000000800117D8 (0x00C0006F) jal zero, 12
mem[X,0x00000000800117E4] -> 0x5063
mem[X,0x00000000800117E6] -> 0x40B5
[2264] [M]: 0x00000000800117E4 (0x40B55063) bge a0, a1, 1024
mem[X,0x00000000800117E8] -> 0x0113
mem[X,0x00000000800117EA] -> 0x0021
[2265] [M]: 0x00000000800117E8 (0x00210113) addi sp, sp, 2
x2 <- 0x0000000000000002
mem[X,0x00000000800117EC] -> 0x006F
mem[X,0x00000000800117EE] -> 0x4000
[2266] [M]: 0x00000000800117EC (0x4000006F) jal zero, 1024
mem[X,0x0000000080011BEC] -> 0xB423
mem[X,0x0000000080011BEE] -> 0x4E20
[2267] [M]: 0x0000000080011BEC (0x4E20B423) sd sp, 1256(ra)
mem[0x00000000800496B8] <- 0x0000000000000002
mem[X,0x0000000080011BF0] -> 0x0513
mem[X,0x0000000080011BF2] -> 0x0010
[2268] [M]: 0x0000000080011BF0 (0x00100513) addi a0, zero, 1
x10 <- 0x0000000000000001
mem[X,0x0000000080011BF4] -> 0x1513
mem[X,0x0000000080011BF6] -> 0x0315
[2269] [M]: 0x0000000080011BF4 (0x03151513) slli a0, a0, 49
x10 <- 0x0002000000000000
mem[X,0x0000000080011BF8] -> 0x4513
mem[X,0x0000000080011BFA] -> 0xFFF5
[2270] [M]: 0x0000000080011BF8 (0xFFF54513) xori a0, a0, 4095
x10 <- 0xFFFDFFFFFFFFFFFF
mem[X,0x0000000080011BFC] -> 0x65B7
mem[X,0x0000000080011BFE] -> 0x6666
[2271] [M]: 0x0000000080011BFC (0x666665B7) lui a1, 419430
x11 <- 0x0000000066666000
mem[X,0x0000000080011C00] -> 0x8593
mem[X,0x0000000080011C02] -> 0x6665
[2272] [M]: 0x0000000080011C00 (0x66658593) addi a1, a1, 1638
x11 <- 0x0000000066666666
mem[X,0x0000000080011C04] -> 0x9593
mem[X,0x0000000080011C06] -> 0x00B5
[2273] [M]: 0x0000000080011C04 (0x00B59593) slli a1, a1, 11
x11 <- 0x0000033333333000
mem[X,0x0000000080011C08] -> 0x8593
mem[X,0x0000000080011C0A] -> 0x3335
[2274] [M]: 0x0000000080011C08 (0x33358593) addi a1, a1, 819
x11 <- 0x0000033333333333
mem[X,0x0000000080011C0C] -> 0x9593
mem[X,0x0000000080011C0E] -> 0x00B5
[2275] [M]: 0x0000000080011C0C (0x00B59593) slli a1, a1, 11
x11 <- 0x0019999999999800
mem[X,0x0000000080011C10] -> 0x8593
mem[X,0x0000000080011C12] -> 0x1995
[2276] [M]: 0x0000000080011C10 (0x19958593) addi a1, a1, 409
x11 <- 0x0019999999999999
mem[X,0x0000000080011C14] -> 0x9593
mem[X,0x0000000080011C16] -> 0x00A5
[2277] [M]: 0x0000000080011C14 (0x00A59593) slli a1, a1, 10
x11 <- 0x6666666666666400
mem[X,0x0000000080011C18] -> 0x8593
mem[X,0x0000000080011C1A] -> 0x2655
[2278] [M]: 0x0000000080011C18 (0x26558593) addi a1, a1, 613
x11 <- 0x6666666666666665
mem[X,0x0000000080011C1C] -> 0x0113
mem[X,0x0000000080011C1E] -> 0x0000
[2279] [M]: 0x0000000080011C1C (0x00000113) addi sp, zero, 0
x2 <- 0x0000000000000000
mem[X,0x0000000080011C20] -> 0x006F
mem[X,0x0000000080011C22] -> 0x00C0
[2280] [M]: 0x0000000080011C20 (0x00C0006F) jal zero, 12
mem[X,0x0000000080011C2C] -> 0x5063
mem[X,0x0000000080011C2E] -> 0x08B5
[2281] [M]: 0x0000000080011C2C (0x08B55063) bge a0, a1, 128
mem[X,0x0000000080011C30] -> 0x0113
mem[X,0x0000000080011C32] -> 0x0021
[2282] [M]: 0x0000000080011C30 (0x00210113) addi sp, sp, 2
x2 <- 0x0000000000000002
mem[X,0x0000000080011C34] -> 0x006F
mem[X,0x0000000080011C36] -> 0x0800
[2283] [M]: 0x0000000080011C34 (0x0800006F) jal zero, 128
mem[X,0x0000000080011CB4] -> 0xB823
mem[X,0x0000000080011CB6] -> 0x4E20
[2284] [M]: 0x0000000080011CB4 (0x4E20B823) sd sp, 1264(ra)
mem[0x00000000800496C0] <- 0x0000000000000002
mem[X,0x0000000080011CB8] -> 0x0513
mem[X,0x0000000080011CBA] -> 0x0010
[2285] [M]: 0x0000000080011CB8 (0x00100513) addi a0, zero, 1
x10 <- 0x0000000000000001
mem[X,0x0000000080011CBC] -> 0x1513
mem[X,0x0000000080011CBE] -> 0x0345
[2286] [M]: 0x0000000080011CBC (0x03451513) slli a0, a0, 52
x10 <- 0x0010000000000000
mem[X,0x0000000080011CC0] -> 0x4513
mem[X,0x0000000080011CC2] -> 0xFFF5
[2287] [M]: 0x0000000080011CC0 (0xFFF54513) xori a0, a0, 4095
x10 <- 0xFFEFFFFFFFFFFFFF
mem[X,0x0000000080011CC4] -> 0x05B7
mem[X,0x0000000080011CC6] -> 0x0000
[2288] [M]: 0x0000000080011CC4 (0x000005B7) lui a1, 0
x11 <- 0x0000000000000000
mem[X,0x0000000080011CC8] -> 0x8593
mem[X,0x0000000080011CCA] -> 0xFFF5
[2289] [M]: 0x0000000080011CC8 (0xFFF58593) addi a1, a1, 4095
x11 <- 0xFFFFFFFFFFFFFFFF
mem[X,0x0000000080011CCC] -> 0x9593
mem[X,0x0000000080011CCE] -> 0x00B5
[2290] [M]: 0x0000000080011CCC (0x00B59593) slli a1, a1, 11
x11 <- 0xFFFFFFFFFFFFF800
mem[X,0x0000000080011CD0] -> 0x8593
mem[X,0x0000000080011CD2] -> 0x2575
[2291] [M]: 0x0000000080011CD0 (0x25758593) addi a1, a1, 599
x11 <- 0xFFFFFFFFFFFFFA57
mem[X,0x0000000080011CD4] -> 0x9593
mem[X,0x0000000080011CD6] -> 0x00B5
[2292] [M]: 0x0000000080011CD4 (0x00B59593) slli a1, a1, 11
x11 <- 0xFFFFFFFFFFD2B800
mem[X,0x0000000080011CD8] -> 0x8593
mem[X,0x0000000080011CDA] -> 0x6C35
[2293] [M]: 0x0000000080011CD8 (0x6C358593) addi a1, a1, 1731
x11 <- 0xFFFFFFFFFFD2BEC3
mem[X,0x0000000080011CDC] -> 0x9593
mem[X,0x0000000080011CDE] -> 0x00A5
[2294] [M]: 0x0000000080011CDC (0x00A59593) slli a1, a1, 10
x11 <- 0xFFFFFFFF4AFB0C00
mem[X,0x0000000080011CE0] -> 0x8593
mem[X,0x0000000080011CE2] -> 0x0CE5
[2295] [M]: 0x0000000080011CE0 (0x0CE58593) addi a1, a1, 206
x11 <- 0xFFFFFFFF4AFB0CCE
mem[X,0x0000000080011CE4] -> 0x0113
mem[X,0x0000000080011CE6] -> 0x0000
[2296] [M]: 0x0000000080011CE4 (0x00000113) addi sp, zero, 0
x2 <- 0x0000000000000000
mem[X,0x0000000080011CE8] -> 0x006F
mem[X,0x0000000080011CEA] -> 0x0180
[2297] [M]: 0x0000000080011CE8 (0x0180006F) jal zero, 24
mem[X,0x0000000080011D00] -> 0x56E3
mem[X,0x0000000080011D02] -> 0xFEB5
[2298] [M]: 0x0000000080011D00 (0xFEB556E3) bge a0, a1, 8172
mem[X,0x0000000080011D04] -> 0x0113
mem[X,0x0000000080011D06] -> 0x0021
[2299] [M]: 0x0000000080011D04 (0x00210113) addi sp, sp, 2
x2 <- 0x0000000000000002
clint::tick mtime <- 0x0000000000000017
 clint timer pending at mtime 0x0000000000000017
htif::tick 0x0000000000000000
mem[X,0x0000000080011D08] -> 0x006F
mem[X,0x0000000080011D0A] -> 0x00C0
[2300] [M]: 0x0000000080011D08 (0x00C0006F) jal zero, 12
mem[X,0x0000000080011D14] -> 0xBC23
mem[X,0x0000000080011D16] -> 0x4E20
[2301] [M]: 0x0000000080011D14 (0x4E20BC23) sd sp, 1272(ra)
mem[0x00000000800496C8] <- 0x0000000000000002
mem[X,0x0000000080011D18] -> 0x0513
mem[X,0x0000000080011D1A] -> 0x0010
[2302] [M]: 0x0000000080011D18 (0x00100513) addi a0, zero, 1
x10 <- 0x0000000000000001
mem[X,0x0000000080011D1C] -> 0x1513
mem[X,0x0000000080011D1E] -> 0x0385
[2303] [M]: 0x0000000080011D1C (0x03851513) slli a0, a0, 56
x10 <- 0x0100000000000000
mem[X,0x0000000080011D20] -> 0x4513
mem[X,0x0000000080011D22] -> 0xFFF5
[2304] [M]: 0x0000000080011D20 (0xFFF54513) xori a0, a0, 4095
x10 <- 0xFEFFFFFFFFFFFFFF
mem[X,0x0000000080011D24] -> 0x0593
mem[X,0x0000000080011D26] -> 0x0200
[2305] [M]: 0x0000000080011D24 (0x02000593) addi a1, zero, 32
x11 <- 0x0000000000000020
mem[X,0x0000000080011D28] -> 0x0113
mem[X,0x0000000080011D2A] -> 0x0000
[2306] [M]: 0x0000000080011D28 (0x00000113) addi sp, zero, 0
x2 <- 0x0000000000000000
mem[X,0x0000000080011D2C] -> 0x006F
mem[X,0x0000000080011D2E] -> 0x00C0
[2307] [M]: 0x0000000080011D2C (0x00C0006F) jal zero, 12
mem[X,0x0000000080011D38] -> 0x5CE3
mem[X,0x0000000080011D3A] -> 0xFEB5
[2308] [M]: 0x0000000080011D38 (0xFEB55CE3) bge a0, a1, 8184
mem[X,0x0000000080011D3C] -> 0x0113
mem[X,0x0000000080011D3E] -> 0x0021
[2309] [M]: 0x0000000080011D3C (0x00210113) addi sp, sp, 2
x2 <- 0x0000000000000002
mem[X,0x0000000080011D40] -> 0x006F
mem[X,0x0000000080011D42] -> 0x00C0
[2310] [M]: 0x0000000080011D40 (0x00C0006F) jal zero, 12
mem[X,0x0000000080011D4C] -> 0xB023
mem[X,0x0000000080011D4E] -> 0x5020
[2311] [M]: 0x0000000080011D4C (0x5020B023) sd sp, 1280(ra)
mem[0x00000000800496D0] <- 0x0000000000000002
mem[X,0x0000000080011D50] -> 0x0513
mem[X,0x0000000080011D52] -> 0x0010
[2312] [M]: 0x0000000080011D50 (0x00100513) addi a0, zero, 1
x10 <- 0x0000000000000001
mem[X,0x0000000080011D54] -> 0x1513
mem[X,0x0000000080011D56] -> 0x03D5
[2313] [M]: 0x0000000080011D54 (0x03D51513) slli a0, a0, 61
x10 <- 0x2000000000000000
mem[X,0x0000000080011D58] -> 0x4513
mem[X,0x0000000080011D5A] -> 0xFFF5
[2314] [M]: 0x0000000080011D58 (0xFFF54513) xori a0, a0, 4095
x10 <- 0xDFFFFFFFFFFFFFFF
mem[X,0x0000000080011D5C] -> 0xB5B7
mem[X,0x0000000080011D5E] -> 0xAAAA
[2315] [M]: 0x0000000080011D5C (0xAAAAB5B7) lui a1, 699051
x11 <- 0xFFFFFFFFAAAAB000
mem[X,0x0000000080011D60] -> 0x8593
mem[X,0x0000000080011D62] -> 0xAAA5
[2316] [M]: 0x0000000080011D60 (0xAAA58593) addi a1, a1, 2730
x11 <- 0xFFFFFFFFAAAAAAAA
mem[X,0x0000000080011D64] -> 0x9593
mem[X,0x0000000080011D66] -> 0x00B5
[2317] [M]: 0x0000000080011D64 (0x00B59593) slli a1, a1, 11
x11 <- 0xFFFFFD5555555000
mem[X,0x0000000080011D68] -> 0x8593
mem[X,0x0000000080011D6A] -> 0x5555
[2318] [M]: 0x0000000080011D68 (0x55558593) addi a1, a1, 1365
x11 <- 0xFFFFFD5555555555
mem[X,0x0000000080011D6C] -> 0x9593
mem[X,0x0000000080011D6E] -> 0x00B5
[2319] [M]: 0x0000000080011D6C (0x00B59593) slli a1, a1, 11
x11 <- 0xFFEAAAAAAAAAA800
mem[X,0x0000000080011D70] -> 0x8593
mem[X,0x0000000080011D72] -> 0x2AA5
[2320] [M]: 0x0000000080011D70 (0x2AA58593) addi a1, a1, 682
x11 <- 0xFFEAAAAAAAAAAAAA
mem[X,0x0000000080011D74] -> 0x9593
mem[X,0x0000000080011D76] -> 0x00A5
[2321] [M]: 0x0000000080011D74 (0x00A59593) slli a1, a1, 10
x11 <- 0xAAAAAAAAAAAAA800
mem[X,0x0000000080011D78] -> 0x8593
mem[X,0x0000000080011D7A] -> 0x2AA5
[2322] [M]: 0x0000000080011D78 (0x2AA58593) addi a1, a1, 682
x11 <- 0xAAAAAAAAAAAAAAAA
mem[X,0x0000000080011D7C] -> 0x0113
mem[X,0x0000000080011D7E] -> 0x0000
[2323] [M]: 0x0000000080011D7C (0x00000113) addi sp, zero, 0
x2 <- 0x0000000000000000
mem[X,0x0000000080011D80] -> 0x006F
mem[X,0x0000000080011D82] -> 0x00C0
[2324] [M]: 0x0000000080011D80 (0x00C0006F) jal zero, 12
mem[X,0x0000000080011D8C] -> 0x5663
mem[X,0x0000000080011D8E] -> 0x00B5
[2325] [M]: 0x0000000080011D8C (0x00B55663) bge a0, a1, 12
mem[X,0x0000000080011D98] -> 0x0113
mem[X,0x0000000080011D9A] -> 0x0031
[2326] [M]: 0x0000000080011D98 (0x00310113) addi sp, sp, 3
x2 <- 0x0000000000000003
mem[X,0x0000000080011D9C] -> 0x006F
mem[X,0x0000000080011D9E] -> 0x0040
[2327] [M]: 0x0000000080011D9C (0x0040006F) jal zero, 4
mem[X,0x0000000080011DA0] -> 0xB423
mem[X,0x0000000080011DA2] -> 0x5020
[2328] [M]: 0x0000000080011DA0 (0x5020B423) sd sp, 1288(ra)
mem[0x00000000800496D8] <- 0x0000000000000003
mem[X,0x0000000080011DA4] -> 0x0513
mem[X,0x0000000080011DA6] -> 0x0010
[2329] [M]: 0x0000000080011DA4 (0x00100513) addi a0, zero, 1
x10 <- 0x0000000000000001
mem[X,0x0000000080011DA8] -> 0x1513
mem[X,0x0000000080011DAA] -> 0x03E5
[2330] [M]: 0x0000000080011DA8 (0x03E51513) slli a0, a0, 62
x10 <- 0x4000000000000000
mem[X,0x0000000080011DAC] -> 0x4513
mem[X,0x0000000080011DAE] -> 0xFFF5
[2331] [M]: 0x0000000080011DAC (0xFFF54513) xori a0, a0, 4095
x10 <- 0xBFFFFFFFFFFFFFFF
mem[X,0x0000000080011DB0] -> 0x0593
mem[X,0x0000000080011DB2] -> 0x0010
[2332] [M]: 0x0000000080011DB0 (0x00100593) addi a1, zero, 1
x11 <- 0x0000000000000001
mem[X,0x0000000080011DB4] -> 0x9593
mem[X,0x0000000080011DB6] -> 0x0235
[2333] [M]: 0x0000000080011DB4 (0x02359593) slli a1, a1, 35
x11 <- 0x0000000800000000
mem[X,0x0000000080011DB8] -> 0x0113
mem[X,0x0000000080011DBA] -> 0x0000
[2334] [M]: 0x0000000080011DB8 (0x00000113) addi sp, zero, 0
x2 <- 0x0000000000000000
mem[X,0x0000000080011DBC] -> 0x006F
mem[X,0x0000000080011DBE] -> 0x0100
[2335] [M]: 0x0000000080011DBC (0x0100006F) jal zero, 16
mem[X,0x0000000080011DCC] -> 0x5AE3
mem[X,0x0000000080011DCE] -> 0xFEB5
[2336] [M]: 0x0000000080011DCC (0xFEB55AE3) bge a0, a1, 8180
mem[X,0x0000000080011DD0] -> 0x0113
mem[X,0x0000000080011DD2] -> 0x0021
[2337] [M]: 0x0000000080011DD0 (0x00210113) addi sp, sp, 2
x2 <- 0x0000000000000002
mem[X,0x0000000080011DD4] -> 0x006F
mem[X,0x0000000080011DD6] -> 0x00C0
[2338] [M]: 0x0000000080011DD4 (0x00C0006F) jal zero, 12
mem[X,0x0000000080011DE0] -> 0xB823
mem[X,0x0000000080011DE2] -> 0x5020
[2339] [M]: 0x0000000080011DE0 (0x5020B823) sd sp, 1296(ra)
mem[0x00000000800496E0] <- 0x0000000000000002
mem[X,0x0000000080011DE4] -> 0x0513
mem[X,0x0000000080011DE6] -> 0xFFF0
[2340] [M]: 0x0000000080011DE4 (0xFFF00513) addi a0, zero, 4095
x10 <- 0xFFFFFFFFFFFFFFFF
mem[X,0x0000000080011DE8] -> 0x5513
mem[X,0x0000000080011DEA] -> 0x0015
[2341] [M]: 0x0000000080011DE8 (0x00155513) srli a0, a0, 1
x10 <- 0x7FFFFFFFFFFFFFFF
mem[X,0x0000000080011DEC] -> 0x0593
mem[X,0x0000000080011DEE] -> 0x0010
[2342] [M]: 0x0000000080011DEC (0x00100593) addi a1, zero, 1
x11 <- 0x0000000000000001
mem[X,0x0000000080011DF0] -> 0x9593
mem[X,0x0000000080011DF2] -> 0x0135
[2343] [M]: 0x0000000080011DF0 (0x01359593) slli a1, a1, 19
x11 <- 0x0000000000080000
mem[X,0x0000000080011DF4] -> 0xC593
mem[X,0x0000000080011DF6] -> 0xFFF5
[2344] [M]: 0x0000000080011DF4 (0xFFF5C593) xori a1, a1, 4095
x11 <- 0xFFFFFFFFFFF7FFFF
mem[X,0x0000000080011DF8] -> 0x0113
mem[X,0x0000000080011DFA] -> 0x0000
[2345] [M]: 0x0000000080011DF8 (0x00000113) addi sp, zero, 0
x2 <- 0x0000000000000000
mem[X,0x0000000080011DFC] -> 0x006F
mem[X,0x0000000080011DFE] -> 0x00C0
[2346] [M]: 0x0000000080011DFC (0x00C0006F) jal zero, 12
mem[X,0x0000000080011E08] -> 0x5663
mem[X,0x0000000080011E0A] -> 0x00B5
[2347] [M]: 0x0000000080011E08 (0x00B55663) bge a0, a1, 12
mem[X,0x0000000080011E14] -> 0x0113
mem[X,0x0000000080011E16] -> 0x0031
[2348] [M]: 0x0000000080011E14 (0x00310113) addi sp, sp, 3
x2 <- 0x0000000000000003
mem[X,0x0000000080011E18] -> 0x006F
mem[X,0x0000000080011E1A] -> 0x0040
[2349] [M]: 0x0000000080011E18 (0x0040006F) jal zero, 4
mem[X,0x0000000080011E1C] -> 0xBC23
mem[X,0x0000000080011E1E] -> 0x5020
[2350] [M]: 0x0000000080011E1C (0x5020BC23) sd sp, 1304(ra)
mem[0x00000000800496E8] <- 0x0000000000000003
mem[X,0x0000000080011E20] -> 0x0513
mem[X,0x0000000080011E22] -> 0x0030
[2351] [M]: 0x0000000080011E20 (0x00300513) addi a0, zero, 3
x10 <- 0x0000000000000003
mem[X,0x0000000080011E24] -> 0x0593
mem[X,0x0000000080011E26] -> 0x0030
[2352] [M]: 0x0000000080011E24 (0x00300593) addi a1, zero, 3
x11 <- 0x0000000000000003
mem[X,0x0000000080011E28] -> 0x0113
mem[X,0x0000000080011E2A] -> 0x0000
[2353] [M]: 0x0000000080011E28 (0x00000113) addi sp, zero, 0
x2 <- 0x0000000000000000
mem[X,0x0000000080011E2C] -> 0x006F
mem[X,0x0000000080011E2E] -> 0x00C0
[2354] [M]: 0x0000000080011E2C (0x00C0006F) jal zero, 12
mem[X,0x0000000080011E38] -> 0x5063
mem[X,0x0000000080011E3A] -> 0x02B5
[2355] [M]: 0x0000000080011E38 (0x02B55063) bge a0, a1, 32
mem[X,0x0000000080011E58] -> 0x0113
mem[X,0x0000000080011E5A] -> 0x0031
[2356] [M]: 0x0000000080011E58 (0x00310113) addi sp, sp, 3
x2 <- 0x0000000000000003
mem[X,0x0000000080011E5C] -> 0x006F
mem[X,0x0000000080011E5E] -> 0x0040
[2357] [M]: 0x0000000080011E5C (0x0040006F) jal zero, 4
mem[X,0x0000000080011E60] -> 0xB023
mem[X,0x0000000080011E62] -> 0x5220
[2358] [M]: 0x0000000080011E60 (0x5220B023) sd sp, 1312(ra)
mem[0x00000000800496F0] <- 0x0000000000000003
mem[X,0x0000000080011E64] -> 0x0513
mem[X,0x0000000080011E66] -> 0x0030
[2359] [M]: 0x0000000080011E64 (0x00300513) addi a0, zero, 3
x10 <- 0x0000000000000003
mem[X,0x0000000080011E68] -> 0x55B7
mem[X,0x0000000080011E6A] -> 0x5555
[2360] [M]: 0x0000000080011E68 (0x555555B7) lui a1, 349525
x11 <- 0x0000000055555000
mem[X,0x0000000080011E6C] -> 0x8593
mem[X,0x0000000080011E6E] -> 0x5555
[2361] [M]: 0x0000000080011E6C (0x55558593) addi a1, a1, 1365
x11 <- 0x0000000055555555
mem[X,0x0000000080011E70] -> 0x9593
mem[X,0x0000000080011E72] -> 0x00B5
[2362] [M]: 0x0000000080011E70 (0x00B59593) slli a1, a1, 11
x11 <- 0x000002AAAAAAA800
mem[X,0x0000000080011E74] -> 0x8593
mem[X,0x0000000080011E76] -> 0x2AA5
[2363] [M]: 0x0000000080011E74 (0x2AA58593) addi a1, a1, 682
x11 <- 0x000002AAAAAAAAAA
mem[X,0x0000000080011E78] -> 0x9593
mem[X,0x0000000080011E7A] -> 0x00B5
[2364] [M]: 0x0000000080011E78 (0x00B59593) slli a1, a1, 11
x11 <- 0x0015555555555000
mem[X,0x0000000080011E7C] -> 0x8593
mem[X,0x0000000080011E7E] -> 0x5555
[2365] [M]: 0x0000000080011E7C (0x55558593) addi a1, a1, 1365
x11 <- 0x0015555555555555
mem[X,0x0000000080011E80] -> 0x9593
mem[X,0x0000000080011E82] -> 0x00A5
[2366] [M]: 0x0000000080011E80 (0x00A59593) slli a1, a1, 10
x11 <- 0x5555555555555400
mem[X,0x0000000080011E84] -> 0x8593
mem[X,0x0000000080011E86] -> 0x1555
[2367] [M]: 0x0000000080011E84 (0x15558593) addi a1, a1, 341
x11 <- 0x5555555555555555
mem[X,0x0000000080011E88] -> 0x0113
mem[X,0x0000000080011E8A] -> 0x0000
[2368] [M]: 0x0000000080011E88 (0x00000113) addi sp, zero, 0
x2 <- 0x0000000000000000
mem[X,0x0000000080011E8C] -> 0x006F
mem[X,0x0000000080011E8E] -> 0x2B10
[2369] [M]: 0x0000000080011E8C (0x2B10006F) jal zero, 2736
mem[X,0x000000008001293C] -> 0x5A63
mem[X,0x000000008001293E] -> 0xD4B5
[2370] [M]: 0x000000008001293C (0xD4B55A63) bge a0, a1, 5460
mem[X,0x0000000080012940] -> 0x0113
mem[X,0x0000000080012942] -> 0x0021
[2371] [M]: 0x0000000080012940 (0x00210113) addi sp, sp, 2
x2 <- 0x0000000000000002
mem[X,0x0000000080012944] -> 0x006F
mem[X,0x0000000080012946] -> 0x00C0
[2372] [M]: 0x0000000080012944 (0x00C0006F) jal zero, 12
mem[X,0x0000000080012950] -> 0xB423
mem[X,0x0000000080012952] -> 0x5220
[2373] [M]: 0x0000000080012950 (0x5220B423) sd sp, 1320(ra)
mem[0x00000000800496F8] <- 0x0000000000000002
mem[X,0x0000000080012954] -> 0x0513
mem[X,0x0000000080012956] -> 0x0030
[2374] [M]: 0x0000000080012954 (0x00300513) addi a0, zero, 3
x10 <- 0x0000000000000003
mem[X,0x0000000080012958] -> 0xB5B7
mem[X,0x000000008001295A] -> 0xAAAA
[2375] [M]: 0x0000000080012958 (0xAAAAB5B7) lui a1, 699051
x11 <- 0xFFFFFFFFAAAAB000
mem[X,0x000000008001295C] -> 0x8593
mem[X,0x000000008001295E] -> 0xAAA5
[2376] [M]: 0x000000008001295C (0xAAA58593) addi a1, a1, 2730
x11 <- 0xFFFFFFFFAAAAAAAA
mem[X,0x0000000080012960] -> 0x9593
mem[X,0x0000000080012962] -> 0x00B5
[2377] [M]: 0x0000000080012960 (0x00B59593) slli a1, a1, 11
x11 <- 0xFFFFFD5555555000
mem[X,0x0000000080012964] -> 0x8593
mem[X,0x0000000080012966] -> 0x5555
[2378] [M]: 0x0000000080012964 (0x55558593) addi a1, a1, 1365
x11 <- 0xFFFFFD5555555555
mem[X,0x0000000080012968] -> 0x9593
mem[X,0x000000008001296A] -> 0x00B5
[2379] [M]: 0x0000000080012968 (0x00B59593) slli a1, a1, 11
x11 <- 0xFFEAAAAAAAAAA800
mem[X,0x000000008001296C] -> 0x8593
mem[X,0x000000008001296E] -> 0x2AA5
[2380] [M]: 0x000000008001296C (0x2AA58593) addi a1, a1, 682
x11 <- 0xFFEAAAAAAAAAAAAA
mem[X,0x0000000080012970] -> 0x9593
mem[X,0x0000000080012972] -> 0x00A5
[2381] [M]: 0x0000000080012970 (0x00A59593) slli a1, a1, 10
x11 <- 0xAAAAAAAAAAAAA800
mem[X,0x0000000080012974] -> 0x8593
mem[X,0x0000000080012976] -> 0x2AA5
[2382] [M]: 0x0000000080012974 (0x2AA58593) addi a1, a1, 682
x11 <- 0xAAAAAAAAAAAAAAAA
mem[X,0x0000000080012978] -> 0x0113
mem[X,0x000000008001297A] -> 0x0000
[2383] [M]: 0x0000000080012978 (0x00000113) addi sp, zero, 0
x2 <- 0x0000000000000000
mem[X,0x000000008001297C] -> 0x006F
mem[X,0x000000008001297E] -> 0x0050
[2384] [M]: 0x000000008001297C (0x0050006F) jal zero, 2052
mem[X,0x0000000080013180] -> 0x50E3
mem[X,0x0000000080013182] -> 0x80B5
[2385] [M]: 0x0000000080013180 (0x80B550E3) bge a0, a1, 6144
mem[X,0x0000000080012980] -> 0x0113
mem[X,0x0000000080012982] -> 0x0011
[2386] [M]: 0x0000000080012980 (0x00110113) addi sp, sp, 1
x2 <- 0x0000000000000001
mem[X,0x0000000080012984] -> 0x006F
mem[X,0x0000000080012986] -> 0x0110
[2387] [M]: 0x0000000080012984 (0x0110006F) jal zero, 2064
mem[X,0x0000000080013194] -> 0xB823
mem[X,0x0000000080013196] -> 0x5220
[2388] [M]: 0x0000000080013194 (0x5220B823) sd sp, 1328(ra)
mem[0x0000000080049700] <- 0x0000000000000001
mem[X,0x0000000080013198] -> 0x0513
mem[X,0x000000008001319A] -> 0x0030
[2389] [M]: 0x0000000080013198 (0x00300513) addi a0, zero, 3
x10 <- 0x0000000000000003
mem[X,0x000000008001319C] -> 0x0593
mem[X,0x000000008001319E] -> 0x0050
[2390] [M]: 0x000000008001319C (0x00500593) addi a1, zero, 5
x11 <- 0x0000000000000005
mem[X,0x00000000800131A0] -> 0x0113
mem[X,0x00000000800131A2] -> 0x0000
[2391] [M]: 0x00000000800131A0 (0x00000113) addi sp, zero, 0
x2 <- 0x0000000000000000
mem[X,0x00000000800131A4] -> 0x006F
mem[X,0x00000000800131A6] -> 0x00C0
[2392] [M]: 0x00000000800131A4 (0x00C0006F) jal zero, 12
mem[X,0x00000000800131B0] -> 0x5063
mem[X,0x00000000800131B2] -> 0x04B5
[2393] [M]: 0x00000000800131B0 (0x04B55063) bge a0, a1, 64
mem[X,0x00000000800131B4] -> 0x0113
mem[X,0x00000000800131B6] -> 0x0021
[2394] [M]: 0x00000000800131B4 (0x00210113) addi sp, sp, 2
x2 <- 0x0000000000000002
mem[X,0x00000000800131B8] -> 0x006F
mem[X,0x00000000800131BA] -> 0x0400
[2395] [M]: 0x00000000800131B8 (0x0400006F) jal zero, 64
mem[X,0x00000000800131F8] -> 0xBC23
mem[X,0x00000000800131FA] -> 0x5220
[2396] [M]: 0x00000000800131F8 (0x5220BC23) sd sp, 1336(ra)
mem[0x0000000080049708] <- 0x0000000000000002
mem[X,0x00000000800131FC] -> 0x0513
mem[X,0x00000000800131FE] -> 0x0030
[2397] [M]: 0x00000000800131FC (0x00300513) addi a0, zero, 3
x10 <- 0x0000000000000003
mem[X,0x0000000080013200] -> 0x35B7
mem[X,0x0000000080013202] -> 0x3333
[2398] [M]: 0x0000000080013200 (0x333335B7) lui a1, 209715
x11 <- 0x0000000033333000
mem[X,0x0000000080013204] -> 0x8593
mem[X,0x0000000080013206] -> 0x3335
[2399] [M]: 0x0000000080013204 (0x33358593) addi a1, a1, 819
x11 <- 0x0000000033333333
clint::tick mtime <- 0x0000000000000018
 clint timer pending at mtime 0x0000000000000018
htif::tick 0x0000000000000000
mem[X,0x0000000080013208] -> 0x9593
mem[X,0x000000008001320A] -> 0x00B5
[2400] [M]: 0x0000000080013208 (0x00B59593) slli a1, a1, 11
x11 <- 0x0000019999999800
mem[X,0x000000008001320C] -> 0x8593
mem[X,0x000000008001320E] -> 0x1995
[2401] [M]: 0x000000008001320C (0x19958593) addi a1, a1, 409
x11 <- 0x0000019999999999
mem[X,0x0000000080013210] -> 0x9593
mem[X,0x0000000080013212] -> 0x00B5
[2402] [M]: 0x0000000080013210 (0x00B59593) slli a1, a1, 11
x11 <- 0x000CCCCCCCCCC800
mem[X,0x0000000080013214] -> 0x8593
mem[X,0x0000000080013216] -> 0x4CC5
[2403] [M]: 0x0000000080013214 (0x4CC58593) addi a1, a1, 1228
x11 <- 0x000CCCCCCCCCCCCC
mem[X,0x0000000080013218] -> 0x9593
mem[X,0x000000008001321A] -> 0x00A5
[2404] [M]: 0x0000000080013218 (0x00A59593) slli a1, a1, 10
x11 <- 0x3333333333333000
mem[X,0x000000008001321C] -> 0x8593
mem[X,0x000000008001321E] -> 0x3335
[2405] [M]: 0x000000008001321C (0x33358593) addi a1, a1, 819
x11 <- 0x3333333333333333
mem[X,0x0000000080013220] -> 0x0113
mem[X,0x0000000080013222] -> 0x0000
[2406] [M]: 0x0000000080013220 (0x00000113) addi sp, zero, 0
x2 <- 0x0000000000000000
mem[X,0x0000000080013224] -> 0x006F
mem[X,0x0000000080013226] -> 0x00C0
[2407] [M]: 0x0000000080013224 (0x00C0006F) jal zero, 12
mem[X,0x0000000080013230] -> 0x5863
mem[X,0x0000000080013232] -> 0x00B5
[2408] [M]: 0x0000000080013230 (0x00B55863) bge a0, a1, 16
mem[X,0x0000000080013234] -> 0x0113
mem[X,0x0000000080013236] -> 0x0021
[2409] [M]: 0x0000000080013234 (0x00210113) addi sp, sp, 2
x2 <- 0x0000000000000002
mem[X,0x0000000080013238] -> 0x006F
mem[X,0x000000008001323A] -> 0x0100
[2410] [M]: 0x0000000080013238 (0x0100006F) jal zero, 16
mem[X,0x0000000080013248] -> 0xB023
mem[X,0x000000008001324A] -> 0x5420
[2411] [M]: 0x0000000080013248 (0x5420B023) sd sp, 1344(ra)
mem[0x0000000080049710] <- 0x0000000000000002
mem[X,0x000000008001324C] -> 0x0513
mem[X,0x000000008001324E] -> 0x0030
[2412] [M]: 0x000000008001324C (0x00300513) addi a0, zero, 3
x10 <- 0x0000000000000003
mem[X,0x0000000080013250] -> 0x65B7
mem[X,0x0000000080013252] -> 0x6666
[2413] [M]: 0x0000000080013250 (0x666665B7) lui a1, 419430
x11 <- 0x0000000066666000
mem[X,0x0000000080013254] -> 0x8593
mem[X,0x0000000080013256] -> 0x6665
[2414] [M]: 0x0000000080013254 (0x66658593) addi a1, a1, 1638
x11 <- 0x0000000066666666
mem[X,0x0000000080013258] -> 0x9593
mem[X,0x000000008001325A] -> 0x00B5
[2415] [M]: 0x0000000080013258 (0x00B59593) slli a1, a1, 11
x11 <- 0x0000033333333000
mem[X,0x000000008001325C] -> 0x8593
mem[X,0x000000008001325E] -> 0x3335
[2416] [M]: 0x000000008001325C (0x33358593) addi a1, a1, 819
x11 <- 0x0000033333333333
mem[X,0x0000000080013260] -> 0x9593
mem[X,0x0000000080013262] -> 0x00B5
[2417] [M]: 0x0000000080013260 (0x00B59593) slli a1, a1, 11
x11 <- 0x0019999999999800
mem[X,0x0000000080013264] -> 0x8593
mem[X,0x0000000080013266] -> 0x1995
[2418] [M]: 0x0000000080013264 (0x19958593) addi a1, a1, 409
x11 <- 0x0019999999999999
mem[X,0x0000000080013268] -> 0x9593
mem[X,0x000000008001326A] -> 0x00A5
[2419] [M]: 0x0000000080013268 (0x00A59593) slli a1, a1, 10
x11 <- 0x6666666666666400
mem[X,0x000000008001326C] -> 0x8593
mem[X,0x000000008001326E] -> 0x2665
[2420] [M]: 0x000000008001326C (0x26658593) addi a1, a1, 614
x11 <- 0x6666666666666666
mem[X,0x0000000080013270] -> 0x0113
mem[X,0x0000000080013272] -> 0x0000
[2421] [M]: 0x0000000080013270 (0x00000113) addi sp, zero, 0
x2 <- 0x0000000000000000
mem[X,0x0000000080013274] -> 0x006F
mem[X,0x0000000080013276] -> 0x00C0
[2422] [M]: 0x0000000080013274 (0x00C0006F) jal zero, 12
mem[X,0x0000000080013280] -> 0x5063
mem[X,0x0000000080013282] -> 0x20B5
[2423] [M]: 0x0000000080013280 (0x20B55063) bge a0, a1, 512
mem[X,0x0000000080013284] -> 0x0113
mem[X,0x0000000080013286] -> 0x0021
[2424] [M]: 0x0000000080013284 (0x00210113) addi sp, sp, 2
x2 <- 0x0000000000000002
mem[X,0x0000000080013288] -> 0x006F
mem[X,0x000000008001328A] -> 0x2000
[2425] [M]: 0x0000000080013288 (0x2000006F) jal zero, 512
mem[X,0x0000000080013488] -> 0xB423
mem[X,0x000000008001348A] -> 0x5420
[2426] [M]: 0x0000000080013488 (0x5420B423) sd sp, 1352(ra)
mem[0x0000000080049718] <- 0x0000000000000002
mem[X,0x000000008001348C] -> 0x0513
mem[X,0x000000008001348E] -> 0x0030
[2427] [M]: 0x000000008001348C (0x00300513) addi a0, zero, 3
x10 <- 0x0000000000000003
mem[X,0x0000000080013490] -> 0x05B7
mem[X,0x0000000080013492] -> 0x0000
[2428] [M]: 0x0000000080013490 (0x000005B7) lui a1, 0
x11 <- 0x0000000000000000
mem[X,0x0000000080013494] -> 0x8593
mem[X,0x0000000080013496] -> 0xFFF5
[2429] [M]: 0x0000000080013494 (0xFFF58593) addi a1, a1, 4095
x11 <- 0xFFFFFFFFFFFFFFFF
mem[X,0x0000000080013498] -> 0x9593
mem[X,0x000000008001349A] -> 0x00B5
[2430] [M]: 0x0000000080013498 (0x00B59593) slli a1, a1, 11
x11 <- 0xFFFFFFFFFFFFF800
mem[X,0x000000008001349C] -> 0x8593
mem[X,0x000000008001349E] -> 0x2575
[2431] [M]: 0x000000008001349C (0x25758593) addi a1, a1, 599
x11 <- 0xFFFFFFFFFFFFFA57
mem[X,0x00000000800134A0] -> 0x9593
mem[X,0x00000000800134A2] -> 0x00B5
[2432] [M]: 0x00000000800134A0 (0x00B59593) slli a1, a1, 11
x11 <- 0xFFFFFFFFFFD2B800
mem[X,0x00000000800134A4] -> 0x8593
mem[X,0x00000000800134A6] -> 0x6C35
[2433] [M]: 0x00000000800134A4 (0x6C358593) addi a1, a1, 1731
x11 <- 0xFFFFFFFFFFD2BEC3
mem[X,0x00000000800134A8] -> 0x9593
mem[X,0x00000000800134AA] -> 0x00A5
[2434] [M]: 0x00000000800134A8 (0x00A59593) slli a1, a1, 10
x11 <- 0xFFFFFFFF4AFB0C00
mem[X,0x00000000800134AC] -> 0x8593
mem[X,0x00000000800134AE] -> 0x0CD5
[2435] [M]: 0x00000000800134AC (0x0CD58593) addi a1, a1, 205
x11 <- 0xFFFFFFFF4AFB0CCD
mem[X,0x00000000800134B0] -> 0x0113
mem[X,0x00000000800134B2] -> 0x0000
[2436] [M]: 0x00000000800134B0 (0x00000113) addi sp, zero, 0
x2 <- 0x0000000000000000
mem[X,0x00000000800134B4] -> 0x006F
mem[X,0x00000000800134B6] -> 0x00C0
[2437] [M]: 0x00000000800134B4 (0x00C0006F) jal zero, 12
mem[X,0x00000000800134C0] -> 0x5063
mem[X,0x00000000800134C2] -> 0x02B5
[2438] [M]: 0x00000000800134C0 (0x02B55063) bge a0, a1, 32
mem[X,0x00000000800134E0] -> 0x0113
mem[X,0x00000000800134E2] -> 0x0031
[2439] [M]: 0x00000000800134E0 (0x00310113) addi sp, sp, 3
x2 <- 0x0000000000000003
mem[X,0x00000000800134E4] -> 0x006F
mem[X,0x00000000800134E6] -> 0x0040
[2440] [M]: 0x00000000800134E4 (0x0040006F) jal zero, 4
mem[X,0x00000000800134E8] -> 0xB823
mem[X,0x00000000800134EA] -> 0x5420
[2441] [M]: 0x00000000800134E8 (0x5420B823) sd sp, 1360(ra)
mem[0x0000000080049720] <- 0x0000000000000003
mem[X,0x00000000800134EC] -> 0x0513
mem[X,0x00000000800134EE] -> 0x0030
[2442] [M]: 0x00000000800134EC (0x00300513) addi a0, zero, 3
x10 <- 0x0000000000000003
mem[X,0x00000000800134F0] -> 0x05B7
mem[X,0x00000000800134F2] -> 0x0000
[2443] [M]: 0x00000000800134F0 (0x000005B7) lui a1, 0
x11 <- 0x0000000000000000
mem[X,0x00000000800134F4] -> 0x8593
mem[X,0x00000000800134F6] -> 0x0005
[2444] [M]: 0x00000000800134F4 (0x00058593) addi a1, a1, 0
x11 <- 0x0000000000000000
mem[X,0x00000000800134F8] -> 0x9593
mem[X,0x00000000800134FA] -> 0x00B5
[2445] [M]: 0x00000000800134F8 (0x00B59593) slli a1, a1, 11
x11 <- 0x0000000000000000
mem[X,0x00000000800134FC] -> 0x8593
mem[X,0x00000000800134FE] -> 0x5A85
[2446] [M]: 0x00000000800134FC (0x5A858593) addi a1, a1, 1448
x11 <- 0x00000000000005A8
mem[X,0x0000000080013500] -> 0x9593
mem[X,0x0000000080013502] -> 0x00B5
[2447] [M]: 0x0000000080013500 (0x00B59593) slli a1, a1, 11
x11 <- 0x00000000002D4000
mem[X,0x0000000080013504] -> 0x8593
mem[X,0x0000000080013506] -> 0x13C5
[2448] [M]: 0x0000000080013504 (0x13C58593) addi a1, a1, 316
x11 <- 0x00000000002D413C
mem[X,0x0000000080013508] -> 0x9593
mem[X,0x000000008001350A] -> 0x00A5
[2449] [M]: 0x0000000080013508 (0x00A59593) slli a1, a1, 10
x11 <- 0x00000000B504F000
mem[X,0x000000008001350C] -> 0x8593
mem[X,0x000000008001350E] -> 0x3335
[2450] [M]: 0x000000008001350C (0x33358593) addi a1, a1, 819
x11 <- 0x00000000B504F333
mem[X,0x0000000080013510] -> 0x0113
mem[X,0x0000000080013512] -> 0x0000
[2451] [M]: 0x0000000080013510 (0x00000113) addi sp, zero, 0
x2 <- 0x0000000000000000
mem[X,0x0000000080013514] -> 0x006F
mem[X,0x0000000080013516] -> 0x00C0
[2452] [M]: 0x0000000080013514 (0x00C0006F) jal zero, 12
mem[X,0x0000000080013520] -> 0x5063
mem[X,0x0000000080013522] -> 0x08B5
[2453] [M]: 0x0000000080013520 (0x08B55063) bge a0, a1, 128
mem[X,0x0000000080013524] -> 0x0113
mem[X,0x0000000080013526] -> 0x0021
[2454] [M]: 0x0000000080013524 (0x00210113) addi sp, sp, 2
x2 <- 0x0000000000000002
mem[X,0x0000000080013528] -> 0x006F
mem[X,0x000000008001352A] -> 0x0800
[2455] [M]: 0x0000000080013528 (0x0800006F) jal zero, 128
mem[X,0x00000000800135A8] -> 0xBC23
mem[X,0x00000000800135AA] -> 0x5420
[2456] [M]: 0x00000000800135A8 (0x5420BC23) sd sp, 1368(ra)
mem[0x0000000080049728] <- 0x0000000000000002
mem[X,0x00000000800135AC] -> 0x0513
mem[X,0x00000000800135AE] -> 0x0030
[2457] [M]: 0x00000000800135AC (0x00300513) addi a0, zero, 3
x10 <- 0x0000000000000003
mem[X,0x00000000800135B0] -> 0x0593
mem[X,0x00000000800135B2] -> 0x0020
[2458] [M]: 0x00000000800135B0 (0x00200593) addi a1, zero, 2
x11 <- 0x0000000000000002
mem[X,0x00000000800135B4] -> 0x0113
mem[X,0x00000000800135B6] -> 0x0000
[2459] [M]: 0x00000000800135B4 (0x00000113) addi sp, zero, 0
x2 <- 0x0000000000000000
mem[X,0x00000000800135B8] -> 0x006F
mem[X,0x00000000800135BA] -> 0x0050
[2460] [M]: 0x00000000800135B8 (0x0050006F) jal zero, 2052
mem[X,0x0000000080013DBC] -> 0x50E3
mem[X,0x0000000080013DBE] -> 0x80B5
[2461] [M]: 0x0000000080013DBC (0x80B550E3) bge a0, a1, 6144
mem[X,0x00000000800135BC] -> 0x0113
mem[X,0x00000000800135BE] -> 0x0011
[2462] [M]: 0x00000000800135BC (0x00110113) addi sp, sp, 1
x2 <- 0x0000000000000001
mem[X,0x00000000800135C0] -> 0x006F
mem[X,0x00000000800135C2] -> 0x0110
[2463] [M]: 0x00000000800135C0 (0x0110006F) jal zero, 2064
mem[X,0x0000000080013DD0] -> 0xB023
mem[X,0x0000000080013DD2] -> 0x5620
[2464] [M]: 0x0000000080013DD0 (0x5620B023) sd sp, 1376(ra)
mem[0x0000000080049730] <- 0x0000000000000001
mem[X,0x0000000080013DD4] -> 0x0513
mem[X,0x0000000080013DD6] -> 0x0030
[2465] [M]: 0x0000000080013DD4 (0x00300513) addi a0, zero, 3
x10 <- 0x0000000000000003
mem[X,0x0000000080013DD8] -> 0x55B7
mem[X,0x0000000080013DDA] -> 0x5555
[2466] [M]: 0x0000000080013DD8 (0x555555B7) lui a1, 349525
x11 <- 0x0000000055555000
mem[X,0x0000000080013DDC] -> 0x8593
mem[X,0x0000000080013DDE] -> 0x5555
[2467] [M]: 0x0000000080013DDC (0x55558593) addi a1, a1, 1365
x11 <- 0x0000000055555555
mem[X,0x0000000080013DE0] -> 0x9593
mem[X,0x0000000080013DE2] -> 0x00B5
[2468] [M]: 0x0000000080013DE0 (0x00B59593) slli a1, a1, 11
x11 <- 0x000002AAAAAAA800
mem[X,0x0000000080013DE4] -> 0x8593
mem[X,0x0000000080013DE6] -> 0x2AA5
[2469] [M]: 0x0000000080013DE4 (0x2AA58593) addi a1, a1, 682
x11 <- 0x000002AAAAAAAAAA
mem[X,0x0000000080013DE8] -> 0x9593
mem[X,0x0000000080013DEA] -> 0x00B5
[2470] [M]: 0x0000000080013DE8 (0x00B59593) slli a1, a1, 11
x11 <- 0x0015555555555000
mem[X,0x0000000080013DEC] -> 0x8593
mem[X,0x0000000080013DEE] -> 0x5555
[2471] [M]: 0x0000000080013DEC (0x55558593) addi a1, a1, 1365
x11 <- 0x0015555555555555
mem[X,0x0000000080013DF0] -> 0x9593
mem[X,0x0000000080013DF2] -> 0x00A5
[2472] [M]: 0x0000000080013DF0 (0x00A59593) slli a1, a1, 10
x11 <- 0x5555555555555400
mem[X,0x0000000080013DF4] -> 0x8593
mem[X,0x0000000080013DF6] -> 0x1545
[2473] [M]: 0x0000000080013DF4 (0x15458593) addi a1, a1, 340
x11 <- 0x5555555555555554
mem[X,0x0000000080013DF8] -> 0x0113
mem[X,0x0000000080013DFA] -> 0x0000
[2474] [M]: 0x0000000080013DF8 (0x00000113) addi sp, zero, 0
x2 <- 0x0000000000000000
mem[X,0x0000000080013DFC] -> 0x006F
mem[X,0x0000000080013DFE] -> 0x00C0
[2475] [M]: 0x0000000080013DFC (0x00C0006F) jal zero, 12
mem[X,0x0000000080013E08] -> 0x5063
mem[X,0x0000000080013E0A] -> 0x04B5
[2476] [M]: 0x0000000080013E08 (0x04B55063) bge a0, a1, 64
mem[X,0x0000000080013E0C] -> 0x0113
mem[X,0x0000000080013E0E] -> 0x0021
[2477] [M]: 0x0000000080013E0C (0x00210113) addi sp, sp, 2
x2 <- 0x0000000000000002
mem[X,0x0000000080013E10] -> 0x006F
mem[X,0x0000000080013E12] -> 0x0400
[2478] [M]: 0x0000000080013E10 (0x0400006F) jal zero, 64
mem[X,0x0000000080013E50] -> 0xB423
mem[X,0x0000000080013E52] -> 0x5620
[2479] [M]: 0x0000000080013E50 (0x5620B423) sd sp, 1384(ra)
mem[0x0000000080049738] <- 0x0000000000000002
mem[X,0x0000000080013E54] -> 0x0513
mem[X,0x0000000080013E56] -> 0x0030
[2480] [M]: 0x0000000080013E54 (0x00300513) addi a0, zero, 3
x10 <- 0x0000000000000003
mem[X,0x0000000080013E58] -> 0x0593
mem[X,0x0000000080013E5A] -> 0x0000
[2481] [M]: 0x0000000080013E58 (0x00000593) addi a1, zero, 0
x11 <- 0x0000000000000000
mem[X,0x0000000080013E5C] -> 0x0113
mem[X,0x0000000080013E5E] -> 0x0000
[2482] [M]: 0x0000000080013E5C (0x00000113) addi sp, zero, 0
x2 <- 0x0000000000000000
mem[X,0x0000000080013E60] -> 0x006F
mem[X,0x0000000080013E62] -> 0x2B10
[2483] [M]: 0x0000000080013E60 (0x2B10006F) jal zero, 2736
mem[X,0x0000000080014910] -> 0x5A63
mem[X,0x0000000080014912] -> 0xD4B5
[2484] [M]: 0x0000000080014910 (0xD4B55A63) bge a0, a1, 5460
mem[X,0x0000000080013E64] -> 0x0113
mem[X,0x0000000080013E66] -> 0x0011
[2485] [M]: 0x0000000080013E64 (0x00110113) addi sp, sp, 1
x2 <- 0x0000000000000001
mem[X,0x0000000080013E68] -> 0x006F
mem[X,0x0000000080013E6A] -> 0x2BD0
[2486] [M]: 0x0000000080013E68 (0x2BD0006F) jal zero, 2748
mem[X,0x0000000080014924] -> 0xB823
mem[X,0x0000000080014926] -> 0x5620
[2487] [M]: 0x0000000080014924 (0x5620B823) sd sp, 1392(ra)
mem[0x0000000080049740] <- 0x0000000000000001
mem[X,0x0000000080014928] -> 0x0513
mem[X,0x000000008001492A] -> 0x0030
[2488] [M]: 0x0000000080014928 (0x00300513) addi a0, zero, 3
x10 <- 0x0000000000000003
mem[X,0x000000008001492C] -> 0x0593
mem[X,0x000000008001492E] -> 0x0040
[2489] [M]: 0x000000008001492C (0x00400593) addi a1, zero, 4
x11 <- 0x0000000000000004
mem[X,0x0000000080014930] -> 0x0113
mem[X,0x0000000080014932] -> 0x0000
[2490] [M]: 0x0000000080014930 (0x00000113) addi sp, zero, 0
x2 <- 0x0000000000000000
mem[X,0x0000000080014934] -> 0x006F
mem[X,0x0000000080014936] -> 0x2B10
[2491] [M]: 0x0000000080014934 (0x2B10006F) jal zero, 2736
mem[X,0x00000000800153E4] -> 0x5A63
mem[X,0x00000000800153E6] -> 0xD4B5
[2492] [M]: 0x00000000800153E4 (0xD4B55A63) bge a0, a1, 5460
mem[X,0x00000000800153E8] -> 0x0113
mem[X,0x00000000800153EA] -> 0x0021
[2493] [M]: 0x00000000800153E8 (0x00210113) addi sp, sp, 2
x2 <- 0x0000000000000002
mem[X,0x00000000800153EC] -> 0x006F
mem[X,0x00000000800153EE] -> 0x00C0
[2494] [M]: 0x00000000800153EC (0x00C0006F) jal zero, 12
mem[X,0x00000000800153F8] -> 0xBC23
mem[X,0x00000000800153FA] -> 0x5620
[2495] [M]: 0x00000000800153F8 (0x5620BC23) sd sp, 1400(ra)
mem[0x0000000080049748] <- 0x0000000000000002
mem[X,0x00000000800153FC] -> 0x0513
mem[X,0x00000000800153FE] -> 0x0030
[2496] [M]: 0x00000000800153FC (0x00300513) addi a0, zero, 3
x10 <- 0x0000000000000003
mem[X,0x0000000080015400] -> 0x35B7
mem[X,0x0000000080015402] -> 0x3333
[2497] [M]: 0x0000000080015400 (0x333335B7) lui a1, 209715
x11 <- 0x0000000033333000
mem[X,0x0000000080015404] -> 0x8593
mem[X,0x0000000080015406] -> 0x3335
[2498] [M]: 0x0000000080015404 (0x33358593) addi a1, a1, 819
x11 <- 0x0000000033333333
mem[X,0x0000000080015408] -> 0x9593
mem[X,0x000000008001540A] -> 0x00B5
[2499] [M]: 0x0000000080015408 (0x00B59593) slli a1, a1, 11
x11 <- 0x0000019999999800
clint::tick mtime <- 0x0000000000000019
 clint timer pending at mtime 0x0000000000000019
htif::tick 0x0000000000000000
mem[X,0x000000008001540C] -> 0x8593
mem[X,0x000000008001540E] -> 0x1995
[2500] [M]: 0x000000008001540C (0x19958593) addi a1, a1, 409
x11 <- 0x0000019999999999
mem[X,0x0000000080015410] -> 0x9593
mem[X,0x0000000080015412] -> 0x00B5
[2501] [M]: 0x0000000080015410 (0x00B59593) slli a1, a1, 11
x11 <- 0x000CCCCCCCCCC800
mem[X,0x0000000080015414] -> 0x8593
mem[X,0x0000000080015416] -> 0x4CC5
[2502] [M]: 0x0000000080015414 (0x4CC58593) addi a1, a1, 1228
x11 <- 0x000CCCCCCCCCCCCC
mem[X,0x0000000080015418] -> 0x9593
mem[X,0x000000008001541A] -> 0x00A5
[2503] [M]: 0x0000000080015418 (0x00A59593) slli a1, a1, 10
x11 <- 0x3333333333333000
mem[X,0x000000008001541C] -> 0x8593
mem[X,0x000000008001541E] -> 0x3325
[2504] [M]: 0x000000008001541C (0x33258593) addi a1, a1, 818
x11 <- 0x3333333333333332
mem[X,0x0000000080015420] -> 0x0113
mem[X,0x0000000080015422] -> 0x0000
[2505] [M]: 0x0000000080015420 (0x00000113) addi sp, zero, 0
x2 <- 0x0000000000000000
mem[X,0x0000000080015424] -> 0x006F
mem[X,0x0000000080015426] -> 0x0100
[2506] [M]: 0x0000000080015424 (0x0100006F) jal zero, 16
mem[X,0x0000000080015434] -> 0x5AE3
mem[X,0x0000000080015436] -> 0xFEB5
[2507] [M]: 0x0000000080015434 (0xFEB55AE3) bge a0, a1, 8180
mem[X,0x0000000080015438] -> 0x0113
mem[X,0x000000008001543A] -> 0x0021
[2508] [M]: 0x0000000080015438 (0x00210113) addi sp, sp, 2
x2 <- 0x0000000000000002
mem[X,0x000000008001543C] -> 0x006F
mem[X,0x000000008001543E] -> 0x00C0
[2509] [M]: 0x000000008001543C (0x00C0006F) jal zero, 12
mem[X,0x0000000080015448] -> 0xB023
mem[X,0x000000008001544A] -> 0x5820
[2510] [M]: 0x0000000080015448 (0x5820B023) sd sp, 1408(ra)
mem[0x0000000080049750] <- 0x0000000000000002
mem[X,0x000000008001544C] -> 0x0513
mem[X,0x000000008001544E] -> 0x0030
[2511] [M]: 0x000000008001544C (0x00300513) addi a0, zero, 3
x10 <- 0x0000000000000003
mem[X,0x0000000080015450] -> 0x65B7
mem[X,0x0000000080015452] -> 0x6666
[2512] [M]: 0x0000000080015450 (0x666665B7) lui a1, 419430
x11 <- 0x0000000066666000
mem[X,0x0000000080015454] -> 0x8593
mem[X,0x0000000080015456] -> 0x6665
[2513] [M]: 0x0000000080015454 (0x66658593) addi a1, a1, 1638
x11 <- 0x0000000066666666
mem[X,0x0000000080015458] -> 0x9593
mem[X,0x000000008001545A] -> 0x00B5
[2514] [M]: 0x0000000080015458 (0x00B59593) slli a1, a1, 11
x11 <- 0x0000033333333000
mem[X,0x000000008001545C] -> 0x8593
mem[X,0x000000008001545E] -> 0x3335
[2515] [M]: 0x000000008001545C (0x33358593) addi a1, a1, 819
x11 <- 0x0000033333333333
mem[X,0x0000000080015460] -> 0x9593
mem[X,0x0000000080015462] -> 0x00B5
[2516] [M]: 0x0000000080015460 (0x00B59593) slli a1, a1, 11
x11 <- 0x0019999999999800
mem[X,0x0000000080015464] -> 0x8593
mem[X,0x0000000080015466] -> 0x1995
[2517] [M]: 0x0000000080015464 (0x19958593) addi a1, a1, 409
x11 <- 0x0019999999999999
mem[X,0x0000000080015468] -> 0x9593
mem[X,0x000000008001546A] -> 0x00A5
[2518] [M]: 0x0000000080015468 (0x00A59593) slli a1, a1, 10
x11 <- 0x6666666666666400
mem[X,0x000000008001546C] -> 0x8593
mem[X,0x000000008001546E] -> 0x2655
[2519] [M]: 0x000000008001546C (0x26558593) addi a1, a1, 613
x11 <- 0x6666666666666665
mem[X,0x0000000080015470] -> 0x0113
mem[X,0x0000000080015472] -> 0x0000
[2520] [M]: 0x0000000080015470 (0x00000113) addi sp, zero, 0
x2 <- 0x0000000000000000
mem[X,0x0000000080015474] -> 0x006F
mem[X,0x0000000080015476] -> 0x00C0
[2521] [M]: 0x0000000080015474 (0x00C0006F) jal zero, 12
mem[X,0x0000000080015480] -> 0x5CE3
mem[X,0x0000000080015482] -> 0xFEB5
[2522] [M]: 0x0000000080015480 (0xFEB55CE3) bge a0, a1, 8184
mem[X,0x0000000080015484] -> 0x0113
mem[X,0x0000000080015486] -> 0x0021
[2523] [M]: 0x0000000080015484 (0x00210113) addi sp, sp, 2
x2 <- 0x0000000000000002
mem[X,0x0000000080015488] -> 0x006F
mem[X,0x000000008001548A] -> 0x00C0
[2524] [M]: 0x0000000080015488 (0x00C0006F) jal zero, 12
mem[X,0x0000000080015494] -> 0xB423
mem[X,0x0000000080015496] -> 0x5820
[2525] [M]: 0x0000000080015494 (0x5820B423) sd sp, 1416(ra)
mem[0x0000000080049758] <- 0x0000000000000002
mem[X,0x0000000080015498] -> 0x0513
mem[X,0x000000008001549A] -> 0x0030
[2526] [M]: 0x0000000080015498 (0x00300513) addi a0, zero, 3
x10 <- 0x0000000000000003
mem[X,0x000000008001549C] -> 0x05B7
mem[X,0x000000008001549E] -> 0x0000
[2527] [M]: 0x000000008001549C (0x000005B7) lui a1, 0
x11 <- 0x0000000000000000
mem[X,0x00000000800154A0] -> 0x8593
mem[X,0x00000000800154A2] -> 0x0005
[2528] [M]: 0x00000000800154A0 (0x00058593) addi a1, a1, 0
x11 <- 0x0000000000000000
mem[X,0x00000000800154A4] -> 0x9593
mem[X,0x00000000800154A6] -> 0x00B5
[2529] [M]: 0x00000000800154A4 (0x00B59593) slli a1, a1, 11
x11 <- 0x0000000000000000
mem[X,0x00000000800154A8] -> 0x8593
mem[X,0x00000000800154AA] -> 0x5A85
[2530] [M]: 0x00000000800154A8 (0x5A858593) addi a1, a1, 1448
x11 <- 0x00000000000005A8
mem[X,0x00000000800154AC] -> 0x9593
mem[X,0x00000000800154AE] -> 0x00B5
[2531] [M]: 0x00000000800154AC (0x00B59593) slli a1, a1, 11
x11 <- 0x00000000002D4000
mem[X,0x00000000800154B0] -> 0x8593
mem[X,0x00000000800154B2] -> 0x13C5
[2532] [M]: 0x00000000800154B0 (0x13C58593) addi a1, a1, 316
x11 <- 0x00000000002D413C
mem[X,0x00000000800154B4] -> 0x9593
mem[X,0x00000000800154B6] -> 0x00A5
[2533] [M]: 0x00000000800154B4 (0x00A59593) slli a1, a1, 10
x11 <- 0x00000000B504F000
mem[X,0x00000000800154B8] -> 0x8593
mem[X,0x00000000800154BA] -> 0x3325
[2534] [M]: 0x00000000800154B8 (0x33258593) addi a1, a1, 818
x11 <- 0x00000000B504F332
mem[X,0x00000000800154BC] -> 0x0113
mem[X,0x00000000800154BE] -> 0x0000
[2535] [M]: 0x00000000800154BC (0x00000113) addi sp, zero, 0
x2 <- 0x0000000000000000
mem[X,0x00000000800154C0] -> 0x006F
mem[X,0x00000000800154C2] -> 0x00C0
[2536] [M]: 0x00000000800154C0 (0x00C0006F) jal zero, 12
mem[X,0x00000000800154CC] -> 0x5063
mem[X,0x00000000800154CE] -> 0x10B5
[2537] [M]: 0x00000000800154CC (0x10B55063) bge a0, a1, 256
mem[X,0x00000000800154D0] -> 0x0113
mem[X,0x00000000800154D2] -> 0x0021
[2538] [M]: 0x00000000800154D0 (0x00210113) addi sp, sp, 2
x2 <- 0x0000000000000002
mem[X,0x00000000800154D4] -> 0x006F
mem[X,0x00000000800154D6] -> 0x1000
[2539] [M]: 0x00000000800154D4 (0x1000006F) jal zero, 256
mem[X,0x00000000800155D4] -> 0xB823
mem[X,0x00000000800155D6] -> 0x5820
[2540] [M]: 0x00000000800155D4 (0x5820B823) sd sp, 1424(ra)
mem[0x0000000080049760] <- 0x0000000000000002
mem[X,0x00000000800155D8] -> 0x0513
mem[X,0x00000000800155DA] -> 0x0030
[2541] [M]: 0x00000000800155D8 (0x00300513) addi a0, zero, 3
x10 <- 0x0000000000000003
mem[X,0x00000000800155DC] -> 0x55B7
mem[X,0x00000000800155DE] -> 0x5555
[2542] [M]: 0x00000000800155DC (0x555555B7) lui a1, 349525
x11 <- 0x0000000055555000
mem[X,0x00000000800155E0] -> 0x8593
mem[X,0x00000000800155E2] -> 0x5555
[2543] [M]: 0x00000000800155E0 (0x55558593) addi a1, a1, 1365
x11 <- 0x0000000055555555
mem[X,0x00000000800155E4] -> 0x9593
mem[X,0x00000000800155E6] -> 0x00B5
[2544] [M]: 0x00000000800155E4 (0x00B59593) slli a1, a1, 11
x11 <- 0x000002AAAAAAA800
mem[X,0x00000000800155E8] -> 0x8593
mem[X,0x00000000800155EA] -> 0x2AA5
[2545] [M]: 0x00000000800155E8 (0x2AA58593) addi a1, a1, 682
x11 <- 0x000002AAAAAAAAAA
mem[X,0x00000000800155EC] -> 0x9593
mem[X,0x00000000800155EE] -> 0x00B5
[2546] [M]: 0x00000000800155EC (0x00B59593) slli a1, a1, 11
x11 <- 0x0015555555555000
mem[X,0x00000000800155F0] -> 0x8593
mem[X,0x00000000800155F2] -> 0x5555
[2547] [M]: 0x00000000800155F0 (0x55558593) addi a1, a1, 1365
x11 <- 0x0015555555555555
mem[X,0x00000000800155F4] -> 0x9593
mem[X,0x00000000800155F6] -> 0x00A5
[2548] [M]: 0x00000000800155F4 (0x00A59593) slli a1, a1, 10
x11 <- 0x5555555555555400
mem[X,0x00000000800155F8] -> 0x8593
mem[X,0x00000000800155FA] -> 0x1565
[2549] [M]: 0x00000000800155F8 (0x15658593) addi a1, a1, 342
x11 <- 0x5555555555555556
mem[X,0x00000000800155FC] -> 0x0113
mem[X,0x00000000800155FE] -> 0x0000
[2550] [M]: 0x00000000800155FC (0x00000113) addi sp, zero, 0
x2 <- 0x0000000000000000
mem[X,0x0000000080015600] -> 0x006F
mem[X,0x0000000080015602] -> 0x00C0
[2551] [M]: 0x0000000080015600 (0x00C0006F) jal zero, 12
mem[X,0x000000008001560C] -> 0x5CE3
mem[X,0x000000008001560E] -> 0xFEB5
[2552] [M]: 0x000000008001560C (0xFEB55CE3) bge a0, a1, 8184
mem[X,0x0000000080015610] -> 0x0113
mem[X,0x0000000080015612] -> 0x0021
[2553] [M]: 0x0000000080015610 (0x00210113) addi sp, sp, 2
x2 <- 0x0000000000000002
mem[X,0x0000000080015614] -> 0x006F
mem[X,0x0000000080015616] -> 0x00C0
[2554] [M]: 0x0000000080015614 (0x00C0006F) jal zero, 12
mem[X,0x0000000080015620] -> 0xBC23
mem[X,0x0000000080015622] -> 0x5820
[2555] [M]: 0x0000000080015620 (0x5820BC23) sd sp, 1432(ra)
mem[0x0000000080049768] <- 0x0000000000000002
mem[X,0x0000000080015624] -> 0x0513
mem[X,0x0000000080015626] -> 0x0030
[2556] [M]: 0x0000000080015624 (0x00300513) addi a0, zero, 3
x10 <- 0x0000000000000003
mem[X,0x0000000080015628] -> 0xB5B7
mem[X,0x000000008001562A] -> 0xAAAA
[2557] [M]: 0x0000000080015628 (0xAAAAB5B7) lui a1, 699051
x11 <- 0xFFFFFFFFAAAAB000
mem[X,0x000000008001562C] -> 0x8593
mem[X,0x000000008001562E] -> 0xAAA5
[2558] [M]: 0x000000008001562C (0xAAA58593) addi a1, a1, 2730
x11 <- 0xFFFFFFFFAAAAAAAA
mem[X,0x0000000080015630] -> 0x9593
mem[X,0x0000000080015632] -> 0x00B5
[2559] [M]: 0x0000000080015630 (0x00B59593) slli a1, a1, 11
x11 <- 0xFFFFFD5555555000
mem[X,0x0000000080015634] -> 0x8593
mem[X,0x0000000080015636] -> 0x5555
[2560] [M]: 0x0000000080015634 (0x55558593) addi a1, a1, 1365
x11 <- 0xFFFFFD5555555555
mem[X,0x0000000080015638] -> 0x9593
mem[X,0x000000008001563A] -> 0x00B5
[2561] [M]: 0x0000000080015638 (0x00B59593) slli a1, a1, 11
x11 <- 0xFFEAAAAAAAAAA800
mem[X,0x000000008001563C] -> 0x8593
mem[X,0x000000008001563E] -> 0x2AA5
[2562] [M]: 0x000000008001563C (0x2AA58593) addi a1, a1, 682
x11 <- 0xFFEAAAAAAAAAAAAA
mem[X,0x0000000080015640] -> 0x9593
mem[X,0x0000000080015642] -> 0x00A5
[2563] [M]: 0x0000000080015640 (0x00A59593) slli a1, a1, 10
x11 <- 0xAAAAAAAAAAAAA800
mem[X,0x0000000080015644] -> 0x8593
mem[X,0x0000000080015646] -> 0x2AB5
[2564] [M]: 0x0000000080015644 (0x2AB58593) addi a1, a1, 683
x11 <- 0xAAAAAAAAAAAAAAAB
mem[X,0x0000000080015648] -> 0x0113
mem[X,0x000000008001564A] -> 0x0000
[2565] [M]: 0x0000000080015648 (0x00000113) addi sp, zero, 0
x2 <- 0x0000000000000000
mem[X,0x000000008001564C] -> 0x006F
mem[X,0x000000008001564E] -> 0x00C0
[2566] [M]: 0x000000008001564C (0x00C0006F) jal zero, 12
mem[X,0x0000000080015658] -> 0x5063
mem[X,0x000000008001565A] -> 0x04B5
[2567] [M]: 0x0000000080015658 (0x04B55063) bge a0, a1, 64
mem[X,0x0000000080015698] -> 0x0113
mem[X,0x000000008001569A] -> 0x0031
[2568] [M]: 0x0000000080015698 (0x00310113) addi sp, sp, 3
x2 <- 0x0000000000000003
mem[X,0x000000008001569C] -> 0x006F
mem[X,0x000000008001569E] -> 0x0040
[2569] [M]: 0x000000008001569C (0x0040006F) jal zero, 4
mem[X,0x00000000800156A0] -> 0xB023
mem[X,0x00000000800156A2] -> 0x5A20
[2570] [M]: 0x00000000800156A0 (0x5A20B023) sd sp, 1440(ra)
mem[0x0000000080049770] <- 0x0000000000000003
mem[X,0x00000000800156A4] -> 0x0513
mem[X,0x00000000800156A6] -> 0x0030
[2571] [M]: 0x00000000800156A4 (0x00300513) addi a0, zero, 3
x10 <- 0x0000000000000003
mem[X,0x00000000800156A8] -> 0x0593
mem[X,0x00000000800156AA] -> 0x0060
[2572] [M]: 0x00000000800156A8 (0x00600593) addi a1, zero, 6
x11 <- 0x0000000000000006
mem[X,0x00000000800156AC] -> 0x0113
mem[X,0x00000000800156AE] -> 0x0000
[2573] [M]: 0x00000000800156AC (0x00000113) addi sp, zero, 0
x2 <- 0x0000000000000000
mem[X,0x00000000800156B0] -> 0x006F
mem[X,0x00000000800156B2] -> 0x00C0
[2574] [M]: 0x00000000800156B0 (0x00C0006F) jal zero, 12
mem[X,0x00000000800156BC] -> 0x5063
mem[X,0x00000000800156BE] -> 0x02B5
[2575] [M]: 0x00000000800156BC (0x02B55063) bge a0, a1, 32
mem[X,0x00000000800156C0] -> 0x0113
mem[X,0x00000000800156C2] -> 0x0021
[2576] [M]: 0x00000000800156C0 (0x00210113) addi sp, sp, 2
x2 <- 0x0000000000000002
mem[X,0x00000000800156C4] -> 0x006F
mem[X,0x00000000800156C6] -> 0x0200
[2577] [M]: 0x00000000800156C4 (0x0200006F) jal zero, 32
mem[X,0x00000000800156E4] -> 0xB423
mem[X,0x00000000800156E6] -> 0x5A20
[2578] [M]: 0x00000000800156E4 (0x5A20B423) sd sp, 1448(ra)
mem[0x0000000080049778] <- 0x0000000000000002
mem[X,0x00000000800156E8] -> 0x0513
mem[X,0x00000000800156EA] -> 0x0030
[2579] [M]: 0x00000000800156E8 (0x00300513) addi a0, zero, 3
x10 <- 0x0000000000000003
mem[X,0x00000000800156EC] -> 0x35B7
mem[X,0x00000000800156EE] -> 0x3333
[2580] [M]: 0x00000000800156EC (0x333335B7) lui a1, 209715
x11 <- 0x0000000033333000
mem[X,0x00000000800156F0] -> 0x8593
mem[X,0x00000000800156F2] -> 0x3335
[2581] [M]: 0x00000000800156F0 (0x33358593) addi a1, a1, 819
x11 <- 0x0000000033333333
mem[X,0x00000000800156F4] -> 0x9593
mem[X,0x00000000800156F6] -> 0x00B5
[2582] [M]: 0x00000000800156F4 (0x00B59593) slli a1, a1, 11
x11 <- 0x0000019999999800
mem[X,0x00000000800156F8] -> 0x8593
mem[X,0x00000000800156FA] -> 0x1995
[2583] [M]: 0x00000000800156F8 (0x19958593) addi a1, a1, 409
x11 <- 0x0000019999999999
mem[X,0x00000000800156FC] -> 0x9593
mem[X,0x00000000800156FE] -> 0x00B5
[2584] [M]: 0x00000000800156FC (0x00B59593) slli a1, a1, 11
x11 <- 0x000CCCCCCCCCC800
mem[X,0x0000000080015700] -> 0x8593
mem[X,0x0000000080015702] -> 0x4CC5
[2585] [M]: 0x0000000080015700 (0x4CC58593) addi a1, a1, 1228
x11 <- 0x000CCCCCCCCCCCCC
mem[X,0x0000000080015704] -> 0x9593
mem[X,0x0000000080015706] -> 0x00A5
[2586] [M]: 0x0000000080015704 (0x00A59593) slli a1, a1, 10
x11 <- 0x3333333333333000
mem[X,0x0000000080015708] -> 0x8593
mem[X,0x000000008001570A] -> 0x3345
[2587] [M]: 0x0000000080015708 (0x33458593) addi a1, a1, 820
x11 <- 0x3333333333333334
mem[X,0x000000008001570C] -> 0x0113
mem[X,0x000000008001570E] -> 0x0000
[2588] [M]: 0x000000008001570C (0x00000113) addi sp, zero, 0
x2 <- 0x0000000000000000
mem[X,0x0000000080015710] -> 0x006F
mem[X,0x0000000080015712] -> 0x00C0
[2589] [M]: 0x0000000080015710 (0x00C0006F) jal zero, 12
mem[X,0x000000008001571C] -> 0x5663
mem[X,0x000000008001571E] -> 0x00B5
[2590] [M]: 0x000000008001571C (0x00B55663) bge a0, a1, 12
mem[X,0x0000000080015720] -> 0x0113
mem[X,0x0000000080015722] -> 0x0021
[2591] [M]: 0x0000000080015720 (0x00210113) addi sp, sp, 2
x2 <- 0x0000000000000002
mem[X,0x0000000080015724] -> 0x006F
mem[X,0x0000000080015726] -> 0x00C0
[2592] [M]: 0x0000000080015724 (0x00C0006F) jal zero, 12
mem[X,0x0000000080015730] -> 0xB823
mem[X,0x0000000080015732] -> 0x5A20
[2593] [M]: 0x0000000080015730 (0x5A20B823) sd sp, 1456(ra)
mem[0x0000000080049780] <- 0x0000000000000002
mem[X,0x0000000080015734] -> 0x0513
mem[X,0x0000000080015736] -> 0x0030
[2594] [M]: 0x0000000080015734 (0x00300513) addi a0, zero, 3
x10 <- 0x0000000000000003
mem[X,0x0000000080015738] -> 0x65B7
mem[X,0x000000008001573A] -> 0x6666
[2595] [M]: 0x0000000080015738 (0x666665B7) lui a1, 419430
x11 <- 0x0000000066666000
mem[X,0x000000008001573C] -> 0x8593
mem[X,0x000000008001573E] -> 0x6665
[2596] [M]: 0x000000008001573C (0x66658593) addi a1, a1, 1638
x11 <- 0x0000000066666666
mem[X,0x0000000080015740] -> 0x9593
mem[X,0x0000000080015742] -> 0x00B5
[2597] [M]: 0x0000000080015740 (0x00B59593) slli a1, a1, 11
x11 <- 0x0000033333333000
mem[X,0x0000000080015744] -> 0x8593
mem[X,0x0000000080015746] -> 0x3335
[2598] [M]: 0x0000000080015744 (0x33358593) addi a1, a1, 819
x11 <- 0x0000033333333333
mem[X,0x0000000080015748] -> 0x9593
mem[X,0x000000008001574A] -> 0x00B5
[2599] [M]: 0x0000000080015748 (0x00B59593) slli a1, a1, 11
x11 <- 0x0019999999999800
clint::tick mtime <- 0x000000000000001A
 clint timer pending at mtime 0x000000000000001A
htif::tick 0x0000000000000000
mem[X,0x000000008001574C] -> 0x8593
mem[X,0x000000008001574E] -> 0x1995
[2600] [M]: 0x000000008001574C (0x19958593) addi a1, a1, 409
x11 <- 0x0019999999999999
mem[X,0x0000000080015750] -> 0x9593
mem[X,0x0000000080015752] -> 0x00A5
[2601] [M]: 0x0000000080015750 (0x00A59593) slli a1, a1, 10
x11 <- 0x6666666666666400
mem[X,0x0000000080015754] -> 0x8593
mem[X,0x0000000080015756] -> 0x2675
[2602] [M]: 0x0000000080015754 (0x26758593) addi a1, a1, 615
x11 <- 0x6666666666666667
mem[X,0x0000000080015758] -> 0x0113
mem[X,0x000000008001575A] -> 0x0000
[2603] [M]: 0x0000000080015758 (0x00000113) addi sp, zero, 0
x2 <- 0x0000000000000000
mem[X,0x000000008001575C] -> 0x006F
mem[X,0x000000008001575E] -> 0x00C0
[2604] [M]: 0x000000008001575C (0x00C0006F) jal zero, 12
mem[X,0x0000000080015768] -> 0x5663
mem[X,0x000000008001576A] -> 0x00B5
[2605] [M]: 0x0000000080015768 (0x00B55663) bge a0, a1, 12
mem[X,0x000000008001576C] -> 0x0113
mem[X,0x000000008001576E] -> 0x0021
[2606] [M]: 0x000000008001576C (0x00210113) addi sp, sp, 2
x2 <- 0x0000000000000002
mem[X,0x0000000080015770] -> 0x006F
mem[X,0x0000000080015772] -> 0x00C0
[2607] [M]: 0x0000000080015770 (0x00C0006F) jal zero, 12
mem[X,0x000000008001577C] -> 0xBC23
mem[X,0x000000008001577E] -> 0x5A20
[2608] [M]: 0x000000008001577C (0x5A20BC23) sd sp, 1464(ra)
mem[0x0000000080049788] <- 0x0000000000000002
mem[X,0x0000000080015780] -> 0x0513
mem[X,0x0000000080015782] -> 0x0030
[2609] [M]: 0x0000000080015780 (0x00300513) addi a0, zero, 3
x10 <- 0x0000000000000003
mem[X,0x0000000080015784] -> 0x05B7
mem[X,0x0000000080015786] -> 0x0000
[2610] [M]: 0x0000000080015784 (0x000005B7) lui a1, 0
x11 <- 0x0000000000000000
mem[X,0x0000000080015788] -> 0x8593
mem[X,0x000000008001578A] -> 0xFFF5
[2611] [M]: 0x0000000080015788 (0xFFF58593) addi a1, a1, 4095
x11 <- 0xFFFFFFFFFFFFFFFF
mem[X,0x000000008001578C] -> 0x9593
mem[X,0x000000008001578E] -> 0x00B5
[2612] [M]: 0x000000008001578C (0x00B59593) slli a1, a1, 11
x11 <- 0xFFFFFFFFFFFFF800
mem[X,0x0000000080015790] -> 0x8593
mem[X,0x0000000080015792] -> 0x2575
[2613] [M]: 0x0000000080015790 (0x25758593) addi a1, a1, 599
x11 <- 0xFFFFFFFFFFFFFA57
mem[X,0x0000000080015794] -> 0x9593
mem[X,0x0000000080015796] -> 0x00B5
[2614] [M]: 0x0000000080015794 (0x00B59593) slli a1, a1, 11
x11 <- 0xFFFFFFFFFFD2B800
mem[X,0x0000000080015798] -> 0x8593
mem[X,0x000000008001579A] -> 0x6C35
[2615] [M]: 0x0000000080015798 (0x6C358593) addi a1, a1, 1731
x11 <- 0xFFFFFFFFFFD2BEC3
mem[X,0x000000008001579C] -> 0x9593
mem[X,0x000000008001579E] -> 0x00A5
[2616] [M]: 0x000000008001579C (0x00A59593) slli a1, a1, 10
x11 <- 0xFFFFFFFF4AFB0C00
mem[X,0x00000000800157A0] -> 0x8593
mem[X,0x00000000800157A2] -> 0x0CE5
[2617] [M]: 0x00000000800157A0 (0x0CE58593) addi a1, a1, 206
x11 <- 0xFFFFFFFF4AFB0CCE
mem[X,0x00000000800157A4] -> 0x0113
mem[X,0x00000000800157A6] -> 0x0000
[2618] [M]: 0x00000000800157A4 (0x00000113) addi sp, zero, 0
x2 <- 0x0000000000000000
mem[X,0x00000000800157A8] -> 0x006F
mem[X,0x00000000800157AA] -> 0x00C0
[2619] [M]: 0x00000000800157A8 (0x00C0006F) jal zero, 12
mem[X,0x00000000800157B4] -> 0x5CE3
mem[X,0x00000000800157B6] -> 0xFEB5
[2620] [M]: 0x00000000800157B4 (0xFEB55CE3) bge a0, a1, 8184
mem[X,0x00000000800157AC] -> 0x0113
mem[X,0x00000000800157AE] -> 0x0011
[2621] [M]: 0x00000000800157AC (0x00110113) addi sp, sp, 1
x2 <- 0x0000000000000001
mem[X,0x00000000800157B0] -> 0x006F
mem[X,0x00000000800157B2] -> 0x0180
[2622] [M]: 0x00000000800157B0 (0x0180006F) jal zero, 24
mem[X,0x00000000800157C8] -> 0xB023
mem[X,0x00000000800157CA] -> 0x5C20
[2623] [M]: 0x00000000800157C8 (0x5C20B023) sd sp, 1472(ra)
mem[0x0000000080049790] <- 0x0000000000000001
mem[X,0x00000000800157CC] -> 0x0513
mem[X,0x00000000800157CE] -> 0x0030
[2624] [M]: 0x00000000800157CC (0x00300513) addi a0, zero, 3
x10 <- 0x0000000000000003
mem[X,0x00000000800157D0] -> 0x05B7
mem[X,0x00000000800157D2] -> 0x0000
[2625] [M]: 0x00000000800157D0 (0x000005B7) lui a1, 0
x11 <- 0x0000000000000000
mem[X,0x00000000800157D4] -> 0x8593
mem[X,0x00000000800157D6] -> 0x0005
[2626] [M]: 0x00000000800157D4 (0x00058593) addi a1, a1, 0
x11 <- 0x0000000000000000
mem[X,0x00000000800157D8] -> 0x9593
mem[X,0x00000000800157DA] -> 0x00B5
[2627] [M]: 0x00000000800157D8 (0x00B59593) slli a1, a1, 11
x11 <- 0x0000000000000000
mem[X,0x00000000800157DC] -> 0x8593
mem[X,0x00000000800157DE] -> 0x5A85
[2628] [M]: 0x00000000800157DC (0x5A858593) addi a1, a1, 1448
x11 <- 0x00000000000005A8
mem[X,0x00000000800157E0] -> 0x9593
mem[X,0x00000000800157E2] -> 0x00B5
[2629] [M]: 0x00000000800157E0 (0x00B59593) slli a1, a1, 11
x11 <- 0x00000000002D4000
mem[X,0x00000000800157E4] -> 0x8593
mem[X,0x00000000800157E6] -> 0x13C5
[2630] [M]: 0x00000000800157E4 (0x13C58593) addi a1, a1, 316
x11 <- 0x00000000002D413C
mem[X,0x00000000800157E8] -> 0x9593
mem[X,0x00000000800157EA] -> 0x00A5
[2631] [M]: 0x00000000800157E8 (0x00A59593) slli a1, a1, 10
x11 <- 0x00000000B504F000
mem[X,0x00000000800157EC] -> 0x8593
mem[X,0x00000000800157EE] -> 0x3345
[2632] [M]: 0x00000000800157EC (0x33458593) addi a1, a1, 820
x11 <- 0x00000000B504F334
mem[X,0x00000000800157F0] -> 0x0113
mem[X,0x00000000800157F2] -> 0x0000
[2633] [M]: 0x00000000800157F0 (0x00000113) addi sp, zero, 0
x2 <- 0x0000000000000000
mem[X,0x00000000800157F4] -> 0x006F
mem[X,0x00000000800157F6] -> 0x00C0
[2634] [M]: 0x00000000800157F4 (0x00C0006F) jal zero, 12
mem[X,0x0000000080015800] -> 0x5063
mem[X,0x0000000080015802] -> 0x04B5
[2635] [M]: 0x0000000080015800 (0x04B55063) bge a0, a1, 64
mem[X,0x0000000080015804] -> 0x0113
mem[X,0x0000000080015806] -> 0x0021
[2636] [M]: 0x0000000080015804 (0x00210113) addi sp, sp, 2
x2 <- 0x0000000000000002
mem[X,0x0000000080015808] -> 0x006F
mem[X,0x000000008001580A] -> 0x0400
[2637] [M]: 0x0000000080015808 (0x0400006F) jal zero, 64
mem[X,0x0000000080015848] -> 0xB423
mem[X,0x000000008001584A] -> 0x5C20
[2638] [M]: 0x0000000080015848 (0x5C20B423) sd sp, 1480(ra)
mem[0x0000000080049798] <- 0x0000000000000002
mem[X,0x000000008001584C] -> 0x5537
mem[X,0x000000008001584E] -> 0x5555
[2639] [M]: 0x000000008001584C (0x55555537) lui a0, 349525
x10 <- 0x0000000055555000
mem[X,0x0000000080015850] -> 0x0513
mem[X,0x0000000080015852] -> 0x5555
[2640] [M]: 0x0000000080015850 (0x55550513) addi a0, a0, 1365
x10 <- 0x0000000055555555
mem[X,0x0000000080015854] -> 0x1513
mem[X,0x0000000080015856] -> 0x00B5
[2641] [M]: 0x0000000080015854 (0x00B51513) slli a0, a0, 11
x10 <- 0x000002AAAAAAA800
mem[X,0x0000000080015858] -> 0x0513
mem[X,0x000000008001585A] -> 0x2AA5
[2642] [M]: 0x0000000080015858 (0x2AA50513) addi a0, a0, 682
x10 <- 0x000002AAAAAAAAAA
mem[X,0x000000008001585C] -> 0x1513
mem[X,0x000000008001585E] -> 0x00B5
[2643] [M]: 0x000000008001585C (0x00B51513) slli a0, a0, 11
x10 <- 0x0015555555555000
mem[X,0x0000000080015860] -> 0x0513
mem[X,0x0000000080015862] -> 0x5555
[2644] [M]: 0x0000000080015860 (0x55550513) addi a0, a0, 1365
x10 <- 0x0015555555555555
mem[X,0x0000000080015864] -> 0x1513
mem[X,0x0000000080015866] -> 0x00A5
[2645] [M]: 0x0000000080015864 (0x00A51513) slli a0, a0, 10
x10 <- 0x5555555555555400
mem[X,0x0000000080015868] -> 0x0513
mem[X,0x000000008001586A] -> 0x1555
[2646] [M]: 0x0000000080015868 (0x15550513) addi a0, a0, 341
x10 <- 0x5555555555555555
mem[X,0x000000008001586C] -> 0x0593
mem[X,0x000000008001586E] -> 0x0030
[2647] [M]: 0x000000008001586C (0x00300593) addi a1, zero, 3
x11 <- 0x0000000000000003
mem[X,0x0000000080015870] -> 0x0113
mem[X,0x0000000080015872] -> 0x0000
[2648] [M]: 0x0000000080015870 (0x00000113) addi sp, zero, 0
x2 <- 0x0000000000000000
mem[X,0x0000000080015874] -> 0x006F
mem[X,0x0000000080015876] -> 0x00C0
[2649] [M]: 0x0000000080015874 (0x00C0006F) jal zero, 12
mem[X,0x0000000080015880] -> 0x5863
mem[X,0x0000000080015882] -> 0x00B5
[2650] [M]: 0x0000000080015880 (0x00B55863) bge a0, a1, 16
mem[X,0x0000000080015890] -> 0x0113
mem[X,0x0000000080015892] -> 0x0031
[2651] [M]: 0x0000000080015890 (0x00310113) addi sp, sp, 3
x2 <- 0x0000000000000003
mem[X,0x0000000080015894] -> 0x006F
mem[X,0x0000000080015896] -> 0x0040
[2652] [M]: 0x0000000080015894 (0x0040006F) jal zero, 4
mem[X,0x0000000080015898] -> 0xB823
mem[X,0x000000008001589A] -> 0x5C20
[2653] [M]: 0x0000000080015898 (0x5C20B823) sd sp, 1488(ra)
mem[0x00000000800497A0] <- 0x0000000000000003
mem[X,0x000000008001589C] -> 0x5537
mem[X,0x000000008001589E] -> 0x5555
[2654] [M]: 0x000000008001589C (0x55555537) lui a0, 349525
x10 <- 0x0000000055555000
mem[X,0x00000000800158A0] -> 0x0513
mem[X,0x00000000800158A2] -> 0x5555
[2655] [M]: 0x00000000800158A0 (0x55550513) addi a0, a0, 1365
x10 <- 0x0000000055555555
mem[X,0x00000000800158A4] -> 0x1513
mem[X,0x00000000800158A6] -> 0x00B5
[2656] [M]: 0x00000000800158A4 (0x00B51513) slli a0, a0, 11
x10 <- 0x000002AAAAAAA800
mem[X,0x00000000800158A8] -> 0x0513
mem[X,0x00000000800158AA] -> 0x2AA5
[2657] [M]: 0x00000000800158A8 (0x2AA50513) addi a0, a0, 682
x10 <- 0x000002AAAAAAAAAA
mem[X,0x00000000800158AC] -> 0x1513
mem[X,0x00000000800158AE] -> 0x00B5
[2658] [M]: 0x00000000800158AC (0x00B51513) slli a0, a0, 11
x10 <- 0x0015555555555000
mem[X,0x00000000800158B0] -> 0x0513
mem[X,0x00000000800158B2] -> 0x5555
[2659] [M]: 0x00000000800158B0 (0x55550513) addi a0, a0, 1365
x10 <- 0x0015555555555555
mem[X,0x00000000800158B4] -> 0x1513
mem[X,0x00000000800158B6] -> 0x00A5
[2660] [M]: 0x00000000800158B4 (0x00A51513) slli a0, a0, 10
x10 <- 0x5555555555555400
mem[X,0x00000000800158B8] -> 0x0513
mem[X,0x00000000800158BA] -> 0x1555
[2661] [M]: 0x00000000800158B8 (0x15550513) addi a0, a0, 341
x10 <- 0x5555555555555555
mem[X,0x00000000800158BC] -> 0x55B7
mem[X,0x00000000800158BE] -> 0x5555
[2662] [M]: 0x00000000800158BC (0x555555B7) lui a1, 349525
x11 <- 0x0000000055555000
mem[X,0x00000000800158C0] -> 0x8593
mem[X,0x00000000800158C2] -> 0x5555
[2663] [M]: 0x00000000800158C0 (0x55558593) addi a1, a1, 1365
x11 <- 0x0000000055555555
mem[X,0x00000000800158C4] -> 0x9593
mem[X,0x00000000800158C6] -> 0x00B5
[2664] [M]: 0x00000000800158C4 (0x00B59593) slli a1, a1, 11
x11 <- 0x000002AAAAAAA800
mem[X,0x00000000800158C8] -> 0x8593
mem[X,0x00000000800158CA] -> 0x2AA5
[2665] [M]: 0x00000000800158C8 (0x2AA58593) addi a1, a1, 682
x11 <- 0x000002AAAAAAAAAA
mem[X,0x00000000800158CC] -> 0x9593
mem[X,0x00000000800158CE] -> 0x00B5
[2666] [M]: 0x00000000800158CC (0x00B59593) slli a1, a1, 11
x11 <- 0x0015555555555000
mem[X,0x00000000800158D0] -> 0x8593
mem[X,0x00000000800158D2] -> 0x5555
[2667] [M]: 0x00000000800158D0 (0x55558593) addi a1, a1, 1365
x11 <- 0x0015555555555555
mem[X,0x00000000800158D4] -> 0x9593
mem[X,0x00000000800158D6] -> 0x00A5
[2668] [M]: 0x00000000800158D4 (0x00A59593) slli a1, a1, 10
x11 <- 0x5555555555555400
mem[X,0x00000000800158D8] -> 0x8593
mem[X,0x00000000800158DA] -> 0x1555
[2669] [M]: 0x00000000800158D8 (0x15558593) addi a1, a1, 341
x11 <- 0x5555555555555555
mem[X,0x00000000800158DC] -> 0x0113
mem[X,0x00000000800158DE] -> 0x0000
[2670] [M]: 0x00000000800158DC (0x00000113) addi sp, zero, 0
x2 <- 0x0000000000000000
mem[X,0x00000000800158E0] -> 0x006F
mem[X,0x00000000800158E2] -> 0x0050
[2671] [M]: 0x00000000800158E0 (0x0050006F) jal zero, 2052
mem[X,0x00000000800160E4] -> 0x50E3
mem[X,0x00000000800160E6] -> 0x80B5
[2672] [M]: 0x00000000800160E4 (0x80B550E3) bge a0, a1, 6144
mem[X,0x00000000800158E4] -> 0x0113
mem[X,0x00000000800158E6] -> 0x0011
[2673] [M]: 0x00000000800158E4 (0x00110113) addi sp, sp, 1
x2 <- 0x0000000000000001
mem[X,0x00000000800158E8] -> 0x006F
mem[X,0x00000000800158EA] -> 0x0110
[2674] [M]: 0x00000000800158E8 (0x0110006F) jal zero, 2064
mem[X,0x00000000800160F8] -> 0xBC23
mem[X,0x00000000800160FA] -> 0x5C20
[2675] [M]: 0x00000000800160F8 (0x5C20BC23) sd sp, 1496(ra)
mem[0x00000000800497A8] <- 0x0000000000000001
mem[X,0x00000000800160FC] -> 0x5537
mem[X,0x00000000800160FE] -> 0x5555
[2676] [M]: 0x00000000800160FC (0x55555537) lui a0, 349525
x10 <- 0x0000000055555000
mem[X,0x0000000080016100] -> 0x0513
mem[X,0x0000000080016102] -> 0x5555
[2677] [M]: 0x0000000080016100 (0x55550513) addi a0, a0, 1365
x10 <- 0x0000000055555555
mem[X,0x0000000080016104] -> 0x1513
mem[X,0x0000000080016106] -> 0x00B5
[2678] [M]: 0x0000000080016104 (0x00B51513) slli a0, a0, 11
x10 <- 0x000002AAAAAAA800
mem[X,0x0000000080016108] -> 0x0513
mem[X,0x000000008001610A] -> 0x2AA5
[2679] [M]: 0x0000000080016108 (0x2AA50513) addi a0, a0, 682
x10 <- 0x000002AAAAAAAAAA
mem[X,0x000000008001610C] -> 0x1513
mem[X,0x000000008001610E] -> 0x00B5
[2680] [M]: 0x000000008001610C (0x00B51513) slli a0, a0, 11
x10 <- 0x0015555555555000
mem[X,0x0000000080016110] -> 0x0513
mem[X,0x0000000080016112] -> 0x5555
[2681] [M]: 0x0000000080016110 (0x55550513) addi a0, a0, 1365
x10 <- 0x0015555555555555
mem[X,0x0000000080016114] -> 0x1513
mem[X,0x0000000080016116] -> 0x00A5
[2682] [M]: 0x0000000080016114 (0x00A51513) slli a0, a0, 10
x10 <- 0x5555555555555400
mem[X,0x0000000080016118] -> 0x0513
mem[X,0x000000008001611A] -> 0x1555
[2683] [M]: 0x0000000080016118 (0x15550513) addi a0, a0, 341
x10 <- 0x5555555555555555
mem[X,0x000000008001611C] -> 0xB5B7
mem[X,0x000000008001611E] -> 0xAAAA
[2684] [M]: 0x000000008001611C (0xAAAAB5B7) lui a1, 699051
x11 <- 0xFFFFFFFFAAAAB000
mem[X,0x0000000080016120] -> 0x8593
mem[X,0x0000000080016122] -> 0xAAA5
[2685] [M]: 0x0000000080016120 (0xAAA58593) addi a1, a1, 2730
x11 <- 0xFFFFFFFFAAAAAAAA
mem[X,0x0000000080016124] -> 0x9593
mem[X,0x0000000080016126] -> 0x00B5
[2686] [M]: 0x0000000080016124 (0x00B59593) slli a1, a1, 11
x11 <- 0xFFFFFD5555555000
mem[X,0x0000000080016128] -> 0x8593
mem[X,0x000000008001612A] -> 0x5555
[2687] [M]: 0x0000000080016128 (0x55558593) addi a1, a1, 1365
x11 <- 0xFFFFFD5555555555
mem[X,0x000000008001612C] -> 0x9593
mem[X,0x000000008001612E] -> 0x00B5
[2688] [M]: 0x000000008001612C (0x00B59593) slli a1, a1, 11
x11 <- 0xFFEAAAAAAAAAA800
mem[X,0x0000000080016130] -> 0x8593
mem[X,0x0000000080016132] -> 0x2AA5
[2689] [M]: 0x0000000080016130 (0x2AA58593) addi a1, a1, 682
x11 <- 0xFFEAAAAAAAAAAAAA
mem[X,0x0000000080016134] -> 0x9593
mem[X,0x0000000080016136] -> 0x00A5
[2690] [M]: 0x0000000080016134 (0x00A59593) slli a1, a1, 10
x11 <- 0xAAAAAAAAAAAAA800
mem[X,0x0000000080016138] -> 0x8593
mem[X,0x000000008001613A] -> 0x2AA5
[2691] [M]: 0x0000000080016138 (0x2AA58593) addi a1, a1, 682
x11 <- 0xAAAAAAAAAAAAAAAA
mem[X,0x000000008001613C] -> 0x0113
mem[X,0x000000008001613E] -> 0x0000
[2692] [M]: 0x000000008001613C (0x00000113) addi sp, zero, 0
x2 <- 0x0000000000000000
mem[X,0x0000000080016140] -> 0x006F
mem[X,0x0000000080016142] -> 0x0050
[2693] [M]: 0x0000000080016140 (0x0050006F) jal zero, 2052
mem[X,0x0000000080016944] -> 0x50E3
mem[X,0x0000000080016946] -> 0x80B5
[2694] [M]: 0x0000000080016944 (0x80B550E3) bge a0, a1, 6144
mem[X,0x0000000080016144] -> 0x0113
mem[X,0x0000000080016146] -> 0x0011
[2695] [M]: 0x0000000080016144 (0x00110113) addi sp, sp, 1
x2 <- 0x0000000000000001
mem[X,0x0000000080016148] -> 0x006F
mem[X,0x000000008001614A] -> 0x0110
[2696] [M]: 0x0000000080016148 (0x0110006F) jal zero, 2064
mem[X,0x0000000080016958] -> 0xB023
mem[X,0x000000008001695A] -> 0x5E20
[2697] [M]: 0x0000000080016958 (0x5E20B023) sd sp, 1504(ra)
mem[0x00000000800497B0] <- 0x0000000000000001
mem[X,0x000000008001695C] -> 0x5537
mem[X,0x000000008001695E] -> 0x5555
[2698] [M]: 0x000000008001695C (0x55555537) lui a0, 349525
x10 <- 0x0000000055555000
mem[X,0x0000000080016960] -> 0x0513
mem[X,0x0000000080016962] -> 0x5555
[2699] [M]: 0x0000000080016960 (0x55550513) addi a0, a0, 1365
x10 <- 0x0000000055555555
clint::tick mtime <- 0x000000000000001B
 clint timer pending at mtime 0x000000000000001B
htif::tick 0x0000000000000000
mem[X,0x0000000080016964] -> 0x1513
mem[X,0x0000000080016966] -> 0x00B5
[2700] [M]: 0x0000000080016964 (0x00B51513) slli a0, a0, 11
x10 <- 0x000002AAAAAAA800
mem[X,0x0000000080016968] -> 0x0513
mem[X,0x000000008001696A] -> 0x2AA5
[2701] [M]: 0x0000000080016968 (0x2AA50513) addi a0, a0, 682
x10 <- 0x000002AAAAAAAAAA
mem[X,0x000000008001696C] -> 0x1513
mem[X,0x000000008001696E] -> 0x00B5
[2702] [M]: 0x000000008001696C (0x00B51513) slli a0, a0, 11
x10 <- 0x0015555555555000
mem[X,0x0000000080016970] -> 0x0513
mem[X,0x0000000080016972] -> 0x5555
[2703] [M]: 0x0000000080016970 (0x55550513) addi a0, a0, 1365
x10 <- 0x0015555555555555
mem[X,0x0000000080016974] -> 0x1513
mem[X,0x0000000080016976] -> 0x00A5
[2704] [M]: 0x0000000080016974 (0x00A51513) slli a0, a0, 10
x10 <- 0x5555555555555400
mem[X,0x0000000080016978] -> 0x0513
mem[X,0x000000008001697A] -> 0x1555
[2705] [M]: 0x0000000080016978 (0x15550513) addi a0, a0, 341
x10 <- 0x5555555555555555
mem[X,0x000000008001697C] -> 0x0593
mem[X,0x000000008001697E] -> 0x0050
[2706] [M]: 0x000000008001697C (0x00500593) addi a1, zero, 5
x11 <- 0x0000000000000005
mem[X,0x0000000080016980] -> 0x0113
mem[X,0x0000000080016982] -> 0x0000
[2707] [M]: 0x0000000080016980 (0x00000113) addi sp, zero, 0
x2 <- 0x0000000000000000
mem[X,0x0000000080016984] -> 0x006F
mem[X,0x0000000080016986] -> 0x0140
[2708] [M]: 0x0000000080016984 (0x0140006F) jal zero, 20
mem[X,0x0000000080016998] -> 0x58E3
mem[X,0x000000008001699A] -> 0xFEB5
[2709] [M]: 0x0000000080016998 (0xFEB558E3) bge a0, a1, 8176
mem[X,0x0000000080016988] -> 0x0113
mem[X,0x000000008001698A] -> 0x0011
[2710] [M]: 0x0000000080016988 (0x00110113) addi sp, sp, 1
x2 <- 0x0000000000000001
mem[X,0x000000008001698C] -> 0x006F
mem[X,0x000000008001698E] -> 0x0200
[2711] [M]: 0x000000008001698C (0x0200006F) jal zero, 32
mem[X,0x00000000800169AC] -> 0xB423
mem[X,0x00000000800169AE] -> 0x5E20
[2712] [M]: 0x00000000800169AC (0x5E20B423) sd sp, 1512(ra)
mem[0x00000000800497B8] <- 0x0000000000000001
mem[X,0x00000000800169B0] -> 0x5537
mem[X,0x00000000800169B2] -> 0x5555
[2713] [M]: 0x00000000800169B0 (0x55555537) lui a0, 349525
x10 <- 0x0000000055555000
mem[X,0x00000000800169B4] -> 0x0513
mem[X,0x00000000800169B6] -> 0x5555
[2714] [M]: 0x00000000800169B4 (0x55550513) addi a0, a0, 1365
x10 <- 0x0000000055555555
mem[X,0x00000000800169B8] -> 0x1513
mem[X,0x00000000800169BA] -> 0x00B5
[2715] [M]: 0x00000000800169B8 (0x00B51513) slli a0, a0, 11
x10 <- 0x000002AAAAAAA800
mem[X,0x00000000800169BC] -> 0x0513
mem[X,0x00000000800169BE] -> 0x2AA5
[2716] [M]: 0x00000000800169BC (0x2AA50513) addi a0, a0, 682
x10 <- 0x000002AAAAAAAAAA
mem[X,0x00000000800169C0] -> 0x1513
mem[X,0x00000000800169C2] -> 0x00B5
[2717] [M]: 0x00000000800169C0 (0x00B51513) slli a0, a0, 11
x10 <- 0x0015555555555000
mem[X,0x00000000800169C4] -> 0x0513
mem[X,0x00000000800169C6] -> 0x5555
[2718] [M]: 0x00000000800169C4 (0x55550513) addi a0, a0, 1365
x10 <- 0x0015555555555555
mem[X,0x00000000800169C8] -> 0x1513
mem[X,0x00000000800169CA] -> 0x00A5
[2719] [M]: 0x00000000800169C8 (0x00A51513) slli a0, a0, 10
x10 <- 0x5555555555555400
mem[X,0x00000000800169CC] -> 0x0513
mem[X,0x00000000800169CE] -> 0x1555
[2720] [M]: 0x00000000800169CC (0x15550513) addi a0, a0, 341
x10 <- 0x5555555555555555
mem[X,0x00000000800169D0] -> 0x35B7
mem[X,0x00000000800169D2] -> 0x3333
[2721] [M]: 0x00000000800169D0 (0x333335B7) lui a1, 209715
x11 <- 0x0000000033333000
mem[X,0x00000000800169D4] -> 0x8593
mem[X,0x00000000800169D6] -> 0x3335
[2722] [M]: 0x00000000800169D4 (0x33358593) addi a1, a1, 819
x11 <- 0x0000000033333333
mem[X,0x00000000800169D8] -> 0x9593
mem[X,0x00000000800169DA] -> 0x00B5
[2723] [M]: 0x00000000800169D8 (0x00B59593) slli a1, a1, 11
x11 <- 0x0000019999999800
mem[X,0x00000000800169DC] -> 0x8593
mem[X,0x00000000800169DE] -> 0x1995
[2724] [M]: 0x00000000800169DC (0x19958593) addi a1, a1, 409
x11 <- 0x0000019999999999
mem[X,0x00000000800169E0] -> 0x9593
mem[X,0x00000000800169E2] -> 0x00B5
[2725] [M]: 0x00000000800169E0 (0x00B59593) slli a1, a1, 11
x11 <- 0x000CCCCCCCCCC800
mem[X,0x00000000800169E4] -> 0x8593
mem[X,0x00000000800169E6] -> 0x4CC5
[2726] [M]: 0x00000000800169E4 (0x4CC58593) addi a1, a1, 1228
x11 <- 0x000CCCCCCCCCCCCC
mem[X,0x00000000800169E8] -> 0x9593
mem[X,0x00000000800169EA] -> 0x00A5
[2727] [M]: 0x00000000800169E8 (0x00A59593) slli a1, a1, 10
x11 <- 0x3333333333333000
mem[X,0x00000000800169EC] -> 0x8593
mem[X,0x00000000800169EE] -> 0x3335
[2728] [M]: 0x00000000800169EC (0x33358593) addi a1, a1, 819
x11 <- 0x3333333333333333
mem[X,0x00000000800169F0] -> 0x0113
mem[X,0x00000000800169F2] -> 0x0000
[2729] [M]: 0x00000000800169F0 (0x00000113) addi sp, zero, 0
x2 <- 0x0000000000000000
mem[X,0x00000000800169F4] -> 0x006F
mem[X,0x00000000800169F6] -> 0x00C0
[2730] [M]: 0x00000000800169F4 (0x00C0006F) jal zero, 12
mem[X,0x0000000080016A00] -> 0x5063
mem[X,0x0000000080016A02] -> 0x40B5
[2731] [M]: 0x0000000080016A00 (0x40B55063) bge a0, a1, 1024
mem[X,0x0000000080016E00] -> 0x0113
mem[X,0x0000000080016E02] -> 0x0031
[2732] [M]: 0x0000000080016E00 (0x00310113) addi sp, sp, 3
x2 <- 0x0000000000000003
mem[X,0x0000000080016E04] -> 0x006F
mem[X,0x0000000080016E06] -> 0x0040
[2733] [M]: 0x0000000080016E04 (0x0040006F) jal zero, 4
mem[X,0x0000000080016E08] -> 0xB823
mem[X,0x0000000080016E0A] -> 0x5E20
[2734] [M]: 0x0000000080016E08 (0x5E20B823) sd sp, 1520(ra)
mem[0x00000000800497C0] <- 0x0000000000000003
mem[X,0x0000000080016E0C] -> 0x5537
mem[X,0x0000000080016E0E] -> 0x5555
[2735] [M]: 0x0000000080016E0C (0x55555537) lui a0, 349525
x10 <- 0x0000000055555000
mem[X,0x0000000080016E10] -> 0x0513
mem[X,0x0000000080016E12] -> 0x5555
[2736] [M]: 0x0000000080016E10 (0x55550513) addi a0, a0, 1365
x10 <- 0x0000000055555555
mem[X,0x0000000080016E14] -> 0x1513
mem[X,0x0000000080016E16] -> 0x00B5
[2737] [M]: 0x0000000080016E14 (0x00B51513) slli a0, a0, 11
x10 <- 0x000002AAAAAAA800
mem[X,0x0000000080016E18] -> 0x0513
mem[X,0x0000000080016E1A] -> 0x2AA5
[2738] [M]: 0x0000000080016E18 (0x2AA50513) addi a0, a0, 682
x10 <- 0x000002AAAAAAAAAA
mem[X,0x0000000080016E1C] -> 0x1513
mem[X,0x0000000080016E1E] -> 0x00B5
[2739] [M]: 0x0000000080016E1C (0x00B51513) slli a0, a0, 11
x10 <- 0x0015555555555000
mem[X,0x0000000080016E20] -> 0x0513
mem[X,0x0000000080016E22] -> 0x5555
[2740] [M]: 0x0000000080016E20 (0x55550513) addi a0, a0, 1365
x10 <- 0x0015555555555555
mem[X,0x0000000080016E24] -> 0x1513
mem[X,0x0000000080016E26] -> 0x00A5
[2741] [M]: 0x0000000080016E24 (0x00A51513) slli a0, a0, 10
x10 <- 0x5555555555555400
mem[X,0x0000000080016E28] -> 0x0513
mem[X,0x0000000080016E2A] -> 0x1555
[2742] [M]: 0x0000000080016E28 (0x15550513) addi a0, a0, 341
x10 <- 0x5555555555555555
mem[X,0x0000000080016E2C] -> 0x65B7
mem[X,0x0000000080016E2E] -> 0x6666
[2743] [M]: 0x0000000080016E2C (0x666665B7) lui a1, 419430
x11 <- 0x0000000066666000
mem[X,0x0000000080016E30] -> 0x8593
mem[X,0x0000000080016E32] -> 0x6665
[2744] [M]: 0x0000000080016E30 (0x66658593) addi a1, a1, 1638
x11 <- 0x0000000066666666
mem[X,0x0000000080016E34] -> 0x9593
mem[X,0x0000000080016E36] -> 0x00B5
[2745] [M]: 0x0000000080016E34 (0x00B59593) slli a1, a1, 11
x11 <- 0x0000033333333000
mem[X,0x0000000080016E38] -> 0x8593
mem[X,0x0000000080016E3A] -> 0x3335
[2746] [M]: 0x0000000080016E38 (0x33358593) addi a1, a1, 819
x11 <- 0x0000033333333333
mem[X,0x0000000080016E3C] -> 0x9593
mem[X,0x0000000080016E3E] -> 0x00B5
[2747] [M]: 0x0000000080016E3C (0x00B59593) slli a1, a1, 11
x11 <- 0x0019999999999800
mem[X,0x0000000080016E40] -> 0x8593
mem[X,0x0000000080016E42] -> 0x1995
[2748] [M]: 0x0000000080016E40 (0x19958593) addi a1, a1, 409
x11 <- 0x0019999999999999
mem[X,0x0000000080016E44] -> 0x9593
mem[X,0x0000000080016E46] -> 0x00A5
[2749] [M]: 0x0000000080016E44 (0x00A59593) slli a1, a1, 10
x11 <- 0x6666666666666400
mem[X,0x0000000080016E48] -> 0x8593
mem[X,0x0000000080016E4A] -> 0x2665
[2750] [M]: 0x0000000080016E48 (0x26658593) addi a1, a1, 614
x11 <- 0x6666666666666666
mem[X,0x0000000080016E4C] -> 0x0113
mem[X,0x0000000080016E4E] -> 0x0000
[2751] [M]: 0x0000000080016E4C (0x00000113) addi sp, zero, 0
x2 <- 0x0000000000000000
mem[X,0x0000000080016E50] -> 0x006F
mem[X,0x0000000080016E52] -> 0x00C0
[2752] [M]: 0x0000000080016E50 (0x00C0006F) jal zero, 12
mem[X,0x0000000080016E5C] -> 0x5CE3
mem[X,0x0000000080016E5E] -> 0xFEB5
[2753] [M]: 0x0000000080016E5C (0xFEB55CE3) bge a0, a1, 8184
mem[X,0x0000000080016E60] -> 0x0113
mem[X,0x0000000080016E62] -> 0x0021
[2754] [M]: 0x0000000080016E60 (0x00210113) addi sp, sp, 2
x2 <- 0x0000000000000002
mem[X,0x0000000080016E64] -> 0x006F
mem[X,0x0000000080016E66] -> 0x00C0
[2755] [M]: 0x0000000080016E64 (0x00C0006F) jal zero, 12
mem[X,0x0000000080016E70] -> 0xBC23
mem[X,0x0000000080016E72] -> 0x5E20
[2756] [M]: 0x0000000080016E70 (0x5E20BC23) sd sp, 1528(ra)
mem[0x00000000800497C8] <- 0x0000000000000002
mem[X,0x0000000080016E74] -> 0x5537
mem[X,0x0000000080016E76] -> 0x5555
[2757] [M]: 0x0000000080016E74 (0x55555537) lui a0, 349525
x10 <- 0x0000000055555000
mem[X,0x0000000080016E78] -> 0x0513
mem[X,0x0000000080016E7A] -> 0x5555
[2758] [M]: 0x0000000080016E78 (0x55550513) addi a0, a0, 1365
x10 <- 0x0000000055555555
mem[X,0x0000000080016E7C] -> 0x1513
mem[X,0x0000000080016E7E] -> 0x00B5
[2759] [M]: 0x0000000080016E7C (0x00B51513) slli a0, a0, 11
x10 <- 0x000002AAAAAAA800
mem[X,0x0000000080016E80] -> 0x0513
mem[X,0x0000000080016E82] -> 0x2AA5
[2760] [M]: 0x0000000080016E80 (0x2AA50513) addi a0, a0, 682
x10 <- 0x000002AAAAAAAAAA
mem[X,0x0000000080016E84] -> 0x1513
mem[X,0x0000000080016E86] -> 0x00B5
[2761] [M]: 0x0000000080016E84 (0x00B51513) slli a0, a0, 11
x10 <- 0x0015555555555000
mem[X,0x0000000080016E88] -> 0x0513
mem[X,0x0000000080016E8A] -> 0x5555
[2762] [M]: 0x0000000080016E88 (0x55550513) addi a0, a0, 1365
x10 <- 0x0015555555555555
mem[X,0x0000000080016E8C] -> 0x1513
mem[X,0x0000000080016E8E] -> 0x00A5
[2763] [M]: 0x0000000080016E8C (0x00A51513) slli a0, a0, 10
x10 <- 0x5555555555555400
mem[X,0x0000000080016E90] -> 0x0513
mem[X,0x0000000080016E92] -> 0x1555
[2764] [M]: 0x0000000080016E90 (0x15550513) addi a0, a0, 341
x10 <- 0x5555555555555555
mem[X,0x0000000080016E94] -> 0x05B7
mem[X,0x0000000080016E96] -> 0x0000
[2765] [M]: 0x0000000080016E94 (0x000005B7) lui a1, 0
x11 <- 0x0000000000000000
mem[X,0x0000000080016E98] -> 0x8593
mem[X,0x0000000080016E9A] -> 0xFFF5
[2766] [M]: 0x0000000080016E98 (0xFFF58593) addi a1, a1, 4095
x11 <- 0xFFFFFFFFFFFFFFFF
mem[X,0x0000000080016E9C] -> 0x9593
mem[X,0x0000000080016E9E] -> 0x00B5
[2767] [M]: 0x0000000080016E9C (0x00B59593) slli a1, a1, 11
x11 <- 0xFFFFFFFFFFFFF800
mem[X,0x0000000080016EA0] -> 0x8593
mem[X,0x0000000080016EA2] -> 0x2575
[2768] [M]: 0x0000000080016EA0 (0x25758593) addi a1, a1, 599
x11 <- 0xFFFFFFFFFFFFFA57
mem[X,0x0000000080016EA4] -> 0x9593
mem[X,0x0000000080016EA6] -> 0x00B5
[2769] [M]: 0x0000000080016EA4 (0x00B59593) slli a1, a1, 11
x11 <- 0xFFFFFFFFFFD2B800
mem[X,0x0000000080016EA8] -> 0x8593
mem[X,0x0000000080016EAA] -> 0x6C35
[2770] [M]: 0x0000000080016EA8 (0x6C358593) addi a1, a1, 1731
x11 <- 0xFFFFFFFFFFD2BEC3
mem[X,0x0000000080016EAC] -> 0x9593
mem[X,0x0000000080016EAE] -> 0x00A5
[2771] [M]: 0x0000000080016EAC (0x00A59593) slli a1, a1, 10
x11 <- 0xFFFFFFFF4AFB0C00
mem[X,0x0000000080016EB0] -> 0x8593
mem[X,0x0000000080016EB2] -> 0x0CD5
[2772] [M]: 0x0000000080016EB0 (0x0CD58593) addi a1, a1, 205
x11 <- 0xFFFFFFFF4AFB0CCD
mem[X,0x0000000080016EB4] -> 0x0113
mem[X,0x0000000080016EB6] -> 0x0000
[2773] [M]: 0x0000000080016EB4 (0x00000113) addi sp, zero, 0
x2 <- 0x0000000000000000
mem[X,0x0000000080016EB8] -> 0x006F
mem[X,0x0000000080016EBA] -> 0x00C0
[2774] [M]: 0x0000000080016EB8 (0x00C0006F) jal zero, 12
mem[X,0x0000000080016EC4] -> 0x5CE3
mem[X,0x0000000080016EC6] -> 0xFEB5
[2775] [M]: 0x0000000080016EC4 (0xFEB55CE3) bge a0, a1, 8184
mem[X,0x0000000080016EBC] -> 0x0113
mem[X,0x0000000080016EBE] -> 0x0011
[2776] [M]: 0x0000000080016EBC (0x00110113) addi sp, sp, 1
x2 <- 0x0000000000000001
mem[X,0x0000000080016EC0] -> 0x006F
mem[X,0x0000000080016EC2] -> 0x0180
[2777] [M]: 0x0000000080016EC0 (0x0180006F) jal zero, 24
mem[X,0x0000000080016ED8] -> 0xB023
mem[X,0x0000000080016EDA] -> 0x6020
[2778] [M]: 0x0000000080016ED8 (0x6020B023) sd sp, 1536(ra)
mem[0x00000000800497D0] <- 0x0000000000000001
mem[X,0x0000000080016EDC] -> 0x5537
mem[X,0x0000000080016EDE] -> 0x5555
[2779] [M]: 0x0000000080016EDC (0x55555537) lui a0, 349525
x10 <- 0x0000000055555000
mem[X,0x0000000080016EE0] -> 0x0513
mem[X,0x0000000080016EE2] -> 0x5555
[2780] [M]: 0x0000000080016EE0 (0x55550513) addi a0, a0, 1365
x10 <- 0x0000000055555555
mem[X,0x0000000080016EE4] -> 0x1513
mem[X,0x0000000080016EE6] -> 0x00B5
[2781] [M]: 0x0000000080016EE4 (0x00B51513) slli a0, a0, 11
x10 <- 0x000002AAAAAAA800
mem[X,0x0000000080016EE8] -> 0x0513
mem[X,0x0000000080016EEA] -> 0x2AA5
[2782] [M]: 0x0000000080016EE8 (0x2AA50513) addi a0, a0, 682
x10 <- 0x000002AAAAAAAAAA
mem[X,0x0000000080016EEC] -> 0x1513
mem[X,0x0000000080016EEE] -> 0x00B5
[2783] [M]: 0x0000000080016EEC (0x00B51513) slli a0, a0, 11
x10 <- 0x0015555555555000
mem[X,0x0000000080016EF0] -> 0x0513
mem[X,0x0000000080016EF2] -> 0x5555
[2784] [M]: 0x0000000080016EF0 (0x55550513) addi a0, a0, 1365
x10 <- 0x0015555555555555
mem[X,0x0000000080016EF4] -> 0x1513
mem[X,0x0000000080016EF6] -> 0x00A5
[2785] [M]: 0x0000000080016EF4 (0x00A51513) slli a0, a0, 10
x10 <- 0x5555555555555400
mem[X,0x0000000080016EF8] -> 0x0513
mem[X,0x0000000080016EFA] -> 0x1555
[2786] [M]: 0x0000000080016EF8 (0x15550513) addi a0, a0, 341
x10 <- 0x5555555555555555
mem[X,0x0000000080016EFC] -> 0x05B7
mem[X,0x0000000080016EFE] -> 0x0000
[2787] [M]: 0x0000000080016EFC (0x000005B7) lui a1, 0
x11 <- 0x0000000000000000
mem[X,0x0000000080016F00] -> 0x8593
mem[X,0x0000000080016F02] -> 0x0005
[2788] [M]: 0x0000000080016F00 (0x00058593) addi a1, a1, 0
x11 <- 0x0000000000000000
mem[X,0x0000000080016F04] -> 0x9593
mem[X,0x0000000080016F06] -> 0x00B5
[2789] [M]: 0x0000000080016F04 (0x00B59593) slli a1, a1, 11
x11 <- 0x0000000000000000
mem[X,0x0000000080016F08] -> 0x8593
mem[X,0x0000000080016F0A] -> 0x5A85
[2790] [M]: 0x0000000080016F08 (0x5A858593) addi a1, a1, 1448
x11 <- 0x00000000000005A8
mem[X,0x0000000080016F0C] -> 0x9593
mem[X,0x0000000080016F0E] -> 0x00B5
[2791] [M]: 0x0000000080016F0C (0x00B59593) slli a1, a1, 11
x11 <- 0x00000000002D4000
mem[X,0x0000000080016F10] -> 0x8593
mem[X,0x0000000080016F12] -> 0x13C5
[2792] [M]: 0x0000000080016F10 (0x13C58593) addi a1, a1, 316
x11 <- 0x00000000002D413C
mem[X,0x0000000080016F14] -> 0x9593
mem[X,0x0000000080016F16] -> 0x00A5
[2793] [M]: 0x0000000080016F14 (0x00A59593) slli a1, a1, 10
x11 <- 0x00000000B504F000
mem[X,0x0000000080016F18] -> 0x8593
mem[X,0x0000000080016F1A] -> 0x3335
[2794] [M]: 0x0000000080016F18 (0x33358593) addi a1, a1, 819
x11 <- 0x00000000B504F333
mem[X,0x0000000080016F1C] -> 0x0113
mem[X,0x0000000080016F1E] -> 0x0000
[2795] [M]: 0x0000000080016F1C (0x00000113) addi sp, zero, 0
x2 <- 0x0000000000000000
mem[X,0x0000000080016F20] -> 0x006F
mem[X,0x0000000080016F22] -> 0x00C0
[2796] [M]: 0x0000000080016F20 (0x00C0006F) jal zero, 12
mem[X,0x0000000080016F2C] -> 0x5663
mem[X,0x0000000080016F2E] -> 0x00B5
[2797] [M]: 0x0000000080016F2C (0x00B55663) bge a0, a1, 12
mem[X,0x0000000080016F38] -> 0x0113
mem[X,0x0000000080016F3A] -> 0x0031
[2798] [M]: 0x0000000080016F38 (0x00310113) addi sp, sp, 3
x2 <- 0x0000000000000003
mem[X,0x0000000080016F3C] -> 0x006F
mem[X,0x0000000080016F3E] -> 0x0040
[2799] [M]: 0x0000000080016F3C (0x0040006F) jal zero, 4
clint::tick mtime <- 0x000000000000001C
 clint timer pending at mtime 0x000000000000001C
htif::tick 0x0000000000000000
mem[X,0x0000000080016F40] -> 0xB423
mem[X,0x0000000080016F42] -> 0x6020
[2800] [M]: 0x0000000080016F40 (0x6020B423) sd sp, 1544(ra)
mem[0x00000000800497D8] <- 0x0000000000000003
mem[X,0x0000000080016F44] -> 0x5537
mem[X,0x0000000080016F46] -> 0x5555
[2801] [M]: 0x0000000080016F44 (0x55555537) lui a0, 349525
x10 <- 0x0000000055555000
mem[X,0x0000000080016F48] -> 0x0513
mem[X,0x0000000080016F4A] -> 0x5555
[2802] [M]: 0x0000000080016F48 (0x55550513) addi a0, a0, 1365
x10 <- 0x0000000055555555
mem[X,0x0000000080016F4C] -> 0x1513
mem[X,0x0000000080016F4E] -> 0x00B5
[2803] [M]: 0x0000000080016F4C (0x00B51513) slli a0, a0, 11
x10 <- 0x000002AAAAAAA800
mem[X,0x0000000080016F50] -> 0x0513
mem[X,0x0000000080016F52] -> 0x2AA5
[2804] [M]: 0x0000000080016F50 (0x2AA50513) addi a0, a0, 682
x10 <- 0x000002AAAAAAAAAA
mem[X,0x0000000080016F54] -> 0x1513
mem[X,0x0000000080016F56] -> 0x00B5
[2805] [M]: 0x0000000080016F54 (0x00B51513) slli a0, a0, 11
x10 <- 0x0015555555555000
mem[X,0x0000000080016F58] -> 0x0513
mem[X,0x0000000080016F5A] -> 0x5555
[2806] [M]: 0x0000000080016F58 (0x55550513) addi a0, a0, 1365
x10 <- 0x0015555555555555
mem[X,0x0000000080016F5C] -> 0x1513
mem[X,0x0000000080016F5E] -> 0x00A5
[2807] [M]: 0x0000000080016F5C (0x00A51513) slli a0, a0, 10
x10 <- 0x5555555555555400
mem[X,0x0000000080016F60] -> 0x0513
mem[X,0x0000000080016F62] -> 0x1555
[2808] [M]: 0x0000000080016F60 (0x15550513) addi a0, a0, 341
x10 <- 0x5555555555555555
mem[X,0x0000000080016F64] -> 0x0593
mem[X,0x0000000080016F66] -> 0x0020
[2809] [M]: 0x0000000080016F64 (0x00200593) addi a1, zero, 2
x11 <- 0x0000000000000002
mem[X,0x0000000080016F68] -> 0x0113
mem[X,0x0000000080016F6A] -> 0x0000
[2810] [M]: 0x0000000080016F68 (0x00000113) addi sp, zero, 0
x2 <- 0x0000000000000000
mem[X,0x0000000080016F6C] -> 0x006F
mem[X,0x0000000080016F6E] -> 0x00C0
[2811] [M]: 0x0000000080016F6C (0x00C0006F) jal zero, 12
mem[X,0x0000000080016F78] -> 0x5063
mem[X,0x0000000080016F7A] -> 0x04B5
[2812] [M]: 0x0000000080016F78 (0x04B55063) bge a0, a1, 64
mem[X,0x0000000080016FB8] -> 0x0113
mem[X,0x0000000080016FBA] -> 0x0031
[2813] [M]: 0x0000000080016FB8 (0x00310113) addi sp, sp, 3
x2 <- 0x0000000000000003
mem[X,0x0000000080016FBC] -> 0x006F
mem[X,0x0000000080016FBE] -> 0x0040
[2814] [M]: 0x0000000080016FBC (0x0040006F) jal zero, 4
mem[X,0x0000000080016FC0] -> 0xB823
mem[X,0x0000000080016FC2] -> 0x6020
[2815] [M]: 0x0000000080016FC0 (0x6020B823) sd sp, 1552(ra)
mem[0x00000000800497E0] <- 0x0000000000000003
mem[X,0x0000000080016FC4] -> 0x5537
mem[X,0x0000000080016FC6] -> 0x5555
[2816] [M]: 0x0000000080016FC4 (0x55555537) lui a0, 349525
x10 <- 0x0000000055555000
mem[X,0x0000000080016FC8] -> 0x0513
mem[X,0x0000000080016FCA] -> 0x5555
[2817] [M]: 0x0000000080016FC8 (0x55550513) addi a0, a0, 1365
x10 <- 0x0000000055555555
mem[X,0x0000000080016FCC] -> 0x1513
mem[X,0x0000000080016FCE] -> 0x00B5
[2818] [M]: 0x0000000080016FCC (0x00B51513) slli a0, a0, 11
x10 <- 0x000002AAAAAAA800
mem[X,0x0000000080016FD0] -> 0x0513
mem[X,0x0000000080016FD2] -> 0x2AA5
[2819] [M]: 0x0000000080016FD0 (0x2AA50513) addi a0, a0, 682
x10 <- 0x000002AAAAAAAAAA
mem[X,0x0000000080016FD4] -> 0x1513
mem[X,0x0000000080016FD6] -> 0x00B5
[2820] [M]: 0x0000000080016FD4 (0x00B51513) slli a0, a0, 11
x10 <- 0x0015555555555000
mem[X,0x0000000080016FD8] -> 0x0513
mem[X,0x0000000080016FDA] -> 0x5555
[2821] [M]: 0x0000000080016FD8 (0x55550513) addi a0, a0, 1365
x10 <- 0x0015555555555555
mem[X,0x0000000080016FDC] -> 0x1513
mem[X,0x0000000080016FDE] -> 0x00A5
[2822] [M]: 0x0000000080016FDC (0x00A51513) slli a0, a0, 10
x10 <- 0x5555555555555400
mem[X,0x0000000080016FE0] -> 0x0513
mem[X,0x0000000080016FE2] -> 0x1555
[2823] [M]: 0x0000000080016FE0 (0x15550513) addi a0, a0, 341
x10 <- 0x5555555555555555
mem[X,0x0000000080016FE4] -> 0x55B7
mem[X,0x0000000080016FE6] -> 0x5555
[2824] [M]: 0x0000000080016FE4 (0x555555B7) lui a1, 349525
x11 <- 0x0000000055555000
mem[X,0x0000000080016FE8] -> 0x8593
mem[X,0x0000000080016FEA] -> 0x5555
[2825] [M]: 0x0000000080016FE8 (0x55558593) addi a1, a1, 1365
x11 <- 0x0000000055555555
mem[X,0x0000000080016FEC] -> 0x9593
mem[X,0x0000000080016FEE] -> 0x00B5
[2826] [M]: 0x0000000080016FEC (0x00B59593) slli a1, a1, 11
x11 <- 0x000002AAAAAAA800
mem[X,0x0000000080016FF0] -> 0x8593
mem[X,0x0000000080016FF2] -> 0x2AA5
[2827] [M]: 0x0000000080016FF0 (0x2AA58593) addi a1, a1, 682
x11 <- 0x000002AAAAAAAAAA
mem[X,0x0000000080016FF4] -> 0x9593
mem[X,0x0000000080016FF6] -> 0x00B5
[2828] [M]: 0x0000000080016FF4 (0x00B59593) slli a1, a1, 11
x11 <- 0x0015555555555000
mem[X,0x0000000080016FF8] -> 0x8593
mem[X,0x0000000080016FFA] -> 0x5555
[2829] [M]: 0x0000000080016FF8 (0x55558593) addi a1, a1, 1365
x11 <- 0x0015555555555555
mem[X,0x0000000080016FFC] -> 0x9593
mem[X,0x0000000080016FFE] -> 0x00A5
[2830] [M]: 0x0000000080016FFC (0x00A59593) slli a1, a1, 10
x11 <- 0x5555555555555400
mem[X,0x0000000080017000] -> 0x8593
mem[X,0x0000000080017002] -> 0x1545
[2831] [M]: 0x0000000080017000 (0x15458593) addi a1, a1, 340
x11 <- 0x5555555555555554
mem[X,0x0000000080017004] -> 0x0113
mem[X,0x0000000080017006] -> 0x0000
[2832] [M]: 0x0000000080017004 (0x00000113) addi sp, zero, 0
x2 <- 0x0000000000000000
mem[X,0x0000000080017008] -> 0x006F
mem[X,0x000000008001700A] -> 0x0140
[2833] [M]: 0x0000000080017008 (0x0140006F) jal zero, 20
mem[X,0x000000008001701C] -> 0x58E3
mem[X,0x000000008001701E] -> 0xFEB5
[2834] [M]: 0x000000008001701C (0xFEB558E3) bge a0, a1, 8176
mem[X,0x000000008001700C] -> 0x0113
mem[X,0x000000008001700E] -> 0x0011
[2835] [M]: 0x000000008001700C (0x00110113) addi sp, sp, 1
x2 <- 0x0000000000000001
mem[X,0x0000000080017010] -> 0x006F
mem[X,0x0000000080017012] -> 0x0200
[2836] [M]: 0x0000000080017010 (0x0200006F) jal zero, 32
mem[X,0x0000000080017030] -> 0xBC23
mem[X,0x0000000080017032] -> 0x6020
[2837] [M]: 0x0000000080017030 (0x6020BC23) sd sp, 1560(ra)
mem[0x00000000800497E8] <- 0x0000000000000001
mem[X,0x0000000080017034] -> 0x5537
mem[X,0x0000000080017036] -> 0x5555
[2838] [M]: 0x0000000080017034 (0x55555537) lui a0, 349525
x10 <- 0x0000000055555000
mem[X,0x0000000080017038] -> 0x0513
mem[X,0x000000008001703A] -> 0x5555
[2839] [M]: 0x0000000080017038 (0x55550513) addi a0, a0, 1365
x10 <- 0x0000000055555555
mem[X,0x000000008001703C] -> 0x1513
mem[X,0x000000008001703E] -> 0x00B5
[2840] [M]: 0x000000008001703C (0x00B51513) slli a0, a0, 11
x10 <- 0x000002AAAAAAA800
mem[X,0x0000000080017040] -> 0x0513
mem[X,0x0000000080017042] -> 0x2AA5
[2841] [M]: 0x0000000080017040 (0x2AA50513) addi a0, a0, 682
x10 <- 0x000002AAAAAAAAAA
mem[X,0x0000000080017044] -> 0x1513
mem[X,0x0000000080017046] -> 0x00B5
[2842] [M]: 0x0000000080017044 (0x00B51513) slli a0, a0, 11
x10 <- 0x0015555555555000
mem[X,0x0000000080017048] -> 0x0513
mem[X,0x000000008001704A] -> 0x5555
[2843] [M]: 0x0000000080017048 (0x55550513) addi a0, a0, 1365
x10 <- 0x0015555555555555
mem[X,0x000000008001704C] -> 0x1513
mem[X,0x000000008001704E] -> 0x00A5
[2844] [M]: 0x000000008001704C (0x00A51513) slli a0, a0, 10
x10 <- 0x5555555555555400
mem[X,0x0000000080017050] -> 0x0513
mem[X,0x0000000080017052] -> 0x1555
[2845] [M]: 0x0000000080017050 (0x15550513) addi a0, a0, 341
x10 <- 0x5555555555555555
mem[X,0x0000000080017054] -> 0x0593
mem[X,0x0000000080017056] -> 0x0000
[2846] [M]: 0x0000000080017054 (0x00000593) addi a1, zero, 0
x11 <- 0x0000000000000000
mem[X,0x0000000080017058] -> 0x0113
mem[X,0x000000008001705A] -> 0x0000
[2847] [M]: 0x0000000080017058 (0x00000113) addi sp, zero, 0
x2 <- 0x0000000000000000
mem[X,0x000000008001705C] -> 0x006F
mem[X,0x000000008001705E] -> 0x00C0
[2848] [M]: 0x000000008001705C (0x00C0006F) jal zero, 12
mem[X,0x0000000080017068] -> 0x5CE3
mem[X,0x000000008001706A] -> 0xFEB5
[2849] [M]: 0x0000000080017068 (0xFEB55CE3) bge a0, a1, 8184
mem[X,0x0000000080017060] -> 0x0113
mem[X,0x0000000080017062] -> 0x0011
[2850] [M]: 0x0000000080017060 (0x00110113) addi sp, sp, 1
x2 <- 0x0000000000000001
mem[X,0x0000000080017064] -> 0x006F
mem[X,0x0000000080017066] -> 0x0180
[2851] [M]: 0x0000000080017064 (0x0180006F) jal zero, 24
mem[X,0x000000008001707C] -> 0xB023
mem[X,0x000000008001707E] -> 0x6220
[2852] [M]: 0x000000008001707C (0x6220B023) sd sp, 1568(ra)
mem[0x00000000800497F0] <- 0x0000000000000001
mem[X,0x0000000080017080] -> 0x5537
mem[X,0x0000000080017082] -> 0x5555
[2853] [M]: 0x0000000080017080 (0x55555537) lui a0, 349525
x10 <- 0x0000000055555000
mem[X,0x0000000080017084] -> 0x0513
mem[X,0x0000000080017086] -> 0x5555
[2854] [M]: 0x0000000080017084 (0x55550513) addi a0, a0, 1365
x10 <- 0x0000000055555555
mem[X,0x0000000080017088] -> 0x1513
mem[X,0x000000008001708A] -> 0x00B5
[2855] [M]: 0x0000000080017088 (0x00B51513) slli a0, a0, 11
x10 <- 0x000002AAAAAAA800
mem[X,0x000000008001708C] -> 0x0513
mem[X,0x000000008001708E] -> 0x2AA5
[2856] [M]: 0x000000008001708C (0x2AA50513) addi a0, a0, 682
x10 <- 0x000002AAAAAAAAAA
mem[X,0x0000000080017090] -> 0x1513
mem[X,0x0000000080017092] -> 0x00B5
[2857] [M]: 0x0000000080017090 (0x00B51513) slli a0, a0, 11
x10 <- 0x0015555555555000
mem[X,0x0000000080017094] -> 0x0513
mem[X,0x0000000080017096] -> 0x5555
[2858] [M]: 0x0000000080017094 (0x55550513) addi a0, a0, 1365
x10 <- 0x0015555555555555
mem[X,0x0000000080017098] -> 0x1513
mem[X,0x000000008001709A] -> 0x00A5
[2859] [M]: 0x0000000080017098 (0x00A51513) slli a0, a0, 10
x10 <- 0x5555555555555400
mem[X,0x000000008001709C] -> 0x0513
mem[X,0x000000008001709E] -> 0x1555
[2860] [M]: 0x000000008001709C (0x15550513) addi a0, a0, 341
x10 <- 0x5555555555555555
mem[X,0x00000000800170A0] -> 0x0593
mem[X,0x00000000800170A2] -> 0x0040
[2861] [M]: 0x00000000800170A0 (0x00400593) addi a1, zero, 4
x11 <- 0x0000000000000004
mem[X,0x00000000800170A4] -> 0x0113
mem[X,0x00000000800170A6] -> 0x0000
[2862] [M]: 0x00000000800170A4 (0x00000113) addi sp, zero, 0
x2 <- 0x0000000000000000
mem[X,0x00000000800170A8] -> 0x006F
mem[X,0x00000000800170AA] -> 0x0180
[2863] [M]: 0x00000000800170A8 (0x0180006F) jal zero, 24
mem[X,0x00000000800170C0] -> 0x56E3
mem[X,0x00000000800170C2] -> 0xFEB5
[2864] [M]: 0x00000000800170C0 (0xFEB556E3) bge a0, a1, 8172
mem[X,0x00000000800170AC] -> 0x0113
mem[X,0x00000000800170AE] -> 0x0011
[2865] [M]: 0x00000000800170AC (0x00110113) addi sp, sp, 1
x2 <- 0x0000000000000001
mem[X,0x00000000800170B0] -> 0x006F
mem[X,0x00000000800170B2] -> 0x0240
[2866] [M]: 0x00000000800170B0 (0x0240006F) jal zero, 36
mem[X,0x00000000800170D4] -> 0xB423
mem[X,0x00000000800170D6] -> 0x6220
[2867] [M]: 0x00000000800170D4 (0x6220B423) sd sp, 1576(ra)
mem[0x00000000800497F8] <- 0x0000000000000001
mem[X,0x00000000800170D8] -> 0x5537
mem[X,0x00000000800170DA] -> 0x5555
[2868] [M]: 0x00000000800170D8 (0x55555537) lui a0, 349525
x10 <- 0x0000000055555000
mem[X,0x00000000800170DC] -> 0x0513
mem[X,0x00000000800170DE] -> 0x5555
[2869] [M]: 0x00000000800170DC (0x55550513) addi a0, a0, 1365
x10 <- 0x0000000055555555
mem[X,0x00000000800170E0] -> 0x1513
mem[X,0x00000000800170E2] -> 0x00B5
[2870] [M]: 0x00000000800170E0 (0x00B51513) slli a0, a0, 11
x10 <- 0x000002AAAAAAA800
mem[X,0x00000000800170E4] -> 0x0513
mem[X,0x00000000800170E6] -> 0x2AA5
[2871] [M]: 0x00000000800170E4 (0x2AA50513) addi a0, a0, 682
x10 <- 0x000002AAAAAAAAAA
mem[X,0x00000000800170E8] -> 0x1513
mem[X,0x00000000800170EA] -> 0x00B5
[2872] [M]: 0x00000000800170E8 (0x00B51513) slli a0, a0, 11
x10 <- 0x0015555555555000
mem[X,0x00000000800170EC] -> 0x0513
mem[X,0x00000000800170EE] -> 0x5555
[2873] [M]: 0x00000000800170EC (0x55550513) addi a0, a0, 1365
x10 <- 0x0015555555555555
mem[X,0x00000000800170F0] -> 0x1513
mem[X,0x00000000800170F2] -> 0x00A5
[2874] [M]: 0x00000000800170F0 (0x00A51513) slli a0, a0, 10
x10 <- 0x5555555555555400
mem[X,0x00000000800170F4] -> 0x0513
mem[X,0x00000000800170F6] -> 0x1555
[2875] [M]: 0x00000000800170F4 (0x15550513) addi a0, a0, 341
x10 <- 0x5555555555555555
mem[X,0x00000000800170F8] -> 0x35B7
mem[X,0x00000000800170FA] -> 0x3333
[2876] [M]: 0x00000000800170F8 (0x333335B7) lui a1, 209715
x11 <- 0x0000000033333000
mem[X,0x00000000800170FC] -> 0x8593
mem[X,0x00000000800170FE] -> 0x3335
[2877] [M]: 0x00000000800170FC (0x33358593) addi a1, a1, 819
x11 <- 0x0000000033333333
mem[X,0x0000000080017100] -> 0x9593
mem[X,0x0000000080017102] -> 0x00B5
[2878] [M]: 0x0000000080017100 (0x00B59593) slli a1, a1, 11
x11 <- 0x0000019999999800
mem[X,0x0000000080017104] -> 0x8593
mem[X,0x0000000080017106] -> 0x1995
[2879] [M]: 0x0000000080017104 (0x19958593) addi a1, a1, 409
x11 <- 0x0000019999999999
mem[X,0x0000000080017108] -> 0x9593
mem[X,0x000000008001710A] -> 0x00B5
[2880] [M]: 0x0000000080017108 (0x00B59593) slli a1, a1, 11
x11 <- 0x000CCCCCCCCCC800
mem[X,0x000000008001710C] -> 0x8593
mem[X,0x000000008001710E] -> 0x4CC5
[2881] [M]: 0x000000008001710C (0x4CC58593) addi a1, a1, 1228
x11 <- 0x000CCCCCCCCCCCCC
mem[X,0x0000000080017110] -> 0x9593
mem[X,0x0000000080017112] -> 0x00A5
[2882] [M]: 0x0000000080017110 (0x00A59593) slli a1, a1, 10
x11 <- 0x3333333333333000
mem[X,0x0000000080017114] -> 0x8593
mem[X,0x0000000080017116] -> 0x3325
[2883] [M]: 0x0000000080017114 (0x33258593) addi a1, a1, 818
x11 <- 0x3333333333333332
mem[X,0x0000000080017118] -> 0x0113
mem[X,0x000000008001711A] -> 0x0000
[2884] [M]: 0x0000000080017118 (0x00000113) addi sp, zero, 0
x2 <- 0x0000000000000000
mem[X,0x000000008001711C] -> 0x006F
mem[X,0x000000008001711E] -> 0x00C0
[2885] [M]: 0x000000008001711C (0x00C0006F) jal zero, 12
mem[X,0x0000000080017128] -> 0x5663
mem[X,0x000000008001712A] -> 0x00B5
[2886] [M]: 0x0000000080017128 (0x00B55663) bge a0, a1, 12
mem[X,0x0000000080017134] -> 0x0113
mem[X,0x0000000080017136] -> 0x0031
[2887] [M]: 0x0000000080017134 (0x00310113) addi sp, sp, 3
x2 <- 0x0000000000000003
mem[X,0x0000000080017138] -> 0x006F
mem[X,0x000000008001713A] -> 0x0040
[2888] [M]: 0x0000000080017138 (0x0040006F) jal zero, 4
mem[X,0x000000008001713C] -> 0xB823
mem[X,0x000000008001713E] -> 0x6220
[2889] [M]: 0x000000008001713C (0x6220B823) sd sp, 1584(ra)
mem[0x0000000080049800] <- 0x0000000000000003
mem[X,0x0000000080017140] -> 0x5537
mem[X,0x0000000080017142] -> 0x5555
[2890] [M]: 0x0000000080017140 (0x55555537) lui a0, 349525
x10 <- 0x0000000055555000
mem[X,0x0000000080017144] -> 0x0513
mem[X,0x0000000080017146] -> 0x5555
[2891] [M]: 0x0000000080017144 (0x55550513) addi a0, a0, 1365
x10 <- 0x0000000055555555
mem[X,0x0000000080017148] -> 0x1513
mem[X,0x000000008001714A] -> 0x00B5
[2892] [M]: 0x0000000080017148 (0x00B51513) slli a0, a0, 11
x10 <- 0x000002AAAAAAA800
mem[X,0x000000008001714C] -> 0x0513
mem[X,0x000000008001714E] -> 0x2AA5
[2893] [M]: 0x000000008001714C (0x2AA50513) addi a0, a0, 682
x10 <- 0x000002AAAAAAAAAA
mem[X,0x0000000080017150] -> 0x1513
mem[X,0x0000000080017152] -> 0x00B5
[2894] [M]: 0x0000000080017150 (0x00B51513) slli a0, a0, 11
x10 <- 0x0015555555555000
mem[X,0x0000000080017154] -> 0x0513
mem[X,0x0000000080017156] -> 0x5555
[2895] [M]: 0x0000000080017154 (0x55550513) addi a0, a0, 1365
x10 <- 0x0015555555555555
mem[X,0x0000000080017158] -> 0x1513
mem[X,0x000000008001715A] -> 0x00A5
[2896] [M]: 0x0000000080017158 (0x00A51513) slli a0, a0, 10
x10 <- 0x5555555555555400
mem[X,0x000000008001715C] -> 0x0513
mem[X,0x000000008001715E] -> 0x1555
[2897] [M]: 0x000000008001715C (0x15550513) addi a0, a0, 341
x10 <- 0x5555555555555555
mem[X,0x0000000080017160] -> 0x65B7
mem[X,0x0000000080017162] -> 0x6666
[2898] [M]: 0x0000000080017160 (0x666665B7) lui a1, 419430
x11 <- 0x0000000066666000
mem[X,0x0000000080017164] -> 0x8593
mem[X,0x0000000080017166] -> 0x6665
[2899] [M]: 0x0000000080017164 (0x66658593) addi a1, a1, 1638
x11 <- 0x0000000066666666
clint::tick mtime <- 0x000000000000001D
 clint timer pending at mtime 0x000000000000001D
htif::tick 0x0000000000000000
mem[X,0x0000000080017168] -> 0x9593
mem[X,0x000000008001716A] -> 0x00B5
[2900] [M]: 0x0000000080017168 (0x00B59593) slli a1, a1, 11
x11 <- 0x0000033333333000
mem[X,0x000000008001716C] -> 0x8593
mem[X,0x000000008001716E] -> 0x3335
[2901] [M]: 0x000000008001716C (0x33358593) addi a1, a1, 819
x11 <- 0x0000033333333333
mem[X,0x0000000080017170] -> 0x9593
mem[X,0x0000000080017172] -> 0x00B5
[2902] [M]: 0x0000000080017170 (0x00B59593) slli a1, a1, 11
x11 <- 0x0019999999999800
mem[X,0x0000000080017174] -> 0x8593
mem[X,0x0000000080017176] -> 0x1995
[2903] [M]: 0x0000000080017174 (0x19958593) addi a1, a1, 409
x11 <- 0x0019999999999999
mem[X,0x0000000080017178] -> 0x9593
mem[X,0x000000008001717A] -> 0x00A5
[2904] [M]: 0x0000000080017178 (0x00A59593) slli a1, a1, 10
x11 <- 0x6666666666666400
mem[X,0x000000008001717C] -> 0x8593
mem[X,0x000000008001717E] -> 0x2655
[2905] [M]: 0x000000008001717C (0x26558593) addi a1, a1, 613
x11 <- 0x6666666666666665
mem[X,0x0000000080017180] -> 0x0113
mem[X,0x0000000080017182] -> 0x0000
[2906] [M]: 0x0000000080017180 (0x00000113) addi sp, zero, 0
x2 <- 0x0000000000000000
mem[X,0x0000000080017184] -> 0x006F
mem[X,0x0000000080017186] -> 0x0140
[2907] [M]: 0x0000000080017184 (0x0140006F) jal zero, 20
mem[X,0x0000000080017198] -> 0x58E3
mem[X,0x000000008001719A] -> 0xFEB5
[2908] [M]: 0x0000000080017198 (0xFEB558E3) bge a0, a1, 8176
mem[X,0x000000008001719C] -> 0x0113
mem[X,0x000000008001719E] -> 0x0021
[2909] [M]: 0x000000008001719C (0x00210113) addi sp, sp, 2
x2 <- 0x0000000000000002
mem[X,0x00000000800171A0] -> 0x006F
mem[X,0x00000000800171A2] -> 0x00C0
[2910] [M]: 0x00000000800171A0 (0x00C0006F) jal zero, 12
mem[X,0x00000000800171AC] -> 0xBC23
mem[X,0x00000000800171AE] -> 0x6220
[2911] [M]: 0x00000000800171AC (0x6220BC23) sd sp, 1592(ra)
mem[0x0000000080049808] <- 0x0000000000000002
mem[X,0x00000000800171B0] -> 0x5537
mem[X,0x00000000800171B2] -> 0x5555
[2912] [M]: 0x00000000800171B0 (0x55555537) lui a0, 349525
x10 <- 0x0000000055555000
mem[X,0x00000000800171B4] -> 0x0513
mem[X,0x00000000800171B6] -> 0x5555
[2913] [M]: 0x00000000800171B4 (0x55550513) addi a0, a0, 1365
x10 <- 0x0000000055555555
mem[X,0x00000000800171B8] -> 0x1513
mem[X,0x00000000800171BA] -> 0x00B5
[2914] [M]: 0x00000000800171B8 (0x00B51513) slli a0, a0, 11
x10 <- 0x000002AAAAAAA800
mem[X,0x00000000800171BC] -> 0x0513
mem[X,0x00000000800171BE] -> 0x2AA5
[2915] [M]: 0x00000000800171BC (0x2AA50513) addi a0, a0, 682
x10 <- 0x000002AAAAAAAAAA
mem[X,0x00000000800171C0] -> 0x1513
mem[X,0x00000000800171C2] -> 0x00B5
[2916] [M]: 0x00000000800171C0 (0x00B51513) slli a0, a0, 11
x10 <- 0x0015555555555000
mem[X,0x00000000800171C4] -> 0x0513
mem[X,0x00000000800171C6] -> 0x5555
[2917] [M]: 0x00000000800171C4 (0x55550513) addi a0, a0, 1365
x10 <- 0x0015555555555555
mem[X,0x00000000800171C8] -> 0x1513
mem[X,0x00000000800171CA] -> 0x00A5
[2918] [M]: 0x00000000800171C8 (0x00A51513) slli a0, a0, 10
x10 <- 0x5555555555555400
mem[X,0x00000000800171CC] -> 0x0513
mem[X,0x00000000800171CE] -> 0x1555
[2919] [M]: 0x00000000800171CC (0x15550513) addi a0, a0, 341
x10 <- 0x5555555555555555
mem[X,0x00000000800171D0] -> 0x05B7
mem[X,0x00000000800171D2] -> 0x0000
[2920] [M]: 0x00000000800171D0 (0x000005B7) lui a1, 0
x11 <- 0x0000000000000000
mem[X,0x00000000800171D4] -> 0x8593
mem[X,0x00000000800171D6] -> 0x0005
[2921] [M]: 0x00000000800171D4 (0x00058593) addi a1, a1, 0
x11 <- 0x0000000000000000
mem[X,0x00000000800171D8] -> 0x9593
mem[X,0x00000000800171DA] -> 0x00B5
[2922] [M]: 0x00000000800171D8 (0x00B59593) slli a1, a1, 11
x11 <- 0x0000000000000000
mem[X,0x00000000800171DC] -> 0x8593
mem[X,0x00000000800171DE] -> 0x5A85
[2923] [M]: 0x00000000800171DC (0x5A858593) addi a1, a1, 1448
x11 <- 0x00000000000005A8
mem[X,0x00000000800171E0] -> 0x9593
mem[X,0x00000000800171E2] -> 0x00B5
[2924] [M]: 0x00000000800171E0 (0x00B59593) slli a1, a1, 11
x11 <- 0x00000000002D4000
mem[X,0x00000000800171E4] -> 0x8593
mem[X,0x00000000800171E6] -> 0x13C5
[2925] [M]: 0x00000000800171E4 (0x13C58593) addi a1, a1, 316
x11 <- 0x00000000002D413C
mem[X,0x00000000800171E8] -> 0x9593
mem[X,0x00000000800171EA] -> 0x00A5
[2926] [M]: 0x00000000800171E8 (0x00A59593) slli a1, a1, 10
x11 <- 0x00000000B504F000
mem[X,0x00000000800171EC] -> 0x8593
mem[X,0x00000000800171EE] -> 0x3325
[2927] [M]: 0x00000000800171EC (0x33258593) addi a1, a1, 818
x11 <- 0x00000000B504F332
mem[X,0x00000000800171F0] -> 0x0113
mem[X,0x00000000800171F2] -> 0x0000
[2928] [M]: 0x00000000800171F0 (0x00000113) addi sp, zero, 0
x2 <- 0x0000000000000000
mem[X,0x00000000800171F4] -> 0x006F
mem[X,0x00000000800171F6] -> 0x00C0
[2929] [M]: 0x00000000800171F4 (0x00C0006F) jal zero, 12
mem[X,0x0000000080017200] -> 0x5CE3
mem[X,0x0000000080017202] -> 0xFEB5
[2930] [M]: 0x0000000080017200 (0xFEB55CE3) bge a0, a1, 8184
mem[X,0x00000000800171F8] -> 0x0113
mem[X,0x00000000800171FA] -> 0x0011
[2931] [M]: 0x00000000800171F8 (0x00110113) addi sp, sp, 1
x2 <- 0x0000000000000001
mem[X,0x00000000800171FC] -> 0x006F
mem[X,0x00000000800171FE] -> 0x0180
[2932] [M]: 0x00000000800171FC (0x0180006F) jal zero, 24
mem[X,0x0000000080017214] -> 0xB023
mem[X,0x0000000080017216] -> 0x6420
[2933] [M]: 0x0000000080017214 (0x6420B023) sd sp, 1600(ra)
mem[0x0000000080049810] <- 0x0000000000000001
mem[X,0x0000000080017218] -> 0x5537
mem[X,0x000000008001721A] -> 0x5555
[2934] [M]: 0x0000000080017218 (0x55555537) lui a0, 349525
x10 <- 0x0000000055555000
mem[X,0x000000008001721C] -> 0x0513
mem[X,0x000000008001721E] -> 0x5555
[2935] [M]: 0x000000008001721C (0x55550513) addi a0, a0, 1365
x10 <- 0x0000000055555555
mem[X,0x0000000080017220] -> 0x1513
mem[X,0x0000000080017222] -> 0x00B5
[2936] [M]: 0x0000000080017220 (0x00B51513) slli a0, a0, 11
x10 <- 0x000002AAAAAAA800
mem[X,0x0000000080017224] -> 0x0513
mem[X,0x0000000080017226] -> 0x2AA5
[2937] [M]: 0x0000000080017224 (0x2AA50513) addi a0, a0, 682
x10 <- 0x000002AAAAAAAAAA
mem[X,0x0000000080017228] -> 0x1513
mem[X,0x000000008001722A] -> 0x00B5
[2938] [M]: 0x0000000080017228 (0x00B51513) slli a0, a0, 11
x10 <- 0x0015555555555000
mem[X,0x000000008001722C] -> 0x0513
mem[X,0x000000008001722E] -> 0x5555
[2939] [M]: 0x000000008001722C (0x55550513) addi a0, a0, 1365
x10 <- 0x0015555555555555
mem[X,0x0000000080017230] -> 0x1513
mem[X,0x0000000080017232] -> 0x00A5
[2940] [M]: 0x0000000080017230 (0x00A51513) slli a0, a0, 10
x10 <- 0x5555555555555400
mem[X,0x0000000080017234] -> 0x0513
mem[X,0x0000000080017236] -> 0x1555
[2941] [M]: 0x0000000080017234 (0x15550513) addi a0, a0, 341
x10 <- 0x5555555555555555
mem[X,0x0000000080017238] -> 0x55B7
mem[X,0x000000008001723A] -> 0x5555
[2942] [M]: 0x0000000080017238 (0x555555B7) lui a1, 349525
x11 <- 0x0000000055555000
mem[X,0x000000008001723C] -> 0x8593
mem[X,0x000000008001723E] -> 0x5555
[2943] [M]: 0x000000008001723C (0x55558593) addi a1, a1, 1365
x11 <- 0x0000000055555555
mem[X,0x0000000080017240] -> 0x9593
mem[X,0x0000000080017242] -> 0x00B5
[2944] [M]: 0x0000000080017240 (0x00B59593) slli a1, a1, 11
x11 <- 0x000002AAAAAAA800
mem[X,0x0000000080017244] -> 0x8593
mem[X,0x0000000080017246] -> 0x2AA5
[2945] [M]: 0x0000000080017244 (0x2AA58593) addi a1, a1, 682
x11 <- 0x000002AAAAAAAAAA
mem[X,0x0000000080017248] -> 0x9593
mem[X,0x000000008001724A] -> 0x00B5
[2946] [M]: 0x0000000080017248 (0x00B59593) slli a1, a1, 11
x11 <- 0x0015555555555000
mem[X,0x000000008001724C] -> 0x8593
mem[X,0x000000008001724E] -> 0x5555
[2947] [M]: 0x000000008001724C (0x55558593) addi a1, a1, 1365
x11 <- 0x0015555555555555
mem[X,0x0000000080017250] -> 0x9593
mem[X,0x0000000080017252] -> 0x00A5
[2948] [M]: 0x0000000080017250 (0x00A59593) slli a1, a1, 10
x11 <- 0x5555555555555400
mem[X,0x0000000080017254] -> 0x8593
mem[X,0x0000000080017256] -> 0x1565
[2949] [M]: 0x0000000080017254 (0x15658593) addi a1, a1, 342
x11 <- 0x5555555555555556
mem[X,0x0000000080017258] -> 0x0113
mem[X,0x000000008001725A] -> 0x0000
[2950] [M]: 0x0000000080017258 (0x00000113) addi sp, zero, 0
x2 <- 0x0000000000000000
mem[X,0x000000008001725C] -> 0x006F
mem[X,0x000000008001725E] -> 0x00C0
[2951] [M]: 0x000000008001725C (0x00C0006F) jal zero, 12
mem[X,0x0000000080017268] -> 0x5663
mem[X,0x000000008001726A] -> 0x00B5
[2952] [M]: 0x0000000080017268 (0x00B55663) bge a0, a1, 12
mem[X,0x000000008001726C] -> 0x0113
mem[X,0x000000008001726E] -> 0x0021
[2953] [M]: 0x000000008001726C (0x00210113) addi sp, sp, 2
x2 <- 0x0000000000000002
mem[X,0x0000000080017270] -> 0x006F
mem[X,0x0000000080017272] -> 0x00C0
[2954] [M]: 0x0000000080017270 (0x00C0006F) jal zero, 12
mem[X,0x000000008001727C] -> 0xB423
mem[X,0x000000008001727E] -> 0x6420
[2955] [M]: 0x000000008001727C (0x6420B423) sd sp, 1608(ra)
mem[0x0000000080049818] <- 0x0000000000000002
mem[X,0x0000000080017280] -> 0x5537
mem[X,0x0000000080017282] -> 0x5555
[2956] [M]: 0x0000000080017280 (0x55555537) lui a0, 349525
x10 <- 0x0000000055555000
mem[X,0x0000000080017284] -> 0x0513
mem[X,0x0000000080017286] -> 0x5555
[2957] [M]: 0x0000000080017284 (0x55550513) addi a0, a0, 1365
x10 <- 0x0000000055555555
mem[X,0x0000000080017288] -> 0x1513
mem[X,0x000000008001728A] -> 0x00B5
[2958] [M]: 0x0000000080017288 (0x00B51513) slli a0, a0, 11
x10 <- 0x000002AAAAAAA800
mem[X,0x000000008001728C] -> 0x0513
mem[X,0x000000008001728E] -> 0x2AA5
[2959] [M]: 0x000000008001728C (0x2AA50513) addi a0, a0, 682
x10 <- 0x000002AAAAAAAAAA
mem[X,0x0000000080017290] -> 0x1513
mem[X,0x0000000080017292] -> 0x00B5
[2960] [M]: 0x0000000080017290 (0x00B51513) slli a0, a0, 11
x10 <- 0x0015555555555000
mem[X,0x0000000080017294] -> 0x0513
mem[X,0x0000000080017296] -> 0x5555
[2961] [M]: 0x0000000080017294 (0x55550513) addi a0, a0, 1365
x10 <- 0x0015555555555555
mem[X,0x0000000080017298] -> 0x1513
mem[X,0x000000008001729A] -> 0x00A5
[2962] [M]: 0x0000000080017298 (0x00A51513) slli a0, a0, 10
x10 <- 0x5555555555555400
mem[X,0x000000008001729C] -> 0x0513
mem[X,0x000000008001729E] -> 0x1555
[2963] [M]: 0x000000008001729C (0x15550513) addi a0, a0, 341
x10 <- 0x5555555555555555
mem[X,0x00000000800172A0] -> 0xB5B7
mem[X,0x00000000800172A2] -> 0xAAAA
[2964] [M]: 0x00000000800172A0 (0xAAAAB5B7) lui a1, 699051
x11 <- 0xFFFFFFFFAAAAB000
mem[X,0x00000000800172A4] -> 0x8593
mem[X,0x00000000800172A6] -> 0xAAA5
[2965] [M]: 0x00000000800172A4 (0xAAA58593) addi a1, a1, 2730
x11 <- 0xFFFFFFFFAAAAAAAA
mem[X,0x00000000800172A8] -> 0x9593
mem[X,0x00000000800172AA] -> 0x00B5
[2966] [M]: 0x00000000800172A8 (0x00B59593) slli a1, a1, 11
x11 <- 0xFFFFFD5555555000
mem[X,0x00000000800172AC] -> 0x8593
mem[X,0x00000000800172AE] -> 0x5555
[2967] [M]: 0x00000000800172AC (0x55558593) addi a1, a1, 1365
x11 <- 0xFFFFFD5555555555
mem[X,0x00000000800172B0] -> 0x9593
mem[X,0x00000000800172B2] -> 0x00B5
[2968] [M]: 0x00000000800172B0 (0x00B59593) slli a1, a1, 11
x11 <- 0xFFEAAAAAAAAAA800
mem[X,0x00000000800172B4] -> 0x8593
mem[X,0x00000000800172B6] -> 0x2AA5
[2969] [M]: 0x00000000800172B4 (0x2AA58593) addi a1, a1, 682
x11 <- 0xFFEAAAAAAAAAAAAA
mem[X,0x00000000800172B8] -> 0x9593
mem[X,0x00000000800172BA] -> 0x00A5
[2970] [M]: 0x00000000800172B8 (0x00A59593) slli a1, a1, 10
x11 <- 0xAAAAAAAAAAAAA800
mem[X,0x00000000800172BC] -> 0x8593
mem[X,0x00000000800172BE] -> 0x2AB5
[2971] [M]: 0x00000000800172BC (0x2AB58593) addi a1, a1, 683
x11 <- 0xAAAAAAAAAAAAAAAB
mem[X,0x00000000800172C0] -> 0x0113
mem[X,0x00000000800172C2] -> 0x0000
[2972] [M]: 0x00000000800172C0 (0x00000113) addi sp, zero, 0
x2 <- 0x0000000000000000
mem[X,0x00000000800172C4] -> 0x006F
mem[X,0x00000000800172C6] -> 0x0140
[2973] [M]: 0x00000000800172C4 (0x0140006F) jal zero, 20
mem[X,0x00000000800172D8] -> 0x58E3
mem[X,0x00000000800172DA] -> 0xFEB5
[2974] [M]: 0x00000000800172D8 (0xFEB558E3) bge a0, a1, 8176
mem[X,0x00000000800172C8] -> 0x0113
mem[X,0x00000000800172CA] -> 0x0011
[2975] [M]: 0x00000000800172C8 (0x00110113) addi sp, sp, 1
x2 <- 0x0000000000000001
mem[X,0x00000000800172CC] -> 0x006F
mem[X,0x00000000800172CE] -> 0x0200
[2976] [M]: 0x00000000800172CC (0x0200006F) jal zero, 32
mem[X,0x00000000800172EC] -> 0xB823
mem[X,0x00000000800172EE] -> 0x6420
[2977] [M]: 0x00000000800172EC (0x6420B823) sd sp, 1616(ra)
mem[0x0000000080049820] <- 0x0000000000000001
mem[X,0x00000000800172F0] -> 0x5537
mem[X,0x00000000800172F2] -> 0x5555
[2978] [M]: 0x00000000800172F0 (0x55555537) lui a0, 349525
x10 <- 0x0000000055555000
mem[X,0x00000000800172F4] -> 0x0513
mem[X,0x00000000800172F6] -> 0x5555
[2979] [M]: 0x00000000800172F4 (0x55550513) addi a0, a0, 1365
x10 <- 0x0000000055555555
mem[X,0x00000000800172F8] -> 0x1513
mem[X,0x00000000800172FA] -> 0x00B5
[2980] [M]: 0x00000000800172F8 (0x00B51513) slli a0, a0, 11
x10 <- 0x000002AAAAAAA800
mem[X,0x00000000800172FC] -> 0x0513
mem[X,0x00000000800172FE] -> 0x2AA5
[2981] [M]: 0x00000000800172FC (0x2AA50513) addi a0, a0, 682
x10 <- 0x000002AAAAAAAAAA
mem[X,0x0000000080017300] -> 0x1513
mem[X,0x0000000080017302] -> 0x00B5
[2982] [M]: 0x0000000080017300 (0x00B51513) slli a0, a0, 11
x10 <- 0x0015555555555000
mem[X,0x0000000080017304] -> 0x0513
mem[X,0x0000000080017306] -> 0x5555
[2983] [M]: 0x0000000080017304 (0x55550513) addi a0, a0, 1365
x10 <- 0x0015555555555555
mem[X,0x0000000080017308] -> 0x1513
mem[X,0x000000008001730A] -> 0x00A5
[2984] [M]: 0x0000000080017308 (0x00A51513) slli a0, a0, 10
x10 <- 0x5555555555555400
mem[X,0x000000008001730C] -> 0x0513
mem[X,0x000000008001730E] -> 0x1555
[2985] [M]: 0x000000008001730C (0x15550513) addi a0, a0, 341
x10 <- 0x5555555555555555
mem[X,0x0000000080017310] -> 0x0593
mem[X,0x0000000080017312] -> 0x0060
[2986] [M]: 0x0000000080017310 (0x00600593) addi a1, zero, 6
x11 <- 0x0000000000000006
mem[X,0x0000000080017314] -> 0x0113
mem[X,0x0000000080017316] -> 0x0000
[2987] [M]: 0x0000000080017314 (0x00000113) addi sp, zero, 0
x2 <- 0x0000000000000000
mem[X,0x0000000080017318] -> 0x006F
mem[X,0x000000008001731A] -> 0x00C0
[2988] [M]: 0x0000000080017318 (0x00C0006F) jal zero, 12
mem[X,0x0000000080017324] -> 0x5663
mem[X,0x0000000080017326] -> 0x00B5
[2989] [M]: 0x0000000080017324 (0x00B55663) bge a0, a1, 12
mem[X,0x0000000080017330] -> 0x0113
mem[X,0x0000000080017332] -> 0x0031
[2990] [M]: 0x0000000080017330 (0x00310113) addi sp, sp, 3
x2 <- 0x0000000000000003
mem[X,0x0000000080017334] -> 0x006F
mem[X,0x0000000080017336] -> 0x0040
[2991] [M]: 0x0000000080017334 (0x0040006F) jal zero, 4
mem[X,0x0000000080017338] -> 0xBC23
mem[X,0x000000008001733A] -> 0x6420
[2992] [M]: 0x0000000080017338 (0x6420BC23) sd sp, 1624(ra)
mem[0x0000000080049828] <- 0x0000000000000003
mem[X,0x000000008001733C] -> 0x5537
mem[X,0x000000008001733E] -> 0x5555
[2993] [M]: 0x000000008001733C (0x55555537) lui a0, 349525
x10 <- 0x0000000055555000
mem[X,0x0000000080017340] -> 0x0513
mem[X,0x0000000080017342] -> 0x5555
[2994] [M]: 0x0000000080017340 (0x55550513) addi a0, a0, 1365
x10 <- 0x0000000055555555
mem[X,0x0000000080017344] -> 0x1513
mem[X,0x0000000080017346] -> 0x00B5
[2995] [M]: 0x0000000080017344 (0x00B51513) slli a0, a0, 11
x10 <- 0x000002AAAAAAA800
mem[X,0x0000000080017348] -> 0x0513
mem[X,0x000000008001734A] -> 0x2AA5
[2996] [M]: 0x0000000080017348 (0x2AA50513) addi a0, a0, 682
x10 <- 0x000002AAAAAAAAAA
mem[X,0x000000008001734C] -> 0x1513
mem[X,0x000000008001734E] -> 0x00B5
[2997] [M]: 0x000000008001734C (0x00B51513) slli a0, a0, 11
x10 <- 0x0015555555555000
mem[X,0x0000000080017350] -> 0x0513
mem[X,0x0000000080017352] -> 0x5555
[2998] [M]: 0x0000000080017350 (0x55550513) addi a0, a0, 1365
x10 <- 0x0015555555555555
mem[X,0x0000000080017354] -> 0x1513
mem[X,0x0000000080017356] -> 0x00A5
[2999] [M]: 0x0000000080017354 (0x00A51513) slli a0, a0, 10
x10 <- 0x5555555555555400
clint::tick mtime <- 0x000000000000001E
 clint timer pending at mtime 0x000000000000001E
htif::tick 0x0000000000000000
mem[X,0x0000000080017358] -> 0x0513
mem[X,0x000000008001735A] -> 0x1555
[3000] [M]: 0x0000000080017358 (0x15550513) addi a0, a0, 341
x10 <- 0x5555555555555555
mem[X,0x000000008001735C] -> 0x35B7
mem[X,0x000000008001735E] -> 0x3333
[3001] [M]: 0x000000008001735C (0x333335B7) lui a1, 209715
x11 <- 0x0000000033333000
mem[X,0x0000000080017360] -> 0x8593
mem[X,0x0000000080017362] -> 0x3335
[3002] [M]: 0x0000000080017360 (0x33358593) addi a1, a1, 819
x11 <- 0x0000000033333333
mem[X,0x0000000080017364] -> 0x9593
mem[X,0x0000000080017366] -> 0x00B5
[3003] [M]: 0x0000000080017364 (0x00B59593) slli a1, a1, 11
x11 <- 0x0000019999999800
mem[X,0x0000000080017368] -> 0x8593
mem[X,0x000000008001736A] -> 0x1995
[3004] [M]: 0x0000000080017368 (0x19958593) addi a1, a1, 409
x11 <- 0x0000019999999999
mem[X,0x000000008001736C] -> 0x9593
mem[X,0x000000008001736E] -> 0x00B5
[3005] [M]: 0x000000008001736C (0x00B59593) slli a1, a1, 11
x11 <- 0x000CCCCCCCCCC800
mem[X,0x0000000080017370] -> 0x8593
mem[X,0x0000000080017372] -> 0x4CC5
[3006] [M]: 0x0000000080017370 (0x4CC58593) addi a1, a1, 1228
x11 <- 0x000CCCCCCCCCCCCC
mem[X,0x0000000080017374] -> 0x9593
mem[X,0x0000000080017376] -> 0x00A5
[3007] [M]: 0x0000000080017374 (0x00A59593) slli a1, a1, 10
x11 <- 0x3333333333333000
mem[X,0x0000000080017378] -> 0x8593
mem[X,0x000000008001737A] -> 0x3345
[3008] [M]: 0x0000000080017378 (0x33458593) addi a1, a1, 820
x11 <- 0x3333333333333334
mem[X,0x000000008001737C] -> 0x0113
mem[X,0x000000008001737E] -> 0x0000
[3009] [M]: 0x000000008001737C (0x00000113) addi sp, zero, 0
x2 <- 0x0000000000000000
mem[X,0x0000000080017380] -> 0x006F
mem[X,0x0000000080017382] -> 0x00C0
[3010] [M]: 0x0000000080017380 (0x00C0006F) jal zero, 12
mem[X,0x000000008001738C] -> 0x5063
mem[X,0x000000008001738E] -> 0x02B5
[3011] [M]: 0x000000008001738C (0x02B55063) bge a0, a1, 32
mem[X,0x00000000800173AC] -> 0x0113
mem[X,0x00000000800173AE] -> 0x0031
[3012] [M]: 0x00000000800173AC (0x00310113) addi sp, sp, 3
x2 <- 0x0000000000000003
mem[X,0x00000000800173B0] -> 0x006F
mem[X,0x00000000800173B2] -> 0x0040
[3013] [M]: 0x00000000800173B0 (0x0040006F) jal zero, 4
mem[X,0x00000000800173B4] -> 0xB023
mem[X,0x00000000800173B6] -> 0x6620
[3014] [M]: 0x00000000800173B4 (0x6620B023) sd sp, 1632(ra)
mem[0x0000000080049830] <- 0x0000000000000003
mem[X,0x00000000800173B8] -> 0x5537
mem[X,0x00000000800173BA] -> 0x5555
[3015] [M]: 0x00000000800173B8 (0x55555537) lui a0, 349525
x10 <- 0x0000000055555000
mem[X,0x00000000800173BC] -> 0x0513
mem[X,0x00000000800173BE] -> 0x5555
[3016] [M]: 0x00000000800173BC (0x55550513) addi a0, a0, 1365
x10 <- 0x0000000055555555
mem[X,0x00000000800173C0] -> 0x1513
mem[X,0x00000000800173C2] -> 0x00B5
[3017] [M]: 0x00000000800173C0 (0x00B51513) slli a0, a0, 11
x10 <- 0x000002AAAAAAA800
mem[X,0x00000000800173C4] -> 0x0513
mem[X,0x00000000800173C6] -> 0x2AA5
[3018] [M]: 0x00000000800173C4 (0x2AA50513) addi a0, a0, 682
x10 <- 0x000002AAAAAAAAAA
mem[X,0x00000000800173C8] -> 0x1513
mem[X,0x00000000800173CA] -> 0x00B5
[3019] [M]: 0x00000000800173C8 (0x00B51513) slli a0, a0, 11
x10 <- 0x0015555555555000
mem[X,0x00000000800173CC] -> 0x0513
mem[X,0x00000000800173CE] -> 0x5555
[3020] [M]: 0x00000000800173CC (0x55550513) addi a0, a0, 1365
x10 <- 0x0015555555555555
mem[X,0x00000000800173D0] -> 0x1513
mem[X,0x00000000800173D2] -> 0x00A5
[3021] [M]: 0x00000000800173D0 (0x00A51513) slli a0, a0, 10
x10 <- 0x5555555555555400
mem[X,0x00000000800173D4] -> 0x0513
mem[X,0x00000000800173D6] -> 0x1555
[3022] [M]: 0x00000000800173D4 (0x15550513) addi a0, a0, 341
x10 <- 0x5555555555555555
mem[X,0x00000000800173D8] -> 0x65B7
mem[X,0x00000000800173DA] -> 0x6666
[3023] [M]: 0x00000000800173D8 (0x666665B7) lui a1, 419430
x11 <- 0x0000000066666000
mem[X,0x00000000800173DC] -> 0x8593
mem[X,0x00000000800173DE] -> 0x6665
[3024] [M]: 0x00000000800173DC (0x66658593) addi a1, a1, 1638
x11 <- 0x0000000066666666
mem[X,0x00000000800173E0] -> 0x9593
mem[X,0x00000000800173E2] -> 0x00B5
[3025] [M]: 0x00000000800173E0 (0x00B59593) slli a1, a1, 11
x11 <- 0x0000033333333000
mem[X,0x00000000800173E4] -> 0x8593
mem[X,0x00000000800173E6] -> 0x3335
[3026] [M]: 0x00000000800173E4 (0x33358593) addi a1, a1, 819
x11 <- 0x0000033333333333
mem[X,0x00000000800173E8] -> 0x9593
mem[X,0x00000000800173EA] -> 0x00B5
[3027] [M]: 0x00000000800173E8 (0x00B59593) slli a1, a1, 11
x11 <- 0x0019999999999800
mem[X,0x00000000800173EC] -> 0x8593
mem[X,0x00000000800173EE] -> 0x1995
[3028] [M]: 0x00000000800173EC (0x19958593) addi a1, a1, 409
x11 <- 0x0019999999999999
mem[X,0x00000000800173F0] -> 0x9593
mem[X,0x00000000800173F2] -> 0x00A5
[3029] [M]: 0x00000000800173F0 (0x00A59593) slli a1, a1, 10
x11 <- 0x6666666666666400
mem[X,0x00000000800173F4] -> 0x8593
mem[X,0x00000000800173F6] -> 0x2675
[3030] [M]: 0x00000000800173F4 (0x26758593) addi a1, a1, 615
x11 <- 0x6666666666666667
mem[X,0x00000000800173F8] -> 0x0113
mem[X,0x00000000800173FA] -> 0x0000
[3031] [M]: 0x00000000800173F8 (0x00000113) addi sp, zero, 0
x2 <- 0x0000000000000000
mem[X,0x00000000800173FC] -> 0x006F
mem[X,0x00000000800173FE] -> 0x0140
[3032] [M]: 0x00000000800173FC (0x0140006F) jal zero, 20
mem[X,0x0000000080017410] -> 0x58E3
mem[X,0x0000000080017412] -> 0xFEB5
[3033] [M]: 0x0000000080017410 (0xFEB558E3) bge a0, a1, 8176
mem[X,0x0000000080017414] -> 0x0113
mem[X,0x0000000080017416] -> 0x0021
[3034] [M]: 0x0000000080017414 (0x00210113) addi sp, sp, 2
x2 <- 0x0000000000000002
mem[X,0x0000000080017418] -> 0x006F
mem[X,0x000000008001741A] -> 0x00C0
[3035] [M]: 0x0000000080017418 (0x00C0006F) jal zero, 12
mem[X,0x0000000080017424] -> 0xB423
mem[X,0x0000000080017426] -> 0x6620
[3036] [M]: 0x0000000080017424 (0x6620B423) sd sp, 1640(ra)
mem[0x0000000080049838] <- 0x0000000000000002
mem[X,0x0000000080017428] -> 0x5537
mem[X,0x000000008001742A] -> 0x5555
[3037] [M]: 0x0000000080017428 (0x55555537) lui a0, 349525
x10 <- 0x0000000055555000
mem[X,0x000000008001742C] -> 0x0513
mem[X,0x000000008001742E] -> 0x5555
[3038] [M]: 0x000000008001742C (0x55550513) addi a0, a0, 1365
x10 <- 0x0000000055555555
mem[X,0x0000000080017430] -> 0x1513
mem[X,0x0000000080017432] -> 0x00B5
[3039] [M]: 0x0000000080017430 (0x00B51513) slli a0, a0, 11
x10 <- 0x000002AAAAAAA800
mem[X,0x0000000080017434] -> 0x0513
mem[X,0x0000000080017436] -> 0x2AA5
[3040] [M]: 0x0000000080017434 (0x2AA50513) addi a0, a0, 682
x10 <- 0x000002AAAAAAAAAA
mem[X,0x0000000080017438] -> 0x1513
mem[X,0x000000008001743A] -> 0x00B5
[3041] [M]: 0x0000000080017438 (0x00B51513) slli a0, a0, 11
x10 <- 0x0015555555555000
mem[X,0x000000008001743C] -> 0x0513
mem[X,0x000000008001743E] -> 0x5555
[3042] [M]: 0x000000008001743C (0x55550513) addi a0, a0, 1365
x10 <- 0x0015555555555555
mem[X,0x0000000080017440] -> 0x1513
mem[X,0x0000000080017442] -> 0x00A5
[3043] [M]: 0x0000000080017440 (0x00A51513) slli a0, a0, 10
x10 <- 0x5555555555555400
mem[X,0x0000000080017444] -> 0x0513
mem[X,0x0000000080017446] -> 0x1555
[3044] [M]: 0x0000000080017444 (0x15550513) addi a0, a0, 341
x10 <- 0x5555555555555555
mem[X,0x0000000080017448] -> 0x05B7
mem[X,0x000000008001744A] -> 0x0000
[3045] [M]: 0x0000000080017448 (0x000005B7) lui a1, 0
x11 <- 0x0000000000000000
mem[X,0x000000008001744C] -> 0x8593
mem[X,0x000000008001744E] -> 0xFFF5
[3046] [M]: 0x000000008001744C (0xFFF58593) addi a1, a1, 4095
x11 <- 0xFFFFFFFFFFFFFFFF
mem[X,0x0000000080017450] -> 0x9593
mem[X,0x0000000080017452] -> 0x00B5
[3047] [M]: 0x0000000080017450 (0x00B59593) slli a1, a1, 11
x11 <- 0xFFFFFFFFFFFFF800
mem[X,0x0000000080017454] -> 0x8593
mem[X,0x0000000080017456] -> 0x2575
[3048] [M]: 0x0000000080017454 (0x25758593) addi a1, a1, 599
x11 <- 0xFFFFFFFFFFFFFA57
mem[X,0x0000000080017458] -> 0x9593
mem[X,0x000000008001745A] -> 0x00B5
[3049] [M]: 0x0000000080017458 (0x00B59593) slli a1, a1, 11
x11 <- 0xFFFFFFFFFFD2B800
mem[X,0x000000008001745C] -> 0x8593
mem[X,0x000000008001745E] -> 0x6C35
[3050] [M]: 0x000000008001745C (0x6C358593) addi a1, a1, 1731
x11 <- 0xFFFFFFFFFFD2BEC3
mem[X,0x0000000080017460] -> 0x9593
mem[X,0x0000000080017462] -> 0x00A5
[3051] [M]: 0x0000000080017460 (0x00A59593) slli a1, a1, 10
x11 <- 0xFFFFFFFF4AFB0C00
mem[X,0x0000000080017464] -> 0x8593
mem[X,0x0000000080017466] -> 0x0CE5
[3052] [M]: 0x0000000080017464 (0x0CE58593) addi a1, a1, 206
x11 <- 0xFFFFFFFF4AFB0CCE
mem[X,0x0000000080017468] -> 0x0113
mem[X,0x000000008001746A] -> 0x0000
[3053] [M]: 0x0000000080017468 (0x00000113) addi sp, zero, 0
x2 <- 0x0000000000000000
mem[X,0x000000008001746C] -> 0x006F
mem[X,0x000000008001746E] -> 0x00C0
[3054] [M]: 0x000000008001746C (0x00C0006F) jal zero, 12
mem[X,0x0000000080017478] -> 0x5CE3
mem[X,0x000000008001747A] -> 0xFEB5
[3055] [M]: 0x0000000080017478 (0xFEB55CE3) bge a0, a1, 8184
mem[X,0x0000000080017470] -> 0x0113
mem[X,0x0000000080017472] -> 0x0011
[3056] [M]: 0x0000000080017470 (0x00110113) addi sp, sp, 1
x2 <- 0x0000000000000001
mem[X,0x0000000080017474] -> 0x006F
mem[X,0x0000000080017476] -> 0x0180
[3057] [M]: 0x0000000080017474 (0x0180006F) jal zero, 24
mem[X,0x000000008001748C] -> 0xB823
mem[X,0x000000008001748E] -> 0x6620
[3058] [M]: 0x000000008001748C (0x6620B823) sd sp, 1648(ra)
mem[0x0000000080049840] <- 0x0000000000000001
mem[X,0x0000000080017490] -> 0x5537
mem[X,0x0000000080017492] -> 0x5555
[3059] [M]: 0x0000000080017490 (0x55555537) lui a0, 349525
x10 <- 0x0000000055555000
mem[X,0x0000000080017494] -> 0x0513
mem[X,0x0000000080017496] -> 0x5555
[3060] [M]: 0x0000000080017494 (0x55550513) addi a0, a0, 1365
x10 <- 0x0000000055555555
mem[X,0x0000000080017498] -> 0x1513
mem[X,0x000000008001749A] -> 0x00B5
[3061] [M]: 0x0000000080017498 (0x00B51513) slli a0, a0, 11
x10 <- 0x000002AAAAAAA800
mem[X,0x000000008001749C] -> 0x0513
mem[X,0x000000008001749E] -> 0x2AA5
[3062] [M]: 0x000000008001749C (0x2AA50513) addi a0, a0, 682
x10 <- 0x000002AAAAAAAAAA
mem[X,0x00000000800174A0] -> 0x1513
mem[X,0x00000000800174A2] -> 0x00B5
[3063] [M]: 0x00000000800174A0 (0x00B51513) slli a0, a0, 11
x10 <- 0x0015555555555000
mem[X,0x00000000800174A4] -> 0x0513
mem[X,0x00000000800174A6] -> 0x5555
[3064] [M]: 0x00000000800174A4 (0x55550513) addi a0, a0, 1365
x10 <- 0x0015555555555555
mem[X,0x00000000800174A8] -> 0x1513
mem[X,0x00000000800174AA] -> 0x00A5
[3065] [M]: 0x00000000800174A8 (0x00A51513) slli a0, a0, 10
x10 <- 0x5555555555555400
mem[X,0x00000000800174AC] -> 0x0513
mem[X,0x00000000800174AE] -> 0x1555
[3066] [M]: 0x00000000800174AC (0x15550513) addi a0, a0, 341
x10 <- 0x5555555555555555
mem[X,0x00000000800174B0] -> 0x05B7
mem[X,0x00000000800174B2] -> 0x0000
[3067] [M]: 0x00000000800174B0 (0x000005B7) lui a1, 0
x11 <- 0x0000000000000000
mem[X,0x00000000800174B4] -> 0x8593
mem[X,0x00000000800174B6] -> 0x0005
[3068] [M]: 0x00000000800174B4 (0x00058593) addi a1, a1, 0
x11 <- 0x0000000000000000
mem[X,0x00000000800174B8] -> 0x9593
mem[X,0x00000000800174BA] -> 0x00B5
[3069] [M]: 0x00000000800174B8 (0x00B59593) slli a1, a1, 11
x11 <- 0x0000000000000000
mem[X,0x00000000800174BC] -> 0x8593
mem[X,0x00000000800174BE] -> 0x5A85
[3070] [M]: 0x00000000800174BC (0x5A858593) addi a1, a1, 1448
x11 <- 0x00000000000005A8
mem[X,0x00000000800174C0] -> 0x9593
mem[X,0x00000000800174C2] -> 0x00B5
[3071] [M]: 0x00000000800174C0 (0x00B59593) slli a1, a1, 11
x11 <- 0x00000000002D4000
mem[X,0x00000000800174C4] -> 0x8593
mem[X,0x00000000800174C6] -> 0x13C5
[3072] [M]: 0x00000000800174C4 (0x13C58593) addi a1, a1, 316
x11 <- 0x00000000002D413C
mem[X,0x00000000800174C8] -> 0x9593
mem[X,0x00000000800174CA] -> 0x00A5
[3073] [M]: 0x00000000800174C8 (0x00A59593) slli a1, a1, 10
x11 <- 0x00000000B504F000
mem[X,0x00000000800174CC] -> 0x8593
mem[X,0x00000000800174CE] -> 0x3345
[3074] [M]: 0x00000000800174CC (0x33458593) addi a1, a1, 820
x11 <- 0x00000000B504F334
mem[X,0x00000000800174D0] -> 0x0113
mem[X,0x00000000800174D2] -> 0x0000
[3075] [M]: 0x00000000800174D0 (0x00000113) addi sp, zero, 0
x2 <- 0x0000000000000000
mem[X,0x00000000800174D4] -> 0x006F
mem[X,0x00000000800174D6] -> 0x2B10
[3076] [M]: 0x00000000800174D4 (0x2B10006F) jal zero, 2736
mem[X,0x0000000080017F84] -> 0x5A63
mem[X,0x0000000080017F86] -> 0xD4B5
[3077] [M]: 0x0000000080017F84 (0xD4B55A63) bge a0, a1, 5460
mem[X,0x00000000800174D8] -> 0x0113
mem[X,0x00000000800174DA] -> 0x0011
[3078] [M]: 0x00000000800174D8 (0x00110113) addi sp, sp, 1
x2 <- 0x0000000000000001
mem[X,0x00000000800174DC] -> 0x006F
mem[X,0x00000000800174DE] -> 0x2BD0
[3079] [M]: 0x00000000800174DC (0x2BD0006F) jal zero, 2748
mem[X,0x0000000080017F98] -> 0xBC23
mem[X,0x0000000080017F9A] -> 0x6620
[3080] [M]: 0x0000000080017F98 (0x6620BC23) sd sp, 1656(ra)
mem[0x0000000080049848] <- 0x0000000000000001
mem[X,0x0000000080017F9C] -> 0xB537
mem[X,0x0000000080017F9E] -> 0xAAAA
[3081] [M]: 0x0000000080017F9C (0xAAAAB537) lui a0, 699051
x10 <- 0xFFFFFFFFAAAAB000
mem[X,0x0000000080017FA0] -> 0x0513
mem[X,0x0000000080017FA2] -> 0xAAA5
[3082] [M]: 0x0000000080017FA0 (0xAAA50513) addi a0, a0, 2730
x10 <- 0xFFFFFFFFAAAAAAAA
mem[X,0x0000000080017FA4] -> 0x1513
mem[X,0x0000000080017FA6] -> 0x00B5
[3083] [M]: 0x0000000080017FA4 (0x00B51513) slli a0, a0, 11
x10 <- 0xFFFFFD5555555000
mem[X,0x0000000080017FA8] -> 0x0513
mem[X,0x0000000080017FAA] -> 0x5555
[3084] [M]: 0x0000000080017FA8 (0x55550513) addi a0, a0, 1365
x10 <- 0xFFFFFD5555555555
mem[X,0x0000000080017FAC] -> 0x1513
mem[X,0x0000000080017FAE] -> 0x00B5
[3085] [M]: 0x0000000080017FAC (0x00B51513) slli a0, a0, 11
x10 <- 0xFFEAAAAAAAAAA800
mem[X,0x0000000080017FB0] -> 0x0513
mem[X,0x0000000080017FB2] -> 0x2AA5
[3086] [M]: 0x0000000080017FB0 (0x2AA50513) addi a0, a0, 682
x10 <- 0xFFEAAAAAAAAAAAAA
mem[X,0x0000000080017FB4] -> 0x1513
mem[X,0x0000000080017FB6] -> 0x00A5
[3087] [M]: 0x0000000080017FB4 (0x00A51513) slli a0, a0, 10
x10 <- 0xAAAAAAAAAAAAA800
mem[X,0x0000000080017FB8] -> 0x0513
mem[X,0x0000000080017FBA] -> 0x2AA5
[3088] [M]: 0x0000000080017FB8 (0x2AA50513) addi a0, a0, 682
x10 <- 0xAAAAAAAAAAAAAAAA
mem[X,0x0000000080017FBC] -> 0x0593
mem[X,0x0000000080017FBE] -> 0x0030
[3089] [M]: 0x0000000080017FBC (0x00300593) addi a1, zero, 3
x11 <- 0x0000000000000003
mem[X,0x0000000080017FC0] -> 0x0113
mem[X,0x0000000080017FC2] -> 0x0000
[3090] [M]: 0x0000000080017FC0 (0x00000113) addi sp, zero, 0
x2 <- 0x0000000000000000
mem[X,0x0000000080017FC4] -> 0x006F
mem[X,0x0000000080017FC6] -> 0x00C0
[3091] [M]: 0x0000000080017FC4 (0x00C0006F) jal zero, 12
mem[X,0x0000000080017FD0] -> 0x5063
mem[X,0x0000000080017FD2] -> 0x20B5
[3092] [M]: 0x0000000080017FD0 (0x20B55063) bge a0, a1, 512
mem[X,0x0000000080017FD4] -> 0x0113
mem[X,0x0000000080017FD6] -> 0x0021
[3093] [M]: 0x0000000080017FD4 (0x00210113) addi sp, sp, 2
x2 <- 0x0000000000000002
mem[X,0x0000000080017FD8] -> 0x006F
mem[X,0x0000000080017FDA] -> 0x2000
[3094] [M]: 0x0000000080017FD8 (0x2000006F) jal zero, 512
mem[X,0x00000000800181D8] -> 0xB023
mem[X,0x00000000800181DA] -> 0x6820
[3095] [M]: 0x00000000800181D8 (0x6820B023) sd sp, 1664(ra)
mem[0x0000000080049850] <- 0x0000000000000002
mem[X,0x00000000800181DC] -> 0xB537
mem[X,0x00000000800181DE] -> 0xAAAA
[3096] [M]: 0x00000000800181DC (0xAAAAB537) lui a0, 699051
x10 <- 0xFFFFFFFFAAAAB000
mem[X,0x00000000800181E0] -> 0x0513
mem[X,0x00000000800181E2] -> 0xAAA5
[3097] [M]: 0x00000000800181E0 (0xAAA50513) addi a0, a0, 2730
x10 <- 0xFFFFFFFFAAAAAAAA
mem[X,0x00000000800181E4] -> 0x1513
mem[X,0x00000000800181E6] -> 0x00B5
[3098] [M]: 0x00000000800181E4 (0x00B51513) slli a0, a0, 11
x10 <- 0xFFFFFD5555555000
mem[X,0x00000000800181E8] -> 0x0513
mem[X,0x00000000800181EA] -> 0x5555
[3099] [M]: 0x00000000800181E8 (0x55550513) addi a0, a0, 1365
x10 <- 0xFFFFFD5555555555
clint::tick mtime <- 0x000000000000001F
 clint timer pending at mtime 0x000000000000001F
htif::tick 0x0000000000000000
mem[X,0x00000000800181EC] -> 0x1513
mem[X,0x00000000800181EE] -> 0x00B5
[3100] [M]: 0x00000000800181EC (0x00B51513) slli a0, a0, 11
x10 <- 0xFFEAAAAAAAAAA800
mem[X,0x00000000800181F0] -> 0x0513
mem[X,0x00000000800181F2] -> 0x2AA5
[3101] [M]: 0x00000000800181F0 (0x2AA50513) addi a0, a0, 682
x10 <- 0xFFEAAAAAAAAAAAAA
mem[X,0x00000000800181F4] -> 0x1513
mem[X,0x00000000800181F6] -> 0x00A5
[3102] [M]: 0x00000000800181F4 (0x00A51513) slli a0, a0, 10
x10 <- 0xAAAAAAAAAAAAA800
mem[X,0x00000000800181F8] -> 0x0513
mem[X,0x00000000800181FA] -> 0x2AA5
[3103] [M]: 0x00000000800181F8 (0x2AA50513) addi a0, a0, 682
x10 <- 0xAAAAAAAAAAAAAAAA
mem[X,0x00000000800181FC] -> 0x55B7
mem[X,0x00000000800181FE] -> 0x5555
[3104] [M]: 0x00000000800181FC (0x555555B7) lui a1, 349525
x11 <- 0x0000000055555000
mem[X,0x0000000080018200] -> 0x8593
mem[X,0x0000000080018202] -> 0x5555
[3105] [M]: 0x0000000080018200 (0x55558593) addi a1, a1, 1365
x11 <- 0x0000000055555555
mem[X,0x0000000080018204] -> 0x9593
mem[X,0x0000000080018206] -> 0x00B5
[3106] [M]: 0x0000000080018204 (0x00B59593) slli a1, a1, 11
x11 <- 0x000002AAAAAAA800
mem[X,0x0000000080018208] -> 0x8593
mem[X,0x000000008001820A] -> 0x2AA5
[3107] [M]: 0x0000000080018208 (0x2AA58593) addi a1, a1, 682
x11 <- 0x000002AAAAAAAAAA
mem[X,0x000000008001820C] -> 0x9593
mem[X,0x000000008001820E] -> 0x00B5
[3108] [M]: 0x000000008001820C (0x00B59593) slli a1, a1, 11
x11 <- 0x0015555555555000
mem[X,0x0000000080018210] -> 0x8593
mem[X,0x0000000080018212] -> 0x5555
[3109] [M]: 0x0000000080018210 (0x55558593) addi a1, a1, 1365
x11 <- 0x0015555555555555
mem[X,0x0000000080018214] -> 0x9593
mem[X,0x0000000080018216] -> 0x00A5
[3110] [M]: 0x0000000080018214 (0x00A59593) slli a1, a1, 10
x11 <- 0x5555555555555400
mem[X,0x0000000080018218] -> 0x8593
mem[X,0x000000008001821A] -> 0x1555
[3111] [M]: 0x0000000080018218 (0x15558593) addi a1, a1, 341
x11 <- 0x5555555555555555
mem[X,0x000000008001821C] -> 0x0113
mem[X,0x000000008001821E] -> 0x0000
[3112] [M]: 0x000000008001821C (0x00000113) addi sp, zero, 0
x2 <- 0x0000000000000000
mem[X,0x0000000080018220] -> 0x006F
mem[X,0x0000000080018222] -> 0x00C0
[3113] [M]: 0x0000000080018220 (0x00C0006F) jal zero, 12
mem[X,0x000000008001822C] -> 0x5663
mem[X,0x000000008001822E] -> 0x00B5
[3114] [M]: 0x000000008001822C (0x00B55663) bge a0, a1, 12
mem[X,0x0000000080018230] -> 0x0113
mem[X,0x0000000080018232] -> 0x0021
[3115] [M]: 0x0000000080018230 (0x00210113) addi sp, sp, 2
x2 <- 0x0000000000000002
mem[X,0x0000000080018234] -> 0x006F
mem[X,0x0000000080018236] -> 0x00C0
[3116] [M]: 0x0000000080018234 (0x00C0006F) jal zero, 12
mem[X,0x0000000080018240] -> 0xB423
mem[X,0x0000000080018242] -> 0x6820
[3117] [M]: 0x0000000080018240 (0x6820B423) sd sp, 1672(ra)
mem[0x0000000080049858] <- 0x0000000000000002
mem[X,0x0000000080018244] -> 0xB537
mem[X,0x0000000080018246] -> 0xAAAA
[3118] [M]: 0x0000000080018244 (0xAAAAB537) lui a0, 699051
x10 <- 0xFFFFFFFFAAAAB000
mem[X,0x0000000080018248] -> 0x0513
mem[X,0x000000008001824A] -> 0xAAA5
[3119] [M]: 0x0000000080018248 (0xAAA50513) addi a0, a0, 2730
x10 <- 0xFFFFFFFFAAAAAAAA
mem[X,0x000000008001824C] -> 0x1513
mem[X,0x000000008001824E] -> 0x00B5
[3120] [M]: 0x000000008001824C (0x00B51513) slli a0, a0, 11
x10 <- 0xFFFFFD5555555000
mem[X,0x0000000080018250] -> 0x0513
mem[X,0x0000000080018252] -> 0x5555
[3121] [M]: 0x0000000080018250 (0x55550513) addi a0, a0, 1365
x10 <- 0xFFFFFD5555555555
mem[X,0x0000000080018254] -> 0x1513
mem[X,0x0000000080018256] -> 0x00B5
[3122] [M]: 0x0000000080018254 (0x00B51513) slli a0, a0, 11
x10 <- 0xFFEAAAAAAAAAA800
mem[X,0x0000000080018258] -> 0x0513
mem[X,0x000000008001825A] -> 0x2AA5
[3123] [M]: 0x0000000080018258 (0x2AA50513) addi a0, a0, 682
x10 <- 0xFFEAAAAAAAAAAAAA
mem[X,0x000000008001825C] -> 0x1513
mem[X,0x000000008001825E] -> 0x00A5
[3124] [M]: 0x000000008001825C (0x00A51513) slli a0, a0, 10
x10 <- 0xAAAAAAAAAAAAA800
mem[X,0x0000000080018260] -> 0x0513
mem[X,0x0000000080018262] -> 0x2AA5
[3125] [M]: 0x0000000080018260 (0x2AA50513) addi a0, a0, 682
x10 <- 0xAAAAAAAAAAAAAAAA
mem[X,0x0000000080018264] -> 0xB5B7
mem[X,0x0000000080018266] -> 0xAAAA
[3126] [M]: 0x0000000080018264 (0xAAAAB5B7) lui a1, 699051
x11 <- 0xFFFFFFFFAAAAB000
mem[X,0x0000000080018268] -> 0x8593
mem[X,0x000000008001826A] -> 0xAAA5
[3127] [M]: 0x0000000080018268 (0xAAA58593) addi a1, a1, 2730
x11 <- 0xFFFFFFFFAAAAAAAA
mem[X,0x000000008001826C] -> 0x9593
mem[X,0x000000008001826E] -> 0x00B5
[3128] [M]: 0x000000008001826C (0x00B59593) slli a1, a1, 11
x11 <- 0xFFFFFD5555555000
mem[X,0x0000000080018270] -> 0x8593
mem[X,0x0000000080018272] -> 0x5555
[3129] [M]: 0x0000000080018270 (0x55558593) addi a1, a1, 1365
x11 <- 0xFFFFFD5555555555
mem[X,0x0000000080018274] -> 0x9593
mem[X,0x0000000080018276] -> 0x00B5
[3130] [M]: 0x0000000080018274 (0x00B59593) slli a1, a1, 11
x11 <- 0xFFEAAAAAAAAAA800
mem[X,0x0000000080018278] -> 0x8593
mem[X,0x000000008001827A] -> 0x2AA5
[3131] [M]: 0x0000000080018278 (0x2AA58593) addi a1, a1, 682
x11 <- 0xFFEAAAAAAAAAAAAA
mem[X,0x000000008001827C] -> 0x9593
mem[X,0x000000008001827E] -> 0x00A5
[3132] [M]: 0x000000008001827C (0x00A59593) slli a1, a1, 10
x11 <- 0xAAAAAAAAAAAAA800
mem[X,0x0000000080018280] -> 0x8593
mem[X,0x0000000080018282] -> 0x2AA5
[3133] [M]: 0x0000000080018280 (0x2AA58593) addi a1, a1, 682
x11 <- 0xAAAAAAAAAAAAAAAA
mem[X,0x0000000080018284] -> 0x0113
mem[X,0x0000000080018286] -> 0x0000
[3134] [M]: 0x0000000080018284 (0x00000113) addi sp, zero, 0
x2 <- 0x0000000000000000
mem[X,0x0000000080018288] -> 0x006F
mem[X,0x000000008001828A] -> 0x00C0
[3135] [M]: 0x0000000080018288 (0x00C0006F) jal zero, 12
mem[X,0x0000000080018294] -> 0x5663
mem[X,0x0000000080018296] -> 0x00B5
[3136] [M]: 0x0000000080018294 (0x00B55663) bge a0, a1, 12
mem[X,0x00000000800182A0] -> 0x0113
mem[X,0x00000000800182A2] -> 0x0031
[3137] [M]: 0x00000000800182A0 (0x00310113) addi sp, sp, 3
x2 <- 0x0000000000000003
mem[X,0x00000000800182A4] -> 0x006F
mem[X,0x00000000800182A6] -> 0x0040
[3138] [M]: 0x00000000800182A4 (0x0040006F) jal zero, 4
mem[X,0x00000000800182A8] -> 0xB823
mem[X,0x00000000800182AA] -> 0x6820
[3139] [M]: 0x00000000800182A8 (0x6820B823) sd sp, 1680(ra)
mem[0x0000000080049860] <- 0x0000000000000003
mem[X,0x00000000800182AC] -> 0xB537
mem[X,0x00000000800182AE] -> 0xAAAA
[3140] [M]: 0x00000000800182AC (0xAAAAB537) lui a0, 699051
x10 <- 0xFFFFFFFFAAAAB000
mem[X,0x00000000800182B0] -> 0x0513
mem[X,0x00000000800182B2] -> 0xAAA5
[3141] [M]: 0x00000000800182B0 (0xAAA50513) addi a0, a0, 2730
x10 <- 0xFFFFFFFFAAAAAAAA
mem[X,0x00000000800182B4] -> 0x1513
mem[X,0x00000000800182B6] -> 0x00B5
[3142] [M]: 0x00000000800182B4 (0x00B51513) slli a0, a0, 11
x10 <- 0xFFFFFD5555555000
mem[X,0x00000000800182B8] -> 0x0513
mem[X,0x00000000800182BA] -> 0x5555
[3143] [M]: 0x00000000800182B8 (0x55550513) addi a0, a0, 1365
x10 <- 0xFFFFFD5555555555
mem[X,0x00000000800182BC] -> 0x1513
mem[X,0x00000000800182BE] -> 0x00B5
[3144] [M]: 0x00000000800182BC (0x00B51513) slli a0, a0, 11
x10 <- 0xFFEAAAAAAAAAA800
mem[X,0x00000000800182C0] -> 0x0513
mem[X,0x00000000800182C2] -> 0x2AA5
[3145] [M]: 0x00000000800182C0 (0x2AA50513) addi a0, a0, 682
x10 <- 0xFFEAAAAAAAAAAAAA
mem[X,0x00000000800182C4] -> 0x1513
mem[X,0x00000000800182C6] -> 0x00A5
[3146] [M]: 0x00000000800182C4 (0x00A51513) slli a0, a0, 10
x10 <- 0xAAAAAAAAAAAAA800
mem[X,0x00000000800182C8] -> 0x0513
mem[X,0x00000000800182CA] -> 0x2AA5
[3147] [M]: 0x00000000800182C8 (0x2AA50513) addi a0, a0, 682
x10 <- 0xAAAAAAAAAAAAAAAA
mem[X,0x00000000800182CC] -> 0x0593
mem[X,0x00000000800182CE] -> 0x0050
[3148] [M]: 0x00000000800182CC (0x00500593) addi a1, zero, 5
x11 <- 0x0000000000000005
mem[X,0x00000000800182D0] -> 0x0113
mem[X,0x00000000800182D2] -> 0x0000
[3149] [M]: 0x00000000800182D0 (0x00000113) addi sp, zero, 0
x2 <- 0x0000000000000000
mem[X,0x00000000800182D4] -> 0x006F
mem[X,0x00000000800182D6] -> 0x00C0
[3150] [M]: 0x00000000800182D4 (0x00C0006F) jal zero, 12
mem[X,0x00000000800182E0] -> 0x5CE3
mem[X,0x00000000800182E2] -> 0xFEB5
[3151] [M]: 0x00000000800182E0 (0xFEB55CE3) bge a0, a1, 8184
mem[X,0x00000000800182E4] -> 0x0113
mem[X,0x00000000800182E6] -> 0x0021
[3152] [M]: 0x00000000800182E4 (0x00210113) addi sp, sp, 2
x2 <- 0x0000000000000002
mem[X,0x00000000800182E8] -> 0x006F
mem[X,0x00000000800182EA] -> 0x00C0
[3153] [M]: 0x00000000800182E8 (0x00C0006F) jal zero, 12
mem[X,0x00000000800182F4] -> 0xBC23
mem[X,0x00000000800182F6] -> 0x6820
[3154] [M]: 0x00000000800182F4 (0x6820BC23) sd sp, 1688(ra)
mem[0x0000000080049868] <- 0x0000000000000002
mem[X,0x00000000800182F8] -> 0xB537
mem[X,0x00000000800182FA] -> 0xAAAA
[3155] [M]: 0x00000000800182F8 (0xAAAAB537) lui a0, 699051
x10 <- 0xFFFFFFFFAAAAB000
mem[X,0x00000000800182FC] -> 0x0513
mem[X,0x00000000800182FE] -> 0xAAA5
[3156] [M]: 0x00000000800182FC (0xAAA50513) addi a0, a0, 2730
x10 <- 0xFFFFFFFFAAAAAAAA
mem[X,0x0000000080018300] -> 0x1513
mem[X,0x0000000080018302] -> 0x00B5
[3157] [M]: 0x0000000080018300 (0x00B51513) slli a0, a0, 11
x10 <- 0xFFFFFD5555555000
mem[X,0x0000000080018304] -> 0x0513
mem[X,0x0000000080018306] -> 0x5555
[3158] [M]: 0x0000000080018304 (0x55550513) addi a0, a0, 1365
x10 <- 0xFFFFFD5555555555
mem[X,0x0000000080018308] -> 0x1513
mem[X,0x000000008001830A] -> 0x00B5
[3159] [M]: 0x0000000080018308 (0x00B51513) slli a0, a0, 11
x10 <- 0xFFEAAAAAAAAAA800
mem[X,0x000000008001830C] -> 0x0513
mem[X,0x000000008001830E] -> 0x2AA5
[3160] [M]: 0x000000008001830C (0x2AA50513) addi a0, a0, 682
x10 <- 0xFFEAAAAAAAAAAAAA
mem[X,0x0000000080018310] -> 0x1513
mem[X,0x0000000080018312] -> 0x00A5
[3161] [M]: 0x0000000080018310 (0x00A51513) slli a0, a0, 10
x10 <- 0xAAAAAAAAAAAAA800
mem[X,0x0000000080018314] -> 0x0513
mem[X,0x0000000080018316] -> 0x2AA5
[3162] [M]: 0x0000000080018314 (0x2AA50513) addi a0, a0, 682
x10 <- 0xAAAAAAAAAAAAAAAA
mem[X,0x0000000080018318] -> 0x35B7
mem[X,0x000000008001831A] -> 0x3333
[3163] [M]: 0x0000000080018318 (0x333335B7) lui a1, 209715
x11 <- 0x0000000033333000
mem[X,0x000000008001831C] -> 0x8593
mem[X,0x000000008001831E] -> 0x3335
[3164] [M]: 0x000000008001831C (0x33358593) addi a1, a1, 819
x11 <- 0x0000000033333333
mem[X,0x0000000080018320] -> 0x9593
mem[X,0x0000000080018322] -> 0x00B5
[3165] [M]: 0x0000000080018320 (0x00B59593) slli a1, a1, 11
x11 <- 0x0000019999999800
mem[X,0x0000000080018324] -> 0x8593
mem[X,0x0000000080018326] -> 0x1995
[3166] [M]: 0x0000000080018324 (0x19958593) addi a1, a1, 409
x11 <- 0x0000019999999999
mem[X,0x0000000080018328] -> 0x9593
mem[X,0x000000008001832A] -> 0x00B5
[3167] [M]: 0x0000000080018328 (0x00B59593) slli a1, a1, 11
x11 <- 0x000CCCCCCCCCC800
mem[X,0x000000008001832C] -> 0x8593
mem[X,0x000000008001832E] -> 0x4CC5
[3168] [M]: 0x000000008001832C (0x4CC58593) addi a1, a1, 1228
x11 <- 0x000CCCCCCCCCCCCC
mem[X,0x0000000080018330] -> 0x9593
mem[X,0x0000000080018332] -> 0x00A5
[3169] [M]: 0x0000000080018330 (0x00A59593) slli a1, a1, 10
x11 <- 0x3333333333333000
mem[X,0x0000000080018334] -> 0x8593
mem[X,0x0000000080018336] -> 0x3335
[3170] [M]: 0x0000000080018334 (0x33358593) addi a1, a1, 819
x11 <- 0x3333333333333333
mem[X,0x0000000080018338] -> 0x0113
mem[X,0x000000008001833A] -> 0x0000
[3171] [M]: 0x0000000080018338 (0x00000113) addi sp, zero, 0
x2 <- 0x0000000000000000
mem[X,0x000000008001833C] -> 0x006F
mem[X,0x000000008001833E] -> 0x2B10
[3172] [M]: 0x000000008001833C (0x2B10006F) jal zero, 2736
mem[X,0x0000000080018DEC] -> 0x5A63
mem[X,0x0000000080018DEE] -> 0xD4B5
[3173] [M]: 0x0000000080018DEC (0xD4B55A63) bge a0, a1, 5460
mem[X,0x0000000080018DF0] -> 0x0113
mem[X,0x0000000080018DF2] -> 0x0021
[3174] [M]: 0x0000000080018DF0 (0x00210113) addi sp, sp, 2
x2 <- 0x0000000000000002
mem[X,0x0000000080018DF4] -> 0x006F
mem[X,0x0000000080018DF6] -> 0x00C0
[3175] [M]: 0x0000000080018DF4 (0x00C0006F) jal zero, 12
mem[X,0x0000000080018E00] -> 0xB023
mem[X,0x0000000080018E02] -> 0x6A20
[3176] [M]: 0x0000000080018E00 (0x6A20B023) sd sp, 1696(ra)
mem[0x0000000080049870] <- 0x0000000000000002
mem[X,0x0000000080018E04] -> 0xB537
mem[X,0x0000000080018E06] -> 0xAAAA
[3177] [M]: 0x0000000080018E04 (0xAAAAB537) lui a0, 699051
x10 <- 0xFFFFFFFFAAAAB000
mem[X,0x0000000080018E08] -> 0x0513
mem[X,0x0000000080018E0A] -> 0xAAA5
[3178] [M]: 0x0000000080018E08 (0xAAA50513) addi a0, a0, 2730
x10 <- 0xFFFFFFFFAAAAAAAA
mem[X,0x0000000080018E0C] -> 0x1513
mem[X,0x0000000080018E0E] -> 0x00B5
[3179] [M]: 0x0000000080018E0C (0x00B51513) slli a0, a0, 11
x10 <- 0xFFFFFD5555555000
mem[X,0x0000000080018E10] -> 0x0513
mem[X,0x0000000080018E12] -> 0x5555
[3180] [M]: 0x0000000080018E10 (0x55550513) addi a0, a0, 1365
x10 <- 0xFFFFFD5555555555
mem[X,0x0000000080018E14] -> 0x1513
mem[X,0x0000000080018E16] -> 0x00B5
[3181] [M]: 0x0000000080018E14 (0x00B51513) slli a0, a0, 11
x10 <- 0xFFEAAAAAAAAAA800
mem[X,0x0000000080018E18] -> 0x0513
mem[X,0x0000000080018E1A] -> 0x2AA5
[3182] [M]: 0x0000000080018E18 (0x2AA50513) addi a0, a0, 682
x10 <- 0xFFEAAAAAAAAAAAAA
mem[X,0x0000000080018E1C] -> 0x1513
mem[X,0x0000000080018E1E] -> 0x00A5
[3183] [M]: 0x0000000080018E1C (0x00A51513) slli a0, a0, 10
x10 <- 0xAAAAAAAAAAAAA800
mem[X,0x0000000080018E20] -> 0x0513
mem[X,0x0000000080018E22] -> 0x2AA5
[3184] [M]: 0x0000000080018E20 (0x2AA50513) addi a0, a0, 682
x10 <- 0xAAAAAAAAAAAAAAAA
mem[X,0x0000000080018E24] -> 0x65B7
mem[X,0x0000000080018E26] -> 0x6666
[3185] [M]: 0x0000000080018E24 (0x666665B7) lui a1, 419430
x11 <- 0x0000000066666000
mem[X,0x0000000080018E28] -> 0x8593
mem[X,0x0000000080018E2A] -> 0x6665
[3186] [M]: 0x0000000080018E28 (0x66658593) addi a1, a1, 1638
x11 <- 0x0000000066666666
mem[X,0x0000000080018E2C] -> 0x9593
mem[X,0x0000000080018E2E] -> 0x00B5
[3187] [M]: 0x0000000080018E2C (0x00B59593) slli a1, a1, 11
x11 <- 0x0000033333333000
mem[X,0x0000000080018E30] -> 0x8593
mem[X,0x0000000080018E32] -> 0x3335
[3188] [M]: 0x0000000080018E30 (0x33358593) addi a1, a1, 819
x11 <- 0x0000033333333333
mem[X,0x0000000080018E34] -> 0x9593
mem[X,0x0000000080018E36] -> 0x00B5
[3189] [M]: 0x0000000080018E34 (0x00B59593) slli a1, a1, 11
x11 <- 0x0019999999999800
mem[X,0x0000000080018E38] -> 0x8593
mem[X,0x0000000080018E3A] -> 0x1995
[3190] [M]: 0x0000000080018E38 (0x19958593) addi a1, a1, 409
x11 <- 0x0019999999999999
mem[X,0x0000000080018E3C] -> 0x9593
mem[X,0x0000000080018E3E] -> 0x00A5
[3191] [M]: 0x0000000080018E3C (0x00A59593) slli a1, a1, 10
x11 <- 0x6666666666666400
mem[X,0x0000000080018E40] -> 0x8593
mem[X,0x0000000080018E42] -> 0x2665
[3192] [M]: 0x0000000080018E40 (0x26658593) addi a1, a1, 614
x11 <- 0x6666666666666666
mem[X,0x0000000080018E44] -> 0x0113
mem[X,0x0000000080018E46] -> 0x0000
[3193] [M]: 0x0000000080018E44 (0x00000113) addi sp, zero, 0
x2 <- 0x0000000000000000
mem[X,0x0000000080018E48] -> 0x006F
mem[X,0x0000000080018E4A] -> 0x00C0
[3194] [M]: 0x0000000080018E48 (0x00C0006F) jal zero, 12
mem[X,0x0000000080018E54] -> 0x5CE3
mem[X,0x0000000080018E56] -> 0xFEB5
[3195] [M]: 0x0000000080018E54 (0xFEB55CE3) bge a0, a1, 8184
mem[X,0x0000000080018E58] -> 0x0113
mem[X,0x0000000080018E5A] -> 0x0021
[3196] [M]: 0x0000000080018E58 (0x00210113) addi sp, sp, 2
x2 <- 0x0000000000000002
mem[X,0x0000000080018E5C] -> 0x006F
mem[X,0x0000000080018E5E] -> 0x00C0
[3197] [M]: 0x0000000080018E5C (0x00C0006F) jal zero, 12
mem[X,0x0000000080018E68] -> 0xB423
mem[X,0x0000000080018E6A] -> 0x6A20
[3198] [M]: 0x0000000080018E68 (0x6A20B423) sd sp, 1704(ra)
mem[0x0000000080049878] <- 0x0000000000000002
mem[X,0x0000000080018E6C] -> 0xB537
mem[X,0x0000000080018E6E] -> 0xAAAA
[3199] [M]: 0x0000000080018E6C (0xAAAAB537) lui a0, 699051
x10 <- 0xFFFFFFFFAAAAB000
clint::tick mtime <- 0x0000000000000020
 clint timer pending at mtime 0x0000000000000020
htif::tick 0x0000000000000000
mem[X,0x0000000080018E70] -> 0x0513
mem[X,0x0000000080018E72] -> 0xAAA5
[3200] [M]: 0x0000000080018E70 (0xAAA50513) addi a0, a0, 2730
x10 <- 0xFFFFFFFFAAAAAAAA
mem[X,0x0000000080018E74] -> 0x1513
mem[X,0x0000000080018E76] -> 0x00B5
[3201] [M]: 0x0000000080018E74 (0x00B51513) slli a0, a0, 11
x10 <- 0xFFFFFD5555555000
mem[X,0x0000000080018E78] -> 0x0513
mem[X,0x0000000080018E7A] -> 0x5555
[3202] [M]: 0x0000000080018E78 (0x55550513) addi a0, a0, 1365
x10 <- 0xFFFFFD5555555555
mem[X,0x0000000080018E7C] -> 0x1513
mem[X,0x0000000080018E7E] -> 0x00B5
[3203] [M]: 0x0000000080018E7C (0x00B51513) slli a0, a0, 11
x10 <- 0xFFEAAAAAAAAAA800
mem[X,0x0000000080018E80] -> 0x0513
mem[X,0x0000000080018E82] -> 0x2AA5
[3204] [M]: 0x0000000080018E80 (0x2AA50513) addi a0, a0, 682
x10 <- 0xFFEAAAAAAAAAAAAA
mem[X,0x0000000080018E84] -> 0x1513
mem[X,0x0000000080018E86] -> 0x00A5
[3205] [M]: 0x0000000080018E84 (0x00A51513) slli a0, a0, 10
x10 <- 0xAAAAAAAAAAAAA800
mem[X,0x0000000080018E88] -> 0x0513
mem[X,0x0000000080018E8A] -> 0x2AA5
[3206] [M]: 0x0000000080018E88 (0x2AA50513) addi a0, a0, 682
x10 <- 0xAAAAAAAAAAAAAAAA
mem[X,0x0000000080018E8C] -> 0x05B7
mem[X,0x0000000080018E8E] -> 0x0000
[3207] [M]: 0x0000000080018E8C (0x000005B7) lui a1, 0
x11 <- 0x0000000000000000
mem[X,0x0000000080018E90] -> 0x8593
mem[X,0x0000000080018E92] -> 0xFFF5
[3208] [M]: 0x0000000080018E90 (0xFFF58593) addi a1, a1, 4095
x11 <- 0xFFFFFFFFFFFFFFFF
mem[X,0x0000000080018E94] -> 0x9593
mem[X,0x0000000080018E96] -> 0x00B5
[3209] [M]: 0x0000000080018E94 (0x00B59593) slli a1, a1, 11
x11 <- 0xFFFFFFFFFFFFF800
mem[X,0x0000000080018E98] -> 0x8593
mem[X,0x0000000080018E9A] -> 0x2575
[3210] [M]: 0x0000000080018E98 (0x25758593) addi a1, a1, 599
x11 <- 0xFFFFFFFFFFFFFA57
mem[X,0x0000000080018E9C] -> 0x9593
mem[X,0x0000000080018E9E] -> 0x00B5
[3211] [M]: 0x0000000080018E9C (0x00B59593) slli a1, a1, 11
x11 <- 0xFFFFFFFFFFD2B800
mem[X,0x0000000080018EA0] -> 0x8593
mem[X,0x0000000080018EA2] -> 0x6C35
[3212] [M]: 0x0000000080018EA0 (0x6C358593) addi a1, a1, 1731
x11 <- 0xFFFFFFFFFFD2BEC3
mem[X,0x0000000080018EA4] -> 0x9593
mem[X,0x0000000080018EA6] -> 0x00A5
[3213] [M]: 0x0000000080018EA4 (0x00A59593) slli a1, a1, 10
x11 <- 0xFFFFFFFF4AFB0C00
mem[X,0x0000000080018EA8] -> 0x8593
mem[X,0x0000000080018EAA] -> 0x0CD5
[3214] [M]: 0x0000000080018EA8 (0x0CD58593) addi a1, a1, 205
x11 <- 0xFFFFFFFF4AFB0CCD
mem[X,0x0000000080018EAC] -> 0x0113
mem[X,0x0000000080018EAE] -> 0x0000
[3215] [M]: 0x0000000080018EAC (0x00000113) addi sp, zero, 0
x2 <- 0x0000000000000000
mem[X,0x0000000080018EB0] -> 0x006F
mem[X,0x0000000080018EB2] -> 0x2B10
[3216] [M]: 0x0000000080018EB0 (0x2B10006F) jal zero, 2736
mem[X,0x0000000080019960] -> 0x5A63
mem[X,0x0000000080019962] -> 0xD4B5
[3217] [M]: 0x0000000080019960 (0xD4B55A63) bge a0, a1, 5460
mem[X,0x0000000080019964] -> 0x0113
mem[X,0x0000000080019966] -> 0x0021
[3218] [M]: 0x0000000080019964 (0x00210113) addi sp, sp, 2
x2 <- 0x0000000000000002
mem[X,0x0000000080019968] -> 0x006F
mem[X,0x000000008001996A] -> 0x00C0
[3219] [M]: 0x0000000080019968 (0x00C0006F) jal zero, 12
mem[X,0x0000000080019974] -> 0xB823
mem[X,0x0000000080019976] -> 0x6A20
[3220] [M]: 0x0000000080019974 (0x6A20B823) sd sp, 1712(ra)
mem[0x0000000080049880] <- 0x0000000000000002
mem[X,0x0000000080019978] -> 0xB537
mem[X,0x000000008001997A] -> 0xAAAA
[3221] [M]: 0x0000000080019978 (0xAAAAB537) lui a0, 699051
x10 <- 0xFFFFFFFFAAAAB000
mem[X,0x000000008001997C] -> 0x0513
mem[X,0x000000008001997E] -> 0xAAA5
[3222] [M]: 0x000000008001997C (0xAAA50513) addi a0, a0, 2730
x10 <- 0xFFFFFFFFAAAAAAAA
mem[X,0x0000000080019980] -> 0x1513
mem[X,0x0000000080019982] -> 0x00B5
[3223] [M]: 0x0000000080019980 (0x00B51513) slli a0, a0, 11
x10 <- 0xFFFFFD5555555000
mem[X,0x0000000080019984] -> 0x0513
mem[X,0x0000000080019986] -> 0x5555
[3224] [M]: 0x0000000080019984 (0x55550513) addi a0, a0, 1365
x10 <- 0xFFFFFD5555555555
mem[X,0x0000000080019988] -> 0x1513
mem[X,0x000000008001998A] -> 0x00B5
[3225] [M]: 0x0000000080019988 (0x00B51513) slli a0, a0, 11
x10 <- 0xFFEAAAAAAAAAA800
mem[X,0x000000008001998C] -> 0x0513
mem[X,0x000000008001998E] -> 0x2AA5
[3226] [M]: 0x000000008001998C (0x2AA50513) addi a0, a0, 682
x10 <- 0xFFEAAAAAAAAAAAAA
mem[X,0x0000000080019990] -> 0x1513
mem[X,0x0000000080019992] -> 0x00A5
[3227] [M]: 0x0000000080019990 (0x00A51513) slli a0, a0, 10
x10 <- 0xAAAAAAAAAAAAA800
mem[X,0x0000000080019994] -> 0x0513
mem[X,0x0000000080019996] -> 0x2AA5
[3228] [M]: 0x0000000080019994 (0x2AA50513) addi a0, a0, 682
x10 <- 0xAAAAAAAAAAAAAAAA
mem[X,0x0000000080019998] -> 0x05B7
mem[X,0x000000008001999A] -> 0x0000
[3229] [M]: 0x0000000080019998 (0x000005B7) lui a1, 0
x11 <- 0x0000000000000000
mem[X,0x000000008001999C] -> 0x8593
mem[X,0x000000008001999E] -> 0x0005
[3230] [M]: 0x000000008001999C (0x00058593) addi a1, a1, 0
x11 <- 0x0000000000000000
mem[X,0x00000000800199A0] -> 0x9593
mem[X,0x00000000800199A2] -> 0x00B5
[3231] [M]: 0x00000000800199A0 (0x00B59593) slli a1, a1, 11
x11 <- 0x0000000000000000
mem[X,0x00000000800199A4] -> 0x8593
mem[X,0x00000000800199A6] -> 0x5A85
[3232] [M]: 0x00000000800199A4 (0x5A858593) addi a1, a1, 1448
x11 <- 0x00000000000005A8
mem[X,0x00000000800199A8] -> 0x9593
mem[X,0x00000000800199AA] -> 0x00B5
[3233] [M]: 0x00000000800199A8 (0x00B59593) slli a1, a1, 11
x11 <- 0x00000000002D4000
mem[X,0x00000000800199AC] -> 0x8593
mem[X,0x00000000800199AE] -> 0x13C5
[3234] [M]: 0x00000000800199AC (0x13C58593) addi a1, a1, 316
x11 <- 0x00000000002D413C
mem[X,0x00000000800199B0] -> 0x9593
mem[X,0x00000000800199B2] -> 0x00A5
[3235] [M]: 0x00000000800199B0 (0x00A59593) slli a1, a1, 10
x11 <- 0x00000000B504F000
mem[X,0x00000000800199B4] -> 0x8593
mem[X,0x00000000800199B6] -> 0x3335
[3236] [M]: 0x00000000800199B4 (0x33358593) addi a1, a1, 819
x11 <- 0x00000000B504F333
mem[X,0x00000000800199B8] -> 0x0113
mem[X,0x00000000800199BA] -> 0x0000
[3237] [M]: 0x00000000800199B8 (0x00000113) addi sp, zero, 0
x2 <- 0x0000000000000000
mem[X,0x00000000800199BC] -> 0x006F
mem[X,0x00000000800199BE] -> 0x00C0
[3238] [M]: 0x00000000800199BC (0x00C0006F) jal zero, 12
mem[X,0x00000000800199C8] -> 0x5663
mem[X,0x00000000800199CA] -> 0x00B5
[3239] [M]: 0x00000000800199C8 (0x00B55663) bge a0, a1, 12
mem[X,0x00000000800199CC] -> 0x0113
mem[X,0x00000000800199CE] -> 0x0021
[3240] [M]: 0x00000000800199CC (0x00210113) addi sp, sp, 2
x2 <- 0x0000000000000002
mem[X,0x00000000800199D0] -> 0x006F
mem[X,0x00000000800199D2] -> 0x00C0
[3241] [M]: 0x00000000800199D0 (0x00C0006F) jal zero, 12
mem[X,0x00000000800199DC] -> 0xBC23
mem[X,0x00000000800199DE] -> 0x6A20
[3242] [M]: 0x00000000800199DC (0x6A20BC23) sd sp, 1720(ra)
mem[0x0000000080049888] <- 0x0000000000000002
mem[X,0x00000000800199E0] -> 0xB537
mem[X,0x00000000800199E2] -> 0xAAAA
[3243] [M]: 0x00000000800199E0 (0xAAAAB537) lui a0, 699051
x10 <- 0xFFFFFFFFAAAAB000
mem[X,0x00000000800199E4] -> 0x0513
mem[X,0x00000000800199E6] -> 0xAAA5
[3244] [M]: 0x00000000800199E4 (0xAAA50513) addi a0, a0, 2730
x10 <- 0xFFFFFFFFAAAAAAAA
mem[X,0x00000000800199E8] -> 0x1513
mem[X,0x00000000800199EA] -> 0x00B5
[3245] [M]: 0x00000000800199E8 (0x00B51513) slli a0, a0, 11
x10 <- 0xFFFFFD5555555000
mem[X,0x00000000800199EC] -> 0x0513
mem[X,0x00000000800199EE] -> 0x5555
[3246] [M]: 0x00000000800199EC (0x55550513) addi a0, a0, 1365
x10 <- 0xFFFFFD5555555555
mem[X,0x00000000800199F0] -> 0x1513
mem[X,0x00000000800199F2] -> 0x00B5
[3247] [M]: 0x00000000800199F0 (0x00B51513) slli a0, a0, 11
x10 <- 0xFFEAAAAAAAAAA800
mem[X,0x00000000800199F4] -> 0x0513
mem[X,0x00000000800199F6] -> 0x2AA5
[3248] [M]: 0x00000000800199F4 (0x2AA50513) addi a0, a0, 682
x10 <- 0xFFEAAAAAAAAAAAAA
mem[X,0x00000000800199F8] -> 0x1513
mem[X,0x00000000800199FA] -> 0x00A5
[3249] [M]: 0x00000000800199F8 (0x00A51513) slli a0, a0, 10
x10 <- 0xAAAAAAAAAAAAA800
mem[X,0x00000000800199FC] -> 0x0513
mem[X,0x00000000800199FE] -> 0x2AA5
[3250] [M]: 0x00000000800199FC (0x2AA50513) addi a0, a0, 682
x10 <- 0xAAAAAAAAAAAAAAAA
mem[X,0x0000000080019A00] -> 0x0593
mem[X,0x0000000080019A02] -> 0x0020
[3251] [M]: 0x0000000080019A00 (0x00200593) addi a1, zero, 2
x11 <- 0x0000000000000002
mem[X,0x0000000080019A04] -> 0x0113
mem[X,0x0000000080019A06] -> 0x0000
[3252] [M]: 0x0000000080019A04 (0x00000113) addi sp, zero, 0
x2 <- 0x0000000000000000
mem[X,0x0000000080019A08] -> 0x006F
mem[X,0x0000000080019A0A] -> 0x00C0
[3253] [M]: 0x0000000080019A08 (0x00C0006F) jal zero, 12
mem[X,0x0000000080019A14] -> 0x5063
mem[X,0x0000000080019A16] -> 0x40B5
[3254] [M]: 0x0000000080019A14 (0x40B55063) bge a0, a1, 1024
mem[X,0x0000000080019A18] -> 0x0113
mem[X,0x0000000080019A1A] -> 0x0021
[3255] [M]: 0x0000000080019A18 (0x00210113) addi sp, sp, 2
x2 <- 0x0000000000000002
mem[X,0x0000000080019A1C] -> 0x006F
mem[X,0x0000000080019A1E] -> 0x4000
[3256] [M]: 0x0000000080019A1C (0x4000006F) jal zero, 1024
mem[X,0x0000000080019E1C] -> 0xB023
mem[X,0x0000000080019E1E] -> 0x6C20
[3257] [M]: 0x0000000080019E1C (0x6C20B023) sd sp, 1728(ra)
mem[0x0000000080049890] <- 0x0000000000000002
mem[X,0x0000000080019E20] -> 0xB537
mem[X,0x0000000080019E22] -> 0xAAAA
[3258] [M]: 0x0000000080019E20 (0xAAAAB537) lui a0, 699051
x10 <- 0xFFFFFFFFAAAAB000
mem[X,0x0000000080019E24] -> 0x0513
mem[X,0x0000000080019E26] -> 0xAAA5
[3259] [M]: 0x0000000080019E24 (0xAAA50513) addi a0, a0, 2730
x10 <- 0xFFFFFFFFAAAAAAAA
mem[X,0x0000000080019E28] -> 0x1513
mem[X,0x0000000080019E2A] -> 0x00B5
[3260] [M]: 0x0000000080019E28 (0x00B51513) slli a0, a0, 11
x10 <- 0xFFFFFD5555555000
mem[X,0x0000000080019E2C] -> 0x0513
mem[X,0x0000000080019E2E] -> 0x5555
[3261] [M]: 0x0000000080019E2C (0x55550513) addi a0, a0, 1365
x10 <- 0xFFFFFD5555555555
mem[X,0x0000000080019E30] -> 0x1513
mem[X,0x0000000080019E32] -> 0x00B5
[3262] [M]: 0x0000000080019E30 (0x00B51513) slli a0, a0, 11
x10 <- 0xFFEAAAAAAAAAA800
mem[X,0x0000000080019E34] -> 0x0513
mem[X,0x0000000080019E36] -> 0x2AA5
[3263] [M]: 0x0000000080019E34 (0x2AA50513) addi a0, a0, 682
x10 <- 0xFFEAAAAAAAAAAAAA
mem[X,0x0000000080019E38] -> 0x1513
mem[X,0x0000000080019E3A] -> 0x00A5
[3264] [M]: 0x0000000080019E38 (0x00A51513) slli a0, a0, 10
x10 <- 0xAAAAAAAAAAAAA800
mem[X,0x0000000080019E3C] -> 0x0513
mem[X,0x0000000080019E3E] -> 0x2AA5
[3265] [M]: 0x0000000080019E3C (0x2AA50513) addi a0, a0, 682
x10 <- 0xAAAAAAAAAAAAAAAA
mem[X,0x0000000080019E40] -> 0x55B7
mem[X,0x0000000080019E42] -> 0x5555
[3266] [M]: 0x0000000080019E40 (0x555555B7) lui a1, 349525
x11 <- 0x0000000055555000
mem[X,0x0000000080019E44] -> 0x8593
mem[X,0x0000000080019E46] -> 0x5555
[3267] [M]: 0x0000000080019E44 (0x55558593) addi a1, a1, 1365
x11 <- 0x0000000055555555
mem[X,0x0000000080019E48] -> 0x9593
mem[X,0x0000000080019E4A] -> 0x00B5
[3268] [M]: 0x0000000080019E48 (0x00B59593) slli a1, a1, 11
x11 <- 0x000002AAAAAAA800
mem[X,0x0000000080019E4C] -> 0x8593
mem[X,0x0000000080019E4E] -> 0x2AA5
[3269] [M]: 0x0000000080019E4C (0x2AA58593) addi a1, a1, 682
x11 <- 0x000002AAAAAAAAAA
mem[X,0x0000000080019E50] -> 0x9593
mem[X,0x0000000080019E52] -> 0x00B5
[3270] [M]: 0x0000000080019E50 (0x00B59593) slli a1, a1, 11
x11 <- 0x0015555555555000
mem[X,0x0000000080019E54] -> 0x8593
mem[X,0x0000000080019E56] -> 0x5555
[3271] [M]: 0x0000000080019E54 (0x55558593) addi a1, a1, 1365
x11 <- 0x0015555555555555
mem[X,0x0000000080019E58] -> 0x9593
mem[X,0x0000000080019E5A] -> 0x00A5
[3272] [M]: 0x0000000080019E58 (0x00A59593) slli a1, a1, 10
x11 <- 0x5555555555555400
mem[X,0x0000000080019E5C] -> 0x8593
mem[X,0x0000000080019E5E] -> 0x1545
[3273] [M]: 0x0000000080019E5C (0x15458593) addi a1, a1, 340
x11 <- 0x5555555555555554
mem[X,0x0000000080019E60] -> 0x0113
mem[X,0x0000000080019E62] -> 0x0000
[3274] [M]: 0x0000000080019E60 (0x00000113) addi sp, zero, 0
x2 <- 0x0000000000000000
mem[X,0x0000000080019E64] -> 0x006F
mem[X,0x0000000080019E66] -> 0x00C0
[3275] [M]: 0x0000000080019E64 (0x00C0006F) jal zero, 12
mem[X,0x0000000080019E70] -> 0x5063
mem[X,0x0000000080019E72] -> 0x40B5
[3276] [M]: 0x0000000080019E70 (0x40B55063) bge a0, a1, 1024
mem[X,0x0000000080019E74] -> 0x0113
mem[X,0x0000000080019E76] -> 0x0021
[3277] [M]: 0x0000000080019E74 (0x00210113) addi sp, sp, 2
x2 <- 0x0000000000000002
mem[X,0x0000000080019E78] -> 0x006F
mem[X,0x0000000080019E7A] -> 0x4000
[3278] [M]: 0x0000000080019E78 (0x4000006F) jal zero, 1024
mem[X,0x000000008001A278] -> 0xB423
mem[X,0x000000008001A27A] -> 0x6C20
[3279] [M]: 0x000000008001A278 (0x6C20B423) sd sp, 1736(ra)
mem[0x0000000080049898] <- 0x0000000000000002
mem[X,0x000000008001A27C] -> 0xB537
mem[X,0x000000008001A27E] -> 0xAAAA
[3280] [M]: 0x000000008001A27C (0xAAAAB537) lui a0, 699051
x10 <- 0xFFFFFFFFAAAAB000
mem[X,0x000000008001A280] -> 0x0513
mem[X,0x000000008001A282] -> 0xAAA5
[3281] [M]: 0x000000008001A280 (0xAAA50513) addi a0, a0, 2730
x10 <- 0xFFFFFFFFAAAAAAAA
mem[X,0x000000008001A284] -> 0x1513
mem[X,0x000000008001A286] -> 0x00B5
[3282] [M]: 0x000000008001A284 (0x00B51513) slli a0, a0, 11
x10 <- 0xFFFFFD5555555000
mem[X,0x000000008001A288] -> 0x0513
mem[X,0x000000008001A28A] -> 0x5555
[3283] [M]: 0x000000008001A288 (0x55550513) addi a0, a0, 1365
x10 <- 0xFFFFFD5555555555
mem[X,0x000000008001A28C] -> 0x1513
mem[X,0x000000008001A28E] -> 0x00B5
[3284] [M]: 0x000000008001A28C (0x00B51513) slli a0, a0, 11
x10 <- 0xFFEAAAAAAAAAA800
mem[X,0x000000008001A290] -> 0x0513
mem[X,0x000000008001A292] -> 0x2AA5
[3285] [M]: 0x000000008001A290 (0x2AA50513) addi a0, a0, 682
x10 <- 0xFFEAAAAAAAAAAAAA
mem[X,0x000000008001A294] -> 0x1513
mem[X,0x000000008001A296] -> 0x00A5
[3286] [M]: 0x000000008001A294 (0x00A51513) slli a0, a0, 10
x10 <- 0xAAAAAAAAAAAAA800
mem[X,0x000000008001A298] -> 0x0513
mem[X,0x000000008001A29A] -> 0x2AA5
[3287] [M]: 0x000000008001A298 (0x2AA50513) addi a0, a0, 682
x10 <- 0xAAAAAAAAAAAAAAAA
mem[X,0x000000008001A29C] -> 0x0593
mem[X,0x000000008001A29E] -> 0x0000
[3288] [M]: 0x000000008001A29C (0x00000593) addi a1, zero, 0
x11 <- 0x0000000000000000
mem[X,0x000000008001A2A0] -> 0x0113
mem[X,0x000000008001A2A2] -> 0x0000
[3289] [M]: 0x000000008001A2A0 (0x00000113) addi sp, zero, 0
x2 <- 0x0000000000000000
mem[X,0x000000008001A2A4] -> 0x006F
mem[X,0x000000008001A2A6] -> 0x00C0
[3290] [M]: 0x000000008001A2A4 (0x00C0006F) jal zero, 12
mem[X,0x000000008001A2B0] -> 0x5063
mem[X,0x000000008001A2B2] -> 0x04B5
[3291] [M]: 0x000000008001A2B0 (0x04B55063) bge a0, a1, 64
mem[X,0x000000008001A2B4] -> 0x0113
mem[X,0x000000008001A2B6] -> 0x0021
[3292] [M]: 0x000000008001A2B4 (0x00210113) addi sp, sp, 2
x2 <- 0x0000000000000002
mem[X,0x000000008001A2B8] -> 0x006F
mem[X,0x000000008001A2BA] -> 0x0400
[3293] [M]: 0x000000008001A2B8 (0x0400006F) jal zero, 64
mem[X,0x000000008001A2F8] -> 0xB823
mem[X,0x000000008001A2FA] -> 0x6C20
[3294] [M]: 0x000000008001A2F8 (0x6C20B823) sd sp, 1744(ra)
mem[0x00000000800498A0] <- 0x0000000000000002
mem[X,0x000000008001A2FC] -> 0xB537
mem[X,0x000000008001A2FE] -> 0xAAAA
[3295] [M]: 0x000000008001A2FC (0xAAAAB537) lui a0, 699051
x10 <- 0xFFFFFFFFAAAAB000
mem[X,0x000000008001A300] -> 0x0513
mem[X,0x000000008001A302] -> 0xAAA5
[3296] [M]: 0x000000008001A300 (0xAAA50513) addi a0, a0, 2730
x10 <- 0xFFFFFFFFAAAAAAAA
mem[X,0x000000008001A304] -> 0x1513
mem[X,0x000000008001A306] -> 0x00B5
[3297] [M]: 0x000000008001A304 (0x00B51513) slli a0, a0, 11
x10 <- 0xFFFFFD5555555000
mem[X,0x000000008001A308] -> 0x0513
mem[X,0x000000008001A30A] -> 0x5555
[3298] [M]: 0x000000008001A308 (0x55550513) addi a0, a0, 1365
x10 <- 0xFFFFFD5555555555
mem[X,0x000000008001A30C] -> 0x1513
mem[X,0x000000008001A30E] -> 0x00B5
[3299] [M]: 0x000000008001A30C (0x00B51513) slli a0, a0, 11
x10 <- 0xFFEAAAAAAAAAA800
clint::tick mtime <- 0x0000000000000021
 clint timer pending at mtime 0x0000000000000021
htif::tick 0x0000000000000000
mem[X,0x000000008001A310] -> 0x0513
mem[X,0x000000008001A312] -> 0x2AA5
[3300] [M]: 0x000000008001A310 (0x2AA50513) addi a0, a0, 682
x10 <- 0xFFEAAAAAAAAAAAAA
mem[X,0x000000008001A314] -> 0x1513
mem[X,0x000000008001A316] -> 0x00A5
[3301] [M]: 0x000000008001A314 (0x00A51513) slli a0, a0, 10
x10 <- 0xAAAAAAAAAAAAA800
mem[X,0x000000008001A318] -> 0x0513
mem[X,0x000000008001A31A] -> 0x2AA5
[3302] [M]: 0x000000008001A318 (0x2AA50513) addi a0, a0, 682
x10 <- 0xAAAAAAAAAAAAAAAA
mem[X,0x000000008001A31C] -> 0x0593
mem[X,0x000000008001A31E] -> 0x0040
[3303] [M]: 0x000000008001A31C (0x00400593) addi a1, zero, 4
x11 <- 0x0000000000000004
mem[X,0x000000008001A320] -> 0x0113
mem[X,0x000000008001A322] -> 0x0000
[3304] [M]: 0x000000008001A320 (0x00000113) addi sp, zero, 0
x2 <- 0x0000000000000000
mem[X,0x000000008001A324] -> 0x006F
mem[X,0x000000008001A326] -> 0x00C0
[3305] [M]: 0x000000008001A324 (0x00C0006F) jal zero, 12
mem[X,0x000000008001A330] -> 0x5CE3
mem[X,0x000000008001A332] -> 0xFEB5
[3306] [M]: 0x000000008001A330 (0xFEB55CE3) bge a0, a1, 8184
mem[X,0x000000008001A334] -> 0x0113
mem[X,0x000000008001A336] -> 0x0021
[3307] [M]: 0x000000008001A334 (0x00210113) addi sp, sp, 2
x2 <- 0x0000000000000002
mem[X,0x000000008001A338] -> 0x006F
mem[X,0x000000008001A33A] -> 0x00C0
[3308] [M]: 0x000000008001A338 (0x00C0006F) jal zero, 12
mem[X,0x000000008001A344] -> 0xBC23
mem[X,0x000000008001A346] -> 0x6C20
[3309] [M]: 0x000000008001A344 (0x6C20BC23) sd sp, 1752(ra)
mem[0x00000000800498A8] <- 0x0000000000000002
mem[X,0x000000008001A348] -> 0xB537
mem[X,0x000000008001A34A] -> 0xAAAA
[3310] [M]: 0x000000008001A348 (0xAAAAB537) lui a0, 699051
x10 <- 0xFFFFFFFFAAAAB000
mem[X,0x000000008001A34C] -> 0x0513
mem[X,0x000000008001A34E] -> 0xAAA5
[3311] [M]: 0x000000008001A34C (0xAAA50513) addi a0, a0, 2730
x10 <- 0xFFFFFFFFAAAAAAAA
mem[X,0x000000008001A350] -> 0x1513
mem[X,0x000000008001A352] -> 0x00B5
[3312] [M]: 0x000000008001A350 (0x00B51513) slli a0, a0, 11
x10 <- 0xFFFFFD5555555000
mem[X,0x000000008001A354] -> 0x0513
mem[X,0x000000008001A356] -> 0x5555
[3313] [M]: 0x000000008001A354 (0x55550513) addi a0, a0, 1365
x10 <- 0xFFFFFD5555555555
mem[X,0x000000008001A358] -> 0x1513
mem[X,0x000000008001A35A] -> 0x00B5
[3314] [M]: 0x000000008001A358 (0x00B51513) slli a0, a0, 11
x10 <- 0xFFEAAAAAAAAAA800
mem[X,0x000000008001A35C] -> 0x0513
mem[X,0x000000008001A35E] -> 0x2AA5
[3315] [M]: 0x000000008001A35C (0x2AA50513) addi a0, a0, 682
x10 <- 0xFFEAAAAAAAAAAAAA
mem[X,0x000000008001A360] -> 0x1513
mem[X,0x000000008001A362] -> 0x00A5
[3316] [M]: 0x000000008001A360 (0x00A51513) slli a0, a0, 10
x10 <- 0xAAAAAAAAAAAAA800
mem[X,0x000000008001A364] -> 0x0513
mem[X,0x000000008001A366] -> 0x2AA5
[3317] [M]: 0x000000008001A364 (0x2AA50513) addi a0, a0, 682
x10 <- 0xAAAAAAAAAAAAAAAA
mem[X,0x000000008001A368] -> 0x35B7
mem[X,0x000000008001A36A] -> 0x3333
[3318] [M]: 0x000000008001A368 (0x333335B7) lui a1, 209715
x11 <- 0x0000000033333000
mem[X,0x000000008001A36C] -> 0x8593
mem[X,0x000000008001A36E] -> 0x3335
[3319] [M]: 0x000000008001A36C (0x33358593) addi a1, a1, 819
x11 <- 0x0000000033333333
mem[X,0x000000008001A370] -> 0x9593
mem[X,0x000000008001A372] -> 0x00B5
[3320] [M]: 0x000000008001A370 (0x00B59593) slli a1, a1, 11
x11 <- 0x0000019999999800
mem[X,0x000000008001A374] -> 0x8593
mem[X,0x000000008001A376] -> 0x1995
[3321] [M]: 0x000000008001A374 (0x19958593) addi a1, a1, 409
x11 <- 0x0000019999999999
mem[X,0x000000008001A378] -> 0x9593
mem[X,0x000000008001A37A] -> 0x00B5
[3322] [M]: 0x000000008001A378 (0x00B59593) slli a1, a1, 11
x11 <- 0x000CCCCCCCCCC800
mem[X,0x000000008001A37C] -> 0x8593
mem[X,0x000000008001A37E] -> 0x4CC5
[3323] [M]: 0x000000008001A37C (0x4CC58593) addi a1, a1, 1228
x11 <- 0x000CCCCCCCCCCCCC
mem[X,0x000000008001A380] -> 0x9593
mem[X,0x000000008001A382] -> 0x00A5
[3324] [M]: 0x000000008001A380 (0x00A59593) slli a1, a1, 10
x11 <- 0x3333333333333000
mem[X,0x000000008001A384] -> 0x8593
mem[X,0x000000008001A386] -> 0x3325
[3325] [M]: 0x000000008001A384 (0x33258593) addi a1, a1, 818
x11 <- 0x3333333333333332
mem[X,0x000000008001A388] -> 0x0113
mem[X,0x000000008001A38A] -> 0x0000
[3326] [M]: 0x000000008001A388 (0x00000113) addi sp, zero, 0
x2 <- 0x0000000000000000
mem[X,0x000000008001A38C] -> 0x006F
mem[X,0x000000008001A38E] -> 0x0050
[3327] [M]: 0x000000008001A38C (0x0050006F) jal zero, 2052
mem[X,0x000000008001AB90] -> 0x50E3
mem[X,0x000000008001AB92] -> 0x80B5
[3328] [M]: 0x000000008001AB90 (0x80B550E3) bge a0, a1, 6144
mem[X,0x000000008001AB94] -> 0x0113
mem[X,0x000000008001AB96] -> 0x0021
[3329] [M]: 0x000000008001AB94 (0x00210113) addi sp, sp, 2
x2 <- 0x0000000000000002
mem[X,0x000000008001AB98] -> 0x006F
mem[X,0x000000008001AB9A] -> 0x00C0
[3330] [M]: 0x000000008001AB98 (0x00C0006F) jal zero, 12
mem[X,0x000000008001ABA4] -> 0xB023
mem[X,0x000000008001ABA6] -> 0x6E20
[3331] [M]: 0x000000008001ABA4 (0x6E20B023) sd sp, 1760(ra)
mem[0x00000000800498B0] <- 0x0000000000000002
mem[X,0x000000008001ABA8] -> 0xB537
mem[X,0x000000008001ABAA] -> 0xAAAA
[3332] [M]: 0x000000008001ABA8 (0xAAAAB537) lui a0, 699051
x10 <- 0xFFFFFFFFAAAAB000
mem[X,0x000000008001ABAC] -> 0x0513
mem[X,0x000000008001ABAE] -> 0xAAA5
[3333] [M]: 0x000000008001ABAC (0xAAA50513) addi a0, a0, 2730
x10 <- 0xFFFFFFFFAAAAAAAA
mem[X,0x000000008001ABB0] -> 0x1513
mem[X,0x000000008001ABB2] -> 0x00B5
[3334] [M]: 0x000000008001ABB0 (0x00B51513) slli a0, a0, 11
x10 <- 0xFFFFFD5555555000
mem[X,0x000000008001ABB4] -> 0x0513
mem[X,0x000000008001ABB6] -> 0x5555
[3335] [M]: 0x000000008001ABB4 (0x55550513) addi a0, a0, 1365
x10 <- 0xFFFFFD5555555555
mem[X,0x000000008001ABB8] -> 0x1513
mem[X,0x000000008001ABBA] -> 0x00B5
[3336] [M]: 0x000000008001ABB8 (0x00B51513) slli a0, a0, 11
x10 <- 0xFFEAAAAAAAAAA800
mem[X,0x000000008001ABBC] -> 0x0513
mem[X,0x000000008001ABBE] -> 0x2AA5
[3337] [M]: 0x000000008001ABBC (0x2AA50513) addi a0, a0, 682
x10 <- 0xFFEAAAAAAAAAAAAA
mem[X,0x000000008001ABC0] -> 0x1513
mem[X,0x000000008001ABC2] -> 0x00A5
[3338] [M]: 0x000000008001ABC0 (0x00A51513) slli a0, a0, 10
x10 <- 0xAAAAAAAAAAAAA800
mem[X,0x000000008001ABC4] -> 0x0513
mem[X,0x000000008001ABC6] -> 0x2AA5
[3339] [M]: 0x000000008001ABC4 (0x2AA50513) addi a0, a0, 682
x10 <- 0xAAAAAAAAAAAAAAAA
mem[X,0x000000008001ABC8] -> 0x65B7
mem[X,0x000000008001ABCA] -> 0x6666
[3340] [M]: 0x000000008001ABC8 (0x666665B7) lui a1, 419430
x11 <- 0x0000000066666000
mem[X,0x000000008001ABCC] -> 0x8593
mem[X,0x000000008001ABCE] -> 0x6665
[3341] [M]: 0x000000008001ABCC (0x66658593) addi a1, a1, 1638
x11 <- 0x0000000066666666
mem[X,0x000000008001ABD0] -> 0x9593
mem[X,0x000000008001ABD2] -> 0x00B5
[3342] [M]: 0x000000008001ABD0 (0x00B59593) slli a1, a1, 11
x11 <- 0x0000033333333000
mem[X,0x000000008001ABD4] -> 0x8593
mem[X,0x000000008001ABD6] -> 0x3335
[3343] [M]: 0x000000008001ABD4 (0x33358593) addi a1, a1, 819
x11 <- 0x0000033333333333
mem[X,0x000000008001ABD8] -> 0x9593
mem[X,0x000000008001ABDA] -> 0x00B5
[3344] [M]: 0x000000008001ABD8 (0x00B59593) slli a1, a1, 11
x11 <- 0x0019999999999800
mem[X,0x000000008001ABDC] -> 0x8593
mem[X,0x000000008001ABDE] -> 0x1995
[3345] [M]: 0x000000008001ABDC (0x19958593) addi a1, a1, 409
x11 <- 0x0019999999999999
mem[X,0x000000008001ABE0] -> 0x9593
mem[X,0x000000008001ABE2] -> 0x00A5
[3346] [M]: 0x000000008001ABE0 (0x00A59593) slli a1, a1, 10
x11 <- 0x6666666666666400
mem[X,0x000000008001ABE4] -> 0x8593
mem[X,0x000000008001ABE6] -> 0x2655
[3347] [M]: 0x000000008001ABE4 (0x26558593) addi a1, a1, 613
x11 <- 0x6666666666666665
mem[X,0x000000008001ABE8] -> 0x0113
mem[X,0x000000008001ABEA] -> 0x0000
[3348] [M]: 0x000000008001ABE8 (0x00000113) addi sp, zero, 0
x2 <- 0x0000000000000000
mem[X,0x000000008001ABEC] -> 0x006F
mem[X,0x000000008001ABEE] -> 0x00C0
[3349] [M]: 0x000000008001ABEC (0x00C0006F) jal zero, 12
mem[X,0x000000008001ABF8] -> 0x5CE3
mem[X,0x000000008001ABFA] -> 0xFEB5
[3350] [M]: 0x000000008001ABF8 (0xFEB55CE3) bge a0, a1, 8184
mem[X,0x000000008001ABFC] -> 0x0113
mem[X,0x000000008001ABFE] -> 0x0021
[3351] [M]: 0x000000008001ABFC (0x00210113) addi sp, sp, 2
x2 <- 0x0000000000000002
mem[X,0x000000008001AC00] -> 0x006F
mem[X,0x000000008001AC02] -> 0x00C0
[3352] [M]: 0x000000008001AC00 (0x00C0006F) jal zero, 12
mem[X,0x000000008001AC0C] -> 0xB423
mem[X,0x000000008001AC0E] -> 0x6E20
[3353] [M]: 0x000000008001AC0C (0x6E20B423) sd sp, 1768(ra)
mem[0x00000000800498B8] <- 0x0000000000000002
mem[X,0x000000008001AC10] -> 0xB537
mem[X,0x000000008001AC12] -> 0xAAAA
[3354] [M]: 0x000000008001AC10 (0xAAAAB537) lui a0, 699051
x10 <- 0xFFFFFFFFAAAAB000
mem[X,0x000000008001AC14] -> 0x0513
mem[X,0x000000008001AC16] -> 0xAAA5
[3355] [M]: 0x000000008001AC14 (0xAAA50513) addi a0, a0, 2730
x10 <- 0xFFFFFFFFAAAAAAAA
mem[X,0x000000008001AC18] -> 0x1513
mem[X,0x000000008001AC1A] -> 0x00B5
[3356] [M]: 0x000000008001AC18 (0x00B51513) slli a0, a0, 11
x10 <- 0xFFFFFD5555555000
mem[X,0x000000008001AC1C] -> 0x0513
mem[X,0x000000008001AC1E] -> 0x5555
[3357] [M]: 0x000000008001AC1C (0x55550513) addi a0, a0, 1365
x10 <- 0xFFFFFD5555555555
mem[X,0x000000008001AC20] -> 0x1513
mem[X,0x000000008001AC22] -> 0x00B5
[3358] [M]: 0x000000008001AC20 (0x00B51513) slli a0, a0, 11
x10 <- 0xFFEAAAAAAAAAA800
mem[X,0x000000008001AC24] -> 0x0513
mem[X,0x000000008001AC26] -> 0x2AA5
[3359] [M]: 0x000000008001AC24 (0x2AA50513) addi a0, a0, 682
x10 <- 0xFFEAAAAAAAAAAAAA
mem[X,0x000000008001AC28] -> 0x1513
mem[X,0x000000008001AC2A] -> 0x00A5
[3360] [M]: 0x000000008001AC28 (0x00A51513) slli a0, a0, 10
x10 <- 0xAAAAAAAAAAAAA800
mem[X,0x000000008001AC2C] -> 0x0513
mem[X,0x000000008001AC2E] -> 0x2AA5
[3361] [M]: 0x000000008001AC2C (0x2AA50513) addi a0, a0, 682
x10 <- 0xAAAAAAAAAAAAAAAA
mem[X,0x000000008001AC30] -> 0x05B7
mem[X,0x000000008001AC32] -> 0x0000
[3362] [M]: 0x000000008001AC30 (0x000005B7) lui a1, 0
x11 <- 0x0000000000000000
mem[X,0x000000008001AC34] -> 0x8593
mem[X,0x000000008001AC36] -> 0x0005
[3363] [M]: 0x000000008001AC34 (0x00058593) addi a1, a1, 0
x11 <- 0x0000000000000000
mem[X,0x000000008001AC38] -> 0x9593
mem[X,0x000000008001AC3A] -> 0x00B5
[3364] [M]: 0x000000008001AC38 (0x00B59593) slli a1, a1, 11
x11 <- 0x0000000000000000
mem[X,0x000000008001AC3C] -> 0x8593
mem[X,0x000000008001AC3E] -> 0x5A85
[3365] [M]: 0x000000008001AC3C (0x5A858593) addi a1, a1, 1448
x11 <- 0x00000000000005A8
mem[X,0x000000008001AC40] -> 0x9593
mem[X,0x000000008001AC42] -> 0x00B5
[3366] [M]: 0x000000008001AC40 (0x00B59593) slli a1, a1, 11
x11 <- 0x00000000002D4000
mem[X,0x000000008001AC44] -> 0x8593
mem[X,0x000000008001AC46] -> 0x13C5
[3367] [M]: 0x000000008001AC44 (0x13C58593) addi a1, a1, 316
x11 <- 0x00000000002D413C
mem[X,0x000000008001AC48] -> 0x9593
mem[X,0x000000008001AC4A] -> 0x00A5
[3368] [M]: 0x000000008001AC48 (0x00A59593) slli a1, a1, 10
x11 <- 0x00000000B504F000
mem[X,0x000000008001AC4C] -> 0x8593
mem[X,0x000000008001AC4E] -> 0x3325
[3369] [M]: 0x000000008001AC4C (0x33258593) addi a1, a1, 818
x11 <- 0x00000000B504F332
mem[X,0x000000008001AC50] -> 0x0113
mem[X,0x000000008001AC52] -> 0x0000
[3370] [M]: 0x000000008001AC50 (0x00000113) addi sp, zero, 0
x2 <- 0x0000000000000000
mem[X,0x000000008001AC54] -> 0x006F
mem[X,0x000000008001AC56] -> 0x00C0
[3371] [M]: 0x000000008001AC54 (0x00C0006F) jal zero, 12
mem[X,0x000000008001AC60] -> 0x5CE3
mem[X,0x000000008001AC62] -> 0xFEB5
[3372] [M]: 0x000000008001AC60 (0xFEB55CE3) bge a0, a1, 8184
mem[X,0x000000008001AC64] -> 0x0113
mem[X,0x000000008001AC66] -> 0x0021
[3373] [M]: 0x000000008001AC64 (0x00210113) addi sp, sp, 2
x2 <- 0x0000000000000002
mem[X,0x000000008001AC68] -> 0x006F
mem[X,0x000000008001AC6A] -> 0x00C0
[3374] [M]: 0x000000008001AC68 (0x00C0006F) jal zero, 12
mem[X,0x000000008001AC74] -> 0xB823
mem[X,0x000000008001AC76] -> 0x6E20
[3375] [M]: 0x000000008001AC74 (0x6E20B823) sd sp, 1776(ra)
mem[0x00000000800498C0] <- 0x0000000000000002
mem[X,0x000000008001AC78] -> 0xB537
mem[X,0x000000008001AC7A] -> 0xAAAA
[3376] [M]: 0x000000008001AC78 (0xAAAAB537) lui a0, 699051
x10 <- 0xFFFFFFFFAAAAB000
mem[X,0x000000008001AC7C] -> 0x0513
mem[X,0x000000008001AC7E] -> 0xAAA5
[3377] [M]: 0x000000008001AC7C (0xAAA50513) addi a0, a0, 2730
x10 <- 0xFFFFFFFFAAAAAAAA
mem[X,0x000000008001AC80] -> 0x1513
mem[X,0x000000008001AC82] -> 0x00B5
[3378] [M]: 0x000000008001AC80 (0x00B51513) slli a0, a0, 11
x10 <- 0xFFFFFD5555555000
mem[X,0x000000008001AC84] -> 0x0513
mem[X,0x000000008001AC86] -> 0x5555
[3379] [M]: 0x000000008001AC84 (0x55550513) addi a0, a0, 1365
x10 <- 0xFFFFFD5555555555
mem[X,0x000000008001AC88] -> 0x1513
mem[X,0x000000008001AC8A] -> 0x00B5
[3380] [M]: 0x000000008001AC88 (0x00B51513) slli a0, a0, 11
x10 <- 0xFFEAAAAAAAAAA800
mem[X,0x000000008001AC8C] -> 0x0513
mem[X,0x000000008001AC8E] -> 0x2AA5
[3381] [M]: 0x000000008001AC8C (0x2AA50513) addi a0, a0, 682
x10 <- 0xFFEAAAAAAAAAAAAA
mem[X,0x000000008001AC90] -> 0x1513
mem[X,0x000000008001AC92] -> 0x00A5
[3382] [M]: 0x000000008001AC90 (0x00A51513) slli a0, a0, 10
x10 <- 0xAAAAAAAAAAAAA800
mem[X,0x000000008001AC94] -> 0x0513
mem[X,0x000000008001AC96] -> 0x2AA5
[3383] [M]: 0x000000008001AC94 (0x2AA50513) addi a0, a0, 682
x10 <- 0xAAAAAAAAAAAAAAAA
mem[X,0x000000008001AC98] -> 0x55B7
mem[X,0x000000008001AC9A] -> 0x5555
[3384] [M]: 0x000000008001AC98 (0x555555B7) lui a1, 349525
x11 <- 0x0000000055555000
mem[X,0x000000008001AC9C] -> 0x8593
mem[X,0x000000008001AC9E] -> 0x5555
[3385] [M]: 0x000000008001AC9C (0x55558593) addi a1, a1, 1365
x11 <- 0x0000000055555555
mem[X,0x000000008001ACA0] -> 0x9593
mem[X,0x000000008001ACA2] -> 0x00B5
[3386] [M]: 0x000000008001ACA0 (0x00B59593) slli a1, a1, 11
x11 <- 0x000002AAAAAAA800
mem[X,0x000000008001ACA4] -> 0x8593
mem[X,0x000000008001ACA6] -> 0x2AA5
[3387] [M]: 0x000000008001ACA4 (0x2AA58593) addi a1, a1, 682
x11 <- 0x000002AAAAAAAAAA
mem[X,0x000000008001ACA8] -> 0x9593
mem[X,0x000000008001ACAA] -> 0x00B5
[3388] [M]: 0x000000008001ACA8 (0x00B59593) slli a1, a1, 11
x11 <- 0x0015555555555000
mem[X,0x000000008001ACAC] -> 0x8593
mem[X,0x000000008001ACAE] -> 0x5555
[3389] [M]: 0x000000008001ACAC (0x55558593) addi a1, a1, 1365
x11 <- 0x0015555555555555
mem[X,0x000000008001ACB0] -> 0x9593
mem[X,0x000000008001ACB2] -> 0x00A5
[3390] [M]: 0x000000008001ACB0 (0x00A59593) slli a1, a1, 10
x11 <- 0x5555555555555400
mem[X,0x000000008001ACB4] -> 0x8593
mem[X,0x000000008001ACB6] -> 0x1565
[3391] [M]: 0x000000008001ACB4 (0x15658593) addi a1, a1, 342
x11 <- 0x5555555555555556
mem[X,0x000000008001ACB8] -> 0x0113
mem[X,0x000000008001ACBA] -> 0x0000
[3392] [M]: 0x000000008001ACB8 (0x00000113) addi sp, zero, 0
x2 <- 0x0000000000000000
mem[X,0x000000008001ACBC] -> 0x006F
mem[X,0x000000008001ACBE] -> 0x00C0
[3393] [M]: 0x000000008001ACBC (0x00C0006F) jal zero, 12
mem[X,0x000000008001ACC8] -> 0x5663
mem[X,0x000000008001ACCA] -> 0x00B5
[3394] [M]: 0x000000008001ACC8 (0x00B55663) bge a0, a1, 12
mem[X,0x000000008001ACCC] -> 0x0113
mem[X,0x000000008001ACCE] -> 0x0021
[3395] [M]: 0x000000008001ACCC (0x00210113) addi sp, sp, 2
x2 <- 0x0000000000000002
mem[X,0x000000008001ACD0] -> 0x006F
mem[X,0x000000008001ACD2] -> 0x00C0
[3396] [M]: 0x000000008001ACD0 (0x00C0006F) jal zero, 12
mem[X,0x000000008001ACDC] -> 0xBC23
mem[X,0x000000008001ACDE] -> 0x6E20
[3397] [M]: 0x000000008001ACDC (0x6E20BC23) sd sp, 1784(ra)
mem[0x00000000800498C8] <- 0x0000000000000002
mem[X,0x000000008001ACE0] -> 0xB537
mem[X,0x000000008001ACE2] -> 0xAAAA
[3398] [M]: 0x000000008001ACE0 (0xAAAAB537) lui a0, 699051
x10 <- 0xFFFFFFFFAAAAB000
mem[X,0x000000008001ACE4] -> 0x0513
mem[X,0x000000008001ACE6] -> 0xAAA5
[3399] [M]: 0x000000008001ACE4 (0xAAA50513) addi a0, a0, 2730
x10 <- 0xFFFFFFFFAAAAAAAA
clint::tick mtime <- 0x0000000000000022
 clint timer pending at mtime 0x0000000000000022
htif::tick 0x0000000000000000
mem[X,0x000000008001ACE8] -> 0x1513
mem[X,0x000000008001ACEA] -> 0x00B5
[3400] [M]: 0x000000008001ACE8 (0x00B51513) slli a0, a0, 11
x10 <- 0xFFFFFD5555555000
mem[X,0x000000008001ACEC] -> 0x0513
mem[X,0x000000008001ACEE] -> 0x5555
[3401] [M]: 0x000000008001ACEC (0x55550513) addi a0, a0, 1365
x10 <- 0xFFFFFD5555555555
mem[X,0x000000008001ACF0] -> 0x1513
mem[X,0x000000008001ACF2] -> 0x00B5
[3402] [M]: 0x000000008001ACF0 (0x00B51513) slli a0, a0, 11
x10 <- 0xFFEAAAAAAAAAA800
mem[X,0x000000008001ACF4] -> 0x0513
mem[X,0x000000008001ACF6] -> 0x2AA5
[3403] [M]: 0x000000008001ACF4 (0x2AA50513) addi a0, a0, 682
x10 <- 0xFFEAAAAAAAAAAAAA
mem[X,0x000000008001ACF8] -> 0x1513
mem[X,0x000000008001ACFA] -> 0x00A5
[3404] [M]: 0x000000008001ACF8 (0x00A51513) slli a0, a0, 10
x10 <- 0xAAAAAAAAAAAAA800
mem[X,0x000000008001ACFC] -> 0x0513
mem[X,0x000000008001ACFE] -> 0x2AA5
[3405] [M]: 0x000000008001ACFC (0x2AA50513) addi a0, a0, 682
x10 <- 0xAAAAAAAAAAAAAAAA
mem[X,0x000000008001AD00] -> 0xB5B7
mem[X,0x000000008001AD02] -> 0xAAAA
[3406] [M]: 0x000000008001AD00 (0xAAAAB5B7) lui a1, 699051
x11 <- 0xFFFFFFFFAAAAB000
mem[X,0x000000008001AD04] -> 0x8593
mem[X,0x000000008001AD06] -> 0xAAA5
[3407] [M]: 0x000000008001AD04 (0xAAA58593) addi a1, a1, 2730
x11 <- 0xFFFFFFFFAAAAAAAA
mem[X,0x000000008001AD08] -> 0x9593
mem[X,0x000000008001AD0A] -> 0x00B5
[3408] [M]: 0x000000008001AD08 (0x00B59593) slli a1, a1, 11
x11 <- 0xFFFFFD5555555000
mem[X,0x000000008001AD0C] -> 0x8593
mem[X,0x000000008001AD0E] -> 0x5555
[3409] [M]: 0x000000008001AD0C (0x55558593) addi a1, a1, 1365
x11 <- 0xFFFFFD5555555555
mem[X,0x000000008001AD10] -> 0x9593
mem[X,0x000000008001AD12] -> 0x00B5
[3410] [M]: 0x000000008001AD10 (0x00B59593) slli a1, a1, 11
x11 <- 0xFFEAAAAAAAAAA800
mem[X,0x000000008001AD14] -> 0x8593
mem[X,0x000000008001AD16] -> 0x2AA5
[3411] [M]: 0x000000008001AD14 (0x2AA58593) addi a1, a1, 682
x11 <- 0xFFEAAAAAAAAAAAAA
mem[X,0x000000008001AD18] -> 0x9593
mem[X,0x000000008001AD1A] -> 0x00A5
[3412] [M]: 0x000000008001AD18 (0x00A59593) slli a1, a1, 10
x11 <- 0xAAAAAAAAAAAAA800
mem[X,0x000000008001AD1C] -> 0x8593
mem[X,0x000000008001AD1E] -> 0x2AB5
[3413] [M]: 0x000000008001AD1C (0x2AB58593) addi a1, a1, 683
x11 <- 0xAAAAAAAAAAAAAAAB
mem[X,0x000000008001AD20] -> 0x0113
mem[X,0x000000008001AD22] -> 0x0000
[3414] [M]: 0x000000008001AD20 (0x00000113) addi sp, zero, 0
x2 <- 0x0000000000000000
mem[X,0x000000008001AD24] -> 0x006F
mem[X,0x000000008001AD26] -> 0x00C0
[3415] [M]: 0x000000008001AD24 (0x00C0006F) jal zero, 12
mem[X,0x000000008001AD30] -> 0x5063
mem[X,0x000000008001AD32] -> 0x10B5
[3416] [M]: 0x000000008001AD30 (0x10B55063) bge a0, a1, 256
mem[X,0x000000008001AD34] -> 0x0113
mem[X,0x000000008001AD36] -> 0x0021
[3417] [M]: 0x000000008001AD34 (0x00210113) addi sp, sp, 2
x2 <- 0x0000000000000002
mem[X,0x000000008001AD38] -> 0x006F
mem[X,0x000000008001AD3A] -> 0x1000
[3418] [M]: 0x000000008001AD38 (0x1000006F) jal zero, 256
mem[X,0x000000008001AE38] -> 0xB023
mem[X,0x000000008001AE3A] -> 0x7020
[3419] [M]: 0x000000008001AE38 (0x7020B023) sd sp, 1792(ra)
mem[0x00000000800498D0] <- 0x0000000000000002
mem[X,0x000000008001AE3C] -> 0xB537
mem[X,0x000000008001AE3E] -> 0xAAAA
[3420] [M]: 0x000000008001AE3C (0xAAAAB537) lui a0, 699051
x10 <- 0xFFFFFFFFAAAAB000
mem[X,0x000000008001AE40] -> 0x0513
mem[X,0x000000008001AE42] -> 0xAAA5
[3421] [M]: 0x000000008001AE40 (0xAAA50513) addi a0, a0, 2730
x10 <- 0xFFFFFFFFAAAAAAAA
mem[X,0x000000008001AE44] -> 0x1513
mem[X,0x000000008001AE46] -> 0x00B5
[3422] [M]: 0x000000008001AE44 (0x00B51513) slli a0, a0, 11
x10 <- 0xFFFFFD5555555000
mem[X,0x000000008001AE48] -> 0x0513
mem[X,0x000000008001AE4A] -> 0x5555
[3423] [M]: 0x000000008001AE48 (0x55550513) addi a0, a0, 1365
x10 <- 0xFFFFFD5555555555
mem[X,0x000000008001AE4C] -> 0x1513
mem[X,0x000000008001AE4E] -> 0x00B5
[3424] [M]: 0x000000008001AE4C (0x00B51513) slli a0, a0, 11
x10 <- 0xFFEAAAAAAAAAA800
mem[X,0x000000008001AE50] -> 0x0513
mem[X,0x000000008001AE52] -> 0x2AA5
[3425] [M]: 0x000000008001AE50 (0x2AA50513) addi a0, a0, 682
x10 <- 0xFFEAAAAAAAAAAAAA
mem[X,0x000000008001AE54] -> 0x1513
mem[X,0x000000008001AE56] -> 0x00A5
[3426] [M]: 0x000000008001AE54 (0x00A51513) slli a0, a0, 10
x10 <- 0xAAAAAAAAAAAAA800
mem[X,0x000000008001AE58] -> 0x0513
mem[X,0x000000008001AE5A] -> 0x2AA5
[3427] [M]: 0x000000008001AE58 (0x2AA50513) addi a0, a0, 682
x10 <- 0xAAAAAAAAAAAAAAAA
mem[X,0x000000008001AE5C] -> 0x0593
mem[X,0x000000008001AE5E] -> 0x0060
[3428] [M]: 0x000000008001AE5C (0x00600593) addi a1, zero, 6
x11 <- 0x0000000000000006
mem[X,0x000000008001AE60] -> 0x0113
mem[X,0x000000008001AE62] -> 0x0000
[3429] [M]: 0x000000008001AE60 (0x00000113) addi sp, zero, 0
x2 <- 0x0000000000000000
mem[X,0x000000008001AE64] -> 0x006F
mem[X,0x000000008001AE66] -> 0x00C0
[3430] [M]: 0x000000008001AE64 (0x00C0006F) jal zero, 12
mem[X,0x000000008001AE70] -> 0x5663
mem[X,0x000000008001AE72] -> 0x00B5
[3431] [M]: 0x000000008001AE70 (0x00B55663) bge a0, a1, 12
mem[X,0x000000008001AE74] -> 0x0113
mem[X,0x000000008001AE76] -> 0x0021
[3432] [M]: 0x000000008001AE74 (0x00210113) addi sp, sp, 2
x2 <- 0x0000000000000002
mem[X,0x000000008001AE78] -> 0x006F
mem[X,0x000000008001AE7A] -> 0x00C0
[3433] [M]: 0x000000008001AE78 (0x00C0006F) jal zero, 12
mem[X,0x000000008001AE84] -> 0xB423
mem[X,0x000000008001AE86] -> 0x7020
[3434] [M]: 0x000000008001AE84 (0x7020B423) sd sp, 1800(ra)
mem[0x00000000800498D8] <- 0x0000000000000002
mem[X,0x000000008001AE88] -> 0xB537
mem[X,0x000000008001AE8A] -> 0xAAAA
[3435] [M]: 0x000000008001AE88 (0xAAAAB537) lui a0, 699051
x10 <- 0xFFFFFFFFAAAAB000
mem[X,0x000000008001AE8C] -> 0x0513
mem[X,0x000000008001AE8E] -> 0xAAA5
[3436] [M]: 0x000000008001AE8C (0xAAA50513) addi a0, a0, 2730
x10 <- 0xFFFFFFFFAAAAAAAA
mem[X,0x000000008001AE90] -> 0x1513
mem[X,0x000000008001AE92] -> 0x00B5
[3437] [M]: 0x000000008001AE90 (0x00B51513) slli a0, a0, 11
x10 <- 0xFFFFFD5555555000
mem[X,0x000000008001AE94] -> 0x0513
mem[X,0x000000008001AE96] -> 0x5555
[3438] [M]: 0x000000008001AE94 (0x55550513) addi a0, a0, 1365
x10 <- 0xFFFFFD5555555555
mem[X,0x000000008001AE98] -> 0x1513
mem[X,0x000000008001AE9A] -> 0x00B5
[3439] [M]: 0x000000008001AE98 (0x00B51513) slli a0, a0, 11
x10 <- 0xFFEAAAAAAAAAA800
mem[X,0x000000008001AE9C] -> 0x0513
mem[X,0x000000008001AE9E] -> 0x2AA5
[3440] [M]: 0x000000008001AE9C (0x2AA50513) addi a0, a0, 682
x10 <- 0xFFEAAAAAAAAAAAAA
mem[X,0x000000008001AEA0] -> 0x1513
mem[X,0x000000008001AEA2] -> 0x00A5
[3441] [M]: 0x000000008001AEA0 (0x00A51513) slli a0, a0, 10
x10 <- 0xAAAAAAAAAAAAA800
mem[X,0x000000008001AEA4] -> 0x0513
mem[X,0x000000008001AEA6] -> 0x2AA5
[3442] [M]: 0x000000008001AEA4 (0x2AA50513) addi a0, a0, 682
x10 <- 0xAAAAAAAAAAAAAAAA
mem[X,0x000000008001AEA8] -> 0x35B7
mem[X,0x000000008001AEAA] -> 0x3333
[3443] [M]: 0x000000008001AEA8 (0x333335B7) lui a1, 209715
x11 <- 0x0000000033333000
mem[X,0x000000008001AEAC] -> 0x8593
mem[X,0x000000008001AEAE] -> 0x3335
[3444] [M]: 0x000000008001AEAC (0x33358593) addi a1, a1, 819
x11 <- 0x0000000033333333
mem[X,0x000000008001AEB0] -> 0x9593
mem[X,0x000000008001AEB2] -> 0x00B5
[3445] [M]: 0x000000008001AEB0 (0x00B59593) slli a1, a1, 11
x11 <- 0x0000019999999800
mem[X,0x000000008001AEB4] -> 0x8593
mem[X,0x000000008001AEB6] -> 0x1995
[3446] [M]: 0x000000008001AEB4 (0x19958593) addi a1, a1, 409
x11 <- 0x0000019999999999
mem[X,0x000000008001AEB8] -> 0x9593
mem[X,0x000000008001AEBA] -> 0x00B5
[3447] [M]: 0x000000008001AEB8 (0x00B59593) slli a1, a1, 11
x11 <- 0x000CCCCCCCCCC800
mem[X,0x000000008001AEBC] -> 0x8593
mem[X,0x000000008001AEBE] -> 0x4CC5
[3448] [M]: 0x000000008001AEBC (0x4CC58593) addi a1, a1, 1228
x11 <- 0x000CCCCCCCCCCCCC
mem[X,0x000000008001AEC0] -> 0x9593
mem[X,0x000000008001AEC2] -> 0x00A5
[3449] [M]: 0x000000008001AEC0 (0x00A59593) slli a1, a1, 10
x11 <- 0x3333333333333000
mem[X,0x000000008001AEC4] -> 0x8593
mem[X,0x000000008001AEC6] -> 0x3345
[3450] [M]: 0x000000008001AEC4 (0x33458593) addi a1, a1, 820
x11 <- 0x3333333333333334
mem[X,0x000000008001AEC8] -> 0x0113
mem[X,0x000000008001AECA] -> 0x0000
[3451] [M]: 0x000000008001AEC8 (0x00000113) addi sp, zero, 0
x2 <- 0x0000000000000000
mem[X,0x000000008001AECC] -> 0x006F
mem[X,0x000000008001AECE] -> 0x0050
[3452] [M]: 0x000000008001AECC (0x0050006F) jal zero, 2052
mem[X,0x000000008001B6D0] -> 0x50E3
mem[X,0x000000008001B6D2] -> 0x80B5
[3453] [M]: 0x000000008001B6D0 (0x80B550E3) bge a0, a1, 6144
mem[X,0x000000008001B6D4] -> 0x0113
mem[X,0x000000008001B6D6] -> 0x0021
[3454] [M]: 0x000000008001B6D4 (0x00210113) addi sp, sp, 2
x2 <- 0x0000000000000002
mem[X,0x000000008001B6D8] -> 0x006F
mem[X,0x000000008001B6DA] -> 0x00C0
[3455] [M]: 0x000000008001B6D8 (0x00C0006F) jal zero, 12
mem[X,0x000000008001B6E4] -> 0xB823
mem[X,0x000000008001B6E6] -> 0x7020
[3456] [M]: 0x000000008001B6E4 (0x7020B823) sd sp, 1808(ra)
mem[0x00000000800498E0] <- 0x0000000000000002
mem[X,0x000000008001B6E8] -> 0xB537
mem[X,0x000000008001B6EA] -> 0xAAAA
[3457] [M]: 0x000000008001B6E8 (0xAAAAB537) lui a0, 699051
x10 <- 0xFFFFFFFFAAAAB000
mem[X,0x000000008001B6EC] -> 0x0513
mem[X,0x000000008001B6EE] -> 0xAAA5
[3458] [M]: 0x000000008001B6EC (0xAAA50513) addi a0, a0, 2730
x10 <- 0xFFFFFFFFAAAAAAAA
mem[X,0x000000008001B6F0] -> 0x1513
mem[X,0x000000008001B6F2] -> 0x00B5
[3459] [M]: 0x000000008001B6F0 (0x00B51513) slli a0, a0, 11
x10 <- 0xFFFFFD5555555000
mem[X,0x000000008001B6F4] -> 0x0513
mem[X,0x000000008001B6F6] -> 0x5555
[3460] [M]: 0x000000008001B6F4 (0x55550513) addi a0, a0, 1365
x10 <- 0xFFFFFD5555555555
mem[X,0x000000008001B6F8] -> 0x1513
mem[X,0x000000008001B6FA] -> 0x00B5
[3461] [M]: 0x000000008001B6F8 (0x00B51513) slli a0, a0, 11
x10 <- 0xFFEAAAAAAAAAA800
mem[X,0x000000008001B6FC] -> 0x0513
mem[X,0x000000008001B6FE] -> 0x2AA5
[3462] [M]: 0x000000008001B6FC (0x2AA50513) addi a0, a0, 682
x10 <- 0xFFEAAAAAAAAAAAAA
mem[X,0x000000008001B700] -> 0x1513
mem[X,0x000000008001B702] -> 0x00A5
[3463] [M]: 0x000000008001B700 (0x00A51513) slli a0, a0, 10
x10 <- 0xAAAAAAAAAAAAA800
mem[X,0x000000008001B704] -> 0x0513
mem[X,0x000000008001B706] -> 0x2AA5
[3464] [M]: 0x000000008001B704 (0x2AA50513) addi a0, a0, 682
x10 <- 0xAAAAAAAAAAAAAAAA
mem[X,0x000000008001B708] -> 0x65B7
mem[X,0x000000008001B70A] -> 0x6666
[3465] [M]: 0x000000008001B708 (0x666665B7) lui a1, 419430
x11 <- 0x0000000066666000
mem[X,0x000000008001B70C] -> 0x8593
mem[X,0x000000008001B70E] -> 0x6665
[3466] [M]: 0x000000008001B70C (0x66658593) addi a1, a1, 1638
x11 <- 0x0000000066666666
mem[X,0x000000008001B710] -> 0x9593
mem[X,0x000000008001B712] -> 0x00B5
[3467] [M]: 0x000000008001B710 (0x00B59593) slli a1, a1, 11
x11 <- 0x0000033333333000
mem[X,0x000000008001B714] -> 0x8593
mem[X,0x000000008001B716] -> 0x3335
[3468] [M]: 0x000000008001B714 (0x33358593) addi a1, a1, 819
x11 <- 0x0000033333333333
mem[X,0x000000008001B718] -> 0x9593
mem[X,0x000000008001B71A] -> 0x00B5
[3469] [M]: 0x000000008001B718 (0x00B59593) slli a1, a1, 11
x11 <- 0x0019999999999800
mem[X,0x000000008001B71C] -> 0x8593
mem[X,0x000000008001B71E] -> 0x1995
[3470] [M]: 0x000000008001B71C (0x19958593) addi a1, a1, 409
x11 <- 0x0019999999999999
mem[X,0x000000008001B720] -> 0x9593
mem[X,0x000000008001B722] -> 0x00A5
[3471] [M]: 0x000000008001B720 (0x00A59593) slli a1, a1, 10
x11 <- 0x6666666666666400
mem[X,0x000000008001B724] -> 0x8593
mem[X,0x000000008001B726] -> 0x2675
[3472] [M]: 0x000000008001B724 (0x26758593) addi a1, a1, 615
x11 <- 0x6666666666666667
mem[X,0x000000008001B728] -> 0x0113
mem[X,0x000000008001B72A] -> 0x0000
[3473] [M]: 0x000000008001B728 (0x00000113) addi sp, zero, 0
x2 <- 0x0000000000000000
mem[X,0x000000008001B72C] -> 0x006F
mem[X,0x000000008001B72E] -> 0x00C0
[3474] [M]: 0x000000008001B72C (0x00C0006F) jal zero, 12
mem[X,0x000000008001B738] -> 0x5663
mem[X,0x000000008001B73A] -> 0x00B5
[3475] [M]: 0x000000008001B738 (0x00B55663) bge a0, a1, 12
mem[X,0x000000008001B73C] -> 0x0113
mem[X,0x000000008001B73E] -> 0x0021
[3476] [M]: 0x000000008001B73C (0x00210113) addi sp, sp, 2
x2 <- 0x0000000000000002
mem[X,0x000000008001B740] -> 0x006F
mem[X,0x000000008001B742] -> 0x00C0
[3477] [M]: 0x000000008001B740 (0x00C0006F) jal zero, 12
mem[X,0x000000008001B74C] -> 0xBC23
mem[X,0x000000008001B74E] -> 0x7020
[3478] [M]: 0x000000008001B74C (0x7020BC23) sd sp, 1816(ra)
mem[0x00000000800498E8] <- 0x0000000000000002
mem[X,0x000000008001B750] -> 0xB537
mem[X,0x000000008001B752] -> 0xAAAA
[3479] [M]: 0x000000008001B750 (0xAAAAB537) lui a0, 699051
x10 <- 0xFFFFFFFFAAAAB000
mem[X,0x000000008001B754] -> 0x0513
mem[X,0x000000008001B756] -> 0xAAA5
[3480] [M]: 0x000000008001B754 (0xAAA50513) addi a0, a0, 2730
x10 <- 0xFFFFFFFFAAAAAAAA
mem[X,0x000000008001B758] -> 0x1513
mem[X,0x000000008001B75A] -> 0x00B5
[3481] [M]: 0x000000008001B758 (0x00B51513) slli a0, a0, 11
x10 <- 0xFFFFFD5555555000
mem[X,0x000000008001B75C] -> 0x0513
mem[X,0x000000008001B75E] -> 0x5555
[3482] [M]: 0x000000008001B75C (0x55550513) addi a0, a0, 1365
x10 <- 0xFFFFFD5555555555
mem[X,0x000000008001B760] -> 0x1513
mem[X,0x000000008001B762] -> 0x00B5
[3483] [M]: 0x000000008001B760 (0x00B51513) slli a0, a0, 11
x10 <- 0xFFEAAAAAAAAAA800
mem[X,0x000000008001B764] -> 0x0513
mem[X,0x000000008001B766] -> 0x2AA5
[3484] [M]: 0x000000008001B764 (0x2AA50513) addi a0, a0, 682
x10 <- 0xFFEAAAAAAAAAAAAA
mem[X,0x000000008001B768] -> 0x1513
mem[X,0x000000008001B76A] -> 0x00A5
[3485] [M]: 0x000000008001B768 (0x00A51513) slli a0, a0, 10
x10 <- 0xAAAAAAAAAAAAA800
mem[X,0x000000008001B76C] -> 0x0513
mem[X,0x000000008001B76E] -> 0x2AA5
[3486] [M]: 0x000000008001B76C (0x2AA50513) addi a0, a0, 682
x10 <- 0xAAAAAAAAAAAAAAAA
mem[X,0x000000008001B770] -> 0x05B7
mem[X,0x000000008001B772] -> 0x0000
[3487] [M]: 0x000000008001B770 (0x000005B7) lui a1, 0
x11 <- 0x0000000000000000
mem[X,0x000000008001B774] -> 0x8593
mem[X,0x000000008001B776] -> 0xFFF5
[3488] [M]: 0x000000008001B774 (0xFFF58593) addi a1, a1, 4095
x11 <- 0xFFFFFFFFFFFFFFFF
mem[X,0x000000008001B778] -> 0x9593
mem[X,0x000000008001B77A] -> 0x00B5
[3489] [M]: 0x000000008001B778 (0x00B59593) slli a1, a1, 11
x11 <- 0xFFFFFFFFFFFFF800
mem[X,0x000000008001B77C] -> 0x8593
mem[X,0x000000008001B77E] -> 0x2575
[3490] [M]: 0x000000008001B77C (0x25758593) addi a1, a1, 599
x11 <- 0xFFFFFFFFFFFFFA57
mem[X,0x000000008001B780] -> 0x9593
mem[X,0x000000008001B782] -> 0x00B5
[3491] [M]: 0x000000008001B780 (0x00B59593) slli a1, a1, 11
x11 <- 0xFFFFFFFFFFD2B800
mem[X,0x000000008001B784] -> 0x8593
mem[X,0x000000008001B786] -> 0x6C35
[3492] [M]: 0x000000008001B784 (0x6C358593) addi a1, a1, 1731
x11 <- 0xFFFFFFFFFFD2BEC3
mem[X,0x000000008001B788] -> 0x9593
mem[X,0x000000008001B78A] -> 0x00A5
[3493] [M]: 0x000000008001B788 (0x00A59593) slli a1, a1, 10
x11 <- 0xFFFFFFFF4AFB0C00
mem[X,0x000000008001B78C] -> 0x8593
mem[X,0x000000008001B78E] -> 0x0CE5
[3494] [M]: 0x000000008001B78C (0x0CE58593) addi a1, a1, 206
x11 <- 0xFFFFFFFF4AFB0CCE
mem[X,0x000000008001B790] -> 0x0113
mem[X,0x000000008001B792] -> 0x0000
[3495] [M]: 0x000000008001B790 (0x00000113) addi sp, zero, 0
x2 <- 0x0000000000000000
mem[X,0x000000008001B794] -> 0x006F
mem[X,0x000000008001B796] -> 0x00C0
[3496] [M]: 0x000000008001B794 (0x00C0006F) jal zero, 12
mem[X,0x000000008001B7A0] -> 0x5663
mem[X,0x000000008001B7A2] -> 0x00B5
[3497] [M]: 0x000000008001B7A0 (0x00B55663) bge a0, a1, 12
mem[X,0x000000008001B7A4] -> 0x0113
mem[X,0x000000008001B7A6] -> 0x0021
[3498] [M]: 0x000000008001B7A4 (0x00210113) addi sp, sp, 2
x2 <- 0x0000000000000002
mem[X,0x000000008001B7A8] -> 0x006F
mem[X,0x000000008001B7AA] -> 0x00C0
[3499] [M]: 0x000000008001B7A8 (0x00C0006F) jal zero, 12
clint::tick mtime <- 0x0000000000000023
 clint timer pending at mtime 0x0000000000000023
htif::tick 0x0000000000000000
mem[X,0x000000008001B7B4] -> 0xB023
mem[X,0x000000008001B7B6] -> 0x7220
[3500] [M]: 0x000000008001B7B4 (0x7220B023) sd sp, 1824(ra)
mem[0x00000000800498F0] <- 0x0000000000000002
mem[X,0x000000008001B7B8] -> 0xB537
mem[X,0x000000008001B7BA] -> 0xAAAA
[3501] [M]: 0x000000008001B7B8 (0xAAAAB537) lui a0, 699051
x10 <- 0xFFFFFFFFAAAAB000
mem[X,0x000000008001B7BC] -> 0x0513
mem[X,0x000000008001B7BE] -> 0xAAA5
[3502] [M]: 0x000000008001B7BC (0xAAA50513) addi a0, a0, 2730
x10 <- 0xFFFFFFFFAAAAAAAA
mem[X,0x000000008001B7C0] -> 0x1513
mem[X,0x000000008001B7C2] -> 0x00B5
[3503] [M]: 0x000000008001B7C0 (0x00B51513) slli a0, a0, 11
x10 <- 0xFFFFFD5555555000
mem[X,0x000000008001B7C4] -> 0x0513
mem[X,0x000000008001B7C6] -> 0x5555
[3504] [M]: 0x000000008001B7C4 (0x55550513) addi a0, a0, 1365
x10 <- 0xFFFFFD5555555555
mem[X,0x000000008001B7C8] -> 0x1513
mem[X,0x000000008001B7CA] -> 0x00B5
[3505] [M]: 0x000000008001B7C8 (0x00B51513) slli a0, a0, 11
x10 <- 0xFFEAAAAAAAAAA800
mem[X,0x000000008001B7CC] -> 0x0513
mem[X,0x000000008001B7CE] -> 0x2AA5
[3506] [M]: 0x000000008001B7CC (0x2AA50513) addi a0, a0, 682
x10 <- 0xFFEAAAAAAAAAAAAA
mem[X,0x000000008001B7D0] -> 0x1513
mem[X,0x000000008001B7D2] -> 0x00A5
[3507] [M]: 0x000000008001B7D0 (0x00A51513) slli a0, a0, 10
x10 <- 0xAAAAAAAAAAAAA800
mem[X,0x000000008001B7D4] -> 0x0513
mem[X,0x000000008001B7D6] -> 0x2AA5
[3508] [M]: 0x000000008001B7D4 (0x2AA50513) addi a0, a0, 682
x10 <- 0xAAAAAAAAAAAAAAAA
mem[X,0x000000008001B7D8] -> 0x05B7
mem[X,0x000000008001B7DA] -> 0x0000
[3509] [M]: 0x000000008001B7D8 (0x000005B7) lui a1, 0
x11 <- 0x0000000000000000
mem[X,0x000000008001B7DC] -> 0x8593
mem[X,0x000000008001B7DE] -> 0x0005
[3510] [M]: 0x000000008001B7DC (0x00058593) addi a1, a1, 0
x11 <- 0x0000000000000000
mem[X,0x000000008001B7E0] -> 0x9593
mem[X,0x000000008001B7E2] -> 0x00B5
[3511] [M]: 0x000000008001B7E0 (0x00B59593) slli a1, a1, 11
x11 <- 0x0000000000000000
mem[X,0x000000008001B7E4] -> 0x8593
mem[X,0x000000008001B7E6] -> 0x5A85
[3512] [M]: 0x000000008001B7E4 (0x5A858593) addi a1, a1, 1448
x11 <- 0x00000000000005A8
mem[X,0x000000008001B7E8] -> 0x9593
mem[X,0x000000008001B7EA] -> 0x00B5
[3513] [M]: 0x000000008001B7E8 (0x00B59593) slli a1, a1, 11
x11 <- 0x00000000002D4000
mem[X,0x000000008001B7EC] -> 0x8593
mem[X,0x000000008001B7EE] -> 0x13C5
[3514] [M]: 0x000000008001B7EC (0x13C58593) addi a1, a1, 316
x11 <- 0x00000000002D413C
mem[X,0x000000008001B7F0] -> 0x9593
mem[X,0x000000008001B7F2] -> 0x00A5
[3515] [M]: 0x000000008001B7F0 (0x00A59593) slli a1, a1, 10
x11 <- 0x00000000B504F000
mem[X,0x000000008001B7F4] -> 0x8593
mem[X,0x000000008001B7F6] -> 0x3345
[3516] [M]: 0x000000008001B7F4 (0x33458593) addi a1, a1, 820
x11 <- 0x00000000B504F334
mem[X,0x000000008001B7F8] -> 0x0113
mem[X,0x000000008001B7FA] -> 0x0000
[3517] [M]: 0x000000008001B7F8 (0x00000113) addi sp, zero, 0
x2 <- 0x0000000000000000
mem[X,0x000000008001B7FC] -> 0x006F
mem[X,0x000000008001B7FE] -> 0x00C0
[3518] [M]: 0x000000008001B7FC (0x00C0006F) jal zero, 12
mem[X,0x000000008001B808] -> 0x5063
mem[X,0x000000008001B80A] -> 0x20B5
[3519] [M]: 0x000000008001B808 (0x20B55063) bge a0, a1, 512
mem[X,0x000000008001B80C] -> 0x0113
mem[X,0x000000008001B80E] -> 0x0021
[3520] [M]: 0x000000008001B80C (0x00210113) addi sp, sp, 2
x2 <- 0x0000000000000002
mem[X,0x000000008001B810] -> 0x006F
mem[X,0x000000008001B812] -> 0x2000
[3521] [M]: 0x000000008001B810 (0x2000006F) jal zero, 512
mem[X,0x000000008001BA10] -> 0xB423
mem[X,0x000000008001BA12] -> 0x7220
[3522] [M]: 0x000000008001BA10 (0x7220B423) sd sp, 1832(ra)
mem[0x00000000800498F8] <- 0x0000000000000002
mem[X,0x000000008001BA14] -> 0x0513
mem[X,0x000000008001BA16] -> 0x0050
[3523] [M]: 0x000000008001BA14 (0x00500513) addi a0, zero, 5
x10 <- 0x0000000000000005
mem[X,0x000000008001BA18] -> 0x0593
mem[X,0x000000008001BA1A] -> 0x0030
[3524] [M]: 0x000000008001BA18 (0x00300593) addi a1, zero, 3
x11 <- 0x0000000000000003
mem[X,0x000000008001BA1C] -> 0x0113
mem[X,0x000000008001BA1E] -> 0x0000
[3525] [M]: 0x000000008001BA1C (0x00000113) addi sp, zero, 0
x2 <- 0x0000000000000000
mem[X,0x000000008001BA20] -> 0x006F
mem[X,0x000000008001BA22] -> 0x0140
[3526] [M]: 0x000000008001BA20 (0x0140006F) jal zero, 20
mem[X,0x000000008001BA34] -> 0x58E3
mem[X,0x000000008001BA36] -> 0xFEB5
[3527] [M]: 0x000000008001BA34 (0xFEB558E3) bge a0, a1, 8176
mem[X,0x000000008001BA24] -> 0x0113
mem[X,0x000000008001BA26] -> 0x0011
[3528] [M]: 0x000000008001BA24 (0x00110113) addi sp, sp, 1
x2 <- 0x0000000000000001
mem[X,0x000000008001BA28] -> 0x006F
mem[X,0x000000008001BA2A] -> 0x0200
[3529] [M]: 0x000000008001BA28 (0x0200006F) jal zero, 32
mem[X,0x000000008001BA48] -> 0xB823
mem[X,0x000000008001BA4A] -> 0x7220
[3530] [M]: 0x000000008001BA48 (0x7220B823) sd sp, 1840(ra)
mem[0x0000000080049900] <- 0x0000000000000001
mem[X,0x000000008001BA4C] -> 0x0513
mem[X,0x000000008001BA4E] -> 0x0050
[3531] [M]: 0x000000008001BA4C (0x00500513) addi a0, zero, 5
x10 <- 0x0000000000000005
mem[X,0x000000008001BA50] -> 0x55B7
mem[X,0x000000008001BA52] -> 0x5555
[3532] [M]: 0x000000008001BA50 (0x555555B7) lui a1, 349525
x11 <- 0x0000000055555000
mem[X,0x000000008001BA54] -> 0x8593
mem[X,0x000000008001BA56] -> 0x5555
[3533] [M]: 0x000000008001BA54 (0x55558593) addi a1, a1, 1365
x11 <- 0x0000000055555555
mem[X,0x000000008001BA58] -> 0x9593
mem[X,0x000000008001BA5A] -> 0x00B5
[3534] [M]: 0x000000008001BA58 (0x00B59593) slli a1, a1, 11
x11 <- 0x000002AAAAAAA800
mem[X,0x000000008001BA5C] -> 0x8593
mem[X,0x000000008001BA5E] -> 0x2AA5
[3535] [M]: 0x000000008001BA5C (0x2AA58593) addi a1, a1, 682
x11 <- 0x000002AAAAAAAAAA
mem[X,0x000000008001BA60] -> 0x9593
mem[X,0x000000008001BA62] -> 0x00B5
[3536] [M]: 0x000000008001BA60 (0x00B59593) slli a1, a1, 11
x11 <- 0x0015555555555000
mem[X,0x000000008001BA64] -> 0x8593
mem[X,0x000000008001BA66] -> 0x5555
[3537] [M]: 0x000000008001BA64 (0x55558593) addi a1, a1, 1365
x11 <- 0x0015555555555555
mem[X,0x000000008001BA68] -> 0x9593
mem[X,0x000000008001BA6A] -> 0x00A5
[3538] [M]: 0x000000008001BA68 (0x00A59593) slli a1, a1, 10
x11 <- 0x5555555555555400
mem[X,0x000000008001BA6C] -> 0x8593
mem[X,0x000000008001BA6E] -> 0x1555
[3539] [M]: 0x000000008001BA6C (0x15558593) addi a1, a1, 341
x11 <- 0x5555555555555555
mem[X,0x000000008001BA70] -> 0x0113
mem[X,0x000000008001BA72] -> 0x0000
[3540] [M]: 0x000000008001BA70 (0x00000113) addi sp, zero, 0
x2 <- 0x0000000000000000
mem[X,0x000000008001BA74] -> 0x006F
mem[X,0x000000008001BA76] -> 0x00C0
[3541] [M]: 0x000000008001BA74 (0x00C0006F) jal zero, 12
mem[X,0x000000008001BA80] -> 0x5CE3
mem[X,0x000000008001BA82] -> 0xFEB5
[3542] [M]: 0x000000008001BA80 (0xFEB55CE3) bge a0, a1, 8184
mem[X,0x000000008001BA84] -> 0x0113
mem[X,0x000000008001BA86] -> 0x0021
[3543] [M]: 0x000000008001BA84 (0x00210113) addi sp, sp, 2
x2 <- 0x0000000000000002
mem[X,0x000000008001BA88] -> 0x006F
mem[X,0x000000008001BA8A] -> 0x00C0
[3544] [M]: 0x000000008001BA88 (0x00C0006F) jal zero, 12
mem[X,0x000000008001BA94] -> 0xBC23
mem[X,0x000000008001BA96] -> 0x7220
[3545] [M]: 0x000000008001BA94 (0x7220BC23) sd sp, 1848(ra)
mem[0x0000000080049908] <- 0x0000000000000002
mem[X,0x000000008001BA98] -> 0x0513
mem[X,0x000000008001BA9A] -> 0x0050
[3546] [M]: 0x000000008001BA98 (0x00500513) addi a0, zero, 5
x10 <- 0x0000000000000005
mem[X,0x000000008001BA9C] -> 0xB5B7
mem[X,0x000000008001BA9E] -> 0xAAAA
[3547] [M]: 0x000000008001BA9C (0xAAAAB5B7) lui a1, 699051
x11 <- 0xFFFFFFFFAAAAB000
mem[X,0x000000008001BAA0] -> 0x8593
mem[X,0x000000008001BAA2] -> 0xAAA5
[3548] [M]: 0x000000008001BAA0 (0xAAA58593) addi a1, a1, 2730
x11 <- 0xFFFFFFFFAAAAAAAA
mem[X,0x000000008001BAA4] -> 0x9593
mem[X,0x000000008001BAA6] -> 0x00B5
[3549] [M]: 0x000000008001BAA4 (0x00B59593) slli a1, a1, 11
x11 <- 0xFFFFFD5555555000
mem[X,0x000000008001BAA8] -> 0x8593
mem[X,0x000000008001BAAA] -> 0x5555
[3550] [M]: 0x000000008001BAA8 (0x55558593) addi a1, a1, 1365
x11 <- 0xFFFFFD5555555555
mem[X,0x000000008001BAAC] -> 0x9593
mem[X,0x000000008001BAAE] -> 0x00B5
[3551] [M]: 0x000000008001BAAC (0x00B59593) slli a1, a1, 11
x11 <- 0xFFEAAAAAAAAAA800
mem[X,0x000000008001BAB0] -> 0x8593
mem[X,0x000000008001BAB2] -> 0x2AA5
[3552] [M]: 0x000000008001BAB0 (0x2AA58593) addi a1, a1, 682
x11 <- 0xFFEAAAAAAAAAAAAA
mem[X,0x000000008001BAB4] -> 0x9593
mem[X,0x000000008001BAB6] -> 0x00A5
[3553] [M]: 0x000000008001BAB4 (0x00A59593) slli a1, a1, 10
x11 <- 0xAAAAAAAAAAAAA800
mem[X,0x000000008001BAB8] -> 0x8593
mem[X,0x000000008001BABA] -> 0x2AA5
[3554] [M]: 0x000000008001BAB8 (0x2AA58593) addi a1, a1, 682
x11 <- 0xAAAAAAAAAAAAAAAA
mem[X,0x000000008001BABC] -> 0x0113
mem[X,0x000000008001BABE] -> 0x0000
[3555] [M]: 0x000000008001BABC (0x00000113) addi sp, zero, 0
x2 <- 0x0000000000000000
mem[X,0x000000008001BAC0] -> 0x006F
mem[X,0x000000008001BAC2] -> 0x2B10
[3556] [M]: 0x000000008001BAC0 (0x2B10006F) jal zero, 2736
mem[X,0x000000008001C570] -> 0x5A63
mem[X,0x000000008001C572] -> 0xD4B5
[3557] [M]: 0x000000008001C570 (0xD4B55A63) bge a0, a1, 5460
mem[X,0x000000008001BAC4] -> 0x0113
mem[X,0x000000008001BAC6] -> 0x0011
[3558] [M]: 0x000000008001BAC4 (0x00110113) addi sp, sp, 1
x2 <- 0x0000000000000001
mem[X,0x000000008001BAC8] -> 0x006F
mem[X,0x000000008001BACA] -> 0x2BD0
[3559] [M]: 0x000000008001BAC8 (0x2BD0006F) jal zero, 2748
mem[X,0x000000008001C584] -> 0xB023
mem[X,0x000000008001C586] -> 0x7420
[3560] [M]: 0x000000008001C584 (0x7420B023) sd sp, 1856(ra)
mem[0x0000000080049910] <- 0x0000000000000001
mem[X,0x000000008001C588] -> 0x0513
mem[X,0x000000008001C58A] -> 0x0050
[3561] [M]: 0x000000008001C588 (0x00500513) addi a0, zero, 5
x10 <- 0x0000000000000005
mem[X,0x000000008001C58C] -> 0x0593
mem[X,0x000000008001C58E] -> 0x0050
[3562] [M]: 0x000000008001C58C (0x00500593) addi a1, zero, 5
x11 <- 0x0000000000000005
mem[X,0x000000008001C590] -> 0x0113
mem[X,0x000000008001C592] -> 0x0000
[3563] [M]: 0x000000008001C590 (0x00000113) addi sp, zero, 0
x2 <- 0x0000000000000000
mem[X,0x000000008001C594] -> 0x006F
mem[X,0x000000008001C596] -> 0x00C0
[3564] [M]: 0x000000008001C594 (0x00C0006F) jal zero, 12
mem[X,0x000000008001C5A0] -> 0x5CE3
mem[X,0x000000008001C5A2] -> 0xFEB5
[3565] [M]: 0x000000008001C5A0 (0xFEB55CE3) bge a0, a1, 8184
mem[X,0x000000008001C598] -> 0x0113
mem[X,0x000000008001C59A] -> 0x0011
[3566] [M]: 0x000000008001C598 (0x00110113) addi sp, sp, 1
x2 <- 0x0000000000000001
mem[X,0x000000008001C59C] -> 0x006F
mem[X,0x000000008001C59E] -> 0x0180
[3567] [M]: 0x000000008001C59C (0x0180006F) jal zero, 24
mem[X,0x000000008001C5B4] -> 0xB423
mem[X,0x000000008001C5B6] -> 0x7420
[3568] [M]: 0x000000008001C5B4 (0x7420B423) sd sp, 1864(ra)
mem[0x0000000080049918] <- 0x0000000000000001
mem[X,0x000000008001C5B8] -> 0x0513
mem[X,0x000000008001C5BA] -> 0x0050
[3569] [M]: 0x000000008001C5B8 (0x00500513) addi a0, zero, 5
x10 <- 0x0000000000000005
mem[X,0x000000008001C5BC] -> 0x35B7
mem[X,0x000000008001C5BE] -> 0x3333
[3570] [M]: 0x000000008001C5BC (0x333335B7) lui a1, 209715
x11 <- 0x0000000033333000
mem[X,0x000000008001C5C0] -> 0x8593
mem[X,0x000000008001C5C2] -> 0x3335
[3571] [M]: 0x000000008001C5C0 (0x33358593) addi a1, a1, 819
x11 <- 0x0000000033333333
mem[X,0x000000008001C5C4] -> 0x9593
mem[X,0x000000008001C5C6] -> 0x00B5
[3572] [M]: 0x000000008001C5C4 (0x00B59593) slli a1, a1, 11
x11 <- 0x0000019999999800
mem[X,0x000000008001C5C8] -> 0x8593
mem[X,0x000000008001C5CA] -> 0x1995
[3573] [M]: 0x000000008001C5C8 (0x19958593) addi a1, a1, 409
x11 <- 0x0000019999999999
mem[X,0x000000008001C5CC] -> 0x9593
mem[X,0x000000008001C5CE] -> 0x00B5
[3574] [M]: 0x000000008001C5CC (0x00B59593) slli a1, a1, 11
x11 <- 0x000CCCCCCCCCC800
mem[X,0x000000008001C5D0] -> 0x8593
mem[X,0x000000008001C5D2] -> 0x4CC5
[3575] [M]: 0x000000008001C5D0 (0x4CC58593) addi a1, a1, 1228
x11 <- 0x000CCCCCCCCCCCCC
mem[X,0x000000008001C5D4] -> 0x9593
mem[X,0x000000008001C5D6] -> 0x00A5
[3576] [M]: 0x000000008001C5D4 (0x00A59593) slli a1, a1, 10
x11 <- 0x3333333333333000
mem[X,0x000000008001C5D8] -> 0x8593
mem[X,0x000000008001C5DA] -> 0x3335
[3577] [M]: 0x000000008001C5D8 (0x33358593) addi a1, a1, 819
x11 <- 0x3333333333333333
mem[X,0x000000008001C5DC] -> 0x0113
mem[X,0x000000008001C5DE] -> 0x0000
[3578] [M]: 0x000000008001C5DC (0x00000113) addi sp, zero, 0
x2 <- 0x0000000000000000
mem[X,0x000000008001C5E0] -> 0x006F
mem[X,0x000000008001C5E2] -> 0x00C0
[3579] [M]: 0x000000008001C5E0 (0x00C0006F) jal zero, 12
mem[X,0x000000008001C5EC] -> 0x5663
mem[X,0x000000008001C5EE] -> 0x00B5
[3580] [M]: 0x000000008001C5EC (0x00B55663) bge a0, a1, 12
mem[X,0x000000008001C5F0] -> 0x0113
mem[X,0x000000008001C5F2] -> 0x0021
[3581] [M]: 0x000000008001C5F0 (0x00210113) addi sp, sp, 2
x2 <- 0x0000000000000002
mem[X,0x000000008001C5F4] -> 0x006F
mem[X,0x000000008001C5F6] -> 0x00C0
[3582] [M]: 0x000000008001C5F4 (0x00C0006F) jal zero, 12
mem[X,0x000000008001C600] -> 0xB823
mem[X,0x000000008001C602] -> 0x7420
[3583] [M]: 0x000000008001C600 (0x7420B823) sd sp, 1872(ra)
mem[0x0000000080049920] <- 0x0000000000000002
mem[X,0x000000008001C604] -> 0x0513
mem[X,0x000000008001C606] -> 0x0050
[3584] [M]: 0x000000008001C604 (0x00500513) addi a0, zero, 5
x10 <- 0x0000000000000005
mem[X,0x000000008001C608] -> 0x65B7
mem[X,0x000000008001C60A] -> 0x6666
[3585] [M]: 0x000000008001C608 (0x666665B7) lui a1, 419430
x11 <- 0x0000000066666000
mem[X,0x000000008001C60C] -> 0x8593
mem[X,0x000000008001C60E] -> 0x6665
[3586] [M]: 0x000000008001C60C (0x66658593) addi a1, a1, 1638
x11 <- 0x0000000066666666
mem[X,0x000000008001C610] -> 0x9593
mem[X,0x000000008001C612] -> 0x00B5
[3587] [M]: 0x000000008001C610 (0x00B59593) slli a1, a1, 11
x11 <- 0x0000033333333000
mem[X,0x000000008001C614] -> 0x8593
mem[X,0x000000008001C616] -> 0x3335
[3588] [M]: 0x000000008001C614 (0x33358593) addi a1, a1, 819
x11 <- 0x0000033333333333
mem[X,0x000000008001C618] -> 0x9593
mem[X,0x000000008001C61A] -> 0x00B5
[3589] [M]: 0x000000008001C618 (0x00B59593) slli a1, a1, 11
x11 <- 0x0019999999999800
mem[X,0x000000008001C61C] -> 0x8593
mem[X,0x000000008001C61E] -> 0x1995
[3590] [M]: 0x000000008001C61C (0x19958593) addi a1, a1, 409
x11 <- 0x0019999999999999
mem[X,0x000000008001C620] -> 0x9593
mem[X,0x000000008001C622] -> 0x00A5
[3591] [M]: 0x000000008001C620 (0x00A59593) slli a1, a1, 10
x11 <- 0x6666666666666400
mem[X,0x000000008001C624] -> 0x8593
mem[X,0x000000008001C626] -> 0x2665
[3592] [M]: 0x000000008001C624 (0x26658593) addi a1, a1, 614
x11 <- 0x6666666666666666
mem[X,0x000000008001C628] -> 0x0113
mem[X,0x000000008001C62A] -> 0x0000
[3593] [M]: 0x000000008001C628 (0x00000113) addi sp, zero, 0
x2 <- 0x0000000000000000
mem[X,0x000000008001C62C] -> 0x006F
mem[X,0x000000008001C62E] -> 0x00C0
[3594] [M]: 0x000000008001C62C (0x00C0006F) jal zero, 12
mem[X,0x000000008001C638] -> 0x5063
mem[X,0x000000008001C63A] -> 0x04B5
[3595] [M]: 0x000000008001C638 (0x04B55063) bge a0, a1, 64
mem[X,0x000000008001C63C] -> 0x0113
mem[X,0x000000008001C63E] -> 0x0021
[3596] [M]: 0x000000008001C63C (0x00210113) addi sp, sp, 2
x2 <- 0x0000000000000002
mem[X,0x000000008001C640] -> 0x006F
mem[X,0x000000008001C642] -> 0x0400
[3597] [M]: 0x000000008001C640 (0x0400006F) jal zero, 64
mem[X,0x000000008001C680] -> 0xBC23
mem[X,0x000000008001C682] -> 0x7420
[3598] [M]: 0x000000008001C680 (0x7420BC23) sd sp, 1880(ra)
mem[0x0000000080049928] <- 0x0000000000000002
mem[X,0x000000008001C684] -> 0x0513
mem[X,0x000000008001C686] -> 0x0050
[3599] [M]: 0x000000008001C684 (0x00500513) addi a0, zero, 5
x10 <- 0x0000000000000005
clint::tick mtime <- 0x0000000000000024
 clint timer pending at mtime 0x0000000000000024
htif::tick 0x0000000000000000
mem[X,0x000000008001C688] -> 0x05B7
mem[X,0x000000008001C68A] -> 0x0000
[3600] [M]: 0x000000008001C688 (0x000005B7) lui a1, 0
x11 <- 0x0000000000000000
mem[X,0x000000008001C68C] -> 0x8593
mem[X,0x000000008001C68E] -> 0xFFF5
[3601] [M]: 0x000000008001C68C (0xFFF58593) addi a1, a1, 4095
x11 <- 0xFFFFFFFFFFFFFFFF
mem[X,0x000000008001C690] -> 0x9593
mem[X,0x000000008001C692] -> 0x00B5
[3602] [M]: 0x000000008001C690 (0x00B59593) slli a1, a1, 11
x11 <- 0xFFFFFFFFFFFFF800
mem[X,0x000000008001C694] -> 0x8593
mem[X,0x000000008001C696] -> 0x2575
[3603] [M]: 0x000000008001C694 (0x25758593) addi a1, a1, 599
x11 <- 0xFFFFFFFFFFFFFA57
mem[X,0x000000008001C698] -> 0x9593
mem[X,0x000000008001C69A] -> 0x00B5
[3604] [M]: 0x000000008001C698 (0x00B59593) slli a1, a1, 11
x11 <- 0xFFFFFFFFFFD2B800
mem[X,0x000000008001C69C] -> 0x8593
mem[X,0x000000008001C69E] -> 0x6C35
[3605] [M]: 0x000000008001C69C (0x6C358593) addi a1, a1, 1731
x11 <- 0xFFFFFFFFFFD2BEC3
mem[X,0x000000008001C6A0] -> 0x9593
mem[X,0x000000008001C6A2] -> 0x00A5
[3606] [M]: 0x000000008001C6A0 (0x00A59593) slli a1, a1, 10
x11 <- 0xFFFFFFFF4AFB0C00
mem[X,0x000000008001C6A4] -> 0x8593
mem[X,0x000000008001C6A6] -> 0x0CD5
[3607] [M]: 0x000000008001C6A4 (0x0CD58593) addi a1, a1, 205
x11 <- 0xFFFFFFFF4AFB0CCD
mem[X,0x000000008001C6A8] -> 0x0113
mem[X,0x000000008001C6AA] -> 0x0000
[3608] [M]: 0x000000008001C6A8 (0x00000113) addi sp, zero, 0
x2 <- 0x0000000000000000
mem[X,0x000000008001C6AC] -> 0x006F
mem[X,0x000000008001C6AE] -> 0x00C0
[3609] [M]: 0x000000008001C6AC (0x00C0006F) jal zero, 12
mem[X,0x000000008001C6B8] -> 0x5863
mem[X,0x000000008001C6BA] -> 0x00B5
[3610] [M]: 0x000000008001C6B8 (0x00B55863) bge a0, a1, 16
mem[X,0x000000008001C6C8] -> 0x0113
mem[X,0x000000008001C6CA] -> 0x0031
[3611] [M]: 0x000000008001C6C8 (0x00310113) addi sp, sp, 3
x2 <- 0x0000000000000003
mem[X,0x000000008001C6CC] -> 0x006F
mem[X,0x000000008001C6CE] -> 0x0040
[3612] [M]: 0x000000008001C6CC (0x0040006F) jal zero, 4
mem[X,0x000000008001C6D0] -> 0xB023
mem[X,0x000000008001C6D2] -> 0x7620
[3613] [M]: 0x000000008001C6D0 (0x7620B023) sd sp, 1888(ra)
mem[0x0000000080049930] <- 0x0000000000000003
mem[X,0x000000008001C6D4] -> 0x0513
mem[X,0x000000008001C6D6] -> 0x0050
[3614] [M]: 0x000000008001C6D4 (0x00500513) addi a0, zero, 5
x10 <- 0x0000000000000005
mem[X,0x000000008001C6D8] -> 0x05B7
mem[X,0x000000008001C6DA] -> 0x0000
[3615] [M]: 0x000000008001C6D8 (0x000005B7) lui a1, 0
x11 <- 0x0000000000000000
mem[X,0x000000008001C6DC] -> 0x8593
mem[X,0x000000008001C6DE] -> 0x0005
[3616] [M]: 0x000000008001C6DC (0x00058593) addi a1, a1, 0
x11 <- 0x0000000000000000
mem[X,0x000000008001C6E0] -> 0x9593
mem[X,0x000000008001C6E2] -> 0x00B5
[3617] [M]: 0x000000008001C6E0 (0x00B59593) slli a1, a1, 11
x11 <- 0x0000000000000000
mem[X,0x000000008001C6E4] -> 0x8593
mem[X,0x000000008001C6E6] -> 0x5A85
[3618] [M]: 0x000000008001C6E4 (0x5A858593) addi a1, a1, 1448
x11 <- 0x00000000000005A8
mem[X,0x000000008001C6E8] -> 0x9593
mem[X,0x000000008001C6EA] -> 0x00B5
[3619] [M]: 0x000000008001C6E8 (0x00B59593) slli a1, a1, 11
x11 <- 0x00000000002D4000
mem[X,0x000000008001C6EC] -> 0x8593
mem[X,0x000000008001C6EE] -> 0x13C5
[3620] [M]: 0x000000008001C6EC (0x13C58593) addi a1, a1, 316
x11 <- 0x00000000002D413C
mem[X,0x000000008001C6F0] -> 0x9593
mem[X,0x000000008001C6F2] -> 0x00A5
[3621] [M]: 0x000000008001C6F0 (0x00A59593) slli a1, a1, 10
x11 <- 0x00000000B504F000
mem[X,0x000000008001C6F4] -> 0x8593
mem[X,0x000000008001C6F6] -> 0x3335
[3622] [M]: 0x000000008001C6F4 (0x33358593) addi a1, a1, 819
x11 <- 0x00000000B504F333
mem[X,0x000000008001C6F8] -> 0x0113
mem[X,0x000000008001C6FA] -> 0x0000
[3623] [M]: 0x000000008001C6F8 (0x00000113) addi sp, zero, 0
x2 <- 0x0000000000000000
mem[X,0x000000008001C6FC] -> 0x006F
mem[X,0x000000008001C6FE] -> 0x00C0
[3624] [M]: 0x000000008001C6FC (0x00C0006F) jal zero, 12
mem[X,0x000000008001C708] -> 0x5663
mem[X,0x000000008001C70A] -> 0x00B5
[3625] [M]: 0x000000008001C708 (0x00B55663) bge a0, a1, 12
mem[X,0x000000008001C70C] -> 0x0113
mem[X,0x000000008001C70E] -> 0x0021
[3626] [M]: 0x000000008001C70C (0x00210113) addi sp, sp, 2
x2 <- 0x0000000000000002
mem[X,0x000000008001C710] -> 0x006F
mem[X,0x000000008001C712] -> 0x00C0
[3627] [M]: 0x000000008001C710 (0x00C0006F) jal zero, 12
mem[X,0x000000008001C71C] -> 0xB423
mem[X,0x000000008001C71E] -> 0x7620
[3628] [M]: 0x000000008001C71C (0x7620B423) sd sp, 1896(ra)
mem[0x0000000080049938] <- 0x0000000000000002
mem[X,0x000000008001C720] -> 0x0513
mem[X,0x000000008001C722] -> 0x0050
[3629] [M]: 0x000000008001C720 (0x00500513) addi a0, zero, 5
x10 <- 0x0000000000000005
mem[X,0x000000008001C724] -> 0x0593
mem[X,0x000000008001C726] -> 0x0020
[3630] [M]: 0x000000008001C724 (0x00200593) addi a1, zero, 2
x11 <- 0x0000000000000002
mem[X,0x000000008001C728] -> 0x0113
mem[X,0x000000008001C72A] -> 0x0000
[3631] [M]: 0x000000008001C728 (0x00000113) addi sp, zero, 0
x2 <- 0x0000000000000000
mem[X,0x000000008001C72C] -> 0x006F
mem[X,0x000000008001C72E] -> 0x0140
[3632] [M]: 0x000000008001C72C (0x0140006F) jal zero, 20
mem[X,0x000000008001C740] -> 0x58E3
mem[X,0x000000008001C742] -> 0xFEB5
[3633] [M]: 0x000000008001C740 (0xFEB558E3) bge a0, a1, 8176
mem[X,0x000000008001C730] -> 0x0113
mem[X,0x000000008001C732] -> 0x0011
[3634] [M]: 0x000000008001C730 (0x00110113) addi sp, sp, 1
x2 <- 0x0000000000000001
mem[X,0x000000008001C734] -> 0x006F
mem[X,0x000000008001C736] -> 0x0200
[3635] [M]: 0x000000008001C734 (0x0200006F) jal zero, 32
mem[X,0x000000008001C754] -> 0xB823
mem[X,0x000000008001C756] -> 0x7620
[3636] [M]: 0x000000008001C754 (0x7620B823) sd sp, 1904(ra)
mem[0x0000000080049940] <- 0x0000000000000001
mem[X,0x000000008001C758] -> 0x0513
mem[X,0x000000008001C75A] -> 0x0050
[3637] [M]: 0x000000008001C758 (0x00500513) addi a0, zero, 5
x10 <- 0x0000000000000005
mem[X,0x000000008001C75C] -> 0x55B7
mem[X,0x000000008001C75E] -> 0x5555
[3638] [M]: 0x000000008001C75C (0x555555B7) lui a1, 349525
x11 <- 0x0000000055555000
mem[X,0x000000008001C760] -> 0x8593
mem[X,0x000000008001C762] -> 0x5555
[3639] [M]: 0x000000008001C760 (0x55558593) addi a1, a1, 1365
x11 <- 0x0000000055555555
mem[X,0x000000008001C764] -> 0x9593
mem[X,0x000000008001C766] -> 0x00B5
[3640] [M]: 0x000000008001C764 (0x00B59593) slli a1, a1, 11
x11 <- 0x000002AAAAAAA800
mem[X,0x000000008001C768] -> 0x8593
mem[X,0x000000008001C76A] -> 0x2AA5
[3641] [M]: 0x000000008001C768 (0x2AA58593) addi a1, a1, 682
x11 <- 0x000002AAAAAAAAAA
mem[X,0x000000008001C76C] -> 0x9593
mem[X,0x000000008001C76E] -> 0x00B5
[3642] [M]: 0x000000008001C76C (0x00B59593) slli a1, a1, 11
x11 <- 0x0015555555555000
mem[X,0x000000008001C770] -> 0x8593
mem[X,0x000000008001C772] -> 0x5555
[3643] [M]: 0x000000008001C770 (0x55558593) addi a1, a1, 1365
x11 <- 0x0015555555555555
mem[X,0x000000008001C774] -> 0x9593
mem[X,0x000000008001C776] -> 0x00A5
[3644] [M]: 0x000000008001C774 (0x00A59593) slli a1, a1, 10
x11 <- 0x5555555555555400
mem[X,0x000000008001C778] -> 0x8593
mem[X,0x000000008001C77A] -> 0x1545
[3645] [M]: 0x000000008001C778 (0x15458593) addi a1, a1, 340
x11 <- 0x5555555555555554
mem[X,0x000000008001C77C] -> 0x0113
mem[X,0x000000008001C77E] -> 0x0000
[3646] [M]: 0x000000008001C77C (0x00000113) addi sp, zero, 0
x2 <- 0x0000000000000000
mem[X,0x000000008001C780] -> 0x006F
mem[X,0x000000008001C782] -> 0x00C0
[3647] [M]: 0x000000008001C780 (0x00C0006F) jal zero, 12
mem[X,0x000000008001C78C] -> 0x5063
mem[X,0x000000008001C78E] -> 0x40B5
[3648] [M]: 0x000000008001C78C (0x40B55063) bge a0, a1, 1024
mem[X,0x000000008001C790] -> 0x0113
mem[X,0x000000008001C792] -> 0x0021
[3649] [M]: 0x000000008001C790 (0x00210113) addi sp, sp, 2
x2 <- 0x0000000000000002
mem[X,0x000000008001C794] -> 0x006F
mem[X,0x000000008001C796] -> 0x4000
[3650] [M]: 0x000000008001C794 (0x4000006F) jal zero, 1024
mem[X,0x000000008001CB94] -> 0xBC23
mem[X,0x000000008001CB96] -> 0x7620
[3651] [M]: 0x000000008001CB94 (0x7620BC23) sd sp, 1912(ra)
mem[0x0000000080049948] <- 0x0000000000000002
mem[X,0x000000008001CB98] -> 0x0513
mem[X,0x000000008001CB9A] -> 0x0050
[3652] [M]: 0x000000008001CB98 (0x00500513) addi a0, zero, 5
x10 <- 0x0000000000000005
mem[X,0x000000008001CB9C] -> 0x0593
mem[X,0x000000008001CB9E] -> 0x0000
[3653] [M]: 0x000000008001CB9C (0x00000593) addi a1, zero, 0
x11 <- 0x0000000000000000
mem[X,0x000000008001CBA0] -> 0x0113
mem[X,0x000000008001CBA2] -> 0x0000
[3654] [M]: 0x000000008001CBA0 (0x00000113) addi sp, zero, 0
x2 <- 0x0000000000000000
mem[X,0x000000008001CBA4] -> 0x006F
mem[X,0x000000008001CBA6] -> 0x00C0
[3655] [M]: 0x000000008001CBA4 (0x00C0006F) jal zero, 12
mem[X,0x000000008001CBB0] -> 0x5663
mem[X,0x000000008001CBB2] -> 0x00B5
[3656] [M]: 0x000000008001CBB0 (0x00B55663) bge a0, a1, 12
mem[X,0x000000008001CBBC] -> 0x0113
mem[X,0x000000008001CBBE] -> 0x0031
[3657] [M]: 0x000000008001CBBC (0x00310113) addi sp, sp, 3
x2 <- 0x0000000000000003
mem[X,0x000000008001CBC0] -> 0x006F
mem[X,0x000000008001CBC2] -> 0x0040
[3658] [M]: 0x000000008001CBC0 (0x0040006F) jal zero, 4
mem[X,0x000000008001CBC4] -> 0xB023
mem[X,0x000000008001CBC6] -> 0x7820
[3659] [M]: 0x000000008001CBC4 (0x7820B023) sd sp, 1920(ra)
mem[0x0000000080049950] <- 0x0000000000000003
mem[X,0x000000008001CBC8] -> 0x0513
mem[X,0x000000008001CBCA] -> 0x0050
[3660] [M]: 0x000000008001CBC8 (0x00500513) addi a0, zero, 5
x10 <- 0x0000000000000005
mem[X,0x000000008001CBCC] -> 0x0593
mem[X,0x000000008001CBCE] -> 0x0040
[3661] [M]: 0x000000008001CBCC (0x00400593) addi a1, zero, 4
x11 <- 0x0000000000000004
mem[X,0x000000008001CBD0] -> 0x0113
mem[X,0x000000008001CBD2] -> 0x0000
[3662] [M]: 0x000000008001CBD0 (0x00000113) addi sp, zero, 0
x2 <- 0x0000000000000000
mem[X,0x000000008001CBD4] -> 0x006F
mem[X,0x000000008001CBD6] -> 0x00C0
[3663] [M]: 0x000000008001CBD4 (0x00C0006F) jal zero, 12
mem[X,0x000000008001CBE0] -> 0x5663
mem[X,0x000000008001CBE2] -> 0x00B5
[3664] [M]: 0x000000008001CBE0 (0x00B55663) bge a0, a1, 12
mem[X,0x000000008001CBEC] -> 0x0113
mem[X,0x000000008001CBEE] -> 0x0031
[3665] [M]: 0x000000008001CBEC (0x00310113) addi sp, sp, 3
x2 <- 0x0000000000000003
mem[X,0x000000008001CBF0] -> 0x006F
mem[X,0x000000008001CBF2] -> 0x0040
[3666] [M]: 0x000000008001CBF0 (0x0040006F) jal zero, 4
mem[X,0x000000008001CBF4] -> 0xB423
mem[X,0x000000008001CBF6] -> 0x7820
[3667] [M]: 0x000000008001CBF4 (0x7820B423) sd sp, 1928(ra)
mem[0x0000000080049958] <- 0x0000000000000003
mem[X,0x000000008001CBF8] -> 0x0513
mem[X,0x000000008001CBFA] -> 0x0050
[3668] [M]: 0x000000008001CBF8 (0x00500513) addi a0, zero, 5
x10 <- 0x0000000000000005
mem[X,0x000000008001CBFC] -> 0x35B7
mem[X,0x000000008001CBFE] -> 0x3333
[3669] [M]: 0x000000008001CBFC (0x333335B7) lui a1, 209715
x11 <- 0x0000000033333000
mem[X,0x000000008001CC00] -> 0x8593
mem[X,0x000000008001CC02] -> 0x3335
[3670] [M]: 0x000000008001CC00 (0x33358593) addi a1, a1, 819
x11 <- 0x0000000033333333
mem[X,0x000000008001CC04] -> 0x9593
mem[X,0x000000008001CC06] -> 0x00B5
[3671] [M]: 0x000000008001CC04 (0x00B59593) slli a1, a1, 11
x11 <- 0x0000019999999800
mem[X,0x000000008001CC08] -> 0x8593
mem[X,0x000000008001CC0A] -> 0x1995
[3672] [M]: 0x000000008001CC08 (0x19958593) addi a1, a1, 409
x11 <- 0x0000019999999999
mem[X,0x000000008001CC0C] -> 0x9593
mem[X,0x000000008001CC0E] -> 0x00B5
[3673] [M]: 0x000000008001CC0C (0x00B59593) slli a1, a1, 11
x11 <- 0x000CCCCCCCCCC800
mem[X,0x000000008001CC10] -> 0x8593
mem[X,0x000000008001CC12] -> 0x4CC5
[3674] [M]: 0x000000008001CC10 (0x4CC58593) addi a1, a1, 1228
x11 <- 0x000CCCCCCCCCCCCC
mem[X,0x000000008001CC14] -> 0x9593
mem[X,0x000000008001CC16] -> 0x00A5
[3675] [M]: 0x000000008001CC14 (0x00A59593) slli a1, a1, 10
x11 <- 0x3333333333333000
mem[X,0x000000008001CC18] -> 0x8593
mem[X,0x000000008001CC1A] -> 0x3325
[3676] [M]: 0x000000008001CC18 (0x33258593) addi a1, a1, 818
x11 <- 0x3333333333333332
mem[X,0x000000008001CC1C] -> 0x0113
mem[X,0x000000008001CC1E] -> 0x0000
[3677] [M]: 0x000000008001CC1C (0x00000113) addi sp, zero, 0
x2 <- 0x0000000000000000
mem[X,0x000000008001CC20] -> 0x006F
mem[X,0x000000008001CC22] -> 0x00C0
[3678] [M]: 0x000000008001CC20 (0x00C0006F) jal zero, 12
mem[X,0x000000008001CC2C] -> 0x5063
mem[X,0x000000008001CC2E] -> 0x04B5
[3679] [M]: 0x000000008001CC2C (0x04B55063) bge a0, a1, 64
mem[X,0x000000008001CC30] -> 0x0113
mem[X,0x000000008001CC32] -> 0x0021
[3680] [M]: 0x000000008001CC30 (0x00210113) addi sp, sp, 2
x2 <- 0x0000000000000002
mem[X,0x000000008001CC34] -> 0x006F
mem[X,0x000000008001CC36] -> 0x0400
[3681] [M]: 0x000000008001CC34 (0x0400006F) jal zero, 64
mem[X,0x000000008001CC74] -> 0xB823
mem[X,0x000000008001CC76] -> 0x7820
[3682] [M]: 0x000000008001CC74 (0x7820B823) sd sp, 1936(ra)
mem[0x0000000080049960] <- 0x0000000000000002
mem[X,0x000000008001CC78] -> 0x0513
mem[X,0x000000008001CC7A] -> 0x0050
[3683] [M]: 0x000000008001CC78 (0x00500513) addi a0, zero, 5
x10 <- 0x0000000000000005
mem[X,0x000000008001CC7C] -> 0x65B7
mem[X,0x000000008001CC7E] -> 0x6666
[3684] [M]: 0x000000008001CC7C (0x666665B7) lui a1, 419430
x11 <- 0x0000000066666000
mem[X,0x000000008001CC80] -> 0x8593
mem[X,0x000000008001CC82] -> 0x6665
[3685] [M]: 0x000000008001CC80 (0x66658593) addi a1, a1, 1638
x11 <- 0x0000000066666666
mem[X,0x000000008001CC84] -> 0x9593
mem[X,0x000000008001CC86] -> 0x00B5
[3686] [M]: 0x000000008001CC84 (0x00B59593) slli a1, a1, 11
x11 <- 0x0000033333333000
mem[X,0x000000008001CC88] -> 0x8593
mem[X,0x000000008001CC8A] -> 0x3335
[3687] [M]: 0x000000008001CC88 (0x33358593) addi a1, a1, 819
x11 <- 0x0000033333333333
mem[X,0x000000008001CC8C] -> 0x9593
mem[X,0x000000008001CC8E] -> 0x00B5
[3688] [M]: 0x000000008001CC8C (0x00B59593) slli a1, a1, 11
x11 <- 0x0019999999999800
mem[X,0x000000008001CC90] -> 0x8593
mem[X,0x000000008001CC92] -> 0x1995
[3689] [M]: 0x000000008001CC90 (0x19958593) addi a1, a1, 409
x11 <- 0x0019999999999999
mem[X,0x000000008001CC94] -> 0x9593
mem[X,0x000000008001CC96] -> 0x00A5
[3690] [M]: 0x000000008001CC94 (0x00A59593) slli a1, a1, 10
x11 <- 0x6666666666666400
mem[X,0x000000008001CC98] -> 0x8593
mem[X,0x000000008001CC9A] -> 0x2655
[3691] [M]: 0x000000008001CC98 (0x26558593) addi a1, a1, 613
x11 <- 0x6666666666666665
mem[X,0x000000008001CC9C] -> 0x0113
mem[X,0x000000008001CC9E] -> 0x0000
[3692] [M]: 0x000000008001CC9C (0x00000113) addi sp, zero, 0
x2 <- 0x0000000000000000
mem[X,0x000000008001CCA0] -> 0x006F
mem[X,0x000000008001CCA2] -> 0x00C0
[3693] [M]: 0x000000008001CCA0 (0x00C0006F) jal zero, 12
mem[X,0x000000008001CCAC] -> 0x5863
mem[X,0x000000008001CCAE] -> 0x00B5
[3694] [M]: 0x000000008001CCAC (0x00B55863) bge a0, a1, 16
mem[X,0x000000008001CCB0] -> 0x0113
mem[X,0x000000008001CCB2] -> 0x0021
[3695] [M]: 0x000000008001CCB0 (0x00210113) addi sp, sp, 2
x2 <- 0x0000000000000002
mem[X,0x000000008001CCB4] -> 0x006F
mem[X,0x000000008001CCB6] -> 0x0100
[3696] [M]: 0x000000008001CCB4 (0x0100006F) jal zero, 16
mem[X,0x000000008001CCC4] -> 0xBC23
mem[X,0x000000008001CCC6] -> 0x7820
[3697] [M]: 0x000000008001CCC4 (0x7820BC23) sd sp, 1944(ra)
mem[0x0000000080049968] <- 0x0000000000000002
mem[X,0x000000008001CCC8] -> 0x0513
mem[X,0x000000008001CCCA] -> 0x0050
[3698] [M]: 0x000000008001CCC8 (0x00500513) addi a0, zero, 5
x10 <- 0x0000000000000005
mem[X,0x000000008001CCCC] -> 0x05B7
mem[X,0x000000008001CCCE] -> 0x0000
[3699] [M]: 0x000000008001CCCC (0x000005B7) lui a1, 0
x11 <- 0x0000000000000000
clint::tick mtime <- 0x0000000000000025
 clint timer pending at mtime 0x0000000000000025
htif::tick 0x0000000000000000
mem[X,0x000000008001CCD0] -> 0x8593
mem[X,0x000000008001CCD2] -> 0x0005
[3700] [M]: 0x000000008001CCD0 (0x00058593) addi a1, a1, 0
x11 <- 0x0000000000000000
mem[X,0x000000008001CCD4] -> 0x9593
mem[X,0x000000008001CCD6] -> 0x00B5
[3701] [M]: 0x000000008001CCD4 (0x00B59593) slli a1, a1, 11
x11 <- 0x0000000000000000
mem[X,0x000000008001CCD8] -> 0x8593
mem[X,0x000000008001CCDA] -> 0x5A85
[3702] [M]: 0x000000008001CCD8 (0x5A858593) addi a1, a1, 1448
x11 <- 0x00000000000005A8
mem[X,0x000000008001CCDC] -> 0x9593
mem[X,0x000000008001CCDE] -> 0x00B5
[3703] [M]: 0x000000008001CCDC (0x00B59593) slli a1, a1, 11
x11 <- 0x00000000002D4000
mem[X,0x000000008001CCE0] -> 0x8593
mem[X,0x000000008001CCE2] -> 0x13C5
[3704] [M]: 0x000000008001CCE0 (0x13C58593) addi a1, a1, 316
x11 <- 0x00000000002D413C
mem[X,0x000000008001CCE4] -> 0x9593
mem[X,0x000000008001CCE6] -> 0x00A5
[3705] [M]: 0x000000008001CCE4 (0x00A59593) slli a1, a1, 10
x11 <- 0x00000000B504F000
mem[X,0x000000008001CCE8] -> 0x8593
mem[X,0x000000008001CCEA] -> 0x3325
[3706] [M]: 0x000000008001CCE8 (0x33258593) addi a1, a1, 818
x11 <- 0x00000000B504F332
mem[X,0x000000008001CCEC] -> 0x0113
mem[X,0x000000008001CCEE] -> 0x0000
[3707] [M]: 0x000000008001CCEC (0x00000113) addi sp, zero, 0
x2 <- 0x0000000000000000
mem[X,0x000000008001CCF0] -> 0x006F
mem[X,0x000000008001CCF2] -> 0x00C0
[3708] [M]: 0x000000008001CCF0 (0x00C0006F) jal zero, 12
mem[X,0x000000008001CCFC] -> 0x5063
mem[X,0x000000008001CCFE] -> 0x20B5
[3709] [M]: 0x000000008001CCFC (0x20B55063) bge a0, a1, 512
mem[X,0x000000008001CD00] -> 0x0113
mem[X,0x000000008001CD02] -> 0x0021
[3710] [M]: 0x000000008001CD00 (0x00210113) addi sp, sp, 2
x2 <- 0x0000000000000002
mem[X,0x000000008001CD04] -> 0x006F
mem[X,0x000000008001CD06] -> 0x2000
[3711] [M]: 0x000000008001CD04 (0x2000006F) jal zero, 512
mem[X,0x000000008001CF04] -> 0xB023
mem[X,0x000000008001CF06] -> 0x7A20
[3712] [M]: 0x000000008001CF04 (0x7A20B023) sd sp, 1952(ra)
mem[0x0000000080049970] <- 0x0000000000000002
mem[X,0x000000008001CF08] -> 0x0513
mem[X,0x000000008001CF0A] -> 0x0050
[3713] [M]: 0x000000008001CF08 (0x00500513) addi a0, zero, 5
x10 <- 0x0000000000000005
mem[X,0x000000008001CF0C] -> 0x55B7
mem[X,0x000000008001CF0E] -> 0x5555
[3714] [M]: 0x000000008001CF0C (0x555555B7) lui a1, 349525
x11 <- 0x0000000055555000
mem[X,0x000000008001CF10] -> 0x8593
mem[X,0x000000008001CF12] -> 0x5555
[3715] [M]: 0x000000008001CF10 (0x55558593) addi a1, a1, 1365
x11 <- 0x0000000055555555
mem[X,0x000000008001CF14] -> 0x9593
mem[X,0x000000008001CF16] -> 0x00B5
[3716] [M]: 0x000000008001CF14 (0x00B59593) slli a1, a1, 11
x11 <- 0x000002AAAAAAA800
mem[X,0x000000008001CF18] -> 0x8593
mem[X,0x000000008001CF1A] -> 0x2AA5
[3717] [M]: 0x000000008001CF18 (0x2AA58593) addi a1, a1, 682
x11 <- 0x000002AAAAAAAAAA
mem[X,0x000000008001CF1C] -> 0x9593
mem[X,0x000000008001CF1E] -> 0x00B5
[3718] [M]: 0x000000008001CF1C (0x00B59593) slli a1, a1, 11
x11 <- 0x0015555555555000
mem[X,0x000000008001CF20] -> 0x8593
mem[X,0x000000008001CF22] -> 0x5555
[3719] [M]: 0x000000008001CF20 (0x55558593) addi a1, a1, 1365
x11 <- 0x0015555555555555
mem[X,0x000000008001CF24] -> 0x9593
mem[X,0x000000008001CF26] -> 0x00A5
[3720] [M]: 0x000000008001CF24 (0x00A59593) slli a1, a1, 10
x11 <- 0x5555555555555400
mem[X,0x000000008001CF28] -> 0x8593
mem[X,0x000000008001CF2A] -> 0x1565
[3721] [M]: 0x000000008001CF28 (0x15658593) addi a1, a1, 342
x11 <- 0x5555555555555556
mem[X,0x000000008001CF2C] -> 0x0113
mem[X,0x000000008001CF2E] -> 0x0000
[3722] [M]: 0x000000008001CF2C (0x00000113) addi sp, zero, 0
x2 <- 0x0000000000000000
mem[X,0x000000008001CF30] -> 0x006F
mem[X,0x000000008001CF32] -> 0x00C0
[3723] [M]: 0x000000008001CF30 (0x00C0006F) jal zero, 12
mem[X,0x000000008001CF3C] -> 0x5063
mem[X,0x000000008001CF3E] -> 0x08B5
[3724] [M]: 0x000000008001CF3C (0x08B55063) bge a0, a1, 128
mem[X,0x000000008001CF40] -> 0x0113
mem[X,0x000000008001CF42] -> 0x0021
[3725] [M]: 0x000000008001CF40 (0x00210113) addi sp, sp, 2
x2 <- 0x0000000000000002
mem[X,0x000000008001CF44] -> 0x006F
mem[X,0x000000008001CF46] -> 0x0800
[3726] [M]: 0x000000008001CF44 (0x0800006F) jal zero, 128
mem[X,0x000000008001CFC4] -> 0xB423
mem[X,0x000000008001CFC6] -> 0x7A20
[3727] [M]: 0x000000008001CFC4 (0x7A20B423) sd sp, 1960(ra)
mem[0x0000000080049978] <- 0x0000000000000002
mem[X,0x000000008001CFC8] -> 0x0513
mem[X,0x000000008001CFCA] -> 0x0050
[3728] [M]: 0x000000008001CFC8 (0x00500513) addi a0, zero, 5
x10 <- 0x0000000000000005
mem[X,0x000000008001CFCC] -> 0xB5B7
mem[X,0x000000008001CFCE] -> 0xAAAA
[3729] [M]: 0x000000008001CFCC (0xAAAAB5B7) lui a1, 699051
x11 <- 0xFFFFFFFFAAAAB000
mem[X,0x000000008001CFD0] -> 0x8593
mem[X,0x000000008001CFD2] -> 0xAAA5
[3730] [M]: 0x000000008001CFD0 (0xAAA58593) addi a1, a1, 2730
x11 <- 0xFFFFFFFFAAAAAAAA
mem[X,0x000000008001CFD4] -> 0x9593
mem[X,0x000000008001CFD6] -> 0x00B5
[3731] [M]: 0x000000008001CFD4 (0x00B59593) slli a1, a1, 11
x11 <- 0xFFFFFD5555555000
mem[X,0x000000008001CFD8] -> 0x8593
mem[X,0x000000008001CFDA] -> 0x5555
[3732] [M]: 0x000000008001CFD8 (0x55558593) addi a1, a1, 1365
x11 <- 0xFFFFFD5555555555
mem[X,0x000000008001CFDC] -> 0x9593
mem[X,0x000000008001CFDE] -> 0x00B5
[3733] [M]: 0x000000008001CFDC (0x00B59593) slli a1, a1, 11
x11 <- 0xFFEAAAAAAAAAA800
mem[X,0x000000008001CFE0] -> 0x8593
mem[X,0x000000008001CFE2] -> 0x2AA5
[3734] [M]: 0x000000008001CFE0 (0x2AA58593) addi a1, a1, 682
x11 <- 0xFFEAAAAAAAAAAAAA
mem[X,0x000000008001CFE4] -> 0x9593
mem[X,0x000000008001CFE6] -> 0x00A5
[3735] [M]: 0x000000008001CFE4 (0x00A59593) slli a1, a1, 10
x11 <- 0xAAAAAAAAAAAAA800
mem[X,0x000000008001CFE8] -> 0x8593
mem[X,0x000000008001CFEA] -> 0x2AB5
[3736] [M]: 0x000000008001CFE8 (0x2AB58593) addi a1, a1, 683
x11 <- 0xAAAAAAAAAAAAAAAB
mem[X,0x000000008001CFEC] -> 0x0113
mem[X,0x000000008001CFEE] -> 0x0000
[3737] [M]: 0x000000008001CFEC (0x00000113) addi sp, zero, 0
x2 <- 0x0000000000000000
mem[X,0x000000008001CFF0] -> 0x006F
mem[X,0x000000008001CFF2] -> 0x00C0
[3738] [M]: 0x000000008001CFF0 (0x00C0006F) jal zero, 12
mem[X,0x000000008001CFFC] -> 0x5663
mem[X,0x000000008001CFFE] -> 0x00B5
[3739] [M]: 0x000000008001CFFC (0x00B55663) bge a0, a1, 12
mem[X,0x000000008001D008] -> 0x0113
mem[X,0x000000008001D00A] -> 0x0031
[3740] [M]: 0x000000008001D008 (0x00310113) addi sp, sp, 3
x2 <- 0x0000000000000003
mem[X,0x000000008001D00C] -> 0x006F
mem[X,0x000000008001D00E] -> 0x0040
[3741] [M]: 0x000000008001D00C (0x0040006F) jal zero, 4
mem[X,0x000000008001D010] -> 0xB823
mem[X,0x000000008001D012] -> 0x7A20
[3742] [M]: 0x000000008001D010 (0x7A20B823) sd sp, 1968(ra)
mem[0x0000000080049980] <- 0x0000000000000003
mem[X,0x000000008001D014] -> 0x0513
mem[X,0x000000008001D016] -> 0x0050
[3743] [M]: 0x000000008001D014 (0x00500513) addi a0, zero, 5
x10 <- 0x0000000000000005
mem[X,0x000000008001D018] -> 0x0593
mem[X,0x000000008001D01A] -> 0x0060
[3744] [M]: 0x000000008001D018 (0x00600593) addi a1, zero, 6
x11 <- 0x0000000000000006
mem[X,0x000000008001D01C] -> 0x0113
mem[X,0x000000008001D01E] -> 0x0000
[3745] [M]: 0x000000008001D01C (0x00000113) addi sp, zero, 0
x2 <- 0x0000000000000000
mem[X,0x000000008001D020] -> 0x006F
mem[X,0x000000008001D022] -> 0x00C0
[3746] [M]: 0x000000008001D020 (0x00C0006F) jal zero, 12
mem[X,0x000000008001D02C] -> 0x5063
mem[X,0x000000008001D02E] -> 0x20B5
[3747] [M]: 0x000000008001D02C (0x20B55063) bge a0, a1, 512
mem[X,0x000000008001D030] -> 0x0113
mem[X,0x000000008001D032] -> 0x0021
[3748] [M]: 0x000000008001D030 (0x00210113) addi sp, sp, 2
x2 <- 0x0000000000000002
mem[X,0x000000008001D034] -> 0x006F
mem[X,0x000000008001D036] -> 0x2000
[3749] [M]: 0x000000008001D034 (0x2000006F) jal zero, 512
mem[X,0x000000008001D234] -> 0xBC23
mem[X,0x000000008001D236] -> 0x7A20
[3750] [M]: 0x000000008001D234 (0x7A20BC23) sd sp, 1976(ra)
mem[0x0000000080049988] <- 0x0000000000000002
mem[X,0x000000008001D238] -> 0x0513
mem[X,0x000000008001D23A] -> 0x0050
[3751] [M]: 0x000000008001D238 (0x00500513) addi a0, zero, 5
x10 <- 0x0000000000000005
mem[X,0x000000008001D23C] -> 0x35B7
mem[X,0x000000008001D23E] -> 0x3333
[3752] [M]: 0x000000008001D23C (0x333335B7) lui a1, 209715
x11 <- 0x0000000033333000
mem[X,0x000000008001D240] -> 0x8593
mem[X,0x000000008001D242] -> 0x3335
[3753] [M]: 0x000000008001D240 (0x33358593) addi a1, a1, 819
x11 <- 0x0000000033333333
mem[X,0x000000008001D244] -> 0x9593
mem[X,0x000000008001D246] -> 0x00B5
[3754] [M]: 0x000000008001D244 (0x00B59593) slli a1, a1, 11
x11 <- 0x0000019999999800
mem[X,0x000000008001D248] -> 0x8593
mem[X,0x000000008001D24A] -> 0x1995
[3755] [M]: 0x000000008001D248 (0x19958593) addi a1, a1, 409
x11 <- 0x0000019999999999
mem[X,0x000000008001D24C] -> 0x9593
mem[X,0x000000008001D24E] -> 0x00B5
[3756] [M]: 0x000000008001D24C (0x00B59593) slli a1, a1, 11
x11 <- 0x000CCCCCCCCCC800
mem[X,0x000000008001D250] -> 0x8593
mem[X,0x000000008001D252] -> 0x4CC5
[3757] [M]: 0x000000008001D250 (0x4CC58593) addi a1, a1, 1228
x11 <- 0x000CCCCCCCCCCCCC
mem[X,0x000000008001D254] -> 0x9593
mem[X,0x000000008001D256] -> 0x00A5
[3758] [M]: 0x000000008001D254 (0x00A59593) slli a1, a1, 10
x11 <- 0x3333333333333000
mem[X,0x000000008001D258] -> 0x8593
mem[X,0x000000008001D25A] -> 0x3345
[3759] [M]: 0x000000008001D258 (0x33458593) addi a1, a1, 820
x11 <- 0x3333333333333334
mem[X,0x000000008001D25C] -> 0x0113
mem[X,0x000000008001D25E] -> 0x0000
[3760] [M]: 0x000000008001D25C (0x00000113) addi sp, zero, 0
x2 <- 0x0000000000000000
mem[X,0x000000008001D260] -> 0x006F
mem[X,0x000000008001D262] -> 0x00C0
[3761] [M]: 0x000000008001D260 (0x00C0006F) jal zero, 12
mem[X,0x000000008001D26C] -> 0x5663
mem[X,0x000000008001D26E] -> 0x00B5
[3762] [M]: 0x000000008001D26C (0x00B55663) bge a0, a1, 12
mem[X,0x000000008001D270] -> 0x0113
mem[X,0x000000008001D272] -> 0x0021
[3763] [M]: 0x000000008001D270 (0x00210113) addi sp, sp, 2
x2 <- 0x0000000000000002
mem[X,0x000000008001D274] -> 0x006F
mem[X,0x000000008001D276] -> 0x00C0
[3764] [M]: 0x000000008001D274 (0x00C0006F) jal zero, 12
mem[X,0x000000008001D280] -> 0xB023
mem[X,0x000000008001D282] -> 0x7C20
[3765] [M]: 0x000000008001D280 (0x7C20B023) sd sp, 1984(ra)
mem[0x0000000080049990] <- 0x0000000000000002
mem[X,0x000000008001D284] -> 0x0513
mem[X,0x000000008001D286] -> 0x0050
[3766] [M]: 0x000000008001D284 (0x00500513) addi a0, zero, 5
x10 <- 0x0000000000000005
mem[X,0x000000008001D288] -> 0x65B7
mem[X,0x000000008001D28A] -> 0x6666
[3767] [M]: 0x000000008001D288 (0x666665B7) lui a1, 419430
x11 <- 0x0000000066666000
mem[X,0x000000008001D28C] -> 0x8593
mem[X,0x000000008001D28E] -> 0x6665
[3768] [M]: 0x000000008001D28C (0x66658593) addi a1, a1, 1638
x11 <- 0x0000000066666666
mem[X,0x000000008001D290] -> 0x9593
mem[X,0x000000008001D292] -> 0x00B5
[3769] [M]: 0x000000008001D290 (0x00B59593) slli a1, a1, 11
x11 <- 0x0000033333333000
mem[X,0x000000008001D294] -> 0x8593
mem[X,0x000000008001D296] -> 0x3335
[3770] [M]: 0x000000008001D294 (0x33358593) addi a1, a1, 819
x11 <- 0x0000033333333333
mem[X,0x000000008001D298] -> 0x9593
mem[X,0x000000008001D29A] -> 0x00B5
[3771] [M]: 0x000000008001D298 (0x00B59593) slli a1, a1, 11
x11 <- 0x0019999999999800
mem[X,0x000000008001D29C] -> 0x8593
mem[X,0x000000008001D29E] -> 0x1995
[3772] [M]: 0x000000008001D29C (0x19958593) addi a1, a1, 409
x11 <- 0x0019999999999999
mem[X,0x000000008001D2A0] -> 0x9593
mem[X,0x000000008001D2A2] -> 0x00A5
[3773] [M]: 0x000000008001D2A0 (0x00A59593) slli a1, a1, 10
x11 <- 0x6666666666666400
mem[X,0x000000008001D2A4] -> 0x8593
mem[X,0x000000008001D2A6] -> 0x2675
[3774] [M]: 0x000000008001D2A4 (0x26758593) addi a1, a1, 615
x11 <- 0x6666666666666667
mem[X,0x000000008001D2A8] -> 0x0113
mem[X,0x000000008001D2AA] -> 0x0000
[3775] [M]: 0x000000008001D2A8 (0x00000113) addi sp, zero, 0
x2 <- 0x0000000000000000
mem[X,0x000000008001D2AC] -> 0x006F
mem[X,0x000000008001D2AE] -> 0x00C0
[3776] [M]: 0x000000008001D2AC (0x00C0006F) jal zero, 12
mem[X,0x000000008001D2B8] -> 0x5063
mem[X,0x000000008001D2BA] -> 0x04B5
[3777] [M]: 0x000000008001D2B8 (0x04B55063) bge a0, a1, 64
mem[X,0x000000008001D2BC] -> 0x0113
mem[X,0x000000008001D2BE] -> 0x0021
[3778] [M]: 0x000000008001D2BC (0x00210113) addi sp, sp, 2
x2 <- 0x0000000000000002
mem[X,0x000000008001D2C0] -> 0x006F
mem[X,0x000000008001D2C2] -> 0x0400
[3779] [M]: 0x000000008001D2C0 (0x0400006F) jal zero, 64
mem[X,0x000000008001D300] -> 0xB423
mem[X,0x000000008001D302] -> 0x7C20
[3780] [M]: 0x000000008001D300 (0x7C20B423) sd sp, 1992(ra)
mem[0x0000000080049998] <- 0x0000000000000002
mem[X,0x000000008001D304] -> 0x0513
mem[X,0x000000008001D306] -> 0x0050
[3781] [M]: 0x000000008001D304 (0x00500513) addi a0, zero, 5
x10 <- 0x0000000000000005
mem[X,0x000000008001D308] -> 0x05B7
mem[X,0x000000008001D30A] -> 0x0000
[3782] [M]: 0x000000008001D308 (0x000005B7) lui a1, 0
x11 <- 0x0000000000000000
mem[X,0x000000008001D30C] -> 0x8593
mem[X,0x000000008001D30E] -> 0xFFF5
[3783] [M]: 0x000000008001D30C (0xFFF58593) addi a1, a1, 4095
x11 <- 0xFFFFFFFFFFFFFFFF
mem[X,0x000000008001D310] -> 0x9593
mem[X,0x000000008001D312] -> 0x00B5
[3784] [M]: 0x000000008001D310 (0x00B59593) slli a1, a1, 11
x11 <- 0xFFFFFFFFFFFFF800
mem[X,0x000000008001D314] -> 0x8593
mem[X,0x000000008001D316] -> 0x2575
[3785] [M]: 0x000000008001D314 (0x25758593) addi a1, a1, 599
x11 <- 0xFFFFFFFFFFFFFA57
mem[X,0x000000008001D318] -> 0x9593
mem[X,0x000000008001D31A] -> 0x00B5
[3786] [M]: 0x000000008001D318 (0x00B59593) slli a1, a1, 11
x11 <- 0xFFFFFFFFFFD2B800
mem[X,0x000000008001D31C] -> 0x8593
mem[X,0x000000008001D31E] -> 0x6C35
[3787] [M]: 0x000000008001D31C (0x6C358593) addi a1, a1, 1731
x11 <- 0xFFFFFFFFFFD2BEC3
mem[X,0x000000008001D320] -> 0x9593
mem[X,0x000000008001D322] -> 0x00A5
[3788] [M]: 0x000000008001D320 (0x00A59593) slli a1, a1, 10
x11 <- 0xFFFFFFFF4AFB0C00
mem[X,0x000000008001D324] -> 0x8593
mem[X,0x000000008001D326] -> 0x0CE5
[3789] [M]: 0x000000008001D324 (0x0CE58593) addi a1, a1, 206
x11 <- 0xFFFFFFFF4AFB0CCE
mem[X,0x000000008001D328] -> 0x0113
mem[X,0x000000008001D32A] -> 0x0000
[3790] [M]: 0x000000008001D328 (0x00000113) addi sp, zero, 0
x2 <- 0x0000000000000000
mem[X,0x000000008001D32C] -> 0x006F
mem[X,0x000000008001D32E] -> 0x0180
[3791] [M]: 0x000000008001D32C (0x0180006F) jal zero, 24
mem[X,0x000000008001D344] -> 0x56E3
mem[X,0x000000008001D346] -> 0xFEB5
[3792] [M]: 0x000000008001D344 (0xFEB556E3) bge a0, a1, 8172
mem[X,0x000000008001D330] -> 0x0113
mem[X,0x000000008001D332] -> 0x0011
[3793] [M]: 0x000000008001D330 (0x00110113) addi sp, sp, 1
x2 <- 0x0000000000000001
mem[X,0x000000008001D334] -> 0x006F
mem[X,0x000000008001D336] -> 0x0240
[3794] [M]: 0x000000008001D334 (0x0240006F) jal zero, 36
mem[X,0x000000008001D358] -> 0xB823
mem[X,0x000000008001D35A] -> 0x7C20
[3795] [M]: 0x000000008001D358 (0x7C20B823) sd sp, 2000(ra)
mem[0x00000000800499A0] <- 0x0000000000000001
mem[X,0x000000008001D35C] -> 0x0513
mem[X,0x000000008001D35E] -> 0x0050
[3796] [M]: 0x000000008001D35C (0x00500513) addi a0, zero, 5
x10 <- 0x0000000000000005
mem[X,0x000000008001D360] -> 0x05B7
mem[X,0x000000008001D362] -> 0x0000
[3797] [M]: 0x000000008001D360 (0x000005B7) lui a1, 0
x11 <- 0x0000000000000000
mem[X,0x000000008001D364] -> 0x8593
mem[X,0x000000008001D366] -> 0x0005
[3798] [M]: 0x000000008001D364 (0x00058593) addi a1, a1, 0
x11 <- 0x0000000000000000
mem[X,0x000000008001D368] -> 0x9593
mem[X,0x000000008001D36A] -> 0x00B5
[3799] [M]: 0x000000008001D368 (0x00B59593) slli a1, a1, 11
x11 <- 0x0000000000000000
clint::tick mtime <- 0x0000000000000026
 clint timer pending at mtime 0x0000000000000026
htif::tick 0x0000000000000000
mem[X,0x000000008001D36C] -> 0x8593
mem[X,0x000000008001D36E] -> 0x5A85
[3800] [M]: 0x000000008001D36C (0x5A858593) addi a1, a1, 1448
x11 <- 0x00000000000005A8
mem[X,0x000000008001D370] -> 0x9593
mem[X,0x000000008001D372] -> 0x00B5
[3801] [M]: 0x000000008001D370 (0x00B59593) slli a1, a1, 11
x11 <- 0x00000000002D4000
mem[X,0x000000008001D374] -> 0x8593
mem[X,0x000000008001D376] -> 0x13C5
[3802] [M]: 0x000000008001D374 (0x13C58593) addi a1, a1, 316
x11 <- 0x00000000002D413C
mem[X,0x000000008001D378] -> 0x9593
mem[X,0x000000008001D37A] -> 0x00A5
[3803] [M]: 0x000000008001D378 (0x00A59593) slli a1, a1, 10
x11 <- 0x00000000B504F000
mem[X,0x000000008001D37C] -> 0x8593
mem[X,0x000000008001D37E] -> 0x3345
[3804] [M]: 0x000000008001D37C (0x33458593) addi a1, a1, 820
x11 <- 0x00000000B504F334
mem[X,0x000000008001D380] -> 0x0113
mem[X,0x000000008001D382] -> 0x0000
[3805] [M]: 0x000000008001D380 (0x00000113) addi sp, zero, 0
x2 <- 0x0000000000000000
mem[X,0x000000008001D384] -> 0x006F
mem[X,0x000000008001D386] -> 0x00C0
[3806] [M]: 0x000000008001D384 (0x00C0006F) jal zero, 12
mem[X,0x000000008001D390] -> 0x5063
mem[X,0x000000008001D392] -> 0x04B5
[3807] [M]: 0x000000008001D390 (0x04B55063) bge a0, a1, 64
mem[X,0x000000008001D394] -> 0x0113
mem[X,0x000000008001D396] -> 0x0021
[3808] [M]: 0x000000008001D394 (0x00210113) addi sp, sp, 2
x2 <- 0x0000000000000002
mem[X,0x000000008001D398] -> 0x006F
mem[X,0x000000008001D39A] -> 0x0400
[3809] [M]: 0x000000008001D398 (0x0400006F) jal zero, 64
mem[X,0x000000008001D3D8] -> 0xBC23
mem[X,0x000000008001D3DA] -> 0x7C20
[3810] [M]: 0x000000008001D3D8 (0x7C20BC23) sd sp, 2008(ra)
mem[0x00000000800499A8] <- 0x0000000000000002
mem[X,0x000000008001D3DC] -> 0x3537
mem[X,0x000000008001D3DE] -> 0x3333
[3811] [M]: 0x000000008001D3DC (0x33333537) lui a0, 209715
x10 <- 0x0000000033333000
mem[X,0x000000008001D3E0] -> 0x0513
mem[X,0x000000008001D3E2] -> 0x3335
[3812] [M]: 0x000000008001D3E0 (0x33350513) addi a0, a0, 819
x10 <- 0x0000000033333333
mem[X,0x000000008001D3E4] -> 0x1513
mem[X,0x000000008001D3E6] -> 0x00B5
[3813] [M]: 0x000000008001D3E4 (0x00B51513) slli a0, a0, 11
x10 <- 0x0000019999999800
mem[X,0x000000008001D3E8] -> 0x0513
mem[X,0x000000008001D3EA] -> 0x1995
[3814] [M]: 0x000000008001D3E8 (0x19950513) addi a0, a0, 409
x10 <- 0x0000019999999999
mem[X,0x000000008001D3EC] -> 0x1513
mem[X,0x000000008001D3EE] -> 0x00B5
[3815] [M]: 0x000000008001D3EC (0x00B51513) slli a0, a0, 11
x10 <- 0x000CCCCCCCCCC800
mem[X,0x000000008001D3F0] -> 0x0513
mem[X,0x000000008001D3F2] -> 0x4CC5
[3816] [M]: 0x000000008001D3F0 (0x4CC50513) addi a0, a0, 1228
x10 <- 0x000CCCCCCCCCCCCC
mem[X,0x000000008001D3F4] -> 0x1513
mem[X,0x000000008001D3F6] -> 0x00A5
[3817] [M]: 0x000000008001D3F4 (0x00A51513) slli a0, a0, 10
x10 <- 0x3333333333333000
mem[X,0x000000008001D3F8] -> 0x0513
mem[X,0x000000008001D3FA] -> 0x3335
[3818] [M]: 0x000000008001D3F8 (0x33350513) addi a0, a0, 819
x10 <- 0x3333333333333333
mem[X,0x000000008001D3FC] -> 0x0593
mem[X,0x000000008001D3FE] -> 0x0030
[3819] [M]: 0x000000008001D3FC (0x00300593) addi a1, zero, 3
x11 <- 0x0000000000000003
mem[X,0x000000008001D400] -> 0x0113
mem[X,0x000000008001D402] -> 0x0000
[3820] [M]: 0x000000008001D400 (0x00000113) addi sp, zero, 0
x2 <- 0x0000000000000000
mem[X,0x000000008001D404] -> 0x006F
mem[X,0x000000008001D406] -> 0x00C0
[3821] [M]: 0x000000008001D404 (0x00C0006F) jal zero, 12
mem[X,0x000000008001D410] -> 0x5CE3
mem[X,0x000000008001D412] -> 0xFEB5
[3822] [M]: 0x000000008001D410 (0xFEB55CE3) bge a0, a1, 8184
mem[X,0x000000008001D408] -> 0x0113
mem[X,0x000000008001D40A] -> 0x0011
[3823] [M]: 0x000000008001D408 (0x00110113) addi sp, sp, 1
x2 <- 0x0000000000000001
mem[X,0x000000008001D40C] -> 0x006F
mem[X,0x000000008001D40E] -> 0x0180
[3824] [M]: 0x000000008001D40C (0x0180006F) jal zero, 24
mem[X,0x000000008001D424] -> 0xB023
mem[X,0x000000008001D426] -> 0x7E20
[3825] [M]: 0x000000008001D424 (0x7E20B023) sd sp, 2016(ra)
mem[0x00000000800499B0] <- 0x0000000000000001
mem[X,0x000000008001D428] -> 0x3537
mem[X,0x000000008001D42A] -> 0x3333
[3826] [M]: 0x000000008001D428 (0x33333537) lui a0, 209715
x10 <- 0x0000000033333000
mem[X,0x000000008001D42C] -> 0x0513
mem[X,0x000000008001D42E] -> 0x3335
[3827] [M]: 0x000000008001D42C (0x33350513) addi a0, a0, 819
x10 <- 0x0000000033333333
mem[X,0x000000008001D430] -> 0x1513
mem[X,0x000000008001D432] -> 0x00B5
[3828] [M]: 0x000000008001D430 (0x00B51513) slli a0, a0, 11
x10 <- 0x0000019999999800
mem[X,0x000000008001D434] -> 0x0513
mem[X,0x000000008001D436] -> 0x1995
[3829] [M]: 0x000000008001D434 (0x19950513) addi a0, a0, 409
x10 <- 0x0000019999999999
mem[X,0x000000008001D438] -> 0x1513
mem[X,0x000000008001D43A] -> 0x00B5
[3830] [M]: 0x000000008001D438 (0x00B51513) slli a0, a0, 11
x10 <- 0x000CCCCCCCCCC800
mem[X,0x000000008001D43C] -> 0x0513
mem[X,0x000000008001D43E] -> 0x4CC5
[3831] [M]: 0x000000008001D43C (0x4CC50513) addi a0, a0, 1228
x10 <- 0x000CCCCCCCCCCCCC
mem[X,0x000000008001D440] -> 0x1513
mem[X,0x000000008001D442] -> 0x00A5
[3832] [M]: 0x000000008001D440 (0x00A51513) slli a0, a0, 10
x10 <- 0x3333333333333000
mem[X,0x000000008001D444] -> 0x0513
mem[X,0x000000008001D446] -> 0x3335
[3833] [M]: 0x000000008001D444 (0x33350513) addi a0, a0, 819
x10 <- 0x3333333333333333
mem[X,0x000000008001D448] -> 0x55B7
mem[X,0x000000008001D44A] -> 0x5555
[3834] [M]: 0x000000008001D448 (0x555555B7) lui a1, 349525
x11 <- 0x0000000055555000
mem[X,0x000000008001D44C] -> 0x8593
mem[X,0x000000008001D44E] -> 0x5555
[3835] [M]: 0x000000008001D44C (0x55558593) addi a1, a1, 1365
x11 <- 0x0000000055555555
mem[X,0x000000008001D450] -> 0x9593
mem[X,0x000000008001D452] -> 0x00B5
[3836] [M]: 0x000000008001D450 (0x00B59593) slli a1, a1, 11
x11 <- 0x000002AAAAAAA800
mem[X,0x000000008001D454] -> 0x8593
mem[X,0x000000008001D456] -> 0x2AA5
[3837] [M]: 0x000000008001D454 (0x2AA58593) addi a1, a1, 682
x11 <- 0x000002AAAAAAAAAA
mem[X,0x000000008001D458] -> 0x9593
mem[X,0x000000008001D45A] -> 0x00B5
[3838] [M]: 0x000000008001D458 (0x00B59593) slli a1, a1, 11
x11 <- 0x0015555555555000
mem[X,0x000000008001D45C] -> 0x8593
mem[X,0x000000008001D45E] -> 0x5555
[3839] [M]: 0x000000008001D45C (0x55558593) addi a1, a1, 1365
x11 <- 0x0015555555555555
mem[X,0x000000008001D460] -> 0x9593
mem[X,0x000000008001D462] -> 0x00A5
[3840] [M]: 0x000000008001D460 (0x00A59593) slli a1, a1, 10
x11 <- 0x5555555555555400
mem[X,0x000000008001D464] -> 0x8593
mem[X,0x000000008001D466] -> 0x1555
[3841] [M]: 0x000000008001D464 (0x15558593) addi a1, a1, 341
x11 <- 0x5555555555555555
mem[X,0x000000008001D468] -> 0x0113
mem[X,0x000000008001D46A] -> 0x0000
[3842] [M]: 0x000000008001D468 (0x00000113) addi sp, zero, 0
x2 <- 0x0000000000000000
mem[X,0x000000008001D46C] -> 0x006F
mem[X,0x000000008001D46E] -> 0x00C0
[3843] [M]: 0x000000008001D46C (0x00C0006F) jal zero, 12
mem[X,0x000000008001D478] -> 0x5863
mem[X,0x000000008001D47A] -> 0x00B5
[3844] [M]: 0x000000008001D478 (0x00B55863) bge a0, a1, 16
mem[X,0x000000008001D47C] -> 0x0113
mem[X,0x000000008001D47E] -> 0x0021
[3845] [M]: 0x000000008001D47C (0x00210113) addi sp, sp, 2
x2 <- 0x0000000000000002
mem[X,0x000000008001D480] -> 0x006F
mem[X,0x000000008001D482] -> 0x0100
[3846] [M]: 0x000000008001D480 (0x0100006F) jal zero, 16
mem[X,0x000000008001D490] -> 0xB423
mem[X,0x000000008001D492] -> 0x7E20
[3847] [M]: 0x000000008001D490 (0x7E20B423) sd sp, 2024(ra)
mem[0x00000000800499B8] <- 0x0000000000000002
mem[X,0x000000008001D494] -> 0x3537
mem[X,0x000000008001D496] -> 0x3333
[3848] [M]: 0x000000008001D494 (0x33333537) lui a0, 209715
x10 <- 0x0000000033333000
mem[X,0x000000008001D498] -> 0x0513
mem[X,0x000000008001D49A] -> 0x3335
[3849] [M]: 0x000000008001D498 (0x33350513) addi a0, a0, 819
x10 <- 0x0000000033333333
mem[X,0x000000008001D49C] -> 0x1513
mem[X,0x000000008001D49E] -> 0x00B5
[3850] [M]: 0x000000008001D49C (0x00B51513) slli a0, a0, 11
x10 <- 0x0000019999999800
mem[X,0x000000008001D4A0] -> 0x0513
mem[X,0x000000008001D4A2] -> 0x1995
[3851] [M]: 0x000000008001D4A0 (0x19950513) addi a0, a0, 409
x10 <- 0x0000019999999999
mem[X,0x000000008001D4A4] -> 0x1513
mem[X,0x000000008001D4A6] -> 0x00B5
[3852] [M]: 0x000000008001D4A4 (0x00B51513) slli a0, a0, 11
x10 <- 0x000CCCCCCCCCC800
mem[X,0x000000008001D4A8] -> 0x0513
mem[X,0x000000008001D4AA] -> 0x4CC5
[3853] [M]: 0x000000008001D4A8 (0x4CC50513) addi a0, a0, 1228
x10 <- 0x000CCCCCCCCCCCCC
mem[X,0x000000008001D4AC] -> 0x1513
mem[X,0x000000008001D4AE] -> 0x00A5
[3854] [M]: 0x000000008001D4AC (0x00A51513) slli a0, a0, 10
x10 <- 0x3333333333333000
mem[X,0x000000008001D4B0] -> 0x0513
mem[X,0x000000008001D4B2] -> 0x3335
[3855] [M]: 0x000000008001D4B0 (0x33350513) addi a0, a0, 819
x10 <- 0x3333333333333333
mem[X,0x000000008001D4B4] -> 0xB5B7
mem[X,0x000000008001D4B6] -> 0xAAAA
[3856] [M]: 0x000000008001D4B4 (0xAAAAB5B7) lui a1, 699051
x11 <- 0xFFFFFFFFAAAAB000
mem[X,0x000000008001D4B8] -> 0x8593
mem[X,0x000000008001D4BA] -> 0xAAA5
[3857] [M]: 0x000000008001D4B8 (0xAAA58593) addi a1, a1, 2730
x11 <- 0xFFFFFFFFAAAAAAAA
mem[X,0x000000008001D4BC] -> 0x9593
mem[X,0x000000008001D4BE] -> 0x00B5
[3858] [M]: 0x000000008001D4BC (0x00B59593) slli a1, a1, 11
x11 <- 0xFFFFFD5555555000
mem[X,0x000000008001D4C0] -> 0x8593
mem[X,0x000000008001D4C2] -> 0x5555
[3859] [M]: 0x000000008001D4C0 (0x55558593) addi a1, a1, 1365
x11 <- 0xFFFFFD5555555555
mem[X,0x000000008001D4C4] -> 0x9593
mem[X,0x000000008001D4C6] -> 0x00B5
[3860] [M]: 0x000000008001D4C4 (0x00B59593) slli a1, a1, 11
x11 <- 0xFFEAAAAAAAAAA800
mem[X,0x000000008001D4C8] -> 0x8593
mem[X,0x000000008001D4CA] -> 0x2AA5
[3861] [M]: 0x000000008001D4C8 (0x2AA58593) addi a1, a1, 682
x11 <- 0xFFEAAAAAAAAAAAAA
mem[X,0x000000008001D4CC] -> 0x9593
mem[X,0x000000008001D4CE] -> 0x00A5
[3862] [M]: 0x000000008001D4CC (0x00A59593) slli a1, a1, 10
x11 <- 0xAAAAAAAAAAAAA800
mem[X,0x000000008001D4D0] -> 0x8593
mem[X,0x000000008001D4D2] -> 0x2AA5
[3863] [M]: 0x000000008001D4D0 (0x2AA58593) addi a1, a1, 682
x11 <- 0xAAAAAAAAAAAAAAAA
mem[X,0x000000008001D4D4] -> 0x0113
mem[X,0x000000008001D4D6] -> 0x0000
[3864] [M]: 0x000000008001D4D4 (0x00000113) addi sp, zero, 0
x2 <- 0x0000000000000000
mem[X,0x000000008001D4D8] -> 0x006F
mem[X,0x000000008001D4DA] -> 0x00C0
[3865] [M]: 0x000000008001D4D8 (0x00C0006F) jal zero, 12
mem[X,0x000000008001D4E4] -> 0x5063
mem[X,0x000000008001D4E6] -> 0x10B5
[3866] [M]: 0x000000008001D4E4 (0x10B55063) bge a0, a1, 256
mem[X,0x000000008001D5E4] -> 0x0113
mem[X,0x000000008001D5E6] -> 0x0031
[3867] [M]: 0x000000008001D5E4 (0x00310113) addi sp, sp, 3
x2 <- 0x0000000000000003
mem[X,0x000000008001D5E8] -> 0x006F
mem[X,0x000000008001D5EA] -> 0x0040
[3868] [M]: 0x000000008001D5E8 (0x0040006F) jal zero, 4
mem[X,0x000000008001D5EC] -> 0xB823
mem[X,0x000000008001D5EE] -> 0x7E20
[3869] [M]: 0x000000008001D5EC (0x7E20B823) sd sp, 2032(ra)
mem[0x00000000800499C0] <- 0x0000000000000003
mem[X,0x000000008001D5F0] -> 0x3537
mem[X,0x000000008001D5F2] -> 0x3333
[3870] [M]: 0x000000008001D5F0 (0x33333537) lui a0, 209715
x10 <- 0x0000000033333000
mem[X,0x000000008001D5F4] -> 0x0513
mem[X,0x000000008001D5F6] -> 0x3335
[3871] [M]: 0x000000008001D5F4 (0x33350513) addi a0, a0, 819
x10 <- 0x0000000033333333
mem[X,0x000000008001D5F8] -> 0x1513
mem[X,0x000000008001D5FA] -> 0x00B5
[3872] [M]: 0x000000008001D5F8 (0x00B51513) slli a0, a0, 11
x10 <- 0x0000019999999800
mem[X,0x000000008001D5FC] -> 0x0513
mem[X,0x000000008001D5FE] -> 0x1995
[3873] [M]: 0x000000008001D5FC (0x19950513) addi a0, a0, 409
x10 <- 0x0000019999999999
mem[X,0x000000008001D600] -> 0x1513
mem[X,0x000000008001D602] -> 0x00B5
[3874] [M]: 0x000000008001D600 (0x00B51513) slli a0, a0, 11
x10 <- 0x000CCCCCCCCCC800
mem[X,0x000000008001D604] -> 0x0513
mem[X,0x000000008001D606] -> 0x4CC5
[3875] [M]: 0x000000008001D604 (0x4CC50513) addi a0, a0, 1228
x10 <- 0x000CCCCCCCCCCCCC
mem[X,0x000000008001D608] -> 0x1513
mem[X,0x000000008001D60A] -> 0x00A5
[3876] [M]: 0x000000008001D608 (0x00A51513) slli a0, a0, 10
x10 <- 0x3333333333333000
mem[X,0x000000008001D60C] -> 0x0513
mem[X,0x000000008001D60E] -> 0x3335
[3877] [M]: 0x000000008001D60C (0x33350513) addi a0, a0, 819
x10 <- 0x3333333333333333
mem[X,0x000000008001D610] -> 0x0593
mem[X,0x000000008001D612] -> 0x0050
[3878] [M]: 0x000000008001D610 (0x00500593) addi a1, zero, 5
x11 <- 0x0000000000000005
mem[X,0x000000008001D614] -> 0x0113
mem[X,0x000000008001D616] -> 0x0000
[3879] [M]: 0x000000008001D614 (0x00000113) addi sp, zero, 0
x2 <- 0x0000000000000000
mem[X,0x000000008001D618] -> 0x006F
mem[X,0x000000008001D61A] -> 0x2B10
[3880] [M]: 0x000000008001D618 (0x2B10006F) jal zero, 2736
mem[X,0x000000008001E0C8] -> 0x5A63
mem[X,0x000000008001E0CA] -> 0xD4B5
[3881] [M]: 0x000000008001E0C8 (0xD4B55A63) bge a0, a1, 5460
mem[X,0x000000008001D61C] -> 0x0113
mem[X,0x000000008001D61E] -> 0x0011
[3882] [M]: 0x000000008001D61C (0x00110113) addi sp, sp, 1
x2 <- 0x0000000000000001
mem[X,0x000000008001D620] -> 0x006F
mem[X,0x000000008001D622] -> 0x2BD0
[3883] [M]: 0x000000008001D620 (0x2BD0006F) jal zero, 2748
mem[X,0x000000008001E0DC] -> 0xBC23
mem[X,0x000000008001E0DE] -> 0x7E20
[3884] [M]: 0x000000008001E0DC (0x7E20BC23) sd sp, 2040(ra)
mem[0x00000000800499C8] <- 0x0000000000000001
mem[X,0x000000008001E0E0] -> 0xC097
mem[X,0x000000008001E0E2] -> 0x0002
[3885] [M]: 0x000000008001E0E0 (0x0002C097) auipc ra, 44
x1 <- 0x000000008004A0E0
mem[X,0x000000008001E0E4] -> 0x8093
mem[X,0x000000008001E0E6] -> 0x8F00
[3886] [M]: 0x000000008001E0E4 (0x8F008093) addi ra, ra, 2288
x1 <- 0x00000000800499D0
mem[X,0x000000008001E0E8] -> 0x0013
mem[X,0x000000008001E0EA] -> 0x0000
[3887] [M]: 0x000000008001E0E8 (0x00000013) addi zero, zero, 0
mem[X,0x000000008001E0EC] -> 0x0013
mem[X,0x000000008001E0EE] -> 0x0000
[3888] [M]: 0x000000008001E0EC (0x00000013) addi zero, zero, 0
mem[X,0x000000008001E0F0] -> 0x0013
mem[X,0x000000008001E0F2] -> 0x0000
[3889] [M]: 0x000000008001E0F0 (0x00000013) addi zero, zero, 0
mem[X,0x000000008001E0F4] -> 0x0013
mem[X,0x000000008001E0F6] -> 0x0000
[3890] [M]: 0x000000008001E0F4 (0x00000013) addi zero, zero, 0
mem[X,0x000000008001E0F8] -> 0x0013
mem[X,0x000000008001E0FA] -> 0x0000
[3891] [M]: 0x000000008001E0F8 (0x00000013) addi zero, zero, 0
mem[X,0x000000008001E0FC] -> 0x0013
mem[X,0x000000008001E0FE] -> 0x0000
[3892] [M]: 0x000000008001E0FC (0x00000013) addi zero, zero, 0
mem[X,0x000000008001E100] -> 0x3537
mem[X,0x000000008001E102] -> 0x3333
[3893] [M]: 0x000000008001E100 (0x33333537) lui a0, 209715
x10 <- 0x0000000033333000
mem[X,0x000000008001E104] -> 0x0513
mem[X,0x000000008001E106] -> 0x3335
[3894] [M]: 0x000000008001E104 (0x33350513) addi a0, a0, 819
x10 <- 0x0000000033333333
mem[X,0x000000008001E108] -> 0x1513
mem[X,0x000000008001E10A] -> 0x00B5
[3895] [M]: 0x000000008001E108 (0x00B51513) slli a0, a0, 11
x10 <- 0x0000019999999800
mem[X,0x000000008001E10C] -> 0x0513
mem[X,0x000000008001E10E] -> 0x1995
[3896] [M]: 0x000000008001E10C (0x19950513) addi a0, a0, 409
x10 <- 0x0000019999999999
mem[X,0x000000008001E110] -> 0x1513
mem[X,0x000000008001E112] -> 0x00B5
[3897] [M]: 0x000000008001E110 (0x00B51513) slli a0, a0, 11
x10 <- 0x000CCCCCCCCCC800
mem[X,0x000000008001E114] -> 0x0513
mem[X,0x000000008001E116] -> 0x4CC5
[3898] [M]: 0x000000008001E114 (0x4CC50513) addi a0, a0, 1228
x10 <- 0x000CCCCCCCCCCCCC
mem[X,0x000000008001E118] -> 0x1513
mem[X,0x000000008001E11A] -> 0x00A5
[3899] [M]: 0x000000008001E118 (0x00A51513) slli a0, a0, 10
x10 <- 0x3333333333333000
clint::tick mtime <- 0x0000000000000027
 clint timer pending at mtime 0x0000000000000027
htif::tick 0x0000000000000000
mem[X,0x000000008001E11C] -> 0x0513
mem[X,0x000000008001E11E] -> 0x3335
[3900] [M]: 0x000000008001E11C (0x33350513) addi a0, a0, 819
x10 <- 0x3333333333333333
mem[X,0x000000008001E120] -> 0x35B7
mem[X,0x000000008001E122] -> 0x3333
[3901] [M]: 0x000000008001E120 (0x333335B7) lui a1, 209715
x11 <- 0x0000000033333000
mem[X,0x000000008001E124] -> 0x8593
mem[X,0x000000008001E126] -> 0x3335
[3902] [M]: 0x000000008001E124 (0x33358593) addi a1, a1, 819
x11 <- 0x0000000033333333
mem[X,0x000000008001E128] -> 0x9593
mem[X,0x000000008001E12A] -> 0x00B5
[3903] [M]: 0x000000008001E128 (0x00B59593) slli a1, a1, 11
x11 <- 0x0000019999999800
mem[X,0x000000008001E12C] -> 0x8593
mem[X,0x000000008001E12E] -> 0x1995
[3904] [M]: 0x000000008001E12C (0x19958593) addi a1, a1, 409
x11 <- 0x0000019999999999
mem[X,0x000000008001E130] -> 0x9593
mem[X,0x000000008001E132] -> 0x00B5
[3905] [M]: 0x000000008001E130 (0x00B59593) slli a1, a1, 11
x11 <- 0x000CCCCCCCCCC800
mem[X,0x000000008001E134] -> 0x8593
mem[X,0x000000008001E136] -> 0x4CC5
[3906] [M]: 0x000000008001E134 (0x4CC58593) addi a1, a1, 1228
x11 <- 0x000CCCCCCCCCCCCC
mem[X,0x000000008001E138] -> 0x9593
mem[X,0x000000008001E13A] -> 0x00A5
[3907] [M]: 0x000000008001E138 (0x00A59593) slli a1, a1, 10
x11 <- 0x3333333333333000
mem[X,0x000000008001E13C] -> 0x8593
mem[X,0x000000008001E13E] -> 0x3335
[3908] [M]: 0x000000008001E13C (0x33358593) addi a1, a1, 819
x11 <- 0x3333333333333333
mem[X,0x000000008001E140] -> 0x0113
mem[X,0x000000008001E142] -> 0x0000
[3909] [M]: 0x000000008001E140 (0x00000113) addi sp, zero, 0
x2 <- 0x0000000000000000
mem[X,0x000000008001E144] -> 0x006F
mem[X,0x000000008001E146] -> 0x00C0
[3910] [M]: 0x000000008001E144 (0x00C0006F) jal zero, 12
mem[X,0x000000008001E150] -> 0x5663
mem[X,0x000000008001E152] -> 0x00B5
[3911] [M]: 0x000000008001E150 (0x00B55663) bge a0, a1, 12
mem[X,0x000000008001E15C] -> 0x0113
mem[X,0x000000008001E15E] -> 0x0031
[3912] [M]: 0x000000008001E15C (0x00310113) addi sp, sp, 3
x2 <- 0x0000000000000003
mem[X,0x000000008001E160] -> 0x006F
mem[X,0x000000008001E162] -> 0x0040
[3913] [M]: 0x000000008001E160 (0x0040006F) jal zero, 4
mem[X,0x000000008001E164] -> 0xB023
mem[X,0x000000008001E166] -> 0x0020
[3914] [M]: 0x000000008001E164 (0x0020B023) sd sp, 0(ra)
mem[0x00000000800499D0] <- 0x0000000000000003
mem[X,0x000000008001E168] -> 0x3537
mem[X,0x000000008001E16A] -> 0x3333
[3915] [M]: 0x000000008001E168 (0x33333537) lui a0, 209715
x10 <- 0x0000000033333000
mem[X,0x000000008001E16C] -> 0x0513
mem[X,0x000000008001E16E] -> 0x3335
[3916] [M]: 0x000000008001E16C (0x33350513) addi a0, a0, 819
x10 <- 0x0000000033333333
mem[X,0x000000008001E170] -> 0x1513
mem[X,0x000000008001E172] -> 0x00B5
[3917] [M]: 0x000000008001E170 (0x00B51513) slli a0, a0, 11
x10 <- 0x0000019999999800
mem[X,0x000000008001E174] -> 0x0513
mem[X,0x000000008001E176] -> 0x1995
[3918] [M]: 0x000000008001E174 (0x19950513) addi a0, a0, 409
x10 <- 0x0000019999999999
mem[X,0x000000008001E178] -> 0x1513
mem[X,0x000000008001E17A] -> 0x00B5
[3919] [M]: 0x000000008001E178 (0x00B51513) slli a0, a0, 11
x10 <- 0x000CCCCCCCCCC800
mem[X,0x000000008001E17C] -> 0x0513
mem[X,0x000000008001E17E] -> 0x4CC5
[3920] [M]: 0x000000008001E17C (0x4CC50513) addi a0, a0, 1228
x10 <- 0x000CCCCCCCCCCCCC
mem[X,0x000000008001E180] -> 0x1513
mem[X,0x000000008001E182] -> 0x00A5
[3921] [M]: 0x000000008001E180 (0x00A51513) slli a0, a0, 10
x10 <- 0x3333333333333000
mem[X,0x000000008001E184] -> 0x0513
mem[X,0x000000008001E186] -> 0x3335
[3922] [M]: 0x000000008001E184 (0x33350513) addi a0, a0, 819
x10 <- 0x3333333333333333
mem[X,0x000000008001E188] -> 0x65B7
mem[X,0x000000008001E18A] -> 0x6666
[3923] [M]: 0x000000008001E188 (0x666665B7) lui a1, 419430
x11 <- 0x0000000066666000
mem[X,0x000000008001E18C] -> 0x8593
mem[X,0x000000008001E18E] -> 0x6665
[3924] [M]: 0x000000008001E18C (0x66658593) addi a1, a1, 1638
x11 <- 0x0000000066666666
mem[X,0x000000008001E190] -> 0x9593
mem[X,0x000000008001E192] -> 0x00B5
[3925] [M]: 0x000000008001E190 (0x00B59593) slli a1, a1, 11
x11 <- 0x0000033333333000
mem[X,0x000000008001E194] -> 0x8593
mem[X,0x000000008001E196] -> 0x3335
[3926] [M]: 0x000000008001E194 (0x33358593) addi a1, a1, 819
x11 <- 0x0000033333333333
mem[X,0x000000008001E198] -> 0x9593
mem[X,0x000000008001E19A] -> 0x00B5
[3927] [M]: 0x000000008001E198 (0x00B59593) slli a1, a1, 11
x11 <- 0x0019999999999800
mem[X,0x000000008001E19C] -> 0x8593
mem[X,0x000000008001E19E] -> 0x1995
[3928] [M]: 0x000000008001E19C (0x19958593) addi a1, a1, 409
x11 <- 0x0019999999999999
mem[X,0x000000008001E1A0] -> 0x9593
mem[X,0x000000008001E1A2] -> 0x00A5
[3929] [M]: 0x000000008001E1A0 (0x00A59593) slli a1, a1, 10
x11 <- 0x6666666666666400
mem[X,0x000000008001E1A4] -> 0x8593
mem[X,0x000000008001E1A6] -> 0x2665
[3930] [M]: 0x000000008001E1A4 (0x26658593) addi a1, a1, 614
x11 <- 0x6666666666666666
mem[X,0x000000008001E1A8] -> 0x0113
mem[X,0x000000008001E1AA] -> 0x0000
[3931] [M]: 0x000000008001E1A8 (0x00000113) addi sp, zero, 0
x2 <- 0x0000000000000000
mem[X,0x000000008001E1AC] -> 0x006F
mem[X,0x000000008001E1AE] -> 0x2B10
[3932] [M]: 0x000000008001E1AC (0x2B10006F) jal zero, 2736
mem[X,0x000000008001EC5C] -> 0x5A63
mem[X,0x000000008001EC5E] -> 0xD4B5
[3933] [M]: 0x000000008001EC5C (0xD4B55A63) bge a0, a1, 5460
mem[X,0x000000008001EC60] -> 0x0113
mem[X,0x000000008001EC62] -> 0x0021
[3934] [M]: 0x000000008001EC60 (0x00210113) addi sp, sp, 2
x2 <- 0x0000000000000002
mem[X,0x000000008001EC64] -> 0x006F
mem[X,0x000000008001EC66] -> 0x00C0
[3935] [M]: 0x000000008001EC64 (0x00C0006F) jal zero, 12
mem[X,0x000000008001EC70] -> 0xB423
mem[X,0x000000008001EC72] -> 0x0020
[3936] [M]: 0x000000008001EC70 (0x0020B423) sd sp, 8(ra)
mem[0x00000000800499D8] <- 0x0000000000000002
mem[X,0x000000008001EC74] -> 0x3537
mem[X,0x000000008001EC76] -> 0x3333
[3937] [M]: 0x000000008001EC74 (0x33333537) lui a0, 209715
x10 <- 0x0000000033333000
mem[X,0x000000008001EC78] -> 0x0513
mem[X,0x000000008001EC7A] -> 0x3335
[3938] [M]: 0x000000008001EC78 (0x33350513) addi a0, a0, 819
x10 <- 0x0000000033333333
mem[X,0x000000008001EC7C] -> 0x1513
mem[X,0x000000008001EC7E] -> 0x00B5
[3939] [M]: 0x000000008001EC7C (0x00B51513) slli a0, a0, 11
x10 <- 0x0000019999999800
mem[X,0x000000008001EC80] -> 0x0513
mem[X,0x000000008001EC82] -> 0x1995
[3940] [M]: 0x000000008001EC80 (0x19950513) addi a0, a0, 409
x10 <- 0x0000019999999999
mem[X,0x000000008001EC84] -> 0x1513
mem[X,0x000000008001EC86] -> 0x00B5
[3941] [M]: 0x000000008001EC84 (0x00B51513) slli a0, a0, 11
x10 <- 0x000CCCCCCCCCC800
mem[X,0x000000008001EC88] -> 0x0513
mem[X,0x000000008001EC8A] -> 0x4CC5
[3942] [M]: 0x000000008001EC88 (0x4CC50513) addi a0, a0, 1228
x10 <- 0x000CCCCCCCCCCCCC
mem[X,0x000000008001EC8C] -> 0x1513
mem[X,0x000000008001EC8E] -> 0x00A5
[3943] [M]: 0x000000008001EC8C (0x00A51513) slli a0, a0, 10
x10 <- 0x3333333333333000
mem[X,0x000000008001EC90] -> 0x0513
mem[X,0x000000008001EC92] -> 0x3335
[3944] [M]: 0x000000008001EC90 (0x33350513) addi a0, a0, 819
x10 <- 0x3333333333333333
mem[X,0x000000008001EC94] -> 0x05B7
mem[X,0x000000008001EC96] -> 0x0000
[3945] [M]: 0x000000008001EC94 (0x000005B7) lui a1, 0
x11 <- 0x0000000000000000
mem[X,0x000000008001EC98] -> 0x8593
mem[X,0x000000008001EC9A] -> 0xFFF5
[3946] [M]: 0x000000008001EC98 (0xFFF58593) addi a1, a1, 4095
x11 <- 0xFFFFFFFFFFFFFFFF
mem[X,0x000000008001EC9C] -> 0x9593
mem[X,0x000000008001EC9E] -> 0x00B5
[3947] [M]: 0x000000008001EC9C (0x00B59593) slli a1, a1, 11
x11 <- 0xFFFFFFFFFFFFF800
mem[X,0x000000008001ECA0] -> 0x8593
mem[X,0x000000008001ECA2] -> 0x2575
[3948] [M]: 0x000000008001ECA0 (0x25758593) addi a1, a1, 599
x11 <- 0xFFFFFFFFFFFFFA57
mem[X,0x000000008001ECA4] -> 0x9593
mem[X,0x000000008001ECA6] -> 0x00B5
[3949] [M]: 0x000000008001ECA4 (0x00B59593) slli a1, a1, 11
x11 <- 0xFFFFFFFFFFD2B800
mem[X,0x000000008001ECA8] -> 0x8593
mem[X,0x000000008001ECAA] -> 0x6C35
[3950] [M]: 0x000000008001ECA8 (0x6C358593) addi a1, a1, 1731
x11 <- 0xFFFFFFFFFFD2BEC3
mem[X,0x000000008001ECAC] -> 0x9593
mem[X,0x000000008001ECAE] -> 0x00A5
[3951] [M]: 0x000000008001ECAC (0x00A59593) slli a1, a1, 10
x11 <- 0xFFFFFFFF4AFB0C00
mem[X,0x000000008001ECB0] -> 0x8593
mem[X,0x000000008001ECB2] -> 0x0CD5
[3952] [M]: 0x000000008001ECB0 (0x0CD58593) addi a1, a1, 205
x11 <- 0xFFFFFFFF4AFB0CCD
mem[X,0x000000008001ECB4] -> 0x0113
mem[X,0x000000008001ECB6] -> 0x0000
[3953] [M]: 0x000000008001ECB4 (0x00000113) addi sp, zero, 0
x2 <- 0x0000000000000000
mem[X,0x000000008001ECB8] -> 0x006F
mem[X,0x000000008001ECBA] -> 0x00C0
[3954] [M]: 0x000000008001ECB8 (0x00C0006F) jal zero, 12
mem[X,0x000000008001ECC4] -> 0x5063
mem[X,0x000000008001ECC6] -> 0x08B5
[3955] [M]: 0x000000008001ECC4 (0x08B55063) bge a0, a1, 128
mem[X,0x000000008001ED44] -> 0x0113
mem[X,0x000000008001ED46] -> 0x0031
[3956] [M]: 0x000000008001ED44 (0x00310113) addi sp, sp, 3
x2 <- 0x0000000000000003
mem[X,0x000000008001ED48] -> 0x006F
mem[X,0x000000008001ED4A] -> 0x0040
[3957] [M]: 0x000000008001ED48 (0x0040006F) jal zero, 4
mem[X,0x000000008001ED4C] -> 0xB823
mem[X,0x000000008001ED4E] -> 0x0020
[3958] [M]: 0x000000008001ED4C (0x0020B823) sd sp, 16(ra)
mem[0x00000000800499E0] <- 0x0000000000000003
mem[X,0x000000008001ED50] -> 0x3537
mem[X,0x000000008001ED52] -> 0x3333
[3959] [M]: 0x000000008001ED50 (0x33333537) lui a0, 209715
x10 <- 0x0000000033333000
mem[X,0x000000008001ED54] -> 0x0513
mem[X,0x000000008001ED56] -> 0x3335
[3960] [M]: 0x000000008001ED54 (0x33350513) addi a0, a0, 819
x10 <- 0x0000000033333333
mem[X,0x000000008001ED58] -> 0x1513
mem[X,0x000000008001ED5A] -> 0x00B5
[3961] [M]: 0x000000008001ED58 (0x00B51513) slli a0, a0, 11
x10 <- 0x0000019999999800
mem[X,0x000000008001ED5C] -> 0x0513
mem[X,0x000000008001ED5E] -> 0x1995
[3962] [M]: 0x000000008001ED5C (0x19950513) addi a0, a0, 409
x10 <- 0x0000019999999999
mem[X,0x000000008001ED60] -> 0x1513
mem[X,0x000000008001ED62] -> 0x00B5
[3963] [M]: 0x000000008001ED60 (0x00B51513) slli a0, a0, 11
x10 <- 0x000CCCCCCCCCC800
mem[X,0x000000008001ED64] -> 0x0513
mem[X,0x000000008001ED66] -> 0x4CC5
[3964] [M]: 0x000000008001ED64 (0x4CC50513) addi a0, a0, 1228
x10 <- 0x000CCCCCCCCCCCCC
mem[X,0x000000008001ED68] -> 0x1513
mem[X,0x000000008001ED6A] -> 0x00A5
[3965] [M]: 0x000000008001ED68 (0x00A51513) slli a0, a0, 10
x10 <- 0x3333333333333000
mem[X,0x000000008001ED6C] -> 0x0513
mem[X,0x000000008001ED6E] -> 0x3335
[3966] [M]: 0x000000008001ED6C (0x33350513) addi a0, a0, 819
x10 <- 0x3333333333333333
mem[X,0x000000008001ED70] -> 0x05B7
mem[X,0x000000008001ED72] -> 0x0000
[3967] [M]: 0x000000008001ED70 (0x000005B7) lui a1, 0
x11 <- 0x0000000000000000
mem[X,0x000000008001ED74] -> 0x8593
mem[X,0x000000008001ED76] -> 0x0005
[3968] [M]: 0x000000008001ED74 (0x00058593) addi a1, a1, 0
x11 <- 0x0000000000000000
mem[X,0x000000008001ED78] -> 0x9593
mem[X,0x000000008001ED7A] -> 0x00B5
[3969] [M]: 0x000000008001ED78 (0x00B59593) slli a1, a1, 11
x11 <- 0x0000000000000000
mem[X,0x000000008001ED7C] -> 0x8593
mem[X,0x000000008001ED7E] -> 0x5A85
[3970] [M]: 0x000000008001ED7C (0x5A858593) addi a1, a1, 1448
x11 <- 0x00000000000005A8
mem[X,0x000000008001ED80] -> 0x9593
mem[X,0x000000008001ED82] -> 0x00B5
[3971] [M]: 0x000000008001ED80 (0x00B59593) slli a1, a1, 11
x11 <- 0x00000000002D4000
mem[X,0x000000008001ED84] -> 0x8593
mem[X,0x000000008001ED86] -> 0x13C5
[3972] [M]: 0x000000008001ED84 (0x13C58593) addi a1, a1, 316
x11 <- 0x00000000002D413C
mem[X,0x000000008001ED88] -> 0x9593
mem[X,0x000000008001ED8A] -> 0x00A5
[3973] [M]: 0x000000008001ED88 (0x00A59593) slli a1, a1, 10
x11 <- 0x00000000B504F000
mem[X,0x000000008001ED8C] -> 0x8593
mem[X,0x000000008001ED8E] -> 0x3335
[3974] [M]: 0x000000008001ED8C (0x33358593) addi a1, a1, 819
x11 <- 0x00000000B504F333
mem[X,0x000000008001ED90] -> 0x0113
mem[X,0x000000008001ED92] -> 0x0000
[3975] [M]: 0x000000008001ED90 (0x00000113) addi sp, zero, 0
x2 <- 0x0000000000000000
mem[X,0x000000008001ED94] -> 0x006F
mem[X,0x000000008001ED96] -> 0x00C0
[3976] [M]: 0x000000008001ED94 (0x00C0006F) jal zero, 12
mem[X,0x000000008001EDA0] -> 0x5663
mem[X,0x000000008001EDA2] -> 0x00B5
[3977] [M]: 0x000000008001EDA0 (0x00B55663) bge a0, a1, 12
mem[X,0x000000008001EDAC] -> 0x0113
mem[X,0x000000008001EDAE] -> 0x0031
[3978] [M]: 0x000000008001EDAC (0x00310113) addi sp, sp, 3
x2 <- 0x0000000000000003
mem[X,0x000000008001EDB0] -> 0x006F
mem[X,0x000000008001EDB2] -> 0x0040
[3979] [M]: 0x000000008001EDB0 (0x0040006F) jal zero, 4
mem[X,0x000000008001EDB4] -> 0xBC23
mem[X,0x000000008001EDB6] -> 0x0020
[3980] [M]: 0x000000008001EDB4 (0x0020BC23) sd sp, 24(ra)
mem[0x00000000800499E8] <- 0x0000000000000003
mem[X,0x000000008001EDB8] -> 0x3537
mem[X,0x000000008001EDBA] -> 0x3333
[3981] [M]: 0x000000008001EDB8 (0x33333537) lui a0, 209715
x10 <- 0x0000000033333000
mem[X,0x000000008001EDBC] -> 0x0513
mem[X,0x000000008001EDBE] -> 0x3335
[3982] [M]: 0x000000008001EDBC (0x33350513) addi a0, a0, 819
x10 <- 0x0000000033333333
mem[X,0x000000008001EDC0] -> 0x1513
mem[X,0x000000008001EDC2] -> 0x00B5
[3983] [M]: 0x000000008001EDC0 (0x00B51513) slli a0, a0, 11
x10 <- 0x0000019999999800
mem[X,0x000000008001EDC4] -> 0x0513
mem[X,0x000000008001EDC6] -> 0x1995
[3984] [M]: 0x000000008001EDC4 (0x19950513) addi a0, a0, 409
x10 <- 0x0000019999999999
mem[X,0x000000008001EDC8] -> 0x1513
mem[X,0x000000008001EDCA] -> 0x00B5
[3985] [M]: 0x000000008001EDC8 (0x00B51513) slli a0, a0, 11
x10 <- 0x000CCCCCCCCCC800
mem[X,0x000000008001EDCC] -> 0x0513
mem[X,0x000000008001EDCE] -> 0x4CC5
[3986] [M]: 0x000000008001EDCC (0x4CC50513) addi a0, a0, 1228
x10 <- 0x000CCCCCCCCCCCCC
mem[X,0x000000008001EDD0] -> 0x1513
mem[X,0x000000008001EDD2] -> 0x00A5
[3987] [M]: 0x000000008001EDD0 (0x00A51513) slli a0, a0, 10
x10 <- 0x3333333333333000
mem[X,0x000000008001EDD4] -> 0x0513
mem[X,0x000000008001EDD6] -> 0x3335
[3988] [M]: 0x000000008001EDD4 (0x33350513) addi a0, a0, 819
x10 <- 0x3333333333333333
mem[X,0x000000008001EDD8] -> 0x0593
mem[X,0x000000008001EDDA] -> 0x0020
[3989] [M]: 0x000000008001EDD8 (0x00200593) addi a1, zero, 2
x11 <- 0x0000000000000002
mem[X,0x000000008001EDDC] -> 0x0113
mem[X,0x000000008001EDDE] -> 0x0000
[3990] [M]: 0x000000008001EDDC (0x00000113) addi sp, zero, 0
x2 <- 0x0000000000000000
mem[X,0x000000008001EDE0] -> 0x006F
mem[X,0x000000008001EDE2] -> 0x00C0
[3991] [M]: 0x000000008001EDE0 (0x00C0006F) jal zero, 12
mem[X,0x000000008001EDEC] -> 0x5063
mem[X,0x000000008001EDEE] -> 0x08B5
[3992] [M]: 0x000000008001EDEC (0x08B55063) bge a0, a1, 128
mem[X,0x000000008001EE6C] -> 0x0113
mem[X,0x000000008001EE6E] -> 0x0031
[3993] [M]: 0x000000008001EE6C (0x00310113) addi sp, sp, 3
x2 <- 0x0000000000000003
mem[X,0x000000008001EE70] -> 0x006F
mem[X,0x000000008001EE72] -> 0x0040
[3994] [M]: 0x000000008001EE70 (0x0040006F) jal zero, 4
mem[X,0x000000008001EE74] -> 0xB023
mem[X,0x000000008001EE76] -> 0x0220
[3995] [M]: 0x000000008001EE74 (0x0220B023) sd sp, 32(ra)
mem[0x00000000800499F0] <- 0x0000000000000003
mem[X,0x000000008001EE78] -> 0x3537
mem[X,0x000000008001EE7A] -> 0x3333
[3996] [M]: 0x000000008001EE78 (0x33333537) lui a0, 209715
x10 <- 0x0000000033333000
mem[X,0x000000008001EE7C] -> 0x0513
mem[X,0x000000008001EE7E] -> 0x3335
[3997] [M]: 0x000000008001EE7C (0x33350513) addi a0, a0, 819
x10 <- 0x0000000033333333
mem[X,0x000000008001EE80] -> 0x1513
mem[X,0x000000008001EE82] -> 0x00B5
[3998] [M]: 0x000000008001EE80 (0x00B51513) slli a0, a0, 11
x10 <- 0x0000019999999800
mem[X,0x000000008001EE84] -> 0x0513
mem[X,0x000000008001EE86] -> 0x1995
[3999] [M]: 0x000000008001EE84 (0x19950513) addi a0, a0, 409
x10 <- 0x0000019999999999
clint::tick mtime <- 0x0000000000000028
 clint timer pending at mtime 0x0000000000000028
htif::tick 0x0000000000000000
mem[X,0x000000008001EE88] -> 0x1513
mem[X,0x000000008001EE8A] -> 0x00B5
[4000] [M]: 0x000000008001EE88 (0x00B51513) slli a0, a0, 11
x10 <- 0x000CCCCCCCCCC800
mem[X,0x000000008001EE8C] -> 0x0513
mem[X,0x000000008001EE8E] -> 0x4CC5
[4001] [M]: 0x000000008001EE8C (0x4CC50513) addi a0, a0, 1228
x10 <- 0x000CCCCCCCCCCCCC
mem[X,0x000000008001EE90] -> 0x1513
mem[X,0x000000008001EE92] -> 0x00A5
[4002] [M]: 0x000000008001EE90 (0x00A51513) slli a0, a0, 10
x10 <- 0x3333333333333000
mem[X,0x000000008001EE94] -> 0x0513
mem[X,0x000000008001EE96] -> 0x3335
[4003] [M]: 0x000000008001EE94 (0x33350513) addi a0, a0, 819
x10 <- 0x3333333333333333
mem[X,0x000000008001EE98] -> 0x55B7
mem[X,0x000000008001EE9A] -> 0x5555
[4004] [M]: 0x000000008001EE98 (0x555555B7) lui a1, 349525
x11 <- 0x0000000055555000
mem[X,0x000000008001EE9C] -> 0x8593
mem[X,0x000000008001EE9E] -> 0x5555
[4005] [M]: 0x000000008001EE9C (0x55558593) addi a1, a1, 1365
x11 <- 0x0000000055555555
mem[X,0x000000008001EEA0] -> 0x9593
mem[X,0x000000008001EEA2] -> 0x00B5
[4006] [M]: 0x000000008001EEA0 (0x00B59593) slli a1, a1, 11
x11 <- 0x000002AAAAAAA800
mem[X,0x000000008001EEA4] -> 0x8593
mem[X,0x000000008001EEA6] -> 0x2AA5
[4007] [M]: 0x000000008001EEA4 (0x2AA58593) addi a1, a1, 682
x11 <- 0x000002AAAAAAAAAA
mem[X,0x000000008001EEA8] -> 0x9593
mem[X,0x000000008001EEAA] -> 0x00B5
[4008] [M]: 0x000000008001EEA8 (0x00B59593) slli a1, a1, 11
x11 <- 0x0015555555555000
mem[X,0x000000008001EEAC] -> 0x8593
mem[X,0x000000008001EEAE] -> 0x5555
[4009] [M]: 0x000000008001EEAC (0x55558593) addi a1, a1, 1365
x11 <- 0x0015555555555555
mem[X,0x000000008001EEB0] -> 0x9593
mem[X,0x000000008001EEB2] -> 0x00A5
[4010] [M]: 0x000000008001EEB0 (0x00A59593) slli a1, a1, 10
x11 <- 0x5555555555555400
mem[X,0x000000008001EEB4] -> 0x8593
mem[X,0x000000008001EEB6] -> 0x1545
[4011] [M]: 0x000000008001EEB4 (0x15458593) addi a1, a1, 340
x11 <- 0x5555555555555554
mem[X,0x000000008001EEB8] -> 0x0113
mem[X,0x000000008001EEBA] -> 0x0000
[4012] [M]: 0x000000008001EEB8 (0x00000113) addi sp, zero, 0
x2 <- 0x0000000000000000
mem[X,0x000000008001EEBC] -> 0x006F
mem[X,0x000000008001EEBE] -> 0x00C0
[4013] [M]: 0x000000008001EEBC (0x00C0006F) jal zero, 12
mem[X,0x000000008001EEC8] -> 0x5063
mem[X,0x000000008001EECA] -> 0x08B5
[4014] [M]: 0x000000008001EEC8 (0x08B55063) bge a0, a1, 128
mem[X,0x000000008001EECC] -> 0x0113
mem[X,0x000000008001EECE] -> 0x0021
[4015] [M]: 0x000000008001EECC (0x00210113) addi sp, sp, 2
x2 <- 0x0000000000000002
mem[X,0x000000008001EED0] -> 0x006F
mem[X,0x000000008001EED2] -> 0x0800
[4016] [M]: 0x000000008001EED0 (0x0800006F) jal zero, 128
mem[X,0x000000008001EF50] -> 0xB423
mem[X,0x000000008001EF52] -> 0x0220
[4017] [M]: 0x000000008001EF50 (0x0220B423) sd sp, 40(ra)
mem[0x00000000800499F8] <- 0x0000000000000002
mem[X,0x000000008001EF54] -> 0x3537
mem[X,0x000000008001EF56] -> 0x3333
[4018] [M]: 0x000000008001EF54 (0x33333537) lui a0, 209715
x10 <- 0x0000000033333000
mem[X,0x000000008001EF58] -> 0x0513
mem[X,0x000000008001EF5A] -> 0x3335
[4019] [M]: 0x000000008001EF58 (0x33350513) addi a0, a0, 819
x10 <- 0x0000000033333333
mem[X,0x000000008001EF5C] -> 0x1513
mem[X,0x000000008001EF5E] -> 0x00B5
[4020] [M]: 0x000000008001EF5C (0x00B51513) slli a0, a0, 11
x10 <- 0x0000019999999800
mem[X,0x000000008001EF60] -> 0x0513
mem[X,0x000000008001EF62] -> 0x1995
[4021] [M]: 0x000000008001EF60 (0x19950513) addi a0, a0, 409
x10 <- 0x0000019999999999
mem[X,0x000000008001EF64] -> 0x1513
mem[X,0x000000008001EF66] -> 0x00B5
[4022] [M]: 0x000000008001EF64 (0x00B51513) slli a0, a0, 11
x10 <- 0x000CCCCCCCCCC800
mem[X,0x000000008001EF68] -> 0x0513
mem[X,0x000000008001EF6A] -> 0x4CC5
[4023] [M]: 0x000000008001EF68 (0x4CC50513) addi a0, a0, 1228
x10 <- 0x000CCCCCCCCCCCCC
mem[X,0x000000008001EF6C] -> 0x1513
mem[X,0x000000008001EF6E] -> 0x00A5
[4024] [M]: 0x000000008001EF6C (0x00A51513) slli a0, a0, 10
x10 <- 0x3333333333333000
mem[X,0x000000008001EF70] -> 0x0513
mem[X,0x000000008001EF72] -> 0x3335
[4025] [M]: 0x000000008001EF70 (0x33350513) addi a0, a0, 819
x10 <- 0x3333333333333333
mem[X,0x000000008001EF74] -> 0x0593
mem[X,0x000000008001EF76] -> 0x0000
[4026] [M]: 0x000000008001EF74 (0x00000593) addi a1, zero, 0
x11 <- 0x0000000000000000
mem[X,0x000000008001EF78] -> 0x0113
mem[X,0x000000008001EF7A] -> 0x0000
[4027] [M]: 0x000000008001EF78 (0x00000113) addi sp, zero, 0
x2 <- 0x0000000000000000
mem[X,0x000000008001EF7C] -> 0x006F
mem[X,0x000000008001EF7E] -> 0x00C0
[4028] [M]: 0x000000008001EF7C (0x00C0006F) jal zero, 12
mem[X,0x000000008001EF88] -> 0x5CE3
mem[X,0x000000008001EF8A] -> 0xFEB5
[4029] [M]: 0x000000008001EF88 (0xFEB55CE3) bge a0, a1, 8184
mem[X,0x000000008001EF80] -> 0x0113
mem[X,0x000000008001EF82] -> 0x0011
[4030] [M]: 0x000000008001EF80 (0x00110113) addi sp, sp, 1
x2 <- 0x0000000000000001
mem[X,0x000000008001EF84] -> 0x006F
mem[X,0x000000008001EF86] -> 0x0180
[4031] [M]: 0x000000008001EF84 (0x0180006F) jal zero, 24
mem[X,0x000000008001EF9C] -> 0xB823
mem[X,0x000000008001EF9E] -> 0x0220
[4032] [M]: 0x000000008001EF9C (0x0220B823) sd sp, 48(ra)
mem[0x0000000080049A00] <- 0x0000000000000001
mem[X,0x000000008001EFA0] -> 0x3537
mem[X,0x000000008001EFA2] -> 0x3333
[4033] [M]: 0x000000008001EFA0 (0x33333537) lui a0, 209715
x10 <- 0x0000000033333000
mem[X,0x000000008001EFA4] -> 0x0513
mem[X,0x000000008001EFA6] -> 0x3335
[4034] [M]: 0x000000008001EFA4 (0x33350513) addi a0, a0, 819
x10 <- 0x0000000033333333
mem[X,0x000000008001EFA8] -> 0x1513
mem[X,0x000000008001EFAA] -> 0x00B5
[4035] [M]: 0x000000008001EFA8 (0x00B51513) slli a0, a0, 11
x10 <- 0x0000019999999800
mem[X,0x000000008001EFAC] -> 0x0513
mem[X,0x000000008001EFAE] -> 0x1995
[4036] [M]: 0x000000008001EFAC (0x19950513) addi a0, a0, 409
x10 <- 0x0000019999999999
mem[X,0x000000008001EFB0] -> 0x1513
mem[X,0x000000008001EFB2] -> 0x00B5
[4037] [M]: 0x000000008001EFB0 (0x00B51513) slli a0, a0, 11
x10 <- 0x000CCCCCCCCCC800
mem[X,0x000000008001EFB4] -> 0x0513
mem[X,0x000000008001EFB6] -> 0x4CC5
[4038] [M]: 0x000000008001EFB4 (0x4CC50513) addi a0, a0, 1228
x10 <- 0x000CCCCCCCCCCCCC
mem[X,0x000000008001EFB8] -> 0x1513
mem[X,0x000000008001EFBA] -> 0x00A5
[4039] [M]: 0x000000008001EFB8 (0x00A51513) slli a0, a0, 10
x10 <- 0x3333333333333000
mem[X,0x000000008001EFBC] -> 0x0513
mem[X,0x000000008001EFBE] -> 0x3335
[4040] [M]: 0x000000008001EFBC (0x33350513) addi a0, a0, 819
x10 <- 0x3333333333333333
mem[X,0x000000008001EFC0] -> 0x0593
mem[X,0x000000008001EFC2] -> 0x0040
[4041] [M]: 0x000000008001EFC0 (0x00400593) addi a1, zero, 4
x11 <- 0x0000000000000004
mem[X,0x000000008001EFC4] -> 0x0113
mem[X,0x000000008001EFC6] -> 0x0000
[4042] [M]: 0x000000008001EFC4 (0x00000113) addi sp, zero, 0
x2 <- 0x0000000000000000
mem[X,0x000000008001EFC8] -> 0x006F
mem[X,0x000000008001EFCA] -> 0x00C0
[4043] [M]: 0x000000008001EFC8 (0x00C0006F) jal zero, 12
mem[X,0x000000008001EFD4] -> 0x5063
mem[X,0x000000008001EFD6] -> 0x08B5
[4044] [M]: 0x000000008001EFD4 (0x08B55063) bge a0, a1, 128
mem[X,0x000000008001F054] -> 0x0113
mem[X,0x000000008001F056] -> 0x0031
[4045] [M]: 0x000000008001F054 (0x00310113) addi sp, sp, 3
x2 <- 0x0000000000000003
mem[X,0x000000008001F058] -> 0x006F
mem[X,0x000000008001F05A] -> 0x0040
[4046] [M]: 0x000000008001F058 (0x0040006F) jal zero, 4
mem[X,0x000000008001F05C] -> 0xBC23
mem[X,0x000000008001F05E] -> 0x0220
[4047] [M]: 0x000000008001F05C (0x0220BC23) sd sp, 56(ra)
mem[0x0000000080049A08] <- 0x0000000000000003
mem[X,0x000000008001F060] -> 0x3537
mem[X,0x000000008001F062] -> 0x3333
[4048] [M]: 0x000000008001F060 (0x33333537) lui a0, 209715
x10 <- 0x0000000033333000
mem[X,0x000000008001F064] -> 0x0513
mem[X,0x000000008001F066] -> 0x3335
[4049] [M]: 0x000000008001F064 (0x33350513) addi a0, a0, 819
x10 <- 0x0000000033333333
mem[X,0x000000008001F068] -> 0x1513
mem[X,0x000000008001F06A] -> 0x00B5
[4050] [M]: 0x000000008001F068 (0x00B51513) slli a0, a0, 11
x10 <- 0x0000019999999800
mem[X,0x000000008001F06C] -> 0x0513
mem[X,0x000000008001F06E] -> 0x1995
[4051] [M]: 0x000000008001F06C (0x19950513) addi a0, a0, 409
x10 <- 0x0000019999999999
mem[X,0x000000008001F070] -> 0x1513
mem[X,0x000000008001F072] -> 0x00B5
[4052] [M]: 0x000000008001F070 (0x00B51513) slli a0, a0, 11
x10 <- 0x000CCCCCCCCCC800
mem[X,0x000000008001F074] -> 0x0513
mem[X,0x000000008001F076] -> 0x4CC5
[4053] [M]: 0x000000008001F074 (0x4CC50513) addi a0, a0, 1228
x10 <- 0x000CCCCCCCCCCCCC
mem[X,0x000000008001F078] -> 0x1513
mem[X,0x000000008001F07A] -> 0x00A5
[4054] [M]: 0x000000008001F078 (0x00A51513) slli a0, a0, 10
x10 <- 0x3333333333333000
mem[X,0x000000008001F07C] -> 0x0513
mem[X,0x000000008001F07E] -> 0x3335
[4055] [M]: 0x000000008001F07C (0x33350513) addi a0, a0, 819
x10 <- 0x3333333333333333
mem[X,0x000000008001F080] -> 0x35B7
mem[X,0x000000008001F082] -> 0x3333
[4056] [M]: 0x000000008001F080 (0x333335B7) lui a1, 209715
x11 <- 0x0000000033333000
mem[X,0x000000008001F084] -> 0x8593
mem[X,0x000000008001F086] -> 0x3335
[4057] [M]: 0x000000008001F084 (0x33358593) addi a1, a1, 819
x11 <- 0x0000000033333333
mem[X,0x000000008001F088] -> 0x9593
mem[X,0x000000008001F08A] -> 0x00B5
[4058] [M]: 0x000000008001F088 (0x00B59593) slli a1, a1, 11
x11 <- 0x0000019999999800
mem[X,0x000000008001F08C] -> 0x8593
mem[X,0x000000008001F08E] -> 0x1995
[4059] [M]: 0x000000008001F08C (0x19958593) addi a1, a1, 409
x11 <- 0x0000019999999999
mem[X,0x000000008001F090] -> 0x9593
mem[X,0x000000008001F092] -> 0x00B5
[4060] [M]: 0x000000008001F090 (0x00B59593) slli a1, a1, 11
x11 <- 0x000CCCCCCCCCC800
mem[X,0x000000008001F094] -> 0x8593
mem[X,0x000000008001F096] -> 0x4CC5
[4061] [M]: 0x000000008001F094 (0x4CC58593) addi a1, a1, 1228
x11 <- 0x000CCCCCCCCCCCCC
mem[X,0x000000008001F098] -> 0x9593
mem[X,0x000000008001F09A] -> 0x00A5
[4062] [M]: 0x000000008001F098 (0x00A59593) slli a1, a1, 10
x11 <- 0x3333333333333000
mem[X,0x000000008001F09C] -> 0x8593
mem[X,0x000000008001F09E] -> 0x3325
[4063] [M]: 0x000000008001F09C (0x33258593) addi a1, a1, 818
x11 <- 0x3333333333333332
mem[X,0x000000008001F0A0] -> 0x0113
mem[X,0x000000008001F0A2] -> 0x0000
[4064] [M]: 0x000000008001F0A0 (0x00000113) addi sp, zero, 0
x2 <- 0x0000000000000000
mem[X,0x000000008001F0A4] -> 0x006F
mem[X,0x000000008001F0A6] -> 0x00C0
[4065] [M]: 0x000000008001F0A4 (0x00C0006F) jal zero, 12
mem[X,0x000000008001F0B0] -> 0x5063
mem[X,0x000000008001F0B2] -> 0x10B5
[4066] [M]: 0x000000008001F0B0 (0x10B55063) bge a0, a1, 256
mem[X,0x000000008001F1B0] -> 0x0113
mem[X,0x000000008001F1B2] -> 0x0031
[4067] [M]: 0x000000008001F1B0 (0x00310113) addi sp, sp, 3
x2 <- 0x0000000000000003
mem[X,0x000000008001F1B4] -> 0x006F
mem[X,0x000000008001F1B6] -> 0x0040
[4068] [M]: 0x000000008001F1B4 (0x0040006F) jal zero, 4
mem[X,0x000000008001F1B8] -> 0xB023
mem[X,0x000000008001F1BA] -> 0x0420
[4069] [M]: 0x000000008001F1B8 (0x0420B023) sd sp, 64(ra)
mem[0x0000000080049A10] <- 0x0000000000000003
mem[X,0x000000008001F1BC] -> 0x3537
mem[X,0x000000008001F1BE] -> 0x3333
[4070] [M]: 0x000000008001F1BC (0x33333537) lui a0, 209715
x10 <- 0x0000000033333000
mem[X,0x000000008001F1C0] -> 0x0513
mem[X,0x000000008001F1C2] -> 0x3335
[4071] [M]: 0x000000008001F1C0 (0x33350513) addi a0, a0, 819
x10 <- 0x0000000033333333
mem[X,0x000000008001F1C4] -> 0x1513
mem[X,0x000000008001F1C6] -> 0x00B5
[4072] [M]: 0x000000008001F1C4 (0x00B51513) slli a0, a0, 11
x10 <- 0x0000019999999800
mem[X,0x000000008001F1C8] -> 0x0513
mem[X,0x000000008001F1CA] -> 0x1995
[4073] [M]: 0x000000008001F1C8 (0x19950513) addi a0, a0, 409
x10 <- 0x0000019999999999
mem[X,0x000000008001F1CC] -> 0x1513
mem[X,0x000000008001F1CE] -> 0x00B5
[4074] [M]: 0x000000008001F1CC (0x00B51513) slli a0, a0, 11
x10 <- 0x000CCCCCCCCCC800
mem[X,0x000000008001F1D0] -> 0x0513
mem[X,0x000000008001F1D2] -> 0x4CC5
[4075] [M]: 0x000000008001F1D0 (0x4CC50513) addi a0, a0, 1228
x10 <- 0x000CCCCCCCCCCCCC
mem[X,0x000000008001F1D4] -> 0x1513
mem[X,0x000000008001F1D6] -> 0x00A5
[4076] [M]: 0x000000008001F1D4 (0x00A51513) slli a0, a0, 10
x10 <- 0x3333333333333000
mem[X,0x000000008001F1D8] -> 0x0513
mem[X,0x000000008001F1DA] -> 0x3335
[4077] [M]: 0x000000008001F1D8 (0x33350513) addi a0, a0, 819
x10 <- 0x3333333333333333
mem[X,0x000000008001F1DC] -> 0x65B7
mem[X,0x000000008001F1DE] -> 0x6666
[4078] [M]: 0x000000008001F1DC (0x666665B7) lui a1, 419430
x11 <- 0x0000000066666000
mem[X,0x000000008001F1E0] -> 0x8593
mem[X,0x000000008001F1E2] -> 0x6665
[4079] [M]: 0x000000008001F1E0 (0x66658593) addi a1, a1, 1638
x11 <- 0x0000000066666666
mem[X,0x000000008001F1E4] -> 0x9593
mem[X,0x000000008001F1E6] -> 0x00B5
[4080] [M]: 0x000000008001F1E4 (0x00B59593) slli a1, a1, 11
x11 <- 0x0000033333333000
mem[X,0x000000008001F1E8] -> 0x8593
mem[X,0x000000008001F1EA] -> 0x3335
[4081] [M]: 0x000000008001F1E8 (0x33358593) addi a1, a1, 819
x11 <- 0x0000033333333333
mem[X,0x000000008001F1EC] -> 0x9593
mem[X,0x000000008001F1EE] -> 0x00B5
[4082] [M]: 0x000000008001F1EC (0x00B59593) slli a1, a1, 11
x11 <- 0x0019999999999800
mem[X,0x000000008001F1F0] -> 0x8593
mem[X,0x000000008001F1F2] -> 0x1995
[4083] [M]: 0x000000008001F1F0 (0x19958593) addi a1, a1, 409
x11 <- 0x0019999999999999
mem[X,0x000000008001F1F4] -> 0x9593
mem[X,0x000000008001F1F6] -> 0x00A5
[4084] [M]: 0x000000008001F1F4 (0x00A59593) slli a1, a1, 10
x11 <- 0x6666666666666400
mem[X,0x000000008001F1F8] -> 0x8593
mem[X,0x000000008001F1FA] -> 0x2655
[4085] [M]: 0x000000008001F1F8 (0x26558593) addi a1, a1, 613
x11 <- 0x6666666666666665
mem[X,0x000000008001F1FC] -> 0x0113
mem[X,0x000000008001F1FE] -> 0x0000
[4086] [M]: 0x000000008001F1FC (0x00000113) addi sp, zero, 0
x2 <- 0x0000000000000000
mem[X,0x000000008001F200] -> 0x006F
mem[X,0x000000008001F202] -> 0x0100
[4087] [M]: 0x000000008001F200 (0x0100006F) jal zero, 16
mem[X,0x000000008001F210] -> 0x5AE3
mem[X,0x000000008001F212] -> 0xFEB5
[4088] [M]: 0x000000008001F210 (0xFEB55AE3) bge a0, a1, 8180
mem[X,0x000000008001F214] -> 0x0113
mem[X,0x000000008001F216] -> 0x0021
[4089] [M]: 0x000000008001F214 (0x00210113) addi sp, sp, 2
x2 <- 0x0000000000000002
mem[X,0x000000008001F218] -> 0x006F
mem[X,0x000000008001F21A] -> 0x00C0
[4090] [M]: 0x000000008001F218 (0x00C0006F) jal zero, 12
mem[X,0x000000008001F224] -> 0xB423
mem[X,0x000000008001F226] -> 0x0420
[4091] [M]: 0x000000008001F224 (0x0420B423) sd sp, 72(ra)
mem[0x0000000080049A18] <- 0x0000000000000002
mem[X,0x000000008001F228] -> 0x3537
mem[X,0x000000008001F22A] -> 0x3333
[4092] [M]: 0x000000008001F228 (0x33333537) lui a0, 209715
x10 <- 0x0000000033333000
mem[X,0x000000008001F22C] -> 0x0513
mem[X,0x000000008001F22E] -> 0x3335
[4093] [M]: 0x000000008001F22C (0x33350513) addi a0, a0, 819
x10 <- 0x0000000033333333
mem[X,0x000000008001F230] -> 0x1513
mem[X,0x000000008001F232] -> 0x00B5
[4094] [M]: 0x000000008001F230 (0x00B51513) slli a0, a0, 11
x10 <- 0x0000019999999800
mem[X,0x000000008001F234] -> 0x0513
mem[X,0x000000008001F236] -> 0x1995
[4095] [M]: 0x000000008001F234 (0x19950513) addi a0, a0, 409
x10 <- 0x0000019999999999
mem[X,0x000000008001F238] -> 0x1513
mem[X,0x000000008001F23A] -> 0x00B5
[4096] [M]: 0x000000008001F238 (0x00B51513) slli a0, a0, 11
x10 <- 0x000CCCCCCCCCC800
mem[X,0x000000008001F23C] -> 0x0513
mem[X,0x000000008001F23E] -> 0x4CC5
[4097] [M]: 0x000000008001F23C (0x4CC50513) addi a0, a0, 1228
x10 <- 0x000CCCCCCCCCCCCC
mem[X,0x000000008001F240] -> 0x1513
mem[X,0x000000008001F242] -> 0x00A5
[4098] [M]: 0x000000008001F240 (0x00A51513) slli a0, a0, 10
x10 <- 0x3333333333333000
mem[X,0x000000008001F244] -> 0x0513
mem[X,0x000000008001F246] -> 0x3335
[4099] [M]: 0x000000008001F244 (0x33350513) addi a0, a0, 819
x10 <- 0x3333333333333333
clint::tick mtime <- 0x0000000000000029
 clint timer pending at mtime 0x0000000000000029
htif::tick 0x0000000000000000
mem[X,0x000000008001F248] -> 0x05B7
mem[X,0x000000008001F24A] -> 0x0000
[4100] [M]: 0x000000008001F248 (0x000005B7) lui a1, 0
x11 <- 0x0000000000000000
mem[X,0x000000008001F24C] -> 0x8593
mem[X,0x000000008001F24E] -> 0x0005
[4101] [M]: 0x000000008001F24C (0x00058593) addi a1, a1, 0
x11 <- 0x0000000000000000
mem[X,0x000000008001F250] -> 0x9593
mem[X,0x000000008001F252] -> 0x00B5
[4102] [M]: 0x000000008001F250 (0x00B59593) slli a1, a1, 11
x11 <- 0x0000000000000000
mem[X,0x000000008001F254] -> 0x8593
mem[X,0x000000008001F256] -> 0x5A85
[4103] [M]: 0x000000008001F254 (0x5A858593) addi a1, a1, 1448
x11 <- 0x00000000000005A8
mem[X,0x000000008001F258] -> 0x9593
mem[X,0x000000008001F25A] -> 0x00B5
[4104] [M]: 0x000000008001F258 (0x00B59593) slli a1, a1, 11
x11 <- 0x00000000002D4000
mem[X,0x000000008001F25C] -> 0x8593
mem[X,0x000000008001F25E] -> 0x13C5
[4105] [M]: 0x000000008001F25C (0x13C58593) addi a1, a1, 316
x11 <- 0x00000000002D413C
mem[X,0x000000008001F260] -> 0x9593
mem[X,0x000000008001F262] -> 0x00A5
[4106] [M]: 0x000000008001F260 (0x00A59593) slli a1, a1, 10
x11 <- 0x00000000B504F000
mem[X,0x000000008001F264] -> 0x8593
mem[X,0x000000008001F266] -> 0x3325
[4107] [M]: 0x000000008001F264 (0x33258593) addi a1, a1, 818
x11 <- 0x00000000B504F332
mem[X,0x000000008001F268] -> 0x0113
mem[X,0x000000008001F26A] -> 0x0000
[4108] [M]: 0x000000008001F268 (0x00000113) addi sp, zero, 0
x2 <- 0x0000000000000000
mem[X,0x000000008001F26C] -> 0x006F
mem[X,0x000000008001F26E] -> 0x0140
[4109] [M]: 0x000000008001F26C (0x0140006F) jal zero, 20
mem[X,0x000000008001F280] -> 0x58E3
mem[X,0x000000008001F282] -> 0xFEB5
[4110] [M]: 0x000000008001F280 (0xFEB558E3) bge a0, a1, 8176
mem[X,0x000000008001F270] -> 0x0113
mem[X,0x000000008001F272] -> 0x0011
[4111] [M]: 0x000000008001F270 (0x00110113) addi sp, sp, 1
x2 <- 0x0000000000000001
mem[X,0x000000008001F274] -> 0x006F
mem[X,0x000000008001F276] -> 0x0200
[4112] [M]: 0x000000008001F274 (0x0200006F) jal zero, 32
mem[X,0x000000008001F294] -> 0xB823
mem[X,0x000000008001F296] -> 0x0420
[4113] [M]: 0x000000008001F294 (0x0420B823) sd sp, 80(ra)
mem[0x0000000080049A20] <- 0x0000000000000001
mem[X,0x000000008001F298] -> 0x3537
mem[X,0x000000008001F29A] -> 0x3333
[4114] [M]: 0x000000008001F298 (0x33333537) lui a0, 209715
x10 <- 0x0000000033333000
mem[X,0x000000008001F29C] -> 0x0513
mem[X,0x000000008001F29E] -> 0x3335
[4115] [M]: 0x000000008001F29C (0x33350513) addi a0, a0, 819
x10 <- 0x0000000033333333
mem[X,0x000000008001F2A0] -> 0x1513
mem[X,0x000000008001F2A2] -> 0x00B5
[4116] [M]: 0x000000008001F2A0 (0x00B51513) slli a0, a0, 11
x10 <- 0x0000019999999800
mem[X,0x000000008001F2A4] -> 0x0513
mem[X,0x000000008001F2A6] -> 0x1995
[4117] [M]: 0x000000008001F2A4 (0x19950513) addi a0, a0, 409
x10 <- 0x0000019999999999
mem[X,0x000000008001F2A8] -> 0x1513
mem[X,0x000000008001F2AA] -> 0x00B5
[4118] [M]: 0x000000008001F2A8 (0x00B51513) slli a0, a0, 11
x10 <- 0x000CCCCCCCCCC800
mem[X,0x000000008001F2AC] -> 0x0513
mem[X,0x000000008001F2AE] -> 0x4CC5
[4119] [M]: 0x000000008001F2AC (0x4CC50513) addi a0, a0, 1228
x10 <- 0x000CCCCCCCCCCCCC
mem[X,0x000000008001F2B0] -> 0x1513
mem[X,0x000000008001F2B2] -> 0x00A5
[4120] [M]: 0x000000008001F2B0 (0x00A51513) slli a0, a0, 10
x10 <- 0x3333333333333000
mem[X,0x000000008001F2B4] -> 0x0513
mem[X,0x000000008001F2B6] -> 0x3335
[4121] [M]: 0x000000008001F2B4 (0x33350513) addi a0, a0, 819
x10 <- 0x3333333333333333
mem[X,0x000000008001F2B8] -> 0x55B7
mem[X,0x000000008001F2BA] -> 0x5555
[4122] [M]: 0x000000008001F2B8 (0x555555B7) lui a1, 349525
x11 <- 0x0000000055555000
mem[X,0x000000008001F2BC] -> 0x8593
mem[X,0x000000008001F2BE] -> 0x5555
[4123] [M]: 0x000000008001F2BC (0x55558593) addi a1, a1, 1365
x11 <- 0x0000000055555555
mem[X,0x000000008001F2C0] -> 0x9593
mem[X,0x000000008001F2C2] -> 0x00B5
[4124] [M]: 0x000000008001F2C0 (0x00B59593) slli a1, a1, 11
x11 <- 0x000002AAAAAAA800
mem[X,0x000000008001F2C4] -> 0x8593
mem[X,0x000000008001F2C6] -> 0x2AA5
[4125] [M]: 0x000000008001F2C4 (0x2AA58593) addi a1, a1, 682
x11 <- 0x000002AAAAAAAAAA
mem[X,0x000000008001F2C8] -> 0x9593
mem[X,0x000000008001F2CA] -> 0x00B5
[4126] [M]: 0x000000008001F2C8 (0x00B59593) slli a1, a1, 11
x11 <- 0x0015555555555000
mem[X,0x000000008001F2CC] -> 0x8593
mem[X,0x000000008001F2CE] -> 0x5555
[4127] [M]: 0x000000008001F2CC (0x55558593) addi a1, a1, 1365
x11 <- 0x0015555555555555
mem[X,0x000000008001F2D0] -> 0x9593
mem[X,0x000000008001F2D2] -> 0x00A5
[4128] [M]: 0x000000008001F2D0 (0x00A59593) slli a1, a1, 10
x11 <- 0x5555555555555400
mem[X,0x000000008001F2D4] -> 0x8593
mem[X,0x000000008001F2D6] -> 0x1565
[4129] [M]: 0x000000008001F2D4 (0x15658593) addi a1, a1, 342
x11 <- 0x5555555555555556
mem[X,0x000000008001F2D8] -> 0x0113
mem[X,0x000000008001F2DA] -> 0x0000
[4130] [M]: 0x000000008001F2D8 (0x00000113) addi sp, zero, 0
x2 <- 0x0000000000000000
mem[X,0x000000008001F2DC] -> 0x006F
mem[X,0x000000008001F2DE] -> 0x00C0
[4131] [M]: 0x000000008001F2DC (0x00C0006F) jal zero, 12
mem[X,0x000000008001F2E8] -> 0x5663
mem[X,0x000000008001F2EA] -> 0x00B5
[4132] [M]: 0x000000008001F2E8 (0x00B55663) bge a0, a1, 12
mem[X,0x000000008001F2EC] -> 0x0113
mem[X,0x000000008001F2EE] -> 0x0021
[4133] [M]: 0x000000008001F2EC (0x00210113) addi sp, sp, 2
x2 <- 0x0000000000000002
mem[X,0x000000008001F2F0] -> 0x006F
mem[X,0x000000008001F2F2] -> 0x00C0
[4134] [M]: 0x000000008001F2F0 (0x00C0006F) jal zero, 12
mem[X,0x000000008001F2FC] -> 0xBC23
mem[X,0x000000008001F2FE] -> 0x0420
[4135] [M]: 0x000000008001F2FC (0x0420BC23) sd sp, 88(ra)
mem[0x0000000080049A28] <- 0x0000000000000002
mem[X,0x000000008001F300] -> 0x3537
mem[X,0x000000008001F302] -> 0x3333
[4136] [M]: 0x000000008001F300 (0x33333537) lui a0, 209715
x10 <- 0x0000000033333000
mem[X,0x000000008001F304] -> 0x0513
mem[X,0x000000008001F306] -> 0x3335
[4137] [M]: 0x000000008001F304 (0x33350513) addi a0, a0, 819
x10 <- 0x0000000033333333
mem[X,0x000000008001F308] -> 0x1513
mem[X,0x000000008001F30A] -> 0x00B5
[4138] [M]: 0x000000008001F308 (0x00B51513) slli a0, a0, 11
x10 <- 0x0000019999999800
mem[X,0x000000008001F30C] -> 0x0513
mem[X,0x000000008001F30E] -> 0x1995
[4139] [M]: 0x000000008001F30C (0x19950513) addi a0, a0, 409
x10 <- 0x0000019999999999
mem[X,0x000000008001F310] -> 0x1513
mem[X,0x000000008001F312] -> 0x00B5
[4140] [M]: 0x000000008001F310 (0x00B51513) slli a0, a0, 11
x10 <- 0x000CCCCCCCCCC800
mem[X,0x000000008001F314] -> 0x0513
mem[X,0x000000008001F316] -> 0x4CC5
[4141] [M]: 0x000000008001F314 (0x4CC50513) addi a0, a0, 1228
x10 <- 0x000CCCCCCCCCCCCC
mem[X,0x000000008001F318] -> 0x1513
mem[X,0x000000008001F31A] -> 0x00A5
[4142] [M]: 0x000000008001F318 (0x00A51513) slli a0, a0, 10
x10 <- 0x3333333333333000
mem[X,0x000000008001F31C] -> 0x0513
mem[X,0x000000008001F31E] -> 0x3335
[4143] [M]: 0x000000008001F31C (0x33350513) addi a0, a0, 819
x10 <- 0x3333333333333333
mem[X,0x000000008001F320] -> 0xB5B7
mem[X,0x000000008001F322] -> 0xAAAA
[4144] [M]: 0x000000008001F320 (0xAAAAB5B7) lui a1, 699051
x11 <- 0xFFFFFFFFAAAAB000
mem[X,0x000000008001F324] -> 0x8593
mem[X,0x000000008001F326] -> 0xAAA5
[4145] [M]: 0x000000008001F324 (0xAAA58593) addi a1, a1, 2730
x11 <- 0xFFFFFFFFAAAAAAAA
mem[X,0x000000008001F328] -> 0x9593
mem[X,0x000000008001F32A] -> 0x00B5
[4146] [M]: 0x000000008001F328 (0x00B59593) slli a1, a1, 11
x11 <- 0xFFFFFD5555555000
mem[X,0x000000008001F32C] -> 0x8593
mem[X,0x000000008001F32E] -> 0x5555
[4147] [M]: 0x000000008001F32C (0x55558593) addi a1, a1, 1365
x11 <- 0xFFFFFD5555555555
mem[X,0x000000008001F330] -> 0x9593
mem[X,0x000000008001F332] -> 0x00B5
[4148] [M]: 0x000000008001F330 (0x00B59593) slli a1, a1, 11
x11 <- 0xFFEAAAAAAAAAA800
mem[X,0x000000008001F334] -> 0x8593
mem[X,0x000000008001F336] -> 0x2AA5
[4149] [M]: 0x000000008001F334 (0x2AA58593) addi a1, a1, 682
x11 <- 0xFFEAAAAAAAAAAAAA
mem[X,0x000000008001F338] -> 0x9593
mem[X,0x000000008001F33A] -> 0x00A5
[4150] [M]: 0x000000008001F338 (0x00A59593) slli a1, a1, 10
x11 <- 0xAAAAAAAAAAAAA800
mem[X,0x000000008001F33C] -> 0x8593
mem[X,0x000000008001F33E] -> 0x2AB5
[4151] [M]: 0x000000008001F33C (0x2AB58593) addi a1, a1, 683
x11 <- 0xAAAAAAAAAAAAAAAB
mem[X,0x000000008001F340] -> 0x0113
mem[X,0x000000008001F342] -> 0x0000
[4152] [M]: 0x000000008001F340 (0x00000113) addi sp, zero, 0
x2 <- 0x0000000000000000
mem[X,0x000000008001F344] -> 0x006F
mem[X,0x000000008001F346] -> 0x2B10
[4153] [M]: 0x000000008001F344 (0x2B10006F) jal zero, 2736
mem[X,0x000000008001FDF4] -> 0x5A63
mem[X,0x000000008001FDF6] -> 0xD4B5
[4154] [M]: 0x000000008001FDF4 (0xD4B55A63) bge a0, a1, 5460
mem[X,0x000000008001F348] -> 0x0113
mem[X,0x000000008001F34A] -> 0x0011
[4155] [M]: 0x000000008001F348 (0x00110113) addi sp, sp, 1
x2 <- 0x0000000000000001
mem[X,0x000000008001F34C] -> 0x006F
mem[X,0x000000008001F34E] -> 0x2BD0
[4156] [M]: 0x000000008001F34C (0x2BD0006F) jal zero, 2748
mem[X,0x000000008001FE08] -> 0xB023
mem[X,0x000000008001FE0A] -> 0x0620
[4157] [M]: 0x000000008001FE08 (0x0620B023) sd sp, 96(ra)
mem[0x0000000080049A30] <- 0x0000000000000001
mem[X,0x000000008001FE0C] -> 0x3537
mem[X,0x000000008001FE0E] -> 0x3333
[4158] [M]: 0x000000008001FE0C (0x33333537) lui a0, 209715
x10 <- 0x0000000033333000
mem[X,0x000000008001FE10] -> 0x0513
mem[X,0x000000008001FE12] -> 0x3335
[4159] [M]: 0x000000008001FE10 (0x33350513) addi a0, a0, 819
x10 <- 0x0000000033333333
mem[X,0x000000008001FE14] -> 0x1513
mem[X,0x000000008001FE16] -> 0x00B5
[4160] [M]: 0x000000008001FE14 (0x00B51513) slli a0, a0, 11
x10 <- 0x0000019999999800
mem[X,0x000000008001FE18] -> 0x0513
mem[X,0x000000008001FE1A] -> 0x1995
[4161] [M]: 0x000000008001FE18 (0x19950513) addi a0, a0, 409
x10 <- 0x0000019999999999
mem[X,0x000000008001FE1C] -> 0x1513
mem[X,0x000000008001FE1E] -> 0x00B5
[4162] [M]: 0x000000008001FE1C (0x00B51513) slli a0, a0, 11
x10 <- 0x000CCCCCCCCCC800
mem[X,0x000000008001FE20] -> 0x0513
mem[X,0x000000008001FE22] -> 0x4CC5
[4163] [M]: 0x000000008001FE20 (0x4CC50513) addi a0, a0, 1228
x10 <- 0x000CCCCCCCCCCCCC
mem[X,0x000000008001FE24] -> 0x1513
mem[X,0x000000008001FE26] -> 0x00A5
[4164] [M]: 0x000000008001FE24 (0x00A51513) slli a0, a0, 10
x10 <- 0x3333333333333000
mem[X,0x000000008001FE28] -> 0x0513
mem[X,0x000000008001FE2A] -> 0x3335
[4165] [M]: 0x000000008001FE28 (0x33350513) addi a0, a0, 819
x10 <- 0x3333333333333333
mem[X,0x000000008001FE2C] -> 0x0593
mem[X,0x000000008001FE2E] -> 0x0060
[4166] [M]: 0x000000008001FE2C (0x00600593) addi a1, zero, 6
x11 <- 0x0000000000000006
mem[X,0x000000008001FE30] -> 0x0113
mem[X,0x000000008001FE32] -> 0x0000
[4167] [M]: 0x000000008001FE30 (0x00000113) addi sp, zero, 0
x2 <- 0x0000000000000000
mem[X,0x000000008001FE34] -> 0x006F
mem[X,0x000000008001FE36] -> 0x00C0
[4168] [M]: 0x000000008001FE34 (0x00C0006F) jal zero, 12
mem[X,0x000000008001FE40] -> 0x5063
mem[X,0x000000008001FE42] -> 0x10B5
[4169] [M]: 0x000000008001FE40 (0x10B55063) bge a0, a1, 256
mem[X,0x000000008001FF40] -> 0x0113
mem[X,0x000000008001FF42] -> 0x0031
[4170] [M]: 0x000000008001FF40 (0x00310113) addi sp, sp, 3
x2 <- 0x0000000000000003
mem[X,0x000000008001FF44] -> 0x006F
mem[X,0x000000008001FF46] -> 0x0040
[4171] [M]: 0x000000008001FF44 (0x0040006F) jal zero, 4
mem[X,0x000000008001FF48] -> 0xB423
mem[X,0x000000008001FF4A] -> 0x0620
[4172] [M]: 0x000000008001FF48 (0x0620B423) sd sp, 104(ra)
mem[0x0000000080049A38] <- 0x0000000000000003
mem[X,0x000000008001FF4C] -> 0x3537
mem[X,0x000000008001FF4E] -> 0x3333
[4173] [M]: 0x000000008001FF4C (0x33333537) lui a0, 209715
x10 <- 0x0000000033333000
mem[X,0x000000008001FF50] -> 0x0513
mem[X,0x000000008001FF52] -> 0x3335
[4174] [M]: 0x000000008001FF50 (0x33350513) addi a0, a0, 819
x10 <- 0x0000000033333333
mem[X,0x000000008001FF54] -> 0x1513
mem[X,0x000000008001FF56] -> 0x00B5
[4175] [M]: 0x000000008001FF54 (0x00B51513) slli a0, a0, 11
x10 <- 0x0000019999999800
mem[X,0x000000008001FF58] -> 0x0513
mem[X,0x000000008001FF5A] -> 0x1995
[4176] [M]: 0x000000008001FF58 (0x19950513) addi a0, a0, 409
x10 <- 0x0000019999999999
mem[X,0x000000008001FF5C] -> 0x1513
mem[X,0x000000008001FF5E] -> 0x00B5
[4177] [M]: 0x000000008001FF5C (0x00B51513) slli a0, a0, 11
x10 <- 0x000CCCCCCCCCC800
mem[X,0x000000008001FF60] -> 0x0513
mem[X,0x000000008001FF62] -> 0x4CC5
[4178] [M]: 0x000000008001FF60 (0x4CC50513) addi a0, a0, 1228
x10 <- 0x000CCCCCCCCCCCCC
mem[X,0x000000008001FF64] -> 0x1513
mem[X,0x000000008001FF66] -> 0x00A5
[4179] [M]: 0x000000008001FF64 (0x00A51513) slli a0, a0, 10
x10 <- 0x3333333333333000
mem[X,0x000000008001FF68] -> 0x0513
mem[X,0x000000008001FF6A] -> 0x3335
[4180] [M]: 0x000000008001FF68 (0x33350513) addi a0, a0, 819
x10 <- 0x3333333333333333
mem[X,0x000000008001FF6C] -> 0x35B7
mem[X,0x000000008001FF6E] -> 0x3333
[4181] [M]: 0x000000008001FF6C (0x333335B7) lui a1, 209715
x11 <- 0x0000000033333000
mem[X,0x000000008001FF70] -> 0x8593
mem[X,0x000000008001FF72] -> 0x3335
[4182] [M]: 0x000000008001FF70 (0x33358593) addi a1, a1, 819
x11 <- 0x0000000033333333
mem[X,0x000000008001FF74] -> 0x9593
mem[X,0x000000008001FF76] -> 0x00B5
[4183] [M]: 0x000000008001FF74 (0x00B59593) slli a1, a1, 11
x11 <- 0x0000019999999800
mem[X,0x000000008001FF78] -> 0x8593
mem[X,0x000000008001FF7A] -> 0x1995
[4184] [M]: 0x000000008001FF78 (0x19958593) addi a1, a1, 409
x11 <- 0x0000019999999999
mem[X,0x000000008001FF7C] -> 0x9593
mem[X,0x000000008001FF7E] -> 0x00B5
[4185] [M]: 0x000000008001FF7C (0x00B59593) slli a1, a1, 11
x11 <- 0x000CCCCCCCCCC800
mem[X,0x000000008001FF80] -> 0x8593
mem[X,0x000000008001FF82] -> 0x4CC5
[4186] [M]: 0x000000008001FF80 (0x4CC58593) addi a1, a1, 1228
x11 <- 0x000CCCCCCCCCCCCC
mem[X,0x000000008001FF84] -> 0x9593
mem[X,0x000000008001FF86] -> 0x00A5
[4187] [M]: 0x000000008001FF84 (0x00A59593) slli a1, a1, 10
x11 <- 0x3333333333333000
mem[X,0x000000008001FF88] -> 0x8593
mem[X,0x000000008001FF8A] -> 0x3345
[4188] [M]: 0x000000008001FF88 (0x33458593) addi a1, a1, 820
x11 <- 0x3333333333333334
mem[X,0x000000008001FF8C] -> 0x0113
mem[X,0x000000008001FF8E] -> 0x0000
[4189] [M]: 0x000000008001FF8C (0x00000113) addi sp, zero, 0
x2 <- 0x0000000000000000
mem[X,0x000000008001FF90] -> 0x006F
mem[X,0x000000008001FF92] -> 0x00C0
[4190] [M]: 0x000000008001FF90 (0x00C0006F) jal zero, 12
mem[X,0x000000008001FF9C] -> 0x5663
mem[X,0x000000008001FF9E] -> 0x00B5
[4191] [M]: 0x000000008001FF9C (0x00B55663) bge a0, a1, 12
mem[X,0x000000008001FFA0] -> 0x0113
mem[X,0x000000008001FFA2] -> 0x0021
[4192] [M]: 0x000000008001FFA0 (0x00210113) addi sp, sp, 2
x2 <- 0x0000000000000002
mem[X,0x000000008001FFA4] -> 0x006F
mem[X,0x000000008001FFA6] -> 0x00C0
[4193] [M]: 0x000000008001FFA4 (0x00C0006F) jal zero, 12
mem[X,0x000000008001FFB0] -> 0xB823
mem[X,0x000000008001FFB2] -> 0x0620
[4194] [M]: 0x000000008001FFB0 (0x0620B823) sd sp, 112(ra)
mem[0x0000000080049A40] <- 0x0000000000000002
mem[X,0x000000008001FFB4] -> 0x3537
mem[X,0x000000008001FFB6] -> 0x3333
[4195] [M]: 0x000000008001FFB4 (0x33333537) lui a0, 209715
x10 <- 0x0000000033333000
mem[X,0x000000008001FFB8] -> 0x0513
mem[X,0x000000008001FFBA] -> 0x3335
[4196] [M]: 0x000000008001FFB8 (0x33350513) addi a0, a0, 819
x10 <- 0x0000000033333333
mem[X,0x000000008001FFBC] -> 0x1513
mem[X,0x000000008001FFBE] -> 0x00B5
[4197] [M]: 0x000000008001FFBC (0x00B51513) slli a0, a0, 11
x10 <- 0x0000019999999800
mem[X,0x000000008001FFC0] -> 0x0513
mem[X,0x000000008001FFC2] -> 0x1995
[4198] [M]: 0x000000008001FFC0 (0x19950513) addi a0, a0, 409
x10 <- 0x0000019999999999
mem[X,0x000000008001FFC4] -> 0x1513
mem[X,0x000000008001FFC6] -> 0x00B5
[4199] [M]: 0x000000008001FFC4 (0x00B51513) slli a0, a0, 11
x10 <- 0x000CCCCCCCCCC800
clint::tick mtime <- 0x000000000000002A
 clint timer pending at mtime 0x000000000000002A
htif::tick 0x0000000000000000
mem[X,0x000000008001FFC8] -> 0x0513
mem[X,0x000000008001FFCA] -> 0x4CC5
[4200] [M]: 0x000000008001FFC8 (0x4CC50513) addi a0, a0, 1228
x10 <- 0x000CCCCCCCCCCCCC
mem[X,0x000000008001FFCC] -> 0x1513
mem[X,0x000000008001FFCE] -> 0x00A5
[4201] [M]: 0x000000008001FFCC (0x00A51513) slli a0, a0, 10
x10 <- 0x3333333333333000
mem[X,0x000000008001FFD0] -> 0x0513
mem[X,0x000000008001FFD2] -> 0x3335
[4202] [M]: 0x000000008001FFD0 (0x33350513) addi a0, a0, 819
x10 <- 0x3333333333333333
mem[X,0x000000008001FFD4] -> 0x65B7
mem[X,0x000000008001FFD6] -> 0x6666
[4203] [M]: 0x000000008001FFD4 (0x666665B7) lui a1, 419430
x11 <- 0x0000000066666000
mem[X,0x000000008001FFD8] -> 0x8593
mem[X,0x000000008001FFDA] -> 0x6665
[4204] [M]: 0x000000008001FFD8 (0x66658593) addi a1, a1, 1638
x11 <- 0x0000000066666666
mem[X,0x000000008001FFDC] -> 0x9593
mem[X,0x000000008001FFDE] -> 0x00B5
[4205] [M]: 0x000000008001FFDC (0x00B59593) slli a1, a1, 11
x11 <- 0x0000033333333000
mem[X,0x000000008001FFE0] -> 0x8593
mem[X,0x000000008001FFE2] -> 0x3335
[4206] [M]: 0x000000008001FFE0 (0x33358593) addi a1, a1, 819
x11 <- 0x0000033333333333
mem[X,0x000000008001FFE4] -> 0x9593
mem[X,0x000000008001FFE6] -> 0x00B5
[4207] [M]: 0x000000008001FFE4 (0x00B59593) slli a1, a1, 11
x11 <- 0x0019999999999800
mem[X,0x000000008001FFE8] -> 0x8593
mem[X,0x000000008001FFEA] -> 0x1995
[4208] [M]: 0x000000008001FFE8 (0x19958593) addi a1, a1, 409
x11 <- 0x0019999999999999
mem[X,0x000000008001FFEC] -> 0x9593
mem[X,0x000000008001FFEE] -> 0x00A5
[4209] [M]: 0x000000008001FFEC (0x00A59593) slli a1, a1, 10
x11 <- 0x6666666666666400
mem[X,0x000000008001FFF0] -> 0x8593
mem[X,0x000000008001FFF2] -> 0x2675
[4210] [M]: 0x000000008001FFF0 (0x26758593) addi a1, a1, 615
x11 <- 0x6666666666666667
mem[X,0x000000008001FFF4] -> 0x0113
mem[X,0x000000008001FFF6] -> 0x0000
[4211] [M]: 0x000000008001FFF4 (0x00000113) addi sp, zero, 0
x2 <- 0x0000000000000000
mem[X,0x000000008001FFF8] -> 0x006F
mem[X,0x000000008001FFFA] -> 0x00C0
[4212] [M]: 0x000000008001FFF8 (0x00C0006F) jal zero, 12
mem[X,0x0000000080020004] -> 0x5063
mem[X,0x0000000080020006] -> 0x10B5
[4213] [M]: 0x0000000080020004 (0x10B55063) bge a0, a1, 256
mem[X,0x0000000080020008] -> 0x0113
mem[X,0x000000008002000A] -> 0x0021
[4214] [M]: 0x0000000080020008 (0x00210113) addi sp, sp, 2
x2 <- 0x0000000000000002
mem[X,0x000000008002000C] -> 0x006F
mem[X,0x000000008002000E] -> 0x1000
[4215] [M]: 0x000000008002000C (0x1000006F) jal zero, 256
mem[X,0x000000008002010C] -> 0xBC23
mem[X,0x000000008002010E] -> 0x0620
[4216] [M]: 0x000000008002010C (0x0620BC23) sd sp, 120(ra)
mem[0x0000000080049A48] <- 0x0000000000000002
mem[X,0x0000000080020110] -> 0x3537
mem[X,0x0000000080020112] -> 0x3333
[4217] [M]: 0x0000000080020110 (0x33333537) lui a0, 209715
x10 <- 0x0000000033333000
mem[X,0x0000000080020114] -> 0x0513
mem[X,0x0000000080020116] -> 0x3335
[4218] [M]: 0x0000000080020114 (0x33350513) addi a0, a0, 819
x10 <- 0x0000000033333333
mem[X,0x0000000080020118] -> 0x1513
mem[X,0x000000008002011A] -> 0x00B5
[4219] [M]: 0x0000000080020118 (0x00B51513) slli a0, a0, 11
x10 <- 0x0000019999999800
mem[X,0x000000008002011C] -> 0x0513
mem[X,0x000000008002011E] -> 0x1995
[4220] [M]: 0x000000008002011C (0x19950513) addi a0, a0, 409
x10 <- 0x0000019999999999
mem[X,0x0000000080020120] -> 0x1513
mem[X,0x0000000080020122] -> 0x00B5
[4221] [M]: 0x0000000080020120 (0x00B51513) slli a0, a0, 11
x10 <- 0x000CCCCCCCCCC800
mem[X,0x0000000080020124] -> 0x0513
mem[X,0x0000000080020126] -> 0x4CC5
[4222] [M]: 0x0000000080020124 (0x4CC50513) addi a0, a0, 1228
x10 <- 0x000CCCCCCCCCCCCC
mem[X,0x0000000080020128] -> 0x1513
mem[X,0x000000008002012A] -> 0x00A5
[4223] [M]: 0x0000000080020128 (0x00A51513) slli a0, a0, 10
x10 <- 0x3333333333333000
mem[X,0x000000008002012C] -> 0x0513
mem[X,0x000000008002012E] -> 0x3335
[4224] [M]: 0x000000008002012C (0x33350513) addi a0, a0, 819
x10 <- 0x3333333333333333
mem[X,0x0000000080020130] -> 0x05B7
mem[X,0x0000000080020132] -> 0x0000
[4225] [M]: 0x0000000080020130 (0x000005B7) lui a1, 0
x11 <- 0x0000000000000000
mem[X,0x0000000080020134] -> 0x8593
mem[X,0x0000000080020136] -> 0xFFF5
[4226] [M]: 0x0000000080020134 (0xFFF58593) addi a1, a1, 4095
x11 <- 0xFFFFFFFFFFFFFFFF
mem[X,0x0000000080020138] -> 0x9593
mem[X,0x000000008002013A] -> 0x00B5
[4227] [M]: 0x0000000080020138 (0x00B59593) slli a1, a1, 11
x11 <- 0xFFFFFFFFFFFFF800
mem[X,0x000000008002013C] -> 0x8593
mem[X,0x000000008002013E] -> 0x2575
[4228] [M]: 0x000000008002013C (0x25758593) addi a1, a1, 599
x11 <- 0xFFFFFFFFFFFFFA57
mem[X,0x0000000080020140] -> 0x9593
mem[X,0x0000000080020142] -> 0x00B5
[4229] [M]: 0x0000000080020140 (0x00B59593) slli a1, a1, 11
x11 <- 0xFFFFFFFFFFD2B800
mem[X,0x0000000080020144] -> 0x8593
mem[X,0x0000000080020146] -> 0x6C35
[4230] [M]: 0x0000000080020144 (0x6C358593) addi a1, a1, 1731
x11 <- 0xFFFFFFFFFFD2BEC3
mem[X,0x0000000080020148] -> 0x9593
mem[X,0x000000008002014A] -> 0x00A5
[4231] [M]: 0x0000000080020148 (0x00A59593) slli a1, a1, 10
x11 <- 0xFFFFFFFF4AFB0C00
mem[X,0x000000008002014C] -> 0x8593
mem[X,0x000000008002014E] -> 0x0CE5
[4232] [M]: 0x000000008002014C (0x0CE58593) addi a1, a1, 206
x11 <- 0xFFFFFFFF4AFB0CCE
mem[X,0x0000000080020150] -> 0x0113
mem[X,0x0000000080020152] -> 0x0000
[4233] [M]: 0x0000000080020150 (0x00000113) addi sp, zero, 0
x2 <- 0x0000000000000000
mem[X,0x0000000080020154] -> 0x006F
mem[X,0x0000000080020156] -> 0x00C0
[4234] [M]: 0x0000000080020154 (0x00C0006F) jal zero, 12
mem[X,0x0000000080020160] -> 0x5063
mem[X,0x0000000080020162] -> 0x08B5
[4235] [M]: 0x0000000080020160 (0x08B55063) bge a0, a1, 128
mem[X,0x00000000800201E0] -> 0x0113
mem[X,0x00000000800201E2] -> 0x0031
[4236] [M]: 0x00000000800201E0 (0x00310113) addi sp, sp, 3
x2 <- 0x0000000000000003
mem[X,0x00000000800201E4] -> 0x006F
mem[X,0x00000000800201E6] -> 0x0040
[4237] [M]: 0x00000000800201E4 (0x0040006F) jal zero, 4
mem[X,0x00000000800201E8] -> 0xB023
mem[X,0x00000000800201EA] -> 0x0820
[4238] [M]: 0x00000000800201E8 (0x0820B023) sd sp, 128(ra)
mem[0x0000000080049A50] <- 0x0000000000000003
mem[X,0x00000000800201EC] -> 0x3537
mem[X,0x00000000800201EE] -> 0x3333
[4239] [M]: 0x00000000800201EC (0x33333537) lui a0, 209715
x10 <- 0x0000000033333000
mem[X,0x00000000800201F0] -> 0x0513
mem[X,0x00000000800201F2] -> 0x3335
[4240] [M]: 0x00000000800201F0 (0x33350513) addi a0, a0, 819
x10 <- 0x0000000033333333
mem[X,0x00000000800201F4] -> 0x1513
mem[X,0x00000000800201F6] -> 0x00B5
[4241] [M]: 0x00000000800201F4 (0x00B51513) slli a0, a0, 11
x10 <- 0x0000019999999800
mem[X,0x00000000800201F8] -> 0x0513
mem[X,0x00000000800201FA] -> 0x1995
[4242] [M]: 0x00000000800201F8 (0x19950513) addi a0, a0, 409
x10 <- 0x0000019999999999
mem[X,0x00000000800201FC] -> 0x1513
mem[X,0x00000000800201FE] -> 0x00B5
[4243] [M]: 0x00000000800201FC (0x00B51513) slli a0, a0, 11
x10 <- 0x000CCCCCCCCCC800
mem[X,0x0000000080020200] -> 0x0513
mem[X,0x0000000080020202] -> 0x4CC5
[4244] [M]: 0x0000000080020200 (0x4CC50513) addi a0, a0, 1228
x10 <- 0x000CCCCCCCCCCCCC
mem[X,0x0000000080020204] -> 0x1513
mem[X,0x0000000080020206] -> 0x00A5
[4245] [M]: 0x0000000080020204 (0x00A51513) slli a0, a0, 10
x10 <- 0x3333333333333000
mem[X,0x0000000080020208] -> 0x0513
mem[X,0x000000008002020A] -> 0x3335
[4246] [M]: 0x0000000080020208 (0x33350513) addi a0, a0, 819
x10 <- 0x3333333333333333
mem[X,0x000000008002020C] -> 0x05B7
mem[X,0x000000008002020E] -> 0x0000
[4247] [M]: 0x000000008002020C (0x000005B7) lui a1, 0
x11 <- 0x0000000000000000
mem[X,0x0000000080020210] -> 0x8593
mem[X,0x0000000080020212] -> 0x0005
[4248] [M]: 0x0000000080020210 (0x00058593) addi a1, a1, 0
x11 <- 0x0000000000000000
mem[X,0x0000000080020214] -> 0x9593
mem[X,0x0000000080020216] -> 0x00B5
[4249] [M]: 0x0000000080020214 (0x00B59593) slli a1, a1, 11
x11 <- 0x0000000000000000
mem[X,0x0000000080020218] -> 0x8593
mem[X,0x000000008002021A] -> 0x5A85
[4250] [M]: 0x0000000080020218 (0x5A858593) addi a1, a1, 1448
x11 <- 0x00000000000005A8
mem[X,0x000000008002021C] -> 0x9593
mem[X,0x000000008002021E] -> 0x00B5
[4251] [M]: 0x000000008002021C (0x00B59593) slli a1, a1, 11
x11 <- 0x00000000002D4000
mem[X,0x0000000080020220] -> 0x8593
mem[X,0x0000000080020222] -> 0x13C5
[4252] [M]: 0x0000000080020220 (0x13C58593) addi a1, a1, 316
x11 <- 0x00000000002D413C
mem[X,0x0000000080020224] -> 0x9593
mem[X,0x0000000080020226] -> 0x00A5
[4253] [M]: 0x0000000080020224 (0x00A59593) slli a1, a1, 10
x11 <- 0x00000000B504F000
mem[X,0x0000000080020228] -> 0x8593
mem[X,0x000000008002022A] -> 0x3345
[4254] [M]: 0x0000000080020228 (0x33458593) addi a1, a1, 820
x11 <- 0x00000000B504F334
mem[X,0x000000008002022C] -> 0x0113
mem[X,0x000000008002022E] -> 0x0000
[4255] [M]: 0x000000008002022C (0x00000113) addi sp, zero, 0
x2 <- 0x0000000000000000
mem[X,0x0000000080020230] -> 0x006F
mem[X,0x0000000080020232] -> 0x00C0
[4256] [M]: 0x0000000080020230 (0x00C0006F) jal zero, 12
mem[X,0x000000008002023C] -> 0x5663
mem[X,0x000000008002023E] -> 0x00B5
[4257] [M]: 0x000000008002023C (0x00B55663) bge a0, a1, 12
mem[X,0x0000000080020248] -> 0x0113
mem[X,0x000000008002024A] -> 0x0031
[4258] [M]: 0x0000000080020248 (0x00310113) addi sp, sp, 3
x2 <- 0x0000000000000003
mem[X,0x000000008002024C] -> 0x006F
mem[X,0x000000008002024E] -> 0x0040
[4259] [M]: 0x000000008002024C (0x0040006F) jal zero, 4
mem[X,0x0000000080020250] -> 0xB423
mem[X,0x0000000080020252] -> 0x0820
[4260] [M]: 0x0000000080020250 (0x0820B423) sd sp, 136(ra)
mem[0x0000000080049A58] <- 0x0000000000000003
mem[X,0x0000000080020254] -> 0x6537
mem[X,0x0000000080020256] -> 0x6666
[4261] [M]: 0x0000000080020254 (0x66666537) lui a0, 419430
x10 <- 0x0000000066666000
mem[X,0x0000000080020258] -> 0x0513
mem[X,0x000000008002025A] -> 0x6665
[4262] [M]: 0x0000000080020258 (0x66650513) addi a0, a0, 1638
x10 <- 0x0000000066666666
mem[X,0x000000008002025C] -> 0x1513
mem[X,0x000000008002025E] -> 0x00B5
[4263] [M]: 0x000000008002025C (0x00B51513) slli a0, a0, 11
x10 <- 0x0000033333333000
mem[X,0x0000000080020260] -> 0x0513
mem[X,0x0000000080020262] -> 0x3335
[4264] [M]: 0x0000000080020260 (0x33350513) addi a0, a0, 819
x10 <- 0x0000033333333333
mem[X,0x0000000080020264] -> 0x1513
mem[X,0x0000000080020266] -> 0x00B5
[4265] [M]: 0x0000000080020264 (0x00B51513) slli a0, a0, 11
x10 <- 0x0019999999999800
mem[X,0x0000000080020268] -> 0x0513
mem[X,0x000000008002026A] -> 0x1995
[4266] [M]: 0x0000000080020268 (0x19950513) addi a0, a0, 409
x10 <- 0x0019999999999999
mem[X,0x000000008002026C] -> 0x1513
mem[X,0x000000008002026E] -> 0x00A5
[4267] [M]: 0x000000008002026C (0x00A51513) slli a0, a0, 10
x10 <- 0x6666666666666400
mem[X,0x0000000080020270] -> 0x0513
mem[X,0x0000000080020272] -> 0x2665
[4268] [M]: 0x0000000080020270 (0x26650513) addi a0, a0, 614
x10 <- 0x6666666666666666
mem[X,0x0000000080020274] -> 0x0593
mem[X,0x0000000080020276] -> 0x0030
[4269] [M]: 0x0000000080020274 (0x00300593) addi a1, zero, 3
x11 <- 0x0000000000000003
mem[X,0x0000000080020278] -> 0x0113
mem[X,0x000000008002027A] -> 0x0000
[4270] [M]: 0x0000000080020278 (0x00000113) addi sp, zero, 0
x2 <- 0x0000000000000000
mem[X,0x000000008002027C] -> 0x006F
mem[X,0x000000008002027E] -> 0x00C0
[4271] [M]: 0x000000008002027C (0x00C0006F) jal zero, 12
mem[X,0x0000000080020288] -> 0x5063
mem[X,0x000000008002028A] -> 0x04B5
[4272] [M]: 0x0000000080020288 (0x04B55063) bge a0, a1, 64
mem[X,0x00000000800202C8] -> 0x0113
mem[X,0x00000000800202CA] -> 0x0031
[4273] [M]: 0x00000000800202C8 (0x00310113) addi sp, sp, 3
x2 <- 0x0000000000000003
mem[X,0x00000000800202CC] -> 0x006F
mem[X,0x00000000800202CE] -> 0x0040
[4274] [M]: 0x00000000800202CC (0x0040006F) jal zero, 4
mem[X,0x00000000800202D0] -> 0xB823
mem[X,0x00000000800202D2] -> 0x0820
[4275] [M]: 0x00000000800202D0 (0x0820B823) sd sp, 144(ra)
mem[0x0000000080049A60] <- 0x0000000000000003
mem[X,0x00000000800202D4] -> 0x6537
mem[X,0x00000000800202D6] -> 0x6666
[4276] [M]: 0x00000000800202D4 (0x66666537) lui a0, 419430
x10 <- 0x0000000066666000
mem[X,0x00000000800202D8] -> 0x0513
mem[X,0x00000000800202DA] -> 0x6665
[4277] [M]: 0x00000000800202D8 (0x66650513) addi a0, a0, 1638
x10 <- 0x0000000066666666
mem[X,0x00000000800202DC] -> 0x1513
mem[X,0x00000000800202DE] -> 0x00B5
[4278] [M]: 0x00000000800202DC (0x00B51513) slli a0, a0, 11
x10 <- 0x0000033333333000
mem[X,0x00000000800202E0] -> 0x0513
mem[X,0x00000000800202E2] -> 0x3335
[4279] [M]: 0x00000000800202E0 (0x33350513) addi a0, a0, 819
x10 <- 0x0000033333333333
mem[X,0x00000000800202E4] -> 0x1513
mem[X,0x00000000800202E6] -> 0x00B5
[4280] [M]: 0x00000000800202E4 (0x00B51513) slli a0, a0, 11
x10 <- 0x0019999999999800
mem[X,0x00000000800202E8] -> 0x0513
mem[X,0x00000000800202EA] -> 0x1995
[4281] [M]: 0x00000000800202E8 (0x19950513) addi a0, a0, 409
x10 <- 0x0019999999999999
mem[X,0x00000000800202EC] -> 0x1513
mem[X,0x00000000800202EE] -> 0x00A5
[4282] [M]: 0x00000000800202EC (0x00A51513) slli a0, a0, 10
x10 <- 0x6666666666666400
mem[X,0x00000000800202F0] -> 0x0513
mem[X,0x00000000800202F2] -> 0x2665
[4283] [M]: 0x00000000800202F0 (0x26650513) addi a0, a0, 614
x10 <- 0x6666666666666666
mem[X,0x00000000800202F4] -> 0x55B7
mem[X,0x00000000800202F6] -> 0x5555
[4284] [M]: 0x00000000800202F4 (0x555555B7) lui a1, 349525
x11 <- 0x0000000055555000
mem[X,0x00000000800202F8] -> 0x8593
mem[X,0x00000000800202FA] -> 0x5555
[4285] [M]: 0x00000000800202F8 (0x55558593) addi a1, a1, 1365
x11 <- 0x0000000055555555
mem[X,0x00000000800202FC] -> 0x9593
mem[X,0x00000000800202FE] -> 0x00B5
[4286] [M]: 0x00000000800202FC (0x00B59593) slli a1, a1, 11
x11 <- 0x000002AAAAAAA800
mem[X,0x0000000080020300] -> 0x8593
mem[X,0x0000000080020302] -> 0x2AA5
[4287] [M]: 0x0000000080020300 (0x2AA58593) addi a1, a1, 682
x11 <- 0x000002AAAAAAAAAA
mem[X,0x0000000080020304] -> 0x9593
mem[X,0x0000000080020306] -> 0x00B5
[4288] [M]: 0x0000000080020304 (0x00B59593) slli a1, a1, 11
x11 <- 0x0015555555555000
mem[X,0x0000000080020308] -> 0x8593
mem[X,0x000000008002030A] -> 0x5555
[4289] [M]: 0x0000000080020308 (0x55558593) addi a1, a1, 1365
x11 <- 0x0015555555555555
mem[X,0x000000008002030C] -> 0x9593
mem[X,0x000000008002030E] -> 0x00A5
[4290] [M]: 0x000000008002030C (0x00A59593) slli a1, a1, 10
x11 <- 0x5555555555555400
mem[X,0x0000000080020310] -> 0x8593
mem[X,0x0000000080020312] -> 0x1555
[4291] [M]: 0x0000000080020310 (0x15558593) addi a1, a1, 341
x11 <- 0x5555555555555555
mem[X,0x0000000080020314] -> 0x0113
mem[X,0x0000000080020316] -> 0x0000
[4292] [M]: 0x0000000080020314 (0x00000113) addi sp, zero, 0
x2 <- 0x0000000000000000
mem[X,0x0000000080020318] -> 0x006F
mem[X,0x000000008002031A] -> 0x00C0
[4293] [M]: 0x0000000080020318 (0x00C0006F) jal zero, 12
mem[X,0x0000000080020324] -> 0x5CE3
mem[X,0x0000000080020326] -> 0xFEB5
[4294] [M]: 0x0000000080020324 (0xFEB55CE3) bge a0, a1, 8184
mem[X,0x000000008002031C] -> 0x0113
mem[X,0x000000008002031E] -> 0x0011
[4295] [M]: 0x000000008002031C (0x00110113) addi sp, sp, 1
x2 <- 0x0000000000000001
mem[X,0x0000000080020320] -> 0x006F
mem[X,0x0000000080020322] -> 0x0180
[4296] [M]: 0x0000000080020320 (0x0180006F) jal zero, 24
mem[X,0x0000000080020338] -> 0xBC23
mem[X,0x000000008002033A] -> 0x0820
[4297] [M]: 0x0000000080020338 (0x0820BC23) sd sp, 152(ra)
mem[0x0000000080049A68] <- 0x0000000000000001
mem[X,0x000000008002033C] -> 0x6537
mem[X,0x000000008002033E] -> 0x6666
[4298] [M]: 0x000000008002033C (0x66666537) lui a0, 419430
x10 <- 0x0000000066666000
mem[X,0x0000000080020340] -> 0x0513
mem[X,0x0000000080020342] -> 0x6665
[4299] [M]: 0x0000000080020340 (0x66650513) addi a0, a0, 1638
x10 <- 0x0000000066666666
clint::tick mtime <- 0x000000000000002B
 clint timer pending at mtime 0x000000000000002B
htif::tick 0x0000000000000000
mem[X,0x0000000080020344] -> 0x1513
mem[X,0x0000000080020346] -> 0x00B5
[4300] [M]: 0x0000000080020344 (0x00B51513) slli a0, a0, 11
x10 <- 0x0000033333333000
mem[X,0x0000000080020348] -> 0x0513
mem[X,0x000000008002034A] -> 0x3335
[4301] [M]: 0x0000000080020348 (0x33350513) addi a0, a0, 819
x10 <- 0x0000033333333333
mem[X,0x000000008002034C] -> 0x1513
mem[X,0x000000008002034E] -> 0x00B5
[4302] [M]: 0x000000008002034C (0x00B51513) slli a0, a0, 11
x10 <- 0x0019999999999800
mem[X,0x0000000080020350] -> 0x0513
mem[X,0x0000000080020352] -> 0x1995
[4303] [M]: 0x0000000080020350 (0x19950513) addi a0, a0, 409
x10 <- 0x0019999999999999
mem[X,0x0000000080020354] -> 0x1513
mem[X,0x0000000080020356] -> 0x00A5
[4304] [M]: 0x0000000080020354 (0x00A51513) slli a0, a0, 10
x10 <- 0x6666666666666400
mem[X,0x0000000080020358] -> 0x0513
mem[X,0x000000008002035A] -> 0x2665
[4305] [M]: 0x0000000080020358 (0x26650513) addi a0, a0, 614
x10 <- 0x6666666666666666
mem[X,0x000000008002035C] -> 0xB5B7
mem[X,0x000000008002035E] -> 0xAAAA
[4306] [M]: 0x000000008002035C (0xAAAAB5B7) lui a1, 699051
x11 <- 0xFFFFFFFFAAAAB000
mem[X,0x0000000080020360] -> 0x8593
mem[X,0x0000000080020362] -> 0xAAA5
[4307] [M]: 0x0000000080020360 (0xAAA58593) addi a1, a1, 2730
x11 <- 0xFFFFFFFFAAAAAAAA
mem[X,0x0000000080020364] -> 0x9593
mem[X,0x0000000080020366] -> 0x00B5
[4308] [M]: 0x0000000080020364 (0x00B59593) slli a1, a1, 11
x11 <- 0xFFFFFD5555555000
mem[X,0x0000000080020368] -> 0x8593
mem[X,0x000000008002036A] -> 0x5555
[4309] [M]: 0x0000000080020368 (0x55558593) addi a1, a1, 1365
x11 <- 0xFFFFFD5555555555
mem[X,0x000000008002036C] -> 0x9593
mem[X,0x000000008002036E] -> 0x00B5
[4310] [M]: 0x000000008002036C (0x00B59593) slli a1, a1, 11
x11 <- 0xFFEAAAAAAAAAA800
mem[X,0x0000000080020370] -> 0x8593
mem[X,0x0000000080020372] -> 0x2AA5
[4311] [M]: 0x0000000080020370 (0x2AA58593) addi a1, a1, 682
x11 <- 0xFFEAAAAAAAAAAAAA
mem[X,0x0000000080020374] -> 0x9593
mem[X,0x0000000080020376] -> 0x00A5
[4312] [M]: 0x0000000080020374 (0x00A59593) slli a1, a1, 10
x11 <- 0xAAAAAAAAAAAAA800
mem[X,0x0000000080020378] -> 0x8593
mem[X,0x000000008002037A] -> 0x2AA5
[4313] [M]: 0x0000000080020378 (0x2AA58593) addi a1, a1, 682
x11 <- 0xAAAAAAAAAAAAAAAA
mem[X,0x000000008002037C] -> 0x0113
mem[X,0x000000008002037E] -> 0x0000
[4314] [M]: 0x000000008002037C (0x00000113) addi sp, zero, 0
x2 <- 0x0000000000000000
mem[X,0x0000000080020380] -> 0x006F
mem[X,0x0000000080020382] -> 0x00C0
[4315] [M]: 0x0000000080020380 (0x00C0006F) jal zero, 12
mem[X,0x000000008002038C] -> 0x5663
mem[X,0x000000008002038E] -> 0x00B5
[4316] [M]: 0x000000008002038C (0x00B55663) bge a0, a1, 12
mem[X,0x0000000080020398] -> 0x0113
mem[X,0x000000008002039A] -> 0x0031
[4317] [M]: 0x0000000080020398 (0x00310113) addi sp, sp, 3
x2 <- 0x0000000000000003
mem[X,0x000000008002039C] -> 0x006F
mem[X,0x000000008002039E] -> 0x0040
[4318] [M]: 0x000000008002039C (0x0040006F) jal zero, 4
mem[X,0x00000000800203A0] -> 0xB023
mem[X,0x00000000800203A2] -> 0x0A20
[4319] [M]: 0x00000000800203A0 (0x0A20B023) sd sp, 160(ra)
mem[0x0000000080049A70] <- 0x0000000000000003
mem[X,0x00000000800203A4] -> 0x6537
mem[X,0x00000000800203A6] -> 0x6666
[4320] [M]: 0x00000000800203A4 (0x66666537) lui a0, 419430
x10 <- 0x0000000066666000
mem[X,0x00000000800203A8] -> 0x0513
mem[X,0x00000000800203AA] -> 0x6665
[4321] [M]: 0x00000000800203A8 (0x66650513) addi a0, a0, 1638
x10 <- 0x0000000066666666
mem[X,0x00000000800203AC] -> 0x1513
mem[X,0x00000000800203AE] -> 0x00B5
[4322] [M]: 0x00000000800203AC (0x00B51513) slli a0, a0, 11
x10 <- 0x0000033333333000
mem[X,0x00000000800203B0] -> 0x0513
mem[X,0x00000000800203B2] -> 0x3335
[4323] [M]: 0x00000000800203B0 (0x33350513) addi a0, a0, 819
x10 <- 0x0000033333333333
mem[X,0x00000000800203B4] -> 0x1513
mem[X,0x00000000800203B6] -> 0x00B5
[4324] [M]: 0x00000000800203B4 (0x00B51513) slli a0, a0, 11
x10 <- 0x0019999999999800
mem[X,0x00000000800203B8] -> 0x0513
mem[X,0x00000000800203BA] -> 0x1995
[4325] [M]: 0x00000000800203B8 (0x19950513) addi a0, a0, 409
x10 <- 0x0019999999999999
mem[X,0x00000000800203BC] -> 0x1513
mem[X,0x00000000800203BE] -> 0x00A5
[4326] [M]: 0x00000000800203BC (0x00A51513) slli a0, a0, 10
x10 <- 0x6666666666666400
mem[X,0x00000000800203C0] -> 0x0513
mem[X,0x00000000800203C2] -> 0x2665
[4327] [M]: 0x00000000800203C0 (0x26650513) addi a0, a0, 614
x10 <- 0x6666666666666666
mem[X,0x00000000800203C4] -> 0x0593
mem[X,0x00000000800203C6] -> 0x0050
[4328] [M]: 0x00000000800203C4 (0x00500593) addi a1, zero, 5
x11 <- 0x0000000000000005
mem[X,0x00000000800203C8] -> 0x0113
mem[X,0x00000000800203CA] -> 0x0000
[4329] [M]: 0x00000000800203C8 (0x00000113) addi sp, zero, 0
x2 <- 0x0000000000000000
mem[X,0x00000000800203CC] -> 0x006F
mem[X,0x00000000800203CE] -> 0x00C0
[4330] [M]: 0x00000000800203CC (0x00C0006F) jal zero, 12
mem[X,0x00000000800203D8] -> 0x5063
mem[X,0x00000000800203DA] -> 0x10B5
[4331] [M]: 0x00000000800203D8 (0x10B55063) bge a0, a1, 256
mem[X,0x00000000800204D8] -> 0x0113
mem[X,0x00000000800204DA] -> 0x0031
[4332] [M]: 0x00000000800204D8 (0x00310113) addi sp, sp, 3
x2 <- 0x0000000000000003
mem[X,0x00000000800204DC] -> 0x006F
mem[X,0x00000000800204DE] -> 0x0040
[4333] [M]: 0x00000000800204DC (0x0040006F) jal zero, 4
mem[X,0x00000000800204E0] -> 0xB423
mem[X,0x00000000800204E2] -> 0x0A20
[4334] [M]: 0x00000000800204E0 (0x0A20B423) sd sp, 168(ra)
mem[0x0000000080049A78] <- 0x0000000000000003
mem[X,0x00000000800204E4] -> 0x6537
mem[X,0x00000000800204E6] -> 0x6666
[4335] [M]: 0x00000000800204E4 (0x66666537) lui a0, 419430
x10 <- 0x0000000066666000
mem[X,0x00000000800204E8] -> 0x0513
mem[X,0x00000000800204EA] -> 0x6665
[4336] [M]: 0x00000000800204E8 (0x66650513) addi a0, a0, 1638
x10 <- 0x0000000066666666
mem[X,0x00000000800204EC] -> 0x1513
mem[X,0x00000000800204EE] -> 0x00B5
[4337] [M]: 0x00000000800204EC (0x00B51513) slli a0, a0, 11
x10 <- 0x0000033333333000
mem[X,0x00000000800204F0] -> 0x0513
mem[X,0x00000000800204F2] -> 0x3335
[4338] [M]: 0x00000000800204F0 (0x33350513) addi a0, a0, 819
x10 <- 0x0000033333333333
mem[X,0x00000000800204F4] -> 0x1513
mem[X,0x00000000800204F6] -> 0x00B5
[4339] [M]: 0x00000000800204F4 (0x00B51513) slli a0, a0, 11
x10 <- 0x0019999999999800
mem[X,0x00000000800204F8] -> 0x0513
mem[X,0x00000000800204FA] -> 0x1995
[4340] [M]: 0x00000000800204F8 (0x19950513) addi a0, a0, 409
x10 <- 0x0019999999999999
mem[X,0x00000000800204FC] -> 0x1513
mem[X,0x00000000800204FE] -> 0x00A5
[4341] [M]: 0x00000000800204FC (0x00A51513) slli a0, a0, 10
x10 <- 0x6666666666666400
mem[X,0x0000000080020500] -> 0x0513
mem[X,0x0000000080020502] -> 0x2665
[4342] [M]: 0x0000000080020500 (0x26650513) addi a0, a0, 614
x10 <- 0x6666666666666666
mem[X,0x0000000080020504] -> 0x35B7
mem[X,0x0000000080020506] -> 0x3333
[4343] [M]: 0x0000000080020504 (0x333335B7) lui a1, 209715
x11 <- 0x0000000033333000
mem[X,0x0000000080020508] -> 0x8593
mem[X,0x000000008002050A] -> 0x3335
[4344] [M]: 0x0000000080020508 (0x33358593) addi a1, a1, 819
x11 <- 0x0000000033333333
mem[X,0x000000008002050C] -> 0x9593
mem[X,0x000000008002050E] -> 0x00B5
[4345] [M]: 0x000000008002050C (0x00B59593) slli a1, a1, 11
x11 <- 0x0000019999999800
mem[X,0x0000000080020510] -> 0x8593
mem[X,0x0000000080020512] -> 0x1995
[4346] [M]: 0x0000000080020510 (0x19958593) addi a1, a1, 409
x11 <- 0x0000019999999999
mem[X,0x0000000080020514] -> 0x9593
mem[X,0x0000000080020516] -> 0x00B5
[4347] [M]: 0x0000000080020514 (0x00B59593) slli a1, a1, 11
x11 <- 0x000CCCCCCCCCC800
mem[X,0x0000000080020518] -> 0x8593
mem[X,0x000000008002051A] -> 0x4CC5
[4348] [M]: 0x0000000080020518 (0x4CC58593) addi a1, a1, 1228
x11 <- 0x000CCCCCCCCCCCCC
mem[X,0x000000008002051C] -> 0x9593
mem[X,0x000000008002051E] -> 0x00A5
[4349] [M]: 0x000000008002051C (0x00A59593) slli a1, a1, 10
x11 <- 0x3333333333333000
mem[X,0x0000000080020520] -> 0x8593
mem[X,0x0000000080020522] -> 0x3335
[4350] [M]: 0x0000000080020520 (0x33358593) addi a1, a1, 819
x11 <- 0x3333333333333333
mem[X,0x0000000080020524] -> 0x0113
mem[X,0x0000000080020526] -> 0x0000
[4351] [M]: 0x0000000080020524 (0x00000113) addi sp, zero, 0
x2 <- 0x0000000000000000
mem[X,0x0000000080020528] -> 0x006F
mem[X,0x000000008002052A] -> 0x00C0
[4352] [M]: 0x0000000080020528 (0x00C0006F) jal zero, 12
mem[X,0x0000000080020534] -> 0x5063
mem[X,0x0000000080020536] -> 0x20B5
[4353] [M]: 0x0000000080020534 (0x20B55063) bge a0, a1, 512
mem[X,0x0000000080020734] -> 0x0113
mem[X,0x0000000080020736] -> 0x0031
[4354] [M]: 0x0000000080020734 (0x00310113) addi sp, sp, 3
x2 <- 0x0000000000000003
mem[X,0x0000000080020738] -> 0x006F
mem[X,0x000000008002073A] -> 0x0040
[4355] [M]: 0x0000000080020738 (0x0040006F) jal zero, 4
mem[X,0x000000008002073C] -> 0xB823
mem[X,0x000000008002073E] -> 0x0A20
[4356] [M]: 0x000000008002073C (0x0A20B823) sd sp, 176(ra)
mem[0x0000000080049A80] <- 0x0000000000000003
mem[X,0x0000000080020740] -> 0x6537
mem[X,0x0000000080020742] -> 0x6666
[4357] [M]: 0x0000000080020740 (0x66666537) lui a0, 419430
x10 <- 0x0000000066666000
mem[X,0x0000000080020744] -> 0x0513
mem[X,0x0000000080020746] -> 0x6665
[4358] [M]: 0x0000000080020744 (0x66650513) addi a0, a0, 1638
x10 <- 0x0000000066666666
mem[X,0x0000000080020748] -> 0x1513
mem[X,0x000000008002074A] -> 0x00B5
[4359] [M]: 0x0000000080020748 (0x00B51513) slli a0, a0, 11
x10 <- 0x0000033333333000
mem[X,0x000000008002074C] -> 0x0513
mem[X,0x000000008002074E] -> 0x3335
[4360] [M]: 0x000000008002074C (0x33350513) addi a0, a0, 819
x10 <- 0x0000033333333333
mem[X,0x0000000080020750] -> 0x1513
mem[X,0x0000000080020752] -> 0x00B5
[4361] [M]: 0x0000000080020750 (0x00B51513) slli a0, a0, 11
x10 <- 0x0019999999999800
mem[X,0x0000000080020754] -> 0x0513
mem[X,0x0000000080020756] -> 0x1995
[4362] [M]: 0x0000000080020754 (0x19950513) addi a0, a0, 409
x10 <- 0x0019999999999999
mem[X,0x0000000080020758] -> 0x1513
mem[X,0x000000008002075A] -> 0x00A5
[4363] [M]: 0x0000000080020758 (0x00A51513) slli a0, a0, 10
x10 <- 0x6666666666666400
mem[X,0x000000008002075C] -> 0x0513
mem[X,0x000000008002075E] -> 0x2665
[4364] [M]: 0x000000008002075C (0x26650513) addi a0, a0, 614
x10 <- 0x6666666666666666
mem[X,0x0000000080020760] -> 0x65B7
mem[X,0x0000000080020762] -> 0x6666
[4365] [M]: 0x0000000080020760 (0x666665B7) lui a1, 419430
x11 <- 0x0000000066666000
mem[X,0x0000000080020764] -> 0x8593
mem[X,0x0000000080020766] -> 0x6665
[4366] [M]: 0x0000000080020764 (0x66658593) addi a1, a1, 1638
x11 <- 0x0000000066666666
mem[X,0x0000000080020768] -> 0x9593
mem[X,0x000000008002076A] -> 0x00B5
[4367] [M]: 0x0000000080020768 (0x00B59593) slli a1, a1, 11
x11 <- 0x0000033333333000
mem[X,0x000000008002076C] -> 0x8593
mem[X,0x000000008002076E] -> 0x3335
[4368] [M]: 0x000000008002076C (0x33358593) addi a1, a1, 819
x11 <- 0x0000033333333333
mem[X,0x0000000080020770] -> 0x9593
mem[X,0x0000000080020772] -> 0x00B5
[4369] [M]: 0x0000000080020770 (0x00B59593) slli a1, a1, 11
x11 <- 0x0019999999999800
mem[X,0x0000000080020774] -> 0x8593
mem[X,0x0000000080020776] -> 0x1995
[4370] [M]: 0x0000000080020774 (0x19958593) addi a1, a1, 409
x11 <- 0x0019999999999999
mem[X,0x0000000080020778] -> 0x9593
mem[X,0x000000008002077A] -> 0x00A5
[4371] [M]: 0x0000000080020778 (0x00A59593) slli a1, a1, 10
x11 <- 0x6666666666666400
mem[X,0x000000008002077C] -> 0x8593
mem[X,0x000000008002077E] -> 0x2665
[4372] [M]: 0x000000008002077C (0x26658593) addi a1, a1, 614
x11 <- 0x6666666666666666
mem[X,0x0000000080020780] -> 0x0113
mem[X,0x0000000080020782] -> 0x0000
[4373] [M]: 0x0000000080020780 (0x00000113) addi sp, zero, 0
x2 <- 0x0000000000000000
mem[X,0x0000000080020784] -> 0x006F
mem[X,0x0000000080020786] -> 0x00C0
[4374] [M]: 0x0000000080020784 (0x00C0006F) jal zero, 12
mem[X,0x0000000080020790] -> 0x5663
mem[X,0x0000000080020792] -> 0x00B5
[4375] [M]: 0x0000000080020790 (0x00B55663) bge a0, a1, 12
mem[X,0x000000008002079C] -> 0x0113
mem[X,0x000000008002079E] -> 0x0031
[4376] [M]: 0x000000008002079C (0x00310113) addi sp, sp, 3
x2 <- 0x0000000000000003
mem[X,0x00000000800207A0] -> 0x006F
mem[X,0x00000000800207A2] -> 0x0040
[4377] [M]: 0x00000000800207A0 (0x0040006F) jal zero, 4
mem[X,0x00000000800207A4] -> 0xBC23
mem[X,0x00000000800207A6] -> 0x0A20
[4378] [M]: 0x00000000800207A4 (0x0A20BC23) sd sp, 184(ra)
mem[0x0000000080049A88] <- 0x0000000000000003
mem[X,0x00000000800207A8] -> 0x6537
mem[X,0x00000000800207AA] -> 0x6666
[4379] [M]: 0x00000000800207A8 (0x66666537) lui a0, 419430
x10 <- 0x0000000066666000
mem[X,0x00000000800207AC] -> 0x0513
mem[X,0x00000000800207AE] -> 0x6665
[4380] [M]: 0x00000000800207AC (0x66650513) addi a0, a0, 1638
x10 <- 0x0000000066666666
mem[X,0x00000000800207B0] -> 0x1513
mem[X,0x00000000800207B2] -> 0x00B5
[4381] [M]: 0x00000000800207B0 (0x00B51513) slli a0, a0, 11
x10 <- 0x0000033333333000
mem[X,0x00000000800207B4] -> 0x0513
mem[X,0x00000000800207B6] -> 0x3335
[4382] [M]: 0x00000000800207B4 (0x33350513) addi a0, a0, 819
x10 <- 0x0000033333333333
mem[X,0x00000000800207B8] -> 0x1513
mem[X,0x00000000800207BA] -> 0x00B5
[4383] [M]: 0x00000000800207B8 (0x00B51513) slli a0, a0, 11
x10 <- 0x0019999999999800
mem[X,0x00000000800207BC] -> 0x0513
mem[X,0x00000000800207BE] -> 0x1995
[4384] [M]: 0x00000000800207BC (0x19950513) addi a0, a0, 409
x10 <- 0x0019999999999999
mem[X,0x00000000800207C0] -> 0x1513
mem[X,0x00000000800207C2] -> 0x00A5
[4385] [M]: 0x00000000800207C0 (0x00A51513) slli a0, a0, 10
x10 <- 0x6666666666666400
mem[X,0x00000000800207C4] -> 0x0513
mem[X,0x00000000800207C6] -> 0x2665
[4386] [M]: 0x00000000800207C4 (0x26650513) addi a0, a0, 614
x10 <- 0x6666666666666666
mem[X,0x00000000800207C8] -> 0x05B7
mem[X,0x00000000800207CA] -> 0x0000
[4387] [M]: 0x00000000800207C8 (0x000005B7) lui a1, 0
x11 <- 0x0000000000000000
mem[X,0x00000000800207CC] -> 0x8593
mem[X,0x00000000800207CE] -> 0xFFF5
[4388] [M]: 0x00000000800207CC (0xFFF58593) addi a1, a1, 4095
x11 <- 0xFFFFFFFFFFFFFFFF
mem[X,0x00000000800207D0] -> 0x9593
mem[X,0x00000000800207D2] -> 0x00B5
[4389] [M]: 0x00000000800207D0 (0x00B59593) slli a1, a1, 11
x11 <- 0xFFFFFFFFFFFFF800
mem[X,0x00000000800207D4] -> 0x8593
mem[X,0x00000000800207D6] -> 0x2575
[4390] [M]: 0x00000000800207D4 (0x25758593) addi a1, a1, 599
x11 <- 0xFFFFFFFFFFFFFA57
mem[X,0x00000000800207D8] -> 0x9593
mem[X,0x00000000800207DA] -> 0x00B5
[4391] [M]: 0x00000000800207D8 (0x00B59593) slli a1, a1, 11
x11 <- 0xFFFFFFFFFFD2B800
mem[X,0x00000000800207DC] -> 0x8593
mem[X,0x00000000800207DE] -> 0x6C35
[4392] [M]: 0x00000000800207DC (0x6C358593) addi a1, a1, 1731
x11 <- 0xFFFFFFFFFFD2BEC3
mem[X,0x00000000800207E0] -> 0x9593
mem[X,0x00000000800207E2] -> 0x00A5
[4393] [M]: 0x00000000800207E0 (0x00A59593) slli a1, a1, 10
x11 <- 0xFFFFFFFF4AFB0C00
mem[X,0x00000000800207E4] -> 0x8593
mem[X,0x00000000800207E6] -> 0x0CD5
[4394] [M]: 0x00000000800207E4 (0x0CD58593) addi a1, a1, 205
x11 <- 0xFFFFFFFF4AFB0CCD
mem[X,0x00000000800207E8] -> 0x0113
mem[X,0x00000000800207EA] -> 0x0000
[4395] [M]: 0x00000000800207E8 (0x00000113) addi sp, zero, 0
x2 <- 0x0000000000000000
mem[X,0x00000000800207EC] -> 0x006F
mem[X,0x00000000800207EE] -> 0x2B10
[4396] [M]: 0x00000000800207EC (0x2B10006F) jal zero, 2736
mem[X,0x000000008002129C] -> 0x5A63
mem[X,0x000000008002129E] -> 0xD4B5
[4397] [M]: 0x000000008002129C (0xD4B55A63) bge a0, a1, 5460
mem[X,0x00000000800207F0] -> 0x0113
mem[X,0x00000000800207F2] -> 0x0011
[4398] [M]: 0x00000000800207F0 (0x00110113) addi sp, sp, 1
x2 <- 0x0000000000000001
mem[X,0x00000000800207F4] -> 0x006F
mem[X,0x00000000800207F6] -> 0x2BD0
[4399] [M]: 0x00000000800207F4 (0x2BD0006F) jal zero, 2748
clint::tick mtime <- 0x000000000000002C
 clint timer pending at mtime 0x000000000000002C
htif::tick 0x0000000000000000
mem[X,0x00000000800212B0] -> 0xB023
mem[X,0x00000000800212B2] -> 0x0C20
[4400] [M]: 0x00000000800212B0 (0x0C20B023) sd sp, 192(ra)
mem[0x0000000080049A90] <- 0x0000000000000001
mem[X,0x00000000800212B4] -> 0x6537
mem[X,0x00000000800212B6] -> 0x6666
[4401] [M]: 0x00000000800212B4 (0x66666537) lui a0, 419430
x10 <- 0x0000000066666000
mem[X,0x00000000800212B8] -> 0x0513
mem[X,0x00000000800212BA] -> 0x6665
[4402] [M]: 0x00000000800212B8 (0x66650513) addi a0, a0, 1638
x10 <- 0x0000000066666666
mem[X,0x00000000800212BC] -> 0x1513
mem[X,0x00000000800212BE] -> 0x00B5
[4403] [M]: 0x00000000800212BC (0x00B51513) slli a0, a0, 11
x10 <- 0x0000033333333000
mem[X,0x00000000800212C0] -> 0x0513
mem[X,0x00000000800212C2] -> 0x3335
[4404] [M]: 0x00000000800212C0 (0x33350513) addi a0, a0, 819
x10 <- 0x0000033333333333
mem[X,0x00000000800212C4] -> 0x1513
mem[X,0x00000000800212C6] -> 0x00B5
[4405] [M]: 0x00000000800212C4 (0x00B51513) slli a0, a0, 11
x10 <- 0x0019999999999800
mem[X,0x00000000800212C8] -> 0x0513
mem[X,0x00000000800212CA] -> 0x1995
[4406] [M]: 0x00000000800212C8 (0x19950513) addi a0, a0, 409
x10 <- 0x0019999999999999
mem[X,0x00000000800212CC] -> 0x1513
mem[X,0x00000000800212CE] -> 0x00A5
[4407] [M]: 0x00000000800212CC (0x00A51513) slli a0, a0, 10
x10 <- 0x6666666666666400
mem[X,0x00000000800212D0] -> 0x0513
mem[X,0x00000000800212D2] -> 0x2665
[4408] [M]: 0x00000000800212D0 (0x26650513) addi a0, a0, 614
x10 <- 0x6666666666666666
mem[X,0x00000000800212D4] -> 0x05B7
mem[X,0x00000000800212D6] -> 0x0000
[4409] [M]: 0x00000000800212D4 (0x000005B7) lui a1, 0
x11 <- 0x0000000000000000
mem[X,0x00000000800212D8] -> 0x8593
mem[X,0x00000000800212DA] -> 0x0005
[4410] [M]: 0x00000000800212D8 (0x00058593) addi a1, a1, 0
x11 <- 0x0000000000000000
mem[X,0x00000000800212DC] -> 0x9593
mem[X,0x00000000800212DE] -> 0x00B5
[4411] [M]: 0x00000000800212DC (0x00B59593) slli a1, a1, 11
x11 <- 0x0000000000000000
mem[X,0x00000000800212E0] -> 0x8593
mem[X,0x00000000800212E2] -> 0x5A85
[4412] [M]: 0x00000000800212E0 (0x5A858593) addi a1, a1, 1448
x11 <- 0x00000000000005A8
mem[X,0x00000000800212E4] -> 0x9593
mem[X,0x00000000800212E6] -> 0x00B5
[4413] [M]: 0x00000000800212E4 (0x00B59593) slli a1, a1, 11
x11 <- 0x00000000002D4000
mem[X,0x00000000800212E8] -> 0x8593
mem[X,0x00000000800212EA] -> 0x13C5
[4414] [M]: 0x00000000800212E8 (0x13C58593) addi a1, a1, 316
x11 <- 0x00000000002D413C
mem[X,0x00000000800212EC] -> 0x9593
mem[X,0x00000000800212EE] -> 0x00A5
[4415] [M]: 0x00000000800212EC (0x00A59593) slli a1, a1, 10
x11 <- 0x00000000B504F000
mem[X,0x00000000800212F0] -> 0x8593
mem[X,0x00000000800212F2] -> 0x3335
[4416] [M]: 0x00000000800212F0 (0x33358593) addi a1, a1, 819
x11 <- 0x00000000B504F333
mem[X,0x00000000800212F4] -> 0x0113
mem[X,0x00000000800212F6] -> 0x0000
[4417] [M]: 0x00000000800212F4 (0x00000113) addi sp, zero, 0
x2 <- 0x0000000000000000
mem[X,0x00000000800212F8] -> 0x006F
mem[X,0x00000000800212FA] -> 0x00C0
[4418] [M]: 0x00000000800212F8 (0x00C0006F) jal zero, 12
mem[X,0x0000000080021304] -> 0x5063
mem[X,0x0000000080021306] -> 0x08B5
[4419] [M]: 0x0000000080021304 (0x08B55063) bge a0, a1, 128
mem[X,0x0000000080021384] -> 0x0113
mem[X,0x0000000080021386] -> 0x0031
[4420] [M]: 0x0000000080021384 (0x00310113) addi sp, sp, 3
x2 <- 0x0000000000000003
mem[X,0x0000000080021388] -> 0x006F
mem[X,0x000000008002138A] -> 0x0040
[4421] [M]: 0x0000000080021388 (0x0040006F) jal zero, 4
mem[X,0x000000008002138C] -> 0xB423
mem[X,0x000000008002138E] -> 0x0C20
[4422] [M]: 0x000000008002138C (0x0C20B423) sd sp, 200(ra)
mem[0x0000000080049A98] <- 0x0000000000000003
mem[X,0x0000000080021390] -> 0x6537
mem[X,0x0000000080021392] -> 0x6666
[4423] [M]: 0x0000000080021390 (0x66666537) lui a0, 419430
x10 <- 0x0000000066666000
mem[X,0x0000000080021394] -> 0x0513
mem[X,0x0000000080021396] -> 0x6665
[4424] [M]: 0x0000000080021394 (0x66650513) addi a0, a0, 1638
x10 <- 0x0000000066666666
mem[X,0x0000000080021398] -> 0x1513
mem[X,0x000000008002139A] -> 0x00B5
[4425] [M]: 0x0000000080021398 (0x00B51513) slli a0, a0, 11
x10 <- 0x0000033333333000
mem[X,0x000000008002139C] -> 0x0513
mem[X,0x000000008002139E] -> 0x3335
[4426] [M]: 0x000000008002139C (0x33350513) addi a0, a0, 819
x10 <- 0x0000033333333333
mem[X,0x00000000800213A0] -> 0x1513
mem[X,0x00000000800213A2] -> 0x00B5
[4427] [M]: 0x00000000800213A0 (0x00B51513) slli a0, a0, 11
x10 <- 0x0019999999999800
mem[X,0x00000000800213A4] -> 0x0513
mem[X,0x00000000800213A6] -> 0x1995
[4428] [M]: 0x00000000800213A4 (0x19950513) addi a0, a0, 409
x10 <- 0x0019999999999999
mem[X,0x00000000800213A8] -> 0x1513
mem[X,0x00000000800213AA] -> 0x00A5
[4429] [M]: 0x00000000800213A8 (0x00A51513) slli a0, a0, 10
x10 <- 0x6666666666666400
mem[X,0x00000000800213AC] -> 0x0513
mem[X,0x00000000800213AE] -> 0x2665
[4430] [M]: 0x00000000800213AC (0x26650513) addi a0, a0, 614
x10 <- 0x6666666666666666
mem[X,0x00000000800213B0] -> 0x0593
mem[X,0x00000000800213B2] -> 0x0020
[4431] [M]: 0x00000000800213B0 (0x00200593) addi a1, zero, 2
x11 <- 0x0000000000000002
mem[X,0x00000000800213B4] -> 0x0113
mem[X,0x00000000800213B6] -> 0x0000
[4432] [M]: 0x00000000800213B4 (0x00000113) addi sp, zero, 0
x2 <- 0x0000000000000000
mem[X,0x00000000800213B8] -> 0x006F
mem[X,0x00000000800213BA] -> 0x00C0
[4433] [M]: 0x00000000800213B8 (0x00C0006F) jal zero, 12
mem[X,0x00000000800213C4] -> 0x5663
mem[X,0x00000000800213C6] -> 0x00B5
[4434] [M]: 0x00000000800213C4 (0x00B55663) bge a0, a1, 12
mem[X,0x00000000800213D0] -> 0x0113
mem[X,0x00000000800213D2] -> 0x0031
[4435] [M]: 0x00000000800213D0 (0x00310113) addi sp, sp, 3
x2 <- 0x0000000000000003
mem[X,0x00000000800213D4] -> 0x006F
mem[X,0x00000000800213D6] -> 0x0040
[4436] [M]: 0x00000000800213D4 (0x0040006F) jal zero, 4
mem[X,0x00000000800213D8] -> 0xB823
mem[X,0x00000000800213DA] -> 0x0C20
[4437] [M]: 0x00000000800213D8 (0x0C20B823) sd sp, 208(ra)
mem[0x0000000080049AA0] <- 0x0000000000000003
mem[X,0x00000000800213DC] -> 0x6537
mem[X,0x00000000800213DE] -> 0x6666
[4438] [M]: 0x00000000800213DC (0x66666537) lui a0, 419430
x10 <- 0x0000000066666000
mem[X,0x00000000800213E0] -> 0x0513
mem[X,0x00000000800213E2] -> 0x6665
[4439] [M]: 0x00000000800213E0 (0x66650513) addi a0, a0, 1638
x10 <- 0x0000000066666666
mem[X,0x00000000800213E4] -> 0x1513
mem[X,0x00000000800213E6] -> 0x00B5
[4440] [M]: 0x00000000800213E4 (0x00B51513) slli a0, a0, 11
x10 <- 0x0000033333333000
mem[X,0x00000000800213E8] -> 0x0513
mem[X,0x00000000800213EA] -> 0x3335
[4441] [M]: 0x00000000800213E8 (0x33350513) addi a0, a0, 819
x10 <- 0x0000033333333333
mem[X,0x00000000800213EC] -> 0x1513
mem[X,0x00000000800213EE] -> 0x00B5
[4442] [M]: 0x00000000800213EC (0x00B51513) slli a0, a0, 11
x10 <- 0x0019999999999800
mem[X,0x00000000800213F0] -> 0x0513
mem[X,0x00000000800213F2] -> 0x1995
[4443] [M]: 0x00000000800213F0 (0x19950513) addi a0, a0, 409
x10 <- 0x0019999999999999
mem[X,0x00000000800213F4] -> 0x1513
mem[X,0x00000000800213F6] -> 0x00A5
[4444] [M]: 0x00000000800213F4 (0x00A51513) slli a0, a0, 10
x10 <- 0x6666666666666400
mem[X,0x00000000800213F8] -> 0x0513
mem[X,0x00000000800213FA] -> 0x2665
[4445] [M]: 0x00000000800213F8 (0x26650513) addi a0, a0, 614
x10 <- 0x6666666666666666
mem[X,0x00000000800213FC] -> 0x55B7
mem[X,0x00000000800213FE] -> 0x5555
[4446] [M]: 0x00000000800213FC (0x555555B7) lui a1, 349525
x11 <- 0x0000000055555000
mem[X,0x0000000080021400] -> 0x8593
mem[X,0x0000000080021402] -> 0x5555
[4447] [M]: 0x0000000080021400 (0x55558593) addi a1, a1, 1365
x11 <- 0x0000000055555555
mem[X,0x0000000080021404] -> 0x9593
mem[X,0x0000000080021406] -> 0x00B5
[4448] [M]: 0x0000000080021404 (0x00B59593) slli a1, a1, 11
x11 <- 0x000002AAAAAAA800
mem[X,0x0000000080021408] -> 0x8593
mem[X,0x000000008002140A] -> 0x2AA5
[4449] [M]: 0x0000000080021408 (0x2AA58593) addi a1, a1, 682
x11 <- 0x000002AAAAAAAAAA
mem[X,0x000000008002140C] -> 0x9593
mem[X,0x000000008002140E] -> 0x00B5
[4450] [M]: 0x000000008002140C (0x00B59593) slli a1, a1, 11
x11 <- 0x0015555555555000
mem[X,0x0000000080021410] -> 0x8593
mem[X,0x0000000080021412] -> 0x5555
[4451] [M]: 0x0000000080021410 (0x55558593) addi a1, a1, 1365
x11 <- 0x0015555555555555
mem[X,0x0000000080021414] -> 0x9593
mem[X,0x0000000080021416] -> 0x00A5
[4452] [M]: 0x0000000080021414 (0x00A59593) slli a1, a1, 10
x11 <- 0x5555555555555400
mem[X,0x0000000080021418] -> 0x8593
mem[X,0x000000008002141A] -> 0x1545
[4453] [M]: 0x0000000080021418 (0x15458593) addi a1, a1, 340
x11 <- 0x5555555555555554
mem[X,0x000000008002141C] -> 0x0113
mem[X,0x000000008002141E] -> 0x0000
[4454] [M]: 0x000000008002141C (0x00000113) addi sp, zero, 0
x2 <- 0x0000000000000000
mem[X,0x0000000080021420] -> 0x006F
mem[X,0x0000000080021422] -> 0x00C0
[4455] [M]: 0x0000000080021420 (0x00C0006F) jal zero, 12
mem[X,0x000000008002142C] -> 0x5663
mem[X,0x000000008002142E] -> 0x00B5
[4456] [M]: 0x000000008002142C (0x00B55663) bge a0, a1, 12
mem[X,0x0000000080021438] -> 0x0113
mem[X,0x000000008002143A] -> 0x0031
[4457] [M]: 0x0000000080021438 (0x00310113) addi sp, sp, 3
x2 <- 0x0000000000000003
mem[X,0x000000008002143C] -> 0x006F
mem[X,0x000000008002143E] -> 0x0040
[4458] [M]: 0x000000008002143C (0x0040006F) jal zero, 4
mem[X,0x0000000080021440] -> 0xBC23
mem[X,0x0000000080021442] -> 0x0C20
[4459] [M]: 0x0000000080021440 (0x0C20BC23) sd sp, 216(ra)
mem[0x0000000080049AA8] <- 0x0000000000000003
mem[X,0x0000000080021444] -> 0x6537
mem[X,0x0000000080021446] -> 0x6666
[4460] [M]: 0x0000000080021444 (0x66666537) lui a0, 419430
x10 <- 0x0000000066666000
mem[X,0x0000000080021448] -> 0x0513
mem[X,0x000000008002144A] -> 0x6665
[4461] [M]: 0x0000000080021448 (0x66650513) addi a0, a0, 1638
x10 <- 0x0000000066666666
mem[X,0x000000008002144C] -> 0x1513
mem[X,0x000000008002144E] -> 0x00B5
[4462] [M]: 0x000000008002144C (0x00B51513) slli a0, a0, 11
x10 <- 0x0000033333333000
mem[X,0x0000000080021450] -> 0x0513
mem[X,0x0000000080021452] -> 0x3335
[4463] [M]: 0x0000000080021450 (0x33350513) addi a0, a0, 819
x10 <- 0x0000033333333333
mem[X,0x0000000080021454] -> 0x1513
mem[X,0x0000000080021456] -> 0x00B5
[4464] [M]: 0x0000000080021454 (0x00B51513) slli a0, a0, 11
x10 <- 0x0019999999999800
mem[X,0x0000000080021458] -> 0x0513
mem[X,0x000000008002145A] -> 0x1995
[4465] [M]: 0x0000000080021458 (0x19950513) addi a0, a0, 409
x10 <- 0x0019999999999999
mem[X,0x000000008002145C] -> 0x1513
mem[X,0x000000008002145E] -> 0x00A5
[4466] [M]: 0x000000008002145C (0x00A51513) slli a0, a0, 10
x10 <- 0x6666666666666400
mem[X,0x0000000080021460] -> 0x0513
mem[X,0x0000000080021462] -> 0x2665
[4467] [M]: 0x0000000080021460 (0x26650513) addi a0, a0, 614
x10 <- 0x6666666666666666
mem[X,0x0000000080021464] -> 0x0593
mem[X,0x0000000080021466] -> 0x0000
[4468] [M]: 0x0000000080021464 (0x00000593) addi a1, zero, 0
x11 <- 0x0000000000000000
mem[X,0x0000000080021468] -> 0x0113
mem[X,0x000000008002146A] -> 0x0000
[4469] [M]: 0x0000000080021468 (0x00000113) addi sp, zero, 0
x2 <- 0x0000000000000000
mem[X,0x000000008002146C] -> 0x006F
mem[X,0x000000008002146E] -> 0x0180
[4470] [M]: 0x000000008002146C (0x0180006F) jal zero, 24
mem[X,0x0000000080021484] -> 0x56E3
mem[X,0x0000000080021486] -> 0xFEB5
[4471] [M]: 0x0000000080021484 (0xFEB556E3) bge a0, a1, 8172
mem[X,0x0000000080021470] -> 0x0113
mem[X,0x0000000080021472] -> 0x0011
[4472] [M]: 0x0000000080021470 (0x00110113) addi sp, sp, 1
x2 <- 0x0000000000000001
mem[X,0x0000000080021474] -> 0x006F
mem[X,0x0000000080021476] -> 0x0240
[4473] [M]: 0x0000000080021474 (0x0240006F) jal zero, 36
mem[X,0x0000000080021498] -> 0xB023
mem[X,0x000000008002149A] -> 0x0E20
[4474] [M]: 0x0000000080021498 (0x0E20B023) sd sp, 224(ra)
mem[0x0000000080049AB0] <- 0x0000000000000001
mem[X,0x000000008002149C] -> 0x6537
mem[X,0x000000008002149E] -> 0x6666
[4475] [M]: 0x000000008002149C (0x66666537) lui a0, 419430
x10 <- 0x0000000066666000
mem[X,0x00000000800214A0] -> 0x0513
mem[X,0x00000000800214A2] -> 0x6665
[4476] [M]: 0x00000000800214A0 (0x66650513) addi a0, a0, 1638
x10 <- 0x0000000066666666
mem[X,0x00000000800214A4] -> 0x1513
mem[X,0x00000000800214A6] -> 0x00B5
[4477] [M]: 0x00000000800214A4 (0x00B51513) slli a0, a0, 11
x10 <- 0x0000033333333000
mem[X,0x00000000800214A8] -> 0x0513
mem[X,0x00000000800214AA] -> 0x3335
[4478] [M]: 0x00000000800214A8 (0x33350513) addi a0, a0, 819
x10 <- 0x0000033333333333
mem[X,0x00000000800214AC] -> 0x1513
mem[X,0x00000000800214AE] -> 0x00B5
[4479] [M]: 0x00000000800214AC (0x00B51513) slli a0, a0, 11
x10 <- 0x0019999999999800
mem[X,0x00000000800214B0] -> 0x0513
mem[X,0x00000000800214B2] -> 0x1995
[4480] [M]: 0x00000000800214B0 (0x19950513) addi a0, a0, 409
x10 <- 0x0019999999999999
mem[X,0x00000000800214B4] -> 0x1513
mem[X,0x00000000800214B6] -> 0x00A5
[4481] [M]: 0x00000000800214B4 (0x00A51513) slli a0, a0, 10
x10 <- 0x6666666666666400
mem[X,0x00000000800214B8] -> 0x0513
mem[X,0x00000000800214BA] -> 0x2665
[4482] [M]: 0x00000000800214B8 (0x26650513) addi a0, a0, 614
x10 <- 0x6666666666666666
mem[X,0x00000000800214BC] -> 0x0593
mem[X,0x00000000800214BE] -> 0x0040
[4483] [M]: 0x00000000800214BC (0x00400593) addi a1, zero, 4
x11 <- 0x0000000000000004
mem[X,0x00000000800214C0] -> 0x0113
mem[X,0x00000000800214C2] -> 0x0000
[4484] [M]: 0x00000000800214C0 (0x00000113) addi sp, zero, 0
x2 <- 0x0000000000000000
mem[X,0x00000000800214C4] -> 0x006F
mem[X,0x00000000800214C6] -> 0x00C0
[4485] [M]: 0x00000000800214C4 (0x00C0006F) jal zero, 12
mem[X,0x00000000800214D0] -> 0x5063
mem[X,0x00000000800214D2] -> 0x40B5
[4486] [M]: 0x00000000800214D0 (0x40B55063) bge a0, a1, 1024
mem[X,0x00000000800218D0] -> 0x0113
mem[X,0x00000000800218D2] -> 0x0031
[4487] [M]: 0x00000000800218D0 (0x00310113) addi sp, sp, 3
x2 <- 0x0000000000000003
mem[X,0x00000000800218D4] -> 0x006F
mem[X,0x00000000800218D6] -> 0x0040
[4488] [M]: 0x00000000800218D4 (0x0040006F) jal zero, 4
mem[X,0x00000000800218D8] -> 0xB423
mem[X,0x00000000800218DA] -> 0x0E20
[4489] [M]: 0x00000000800218D8 (0x0E20B423) sd sp, 232(ra)
mem[0x0000000080049AB8] <- 0x0000000000000003
mem[X,0x00000000800218DC] -> 0x6537
mem[X,0x00000000800218DE] -> 0x6666
[4490] [M]: 0x00000000800218DC (0x66666537) lui a0, 419430
x10 <- 0x0000000066666000
mem[X,0x00000000800218E0] -> 0x0513
mem[X,0x00000000800218E2] -> 0x6665
[4491] [M]: 0x00000000800218E0 (0x66650513) addi a0, a0, 1638
x10 <- 0x0000000066666666
mem[X,0x00000000800218E4] -> 0x1513
mem[X,0x00000000800218E6] -> 0x00B5
[4492] [M]: 0x00000000800218E4 (0x00B51513) slli a0, a0, 11
x10 <- 0x0000033333333000
mem[X,0x00000000800218E8] -> 0x0513
mem[X,0x00000000800218EA] -> 0x3335
[4493] [M]: 0x00000000800218E8 (0x33350513) addi a0, a0, 819
x10 <- 0x0000033333333333
mem[X,0x00000000800218EC] -> 0x1513
mem[X,0x00000000800218EE] -> 0x00B5
[4494] [M]: 0x00000000800218EC (0x00B51513) slli a0, a0, 11
x10 <- 0x0019999999999800
mem[X,0x00000000800218F0] -> 0x0513
mem[X,0x00000000800218F2] -> 0x1995
[4495] [M]: 0x00000000800218F0 (0x19950513) addi a0, a0, 409
x10 <- 0x0019999999999999
mem[X,0x00000000800218F4] -> 0x1513
mem[X,0x00000000800218F6] -> 0x00A5
[4496] [M]: 0x00000000800218F4 (0x00A51513) slli a0, a0, 10
x10 <- 0x6666666666666400
mem[X,0x00000000800218F8] -> 0x0513
mem[X,0x00000000800218FA] -> 0x2665
[4497] [M]: 0x00000000800218F8 (0x26650513) addi a0, a0, 614
x10 <- 0x6666666666666666
mem[X,0x00000000800218FC] -> 0x35B7
mem[X,0x00000000800218FE] -> 0x3333
[4498] [M]: 0x00000000800218FC (0x333335B7) lui a1, 209715
x11 <- 0x0000000033333000
mem[X,0x0000000080021900] -> 0x8593
mem[X,0x0000000080021902] -> 0x3335
[4499] [M]: 0x0000000080021900 (0x33358593) addi a1, a1, 819
x11 <- 0x0000000033333333
clint::tick mtime <- 0x000000000000002D
 clint timer pending at mtime 0x000000000000002D
htif::tick 0x0000000000000000
mem[X,0x0000000080021904] -> 0x9593
mem[X,0x0000000080021906] -> 0x00B5
[4500] [M]: 0x0000000080021904 (0x00B59593) slli a1, a1, 11
x11 <- 0x0000019999999800
mem[X,0x0000000080021908] -> 0x8593
mem[X,0x000000008002190A] -> 0x1995
[4501] [M]: 0x0000000080021908 (0x19958593) addi a1, a1, 409
x11 <- 0x0000019999999999
mem[X,0x000000008002190C] -> 0x9593
mem[X,0x000000008002190E] -> 0x00B5
[4502] [M]: 0x000000008002190C (0x00B59593) slli a1, a1, 11
x11 <- 0x000CCCCCCCCCC800
mem[X,0x0000000080021910] -> 0x8593
mem[X,0x0000000080021912] -> 0x4CC5
[4503] [M]: 0x0000000080021910 (0x4CC58593) addi a1, a1, 1228
x11 <- 0x000CCCCCCCCCCCCC
mem[X,0x0000000080021914] -> 0x9593
mem[X,0x0000000080021916] -> 0x00A5
[4504] [M]: 0x0000000080021914 (0x00A59593) slli a1, a1, 10
x11 <- 0x3333333333333000
mem[X,0x0000000080021918] -> 0x8593
mem[X,0x000000008002191A] -> 0x3325
[4505] [M]: 0x0000000080021918 (0x33258593) addi a1, a1, 818
x11 <- 0x3333333333333332
mem[X,0x000000008002191C] -> 0x0113
mem[X,0x000000008002191E] -> 0x0000
[4506] [M]: 0x000000008002191C (0x00000113) addi sp, zero, 0
x2 <- 0x0000000000000000
mem[X,0x0000000080021920] -> 0x006F
mem[X,0x0000000080021922] -> 0x00C0
[4507] [M]: 0x0000000080021920 (0x00C0006F) jal zero, 12
mem[X,0x000000008002192C] -> 0x5CE3
mem[X,0x000000008002192E] -> 0xFEB5
[4508] [M]: 0x000000008002192C (0xFEB55CE3) bge a0, a1, 8184
mem[X,0x0000000080021924] -> 0x0113
mem[X,0x0000000080021926] -> 0x0011
[4509] [M]: 0x0000000080021924 (0x00110113) addi sp, sp, 1
x2 <- 0x0000000000000001
mem[X,0x0000000080021928] -> 0x006F
mem[X,0x000000008002192A] -> 0x0180
[4510] [M]: 0x0000000080021928 (0x0180006F) jal zero, 24
mem[X,0x0000000080021940] -> 0xB823
mem[X,0x0000000080021942] -> 0x0E20
[4511] [M]: 0x0000000080021940 (0x0E20B823) sd sp, 240(ra)
mem[0x0000000080049AC0] <- 0x0000000000000001
mem[X,0x0000000080021944] -> 0x6537
mem[X,0x0000000080021946] -> 0x6666
[4512] [M]: 0x0000000080021944 (0x66666537) lui a0, 419430
x10 <- 0x0000000066666000
mem[X,0x0000000080021948] -> 0x0513
mem[X,0x000000008002194A] -> 0x6665
[4513] [M]: 0x0000000080021948 (0x66650513) addi a0, a0, 1638
x10 <- 0x0000000066666666
mem[X,0x000000008002194C] -> 0x1513
mem[X,0x000000008002194E] -> 0x00B5
[4514] [M]: 0x000000008002194C (0x00B51513) slli a0, a0, 11
x10 <- 0x0000033333333000
mem[X,0x0000000080021950] -> 0x0513
mem[X,0x0000000080021952] -> 0x3335
[4515] [M]: 0x0000000080021950 (0x33350513) addi a0, a0, 819
x10 <- 0x0000033333333333
mem[X,0x0000000080021954] -> 0x1513
mem[X,0x0000000080021956] -> 0x00B5
[4516] [M]: 0x0000000080021954 (0x00B51513) slli a0, a0, 11
x10 <- 0x0019999999999800
mem[X,0x0000000080021958] -> 0x0513
mem[X,0x000000008002195A] -> 0x1995
[4517] [M]: 0x0000000080021958 (0x19950513) addi a0, a0, 409
x10 <- 0x0019999999999999
mem[X,0x000000008002195C] -> 0x1513
mem[X,0x000000008002195E] -> 0x00A5
[4518] [M]: 0x000000008002195C (0x00A51513) slli a0, a0, 10
x10 <- 0x6666666666666400
mem[X,0x0000000080021960] -> 0x0513
mem[X,0x0000000080021962] -> 0x2665
[4519] [M]: 0x0000000080021960 (0x26650513) addi a0, a0, 614
x10 <- 0x6666666666666666
mem[X,0x0000000080021964] -> 0x65B7
mem[X,0x0000000080021966] -> 0x6666
[4520] [M]: 0x0000000080021964 (0x666665B7) lui a1, 419430
x11 <- 0x0000000066666000
mem[X,0x0000000080021968] -> 0x8593
mem[X,0x000000008002196A] -> 0x6665
[4521] [M]: 0x0000000080021968 (0x66658593) addi a1, a1, 1638
x11 <- 0x0000000066666666
mem[X,0x000000008002196C] -> 0x9593
mem[X,0x000000008002196E] -> 0x00B5
[4522] [M]: 0x000000008002196C (0x00B59593) slli a1, a1, 11
x11 <- 0x0000033333333000
mem[X,0x0000000080021970] -> 0x8593
mem[X,0x0000000080021972] -> 0x3335
[4523] [M]: 0x0000000080021970 (0x33358593) addi a1, a1, 819
x11 <- 0x0000033333333333
mem[X,0x0000000080021974] -> 0x9593
mem[X,0x0000000080021976] -> 0x00B5
[4524] [M]: 0x0000000080021974 (0x00B59593) slli a1, a1, 11
x11 <- 0x0019999999999800
mem[X,0x0000000080021978] -> 0x8593
mem[X,0x000000008002197A] -> 0x1995
[4525] [M]: 0x0000000080021978 (0x19958593) addi a1, a1, 409
x11 <- 0x0019999999999999
mem[X,0x000000008002197C] -> 0x9593
mem[X,0x000000008002197E] -> 0x00A5
[4526] [M]: 0x000000008002197C (0x00A59593) slli a1, a1, 10
x11 <- 0x6666666666666400
mem[X,0x0000000080021980] -> 0x8593
mem[X,0x0000000080021982] -> 0x2655
[4527] [M]: 0x0000000080021980 (0x26558593) addi a1, a1, 613
x11 <- 0x6666666666666665
mem[X,0x0000000080021984] -> 0x0113
mem[X,0x0000000080021986] -> 0x0000
[4528] [M]: 0x0000000080021984 (0x00000113) addi sp, zero, 0
x2 <- 0x0000000000000000
mem[X,0x0000000080021988] -> 0x006F
mem[X,0x000000008002198A] -> 0x0100
[4529] [M]: 0x0000000080021988 (0x0100006F) jal zero, 16
mem[X,0x0000000080021998] -> 0x5AE3
mem[X,0x000000008002199A] -> 0xFEB5
[4530] [M]: 0x0000000080021998 (0xFEB55AE3) bge a0, a1, 8180
mem[X,0x000000008002198C] -> 0x0113
mem[X,0x000000008002198E] -> 0x0011
[4531] [M]: 0x000000008002198C (0x00110113) addi sp, sp, 1
x2 <- 0x0000000000000001
mem[X,0x0000000080021990] -> 0x006F
mem[X,0x0000000080021992] -> 0x01C0
[4532] [M]: 0x0000000080021990 (0x01C0006F) jal zero, 28
mem[X,0x00000000800219AC] -> 0xBC23
mem[X,0x00000000800219AE] -> 0x0E20
[4533] [M]: 0x00000000800219AC (0x0E20BC23) sd sp, 248(ra)
mem[0x0000000080049AC8] <- 0x0000000000000001
mem[X,0x00000000800219B0] -> 0x6537
mem[X,0x00000000800219B2] -> 0x6666
[4534] [M]: 0x00000000800219B0 (0x66666537) lui a0, 419430
x10 <- 0x0000000066666000
mem[X,0x00000000800219B4] -> 0x0513
mem[X,0x00000000800219B6] -> 0x6665
[4535] [M]: 0x00000000800219B4 (0x66650513) addi a0, a0, 1638
x10 <- 0x0000000066666666
mem[X,0x00000000800219B8] -> 0x1513
mem[X,0x00000000800219BA] -> 0x00B5
[4536] [M]: 0x00000000800219B8 (0x00B51513) slli a0, a0, 11
x10 <- 0x0000033333333000
mem[X,0x00000000800219BC] -> 0x0513
mem[X,0x00000000800219BE] -> 0x3335
[4537] [M]: 0x00000000800219BC (0x33350513) addi a0, a0, 819
x10 <- 0x0000033333333333
mem[X,0x00000000800219C0] -> 0x1513
mem[X,0x00000000800219C2] -> 0x00B5
[4538] [M]: 0x00000000800219C0 (0x00B51513) slli a0, a0, 11
x10 <- 0x0019999999999800
mem[X,0x00000000800219C4] -> 0x0513
mem[X,0x00000000800219C6] -> 0x1995
[4539] [M]: 0x00000000800219C4 (0x19950513) addi a0, a0, 409
x10 <- 0x0019999999999999
mem[X,0x00000000800219C8] -> 0x1513
mem[X,0x00000000800219CA] -> 0x00A5
[4540] [M]: 0x00000000800219C8 (0x00A51513) slli a0, a0, 10
x10 <- 0x6666666666666400
mem[X,0x00000000800219CC] -> 0x0513
mem[X,0x00000000800219CE] -> 0x2665
[4541] [M]: 0x00000000800219CC (0x26650513) addi a0, a0, 614
x10 <- 0x6666666666666666
mem[X,0x00000000800219D0] -> 0x05B7
mem[X,0x00000000800219D2] -> 0x0000
[4542] [M]: 0x00000000800219D0 (0x000005B7) lui a1, 0
x11 <- 0x0000000000000000
mem[X,0x00000000800219D4] -> 0x8593
mem[X,0x00000000800219D6] -> 0x0005
[4543] [M]: 0x00000000800219D4 (0x00058593) addi a1, a1, 0
x11 <- 0x0000000000000000
mem[X,0x00000000800219D8] -> 0x9593
mem[X,0x00000000800219DA] -> 0x00B5
[4544] [M]: 0x00000000800219D8 (0x00B59593) slli a1, a1, 11
x11 <- 0x0000000000000000
mem[X,0x00000000800219DC] -> 0x8593
mem[X,0x00000000800219DE] -> 0x5A85
[4545] [M]: 0x00000000800219DC (0x5A858593) addi a1, a1, 1448
x11 <- 0x00000000000005A8
mem[X,0x00000000800219E0] -> 0x9593
mem[X,0x00000000800219E2] -> 0x00B5
[4546] [M]: 0x00000000800219E0 (0x00B59593) slli a1, a1, 11
x11 <- 0x00000000002D4000
mem[X,0x00000000800219E4] -> 0x8593
mem[X,0x00000000800219E6] -> 0x13C5
[4547] [M]: 0x00000000800219E4 (0x13C58593) addi a1, a1, 316
x11 <- 0x00000000002D413C
mem[X,0x00000000800219E8] -> 0x9593
mem[X,0x00000000800219EA] -> 0x00A5
[4548] [M]: 0x00000000800219E8 (0x00A59593) slli a1, a1, 10
x11 <- 0x00000000B504F000
mem[X,0x00000000800219EC] -> 0x8593
mem[X,0x00000000800219EE] -> 0x3325
[4549] [M]: 0x00000000800219EC (0x33258593) addi a1, a1, 818
x11 <- 0x00000000B504F332
mem[X,0x00000000800219F0] -> 0x0113
mem[X,0x00000000800219F2] -> 0x0000
[4550] [M]: 0x00000000800219F0 (0x00000113) addi sp, zero, 0
x2 <- 0x0000000000000000
mem[X,0x00000000800219F4] -> 0x006F
mem[X,0x00000000800219F6] -> 0x00C0
[4551] [M]: 0x00000000800219F4 (0x00C0006F) jal zero, 12
mem[X,0x0000000080021A00] -> 0x5CE3
mem[X,0x0000000080021A02] -> 0xFEB5
[4552] [M]: 0x0000000080021A00 (0xFEB55CE3) bge a0, a1, 8184
mem[X,0x00000000800219F8] -> 0x0113
mem[X,0x00000000800219FA] -> 0x0011
[4553] [M]: 0x00000000800219F8 (0x00110113) addi sp, sp, 1
x2 <- 0x0000000000000001
mem[X,0x00000000800219FC] -> 0x006F
mem[X,0x00000000800219FE] -> 0x0180
[4554] [M]: 0x00000000800219FC (0x0180006F) jal zero, 24
mem[X,0x0000000080021A14] -> 0xB023
mem[X,0x0000000080021A16] -> 0x1020
[4555] [M]: 0x0000000080021A14 (0x1020B023) sd sp, 256(ra)
mem[0x0000000080049AD0] <- 0x0000000000000001
mem[X,0x0000000080021A18] -> 0x6537
mem[X,0x0000000080021A1A] -> 0x6666
[4556] [M]: 0x0000000080021A18 (0x66666537) lui a0, 419430
x10 <- 0x0000000066666000
mem[X,0x0000000080021A1C] -> 0x0513
mem[X,0x0000000080021A1E] -> 0x6665
[4557] [M]: 0x0000000080021A1C (0x66650513) addi a0, a0, 1638
x10 <- 0x0000000066666666
mem[X,0x0000000080021A20] -> 0x1513
mem[X,0x0000000080021A22] -> 0x00B5
[4558] [M]: 0x0000000080021A20 (0x00B51513) slli a0, a0, 11
x10 <- 0x0000033333333000
mem[X,0x0000000080021A24] -> 0x0513
mem[X,0x0000000080021A26] -> 0x3335
[4559] [M]: 0x0000000080021A24 (0x33350513) addi a0, a0, 819
x10 <- 0x0000033333333333
mem[X,0x0000000080021A28] -> 0x1513
mem[X,0x0000000080021A2A] -> 0x00B5
[4560] [M]: 0x0000000080021A28 (0x00B51513) slli a0, a0, 11
x10 <- 0x0019999999999800
mem[X,0x0000000080021A2C] -> 0x0513
mem[X,0x0000000080021A2E] -> 0x1995
[4561] [M]: 0x0000000080021A2C (0x19950513) addi a0, a0, 409
x10 <- 0x0019999999999999
mem[X,0x0000000080021A30] -> 0x1513
mem[X,0x0000000080021A32] -> 0x00A5
[4562] [M]: 0x0000000080021A30 (0x00A51513) slli a0, a0, 10
x10 <- 0x6666666666666400
mem[X,0x0000000080021A34] -> 0x0513
mem[X,0x0000000080021A36] -> 0x2665
[4563] [M]: 0x0000000080021A34 (0x26650513) addi a0, a0, 614
x10 <- 0x6666666666666666
mem[X,0x0000000080021A38] -> 0x55B7
mem[X,0x0000000080021A3A] -> 0x5555
[4564] [M]: 0x0000000080021A38 (0x555555B7) lui a1, 349525
x11 <- 0x0000000055555000
mem[X,0x0000000080021A3C] -> 0x8593
mem[X,0x0000000080021A3E] -> 0x5555
[4565] [M]: 0x0000000080021A3C (0x55558593) addi a1, a1, 1365
x11 <- 0x0000000055555555
mem[X,0x0000000080021A40] -> 0x9593
mem[X,0x0000000080021A42] -> 0x00B5
[4566] [M]: 0x0000000080021A40 (0x00B59593) slli a1, a1, 11
x11 <- 0x000002AAAAAAA800
mem[X,0x0000000080021A44] -> 0x8593
mem[X,0x0000000080021A46] -> 0x2AA5
[4567] [M]: 0x0000000080021A44 (0x2AA58593) addi a1, a1, 682
x11 <- 0x000002AAAAAAAAAA
mem[X,0x0000000080021A48] -> 0x9593
mem[X,0x0000000080021A4A] -> 0x00B5
[4568] [M]: 0x0000000080021A48 (0x00B59593) slli a1, a1, 11
x11 <- 0x0015555555555000
mem[X,0x0000000080021A4C] -> 0x8593
mem[X,0x0000000080021A4E] -> 0x5555
[4569] [M]: 0x0000000080021A4C (0x55558593) addi a1, a1, 1365
x11 <- 0x0015555555555555
mem[X,0x0000000080021A50] -> 0x9593
mem[X,0x0000000080021A52] -> 0x00A5
[4570] [M]: 0x0000000080021A50 (0x00A59593) slli a1, a1, 10
x11 <- 0x5555555555555400
mem[X,0x0000000080021A54] -> 0x8593
mem[X,0x0000000080021A56] -> 0x1565
[4571] [M]: 0x0000000080021A54 (0x15658593) addi a1, a1, 342
x11 <- 0x5555555555555556
mem[X,0x0000000080021A58] -> 0x0113
mem[X,0x0000000080021A5A] -> 0x0000
[4572] [M]: 0x0000000080021A58 (0x00000113) addi sp, zero, 0
x2 <- 0x0000000000000000
mem[X,0x0000000080021A5C] -> 0x006F
mem[X,0x0000000080021A5E] -> 0x00C0
[4573] [M]: 0x0000000080021A5C (0x00C0006F) jal zero, 12
mem[X,0x0000000080021A68] -> 0x5CE3
mem[X,0x0000000080021A6A] -> 0xFEB5
[4574] [M]: 0x0000000080021A68 (0xFEB55CE3) bge a0, a1, 8184
mem[X,0x0000000080021A60] -> 0x0113
mem[X,0x0000000080021A62] -> 0x0011
[4575] [M]: 0x0000000080021A60 (0x00110113) addi sp, sp, 1
x2 <- 0x0000000000000001
mem[X,0x0000000080021A64] -> 0x006F
mem[X,0x0000000080021A66] -> 0x0180
[4576] [M]: 0x0000000080021A64 (0x0180006F) jal zero, 24
mem[X,0x0000000080021A7C] -> 0xB423
mem[X,0x0000000080021A7E] -> 0x1020
[4577] [M]: 0x0000000080021A7C (0x1020B423) sd sp, 264(ra)
mem[0x0000000080049AD8] <- 0x0000000000000001
mem[X,0x0000000080021A80] -> 0x6537
mem[X,0x0000000080021A82] -> 0x6666
[4578] [M]: 0x0000000080021A80 (0x66666537) lui a0, 419430
x10 <- 0x0000000066666000
mem[X,0x0000000080021A84] -> 0x0513
mem[X,0x0000000080021A86] -> 0x6665
[4579] [M]: 0x0000000080021A84 (0x66650513) addi a0, a0, 1638
x10 <- 0x0000000066666666
mem[X,0x0000000080021A88] -> 0x1513
mem[X,0x0000000080021A8A] -> 0x00B5
[4580] [M]: 0x0000000080021A88 (0x00B51513) slli a0, a0, 11
x10 <- 0x0000033333333000
mem[X,0x0000000080021A8C] -> 0x0513
mem[X,0x0000000080021A8E] -> 0x3335
[4581] [M]: 0x0000000080021A8C (0x33350513) addi a0, a0, 819
x10 <- 0x0000033333333333
mem[X,0x0000000080021A90] -> 0x1513
mem[X,0x0000000080021A92] -> 0x00B5
[4582] [M]: 0x0000000080021A90 (0x00B51513) slli a0, a0, 11
x10 <- 0x0019999999999800
mem[X,0x0000000080021A94] -> 0x0513
mem[X,0x0000000080021A96] -> 0x1995
[4583] [M]: 0x0000000080021A94 (0x19950513) addi a0, a0, 409
x10 <- 0x0019999999999999
mem[X,0x0000000080021A98] -> 0x1513
mem[X,0x0000000080021A9A] -> 0x00A5
[4584] [M]: 0x0000000080021A98 (0x00A51513) slli a0, a0, 10
x10 <- 0x6666666666666400
mem[X,0x0000000080021A9C] -> 0x0513
mem[X,0x0000000080021A9E] -> 0x2665
[4585] [M]: 0x0000000080021A9C (0x26650513) addi a0, a0, 614
x10 <- 0x6666666666666666
mem[X,0x0000000080021AA0] -> 0xB5B7
mem[X,0x0000000080021AA2] -> 0xAAAA
[4586] [M]: 0x0000000080021AA0 (0xAAAAB5B7) lui a1, 699051
x11 <- 0xFFFFFFFFAAAAB000
mem[X,0x0000000080021AA4] -> 0x8593
mem[X,0x0000000080021AA6] -> 0xAAA5
[4587] [M]: 0x0000000080021AA4 (0xAAA58593) addi a1, a1, 2730
x11 <- 0xFFFFFFFFAAAAAAAA
mem[X,0x0000000080021AA8] -> 0x9593
mem[X,0x0000000080021AAA] -> 0x00B5
[4588] [M]: 0x0000000080021AA8 (0x00B59593) slli a1, a1, 11
x11 <- 0xFFFFFD5555555000
mem[X,0x0000000080021AAC] -> 0x8593
mem[X,0x0000000080021AAE] -> 0x5555
[4589] [M]: 0x0000000080021AAC (0x55558593) addi a1, a1, 1365
x11 <- 0xFFFFFD5555555555
mem[X,0x0000000080021AB0] -> 0x9593
mem[X,0x0000000080021AB2] -> 0x00B5
[4590] [M]: 0x0000000080021AB0 (0x00B59593) slli a1, a1, 11
x11 <- 0xFFEAAAAAAAAAA800
mem[X,0x0000000080021AB4] -> 0x8593
mem[X,0x0000000080021AB6] -> 0x2AA5
[4591] [M]: 0x0000000080021AB4 (0x2AA58593) addi a1, a1, 682
x11 <- 0xFFEAAAAAAAAAAAAA
mem[X,0x0000000080021AB8] -> 0x9593
mem[X,0x0000000080021ABA] -> 0x00A5
[4592] [M]: 0x0000000080021AB8 (0x00A59593) slli a1, a1, 10
x11 <- 0xAAAAAAAAAAAAA800
mem[X,0x0000000080021ABC] -> 0x8593
mem[X,0x0000000080021ABE] -> 0x2AB5
[4593] [M]: 0x0000000080021ABC (0x2AB58593) addi a1, a1, 683
x11 <- 0xAAAAAAAAAAAAAAAB
mem[X,0x0000000080021AC0] -> 0x0113
mem[X,0x0000000080021AC2] -> 0x0000
[4594] [M]: 0x0000000080021AC0 (0x00000113) addi sp, zero, 0
x2 <- 0x0000000000000000
mem[X,0x0000000080021AC4] -> 0x006F
mem[X,0x0000000080021AC6] -> 0x00C0
[4595] [M]: 0x0000000080021AC4 (0x00C0006F) jal zero, 12
mem[X,0x0000000080021AD0] -> 0x5663
mem[X,0x0000000080021AD2] -> 0x00B5
[4596] [M]: 0x0000000080021AD0 (0x00B55663) bge a0, a1, 12
mem[X,0x0000000080021ADC] -> 0x0113
mem[X,0x0000000080021ADE] -> 0x0031
[4597] [M]: 0x0000000080021ADC (0x00310113) addi sp, sp, 3
x2 <- 0x0000000000000003
mem[X,0x0000000080021AE0] -> 0x006F
mem[X,0x0000000080021AE2] -> 0x0040
[4598] [M]: 0x0000000080021AE0 (0x0040006F) jal zero, 4
mem[X,0x0000000080021AE4] -> 0xB823
mem[X,0x0000000080021AE6] -> 0x1020
[4599] [M]: 0x0000000080021AE4 (0x1020B823) sd sp, 272(ra)
mem[0x0000000080049AE0] <- 0x0000000000000003
clint::tick mtime <- 0x000000000000002E
 clint timer pending at mtime 0x000000000000002E
htif::tick 0x0000000000000000
mem[X,0x0000000080021AE8] -> 0x6537
mem[X,0x0000000080021AEA] -> 0x6666
[4600] [M]: 0x0000000080021AE8 (0x66666537) lui a0, 419430
x10 <- 0x0000000066666000
mem[X,0x0000000080021AEC] -> 0x0513
mem[X,0x0000000080021AEE] -> 0x6665
[4601] [M]: 0x0000000080021AEC (0x66650513) addi a0, a0, 1638
x10 <- 0x0000000066666666
mem[X,0x0000000080021AF0] -> 0x1513
mem[X,0x0000000080021AF2] -> 0x00B5
[4602] [M]: 0x0000000080021AF0 (0x00B51513) slli a0, a0, 11
x10 <- 0x0000033333333000
mem[X,0x0000000080021AF4] -> 0x0513
mem[X,0x0000000080021AF6] -> 0x3335
[4603] [M]: 0x0000000080021AF4 (0x33350513) addi a0, a0, 819
x10 <- 0x0000033333333333
mem[X,0x0000000080021AF8] -> 0x1513
mem[X,0x0000000080021AFA] -> 0x00B5
[4604] [M]: 0x0000000080021AF8 (0x00B51513) slli a0, a0, 11
x10 <- 0x0019999999999800
mem[X,0x0000000080021AFC] -> 0x0513
mem[X,0x0000000080021AFE] -> 0x1995
[4605] [M]: 0x0000000080021AFC (0x19950513) addi a0, a0, 409
x10 <- 0x0019999999999999
mem[X,0x0000000080021B00] -> 0x1513
mem[X,0x0000000080021B02] -> 0x00A5
[4606] [M]: 0x0000000080021B00 (0x00A51513) slli a0, a0, 10
x10 <- 0x6666666666666400
mem[X,0x0000000080021B04] -> 0x0513
mem[X,0x0000000080021B06] -> 0x2665
[4607] [M]: 0x0000000080021B04 (0x26650513) addi a0, a0, 614
x10 <- 0x6666666666666666
mem[X,0x0000000080021B08] -> 0x0593
mem[X,0x0000000080021B0A] -> 0x0060
[4608] [M]: 0x0000000080021B08 (0x00600593) addi a1, zero, 6
x11 <- 0x0000000000000006
mem[X,0x0000000080021B0C] -> 0x0113
mem[X,0x0000000080021B0E] -> 0x0000
[4609] [M]: 0x0000000080021B0C (0x00000113) addi sp, zero, 0
x2 <- 0x0000000000000000
mem[X,0x0000000080021B10] -> 0x006F
mem[X,0x0000000080021B12] -> 0x00C0
[4610] [M]: 0x0000000080021B10 (0x00C0006F) jal zero, 12
mem[X,0x0000000080021B1C] -> 0x5CE3
mem[X,0x0000000080021B1E] -> 0xFEB5
[4611] [M]: 0x0000000080021B1C (0xFEB55CE3) bge a0, a1, 8184
mem[X,0x0000000080021B14] -> 0x0113
mem[X,0x0000000080021B16] -> 0x0011
[4612] [M]: 0x0000000080021B14 (0x00110113) addi sp, sp, 1
x2 <- 0x0000000000000001
mem[X,0x0000000080021B18] -> 0x006F
mem[X,0x0000000080021B1A] -> 0x0180
[4613] [M]: 0x0000000080021B18 (0x0180006F) jal zero, 24
mem[X,0x0000000080021B30] -> 0xBC23
mem[X,0x0000000080021B32] -> 0x1020
[4614] [M]: 0x0000000080021B30 (0x1020BC23) sd sp, 280(ra)
mem[0x0000000080049AE8] <- 0x0000000000000001
mem[X,0x0000000080021B34] -> 0x6537
mem[X,0x0000000080021B36] -> 0x6666
[4615] [M]: 0x0000000080021B34 (0x66666537) lui a0, 419430
x10 <- 0x0000000066666000
mem[X,0x0000000080021B38] -> 0x0513
mem[X,0x0000000080021B3A] -> 0x6665
[4616] [M]: 0x0000000080021B38 (0x66650513) addi a0, a0, 1638
x10 <- 0x0000000066666666
mem[X,0x0000000080021B3C] -> 0x1513
mem[X,0x0000000080021B3E] -> 0x00B5
[4617] [M]: 0x0000000080021B3C (0x00B51513) slli a0, a0, 11
x10 <- 0x0000033333333000
mem[X,0x0000000080021B40] -> 0x0513
mem[X,0x0000000080021B42] -> 0x3335
[4618] [M]: 0x0000000080021B40 (0x33350513) addi a0, a0, 819
x10 <- 0x0000033333333333
mem[X,0x0000000080021B44] -> 0x1513
mem[X,0x0000000080021B46] -> 0x00B5
[4619] [M]: 0x0000000080021B44 (0x00B51513) slli a0, a0, 11
x10 <- 0x0019999999999800
mem[X,0x0000000080021B48] -> 0x0513
mem[X,0x0000000080021B4A] -> 0x1995
[4620] [M]: 0x0000000080021B48 (0x19950513) addi a0, a0, 409
x10 <- 0x0019999999999999
mem[X,0x0000000080021B4C] -> 0x1513
mem[X,0x0000000080021B4E] -> 0x00A5
[4621] [M]: 0x0000000080021B4C (0x00A51513) slli a0, a0, 10
x10 <- 0x6666666666666400
mem[X,0x0000000080021B50] -> 0x0513
mem[X,0x0000000080021B52] -> 0x2665
[4622] [M]: 0x0000000080021B50 (0x26650513) addi a0, a0, 614
x10 <- 0x6666666666666666
mem[X,0x0000000080021B54] -> 0x35B7
mem[X,0x0000000080021B56] -> 0x3333
[4623] [M]: 0x0000000080021B54 (0x333335B7) lui a1, 209715
x11 <- 0x0000000033333000
mem[X,0x0000000080021B58] -> 0x8593
mem[X,0x0000000080021B5A] -> 0x3335
[4624] [M]: 0x0000000080021B58 (0x33358593) addi a1, a1, 819
x11 <- 0x0000000033333333
mem[X,0x0000000080021B5C] -> 0x9593
mem[X,0x0000000080021B5E] -> 0x00B5
[4625] [M]: 0x0000000080021B5C (0x00B59593) slli a1, a1, 11
x11 <- 0x0000019999999800
mem[X,0x0000000080021B60] -> 0x8593
mem[X,0x0000000080021B62] -> 0x1995
[4626] [M]: 0x0000000080021B60 (0x19958593) addi a1, a1, 409
x11 <- 0x0000019999999999
mem[X,0x0000000080021B64] -> 0x9593
mem[X,0x0000000080021B66] -> 0x00B5
[4627] [M]: 0x0000000080021B64 (0x00B59593) slli a1, a1, 11
x11 <- 0x000CCCCCCCCCC800
mem[X,0x0000000080021B68] -> 0x8593
mem[X,0x0000000080021B6A] -> 0x4CC5
[4628] [M]: 0x0000000080021B68 (0x4CC58593) addi a1, a1, 1228
x11 <- 0x000CCCCCCCCCCCCC
mem[X,0x0000000080021B6C] -> 0x9593
mem[X,0x0000000080021B6E] -> 0x00A5
[4629] [M]: 0x0000000080021B6C (0x00A59593) slli a1, a1, 10
x11 <- 0x3333333333333000
mem[X,0x0000000080021B70] -> 0x8593
mem[X,0x0000000080021B72] -> 0x3345
[4630] [M]: 0x0000000080021B70 (0x33458593) addi a1, a1, 820
x11 <- 0x3333333333333334
mem[X,0x0000000080021B74] -> 0x0113
mem[X,0x0000000080021B76] -> 0x0000
[4631] [M]: 0x0000000080021B74 (0x00000113) addi sp, zero, 0
x2 <- 0x0000000000000000
mem[X,0x0000000080021B78] -> 0x006F
mem[X,0x0000000080021B7A] -> 0x00C0
[4632] [M]: 0x0000000080021B78 (0x00C0006F) jal zero, 12
mem[X,0x0000000080021B84] -> 0x5063
mem[X,0x0000000080021B86] -> 0x02B5
[4633] [M]: 0x0000000080021B84 (0x02B55063) bge a0, a1, 32
mem[X,0x0000000080021BA4] -> 0x0113
mem[X,0x0000000080021BA6] -> 0x0031
[4634] [M]: 0x0000000080021BA4 (0x00310113) addi sp, sp, 3
x2 <- 0x0000000000000003
mem[X,0x0000000080021BA8] -> 0x006F
mem[X,0x0000000080021BAA] -> 0x0040
[4635] [M]: 0x0000000080021BA8 (0x0040006F) jal zero, 4
mem[X,0x0000000080021BAC] -> 0xB023
mem[X,0x0000000080021BAE] -> 0x1220
[4636] [M]: 0x0000000080021BAC (0x1220B023) sd sp, 288(ra)
mem[0x0000000080049AF0] <- 0x0000000000000003
mem[X,0x0000000080021BB0] -> 0x6537
mem[X,0x0000000080021BB2] -> 0x6666
[4637] [M]: 0x0000000080021BB0 (0x66666537) lui a0, 419430
x10 <- 0x0000000066666000
mem[X,0x0000000080021BB4] -> 0x0513
mem[X,0x0000000080021BB6] -> 0x6665
[4638] [M]: 0x0000000080021BB4 (0x66650513) addi a0, a0, 1638
x10 <- 0x0000000066666666
mem[X,0x0000000080021BB8] -> 0x1513
mem[X,0x0000000080021BBA] -> 0x00B5
[4639] [M]: 0x0000000080021BB8 (0x00B51513) slli a0, a0, 11
x10 <- 0x0000033333333000
mem[X,0x0000000080021BBC] -> 0x0513
mem[X,0x0000000080021BBE] -> 0x3335
[4640] [M]: 0x0000000080021BBC (0x33350513) addi a0, a0, 819
x10 <- 0x0000033333333333
mem[X,0x0000000080021BC0] -> 0x1513
mem[X,0x0000000080021BC2] -> 0x00B5
[4641] [M]: 0x0000000080021BC0 (0x00B51513) slli a0, a0, 11
x10 <- 0x0019999999999800
mem[X,0x0000000080021BC4] -> 0x0513
mem[X,0x0000000080021BC6] -> 0x1995
[4642] [M]: 0x0000000080021BC4 (0x19950513) addi a0, a0, 409
x10 <- 0x0019999999999999
mem[X,0x0000000080021BC8] -> 0x1513
mem[X,0x0000000080021BCA] -> 0x00A5
[4643] [M]: 0x0000000080021BC8 (0x00A51513) slli a0, a0, 10
x10 <- 0x6666666666666400
mem[X,0x0000000080021BCC] -> 0x0513
mem[X,0x0000000080021BCE] -> 0x2665
[4644] [M]: 0x0000000080021BCC (0x26650513) addi a0, a0, 614
x10 <- 0x6666666666666666
mem[X,0x0000000080021BD0] -> 0x65B7
mem[X,0x0000000080021BD2] -> 0x6666
[4645] [M]: 0x0000000080021BD0 (0x666665B7) lui a1, 419430
x11 <- 0x0000000066666000
mem[X,0x0000000080021BD4] -> 0x8593
mem[X,0x0000000080021BD6] -> 0x6665
[4646] [M]: 0x0000000080021BD4 (0x66658593) addi a1, a1, 1638
x11 <- 0x0000000066666666
mem[X,0x0000000080021BD8] -> 0x9593
mem[X,0x0000000080021BDA] -> 0x00B5
[4647] [M]: 0x0000000080021BD8 (0x00B59593) slli a1, a1, 11
x11 <- 0x0000033333333000
mem[X,0x0000000080021BDC] -> 0x8593
mem[X,0x0000000080021BDE] -> 0x3335
[4648] [M]: 0x0000000080021BDC (0x33358593) addi a1, a1, 819
x11 <- 0x0000033333333333
mem[X,0x0000000080021BE0] -> 0x9593
mem[X,0x0000000080021BE2] -> 0x00B5
[4649] [M]: 0x0000000080021BE0 (0x00B59593) slli a1, a1, 11
x11 <- 0x0019999999999800
mem[X,0x0000000080021BE4] -> 0x8593
mem[X,0x0000000080021BE6] -> 0x1995
[4650] [M]: 0x0000000080021BE4 (0x19958593) addi a1, a1, 409
x11 <- 0x0019999999999999
mem[X,0x0000000080021BE8] -> 0x9593
mem[X,0x0000000080021BEA] -> 0x00A5
[4651] [M]: 0x0000000080021BE8 (0x00A59593) slli a1, a1, 10
x11 <- 0x6666666666666400
mem[X,0x0000000080021BEC] -> 0x8593
mem[X,0x0000000080021BEE] -> 0x2675
[4652] [M]: 0x0000000080021BEC (0x26758593) addi a1, a1, 615
x11 <- 0x6666666666666667
mem[X,0x0000000080021BF0] -> 0x0113
mem[X,0x0000000080021BF2] -> 0x0000
[4653] [M]: 0x0000000080021BF0 (0x00000113) addi sp, zero, 0
x2 <- 0x0000000000000000
mem[X,0x0000000080021BF4] -> 0x006F
mem[X,0x0000000080021BF6] -> 0x00C0
[4654] [M]: 0x0000000080021BF4 (0x00C0006F) jal zero, 12
mem[X,0x0000000080021C00] -> 0x5663
mem[X,0x0000000080021C02] -> 0x00B5
[4655] [M]: 0x0000000080021C00 (0x00B55663) bge a0, a1, 12
mem[X,0x0000000080021C04] -> 0x0113
mem[X,0x0000000080021C06] -> 0x0021
[4656] [M]: 0x0000000080021C04 (0x00210113) addi sp, sp, 2
x2 <- 0x0000000000000002
mem[X,0x0000000080021C08] -> 0x006F
mem[X,0x0000000080021C0A] -> 0x00C0
[4657] [M]: 0x0000000080021C08 (0x00C0006F) jal zero, 12
mem[X,0x0000000080021C14] -> 0xB423
mem[X,0x0000000080021C16] -> 0x1220
[4658] [M]: 0x0000000080021C14 (0x1220B423) sd sp, 296(ra)
mem[0x0000000080049AF8] <- 0x0000000000000002
mem[X,0x0000000080021C18] -> 0x6537
mem[X,0x0000000080021C1A] -> 0x6666
[4659] [M]: 0x0000000080021C18 (0x66666537) lui a0, 419430
x10 <- 0x0000000066666000
mem[X,0x0000000080021C1C] -> 0x0513
mem[X,0x0000000080021C1E] -> 0x6665
[4660] [M]: 0x0000000080021C1C (0x66650513) addi a0, a0, 1638
x10 <- 0x0000000066666666
mem[X,0x0000000080021C20] -> 0x1513
mem[X,0x0000000080021C22] -> 0x00B5
[4661] [M]: 0x0000000080021C20 (0x00B51513) slli a0, a0, 11
x10 <- 0x0000033333333000
mem[X,0x0000000080021C24] -> 0x0513
mem[X,0x0000000080021C26] -> 0x3335
[4662] [M]: 0x0000000080021C24 (0x33350513) addi a0, a0, 819
x10 <- 0x0000033333333333
mem[X,0x0000000080021C28] -> 0x1513
mem[X,0x0000000080021C2A] -> 0x00B5
[4663] [M]: 0x0000000080021C28 (0x00B51513) slli a0, a0, 11
x10 <- 0x0019999999999800
mem[X,0x0000000080021C2C] -> 0x0513
mem[X,0x0000000080021C2E] -> 0x1995
[4664] [M]: 0x0000000080021C2C (0x19950513) addi a0, a0, 409
x10 <- 0x0019999999999999
mem[X,0x0000000080021C30] -> 0x1513
mem[X,0x0000000080021C32] -> 0x00A5
[4665] [M]: 0x0000000080021C30 (0x00A51513) slli a0, a0, 10
x10 <- 0x6666666666666400
mem[X,0x0000000080021C34] -> 0x0513
mem[X,0x0000000080021C36] -> 0x2665
[4666] [M]: 0x0000000080021C34 (0x26650513) addi a0, a0, 614
x10 <- 0x6666666666666666
mem[X,0x0000000080021C38] -> 0x05B7
mem[X,0x0000000080021C3A] -> 0x0000
[4667] [M]: 0x0000000080021C38 (0x000005B7) lui a1, 0
x11 <- 0x0000000000000000
mem[X,0x0000000080021C3C] -> 0x8593
mem[X,0x0000000080021C3E] -> 0xFFF5
[4668] [M]: 0x0000000080021C3C (0xFFF58593) addi a1, a1, 4095
x11 <- 0xFFFFFFFFFFFFFFFF
mem[X,0x0000000080021C40] -> 0x9593
mem[X,0x0000000080021C42] -> 0x00B5
[4669] [M]: 0x0000000080021C40 (0x00B59593) slli a1, a1, 11
x11 <- 0xFFFFFFFFFFFFF800
mem[X,0x0000000080021C44] -> 0x8593
mem[X,0x0000000080021C46] -> 0x2575
[4670] [M]: 0x0000000080021C44 (0x25758593) addi a1, a1, 599
x11 <- 0xFFFFFFFFFFFFFA57
mem[X,0x0000000080021C48] -> 0x9593
mem[X,0x0000000080021C4A] -> 0x00B5
[4671] [M]: 0x0000000080021C48 (0x00B59593) slli a1, a1, 11
x11 <- 0xFFFFFFFFFFD2B800
mem[X,0x0000000080021C4C] -> 0x8593
mem[X,0x0000000080021C4E] -> 0x6C35
[4672] [M]: 0x0000000080021C4C (0x6C358593) addi a1, a1, 1731
x11 <- 0xFFFFFFFFFFD2BEC3
mem[X,0x0000000080021C50] -> 0x9593
mem[X,0x0000000080021C52] -> 0x00A5
[4673] [M]: 0x0000000080021C50 (0x00A59593) slli a1, a1, 10
x11 <- 0xFFFFFFFF4AFB0C00
mem[X,0x0000000080021C54] -> 0x8593
mem[X,0x0000000080021C56] -> 0x0CE5
[4674] [M]: 0x0000000080021C54 (0x0CE58593) addi a1, a1, 206
x11 <- 0xFFFFFFFF4AFB0CCE
mem[X,0x0000000080021C58] -> 0x0113
mem[X,0x0000000080021C5A] -> 0x0000
[4675] [M]: 0x0000000080021C58 (0x00000113) addi sp, zero, 0
x2 <- 0x0000000000000000
mem[X,0x0000000080021C5C] -> 0x006F
mem[X,0x0000000080021C5E] -> 0x0140
[4676] [M]: 0x0000000080021C5C (0x0140006F) jal zero, 20
mem[X,0x0000000080021C70] -> 0x58E3
mem[X,0x0000000080021C72] -> 0xFEB5
[4677] [M]: 0x0000000080021C70 (0xFEB558E3) bge a0, a1, 8176
mem[X,0x0000000080021C60] -> 0x0113
mem[X,0x0000000080021C62] -> 0x0011
[4678] [M]: 0x0000000080021C60 (0x00110113) addi sp, sp, 1
x2 <- 0x0000000000000001
mem[X,0x0000000080021C64] -> 0x006F
mem[X,0x0000000080021C66] -> 0x0200
[4679] [M]: 0x0000000080021C64 (0x0200006F) jal zero, 32
mem[X,0x0000000080021C84] -> 0xB823
mem[X,0x0000000080021C86] -> 0x1220
[4680] [M]: 0x0000000080021C84 (0x1220B823) sd sp, 304(ra)
mem[0x0000000080049B00] <- 0x0000000000000001
mem[X,0x0000000080021C88] -> 0x6537
mem[X,0x0000000080021C8A] -> 0x6666
[4681] [M]: 0x0000000080021C88 (0x66666537) lui a0, 419430
x10 <- 0x0000000066666000
mem[X,0x0000000080021C8C] -> 0x0513
mem[X,0x0000000080021C8E] -> 0x6665
[4682] [M]: 0x0000000080021C8C (0x66650513) addi a0, a0, 1638
x10 <- 0x0000000066666666
mem[X,0x0000000080021C90] -> 0x1513
mem[X,0x0000000080021C92] -> 0x00B5
[4683] [M]: 0x0000000080021C90 (0x00B51513) slli a0, a0, 11
x10 <- 0x0000033333333000
mem[X,0x0000000080021C94] -> 0x0513
mem[X,0x0000000080021C96] -> 0x3335
[4684] [M]: 0x0000000080021C94 (0x33350513) addi a0, a0, 819
x10 <- 0x0000033333333333
mem[X,0x0000000080021C98] -> 0x1513
mem[X,0x0000000080021C9A] -> 0x00B5
[4685] [M]: 0x0000000080021C98 (0x00B51513) slli a0, a0, 11
x10 <- 0x0019999999999800
mem[X,0x0000000080021C9C] -> 0x0513
mem[X,0x0000000080021C9E] -> 0x1995
[4686] [M]: 0x0000000080021C9C (0x19950513) addi a0, a0, 409
x10 <- 0x0019999999999999
mem[X,0x0000000080021CA0] -> 0x1513
mem[X,0x0000000080021CA2] -> 0x00A5
[4687] [M]: 0x0000000080021CA0 (0x00A51513) slli a0, a0, 10
x10 <- 0x6666666666666400
mem[X,0x0000000080021CA4] -> 0x0513
mem[X,0x0000000080021CA6] -> 0x2665
[4688] [M]: 0x0000000080021CA4 (0x26650513) addi a0, a0, 614
x10 <- 0x6666666666666666
mem[X,0x0000000080021CA8] -> 0x05B7
mem[X,0x0000000080021CAA] -> 0x0000
[4689] [M]: 0x0000000080021CA8 (0x000005B7) lui a1, 0
x11 <- 0x0000000000000000
mem[X,0x0000000080021CAC] -> 0x8593
mem[X,0x0000000080021CAE] -> 0x0005
[4690] [M]: 0x0000000080021CAC (0x00058593) addi a1, a1, 0
x11 <- 0x0000000000000000
mem[X,0x0000000080021CB0] -> 0x9593
mem[X,0x0000000080021CB2] -> 0x00B5
[4691] [M]: 0x0000000080021CB0 (0x00B59593) slli a1, a1, 11
x11 <- 0x0000000000000000
mem[X,0x0000000080021CB4] -> 0x8593
mem[X,0x0000000080021CB6] -> 0x5A85
[4692] [M]: 0x0000000080021CB4 (0x5A858593) addi a1, a1, 1448
x11 <- 0x00000000000005A8
mem[X,0x0000000080021CB8] -> 0x9593
mem[X,0x0000000080021CBA] -> 0x00B5
[4693] [M]: 0x0000000080021CB8 (0x00B59593) slli a1, a1, 11
x11 <- 0x00000000002D4000
mem[X,0x0000000080021CBC] -> 0x8593
mem[X,0x0000000080021CBE] -> 0x13C5
[4694] [M]: 0x0000000080021CBC (0x13C58593) addi a1, a1, 316
x11 <- 0x00000000002D413C
mem[X,0x0000000080021CC0] -> 0x9593
mem[X,0x0000000080021CC2] -> 0x00A5
[4695] [M]: 0x0000000080021CC0 (0x00A59593) slli a1, a1, 10
x11 <- 0x00000000B504F000
mem[X,0x0000000080021CC4] -> 0x8593
mem[X,0x0000000080021CC6] -> 0x3345
[4696] [M]: 0x0000000080021CC4 (0x33458593) addi a1, a1, 820
x11 <- 0x00000000B504F334
mem[X,0x0000000080021CC8] -> 0x0113
mem[X,0x0000000080021CCA] -> 0x0000
[4697] [M]: 0x0000000080021CC8 (0x00000113) addi sp, zero, 0
x2 <- 0x0000000000000000
mem[X,0x0000000080021CCC] -> 0x006F
mem[X,0x0000000080021CCE] -> 0x00C0
[4698] [M]: 0x0000000080021CCC (0x00C0006F) jal zero, 12
mem[X,0x0000000080021CD8] -> 0x5063
mem[X,0x0000000080021CDA] -> 0x20B5
[4699] [M]: 0x0000000080021CD8 (0x20B55063) bge a0, a1, 512
clint::tick mtime <- 0x000000000000002F
 clint timer pending at mtime 0x000000000000002F
htif::tick 0x0000000000000000
mem[X,0x0000000080021ED8] -> 0x0113
mem[X,0x0000000080021EDA] -> 0x0031
[4700] [M]: 0x0000000080021ED8 (0x00310113) addi sp, sp, 3
x2 <- 0x0000000000000003
mem[X,0x0000000080021EDC] -> 0x006F
mem[X,0x0000000080021EDE] -> 0x0040
[4701] [M]: 0x0000000080021EDC (0x0040006F) jal zero, 4
mem[X,0x0000000080021EE0] -> 0xBC23
mem[X,0x0000000080021EE2] -> 0x1220
[4702] [M]: 0x0000000080021EE0 (0x1220BC23) sd sp, 312(ra)
mem[0x0000000080049B08] <- 0x0000000000000003
mem[X,0x0000000080021EE4] -> 0x0537
mem[X,0x0000000080021EE6] -> 0x0000
[4703] [M]: 0x0000000080021EE4 (0x00000537) lui a0, 0
x10 <- 0x0000000000000000
mem[X,0x0000000080021EE8] -> 0x0513
mem[X,0x0000000080021EEA] -> 0xFFF5
[4704] [M]: 0x0000000080021EE8 (0xFFF50513) addi a0, a0, 4095
x10 <- 0xFFFFFFFFFFFFFFFF
mem[X,0x0000000080021EEC] -> 0x1513
mem[X,0x0000000080021EEE] -> 0x00B5
[4705] [M]: 0x0000000080021EEC (0x00B51513) slli a0, a0, 11
x10 <- 0xFFFFFFFFFFFFF800
mem[X,0x0000000080021EF0] -> 0x0513
mem[X,0x0000000080021EF2] -> 0x2575
[4706] [M]: 0x0000000080021EF0 (0x25750513) addi a0, a0, 599
x10 <- 0xFFFFFFFFFFFFFA57
mem[X,0x0000000080021EF4] -> 0x1513
mem[X,0x0000000080021EF6] -> 0x00B5
[4707] [M]: 0x0000000080021EF4 (0x00B51513) slli a0, a0, 11
x10 <- 0xFFFFFFFFFFD2B800
mem[X,0x0000000080021EF8] -> 0x0513
mem[X,0x0000000080021EFA] -> 0x6C35
[4708] [M]: 0x0000000080021EF8 (0x6C350513) addi a0, a0, 1731
x10 <- 0xFFFFFFFFFFD2BEC3
mem[X,0x0000000080021EFC] -> 0x1513
mem[X,0x0000000080021EFE] -> 0x00A5
[4709] [M]: 0x0000000080021EFC (0x00A51513) slli a0, a0, 10
x10 <- 0xFFFFFFFF4AFB0C00
mem[X,0x0000000080021F00] -> 0x0513
mem[X,0x0000000080021F02] -> 0x0CD5
[4710] [M]: 0x0000000080021F00 (0x0CD50513) addi a0, a0, 205
x10 <- 0xFFFFFFFF4AFB0CCD
mem[X,0x0000000080021F04] -> 0x0593
mem[X,0x0000000080021F06] -> 0x0030
[4711] [M]: 0x0000000080021F04 (0x00300593) addi a1, zero, 3
x11 <- 0x0000000000000003
mem[X,0x0000000080021F08] -> 0x0113
mem[X,0x0000000080021F0A] -> 0x0000
[4712] [M]: 0x0000000080021F08 (0x00000113) addi sp, zero, 0
x2 <- 0x0000000000000000
mem[X,0x0000000080021F0C] -> 0x006F
mem[X,0x0000000080021F0E] -> 0x2B10
[4713] [M]: 0x0000000080021F0C (0x2B10006F) jal zero, 2736
mem[X,0x00000000800229BC] -> 0x5A63
mem[X,0x00000000800229BE] -> 0xD4B5
[4714] [M]: 0x00000000800229BC (0xD4B55A63) bge a0, a1, 5460
mem[X,0x00000000800229C0] -> 0x0113
mem[X,0x00000000800229C2] -> 0x0021
[4715] [M]: 0x00000000800229C0 (0x00210113) addi sp, sp, 2
x2 <- 0x0000000000000002
mem[X,0x00000000800229C4] -> 0x006F
mem[X,0x00000000800229C6] -> 0x00C0
[4716] [M]: 0x00000000800229C4 (0x00C0006F) jal zero, 12
mem[X,0x00000000800229D0] -> 0xB023
mem[X,0x00000000800229D2] -> 0x1420
[4717] [M]: 0x00000000800229D0 (0x1420B023) sd sp, 320(ra)
mem[0x0000000080049B10] <- 0x0000000000000002
mem[X,0x00000000800229D4] -> 0x0537
mem[X,0x00000000800229D6] -> 0x0000
[4718] [M]: 0x00000000800229D4 (0x00000537) lui a0, 0
x10 <- 0x0000000000000000
mem[X,0x00000000800229D8] -> 0x0513
mem[X,0x00000000800229DA] -> 0xFFF5
[4719] [M]: 0x00000000800229D8 (0xFFF50513) addi a0, a0, 4095
x10 <- 0xFFFFFFFFFFFFFFFF
mem[X,0x00000000800229DC] -> 0x1513
mem[X,0x00000000800229DE] -> 0x00B5
[4720] [M]: 0x00000000800229DC (0x00B51513) slli a0, a0, 11
x10 <- 0xFFFFFFFFFFFFF800
mem[X,0x00000000800229E0] -> 0x0513
mem[X,0x00000000800229E2] -> 0x2575
[4721] [M]: 0x00000000800229E0 (0x25750513) addi a0, a0, 599
x10 <- 0xFFFFFFFFFFFFFA57
mem[X,0x00000000800229E4] -> 0x1513
mem[X,0x00000000800229E6] -> 0x00B5
[4722] [M]: 0x00000000800229E4 (0x00B51513) slli a0, a0, 11
x10 <- 0xFFFFFFFFFFD2B800
mem[X,0x00000000800229E8] -> 0x0513
mem[X,0x00000000800229EA] -> 0x6C35
[4723] [M]: 0x00000000800229E8 (0x6C350513) addi a0, a0, 1731
x10 <- 0xFFFFFFFFFFD2BEC3
mem[X,0x00000000800229EC] -> 0x1513
mem[X,0x00000000800229EE] -> 0x00A5
[4724] [M]: 0x00000000800229EC (0x00A51513) slli a0, a0, 10
x10 <- 0xFFFFFFFF4AFB0C00
mem[X,0x00000000800229F0] -> 0x0513
mem[X,0x00000000800229F2] -> 0x0CD5
[4725] [M]: 0x00000000800229F0 (0x0CD50513) addi a0, a0, 205
x10 <- 0xFFFFFFFF4AFB0CCD
mem[X,0x00000000800229F4] -> 0x55B7
mem[X,0x00000000800229F6] -> 0x5555
[4726] [M]: 0x00000000800229F4 (0x555555B7) lui a1, 349525
x11 <- 0x0000000055555000
mem[X,0x00000000800229F8] -> 0x8593
mem[X,0x00000000800229FA] -> 0x5555
[4727] [M]: 0x00000000800229F8 (0x55558593) addi a1, a1, 1365
x11 <- 0x0000000055555555
mem[X,0x00000000800229FC] -> 0x9593
mem[X,0x00000000800229FE] -> 0x00B5
[4728] [M]: 0x00000000800229FC (0x00B59593) slli a1, a1, 11
x11 <- 0x000002AAAAAAA800
mem[X,0x0000000080022A00] -> 0x8593
mem[X,0x0000000080022A02] -> 0x2AA5
[4729] [M]: 0x0000000080022A00 (0x2AA58593) addi a1, a1, 682
x11 <- 0x000002AAAAAAAAAA
mem[X,0x0000000080022A04] -> 0x9593
mem[X,0x0000000080022A06] -> 0x00B5
[4730] [M]: 0x0000000080022A04 (0x00B59593) slli a1, a1, 11
x11 <- 0x0015555555555000
mem[X,0x0000000080022A08] -> 0x8593
mem[X,0x0000000080022A0A] -> 0x5555
[4731] [M]: 0x0000000080022A08 (0x55558593) addi a1, a1, 1365
x11 <- 0x0015555555555555
mem[X,0x0000000080022A0C] -> 0x9593
mem[X,0x0000000080022A0E] -> 0x00A5
[4732] [M]: 0x0000000080022A0C (0x00A59593) slli a1, a1, 10
x11 <- 0x5555555555555400
mem[X,0x0000000080022A10] -> 0x8593
mem[X,0x0000000080022A12] -> 0x1555
[4733] [M]: 0x0000000080022A10 (0x15558593) addi a1, a1, 341
x11 <- 0x5555555555555555
mem[X,0x0000000080022A14] -> 0x0113
mem[X,0x0000000080022A16] -> 0x0000
[4734] [M]: 0x0000000080022A14 (0x00000113) addi sp, zero, 0
x2 <- 0x0000000000000000
mem[X,0x0000000080022A18] -> 0x006F
mem[X,0x0000000080022A1A] -> 0x00C0
[4735] [M]: 0x0000000080022A18 (0x00C0006F) jal zero, 12
mem[X,0x0000000080022A24] -> 0x5CE3
mem[X,0x0000000080022A26] -> 0xFEB5
[4736] [M]: 0x0000000080022A24 (0xFEB55CE3) bge a0, a1, 8184
mem[X,0x0000000080022A28] -> 0x0113
mem[X,0x0000000080022A2A] -> 0x0021
[4737] [M]: 0x0000000080022A28 (0x00210113) addi sp, sp, 2
x2 <- 0x0000000000000002
mem[X,0x0000000080022A2C] -> 0x006F
mem[X,0x0000000080022A2E] -> 0x00C0
[4738] [M]: 0x0000000080022A2C (0x00C0006F) jal zero, 12
mem[X,0x0000000080022A38] -> 0xB423
mem[X,0x0000000080022A3A] -> 0x1420
[4739] [M]: 0x0000000080022A38 (0x1420B423) sd sp, 328(ra)
mem[0x0000000080049B18] <- 0x0000000000000002
mem[X,0x0000000080022A3C] -> 0x0537
mem[X,0x0000000080022A3E] -> 0x0000
[4740] [M]: 0x0000000080022A3C (0x00000537) lui a0, 0
x10 <- 0x0000000000000000
mem[X,0x0000000080022A40] -> 0x0513
mem[X,0x0000000080022A42] -> 0xFFF5
[4741] [M]: 0x0000000080022A40 (0xFFF50513) addi a0, a0, 4095
x10 <- 0xFFFFFFFFFFFFFFFF
mem[X,0x0000000080022A44] -> 0x1513
mem[X,0x0000000080022A46] -> 0x00B5
[4742] [M]: 0x0000000080022A44 (0x00B51513) slli a0, a0, 11
x10 <- 0xFFFFFFFFFFFFF800
mem[X,0x0000000080022A48] -> 0x0513
mem[X,0x0000000080022A4A] -> 0x2575
[4743] [M]: 0x0000000080022A48 (0x25750513) addi a0, a0, 599
x10 <- 0xFFFFFFFFFFFFFA57
mem[X,0x0000000080022A4C] -> 0x1513
mem[X,0x0000000080022A4E] -> 0x00B5
[4744] [M]: 0x0000000080022A4C (0x00B51513) slli a0, a0, 11
x10 <- 0xFFFFFFFFFFD2B800
mem[X,0x0000000080022A50] -> 0x0513
mem[X,0x0000000080022A52] -> 0x6C35
[4745] [M]: 0x0000000080022A50 (0x6C350513) addi a0, a0, 1731
x10 <- 0xFFFFFFFFFFD2BEC3
mem[X,0x0000000080022A54] -> 0x1513
mem[X,0x0000000080022A56] -> 0x00A5
[4746] [M]: 0x0000000080022A54 (0x00A51513) slli a0, a0, 10
x10 <- 0xFFFFFFFF4AFB0C00
mem[X,0x0000000080022A58] -> 0x0513
mem[X,0x0000000080022A5A] -> 0x0CD5
[4747] [M]: 0x0000000080022A58 (0x0CD50513) addi a0, a0, 205
x10 <- 0xFFFFFFFF4AFB0CCD
mem[X,0x0000000080022A5C] -> 0xB5B7
mem[X,0x0000000080022A5E] -> 0xAAAA
[4748] [M]: 0x0000000080022A5C (0xAAAAB5B7) lui a1, 699051
x11 <- 0xFFFFFFFFAAAAB000
mem[X,0x0000000080022A60] -> 0x8593
mem[X,0x0000000080022A62] -> 0xAAA5
[4749] [M]: 0x0000000080022A60 (0xAAA58593) addi a1, a1, 2730
x11 <- 0xFFFFFFFFAAAAAAAA
mem[X,0x0000000080022A64] -> 0x9593
mem[X,0x0000000080022A66] -> 0x00B5
[4750] [M]: 0x0000000080022A64 (0x00B59593) slli a1, a1, 11
x11 <- 0xFFFFFD5555555000
mem[X,0x0000000080022A68] -> 0x8593
mem[X,0x0000000080022A6A] -> 0x5555
[4751] [M]: 0x0000000080022A68 (0x55558593) addi a1, a1, 1365
x11 <- 0xFFFFFD5555555555
mem[X,0x0000000080022A6C] -> 0x9593
mem[X,0x0000000080022A6E] -> 0x00B5
[4752] [M]: 0x0000000080022A6C (0x00B59593) slli a1, a1, 11
x11 <- 0xFFEAAAAAAAAAA800
mem[X,0x0000000080022A70] -> 0x8593
mem[X,0x0000000080022A72] -> 0x2AA5
[4753] [M]: 0x0000000080022A70 (0x2AA58593) addi a1, a1, 682
x11 <- 0xFFEAAAAAAAAAAAAA
mem[X,0x0000000080022A74] -> 0x9593
mem[X,0x0000000080022A76] -> 0x00A5
[4754] [M]: 0x0000000080022A74 (0x00A59593) slli a1, a1, 10
x11 <- 0xAAAAAAAAAAAAA800
mem[X,0x0000000080022A78] -> 0x8593
mem[X,0x0000000080022A7A] -> 0x2AA5
[4755] [M]: 0x0000000080022A78 (0x2AA58593) addi a1, a1, 682
x11 <- 0xAAAAAAAAAAAAAAAA
mem[X,0x0000000080022A7C] -> 0x0113
mem[X,0x0000000080022A7E] -> 0x0000
[4756] [M]: 0x0000000080022A7C (0x00000113) addi sp, zero, 0
x2 <- 0x0000000000000000
mem[X,0x0000000080022A80] -> 0x006F
mem[X,0x0000000080022A82] -> 0x00C0
[4757] [M]: 0x0000000080022A80 (0x00C0006F) jal zero, 12
mem[X,0x0000000080022A8C] -> 0x5863
mem[X,0x0000000080022A8E] -> 0x00B5
[4758] [M]: 0x0000000080022A8C (0x00B55863) bge a0, a1, 16
mem[X,0x0000000080022A9C] -> 0x0113
mem[X,0x0000000080022A9E] -> 0x0031
[4759] [M]: 0x0000000080022A9C (0x00310113) addi sp, sp, 3
x2 <- 0x0000000000000003
mem[X,0x0000000080022AA0] -> 0x006F
mem[X,0x0000000080022AA2] -> 0x0040
[4760] [M]: 0x0000000080022AA0 (0x0040006F) jal zero, 4
mem[X,0x0000000080022AA4] -> 0xB823
mem[X,0x0000000080022AA6] -> 0x1420
[4761] [M]: 0x0000000080022AA4 (0x1420B823) sd sp, 336(ra)
mem[0x0000000080049B20] <- 0x0000000000000003
mem[X,0x0000000080022AA8] -> 0x0537
mem[X,0x0000000080022AAA] -> 0x0000
[4762] [M]: 0x0000000080022AA8 (0x00000537) lui a0, 0
x10 <- 0x0000000000000000
mem[X,0x0000000080022AAC] -> 0x0513
mem[X,0x0000000080022AAE] -> 0xFFF5
[4763] [M]: 0x0000000080022AAC (0xFFF50513) addi a0, a0, 4095
x10 <- 0xFFFFFFFFFFFFFFFF
mem[X,0x0000000080022AB0] -> 0x1513
mem[X,0x0000000080022AB2] -> 0x00B5
[4764] [M]: 0x0000000080022AB0 (0x00B51513) slli a0, a0, 11
x10 <- 0xFFFFFFFFFFFFF800
mem[X,0x0000000080022AB4] -> 0x0513
mem[X,0x0000000080022AB6] -> 0x2575
[4765] [M]: 0x0000000080022AB4 (0x25750513) addi a0, a0, 599
x10 <- 0xFFFFFFFFFFFFFA57
mem[X,0x0000000080022AB8] -> 0x1513
mem[X,0x0000000080022ABA] -> 0x00B5
[4766] [M]: 0x0000000080022AB8 (0x00B51513) slli a0, a0, 11
x10 <- 0xFFFFFFFFFFD2B800
mem[X,0x0000000080022ABC] -> 0x0513
mem[X,0x0000000080022ABE] -> 0x6C35
[4767] [M]: 0x0000000080022ABC (0x6C350513) addi a0, a0, 1731
x10 <- 0xFFFFFFFFFFD2BEC3
mem[X,0x0000000080022AC0] -> 0x1513
mem[X,0x0000000080022AC2] -> 0x00A5
[4768] [M]: 0x0000000080022AC0 (0x00A51513) slli a0, a0, 10
x10 <- 0xFFFFFFFF4AFB0C00
mem[X,0x0000000080022AC4] -> 0x0513
mem[X,0x0000000080022AC6] -> 0x0CD5
[4769] [M]: 0x0000000080022AC4 (0x0CD50513) addi a0, a0, 205
x10 <- 0xFFFFFFFF4AFB0CCD
mem[X,0x0000000080022AC8] -> 0x0593
mem[X,0x0000000080022ACA] -> 0x0050
[4770] [M]: 0x0000000080022AC8 (0x00500593) addi a1, zero, 5
x11 <- 0x0000000000000005
mem[X,0x0000000080022ACC] -> 0x0113
mem[X,0x0000000080022ACE] -> 0x0000
[4771] [M]: 0x0000000080022ACC (0x00000113) addi sp, zero, 0
x2 <- 0x0000000000000000
mem[X,0x0000000080022AD0] -> 0x006F
mem[X,0x0000000080022AD2] -> 0x00C0
[4772] [M]: 0x0000000080022AD0 (0x00C0006F) jal zero, 12
mem[X,0x0000000080022ADC] -> 0x5663
mem[X,0x0000000080022ADE] -> 0x00B5
[4773] [M]: 0x0000000080022ADC (0x00B55663) bge a0, a1, 12
mem[X,0x0000000080022AE0] -> 0x0113
mem[X,0x0000000080022AE2] -> 0x0021
[4774] [M]: 0x0000000080022AE0 (0x00210113) addi sp, sp, 2
x2 <- 0x0000000000000002
mem[X,0x0000000080022AE4] -> 0x006F
mem[X,0x0000000080022AE6] -> 0x00C0
[4775] [M]: 0x0000000080022AE4 (0x00C0006F) jal zero, 12
mem[X,0x0000000080022AF0] -> 0xBC23
mem[X,0x0000000080022AF2] -> 0x1420
[4776] [M]: 0x0000000080022AF0 (0x1420BC23) sd sp, 344(ra)
mem[0x0000000080049B28] <- 0x0000000000000002
mem[X,0x0000000080022AF4] -> 0x0537
mem[X,0x0000000080022AF6] -> 0x0000
[4777] [M]: 0x0000000080022AF4 (0x00000537) lui a0, 0
x10 <- 0x0000000000000000
mem[X,0x0000000080022AF8] -> 0x0513
mem[X,0x0000000080022AFA] -> 0xFFF5
[4778] [M]: 0x0000000080022AF8 (0xFFF50513) addi a0, a0, 4095
x10 <- 0xFFFFFFFFFFFFFFFF
mem[X,0x0000000080022AFC] -> 0x1513
mem[X,0x0000000080022AFE] -> 0x00B5
[4779] [M]: 0x0000000080022AFC (0x00B51513) slli a0, a0, 11
x10 <- 0xFFFFFFFFFFFFF800
mem[X,0x0000000080022B00] -> 0x0513
mem[X,0x0000000080022B02] -> 0x2575
[4780] [M]: 0x0000000080022B00 (0x25750513) addi a0, a0, 599
x10 <- 0xFFFFFFFFFFFFFA57
mem[X,0x0000000080022B04] -> 0x1513
mem[X,0x0000000080022B06] -> 0x00B5
[4781] [M]: 0x0000000080022B04 (0x00B51513) slli a0, a0, 11
x10 <- 0xFFFFFFFFFFD2B800
mem[X,0x0000000080022B08] -> 0x0513
mem[X,0x0000000080022B0A] -> 0x6C35
[4782] [M]: 0x0000000080022B08 (0x6C350513) addi a0, a0, 1731
x10 <- 0xFFFFFFFFFFD2BEC3
mem[X,0x0000000080022B0C] -> 0x1513
mem[X,0x0000000080022B0E] -> 0x00A5
[4783] [M]: 0x0000000080022B0C (0x00A51513) slli a0, a0, 10
x10 <- 0xFFFFFFFF4AFB0C00
mem[X,0x0000000080022B10] -> 0x0513
mem[X,0x0000000080022B12] -> 0x0CD5
[4784] [M]: 0x0000000080022B10 (0x0CD50513) addi a0, a0, 205
x10 <- 0xFFFFFFFF4AFB0CCD
mem[X,0x0000000080022B14] -> 0x35B7
mem[X,0x0000000080022B16] -> 0x3333
[4785] [M]: 0x0000000080022B14 (0x333335B7) lui a1, 209715
x11 <- 0x0000000033333000
mem[X,0x0000000080022B18] -> 0x8593
mem[X,0x0000000080022B1A] -> 0x3335
[4786] [M]: 0x0000000080022B18 (0x33358593) addi a1, a1, 819
x11 <- 0x0000000033333333
mem[X,0x0000000080022B1C] -> 0x9593
mem[X,0x0000000080022B1E] -> 0x00B5
[4787] [M]: 0x0000000080022B1C (0x00B59593) slli a1, a1, 11
x11 <- 0x0000019999999800
mem[X,0x0000000080022B20] -> 0x8593
mem[X,0x0000000080022B22] -> 0x1995
[4788] [M]: 0x0000000080022B20 (0x19958593) addi a1, a1, 409
x11 <- 0x0000019999999999
mem[X,0x0000000080022B24] -> 0x9593
mem[X,0x0000000080022B26] -> 0x00B5
[4789] [M]: 0x0000000080022B24 (0x00B59593) slli a1, a1, 11
x11 <- 0x000CCCCCCCCCC800
mem[X,0x0000000080022B28] -> 0x8593
mem[X,0x0000000080022B2A] -> 0x4CC5
[4790] [M]: 0x0000000080022B28 (0x4CC58593) addi a1, a1, 1228
x11 <- 0x000CCCCCCCCCCCCC
mem[X,0x0000000080022B2C] -> 0x9593
mem[X,0x0000000080022B2E] -> 0x00A5
[4791] [M]: 0x0000000080022B2C (0x00A59593) slli a1, a1, 10
x11 <- 0x3333333333333000
mem[X,0x0000000080022B30] -> 0x8593
mem[X,0x0000000080022B32] -> 0x3335
[4792] [M]: 0x0000000080022B30 (0x33358593) addi a1, a1, 819
x11 <- 0x3333333333333333
mem[X,0x0000000080022B34] -> 0x0113
mem[X,0x0000000080022B36] -> 0x0000
[4793] [M]: 0x0000000080022B34 (0x00000113) addi sp, zero, 0
x2 <- 0x0000000000000000
mem[X,0x0000000080022B38] -> 0x006F
mem[X,0x0000000080022B3A] -> 0x0050
[4794] [M]: 0x0000000080022B38 (0x0050006F) jal zero, 2052
mem[X,0x000000008002333C] -> 0x50E3
mem[X,0x000000008002333E] -> 0x80B5
[4795] [M]: 0x000000008002333C (0x80B550E3) bge a0, a1, 6144
mem[X,0x0000000080023340] -> 0x0113
mem[X,0x0000000080023342] -> 0x0021
[4796] [M]: 0x0000000080023340 (0x00210113) addi sp, sp, 2
x2 <- 0x0000000000000002
mem[X,0x0000000080023344] -> 0x006F
mem[X,0x0000000080023346] -> 0x00C0
[4797] [M]: 0x0000000080023344 (0x00C0006F) jal zero, 12
mem[X,0x0000000080023350] -> 0xB023
mem[X,0x0000000080023352] -> 0x1620
[4798] [M]: 0x0000000080023350 (0x1620B023) sd sp, 352(ra)
mem[0x0000000080049B30] <- 0x0000000000000002
mem[X,0x0000000080023354] -> 0x0537
mem[X,0x0000000080023356] -> 0x0000
[4799] [M]: 0x0000000080023354 (0x00000537) lui a0, 0
x10 <- 0x0000000000000000
clint::tick mtime <- 0x0000000000000030
 clint timer pending at mtime 0x0000000000000030
htif::tick 0x0000000000000000
mem[X,0x0000000080023358] -> 0x0513
mem[X,0x000000008002335A] -> 0xFFF5
[4800] [M]: 0x0000000080023358 (0xFFF50513) addi a0, a0, 4095
x10 <- 0xFFFFFFFFFFFFFFFF
mem[X,0x000000008002335C] -> 0x1513
mem[X,0x000000008002335E] -> 0x00B5
[4801] [M]: 0x000000008002335C (0x00B51513) slli a0, a0, 11
x10 <- 0xFFFFFFFFFFFFF800
mem[X,0x0000000080023360] -> 0x0513
mem[X,0x0000000080023362] -> 0x2575
[4802] [M]: 0x0000000080023360 (0x25750513) addi a0, a0, 599
x10 <- 0xFFFFFFFFFFFFFA57
mem[X,0x0000000080023364] -> 0x1513
mem[X,0x0000000080023366] -> 0x00B5
[4803] [M]: 0x0000000080023364 (0x00B51513) slli a0, a0, 11
x10 <- 0xFFFFFFFFFFD2B800
mem[X,0x0000000080023368] -> 0x0513
mem[X,0x000000008002336A] -> 0x6C35
[4804] [M]: 0x0000000080023368 (0x6C350513) addi a0, a0, 1731
x10 <- 0xFFFFFFFFFFD2BEC3
mem[X,0x000000008002336C] -> 0x1513
mem[X,0x000000008002336E] -> 0x00A5
[4805] [M]: 0x000000008002336C (0x00A51513) slli a0, a0, 10
x10 <- 0xFFFFFFFF4AFB0C00
mem[X,0x0000000080023370] -> 0x0513
mem[X,0x0000000080023372] -> 0x0CD5
[4806] [M]: 0x0000000080023370 (0x0CD50513) addi a0, a0, 205
x10 <- 0xFFFFFFFF4AFB0CCD
mem[X,0x0000000080023374] -> 0x65B7
mem[X,0x0000000080023376] -> 0x6666
[4807] [M]: 0x0000000080023374 (0x666665B7) lui a1, 419430
x11 <- 0x0000000066666000
mem[X,0x0000000080023378] -> 0x8593
mem[X,0x000000008002337A] -> 0x6665
[4808] [M]: 0x0000000080023378 (0x66658593) addi a1, a1, 1638
x11 <- 0x0000000066666666
mem[X,0x000000008002337C] -> 0x9593
mem[X,0x000000008002337E] -> 0x00B5
[4809] [M]: 0x000000008002337C (0x00B59593) slli a1, a1, 11
x11 <- 0x0000033333333000
mem[X,0x0000000080023380] -> 0x8593
mem[X,0x0000000080023382] -> 0x3335
[4810] [M]: 0x0000000080023380 (0x33358593) addi a1, a1, 819
x11 <- 0x0000033333333333
mem[X,0x0000000080023384] -> 0x9593
mem[X,0x0000000080023386] -> 0x00B5
[4811] [M]: 0x0000000080023384 (0x00B59593) slli a1, a1, 11
x11 <- 0x0019999999999800
mem[X,0x0000000080023388] -> 0x8593
mem[X,0x000000008002338A] -> 0x1995
[4812] [M]: 0x0000000080023388 (0x19958593) addi a1, a1, 409
x11 <- 0x0019999999999999
mem[X,0x000000008002338C] -> 0x9593
mem[X,0x000000008002338E] -> 0x00A5
[4813] [M]: 0x000000008002338C (0x00A59593) slli a1, a1, 10
x11 <- 0x6666666666666400
mem[X,0x0000000080023390] -> 0x8593
mem[X,0x0000000080023392] -> 0x2665
[4814] [M]: 0x0000000080023390 (0x26658593) addi a1, a1, 614
x11 <- 0x6666666666666666
mem[X,0x0000000080023394] -> 0x0113
mem[X,0x0000000080023396] -> 0x0000
[4815] [M]: 0x0000000080023394 (0x00000113) addi sp, zero, 0
x2 <- 0x0000000000000000
mem[X,0x0000000080023398] -> 0x006F
mem[X,0x000000008002339A] -> 0x00C0
[4816] [M]: 0x0000000080023398 (0x00C0006F) jal zero, 12
mem[X,0x00000000800233A4] -> 0x5CE3
mem[X,0x00000000800233A6] -> 0xFEB5
[4817] [M]: 0x00000000800233A4 (0xFEB55CE3) bge a0, a1, 8184
mem[X,0x00000000800233A8] -> 0x0113
mem[X,0x00000000800233AA] -> 0x0021
[4818] [M]: 0x00000000800233A8 (0x00210113) addi sp, sp, 2
x2 <- 0x0000000000000002
mem[X,0x00000000800233AC] -> 0x006F
mem[X,0x00000000800233AE] -> 0x00C0
[4819] [M]: 0x00000000800233AC (0x00C0006F) jal zero, 12
mem[X,0x00000000800233B8] -> 0xB423
mem[X,0x00000000800233BA] -> 0x1620
[4820] [M]: 0x00000000800233B8 (0x1620B423) sd sp, 360(ra)
mem[0x0000000080049B38] <- 0x0000000000000002
mem[X,0x00000000800233BC] -> 0x0537
mem[X,0x00000000800233BE] -> 0x0000
[4821] [M]: 0x00000000800233BC (0x00000537) lui a0, 0
x10 <- 0x0000000000000000
mem[X,0x00000000800233C0] -> 0x0513
mem[X,0x00000000800233C2] -> 0xFFF5
[4822] [M]: 0x00000000800233C0 (0xFFF50513) addi a0, a0, 4095
x10 <- 0xFFFFFFFFFFFFFFFF
mem[X,0x00000000800233C4] -> 0x1513
mem[X,0x00000000800233C6] -> 0x00B5
[4823] [M]: 0x00000000800233C4 (0x00B51513) slli a0, a0, 11
x10 <- 0xFFFFFFFFFFFFF800
mem[X,0x00000000800233C8] -> 0x0513
mem[X,0x00000000800233CA] -> 0x2575
[4824] [M]: 0x00000000800233C8 (0x25750513) addi a0, a0, 599
x10 <- 0xFFFFFFFFFFFFFA57
mem[X,0x00000000800233CC] -> 0x1513
mem[X,0x00000000800233CE] -> 0x00B5
[4825] [M]: 0x00000000800233CC (0x00B51513) slli a0, a0, 11
x10 <- 0xFFFFFFFFFFD2B800
mem[X,0x00000000800233D0] -> 0x0513
mem[X,0x00000000800233D2] -> 0x6C35
[4826] [M]: 0x00000000800233D0 (0x6C350513) addi a0, a0, 1731
x10 <- 0xFFFFFFFFFFD2BEC3
mem[X,0x00000000800233D4] -> 0x1513
mem[X,0x00000000800233D6] -> 0x00A5
[4827] [M]: 0x00000000800233D4 (0x00A51513) slli a0, a0, 10
x10 <- 0xFFFFFFFF4AFB0C00
mem[X,0x00000000800233D8] -> 0x0513
mem[X,0x00000000800233DA] -> 0x0CD5
[4828] [M]: 0x00000000800233D8 (0x0CD50513) addi a0, a0, 205
x10 <- 0xFFFFFFFF4AFB0CCD
mem[X,0x00000000800233DC] -> 0x05B7
mem[X,0x00000000800233DE] -> 0x0000
[4829] [M]: 0x00000000800233DC (0x000005B7) lui a1, 0
x11 <- 0x0000000000000000
mem[X,0x00000000800233E0] -> 0x8593
mem[X,0x00000000800233E2] -> 0xFFF5
[4830] [M]: 0x00000000800233E0 (0xFFF58593) addi a1, a1, 4095
x11 <- 0xFFFFFFFFFFFFFFFF
mem[X,0x00000000800233E4] -> 0x9593
mem[X,0x00000000800233E6] -> 0x00B5
[4831] [M]: 0x00000000800233E4 (0x00B59593) slli a1, a1, 11
x11 <- 0xFFFFFFFFFFFFF800
mem[X,0x00000000800233E8] -> 0x8593
mem[X,0x00000000800233EA] -> 0x2575
[4832] [M]: 0x00000000800233E8 (0x25758593) addi a1, a1, 599
x11 <- 0xFFFFFFFFFFFFFA57
mem[X,0x00000000800233EC] -> 0x9593
mem[X,0x00000000800233EE] -> 0x00B5
[4833] [M]: 0x00000000800233EC (0x00B59593) slli a1, a1, 11
x11 <- 0xFFFFFFFFFFD2B800
mem[X,0x00000000800233F0] -> 0x8593
mem[X,0x00000000800233F2] -> 0x6C35
[4834] [M]: 0x00000000800233F0 (0x6C358593) addi a1, a1, 1731
x11 <- 0xFFFFFFFFFFD2BEC3
mem[X,0x00000000800233F4] -> 0x9593
mem[X,0x00000000800233F6] -> 0x00A5
[4835] [M]: 0x00000000800233F4 (0x00A59593) slli a1, a1, 10
x11 <- 0xFFFFFFFF4AFB0C00
mem[X,0x00000000800233F8] -> 0x8593
mem[X,0x00000000800233FA] -> 0x0CD5
[4836] [M]: 0x00000000800233F8 (0x0CD58593) addi a1, a1, 205
x11 <- 0xFFFFFFFF4AFB0CCD
mem[X,0x00000000800233FC] -> 0x0113
mem[X,0x00000000800233FE] -> 0x0000
[4837] [M]: 0x00000000800233FC (0x00000113) addi sp, zero, 0
x2 <- 0x0000000000000000
mem[X,0x0000000080023400] -> 0x006F
mem[X,0x0000000080023402] -> 0x00C0
[4838] [M]: 0x0000000080023400 (0x00C0006F) jal zero, 12
mem[X,0x000000008002340C] -> 0x5063
mem[X,0x000000008002340E] -> 0x08B5
[4839] [M]: 0x000000008002340C (0x08B55063) bge a0, a1, 128
mem[X,0x000000008002348C] -> 0x0113
mem[X,0x000000008002348E] -> 0x0031
[4840] [M]: 0x000000008002348C (0x00310113) addi sp, sp, 3
x2 <- 0x0000000000000003
mem[X,0x0000000080023490] -> 0x006F
mem[X,0x0000000080023492] -> 0x0040
[4841] [M]: 0x0000000080023490 (0x0040006F) jal zero, 4
mem[X,0x0000000080023494] -> 0xB823
mem[X,0x0000000080023496] -> 0x1620
[4842] [M]: 0x0000000080023494 (0x1620B823) sd sp, 368(ra)
mem[0x0000000080049B40] <- 0x0000000000000003
mem[X,0x0000000080023498] -> 0x0537
mem[X,0x000000008002349A] -> 0x0000
[4843] [M]: 0x0000000080023498 (0x00000537) lui a0, 0
x10 <- 0x0000000000000000
mem[X,0x000000008002349C] -> 0x0513
mem[X,0x000000008002349E] -> 0xFFF5
[4844] [M]: 0x000000008002349C (0xFFF50513) addi a0, a0, 4095
x10 <- 0xFFFFFFFFFFFFFFFF
mem[X,0x00000000800234A0] -> 0x1513
mem[X,0x00000000800234A2] -> 0x00B5
[4845] [M]: 0x00000000800234A0 (0x00B51513) slli a0, a0, 11
x10 <- 0xFFFFFFFFFFFFF800
mem[X,0x00000000800234A4] -> 0x0513
mem[X,0x00000000800234A6] -> 0x2575
[4846] [M]: 0x00000000800234A4 (0x25750513) addi a0, a0, 599
x10 <- 0xFFFFFFFFFFFFFA57
mem[X,0x00000000800234A8] -> 0x1513
mem[X,0x00000000800234AA] -> 0x00B5
[4847] [M]: 0x00000000800234A8 (0x00B51513) slli a0, a0, 11
x10 <- 0xFFFFFFFFFFD2B800
mem[X,0x00000000800234AC] -> 0x0513
mem[X,0x00000000800234AE] -> 0x6C35
[4848] [M]: 0x00000000800234AC (0x6C350513) addi a0, a0, 1731
x10 <- 0xFFFFFFFFFFD2BEC3
mem[X,0x00000000800234B0] -> 0x1513
mem[X,0x00000000800234B2] -> 0x00A5
[4849] [M]: 0x00000000800234B0 (0x00A51513) slli a0, a0, 10
x10 <- 0xFFFFFFFF4AFB0C00
mem[X,0x00000000800234B4] -> 0x0513
mem[X,0x00000000800234B6] -> 0x0CD5
[4850] [M]: 0x00000000800234B4 (0x0CD50513) addi a0, a0, 205
x10 <- 0xFFFFFFFF4AFB0CCD
mem[X,0x00000000800234B8] -> 0x05B7
mem[X,0x00000000800234BA] -> 0x0000
[4851] [M]: 0x00000000800234B8 (0x000005B7) lui a1, 0
x11 <- 0x0000000000000000
mem[X,0x00000000800234BC] -> 0x8593
mem[X,0x00000000800234BE] -> 0x0005
[4852] [M]: 0x00000000800234BC (0x00058593) addi a1, a1, 0
x11 <- 0x0000000000000000
mem[X,0x00000000800234C0] -> 0x9593
mem[X,0x00000000800234C2] -> 0x00B5
[4853] [M]: 0x00000000800234C0 (0x00B59593) slli a1, a1, 11
x11 <- 0x0000000000000000
mem[X,0x00000000800234C4] -> 0x8593
mem[X,0x00000000800234C6] -> 0x5A85
[4854] [M]: 0x00000000800234C4 (0x5A858593) addi a1, a1, 1448
x11 <- 0x00000000000005A8
mem[X,0x00000000800234C8] -> 0x9593
mem[X,0x00000000800234CA] -> 0x00B5
[4855] [M]: 0x00000000800234C8 (0x00B59593) slli a1, a1, 11
x11 <- 0x00000000002D4000
mem[X,0x00000000800234CC] -> 0x8593
mem[X,0x00000000800234CE] -> 0x13C5
[4856] [M]: 0x00000000800234CC (0x13C58593) addi a1, a1, 316
x11 <- 0x00000000002D413C
mem[X,0x00000000800234D0] -> 0x9593
mem[X,0x00000000800234D2] -> 0x00A5
[4857] [M]: 0x00000000800234D0 (0x00A59593) slli a1, a1, 10
x11 <- 0x00000000B504F000
mem[X,0x00000000800234D4] -> 0x8593
mem[X,0x00000000800234D6] -> 0x3335
[4858] [M]: 0x00000000800234D4 (0x33358593) addi a1, a1, 819
x11 <- 0x00000000B504F333
mem[X,0x00000000800234D8] -> 0x0113
mem[X,0x00000000800234DA] -> 0x0000
[4859] [M]: 0x00000000800234D8 (0x00000113) addi sp, zero, 0
x2 <- 0x0000000000000000
mem[X,0x00000000800234DC] -> 0x006F
mem[X,0x00000000800234DE] -> 0x00C0
[4860] [M]: 0x00000000800234DC (0x00C0006F) jal zero, 12
mem[X,0x00000000800234E8] -> 0x5CE3
mem[X,0x00000000800234EA] -> 0xFEB5
[4861] [M]: 0x00000000800234E8 (0xFEB55CE3) bge a0, a1, 8184
mem[X,0x00000000800234EC] -> 0x0113
mem[X,0x00000000800234EE] -> 0x0021
[4862] [M]: 0x00000000800234EC (0x00210113) addi sp, sp, 2
x2 <- 0x0000000000000002
mem[X,0x00000000800234F0] -> 0x006F
mem[X,0x00000000800234F2] -> 0x00C0
[4863] [M]: 0x00000000800234F0 (0x00C0006F) jal zero, 12
mem[X,0x00000000800234FC] -> 0xBC23
mem[X,0x00000000800234FE] -> 0x1620
[4864] [M]: 0x00000000800234FC (0x1620BC23) sd sp, 376(ra)
mem[0x0000000080049B48] <- 0x0000000000000002
mem[X,0x0000000080023500] -> 0x0537
mem[X,0x0000000080023502] -> 0x0000
[4865] [M]: 0x0000000080023500 (0x00000537) lui a0, 0
x10 <- 0x0000000000000000
mem[X,0x0000000080023504] -> 0x0513
mem[X,0x0000000080023506] -> 0xFFF5
[4866] [M]: 0x0000000080023504 (0xFFF50513) addi a0, a0, 4095
x10 <- 0xFFFFFFFFFFFFFFFF
mem[X,0x0000000080023508] -> 0x1513
mem[X,0x000000008002350A] -> 0x00B5
[4867] [M]: 0x0000000080023508 (0x00B51513) slli a0, a0, 11
x10 <- 0xFFFFFFFFFFFFF800
mem[X,0x000000008002350C] -> 0x0513
mem[X,0x000000008002350E] -> 0x2575
[4868] [M]: 0x000000008002350C (0x25750513) addi a0, a0, 599
x10 <- 0xFFFFFFFFFFFFFA57
mem[X,0x0000000080023510] -> 0x1513
mem[X,0x0000000080023512] -> 0x00B5
[4869] [M]: 0x0000000080023510 (0x00B51513) slli a0, a0, 11
x10 <- 0xFFFFFFFFFFD2B800
mem[X,0x0000000080023514] -> 0x0513
mem[X,0x0000000080023516] -> 0x6C35
[4870] [M]: 0x0000000080023514 (0x6C350513) addi a0, a0, 1731
x10 <- 0xFFFFFFFFFFD2BEC3
mem[X,0x0000000080023518] -> 0x1513
mem[X,0x000000008002351A] -> 0x00A5
[4871] [M]: 0x0000000080023518 (0x00A51513) slli a0, a0, 10
x10 <- 0xFFFFFFFF4AFB0C00
mem[X,0x000000008002351C] -> 0x0513
mem[X,0x000000008002351E] -> 0x0CD5
[4872] [M]: 0x000000008002351C (0x0CD50513) addi a0, a0, 205
x10 <- 0xFFFFFFFF4AFB0CCD
mem[X,0x0000000080023520] -> 0x0593
mem[X,0x0000000080023522] -> 0x0020
[4873] [M]: 0x0000000080023520 (0x00200593) addi a1, zero, 2
x11 <- 0x0000000000000002
mem[X,0x0000000080023524] -> 0x0113
mem[X,0x0000000080023526] -> 0x0000
[4874] [M]: 0x0000000080023524 (0x00000113) addi sp, zero, 0
x2 <- 0x0000000000000000
mem[X,0x0000000080023528] -> 0x006F
mem[X,0x000000008002352A] -> 0x00C0
[4875] [M]: 0x0000000080023528 (0x00C0006F) jal zero, 12
mem[X,0x0000000080023534] -> 0x5CE3
mem[X,0x0000000080023536] -> 0xFEB5
[4876] [M]: 0x0000000080023534 (0xFEB55CE3) bge a0, a1, 8184
mem[X,0x0000000080023538] -> 0x0113
mem[X,0x000000008002353A] -> 0x0021
[4877] [M]: 0x0000000080023538 (0x00210113) addi sp, sp, 2
x2 <- 0x0000000000000002
mem[X,0x000000008002353C] -> 0x006F
mem[X,0x000000008002353E] -> 0x00C0
[4878] [M]: 0x000000008002353C (0x00C0006F) jal zero, 12
mem[X,0x0000000080023548] -> 0xB023
mem[X,0x000000008002354A] -> 0x1820
[4879] [M]: 0x0000000080023548 (0x1820B023) sd sp, 384(ra)
mem[0x0000000080049B50] <- 0x0000000000000002
mem[X,0x000000008002354C] -> 0x0537
mem[X,0x000000008002354E] -> 0x0000
[4880] [M]: 0x000000008002354C (0x00000537) lui a0, 0
x10 <- 0x0000000000000000
mem[X,0x0000000080023550] -> 0x0513
mem[X,0x0000000080023552] -> 0xFFF5
[4881] [M]: 0x0000000080023550 (0xFFF50513) addi a0, a0, 4095
x10 <- 0xFFFFFFFFFFFFFFFF
mem[X,0x0000000080023554] -> 0x1513
mem[X,0x0000000080023556] -> 0x00B5
[4882] [M]: 0x0000000080023554 (0x00B51513) slli a0, a0, 11
x10 <- 0xFFFFFFFFFFFFF800
mem[X,0x0000000080023558] -> 0x0513
mem[X,0x000000008002355A] -> 0x2575
[4883] [M]: 0x0000000080023558 (0x25750513) addi a0, a0, 599
x10 <- 0xFFFFFFFFFFFFFA57
mem[X,0x000000008002355C] -> 0x1513
mem[X,0x000000008002355E] -> 0x00B5
[4884] [M]: 0x000000008002355C (0x00B51513) slli a0, a0, 11
x10 <- 0xFFFFFFFFFFD2B800
mem[X,0x0000000080023560] -> 0x0513
mem[X,0x0000000080023562] -> 0x6C35
[4885] [M]: 0x0000000080023560 (0x6C350513) addi a0, a0, 1731
x10 <- 0xFFFFFFFFFFD2BEC3
mem[X,0x0000000080023564] -> 0x1513
mem[X,0x0000000080023566] -> 0x00A5
[4886] [M]: 0x0000000080023564 (0x00A51513) slli a0, a0, 10
x10 <- 0xFFFFFFFF4AFB0C00
mem[X,0x0000000080023568] -> 0x0513
mem[X,0x000000008002356A] -> 0x0CD5
[4887] [M]: 0x0000000080023568 (0x0CD50513) addi a0, a0, 205
x10 <- 0xFFFFFFFF4AFB0CCD
mem[X,0x000000008002356C] -> 0x55B7
mem[X,0x000000008002356E] -> 0x5555
[4888] [M]: 0x000000008002356C (0x555555B7) lui a1, 349525
x11 <- 0x0000000055555000
mem[X,0x0000000080023570] -> 0x8593
mem[X,0x0000000080023572] -> 0x5555
[4889] [M]: 0x0000000080023570 (0x55558593) addi a1, a1, 1365
x11 <- 0x0000000055555555
mem[X,0x0000000080023574] -> 0x9593
mem[X,0x0000000080023576] -> 0x00B5
[4890] [M]: 0x0000000080023574 (0x00B59593) slli a1, a1, 11
x11 <- 0x000002AAAAAAA800
mem[X,0x0000000080023578] -> 0x8593
mem[X,0x000000008002357A] -> 0x2AA5
[4891] [M]: 0x0000000080023578 (0x2AA58593) addi a1, a1, 682
x11 <- 0x000002AAAAAAAAAA
mem[X,0x000000008002357C] -> 0x9593
mem[X,0x000000008002357E] -> 0x00B5
[4892] [M]: 0x000000008002357C (0x00B59593) slli a1, a1, 11
x11 <- 0x0015555555555000
mem[X,0x0000000080023580] -> 0x8593
mem[X,0x0000000080023582] -> 0x5555
[4893] [M]: 0x0000000080023580 (0x55558593) addi a1, a1, 1365
x11 <- 0x0015555555555555
mem[X,0x0000000080023584] -> 0x9593
mem[X,0x0000000080023586] -> 0x00A5
[4894] [M]: 0x0000000080023584 (0x00A59593) slli a1, a1, 10
x11 <- 0x5555555555555400
mem[X,0x0000000080023588] -> 0x8593
mem[X,0x000000008002358A] -> 0x1545
[4895] [M]: 0x0000000080023588 (0x15458593) addi a1, a1, 340
x11 <- 0x5555555555555554
mem[X,0x000000008002358C] -> 0x0113
mem[X,0x000000008002358E] -> 0x0000
[4896] [M]: 0x000000008002358C (0x00000113) addi sp, zero, 0
x2 <- 0x0000000000000000
mem[X,0x0000000080023590] -> 0x006F
mem[X,0x0000000080023592] -> 0x00C0
[4897] [M]: 0x0000000080023590 (0x00C0006F) jal zero, 12
mem[X,0x000000008002359C] -> 0x5063
mem[X,0x000000008002359E] -> 0x40B5
[4898] [M]: 0x000000008002359C (0x40B55063) bge a0, a1, 1024
mem[X,0x00000000800235A0] -> 0x0113
mem[X,0x00000000800235A2] -> 0x0021
[4899] [M]: 0x00000000800235A0 (0x00210113) addi sp, sp, 2
x2 <- 0x0000000000000002
clint::tick mtime <- 0x0000000000000031
 clint timer pending at mtime 0x0000000000000031
htif::tick 0x0000000000000000
mem[X,0x00000000800235A4] -> 0x006F
mem[X,0x00000000800235A6] -> 0x4000
[4900] [M]: 0x00000000800235A4 (0x4000006F) jal zero, 1024
mem[X,0x00000000800239A4] -> 0xB423
mem[X,0x00000000800239A6] -> 0x1820
[4901] [M]: 0x00000000800239A4 (0x1820B423) sd sp, 392(ra)
mem[0x0000000080049B58] <- 0x0000000000000002
mem[X,0x00000000800239A8] -> 0x0537
mem[X,0x00000000800239AA] -> 0x0000
[4902] [M]: 0x00000000800239A8 (0x00000537) lui a0, 0
x10 <- 0x0000000000000000
mem[X,0x00000000800239AC] -> 0x0513
mem[X,0x00000000800239AE] -> 0xFFF5
[4903] [M]: 0x00000000800239AC (0xFFF50513) addi a0, a0, 4095
x10 <- 0xFFFFFFFFFFFFFFFF
mem[X,0x00000000800239B0] -> 0x1513
mem[X,0x00000000800239B2] -> 0x00B5
[4904] [M]: 0x00000000800239B0 (0x00B51513) slli a0, a0, 11
x10 <- 0xFFFFFFFFFFFFF800
mem[X,0x00000000800239B4] -> 0x0513
mem[X,0x00000000800239B6] -> 0x2575
[4905] [M]: 0x00000000800239B4 (0x25750513) addi a0, a0, 599
x10 <- 0xFFFFFFFFFFFFFA57
mem[X,0x00000000800239B8] -> 0x1513
mem[X,0x00000000800239BA] -> 0x00B5
[4906] [M]: 0x00000000800239B8 (0x00B51513) slli a0, a0, 11
x10 <- 0xFFFFFFFFFFD2B800
mem[X,0x00000000800239BC] -> 0x0513
mem[X,0x00000000800239BE] -> 0x6C35
[4907] [M]: 0x00000000800239BC (0x6C350513) addi a0, a0, 1731
x10 <- 0xFFFFFFFFFFD2BEC3
mem[X,0x00000000800239C0] -> 0x1513
mem[X,0x00000000800239C2] -> 0x00A5
[4908] [M]: 0x00000000800239C0 (0x00A51513) slli a0, a0, 10
x10 <- 0xFFFFFFFF4AFB0C00
mem[X,0x00000000800239C4] -> 0x0513
mem[X,0x00000000800239C6] -> 0x0CD5
[4909] [M]: 0x00000000800239C4 (0x0CD50513) addi a0, a0, 205
x10 <- 0xFFFFFFFF4AFB0CCD
mem[X,0x00000000800239C8] -> 0x0593
mem[X,0x00000000800239CA] -> 0x0000
[4910] [M]: 0x00000000800239C8 (0x00000593) addi a1, zero, 0
x11 <- 0x0000000000000000
mem[X,0x00000000800239CC] -> 0x0113
mem[X,0x00000000800239CE] -> 0x0000
[4911] [M]: 0x00000000800239CC (0x00000113) addi sp, zero, 0
x2 <- 0x0000000000000000
mem[X,0x00000000800239D0] -> 0x006F
mem[X,0x00000000800239D2] -> 0x00C0
[4912] [M]: 0x00000000800239D0 (0x00C0006F) jal zero, 12
mem[X,0x00000000800239DC] -> 0x5063
mem[X,0x00000000800239DE] -> 0x08B5
[4913] [M]: 0x00000000800239DC (0x08B55063) bge a0, a1, 128
mem[X,0x00000000800239E0] -> 0x0113
mem[X,0x00000000800239E2] -> 0x0021
[4914] [M]: 0x00000000800239E0 (0x00210113) addi sp, sp, 2
x2 <- 0x0000000000000002
mem[X,0x00000000800239E4] -> 0x006F
mem[X,0x00000000800239E6] -> 0x0800
[4915] [M]: 0x00000000800239E4 (0x0800006F) jal zero, 128
mem[X,0x0000000080023A64] -> 0xB823
mem[X,0x0000000080023A66] -> 0x1820
[4916] [M]: 0x0000000080023A64 (0x1820B823) sd sp, 400(ra)
mem[0x0000000080049B60] <- 0x0000000000000002
mem[X,0x0000000080023A68] -> 0x0537
mem[X,0x0000000080023A6A] -> 0x0000
[4917] [M]: 0x0000000080023A68 (0x00000537) lui a0, 0
x10 <- 0x0000000000000000
mem[X,0x0000000080023A6C] -> 0x0513
mem[X,0x0000000080023A6E] -> 0xFFF5
[4918] [M]: 0x0000000080023A6C (0xFFF50513) addi a0, a0, 4095
x10 <- 0xFFFFFFFFFFFFFFFF
mem[X,0x0000000080023A70] -> 0x1513
mem[X,0x0000000080023A72] -> 0x00B5
[4919] [M]: 0x0000000080023A70 (0x00B51513) slli a0, a0, 11
x10 <- 0xFFFFFFFFFFFFF800
mem[X,0x0000000080023A74] -> 0x0513
mem[X,0x0000000080023A76] -> 0x2575
[4920] [M]: 0x0000000080023A74 (0x25750513) addi a0, a0, 599
x10 <- 0xFFFFFFFFFFFFFA57
mem[X,0x0000000080023A78] -> 0x1513
mem[X,0x0000000080023A7A] -> 0x00B5
[4921] [M]: 0x0000000080023A78 (0x00B51513) slli a0, a0, 11
x10 <- 0xFFFFFFFFFFD2B800
mem[X,0x0000000080023A7C] -> 0x0513
mem[X,0x0000000080023A7E] -> 0x6C35
[4922] [M]: 0x0000000080023A7C (0x6C350513) addi a0, a0, 1731
x10 <- 0xFFFFFFFFFFD2BEC3
mem[X,0x0000000080023A80] -> 0x1513
mem[X,0x0000000080023A82] -> 0x00A5
[4923] [M]: 0x0000000080023A80 (0x00A51513) slli a0, a0, 10
x10 <- 0xFFFFFFFF4AFB0C00
mem[X,0x0000000080023A84] -> 0x0513
mem[X,0x0000000080023A86] -> 0x0CD5
[4924] [M]: 0x0000000080023A84 (0x0CD50513) addi a0, a0, 205
x10 <- 0xFFFFFFFF4AFB0CCD
mem[X,0x0000000080023A88] -> 0x0593
mem[X,0x0000000080023A8A] -> 0x0040
[4925] [M]: 0x0000000080023A88 (0x00400593) addi a1, zero, 4
x11 <- 0x0000000000000004
mem[X,0x0000000080023A8C] -> 0x0113
mem[X,0x0000000080023A8E] -> 0x0000
[4926] [M]: 0x0000000080023A8C (0x00000113) addi sp, zero, 0
x2 <- 0x0000000000000000
mem[X,0x0000000080023A90] -> 0x006F
mem[X,0x0000000080023A92] -> 0x00C0
[4927] [M]: 0x0000000080023A90 (0x00C0006F) jal zero, 12
mem[X,0x0000000080023A9C] -> 0x5063
mem[X,0x0000000080023A9E] -> 0x02B5
[4928] [M]: 0x0000000080023A9C (0x02B55063) bge a0, a1, 32
mem[X,0x0000000080023AA0] -> 0x0113
mem[X,0x0000000080023AA2] -> 0x0021
[4929] [M]: 0x0000000080023AA0 (0x00210113) addi sp, sp, 2
x2 <- 0x0000000000000002
mem[X,0x0000000080023AA4] -> 0x006F
mem[X,0x0000000080023AA6] -> 0x0200
[4930] [M]: 0x0000000080023AA4 (0x0200006F) jal zero, 32
mem[X,0x0000000080023AC4] -> 0xBC23
mem[X,0x0000000080023AC6] -> 0x1820
[4931] [M]: 0x0000000080023AC4 (0x1820BC23) sd sp, 408(ra)
mem[0x0000000080049B68] <- 0x0000000000000002
mem[X,0x0000000080023AC8] -> 0x0537
mem[X,0x0000000080023ACA] -> 0x0000
[4932] [M]: 0x0000000080023AC8 (0x00000537) lui a0, 0
x10 <- 0x0000000000000000
mem[X,0x0000000080023ACC] -> 0x0513
mem[X,0x0000000080023ACE] -> 0xFFF5
[4933] [M]: 0x0000000080023ACC (0xFFF50513) addi a0, a0, 4095
x10 <- 0xFFFFFFFFFFFFFFFF
mem[X,0x0000000080023AD0] -> 0x1513
mem[X,0x0000000080023AD2] -> 0x00B5
[4934] [M]: 0x0000000080023AD0 (0x00B51513) slli a0, a0, 11
x10 <- 0xFFFFFFFFFFFFF800
mem[X,0x0000000080023AD4] -> 0x0513
mem[X,0x0000000080023AD6] -> 0x2575
[4935] [M]: 0x0000000080023AD4 (0x25750513) addi a0, a0, 599
x10 <- 0xFFFFFFFFFFFFFA57
mem[X,0x0000000080023AD8] -> 0x1513
mem[X,0x0000000080023ADA] -> 0x00B5
[4936] [M]: 0x0000000080023AD8 (0x00B51513) slli a0, a0, 11
x10 <- 0xFFFFFFFFFFD2B800
mem[X,0x0000000080023ADC] -> 0x0513
mem[X,0x0000000080023ADE] -> 0x6C35
[4937] [M]: 0x0000000080023ADC (0x6C350513) addi a0, a0, 1731
x10 <- 0xFFFFFFFFFFD2BEC3
mem[X,0x0000000080023AE0] -> 0x1513
mem[X,0x0000000080023AE2] -> 0x00A5
[4938] [M]: 0x0000000080023AE0 (0x00A51513) slli a0, a0, 10
x10 <- 0xFFFFFFFF4AFB0C00
mem[X,0x0000000080023AE4] -> 0x0513
mem[X,0x0000000080023AE6] -> 0x0CD5
[4939] [M]: 0x0000000080023AE4 (0x0CD50513) addi a0, a0, 205
x10 <- 0xFFFFFFFF4AFB0CCD
mem[X,0x0000000080023AE8] -> 0x35B7
mem[X,0x0000000080023AEA] -> 0x3333
[4940] [M]: 0x0000000080023AE8 (0x333335B7) lui a1, 209715
x11 <- 0x0000000033333000
mem[X,0x0000000080023AEC] -> 0x8593
mem[X,0x0000000080023AEE] -> 0x3335
[4941] [M]: 0x0000000080023AEC (0x33358593) addi a1, a1, 819
x11 <- 0x0000000033333333
mem[X,0x0000000080023AF0] -> 0x9593
mem[X,0x0000000080023AF2] -> 0x00B5
[4942] [M]: 0x0000000080023AF0 (0x00B59593) slli a1, a1, 11
x11 <- 0x0000019999999800
mem[X,0x0000000080023AF4] -> 0x8593
mem[X,0x0000000080023AF6] -> 0x1995
[4943] [M]: 0x0000000080023AF4 (0x19958593) addi a1, a1, 409
x11 <- 0x0000019999999999
mem[X,0x0000000080023AF8] -> 0x9593
mem[X,0x0000000080023AFA] -> 0x00B5
[4944] [M]: 0x0000000080023AF8 (0x00B59593) slli a1, a1, 11
x11 <- 0x000CCCCCCCCCC800
mem[X,0x0000000080023AFC] -> 0x8593
mem[X,0x0000000080023AFE] -> 0x4CC5
[4945] [M]: 0x0000000080023AFC (0x4CC58593) addi a1, a1, 1228
x11 <- 0x000CCCCCCCCCCCCC
mem[X,0x0000000080023B00] -> 0x9593
mem[X,0x0000000080023B02] -> 0x00A5
[4946] [M]: 0x0000000080023B00 (0x00A59593) slli a1, a1, 10
x11 <- 0x3333333333333000
mem[X,0x0000000080023B04] -> 0x8593
mem[X,0x0000000080023B06] -> 0x3325
[4947] [M]: 0x0000000080023B04 (0x33258593) addi a1, a1, 818
x11 <- 0x3333333333333332
mem[X,0x0000000080023B08] -> 0x0113
mem[X,0x0000000080023B0A] -> 0x0000
[4948] [M]: 0x0000000080023B08 (0x00000113) addi sp, zero, 0
x2 <- 0x0000000000000000
mem[X,0x0000000080023B0C] -> 0x006F
mem[X,0x0000000080023B0E] -> 0x00C0
[4949] [M]: 0x0000000080023B0C (0x00C0006F) jal zero, 12
mem[X,0x0000000080023B18] -> 0x5CE3
mem[X,0x0000000080023B1A] -> 0xFEB5
[4950] [M]: 0x0000000080023B18 (0xFEB55CE3) bge a0, a1, 8184
mem[X,0x0000000080023B1C] -> 0x0113
mem[X,0x0000000080023B1E] -> 0x0021
[4951] [M]: 0x0000000080023B1C (0x00210113) addi sp, sp, 2
x2 <- 0x0000000000000002
mem[X,0x0000000080023B20] -> 0x006F
mem[X,0x0000000080023B22] -> 0x00C0
[4952] [M]: 0x0000000080023B20 (0x00C0006F) jal zero, 12
mem[X,0x0000000080023B2C] -> 0xB023
mem[X,0x0000000080023B2E] -> 0x1A20
[4953] [M]: 0x0000000080023B2C (0x1A20B023) sd sp, 416(ra)
mem[0x0000000080049B70] <- 0x0000000000000002
mem[X,0x0000000080023B30] -> 0x0537
mem[X,0x0000000080023B32] -> 0x0000
[4954] [M]: 0x0000000080023B30 (0x00000537) lui a0, 0
x10 <- 0x0000000000000000
mem[X,0x0000000080023B34] -> 0x0513
mem[X,0x0000000080023B36] -> 0xFFF5
[4955] [M]: 0x0000000080023B34 (0xFFF50513) addi a0, a0, 4095
x10 <- 0xFFFFFFFFFFFFFFFF
mem[X,0x0000000080023B38] -> 0x1513
mem[X,0x0000000080023B3A] -> 0x00B5
[4956] [M]: 0x0000000080023B38 (0x00B51513) slli a0, a0, 11
x10 <- 0xFFFFFFFFFFFFF800
mem[X,0x0000000080023B3C] -> 0x0513
mem[X,0x0000000080023B3E] -> 0x2575
[4957] [M]: 0x0000000080023B3C (0x25750513) addi a0, a0, 599
x10 <- 0xFFFFFFFFFFFFFA57
mem[X,0x0000000080023B40] -> 0x1513
mem[X,0x0000000080023B42] -> 0x00B5
[4958] [M]: 0x0000000080023B40 (0x00B51513) slli a0, a0, 11
x10 <- 0xFFFFFFFFFFD2B800
mem[X,0x0000000080023B44] -> 0x0513
mem[X,0x0000000080023B46] -> 0x6C35
[4959] [M]: 0x0000000080023B44 (0x6C350513) addi a0, a0, 1731
x10 <- 0xFFFFFFFFFFD2BEC3
mem[X,0x0000000080023B48] -> 0x1513
mem[X,0x0000000080023B4A] -> 0x00A5
[4960] [M]: 0x0000000080023B48 (0x00A51513) slli a0, a0, 10
x10 <- 0xFFFFFFFF4AFB0C00
mem[X,0x0000000080023B4C] -> 0x0513
mem[X,0x0000000080023B4E] -> 0x0CD5
[4961] [M]: 0x0000000080023B4C (0x0CD50513) addi a0, a0, 205
x10 <- 0xFFFFFFFF4AFB0CCD
mem[X,0x0000000080023B50] -> 0x65B7
mem[X,0x0000000080023B52] -> 0x6666
[4962] [M]: 0x0000000080023B50 (0x666665B7) lui a1, 419430
x11 <- 0x0000000066666000
mem[X,0x0000000080023B54] -> 0x8593
mem[X,0x0000000080023B56] -> 0x6665
[4963] [M]: 0x0000000080023B54 (0x66658593) addi a1, a1, 1638
x11 <- 0x0000000066666666
mem[X,0x0000000080023B58] -> 0x9593
mem[X,0x0000000080023B5A] -> 0x00B5
[4964] [M]: 0x0000000080023B58 (0x00B59593) slli a1, a1, 11
x11 <- 0x0000033333333000
mem[X,0x0000000080023B5C] -> 0x8593
mem[X,0x0000000080023B5E] -> 0x3335
[4965] [M]: 0x0000000080023B5C (0x33358593) addi a1, a1, 819
x11 <- 0x0000033333333333
mem[X,0x0000000080023B60] -> 0x9593
mem[X,0x0000000080023B62] -> 0x00B5
[4966] [M]: 0x0000000080023B60 (0x00B59593) slli a1, a1, 11
x11 <- 0x0019999999999800
mem[X,0x0000000080023B64] -> 0x8593
mem[X,0x0000000080023B66] -> 0x1995
[4967] [M]: 0x0000000080023B64 (0x19958593) addi a1, a1, 409
x11 <- 0x0019999999999999
mem[X,0x0000000080023B68] -> 0x9593
mem[X,0x0000000080023B6A] -> 0x00A5
[4968] [M]: 0x0000000080023B68 (0x00A59593) slli a1, a1, 10
x11 <- 0x6666666666666400
mem[X,0x0000000080023B6C] -> 0x8593
mem[X,0x0000000080023B6E] -> 0x2655
[4969] [M]: 0x0000000080023B6C (0x26558593) addi a1, a1, 613
x11 <- 0x6666666666666665
mem[X,0x0000000080023B70] -> 0x0113
mem[X,0x0000000080023B72] -> 0x0000
[4970] [M]: 0x0000000080023B70 (0x00000113) addi sp, zero, 0
x2 <- 0x0000000000000000
mem[X,0x0000000080023B74] -> 0x006F
mem[X,0x0000000080023B76] -> 0x00C0
[4971] [M]: 0x0000000080023B74 (0x00C0006F) jal zero, 12
mem[X,0x0000000080023B80] -> 0x5663
mem[X,0x0000000080023B82] -> 0x00B5
[4972] [M]: 0x0000000080023B80 (0x00B55663) bge a0, a1, 12
mem[X,0x0000000080023B84] -> 0x0113
mem[X,0x0000000080023B86] -> 0x0021
[4973] [M]: 0x0000000080023B84 (0x00210113) addi sp, sp, 2
x2 <- 0x0000000000000002
mem[X,0x0000000080023B88] -> 0x006F
mem[X,0x0000000080023B8A] -> 0x00C0
[4974] [M]: 0x0000000080023B88 (0x00C0006F) jal zero, 12
mem[X,0x0000000080023B94] -> 0xB423
mem[X,0x0000000080023B96] -> 0x1A20
[4975] [M]: 0x0000000080023B94 (0x1A20B423) sd sp, 424(ra)
mem[0x0000000080049B78] <- 0x0000000000000002
mem[X,0x0000000080023B98] -> 0x0537
mem[X,0x0000000080023B9A] -> 0x0000
[4976] [M]: 0x0000000080023B98 (0x00000537) lui a0, 0
x10 <- 0x0000000000000000
mem[X,0x0000000080023B9C] -> 0x0513
mem[X,0x0000000080023B9E] -> 0xFFF5
[4977] [M]: 0x0000000080023B9C (0xFFF50513) addi a0, a0, 4095
x10 <- 0xFFFFFFFFFFFFFFFF
mem[X,0x0000000080023BA0] -> 0x1513
mem[X,0x0000000080023BA2] -> 0x00B5
[4978] [M]: 0x0000000080023BA0 (0x00B51513) slli a0, a0, 11
x10 <- 0xFFFFFFFFFFFFF800
mem[X,0x0000000080023BA4] -> 0x0513
mem[X,0x0000000080023BA6] -> 0x2575
[4979] [M]: 0x0000000080023BA4 (0x25750513) addi a0, a0, 599
x10 <- 0xFFFFFFFFFFFFFA57
mem[X,0x0000000080023BA8] -> 0x1513
mem[X,0x0000000080023BAA] -> 0x00B5
[4980] [M]: 0x0000000080023BA8 (0x00B51513) slli a0, a0, 11
x10 <- 0xFFFFFFFFFFD2B800
mem[X,0x0000000080023BAC] -> 0x0513
mem[X,0x0000000080023BAE] -> 0x6C35
[4981] [M]: 0x0000000080023BAC (0x6C350513) addi a0, a0, 1731
x10 <- 0xFFFFFFFFFFD2BEC3
mem[X,0x0000000080023BB0] -> 0x1513
mem[X,0x0000000080023BB2] -> 0x00A5
[4982] [M]: 0x0000000080023BB0 (0x00A51513) slli a0, a0, 10
x10 <- 0xFFFFFFFF4AFB0C00
mem[X,0x0000000080023BB4] -> 0x0513
mem[X,0x0000000080023BB6] -> 0x0CD5
[4983] [M]: 0x0000000080023BB4 (0x0CD50513) addi a0, a0, 205
x10 <- 0xFFFFFFFF4AFB0CCD
mem[X,0x0000000080023BB8] -> 0x05B7
mem[X,0x0000000080023BBA] -> 0x0000
[4984] [M]: 0x0000000080023BB8 (0x000005B7) lui a1, 0
x11 <- 0x0000000000000000
mem[X,0x0000000080023BBC] -> 0x8593
mem[X,0x0000000080023BBE] -> 0x0005
[4985] [M]: 0x0000000080023BBC (0x00058593) addi a1, a1, 0
x11 <- 0x0000000000000000
mem[X,0x0000000080023BC0] -> 0x9593
mem[X,0x0000000080023BC2] -> 0x00B5
[4986] [M]: 0x0000000080023BC0 (0x00B59593) slli a1, a1, 11
x11 <- 0x0000000000000000
mem[X,0x0000000080023BC4] -> 0x8593
mem[X,0x0000000080023BC6] -> 0x5A85
[4987] [M]: 0x0000000080023BC4 (0x5A858593) addi a1, a1, 1448
x11 <- 0x00000000000005A8
mem[X,0x0000000080023BC8] -> 0x9593
mem[X,0x0000000080023BCA] -> 0x00B5
[4988] [M]: 0x0000000080023BC8 (0x00B59593) slli a1, a1, 11
x11 <- 0x00000000002D4000
mem[X,0x0000000080023BCC] -> 0x8593
mem[X,0x0000000080023BCE] -> 0x13C5
[4989] [M]: 0x0000000080023BCC (0x13C58593) addi a1, a1, 316
x11 <- 0x00000000002D413C
mem[X,0x0000000080023BD0] -> 0x9593
mem[X,0x0000000080023BD2] -> 0x00A5
[4990] [M]: 0x0000000080023BD0 (0x00A59593) slli a1, a1, 10
x11 <- 0x00000000B504F000
mem[X,0x0000000080023BD4] -> 0x8593
mem[X,0x0000000080023BD6] -> 0x3325
[4991] [M]: 0x0000000080023BD4 (0x33258593) addi a1, a1, 818
x11 <- 0x00000000B504F332
mem[X,0x0000000080023BD8] -> 0x0113
mem[X,0x0000000080023BDA] -> 0x0000
[4992] [M]: 0x0000000080023BD8 (0x00000113) addi sp, zero, 0
x2 <- 0x0000000000000000
mem[X,0x0000000080023BDC] -> 0x006F
mem[X,0x0000000080023BDE] -> 0x0100
[4993] [M]: 0x0000000080023BDC (0x0100006F) jal zero, 16
mem[X,0x0000000080023BEC] -> 0x5AE3
mem[X,0x0000000080023BEE] -> 0xFEB5
[4994] [M]: 0x0000000080023BEC (0xFEB55AE3) bge a0, a1, 8180
mem[X,0x0000000080023BF0] -> 0x0113
mem[X,0x0000000080023BF2] -> 0x0021
[4995] [M]: 0x0000000080023BF0 (0x00210113) addi sp, sp, 2
x2 <- 0x0000000000000002
mem[X,0x0000000080023BF4] -> 0x006F
mem[X,0x0000000080023BF6] -> 0x00C0
[4996] [M]: 0x0000000080023BF4 (0x00C0006F) jal zero, 12
mem[X,0x0000000080023C00] -> 0xB823
mem[X,0x0000000080023C02] -> 0x1A20
[4997] [M]: 0x0000000080023C00 (0x1A20B823) sd sp, 432(ra)
mem[0x0000000080049B80] <- 0x0000000000000002
mem[X,0x0000000080023C04] -> 0x0537
mem[X,0x0000000080023C06] -> 0x0000
[4998] [M]: 0x0000000080023C04 (0x00000537) lui a0, 0
x10 <- 0x0000000000000000
mem[X,0x0000000080023C08] -> 0x0513
mem[X,0x0000000080023C0A] -> 0xFFF5
[4999] [M]: 0x0000000080023C08 (0xFFF50513) addi a0, a0, 4095
x10 <- 0xFFFFFFFFFFFFFFFF
clint::tick mtime <- 0x0000000000000032
 clint timer pending at mtime 0x0000000000000032
htif::tick 0x0000000000000000
mem[X,0x0000000080023C0C] -> 0x1513
mem[X,0x0000000080023C0E] -> 0x00B5
[5000] [M]: 0x0000000080023C0C (0x00B51513) slli a0, a0, 11
x10 <- 0xFFFFFFFFFFFFF800
mem[X,0x0000000080023C10] -> 0x0513
mem[X,0x0000000080023C12] -> 0x2575
[5001] [M]: 0x0000000080023C10 (0x25750513) addi a0, a0, 599
x10 <- 0xFFFFFFFFFFFFFA57
mem[X,0x0000000080023C14] -> 0x1513
mem[X,0x0000000080023C16] -> 0x00B5
[5002] [M]: 0x0000000080023C14 (0x00B51513) slli a0, a0, 11
x10 <- 0xFFFFFFFFFFD2B800
mem[X,0x0000000080023C18] -> 0x0513
mem[X,0x0000000080023C1A] -> 0x6C35
[5003] [M]: 0x0000000080023C18 (0x6C350513) addi a0, a0, 1731
x10 <- 0xFFFFFFFFFFD2BEC3
mem[X,0x0000000080023C1C] -> 0x1513
mem[X,0x0000000080023C1E] -> 0x00A5
[5004] [M]: 0x0000000080023C1C (0x00A51513) slli a0, a0, 10
x10 <- 0xFFFFFFFF4AFB0C00
mem[X,0x0000000080023C20] -> 0x0513
mem[X,0x0000000080023C22] -> 0x0CD5
[5005] [M]: 0x0000000080023C20 (0x0CD50513) addi a0, a0, 205
x10 <- 0xFFFFFFFF4AFB0CCD
mem[X,0x0000000080023C24] -> 0x55B7
mem[X,0x0000000080023C26] -> 0x5555
[5006] [M]: 0x0000000080023C24 (0x555555B7) lui a1, 349525
x11 <- 0x0000000055555000
mem[X,0x0000000080023C28] -> 0x8593
mem[X,0x0000000080023C2A] -> 0x5555
[5007] [M]: 0x0000000080023C28 (0x55558593) addi a1, a1, 1365
x11 <- 0x0000000055555555
mem[X,0x0000000080023C2C] -> 0x9593
mem[X,0x0000000080023C2E] -> 0x00B5
[5008] [M]: 0x0000000080023C2C (0x00B59593) slli a1, a1, 11
x11 <- 0x000002AAAAAAA800
mem[X,0x0000000080023C30] -> 0x8593
mem[X,0x0000000080023C32] -> 0x2AA5
[5009] [M]: 0x0000000080023C30 (0x2AA58593) addi a1, a1, 682
x11 <- 0x000002AAAAAAAAAA
mem[X,0x0000000080023C34] -> 0x9593
mem[X,0x0000000080023C36] -> 0x00B5
[5010] [M]: 0x0000000080023C34 (0x00B59593) slli a1, a1, 11
x11 <- 0x0015555555555000
mem[X,0x0000000080023C38] -> 0x8593
mem[X,0x0000000080023C3A] -> 0x5555
[5011] [M]: 0x0000000080023C38 (0x55558593) addi a1, a1, 1365
x11 <- 0x0015555555555555
mem[X,0x0000000080023C3C] -> 0x9593
mem[X,0x0000000080023C3E] -> 0x00A5
[5012] [M]: 0x0000000080023C3C (0x00A59593) slli a1, a1, 10
x11 <- 0x5555555555555400
mem[X,0x0000000080023C40] -> 0x8593
mem[X,0x0000000080023C42] -> 0x1565
[5013] [M]: 0x0000000080023C40 (0x15658593) addi a1, a1, 342
x11 <- 0x5555555555555556
mem[X,0x0000000080023C44] -> 0x0113
mem[X,0x0000000080023C46] -> 0x0000
[5014] [M]: 0x0000000080023C44 (0x00000113) addi sp, zero, 0
x2 <- 0x0000000000000000
mem[X,0x0000000080023C48] -> 0x006F
mem[X,0x0000000080023C4A] -> 0x00C0
[5015] [M]: 0x0000000080023C48 (0x00C0006F) jal zero, 12
mem[X,0x0000000080023C54] -> 0x5663
mem[X,0x0000000080023C56] -> 0x00B5
[5016] [M]: 0x0000000080023C54 (0x00B55663) bge a0, a1, 12
mem[X,0x0000000080023C58] -> 0x0113
mem[X,0x0000000080023C5A] -> 0x0021
[5017] [M]: 0x0000000080023C58 (0x00210113) addi sp, sp, 2
x2 <- 0x0000000000000002
mem[X,0x0000000080023C5C] -> 0x006F
mem[X,0x0000000080023C5E] -> 0x00C0
[5018] [M]: 0x0000000080023C5C (0x00C0006F) jal zero, 12
mem[X,0x0000000080023C68] -> 0xBC23
mem[X,0x0000000080023C6A] -> 0x1A20
[5019] [M]: 0x0000000080023C68 (0x1A20BC23) sd sp, 440(ra)
mem[0x0000000080049B88] <- 0x0000000000000002
mem[X,0x0000000080023C6C] -> 0x0537
mem[X,0x0000000080023C6E] -> 0x0000
[5020] [M]: 0x0000000080023C6C (0x00000537) lui a0, 0
x10 <- 0x0000000000000000
mem[X,0x0000000080023C70] -> 0x0513
mem[X,0x0000000080023C72] -> 0xFFF5
[5021] [M]: 0x0000000080023C70 (0xFFF50513) addi a0, a0, 4095
x10 <- 0xFFFFFFFFFFFFFFFF
mem[X,0x0000000080023C74] -> 0x1513
mem[X,0x0000000080023C76] -> 0x00B5
[5022] [M]: 0x0000000080023C74 (0x00B51513) slli a0, a0, 11
x10 <- 0xFFFFFFFFFFFFF800
mem[X,0x0000000080023C78] -> 0x0513
mem[X,0x0000000080023C7A] -> 0x2575
[5023] [M]: 0x0000000080023C78 (0x25750513) addi a0, a0, 599
x10 <- 0xFFFFFFFFFFFFFA57
mem[X,0x0000000080023C7C] -> 0x1513
mem[X,0x0000000080023C7E] -> 0x00B5
[5024] [M]: 0x0000000080023C7C (0x00B51513) slli a0, a0, 11
x10 <- 0xFFFFFFFFFFD2B800
mem[X,0x0000000080023C80] -> 0x0513
mem[X,0x0000000080023C82] -> 0x6C35
[5025] [M]: 0x0000000080023C80 (0x6C350513) addi a0, a0, 1731
x10 <- 0xFFFFFFFFFFD2BEC3
mem[X,0x0000000080023C84] -> 0x1513
mem[X,0x0000000080023C86] -> 0x00A5
[5026] [M]: 0x0000000080023C84 (0x00A51513) slli a0, a0, 10
x10 <- 0xFFFFFFFF4AFB0C00
mem[X,0x0000000080023C88] -> 0x0513
mem[X,0x0000000080023C8A] -> 0x0CD5
[5027] [M]: 0x0000000080023C88 (0x0CD50513) addi a0, a0, 205
x10 <- 0xFFFFFFFF4AFB0CCD
mem[X,0x0000000080023C8C] -> 0xB5B7
mem[X,0x0000000080023C8E] -> 0xAAAA
[5028] [M]: 0x0000000080023C8C (0xAAAAB5B7) lui a1, 699051
x11 <- 0xFFFFFFFFAAAAB000
mem[X,0x0000000080023C90] -> 0x8593
mem[X,0x0000000080023C92] -> 0xAAA5
[5029] [M]: 0x0000000080023C90 (0xAAA58593) addi a1, a1, 2730
x11 <- 0xFFFFFFFFAAAAAAAA
mem[X,0x0000000080023C94] -> 0x9593
mem[X,0x0000000080023C96] -> 0x00B5
[5030] [M]: 0x0000000080023C94 (0x00B59593) slli a1, a1, 11
x11 <- 0xFFFFFD5555555000
mem[X,0x0000000080023C98] -> 0x8593
mem[X,0x0000000080023C9A] -> 0x5555
[5031] [M]: 0x0000000080023C98 (0x55558593) addi a1, a1, 1365
x11 <- 0xFFFFFD5555555555
mem[X,0x0000000080023C9C] -> 0x9593
mem[X,0x0000000080023C9E] -> 0x00B5
[5032] [M]: 0x0000000080023C9C (0x00B59593) slli a1, a1, 11
x11 <- 0xFFEAAAAAAAAAA800
mem[X,0x0000000080023CA0] -> 0x8593
mem[X,0x0000000080023CA2] -> 0x2AA5
[5033] [M]: 0x0000000080023CA0 (0x2AA58593) addi a1, a1, 682
x11 <- 0xFFEAAAAAAAAAAAAA
mem[X,0x0000000080023CA4] -> 0x9593
mem[X,0x0000000080023CA6] -> 0x00A5
[5034] [M]: 0x0000000080023CA4 (0x00A59593) slli a1, a1, 10
x11 <- 0xAAAAAAAAAAAAA800
mem[X,0x0000000080023CA8] -> 0x8593
mem[X,0x0000000080023CAA] -> 0x2AB5
[5035] [M]: 0x0000000080023CA8 (0x2AB58593) addi a1, a1, 683
x11 <- 0xAAAAAAAAAAAAAAAB
mem[X,0x0000000080023CAC] -> 0x0113
mem[X,0x0000000080023CAE] -> 0x0000
[5036] [M]: 0x0000000080023CAC (0x00000113) addi sp, zero, 0
x2 <- 0x0000000000000000
mem[X,0x0000000080023CB0] -> 0x006F
mem[X,0x0000000080023CB2] -> 0x00C0
[5037] [M]: 0x0000000080023CB0 (0x00C0006F) jal zero, 12
mem[X,0x0000000080023CBC] -> 0x5063
mem[X,0x0000000080023CBE] -> 0x02B5
[5038] [M]: 0x0000000080023CBC (0x02B55063) bge a0, a1, 32
mem[X,0x0000000080023CDC] -> 0x0113
mem[X,0x0000000080023CDE] -> 0x0031
[5039] [M]: 0x0000000080023CDC (0x00310113) addi sp, sp, 3
x2 <- 0x0000000000000003
mem[X,0x0000000080023CE0] -> 0x006F
mem[X,0x0000000080023CE2] -> 0x0040
[5040] [M]: 0x0000000080023CE0 (0x0040006F) jal zero, 4
mem[X,0x0000000080023CE4] -> 0xB023
mem[X,0x0000000080023CE6] -> 0x1C20
[5041] [M]: 0x0000000080023CE4 (0x1C20B023) sd sp, 448(ra)
mem[0x0000000080049B90] <- 0x0000000000000003
mem[X,0x0000000080023CE8] -> 0x0537
mem[X,0x0000000080023CEA] -> 0x0000
[5042] [M]: 0x0000000080023CE8 (0x00000537) lui a0, 0
x10 <- 0x0000000000000000
mem[X,0x0000000080023CEC] -> 0x0513
mem[X,0x0000000080023CEE] -> 0xFFF5
[5043] [M]: 0x0000000080023CEC (0xFFF50513) addi a0, a0, 4095
x10 <- 0xFFFFFFFFFFFFFFFF
mem[X,0x0000000080023CF0] -> 0x1513
mem[X,0x0000000080023CF2] -> 0x00B5
[5044] [M]: 0x0000000080023CF0 (0x00B51513) slli a0, a0, 11
x10 <- 0xFFFFFFFFFFFFF800
mem[X,0x0000000080023CF4] -> 0x0513
mem[X,0x0000000080023CF6] -> 0x2575
[5045] [M]: 0x0000000080023CF4 (0x25750513) addi a0, a0, 599
x10 <- 0xFFFFFFFFFFFFFA57
mem[X,0x0000000080023CF8] -> 0x1513
mem[X,0x0000000080023CFA] -> 0x00B5
[5046] [M]: 0x0000000080023CF8 (0x00B51513) slli a0, a0, 11
x10 <- 0xFFFFFFFFFFD2B800
mem[X,0x0000000080023CFC] -> 0x0513
mem[X,0x0000000080023CFE] -> 0x6C35
[5047] [M]: 0x0000000080023CFC (0x6C350513) addi a0, a0, 1731
x10 <- 0xFFFFFFFFFFD2BEC3
mem[X,0x0000000080023D00] -> 0x1513
mem[X,0x0000000080023D02] -> 0x00A5
[5048] [M]: 0x0000000080023D00 (0x00A51513) slli a0, a0, 10
x10 <- 0xFFFFFFFF4AFB0C00
mem[X,0x0000000080023D04] -> 0x0513
mem[X,0x0000000080023D06] -> 0x0CD5
[5049] [M]: 0x0000000080023D04 (0x0CD50513) addi a0, a0, 205
x10 <- 0xFFFFFFFF4AFB0CCD
mem[X,0x0000000080023D08] -> 0x0593
mem[X,0x0000000080023D0A] -> 0x0060
[5050] [M]: 0x0000000080023D08 (0x00600593) addi a1, zero, 6
x11 <- 0x0000000000000006
mem[X,0x0000000080023D0C] -> 0x0113
mem[X,0x0000000080023D0E] -> 0x0000
[5051] [M]: 0x0000000080023D0C (0x00000113) addi sp, zero, 0
x2 <- 0x0000000000000000
mem[X,0x0000000080023D10] -> 0x006F
mem[X,0x0000000080023D12] -> 0x00C0
[5052] [M]: 0x0000000080023D10 (0x00C0006F) jal zero, 12
mem[X,0x0000000080023D1C] -> 0x5063
mem[X,0x0000000080023D1E] -> 0x40B5
[5053] [M]: 0x0000000080023D1C (0x40B55063) bge a0, a1, 1024
mem[X,0x0000000080023D20] -> 0x0113
mem[X,0x0000000080023D22] -> 0x0021
[5054] [M]: 0x0000000080023D20 (0x00210113) addi sp, sp, 2
x2 <- 0x0000000000000002
mem[X,0x0000000080023D24] -> 0x006F
mem[X,0x0000000080023D26] -> 0x4000
[5055] [M]: 0x0000000080023D24 (0x4000006F) jal zero, 1024
mem[X,0x0000000080024124] -> 0xB423
mem[X,0x0000000080024126] -> 0x1C20
[5056] [M]: 0x0000000080024124 (0x1C20B423) sd sp, 456(ra)
mem[0x0000000080049B98] <- 0x0000000000000002
mem[X,0x0000000080024128] -> 0x0537
mem[X,0x000000008002412A] -> 0x0000
[5057] [M]: 0x0000000080024128 (0x00000537) lui a0, 0
x10 <- 0x0000000000000000
mem[X,0x000000008002412C] -> 0x0513
mem[X,0x000000008002412E] -> 0xFFF5
[5058] [M]: 0x000000008002412C (0xFFF50513) addi a0, a0, 4095
x10 <- 0xFFFFFFFFFFFFFFFF
mem[X,0x0000000080024130] -> 0x1513
mem[X,0x0000000080024132] -> 0x00B5
[5059] [M]: 0x0000000080024130 (0x00B51513) slli a0, a0, 11
x10 <- 0xFFFFFFFFFFFFF800
mem[X,0x0000000080024134] -> 0x0513
mem[X,0x0000000080024136] -> 0x2575
[5060] [M]: 0x0000000080024134 (0x25750513) addi a0, a0, 599
x10 <- 0xFFFFFFFFFFFFFA57
mem[X,0x0000000080024138] -> 0x1513
mem[X,0x000000008002413A] -> 0x00B5
[5061] [M]: 0x0000000080024138 (0x00B51513) slli a0, a0, 11
x10 <- 0xFFFFFFFFFFD2B800
mem[X,0x000000008002413C] -> 0x0513
mem[X,0x000000008002413E] -> 0x6C35
[5062] [M]: 0x000000008002413C (0x6C350513) addi a0, a0, 1731
x10 <- 0xFFFFFFFFFFD2BEC3
mem[X,0x0000000080024140] -> 0x1513
mem[X,0x0000000080024142] -> 0x00A5
[5063] [M]: 0x0000000080024140 (0x00A51513) slli a0, a0, 10
x10 <- 0xFFFFFFFF4AFB0C00
mem[X,0x0000000080024144] -> 0x0513
mem[X,0x0000000080024146] -> 0x0CD5
[5064] [M]: 0x0000000080024144 (0x0CD50513) addi a0, a0, 205
x10 <- 0xFFFFFFFF4AFB0CCD
mem[X,0x0000000080024148] -> 0x35B7
mem[X,0x000000008002414A] -> 0x3333
[5065] [M]: 0x0000000080024148 (0x333335B7) lui a1, 209715
x11 <- 0x0000000033333000
mem[X,0x000000008002414C] -> 0x8593
mem[X,0x000000008002414E] -> 0x3335
[5066] [M]: 0x000000008002414C (0x33358593) addi a1, a1, 819
x11 <- 0x0000000033333333
mem[X,0x0000000080024150] -> 0x9593
mem[X,0x0000000080024152] -> 0x00B5
[5067] [M]: 0x0000000080024150 (0x00B59593) slli a1, a1, 11
x11 <- 0x0000019999999800
mem[X,0x0000000080024154] -> 0x8593
mem[X,0x0000000080024156] -> 0x1995
[5068] [M]: 0x0000000080024154 (0x19958593) addi a1, a1, 409
x11 <- 0x0000019999999999
mem[X,0x0000000080024158] -> 0x9593
mem[X,0x000000008002415A] -> 0x00B5
[5069] [M]: 0x0000000080024158 (0x00B59593) slli a1, a1, 11
x11 <- 0x000CCCCCCCCCC800
mem[X,0x000000008002415C] -> 0x8593
mem[X,0x000000008002415E] -> 0x4CC5
[5070] [M]: 0x000000008002415C (0x4CC58593) addi a1, a1, 1228
x11 <- 0x000CCCCCCCCCCCCC
mem[X,0x0000000080024160] -> 0x9593
mem[X,0x0000000080024162] -> 0x00A5
[5071] [M]: 0x0000000080024160 (0x00A59593) slli a1, a1, 10
x11 <- 0x3333333333333000
mem[X,0x0000000080024164] -> 0x8593
mem[X,0x0000000080024166] -> 0x3345
[5072] [M]: 0x0000000080024164 (0x33458593) addi a1, a1, 820
x11 <- 0x3333333333333334
mem[X,0x0000000080024168] -> 0x0113
mem[X,0x000000008002416A] -> 0x0000
[5073] [M]: 0x0000000080024168 (0x00000113) addi sp, zero, 0
x2 <- 0x0000000000000000
mem[X,0x000000008002416C] -> 0x006F
mem[X,0x000000008002416E] -> 0x00C0
[5074] [M]: 0x000000008002416C (0x00C0006F) jal zero, 12
mem[X,0x0000000080024178] -> 0x5663
mem[X,0x000000008002417A] -> 0x00B5
[5075] [M]: 0x0000000080024178 (0x00B55663) bge a0, a1, 12
mem[X,0x000000008002417C] -> 0x0113
mem[X,0x000000008002417E] -> 0x0021
[5076] [M]: 0x000000008002417C (0x00210113) addi sp, sp, 2
x2 <- 0x0000000000000002
mem[X,0x0000000080024180] -> 0x006F
mem[X,0x0000000080024182] -> 0x00C0
[5077] [M]: 0x0000000080024180 (0x00C0006F) jal zero, 12
mem[X,0x000000008002418C] -> 0xB823
mem[X,0x000000008002418E] -> 0x1C20
[5078] [M]: 0x000000008002418C (0x1C20B823) sd sp, 464(ra)
mem[0x0000000080049BA0] <- 0x0000000000000002
mem[X,0x0000000080024190] -> 0x0537
mem[X,0x0000000080024192] -> 0x0000
[5079] [M]: 0x0000000080024190 (0x00000537) lui a0, 0
x10 <- 0x0000000000000000
mem[X,0x0000000080024194] -> 0x0513
mem[X,0x0000000080024196] -> 0xFFF5
[5080] [M]: 0x0000000080024194 (0xFFF50513) addi a0, a0, 4095
x10 <- 0xFFFFFFFFFFFFFFFF
mem[X,0x0000000080024198] -> 0x1513
mem[X,0x000000008002419A] -> 0x00B5
[5081] [M]: 0x0000000080024198 (0x00B51513) slli a0, a0, 11
x10 <- 0xFFFFFFFFFFFFF800
mem[X,0x000000008002419C] -> 0x0513
mem[X,0x000000008002419E] -> 0x2575
[5082] [M]: 0x000000008002419C (0x25750513) addi a0, a0, 599
x10 <- 0xFFFFFFFFFFFFFA57
mem[X,0x00000000800241A0] -> 0x1513
mem[X,0x00000000800241A2] -> 0x00B5
[5083] [M]: 0x00000000800241A0 (0x00B51513) slli a0, a0, 11
x10 <- 0xFFFFFFFFFFD2B800
mem[X,0x00000000800241A4] -> 0x0513
mem[X,0x00000000800241A6] -> 0x6C35
[5084] [M]: 0x00000000800241A4 (0x6C350513) addi a0, a0, 1731
x10 <- 0xFFFFFFFFFFD2BEC3
mem[X,0x00000000800241A8] -> 0x1513
mem[X,0x00000000800241AA] -> 0x00A5
[5085] [M]: 0x00000000800241A8 (0x00A51513) slli a0, a0, 10
x10 <- 0xFFFFFFFF4AFB0C00
mem[X,0x00000000800241AC] -> 0x0513
mem[X,0x00000000800241AE] -> 0x0CD5
[5086] [M]: 0x00000000800241AC (0x0CD50513) addi a0, a0, 205
x10 <- 0xFFFFFFFF4AFB0CCD
mem[X,0x00000000800241B0] -> 0x65B7
mem[X,0x00000000800241B2] -> 0x6666
[5087] [M]: 0x00000000800241B0 (0x666665B7) lui a1, 419430
x11 <- 0x0000000066666000
mem[X,0x00000000800241B4] -> 0x8593
mem[X,0x00000000800241B6] -> 0x6665
[5088] [M]: 0x00000000800241B4 (0x66658593) addi a1, a1, 1638
x11 <- 0x0000000066666666
mem[X,0x00000000800241B8] -> 0x9593
mem[X,0x00000000800241BA] -> 0x00B5
[5089] [M]: 0x00000000800241B8 (0x00B59593) slli a1, a1, 11
x11 <- 0x0000033333333000
mem[X,0x00000000800241BC] -> 0x8593
mem[X,0x00000000800241BE] -> 0x3335
[5090] [M]: 0x00000000800241BC (0x33358593) addi a1, a1, 819
x11 <- 0x0000033333333333
mem[X,0x00000000800241C0] -> 0x9593
mem[X,0x00000000800241C2] -> 0x00B5
[5091] [M]: 0x00000000800241C0 (0x00B59593) slli a1, a1, 11
x11 <- 0x0019999999999800
mem[X,0x00000000800241C4] -> 0x8593
mem[X,0x00000000800241C6] -> 0x1995
[5092] [M]: 0x00000000800241C4 (0x19958593) addi a1, a1, 409
x11 <- 0x0019999999999999
mem[X,0x00000000800241C8] -> 0x9593
mem[X,0x00000000800241CA] -> 0x00A5
[5093] [M]: 0x00000000800241C8 (0x00A59593) slli a1, a1, 10
x11 <- 0x6666666666666400
mem[X,0x00000000800241CC] -> 0x8593
mem[X,0x00000000800241CE] -> 0x2675
[5094] [M]: 0x00000000800241CC (0x26758593) addi a1, a1, 615
x11 <- 0x6666666666666667
mem[X,0x00000000800241D0] -> 0x0113
mem[X,0x00000000800241D2] -> 0x0000
[5095] [M]: 0x00000000800241D0 (0x00000113) addi sp, zero, 0
x2 <- 0x0000000000000000
mem[X,0x00000000800241D4] -> 0x006F
mem[X,0x00000000800241D6] -> 0x00C0
[5096] [M]: 0x00000000800241D4 (0x00C0006F) jal zero, 12
mem[X,0x00000000800241E0] -> 0x5CE3
mem[X,0x00000000800241E2] -> 0xFEB5
[5097] [M]: 0x00000000800241E0 (0xFEB55CE3) bge a0, a1, 8184
mem[X,0x00000000800241E4] -> 0x0113
mem[X,0x00000000800241E6] -> 0x0021
[5098] [M]: 0x00000000800241E4 (0x00210113) addi sp, sp, 2
x2 <- 0x0000000000000002
mem[X,0x00000000800241E8] -> 0x006F
mem[X,0x00000000800241EA] -> 0x00C0
[5099] [M]: 0x00000000800241E8 (0x00C0006F) jal zero, 12
clint::tick mtime <- 0x0000000000000033
 clint timer pending at mtime 0x0000000000000033
htif::tick 0x0000000000000000
mem[X,0x00000000800241F4] -> 0xBC23
mem[X,0x00000000800241F6] -> 0x1C20
[5100] [M]: 0x00000000800241F4 (0x1C20BC23) sd sp, 472(ra)
mem[0x0000000080049BA8] <- 0x0000000000000002
mem[X,0x00000000800241F8] -> 0x0537
mem[X,0x00000000800241FA] -> 0x0000
[5101] [M]: 0x00000000800241F8 (0x00000537) lui a0, 0
x10 <- 0x0000000000000000
mem[X,0x00000000800241FC] -> 0x0513
mem[X,0x00000000800241FE] -> 0xFFF5
[5102] [M]: 0x00000000800241FC (0xFFF50513) addi a0, a0, 4095
x10 <- 0xFFFFFFFFFFFFFFFF
mem[X,0x0000000080024200] -> 0x1513
mem[X,0x0000000080024202] -> 0x00B5
[5103] [M]: 0x0000000080024200 (0x00B51513) slli a0, a0, 11
x10 <- 0xFFFFFFFFFFFFF800
mem[X,0x0000000080024204] -> 0x0513
mem[X,0x0000000080024206] -> 0x2575
[5104] [M]: 0x0000000080024204 (0x25750513) addi a0, a0, 599
x10 <- 0xFFFFFFFFFFFFFA57
mem[X,0x0000000080024208] -> 0x1513
mem[X,0x000000008002420A] -> 0x00B5
[5105] [M]: 0x0000000080024208 (0x00B51513) slli a0, a0, 11
x10 <- 0xFFFFFFFFFFD2B800
mem[X,0x000000008002420C] -> 0x0513
mem[X,0x000000008002420E] -> 0x6C35
[5106] [M]: 0x000000008002420C (0x6C350513) addi a0, a0, 1731
x10 <- 0xFFFFFFFFFFD2BEC3
mem[X,0x0000000080024210] -> 0x1513
mem[X,0x0000000080024212] -> 0x00A5
[5107] [M]: 0x0000000080024210 (0x00A51513) slli a0, a0, 10
x10 <- 0xFFFFFFFF4AFB0C00
mem[X,0x0000000080024214] -> 0x0513
mem[X,0x0000000080024216] -> 0x0CD5
[5108] [M]: 0x0000000080024214 (0x0CD50513) addi a0, a0, 205
x10 <- 0xFFFFFFFF4AFB0CCD
mem[X,0x0000000080024218] -> 0x05B7
mem[X,0x000000008002421A] -> 0x0000
[5109] [M]: 0x0000000080024218 (0x000005B7) lui a1, 0
x11 <- 0x0000000000000000
mem[X,0x000000008002421C] -> 0x8593
mem[X,0x000000008002421E] -> 0xFFF5
[5110] [M]: 0x000000008002421C (0xFFF58593) addi a1, a1, 4095
x11 <- 0xFFFFFFFFFFFFFFFF
mem[X,0x0000000080024220] -> 0x9593
mem[X,0x0000000080024222] -> 0x00B5
[5111] [M]: 0x0000000080024220 (0x00B59593) slli a1, a1, 11
x11 <- 0xFFFFFFFFFFFFF800
mem[X,0x0000000080024224] -> 0x8593
mem[X,0x0000000080024226] -> 0x2575
[5112] [M]: 0x0000000080024224 (0x25758593) addi a1, a1, 599
x11 <- 0xFFFFFFFFFFFFFA57
mem[X,0x0000000080024228] -> 0x9593
mem[X,0x000000008002422A] -> 0x00B5
[5113] [M]: 0x0000000080024228 (0x00B59593) slli a1, a1, 11
x11 <- 0xFFFFFFFFFFD2B800
mem[X,0x000000008002422C] -> 0x8593
mem[X,0x000000008002422E] -> 0x6C35
[5114] [M]: 0x000000008002422C (0x6C358593) addi a1, a1, 1731
x11 <- 0xFFFFFFFFFFD2BEC3
mem[X,0x0000000080024230] -> 0x9593
mem[X,0x0000000080024232] -> 0x00A5
[5115] [M]: 0x0000000080024230 (0x00A59593) slli a1, a1, 10
x11 <- 0xFFFFFFFF4AFB0C00
mem[X,0x0000000080024234] -> 0x8593
mem[X,0x0000000080024236] -> 0x0CE5
[5116] [M]: 0x0000000080024234 (0x0CE58593) addi a1, a1, 206
x11 <- 0xFFFFFFFF4AFB0CCE
mem[X,0x0000000080024238] -> 0x0113
mem[X,0x000000008002423A] -> 0x0000
[5117] [M]: 0x0000000080024238 (0x00000113) addi sp, zero, 0
x2 <- 0x0000000000000000
mem[X,0x000000008002423C] -> 0x006F
mem[X,0x000000008002423E] -> 0x00C0
[5118] [M]: 0x000000008002423C (0x00C0006F) jal zero, 12
mem[X,0x0000000080024248] -> 0x5CE3
mem[X,0x000000008002424A] -> 0xFEB5
[5119] [M]: 0x0000000080024248 (0xFEB55CE3) bge a0, a1, 8184
mem[X,0x000000008002424C] -> 0x0113
mem[X,0x000000008002424E] -> 0x0021
[5120] [M]: 0x000000008002424C (0x00210113) addi sp, sp, 2
x2 <- 0x0000000000000002
mem[X,0x0000000080024250] -> 0x006F
mem[X,0x0000000080024252] -> 0x00C0
[5121] [M]: 0x0000000080024250 (0x00C0006F) jal zero, 12
mem[X,0x000000008002425C] -> 0xB023
mem[X,0x000000008002425E] -> 0x1E20
[5122] [M]: 0x000000008002425C (0x1E20B023) sd sp, 480(ra)
mem[0x0000000080049BB0] <- 0x0000000000000002
mem[X,0x0000000080024260] -> 0x0537
mem[X,0x0000000080024262] -> 0x0000
[5123] [M]: 0x0000000080024260 (0x00000537) lui a0, 0
x10 <- 0x0000000000000000
mem[X,0x0000000080024264] -> 0x0513
mem[X,0x0000000080024266] -> 0xFFF5
[5124] [M]: 0x0000000080024264 (0xFFF50513) addi a0, a0, 4095
x10 <- 0xFFFFFFFFFFFFFFFF
mem[X,0x0000000080024268] -> 0x1513
mem[X,0x000000008002426A] -> 0x00B5
[5125] [M]: 0x0000000080024268 (0x00B51513) slli a0, a0, 11
x10 <- 0xFFFFFFFFFFFFF800
mem[X,0x000000008002426C] -> 0x0513
mem[X,0x000000008002426E] -> 0x2575
[5126] [M]: 0x000000008002426C (0x25750513) addi a0, a0, 599
x10 <- 0xFFFFFFFFFFFFFA57
mem[X,0x0000000080024270] -> 0x1513
mem[X,0x0000000080024272] -> 0x00B5
[5127] [M]: 0x0000000080024270 (0x00B51513) slli a0, a0, 11
x10 <- 0xFFFFFFFFFFD2B800
mem[X,0x0000000080024274] -> 0x0513
mem[X,0x0000000080024276] -> 0x6C35
[5128] [M]: 0x0000000080024274 (0x6C350513) addi a0, a0, 1731
x10 <- 0xFFFFFFFFFFD2BEC3
mem[X,0x0000000080024278] -> 0x1513
mem[X,0x000000008002427A] -> 0x00A5
[5129] [M]: 0x0000000080024278 (0x00A51513) slli a0, a0, 10
x10 <- 0xFFFFFFFF4AFB0C00
mem[X,0x000000008002427C] -> 0x0513
mem[X,0x000000008002427E] -> 0x0CD5
[5130] [M]: 0x000000008002427C (0x0CD50513) addi a0, a0, 205
x10 <- 0xFFFFFFFF4AFB0CCD
mem[X,0x0000000080024280] -> 0x05B7
mem[X,0x0000000080024282] -> 0x0000
[5131] [M]: 0x0000000080024280 (0x000005B7) lui a1, 0
x11 <- 0x0000000000000000
mem[X,0x0000000080024284] -> 0x8593
mem[X,0x0000000080024286] -> 0x0005
[5132] [M]: 0x0000000080024284 (0x00058593) addi a1, a1, 0
x11 <- 0x0000000000000000
mem[X,0x0000000080024288] -> 0x9593
mem[X,0x000000008002428A] -> 0x00B5
[5133] [M]: 0x0000000080024288 (0x00B59593) slli a1, a1, 11
x11 <- 0x0000000000000000
mem[X,0x000000008002428C] -> 0x8593
mem[X,0x000000008002428E] -> 0x5A85
[5134] [M]: 0x000000008002428C (0x5A858593) addi a1, a1, 1448
x11 <- 0x00000000000005A8
mem[X,0x0000000080024290] -> 0x9593
mem[X,0x0000000080024292] -> 0x00B5
[5135] [M]: 0x0000000080024290 (0x00B59593) slli a1, a1, 11
x11 <- 0x00000000002D4000
mem[X,0x0000000080024294] -> 0x8593
mem[X,0x0000000080024296] -> 0x13C5
[5136] [M]: 0x0000000080024294 (0x13C58593) addi a1, a1, 316
x11 <- 0x00000000002D413C
mem[X,0x0000000080024298] -> 0x9593
mem[X,0x000000008002429A] -> 0x00A5
[5137] [M]: 0x0000000080024298 (0x00A59593) slli a1, a1, 10
x11 <- 0x00000000B504F000
mem[X,0x000000008002429C] -> 0x8593
mem[X,0x000000008002429E] -> 0x3345
[5138] [M]: 0x000000008002429C (0x33458593) addi a1, a1, 820
x11 <- 0x00000000B504F334
mem[X,0x00000000800242A0] -> 0x0113
mem[X,0x00000000800242A2] -> 0x0000
[5139] [M]: 0x00000000800242A0 (0x00000113) addi sp, zero, 0
x2 <- 0x0000000000000000
mem[X,0x00000000800242A4] -> 0x006F
mem[X,0x00000000800242A6] -> 0x0050
[5140] [M]: 0x00000000800242A4 (0x0050006F) jal zero, 2052
mem[X,0x0000000080024AA8] -> 0x50E3
mem[X,0x0000000080024AAA] -> 0x80B5
[5141] [M]: 0x0000000080024AA8 (0x80B550E3) bge a0, a1, 6144
mem[X,0x0000000080024AAC] -> 0x0113
mem[X,0x0000000080024AAE] -> 0x0021
[5142] [M]: 0x0000000080024AAC (0x00210113) addi sp, sp, 2
x2 <- 0x0000000000000002
mem[X,0x0000000080024AB0] -> 0x006F
mem[X,0x0000000080024AB2] -> 0x00C0
[5143] [M]: 0x0000000080024AB0 (0x00C0006F) jal zero, 12
mem[X,0x0000000080024ABC] -> 0xB423
mem[X,0x0000000080024ABE] -> 0x1E20
[5144] [M]: 0x0000000080024ABC (0x1E20B423) sd sp, 488(ra)
mem[0x0000000080049BB8] <- 0x0000000000000002
mem[X,0x0000000080024AC0] -> 0x0537
mem[X,0x0000000080024AC2] -> 0x0000
[5145] [M]: 0x0000000080024AC0 (0x00000537) lui a0, 0
x10 <- 0x0000000000000000
mem[X,0x0000000080024AC4] -> 0x0513
mem[X,0x0000000080024AC6] -> 0x0005
[5146] [M]: 0x0000000080024AC4 (0x00050513) addi a0, a0, 0
x10 <- 0x0000000000000000
mem[X,0x0000000080024AC8] -> 0x1513
mem[X,0x0000000080024ACA] -> 0x00B5
[5147] [M]: 0x0000000080024AC8 (0x00B51513) slli a0, a0, 11
x10 <- 0x0000000000000000
mem[X,0x0000000080024ACC] -> 0x0513
mem[X,0x0000000080024ACE] -> 0x5A85
[5148] [M]: 0x0000000080024ACC (0x5A850513) addi a0, a0, 1448
x10 <- 0x00000000000005A8
mem[X,0x0000000080024AD0] -> 0x1513
mem[X,0x0000000080024AD2] -> 0x00B5
[5149] [M]: 0x0000000080024AD0 (0x00B51513) slli a0, a0, 11
x10 <- 0x00000000002D4000
mem[X,0x0000000080024AD4] -> 0x0513
mem[X,0x0000000080024AD6] -> 0x13C5
[5150] [M]: 0x0000000080024AD4 (0x13C50513) addi a0, a0, 316
x10 <- 0x00000000002D413C
mem[X,0x0000000080024AD8] -> 0x1513
mem[X,0x0000000080024ADA] -> 0x00A5
[5151] [M]: 0x0000000080024AD8 (0x00A51513) slli a0, a0, 10
x10 <- 0x00000000B504F000
mem[X,0x0000000080024ADC] -> 0x0513
mem[X,0x0000000080024ADE] -> 0x3335
[5152] [M]: 0x0000000080024ADC (0x33350513) addi a0, a0, 819
x10 <- 0x00000000B504F333
mem[X,0x0000000080024AE0] -> 0x0593
mem[X,0x0000000080024AE2] -> 0x0030
[5153] [M]: 0x0000000080024AE0 (0x00300593) addi a1, zero, 3
x11 <- 0x0000000000000003
mem[X,0x0000000080024AE4] -> 0x0113
mem[X,0x0000000080024AE6] -> 0x0000
[5154] [M]: 0x0000000080024AE4 (0x00000113) addi sp, zero, 0
x2 <- 0x0000000000000000
mem[X,0x0000000080024AE8] -> 0x006F
mem[X,0x0000000080024AEA] -> 0x0050
[5155] [M]: 0x0000000080024AE8 (0x0050006F) jal zero, 2052
mem[X,0x00000000800252EC] -> 0x50E3
mem[X,0x00000000800252EE] -> 0x80B5
[5156] [M]: 0x00000000800252EC (0x80B550E3) bge a0, a1, 6144
mem[X,0x0000000080024AEC] -> 0x0113
mem[X,0x0000000080024AEE] -> 0x0011
[5157] [M]: 0x0000000080024AEC (0x00110113) addi sp, sp, 1
x2 <- 0x0000000000000001
mem[X,0x0000000080024AF0] -> 0x006F
mem[X,0x0000000080024AF2] -> 0x0110
[5158] [M]: 0x0000000080024AF0 (0x0110006F) jal zero, 2064
mem[X,0x0000000080025300] -> 0xB823
mem[X,0x0000000080025302] -> 0x1E20
[5159] [M]: 0x0000000080025300 (0x1E20B823) sd sp, 496(ra)
mem[0x0000000080049BC0] <- 0x0000000000000001
mem[X,0x0000000080025304] -> 0x0537
mem[X,0x0000000080025306] -> 0x0000
[5160] [M]: 0x0000000080025304 (0x00000537) lui a0, 0
x10 <- 0x0000000000000000
mem[X,0x0000000080025308] -> 0x0513
mem[X,0x000000008002530A] -> 0x0005
[5161] [M]: 0x0000000080025308 (0x00050513) addi a0, a0, 0
x10 <- 0x0000000000000000
mem[X,0x000000008002530C] -> 0x1513
mem[X,0x000000008002530E] -> 0x00B5
[5162] [M]: 0x000000008002530C (0x00B51513) slli a0, a0, 11
x10 <- 0x0000000000000000
mem[X,0x0000000080025310] -> 0x0513
mem[X,0x0000000080025312] -> 0x5A85
[5163] [M]: 0x0000000080025310 (0x5A850513) addi a0, a0, 1448
x10 <- 0x00000000000005A8
mem[X,0x0000000080025314] -> 0x1513
mem[X,0x0000000080025316] -> 0x00B5
[5164] [M]: 0x0000000080025314 (0x00B51513) slli a0, a0, 11
x10 <- 0x00000000002D4000
mem[X,0x0000000080025318] -> 0x0513
mem[X,0x000000008002531A] -> 0x13C5
[5165] [M]: 0x0000000080025318 (0x13C50513) addi a0, a0, 316
x10 <- 0x00000000002D413C
mem[X,0x000000008002531C] -> 0x1513
mem[X,0x000000008002531E] -> 0x00A5
[5166] [M]: 0x000000008002531C (0x00A51513) slli a0, a0, 10
x10 <- 0x00000000B504F000
mem[X,0x0000000080025320] -> 0x0513
mem[X,0x0000000080025322] -> 0x3335
[5167] [M]: 0x0000000080025320 (0x33350513) addi a0, a0, 819
x10 <- 0x00000000B504F333
mem[X,0x0000000080025324] -> 0x55B7
mem[X,0x0000000080025326] -> 0x5555
[5168] [M]: 0x0000000080025324 (0x555555B7) lui a1, 349525
x11 <- 0x0000000055555000
mem[X,0x0000000080025328] -> 0x8593
mem[X,0x000000008002532A] -> 0x5555
[5169] [M]: 0x0000000080025328 (0x55558593) addi a1, a1, 1365
x11 <- 0x0000000055555555
mem[X,0x000000008002532C] -> 0x9593
mem[X,0x000000008002532E] -> 0x00B5
[5170] [M]: 0x000000008002532C (0x00B59593) slli a1, a1, 11
x11 <- 0x000002AAAAAAA800
mem[X,0x0000000080025330] -> 0x8593
mem[X,0x0000000080025332] -> 0x2AA5
[5171] [M]: 0x0000000080025330 (0x2AA58593) addi a1, a1, 682
x11 <- 0x000002AAAAAAAAAA
mem[X,0x0000000080025334] -> 0x9593
mem[X,0x0000000080025336] -> 0x00B5
[5172] [M]: 0x0000000080025334 (0x00B59593) slli a1, a1, 11
x11 <- 0x0015555555555000
mem[X,0x0000000080025338] -> 0x8593
mem[X,0x000000008002533A] -> 0x5555
[5173] [M]: 0x0000000080025338 (0x55558593) addi a1, a1, 1365
x11 <- 0x0015555555555555
mem[X,0x000000008002533C] -> 0x9593
mem[X,0x000000008002533E] -> 0x00A5
[5174] [M]: 0x000000008002533C (0x00A59593) slli a1, a1, 10
x11 <- 0x5555555555555400
mem[X,0x0000000080025340] -> 0x8593
mem[X,0x0000000080025342] -> 0x1555
[5175] [M]: 0x0000000080025340 (0x15558593) addi a1, a1, 341
x11 <- 0x5555555555555555
mem[X,0x0000000080025344] -> 0x0113
mem[X,0x0000000080025346] -> 0x0000
[5176] [M]: 0x0000000080025344 (0x00000113) addi sp, zero, 0
x2 <- 0x0000000000000000
mem[X,0x0000000080025348] -> 0x006F
mem[X,0x000000008002534A] -> 0x00C0
[5177] [M]: 0x0000000080025348 (0x00C0006F) jal zero, 12
mem[X,0x0000000080025354] -> 0x5063
mem[X,0x0000000080025356] -> 0x20B5
[5178] [M]: 0x0000000080025354 (0x20B55063) bge a0, a1, 512
mem[X,0x0000000080025358] -> 0x0113
mem[X,0x000000008002535A] -> 0x0021
[5179] [M]: 0x0000000080025358 (0x00210113) addi sp, sp, 2
x2 <- 0x0000000000000002
mem[X,0x000000008002535C] -> 0x006F
mem[X,0x000000008002535E] -> 0x2000
[5180] [M]: 0x000000008002535C (0x2000006F) jal zero, 512
mem[X,0x000000008002555C] -> 0xBC23
mem[X,0x000000008002555E] -> 0x1E20
[5181] [M]: 0x000000008002555C (0x1E20BC23) sd sp, 504(ra)
mem[0x0000000080049BC8] <- 0x0000000000000002
mem[X,0x0000000080025560] -> 0x0537
mem[X,0x0000000080025562] -> 0x0000
[5182] [M]: 0x0000000080025560 (0x00000537) lui a0, 0
x10 <- 0x0000000000000000
mem[X,0x0000000080025564] -> 0x0513
mem[X,0x0000000080025566] -> 0x0005
[5183] [M]: 0x0000000080025564 (0x00050513) addi a0, a0, 0
x10 <- 0x0000000000000000
mem[X,0x0000000080025568] -> 0x1513
mem[X,0x000000008002556A] -> 0x00B5
[5184] [M]: 0x0000000080025568 (0x00B51513) slli a0, a0, 11
x10 <- 0x0000000000000000
mem[X,0x000000008002556C] -> 0x0513
mem[X,0x000000008002556E] -> 0x5A85
[5185] [M]: 0x000000008002556C (0x5A850513) addi a0, a0, 1448
x10 <- 0x00000000000005A8
mem[X,0x0000000080025570] -> 0x1513
mem[X,0x0000000080025572] -> 0x00B5
[5186] [M]: 0x0000000080025570 (0x00B51513) slli a0, a0, 11
x10 <- 0x00000000002D4000
mem[X,0x0000000080025574] -> 0x0513
mem[X,0x0000000080025576] -> 0x13C5
[5187] [M]: 0x0000000080025574 (0x13C50513) addi a0, a0, 316
x10 <- 0x00000000002D413C
mem[X,0x0000000080025578] -> 0x1513
mem[X,0x000000008002557A] -> 0x00A5
[5188] [M]: 0x0000000080025578 (0x00A51513) slli a0, a0, 10
x10 <- 0x00000000B504F000
mem[X,0x000000008002557C] -> 0x0513
mem[X,0x000000008002557E] -> 0x3335
[5189] [M]: 0x000000008002557C (0x33350513) addi a0, a0, 819
x10 <- 0x00000000B504F333
mem[X,0x0000000080025580] -> 0xB5B7
mem[X,0x0000000080025582] -> 0xAAAA
[5190] [M]: 0x0000000080025580 (0xAAAAB5B7) lui a1, 699051
x11 <- 0xFFFFFFFFAAAAB000
mem[X,0x0000000080025584] -> 0x8593
mem[X,0x0000000080025586] -> 0xAAA5
[5191] [M]: 0x0000000080025584 (0xAAA58593) addi a1, a1, 2730
x11 <- 0xFFFFFFFFAAAAAAAA
mem[X,0x0000000080025588] -> 0x9593
mem[X,0x000000008002558A] -> 0x00B5
[5192] [M]: 0x0000000080025588 (0x00B59593) slli a1, a1, 11
x11 <- 0xFFFFFD5555555000
mem[X,0x000000008002558C] -> 0x8593
mem[X,0x000000008002558E] -> 0x5555
[5193] [M]: 0x000000008002558C (0x55558593) addi a1, a1, 1365
x11 <- 0xFFFFFD5555555555
mem[X,0x0000000080025590] -> 0x9593
mem[X,0x0000000080025592] -> 0x00B5
[5194] [M]: 0x0000000080025590 (0x00B59593) slli a1, a1, 11
x11 <- 0xFFEAAAAAAAAAA800
mem[X,0x0000000080025594] -> 0x8593
mem[X,0x0000000080025596] -> 0x2AA5
[5195] [M]: 0x0000000080025594 (0x2AA58593) addi a1, a1, 682
x11 <- 0xFFEAAAAAAAAAAAAA
mem[X,0x0000000080025598] -> 0x9593
mem[X,0x000000008002559A] -> 0x00A5
[5196] [M]: 0x0000000080025598 (0x00A59593) slli a1, a1, 10
x11 <- 0xAAAAAAAAAAAAA800
mem[X,0x000000008002559C] -> 0x8593
mem[X,0x000000008002559E] -> 0x2AA5
[5197] [M]: 0x000000008002559C (0x2AA58593) addi a1, a1, 682
x11 <- 0xAAAAAAAAAAAAAAAA
mem[X,0x00000000800255A0] -> 0x0113
mem[X,0x00000000800255A2] -> 0x0000
[5198] [M]: 0x00000000800255A0 (0x00000113) addi sp, zero, 0
x2 <- 0x0000000000000000
mem[X,0x00000000800255A4] -> 0x006F
mem[X,0x00000000800255A6] -> 0x00C0
[5199] [M]: 0x00000000800255A4 (0x00C0006F) jal zero, 12
clint::tick mtime <- 0x0000000000000034
 clint timer pending at mtime 0x0000000000000034
htif::tick 0x0000000000000000
mem[X,0x00000000800255B0] -> 0x5063
mem[X,0x00000000800255B2] -> 0x04B5
[5200] [M]: 0x00000000800255B0 (0x04B55063) bge a0, a1, 64
mem[X,0x00000000800255F0] -> 0x0113
mem[X,0x00000000800255F2] -> 0x0031
[5201] [M]: 0x00000000800255F0 (0x00310113) addi sp, sp, 3
x2 <- 0x0000000000000003
mem[X,0x00000000800255F4] -> 0x006F
mem[X,0x00000000800255F6] -> 0x0040
[5202] [M]: 0x00000000800255F4 (0x0040006F) jal zero, 4
mem[X,0x00000000800255F8] -> 0xB023
mem[X,0x00000000800255FA] -> 0x2020
[5203] [M]: 0x00000000800255F8 (0x2020B023) sd sp, 512(ra)
mem[0x0000000080049BD0] <- 0x0000000000000003
mem[X,0x00000000800255FC] -> 0x0537
mem[X,0x00000000800255FE] -> 0x0000
[5204] [M]: 0x00000000800255FC (0x00000537) lui a0, 0
x10 <- 0x0000000000000000
mem[X,0x0000000080025600] -> 0x0513
mem[X,0x0000000080025602] -> 0x0005
[5205] [M]: 0x0000000080025600 (0x00050513) addi a0, a0, 0
x10 <- 0x0000000000000000
mem[X,0x0000000080025604] -> 0x1513
mem[X,0x0000000080025606] -> 0x00B5
[5206] [M]: 0x0000000080025604 (0x00B51513) slli a0, a0, 11
x10 <- 0x0000000000000000
mem[X,0x0000000080025608] -> 0x0513
mem[X,0x000000008002560A] -> 0x5A85
[5207] [M]: 0x0000000080025608 (0x5A850513) addi a0, a0, 1448
x10 <- 0x00000000000005A8
mem[X,0x000000008002560C] -> 0x1513
mem[X,0x000000008002560E] -> 0x00B5
[5208] [M]: 0x000000008002560C (0x00B51513) slli a0, a0, 11
x10 <- 0x00000000002D4000
mem[X,0x0000000080025610] -> 0x0513
mem[X,0x0000000080025612] -> 0x13C5
[5209] [M]: 0x0000000080025610 (0x13C50513) addi a0, a0, 316
x10 <- 0x00000000002D413C
mem[X,0x0000000080025614] -> 0x1513
mem[X,0x0000000080025616] -> 0x00A5
[5210] [M]: 0x0000000080025614 (0x00A51513) slli a0, a0, 10
x10 <- 0x00000000B504F000
mem[X,0x0000000080025618] -> 0x0513
mem[X,0x000000008002561A] -> 0x3335
[5211] [M]: 0x0000000080025618 (0x33350513) addi a0, a0, 819
x10 <- 0x00000000B504F333
mem[X,0x000000008002561C] -> 0x0593
mem[X,0x000000008002561E] -> 0x0050
[5212] [M]: 0x000000008002561C (0x00500593) addi a1, zero, 5
x11 <- 0x0000000000000005
mem[X,0x0000000080025620] -> 0x0113
mem[X,0x0000000080025622] -> 0x0000
[5213] [M]: 0x0000000080025620 (0x00000113) addi sp, zero, 0
x2 <- 0x0000000000000000
mem[X,0x0000000080025624] -> 0x006F
mem[X,0x0000000080025626] -> 0x00C0
[5214] [M]: 0x0000000080025624 (0x00C0006F) jal zero, 12
mem[X,0x0000000080025630] -> 0x5063
mem[X,0x0000000080025632] -> 0x02B5
[5215] [M]: 0x0000000080025630 (0x02B55063) bge a0, a1, 32
mem[X,0x0000000080025650] -> 0x0113
mem[X,0x0000000080025652] -> 0x0031
[5216] [M]: 0x0000000080025650 (0x00310113) addi sp, sp, 3
x2 <- 0x0000000000000003
mem[X,0x0000000080025654] -> 0x006F
mem[X,0x0000000080025656] -> 0x0040
[5217] [M]: 0x0000000080025654 (0x0040006F) jal zero, 4
mem[X,0x0000000080025658] -> 0xB423
mem[X,0x000000008002565A] -> 0x2020
[5218] [M]: 0x0000000080025658 (0x2020B423) sd sp, 520(ra)
mem[0x0000000080049BD8] <- 0x0000000000000003
mem[X,0x000000008002565C] -> 0x0537
mem[X,0x000000008002565E] -> 0x0000
[5219] [M]: 0x000000008002565C (0x00000537) lui a0, 0
x10 <- 0x0000000000000000
mem[X,0x0000000080025660] -> 0x0513
mem[X,0x0000000080025662] -> 0x0005
[5220] [M]: 0x0000000080025660 (0x00050513) addi a0, a0, 0
x10 <- 0x0000000000000000
mem[X,0x0000000080025664] -> 0x1513
mem[X,0x0000000080025666] -> 0x00B5
[5221] [M]: 0x0000000080025664 (0x00B51513) slli a0, a0, 11
x10 <- 0x0000000000000000
mem[X,0x0000000080025668] -> 0x0513
mem[X,0x000000008002566A] -> 0x5A85
[5222] [M]: 0x0000000080025668 (0x5A850513) addi a0, a0, 1448
x10 <- 0x00000000000005A8
mem[X,0x000000008002566C] -> 0x1513
mem[X,0x000000008002566E] -> 0x00B5
[5223] [M]: 0x000000008002566C (0x00B51513) slli a0, a0, 11
x10 <- 0x00000000002D4000
mem[X,0x0000000080025670] -> 0x0513
mem[X,0x0000000080025672] -> 0x13C5
[5224] [M]: 0x0000000080025670 (0x13C50513) addi a0, a0, 316
x10 <- 0x00000000002D413C
mem[X,0x0000000080025674] -> 0x1513
mem[X,0x0000000080025676] -> 0x00A5
[5225] [M]: 0x0000000080025674 (0x00A51513) slli a0, a0, 10
x10 <- 0x00000000B504F000
mem[X,0x0000000080025678] -> 0x0513
mem[X,0x000000008002567A] -> 0x3335
[5226] [M]: 0x0000000080025678 (0x33350513) addi a0, a0, 819
x10 <- 0x00000000B504F333
mem[X,0x000000008002567C] -> 0x35B7
mem[X,0x000000008002567E] -> 0x3333
[5227] [M]: 0x000000008002567C (0x333335B7) lui a1, 209715
x11 <- 0x0000000033333000
mem[X,0x0000000080025680] -> 0x8593
mem[X,0x0000000080025682] -> 0x3335
[5228] [M]: 0x0000000080025680 (0x33358593) addi a1, a1, 819
x11 <- 0x0000000033333333
mem[X,0x0000000080025684] -> 0x9593
mem[X,0x0000000080025686] -> 0x00B5
[5229] [M]: 0x0000000080025684 (0x00B59593) slli a1, a1, 11
x11 <- 0x0000019999999800
mem[X,0x0000000080025688] -> 0x8593
mem[X,0x000000008002568A] -> 0x1995
[5230] [M]: 0x0000000080025688 (0x19958593) addi a1, a1, 409
x11 <- 0x0000019999999999
mem[X,0x000000008002568C] -> 0x9593
mem[X,0x000000008002568E] -> 0x00B5
[5231] [M]: 0x000000008002568C (0x00B59593) slli a1, a1, 11
x11 <- 0x000CCCCCCCCCC800
mem[X,0x0000000080025690] -> 0x8593
mem[X,0x0000000080025692] -> 0x4CC5
[5232] [M]: 0x0000000080025690 (0x4CC58593) addi a1, a1, 1228
x11 <- 0x000CCCCCCCCCCCCC
mem[X,0x0000000080025694] -> 0x9593
mem[X,0x0000000080025696] -> 0x00A5
[5233] [M]: 0x0000000080025694 (0x00A59593) slli a1, a1, 10
x11 <- 0x3333333333333000
mem[X,0x0000000080025698] -> 0x8593
mem[X,0x000000008002569A] -> 0x3335
[5234] [M]: 0x0000000080025698 (0x33358593) addi a1, a1, 819
x11 <- 0x3333333333333333
mem[X,0x000000008002569C] -> 0x0113
mem[X,0x000000008002569E] -> 0x0000
[5235] [M]: 0x000000008002569C (0x00000113) addi sp, zero, 0
x2 <- 0x0000000000000000
mem[X,0x00000000800256A0] -> 0x006F
mem[X,0x00000000800256A2] -> 0x00C0
[5236] [M]: 0x00000000800256A0 (0x00C0006F) jal zero, 12
mem[X,0x00000000800256AC] -> 0x5CE3
mem[X,0x00000000800256AE] -> 0xFEB5
[5237] [M]: 0x00000000800256AC (0xFEB55CE3) bge a0, a1, 8184
mem[X,0x00000000800256B0] -> 0x0113
mem[X,0x00000000800256B2] -> 0x0021
[5238] [M]: 0x00000000800256B0 (0x00210113) addi sp, sp, 2
x2 <- 0x0000000000000002
mem[X,0x00000000800256B4] -> 0x006F
mem[X,0x00000000800256B6] -> 0x00C0
[5239] [M]: 0x00000000800256B4 (0x00C0006F) jal zero, 12
mem[X,0x00000000800256C0] -> 0xB823
mem[X,0x00000000800256C2] -> 0x2020
[5240] [M]: 0x00000000800256C0 (0x2020B823) sd sp, 528(ra)
mem[0x0000000080049BE0] <- 0x0000000000000002
mem[X,0x00000000800256C4] -> 0x0537
mem[X,0x00000000800256C6] -> 0x0000
[5241] [M]: 0x00000000800256C4 (0x00000537) lui a0, 0
x10 <- 0x0000000000000000
mem[X,0x00000000800256C8] -> 0x0513
mem[X,0x00000000800256CA] -> 0x0005
[5242] [M]: 0x00000000800256C8 (0x00050513) addi a0, a0, 0
x10 <- 0x0000000000000000
mem[X,0x00000000800256CC] -> 0x1513
mem[X,0x00000000800256CE] -> 0x00B5
[5243] [M]: 0x00000000800256CC (0x00B51513) slli a0, a0, 11
x10 <- 0x0000000000000000
mem[X,0x00000000800256D0] -> 0x0513
mem[X,0x00000000800256D2] -> 0x5A85
[5244] [M]: 0x00000000800256D0 (0x5A850513) addi a0, a0, 1448
x10 <- 0x00000000000005A8
mem[X,0x00000000800256D4] -> 0x1513
mem[X,0x00000000800256D6] -> 0x00B5
[5245] [M]: 0x00000000800256D4 (0x00B51513) slli a0, a0, 11
x10 <- 0x00000000002D4000
mem[X,0x00000000800256D8] -> 0x0513
mem[X,0x00000000800256DA] -> 0x13C5
[5246] [M]: 0x00000000800256D8 (0x13C50513) addi a0, a0, 316
x10 <- 0x00000000002D413C
mem[X,0x00000000800256DC] -> 0x1513
mem[X,0x00000000800256DE] -> 0x00A5
[5247] [M]: 0x00000000800256DC (0x00A51513) slli a0, a0, 10
x10 <- 0x00000000B504F000
mem[X,0x00000000800256E0] -> 0x0513
mem[X,0x00000000800256E2] -> 0x3335
[5248] [M]: 0x00000000800256E0 (0x33350513) addi a0, a0, 819
x10 <- 0x00000000B504F333
mem[X,0x00000000800256E4] -> 0x65B7
mem[X,0x00000000800256E6] -> 0x6666
[5249] [M]: 0x00000000800256E4 (0x666665B7) lui a1, 419430
x11 <- 0x0000000066666000
mem[X,0x00000000800256E8] -> 0x8593
mem[X,0x00000000800256EA] -> 0x6665
[5250] [M]: 0x00000000800256E8 (0x66658593) addi a1, a1, 1638
x11 <- 0x0000000066666666
mem[X,0x00000000800256EC] -> 0x9593
mem[X,0x00000000800256EE] -> 0x00B5
[5251] [M]: 0x00000000800256EC (0x00B59593) slli a1, a1, 11
x11 <- 0x0000033333333000
mem[X,0x00000000800256F0] -> 0x8593
mem[X,0x00000000800256F2] -> 0x3335
[5252] [M]: 0x00000000800256F0 (0x33358593) addi a1, a1, 819
x11 <- 0x0000033333333333
mem[X,0x00000000800256F4] -> 0x9593
mem[X,0x00000000800256F6] -> 0x00B5
[5253] [M]: 0x00000000800256F4 (0x00B59593) slli a1, a1, 11
x11 <- 0x0019999999999800
mem[X,0x00000000800256F8] -> 0x8593
mem[X,0x00000000800256FA] -> 0x1995
[5254] [M]: 0x00000000800256F8 (0x19958593) addi a1, a1, 409
x11 <- 0x0019999999999999
mem[X,0x00000000800256FC] -> 0x9593
mem[X,0x00000000800256FE] -> 0x00A5
[5255] [M]: 0x00000000800256FC (0x00A59593) slli a1, a1, 10
x11 <- 0x6666666666666400
mem[X,0x0000000080025700] -> 0x8593
mem[X,0x0000000080025702] -> 0x2665
[5256] [M]: 0x0000000080025700 (0x26658593) addi a1, a1, 614
x11 <- 0x6666666666666666
mem[X,0x0000000080025704] -> 0x0113
mem[X,0x0000000080025706] -> 0x0000
[5257] [M]: 0x0000000080025704 (0x00000113) addi sp, zero, 0
x2 <- 0x0000000000000000
mem[X,0x0000000080025708] -> 0x006F
mem[X,0x000000008002570A] -> 0x00C0
[5258] [M]: 0x0000000080025708 (0x00C0006F) jal zero, 12
mem[X,0x0000000080025714] -> 0x5063
mem[X,0x0000000080025716] -> 0x02B5
[5259] [M]: 0x0000000080025714 (0x02B55063) bge a0, a1, 32
mem[X,0x0000000080025718] -> 0x0113
mem[X,0x000000008002571A] -> 0x0021
[5260] [M]: 0x0000000080025718 (0x00210113) addi sp, sp, 2
x2 <- 0x0000000000000002
mem[X,0x000000008002571C] -> 0x006F
mem[X,0x000000008002571E] -> 0x0200
[5261] [M]: 0x000000008002571C (0x0200006F) jal zero, 32
mem[X,0x000000008002573C] -> 0xBC23
mem[X,0x000000008002573E] -> 0x2020
[5262] [M]: 0x000000008002573C (0x2020BC23) sd sp, 536(ra)
mem[0x0000000080049BE8] <- 0x0000000000000002
mem[X,0x0000000080025740] -> 0x0537
mem[X,0x0000000080025742] -> 0x0000
[5263] [M]: 0x0000000080025740 (0x00000537) lui a0, 0
x10 <- 0x0000000000000000
mem[X,0x0000000080025744] -> 0x0513
mem[X,0x0000000080025746] -> 0x0005
[5264] [M]: 0x0000000080025744 (0x00050513) addi a0, a0, 0
x10 <- 0x0000000000000000
mem[X,0x0000000080025748] -> 0x1513
mem[X,0x000000008002574A] -> 0x00B5
[5265] [M]: 0x0000000080025748 (0x00B51513) slli a0, a0, 11
x10 <- 0x0000000000000000
mem[X,0x000000008002574C] -> 0x0513
mem[X,0x000000008002574E] -> 0x5A85
[5266] [M]: 0x000000008002574C (0x5A850513) addi a0, a0, 1448
x10 <- 0x00000000000005A8
mem[X,0x0000000080025750] -> 0x1513
mem[X,0x0000000080025752] -> 0x00B5
[5267] [M]: 0x0000000080025750 (0x00B51513) slli a0, a0, 11
x10 <- 0x00000000002D4000
mem[X,0x0000000080025754] -> 0x0513
mem[X,0x0000000080025756] -> 0x13C5
[5268] [M]: 0x0000000080025754 (0x13C50513) addi a0, a0, 316
x10 <- 0x00000000002D413C
mem[X,0x0000000080025758] -> 0x1513
mem[X,0x000000008002575A] -> 0x00A5
[5269] [M]: 0x0000000080025758 (0x00A51513) slli a0, a0, 10
x10 <- 0x00000000B504F000
mem[X,0x000000008002575C] -> 0x0513
mem[X,0x000000008002575E] -> 0x3335
[5270] [M]: 0x000000008002575C (0x33350513) addi a0, a0, 819
x10 <- 0x00000000B504F333
mem[X,0x0000000080025760] -> 0x05B7
mem[X,0x0000000080025762] -> 0x0000
[5271] [M]: 0x0000000080025760 (0x000005B7) lui a1, 0
x11 <- 0x0000000000000000
mem[X,0x0000000080025764] -> 0x8593
mem[X,0x0000000080025766] -> 0xFFF5
[5272] [M]: 0x0000000080025764 (0xFFF58593) addi a1, a1, 4095
x11 <- 0xFFFFFFFFFFFFFFFF
mem[X,0x0000000080025768] -> 0x9593
mem[X,0x000000008002576A] -> 0x00B5
[5273] [M]: 0x0000000080025768 (0x00B59593) slli a1, a1, 11
x11 <- 0xFFFFFFFFFFFFF800
mem[X,0x000000008002576C] -> 0x8593
mem[X,0x000000008002576E] -> 0x2575
[5274] [M]: 0x000000008002576C (0x25758593) addi a1, a1, 599
x11 <- 0xFFFFFFFFFFFFFA57
mem[X,0x0000000080025770] -> 0x9593
mem[X,0x0000000080025772] -> 0x00B5
[5275] [M]: 0x0000000080025770 (0x00B59593) slli a1, a1, 11
x11 <- 0xFFFFFFFFFFD2B800
mem[X,0x0000000080025774] -> 0x8593
mem[X,0x0000000080025776] -> 0x6C35
[5276] [M]: 0x0000000080025774 (0x6C358593) addi a1, a1, 1731
x11 <- 0xFFFFFFFFFFD2BEC3
mem[X,0x0000000080025778] -> 0x9593
mem[X,0x000000008002577A] -> 0x00A5
[5277] [M]: 0x0000000080025778 (0x00A59593) slli a1, a1, 10
x11 <- 0xFFFFFFFF4AFB0C00
mem[X,0x000000008002577C] -> 0x8593
mem[X,0x000000008002577E] -> 0x0CD5
[5278] [M]: 0x000000008002577C (0x0CD58593) addi a1, a1, 205
x11 <- 0xFFFFFFFF4AFB0CCD
mem[X,0x0000000080025780] -> 0x0113
mem[X,0x0000000080025782] -> 0x0000
[5279] [M]: 0x0000000080025780 (0x00000113) addi sp, zero, 0
x2 <- 0x0000000000000000
mem[X,0x0000000080025784] -> 0x006F
mem[X,0x0000000080025786] -> 0x00C0
[5280] [M]: 0x0000000080025784 (0x00C0006F) jal zero, 12
mem[X,0x0000000080025790] -> 0x5CE3
mem[X,0x0000000080025792] -> 0xFEB5
[5281] [M]: 0x0000000080025790 (0xFEB55CE3) bge a0, a1, 8184
mem[X,0x0000000080025788] -> 0x0113
mem[X,0x000000008002578A] -> 0x0011
[5282] [M]: 0x0000000080025788 (0x00110113) addi sp, sp, 1
x2 <- 0x0000000000000001
mem[X,0x000000008002578C] -> 0x006F
mem[X,0x000000008002578E] -> 0x0180
[5283] [M]: 0x000000008002578C (0x0180006F) jal zero, 24
mem[X,0x00000000800257A4] -> 0xB023
mem[X,0x00000000800257A6] -> 0x2220
[5284] [M]: 0x00000000800257A4 (0x2220B023) sd sp, 544(ra)
mem[0x0000000080049BF0] <- 0x0000000000000001
mem[X,0x00000000800257A8] -> 0x0537
mem[X,0x00000000800257AA] -> 0x0000
[5285] [M]: 0x00000000800257A8 (0x00000537) lui a0, 0
x10 <- 0x0000000000000000
mem[X,0x00000000800257AC] -> 0x0513
mem[X,0x00000000800257AE] -> 0x0005
[5286] [M]: 0x00000000800257AC (0x00050513) addi a0, a0, 0
x10 <- 0x0000000000000000
mem[X,0x00000000800257B0] -> 0x1513
mem[X,0x00000000800257B2] -> 0x00B5
[5287] [M]: 0x00000000800257B0 (0x00B51513) slli a0, a0, 11
x10 <- 0x0000000000000000
mem[X,0x00000000800257B4] -> 0x0513
mem[X,0x00000000800257B6] -> 0x5A85
[5288] [M]: 0x00000000800257B4 (0x5A850513) addi a0, a0, 1448
x10 <- 0x00000000000005A8
mem[X,0x00000000800257B8] -> 0x1513
mem[X,0x00000000800257BA] -> 0x00B5
[5289] [M]: 0x00000000800257B8 (0x00B51513) slli a0, a0, 11
x10 <- 0x00000000002D4000
mem[X,0x00000000800257BC] -> 0x0513
mem[X,0x00000000800257BE] -> 0x13C5
[5290] [M]: 0x00000000800257BC (0x13C50513) addi a0, a0, 316
x10 <- 0x00000000002D413C
mem[X,0x00000000800257C0] -> 0x1513
mem[X,0x00000000800257C2] -> 0x00A5
[5291] [M]: 0x00000000800257C0 (0x00A51513) slli a0, a0, 10
x10 <- 0x00000000B504F000
mem[X,0x00000000800257C4] -> 0x0513
mem[X,0x00000000800257C6] -> 0x3335
[5292] [M]: 0x00000000800257C4 (0x33350513) addi a0, a0, 819
x10 <- 0x00000000B504F333
mem[X,0x00000000800257C8] -> 0x05B7
mem[X,0x00000000800257CA] -> 0x0000
[5293] [M]: 0x00000000800257C8 (0x000005B7) lui a1, 0
x11 <- 0x0000000000000000
mem[X,0x00000000800257CC] -> 0x8593
mem[X,0x00000000800257CE] -> 0x0005
[5294] [M]: 0x00000000800257CC (0x00058593) addi a1, a1, 0
x11 <- 0x0000000000000000
mem[X,0x00000000800257D0] -> 0x9593
mem[X,0x00000000800257D2] -> 0x00B5
[5295] [M]: 0x00000000800257D0 (0x00B59593) slli a1, a1, 11
x11 <- 0x0000000000000000
mem[X,0x00000000800257D4] -> 0x8593
mem[X,0x00000000800257D6] -> 0x5A85
[5296] [M]: 0x00000000800257D4 (0x5A858593) addi a1, a1, 1448
x11 <- 0x00000000000005A8
mem[X,0x00000000800257D8] -> 0x9593
mem[X,0x00000000800257DA] -> 0x00B5
[5297] [M]: 0x00000000800257D8 (0x00B59593) slli a1, a1, 11
x11 <- 0x00000000002D4000
mem[X,0x00000000800257DC] -> 0x8593
mem[X,0x00000000800257DE] -> 0x13C5
[5298] [M]: 0x00000000800257DC (0x13C58593) addi a1, a1, 316
x11 <- 0x00000000002D413C
mem[X,0x00000000800257E0] -> 0x9593
mem[X,0x00000000800257E2] -> 0x00A5
[5299] [M]: 0x00000000800257E0 (0x00A59593) slli a1, a1, 10
x11 <- 0x00000000B504F000
clint::tick mtime <- 0x0000000000000035
 clint timer pending at mtime 0x0000000000000035
htif::tick 0x0000000000000000
mem[X,0x00000000800257E4] -> 0x8593
mem[X,0x00000000800257E6] -> 0x3335
[5300] [M]: 0x00000000800257E4 (0x33358593) addi a1, a1, 819
x11 <- 0x00000000B504F333
mem[X,0x00000000800257E8] -> 0x0113
mem[X,0x00000000800257EA] -> 0x0000
[5301] [M]: 0x00000000800257E8 (0x00000113) addi sp, zero, 0
x2 <- 0x0000000000000000
mem[X,0x00000000800257EC] -> 0x006F
mem[X,0x00000000800257EE] -> 0x00C0
[5302] [M]: 0x00000000800257EC (0x00C0006F) jal zero, 12
mem[X,0x00000000800257F8] -> 0x5CE3
mem[X,0x00000000800257FA] -> 0xFEB5
[5303] [M]: 0x00000000800257F8 (0xFEB55CE3) bge a0, a1, 8184
mem[X,0x00000000800257F0] -> 0x0113
mem[X,0x00000000800257F2] -> 0x0011
[5304] [M]: 0x00000000800257F0 (0x00110113) addi sp, sp, 1
x2 <- 0x0000000000000001
mem[X,0x00000000800257F4] -> 0x006F
mem[X,0x00000000800257F6] -> 0x0180
[5305] [M]: 0x00000000800257F4 (0x0180006F) jal zero, 24
mem[X,0x000000008002580C] -> 0xB423
mem[X,0x000000008002580E] -> 0x2220
[5306] [M]: 0x000000008002580C (0x2220B423) sd sp, 552(ra)
mem[0x0000000080049BF8] <- 0x0000000000000001
mem[X,0x0000000080025810] -> 0x0537
mem[X,0x0000000080025812] -> 0x0000
[5307] [M]: 0x0000000080025810 (0x00000537) lui a0, 0
x10 <- 0x0000000000000000
mem[X,0x0000000080025814] -> 0x0513
mem[X,0x0000000080025816] -> 0x0005
[5308] [M]: 0x0000000080025814 (0x00050513) addi a0, a0, 0
x10 <- 0x0000000000000000
mem[X,0x0000000080025818] -> 0x1513
mem[X,0x000000008002581A] -> 0x00B5
[5309] [M]: 0x0000000080025818 (0x00B51513) slli a0, a0, 11
x10 <- 0x0000000000000000
mem[X,0x000000008002581C] -> 0x0513
mem[X,0x000000008002581E] -> 0x5A85
[5310] [M]: 0x000000008002581C (0x5A850513) addi a0, a0, 1448
x10 <- 0x00000000000005A8
mem[X,0x0000000080025820] -> 0x1513
mem[X,0x0000000080025822] -> 0x00B5
[5311] [M]: 0x0000000080025820 (0x00B51513) slli a0, a0, 11
x10 <- 0x00000000002D4000
mem[X,0x0000000080025824] -> 0x0513
mem[X,0x0000000080025826] -> 0x13C5
[5312] [M]: 0x0000000080025824 (0x13C50513) addi a0, a0, 316
x10 <- 0x00000000002D413C
mem[X,0x0000000080025828] -> 0x1513
mem[X,0x000000008002582A] -> 0x00A5
[5313] [M]: 0x0000000080025828 (0x00A51513) slli a0, a0, 10
x10 <- 0x00000000B504F000
mem[X,0x000000008002582C] -> 0x0513
mem[X,0x000000008002582E] -> 0x3335
[5314] [M]: 0x000000008002582C (0x33350513) addi a0, a0, 819
x10 <- 0x00000000B504F333
mem[X,0x0000000080025830] -> 0x0593
mem[X,0x0000000080025832] -> 0x0020
[5315] [M]: 0x0000000080025830 (0x00200593) addi a1, zero, 2
x11 <- 0x0000000000000002
mem[X,0x0000000080025834] -> 0x0113
mem[X,0x0000000080025836] -> 0x0000
[5316] [M]: 0x0000000080025834 (0x00000113) addi sp, zero, 0
x2 <- 0x0000000000000000
mem[X,0x0000000080025838] -> 0x006F
mem[X,0x000000008002583A] -> 0x00C0
[5317] [M]: 0x0000000080025838 (0x00C0006F) jal zero, 12
mem[X,0x0000000080025844] -> 0x5063
mem[X,0x0000000080025846] -> 0x10B5
[5318] [M]: 0x0000000080025844 (0x10B55063) bge a0, a1, 256
mem[X,0x0000000080025944] -> 0x0113
mem[X,0x0000000080025946] -> 0x0031
[5319] [M]: 0x0000000080025944 (0x00310113) addi sp, sp, 3
x2 <- 0x0000000000000003
mem[X,0x0000000080025948] -> 0x006F
mem[X,0x000000008002594A] -> 0x0040
[5320] [M]: 0x0000000080025948 (0x0040006F) jal zero, 4
mem[X,0x000000008002594C] -> 0xB823
mem[X,0x000000008002594E] -> 0x2220
[5321] [M]: 0x000000008002594C (0x2220B823) sd sp, 560(ra)
mem[0x0000000080049C00] <- 0x0000000000000003
mem[X,0x0000000080025950] -> 0x0537
mem[X,0x0000000080025952] -> 0x0000
[5322] [M]: 0x0000000080025950 (0x00000537) lui a0, 0
x10 <- 0x0000000000000000
mem[X,0x0000000080025954] -> 0x0513
mem[X,0x0000000080025956] -> 0x0005
[5323] [M]: 0x0000000080025954 (0x00050513) addi a0, a0, 0
x10 <- 0x0000000000000000
mem[X,0x0000000080025958] -> 0x1513
mem[X,0x000000008002595A] -> 0x00B5
[5324] [M]: 0x0000000080025958 (0x00B51513) slli a0, a0, 11
x10 <- 0x0000000000000000
mem[X,0x000000008002595C] -> 0x0513
mem[X,0x000000008002595E] -> 0x5A85
[5325] [M]: 0x000000008002595C (0x5A850513) addi a0, a0, 1448
x10 <- 0x00000000000005A8
mem[X,0x0000000080025960] -> 0x1513
mem[X,0x0000000080025962] -> 0x00B5
[5326] [M]: 0x0000000080025960 (0x00B51513) slli a0, a0, 11
x10 <- 0x00000000002D4000
mem[X,0x0000000080025964] -> 0x0513
mem[X,0x0000000080025966] -> 0x13C5
[5327] [M]: 0x0000000080025964 (0x13C50513) addi a0, a0, 316
x10 <- 0x00000000002D413C
mem[X,0x0000000080025968] -> 0x1513
mem[X,0x000000008002596A] -> 0x00A5
[5328] [M]: 0x0000000080025968 (0x00A51513) slli a0, a0, 10
x10 <- 0x00000000B504F000
mem[X,0x000000008002596C] -> 0x0513
mem[X,0x000000008002596E] -> 0x3335
[5329] [M]: 0x000000008002596C (0x33350513) addi a0, a0, 819
x10 <- 0x00000000B504F333
mem[X,0x0000000080025970] -> 0x55B7
mem[X,0x0000000080025972] -> 0x5555
[5330] [M]: 0x0000000080025970 (0x555555B7) lui a1, 349525
x11 <- 0x0000000055555000
mem[X,0x0000000080025974] -> 0x8593
mem[X,0x0000000080025976] -> 0x5555
[5331] [M]: 0x0000000080025974 (0x55558593) addi a1, a1, 1365
x11 <- 0x0000000055555555
mem[X,0x0000000080025978] -> 0x9593
mem[X,0x000000008002597A] -> 0x00B5
[5332] [M]: 0x0000000080025978 (0x00B59593) slli a1, a1, 11
x11 <- 0x000002AAAAAAA800
mem[X,0x000000008002597C] -> 0x8593
mem[X,0x000000008002597E] -> 0x2AA5
[5333] [M]: 0x000000008002597C (0x2AA58593) addi a1, a1, 682
x11 <- 0x000002AAAAAAAAAA
mem[X,0x0000000080025980] -> 0x9593
mem[X,0x0000000080025982] -> 0x00B5
[5334] [M]: 0x0000000080025980 (0x00B59593) slli a1, a1, 11
x11 <- 0x0015555555555000
mem[X,0x0000000080025984] -> 0x8593
mem[X,0x0000000080025986] -> 0x5555
[5335] [M]: 0x0000000080025984 (0x55558593) addi a1, a1, 1365
x11 <- 0x0015555555555555
mem[X,0x0000000080025988] -> 0x9593
mem[X,0x000000008002598A] -> 0x00A5
[5336] [M]: 0x0000000080025988 (0x00A59593) slli a1, a1, 10
x11 <- 0x5555555555555400
mem[X,0x000000008002598C] -> 0x8593
mem[X,0x000000008002598E] -> 0x1545
[5337] [M]: 0x000000008002598C (0x15458593) addi a1, a1, 340
x11 <- 0x5555555555555554
mem[X,0x0000000080025990] -> 0x0113
mem[X,0x0000000080025992] -> 0x0000
[5338] [M]: 0x0000000080025990 (0x00000113) addi sp, zero, 0
x2 <- 0x0000000000000000
mem[X,0x0000000080025994] -> 0x006F
mem[X,0x0000000080025996] -> 0x00C0
[5339] [M]: 0x0000000080025994 (0x00C0006F) jal zero, 12
mem[X,0x00000000800259A0] -> 0x5063
mem[X,0x00000000800259A2] -> 0x40B5
[5340] [M]: 0x00000000800259A0 (0x40B55063) bge a0, a1, 1024
mem[X,0x00000000800259A4] -> 0x0113
mem[X,0x00000000800259A6] -> 0x0021
[5341] [M]: 0x00000000800259A4 (0x00210113) addi sp, sp, 2
x2 <- 0x0000000000000002
mem[X,0x00000000800259A8] -> 0x006F
mem[X,0x00000000800259AA] -> 0x4000
[5342] [M]: 0x00000000800259A8 (0x4000006F) jal zero, 1024
mem[X,0x0000000080025DA8] -> 0xBC23
mem[X,0x0000000080025DAA] -> 0x2220
[5343] [M]: 0x0000000080025DA8 (0x2220BC23) sd sp, 568(ra)
mem[0x0000000080049C08] <- 0x0000000000000002
mem[X,0x0000000080025DAC] -> 0x0537
mem[X,0x0000000080025DAE] -> 0x0000
[5344] [M]: 0x0000000080025DAC (0x00000537) lui a0, 0
x10 <- 0x0000000000000000
mem[X,0x0000000080025DB0] -> 0x0513
mem[X,0x0000000080025DB2] -> 0x0005
[5345] [M]: 0x0000000080025DB0 (0x00050513) addi a0, a0, 0
x10 <- 0x0000000000000000
mem[X,0x0000000080025DB4] -> 0x1513
mem[X,0x0000000080025DB6] -> 0x00B5
[5346] [M]: 0x0000000080025DB4 (0x00B51513) slli a0, a0, 11
x10 <- 0x0000000000000000
mem[X,0x0000000080025DB8] -> 0x0513
mem[X,0x0000000080025DBA] -> 0x5A85
[5347] [M]: 0x0000000080025DB8 (0x5A850513) addi a0, a0, 1448
x10 <- 0x00000000000005A8
mem[X,0x0000000080025DBC] -> 0x1513
mem[X,0x0000000080025DBE] -> 0x00B5
[5348] [M]: 0x0000000080025DBC (0x00B51513) slli a0, a0, 11
x10 <- 0x00000000002D4000
mem[X,0x0000000080025DC0] -> 0x0513
mem[X,0x0000000080025DC2] -> 0x13C5
[5349] [M]: 0x0000000080025DC0 (0x13C50513) addi a0, a0, 316
x10 <- 0x00000000002D413C
mem[X,0x0000000080025DC4] -> 0x1513
mem[X,0x0000000080025DC6] -> 0x00A5
[5350] [M]: 0x0000000080025DC4 (0x00A51513) slli a0, a0, 10
x10 <- 0x00000000B504F000
mem[X,0x0000000080025DC8] -> 0x0513
mem[X,0x0000000080025DCA] -> 0x3335
[5351] [M]: 0x0000000080025DC8 (0x33350513) addi a0, a0, 819
x10 <- 0x00000000B504F333
mem[X,0x0000000080025DCC] -> 0x0593
mem[X,0x0000000080025DCE] -> 0x0000
[5352] [M]: 0x0000000080025DCC (0x00000593) addi a1, zero, 0
x11 <- 0x0000000000000000
mem[X,0x0000000080025DD0] -> 0x0113
mem[X,0x0000000080025DD2] -> 0x0000
[5353] [M]: 0x0000000080025DD0 (0x00000113) addi sp, zero, 0
x2 <- 0x0000000000000000
mem[X,0x0000000080025DD4] -> 0x006F
mem[X,0x0000000080025DD6] -> 0x00C0
[5354] [M]: 0x0000000080025DD4 (0x00C0006F) jal zero, 12
mem[X,0x0000000080025DE0] -> 0x5663
mem[X,0x0000000080025DE2] -> 0x00B5
[5355] [M]: 0x0000000080025DE0 (0x00B55663) bge a0, a1, 12
mem[X,0x0000000080025DEC] -> 0x0113
mem[X,0x0000000080025DEE] -> 0x0031
[5356] [M]: 0x0000000080025DEC (0x00310113) addi sp, sp, 3
x2 <- 0x0000000000000003
mem[X,0x0000000080025DF0] -> 0x006F
mem[X,0x0000000080025DF2] -> 0x0040
[5357] [M]: 0x0000000080025DF0 (0x0040006F) jal zero, 4
mem[X,0x0000000080025DF4] -> 0xB023
mem[X,0x0000000080025DF6] -> 0x2420
[5358] [M]: 0x0000000080025DF4 (0x2420B023) sd sp, 576(ra)
mem[0x0000000080049C10] <- 0x0000000000000003
mem[X,0x0000000080025DF8] -> 0x0537
mem[X,0x0000000080025DFA] -> 0x0000
[5359] [M]: 0x0000000080025DF8 (0x00000537) lui a0, 0
x10 <- 0x0000000000000000
mem[X,0x0000000080025DFC] -> 0x0513
mem[X,0x0000000080025DFE] -> 0x0005
[5360] [M]: 0x0000000080025DFC (0x00050513) addi a0, a0, 0
x10 <- 0x0000000000000000
mem[X,0x0000000080025E00] -> 0x1513
mem[X,0x0000000080025E02] -> 0x00B5
[5361] [M]: 0x0000000080025E00 (0x00B51513) slli a0, a0, 11
x10 <- 0x0000000000000000
mem[X,0x0000000080025E04] -> 0x0513
mem[X,0x0000000080025E06] -> 0x5A85
[5362] [M]: 0x0000000080025E04 (0x5A850513) addi a0, a0, 1448
x10 <- 0x00000000000005A8
mem[X,0x0000000080025E08] -> 0x1513
mem[X,0x0000000080025E0A] -> 0x00B5
[5363] [M]: 0x0000000080025E08 (0x00B51513) slli a0, a0, 11
x10 <- 0x00000000002D4000
mem[X,0x0000000080025E0C] -> 0x0513
mem[X,0x0000000080025E0E] -> 0x13C5
[5364] [M]: 0x0000000080025E0C (0x13C50513) addi a0, a0, 316
x10 <- 0x00000000002D413C
mem[X,0x0000000080025E10] -> 0x1513
mem[X,0x0000000080025E12] -> 0x00A5
[5365] [M]: 0x0000000080025E10 (0x00A51513) slli a0, a0, 10
x10 <- 0x00000000B504F000
mem[X,0x0000000080025E14] -> 0x0513
mem[X,0x0000000080025E16] -> 0x3335
[5366] [M]: 0x0000000080025E14 (0x33350513) addi a0, a0, 819
x10 <- 0x00000000B504F333
mem[X,0x0000000080025E18] -> 0x0593
mem[X,0x0000000080025E1A] -> 0x0040
[5367] [M]: 0x0000000080025E18 (0x00400593) addi a1, zero, 4
x11 <- 0x0000000000000004
mem[X,0x0000000080025E1C] -> 0x0113
mem[X,0x0000000080025E1E] -> 0x0000
[5368] [M]: 0x0000000080025E1C (0x00000113) addi sp, zero, 0
x2 <- 0x0000000000000000
mem[X,0x0000000080025E20] -> 0x006F
mem[X,0x0000000080025E22] -> 0x00C0
[5369] [M]: 0x0000000080025E20 (0x00C0006F) jal zero, 12
mem[X,0x0000000080025E2C] -> 0x5063
mem[X,0x0000000080025E2E] -> 0x20B5
[5370] [M]: 0x0000000080025E2C (0x20B55063) bge a0, a1, 512
mem[X,0x000000008002602C] -> 0x0113
mem[X,0x000000008002602E] -> 0x0031
[5371] [M]: 0x000000008002602C (0x00310113) addi sp, sp, 3
x2 <- 0x0000000000000003
mem[X,0x0000000080026030] -> 0x006F
mem[X,0x0000000080026032] -> 0x0040
[5372] [M]: 0x0000000080026030 (0x0040006F) jal zero, 4
mem[X,0x0000000080026034] -> 0xB423
mem[X,0x0000000080026036] -> 0x2420
[5373] [M]: 0x0000000080026034 (0x2420B423) sd sp, 584(ra)
mem[0x0000000080049C18] <- 0x0000000000000003
mem[X,0x0000000080026038] -> 0x0537
mem[X,0x000000008002603A] -> 0x0000
[5374] [M]: 0x0000000080026038 (0x00000537) lui a0, 0
x10 <- 0x0000000000000000
mem[X,0x000000008002603C] -> 0x0513
mem[X,0x000000008002603E] -> 0x0005
[5375] [M]: 0x000000008002603C (0x00050513) addi a0, a0, 0
x10 <- 0x0000000000000000
mem[X,0x0000000080026040] -> 0x1513
mem[X,0x0000000080026042] -> 0x00B5
[5376] [M]: 0x0000000080026040 (0x00B51513) slli a0, a0, 11
x10 <- 0x0000000000000000
mem[X,0x0000000080026044] -> 0x0513
mem[X,0x0000000080026046] -> 0x5A85
[5377] [M]: 0x0000000080026044 (0x5A850513) addi a0, a0, 1448
x10 <- 0x00000000000005A8
mem[X,0x0000000080026048] -> 0x1513
mem[X,0x000000008002604A] -> 0x00B5
[5378] [M]: 0x0000000080026048 (0x00B51513) slli a0, a0, 11
x10 <- 0x00000000002D4000
mem[X,0x000000008002604C] -> 0x0513
mem[X,0x000000008002604E] -> 0x13C5
[5379] [M]: 0x000000008002604C (0x13C50513) addi a0, a0, 316
x10 <- 0x00000000002D413C
mem[X,0x0000000080026050] -> 0x1513
mem[X,0x0000000080026052] -> 0x00A5
[5380] [M]: 0x0000000080026050 (0x00A51513) slli a0, a0, 10
x10 <- 0x00000000B504F000
mem[X,0x0000000080026054] -> 0x0513
mem[X,0x0000000080026056] -> 0x3335
[5381] [M]: 0x0000000080026054 (0x33350513) addi a0, a0, 819
x10 <- 0x00000000B504F333
mem[X,0x0000000080026058] -> 0x35B7
mem[X,0x000000008002605A] -> 0x3333
[5382] [M]: 0x0000000080026058 (0x333335B7) lui a1, 209715
x11 <- 0x0000000033333000
mem[X,0x000000008002605C] -> 0x8593
mem[X,0x000000008002605E] -> 0x3335
[5383] [M]: 0x000000008002605C (0x33358593) addi a1, a1, 819
x11 <- 0x0000000033333333
mem[X,0x0000000080026060] -> 0x9593
mem[X,0x0000000080026062] -> 0x00B5
[5384] [M]: 0x0000000080026060 (0x00B59593) slli a1, a1, 11
x11 <- 0x0000019999999800
mem[X,0x0000000080026064] -> 0x8593
mem[X,0x0000000080026066] -> 0x1995
[5385] [M]: 0x0000000080026064 (0x19958593) addi a1, a1, 409
x11 <- 0x0000019999999999
mem[X,0x0000000080026068] -> 0x9593
mem[X,0x000000008002606A] -> 0x00B5
[5386] [M]: 0x0000000080026068 (0x00B59593) slli a1, a1, 11
x11 <- 0x000CCCCCCCCCC800
mem[X,0x000000008002606C] -> 0x8593
mem[X,0x000000008002606E] -> 0x4CC5
[5387] [M]: 0x000000008002606C (0x4CC58593) addi a1, a1, 1228
x11 <- 0x000CCCCCCCCCCCCC
mem[X,0x0000000080026070] -> 0x9593
mem[X,0x0000000080026072] -> 0x00A5
[5388] [M]: 0x0000000080026070 (0x00A59593) slli a1, a1, 10
x11 <- 0x3333333333333000
mem[X,0x0000000080026074] -> 0x8593
mem[X,0x0000000080026076] -> 0x3325
[5389] [M]: 0x0000000080026074 (0x33258593) addi a1, a1, 818
x11 <- 0x3333333333333332
mem[X,0x0000000080026078] -> 0x0113
mem[X,0x000000008002607A] -> 0x0000
[5390] [M]: 0x0000000080026078 (0x00000113) addi sp, zero, 0
x2 <- 0x0000000000000000
mem[X,0x000000008002607C] -> 0x006F
mem[X,0x000000008002607E] -> 0x00C0
[5391] [M]: 0x000000008002607C (0x00C0006F) jal zero, 12
mem[X,0x0000000080026088] -> 0x5063
mem[X,0x000000008002608A] -> 0x20B5
[5392] [M]: 0x0000000080026088 (0x20B55063) bge a0, a1, 512
mem[X,0x000000008002608C] -> 0x0113
mem[X,0x000000008002608E] -> 0x0021
[5393] [M]: 0x000000008002608C (0x00210113) addi sp, sp, 2
x2 <- 0x0000000000000002
mem[X,0x0000000080026090] -> 0x006F
mem[X,0x0000000080026092] -> 0x2000
[5394] [M]: 0x0000000080026090 (0x2000006F) jal zero, 512
mem[X,0x0000000080026290] -> 0xB823
mem[X,0x0000000080026292] -> 0x2420
[5395] [M]: 0x0000000080026290 (0x2420B823) sd sp, 592(ra)
mem[0x0000000080049C20] <- 0x0000000000000002
mem[X,0x0000000080026294] -> 0x0537
mem[X,0x0000000080026296] -> 0x0000
[5396] [M]: 0x0000000080026294 (0x00000537) lui a0, 0
x10 <- 0x0000000000000000
mem[X,0x0000000080026298] -> 0x0513
mem[X,0x000000008002629A] -> 0x0005
[5397] [M]: 0x0000000080026298 (0x00050513) addi a0, a0, 0
x10 <- 0x0000000000000000
mem[X,0x000000008002629C] -> 0x1513
mem[X,0x000000008002629E] -> 0x00B5
[5398] [M]: 0x000000008002629C (0x00B51513) slli a0, a0, 11
x10 <- 0x0000000000000000
mem[X,0x00000000800262A0] -> 0x0513
mem[X,0x00000000800262A2] -> 0x5A85
[5399] [M]: 0x00000000800262A0 (0x5A850513) addi a0, a0, 1448
x10 <- 0x00000000000005A8
clint::tick mtime <- 0x0000000000000036
 clint timer pending at mtime 0x0000000000000036
htif::tick 0x0000000000000000
mem[X,0x00000000800262A4] -> 0x1513
mem[X,0x00000000800262A6] -> 0x00B5
[5400] [M]: 0x00000000800262A4 (0x00B51513) slli a0, a0, 11
x10 <- 0x00000000002D4000
mem[X,0x00000000800262A8] -> 0x0513
mem[X,0x00000000800262AA] -> 0x13C5
[5401] [M]: 0x00000000800262A8 (0x13C50513) addi a0, a0, 316
x10 <- 0x00000000002D413C
mem[X,0x00000000800262AC] -> 0x1513
mem[X,0x00000000800262AE] -> 0x00A5
[5402] [M]: 0x00000000800262AC (0x00A51513) slli a0, a0, 10
x10 <- 0x00000000B504F000
mem[X,0x00000000800262B0] -> 0x0513
mem[X,0x00000000800262B2] -> 0x3335
[5403] [M]: 0x00000000800262B0 (0x33350513) addi a0, a0, 819
x10 <- 0x00000000B504F333
mem[X,0x00000000800262B4] -> 0x65B7
mem[X,0x00000000800262B6] -> 0x6666
[5404] [M]: 0x00000000800262B4 (0x666665B7) lui a1, 419430
x11 <- 0x0000000066666000
mem[X,0x00000000800262B8] -> 0x8593
mem[X,0x00000000800262BA] -> 0x6665
[5405] [M]: 0x00000000800262B8 (0x66658593) addi a1, a1, 1638
x11 <- 0x0000000066666666
mem[X,0x00000000800262BC] -> 0x9593
mem[X,0x00000000800262BE] -> 0x00B5
[5406] [M]: 0x00000000800262BC (0x00B59593) slli a1, a1, 11
x11 <- 0x0000033333333000
mem[X,0x00000000800262C0] -> 0x8593
mem[X,0x00000000800262C2] -> 0x3335
[5407] [M]: 0x00000000800262C0 (0x33358593) addi a1, a1, 819
x11 <- 0x0000033333333333
mem[X,0x00000000800262C4] -> 0x9593
mem[X,0x00000000800262C6] -> 0x00B5
[5408] [M]: 0x00000000800262C4 (0x00B59593) slli a1, a1, 11
x11 <- 0x0019999999999800
mem[X,0x00000000800262C8] -> 0x8593
mem[X,0x00000000800262CA] -> 0x1995
[5409] [M]: 0x00000000800262C8 (0x19958593) addi a1, a1, 409
x11 <- 0x0019999999999999
mem[X,0x00000000800262CC] -> 0x9593
mem[X,0x00000000800262CE] -> 0x00A5
[5410] [M]: 0x00000000800262CC (0x00A59593) slli a1, a1, 10
x11 <- 0x6666666666666400
mem[X,0x00000000800262D0] -> 0x8593
mem[X,0x00000000800262D2] -> 0x2655
[5411] [M]: 0x00000000800262D0 (0x26558593) addi a1, a1, 613
x11 <- 0x6666666666666665
mem[X,0x00000000800262D4] -> 0x0113
mem[X,0x00000000800262D6] -> 0x0000
[5412] [M]: 0x00000000800262D4 (0x00000113) addi sp, zero, 0
x2 <- 0x0000000000000000
mem[X,0x00000000800262D8] -> 0x006F
mem[X,0x00000000800262DA] -> 0x00C0
[5413] [M]: 0x00000000800262D8 (0x00C0006F) jal zero, 12
mem[X,0x00000000800262E4] -> 0x5063
mem[X,0x00000000800262E6] -> 0x02B5
[5414] [M]: 0x00000000800262E4 (0x02B55063) bge a0, a1, 32
mem[X,0x00000000800262E8] -> 0x0113
mem[X,0x00000000800262EA] -> 0x0021
[5415] [M]: 0x00000000800262E8 (0x00210113) addi sp, sp, 2
x2 <- 0x0000000000000002
mem[X,0x00000000800262EC] -> 0x006F
mem[X,0x00000000800262EE] -> 0x0200
[5416] [M]: 0x00000000800262EC (0x0200006F) jal zero, 32
mem[X,0x000000008002630C] -> 0xBC23
mem[X,0x000000008002630E] -> 0x2420
[5417] [M]: 0x000000008002630C (0x2420BC23) sd sp, 600(ra)
mem[0x0000000080049C28] <- 0x0000000000000002
mem[X,0x0000000080026310] -> 0x0537
mem[X,0x0000000080026312] -> 0x0000
[5418] [M]: 0x0000000080026310 (0x00000537) lui a0, 0
x10 <- 0x0000000000000000
mem[X,0x0000000080026314] -> 0x0513
mem[X,0x0000000080026316] -> 0x0005
[5419] [M]: 0x0000000080026314 (0x00050513) addi a0, a0, 0
x10 <- 0x0000000000000000
mem[X,0x0000000080026318] -> 0x1513
mem[X,0x000000008002631A] -> 0x00B5
[5420] [M]: 0x0000000080026318 (0x00B51513) slli a0, a0, 11
x10 <- 0x0000000000000000
mem[X,0x000000008002631C] -> 0x0513
mem[X,0x000000008002631E] -> 0x5A85
[5421] [M]: 0x000000008002631C (0x5A850513) addi a0, a0, 1448
x10 <- 0x00000000000005A8
mem[X,0x0000000080026320] -> 0x1513
mem[X,0x0000000080026322] -> 0x00B5
[5422] [M]: 0x0000000080026320 (0x00B51513) slli a0, a0, 11
x10 <- 0x00000000002D4000
mem[X,0x0000000080026324] -> 0x0513
mem[X,0x0000000080026326] -> 0x13C5
[5423] [M]: 0x0000000080026324 (0x13C50513) addi a0, a0, 316
x10 <- 0x00000000002D413C
mem[X,0x0000000080026328] -> 0x1513
mem[X,0x000000008002632A] -> 0x00A5
[5424] [M]: 0x0000000080026328 (0x00A51513) slli a0, a0, 10
x10 <- 0x00000000B504F000
mem[X,0x000000008002632C] -> 0x0513
mem[X,0x000000008002632E] -> 0x3335
[5425] [M]: 0x000000008002632C (0x33350513) addi a0, a0, 819
x10 <- 0x00000000B504F333
mem[X,0x0000000080026330] -> 0x05B7
mem[X,0x0000000080026332] -> 0x0000
[5426] [M]: 0x0000000080026330 (0x000005B7) lui a1, 0
x11 <- 0x0000000000000000
mem[X,0x0000000080026334] -> 0x8593
mem[X,0x0000000080026336] -> 0x0005
[5427] [M]: 0x0000000080026334 (0x00058593) addi a1, a1, 0
x11 <- 0x0000000000000000
mem[X,0x0000000080026338] -> 0x9593
mem[X,0x000000008002633A] -> 0x00B5
[5428] [M]: 0x0000000080026338 (0x00B59593) slli a1, a1, 11
x11 <- 0x0000000000000000
mem[X,0x000000008002633C] -> 0x8593
mem[X,0x000000008002633E] -> 0x5A85
[5429] [M]: 0x000000008002633C (0x5A858593) addi a1, a1, 1448
x11 <- 0x00000000000005A8
mem[X,0x0000000080026340] -> 0x9593
mem[X,0x0000000080026342] -> 0x00B5
[5430] [M]: 0x0000000080026340 (0x00B59593) slli a1, a1, 11
x11 <- 0x00000000002D4000
mem[X,0x0000000080026344] -> 0x8593
mem[X,0x0000000080026346] -> 0x13C5
[5431] [M]: 0x0000000080026344 (0x13C58593) addi a1, a1, 316
x11 <- 0x00000000002D413C
mem[X,0x0000000080026348] -> 0x9593
mem[X,0x000000008002634A] -> 0x00A5
[5432] [M]: 0x0000000080026348 (0x00A59593) slli a1, a1, 10
x11 <- 0x00000000B504F000
mem[X,0x000000008002634C] -> 0x8593
mem[X,0x000000008002634E] -> 0x3325
[5433] [M]: 0x000000008002634C (0x33258593) addi a1, a1, 818
x11 <- 0x00000000B504F332
mem[X,0x0000000080026350] -> 0x0113
mem[X,0x0000000080026352] -> 0x0000
[5434] [M]: 0x0000000080026350 (0x00000113) addi sp, zero, 0
x2 <- 0x0000000000000000
mem[X,0x0000000080026354] -> 0x006F
mem[X,0x0000000080026356] -> 0x0180
[5435] [M]: 0x0000000080026354 (0x0180006F) jal zero, 24
mem[X,0x000000008002636C] -> 0x56E3
mem[X,0x000000008002636E] -> 0xFEB5
[5436] [M]: 0x000000008002636C (0xFEB556E3) bge a0, a1, 8172
mem[X,0x0000000080026358] -> 0x0113
mem[X,0x000000008002635A] -> 0x0011
[5437] [M]: 0x0000000080026358 (0x00110113) addi sp, sp, 1
x2 <- 0x0000000000000001
mem[X,0x000000008002635C] -> 0x006F
mem[X,0x000000008002635E] -> 0x0240
[5438] [M]: 0x000000008002635C (0x0240006F) jal zero, 36
mem[X,0x0000000080026380] -> 0xB023
mem[X,0x0000000080026382] -> 0x2620
[5439] [M]: 0x0000000080026380 (0x2620B023) sd sp, 608(ra)
mem[0x0000000080049C30] <- 0x0000000000000001
mem[X,0x0000000080026384] -> 0x0537
mem[X,0x0000000080026386] -> 0x0000
[5440] [M]: 0x0000000080026384 (0x00000537) lui a0, 0
x10 <- 0x0000000000000000
mem[X,0x0000000080026388] -> 0x0513
mem[X,0x000000008002638A] -> 0x0005
[5441] [M]: 0x0000000080026388 (0x00050513) addi a0, a0, 0
x10 <- 0x0000000000000000
mem[X,0x000000008002638C] -> 0x1513
mem[X,0x000000008002638E] -> 0x00B5
[5442] [M]: 0x000000008002638C (0x00B51513) slli a0, a0, 11
x10 <- 0x0000000000000000
mem[X,0x0000000080026390] -> 0x0513
mem[X,0x0000000080026392] -> 0x5A85
[5443] [M]: 0x0000000080026390 (0x5A850513) addi a0, a0, 1448
x10 <- 0x00000000000005A8
mem[X,0x0000000080026394] -> 0x1513
mem[X,0x0000000080026396] -> 0x00B5
[5444] [M]: 0x0000000080026394 (0x00B51513) slli a0, a0, 11
x10 <- 0x00000000002D4000
mem[X,0x0000000080026398] -> 0x0513
mem[X,0x000000008002639A] -> 0x13C5
[5445] [M]: 0x0000000080026398 (0x13C50513) addi a0, a0, 316
x10 <- 0x00000000002D413C
mem[X,0x000000008002639C] -> 0x1513
mem[X,0x000000008002639E] -> 0x00A5
[5446] [M]: 0x000000008002639C (0x00A51513) slli a0, a0, 10
x10 <- 0x00000000B504F000
mem[X,0x00000000800263A0] -> 0x0513
mem[X,0x00000000800263A2] -> 0x3335
[5447] [M]: 0x00000000800263A0 (0x33350513) addi a0, a0, 819
x10 <- 0x00000000B504F333
mem[X,0x00000000800263A4] -> 0x55B7
mem[X,0x00000000800263A6] -> 0x5555
[5448] [M]: 0x00000000800263A4 (0x555555B7) lui a1, 349525
x11 <- 0x0000000055555000
mem[X,0x00000000800263A8] -> 0x8593
mem[X,0x00000000800263AA] -> 0x5555
[5449] [M]: 0x00000000800263A8 (0x55558593) addi a1, a1, 1365
x11 <- 0x0000000055555555
mem[X,0x00000000800263AC] -> 0x9593
mem[X,0x00000000800263AE] -> 0x00B5
[5450] [M]: 0x00000000800263AC (0x00B59593) slli a1, a1, 11
x11 <- 0x000002AAAAAAA800
mem[X,0x00000000800263B0] -> 0x8593
mem[X,0x00000000800263B2] -> 0x2AA5
[5451] [M]: 0x00000000800263B0 (0x2AA58593) addi a1, a1, 682
x11 <- 0x000002AAAAAAAAAA
mem[X,0x00000000800263B4] -> 0x9593
mem[X,0x00000000800263B6] -> 0x00B5
[5452] [M]: 0x00000000800263B4 (0x00B59593) slli a1, a1, 11
x11 <- 0x0015555555555000
mem[X,0x00000000800263B8] -> 0x8593
mem[X,0x00000000800263BA] -> 0x5555
[5453] [M]: 0x00000000800263B8 (0x55558593) addi a1, a1, 1365
x11 <- 0x0015555555555555
mem[X,0x00000000800263BC] -> 0x9593
mem[X,0x00000000800263BE] -> 0x00A5
[5454] [M]: 0x00000000800263BC (0x00A59593) slli a1, a1, 10
x11 <- 0x5555555555555400
mem[X,0x00000000800263C0] -> 0x8593
mem[X,0x00000000800263C2] -> 0x1565
[5455] [M]: 0x00000000800263C0 (0x15658593) addi a1, a1, 342
x11 <- 0x5555555555555556
mem[X,0x00000000800263C4] -> 0x0113
mem[X,0x00000000800263C6] -> 0x0000
[5456] [M]: 0x00000000800263C4 (0x00000113) addi sp, zero, 0
x2 <- 0x0000000000000000
mem[X,0x00000000800263C8] -> 0x006F
mem[X,0x00000000800263CA] -> 0x00C0
[5457] [M]: 0x00000000800263C8 (0x00C0006F) jal zero, 12
mem[X,0x00000000800263D4] -> 0x5063
mem[X,0x00000000800263D6] -> 0x08B5
[5458] [M]: 0x00000000800263D4 (0x08B55063) bge a0, a1, 128
mem[X,0x00000000800263D8] -> 0x0113
mem[X,0x00000000800263DA] -> 0x0021
[5459] [M]: 0x00000000800263D8 (0x00210113) addi sp, sp, 2
x2 <- 0x0000000000000002
mem[X,0x00000000800263DC] -> 0x006F
mem[X,0x00000000800263DE] -> 0x0800
[5460] [M]: 0x00000000800263DC (0x0800006F) jal zero, 128
mem[X,0x000000008002645C] -> 0xB423
mem[X,0x000000008002645E] -> 0x2620
[5461] [M]: 0x000000008002645C (0x2620B423) sd sp, 616(ra)
mem[0x0000000080049C38] <- 0x0000000000000002
mem[X,0x0000000080026460] -> 0x0537
mem[X,0x0000000080026462] -> 0x0000
[5462] [M]: 0x0000000080026460 (0x00000537) lui a0, 0
x10 <- 0x0000000000000000
mem[X,0x0000000080026464] -> 0x0513
mem[X,0x0000000080026466] -> 0x0005
[5463] [M]: 0x0000000080026464 (0x00050513) addi a0, a0, 0
x10 <- 0x0000000000000000
mem[X,0x0000000080026468] -> 0x1513
mem[X,0x000000008002646A] -> 0x00B5
[5464] [M]: 0x0000000080026468 (0x00B51513) slli a0, a0, 11
x10 <- 0x0000000000000000
mem[X,0x000000008002646C] -> 0x0513
mem[X,0x000000008002646E] -> 0x5A85
[5465] [M]: 0x000000008002646C (0x5A850513) addi a0, a0, 1448
x10 <- 0x00000000000005A8
mem[X,0x0000000080026470] -> 0x1513
mem[X,0x0000000080026472] -> 0x00B5
[5466] [M]: 0x0000000080026470 (0x00B51513) slli a0, a0, 11
x10 <- 0x00000000002D4000
mem[X,0x0000000080026474] -> 0x0513
mem[X,0x0000000080026476] -> 0x13C5
[5467] [M]: 0x0000000080026474 (0x13C50513) addi a0, a0, 316
x10 <- 0x00000000002D413C
mem[X,0x0000000080026478] -> 0x1513
mem[X,0x000000008002647A] -> 0x00A5
[5468] [M]: 0x0000000080026478 (0x00A51513) slli a0, a0, 10
x10 <- 0x00000000B504F000
mem[X,0x000000008002647C] -> 0x0513
mem[X,0x000000008002647E] -> 0x3335
[5469] [M]: 0x000000008002647C (0x33350513) addi a0, a0, 819
x10 <- 0x00000000B504F333
mem[X,0x0000000080026480] -> 0xB5B7
mem[X,0x0000000080026482] -> 0xAAAA
[5470] [M]: 0x0000000080026480 (0xAAAAB5B7) lui a1, 699051
x11 <- 0xFFFFFFFFAAAAB000
mem[X,0x0000000080026484] -> 0x8593
mem[X,0x0000000080026486] -> 0xAAA5
[5471] [M]: 0x0000000080026484 (0xAAA58593) addi a1, a1, 2730
x11 <- 0xFFFFFFFFAAAAAAAA
mem[X,0x0000000080026488] -> 0x9593
mem[X,0x000000008002648A] -> 0x00B5
[5472] [M]: 0x0000000080026488 (0x00B59593) slli a1, a1, 11
x11 <- 0xFFFFFD5555555000
mem[X,0x000000008002648C] -> 0x8593
mem[X,0x000000008002648E] -> 0x5555
[5473] [M]: 0x000000008002648C (0x55558593) addi a1, a1, 1365
x11 <- 0xFFFFFD5555555555
mem[X,0x0000000080026490] -> 0x9593
mem[X,0x0000000080026492] -> 0x00B5
[5474] [M]: 0x0000000080026490 (0x00B59593) slli a1, a1, 11
x11 <- 0xFFEAAAAAAAAAA800
mem[X,0x0000000080026494] -> 0x8593
mem[X,0x0000000080026496] -> 0x2AA5
[5475] [M]: 0x0000000080026494 (0x2AA58593) addi a1, a1, 682
x11 <- 0xFFEAAAAAAAAAAAAA
mem[X,0x0000000080026498] -> 0x9593
mem[X,0x000000008002649A] -> 0x00A5
[5476] [M]: 0x0000000080026498 (0x00A59593) slli a1, a1, 10
x11 <- 0xAAAAAAAAAAAAA800
mem[X,0x000000008002649C] -> 0x8593
mem[X,0x000000008002649E] -> 0x2AB5
[5477] [M]: 0x000000008002649C (0x2AB58593) addi a1, a1, 683
x11 <- 0xAAAAAAAAAAAAAAAB
mem[X,0x00000000800264A0] -> 0x0113
mem[X,0x00000000800264A2] -> 0x0000
[5478] [M]: 0x00000000800264A0 (0x00000113) addi sp, zero, 0
x2 <- 0x0000000000000000
mem[X,0x00000000800264A4] -> 0x006F
mem[X,0x00000000800264A6] -> 0x00C0
[5479] [M]: 0x00000000800264A4 (0x00C0006F) jal zero, 12
mem[X,0x00000000800264B0] -> 0x5063
mem[X,0x00000000800264B2] -> 0x02B5
[5480] [M]: 0x00000000800264B0 (0x02B55063) bge a0, a1, 32
mem[X,0x00000000800264D0] -> 0x0113
mem[X,0x00000000800264D2] -> 0x0031
[5481] [M]: 0x00000000800264D0 (0x00310113) addi sp, sp, 3
x2 <- 0x0000000000000003
mem[X,0x00000000800264D4] -> 0x006F
mem[X,0x00000000800264D6] -> 0x0040
[5482] [M]: 0x00000000800264D4 (0x0040006F) jal zero, 4
mem[X,0x00000000800264D8] -> 0xB823
mem[X,0x00000000800264DA] -> 0x2620
[5483] [M]: 0x00000000800264D8 (0x2620B823) sd sp, 624(ra)
mem[0x0000000080049C40] <- 0x0000000000000003
mem[X,0x00000000800264DC] -> 0x0537
mem[X,0x00000000800264DE] -> 0x0000
[5484] [M]: 0x00000000800264DC (0x00000537) lui a0, 0
x10 <- 0x0000000000000000
mem[X,0x00000000800264E0] -> 0x0513
mem[X,0x00000000800264E2] -> 0x0005
[5485] [M]: 0x00000000800264E0 (0x00050513) addi a0, a0, 0
x10 <- 0x0000000000000000
mem[X,0x00000000800264E4] -> 0x1513
mem[X,0x00000000800264E6] -> 0x00B5
[5486] [M]: 0x00000000800264E4 (0x00B51513) slli a0, a0, 11
x10 <- 0x0000000000000000
mem[X,0x00000000800264E8] -> 0x0513
mem[X,0x00000000800264EA] -> 0x5A85
[5487] [M]: 0x00000000800264E8 (0x5A850513) addi a0, a0, 1448
x10 <- 0x00000000000005A8
mem[X,0x00000000800264EC] -> 0x1513
mem[X,0x00000000800264EE] -> 0x00B5
[5488] [M]: 0x00000000800264EC (0x00B51513) slli a0, a0, 11
x10 <- 0x00000000002D4000
mem[X,0x00000000800264F0] -> 0x0513
mem[X,0x00000000800264F2] -> 0x13C5
[5489] [M]: 0x00000000800264F0 (0x13C50513) addi a0, a0, 316
x10 <- 0x00000000002D413C
mem[X,0x00000000800264F4] -> 0x1513
mem[X,0x00000000800264F6] -> 0x00A5
[5490] [M]: 0x00000000800264F4 (0x00A51513) slli a0, a0, 10
x10 <- 0x00000000B504F000
mem[X,0x00000000800264F8] -> 0x0513
mem[X,0x00000000800264FA] -> 0x3335
[5491] [M]: 0x00000000800264F8 (0x33350513) addi a0, a0, 819
x10 <- 0x00000000B504F333
mem[X,0x00000000800264FC] -> 0x0593
mem[X,0x00000000800264FE] -> 0x0060
[5492] [M]: 0x00000000800264FC (0x00600593) addi a1, zero, 6
x11 <- 0x0000000000000006
mem[X,0x0000000080026500] -> 0x0113
mem[X,0x0000000080026502] -> 0x0000
[5493] [M]: 0x0000000080026500 (0x00000113) addi sp, zero, 0
x2 <- 0x0000000000000000
mem[X,0x0000000080026504] -> 0x006F
mem[X,0x0000000080026506] -> 0x0180
[5494] [M]: 0x0000000080026504 (0x0180006F) jal zero, 24
mem[X,0x000000008002651C] -> 0x56E3
mem[X,0x000000008002651E] -> 0xFEB5
[5495] [M]: 0x000000008002651C (0xFEB556E3) bge a0, a1, 8172
mem[X,0x0000000080026508] -> 0x0113
mem[X,0x000000008002650A] -> 0x0011
[5496] [M]: 0x0000000080026508 (0x00110113) addi sp, sp, 1
x2 <- 0x0000000000000001
mem[X,0x000000008002650C] -> 0x006F
mem[X,0x000000008002650E] -> 0x0240
[5497] [M]: 0x000000008002650C (0x0240006F) jal zero, 36
mem[X,0x0000000080026530] -> 0xBC23
mem[X,0x0000000080026532] -> 0x2620
[5498] [M]: 0x0000000080026530 (0x2620BC23) sd sp, 632(ra)
mem[0x0000000080049C48] <- 0x0000000000000001
mem[X,0x0000000080026534] -> 0x0537
mem[X,0x0000000080026536] -> 0x0000
[5499] [M]: 0x0000000080026534 (0x00000537) lui a0, 0
x10 <- 0x0000000000000000
clint::tick mtime <- 0x0000000000000037
 clint timer pending at mtime 0x0000000000000037
htif::tick 0x0000000000000000
mem[X,0x0000000080026538] -> 0x0513
mem[X,0x000000008002653A] -> 0x0005
[5500] [M]: 0x0000000080026538 (0x00050513) addi a0, a0, 0
x10 <- 0x0000000000000000
mem[X,0x000000008002653C] -> 0x1513
mem[X,0x000000008002653E] -> 0x00B5
[5501] [M]: 0x000000008002653C (0x00B51513) slli a0, a0, 11
x10 <- 0x0000000000000000
mem[X,0x0000000080026540] -> 0x0513
mem[X,0x0000000080026542] -> 0x5A85
[5502] [M]: 0x0000000080026540 (0x5A850513) addi a0, a0, 1448
x10 <- 0x00000000000005A8
mem[X,0x0000000080026544] -> 0x1513
mem[X,0x0000000080026546] -> 0x00B5
[5503] [M]: 0x0000000080026544 (0x00B51513) slli a0, a0, 11
x10 <- 0x00000000002D4000
mem[X,0x0000000080026548] -> 0x0513
mem[X,0x000000008002654A] -> 0x13C5
[5504] [M]: 0x0000000080026548 (0x13C50513) addi a0, a0, 316
x10 <- 0x00000000002D413C
mem[X,0x000000008002654C] -> 0x1513
mem[X,0x000000008002654E] -> 0x00A5
[5505] [M]: 0x000000008002654C (0x00A51513) slli a0, a0, 10
x10 <- 0x00000000B504F000
mem[X,0x0000000080026550] -> 0x0513
mem[X,0x0000000080026552] -> 0x3335
[5506] [M]: 0x0000000080026550 (0x33350513) addi a0, a0, 819
x10 <- 0x00000000B504F333
mem[X,0x0000000080026554] -> 0x35B7
mem[X,0x0000000080026556] -> 0x3333
[5507] [M]: 0x0000000080026554 (0x333335B7) lui a1, 209715
x11 <- 0x0000000033333000
mem[X,0x0000000080026558] -> 0x8593
mem[X,0x000000008002655A] -> 0x3335
[5508] [M]: 0x0000000080026558 (0x33358593) addi a1, a1, 819
x11 <- 0x0000000033333333
mem[X,0x000000008002655C] -> 0x9593
mem[X,0x000000008002655E] -> 0x00B5
[5509] [M]: 0x000000008002655C (0x00B59593) slli a1, a1, 11
x11 <- 0x0000019999999800
mem[X,0x0000000080026560] -> 0x8593
mem[X,0x0000000080026562] -> 0x1995
[5510] [M]: 0x0000000080026560 (0x19958593) addi a1, a1, 409
x11 <- 0x0000019999999999
mem[X,0x0000000080026564] -> 0x9593
mem[X,0x0000000080026566] -> 0x00B5
[5511] [M]: 0x0000000080026564 (0x00B59593) slli a1, a1, 11
x11 <- 0x000CCCCCCCCCC800
mem[X,0x0000000080026568] -> 0x8593
mem[X,0x000000008002656A] -> 0x4CC5
[5512] [M]: 0x0000000080026568 (0x4CC58593) addi a1, a1, 1228
x11 <- 0x000CCCCCCCCCCCCC
mem[X,0x000000008002656C] -> 0x9593
mem[X,0x000000008002656E] -> 0x00A5
[5513] [M]: 0x000000008002656C (0x00A59593) slli a1, a1, 10
x11 <- 0x3333333333333000
mem[X,0x0000000080026570] -> 0x8593
mem[X,0x0000000080026572] -> 0x3345
[5514] [M]: 0x0000000080026570 (0x33458593) addi a1, a1, 820
x11 <- 0x3333333333333334
mem[X,0x0000000080026574] -> 0x0113
mem[X,0x0000000080026576] -> 0x0000
[5515] [M]: 0x0000000080026574 (0x00000113) addi sp, zero, 0
x2 <- 0x0000000000000000
mem[X,0x0000000080026578] -> 0x006F
mem[X,0x000000008002657A] -> 0x00C0
[5516] [M]: 0x0000000080026578 (0x00C0006F) jal zero, 12
mem[X,0x0000000080026584] -> 0x5063
mem[X,0x0000000080026586] -> 0x04B5
[5517] [M]: 0x0000000080026584 (0x04B55063) bge a0, a1, 64
mem[X,0x0000000080026588] -> 0x0113
mem[X,0x000000008002658A] -> 0x0021
[5518] [M]: 0x0000000080026588 (0x00210113) addi sp, sp, 2
x2 <- 0x0000000000000002
mem[X,0x000000008002658C] -> 0x006F
mem[X,0x000000008002658E] -> 0x0400
[5519] [M]: 0x000000008002658C (0x0400006F) jal zero, 64
mem[X,0x00000000800265CC] -> 0xB023
mem[X,0x00000000800265CE] -> 0x2820
[5520] [M]: 0x00000000800265CC (0x2820B023) sd sp, 640(ra)
mem[0x0000000080049C50] <- 0x0000000000000002
mem[X,0x00000000800265D0] -> 0x0537
mem[X,0x00000000800265D2] -> 0x0000
[5521] [M]: 0x00000000800265D0 (0x00000537) lui a0, 0
x10 <- 0x0000000000000000
mem[X,0x00000000800265D4] -> 0x0513
mem[X,0x00000000800265D6] -> 0x0005
[5522] [M]: 0x00000000800265D4 (0x00050513) addi a0, a0, 0
x10 <- 0x0000000000000000
mem[X,0x00000000800265D8] -> 0x1513
mem[X,0x00000000800265DA] -> 0x00B5
[5523] [M]: 0x00000000800265D8 (0x00B51513) slli a0, a0, 11
x10 <- 0x0000000000000000
mem[X,0x00000000800265DC] -> 0x0513
mem[X,0x00000000800265DE] -> 0x5A85
[5524] [M]: 0x00000000800265DC (0x5A850513) addi a0, a0, 1448
x10 <- 0x00000000000005A8
mem[X,0x00000000800265E0] -> 0x1513
mem[X,0x00000000800265E2] -> 0x00B5
[5525] [M]: 0x00000000800265E0 (0x00B51513) slli a0, a0, 11
x10 <- 0x00000000002D4000
mem[X,0x00000000800265E4] -> 0x0513
mem[X,0x00000000800265E6] -> 0x13C5
[5526] [M]: 0x00000000800265E4 (0x13C50513) addi a0, a0, 316
x10 <- 0x00000000002D413C
mem[X,0x00000000800265E8] -> 0x1513
mem[X,0x00000000800265EA] -> 0x00A5
[5527] [M]: 0x00000000800265E8 (0x00A51513) slli a0, a0, 10
x10 <- 0x00000000B504F000
mem[X,0x00000000800265EC] -> 0x0513
mem[X,0x00000000800265EE] -> 0x3335
[5528] [M]: 0x00000000800265EC (0x33350513) addi a0, a0, 819
x10 <- 0x00000000B504F333
mem[X,0x00000000800265F0] -> 0x65B7
mem[X,0x00000000800265F2] -> 0x6666
[5529] [M]: 0x00000000800265F0 (0x666665B7) lui a1, 419430
x11 <- 0x0000000066666000
mem[X,0x00000000800265F4] -> 0x8593
mem[X,0x00000000800265F6] -> 0x6665
[5530] [M]: 0x00000000800265F4 (0x66658593) addi a1, a1, 1638
x11 <- 0x0000000066666666
mem[X,0x00000000800265F8] -> 0x9593
mem[X,0x00000000800265FA] -> 0x00B5
[5531] [M]: 0x00000000800265F8 (0x00B59593) slli a1, a1, 11
x11 <- 0x0000033333333000
mem[X,0x00000000800265FC] -> 0x8593
mem[X,0x00000000800265FE] -> 0x3335
[5532] [M]: 0x00000000800265FC (0x33358593) addi a1, a1, 819
x11 <- 0x0000033333333333
mem[X,0x0000000080026600] -> 0x9593
mem[X,0x0000000080026602] -> 0x00B5
[5533] [M]: 0x0000000080026600 (0x00B59593) slli a1, a1, 11
x11 <- 0x0019999999999800
mem[X,0x0000000080026604] -> 0x8593
mem[X,0x0000000080026606] -> 0x1995
[5534] [M]: 0x0000000080026604 (0x19958593) addi a1, a1, 409
x11 <- 0x0019999999999999
mem[X,0x0000000080026608] -> 0x9593
mem[X,0x000000008002660A] -> 0x00A5
[5535] [M]: 0x0000000080026608 (0x00A59593) slli a1, a1, 10
x11 <- 0x6666666666666400
mem[X,0x000000008002660C] -> 0x8593
mem[X,0x000000008002660E] -> 0x2675
[5536] [M]: 0x000000008002660C (0x26758593) addi a1, a1, 615
x11 <- 0x6666666666666667
mem[X,0x0000000080026610] -> 0x0113
mem[X,0x0000000080026612] -> 0x0000
[5537] [M]: 0x0000000080026610 (0x00000113) addi sp, zero, 0
x2 <- 0x0000000000000000
mem[X,0x0000000080026614] -> 0x006F
mem[X,0x0000000080026616] -> 0x00C0
[5538] [M]: 0x0000000080026614 (0x00C0006F) jal zero, 12
mem[X,0x0000000080026620] -> 0x5063
mem[X,0x0000000080026622] -> 0x20B5
[5539] [M]: 0x0000000080026620 (0x20B55063) bge a0, a1, 512
mem[X,0x0000000080026624] -> 0x0113
mem[X,0x0000000080026626] -> 0x0021
[5540] [M]: 0x0000000080026624 (0x00210113) addi sp, sp, 2
x2 <- 0x0000000000000002
mem[X,0x0000000080026628] -> 0x006F
mem[X,0x000000008002662A] -> 0x2000
[5541] [M]: 0x0000000080026628 (0x2000006F) jal zero, 512
mem[X,0x0000000080026828] -> 0xB423
mem[X,0x000000008002682A] -> 0x2820
[5542] [M]: 0x0000000080026828 (0x2820B423) sd sp, 648(ra)
mem[0x0000000080049C58] <- 0x0000000000000002
mem[X,0x000000008002682C] -> 0x0537
mem[X,0x000000008002682E] -> 0x0000
[5543] [M]: 0x000000008002682C (0x00000537) lui a0, 0
x10 <- 0x0000000000000000
mem[X,0x0000000080026830] -> 0x0513
mem[X,0x0000000080026832] -> 0x0005
[5544] [M]: 0x0000000080026830 (0x00050513) addi a0, a0, 0
x10 <- 0x0000000000000000
mem[X,0x0000000080026834] -> 0x1513
mem[X,0x0000000080026836] -> 0x00B5
[5545] [M]: 0x0000000080026834 (0x00B51513) slli a0, a0, 11
x10 <- 0x0000000000000000
mem[X,0x0000000080026838] -> 0x0513
mem[X,0x000000008002683A] -> 0x5A85
[5546] [M]: 0x0000000080026838 (0x5A850513) addi a0, a0, 1448
x10 <- 0x00000000000005A8
mem[X,0x000000008002683C] -> 0x1513
mem[X,0x000000008002683E] -> 0x00B5
[5547] [M]: 0x000000008002683C (0x00B51513) slli a0, a0, 11
x10 <- 0x00000000002D4000
mem[X,0x0000000080026840] -> 0x0513
mem[X,0x0000000080026842] -> 0x13C5
[5548] [M]: 0x0000000080026840 (0x13C50513) addi a0, a0, 316
x10 <- 0x00000000002D413C
mem[X,0x0000000080026844] -> 0x1513
mem[X,0x0000000080026846] -> 0x00A5
[5549] [M]: 0x0000000080026844 (0x00A51513) slli a0, a0, 10
x10 <- 0x00000000B504F000
mem[X,0x0000000080026848] -> 0x0513
mem[X,0x000000008002684A] -> 0x3335
[5550] [M]: 0x0000000080026848 (0x33350513) addi a0, a0, 819
x10 <- 0x00000000B504F333
mem[X,0x000000008002684C] -> 0x05B7
mem[X,0x000000008002684E] -> 0x0000
[5551] [M]: 0x000000008002684C (0x000005B7) lui a1, 0
x11 <- 0x0000000000000000
mem[X,0x0000000080026850] -> 0x8593
mem[X,0x0000000080026852] -> 0xFFF5
[5552] [M]: 0x0000000080026850 (0xFFF58593) addi a1, a1, 4095
x11 <- 0xFFFFFFFFFFFFFFFF
mem[X,0x0000000080026854] -> 0x9593
mem[X,0x0000000080026856] -> 0x00B5
[5553] [M]: 0x0000000080026854 (0x00B59593) slli a1, a1, 11
x11 <- 0xFFFFFFFFFFFFF800
mem[X,0x0000000080026858] -> 0x8593
mem[X,0x000000008002685A] -> 0x2575
[5554] [M]: 0x0000000080026858 (0x25758593) addi a1, a1, 599
x11 <- 0xFFFFFFFFFFFFFA57
mem[X,0x000000008002685C] -> 0x9593
mem[X,0x000000008002685E] -> 0x00B5
[5555] [M]: 0x000000008002685C (0x00B59593) slli a1, a1, 11
x11 <- 0xFFFFFFFFFFD2B800
mem[X,0x0000000080026860] -> 0x8593
mem[X,0x0000000080026862] -> 0x6C35
[5556] [M]: 0x0000000080026860 (0x6C358593) addi a1, a1, 1731
x11 <- 0xFFFFFFFFFFD2BEC3
mem[X,0x0000000080026864] -> 0x9593
mem[X,0x0000000080026866] -> 0x00A5
[5557] [M]: 0x0000000080026864 (0x00A59593) slli a1, a1, 10
x11 <- 0xFFFFFFFF4AFB0C00
mem[X,0x0000000080026868] -> 0x8593
mem[X,0x000000008002686A] -> 0x0CE5
[5558] [M]: 0x0000000080026868 (0x0CE58593) addi a1, a1, 206
x11 <- 0xFFFFFFFF4AFB0CCE
mem[X,0x000000008002686C] -> 0x0113
mem[X,0x000000008002686E] -> 0x0000
[5559] [M]: 0x000000008002686C (0x00000113) addi sp, zero, 0
x2 <- 0x0000000000000000
mem[X,0x0000000080026870] -> 0x006F
mem[X,0x0000000080026872] -> 0x00C0
[5560] [M]: 0x0000000080026870 (0x00C0006F) jal zero, 12
mem[X,0x000000008002687C] -> 0x5CE3
mem[X,0x000000008002687E] -> 0xFEB5
[5561] [M]: 0x000000008002687C (0xFEB55CE3) bge a0, a1, 8184
mem[X,0x0000000080026874] -> 0x0113
mem[X,0x0000000080026876] -> 0x0011
[5562] [M]: 0x0000000080026874 (0x00110113) addi sp, sp, 1
x2 <- 0x0000000000000001
mem[X,0x0000000080026878] -> 0x006F
mem[X,0x000000008002687A] -> 0x0180
[5563] [M]: 0x0000000080026878 (0x0180006F) jal zero, 24
mem[X,0x0000000080026890] -> 0xB823
mem[X,0x0000000080026892] -> 0x2820
[5564] [M]: 0x0000000080026890 (0x2820B823) sd sp, 656(ra)
mem[0x0000000080049C60] <- 0x0000000000000001
mem[X,0x0000000080026894] -> 0x0537
mem[X,0x0000000080026896] -> 0x0000
[5565] [M]: 0x0000000080026894 (0x00000537) lui a0, 0
x10 <- 0x0000000000000000
mem[X,0x0000000080026898] -> 0x0513
mem[X,0x000000008002689A] -> 0x0005
[5566] [M]: 0x0000000080026898 (0x00050513) addi a0, a0, 0
x10 <- 0x0000000000000000
mem[X,0x000000008002689C] -> 0x1513
mem[X,0x000000008002689E] -> 0x00B5
[5567] [M]: 0x000000008002689C (0x00B51513) slli a0, a0, 11
x10 <- 0x0000000000000000
mem[X,0x00000000800268A0] -> 0x0513
mem[X,0x00000000800268A2] -> 0x5A85
[5568] [M]: 0x00000000800268A0 (0x5A850513) addi a0, a0, 1448
x10 <- 0x00000000000005A8
mem[X,0x00000000800268A4] -> 0x1513
mem[X,0x00000000800268A6] -> 0x00B5
[5569] [M]: 0x00000000800268A4 (0x00B51513) slli a0, a0, 11
x10 <- 0x00000000002D4000
mem[X,0x00000000800268A8] -> 0x0513
mem[X,0x00000000800268AA] -> 0x13C5
[5570] [M]: 0x00000000800268A8 (0x13C50513) addi a0, a0, 316
x10 <- 0x00000000002D413C
mem[X,0x00000000800268AC] -> 0x1513
mem[X,0x00000000800268AE] -> 0x00A5
[5571] [M]: 0x00000000800268AC (0x00A51513) slli a0, a0, 10
x10 <- 0x00000000B504F000
mem[X,0x00000000800268B0] -> 0x0513
mem[X,0x00000000800268B2] -> 0x3335
[5572] [M]: 0x00000000800268B0 (0x33350513) addi a0, a0, 819
x10 <- 0x00000000B504F333
mem[X,0x00000000800268B4] -> 0x05B7
mem[X,0x00000000800268B6] -> 0x0000
[5573] [M]: 0x00000000800268B4 (0x000005B7) lui a1, 0
x11 <- 0x0000000000000000
mem[X,0x00000000800268B8] -> 0x8593
mem[X,0x00000000800268BA] -> 0x0005
[5574] [M]: 0x00000000800268B8 (0x00058593) addi a1, a1, 0
x11 <- 0x0000000000000000
mem[X,0x00000000800268BC] -> 0x9593
mem[X,0x00000000800268BE] -> 0x00B5
[5575] [M]: 0x00000000800268BC (0x00B59593) slli a1, a1, 11
x11 <- 0x0000000000000000
mem[X,0x00000000800268C0] -> 0x8593
mem[X,0x00000000800268C2] -> 0x5A85
[5576] [M]: 0x00000000800268C0 (0x5A858593) addi a1, a1, 1448
x11 <- 0x00000000000005A8
mem[X,0x00000000800268C4] -> 0x9593
mem[X,0x00000000800268C6] -> 0x00B5
[5577] [M]: 0x00000000800268C4 (0x00B59593) slli a1, a1, 11
x11 <- 0x00000000002D4000
mem[X,0x00000000800268C8] -> 0x8593
mem[X,0x00000000800268CA] -> 0x13C5
[5578] [M]: 0x00000000800268C8 (0x13C58593) addi a1, a1, 316
x11 <- 0x00000000002D413C
mem[X,0x00000000800268CC] -> 0x9593
mem[X,0x00000000800268CE] -> 0x00A5
[5579] [M]: 0x00000000800268CC (0x00A59593) slli a1, a1, 10
x11 <- 0x00000000B504F000
mem[X,0x00000000800268D0] -> 0x8593
mem[X,0x00000000800268D2] -> 0x3345
[5580] [M]: 0x00000000800268D0 (0x33458593) addi a1, a1, 820
x11 <- 0x00000000B504F334
mem[X,0x00000000800268D4] -> 0x0113
mem[X,0x00000000800268D6] -> 0x0000
[5581] [M]: 0x00000000800268D4 (0x00000113) addi sp, zero, 0
x2 <- 0x0000000000000000
mem[X,0x00000000800268D8] -> 0x006F
mem[X,0x00000000800268DA] -> 0x00C0
[5582] [M]: 0x00000000800268D8 (0x00C0006F) jal zero, 12
mem[X,0x00000000800268E4] -> 0x5063
mem[X,0x00000000800268E6] -> 0x10B5
[5583] [M]: 0x00000000800268E4 (0x10B55063) bge a0, a1, 256
mem[X,0x00000000800268E8] -> 0x0113
mem[X,0x00000000800268EA] -> 0x0021
[5584] [M]: 0x00000000800268E8 (0x00210113) addi sp, sp, 2
x2 <- 0x0000000000000002
mem[X,0x00000000800268EC] -> 0x006F
mem[X,0x00000000800268EE] -> 0x1000
[5585] [M]: 0x00000000800268EC (0x1000006F) jal zero, 256
mem[X,0x00000000800269EC] -> 0xBC23
mem[X,0x00000000800269EE] -> 0x2820
[5586] [M]: 0x00000000800269EC (0x2820BC23) sd sp, 664(ra)
mem[0x0000000080049C68] <- 0x0000000000000002
mem[X,0x00000000800269F0] -> 0x0513
mem[X,0x00000000800269F2] -> 0x0020
[5587] [M]: 0x00000000800269F0 (0x00200513) addi a0, zero, 2
x10 <- 0x0000000000000002
mem[X,0x00000000800269F4] -> 0x0593
mem[X,0x00000000800269F6] -> 0x0030
[5588] [M]: 0x00000000800269F4 (0x00300593) addi a1, zero, 3
x11 <- 0x0000000000000003
mem[X,0x00000000800269F8] -> 0x0113
mem[X,0x00000000800269FA] -> 0x0000
[5589] [M]: 0x00000000800269F8 (0x00000113) addi sp, zero, 0
x2 <- 0x0000000000000000
mem[X,0x00000000800269FC] -> 0x006F
mem[X,0x00000000800269FE] -> 0x0180
[5590] [M]: 0x00000000800269FC (0x0180006F) jal zero, 24
mem[X,0x0000000080026A14] -> 0x56E3
mem[X,0x0000000080026A16] -> 0xFEB5
[5591] [M]: 0x0000000080026A14 (0xFEB556E3) bge a0, a1, 8172
mem[X,0x0000000080026A18] -> 0x0113
mem[X,0x0000000080026A1A] -> 0x0021
[5592] [M]: 0x0000000080026A18 (0x00210113) addi sp, sp, 2
x2 <- 0x0000000000000002
mem[X,0x0000000080026A1C] -> 0x006F
mem[X,0x0000000080026A1E] -> 0x00C0
[5593] [M]: 0x0000000080026A1C (0x00C0006F) jal zero, 12
mem[X,0x0000000080026A28] -> 0xB023
mem[X,0x0000000080026A2A] -> 0x2A20
[5594] [M]: 0x0000000080026A28 (0x2A20B023) sd sp, 672(ra)
mem[0x0000000080049C70] <- 0x0000000000000002
mem[X,0x0000000080026A2C] -> 0x0513
mem[X,0x0000000080026A2E] -> 0x0020
[5595] [M]: 0x0000000080026A2C (0x00200513) addi a0, zero, 2
x10 <- 0x0000000000000002
mem[X,0x0000000080026A30] -> 0x55B7
mem[X,0x0000000080026A32] -> 0x5555
[5596] [M]: 0x0000000080026A30 (0x555555B7) lui a1, 349525
x11 <- 0x0000000055555000
mem[X,0x0000000080026A34] -> 0x8593
mem[X,0x0000000080026A36] -> 0x5555
[5597] [M]: 0x0000000080026A34 (0x55558593) addi a1, a1, 1365
x11 <- 0x0000000055555555
mem[X,0x0000000080026A38] -> 0x9593
mem[X,0x0000000080026A3A] -> 0x00B5
[5598] [M]: 0x0000000080026A38 (0x00B59593) slli a1, a1, 11
x11 <- 0x000002AAAAAAA800
mem[X,0x0000000080026A3C] -> 0x8593
mem[X,0x0000000080026A3E] -> 0x2AA5
[5599] [M]: 0x0000000080026A3C (0x2AA58593) addi a1, a1, 682
x11 <- 0x000002AAAAAAAAAA
clint::tick mtime <- 0x0000000000000038
 clint timer pending at mtime 0x0000000000000038
htif::tick 0x0000000000000000
mem[X,0x0000000080026A40] -> 0x9593
mem[X,0x0000000080026A42] -> 0x00B5
[5600] [M]: 0x0000000080026A40 (0x00B59593) slli a1, a1, 11
x11 <- 0x0015555555555000
mem[X,0x0000000080026A44] -> 0x8593
mem[X,0x0000000080026A46] -> 0x5555
[5601] [M]: 0x0000000080026A44 (0x55558593) addi a1, a1, 1365
x11 <- 0x0015555555555555
mem[X,0x0000000080026A48] -> 0x9593
mem[X,0x0000000080026A4A] -> 0x00A5
[5602] [M]: 0x0000000080026A48 (0x00A59593) slli a1, a1, 10
x11 <- 0x5555555555555400
mem[X,0x0000000080026A4C] -> 0x8593
mem[X,0x0000000080026A4E] -> 0x1555
[5603] [M]: 0x0000000080026A4C (0x15558593) addi a1, a1, 341
x11 <- 0x5555555555555555
mem[X,0x0000000080026A50] -> 0x0113
mem[X,0x0000000080026A52] -> 0x0000
[5604] [M]: 0x0000000080026A50 (0x00000113) addi sp, zero, 0
x2 <- 0x0000000000000000
mem[X,0x0000000080026A54] -> 0x006F
mem[X,0x0000000080026A56] -> 0x00C0
[5605] [M]: 0x0000000080026A54 (0x00C0006F) jal zero, 12
mem[X,0x0000000080026A60] -> 0x5CE3
mem[X,0x0000000080026A62] -> 0xFEB5
[5606] [M]: 0x0000000080026A60 (0xFEB55CE3) bge a0, a1, 8184
mem[X,0x0000000080026A64] -> 0x0113
mem[X,0x0000000080026A66] -> 0x0021
[5607] [M]: 0x0000000080026A64 (0x00210113) addi sp, sp, 2
x2 <- 0x0000000000000002
mem[X,0x0000000080026A68] -> 0x006F
mem[X,0x0000000080026A6A] -> 0x00C0
[5608] [M]: 0x0000000080026A68 (0x00C0006F) jal zero, 12
mem[X,0x0000000080026A74] -> 0xB423
mem[X,0x0000000080026A76] -> 0x2A20
[5609] [M]: 0x0000000080026A74 (0x2A20B423) sd sp, 680(ra)
mem[0x0000000080049C78] <- 0x0000000000000002
mem[X,0x0000000080026A78] -> 0x0513
mem[X,0x0000000080026A7A] -> 0x0020
[5610] [M]: 0x0000000080026A78 (0x00200513) addi a0, zero, 2
x10 <- 0x0000000000000002
mem[X,0x0000000080026A7C] -> 0xB5B7
mem[X,0x0000000080026A7E] -> 0xAAAA
[5611] [M]: 0x0000000080026A7C (0xAAAAB5B7) lui a1, 699051
x11 <- 0xFFFFFFFFAAAAB000
mem[X,0x0000000080026A80] -> 0x8593
mem[X,0x0000000080026A82] -> 0xAAA5
[5612] [M]: 0x0000000080026A80 (0xAAA58593) addi a1, a1, 2730
x11 <- 0xFFFFFFFFAAAAAAAA
mem[X,0x0000000080026A84] -> 0x9593
mem[X,0x0000000080026A86] -> 0x00B5
[5613] [M]: 0x0000000080026A84 (0x00B59593) slli a1, a1, 11
x11 <- 0xFFFFFD5555555000
mem[X,0x0000000080026A88] -> 0x8593
mem[X,0x0000000080026A8A] -> 0x5555
[5614] [M]: 0x0000000080026A88 (0x55558593) addi a1, a1, 1365
x11 <- 0xFFFFFD5555555555
mem[X,0x0000000080026A8C] -> 0x9593
mem[X,0x0000000080026A8E] -> 0x00B5
[5615] [M]: 0x0000000080026A8C (0x00B59593) slli a1, a1, 11
x11 <- 0xFFEAAAAAAAAAA800
mem[X,0x0000000080026A90] -> 0x8593
mem[X,0x0000000080026A92] -> 0x2AA5
[5616] [M]: 0x0000000080026A90 (0x2AA58593) addi a1, a1, 682
x11 <- 0xFFEAAAAAAAAAAAAA
mem[X,0x0000000080026A94] -> 0x9593
mem[X,0x0000000080026A96] -> 0x00A5
[5617] [M]: 0x0000000080026A94 (0x00A59593) slli a1, a1, 10
x11 <- 0xAAAAAAAAAAAAA800
mem[X,0x0000000080026A98] -> 0x8593
mem[X,0x0000000080026A9A] -> 0x2AA5
[5618] [M]: 0x0000000080026A98 (0x2AA58593) addi a1, a1, 682
x11 <- 0xAAAAAAAAAAAAAAAA
mem[X,0x0000000080026A9C] -> 0x0113
mem[X,0x0000000080026A9E] -> 0x0000
[5619] [M]: 0x0000000080026A9C (0x00000113) addi sp, zero, 0
x2 <- 0x0000000000000000
mem[X,0x0000000080026AA0] -> 0x006F
mem[X,0x0000000080026AA2] -> 0x00C0
[5620] [M]: 0x0000000080026AA0 (0x00C0006F) jal zero, 12
mem[X,0x0000000080026AAC] -> 0x5663
mem[X,0x0000000080026AAE] -> 0x00B5
[5621] [M]: 0x0000000080026AAC (0x00B55663) bge a0, a1, 12
mem[X,0x0000000080026AB8] -> 0x0113
mem[X,0x0000000080026ABA] -> 0x0031
[5622] [M]: 0x0000000080026AB8 (0x00310113) addi sp, sp, 3
x2 <- 0x0000000000000003
mem[X,0x0000000080026ABC] -> 0x006F
mem[X,0x0000000080026ABE] -> 0x0040
[5623] [M]: 0x0000000080026ABC (0x0040006F) jal zero, 4
mem[X,0x0000000080026AC0] -> 0xB823
mem[X,0x0000000080026AC2] -> 0x2A20
[5624] [M]: 0x0000000080026AC0 (0x2A20B823) sd sp, 688(ra)
mem[0x0000000080049C80] <- 0x0000000000000003
mem[X,0x0000000080026AC4] -> 0x0513
mem[X,0x0000000080026AC6] -> 0x0020
[5625] [M]: 0x0000000080026AC4 (0x00200513) addi a0, zero, 2
x10 <- 0x0000000000000002
mem[X,0x0000000080026AC8] -> 0x0593
mem[X,0x0000000080026ACA] -> 0x0050
[5626] [M]: 0x0000000080026AC8 (0x00500593) addi a1, zero, 5
x11 <- 0x0000000000000005
mem[X,0x0000000080026ACC] -> 0x0113
mem[X,0x0000000080026ACE] -> 0x0000
[5627] [M]: 0x0000000080026ACC (0x00000113) addi sp, zero, 0
x2 <- 0x0000000000000000
mem[X,0x0000000080026AD0] -> 0x006F
mem[X,0x0000000080026AD2] -> 0x00C0
[5628] [M]: 0x0000000080026AD0 (0x00C0006F) jal zero, 12
mem[X,0x0000000080026ADC] -> 0x5863
mem[X,0x0000000080026ADE] -> 0x00B5
[5629] [M]: 0x0000000080026ADC (0x00B55863) bge a0, a1, 16
mem[X,0x0000000080026AE0] -> 0x0113
mem[X,0x0000000080026AE2] -> 0x0021
[5630] [M]: 0x0000000080026AE0 (0x00210113) addi sp, sp, 2
x2 <- 0x0000000000000002
mem[X,0x0000000080026AE4] -> 0x006F
mem[X,0x0000000080026AE6] -> 0x0100
[5631] [M]: 0x0000000080026AE4 (0x0100006F) jal zero, 16
mem[X,0x0000000080026AF4] -> 0xBC23
mem[X,0x0000000080026AF6] -> 0x2A20
[5632] [M]: 0x0000000080026AF4 (0x2A20BC23) sd sp, 696(ra)
mem[0x0000000080049C88] <- 0x0000000000000002
mem[X,0x0000000080026AF8] -> 0x0513
mem[X,0x0000000080026AFA] -> 0x0020
[5633] [M]: 0x0000000080026AF8 (0x00200513) addi a0, zero, 2
x10 <- 0x0000000000000002
mem[X,0x0000000080026AFC] -> 0x35B7
mem[X,0x0000000080026AFE] -> 0x3333
[5634] [M]: 0x0000000080026AFC (0x333335B7) lui a1, 209715
x11 <- 0x0000000033333000
mem[X,0x0000000080026B00] -> 0x8593
mem[X,0x0000000080026B02] -> 0x3335
[5635] [M]: 0x0000000080026B00 (0x33358593) addi a1, a1, 819
x11 <- 0x0000000033333333
mem[X,0x0000000080026B04] -> 0x9593
mem[X,0x0000000080026B06] -> 0x00B5
[5636] [M]: 0x0000000080026B04 (0x00B59593) slli a1, a1, 11
x11 <- 0x0000019999999800
mem[X,0x0000000080026B08] -> 0x8593
mem[X,0x0000000080026B0A] -> 0x1995
[5637] [M]: 0x0000000080026B08 (0x19958593) addi a1, a1, 409
x11 <- 0x0000019999999999
mem[X,0x0000000080026B0C] -> 0x9593
mem[X,0x0000000080026B0E] -> 0x00B5
[5638] [M]: 0x0000000080026B0C (0x00B59593) slli a1, a1, 11
x11 <- 0x000CCCCCCCCCC800
mem[X,0x0000000080026B10] -> 0x8593
mem[X,0x0000000080026B12] -> 0x4CC5
[5639] [M]: 0x0000000080026B10 (0x4CC58593) addi a1, a1, 1228
x11 <- 0x000CCCCCCCCCCCCC
mem[X,0x0000000080026B14] -> 0x9593
mem[X,0x0000000080026B16] -> 0x00A5
[5640] [M]: 0x0000000080026B14 (0x00A59593) slli a1, a1, 10
x11 <- 0x3333333333333000
mem[X,0x0000000080026B18] -> 0x8593
mem[X,0x0000000080026B1A] -> 0x3335
[5641] [M]: 0x0000000080026B18 (0x33358593) addi a1, a1, 819
x11 <- 0x3333333333333333
mem[X,0x0000000080026B1C] -> 0x0113
mem[X,0x0000000080026B1E] -> 0x0000
[5642] [M]: 0x0000000080026B1C (0x00000113) addi sp, zero, 0
x2 <- 0x0000000000000000
mem[X,0x0000000080026B20] -> 0x006F
mem[X,0x0000000080026B22] -> 0x00C0
[5643] [M]: 0x0000000080026B20 (0x00C0006F) jal zero, 12
mem[X,0x0000000080026B2C] -> 0x5663
mem[X,0x0000000080026B2E] -> 0x00B5
[5644] [M]: 0x0000000080026B2C (0x00B55663) bge a0, a1, 12
mem[X,0x0000000080026B30] -> 0x0113
mem[X,0x0000000080026B32] -> 0x0021
[5645] [M]: 0x0000000080026B30 (0x00210113) addi sp, sp, 2
x2 <- 0x0000000000000002
mem[X,0x0000000080026B34] -> 0x006F
mem[X,0x0000000080026B36] -> 0x00C0
[5646] [M]: 0x0000000080026B34 (0x00C0006F) jal zero, 12
mem[X,0x0000000080026B40] -> 0xB023
mem[X,0x0000000080026B42] -> 0x2C20
[5647] [M]: 0x0000000080026B40 (0x2C20B023) sd sp, 704(ra)
mem[0x0000000080049C90] <- 0x0000000000000002
mem[X,0x0000000080026B44] -> 0x0513
mem[X,0x0000000080026B46] -> 0x0020
[5648] [M]: 0x0000000080026B44 (0x00200513) addi a0, zero, 2
x10 <- 0x0000000000000002
mem[X,0x0000000080026B48] -> 0x65B7
mem[X,0x0000000080026B4A] -> 0x6666
[5649] [M]: 0x0000000080026B48 (0x666665B7) lui a1, 419430
x11 <- 0x0000000066666000
mem[X,0x0000000080026B4C] -> 0x8593
mem[X,0x0000000080026B4E] -> 0x6665
[5650] [M]: 0x0000000080026B4C (0x66658593) addi a1, a1, 1638
x11 <- 0x0000000066666666
mem[X,0x0000000080026B50] -> 0x9593
mem[X,0x0000000080026B52] -> 0x00B5
[5651] [M]: 0x0000000080026B50 (0x00B59593) slli a1, a1, 11
x11 <- 0x0000033333333000
mem[X,0x0000000080026B54] -> 0x8593
mem[X,0x0000000080026B56] -> 0x3335
[5652] [M]: 0x0000000080026B54 (0x33358593) addi a1, a1, 819
x11 <- 0x0000033333333333
mem[X,0x0000000080026B58] -> 0x9593
mem[X,0x0000000080026B5A] -> 0x00B5
[5653] [M]: 0x0000000080026B58 (0x00B59593) slli a1, a1, 11
x11 <- 0x0019999999999800
mem[X,0x0000000080026B5C] -> 0x8593
mem[X,0x0000000080026B5E] -> 0x1995
[5654] [M]: 0x0000000080026B5C (0x19958593) addi a1, a1, 409
x11 <- 0x0019999999999999
mem[X,0x0000000080026B60] -> 0x9593
mem[X,0x0000000080026B62] -> 0x00A5
[5655] [M]: 0x0000000080026B60 (0x00A59593) slli a1, a1, 10
x11 <- 0x6666666666666400
mem[X,0x0000000080026B64] -> 0x8593
mem[X,0x0000000080026B66] -> 0x2665
[5656] [M]: 0x0000000080026B64 (0x26658593) addi a1, a1, 614
x11 <- 0x6666666666666666
mem[X,0x0000000080026B68] -> 0x0113
mem[X,0x0000000080026B6A] -> 0x0000
[5657] [M]: 0x0000000080026B68 (0x00000113) addi sp, zero, 0
x2 <- 0x0000000000000000
mem[X,0x0000000080026B6C] -> 0x006F
mem[X,0x0000000080026B6E] -> 0x00C0
[5658] [M]: 0x0000000080026B6C (0x00C0006F) jal zero, 12
mem[X,0x0000000080026B78] -> 0x5063
mem[X,0x0000000080026B7A] -> 0x02B5
[5659] [M]: 0x0000000080026B78 (0x02B55063) bge a0, a1, 32
mem[X,0x0000000080026B7C] -> 0x0113
mem[X,0x0000000080026B7E] -> 0x0021
[5660] [M]: 0x0000000080026B7C (0x00210113) addi sp, sp, 2
x2 <- 0x0000000000000002
mem[X,0x0000000080026B80] -> 0x006F
mem[X,0x0000000080026B82] -> 0x0200
[5661] [M]: 0x0000000080026B80 (0x0200006F) jal zero, 32
mem[X,0x0000000080026BA0] -> 0xB423
mem[X,0x0000000080026BA2] -> 0x2C20
[5662] [M]: 0x0000000080026BA0 (0x2C20B423) sd sp, 712(ra)
mem[0x0000000080049C98] <- 0x0000000000000002
mem[X,0x0000000080026BA4] -> 0x0513
mem[X,0x0000000080026BA6] -> 0x0020
[5663] [M]: 0x0000000080026BA4 (0x00200513) addi a0, zero, 2
x10 <- 0x0000000000000002
mem[X,0x0000000080026BA8] -> 0x05B7
mem[X,0x0000000080026BAA] -> 0x0000
[5664] [M]: 0x0000000080026BA8 (0x000005B7) lui a1, 0
x11 <- 0x0000000000000000
mem[X,0x0000000080026BAC] -> 0x8593
mem[X,0x0000000080026BAE] -> 0xFFF5
[5665] [M]: 0x0000000080026BAC (0xFFF58593) addi a1, a1, 4095
x11 <- 0xFFFFFFFFFFFFFFFF
mem[X,0x0000000080026BB0] -> 0x9593
mem[X,0x0000000080026BB2] -> 0x00B5
[5666] [M]: 0x0000000080026BB0 (0x00B59593) slli a1, a1, 11
x11 <- 0xFFFFFFFFFFFFF800
mem[X,0x0000000080026BB4] -> 0x8593
mem[X,0x0000000080026BB6] -> 0x2575
[5667] [M]: 0x0000000080026BB4 (0x25758593) addi a1, a1, 599
x11 <- 0xFFFFFFFFFFFFFA57
mem[X,0x0000000080026BB8] -> 0x9593
mem[X,0x0000000080026BBA] -> 0x00B5
[5668] [M]: 0x0000000080026BB8 (0x00B59593) slli a1, a1, 11
x11 <- 0xFFFFFFFFFFD2B800
mem[X,0x0000000080026BBC] -> 0x8593
mem[X,0x0000000080026BBE] -> 0x6C35
[5669] [M]: 0x0000000080026BBC (0x6C358593) addi a1, a1, 1731
x11 <- 0xFFFFFFFFFFD2BEC3
mem[X,0x0000000080026BC0] -> 0x9593
mem[X,0x0000000080026BC2] -> 0x00A5
[5670] [M]: 0x0000000080026BC0 (0x00A59593) slli a1, a1, 10
x11 <- 0xFFFFFFFF4AFB0C00
mem[X,0x0000000080026BC4] -> 0x8593
mem[X,0x0000000080026BC6] -> 0x0CD5
[5671] [M]: 0x0000000080026BC4 (0x0CD58593) addi a1, a1, 205
x11 <- 0xFFFFFFFF4AFB0CCD
mem[X,0x0000000080026BC8] -> 0x0113
mem[X,0x0000000080026BCA] -> 0x0000
[5672] [M]: 0x0000000080026BC8 (0x00000113) addi sp, zero, 0
x2 <- 0x0000000000000000
mem[X,0x0000000080026BCC] -> 0x006F
mem[X,0x0000000080026BCE] -> 0x0100
[5673] [M]: 0x0000000080026BCC (0x0100006F) jal zero, 16
mem[X,0x0000000080026BDC] -> 0x5AE3
mem[X,0x0000000080026BDE] -> 0xFEB5
[5674] [M]: 0x0000000080026BDC (0xFEB55AE3) bge a0, a1, 8180
mem[X,0x0000000080026BD0] -> 0x0113
mem[X,0x0000000080026BD2] -> 0x0011
[5675] [M]: 0x0000000080026BD0 (0x00110113) addi sp, sp, 1
x2 <- 0x0000000000000001
mem[X,0x0000000080026BD4] -> 0x006F
mem[X,0x0000000080026BD6] -> 0x01C0
[5676] [M]: 0x0000000080026BD4 (0x01C0006F) jal zero, 28
mem[X,0x0000000080026BF0] -> 0xB823
mem[X,0x0000000080026BF2] -> 0x2C20
[5677] [M]: 0x0000000080026BF0 (0x2C20B823) sd sp, 720(ra)
mem[0x0000000080049CA0] <- 0x0000000000000001
mem[X,0x0000000080026BF4] -> 0x0513
mem[X,0x0000000080026BF6] -> 0x0020
[5678] [M]: 0x0000000080026BF4 (0x00200513) addi a0, zero, 2
x10 <- 0x0000000000000002
mem[X,0x0000000080026BF8] -> 0x05B7
mem[X,0x0000000080026BFA] -> 0x0000
[5679] [M]: 0x0000000080026BF8 (0x000005B7) lui a1, 0
x11 <- 0x0000000000000000
mem[X,0x0000000080026BFC] -> 0x8593
mem[X,0x0000000080026BFE] -> 0x0005
[5680] [M]: 0x0000000080026BFC (0x00058593) addi a1, a1, 0
x11 <- 0x0000000000000000
mem[X,0x0000000080026C00] -> 0x9593
mem[X,0x0000000080026C02] -> 0x00B5
[5681] [M]: 0x0000000080026C00 (0x00B59593) slli a1, a1, 11
x11 <- 0x0000000000000000
mem[X,0x0000000080026C04] -> 0x8593
mem[X,0x0000000080026C06] -> 0x5A85
[5682] [M]: 0x0000000080026C04 (0x5A858593) addi a1, a1, 1448
x11 <- 0x00000000000005A8
mem[X,0x0000000080026C08] -> 0x9593
mem[X,0x0000000080026C0A] -> 0x00B5
[5683] [M]: 0x0000000080026C08 (0x00B59593) slli a1, a1, 11
x11 <- 0x00000000002D4000
mem[X,0x0000000080026C0C] -> 0x8593
mem[X,0x0000000080026C0E] -> 0x13C5
[5684] [M]: 0x0000000080026C0C (0x13C58593) addi a1, a1, 316
x11 <- 0x00000000002D413C
mem[X,0x0000000080026C10] -> 0x9593
mem[X,0x0000000080026C12] -> 0x00A5
[5685] [M]: 0x0000000080026C10 (0x00A59593) slli a1, a1, 10
x11 <- 0x00000000B504F000
mem[X,0x0000000080026C14] -> 0x8593
mem[X,0x0000000080026C16] -> 0x3335
[5686] [M]: 0x0000000080026C14 (0x33358593) addi a1, a1, 819
x11 <- 0x00000000B504F333
mem[X,0x0000000080026C18] -> 0x0113
mem[X,0x0000000080026C1A] -> 0x0000
[5687] [M]: 0x0000000080026C18 (0x00000113) addi sp, zero, 0
x2 <- 0x0000000000000000
mem[X,0x0000000080026C1C] -> 0x006F
mem[X,0x0000000080026C1E] -> 0x0050
[5688] [M]: 0x0000000080026C1C (0x0050006F) jal zero, 2052
mem[X,0x0000000080027420] -> 0x50E3
mem[X,0x0000000080027422] -> 0x80B5
[5689] [M]: 0x0000000080027420 (0x80B550E3) bge a0, a1, 6144
mem[X,0x0000000080027424] -> 0x0113
mem[X,0x0000000080027426] -> 0x0021
[5690] [M]: 0x0000000080027424 (0x00210113) addi sp, sp, 2
x2 <- 0x0000000000000002
mem[X,0x0000000080027428] -> 0x006F
mem[X,0x000000008002742A] -> 0x00C0
[5691] [M]: 0x0000000080027428 (0x00C0006F) jal zero, 12
mem[X,0x0000000080027434] -> 0xBC23
mem[X,0x0000000080027436] -> 0x2C20
[5692] [M]: 0x0000000080027434 (0x2C20BC23) sd sp, 728(ra)
mem[0x0000000080049CA8] <- 0x0000000000000002
mem[X,0x0000000080027438] -> 0x0513
mem[X,0x000000008002743A] -> 0x0020
[5693] [M]: 0x0000000080027438 (0x00200513) addi a0, zero, 2
x10 <- 0x0000000000000002
mem[X,0x000000008002743C] -> 0x0593
mem[X,0x000000008002743E] -> 0x0020
[5694] [M]: 0x000000008002743C (0x00200593) addi a1, zero, 2
x11 <- 0x0000000000000002
mem[X,0x0000000080027440] -> 0x0113
mem[X,0x0000000080027442] -> 0x0000
[5695] [M]: 0x0000000080027440 (0x00000113) addi sp, zero, 0
x2 <- 0x0000000000000000
mem[X,0x0000000080027444] -> 0x006F
mem[X,0x0000000080027446] -> 0x00C0
[5696] [M]: 0x0000000080027444 (0x00C0006F) jal zero, 12
mem[X,0x0000000080027450] -> 0x5663
mem[X,0x0000000080027452] -> 0x00B5
[5697] [M]: 0x0000000080027450 (0x00B55663) bge a0, a1, 12
mem[X,0x000000008002745C] -> 0x0113
mem[X,0x000000008002745E] -> 0x0031
[5698] [M]: 0x000000008002745C (0x00310113) addi sp, sp, 3
x2 <- 0x0000000000000003
mem[X,0x0000000080027460] -> 0x006F
mem[X,0x0000000080027462] -> 0x0040
[5699] [M]: 0x0000000080027460 (0x0040006F) jal zero, 4
clint::tick mtime <- 0x0000000000000039
 clint timer pending at mtime 0x0000000000000039
htif::tick 0x0000000000000000
mem[X,0x0000000080027464] -> 0xB023
mem[X,0x0000000080027466] -> 0x2E20
[5700] [M]: 0x0000000080027464 (0x2E20B023) sd sp, 736(ra)
mem[0x0000000080049CB0] <- 0x0000000000000003
mem[X,0x0000000080027468] -> 0x0513
mem[X,0x000000008002746A] -> 0x0020
[5701] [M]: 0x0000000080027468 (0x00200513) addi a0, zero, 2
x10 <- 0x0000000000000002
mem[X,0x000000008002746C] -> 0x55B7
mem[X,0x000000008002746E] -> 0x5555
[5702] [M]: 0x000000008002746C (0x555555B7) lui a1, 349525
x11 <- 0x0000000055555000
mem[X,0x0000000080027470] -> 0x8593
mem[X,0x0000000080027472] -> 0x5555
[5703] [M]: 0x0000000080027470 (0x55558593) addi a1, a1, 1365
x11 <- 0x0000000055555555
mem[X,0x0000000080027474] -> 0x9593
mem[X,0x0000000080027476] -> 0x00B5
[5704] [M]: 0x0000000080027474 (0x00B59593) slli a1, a1, 11
x11 <- 0x000002AAAAAAA800
mem[X,0x0000000080027478] -> 0x8593
mem[X,0x000000008002747A] -> 0x2AA5
[5705] [M]: 0x0000000080027478 (0x2AA58593) addi a1, a1, 682
x11 <- 0x000002AAAAAAAAAA
mem[X,0x000000008002747C] -> 0x9593
mem[X,0x000000008002747E] -> 0x00B5
[5706] [M]: 0x000000008002747C (0x00B59593) slli a1, a1, 11
x11 <- 0x0015555555555000
mem[X,0x0000000080027480] -> 0x8593
mem[X,0x0000000080027482] -> 0x5555
[5707] [M]: 0x0000000080027480 (0x55558593) addi a1, a1, 1365
x11 <- 0x0015555555555555
mem[X,0x0000000080027484] -> 0x9593
mem[X,0x0000000080027486] -> 0x00A5
[5708] [M]: 0x0000000080027484 (0x00A59593) slli a1, a1, 10
x11 <- 0x5555555555555400
mem[X,0x0000000080027488] -> 0x8593
mem[X,0x000000008002748A] -> 0x1545
[5709] [M]: 0x0000000080027488 (0x15458593) addi a1, a1, 340
x11 <- 0x5555555555555554
mem[X,0x000000008002748C] -> 0x0113
mem[X,0x000000008002748E] -> 0x0000
[5710] [M]: 0x000000008002748C (0x00000113) addi sp, zero, 0
x2 <- 0x0000000000000000
mem[X,0x0000000080027490] -> 0x006F
mem[X,0x0000000080027492] -> 0x00C0
[5711] [M]: 0x0000000080027490 (0x00C0006F) jal zero, 12
mem[X,0x000000008002749C] -> 0x5063
mem[X,0x000000008002749E] -> 0x08B5
[5712] [M]: 0x000000008002749C (0x08B55063) bge a0, a1, 128
mem[X,0x00000000800274A0] -> 0x0113
mem[X,0x00000000800274A2] -> 0x0021
[5713] [M]: 0x00000000800274A0 (0x00210113) addi sp, sp, 2
x2 <- 0x0000000000000002
mem[X,0x00000000800274A4] -> 0x006F
mem[X,0x00000000800274A6] -> 0x0800
[5714] [M]: 0x00000000800274A4 (0x0800006F) jal zero, 128
mem[X,0x0000000080027524] -> 0xB423
mem[X,0x0000000080027526] -> 0x2E20
[5715] [M]: 0x0000000080027524 (0x2E20B423) sd sp, 744(ra)
mem[0x0000000080049CB8] <- 0x0000000000000002
mem[X,0x0000000080027528] -> 0x0513
mem[X,0x000000008002752A] -> 0x0020
[5716] [M]: 0x0000000080027528 (0x00200513) addi a0, zero, 2
x10 <- 0x0000000000000002
mem[X,0x000000008002752C] -> 0x0593
mem[X,0x000000008002752E] -> 0x0000
[5717] [M]: 0x000000008002752C (0x00000593) addi a1, zero, 0
x11 <- 0x0000000000000000
mem[X,0x0000000080027530] -> 0x0113
mem[X,0x0000000080027532] -> 0x0000
[5718] [M]: 0x0000000080027530 (0x00000113) addi sp, zero, 0
x2 <- 0x0000000000000000
mem[X,0x0000000080027534] -> 0x006F
mem[X,0x0000000080027536] -> 0x00C0
[5719] [M]: 0x0000000080027534 (0x00C0006F) jal zero, 12
mem[X,0x0000000080027540] -> 0x5663
mem[X,0x0000000080027542] -> 0x00B5
[5720] [M]: 0x0000000080027540 (0x00B55663) bge a0, a1, 12
mem[X,0x000000008002754C] -> 0x0113
mem[X,0x000000008002754E] -> 0x0031
[5721] [M]: 0x000000008002754C (0x00310113) addi sp, sp, 3
x2 <- 0x0000000000000003
mem[X,0x0000000080027550] -> 0x006F
mem[X,0x0000000080027552] -> 0x0040
[5722] [M]: 0x0000000080027550 (0x0040006F) jal zero, 4
mem[X,0x0000000080027554] -> 0xB823
mem[X,0x0000000080027556] -> 0x2E20
[5723] [M]: 0x0000000080027554 (0x2E20B823) sd sp, 752(ra)
mem[0x0000000080049CC0] <- 0x0000000000000003
mem[X,0x0000000080027558] -> 0x0513
mem[X,0x000000008002755A] -> 0x0020
[5724] [M]: 0x0000000080027558 (0x00200513) addi a0, zero, 2
x10 <- 0x0000000000000002
mem[X,0x000000008002755C] -> 0x0593
mem[X,0x000000008002755E] -> 0x0040
[5725] [M]: 0x000000008002755C (0x00400593) addi a1, zero, 4
x11 <- 0x0000000000000004
mem[X,0x0000000080027560] -> 0x0113
mem[X,0x0000000080027562] -> 0x0000
[5726] [M]: 0x0000000080027560 (0x00000113) addi sp, zero, 0
x2 <- 0x0000000000000000
mem[X,0x0000000080027564] -> 0x006F
mem[X,0x0000000080027566] -> 0x00C0
[5727] [M]: 0x0000000080027564 (0x00C0006F) jal zero, 12
mem[X,0x0000000080027570] -> 0x5CE3
mem[X,0x0000000080027572] -> 0xFEB5
[5728] [M]: 0x0000000080027570 (0xFEB55CE3) bge a0, a1, 8184
mem[X,0x0000000080027574] -> 0x0113
mem[X,0x0000000080027576] -> 0x0021
[5729] [M]: 0x0000000080027574 (0x00210113) addi sp, sp, 2
x2 <- 0x0000000000000002
mem[X,0x0000000080027578] -> 0x006F
mem[X,0x000000008002757A] -> 0x00C0
[5730] [M]: 0x0000000080027578 (0x00C0006F) jal zero, 12
mem[X,0x0000000080027584] -> 0xBC23
mem[X,0x0000000080027586] -> 0x2E20
[5731] [M]: 0x0000000080027584 (0x2E20BC23) sd sp, 760(ra)
mem[0x0000000080049CC8] <- 0x0000000000000002
mem[X,0x0000000080027588] -> 0x0513
mem[X,0x000000008002758A] -> 0x0020
[5732] [M]: 0x0000000080027588 (0x00200513) addi a0, zero, 2
x10 <- 0x0000000000000002
mem[X,0x000000008002758C] -> 0x35B7
mem[X,0x000000008002758E] -> 0x3333
[5733] [M]: 0x000000008002758C (0x333335B7) lui a1, 209715
x11 <- 0x0000000033333000
mem[X,0x0000000080027590] -> 0x8593
mem[X,0x0000000080027592] -> 0x3335
[5734] [M]: 0x0000000080027590 (0x33358593) addi a1, a1, 819
x11 <- 0x0000000033333333
mem[X,0x0000000080027594] -> 0x9593
mem[X,0x0000000080027596] -> 0x00B5
[5735] [M]: 0x0000000080027594 (0x00B59593) slli a1, a1, 11
x11 <- 0x0000019999999800
mem[X,0x0000000080027598] -> 0x8593
mem[X,0x000000008002759A] -> 0x1995
[5736] [M]: 0x0000000080027598 (0x19958593) addi a1, a1, 409
x11 <- 0x0000019999999999
mem[X,0x000000008002759C] -> 0x9593
mem[X,0x000000008002759E] -> 0x00B5
[5737] [M]: 0x000000008002759C (0x00B59593) slli a1, a1, 11
x11 <- 0x000CCCCCCCCCC800
mem[X,0x00000000800275A0] -> 0x8593
mem[X,0x00000000800275A2] -> 0x4CC5
[5738] [M]: 0x00000000800275A0 (0x4CC58593) addi a1, a1, 1228
x11 <- 0x000CCCCCCCCCCCCC
mem[X,0x00000000800275A4] -> 0x9593
mem[X,0x00000000800275A6] -> 0x00A5
[5739] [M]: 0x00000000800275A4 (0x00A59593) slli a1, a1, 10
x11 <- 0x3333333333333000
mem[X,0x00000000800275A8] -> 0x8593
mem[X,0x00000000800275AA] -> 0x3325
[5740] [M]: 0x00000000800275A8 (0x33258593) addi a1, a1, 818
x11 <- 0x3333333333333332
mem[X,0x00000000800275AC] -> 0x0113
mem[X,0x00000000800275AE] -> 0x0000
[5741] [M]: 0x00000000800275AC (0x00000113) addi sp, zero, 0
x2 <- 0x0000000000000000
mem[X,0x00000000800275B0] -> 0x006F
mem[X,0x00000000800275B2] -> 0x0050
[5742] [M]: 0x00000000800275B0 (0x0050006F) jal zero, 2052
mem[X,0x0000000080027DB4] -> 0x50E3
mem[X,0x0000000080027DB6] -> 0x80B5
[5743] [M]: 0x0000000080027DB4 (0x80B550E3) bge a0, a1, 6144
mem[X,0x0000000080027DB8] -> 0x0113
mem[X,0x0000000080027DBA] -> 0x0021
[5744] [M]: 0x0000000080027DB8 (0x00210113) addi sp, sp, 2
x2 <- 0x0000000000000002
mem[X,0x0000000080027DBC] -> 0x006F
mem[X,0x0000000080027DBE] -> 0x00C0
[5745] [M]: 0x0000000080027DBC (0x00C0006F) jal zero, 12
mem[X,0x0000000080027DC8] -> 0xB023
mem[X,0x0000000080027DCA] -> 0x3020
[5746] [M]: 0x0000000080027DC8 (0x3020B023) sd sp, 768(ra)
mem[0x0000000080049CD0] <- 0x0000000000000002
mem[X,0x0000000080027DCC] -> 0x0513
mem[X,0x0000000080027DCE] -> 0x0020
[5747] [M]: 0x0000000080027DCC (0x00200513) addi a0, zero, 2
x10 <- 0x0000000000000002
mem[X,0x0000000080027DD0] -> 0x65B7
mem[X,0x0000000080027DD2] -> 0x6666
[5748] [M]: 0x0000000080027DD0 (0x666665B7) lui a1, 419430
x11 <- 0x0000000066666000
mem[X,0x0000000080027DD4] -> 0x8593
mem[X,0x0000000080027DD6] -> 0x6665
[5749] [M]: 0x0000000080027DD4 (0x66658593) addi a1, a1, 1638
x11 <- 0x0000000066666666
mem[X,0x0000000080027DD8] -> 0x9593
mem[X,0x0000000080027DDA] -> 0x00B5
[5750] [M]: 0x0000000080027DD8 (0x00B59593) slli a1, a1, 11
x11 <- 0x0000033333333000
mem[X,0x0000000080027DDC] -> 0x8593
mem[X,0x0000000080027DDE] -> 0x3335
[5751] [M]: 0x0000000080027DDC (0x33358593) addi a1, a1, 819
x11 <- 0x0000033333333333
mem[X,0x0000000080027DE0] -> 0x9593
mem[X,0x0000000080027DE2] -> 0x00B5
[5752] [M]: 0x0000000080027DE0 (0x00B59593) slli a1, a1, 11
x11 <- 0x0019999999999800
mem[X,0x0000000080027DE4] -> 0x8593
mem[X,0x0000000080027DE6] -> 0x1995
[5753] [M]: 0x0000000080027DE4 (0x19958593) addi a1, a1, 409
x11 <- 0x0019999999999999
mem[X,0x0000000080027DE8] -> 0x9593
mem[X,0x0000000080027DEA] -> 0x00A5
[5754] [M]: 0x0000000080027DE8 (0x00A59593) slli a1, a1, 10
x11 <- 0x6666666666666400
mem[X,0x0000000080027DEC] -> 0x8593
mem[X,0x0000000080027DEE] -> 0x2655
[5755] [M]: 0x0000000080027DEC (0x26558593) addi a1, a1, 613
x11 <- 0x6666666666666665
mem[X,0x0000000080027DF0] -> 0x0113
mem[X,0x0000000080027DF2] -> 0x0000
[5756] [M]: 0x0000000080027DF0 (0x00000113) addi sp, zero, 0
x2 <- 0x0000000000000000
mem[X,0x0000000080027DF4] -> 0x006F
mem[X,0x0000000080027DF6] -> 0x00C0
[5757] [M]: 0x0000000080027DF4 (0x00C0006F) jal zero, 12
mem[X,0x0000000080027E00] -> 0x5863
mem[X,0x0000000080027E02] -> 0x00B5
[5758] [M]: 0x0000000080027E00 (0x00B55863) bge a0, a1, 16
mem[X,0x0000000080027E04] -> 0x0113
mem[X,0x0000000080027E06] -> 0x0021
[5759] [M]: 0x0000000080027E04 (0x00210113) addi sp, sp, 2
x2 <- 0x0000000000000002
mem[X,0x0000000080027E08] -> 0x006F
mem[X,0x0000000080027E0A] -> 0x0100
[5760] [M]: 0x0000000080027E08 (0x0100006F) jal zero, 16
mem[X,0x0000000080027E18] -> 0xB423
mem[X,0x0000000080027E1A] -> 0x3020
[5761] [M]: 0x0000000080027E18 (0x3020B423) sd sp, 776(ra)
mem[0x0000000080049CD8] <- 0x0000000000000002
mem[X,0x0000000080027E1C] -> 0x0513
mem[X,0x0000000080027E1E] -> 0x0020
[5762] [M]: 0x0000000080027E1C (0x00200513) addi a0, zero, 2
x10 <- 0x0000000000000002
mem[X,0x0000000080027E20] -> 0x05B7
mem[X,0x0000000080027E22] -> 0x0000
[5763] [M]: 0x0000000080027E20 (0x000005B7) lui a1, 0
x11 <- 0x0000000000000000
mem[X,0x0000000080027E24] -> 0x8593
mem[X,0x0000000080027E26] -> 0x0005
[5764] [M]: 0x0000000080027E24 (0x00058593) addi a1, a1, 0
x11 <- 0x0000000000000000
mem[X,0x0000000080027E28] -> 0x9593
mem[X,0x0000000080027E2A] -> 0x00B5
[5765] [M]: 0x0000000080027E28 (0x00B59593) slli a1, a1, 11
x11 <- 0x0000000000000000
mem[X,0x0000000080027E2C] -> 0x8593
mem[X,0x0000000080027E2E] -> 0x5A85
[5766] [M]: 0x0000000080027E2C (0x5A858593) addi a1, a1, 1448
x11 <- 0x00000000000005A8
mem[X,0x0000000080027E30] -> 0x9593
mem[X,0x0000000080027E32] -> 0x00B5
[5767] [M]: 0x0000000080027E30 (0x00B59593) slli a1, a1, 11
x11 <- 0x00000000002D4000
mem[X,0x0000000080027E34] -> 0x8593
mem[X,0x0000000080027E36] -> 0x13C5
[5768] [M]: 0x0000000080027E34 (0x13C58593) addi a1, a1, 316
x11 <- 0x00000000002D413C
mem[X,0x0000000080027E38] -> 0x9593
mem[X,0x0000000080027E3A] -> 0x00A5
[5769] [M]: 0x0000000080027E38 (0x00A59593) slli a1, a1, 10
x11 <- 0x00000000B504F000
mem[X,0x0000000080027E3C] -> 0x8593
mem[X,0x0000000080027E3E] -> 0x3325
[5770] [M]: 0x0000000080027E3C (0x33258593) addi a1, a1, 818
x11 <- 0x00000000B504F332
mem[X,0x0000000080027E40] -> 0x0113
mem[X,0x0000000080027E42] -> 0x0000
[5771] [M]: 0x0000000080027E40 (0x00000113) addi sp, zero, 0
x2 <- 0x0000000000000000
mem[X,0x0000000080027E44] -> 0x006F
mem[X,0x0000000080027E46] -> 0x00C0
[5772] [M]: 0x0000000080027E44 (0x00C0006F) jal zero, 12
mem[X,0x0000000080027E50] -> 0x5663
mem[X,0x0000000080027E52] -> 0x00B5
[5773] [M]: 0x0000000080027E50 (0x00B55663) bge a0, a1, 12
mem[X,0x0000000080027E54] -> 0x0113
mem[X,0x0000000080027E56] -> 0x0021
[5774] [M]: 0x0000000080027E54 (0x00210113) addi sp, sp, 2
x2 <- 0x0000000000000002
mem[X,0x0000000080027E58] -> 0x006F
mem[X,0x0000000080027E5A] -> 0x00C0
[5775] [M]: 0x0000000080027E58 (0x00C0006F) jal zero, 12
mem[X,0x0000000080027E64] -> 0xB823
mem[X,0x0000000080027E66] -> 0x3020
[5776] [M]: 0x0000000080027E64 (0x3020B823) sd sp, 784(ra)
mem[0x0000000080049CE0] <- 0x0000000000000002
mem[X,0x0000000080027E68] -> 0x0513
mem[X,0x0000000080027E6A] -> 0x0020
[5777] [M]: 0x0000000080027E68 (0x00200513) addi a0, zero, 2
x10 <- 0x0000000000000002
mem[X,0x0000000080027E6C] -> 0x55B7
mem[X,0x0000000080027E6E] -> 0x5555
[5778] [M]: 0x0000000080027E6C (0x555555B7) lui a1, 349525
x11 <- 0x0000000055555000
mem[X,0x0000000080027E70] -> 0x8593
mem[X,0x0000000080027E72] -> 0x5555
[5779] [M]: 0x0000000080027E70 (0x55558593) addi a1, a1, 1365
x11 <- 0x0000000055555555
mem[X,0x0000000080027E74] -> 0x9593
mem[X,0x0000000080027E76] -> 0x00B5
[5780] [M]: 0x0000000080027E74 (0x00B59593) slli a1, a1, 11
x11 <- 0x000002AAAAAAA800
mem[X,0x0000000080027E78] -> 0x8593
mem[X,0x0000000080027E7A] -> 0x2AA5
[5781] [M]: 0x0000000080027E78 (0x2AA58593) addi a1, a1, 682
x11 <- 0x000002AAAAAAAAAA
mem[X,0x0000000080027E7C] -> 0x9593
mem[X,0x0000000080027E7E] -> 0x00B5
[5782] [M]: 0x0000000080027E7C (0x00B59593) slli a1, a1, 11
x11 <- 0x0015555555555000
mem[X,0x0000000080027E80] -> 0x8593
mem[X,0x0000000080027E82] -> 0x5555
[5783] [M]: 0x0000000080027E80 (0x55558593) addi a1, a1, 1365
x11 <- 0x0015555555555555
mem[X,0x0000000080027E84] -> 0x9593
mem[X,0x0000000080027E86] -> 0x00A5
[5784] [M]: 0x0000000080027E84 (0x00A59593) slli a1, a1, 10
x11 <- 0x5555555555555400
mem[X,0x0000000080027E88] -> 0x8593
mem[X,0x0000000080027E8A] -> 0x1565
[5785] [M]: 0x0000000080027E88 (0x15658593) addi a1, a1, 342
x11 <- 0x5555555555555556
mem[X,0x0000000080027E8C] -> 0x0113
mem[X,0x0000000080027E8E] -> 0x0000
[5786] [M]: 0x0000000080027E8C (0x00000113) addi sp, zero, 0
x2 <- 0x0000000000000000
mem[X,0x0000000080027E90] -> 0x006F
mem[X,0x0000000080027E92] -> 0x00C0
[5787] [M]: 0x0000000080027E90 (0x00C0006F) jal zero, 12
mem[X,0x0000000080027E9C] -> 0x5063
mem[X,0x0000000080027E9E] -> 0x10B5
[5788] [M]: 0x0000000080027E9C (0x10B55063) bge a0, a1, 256
mem[X,0x0000000080027EA0] -> 0x0113
mem[X,0x0000000080027EA2] -> 0x0021
[5789] [M]: 0x0000000080027EA0 (0x00210113) addi sp, sp, 2
x2 <- 0x0000000000000002
mem[X,0x0000000080027EA4] -> 0x006F
mem[X,0x0000000080027EA6] -> 0x1000
[5790] [M]: 0x0000000080027EA4 (0x1000006F) jal zero, 256
mem[X,0x0000000080027FA4] -> 0xBC23
mem[X,0x0000000080027FA6] -> 0x3020
[5791] [M]: 0x0000000080027FA4 (0x3020BC23) sd sp, 792(ra)
mem[0x0000000080049CE8] <- 0x0000000000000002
mem[X,0x0000000080027FA8] -> 0x0513
mem[X,0x0000000080027FAA] -> 0x0020
[5792] [M]: 0x0000000080027FA8 (0x00200513) addi a0, zero, 2
x10 <- 0x0000000000000002
mem[X,0x0000000080027FAC] -> 0xB5B7
mem[X,0x0000000080027FAE] -> 0xAAAA
[5793] [M]: 0x0000000080027FAC (0xAAAAB5B7) lui a1, 699051
x11 <- 0xFFFFFFFFAAAAB000
mem[X,0x0000000080027FB0] -> 0x8593
mem[X,0x0000000080027FB2] -> 0xAAA5
[5794] [M]: 0x0000000080027FB0 (0xAAA58593) addi a1, a1, 2730
x11 <- 0xFFFFFFFFAAAAAAAA
mem[X,0x0000000080027FB4] -> 0x9593
mem[X,0x0000000080027FB6] -> 0x00B5
[5795] [M]: 0x0000000080027FB4 (0x00B59593) slli a1, a1, 11
x11 <- 0xFFFFFD5555555000
mem[X,0x0000000080027FB8] -> 0x8593
mem[X,0x0000000080027FBA] -> 0x5555
[5796] [M]: 0x0000000080027FB8 (0x55558593) addi a1, a1, 1365
x11 <- 0xFFFFFD5555555555
mem[X,0x0000000080027FBC] -> 0x9593
mem[X,0x0000000080027FBE] -> 0x00B5
[5797] [M]: 0x0000000080027FBC (0x00B59593) slli a1, a1, 11
x11 <- 0xFFEAAAAAAAAAA800
mem[X,0x0000000080027FC0] -> 0x8593
mem[X,0x0000000080027FC2] -> 0x2AA5
[5798] [M]: 0x0000000080027FC0 (0x2AA58593) addi a1, a1, 682
x11 <- 0xFFEAAAAAAAAAAAAA
mem[X,0x0000000080027FC4] -> 0x9593
mem[X,0x0000000080027FC6] -> 0x00A5
[5799] [M]: 0x0000000080027FC4 (0x00A59593) slli a1, a1, 10
x11 <- 0xAAAAAAAAAAAAA800
clint::tick mtime <- 0x000000000000003A
 clint timer pending at mtime 0x000000000000003A
htif::tick 0x0000000000000000
mem[X,0x0000000080027FC8] -> 0x8593
mem[X,0x0000000080027FCA] -> 0x2AB5
[5800] [M]: 0x0000000080027FC8 (0x2AB58593) addi a1, a1, 683
x11 <- 0xAAAAAAAAAAAAAAAB
mem[X,0x0000000080027FCC] -> 0x0113
mem[X,0x0000000080027FCE] -> 0x0000
[5801] [M]: 0x0000000080027FCC (0x00000113) addi sp, zero, 0
x2 <- 0x0000000000000000
mem[X,0x0000000080027FD0] -> 0x006F
mem[X,0x0000000080027FD2] -> 0x00C0
[5802] [M]: 0x0000000080027FD0 (0x00C0006F) jal zero, 12
mem[X,0x0000000080027FDC] -> 0x5663
mem[X,0x0000000080027FDE] -> 0x00B5
[5803] [M]: 0x0000000080027FDC (0x00B55663) bge a0, a1, 12
mem[X,0x0000000080027FE8] -> 0x0113
mem[X,0x0000000080027FEA] -> 0x0031
[5804] [M]: 0x0000000080027FE8 (0x00310113) addi sp, sp, 3
x2 <- 0x0000000000000003
mem[X,0x0000000080027FEC] -> 0x006F
mem[X,0x0000000080027FEE] -> 0x0040
[5805] [M]: 0x0000000080027FEC (0x0040006F) jal zero, 4
mem[X,0x0000000080027FF0] -> 0xB023
mem[X,0x0000000080027FF2] -> 0x3220
[5806] [M]: 0x0000000080027FF0 (0x3220B023) sd sp, 800(ra)
mem[0x0000000080049CF0] <- 0x0000000000000003
mem[X,0x0000000080027FF4] -> 0x0513
mem[X,0x0000000080027FF6] -> 0x0020
[5807] [M]: 0x0000000080027FF4 (0x00200513) addi a0, zero, 2
x10 <- 0x0000000000000002
mem[X,0x0000000080027FF8] -> 0x0593
mem[X,0x0000000080027FFA] -> 0x0060
[5808] [M]: 0x0000000080027FF8 (0x00600593) addi a1, zero, 6
x11 <- 0x0000000000000006
mem[X,0x0000000080027FFC] -> 0x0113
mem[X,0x0000000080027FFE] -> 0x0000
[5809] [M]: 0x0000000080027FFC (0x00000113) addi sp, zero, 0
x2 <- 0x0000000000000000
mem[X,0x0000000080028000] -> 0x006F
mem[X,0x0000000080028002] -> 0x00C0
[5810] [M]: 0x0000000080028000 (0x00C0006F) jal zero, 12
mem[X,0x000000008002800C] -> 0x5863
mem[X,0x000000008002800E] -> 0x00B5
[5811] [M]: 0x000000008002800C (0x00B55863) bge a0, a1, 16
mem[X,0x0000000080028010] -> 0x0113
mem[X,0x0000000080028012] -> 0x0021
[5812] [M]: 0x0000000080028010 (0x00210113) addi sp, sp, 2
x2 <- 0x0000000000000002
mem[X,0x0000000080028014] -> 0x006F
mem[X,0x0000000080028016] -> 0x0100
[5813] [M]: 0x0000000080028014 (0x0100006F) jal zero, 16
mem[X,0x0000000080028024] -> 0xB423
mem[X,0x0000000080028026] -> 0x3220
[5814] [M]: 0x0000000080028024 (0x3220B423) sd sp, 808(ra)
mem[0x0000000080049CF8] <- 0x0000000000000002
mem[X,0x0000000080028028] -> 0x0513
mem[X,0x000000008002802A] -> 0x0020
[5815] [M]: 0x0000000080028028 (0x00200513) addi a0, zero, 2
x10 <- 0x0000000000000002
mem[X,0x000000008002802C] -> 0x35B7
mem[X,0x000000008002802E] -> 0x3333
[5816] [M]: 0x000000008002802C (0x333335B7) lui a1, 209715
x11 <- 0x0000000033333000
mem[X,0x0000000080028030] -> 0x8593
mem[X,0x0000000080028032] -> 0x3335
[5817] [M]: 0x0000000080028030 (0x33358593) addi a1, a1, 819
x11 <- 0x0000000033333333
mem[X,0x0000000080028034] -> 0x9593
mem[X,0x0000000080028036] -> 0x00B5
[5818] [M]: 0x0000000080028034 (0x00B59593) slli a1, a1, 11
x11 <- 0x0000019999999800
mem[X,0x0000000080028038] -> 0x8593
mem[X,0x000000008002803A] -> 0x1995
[5819] [M]: 0x0000000080028038 (0x19958593) addi a1, a1, 409
x11 <- 0x0000019999999999
mem[X,0x000000008002803C] -> 0x9593
mem[X,0x000000008002803E] -> 0x00B5
[5820] [M]: 0x000000008002803C (0x00B59593) slli a1, a1, 11
x11 <- 0x000CCCCCCCCCC800
mem[X,0x0000000080028040] -> 0x8593
mem[X,0x0000000080028042] -> 0x4CC5
[5821] [M]: 0x0000000080028040 (0x4CC58593) addi a1, a1, 1228
x11 <- 0x000CCCCCCCCCCCCC
mem[X,0x0000000080028044] -> 0x9593
mem[X,0x0000000080028046] -> 0x00A5
[5822] [M]: 0x0000000080028044 (0x00A59593) slli a1, a1, 10
x11 <- 0x3333333333333000
mem[X,0x0000000080028048] -> 0x8593
mem[X,0x000000008002804A] -> 0x3345
[5823] [M]: 0x0000000080028048 (0x33458593) addi a1, a1, 820
x11 <- 0x3333333333333334
mem[X,0x000000008002804C] -> 0x0113
mem[X,0x000000008002804E] -> 0x0000
[5824] [M]: 0x000000008002804C (0x00000113) addi sp, zero, 0
x2 <- 0x0000000000000000
mem[X,0x0000000080028050] -> 0x006F
mem[X,0x0000000080028052] -> 0x00C0
[5825] [M]: 0x0000000080028050 (0x00C0006F) jal zero, 12
mem[X,0x000000008002805C] -> 0x5063
mem[X,0x000000008002805E] -> 0x10B5
[5826] [M]: 0x000000008002805C (0x10B55063) bge a0, a1, 256
mem[X,0x0000000080028060] -> 0x0113
mem[X,0x0000000080028062] -> 0x0021
[5827] [M]: 0x0000000080028060 (0x00210113) addi sp, sp, 2
x2 <- 0x0000000000000002
mem[X,0x0000000080028064] -> 0x006F
mem[X,0x0000000080028066] -> 0x1000
[5828] [M]: 0x0000000080028064 (0x1000006F) jal zero, 256
mem[X,0x0000000080028164] -> 0xB823
mem[X,0x0000000080028166] -> 0x3220
[5829] [M]: 0x0000000080028164 (0x3220B823) sd sp, 816(ra)
mem[0x0000000080049D00] <- 0x0000000000000002
mem[X,0x0000000080028168] -> 0x0513
mem[X,0x000000008002816A] -> 0x0020
[5830] [M]: 0x0000000080028168 (0x00200513) addi a0, zero, 2
x10 <- 0x0000000000000002
mem[X,0x000000008002816C] -> 0x65B7
mem[X,0x000000008002816E] -> 0x6666
[5831] [M]: 0x000000008002816C (0x666665B7) lui a1, 419430
x11 <- 0x0000000066666000
mem[X,0x0000000080028170] -> 0x8593
mem[X,0x0000000080028172] -> 0x6665
[5832] [M]: 0x0000000080028170 (0x66658593) addi a1, a1, 1638
x11 <- 0x0000000066666666
mem[X,0x0000000080028174] -> 0x9593
mem[X,0x0000000080028176] -> 0x00B5
[5833] [M]: 0x0000000080028174 (0x00B59593) slli a1, a1, 11
x11 <- 0x0000033333333000
mem[X,0x0000000080028178] -> 0x8593
mem[X,0x000000008002817A] -> 0x3335
[5834] [M]: 0x0000000080028178 (0x33358593) addi a1, a1, 819
x11 <- 0x0000033333333333
mem[X,0x000000008002817C] -> 0x9593
mem[X,0x000000008002817E] -> 0x00B5
[5835] [M]: 0x000000008002817C (0x00B59593) slli a1, a1, 11
x11 <- 0x0019999999999800
mem[X,0x0000000080028180] -> 0x8593
mem[X,0x0000000080028182] -> 0x1995
[5836] [M]: 0x0000000080028180 (0x19958593) addi a1, a1, 409
x11 <- 0x0019999999999999
mem[X,0x0000000080028184] -> 0x9593
mem[X,0x0000000080028186] -> 0x00A5
[5837] [M]: 0x0000000080028184 (0x00A59593) slli a1, a1, 10
x11 <- 0x6666666666666400
mem[X,0x0000000080028188] -> 0x8593
mem[X,0x000000008002818A] -> 0x2675
[5838] [M]: 0x0000000080028188 (0x26758593) addi a1, a1, 615
x11 <- 0x6666666666666667
mem[X,0x000000008002818C] -> 0x0113
mem[X,0x000000008002818E] -> 0x0000
[5839] [M]: 0x000000008002818C (0x00000113) addi sp, zero, 0
x2 <- 0x0000000000000000
mem[X,0x0000000080028190] -> 0x006F
mem[X,0x0000000080028192] -> 0x00C0
[5840] [M]: 0x0000000080028190 (0x00C0006F) jal zero, 12
mem[X,0x000000008002819C] -> 0x5063
mem[X,0x000000008002819E] -> 0x04B5
[5841] [M]: 0x000000008002819C (0x04B55063) bge a0, a1, 64
mem[X,0x00000000800281A0] -> 0x0113
mem[X,0x00000000800281A2] -> 0x0021
[5842] [M]: 0x00000000800281A0 (0x00210113) addi sp, sp, 2
x2 <- 0x0000000000000002
mem[X,0x00000000800281A4] -> 0x006F
mem[X,0x00000000800281A6] -> 0x0400
[5843] [M]: 0x00000000800281A4 (0x0400006F) jal zero, 64
mem[X,0x00000000800281E4] -> 0xBC23
mem[X,0x00000000800281E6] -> 0x3220
[5844] [M]: 0x00000000800281E4 (0x3220BC23) sd sp, 824(ra)
mem[0x0000000080049D08] <- 0x0000000000000002
mem[X,0x00000000800281E8] -> 0x0513
mem[X,0x00000000800281EA] -> 0x0020
[5845] [M]: 0x00000000800281E8 (0x00200513) addi a0, zero, 2
x10 <- 0x0000000000000002
mem[X,0x00000000800281EC] -> 0x05B7
mem[X,0x00000000800281EE] -> 0x0000
[5846] [M]: 0x00000000800281EC (0x000005B7) lui a1, 0
x11 <- 0x0000000000000000
mem[X,0x00000000800281F0] -> 0x8593
mem[X,0x00000000800281F2] -> 0xFFF5
[5847] [M]: 0x00000000800281F0 (0xFFF58593) addi a1, a1, 4095
x11 <- 0xFFFFFFFFFFFFFFFF
mem[X,0x00000000800281F4] -> 0x9593
mem[X,0x00000000800281F6] -> 0x00B5
[5848] [M]: 0x00000000800281F4 (0x00B59593) slli a1, a1, 11
x11 <- 0xFFFFFFFFFFFFF800
mem[X,0x00000000800281F8] -> 0x8593
mem[X,0x00000000800281FA] -> 0x2575
[5849] [M]: 0x00000000800281F8 (0x25758593) addi a1, a1, 599
x11 <- 0xFFFFFFFFFFFFFA57
mem[X,0x00000000800281FC] -> 0x9593
mem[X,0x00000000800281FE] -> 0x00B5
[5850] [M]: 0x00000000800281FC (0x00B59593) slli a1, a1, 11
x11 <- 0xFFFFFFFFFFD2B800
mem[X,0x0000000080028200] -> 0x8593
mem[X,0x0000000080028202] -> 0x6C35
[5851] [M]: 0x0000000080028200 (0x6C358593) addi a1, a1, 1731
x11 <- 0xFFFFFFFFFFD2BEC3
mem[X,0x0000000080028204] -> 0x9593
mem[X,0x0000000080028206] -> 0x00A5
[5852] [M]: 0x0000000080028204 (0x00A59593) slli a1, a1, 10
x11 <- 0xFFFFFFFF4AFB0C00
mem[X,0x0000000080028208] -> 0x8593
mem[X,0x000000008002820A] -> 0x0CE5
[5853] [M]: 0x0000000080028208 (0x0CE58593) addi a1, a1, 206
x11 <- 0xFFFFFFFF4AFB0CCE
mem[X,0x000000008002820C] -> 0x0113
mem[X,0x000000008002820E] -> 0x0000
[5854] [M]: 0x000000008002820C (0x00000113) addi sp, zero, 0
x2 <- 0x0000000000000000
mem[X,0x0000000080028210] -> 0x006F
mem[X,0x0000000080028212] -> 0x0100
[5855] [M]: 0x0000000080028210 (0x0100006F) jal zero, 16
mem[X,0x0000000080028220] -> 0x5AE3
mem[X,0x0000000080028222] -> 0xFEB5
[5856] [M]: 0x0000000080028220 (0xFEB55AE3) bge a0, a1, 8180
mem[X,0x0000000080028214] -> 0x0113
mem[X,0x0000000080028216] -> 0x0011
[5857] [M]: 0x0000000080028214 (0x00110113) addi sp, sp, 1
x2 <- 0x0000000000000001
mem[X,0x0000000080028218] -> 0x006F
mem[X,0x000000008002821A] -> 0x01C0
[5858] [M]: 0x0000000080028218 (0x01C0006F) jal zero, 28
mem[X,0x0000000080028234] -> 0xB023
mem[X,0x0000000080028236] -> 0x3420
[5859] [M]: 0x0000000080028234 (0x3420B023) sd sp, 832(ra)
mem[0x0000000080049D10] <- 0x0000000000000001
mem[X,0x0000000080028238] -> 0x0513
mem[X,0x000000008002823A] -> 0x0020
[5860] [M]: 0x0000000080028238 (0x00200513) addi a0, zero, 2
x10 <- 0x0000000000000002
mem[X,0x000000008002823C] -> 0x05B7
mem[X,0x000000008002823E] -> 0x0000
[5861] [M]: 0x000000008002823C (0x000005B7) lui a1, 0
x11 <- 0x0000000000000000
mem[X,0x0000000080028240] -> 0x8593
mem[X,0x0000000080028242] -> 0x0005
[5862] [M]: 0x0000000080028240 (0x00058593) addi a1, a1, 0
x11 <- 0x0000000000000000
mem[X,0x0000000080028244] -> 0x9593
mem[X,0x0000000080028246] -> 0x00B5
[5863] [M]: 0x0000000080028244 (0x00B59593) slli a1, a1, 11
x11 <- 0x0000000000000000
mem[X,0x0000000080028248] -> 0x8593
mem[X,0x000000008002824A] -> 0x5A85
[5864] [M]: 0x0000000080028248 (0x5A858593) addi a1, a1, 1448
x11 <- 0x00000000000005A8
mem[X,0x000000008002824C] -> 0x9593
mem[X,0x000000008002824E] -> 0x00B5
[5865] [M]: 0x000000008002824C (0x00B59593) slli a1, a1, 11
x11 <- 0x00000000002D4000
mem[X,0x0000000080028250] -> 0x8593
mem[X,0x0000000080028252] -> 0x13C5
[5866] [M]: 0x0000000080028250 (0x13C58593) addi a1, a1, 316
x11 <- 0x00000000002D413C
mem[X,0x0000000080028254] -> 0x9593
mem[X,0x0000000080028256] -> 0x00A5
[5867] [M]: 0x0000000080028254 (0x00A59593) slli a1, a1, 10
x11 <- 0x00000000B504F000
mem[X,0x0000000080028258] -> 0x8593
mem[X,0x000000008002825A] -> 0x3345
[5868] [M]: 0x0000000080028258 (0x33458593) addi a1, a1, 820
x11 <- 0x00000000B504F334
mem[X,0x000000008002825C] -> 0x0113
mem[X,0x000000008002825E] -> 0x0000
[5869] [M]: 0x000000008002825C (0x00000113) addi sp, zero, 0
x2 <- 0x0000000000000000
mem[X,0x0000000080028260] -> 0x006F
mem[X,0x0000000080028262] -> 0x00C0
[5870] [M]: 0x0000000080028260 (0x00C0006F) jal zero, 12
mem[X,0x000000008002826C] -> 0x5CE3
mem[X,0x000000008002826E] -> 0xFEB5
[5871] [M]: 0x000000008002826C (0xFEB55CE3) bge a0, a1, 8184
mem[X,0x0000000080028270] -> 0x0113
mem[X,0x0000000080028272] -> 0x0021
[5872] [M]: 0x0000000080028270 (0x00210113) addi sp, sp, 2
x2 <- 0x0000000000000002
mem[X,0x0000000080028274] -> 0x006F
mem[X,0x0000000080028276] -> 0x00C0
[5873] [M]: 0x0000000080028274 (0x00C0006F) jal zero, 12
mem[X,0x0000000080028280] -> 0xB423
mem[X,0x0000000080028282] -> 0x3420
[5874] [M]: 0x0000000080028280 (0x3420B423) sd sp, 840(ra)
mem[0x0000000080049D18] <- 0x0000000000000002
mem[X,0x0000000080028284] -> 0x5537
mem[X,0x0000000080028286] -> 0x5555
[5875] [M]: 0x0000000080028284 (0x55555537) lui a0, 349525
x10 <- 0x0000000055555000
mem[X,0x0000000080028288] -> 0x0513
mem[X,0x000000008002828A] -> 0x5555
[5876] [M]: 0x0000000080028288 (0x55550513) addi a0, a0, 1365
x10 <- 0x0000000055555555
mem[X,0x000000008002828C] -> 0x1513
mem[X,0x000000008002828E] -> 0x00B5
[5877] [M]: 0x000000008002828C (0x00B51513) slli a0, a0, 11
x10 <- 0x000002AAAAAAA800
mem[X,0x0000000080028290] -> 0x0513
mem[X,0x0000000080028292] -> 0x2AA5
[5878] [M]: 0x0000000080028290 (0x2AA50513) addi a0, a0, 682
x10 <- 0x000002AAAAAAAAAA
mem[X,0x0000000080028294] -> 0x1513
mem[X,0x0000000080028296] -> 0x00B5
[5879] [M]: 0x0000000080028294 (0x00B51513) slli a0, a0, 11
x10 <- 0x0015555555555000
mem[X,0x0000000080028298] -> 0x0513
mem[X,0x000000008002829A] -> 0x5555
[5880] [M]: 0x0000000080028298 (0x55550513) addi a0, a0, 1365
x10 <- 0x0015555555555555
mem[X,0x000000008002829C] -> 0x1513
mem[X,0x000000008002829E] -> 0x00A5
[5881] [M]: 0x000000008002829C (0x00A51513) slli a0, a0, 10
x10 <- 0x5555555555555400
mem[X,0x00000000800282A0] -> 0x0513
mem[X,0x00000000800282A2] -> 0x1545
[5882] [M]: 0x00000000800282A0 (0x15450513) addi a0, a0, 340
x10 <- 0x5555555555555554
mem[X,0x00000000800282A4] -> 0x0593
mem[X,0x00000000800282A6] -> 0x0030
[5883] [M]: 0x00000000800282A4 (0x00300593) addi a1, zero, 3
x11 <- 0x0000000000000003
mem[X,0x00000000800282A8] -> 0x0113
mem[X,0x00000000800282AA] -> 0x0000
[5884] [M]: 0x00000000800282A8 (0x00000113) addi sp, zero, 0
x2 <- 0x0000000000000000
mem[X,0x00000000800282AC] -> 0x006F
mem[X,0x00000000800282AE] -> 0x00C0
[5885] [M]: 0x00000000800282AC (0x00C0006F) jal zero, 12
mem[X,0x00000000800282B8] -> 0x5663
mem[X,0x00000000800282BA] -> 0x00B5
[5886] [M]: 0x00000000800282B8 (0x00B55663) bge a0, a1, 12
mem[X,0x00000000800282C4] -> 0x0113
mem[X,0x00000000800282C6] -> 0x0031
[5887] [M]: 0x00000000800282C4 (0x00310113) addi sp, sp, 3
x2 <- 0x0000000000000003
mem[X,0x00000000800282C8] -> 0x006F
mem[X,0x00000000800282CA] -> 0x0040
[5888] [M]: 0x00000000800282C8 (0x0040006F) jal zero, 4
mem[X,0x00000000800282CC] -> 0xB823
mem[X,0x00000000800282CE] -> 0x3420
[5889] [M]: 0x00000000800282CC (0x3420B823) sd sp, 848(ra)
mem[0x0000000080049D20] <- 0x0000000000000003
mem[X,0x00000000800282D0] -> 0x5537
mem[X,0x00000000800282D2] -> 0x5555
[5890] [M]: 0x00000000800282D0 (0x55555537) lui a0, 349525
x10 <- 0x0000000055555000
mem[X,0x00000000800282D4] -> 0x0513
mem[X,0x00000000800282D6] -> 0x5555
[5891] [M]: 0x00000000800282D4 (0x55550513) addi a0, a0, 1365
x10 <- 0x0000000055555555
mem[X,0x00000000800282D8] -> 0x1513
mem[X,0x00000000800282DA] -> 0x00B5
[5892] [M]: 0x00000000800282D8 (0x00B51513) slli a0, a0, 11
x10 <- 0x000002AAAAAAA800
mem[X,0x00000000800282DC] -> 0x0513
mem[X,0x00000000800282DE] -> 0x2AA5
[5893] [M]: 0x00000000800282DC (0x2AA50513) addi a0, a0, 682
x10 <- 0x000002AAAAAAAAAA
mem[X,0x00000000800282E0] -> 0x1513
mem[X,0x00000000800282E2] -> 0x00B5
[5894] [M]: 0x00000000800282E0 (0x00B51513) slli a0, a0, 11
x10 <- 0x0015555555555000
mem[X,0x00000000800282E4] -> 0x0513
mem[X,0x00000000800282E6] -> 0x5555
[5895] [M]: 0x00000000800282E4 (0x55550513) addi a0, a0, 1365
x10 <- 0x0015555555555555
mem[X,0x00000000800282E8] -> 0x1513
mem[X,0x00000000800282EA] -> 0x00A5
[5896] [M]: 0x00000000800282E8 (0x00A51513) slli a0, a0, 10
x10 <- 0x5555555555555400
mem[X,0x00000000800282EC] -> 0x0513
mem[X,0x00000000800282EE] -> 0x1545
[5897] [M]: 0x00000000800282EC (0x15450513) addi a0, a0, 340
x10 <- 0x5555555555555554
mem[X,0x00000000800282F0] -> 0x55B7
mem[X,0x00000000800282F2] -> 0x5555
[5898] [M]: 0x00000000800282F0 (0x555555B7) lui a1, 349525
x11 <- 0x0000000055555000
mem[X,0x00000000800282F4] -> 0x8593
mem[X,0x00000000800282F6] -> 0x5555
[5899] [M]: 0x00000000800282F4 (0x55558593) addi a1, a1, 1365
x11 <- 0x0000000055555555
clint::tick mtime <- 0x000000000000003B
 clint timer pending at mtime 0x000000000000003B
htif::tick 0x0000000000000000
mem[X,0x00000000800282F8] -> 0x9593
mem[X,0x00000000800282FA] -> 0x00B5
[5900] [M]: 0x00000000800282F8 (0x00B59593) slli a1, a1, 11
x11 <- 0x000002AAAAAAA800
mem[X,0x00000000800282FC] -> 0x8593
mem[X,0x00000000800282FE] -> 0x2AA5
[5901] [M]: 0x00000000800282FC (0x2AA58593) addi a1, a1, 682
x11 <- 0x000002AAAAAAAAAA
mem[X,0x0000000080028300] -> 0x9593
mem[X,0x0000000080028302] -> 0x00B5
[5902] [M]: 0x0000000080028300 (0x00B59593) slli a1, a1, 11
x11 <- 0x0015555555555000
mem[X,0x0000000080028304] -> 0x8593
mem[X,0x0000000080028306] -> 0x5555
[5903] [M]: 0x0000000080028304 (0x55558593) addi a1, a1, 1365
x11 <- 0x0015555555555555
mem[X,0x0000000080028308] -> 0x9593
mem[X,0x000000008002830A] -> 0x00A5
[5904] [M]: 0x0000000080028308 (0x00A59593) slli a1, a1, 10
x11 <- 0x5555555555555400
mem[X,0x000000008002830C] -> 0x8593
mem[X,0x000000008002830E] -> 0x1555
[5905] [M]: 0x000000008002830C (0x15558593) addi a1, a1, 341
x11 <- 0x5555555555555555
mem[X,0x0000000080028310] -> 0x0113
mem[X,0x0000000080028312] -> 0x0000
[5906] [M]: 0x0000000080028310 (0x00000113) addi sp, zero, 0
x2 <- 0x0000000000000000
mem[X,0x0000000080028314] -> 0x006F
mem[X,0x0000000080028316] -> 0x00C0
[5907] [M]: 0x0000000080028314 (0x00C0006F) jal zero, 12
mem[X,0x0000000080028320] -> 0x5663
mem[X,0x0000000080028322] -> 0x00B5
[5908] [M]: 0x0000000080028320 (0x00B55663) bge a0, a1, 12
mem[X,0x0000000080028324] -> 0x0113
mem[X,0x0000000080028326] -> 0x0021
[5909] [M]: 0x0000000080028324 (0x00210113) addi sp, sp, 2
x2 <- 0x0000000000000002
mem[X,0x0000000080028328] -> 0x006F
mem[X,0x000000008002832A] -> 0x00C0
[5910] [M]: 0x0000000080028328 (0x00C0006F) jal zero, 12
mem[X,0x0000000080028334] -> 0xBC23
mem[X,0x0000000080028336] -> 0x3420
[5911] [M]: 0x0000000080028334 (0x3420BC23) sd sp, 856(ra)
mem[0x0000000080049D28] <- 0x0000000000000002
mem[X,0x0000000080028338] -> 0x5537
mem[X,0x000000008002833A] -> 0x5555
[5912] [M]: 0x0000000080028338 (0x55555537) lui a0, 349525
x10 <- 0x0000000055555000
mem[X,0x000000008002833C] -> 0x0513
mem[X,0x000000008002833E] -> 0x5555
[5913] [M]: 0x000000008002833C (0x55550513) addi a0, a0, 1365
x10 <- 0x0000000055555555
mem[X,0x0000000080028340] -> 0x1513
mem[X,0x0000000080028342] -> 0x00B5
[5914] [M]: 0x0000000080028340 (0x00B51513) slli a0, a0, 11
x10 <- 0x000002AAAAAAA800
mem[X,0x0000000080028344] -> 0x0513
mem[X,0x0000000080028346] -> 0x2AA5
[5915] [M]: 0x0000000080028344 (0x2AA50513) addi a0, a0, 682
x10 <- 0x000002AAAAAAAAAA
mem[X,0x0000000080028348] -> 0x1513
mem[X,0x000000008002834A] -> 0x00B5
[5916] [M]: 0x0000000080028348 (0x00B51513) slli a0, a0, 11
x10 <- 0x0015555555555000
mem[X,0x000000008002834C] -> 0x0513
mem[X,0x000000008002834E] -> 0x5555
[5917] [M]: 0x000000008002834C (0x55550513) addi a0, a0, 1365
x10 <- 0x0015555555555555
mem[X,0x0000000080028350] -> 0x1513
mem[X,0x0000000080028352] -> 0x00A5
[5918] [M]: 0x0000000080028350 (0x00A51513) slli a0, a0, 10
x10 <- 0x5555555555555400
mem[X,0x0000000080028354] -> 0x0513
mem[X,0x0000000080028356] -> 0x1545
[5919] [M]: 0x0000000080028354 (0x15450513) addi a0, a0, 340
x10 <- 0x5555555555555554
mem[X,0x0000000080028358] -> 0xB5B7
mem[X,0x000000008002835A] -> 0xAAAA
[5920] [M]: 0x0000000080028358 (0xAAAAB5B7) lui a1, 699051
x11 <- 0xFFFFFFFFAAAAB000
mem[X,0x000000008002835C] -> 0x8593
mem[X,0x000000008002835E] -> 0xAAA5
[5921] [M]: 0x000000008002835C (0xAAA58593) addi a1, a1, 2730
x11 <- 0xFFFFFFFFAAAAAAAA
mem[X,0x0000000080028360] -> 0x9593
mem[X,0x0000000080028362] -> 0x00B5
[5922] [M]: 0x0000000080028360 (0x00B59593) slli a1, a1, 11
x11 <- 0xFFFFFD5555555000
mem[X,0x0000000080028364] -> 0x8593
mem[X,0x0000000080028366] -> 0x5555
[5923] [M]: 0x0000000080028364 (0x55558593) addi a1, a1, 1365
x11 <- 0xFFFFFD5555555555
mem[X,0x0000000080028368] -> 0x9593
mem[X,0x000000008002836A] -> 0x00B5
[5924] [M]: 0x0000000080028368 (0x00B59593) slli a1, a1, 11
x11 <- 0xFFEAAAAAAAAAA800
mem[X,0x000000008002836C] -> 0x8593
mem[X,0x000000008002836E] -> 0x2AA5
[5925] [M]: 0x000000008002836C (0x2AA58593) addi a1, a1, 682
x11 <- 0xFFEAAAAAAAAAAAAA
mem[X,0x0000000080028370] -> 0x9593
mem[X,0x0000000080028372] -> 0x00A5
[5926] [M]: 0x0000000080028370 (0x00A59593) slli a1, a1, 10
x11 <- 0xAAAAAAAAAAAAA800
mem[X,0x0000000080028374] -> 0x8593
mem[X,0x0000000080028376] -> 0x2AA5
[5927] [M]: 0x0000000080028374 (0x2AA58593) addi a1, a1, 682
x11 <- 0xAAAAAAAAAAAAAAAA
mem[X,0x0000000080028378] -> 0x0113
mem[X,0x000000008002837A] -> 0x0000
[5928] [M]: 0x0000000080028378 (0x00000113) addi sp, zero, 0
x2 <- 0x0000000000000000
mem[X,0x000000008002837C] -> 0x006F
mem[X,0x000000008002837E] -> 0x00C0
[5929] [M]: 0x000000008002837C (0x00C0006F) jal zero, 12
mem[X,0x0000000080028388] -> 0x5063
mem[X,0x000000008002838A] -> 0x02B5
[5930] [M]: 0x0000000080028388 (0x02B55063) bge a0, a1, 32
mem[X,0x00000000800283A8] -> 0x0113
mem[X,0x00000000800283AA] -> 0x0031
[5931] [M]: 0x00000000800283A8 (0x00310113) addi sp, sp, 3
x2 <- 0x0000000000000003
mem[X,0x00000000800283AC] -> 0x006F
mem[X,0x00000000800283AE] -> 0x0040
[5932] [M]: 0x00000000800283AC (0x0040006F) jal zero, 4
mem[X,0x00000000800283B0] -> 0xB023
mem[X,0x00000000800283B2] -> 0x3620
[5933] [M]: 0x00000000800283B0 (0x3620B023) sd sp, 864(ra)
mem[0x0000000080049D30] <- 0x0000000000000003
mem[X,0x00000000800283B4] -> 0x5537
mem[X,0x00000000800283B6] -> 0x5555
[5934] [M]: 0x00000000800283B4 (0x55555537) lui a0, 349525
x10 <- 0x0000000055555000
mem[X,0x00000000800283B8] -> 0x0513
mem[X,0x00000000800283BA] -> 0x5555
[5935] [M]: 0x00000000800283B8 (0x55550513) addi a0, a0, 1365
x10 <- 0x0000000055555555
mem[X,0x00000000800283BC] -> 0x1513
mem[X,0x00000000800283BE] -> 0x00B5
[5936] [M]: 0x00000000800283BC (0x00B51513) slli a0, a0, 11
x10 <- 0x000002AAAAAAA800
mem[X,0x00000000800283C0] -> 0x0513
mem[X,0x00000000800283C2] -> 0x2AA5
[5937] [M]: 0x00000000800283C0 (0x2AA50513) addi a0, a0, 682
x10 <- 0x000002AAAAAAAAAA
mem[X,0x00000000800283C4] -> 0x1513
mem[X,0x00000000800283C6] -> 0x00B5
[5938] [M]: 0x00000000800283C4 (0x00B51513) slli a0, a0, 11
x10 <- 0x0015555555555000
mem[X,0x00000000800283C8] -> 0x0513
mem[X,0x00000000800283CA] -> 0x5555
[5939] [M]: 0x00000000800283C8 (0x55550513) addi a0, a0, 1365
x10 <- 0x0015555555555555
mem[X,0x00000000800283CC] -> 0x1513
mem[X,0x00000000800283CE] -> 0x00A5
[5940] [M]: 0x00000000800283CC (0x00A51513) slli a0, a0, 10
x10 <- 0x5555555555555400
mem[X,0x00000000800283D0] -> 0x0513
mem[X,0x00000000800283D2] -> 0x1545
[5941] [M]: 0x00000000800283D0 (0x15450513) addi a0, a0, 340
x10 <- 0x5555555555555554
mem[X,0x00000000800283D4] -> 0x0593
mem[X,0x00000000800283D6] -> 0x0050
[5942] [M]: 0x00000000800283D4 (0x00500593) addi a1, zero, 5
x11 <- 0x0000000000000005
mem[X,0x00000000800283D8] -> 0x0113
mem[X,0x00000000800283DA] -> 0x0000
[5943] [M]: 0x00000000800283D8 (0x00000113) addi sp, zero, 0
x2 <- 0x0000000000000000
mem[X,0x00000000800283DC] -> 0x006F
mem[X,0x00000000800283DE] -> 0x00C0
[5944] [M]: 0x00000000800283DC (0x00C0006F) jal zero, 12
mem[X,0x00000000800283E8] -> 0x5663
mem[X,0x00000000800283EA] -> 0x00B5
[5945] [M]: 0x00000000800283E8 (0x00B55663) bge a0, a1, 12
mem[X,0x00000000800283F4] -> 0x0113
mem[X,0x00000000800283F6] -> 0x0031
[5946] [M]: 0x00000000800283F4 (0x00310113) addi sp, sp, 3
x2 <- 0x0000000000000003
mem[X,0x00000000800283F8] -> 0x006F
mem[X,0x00000000800283FA] -> 0x0040
[5947] [M]: 0x00000000800283F8 (0x0040006F) jal zero, 4
mem[X,0x00000000800283FC] -> 0xB423
mem[X,0x00000000800283FE] -> 0x3620
[5948] [M]: 0x00000000800283FC (0x3620B423) sd sp, 872(ra)
mem[0x0000000080049D38] <- 0x0000000000000003
mem[X,0x0000000080028400] -> 0x5537
mem[X,0x0000000080028402] -> 0x5555
[5949] [M]: 0x0000000080028400 (0x55555537) lui a0, 349525
x10 <- 0x0000000055555000
mem[X,0x0000000080028404] -> 0x0513
mem[X,0x0000000080028406] -> 0x5555
[5950] [M]: 0x0000000080028404 (0x55550513) addi a0, a0, 1365
x10 <- 0x0000000055555555
mem[X,0x0000000080028408] -> 0x1513
mem[X,0x000000008002840A] -> 0x00B5
[5951] [M]: 0x0000000080028408 (0x00B51513) slli a0, a0, 11
x10 <- 0x000002AAAAAAA800
mem[X,0x000000008002840C] -> 0x0513
mem[X,0x000000008002840E] -> 0x2AA5
[5952] [M]: 0x000000008002840C (0x2AA50513) addi a0, a0, 682
x10 <- 0x000002AAAAAAAAAA
mem[X,0x0000000080028410] -> 0x1513
mem[X,0x0000000080028412] -> 0x00B5
[5953] [M]: 0x0000000080028410 (0x00B51513) slli a0, a0, 11
x10 <- 0x0015555555555000
mem[X,0x0000000080028414] -> 0x0513
mem[X,0x0000000080028416] -> 0x5555
[5954] [M]: 0x0000000080028414 (0x55550513) addi a0, a0, 1365
x10 <- 0x0015555555555555
mem[X,0x0000000080028418] -> 0x1513
mem[X,0x000000008002841A] -> 0x00A5
[5955] [M]: 0x0000000080028418 (0x00A51513) slli a0, a0, 10
x10 <- 0x5555555555555400
mem[X,0x000000008002841C] -> 0x0513
mem[X,0x000000008002841E] -> 0x1545
[5956] [M]: 0x000000008002841C (0x15450513) addi a0, a0, 340
x10 <- 0x5555555555555554
mem[X,0x0000000080028420] -> 0x35B7
mem[X,0x0000000080028422] -> 0x3333
[5957] [M]: 0x0000000080028420 (0x333335B7) lui a1, 209715
x11 <- 0x0000000033333000
mem[X,0x0000000080028424] -> 0x8593
mem[X,0x0000000080028426] -> 0x3335
[5958] [M]: 0x0000000080028424 (0x33358593) addi a1, a1, 819
x11 <- 0x0000000033333333
mem[X,0x0000000080028428] -> 0x9593
mem[X,0x000000008002842A] -> 0x00B5
[5959] [M]: 0x0000000080028428 (0x00B59593) slli a1, a1, 11
x11 <- 0x0000019999999800
mem[X,0x000000008002842C] -> 0x8593
mem[X,0x000000008002842E] -> 0x1995
[5960] [M]: 0x000000008002842C (0x19958593) addi a1, a1, 409
x11 <- 0x0000019999999999
mem[X,0x0000000080028430] -> 0x9593
mem[X,0x0000000080028432] -> 0x00B5
[5961] [M]: 0x0000000080028430 (0x00B59593) slli a1, a1, 11
x11 <- 0x000CCCCCCCCCC800
mem[X,0x0000000080028434] -> 0x8593
mem[X,0x0000000080028436] -> 0x4CC5
[5962] [M]: 0x0000000080028434 (0x4CC58593) addi a1, a1, 1228
x11 <- 0x000CCCCCCCCCCCCC
mem[X,0x0000000080028438] -> 0x9593
mem[X,0x000000008002843A] -> 0x00A5
[5963] [M]: 0x0000000080028438 (0x00A59593) slli a1, a1, 10
x11 <- 0x3333333333333000
mem[X,0x000000008002843C] -> 0x8593
mem[X,0x000000008002843E] -> 0x3335
[5964] [M]: 0x000000008002843C (0x33358593) addi a1, a1, 819
x11 <- 0x3333333333333333
mem[X,0x0000000080028440] -> 0x0113
mem[X,0x0000000080028442] -> 0x0000
[5965] [M]: 0x0000000080028440 (0x00000113) addi sp, zero, 0
x2 <- 0x0000000000000000
mem[X,0x0000000080028444] -> 0x006F
mem[X,0x0000000080028446] -> 0x0100
[5966] [M]: 0x0000000080028444 (0x0100006F) jal zero, 16
mem[X,0x0000000080028454] -> 0x5AE3
mem[X,0x0000000080028456] -> 0xFEB5
[5967] [M]: 0x0000000080028454 (0xFEB55AE3) bge a0, a1, 8180
mem[X,0x0000000080028448] -> 0x0113
mem[X,0x000000008002844A] -> 0x0011
[5968] [M]: 0x0000000080028448 (0x00110113) addi sp, sp, 1
x2 <- 0x0000000000000001
mem[X,0x000000008002844C] -> 0x006F
mem[X,0x000000008002844E] -> 0x01C0
[5969] [M]: 0x000000008002844C (0x01C0006F) jal zero, 28
mem[X,0x0000000080028468] -> 0xB823
mem[X,0x000000008002846A] -> 0x3620
[5970] [M]: 0x0000000080028468 (0x3620B823) sd sp, 880(ra)
mem[0x0000000080049D40] <- 0x0000000000000001
mem[X,0x000000008002846C] -> 0x5537
mem[X,0x000000008002846E] -> 0x5555
[5971] [M]: 0x000000008002846C (0x55555537) lui a0, 349525
x10 <- 0x0000000055555000
mem[X,0x0000000080028470] -> 0x0513
mem[X,0x0000000080028472] -> 0x5555
[5972] [M]: 0x0000000080028470 (0x55550513) addi a0, a0, 1365
x10 <- 0x0000000055555555
mem[X,0x0000000080028474] -> 0x1513
mem[X,0x0000000080028476] -> 0x00B5
[5973] [M]: 0x0000000080028474 (0x00B51513) slli a0, a0, 11
x10 <- 0x000002AAAAAAA800
mem[X,0x0000000080028478] -> 0x0513
mem[X,0x000000008002847A] -> 0x2AA5
[5974] [M]: 0x0000000080028478 (0x2AA50513) addi a0, a0, 682
x10 <- 0x000002AAAAAAAAAA
mem[X,0x000000008002847C] -> 0x1513
mem[X,0x000000008002847E] -> 0x00B5
[5975] [M]: 0x000000008002847C (0x00B51513) slli a0, a0, 11
x10 <- 0x0015555555555000
mem[X,0x0000000080028480] -> 0x0513
mem[X,0x0000000080028482] -> 0x5555
[5976] [M]: 0x0000000080028480 (0x55550513) addi a0, a0, 1365
x10 <- 0x0015555555555555
mem[X,0x0000000080028484] -> 0x1513
mem[X,0x0000000080028486] -> 0x00A5
[5977] [M]: 0x0000000080028484 (0x00A51513) slli a0, a0, 10
x10 <- 0x5555555555555400
mem[X,0x0000000080028488] -> 0x0513
mem[X,0x000000008002848A] -> 0x1545
[5978] [M]: 0x0000000080028488 (0x15450513) addi a0, a0, 340
x10 <- 0x5555555555555554
mem[X,0x000000008002848C] -> 0x65B7
mem[X,0x000000008002848E] -> 0x6666
[5979] [M]: 0x000000008002848C (0x666665B7) lui a1, 419430
x11 <- 0x0000000066666000
mem[X,0x0000000080028490] -> 0x8593
mem[X,0x0000000080028492] -> 0x6665
[5980] [M]: 0x0000000080028490 (0x66658593) addi a1, a1, 1638
x11 <- 0x0000000066666666
mem[X,0x0000000080028494] -> 0x9593
mem[X,0x0000000080028496] -> 0x00B5
[5981] [M]: 0x0000000080028494 (0x00B59593) slli a1, a1, 11
x11 <- 0x0000033333333000
mem[X,0x0000000080028498] -> 0x8593
mem[X,0x000000008002849A] -> 0x3335
[5982] [M]: 0x0000000080028498 (0x33358593) addi a1, a1, 819
x11 <- 0x0000033333333333
mem[X,0x000000008002849C] -> 0x9593
mem[X,0x000000008002849E] -> 0x00B5
[5983] [M]: 0x000000008002849C (0x00B59593) slli a1, a1, 11
x11 <- 0x0019999999999800
mem[X,0x00000000800284A0] -> 0x8593
mem[X,0x00000000800284A2] -> 0x1995
[5984] [M]: 0x00000000800284A0 (0x19958593) addi a1, a1, 409
x11 <- 0x0019999999999999
mem[X,0x00000000800284A4] -> 0x9593
mem[X,0x00000000800284A6] -> 0x00A5
[5985] [M]: 0x00000000800284A4 (0x00A59593) slli a1, a1, 10
x11 <- 0x6666666666666400
mem[X,0x00000000800284A8] -> 0x8593
mem[X,0x00000000800284AA] -> 0x2665
[5986] [M]: 0x00000000800284A8 (0x26658593) addi a1, a1, 614
x11 <- 0x6666666666666666
mem[X,0x00000000800284AC] -> 0x0113
mem[X,0x00000000800284AE] -> 0x0000
[5987] [M]: 0x00000000800284AC (0x00000113) addi sp, zero, 0
x2 <- 0x0000000000000000
mem[X,0x00000000800284B0] -> 0x006F
mem[X,0x00000000800284B2] -> 0x00C0
[5988] [M]: 0x00000000800284B0 (0x00C0006F) jal zero, 12
mem[X,0x00000000800284BC] -> 0x5663
mem[X,0x00000000800284BE] -> 0x00B5
[5989] [M]: 0x00000000800284BC (0x00B55663) bge a0, a1, 12
mem[X,0x00000000800284C0] -> 0x0113
mem[X,0x00000000800284C2] -> 0x0021
[5990] [M]: 0x00000000800284C0 (0x00210113) addi sp, sp, 2
x2 <- 0x0000000000000002
mem[X,0x00000000800284C4] -> 0x006F
mem[X,0x00000000800284C6] -> 0x00C0
[5991] [M]: 0x00000000800284C4 (0x00C0006F) jal zero, 12
mem[X,0x00000000800284D0] -> 0xBC23
mem[X,0x00000000800284D2] -> 0x3620
[5992] [M]: 0x00000000800284D0 (0x3620BC23) sd sp, 888(ra)
mem[0x0000000080049D48] <- 0x0000000000000002
mem[X,0x00000000800284D4] -> 0x5537
mem[X,0x00000000800284D6] -> 0x5555
[5993] [M]: 0x00000000800284D4 (0x55555537) lui a0, 349525
x10 <- 0x0000000055555000
mem[X,0x00000000800284D8] -> 0x0513
mem[X,0x00000000800284DA] -> 0x5555
[5994] [M]: 0x00000000800284D8 (0x55550513) addi a0, a0, 1365
x10 <- 0x0000000055555555
mem[X,0x00000000800284DC] -> 0x1513
mem[X,0x00000000800284DE] -> 0x00B5
[5995] [M]: 0x00000000800284DC (0x00B51513) slli a0, a0, 11
x10 <- 0x000002AAAAAAA800
mem[X,0x00000000800284E0] -> 0x0513
mem[X,0x00000000800284E2] -> 0x2AA5
[5996] [M]: 0x00000000800284E0 (0x2AA50513) addi a0, a0, 682
x10 <- 0x000002AAAAAAAAAA
mem[X,0x00000000800284E4] -> 0x1513
mem[X,0x00000000800284E6] -> 0x00B5
[5997] [M]: 0x00000000800284E4 (0x00B51513) slli a0, a0, 11
x10 <- 0x0015555555555000
mem[X,0x00000000800284E8] -> 0x0513
mem[X,0x00000000800284EA] -> 0x5555
[5998] [M]: 0x00000000800284E8 (0x55550513) addi a0, a0, 1365
x10 <- 0x0015555555555555
mem[X,0x00000000800284EC] -> 0x1513
mem[X,0x00000000800284EE] -> 0x00A5
[5999] [M]: 0x00000000800284EC (0x00A51513) slli a0, a0, 10
x10 <- 0x5555555555555400
clint::tick mtime <- 0x000000000000003C
 clint timer pending at mtime 0x000000000000003C
htif::tick 0x0000000000000000
mem[X,0x00000000800284F0] -> 0x0513
mem[X,0x00000000800284F2] -> 0x1545
[6000] [M]: 0x00000000800284F0 (0x15450513) addi a0, a0, 340
x10 <- 0x5555555555555554
mem[X,0x00000000800284F4] -> 0x05B7
mem[X,0x00000000800284F6] -> 0x0000
[6001] [M]: 0x00000000800284F4 (0x000005B7) lui a1, 0
x11 <- 0x0000000000000000
mem[X,0x00000000800284F8] -> 0x8593
mem[X,0x00000000800284FA] -> 0xFFF5
[6002] [M]: 0x00000000800284F8 (0xFFF58593) addi a1, a1, 4095
x11 <- 0xFFFFFFFFFFFFFFFF
mem[X,0x00000000800284FC] -> 0x9593
mem[X,0x00000000800284FE] -> 0x00B5
[6003] [M]: 0x00000000800284FC (0x00B59593) slli a1, a1, 11
x11 <- 0xFFFFFFFFFFFFF800
mem[X,0x0000000080028500] -> 0x8593
mem[X,0x0000000080028502] -> 0x2575
[6004] [M]: 0x0000000080028500 (0x25758593) addi a1, a1, 599
x11 <- 0xFFFFFFFFFFFFFA57
mem[X,0x0000000080028504] -> 0x9593
mem[X,0x0000000080028506] -> 0x00B5
[6005] [M]: 0x0000000080028504 (0x00B59593) slli a1, a1, 11
x11 <- 0xFFFFFFFFFFD2B800
mem[X,0x0000000080028508] -> 0x8593
mem[X,0x000000008002850A] -> 0x6C35
[6006] [M]: 0x0000000080028508 (0x6C358593) addi a1, a1, 1731
x11 <- 0xFFFFFFFFFFD2BEC3
mem[X,0x000000008002850C] -> 0x9593
mem[X,0x000000008002850E] -> 0x00A5
[6007] [M]: 0x000000008002850C (0x00A59593) slli a1, a1, 10
x11 <- 0xFFFFFFFF4AFB0C00
mem[X,0x0000000080028510] -> 0x8593
mem[X,0x0000000080028512] -> 0x0CD5
[6008] [M]: 0x0000000080028510 (0x0CD58593) addi a1, a1, 205
x11 <- 0xFFFFFFFF4AFB0CCD
mem[X,0x0000000080028514] -> 0x0113
mem[X,0x0000000080028516] -> 0x0000
[6009] [M]: 0x0000000080028514 (0x00000113) addi sp, zero, 0
x2 <- 0x0000000000000000
mem[X,0x0000000080028518] -> 0x006F
mem[X,0x000000008002851A] -> 0x00C0
[6010] [M]: 0x0000000080028518 (0x00C0006F) jal zero, 12
mem[X,0x0000000080028524] -> 0x5CE3
mem[X,0x0000000080028526] -> 0xFEB5
[6011] [M]: 0x0000000080028524 (0xFEB55CE3) bge a0, a1, 8184
mem[X,0x000000008002851C] -> 0x0113
mem[X,0x000000008002851E] -> 0x0011
[6012] [M]: 0x000000008002851C (0x00110113) addi sp, sp, 1
x2 <- 0x0000000000000001
mem[X,0x0000000080028520] -> 0x006F
mem[X,0x0000000080028522] -> 0x0180
[6013] [M]: 0x0000000080028520 (0x0180006F) jal zero, 24
mem[X,0x0000000080028538] -> 0xB023
mem[X,0x000000008002853A] -> 0x3820
[6014] [M]: 0x0000000080028538 (0x3820B023) sd sp, 896(ra)
mem[0x0000000080049D50] <- 0x0000000000000001
mem[X,0x000000008002853C] -> 0x5537
mem[X,0x000000008002853E] -> 0x5555
[6015] [M]: 0x000000008002853C (0x55555537) lui a0, 349525
x10 <- 0x0000000055555000
mem[X,0x0000000080028540] -> 0x0513
mem[X,0x0000000080028542] -> 0x5555
[6016] [M]: 0x0000000080028540 (0x55550513) addi a0, a0, 1365
x10 <- 0x0000000055555555
mem[X,0x0000000080028544] -> 0x1513
mem[X,0x0000000080028546] -> 0x00B5
[6017] [M]: 0x0000000080028544 (0x00B51513) slli a0, a0, 11
x10 <- 0x000002AAAAAAA800
mem[X,0x0000000080028548] -> 0x0513
mem[X,0x000000008002854A] -> 0x2AA5
[6018] [M]: 0x0000000080028548 (0x2AA50513) addi a0, a0, 682
x10 <- 0x000002AAAAAAAAAA
mem[X,0x000000008002854C] -> 0x1513
mem[X,0x000000008002854E] -> 0x00B5
[6019] [M]: 0x000000008002854C (0x00B51513) slli a0, a0, 11
x10 <- 0x0015555555555000
mem[X,0x0000000080028550] -> 0x0513
mem[X,0x0000000080028552] -> 0x5555
[6020] [M]: 0x0000000080028550 (0x55550513) addi a0, a0, 1365
x10 <- 0x0015555555555555
mem[X,0x0000000080028554] -> 0x1513
mem[X,0x0000000080028556] -> 0x00A5
[6021] [M]: 0x0000000080028554 (0x00A51513) slli a0, a0, 10
x10 <- 0x5555555555555400
mem[X,0x0000000080028558] -> 0x0513
mem[X,0x000000008002855A] -> 0x1545
[6022] [M]: 0x0000000080028558 (0x15450513) addi a0, a0, 340
x10 <- 0x5555555555555554
mem[X,0x000000008002855C] -> 0x05B7
mem[X,0x000000008002855E] -> 0x0000
[6023] [M]: 0x000000008002855C (0x000005B7) lui a1, 0
x11 <- 0x0000000000000000
mem[X,0x0000000080028560] -> 0x8593
mem[X,0x0000000080028562] -> 0x0005
[6024] [M]: 0x0000000080028560 (0x00058593) addi a1, a1, 0
x11 <- 0x0000000000000000
mem[X,0x0000000080028564] -> 0x9593
mem[X,0x0000000080028566] -> 0x00B5
[6025] [M]: 0x0000000080028564 (0x00B59593) slli a1, a1, 11
x11 <- 0x0000000000000000
mem[X,0x0000000080028568] -> 0x8593
mem[X,0x000000008002856A] -> 0x5A85
[6026] [M]: 0x0000000080028568 (0x5A858593) addi a1, a1, 1448
x11 <- 0x00000000000005A8
mem[X,0x000000008002856C] -> 0x9593
mem[X,0x000000008002856E] -> 0x00B5
[6027] [M]: 0x000000008002856C (0x00B59593) slli a1, a1, 11
x11 <- 0x00000000002D4000
mem[X,0x0000000080028570] -> 0x8593
mem[X,0x0000000080028572] -> 0x13C5
[6028] [M]: 0x0000000080028570 (0x13C58593) addi a1, a1, 316
x11 <- 0x00000000002D413C
mem[X,0x0000000080028574] -> 0x9593
mem[X,0x0000000080028576] -> 0x00A5
[6029] [M]: 0x0000000080028574 (0x00A59593) slli a1, a1, 10
x11 <- 0x00000000B504F000
mem[X,0x0000000080028578] -> 0x8593
mem[X,0x000000008002857A] -> 0x3335
[6030] [M]: 0x0000000080028578 (0x33358593) addi a1, a1, 819
x11 <- 0x00000000B504F333
mem[X,0x000000008002857C] -> 0x0113
mem[X,0x000000008002857E] -> 0x0000
[6031] [M]: 0x000000008002857C (0x00000113) addi sp, zero, 0
x2 <- 0x0000000000000000
mem[X,0x0000000080028580] -> 0x006F
mem[X,0x0000000080028582] -> 0x00C0
[6032] [M]: 0x0000000080028580 (0x00C0006F) jal zero, 12
mem[X,0x000000008002858C] -> 0x5CE3
mem[X,0x000000008002858E] -> 0xFEB5
[6033] [M]: 0x000000008002858C (0xFEB55CE3) bge a0, a1, 8184
mem[X,0x0000000080028584] -> 0x0113
mem[X,0x0000000080028586] -> 0x0011
[6034] [M]: 0x0000000080028584 (0x00110113) addi sp, sp, 1
x2 <- 0x0000000000000001
mem[X,0x0000000080028588] -> 0x006F
mem[X,0x000000008002858A] -> 0x0180
[6035] [M]: 0x0000000080028588 (0x0180006F) jal zero, 24
mem[X,0x00000000800285A0] -> 0xB423
mem[X,0x00000000800285A2] -> 0x3820
[6036] [M]: 0x00000000800285A0 (0x3820B423) sd sp, 904(ra)
mem[0x0000000080049D58] <- 0x0000000000000001
mem[X,0x00000000800285A4] -> 0x5537
mem[X,0x00000000800285A6] -> 0x5555
[6037] [M]: 0x00000000800285A4 (0x55555537) lui a0, 349525
x10 <- 0x0000000055555000
mem[X,0x00000000800285A8] -> 0x0513
mem[X,0x00000000800285AA] -> 0x5555
[6038] [M]: 0x00000000800285A8 (0x55550513) addi a0, a0, 1365
x10 <- 0x0000000055555555
mem[X,0x00000000800285AC] -> 0x1513
mem[X,0x00000000800285AE] -> 0x00B5
[6039] [M]: 0x00000000800285AC (0x00B51513) slli a0, a0, 11
x10 <- 0x000002AAAAAAA800
mem[X,0x00000000800285B0] -> 0x0513
mem[X,0x00000000800285B2] -> 0x2AA5
[6040] [M]: 0x00000000800285B0 (0x2AA50513) addi a0, a0, 682
x10 <- 0x000002AAAAAAAAAA
mem[X,0x00000000800285B4] -> 0x1513
mem[X,0x00000000800285B6] -> 0x00B5
[6041] [M]: 0x00000000800285B4 (0x00B51513) slli a0, a0, 11
x10 <- 0x0015555555555000
mem[X,0x00000000800285B8] -> 0x0513
mem[X,0x00000000800285BA] -> 0x5555
[6042] [M]: 0x00000000800285B8 (0x55550513) addi a0, a0, 1365
x10 <- 0x0015555555555555
mem[X,0x00000000800285BC] -> 0x1513
mem[X,0x00000000800285BE] -> 0x00A5
[6043] [M]: 0x00000000800285BC (0x00A51513) slli a0, a0, 10
x10 <- 0x5555555555555400
mem[X,0x00000000800285C0] -> 0x0513
mem[X,0x00000000800285C2] -> 0x1545
[6044] [M]: 0x00000000800285C0 (0x15450513) addi a0, a0, 340
x10 <- 0x5555555555555554
mem[X,0x00000000800285C4] -> 0x0593
mem[X,0x00000000800285C6] -> 0x0020
[6045] [M]: 0x00000000800285C4 (0x00200593) addi a1, zero, 2
x11 <- 0x0000000000000002
mem[X,0x00000000800285C8] -> 0x0113
mem[X,0x00000000800285CA] -> 0x0000
[6046] [M]: 0x00000000800285C8 (0x00000113) addi sp, zero, 0
x2 <- 0x0000000000000000
mem[X,0x00000000800285CC] -> 0x006F
mem[X,0x00000000800285CE] -> 0x00C0
[6047] [M]: 0x00000000800285CC (0x00C0006F) jal zero, 12
mem[X,0x00000000800285D8] -> 0x5063
mem[X,0x00000000800285DA] -> 0x02B5
[6048] [M]: 0x00000000800285D8 (0x02B55063) bge a0, a1, 32
mem[X,0x00000000800285F8] -> 0x0113
mem[X,0x00000000800285FA] -> 0x0031
[6049] [M]: 0x00000000800285F8 (0x00310113) addi sp, sp, 3
x2 <- 0x0000000000000003
mem[X,0x00000000800285FC] -> 0x006F
mem[X,0x00000000800285FE] -> 0x0040
[6050] [M]: 0x00000000800285FC (0x0040006F) jal zero, 4
mem[X,0x0000000080028600] -> 0xB823
mem[X,0x0000000080028602] -> 0x3820
[6051] [M]: 0x0000000080028600 (0x3820B823) sd sp, 912(ra)
mem[0x0000000080049D60] <- 0x0000000000000003
mem[X,0x0000000080028604] -> 0x5537
mem[X,0x0000000080028606] -> 0x5555
[6052] [M]: 0x0000000080028604 (0x55555537) lui a0, 349525
x10 <- 0x0000000055555000
mem[X,0x0000000080028608] -> 0x0513
mem[X,0x000000008002860A] -> 0x5555
[6053] [M]: 0x0000000080028608 (0x55550513) addi a0, a0, 1365
x10 <- 0x0000000055555555
mem[X,0x000000008002860C] -> 0x1513
mem[X,0x000000008002860E] -> 0x00B5
[6054] [M]: 0x000000008002860C (0x00B51513) slli a0, a0, 11
x10 <- 0x000002AAAAAAA800
mem[X,0x0000000080028610] -> 0x0513
mem[X,0x0000000080028612] -> 0x2AA5
[6055] [M]: 0x0000000080028610 (0x2AA50513) addi a0, a0, 682
x10 <- 0x000002AAAAAAAAAA
mem[X,0x0000000080028614] -> 0x1513
mem[X,0x0000000080028616] -> 0x00B5
[6056] [M]: 0x0000000080028614 (0x00B51513) slli a0, a0, 11
x10 <- 0x0015555555555000
mem[X,0x0000000080028618] -> 0x0513
mem[X,0x000000008002861A] -> 0x5555
[6057] [M]: 0x0000000080028618 (0x55550513) addi a0, a0, 1365
x10 <- 0x0015555555555555
mem[X,0x000000008002861C] -> 0x1513
mem[X,0x000000008002861E] -> 0x00A5
[6058] [M]: 0x000000008002861C (0x00A51513) slli a0, a0, 10
x10 <- 0x5555555555555400
mem[X,0x0000000080028620] -> 0x0513
mem[X,0x0000000080028622] -> 0x1545
[6059] [M]: 0x0000000080028620 (0x15450513) addi a0, a0, 340
x10 <- 0x5555555555555554
mem[X,0x0000000080028624] -> 0x55B7
mem[X,0x0000000080028626] -> 0x5555
[6060] [M]: 0x0000000080028624 (0x555555B7) lui a1, 349525
x11 <- 0x0000000055555000
mem[X,0x0000000080028628] -> 0x8593
mem[X,0x000000008002862A] -> 0x5555
[6061] [M]: 0x0000000080028628 (0x55558593) addi a1, a1, 1365
x11 <- 0x0000000055555555
mem[X,0x000000008002862C] -> 0x9593
mem[X,0x000000008002862E] -> 0x00B5
[6062] [M]: 0x000000008002862C (0x00B59593) slli a1, a1, 11
x11 <- 0x000002AAAAAAA800
mem[X,0x0000000080028630] -> 0x8593
mem[X,0x0000000080028632] -> 0x2AA5
[6063] [M]: 0x0000000080028630 (0x2AA58593) addi a1, a1, 682
x11 <- 0x000002AAAAAAAAAA
mem[X,0x0000000080028634] -> 0x9593
mem[X,0x0000000080028636] -> 0x00B5
[6064] [M]: 0x0000000080028634 (0x00B59593) slli a1, a1, 11
x11 <- 0x0015555555555000
mem[X,0x0000000080028638] -> 0x8593
mem[X,0x000000008002863A] -> 0x5555
[6065] [M]: 0x0000000080028638 (0x55558593) addi a1, a1, 1365
x11 <- 0x0015555555555555
mem[X,0x000000008002863C] -> 0x9593
mem[X,0x000000008002863E] -> 0x00A5
[6066] [M]: 0x000000008002863C (0x00A59593) slli a1, a1, 10
x11 <- 0x5555555555555400
mem[X,0x0000000080028640] -> 0x8593
mem[X,0x0000000080028642] -> 0x1545
[6067] [M]: 0x0000000080028640 (0x15458593) addi a1, a1, 340
x11 <- 0x5555555555555554
mem[X,0x0000000080028644] -> 0x0113
mem[X,0x0000000080028646] -> 0x0000
[6068] [M]: 0x0000000080028644 (0x00000113) addi sp, zero, 0
x2 <- 0x0000000000000000
mem[X,0x0000000080028648] -> 0x006F
mem[X,0x000000008002864A] -> 0x0050
[6069] [M]: 0x0000000080028648 (0x0050006F) jal zero, 2052
mem[X,0x0000000080028E4C] -> 0x50E3
mem[X,0x0000000080028E4E] -> 0x80B5
[6070] [M]: 0x0000000080028E4C (0x80B550E3) bge a0, a1, 6144
mem[X,0x000000008002864C] -> 0x0113
mem[X,0x000000008002864E] -> 0x0011
[6071] [M]: 0x000000008002864C (0x00110113) addi sp, sp, 1
x2 <- 0x0000000000000001
mem[X,0x0000000080028650] -> 0x006F
mem[X,0x0000000080028652] -> 0x0110
[6072] [M]: 0x0000000080028650 (0x0110006F) jal zero, 2064
mem[X,0x0000000080028E60] -> 0xBC23
mem[X,0x0000000080028E62] -> 0x3820
[6073] [M]: 0x0000000080028E60 (0x3820BC23) sd sp, 920(ra)
mem[0x0000000080049D68] <- 0x0000000000000001
mem[X,0x0000000080028E64] -> 0x5537
mem[X,0x0000000080028E66] -> 0x5555
[6074] [M]: 0x0000000080028E64 (0x55555537) lui a0, 349525
x10 <- 0x0000000055555000
mem[X,0x0000000080028E68] -> 0x0513
mem[X,0x0000000080028E6A] -> 0x5555
[6075] [M]: 0x0000000080028E68 (0x55550513) addi a0, a0, 1365
x10 <- 0x0000000055555555
mem[X,0x0000000080028E6C] -> 0x1513
mem[X,0x0000000080028E6E] -> 0x00B5
[6076] [M]: 0x0000000080028E6C (0x00B51513) slli a0, a0, 11
x10 <- 0x000002AAAAAAA800
mem[X,0x0000000080028E70] -> 0x0513
mem[X,0x0000000080028E72] -> 0x2AA5
[6077] [M]: 0x0000000080028E70 (0x2AA50513) addi a0, a0, 682
x10 <- 0x000002AAAAAAAAAA
mem[X,0x0000000080028E74] -> 0x1513
mem[X,0x0000000080028E76] -> 0x00B5
[6078] [M]: 0x0000000080028E74 (0x00B51513) slli a0, a0, 11
x10 <- 0x0015555555555000
mem[X,0x0000000080028E78] -> 0x0513
mem[X,0x0000000080028E7A] -> 0x5555
[6079] [M]: 0x0000000080028E78 (0x55550513) addi a0, a0, 1365
x10 <- 0x0015555555555555
mem[X,0x0000000080028E7C] -> 0x1513
mem[X,0x0000000080028E7E] -> 0x00A5
[6080] [M]: 0x0000000080028E7C (0x00A51513) slli a0, a0, 10
x10 <- 0x5555555555555400
mem[X,0x0000000080028E80] -> 0x0513
mem[X,0x0000000080028E82] -> 0x1545
[6081] [M]: 0x0000000080028E80 (0x15450513) addi a0, a0, 340
x10 <- 0x5555555555555554
mem[X,0x0000000080028E84] -> 0x0593
mem[X,0x0000000080028E86] -> 0x0000
[6082] [M]: 0x0000000080028E84 (0x00000593) addi a1, zero, 0
x11 <- 0x0000000000000000
mem[X,0x0000000080028E88] -> 0x0113
mem[X,0x0000000080028E8A] -> 0x0000
[6083] [M]: 0x0000000080028E88 (0x00000113) addi sp, zero, 0
x2 <- 0x0000000000000000
mem[X,0x0000000080028E8C] -> 0x006F
mem[X,0x0000000080028E8E] -> 0x00C0
[6084] [M]: 0x0000000080028E8C (0x00C0006F) jal zero, 12
mem[X,0x0000000080028E98] -> 0x5863
mem[X,0x0000000080028E9A] -> 0x00B5
[6085] [M]: 0x0000000080028E98 (0x00B55863) bge a0, a1, 16
mem[X,0x0000000080028EA8] -> 0x0113
mem[X,0x0000000080028EAA] -> 0x0031
[6086] [M]: 0x0000000080028EA8 (0x00310113) addi sp, sp, 3
x2 <- 0x0000000000000003
mem[X,0x0000000080028EAC] -> 0x006F
mem[X,0x0000000080028EAE] -> 0x0040
[6087] [M]: 0x0000000080028EAC (0x0040006F) jal zero, 4
mem[X,0x0000000080028EB0] -> 0xB023
mem[X,0x0000000080028EB2] -> 0x3A20
[6088] [M]: 0x0000000080028EB0 (0x3A20B023) sd sp, 928(ra)
mem[0x0000000080049D70] <- 0x0000000000000003
mem[X,0x0000000080028EB4] -> 0x5537
mem[X,0x0000000080028EB6] -> 0x5555
[6089] [M]: 0x0000000080028EB4 (0x55555537) lui a0, 349525
x10 <- 0x0000000055555000
mem[X,0x0000000080028EB8] -> 0x0513
mem[X,0x0000000080028EBA] -> 0x5555
[6090] [M]: 0x0000000080028EB8 (0x55550513) addi a0, a0, 1365
x10 <- 0x0000000055555555
mem[X,0x0000000080028EBC] -> 0x1513
mem[X,0x0000000080028EBE] -> 0x00B5
[6091] [M]: 0x0000000080028EBC (0x00B51513) slli a0, a0, 11
x10 <- 0x000002AAAAAAA800
mem[X,0x0000000080028EC0] -> 0x0513
mem[X,0x0000000080028EC2] -> 0x2AA5
[6092] [M]: 0x0000000080028EC0 (0x2AA50513) addi a0, a0, 682
x10 <- 0x000002AAAAAAAAAA
mem[X,0x0000000080028EC4] -> 0x1513
mem[X,0x0000000080028EC6] -> 0x00B5
[6093] [M]: 0x0000000080028EC4 (0x00B51513) slli a0, a0, 11
x10 <- 0x0015555555555000
mem[X,0x0000000080028EC8] -> 0x0513
mem[X,0x0000000080028ECA] -> 0x5555
[6094] [M]: 0x0000000080028EC8 (0x55550513) addi a0, a0, 1365
x10 <- 0x0015555555555555
mem[X,0x0000000080028ECC] -> 0x1513
mem[X,0x0000000080028ECE] -> 0x00A5
[6095] [M]: 0x0000000080028ECC (0x00A51513) slli a0, a0, 10
x10 <- 0x5555555555555400
mem[X,0x0000000080028ED0] -> 0x0513
mem[X,0x0000000080028ED2] -> 0x1545
[6096] [M]: 0x0000000080028ED0 (0x15450513) addi a0, a0, 340
x10 <- 0x5555555555555554
mem[X,0x0000000080028ED4] -> 0x0593
mem[X,0x0000000080028ED6] -> 0x0040
[6097] [M]: 0x0000000080028ED4 (0x00400593) addi a1, zero, 4
x11 <- 0x0000000000000004
mem[X,0x0000000080028ED8] -> 0x0113
mem[X,0x0000000080028EDA] -> 0x0000
[6098] [M]: 0x0000000080028ED8 (0x00000113) addi sp, zero, 0
x2 <- 0x0000000000000000
mem[X,0x0000000080028EDC] -> 0x006F
mem[X,0x0000000080028EDE] -> 0x00C0
[6099] [M]: 0x0000000080028EDC (0x00C0006F) jal zero, 12
clint::tick mtime <- 0x000000000000003D
 clint timer pending at mtime 0x000000000000003D
htif::tick 0x0000000000000000
mem[X,0x0000000080028EE8] -> 0x5CE3
mem[X,0x0000000080028EEA] -> 0xFEB5
[6100] [M]: 0x0000000080028EE8 (0xFEB55CE3) bge a0, a1, 8184
mem[X,0x0000000080028EE0] -> 0x0113
mem[X,0x0000000080028EE2] -> 0x0011
[6101] [M]: 0x0000000080028EE0 (0x00110113) addi sp, sp, 1
x2 <- 0x0000000000000001
mem[X,0x0000000080028EE4] -> 0x006F
mem[X,0x0000000080028EE6] -> 0x0180
[6102] [M]: 0x0000000080028EE4 (0x0180006F) jal zero, 24
mem[X,0x0000000080028EFC] -> 0xB423
mem[X,0x0000000080028EFE] -> 0x3A20
[6103] [M]: 0x0000000080028EFC (0x3A20B423) sd sp, 936(ra)
mem[0x0000000080049D78] <- 0x0000000000000001
mem[X,0x0000000080028F00] -> 0x5537
mem[X,0x0000000080028F02] -> 0x5555
[6104] [M]: 0x0000000080028F00 (0x55555537) lui a0, 349525
x10 <- 0x0000000055555000
mem[X,0x0000000080028F04] -> 0x0513
mem[X,0x0000000080028F06] -> 0x5555
[6105] [M]: 0x0000000080028F04 (0x55550513) addi a0, a0, 1365
x10 <- 0x0000000055555555
mem[X,0x0000000080028F08] -> 0x1513
mem[X,0x0000000080028F0A] -> 0x00B5
[6106] [M]: 0x0000000080028F08 (0x00B51513) slli a0, a0, 11
x10 <- 0x000002AAAAAAA800
mem[X,0x0000000080028F0C] -> 0x0513
mem[X,0x0000000080028F0E] -> 0x2AA5
[6107] [M]: 0x0000000080028F0C (0x2AA50513) addi a0, a0, 682
x10 <- 0x000002AAAAAAAAAA
mem[X,0x0000000080028F10] -> 0x1513
mem[X,0x0000000080028F12] -> 0x00B5
[6108] [M]: 0x0000000080028F10 (0x00B51513) slli a0, a0, 11
x10 <- 0x0015555555555000
mem[X,0x0000000080028F14] -> 0x0513
mem[X,0x0000000080028F16] -> 0x5555
[6109] [M]: 0x0000000080028F14 (0x55550513) addi a0, a0, 1365
x10 <- 0x0015555555555555
mem[X,0x0000000080028F18] -> 0x1513
mem[X,0x0000000080028F1A] -> 0x00A5
[6110] [M]: 0x0000000080028F18 (0x00A51513) slli a0, a0, 10
x10 <- 0x5555555555555400
mem[X,0x0000000080028F1C] -> 0x0513
mem[X,0x0000000080028F1E] -> 0x1545
[6111] [M]: 0x0000000080028F1C (0x15450513) addi a0, a0, 340
x10 <- 0x5555555555555554
mem[X,0x0000000080028F20] -> 0x35B7
mem[X,0x0000000080028F22] -> 0x3333
[6112] [M]: 0x0000000080028F20 (0x333335B7) lui a1, 209715
x11 <- 0x0000000033333000
mem[X,0x0000000080028F24] -> 0x8593
mem[X,0x0000000080028F26] -> 0x3335
[6113] [M]: 0x0000000080028F24 (0x33358593) addi a1, a1, 819
x11 <- 0x0000000033333333
mem[X,0x0000000080028F28] -> 0x9593
mem[X,0x0000000080028F2A] -> 0x00B5
[6114] [M]: 0x0000000080028F28 (0x00B59593) slli a1, a1, 11
x11 <- 0x0000019999999800
mem[X,0x0000000080028F2C] -> 0x8593
mem[X,0x0000000080028F2E] -> 0x1995
[6115] [M]: 0x0000000080028F2C (0x19958593) addi a1, a1, 409
x11 <- 0x0000019999999999
mem[X,0x0000000080028F30] -> 0x9593
mem[X,0x0000000080028F32] -> 0x00B5
[6116] [M]: 0x0000000080028F30 (0x00B59593) slli a1, a1, 11
x11 <- 0x000CCCCCCCCCC800
mem[X,0x0000000080028F34] -> 0x8593
mem[X,0x0000000080028F36] -> 0x4CC5
[6117] [M]: 0x0000000080028F34 (0x4CC58593) addi a1, a1, 1228
x11 <- 0x000CCCCCCCCCCCCC
mem[X,0x0000000080028F38] -> 0x9593
mem[X,0x0000000080028F3A] -> 0x00A5
[6118] [M]: 0x0000000080028F38 (0x00A59593) slli a1, a1, 10
x11 <- 0x3333333333333000
mem[X,0x0000000080028F3C] -> 0x8593
mem[X,0x0000000080028F3E] -> 0x3325
[6119] [M]: 0x0000000080028F3C (0x33258593) addi a1, a1, 818
x11 <- 0x3333333333333332
mem[X,0x0000000080028F40] -> 0x0113
mem[X,0x0000000080028F42] -> 0x0000
[6120] [M]: 0x0000000080028F40 (0x00000113) addi sp, zero, 0
x2 <- 0x0000000000000000
mem[X,0x0000000080028F44] -> 0x006F
mem[X,0x0000000080028F46] -> 0x00C0
[6121] [M]: 0x0000000080028F44 (0x00C0006F) jal zero, 12
mem[X,0x0000000080028F50] -> 0x5663
mem[X,0x0000000080028F52] -> 0x00B5
[6122] [M]: 0x0000000080028F50 (0x00B55663) bge a0, a1, 12
mem[X,0x0000000080028F5C] -> 0x0113
mem[X,0x0000000080028F5E] -> 0x0031
[6123] [M]: 0x0000000080028F5C (0x00310113) addi sp, sp, 3
x2 <- 0x0000000000000003
mem[X,0x0000000080028F60] -> 0x006F
mem[X,0x0000000080028F62] -> 0x0040
[6124] [M]: 0x0000000080028F60 (0x0040006F) jal zero, 4
mem[X,0x0000000080028F64] -> 0xB823
mem[X,0x0000000080028F66] -> 0x3A20
[6125] [M]: 0x0000000080028F64 (0x3A20B823) sd sp, 944(ra)
mem[0x0000000080049D80] <- 0x0000000000000003
mem[X,0x0000000080028F68] -> 0x5537
mem[X,0x0000000080028F6A] -> 0x5555
[6126] [M]: 0x0000000080028F68 (0x55555537) lui a0, 349525
x10 <- 0x0000000055555000
mem[X,0x0000000080028F6C] -> 0x0513
mem[X,0x0000000080028F6E] -> 0x5555
[6127] [M]: 0x0000000080028F6C (0x55550513) addi a0, a0, 1365
x10 <- 0x0000000055555555
mem[X,0x0000000080028F70] -> 0x1513
mem[X,0x0000000080028F72] -> 0x00B5
[6128] [M]: 0x0000000080028F70 (0x00B51513) slli a0, a0, 11
x10 <- 0x000002AAAAAAA800
mem[X,0x0000000080028F74] -> 0x0513
mem[X,0x0000000080028F76] -> 0x2AA5
[6129] [M]: 0x0000000080028F74 (0x2AA50513) addi a0, a0, 682
x10 <- 0x000002AAAAAAAAAA
mem[X,0x0000000080028F78] -> 0x1513
mem[X,0x0000000080028F7A] -> 0x00B5
[6130] [M]: 0x0000000080028F78 (0x00B51513) slli a0, a0, 11
x10 <- 0x0015555555555000
mem[X,0x0000000080028F7C] -> 0x0513
mem[X,0x0000000080028F7E] -> 0x5555
[6131] [M]: 0x0000000080028F7C (0x55550513) addi a0, a0, 1365
x10 <- 0x0015555555555555
mem[X,0x0000000080028F80] -> 0x1513
mem[X,0x0000000080028F82] -> 0x00A5
[6132] [M]: 0x0000000080028F80 (0x00A51513) slli a0, a0, 10
x10 <- 0x5555555555555400
mem[X,0x0000000080028F84] -> 0x0513
mem[X,0x0000000080028F86] -> 0x1545
[6133] [M]: 0x0000000080028F84 (0x15450513) addi a0, a0, 340
x10 <- 0x5555555555555554
mem[X,0x0000000080028F88] -> 0x65B7
mem[X,0x0000000080028F8A] -> 0x6666
[6134] [M]: 0x0000000080028F88 (0x666665B7) lui a1, 419430
x11 <- 0x0000000066666000
mem[X,0x0000000080028F8C] -> 0x8593
mem[X,0x0000000080028F8E] -> 0x6665
[6135] [M]: 0x0000000080028F8C (0x66658593) addi a1, a1, 1638
x11 <- 0x0000000066666666
mem[X,0x0000000080028F90] -> 0x9593
mem[X,0x0000000080028F92] -> 0x00B5
[6136] [M]: 0x0000000080028F90 (0x00B59593) slli a1, a1, 11
x11 <- 0x0000033333333000
mem[X,0x0000000080028F94] -> 0x8593
mem[X,0x0000000080028F96] -> 0x3335
[6137] [M]: 0x0000000080028F94 (0x33358593) addi a1, a1, 819
x11 <- 0x0000033333333333
mem[X,0x0000000080028F98] -> 0x9593
mem[X,0x0000000080028F9A] -> 0x00B5
[6138] [M]: 0x0000000080028F98 (0x00B59593) slli a1, a1, 11
x11 <- 0x0019999999999800
mem[X,0x0000000080028F9C] -> 0x8593
mem[X,0x0000000080028F9E] -> 0x1995
[6139] [M]: 0x0000000080028F9C (0x19958593) addi a1, a1, 409
x11 <- 0x0019999999999999
mem[X,0x0000000080028FA0] -> 0x9593
mem[X,0x0000000080028FA2] -> 0x00A5
[6140] [M]: 0x0000000080028FA0 (0x00A59593) slli a1, a1, 10
x11 <- 0x6666666666666400
mem[X,0x0000000080028FA4] -> 0x8593
mem[X,0x0000000080028FA6] -> 0x2655
[6141] [M]: 0x0000000080028FA4 (0x26558593) addi a1, a1, 613
x11 <- 0x6666666666666665
mem[X,0x0000000080028FA8] -> 0x0113
mem[X,0x0000000080028FAA] -> 0x0000
[6142] [M]: 0x0000000080028FA8 (0x00000113) addi sp, zero, 0
x2 <- 0x0000000000000000
mem[X,0x0000000080028FAC] -> 0x006F
mem[X,0x0000000080028FAE] -> 0x00C0
[6143] [M]: 0x0000000080028FAC (0x00C0006F) jal zero, 12
mem[X,0x0000000080028FB8] -> 0x5063
mem[X,0x0000000080028FBA] -> 0x04B5
[6144] [M]: 0x0000000080028FB8 (0x04B55063) bge a0, a1, 64
mem[X,0x0000000080028FBC] -> 0x0113
mem[X,0x0000000080028FBE] -> 0x0021
[6145] [M]: 0x0000000080028FBC (0x00210113) addi sp, sp, 2
x2 <- 0x0000000000000002
mem[X,0x0000000080028FC0] -> 0x006F
mem[X,0x0000000080028FC2] -> 0x0400
[6146] [M]: 0x0000000080028FC0 (0x0400006F) jal zero, 64
mem[X,0x0000000080029000] -> 0xBC23
mem[X,0x0000000080029002] -> 0x3A20
[6147] [M]: 0x0000000080029000 (0x3A20BC23) sd sp, 952(ra)
mem[0x0000000080049D88] <- 0x0000000000000002
mem[X,0x0000000080029004] -> 0x5537
mem[X,0x0000000080029006] -> 0x5555
[6148] [M]: 0x0000000080029004 (0x55555537) lui a0, 349525
x10 <- 0x0000000055555000
mem[X,0x0000000080029008] -> 0x0513
mem[X,0x000000008002900A] -> 0x5555
[6149] [M]: 0x0000000080029008 (0x55550513) addi a0, a0, 1365
x10 <- 0x0000000055555555
mem[X,0x000000008002900C] -> 0x1513
mem[X,0x000000008002900E] -> 0x00B5
[6150] [M]: 0x000000008002900C (0x00B51513) slli a0, a0, 11
x10 <- 0x000002AAAAAAA800
mem[X,0x0000000080029010] -> 0x0513
mem[X,0x0000000080029012] -> 0x2AA5
[6151] [M]: 0x0000000080029010 (0x2AA50513) addi a0, a0, 682
x10 <- 0x000002AAAAAAAAAA
mem[X,0x0000000080029014] -> 0x1513
mem[X,0x0000000080029016] -> 0x00B5
[6152] [M]: 0x0000000080029014 (0x00B51513) slli a0, a0, 11
x10 <- 0x0015555555555000
mem[X,0x0000000080029018] -> 0x0513
mem[X,0x000000008002901A] -> 0x5555
[6153] [M]: 0x0000000080029018 (0x55550513) addi a0, a0, 1365
x10 <- 0x0015555555555555
mem[X,0x000000008002901C] -> 0x1513
mem[X,0x000000008002901E] -> 0x00A5
[6154] [M]: 0x000000008002901C (0x00A51513) slli a0, a0, 10
x10 <- 0x5555555555555400
mem[X,0x0000000080029020] -> 0x0513
mem[X,0x0000000080029022] -> 0x1545
[6155] [M]: 0x0000000080029020 (0x15450513) addi a0, a0, 340
x10 <- 0x5555555555555554
mem[X,0x0000000080029024] -> 0x05B7
mem[X,0x0000000080029026] -> 0x0000
[6156] [M]: 0x0000000080029024 (0x000005B7) lui a1, 0
x11 <- 0x0000000000000000
mem[X,0x0000000080029028] -> 0x8593
mem[X,0x000000008002902A] -> 0x0005
[6157] [M]: 0x0000000080029028 (0x00058593) addi a1, a1, 0
x11 <- 0x0000000000000000
mem[X,0x000000008002902C] -> 0x9593
mem[X,0x000000008002902E] -> 0x00B5
[6158] [M]: 0x000000008002902C (0x00B59593) slli a1, a1, 11
x11 <- 0x0000000000000000
mem[X,0x0000000080029030] -> 0x8593
mem[X,0x0000000080029032] -> 0x5A85
[6159] [M]: 0x0000000080029030 (0x5A858593) addi a1, a1, 1448
x11 <- 0x00000000000005A8
mem[X,0x0000000080029034] -> 0x9593
mem[X,0x0000000080029036] -> 0x00B5
[6160] [M]: 0x0000000080029034 (0x00B59593) slli a1, a1, 11
x11 <- 0x00000000002D4000
mem[X,0x0000000080029038] -> 0x8593
mem[X,0x000000008002903A] -> 0x13C5
[6161] [M]: 0x0000000080029038 (0x13C58593) addi a1, a1, 316
x11 <- 0x00000000002D413C
mem[X,0x000000008002903C] -> 0x9593
mem[X,0x000000008002903E] -> 0x00A5
[6162] [M]: 0x000000008002903C (0x00A59593) slli a1, a1, 10
x11 <- 0x00000000B504F000
mem[X,0x0000000080029040] -> 0x8593
mem[X,0x0000000080029042] -> 0x3325
[6163] [M]: 0x0000000080029040 (0x33258593) addi a1, a1, 818
x11 <- 0x00000000B504F332
mem[X,0x0000000080029044] -> 0x0113
mem[X,0x0000000080029046] -> 0x0000
[6164] [M]: 0x0000000080029044 (0x00000113) addi sp, zero, 0
x2 <- 0x0000000000000000
mem[X,0x0000000080029048] -> 0x006F
mem[X,0x000000008002904A] -> 0x0100
[6165] [M]: 0x0000000080029048 (0x0100006F) jal zero, 16
mem[X,0x0000000080029058] -> 0x5AE3
mem[X,0x000000008002905A] -> 0xFEB5
[6166] [M]: 0x0000000080029058 (0xFEB55AE3) bge a0, a1, 8180
mem[X,0x000000008002904C] -> 0x0113
mem[X,0x000000008002904E] -> 0x0011
[6167] [M]: 0x000000008002904C (0x00110113) addi sp, sp, 1
x2 <- 0x0000000000000001
mem[X,0x0000000080029050] -> 0x006F
mem[X,0x0000000080029052] -> 0x01C0
[6168] [M]: 0x0000000080029050 (0x01C0006F) jal zero, 28
mem[X,0x000000008002906C] -> 0xB023
mem[X,0x000000008002906E] -> 0x3C20
[6169] [M]: 0x000000008002906C (0x3C20B023) sd sp, 960(ra)
mem[0x0000000080049D90] <- 0x0000000000000001
mem[X,0x0000000080029070] -> 0x5537
mem[X,0x0000000080029072] -> 0x5555
[6170] [M]: 0x0000000080029070 (0x55555537) lui a0, 349525
x10 <- 0x0000000055555000
mem[X,0x0000000080029074] -> 0x0513
mem[X,0x0000000080029076] -> 0x5555
[6171] [M]: 0x0000000080029074 (0x55550513) addi a0, a0, 1365
x10 <- 0x0000000055555555
mem[X,0x0000000080029078] -> 0x1513
mem[X,0x000000008002907A] -> 0x00B5
[6172] [M]: 0x0000000080029078 (0x00B51513) slli a0, a0, 11
x10 <- 0x000002AAAAAAA800
mem[X,0x000000008002907C] -> 0x0513
mem[X,0x000000008002907E] -> 0x2AA5
[6173] [M]: 0x000000008002907C (0x2AA50513) addi a0, a0, 682
x10 <- 0x000002AAAAAAAAAA
mem[X,0x0000000080029080] -> 0x1513
mem[X,0x0000000080029082] -> 0x00B5
[6174] [M]: 0x0000000080029080 (0x00B51513) slli a0, a0, 11
x10 <- 0x0015555555555000
mem[X,0x0000000080029084] -> 0x0513
mem[X,0x0000000080029086] -> 0x5555
[6175] [M]: 0x0000000080029084 (0x55550513) addi a0, a0, 1365
x10 <- 0x0015555555555555
mem[X,0x0000000080029088] -> 0x1513
mem[X,0x000000008002908A] -> 0x00A5
[6176] [M]: 0x0000000080029088 (0x00A51513) slli a0, a0, 10
x10 <- 0x5555555555555400
mem[X,0x000000008002908C] -> 0x0513
mem[X,0x000000008002908E] -> 0x1545
[6177] [M]: 0x000000008002908C (0x15450513) addi a0, a0, 340
x10 <- 0x5555555555555554
mem[X,0x0000000080029090] -> 0x55B7
mem[X,0x0000000080029092] -> 0x5555
[6178] [M]: 0x0000000080029090 (0x555555B7) lui a1, 349525
x11 <- 0x0000000055555000
mem[X,0x0000000080029094] -> 0x8593
mem[X,0x0000000080029096] -> 0x5555
[6179] [M]: 0x0000000080029094 (0x55558593) addi a1, a1, 1365
x11 <- 0x0000000055555555
mem[X,0x0000000080029098] -> 0x9593
mem[X,0x000000008002909A] -> 0x00B5
[6180] [M]: 0x0000000080029098 (0x00B59593) slli a1, a1, 11
x11 <- 0x000002AAAAAAA800
mem[X,0x000000008002909C] -> 0x8593
mem[X,0x000000008002909E] -> 0x2AA5
[6181] [M]: 0x000000008002909C (0x2AA58593) addi a1, a1, 682
x11 <- 0x000002AAAAAAAAAA
mem[X,0x00000000800290A0] -> 0x9593
mem[X,0x00000000800290A2] -> 0x00B5
[6182] [M]: 0x00000000800290A0 (0x00B59593) slli a1, a1, 11
x11 <- 0x0015555555555000
mem[X,0x00000000800290A4] -> 0x8593
mem[X,0x00000000800290A6] -> 0x5555
[6183] [M]: 0x00000000800290A4 (0x55558593) addi a1, a1, 1365
x11 <- 0x0015555555555555
mem[X,0x00000000800290A8] -> 0x9593
mem[X,0x00000000800290AA] -> 0x00A5
[6184] [M]: 0x00000000800290A8 (0x00A59593) slli a1, a1, 10
x11 <- 0x5555555555555400
mem[X,0x00000000800290AC] -> 0x8593
mem[X,0x00000000800290AE] -> 0x1565
[6185] [M]: 0x00000000800290AC (0x15658593) addi a1, a1, 342
x11 <- 0x5555555555555556
mem[X,0x00000000800290B0] -> 0x0113
mem[X,0x00000000800290B2] -> 0x0000
[6186] [M]: 0x00000000800290B0 (0x00000113) addi sp, zero, 0
x2 <- 0x0000000000000000
mem[X,0x00000000800290B4] -> 0x006F
mem[X,0x00000000800290B6] -> 0x00C0
[6187] [M]: 0x00000000800290B4 (0x00C0006F) jal zero, 12
mem[X,0x00000000800290C0] -> 0x5063
mem[X,0x00000000800290C2] -> 0x40B5
[6188] [M]: 0x00000000800290C0 (0x40B55063) bge a0, a1, 1024
mem[X,0x00000000800290C4] -> 0x0113
mem[X,0x00000000800290C6] -> 0x0021
[6189] [M]: 0x00000000800290C4 (0x00210113) addi sp, sp, 2
x2 <- 0x0000000000000002
mem[X,0x00000000800290C8] -> 0x006F
mem[X,0x00000000800290CA] -> 0x4000
[6190] [M]: 0x00000000800290C8 (0x4000006F) jal zero, 1024
mem[X,0x00000000800294C8] -> 0xB423
mem[X,0x00000000800294CA] -> 0x3C20
[6191] [M]: 0x00000000800294C8 (0x3C20B423) sd sp, 968(ra)
mem[0x0000000080049D98] <- 0x0000000000000002
mem[X,0x00000000800294CC] -> 0x5537
mem[X,0x00000000800294CE] -> 0x5555
[6192] [M]: 0x00000000800294CC (0x55555537) lui a0, 349525
x10 <- 0x0000000055555000
mem[X,0x00000000800294D0] -> 0x0513
mem[X,0x00000000800294D2] -> 0x5555
[6193] [M]: 0x00000000800294D0 (0x55550513) addi a0, a0, 1365
x10 <- 0x0000000055555555
mem[X,0x00000000800294D4] -> 0x1513
mem[X,0x00000000800294D6] -> 0x00B5
[6194] [M]: 0x00000000800294D4 (0x00B51513) slli a0, a0, 11
x10 <- 0x000002AAAAAAA800
mem[X,0x00000000800294D8] -> 0x0513
mem[X,0x00000000800294DA] -> 0x2AA5
[6195] [M]: 0x00000000800294D8 (0x2AA50513) addi a0, a0, 682
x10 <- 0x000002AAAAAAAAAA
mem[X,0x00000000800294DC] -> 0x1513
mem[X,0x00000000800294DE] -> 0x00B5
[6196] [M]: 0x00000000800294DC (0x00B51513) slli a0, a0, 11
x10 <- 0x0015555555555000
mem[X,0x00000000800294E0] -> 0x0513
mem[X,0x00000000800294E2] -> 0x5555
[6197] [M]: 0x00000000800294E0 (0x55550513) addi a0, a0, 1365
x10 <- 0x0015555555555555
mem[X,0x00000000800294E4] -> 0x1513
mem[X,0x00000000800294E6] -> 0x00A5
[6198] [M]: 0x00000000800294E4 (0x00A51513) slli a0, a0, 10
x10 <- 0x5555555555555400
mem[X,0x00000000800294E8] -> 0x0513
mem[X,0x00000000800294EA] -> 0x1545
[6199] [M]: 0x00000000800294E8 (0x15450513) addi a0, a0, 340
x10 <- 0x5555555555555554
clint::tick mtime <- 0x000000000000003E
 clint timer pending at mtime 0x000000000000003E
htif::tick 0x0000000000000000
mem[X,0x00000000800294EC] -> 0xB5B7
mem[X,0x00000000800294EE] -> 0xAAAA
[6200] [M]: 0x00000000800294EC (0xAAAAB5B7) lui a1, 699051
x11 <- 0xFFFFFFFFAAAAB000
mem[X,0x00000000800294F0] -> 0x8593
mem[X,0x00000000800294F2] -> 0xAAA5
[6201] [M]: 0x00000000800294F0 (0xAAA58593) addi a1, a1, 2730
x11 <- 0xFFFFFFFFAAAAAAAA
mem[X,0x00000000800294F4] -> 0x9593
mem[X,0x00000000800294F6] -> 0x00B5
[6202] [M]: 0x00000000800294F4 (0x00B59593) slli a1, a1, 11
x11 <- 0xFFFFFD5555555000
mem[X,0x00000000800294F8] -> 0x8593
mem[X,0x00000000800294FA] -> 0x5555
[6203] [M]: 0x00000000800294F8 (0x55558593) addi a1, a1, 1365
x11 <- 0xFFFFFD5555555555
mem[X,0x00000000800294FC] -> 0x9593
mem[X,0x00000000800294FE] -> 0x00B5
[6204] [M]: 0x00000000800294FC (0x00B59593) slli a1, a1, 11
x11 <- 0xFFEAAAAAAAAAA800
mem[X,0x0000000080029500] -> 0x8593
mem[X,0x0000000080029502] -> 0x2AA5
[6205] [M]: 0x0000000080029500 (0x2AA58593) addi a1, a1, 682
x11 <- 0xFFEAAAAAAAAAAAAA
mem[X,0x0000000080029504] -> 0x9593
mem[X,0x0000000080029506] -> 0x00A5
[6206] [M]: 0x0000000080029504 (0x00A59593) slli a1, a1, 10
x11 <- 0xAAAAAAAAAAAAA800
mem[X,0x0000000080029508] -> 0x8593
mem[X,0x000000008002950A] -> 0x2AB5
[6207] [M]: 0x0000000080029508 (0x2AB58593) addi a1, a1, 683
x11 <- 0xAAAAAAAAAAAAAAAB
mem[X,0x000000008002950C] -> 0x0113
mem[X,0x000000008002950E] -> 0x0000
[6208] [M]: 0x000000008002950C (0x00000113) addi sp, zero, 0
x2 <- 0x0000000000000000
mem[X,0x0000000080029510] -> 0x006F
mem[X,0x0000000080029512] -> 0x00C0
[6209] [M]: 0x0000000080029510 (0x00C0006F) jal zero, 12
mem[X,0x000000008002951C] -> 0x5063
mem[X,0x000000008002951E] -> 0x10B5
[6210] [M]: 0x000000008002951C (0x10B55063) bge a0, a1, 256
mem[X,0x000000008002961C] -> 0x0113
mem[X,0x000000008002961E] -> 0x0031
[6211] [M]: 0x000000008002961C (0x00310113) addi sp, sp, 3
x2 <- 0x0000000000000003
mem[X,0x0000000080029620] -> 0x006F
mem[X,0x0000000080029622] -> 0x0040
[6212] [M]: 0x0000000080029620 (0x0040006F) jal zero, 4
mem[X,0x0000000080029624] -> 0xB823
mem[X,0x0000000080029626] -> 0x3C20
[6213] [M]: 0x0000000080029624 (0x3C20B823) sd sp, 976(ra)
mem[0x0000000080049DA0] <- 0x0000000000000003
mem[X,0x0000000080029628] -> 0x5537
mem[X,0x000000008002962A] -> 0x5555
[6214] [M]: 0x0000000080029628 (0x55555537) lui a0, 349525
x10 <- 0x0000000055555000
mem[X,0x000000008002962C] -> 0x0513
mem[X,0x000000008002962E] -> 0x5555
[6215] [M]: 0x000000008002962C (0x55550513) addi a0, a0, 1365
x10 <- 0x0000000055555555
mem[X,0x0000000080029630] -> 0x1513
mem[X,0x0000000080029632] -> 0x00B5
[6216] [M]: 0x0000000080029630 (0x00B51513) slli a0, a0, 11
x10 <- 0x000002AAAAAAA800
mem[X,0x0000000080029634] -> 0x0513
mem[X,0x0000000080029636] -> 0x2AA5
[6217] [M]: 0x0000000080029634 (0x2AA50513) addi a0, a0, 682
x10 <- 0x000002AAAAAAAAAA
mem[X,0x0000000080029638] -> 0x1513
mem[X,0x000000008002963A] -> 0x00B5
[6218] [M]: 0x0000000080029638 (0x00B51513) slli a0, a0, 11
x10 <- 0x0015555555555000
mem[X,0x000000008002963C] -> 0x0513
mem[X,0x000000008002963E] -> 0x5555
[6219] [M]: 0x000000008002963C (0x55550513) addi a0, a0, 1365
x10 <- 0x0015555555555555
mem[X,0x0000000080029640] -> 0x1513
mem[X,0x0000000080029642] -> 0x00A5
[6220] [M]: 0x0000000080029640 (0x00A51513) slli a0, a0, 10
x10 <- 0x5555555555555400
mem[X,0x0000000080029644] -> 0x0513
mem[X,0x0000000080029646] -> 0x1545
[6221] [M]: 0x0000000080029644 (0x15450513) addi a0, a0, 340
x10 <- 0x5555555555555554
mem[X,0x0000000080029648] -> 0x0593
mem[X,0x000000008002964A] -> 0x0060
[6222] [M]: 0x0000000080029648 (0x00600593) addi a1, zero, 6
x11 <- 0x0000000000000006
mem[X,0x000000008002964C] -> 0x0113
mem[X,0x000000008002964E] -> 0x0000
[6223] [M]: 0x000000008002964C (0x00000113) addi sp, zero, 0
x2 <- 0x0000000000000000
mem[X,0x0000000080029650] -> 0x006F
mem[X,0x0000000080029652] -> 0x00C0
[6224] [M]: 0x0000000080029650 (0x00C0006F) jal zero, 12
mem[X,0x000000008002965C] -> 0x5863
mem[X,0x000000008002965E] -> 0x00B5
[6225] [M]: 0x000000008002965C (0x00B55863) bge a0, a1, 16
mem[X,0x000000008002966C] -> 0x0113
mem[X,0x000000008002966E] -> 0x0031
[6226] [M]: 0x000000008002966C (0x00310113) addi sp, sp, 3
x2 <- 0x0000000000000003
mem[X,0x0000000080029670] -> 0x006F
mem[X,0x0000000080029672] -> 0x0040
[6227] [M]: 0x0000000080029670 (0x0040006F) jal zero, 4
mem[X,0x0000000080029674] -> 0xBC23
mem[X,0x0000000080029676] -> 0x3C20
[6228] [M]: 0x0000000080029674 (0x3C20BC23) sd sp, 984(ra)
mem[0x0000000080049DA8] <- 0x0000000000000003
mem[X,0x0000000080029678] -> 0x5537
mem[X,0x000000008002967A] -> 0x5555
[6229] [M]: 0x0000000080029678 (0x55555537) lui a0, 349525
x10 <- 0x0000000055555000
mem[X,0x000000008002967C] -> 0x0513
mem[X,0x000000008002967E] -> 0x5555
[6230] [M]: 0x000000008002967C (0x55550513) addi a0, a0, 1365
x10 <- 0x0000000055555555
mem[X,0x0000000080029680] -> 0x1513
mem[X,0x0000000080029682] -> 0x00B5
[6231] [M]: 0x0000000080029680 (0x00B51513) slli a0, a0, 11
x10 <- 0x000002AAAAAAA800
mem[X,0x0000000080029684] -> 0x0513
mem[X,0x0000000080029686] -> 0x2AA5
[6232] [M]: 0x0000000080029684 (0x2AA50513) addi a0, a0, 682
x10 <- 0x000002AAAAAAAAAA
mem[X,0x0000000080029688] -> 0x1513
mem[X,0x000000008002968A] -> 0x00B5
[6233] [M]: 0x0000000080029688 (0x00B51513) slli a0, a0, 11
x10 <- 0x0015555555555000
mem[X,0x000000008002968C] -> 0x0513
mem[X,0x000000008002968E] -> 0x5555
[6234] [M]: 0x000000008002968C (0x55550513) addi a0, a0, 1365
x10 <- 0x0015555555555555
mem[X,0x0000000080029690] -> 0x1513
mem[X,0x0000000080029692] -> 0x00A5
[6235] [M]: 0x0000000080029690 (0x00A51513) slli a0, a0, 10
x10 <- 0x5555555555555400
mem[X,0x0000000080029694] -> 0x0513
mem[X,0x0000000080029696] -> 0x1545
[6236] [M]: 0x0000000080029694 (0x15450513) addi a0, a0, 340
x10 <- 0x5555555555555554
mem[X,0x0000000080029698] -> 0x35B7
mem[X,0x000000008002969A] -> 0x3333
[6237] [M]: 0x0000000080029698 (0x333335B7) lui a1, 209715
x11 <- 0x0000000033333000
mem[X,0x000000008002969C] -> 0x8593
mem[X,0x000000008002969E] -> 0x3335
[6238] [M]: 0x000000008002969C (0x33358593) addi a1, a1, 819
x11 <- 0x0000000033333333
mem[X,0x00000000800296A0] -> 0x9593
mem[X,0x00000000800296A2] -> 0x00B5
[6239] [M]: 0x00000000800296A0 (0x00B59593) slli a1, a1, 11
x11 <- 0x0000019999999800
mem[X,0x00000000800296A4] -> 0x8593
mem[X,0x00000000800296A6] -> 0x1995
[6240] [M]: 0x00000000800296A4 (0x19958593) addi a1, a1, 409
x11 <- 0x0000019999999999
mem[X,0x00000000800296A8] -> 0x9593
mem[X,0x00000000800296AA] -> 0x00B5
[6241] [M]: 0x00000000800296A8 (0x00B59593) slli a1, a1, 11
x11 <- 0x000CCCCCCCCCC800
mem[X,0x00000000800296AC] -> 0x8593
mem[X,0x00000000800296AE] -> 0x4CC5
[6242] [M]: 0x00000000800296AC (0x4CC58593) addi a1, a1, 1228
x11 <- 0x000CCCCCCCCCCCCC
mem[X,0x00000000800296B0] -> 0x9593
mem[X,0x00000000800296B2] -> 0x00A5
[6243] [M]: 0x00000000800296B0 (0x00A59593) slli a1, a1, 10
x11 <- 0x3333333333333000
mem[X,0x00000000800296B4] -> 0x8593
mem[X,0x00000000800296B6] -> 0x3345
[6244] [M]: 0x00000000800296B4 (0x33458593) addi a1, a1, 820
x11 <- 0x3333333333333334
mem[X,0x00000000800296B8] -> 0x0113
mem[X,0x00000000800296BA] -> 0x0000
[6245] [M]: 0x00000000800296B8 (0x00000113) addi sp, zero, 0
x2 <- 0x0000000000000000
mem[X,0x00000000800296BC] -> 0x006F
mem[X,0x00000000800296BE] -> 0x0180
[6246] [M]: 0x00000000800296BC (0x0180006F) jal zero, 24
mem[X,0x00000000800296D4] -> 0x56E3
mem[X,0x00000000800296D6] -> 0xFEB5
[6247] [M]: 0x00000000800296D4 (0xFEB556E3) bge a0, a1, 8172
mem[X,0x00000000800296C0] -> 0x0113
mem[X,0x00000000800296C2] -> 0x0011
[6248] [M]: 0x00000000800296C0 (0x00110113) addi sp, sp, 1
x2 <- 0x0000000000000001
mem[X,0x00000000800296C4] -> 0x006F
mem[X,0x00000000800296C6] -> 0x0240
[6249] [M]: 0x00000000800296C4 (0x0240006F) jal zero, 36
mem[X,0x00000000800296E8] -> 0xB023
mem[X,0x00000000800296EA] -> 0x3E20
[6250] [M]: 0x00000000800296E8 (0x3E20B023) sd sp, 992(ra)
mem[0x0000000080049DB0] <- 0x0000000000000001
mem[X,0x00000000800296EC] -> 0x5537
mem[X,0x00000000800296EE] -> 0x5555
[6251] [M]: 0x00000000800296EC (0x55555537) lui a0, 349525
x10 <- 0x0000000055555000
mem[X,0x00000000800296F0] -> 0x0513
mem[X,0x00000000800296F2] -> 0x5555
[6252] [M]: 0x00000000800296F0 (0x55550513) addi a0, a0, 1365
x10 <- 0x0000000055555555
mem[X,0x00000000800296F4] -> 0x1513
mem[X,0x00000000800296F6] -> 0x00B5
[6253] [M]: 0x00000000800296F4 (0x00B51513) slli a0, a0, 11
x10 <- 0x000002AAAAAAA800
mem[X,0x00000000800296F8] -> 0x0513
mem[X,0x00000000800296FA] -> 0x2AA5
[6254] [M]: 0x00000000800296F8 (0x2AA50513) addi a0, a0, 682
x10 <- 0x000002AAAAAAAAAA
mem[X,0x00000000800296FC] -> 0x1513
mem[X,0x00000000800296FE] -> 0x00B5
[6255] [M]: 0x00000000800296FC (0x00B51513) slli a0, a0, 11
x10 <- 0x0015555555555000
mem[X,0x0000000080029700] -> 0x0513
mem[X,0x0000000080029702] -> 0x5555
[6256] [M]: 0x0000000080029700 (0x55550513) addi a0, a0, 1365
x10 <- 0x0015555555555555
mem[X,0x0000000080029704] -> 0x1513
mem[X,0x0000000080029706] -> 0x00A5
[6257] [M]: 0x0000000080029704 (0x00A51513) slli a0, a0, 10
x10 <- 0x5555555555555400
mem[X,0x0000000080029708] -> 0x0513
mem[X,0x000000008002970A] -> 0x1545
[6258] [M]: 0x0000000080029708 (0x15450513) addi a0, a0, 340
x10 <- 0x5555555555555554
mem[X,0x000000008002970C] -> 0x65B7
mem[X,0x000000008002970E] -> 0x6666
[6259] [M]: 0x000000008002970C (0x666665B7) lui a1, 419430
x11 <- 0x0000000066666000
mem[X,0x0000000080029710] -> 0x8593
mem[X,0x0000000080029712] -> 0x6665
[6260] [M]: 0x0000000080029710 (0x66658593) addi a1, a1, 1638
x11 <- 0x0000000066666666
mem[X,0x0000000080029714] -> 0x9593
mem[X,0x0000000080029716] -> 0x00B5
[6261] [M]: 0x0000000080029714 (0x00B59593) slli a1, a1, 11
x11 <- 0x0000033333333000
mem[X,0x0000000080029718] -> 0x8593
mem[X,0x000000008002971A] -> 0x3335
[6262] [M]: 0x0000000080029718 (0x33358593) addi a1, a1, 819
x11 <- 0x0000033333333333
mem[X,0x000000008002971C] -> 0x9593
mem[X,0x000000008002971E] -> 0x00B5
[6263] [M]: 0x000000008002971C (0x00B59593) slli a1, a1, 11
x11 <- 0x0019999999999800
mem[X,0x0000000080029720] -> 0x8593
mem[X,0x0000000080029722] -> 0x1995
[6264] [M]: 0x0000000080029720 (0x19958593) addi a1, a1, 409
x11 <- 0x0019999999999999
mem[X,0x0000000080029724] -> 0x9593
mem[X,0x0000000080029726] -> 0x00A5
[6265] [M]: 0x0000000080029724 (0x00A59593) slli a1, a1, 10
x11 <- 0x6666666666666400
mem[X,0x0000000080029728] -> 0x8593
mem[X,0x000000008002972A] -> 0x2675
[6266] [M]: 0x0000000080029728 (0x26758593) addi a1, a1, 615
x11 <- 0x6666666666666667
mem[X,0x000000008002972C] -> 0x0113
mem[X,0x000000008002972E] -> 0x0000
[6267] [M]: 0x000000008002972C (0x00000113) addi sp, zero, 0
x2 <- 0x0000000000000000
mem[X,0x0000000080029730] -> 0x006F
mem[X,0x0000000080029732] -> 0x00C0
[6268] [M]: 0x0000000080029730 (0x00C0006F) jal zero, 12
mem[X,0x000000008002973C] -> 0x5CE3
mem[X,0x000000008002973E] -> 0xFEB5
[6269] [M]: 0x000000008002973C (0xFEB55CE3) bge a0, a1, 8184
mem[X,0x0000000080029740] -> 0x0113
mem[X,0x0000000080029742] -> 0x0021
[6270] [M]: 0x0000000080029740 (0x00210113) addi sp, sp, 2
x2 <- 0x0000000000000002
mem[X,0x0000000080029744] -> 0x006F
mem[X,0x0000000080029746] -> 0x00C0
[6271] [M]: 0x0000000080029744 (0x00C0006F) jal zero, 12
mem[X,0x0000000080029750] -> 0xB423
mem[X,0x0000000080029752] -> 0x3E20
[6272] [M]: 0x0000000080029750 (0x3E20B423) sd sp, 1000(ra)
mem[0x0000000080049DB8] <- 0x0000000000000002
mem[X,0x0000000080029754] -> 0x5537
mem[X,0x0000000080029756] -> 0x5555
[6273] [M]: 0x0000000080029754 (0x55555537) lui a0, 349525
x10 <- 0x0000000055555000
mem[X,0x0000000080029758] -> 0x0513
mem[X,0x000000008002975A] -> 0x5555
[6274] [M]: 0x0000000080029758 (0x55550513) addi a0, a0, 1365
x10 <- 0x0000000055555555
mem[X,0x000000008002975C] -> 0x1513
mem[X,0x000000008002975E] -> 0x00B5
[6275] [M]: 0x000000008002975C (0x00B51513) slli a0, a0, 11
x10 <- 0x000002AAAAAAA800
mem[X,0x0000000080029760] -> 0x0513
mem[X,0x0000000080029762] -> 0x2AA5
[6276] [M]: 0x0000000080029760 (0x2AA50513) addi a0, a0, 682
x10 <- 0x000002AAAAAAAAAA
mem[X,0x0000000080029764] -> 0x1513
mem[X,0x0000000080029766] -> 0x00B5
[6277] [M]: 0x0000000080029764 (0x00B51513) slli a0, a0, 11
x10 <- 0x0015555555555000
mem[X,0x0000000080029768] -> 0x0513
mem[X,0x000000008002976A] -> 0x5555
[6278] [M]: 0x0000000080029768 (0x55550513) addi a0, a0, 1365
x10 <- 0x0015555555555555
mem[X,0x000000008002976C] -> 0x1513
mem[X,0x000000008002976E] -> 0x00A5
[6279] [M]: 0x000000008002976C (0x00A51513) slli a0, a0, 10
x10 <- 0x5555555555555400
mem[X,0x0000000080029770] -> 0x0513
mem[X,0x0000000080029772] -> 0x1545
[6280] [M]: 0x0000000080029770 (0x15450513) addi a0, a0, 340
x10 <- 0x5555555555555554
mem[X,0x0000000080029774] -> 0x05B7
mem[X,0x0000000080029776] -> 0x0000
[6281] [M]: 0x0000000080029774 (0x000005B7) lui a1, 0
x11 <- 0x0000000000000000
mem[X,0x0000000080029778] -> 0x8593
mem[X,0x000000008002977A] -> 0xFFF5
[6282] [M]: 0x0000000080029778 (0xFFF58593) addi a1, a1, 4095
x11 <- 0xFFFFFFFFFFFFFFFF
mem[X,0x000000008002977C] -> 0x9593
mem[X,0x000000008002977E] -> 0x00B5
[6283] [M]: 0x000000008002977C (0x00B59593) slli a1, a1, 11
x11 <- 0xFFFFFFFFFFFFF800
mem[X,0x0000000080029780] -> 0x8593
mem[X,0x0000000080029782] -> 0x2575
[6284] [M]: 0x0000000080029780 (0x25758593) addi a1, a1, 599
x11 <- 0xFFFFFFFFFFFFFA57
mem[X,0x0000000080029784] -> 0x9593
mem[X,0x0000000080029786] -> 0x00B5
[6285] [M]: 0x0000000080029784 (0x00B59593) slli a1, a1, 11
x11 <- 0xFFFFFFFFFFD2B800
mem[X,0x0000000080029788] -> 0x8593
mem[X,0x000000008002978A] -> 0x6C35
[6286] [M]: 0x0000000080029788 (0x6C358593) addi a1, a1, 1731
x11 <- 0xFFFFFFFFFFD2BEC3
mem[X,0x000000008002978C] -> 0x9593
mem[X,0x000000008002978E] -> 0x00A5
[6287] [M]: 0x000000008002978C (0x00A59593) slli a1, a1, 10
x11 <- 0xFFFFFFFF4AFB0C00
mem[X,0x0000000080029790] -> 0x8593
mem[X,0x0000000080029792] -> 0x0CE5
[6288] [M]: 0x0000000080029790 (0x0CE58593) addi a1, a1, 206
x11 <- 0xFFFFFFFF4AFB0CCE
mem[X,0x0000000080029794] -> 0x0113
mem[X,0x0000000080029796] -> 0x0000
[6289] [M]: 0x0000000080029794 (0x00000113) addi sp, zero, 0
x2 <- 0x0000000000000000
mem[X,0x0000000080029798] -> 0x006F
mem[X,0x000000008002979A] -> 0x00C0
[6290] [M]: 0x0000000080029798 (0x00C0006F) jal zero, 12
mem[X,0x00000000800297A4] -> 0x5063
mem[X,0x00000000800297A6] -> 0x04B5
[6291] [M]: 0x00000000800297A4 (0x04B55063) bge a0, a1, 64
mem[X,0x00000000800297E4] -> 0x0113
mem[X,0x00000000800297E6] -> 0x0031
[6292] [M]: 0x00000000800297E4 (0x00310113) addi sp, sp, 3
x2 <- 0x0000000000000003
mem[X,0x00000000800297E8] -> 0x006F
mem[X,0x00000000800297EA] -> 0x0040
[6293] [M]: 0x00000000800297E8 (0x0040006F) jal zero, 4
mem[X,0x00000000800297EC] -> 0xB823
mem[X,0x00000000800297EE] -> 0x3E20
[6294] [M]: 0x00000000800297EC (0x3E20B823) sd sp, 1008(ra)
mem[0x0000000080049DC0] <- 0x0000000000000003
mem[X,0x00000000800297F0] -> 0x5537
mem[X,0x00000000800297F2] -> 0x5555
[6295] [M]: 0x00000000800297F0 (0x55555537) lui a0, 349525
x10 <- 0x0000000055555000
mem[X,0x00000000800297F4] -> 0x0513
mem[X,0x00000000800297F6] -> 0x5555
[6296] [M]: 0x00000000800297F4 (0x55550513) addi a0, a0, 1365
x10 <- 0x0000000055555555
mem[X,0x00000000800297F8] -> 0x1513
mem[X,0x00000000800297FA] -> 0x00B5
[6297] [M]: 0x00000000800297F8 (0x00B51513) slli a0, a0, 11
x10 <- 0x000002AAAAAAA800
mem[X,0x00000000800297FC] -> 0x0513
mem[X,0x00000000800297FE] -> 0x2AA5
[6298] [M]: 0x00000000800297FC (0x2AA50513) addi a0, a0, 682
x10 <- 0x000002AAAAAAAAAA
mem[X,0x0000000080029800] -> 0x1513
mem[X,0x0000000080029802] -> 0x00B5
[6299] [M]: 0x0000000080029800 (0x00B51513) slli a0, a0, 11
x10 <- 0x0015555555555000
clint::tick mtime <- 0x000000000000003F
 clint timer pending at mtime 0x000000000000003F
htif::tick 0x0000000000000000
mem[X,0x0000000080029804] -> 0x0513
mem[X,0x0000000080029806] -> 0x5555
[6300] [M]: 0x0000000080029804 (0x55550513) addi a0, a0, 1365
x10 <- 0x0015555555555555
mem[X,0x0000000080029808] -> 0x1513
mem[X,0x000000008002980A] -> 0x00A5
[6301] [M]: 0x0000000080029808 (0x00A51513) slli a0, a0, 10
x10 <- 0x5555555555555400
mem[X,0x000000008002980C] -> 0x0513
mem[X,0x000000008002980E] -> 0x1545
[6302] [M]: 0x000000008002980C (0x15450513) addi a0, a0, 340
x10 <- 0x5555555555555554
mem[X,0x0000000080029810] -> 0x05B7
mem[X,0x0000000080029812] -> 0x0000
[6303] [M]: 0x0000000080029810 (0x000005B7) lui a1, 0
x11 <- 0x0000000000000000
mem[X,0x0000000080029814] -> 0x8593
mem[X,0x0000000080029816] -> 0x0005
[6304] [M]: 0x0000000080029814 (0x00058593) addi a1, a1, 0
x11 <- 0x0000000000000000
mem[X,0x0000000080029818] -> 0x9593
mem[X,0x000000008002981A] -> 0x00B5
[6305] [M]: 0x0000000080029818 (0x00B59593) slli a1, a1, 11
x11 <- 0x0000000000000000
mem[X,0x000000008002981C] -> 0x8593
mem[X,0x000000008002981E] -> 0x5A85
[6306] [M]: 0x000000008002981C (0x5A858593) addi a1, a1, 1448
x11 <- 0x00000000000005A8
mem[X,0x0000000080029820] -> 0x9593
mem[X,0x0000000080029822] -> 0x00B5
[6307] [M]: 0x0000000080029820 (0x00B59593) slli a1, a1, 11
x11 <- 0x00000000002D4000
mem[X,0x0000000080029824] -> 0x8593
mem[X,0x0000000080029826] -> 0x13C5
[6308] [M]: 0x0000000080029824 (0x13C58593) addi a1, a1, 316
x11 <- 0x00000000002D413C
mem[X,0x0000000080029828] -> 0x9593
mem[X,0x000000008002982A] -> 0x00A5
[6309] [M]: 0x0000000080029828 (0x00A59593) slli a1, a1, 10
x11 <- 0x00000000B504F000
mem[X,0x000000008002982C] -> 0x8593
mem[X,0x000000008002982E] -> 0x3345
[6310] [M]: 0x000000008002982C (0x33458593) addi a1, a1, 820
x11 <- 0x00000000B504F334
mem[X,0x0000000080029830] -> 0x0113
mem[X,0x0000000080029832] -> 0x0000
[6311] [M]: 0x0000000080029830 (0x00000113) addi sp, zero, 0
x2 <- 0x0000000000000000
mem[X,0x0000000080029834] -> 0x006F
mem[X,0x0000000080029836] -> 0x00C0
[6312] [M]: 0x0000000080029834 (0x00C0006F) jal zero, 12
mem[X,0x0000000080029840] -> 0x5CE3
mem[X,0x0000000080029842] -> 0xFEB5
[6313] [M]: 0x0000000080029840 (0xFEB55CE3) bge a0, a1, 8184
mem[X,0x0000000080029838] -> 0x0113
mem[X,0x000000008002983A] -> 0x0011
[6314] [M]: 0x0000000080029838 (0x00110113) addi sp, sp, 1
x2 <- 0x0000000000000001
mem[X,0x000000008002983C] -> 0x006F
mem[X,0x000000008002983E] -> 0x0180
[6315] [M]: 0x000000008002983C (0x0180006F) jal zero, 24
mem[X,0x0000000080029854] -> 0xBC23
mem[X,0x0000000080029856] -> 0x3E20
[6316] [M]: 0x0000000080029854 (0x3E20BC23) sd sp, 1016(ra)
mem[0x0000000080049DC8] <- 0x0000000000000001
mem[X,0x0000000080029858] -> 0x0513
mem[X,0x000000008002985A] -> 0x0000
[6317] [M]: 0x0000000080029858 (0x00000513) addi a0, zero, 0
x10 <- 0x0000000000000000
mem[X,0x000000008002985C] -> 0x0593
mem[X,0x000000008002985E] -> 0x0030
[6318] [M]: 0x000000008002985C (0x00300593) addi a1, zero, 3
x11 <- 0x0000000000000003
mem[X,0x0000000080029860] -> 0x0113
mem[X,0x0000000080029862] -> 0x0000
[6319] [M]: 0x0000000080029860 (0x00000113) addi sp, zero, 0
x2 <- 0x0000000000000000
mem[X,0x0000000080029864] -> 0x006F
mem[X,0x0000000080029866] -> 0x00C0
[6320] [M]: 0x0000000080029864 (0x00C0006F) jal zero, 12
mem[X,0x0000000080029870] -> 0x5663
mem[X,0x0000000080029872] -> 0x00B5
[6321] [M]: 0x0000000080029870 (0x00B55663) bge a0, a1, 12
mem[X,0x0000000080029874] -> 0x0113
mem[X,0x0000000080029876] -> 0x0021
[6322] [M]: 0x0000000080029874 (0x00210113) addi sp, sp, 2
x2 <- 0x0000000000000002
mem[X,0x0000000080029878] -> 0x006F
mem[X,0x000000008002987A] -> 0x00C0
[6323] [M]: 0x0000000080029878 (0x00C0006F) jal zero, 12
mem[X,0x0000000080029884] -> 0xB023
mem[X,0x0000000080029886] -> 0x4020
[6324] [M]: 0x0000000080029884 (0x4020B023) sd sp, 1024(ra)
mem[0x0000000080049DD0] <- 0x0000000000000002
mem[X,0x0000000080029888] -> 0x0513
mem[X,0x000000008002988A] -> 0x0000
[6325] [M]: 0x0000000080029888 (0x00000513) addi a0, zero, 0
x10 <- 0x0000000000000000
mem[X,0x000000008002988C] -> 0x55B7
mem[X,0x000000008002988E] -> 0x5555
[6326] [M]: 0x000000008002988C (0x555555B7) lui a1, 349525
x11 <- 0x0000000055555000
mem[X,0x0000000080029890] -> 0x8593
mem[X,0x0000000080029892] -> 0x5555
[6327] [M]: 0x0000000080029890 (0x55558593) addi a1, a1, 1365
x11 <- 0x0000000055555555
mem[X,0x0000000080029894] -> 0x9593
mem[X,0x0000000080029896] -> 0x00B5
[6328] [M]: 0x0000000080029894 (0x00B59593) slli a1, a1, 11
x11 <- 0x000002AAAAAAA800
mem[X,0x0000000080029898] -> 0x8593
mem[X,0x000000008002989A] -> 0x2AA5
[6329] [M]: 0x0000000080029898 (0x2AA58593) addi a1, a1, 682
x11 <- 0x000002AAAAAAAAAA
mem[X,0x000000008002989C] -> 0x9593
mem[X,0x000000008002989E] -> 0x00B5
[6330] [M]: 0x000000008002989C (0x00B59593) slli a1, a1, 11
x11 <- 0x0015555555555000
mem[X,0x00000000800298A0] -> 0x8593
mem[X,0x00000000800298A2] -> 0x5555
[6331] [M]: 0x00000000800298A0 (0x55558593) addi a1, a1, 1365
x11 <- 0x0015555555555555
mem[X,0x00000000800298A4] -> 0x9593
mem[X,0x00000000800298A6] -> 0x00A5
[6332] [M]: 0x00000000800298A4 (0x00A59593) slli a1, a1, 10
x11 <- 0x5555555555555400
mem[X,0x00000000800298A8] -> 0x8593
mem[X,0x00000000800298AA] -> 0x1555
[6333] [M]: 0x00000000800298A8 (0x15558593) addi a1, a1, 341
x11 <- 0x5555555555555555
mem[X,0x00000000800298AC] -> 0x0113
mem[X,0x00000000800298AE] -> 0x0000
[6334] [M]: 0x00000000800298AC (0x00000113) addi sp, zero, 0
x2 <- 0x0000000000000000
mem[X,0x00000000800298B0] -> 0x006F
mem[X,0x00000000800298B2] -> 0x00C0
[6335] [M]: 0x00000000800298B0 (0x00C0006F) jal zero, 12
mem[X,0x00000000800298BC] -> 0x5063
mem[X,0x00000000800298BE] -> 0x20B5
[6336] [M]: 0x00000000800298BC (0x20B55063) bge a0, a1, 512
mem[X,0x00000000800298C0] -> 0x0113
mem[X,0x00000000800298C2] -> 0x0021
[6337] [M]: 0x00000000800298C0 (0x00210113) addi sp, sp, 2
x2 <- 0x0000000000000002
mem[X,0x00000000800298C4] -> 0x006F
mem[X,0x00000000800298C6] -> 0x2000
[6338] [M]: 0x00000000800298C4 (0x2000006F) jal zero, 512
mem[X,0x0000000080029AC4] -> 0xB423
mem[X,0x0000000080029AC6] -> 0x4020
[6339] [M]: 0x0000000080029AC4 (0x4020B423) sd sp, 1032(ra)
mem[0x0000000080049DD8] <- 0x0000000000000002
mem[X,0x0000000080029AC8] -> 0x0513
mem[X,0x0000000080029ACA] -> 0x0000
[6340] [M]: 0x0000000080029AC8 (0x00000513) addi a0, zero, 0
x10 <- 0x0000000000000000
mem[X,0x0000000080029ACC] -> 0xB5B7
mem[X,0x0000000080029ACE] -> 0xAAAA
[6341] [M]: 0x0000000080029ACC (0xAAAAB5B7) lui a1, 699051
x11 <- 0xFFFFFFFFAAAAB000
mem[X,0x0000000080029AD0] -> 0x8593
mem[X,0x0000000080029AD2] -> 0xAAA5
[6342] [M]: 0x0000000080029AD0 (0xAAA58593) addi a1, a1, 2730
x11 <- 0xFFFFFFFFAAAAAAAA
mem[X,0x0000000080029AD4] -> 0x9593
mem[X,0x0000000080029AD6] -> 0x00B5
[6343] [M]: 0x0000000080029AD4 (0x00B59593) slli a1, a1, 11
x11 <- 0xFFFFFD5555555000
mem[X,0x0000000080029AD8] -> 0x8593
mem[X,0x0000000080029ADA] -> 0x5555
[6344] [M]: 0x0000000080029AD8 (0x55558593) addi a1, a1, 1365
x11 <- 0xFFFFFD5555555555
mem[X,0x0000000080029ADC] -> 0x9593
mem[X,0x0000000080029ADE] -> 0x00B5
[6345] [M]: 0x0000000080029ADC (0x00B59593) slli a1, a1, 11
x11 <- 0xFFEAAAAAAAAAA800
mem[X,0x0000000080029AE0] -> 0x8593
mem[X,0x0000000080029AE2] -> 0x2AA5
[6346] [M]: 0x0000000080029AE0 (0x2AA58593) addi a1, a1, 682
x11 <- 0xFFEAAAAAAAAAAAAA
mem[X,0x0000000080029AE4] -> 0x9593
mem[X,0x0000000080029AE6] -> 0x00A5
[6347] [M]: 0x0000000080029AE4 (0x00A59593) slli a1, a1, 10
x11 <- 0xAAAAAAAAAAAAA800
mem[X,0x0000000080029AE8] -> 0x8593
mem[X,0x0000000080029AEA] -> 0x2AA5
[6348] [M]: 0x0000000080029AE8 (0x2AA58593) addi a1, a1, 682
x11 <- 0xAAAAAAAAAAAAAAAA
mem[X,0x0000000080029AEC] -> 0x0113
mem[X,0x0000000080029AEE] -> 0x0000
[6349] [M]: 0x0000000080029AEC (0x00000113) addi sp, zero, 0
x2 <- 0x0000000000000000
mem[X,0x0000000080029AF0] -> 0x006F
mem[X,0x0000000080029AF2] -> 0x00C0
[6350] [M]: 0x0000000080029AF0 (0x00C0006F) jal zero, 12
mem[X,0x0000000080029AFC] -> 0x5663
mem[X,0x0000000080029AFE] -> 0x00B5
[6351] [M]: 0x0000000080029AFC (0x00B55663) bge a0, a1, 12
mem[X,0x0000000080029B08] -> 0x0113
mem[X,0x0000000080029B0A] -> 0x0031
[6352] [M]: 0x0000000080029B08 (0x00310113) addi sp, sp, 3
x2 <- 0x0000000000000003
mem[X,0x0000000080029B0C] -> 0x006F
mem[X,0x0000000080029B0E] -> 0x0040
[6353] [M]: 0x0000000080029B0C (0x0040006F) jal zero, 4
mem[X,0x0000000080029B10] -> 0xB823
mem[X,0x0000000080029B12] -> 0x4020
[6354] [M]: 0x0000000080029B10 (0x4020B823) sd sp, 1040(ra)
mem[0x0000000080049DE0] <- 0x0000000000000003
mem[X,0x0000000080029B14] -> 0x0513
mem[X,0x0000000080029B16] -> 0x0000
[6355] [M]: 0x0000000080029B14 (0x00000513) addi a0, zero, 0
x10 <- 0x0000000000000000
mem[X,0x0000000080029B18] -> 0x0593
mem[X,0x0000000080029B1A] -> 0x0050
[6356] [M]: 0x0000000080029B18 (0x00500593) addi a1, zero, 5
x11 <- 0x0000000000000005
mem[X,0x0000000080029B1C] -> 0x0113
mem[X,0x0000000080029B1E] -> 0x0000
[6357] [M]: 0x0000000080029B1C (0x00000113) addi sp, zero, 0
x2 <- 0x0000000000000000
mem[X,0x0000000080029B20] -> 0x006F
mem[X,0x0000000080029B22] -> 0x00C0
[6358] [M]: 0x0000000080029B20 (0x00C0006F) jal zero, 12
mem[X,0x0000000080029B2C] -> 0x5663
mem[X,0x0000000080029B2E] -> 0x00B5
[6359] [M]: 0x0000000080029B2C (0x00B55663) bge a0, a1, 12
mem[X,0x0000000080029B30] -> 0x0113
mem[X,0x0000000080029B32] -> 0x0021
[6360] [M]: 0x0000000080029B30 (0x00210113) addi sp, sp, 2
x2 <- 0x0000000000000002
mem[X,0x0000000080029B34] -> 0x006F
mem[X,0x0000000080029B36] -> 0x00C0
[6361] [M]: 0x0000000080029B34 (0x00C0006F) jal zero, 12
mem[X,0x0000000080029B40] -> 0xBC23
mem[X,0x0000000080029B42] -> 0x4020
[6362] [M]: 0x0000000080029B40 (0x4020BC23) sd sp, 1048(ra)
mem[0x0000000080049DE8] <- 0x0000000000000002
mem[X,0x0000000080029B44] -> 0x0513
mem[X,0x0000000080029B46] -> 0x0000
[6363] [M]: 0x0000000080029B44 (0x00000513) addi a0, zero, 0
x10 <- 0x0000000000000000
mem[X,0x0000000080029B48] -> 0x35B7
mem[X,0x0000000080029B4A] -> 0x3333
[6364] [M]: 0x0000000080029B48 (0x333335B7) lui a1, 209715
x11 <- 0x0000000033333000
mem[X,0x0000000080029B4C] -> 0x8593
mem[X,0x0000000080029B4E] -> 0x3335
[6365] [M]: 0x0000000080029B4C (0x33358593) addi a1, a1, 819
x11 <- 0x0000000033333333
mem[X,0x0000000080029B50] -> 0x9593
mem[X,0x0000000080029B52] -> 0x00B5
[6366] [M]: 0x0000000080029B50 (0x00B59593) slli a1, a1, 11
x11 <- 0x0000019999999800
mem[X,0x0000000080029B54] -> 0x8593
mem[X,0x0000000080029B56] -> 0x1995
[6367] [M]: 0x0000000080029B54 (0x19958593) addi a1, a1, 409
x11 <- 0x0000019999999999
mem[X,0x0000000080029B58] -> 0x9593
mem[X,0x0000000080029B5A] -> 0x00B5
[6368] [M]: 0x0000000080029B58 (0x00B59593) slli a1, a1, 11
x11 <- 0x000CCCCCCCCCC800
mem[X,0x0000000080029B5C] -> 0x8593
mem[X,0x0000000080029B5E] -> 0x4CC5
[6369] [M]: 0x0000000080029B5C (0x4CC58593) addi a1, a1, 1228
x11 <- 0x000CCCCCCCCCCCCC
mem[X,0x0000000080029B60] -> 0x9593
mem[X,0x0000000080029B62] -> 0x00A5
[6370] [M]: 0x0000000080029B60 (0x00A59593) slli a1, a1, 10
x11 <- 0x3333333333333000
mem[X,0x0000000080029B64] -> 0x8593
mem[X,0x0000000080029B66] -> 0x3335
[6371] [M]: 0x0000000080029B64 (0x33358593) addi a1, a1, 819
x11 <- 0x3333333333333333
mem[X,0x0000000080029B68] -> 0x0113
mem[X,0x0000000080029B6A] -> 0x0000
[6372] [M]: 0x0000000080029B68 (0x00000113) addi sp, zero, 0
x2 <- 0x0000000000000000
mem[X,0x0000000080029B6C] -> 0x006F
mem[X,0x0000000080029B6E] -> 0x00C0
[6373] [M]: 0x0000000080029B6C (0x00C0006F) jal zero, 12
mem[X,0x0000000080029B78] -> 0x5063
mem[X,0x0000000080029B7A] -> 0x04B5
[6374] [M]: 0x0000000080029B78 (0x04B55063) bge a0, a1, 64
mem[X,0x0000000080029B7C] -> 0x0113
mem[X,0x0000000080029B7E] -> 0x0021
[6375] [M]: 0x0000000080029B7C (0x00210113) addi sp, sp, 2
x2 <- 0x0000000000000002
mem[X,0x0000000080029B80] -> 0x006F
mem[X,0x0000000080029B82] -> 0x0400
[6376] [M]: 0x0000000080029B80 (0x0400006F) jal zero, 64
mem[X,0x0000000080029BC0] -> 0xB023
mem[X,0x0000000080029BC2] -> 0x4220
[6377] [M]: 0x0000000080029BC0 (0x4220B023) sd sp, 1056(ra)
mem[0x0000000080049DF0] <- 0x0000000000000002
mem[X,0x0000000080029BC4] -> 0x0513
mem[X,0x0000000080029BC6] -> 0x0000
[6378] [M]: 0x0000000080029BC4 (0x00000513) addi a0, zero, 0
x10 <- 0x0000000000000000
mem[X,0x0000000080029BC8] -> 0x65B7
mem[X,0x0000000080029BCA] -> 0x6666
[6379] [M]: 0x0000000080029BC8 (0x666665B7) lui a1, 419430
x11 <- 0x0000000066666000
mem[X,0x0000000080029BCC] -> 0x8593
mem[X,0x0000000080029BCE] -> 0x6665
[6380] [M]: 0x0000000080029BCC (0x66658593) addi a1, a1, 1638
x11 <- 0x0000000066666666
mem[X,0x0000000080029BD0] -> 0x9593
mem[X,0x0000000080029BD2] -> 0x00B5
[6381] [M]: 0x0000000080029BD0 (0x00B59593) slli a1, a1, 11
x11 <- 0x0000033333333000
mem[X,0x0000000080029BD4] -> 0x8593
mem[X,0x0000000080029BD6] -> 0x3335
[6382] [M]: 0x0000000080029BD4 (0x33358593) addi a1, a1, 819
x11 <- 0x0000033333333333
mem[X,0x0000000080029BD8] -> 0x9593
mem[X,0x0000000080029BDA] -> 0x00B5
[6383] [M]: 0x0000000080029BD8 (0x00B59593) slli a1, a1, 11
x11 <- 0x0019999999999800
mem[X,0x0000000080029BDC] -> 0x8593
mem[X,0x0000000080029BDE] -> 0x1995
[6384] [M]: 0x0000000080029BDC (0x19958593) addi a1, a1, 409
x11 <- 0x0019999999999999
mem[X,0x0000000080029BE0] -> 0x9593
mem[X,0x0000000080029BE2] -> 0x00A5
[6385] [M]: 0x0000000080029BE0 (0x00A59593) slli a1, a1, 10
x11 <- 0x6666666666666400
mem[X,0x0000000080029BE4] -> 0x8593
mem[X,0x0000000080029BE6] -> 0x2665
[6386] [M]: 0x0000000080029BE4 (0x26658593) addi a1, a1, 614
x11 <- 0x6666666666666666
mem[X,0x0000000080029BE8] -> 0x0113
mem[X,0x0000000080029BEA] -> 0x0000
[6387] [M]: 0x0000000080029BE8 (0x00000113) addi sp, zero, 0
x2 <- 0x0000000000000000
mem[X,0x0000000080029BEC] -> 0x006F
mem[X,0x0000000080029BEE] -> 0x0180
[6388] [M]: 0x0000000080029BEC (0x0180006F) jal zero, 24
mem[X,0x0000000080029C04] -> 0x56E3
mem[X,0x0000000080029C06] -> 0xFEB5
[6389] [M]: 0x0000000080029C04 (0xFEB556E3) bge a0, a1, 8172
mem[X,0x0000000080029C08] -> 0x0113
mem[X,0x0000000080029C0A] -> 0x0021
[6390] [M]: 0x0000000080029C08 (0x00210113) addi sp, sp, 2
x2 <- 0x0000000000000002
mem[X,0x0000000080029C0C] -> 0x006F
mem[X,0x0000000080029C0E] -> 0x00C0
[6391] [M]: 0x0000000080029C0C (0x00C0006F) jal zero, 12
mem[X,0x0000000080029C18] -> 0xB423
mem[X,0x0000000080029C1A] -> 0x4220
[6392] [M]: 0x0000000080029C18 (0x4220B423) sd sp, 1064(ra)
mem[0x0000000080049DF8] <- 0x0000000000000002
mem[X,0x0000000080029C1C] -> 0x0513
mem[X,0x0000000080029C1E] -> 0x0000
[6393] [M]: 0x0000000080029C1C (0x00000513) addi a0, zero, 0
x10 <- 0x0000000000000000
mem[X,0x0000000080029C20] -> 0x05B7
mem[X,0x0000000080029C22] -> 0x0000
[6394] [M]: 0x0000000080029C20 (0x000005B7) lui a1, 0
x11 <- 0x0000000000000000
mem[X,0x0000000080029C24] -> 0x8593
mem[X,0x0000000080029C26] -> 0xFFF5
[6395] [M]: 0x0000000080029C24 (0xFFF58593) addi a1, a1, 4095
x11 <- 0xFFFFFFFFFFFFFFFF
mem[X,0x0000000080029C28] -> 0x9593
mem[X,0x0000000080029C2A] -> 0x00B5
[6396] [M]: 0x0000000080029C28 (0x00B59593) slli a1, a1, 11
x11 <- 0xFFFFFFFFFFFFF800
mem[X,0x0000000080029C2C] -> 0x8593
mem[X,0x0000000080029C2E] -> 0x2575
[6397] [M]: 0x0000000080029C2C (0x25758593) addi a1, a1, 599
x11 <- 0xFFFFFFFFFFFFFA57
mem[X,0x0000000080029C30] -> 0x9593
mem[X,0x0000000080029C32] -> 0x00B5
[6398] [M]: 0x0000000080029C30 (0x00B59593) slli a1, a1, 11
x11 <- 0xFFFFFFFFFFD2B800
mem[X,0x0000000080029C34] -> 0x8593
mem[X,0x0000000080029C36] -> 0x6C35
[6399] [M]: 0x0000000080029C34 (0x6C358593) addi a1, a1, 1731
x11 <- 0xFFFFFFFFFFD2BEC3
clint::tick mtime <- 0x0000000000000040
 clint timer pending at mtime 0x0000000000000040
htif::tick 0x0000000000000000
mem[X,0x0000000080029C38] -> 0x9593
mem[X,0x0000000080029C3A] -> 0x00A5
[6400] [M]: 0x0000000080029C38 (0x00A59593) slli a1, a1, 10
x11 <- 0xFFFFFFFF4AFB0C00
mem[X,0x0000000080029C3C] -> 0x8593
mem[X,0x0000000080029C3E] -> 0x0CD5
[6401] [M]: 0x0000000080029C3C (0x0CD58593) addi a1, a1, 205
x11 <- 0xFFFFFFFF4AFB0CCD
mem[X,0x0000000080029C40] -> 0x0113
mem[X,0x0000000080029C42] -> 0x0000
[6402] [M]: 0x0000000080029C40 (0x00000113) addi sp, zero, 0
x2 <- 0x0000000000000000
mem[X,0x0000000080029C44] -> 0x006F
mem[X,0x0000000080029C46] -> 0x00C0
[6403] [M]: 0x0000000080029C44 (0x00C0006F) jal zero, 12
mem[X,0x0000000080029C50] -> 0x5CE3
mem[X,0x0000000080029C52] -> 0xFEB5
[6404] [M]: 0x0000000080029C50 (0xFEB55CE3) bge a0, a1, 8184
mem[X,0x0000000080029C48] -> 0x0113
mem[X,0x0000000080029C4A] -> 0x0011
[6405] [M]: 0x0000000080029C48 (0x00110113) addi sp, sp, 1
x2 <- 0x0000000000000001
mem[X,0x0000000080029C4C] -> 0x006F
mem[X,0x0000000080029C4E] -> 0x0180
[6406] [M]: 0x0000000080029C4C (0x0180006F) jal zero, 24
mem[X,0x0000000080029C64] -> 0xB823
mem[X,0x0000000080029C66] -> 0x4220
[6407] [M]: 0x0000000080029C64 (0x4220B823) sd sp, 1072(ra)
mem[0x0000000080049E00] <- 0x0000000000000001
mem[X,0x0000000080029C68] -> 0x0513
mem[X,0x0000000080029C6A] -> 0x0000
[6408] [M]: 0x0000000080029C68 (0x00000513) addi a0, zero, 0
x10 <- 0x0000000000000000
mem[X,0x0000000080029C6C] -> 0x05B7
mem[X,0x0000000080029C6E] -> 0x0000
[6409] [M]: 0x0000000080029C6C (0x000005B7) lui a1, 0
x11 <- 0x0000000000000000
mem[X,0x0000000080029C70] -> 0x8593
mem[X,0x0000000080029C72] -> 0x0005
[6410] [M]: 0x0000000080029C70 (0x00058593) addi a1, a1, 0
x11 <- 0x0000000000000000
mem[X,0x0000000080029C74] -> 0x9593
mem[X,0x0000000080029C76] -> 0x00B5
[6411] [M]: 0x0000000080029C74 (0x00B59593) slli a1, a1, 11
x11 <- 0x0000000000000000
mem[X,0x0000000080029C78] -> 0x8593
mem[X,0x0000000080029C7A] -> 0x5A85
[6412] [M]: 0x0000000080029C78 (0x5A858593) addi a1, a1, 1448
x11 <- 0x00000000000005A8
mem[X,0x0000000080029C7C] -> 0x9593
mem[X,0x0000000080029C7E] -> 0x00B5
[6413] [M]: 0x0000000080029C7C (0x00B59593) slli a1, a1, 11
x11 <- 0x00000000002D4000
mem[X,0x0000000080029C80] -> 0x8593
mem[X,0x0000000080029C82] -> 0x13C5
[6414] [M]: 0x0000000080029C80 (0x13C58593) addi a1, a1, 316
x11 <- 0x00000000002D413C
mem[X,0x0000000080029C84] -> 0x9593
mem[X,0x0000000080029C86] -> 0x00A5
[6415] [M]: 0x0000000080029C84 (0x00A59593) slli a1, a1, 10
x11 <- 0x00000000B504F000
mem[X,0x0000000080029C88] -> 0x8593
mem[X,0x0000000080029C8A] -> 0x3335
[6416] [M]: 0x0000000080029C88 (0x33358593) addi a1, a1, 819
x11 <- 0x00000000B504F333
mem[X,0x0000000080029C8C] -> 0x0113
mem[X,0x0000000080029C8E] -> 0x0000
[6417] [M]: 0x0000000080029C8C (0x00000113) addi sp, zero, 0
x2 <- 0x0000000000000000
mem[X,0x0000000080029C90] -> 0x006F
mem[X,0x0000000080029C92] -> 0x00C0
[6418] [M]: 0x0000000080029C90 (0x00C0006F) jal zero, 12
mem[X,0x0000000080029C9C] -> 0x5663
mem[X,0x0000000080029C9E] -> 0x00B5
[6419] [M]: 0x0000000080029C9C (0x00B55663) bge a0, a1, 12
mem[X,0x0000000080029CA0] -> 0x0113
mem[X,0x0000000080029CA2] -> 0x0021
[6420] [M]: 0x0000000080029CA0 (0x00210113) addi sp, sp, 2
x2 <- 0x0000000000000002
mem[X,0x0000000080029CA4] -> 0x006F
mem[X,0x0000000080029CA6] -> 0x00C0
[6421] [M]: 0x0000000080029CA4 (0x00C0006F) jal zero, 12
mem[X,0x0000000080029CB0] -> 0xBC23
mem[X,0x0000000080029CB2] -> 0x4220
[6422] [M]: 0x0000000080029CB0 (0x4220BC23) sd sp, 1080(ra)
mem[0x0000000080049E08] <- 0x0000000000000002
mem[X,0x0000000080029CB4] -> 0x0513
mem[X,0x0000000080029CB6] -> 0x0000
[6423] [M]: 0x0000000080029CB4 (0x00000513) addi a0, zero, 0
x10 <- 0x0000000000000000
mem[X,0x0000000080029CB8] -> 0x0593
mem[X,0x0000000080029CBA] -> 0x0020
[6424] [M]: 0x0000000080029CB8 (0x00200593) addi a1, zero, 2
x11 <- 0x0000000000000002
mem[X,0x0000000080029CBC] -> 0x0113
mem[X,0x0000000080029CBE] -> 0x0000
[6425] [M]: 0x0000000080029CBC (0x00000113) addi sp, zero, 0
x2 <- 0x0000000000000000
mem[X,0x0000000080029CC0] -> 0x006F
mem[X,0x0000000080029CC2] -> 0x00C0
[6426] [M]: 0x0000000080029CC0 (0x00C0006F) jal zero, 12
mem[X,0x0000000080029CCC] -> 0x5663
mem[X,0x0000000080029CCE] -> 0x00B5
[6427] [M]: 0x0000000080029CCC (0x00B55663) bge a0, a1, 12
mem[X,0x0000000080029CD0] -> 0x0113
mem[X,0x0000000080029CD2] -> 0x0021
[6428] [M]: 0x0000000080029CD0 (0x00210113) addi sp, sp, 2
x2 <- 0x0000000000000002
mem[X,0x0000000080029CD4] -> 0x006F
mem[X,0x0000000080029CD6] -> 0x00C0
[6429] [M]: 0x0000000080029CD4 (0x00C0006F) jal zero, 12
mem[X,0x0000000080029CE0] -> 0xB023
mem[X,0x0000000080029CE2] -> 0x4420
[6430] [M]: 0x0000000080029CE0 (0x4420B023) sd sp, 1088(ra)
mem[0x0000000080049E10] <- 0x0000000000000002
mem[X,0x0000000080029CE4] -> 0x0513
mem[X,0x0000000080029CE6] -> 0x0040
[6431] [M]: 0x0000000080029CE4 (0x00400513) addi a0, zero, 4
x10 <- 0x0000000000000004
mem[X,0x0000000080029CE8] -> 0x0593
mem[X,0x0000000080029CEA] -> 0x0030
[6432] [M]: 0x0000000080029CE8 (0x00300593) addi a1, zero, 3
x11 <- 0x0000000000000003
mem[X,0x0000000080029CEC] -> 0x0113
mem[X,0x0000000080029CEE] -> 0x0000
[6433] [M]: 0x0000000080029CEC (0x00000113) addi sp, zero, 0
x2 <- 0x0000000000000000
mem[X,0x0000000080029CF0] -> 0x006F
mem[X,0x0000000080029CF2] -> 0x00C0
[6434] [M]: 0x0000000080029CF0 (0x00C0006F) jal zero, 12
mem[X,0x0000000080029CFC] -> 0x5663
mem[X,0x0000000080029CFE] -> 0x00B5
[6435] [M]: 0x0000000080029CFC (0x00B55663) bge a0, a1, 12
mem[X,0x0000000080029D08] -> 0x0113
mem[X,0x0000000080029D0A] -> 0x0031
[6436] [M]: 0x0000000080029D08 (0x00310113) addi sp, sp, 3
x2 <- 0x0000000000000003
mem[X,0x0000000080029D0C] -> 0x006F
mem[X,0x0000000080029D0E] -> 0x0040
[6437] [M]: 0x0000000080029D0C (0x0040006F) jal zero, 4
mem[X,0x0000000080029D10] -> 0xB423
mem[X,0x0000000080029D12] -> 0x4420
[6438] [M]: 0x0000000080029D10 (0x4420B423) sd sp, 1096(ra)
mem[0x0000000080049E18] <- 0x0000000000000003
mem[X,0x0000000080029D14] -> 0x0513
mem[X,0x0000000080029D16] -> 0x0040
[6439] [M]: 0x0000000080029D14 (0x00400513) addi a0, zero, 4
x10 <- 0x0000000000000004
mem[X,0x0000000080029D18] -> 0x55B7
mem[X,0x0000000080029D1A] -> 0x5555
[6440] [M]: 0x0000000080029D18 (0x555555B7) lui a1, 349525
x11 <- 0x0000000055555000
mem[X,0x0000000080029D1C] -> 0x8593
mem[X,0x0000000080029D1E] -> 0x5555
[6441] [M]: 0x0000000080029D1C (0x55558593) addi a1, a1, 1365
x11 <- 0x0000000055555555
mem[X,0x0000000080029D20] -> 0x9593
mem[X,0x0000000080029D22] -> 0x00B5
[6442] [M]: 0x0000000080029D20 (0x00B59593) slli a1, a1, 11
x11 <- 0x000002AAAAAAA800
mem[X,0x0000000080029D24] -> 0x8593
mem[X,0x0000000080029D26] -> 0x2AA5
[6443] [M]: 0x0000000080029D24 (0x2AA58593) addi a1, a1, 682
x11 <- 0x000002AAAAAAAAAA
mem[X,0x0000000080029D28] -> 0x9593
mem[X,0x0000000080029D2A] -> 0x00B5
[6444] [M]: 0x0000000080029D28 (0x00B59593) slli a1, a1, 11
x11 <- 0x0015555555555000
mem[X,0x0000000080029D2C] -> 0x8593
mem[X,0x0000000080029D2E] -> 0x5555
[6445] [M]: 0x0000000080029D2C (0x55558593) addi a1, a1, 1365
x11 <- 0x0015555555555555
mem[X,0x0000000080029D30] -> 0x9593
mem[X,0x0000000080029D32] -> 0x00A5
[6446] [M]: 0x0000000080029D30 (0x00A59593) slli a1, a1, 10
x11 <- 0x5555555555555400
mem[X,0x0000000080029D34] -> 0x8593
mem[X,0x0000000080029D36] -> 0x1555
[6447] [M]: 0x0000000080029D34 (0x15558593) addi a1, a1, 341
x11 <- 0x5555555555555555
mem[X,0x0000000080029D38] -> 0x0113
mem[X,0x0000000080029D3A] -> 0x0000
[6448] [M]: 0x0000000080029D38 (0x00000113) addi sp, zero, 0
x2 <- 0x0000000000000000
mem[X,0x0000000080029D3C] -> 0x006F
mem[X,0x0000000080029D3E] -> 0x00C0
[6449] [M]: 0x0000000080029D3C (0x00C0006F) jal zero, 12
mem[X,0x0000000080029D48] -> 0x5663
mem[X,0x0000000080029D4A] -> 0x00B5
[6450] [M]: 0x0000000080029D48 (0x00B55663) bge a0, a1, 12
mem[X,0x0000000080029D4C] -> 0x0113
mem[X,0x0000000080029D4E] -> 0x0021
[6451] [M]: 0x0000000080029D4C (0x00210113) addi sp, sp, 2
x2 <- 0x0000000000000002
mem[X,0x0000000080029D50] -> 0x006F
mem[X,0x0000000080029D52] -> 0x00C0
[6452] [M]: 0x0000000080029D50 (0x00C0006F) jal zero, 12
mem[X,0x0000000080029D5C] -> 0xB823
mem[X,0x0000000080029D5E] -> 0x4420
[6453] [M]: 0x0000000080029D5C (0x4420B823) sd sp, 1104(ra)
mem[0x0000000080049E20] <- 0x0000000000000002
mem[X,0x0000000080029D60] -> 0x0513
mem[X,0x0000000080029D62] -> 0x0040
[6454] [M]: 0x0000000080029D60 (0x00400513) addi a0, zero, 4
x10 <- 0x0000000000000004
mem[X,0x0000000080029D64] -> 0xB5B7
mem[X,0x0000000080029D66] -> 0xAAAA
[6455] [M]: 0x0000000080029D64 (0xAAAAB5B7) lui a1, 699051
x11 <- 0xFFFFFFFFAAAAB000
mem[X,0x0000000080029D68] -> 0x8593
mem[X,0x0000000080029D6A] -> 0xAAA5
[6456] [M]: 0x0000000080029D68 (0xAAA58593) addi a1, a1, 2730
x11 <- 0xFFFFFFFFAAAAAAAA
mem[X,0x0000000080029D6C] -> 0x9593
mem[X,0x0000000080029D6E] -> 0x00B5
[6457] [M]: 0x0000000080029D6C (0x00B59593) slli a1, a1, 11
x11 <- 0xFFFFFD5555555000
mem[X,0x0000000080029D70] -> 0x8593
mem[X,0x0000000080029D72] -> 0x5555
[6458] [M]: 0x0000000080029D70 (0x55558593) addi a1, a1, 1365
x11 <- 0xFFFFFD5555555555
mem[X,0x0000000080029D74] -> 0x9593
mem[X,0x0000000080029D76] -> 0x00B5
[6459] [M]: 0x0000000080029D74 (0x00B59593) slli a1, a1, 11
x11 <- 0xFFEAAAAAAAAAA800
mem[X,0x0000000080029D78] -> 0x8593
mem[X,0x0000000080029D7A] -> 0x2AA5
[6460] [M]: 0x0000000080029D78 (0x2AA58593) addi a1, a1, 682
x11 <- 0xFFEAAAAAAAAAAAAA
mem[X,0x0000000080029D7C] -> 0x9593
mem[X,0x0000000080029D7E] -> 0x00A5
[6461] [M]: 0x0000000080029D7C (0x00A59593) slli a1, a1, 10
x11 <- 0xAAAAAAAAAAAAA800
mem[X,0x0000000080029D80] -> 0x8593
mem[X,0x0000000080029D82] -> 0x2AA5
[6462] [M]: 0x0000000080029D80 (0x2AA58593) addi a1, a1, 682
x11 <- 0xAAAAAAAAAAAAAAAA
mem[X,0x0000000080029D84] -> 0x0113
mem[X,0x0000000080029D86] -> 0x0000
[6463] [M]: 0x0000000080029D84 (0x00000113) addi sp, zero, 0
x2 <- 0x0000000000000000
mem[X,0x0000000080029D88] -> 0x006F
mem[X,0x0000000080029D8A] -> 0x0050
[6464] [M]: 0x0000000080029D88 (0x0050006F) jal zero, 2052
mem[X,0x000000008002A58C] -> 0x50E3
mem[X,0x000000008002A58E] -> 0x80B5
[6465] [M]: 0x000000008002A58C (0x80B550E3) bge a0, a1, 6144
mem[X,0x0000000080029D8C] -> 0x0113
mem[X,0x0000000080029D8E] -> 0x0011
[6466] [M]: 0x0000000080029D8C (0x00110113) addi sp, sp, 1
x2 <- 0x0000000000000001
mem[X,0x0000000080029D90] -> 0x006F
mem[X,0x0000000080029D92] -> 0x0110
[6467] [M]: 0x0000000080029D90 (0x0110006F) jal zero, 2064
mem[X,0x000000008002A5A0] -> 0xBC23
mem[X,0x000000008002A5A2] -> 0x4420
[6468] [M]: 0x000000008002A5A0 (0x4420BC23) sd sp, 1112(ra)
mem[0x0000000080049E28] <- 0x0000000000000001
mem[X,0x000000008002A5A4] -> 0x0513
mem[X,0x000000008002A5A6] -> 0x0040
[6469] [M]: 0x000000008002A5A4 (0x00400513) addi a0, zero, 4
x10 <- 0x0000000000000004
mem[X,0x000000008002A5A8] -> 0x0593
mem[X,0x000000008002A5AA] -> 0x0050
[6470] [M]: 0x000000008002A5A8 (0x00500593) addi a1, zero, 5
x11 <- 0x0000000000000005
mem[X,0x000000008002A5AC] -> 0x0113
mem[X,0x000000008002A5AE] -> 0x0000
[6471] [M]: 0x000000008002A5AC (0x00000113) addi sp, zero, 0
x2 <- 0x0000000000000000
mem[X,0x000000008002A5B0] -> 0x006F
mem[X,0x000000008002A5B2] -> 0x00C0
[6472] [M]: 0x000000008002A5B0 (0x00C0006F) jal zero, 12
mem[X,0x000000008002A5BC] -> 0x5063
mem[X,0x000000008002A5BE] -> 0x08B5
[6473] [M]: 0x000000008002A5BC (0x08B55063) bge a0, a1, 128
mem[X,0x000000008002A5C0] -> 0x0113
mem[X,0x000000008002A5C2] -> 0x0021
[6474] [M]: 0x000000008002A5C0 (0x00210113) addi sp, sp, 2
x2 <- 0x0000000000000002
mem[X,0x000000008002A5C4] -> 0x006F
mem[X,0x000000008002A5C6] -> 0x0800
[6475] [M]: 0x000000008002A5C4 (0x0800006F) jal zero, 128
mem[X,0x000000008002A644] -> 0xB023
mem[X,0x000000008002A646] -> 0x4620
[6476] [M]: 0x000000008002A644 (0x4620B023) sd sp, 1120(ra)
mem[0x0000000080049E30] <- 0x0000000000000002
mem[X,0x000000008002A648] -> 0x0513
mem[X,0x000000008002A64A] -> 0x0040
[6477] [M]: 0x000000008002A648 (0x00400513) addi a0, zero, 4
x10 <- 0x0000000000000004
mem[X,0x000000008002A64C] -> 0x35B7
mem[X,0x000000008002A64E] -> 0x3333
[6478] [M]: 0x000000008002A64C (0x333335B7) lui a1, 209715
x11 <- 0x0000000033333000
mem[X,0x000000008002A650] -> 0x8593
mem[X,0x000000008002A652] -> 0x3335
[6479] [M]: 0x000000008002A650 (0x33358593) addi a1, a1, 819
x11 <- 0x0000000033333333
mem[X,0x000000008002A654] -> 0x9593
mem[X,0x000000008002A656] -> 0x00B5
[6480] [M]: 0x000000008002A654 (0x00B59593) slli a1, a1, 11
x11 <- 0x0000019999999800
mem[X,0x000000008002A658] -> 0x8593
mem[X,0x000000008002A65A] -> 0x1995
[6481] [M]: 0x000000008002A658 (0x19958593) addi a1, a1, 409
x11 <- 0x0000019999999999
mem[X,0x000000008002A65C] -> 0x9593
mem[X,0x000000008002A65E] -> 0x00B5
[6482] [M]: 0x000000008002A65C (0x00B59593) slli a1, a1, 11
x11 <- 0x000CCCCCCCCCC800
mem[X,0x000000008002A660] -> 0x8593
mem[X,0x000000008002A662] -> 0x4CC5
[6483] [M]: 0x000000008002A660 (0x4CC58593) addi a1, a1, 1228
x11 <- 0x000CCCCCCCCCCCCC
mem[X,0x000000008002A664] -> 0x9593
mem[X,0x000000008002A666] -> 0x00A5
[6484] [M]: 0x000000008002A664 (0x00A59593) slli a1, a1, 10
x11 <- 0x3333333333333000
mem[X,0x000000008002A668] -> 0x8593
mem[X,0x000000008002A66A] -> 0x3335
[6485] [M]: 0x000000008002A668 (0x33358593) addi a1, a1, 819
x11 <- 0x3333333333333333
mem[X,0x000000008002A66C] -> 0x0113
mem[X,0x000000008002A66E] -> 0x0000
[6486] [M]: 0x000000008002A66C (0x00000113) addi sp, zero, 0
x2 <- 0x0000000000000000
mem[X,0x000000008002A670] -> 0x006F
mem[X,0x000000008002A672] -> 0x00C0
[6487] [M]: 0x000000008002A670 (0x00C0006F) jal zero, 12
mem[X,0x000000008002A67C] -> 0x5663
mem[X,0x000000008002A67E] -> 0x00B5
[6488] [M]: 0x000000008002A67C (0x00B55663) bge a0, a1, 12
mem[X,0x000000008002A680] -> 0x0113
mem[X,0x000000008002A682] -> 0x0021
[6489] [M]: 0x000000008002A680 (0x00210113) addi sp, sp, 2
x2 <- 0x0000000000000002
mem[X,0x000000008002A684] -> 0x006F
mem[X,0x000000008002A686] -> 0x00C0
[6490] [M]: 0x000000008002A684 (0x00C0006F) jal zero, 12
mem[X,0x000000008002A690] -> 0xB423
mem[X,0x000000008002A692] -> 0x4620
[6491] [M]: 0x000000008002A690 (0x4620B423) sd sp, 1128(ra)
mem[0x0000000080049E38] <- 0x0000000000000002
mem[X,0x000000008002A694] -> 0x0513
mem[X,0x000000008002A696] -> 0x0040
[6492] [M]: 0x000000008002A694 (0x00400513) addi a0, zero, 4
x10 <- 0x0000000000000004
mem[X,0x000000008002A698] -> 0x65B7
mem[X,0x000000008002A69A] -> 0x6666
[6493] [M]: 0x000000008002A698 (0x666665B7) lui a1, 419430
x11 <- 0x0000000066666000
mem[X,0x000000008002A69C] -> 0x8593
mem[X,0x000000008002A69E] -> 0x6665
[6494] [M]: 0x000000008002A69C (0x66658593) addi a1, a1, 1638
x11 <- 0x0000000066666666
mem[X,0x000000008002A6A0] -> 0x9593
mem[X,0x000000008002A6A2] -> 0x00B5
[6495] [M]: 0x000000008002A6A0 (0x00B59593) slli a1, a1, 11
x11 <- 0x0000033333333000
mem[X,0x000000008002A6A4] -> 0x8593
mem[X,0x000000008002A6A6] -> 0x3335
[6496] [M]: 0x000000008002A6A4 (0x33358593) addi a1, a1, 819
x11 <- 0x0000033333333333
mem[X,0x000000008002A6A8] -> 0x9593
mem[X,0x000000008002A6AA] -> 0x00B5
[6497] [M]: 0x000000008002A6A8 (0x00B59593) slli a1, a1, 11
x11 <- 0x0019999999999800
mem[X,0x000000008002A6AC] -> 0x8593
mem[X,0x000000008002A6AE] -> 0x1995
[6498] [M]: 0x000000008002A6AC (0x19958593) addi a1, a1, 409
x11 <- 0x0019999999999999
mem[X,0x000000008002A6B0] -> 0x9593
mem[X,0x000000008002A6B2] -> 0x00A5
[6499] [M]: 0x000000008002A6B0 (0x00A59593) slli a1, a1, 10
x11 <- 0x6666666666666400
clint::tick mtime <- 0x0000000000000041
 clint timer pending at mtime 0x0000000000000041
htif::tick 0x0000000000000000
mem[X,0x000000008002A6B4] -> 0x8593
mem[X,0x000000008002A6B6] -> 0x2665
[6500] [M]: 0x000000008002A6B4 (0x26658593) addi a1, a1, 614
x11 <- 0x6666666666666666
mem[X,0x000000008002A6B8] -> 0x0113
mem[X,0x000000008002A6BA] -> 0x0000
[6501] [M]: 0x000000008002A6B8 (0x00000113) addi sp, zero, 0
x2 <- 0x0000000000000000
mem[X,0x000000008002A6BC] -> 0x006F
mem[X,0x000000008002A6BE] -> 0x00C0
[6502] [M]: 0x000000008002A6BC (0x00C0006F) jal zero, 12
mem[X,0x000000008002A6C8] -> 0x5063
mem[X,0x000000008002A6CA] -> 0x08B5
[6503] [M]: 0x000000008002A6C8 (0x08B55063) bge a0, a1, 128
mem[X,0x000000008002A6CC] -> 0x0113
mem[X,0x000000008002A6CE] -> 0x0021
[6504] [M]: 0x000000008002A6CC (0x00210113) addi sp, sp, 2
x2 <- 0x0000000000000002
mem[X,0x000000008002A6D0] -> 0x006F
mem[X,0x000000008002A6D2] -> 0x0800
[6505] [M]: 0x000000008002A6D0 (0x0800006F) jal zero, 128
mem[X,0x000000008002A750] -> 0xB823
mem[X,0x000000008002A752] -> 0x4620
[6506] [M]: 0x000000008002A750 (0x4620B823) sd sp, 1136(ra)
mem[0x0000000080049E40] <- 0x0000000000000002
mem[X,0x000000008002A754] -> 0x0513
mem[X,0x000000008002A756] -> 0x0040
[6507] [M]: 0x000000008002A754 (0x00400513) addi a0, zero, 4
x10 <- 0x0000000000000004
mem[X,0x000000008002A758] -> 0x05B7
mem[X,0x000000008002A75A] -> 0x0000
[6508] [M]: 0x000000008002A758 (0x000005B7) lui a1, 0
x11 <- 0x0000000000000000
mem[X,0x000000008002A75C] -> 0x8593
mem[X,0x000000008002A75E] -> 0xFFF5
[6509] [M]: 0x000000008002A75C (0xFFF58593) addi a1, a1, 4095
x11 <- 0xFFFFFFFFFFFFFFFF
mem[X,0x000000008002A760] -> 0x9593
mem[X,0x000000008002A762] -> 0x00B5
[6510] [M]: 0x000000008002A760 (0x00B59593) slli a1, a1, 11
x11 <- 0xFFFFFFFFFFFFF800
mem[X,0x000000008002A764] -> 0x8593
mem[X,0x000000008002A766] -> 0x2575
[6511] [M]: 0x000000008002A764 (0x25758593) addi a1, a1, 599
x11 <- 0xFFFFFFFFFFFFFA57
mem[X,0x000000008002A768] -> 0x9593
mem[X,0x000000008002A76A] -> 0x00B5
[6512] [M]: 0x000000008002A768 (0x00B59593) slli a1, a1, 11
x11 <- 0xFFFFFFFFFFD2B800
mem[X,0x000000008002A76C] -> 0x8593
mem[X,0x000000008002A76E] -> 0x6C35
[6513] [M]: 0x000000008002A76C (0x6C358593) addi a1, a1, 1731
x11 <- 0xFFFFFFFFFFD2BEC3
mem[X,0x000000008002A770] -> 0x9593
mem[X,0x000000008002A772] -> 0x00A5
[6514] [M]: 0x000000008002A770 (0x00A59593) slli a1, a1, 10
x11 <- 0xFFFFFFFF4AFB0C00
mem[X,0x000000008002A774] -> 0x8593
mem[X,0x000000008002A776] -> 0x0CD5
[6515] [M]: 0x000000008002A774 (0x0CD58593) addi a1, a1, 205
x11 <- 0xFFFFFFFF4AFB0CCD
mem[X,0x000000008002A778] -> 0x0113
mem[X,0x000000008002A77A] -> 0x0000
[6516] [M]: 0x000000008002A778 (0x00000113) addi sp, zero, 0
x2 <- 0x0000000000000000
mem[X,0x000000008002A77C] -> 0x006F
mem[X,0x000000008002A77E] -> 0x00C0
[6517] [M]: 0x000000008002A77C (0x00C0006F) jal zero, 12
mem[X,0x000000008002A788] -> 0x5CE3
mem[X,0x000000008002A78A] -> 0xFEB5
[6518] [M]: 0x000000008002A788 (0xFEB55CE3) bge a0, a1, 8184
mem[X,0x000000008002A780] -> 0x0113
mem[X,0x000000008002A782] -> 0x0011
[6519] [M]: 0x000000008002A780 (0x00110113) addi sp, sp, 1
x2 <- 0x0000000000000001
mem[X,0x000000008002A784] -> 0x006F
mem[X,0x000000008002A786] -> 0x0180
[6520] [M]: 0x000000008002A784 (0x0180006F) jal zero, 24
mem[X,0x000000008002A79C] -> 0xBC23
mem[X,0x000000008002A79E] -> 0x4620
[6521] [M]: 0x000000008002A79C (0x4620BC23) sd sp, 1144(ra)
mem[0x0000000080049E48] <- 0x0000000000000001
mem[X,0x000000008002A7A0] -> 0x0513
mem[X,0x000000008002A7A2] -> 0x0040
[6522] [M]: 0x000000008002A7A0 (0x00400513) addi a0, zero, 4
x10 <- 0x0000000000000004
mem[X,0x000000008002A7A4] -> 0x05B7
mem[X,0x000000008002A7A6] -> 0x0000
[6523] [M]: 0x000000008002A7A4 (0x000005B7) lui a1, 0
x11 <- 0x0000000000000000
mem[X,0x000000008002A7A8] -> 0x8593
mem[X,0x000000008002A7AA] -> 0x0005
[6524] [M]: 0x000000008002A7A8 (0x00058593) addi a1, a1, 0
x11 <- 0x0000000000000000
mem[X,0x000000008002A7AC] -> 0x9593
mem[X,0x000000008002A7AE] -> 0x00B5
[6525] [M]: 0x000000008002A7AC (0x00B59593) slli a1, a1, 11
x11 <- 0x0000000000000000
mem[X,0x000000008002A7B0] -> 0x8593
mem[X,0x000000008002A7B2] -> 0x5A85
[6526] [M]: 0x000000008002A7B0 (0x5A858593) addi a1, a1, 1448
x11 <- 0x00000000000005A8
mem[X,0x000000008002A7B4] -> 0x9593
mem[X,0x000000008002A7B6] -> 0x00B5
[6527] [M]: 0x000000008002A7B4 (0x00B59593) slli a1, a1, 11
x11 <- 0x00000000002D4000
mem[X,0x000000008002A7B8] -> 0x8593
mem[X,0x000000008002A7BA] -> 0x13C5
[6528] [M]: 0x000000008002A7B8 (0x13C58593) addi a1, a1, 316
x11 <- 0x00000000002D413C
mem[X,0x000000008002A7BC] -> 0x9593
mem[X,0x000000008002A7BE] -> 0x00A5
[6529] [M]: 0x000000008002A7BC (0x00A59593) slli a1, a1, 10
x11 <- 0x00000000B504F000
mem[X,0x000000008002A7C0] -> 0x8593
mem[X,0x000000008002A7C2] -> 0x3335
[6530] [M]: 0x000000008002A7C0 (0x33358593) addi a1, a1, 819
x11 <- 0x00000000B504F333
mem[X,0x000000008002A7C4] -> 0x0113
mem[X,0x000000008002A7C6] -> 0x0000
[6531] [M]: 0x000000008002A7C4 (0x00000113) addi sp, zero, 0
x2 <- 0x0000000000000000
mem[X,0x000000008002A7C8] -> 0x006F
mem[X,0x000000008002A7CA] -> 0x00C0
[6532] [M]: 0x000000008002A7C8 (0x00C0006F) jal zero, 12
mem[X,0x000000008002A7D4] -> 0x5063
mem[X,0x000000008002A7D6] -> 0x40B5
[6533] [M]: 0x000000008002A7D4 (0x40B55063) bge a0, a1, 1024
mem[X,0x000000008002A7D8] -> 0x0113
mem[X,0x000000008002A7DA] -> 0x0021
[6534] [M]: 0x000000008002A7D8 (0x00210113) addi sp, sp, 2
x2 <- 0x0000000000000002
mem[X,0x000000008002A7DC] -> 0x006F
mem[X,0x000000008002A7DE] -> 0x4000
[6535] [M]: 0x000000008002A7DC (0x4000006F) jal zero, 1024
mem[X,0x000000008002ABDC] -> 0xB023
mem[X,0x000000008002ABDE] -> 0x4820
[6536] [M]: 0x000000008002ABDC (0x4820B023) sd sp, 1152(ra)
mem[0x0000000080049E50] <- 0x0000000000000002
mem[X,0x000000008002ABE0] -> 0x0513
mem[X,0x000000008002ABE2] -> 0x0040
[6537] [M]: 0x000000008002ABE0 (0x00400513) addi a0, zero, 4
x10 <- 0x0000000000000004
mem[X,0x000000008002ABE4] -> 0x0593
mem[X,0x000000008002ABE6] -> 0x0020
[6538] [M]: 0x000000008002ABE4 (0x00200593) addi a1, zero, 2
x11 <- 0x0000000000000002
mem[X,0x000000008002ABE8] -> 0x0113
mem[X,0x000000008002ABEA] -> 0x0000
[6539] [M]: 0x000000008002ABE8 (0x00000113) addi sp, zero, 0
x2 <- 0x0000000000000000
mem[X,0x000000008002ABEC] -> 0x006F
mem[X,0x000000008002ABEE] -> 0x00C0
[6540] [M]: 0x000000008002ABEC (0x00C0006F) jal zero, 12
mem[X,0x000000008002ABF8] -> 0x5063
mem[X,0x000000008002ABFA] -> 0x04B5
[6541] [M]: 0x000000008002ABF8 (0x04B55063) bge a0, a1, 64
mem[X,0x000000008002AC38] -> 0x0113
mem[X,0x000000008002AC3A] -> 0x0031
[6542] [M]: 0x000000008002AC38 (0x00310113) addi sp, sp, 3
x2 <- 0x0000000000000003
mem[X,0x000000008002AC3C] -> 0x006F
mem[X,0x000000008002AC3E] -> 0x0040
[6543] [M]: 0x000000008002AC3C (0x0040006F) jal zero, 4
mem[X,0x000000008002AC40] -> 0xB423
mem[X,0x000000008002AC42] -> 0x4820
[6544] [M]: 0x000000008002AC40 (0x4820B423) sd sp, 1160(ra)
mem[0x0000000080049E58] <- 0x0000000000000003
mem[X,0x000000008002AC44] -> 0x0513
mem[X,0x000000008002AC46] -> 0x0040
[6545] [M]: 0x000000008002AC44 (0x00400513) addi a0, zero, 4
x10 <- 0x0000000000000004
mem[X,0x000000008002AC48] -> 0x55B7
mem[X,0x000000008002AC4A] -> 0x5555
[6546] [M]: 0x000000008002AC48 (0x555555B7) lui a1, 349525
x11 <- 0x0000000055555000
mem[X,0x000000008002AC4C] -> 0x8593
mem[X,0x000000008002AC4E] -> 0x5555
[6547] [M]: 0x000000008002AC4C (0x55558593) addi a1, a1, 1365
x11 <- 0x0000000055555555
mem[X,0x000000008002AC50] -> 0x9593
mem[X,0x000000008002AC52] -> 0x00B5
[6548] [M]: 0x000000008002AC50 (0x00B59593) slli a1, a1, 11
x11 <- 0x000002AAAAAAA800
mem[X,0x000000008002AC54] -> 0x8593
mem[X,0x000000008002AC56] -> 0x2AA5
[6549] [M]: 0x000000008002AC54 (0x2AA58593) addi a1, a1, 682
x11 <- 0x000002AAAAAAAAAA
mem[X,0x000000008002AC58] -> 0x9593
mem[X,0x000000008002AC5A] -> 0x00B5
[6550] [M]: 0x000000008002AC58 (0x00B59593) slli a1, a1, 11
x11 <- 0x0015555555555000
mem[X,0x000000008002AC5C] -> 0x8593
mem[X,0x000000008002AC5E] -> 0x5555
[6551] [M]: 0x000000008002AC5C (0x55558593) addi a1, a1, 1365
x11 <- 0x0015555555555555
mem[X,0x000000008002AC60] -> 0x9593
mem[X,0x000000008002AC62] -> 0x00A5
[6552] [M]: 0x000000008002AC60 (0x00A59593) slli a1, a1, 10
x11 <- 0x5555555555555400
mem[X,0x000000008002AC64] -> 0x8593
mem[X,0x000000008002AC66] -> 0x1545
[6553] [M]: 0x000000008002AC64 (0x15458593) addi a1, a1, 340
x11 <- 0x5555555555555554
mem[X,0x000000008002AC68] -> 0x0113
mem[X,0x000000008002AC6A] -> 0x0000
[6554] [M]: 0x000000008002AC68 (0x00000113) addi sp, zero, 0
x2 <- 0x0000000000000000
mem[X,0x000000008002AC6C] -> 0x006F
mem[X,0x000000008002AC6E] -> 0x0140
[6555] [M]: 0x000000008002AC6C (0x0140006F) jal zero, 20
mem[X,0x000000008002AC80] -> 0x58E3
mem[X,0x000000008002AC82] -> 0xFEB5
[6556] [M]: 0x000000008002AC80 (0xFEB558E3) bge a0, a1, 8176
mem[X,0x000000008002AC84] -> 0x0113
mem[X,0x000000008002AC86] -> 0x0021
[6557] [M]: 0x000000008002AC84 (0x00210113) addi sp, sp, 2
x2 <- 0x0000000000000002
mem[X,0x000000008002AC88] -> 0x006F
mem[X,0x000000008002AC8A] -> 0x00C0
[6558] [M]: 0x000000008002AC88 (0x00C0006F) jal zero, 12
mem[X,0x000000008002AC94] -> 0xB823
mem[X,0x000000008002AC96] -> 0x4820
[6559] [M]: 0x000000008002AC94 (0x4820B823) sd sp, 1168(ra)
mem[0x0000000080049E60] <- 0x0000000000000002
mem[X,0x000000008002AC98] -> 0x0513
mem[X,0x000000008002AC9A] -> 0x0040
[6560] [M]: 0x000000008002AC98 (0x00400513) addi a0, zero, 4
x10 <- 0x0000000000000004
mem[X,0x000000008002AC9C] -> 0x0593
mem[X,0x000000008002AC9E] -> 0x0000
[6561] [M]: 0x000000008002AC9C (0x00000593) addi a1, zero, 0
x11 <- 0x0000000000000000
mem[X,0x000000008002ACA0] -> 0x0113
mem[X,0x000000008002ACA2] -> 0x0000
[6562] [M]: 0x000000008002ACA0 (0x00000113) addi sp, zero, 0
x2 <- 0x0000000000000000
mem[X,0x000000008002ACA4] -> 0x006F
mem[X,0x000000008002ACA6] -> 0x00C0
[6563] [M]: 0x000000008002ACA4 (0x00C0006F) jal zero, 12
mem[X,0x000000008002ACB0] -> 0x5663
mem[X,0x000000008002ACB2] -> 0x00B5
[6564] [M]: 0x000000008002ACB0 (0x00B55663) bge a0, a1, 12
mem[X,0x000000008002ACBC] -> 0x0113
mem[X,0x000000008002ACBE] -> 0x0031
[6565] [M]: 0x000000008002ACBC (0x00310113) addi sp, sp, 3
x2 <- 0x0000000000000003
mem[X,0x000000008002ACC0] -> 0x006F
mem[X,0x000000008002ACC2] -> 0x0040
[6566] [M]: 0x000000008002ACC0 (0x0040006F) jal zero, 4
mem[X,0x000000008002ACC4] -> 0xBC23
mem[X,0x000000008002ACC6] -> 0x4820
[6567] [M]: 0x000000008002ACC4 (0x4820BC23) sd sp, 1176(ra)
mem[0x0000000080049E68] <- 0x0000000000000003
mem[X,0x000000008002ACC8] -> 0x0513
mem[X,0x000000008002ACCA] -> 0x0040
[6568] [M]: 0x000000008002ACC8 (0x00400513) addi a0, zero, 4
x10 <- 0x0000000000000004
mem[X,0x000000008002ACCC] -> 0x0593
mem[X,0x000000008002ACCE] -> 0x0040
[6569] [M]: 0x000000008002ACCC (0x00400593) addi a1, zero, 4
x11 <- 0x0000000000000004
mem[X,0x000000008002ACD0] -> 0x0113
mem[X,0x000000008002ACD2] -> 0x0000
[6570] [M]: 0x000000008002ACD0 (0x00000113) addi sp, zero, 0
x2 <- 0x0000000000000000
mem[X,0x000000008002ACD4] -> 0x006F
mem[X,0x000000008002ACD6] -> 0x00C0
[6571] [M]: 0x000000008002ACD4 (0x00C0006F) jal zero, 12
mem[X,0x000000008002ACE0] -> 0x5663
mem[X,0x000000008002ACE2] -> 0x00B5
[6572] [M]: 0x000000008002ACE0 (0x00B55663) bge a0, a1, 12
mem[X,0x000000008002ACEC] -> 0x0113
mem[X,0x000000008002ACEE] -> 0x0031
[6573] [M]: 0x000000008002ACEC (0x00310113) addi sp, sp, 3
x2 <- 0x0000000000000003
mem[X,0x000000008002ACF0] -> 0x006F
mem[X,0x000000008002ACF2] -> 0x0040
[6574] [M]: 0x000000008002ACF0 (0x0040006F) jal zero, 4
mem[X,0x000000008002ACF4] -> 0xB023
mem[X,0x000000008002ACF6] -> 0x4A20
[6575] [M]: 0x000000008002ACF4 (0x4A20B023) sd sp, 1184(ra)
mem[0x0000000080049E70] <- 0x0000000000000003
mem[X,0x000000008002ACF8] -> 0x0513
mem[X,0x000000008002ACFA] -> 0x0040
[6576] [M]: 0x000000008002ACF8 (0x00400513) addi a0, zero, 4
x10 <- 0x0000000000000004
mem[X,0x000000008002ACFC] -> 0x35B7
mem[X,0x000000008002ACFE] -> 0x3333
[6577] [M]: 0x000000008002ACFC (0x333335B7) lui a1, 209715
x11 <- 0x0000000033333000
mem[X,0x000000008002AD00] -> 0x8593
mem[X,0x000000008002AD02] -> 0x3335
[6578] [M]: 0x000000008002AD00 (0x33358593) addi a1, a1, 819
x11 <- 0x0000000033333333
mem[X,0x000000008002AD04] -> 0x9593
mem[X,0x000000008002AD06] -> 0x00B5
[6579] [M]: 0x000000008002AD04 (0x00B59593) slli a1, a1, 11
x11 <- 0x0000019999999800
mem[X,0x000000008002AD08] -> 0x8593
mem[X,0x000000008002AD0A] -> 0x1995
[6580] [M]: 0x000000008002AD08 (0x19958593) addi a1, a1, 409
x11 <- 0x0000019999999999
mem[X,0x000000008002AD0C] -> 0x9593
mem[X,0x000000008002AD0E] -> 0x00B5
[6581] [M]: 0x000000008002AD0C (0x00B59593) slli a1, a1, 11
x11 <- 0x000CCCCCCCCCC800
mem[X,0x000000008002AD10] -> 0x8593
mem[X,0x000000008002AD12] -> 0x4CC5
[6582] [M]: 0x000000008002AD10 (0x4CC58593) addi a1, a1, 1228
x11 <- 0x000CCCCCCCCCCCCC
mem[X,0x000000008002AD14] -> 0x9593
mem[X,0x000000008002AD16] -> 0x00A5
[6583] [M]: 0x000000008002AD14 (0x00A59593) slli a1, a1, 10
x11 <- 0x3333333333333000
mem[X,0x000000008002AD18] -> 0x8593
mem[X,0x000000008002AD1A] -> 0x3325
[6584] [M]: 0x000000008002AD18 (0x33258593) addi a1, a1, 818
x11 <- 0x3333333333333332
mem[X,0x000000008002AD1C] -> 0x0113
mem[X,0x000000008002AD1E] -> 0x0000
[6585] [M]: 0x000000008002AD1C (0x00000113) addi sp, zero, 0
x2 <- 0x0000000000000000
mem[X,0x000000008002AD20] -> 0x006F
mem[X,0x000000008002AD22] -> 0x00C0
[6586] [M]: 0x000000008002AD20 (0x00C0006F) jal zero, 12
mem[X,0x000000008002AD2C] -> 0x5CE3
mem[X,0x000000008002AD2E] -> 0xFEB5
[6587] [M]: 0x000000008002AD2C (0xFEB55CE3) bge a0, a1, 8184
mem[X,0x000000008002AD30] -> 0x0113
mem[X,0x000000008002AD32] -> 0x0021
[6588] [M]: 0x000000008002AD30 (0x00210113) addi sp, sp, 2
x2 <- 0x0000000000000002
mem[X,0x000000008002AD34] -> 0x006F
mem[X,0x000000008002AD36] -> 0x00C0
[6589] [M]: 0x000000008002AD34 (0x00C0006F) jal zero, 12
mem[X,0x000000008002AD40] -> 0xB423
mem[X,0x000000008002AD42] -> 0x4A20
[6590] [M]: 0x000000008002AD40 (0x4A20B423) sd sp, 1192(ra)
mem[0x0000000080049E78] <- 0x0000000000000002
mem[X,0x000000008002AD44] -> 0x0513
mem[X,0x000000008002AD46] -> 0x0040
[6591] [M]: 0x000000008002AD44 (0x00400513) addi a0, zero, 4
x10 <- 0x0000000000000004
mem[X,0x000000008002AD48] -> 0x65B7
mem[X,0x000000008002AD4A] -> 0x6666
[6592] [M]: 0x000000008002AD48 (0x666665B7) lui a1, 419430
x11 <- 0x0000000066666000
mem[X,0x000000008002AD4C] -> 0x8593
mem[X,0x000000008002AD4E] -> 0x6665
[6593] [M]: 0x000000008002AD4C (0x66658593) addi a1, a1, 1638
x11 <- 0x0000000066666666
mem[X,0x000000008002AD50] -> 0x9593
mem[X,0x000000008002AD52] -> 0x00B5
[6594] [M]: 0x000000008002AD50 (0x00B59593) slli a1, a1, 11
x11 <- 0x0000033333333000
mem[X,0x000000008002AD54] -> 0x8593
mem[X,0x000000008002AD56] -> 0x3335
[6595] [M]: 0x000000008002AD54 (0x33358593) addi a1, a1, 819
x11 <- 0x0000033333333333
mem[X,0x000000008002AD58] -> 0x9593
mem[X,0x000000008002AD5A] -> 0x00B5
[6596] [M]: 0x000000008002AD58 (0x00B59593) slli a1, a1, 11
x11 <- 0x0019999999999800
mem[X,0x000000008002AD5C] -> 0x8593
mem[X,0x000000008002AD5E] -> 0x1995
[6597] [M]: 0x000000008002AD5C (0x19958593) addi a1, a1, 409
x11 <- 0x0019999999999999
mem[X,0x000000008002AD60] -> 0x9593
mem[X,0x000000008002AD62] -> 0x00A5
[6598] [M]: 0x000000008002AD60 (0x00A59593) slli a1, a1, 10
x11 <- 0x6666666666666400
mem[X,0x000000008002AD64] -> 0x8593
mem[X,0x000000008002AD66] -> 0x2655
[6599] [M]: 0x000000008002AD64 (0x26558593) addi a1, a1, 613
x11 <- 0x6666666666666665
clint::tick mtime <- 0x0000000000000042
 clint timer pending at mtime 0x0000000000000042
htif::tick 0x0000000000000000
mem[X,0x000000008002AD68] -> 0x0113
mem[X,0x000000008002AD6A] -> 0x0000
[6600] [M]: 0x000000008002AD68 (0x00000113) addi sp, zero, 0
x2 <- 0x0000000000000000
mem[X,0x000000008002AD6C] -> 0x006F
mem[X,0x000000008002AD6E] -> 0x0180
[6601] [M]: 0x000000008002AD6C (0x0180006F) jal zero, 24
mem[X,0x000000008002AD84] -> 0x56E3
mem[X,0x000000008002AD86] -> 0xFEB5
[6602] [M]: 0x000000008002AD84 (0xFEB556E3) bge a0, a1, 8172
mem[X,0x000000008002AD88] -> 0x0113
mem[X,0x000000008002AD8A] -> 0x0021
[6603] [M]: 0x000000008002AD88 (0x00210113) addi sp, sp, 2
x2 <- 0x0000000000000002
mem[X,0x000000008002AD8C] -> 0x006F
mem[X,0x000000008002AD8E] -> 0x00C0
[6604] [M]: 0x000000008002AD8C (0x00C0006F) jal zero, 12
mem[X,0x000000008002AD98] -> 0xB823
mem[X,0x000000008002AD9A] -> 0x4A20
[6605] [M]: 0x000000008002AD98 (0x4A20B823) sd sp, 1200(ra)
mem[0x0000000080049E80] <- 0x0000000000000002
mem[X,0x000000008002AD9C] -> 0x0513
mem[X,0x000000008002AD9E] -> 0x0040
[6606] [M]: 0x000000008002AD9C (0x00400513) addi a0, zero, 4
x10 <- 0x0000000000000004
mem[X,0x000000008002ADA0] -> 0x05B7
mem[X,0x000000008002ADA2] -> 0x0000
[6607] [M]: 0x000000008002ADA0 (0x000005B7) lui a1, 0
x11 <- 0x0000000000000000
mem[X,0x000000008002ADA4] -> 0x8593
mem[X,0x000000008002ADA6] -> 0x0005
[6608] [M]: 0x000000008002ADA4 (0x00058593) addi a1, a1, 0
x11 <- 0x0000000000000000
mem[X,0x000000008002ADA8] -> 0x9593
mem[X,0x000000008002ADAA] -> 0x00B5
[6609] [M]: 0x000000008002ADA8 (0x00B59593) slli a1, a1, 11
x11 <- 0x0000000000000000
mem[X,0x000000008002ADAC] -> 0x8593
mem[X,0x000000008002ADAE] -> 0x5A85
[6610] [M]: 0x000000008002ADAC (0x5A858593) addi a1, a1, 1448
x11 <- 0x00000000000005A8
mem[X,0x000000008002ADB0] -> 0x9593
mem[X,0x000000008002ADB2] -> 0x00B5
[6611] [M]: 0x000000008002ADB0 (0x00B59593) slli a1, a1, 11
x11 <- 0x00000000002D4000
mem[X,0x000000008002ADB4] -> 0x8593
mem[X,0x000000008002ADB6] -> 0x13C5
[6612] [M]: 0x000000008002ADB4 (0x13C58593) addi a1, a1, 316
x11 <- 0x00000000002D413C
mem[X,0x000000008002ADB8] -> 0x9593
mem[X,0x000000008002ADBA] -> 0x00A5
[6613] [M]: 0x000000008002ADB8 (0x00A59593) slli a1, a1, 10
x11 <- 0x00000000B504F000
mem[X,0x000000008002ADBC] -> 0x8593
mem[X,0x000000008002ADBE] -> 0x3325
[6614] [M]: 0x000000008002ADBC (0x33258593) addi a1, a1, 818
x11 <- 0x00000000B504F332
mem[X,0x000000008002ADC0] -> 0x0113
mem[X,0x000000008002ADC2] -> 0x0000
[6615] [M]: 0x000000008002ADC0 (0x00000113) addi sp, zero, 0
x2 <- 0x0000000000000000
mem[X,0x000000008002ADC4] -> 0x006F
mem[X,0x000000008002ADC6] -> 0x0140
[6616] [M]: 0x000000008002ADC4 (0x0140006F) jal zero, 20
mem[X,0x000000008002ADD8] -> 0x58E3
mem[X,0x000000008002ADDA] -> 0xFEB5
[6617] [M]: 0x000000008002ADD8 (0xFEB558E3) bge a0, a1, 8176
mem[X,0x000000008002ADDC] -> 0x0113
mem[X,0x000000008002ADDE] -> 0x0021
[6618] [M]: 0x000000008002ADDC (0x00210113) addi sp, sp, 2
x2 <- 0x0000000000000002
mem[X,0x000000008002ADE0] -> 0x006F
mem[X,0x000000008002ADE2] -> 0x00C0
[6619] [M]: 0x000000008002ADE0 (0x00C0006F) jal zero, 12
mem[X,0x000000008002ADEC] -> 0xBC23
mem[X,0x000000008002ADEE] -> 0x4A20
[6620] [M]: 0x000000008002ADEC (0x4A20BC23) sd sp, 1208(ra)
mem[0x0000000080049E88] <- 0x0000000000000002
mem[X,0x000000008002ADF0] -> 0x0513
mem[X,0x000000008002ADF2] -> 0x0040
[6621] [M]: 0x000000008002ADF0 (0x00400513) addi a0, zero, 4
x10 <- 0x0000000000000004
mem[X,0x000000008002ADF4] -> 0x55B7
mem[X,0x000000008002ADF6] -> 0x5555
[6622] [M]: 0x000000008002ADF4 (0x555555B7) lui a1, 349525
x11 <- 0x0000000055555000
mem[X,0x000000008002ADF8] -> 0x8593
mem[X,0x000000008002ADFA] -> 0x5555
[6623] [M]: 0x000000008002ADF8 (0x55558593) addi a1, a1, 1365
x11 <- 0x0000000055555555
mem[X,0x000000008002ADFC] -> 0x9593
mem[X,0x000000008002ADFE] -> 0x00B5
[6624] [M]: 0x000000008002ADFC (0x00B59593) slli a1, a1, 11
x11 <- 0x000002AAAAAAA800
mem[X,0x000000008002AE00] -> 0x8593
mem[X,0x000000008002AE02] -> 0x2AA5
[6625] [M]: 0x000000008002AE00 (0x2AA58593) addi a1, a1, 682
x11 <- 0x000002AAAAAAAAAA
mem[X,0x000000008002AE04] -> 0x9593
mem[X,0x000000008002AE06] -> 0x00B5
[6626] [M]: 0x000000008002AE04 (0x00B59593) slli a1, a1, 11
x11 <- 0x0015555555555000
mem[X,0x000000008002AE08] -> 0x8593
mem[X,0x000000008002AE0A] -> 0x5555
[6627] [M]: 0x000000008002AE08 (0x55558593) addi a1, a1, 1365
x11 <- 0x0015555555555555
mem[X,0x000000008002AE0C] -> 0x9593
mem[X,0x000000008002AE0E] -> 0x00A5
[6628] [M]: 0x000000008002AE0C (0x00A59593) slli a1, a1, 10
x11 <- 0x5555555555555400
mem[X,0x000000008002AE10] -> 0x8593
mem[X,0x000000008002AE12] -> 0x1565
[6629] [M]: 0x000000008002AE10 (0x15658593) addi a1, a1, 342
x11 <- 0x5555555555555556
mem[X,0x000000008002AE14] -> 0x0113
mem[X,0x000000008002AE16] -> 0x0000
[6630] [M]: 0x000000008002AE14 (0x00000113) addi sp, zero, 0
x2 <- 0x0000000000000000
mem[X,0x000000008002AE18] -> 0x006F
mem[X,0x000000008002AE1A] -> 0x00C0
[6631] [M]: 0x000000008002AE18 (0x00C0006F) jal zero, 12
mem[X,0x000000008002AE24] -> 0x5863
mem[X,0x000000008002AE26] -> 0x00B5
[6632] [M]: 0x000000008002AE24 (0x00B55863) bge a0, a1, 16
mem[X,0x000000008002AE28] -> 0x0113
mem[X,0x000000008002AE2A] -> 0x0021
[6633] [M]: 0x000000008002AE28 (0x00210113) addi sp, sp, 2
x2 <- 0x0000000000000002
mem[X,0x000000008002AE2C] -> 0x006F
mem[X,0x000000008002AE2E] -> 0x0100
[6634] [M]: 0x000000008002AE2C (0x0100006F) jal zero, 16
mem[X,0x000000008002AE3C] -> 0xB023
mem[X,0x000000008002AE3E] -> 0x4C20
[6635] [M]: 0x000000008002AE3C (0x4C20B023) sd sp, 1216(ra)
mem[0x0000000080049E90] <- 0x0000000000000002
mem[X,0x000000008002AE40] -> 0x0513
mem[X,0x000000008002AE42] -> 0x0040
[6636] [M]: 0x000000008002AE40 (0x00400513) addi a0, zero, 4
x10 <- 0x0000000000000004
mem[X,0x000000008002AE44] -> 0xB5B7
mem[X,0x000000008002AE46] -> 0xAAAA
[6637] [M]: 0x000000008002AE44 (0xAAAAB5B7) lui a1, 699051
x11 <- 0xFFFFFFFFAAAAB000
mem[X,0x000000008002AE48] -> 0x8593
mem[X,0x000000008002AE4A] -> 0xAAA5
[6638] [M]: 0x000000008002AE48 (0xAAA58593) addi a1, a1, 2730
x11 <- 0xFFFFFFFFAAAAAAAA
mem[X,0x000000008002AE4C] -> 0x9593
mem[X,0x000000008002AE4E] -> 0x00B5
[6639] [M]: 0x000000008002AE4C (0x00B59593) slli a1, a1, 11
x11 <- 0xFFFFFD5555555000
mem[X,0x000000008002AE50] -> 0x8593
mem[X,0x000000008002AE52] -> 0x5555
[6640] [M]: 0x000000008002AE50 (0x55558593) addi a1, a1, 1365
x11 <- 0xFFFFFD5555555555
mem[X,0x000000008002AE54] -> 0x9593
mem[X,0x000000008002AE56] -> 0x00B5
[6641] [M]: 0x000000008002AE54 (0x00B59593) slli a1, a1, 11
x11 <- 0xFFEAAAAAAAAAA800
mem[X,0x000000008002AE58] -> 0x8593
mem[X,0x000000008002AE5A] -> 0x2AA5
[6642] [M]: 0x000000008002AE58 (0x2AA58593) addi a1, a1, 682
x11 <- 0xFFEAAAAAAAAAAAAA
mem[X,0x000000008002AE5C] -> 0x9593
mem[X,0x000000008002AE5E] -> 0x00A5
[6643] [M]: 0x000000008002AE5C (0x00A59593) slli a1, a1, 10
x11 <- 0xAAAAAAAAAAAAA800
mem[X,0x000000008002AE60] -> 0x8593
mem[X,0x000000008002AE62] -> 0x2AB5
[6644] [M]: 0x000000008002AE60 (0x2AB58593) addi a1, a1, 683
x11 <- 0xAAAAAAAAAAAAAAAB
mem[X,0x000000008002AE64] -> 0x0113
mem[X,0x000000008002AE66] -> 0x0000
[6645] [M]: 0x000000008002AE64 (0x00000113) addi sp, zero, 0
x2 <- 0x0000000000000000
mem[X,0x000000008002AE68] -> 0x006F
mem[X,0x000000008002AE6A] -> 0x0050
[6646] [M]: 0x000000008002AE68 (0x0050006F) jal zero, 2052
mem[X,0x000000008002B66C] -> 0x50E3
mem[X,0x000000008002B66E] -> 0x80B5
[6647] [M]: 0x000000008002B66C (0x80B550E3) bge a0, a1, 6144
mem[X,0x000000008002AE6C] -> 0x0113
mem[X,0x000000008002AE6E] -> 0x0011
[6648] [M]: 0x000000008002AE6C (0x00110113) addi sp, sp, 1
x2 <- 0x0000000000000001
mem[X,0x000000008002AE70] -> 0x006F
mem[X,0x000000008002AE72] -> 0x0110
[6649] [M]: 0x000000008002AE70 (0x0110006F) jal zero, 2064
mem[X,0x000000008002B680] -> 0xB423
mem[X,0x000000008002B682] -> 0x4C20
[6650] [M]: 0x000000008002B680 (0x4C20B423) sd sp, 1224(ra)
mem[0x0000000080049E98] <- 0x0000000000000001
mem[X,0x000000008002B684] -> 0x0513
mem[X,0x000000008002B686] -> 0x0040
[6651] [M]: 0x000000008002B684 (0x00400513) addi a0, zero, 4
x10 <- 0x0000000000000004
mem[X,0x000000008002B688] -> 0x0593
mem[X,0x000000008002B68A] -> 0x0060
[6652] [M]: 0x000000008002B688 (0x00600593) addi a1, zero, 6
x11 <- 0x0000000000000006
mem[X,0x000000008002B68C] -> 0x0113
mem[X,0x000000008002B68E] -> 0x0000
[6653] [M]: 0x000000008002B68C (0x00000113) addi sp, zero, 0
x2 <- 0x0000000000000000
mem[X,0x000000008002B690] -> 0x006F
mem[X,0x000000008002B692] -> 0x00C0
[6654] [M]: 0x000000008002B690 (0x00C0006F) jal zero, 12
mem[X,0x000000008002B69C] -> 0x5663
mem[X,0x000000008002B69E] -> 0x00B5
[6655] [M]: 0x000000008002B69C (0x00B55663) bge a0, a1, 12
mem[X,0x000000008002B6A0] -> 0x0113
mem[X,0x000000008002B6A2] -> 0x0021
[6656] [M]: 0x000000008002B6A0 (0x00210113) addi sp, sp, 2
x2 <- 0x0000000000000002
mem[X,0x000000008002B6A4] -> 0x006F
mem[X,0x000000008002B6A6] -> 0x00C0
[6657] [M]: 0x000000008002B6A4 (0x00C0006F) jal zero, 12
mem[X,0x000000008002B6B0] -> 0xB823
mem[X,0x000000008002B6B2] -> 0x4C20
[6658] [M]: 0x000000008002B6B0 (0x4C20B823) sd sp, 1232(ra)
mem[0x0000000080049EA0] <- 0x0000000000000002
mem[X,0x000000008002B6B4] -> 0x0513
mem[X,0x000000008002B6B6] -> 0x0040
[6659] [M]: 0x000000008002B6B4 (0x00400513) addi a0, zero, 4
x10 <- 0x0000000000000004
mem[X,0x000000008002B6B8] -> 0x35B7
mem[X,0x000000008002B6BA] -> 0x3333
[6660] [M]: 0x000000008002B6B8 (0x333335B7) lui a1, 209715
x11 <- 0x0000000033333000
mem[X,0x000000008002B6BC] -> 0x8593
mem[X,0x000000008002B6BE] -> 0x3335
[6661] [M]: 0x000000008002B6BC (0x33358593) addi a1, a1, 819
x11 <- 0x0000000033333333
mem[X,0x000000008002B6C0] -> 0x9593
mem[X,0x000000008002B6C2] -> 0x00B5
[6662] [M]: 0x000000008002B6C0 (0x00B59593) slli a1, a1, 11
x11 <- 0x0000019999999800
mem[X,0x000000008002B6C4] -> 0x8593
mem[X,0x000000008002B6C6] -> 0x1995
[6663] [M]: 0x000000008002B6C4 (0x19958593) addi a1, a1, 409
x11 <- 0x0000019999999999
mem[X,0x000000008002B6C8] -> 0x9593
mem[X,0x000000008002B6CA] -> 0x00B5
[6664] [M]: 0x000000008002B6C8 (0x00B59593) slli a1, a1, 11
x11 <- 0x000CCCCCCCCCC800
mem[X,0x000000008002B6CC] -> 0x8593
mem[X,0x000000008002B6CE] -> 0x4CC5
[6665] [M]: 0x000000008002B6CC (0x4CC58593) addi a1, a1, 1228
x11 <- 0x000CCCCCCCCCCCCC
mem[X,0x000000008002B6D0] -> 0x9593
mem[X,0x000000008002B6D2] -> 0x00A5
[6666] [M]: 0x000000008002B6D0 (0x00A59593) slli a1, a1, 10
x11 <- 0x3333333333333000
mem[X,0x000000008002B6D4] -> 0x8593
mem[X,0x000000008002B6D6] -> 0x3345
[6667] [M]: 0x000000008002B6D4 (0x33458593) addi a1, a1, 820
x11 <- 0x3333333333333334
mem[X,0x000000008002B6D8] -> 0x0113
mem[X,0x000000008002B6DA] -> 0x0000
[6668] [M]: 0x000000008002B6D8 (0x00000113) addi sp, zero, 0
x2 <- 0x0000000000000000
mem[X,0x000000008002B6DC] -> 0x006F
mem[X,0x000000008002B6DE] -> 0x0050
[6669] [M]: 0x000000008002B6DC (0x0050006F) jal zero, 2052
mem[X,0x000000008002BEE0] -> 0x50E3
mem[X,0x000000008002BEE2] -> 0x80B5
[6670] [M]: 0x000000008002BEE0 (0x80B550E3) bge a0, a1, 6144
mem[X,0x000000008002BEE4] -> 0x0113
mem[X,0x000000008002BEE6] -> 0x0021
[6671] [M]: 0x000000008002BEE4 (0x00210113) addi sp, sp, 2
x2 <- 0x0000000000000002
mem[X,0x000000008002BEE8] -> 0x006F
mem[X,0x000000008002BEEA] -> 0x00C0
[6672] [M]: 0x000000008002BEE8 (0x00C0006F) jal zero, 12
mem[X,0x000000008002BEF4] -> 0xBC23
mem[X,0x000000008002BEF6] -> 0x4C20
[6673] [M]: 0x000000008002BEF4 (0x4C20BC23) sd sp, 1240(ra)
mem[0x0000000080049EA8] <- 0x0000000000000002
mem[X,0x000000008002BEF8] -> 0x0513
mem[X,0x000000008002BEFA] -> 0x0040
[6674] [M]: 0x000000008002BEF8 (0x00400513) addi a0, zero, 4
x10 <- 0x0000000000000004
mem[X,0x000000008002BEFC] -> 0x65B7
mem[X,0x000000008002BEFE] -> 0x6666
[6675] [M]: 0x000000008002BEFC (0x666665B7) lui a1, 419430
x11 <- 0x0000000066666000
mem[X,0x000000008002BF00] -> 0x8593
mem[X,0x000000008002BF02] -> 0x6665
[6676] [M]: 0x000000008002BF00 (0x66658593) addi a1, a1, 1638
x11 <- 0x0000000066666666
mem[X,0x000000008002BF04] -> 0x9593
mem[X,0x000000008002BF06] -> 0x00B5
[6677] [M]: 0x000000008002BF04 (0x00B59593) slli a1, a1, 11
x11 <- 0x0000033333333000
mem[X,0x000000008002BF08] -> 0x8593
mem[X,0x000000008002BF0A] -> 0x3335
[6678] [M]: 0x000000008002BF08 (0x33358593) addi a1, a1, 819
x11 <- 0x0000033333333333
mem[X,0x000000008002BF0C] -> 0x9593
mem[X,0x000000008002BF0E] -> 0x00B5
[6679] [M]: 0x000000008002BF0C (0x00B59593) slli a1, a1, 11
x11 <- 0x0019999999999800
mem[X,0x000000008002BF10] -> 0x8593
mem[X,0x000000008002BF12] -> 0x1995
[6680] [M]: 0x000000008002BF10 (0x19958593) addi a1, a1, 409
x11 <- 0x0019999999999999
mem[X,0x000000008002BF14] -> 0x9593
mem[X,0x000000008002BF16] -> 0x00A5
[6681] [M]: 0x000000008002BF14 (0x00A59593) slli a1, a1, 10
x11 <- 0x6666666666666400
mem[X,0x000000008002BF18] -> 0x8593
mem[X,0x000000008002BF1A] -> 0x2675
[6682] [M]: 0x000000008002BF18 (0x26758593) addi a1, a1, 615
x11 <- 0x6666666666666667
mem[X,0x000000008002BF1C] -> 0x0113
mem[X,0x000000008002BF1E] -> 0x0000
[6683] [M]: 0x000000008002BF1C (0x00000113) addi sp, zero, 0
x2 <- 0x0000000000000000
mem[X,0x000000008002BF20] -> 0x006F
mem[X,0x000000008002BF22] -> 0x00C0
[6684] [M]: 0x000000008002BF20 (0x00C0006F) jal zero, 12
mem[X,0x000000008002BF2C] -> 0x5CE3
mem[X,0x000000008002BF2E] -> 0xFEB5
[6685] [M]: 0x000000008002BF2C (0xFEB55CE3) bge a0, a1, 8184
mem[X,0x000000008002BF30] -> 0x0113
mem[X,0x000000008002BF32] -> 0x0021
[6686] [M]: 0x000000008002BF30 (0x00210113) addi sp, sp, 2
x2 <- 0x0000000000000002
mem[X,0x000000008002BF34] -> 0x006F
mem[X,0x000000008002BF36] -> 0x00C0
[6687] [M]: 0x000000008002BF34 (0x00C0006F) jal zero, 12
mem[X,0x000000008002BF40] -> 0xB023
mem[X,0x000000008002BF42] -> 0x4E20
[6688] [M]: 0x000000008002BF40 (0x4E20B023) sd sp, 1248(ra)
mem[0x0000000080049EB0] <- 0x0000000000000002
mem[X,0x000000008002BF44] -> 0x0513
mem[X,0x000000008002BF46] -> 0x0040
[6689] [M]: 0x000000008002BF44 (0x00400513) addi a0, zero, 4
x10 <- 0x0000000000000004
mem[X,0x000000008002BF48] -> 0x05B7
mem[X,0x000000008002BF4A] -> 0x0000
[6690] [M]: 0x000000008002BF48 (0x000005B7) lui a1, 0
x11 <- 0x0000000000000000
mem[X,0x000000008002BF4C] -> 0x8593
mem[X,0x000000008002BF4E] -> 0xFFF5
[6691] [M]: 0x000000008002BF4C (0xFFF58593) addi a1, a1, 4095
x11 <- 0xFFFFFFFFFFFFFFFF
mem[X,0x000000008002BF50] -> 0x9593
mem[X,0x000000008002BF52] -> 0x00B5
[6692] [M]: 0x000000008002BF50 (0x00B59593) slli a1, a1, 11
x11 <- 0xFFFFFFFFFFFFF800
mem[X,0x000000008002BF54] -> 0x8593
mem[X,0x000000008002BF56] -> 0x2575
[6693] [M]: 0x000000008002BF54 (0x25758593) addi a1, a1, 599
x11 <- 0xFFFFFFFFFFFFFA57
mem[X,0x000000008002BF58] -> 0x9593
mem[X,0x000000008002BF5A] -> 0x00B5
[6694] [M]: 0x000000008002BF58 (0x00B59593) slli a1, a1, 11
x11 <- 0xFFFFFFFFFFD2B800
mem[X,0x000000008002BF5C] -> 0x8593
mem[X,0x000000008002BF5E] -> 0x6C35
[6695] [M]: 0x000000008002BF5C (0x6C358593) addi a1, a1, 1731
x11 <- 0xFFFFFFFFFFD2BEC3
mem[X,0x000000008002BF60] -> 0x9593
mem[X,0x000000008002BF62] -> 0x00A5
[6696] [M]: 0x000000008002BF60 (0x00A59593) slli a1, a1, 10
x11 <- 0xFFFFFFFF4AFB0C00
mem[X,0x000000008002BF64] -> 0x8593
mem[X,0x000000008002BF66] -> 0x0CE5
[6697] [M]: 0x000000008002BF64 (0x0CE58593) addi a1, a1, 206
x11 <- 0xFFFFFFFF4AFB0CCE
mem[X,0x000000008002BF68] -> 0x0113
mem[X,0x000000008002BF6A] -> 0x0000
[6698] [M]: 0x000000008002BF68 (0x00000113) addi sp, zero, 0
x2 <- 0x0000000000000000
mem[X,0x000000008002BF6C] -> 0x006F
mem[X,0x000000008002BF6E] -> 0x00C0
[6699] [M]: 0x000000008002BF6C (0x00C0006F) jal zero, 12
clint::tick mtime <- 0x0000000000000043
 clint timer pending at mtime 0x0000000000000043
htif::tick 0x0000000000000000
mem[X,0x000000008002BF78] -> 0x5663
mem[X,0x000000008002BF7A] -> 0x00B5
[6700] [M]: 0x000000008002BF78 (0x00B55663) bge a0, a1, 12
mem[X,0x000000008002BF84] -> 0x0113
mem[X,0x000000008002BF86] -> 0x0031
[6701] [M]: 0x000000008002BF84 (0x00310113) addi sp, sp, 3
x2 <- 0x0000000000000003
mem[X,0x000000008002BF88] -> 0x006F
mem[X,0x000000008002BF8A] -> 0x0040
[6702] [M]: 0x000000008002BF88 (0x0040006F) jal zero, 4
mem[X,0x000000008002BF8C] -> 0xB423
mem[X,0x000000008002BF8E] -> 0x4E20
[6703] [M]: 0x000000008002BF8C (0x4E20B423) sd sp, 1256(ra)
mem[0x0000000080049EB8] <- 0x0000000000000003
mem[X,0x000000008002BF90] -> 0x0513
mem[X,0x000000008002BF92] -> 0x0040
[6704] [M]: 0x000000008002BF90 (0x00400513) addi a0, zero, 4
x10 <- 0x0000000000000004
mem[X,0x000000008002BF94] -> 0x05B7
mem[X,0x000000008002BF96] -> 0x0000
[6705] [M]: 0x000000008002BF94 (0x000005B7) lui a1, 0
x11 <- 0x0000000000000000
mem[X,0x000000008002BF98] -> 0x8593
mem[X,0x000000008002BF9A] -> 0x0005
[6706] [M]: 0x000000008002BF98 (0x00058593) addi a1, a1, 0
x11 <- 0x0000000000000000
mem[X,0x000000008002BF9C] -> 0x9593
mem[X,0x000000008002BF9E] -> 0x00B5
[6707] [M]: 0x000000008002BF9C (0x00B59593) slli a1, a1, 11
x11 <- 0x0000000000000000
mem[X,0x000000008002BFA0] -> 0x8593
mem[X,0x000000008002BFA2] -> 0x5A85
[6708] [M]: 0x000000008002BFA0 (0x5A858593) addi a1, a1, 1448
x11 <- 0x00000000000005A8
mem[X,0x000000008002BFA4] -> 0x9593
mem[X,0x000000008002BFA6] -> 0x00B5
[6709] [M]: 0x000000008002BFA4 (0x00B59593) slli a1, a1, 11
x11 <- 0x00000000002D4000
mem[X,0x000000008002BFA8] -> 0x8593
mem[X,0x000000008002BFAA] -> 0x13C5
[6710] [M]: 0x000000008002BFA8 (0x13C58593) addi a1, a1, 316
x11 <- 0x00000000002D413C
mem[X,0x000000008002BFAC] -> 0x9593
mem[X,0x000000008002BFAE] -> 0x00A5
[6711] [M]: 0x000000008002BFAC (0x00A59593) slli a1, a1, 10
x11 <- 0x00000000B504F000
mem[X,0x000000008002BFB0] -> 0x8593
mem[X,0x000000008002BFB2] -> 0x3345
[6712] [M]: 0x000000008002BFB0 (0x33458593) addi a1, a1, 820
x11 <- 0x00000000B504F334
mem[X,0x000000008002BFB4] -> 0x0113
mem[X,0x000000008002BFB6] -> 0x0000
[6713] [M]: 0x000000008002BFB4 (0x00000113) addi sp, zero, 0
x2 <- 0x0000000000000000
mem[X,0x000000008002BFB8] -> 0x006F
mem[X,0x000000008002BFBA] -> 0x00C0
[6714] [M]: 0x000000008002BFB8 (0x00C0006F) jal zero, 12
mem[X,0x000000008002BFC4] -> 0x5063
mem[X,0x000000008002BFC6] -> 0x40B5
[6715] [M]: 0x000000008002BFC4 (0x40B55063) bge a0, a1, 1024
mem[X,0x000000008002BFC8] -> 0x0113
mem[X,0x000000008002BFCA] -> 0x0021
[6716] [M]: 0x000000008002BFC8 (0x00210113) addi sp, sp, 2
x2 <- 0x0000000000000002
mem[X,0x000000008002BFCC] -> 0x006F
mem[X,0x000000008002BFCE] -> 0x4000
[6717] [M]: 0x000000008002BFCC (0x4000006F) jal zero, 1024
mem[X,0x000000008002C3CC] -> 0xB823
mem[X,0x000000008002C3CE] -> 0x4E20
[6718] [M]: 0x000000008002C3CC (0x4E20B823) sd sp, 1264(ra)
mem[0x0000000080049EC0] <- 0x0000000000000002
mem[X,0x000000008002C3D0] -> 0x3537
mem[X,0x000000008002C3D2] -> 0x3333
[6719] [M]: 0x000000008002C3D0 (0x33333537) lui a0, 209715
x10 <- 0x0000000033333000
mem[X,0x000000008002C3D4] -> 0x0513
mem[X,0x000000008002C3D6] -> 0x3335
[6720] [M]: 0x000000008002C3D4 (0x33350513) addi a0, a0, 819
x10 <- 0x0000000033333333
mem[X,0x000000008002C3D8] -> 0x1513
mem[X,0x000000008002C3DA] -> 0x00B5
[6721] [M]: 0x000000008002C3D8 (0x00B51513) slli a0, a0, 11
x10 <- 0x0000019999999800
mem[X,0x000000008002C3DC] -> 0x0513
mem[X,0x000000008002C3DE] -> 0x1995
[6722] [M]: 0x000000008002C3DC (0x19950513) addi a0, a0, 409
x10 <- 0x0000019999999999
mem[X,0x000000008002C3E0] -> 0x1513
mem[X,0x000000008002C3E2] -> 0x00B5
[6723] [M]: 0x000000008002C3E0 (0x00B51513) slli a0, a0, 11
x10 <- 0x000CCCCCCCCCC800
mem[X,0x000000008002C3E4] -> 0x0513
mem[X,0x000000008002C3E6] -> 0x4CC5
[6724] [M]: 0x000000008002C3E4 (0x4CC50513) addi a0, a0, 1228
x10 <- 0x000CCCCCCCCCCCCC
mem[X,0x000000008002C3E8] -> 0x1513
mem[X,0x000000008002C3EA] -> 0x00A5
[6725] [M]: 0x000000008002C3E8 (0x00A51513) slli a0, a0, 10
x10 <- 0x3333333333333000
mem[X,0x000000008002C3EC] -> 0x0513
mem[X,0x000000008002C3EE] -> 0x3325
[6726] [M]: 0x000000008002C3EC (0x33250513) addi a0, a0, 818
x10 <- 0x3333333333333332
mem[X,0x000000008002C3F0] -> 0x0593
mem[X,0x000000008002C3F2] -> 0x0030
[6727] [M]: 0x000000008002C3F0 (0x00300593) addi a1, zero, 3
x11 <- 0x0000000000000003
mem[X,0x000000008002C3F4] -> 0x0113
mem[X,0x000000008002C3F6] -> 0x0000
[6728] [M]: 0x000000008002C3F4 (0x00000113) addi sp, zero, 0
x2 <- 0x0000000000000000
mem[X,0x000000008002C3F8] -> 0x006F
mem[X,0x000000008002C3FA] -> 0x0100
[6729] [M]: 0x000000008002C3F8 (0x0100006F) jal zero, 16
mem[X,0x000000008002C408] -> 0x5AE3
mem[X,0x000000008002C40A] -> 0xFEB5
[6730] [M]: 0x000000008002C408 (0xFEB55AE3) bge a0, a1, 8180
mem[X,0x000000008002C3FC] -> 0x0113
mem[X,0x000000008002C3FE] -> 0x0011
[6731] [M]: 0x000000008002C3FC (0x00110113) addi sp, sp, 1
x2 <- 0x0000000000000001
mem[X,0x000000008002C400] -> 0x006F
mem[X,0x000000008002C402] -> 0x01C0
[6732] [M]: 0x000000008002C400 (0x01C0006F) jal zero, 28
mem[X,0x000000008002C41C] -> 0xBC23
mem[X,0x000000008002C41E] -> 0x4E20
[6733] [M]: 0x000000008002C41C (0x4E20BC23) sd sp, 1272(ra)
mem[0x0000000080049EC8] <- 0x0000000000000001
mem[X,0x000000008002C420] -> 0x3537
mem[X,0x000000008002C422] -> 0x3333
[6734] [M]: 0x000000008002C420 (0x33333537) lui a0, 209715
x10 <- 0x0000000033333000
mem[X,0x000000008002C424] -> 0x0513
mem[X,0x000000008002C426] -> 0x3335
[6735] [M]: 0x000000008002C424 (0x33350513) addi a0, a0, 819
x10 <- 0x0000000033333333
mem[X,0x000000008002C428] -> 0x1513
mem[X,0x000000008002C42A] -> 0x00B5
[6736] [M]: 0x000000008002C428 (0x00B51513) slli a0, a0, 11
x10 <- 0x0000019999999800
mem[X,0x000000008002C42C] -> 0x0513
mem[X,0x000000008002C42E] -> 0x1995
[6737] [M]: 0x000000008002C42C (0x19950513) addi a0, a0, 409
x10 <- 0x0000019999999999
mem[X,0x000000008002C430] -> 0x1513
mem[X,0x000000008002C432] -> 0x00B5
[6738] [M]: 0x000000008002C430 (0x00B51513) slli a0, a0, 11
x10 <- 0x000CCCCCCCCCC800
mem[X,0x000000008002C434] -> 0x0513
mem[X,0x000000008002C436] -> 0x4CC5
[6739] [M]: 0x000000008002C434 (0x4CC50513) addi a0, a0, 1228
x10 <- 0x000CCCCCCCCCCCCC
mem[X,0x000000008002C438] -> 0x1513
mem[X,0x000000008002C43A] -> 0x00A5
[6740] [M]: 0x000000008002C438 (0x00A51513) slli a0, a0, 10
x10 <- 0x3333333333333000
mem[X,0x000000008002C43C] -> 0x0513
mem[X,0x000000008002C43E] -> 0x3325
[6741] [M]: 0x000000008002C43C (0x33250513) addi a0, a0, 818
x10 <- 0x3333333333333332
mem[X,0x000000008002C440] -> 0x55B7
mem[X,0x000000008002C442] -> 0x5555
[6742] [M]: 0x000000008002C440 (0x555555B7) lui a1, 349525
x11 <- 0x0000000055555000
mem[X,0x000000008002C444] -> 0x8593
mem[X,0x000000008002C446] -> 0x5555
[6743] [M]: 0x000000008002C444 (0x55558593) addi a1, a1, 1365
x11 <- 0x0000000055555555
mem[X,0x000000008002C448] -> 0x9593
mem[X,0x000000008002C44A] -> 0x00B5
[6744] [M]: 0x000000008002C448 (0x00B59593) slli a1, a1, 11
x11 <- 0x000002AAAAAAA800
mem[X,0x000000008002C44C] -> 0x8593
mem[X,0x000000008002C44E] -> 0x2AA5
[6745] [M]: 0x000000008002C44C (0x2AA58593) addi a1, a1, 682
x11 <- 0x000002AAAAAAAAAA
mem[X,0x000000008002C450] -> 0x9593
mem[X,0x000000008002C452] -> 0x00B5
[6746] [M]: 0x000000008002C450 (0x00B59593) slli a1, a1, 11
x11 <- 0x0015555555555000
mem[X,0x000000008002C454] -> 0x8593
mem[X,0x000000008002C456] -> 0x5555
[6747] [M]: 0x000000008002C454 (0x55558593) addi a1, a1, 1365
x11 <- 0x0015555555555555
mem[X,0x000000008002C458] -> 0x9593
mem[X,0x000000008002C45A] -> 0x00A5
[6748] [M]: 0x000000008002C458 (0x00A59593) slli a1, a1, 10
x11 <- 0x5555555555555400
mem[X,0x000000008002C45C] -> 0x8593
mem[X,0x000000008002C45E] -> 0x1555
[6749] [M]: 0x000000008002C45C (0x15558593) addi a1, a1, 341
x11 <- 0x5555555555555555
mem[X,0x000000008002C460] -> 0x0113
mem[X,0x000000008002C462] -> 0x0000
[6750] [M]: 0x000000008002C460 (0x00000113) addi sp, zero, 0
x2 <- 0x0000000000000000
mem[X,0x000000008002C464] -> 0x006F
mem[X,0x000000008002C466] -> 0x00C0
[6751] [M]: 0x000000008002C464 (0x00C0006F) jal zero, 12
mem[X,0x000000008002C470] -> 0x5CE3
mem[X,0x000000008002C472] -> 0xFEB5
[6752] [M]: 0x000000008002C470 (0xFEB55CE3) bge a0, a1, 8184
mem[X,0x000000008002C474] -> 0x0113
mem[X,0x000000008002C476] -> 0x0021
[6753] [M]: 0x000000008002C474 (0x00210113) addi sp, sp, 2
x2 <- 0x0000000000000002
mem[X,0x000000008002C478] -> 0x006F
mem[X,0x000000008002C47A] -> 0x00C0
[6754] [M]: 0x000000008002C478 (0x00C0006F) jal zero, 12
mem[X,0x000000008002C484] -> 0xB023
mem[X,0x000000008002C486] -> 0x5020
[6755] [M]: 0x000000008002C484 (0x5020B023) sd sp, 1280(ra)
mem[0x0000000080049ED0] <- 0x0000000000000002
mem[X,0x000000008002C488] -> 0x3537
mem[X,0x000000008002C48A] -> 0x3333
[6756] [M]: 0x000000008002C488 (0x33333537) lui a0, 209715
x10 <- 0x0000000033333000
mem[X,0x000000008002C48C] -> 0x0513
mem[X,0x000000008002C48E] -> 0x3335
[6757] [M]: 0x000000008002C48C (0x33350513) addi a0, a0, 819
x10 <- 0x0000000033333333
mem[X,0x000000008002C490] -> 0x1513
mem[X,0x000000008002C492] -> 0x00B5
[6758] [M]: 0x000000008002C490 (0x00B51513) slli a0, a0, 11
x10 <- 0x0000019999999800
mem[X,0x000000008002C494] -> 0x0513
mem[X,0x000000008002C496] -> 0x1995
[6759] [M]: 0x000000008002C494 (0x19950513) addi a0, a0, 409
x10 <- 0x0000019999999999
mem[X,0x000000008002C498] -> 0x1513
mem[X,0x000000008002C49A] -> 0x00B5
[6760] [M]: 0x000000008002C498 (0x00B51513) slli a0, a0, 11
x10 <- 0x000CCCCCCCCCC800
mem[X,0x000000008002C49C] -> 0x0513
mem[X,0x000000008002C49E] -> 0x4CC5
[6761] [M]: 0x000000008002C49C (0x4CC50513) addi a0, a0, 1228
x10 <- 0x000CCCCCCCCCCCCC
mem[X,0x000000008002C4A0] -> 0x1513
mem[X,0x000000008002C4A2] -> 0x00A5
[6762] [M]: 0x000000008002C4A0 (0x00A51513) slli a0, a0, 10
x10 <- 0x3333333333333000
mem[X,0x000000008002C4A4] -> 0x0513
mem[X,0x000000008002C4A6] -> 0x3325
[6763] [M]: 0x000000008002C4A4 (0x33250513) addi a0, a0, 818
x10 <- 0x3333333333333332
mem[X,0x000000008002C4A8] -> 0xB5B7
mem[X,0x000000008002C4AA] -> 0xAAAA
[6764] [M]: 0x000000008002C4A8 (0xAAAAB5B7) lui a1, 699051
x11 <- 0xFFFFFFFFAAAAB000
mem[X,0x000000008002C4AC] -> 0x8593
mem[X,0x000000008002C4AE] -> 0xAAA5
[6765] [M]: 0x000000008002C4AC (0xAAA58593) addi a1, a1, 2730
x11 <- 0xFFFFFFFFAAAAAAAA
mem[X,0x000000008002C4B0] -> 0x9593
mem[X,0x000000008002C4B2] -> 0x00B5
[6766] [M]: 0x000000008002C4B0 (0x00B59593) slli a1, a1, 11
x11 <- 0xFFFFFD5555555000
mem[X,0x000000008002C4B4] -> 0x8593
mem[X,0x000000008002C4B6] -> 0x5555
[6767] [M]: 0x000000008002C4B4 (0x55558593) addi a1, a1, 1365
x11 <- 0xFFFFFD5555555555
mem[X,0x000000008002C4B8] -> 0x9593
mem[X,0x000000008002C4BA] -> 0x00B5
[6768] [M]: 0x000000008002C4B8 (0x00B59593) slli a1, a1, 11
x11 <- 0xFFEAAAAAAAAAA800
mem[X,0x000000008002C4BC] -> 0x8593
mem[X,0x000000008002C4BE] -> 0x2AA5
[6769] [M]: 0x000000008002C4BC (0x2AA58593) addi a1, a1, 682
x11 <- 0xFFEAAAAAAAAAAAAA
mem[X,0x000000008002C4C0] -> 0x9593
mem[X,0x000000008002C4C2] -> 0x00A5
[6770] [M]: 0x000000008002C4C0 (0x00A59593) slli a1, a1, 10
x11 <- 0xAAAAAAAAAAAAA800
mem[X,0x000000008002C4C4] -> 0x8593
mem[X,0x000000008002C4C6] -> 0x2AA5
[6771] [M]: 0x000000008002C4C4 (0x2AA58593) addi a1, a1, 682
x11 <- 0xAAAAAAAAAAAAAAAA
mem[X,0x000000008002C4C8] -> 0x0113
mem[X,0x000000008002C4CA] -> 0x0000
[6772] [M]: 0x000000008002C4C8 (0x00000113) addi sp, zero, 0
x2 <- 0x0000000000000000
mem[X,0x000000008002C4CC] -> 0x006F
mem[X,0x000000008002C4CE] -> 0x2B10
[6773] [M]: 0x000000008002C4CC (0x2B10006F) jal zero, 2736
mem[X,0x000000008002CF7C] -> 0x5A63
mem[X,0x000000008002CF7E] -> 0xD4B5
[6774] [M]: 0x000000008002CF7C (0xD4B55A63) bge a0, a1, 5460
mem[X,0x000000008002C4D0] -> 0x0113
mem[X,0x000000008002C4D2] -> 0x0011
[6775] [M]: 0x000000008002C4D0 (0x00110113) addi sp, sp, 1
x2 <- 0x0000000000000001
mem[X,0x000000008002C4D4] -> 0x006F
mem[X,0x000000008002C4D6] -> 0x2BD0
[6776] [M]: 0x000000008002C4D4 (0x2BD0006F) jal zero, 2748
mem[X,0x000000008002CF90] -> 0xB423
mem[X,0x000000008002CF92] -> 0x5020
[6777] [M]: 0x000000008002CF90 (0x5020B423) sd sp, 1288(ra)
mem[0x0000000080049ED8] <- 0x0000000000000001
mem[X,0x000000008002CF94] -> 0x3537
mem[X,0x000000008002CF96] -> 0x3333
[6778] [M]: 0x000000008002CF94 (0x33333537) lui a0, 209715
x10 <- 0x0000000033333000
mem[X,0x000000008002CF98] -> 0x0513
mem[X,0x000000008002CF9A] -> 0x3335
[6779] [M]: 0x000000008002CF98 (0x33350513) addi a0, a0, 819
x10 <- 0x0000000033333333
mem[X,0x000000008002CF9C] -> 0x1513
mem[X,0x000000008002CF9E] -> 0x00B5
[6780] [M]: 0x000000008002CF9C (0x00B51513) slli a0, a0, 11
x10 <- 0x0000019999999800
mem[X,0x000000008002CFA0] -> 0x0513
mem[X,0x000000008002CFA2] -> 0x1995
[6781] [M]: 0x000000008002CFA0 (0x19950513) addi a0, a0, 409
x10 <- 0x0000019999999999
mem[X,0x000000008002CFA4] -> 0x1513
mem[X,0x000000008002CFA6] -> 0x00B5
[6782] [M]: 0x000000008002CFA4 (0x00B51513) slli a0, a0, 11
x10 <- 0x000CCCCCCCCCC800
mem[X,0x000000008002CFA8] -> 0x0513
mem[X,0x000000008002CFAA] -> 0x4CC5
[6783] [M]: 0x000000008002CFA8 (0x4CC50513) addi a0, a0, 1228
x10 <- 0x000CCCCCCCCCCCCC
mem[X,0x000000008002CFAC] -> 0x1513
mem[X,0x000000008002CFAE] -> 0x00A5
[6784] [M]: 0x000000008002CFAC (0x00A51513) slli a0, a0, 10
x10 <- 0x3333333333333000
mem[X,0x000000008002CFB0] -> 0x0513
mem[X,0x000000008002CFB2] -> 0x3325
[6785] [M]: 0x000000008002CFB0 (0x33250513) addi a0, a0, 818
x10 <- 0x3333333333333332
mem[X,0x000000008002CFB4] -> 0x0593
mem[X,0x000000008002CFB6] -> 0x0050
[6786] [M]: 0x000000008002CFB4 (0x00500593) addi a1, zero, 5
x11 <- 0x0000000000000005
mem[X,0x000000008002CFB8] -> 0x0113
mem[X,0x000000008002CFBA] -> 0x0000
[6787] [M]: 0x000000008002CFB8 (0x00000113) addi sp, zero, 0
x2 <- 0x0000000000000000
mem[X,0x000000008002CFBC] -> 0x006F
mem[X,0x000000008002CFBE] -> 0x0180
[6788] [M]: 0x000000008002CFBC (0x0180006F) jal zero, 24
mem[X,0x000000008002CFD4] -> 0x56E3
mem[X,0x000000008002CFD6] -> 0xFEB5
[6789] [M]: 0x000000008002CFD4 (0xFEB556E3) bge a0, a1, 8172
mem[X,0x000000008002CFC0] -> 0x0113
mem[X,0x000000008002CFC2] -> 0x0011
[6790] [M]: 0x000000008002CFC0 (0x00110113) addi sp, sp, 1
x2 <- 0x0000000000000001
mem[X,0x000000008002CFC4] -> 0x006F
mem[X,0x000000008002CFC6] -> 0x0240
[6791] [M]: 0x000000008002CFC4 (0x0240006F) jal zero, 36
mem[X,0x000000008002CFE8] -> 0xB823
mem[X,0x000000008002CFEA] -> 0x5020
[6792] [M]: 0x000000008002CFE8 (0x5020B823) sd sp, 1296(ra)
mem[0x0000000080049EE0] <- 0x0000000000000001
mem[X,0x000000008002CFEC] -> 0x3537
mem[X,0x000000008002CFEE] -> 0x3333
[6793] [M]: 0x000000008002CFEC (0x33333537) lui a0, 209715
x10 <- 0x0000000033333000
mem[X,0x000000008002CFF0] -> 0x0513
mem[X,0x000000008002CFF2] -> 0x3335
[6794] [M]: 0x000000008002CFF0 (0x33350513) addi a0, a0, 819
x10 <- 0x0000000033333333
mem[X,0x000000008002CFF4] -> 0x1513
mem[X,0x000000008002CFF6] -> 0x00B5
[6795] [M]: 0x000000008002CFF4 (0x00B51513) slli a0, a0, 11
x10 <- 0x0000019999999800
mem[X,0x000000008002CFF8] -> 0x0513
mem[X,0x000000008002CFFA] -> 0x1995
[6796] [M]: 0x000000008002CFF8 (0x19950513) addi a0, a0, 409
x10 <- 0x0000019999999999
mem[X,0x000000008002CFFC] -> 0x1513
mem[X,0x000000008002CFFE] -> 0x00B5
[6797] [M]: 0x000000008002CFFC (0x00B51513) slli a0, a0, 11
x10 <- 0x000CCCCCCCCCC800
mem[X,0x000000008002D000] -> 0x0513
mem[X,0x000000008002D002] -> 0x4CC5
[6798] [M]: 0x000000008002D000 (0x4CC50513) addi a0, a0, 1228
x10 <- 0x000CCCCCCCCCCCCC
mem[X,0x000000008002D004] -> 0x1513
mem[X,0x000000008002D006] -> 0x00A5
[6799] [M]: 0x000000008002D004 (0x00A51513) slli a0, a0, 10
x10 <- 0x3333333333333000
clint::tick mtime <- 0x0000000000000044
 clint timer pending at mtime 0x0000000000000044
htif::tick 0x0000000000000000
mem[X,0x000000008002D008] -> 0x0513
mem[X,0x000000008002D00A] -> 0x3325
[6800] [M]: 0x000000008002D008 (0x33250513) addi a0, a0, 818
x10 <- 0x3333333333333332
mem[X,0x000000008002D00C] -> 0x35B7
mem[X,0x000000008002D00E] -> 0x3333
[6801] [M]: 0x000000008002D00C (0x333335B7) lui a1, 209715
x11 <- 0x0000000033333000
mem[X,0x000000008002D010] -> 0x8593
mem[X,0x000000008002D012] -> 0x3335
[6802] [M]: 0x000000008002D010 (0x33358593) addi a1, a1, 819
x11 <- 0x0000000033333333
mem[X,0x000000008002D014] -> 0x9593
mem[X,0x000000008002D016] -> 0x00B5
[6803] [M]: 0x000000008002D014 (0x00B59593) slli a1, a1, 11
x11 <- 0x0000019999999800
mem[X,0x000000008002D018] -> 0x8593
mem[X,0x000000008002D01A] -> 0x1995
[6804] [M]: 0x000000008002D018 (0x19958593) addi a1, a1, 409
x11 <- 0x0000019999999999
mem[X,0x000000008002D01C] -> 0x9593
mem[X,0x000000008002D01E] -> 0x00B5
[6805] [M]: 0x000000008002D01C (0x00B59593) slli a1, a1, 11
x11 <- 0x000CCCCCCCCCC800
mem[X,0x000000008002D020] -> 0x8593
mem[X,0x000000008002D022] -> 0x4CC5
[6806] [M]: 0x000000008002D020 (0x4CC58593) addi a1, a1, 1228
x11 <- 0x000CCCCCCCCCCCCC
mem[X,0x000000008002D024] -> 0x9593
mem[X,0x000000008002D026] -> 0x00A5
[6807] [M]: 0x000000008002D024 (0x00A59593) slli a1, a1, 10
x11 <- 0x3333333333333000
mem[X,0x000000008002D028] -> 0x8593
mem[X,0x000000008002D02A] -> 0x3335
[6808] [M]: 0x000000008002D028 (0x33358593) addi a1, a1, 819
x11 <- 0x3333333333333333
mem[X,0x000000008002D02C] -> 0x0113
mem[X,0x000000008002D02E] -> 0x0000
[6809] [M]: 0x000000008002D02C (0x00000113) addi sp, zero, 0
x2 <- 0x0000000000000000
mem[X,0x000000008002D030] -> 0x006F
mem[X,0x000000008002D032] -> 0x00C0
[6810] [M]: 0x000000008002D030 (0x00C0006F) jal zero, 12
mem[X,0x000000008002D03C] -> 0x5CE3
mem[X,0x000000008002D03E] -> 0xFEB5
[6811] [M]: 0x000000008002D03C (0xFEB55CE3) bge a0, a1, 8184
mem[X,0x000000008002D040] -> 0x0113
mem[X,0x000000008002D042] -> 0x0021
[6812] [M]: 0x000000008002D040 (0x00210113) addi sp, sp, 2
x2 <- 0x0000000000000002
mem[X,0x000000008002D044] -> 0x006F
mem[X,0x000000008002D046] -> 0x00C0
[6813] [M]: 0x000000008002D044 (0x00C0006F) jal zero, 12
mem[X,0x000000008002D050] -> 0xBC23
mem[X,0x000000008002D052] -> 0x5020
[6814] [M]: 0x000000008002D050 (0x5020BC23) sd sp, 1304(ra)
mem[0x0000000080049EE8] <- 0x0000000000000002
mem[X,0x000000008002D054] -> 0x3537
mem[X,0x000000008002D056] -> 0x3333
[6815] [M]: 0x000000008002D054 (0x33333537) lui a0, 209715
x10 <- 0x0000000033333000
mem[X,0x000000008002D058] -> 0x0513
mem[X,0x000000008002D05A] -> 0x3335
[6816] [M]: 0x000000008002D058 (0x33350513) addi a0, a0, 819
x10 <- 0x0000000033333333
mem[X,0x000000008002D05C] -> 0x1513
mem[X,0x000000008002D05E] -> 0x00B5
[6817] [M]: 0x000000008002D05C (0x00B51513) slli a0, a0, 11
x10 <- 0x0000019999999800
mem[X,0x000000008002D060] -> 0x0513
mem[X,0x000000008002D062] -> 0x1995
[6818] [M]: 0x000000008002D060 (0x19950513) addi a0, a0, 409
x10 <- 0x0000019999999999
mem[X,0x000000008002D064] -> 0x1513
mem[X,0x000000008002D066] -> 0x00B5
[6819] [M]: 0x000000008002D064 (0x00B51513) slli a0, a0, 11
x10 <- 0x000CCCCCCCCCC800
mem[X,0x000000008002D068] -> 0x0513
mem[X,0x000000008002D06A] -> 0x4CC5
[6820] [M]: 0x000000008002D068 (0x4CC50513) addi a0, a0, 1228
x10 <- 0x000CCCCCCCCCCCCC
mem[X,0x000000008002D06C] -> 0x1513
mem[X,0x000000008002D06E] -> 0x00A5
[6821] [M]: 0x000000008002D06C (0x00A51513) slli a0, a0, 10
x10 <- 0x3333333333333000
mem[X,0x000000008002D070] -> 0x0513
mem[X,0x000000008002D072] -> 0x3325
[6822] [M]: 0x000000008002D070 (0x33250513) addi a0, a0, 818
x10 <- 0x3333333333333332
mem[X,0x000000008002D074] -> 0x65B7
mem[X,0x000000008002D076] -> 0x6666
[6823] [M]: 0x000000008002D074 (0x666665B7) lui a1, 419430
x11 <- 0x0000000066666000
mem[X,0x000000008002D078] -> 0x8593
mem[X,0x000000008002D07A] -> 0x6665
[6824] [M]: 0x000000008002D078 (0x66658593) addi a1, a1, 1638
x11 <- 0x0000000066666666
mem[X,0x000000008002D07C] -> 0x9593
mem[X,0x000000008002D07E] -> 0x00B5
[6825] [M]: 0x000000008002D07C (0x00B59593) slli a1, a1, 11
x11 <- 0x0000033333333000
mem[X,0x000000008002D080] -> 0x8593
mem[X,0x000000008002D082] -> 0x3335
[6826] [M]: 0x000000008002D080 (0x33358593) addi a1, a1, 819
x11 <- 0x0000033333333333
mem[X,0x000000008002D084] -> 0x9593
mem[X,0x000000008002D086] -> 0x00B5
[6827] [M]: 0x000000008002D084 (0x00B59593) slli a1, a1, 11
x11 <- 0x0019999999999800
mem[X,0x000000008002D088] -> 0x8593
mem[X,0x000000008002D08A] -> 0x1995
[6828] [M]: 0x000000008002D088 (0x19958593) addi a1, a1, 409
x11 <- 0x0019999999999999
mem[X,0x000000008002D08C] -> 0x9593
mem[X,0x000000008002D08E] -> 0x00A5
[6829] [M]: 0x000000008002D08C (0x00A59593) slli a1, a1, 10
x11 <- 0x6666666666666400
mem[X,0x000000008002D090] -> 0x8593
mem[X,0x000000008002D092] -> 0x2665
[6830] [M]: 0x000000008002D090 (0x26658593) addi a1, a1, 614
x11 <- 0x6666666666666666
mem[X,0x000000008002D094] -> 0x0113
mem[X,0x000000008002D096] -> 0x0000
[6831] [M]: 0x000000008002D094 (0x00000113) addi sp, zero, 0
x2 <- 0x0000000000000000
mem[X,0x000000008002D098] -> 0x006F
mem[X,0x000000008002D09A] -> 0x00C0
[6832] [M]: 0x000000008002D098 (0x00C0006F) jal zero, 12
mem[X,0x000000008002D0A4] -> 0x5063
mem[X,0x000000008002D0A6] -> 0x20B5
[6833] [M]: 0x000000008002D0A4 (0x20B55063) bge a0, a1, 512
mem[X,0x000000008002D0A8] -> 0x0113
mem[X,0x000000008002D0AA] -> 0x0021
[6834] [M]: 0x000000008002D0A8 (0x00210113) addi sp, sp, 2
x2 <- 0x0000000000000002
mem[X,0x000000008002D0AC] -> 0x006F
mem[X,0x000000008002D0AE] -> 0x2000
[6835] [M]: 0x000000008002D0AC (0x2000006F) jal zero, 512
mem[X,0x000000008002D2AC] -> 0xB023
mem[X,0x000000008002D2AE] -> 0x5220
[6836] [M]: 0x000000008002D2AC (0x5220B023) sd sp, 1312(ra)
mem[0x0000000080049EF0] <- 0x0000000000000002
mem[X,0x000000008002D2B0] -> 0x3537
mem[X,0x000000008002D2B2] -> 0x3333
[6837] [M]: 0x000000008002D2B0 (0x33333537) lui a0, 209715
x10 <- 0x0000000033333000
mem[X,0x000000008002D2B4] -> 0x0513
mem[X,0x000000008002D2B6] -> 0x3335
[6838] [M]: 0x000000008002D2B4 (0x33350513) addi a0, a0, 819
x10 <- 0x0000000033333333
mem[X,0x000000008002D2B8] -> 0x1513
mem[X,0x000000008002D2BA] -> 0x00B5
[6839] [M]: 0x000000008002D2B8 (0x00B51513) slli a0, a0, 11
x10 <- 0x0000019999999800
mem[X,0x000000008002D2BC] -> 0x0513
mem[X,0x000000008002D2BE] -> 0x1995
[6840] [M]: 0x000000008002D2BC (0x19950513) addi a0, a0, 409
x10 <- 0x0000019999999999
mem[X,0x000000008002D2C0] -> 0x1513
mem[X,0x000000008002D2C2] -> 0x00B5
[6841] [M]: 0x000000008002D2C0 (0x00B51513) slli a0, a0, 11
x10 <- 0x000CCCCCCCCCC800
mem[X,0x000000008002D2C4] -> 0x0513
mem[X,0x000000008002D2C6] -> 0x4CC5
[6842] [M]: 0x000000008002D2C4 (0x4CC50513) addi a0, a0, 1228
x10 <- 0x000CCCCCCCCCCCCC
mem[X,0x000000008002D2C8] -> 0x1513
mem[X,0x000000008002D2CA] -> 0x00A5
[6843] [M]: 0x000000008002D2C8 (0x00A51513) slli a0, a0, 10
x10 <- 0x3333333333333000
mem[X,0x000000008002D2CC] -> 0x0513
mem[X,0x000000008002D2CE] -> 0x3325
[6844] [M]: 0x000000008002D2CC (0x33250513) addi a0, a0, 818
x10 <- 0x3333333333333332
mem[X,0x000000008002D2D0] -> 0x05B7
mem[X,0x000000008002D2D2] -> 0x0000
[6845] [M]: 0x000000008002D2D0 (0x000005B7) lui a1, 0
x11 <- 0x0000000000000000
mem[X,0x000000008002D2D4] -> 0x8593
mem[X,0x000000008002D2D6] -> 0xFFF5
[6846] [M]: 0x000000008002D2D4 (0xFFF58593) addi a1, a1, 4095
x11 <- 0xFFFFFFFFFFFFFFFF
mem[X,0x000000008002D2D8] -> 0x9593
mem[X,0x000000008002D2DA] -> 0x00B5
[6847] [M]: 0x000000008002D2D8 (0x00B59593) slli a1, a1, 11
x11 <- 0xFFFFFFFFFFFFF800
mem[X,0x000000008002D2DC] -> 0x8593
mem[X,0x000000008002D2DE] -> 0x2575
[6848] [M]: 0x000000008002D2DC (0x25758593) addi a1, a1, 599
x11 <- 0xFFFFFFFFFFFFFA57
mem[X,0x000000008002D2E0] -> 0x9593
mem[X,0x000000008002D2E2] -> 0x00B5
[6849] [M]: 0x000000008002D2E0 (0x00B59593) slli a1, a1, 11
x11 <- 0xFFFFFFFFFFD2B800
mem[X,0x000000008002D2E4] -> 0x8593
mem[X,0x000000008002D2E6] -> 0x6C35
[6850] [M]: 0x000000008002D2E4 (0x6C358593) addi a1, a1, 1731
x11 <- 0xFFFFFFFFFFD2BEC3
mem[X,0x000000008002D2E8] -> 0x9593
mem[X,0x000000008002D2EA] -> 0x00A5
[6851] [M]: 0x000000008002D2E8 (0x00A59593) slli a1, a1, 10
x11 <- 0xFFFFFFFF4AFB0C00
mem[X,0x000000008002D2EC] -> 0x8593
mem[X,0x000000008002D2EE] -> 0x0CD5
[6852] [M]: 0x000000008002D2EC (0x0CD58593) addi a1, a1, 205
x11 <- 0xFFFFFFFF4AFB0CCD
mem[X,0x000000008002D2F0] -> 0x0113
mem[X,0x000000008002D2F2] -> 0x0000
[6853] [M]: 0x000000008002D2F0 (0x00000113) addi sp, zero, 0
x2 <- 0x0000000000000000
mem[X,0x000000008002D2F4] -> 0x006F
mem[X,0x000000008002D2F6] -> 0x00C0
[6854] [M]: 0x000000008002D2F4 (0x00C0006F) jal zero, 12
mem[X,0x000000008002D300] -> 0x5063
mem[X,0x000000008002D302] -> 0x08B5
[6855] [M]: 0x000000008002D300 (0x08B55063) bge a0, a1, 128
mem[X,0x000000008002D380] -> 0x0113
mem[X,0x000000008002D382] -> 0x0031
[6856] [M]: 0x000000008002D380 (0x00310113) addi sp, sp, 3
x2 <- 0x0000000000000003
mem[X,0x000000008002D384] -> 0x006F
mem[X,0x000000008002D386] -> 0x0040
[6857] [M]: 0x000000008002D384 (0x0040006F) jal zero, 4
mem[X,0x000000008002D388] -> 0xB423
mem[X,0x000000008002D38A] -> 0x5220
[6858] [M]: 0x000000008002D388 (0x5220B423) sd sp, 1320(ra)
mem[0x0000000080049EF8] <- 0x0000000000000003
mem[X,0x000000008002D38C] -> 0x3537
mem[X,0x000000008002D38E] -> 0x3333
[6859] [M]: 0x000000008002D38C (0x33333537) lui a0, 209715
x10 <- 0x0000000033333000
mem[X,0x000000008002D390] -> 0x0513
mem[X,0x000000008002D392] -> 0x3335
[6860] [M]: 0x000000008002D390 (0x33350513) addi a0, a0, 819
x10 <- 0x0000000033333333
mem[X,0x000000008002D394] -> 0x1513
mem[X,0x000000008002D396] -> 0x00B5
[6861] [M]: 0x000000008002D394 (0x00B51513) slli a0, a0, 11
x10 <- 0x0000019999999800
mem[X,0x000000008002D398] -> 0x0513
mem[X,0x000000008002D39A] -> 0x1995
[6862] [M]: 0x000000008002D398 (0x19950513) addi a0, a0, 409
x10 <- 0x0000019999999999
mem[X,0x000000008002D39C] -> 0x1513
mem[X,0x000000008002D39E] -> 0x00B5
[6863] [M]: 0x000000008002D39C (0x00B51513) slli a0, a0, 11
x10 <- 0x000CCCCCCCCCC800
mem[X,0x000000008002D3A0] -> 0x0513
mem[X,0x000000008002D3A2] -> 0x4CC5
[6864] [M]: 0x000000008002D3A0 (0x4CC50513) addi a0, a0, 1228
x10 <- 0x000CCCCCCCCCCCCC
mem[X,0x000000008002D3A4] -> 0x1513
mem[X,0x000000008002D3A6] -> 0x00A5
[6865] [M]: 0x000000008002D3A4 (0x00A51513) slli a0, a0, 10
x10 <- 0x3333333333333000
mem[X,0x000000008002D3A8] -> 0x0513
mem[X,0x000000008002D3AA] -> 0x3325
[6866] [M]: 0x000000008002D3A8 (0x33250513) addi a0, a0, 818
x10 <- 0x3333333333333332
mem[X,0x000000008002D3AC] -> 0x05B7
mem[X,0x000000008002D3AE] -> 0x0000
[6867] [M]: 0x000000008002D3AC (0x000005B7) lui a1, 0
x11 <- 0x0000000000000000
mem[X,0x000000008002D3B0] -> 0x8593
mem[X,0x000000008002D3B2] -> 0x0005
[6868] [M]: 0x000000008002D3B0 (0x00058593) addi a1, a1, 0
x11 <- 0x0000000000000000
mem[X,0x000000008002D3B4] -> 0x9593
mem[X,0x000000008002D3B6] -> 0x00B5
[6869] [M]: 0x000000008002D3B4 (0x00B59593) slli a1, a1, 11
x11 <- 0x0000000000000000
mem[X,0x000000008002D3B8] -> 0x8593
mem[X,0x000000008002D3BA] -> 0x5A85
[6870] [M]: 0x000000008002D3B8 (0x5A858593) addi a1, a1, 1448
x11 <- 0x00000000000005A8
mem[X,0x000000008002D3BC] -> 0x9593
mem[X,0x000000008002D3BE] -> 0x00B5
[6871] [M]: 0x000000008002D3BC (0x00B59593) slli a1, a1, 11
x11 <- 0x00000000002D4000
mem[X,0x000000008002D3C0] -> 0x8593
mem[X,0x000000008002D3C2] -> 0x13C5
[6872] [M]: 0x000000008002D3C0 (0x13C58593) addi a1, a1, 316
x11 <- 0x00000000002D413C
mem[X,0x000000008002D3C4] -> 0x9593
mem[X,0x000000008002D3C6] -> 0x00A5
[6873] [M]: 0x000000008002D3C4 (0x00A59593) slli a1, a1, 10
x11 <- 0x00000000B504F000
mem[X,0x000000008002D3C8] -> 0x8593
mem[X,0x000000008002D3CA] -> 0x3335
[6874] [M]: 0x000000008002D3C8 (0x33358593) addi a1, a1, 819
x11 <- 0x00000000B504F333
mem[X,0x000000008002D3CC] -> 0x0113
mem[X,0x000000008002D3CE] -> 0x0000
[6875] [M]: 0x000000008002D3CC (0x00000113) addi sp, zero, 0
x2 <- 0x0000000000000000
mem[X,0x000000008002D3D0] -> 0x006F
mem[X,0x000000008002D3D2] -> 0x00C0
[6876] [M]: 0x000000008002D3D0 (0x00C0006F) jal zero, 12
mem[X,0x000000008002D3DC] -> 0x5663
mem[X,0x000000008002D3DE] -> 0x00B5
[6877] [M]: 0x000000008002D3DC (0x00B55663) bge a0, a1, 12
mem[X,0x000000008002D3E8] -> 0x0113
mem[X,0x000000008002D3EA] -> 0x0031
[6878] [M]: 0x000000008002D3E8 (0x00310113) addi sp, sp, 3
x2 <- 0x0000000000000003
mem[X,0x000000008002D3EC] -> 0x006F
mem[X,0x000000008002D3EE] -> 0x0040
[6879] [M]: 0x000000008002D3EC (0x0040006F) jal zero, 4
mem[X,0x000000008002D3F0] -> 0xB823
mem[X,0x000000008002D3F2] -> 0x5220
[6880] [M]: 0x000000008002D3F0 (0x5220B823) sd sp, 1328(ra)
mem[0x0000000080049F00] <- 0x0000000000000003
mem[X,0x000000008002D3F4] -> 0x3537
mem[X,0x000000008002D3F6] -> 0x3333
[6881] [M]: 0x000000008002D3F4 (0x33333537) lui a0, 209715
x10 <- 0x0000000033333000
mem[X,0x000000008002D3F8] -> 0x0513
mem[X,0x000000008002D3FA] -> 0x3335
[6882] [M]: 0x000000008002D3F8 (0x33350513) addi a0, a0, 819
x10 <- 0x0000000033333333
mem[X,0x000000008002D3FC] -> 0x1513
mem[X,0x000000008002D3FE] -> 0x00B5
[6883] [M]: 0x000000008002D3FC (0x00B51513) slli a0, a0, 11
x10 <- 0x0000019999999800
mem[X,0x000000008002D400] -> 0x0513
mem[X,0x000000008002D402] -> 0x1995
[6884] [M]: 0x000000008002D400 (0x19950513) addi a0, a0, 409
x10 <- 0x0000019999999999
mem[X,0x000000008002D404] -> 0x1513
mem[X,0x000000008002D406] -> 0x00B5
[6885] [M]: 0x000000008002D404 (0x00B51513) slli a0, a0, 11
x10 <- 0x000CCCCCCCCCC800
mem[X,0x000000008002D408] -> 0x0513
mem[X,0x000000008002D40A] -> 0x4CC5
[6886] [M]: 0x000000008002D408 (0x4CC50513) addi a0, a0, 1228
x10 <- 0x000CCCCCCCCCCCCC
mem[X,0x000000008002D40C] -> 0x1513
mem[X,0x000000008002D40E] -> 0x00A5
[6887] [M]: 0x000000008002D40C (0x00A51513) slli a0, a0, 10
x10 <- 0x3333333333333000
mem[X,0x000000008002D410] -> 0x0513
mem[X,0x000000008002D412] -> 0x3325
[6888] [M]: 0x000000008002D410 (0x33250513) addi a0, a0, 818
x10 <- 0x3333333333333332
mem[X,0x000000008002D414] -> 0x0593
mem[X,0x000000008002D416] -> 0x0020
[6889] [M]: 0x000000008002D414 (0x00200593) addi a1, zero, 2
x11 <- 0x0000000000000002
mem[X,0x000000008002D418] -> 0x0113
mem[X,0x000000008002D41A] -> 0x0000
[6890] [M]: 0x000000008002D418 (0x00000113) addi sp, zero, 0
x2 <- 0x0000000000000000
mem[X,0x000000008002D41C] -> 0x006F
mem[X,0x000000008002D41E] -> 0x00C0
[6891] [M]: 0x000000008002D41C (0x00C0006F) jal zero, 12
mem[X,0x000000008002D428] -> 0x5CE3
mem[X,0x000000008002D42A] -> 0xFEB5
[6892] [M]: 0x000000008002D428 (0xFEB55CE3) bge a0, a1, 8184
mem[X,0x000000008002D420] -> 0x0113
mem[X,0x000000008002D422] -> 0x0011
[6893] [M]: 0x000000008002D420 (0x00110113) addi sp, sp, 1
x2 <- 0x0000000000000001
mem[X,0x000000008002D424] -> 0x006F
mem[X,0x000000008002D426] -> 0x0180
[6894] [M]: 0x000000008002D424 (0x0180006F) jal zero, 24
mem[X,0x000000008002D43C] -> 0xBC23
mem[X,0x000000008002D43E] -> 0x5220
[6895] [M]: 0x000000008002D43C (0x5220BC23) sd sp, 1336(ra)
mem[0x0000000080049F08] <- 0x0000000000000001
mem[X,0x000000008002D440] -> 0x3537
mem[X,0x000000008002D442] -> 0x3333
[6896] [M]: 0x000000008002D440 (0x33333537) lui a0, 209715
x10 <- 0x0000000033333000
mem[X,0x000000008002D444] -> 0x0513
mem[X,0x000000008002D446] -> 0x3335
[6897] [M]: 0x000000008002D444 (0x33350513) addi a0, a0, 819
x10 <- 0x0000000033333333
mem[X,0x000000008002D448] -> 0x1513
mem[X,0x000000008002D44A] -> 0x00B5
[6898] [M]: 0x000000008002D448 (0x00B51513) slli a0, a0, 11
x10 <- 0x0000019999999800
mem[X,0x000000008002D44C] -> 0x0513
mem[X,0x000000008002D44E] -> 0x1995
[6899] [M]: 0x000000008002D44C (0x19950513) addi a0, a0, 409
x10 <- 0x0000019999999999
clint::tick mtime <- 0x0000000000000045
 clint timer pending at mtime 0x0000000000000045
htif::tick 0x0000000000000000
mem[X,0x000000008002D450] -> 0x1513
mem[X,0x000000008002D452] -> 0x00B5
[6900] [M]: 0x000000008002D450 (0x00B51513) slli a0, a0, 11
x10 <- 0x000CCCCCCCCCC800
mem[X,0x000000008002D454] -> 0x0513
mem[X,0x000000008002D456] -> 0x4CC5
[6901] [M]: 0x000000008002D454 (0x4CC50513) addi a0, a0, 1228
x10 <- 0x000CCCCCCCCCCCCC
mem[X,0x000000008002D458] -> 0x1513
mem[X,0x000000008002D45A] -> 0x00A5
[6902] [M]: 0x000000008002D458 (0x00A51513) slli a0, a0, 10
x10 <- 0x3333333333333000
mem[X,0x000000008002D45C] -> 0x0513
mem[X,0x000000008002D45E] -> 0x3325
[6903] [M]: 0x000000008002D45C (0x33250513) addi a0, a0, 818
x10 <- 0x3333333333333332
mem[X,0x000000008002D460] -> 0x55B7
mem[X,0x000000008002D462] -> 0x5555
[6904] [M]: 0x000000008002D460 (0x555555B7) lui a1, 349525
x11 <- 0x0000000055555000
mem[X,0x000000008002D464] -> 0x8593
mem[X,0x000000008002D466] -> 0x5555
[6905] [M]: 0x000000008002D464 (0x55558593) addi a1, a1, 1365
x11 <- 0x0000000055555555
mem[X,0x000000008002D468] -> 0x9593
mem[X,0x000000008002D46A] -> 0x00B5
[6906] [M]: 0x000000008002D468 (0x00B59593) slli a1, a1, 11
x11 <- 0x000002AAAAAAA800
mem[X,0x000000008002D46C] -> 0x8593
mem[X,0x000000008002D46E] -> 0x2AA5
[6907] [M]: 0x000000008002D46C (0x2AA58593) addi a1, a1, 682
x11 <- 0x000002AAAAAAAAAA
mem[X,0x000000008002D470] -> 0x9593
mem[X,0x000000008002D472] -> 0x00B5
[6908] [M]: 0x000000008002D470 (0x00B59593) slli a1, a1, 11
x11 <- 0x0015555555555000
mem[X,0x000000008002D474] -> 0x8593
mem[X,0x000000008002D476] -> 0x5555
[6909] [M]: 0x000000008002D474 (0x55558593) addi a1, a1, 1365
x11 <- 0x0015555555555555
mem[X,0x000000008002D478] -> 0x9593
mem[X,0x000000008002D47A] -> 0x00A5
[6910] [M]: 0x000000008002D478 (0x00A59593) slli a1, a1, 10
x11 <- 0x5555555555555400
mem[X,0x000000008002D47C] -> 0x8593
mem[X,0x000000008002D47E] -> 0x1545
[6911] [M]: 0x000000008002D47C (0x15458593) addi a1, a1, 340
x11 <- 0x5555555555555554
mem[X,0x000000008002D480] -> 0x0113
mem[X,0x000000008002D482] -> 0x0000
[6912] [M]: 0x000000008002D480 (0x00000113) addi sp, zero, 0
x2 <- 0x0000000000000000
mem[X,0x000000008002D484] -> 0x006F
mem[X,0x000000008002D486] -> 0x00C0
[6913] [M]: 0x000000008002D484 (0x00C0006F) jal zero, 12
mem[X,0x000000008002D490] -> 0x5663
mem[X,0x000000008002D492] -> 0x00B5
[6914] [M]: 0x000000008002D490 (0x00B55663) bge a0, a1, 12
mem[X,0x000000008002D494] -> 0x0113
mem[X,0x000000008002D496] -> 0x0021
[6915] [M]: 0x000000008002D494 (0x00210113) addi sp, sp, 2
x2 <- 0x0000000000000002
mem[X,0x000000008002D498] -> 0x006F
mem[X,0x000000008002D49A] -> 0x00C0
[6916] [M]: 0x000000008002D498 (0x00C0006F) jal zero, 12
mem[X,0x000000008002D4A4] -> 0xB023
mem[X,0x000000008002D4A6] -> 0x5420
[6917] [M]: 0x000000008002D4A4 (0x5420B023) sd sp, 1344(ra)
mem[0x0000000080049F10] <- 0x0000000000000002
mem[X,0x000000008002D4A8] -> 0x3537
mem[X,0x000000008002D4AA] -> 0x3333
[6918] [M]: 0x000000008002D4A8 (0x33333537) lui a0, 209715
x10 <- 0x0000000033333000
mem[X,0x000000008002D4AC] -> 0x0513
mem[X,0x000000008002D4AE] -> 0x3335
[6919] [M]: 0x000000008002D4AC (0x33350513) addi a0, a0, 819
x10 <- 0x0000000033333333
mem[X,0x000000008002D4B0] -> 0x1513
mem[X,0x000000008002D4B2] -> 0x00B5
[6920] [M]: 0x000000008002D4B0 (0x00B51513) slli a0, a0, 11
x10 <- 0x0000019999999800
mem[X,0x000000008002D4B4] -> 0x0513
mem[X,0x000000008002D4B6] -> 0x1995
[6921] [M]: 0x000000008002D4B4 (0x19950513) addi a0, a0, 409
x10 <- 0x0000019999999999
mem[X,0x000000008002D4B8] -> 0x1513
mem[X,0x000000008002D4BA] -> 0x00B5
[6922] [M]: 0x000000008002D4B8 (0x00B51513) slli a0, a0, 11
x10 <- 0x000CCCCCCCCCC800
mem[X,0x000000008002D4BC] -> 0x0513
mem[X,0x000000008002D4BE] -> 0x4CC5
[6923] [M]: 0x000000008002D4BC (0x4CC50513) addi a0, a0, 1228
x10 <- 0x000CCCCCCCCCCCCC
mem[X,0x000000008002D4C0] -> 0x1513
mem[X,0x000000008002D4C2] -> 0x00A5
[6924] [M]: 0x000000008002D4C0 (0x00A51513) slli a0, a0, 10
x10 <- 0x3333333333333000
mem[X,0x000000008002D4C4] -> 0x0513
mem[X,0x000000008002D4C6] -> 0x3325
[6925] [M]: 0x000000008002D4C4 (0x33250513) addi a0, a0, 818
x10 <- 0x3333333333333332
mem[X,0x000000008002D4C8] -> 0x0593
mem[X,0x000000008002D4CA] -> 0x0000
[6926] [M]: 0x000000008002D4C8 (0x00000593) addi a1, zero, 0
x11 <- 0x0000000000000000
mem[X,0x000000008002D4CC] -> 0x0113
mem[X,0x000000008002D4CE] -> 0x0000
[6927] [M]: 0x000000008002D4CC (0x00000113) addi sp, zero, 0
x2 <- 0x0000000000000000
mem[X,0x000000008002D4D0] -> 0x006F
mem[X,0x000000008002D4D2] -> 0x00C0
[6928] [M]: 0x000000008002D4D0 (0x00C0006F) jal zero, 12
mem[X,0x000000008002D4DC] -> 0x5063
mem[X,0x000000008002D4DE] -> 0x08B5
[6929] [M]: 0x000000008002D4DC (0x08B55063) bge a0, a1, 128
mem[X,0x000000008002D55C] -> 0x0113
mem[X,0x000000008002D55E] -> 0x0031
[6930] [M]: 0x000000008002D55C (0x00310113) addi sp, sp, 3
x2 <- 0x0000000000000003
mem[X,0x000000008002D560] -> 0x006F
mem[X,0x000000008002D562] -> 0x0040
[6931] [M]: 0x000000008002D560 (0x0040006F) jal zero, 4
mem[X,0x000000008002D564] -> 0xB423
mem[X,0x000000008002D566] -> 0x5420
[6932] [M]: 0x000000008002D564 (0x5420B423) sd sp, 1352(ra)
mem[0x0000000080049F18] <- 0x0000000000000003
mem[X,0x000000008002D568] -> 0x3537
mem[X,0x000000008002D56A] -> 0x3333
[6933] [M]: 0x000000008002D568 (0x33333537) lui a0, 209715
x10 <- 0x0000000033333000
mem[X,0x000000008002D56C] -> 0x0513
mem[X,0x000000008002D56E] -> 0x3335
[6934] [M]: 0x000000008002D56C (0x33350513) addi a0, a0, 819
x10 <- 0x0000000033333333
mem[X,0x000000008002D570] -> 0x1513
mem[X,0x000000008002D572] -> 0x00B5
[6935] [M]: 0x000000008002D570 (0x00B51513) slli a0, a0, 11
x10 <- 0x0000019999999800
mem[X,0x000000008002D574] -> 0x0513
mem[X,0x000000008002D576] -> 0x1995
[6936] [M]: 0x000000008002D574 (0x19950513) addi a0, a0, 409
x10 <- 0x0000019999999999
mem[X,0x000000008002D578] -> 0x1513
mem[X,0x000000008002D57A] -> 0x00B5
[6937] [M]: 0x000000008002D578 (0x00B51513) slli a0, a0, 11
x10 <- 0x000CCCCCCCCCC800
mem[X,0x000000008002D57C] -> 0x0513
mem[X,0x000000008002D57E] -> 0x4CC5
[6938] [M]: 0x000000008002D57C (0x4CC50513) addi a0, a0, 1228
x10 <- 0x000CCCCCCCCCCCCC
mem[X,0x000000008002D580] -> 0x1513
mem[X,0x000000008002D582] -> 0x00A5
[6939] [M]: 0x000000008002D580 (0x00A51513) slli a0, a0, 10
x10 <- 0x3333333333333000
mem[X,0x000000008002D584] -> 0x0513
mem[X,0x000000008002D586] -> 0x3325
[6940] [M]: 0x000000008002D584 (0x33250513) addi a0, a0, 818
x10 <- 0x3333333333333332
mem[X,0x000000008002D588] -> 0x0593
mem[X,0x000000008002D58A] -> 0x0040
[6941] [M]: 0x000000008002D588 (0x00400593) addi a1, zero, 4
x11 <- 0x0000000000000004
mem[X,0x000000008002D58C] -> 0x0113
mem[X,0x000000008002D58E] -> 0x0000
[6942] [M]: 0x000000008002D58C (0x00000113) addi sp, zero, 0
x2 <- 0x0000000000000000
mem[X,0x000000008002D590] -> 0x006F
mem[X,0x000000008002D592] -> 0x2B10
[6943] [M]: 0x000000008002D590 (0x2B10006F) jal zero, 2736
mem[X,0x000000008002E040] -> 0x5A63
mem[X,0x000000008002E042] -> 0xD4B5
[6944] [M]: 0x000000008002E040 (0xD4B55A63) bge a0, a1, 5460
mem[X,0x000000008002D594] -> 0x0113
mem[X,0x000000008002D596] -> 0x0011
[6945] [M]: 0x000000008002D594 (0x00110113) addi sp, sp, 1
x2 <- 0x0000000000000001
mem[X,0x000000008002D598] -> 0x006F
mem[X,0x000000008002D59A] -> 0x2BD0
[6946] [M]: 0x000000008002D598 (0x2BD0006F) jal zero, 2748
mem[X,0x000000008002E054] -> 0xB823
mem[X,0x000000008002E056] -> 0x5420
[6947] [M]: 0x000000008002E054 (0x5420B823) sd sp, 1360(ra)
mem[0x0000000080049F20] <- 0x0000000000000001
mem[X,0x000000008002E058] -> 0x3537
mem[X,0x000000008002E05A] -> 0x3333
[6948] [M]: 0x000000008002E058 (0x33333537) lui a0, 209715
x10 <- 0x0000000033333000
mem[X,0x000000008002E05C] -> 0x0513
mem[X,0x000000008002E05E] -> 0x3335
[6949] [M]: 0x000000008002E05C (0x33350513) addi a0, a0, 819
x10 <- 0x0000000033333333
mem[X,0x000000008002E060] -> 0x1513
mem[X,0x000000008002E062] -> 0x00B5
[6950] [M]: 0x000000008002E060 (0x00B51513) slli a0, a0, 11
x10 <- 0x0000019999999800
mem[X,0x000000008002E064] -> 0x0513
mem[X,0x000000008002E066] -> 0x1995
[6951] [M]: 0x000000008002E064 (0x19950513) addi a0, a0, 409
x10 <- 0x0000019999999999
mem[X,0x000000008002E068] -> 0x1513
mem[X,0x000000008002E06A] -> 0x00B5
[6952] [M]: 0x000000008002E068 (0x00B51513) slli a0, a0, 11
x10 <- 0x000CCCCCCCCCC800
mem[X,0x000000008002E06C] -> 0x0513
mem[X,0x000000008002E06E] -> 0x4CC5
[6953] [M]: 0x000000008002E06C (0x4CC50513) addi a0, a0, 1228
x10 <- 0x000CCCCCCCCCCCCC
mem[X,0x000000008002E070] -> 0x1513
mem[X,0x000000008002E072] -> 0x00A5
[6954] [M]: 0x000000008002E070 (0x00A51513) slli a0, a0, 10
x10 <- 0x3333333333333000
mem[X,0x000000008002E074] -> 0x0513
mem[X,0x000000008002E076] -> 0x3325
[6955] [M]: 0x000000008002E074 (0x33250513) addi a0, a0, 818
x10 <- 0x3333333333333332
mem[X,0x000000008002E078] -> 0x35B7
mem[X,0x000000008002E07A] -> 0x3333
[6956] [M]: 0x000000008002E078 (0x333335B7) lui a1, 209715
x11 <- 0x0000000033333000
mem[X,0x000000008002E07C] -> 0x8593
mem[X,0x000000008002E07E] -> 0x3335
[6957] [M]: 0x000000008002E07C (0x33358593) addi a1, a1, 819
x11 <- 0x0000000033333333
mem[X,0x000000008002E080] -> 0x9593
mem[X,0x000000008002E082] -> 0x00B5
[6958] [M]: 0x000000008002E080 (0x00B59593) slli a1, a1, 11
x11 <- 0x0000019999999800
mem[X,0x000000008002E084] -> 0x8593
mem[X,0x000000008002E086] -> 0x1995
[6959] [M]: 0x000000008002E084 (0x19958593) addi a1, a1, 409
x11 <- 0x0000019999999999
mem[X,0x000000008002E088] -> 0x9593
mem[X,0x000000008002E08A] -> 0x00B5
[6960] [M]: 0x000000008002E088 (0x00B59593) slli a1, a1, 11
x11 <- 0x000CCCCCCCCCC800
mem[X,0x000000008002E08C] -> 0x8593
mem[X,0x000000008002E08E] -> 0x4CC5
[6961] [M]: 0x000000008002E08C (0x4CC58593) addi a1, a1, 1228
x11 <- 0x000CCCCCCCCCCCCC
mem[X,0x000000008002E090] -> 0x9593
mem[X,0x000000008002E092] -> 0x00A5
[6962] [M]: 0x000000008002E090 (0x00A59593) slli a1, a1, 10
x11 <- 0x3333333333333000
mem[X,0x000000008002E094] -> 0x8593
mem[X,0x000000008002E096] -> 0x3325
[6963] [M]: 0x000000008002E094 (0x33258593) addi a1, a1, 818
x11 <- 0x3333333333333332
mem[X,0x000000008002E098] -> 0x0113
mem[X,0x000000008002E09A] -> 0x0000
[6964] [M]: 0x000000008002E098 (0x00000113) addi sp, zero, 0
x2 <- 0x0000000000000000
mem[X,0x000000008002E09C] -> 0x006F
mem[X,0x000000008002E09E] -> 0x00C0
[6965] [M]: 0x000000008002E09C (0x00C0006F) jal zero, 12
mem[X,0x000000008002E0A8] -> 0x5663
mem[X,0x000000008002E0AA] -> 0x00B5
[6966] [M]: 0x000000008002E0A8 (0x00B55663) bge a0, a1, 12
mem[X,0x000000008002E0B4] -> 0x0113
mem[X,0x000000008002E0B6] -> 0x0031
[6967] [M]: 0x000000008002E0B4 (0x00310113) addi sp, sp, 3
x2 <- 0x0000000000000003
mem[X,0x000000008002E0B8] -> 0x006F
mem[X,0x000000008002E0BA] -> 0x0040
[6968] [M]: 0x000000008002E0B8 (0x0040006F) jal zero, 4
mem[X,0x000000008002E0BC] -> 0xBC23
mem[X,0x000000008002E0BE] -> 0x5420
[6969] [M]: 0x000000008002E0BC (0x5420BC23) sd sp, 1368(ra)
mem[0x0000000080049F28] <- 0x0000000000000003
mem[X,0x000000008002E0C0] -> 0x3537
mem[X,0x000000008002E0C2] -> 0x3333
[6970] [M]: 0x000000008002E0C0 (0x33333537) lui a0, 209715
x10 <- 0x0000000033333000
mem[X,0x000000008002E0C4] -> 0x0513
mem[X,0x000000008002E0C6] -> 0x3335
[6971] [M]: 0x000000008002E0C4 (0x33350513) addi a0, a0, 819
x10 <- 0x0000000033333333
mem[X,0x000000008002E0C8] -> 0x1513
mem[X,0x000000008002E0CA] -> 0x00B5
[6972] [M]: 0x000000008002E0C8 (0x00B51513) slli a0, a0, 11
x10 <- 0x0000019999999800
mem[X,0x000000008002E0CC] -> 0x0513
mem[X,0x000000008002E0CE] -> 0x1995
[6973] [M]: 0x000000008002E0CC (0x19950513) addi a0, a0, 409
x10 <- 0x0000019999999999
mem[X,0x000000008002E0D0] -> 0x1513
mem[X,0x000000008002E0D2] -> 0x00B5
[6974] [M]: 0x000000008002E0D0 (0x00B51513) slli a0, a0, 11
x10 <- 0x000CCCCCCCCCC800
mem[X,0x000000008002E0D4] -> 0x0513
mem[X,0x000000008002E0D6] -> 0x4CC5
[6975] [M]: 0x000000008002E0D4 (0x4CC50513) addi a0, a0, 1228
x10 <- 0x000CCCCCCCCCCCCC
mem[X,0x000000008002E0D8] -> 0x1513
mem[X,0x000000008002E0DA] -> 0x00A5
[6976] [M]: 0x000000008002E0D8 (0x00A51513) slli a0, a0, 10
x10 <- 0x3333333333333000
mem[X,0x000000008002E0DC] -> 0x0513
mem[X,0x000000008002E0DE] -> 0x3325
[6977] [M]: 0x000000008002E0DC (0x33250513) addi a0, a0, 818
x10 <- 0x3333333333333332
mem[X,0x000000008002E0E0] -> 0x65B7
mem[X,0x000000008002E0E2] -> 0x6666
[6978] [M]: 0x000000008002E0E0 (0x666665B7) lui a1, 419430
x11 <- 0x0000000066666000
mem[X,0x000000008002E0E4] -> 0x8593
mem[X,0x000000008002E0E6] -> 0x6665
[6979] [M]: 0x000000008002E0E4 (0x66658593) addi a1, a1, 1638
x11 <- 0x0000000066666666
mem[X,0x000000008002E0E8] -> 0x9593
mem[X,0x000000008002E0EA] -> 0x00B5
[6980] [M]: 0x000000008002E0E8 (0x00B59593) slli a1, a1, 11
x11 <- 0x0000033333333000
mem[X,0x000000008002E0EC] -> 0x8593
mem[X,0x000000008002E0EE] -> 0x3335
[6981] [M]: 0x000000008002E0EC (0x33358593) addi a1, a1, 819
x11 <- 0x0000033333333333
mem[X,0x000000008002E0F0] -> 0x9593
mem[X,0x000000008002E0F2] -> 0x00B5
[6982] [M]: 0x000000008002E0F0 (0x00B59593) slli a1, a1, 11
x11 <- 0x0019999999999800
mem[X,0x000000008002E0F4] -> 0x8593
mem[X,0x000000008002E0F6] -> 0x1995
[6983] [M]: 0x000000008002E0F4 (0x19958593) addi a1, a1, 409
x11 <- 0x0019999999999999
mem[X,0x000000008002E0F8] -> 0x9593
mem[X,0x000000008002E0FA] -> 0x00A5
[6984] [M]: 0x000000008002E0F8 (0x00A59593) slli a1, a1, 10
x11 <- 0x6666666666666400
mem[X,0x000000008002E0FC] -> 0x8593
mem[X,0x000000008002E0FE] -> 0x2655
[6985] [M]: 0x000000008002E0FC (0x26558593) addi a1, a1, 613
x11 <- 0x6666666666666665
mem[X,0x000000008002E100] -> 0x0113
mem[X,0x000000008002E102] -> 0x0000
[6986] [M]: 0x000000008002E100 (0x00000113) addi sp, zero, 0
x2 <- 0x0000000000000000
mem[X,0x000000008002E104] -> 0x006F
mem[X,0x000000008002E106] -> 0x00C0
[6987] [M]: 0x000000008002E104 (0x00C0006F) jal zero, 12
mem[X,0x000000008002E110] -> 0x5CE3
mem[X,0x000000008002E112] -> 0xFEB5
[6988] [M]: 0x000000008002E110 (0xFEB55CE3) bge a0, a1, 8184
mem[X,0x000000008002E114] -> 0x0113
mem[X,0x000000008002E116] -> 0x0021
[6989] [M]: 0x000000008002E114 (0x00210113) addi sp, sp, 2
x2 <- 0x0000000000000002
mem[X,0x000000008002E118] -> 0x006F
mem[X,0x000000008002E11A] -> 0x00C0
[6990] [M]: 0x000000008002E118 (0x00C0006F) jal zero, 12
mem[X,0x000000008002E124] -> 0xB023
mem[X,0x000000008002E126] -> 0x5620
[6991] [M]: 0x000000008002E124 (0x5620B023) sd sp, 1376(ra)
mem[0x0000000080049F30] <- 0x0000000000000002
mem[X,0x000000008002E128] -> 0x3537
mem[X,0x000000008002E12A] -> 0x3333
[6992] [M]: 0x000000008002E128 (0x33333537) lui a0, 209715
x10 <- 0x0000000033333000
mem[X,0x000000008002E12C] -> 0x0513
mem[X,0x000000008002E12E] -> 0x3335
[6993] [M]: 0x000000008002E12C (0x33350513) addi a0, a0, 819
x10 <- 0x0000000033333333
mem[X,0x000000008002E130] -> 0x1513
mem[X,0x000000008002E132] -> 0x00B5
[6994] [M]: 0x000000008002E130 (0x00B51513) slli a0, a0, 11
x10 <- 0x0000019999999800
mem[X,0x000000008002E134] -> 0x0513
mem[X,0x000000008002E136] -> 0x1995
[6995] [M]: 0x000000008002E134 (0x19950513) addi a0, a0, 409
x10 <- 0x0000019999999999
mem[X,0x000000008002E138] -> 0x1513
mem[X,0x000000008002E13A] -> 0x00B5
[6996] [M]: 0x000000008002E138 (0x00B51513) slli a0, a0, 11
x10 <- 0x000CCCCCCCCCC800
mem[X,0x000000008002E13C] -> 0x0513
mem[X,0x000000008002E13E] -> 0x4CC5
[6997] [M]: 0x000000008002E13C (0x4CC50513) addi a0, a0, 1228
x10 <- 0x000CCCCCCCCCCCCC
mem[X,0x000000008002E140] -> 0x1513
mem[X,0x000000008002E142] -> 0x00A5
[6998] [M]: 0x000000008002E140 (0x00A51513) slli a0, a0, 10
x10 <- 0x3333333333333000
mem[X,0x000000008002E144] -> 0x0513
mem[X,0x000000008002E146] -> 0x3325
[6999] [M]: 0x000000008002E144 (0x33250513) addi a0, a0, 818
x10 <- 0x3333333333333332
clint::tick mtime <- 0x0000000000000046
 clint timer pending at mtime 0x0000000000000046
htif::tick 0x0000000000000000
mem[X,0x000000008002E148] -> 0x05B7
mem[X,0x000000008002E14A] -> 0x0000
[7000] [M]: 0x000000008002E148 (0x000005B7) lui a1, 0
x11 <- 0x0000000000000000
mem[X,0x000000008002E14C] -> 0x8593
mem[X,0x000000008002E14E] -> 0x0005
[7001] [M]: 0x000000008002E14C (0x00058593) addi a1, a1, 0
x11 <- 0x0000000000000000
mem[X,0x000000008002E150] -> 0x9593
mem[X,0x000000008002E152] -> 0x00B5
[7002] [M]: 0x000000008002E150 (0x00B59593) slli a1, a1, 11
x11 <- 0x0000000000000000
mem[X,0x000000008002E154] -> 0x8593
mem[X,0x000000008002E156] -> 0x5A85
[7003] [M]: 0x000000008002E154 (0x5A858593) addi a1, a1, 1448
x11 <- 0x00000000000005A8
mem[X,0x000000008002E158] -> 0x9593
mem[X,0x000000008002E15A] -> 0x00B5
[7004] [M]: 0x000000008002E158 (0x00B59593) slli a1, a1, 11
x11 <- 0x00000000002D4000
mem[X,0x000000008002E15C] -> 0x8593
mem[X,0x000000008002E15E] -> 0x13C5
[7005] [M]: 0x000000008002E15C (0x13C58593) addi a1, a1, 316
x11 <- 0x00000000002D413C
mem[X,0x000000008002E160] -> 0x9593
mem[X,0x000000008002E162] -> 0x00A5
[7006] [M]: 0x000000008002E160 (0x00A59593) slli a1, a1, 10
x11 <- 0x00000000B504F000
mem[X,0x000000008002E164] -> 0x8593
mem[X,0x000000008002E166] -> 0x3325
[7007] [M]: 0x000000008002E164 (0x33258593) addi a1, a1, 818
x11 <- 0x00000000B504F332
mem[X,0x000000008002E168] -> 0x0113
mem[X,0x000000008002E16A] -> 0x0000
[7008] [M]: 0x000000008002E168 (0x00000113) addi sp, zero, 0
x2 <- 0x0000000000000000
mem[X,0x000000008002E16C] -> 0x006F
mem[X,0x000000008002E16E] -> 0x00C0
[7009] [M]: 0x000000008002E16C (0x00C0006F) jal zero, 12
mem[X,0x000000008002E178] -> 0x5063
mem[X,0x000000008002E17A] -> 0x08B5
[7010] [M]: 0x000000008002E178 (0x08B55063) bge a0, a1, 128
mem[X,0x000000008002E1F8] -> 0x0113
mem[X,0x000000008002E1FA] -> 0x0031
[7011] [M]: 0x000000008002E1F8 (0x00310113) addi sp, sp, 3
x2 <- 0x0000000000000003
mem[X,0x000000008002E1FC] -> 0x006F
mem[X,0x000000008002E1FE] -> 0x0040
[7012] [M]: 0x000000008002E1FC (0x0040006F) jal zero, 4
mem[X,0x000000008002E200] -> 0xB423
mem[X,0x000000008002E202] -> 0x5620
[7013] [M]: 0x000000008002E200 (0x5620B423) sd sp, 1384(ra)
mem[0x0000000080049F38] <- 0x0000000000000003
mem[X,0x000000008002E204] -> 0x3537
mem[X,0x000000008002E206] -> 0x3333
[7014] [M]: 0x000000008002E204 (0x33333537) lui a0, 209715
x10 <- 0x0000000033333000
mem[X,0x000000008002E208] -> 0x0513
mem[X,0x000000008002E20A] -> 0x3335
[7015] [M]: 0x000000008002E208 (0x33350513) addi a0, a0, 819
x10 <- 0x0000000033333333
mem[X,0x000000008002E20C] -> 0x1513
mem[X,0x000000008002E20E] -> 0x00B5
[7016] [M]: 0x000000008002E20C (0x00B51513) slli a0, a0, 11
x10 <- 0x0000019999999800
mem[X,0x000000008002E210] -> 0x0513
mem[X,0x000000008002E212] -> 0x1995
[7017] [M]: 0x000000008002E210 (0x19950513) addi a0, a0, 409
x10 <- 0x0000019999999999
mem[X,0x000000008002E214] -> 0x1513
mem[X,0x000000008002E216] -> 0x00B5
[7018] [M]: 0x000000008002E214 (0x00B51513) slli a0, a0, 11
x10 <- 0x000CCCCCCCCCC800
mem[X,0x000000008002E218] -> 0x0513
mem[X,0x000000008002E21A] -> 0x4CC5
[7019] [M]: 0x000000008002E218 (0x4CC50513) addi a0, a0, 1228
x10 <- 0x000CCCCCCCCCCCCC
mem[X,0x000000008002E21C] -> 0x1513
mem[X,0x000000008002E21E] -> 0x00A5
[7020] [M]: 0x000000008002E21C (0x00A51513) slli a0, a0, 10
x10 <- 0x3333333333333000
mem[X,0x000000008002E220] -> 0x0513
mem[X,0x000000008002E222] -> 0x3325
[7021] [M]: 0x000000008002E220 (0x33250513) addi a0, a0, 818
x10 <- 0x3333333333333332
mem[X,0x000000008002E224] -> 0x55B7
mem[X,0x000000008002E226] -> 0x5555
[7022] [M]: 0x000000008002E224 (0x555555B7) lui a1, 349525
x11 <- 0x0000000055555000
mem[X,0x000000008002E228] -> 0x8593
mem[X,0x000000008002E22A] -> 0x5555
[7023] [M]: 0x000000008002E228 (0x55558593) addi a1, a1, 1365
x11 <- 0x0000000055555555
mem[X,0x000000008002E22C] -> 0x9593
mem[X,0x000000008002E22E] -> 0x00B5
[7024] [M]: 0x000000008002E22C (0x00B59593) slli a1, a1, 11
x11 <- 0x000002AAAAAAA800
mem[X,0x000000008002E230] -> 0x8593
mem[X,0x000000008002E232] -> 0x2AA5
[7025] [M]: 0x000000008002E230 (0x2AA58593) addi a1, a1, 682
x11 <- 0x000002AAAAAAAAAA
mem[X,0x000000008002E234] -> 0x9593
mem[X,0x000000008002E236] -> 0x00B5
[7026] [M]: 0x000000008002E234 (0x00B59593) slli a1, a1, 11
x11 <- 0x0015555555555000
mem[X,0x000000008002E238] -> 0x8593
mem[X,0x000000008002E23A] -> 0x5555
[7027] [M]: 0x000000008002E238 (0x55558593) addi a1, a1, 1365
x11 <- 0x0015555555555555
mem[X,0x000000008002E23C] -> 0x9593
mem[X,0x000000008002E23E] -> 0x00A5
[7028] [M]: 0x000000008002E23C (0x00A59593) slli a1, a1, 10
x11 <- 0x5555555555555400
mem[X,0x000000008002E240] -> 0x8593
mem[X,0x000000008002E242] -> 0x1565
[7029] [M]: 0x000000008002E240 (0x15658593) addi a1, a1, 342
x11 <- 0x5555555555555556
mem[X,0x000000008002E244] -> 0x0113
mem[X,0x000000008002E246] -> 0x0000
[7030] [M]: 0x000000008002E244 (0x00000113) addi sp, zero, 0
x2 <- 0x0000000000000000
mem[X,0x000000008002E248] -> 0x006F
mem[X,0x000000008002E24A] -> 0x00C0
[7031] [M]: 0x000000008002E248 (0x00C0006F) jal zero, 12
mem[X,0x000000008002E254] -> 0x5663
mem[X,0x000000008002E256] -> 0x00B5
[7032] [M]: 0x000000008002E254 (0x00B55663) bge a0, a1, 12
mem[X,0x000000008002E258] -> 0x0113
mem[X,0x000000008002E25A] -> 0x0021
[7033] [M]: 0x000000008002E258 (0x00210113) addi sp, sp, 2
x2 <- 0x0000000000000002
mem[X,0x000000008002E25C] -> 0x006F
mem[X,0x000000008002E25E] -> 0x00C0
[7034] [M]: 0x000000008002E25C (0x00C0006F) jal zero, 12
mem[X,0x000000008002E268] -> 0xB823
mem[X,0x000000008002E26A] -> 0x5620
[7035] [M]: 0x000000008002E268 (0x5620B823) sd sp, 1392(ra)
mem[0x0000000080049F40] <- 0x0000000000000002
mem[X,0x000000008002E26C] -> 0x3537
mem[X,0x000000008002E26E] -> 0x3333
[7036] [M]: 0x000000008002E26C (0x33333537) lui a0, 209715
x10 <- 0x0000000033333000
mem[X,0x000000008002E270] -> 0x0513
mem[X,0x000000008002E272] -> 0x3335
[7037] [M]: 0x000000008002E270 (0x33350513) addi a0, a0, 819
x10 <- 0x0000000033333333
mem[X,0x000000008002E274] -> 0x1513
mem[X,0x000000008002E276] -> 0x00B5
[7038] [M]: 0x000000008002E274 (0x00B51513) slli a0, a0, 11
x10 <- 0x0000019999999800
mem[X,0x000000008002E278] -> 0x0513
mem[X,0x000000008002E27A] -> 0x1995
[7039] [M]: 0x000000008002E278 (0x19950513) addi a0, a0, 409
x10 <- 0x0000019999999999
mem[X,0x000000008002E27C] -> 0x1513
mem[X,0x000000008002E27E] -> 0x00B5
[7040] [M]: 0x000000008002E27C (0x00B51513) slli a0, a0, 11
x10 <- 0x000CCCCCCCCCC800
mem[X,0x000000008002E280] -> 0x0513
mem[X,0x000000008002E282] -> 0x4CC5
[7041] [M]: 0x000000008002E280 (0x4CC50513) addi a0, a0, 1228
x10 <- 0x000CCCCCCCCCCCCC
mem[X,0x000000008002E284] -> 0x1513
mem[X,0x000000008002E286] -> 0x00A5
[7042] [M]: 0x000000008002E284 (0x00A51513) slli a0, a0, 10
x10 <- 0x3333333333333000
mem[X,0x000000008002E288] -> 0x0513
mem[X,0x000000008002E28A] -> 0x3325
[7043] [M]: 0x000000008002E288 (0x33250513) addi a0, a0, 818
x10 <- 0x3333333333333332
mem[X,0x000000008002E28C] -> 0xB5B7
mem[X,0x000000008002E28E] -> 0xAAAA
[7044] [M]: 0x000000008002E28C (0xAAAAB5B7) lui a1, 699051
x11 <- 0xFFFFFFFFAAAAB000
mem[X,0x000000008002E290] -> 0x8593
mem[X,0x000000008002E292] -> 0xAAA5
[7045] [M]: 0x000000008002E290 (0xAAA58593) addi a1, a1, 2730
x11 <- 0xFFFFFFFFAAAAAAAA
mem[X,0x000000008002E294] -> 0x9593
mem[X,0x000000008002E296] -> 0x00B5
[7046] [M]: 0x000000008002E294 (0x00B59593) slli a1, a1, 11
x11 <- 0xFFFFFD5555555000
mem[X,0x000000008002E298] -> 0x8593
mem[X,0x000000008002E29A] -> 0x5555
[7047] [M]: 0x000000008002E298 (0x55558593) addi a1, a1, 1365
x11 <- 0xFFFFFD5555555555
mem[X,0x000000008002E29C] -> 0x9593
mem[X,0x000000008002E29E] -> 0x00B5
[7048] [M]: 0x000000008002E29C (0x00B59593) slli a1, a1, 11
x11 <- 0xFFEAAAAAAAAAA800
mem[X,0x000000008002E2A0] -> 0x8593
mem[X,0x000000008002E2A2] -> 0x2AA5
[7049] [M]: 0x000000008002E2A0 (0x2AA58593) addi a1, a1, 682
x11 <- 0xFFEAAAAAAAAAAAAA
mem[X,0x000000008002E2A4] -> 0x9593
mem[X,0x000000008002E2A6] -> 0x00A5
[7050] [M]: 0x000000008002E2A4 (0x00A59593) slli a1, a1, 10
x11 <- 0xAAAAAAAAAAAAA800
mem[X,0x000000008002E2A8] -> 0x8593
mem[X,0x000000008002E2AA] -> 0x2AB5
[7051] [M]: 0x000000008002E2A8 (0x2AB58593) addi a1, a1, 683
x11 <- 0xAAAAAAAAAAAAAAAB
mem[X,0x000000008002E2AC] -> 0x0113
mem[X,0x000000008002E2AE] -> 0x0000
[7052] [M]: 0x000000008002E2AC (0x00000113) addi sp, zero, 0
x2 <- 0x0000000000000000
mem[X,0x000000008002E2B0] -> 0x006F
mem[X,0x000000008002E2B2] -> 0x00C0
[7053] [M]: 0x000000008002E2B0 (0x00C0006F) jal zero, 12
mem[X,0x000000008002E2BC] -> 0x5663
mem[X,0x000000008002E2BE] -> 0x00B5
[7054] [M]: 0x000000008002E2BC (0x00B55663) bge a0, a1, 12
mem[X,0x000000008002E2C8] -> 0x0113
mem[X,0x000000008002E2CA] -> 0x0031
[7055] [M]: 0x000000008002E2C8 (0x00310113) addi sp, sp, 3
x2 <- 0x0000000000000003
mem[X,0x000000008002E2CC] -> 0x006F
mem[X,0x000000008002E2CE] -> 0x0040
[7056] [M]: 0x000000008002E2CC (0x0040006F) jal zero, 4
mem[X,0x000000008002E2D0] -> 0xBC23
mem[X,0x000000008002E2D2] -> 0x5620
[7057] [M]: 0x000000008002E2D0 (0x5620BC23) sd sp, 1400(ra)
mem[0x0000000080049F48] <- 0x0000000000000003
mem[X,0x000000008002E2D4] -> 0x3537
mem[X,0x000000008002E2D6] -> 0x3333
[7058] [M]: 0x000000008002E2D4 (0x33333537) lui a0, 209715
x10 <- 0x0000000033333000
mem[X,0x000000008002E2D8] -> 0x0513
mem[X,0x000000008002E2DA] -> 0x3335
[7059] [M]: 0x000000008002E2D8 (0x33350513) addi a0, a0, 819
x10 <- 0x0000000033333333
mem[X,0x000000008002E2DC] -> 0x1513
mem[X,0x000000008002E2DE] -> 0x00B5
[7060] [M]: 0x000000008002E2DC (0x00B51513) slli a0, a0, 11
x10 <- 0x0000019999999800
mem[X,0x000000008002E2E0] -> 0x0513
mem[X,0x000000008002E2E2] -> 0x1995
[7061] [M]: 0x000000008002E2E0 (0x19950513) addi a0, a0, 409
x10 <- 0x0000019999999999
mem[X,0x000000008002E2E4] -> 0x1513
mem[X,0x000000008002E2E6] -> 0x00B5
[7062] [M]: 0x000000008002E2E4 (0x00B51513) slli a0, a0, 11
x10 <- 0x000CCCCCCCCCC800
mem[X,0x000000008002E2E8] -> 0x0513
mem[X,0x000000008002E2EA] -> 0x4CC5
[7063] [M]: 0x000000008002E2E8 (0x4CC50513) addi a0, a0, 1228
x10 <- 0x000CCCCCCCCCCCCC
mem[X,0x000000008002E2EC] -> 0x1513
mem[X,0x000000008002E2EE] -> 0x00A5
[7064] [M]: 0x000000008002E2EC (0x00A51513) slli a0, a0, 10
x10 <- 0x3333333333333000
mem[X,0x000000008002E2F0] -> 0x0513
mem[X,0x000000008002E2F2] -> 0x3325
[7065] [M]: 0x000000008002E2F0 (0x33250513) addi a0, a0, 818
x10 <- 0x3333333333333332
mem[X,0x000000008002E2F4] -> 0x0593
mem[X,0x000000008002E2F6] -> 0x0060
[7066] [M]: 0x000000008002E2F4 (0x00600593) addi a1, zero, 6
x11 <- 0x0000000000000006
mem[X,0x000000008002E2F8] -> 0x0113
mem[X,0x000000008002E2FA] -> 0x0000
[7067] [M]: 0x000000008002E2F8 (0x00000113) addi sp, zero, 0
x2 <- 0x0000000000000000
mem[X,0x000000008002E2FC] -> 0x006F
mem[X,0x000000008002E2FE] -> 0x00C0
[7068] [M]: 0x000000008002E2FC (0x00C0006F) jal zero, 12
mem[X,0x000000008002E308] -> 0x5063
mem[X,0x000000008002E30A] -> 0x08B5
[7069] [M]: 0x000000008002E308 (0x08B55063) bge a0, a1, 128
mem[X,0x000000008002E388] -> 0x0113
mem[X,0x000000008002E38A] -> 0x0031
[7070] [M]: 0x000000008002E388 (0x00310113) addi sp, sp, 3
x2 <- 0x0000000000000003
mem[X,0x000000008002E38C] -> 0x006F
mem[X,0x000000008002E38E] -> 0x0040
[7071] [M]: 0x000000008002E38C (0x0040006F) jal zero, 4
mem[X,0x000000008002E390] -> 0xB023
mem[X,0x000000008002E392] -> 0x5820
[7072] [M]: 0x000000008002E390 (0x5820B023) sd sp, 1408(ra)
mem[0x0000000080049F50] <- 0x0000000000000003
mem[X,0x000000008002E394] -> 0x3537
mem[X,0x000000008002E396] -> 0x3333
[7073] [M]: 0x000000008002E394 (0x33333537) lui a0, 209715
x10 <- 0x0000000033333000
mem[X,0x000000008002E398] -> 0x0513
mem[X,0x000000008002E39A] -> 0x3335
[7074] [M]: 0x000000008002E398 (0x33350513) addi a0, a0, 819
x10 <- 0x0000000033333333
mem[X,0x000000008002E39C] -> 0x1513
mem[X,0x000000008002E39E] -> 0x00B5
[7075] [M]: 0x000000008002E39C (0x00B51513) slli a0, a0, 11
x10 <- 0x0000019999999800
mem[X,0x000000008002E3A0] -> 0x0513
mem[X,0x000000008002E3A2] -> 0x1995
[7076] [M]: 0x000000008002E3A0 (0x19950513) addi a0, a0, 409
x10 <- 0x0000019999999999
mem[X,0x000000008002E3A4] -> 0x1513
mem[X,0x000000008002E3A6] -> 0x00B5
[7077] [M]: 0x000000008002E3A4 (0x00B51513) slli a0, a0, 11
x10 <- 0x000CCCCCCCCCC800
mem[X,0x000000008002E3A8] -> 0x0513
mem[X,0x000000008002E3AA] -> 0x4CC5
[7078] [M]: 0x000000008002E3A8 (0x4CC50513) addi a0, a0, 1228
x10 <- 0x000CCCCCCCCCCCCC
mem[X,0x000000008002E3AC] -> 0x1513
mem[X,0x000000008002E3AE] -> 0x00A5
[7079] [M]: 0x000000008002E3AC (0x00A51513) slli a0, a0, 10
x10 <- 0x3333333333333000
mem[X,0x000000008002E3B0] -> 0x0513
mem[X,0x000000008002E3B2] -> 0x3325
[7080] [M]: 0x000000008002E3B0 (0x33250513) addi a0, a0, 818
x10 <- 0x3333333333333332
mem[X,0x000000008002E3B4] -> 0x35B7
mem[X,0x000000008002E3B6] -> 0x3333
[7081] [M]: 0x000000008002E3B4 (0x333335B7) lui a1, 209715
x11 <- 0x0000000033333000
mem[X,0x000000008002E3B8] -> 0x8593
mem[X,0x000000008002E3BA] -> 0x3335
[7082] [M]: 0x000000008002E3B8 (0x33358593) addi a1, a1, 819
x11 <- 0x0000000033333333
mem[X,0x000000008002E3BC] -> 0x9593
mem[X,0x000000008002E3BE] -> 0x00B5
[7083] [M]: 0x000000008002E3BC (0x00B59593) slli a1, a1, 11
x11 <- 0x0000019999999800
mem[X,0x000000008002E3C0] -> 0x8593
mem[X,0x000000008002E3C2] -> 0x1995
[7084] [M]: 0x000000008002E3C0 (0x19958593) addi a1, a1, 409
x11 <- 0x0000019999999999
mem[X,0x000000008002E3C4] -> 0x9593
mem[X,0x000000008002E3C6] -> 0x00B5
[7085] [M]: 0x000000008002E3C4 (0x00B59593) slli a1, a1, 11
x11 <- 0x000CCCCCCCCCC800
mem[X,0x000000008002E3C8] -> 0x8593
mem[X,0x000000008002E3CA] -> 0x4CC5
[7086] [M]: 0x000000008002E3C8 (0x4CC58593) addi a1, a1, 1228
x11 <- 0x000CCCCCCCCCCCCC
mem[X,0x000000008002E3CC] -> 0x9593
mem[X,0x000000008002E3CE] -> 0x00A5
[7087] [M]: 0x000000008002E3CC (0x00A59593) slli a1, a1, 10
x11 <- 0x3333333333333000
mem[X,0x000000008002E3D0] -> 0x8593
mem[X,0x000000008002E3D2] -> 0x3345
[7088] [M]: 0x000000008002E3D0 (0x33458593) addi a1, a1, 820
x11 <- 0x3333333333333334
mem[X,0x000000008002E3D4] -> 0x0113
mem[X,0x000000008002E3D6] -> 0x0000
[7089] [M]: 0x000000008002E3D4 (0x00000113) addi sp, zero, 0
x2 <- 0x0000000000000000
mem[X,0x000000008002E3D8] -> 0x006F
mem[X,0x000000008002E3DA] -> 0x0050
[7090] [M]: 0x000000008002E3D8 (0x0050006F) jal zero, 2052
mem[X,0x000000008002EBDC] -> 0x50E3
mem[X,0x000000008002EBDE] -> 0x80B5
[7091] [M]: 0x000000008002EBDC (0x80B550E3) bge a0, a1, 6144
mem[X,0x000000008002EBE0] -> 0x0113
mem[X,0x000000008002EBE2] -> 0x0021
[7092] [M]: 0x000000008002EBE0 (0x00210113) addi sp, sp, 2
x2 <- 0x0000000000000002
mem[X,0x000000008002EBE4] -> 0x006F
mem[X,0x000000008002EBE6] -> 0x00C0
[7093] [M]: 0x000000008002EBE4 (0x00C0006F) jal zero, 12
mem[X,0x000000008002EBF0] -> 0xB423
mem[X,0x000000008002EBF2] -> 0x5820
[7094] [M]: 0x000000008002EBF0 (0x5820B423) sd sp, 1416(ra)
mem[0x0000000080049F58] <- 0x0000000000000002
mem[X,0x000000008002EBF4] -> 0x3537
mem[X,0x000000008002EBF6] -> 0x3333
[7095] [M]: 0x000000008002EBF4 (0x33333537) lui a0, 209715
x10 <- 0x0000000033333000
mem[X,0x000000008002EBF8] -> 0x0513
mem[X,0x000000008002EBFA] -> 0x3335
[7096] [M]: 0x000000008002EBF8 (0x33350513) addi a0, a0, 819
x10 <- 0x0000000033333333
mem[X,0x000000008002EBFC] -> 0x1513
mem[X,0x000000008002EBFE] -> 0x00B5
[7097] [M]: 0x000000008002EBFC (0x00B51513) slli a0, a0, 11
x10 <- 0x0000019999999800
mem[X,0x000000008002EC00] -> 0x0513
mem[X,0x000000008002EC02] -> 0x1995
[7098] [M]: 0x000000008002EC00 (0x19950513) addi a0, a0, 409
x10 <- 0x0000019999999999
mem[X,0x000000008002EC04] -> 0x1513
mem[X,0x000000008002EC06] -> 0x00B5
[7099] [M]: 0x000000008002EC04 (0x00B51513) slli a0, a0, 11
x10 <- 0x000CCCCCCCCCC800
clint::tick mtime <- 0x0000000000000047
 clint timer pending at mtime 0x0000000000000047
htif::tick 0x0000000000000000
mem[X,0x000000008002EC08] -> 0x0513
mem[X,0x000000008002EC0A] -> 0x4CC5
[7100] [M]: 0x000000008002EC08 (0x4CC50513) addi a0, a0, 1228
x10 <- 0x000CCCCCCCCCCCCC
mem[X,0x000000008002EC0C] -> 0x1513
mem[X,0x000000008002EC0E] -> 0x00A5
[7101] [M]: 0x000000008002EC0C (0x00A51513) slli a0, a0, 10
x10 <- 0x3333333333333000
mem[X,0x000000008002EC10] -> 0x0513
mem[X,0x000000008002EC12] -> 0x3325
[7102] [M]: 0x000000008002EC10 (0x33250513) addi a0, a0, 818
x10 <- 0x3333333333333332
mem[X,0x000000008002EC14] -> 0x65B7
mem[X,0x000000008002EC16] -> 0x6666
[7103] [M]: 0x000000008002EC14 (0x666665B7) lui a1, 419430
x11 <- 0x0000000066666000
mem[X,0x000000008002EC18] -> 0x8593
mem[X,0x000000008002EC1A] -> 0x6665
[7104] [M]: 0x000000008002EC18 (0x66658593) addi a1, a1, 1638
x11 <- 0x0000000066666666
mem[X,0x000000008002EC1C] -> 0x9593
mem[X,0x000000008002EC1E] -> 0x00B5
[7105] [M]: 0x000000008002EC1C (0x00B59593) slli a1, a1, 11
x11 <- 0x0000033333333000
mem[X,0x000000008002EC20] -> 0x8593
mem[X,0x000000008002EC22] -> 0x3335
[7106] [M]: 0x000000008002EC20 (0x33358593) addi a1, a1, 819
x11 <- 0x0000033333333333
mem[X,0x000000008002EC24] -> 0x9593
mem[X,0x000000008002EC26] -> 0x00B5
[7107] [M]: 0x000000008002EC24 (0x00B59593) slli a1, a1, 11
x11 <- 0x0019999999999800
mem[X,0x000000008002EC28] -> 0x8593
mem[X,0x000000008002EC2A] -> 0x1995
[7108] [M]: 0x000000008002EC28 (0x19958593) addi a1, a1, 409
x11 <- 0x0019999999999999
mem[X,0x000000008002EC2C] -> 0x9593
mem[X,0x000000008002EC2E] -> 0x00A5
[7109] [M]: 0x000000008002EC2C (0x00A59593) slli a1, a1, 10
x11 <- 0x6666666666666400
mem[X,0x000000008002EC30] -> 0x8593
mem[X,0x000000008002EC32] -> 0x2675
[7110] [M]: 0x000000008002EC30 (0x26758593) addi a1, a1, 615
x11 <- 0x6666666666666667
mem[X,0x000000008002EC34] -> 0x0113
mem[X,0x000000008002EC36] -> 0x0000
[7111] [M]: 0x000000008002EC34 (0x00000113) addi sp, zero, 0
x2 <- 0x0000000000000000
mem[X,0x000000008002EC38] -> 0x006F
mem[X,0x000000008002EC3A] -> 0x00C0
[7112] [M]: 0x000000008002EC38 (0x00C0006F) jal zero, 12
mem[X,0x000000008002EC44] -> 0x5663
mem[X,0x000000008002EC46] -> 0x00B5
[7113] [M]: 0x000000008002EC44 (0x00B55663) bge a0, a1, 12
mem[X,0x000000008002EC48] -> 0x0113
mem[X,0x000000008002EC4A] -> 0x0021
[7114] [M]: 0x000000008002EC48 (0x00210113) addi sp, sp, 2
x2 <- 0x0000000000000002
mem[X,0x000000008002EC4C] -> 0x006F
mem[X,0x000000008002EC4E] -> 0x00C0
[7115] [M]: 0x000000008002EC4C (0x00C0006F) jal zero, 12
mem[X,0x000000008002EC58] -> 0xB823
mem[X,0x000000008002EC5A] -> 0x5820
[7116] [M]: 0x000000008002EC58 (0x5820B823) sd sp, 1424(ra)
mem[0x0000000080049F60] <- 0x0000000000000002
mem[X,0x000000008002EC5C] -> 0x3537
mem[X,0x000000008002EC5E] -> 0x3333
[7117] [M]: 0x000000008002EC5C (0x33333537) lui a0, 209715
x10 <- 0x0000000033333000
mem[X,0x000000008002EC60] -> 0x0513
mem[X,0x000000008002EC62] -> 0x3335
[7118] [M]: 0x000000008002EC60 (0x33350513) addi a0, a0, 819
x10 <- 0x0000000033333333
mem[X,0x000000008002EC64] -> 0x1513
mem[X,0x000000008002EC66] -> 0x00B5
[7119] [M]: 0x000000008002EC64 (0x00B51513) slli a0, a0, 11
x10 <- 0x0000019999999800
mem[X,0x000000008002EC68] -> 0x0513
mem[X,0x000000008002EC6A] -> 0x1995
[7120] [M]: 0x000000008002EC68 (0x19950513) addi a0, a0, 409
x10 <- 0x0000019999999999
mem[X,0x000000008002EC6C] -> 0x1513
mem[X,0x000000008002EC6E] -> 0x00B5
[7121] [M]: 0x000000008002EC6C (0x00B51513) slli a0, a0, 11
x10 <- 0x000CCCCCCCCCC800
mem[X,0x000000008002EC70] -> 0x0513
mem[X,0x000000008002EC72] -> 0x4CC5
[7122] [M]: 0x000000008002EC70 (0x4CC50513) addi a0, a0, 1228
x10 <- 0x000CCCCCCCCCCCCC
mem[X,0x000000008002EC74] -> 0x1513
mem[X,0x000000008002EC76] -> 0x00A5
[7123] [M]: 0x000000008002EC74 (0x00A51513) slli a0, a0, 10
x10 <- 0x3333333333333000
mem[X,0x000000008002EC78] -> 0x0513
mem[X,0x000000008002EC7A] -> 0x3325
[7124] [M]: 0x000000008002EC78 (0x33250513) addi a0, a0, 818
x10 <- 0x3333333333333332
mem[X,0x000000008002EC7C] -> 0x05B7
mem[X,0x000000008002EC7E] -> 0x0000
[7125] [M]: 0x000000008002EC7C (0x000005B7) lui a1, 0
x11 <- 0x0000000000000000
mem[X,0x000000008002EC80] -> 0x8593
mem[X,0x000000008002EC82] -> 0xFFF5
[7126] [M]: 0x000000008002EC80 (0xFFF58593) addi a1, a1, 4095
x11 <- 0xFFFFFFFFFFFFFFFF
mem[X,0x000000008002EC84] -> 0x9593
mem[X,0x000000008002EC86] -> 0x00B5
[7127] [M]: 0x000000008002EC84 (0x00B59593) slli a1, a1, 11
x11 <- 0xFFFFFFFFFFFFF800
mem[X,0x000000008002EC88] -> 0x8593
mem[X,0x000000008002EC8A] -> 0x2575
[7128] [M]: 0x000000008002EC88 (0x25758593) addi a1, a1, 599
x11 <- 0xFFFFFFFFFFFFFA57
mem[X,0x000000008002EC8C] -> 0x9593
mem[X,0x000000008002EC8E] -> 0x00B5
[7129] [M]: 0x000000008002EC8C (0x00B59593) slli a1, a1, 11
x11 <- 0xFFFFFFFFFFD2B800
mem[X,0x000000008002EC90] -> 0x8593
mem[X,0x000000008002EC92] -> 0x6C35
[7130] [M]: 0x000000008002EC90 (0x6C358593) addi a1, a1, 1731
x11 <- 0xFFFFFFFFFFD2BEC3
mem[X,0x000000008002EC94] -> 0x9593
mem[X,0x000000008002EC96] -> 0x00A5
[7131] [M]: 0x000000008002EC94 (0x00A59593) slli a1, a1, 10
x11 <- 0xFFFFFFFF4AFB0C00
mem[X,0x000000008002EC98] -> 0x8593
mem[X,0x000000008002EC9A] -> 0x0CE5
[7132] [M]: 0x000000008002EC98 (0x0CE58593) addi a1, a1, 206
x11 <- 0xFFFFFFFF4AFB0CCE
mem[X,0x000000008002EC9C] -> 0x0113
mem[X,0x000000008002EC9E] -> 0x0000
[7133] [M]: 0x000000008002EC9C (0x00000113) addi sp, zero, 0
x2 <- 0x0000000000000000
mem[X,0x000000008002ECA0] -> 0x006F
mem[X,0x000000008002ECA2] -> 0x00C0
[7134] [M]: 0x000000008002ECA0 (0x00C0006F) jal zero, 12
mem[X,0x000000008002ECAC] -> 0x5063
mem[X,0x000000008002ECAE] -> 0x08B5
[7135] [M]: 0x000000008002ECAC (0x08B55063) bge a0, a1, 128
mem[X,0x000000008002ED2C] -> 0x0113
mem[X,0x000000008002ED2E] -> 0x0031
[7136] [M]: 0x000000008002ED2C (0x00310113) addi sp, sp, 3
x2 <- 0x0000000000000003
mem[X,0x000000008002ED30] -> 0x006F
mem[X,0x000000008002ED32] -> 0x0040
[7137] [M]: 0x000000008002ED30 (0x0040006F) jal zero, 4
mem[X,0x000000008002ED34] -> 0xBC23
mem[X,0x000000008002ED36] -> 0x5820
[7138] [M]: 0x000000008002ED34 (0x5820BC23) sd sp, 1432(ra)
mem[0x0000000080049F68] <- 0x0000000000000003
mem[X,0x000000008002ED38] -> 0x3537
mem[X,0x000000008002ED3A] -> 0x3333
[7139] [M]: 0x000000008002ED38 (0x33333537) lui a0, 209715
x10 <- 0x0000000033333000
mem[X,0x000000008002ED3C] -> 0x0513
mem[X,0x000000008002ED3E] -> 0x3335
[7140] [M]: 0x000000008002ED3C (0x33350513) addi a0, a0, 819
x10 <- 0x0000000033333333
mem[X,0x000000008002ED40] -> 0x1513
mem[X,0x000000008002ED42] -> 0x00B5
[7141] [M]: 0x000000008002ED40 (0x00B51513) slli a0, a0, 11
x10 <- 0x0000019999999800
mem[X,0x000000008002ED44] -> 0x0513
mem[X,0x000000008002ED46] -> 0x1995
[7142] [M]: 0x000000008002ED44 (0x19950513) addi a0, a0, 409
x10 <- 0x0000019999999999
mem[X,0x000000008002ED48] -> 0x1513
mem[X,0x000000008002ED4A] -> 0x00B5
[7143] [M]: 0x000000008002ED48 (0x00B51513) slli a0, a0, 11
x10 <- 0x000CCCCCCCCCC800
mem[X,0x000000008002ED4C] -> 0x0513
mem[X,0x000000008002ED4E] -> 0x4CC5
[7144] [M]: 0x000000008002ED4C (0x4CC50513) addi a0, a0, 1228
x10 <- 0x000CCCCCCCCCCCCC
mem[X,0x000000008002ED50] -> 0x1513
mem[X,0x000000008002ED52] -> 0x00A5
[7145] [M]: 0x000000008002ED50 (0x00A51513) slli a0, a0, 10
x10 <- 0x3333333333333000
mem[X,0x000000008002ED54] -> 0x0513
mem[X,0x000000008002ED56] -> 0x3325
[7146] [M]: 0x000000008002ED54 (0x33250513) addi a0, a0, 818
x10 <- 0x3333333333333332
mem[X,0x000000008002ED58] -> 0x05B7
mem[X,0x000000008002ED5A] -> 0x0000
[7147] [M]: 0x000000008002ED58 (0x000005B7) lui a1, 0
x11 <- 0x0000000000000000
mem[X,0x000000008002ED5C] -> 0x8593
mem[X,0x000000008002ED5E] -> 0x0005
[7148] [M]: 0x000000008002ED5C (0x00058593) addi a1, a1, 0
x11 <- 0x0000000000000000
mem[X,0x000000008002ED60] -> 0x9593
mem[X,0x000000008002ED62] -> 0x00B5
[7149] [M]: 0x000000008002ED60 (0x00B59593) slli a1, a1, 11
x11 <- 0x0000000000000000
mem[X,0x000000008002ED64] -> 0x8593
mem[X,0x000000008002ED66] -> 0x5A85
[7150] [M]: 0x000000008002ED64 (0x5A858593) addi a1, a1, 1448
x11 <- 0x00000000000005A8
mem[X,0x000000008002ED68] -> 0x9593
mem[X,0x000000008002ED6A] -> 0x00B5
[7151] [M]: 0x000000008002ED68 (0x00B59593) slli a1, a1, 11
x11 <- 0x00000000002D4000
mem[X,0x000000008002ED6C] -> 0x8593
mem[X,0x000000008002ED6E] -> 0x13C5
[7152] [M]: 0x000000008002ED6C (0x13C58593) addi a1, a1, 316
x11 <- 0x00000000002D413C
mem[X,0x000000008002ED70] -> 0x9593
mem[X,0x000000008002ED72] -> 0x00A5
[7153] [M]: 0x000000008002ED70 (0x00A59593) slli a1, a1, 10
x11 <- 0x00000000B504F000
mem[X,0x000000008002ED74] -> 0x8593
mem[X,0x000000008002ED76] -> 0x3345
[7154] [M]: 0x000000008002ED74 (0x33458593) addi a1, a1, 820
x11 <- 0x00000000B504F334
mem[X,0x000000008002ED78] -> 0x0113
mem[X,0x000000008002ED7A] -> 0x0000
[7155] [M]: 0x000000008002ED78 (0x00000113) addi sp, zero, 0
x2 <- 0x0000000000000000
mem[X,0x000000008002ED7C] -> 0x006F
mem[X,0x000000008002ED7E] -> 0x00C0
[7156] [M]: 0x000000008002ED7C (0x00C0006F) jal zero, 12
mem[X,0x000000008002ED88] -> 0x5CE3
mem[X,0x000000008002ED8A] -> 0xFEB5
[7157] [M]: 0x000000008002ED88 (0xFEB55CE3) bge a0, a1, 8184
mem[X,0x000000008002ED80] -> 0x0113
mem[X,0x000000008002ED82] -> 0x0011
[7158] [M]: 0x000000008002ED80 (0x00110113) addi sp, sp, 1
x2 <- 0x0000000000000001
mem[X,0x000000008002ED84] -> 0x006F
mem[X,0x000000008002ED86] -> 0x0180
[7159] [M]: 0x000000008002ED84 (0x0180006F) jal zero, 24
mem[X,0x000000008002ED9C] -> 0xB023
mem[X,0x000000008002ED9E] -> 0x5A20
[7160] [M]: 0x000000008002ED9C (0x5A20B023) sd sp, 1440(ra)
mem[0x0000000080049F70] <- 0x0000000000000001
mem[X,0x000000008002EDA0] -> 0x6537
mem[X,0x000000008002EDA2] -> 0x6666
[7161] [M]: 0x000000008002EDA0 (0x66666537) lui a0, 419430
x10 <- 0x0000000066666000
mem[X,0x000000008002EDA4] -> 0x0513
mem[X,0x000000008002EDA6] -> 0x6665
[7162] [M]: 0x000000008002EDA4 (0x66650513) addi a0, a0, 1638
x10 <- 0x0000000066666666
mem[X,0x000000008002EDA8] -> 0x1513
mem[X,0x000000008002EDAA] -> 0x00B5
[7163] [M]: 0x000000008002EDA8 (0x00B51513) slli a0, a0, 11
x10 <- 0x0000033333333000
mem[X,0x000000008002EDAC] -> 0x0513
mem[X,0x000000008002EDAE] -> 0x3335
[7164] [M]: 0x000000008002EDAC (0x33350513) addi a0, a0, 819
x10 <- 0x0000033333333333
mem[X,0x000000008002EDB0] -> 0x1513
mem[X,0x000000008002EDB2] -> 0x00B5
[7165] [M]: 0x000000008002EDB0 (0x00B51513) slli a0, a0, 11
x10 <- 0x0019999999999800
mem[X,0x000000008002EDB4] -> 0x0513
mem[X,0x000000008002EDB6] -> 0x1995
[7166] [M]: 0x000000008002EDB4 (0x19950513) addi a0, a0, 409
x10 <- 0x0019999999999999
mem[X,0x000000008002EDB8] -> 0x1513
mem[X,0x000000008002EDBA] -> 0x00A5
[7167] [M]: 0x000000008002EDB8 (0x00A51513) slli a0, a0, 10
x10 <- 0x6666666666666400
mem[X,0x000000008002EDBC] -> 0x0513
mem[X,0x000000008002EDBE] -> 0x2655
[7168] [M]: 0x000000008002EDBC (0x26550513) addi a0, a0, 613
x10 <- 0x6666666666666665
mem[X,0x000000008002EDC0] -> 0x0593
mem[X,0x000000008002EDC2] -> 0x0030
[7169] [M]: 0x000000008002EDC0 (0x00300593) addi a1, zero, 3
x11 <- 0x0000000000000003
mem[X,0x000000008002EDC4] -> 0x0113
mem[X,0x000000008002EDC6] -> 0x0000
[7170] [M]: 0x000000008002EDC4 (0x00000113) addi sp, zero, 0
x2 <- 0x0000000000000000
mem[X,0x000000008002EDC8] -> 0x006F
mem[X,0x000000008002EDCA] -> 0x00C0
[7171] [M]: 0x000000008002EDC8 (0x00C0006F) jal zero, 12
mem[X,0x000000008002EDD4] -> 0x5663
mem[X,0x000000008002EDD6] -> 0x00B5
[7172] [M]: 0x000000008002EDD4 (0x00B55663) bge a0, a1, 12
mem[X,0x000000008002EDE0] -> 0x0113
mem[X,0x000000008002EDE2] -> 0x0031
[7173] [M]: 0x000000008002EDE0 (0x00310113) addi sp, sp, 3
x2 <- 0x0000000000000003
mem[X,0x000000008002EDE4] -> 0x006F
mem[X,0x000000008002EDE6] -> 0x0040
[7174] [M]: 0x000000008002EDE4 (0x0040006F) jal zero, 4
mem[X,0x000000008002EDE8] -> 0xB423
mem[X,0x000000008002EDEA] -> 0x5A20
[7175] [M]: 0x000000008002EDE8 (0x5A20B423) sd sp, 1448(ra)
mem[0x0000000080049F78] <- 0x0000000000000003
mem[X,0x000000008002EDEC] -> 0x6537
mem[X,0x000000008002EDEE] -> 0x6666
[7176] [M]: 0x000000008002EDEC (0x66666537) lui a0, 419430
x10 <- 0x0000000066666000
mem[X,0x000000008002EDF0] -> 0x0513
mem[X,0x000000008002EDF2] -> 0x6665
[7177] [M]: 0x000000008002EDF0 (0x66650513) addi a0, a0, 1638
x10 <- 0x0000000066666666
mem[X,0x000000008002EDF4] -> 0x1513
mem[X,0x000000008002EDF6] -> 0x00B5
[7178] [M]: 0x000000008002EDF4 (0x00B51513) slli a0, a0, 11
x10 <- 0x0000033333333000
mem[X,0x000000008002EDF8] -> 0x0513
mem[X,0x000000008002EDFA] -> 0x3335
[7179] [M]: 0x000000008002EDF8 (0x33350513) addi a0, a0, 819
x10 <- 0x0000033333333333
mem[X,0x000000008002EDFC] -> 0x1513
mem[X,0x000000008002EDFE] -> 0x00B5
[7180] [M]: 0x000000008002EDFC (0x00B51513) slli a0, a0, 11
x10 <- 0x0019999999999800
mem[X,0x000000008002EE00] -> 0x0513
mem[X,0x000000008002EE02] -> 0x1995
[7181] [M]: 0x000000008002EE00 (0x19950513) addi a0, a0, 409
x10 <- 0x0019999999999999
mem[X,0x000000008002EE04] -> 0x1513
mem[X,0x000000008002EE06] -> 0x00A5
[7182] [M]: 0x000000008002EE04 (0x00A51513) slli a0, a0, 10
x10 <- 0x6666666666666400
mem[X,0x000000008002EE08] -> 0x0513
mem[X,0x000000008002EE0A] -> 0x2655
[7183] [M]: 0x000000008002EE08 (0x26550513) addi a0, a0, 613
x10 <- 0x6666666666666665
mem[X,0x000000008002EE0C] -> 0x55B7
mem[X,0x000000008002EE0E] -> 0x5555
[7184] [M]: 0x000000008002EE0C (0x555555B7) lui a1, 349525
x11 <- 0x0000000055555000
mem[X,0x000000008002EE10] -> 0x8593
mem[X,0x000000008002EE12] -> 0x5555
[7185] [M]: 0x000000008002EE10 (0x55558593) addi a1, a1, 1365
x11 <- 0x0000000055555555
mem[X,0x000000008002EE14] -> 0x9593
mem[X,0x000000008002EE16] -> 0x00B5
[7186] [M]: 0x000000008002EE14 (0x00B59593) slli a1, a1, 11
x11 <- 0x000002AAAAAAA800
mem[X,0x000000008002EE18] -> 0x8593
mem[X,0x000000008002EE1A] -> 0x2AA5
[7187] [M]: 0x000000008002EE18 (0x2AA58593) addi a1, a1, 682
x11 <- 0x000002AAAAAAAAAA
mem[X,0x000000008002EE1C] -> 0x9593
mem[X,0x000000008002EE1E] -> 0x00B5
[7188] [M]: 0x000000008002EE1C (0x00B59593) slli a1, a1, 11
x11 <- 0x0015555555555000
mem[X,0x000000008002EE20] -> 0x8593
mem[X,0x000000008002EE22] -> 0x5555
[7189] [M]: 0x000000008002EE20 (0x55558593) addi a1, a1, 1365
x11 <- 0x0015555555555555
mem[X,0x000000008002EE24] -> 0x9593
mem[X,0x000000008002EE26] -> 0x00A5
[7190] [M]: 0x000000008002EE24 (0x00A59593) slli a1, a1, 10
x11 <- 0x5555555555555400
mem[X,0x000000008002EE28] -> 0x8593
mem[X,0x000000008002EE2A] -> 0x1555
[7191] [M]: 0x000000008002EE28 (0x15558593) addi a1, a1, 341
x11 <- 0x5555555555555555
mem[X,0x000000008002EE2C] -> 0x0113
mem[X,0x000000008002EE2E] -> 0x0000
[7192] [M]: 0x000000008002EE2C (0x00000113) addi sp, zero, 0
x2 <- 0x0000000000000000
mem[X,0x000000008002EE30] -> 0x006F
mem[X,0x000000008002EE32] -> 0x00C0
[7193] [M]: 0x000000008002EE30 (0x00C0006F) jal zero, 12
mem[X,0x000000008002EE3C] -> 0x5063
mem[X,0x000000008002EE3E] -> 0x08B5
[7194] [M]: 0x000000008002EE3C (0x08B55063) bge a0, a1, 128
mem[X,0x000000008002EEBC] -> 0x0113
mem[X,0x000000008002EEBE] -> 0x0031
[7195] [M]: 0x000000008002EEBC (0x00310113) addi sp, sp, 3
x2 <- 0x0000000000000003
mem[X,0x000000008002EEC0] -> 0x006F
mem[X,0x000000008002EEC2] -> 0x0040
[7196] [M]: 0x000000008002EEC0 (0x0040006F) jal zero, 4
mem[X,0x000000008002EEC4] -> 0xB823
mem[X,0x000000008002EEC6] -> 0x5A20
[7197] [M]: 0x000000008002EEC4 (0x5A20B823) sd sp, 1456(ra)
mem[0x0000000080049F80] <- 0x0000000000000003
mem[X,0x000000008002EEC8] -> 0x6537
mem[X,0x000000008002EECA] -> 0x6666
[7198] [M]: 0x000000008002EEC8 (0x66666537) lui a0, 419430
x10 <- 0x0000000066666000
mem[X,0x000000008002EECC] -> 0x0513
mem[X,0x000000008002EECE] -> 0x6665
[7199] [M]: 0x000000008002EECC (0x66650513) addi a0, a0, 1638
x10 <- 0x0000000066666666
clint::tick mtime <- 0x0000000000000048
 clint timer pending at mtime 0x0000000000000048
htif::tick 0x0000000000000000
mem[X,0x000000008002EED0] -> 0x1513
mem[X,0x000000008002EED2] -> 0x00B5
[7200] [M]: 0x000000008002EED0 (0x00B51513) slli a0, a0, 11
x10 <- 0x0000033333333000
mem[X,0x000000008002EED4] -> 0x0513
mem[X,0x000000008002EED6] -> 0x3335
[7201] [M]: 0x000000008002EED4 (0x33350513) addi a0, a0, 819
x10 <- 0x0000033333333333
mem[X,0x000000008002EED8] -> 0x1513
mem[X,0x000000008002EEDA] -> 0x00B5
[7202] [M]: 0x000000008002EED8 (0x00B51513) slli a0, a0, 11
x10 <- 0x0019999999999800
mem[X,0x000000008002EEDC] -> 0x0513
mem[X,0x000000008002EEDE] -> 0x1995
[7203] [M]: 0x000000008002EEDC (0x19950513) addi a0, a0, 409
x10 <- 0x0019999999999999
mem[X,0x000000008002EEE0] -> 0x1513
mem[X,0x000000008002EEE2] -> 0x00A5
[7204] [M]: 0x000000008002EEE0 (0x00A51513) slli a0, a0, 10
x10 <- 0x6666666666666400
mem[X,0x000000008002EEE4] -> 0x0513
mem[X,0x000000008002EEE6] -> 0x2655
[7205] [M]: 0x000000008002EEE4 (0x26550513) addi a0, a0, 613
x10 <- 0x6666666666666665
mem[X,0x000000008002EEE8] -> 0xB5B7
mem[X,0x000000008002EEEA] -> 0xAAAA
[7206] [M]: 0x000000008002EEE8 (0xAAAAB5B7) lui a1, 699051
x11 <- 0xFFFFFFFFAAAAB000
mem[X,0x000000008002EEEC] -> 0x8593
mem[X,0x000000008002EEEE] -> 0xAAA5
[7207] [M]: 0x000000008002EEEC (0xAAA58593) addi a1, a1, 2730
x11 <- 0xFFFFFFFFAAAAAAAA
mem[X,0x000000008002EEF0] -> 0x9593
mem[X,0x000000008002EEF2] -> 0x00B5
[7208] [M]: 0x000000008002EEF0 (0x00B59593) slli a1, a1, 11
x11 <- 0xFFFFFD5555555000
mem[X,0x000000008002EEF4] -> 0x8593
mem[X,0x000000008002EEF6] -> 0x5555
[7209] [M]: 0x000000008002EEF4 (0x55558593) addi a1, a1, 1365
x11 <- 0xFFFFFD5555555555
mem[X,0x000000008002EEF8] -> 0x9593
mem[X,0x000000008002EEFA] -> 0x00B5
[7210] [M]: 0x000000008002EEF8 (0x00B59593) slli a1, a1, 11
x11 <- 0xFFEAAAAAAAAAA800
mem[X,0x000000008002EEFC] -> 0x8593
mem[X,0x000000008002EEFE] -> 0x2AA5
[7211] [M]: 0x000000008002EEFC (0x2AA58593) addi a1, a1, 682
x11 <- 0xFFEAAAAAAAAAAAAA
mem[X,0x000000008002EF00] -> 0x9593
mem[X,0x000000008002EF02] -> 0x00A5
[7212] [M]: 0x000000008002EF00 (0x00A59593) slli a1, a1, 10
x11 <- 0xAAAAAAAAAAAAA800
mem[X,0x000000008002EF04] -> 0x8593
mem[X,0x000000008002EF06] -> 0x2AA5
[7213] [M]: 0x000000008002EF04 (0x2AA58593) addi a1, a1, 682
x11 <- 0xAAAAAAAAAAAAAAAA
mem[X,0x000000008002EF08] -> 0x0113
mem[X,0x000000008002EF0A] -> 0x0000
[7214] [M]: 0x000000008002EF08 (0x00000113) addi sp, zero, 0
x2 <- 0x0000000000000000
mem[X,0x000000008002EF0C] -> 0x006F
mem[X,0x000000008002EF0E] -> 0x00C0
[7215] [M]: 0x000000008002EF0C (0x00C0006F) jal zero, 12
mem[X,0x000000008002EF18] -> 0x5CE3
mem[X,0x000000008002EF1A] -> 0xFEB5
[7216] [M]: 0x000000008002EF18 (0xFEB55CE3) bge a0, a1, 8184
mem[X,0x000000008002EF10] -> 0x0113
mem[X,0x000000008002EF12] -> 0x0011
[7217] [M]: 0x000000008002EF10 (0x00110113) addi sp, sp, 1
x2 <- 0x0000000000000001
mem[X,0x000000008002EF14] -> 0x006F
mem[X,0x000000008002EF16] -> 0x0180
[7218] [M]: 0x000000008002EF14 (0x0180006F) jal zero, 24
mem[X,0x000000008002EF2C] -> 0xBC23
mem[X,0x000000008002EF2E] -> 0x5A20
[7219] [M]: 0x000000008002EF2C (0x5A20BC23) sd sp, 1464(ra)
mem[0x0000000080049F88] <- 0x0000000000000001
mem[X,0x000000008002EF30] -> 0x6537
mem[X,0x000000008002EF32] -> 0x6666
[7220] [M]: 0x000000008002EF30 (0x66666537) lui a0, 419430
x10 <- 0x0000000066666000
mem[X,0x000000008002EF34] -> 0x0513
mem[X,0x000000008002EF36] -> 0x6665
[7221] [M]: 0x000000008002EF34 (0x66650513) addi a0, a0, 1638
x10 <- 0x0000000066666666
mem[X,0x000000008002EF38] -> 0x1513
mem[X,0x000000008002EF3A] -> 0x00B5
[7222] [M]: 0x000000008002EF38 (0x00B51513) slli a0, a0, 11
x10 <- 0x0000033333333000
mem[X,0x000000008002EF3C] -> 0x0513
mem[X,0x000000008002EF3E] -> 0x3335
[7223] [M]: 0x000000008002EF3C (0x33350513) addi a0, a0, 819
x10 <- 0x0000033333333333
mem[X,0x000000008002EF40] -> 0x1513
mem[X,0x000000008002EF42] -> 0x00B5
[7224] [M]: 0x000000008002EF40 (0x00B51513) slli a0, a0, 11
x10 <- 0x0019999999999800
mem[X,0x000000008002EF44] -> 0x0513
mem[X,0x000000008002EF46] -> 0x1995
[7225] [M]: 0x000000008002EF44 (0x19950513) addi a0, a0, 409
x10 <- 0x0019999999999999
mem[X,0x000000008002EF48] -> 0x1513
mem[X,0x000000008002EF4A] -> 0x00A5
[7226] [M]: 0x000000008002EF48 (0x00A51513) slli a0, a0, 10
x10 <- 0x6666666666666400
mem[X,0x000000008002EF4C] -> 0x0513
mem[X,0x000000008002EF4E] -> 0x2655
[7227] [M]: 0x000000008002EF4C (0x26550513) addi a0, a0, 613
x10 <- 0x6666666666666665
mem[X,0x000000008002EF50] -> 0x0593
mem[X,0x000000008002EF52] -> 0x0050
[7228] [M]: 0x000000008002EF50 (0x00500593) addi a1, zero, 5
x11 <- 0x0000000000000005
mem[X,0x000000008002EF54] -> 0x0113
mem[X,0x000000008002EF56] -> 0x0000
[7229] [M]: 0x000000008002EF54 (0x00000113) addi sp, zero, 0
x2 <- 0x0000000000000000
mem[X,0x000000008002EF58] -> 0x006F
mem[X,0x000000008002EF5A] -> 0x00C0
[7230] [M]: 0x000000008002EF58 (0x00C0006F) jal zero, 12
mem[X,0x000000008002EF64] -> 0x5863
mem[X,0x000000008002EF66] -> 0x00B5
[7231] [M]: 0x000000008002EF64 (0x00B55863) bge a0, a1, 16
mem[X,0x000000008002EF74] -> 0x0113
mem[X,0x000000008002EF76] -> 0x0031
[7232] [M]: 0x000000008002EF74 (0x00310113) addi sp, sp, 3
x2 <- 0x0000000000000003
mem[X,0x000000008002EF78] -> 0x006F
mem[X,0x000000008002EF7A] -> 0x0040
[7233] [M]: 0x000000008002EF78 (0x0040006F) jal zero, 4
mem[X,0x000000008002EF7C] -> 0xB023
mem[X,0x000000008002EF7E] -> 0x5C20
[7234] [M]: 0x000000008002EF7C (0x5C20B023) sd sp, 1472(ra)
mem[0x0000000080049F90] <- 0x0000000000000003
mem[X,0x000000008002EF80] -> 0x6537
mem[X,0x000000008002EF82] -> 0x6666
[7235] [M]: 0x000000008002EF80 (0x66666537) lui a0, 419430
x10 <- 0x0000000066666000
mem[X,0x000000008002EF84] -> 0x0513
mem[X,0x000000008002EF86] -> 0x6665
[7236] [M]: 0x000000008002EF84 (0x66650513) addi a0, a0, 1638
x10 <- 0x0000000066666666
mem[X,0x000000008002EF88] -> 0x1513
mem[X,0x000000008002EF8A] -> 0x00B5
[7237] [M]: 0x000000008002EF88 (0x00B51513) slli a0, a0, 11
x10 <- 0x0000033333333000
mem[X,0x000000008002EF8C] -> 0x0513
mem[X,0x000000008002EF8E] -> 0x3335
[7238] [M]: 0x000000008002EF8C (0x33350513) addi a0, a0, 819
x10 <- 0x0000033333333333
mem[X,0x000000008002EF90] -> 0x1513
mem[X,0x000000008002EF92] -> 0x00B5
[7239] [M]: 0x000000008002EF90 (0x00B51513) slli a0, a0, 11
x10 <- 0x0019999999999800
mem[X,0x000000008002EF94] -> 0x0513
mem[X,0x000000008002EF96] -> 0x1995
[7240] [M]: 0x000000008002EF94 (0x19950513) addi a0, a0, 409
x10 <- 0x0019999999999999
mem[X,0x000000008002EF98] -> 0x1513
mem[X,0x000000008002EF9A] -> 0x00A5
[7241] [M]: 0x000000008002EF98 (0x00A51513) slli a0, a0, 10
x10 <- 0x6666666666666400
mem[X,0x000000008002EF9C] -> 0x0513
mem[X,0x000000008002EF9E] -> 0x2655
[7242] [M]: 0x000000008002EF9C (0x26550513) addi a0, a0, 613
x10 <- 0x6666666666666665
mem[X,0x000000008002EFA0] -> 0x35B7
mem[X,0x000000008002EFA2] -> 0x3333
[7243] [M]: 0x000000008002EFA0 (0x333335B7) lui a1, 209715
x11 <- 0x0000000033333000
mem[X,0x000000008002EFA4] -> 0x8593
mem[X,0x000000008002EFA6] -> 0x3335
[7244] [M]: 0x000000008002EFA4 (0x33358593) addi a1, a1, 819
x11 <- 0x0000000033333333
mem[X,0x000000008002EFA8] -> 0x9593
mem[X,0x000000008002EFAA] -> 0x00B5
[7245] [M]: 0x000000008002EFA8 (0x00B59593) slli a1, a1, 11
x11 <- 0x0000019999999800
mem[X,0x000000008002EFAC] -> 0x8593
mem[X,0x000000008002EFAE] -> 0x1995
[7246] [M]: 0x000000008002EFAC (0x19958593) addi a1, a1, 409
x11 <- 0x0000019999999999
mem[X,0x000000008002EFB0] -> 0x9593
mem[X,0x000000008002EFB2] -> 0x00B5
[7247] [M]: 0x000000008002EFB0 (0x00B59593) slli a1, a1, 11
x11 <- 0x000CCCCCCCCCC800
mem[X,0x000000008002EFB4] -> 0x8593
mem[X,0x000000008002EFB6] -> 0x4CC5
[7248] [M]: 0x000000008002EFB4 (0x4CC58593) addi a1, a1, 1228
x11 <- 0x000CCCCCCCCCCCCC
mem[X,0x000000008002EFB8] -> 0x9593
mem[X,0x000000008002EFBA] -> 0x00A5
[7249] [M]: 0x000000008002EFB8 (0x00A59593) slli a1, a1, 10
x11 <- 0x3333333333333000
mem[X,0x000000008002EFBC] -> 0x8593
mem[X,0x000000008002EFBE] -> 0x3335
[7250] [M]: 0x000000008002EFBC (0x33358593) addi a1, a1, 819
x11 <- 0x3333333333333333
mem[X,0x000000008002EFC0] -> 0x0113
mem[X,0x000000008002EFC2] -> 0x0000
[7251] [M]: 0x000000008002EFC0 (0x00000113) addi sp, zero, 0
x2 <- 0x0000000000000000
mem[X,0x000000008002EFC4] -> 0x006F
mem[X,0x000000008002EFC6] -> 0x00C0
[7252] [M]: 0x000000008002EFC4 (0x00C0006F) jal zero, 12
mem[X,0x000000008002EFD0] -> 0x5CE3
mem[X,0x000000008002EFD2] -> 0xFEB5
[7253] [M]: 0x000000008002EFD0 (0xFEB55CE3) bge a0, a1, 8184
mem[X,0x000000008002EFC8] -> 0x0113
mem[X,0x000000008002EFCA] -> 0x0011
[7254] [M]: 0x000000008002EFC8 (0x00110113) addi sp, sp, 1
x2 <- 0x0000000000000001
mem[X,0x000000008002EFCC] -> 0x006F
mem[X,0x000000008002EFCE] -> 0x0180
[7255] [M]: 0x000000008002EFCC (0x0180006F) jal zero, 24
mem[X,0x000000008002EFE4] -> 0xB423
mem[X,0x000000008002EFE6] -> 0x5C20
[7256] [M]: 0x000000008002EFE4 (0x5C20B423) sd sp, 1480(ra)
mem[0x0000000080049F98] <- 0x0000000000000001
mem[X,0x000000008002EFE8] -> 0x6537
mem[X,0x000000008002EFEA] -> 0x6666
[7257] [M]: 0x000000008002EFE8 (0x66666537) lui a0, 419430
x10 <- 0x0000000066666000
mem[X,0x000000008002EFEC] -> 0x0513
mem[X,0x000000008002EFEE] -> 0x6665
[7258] [M]: 0x000000008002EFEC (0x66650513) addi a0, a0, 1638
x10 <- 0x0000000066666666
mem[X,0x000000008002EFF0] -> 0x1513
mem[X,0x000000008002EFF2] -> 0x00B5
[7259] [M]: 0x000000008002EFF0 (0x00B51513) slli a0, a0, 11
x10 <- 0x0000033333333000
mem[X,0x000000008002EFF4] -> 0x0513
mem[X,0x000000008002EFF6] -> 0x3335
[7260] [M]: 0x000000008002EFF4 (0x33350513) addi a0, a0, 819
x10 <- 0x0000033333333333
mem[X,0x000000008002EFF8] -> 0x1513
mem[X,0x000000008002EFFA] -> 0x00B5
[7261] [M]: 0x000000008002EFF8 (0x00B51513) slli a0, a0, 11
x10 <- 0x0019999999999800
mem[X,0x000000008002EFFC] -> 0x0513
mem[X,0x000000008002EFFE] -> 0x1995
[7262] [M]: 0x000000008002EFFC (0x19950513) addi a0, a0, 409
x10 <- 0x0019999999999999
mem[X,0x000000008002F000] -> 0x1513
mem[X,0x000000008002F002] -> 0x00A5
[7263] [M]: 0x000000008002F000 (0x00A51513) slli a0, a0, 10
x10 <- 0x6666666666666400
mem[X,0x000000008002F004] -> 0x0513
mem[X,0x000000008002F006] -> 0x2655
[7264] [M]: 0x000000008002F004 (0x26550513) addi a0, a0, 613
x10 <- 0x6666666666666665
mem[X,0x000000008002F008] -> 0x65B7
mem[X,0x000000008002F00A] -> 0x6666
[7265] [M]: 0x000000008002F008 (0x666665B7) lui a1, 419430
x11 <- 0x0000000066666000
mem[X,0x000000008002F00C] -> 0x8593
mem[X,0x000000008002F00E] -> 0x6665
[7266] [M]: 0x000000008002F00C (0x66658593) addi a1, a1, 1638
x11 <- 0x0000000066666666
mem[X,0x000000008002F010] -> 0x9593
mem[X,0x000000008002F012] -> 0x00B5
[7267] [M]: 0x000000008002F010 (0x00B59593) slli a1, a1, 11
x11 <- 0x0000033333333000
mem[X,0x000000008002F014] -> 0x8593
mem[X,0x000000008002F016] -> 0x3335
[7268] [M]: 0x000000008002F014 (0x33358593) addi a1, a1, 819
x11 <- 0x0000033333333333
mem[X,0x000000008002F018] -> 0x9593
mem[X,0x000000008002F01A] -> 0x00B5
[7269] [M]: 0x000000008002F018 (0x00B59593) slli a1, a1, 11
x11 <- 0x0019999999999800
mem[X,0x000000008002F01C] -> 0x8593
mem[X,0x000000008002F01E] -> 0x1995
[7270] [M]: 0x000000008002F01C (0x19958593) addi a1, a1, 409
x11 <- 0x0019999999999999
mem[X,0x000000008002F020] -> 0x9593
mem[X,0x000000008002F022] -> 0x00A5
[7271] [M]: 0x000000008002F020 (0x00A59593) slli a1, a1, 10
x11 <- 0x6666666666666400
mem[X,0x000000008002F024] -> 0x8593
mem[X,0x000000008002F026] -> 0x2665
[7272] [M]: 0x000000008002F024 (0x26658593) addi a1, a1, 614
x11 <- 0x6666666666666666
mem[X,0x000000008002F028] -> 0x0113
mem[X,0x000000008002F02A] -> 0x0000
[7273] [M]: 0x000000008002F028 (0x00000113) addi sp, zero, 0
x2 <- 0x0000000000000000
mem[X,0x000000008002F02C] -> 0x006F
mem[X,0x000000008002F02E] -> 0x00C0
[7274] [M]: 0x000000008002F02C (0x00C0006F) jal zero, 12
mem[X,0x000000008002F038] -> 0x5663
mem[X,0x000000008002F03A] -> 0x00B5
[7275] [M]: 0x000000008002F038 (0x00B55663) bge a0, a1, 12
mem[X,0x000000008002F03C] -> 0x0113
mem[X,0x000000008002F03E] -> 0x0021
[7276] [M]: 0x000000008002F03C (0x00210113) addi sp, sp, 2
x2 <- 0x0000000000000002
mem[X,0x000000008002F040] -> 0x006F
mem[X,0x000000008002F042] -> 0x00C0
[7277] [M]: 0x000000008002F040 (0x00C0006F) jal zero, 12
mem[X,0x000000008002F04C] -> 0xB823
mem[X,0x000000008002F04E] -> 0x5C20
[7278] [M]: 0x000000008002F04C (0x5C20B823) sd sp, 1488(ra)
mem[0x0000000080049FA0] <- 0x0000000000000002
mem[X,0x000000008002F050] -> 0x6537
mem[X,0x000000008002F052] -> 0x6666
[7279] [M]: 0x000000008002F050 (0x66666537) lui a0, 419430
x10 <- 0x0000000066666000
mem[X,0x000000008002F054] -> 0x0513
mem[X,0x000000008002F056] -> 0x6665
[7280] [M]: 0x000000008002F054 (0x66650513) addi a0, a0, 1638
x10 <- 0x0000000066666666
mem[X,0x000000008002F058] -> 0x1513
mem[X,0x000000008002F05A] -> 0x00B5
[7281] [M]: 0x000000008002F058 (0x00B51513) slli a0, a0, 11
x10 <- 0x0000033333333000
mem[X,0x000000008002F05C] -> 0x0513
mem[X,0x000000008002F05E] -> 0x3335
[7282] [M]: 0x000000008002F05C (0x33350513) addi a0, a0, 819
x10 <- 0x0000033333333333
mem[X,0x000000008002F060] -> 0x1513
mem[X,0x000000008002F062] -> 0x00B5
[7283] [M]: 0x000000008002F060 (0x00B51513) slli a0, a0, 11
x10 <- 0x0019999999999800
mem[X,0x000000008002F064] -> 0x0513
mem[X,0x000000008002F066] -> 0x1995
[7284] [M]: 0x000000008002F064 (0x19950513) addi a0, a0, 409
x10 <- 0x0019999999999999
mem[X,0x000000008002F068] -> 0x1513
mem[X,0x000000008002F06A] -> 0x00A5
[7285] [M]: 0x000000008002F068 (0x00A51513) slli a0, a0, 10
x10 <- 0x6666666666666400
mem[X,0x000000008002F06C] -> 0x0513
mem[X,0x000000008002F06E] -> 0x2655
[7286] [M]: 0x000000008002F06C (0x26550513) addi a0, a0, 613
x10 <- 0x6666666666666665
mem[X,0x000000008002F070] -> 0x05B7
mem[X,0x000000008002F072] -> 0x0000
[7287] [M]: 0x000000008002F070 (0x000005B7) lui a1, 0
x11 <- 0x0000000000000000
mem[X,0x000000008002F074] -> 0x8593
mem[X,0x000000008002F076] -> 0xFFF5
[7288] [M]: 0x000000008002F074 (0xFFF58593) addi a1, a1, 4095
x11 <- 0xFFFFFFFFFFFFFFFF
mem[X,0x000000008002F078] -> 0x9593
mem[X,0x000000008002F07A] -> 0x00B5
[7289] [M]: 0x000000008002F078 (0x00B59593) slli a1, a1, 11
x11 <- 0xFFFFFFFFFFFFF800
mem[X,0x000000008002F07C] -> 0x8593
mem[X,0x000000008002F07E] -> 0x2575
[7290] [M]: 0x000000008002F07C (0x25758593) addi a1, a1, 599
x11 <- 0xFFFFFFFFFFFFFA57
mem[X,0x000000008002F080] -> 0x9593
mem[X,0x000000008002F082] -> 0x00B5
[7291] [M]: 0x000000008002F080 (0x00B59593) slli a1, a1, 11
x11 <- 0xFFFFFFFFFFD2B800
mem[X,0x000000008002F084] -> 0x8593
mem[X,0x000000008002F086] -> 0x6C35
[7292] [M]: 0x000000008002F084 (0x6C358593) addi a1, a1, 1731
x11 <- 0xFFFFFFFFFFD2BEC3
mem[X,0x000000008002F088] -> 0x9593
mem[X,0x000000008002F08A] -> 0x00A5
[7293] [M]: 0x000000008002F088 (0x00A59593) slli a1, a1, 10
x11 <- 0xFFFFFFFF4AFB0C00
mem[X,0x000000008002F08C] -> 0x8593
mem[X,0x000000008002F08E] -> 0x0CD5
[7294] [M]: 0x000000008002F08C (0x0CD58593) addi a1, a1, 205
x11 <- 0xFFFFFFFF4AFB0CCD
mem[X,0x000000008002F090] -> 0x0113
mem[X,0x000000008002F092] -> 0x0000
[7295] [M]: 0x000000008002F090 (0x00000113) addi sp, zero, 0
x2 <- 0x0000000000000000
mem[X,0x000000008002F094] -> 0x006F
mem[X,0x000000008002F096] -> 0x00C0
[7296] [M]: 0x000000008002F094 (0x00C0006F) jal zero, 12
mem[X,0x000000008002F0A0] -> 0x5063
mem[X,0x000000008002F0A2] -> 0x04B5
[7297] [M]: 0x000000008002F0A0 (0x04B55063) bge a0, a1, 64
mem[X,0x000000008002F0E0] -> 0x0113
mem[X,0x000000008002F0E2] -> 0x0031
[7298] [M]: 0x000000008002F0E0 (0x00310113) addi sp, sp, 3
x2 <- 0x0000000000000003
mem[X,0x000000008002F0E4] -> 0x006F
mem[X,0x000000008002F0E6] -> 0x0040
[7299] [M]: 0x000000008002F0E4 (0x0040006F) jal zero, 4
clint::tick mtime <- 0x0000000000000049
 clint timer pending at mtime 0x0000000000000049
htif::tick 0x0000000000000000
mem[X,0x000000008002F0E8] -> 0xBC23
mem[X,0x000000008002F0EA] -> 0x5C20
[7300] [M]: 0x000000008002F0E8 (0x5C20BC23) sd sp, 1496(ra)
mem[0x0000000080049FA8] <- 0x0000000000000003
mem[X,0x000000008002F0EC] -> 0x6537
mem[X,0x000000008002F0EE] -> 0x6666
[7301] [M]: 0x000000008002F0EC (0x66666537) lui a0, 419430
x10 <- 0x0000000066666000
mem[X,0x000000008002F0F0] -> 0x0513
mem[X,0x000000008002F0F2] -> 0x6665
[7302] [M]: 0x000000008002F0F0 (0x66650513) addi a0, a0, 1638
x10 <- 0x0000000066666666
mem[X,0x000000008002F0F4] -> 0x1513
mem[X,0x000000008002F0F6] -> 0x00B5
[7303] [M]: 0x000000008002F0F4 (0x00B51513) slli a0, a0, 11
x10 <- 0x0000033333333000
mem[X,0x000000008002F0F8] -> 0x0513
mem[X,0x000000008002F0FA] -> 0x3335
[7304] [M]: 0x000000008002F0F8 (0x33350513) addi a0, a0, 819
x10 <- 0x0000033333333333
mem[X,0x000000008002F0FC] -> 0x1513
mem[X,0x000000008002F0FE] -> 0x00B5
[7305] [M]: 0x000000008002F0FC (0x00B51513) slli a0, a0, 11
x10 <- 0x0019999999999800
mem[X,0x000000008002F100] -> 0x0513
mem[X,0x000000008002F102] -> 0x1995
[7306] [M]: 0x000000008002F100 (0x19950513) addi a0, a0, 409
x10 <- 0x0019999999999999
mem[X,0x000000008002F104] -> 0x1513
mem[X,0x000000008002F106] -> 0x00A5
[7307] [M]: 0x000000008002F104 (0x00A51513) slli a0, a0, 10
x10 <- 0x6666666666666400
mem[X,0x000000008002F108] -> 0x0513
mem[X,0x000000008002F10A] -> 0x2655
[7308] [M]: 0x000000008002F108 (0x26550513) addi a0, a0, 613
x10 <- 0x6666666666666665
mem[X,0x000000008002F10C] -> 0x05B7
mem[X,0x000000008002F10E] -> 0x0000
[7309] [M]: 0x000000008002F10C (0x000005B7) lui a1, 0
x11 <- 0x0000000000000000
mem[X,0x000000008002F110] -> 0x8593
mem[X,0x000000008002F112] -> 0x0005
[7310] [M]: 0x000000008002F110 (0x00058593) addi a1, a1, 0
x11 <- 0x0000000000000000
mem[X,0x000000008002F114] -> 0x9593
mem[X,0x000000008002F116] -> 0x00B5
[7311] [M]: 0x000000008002F114 (0x00B59593) slli a1, a1, 11
x11 <- 0x0000000000000000
mem[X,0x000000008002F118] -> 0x8593
mem[X,0x000000008002F11A] -> 0x5A85
[7312] [M]: 0x000000008002F118 (0x5A858593) addi a1, a1, 1448
x11 <- 0x00000000000005A8
mem[X,0x000000008002F11C] -> 0x9593
mem[X,0x000000008002F11E] -> 0x00B5
[7313] [M]: 0x000000008002F11C (0x00B59593) slli a1, a1, 11
x11 <- 0x00000000002D4000
mem[X,0x000000008002F120] -> 0x8593
mem[X,0x000000008002F122] -> 0x13C5
[7314] [M]: 0x000000008002F120 (0x13C58593) addi a1, a1, 316
x11 <- 0x00000000002D413C
mem[X,0x000000008002F124] -> 0x9593
mem[X,0x000000008002F126] -> 0x00A5
[7315] [M]: 0x000000008002F124 (0x00A59593) slli a1, a1, 10
x11 <- 0x00000000B504F000
mem[X,0x000000008002F128] -> 0x8593
mem[X,0x000000008002F12A] -> 0x3335
[7316] [M]: 0x000000008002F128 (0x33358593) addi a1, a1, 819
x11 <- 0x00000000B504F333
mem[X,0x000000008002F12C] -> 0x0113
mem[X,0x000000008002F12E] -> 0x0000
[7317] [M]: 0x000000008002F12C (0x00000113) addi sp, zero, 0
x2 <- 0x0000000000000000
mem[X,0x000000008002F130] -> 0x006F
mem[X,0x000000008002F132] -> 0x00C0
[7318] [M]: 0x000000008002F130 (0x00C0006F) jal zero, 12
mem[X,0x000000008002F13C] -> 0x5CE3
mem[X,0x000000008002F13E] -> 0xFEB5
[7319] [M]: 0x000000008002F13C (0xFEB55CE3) bge a0, a1, 8184
mem[X,0x000000008002F134] -> 0x0113
mem[X,0x000000008002F136] -> 0x0011
[7320] [M]: 0x000000008002F134 (0x00110113) addi sp, sp, 1
x2 <- 0x0000000000000001
mem[X,0x000000008002F138] -> 0x006F
mem[X,0x000000008002F13A] -> 0x0180
[7321] [M]: 0x000000008002F138 (0x0180006F) jal zero, 24
mem[X,0x000000008002F150] -> 0xB023
mem[X,0x000000008002F152] -> 0x5E20
[7322] [M]: 0x000000008002F150 (0x5E20B023) sd sp, 1504(ra)
mem[0x0000000080049FB0] <- 0x0000000000000001
mem[X,0x000000008002F154] -> 0x6537
mem[X,0x000000008002F156] -> 0x6666
[7323] [M]: 0x000000008002F154 (0x66666537) lui a0, 419430
x10 <- 0x0000000066666000
mem[X,0x000000008002F158] -> 0x0513
mem[X,0x000000008002F15A] -> 0x6665
[7324] [M]: 0x000000008002F158 (0x66650513) addi a0, a0, 1638
x10 <- 0x0000000066666666
mem[X,0x000000008002F15C] -> 0x1513
mem[X,0x000000008002F15E] -> 0x00B5
[7325] [M]: 0x000000008002F15C (0x00B51513) slli a0, a0, 11
x10 <- 0x0000033333333000
mem[X,0x000000008002F160] -> 0x0513
mem[X,0x000000008002F162] -> 0x3335
[7326] [M]: 0x000000008002F160 (0x33350513) addi a0, a0, 819
x10 <- 0x0000033333333333
mem[X,0x000000008002F164] -> 0x1513
mem[X,0x000000008002F166] -> 0x00B5
[7327] [M]: 0x000000008002F164 (0x00B51513) slli a0, a0, 11
x10 <- 0x0019999999999800
mem[X,0x000000008002F168] -> 0x0513
mem[X,0x000000008002F16A] -> 0x1995
[7328] [M]: 0x000000008002F168 (0x19950513) addi a0, a0, 409
x10 <- 0x0019999999999999
mem[X,0x000000008002F16C] -> 0x1513
mem[X,0x000000008002F16E] -> 0x00A5
[7329] [M]: 0x000000008002F16C (0x00A51513) slli a0, a0, 10
x10 <- 0x6666666666666400
mem[X,0x000000008002F170] -> 0x0513
mem[X,0x000000008002F172] -> 0x2655
[7330] [M]: 0x000000008002F170 (0x26550513) addi a0, a0, 613
x10 <- 0x6666666666666665
mem[X,0x000000008002F174] -> 0x0593
mem[X,0x000000008002F176] -> 0x0020
[7331] [M]: 0x000000008002F174 (0x00200593) addi a1, zero, 2
x11 <- 0x0000000000000002
mem[X,0x000000008002F178] -> 0x0113
mem[X,0x000000008002F17A] -> 0x0000
[7332] [M]: 0x000000008002F178 (0x00000113) addi sp, zero, 0
x2 <- 0x0000000000000000
mem[X,0x000000008002F17C] -> 0x006F
mem[X,0x000000008002F17E] -> 0x00C0
[7333] [M]: 0x000000008002F17C (0x00C0006F) jal zero, 12
mem[X,0x000000008002F188] -> 0x5CE3
mem[X,0x000000008002F18A] -> 0xFEB5
[7334] [M]: 0x000000008002F188 (0xFEB55CE3) bge a0, a1, 8184
mem[X,0x000000008002F180] -> 0x0113
mem[X,0x000000008002F182] -> 0x0011
[7335] [M]: 0x000000008002F180 (0x00110113) addi sp, sp, 1
x2 <- 0x0000000000000001
mem[X,0x000000008002F184] -> 0x006F
mem[X,0x000000008002F186] -> 0x0180
[7336] [M]: 0x000000008002F184 (0x0180006F) jal zero, 24
mem[X,0x000000008002F19C] -> 0xB423
mem[X,0x000000008002F19E] -> 0x5E20
[7337] [M]: 0x000000008002F19C (0x5E20B423) sd sp, 1512(ra)
mem[0x0000000080049FB8] <- 0x0000000000000001
mem[X,0x000000008002F1A0] -> 0x6537
mem[X,0x000000008002F1A2] -> 0x6666
[7338] [M]: 0x000000008002F1A0 (0x66666537) lui a0, 419430
x10 <- 0x0000000066666000
mem[X,0x000000008002F1A4] -> 0x0513
mem[X,0x000000008002F1A6] -> 0x6665
[7339] [M]: 0x000000008002F1A4 (0x66650513) addi a0, a0, 1638
x10 <- 0x0000000066666666
mem[X,0x000000008002F1A8] -> 0x1513
mem[X,0x000000008002F1AA] -> 0x00B5
[7340] [M]: 0x000000008002F1A8 (0x00B51513) slli a0, a0, 11
x10 <- 0x0000033333333000
mem[X,0x000000008002F1AC] -> 0x0513
mem[X,0x000000008002F1AE] -> 0x3335
[7341] [M]: 0x000000008002F1AC (0x33350513) addi a0, a0, 819
x10 <- 0x0000033333333333
mem[X,0x000000008002F1B0] -> 0x1513
mem[X,0x000000008002F1B2] -> 0x00B5
[7342] [M]: 0x000000008002F1B0 (0x00B51513) slli a0, a0, 11
x10 <- 0x0019999999999800
mem[X,0x000000008002F1B4] -> 0x0513
mem[X,0x000000008002F1B6] -> 0x1995
[7343] [M]: 0x000000008002F1B4 (0x19950513) addi a0, a0, 409
x10 <- 0x0019999999999999
mem[X,0x000000008002F1B8] -> 0x1513
mem[X,0x000000008002F1BA] -> 0x00A5
[7344] [M]: 0x000000008002F1B8 (0x00A51513) slli a0, a0, 10
x10 <- 0x6666666666666400
mem[X,0x000000008002F1BC] -> 0x0513
mem[X,0x000000008002F1BE] -> 0x2655
[7345] [M]: 0x000000008002F1BC (0x26550513) addi a0, a0, 613
x10 <- 0x6666666666666665
mem[X,0x000000008002F1C0] -> 0x55B7
mem[X,0x000000008002F1C2] -> 0x5555
[7346] [M]: 0x000000008002F1C0 (0x555555B7) lui a1, 349525
x11 <- 0x0000000055555000
mem[X,0x000000008002F1C4] -> 0x8593
mem[X,0x000000008002F1C6] -> 0x5555
[7347] [M]: 0x000000008002F1C4 (0x55558593) addi a1, a1, 1365
x11 <- 0x0000000055555555
mem[X,0x000000008002F1C8] -> 0x9593
mem[X,0x000000008002F1CA] -> 0x00B5
[7348] [M]: 0x000000008002F1C8 (0x00B59593) slli a1, a1, 11
x11 <- 0x000002AAAAAAA800
mem[X,0x000000008002F1CC] -> 0x8593
mem[X,0x000000008002F1CE] -> 0x2AA5
[7349] [M]: 0x000000008002F1CC (0x2AA58593) addi a1, a1, 682
x11 <- 0x000002AAAAAAAAAA
mem[X,0x000000008002F1D0] -> 0x9593
mem[X,0x000000008002F1D2] -> 0x00B5
[7350] [M]: 0x000000008002F1D0 (0x00B59593) slli a1, a1, 11
x11 <- 0x0015555555555000
mem[X,0x000000008002F1D4] -> 0x8593
mem[X,0x000000008002F1D6] -> 0x5555
[7351] [M]: 0x000000008002F1D4 (0x55558593) addi a1, a1, 1365
x11 <- 0x0015555555555555
mem[X,0x000000008002F1D8] -> 0x9593
mem[X,0x000000008002F1DA] -> 0x00A5
[7352] [M]: 0x000000008002F1D8 (0x00A59593) slli a1, a1, 10
x11 <- 0x5555555555555400
mem[X,0x000000008002F1DC] -> 0x8593
mem[X,0x000000008002F1DE] -> 0x1545
[7353] [M]: 0x000000008002F1DC (0x15458593) addi a1, a1, 340
x11 <- 0x5555555555555554
mem[X,0x000000008002F1E0] -> 0x0113
mem[X,0x000000008002F1E2] -> 0x0000
[7354] [M]: 0x000000008002F1E0 (0x00000113) addi sp, zero, 0
x2 <- 0x0000000000000000
mem[X,0x000000008002F1E4] -> 0x006F
mem[X,0x000000008002F1E6] -> 0x0100
[7355] [M]: 0x000000008002F1E4 (0x0100006F) jal zero, 16
mem[X,0x000000008002F1F4] -> 0x5AE3
mem[X,0x000000008002F1F6] -> 0xFEB5
[7356] [M]: 0x000000008002F1F4 (0xFEB55AE3) bge a0, a1, 8180
mem[X,0x000000008002F1E8] -> 0x0113
mem[X,0x000000008002F1EA] -> 0x0011
[7357] [M]: 0x000000008002F1E8 (0x00110113) addi sp, sp, 1
x2 <- 0x0000000000000001
mem[X,0x000000008002F1EC] -> 0x006F
mem[X,0x000000008002F1EE] -> 0x01C0
[7358] [M]: 0x000000008002F1EC (0x01C0006F) jal zero, 28
mem[X,0x000000008002F208] -> 0xB823
mem[X,0x000000008002F20A] -> 0x5E20
[7359] [M]: 0x000000008002F208 (0x5E20B823) sd sp, 1520(ra)
mem[0x0000000080049FC0] <- 0x0000000000000001
mem[X,0x000000008002F20C] -> 0x6537
mem[X,0x000000008002F20E] -> 0x6666
[7360] [M]: 0x000000008002F20C (0x66666537) lui a0, 419430
x10 <- 0x0000000066666000
mem[X,0x000000008002F210] -> 0x0513
mem[X,0x000000008002F212] -> 0x6665
[7361] [M]: 0x000000008002F210 (0x66650513) addi a0, a0, 1638
x10 <- 0x0000000066666666
mem[X,0x000000008002F214] -> 0x1513
mem[X,0x000000008002F216] -> 0x00B5
[7362] [M]: 0x000000008002F214 (0x00B51513) slli a0, a0, 11
x10 <- 0x0000033333333000
mem[X,0x000000008002F218] -> 0x0513
mem[X,0x000000008002F21A] -> 0x3335
[7363] [M]: 0x000000008002F218 (0x33350513) addi a0, a0, 819
x10 <- 0x0000033333333333
mem[X,0x000000008002F21C] -> 0x1513
mem[X,0x000000008002F21E] -> 0x00B5
[7364] [M]: 0x000000008002F21C (0x00B51513) slli a0, a0, 11
x10 <- 0x0019999999999800
mem[X,0x000000008002F220] -> 0x0513
mem[X,0x000000008002F222] -> 0x1995
[7365] [M]: 0x000000008002F220 (0x19950513) addi a0, a0, 409
x10 <- 0x0019999999999999
mem[X,0x000000008002F224] -> 0x1513
mem[X,0x000000008002F226] -> 0x00A5
[7366] [M]: 0x000000008002F224 (0x00A51513) slli a0, a0, 10
x10 <- 0x6666666666666400
mem[X,0x000000008002F228] -> 0x0513
mem[X,0x000000008002F22A] -> 0x2655
[7367] [M]: 0x000000008002F228 (0x26550513) addi a0, a0, 613
x10 <- 0x6666666666666665
mem[X,0x000000008002F22C] -> 0x0593
mem[X,0x000000008002F22E] -> 0x0000
[7368] [M]: 0x000000008002F22C (0x00000593) addi a1, zero, 0
x11 <- 0x0000000000000000
mem[X,0x000000008002F230] -> 0x0113
mem[X,0x000000008002F232] -> 0x0000
[7369] [M]: 0x000000008002F230 (0x00000113) addi sp, zero, 0
x2 <- 0x0000000000000000
mem[X,0x000000008002F234] -> 0x006F
mem[X,0x000000008002F236] -> 0x00C0
[7370] [M]: 0x000000008002F234 (0x00C0006F) jal zero, 12
mem[X,0x000000008002F240] -> 0x5063
mem[X,0x000000008002F242] -> 0x20B5
[7371] [M]: 0x000000008002F240 (0x20B55063) bge a0, a1, 512
mem[X,0x000000008002F440] -> 0x0113
mem[X,0x000000008002F442] -> 0x0031
[7372] [M]: 0x000000008002F440 (0x00310113) addi sp, sp, 3
x2 <- 0x0000000000000003
mem[X,0x000000008002F444] -> 0x006F
mem[X,0x000000008002F446] -> 0x0040
[7373] [M]: 0x000000008002F444 (0x0040006F) jal zero, 4
mem[X,0x000000008002F448] -> 0xBC23
mem[X,0x000000008002F44A] -> 0x5E20
[7374] [M]: 0x000000008002F448 (0x5E20BC23) sd sp, 1528(ra)
mem[0x0000000080049FC8] <- 0x0000000000000003
mem[X,0x000000008002F44C] -> 0x6537
mem[X,0x000000008002F44E] -> 0x6666
[7375] [M]: 0x000000008002F44C (0x66666537) lui a0, 419430
x10 <- 0x0000000066666000
mem[X,0x000000008002F450] -> 0x0513
mem[X,0x000000008002F452] -> 0x6665
[7376] [M]: 0x000000008002F450 (0x66650513) addi a0, a0, 1638
x10 <- 0x0000000066666666
mem[X,0x000000008002F454] -> 0x1513
mem[X,0x000000008002F456] -> 0x00B5
[7377] [M]: 0x000000008002F454 (0x00B51513) slli a0, a0, 11
x10 <- 0x0000033333333000
mem[X,0x000000008002F458] -> 0x0513
mem[X,0x000000008002F45A] -> 0x3335
[7378] [M]: 0x000000008002F458 (0x33350513) addi a0, a0, 819
x10 <- 0x0000033333333333
mem[X,0x000000008002F45C] -> 0x1513
mem[X,0x000000008002F45E] -> 0x00B5
[7379] [M]: 0x000000008002F45C (0x00B51513) slli a0, a0, 11
x10 <- 0x0019999999999800
mem[X,0x000000008002F460] -> 0x0513
mem[X,0x000000008002F462] -> 0x1995
[7380] [M]: 0x000000008002F460 (0x19950513) addi a0, a0, 409
x10 <- 0x0019999999999999
mem[X,0x000000008002F464] -> 0x1513
mem[X,0x000000008002F466] -> 0x00A5
[7381] [M]: 0x000000008002F464 (0x00A51513) slli a0, a0, 10
x10 <- 0x6666666666666400
mem[X,0x000000008002F468] -> 0x0513
mem[X,0x000000008002F46A] -> 0x2655
[7382] [M]: 0x000000008002F468 (0x26550513) addi a0, a0, 613
x10 <- 0x6666666666666665
mem[X,0x000000008002F46C] -> 0x0593
mem[X,0x000000008002F46E] -> 0x0040
[7383] [M]: 0x000000008002F46C (0x00400593) addi a1, zero, 4
x11 <- 0x0000000000000004
mem[X,0x000000008002F470] -> 0x0113
mem[X,0x000000008002F472] -> 0x0000
[7384] [M]: 0x000000008002F470 (0x00000113) addi sp, zero, 0
x2 <- 0x0000000000000000
mem[X,0x000000008002F474] -> 0x006F
mem[X,0x000000008002F476] -> 0x0180
[7385] [M]: 0x000000008002F474 (0x0180006F) jal zero, 24
mem[X,0x000000008002F48C] -> 0x56E3
mem[X,0x000000008002F48E] -> 0xFEB5
[7386] [M]: 0x000000008002F48C (0xFEB556E3) bge a0, a1, 8172
mem[X,0x000000008002F478] -> 0x0113
mem[X,0x000000008002F47A] -> 0x0011
[7387] [M]: 0x000000008002F478 (0x00110113) addi sp, sp, 1
x2 <- 0x0000000000000001
mem[X,0x000000008002F47C] -> 0x006F
mem[X,0x000000008002F47E] -> 0x0240
[7388] [M]: 0x000000008002F47C (0x0240006F) jal zero, 36
mem[X,0x000000008002F4A0] -> 0xB023
mem[X,0x000000008002F4A2] -> 0x6020
[7389] [M]: 0x000000008002F4A0 (0x6020B023) sd sp, 1536(ra)
mem[0x0000000080049FD0] <- 0x0000000000000001
mem[X,0x000000008002F4A4] -> 0x6537
mem[X,0x000000008002F4A6] -> 0x6666
[7390] [M]: 0x000000008002F4A4 (0x66666537) lui a0, 419430
x10 <- 0x0000000066666000
mem[X,0x000000008002F4A8] -> 0x0513
mem[X,0x000000008002F4AA] -> 0x6665
[7391] [M]: 0x000000008002F4A8 (0x66650513) addi a0, a0, 1638
x10 <- 0x0000000066666666
mem[X,0x000000008002F4AC] -> 0x1513
mem[X,0x000000008002F4AE] -> 0x00B5
[7392] [M]: 0x000000008002F4AC (0x00B51513) slli a0, a0, 11
x10 <- 0x0000033333333000
mem[X,0x000000008002F4B0] -> 0x0513
mem[X,0x000000008002F4B2] -> 0x3335
[7393] [M]: 0x000000008002F4B0 (0x33350513) addi a0, a0, 819
x10 <- 0x0000033333333333
mem[X,0x000000008002F4B4] -> 0x1513
mem[X,0x000000008002F4B6] -> 0x00B5
[7394] [M]: 0x000000008002F4B4 (0x00B51513) slli a0, a0, 11
x10 <- 0x0019999999999800
mem[X,0x000000008002F4B8] -> 0x0513
mem[X,0x000000008002F4BA] -> 0x1995
[7395] [M]: 0x000000008002F4B8 (0x19950513) addi a0, a0, 409
x10 <- 0x0019999999999999
mem[X,0x000000008002F4BC] -> 0x1513
mem[X,0x000000008002F4BE] -> 0x00A5
[7396] [M]: 0x000000008002F4BC (0x00A51513) slli a0, a0, 10
x10 <- 0x6666666666666400
mem[X,0x000000008002F4C0] -> 0x0513
mem[X,0x000000008002F4C2] -> 0x2655
[7397] [M]: 0x000000008002F4C0 (0x26550513) addi a0, a0, 613
x10 <- 0x6666666666666665
mem[X,0x000000008002F4C4] -> 0x35B7
mem[X,0x000000008002F4C6] -> 0x3333
[7398] [M]: 0x000000008002F4C4 (0x333335B7) lui a1, 209715
x11 <- 0x0000000033333000
mem[X,0x000000008002F4C8] -> 0x8593
mem[X,0x000000008002F4CA] -> 0x3335
[7399] [M]: 0x000000008002F4C8 (0x33358593) addi a1, a1, 819
x11 <- 0x0000000033333333
clint::tick mtime <- 0x000000000000004A
 clint timer pending at mtime 0x000000000000004A
htif::tick 0x0000000000000000
mem[X,0x000000008002F4CC] -> 0x9593
mem[X,0x000000008002F4CE] -> 0x00B5
[7400] [M]: 0x000000008002F4CC (0x00B59593) slli a1, a1, 11
x11 <- 0x0000019999999800
mem[X,0x000000008002F4D0] -> 0x8593
mem[X,0x000000008002F4D2] -> 0x1995
[7401] [M]: 0x000000008002F4D0 (0x19958593) addi a1, a1, 409
x11 <- 0x0000019999999999
mem[X,0x000000008002F4D4] -> 0x9593
mem[X,0x000000008002F4D6] -> 0x00B5
[7402] [M]: 0x000000008002F4D4 (0x00B59593) slli a1, a1, 11
x11 <- 0x000CCCCCCCCCC800
mem[X,0x000000008002F4D8] -> 0x8593
mem[X,0x000000008002F4DA] -> 0x4CC5
[7403] [M]: 0x000000008002F4D8 (0x4CC58593) addi a1, a1, 1228
x11 <- 0x000CCCCCCCCCCCCC
mem[X,0x000000008002F4DC] -> 0x9593
mem[X,0x000000008002F4DE] -> 0x00A5
[7404] [M]: 0x000000008002F4DC (0x00A59593) slli a1, a1, 10
x11 <- 0x3333333333333000
mem[X,0x000000008002F4E0] -> 0x8593
mem[X,0x000000008002F4E2] -> 0x3325
[7405] [M]: 0x000000008002F4E0 (0x33258593) addi a1, a1, 818
x11 <- 0x3333333333333332
mem[X,0x000000008002F4E4] -> 0x0113
mem[X,0x000000008002F4E6] -> 0x0000
[7406] [M]: 0x000000008002F4E4 (0x00000113) addi sp, zero, 0
x2 <- 0x0000000000000000
mem[X,0x000000008002F4E8] -> 0x006F
mem[X,0x000000008002F4EA] -> 0x0100
[7407] [M]: 0x000000008002F4E8 (0x0100006F) jal zero, 16
mem[X,0x000000008002F4F8] -> 0x5AE3
mem[X,0x000000008002F4FA] -> 0xFEB5
[7408] [M]: 0x000000008002F4F8 (0xFEB55AE3) bge a0, a1, 8180
mem[X,0x000000008002F4EC] -> 0x0113
mem[X,0x000000008002F4EE] -> 0x0011
[7409] [M]: 0x000000008002F4EC (0x00110113) addi sp, sp, 1
x2 <- 0x0000000000000001
mem[X,0x000000008002F4F0] -> 0x006F
mem[X,0x000000008002F4F2] -> 0x01C0
[7410] [M]: 0x000000008002F4F0 (0x01C0006F) jal zero, 28
mem[X,0x000000008002F50C] -> 0xB423
mem[X,0x000000008002F50E] -> 0x6020
[7411] [M]: 0x000000008002F50C (0x6020B423) sd sp, 1544(ra)
mem[0x0000000080049FD8] <- 0x0000000000000001
mem[X,0x000000008002F510] -> 0x6537
mem[X,0x000000008002F512] -> 0x6666
[7412] [M]: 0x000000008002F510 (0x66666537) lui a0, 419430
x10 <- 0x0000000066666000
mem[X,0x000000008002F514] -> 0x0513
mem[X,0x000000008002F516] -> 0x6665
[7413] [M]: 0x000000008002F514 (0x66650513) addi a0, a0, 1638
x10 <- 0x0000000066666666
mem[X,0x000000008002F518] -> 0x1513
mem[X,0x000000008002F51A] -> 0x00B5
[7414] [M]: 0x000000008002F518 (0x00B51513) slli a0, a0, 11
x10 <- 0x0000033333333000
mem[X,0x000000008002F51C] -> 0x0513
mem[X,0x000000008002F51E] -> 0x3335
[7415] [M]: 0x000000008002F51C (0x33350513) addi a0, a0, 819
x10 <- 0x0000033333333333
mem[X,0x000000008002F520] -> 0x1513
mem[X,0x000000008002F522] -> 0x00B5
[7416] [M]: 0x000000008002F520 (0x00B51513) slli a0, a0, 11
x10 <- 0x0019999999999800
mem[X,0x000000008002F524] -> 0x0513
mem[X,0x000000008002F526] -> 0x1995
[7417] [M]: 0x000000008002F524 (0x19950513) addi a0, a0, 409
x10 <- 0x0019999999999999
mem[X,0x000000008002F528] -> 0x1513
mem[X,0x000000008002F52A] -> 0x00A5
[7418] [M]: 0x000000008002F528 (0x00A51513) slli a0, a0, 10
x10 <- 0x6666666666666400
mem[X,0x000000008002F52C] -> 0x0513
mem[X,0x000000008002F52E] -> 0x2655
[7419] [M]: 0x000000008002F52C (0x26550513) addi a0, a0, 613
x10 <- 0x6666666666666665
mem[X,0x000000008002F530] -> 0x65B7
mem[X,0x000000008002F532] -> 0x6666
[7420] [M]: 0x000000008002F530 (0x666665B7) lui a1, 419430
x11 <- 0x0000000066666000
mem[X,0x000000008002F534] -> 0x8593
mem[X,0x000000008002F536] -> 0x6665
[7421] [M]: 0x000000008002F534 (0x66658593) addi a1, a1, 1638
x11 <- 0x0000000066666666
mem[X,0x000000008002F538] -> 0x9593
mem[X,0x000000008002F53A] -> 0x00B5
[7422] [M]: 0x000000008002F538 (0x00B59593) slli a1, a1, 11
x11 <- 0x0000033333333000
mem[X,0x000000008002F53C] -> 0x8593
mem[X,0x000000008002F53E] -> 0x3335
[7423] [M]: 0x000000008002F53C (0x33358593) addi a1, a1, 819
x11 <- 0x0000033333333333
mem[X,0x000000008002F540] -> 0x9593
mem[X,0x000000008002F542] -> 0x00B5
[7424] [M]: 0x000000008002F540 (0x00B59593) slli a1, a1, 11
x11 <- 0x0019999999999800
mem[X,0x000000008002F544] -> 0x8593
mem[X,0x000000008002F546] -> 0x1995
[7425] [M]: 0x000000008002F544 (0x19958593) addi a1, a1, 409
x11 <- 0x0019999999999999
mem[X,0x000000008002F548] -> 0x9593
mem[X,0x000000008002F54A] -> 0x00A5
[7426] [M]: 0x000000008002F548 (0x00A59593) slli a1, a1, 10
x11 <- 0x6666666666666400
mem[X,0x000000008002F54C] -> 0x8593
mem[X,0x000000008002F54E] -> 0x2655
[7427] [M]: 0x000000008002F54C (0x26558593) addi a1, a1, 613
x11 <- 0x6666666666666665
mem[X,0x000000008002F550] -> 0x0113
mem[X,0x000000008002F552] -> 0x0000
[7428] [M]: 0x000000008002F550 (0x00000113) addi sp, zero, 0
x2 <- 0x0000000000000000
mem[X,0x000000008002F554] -> 0x006F
mem[X,0x000000008002F556] -> 0x00C0
[7429] [M]: 0x000000008002F554 (0x00C0006F) jal zero, 12
mem[X,0x000000008002F560] -> 0x5663
mem[X,0x000000008002F562] -> 0x00B5
[7430] [M]: 0x000000008002F560 (0x00B55663) bge a0, a1, 12
mem[X,0x000000008002F56C] -> 0x0113
mem[X,0x000000008002F56E] -> 0x0031
[7431] [M]: 0x000000008002F56C (0x00310113) addi sp, sp, 3
x2 <- 0x0000000000000003
mem[X,0x000000008002F570] -> 0x006F
mem[X,0x000000008002F572] -> 0x0040
[7432] [M]: 0x000000008002F570 (0x0040006F) jal zero, 4
mem[X,0x000000008002F574] -> 0xB823
mem[X,0x000000008002F576] -> 0x6020
[7433] [M]: 0x000000008002F574 (0x6020B823) sd sp, 1552(ra)
mem[0x0000000080049FE0] <- 0x0000000000000003
mem[X,0x000000008002F578] -> 0x6537
mem[X,0x000000008002F57A] -> 0x6666
[7434] [M]: 0x000000008002F578 (0x66666537) lui a0, 419430
x10 <- 0x0000000066666000
mem[X,0x000000008002F57C] -> 0x0513
mem[X,0x000000008002F57E] -> 0x6665
[7435] [M]: 0x000000008002F57C (0x66650513) addi a0, a0, 1638
x10 <- 0x0000000066666666
mem[X,0x000000008002F580] -> 0x1513
mem[X,0x000000008002F582] -> 0x00B5
[7436] [M]: 0x000000008002F580 (0x00B51513) slli a0, a0, 11
x10 <- 0x0000033333333000
mem[X,0x000000008002F584] -> 0x0513
mem[X,0x000000008002F586] -> 0x3335
[7437] [M]: 0x000000008002F584 (0x33350513) addi a0, a0, 819
x10 <- 0x0000033333333333
mem[X,0x000000008002F588] -> 0x1513
mem[X,0x000000008002F58A] -> 0x00B5
[7438] [M]: 0x000000008002F588 (0x00B51513) slli a0, a0, 11
x10 <- 0x0019999999999800
mem[X,0x000000008002F58C] -> 0x0513
mem[X,0x000000008002F58E] -> 0x1995
[7439] [M]: 0x000000008002F58C (0x19950513) addi a0, a0, 409
x10 <- 0x0019999999999999
mem[X,0x000000008002F590] -> 0x1513
mem[X,0x000000008002F592] -> 0x00A5
[7440] [M]: 0x000000008002F590 (0x00A51513) slli a0, a0, 10
x10 <- 0x6666666666666400
mem[X,0x000000008002F594] -> 0x0513
mem[X,0x000000008002F596] -> 0x2655
[7441] [M]: 0x000000008002F594 (0x26550513) addi a0, a0, 613
x10 <- 0x6666666666666665
mem[X,0x000000008002F598] -> 0x05B7
mem[X,0x000000008002F59A] -> 0x0000
[7442] [M]: 0x000000008002F598 (0x000005B7) lui a1, 0
x11 <- 0x0000000000000000
mem[X,0x000000008002F59C] -> 0x8593
mem[X,0x000000008002F59E] -> 0x0005
[7443] [M]: 0x000000008002F59C (0x00058593) addi a1, a1, 0
x11 <- 0x0000000000000000
mem[X,0x000000008002F5A0] -> 0x9593
mem[X,0x000000008002F5A2] -> 0x00B5
[7444] [M]: 0x000000008002F5A0 (0x00B59593) slli a1, a1, 11
x11 <- 0x0000000000000000
mem[X,0x000000008002F5A4] -> 0x8593
mem[X,0x000000008002F5A6] -> 0x5A85
[7445] [M]: 0x000000008002F5A4 (0x5A858593) addi a1, a1, 1448
x11 <- 0x00000000000005A8
mem[X,0x000000008002F5A8] -> 0x9593
mem[X,0x000000008002F5AA] -> 0x00B5
[7446] [M]: 0x000000008002F5A8 (0x00B59593) slli a1, a1, 11
x11 <- 0x00000000002D4000
mem[X,0x000000008002F5AC] -> 0x8593
mem[X,0x000000008002F5AE] -> 0x13C5
[7447] [M]: 0x000000008002F5AC (0x13C58593) addi a1, a1, 316
x11 <- 0x00000000002D413C
mem[X,0x000000008002F5B0] -> 0x9593
mem[X,0x000000008002F5B2] -> 0x00A5
[7448] [M]: 0x000000008002F5B0 (0x00A59593) slli a1, a1, 10
x11 <- 0x00000000B504F000
mem[X,0x000000008002F5B4] -> 0x8593
mem[X,0x000000008002F5B6] -> 0x3325
[7449] [M]: 0x000000008002F5B4 (0x33258593) addi a1, a1, 818
x11 <- 0x00000000B504F332
mem[X,0x000000008002F5B8] -> 0x0113
mem[X,0x000000008002F5BA] -> 0x0000
[7450] [M]: 0x000000008002F5B8 (0x00000113) addi sp, zero, 0
x2 <- 0x0000000000000000
mem[X,0x000000008002F5BC] -> 0x006F
mem[X,0x000000008002F5BE] -> 0x0180
[7451] [M]: 0x000000008002F5BC (0x0180006F) jal zero, 24
mem[X,0x000000008002F5D4] -> 0x56E3
mem[X,0x000000008002F5D6] -> 0xFEB5
[7452] [M]: 0x000000008002F5D4 (0xFEB556E3) bge a0, a1, 8172
mem[X,0x000000008002F5C0] -> 0x0113
mem[X,0x000000008002F5C2] -> 0x0011
[7453] [M]: 0x000000008002F5C0 (0x00110113) addi sp, sp, 1
x2 <- 0x0000000000000001
mem[X,0x000000008002F5C4] -> 0x006F
mem[X,0x000000008002F5C6] -> 0x0240
[7454] [M]: 0x000000008002F5C4 (0x0240006F) jal zero, 36
mem[X,0x000000008002F5E8] -> 0xBC23
mem[X,0x000000008002F5EA] -> 0x6020
[7455] [M]: 0x000000008002F5E8 (0x6020BC23) sd sp, 1560(ra)
mem[0x0000000080049FE8] <- 0x0000000000000001
mem[X,0x000000008002F5EC] -> 0x6537
mem[X,0x000000008002F5EE] -> 0x6666
[7456] [M]: 0x000000008002F5EC (0x66666537) lui a0, 419430
x10 <- 0x0000000066666000
mem[X,0x000000008002F5F0] -> 0x0513
mem[X,0x000000008002F5F2] -> 0x6665
[7457] [M]: 0x000000008002F5F0 (0x66650513) addi a0, a0, 1638
x10 <- 0x0000000066666666
mem[X,0x000000008002F5F4] -> 0x1513
mem[X,0x000000008002F5F6] -> 0x00B5
[7458] [M]: 0x000000008002F5F4 (0x00B51513) slli a0, a0, 11
x10 <- 0x0000033333333000
mem[X,0x000000008002F5F8] -> 0x0513
mem[X,0x000000008002F5FA] -> 0x3335
[7459] [M]: 0x000000008002F5F8 (0x33350513) addi a0, a0, 819
x10 <- 0x0000033333333333
mem[X,0x000000008002F5FC] -> 0x1513
mem[X,0x000000008002F5FE] -> 0x00B5
[7460] [M]: 0x000000008002F5FC (0x00B51513) slli a0, a0, 11
x10 <- 0x0019999999999800
mem[X,0x000000008002F600] -> 0x0513
mem[X,0x000000008002F602] -> 0x1995
[7461] [M]: 0x000000008002F600 (0x19950513) addi a0, a0, 409
x10 <- 0x0019999999999999
mem[X,0x000000008002F604] -> 0x1513
mem[X,0x000000008002F606] -> 0x00A5
[7462] [M]: 0x000000008002F604 (0x00A51513) slli a0, a0, 10
x10 <- 0x6666666666666400
mem[X,0x000000008002F608] -> 0x0513
mem[X,0x000000008002F60A] -> 0x2655
[7463] [M]: 0x000000008002F608 (0x26550513) addi a0, a0, 613
x10 <- 0x6666666666666665
mem[X,0x000000008002F60C] -> 0x55B7
mem[X,0x000000008002F60E] -> 0x5555
[7464] [M]: 0x000000008002F60C (0x555555B7) lui a1, 349525
x11 <- 0x0000000055555000
mem[X,0x000000008002F610] -> 0x8593
mem[X,0x000000008002F612] -> 0x5555
[7465] [M]: 0x000000008002F610 (0x55558593) addi a1, a1, 1365
x11 <- 0x0000000055555555
mem[X,0x000000008002F614] -> 0x9593
mem[X,0x000000008002F616] -> 0x00B5
[7466] [M]: 0x000000008002F614 (0x00B59593) slli a1, a1, 11
x11 <- 0x000002AAAAAAA800
mem[X,0x000000008002F618] -> 0x8593
mem[X,0x000000008002F61A] -> 0x2AA5
[7467] [M]: 0x000000008002F618 (0x2AA58593) addi a1, a1, 682
x11 <- 0x000002AAAAAAAAAA
mem[X,0x000000008002F61C] -> 0x9593
mem[X,0x000000008002F61E] -> 0x00B5
[7468] [M]: 0x000000008002F61C (0x00B59593) slli a1, a1, 11
x11 <- 0x0015555555555000
mem[X,0x000000008002F620] -> 0x8593
mem[X,0x000000008002F622] -> 0x5555
[7469] [M]: 0x000000008002F620 (0x55558593) addi a1, a1, 1365
x11 <- 0x0015555555555555
mem[X,0x000000008002F624] -> 0x9593
mem[X,0x000000008002F626] -> 0x00A5
[7470] [M]: 0x000000008002F624 (0x00A59593) slli a1, a1, 10
x11 <- 0x5555555555555400
mem[X,0x000000008002F628] -> 0x8593
mem[X,0x000000008002F62A] -> 0x1565
[7471] [M]: 0x000000008002F628 (0x15658593) addi a1, a1, 342
x11 <- 0x5555555555555556
mem[X,0x000000008002F62C] -> 0x0113
mem[X,0x000000008002F62E] -> 0x0000
[7472] [M]: 0x000000008002F62C (0x00000113) addi sp, zero, 0
x2 <- 0x0000000000000000
mem[X,0x000000008002F630] -> 0x006F
mem[X,0x000000008002F632] -> 0x00C0
[7473] [M]: 0x000000008002F630 (0x00C0006F) jal zero, 12
mem[X,0x000000008002F63C] -> 0x5CE3
mem[X,0x000000008002F63E] -> 0xFEB5
[7474] [M]: 0x000000008002F63C (0xFEB55CE3) bge a0, a1, 8184
mem[X,0x000000008002F634] -> 0x0113
mem[X,0x000000008002F636] -> 0x0011
[7475] [M]: 0x000000008002F634 (0x00110113) addi sp, sp, 1
x2 <- 0x0000000000000001
mem[X,0x000000008002F638] -> 0x006F
mem[X,0x000000008002F63A] -> 0x0180
[7476] [M]: 0x000000008002F638 (0x0180006F) jal zero, 24
mem[X,0x000000008002F650] -> 0xB023
mem[X,0x000000008002F652] -> 0x6220
[7477] [M]: 0x000000008002F650 (0x6220B023) sd sp, 1568(ra)
mem[0x0000000080049FF0] <- 0x0000000000000001
mem[X,0x000000008002F654] -> 0x6537
mem[X,0x000000008002F656] -> 0x6666
[7478] [M]: 0x000000008002F654 (0x66666537) lui a0, 419430
x10 <- 0x0000000066666000
mem[X,0x000000008002F658] -> 0x0513
mem[X,0x000000008002F65A] -> 0x6665
[7479] [M]: 0x000000008002F658 (0x66650513) addi a0, a0, 1638
x10 <- 0x0000000066666666
mem[X,0x000000008002F65C] -> 0x1513
mem[X,0x000000008002F65E] -> 0x00B5
[7480] [M]: 0x000000008002F65C (0x00B51513) slli a0, a0, 11
x10 <- 0x0000033333333000
mem[X,0x000000008002F660] -> 0x0513
mem[X,0x000000008002F662] -> 0x3335
[7481] [M]: 0x000000008002F660 (0x33350513) addi a0, a0, 819
x10 <- 0x0000033333333333
mem[X,0x000000008002F664] -> 0x1513
mem[X,0x000000008002F666] -> 0x00B5
[7482] [M]: 0x000000008002F664 (0x00B51513) slli a0, a0, 11
x10 <- 0x0019999999999800
mem[X,0x000000008002F668] -> 0x0513
mem[X,0x000000008002F66A] -> 0x1995
[7483] [M]: 0x000000008002F668 (0x19950513) addi a0, a0, 409
x10 <- 0x0019999999999999
mem[X,0x000000008002F66C] -> 0x1513
mem[X,0x000000008002F66E] -> 0x00A5
[7484] [M]: 0x000000008002F66C (0x00A51513) slli a0, a0, 10
x10 <- 0x6666666666666400
mem[X,0x000000008002F670] -> 0x0513
mem[X,0x000000008002F672] -> 0x2655
[7485] [M]: 0x000000008002F670 (0x26550513) addi a0, a0, 613
x10 <- 0x6666666666666665
mem[X,0x000000008002F674] -> 0xB5B7
mem[X,0x000000008002F676] -> 0xAAAA
[7486] [M]: 0x000000008002F674 (0xAAAAB5B7) lui a1, 699051
x11 <- 0xFFFFFFFFAAAAB000
mem[X,0x000000008002F678] -> 0x8593
mem[X,0x000000008002F67A] -> 0xAAA5
[7487] [M]: 0x000000008002F678 (0xAAA58593) addi a1, a1, 2730
x11 <- 0xFFFFFFFFAAAAAAAA
mem[X,0x000000008002F67C] -> 0x9593
mem[X,0x000000008002F67E] -> 0x00B5
[7488] [M]: 0x000000008002F67C (0x00B59593) slli a1, a1, 11
x11 <- 0xFFFFFD5555555000
mem[X,0x000000008002F680] -> 0x8593
mem[X,0x000000008002F682] -> 0x5555
[7489] [M]: 0x000000008002F680 (0x55558593) addi a1, a1, 1365
x11 <- 0xFFFFFD5555555555
mem[X,0x000000008002F684] -> 0x9593
mem[X,0x000000008002F686] -> 0x00B5
[7490] [M]: 0x000000008002F684 (0x00B59593) slli a1, a1, 11
x11 <- 0xFFEAAAAAAAAAA800
mem[X,0x000000008002F688] -> 0x8593
mem[X,0x000000008002F68A] -> 0x2AA5
[7491] [M]: 0x000000008002F688 (0x2AA58593) addi a1, a1, 682
x11 <- 0xFFEAAAAAAAAAAAAA
mem[X,0x000000008002F68C] -> 0x9593
mem[X,0x000000008002F68E] -> 0x00A5
[7492] [M]: 0x000000008002F68C (0x00A59593) slli a1, a1, 10
x11 <- 0xAAAAAAAAAAAAA800
mem[X,0x000000008002F690] -> 0x8593
mem[X,0x000000008002F692] -> 0x2AB5
[7493] [M]: 0x000000008002F690 (0x2AB58593) addi a1, a1, 683
x11 <- 0xAAAAAAAAAAAAAAAB
mem[X,0x000000008002F694] -> 0x0113
mem[X,0x000000008002F696] -> 0x0000
[7494] [M]: 0x000000008002F694 (0x00000113) addi sp, zero, 0
x2 <- 0x0000000000000000
mem[X,0x000000008002F698] -> 0x006F
mem[X,0x000000008002F69A] -> 0x00C0
[7495] [M]: 0x000000008002F698 (0x00C0006F) jal zero, 12
mem[X,0x000000008002F6A4] -> 0x5063
mem[X,0x000000008002F6A6] -> 0x08B5
[7496] [M]: 0x000000008002F6A4 (0x08B55063) bge a0, a1, 128
mem[X,0x000000008002F724] -> 0x0113
mem[X,0x000000008002F726] -> 0x0031
[7497] [M]: 0x000000008002F724 (0x00310113) addi sp, sp, 3
x2 <- 0x0000000000000003
mem[X,0x000000008002F728] -> 0x006F
mem[X,0x000000008002F72A] -> 0x0040
[7498] [M]: 0x000000008002F728 (0x0040006F) jal zero, 4
mem[X,0x000000008002F72C] -> 0xB423
mem[X,0x000000008002F72E] -> 0x6220
[7499] [M]: 0x000000008002F72C (0x6220B423) sd sp, 1576(ra)
mem[0x0000000080049FF8] <- 0x0000000000000003
clint::tick mtime <- 0x000000000000004B
 clint timer pending at mtime 0x000000000000004B
htif::tick 0x0000000000000000
mem[X,0x000000008002F730] -> 0x6537
mem[X,0x000000008002F732] -> 0x6666
[7500] [M]: 0x000000008002F730 (0x66666537) lui a0, 419430
x10 <- 0x0000000066666000
mem[X,0x000000008002F734] -> 0x0513
mem[X,0x000000008002F736] -> 0x6665
[7501] [M]: 0x000000008002F734 (0x66650513) addi a0, a0, 1638
x10 <- 0x0000000066666666
mem[X,0x000000008002F738] -> 0x1513
mem[X,0x000000008002F73A] -> 0x00B5
[7502] [M]: 0x000000008002F738 (0x00B51513) slli a0, a0, 11
x10 <- 0x0000033333333000
mem[X,0x000000008002F73C] -> 0x0513
mem[X,0x000000008002F73E] -> 0x3335
[7503] [M]: 0x000000008002F73C (0x33350513) addi a0, a0, 819
x10 <- 0x0000033333333333
mem[X,0x000000008002F740] -> 0x1513
mem[X,0x000000008002F742] -> 0x00B5
[7504] [M]: 0x000000008002F740 (0x00B51513) slli a0, a0, 11
x10 <- 0x0019999999999800
mem[X,0x000000008002F744] -> 0x0513
mem[X,0x000000008002F746] -> 0x1995
[7505] [M]: 0x000000008002F744 (0x19950513) addi a0, a0, 409
x10 <- 0x0019999999999999
mem[X,0x000000008002F748] -> 0x1513
mem[X,0x000000008002F74A] -> 0x00A5
[7506] [M]: 0x000000008002F748 (0x00A51513) slli a0, a0, 10
x10 <- 0x6666666666666400
mem[X,0x000000008002F74C] -> 0x0513
mem[X,0x000000008002F74E] -> 0x2655
[7507] [M]: 0x000000008002F74C (0x26550513) addi a0, a0, 613
x10 <- 0x6666666666666665
mem[X,0x000000008002F750] -> 0x0593
mem[X,0x000000008002F752] -> 0x0060
[7508] [M]: 0x000000008002F750 (0x00600593) addi a1, zero, 6
x11 <- 0x0000000000000006
mem[X,0x000000008002F754] -> 0x0113
mem[X,0x000000008002F756] -> 0x0000
[7509] [M]: 0x000000008002F754 (0x00000113) addi sp, zero, 0
x2 <- 0x0000000000000000
mem[X,0x000000008002F758] -> 0x006F
mem[X,0x000000008002F75A] -> 0x00C0
[7510] [M]: 0x000000008002F758 (0x00C0006F) jal zero, 12
mem[X,0x000000008002F764] -> 0x5663
mem[X,0x000000008002F766] -> 0x00B5
[7511] [M]: 0x000000008002F764 (0x00B55663) bge a0, a1, 12
mem[X,0x000000008002F770] -> 0x0113
mem[X,0x000000008002F772] -> 0x0031
[7512] [M]: 0x000000008002F770 (0x00310113) addi sp, sp, 3
x2 <- 0x0000000000000003
mem[X,0x000000008002F774] -> 0x006F
mem[X,0x000000008002F776] -> 0x0040
[7513] [M]: 0x000000008002F774 (0x0040006F) jal zero, 4
mem[X,0x000000008002F778] -> 0xB823
mem[X,0x000000008002F77A] -> 0x6220
[7514] [M]: 0x000000008002F778 (0x6220B823) sd sp, 1584(ra)
mem[0x000000008004A000] <- 0x0000000000000003
mem[X,0x000000008002F77C] -> 0x6537
mem[X,0x000000008002F77E] -> 0x6666
[7515] [M]: 0x000000008002F77C (0x66666537) lui a0, 419430
x10 <- 0x0000000066666000
mem[X,0x000000008002F780] -> 0x0513
mem[X,0x000000008002F782] -> 0x6665
[7516] [M]: 0x000000008002F780 (0x66650513) addi a0, a0, 1638
x10 <- 0x0000000066666666
mem[X,0x000000008002F784] -> 0x1513
mem[X,0x000000008002F786] -> 0x00B5
[7517] [M]: 0x000000008002F784 (0x00B51513) slli a0, a0, 11
x10 <- 0x0000033333333000
mem[X,0x000000008002F788] -> 0x0513
mem[X,0x000000008002F78A] -> 0x3335
[7518] [M]: 0x000000008002F788 (0x33350513) addi a0, a0, 819
x10 <- 0x0000033333333333
mem[X,0x000000008002F78C] -> 0x1513
mem[X,0x000000008002F78E] -> 0x00B5
[7519] [M]: 0x000000008002F78C (0x00B51513) slli a0, a0, 11
x10 <- 0x0019999999999800
mem[X,0x000000008002F790] -> 0x0513
mem[X,0x000000008002F792] -> 0x1995
[7520] [M]: 0x000000008002F790 (0x19950513) addi a0, a0, 409
x10 <- 0x0019999999999999
mem[X,0x000000008002F794] -> 0x1513
mem[X,0x000000008002F796] -> 0x00A5
[7521] [M]: 0x000000008002F794 (0x00A51513) slli a0, a0, 10
x10 <- 0x6666666666666400
mem[X,0x000000008002F798] -> 0x0513
mem[X,0x000000008002F79A] -> 0x2655
[7522] [M]: 0x000000008002F798 (0x26550513) addi a0, a0, 613
x10 <- 0x6666666666666665
mem[X,0x000000008002F79C] -> 0x35B7
mem[X,0x000000008002F79E] -> 0x3333
[7523] [M]: 0x000000008002F79C (0x333335B7) lui a1, 209715
x11 <- 0x0000000033333000
mem[X,0x000000008002F7A0] -> 0x8593
mem[X,0x000000008002F7A2] -> 0x3335
[7524] [M]: 0x000000008002F7A0 (0x33358593) addi a1, a1, 819
x11 <- 0x0000000033333333
mem[X,0x000000008002F7A4] -> 0x9593
mem[X,0x000000008002F7A6] -> 0x00B5
[7525] [M]: 0x000000008002F7A4 (0x00B59593) slli a1, a1, 11
x11 <- 0x0000019999999800
mem[X,0x000000008002F7A8] -> 0x8593
mem[X,0x000000008002F7AA] -> 0x1995
[7526] [M]: 0x000000008002F7A8 (0x19958593) addi a1, a1, 409
x11 <- 0x0000019999999999
mem[X,0x000000008002F7AC] -> 0x9593
mem[X,0x000000008002F7AE] -> 0x00B5
[7527] [M]: 0x000000008002F7AC (0x00B59593) slli a1, a1, 11
x11 <- 0x000CCCCCCCCCC800
mem[X,0x000000008002F7B0] -> 0x8593
mem[X,0x000000008002F7B2] -> 0x4CC5
[7528] [M]: 0x000000008002F7B0 (0x4CC58593) addi a1, a1, 1228
x11 <- 0x000CCCCCCCCCCCCC
mem[X,0x000000008002F7B4] -> 0x9593
mem[X,0x000000008002F7B6] -> 0x00A5
[7529] [M]: 0x000000008002F7B4 (0x00A59593) slli a1, a1, 10
x11 <- 0x3333333333333000
mem[X,0x000000008002F7B8] -> 0x8593
mem[X,0x000000008002F7BA] -> 0x3345
[7530] [M]: 0x000000008002F7B8 (0x33458593) addi a1, a1, 820
x11 <- 0x3333333333333334
mem[X,0x000000008002F7BC] -> 0x0113
mem[X,0x000000008002F7BE] -> 0x0000
[7531] [M]: 0x000000008002F7BC (0x00000113) addi sp, zero, 0
x2 <- 0x0000000000000000
mem[X,0x000000008002F7C0] -> 0x006F
mem[X,0x000000008002F7C2] -> 0x00C0
[7532] [M]: 0x000000008002F7C0 (0x00C0006F) jal zero, 12
mem[X,0x000000008002F7CC] -> 0x5063
mem[X,0x000000008002F7CE] -> 0x02B5
[7533] [M]: 0x000000008002F7CC (0x02B55063) bge a0, a1, 32
mem[X,0x000000008002F7EC] -> 0x0113
mem[X,0x000000008002F7EE] -> 0x0031
[7534] [M]: 0x000000008002F7EC (0x00310113) addi sp, sp, 3
x2 <- 0x0000000000000003
mem[X,0x000000008002F7F0] -> 0x006F
mem[X,0x000000008002F7F2] -> 0x0040
[7535] [M]: 0x000000008002F7F0 (0x0040006F) jal zero, 4
mem[X,0x000000008002F7F4] -> 0xBC23
mem[X,0x000000008002F7F6] -> 0x6220
[7536] [M]: 0x000000008002F7F4 (0x6220BC23) sd sp, 1592(ra)
mem[0x000000008004A008] <- 0x0000000000000003
mem[X,0x000000008002F7F8] -> 0x6537
mem[X,0x000000008002F7FA] -> 0x6666
[7537] [M]: 0x000000008002F7F8 (0x66666537) lui a0, 419430
x10 <- 0x0000000066666000
mem[X,0x000000008002F7FC] -> 0x0513
mem[X,0x000000008002F7FE] -> 0x6665
[7538] [M]: 0x000000008002F7FC (0x66650513) addi a0, a0, 1638
x10 <- 0x0000000066666666
mem[X,0x000000008002F800] -> 0x1513
mem[X,0x000000008002F802] -> 0x00B5
[7539] [M]: 0x000000008002F800 (0x00B51513) slli a0, a0, 11
x10 <- 0x0000033333333000
mem[X,0x000000008002F804] -> 0x0513
mem[X,0x000000008002F806] -> 0x3335
[7540] [M]: 0x000000008002F804 (0x33350513) addi a0, a0, 819
x10 <- 0x0000033333333333
mem[X,0x000000008002F808] -> 0x1513
mem[X,0x000000008002F80A] -> 0x00B5
[7541] [M]: 0x000000008002F808 (0x00B51513) slli a0, a0, 11
x10 <- 0x0019999999999800
mem[X,0x000000008002F80C] -> 0x0513
mem[X,0x000000008002F80E] -> 0x1995
[7542] [M]: 0x000000008002F80C (0x19950513) addi a0, a0, 409
x10 <- 0x0019999999999999
mem[X,0x000000008002F810] -> 0x1513
mem[X,0x000000008002F812] -> 0x00A5
[7543] [M]: 0x000000008002F810 (0x00A51513) slli a0, a0, 10
x10 <- 0x6666666666666400
mem[X,0x000000008002F814] -> 0x0513
mem[X,0x000000008002F816] -> 0x2655
[7544] [M]: 0x000000008002F814 (0x26550513) addi a0, a0, 613
x10 <- 0x6666666666666665
mem[X,0x000000008002F818] -> 0x65B7
mem[X,0x000000008002F81A] -> 0x6666
[7545] [M]: 0x000000008002F818 (0x666665B7) lui a1, 419430
x11 <- 0x0000000066666000
mem[X,0x000000008002F81C] -> 0x8593
mem[X,0x000000008002F81E] -> 0x6665
[7546] [M]: 0x000000008002F81C (0x66658593) addi a1, a1, 1638
x11 <- 0x0000000066666666
mem[X,0x000000008002F820] -> 0x9593
mem[X,0x000000008002F822] -> 0x00B5
[7547] [M]: 0x000000008002F820 (0x00B59593) slli a1, a1, 11
x11 <- 0x0000033333333000
mem[X,0x000000008002F824] -> 0x8593
mem[X,0x000000008002F826] -> 0x3335
[7548] [M]: 0x000000008002F824 (0x33358593) addi a1, a1, 819
x11 <- 0x0000033333333333
mem[X,0x000000008002F828] -> 0x9593
mem[X,0x000000008002F82A] -> 0x00B5
[7549] [M]: 0x000000008002F828 (0x00B59593) slli a1, a1, 11
x11 <- 0x0019999999999800
mem[X,0x000000008002F82C] -> 0x8593
mem[X,0x000000008002F82E] -> 0x1995
[7550] [M]: 0x000000008002F82C (0x19958593) addi a1, a1, 409
x11 <- 0x0019999999999999
mem[X,0x000000008002F830] -> 0x9593
mem[X,0x000000008002F832] -> 0x00A5
[7551] [M]: 0x000000008002F830 (0x00A59593) slli a1, a1, 10
x11 <- 0x6666666666666400
mem[X,0x000000008002F834] -> 0x8593
mem[X,0x000000008002F836] -> 0x2675
[7552] [M]: 0x000000008002F834 (0x26758593) addi a1, a1, 615
x11 <- 0x6666666666666667
mem[X,0x000000008002F838] -> 0x0113
mem[X,0x000000008002F83A] -> 0x0000
[7553] [M]: 0x000000008002F838 (0x00000113) addi sp, zero, 0
x2 <- 0x0000000000000000
mem[X,0x000000008002F83C] -> 0x006F
mem[X,0x000000008002F83E] -> 0x00C0
[7554] [M]: 0x000000008002F83C (0x00C0006F) jal zero, 12
mem[X,0x000000008002F848] -> 0x5063
mem[X,0x000000008002F84A] -> 0x40B5
[7555] [M]: 0x000000008002F848 (0x40B55063) bge a0, a1, 1024
mem[X,0x000000008002F84C] -> 0x0113
mem[X,0x000000008002F84E] -> 0x0021
[7556] [M]: 0x000000008002F84C (0x00210113) addi sp, sp, 2
x2 <- 0x0000000000000002
mem[X,0x000000008002F850] -> 0x006F
mem[X,0x000000008002F852] -> 0x4000
[7557] [M]: 0x000000008002F850 (0x4000006F) jal zero, 1024
mem[X,0x000000008002FC50] -> 0xB023
mem[X,0x000000008002FC52] -> 0x6420
[7558] [M]: 0x000000008002FC50 (0x6420B023) sd sp, 1600(ra)
mem[0x000000008004A010] <- 0x0000000000000002
mem[X,0x000000008002FC54] -> 0x6537
mem[X,0x000000008002FC56] -> 0x6666
[7559] [M]: 0x000000008002FC54 (0x66666537) lui a0, 419430
x10 <- 0x0000000066666000
mem[X,0x000000008002FC58] -> 0x0513
mem[X,0x000000008002FC5A] -> 0x6665
[7560] [M]: 0x000000008002FC58 (0x66650513) addi a0, a0, 1638
x10 <- 0x0000000066666666
mem[X,0x000000008002FC5C] -> 0x1513
mem[X,0x000000008002FC5E] -> 0x00B5
[7561] [M]: 0x000000008002FC5C (0x00B51513) slli a0, a0, 11
x10 <- 0x0000033333333000
mem[X,0x000000008002FC60] -> 0x0513
mem[X,0x000000008002FC62] -> 0x3335
[7562] [M]: 0x000000008002FC60 (0x33350513) addi a0, a0, 819
x10 <- 0x0000033333333333
mem[X,0x000000008002FC64] -> 0x1513
mem[X,0x000000008002FC66] -> 0x00B5
[7563] [M]: 0x000000008002FC64 (0x00B51513) slli a0, a0, 11
x10 <- 0x0019999999999800
mem[X,0x000000008002FC68] -> 0x0513
mem[X,0x000000008002FC6A] -> 0x1995
[7564] [M]: 0x000000008002FC68 (0x19950513) addi a0, a0, 409
x10 <- 0x0019999999999999
mem[X,0x000000008002FC6C] -> 0x1513
mem[X,0x000000008002FC6E] -> 0x00A5
[7565] [M]: 0x000000008002FC6C (0x00A51513) slli a0, a0, 10
x10 <- 0x6666666666666400
mem[X,0x000000008002FC70] -> 0x0513
mem[X,0x000000008002FC72] -> 0x2655
[7566] [M]: 0x000000008002FC70 (0x26550513) addi a0, a0, 613
x10 <- 0x6666666666666665
mem[X,0x000000008002FC74] -> 0x05B7
mem[X,0x000000008002FC76] -> 0x0000
[7567] [M]: 0x000000008002FC74 (0x000005B7) lui a1, 0
x11 <- 0x0000000000000000
mem[X,0x000000008002FC78] -> 0x8593
mem[X,0x000000008002FC7A] -> 0xFFF5
[7568] [M]: 0x000000008002FC78 (0xFFF58593) addi a1, a1, 4095
x11 <- 0xFFFFFFFFFFFFFFFF
mem[X,0x000000008002FC7C] -> 0x9593
mem[X,0x000000008002FC7E] -> 0x00B5
[7569] [M]: 0x000000008002FC7C (0x00B59593) slli a1, a1, 11
x11 <- 0xFFFFFFFFFFFFF800
mem[X,0x000000008002FC80] -> 0x8593
mem[X,0x000000008002FC82] -> 0x2575
[7570] [M]: 0x000000008002FC80 (0x25758593) addi a1, a1, 599
x11 <- 0xFFFFFFFFFFFFFA57
mem[X,0x000000008002FC84] -> 0x9593
mem[X,0x000000008002FC86] -> 0x00B5
[7571] [M]: 0x000000008002FC84 (0x00B59593) slli a1, a1, 11
x11 <- 0xFFFFFFFFFFD2B800
mem[X,0x000000008002FC88] -> 0x8593
mem[X,0x000000008002FC8A] -> 0x6C35
[7572] [M]: 0x000000008002FC88 (0x6C358593) addi a1, a1, 1731
x11 <- 0xFFFFFFFFFFD2BEC3
mem[X,0x000000008002FC8C] -> 0x9593
mem[X,0x000000008002FC8E] -> 0x00A5
[7573] [M]: 0x000000008002FC8C (0x00A59593) slli a1, a1, 10
x11 <- 0xFFFFFFFF4AFB0C00
mem[X,0x000000008002FC90] -> 0x8593
mem[X,0x000000008002FC92] -> 0x0CE5
[7574] [M]: 0x000000008002FC90 (0x0CE58593) addi a1, a1, 206
x11 <- 0xFFFFFFFF4AFB0CCE
mem[X,0x000000008002FC94] -> 0x0113
mem[X,0x000000008002FC96] -> 0x0000
[7575] [M]: 0x000000008002FC94 (0x00000113) addi sp, zero, 0
x2 <- 0x0000000000000000
mem[X,0x000000008002FC98] -> 0x006F
mem[X,0x000000008002FC9A] -> 0x00C0
[7576] [M]: 0x000000008002FC98 (0x00C0006F) jal zero, 12
mem[X,0x000000008002FCA4] -> 0x5063
mem[X,0x000000008002FCA6] -> 0x40B5
[7577] [M]: 0x000000008002FCA4 (0x40B55063) bge a0, a1, 1024
mem[X,0x00000000800300A4] -> 0x0113
mem[X,0x00000000800300A6] -> 0x0031
[7578] [M]: 0x00000000800300A4 (0x00310113) addi sp, sp, 3
x2 <- 0x0000000000000003
mem[X,0x00000000800300A8] -> 0x006F
mem[X,0x00000000800300AA] -> 0x0040
[7579] [M]: 0x00000000800300A8 (0x0040006F) jal zero, 4
mem[X,0x00000000800300AC] -> 0xB423
mem[X,0x00000000800300AE] -> 0x6420
[7580] [M]: 0x00000000800300AC (0x6420B423) sd sp, 1608(ra)
mem[0x000000008004A018] <- 0x0000000000000003
mem[X,0x00000000800300B0] -> 0x6537
mem[X,0x00000000800300B2] -> 0x6666
[7581] [M]: 0x00000000800300B0 (0x66666537) lui a0, 419430
x10 <- 0x0000000066666000
mem[X,0x00000000800300B4] -> 0x0513
mem[X,0x00000000800300B6] -> 0x6665
[7582] [M]: 0x00000000800300B4 (0x66650513) addi a0, a0, 1638
x10 <- 0x0000000066666666
mem[X,0x00000000800300B8] -> 0x1513
mem[X,0x00000000800300BA] -> 0x00B5
[7583] [M]: 0x00000000800300B8 (0x00B51513) slli a0, a0, 11
x10 <- 0x0000033333333000
mem[X,0x00000000800300BC] -> 0x0513
mem[X,0x00000000800300BE] -> 0x3335
[7584] [M]: 0x00000000800300BC (0x33350513) addi a0, a0, 819
x10 <- 0x0000033333333333
mem[X,0x00000000800300C0] -> 0x1513
mem[X,0x00000000800300C2] -> 0x00B5
[7585] [M]: 0x00000000800300C0 (0x00B51513) slli a0, a0, 11
x10 <- 0x0019999999999800
mem[X,0x00000000800300C4] -> 0x0513
mem[X,0x00000000800300C6] -> 0x1995
[7586] [M]: 0x00000000800300C4 (0x19950513) addi a0, a0, 409
x10 <- 0x0019999999999999
mem[X,0x00000000800300C8] -> 0x1513
mem[X,0x00000000800300CA] -> 0x00A5
[7587] [M]: 0x00000000800300C8 (0x00A51513) slli a0, a0, 10
x10 <- 0x6666666666666400
mem[X,0x00000000800300CC] -> 0x0513
mem[X,0x00000000800300CE] -> 0x2655
[7588] [M]: 0x00000000800300CC (0x26550513) addi a0, a0, 613
x10 <- 0x6666666666666665
mem[X,0x00000000800300D0] -> 0x05B7
mem[X,0x00000000800300D2] -> 0x0000
[7589] [M]: 0x00000000800300D0 (0x000005B7) lui a1, 0
x11 <- 0x0000000000000000
mem[X,0x00000000800300D4] -> 0x8593
mem[X,0x00000000800300D6] -> 0x0005
[7590] [M]: 0x00000000800300D4 (0x00058593) addi a1, a1, 0
x11 <- 0x0000000000000000
mem[X,0x00000000800300D8] -> 0x9593
mem[X,0x00000000800300DA] -> 0x00B5
[7591] [M]: 0x00000000800300D8 (0x00B59593) slli a1, a1, 11
x11 <- 0x0000000000000000
mem[X,0x00000000800300DC] -> 0x8593
mem[X,0x00000000800300DE] -> 0x5A85
[7592] [M]: 0x00000000800300DC (0x5A858593) addi a1, a1, 1448
x11 <- 0x00000000000005A8
mem[X,0x00000000800300E0] -> 0x9593
mem[X,0x00000000800300E2] -> 0x00B5
[7593] [M]: 0x00000000800300E0 (0x00B59593) slli a1, a1, 11
x11 <- 0x00000000002D4000
mem[X,0x00000000800300E4] -> 0x8593
mem[X,0x00000000800300E6] -> 0x13C5
[7594] [M]: 0x00000000800300E4 (0x13C58593) addi a1, a1, 316
x11 <- 0x00000000002D413C
mem[X,0x00000000800300E8] -> 0x9593
mem[X,0x00000000800300EA] -> 0x00A5
[7595] [M]: 0x00000000800300E8 (0x00A59593) slli a1, a1, 10
x11 <- 0x00000000B504F000
mem[X,0x00000000800300EC] -> 0x8593
mem[X,0x00000000800300EE] -> 0x3345
[7596] [M]: 0x00000000800300EC (0x33458593) addi a1, a1, 820
x11 <- 0x00000000B504F334
mem[X,0x00000000800300F0] -> 0x0113
mem[X,0x00000000800300F2] -> 0x0000
[7597] [M]: 0x00000000800300F0 (0x00000113) addi sp, zero, 0
x2 <- 0x0000000000000000
mem[X,0x00000000800300F4] -> 0x006F
mem[X,0x00000000800300F6] -> 0x00C0
[7598] [M]: 0x00000000800300F4 (0x00C0006F) jal zero, 12
mem[X,0x0000000080030100] -> 0x5863
mem[X,0x0000000080030102] -> 0x00B5
[7599] [M]: 0x0000000080030100 (0x00B55863) bge a0, a1, 16
clint::tick mtime <- 0x000000000000004C
 clint timer pending at mtime 0x000000000000004C
htif::tick 0x0000000000000000
mem[X,0x0000000080030110] -> 0x0113
mem[X,0x0000000080030112] -> 0x0031
[7600] [M]: 0x0000000080030110 (0x00310113) addi sp, sp, 3
x2 <- 0x0000000000000003
mem[X,0x0000000080030114] -> 0x006F
mem[X,0x0000000080030116] -> 0x0040
[7601] [M]: 0x0000000080030114 (0x0040006F) jal zero, 4
mem[X,0x0000000080030118] -> 0xB823
mem[X,0x000000008003011A] -> 0x6420
[7602] [M]: 0x0000000080030118 (0x6420B823) sd sp, 1616(ra)
mem[0x000000008004A020] <- 0x0000000000000003
mem[X,0x000000008003011C] -> 0x0537
mem[X,0x000000008003011E] -> 0x0000
[7603] [M]: 0x000000008003011C (0x00000537) lui a0, 0
x10 <- 0x0000000000000000
mem[X,0x0000000080030120] -> 0x0513
mem[X,0x0000000080030122] -> 0x0005
[7604] [M]: 0x0000000080030120 (0x00050513) addi a0, a0, 0
x10 <- 0x0000000000000000
mem[X,0x0000000080030124] -> 0x1513
mem[X,0x0000000080030126] -> 0x00B5
[7605] [M]: 0x0000000080030124 (0x00B51513) slli a0, a0, 11
x10 <- 0x0000000000000000
mem[X,0x0000000080030128] -> 0x0513
mem[X,0x000000008003012A] -> 0x5A85
[7606] [M]: 0x0000000080030128 (0x5A850513) addi a0, a0, 1448
x10 <- 0x00000000000005A8
mem[X,0x000000008003012C] -> 0x1513
mem[X,0x000000008003012E] -> 0x00B5
[7607] [M]: 0x000000008003012C (0x00B51513) slli a0, a0, 11
x10 <- 0x00000000002D4000
mem[X,0x0000000080030130] -> 0x0513
mem[X,0x0000000080030132] -> 0x13C5
[7608] [M]: 0x0000000080030130 (0x13C50513) addi a0, a0, 316
x10 <- 0x00000000002D413C
mem[X,0x0000000080030134] -> 0x1513
mem[X,0x0000000080030136] -> 0x00A5
[7609] [M]: 0x0000000080030134 (0x00A51513) slli a0, a0, 10
x10 <- 0x00000000B504F000
mem[X,0x0000000080030138] -> 0x0513
mem[X,0x000000008003013A] -> 0x3325
[7610] [M]: 0x0000000080030138 (0x33250513) addi a0, a0, 818
x10 <- 0x00000000B504F332
mem[X,0x000000008003013C] -> 0x0593
mem[X,0x000000008003013E] -> 0x0030
[7611] [M]: 0x000000008003013C (0x00300593) addi a1, zero, 3
x11 <- 0x0000000000000003
mem[X,0x0000000080030140] -> 0x0113
mem[X,0x0000000080030142] -> 0x0000
[7612] [M]: 0x0000000080030140 (0x00000113) addi sp, zero, 0
x2 <- 0x0000000000000000
mem[X,0x0000000080030144] -> 0x006F
mem[X,0x0000000080030146] -> 0x00C0
[7613] [M]: 0x0000000080030144 (0x00C0006F) jal zero, 12
mem[X,0x0000000080030150] -> 0x5063
mem[X,0x0000000080030152] -> 0x08B5
[7614] [M]: 0x0000000080030150 (0x08B55063) bge a0, a1, 128
mem[X,0x00000000800301D0] -> 0x0113
mem[X,0x00000000800301D2] -> 0x0031
[7615] [M]: 0x00000000800301D0 (0x00310113) addi sp, sp, 3
x2 <- 0x0000000000000003
mem[X,0x00000000800301D4] -> 0x006F
mem[X,0x00000000800301D6] -> 0x0040
[7616] [M]: 0x00000000800301D4 (0x0040006F) jal zero, 4
mem[X,0x00000000800301D8] -> 0xBC23
mem[X,0x00000000800301DA] -> 0x6420
[7617] [M]: 0x00000000800301D8 (0x6420BC23) sd sp, 1624(ra)
mem[0x000000008004A028] <- 0x0000000000000003
mem[X,0x00000000800301DC] -> 0x0537
mem[X,0x00000000800301DE] -> 0x0000
[7618] [M]: 0x00000000800301DC (0x00000537) lui a0, 0
x10 <- 0x0000000000000000
mem[X,0x00000000800301E0] -> 0x0513
mem[X,0x00000000800301E2] -> 0x0005
[7619] [M]: 0x00000000800301E0 (0x00050513) addi a0, a0, 0
x10 <- 0x0000000000000000
mem[X,0x00000000800301E4] -> 0x1513
mem[X,0x00000000800301E6] -> 0x00B5
[7620] [M]: 0x00000000800301E4 (0x00B51513) slli a0, a0, 11
x10 <- 0x0000000000000000
mem[X,0x00000000800301E8] -> 0x0513
mem[X,0x00000000800301EA] -> 0x5A85
[7621] [M]: 0x00000000800301E8 (0x5A850513) addi a0, a0, 1448
x10 <- 0x00000000000005A8
mem[X,0x00000000800301EC] -> 0x1513
mem[X,0x00000000800301EE] -> 0x00B5
[7622] [M]: 0x00000000800301EC (0x00B51513) slli a0, a0, 11
x10 <- 0x00000000002D4000
mem[X,0x00000000800301F0] -> 0x0513
mem[X,0x00000000800301F2] -> 0x13C5
[7623] [M]: 0x00000000800301F0 (0x13C50513) addi a0, a0, 316
x10 <- 0x00000000002D413C
mem[X,0x00000000800301F4] -> 0x1513
mem[X,0x00000000800301F6] -> 0x00A5
[7624] [M]: 0x00000000800301F4 (0x00A51513) slli a0, a0, 10
x10 <- 0x00000000B504F000
mem[X,0x00000000800301F8] -> 0x0513
mem[X,0x00000000800301FA] -> 0x3325
[7625] [M]: 0x00000000800301F8 (0x33250513) addi a0, a0, 818
x10 <- 0x00000000B504F332
mem[X,0x00000000800301FC] -> 0x55B7
mem[X,0x00000000800301FE] -> 0x5555
[7626] [M]: 0x00000000800301FC (0x555555B7) lui a1, 349525
x11 <- 0x0000000055555000
mem[X,0x0000000080030200] -> 0x8593
mem[X,0x0000000080030202] -> 0x5555
[7627] [M]: 0x0000000080030200 (0x55558593) addi a1, a1, 1365
x11 <- 0x0000000055555555
mem[X,0x0000000080030204] -> 0x9593
mem[X,0x0000000080030206] -> 0x00B5
[7628] [M]: 0x0000000080030204 (0x00B59593) slli a1, a1, 11
x11 <- 0x000002AAAAAAA800
mem[X,0x0000000080030208] -> 0x8593
mem[X,0x000000008003020A] -> 0x2AA5
[7629] [M]: 0x0000000080030208 (0x2AA58593) addi a1, a1, 682
x11 <- 0x000002AAAAAAAAAA
mem[X,0x000000008003020C] -> 0x9593
mem[X,0x000000008003020E] -> 0x00B5
[7630] [M]: 0x000000008003020C (0x00B59593) slli a1, a1, 11
x11 <- 0x0015555555555000
mem[X,0x0000000080030210] -> 0x8593
mem[X,0x0000000080030212] -> 0x5555
[7631] [M]: 0x0000000080030210 (0x55558593) addi a1, a1, 1365
x11 <- 0x0015555555555555
mem[X,0x0000000080030214] -> 0x9593
mem[X,0x0000000080030216] -> 0x00A5
[7632] [M]: 0x0000000080030214 (0x00A59593) slli a1, a1, 10
x11 <- 0x5555555555555400
mem[X,0x0000000080030218] -> 0x8593
mem[X,0x000000008003021A] -> 0x1555
[7633] [M]: 0x0000000080030218 (0x15558593) addi a1, a1, 341
x11 <- 0x5555555555555555
mem[X,0x000000008003021C] -> 0x0113
mem[X,0x000000008003021E] -> 0x0000
[7634] [M]: 0x000000008003021C (0x00000113) addi sp, zero, 0
x2 <- 0x0000000000000000
mem[X,0x0000000080030220] -> 0x006F
mem[X,0x0000000080030222] -> 0x0100
[7635] [M]: 0x0000000080030220 (0x0100006F) jal zero, 16
mem[X,0x0000000080030230] -> 0x5AE3
mem[X,0x0000000080030232] -> 0xFEB5
[7636] [M]: 0x0000000080030230 (0xFEB55AE3) bge a0, a1, 8180
mem[X,0x0000000080030234] -> 0x0113
mem[X,0x0000000080030236] -> 0x0021
[7637] [M]: 0x0000000080030234 (0x00210113) addi sp, sp, 2
x2 <- 0x0000000000000002
mem[X,0x0000000080030238] -> 0x006F
mem[X,0x000000008003023A] -> 0x00C0
[7638] [M]: 0x0000000080030238 (0x00C0006F) jal zero, 12
mem[X,0x0000000080030244] -> 0xB023
mem[X,0x0000000080030246] -> 0x6620
[7639] [M]: 0x0000000080030244 (0x6620B023) sd sp, 1632(ra)
mem[0x000000008004A030] <- 0x0000000000000002
mem[X,0x0000000080030248] -> 0x0537
mem[X,0x000000008003024A] -> 0x0000
[7640] [M]: 0x0000000080030248 (0x00000537) lui a0, 0
x10 <- 0x0000000000000000
mem[X,0x000000008003024C] -> 0x0513
mem[X,0x000000008003024E] -> 0x0005
[7641] [M]: 0x000000008003024C (0x00050513) addi a0, a0, 0
x10 <- 0x0000000000000000
mem[X,0x0000000080030250] -> 0x1513
mem[X,0x0000000080030252] -> 0x00B5
[7642] [M]: 0x0000000080030250 (0x00B51513) slli a0, a0, 11
x10 <- 0x0000000000000000
mem[X,0x0000000080030254] -> 0x0513
mem[X,0x0000000080030256] -> 0x5A85
[7643] [M]: 0x0000000080030254 (0x5A850513) addi a0, a0, 1448
x10 <- 0x00000000000005A8
mem[X,0x0000000080030258] -> 0x1513
mem[X,0x000000008003025A] -> 0x00B5
[7644] [M]: 0x0000000080030258 (0x00B51513) slli a0, a0, 11
x10 <- 0x00000000002D4000
mem[X,0x000000008003025C] -> 0x0513
mem[X,0x000000008003025E] -> 0x13C5
[7645] [M]: 0x000000008003025C (0x13C50513) addi a0, a0, 316
x10 <- 0x00000000002D413C
mem[X,0x0000000080030260] -> 0x1513
mem[X,0x0000000080030262] -> 0x00A5
[7646] [M]: 0x0000000080030260 (0x00A51513) slli a0, a0, 10
x10 <- 0x00000000B504F000
mem[X,0x0000000080030264] -> 0x0513
mem[X,0x0000000080030266] -> 0x3325
[7647] [M]: 0x0000000080030264 (0x33250513) addi a0, a0, 818
x10 <- 0x00000000B504F332
mem[X,0x0000000080030268] -> 0xB5B7
mem[X,0x000000008003026A] -> 0xAAAA
[7648] [M]: 0x0000000080030268 (0xAAAAB5B7) lui a1, 699051
x11 <- 0xFFFFFFFFAAAAB000
mem[X,0x000000008003026C] -> 0x8593
mem[X,0x000000008003026E] -> 0xAAA5
[7649] [M]: 0x000000008003026C (0xAAA58593) addi a1, a1, 2730
x11 <- 0xFFFFFFFFAAAAAAAA
mem[X,0x0000000080030270] -> 0x9593
mem[X,0x0000000080030272] -> 0x00B5
[7650] [M]: 0x0000000080030270 (0x00B59593) slli a1, a1, 11
x11 <- 0xFFFFFD5555555000
mem[X,0x0000000080030274] -> 0x8593
mem[X,0x0000000080030276] -> 0x5555
[7651] [M]: 0x0000000080030274 (0x55558593) addi a1, a1, 1365
x11 <- 0xFFFFFD5555555555
mem[X,0x0000000080030278] -> 0x9593
mem[X,0x000000008003027A] -> 0x00B5
[7652] [M]: 0x0000000080030278 (0x00B59593) slli a1, a1, 11
x11 <- 0xFFEAAAAAAAAAA800
mem[X,0x000000008003027C] -> 0x8593
mem[X,0x000000008003027E] -> 0x2AA5
[7653] [M]: 0x000000008003027C (0x2AA58593) addi a1, a1, 682
x11 <- 0xFFEAAAAAAAAAAAAA
mem[X,0x0000000080030280] -> 0x9593
mem[X,0x0000000080030282] -> 0x00A5
[7654] [M]: 0x0000000080030280 (0x00A59593) slli a1, a1, 10
x11 <- 0xAAAAAAAAAAAAA800
mem[X,0x0000000080030284] -> 0x8593
mem[X,0x0000000080030286] -> 0x2AA5
[7655] [M]: 0x0000000080030284 (0x2AA58593) addi a1, a1, 682
x11 <- 0xAAAAAAAAAAAAAAAA
mem[X,0x0000000080030288] -> 0x0113
mem[X,0x000000008003028A] -> 0x0000
[7656] [M]: 0x0000000080030288 (0x00000113) addi sp, zero, 0
x2 <- 0x0000000000000000
mem[X,0x000000008003028C] -> 0x006F
mem[X,0x000000008003028E] -> 0x00C0
[7657] [M]: 0x000000008003028C (0x00C0006F) jal zero, 12
mem[X,0x0000000080030298] -> 0x5063
mem[X,0x000000008003029A] -> 0x10B5
[7658] [M]: 0x0000000080030298 (0x10B55063) bge a0, a1, 256
mem[X,0x0000000080030398] -> 0x0113
mem[X,0x000000008003039A] -> 0x0031
[7659] [M]: 0x0000000080030398 (0x00310113) addi sp, sp, 3
x2 <- 0x0000000000000003
mem[X,0x000000008003039C] -> 0x006F
mem[X,0x000000008003039E] -> 0x0040
[7660] [M]: 0x000000008003039C (0x0040006F) jal zero, 4
mem[X,0x00000000800303A0] -> 0xB423
mem[X,0x00000000800303A2] -> 0x6620
[7661] [M]: 0x00000000800303A0 (0x6620B423) sd sp, 1640(ra)
mem[0x000000008004A038] <- 0x0000000000000003
mem[X,0x00000000800303A4] -> 0x0537
mem[X,0x00000000800303A6] -> 0x0000
[7662] [M]: 0x00000000800303A4 (0x00000537) lui a0, 0
x10 <- 0x0000000000000000
mem[X,0x00000000800303A8] -> 0x0513
mem[X,0x00000000800303AA] -> 0x0005
[7663] [M]: 0x00000000800303A8 (0x00050513) addi a0, a0, 0
x10 <- 0x0000000000000000
mem[X,0x00000000800303AC] -> 0x1513
mem[X,0x00000000800303AE] -> 0x00B5
[7664] [M]: 0x00000000800303AC (0x00B51513) slli a0, a0, 11
x10 <- 0x0000000000000000
mem[X,0x00000000800303B0] -> 0x0513
mem[X,0x00000000800303B2] -> 0x5A85
[7665] [M]: 0x00000000800303B0 (0x5A850513) addi a0, a0, 1448
x10 <- 0x00000000000005A8
mem[X,0x00000000800303B4] -> 0x1513
mem[X,0x00000000800303B6] -> 0x00B5
[7666] [M]: 0x00000000800303B4 (0x00B51513) slli a0, a0, 11
x10 <- 0x00000000002D4000
mem[X,0x00000000800303B8] -> 0x0513
mem[X,0x00000000800303BA] -> 0x13C5
[7667] [M]: 0x00000000800303B8 (0x13C50513) addi a0, a0, 316
x10 <- 0x00000000002D413C
mem[X,0x00000000800303BC] -> 0x1513
mem[X,0x00000000800303BE] -> 0x00A5
[7668] [M]: 0x00000000800303BC (0x00A51513) slli a0, a0, 10
x10 <- 0x00000000B504F000
mem[X,0x00000000800303C0] -> 0x0513
mem[X,0x00000000800303C2] -> 0x3325
[7669] [M]: 0x00000000800303C0 (0x33250513) addi a0, a0, 818
x10 <- 0x00000000B504F332
mem[X,0x00000000800303C4] -> 0x0593
mem[X,0x00000000800303C6] -> 0x0050
[7670] [M]: 0x00000000800303C4 (0x00500593) addi a1, zero, 5
x11 <- 0x0000000000000005
mem[X,0x00000000800303C8] -> 0x0113
mem[X,0x00000000800303CA] -> 0x0000
[7671] [M]: 0x00000000800303C8 (0x00000113) addi sp, zero, 0
x2 <- 0x0000000000000000
mem[X,0x00000000800303CC] -> 0x006F
mem[X,0x00000000800303CE] -> 0x0100
[7672] [M]: 0x00000000800303CC (0x0100006F) jal zero, 16
mem[X,0x00000000800303DC] -> 0x5AE3
mem[X,0x00000000800303DE] -> 0xFEB5
[7673] [M]: 0x00000000800303DC (0xFEB55AE3) bge a0, a1, 8180
mem[X,0x00000000800303D0] -> 0x0113
mem[X,0x00000000800303D2] -> 0x0011
[7674] [M]: 0x00000000800303D0 (0x00110113) addi sp, sp, 1
x2 <- 0x0000000000000001
mem[X,0x00000000800303D4] -> 0x006F
mem[X,0x00000000800303D6] -> 0x01C0
[7675] [M]: 0x00000000800303D4 (0x01C0006F) jal zero, 28
mem[X,0x00000000800303F0] -> 0xB823
mem[X,0x00000000800303F2] -> 0x6620
[7676] [M]: 0x00000000800303F0 (0x6620B823) sd sp, 1648(ra)
mem[0x000000008004A040] <- 0x0000000000000001
mem[X,0x00000000800303F4] -> 0x0537
mem[X,0x00000000800303F6] -> 0x0000
[7677] [M]: 0x00000000800303F4 (0x00000537) lui a0, 0
x10 <- 0x0000000000000000
mem[X,0x00000000800303F8] -> 0x0513
mem[X,0x00000000800303FA] -> 0x0005
[7678] [M]: 0x00000000800303F8 (0x00050513) addi a0, a0, 0
x10 <- 0x0000000000000000
mem[X,0x00000000800303FC] -> 0x1513
mem[X,0x00000000800303FE] -> 0x00B5
[7679] [M]: 0x00000000800303FC (0x00B51513) slli a0, a0, 11
x10 <- 0x0000000000000000
mem[X,0x0000000080030400] -> 0x0513
mem[X,0x0000000080030402] -> 0x5A85
[7680] [M]: 0x0000000080030400 (0x5A850513) addi a0, a0, 1448
x10 <- 0x00000000000005A8
mem[X,0x0000000080030404] -> 0x1513
mem[X,0x0000000080030406] -> 0x00B5
[7681] [M]: 0x0000000080030404 (0x00B51513) slli a0, a0, 11
x10 <- 0x00000000002D4000
mem[X,0x0000000080030408] -> 0x0513
mem[X,0x000000008003040A] -> 0x13C5
[7682] [M]: 0x0000000080030408 (0x13C50513) addi a0, a0, 316
x10 <- 0x00000000002D413C
mem[X,0x000000008003040C] -> 0x1513
mem[X,0x000000008003040E] -> 0x00A5
[7683] [M]: 0x000000008003040C (0x00A51513) slli a0, a0, 10
x10 <- 0x00000000B504F000
mem[X,0x0000000080030410] -> 0x0513
mem[X,0x0000000080030412] -> 0x3325
[7684] [M]: 0x0000000080030410 (0x33250513) addi a0, a0, 818
x10 <- 0x00000000B504F332
mem[X,0x0000000080030414] -> 0x35B7
mem[X,0x0000000080030416] -> 0x3333
[7685] [M]: 0x0000000080030414 (0x333335B7) lui a1, 209715
x11 <- 0x0000000033333000
mem[X,0x0000000080030418] -> 0x8593
mem[X,0x000000008003041A] -> 0x3335
[7686] [M]: 0x0000000080030418 (0x33358593) addi a1, a1, 819
x11 <- 0x0000000033333333
mem[X,0x000000008003041C] -> 0x9593
mem[X,0x000000008003041E] -> 0x00B5
[7687] [M]: 0x000000008003041C (0x00B59593) slli a1, a1, 11
x11 <- 0x0000019999999800
mem[X,0x0000000080030420] -> 0x8593
mem[X,0x0000000080030422] -> 0x1995
[7688] [M]: 0x0000000080030420 (0x19958593) addi a1, a1, 409
x11 <- 0x0000019999999999
mem[X,0x0000000080030424] -> 0x9593
mem[X,0x0000000080030426] -> 0x00B5
[7689] [M]: 0x0000000080030424 (0x00B59593) slli a1, a1, 11
x11 <- 0x000CCCCCCCCCC800
mem[X,0x0000000080030428] -> 0x8593
mem[X,0x000000008003042A] -> 0x4CC5
[7690] [M]: 0x0000000080030428 (0x4CC58593) addi a1, a1, 1228
x11 <- 0x000CCCCCCCCCCCCC
mem[X,0x000000008003042C] -> 0x9593
mem[X,0x000000008003042E] -> 0x00A5
[7691] [M]: 0x000000008003042C (0x00A59593) slli a1, a1, 10
x11 <- 0x3333333333333000
mem[X,0x0000000080030430] -> 0x8593
mem[X,0x0000000080030432] -> 0x3335
[7692] [M]: 0x0000000080030430 (0x33358593) addi a1, a1, 819
x11 <- 0x3333333333333333
mem[X,0x0000000080030434] -> 0x0113
mem[X,0x0000000080030436] -> 0x0000
[7693] [M]: 0x0000000080030434 (0x00000113) addi sp, zero, 0
x2 <- 0x0000000000000000
mem[X,0x0000000080030438] -> 0x006F
mem[X,0x000000008003043A] -> 0x0100
[7694] [M]: 0x0000000080030438 (0x0100006F) jal zero, 16
mem[X,0x0000000080030448] -> 0x5AE3
mem[X,0x000000008003044A] -> 0xFEB5
[7695] [M]: 0x0000000080030448 (0xFEB55AE3) bge a0, a1, 8180
mem[X,0x000000008003044C] -> 0x0113
mem[X,0x000000008003044E] -> 0x0021
[7696] [M]: 0x000000008003044C (0x00210113) addi sp, sp, 2
x2 <- 0x0000000000000002
mem[X,0x0000000080030450] -> 0x006F
mem[X,0x0000000080030452] -> 0x00C0
[7697] [M]: 0x0000000080030450 (0x00C0006F) jal zero, 12
mem[X,0x000000008003045C] -> 0xBC23
mem[X,0x000000008003045E] -> 0x6620
[7698] [M]: 0x000000008003045C (0x6620BC23) sd sp, 1656(ra)
mem[0x000000008004A048] <- 0x0000000000000002
mem[X,0x0000000080030460] -> 0x0537
mem[X,0x0000000080030462] -> 0x0000
[7699] [M]: 0x0000000080030460 (0x00000537) lui a0, 0
x10 <- 0x0000000000000000
clint::tick mtime <- 0x000000000000004D
 clint timer pending at mtime 0x000000000000004D
htif::tick 0x0000000000000000
mem[X,0x0000000080030464] -> 0x0513
mem[X,0x0000000080030466] -> 0x0005
[7700] [M]: 0x0000000080030464 (0x00050513) addi a0, a0, 0
x10 <- 0x0000000000000000
mem[X,0x0000000080030468] -> 0x1513
mem[X,0x000000008003046A] -> 0x00B5
[7701] [M]: 0x0000000080030468 (0x00B51513) slli a0, a0, 11
x10 <- 0x0000000000000000
mem[X,0x000000008003046C] -> 0x0513
mem[X,0x000000008003046E] -> 0x5A85
[7702] [M]: 0x000000008003046C (0x5A850513) addi a0, a0, 1448
x10 <- 0x00000000000005A8
mem[X,0x0000000080030470] -> 0x1513
mem[X,0x0000000080030472] -> 0x00B5
[7703] [M]: 0x0000000080030470 (0x00B51513) slli a0, a0, 11
x10 <- 0x00000000002D4000
mem[X,0x0000000080030474] -> 0x0513
mem[X,0x0000000080030476] -> 0x13C5
[7704] [M]: 0x0000000080030474 (0x13C50513) addi a0, a0, 316
x10 <- 0x00000000002D413C
mem[X,0x0000000080030478] -> 0x1513
mem[X,0x000000008003047A] -> 0x00A5
[7705] [M]: 0x0000000080030478 (0x00A51513) slli a0, a0, 10
x10 <- 0x00000000B504F000
mem[X,0x000000008003047C] -> 0x0513
mem[X,0x000000008003047E] -> 0x3325
[7706] [M]: 0x000000008003047C (0x33250513) addi a0, a0, 818
x10 <- 0x00000000B504F332
mem[X,0x0000000080030480] -> 0x65B7
mem[X,0x0000000080030482] -> 0x6666
[7707] [M]: 0x0000000080030480 (0x666665B7) lui a1, 419430
x11 <- 0x0000000066666000
mem[X,0x0000000080030484] -> 0x8593
mem[X,0x0000000080030486] -> 0x6665
[7708] [M]: 0x0000000080030484 (0x66658593) addi a1, a1, 1638
x11 <- 0x0000000066666666
mem[X,0x0000000080030488] -> 0x9593
mem[X,0x000000008003048A] -> 0x00B5
[7709] [M]: 0x0000000080030488 (0x00B59593) slli a1, a1, 11
x11 <- 0x0000033333333000
mem[X,0x000000008003048C] -> 0x8593
mem[X,0x000000008003048E] -> 0x3335
[7710] [M]: 0x000000008003048C (0x33358593) addi a1, a1, 819
x11 <- 0x0000033333333333
mem[X,0x0000000080030490] -> 0x9593
mem[X,0x0000000080030492] -> 0x00B5
[7711] [M]: 0x0000000080030490 (0x00B59593) slli a1, a1, 11
x11 <- 0x0019999999999800
mem[X,0x0000000080030494] -> 0x8593
mem[X,0x0000000080030496] -> 0x1995
[7712] [M]: 0x0000000080030494 (0x19958593) addi a1, a1, 409
x11 <- 0x0019999999999999
mem[X,0x0000000080030498] -> 0x9593
mem[X,0x000000008003049A] -> 0x00A5
[7713] [M]: 0x0000000080030498 (0x00A59593) slli a1, a1, 10
x11 <- 0x6666666666666400
mem[X,0x000000008003049C] -> 0x8593
mem[X,0x000000008003049E] -> 0x2665
[7714] [M]: 0x000000008003049C (0x26658593) addi a1, a1, 614
x11 <- 0x6666666666666666
mem[X,0x00000000800304A0] -> 0x0113
mem[X,0x00000000800304A2] -> 0x0000
[7715] [M]: 0x00000000800304A0 (0x00000113) addi sp, zero, 0
x2 <- 0x0000000000000000
mem[X,0x00000000800304A4] -> 0x006F
mem[X,0x00000000800304A6] -> 0x2B10
[7716] [M]: 0x00000000800304A4 (0x2B10006F) jal zero, 2736
mem[X,0x0000000080030F54] -> 0x5A63
mem[X,0x0000000080030F56] -> 0xD4B5
[7717] [M]: 0x0000000080030F54 (0xD4B55A63) bge a0, a1, 5460
mem[X,0x0000000080030F58] -> 0x0113
mem[X,0x0000000080030F5A] -> 0x0021
[7718] [M]: 0x0000000080030F58 (0x00210113) addi sp, sp, 2
x2 <- 0x0000000000000002
mem[X,0x0000000080030F5C] -> 0x006F
mem[X,0x0000000080030F5E] -> 0x00C0
[7719] [M]: 0x0000000080030F5C (0x00C0006F) jal zero, 12
mem[X,0x0000000080030F68] -> 0xB023
mem[X,0x0000000080030F6A] -> 0x6820
[7720] [M]: 0x0000000080030F68 (0x6820B023) sd sp, 1664(ra)
mem[0x000000008004A050] <- 0x0000000000000002
mem[X,0x0000000080030F6C] -> 0x0537
mem[X,0x0000000080030F6E] -> 0x0000
[7721] [M]: 0x0000000080030F6C (0x00000537) lui a0, 0
x10 <- 0x0000000000000000
mem[X,0x0000000080030F70] -> 0x0513
mem[X,0x0000000080030F72] -> 0x0005
[7722] [M]: 0x0000000080030F70 (0x00050513) addi a0, a0, 0
x10 <- 0x0000000000000000
mem[X,0x0000000080030F74] -> 0x1513
mem[X,0x0000000080030F76] -> 0x00B5
[7723] [M]: 0x0000000080030F74 (0x00B51513) slli a0, a0, 11
x10 <- 0x0000000000000000
mem[X,0x0000000080030F78] -> 0x0513
mem[X,0x0000000080030F7A] -> 0x5A85
[7724] [M]: 0x0000000080030F78 (0x5A850513) addi a0, a0, 1448
x10 <- 0x00000000000005A8
mem[X,0x0000000080030F7C] -> 0x1513
mem[X,0x0000000080030F7E] -> 0x00B5
[7725] [M]: 0x0000000080030F7C (0x00B51513) slli a0, a0, 11
x10 <- 0x00000000002D4000
mem[X,0x0000000080030F80] -> 0x0513
mem[X,0x0000000080030F82] -> 0x13C5
[7726] [M]: 0x0000000080030F80 (0x13C50513) addi a0, a0, 316
x10 <- 0x00000000002D413C
mem[X,0x0000000080030F84] -> 0x1513
mem[X,0x0000000080030F86] -> 0x00A5
[7727] [M]: 0x0000000080030F84 (0x00A51513) slli a0, a0, 10
x10 <- 0x00000000B504F000
mem[X,0x0000000080030F88] -> 0x0513
mem[X,0x0000000080030F8A] -> 0x3325
[7728] [M]: 0x0000000080030F88 (0x33250513) addi a0, a0, 818
x10 <- 0x00000000B504F332
mem[X,0x0000000080030F8C] -> 0x05B7
mem[X,0x0000000080030F8E] -> 0x0000
[7729] [M]: 0x0000000080030F8C (0x000005B7) lui a1, 0
x11 <- 0x0000000000000000
mem[X,0x0000000080030F90] -> 0x8593
mem[X,0x0000000080030F92] -> 0xFFF5
[7730] [M]: 0x0000000080030F90 (0xFFF58593) addi a1, a1, 4095
x11 <- 0xFFFFFFFFFFFFFFFF
mem[X,0x0000000080030F94] -> 0x9593
mem[X,0x0000000080030F96] -> 0x00B5
[7731] [M]: 0x0000000080030F94 (0x00B59593) slli a1, a1, 11
x11 <- 0xFFFFFFFFFFFFF800
mem[X,0x0000000080030F98] -> 0x8593
mem[X,0x0000000080030F9A] -> 0x2575
[7732] [M]: 0x0000000080030F98 (0x25758593) addi a1, a1, 599
x11 <- 0xFFFFFFFFFFFFFA57
mem[X,0x0000000080030F9C] -> 0x9593
mem[X,0x0000000080030F9E] -> 0x00B5
[7733] [M]: 0x0000000080030F9C (0x00B59593) slli a1, a1, 11
x11 <- 0xFFFFFFFFFFD2B800
mem[X,0x0000000080030FA0] -> 0x8593
mem[X,0x0000000080030FA2] -> 0x6C35
[7734] [M]: 0x0000000080030FA0 (0x6C358593) addi a1, a1, 1731
x11 <- 0xFFFFFFFFFFD2BEC3
mem[X,0x0000000080030FA4] -> 0x9593
mem[X,0x0000000080030FA6] -> 0x00A5
[7735] [M]: 0x0000000080030FA4 (0x00A59593) slli a1, a1, 10
x11 <- 0xFFFFFFFF4AFB0C00
mem[X,0x0000000080030FA8] -> 0x8593
mem[X,0x0000000080030FAA] -> 0x0CD5
[7736] [M]: 0x0000000080030FA8 (0x0CD58593) addi a1, a1, 205
x11 <- 0xFFFFFFFF4AFB0CCD
mem[X,0x0000000080030FAC] -> 0x0113
mem[X,0x0000000080030FAE] -> 0x0000
[7737] [M]: 0x0000000080030FAC (0x00000113) addi sp, zero, 0
x2 <- 0x0000000000000000
mem[X,0x0000000080030FB0] -> 0x006F
mem[X,0x0000000080030FB2] -> 0x00C0
[7738] [M]: 0x0000000080030FB0 (0x00C0006F) jal zero, 12
mem[X,0x0000000080030FBC] -> 0x5CE3
mem[X,0x0000000080030FBE] -> 0xFEB5
[7739] [M]: 0x0000000080030FBC (0xFEB55CE3) bge a0, a1, 8184
mem[X,0x0000000080030FB4] -> 0x0113
mem[X,0x0000000080030FB6] -> 0x0011
[7740] [M]: 0x0000000080030FB4 (0x00110113) addi sp, sp, 1
x2 <- 0x0000000000000001
mem[X,0x0000000080030FB8] -> 0x006F
mem[X,0x0000000080030FBA] -> 0x0180
[7741] [M]: 0x0000000080030FB8 (0x0180006F) jal zero, 24
mem[X,0x0000000080030FD0] -> 0xB423
mem[X,0x0000000080030FD2] -> 0x6820
[7742] [M]: 0x0000000080030FD0 (0x6820B423) sd sp, 1672(ra)
mem[0x000000008004A058] <- 0x0000000000000001
mem[X,0x0000000080030FD4] -> 0x0537
mem[X,0x0000000080030FD6] -> 0x0000
[7743] [M]: 0x0000000080030FD4 (0x00000537) lui a0, 0
x10 <- 0x0000000000000000
mem[X,0x0000000080030FD8] -> 0x0513
mem[X,0x0000000080030FDA] -> 0x0005
[7744] [M]: 0x0000000080030FD8 (0x00050513) addi a0, a0, 0
x10 <- 0x0000000000000000
mem[X,0x0000000080030FDC] -> 0x1513
mem[X,0x0000000080030FDE] -> 0x00B5
[7745] [M]: 0x0000000080030FDC (0x00B51513) slli a0, a0, 11
x10 <- 0x0000000000000000
mem[X,0x0000000080030FE0] -> 0x0513
mem[X,0x0000000080030FE2] -> 0x5A85
[7746] [M]: 0x0000000080030FE0 (0x5A850513) addi a0, a0, 1448
x10 <- 0x00000000000005A8
mem[X,0x0000000080030FE4] -> 0x1513
mem[X,0x0000000080030FE6] -> 0x00B5
[7747] [M]: 0x0000000080030FE4 (0x00B51513) slli a0, a0, 11
x10 <- 0x00000000002D4000
mem[X,0x0000000080030FE8] -> 0x0513
mem[X,0x0000000080030FEA] -> 0x13C5
[7748] [M]: 0x0000000080030FE8 (0x13C50513) addi a0, a0, 316
x10 <- 0x00000000002D413C
mem[X,0x0000000080030FEC] -> 0x1513
mem[X,0x0000000080030FEE] -> 0x00A5
[7749] [M]: 0x0000000080030FEC (0x00A51513) slli a0, a0, 10
x10 <- 0x00000000B504F000
mem[X,0x0000000080030FF0] -> 0x0513
mem[X,0x0000000080030FF2] -> 0x3325
[7750] [M]: 0x0000000080030FF0 (0x33250513) addi a0, a0, 818
x10 <- 0x00000000B504F332
mem[X,0x0000000080030FF4] -> 0x05B7
mem[X,0x0000000080030FF6] -> 0x0000
[7751] [M]: 0x0000000080030FF4 (0x000005B7) lui a1, 0
x11 <- 0x0000000000000000
mem[X,0x0000000080030FF8] -> 0x8593
mem[X,0x0000000080030FFA] -> 0x0005
[7752] [M]: 0x0000000080030FF8 (0x00058593) addi a1, a1, 0
x11 <- 0x0000000000000000
mem[X,0x0000000080030FFC] -> 0x9593
mem[X,0x0000000080030FFE] -> 0x00B5
[7753] [M]: 0x0000000080030FFC (0x00B59593) slli a1, a1, 11
x11 <- 0x0000000000000000
mem[X,0x0000000080031000] -> 0x8593
mem[X,0x0000000080031002] -> 0x5A85
[7754] [M]: 0x0000000080031000 (0x5A858593) addi a1, a1, 1448
x11 <- 0x00000000000005A8
mem[X,0x0000000080031004] -> 0x9593
mem[X,0x0000000080031006] -> 0x00B5
[7755] [M]: 0x0000000080031004 (0x00B59593) slli a1, a1, 11
x11 <- 0x00000000002D4000
mem[X,0x0000000080031008] -> 0x8593
mem[X,0x000000008003100A] -> 0x13C5
[7756] [M]: 0x0000000080031008 (0x13C58593) addi a1, a1, 316
x11 <- 0x00000000002D413C
mem[X,0x000000008003100C] -> 0x9593
mem[X,0x000000008003100E] -> 0x00A5
[7757] [M]: 0x000000008003100C (0x00A59593) slli a1, a1, 10
x11 <- 0x00000000B504F000
mem[X,0x0000000080031010] -> 0x8593
mem[X,0x0000000080031012] -> 0x3335
[7758] [M]: 0x0000000080031010 (0x33358593) addi a1, a1, 819
x11 <- 0x00000000B504F333
mem[X,0x0000000080031014] -> 0x0113
mem[X,0x0000000080031016] -> 0x0000
[7759] [M]: 0x0000000080031014 (0x00000113) addi sp, zero, 0
x2 <- 0x0000000000000000
mem[X,0x0000000080031018] -> 0x006F
mem[X,0x000000008003101A] -> 0x00C0
[7760] [M]: 0x0000000080031018 (0x00C0006F) jal zero, 12
mem[X,0x0000000080031024] -> 0x5663
mem[X,0x0000000080031026] -> 0x00B5
[7761] [M]: 0x0000000080031024 (0x00B55663) bge a0, a1, 12
mem[X,0x0000000080031028] -> 0x0113
mem[X,0x000000008003102A] -> 0x0021
[7762] [M]: 0x0000000080031028 (0x00210113) addi sp, sp, 2
x2 <- 0x0000000000000002
mem[X,0x000000008003102C] -> 0x006F
mem[X,0x000000008003102E] -> 0x00C0
[7763] [M]: 0x000000008003102C (0x00C0006F) jal zero, 12
mem[X,0x0000000080031038] -> 0xB823
mem[X,0x000000008003103A] -> 0x6820
[7764] [M]: 0x0000000080031038 (0x6820B823) sd sp, 1680(ra)
mem[0x000000008004A060] <- 0x0000000000000002
mem[X,0x000000008003103C] -> 0x0537
mem[X,0x000000008003103E] -> 0x0000
[7765] [M]: 0x000000008003103C (0x00000537) lui a0, 0
x10 <- 0x0000000000000000
mem[X,0x0000000080031040] -> 0x0513
mem[X,0x0000000080031042] -> 0x0005
[7766] [M]: 0x0000000080031040 (0x00050513) addi a0, a0, 0
x10 <- 0x0000000000000000
mem[X,0x0000000080031044] -> 0x1513
mem[X,0x0000000080031046] -> 0x00B5
[7767] [M]: 0x0000000080031044 (0x00B51513) slli a0, a0, 11
x10 <- 0x0000000000000000
mem[X,0x0000000080031048] -> 0x0513
mem[X,0x000000008003104A] -> 0x5A85
[7768] [M]: 0x0000000080031048 (0x5A850513) addi a0, a0, 1448
x10 <- 0x00000000000005A8
mem[X,0x000000008003104C] -> 0x1513
mem[X,0x000000008003104E] -> 0x00B5
[7769] [M]: 0x000000008003104C (0x00B51513) slli a0, a0, 11
x10 <- 0x00000000002D4000
mem[X,0x0000000080031050] -> 0x0513
mem[X,0x0000000080031052] -> 0x13C5
[7770] [M]: 0x0000000080031050 (0x13C50513) addi a0, a0, 316
x10 <- 0x00000000002D413C
mem[X,0x0000000080031054] -> 0x1513
mem[X,0x0000000080031056] -> 0x00A5
[7771] [M]: 0x0000000080031054 (0x00A51513) slli a0, a0, 10
x10 <- 0x00000000B504F000
mem[X,0x0000000080031058] -> 0x0513
mem[X,0x000000008003105A] -> 0x3325
[7772] [M]: 0x0000000080031058 (0x33250513) addi a0, a0, 818
x10 <- 0x00000000B504F332
mem[X,0x000000008003105C] -> 0x0593
mem[X,0x000000008003105E] -> 0x0020
[7773] [M]: 0x000000008003105C (0x00200593) addi a1, zero, 2
x11 <- 0x0000000000000002
mem[X,0x0000000080031060] -> 0x0113
mem[X,0x0000000080031062] -> 0x0000
[7774] [M]: 0x0000000080031060 (0x00000113) addi sp, zero, 0
x2 <- 0x0000000000000000
mem[X,0x0000000080031064] -> 0x006F
mem[X,0x0000000080031066] -> 0x0050
[7775] [M]: 0x0000000080031064 (0x0050006F) jal zero, 2052
mem[X,0x0000000080031868] -> 0x50E3
mem[X,0x000000008003186A] -> 0x80B5
[7776] [M]: 0x0000000080031868 (0x80B550E3) bge a0, a1, 6144
mem[X,0x0000000080031068] -> 0x0113
mem[X,0x000000008003106A] -> 0x0011
[7777] [M]: 0x0000000080031068 (0x00110113) addi sp, sp, 1
x2 <- 0x0000000000000001
mem[X,0x000000008003106C] -> 0x006F
mem[X,0x000000008003106E] -> 0x0110
[7778] [M]: 0x000000008003106C (0x0110006F) jal zero, 2064
mem[X,0x000000008003187C] -> 0xBC23
mem[X,0x000000008003187E] -> 0x6820
[7779] [M]: 0x000000008003187C (0x6820BC23) sd sp, 1688(ra)
mem[0x000000008004A068] <- 0x0000000000000001
mem[X,0x0000000080031880] -> 0x0537
mem[X,0x0000000080031882] -> 0x0000
[7780] [M]: 0x0000000080031880 (0x00000537) lui a0, 0
x10 <- 0x0000000000000000
mem[X,0x0000000080031884] -> 0x0513
mem[X,0x0000000080031886] -> 0x0005
[7781] [M]: 0x0000000080031884 (0x00050513) addi a0, a0, 0
x10 <- 0x0000000000000000
mem[X,0x0000000080031888] -> 0x1513
mem[X,0x000000008003188A] -> 0x00B5
[7782] [M]: 0x0000000080031888 (0x00B51513) slli a0, a0, 11
x10 <- 0x0000000000000000
mem[X,0x000000008003188C] -> 0x0513
mem[X,0x000000008003188E] -> 0x5A85
[7783] [M]: 0x000000008003188C (0x5A850513) addi a0, a0, 1448
x10 <- 0x00000000000005A8
mem[X,0x0000000080031890] -> 0x1513
mem[X,0x0000000080031892] -> 0x00B5
[7784] [M]: 0x0000000080031890 (0x00B51513) slli a0, a0, 11
x10 <- 0x00000000002D4000
mem[X,0x0000000080031894] -> 0x0513
mem[X,0x0000000080031896] -> 0x13C5
[7785] [M]: 0x0000000080031894 (0x13C50513) addi a0, a0, 316
x10 <- 0x00000000002D413C
mem[X,0x0000000080031898] -> 0x1513
mem[X,0x000000008003189A] -> 0x00A5
[7786] [M]: 0x0000000080031898 (0x00A51513) slli a0, a0, 10
x10 <- 0x00000000B504F000
mem[X,0x000000008003189C] -> 0x0513
mem[X,0x000000008003189E] -> 0x3325
[7787] [M]: 0x000000008003189C (0x33250513) addi a0, a0, 818
x10 <- 0x00000000B504F332
mem[X,0x00000000800318A0] -> 0x55B7
mem[X,0x00000000800318A2] -> 0x5555
[7788] [M]: 0x00000000800318A0 (0x555555B7) lui a1, 349525
x11 <- 0x0000000055555000
mem[X,0x00000000800318A4] -> 0x8593
mem[X,0x00000000800318A6] -> 0x5555
[7789] [M]: 0x00000000800318A4 (0x55558593) addi a1, a1, 1365
x11 <- 0x0000000055555555
mem[X,0x00000000800318A8] -> 0x9593
mem[X,0x00000000800318AA] -> 0x00B5
[7790] [M]: 0x00000000800318A8 (0x00B59593) slli a1, a1, 11
x11 <- 0x000002AAAAAAA800
mem[X,0x00000000800318AC] -> 0x8593
mem[X,0x00000000800318AE] -> 0x2AA5
[7791] [M]: 0x00000000800318AC (0x2AA58593) addi a1, a1, 682
x11 <- 0x000002AAAAAAAAAA
mem[X,0x00000000800318B0] -> 0x9593
mem[X,0x00000000800318B2] -> 0x00B5
[7792] [M]: 0x00000000800318B0 (0x00B59593) slli a1, a1, 11
x11 <- 0x0015555555555000
mem[X,0x00000000800318B4] -> 0x8593
mem[X,0x00000000800318B6] -> 0x5555
[7793] [M]: 0x00000000800318B4 (0x55558593) addi a1, a1, 1365
x11 <- 0x0015555555555555
mem[X,0x00000000800318B8] -> 0x9593
mem[X,0x00000000800318BA] -> 0x00A5
[7794] [M]: 0x00000000800318B8 (0x00A59593) slli a1, a1, 10
x11 <- 0x5555555555555400
mem[X,0x00000000800318BC] -> 0x8593
mem[X,0x00000000800318BE] -> 0x1545
[7795] [M]: 0x00000000800318BC (0x15458593) addi a1, a1, 340
x11 <- 0x5555555555555554
mem[X,0x00000000800318C0] -> 0x0113
mem[X,0x00000000800318C2] -> 0x0000
[7796] [M]: 0x00000000800318C0 (0x00000113) addi sp, zero, 0
x2 <- 0x0000000000000000
mem[X,0x00000000800318C4] -> 0x006F
mem[X,0x00000000800318C6] -> 0x00C0
[7797] [M]: 0x00000000800318C4 (0x00C0006F) jal zero, 12
mem[X,0x00000000800318D0] -> 0x5CE3
mem[X,0x00000000800318D2] -> 0xFEB5
[7798] [M]: 0x00000000800318D0 (0xFEB55CE3) bge a0, a1, 8184
mem[X,0x00000000800318D4] -> 0x0113
mem[X,0x00000000800318D6] -> 0x0021
[7799] [M]: 0x00000000800318D4 (0x00210113) addi sp, sp, 2
x2 <- 0x0000000000000002
clint::tick mtime <- 0x000000000000004E
 clint timer pending at mtime 0x000000000000004E
htif::tick 0x0000000000000000
mem[X,0x00000000800318D8] -> 0x006F
mem[X,0x00000000800318DA] -> 0x00C0
[7800] [M]: 0x00000000800318D8 (0x00C0006F) jal zero, 12
mem[X,0x00000000800318E4] -> 0xB023
mem[X,0x00000000800318E6] -> 0x6A20
[7801] [M]: 0x00000000800318E4 (0x6A20B023) sd sp, 1696(ra)
mem[0x000000008004A070] <- 0x0000000000000002
mem[X,0x00000000800318E8] -> 0x0537
mem[X,0x00000000800318EA] -> 0x0000
[7802] [M]: 0x00000000800318E8 (0x00000537) lui a0, 0
x10 <- 0x0000000000000000
mem[X,0x00000000800318EC] -> 0x0513
mem[X,0x00000000800318EE] -> 0x0005
[7803] [M]: 0x00000000800318EC (0x00050513) addi a0, a0, 0
x10 <- 0x0000000000000000
mem[X,0x00000000800318F0] -> 0x1513
mem[X,0x00000000800318F2] -> 0x00B5
[7804] [M]: 0x00000000800318F0 (0x00B51513) slli a0, a0, 11
x10 <- 0x0000000000000000
mem[X,0x00000000800318F4] -> 0x0513
mem[X,0x00000000800318F6] -> 0x5A85
[7805] [M]: 0x00000000800318F4 (0x5A850513) addi a0, a0, 1448
x10 <- 0x00000000000005A8
mem[X,0x00000000800318F8] -> 0x1513
mem[X,0x00000000800318FA] -> 0x00B5
[7806] [M]: 0x00000000800318F8 (0x00B51513) slli a0, a0, 11
x10 <- 0x00000000002D4000
mem[X,0x00000000800318FC] -> 0x0513
mem[X,0x00000000800318FE] -> 0x13C5
[7807] [M]: 0x00000000800318FC (0x13C50513) addi a0, a0, 316
x10 <- 0x00000000002D413C
mem[X,0x0000000080031900] -> 0x1513
mem[X,0x0000000080031902] -> 0x00A5
[7808] [M]: 0x0000000080031900 (0x00A51513) slli a0, a0, 10
x10 <- 0x00000000B504F000
mem[X,0x0000000080031904] -> 0x0513
mem[X,0x0000000080031906] -> 0x3325
[7809] [M]: 0x0000000080031904 (0x33250513) addi a0, a0, 818
x10 <- 0x00000000B504F332
mem[X,0x0000000080031908] -> 0x0593
mem[X,0x000000008003190A] -> 0x0000
[7810] [M]: 0x0000000080031908 (0x00000593) addi a1, zero, 0
x11 <- 0x0000000000000000
mem[X,0x000000008003190C] -> 0x0113
mem[X,0x000000008003190E] -> 0x0000
[7811] [M]: 0x000000008003190C (0x00000113) addi sp, zero, 0
x2 <- 0x0000000000000000
mem[X,0x0000000080031910] -> 0x006F
mem[X,0x0000000080031912] -> 0x00C0
[7812] [M]: 0x0000000080031910 (0x00C0006F) jal zero, 12
mem[X,0x000000008003191C] -> 0x5663
mem[X,0x000000008003191E] -> 0x00B5
[7813] [M]: 0x000000008003191C (0x00B55663) bge a0, a1, 12
mem[X,0x0000000080031928] -> 0x0113
mem[X,0x000000008003192A] -> 0x0031
[7814] [M]: 0x0000000080031928 (0x00310113) addi sp, sp, 3
x2 <- 0x0000000000000003
mem[X,0x000000008003192C] -> 0x006F
mem[X,0x000000008003192E] -> 0x0040
[7815] [M]: 0x000000008003192C (0x0040006F) jal zero, 4
mem[X,0x0000000080031930] -> 0xB423
mem[X,0x0000000080031932] -> 0x6A20
[7816] [M]: 0x0000000080031930 (0x6A20B423) sd sp, 1704(ra)
mem[0x000000008004A078] <- 0x0000000000000003
mem[X,0x0000000080031934] -> 0x0537
mem[X,0x0000000080031936] -> 0x0000
[7817] [M]: 0x0000000080031934 (0x00000537) lui a0, 0
x10 <- 0x0000000000000000
mem[X,0x0000000080031938] -> 0x0513
mem[X,0x000000008003193A] -> 0x0005
[7818] [M]: 0x0000000080031938 (0x00050513) addi a0, a0, 0
x10 <- 0x0000000000000000
mem[X,0x000000008003193C] -> 0x1513
mem[X,0x000000008003193E] -> 0x00B5
[7819] [M]: 0x000000008003193C (0x00B51513) slli a0, a0, 11
x10 <- 0x0000000000000000
mem[X,0x0000000080031940] -> 0x0513
mem[X,0x0000000080031942] -> 0x5A85
[7820] [M]: 0x0000000080031940 (0x5A850513) addi a0, a0, 1448
x10 <- 0x00000000000005A8
mem[X,0x0000000080031944] -> 0x1513
mem[X,0x0000000080031946] -> 0x00B5
[7821] [M]: 0x0000000080031944 (0x00B51513) slli a0, a0, 11
x10 <- 0x00000000002D4000
mem[X,0x0000000080031948] -> 0x0513
mem[X,0x000000008003194A] -> 0x13C5
[7822] [M]: 0x0000000080031948 (0x13C50513) addi a0, a0, 316
x10 <- 0x00000000002D413C
mem[X,0x000000008003194C] -> 0x1513
mem[X,0x000000008003194E] -> 0x00A5
[7823] [M]: 0x000000008003194C (0x00A51513) slli a0, a0, 10
x10 <- 0x00000000B504F000
mem[X,0x0000000080031950] -> 0x0513
mem[X,0x0000000080031952] -> 0x3325
[7824] [M]: 0x0000000080031950 (0x33250513) addi a0, a0, 818
x10 <- 0x00000000B504F332
mem[X,0x0000000080031954] -> 0x0593
mem[X,0x0000000080031956] -> 0x0040
[7825] [M]: 0x0000000080031954 (0x00400593) addi a1, zero, 4
x11 <- 0x0000000000000004
mem[X,0x0000000080031958] -> 0x0113
mem[X,0x000000008003195A] -> 0x0000
[7826] [M]: 0x0000000080031958 (0x00000113) addi sp, zero, 0
x2 <- 0x0000000000000000
mem[X,0x000000008003195C] -> 0x006F
mem[X,0x000000008003195E] -> 0x00C0
[7827] [M]: 0x000000008003195C (0x00C0006F) jal zero, 12
mem[X,0x0000000080031968] -> 0x5CE3
mem[X,0x000000008003196A] -> 0xFEB5
[7828] [M]: 0x0000000080031968 (0xFEB55CE3) bge a0, a1, 8184
mem[X,0x0000000080031960] -> 0x0113
mem[X,0x0000000080031962] -> 0x0011
[7829] [M]: 0x0000000080031960 (0x00110113) addi sp, sp, 1
x2 <- 0x0000000000000001
mem[X,0x0000000080031964] -> 0x006F
mem[X,0x0000000080031966] -> 0x0180
[7830] [M]: 0x0000000080031964 (0x0180006F) jal zero, 24
mem[X,0x000000008003197C] -> 0xB823
mem[X,0x000000008003197E] -> 0x6A20
[7831] [M]: 0x000000008003197C (0x6A20B823) sd sp, 1712(ra)
mem[0x000000008004A080] <- 0x0000000000000001
mem[X,0x0000000080031980] -> 0x0537
mem[X,0x0000000080031982] -> 0x0000
[7832] [M]: 0x0000000080031980 (0x00000537) lui a0, 0
x10 <- 0x0000000000000000
mem[X,0x0000000080031984] -> 0x0513
mem[X,0x0000000080031986] -> 0x0005
[7833] [M]: 0x0000000080031984 (0x00050513) addi a0, a0, 0
x10 <- 0x0000000000000000
mem[X,0x0000000080031988] -> 0x1513
mem[X,0x000000008003198A] -> 0x00B5
[7834] [M]: 0x0000000080031988 (0x00B51513) slli a0, a0, 11
x10 <- 0x0000000000000000
mem[X,0x000000008003198C] -> 0x0513
mem[X,0x000000008003198E] -> 0x5A85
[7835] [M]: 0x000000008003198C (0x5A850513) addi a0, a0, 1448
x10 <- 0x00000000000005A8
mem[X,0x0000000080031990] -> 0x1513
mem[X,0x0000000080031992] -> 0x00B5
[7836] [M]: 0x0000000080031990 (0x00B51513) slli a0, a0, 11
x10 <- 0x00000000002D4000
mem[X,0x0000000080031994] -> 0x0513
mem[X,0x0000000080031996] -> 0x13C5
[7837] [M]: 0x0000000080031994 (0x13C50513) addi a0, a0, 316
x10 <- 0x00000000002D413C
mem[X,0x0000000080031998] -> 0x1513
mem[X,0x000000008003199A] -> 0x00A5
[7838] [M]: 0x0000000080031998 (0x00A51513) slli a0, a0, 10
x10 <- 0x00000000B504F000
mem[X,0x000000008003199C] -> 0x0513
mem[X,0x000000008003199E] -> 0x3325
[7839] [M]: 0x000000008003199C (0x33250513) addi a0, a0, 818
x10 <- 0x00000000B504F332
mem[X,0x00000000800319A0] -> 0x35B7
mem[X,0x00000000800319A2] -> 0x3333
[7840] [M]: 0x00000000800319A0 (0x333335B7) lui a1, 209715
x11 <- 0x0000000033333000
mem[X,0x00000000800319A4] -> 0x8593
mem[X,0x00000000800319A6] -> 0x3335
[7841] [M]: 0x00000000800319A4 (0x33358593) addi a1, a1, 819
x11 <- 0x0000000033333333
mem[X,0x00000000800319A8] -> 0x9593
mem[X,0x00000000800319AA] -> 0x00B5
[7842] [M]: 0x00000000800319A8 (0x00B59593) slli a1, a1, 11
x11 <- 0x0000019999999800
mem[X,0x00000000800319AC] -> 0x8593
mem[X,0x00000000800319AE] -> 0x1995
[7843] [M]: 0x00000000800319AC (0x19958593) addi a1, a1, 409
x11 <- 0x0000019999999999
mem[X,0x00000000800319B0] -> 0x9593
mem[X,0x00000000800319B2] -> 0x00B5
[7844] [M]: 0x00000000800319B0 (0x00B59593) slli a1, a1, 11
x11 <- 0x000CCCCCCCCCC800
mem[X,0x00000000800319B4] -> 0x8593
mem[X,0x00000000800319B6] -> 0x4CC5
[7845] [M]: 0x00000000800319B4 (0x4CC58593) addi a1, a1, 1228
x11 <- 0x000CCCCCCCCCCCCC
mem[X,0x00000000800319B8] -> 0x9593
mem[X,0x00000000800319BA] -> 0x00A5
[7846] [M]: 0x00000000800319B8 (0x00A59593) slli a1, a1, 10
x11 <- 0x3333333333333000
mem[X,0x00000000800319BC] -> 0x8593
mem[X,0x00000000800319BE] -> 0x3325
[7847] [M]: 0x00000000800319BC (0x33258593) addi a1, a1, 818
x11 <- 0x3333333333333332
mem[X,0x00000000800319C0] -> 0x0113
mem[X,0x00000000800319C2] -> 0x0000
[7848] [M]: 0x00000000800319C0 (0x00000113) addi sp, zero, 0
x2 <- 0x0000000000000000
mem[X,0x00000000800319C4] -> 0x006F
mem[X,0x00000000800319C6] -> 0x0140
[7849] [M]: 0x00000000800319C4 (0x0140006F) jal zero, 20
mem[X,0x00000000800319D8] -> 0x58E3
mem[X,0x00000000800319DA] -> 0xFEB5
[7850] [M]: 0x00000000800319D8 (0xFEB558E3) bge a0, a1, 8176
mem[X,0x00000000800319DC] -> 0x0113
mem[X,0x00000000800319DE] -> 0x0021
[7851] [M]: 0x00000000800319DC (0x00210113) addi sp, sp, 2
x2 <- 0x0000000000000002
mem[X,0x00000000800319E0] -> 0x006F
mem[X,0x00000000800319E2] -> 0x00C0
[7852] [M]: 0x00000000800319E0 (0x00C0006F) jal zero, 12
mem[X,0x00000000800319EC] -> 0xBC23
mem[X,0x00000000800319EE] -> 0x6A20
[7853] [M]: 0x00000000800319EC (0x6A20BC23) sd sp, 1720(ra)
mem[0x000000008004A088] <- 0x0000000000000002
mem[X,0x00000000800319F0] -> 0x0537
mem[X,0x00000000800319F2] -> 0x0000
[7854] [M]: 0x00000000800319F0 (0x00000537) lui a0, 0
x10 <- 0x0000000000000000
mem[X,0x00000000800319F4] -> 0x0513
mem[X,0x00000000800319F6] -> 0x0005
[7855] [M]: 0x00000000800319F4 (0x00050513) addi a0, a0, 0
x10 <- 0x0000000000000000
mem[X,0x00000000800319F8] -> 0x1513
mem[X,0x00000000800319FA] -> 0x00B5
[7856] [M]: 0x00000000800319F8 (0x00B51513) slli a0, a0, 11
x10 <- 0x0000000000000000
mem[X,0x00000000800319FC] -> 0x0513
mem[X,0x00000000800319FE] -> 0x5A85
[7857] [M]: 0x00000000800319FC (0x5A850513) addi a0, a0, 1448
x10 <- 0x00000000000005A8
mem[X,0x0000000080031A00] -> 0x1513
mem[X,0x0000000080031A02] -> 0x00B5
[7858] [M]: 0x0000000080031A00 (0x00B51513) slli a0, a0, 11
x10 <- 0x00000000002D4000
mem[X,0x0000000080031A04] -> 0x0513
mem[X,0x0000000080031A06] -> 0x13C5
[7859] [M]: 0x0000000080031A04 (0x13C50513) addi a0, a0, 316
x10 <- 0x00000000002D413C
mem[X,0x0000000080031A08] -> 0x1513
mem[X,0x0000000080031A0A] -> 0x00A5
[7860] [M]: 0x0000000080031A08 (0x00A51513) slli a0, a0, 10
x10 <- 0x00000000B504F000
mem[X,0x0000000080031A0C] -> 0x0513
mem[X,0x0000000080031A0E] -> 0x3325
[7861] [M]: 0x0000000080031A0C (0x33250513) addi a0, a0, 818
x10 <- 0x00000000B504F332
mem[X,0x0000000080031A10] -> 0x65B7
mem[X,0x0000000080031A12] -> 0x6666
[7862] [M]: 0x0000000080031A10 (0x666665B7) lui a1, 419430
x11 <- 0x0000000066666000
mem[X,0x0000000080031A14] -> 0x8593
mem[X,0x0000000080031A16] -> 0x6665
[7863] [M]: 0x0000000080031A14 (0x66658593) addi a1, a1, 1638
x11 <- 0x0000000066666666
mem[X,0x0000000080031A18] -> 0x9593
mem[X,0x0000000080031A1A] -> 0x00B5
[7864] [M]: 0x0000000080031A18 (0x00B59593) slli a1, a1, 11
x11 <- 0x0000033333333000
mem[X,0x0000000080031A1C] -> 0x8593
mem[X,0x0000000080031A1E] -> 0x3335
[7865] [M]: 0x0000000080031A1C (0x33358593) addi a1, a1, 819
x11 <- 0x0000033333333333
mem[X,0x0000000080031A20] -> 0x9593
mem[X,0x0000000080031A22] -> 0x00B5
[7866] [M]: 0x0000000080031A20 (0x00B59593) slli a1, a1, 11
x11 <- 0x0019999999999800
mem[X,0x0000000080031A24] -> 0x8593
mem[X,0x0000000080031A26] -> 0x1995
[7867] [M]: 0x0000000080031A24 (0x19958593) addi a1, a1, 409
x11 <- 0x0019999999999999
mem[X,0x0000000080031A28] -> 0x9593
mem[X,0x0000000080031A2A] -> 0x00A5
[7868] [M]: 0x0000000080031A28 (0x00A59593) slli a1, a1, 10
x11 <- 0x6666666666666400
mem[X,0x0000000080031A2C] -> 0x8593
mem[X,0x0000000080031A2E] -> 0x2655
[7869] [M]: 0x0000000080031A2C (0x26558593) addi a1, a1, 613
x11 <- 0x6666666666666665
mem[X,0x0000000080031A30] -> 0x0113
mem[X,0x0000000080031A32] -> 0x0000
[7870] [M]: 0x0000000080031A30 (0x00000113) addi sp, zero, 0
x2 <- 0x0000000000000000
mem[X,0x0000000080031A34] -> 0x006F
mem[X,0x0000000080031A36] -> 0x0050
[7871] [M]: 0x0000000080031A34 (0x0050006F) jal zero, 2052
mem[X,0x0000000080032238] -> 0x50E3
mem[X,0x000000008003223A] -> 0x80B5
[7872] [M]: 0x0000000080032238 (0x80B550E3) bge a0, a1, 6144
mem[X,0x000000008003223C] -> 0x0113
mem[X,0x000000008003223E] -> 0x0021
[7873] [M]: 0x000000008003223C (0x00210113) addi sp, sp, 2
x2 <- 0x0000000000000002
mem[X,0x0000000080032240] -> 0x006F
mem[X,0x0000000080032242] -> 0x00C0
[7874] [M]: 0x0000000080032240 (0x00C0006F) jal zero, 12
mem[X,0x000000008003224C] -> 0xB023
mem[X,0x000000008003224E] -> 0x6C20
[7875] [M]: 0x000000008003224C (0x6C20B023) sd sp, 1728(ra)
mem[0x000000008004A090] <- 0x0000000000000002
mem[X,0x0000000080032250] -> 0x0537
mem[X,0x0000000080032252] -> 0x0000
[7876] [M]: 0x0000000080032250 (0x00000537) lui a0, 0
x10 <- 0x0000000000000000
mem[X,0x0000000080032254] -> 0x0513
mem[X,0x0000000080032256] -> 0x0005
[7877] [M]: 0x0000000080032254 (0x00050513) addi a0, a0, 0
x10 <- 0x0000000000000000
mem[X,0x0000000080032258] -> 0x1513
mem[X,0x000000008003225A] -> 0x00B5
[7878] [M]: 0x0000000080032258 (0x00B51513) slli a0, a0, 11
x10 <- 0x0000000000000000
mem[X,0x000000008003225C] -> 0x0513
mem[X,0x000000008003225E] -> 0x5A85
[7879] [M]: 0x000000008003225C (0x5A850513) addi a0, a0, 1448
x10 <- 0x00000000000005A8
mem[X,0x0000000080032260] -> 0x1513
mem[X,0x0000000080032262] -> 0x00B5
[7880] [M]: 0x0000000080032260 (0x00B51513) slli a0, a0, 11
x10 <- 0x00000000002D4000
mem[X,0x0000000080032264] -> 0x0513
mem[X,0x0000000080032266] -> 0x13C5
[7881] [M]: 0x0000000080032264 (0x13C50513) addi a0, a0, 316
x10 <- 0x00000000002D413C
mem[X,0x0000000080032268] -> 0x1513
mem[X,0x000000008003226A] -> 0x00A5
[7882] [M]: 0x0000000080032268 (0x00A51513) slli a0, a0, 10
x10 <- 0x00000000B504F000
mem[X,0x000000008003226C] -> 0x0513
mem[X,0x000000008003226E] -> 0x3325
[7883] [M]: 0x000000008003226C (0x33250513) addi a0, a0, 818
x10 <- 0x00000000B504F332
mem[X,0x0000000080032270] -> 0x05B7
mem[X,0x0000000080032272] -> 0x0000
[7884] [M]: 0x0000000080032270 (0x000005B7) lui a1, 0
x11 <- 0x0000000000000000
mem[X,0x0000000080032274] -> 0x8593
mem[X,0x0000000080032276] -> 0x0005
[7885] [M]: 0x0000000080032274 (0x00058593) addi a1, a1, 0
x11 <- 0x0000000000000000
mem[X,0x0000000080032278] -> 0x9593
mem[X,0x000000008003227A] -> 0x00B5
[7886] [M]: 0x0000000080032278 (0x00B59593) slli a1, a1, 11
x11 <- 0x0000000000000000
mem[X,0x000000008003227C] -> 0x8593
mem[X,0x000000008003227E] -> 0x5A85
[7887] [M]: 0x000000008003227C (0x5A858593) addi a1, a1, 1448
x11 <- 0x00000000000005A8
mem[X,0x0000000080032280] -> 0x9593
mem[X,0x0000000080032282] -> 0x00B5
[7888] [M]: 0x0000000080032280 (0x00B59593) slli a1, a1, 11
x11 <- 0x00000000002D4000
mem[X,0x0000000080032284] -> 0x8593
mem[X,0x0000000080032286] -> 0x13C5
[7889] [M]: 0x0000000080032284 (0x13C58593) addi a1, a1, 316
x11 <- 0x00000000002D413C
mem[X,0x0000000080032288] -> 0x9593
mem[X,0x000000008003228A] -> 0x00A5
[7890] [M]: 0x0000000080032288 (0x00A59593) slli a1, a1, 10
x11 <- 0x00000000B504F000
mem[X,0x000000008003228C] -> 0x8593
mem[X,0x000000008003228E] -> 0x3325
[7891] [M]: 0x000000008003228C (0x33258593) addi a1, a1, 818
x11 <- 0x00000000B504F332
mem[X,0x0000000080032290] -> 0x0113
mem[X,0x0000000080032292] -> 0x0000
[7892] [M]: 0x0000000080032290 (0x00000113) addi sp, zero, 0
x2 <- 0x0000000000000000
mem[X,0x0000000080032294] -> 0x006F
mem[X,0x0000000080032296] -> 0x00C0
[7893] [M]: 0x0000000080032294 (0x00C0006F) jal zero, 12
mem[X,0x00000000800322A0] -> 0x5063
mem[X,0x00000000800322A2] -> 0x40B5
[7894] [M]: 0x00000000800322A0 (0x40B55063) bge a0, a1, 1024
mem[X,0x00000000800326A0] -> 0x0113
mem[X,0x00000000800326A2] -> 0x0031
[7895] [M]: 0x00000000800326A0 (0x00310113) addi sp, sp, 3
x2 <- 0x0000000000000003
mem[X,0x00000000800326A4] -> 0x006F
mem[X,0x00000000800326A6] -> 0x0040
[7896] [M]: 0x00000000800326A4 (0x0040006F) jal zero, 4
mem[X,0x00000000800326A8] -> 0xB423
mem[X,0x00000000800326AA] -> 0x6C20
[7897] [M]: 0x00000000800326A8 (0x6C20B423) sd sp, 1736(ra)
mem[0x000000008004A098] <- 0x0000000000000003
mem[X,0x00000000800326AC] -> 0x0537
mem[X,0x00000000800326AE] -> 0x0000
[7898] [M]: 0x00000000800326AC (0x00000537) lui a0, 0
x10 <- 0x0000000000000000
mem[X,0x00000000800326B0] -> 0x0513
mem[X,0x00000000800326B2] -> 0x0005
[7899] [M]: 0x00000000800326B0 (0x00050513) addi a0, a0, 0
x10 <- 0x0000000000000000
clint::tick mtime <- 0x000000000000004F
 clint timer pending at mtime 0x000000000000004F
htif::tick 0x0000000000000000
mem[X,0x00000000800326B4] -> 0x1513
mem[X,0x00000000800326B6] -> 0x00B5
[7900] [M]: 0x00000000800326B4 (0x00B51513) slli a0, a0, 11
x10 <- 0x0000000000000000
mem[X,0x00000000800326B8] -> 0x0513
mem[X,0x00000000800326BA] -> 0x5A85
[7901] [M]: 0x00000000800326B8 (0x5A850513) addi a0, a0, 1448
x10 <- 0x00000000000005A8
mem[X,0x00000000800326BC] -> 0x1513
mem[X,0x00000000800326BE] -> 0x00B5
[7902] [M]: 0x00000000800326BC (0x00B51513) slli a0, a0, 11
x10 <- 0x00000000002D4000
mem[X,0x00000000800326C0] -> 0x0513
mem[X,0x00000000800326C2] -> 0x13C5
[7903] [M]: 0x00000000800326C0 (0x13C50513) addi a0, a0, 316
x10 <- 0x00000000002D413C
mem[X,0x00000000800326C4] -> 0x1513
mem[X,0x00000000800326C6] -> 0x00A5
[7904] [M]: 0x00000000800326C4 (0x00A51513) slli a0, a0, 10
x10 <- 0x00000000B504F000
mem[X,0x00000000800326C8] -> 0x0513
mem[X,0x00000000800326CA] -> 0x3325
[7905] [M]: 0x00000000800326C8 (0x33250513) addi a0, a0, 818
x10 <- 0x00000000B504F332
mem[X,0x00000000800326CC] -> 0x55B7
mem[X,0x00000000800326CE] -> 0x5555
[7906] [M]: 0x00000000800326CC (0x555555B7) lui a1, 349525
x11 <- 0x0000000055555000
mem[X,0x00000000800326D0] -> 0x8593
mem[X,0x00000000800326D2] -> 0x5555
[7907] [M]: 0x00000000800326D0 (0x55558593) addi a1, a1, 1365
x11 <- 0x0000000055555555
mem[X,0x00000000800326D4] -> 0x9593
mem[X,0x00000000800326D6] -> 0x00B5
[7908] [M]: 0x00000000800326D4 (0x00B59593) slli a1, a1, 11
x11 <- 0x000002AAAAAAA800
mem[X,0x00000000800326D8] -> 0x8593
mem[X,0x00000000800326DA] -> 0x2AA5
[7909] [M]: 0x00000000800326D8 (0x2AA58593) addi a1, a1, 682
x11 <- 0x000002AAAAAAAAAA
mem[X,0x00000000800326DC] -> 0x9593
mem[X,0x00000000800326DE] -> 0x00B5
[7910] [M]: 0x00000000800326DC (0x00B59593) slli a1, a1, 11
x11 <- 0x0015555555555000
mem[X,0x00000000800326E0] -> 0x8593
mem[X,0x00000000800326E2] -> 0x5555
[7911] [M]: 0x00000000800326E0 (0x55558593) addi a1, a1, 1365
x11 <- 0x0015555555555555
mem[X,0x00000000800326E4] -> 0x9593
mem[X,0x00000000800326E6] -> 0x00A5
[7912] [M]: 0x00000000800326E4 (0x00A59593) slli a1, a1, 10
x11 <- 0x5555555555555400
mem[X,0x00000000800326E8] -> 0x8593
mem[X,0x00000000800326EA] -> 0x1565
[7913] [M]: 0x00000000800326E8 (0x15658593) addi a1, a1, 342
x11 <- 0x5555555555555556
mem[X,0x00000000800326EC] -> 0x0113
mem[X,0x00000000800326EE] -> 0x0000
[7914] [M]: 0x00000000800326EC (0x00000113) addi sp, zero, 0
x2 <- 0x0000000000000000
mem[X,0x00000000800326F0] -> 0x006F
mem[X,0x00000000800326F2] -> 0x00C0
[7915] [M]: 0x00000000800326F0 (0x00C0006F) jal zero, 12
mem[X,0x00000000800326FC] -> 0x5663
mem[X,0x00000000800326FE] -> 0x00B5
[7916] [M]: 0x00000000800326FC (0x00B55663) bge a0, a1, 12
mem[X,0x0000000080032700] -> 0x0113
mem[X,0x0000000080032702] -> 0x0021
[7917] [M]: 0x0000000080032700 (0x00210113) addi sp, sp, 2
x2 <- 0x0000000000000002
mem[X,0x0000000080032704] -> 0x006F
mem[X,0x0000000080032706] -> 0x00C0
[7918] [M]: 0x0000000080032704 (0x00C0006F) jal zero, 12
mem[X,0x0000000080032710] -> 0xB823
mem[X,0x0000000080032712] -> 0x6C20
[7919] [M]: 0x0000000080032710 (0x6C20B823) sd sp, 1744(ra)
mem[0x000000008004A0A0] <- 0x0000000000000002
mem[X,0x0000000080032714] -> 0x0537
mem[X,0x0000000080032716] -> 0x0000
[7920] [M]: 0x0000000080032714 (0x00000537) lui a0, 0
x10 <- 0x0000000000000000
mem[X,0x0000000080032718] -> 0x0513
mem[X,0x000000008003271A] -> 0x0005
[7921] [M]: 0x0000000080032718 (0x00050513) addi a0, a0, 0
x10 <- 0x0000000000000000
mem[X,0x000000008003271C] -> 0x1513
mem[X,0x000000008003271E] -> 0x00B5
[7922] [M]: 0x000000008003271C (0x00B51513) slli a0, a0, 11
x10 <- 0x0000000000000000
mem[X,0x0000000080032720] -> 0x0513
mem[X,0x0000000080032722] -> 0x5A85
[7923] [M]: 0x0000000080032720 (0x5A850513) addi a0, a0, 1448
x10 <- 0x00000000000005A8
mem[X,0x0000000080032724] -> 0x1513
mem[X,0x0000000080032726] -> 0x00B5
[7924] [M]: 0x0000000080032724 (0x00B51513) slli a0, a0, 11
x10 <- 0x00000000002D4000
mem[X,0x0000000080032728] -> 0x0513
mem[X,0x000000008003272A] -> 0x13C5
[7925] [M]: 0x0000000080032728 (0x13C50513) addi a0, a0, 316
x10 <- 0x00000000002D413C
mem[X,0x000000008003272C] -> 0x1513
mem[X,0x000000008003272E] -> 0x00A5
[7926] [M]: 0x000000008003272C (0x00A51513) slli a0, a0, 10
x10 <- 0x00000000B504F000
mem[X,0x0000000080032730] -> 0x0513
mem[X,0x0000000080032732] -> 0x3325
[7927] [M]: 0x0000000080032730 (0x33250513) addi a0, a0, 818
x10 <- 0x00000000B504F332
mem[X,0x0000000080032734] -> 0xB5B7
mem[X,0x0000000080032736] -> 0xAAAA
[7928] [M]: 0x0000000080032734 (0xAAAAB5B7) lui a1, 699051
x11 <- 0xFFFFFFFFAAAAB000
mem[X,0x0000000080032738] -> 0x8593
mem[X,0x000000008003273A] -> 0xAAA5
[7929] [M]: 0x0000000080032738 (0xAAA58593) addi a1, a1, 2730
x11 <- 0xFFFFFFFFAAAAAAAA
mem[X,0x000000008003273C] -> 0x9593
mem[X,0x000000008003273E] -> 0x00B5
[7930] [M]: 0x000000008003273C (0x00B59593) slli a1, a1, 11
x11 <- 0xFFFFFD5555555000
mem[X,0x0000000080032740] -> 0x8593
mem[X,0x0000000080032742] -> 0x5555
[7931] [M]: 0x0000000080032740 (0x55558593) addi a1, a1, 1365
x11 <- 0xFFFFFD5555555555
mem[X,0x0000000080032744] -> 0x9593
mem[X,0x0000000080032746] -> 0x00B5
[7932] [M]: 0x0000000080032744 (0x00B59593) slli a1, a1, 11
x11 <- 0xFFEAAAAAAAAAA800
mem[X,0x0000000080032748] -> 0x8593
mem[X,0x000000008003274A] -> 0x2AA5
[7933] [M]: 0x0000000080032748 (0x2AA58593) addi a1, a1, 682
x11 <- 0xFFEAAAAAAAAAAAAA
mem[X,0x000000008003274C] -> 0x9593
mem[X,0x000000008003274E] -> 0x00A5
[7934] [M]: 0x000000008003274C (0x00A59593) slli a1, a1, 10
x11 <- 0xAAAAAAAAAAAAA800
mem[X,0x0000000080032750] -> 0x8593
mem[X,0x0000000080032752] -> 0x2AB5
[7935] [M]: 0x0000000080032750 (0x2AB58593) addi a1, a1, 683
x11 <- 0xAAAAAAAAAAAAAAAB
mem[X,0x0000000080032754] -> 0x0113
mem[X,0x0000000080032756] -> 0x0000
[7936] [M]: 0x0000000080032754 (0x00000113) addi sp, zero, 0
x2 <- 0x0000000000000000
mem[X,0x0000000080032758] -> 0x006F
mem[X,0x000000008003275A] -> 0x00C0
[7937] [M]: 0x0000000080032758 (0x00C0006F) jal zero, 12
mem[X,0x0000000080032764] -> 0x5CE3
mem[X,0x0000000080032766] -> 0xFEB5
[7938] [M]: 0x0000000080032764 (0xFEB55CE3) bge a0, a1, 8184
mem[X,0x000000008003275C] -> 0x0113
mem[X,0x000000008003275E] -> 0x0011
[7939] [M]: 0x000000008003275C (0x00110113) addi sp, sp, 1
x2 <- 0x0000000000000001
mem[X,0x0000000080032760] -> 0x006F
mem[X,0x0000000080032762] -> 0x0180
[7940] [M]: 0x0000000080032760 (0x0180006F) jal zero, 24
mem[X,0x0000000080032778] -> 0xBC23
mem[X,0x000000008003277A] -> 0x6C20
[7941] [M]: 0x0000000080032778 (0x6C20BC23) sd sp, 1752(ra)
mem[0x000000008004A0A8] <- 0x0000000000000001
mem[X,0x000000008003277C] -> 0x0537
mem[X,0x000000008003277E] -> 0x0000
[7942] [M]: 0x000000008003277C (0x00000537) lui a0, 0
x10 <- 0x0000000000000000
mem[X,0x0000000080032780] -> 0x0513
mem[X,0x0000000080032782] -> 0x0005
[7943] [M]: 0x0000000080032780 (0x00050513) addi a0, a0, 0
x10 <- 0x0000000000000000
mem[X,0x0000000080032784] -> 0x1513
mem[X,0x0000000080032786] -> 0x00B5
[7944] [M]: 0x0000000080032784 (0x00B51513) slli a0, a0, 11
x10 <- 0x0000000000000000
mem[X,0x0000000080032788] -> 0x0513
mem[X,0x000000008003278A] -> 0x5A85
[7945] [M]: 0x0000000080032788 (0x5A850513) addi a0, a0, 1448
x10 <- 0x00000000000005A8
mem[X,0x000000008003278C] -> 0x1513
mem[X,0x000000008003278E] -> 0x00B5
[7946] [M]: 0x000000008003278C (0x00B51513) slli a0, a0, 11
x10 <- 0x00000000002D4000
mem[X,0x0000000080032790] -> 0x0513
mem[X,0x0000000080032792] -> 0x13C5
[7947] [M]: 0x0000000080032790 (0x13C50513) addi a0, a0, 316
x10 <- 0x00000000002D413C
mem[X,0x0000000080032794] -> 0x1513
mem[X,0x0000000080032796] -> 0x00A5
[7948] [M]: 0x0000000080032794 (0x00A51513) slli a0, a0, 10
x10 <- 0x00000000B504F000
mem[X,0x0000000080032798] -> 0x0513
mem[X,0x000000008003279A] -> 0x3325
[7949] [M]: 0x0000000080032798 (0x33250513) addi a0, a0, 818
x10 <- 0x00000000B504F332
mem[X,0x000000008003279C] -> 0x0593
mem[X,0x000000008003279E] -> 0x0060
[7950] [M]: 0x000000008003279C (0x00600593) addi a1, zero, 6
x11 <- 0x0000000000000006
mem[X,0x00000000800327A0] -> 0x0113
mem[X,0x00000000800327A2] -> 0x0000
[7951] [M]: 0x00000000800327A0 (0x00000113) addi sp, zero, 0
x2 <- 0x0000000000000000
mem[X,0x00000000800327A4] -> 0x006F
mem[X,0x00000000800327A6] -> 0x00C0
[7952] [M]: 0x00000000800327A4 (0x00C0006F) jal zero, 12
mem[X,0x00000000800327B0] -> 0x5863
mem[X,0x00000000800327B2] -> 0x00B5
[7953] [M]: 0x00000000800327B0 (0x00B55863) bge a0, a1, 16
mem[X,0x00000000800327C0] -> 0x0113
mem[X,0x00000000800327C2] -> 0x0031
[7954] [M]: 0x00000000800327C0 (0x00310113) addi sp, sp, 3
x2 <- 0x0000000000000003
mem[X,0x00000000800327C4] -> 0x006F
mem[X,0x00000000800327C6] -> 0x0040
[7955] [M]: 0x00000000800327C4 (0x0040006F) jal zero, 4
mem[X,0x00000000800327C8] -> 0xB023
mem[X,0x00000000800327CA] -> 0x6E20
[7956] [M]: 0x00000000800327C8 (0x6E20B023) sd sp, 1760(ra)
mem[0x000000008004A0B0] <- 0x0000000000000003
mem[X,0x00000000800327CC] -> 0x0537
mem[X,0x00000000800327CE] -> 0x0000
[7957] [M]: 0x00000000800327CC (0x00000537) lui a0, 0
x10 <- 0x0000000000000000
mem[X,0x00000000800327D0] -> 0x0513
mem[X,0x00000000800327D2] -> 0x0005
[7958] [M]: 0x00000000800327D0 (0x00050513) addi a0, a0, 0
x10 <- 0x0000000000000000
mem[X,0x00000000800327D4] -> 0x1513
mem[X,0x00000000800327D6] -> 0x00B5
[7959] [M]: 0x00000000800327D4 (0x00B51513) slli a0, a0, 11
x10 <- 0x0000000000000000
mem[X,0x00000000800327D8] -> 0x0513
mem[X,0x00000000800327DA] -> 0x5A85
[7960] [M]: 0x00000000800327D8 (0x5A850513) addi a0, a0, 1448
x10 <- 0x00000000000005A8
mem[X,0x00000000800327DC] -> 0x1513
mem[X,0x00000000800327DE] -> 0x00B5
[7961] [M]: 0x00000000800327DC (0x00B51513) slli a0, a0, 11
x10 <- 0x00000000002D4000
mem[X,0x00000000800327E0] -> 0x0513
mem[X,0x00000000800327E2] -> 0x13C5
[7962] [M]: 0x00000000800327E0 (0x13C50513) addi a0, a0, 316
x10 <- 0x00000000002D413C
mem[X,0x00000000800327E4] -> 0x1513
mem[X,0x00000000800327E6] -> 0x00A5
[7963] [M]: 0x00000000800327E4 (0x00A51513) slli a0, a0, 10
x10 <- 0x00000000B504F000
mem[X,0x00000000800327E8] -> 0x0513
mem[X,0x00000000800327EA] -> 0x3325
[7964] [M]: 0x00000000800327E8 (0x33250513) addi a0, a0, 818
x10 <- 0x00000000B504F332
mem[X,0x00000000800327EC] -> 0x35B7
mem[X,0x00000000800327EE] -> 0x3333
[7965] [M]: 0x00000000800327EC (0x333335B7) lui a1, 209715
x11 <- 0x0000000033333000
mem[X,0x00000000800327F0] -> 0x8593
mem[X,0x00000000800327F2] -> 0x3335
[7966] [M]: 0x00000000800327F0 (0x33358593) addi a1, a1, 819
x11 <- 0x0000000033333333
mem[X,0x00000000800327F4] -> 0x9593
mem[X,0x00000000800327F6] -> 0x00B5
[7967] [M]: 0x00000000800327F4 (0x00B59593) slli a1, a1, 11
x11 <- 0x0000019999999800
mem[X,0x00000000800327F8] -> 0x8593
mem[X,0x00000000800327FA] -> 0x1995
[7968] [M]: 0x00000000800327F8 (0x19958593) addi a1, a1, 409
x11 <- 0x0000019999999999
mem[X,0x00000000800327FC] -> 0x9593
mem[X,0x00000000800327FE] -> 0x00B5
[7969] [M]: 0x00000000800327FC (0x00B59593) slli a1, a1, 11
x11 <- 0x000CCCCCCCCCC800
mem[X,0x0000000080032800] -> 0x8593
mem[X,0x0000000080032802] -> 0x4CC5
[7970] [M]: 0x0000000080032800 (0x4CC58593) addi a1, a1, 1228
x11 <- 0x000CCCCCCCCCCCCC
mem[X,0x0000000080032804] -> 0x9593
mem[X,0x0000000080032806] -> 0x00A5
[7971] [M]: 0x0000000080032804 (0x00A59593) slli a1, a1, 10
x11 <- 0x3333333333333000
mem[X,0x0000000080032808] -> 0x8593
mem[X,0x000000008003280A] -> 0x3345
[7972] [M]: 0x0000000080032808 (0x33458593) addi a1, a1, 820
x11 <- 0x3333333333333334
mem[X,0x000000008003280C] -> 0x0113
mem[X,0x000000008003280E] -> 0x0000
[7973] [M]: 0x000000008003280C (0x00000113) addi sp, zero, 0
x2 <- 0x0000000000000000
mem[X,0x0000000080032810] -> 0x006F
mem[X,0x0000000080032812] -> 0x00C0
[7974] [M]: 0x0000000080032810 (0x00C0006F) jal zero, 12
mem[X,0x000000008003281C] -> 0x5063
mem[X,0x000000008003281E] -> 0x10B5
[7975] [M]: 0x000000008003281C (0x10B55063) bge a0, a1, 256
mem[X,0x0000000080032820] -> 0x0113
mem[X,0x0000000080032822] -> 0x0021
[7976] [M]: 0x0000000080032820 (0x00210113) addi sp, sp, 2
x2 <- 0x0000000000000002
mem[X,0x0000000080032824] -> 0x006F
mem[X,0x0000000080032826] -> 0x1000
[7977] [M]: 0x0000000080032824 (0x1000006F) jal zero, 256
mem[X,0x0000000080032924] -> 0xB423
mem[X,0x0000000080032926] -> 0x6E20
[7978] [M]: 0x0000000080032924 (0x6E20B423) sd sp, 1768(ra)
mem[0x000000008004A0B8] <- 0x0000000000000002
mem[X,0x0000000080032928] -> 0x0537
mem[X,0x000000008003292A] -> 0x0000
[7979] [M]: 0x0000000080032928 (0x00000537) lui a0, 0
x10 <- 0x0000000000000000
mem[X,0x000000008003292C] -> 0x0513
mem[X,0x000000008003292E] -> 0x0005
[7980] [M]: 0x000000008003292C (0x00050513) addi a0, a0, 0
x10 <- 0x0000000000000000
mem[X,0x0000000080032930] -> 0x1513
mem[X,0x0000000080032932] -> 0x00B5
[7981] [M]: 0x0000000080032930 (0x00B51513) slli a0, a0, 11
x10 <- 0x0000000000000000
mem[X,0x0000000080032934] -> 0x0513
mem[X,0x0000000080032936] -> 0x5A85
[7982] [M]: 0x0000000080032934 (0x5A850513) addi a0, a0, 1448
x10 <- 0x00000000000005A8
mem[X,0x0000000080032938] -> 0x1513
mem[X,0x000000008003293A] -> 0x00B5
[7983] [M]: 0x0000000080032938 (0x00B51513) slli a0, a0, 11
x10 <- 0x00000000002D4000
mem[X,0x000000008003293C] -> 0x0513
mem[X,0x000000008003293E] -> 0x13C5
[7984] [M]: 0x000000008003293C (0x13C50513) addi a0, a0, 316
x10 <- 0x00000000002D413C
mem[X,0x0000000080032940] -> 0x1513
mem[X,0x0000000080032942] -> 0x00A5
[7985] [M]: 0x0000000080032940 (0x00A51513) slli a0, a0, 10
x10 <- 0x00000000B504F000
mem[X,0x0000000080032944] -> 0x0513
mem[X,0x0000000080032946] -> 0x3325
[7986] [M]: 0x0000000080032944 (0x33250513) addi a0, a0, 818
x10 <- 0x00000000B504F332
mem[X,0x0000000080032948] -> 0x65B7
mem[X,0x000000008003294A] -> 0x6666
[7987] [M]: 0x0000000080032948 (0x666665B7) lui a1, 419430
x11 <- 0x0000000066666000
mem[X,0x000000008003294C] -> 0x8593
mem[X,0x000000008003294E] -> 0x6665
[7988] [M]: 0x000000008003294C (0x66658593) addi a1, a1, 1638
x11 <- 0x0000000066666666
mem[X,0x0000000080032950] -> 0x9593
mem[X,0x0000000080032952] -> 0x00B5
[7989] [M]: 0x0000000080032950 (0x00B59593) slli a1, a1, 11
x11 <- 0x0000033333333000
mem[X,0x0000000080032954] -> 0x8593
mem[X,0x0000000080032956] -> 0x3335
[7990] [M]: 0x0000000080032954 (0x33358593) addi a1, a1, 819
x11 <- 0x0000033333333333
mem[X,0x0000000080032958] -> 0x9593
mem[X,0x000000008003295A] -> 0x00B5
[7991] [M]: 0x0000000080032958 (0x00B59593) slli a1, a1, 11
x11 <- 0x0019999999999800
mem[X,0x000000008003295C] -> 0x8593
mem[X,0x000000008003295E] -> 0x1995
[7992] [M]: 0x000000008003295C (0x19958593) addi a1, a1, 409
x11 <- 0x0019999999999999
mem[X,0x0000000080032960] -> 0x9593
mem[X,0x0000000080032962] -> 0x00A5
[7993] [M]: 0x0000000080032960 (0x00A59593) slli a1, a1, 10
x11 <- 0x6666666666666400
mem[X,0x0000000080032964] -> 0x8593
mem[X,0x0000000080032966] -> 0x2675
[7994] [M]: 0x0000000080032964 (0x26758593) addi a1, a1, 615
x11 <- 0x6666666666666667
mem[X,0x0000000080032968] -> 0x0113
mem[X,0x000000008003296A] -> 0x0000
[7995] [M]: 0x0000000080032968 (0x00000113) addi sp, zero, 0
x2 <- 0x0000000000000000
mem[X,0x000000008003296C] -> 0x006F
mem[X,0x000000008003296E] -> 0x00C0
[7996] [M]: 0x000000008003296C (0x00C0006F) jal zero, 12
mem[X,0x0000000080032978] -> 0x5063
mem[X,0x000000008003297A] -> 0x10B5
[7997] [M]: 0x0000000080032978 (0x10B55063) bge a0, a1, 256
mem[X,0x000000008003297C] -> 0x0113
mem[X,0x000000008003297E] -> 0x0021
[7998] [M]: 0x000000008003297C (0x00210113) addi sp, sp, 2
x2 <- 0x0000000000000002
mem[X,0x0000000080032980] -> 0x006F
mem[X,0x0000000080032982] -> 0x1000
[7999] [M]: 0x0000000080032980 (0x1000006F) jal zero, 256
clint::tick mtime <- 0x0000000000000050
 clint timer pending at mtime 0x0000000000000050
htif::tick 0x0000000000000000
mem[X,0x0000000080032A80] -> 0xB823
mem[X,0x0000000080032A82] -> 0x6E20
[8000] [M]: 0x0000000080032A80 (0x6E20B823) sd sp, 1776(ra)
mem[0x000000008004A0C0] <- 0x0000000000000002
mem[X,0x0000000080032A84] -> 0x0537
mem[X,0x0000000080032A86] -> 0x0000
[8001] [M]: 0x0000000080032A84 (0x00000537) lui a0, 0
x10 <- 0x0000000000000000
mem[X,0x0000000080032A88] -> 0x0513
mem[X,0x0000000080032A8A] -> 0x0005
[8002] [M]: 0x0000000080032A88 (0x00050513) addi a0, a0, 0
x10 <- 0x0000000000000000
mem[X,0x0000000080032A8C] -> 0x1513
mem[X,0x0000000080032A8E] -> 0x00B5
[8003] [M]: 0x0000000080032A8C (0x00B51513) slli a0, a0, 11
x10 <- 0x0000000000000000
mem[X,0x0000000080032A90] -> 0x0513
mem[X,0x0000000080032A92] -> 0x5A85
[8004] [M]: 0x0000000080032A90 (0x5A850513) addi a0, a0, 1448
x10 <- 0x00000000000005A8
mem[X,0x0000000080032A94] -> 0x1513
mem[X,0x0000000080032A96] -> 0x00B5
[8005] [M]: 0x0000000080032A94 (0x00B51513) slli a0, a0, 11
x10 <- 0x00000000002D4000
mem[X,0x0000000080032A98] -> 0x0513
mem[X,0x0000000080032A9A] -> 0x13C5
[8006] [M]: 0x0000000080032A98 (0x13C50513) addi a0, a0, 316
x10 <- 0x00000000002D413C
mem[X,0x0000000080032A9C] -> 0x1513
mem[X,0x0000000080032A9E] -> 0x00A5
[8007] [M]: 0x0000000080032A9C (0x00A51513) slli a0, a0, 10
x10 <- 0x00000000B504F000
mem[X,0x0000000080032AA0] -> 0x0513
mem[X,0x0000000080032AA2] -> 0x3325
[8008] [M]: 0x0000000080032AA0 (0x33250513) addi a0, a0, 818
x10 <- 0x00000000B504F332
mem[X,0x0000000080032AA4] -> 0x05B7
mem[X,0x0000000080032AA6] -> 0x0000
[8009] [M]: 0x0000000080032AA4 (0x000005B7) lui a1, 0
x11 <- 0x0000000000000000
mem[X,0x0000000080032AA8] -> 0x8593
mem[X,0x0000000080032AAA] -> 0xFFF5
[8010] [M]: 0x0000000080032AA8 (0xFFF58593) addi a1, a1, 4095
x11 <- 0xFFFFFFFFFFFFFFFF
mem[X,0x0000000080032AAC] -> 0x9593
mem[X,0x0000000080032AAE] -> 0x00B5
[8011] [M]: 0x0000000080032AAC (0x00B59593) slli a1, a1, 11
x11 <- 0xFFFFFFFFFFFFF800
mem[X,0x0000000080032AB0] -> 0x8593
mem[X,0x0000000080032AB2] -> 0x2575
[8012] [M]: 0x0000000080032AB0 (0x25758593) addi a1, a1, 599
x11 <- 0xFFFFFFFFFFFFFA57
mem[X,0x0000000080032AB4] -> 0x9593
mem[X,0x0000000080032AB6] -> 0x00B5
[8013] [M]: 0x0000000080032AB4 (0x00B59593) slli a1, a1, 11
x11 <- 0xFFFFFFFFFFD2B800
mem[X,0x0000000080032AB8] -> 0x8593
mem[X,0x0000000080032ABA] -> 0x6C35
[8014] [M]: 0x0000000080032AB8 (0x6C358593) addi a1, a1, 1731
x11 <- 0xFFFFFFFFFFD2BEC3
mem[X,0x0000000080032ABC] -> 0x9593
mem[X,0x0000000080032ABE] -> 0x00A5
[8015] [M]: 0x0000000080032ABC (0x00A59593) slli a1, a1, 10
x11 <- 0xFFFFFFFF4AFB0C00
mem[X,0x0000000080032AC0] -> 0x8593
mem[X,0x0000000080032AC2] -> 0x0CE5
[8016] [M]: 0x0000000080032AC0 (0x0CE58593) addi a1, a1, 206
x11 <- 0xFFFFFFFF4AFB0CCE
mem[X,0x0000000080032AC4] -> 0x0113
mem[X,0x0000000080032AC6] -> 0x0000
[8017] [M]: 0x0000000080032AC4 (0x00000113) addi sp, zero, 0
x2 <- 0x0000000000000000
mem[X,0x0000000080032AC8] -> 0x006F
mem[X,0x0000000080032ACA] -> 0x00C0
[8018] [M]: 0x0000000080032AC8 (0x00C0006F) jal zero, 12
mem[X,0x0000000080032AD4] -> 0x5063
mem[X,0x0000000080032AD6] -> 0x08B5
[8019] [M]: 0x0000000080032AD4 (0x08B55063) bge a0, a1, 128
mem[X,0x0000000080032B54] -> 0x0113
mem[X,0x0000000080032B56] -> 0x0031
[8020] [M]: 0x0000000080032B54 (0x00310113) addi sp, sp, 3
x2 <- 0x0000000000000003
mem[X,0x0000000080032B58] -> 0x006F
mem[X,0x0000000080032B5A] -> 0x0040
[8021] [M]: 0x0000000080032B58 (0x0040006F) jal zero, 4
mem[X,0x0000000080032B5C] -> 0xBC23
mem[X,0x0000000080032B5E] -> 0x6E20
[8022] [M]: 0x0000000080032B5C (0x6E20BC23) sd sp, 1784(ra)
mem[0x000000008004A0C8] <- 0x0000000000000003
mem[X,0x0000000080032B60] -> 0x0537
mem[X,0x0000000080032B62] -> 0x0000
[8023] [M]: 0x0000000080032B60 (0x00000537) lui a0, 0
x10 <- 0x0000000000000000
mem[X,0x0000000080032B64] -> 0x0513
mem[X,0x0000000080032B66] -> 0x0005
[8024] [M]: 0x0000000080032B64 (0x00050513) addi a0, a0, 0
x10 <- 0x0000000000000000
mem[X,0x0000000080032B68] -> 0x1513
mem[X,0x0000000080032B6A] -> 0x00B5
[8025] [M]: 0x0000000080032B68 (0x00B51513) slli a0, a0, 11
x10 <- 0x0000000000000000
mem[X,0x0000000080032B6C] -> 0x0513
mem[X,0x0000000080032B6E] -> 0x5A85
[8026] [M]: 0x0000000080032B6C (0x5A850513) addi a0, a0, 1448
x10 <- 0x00000000000005A8
mem[X,0x0000000080032B70] -> 0x1513
mem[X,0x0000000080032B72] -> 0x00B5
[8027] [M]: 0x0000000080032B70 (0x00B51513) slli a0, a0, 11
x10 <- 0x00000000002D4000
mem[X,0x0000000080032B74] -> 0x0513
mem[X,0x0000000080032B76] -> 0x13C5
[8028] [M]: 0x0000000080032B74 (0x13C50513) addi a0, a0, 316
x10 <- 0x00000000002D413C
mem[X,0x0000000080032B78] -> 0x1513
mem[X,0x0000000080032B7A] -> 0x00A5
[8029] [M]: 0x0000000080032B78 (0x00A51513) slli a0, a0, 10
x10 <- 0x00000000B504F000
mem[X,0x0000000080032B7C] -> 0x0513
mem[X,0x0000000080032B7E] -> 0x3325
[8030] [M]: 0x0000000080032B7C (0x33250513) addi a0, a0, 818
x10 <- 0x00000000B504F332
mem[X,0x0000000080032B80] -> 0x05B7
mem[X,0x0000000080032B82] -> 0x0000
[8031] [M]: 0x0000000080032B80 (0x000005B7) lui a1, 0
x11 <- 0x0000000000000000
mem[X,0x0000000080032B84] -> 0x8593
mem[X,0x0000000080032B86] -> 0x0005
[8032] [M]: 0x0000000080032B84 (0x00058593) addi a1, a1, 0
x11 <- 0x0000000000000000
mem[X,0x0000000080032B88] -> 0x9593
mem[X,0x0000000080032B8A] -> 0x00B5
[8033] [M]: 0x0000000080032B88 (0x00B59593) slli a1, a1, 11
x11 <- 0x0000000000000000
mem[X,0x0000000080032B8C] -> 0x8593
mem[X,0x0000000080032B8E] -> 0x5A85
[8034] [M]: 0x0000000080032B8C (0x5A858593) addi a1, a1, 1448
x11 <- 0x00000000000005A8
mem[X,0x0000000080032B90] -> 0x9593
mem[X,0x0000000080032B92] -> 0x00B5
[8035] [M]: 0x0000000080032B90 (0x00B59593) slli a1, a1, 11
x11 <- 0x00000000002D4000
mem[X,0x0000000080032B94] -> 0x8593
mem[X,0x0000000080032B96] -> 0x13C5
[8036] [M]: 0x0000000080032B94 (0x13C58593) addi a1, a1, 316
x11 <- 0x00000000002D413C
mem[X,0x0000000080032B98] -> 0x9593
mem[X,0x0000000080032B9A] -> 0x00A5
[8037] [M]: 0x0000000080032B98 (0x00A59593) slli a1, a1, 10
x11 <- 0x00000000B504F000
mem[X,0x0000000080032B9C] -> 0x8593
mem[X,0x0000000080032B9E] -> 0x3345
[8038] [M]: 0x0000000080032B9C (0x33458593) addi a1, a1, 820
x11 <- 0x00000000B504F334
mem[X,0x0000000080032BA0] -> 0x0113
mem[X,0x0000000080032BA2] -> 0x0000
[8039] [M]: 0x0000000080032BA0 (0x00000113) addi sp, zero, 0
x2 <- 0x0000000000000000
mem[X,0x0000000080032BA4] -> 0x006F
mem[X,0x0000000080032BA6] -> 0x2B10
[8040] [M]: 0x0000000080032BA4 (0x2B10006F) jal zero, 2736
mem[X,0x0000000080033654] -> 0x5A63
mem[X,0x0000000080033656] -> 0xD4B5
[8041] [M]: 0x0000000080033654 (0xD4B55A63) bge a0, a1, 5460
mem[X,0x0000000080033658] -> 0x0113
mem[X,0x000000008003365A] -> 0x0021
[8042] [M]: 0x0000000080033658 (0x00210113) addi sp, sp, 2
x2 <- 0x0000000000000002
mem[X,0x000000008003365C] -> 0x006F
mem[X,0x000000008003365E] -> 0x00C0
[8043] [M]: 0x000000008003365C (0x00C0006F) jal zero, 12
mem[X,0x0000000080033668] -> 0xB023
mem[X,0x000000008003366A] -> 0x7020
[8044] [M]: 0x0000000080033668 (0x7020B023) sd sp, 1792(ra)
mem[0x000000008004A0D0] <- 0x0000000000000002
mem[X,0x000000008003366C] -> 0x5537
mem[X,0x000000008003366E] -> 0x5555
[8045] [M]: 0x000000008003366C (0x55555537) lui a0, 349525
x10 <- 0x0000000055555000
mem[X,0x0000000080033670] -> 0x0513
mem[X,0x0000000080033672] -> 0x5555
[8046] [M]: 0x0000000080033670 (0x55550513) addi a0, a0, 1365
x10 <- 0x0000000055555555
mem[X,0x0000000080033674] -> 0x1513
mem[X,0x0000000080033676] -> 0x00B5
[8047] [M]: 0x0000000080033674 (0x00B51513) slli a0, a0, 11
x10 <- 0x000002AAAAAAA800
mem[X,0x0000000080033678] -> 0x0513
mem[X,0x000000008003367A] -> 0x2AA5
[8048] [M]: 0x0000000080033678 (0x2AA50513) addi a0, a0, 682
x10 <- 0x000002AAAAAAAAAA
mem[X,0x000000008003367C] -> 0x1513
mem[X,0x000000008003367E] -> 0x00B5
[8049] [M]: 0x000000008003367C (0x00B51513) slli a0, a0, 11
x10 <- 0x0015555555555000
mem[X,0x0000000080033680] -> 0x0513
mem[X,0x0000000080033682] -> 0x5555
[8050] [M]: 0x0000000080033680 (0x55550513) addi a0, a0, 1365
x10 <- 0x0015555555555555
mem[X,0x0000000080033684] -> 0x1513
mem[X,0x0000000080033686] -> 0x00A5
[8051] [M]: 0x0000000080033684 (0x00A51513) slli a0, a0, 10
x10 <- 0x5555555555555400
mem[X,0x0000000080033688] -> 0x0513
mem[X,0x000000008003368A] -> 0x1565
[8052] [M]: 0x0000000080033688 (0x15650513) addi a0, a0, 342
x10 <- 0x5555555555555556
mem[X,0x000000008003368C] -> 0x0593
mem[X,0x000000008003368E] -> 0x0030
[8053] [M]: 0x000000008003368C (0x00300593) addi a1, zero, 3
x11 <- 0x0000000000000003
mem[X,0x0000000080033690] -> 0x0113
mem[X,0x0000000080033692] -> 0x0000
[8054] [M]: 0x0000000080033690 (0x00000113) addi sp, zero, 0
x2 <- 0x0000000000000000
mem[X,0x0000000080033694] -> 0x006F
mem[X,0x0000000080033696] -> 0x00C0
[8055] [M]: 0x0000000080033694 (0x00C0006F) jal zero, 12
mem[X,0x00000000800336A0] -> 0x5063
mem[X,0x00000000800336A2] -> 0x10B5
[8056] [M]: 0x00000000800336A0 (0x10B55063) bge a0, a1, 256
mem[X,0x00000000800337A0] -> 0x0113
mem[X,0x00000000800337A2] -> 0x0031
[8057] [M]: 0x00000000800337A0 (0x00310113) addi sp, sp, 3
x2 <- 0x0000000000000003
mem[X,0x00000000800337A4] -> 0x006F
mem[X,0x00000000800337A6] -> 0x0040
[8058] [M]: 0x00000000800337A4 (0x0040006F) jal zero, 4
mem[X,0x00000000800337A8] -> 0xB423
mem[X,0x00000000800337AA] -> 0x7020
[8059] [M]: 0x00000000800337A8 (0x7020B423) sd sp, 1800(ra)
mem[0x000000008004A0D8] <- 0x0000000000000003
mem[X,0x00000000800337AC] -> 0x5537
mem[X,0x00000000800337AE] -> 0x5555
[8060] [M]: 0x00000000800337AC (0x55555537) lui a0, 349525
x10 <- 0x0000000055555000
mem[X,0x00000000800337B0] -> 0x0513
mem[X,0x00000000800337B2] -> 0x5555
[8061] [M]: 0x00000000800337B0 (0x55550513) addi a0, a0, 1365
x10 <- 0x0000000055555555
mem[X,0x00000000800337B4] -> 0x1513
mem[X,0x00000000800337B6] -> 0x00B5
[8062] [M]: 0x00000000800337B4 (0x00B51513) slli a0, a0, 11
x10 <- 0x000002AAAAAAA800
mem[X,0x00000000800337B8] -> 0x0513
mem[X,0x00000000800337BA] -> 0x2AA5
[8063] [M]: 0x00000000800337B8 (0x2AA50513) addi a0, a0, 682
x10 <- 0x000002AAAAAAAAAA
mem[X,0x00000000800337BC] -> 0x1513
mem[X,0x00000000800337BE] -> 0x00B5
[8064] [M]: 0x00000000800337BC (0x00B51513) slli a0, a0, 11
x10 <- 0x0015555555555000
mem[X,0x00000000800337C0] -> 0x0513
mem[X,0x00000000800337C2] -> 0x5555
[8065] [M]: 0x00000000800337C0 (0x55550513) addi a0, a0, 1365
x10 <- 0x0015555555555555
mem[X,0x00000000800337C4] -> 0x1513
mem[X,0x00000000800337C6] -> 0x00A5
[8066] [M]: 0x00000000800337C4 (0x00A51513) slli a0, a0, 10
x10 <- 0x5555555555555400
mem[X,0x00000000800337C8] -> 0x0513
mem[X,0x00000000800337CA] -> 0x1565
[8067] [M]: 0x00000000800337C8 (0x15650513) addi a0, a0, 342
x10 <- 0x5555555555555556
mem[X,0x00000000800337CC] -> 0x55B7
mem[X,0x00000000800337CE] -> 0x5555
[8068] [M]: 0x00000000800337CC (0x555555B7) lui a1, 349525
x11 <- 0x0000000055555000
mem[X,0x00000000800337D0] -> 0x8593
mem[X,0x00000000800337D2] -> 0x5555
[8069] [M]: 0x00000000800337D0 (0x55558593) addi a1, a1, 1365
x11 <- 0x0000000055555555
mem[X,0x00000000800337D4] -> 0x9593
mem[X,0x00000000800337D6] -> 0x00B5
[8070] [M]: 0x00000000800337D4 (0x00B59593) slli a1, a1, 11
x11 <- 0x000002AAAAAAA800
mem[X,0x00000000800337D8] -> 0x8593
mem[X,0x00000000800337DA] -> 0x2AA5
[8071] [M]: 0x00000000800337D8 (0x2AA58593) addi a1, a1, 682
x11 <- 0x000002AAAAAAAAAA
mem[X,0x00000000800337DC] -> 0x9593
mem[X,0x00000000800337DE] -> 0x00B5
[8072] [M]: 0x00000000800337DC (0x00B59593) slli a1, a1, 11
x11 <- 0x0015555555555000
mem[X,0x00000000800337E0] -> 0x8593
mem[X,0x00000000800337E2] -> 0x5555
[8073] [M]: 0x00000000800337E0 (0x55558593) addi a1, a1, 1365
x11 <- 0x0015555555555555
mem[X,0x00000000800337E4] -> 0x9593
mem[X,0x00000000800337E6] -> 0x00A5
[8074] [M]: 0x00000000800337E4 (0x00A59593) slli a1, a1, 10
x11 <- 0x5555555555555400
mem[X,0x00000000800337E8] -> 0x8593
mem[X,0x00000000800337EA] -> 0x1555
[8075] [M]: 0x00000000800337E8 (0x15558593) addi a1, a1, 341
x11 <- 0x5555555555555555
mem[X,0x00000000800337EC] -> 0x0113
mem[X,0x00000000800337EE] -> 0x0000
[8076] [M]: 0x00000000800337EC (0x00000113) addi sp, zero, 0
x2 <- 0x0000000000000000
mem[X,0x00000000800337F0] -> 0x006F
mem[X,0x00000000800337F2] -> 0x00C0
[8077] [M]: 0x00000000800337F0 (0x00C0006F) jal zero, 12
mem[X,0x00000000800337FC] -> 0x5063
mem[X,0x00000000800337FE] -> 0x40B5
[8078] [M]: 0x00000000800337FC (0x40B55063) bge a0, a1, 1024
mem[X,0x0000000080033BFC] -> 0x0113
mem[X,0x0000000080033BFE] -> 0x0031
[8079] [M]: 0x0000000080033BFC (0x00310113) addi sp, sp, 3
x2 <- 0x0000000000000003
mem[X,0x0000000080033C00] -> 0x006F
mem[X,0x0000000080033C02] -> 0x0040
[8080] [M]: 0x0000000080033C00 (0x0040006F) jal zero, 4
mem[X,0x0000000080033C04] -> 0xB823
mem[X,0x0000000080033C06] -> 0x7020
[8081] [M]: 0x0000000080033C04 (0x7020B823) sd sp, 1808(ra)
mem[0x000000008004A0E0] <- 0x0000000000000003
mem[X,0x0000000080033C08] -> 0x5537
mem[X,0x0000000080033C0A] -> 0x5555
[8082] [M]: 0x0000000080033C08 (0x55555537) lui a0, 349525
x10 <- 0x0000000055555000
mem[X,0x0000000080033C0C] -> 0x0513
mem[X,0x0000000080033C0E] -> 0x5555
[8083] [M]: 0x0000000080033C0C (0x55550513) addi a0, a0, 1365
x10 <- 0x0000000055555555
mem[X,0x0000000080033C10] -> 0x1513
mem[X,0x0000000080033C12] -> 0x00B5
[8084] [M]: 0x0000000080033C10 (0x00B51513) slli a0, a0, 11
x10 <- 0x000002AAAAAAA800
mem[X,0x0000000080033C14] -> 0x0513
mem[X,0x0000000080033C16] -> 0x2AA5
[8085] [M]: 0x0000000080033C14 (0x2AA50513) addi a0, a0, 682
x10 <- 0x000002AAAAAAAAAA
mem[X,0x0000000080033C18] -> 0x1513
mem[X,0x0000000080033C1A] -> 0x00B5
[8086] [M]: 0x0000000080033C18 (0x00B51513) slli a0, a0, 11
x10 <- 0x0015555555555000
mem[X,0x0000000080033C1C] -> 0x0513
mem[X,0x0000000080033C1E] -> 0x5555
[8087] [M]: 0x0000000080033C1C (0x55550513) addi a0, a0, 1365
x10 <- 0x0015555555555555
mem[X,0x0000000080033C20] -> 0x1513
mem[X,0x0000000080033C22] -> 0x00A5
[8088] [M]: 0x0000000080033C20 (0x00A51513) slli a0, a0, 10
x10 <- 0x5555555555555400
mem[X,0x0000000080033C24] -> 0x0513
mem[X,0x0000000080033C26] -> 0x1565
[8089] [M]: 0x0000000080033C24 (0x15650513) addi a0, a0, 342
x10 <- 0x5555555555555556
mem[X,0x0000000080033C28] -> 0xB5B7
mem[X,0x0000000080033C2A] -> 0xAAAA
[8090] [M]: 0x0000000080033C28 (0xAAAAB5B7) lui a1, 699051
x11 <- 0xFFFFFFFFAAAAB000
mem[X,0x0000000080033C2C] -> 0x8593
mem[X,0x0000000080033C2E] -> 0xAAA5
[8091] [M]: 0x0000000080033C2C (0xAAA58593) addi a1, a1, 2730
x11 <- 0xFFFFFFFFAAAAAAAA
mem[X,0x0000000080033C30] -> 0x9593
mem[X,0x0000000080033C32] -> 0x00B5
[8092] [M]: 0x0000000080033C30 (0x00B59593) slli a1, a1, 11
x11 <- 0xFFFFFD5555555000
mem[X,0x0000000080033C34] -> 0x8593
mem[X,0x0000000080033C36] -> 0x5555
[8093] [M]: 0x0000000080033C34 (0x55558593) addi a1, a1, 1365
x11 <- 0xFFFFFD5555555555
mem[X,0x0000000080033C38] -> 0x9593
mem[X,0x0000000080033C3A] -> 0x00B5
[8094] [M]: 0x0000000080033C38 (0x00B59593) slli a1, a1, 11
x11 <- 0xFFEAAAAAAAAAA800
mem[X,0x0000000080033C3C] -> 0x8593
mem[X,0x0000000080033C3E] -> 0x2AA5
[8095] [M]: 0x0000000080033C3C (0x2AA58593) addi a1, a1, 682
x11 <- 0xFFEAAAAAAAAAAAAA
mem[X,0x0000000080033C40] -> 0x9593
mem[X,0x0000000080033C42] -> 0x00A5
[8096] [M]: 0x0000000080033C40 (0x00A59593) slli a1, a1, 10
x11 <- 0xAAAAAAAAAAAAA800
mem[X,0x0000000080033C44] -> 0x8593
mem[X,0x0000000080033C46] -> 0x2AA5
[8097] [M]: 0x0000000080033C44 (0x2AA58593) addi a1, a1, 682
x11 <- 0xAAAAAAAAAAAAAAAA
mem[X,0x0000000080033C48] -> 0x0113
mem[X,0x0000000080033C4A] -> 0x0000
[8098] [M]: 0x0000000080033C48 (0x00000113) addi sp, zero, 0
x2 <- 0x0000000000000000
mem[X,0x0000000080033C4C] -> 0x006F
mem[X,0x0000000080033C4E] -> 0x00C0
[8099] [M]: 0x0000000080033C4C (0x00C0006F) jal zero, 12
clint::tick mtime <- 0x0000000000000051
 clint timer pending at mtime 0x0000000000000051
htif::tick 0x0000000000000000
mem[X,0x0000000080033C58] -> 0x5063
mem[X,0x0000000080033C5A] -> 0x20B5
[8100] [M]: 0x0000000080033C58 (0x20B55063) bge a0, a1, 512
mem[X,0x0000000080033E58] -> 0x0113
mem[X,0x0000000080033E5A] -> 0x0031
[8101] [M]: 0x0000000080033E58 (0x00310113) addi sp, sp, 3
x2 <- 0x0000000000000003
mem[X,0x0000000080033E5C] -> 0x006F
mem[X,0x0000000080033E5E] -> 0x0040
[8102] [M]: 0x0000000080033E5C (0x0040006F) jal zero, 4
mem[X,0x0000000080033E60] -> 0xBC23
mem[X,0x0000000080033E62] -> 0x7020
[8103] [M]: 0x0000000080033E60 (0x7020BC23) sd sp, 1816(ra)
mem[0x000000008004A0E8] <- 0x0000000000000003
mem[X,0x0000000080033E64] -> 0x5537
mem[X,0x0000000080033E66] -> 0x5555
[8104] [M]: 0x0000000080033E64 (0x55555537) lui a0, 349525
x10 <- 0x0000000055555000
mem[X,0x0000000080033E68] -> 0x0513
mem[X,0x0000000080033E6A] -> 0x5555
[8105] [M]: 0x0000000080033E68 (0x55550513) addi a0, a0, 1365
x10 <- 0x0000000055555555
mem[X,0x0000000080033E6C] -> 0x1513
mem[X,0x0000000080033E6E] -> 0x00B5
[8106] [M]: 0x0000000080033E6C (0x00B51513) slli a0, a0, 11
x10 <- 0x000002AAAAAAA800
mem[X,0x0000000080033E70] -> 0x0513
mem[X,0x0000000080033E72] -> 0x2AA5
[8107] [M]: 0x0000000080033E70 (0x2AA50513) addi a0, a0, 682
x10 <- 0x000002AAAAAAAAAA
mem[X,0x0000000080033E74] -> 0x1513
mem[X,0x0000000080033E76] -> 0x00B5
[8108] [M]: 0x0000000080033E74 (0x00B51513) slli a0, a0, 11
x10 <- 0x0015555555555000
mem[X,0x0000000080033E78] -> 0x0513
mem[X,0x0000000080033E7A] -> 0x5555
[8109] [M]: 0x0000000080033E78 (0x55550513) addi a0, a0, 1365
x10 <- 0x0015555555555555
mem[X,0x0000000080033E7C] -> 0x1513
mem[X,0x0000000080033E7E] -> 0x00A5
[8110] [M]: 0x0000000080033E7C (0x00A51513) slli a0, a0, 10
x10 <- 0x5555555555555400
mem[X,0x0000000080033E80] -> 0x0513
mem[X,0x0000000080033E82] -> 0x1565
[8111] [M]: 0x0000000080033E80 (0x15650513) addi a0, a0, 342
x10 <- 0x5555555555555556
mem[X,0x0000000080033E84] -> 0x0593
mem[X,0x0000000080033E86] -> 0x0050
[8112] [M]: 0x0000000080033E84 (0x00500593) addi a1, zero, 5
x11 <- 0x0000000000000005
mem[X,0x0000000080033E88] -> 0x0113
mem[X,0x0000000080033E8A] -> 0x0000
[8113] [M]: 0x0000000080033E88 (0x00000113) addi sp, zero, 0
x2 <- 0x0000000000000000
mem[X,0x0000000080033E8C] -> 0x006F
mem[X,0x0000000080033E8E] -> 0x00C0
[8114] [M]: 0x0000000080033E8C (0x00C0006F) jal zero, 12
mem[X,0x0000000080033E98] -> 0x5063
mem[X,0x0000000080033E9A] -> 0x04B5
[8115] [M]: 0x0000000080033E98 (0x04B55063) bge a0, a1, 64
mem[X,0x0000000080033ED8] -> 0x0113
mem[X,0x0000000080033EDA] -> 0x0031
[8116] [M]: 0x0000000080033ED8 (0x00310113) addi sp, sp, 3
x2 <- 0x0000000000000003
mem[X,0x0000000080033EDC] -> 0x006F
mem[X,0x0000000080033EDE] -> 0x0040
[8117] [M]: 0x0000000080033EDC (0x0040006F) jal zero, 4
mem[X,0x0000000080033EE0] -> 0xB023
mem[X,0x0000000080033EE2] -> 0x7220
[8118] [M]: 0x0000000080033EE0 (0x7220B023) sd sp, 1824(ra)
mem[0x000000008004A0F0] <- 0x0000000000000003
mem[X,0x0000000080033EE4] -> 0x5537
mem[X,0x0000000080033EE6] -> 0x5555
[8119] [M]: 0x0000000080033EE4 (0x55555537) lui a0, 349525
x10 <- 0x0000000055555000
mem[X,0x0000000080033EE8] -> 0x0513
mem[X,0x0000000080033EEA] -> 0x5555
[8120] [M]: 0x0000000080033EE8 (0x55550513) addi a0, a0, 1365
x10 <- 0x0000000055555555
mem[X,0x0000000080033EEC] -> 0x1513
mem[X,0x0000000080033EEE] -> 0x00B5
[8121] [M]: 0x0000000080033EEC (0x00B51513) slli a0, a0, 11
x10 <- 0x000002AAAAAAA800
mem[X,0x0000000080033EF0] -> 0x0513
mem[X,0x0000000080033EF2] -> 0x2AA5
[8122] [M]: 0x0000000080033EF0 (0x2AA50513) addi a0, a0, 682
x10 <- 0x000002AAAAAAAAAA
mem[X,0x0000000080033EF4] -> 0x1513
mem[X,0x0000000080033EF6] -> 0x00B5
[8123] [M]: 0x0000000080033EF4 (0x00B51513) slli a0, a0, 11
x10 <- 0x0015555555555000
mem[X,0x0000000080033EF8] -> 0x0513
mem[X,0x0000000080033EFA] -> 0x5555
[8124] [M]: 0x0000000080033EF8 (0x55550513) addi a0, a0, 1365
x10 <- 0x0015555555555555
mem[X,0x0000000080033EFC] -> 0x1513
mem[X,0x0000000080033EFE] -> 0x00A5
[8125] [M]: 0x0000000080033EFC (0x00A51513) slli a0, a0, 10
x10 <- 0x5555555555555400
mem[X,0x0000000080033F00] -> 0x0513
mem[X,0x0000000080033F02] -> 0x1565
[8126] [M]: 0x0000000080033F00 (0x15650513) addi a0, a0, 342
x10 <- 0x5555555555555556
mem[X,0x0000000080033F04] -> 0x35B7
mem[X,0x0000000080033F06] -> 0x3333
[8127] [M]: 0x0000000080033F04 (0x333335B7) lui a1, 209715
x11 <- 0x0000000033333000
mem[X,0x0000000080033F08] -> 0x8593
mem[X,0x0000000080033F0A] -> 0x3335
[8128] [M]: 0x0000000080033F08 (0x33358593) addi a1, a1, 819
x11 <- 0x0000000033333333
mem[X,0x0000000080033F0C] -> 0x9593
mem[X,0x0000000080033F0E] -> 0x00B5
[8129] [M]: 0x0000000080033F0C (0x00B59593) slli a1, a1, 11
x11 <- 0x0000019999999800
mem[X,0x0000000080033F10] -> 0x8593
mem[X,0x0000000080033F12] -> 0x1995
[8130] [M]: 0x0000000080033F10 (0x19958593) addi a1, a1, 409
x11 <- 0x0000019999999999
mem[X,0x0000000080033F14] -> 0x9593
mem[X,0x0000000080033F16] -> 0x00B5
[8131] [M]: 0x0000000080033F14 (0x00B59593) slli a1, a1, 11
x11 <- 0x000CCCCCCCCCC800
mem[X,0x0000000080033F18] -> 0x8593
mem[X,0x0000000080033F1A] -> 0x4CC5
[8132] [M]: 0x0000000080033F18 (0x4CC58593) addi a1, a1, 1228
x11 <- 0x000CCCCCCCCCCCCC
mem[X,0x0000000080033F1C] -> 0x9593
mem[X,0x0000000080033F1E] -> 0x00A5
[8133] [M]: 0x0000000080033F1C (0x00A59593) slli a1, a1, 10
x11 <- 0x3333333333333000
mem[X,0x0000000080033F20] -> 0x8593
mem[X,0x0000000080033F22] -> 0x3335
[8134] [M]: 0x0000000080033F20 (0x33358593) addi a1, a1, 819
x11 <- 0x3333333333333333
mem[X,0x0000000080033F24] -> 0x0113
mem[X,0x0000000080033F26] -> 0x0000
[8135] [M]: 0x0000000080033F24 (0x00000113) addi sp, zero, 0
x2 <- 0x0000000000000000
mem[X,0x0000000080033F28] -> 0x006F
mem[X,0x0000000080033F2A] -> 0x0100
[8136] [M]: 0x0000000080033F28 (0x0100006F) jal zero, 16
mem[X,0x0000000080033F38] -> 0x5AE3
mem[X,0x0000000080033F3A] -> 0xFEB5
[8137] [M]: 0x0000000080033F38 (0xFEB55AE3) bge a0, a1, 8180
mem[X,0x0000000080033F2C] -> 0x0113
mem[X,0x0000000080033F2E] -> 0x0011
[8138] [M]: 0x0000000080033F2C (0x00110113) addi sp, sp, 1
x2 <- 0x0000000000000001
mem[X,0x0000000080033F30] -> 0x006F
mem[X,0x0000000080033F32] -> 0x01C0
[8139] [M]: 0x0000000080033F30 (0x01C0006F) jal zero, 28
mem[X,0x0000000080033F4C] -> 0xB423
mem[X,0x0000000080033F4E] -> 0x7220
[8140] [M]: 0x0000000080033F4C (0x7220B423) sd sp, 1832(ra)
mem[0x000000008004A0F8] <- 0x0000000000000001
mem[X,0x0000000080033F50] -> 0x5537
mem[X,0x0000000080033F52] -> 0x5555
[8141] [M]: 0x0000000080033F50 (0x55555537) lui a0, 349525
x10 <- 0x0000000055555000
mem[X,0x0000000080033F54] -> 0x0513
mem[X,0x0000000080033F56] -> 0x5555
[8142] [M]: 0x0000000080033F54 (0x55550513) addi a0, a0, 1365
x10 <- 0x0000000055555555
mem[X,0x0000000080033F58] -> 0x1513
mem[X,0x0000000080033F5A] -> 0x00B5
[8143] [M]: 0x0000000080033F58 (0x00B51513) slli a0, a0, 11
x10 <- 0x000002AAAAAAA800
mem[X,0x0000000080033F5C] -> 0x0513
mem[X,0x0000000080033F5E] -> 0x2AA5
[8144] [M]: 0x0000000080033F5C (0x2AA50513) addi a0, a0, 682
x10 <- 0x000002AAAAAAAAAA
mem[X,0x0000000080033F60] -> 0x1513
mem[X,0x0000000080033F62] -> 0x00B5
[8145] [M]: 0x0000000080033F60 (0x00B51513) slli a0, a0, 11
x10 <- 0x0015555555555000
mem[X,0x0000000080033F64] -> 0x0513
mem[X,0x0000000080033F66] -> 0x5555
[8146] [M]: 0x0000000080033F64 (0x55550513) addi a0, a0, 1365
x10 <- 0x0015555555555555
mem[X,0x0000000080033F68] -> 0x1513
mem[X,0x0000000080033F6A] -> 0x00A5
[8147] [M]: 0x0000000080033F68 (0x00A51513) slli a0, a0, 10
x10 <- 0x5555555555555400
mem[X,0x0000000080033F6C] -> 0x0513
mem[X,0x0000000080033F6E] -> 0x1565
[8148] [M]: 0x0000000080033F6C (0x15650513) addi a0, a0, 342
x10 <- 0x5555555555555556
mem[X,0x0000000080033F70] -> 0x65B7
mem[X,0x0000000080033F72] -> 0x6666
[8149] [M]: 0x0000000080033F70 (0x666665B7) lui a1, 419430
x11 <- 0x0000000066666000
mem[X,0x0000000080033F74] -> 0x8593
mem[X,0x0000000080033F76] -> 0x6665
[8150] [M]: 0x0000000080033F74 (0x66658593) addi a1, a1, 1638
x11 <- 0x0000000066666666
mem[X,0x0000000080033F78] -> 0x9593
mem[X,0x0000000080033F7A] -> 0x00B5
[8151] [M]: 0x0000000080033F78 (0x00B59593) slli a1, a1, 11
x11 <- 0x0000033333333000
mem[X,0x0000000080033F7C] -> 0x8593
mem[X,0x0000000080033F7E] -> 0x3335
[8152] [M]: 0x0000000080033F7C (0x33358593) addi a1, a1, 819
x11 <- 0x0000033333333333
mem[X,0x0000000080033F80] -> 0x9593
mem[X,0x0000000080033F82] -> 0x00B5
[8153] [M]: 0x0000000080033F80 (0x00B59593) slli a1, a1, 11
x11 <- 0x0019999999999800
mem[X,0x0000000080033F84] -> 0x8593
mem[X,0x0000000080033F86] -> 0x1995
[8154] [M]: 0x0000000080033F84 (0x19958593) addi a1, a1, 409
x11 <- 0x0019999999999999
mem[X,0x0000000080033F88] -> 0x9593
mem[X,0x0000000080033F8A] -> 0x00A5
[8155] [M]: 0x0000000080033F88 (0x00A59593) slli a1, a1, 10
x11 <- 0x6666666666666400
mem[X,0x0000000080033F8C] -> 0x8593
mem[X,0x0000000080033F8E] -> 0x2665
[8156] [M]: 0x0000000080033F8C (0x26658593) addi a1, a1, 614
x11 <- 0x6666666666666666
mem[X,0x0000000080033F90] -> 0x0113
mem[X,0x0000000080033F92] -> 0x0000
[8157] [M]: 0x0000000080033F90 (0x00000113) addi sp, zero, 0
x2 <- 0x0000000000000000
mem[X,0x0000000080033F94] -> 0x006F
mem[X,0x0000000080033F96] -> 0x0100
[8158] [M]: 0x0000000080033F94 (0x0100006F) jal zero, 16
mem[X,0x0000000080033FA4] -> 0x5AE3
mem[X,0x0000000080033FA6] -> 0xFEB5
[8159] [M]: 0x0000000080033FA4 (0xFEB55AE3) bge a0, a1, 8180
mem[X,0x0000000080033FA8] -> 0x0113
mem[X,0x0000000080033FAA] -> 0x0021
[8160] [M]: 0x0000000080033FA8 (0x00210113) addi sp, sp, 2
x2 <- 0x0000000000000002
mem[X,0x0000000080033FAC] -> 0x006F
mem[X,0x0000000080033FAE] -> 0x00C0
[8161] [M]: 0x0000000080033FAC (0x00C0006F) jal zero, 12
mem[X,0x0000000080033FB8] -> 0xB823
mem[X,0x0000000080033FBA] -> 0x7220
[8162] [M]: 0x0000000080033FB8 (0x7220B823) sd sp, 1840(ra)
mem[0x000000008004A100] <- 0x0000000000000002
mem[X,0x0000000080033FBC] -> 0x5537
mem[X,0x0000000080033FBE] -> 0x5555
[8163] [M]: 0x0000000080033FBC (0x55555537) lui a0, 349525
x10 <- 0x0000000055555000
mem[X,0x0000000080033FC0] -> 0x0513
mem[X,0x0000000080033FC2] -> 0x5555
[8164] [M]: 0x0000000080033FC0 (0x55550513) addi a0, a0, 1365
x10 <- 0x0000000055555555
mem[X,0x0000000080033FC4] -> 0x1513
mem[X,0x0000000080033FC6] -> 0x00B5
[8165] [M]: 0x0000000080033FC4 (0x00B51513) slli a0, a0, 11
x10 <- 0x000002AAAAAAA800
mem[X,0x0000000080033FC8] -> 0x0513
mem[X,0x0000000080033FCA] -> 0x2AA5
[8166] [M]: 0x0000000080033FC8 (0x2AA50513) addi a0, a0, 682
x10 <- 0x000002AAAAAAAAAA
mem[X,0x0000000080033FCC] -> 0x1513
mem[X,0x0000000080033FCE] -> 0x00B5
[8167] [M]: 0x0000000080033FCC (0x00B51513) slli a0, a0, 11
x10 <- 0x0015555555555000
mem[X,0x0000000080033FD0] -> 0x0513
mem[X,0x0000000080033FD2] -> 0x5555
[8168] [M]: 0x0000000080033FD0 (0x55550513) addi a0, a0, 1365
x10 <- 0x0015555555555555
mem[X,0x0000000080033FD4] -> 0x1513
mem[X,0x0000000080033FD6] -> 0x00A5
[8169] [M]: 0x0000000080033FD4 (0x00A51513) slli a0, a0, 10
x10 <- 0x5555555555555400
mem[X,0x0000000080033FD8] -> 0x0513
mem[X,0x0000000080033FDA] -> 0x1565
[8170] [M]: 0x0000000080033FD8 (0x15650513) addi a0, a0, 342
x10 <- 0x5555555555555556
mem[X,0x0000000080033FDC] -> 0x05B7
mem[X,0x0000000080033FDE] -> 0x0000
[8171] [M]: 0x0000000080033FDC (0x000005B7) lui a1, 0
x11 <- 0x0000000000000000
mem[X,0x0000000080033FE0] -> 0x8593
mem[X,0x0000000080033FE2] -> 0xFFF5
[8172] [M]: 0x0000000080033FE0 (0xFFF58593) addi a1, a1, 4095
x11 <- 0xFFFFFFFFFFFFFFFF
mem[X,0x0000000080033FE4] -> 0x9593
mem[X,0x0000000080033FE6] -> 0x00B5
[8173] [M]: 0x0000000080033FE4 (0x00B59593) slli a1, a1, 11
x11 <- 0xFFFFFFFFFFFFF800
mem[X,0x0000000080033FE8] -> 0x8593
mem[X,0x0000000080033FEA] -> 0x2575
[8174] [M]: 0x0000000080033FE8 (0x25758593) addi a1, a1, 599
x11 <- 0xFFFFFFFFFFFFFA57
mem[X,0x0000000080033FEC] -> 0x9593
mem[X,0x0000000080033FEE] -> 0x00B5
[8175] [M]: 0x0000000080033FEC (0x00B59593) slli a1, a1, 11
x11 <- 0xFFFFFFFFFFD2B800
mem[X,0x0000000080033FF0] -> 0x8593
mem[X,0x0000000080033FF2] -> 0x6C35
[8176] [M]: 0x0000000080033FF0 (0x6C358593) addi a1, a1, 1731
x11 <- 0xFFFFFFFFFFD2BEC3
mem[X,0x0000000080033FF4] -> 0x9593
mem[X,0x0000000080033FF6] -> 0x00A5
[8177] [M]: 0x0000000080033FF4 (0x00A59593) slli a1, a1, 10
x11 <- 0xFFFFFFFF4AFB0C00
mem[X,0x0000000080033FF8] -> 0x8593
mem[X,0x0000000080033FFA] -> 0x0CD5
[8178] [M]: 0x0000000080033FF8 (0x0CD58593) addi a1, a1, 205
x11 <- 0xFFFFFFFF4AFB0CCD
mem[X,0x0000000080033FFC] -> 0x0113
mem[X,0x0000000080033FFE] -> 0x0000
[8179] [M]: 0x0000000080033FFC (0x00000113) addi sp, zero, 0
x2 <- 0x0000000000000000
mem[X,0x0000000080034000] -> 0x006F
mem[X,0x0000000080034002] -> 0x00C0
[8180] [M]: 0x0000000080034000 (0x00C0006F) jal zero, 12
mem[X,0x000000008003400C] -> 0x5063
mem[X,0x000000008003400E] -> 0x10B5
[8181] [M]: 0x000000008003400C (0x10B55063) bge a0, a1, 256
mem[X,0x000000008003410C] -> 0x0113
mem[X,0x000000008003410E] -> 0x0031
[8182] [M]: 0x000000008003410C (0x00310113) addi sp, sp, 3
x2 <- 0x0000000000000003
mem[X,0x0000000080034110] -> 0x006F
mem[X,0x0000000080034112] -> 0x0040
[8183] [M]: 0x0000000080034110 (0x0040006F) jal zero, 4
mem[X,0x0000000080034114] -> 0xBC23
mem[X,0x0000000080034116] -> 0x7220
[8184] [M]: 0x0000000080034114 (0x7220BC23) sd sp, 1848(ra)
mem[0x000000008004A108] <- 0x0000000000000003
mem[X,0x0000000080034118] -> 0x5537
mem[X,0x000000008003411A] -> 0x5555
[8185] [M]: 0x0000000080034118 (0x55555537) lui a0, 349525
x10 <- 0x0000000055555000
mem[X,0x000000008003411C] -> 0x0513
mem[X,0x000000008003411E] -> 0x5555
[8186] [M]: 0x000000008003411C (0x55550513) addi a0, a0, 1365
x10 <- 0x0000000055555555
mem[X,0x0000000080034120] -> 0x1513
mem[X,0x0000000080034122] -> 0x00B5
[8187] [M]: 0x0000000080034120 (0x00B51513) slli a0, a0, 11
x10 <- 0x000002AAAAAAA800
mem[X,0x0000000080034124] -> 0x0513
mem[X,0x0000000080034126] -> 0x2AA5
[8188] [M]: 0x0000000080034124 (0x2AA50513) addi a0, a0, 682
x10 <- 0x000002AAAAAAAAAA
mem[X,0x0000000080034128] -> 0x1513
mem[X,0x000000008003412A] -> 0x00B5
[8189] [M]: 0x0000000080034128 (0x00B51513) slli a0, a0, 11
x10 <- 0x0015555555555000
mem[X,0x000000008003412C] -> 0x0513
mem[X,0x000000008003412E] -> 0x5555
[8190] [M]: 0x000000008003412C (0x55550513) addi a0, a0, 1365
x10 <- 0x0015555555555555
mem[X,0x0000000080034130] -> 0x1513
mem[X,0x0000000080034132] -> 0x00A5
[8191] [M]: 0x0000000080034130 (0x00A51513) slli a0, a0, 10
x10 <- 0x5555555555555400
mem[X,0x0000000080034134] -> 0x0513
mem[X,0x0000000080034136] -> 0x1565
[8192] [M]: 0x0000000080034134 (0x15650513) addi a0, a0, 342
x10 <- 0x5555555555555556
mem[X,0x0000000080034138] -> 0x05B7
mem[X,0x000000008003413A] -> 0x0000
[8193] [M]: 0x0000000080034138 (0x000005B7) lui a1, 0
x11 <- 0x0000000000000000
mem[X,0x000000008003413C] -> 0x8593
mem[X,0x000000008003413E] -> 0x0005
[8194] [M]: 0x000000008003413C (0x00058593) addi a1, a1, 0
x11 <- 0x0000000000000000
mem[X,0x0000000080034140] -> 0x9593
mem[X,0x0000000080034142] -> 0x00B5
[8195] [M]: 0x0000000080034140 (0x00B59593) slli a1, a1, 11
x11 <- 0x0000000000000000
mem[X,0x0000000080034144] -> 0x8593
mem[X,0x0000000080034146] -> 0x5A85
[8196] [M]: 0x0000000080034144 (0x5A858593) addi a1, a1, 1448
x11 <- 0x00000000000005A8
mem[X,0x0000000080034148] -> 0x9593
mem[X,0x000000008003414A] -> 0x00B5
[8197] [M]: 0x0000000080034148 (0x00B59593) slli a1, a1, 11
x11 <- 0x00000000002D4000
mem[X,0x000000008003414C] -> 0x8593
mem[X,0x000000008003414E] -> 0x13C5
[8198] [M]: 0x000000008003414C (0x13C58593) addi a1, a1, 316
x11 <- 0x00000000002D413C
mem[X,0x0000000080034150] -> 0x9593
mem[X,0x0000000080034152] -> 0x00A5
[8199] [M]: 0x0000000080034150 (0x00A59593) slli a1, a1, 10
x11 <- 0x00000000B504F000
clint::tick mtime <- 0x0000000000000052
 clint timer pending at mtime 0x0000000000000052
htif::tick 0x0000000000000000
mem[X,0x0000000080034154] -> 0x8593
mem[X,0x0000000080034156] -> 0x3335
[8200] [M]: 0x0000000080034154 (0x33358593) addi a1, a1, 819
x11 <- 0x00000000B504F333
mem[X,0x0000000080034158] -> 0x0113
mem[X,0x000000008003415A] -> 0x0000
[8201] [M]: 0x0000000080034158 (0x00000113) addi sp, zero, 0
x2 <- 0x0000000000000000
mem[X,0x000000008003415C] -> 0x006F
mem[X,0x000000008003415E] -> 0x00C0
[8202] [M]: 0x000000008003415C (0x00C0006F) jal zero, 12
mem[X,0x0000000080034168] -> 0x5663
mem[X,0x000000008003416A] -> 0x00B5
[8203] [M]: 0x0000000080034168 (0x00B55663) bge a0, a1, 12
mem[X,0x0000000080034174] -> 0x0113
mem[X,0x0000000080034176] -> 0x0031
[8204] [M]: 0x0000000080034174 (0x00310113) addi sp, sp, 3
x2 <- 0x0000000000000003
mem[X,0x0000000080034178] -> 0x006F
mem[X,0x000000008003417A] -> 0x0040
[8205] [M]: 0x0000000080034178 (0x0040006F) jal zero, 4
mem[X,0x000000008003417C] -> 0xB023
mem[X,0x000000008003417E] -> 0x7420
[8206] [M]: 0x000000008003417C (0x7420B023) sd sp, 1856(ra)
mem[0x000000008004A110] <- 0x0000000000000003
mem[X,0x0000000080034180] -> 0x5537
mem[X,0x0000000080034182] -> 0x5555
[8207] [M]: 0x0000000080034180 (0x55555537) lui a0, 349525
x10 <- 0x0000000055555000
mem[X,0x0000000080034184] -> 0x0513
mem[X,0x0000000080034186] -> 0x5555
[8208] [M]: 0x0000000080034184 (0x55550513) addi a0, a0, 1365
x10 <- 0x0000000055555555
mem[X,0x0000000080034188] -> 0x1513
mem[X,0x000000008003418A] -> 0x00B5
[8209] [M]: 0x0000000080034188 (0x00B51513) slli a0, a0, 11
x10 <- 0x000002AAAAAAA800
mem[X,0x000000008003418C] -> 0x0513
mem[X,0x000000008003418E] -> 0x2AA5
[8210] [M]: 0x000000008003418C (0x2AA50513) addi a0, a0, 682
x10 <- 0x000002AAAAAAAAAA
mem[X,0x0000000080034190] -> 0x1513
mem[X,0x0000000080034192] -> 0x00B5
[8211] [M]: 0x0000000080034190 (0x00B51513) slli a0, a0, 11
x10 <- 0x0015555555555000
mem[X,0x0000000080034194] -> 0x0513
mem[X,0x0000000080034196] -> 0x5555
[8212] [M]: 0x0000000080034194 (0x55550513) addi a0, a0, 1365
x10 <- 0x0015555555555555
mem[X,0x0000000080034198] -> 0x1513
mem[X,0x000000008003419A] -> 0x00A5
[8213] [M]: 0x0000000080034198 (0x00A51513) slli a0, a0, 10
x10 <- 0x5555555555555400
mem[X,0x000000008003419C] -> 0x0513
mem[X,0x000000008003419E] -> 0x1565
[8214] [M]: 0x000000008003419C (0x15650513) addi a0, a0, 342
x10 <- 0x5555555555555556
mem[X,0x00000000800341A0] -> 0x0593
mem[X,0x00000000800341A2] -> 0x0020
[8215] [M]: 0x00000000800341A0 (0x00200593) addi a1, zero, 2
x11 <- 0x0000000000000002
mem[X,0x00000000800341A4] -> 0x0113
mem[X,0x00000000800341A6] -> 0x0000
[8216] [M]: 0x00000000800341A4 (0x00000113) addi sp, zero, 0
x2 <- 0x0000000000000000
mem[X,0x00000000800341A8] -> 0x006F
mem[X,0x00000000800341AA] -> 0x0180
[8217] [M]: 0x00000000800341A8 (0x0180006F) jal zero, 24
mem[X,0x00000000800341C0] -> 0x56E3
mem[X,0x00000000800341C2] -> 0xFEB5
[8218] [M]: 0x00000000800341C0 (0xFEB556E3) bge a0, a1, 8172
mem[X,0x00000000800341AC] -> 0x0113
mem[X,0x00000000800341AE] -> 0x0011
[8219] [M]: 0x00000000800341AC (0x00110113) addi sp, sp, 1
x2 <- 0x0000000000000001
mem[X,0x00000000800341B0] -> 0x006F
mem[X,0x00000000800341B2] -> 0x0240
[8220] [M]: 0x00000000800341B0 (0x0240006F) jal zero, 36
mem[X,0x00000000800341D4] -> 0xB423
mem[X,0x00000000800341D6] -> 0x7420
[8221] [M]: 0x00000000800341D4 (0x7420B423) sd sp, 1864(ra)
mem[0x000000008004A118] <- 0x0000000000000001
mem[X,0x00000000800341D8] -> 0x5537
mem[X,0x00000000800341DA] -> 0x5555
[8222] [M]: 0x00000000800341D8 (0x55555537) lui a0, 349525
x10 <- 0x0000000055555000
mem[X,0x00000000800341DC] -> 0x0513
mem[X,0x00000000800341DE] -> 0x5555
[8223] [M]: 0x00000000800341DC (0x55550513) addi a0, a0, 1365
x10 <- 0x0000000055555555
mem[X,0x00000000800341E0] -> 0x1513
mem[X,0x00000000800341E2] -> 0x00B5
[8224] [M]: 0x00000000800341E0 (0x00B51513) slli a0, a0, 11
x10 <- 0x000002AAAAAAA800
mem[X,0x00000000800341E4] -> 0x0513
mem[X,0x00000000800341E6] -> 0x2AA5
[8225] [M]: 0x00000000800341E4 (0x2AA50513) addi a0, a0, 682
x10 <- 0x000002AAAAAAAAAA
mem[X,0x00000000800341E8] -> 0x1513
mem[X,0x00000000800341EA] -> 0x00B5
[8226] [M]: 0x00000000800341E8 (0x00B51513) slli a0, a0, 11
x10 <- 0x0015555555555000
mem[X,0x00000000800341EC] -> 0x0513
mem[X,0x00000000800341EE] -> 0x5555
[8227] [M]: 0x00000000800341EC (0x55550513) addi a0, a0, 1365
x10 <- 0x0015555555555555
mem[X,0x00000000800341F0] -> 0x1513
mem[X,0x00000000800341F2] -> 0x00A5
[8228] [M]: 0x00000000800341F0 (0x00A51513) slli a0, a0, 10
x10 <- 0x5555555555555400
mem[X,0x00000000800341F4] -> 0x0513
mem[X,0x00000000800341F6] -> 0x1565
[8229] [M]: 0x00000000800341F4 (0x15650513) addi a0, a0, 342
x10 <- 0x5555555555555556
mem[X,0x00000000800341F8] -> 0x55B7
mem[X,0x00000000800341FA] -> 0x5555
[8230] [M]: 0x00000000800341F8 (0x555555B7) lui a1, 349525
x11 <- 0x0000000055555000
mem[X,0x00000000800341FC] -> 0x8593
mem[X,0x00000000800341FE] -> 0x5555
[8231] [M]: 0x00000000800341FC (0x55558593) addi a1, a1, 1365
x11 <- 0x0000000055555555
mem[X,0x0000000080034200] -> 0x9593
mem[X,0x0000000080034202] -> 0x00B5
[8232] [M]: 0x0000000080034200 (0x00B59593) slli a1, a1, 11
x11 <- 0x000002AAAAAAA800
mem[X,0x0000000080034204] -> 0x8593
mem[X,0x0000000080034206] -> 0x2AA5
[8233] [M]: 0x0000000080034204 (0x2AA58593) addi a1, a1, 682
x11 <- 0x000002AAAAAAAAAA
mem[X,0x0000000080034208] -> 0x9593
mem[X,0x000000008003420A] -> 0x00B5
[8234] [M]: 0x0000000080034208 (0x00B59593) slli a1, a1, 11
x11 <- 0x0015555555555000
mem[X,0x000000008003420C] -> 0x8593
mem[X,0x000000008003420E] -> 0x5555
[8235] [M]: 0x000000008003420C (0x55558593) addi a1, a1, 1365
x11 <- 0x0015555555555555
mem[X,0x0000000080034210] -> 0x9593
mem[X,0x0000000080034212] -> 0x00A5
[8236] [M]: 0x0000000080034210 (0x00A59593) slli a1, a1, 10
x11 <- 0x5555555555555400
mem[X,0x0000000080034214] -> 0x8593
mem[X,0x0000000080034216] -> 0x1545
[8237] [M]: 0x0000000080034214 (0x15458593) addi a1, a1, 340
x11 <- 0x5555555555555554
mem[X,0x0000000080034218] -> 0x0113
mem[X,0x000000008003421A] -> 0x0000
[8238] [M]: 0x0000000080034218 (0x00000113) addi sp, zero, 0
x2 <- 0x0000000000000000
mem[X,0x000000008003421C] -> 0x006F
mem[X,0x000000008003421E] -> 0x00C0
[8239] [M]: 0x000000008003421C (0x00C0006F) jal zero, 12
mem[X,0x0000000080034228] -> 0x5663
mem[X,0x000000008003422A] -> 0x00B5
[8240] [M]: 0x0000000080034228 (0x00B55663) bge a0, a1, 12
mem[X,0x0000000080034234] -> 0x0113
mem[X,0x0000000080034236] -> 0x0031
[8241] [M]: 0x0000000080034234 (0x00310113) addi sp, sp, 3
x2 <- 0x0000000000000003
mem[X,0x0000000080034238] -> 0x006F
mem[X,0x000000008003423A] -> 0x0040
[8242] [M]: 0x0000000080034238 (0x0040006F) jal zero, 4
mem[X,0x000000008003423C] -> 0xB823
mem[X,0x000000008003423E] -> 0x7420
[8243] [M]: 0x000000008003423C (0x7420B823) sd sp, 1872(ra)
mem[0x000000008004A120] <- 0x0000000000000003
mem[X,0x0000000080034240] -> 0x5537
mem[X,0x0000000080034242] -> 0x5555
[8244] [M]: 0x0000000080034240 (0x55555537) lui a0, 349525
x10 <- 0x0000000055555000
mem[X,0x0000000080034244] -> 0x0513
mem[X,0x0000000080034246] -> 0x5555
[8245] [M]: 0x0000000080034244 (0x55550513) addi a0, a0, 1365
x10 <- 0x0000000055555555
mem[X,0x0000000080034248] -> 0x1513
mem[X,0x000000008003424A] -> 0x00B5
[8246] [M]: 0x0000000080034248 (0x00B51513) slli a0, a0, 11
x10 <- 0x000002AAAAAAA800
mem[X,0x000000008003424C] -> 0x0513
mem[X,0x000000008003424E] -> 0x2AA5
[8247] [M]: 0x000000008003424C (0x2AA50513) addi a0, a0, 682
x10 <- 0x000002AAAAAAAAAA
mem[X,0x0000000080034250] -> 0x1513
mem[X,0x0000000080034252] -> 0x00B5
[8248] [M]: 0x0000000080034250 (0x00B51513) slli a0, a0, 11
x10 <- 0x0015555555555000
mem[X,0x0000000080034254] -> 0x0513
mem[X,0x0000000080034256] -> 0x5555
[8249] [M]: 0x0000000080034254 (0x55550513) addi a0, a0, 1365
x10 <- 0x0015555555555555
mem[X,0x0000000080034258] -> 0x1513
mem[X,0x000000008003425A] -> 0x00A5
[8250] [M]: 0x0000000080034258 (0x00A51513) slli a0, a0, 10
x10 <- 0x5555555555555400
mem[X,0x000000008003425C] -> 0x0513
mem[X,0x000000008003425E] -> 0x1565
[8251] [M]: 0x000000008003425C (0x15650513) addi a0, a0, 342
x10 <- 0x5555555555555556
mem[X,0x0000000080034260] -> 0x0593
mem[X,0x0000000080034262] -> 0x0000
[8252] [M]: 0x0000000080034260 (0x00000593) addi a1, zero, 0
x11 <- 0x0000000000000000
mem[X,0x0000000080034264] -> 0x0113
mem[X,0x0000000080034266] -> 0x0000
[8253] [M]: 0x0000000080034264 (0x00000113) addi sp, zero, 0
x2 <- 0x0000000000000000
mem[X,0x0000000080034268] -> 0x006F
mem[X,0x000000008003426A] -> 0x00C0
[8254] [M]: 0x0000000080034268 (0x00C0006F) jal zero, 12
mem[X,0x0000000080034274] -> 0x5063
mem[X,0x0000000080034276] -> 0x20B5
[8255] [M]: 0x0000000080034274 (0x20B55063) bge a0, a1, 512
mem[X,0x0000000080034474] -> 0x0113
mem[X,0x0000000080034476] -> 0x0031
[8256] [M]: 0x0000000080034474 (0x00310113) addi sp, sp, 3
x2 <- 0x0000000000000003
mem[X,0x0000000080034478] -> 0x006F
mem[X,0x000000008003447A] -> 0x0040
[8257] [M]: 0x0000000080034478 (0x0040006F) jal zero, 4
mem[X,0x000000008003447C] -> 0xBC23
mem[X,0x000000008003447E] -> 0x7420
[8258] [M]: 0x000000008003447C (0x7420BC23) sd sp, 1880(ra)
mem[0x000000008004A128] <- 0x0000000000000003
mem[X,0x0000000080034480] -> 0x5537
mem[X,0x0000000080034482] -> 0x5555
[8259] [M]: 0x0000000080034480 (0x55555537) lui a0, 349525
x10 <- 0x0000000055555000
mem[X,0x0000000080034484] -> 0x0513
mem[X,0x0000000080034486] -> 0x5555
[8260] [M]: 0x0000000080034484 (0x55550513) addi a0, a0, 1365
x10 <- 0x0000000055555555
mem[X,0x0000000080034488] -> 0x1513
mem[X,0x000000008003448A] -> 0x00B5
[8261] [M]: 0x0000000080034488 (0x00B51513) slli a0, a0, 11
x10 <- 0x000002AAAAAAA800
mem[X,0x000000008003448C] -> 0x0513
mem[X,0x000000008003448E] -> 0x2AA5
[8262] [M]: 0x000000008003448C (0x2AA50513) addi a0, a0, 682
x10 <- 0x000002AAAAAAAAAA
mem[X,0x0000000080034490] -> 0x1513
mem[X,0x0000000080034492] -> 0x00B5
[8263] [M]: 0x0000000080034490 (0x00B51513) slli a0, a0, 11
x10 <- 0x0015555555555000
mem[X,0x0000000080034494] -> 0x0513
mem[X,0x0000000080034496] -> 0x5555
[8264] [M]: 0x0000000080034494 (0x55550513) addi a0, a0, 1365
x10 <- 0x0015555555555555
mem[X,0x0000000080034498] -> 0x1513
mem[X,0x000000008003449A] -> 0x00A5
[8265] [M]: 0x0000000080034498 (0x00A51513) slli a0, a0, 10
x10 <- 0x5555555555555400
mem[X,0x000000008003449C] -> 0x0513
mem[X,0x000000008003449E] -> 0x1565
[8266] [M]: 0x000000008003449C (0x15650513) addi a0, a0, 342
x10 <- 0x5555555555555556
mem[X,0x00000000800344A0] -> 0x0593
mem[X,0x00000000800344A2] -> 0x0040
[8267] [M]: 0x00000000800344A0 (0x00400593) addi a1, zero, 4
x11 <- 0x0000000000000004
mem[X,0x00000000800344A4] -> 0x0113
mem[X,0x00000000800344A6] -> 0x0000
[8268] [M]: 0x00000000800344A4 (0x00000113) addi sp, zero, 0
x2 <- 0x0000000000000000
mem[X,0x00000000800344A8] -> 0x006F
mem[X,0x00000000800344AA] -> 0x00C0
[8269] [M]: 0x00000000800344A8 (0x00C0006F) jal zero, 12
mem[X,0x00000000800344B4] -> 0x5663
mem[X,0x00000000800344B6] -> 0x00B5
[8270] [M]: 0x00000000800344B4 (0x00B55663) bge a0, a1, 12
mem[X,0x00000000800344C0] -> 0x0113
mem[X,0x00000000800344C2] -> 0x0031
[8271] [M]: 0x00000000800344C0 (0x00310113) addi sp, sp, 3
x2 <- 0x0000000000000003
mem[X,0x00000000800344C4] -> 0x006F
mem[X,0x00000000800344C6] -> 0x0040
[8272] [M]: 0x00000000800344C4 (0x0040006F) jal zero, 4
mem[X,0x00000000800344C8] -> 0xB023
mem[X,0x00000000800344CA] -> 0x7620
[8273] [M]: 0x00000000800344C8 (0x7620B023) sd sp, 1888(ra)
mem[0x000000008004A130] <- 0x0000000000000003
mem[X,0x00000000800344CC] -> 0x5537
mem[X,0x00000000800344CE] -> 0x5555
[8274] [M]: 0x00000000800344CC (0x55555537) lui a0, 349525
x10 <- 0x0000000055555000
mem[X,0x00000000800344D0] -> 0x0513
mem[X,0x00000000800344D2] -> 0x5555
[8275] [M]: 0x00000000800344D0 (0x55550513) addi a0, a0, 1365
x10 <- 0x0000000055555555
mem[X,0x00000000800344D4] -> 0x1513
mem[X,0x00000000800344D6] -> 0x00B5
[8276] [M]: 0x00000000800344D4 (0x00B51513) slli a0, a0, 11
x10 <- 0x000002AAAAAAA800
mem[X,0x00000000800344D8] -> 0x0513
mem[X,0x00000000800344DA] -> 0x2AA5
[8277] [M]: 0x00000000800344D8 (0x2AA50513) addi a0, a0, 682
x10 <- 0x000002AAAAAAAAAA
mem[X,0x00000000800344DC] -> 0x1513
mem[X,0x00000000800344DE] -> 0x00B5
[8278] [M]: 0x00000000800344DC (0x00B51513) slli a0, a0, 11
x10 <- 0x0015555555555000
mem[X,0x00000000800344E0] -> 0x0513
mem[X,0x00000000800344E2] -> 0x5555
[8279] [M]: 0x00000000800344E0 (0x55550513) addi a0, a0, 1365
x10 <- 0x0015555555555555
mem[X,0x00000000800344E4] -> 0x1513
mem[X,0x00000000800344E6] -> 0x00A5
[8280] [M]: 0x00000000800344E4 (0x00A51513) slli a0, a0, 10
x10 <- 0x5555555555555400
mem[X,0x00000000800344E8] -> 0x0513
mem[X,0x00000000800344EA] -> 0x1565
[8281] [M]: 0x00000000800344E8 (0x15650513) addi a0, a0, 342
x10 <- 0x5555555555555556
mem[X,0x00000000800344EC] -> 0x35B7
mem[X,0x00000000800344EE] -> 0x3333
[8282] [M]: 0x00000000800344EC (0x333335B7) lui a1, 209715
x11 <- 0x0000000033333000
mem[X,0x00000000800344F0] -> 0x8593
mem[X,0x00000000800344F2] -> 0x3335
[8283] [M]: 0x00000000800344F0 (0x33358593) addi a1, a1, 819
x11 <- 0x0000000033333333
mem[X,0x00000000800344F4] -> 0x9593
mem[X,0x00000000800344F6] -> 0x00B5
[8284] [M]: 0x00000000800344F4 (0x00B59593) slli a1, a1, 11
x11 <- 0x0000019999999800
mem[X,0x00000000800344F8] -> 0x8593
mem[X,0x00000000800344FA] -> 0x1995
[8285] [M]: 0x00000000800344F8 (0x19958593) addi a1, a1, 409
x11 <- 0x0000019999999999
mem[X,0x00000000800344FC] -> 0x9593
mem[X,0x00000000800344FE] -> 0x00B5
[8286] [M]: 0x00000000800344FC (0x00B59593) slli a1, a1, 11
x11 <- 0x000CCCCCCCCCC800
mem[X,0x0000000080034500] -> 0x8593
mem[X,0x0000000080034502] -> 0x4CC5
[8287] [M]: 0x0000000080034500 (0x4CC58593) addi a1, a1, 1228
x11 <- 0x000CCCCCCCCCCCCC
mem[X,0x0000000080034504] -> 0x9593
mem[X,0x0000000080034506] -> 0x00A5
[8288] [M]: 0x0000000080034504 (0x00A59593) slli a1, a1, 10
x11 <- 0x3333333333333000
mem[X,0x0000000080034508] -> 0x8593
mem[X,0x000000008003450A] -> 0x3325
[8289] [M]: 0x0000000080034508 (0x33258593) addi a1, a1, 818
x11 <- 0x3333333333333332
mem[X,0x000000008003450C] -> 0x0113
mem[X,0x000000008003450E] -> 0x0000
[8290] [M]: 0x000000008003450C (0x00000113) addi sp, zero, 0
x2 <- 0x0000000000000000
mem[X,0x0000000080034510] -> 0x006F
mem[X,0x0000000080034512] -> 0x00C0
[8291] [M]: 0x0000000080034510 (0x00C0006F) jal zero, 12
mem[X,0x000000008003451C] -> 0x5863
mem[X,0x000000008003451E] -> 0x00B5
[8292] [M]: 0x000000008003451C (0x00B55863) bge a0, a1, 16
mem[X,0x000000008003452C] -> 0x0113
mem[X,0x000000008003452E] -> 0x0031
[8293] [M]: 0x000000008003452C (0x00310113) addi sp, sp, 3
x2 <- 0x0000000000000003
mem[X,0x0000000080034530] -> 0x006F
mem[X,0x0000000080034532] -> 0x0040
[8294] [M]: 0x0000000080034530 (0x0040006F) jal zero, 4
mem[X,0x0000000080034534] -> 0xB423
mem[X,0x0000000080034536] -> 0x7620
[8295] [M]: 0x0000000080034534 (0x7620B423) sd sp, 1896(ra)
mem[0x000000008004A138] <- 0x0000000000000003
mem[X,0x0000000080034538] -> 0x5537
mem[X,0x000000008003453A] -> 0x5555
[8296] [M]: 0x0000000080034538 (0x55555537) lui a0, 349525
x10 <- 0x0000000055555000
mem[X,0x000000008003453C] -> 0x0513
mem[X,0x000000008003453E] -> 0x5555
[8297] [M]: 0x000000008003453C (0x55550513) addi a0, a0, 1365
x10 <- 0x0000000055555555
mem[X,0x0000000080034540] -> 0x1513
mem[X,0x0000000080034542] -> 0x00B5
[8298] [M]: 0x0000000080034540 (0x00B51513) slli a0, a0, 11
x10 <- 0x000002AAAAAAA800
mem[X,0x0000000080034544] -> 0x0513
mem[X,0x0000000080034546] -> 0x2AA5
[8299] [M]: 0x0000000080034544 (0x2AA50513) addi a0, a0, 682
x10 <- 0x000002AAAAAAAAAA
clint::tick mtime <- 0x0000000000000053
 clint timer pending at mtime 0x0000000000000053
htif::tick 0x0000000000000000
mem[X,0x0000000080034548] -> 0x1513
mem[X,0x000000008003454A] -> 0x00B5
[8300] [M]: 0x0000000080034548 (0x00B51513) slli a0, a0, 11
x10 <- 0x0015555555555000
mem[X,0x000000008003454C] -> 0x0513
mem[X,0x000000008003454E] -> 0x5555
[8301] [M]: 0x000000008003454C (0x55550513) addi a0, a0, 1365
x10 <- 0x0015555555555555
mem[X,0x0000000080034550] -> 0x1513
mem[X,0x0000000080034552] -> 0x00A5
[8302] [M]: 0x0000000080034550 (0x00A51513) slli a0, a0, 10
x10 <- 0x5555555555555400
mem[X,0x0000000080034554] -> 0x0513
mem[X,0x0000000080034556] -> 0x1565
[8303] [M]: 0x0000000080034554 (0x15650513) addi a0, a0, 342
x10 <- 0x5555555555555556
mem[X,0x0000000080034558] -> 0x65B7
mem[X,0x000000008003455A] -> 0x6666
[8304] [M]: 0x0000000080034558 (0x666665B7) lui a1, 419430
x11 <- 0x0000000066666000
mem[X,0x000000008003455C] -> 0x8593
mem[X,0x000000008003455E] -> 0x6665
[8305] [M]: 0x000000008003455C (0x66658593) addi a1, a1, 1638
x11 <- 0x0000000066666666
mem[X,0x0000000080034560] -> 0x9593
mem[X,0x0000000080034562] -> 0x00B5
[8306] [M]: 0x0000000080034560 (0x00B59593) slli a1, a1, 11
x11 <- 0x0000033333333000
mem[X,0x0000000080034564] -> 0x8593
mem[X,0x0000000080034566] -> 0x3335
[8307] [M]: 0x0000000080034564 (0x33358593) addi a1, a1, 819
x11 <- 0x0000033333333333
mem[X,0x0000000080034568] -> 0x9593
mem[X,0x000000008003456A] -> 0x00B5
[8308] [M]: 0x0000000080034568 (0x00B59593) slli a1, a1, 11
x11 <- 0x0019999999999800
mem[X,0x000000008003456C] -> 0x8593
mem[X,0x000000008003456E] -> 0x1995
[8309] [M]: 0x000000008003456C (0x19958593) addi a1, a1, 409
x11 <- 0x0019999999999999
mem[X,0x0000000080034570] -> 0x9593
mem[X,0x0000000080034572] -> 0x00A5
[8310] [M]: 0x0000000080034570 (0x00A59593) slli a1, a1, 10
x11 <- 0x6666666666666400
mem[X,0x0000000080034574] -> 0x8593
mem[X,0x0000000080034576] -> 0x2655
[8311] [M]: 0x0000000080034574 (0x26558593) addi a1, a1, 613
x11 <- 0x6666666666666665
mem[X,0x0000000080034578] -> 0x0113
mem[X,0x000000008003457A] -> 0x0000
[8312] [M]: 0x0000000080034578 (0x00000113) addi sp, zero, 0
x2 <- 0x0000000000000000
mem[X,0x000000008003457C] -> 0x006F
mem[X,0x000000008003457E] -> 0x00C0
[8313] [M]: 0x000000008003457C (0x00C0006F) jal zero, 12
mem[X,0x0000000080034588] -> 0x5663
mem[X,0x000000008003458A] -> 0x00B5
[8314] [M]: 0x0000000080034588 (0x00B55663) bge a0, a1, 12
mem[X,0x000000008003458C] -> 0x0113
mem[X,0x000000008003458E] -> 0x0021
[8315] [M]: 0x000000008003458C (0x00210113) addi sp, sp, 2
x2 <- 0x0000000000000002
mem[X,0x0000000080034590] -> 0x006F
mem[X,0x0000000080034592] -> 0x00C0
[8316] [M]: 0x0000000080034590 (0x00C0006F) jal zero, 12
mem[X,0x000000008003459C] -> 0xB823
mem[X,0x000000008003459E] -> 0x7620
[8317] [M]: 0x000000008003459C (0x7620B823) sd sp, 1904(ra)
mem[0x000000008004A140] <- 0x0000000000000002
mem[X,0x00000000800345A0] -> 0x5537
mem[X,0x00000000800345A2] -> 0x5555
[8318] [M]: 0x00000000800345A0 (0x55555537) lui a0, 349525
x10 <- 0x0000000055555000
mem[X,0x00000000800345A4] -> 0x0513
mem[X,0x00000000800345A6] -> 0x5555
[8319] [M]: 0x00000000800345A4 (0x55550513) addi a0, a0, 1365
x10 <- 0x0000000055555555
mem[X,0x00000000800345A8] -> 0x1513
mem[X,0x00000000800345AA] -> 0x00B5
[8320] [M]: 0x00000000800345A8 (0x00B51513) slli a0, a0, 11
x10 <- 0x000002AAAAAAA800
mem[X,0x00000000800345AC] -> 0x0513
mem[X,0x00000000800345AE] -> 0x2AA5
[8321] [M]: 0x00000000800345AC (0x2AA50513) addi a0, a0, 682
x10 <- 0x000002AAAAAAAAAA
mem[X,0x00000000800345B0] -> 0x1513
mem[X,0x00000000800345B2] -> 0x00B5
[8322] [M]: 0x00000000800345B0 (0x00B51513) slli a0, a0, 11
x10 <- 0x0015555555555000
mem[X,0x00000000800345B4] -> 0x0513
mem[X,0x00000000800345B6] -> 0x5555
[8323] [M]: 0x00000000800345B4 (0x55550513) addi a0, a0, 1365
x10 <- 0x0015555555555555
mem[X,0x00000000800345B8] -> 0x1513
mem[X,0x00000000800345BA] -> 0x00A5
[8324] [M]: 0x00000000800345B8 (0x00A51513) slli a0, a0, 10
x10 <- 0x5555555555555400
mem[X,0x00000000800345BC] -> 0x0513
mem[X,0x00000000800345BE] -> 0x1565
[8325] [M]: 0x00000000800345BC (0x15650513) addi a0, a0, 342
x10 <- 0x5555555555555556
mem[X,0x00000000800345C0] -> 0x05B7
mem[X,0x00000000800345C2] -> 0x0000
[8326] [M]: 0x00000000800345C0 (0x000005B7) lui a1, 0
x11 <- 0x0000000000000000
mem[X,0x00000000800345C4] -> 0x8593
mem[X,0x00000000800345C6] -> 0x0005
[8327] [M]: 0x00000000800345C4 (0x00058593) addi a1, a1, 0
x11 <- 0x0000000000000000
mem[X,0x00000000800345C8] -> 0x9593
mem[X,0x00000000800345CA] -> 0x00B5
[8328] [M]: 0x00000000800345C8 (0x00B59593) slli a1, a1, 11
x11 <- 0x0000000000000000
mem[X,0x00000000800345CC] -> 0x8593
mem[X,0x00000000800345CE] -> 0x5A85
[8329] [M]: 0x00000000800345CC (0x5A858593) addi a1, a1, 1448
x11 <- 0x00000000000005A8
mem[X,0x00000000800345D0] -> 0x9593
mem[X,0x00000000800345D2] -> 0x00B5
[8330] [M]: 0x00000000800345D0 (0x00B59593) slli a1, a1, 11
x11 <- 0x00000000002D4000
mem[X,0x00000000800345D4] -> 0x8593
mem[X,0x00000000800345D6] -> 0x13C5
[8331] [M]: 0x00000000800345D4 (0x13C58593) addi a1, a1, 316
x11 <- 0x00000000002D413C
mem[X,0x00000000800345D8] -> 0x9593
mem[X,0x00000000800345DA] -> 0x00A5
[8332] [M]: 0x00000000800345D8 (0x00A59593) slli a1, a1, 10
x11 <- 0x00000000B504F000
mem[X,0x00000000800345DC] -> 0x8593
mem[X,0x00000000800345DE] -> 0x3325
[8333] [M]: 0x00000000800345DC (0x33258593) addi a1, a1, 818
x11 <- 0x00000000B504F332
mem[X,0x00000000800345E0] -> 0x0113
mem[X,0x00000000800345E2] -> 0x0000
[8334] [M]: 0x00000000800345E0 (0x00000113) addi sp, zero, 0
x2 <- 0x0000000000000000
mem[X,0x00000000800345E4] -> 0x006F
mem[X,0x00000000800345E6] -> 0x00C0
[8335] [M]: 0x00000000800345E4 (0x00C0006F) jal zero, 12
mem[X,0x00000000800345F0] -> 0x5663
mem[X,0x00000000800345F2] -> 0x00B5
[8336] [M]: 0x00000000800345F0 (0x00B55663) bge a0, a1, 12
mem[X,0x00000000800345FC] -> 0x0113
mem[X,0x00000000800345FE] -> 0x0031
[8337] [M]: 0x00000000800345FC (0x00310113) addi sp, sp, 3
x2 <- 0x0000000000000003
mem[X,0x0000000080034600] -> 0x006F
mem[X,0x0000000080034602] -> 0x0040
[8338] [M]: 0x0000000080034600 (0x0040006F) jal zero, 4
mem[X,0x0000000080034604] -> 0xBC23
mem[X,0x0000000080034606] -> 0x7620
[8339] [M]: 0x0000000080034604 (0x7620BC23) sd sp, 1912(ra)
mem[0x000000008004A148] <- 0x0000000000000003
mem[X,0x0000000080034608] -> 0x5537
mem[X,0x000000008003460A] -> 0x5555
[8340] [M]: 0x0000000080034608 (0x55555537) lui a0, 349525
x10 <- 0x0000000055555000
mem[X,0x000000008003460C] -> 0x0513
mem[X,0x000000008003460E] -> 0x5555
[8341] [M]: 0x000000008003460C (0x55550513) addi a0, a0, 1365
x10 <- 0x0000000055555555
mem[X,0x0000000080034610] -> 0x1513
mem[X,0x0000000080034612] -> 0x00B5
[8342] [M]: 0x0000000080034610 (0x00B51513) slli a0, a0, 11
x10 <- 0x000002AAAAAAA800
mem[X,0x0000000080034614] -> 0x0513
mem[X,0x0000000080034616] -> 0x2AA5
[8343] [M]: 0x0000000080034614 (0x2AA50513) addi a0, a0, 682
x10 <- 0x000002AAAAAAAAAA
mem[X,0x0000000080034618] -> 0x1513
mem[X,0x000000008003461A] -> 0x00B5
[8344] [M]: 0x0000000080034618 (0x00B51513) slli a0, a0, 11
x10 <- 0x0015555555555000
mem[X,0x000000008003461C] -> 0x0513
mem[X,0x000000008003461E] -> 0x5555
[8345] [M]: 0x000000008003461C (0x55550513) addi a0, a0, 1365
x10 <- 0x0015555555555555
mem[X,0x0000000080034620] -> 0x1513
mem[X,0x0000000080034622] -> 0x00A5
[8346] [M]: 0x0000000080034620 (0x00A51513) slli a0, a0, 10
x10 <- 0x5555555555555400
mem[X,0x0000000080034624] -> 0x0513
mem[X,0x0000000080034626] -> 0x1565
[8347] [M]: 0x0000000080034624 (0x15650513) addi a0, a0, 342
x10 <- 0x5555555555555556
mem[X,0x0000000080034628] -> 0x55B7
mem[X,0x000000008003462A] -> 0x5555
[8348] [M]: 0x0000000080034628 (0x555555B7) lui a1, 349525
x11 <- 0x0000000055555000
mem[X,0x000000008003462C] -> 0x8593
mem[X,0x000000008003462E] -> 0x5555
[8349] [M]: 0x000000008003462C (0x55558593) addi a1, a1, 1365
x11 <- 0x0000000055555555
mem[X,0x0000000080034630] -> 0x9593
mem[X,0x0000000080034632] -> 0x00B5
[8350] [M]: 0x0000000080034630 (0x00B59593) slli a1, a1, 11
x11 <- 0x000002AAAAAAA800
mem[X,0x0000000080034634] -> 0x8593
mem[X,0x0000000080034636] -> 0x2AA5
[8351] [M]: 0x0000000080034634 (0x2AA58593) addi a1, a1, 682
x11 <- 0x000002AAAAAAAAAA
mem[X,0x0000000080034638] -> 0x9593
mem[X,0x000000008003463A] -> 0x00B5
[8352] [M]: 0x0000000080034638 (0x00B59593) slli a1, a1, 11
x11 <- 0x0015555555555000
mem[X,0x000000008003463C] -> 0x8593
mem[X,0x000000008003463E] -> 0x5555
[8353] [M]: 0x000000008003463C (0x55558593) addi a1, a1, 1365
x11 <- 0x0015555555555555
mem[X,0x0000000080034640] -> 0x9593
mem[X,0x0000000080034642] -> 0x00A5
[8354] [M]: 0x0000000080034640 (0x00A59593) slli a1, a1, 10
x11 <- 0x5555555555555400
mem[X,0x0000000080034644] -> 0x8593
mem[X,0x0000000080034646] -> 0x1565
[8355] [M]: 0x0000000080034644 (0x15658593) addi a1, a1, 342
x11 <- 0x5555555555555556
mem[X,0x0000000080034648] -> 0x0113
mem[X,0x000000008003464A] -> 0x0000
[8356] [M]: 0x0000000080034648 (0x00000113) addi sp, zero, 0
x2 <- 0x0000000000000000
mem[X,0x000000008003464C] -> 0x006F
mem[X,0x000000008003464E] -> 0x00C0
[8357] [M]: 0x000000008003464C (0x00C0006F) jal zero, 12
mem[X,0x0000000080034658] -> 0x5663
mem[X,0x000000008003465A] -> 0x00B5
[8358] [M]: 0x0000000080034658 (0x00B55663) bge a0, a1, 12
mem[X,0x0000000080034664] -> 0x0113
mem[X,0x0000000080034666] -> 0x0031
[8359] [M]: 0x0000000080034664 (0x00310113) addi sp, sp, 3
x2 <- 0x0000000000000003
mem[X,0x0000000080034668] -> 0x006F
mem[X,0x000000008003466A] -> 0x0040
[8360] [M]: 0x0000000080034668 (0x0040006F) jal zero, 4
mem[X,0x000000008003466C] -> 0xB023
mem[X,0x000000008003466E] -> 0x7820
[8361] [M]: 0x000000008003466C (0x7820B023) sd sp, 1920(ra)
mem[0x000000008004A150] <- 0x0000000000000003
mem[X,0x0000000080034670] -> 0x5537
mem[X,0x0000000080034672] -> 0x5555
[8362] [M]: 0x0000000080034670 (0x55555537) lui a0, 349525
x10 <- 0x0000000055555000
mem[X,0x0000000080034674] -> 0x0513
mem[X,0x0000000080034676] -> 0x5555
[8363] [M]: 0x0000000080034674 (0x55550513) addi a0, a0, 1365
x10 <- 0x0000000055555555
mem[X,0x0000000080034678] -> 0x1513
mem[X,0x000000008003467A] -> 0x00B5
[8364] [M]: 0x0000000080034678 (0x00B51513) slli a0, a0, 11
x10 <- 0x000002AAAAAAA800
mem[X,0x000000008003467C] -> 0x0513
mem[X,0x000000008003467E] -> 0x2AA5
[8365] [M]: 0x000000008003467C (0x2AA50513) addi a0, a0, 682
x10 <- 0x000002AAAAAAAAAA
mem[X,0x0000000080034680] -> 0x1513
mem[X,0x0000000080034682] -> 0x00B5
[8366] [M]: 0x0000000080034680 (0x00B51513) slli a0, a0, 11
x10 <- 0x0015555555555000
mem[X,0x0000000080034684] -> 0x0513
mem[X,0x0000000080034686] -> 0x5555
[8367] [M]: 0x0000000080034684 (0x55550513) addi a0, a0, 1365
x10 <- 0x0015555555555555
mem[X,0x0000000080034688] -> 0x1513
mem[X,0x000000008003468A] -> 0x00A5
[8368] [M]: 0x0000000080034688 (0x00A51513) slli a0, a0, 10
x10 <- 0x5555555555555400
mem[X,0x000000008003468C] -> 0x0513
mem[X,0x000000008003468E] -> 0x1565
[8369] [M]: 0x000000008003468C (0x15650513) addi a0, a0, 342
x10 <- 0x5555555555555556
mem[X,0x0000000080034690] -> 0xB5B7
mem[X,0x0000000080034692] -> 0xAAAA
[8370] [M]: 0x0000000080034690 (0xAAAAB5B7) lui a1, 699051
x11 <- 0xFFFFFFFFAAAAB000
mem[X,0x0000000080034694] -> 0x8593
mem[X,0x0000000080034696] -> 0xAAA5
[8371] [M]: 0x0000000080034694 (0xAAA58593) addi a1, a1, 2730
x11 <- 0xFFFFFFFFAAAAAAAA
mem[X,0x0000000080034698] -> 0x9593
mem[X,0x000000008003469A] -> 0x00B5
[8372] [M]: 0x0000000080034698 (0x00B59593) slli a1, a1, 11
x11 <- 0xFFFFFD5555555000
mem[X,0x000000008003469C] -> 0x8593
mem[X,0x000000008003469E] -> 0x5555
[8373] [M]: 0x000000008003469C (0x55558593) addi a1, a1, 1365
x11 <- 0xFFFFFD5555555555
mem[X,0x00000000800346A0] -> 0x9593
mem[X,0x00000000800346A2] -> 0x00B5
[8374] [M]: 0x00000000800346A0 (0x00B59593) slli a1, a1, 11
x11 <- 0xFFEAAAAAAAAAA800
mem[X,0x00000000800346A4] -> 0x8593
mem[X,0x00000000800346A6] -> 0x2AA5
[8375] [M]: 0x00000000800346A4 (0x2AA58593) addi a1, a1, 682
x11 <- 0xFFEAAAAAAAAAAAAA
mem[X,0x00000000800346A8] -> 0x9593
mem[X,0x00000000800346AA] -> 0x00A5
[8376] [M]: 0x00000000800346A8 (0x00A59593) slli a1, a1, 10
x11 <- 0xAAAAAAAAAAAAA800
mem[X,0x00000000800346AC] -> 0x8593
mem[X,0x00000000800346AE] -> 0x2AB5
[8377] [M]: 0x00000000800346AC (0x2AB58593) addi a1, a1, 683
x11 <- 0xAAAAAAAAAAAAAAAB
mem[X,0x00000000800346B0] -> 0x0113
mem[X,0x00000000800346B2] -> 0x0000
[8378] [M]: 0x00000000800346B0 (0x00000113) addi sp, zero, 0
x2 <- 0x0000000000000000
mem[X,0x00000000800346B4] -> 0x006F
mem[X,0x00000000800346B6] -> 0x00C0
[8379] [M]: 0x00000000800346B4 (0x00C0006F) jal zero, 12
mem[X,0x00000000800346C0] -> 0x5CE3
mem[X,0x00000000800346C2] -> 0xFEB5
[8380] [M]: 0x00000000800346C0 (0xFEB55CE3) bge a0, a1, 8184
mem[X,0x00000000800346B8] -> 0x0113
mem[X,0x00000000800346BA] -> 0x0011
[8381] [M]: 0x00000000800346B8 (0x00110113) addi sp, sp, 1
x2 <- 0x0000000000000001
mem[X,0x00000000800346BC] -> 0x006F
mem[X,0x00000000800346BE] -> 0x0180
[8382] [M]: 0x00000000800346BC (0x0180006F) jal zero, 24
mem[X,0x00000000800346D4] -> 0xB423
mem[X,0x00000000800346D6] -> 0x7820
[8383] [M]: 0x00000000800346D4 (0x7820B423) sd sp, 1928(ra)
mem[0x000000008004A158] <- 0x0000000000000001
mem[X,0x00000000800346D8] -> 0x5537
mem[X,0x00000000800346DA] -> 0x5555
[8384] [M]: 0x00000000800346D8 (0x55555537) lui a0, 349525
x10 <- 0x0000000055555000
mem[X,0x00000000800346DC] -> 0x0513
mem[X,0x00000000800346DE] -> 0x5555
[8385] [M]: 0x00000000800346DC (0x55550513) addi a0, a0, 1365
x10 <- 0x0000000055555555
mem[X,0x00000000800346E0] -> 0x1513
mem[X,0x00000000800346E2] -> 0x00B5
[8386] [M]: 0x00000000800346E0 (0x00B51513) slli a0, a0, 11
x10 <- 0x000002AAAAAAA800
mem[X,0x00000000800346E4] -> 0x0513
mem[X,0x00000000800346E6] -> 0x2AA5
[8387] [M]: 0x00000000800346E4 (0x2AA50513) addi a0, a0, 682
x10 <- 0x000002AAAAAAAAAA
mem[X,0x00000000800346E8] -> 0x1513
mem[X,0x00000000800346EA] -> 0x00B5
[8388] [M]: 0x00000000800346E8 (0x00B51513) slli a0, a0, 11
x10 <- 0x0015555555555000
mem[X,0x00000000800346EC] -> 0x0513
mem[X,0x00000000800346EE] -> 0x5555
[8389] [M]: 0x00000000800346EC (0x55550513) addi a0, a0, 1365
x10 <- 0x0015555555555555
mem[X,0x00000000800346F0] -> 0x1513
mem[X,0x00000000800346F2] -> 0x00A5
[8390] [M]: 0x00000000800346F0 (0x00A51513) slli a0, a0, 10
x10 <- 0x5555555555555400
mem[X,0x00000000800346F4] -> 0x0513
mem[X,0x00000000800346F6] -> 0x1565
[8391] [M]: 0x00000000800346F4 (0x15650513) addi a0, a0, 342
x10 <- 0x5555555555555556
mem[X,0x00000000800346F8] -> 0x0593
mem[X,0x00000000800346FA] -> 0x0060
[8392] [M]: 0x00000000800346F8 (0x00600593) addi a1, zero, 6
x11 <- 0x0000000000000006
mem[X,0x00000000800346FC] -> 0x0113
mem[X,0x00000000800346FE] -> 0x0000
[8393] [M]: 0x00000000800346FC (0x00000113) addi sp, zero, 0
x2 <- 0x0000000000000000
mem[X,0x0000000080034700] -> 0x006F
mem[X,0x0000000080034702] -> 0x00C0
[8394] [M]: 0x0000000080034700 (0x00C0006F) jal zero, 12
mem[X,0x000000008003470C] -> 0x5063
mem[X,0x000000008003470E] -> 0x10B5
[8395] [M]: 0x000000008003470C (0x10B55063) bge a0, a1, 256
mem[X,0x000000008003480C] -> 0x0113
mem[X,0x000000008003480E] -> 0x0031
[8396] [M]: 0x000000008003480C (0x00310113) addi sp, sp, 3
x2 <- 0x0000000000000003
mem[X,0x0000000080034810] -> 0x006F
mem[X,0x0000000080034812] -> 0x0040
[8397] [M]: 0x0000000080034810 (0x0040006F) jal zero, 4
mem[X,0x0000000080034814] -> 0xB823
mem[X,0x0000000080034816] -> 0x7820
[8398] [M]: 0x0000000080034814 (0x7820B823) sd sp, 1936(ra)
mem[0x000000008004A160] <- 0x0000000000000003
mem[X,0x0000000080034818] -> 0x5537
mem[X,0x000000008003481A] -> 0x5555
[8399] [M]: 0x0000000080034818 (0x55555537) lui a0, 349525
x10 <- 0x0000000055555000
clint::tick mtime <- 0x0000000000000054
 clint timer pending at mtime 0x0000000000000054
htif::tick 0x0000000000000000
mem[X,0x000000008003481C] -> 0x0513
mem[X,0x000000008003481E] -> 0x5555
[8400] [M]: 0x000000008003481C (0x55550513) addi a0, a0, 1365
x10 <- 0x0000000055555555
mem[X,0x0000000080034820] -> 0x1513
mem[X,0x0000000080034822] -> 0x00B5
[8401] [M]: 0x0000000080034820 (0x00B51513) slli a0, a0, 11
x10 <- 0x000002AAAAAAA800
mem[X,0x0000000080034824] -> 0x0513
mem[X,0x0000000080034826] -> 0x2AA5
[8402] [M]: 0x0000000080034824 (0x2AA50513) addi a0, a0, 682
x10 <- 0x000002AAAAAAAAAA
mem[X,0x0000000080034828] -> 0x1513
mem[X,0x000000008003482A] -> 0x00B5
[8403] [M]: 0x0000000080034828 (0x00B51513) slli a0, a0, 11
x10 <- 0x0015555555555000
mem[X,0x000000008003482C] -> 0x0513
mem[X,0x000000008003482E] -> 0x5555
[8404] [M]: 0x000000008003482C (0x55550513) addi a0, a0, 1365
x10 <- 0x0015555555555555
mem[X,0x0000000080034830] -> 0x1513
mem[X,0x0000000080034832] -> 0x00A5
[8405] [M]: 0x0000000080034830 (0x00A51513) slli a0, a0, 10
x10 <- 0x5555555555555400
mem[X,0x0000000080034834] -> 0x0513
mem[X,0x0000000080034836] -> 0x1565
[8406] [M]: 0x0000000080034834 (0x15650513) addi a0, a0, 342
x10 <- 0x5555555555555556
mem[X,0x0000000080034838] -> 0x35B7
mem[X,0x000000008003483A] -> 0x3333
[8407] [M]: 0x0000000080034838 (0x333335B7) lui a1, 209715
x11 <- 0x0000000033333000
mem[X,0x000000008003483C] -> 0x8593
mem[X,0x000000008003483E] -> 0x3335
[8408] [M]: 0x000000008003483C (0x33358593) addi a1, a1, 819
x11 <- 0x0000000033333333
mem[X,0x0000000080034840] -> 0x9593
mem[X,0x0000000080034842] -> 0x00B5
[8409] [M]: 0x0000000080034840 (0x00B59593) slli a1, a1, 11
x11 <- 0x0000019999999800
mem[X,0x0000000080034844] -> 0x8593
mem[X,0x0000000080034846] -> 0x1995
[8410] [M]: 0x0000000080034844 (0x19958593) addi a1, a1, 409
x11 <- 0x0000019999999999
mem[X,0x0000000080034848] -> 0x9593
mem[X,0x000000008003484A] -> 0x00B5
[8411] [M]: 0x0000000080034848 (0x00B59593) slli a1, a1, 11
x11 <- 0x000CCCCCCCCCC800
mem[X,0x000000008003484C] -> 0x8593
mem[X,0x000000008003484E] -> 0x4CC5
[8412] [M]: 0x000000008003484C (0x4CC58593) addi a1, a1, 1228
x11 <- 0x000CCCCCCCCCCCCC
mem[X,0x0000000080034850] -> 0x9593
mem[X,0x0000000080034852] -> 0x00A5
[8413] [M]: 0x0000000080034850 (0x00A59593) slli a1, a1, 10
x11 <- 0x3333333333333000
mem[X,0x0000000080034854] -> 0x8593
mem[X,0x0000000080034856] -> 0x3345
[8414] [M]: 0x0000000080034854 (0x33458593) addi a1, a1, 820
x11 <- 0x3333333333333334
mem[X,0x0000000080034858] -> 0x0113
mem[X,0x000000008003485A] -> 0x0000
[8415] [M]: 0x0000000080034858 (0x00000113) addi sp, zero, 0
x2 <- 0x0000000000000000
mem[X,0x000000008003485C] -> 0x006F
mem[X,0x000000008003485E] -> 0x00C0
[8416] [M]: 0x000000008003485C (0x00C0006F) jal zero, 12
mem[X,0x0000000080034868] -> 0x5063
mem[X,0x000000008003486A] -> 0x40B5
[8417] [M]: 0x0000000080034868 (0x40B55063) bge a0, a1, 1024
mem[X,0x0000000080034C68] -> 0x0113
mem[X,0x0000000080034C6A] -> 0x0031
[8418] [M]: 0x0000000080034C68 (0x00310113) addi sp, sp, 3
x2 <- 0x0000000000000003
mem[X,0x0000000080034C6C] -> 0x006F
mem[X,0x0000000080034C6E] -> 0x0040
[8419] [M]: 0x0000000080034C6C (0x0040006F) jal zero, 4
mem[X,0x0000000080034C70] -> 0xBC23
mem[X,0x0000000080034C72] -> 0x7820
[8420] [M]: 0x0000000080034C70 (0x7820BC23) sd sp, 1944(ra)
mem[0x000000008004A168] <- 0x0000000000000003
mem[X,0x0000000080034C74] -> 0x5537
mem[X,0x0000000080034C76] -> 0x5555
[8421] [M]: 0x0000000080034C74 (0x55555537) lui a0, 349525
x10 <- 0x0000000055555000
mem[X,0x0000000080034C78] -> 0x0513
mem[X,0x0000000080034C7A] -> 0x5555
[8422] [M]: 0x0000000080034C78 (0x55550513) addi a0, a0, 1365
x10 <- 0x0000000055555555
mem[X,0x0000000080034C7C] -> 0x1513
mem[X,0x0000000080034C7E] -> 0x00B5
[8423] [M]: 0x0000000080034C7C (0x00B51513) slli a0, a0, 11
x10 <- 0x000002AAAAAAA800
mem[X,0x0000000080034C80] -> 0x0513
mem[X,0x0000000080034C82] -> 0x2AA5
[8424] [M]: 0x0000000080034C80 (0x2AA50513) addi a0, a0, 682
x10 <- 0x000002AAAAAAAAAA
mem[X,0x0000000080034C84] -> 0x1513
mem[X,0x0000000080034C86] -> 0x00B5
[8425] [M]: 0x0000000080034C84 (0x00B51513) slli a0, a0, 11
x10 <- 0x0015555555555000
mem[X,0x0000000080034C88] -> 0x0513
mem[X,0x0000000080034C8A] -> 0x5555
[8426] [M]: 0x0000000080034C88 (0x55550513) addi a0, a0, 1365
x10 <- 0x0015555555555555
mem[X,0x0000000080034C8C] -> 0x1513
mem[X,0x0000000080034C8E] -> 0x00A5
[8427] [M]: 0x0000000080034C8C (0x00A51513) slli a0, a0, 10
x10 <- 0x5555555555555400
mem[X,0x0000000080034C90] -> 0x0513
mem[X,0x0000000080034C92] -> 0x1565
[8428] [M]: 0x0000000080034C90 (0x15650513) addi a0, a0, 342
x10 <- 0x5555555555555556
mem[X,0x0000000080034C94] -> 0x65B7
mem[X,0x0000000080034C96] -> 0x6666
[8429] [M]: 0x0000000080034C94 (0x666665B7) lui a1, 419430
x11 <- 0x0000000066666000
mem[X,0x0000000080034C98] -> 0x8593
mem[X,0x0000000080034C9A] -> 0x6665
[8430] [M]: 0x0000000080034C98 (0x66658593) addi a1, a1, 1638
x11 <- 0x0000000066666666
mem[X,0x0000000080034C9C] -> 0x9593
mem[X,0x0000000080034C9E] -> 0x00B5
[8431] [M]: 0x0000000080034C9C (0x00B59593) slli a1, a1, 11
x11 <- 0x0000033333333000
mem[X,0x0000000080034CA0] -> 0x8593
mem[X,0x0000000080034CA2] -> 0x3335
[8432] [M]: 0x0000000080034CA0 (0x33358593) addi a1, a1, 819
x11 <- 0x0000033333333333
mem[X,0x0000000080034CA4] -> 0x9593
mem[X,0x0000000080034CA6] -> 0x00B5
[8433] [M]: 0x0000000080034CA4 (0x00B59593) slli a1, a1, 11
x11 <- 0x0019999999999800
mem[X,0x0000000080034CA8] -> 0x8593
mem[X,0x0000000080034CAA] -> 0x1995
[8434] [M]: 0x0000000080034CA8 (0x19958593) addi a1, a1, 409
x11 <- 0x0019999999999999
mem[X,0x0000000080034CAC] -> 0x9593
mem[X,0x0000000080034CAE] -> 0x00A5
[8435] [M]: 0x0000000080034CAC (0x00A59593) slli a1, a1, 10
x11 <- 0x6666666666666400
mem[X,0x0000000080034CB0] -> 0x8593
mem[X,0x0000000080034CB2] -> 0x2675
[8436] [M]: 0x0000000080034CB0 (0x26758593) addi a1, a1, 615
x11 <- 0x6666666666666667
mem[X,0x0000000080034CB4] -> 0x0113
mem[X,0x0000000080034CB6] -> 0x0000
[8437] [M]: 0x0000000080034CB4 (0x00000113) addi sp, zero, 0
x2 <- 0x0000000000000000
mem[X,0x0000000080034CB8] -> 0x006F
mem[X,0x0000000080034CBA] -> 0x00C0
[8438] [M]: 0x0000000080034CB8 (0x00C0006F) jal zero, 12
mem[X,0x0000000080034CC4] -> 0x5863
mem[X,0x0000000080034CC6] -> 0x00B5
[8439] [M]: 0x0000000080034CC4 (0x00B55863) bge a0, a1, 16
mem[X,0x0000000080034CC8] -> 0x0113
mem[X,0x0000000080034CCA] -> 0x0021
[8440] [M]: 0x0000000080034CC8 (0x00210113) addi sp, sp, 2
x2 <- 0x0000000000000002
mem[X,0x0000000080034CCC] -> 0x006F
mem[X,0x0000000080034CCE] -> 0x0100
[8441] [M]: 0x0000000080034CCC (0x0100006F) jal zero, 16
mem[X,0x0000000080034CDC] -> 0xB023
mem[X,0x0000000080034CDE] -> 0x7A20
[8442] [M]: 0x0000000080034CDC (0x7A20B023) sd sp, 1952(ra)
mem[0x000000008004A170] <- 0x0000000000000002
mem[X,0x0000000080034CE0] -> 0x5537
mem[X,0x0000000080034CE2] -> 0x5555
[8443] [M]: 0x0000000080034CE0 (0x55555537) lui a0, 349525
x10 <- 0x0000000055555000
mem[X,0x0000000080034CE4] -> 0x0513
mem[X,0x0000000080034CE6] -> 0x5555
[8444] [M]: 0x0000000080034CE4 (0x55550513) addi a0, a0, 1365
x10 <- 0x0000000055555555
mem[X,0x0000000080034CE8] -> 0x1513
mem[X,0x0000000080034CEA] -> 0x00B5
[8445] [M]: 0x0000000080034CE8 (0x00B51513) slli a0, a0, 11
x10 <- 0x000002AAAAAAA800
mem[X,0x0000000080034CEC] -> 0x0513
mem[X,0x0000000080034CEE] -> 0x2AA5
[8446] [M]: 0x0000000080034CEC (0x2AA50513) addi a0, a0, 682
x10 <- 0x000002AAAAAAAAAA
mem[X,0x0000000080034CF0] -> 0x1513
mem[X,0x0000000080034CF2] -> 0x00B5
[8447] [M]: 0x0000000080034CF0 (0x00B51513) slli a0, a0, 11
x10 <- 0x0015555555555000
mem[X,0x0000000080034CF4] -> 0x0513
mem[X,0x0000000080034CF6] -> 0x5555
[8448] [M]: 0x0000000080034CF4 (0x55550513) addi a0, a0, 1365
x10 <- 0x0015555555555555
mem[X,0x0000000080034CF8] -> 0x1513
mem[X,0x0000000080034CFA] -> 0x00A5
[8449] [M]: 0x0000000080034CF8 (0x00A51513) slli a0, a0, 10
x10 <- 0x5555555555555400
mem[X,0x0000000080034CFC] -> 0x0513
mem[X,0x0000000080034CFE] -> 0x1565
[8450] [M]: 0x0000000080034CFC (0x15650513) addi a0, a0, 342
x10 <- 0x5555555555555556
mem[X,0x0000000080034D00] -> 0x05B7
mem[X,0x0000000080034D02] -> 0x0000
[8451] [M]: 0x0000000080034D00 (0x000005B7) lui a1, 0
x11 <- 0x0000000000000000
mem[X,0x0000000080034D04] -> 0x8593
mem[X,0x0000000080034D06] -> 0xFFF5
[8452] [M]: 0x0000000080034D04 (0xFFF58593) addi a1, a1, 4095
x11 <- 0xFFFFFFFFFFFFFFFF
mem[X,0x0000000080034D08] -> 0x9593
mem[X,0x0000000080034D0A] -> 0x00B5
[8453] [M]: 0x0000000080034D08 (0x00B59593) slli a1, a1, 11
x11 <- 0xFFFFFFFFFFFFF800
mem[X,0x0000000080034D0C] -> 0x8593
mem[X,0x0000000080034D0E] -> 0x2575
[8454] [M]: 0x0000000080034D0C (0x25758593) addi a1, a1, 599
x11 <- 0xFFFFFFFFFFFFFA57
mem[X,0x0000000080034D10] -> 0x9593
mem[X,0x0000000080034D12] -> 0x00B5
[8455] [M]: 0x0000000080034D10 (0x00B59593) slli a1, a1, 11
x11 <- 0xFFFFFFFFFFD2B800
mem[X,0x0000000080034D14] -> 0x8593
mem[X,0x0000000080034D16] -> 0x6C35
[8456] [M]: 0x0000000080034D14 (0x6C358593) addi a1, a1, 1731
x11 <- 0xFFFFFFFFFFD2BEC3
mem[X,0x0000000080034D18] -> 0x9593
mem[X,0x0000000080034D1A] -> 0x00A5
[8457] [M]: 0x0000000080034D18 (0x00A59593) slli a1, a1, 10
x11 <- 0xFFFFFFFF4AFB0C00
mem[X,0x0000000080034D1C] -> 0x8593
mem[X,0x0000000080034D1E] -> 0x0CE5
[8458] [M]: 0x0000000080034D1C (0x0CE58593) addi a1, a1, 206
x11 <- 0xFFFFFFFF4AFB0CCE
mem[X,0x0000000080034D20] -> 0x0113
mem[X,0x0000000080034D22] -> 0x0000
[8459] [M]: 0x0000000080034D20 (0x00000113) addi sp, zero, 0
x2 <- 0x0000000000000000
mem[X,0x0000000080034D24] -> 0x006F
mem[X,0x0000000080034D26] -> 0x00C0
[8460] [M]: 0x0000000080034D24 (0x00C0006F) jal zero, 12
mem[X,0x0000000080034D30] -> 0x5063
mem[X,0x0000000080034D32] -> 0x08B5
[8461] [M]: 0x0000000080034D30 (0x08B55063) bge a0, a1, 128
mem[X,0x0000000080034DB0] -> 0x0113
mem[X,0x0000000080034DB2] -> 0x0031
[8462] [M]: 0x0000000080034DB0 (0x00310113) addi sp, sp, 3
x2 <- 0x0000000000000003
mem[X,0x0000000080034DB4] -> 0x006F
mem[X,0x0000000080034DB6] -> 0x0040
[8463] [M]: 0x0000000080034DB4 (0x0040006F) jal zero, 4
mem[X,0x0000000080034DB8] -> 0xB423
mem[X,0x0000000080034DBA] -> 0x7A20
[8464] [M]: 0x0000000080034DB8 (0x7A20B423) sd sp, 1960(ra)
mem[0x000000008004A178] <- 0x0000000000000003
mem[X,0x0000000080034DBC] -> 0x5537
mem[X,0x0000000080034DBE] -> 0x5555
[8465] [M]: 0x0000000080034DBC (0x55555537) lui a0, 349525
x10 <- 0x0000000055555000
mem[X,0x0000000080034DC0] -> 0x0513
mem[X,0x0000000080034DC2] -> 0x5555
[8466] [M]: 0x0000000080034DC0 (0x55550513) addi a0, a0, 1365
x10 <- 0x0000000055555555
mem[X,0x0000000080034DC4] -> 0x1513
mem[X,0x0000000080034DC6] -> 0x00B5
[8467] [M]: 0x0000000080034DC4 (0x00B51513) slli a0, a0, 11
x10 <- 0x000002AAAAAAA800
mem[X,0x0000000080034DC8] -> 0x0513
mem[X,0x0000000080034DCA] -> 0x2AA5
[8468] [M]: 0x0000000080034DC8 (0x2AA50513) addi a0, a0, 682
x10 <- 0x000002AAAAAAAAAA
mem[X,0x0000000080034DCC] -> 0x1513
mem[X,0x0000000080034DCE] -> 0x00B5
[8469] [M]: 0x0000000080034DCC (0x00B51513) slli a0, a0, 11
x10 <- 0x0015555555555000
mem[X,0x0000000080034DD0] -> 0x0513
mem[X,0x0000000080034DD2] -> 0x5555
[8470] [M]: 0x0000000080034DD0 (0x55550513) addi a0, a0, 1365
x10 <- 0x0015555555555555
mem[X,0x0000000080034DD4] -> 0x1513
mem[X,0x0000000080034DD6] -> 0x00A5
[8471] [M]: 0x0000000080034DD4 (0x00A51513) slli a0, a0, 10
x10 <- 0x5555555555555400
mem[X,0x0000000080034DD8] -> 0x0513
mem[X,0x0000000080034DDA] -> 0x1565
[8472] [M]: 0x0000000080034DD8 (0x15650513) addi a0, a0, 342
x10 <- 0x5555555555555556
mem[X,0x0000000080034DDC] -> 0x05B7
mem[X,0x0000000080034DDE] -> 0x0000
[8473] [M]: 0x0000000080034DDC (0x000005B7) lui a1, 0
x11 <- 0x0000000000000000
mem[X,0x0000000080034DE0] -> 0x8593
mem[X,0x0000000080034DE2] -> 0x0005
[8474] [M]: 0x0000000080034DE0 (0x00058593) addi a1, a1, 0
x11 <- 0x0000000000000000
mem[X,0x0000000080034DE4] -> 0x9593
mem[X,0x0000000080034DE6] -> 0x00B5
[8475] [M]: 0x0000000080034DE4 (0x00B59593) slli a1, a1, 11
x11 <- 0x0000000000000000
mem[X,0x0000000080034DE8] -> 0x8593
mem[X,0x0000000080034DEA] -> 0x5A85
[8476] [M]: 0x0000000080034DE8 (0x5A858593) addi a1, a1, 1448
x11 <- 0x00000000000005A8
mem[X,0x0000000080034DEC] -> 0x9593
mem[X,0x0000000080034DEE] -> 0x00B5
[8477] [M]: 0x0000000080034DEC (0x00B59593) slli a1, a1, 11
x11 <- 0x00000000002D4000
mem[X,0x0000000080034DF0] -> 0x8593
mem[X,0x0000000080034DF2] -> 0x13C5
[8478] [M]: 0x0000000080034DF0 (0x13C58593) addi a1, a1, 316
x11 <- 0x00000000002D413C
mem[X,0x0000000080034DF4] -> 0x9593
mem[X,0x0000000080034DF6] -> 0x00A5
[8479] [M]: 0x0000000080034DF4 (0x00A59593) slli a1, a1, 10
x11 <- 0x00000000B504F000
mem[X,0x0000000080034DF8] -> 0x8593
mem[X,0x0000000080034DFA] -> 0x3345
[8480] [M]: 0x0000000080034DF8 (0x33458593) addi a1, a1, 820
x11 <- 0x00000000B504F334
mem[X,0x0000000080034DFC] -> 0x0113
mem[X,0x0000000080034DFE] -> 0x0000
[8481] [M]: 0x0000000080034DFC (0x00000113) addi sp, zero, 0
x2 <- 0x0000000000000000
mem[X,0x0000000080034E00] -> 0x006F
mem[X,0x0000000080034E02] -> 0x00C0
[8482] [M]: 0x0000000080034E00 (0x00C0006F) jal zero, 12
mem[X,0x0000000080034E0C] -> 0x5CE3
mem[X,0x0000000080034E0E] -> 0xFEB5
[8483] [M]: 0x0000000080034E0C (0xFEB55CE3) bge a0, a1, 8184
mem[X,0x0000000080034E04] -> 0x0113
mem[X,0x0000000080034E06] -> 0x0011
[8484] [M]: 0x0000000080034E04 (0x00110113) addi sp, sp, 1
x2 <- 0x0000000000000001
mem[X,0x0000000080034E08] -> 0x006F
mem[X,0x0000000080034E0A] -> 0x0180
[8485] [M]: 0x0000000080034E08 (0x0180006F) jal zero, 24
mem[X,0x0000000080034E20] -> 0xB823
mem[X,0x0000000080034E22] -> 0x7A20
[8486] [M]: 0x0000000080034E20 (0x7A20B823) sd sp, 1968(ra)
mem[0x000000008004A180] <- 0x0000000000000001
mem[X,0x0000000080034E24] -> 0xB537
mem[X,0x0000000080034E26] -> 0xAAAA
[8487] [M]: 0x0000000080034E24 (0xAAAAB537) lui a0, 699051
x10 <- 0xFFFFFFFFAAAAB000
mem[X,0x0000000080034E28] -> 0x0513
mem[X,0x0000000080034E2A] -> 0xAAA5
[8488] [M]: 0x0000000080034E28 (0xAAA50513) addi a0, a0, 2730
x10 <- 0xFFFFFFFFAAAAAAAA
mem[X,0x0000000080034E2C] -> 0x1513
mem[X,0x0000000080034E2E] -> 0x00B5
[8489] [M]: 0x0000000080034E2C (0x00B51513) slli a0, a0, 11
x10 <- 0xFFFFFD5555555000
mem[X,0x0000000080034E30] -> 0x0513
mem[X,0x0000000080034E32] -> 0x5555
[8490] [M]: 0x0000000080034E30 (0x55550513) addi a0, a0, 1365
x10 <- 0xFFFFFD5555555555
mem[X,0x0000000080034E34] -> 0x1513
mem[X,0x0000000080034E36] -> 0x00B5
[8491] [M]: 0x0000000080034E34 (0x00B51513) slli a0, a0, 11
x10 <- 0xFFEAAAAAAAAAA800
mem[X,0x0000000080034E38] -> 0x0513
mem[X,0x0000000080034E3A] -> 0x2AA5
[8492] [M]: 0x0000000080034E38 (0x2AA50513) addi a0, a0, 682
x10 <- 0xFFEAAAAAAAAAAAAA
mem[X,0x0000000080034E3C] -> 0x1513
mem[X,0x0000000080034E3E] -> 0x00A5
[8493] [M]: 0x0000000080034E3C (0x00A51513) slli a0, a0, 10
x10 <- 0xAAAAAAAAAAAAA800
mem[X,0x0000000080034E40] -> 0x0513
mem[X,0x0000000080034E42] -> 0x2AB5
[8494] [M]: 0x0000000080034E40 (0x2AB50513) addi a0, a0, 683
x10 <- 0xAAAAAAAAAAAAAAAB
mem[X,0x0000000080034E44] -> 0x0593
mem[X,0x0000000080034E46] -> 0x0030
[8495] [M]: 0x0000000080034E44 (0x00300593) addi a1, zero, 3
x11 <- 0x0000000000000003
mem[X,0x0000000080034E48] -> 0x0113
mem[X,0x0000000080034E4A] -> 0x0000
[8496] [M]: 0x0000000080034E48 (0x00000113) addi sp, zero, 0
x2 <- 0x0000000000000000
mem[X,0x0000000080034E4C] -> 0x006F
mem[X,0x0000000080034E4E] -> 0x0140
[8497] [M]: 0x0000000080034E4C (0x0140006F) jal zero, 20
mem[X,0x0000000080034E60] -> 0x58E3
mem[X,0x0000000080034E62] -> 0xFEB5
[8498] [M]: 0x0000000080034E60 (0xFEB558E3) bge a0, a1, 8176
mem[X,0x0000000080034E64] -> 0x0113
mem[X,0x0000000080034E66] -> 0x0021
[8499] [M]: 0x0000000080034E64 (0x00210113) addi sp, sp, 2
x2 <- 0x0000000000000002
clint::tick mtime <- 0x0000000000000055
 clint timer pending at mtime 0x0000000000000055
htif::tick 0x0000000000000000
mem[X,0x0000000080034E68] -> 0x006F
mem[X,0x0000000080034E6A] -> 0x00C0
[8500] [M]: 0x0000000080034E68 (0x00C0006F) jal zero, 12
mem[X,0x0000000080034E74] -> 0xBC23
mem[X,0x0000000080034E76] -> 0x7A20
[8501] [M]: 0x0000000080034E74 (0x7A20BC23) sd sp, 1976(ra)
mem[0x000000008004A188] <- 0x0000000000000002
mem[X,0x0000000080034E78] -> 0xB537
mem[X,0x0000000080034E7A] -> 0xAAAA
[8502] [M]: 0x0000000080034E78 (0xAAAAB537) lui a0, 699051
x10 <- 0xFFFFFFFFAAAAB000
mem[X,0x0000000080034E7C] -> 0x0513
mem[X,0x0000000080034E7E] -> 0xAAA5
[8503] [M]: 0x0000000080034E7C (0xAAA50513) addi a0, a0, 2730
x10 <- 0xFFFFFFFFAAAAAAAA
mem[X,0x0000000080034E80] -> 0x1513
mem[X,0x0000000080034E82] -> 0x00B5
[8504] [M]: 0x0000000080034E80 (0x00B51513) slli a0, a0, 11
x10 <- 0xFFFFFD5555555000
mem[X,0x0000000080034E84] -> 0x0513
mem[X,0x0000000080034E86] -> 0x5555
[8505] [M]: 0x0000000080034E84 (0x55550513) addi a0, a0, 1365
x10 <- 0xFFFFFD5555555555
mem[X,0x0000000080034E88] -> 0x1513
mem[X,0x0000000080034E8A] -> 0x00B5
[8506] [M]: 0x0000000080034E88 (0x00B51513) slli a0, a0, 11
x10 <- 0xFFEAAAAAAAAAA800
mem[X,0x0000000080034E8C] -> 0x0513
mem[X,0x0000000080034E8E] -> 0x2AA5
[8507] [M]: 0x0000000080034E8C (0x2AA50513) addi a0, a0, 682
x10 <- 0xFFEAAAAAAAAAAAAA
mem[X,0x0000000080034E90] -> 0x1513
mem[X,0x0000000080034E92] -> 0x00A5
[8508] [M]: 0x0000000080034E90 (0x00A51513) slli a0, a0, 10
x10 <- 0xAAAAAAAAAAAAA800
mem[X,0x0000000080034E94] -> 0x0513
mem[X,0x0000000080034E96] -> 0x2AB5
[8509] [M]: 0x0000000080034E94 (0x2AB50513) addi a0, a0, 683
x10 <- 0xAAAAAAAAAAAAAAAB
mem[X,0x0000000080034E98] -> 0x55B7
mem[X,0x0000000080034E9A] -> 0x5555
[8510] [M]: 0x0000000080034E98 (0x555555B7) lui a1, 349525
x11 <- 0x0000000055555000
mem[X,0x0000000080034E9C] -> 0x8593
mem[X,0x0000000080034E9E] -> 0x5555
[8511] [M]: 0x0000000080034E9C (0x55558593) addi a1, a1, 1365
x11 <- 0x0000000055555555
mem[X,0x0000000080034EA0] -> 0x9593
mem[X,0x0000000080034EA2] -> 0x00B5
[8512] [M]: 0x0000000080034EA0 (0x00B59593) slli a1, a1, 11
x11 <- 0x000002AAAAAAA800
mem[X,0x0000000080034EA4] -> 0x8593
mem[X,0x0000000080034EA6] -> 0x2AA5
[8513] [M]: 0x0000000080034EA4 (0x2AA58593) addi a1, a1, 682
x11 <- 0x000002AAAAAAAAAA
mem[X,0x0000000080034EA8] -> 0x9593
mem[X,0x0000000080034EAA] -> 0x00B5
[8514] [M]: 0x0000000080034EA8 (0x00B59593) slli a1, a1, 11
x11 <- 0x0015555555555000
mem[X,0x0000000080034EAC] -> 0x8593
mem[X,0x0000000080034EAE] -> 0x5555
[8515] [M]: 0x0000000080034EAC (0x55558593) addi a1, a1, 1365
x11 <- 0x0015555555555555
mem[X,0x0000000080034EB0] -> 0x9593
mem[X,0x0000000080034EB2] -> 0x00A5
[8516] [M]: 0x0000000080034EB0 (0x00A59593) slli a1, a1, 10
x11 <- 0x5555555555555400
mem[X,0x0000000080034EB4] -> 0x8593
mem[X,0x0000000080034EB6] -> 0x1555
[8517] [M]: 0x0000000080034EB4 (0x15558593) addi a1, a1, 341
x11 <- 0x5555555555555555
mem[X,0x0000000080034EB8] -> 0x0113
mem[X,0x0000000080034EBA] -> 0x0000
[8518] [M]: 0x0000000080034EB8 (0x00000113) addi sp, zero, 0
x2 <- 0x0000000000000000
mem[X,0x0000000080034EBC] -> 0x006F
mem[X,0x0000000080034EBE] -> 0x0100
[8519] [M]: 0x0000000080034EBC (0x0100006F) jal zero, 16
mem[X,0x0000000080034ECC] -> 0x5AE3
mem[X,0x0000000080034ECE] -> 0xFEB5
[8520] [M]: 0x0000000080034ECC (0xFEB55AE3) bge a0, a1, 8180
mem[X,0x0000000080034ED0] -> 0x0113
mem[X,0x0000000080034ED2] -> 0x0021
[8521] [M]: 0x0000000080034ED0 (0x00210113) addi sp, sp, 2
x2 <- 0x0000000000000002
mem[X,0x0000000080034ED4] -> 0x006F
mem[X,0x0000000080034ED6] -> 0x00C0
[8522] [M]: 0x0000000080034ED4 (0x00C0006F) jal zero, 12
mem[X,0x0000000080034EE0] -> 0xB023
mem[X,0x0000000080034EE2] -> 0x7C20
[8523] [M]: 0x0000000080034EE0 (0x7C20B023) sd sp, 1984(ra)
mem[0x000000008004A190] <- 0x0000000000000002
mem[X,0x0000000080034EE4] -> 0xB537
mem[X,0x0000000080034EE6] -> 0xAAAA
[8524] [M]: 0x0000000080034EE4 (0xAAAAB537) lui a0, 699051
x10 <- 0xFFFFFFFFAAAAB000
mem[X,0x0000000080034EE8] -> 0x0513
mem[X,0x0000000080034EEA] -> 0xAAA5
[8525] [M]: 0x0000000080034EE8 (0xAAA50513) addi a0, a0, 2730
x10 <- 0xFFFFFFFFAAAAAAAA
mem[X,0x0000000080034EEC] -> 0x1513
mem[X,0x0000000080034EEE] -> 0x00B5
[8526] [M]: 0x0000000080034EEC (0x00B51513) slli a0, a0, 11
x10 <- 0xFFFFFD5555555000
mem[X,0x0000000080034EF0] -> 0x0513
mem[X,0x0000000080034EF2] -> 0x5555
[8527] [M]: 0x0000000080034EF0 (0x55550513) addi a0, a0, 1365
x10 <- 0xFFFFFD5555555555
mem[X,0x0000000080034EF4] -> 0x1513
mem[X,0x0000000080034EF6] -> 0x00B5
[8528] [M]: 0x0000000080034EF4 (0x00B51513) slli a0, a0, 11
x10 <- 0xFFEAAAAAAAAAA800
mem[X,0x0000000080034EF8] -> 0x0513
mem[X,0x0000000080034EFA] -> 0x2AA5
[8529] [M]: 0x0000000080034EF8 (0x2AA50513) addi a0, a0, 682
x10 <- 0xFFEAAAAAAAAAAAAA
mem[X,0x0000000080034EFC] -> 0x1513
mem[X,0x0000000080034EFE] -> 0x00A5
[8530] [M]: 0x0000000080034EFC (0x00A51513) slli a0, a0, 10
x10 <- 0xAAAAAAAAAAAAA800
mem[X,0x0000000080034F00] -> 0x0513
mem[X,0x0000000080034F02] -> 0x2AB5
[8531] [M]: 0x0000000080034F00 (0x2AB50513) addi a0, a0, 683
x10 <- 0xAAAAAAAAAAAAAAAB
mem[X,0x0000000080034F04] -> 0xB5B7
mem[X,0x0000000080034F06] -> 0xAAAA
[8532] [M]: 0x0000000080034F04 (0xAAAAB5B7) lui a1, 699051
x11 <- 0xFFFFFFFFAAAAB000
mem[X,0x0000000080034F08] -> 0x8593
mem[X,0x0000000080034F0A] -> 0xAAA5
[8533] [M]: 0x0000000080034F08 (0xAAA58593) addi a1, a1, 2730
x11 <- 0xFFFFFFFFAAAAAAAA
mem[X,0x0000000080034F0C] -> 0x9593
mem[X,0x0000000080034F0E] -> 0x00B5
[8534] [M]: 0x0000000080034F0C (0x00B59593) slli a1, a1, 11
x11 <- 0xFFFFFD5555555000
mem[X,0x0000000080034F10] -> 0x8593
mem[X,0x0000000080034F12] -> 0x5555
[8535] [M]: 0x0000000080034F10 (0x55558593) addi a1, a1, 1365
x11 <- 0xFFFFFD5555555555
mem[X,0x0000000080034F14] -> 0x9593
mem[X,0x0000000080034F16] -> 0x00B5
[8536] [M]: 0x0000000080034F14 (0x00B59593) slli a1, a1, 11
x11 <- 0xFFEAAAAAAAAAA800
mem[X,0x0000000080034F18] -> 0x8593
mem[X,0x0000000080034F1A] -> 0x2AA5
[8537] [M]: 0x0000000080034F18 (0x2AA58593) addi a1, a1, 682
x11 <- 0xFFEAAAAAAAAAAAAA
mem[X,0x0000000080034F1C] -> 0x9593
mem[X,0x0000000080034F1E] -> 0x00A5
[8538] [M]: 0x0000000080034F1C (0x00A59593) slli a1, a1, 10
x11 <- 0xAAAAAAAAAAAAA800
mem[X,0x0000000080034F20] -> 0x8593
mem[X,0x0000000080034F22] -> 0x2AA5
[8539] [M]: 0x0000000080034F20 (0x2AA58593) addi a1, a1, 682
x11 <- 0xAAAAAAAAAAAAAAAA
mem[X,0x0000000080034F24] -> 0x0113
mem[X,0x0000000080034F26] -> 0x0000
[8540] [M]: 0x0000000080034F24 (0x00000113) addi sp, zero, 0
x2 <- 0x0000000000000000
mem[X,0x0000000080034F28] -> 0x006F
mem[X,0x0000000080034F2A] -> 0x00C0
[8541] [M]: 0x0000000080034F28 (0x00C0006F) jal zero, 12
mem[X,0x0000000080034F34] -> 0x5CE3
mem[X,0x0000000080034F36] -> 0xFEB5
[8542] [M]: 0x0000000080034F34 (0xFEB55CE3) bge a0, a1, 8184
mem[X,0x0000000080034F2C] -> 0x0113
mem[X,0x0000000080034F2E] -> 0x0011
[8543] [M]: 0x0000000080034F2C (0x00110113) addi sp, sp, 1
x2 <- 0x0000000000000001
mem[X,0x0000000080034F30] -> 0x006F
mem[X,0x0000000080034F32] -> 0x0180
[8544] [M]: 0x0000000080034F30 (0x0180006F) jal zero, 24
mem[X,0x0000000080034F48] -> 0xB423
mem[X,0x0000000080034F4A] -> 0x7C20
[8545] [M]: 0x0000000080034F48 (0x7C20B423) sd sp, 1992(ra)
mem[0x000000008004A198] <- 0x0000000000000001
mem[X,0x0000000080034F4C] -> 0xB537
mem[X,0x0000000080034F4E] -> 0xAAAA
[8546] [M]: 0x0000000080034F4C (0xAAAAB537) lui a0, 699051
x10 <- 0xFFFFFFFFAAAAB000
mem[X,0x0000000080034F50] -> 0x0513
mem[X,0x0000000080034F52] -> 0xAAA5
[8547] [M]: 0x0000000080034F50 (0xAAA50513) addi a0, a0, 2730
x10 <- 0xFFFFFFFFAAAAAAAA
mem[X,0x0000000080034F54] -> 0x1513
mem[X,0x0000000080034F56] -> 0x00B5
[8548] [M]: 0x0000000080034F54 (0x00B51513) slli a0, a0, 11
x10 <- 0xFFFFFD5555555000
mem[X,0x0000000080034F58] -> 0x0513
mem[X,0x0000000080034F5A] -> 0x5555
[8549] [M]: 0x0000000080034F58 (0x55550513) addi a0, a0, 1365
x10 <- 0xFFFFFD5555555555
mem[X,0x0000000080034F5C] -> 0x1513
mem[X,0x0000000080034F5E] -> 0x00B5
[8550] [M]: 0x0000000080034F5C (0x00B51513) slli a0, a0, 11
x10 <- 0xFFEAAAAAAAAAA800
mem[X,0x0000000080034F60] -> 0x0513
mem[X,0x0000000080034F62] -> 0x2AA5
[8551] [M]: 0x0000000080034F60 (0x2AA50513) addi a0, a0, 682
x10 <- 0xFFEAAAAAAAAAAAAA
mem[X,0x0000000080034F64] -> 0x1513
mem[X,0x0000000080034F66] -> 0x00A5
[8552] [M]: 0x0000000080034F64 (0x00A51513) slli a0, a0, 10
x10 <- 0xAAAAAAAAAAAAA800
mem[X,0x0000000080034F68] -> 0x0513
mem[X,0x0000000080034F6A] -> 0x2AB5
[8553] [M]: 0x0000000080034F68 (0x2AB50513) addi a0, a0, 683
x10 <- 0xAAAAAAAAAAAAAAAB
mem[X,0x0000000080034F6C] -> 0x0593
mem[X,0x0000000080034F6E] -> 0x0050
[8554] [M]: 0x0000000080034F6C (0x00500593) addi a1, zero, 5
x11 <- 0x0000000000000005
mem[X,0x0000000080034F70] -> 0x0113
mem[X,0x0000000080034F72] -> 0x0000
[8555] [M]: 0x0000000080034F70 (0x00000113) addi sp, zero, 0
x2 <- 0x0000000000000000
mem[X,0x0000000080034F74] -> 0x006F
mem[X,0x0000000080034F76] -> 0x0180
[8556] [M]: 0x0000000080034F74 (0x0180006F) jal zero, 24
mem[X,0x0000000080034F8C] -> 0x56E3
mem[X,0x0000000080034F8E] -> 0xFEB5
[8557] [M]: 0x0000000080034F8C (0xFEB556E3) bge a0, a1, 8172
mem[X,0x0000000080034F90] -> 0x0113
mem[X,0x0000000080034F92] -> 0x0021
[8558] [M]: 0x0000000080034F90 (0x00210113) addi sp, sp, 2
x2 <- 0x0000000000000002
mem[X,0x0000000080034F94] -> 0x006F
mem[X,0x0000000080034F96] -> 0x00C0
[8559] [M]: 0x0000000080034F94 (0x00C0006F) jal zero, 12
mem[X,0x0000000080034FA0] -> 0xB823
mem[X,0x0000000080034FA2] -> 0x7C20
[8560] [M]: 0x0000000080034FA0 (0x7C20B823) sd sp, 2000(ra)
mem[0x000000008004A1A0] <- 0x0000000000000002
mem[X,0x0000000080034FA4] -> 0xB537
mem[X,0x0000000080034FA6] -> 0xAAAA
[8561] [M]: 0x0000000080034FA4 (0xAAAAB537) lui a0, 699051
x10 <- 0xFFFFFFFFAAAAB000
mem[X,0x0000000080034FA8] -> 0x0513
mem[X,0x0000000080034FAA] -> 0xAAA5
[8562] [M]: 0x0000000080034FA8 (0xAAA50513) addi a0, a0, 2730
x10 <- 0xFFFFFFFFAAAAAAAA
mem[X,0x0000000080034FAC] -> 0x1513
mem[X,0x0000000080034FAE] -> 0x00B5
[8563] [M]: 0x0000000080034FAC (0x00B51513) slli a0, a0, 11
x10 <- 0xFFFFFD5555555000
mem[X,0x0000000080034FB0] -> 0x0513
mem[X,0x0000000080034FB2] -> 0x5555
[8564] [M]: 0x0000000080034FB0 (0x55550513) addi a0, a0, 1365
x10 <- 0xFFFFFD5555555555
mem[X,0x0000000080034FB4] -> 0x1513
mem[X,0x0000000080034FB6] -> 0x00B5
[8565] [M]: 0x0000000080034FB4 (0x00B51513) slli a0, a0, 11
x10 <- 0xFFEAAAAAAAAAA800
mem[X,0x0000000080034FB8] -> 0x0513
mem[X,0x0000000080034FBA] -> 0x2AA5
[8566] [M]: 0x0000000080034FB8 (0x2AA50513) addi a0, a0, 682
x10 <- 0xFFEAAAAAAAAAAAAA
mem[X,0x0000000080034FBC] -> 0x1513
mem[X,0x0000000080034FBE] -> 0x00A5
[8567] [M]: 0x0000000080034FBC (0x00A51513) slli a0, a0, 10
x10 <- 0xAAAAAAAAAAAAA800
mem[X,0x0000000080034FC0] -> 0x0513
mem[X,0x0000000080034FC2] -> 0x2AB5
[8568] [M]: 0x0000000080034FC0 (0x2AB50513) addi a0, a0, 683
x10 <- 0xAAAAAAAAAAAAAAAB
mem[X,0x0000000080034FC4] -> 0x35B7
mem[X,0x0000000080034FC6] -> 0x3333
[8569] [M]: 0x0000000080034FC4 (0x333335B7) lui a1, 209715
x11 <- 0x0000000033333000
mem[X,0x0000000080034FC8] -> 0x8593
mem[X,0x0000000080034FCA] -> 0x3335
[8570] [M]: 0x0000000080034FC8 (0x33358593) addi a1, a1, 819
x11 <- 0x0000000033333333
mem[X,0x0000000080034FCC] -> 0x9593
mem[X,0x0000000080034FCE] -> 0x00B5
[8571] [M]: 0x0000000080034FCC (0x00B59593) slli a1, a1, 11
x11 <- 0x0000019999999800
mem[X,0x0000000080034FD0] -> 0x8593
mem[X,0x0000000080034FD2] -> 0x1995
[8572] [M]: 0x0000000080034FD0 (0x19958593) addi a1, a1, 409
x11 <- 0x0000019999999999
mem[X,0x0000000080034FD4] -> 0x9593
mem[X,0x0000000080034FD6] -> 0x00B5
[8573] [M]: 0x0000000080034FD4 (0x00B59593) slli a1, a1, 11
x11 <- 0x000CCCCCCCCCC800
mem[X,0x0000000080034FD8] -> 0x8593
mem[X,0x0000000080034FDA] -> 0x4CC5
[8574] [M]: 0x0000000080034FD8 (0x4CC58593) addi a1, a1, 1228
x11 <- 0x000CCCCCCCCCCCCC
mem[X,0x0000000080034FDC] -> 0x9593
mem[X,0x0000000080034FDE] -> 0x00A5
[8575] [M]: 0x0000000080034FDC (0x00A59593) slli a1, a1, 10
x11 <- 0x3333333333333000
mem[X,0x0000000080034FE0] -> 0x8593
mem[X,0x0000000080034FE2] -> 0x3335
[8576] [M]: 0x0000000080034FE0 (0x33358593) addi a1, a1, 819
x11 <- 0x3333333333333333
mem[X,0x0000000080034FE4] -> 0x0113
mem[X,0x0000000080034FE6] -> 0x0000
[8577] [M]: 0x0000000080034FE4 (0x00000113) addi sp, zero, 0
x2 <- 0x0000000000000000
mem[X,0x0000000080034FE8] -> 0x006F
mem[X,0x0000000080034FEA] -> 0x00C0
[8578] [M]: 0x0000000080034FE8 (0x00C0006F) jal zero, 12
mem[X,0x0000000080034FF4] -> 0x5CE3
mem[X,0x0000000080034FF6] -> 0xFEB5
[8579] [M]: 0x0000000080034FF4 (0xFEB55CE3) bge a0, a1, 8184
mem[X,0x0000000080034FF8] -> 0x0113
mem[X,0x0000000080034FFA] -> 0x0021
[8580] [M]: 0x0000000080034FF8 (0x00210113) addi sp, sp, 2
x2 <- 0x0000000000000002
mem[X,0x0000000080034FFC] -> 0x006F
mem[X,0x0000000080034FFE] -> 0x00C0
[8581] [M]: 0x0000000080034FFC (0x00C0006F) jal zero, 12
mem[X,0x0000000080035008] -> 0xBC23
mem[X,0x000000008003500A] -> 0x7C20
[8582] [M]: 0x0000000080035008 (0x7C20BC23) sd sp, 2008(ra)
mem[0x000000008004A1A8] <- 0x0000000000000002
mem[X,0x000000008003500C] -> 0xB537
mem[X,0x000000008003500E] -> 0xAAAA
[8583] [M]: 0x000000008003500C (0xAAAAB537) lui a0, 699051
x10 <- 0xFFFFFFFFAAAAB000
mem[X,0x0000000080035010] -> 0x0513
mem[X,0x0000000080035012] -> 0xAAA5
[8584] [M]: 0x0000000080035010 (0xAAA50513) addi a0, a0, 2730
x10 <- 0xFFFFFFFFAAAAAAAA
mem[X,0x0000000080035014] -> 0x1513
mem[X,0x0000000080035016] -> 0x00B5
[8585] [M]: 0x0000000080035014 (0x00B51513) slli a0, a0, 11
x10 <- 0xFFFFFD5555555000
mem[X,0x0000000080035018] -> 0x0513
mem[X,0x000000008003501A] -> 0x5555
[8586] [M]: 0x0000000080035018 (0x55550513) addi a0, a0, 1365
x10 <- 0xFFFFFD5555555555
mem[X,0x000000008003501C] -> 0x1513
mem[X,0x000000008003501E] -> 0x00B5
[8587] [M]: 0x000000008003501C (0x00B51513) slli a0, a0, 11
x10 <- 0xFFEAAAAAAAAAA800
mem[X,0x0000000080035020] -> 0x0513
mem[X,0x0000000080035022] -> 0x2AA5
[8588] [M]: 0x0000000080035020 (0x2AA50513) addi a0, a0, 682
x10 <- 0xFFEAAAAAAAAAAAAA
mem[X,0x0000000080035024] -> 0x1513
mem[X,0x0000000080035026] -> 0x00A5
[8589] [M]: 0x0000000080035024 (0x00A51513) slli a0, a0, 10
x10 <- 0xAAAAAAAAAAAAA800
mem[X,0x0000000080035028] -> 0x0513
mem[X,0x000000008003502A] -> 0x2AB5
[8590] [M]: 0x0000000080035028 (0x2AB50513) addi a0, a0, 683
x10 <- 0xAAAAAAAAAAAAAAAB
mem[X,0x000000008003502C] -> 0x65B7
mem[X,0x000000008003502E] -> 0x6666
[8591] [M]: 0x000000008003502C (0x666665B7) lui a1, 419430
x11 <- 0x0000000066666000
mem[X,0x0000000080035030] -> 0x8593
mem[X,0x0000000080035032] -> 0x6665
[8592] [M]: 0x0000000080035030 (0x66658593) addi a1, a1, 1638
x11 <- 0x0000000066666666
mem[X,0x0000000080035034] -> 0x9593
mem[X,0x0000000080035036] -> 0x00B5
[8593] [M]: 0x0000000080035034 (0x00B59593) slli a1, a1, 11
x11 <- 0x0000033333333000
mem[X,0x0000000080035038] -> 0x8593
mem[X,0x000000008003503A] -> 0x3335
[8594] [M]: 0x0000000080035038 (0x33358593) addi a1, a1, 819
x11 <- 0x0000033333333333
mem[X,0x000000008003503C] -> 0x9593
mem[X,0x000000008003503E] -> 0x00B5
[8595] [M]: 0x000000008003503C (0x00B59593) slli a1, a1, 11
x11 <- 0x0019999999999800
mem[X,0x0000000080035040] -> 0x8593
mem[X,0x0000000080035042] -> 0x1995
[8596] [M]: 0x0000000080035040 (0x19958593) addi a1, a1, 409
x11 <- 0x0019999999999999
mem[X,0x0000000080035044] -> 0x9593
mem[X,0x0000000080035046] -> 0x00A5
[8597] [M]: 0x0000000080035044 (0x00A59593) slli a1, a1, 10
x11 <- 0x6666666666666400
mem[X,0x0000000080035048] -> 0x8593
mem[X,0x000000008003504A] -> 0x2665
[8598] [M]: 0x0000000080035048 (0x26658593) addi a1, a1, 614
x11 <- 0x6666666666666666
mem[X,0x000000008003504C] -> 0x0113
mem[X,0x000000008003504E] -> 0x0000
[8599] [M]: 0x000000008003504C (0x00000113) addi sp, zero, 0
x2 <- 0x0000000000000000
clint::tick mtime <- 0x0000000000000056
 clint timer pending at mtime 0x0000000000000056
htif::tick 0x0000000000000000
mem[X,0x0000000080035050] -> 0x006F
mem[X,0x0000000080035052] -> 0x00C0
[8600] [M]: 0x0000000080035050 (0x00C0006F) jal zero, 12
mem[X,0x000000008003505C] -> 0x5063
mem[X,0x000000008003505E] -> 0x02B5
[8601] [M]: 0x000000008003505C (0x02B55063) bge a0, a1, 32
mem[X,0x0000000080035060] -> 0x0113
mem[X,0x0000000080035062] -> 0x0021
[8602] [M]: 0x0000000080035060 (0x00210113) addi sp, sp, 2
x2 <- 0x0000000000000002
mem[X,0x0000000080035064] -> 0x006F
mem[X,0x0000000080035066] -> 0x0200
[8603] [M]: 0x0000000080035064 (0x0200006F) jal zero, 32
mem[X,0x0000000080035084] -> 0xB023
mem[X,0x0000000080035086] -> 0x7E20
[8604] [M]: 0x0000000080035084 (0x7E20B023) sd sp, 2016(ra)
mem[0x000000008004A1B0] <- 0x0000000000000002
mem[X,0x0000000080035088] -> 0xB537
mem[X,0x000000008003508A] -> 0xAAAA
[8605] [M]: 0x0000000080035088 (0xAAAAB537) lui a0, 699051
x10 <- 0xFFFFFFFFAAAAB000
mem[X,0x000000008003508C] -> 0x0513
mem[X,0x000000008003508E] -> 0xAAA5
[8606] [M]: 0x000000008003508C (0xAAA50513) addi a0, a0, 2730
x10 <- 0xFFFFFFFFAAAAAAAA
mem[X,0x0000000080035090] -> 0x1513
mem[X,0x0000000080035092] -> 0x00B5
[8607] [M]: 0x0000000080035090 (0x00B51513) slli a0, a0, 11
x10 <- 0xFFFFFD5555555000
mem[X,0x0000000080035094] -> 0x0513
mem[X,0x0000000080035096] -> 0x5555
[8608] [M]: 0x0000000080035094 (0x55550513) addi a0, a0, 1365
x10 <- 0xFFFFFD5555555555
mem[X,0x0000000080035098] -> 0x1513
mem[X,0x000000008003509A] -> 0x00B5
[8609] [M]: 0x0000000080035098 (0x00B51513) slli a0, a0, 11
x10 <- 0xFFEAAAAAAAAAA800
mem[X,0x000000008003509C] -> 0x0513
mem[X,0x000000008003509E] -> 0x2AA5
[8610] [M]: 0x000000008003509C (0x2AA50513) addi a0, a0, 682
x10 <- 0xFFEAAAAAAAAAAAAA
mem[X,0x00000000800350A0] -> 0x1513
mem[X,0x00000000800350A2] -> 0x00A5
[8611] [M]: 0x00000000800350A0 (0x00A51513) slli a0, a0, 10
x10 <- 0xAAAAAAAAAAAAA800
mem[X,0x00000000800350A4] -> 0x0513
mem[X,0x00000000800350A6] -> 0x2AB5
[8612] [M]: 0x00000000800350A4 (0x2AB50513) addi a0, a0, 683
x10 <- 0xAAAAAAAAAAAAAAAB
mem[X,0x00000000800350A8] -> 0x05B7
mem[X,0x00000000800350AA] -> 0x0000
[8613] [M]: 0x00000000800350A8 (0x000005B7) lui a1, 0
x11 <- 0x0000000000000000
mem[X,0x00000000800350AC] -> 0x8593
mem[X,0x00000000800350AE] -> 0xFFF5
[8614] [M]: 0x00000000800350AC (0xFFF58593) addi a1, a1, 4095
x11 <- 0xFFFFFFFFFFFFFFFF
mem[X,0x00000000800350B0] -> 0x9593
mem[X,0x00000000800350B2] -> 0x00B5
[8615] [M]: 0x00000000800350B0 (0x00B59593) slli a1, a1, 11
x11 <- 0xFFFFFFFFFFFFF800
mem[X,0x00000000800350B4] -> 0x8593
mem[X,0x00000000800350B6] -> 0x2575
[8616] [M]: 0x00000000800350B4 (0x25758593) addi a1, a1, 599
x11 <- 0xFFFFFFFFFFFFFA57
mem[X,0x00000000800350B8] -> 0x9593
mem[X,0x00000000800350BA] -> 0x00B5
[8617] [M]: 0x00000000800350B8 (0x00B59593) slli a1, a1, 11
x11 <- 0xFFFFFFFFFFD2B800
mem[X,0x00000000800350BC] -> 0x8593
mem[X,0x00000000800350BE] -> 0x6C35
[8618] [M]: 0x00000000800350BC (0x6C358593) addi a1, a1, 1731
x11 <- 0xFFFFFFFFFFD2BEC3
mem[X,0x00000000800350C0] -> 0x9593
mem[X,0x00000000800350C2] -> 0x00A5
[8619] [M]: 0x00000000800350C0 (0x00A59593) slli a1, a1, 10
x11 <- 0xFFFFFFFF4AFB0C00
mem[X,0x00000000800350C4] -> 0x8593
mem[X,0x00000000800350C6] -> 0x0CD5
[8620] [M]: 0x00000000800350C4 (0x0CD58593) addi a1, a1, 205
x11 <- 0xFFFFFFFF4AFB0CCD
mem[X,0x00000000800350C8] -> 0x0113
mem[X,0x00000000800350CA] -> 0x0000
[8621] [M]: 0x00000000800350C8 (0x00000113) addi sp, zero, 0
x2 <- 0x0000000000000000
mem[X,0x00000000800350CC] -> 0x006F
mem[X,0x00000000800350CE] -> 0x00C0
[8622] [M]: 0x00000000800350CC (0x00C0006F) jal zero, 12
mem[X,0x00000000800350D8] -> 0x5063
mem[X,0x00000000800350DA] -> 0x04B5
[8623] [M]: 0x00000000800350D8 (0x04B55063) bge a0, a1, 64
mem[X,0x00000000800350DC] -> 0x0113
mem[X,0x00000000800350DE] -> 0x0021
[8624] [M]: 0x00000000800350DC (0x00210113) addi sp, sp, 2
x2 <- 0x0000000000000002
mem[X,0x00000000800350E0] -> 0x006F
mem[X,0x00000000800350E2] -> 0x0400
[8625] [M]: 0x00000000800350E0 (0x0400006F) jal zero, 64
mem[X,0x0000000080035120] -> 0xB423
mem[X,0x0000000080035122] -> 0x7E20
[8626] [M]: 0x0000000080035120 (0x7E20B423) sd sp, 2024(ra)
mem[0x000000008004A1B8] <- 0x0000000000000002
mem[X,0x0000000080035124] -> 0xB537
mem[X,0x0000000080035126] -> 0xAAAA
[8627] [M]: 0x0000000080035124 (0xAAAAB537) lui a0, 699051
x10 <- 0xFFFFFFFFAAAAB000
mem[X,0x0000000080035128] -> 0x0513
mem[X,0x000000008003512A] -> 0xAAA5
[8628] [M]: 0x0000000080035128 (0xAAA50513) addi a0, a0, 2730
x10 <- 0xFFFFFFFFAAAAAAAA
mem[X,0x000000008003512C] -> 0x1513
mem[X,0x000000008003512E] -> 0x00B5
[8629] [M]: 0x000000008003512C (0x00B51513) slli a0, a0, 11
x10 <- 0xFFFFFD5555555000
mem[X,0x0000000080035130] -> 0x0513
mem[X,0x0000000080035132] -> 0x5555
[8630] [M]: 0x0000000080035130 (0x55550513) addi a0, a0, 1365
x10 <- 0xFFFFFD5555555555
mem[X,0x0000000080035134] -> 0x1513
mem[X,0x0000000080035136] -> 0x00B5
[8631] [M]: 0x0000000080035134 (0x00B51513) slli a0, a0, 11
x10 <- 0xFFEAAAAAAAAAA800
mem[X,0x0000000080035138] -> 0x0513
mem[X,0x000000008003513A] -> 0x2AA5
[8632] [M]: 0x0000000080035138 (0x2AA50513) addi a0, a0, 682
x10 <- 0xFFEAAAAAAAAAAAAA
mem[X,0x000000008003513C] -> 0x1513
mem[X,0x000000008003513E] -> 0x00A5
[8633] [M]: 0x000000008003513C (0x00A51513) slli a0, a0, 10
x10 <- 0xAAAAAAAAAAAAA800
mem[X,0x0000000080035140] -> 0x0513
mem[X,0x0000000080035142] -> 0x2AB5
[8634] [M]: 0x0000000080035140 (0x2AB50513) addi a0, a0, 683
x10 <- 0xAAAAAAAAAAAAAAAB
mem[X,0x0000000080035144] -> 0x05B7
mem[X,0x0000000080035146] -> 0x0000
[8635] [M]: 0x0000000080035144 (0x000005B7) lui a1, 0
x11 <- 0x0000000000000000
mem[X,0x0000000080035148] -> 0x8593
mem[X,0x000000008003514A] -> 0x0005
[8636] [M]: 0x0000000080035148 (0x00058593) addi a1, a1, 0
x11 <- 0x0000000000000000
mem[X,0x000000008003514C] -> 0x9593
mem[X,0x000000008003514E] -> 0x00B5
[8637] [M]: 0x000000008003514C (0x00B59593) slli a1, a1, 11
x11 <- 0x0000000000000000
mem[X,0x0000000080035150] -> 0x8593
mem[X,0x0000000080035152] -> 0x5A85
[8638] [M]: 0x0000000080035150 (0x5A858593) addi a1, a1, 1448
x11 <- 0x00000000000005A8
mem[X,0x0000000080035154] -> 0x9593
mem[X,0x0000000080035156] -> 0x00B5
[8639] [M]: 0x0000000080035154 (0x00B59593) slli a1, a1, 11
x11 <- 0x00000000002D4000
mem[X,0x0000000080035158] -> 0x8593
mem[X,0x000000008003515A] -> 0x13C5
[8640] [M]: 0x0000000080035158 (0x13C58593) addi a1, a1, 316
x11 <- 0x00000000002D413C
mem[X,0x000000008003515C] -> 0x9593
mem[X,0x000000008003515E] -> 0x00A5
[8641] [M]: 0x000000008003515C (0x00A59593) slli a1, a1, 10
x11 <- 0x00000000B504F000
mem[X,0x0000000080035160] -> 0x8593
mem[X,0x0000000080035162] -> 0x3335
[8642] [M]: 0x0000000080035160 (0x33358593) addi a1, a1, 819
x11 <- 0x00000000B504F333
mem[X,0x0000000080035164] -> 0x0113
mem[X,0x0000000080035166] -> 0x0000
[8643] [M]: 0x0000000080035164 (0x00000113) addi sp, zero, 0
x2 <- 0x0000000000000000
mem[X,0x0000000080035168] -> 0x006F
mem[X,0x000000008003516A] -> 0x00C0
[8644] [M]: 0x0000000080035168 (0x00C0006F) jal zero, 12
mem[X,0x0000000080035174] -> 0x5063
mem[X,0x0000000080035176] -> 0x04B5
[8645] [M]: 0x0000000080035174 (0x04B55063) bge a0, a1, 64
mem[X,0x0000000080035178] -> 0x0113
mem[X,0x000000008003517A] -> 0x0021
[8646] [M]: 0x0000000080035178 (0x00210113) addi sp, sp, 2
x2 <- 0x0000000000000002
mem[X,0x000000008003517C] -> 0x006F
mem[X,0x000000008003517E] -> 0x0400
[8647] [M]: 0x000000008003517C (0x0400006F) jal zero, 64
mem[X,0x00000000800351BC] -> 0xB823
mem[X,0x00000000800351BE] -> 0x7E20
[8648] [M]: 0x00000000800351BC (0x7E20B823) sd sp, 2032(ra)
mem[0x000000008004A1C0] <- 0x0000000000000002
mem[X,0x00000000800351C0] -> 0xB537
mem[X,0x00000000800351C2] -> 0xAAAA
[8649] [M]: 0x00000000800351C0 (0xAAAAB537) lui a0, 699051
x10 <- 0xFFFFFFFFAAAAB000
mem[X,0x00000000800351C4] -> 0x0513
mem[X,0x00000000800351C6] -> 0xAAA5
[8650] [M]: 0x00000000800351C4 (0xAAA50513) addi a0, a0, 2730
x10 <- 0xFFFFFFFFAAAAAAAA
mem[X,0x00000000800351C8] -> 0x1513
mem[X,0x00000000800351CA] -> 0x00B5
[8651] [M]: 0x00000000800351C8 (0x00B51513) slli a0, a0, 11
x10 <- 0xFFFFFD5555555000
mem[X,0x00000000800351CC] -> 0x0513
mem[X,0x00000000800351CE] -> 0x5555
[8652] [M]: 0x00000000800351CC (0x55550513) addi a0, a0, 1365
x10 <- 0xFFFFFD5555555555
mem[X,0x00000000800351D0] -> 0x1513
mem[X,0x00000000800351D2] -> 0x00B5
[8653] [M]: 0x00000000800351D0 (0x00B51513) slli a0, a0, 11
x10 <- 0xFFEAAAAAAAAAA800
mem[X,0x00000000800351D4] -> 0x0513
mem[X,0x00000000800351D6] -> 0x2AA5
[8654] [M]: 0x00000000800351D4 (0x2AA50513) addi a0, a0, 682
x10 <- 0xFFEAAAAAAAAAAAAA
mem[X,0x00000000800351D8] -> 0x1513
mem[X,0x00000000800351DA] -> 0x00A5
[8655] [M]: 0x00000000800351D8 (0x00A51513) slli a0, a0, 10
x10 <- 0xAAAAAAAAAAAAA800
mem[X,0x00000000800351DC] -> 0x0513
mem[X,0x00000000800351DE] -> 0x2AB5
[8656] [M]: 0x00000000800351DC (0x2AB50513) addi a0, a0, 683
x10 <- 0xAAAAAAAAAAAAAAAB
mem[X,0x00000000800351E0] -> 0x0593
mem[X,0x00000000800351E2] -> 0x0020
[8657] [M]: 0x00000000800351E0 (0x00200593) addi a1, zero, 2
x11 <- 0x0000000000000002
mem[X,0x00000000800351E4] -> 0x0113
mem[X,0x00000000800351E6] -> 0x0000
[8658] [M]: 0x00000000800351E4 (0x00000113) addi sp, zero, 0
x2 <- 0x0000000000000000
mem[X,0x00000000800351E8] -> 0x006F
mem[X,0x00000000800351EA] -> 0x0050
[8659] [M]: 0x00000000800351E8 (0x0050006F) jal zero, 2052
mem[X,0x00000000800359EC] -> 0x50E3
mem[X,0x00000000800359EE] -> 0x80B5
[8660] [M]: 0x00000000800359EC (0x80B550E3) bge a0, a1, 6144
mem[X,0x00000000800359F0] -> 0x0113
mem[X,0x00000000800359F2] -> 0x0021
[8661] [M]: 0x00000000800359F0 (0x00210113) addi sp, sp, 2
x2 <- 0x0000000000000002
mem[X,0x00000000800359F4] -> 0x006F
mem[X,0x00000000800359F6] -> 0x00C0
[8662] [M]: 0x00000000800359F4 (0x00C0006F) jal zero, 12
mem[X,0x0000000080035A00] -> 0xBC23
mem[X,0x0000000080035A02] -> 0x7E20
[8663] [M]: 0x0000000080035A00 (0x7E20BC23) sd sp, 2040(ra)
mem[0x000000008004A1C8] <- 0x0000000000000002
mem[X,0x0000000080035A04] -> 0x0013
mem[X,0x0000000080035A06] -> 0x0000
[8664] [M]: 0x0000000080035A04 (0x00000013) addi zero, zero, 0
mem[X,0x0000000080035A08] -> 0x0013
mem[X,0x0000000080035A0A] -> 0x0000
[8665] [M]: 0x0000000080035A08 (0x00000013) addi zero, zero, 0
mem[X,0x0000000080035A0C] -> 0x0013
mem[X,0x0000000080035A0E] -> 0x0000
[8666] [M]: 0x0000000080035A0C (0x00000013) addi zero, zero, 0
mem[X,0x0000000080035A10] -> 0x0013
mem[X,0x0000000080035A12] -> 0x0000
[8667] [M]: 0x0000000080035A10 (0x00000013) addi zero, zero, 0
mem[X,0x0000000080035A14] -> 0x0013
mem[X,0x0000000080035A16] -> 0x0000
[8668] [M]: 0x0000000080035A14 (0x00000013) addi zero, zero, 0
mem[X,0x0000000080035A18] -> 0x0013
mem[X,0x0000000080035A1A] -> 0x0000
[8669] [M]: 0x0000000080035A18 (0x00000013) addi zero, zero, 0
mem[X,0x0000000080035A1C] -> 0x0013
mem[X,0x0000000080035A1E] -> 0x0000
[8670] [M]: 0x0000000080035A1C (0x00000013) addi zero, zero, 0
mem[X,0x0000000080035A20] -> 0x4097
mem[X,0x0000000080035A22] -> 0x0001
[8671] [M]: 0x0000000080035A20 (0x00014097) auipc ra, 20
x1 <- 0x0000000080049A20
mem[X,0x0000000080035A24] -> 0x8093
mem[X,0x0000000080035A26] -> 0x7B00
[8672] [M]: 0x0000000080035A24 (0x7B008093) addi ra, ra, 1968
x1 <- 0x000000008004A1D0
mem[X,0x0000000080035A28] -> 0x0013
mem[X,0x0000000080035A2A] -> 0x0000
[8673] [M]: 0x0000000080035A28 (0x00000013) addi zero, zero, 0
mem[X,0x0000000080035A2C] -> 0x0013
mem[X,0x0000000080035A2E] -> 0x0000
[8674] [M]: 0x0000000080035A2C (0x00000013) addi zero, zero, 0
mem[X,0x0000000080035A30] -> 0x0013
mem[X,0x0000000080035A32] -> 0x0000
[8675] [M]: 0x0000000080035A30 (0x00000013) addi zero, zero, 0
mem[X,0x0000000080035A34] -> 0x0013
mem[X,0x0000000080035A36] -> 0x0000
[8676] [M]: 0x0000000080035A34 (0x00000013) addi zero, zero, 0
mem[X,0x0000000080035A38] -> 0x0013
mem[X,0x0000000080035A3A] -> 0x0000
[8677] [M]: 0x0000000080035A38 (0x00000013) addi zero, zero, 0
mem[X,0x0000000080035A3C] -> 0x0013
mem[X,0x0000000080035A3E] -> 0x0000
[8678] [M]: 0x0000000080035A3C (0x00000013) addi zero, zero, 0
mem[X,0x0000000080035A40] -> 0xB537
mem[X,0x0000000080035A42] -> 0xAAAA
[8679] [M]: 0x0000000080035A40 (0xAAAAB537) lui a0, 699051
x10 <- 0xFFFFFFFFAAAAB000
mem[X,0x0000000080035A44] -> 0x0513
mem[X,0x0000000080035A46] -> 0xAAA5
[8680] [M]: 0x0000000080035A44 (0xAAA50513) addi a0, a0, 2730
x10 <- 0xFFFFFFFFAAAAAAAA
mem[X,0x0000000080035A48] -> 0x1513
mem[X,0x0000000080035A4A] -> 0x00B5
[8681] [M]: 0x0000000080035A48 (0x00B51513) slli a0, a0, 11
x10 <- 0xFFFFFD5555555000
mem[X,0x0000000080035A4C] -> 0x0513
mem[X,0x0000000080035A4E] -> 0x5555
[8682] [M]: 0x0000000080035A4C (0x55550513) addi a0, a0, 1365
x10 <- 0xFFFFFD5555555555
mem[X,0x0000000080035A50] -> 0x1513
mem[X,0x0000000080035A52] -> 0x00B5
[8683] [M]: 0x0000000080035A50 (0x00B51513) slli a0, a0, 11
x10 <- 0xFFEAAAAAAAAAA800
mem[X,0x0000000080035A54] -> 0x0513
mem[X,0x0000000080035A56] -> 0x2AA5
[8684] [M]: 0x0000000080035A54 (0x2AA50513) addi a0, a0, 682
x10 <- 0xFFEAAAAAAAAAAAAA
mem[X,0x0000000080035A58] -> 0x1513
mem[X,0x0000000080035A5A] -> 0x00A5
[8685] [M]: 0x0000000080035A58 (0x00A51513) slli a0, a0, 10
x10 <- 0xAAAAAAAAAAAAA800
mem[X,0x0000000080035A5C] -> 0x0513
mem[X,0x0000000080035A5E] -> 0x2AB5
[8686] [M]: 0x0000000080035A5C (0x2AB50513) addi a0, a0, 683
x10 <- 0xAAAAAAAAAAAAAAAB
mem[X,0x0000000080035A60] -> 0x55B7
mem[X,0x0000000080035A62] -> 0x5555
[8687] [M]: 0x0000000080035A60 (0x555555B7) lui a1, 349525
x11 <- 0x0000000055555000
mem[X,0x0000000080035A64] -> 0x8593
mem[X,0x0000000080035A66] -> 0x5555
[8688] [M]: 0x0000000080035A64 (0x55558593) addi a1, a1, 1365
x11 <- 0x0000000055555555
mem[X,0x0000000080035A68] -> 0x9593
mem[X,0x0000000080035A6A] -> 0x00B5
[8689] [M]: 0x0000000080035A68 (0x00B59593) slli a1, a1, 11
x11 <- 0x000002AAAAAAA800
mem[X,0x0000000080035A6C] -> 0x8593
mem[X,0x0000000080035A6E] -> 0x2AA5
[8690] [M]: 0x0000000080035A6C (0x2AA58593) addi a1, a1, 682
x11 <- 0x000002AAAAAAAAAA
mem[X,0x0000000080035A70] -> 0x9593
mem[X,0x0000000080035A72] -> 0x00B5
[8691] [M]: 0x0000000080035A70 (0x00B59593) slli a1, a1, 11
x11 <- 0x0015555555555000
mem[X,0x0000000080035A74] -> 0x8593
mem[X,0x0000000080035A76] -> 0x5555
[8692] [M]: 0x0000000080035A74 (0x55558593) addi a1, a1, 1365
x11 <- 0x0015555555555555
mem[X,0x0000000080035A78] -> 0x9593
mem[X,0x0000000080035A7A] -> 0x00A5
[8693] [M]: 0x0000000080035A78 (0x00A59593) slli a1, a1, 10
x11 <- 0x5555555555555400
mem[X,0x0000000080035A7C] -> 0x8593
mem[X,0x0000000080035A7E] -> 0x1545
[8694] [M]: 0x0000000080035A7C (0x15458593) addi a1, a1, 340
x11 <- 0x5555555555555554
mem[X,0x0000000080035A80] -> 0x0113
mem[X,0x0000000080035A82] -> 0x0000
[8695] [M]: 0x0000000080035A80 (0x00000113) addi sp, zero, 0
x2 <- 0x0000000000000000
mem[X,0x0000000080035A84] -> 0x006F
mem[X,0x0000000080035A86] -> 0x00C0
[8696] [M]: 0x0000000080035A84 (0x00C0006F) jal zero, 12
mem[X,0x0000000080035A90] -> 0x5CE3
mem[X,0x0000000080035A92] -> 0xFEB5
[8697] [M]: 0x0000000080035A90 (0xFEB55CE3) bge a0, a1, 8184
mem[X,0x0000000080035A94] -> 0x0113
mem[X,0x0000000080035A96] -> 0x0021
[8698] [M]: 0x0000000080035A94 (0x00210113) addi sp, sp, 2
x2 <- 0x0000000000000002
mem[X,0x0000000080035A98] -> 0x006F
mem[X,0x0000000080035A9A] -> 0x00C0
[8699] [M]: 0x0000000080035A98 (0x00C0006F) jal zero, 12
clint::tick mtime <- 0x0000000000000057
 clint timer pending at mtime 0x0000000000000057
htif::tick 0x0000000000000000
mem[X,0x0000000080035AA4] -> 0xB023
mem[X,0x0000000080035AA6] -> 0x0020
[8700] [M]: 0x0000000080035AA4 (0x0020B023) sd sp, 0(ra)
mem[0x000000008004A1D0] <- 0x0000000000000002
mem[X,0x0000000080035AA8] -> 0xB537
mem[X,0x0000000080035AAA] -> 0xAAAA
[8701] [M]: 0x0000000080035AA8 (0xAAAAB537) lui a0, 699051
x10 <- 0xFFFFFFFFAAAAB000
mem[X,0x0000000080035AAC] -> 0x0513
mem[X,0x0000000080035AAE] -> 0xAAA5
[8702] [M]: 0x0000000080035AAC (0xAAA50513) addi a0, a0, 2730
x10 <- 0xFFFFFFFFAAAAAAAA
mem[X,0x0000000080035AB0] -> 0x1513
mem[X,0x0000000080035AB2] -> 0x00B5
[8703] [M]: 0x0000000080035AB0 (0x00B51513) slli a0, a0, 11
x10 <- 0xFFFFFD5555555000
mem[X,0x0000000080035AB4] -> 0x0513
mem[X,0x0000000080035AB6] -> 0x5555
[8704] [M]: 0x0000000080035AB4 (0x55550513) addi a0, a0, 1365
x10 <- 0xFFFFFD5555555555
mem[X,0x0000000080035AB8] -> 0x1513
mem[X,0x0000000080035ABA] -> 0x00B5
[8705] [M]: 0x0000000080035AB8 (0x00B51513) slli a0, a0, 11
x10 <- 0xFFEAAAAAAAAAA800
mem[X,0x0000000080035ABC] -> 0x0513
mem[X,0x0000000080035ABE] -> 0x2AA5
[8706] [M]: 0x0000000080035ABC (0x2AA50513) addi a0, a0, 682
x10 <- 0xFFEAAAAAAAAAAAAA
mem[X,0x0000000080035AC0] -> 0x1513
mem[X,0x0000000080035AC2] -> 0x00A5
[8707] [M]: 0x0000000080035AC0 (0x00A51513) slli a0, a0, 10
x10 <- 0xAAAAAAAAAAAAA800
mem[X,0x0000000080035AC4] -> 0x0513
mem[X,0x0000000080035AC6] -> 0x2AB5
[8708] [M]: 0x0000000080035AC4 (0x2AB50513) addi a0, a0, 683
x10 <- 0xAAAAAAAAAAAAAAAB
mem[X,0x0000000080035AC8] -> 0x0593
mem[X,0x0000000080035ACA] -> 0x0000
[8709] [M]: 0x0000000080035AC8 (0x00000593) addi a1, zero, 0
x11 <- 0x0000000000000000
mem[X,0x0000000080035ACC] -> 0x0113
mem[X,0x0000000080035ACE] -> 0x0000
[8710] [M]: 0x0000000080035ACC (0x00000113) addi sp, zero, 0
x2 <- 0x0000000000000000
mem[X,0x0000000080035AD0] -> 0x006F
mem[X,0x0000000080035AD2] -> 0x00C0
[8711] [M]: 0x0000000080035AD0 (0x00C0006F) jal zero, 12
mem[X,0x0000000080035ADC] -> 0x5063
mem[X,0x0000000080035ADE] -> 0x08B5
[8712] [M]: 0x0000000080035ADC (0x08B55063) bge a0, a1, 128
mem[X,0x0000000080035AE0] -> 0x0113
mem[X,0x0000000080035AE2] -> 0x0021
[8713] [M]: 0x0000000080035AE0 (0x00210113) addi sp, sp, 2
x2 <- 0x0000000000000002
mem[X,0x0000000080035AE4] -> 0x006F
mem[X,0x0000000080035AE6] -> 0x0800
[8714] [M]: 0x0000000080035AE4 (0x0800006F) jal zero, 128
mem[X,0x0000000080035B64] -> 0xB423
mem[X,0x0000000080035B66] -> 0x0020
[8715] [M]: 0x0000000080035B64 (0x0020B423) sd sp, 8(ra)
mem[0x000000008004A1D8] <- 0x0000000000000002
mem[X,0x0000000080035B68] -> 0xB537
mem[X,0x0000000080035B6A] -> 0xAAAA
[8716] [M]: 0x0000000080035B68 (0xAAAAB537) lui a0, 699051
x10 <- 0xFFFFFFFFAAAAB000
mem[X,0x0000000080035B6C] -> 0x0513
mem[X,0x0000000080035B6E] -> 0xAAA5
[8717] [M]: 0x0000000080035B6C (0xAAA50513) addi a0, a0, 2730
x10 <- 0xFFFFFFFFAAAAAAAA
mem[X,0x0000000080035B70] -> 0x1513
mem[X,0x0000000080035B72] -> 0x00B5
[8718] [M]: 0x0000000080035B70 (0x00B51513) slli a0, a0, 11
x10 <- 0xFFFFFD5555555000
mem[X,0x0000000080035B74] -> 0x0513
mem[X,0x0000000080035B76] -> 0x5555
[8719] [M]: 0x0000000080035B74 (0x55550513) addi a0, a0, 1365
x10 <- 0xFFFFFD5555555555
mem[X,0x0000000080035B78] -> 0x1513
mem[X,0x0000000080035B7A] -> 0x00B5
[8720] [M]: 0x0000000080035B78 (0x00B51513) slli a0, a0, 11
x10 <- 0xFFEAAAAAAAAAA800
mem[X,0x0000000080035B7C] -> 0x0513
mem[X,0x0000000080035B7E] -> 0x2AA5
[8721] [M]: 0x0000000080035B7C (0x2AA50513) addi a0, a0, 682
x10 <- 0xFFEAAAAAAAAAAAAA
mem[X,0x0000000080035B80] -> 0x1513
mem[X,0x0000000080035B82] -> 0x00A5
[8722] [M]: 0x0000000080035B80 (0x00A51513) slli a0, a0, 10
x10 <- 0xAAAAAAAAAAAAA800
mem[X,0x0000000080035B84] -> 0x0513
mem[X,0x0000000080035B86] -> 0x2AB5
[8723] [M]: 0x0000000080035B84 (0x2AB50513) addi a0, a0, 683
x10 <- 0xAAAAAAAAAAAAAAAB
mem[X,0x0000000080035B88] -> 0x0593
mem[X,0x0000000080035B8A] -> 0x0040
[8724] [M]: 0x0000000080035B88 (0x00400593) addi a1, zero, 4
x11 <- 0x0000000000000004
mem[X,0x0000000080035B8C] -> 0x0113
mem[X,0x0000000080035B8E] -> 0x0000
[8725] [M]: 0x0000000080035B8C (0x00000113) addi sp, zero, 0
x2 <- 0x0000000000000000
mem[X,0x0000000080035B90] -> 0x006F
mem[X,0x0000000080035B92] -> 0x00C0
[8726] [M]: 0x0000000080035B90 (0x00C0006F) jal zero, 12
mem[X,0x0000000080035B9C] -> 0x5663
mem[X,0x0000000080035B9E] -> 0x00B5
[8727] [M]: 0x0000000080035B9C (0x00B55663) bge a0, a1, 12
mem[X,0x0000000080035BA0] -> 0x0113
mem[X,0x0000000080035BA2] -> 0x0021
[8728] [M]: 0x0000000080035BA0 (0x00210113) addi sp, sp, 2
x2 <- 0x0000000000000002
mem[X,0x0000000080035BA4] -> 0x006F
mem[X,0x0000000080035BA6] -> 0x00C0
[8729] [M]: 0x0000000080035BA4 (0x00C0006F) jal zero, 12
mem[X,0x0000000080035BB0] -> 0xB823
mem[X,0x0000000080035BB2] -> 0x0020
[8730] [M]: 0x0000000080035BB0 (0x0020B823) sd sp, 16(ra)
mem[0x000000008004A1E0] <- 0x0000000000000002
mem[X,0x0000000080035BB4] -> 0xB537
mem[X,0x0000000080035BB6] -> 0xAAAA
[8731] [M]: 0x0000000080035BB4 (0xAAAAB537) lui a0, 699051
x10 <- 0xFFFFFFFFAAAAB000
mem[X,0x0000000080035BB8] -> 0x0513
mem[X,0x0000000080035BBA] -> 0xAAA5
[8732] [M]: 0x0000000080035BB8 (0xAAA50513) addi a0, a0, 2730
x10 <- 0xFFFFFFFFAAAAAAAA
mem[X,0x0000000080035BBC] -> 0x1513
mem[X,0x0000000080035BBE] -> 0x00B5
[8733] [M]: 0x0000000080035BBC (0x00B51513) slli a0, a0, 11
x10 <- 0xFFFFFD5555555000
mem[X,0x0000000080035BC0] -> 0x0513
mem[X,0x0000000080035BC2] -> 0x5555
[8734] [M]: 0x0000000080035BC0 (0x55550513) addi a0, a0, 1365
x10 <- 0xFFFFFD5555555555
mem[X,0x0000000080035BC4] -> 0x1513
mem[X,0x0000000080035BC6] -> 0x00B5
[8735] [M]: 0x0000000080035BC4 (0x00B51513) slli a0, a0, 11
x10 <- 0xFFEAAAAAAAAAA800
mem[X,0x0000000080035BC8] -> 0x0513
mem[X,0x0000000080035BCA] -> 0x2AA5
[8736] [M]: 0x0000000080035BC8 (0x2AA50513) addi a0, a0, 682
x10 <- 0xFFEAAAAAAAAAAAAA
mem[X,0x0000000080035BCC] -> 0x1513
mem[X,0x0000000080035BCE] -> 0x00A5
[8737] [M]: 0x0000000080035BCC (0x00A51513) slli a0, a0, 10
x10 <- 0xAAAAAAAAAAAAA800
mem[X,0x0000000080035BD0] -> 0x0513
mem[X,0x0000000080035BD2] -> 0x2AB5
[8738] [M]: 0x0000000080035BD0 (0x2AB50513) addi a0, a0, 683
x10 <- 0xAAAAAAAAAAAAAAAB
mem[X,0x0000000080035BD4] -> 0x35B7
mem[X,0x0000000080035BD6] -> 0x3333
[8739] [M]: 0x0000000080035BD4 (0x333335B7) lui a1, 209715
x11 <- 0x0000000033333000
mem[X,0x0000000080035BD8] -> 0x8593
mem[X,0x0000000080035BDA] -> 0x3335
[8740] [M]: 0x0000000080035BD8 (0x33358593) addi a1, a1, 819
x11 <- 0x0000000033333333
mem[X,0x0000000080035BDC] -> 0x9593
mem[X,0x0000000080035BDE] -> 0x00B5
[8741] [M]: 0x0000000080035BDC (0x00B59593) slli a1, a1, 11
x11 <- 0x0000019999999800
mem[X,0x0000000080035BE0] -> 0x8593
mem[X,0x0000000080035BE2] -> 0x1995
[8742] [M]: 0x0000000080035BE0 (0x19958593) addi a1, a1, 409
x11 <- 0x0000019999999999
mem[X,0x0000000080035BE4] -> 0x9593
mem[X,0x0000000080035BE6] -> 0x00B5
[8743] [M]: 0x0000000080035BE4 (0x00B59593) slli a1, a1, 11
x11 <- 0x000CCCCCCCCCC800
mem[X,0x0000000080035BE8] -> 0x8593
mem[X,0x0000000080035BEA] -> 0x4CC5
[8744] [M]: 0x0000000080035BE8 (0x4CC58593) addi a1, a1, 1228
x11 <- 0x000CCCCCCCCCCCCC
mem[X,0x0000000080035BEC] -> 0x9593
mem[X,0x0000000080035BEE] -> 0x00A5
[8745] [M]: 0x0000000080035BEC (0x00A59593) slli a1, a1, 10
x11 <- 0x3333333333333000
mem[X,0x0000000080035BF0] -> 0x8593
mem[X,0x0000000080035BF2] -> 0x3325
[8746] [M]: 0x0000000080035BF0 (0x33258593) addi a1, a1, 818
x11 <- 0x3333333333333332
mem[X,0x0000000080035BF4] -> 0x0113
mem[X,0x0000000080035BF6] -> 0x0000
[8747] [M]: 0x0000000080035BF4 (0x00000113) addi sp, zero, 0
x2 <- 0x0000000000000000
mem[X,0x0000000080035BF8] -> 0x006F
mem[X,0x0000000080035BFA] -> 0x2B10
[8748] [M]: 0x0000000080035BF8 (0x2B10006F) jal zero, 2736
mem[X,0x00000000800366A8] -> 0x5A63
mem[X,0x00000000800366AA] -> 0xD4B5
[8749] [M]: 0x00000000800366A8 (0xD4B55A63) bge a0, a1, 5460
mem[X,0x00000000800366AC] -> 0x0113
mem[X,0x00000000800366AE] -> 0x0021
[8750] [M]: 0x00000000800366AC (0x00210113) addi sp, sp, 2
x2 <- 0x0000000000000002
mem[X,0x00000000800366B0] -> 0x006F
mem[X,0x00000000800366B2] -> 0x00C0
[8751] [M]: 0x00000000800366B0 (0x00C0006F) jal zero, 12
mem[X,0x00000000800366BC] -> 0xBC23
mem[X,0x00000000800366BE] -> 0x0020
[8752] [M]: 0x00000000800366BC (0x0020BC23) sd sp, 24(ra)
mem[0x000000008004A1E8] <- 0x0000000000000002
mem[X,0x00000000800366C0] -> 0xB537
mem[X,0x00000000800366C2] -> 0xAAAA
[8753] [M]: 0x00000000800366C0 (0xAAAAB537) lui a0, 699051
x10 <- 0xFFFFFFFFAAAAB000
mem[X,0x00000000800366C4] -> 0x0513
mem[X,0x00000000800366C6] -> 0xAAA5
[8754] [M]: 0x00000000800366C4 (0xAAA50513) addi a0, a0, 2730
x10 <- 0xFFFFFFFFAAAAAAAA
mem[X,0x00000000800366C8] -> 0x1513
mem[X,0x00000000800366CA] -> 0x00B5
[8755] [M]: 0x00000000800366C8 (0x00B51513) slli a0, a0, 11
x10 <- 0xFFFFFD5555555000
mem[X,0x00000000800366CC] -> 0x0513
mem[X,0x00000000800366CE] -> 0x5555
[8756] [M]: 0x00000000800366CC (0x55550513) addi a0, a0, 1365
x10 <- 0xFFFFFD5555555555
mem[X,0x00000000800366D0] -> 0x1513
mem[X,0x00000000800366D2] -> 0x00B5
[8757] [M]: 0x00000000800366D0 (0x00B51513) slli a0, a0, 11
x10 <- 0xFFEAAAAAAAAAA800
mem[X,0x00000000800366D4] -> 0x0513
mem[X,0x00000000800366D6] -> 0x2AA5
[8758] [M]: 0x00000000800366D4 (0x2AA50513) addi a0, a0, 682
x10 <- 0xFFEAAAAAAAAAAAAA
mem[X,0x00000000800366D8] -> 0x1513
mem[X,0x00000000800366DA] -> 0x00A5
[8759] [M]: 0x00000000800366D8 (0x00A51513) slli a0, a0, 10
x10 <- 0xAAAAAAAAAAAAA800
mem[X,0x00000000800366DC] -> 0x0513
mem[X,0x00000000800366DE] -> 0x2AB5
[8760] [M]: 0x00000000800366DC (0x2AB50513) addi a0, a0, 683
x10 <- 0xAAAAAAAAAAAAAAAB
mem[X,0x00000000800366E0] -> 0x65B7
mem[X,0x00000000800366E2] -> 0x6666
[8761] [M]: 0x00000000800366E0 (0x666665B7) lui a1, 419430
x11 <- 0x0000000066666000
mem[X,0x00000000800366E4] -> 0x8593
mem[X,0x00000000800366E6] -> 0x6665
[8762] [M]: 0x00000000800366E4 (0x66658593) addi a1, a1, 1638
x11 <- 0x0000000066666666
mem[X,0x00000000800366E8] -> 0x9593
mem[X,0x00000000800366EA] -> 0x00B5
[8763] [M]: 0x00000000800366E8 (0x00B59593) slli a1, a1, 11
x11 <- 0x0000033333333000
mem[X,0x00000000800366EC] -> 0x8593
mem[X,0x00000000800366EE] -> 0x3335
[8764] [M]: 0x00000000800366EC (0x33358593) addi a1, a1, 819
x11 <- 0x0000033333333333
mem[X,0x00000000800366F0] -> 0x9593
mem[X,0x00000000800366F2] -> 0x00B5
[8765] [M]: 0x00000000800366F0 (0x00B59593) slli a1, a1, 11
x11 <- 0x0019999999999800
mem[X,0x00000000800366F4] -> 0x8593
mem[X,0x00000000800366F6] -> 0x1995
[8766] [M]: 0x00000000800366F4 (0x19958593) addi a1, a1, 409
x11 <- 0x0019999999999999
mem[X,0x00000000800366F8] -> 0x9593
mem[X,0x00000000800366FA] -> 0x00A5
[8767] [M]: 0x00000000800366F8 (0x00A59593) slli a1, a1, 10
x11 <- 0x6666666666666400
mem[X,0x00000000800366FC] -> 0x8593
mem[X,0x00000000800366FE] -> 0x2655
[8768] [M]: 0x00000000800366FC (0x26558593) addi a1, a1, 613
x11 <- 0x6666666666666665
mem[X,0x0000000080036700] -> 0x0113
mem[X,0x0000000080036702] -> 0x0000
[8769] [M]: 0x0000000080036700 (0x00000113) addi sp, zero, 0
x2 <- 0x0000000000000000
mem[X,0x0000000080036704] -> 0x006F
mem[X,0x0000000080036706] -> 0x00C0
[8770] [M]: 0x0000000080036704 (0x00C0006F) jal zero, 12
mem[X,0x0000000080036710] -> 0x5CE3
mem[X,0x0000000080036712] -> 0xFEB5
[8771] [M]: 0x0000000080036710 (0xFEB55CE3) bge a0, a1, 8184
mem[X,0x0000000080036714] -> 0x0113
mem[X,0x0000000080036716] -> 0x0021
[8772] [M]: 0x0000000080036714 (0x00210113) addi sp, sp, 2
x2 <- 0x0000000000000002
mem[X,0x0000000080036718] -> 0x006F
mem[X,0x000000008003671A] -> 0x00C0
[8773] [M]: 0x0000000080036718 (0x00C0006F) jal zero, 12
mem[X,0x0000000080036724] -> 0xB023
mem[X,0x0000000080036726] -> 0x0220
[8774] [M]: 0x0000000080036724 (0x0220B023) sd sp, 32(ra)
mem[0x000000008004A1F0] <- 0x0000000000000002
mem[X,0x0000000080036728] -> 0xB537
mem[X,0x000000008003672A] -> 0xAAAA
[8775] [M]: 0x0000000080036728 (0xAAAAB537) lui a0, 699051
x10 <- 0xFFFFFFFFAAAAB000
mem[X,0x000000008003672C] -> 0x0513
mem[X,0x000000008003672E] -> 0xAAA5
[8776] [M]: 0x000000008003672C (0xAAA50513) addi a0, a0, 2730
x10 <- 0xFFFFFFFFAAAAAAAA
mem[X,0x0000000080036730] -> 0x1513
mem[X,0x0000000080036732] -> 0x00B5
[8777] [M]: 0x0000000080036730 (0x00B51513) slli a0, a0, 11
x10 <- 0xFFFFFD5555555000
mem[X,0x0000000080036734] -> 0x0513
mem[X,0x0000000080036736] -> 0x5555
[8778] [M]: 0x0000000080036734 (0x55550513) addi a0, a0, 1365
x10 <- 0xFFFFFD5555555555
mem[X,0x0000000080036738] -> 0x1513
mem[X,0x000000008003673A] -> 0x00B5
[8779] [M]: 0x0000000080036738 (0x00B51513) slli a0, a0, 11
x10 <- 0xFFEAAAAAAAAAA800
mem[X,0x000000008003673C] -> 0x0513
mem[X,0x000000008003673E] -> 0x2AA5
[8780] [M]: 0x000000008003673C (0x2AA50513) addi a0, a0, 682
x10 <- 0xFFEAAAAAAAAAAAAA
mem[X,0x0000000080036740] -> 0x1513
mem[X,0x0000000080036742] -> 0x00A5
[8781] [M]: 0x0000000080036740 (0x00A51513) slli a0, a0, 10
x10 <- 0xAAAAAAAAAAAAA800
mem[X,0x0000000080036744] -> 0x0513
mem[X,0x0000000080036746] -> 0x2AB5
[8782] [M]: 0x0000000080036744 (0x2AB50513) addi a0, a0, 683
x10 <- 0xAAAAAAAAAAAAAAAB
mem[X,0x0000000080036748] -> 0x05B7
mem[X,0x000000008003674A] -> 0x0000
[8783] [M]: 0x0000000080036748 (0x000005B7) lui a1, 0
x11 <- 0x0000000000000000
mem[X,0x000000008003674C] -> 0x8593
mem[X,0x000000008003674E] -> 0x0005
[8784] [M]: 0x000000008003674C (0x00058593) addi a1, a1, 0
x11 <- 0x0000000000000000
mem[X,0x0000000080036750] -> 0x9593
mem[X,0x0000000080036752] -> 0x00B5
[8785] [M]: 0x0000000080036750 (0x00B59593) slli a1, a1, 11
x11 <- 0x0000000000000000
mem[X,0x0000000080036754] -> 0x8593
mem[X,0x0000000080036756] -> 0x5A85
[8786] [M]: 0x0000000080036754 (0x5A858593) addi a1, a1, 1448
x11 <- 0x00000000000005A8
mem[X,0x0000000080036758] -> 0x9593
mem[X,0x000000008003675A] -> 0x00B5
[8787] [M]: 0x0000000080036758 (0x00B59593) slli a1, a1, 11
x11 <- 0x00000000002D4000
mem[X,0x000000008003675C] -> 0x8593
mem[X,0x000000008003675E] -> 0x13C5
[8788] [M]: 0x000000008003675C (0x13C58593) addi a1, a1, 316
x11 <- 0x00000000002D413C
mem[X,0x0000000080036760] -> 0x9593
mem[X,0x0000000080036762] -> 0x00A5
[8789] [M]: 0x0000000080036760 (0x00A59593) slli a1, a1, 10
x11 <- 0x00000000B504F000
mem[X,0x0000000080036764] -> 0x8593
mem[X,0x0000000080036766] -> 0x3325
[8790] [M]: 0x0000000080036764 (0x33258593) addi a1, a1, 818
x11 <- 0x00000000B504F332
mem[X,0x0000000080036768] -> 0x0113
mem[X,0x000000008003676A] -> 0x0000
[8791] [M]: 0x0000000080036768 (0x00000113) addi sp, zero, 0
x2 <- 0x0000000000000000
mem[X,0x000000008003676C] -> 0x006F
mem[X,0x000000008003676E] -> 0x00C0
[8792] [M]: 0x000000008003676C (0x00C0006F) jal zero, 12
mem[X,0x0000000080036778] -> 0x5863
mem[X,0x000000008003677A] -> 0x00B5
[8793] [M]: 0x0000000080036778 (0x00B55863) bge a0, a1, 16
mem[X,0x000000008003677C] -> 0x0113
mem[X,0x000000008003677E] -> 0x0021
[8794] [M]: 0x000000008003677C (0x00210113) addi sp, sp, 2
x2 <- 0x0000000000000002
mem[X,0x0000000080036780] -> 0x006F
mem[X,0x0000000080036782] -> 0x0100
[8795] [M]: 0x0000000080036780 (0x0100006F) jal zero, 16
mem[X,0x0000000080036790] -> 0xB423
mem[X,0x0000000080036792] -> 0x0220
[8796] [M]: 0x0000000080036790 (0x0220B423) sd sp, 40(ra)
mem[0x000000008004A1F8] <- 0x0000000000000002
mem[X,0x0000000080036794] -> 0xB537
mem[X,0x0000000080036796] -> 0xAAAA
[8797] [M]: 0x0000000080036794 (0xAAAAB537) lui a0, 699051
x10 <- 0xFFFFFFFFAAAAB000
mem[X,0x0000000080036798] -> 0x0513
mem[X,0x000000008003679A] -> 0xAAA5
[8798] [M]: 0x0000000080036798 (0xAAA50513) addi a0, a0, 2730
x10 <- 0xFFFFFFFFAAAAAAAA
mem[X,0x000000008003679C] -> 0x1513
mem[X,0x000000008003679E] -> 0x00B5
[8799] [M]: 0x000000008003679C (0x00B51513) slli a0, a0, 11
x10 <- 0xFFFFFD5555555000
clint::tick mtime <- 0x0000000000000058
 clint timer pending at mtime 0x0000000000000058
htif::tick 0x0000000000000000
mem[X,0x00000000800367A0] -> 0x0513
mem[X,0x00000000800367A2] -> 0x5555
[8800] [M]: 0x00000000800367A0 (0x55550513) addi a0, a0, 1365
x10 <- 0xFFFFFD5555555555
mem[X,0x00000000800367A4] -> 0x1513
mem[X,0x00000000800367A6] -> 0x00B5
[8801] [M]: 0x00000000800367A4 (0x00B51513) slli a0, a0, 11
x10 <- 0xFFEAAAAAAAAAA800
mem[X,0x00000000800367A8] -> 0x0513
mem[X,0x00000000800367AA] -> 0x2AA5
[8802] [M]: 0x00000000800367A8 (0x2AA50513) addi a0, a0, 682
x10 <- 0xFFEAAAAAAAAAAAAA
mem[X,0x00000000800367AC] -> 0x1513
mem[X,0x00000000800367AE] -> 0x00A5
[8803] [M]: 0x00000000800367AC (0x00A51513) slli a0, a0, 10
x10 <- 0xAAAAAAAAAAAAA800
mem[X,0x00000000800367B0] -> 0x0513
mem[X,0x00000000800367B2] -> 0x2AB5
[8804] [M]: 0x00000000800367B0 (0x2AB50513) addi a0, a0, 683
x10 <- 0xAAAAAAAAAAAAAAAB
mem[X,0x00000000800367B4] -> 0x55B7
mem[X,0x00000000800367B6] -> 0x5555
[8805] [M]: 0x00000000800367B4 (0x555555B7) lui a1, 349525
x11 <- 0x0000000055555000
mem[X,0x00000000800367B8] -> 0x8593
mem[X,0x00000000800367BA] -> 0x5555
[8806] [M]: 0x00000000800367B8 (0x55558593) addi a1, a1, 1365
x11 <- 0x0000000055555555
mem[X,0x00000000800367BC] -> 0x9593
mem[X,0x00000000800367BE] -> 0x00B5
[8807] [M]: 0x00000000800367BC (0x00B59593) slli a1, a1, 11
x11 <- 0x000002AAAAAAA800
mem[X,0x00000000800367C0] -> 0x8593
mem[X,0x00000000800367C2] -> 0x2AA5
[8808] [M]: 0x00000000800367C0 (0x2AA58593) addi a1, a1, 682
x11 <- 0x000002AAAAAAAAAA
mem[X,0x00000000800367C4] -> 0x9593
mem[X,0x00000000800367C6] -> 0x00B5
[8809] [M]: 0x00000000800367C4 (0x00B59593) slli a1, a1, 11
x11 <- 0x0015555555555000
mem[X,0x00000000800367C8] -> 0x8593
mem[X,0x00000000800367CA] -> 0x5555
[8810] [M]: 0x00000000800367C8 (0x55558593) addi a1, a1, 1365
x11 <- 0x0015555555555555
mem[X,0x00000000800367CC] -> 0x9593
mem[X,0x00000000800367CE] -> 0x00A5
[8811] [M]: 0x00000000800367CC (0x00A59593) slli a1, a1, 10
x11 <- 0x5555555555555400
mem[X,0x00000000800367D0] -> 0x8593
mem[X,0x00000000800367D2] -> 0x1565
[8812] [M]: 0x00000000800367D0 (0x15658593) addi a1, a1, 342
x11 <- 0x5555555555555556
mem[X,0x00000000800367D4] -> 0x0113
mem[X,0x00000000800367D6] -> 0x0000
[8813] [M]: 0x00000000800367D4 (0x00000113) addi sp, zero, 0
x2 <- 0x0000000000000000
mem[X,0x00000000800367D8] -> 0x006F
mem[X,0x00000000800367DA] -> 0x0100
[8814] [M]: 0x00000000800367D8 (0x0100006F) jal zero, 16
mem[X,0x00000000800367E8] -> 0x5AE3
mem[X,0x00000000800367EA] -> 0xFEB5
[8815] [M]: 0x00000000800367E8 (0xFEB55AE3) bge a0, a1, 8180
mem[X,0x00000000800367EC] -> 0x0113
mem[X,0x00000000800367EE] -> 0x0021
[8816] [M]: 0x00000000800367EC (0x00210113) addi sp, sp, 2
x2 <- 0x0000000000000002
mem[X,0x00000000800367F0] -> 0x006F
mem[X,0x00000000800367F2] -> 0x00C0
[8817] [M]: 0x00000000800367F0 (0x00C0006F) jal zero, 12
mem[X,0x00000000800367FC] -> 0xB823
mem[X,0x00000000800367FE] -> 0x0220
[8818] [M]: 0x00000000800367FC (0x0220B823) sd sp, 48(ra)
mem[0x000000008004A200] <- 0x0000000000000002
mem[X,0x0000000080036800] -> 0xB537
mem[X,0x0000000080036802] -> 0xAAAA
[8819] [M]: 0x0000000080036800 (0xAAAAB537) lui a0, 699051
x10 <- 0xFFFFFFFFAAAAB000
mem[X,0x0000000080036804] -> 0x0513
mem[X,0x0000000080036806] -> 0xAAA5
[8820] [M]: 0x0000000080036804 (0xAAA50513) addi a0, a0, 2730
x10 <- 0xFFFFFFFFAAAAAAAA
mem[X,0x0000000080036808] -> 0x1513
mem[X,0x000000008003680A] -> 0x00B5
[8821] [M]: 0x0000000080036808 (0x00B51513) slli a0, a0, 11
x10 <- 0xFFFFFD5555555000
mem[X,0x000000008003680C] -> 0x0513
mem[X,0x000000008003680E] -> 0x5555
[8822] [M]: 0x000000008003680C (0x55550513) addi a0, a0, 1365
x10 <- 0xFFFFFD5555555555
mem[X,0x0000000080036810] -> 0x1513
mem[X,0x0000000080036812] -> 0x00B5
[8823] [M]: 0x0000000080036810 (0x00B51513) slli a0, a0, 11
x10 <- 0xFFEAAAAAAAAAA800
mem[X,0x0000000080036814] -> 0x0513
mem[X,0x0000000080036816] -> 0x2AA5
[8824] [M]: 0x0000000080036814 (0x2AA50513) addi a0, a0, 682
x10 <- 0xFFEAAAAAAAAAAAAA
mem[X,0x0000000080036818] -> 0x1513
mem[X,0x000000008003681A] -> 0x00A5
[8825] [M]: 0x0000000080036818 (0x00A51513) slli a0, a0, 10
x10 <- 0xAAAAAAAAAAAAA800
mem[X,0x000000008003681C] -> 0x0513
mem[X,0x000000008003681E] -> 0x2AB5
[8826] [M]: 0x000000008003681C (0x2AB50513) addi a0, a0, 683
x10 <- 0xAAAAAAAAAAAAAAAB
mem[X,0x0000000080036820] -> 0xB5B7
mem[X,0x0000000080036822] -> 0xAAAA
[8827] [M]: 0x0000000080036820 (0xAAAAB5B7) lui a1, 699051
x11 <- 0xFFFFFFFFAAAAB000
mem[X,0x0000000080036824] -> 0x8593
mem[X,0x0000000080036826] -> 0xAAA5
[8828] [M]: 0x0000000080036824 (0xAAA58593) addi a1, a1, 2730
x11 <- 0xFFFFFFFFAAAAAAAA
mem[X,0x0000000080036828] -> 0x9593
mem[X,0x000000008003682A] -> 0x00B5
[8829] [M]: 0x0000000080036828 (0x00B59593) slli a1, a1, 11
x11 <- 0xFFFFFD5555555000
mem[X,0x000000008003682C] -> 0x8593
mem[X,0x000000008003682E] -> 0x5555
[8830] [M]: 0x000000008003682C (0x55558593) addi a1, a1, 1365
x11 <- 0xFFFFFD5555555555
mem[X,0x0000000080036830] -> 0x9593
mem[X,0x0000000080036832] -> 0x00B5
[8831] [M]: 0x0000000080036830 (0x00B59593) slli a1, a1, 11
x11 <- 0xFFEAAAAAAAAAA800
mem[X,0x0000000080036834] -> 0x8593
mem[X,0x0000000080036836] -> 0x2AA5
[8832] [M]: 0x0000000080036834 (0x2AA58593) addi a1, a1, 682
x11 <- 0xFFEAAAAAAAAAAAAA
mem[X,0x0000000080036838] -> 0x9593
mem[X,0x000000008003683A] -> 0x00A5
[8833] [M]: 0x0000000080036838 (0x00A59593) slli a1, a1, 10
x11 <- 0xAAAAAAAAAAAAA800
mem[X,0x000000008003683C] -> 0x8593
mem[X,0x000000008003683E] -> 0x2AB5
[8834] [M]: 0x000000008003683C (0x2AB58593) addi a1, a1, 683
x11 <- 0xAAAAAAAAAAAAAAAB
mem[X,0x0000000080036840] -> 0x0113
mem[X,0x0000000080036842] -> 0x0000
[8835] [M]: 0x0000000080036840 (0x00000113) addi sp, zero, 0
x2 <- 0x0000000000000000
mem[X,0x0000000080036844] -> 0x006F
mem[X,0x0000000080036846] -> 0x0180
[8836] [M]: 0x0000000080036844 (0x0180006F) jal zero, 24
mem[X,0x000000008003685C] -> 0x56E3
mem[X,0x000000008003685E] -> 0xFEB5
[8837] [M]: 0x000000008003685C (0xFEB556E3) bge a0, a1, 8172
mem[X,0x0000000080036848] -> 0x0113
mem[X,0x000000008003684A] -> 0x0011
[8838] [M]: 0x0000000080036848 (0x00110113) addi sp, sp, 1
x2 <- 0x0000000000000001
mem[X,0x000000008003684C] -> 0x006F
mem[X,0x000000008003684E] -> 0x0240
[8839] [M]: 0x000000008003684C (0x0240006F) jal zero, 36
mem[X,0x0000000080036870] -> 0xBC23
mem[X,0x0000000080036872] -> 0x0220
[8840] [M]: 0x0000000080036870 (0x0220BC23) sd sp, 56(ra)
mem[0x000000008004A208] <- 0x0000000000000001
mem[X,0x0000000080036874] -> 0xB537
mem[X,0x0000000080036876] -> 0xAAAA
[8841] [M]: 0x0000000080036874 (0xAAAAB537) lui a0, 699051
x10 <- 0xFFFFFFFFAAAAB000
mem[X,0x0000000080036878] -> 0x0513
mem[X,0x000000008003687A] -> 0xAAA5
[8842] [M]: 0x0000000080036878 (0xAAA50513) addi a0, a0, 2730
x10 <- 0xFFFFFFFFAAAAAAAA
mem[X,0x000000008003687C] -> 0x1513
mem[X,0x000000008003687E] -> 0x00B5
[8843] [M]: 0x000000008003687C (0x00B51513) slli a0, a0, 11
x10 <- 0xFFFFFD5555555000
mem[X,0x0000000080036880] -> 0x0513
mem[X,0x0000000080036882] -> 0x5555
[8844] [M]: 0x0000000080036880 (0x55550513) addi a0, a0, 1365
x10 <- 0xFFFFFD5555555555
mem[X,0x0000000080036884] -> 0x1513
mem[X,0x0000000080036886] -> 0x00B5
[8845] [M]: 0x0000000080036884 (0x00B51513) slli a0, a0, 11
x10 <- 0xFFEAAAAAAAAAA800
mem[X,0x0000000080036888] -> 0x0513
mem[X,0x000000008003688A] -> 0x2AA5
[8846] [M]: 0x0000000080036888 (0x2AA50513) addi a0, a0, 682
x10 <- 0xFFEAAAAAAAAAAAAA
mem[X,0x000000008003688C] -> 0x1513
mem[X,0x000000008003688E] -> 0x00A5
[8847] [M]: 0x000000008003688C (0x00A51513) slli a0, a0, 10
x10 <- 0xAAAAAAAAAAAAA800
mem[X,0x0000000080036890] -> 0x0513
mem[X,0x0000000080036892] -> 0x2AB5
[8848] [M]: 0x0000000080036890 (0x2AB50513) addi a0, a0, 683
x10 <- 0xAAAAAAAAAAAAAAAB
mem[X,0x0000000080036894] -> 0x0593
mem[X,0x0000000080036896] -> 0x0060
[8849] [M]: 0x0000000080036894 (0x00600593) addi a1, zero, 6
x11 <- 0x0000000000000006
mem[X,0x0000000080036898] -> 0x0113
mem[X,0x000000008003689A] -> 0x0000
[8850] [M]: 0x0000000080036898 (0x00000113) addi sp, zero, 0
x2 <- 0x0000000000000000
mem[X,0x000000008003689C] -> 0x006F
mem[X,0x000000008003689E] -> 0x00C0
[8851] [M]: 0x000000008003689C (0x00C0006F) jal zero, 12
mem[X,0x00000000800368A8] -> 0x5663
mem[X,0x00000000800368AA] -> 0x00B5
[8852] [M]: 0x00000000800368A8 (0x00B55663) bge a0, a1, 12
mem[X,0x00000000800368AC] -> 0x0113
mem[X,0x00000000800368AE] -> 0x0021
[8853] [M]: 0x00000000800368AC (0x00210113) addi sp, sp, 2
x2 <- 0x0000000000000002
mem[X,0x00000000800368B0] -> 0x006F
mem[X,0x00000000800368B2] -> 0x00C0
[8854] [M]: 0x00000000800368B0 (0x00C0006F) jal zero, 12
mem[X,0x00000000800368BC] -> 0xB023
mem[X,0x00000000800368BE] -> 0x0420
[8855] [M]: 0x00000000800368BC (0x0420B023) sd sp, 64(ra)
mem[0x000000008004A210] <- 0x0000000000000002
mem[X,0x00000000800368C0] -> 0xB537
mem[X,0x00000000800368C2] -> 0xAAAA
[8856] [M]: 0x00000000800368C0 (0xAAAAB537) lui a0, 699051
x10 <- 0xFFFFFFFFAAAAB000
mem[X,0x00000000800368C4] -> 0x0513
mem[X,0x00000000800368C6] -> 0xAAA5
[8857] [M]: 0x00000000800368C4 (0xAAA50513) addi a0, a0, 2730
x10 <- 0xFFFFFFFFAAAAAAAA
mem[X,0x00000000800368C8] -> 0x1513
mem[X,0x00000000800368CA] -> 0x00B5
[8858] [M]: 0x00000000800368C8 (0x00B51513) slli a0, a0, 11
x10 <- 0xFFFFFD5555555000
mem[X,0x00000000800368CC] -> 0x0513
mem[X,0x00000000800368CE] -> 0x5555
[8859] [M]: 0x00000000800368CC (0x55550513) addi a0, a0, 1365
x10 <- 0xFFFFFD5555555555
mem[X,0x00000000800368D0] -> 0x1513
mem[X,0x00000000800368D2] -> 0x00B5
[8860] [M]: 0x00000000800368D0 (0x00B51513) slli a0, a0, 11
x10 <- 0xFFEAAAAAAAAAA800
mem[X,0x00000000800368D4] -> 0x0513
mem[X,0x00000000800368D6] -> 0x2AA5
[8861] [M]: 0x00000000800368D4 (0x2AA50513) addi a0, a0, 682
x10 <- 0xFFEAAAAAAAAAAAAA
mem[X,0x00000000800368D8] -> 0x1513
mem[X,0x00000000800368DA] -> 0x00A5
[8862] [M]: 0x00000000800368D8 (0x00A51513) slli a0, a0, 10
x10 <- 0xAAAAAAAAAAAAA800
mem[X,0x00000000800368DC] -> 0x0513
mem[X,0x00000000800368DE] -> 0x2AB5
[8863] [M]: 0x00000000800368DC (0x2AB50513) addi a0, a0, 683
x10 <- 0xAAAAAAAAAAAAAAAB
mem[X,0x00000000800368E0] -> 0x35B7
mem[X,0x00000000800368E2] -> 0x3333
[8864] [M]: 0x00000000800368E0 (0x333335B7) lui a1, 209715
x11 <- 0x0000000033333000
mem[X,0x00000000800368E4] -> 0x8593
mem[X,0x00000000800368E6] -> 0x3335
[8865] [M]: 0x00000000800368E4 (0x33358593) addi a1, a1, 819
x11 <- 0x0000000033333333
mem[X,0x00000000800368E8] -> 0x9593
mem[X,0x00000000800368EA] -> 0x00B5
[8866] [M]: 0x00000000800368E8 (0x00B59593) slli a1, a1, 11
x11 <- 0x0000019999999800
mem[X,0x00000000800368EC] -> 0x8593
mem[X,0x00000000800368EE] -> 0x1995
[8867] [M]: 0x00000000800368EC (0x19958593) addi a1, a1, 409
x11 <- 0x0000019999999999
mem[X,0x00000000800368F0] -> 0x9593
mem[X,0x00000000800368F2] -> 0x00B5
[8868] [M]: 0x00000000800368F0 (0x00B59593) slli a1, a1, 11
x11 <- 0x000CCCCCCCCCC800
mem[X,0x00000000800368F4] -> 0x8593
mem[X,0x00000000800368F6] -> 0x4CC5
[8869] [M]: 0x00000000800368F4 (0x4CC58593) addi a1, a1, 1228
x11 <- 0x000CCCCCCCCCCCCC
mem[X,0x00000000800368F8] -> 0x9593
mem[X,0x00000000800368FA] -> 0x00A5
[8870] [M]: 0x00000000800368F8 (0x00A59593) slli a1, a1, 10
x11 <- 0x3333333333333000
mem[X,0x00000000800368FC] -> 0x8593
mem[X,0x00000000800368FE] -> 0x3345
[8871] [M]: 0x00000000800368FC (0x33458593) addi a1, a1, 820
x11 <- 0x3333333333333334
mem[X,0x0000000080036900] -> 0x0113
mem[X,0x0000000080036902] -> 0x0000
[8872] [M]: 0x0000000080036900 (0x00000113) addi sp, zero, 0
x2 <- 0x0000000000000000
mem[X,0x0000000080036904] -> 0x006F
mem[X,0x0000000080036906] -> 0x0050
[8873] [M]: 0x0000000080036904 (0x0050006F) jal zero, 2052
mem[X,0x0000000080037108] -> 0x50E3
mem[X,0x000000008003710A] -> 0x80B5
[8874] [M]: 0x0000000080037108 (0x80B550E3) bge a0, a1, 6144
mem[X,0x000000008003710C] -> 0x0113
mem[X,0x000000008003710E] -> 0x0021
[8875] [M]: 0x000000008003710C (0x00210113) addi sp, sp, 2
x2 <- 0x0000000000000002
mem[X,0x0000000080037110] -> 0x006F
mem[X,0x0000000080037112] -> 0x00C0
[8876] [M]: 0x0000000080037110 (0x00C0006F) jal zero, 12
mem[X,0x000000008003711C] -> 0xB423
mem[X,0x000000008003711E] -> 0x0420
[8877] [M]: 0x000000008003711C (0x0420B423) sd sp, 72(ra)
mem[0x000000008004A218] <- 0x0000000000000002
mem[X,0x0000000080037120] -> 0xB537
mem[X,0x0000000080037122] -> 0xAAAA
[8878] [M]: 0x0000000080037120 (0xAAAAB537) lui a0, 699051
x10 <- 0xFFFFFFFFAAAAB000
mem[X,0x0000000080037124] -> 0x0513
mem[X,0x0000000080037126] -> 0xAAA5
[8879] [M]: 0x0000000080037124 (0xAAA50513) addi a0, a0, 2730
x10 <- 0xFFFFFFFFAAAAAAAA
mem[X,0x0000000080037128] -> 0x1513
mem[X,0x000000008003712A] -> 0x00B5
[8880] [M]: 0x0000000080037128 (0x00B51513) slli a0, a0, 11
x10 <- 0xFFFFFD5555555000
mem[X,0x000000008003712C] -> 0x0513
mem[X,0x000000008003712E] -> 0x5555
[8881] [M]: 0x000000008003712C (0x55550513) addi a0, a0, 1365
x10 <- 0xFFFFFD5555555555
mem[X,0x0000000080037130] -> 0x1513
mem[X,0x0000000080037132] -> 0x00B5
[8882] [M]: 0x0000000080037130 (0x00B51513) slli a0, a0, 11
x10 <- 0xFFEAAAAAAAAAA800
mem[X,0x0000000080037134] -> 0x0513
mem[X,0x0000000080037136] -> 0x2AA5
[8883] [M]: 0x0000000080037134 (0x2AA50513) addi a0, a0, 682
x10 <- 0xFFEAAAAAAAAAAAAA
mem[X,0x0000000080037138] -> 0x1513
mem[X,0x000000008003713A] -> 0x00A5
[8884] [M]: 0x0000000080037138 (0x00A51513) slli a0, a0, 10
x10 <- 0xAAAAAAAAAAAAA800
mem[X,0x000000008003713C] -> 0x0513
mem[X,0x000000008003713E] -> 0x2AB5
[8885] [M]: 0x000000008003713C (0x2AB50513) addi a0, a0, 683
x10 <- 0xAAAAAAAAAAAAAAAB
mem[X,0x0000000080037140] -> 0x65B7
mem[X,0x0000000080037142] -> 0x6666
[8886] [M]: 0x0000000080037140 (0x666665B7) lui a1, 419430
x11 <- 0x0000000066666000
mem[X,0x0000000080037144] -> 0x8593
mem[X,0x0000000080037146] -> 0x6665
[8887] [M]: 0x0000000080037144 (0x66658593) addi a1, a1, 1638
x11 <- 0x0000000066666666
mem[X,0x0000000080037148] -> 0x9593
mem[X,0x000000008003714A] -> 0x00B5
[8888] [M]: 0x0000000080037148 (0x00B59593) slli a1, a1, 11
x11 <- 0x0000033333333000
mem[X,0x000000008003714C] -> 0x8593
mem[X,0x000000008003714E] -> 0x3335
[8889] [M]: 0x000000008003714C (0x33358593) addi a1, a1, 819
x11 <- 0x0000033333333333
mem[X,0x0000000080037150] -> 0x9593
mem[X,0x0000000080037152] -> 0x00B5
[8890] [M]: 0x0000000080037150 (0x00B59593) slli a1, a1, 11
x11 <- 0x0019999999999800
mem[X,0x0000000080037154] -> 0x8593
mem[X,0x0000000080037156] -> 0x1995
[8891] [M]: 0x0000000080037154 (0x19958593) addi a1, a1, 409
x11 <- 0x0019999999999999
mem[X,0x0000000080037158] -> 0x9593
mem[X,0x000000008003715A] -> 0x00A5
[8892] [M]: 0x0000000080037158 (0x00A59593) slli a1, a1, 10
x11 <- 0x6666666666666400
mem[X,0x000000008003715C] -> 0x8593
mem[X,0x000000008003715E] -> 0x2675
[8893] [M]: 0x000000008003715C (0x26758593) addi a1, a1, 615
x11 <- 0x6666666666666667
mem[X,0x0000000080037160] -> 0x0113
mem[X,0x0000000080037162] -> 0x0000
[8894] [M]: 0x0000000080037160 (0x00000113) addi sp, zero, 0
x2 <- 0x0000000000000000
mem[X,0x0000000080037164] -> 0x006F
mem[X,0x0000000080037166] -> 0x00C0
[8895] [M]: 0x0000000080037164 (0x00C0006F) jal zero, 12
mem[X,0x0000000080037170] -> 0x5663
mem[X,0x0000000080037172] -> 0x00B5
[8896] [M]: 0x0000000080037170 (0x00B55663) bge a0, a1, 12
mem[X,0x0000000080037174] -> 0x0113
mem[X,0x0000000080037176] -> 0x0021
[8897] [M]: 0x0000000080037174 (0x00210113) addi sp, sp, 2
x2 <- 0x0000000000000002
mem[X,0x0000000080037178] -> 0x006F
mem[X,0x000000008003717A] -> 0x00C0
[8898] [M]: 0x0000000080037178 (0x00C0006F) jal zero, 12
mem[X,0x0000000080037184] -> 0xB823
mem[X,0x0000000080037186] -> 0x0420
[8899] [M]: 0x0000000080037184 (0x0420B823) sd sp, 80(ra)
mem[0x000000008004A220] <- 0x0000000000000002
clint::tick mtime <- 0x0000000000000059
 clint timer pending at mtime 0x0000000000000059
htif::tick 0x0000000000000000
mem[X,0x0000000080037188] -> 0xB537
mem[X,0x000000008003718A] -> 0xAAAA
[8900] [M]: 0x0000000080037188 (0xAAAAB537) lui a0, 699051
x10 <- 0xFFFFFFFFAAAAB000
mem[X,0x000000008003718C] -> 0x0513
mem[X,0x000000008003718E] -> 0xAAA5
[8901] [M]: 0x000000008003718C (0xAAA50513) addi a0, a0, 2730
x10 <- 0xFFFFFFFFAAAAAAAA
mem[X,0x0000000080037190] -> 0x1513
mem[X,0x0000000080037192] -> 0x00B5
[8902] [M]: 0x0000000080037190 (0x00B51513) slli a0, a0, 11
x10 <- 0xFFFFFD5555555000
mem[X,0x0000000080037194] -> 0x0513
mem[X,0x0000000080037196] -> 0x5555
[8903] [M]: 0x0000000080037194 (0x55550513) addi a0, a0, 1365
x10 <- 0xFFFFFD5555555555
mem[X,0x0000000080037198] -> 0x1513
mem[X,0x000000008003719A] -> 0x00B5
[8904] [M]: 0x0000000080037198 (0x00B51513) slli a0, a0, 11
x10 <- 0xFFEAAAAAAAAAA800
mem[X,0x000000008003719C] -> 0x0513
mem[X,0x000000008003719E] -> 0x2AA5
[8905] [M]: 0x000000008003719C (0x2AA50513) addi a0, a0, 682
x10 <- 0xFFEAAAAAAAAAAAAA
mem[X,0x00000000800371A0] -> 0x1513
mem[X,0x00000000800371A2] -> 0x00A5
[8906] [M]: 0x00000000800371A0 (0x00A51513) slli a0, a0, 10
x10 <- 0xAAAAAAAAAAAAA800
mem[X,0x00000000800371A4] -> 0x0513
mem[X,0x00000000800371A6] -> 0x2AB5
[8907] [M]: 0x00000000800371A4 (0x2AB50513) addi a0, a0, 683
x10 <- 0xAAAAAAAAAAAAAAAB
mem[X,0x00000000800371A8] -> 0x05B7
mem[X,0x00000000800371AA] -> 0x0000
[8908] [M]: 0x00000000800371A8 (0x000005B7) lui a1, 0
x11 <- 0x0000000000000000
mem[X,0x00000000800371AC] -> 0x8593
mem[X,0x00000000800371AE] -> 0xFFF5
[8909] [M]: 0x00000000800371AC (0xFFF58593) addi a1, a1, 4095
x11 <- 0xFFFFFFFFFFFFFFFF
mem[X,0x00000000800371B0] -> 0x9593
mem[X,0x00000000800371B2] -> 0x00B5
[8910] [M]: 0x00000000800371B0 (0x00B59593) slli a1, a1, 11
x11 <- 0xFFFFFFFFFFFFF800
mem[X,0x00000000800371B4] -> 0x8593
mem[X,0x00000000800371B6] -> 0x2575
[8911] [M]: 0x00000000800371B4 (0x25758593) addi a1, a1, 599
x11 <- 0xFFFFFFFFFFFFFA57
mem[X,0x00000000800371B8] -> 0x9593
mem[X,0x00000000800371BA] -> 0x00B5
[8912] [M]: 0x00000000800371B8 (0x00B59593) slli a1, a1, 11
x11 <- 0xFFFFFFFFFFD2B800
mem[X,0x00000000800371BC] -> 0x8593
mem[X,0x00000000800371BE] -> 0x6C35
[8913] [M]: 0x00000000800371BC (0x6C358593) addi a1, a1, 1731
x11 <- 0xFFFFFFFFFFD2BEC3
mem[X,0x00000000800371C0] -> 0x9593
mem[X,0x00000000800371C2] -> 0x00A5
[8914] [M]: 0x00000000800371C0 (0x00A59593) slli a1, a1, 10
x11 <- 0xFFFFFFFF4AFB0C00
mem[X,0x00000000800371C4] -> 0x8593
mem[X,0x00000000800371C6] -> 0x0CE5
[8915] [M]: 0x00000000800371C4 (0x0CE58593) addi a1, a1, 206
x11 <- 0xFFFFFFFF4AFB0CCE
mem[X,0x00000000800371C8] -> 0x0113
mem[X,0x00000000800371CA] -> 0x0000
[8916] [M]: 0x00000000800371C8 (0x00000113) addi sp, zero, 0
x2 <- 0x0000000000000000
mem[X,0x00000000800371CC] -> 0x006F
mem[X,0x00000000800371CE] -> 0x00C0
[8917] [M]: 0x00000000800371CC (0x00C0006F) jal zero, 12
mem[X,0x00000000800371D8] -> 0x5863
mem[X,0x00000000800371DA] -> 0x00B5
[8918] [M]: 0x00000000800371D8 (0x00B55863) bge a0, a1, 16
mem[X,0x00000000800371DC] -> 0x0113
mem[X,0x00000000800371DE] -> 0x0021
[8919] [M]: 0x00000000800371DC (0x00210113) addi sp, sp, 2
x2 <- 0x0000000000000002
mem[X,0x00000000800371E0] -> 0x006F
mem[X,0x00000000800371E2] -> 0x0100
[8920] [M]: 0x00000000800371E0 (0x0100006F) jal zero, 16
mem[X,0x00000000800371F0] -> 0xBC23
mem[X,0x00000000800371F2] -> 0x0420
[8921] [M]: 0x00000000800371F0 (0x0420BC23) sd sp, 88(ra)
mem[0x000000008004A228] <- 0x0000000000000002
mem[X,0x00000000800371F4] -> 0xB537
mem[X,0x00000000800371F6] -> 0xAAAA
[8922] [M]: 0x00000000800371F4 (0xAAAAB537) lui a0, 699051
x10 <- 0xFFFFFFFFAAAAB000
mem[X,0x00000000800371F8] -> 0x0513
mem[X,0x00000000800371FA] -> 0xAAA5
[8923] [M]: 0x00000000800371F8 (0xAAA50513) addi a0, a0, 2730
x10 <- 0xFFFFFFFFAAAAAAAA
mem[X,0x00000000800371FC] -> 0x1513
mem[X,0x00000000800371FE] -> 0x00B5
[8924] [M]: 0x00000000800371FC (0x00B51513) slli a0, a0, 11
x10 <- 0xFFFFFD5555555000
mem[X,0x0000000080037200] -> 0x0513
mem[X,0x0000000080037202] -> 0x5555
[8925] [M]: 0x0000000080037200 (0x55550513) addi a0, a0, 1365
x10 <- 0xFFFFFD5555555555
mem[X,0x0000000080037204] -> 0x1513
mem[X,0x0000000080037206] -> 0x00B5
[8926] [M]: 0x0000000080037204 (0x00B51513) slli a0, a0, 11
x10 <- 0xFFEAAAAAAAAAA800
mem[X,0x0000000080037208] -> 0x0513
mem[X,0x000000008003720A] -> 0x2AA5
[8927] [M]: 0x0000000080037208 (0x2AA50513) addi a0, a0, 682
x10 <- 0xFFEAAAAAAAAAAAAA
mem[X,0x000000008003720C] -> 0x1513
mem[X,0x000000008003720E] -> 0x00A5
[8928] [M]: 0x000000008003720C (0x00A51513) slli a0, a0, 10
x10 <- 0xAAAAAAAAAAAAA800
mem[X,0x0000000080037210] -> 0x0513
mem[X,0x0000000080037212] -> 0x2AB5
[8929] [M]: 0x0000000080037210 (0x2AB50513) addi a0, a0, 683
x10 <- 0xAAAAAAAAAAAAAAAB
mem[X,0x0000000080037214] -> 0x05B7
mem[X,0x0000000080037216] -> 0x0000
[8930] [M]: 0x0000000080037214 (0x000005B7) lui a1, 0
x11 <- 0x0000000000000000
mem[X,0x0000000080037218] -> 0x8593
mem[X,0x000000008003721A] -> 0x0005
[8931] [M]: 0x0000000080037218 (0x00058593) addi a1, a1, 0
x11 <- 0x0000000000000000
mem[X,0x000000008003721C] -> 0x9593
mem[X,0x000000008003721E] -> 0x00B5
[8932] [M]: 0x000000008003721C (0x00B59593) slli a1, a1, 11
x11 <- 0x0000000000000000
mem[X,0x0000000080037220] -> 0x8593
mem[X,0x0000000080037222] -> 0x5A85
[8933] [M]: 0x0000000080037220 (0x5A858593) addi a1, a1, 1448
x11 <- 0x00000000000005A8
mem[X,0x0000000080037224] -> 0x9593
mem[X,0x0000000080037226] -> 0x00B5
[8934] [M]: 0x0000000080037224 (0x00B59593) slli a1, a1, 11
x11 <- 0x00000000002D4000
mem[X,0x0000000080037228] -> 0x8593
mem[X,0x000000008003722A] -> 0x13C5
[8935] [M]: 0x0000000080037228 (0x13C58593) addi a1, a1, 316
x11 <- 0x00000000002D413C
mem[X,0x000000008003722C] -> 0x9593
mem[X,0x000000008003722E] -> 0x00A5
[8936] [M]: 0x000000008003722C (0x00A59593) slli a1, a1, 10
x11 <- 0x00000000B504F000
mem[X,0x0000000080037230] -> 0x8593
mem[X,0x0000000080037232] -> 0x3345
[8937] [M]: 0x0000000080037230 (0x33458593) addi a1, a1, 820
x11 <- 0x00000000B504F334
mem[X,0x0000000080037234] -> 0x0113
mem[X,0x0000000080037236] -> 0x0000
[8938] [M]: 0x0000000080037234 (0x00000113) addi sp, zero, 0
x2 <- 0x0000000000000000
mem[X,0x0000000080037238] -> 0x006F
mem[X,0x000000008003723A] -> 0x00C0
[8939] [M]: 0x0000000080037238 (0x00C0006F) jal zero, 12
mem[X,0x0000000080037244] -> 0x5663
mem[X,0x0000000080037246] -> 0x00B5
[8940] [M]: 0x0000000080037244 (0x00B55663) bge a0, a1, 12
mem[X,0x0000000080037248] -> 0x0113
mem[X,0x000000008003724A] -> 0x0021
[8941] [M]: 0x0000000080037248 (0x00210113) addi sp, sp, 2
x2 <- 0x0000000000000002
mem[X,0x000000008003724C] -> 0x006F
mem[X,0x000000008003724E] -> 0x00C0
[8942] [M]: 0x000000008003724C (0x00C0006F) jal zero, 12
mem[X,0x0000000080037258] -> 0xB023
mem[X,0x000000008003725A] -> 0x0620
[8943] [M]: 0x0000000080037258 (0x0620B023) sd sp, 96(ra)
mem[0x000000008004A230] <- 0x0000000000000002
mem[X,0x000000008003725C] -> 0x0513
mem[X,0x000000008003725E] -> 0x0060
[8944] [M]: 0x000000008003725C (0x00600513) addi a0, zero, 6
x10 <- 0x0000000000000006
mem[X,0x0000000080037260] -> 0x0593
mem[X,0x0000000080037262] -> 0x0030
[8945] [M]: 0x0000000080037260 (0x00300593) addi a1, zero, 3
x11 <- 0x0000000000000003
mem[X,0x0000000080037264] -> 0x0113
mem[X,0x0000000080037266] -> 0x0000
[8946] [M]: 0x0000000080037264 (0x00000113) addi sp, zero, 0
x2 <- 0x0000000000000000
mem[X,0x0000000080037268] -> 0x006F
mem[X,0x000000008003726A] -> 0x00C0
[8947] [M]: 0x0000000080037268 (0x00C0006F) jal zero, 12
mem[X,0x0000000080037274] -> 0x5CE3
mem[X,0x0000000080037276] -> 0xFEB5
[8948] [M]: 0x0000000080037274 (0xFEB55CE3) bge a0, a1, 8184
mem[X,0x000000008003726C] -> 0x0113
mem[X,0x000000008003726E] -> 0x0011
[8949] [M]: 0x000000008003726C (0x00110113) addi sp, sp, 1
x2 <- 0x0000000000000001
mem[X,0x0000000080037270] -> 0x006F
mem[X,0x0000000080037272] -> 0x0180
[8950] [M]: 0x0000000080037270 (0x0180006F) jal zero, 24
mem[X,0x0000000080037288] -> 0xB423
mem[X,0x000000008003728A] -> 0x0620
[8951] [M]: 0x0000000080037288 (0x0620B423) sd sp, 104(ra)
mem[0x000000008004A238] <- 0x0000000000000001
mem[X,0x000000008003728C] -> 0x0513
mem[X,0x000000008003728E] -> 0x0060
[8952] [M]: 0x000000008003728C (0x00600513) addi a0, zero, 6
x10 <- 0x0000000000000006
mem[X,0x0000000080037290] -> 0x55B7
mem[X,0x0000000080037292] -> 0x5555
[8953] [M]: 0x0000000080037290 (0x555555B7) lui a1, 349525
x11 <- 0x0000000055555000
mem[X,0x0000000080037294] -> 0x8593
mem[X,0x0000000080037296] -> 0x5555
[8954] [M]: 0x0000000080037294 (0x55558593) addi a1, a1, 1365
x11 <- 0x0000000055555555
mem[X,0x0000000080037298] -> 0x9593
mem[X,0x000000008003729A] -> 0x00B5
[8955] [M]: 0x0000000080037298 (0x00B59593) slli a1, a1, 11
x11 <- 0x000002AAAAAAA800
mem[X,0x000000008003729C] -> 0x8593
mem[X,0x000000008003729E] -> 0x2AA5
[8956] [M]: 0x000000008003729C (0x2AA58593) addi a1, a1, 682
x11 <- 0x000002AAAAAAAAAA
mem[X,0x00000000800372A0] -> 0x9593
mem[X,0x00000000800372A2] -> 0x00B5
[8957] [M]: 0x00000000800372A0 (0x00B59593) slli a1, a1, 11
x11 <- 0x0015555555555000
mem[X,0x00000000800372A4] -> 0x8593
mem[X,0x00000000800372A6] -> 0x5555
[8958] [M]: 0x00000000800372A4 (0x55558593) addi a1, a1, 1365
x11 <- 0x0015555555555555
mem[X,0x00000000800372A8] -> 0x9593
mem[X,0x00000000800372AA] -> 0x00A5
[8959] [M]: 0x00000000800372A8 (0x00A59593) slli a1, a1, 10
x11 <- 0x5555555555555400
mem[X,0x00000000800372AC] -> 0x8593
mem[X,0x00000000800372AE] -> 0x1555
[8960] [M]: 0x00000000800372AC (0x15558593) addi a1, a1, 341
x11 <- 0x5555555555555555
mem[X,0x00000000800372B0] -> 0x0113
mem[X,0x00000000800372B2] -> 0x0000
[8961] [M]: 0x00000000800372B0 (0x00000113) addi sp, zero, 0
x2 <- 0x0000000000000000
mem[X,0x00000000800372B4] -> 0x006F
mem[X,0x00000000800372B6] -> 0x00C0
[8962] [M]: 0x00000000800372B4 (0x00C0006F) jal zero, 12
mem[X,0x00000000800372C0] -> 0x5663
mem[X,0x00000000800372C2] -> 0x00B5
[8963] [M]: 0x00000000800372C0 (0x00B55663) bge a0, a1, 12
mem[X,0x00000000800372C4] -> 0x0113
mem[X,0x00000000800372C6] -> 0x0021
[8964] [M]: 0x00000000800372C4 (0x00210113) addi sp, sp, 2
x2 <- 0x0000000000000002
mem[X,0x00000000800372C8] -> 0x006F
mem[X,0x00000000800372CA] -> 0x00C0
[8965] [M]: 0x00000000800372C8 (0x00C0006F) jal zero, 12
mem[X,0x00000000800372D4] -> 0xB823
mem[X,0x00000000800372D6] -> 0x0620
[8966] [M]: 0x00000000800372D4 (0x0620B823) sd sp, 112(ra)
mem[0x000000008004A240] <- 0x0000000000000002
mem[X,0x00000000800372D8] -> 0x0513
mem[X,0x00000000800372DA] -> 0x0060
[8967] [M]: 0x00000000800372D8 (0x00600513) addi a0, zero, 6
x10 <- 0x0000000000000006
mem[X,0x00000000800372DC] -> 0xB5B7
mem[X,0x00000000800372DE] -> 0xAAAA
[8968] [M]: 0x00000000800372DC (0xAAAAB5B7) lui a1, 699051
x11 <- 0xFFFFFFFFAAAAB000
mem[X,0x00000000800372E0] -> 0x8593
mem[X,0x00000000800372E2] -> 0xAAA5
[8969] [M]: 0x00000000800372E0 (0xAAA58593) addi a1, a1, 2730
x11 <- 0xFFFFFFFFAAAAAAAA
mem[X,0x00000000800372E4] -> 0x9593
mem[X,0x00000000800372E6] -> 0x00B5
[8970] [M]: 0x00000000800372E4 (0x00B59593) slli a1, a1, 11
x11 <- 0xFFFFFD5555555000
mem[X,0x00000000800372E8] -> 0x8593
mem[X,0x00000000800372EA] -> 0x5555
[8971] [M]: 0x00000000800372E8 (0x55558593) addi a1, a1, 1365
x11 <- 0xFFFFFD5555555555
mem[X,0x00000000800372EC] -> 0x9593
mem[X,0x00000000800372EE] -> 0x00B5
[8972] [M]: 0x00000000800372EC (0x00B59593) slli a1, a1, 11
x11 <- 0xFFEAAAAAAAAAA800
mem[X,0x00000000800372F0] -> 0x8593
mem[X,0x00000000800372F2] -> 0x2AA5
[8973] [M]: 0x00000000800372F0 (0x2AA58593) addi a1, a1, 682
x11 <- 0xFFEAAAAAAAAAAAAA
mem[X,0x00000000800372F4] -> 0x9593
mem[X,0x00000000800372F6] -> 0x00A5
[8974] [M]: 0x00000000800372F4 (0x00A59593) slli a1, a1, 10
x11 <- 0xAAAAAAAAAAAAA800
mem[X,0x00000000800372F8] -> 0x8593
mem[X,0x00000000800372FA] -> 0x2AA5
[8975] [M]: 0x00000000800372F8 (0x2AA58593) addi a1, a1, 682
x11 <- 0xAAAAAAAAAAAAAAAA
mem[X,0x00000000800372FC] -> 0x0113
mem[X,0x00000000800372FE] -> 0x0000
[8976] [M]: 0x00000000800372FC (0x00000113) addi sp, zero, 0
x2 <- 0x0000000000000000
mem[X,0x0000000080037300] -> 0x006F
mem[X,0x0000000080037302] -> 0x2B10
[8977] [M]: 0x0000000080037300 (0x2B10006F) jal zero, 2736
mem[X,0x0000000080037DB0] -> 0x5A63
mem[X,0x0000000080037DB2] -> 0xD4B5
[8978] [M]: 0x0000000080037DB0 (0xD4B55A63) bge a0, a1, 5460
mem[X,0x0000000080037304] -> 0x0113
mem[X,0x0000000080037306] -> 0x0011
[8979] [M]: 0x0000000080037304 (0x00110113) addi sp, sp, 1
x2 <- 0x0000000000000001
mem[X,0x0000000080037308] -> 0x006F
mem[X,0x000000008003730A] -> 0x2BD0
[8980] [M]: 0x0000000080037308 (0x2BD0006F) jal zero, 2748
mem[X,0x0000000080037DC4] -> 0xBC23
mem[X,0x0000000080037DC6] -> 0x0620
[8981] [M]: 0x0000000080037DC4 (0x0620BC23) sd sp, 120(ra)
mem[0x000000008004A248] <- 0x0000000000000001
mem[X,0x0000000080037DC8] -> 0x0513
mem[X,0x0000000080037DCA] -> 0x0060
[8982] [M]: 0x0000000080037DC8 (0x00600513) addi a0, zero, 6
x10 <- 0x0000000000000006
mem[X,0x0000000080037DCC] -> 0x0593
mem[X,0x0000000080037DCE] -> 0x0050
[8983] [M]: 0x0000000080037DCC (0x00500593) addi a1, zero, 5
x11 <- 0x0000000000000005
mem[X,0x0000000080037DD0] -> 0x0113
mem[X,0x0000000080037DD2] -> 0x0000
[8984] [M]: 0x0000000080037DD0 (0x00000113) addi sp, zero, 0
x2 <- 0x0000000000000000
mem[X,0x0000000080037DD4] -> 0x006F
mem[X,0x0000000080037DD6] -> 0x00C0
[8985] [M]: 0x0000000080037DD4 (0x00C0006F) jal zero, 12
mem[X,0x0000000080037DE0] -> 0x5CE3
mem[X,0x0000000080037DE2] -> 0xFEB5
[8986] [M]: 0x0000000080037DE0 (0xFEB55CE3) bge a0, a1, 8184
mem[X,0x0000000080037DD8] -> 0x0113
mem[X,0x0000000080037DDA] -> 0x0011
[8987] [M]: 0x0000000080037DD8 (0x00110113) addi sp, sp, 1
x2 <- 0x0000000000000001
mem[X,0x0000000080037DDC] -> 0x006F
mem[X,0x0000000080037DDE] -> 0x0180
[8988] [M]: 0x0000000080037DDC (0x0180006F) jal zero, 24
mem[X,0x0000000080037DF4] -> 0xB023
mem[X,0x0000000080037DF6] -> 0x0820
[8989] [M]: 0x0000000080037DF4 (0x0820B023) sd sp, 128(ra)
mem[0x000000008004A250] <- 0x0000000000000001
mem[X,0x0000000080037DF8] -> 0x0513
mem[X,0x0000000080037DFA] -> 0x0060
[8990] [M]: 0x0000000080037DF8 (0x00600513) addi a0, zero, 6
x10 <- 0x0000000000000006
mem[X,0x0000000080037DFC] -> 0x35B7
mem[X,0x0000000080037DFE] -> 0x3333
[8991] [M]: 0x0000000080037DFC (0x333335B7) lui a1, 209715
x11 <- 0x0000000033333000
mem[X,0x0000000080037E00] -> 0x8593
mem[X,0x0000000080037E02] -> 0x3335
[8992] [M]: 0x0000000080037E00 (0x33358593) addi a1, a1, 819
x11 <- 0x0000000033333333
mem[X,0x0000000080037E04] -> 0x9593
mem[X,0x0000000080037E06] -> 0x00B5
[8993] [M]: 0x0000000080037E04 (0x00B59593) slli a1, a1, 11
x11 <- 0x0000019999999800
mem[X,0x0000000080037E08] -> 0x8593
mem[X,0x0000000080037E0A] -> 0x1995
[8994] [M]: 0x0000000080037E08 (0x19958593) addi a1, a1, 409
x11 <- 0x0000019999999999
mem[X,0x0000000080037E0C] -> 0x9593
mem[X,0x0000000080037E0E] -> 0x00B5
[8995] [M]: 0x0000000080037E0C (0x00B59593) slli a1, a1, 11
x11 <- 0x000CCCCCCCCCC800
mem[X,0x0000000080037E10] -> 0x8593
mem[X,0x0000000080037E12] -> 0x4CC5
[8996] [M]: 0x0000000080037E10 (0x4CC58593) addi a1, a1, 1228
x11 <- 0x000CCCCCCCCCCCCC
mem[X,0x0000000080037E14] -> 0x9593
mem[X,0x0000000080037E16] -> 0x00A5
[8997] [M]: 0x0000000080037E14 (0x00A59593) slli a1, a1, 10
x11 <- 0x3333333333333000
mem[X,0x0000000080037E18] -> 0x8593
mem[X,0x0000000080037E1A] -> 0x3335
[8998] [M]: 0x0000000080037E18 (0x33358593) addi a1, a1, 819
x11 <- 0x3333333333333333
mem[X,0x0000000080037E1C] -> 0x0113
mem[X,0x0000000080037E1E] -> 0x0000
[8999] [M]: 0x0000000080037E1C (0x00000113) addi sp, zero, 0
x2 <- 0x0000000000000000
clint::tick mtime <- 0x000000000000005A
 clint timer pending at mtime 0x000000000000005A
htif::tick 0x0000000000000000
mem[X,0x0000000080037E20] -> 0x006F
mem[X,0x0000000080037E22] -> 0x00C0
[9000] [M]: 0x0000000080037E20 (0x00C0006F) jal zero, 12
mem[X,0x0000000080037E2C] -> 0x5663
mem[X,0x0000000080037E2E] -> 0x00B5
[9001] [M]: 0x0000000080037E2C (0x00B55663) bge a0, a1, 12
mem[X,0x0000000080037E30] -> 0x0113
mem[X,0x0000000080037E32] -> 0x0021
[9002] [M]: 0x0000000080037E30 (0x00210113) addi sp, sp, 2
x2 <- 0x0000000000000002
mem[X,0x0000000080037E34] -> 0x006F
mem[X,0x0000000080037E36] -> 0x00C0
[9003] [M]: 0x0000000080037E34 (0x00C0006F) jal zero, 12
mem[X,0x0000000080037E40] -> 0xB423
mem[X,0x0000000080037E42] -> 0x0820
[9004] [M]: 0x0000000080037E40 (0x0820B423) sd sp, 136(ra)
mem[0x000000008004A258] <- 0x0000000000000002
mem[X,0x0000000080037E44] -> 0x0513
mem[X,0x0000000080037E46] -> 0x0060
[9005] [M]: 0x0000000080037E44 (0x00600513) addi a0, zero, 6
x10 <- 0x0000000000000006
mem[X,0x0000000080037E48] -> 0x65B7
mem[X,0x0000000080037E4A] -> 0x6666
[9006] [M]: 0x0000000080037E48 (0x666665B7) lui a1, 419430
x11 <- 0x0000000066666000
mem[X,0x0000000080037E4C] -> 0x8593
mem[X,0x0000000080037E4E] -> 0x6665
[9007] [M]: 0x0000000080037E4C (0x66658593) addi a1, a1, 1638
x11 <- 0x0000000066666666
mem[X,0x0000000080037E50] -> 0x9593
mem[X,0x0000000080037E52] -> 0x00B5
[9008] [M]: 0x0000000080037E50 (0x00B59593) slli a1, a1, 11
x11 <- 0x0000033333333000
mem[X,0x0000000080037E54] -> 0x8593
mem[X,0x0000000080037E56] -> 0x3335
[9009] [M]: 0x0000000080037E54 (0x33358593) addi a1, a1, 819
x11 <- 0x0000033333333333
mem[X,0x0000000080037E58] -> 0x9593
mem[X,0x0000000080037E5A] -> 0x00B5
[9010] [M]: 0x0000000080037E58 (0x00B59593) slli a1, a1, 11
x11 <- 0x0019999999999800
mem[X,0x0000000080037E5C] -> 0x8593
mem[X,0x0000000080037E5E] -> 0x1995
[9011] [M]: 0x0000000080037E5C (0x19958593) addi a1, a1, 409
x11 <- 0x0019999999999999
mem[X,0x0000000080037E60] -> 0x9593
mem[X,0x0000000080037E62] -> 0x00A5
[9012] [M]: 0x0000000080037E60 (0x00A59593) slli a1, a1, 10
x11 <- 0x6666666666666400
mem[X,0x0000000080037E64] -> 0x8593
mem[X,0x0000000080037E66] -> 0x2665
[9013] [M]: 0x0000000080037E64 (0x26658593) addi a1, a1, 614
x11 <- 0x6666666666666666
mem[X,0x0000000080037E68] -> 0x0113
mem[X,0x0000000080037E6A] -> 0x0000
[9014] [M]: 0x0000000080037E68 (0x00000113) addi sp, zero, 0
x2 <- 0x0000000000000000
mem[X,0x0000000080037E6C] -> 0x006F
mem[X,0x0000000080037E6E] -> 0x00C0
[9015] [M]: 0x0000000080037E6C (0x00C0006F) jal zero, 12
mem[X,0x0000000080037E78] -> 0x5063
mem[X,0x0000000080037E7A] -> 0x20B5
[9016] [M]: 0x0000000080037E78 (0x20B55063) bge a0, a1, 512
mem[X,0x0000000080037E7C] -> 0x0113
mem[X,0x0000000080037E7E] -> 0x0021
[9017] [M]: 0x0000000080037E7C (0x00210113) addi sp, sp, 2
x2 <- 0x0000000000000002
mem[X,0x0000000080037E80] -> 0x006F
mem[X,0x0000000080037E82] -> 0x2000
[9018] [M]: 0x0000000080037E80 (0x2000006F) jal zero, 512
mem[X,0x0000000080038080] -> 0xB823
mem[X,0x0000000080038082] -> 0x0820
[9019] [M]: 0x0000000080038080 (0x0820B823) sd sp, 144(ra)
mem[0x000000008004A260] <- 0x0000000000000002
mem[X,0x0000000080038084] -> 0x0513
mem[X,0x0000000080038086] -> 0x0060
[9020] [M]: 0x0000000080038084 (0x00600513) addi a0, zero, 6
x10 <- 0x0000000000000006
mem[X,0x0000000080038088] -> 0x05B7
mem[X,0x000000008003808A] -> 0x0000
[9021] [M]: 0x0000000080038088 (0x000005B7) lui a1, 0
x11 <- 0x0000000000000000
mem[X,0x000000008003808C] -> 0x8593
mem[X,0x000000008003808E] -> 0xFFF5
[9022] [M]: 0x000000008003808C (0xFFF58593) addi a1, a1, 4095
x11 <- 0xFFFFFFFFFFFFFFFF
mem[X,0x0000000080038090] -> 0x9593
mem[X,0x0000000080038092] -> 0x00B5
[9023] [M]: 0x0000000080038090 (0x00B59593) slli a1, a1, 11
x11 <- 0xFFFFFFFFFFFFF800
mem[X,0x0000000080038094] -> 0x8593
mem[X,0x0000000080038096] -> 0x2575
[9024] [M]: 0x0000000080038094 (0x25758593) addi a1, a1, 599
x11 <- 0xFFFFFFFFFFFFFA57
mem[X,0x0000000080038098] -> 0x9593
mem[X,0x000000008003809A] -> 0x00B5
[9025] [M]: 0x0000000080038098 (0x00B59593) slli a1, a1, 11
x11 <- 0xFFFFFFFFFFD2B800
mem[X,0x000000008003809C] -> 0x8593
mem[X,0x000000008003809E] -> 0x6C35
[9026] [M]: 0x000000008003809C (0x6C358593) addi a1, a1, 1731
x11 <- 0xFFFFFFFFFFD2BEC3
mem[X,0x00000000800380A0] -> 0x9593
mem[X,0x00000000800380A2] -> 0x00A5
[9027] [M]: 0x00000000800380A0 (0x00A59593) slli a1, a1, 10
x11 <- 0xFFFFFFFF4AFB0C00
mem[X,0x00000000800380A4] -> 0x8593
mem[X,0x00000000800380A6] -> 0x0CD5
[9028] [M]: 0x00000000800380A4 (0x0CD58593) addi a1, a1, 205
x11 <- 0xFFFFFFFF4AFB0CCD
mem[X,0x00000000800380A8] -> 0x0113
mem[X,0x00000000800380AA] -> 0x0000
[9029] [M]: 0x00000000800380A8 (0x00000113) addi sp, zero, 0
x2 <- 0x0000000000000000
mem[X,0x00000000800380AC] -> 0x006F
mem[X,0x00000000800380AE] -> 0x00C0
[9030] [M]: 0x00000000800380AC (0x00C0006F) jal zero, 12
mem[X,0x00000000800380B8] -> 0x5CE3
mem[X,0x00000000800380BA] -> 0xFEB5
[9031] [M]: 0x00000000800380B8 (0xFEB55CE3) bge a0, a1, 8184
mem[X,0x00000000800380B0] -> 0x0113
mem[X,0x00000000800380B2] -> 0x0011
[9032] [M]: 0x00000000800380B0 (0x00110113) addi sp, sp, 1
x2 <- 0x0000000000000001
mem[X,0x00000000800380B4] -> 0x006F
mem[X,0x00000000800380B6] -> 0x0180
[9033] [M]: 0x00000000800380B4 (0x0180006F) jal zero, 24
mem[X,0x00000000800380CC] -> 0xBC23
mem[X,0x00000000800380CE] -> 0x0820
[9034] [M]: 0x00000000800380CC (0x0820BC23) sd sp, 152(ra)
mem[0x000000008004A268] <- 0x0000000000000001
mem[X,0x00000000800380D0] -> 0x0513
mem[X,0x00000000800380D2] -> 0x0060
[9035] [M]: 0x00000000800380D0 (0x00600513) addi a0, zero, 6
x10 <- 0x0000000000000006
mem[X,0x00000000800380D4] -> 0x05B7
mem[X,0x00000000800380D6] -> 0x0000
[9036] [M]: 0x00000000800380D4 (0x000005B7) lui a1, 0
x11 <- 0x0000000000000000
mem[X,0x00000000800380D8] -> 0x8593
mem[X,0x00000000800380DA] -> 0x0005
[9037] [M]: 0x00000000800380D8 (0x00058593) addi a1, a1, 0
x11 <- 0x0000000000000000
mem[X,0x00000000800380DC] -> 0x9593
mem[X,0x00000000800380DE] -> 0x00B5
[9038] [M]: 0x00000000800380DC (0x00B59593) slli a1, a1, 11
x11 <- 0x0000000000000000
mem[X,0x00000000800380E0] -> 0x8593
mem[X,0x00000000800380E2] -> 0x5A85
[9039] [M]: 0x00000000800380E0 (0x5A858593) addi a1, a1, 1448
x11 <- 0x00000000000005A8
mem[X,0x00000000800380E4] -> 0x9593
mem[X,0x00000000800380E6] -> 0x00B5
[9040] [M]: 0x00000000800380E4 (0x00B59593) slli a1, a1, 11
x11 <- 0x00000000002D4000
mem[X,0x00000000800380E8] -> 0x8593
mem[X,0x00000000800380EA] -> 0x13C5
[9041] [M]: 0x00000000800380E8 (0x13C58593) addi a1, a1, 316
x11 <- 0x00000000002D413C
mem[X,0x00000000800380EC] -> 0x9593
mem[X,0x00000000800380EE] -> 0x00A5
[9042] [M]: 0x00000000800380EC (0x00A59593) slli a1, a1, 10
x11 <- 0x00000000B504F000
mem[X,0x00000000800380F0] -> 0x8593
mem[X,0x00000000800380F2] -> 0x3335
[9043] [M]: 0x00000000800380F0 (0x33358593) addi a1, a1, 819
x11 <- 0x00000000B504F333
mem[X,0x00000000800380F4] -> 0x0113
mem[X,0x00000000800380F6] -> 0x0000
[9044] [M]: 0x00000000800380F4 (0x00000113) addi sp, zero, 0
x2 <- 0x0000000000000000
mem[X,0x00000000800380F8] -> 0x006F
mem[X,0x00000000800380FA] -> 0x0100
[9045] [M]: 0x00000000800380F8 (0x0100006F) jal zero, 16
mem[X,0x0000000080038108] -> 0x5AE3
mem[X,0x000000008003810A] -> 0xFEB5
[9046] [M]: 0x0000000080038108 (0xFEB55AE3) bge a0, a1, 8180
mem[X,0x000000008003810C] -> 0x0113
mem[X,0x000000008003810E] -> 0x0021
[9047] [M]: 0x000000008003810C (0x00210113) addi sp, sp, 2
x2 <- 0x0000000000000002
mem[X,0x0000000080038110] -> 0x006F
mem[X,0x0000000080038112] -> 0x00C0
[9048] [M]: 0x0000000080038110 (0x00C0006F) jal zero, 12
mem[X,0x000000008003811C] -> 0xB023
mem[X,0x000000008003811E] -> 0x0A20
[9049] [M]: 0x000000008003811C (0x0A20B023) sd sp, 160(ra)
mem[0x000000008004A270] <- 0x0000000000000002
mem[X,0x0000000080038120] -> 0x0513
mem[X,0x0000000080038122] -> 0x0060
[9050] [M]: 0x0000000080038120 (0x00600513) addi a0, zero, 6
x10 <- 0x0000000000000006
mem[X,0x0000000080038124] -> 0x0593
mem[X,0x0000000080038126] -> 0x0020
[9051] [M]: 0x0000000080038124 (0x00200593) addi a1, zero, 2
x11 <- 0x0000000000000002
mem[X,0x0000000080038128] -> 0x0113
mem[X,0x000000008003812A] -> 0x0000
[9052] [M]: 0x0000000080038128 (0x00000113) addi sp, zero, 0
x2 <- 0x0000000000000000
mem[X,0x000000008003812C] -> 0x006F
mem[X,0x000000008003812E] -> 0x00C0
[9053] [M]: 0x000000008003812C (0x00C0006F) jal zero, 12
mem[X,0x0000000080038138] -> 0x5863
mem[X,0x000000008003813A] -> 0x00B5
[9054] [M]: 0x0000000080038138 (0x00B55863) bge a0, a1, 16
mem[X,0x0000000080038148] -> 0x0113
mem[X,0x000000008003814A] -> 0x0031
[9055] [M]: 0x0000000080038148 (0x00310113) addi sp, sp, 3
x2 <- 0x0000000000000003
mem[X,0x000000008003814C] -> 0x006F
mem[X,0x000000008003814E] -> 0x0040
[9056] [M]: 0x000000008003814C (0x0040006F) jal zero, 4
mem[X,0x0000000080038150] -> 0xB423
mem[X,0x0000000080038152] -> 0x0A20
[9057] [M]: 0x0000000080038150 (0x0A20B423) sd sp, 168(ra)
mem[0x000000008004A278] <- 0x0000000000000003
mem[X,0x0000000080038154] -> 0x0513
mem[X,0x0000000080038156] -> 0x0060
[9058] [M]: 0x0000000080038154 (0x00600513) addi a0, zero, 6
x10 <- 0x0000000000000006
mem[X,0x0000000080038158] -> 0x55B7
mem[X,0x000000008003815A] -> 0x5555
[9059] [M]: 0x0000000080038158 (0x555555B7) lui a1, 349525
x11 <- 0x0000000055555000
mem[X,0x000000008003815C] -> 0x8593
mem[X,0x000000008003815E] -> 0x5555
[9060] [M]: 0x000000008003815C (0x55558593) addi a1, a1, 1365
x11 <- 0x0000000055555555
mem[X,0x0000000080038160] -> 0x9593
mem[X,0x0000000080038162] -> 0x00B5
[9061] [M]: 0x0000000080038160 (0x00B59593) slli a1, a1, 11
x11 <- 0x000002AAAAAAA800
mem[X,0x0000000080038164] -> 0x8593
mem[X,0x0000000080038166] -> 0x2AA5
[9062] [M]: 0x0000000080038164 (0x2AA58593) addi a1, a1, 682
x11 <- 0x000002AAAAAAAAAA
mem[X,0x0000000080038168] -> 0x9593
mem[X,0x000000008003816A] -> 0x00B5
[9063] [M]: 0x0000000080038168 (0x00B59593) slli a1, a1, 11
x11 <- 0x0015555555555000
mem[X,0x000000008003816C] -> 0x8593
mem[X,0x000000008003816E] -> 0x5555
[9064] [M]: 0x000000008003816C (0x55558593) addi a1, a1, 1365
x11 <- 0x0015555555555555
mem[X,0x0000000080038170] -> 0x9593
mem[X,0x0000000080038172] -> 0x00A5
[9065] [M]: 0x0000000080038170 (0x00A59593) slli a1, a1, 10
x11 <- 0x5555555555555400
mem[X,0x0000000080038174] -> 0x8593
mem[X,0x0000000080038176] -> 0x1545
[9066] [M]: 0x0000000080038174 (0x15458593) addi a1, a1, 340
x11 <- 0x5555555555555554
mem[X,0x0000000080038178] -> 0x0113
mem[X,0x000000008003817A] -> 0x0000
[9067] [M]: 0x0000000080038178 (0x00000113) addi sp, zero, 0
x2 <- 0x0000000000000000
mem[X,0x000000008003817C] -> 0x006F
mem[X,0x000000008003817E] -> 0x00C0
[9068] [M]: 0x000000008003817C (0x00C0006F) jal zero, 12
mem[X,0x0000000080038188] -> 0x5063
mem[X,0x000000008003818A] -> 0x02B5
[9069] [M]: 0x0000000080038188 (0x02B55063) bge a0, a1, 32
mem[X,0x000000008003818C] -> 0x0113
mem[X,0x000000008003818E] -> 0x0021
[9070] [M]: 0x000000008003818C (0x00210113) addi sp, sp, 2
x2 <- 0x0000000000000002
mem[X,0x0000000080038190] -> 0x006F
mem[X,0x0000000080038192] -> 0x0200
[9071] [M]: 0x0000000080038190 (0x0200006F) jal zero, 32
mem[X,0x00000000800381B0] -> 0xB823
mem[X,0x00000000800381B2] -> 0x0A20
[9072] [M]: 0x00000000800381B0 (0x0A20B823) sd sp, 176(ra)
mem[0x000000008004A280] <- 0x0000000000000002
mem[X,0x00000000800381B4] -> 0x0513
mem[X,0x00000000800381B6] -> 0x0060
[9073] [M]: 0x00000000800381B4 (0x00600513) addi a0, zero, 6
x10 <- 0x0000000000000006
mem[X,0x00000000800381B8] -> 0x0593
mem[X,0x00000000800381BA] -> 0x0000
[9074] [M]: 0x00000000800381B8 (0x00000593) addi a1, zero, 0
x11 <- 0x0000000000000000
mem[X,0x00000000800381BC] -> 0x0113
mem[X,0x00000000800381BE] -> 0x0000
[9075] [M]: 0x00000000800381BC (0x00000113) addi sp, zero, 0
x2 <- 0x0000000000000000
mem[X,0x00000000800381C0] -> 0x006F
mem[X,0x00000000800381C2] -> 0x00C0
[9076] [M]: 0x00000000800381C0 (0x00C0006F) jal zero, 12
mem[X,0x00000000800381CC] -> 0x5663
mem[X,0x00000000800381CE] -> 0x00B5
[9077] [M]: 0x00000000800381CC (0x00B55663) bge a0, a1, 12
mem[X,0x00000000800381D8] -> 0x0113
mem[X,0x00000000800381DA] -> 0x0031
[9078] [M]: 0x00000000800381D8 (0x00310113) addi sp, sp, 3
x2 <- 0x0000000000000003
mem[X,0x00000000800381DC] -> 0x006F
mem[X,0x00000000800381DE] -> 0x0040
[9079] [M]: 0x00000000800381DC (0x0040006F) jal zero, 4
mem[X,0x00000000800381E0] -> 0xBC23
mem[X,0x00000000800381E2] -> 0x0A20
[9080] [M]: 0x00000000800381E0 (0x0A20BC23) sd sp, 184(ra)
mem[0x000000008004A288] <- 0x0000000000000003
mem[X,0x00000000800381E4] -> 0x0513
mem[X,0x00000000800381E6] -> 0x0060
[9081] [M]: 0x00000000800381E4 (0x00600513) addi a0, zero, 6
x10 <- 0x0000000000000006
mem[X,0x00000000800381E8] -> 0x0593
mem[X,0x00000000800381EA] -> 0x0040
[9082] [M]: 0x00000000800381E8 (0x00400593) addi a1, zero, 4
x11 <- 0x0000000000000004
mem[X,0x00000000800381EC] -> 0x0113
mem[X,0x00000000800381EE] -> 0x0000
[9083] [M]: 0x00000000800381EC (0x00000113) addi sp, zero, 0
x2 <- 0x0000000000000000
mem[X,0x00000000800381F0] -> 0x006F
mem[X,0x00000000800381F2] -> 0x0140
[9084] [M]: 0x00000000800381F0 (0x0140006F) jal zero, 20
mem[X,0x0000000080038204] -> 0x58E3
mem[X,0x0000000080038206] -> 0xFEB5
[9085] [M]: 0x0000000080038204 (0xFEB558E3) bge a0, a1, 8176
mem[X,0x00000000800381F4] -> 0x0113
mem[X,0x00000000800381F6] -> 0x0011
[9086] [M]: 0x00000000800381F4 (0x00110113) addi sp, sp, 1
x2 <- 0x0000000000000001
mem[X,0x00000000800381F8] -> 0x006F
mem[X,0x00000000800381FA] -> 0x0200
[9087] [M]: 0x00000000800381F8 (0x0200006F) jal zero, 32
mem[X,0x0000000080038218] -> 0xB023
mem[X,0x000000008003821A] -> 0x0C20
[9088] [M]: 0x0000000080038218 (0x0C20B023) sd sp, 192(ra)
mem[0x000000008004A290] <- 0x0000000000000001
mem[X,0x000000008003821C] -> 0x0513
mem[X,0x000000008003821E] -> 0x0060
[9089] [M]: 0x000000008003821C (0x00600513) addi a0, zero, 6
x10 <- 0x0000000000000006
mem[X,0x0000000080038220] -> 0x35B7
mem[X,0x0000000080038222] -> 0x3333
[9090] [M]: 0x0000000080038220 (0x333335B7) lui a1, 209715
x11 <- 0x0000000033333000
mem[X,0x0000000080038224] -> 0x8593
mem[X,0x0000000080038226] -> 0x3335
[9091] [M]: 0x0000000080038224 (0x33358593) addi a1, a1, 819
x11 <- 0x0000000033333333
mem[X,0x0000000080038228] -> 0x9593
mem[X,0x000000008003822A] -> 0x00B5
[9092] [M]: 0x0000000080038228 (0x00B59593) slli a1, a1, 11
x11 <- 0x0000019999999800
mem[X,0x000000008003822C] -> 0x8593
mem[X,0x000000008003822E] -> 0x1995
[9093] [M]: 0x000000008003822C (0x19958593) addi a1, a1, 409
x11 <- 0x0000019999999999
mem[X,0x0000000080038230] -> 0x9593
mem[X,0x0000000080038232] -> 0x00B5
[9094] [M]: 0x0000000080038230 (0x00B59593) slli a1, a1, 11
x11 <- 0x000CCCCCCCCCC800
mem[X,0x0000000080038234] -> 0x8593
mem[X,0x0000000080038236] -> 0x4CC5
[9095] [M]: 0x0000000080038234 (0x4CC58593) addi a1, a1, 1228
x11 <- 0x000CCCCCCCCCCCCC
mem[X,0x0000000080038238] -> 0x9593
mem[X,0x000000008003823A] -> 0x00A5
[9096] [M]: 0x0000000080038238 (0x00A59593) slli a1, a1, 10
x11 <- 0x3333333333333000
mem[X,0x000000008003823C] -> 0x8593
mem[X,0x000000008003823E] -> 0x3325
[9097] [M]: 0x000000008003823C (0x33258593) addi a1, a1, 818
x11 <- 0x3333333333333332
mem[X,0x0000000080038240] -> 0x0113
mem[X,0x0000000080038242] -> 0x0000
[9098] [M]: 0x0000000080038240 (0x00000113) addi sp, zero, 0
x2 <- 0x0000000000000000
mem[X,0x0000000080038244] -> 0x006F
mem[X,0x0000000080038246] -> 0x00C0
[9099] [M]: 0x0000000080038244 (0x00C0006F) jal zero, 12
clint::tick mtime <- 0x000000000000005B
 clint timer pending at mtime 0x000000000000005B
htif::tick 0x0000000000000000
mem[X,0x0000000080038250] -> 0x5663
mem[X,0x0000000080038252] -> 0x00B5
[9100] [M]: 0x0000000080038250 (0x00B55663) bge a0, a1, 12
mem[X,0x0000000080038254] -> 0x0113
mem[X,0x0000000080038256] -> 0x0021
[9101] [M]: 0x0000000080038254 (0x00210113) addi sp, sp, 2
x2 <- 0x0000000000000002
mem[X,0x0000000080038258] -> 0x006F
mem[X,0x000000008003825A] -> 0x00C0
[9102] [M]: 0x0000000080038258 (0x00C0006F) jal zero, 12
mem[X,0x0000000080038264] -> 0xB423
mem[X,0x0000000080038266] -> 0x0C20
[9103] [M]: 0x0000000080038264 (0x0C20B423) sd sp, 200(ra)
mem[0x000000008004A298] <- 0x0000000000000002
mem[X,0x0000000080038268] -> 0x0513
mem[X,0x000000008003826A] -> 0x0060
[9104] [M]: 0x0000000080038268 (0x00600513) addi a0, zero, 6
x10 <- 0x0000000000000006
mem[X,0x000000008003826C] -> 0x65B7
mem[X,0x000000008003826E] -> 0x6666
[9105] [M]: 0x000000008003826C (0x666665B7) lui a1, 419430
x11 <- 0x0000000066666000
mem[X,0x0000000080038270] -> 0x8593
mem[X,0x0000000080038272] -> 0x6665
[9106] [M]: 0x0000000080038270 (0x66658593) addi a1, a1, 1638
x11 <- 0x0000000066666666
mem[X,0x0000000080038274] -> 0x9593
mem[X,0x0000000080038276] -> 0x00B5
[9107] [M]: 0x0000000080038274 (0x00B59593) slli a1, a1, 11
x11 <- 0x0000033333333000
mem[X,0x0000000080038278] -> 0x8593
mem[X,0x000000008003827A] -> 0x3335
[9108] [M]: 0x0000000080038278 (0x33358593) addi a1, a1, 819
x11 <- 0x0000033333333333
mem[X,0x000000008003827C] -> 0x9593
mem[X,0x000000008003827E] -> 0x00B5
[9109] [M]: 0x000000008003827C (0x00B59593) slli a1, a1, 11
x11 <- 0x0019999999999800
mem[X,0x0000000080038280] -> 0x8593
mem[X,0x0000000080038282] -> 0x1995
[9110] [M]: 0x0000000080038280 (0x19958593) addi a1, a1, 409
x11 <- 0x0019999999999999
mem[X,0x0000000080038284] -> 0x9593
mem[X,0x0000000080038286] -> 0x00A5
[9111] [M]: 0x0000000080038284 (0x00A59593) slli a1, a1, 10
x11 <- 0x6666666666666400
mem[X,0x0000000080038288] -> 0x8593
mem[X,0x000000008003828A] -> 0x2655
[9112] [M]: 0x0000000080038288 (0x26558593) addi a1, a1, 613
x11 <- 0x6666666666666665
mem[X,0x000000008003828C] -> 0x0113
mem[X,0x000000008003828E] -> 0x0000
[9113] [M]: 0x000000008003828C (0x00000113) addi sp, zero, 0
x2 <- 0x0000000000000000
mem[X,0x0000000080038290] -> 0x006F
mem[X,0x0000000080038292] -> 0x00C0
[9114] [M]: 0x0000000080038290 (0x00C0006F) jal zero, 12
mem[X,0x000000008003829C] -> 0x5663
mem[X,0x000000008003829E] -> 0x00B5
[9115] [M]: 0x000000008003829C (0x00B55663) bge a0, a1, 12
mem[X,0x00000000800382A0] -> 0x0113
mem[X,0x00000000800382A2] -> 0x0021
[9116] [M]: 0x00000000800382A0 (0x00210113) addi sp, sp, 2
x2 <- 0x0000000000000002
mem[X,0x00000000800382A4] -> 0x006F
mem[X,0x00000000800382A6] -> 0x00C0
[9117] [M]: 0x00000000800382A4 (0x00C0006F) jal zero, 12
mem[X,0x00000000800382B0] -> 0xB823
mem[X,0x00000000800382B2] -> 0x0C20
[9118] [M]: 0x00000000800382B0 (0x0C20B823) sd sp, 208(ra)
mem[0x000000008004A2A0] <- 0x0000000000000002
mem[X,0x00000000800382B4] -> 0x0513
mem[X,0x00000000800382B6] -> 0x0060
[9119] [M]: 0x00000000800382B4 (0x00600513) addi a0, zero, 6
x10 <- 0x0000000000000006
mem[X,0x00000000800382B8] -> 0x05B7
mem[X,0x00000000800382BA] -> 0x0000
[9120] [M]: 0x00000000800382B8 (0x000005B7) lui a1, 0
x11 <- 0x0000000000000000
mem[X,0x00000000800382BC] -> 0x8593
mem[X,0x00000000800382BE] -> 0x0005
[9121] [M]: 0x00000000800382BC (0x00058593) addi a1, a1, 0
x11 <- 0x0000000000000000
mem[X,0x00000000800382C0] -> 0x9593
mem[X,0x00000000800382C2] -> 0x00B5
[9122] [M]: 0x00000000800382C0 (0x00B59593) slli a1, a1, 11
x11 <- 0x0000000000000000
mem[X,0x00000000800382C4] -> 0x8593
mem[X,0x00000000800382C6] -> 0x5A85
[9123] [M]: 0x00000000800382C4 (0x5A858593) addi a1, a1, 1448
x11 <- 0x00000000000005A8
mem[X,0x00000000800382C8] -> 0x9593
mem[X,0x00000000800382CA] -> 0x00B5
[9124] [M]: 0x00000000800382C8 (0x00B59593) slli a1, a1, 11
x11 <- 0x00000000002D4000
mem[X,0x00000000800382CC] -> 0x8593
mem[X,0x00000000800382CE] -> 0x13C5
[9125] [M]: 0x00000000800382CC (0x13C58593) addi a1, a1, 316
x11 <- 0x00000000002D413C
mem[X,0x00000000800382D0] -> 0x9593
mem[X,0x00000000800382D2] -> 0x00A5
[9126] [M]: 0x00000000800382D0 (0x00A59593) slli a1, a1, 10
x11 <- 0x00000000B504F000
mem[X,0x00000000800382D4] -> 0x8593
mem[X,0x00000000800382D6] -> 0x3325
[9127] [M]: 0x00000000800382D4 (0x33258593) addi a1, a1, 818
x11 <- 0x00000000B504F332
mem[X,0x00000000800382D8] -> 0x0113
mem[X,0x00000000800382DA] -> 0x0000
[9128] [M]: 0x00000000800382D8 (0x00000113) addi sp, zero, 0
x2 <- 0x0000000000000000
mem[X,0x00000000800382DC] -> 0x006F
mem[X,0x00000000800382DE] -> 0x00C0
[9129] [M]: 0x00000000800382DC (0x00C0006F) jal zero, 12
mem[X,0x00000000800382E8] -> 0x5CE3
mem[X,0x00000000800382EA] -> 0xFEB5
[9130] [M]: 0x00000000800382E8 (0xFEB55CE3) bge a0, a1, 8184
mem[X,0x00000000800382EC] -> 0x0113
mem[X,0x00000000800382EE] -> 0x0021
[9131] [M]: 0x00000000800382EC (0x00210113) addi sp, sp, 2
x2 <- 0x0000000000000002
mem[X,0x00000000800382F0] -> 0x006F
mem[X,0x00000000800382F2] -> 0x00C0
[9132] [M]: 0x00000000800382F0 (0x00C0006F) jal zero, 12
mem[X,0x00000000800382FC] -> 0xBC23
mem[X,0x00000000800382FE] -> 0x0C20
[9133] [M]: 0x00000000800382FC (0x0C20BC23) sd sp, 216(ra)
mem[0x000000008004A2A8] <- 0x0000000000000002
mem[X,0x0000000080038300] -> 0x0513
mem[X,0x0000000080038302] -> 0x0060
[9134] [M]: 0x0000000080038300 (0x00600513) addi a0, zero, 6
x10 <- 0x0000000000000006
mem[X,0x0000000080038304] -> 0x55B7
mem[X,0x0000000080038306] -> 0x5555
[9135] [M]: 0x0000000080038304 (0x555555B7) lui a1, 349525
x11 <- 0x0000000055555000
mem[X,0x0000000080038308] -> 0x8593
mem[X,0x000000008003830A] -> 0x5555
[9136] [M]: 0x0000000080038308 (0x55558593) addi a1, a1, 1365
x11 <- 0x0000000055555555
mem[X,0x000000008003830C] -> 0x9593
mem[X,0x000000008003830E] -> 0x00B5
[9137] [M]: 0x000000008003830C (0x00B59593) slli a1, a1, 11
x11 <- 0x000002AAAAAAA800
mem[X,0x0000000080038310] -> 0x8593
mem[X,0x0000000080038312] -> 0x2AA5
[9138] [M]: 0x0000000080038310 (0x2AA58593) addi a1, a1, 682
x11 <- 0x000002AAAAAAAAAA
mem[X,0x0000000080038314] -> 0x9593
mem[X,0x0000000080038316] -> 0x00B5
[9139] [M]: 0x0000000080038314 (0x00B59593) slli a1, a1, 11
x11 <- 0x0015555555555000
mem[X,0x0000000080038318] -> 0x8593
mem[X,0x000000008003831A] -> 0x5555
[9140] [M]: 0x0000000080038318 (0x55558593) addi a1, a1, 1365
x11 <- 0x0015555555555555
mem[X,0x000000008003831C] -> 0x9593
mem[X,0x000000008003831E] -> 0x00A5
[9141] [M]: 0x000000008003831C (0x00A59593) slli a1, a1, 10
x11 <- 0x5555555555555400
mem[X,0x0000000080038320] -> 0x8593
mem[X,0x0000000080038322] -> 0x1565
[9142] [M]: 0x0000000080038320 (0x15658593) addi a1, a1, 342
x11 <- 0x5555555555555556
mem[X,0x0000000080038324] -> 0x0113
mem[X,0x0000000080038326] -> 0x0000
[9143] [M]: 0x0000000080038324 (0x00000113) addi sp, zero, 0
x2 <- 0x0000000000000000
mem[X,0x0000000080038328] -> 0x006F
mem[X,0x000000008003832A] -> 0x00C0
[9144] [M]: 0x0000000080038328 (0x00C0006F) jal zero, 12
mem[X,0x0000000080038334] -> 0x5663
mem[X,0x0000000080038336] -> 0x00B5
[9145] [M]: 0x0000000080038334 (0x00B55663) bge a0, a1, 12
mem[X,0x0000000080038338] -> 0x0113
mem[X,0x000000008003833A] -> 0x0021
[9146] [M]: 0x0000000080038338 (0x00210113) addi sp, sp, 2
x2 <- 0x0000000000000002
mem[X,0x000000008003833C] -> 0x006F
mem[X,0x000000008003833E] -> 0x00C0
[9147] [M]: 0x000000008003833C (0x00C0006F) jal zero, 12
mem[X,0x0000000080038348] -> 0xB023
mem[X,0x000000008003834A] -> 0x0E20
[9148] [M]: 0x0000000080038348 (0x0E20B023) sd sp, 224(ra)
mem[0x000000008004A2B0] <- 0x0000000000000002
mem[X,0x000000008003834C] -> 0x0513
mem[X,0x000000008003834E] -> 0x0060
[9149] [M]: 0x000000008003834C (0x00600513) addi a0, zero, 6
x10 <- 0x0000000000000006
mem[X,0x0000000080038350] -> 0xB5B7
mem[X,0x0000000080038352] -> 0xAAAA
[9150] [M]: 0x0000000080038350 (0xAAAAB5B7) lui a1, 699051
x11 <- 0xFFFFFFFFAAAAB000
mem[X,0x0000000080038354] -> 0x8593
mem[X,0x0000000080038356] -> 0xAAA5
[9151] [M]: 0x0000000080038354 (0xAAA58593) addi a1, a1, 2730
x11 <- 0xFFFFFFFFAAAAAAAA
mem[X,0x0000000080038358] -> 0x9593
mem[X,0x000000008003835A] -> 0x00B5
[9152] [M]: 0x0000000080038358 (0x00B59593) slli a1, a1, 11
x11 <- 0xFFFFFD5555555000
mem[X,0x000000008003835C] -> 0x8593
mem[X,0x000000008003835E] -> 0x5555
[9153] [M]: 0x000000008003835C (0x55558593) addi a1, a1, 1365
x11 <- 0xFFFFFD5555555555
mem[X,0x0000000080038360] -> 0x9593
mem[X,0x0000000080038362] -> 0x00B5
[9154] [M]: 0x0000000080038360 (0x00B59593) slli a1, a1, 11
x11 <- 0xFFEAAAAAAAAAA800
mem[X,0x0000000080038364] -> 0x8593
mem[X,0x0000000080038366] -> 0x2AA5
[9155] [M]: 0x0000000080038364 (0x2AA58593) addi a1, a1, 682
x11 <- 0xFFEAAAAAAAAAAAAA
mem[X,0x0000000080038368] -> 0x9593
mem[X,0x000000008003836A] -> 0x00A5
[9156] [M]: 0x0000000080038368 (0x00A59593) slli a1, a1, 10
x11 <- 0xAAAAAAAAAAAAA800
mem[X,0x000000008003836C] -> 0x8593
mem[X,0x000000008003836E] -> 0x2AB5
[9157] [M]: 0x000000008003836C (0x2AB58593) addi a1, a1, 683
x11 <- 0xAAAAAAAAAAAAAAAB
mem[X,0x0000000080038370] -> 0x0113
mem[X,0x0000000080038372] -> 0x0000
[9158] [M]: 0x0000000080038370 (0x00000113) addi sp, zero, 0
x2 <- 0x0000000000000000
mem[X,0x0000000080038374] -> 0x006F
mem[X,0x0000000080038376] -> 0x00C0
[9159] [M]: 0x0000000080038374 (0x00C0006F) jal zero, 12
mem[X,0x0000000080038380] -> 0x5663
mem[X,0x0000000080038382] -> 0x00B5
[9160] [M]: 0x0000000080038380 (0x00B55663) bge a0, a1, 12
mem[X,0x000000008003838C] -> 0x0113
mem[X,0x000000008003838E] -> 0x0031
[9161] [M]: 0x000000008003838C (0x00310113) addi sp, sp, 3
x2 <- 0x0000000000000003
mem[X,0x0000000080038390] -> 0x006F
mem[X,0x0000000080038392] -> 0x0040
[9162] [M]: 0x0000000080038390 (0x0040006F) jal zero, 4
mem[X,0x0000000080038394] -> 0xB423
mem[X,0x0000000080038396] -> 0x0E20
[9163] [M]: 0x0000000080038394 (0x0E20B423) sd sp, 232(ra)
mem[0x000000008004A2B8] <- 0x0000000000000003
mem[X,0x0000000080038398] -> 0x0513
mem[X,0x000000008003839A] -> 0x0060
[9164] [M]: 0x0000000080038398 (0x00600513) addi a0, zero, 6
x10 <- 0x0000000000000006
mem[X,0x000000008003839C] -> 0x0593
mem[X,0x000000008003839E] -> 0x0060
[9165] [M]: 0x000000008003839C (0x00600593) addi a1, zero, 6
x11 <- 0x0000000000000006
mem[X,0x00000000800383A0] -> 0x0113
mem[X,0x00000000800383A2] -> 0x0000
[9166] [M]: 0x00000000800383A0 (0x00000113) addi sp, zero, 0
x2 <- 0x0000000000000000
mem[X,0x00000000800383A4] -> 0x006F
mem[X,0x00000000800383A6] -> 0x0140
[9167] [M]: 0x00000000800383A4 (0x0140006F) jal zero, 20
mem[X,0x00000000800383B8] -> 0x58E3
mem[X,0x00000000800383BA] -> 0xFEB5
[9168] [M]: 0x00000000800383B8 (0xFEB558E3) bge a0, a1, 8176
mem[X,0x00000000800383A8] -> 0x0113
mem[X,0x00000000800383AA] -> 0x0011
[9169] [M]: 0x00000000800383A8 (0x00110113) addi sp, sp, 1
x2 <- 0x0000000000000001
mem[X,0x00000000800383AC] -> 0x006F
mem[X,0x00000000800383AE] -> 0x0200
[9170] [M]: 0x00000000800383AC (0x0200006F) jal zero, 32
mem[X,0x00000000800383CC] -> 0xB823
mem[X,0x00000000800383CE] -> 0x0E20
[9171] [M]: 0x00000000800383CC (0x0E20B823) sd sp, 240(ra)
mem[0x000000008004A2C0] <- 0x0000000000000001
mem[X,0x00000000800383D0] -> 0x0513
mem[X,0x00000000800383D2] -> 0x0060
[9172] [M]: 0x00000000800383D0 (0x00600513) addi a0, zero, 6
x10 <- 0x0000000000000006
mem[X,0x00000000800383D4] -> 0x35B7
mem[X,0x00000000800383D6] -> 0x3333
[9173] [M]: 0x00000000800383D4 (0x333335B7) lui a1, 209715
x11 <- 0x0000000033333000
mem[X,0x00000000800383D8] -> 0x8593
mem[X,0x00000000800383DA] -> 0x3335
[9174] [M]: 0x00000000800383D8 (0x33358593) addi a1, a1, 819
x11 <- 0x0000000033333333
mem[X,0x00000000800383DC] -> 0x9593
mem[X,0x00000000800383DE] -> 0x00B5
[9175] [M]: 0x00000000800383DC (0x00B59593) slli a1, a1, 11
x11 <- 0x0000019999999800
mem[X,0x00000000800383E0] -> 0x8593
mem[X,0x00000000800383E2] -> 0x1995
[9176] [M]: 0x00000000800383E0 (0x19958593) addi a1, a1, 409
x11 <- 0x0000019999999999
mem[X,0x00000000800383E4] -> 0x9593
mem[X,0x00000000800383E6] -> 0x00B5
[9177] [M]: 0x00000000800383E4 (0x00B59593) slli a1, a1, 11
x11 <- 0x000CCCCCCCCCC800
mem[X,0x00000000800383E8] -> 0x8593
mem[X,0x00000000800383EA] -> 0x4CC5
[9178] [M]: 0x00000000800383E8 (0x4CC58593) addi a1, a1, 1228
x11 <- 0x000CCCCCCCCCCCCC
mem[X,0x00000000800383EC] -> 0x9593
mem[X,0x00000000800383EE] -> 0x00A5
[9179] [M]: 0x00000000800383EC (0x00A59593) slli a1, a1, 10
x11 <- 0x3333333333333000
mem[X,0x00000000800383F0] -> 0x8593
mem[X,0x00000000800383F2] -> 0x3345
[9180] [M]: 0x00000000800383F0 (0x33458593) addi a1, a1, 820
x11 <- 0x3333333333333334
mem[X,0x00000000800383F4] -> 0x0113
mem[X,0x00000000800383F6] -> 0x0000
[9181] [M]: 0x00000000800383F4 (0x00000113) addi sp, zero, 0
x2 <- 0x0000000000000000
mem[X,0x00000000800383F8] -> 0x006F
mem[X,0x00000000800383FA] -> 0x00C0
[9182] [M]: 0x00000000800383F8 (0x00C0006F) jal zero, 12
mem[X,0x0000000080038404] -> 0x5CE3
mem[X,0x0000000080038406] -> 0xFEB5
[9183] [M]: 0x0000000080038404 (0xFEB55CE3) bge a0, a1, 8184
mem[X,0x0000000080038408] -> 0x0113
mem[X,0x000000008003840A] -> 0x0021
[9184] [M]: 0x0000000080038408 (0x00210113) addi sp, sp, 2
x2 <- 0x0000000000000002
mem[X,0x000000008003840C] -> 0x006F
mem[X,0x000000008003840E] -> 0x00C0
[9185] [M]: 0x000000008003840C (0x00C0006F) jal zero, 12
mem[X,0x0000000080038418] -> 0xBC23
mem[X,0x000000008003841A] -> 0x0E20
[9186] [M]: 0x0000000080038418 (0x0E20BC23) sd sp, 248(ra)
mem[0x000000008004A2C8] <- 0x0000000000000002
mem[X,0x000000008003841C] -> 0x0513
mem[X,0x000000008003841E] -> 0x0060
[9187] [M]: 0x000000008003841C (0x00600513) addi a0, zero, 6
x10 <- 0x0000000000000006
mem[X,0x0000000080038420] -> 0x65B7
mem[X,0x0000000080038422] -> 0x6666
[9188] [M]: 0x0000000080038420 (0x666665B7) lui a1, 419430
x11 <- 0x0000000066666000
mem[X,0x0000000080038424] -> 0x8593
mem[X,0x0000000080038426] -> 0x6665
[9189] [M]: 0x0000000080038424 (0x66658593) addi a1, a1, 1638
x11 <- 0x0000000066666666
mem[X,0x0000000080038428] -> 0x9593
mem[X,0x000000008003842A] -> 0x00B5
[9190] [M]: 0x0000000080038428 (0x00B59593) slli a1, a1, 11
x11 <- 0x0000033333333000
mem[X,0x000000008003842C] -> 0x8593
mem[X,0x000000008003842E] -> 0x3335
[9191] [M]: 0x000000008003842C (0x33358593) addi a1, a1, 819
x11 <- 0x0000033333333333
mem[X,0x0000000080038430] -> 0x9593
mem[X,0x0000000080038432] -> 0x00B5
[9192] [M]: 0x0000000080038430 (0x00B59593) slli a1, a1, 11
x11 <- 0x0019999999999800
mem[X,0x0000000080038434] -> 0x8593
mem[X,0x0000000080038436] -> 0x1995
[9193] [M]: 0x0000000080038434 (0x19958593) addi a1, a1, 409
x11 <- 0x0019999999999999
mem[X,0x0000000080038438] -> 0x9593
mem[X,0x000000008003843A] -> 0x00A5
[9194] [M]: 0x0000000080038438 (0x00A59593) slli a1, a1, 10
x11 <- 0x6666666666666400
mem[X,0x000000008003843C] -> 0x8593
mem[X,0x000000008003843E] -> 0x2675
[9195] [M]: 0x000000008003843C (0x26758593) addi a1, a1, 615
x11 <- 0x6666666666666667
mem[X,0x0000000080038440] -> 0x0113
mem[X,0x0000000080038442] -> 0x0000
[9196] [M]: 0x0000000080038440 (0x00000113) addi sp, zero, 0
x2 <- 0x0000000000000000
mem[X,0x0000000080038444] -> 0x006F
mem[X,0x0000000080038446] -> 0x2B10
[9197] [M]: 0x0000000080038444 (0x2B10006F) jal zero, 2736
mem[X,0x0000000080038EF4] -> 0x5A63
mem[X,0x0000000080038EF6] -> 0xD4B5
[9198] [M]: 0x0000000080038EF4 (0xD4B55A63) bge a0, a1, 5460
mem[X,0x0000000080038EF8] -> 0x0113
mem[X,0x0000000080038EFA] -> 0x0021
[9199] [M]: 0x0000000080038EF8 (0x00210113) addi sp, sp, 2
x2 <- 0x0000000000000002
clint::tick mtime <- 0x000000000000005C
 clint timer pending at mtime 0x000000000000005C
htif::tick 0x0000000000000000
mem[X,0x0000000080038EFC] -> 0x006F
mem[X,0x0000000080038EFE] -> 0x00C0
[9200] [M]: 0x0000000080038EFC (0x00C0006F) jal zero, 12
mem[X,0x0000000080038F08] -> 0xB023
mem[X,0x0000000080038F0A] -> 0x1020
[9201] [M]: 0x0000000080038F08 (0x1020B023) sd sp, 256(ra)
mem[0x000000008004A2D0] <- 0x0000000000000002
mem[X,0x0000000080038F0C] -> 0x0513
mem[X,0x0000000080038F0E] -> 0x0060
[9202] [M]: 0x0000000080038F0C (0x00600513) addi a0, zero, 6
x10 <- 0x0000000000000006
mem[X,0x0000000080038F10] -> 0x05B7
mem[X,0x0000000080038F12] -> 0x0000
[9203] [M]: 0x0000000080038F10 (0x000005B7) lui a1, 0
x11 <- 0x0000000000000000
mem[X,0x0000000080038F14] -> 0x8593
mem[X,0x0000000080038F16] -> 0xFFF5
[9204] [M]: 0x0000000080038F14 (0xFFF58593) addi a1, a1, 4095
x11 <- 0xFFFFFFFFFFFFFFFF
mem[X,0x0000000080038F18] -> 0x9593
mem[X,0x0000000080038F1A] -> 0x00B5
[9205] [M]: 0x0000000080038F18 (0x00B59593) slli a1, a1, 11
x11 <- 0xFFFFFFFFFFFFF800
mem[X,0x0000000080038F1C] -> 0x8593
mem[X,0x0000000080038F1E] -> 0x2575
[9206] [M]: 0x0000000080038F1C (0x25758593) addi a1, a1, 599
x11 <- 0xFFFFFFFFFFFFFA57
mem[X,0x0000000080038F20] -> 0x9593
mem[X,0x0000000080038F22] -> 0x00B5
[9207] [M]: 0x0000000080038F20 (0x00B59593) slli a1, a1, 11
x11 <- 0xFFFFFFFFFFD2B800
mem[X,0x0000000080038F24] -> 0x8593
mem[X,0x0000000080038F26] -> 0x6C35
[9208] [M]: 0x0000000080038F24 (0x6C358593) addi a1, a1, 1731
x11 <- 0xFFFFFFFFFFD2BEC3
mem[X,0x0000000080038F28] -> 0x9593
mem[X,0x0000000080038F2A] -> 0x00A5
[9209] [M]: 0x0000000080038F28 (0x00A59593) slli a1, a1, 10
x11 <- 0xFFFFFFFF4AFB0C00
mem[X,0x0000000080038F2C] -> 0x8593
mem[X,0x0000000080038F2E] -> 0x0CE5
[9210] [M]: 0x0000000080038F2C (0x0CE58593) addi a1, a1, 206
x11 <- 0xFFFFFFFF4AFB0CCE
mem[X,0x0000000080038F30] -> 0x0113
mem[X,0x0000000080038F32] -> 0x0000
[9211] [M]: 0x0000000080038F30 (0x00000113) addi sp, zero, 0
x2 <- 0x0000000000000000
mem[X,0x0000000080038F34] -> 0x006F
mem[X,0x0000000080038F36] -> 0x00C0
[9212] [M]: 0x0000000080038F34 (0x00C0006F) jal zero, 12
mem[X,0x0000000080038F40] -> 0x5663
mem[X,0x0000000080038F42] -> 0x00B5
[9213] [M]: 0x0000000080038F40 (0x00B55663) bge a0, a1, 12
mem[X,0x0000000080038F4C] -> 0x0113
mem[X,0x0000000080038F4E] -> 0x0031
[9214] [M]: 0x0000000080038F4C (0x00310113) addi sp, sp, 3
x2 <- 0x0000000000000003
mem[X,0x0000000080038F50] -> 0x006F
mem[X,0x0000000080038F52] -> 0x0040
[9215] [M]: 0x0000000080038F50 (0x0040006F) jal zero, 4
mem[X,0x0000000080038F54] -> 0xB423
mem[X,0x0000000080038F56] -> 0x1020
[9216] [M]: 0x0000000080038F54 (0x1020B423) sd sp, 264(ra)
mem[0x000000008004A2D8] <- 0x0000000000000003
mem[X,0x0000000080038F58] -> 0x0513
mem[X,0x0000000080038F5A] -> 0x0060
[9217] [M]: 0x0000000080038F58 (0x00600513) addi a0, zero, 6
x10 <- 0x0000000000000006
mem[X,0x0000000080038F5C] -> 0x05B7
mem[X,0x0000000080038F5E] -> 0x0000
[9218] [M]: 0x0000000080038F5C (0x000005B7) lui a1, 0
x11 <- 0x0000000000000000
mem[X,0x0000000080038F60] -> 0x8593
mem[X,0x0000000080038F62] -> 0x0005
[9219] [M]: 0x0000000080038F60 (0x00058593) addi a1, a1, 0
x11 <- 0x0000000000000000
mem[X,0x0000000080038F64] -> 0x9593
mem[X,0x0000000080038F66] -> 0x00B5
[9220] [M]: 0x0000000080038F64 (0x00B59593) slli a1, a1, 11
x11 <- 0x0000000000000000
mem[X,0x0000000080038F68] -> 0x8593
mem[X,0x0000000080038F6A] -> 0x5A85
[9221] [M]: 0x0000000080038F68 (0x5A858593) addi a1, a1, 1448
x11 <- 0x00000000000005A8
mem[X,0x0000000080038F6C] -> 0x9593
mem[X,0x0000000080038F6E] -> 0x00B5
[9222] [M]: 0x0000000080038F6C (0x00B59593) slli a1, a1, 11
x11 <- 0x00000000002D4000
mem[X,0x0000000080038F70] -> 0x8593
mem[X,0x0000000080038F72] -> 0x13C5
[9223] [M]: 0x0000000080038F70 (0x13C58593) addi a1, a1, 316
x11 <- 0x00000000002D413C
mem[X,0x0000000080038F74] -> 0x9593
mem[X,0x0000000080038F76] -> 0x00A5
[9224] [M]: 0x0000000080038F74 (0x00A59593) slli a1, a1, 10
x11 <- 0x00000000B504F000
mem[X,0x0000000080038F78] -> 0x8593
mem[X,0x0000000080038F7A] -> 0x3345
[9225] [M]: 0x0000000080038F78 (0x33458593) addi a1, a1, 820
x11 <- 0x00000000B504F334
mem[X,0x0000000080038F7C] -> 0x0113
mem[X,0x0000000080038F7E] -> 0x0000
[9226] [M]: 0x0000000080038F7C (0x00000113) addi sp, zero, 0
x2 <- 0x0000000000000000
mem[X,0x0000000080038F80] -> 0x006F
mem[X,0x0000000080038F82] -> 0x00C0
[9227] [M]: 0x0000000080038F80 (0x00C0006F) jal zero, 12
mem[X,0x0000000080038F8C] -> 0x5663
mem[X,0x0000000080038F8E] -> 0x00B5
[9228] [M]: 0x0000000080038F8C (0x00B55663) bge a0, a1, 12
mem[X,0x0000000080038F90] -> 0x0113
mem[X,0x0000000080038F92] -> 0x0021
[9229] [M]: 0x0000000080038F90 (0x00210113) addi sp, sp, 2
x2 <- 0x0000000000000002
mem[X,0x0000000080038F94] -> 0x006F
mem[X,0x0000000080038F96] -> 0x00C0
[9230] [M]: 0x0000000080038F94 (0x00C0006F) jal zero, 12
mem[X,0x0000000080038FA0] -> 0xB823
mem[X,0x0000000080038FA2] -> 0x1020
[9231] [M]: 0x0000000080038FA0 (0x1020B823) sd sp, 272(ra)
mem[0x000000008004A2E0] <- 0x0000000000000002
mem[X,0x0000000080038FA4] -> 0x3537
mem[X,0x0000000080038FA6] -> 0x3333
[9232] [M]: 0x0000000080038FA4 (0x33333537) lui a0, 209715
x10 <- 0x0000000033333000
mem[X,0x0000000080038FA8] -> 0x0513
mem[X,0x0000000080038FAA] -> 0x3335
[9233] [M]: 0x0000000080038FA8 (0x33350513) addi a0, a0, 819
x10 <- 0x0000000033333333
mem[X,0x0000000080038FAC] -> 0x1513
mem[X,0x0000000080038FAE] -> 0x00B5
[9234] [M]: 0x0000000080038FAC (0x00B51513) slli a0, a0, 11
x10 <- 0x0000019999999800
mem[X,0x0000000080038FB0] -> 0x0513
mem[X,0x0000000080038FB2] -> 0x1995
[9235] [M]: 0x0000000080038FB0 (0x19950513) addi a0, a0, 409
x10 <- 0x0000019999999999
mem[X,0x0000000080038FB4] -> 0x1513
mem[X,0x0000000080038FB6] -> 0x00B5
[9236] [M]: 0x0000000080038FB4 (0x00B51513) slli a0, a0, 11
x10 <- 0x000CCCCCCCCCC800
mem[X,0x0000000080038FB8] -> 0x0513
mem[X,0x0000000080038FBA] -> 0x4CC5
[9237] [M]: 0x0000000080038FB8 (0x4CC50513) addi a0, a0, 1228
x10 <- 0x000CCCCCCCCCCCCC
mem[X,0x0000000080038FBC] -> 0x1513
mem[X,0x0000000080038FBE] -> 0x00A5
[9238] [M]: 0x0000000080038FBC (0x00A51513) slli a0, a0, 10
x10 <- 0x3333333333333000
mem[X,0x0000000080038FC0] -> 0x0513
mem[X,0x0000000080038FC2] -> 0x3345
[9239] [M]: 0x0000000080038FC0 (0x33450513) addi a0, a0, 820
x10 <- 0x3333333333333334
mem[X,0x0000000080038FC4] -> 0x0593
mem[X,0x0000000080038FC6] -> 0x0030
[9240] [M]: 0x0000000080038FC4 (0x00300593) addi a1, zero, 3
x11 <- 0x0000000000000003
mem[X,0x0000000080038FC8] -> 0x0113
mem[X,0x0000000080038FCA] -> 0x0000
[9241] [M]: 0x0000000080038FC8 (0x00000113) addi sp, zero, 0
x2 <- 0x0000000000000000
mem[X,0x0000000080038FCC] -> 0x006F
mem[X,0x0000000080038FCE] -> 0x00C0
[9242] [M]: 0x0000000080038FCC (0x00C0006F) jal zero, 12
mem[X,0x0000000080038FD8] -> 0x5CE3
mem[X,0x0000000080038FDA] -> 0xFEB5
[9243] [M]: 0x0000000080038FD8 (0xFEB55CE3) bge a0, a1, 8184
mem[X,0x0000000080038FD0] -> 0x0113
mem[X,0x0000000080038FD2] -> 0x0011
[9244] [M]: 0x0000000080038FD0 (0x00110113) addi sp, sp, 1
x2 <- 0x0000000000000001
mem[X,0x0000000080038FD4] -> 0x006F
mem[X,0x0000000080038FD6] -> 0x0180
[9245] [M]: 0x0000000080038FD4 (0x0180006F) jal zero, 24
mem[X,0x0000000080038FEC] -> 0xBC23
mem[X,0x0000000080038FEE] -> 0x1020
[9246] [M]: 0x0000000080038FEC (0x1020BC23) sd sp, 280(ra)
mem[0x000000008004A2E8] <- 0x0000000000000001
mem[X,0x0000000080038FF0] -> 0x3537
mem[X,0x0000000080038FF2] -> 0x3333
[9247] [M]: 0x0000000080038FF0 (0x33333537) lui a0, 209715
x10 <- 0x0000000033333000
mem[X,0x0000000080038FF4] -> 0x0513
mem[X,0x0000000080038FF6] -> 0x3335
[9248] [M]: 0x0000000080038FF4 (0x33350513) addi a0, a0, 819
x10 <- 0x0000000033333333
mem[X,0x0000000080038FF8] -> 0x1513
mem[X,0x0000000080038FFA] -> 0x00B5
[9249] [M]: 0x0000000080038FF8 (0x00B51513) slli a0, a0, 11
x10 <- 0x0000019999999800
mem[X,0x0000000080038FFC] -> 0x0513
mem[X,0x0000000080038FFE] -> 0x1995
[9250] [M]: 0x0000000080038FFC (0x19950513) addi a0, a0, 409
x10 <- 0x0000019999999999
mem[X,0x0000000080039000] -> 0x1513
mem[X,0x0000000080039002] -> 0x00B5
[9251] [M]: 0x0000000080039000 (0x00B51513) slli a0, a0, 11
x10 <- 0x000CCCCCCCCCC800
mem[X,0x0000000080039004] -> 0x0513
mem[X,0x0000000080039006] -> 0x4CC5
[9252] [M]: 0x0000000080039004 (0x4CC50513) addi a0, a0, 1228
x10 <- 0x000CCCCCCCCCCCCC
mem[X,0x0000000080039008] -> 0x1513
mem[X,0x000000008003900A] -> 0x00A5
[9253] [M]: 0x0000000080039008 (0x00A51513) slli a0, a0, 10
x10 <- 0x3333333333333000
mem[X,0x000000008003900C] -> 0x0513
mem[X,0x000000008003900E] -> 0x3345
[9254] [M]: 0x000000008003900C (0x33450513) addi a0, a0, 820
x10 <- 0x3333333333333334
mem[X,0x0000000080039010] -> 0x55B7
mem[X,0x0000000080039012] -> 0x5555
[9255] [M]: 0x0000000080039010 (0x555555B7) lui a1, 349525
x11 <- 0x0000000055555000
mem[X,0x0000000080039014] -> 0x8593
mem[X,0x0000000080039016] -> 0x5555
[9256] [M]: 0x0000000080039014 (0x55558593) addi a1, a1, 1365
x11 <- 0x0000000055555555
mem[X,0x0000000080039018] -> 0x9593
mem[X,0x000000008003901A] -> 0x00B5
[9257] [M]: 0x0000000080039018 (0x00B59593) slli a1, a1, 11
x11 <- 0x000002AAAAAAA800
mem[X,0x000000008003901C] -> 0x8593
mem[X,0x000000008003901E] -> 0x2AA5
[9258] [M]: 0x000000008003901C (0x2AA58593) addi a1, a1, 682
x11 <- 0x000002AAAAAAAAAA
mem[X,0x0000000080039020] -> 0x9593
mem[X,0x0000000080039022] -> 0x00B5
[9259] [M]: 0x0000000080039020 (0x00B59593) slli a1, a1, 11
x11 <- 0x0015555555555000
mem[X,0x0000000080039024] -> 0x8593
mem[X,0x0000000080039026] -> 0x5555
[9260] [M]: 0x0000000080039024 (0x55558593) addi a1, a1, 1365
x11 <- 0x0015555555555555
mem[X,0x0000000080039028] -> 0x9593
mem[X,0x000000008003902A] -> 0x00A5
[9261] [M]: 0x0000000080039028 (0x00A59593) slli a1, a1, 10
x11 <- 0x5555555555555400
mem[X,0x000000008003902C] -> 0x8593
mem[X,0x000000008003902E] -> 0x1555
[9262] [M]: 0x000000008003902C (0x15558593) addi a1, a1, 341
x11 <- 0x5555555555555555
mem[X,0x0000000080039030] -> 0x0113
mem[X,0x0000000080039032] -> 0x0000
[9263] [M]: 0x0000000080039030 (0x00000113) addi sp, zero, 0
x2 <- 0x0000000000000000
mem[X,0x0000000080039034] -> 0x006F
mem[X,0x0000000080039036] -> 0x2B10
[9264] [M]: 0x0000000080039034 (0x2B10006F) jal zero, 2736
mem[X,0x0000000080039AE4] -> 0x5A63
mem[X,0x0000000080039AE6] -> 0xD4B5
[9265] [M]: 0x0000000080039AE4 (0xD4B55A63) bge a0, a1, 5460
mem[X,0x0000000080039AE8] -> 0x0113
mem[X,0x0000000080039AEA] -> 0x0021
[9266] [M]: 0x0000000080039AE8 (0x00210113) addi sp, sp, 2
x2 <- 0x0000000000000002
mem[X,0x0000000080039AEC] -> 0x006F
mem[X,0x0000000080039AEE] -> 0x00C0
[9267] [M]: 0x0000000080039AEC (0x00C0006F) jal zero, 12
mem[X,0x0000000080039AF8] -> 0xB023
mem[X,0x0000000080039AFA] -> 0x1220
[9268] [M]: 0x0000000080039AF8 (0x1220B023) sd sp, 288(ra)
mem[0x000000008004A2F0] <- 0x0000000000000002
mem[X,0x0000000080039AFC] -> 0x3537
mem[X,0x0000000080039AFE] -> 0x3333
[9269] [M]: 0x0000000080039AFC (0x33333537) lui a0, 209715
x10 <- 0x0000000033333000
mem[X,0x0000000080039B00] -> 0x0513
mem[X,0x0000000080039B02] -> 0x3335
[9270] [M]: 0x0000000080039B00 (0x33350513) addi a0, a0, 819
x10 <- 0x0000000033333333
mem[X,0x0000000080039B04] -> 0x1513
mem[X,0x0000000080039B06] -> 0x00B5
[9271] [M]: 0x0000000080039B04 (0x00B51513) slli a0, a0, 11
x10 <- 0x0000019999999800
mem[X,0x0000000080039B08] -> 0x0513
mem[X,0x0000000080039B0A] -> 0x1995
[9272] [M]: 0x0000000080039B08 (0x19950513) addi a0, a0, 409
x10 <- 0x0000019999999999
mem[X,0x0000000080039B0C] -> 0x1513
mem[X,0x0000000080039B0E] -> 0x00B5
[9273] [M]: 0x0000000080039B0C (0x00B51513) slli a0, a0, 11
x10 <- 0x000CCCCCCCCCC800
mem[X,0x0000000080039B10] -> 0x0513
mem[X,0x0000000080039B12] -> 0x4CC5
[9274] [M]: 0x0000000080039B10 (0x4CC50513) addi a0, a0, 1228
x10 <- 0x000CCCCCCCCCCCCC
mem[X,0x0000000080039B14] -> 0x1513
mem[X,0x0000000080039B16] -> 0x00A5
[9275] [M]: 0x0000000080039B14 (0x00A51513) slli a0, a0, 10
x10 <- 0x3333333333333000
mem[X,0x0000000080039B18] -> 0x0513
mem[X,0x0000000080039B1A] -> 0x3345
[9276] [M]: 0x0000000080039B18 (0x33450513) addi a0, a0, 820
x10 <- 0x3333333333333334
mem[X,0x0000000080039B1C] -> 0xB5B7
mem[X,0x0000000080039B1E] -> 0xAAAA
[9277] [M]: 0x0000000080039B1C (0xAAAAB5B7) lui a1, 699051
x11 <- 0xFFFFFFFFAAAAB000
mem[X,0x0000000080039B20] -> 0x8593
mem[X,0x0000000080039B22] -> 0xAAA5
[9278] [M]: 0x0000000080039B20 (0xAAA58593) addi a1, a1, 2730
x11 <- 0xFFFFFFFFAAAAAAAA
mem[X,0x0000000080039B24] -> 0x9593
mem[X,0x0000000080039B26] -> 0x00B5
[9279] [M]: 0x0000000080039B24 (0x00B59593) slli a1, a1, 11
x11 <- 0xFFFFFD5555555000
mem[X,0x0000000080039B28] -> 0x8593
mem[X,0x0000000080039B2A] -> 0x5555
[9280] [M]: 0x0000000080039B28 (0x55558593) addi a1, a1, 1365
x11 <- 0xFFFFFD5555555555
mem[X,0x0000000080039B2C] -> 0x9593
mem[X,0x0000000080039B2E] -> 0x00B5
[9281] [M]: 0x0000000080039B2C (0x00B59593) slli a1, a1, 11
x11 <- 0xFFEAAAAAAAAAA800
mem[X,0x0000000080039B30] -> 0x8593
mem[X,0x0000000080039B32] -> 0x2AA5
[9282] [M]: 0x0000000080039B30 (0x2AA58593) addi a1, a1, 682
x11 <- 0xFFEAAAAAAAAAAAAA
mem[X,0x0000000080039B34] -> 0x9593
mem[X,0x0000000080039B36] -> 0x00A5
[9283] [M]: 0x0000000080039B34 (0x00A59593) slli a1, a1, 10
x11 <- 0xAAAAAAAAAAAAA800
mem[X,0x0000000080039B38] -> 0x8593
mem[X,0x0000000080039B3A] -> 0x2AA5
[9284] [M]: 0x0000000080039B38 (0x2AA58593) addi a1, a1, 682
x11 <- 0xAAAAAAAAAAAAAAAA
mem[X,0x0000000080039B3C] -> 0x0113
mem[X,0x0000000080039B3E] -> 0x0000
[9285] [M]: 0x0000000080039B3C (0x00000113) addi sp, zero, 0
x2 <- 0x0000000000000000
mem[X,0x0000000080039B40] -> 0x006F
mem[X,0x0000000080039B42] -> 0x00C0
[9286] [M]: 0x0000000080039B40 (0x00C0006F) jal zero, 12
mem[X,0x0000000080039B4C] -> 0x5CE3
mem[X,0x0000000080039B4E] -> 0xFEB5
[9287] [M]: 0x0000000080039B4C (0xFEB55CE3) bge a0, a1, 8184
mem[X,0x0000000080039B44] -> 0x0113
mem[X,0x0000000080039B46] -> 0x0011
[9288] [M]: 0x0000000080039B44 (0x00110113) addi sp, sp, 1
x2 <- 0x0000000000000001
mem[X,0x0000000080039B48] -> 0x006F
mem[X,0x0000000080039B4A] -> 0x0180
[9289] [M]: 0x0000000080039B48 (0x0180006F) jal zero, 24
mem[X,0x0000000080039B60] -> 0xB423
mem[X,0x0000000080039B62] -> 0x1220
[9290] [M]: 0x0000000080039B60 (0x1220B423) sd sp, 296(ra)
mem[0x000000008004A2F8] <- 0x0000000000000001
mem[X,0x0000000080039B64] -> 0x3537
mem[X,0x0000000080039B66] -> 0x3333
[9291] [M]: 0x0000000080039B64 (0x33333537) lui a0, 209715
x10 <- 0x0000000033333000
mem[X,0x0000000080039B68] -> 0x0513
mem[X,0x0000000080039B6A] -> 0x3335
[9292] [M]: 0x0000000080039B68 (0x33350513) addi a0, a0, 819
x10 <- 0x0000000033333333
mem[X,0x0000000080039B6C] -> 0x1513
mem[X,0x0000000080039B6E] -> 0x00B5
[9293] [M]: 0x0000000080039B6C (0x00B51513) slli a0, a0, 11
x10 <- 0x0000019999999800
mem[X,0x0000000080039B70] -> 0x0513
mem[X,0x0000000080039B72] -> 0x1995
[9294] [M]: 0x0000000080039B70 (0x19950513) addi a0, a0, 409
x10 <- 0x0000019999999999
mem[X,0x0000000080039B74] -> 0x1513
mem[X,0x0000000080039B76] -> 0x00B5
[9295] [M]: 0x0000000080039B74 (0x00B51513) slli a0, a0, 11
x10 <- 0x000CCCCCCCCCC800
mem[X,0x0000000080039B78] -> 0x0513
mem[X,0x0000000080039B7A] -> 0x4CC5
[9296] [M]: 0x0000000080039B78 (0x4CC50513) addi a0, a0, 1228
x10 <- 0x000CCCCCCCCCCCCC
mem[X,0x0000000080039B7C] -> 0x1513
mem[X,0x0000000080039B7E] -> 0x00A5
[9297] [M]: 0x0000000080039B7C (0x00A51513) slli a0, a0, 10
x10 <- 0x3333333333333000
mem[X,0x0000000080039B80] -> 0x0513
mem[X,0x0000000080039B82] -> 0x3345
[9298] [M]: 0x0000000080039B80 (0x33450513) addi a0, a0, 820
x10 <- 0x3333333333333334
mem[X,0x0000000080039B84] -> 0x0593
mem[X,0x0000000080039B86] -> 0x0050
[9299] [M]: 0x0000000080039B84 (0x00500593) addi a1, zero, 5
x11 <- 0x0000000000000005
clint::tick mtime <- 0x000000000000005D
 clint timer pending at mtime 0x000000000000005D
htif::tick 0x0000000000000000
mem[X,0x0000000080039B88] -> 0x0113
mem[X,0x0000000080039B8A] -> 0x0000
[9300] [M]: 0x0000000080039B88 (0x00000113) addi sp, zero, 0
x2 <- 0x0000000000000000
mem[X,0x0000000080039B8C] -> 0x006F
mem[X,0x0000000080039B8E] -> 0x2B10
[9301] [M]: 0x0000000080039B8C (0x2B10006F) jal zero, 2736
mem[X,0x000000008003A63C] -> 0x5A63
mem[X,0x000000008003A63E] -> 0xD4B5
[9302] [M]: 0x000000008003A63C (0xD4B55A63) bge a0, a1, 5460
mem[X,0x0000000080039B90] -> 0x0113
mem[X,0x0000000080039B92] -> 0x0011
[9303] [M]: 0x0000000080039B90 (0x00110113) addi sp, sp, 1
x2 <- 0x0000000000000001
mem[X,0x0000000080039B94] -> 0x006F
mem[X,0x0000000080039B96] -> 0x2BD0
[9304] [M]: 0x0000000080039B94 (0x2BD0006F) jal zero, 2748
mem[X,0x000000008003A650] -> 0xB823
mem[X,0x000000008003A652] -> 0x1220
[9305] [M]: 0x000000008003A650 (0x1220B823) sd sp, 304(ra)
mem[0x000000008004A300] <- 0x0000000000000001
mem[X,0x000000008003A654] -> 0x3537
mem[X,0x000000008003A656] -> 0x3333
[9306] [M]: 0x000000008003A654 (0x33333537) lui a0, 209715
x10 <- 0x0000000033333000
mem[X,0x000000008003A658] -> 0x0513
mem[X,0x000000008003A65A] -> 0x3335
[9307] [M]: 0x000000008003A658 (0x33350513) addi a0, a0, 819
x10 <- 0x0000000033333333
mem[X,0x000000008003A65C] -> 0x1513
mem[X,0x000000008003A65E] -> 0x00B5
[9308] [M]: 0x000000008003A65C (0x00B51513) slli a0, a0, 11
x10 <- 0x0000019999999800
mem[X,0x000000008003A660] -> 0x0513
mem[X,0x000000008003A662] -> 0x1995
[9309] [M]: 0x000000008003A660 (0x19950513) addi a0, a0, 409
x10 <- 0x0000019999999999
mem[X,0x000000008003A664] -> 0x1513
mem[X,0x000000008003A666] -> 0x00B5
[9310] [M]: 0x000000008003A664 (0x00B51513) slli a0, a0, 11
x10 <- 0x000CCCCCCCCCC800
mem[X,0x000000008003A668] -> 0x0513
mem[X,0x000000008003A66A] -> 0x4CC5
[9311] [M]: 0x000000008003A668 (0x4CC50513) addi a0, a0, 1228
x10 <- 0x000CCCCCCCCCCCCC
mem[X,0x000000008003A66C] -> 0x1513
mem[X,0x000000008003A66E] -> 0x00A5
[9312] [M]: 0x000000008003A66C (0x00A51513) slli a0, a0, 10
x10 <- 0x3333333333333000
mem[X,0x000000008003A670] -> 0x0513
mem[X,0x000000008003A672] -> 0x3345
[9313] [M]: 0x000000008003A670 (0x33450513) addi a0, a0, 820
x10 <- 0x3333333333333334
mem[X,0x000000008003A674] -> 0x35B7
mem[X,0x000000008003A676] -> 0x3333
[9314] [M]: 0x000000008003A674 (0x333335B7) lui a1, 209715
x11 <- 0x0000000033333000
mem[X,0x000000008003A678] -> 0x8593
mem[X,0x000000008003A67A] -> 0x3335
[9315] [M]: 0x000000008003A678 (0x33358593) addi a1, a1, 819
x11 <- 0x0000000033333333
mem[X,0x000000008003A67C] -> 0x9593
mem[X,0x000000008003A67E] -> 0x00B5
[9316] [M]: 0x000000008003A67C (0x00B59593) slli a1, a1, 11
x11 <- 0x0000019999999800
mem[X,0x000000008003A680] -> 0x8593
mem[X,0x000000008003A682] -> 0x1995
[9317] [M]: 0x000000008003A680 (0x19958593) addi a1, a1, 409
x11 <- 0x0000019999999999
mem[X,0x000000008003A684] -> 0x9593
mem[X,0x000000008003A686] -> 0x00B5
[9318] [M]: 0x000000008003A684 (0x00B59593) slli a1, a1, 11
x11 <- 0x000CCCCCCCCCC800
mem[X,0x000000008003A688] -> 0x8593
mem[X,0x000000008003A68A] -> 0x4CC5
[9319] [M]: 0x000000008003A688 (0x4CC58593) addi a1, a1, 1228
x11 <- 0x000CCCCCCCCCCCCC
mem[X,0x000000008003A68C] -> 0x9593
mem[X,0x000000008003A68E] -> 0x00A5
[9320] [M]: 0x000000008003A68C (0x00A59593) slli a1, a1, 10
x11 <- 0x3333333333333000
mem[X,0x000000008003A690] -> 0x8593
mem[X,0x000000008003A692] -> 0x3335
[9321] [M]: 0x000000008003A690 (0x33358593) addi a1, a1, 819
x11 <- 0x3333333333333333
mem[X,0x000000008003A694] -> 0x0113
mem[X,0x000000008003A696] -> 0x0000
[9322] [M]: 0x000000008003A694 (0x00000113) addi sp, zero, 0
x2 <- 0x0000000000000000
mem[X,0x000000008003A698] -> 0x006F
mem[X,0x000000008003A69A] -> 0x00C0
[9323] [M]: 0x000000008003A698 (0x00C0006F) jal zero, 12
mem[X,0x000000008003A6A4] -> 0x5663
mem[X,0x000000008003A6A6] -> 0x00B5
[9324] [M]: 0x000000008003A6A4 (0x00B55663) bge a0, a1, 12
mem[X,0x000000008003A6B0] -> 0x0113
mem[X,0x000000008003A6B2] -> 0x0031
[9325] [M]: 0x000000008003A6B0 (0x00310113) addi sp, sp, 3
x2 <- 0x0000000000000003
mem[X,0x000000008003A6B4] -> 0x006F
mem[X,0x000000008003A6B6] -> 0x0040
[9326] [M]: 0x000000008003A6B4 (0x0040006F) jal zero, 4
mem[X,0x000000008003A6B8] -> 0xBC23
mem[X,0x000000008003A6BA] -> 0x1220
[9327] [M]: 0x000000008003A6B8 (0x1220BC23) sd sp, 312(ra)
mem[0x000000008004A308] <- 0x0000000000000003
mem[X,0x000000008003A6BC] -> 0x3537
mem[X,0x000000008003A6BE] -> 0x3333
[9328] [M]: 0x000000008003A6BC (0x33333537) lui a0, 209715
x10 <- 0x0000000033333000
mem[X,0x000000008003A6C0] -> 0x0513
mem[X,0x000000008003A6C2] -> 0x3335
[9329] [M]: 0x000000008003A6C0 (0x33350513) addi a0, a0, 819
x10 <- 0x0000000033333333
mem[X,0x000000008003A6C4] -> 0x1513
mem[X,0x000000008003A6C6] -> 0x00B5
[9330] [M]: 0x000000008003A6C4 (0x00B51513) slli a0, a0, 11
x10 <- 0x0000019999999800
mem[X,0x000000008003A6C8] -> 0x0513
mem[X,0x000000008003A6CA] -> 0x1995
[9331] [M]: 0x000000008003A6C8 (0x19950513) addi a0, a0, 409
x10 <- 0x0000019999999999
mem[X,0x000000008003A6CC] -> 0x1513
mem[X,0x000000008003A6CE] -> 0x00B5
[9332] [M]: 0x000000008003A6CC (0x00B51513) slli a0, a0, 11
x10 <- 0x000CCCCCCCCCC800
mem[X,0x000000008003A6D0] -> 0x0513
mem[X,0x000000008003A6D2] -> 0x4CC5
[9333] [M]: 0x000000008003A6D0 (0x4CC50513) addi a0, a0, 1228
x10 <- 0x000CCCCCCCCCCCCC
mem[X,0x000000008003A6D4] -> 0x1513
mem[X,0x000000008003A6D6] -> 0x00A5
[9334] [M]: 0x000000008003A6D4 (0x00A51513) slli a0, a0, 10
x10 <- 0x3333333333333000
mem[X,0x000000008003A6D8] -> 0x0513
mem[X,0x000000008003A6DA] -> 0x3345
[9335] [M]: 0x000000008003A6D8 (0x33450513) addi a0, a0, 820
x10 <- 0x3333333333333334
mem[X,0x000000008003A6DC] -> 0x65B7
mem[X,0x000000008003A6DE] -> 0x6666
[9336] [M]: 0x000000008003A6DC (0x666665B7) lui a1, 419430
x11 <- 0x0000000066666000
mem[X,0x000000008003A6E0] -> 0x8593
mem[X,0x000000008003A6E2] -> 0x6665
[9337] [M]: 0x000000008003A6E0 (0x66658593) addi a1, a1, 1638
x11 <- 0x0000000066666666
mem[X,0x000000008003A6E4] -> 0x9593
mem[X,0x000000008003A6E6] -> 0x00B5
[9338] [M]: 0x000000008003A6E4 (0x00B59593) slli a1, a1, 11
x11 <- 0x0000033333333000
mem[X,0x000000008003A6E8] -> 0x8593
mem[X,0x000000008003A6EA] -> 0x3335
[9339] [M]: 0x000000008003A6E8 (0x33358593) addi a1, a1, 819
x11 <- 0x0000033333333333
mem[X,0x000000008003A6EC] -> 0x9593
mem[X,0x000000008003A6EE] -> 0x00B5
[9340] [M]: 0x000000008003A6EC (0x00B59593) slli a1, a1, 11
x11 <- 0x0019999999999800
mem[X,0x000000008003A6F0] -> 0x8593
mem[X,0x000000008003A6F2] -> 0x1995
[9341] [M]: 0x000000008003A6F0 (0x19958593) addi a1, a1, 409
x11 <- 0x0019999999999999
mem[X,0x000000008003A6F4] -> 0x9593
mem[X,0x000000008003A6F6] -> 0x00A5
[9342] [M]: 0x000000008003A6F4 (0x00A59593) slli a1, a1, 10
x11 <- 0x6666666666666400
mem[X,0x000000008003A6F8] -> 0x8593
mem[X,0x000000008003A6FA] -> 0x2665
[9343] [M]: 0x000000008003A6F8 (0x26658593) addi a1, a1, 614
x11 <- 0x6666666666666666
mem[X,0x000000008003A6FC] -> 0x0113
mem[X,0x000000008003A6FE] -> 0x0000
[9344] [M]: 0x000000008003A6FC (0x00000113) addi sp, zero, 0
x2 <- 0x0000000000000000
mem[X,0x000000008003A700] -> 0x006F
mem[X,0x000000008003A702] -> 0x00C0
[9345] [M]: 0x000000008003A700 (0x00C0006F) jal zero, 12
mem[X,0x000000008003A70C] -> 0x5063
mem[X,0x000000008003A70E] -> 0x40B5
[9346] [M]: 0x000000008003A70C (0x40B55063) bge a0, a1, 1024
mem[X,0x000000008003A710] -> 0x0113
mem[X,0x000000008003A712] -> 0x0021
[9347] [M]: 0x000000008003A710 (0x00210113) addi sp, sp, 2
x2 <- 0x0000000000000002
mem[X,0x000000008003A714] -> 0x006F
mem[X,0x000000008003A716] -> 0x4000
[9348] [M]: 0x000000008003A714 (0x4000006F) jal zero, 1024
mem[X,0x000000008003AB14] -> 0xB023
mem[X,0x000000008003AB16] -> 0x1420
[9349] [M]: 0x000000008003AB14 (0x1420B023) sd sp, 320(ra)
mem[0x000000008004A310] <- 0x0000000000000002
mem[X,0x000000008003AB18] -> 0x3537
mem[X,0x000000008003AB1A] -> 0x3333
[9350] [M]: 0x000000008003AB18 (0x33333537) lui a0, 209715
x10 <- 0x0000000033333000
mem[X,0x000000008003AB1C] -> 0x0513
mem[X,0x000000008003AB1E] -> 0x3335
[9351] [M]: 0x000000008003AB1C (0x33350513) addi a0, a0, 819
x10 <- 0x0000000033333333
mem[X,0x000000008003AB20] -> 0x1513
mem[X,0x000000008003AB22] -> 0x00B5
[9352] [M]: 0x000000008003AB20 (0x00B51513) slli a0, a0, 11
x10 <- 0x0000019999999800
mem[X,0x000000008003AB24] -> 0x0513
mem[X,0x000000008003AB26] -> 0x1995
[9353] [M]: 0x000000008003AB24 (0x19950513) addi a0, a0, 409
x10 <- 0x0000019999999999
mem[X,0x000000008003AB28] -> 0x1513
mem[X,0x000000008003AB2A] -> 0x00B5
[9354] [M]: 0x000000008003AB28 (0x00B51513) slli a0, a0, 11
x10 <- 0x000CCCCCCCCCC800
mem[X,0x000000008003AB2C] -> 0x0513
mem[X,0x000000008003AB2E] -> 0x4CC5
[9355] [M]: 0x000000008003AB2C (0x4CC50513) addi a0, a0, 1228
x10 <- 0x000CCCCCCCCCCCCC
mem[X,0x000000008003AB30] -> 0x1513
mem[X,0x000000008003AB32] -> 0x00A5
[9356] [M]: 0x000000008003AB30 (0x00A51513) slli a0, a0, 10
x10 <- 0x3333333333333000
mem[X,0x000000008003AB34] -> 0x0513
mem[X,0x000000008003AB36] -> 0x3345
[9357] [M]: 0x000000008003AB34 (0x33450513) addi a0, a0, 820
x10 <- 0x3333333333333334
mem[X,0x000000008003AB38] -> 0x05B7
mem[X,0x000000008003AB3A] -> 0x0000
[9358] [M]: 0x000000008003AB38 (0x000005B7) lui a1, 0
x11 <- 0x0000000000000000
mem[X,0x000000008003AB3C] -> 0x8593
mem[X,0x000000008003AB3E] -> 0xFFF5
[9359] [M]: 0x000000008003AB3C (0xFFF58593) addi a1, a1, 4095
x11 <- 0xFFFFFFFFFFFFFFFF
mem[X,0x000000008003AB40] -> 0x9593
mem[X,0x000000008003AB42] -> 0x00B5
[9360] [M]: 0x000000008003AB40 (0x00B59593) slli a1, a1, 11
x11 <- 0xFFFFFFFFFFFFF800
mem[X,0x000000008003AB44] -> 0x8593
mem[X,0x000000008003AB46] -> 0x2575
[9361] [M]: 0x000000008003AB44 (0x25758593) addi a1, a1, 599
x11 <- 0xFFFFFFFFFFFFFA57
mem[X,0x000000008003AB48] -> 0x9593
mem[X,0x000000008003AB4A] -> 0x00B5
[9362] [M]: 0x000000008003AB48 (0x00B59593) slli a1, a1, 11
x11 <- 0xFFFFFFFFFFD2B800
mem[X,0x000000008003AB4C] -> 0x8593
mem[X,0x000000008003AB4E] -> 0x6C35
[9363] [M]: 0x000000008003AB4C (0x6C358593) addi a1, a1, 1731
x11 <- 0xFFFFFFFFFFD2BEC3
mem[X,0x000000008003AB50] -> 0x9593
mem[X,0x000000008003AB52] -> 0x00A5
[9364] [M]: 0x000000008003AB50 (0x00A59593) slli a1, a1, 10
x11 <- 0xFFFFFFFF4AFB0C00
mem[X,0x000000008003AB54] -> 0x8593
mem[X,0x000000008003AB56] -> 0x0CD5
[9365] [M]: 0x000000008003AB54 (0x0CD58593) addi a1, a1, 205
x11 <- 0xFFFFFFFF4AFB0CCD
mem[X,0x000000008003AB58] -> 0x0113
mem[X,0x000000008003AB5A] -> 0x0000
[9366] [M]: 0x000000008003AB58 (0x00000113) addi sp, zero, 0
x2 <- 0x0000000000000000
mem[X,0x000000008003AB5C] -> 0x006F
mem[X,0x000000008003AB5E] -> 0x0140
[9367] [M]: 0x000000008003AB5C (0x0140006F) jal zero, 20
mem[X,0x000000008003AB70] -> 0x58E3
mem[X,0x000000008003AB72] -> 0xFEB5
[9368] [M]: 0x000000008003AB70 (0xFEB558E3) bge a0, a1, 8176
mem[X,0x000000008003AB60] -> 0x0113
mem[X,0x000000008003AB62] -> 0x0011
[9369] [M]: 0x000000008003AB60 (0x00110113) addi sp, sp, 1
x2 <- 0x0000000000000001
mem[X,0x000000008003AB64] -> 0x006F
mem[X,0x000000008003AB66] -> 0x0200
[9370] [M]: 0x000000008003AB64 (0x0200006F) jal zero, 32
mem[X,0x000000008003AB84] -> 0xB423
mem[X,0x000000008003AB86] -> 0x1420
[9371] [M]: 0x000000008003AB84 (0x1420B423) sd sp, 328(ra)
mem[0x000000008004A318] <- 0x0000000000000001
mem[X,0x000000008003AB88] -> 0x3537
mem[X,0x000000008003AB8A] -> 0x3333
[9372] [M]: 0x000000008003AB88 (0x33333537) lui a0, 209715
x10 <- 0x0000000033333000
mem[X,0x000000008003AB8C] -> 0x0513
mem[X,0x000000008003AB8E] -> 0x3335
[9373] [M]: 0x000000008003AB8C (0x33350513) addi a0, a0, 819
x10 <- 0x0000000033333333
mem[X,0x000000008003AB90] -> 0x1513
mem[X,0x000000008003AB92] -> 0x00B5
[9374] [M]: 0x000000008003AB90 (0x00B51513) slli a0, a0, 11
x10 <- 0x0000019999999800
mem[X,0x000000008003AB94] -> 0x0513
mem[X,0x000000008003AB96] -> 0x1995
[9375] [M]: 0x000000008003AB94 (0x19950513) addi a0, a0, 409
x10 <- 0x0000019999999999
mem[X,0x000000008003AB98] -> 0x1513
mem[X,0x000000008003AB9A] -> 0x00B5
[9376] [M]: 0x000000008003AB98 (0x00B51513) slli a0, a0, 11
x10 <- 0x000CCCCCCCCCC800
mem[X,0x000000008003AB9C] -> 0x0513
mem[X,0x000000008003AB9E] -> 0x4CC5
[9377] [M]: 0x000000008003AB9C (0x4CC50513) addi a0, a0, 1228
x10 <- 0x000CCCCCCCCCCCCC
mem[X,0x000000008003ABA0] -> 0x1513
mem[X,0x000000008003ABA2] -> 0x00A5
[9378] [M]: 0x000000008003ABA0 (0x00A51513) slli a0, a0, 10
x10 <- 0x3333333333333000
mem[X,0x000000008003ABA4] -> 0x0513
mem[X,0x000000008003ABA6] -> 0x3345
[9379] [M]: 0x000000008003ABA4 (0x33450513) addi a0, a0, 820
x10 <- 0x3333333333333334
mem[X,0x000000008003ABA8] -> 0x05B7
mem[X,0x000000008003ABAA] -> 0x0000
[9380] [M]: 0x000000008003ABA8 (0x000005B7) lui a1, 0
x11 <- 0x0000000000000000
mem[X,0x000000008003ABAC] -> 0x8593
mem[X,0x000000008003ABAE] -> 0x0005
[9381] [M]: 0x000000008003ABAC (0x00058593) addi a1, a1, 0
x11 <- 0x0000000000000000
mem[X,0x000000008003ABB0] -> 0x9593
mem[X,0x000000008003ABB2] -> 0x00B5
[9382] [M]: 0x000000008003ABB0 (0x00B59593) slli a1, a1, 11
x11 <- 0x0000000000000000
mem[X,0x000000008003ABB4] -> 0x8593
mem[X,0x000000008003ABB6] -> 0x5A85
[9383] [M]: 0x000000008003ABB4 (0x5A858593) addi a1, a1, 1448
x11 <- 0x00000000000005A8
mem[X,0x000000008003ABB8] -> 0x9593
mem[X,0x000000008003ABBA] -> 0x00B5
[9384] [M]: 0x000000008003ABB8 (0x00B59593) slli a1, a1, 11
x11 <- 0x00000000002D4000
mem[X,0x000000008003ABBC] -> 0x8593
mem[X,0x000000008003ABBE] -> 0x13C5
[9385] [M]: 0x000000008003ABBC (0x13C58593) addi a1, a1, 316
x11 <- 0x00000000002D413C
mem[X,0x000000008003ABC0] -> 0x9593
mem[X,0x000000008003ABC2] -> 0x00A5
[9386] [M]: 0x000000008003ABC0 (0x00A59593) slli a1, a1, 10
x11 <- 0x00000000B504F000
mem[X,0x000000008003ABC4] -> 0x8593
mem[X,0x000000008003ABC6] -> 0x3335
[9387] [M]: 0x000000008003ABC4 (0x33358593) addi a1, a1, 819
x11 <- 0x00000000B504F333
mem[X,0x000000008003ABC8] -> 0x0113
mem[X,0x000000008003ABCA] -> 0x0000
[9388] [M]: 0x000000008003ABC8 (0x00000113) addi sp, zero, 0
x2 <- 0x0000000000000000
mem[X,0x000000008003ABCC] -> 0x006F
mem[X,0x000000008003ABCE] -> 0x00C0
[9389] [M]: 0x000000008003ABCC (0x00C0006F) jal zero, 12
mem[X,0x000000008003ABD8] -> 0x5663
mem[X,0x000000008003ABDA] -> 0x00B5
[9390] [M]: 0x000000008003ABD8 (0x00B55663) bge a0, a1, 12
mem[X,0x000000008003ABE4] -> 0x0113
mem[X,0x000000008003ABE6] -> 0x0031
[9391] [M]: 0x000000008003ABE4 (0x00310113) addi sp, sp, 3
x2 <- 0x0000000000000003
mem[X,0x000000008003ABE8] -> 0x006F
mem[X,0x000000008003ABEA] -> 0x0040
[9392] [M]: 0x000000008003ABE8 (0x0040006F) jal zero, 4
mem[X,0x000000008003ABEC] -> 0xB823
mem[X,0x000000008003ABEE] -> 0x1420
[9393] [M]: 0x000000008003ABEC (0x1420B823) sd sp, 336(ra)
mem[0x000000008004A320] <- 0x0000000000000003
mem[X,0x000000008003ABF0] -> 0x3537
mem[X,0x000000008003ABF2] -> 0x3333
[9394] [M]: 0x000000008003ABF0 (0x33333537) lui a0, 209715
x10 <- 0x0000000033333000
mem[X,0x000000008003ABF4] -> 0x0513
mem[X,0x000000008003ABF6] -> 0x3335
[9395] [M]: 0x000000008003ABF4 (0x33350513) addi a0, a0, 819
x10 <- 0x0000000033333333
mem[X,0x000000008003ABF8] -> 0x1513
mem[X,0x000000008003ABFA] -> 0x00B5
[9396] [M]: 0x000000008003ABF8 (0x00B51513) slli a0, a0, 11
x10 <- 0x0000019999999800
mem[X,0x000000008003ABFC] -> 0x0513
mem[X,0x000000008003ABFE] -> 0x1995
[9397] [M]: 0x000000008003ABFC (0x19950513) addi a0, a0, 409
x10 <- 0x0000019999999999
mem[X,0x000000008003AC00] -> 0x1513
mem[X,0x000000008003AC02] -> 0x00B5
[9398] [M]: 0x000000008003AC00 (0x00B51513) slli a0, a0, 11
x10 <- 0x000CCCCCCCCCC800
mem[X,0x000000008003AC04] -> 0x0513
mem[X,0x000000008003AC06] -> 0x4CC5
[9399] [M]: 0x000000008003AC04 (0x4CC50513) addi a0, a0, 1228
x10 <- 0x000CCCCCCCCCCCCC
clint::tick mtime <- 0x000000000000005E
 clint timer pending at mtime 0x000000000000005E
htif::tick 0x0000000000000000
mem[X,0x000000008003AC08] -> 0x1513
mem[X,0x000000008003AC0A] -> 0x00A5
[9400] [M]: 0x000000008003AC08 (0x00A51513) slli a0, a0, 10
x10 <- 0x3333333333333000
mem[X,0x000000008003AC0C] -> 0x0513
mem[X,0x000000008003AC0E] -> 0x3345
[9401] [M]: 0x000000008003AC0C (0x33450513) addi a0, a0, 820
x10 <- 0x3333333333333334
mem[X,0x000000008003AC10] -> 0x0593
mem[X,0x000000008003AC12] -> 0x0020
[9402] [M]: 0x000000008003AC10 (0x00200593) addi a1, zero, 2
x11 <- 0x0000000000000002
mem[X,0x000000008003AC14] -> 0x0113
mem[X,0x000000008003AC16] -> 0x0000
[9403] [M]: 0x000000008003AC14 (0x00000113) addi sp, zero, 0
x2 <- 0x0000000000000000
mem[X,0x000000008003AC18] -> 0x006F
mem[X,0x000000008003AC1A] -> 0x00C0
[9404] [M]: 0x000000008003AC18 (0x00C0006F) jal zero, 12
mem[X,0x000000008003AC24] -> 0x5663
mem[X,0x000000008003AC26] -> 0x00B5
[9405] [M]: 0x000000008003AC24 (0x00B55663) bge a0, a1, 12
mem[X,0x000000008003AC30] -> 0x0113
mem[X,0x000000008003AC32] -> 0x0031
[9406] [M]: 0x000000008003AC30 (0x00310113) addi sp, sp, 3
x2 <- 0x0000000000000003
mem[X,0x000000008003AC34] -> 0x006F
mem[X,0x000000008003AC36] -> 0x0040
[9407] [M]: 0x000000008003AC34 (0x0040006F) jal zero, 4
mem[X,0x000000008003AC38] -> 0xBC23
mem[X,0x000000008003AC3A] -> 0x1420
[9408] [M]: 0x000000008003AC38 (0x1420BC23) sd sp, 344(ra)
mem[0x000000008004A328] <- 0x0000000000000003
mem[X,0x000000008003AC3C] -> 0x3537
mem[X,0x000000008003AC3E] -> 0x3333
[9409] [M]: 0x000000008003AC3C (0x33333537) lui a0, 209715
x10 <- 0x0000000033333000
mem[X,0x000000008003AC40] -> 0x0513
mem[X,0x000000008003AC42] -> 0x3335
[9410] [M]: 0x000000008003AC40 (0x33350513) addi a0, a0, 819
x10 <- 0x0000000033333333
mem[X,0x000000008003AC44] -> 0x1513
mem[X,0x000000008003AC46] -> 0x00B5
[9411] [M]: 0x000000008003AC44 (0x00B51513) slli a0, a0, 11
x10 <- 0x0000019999999800
mem[X,0x000000008003AC48] -> 0x0513
mem[X,0x000000008003AC4A] -> 0x1995
[9412] [M]: 0x000000008003AC48 (0x19950513) addi a0, a0, 409
x10 <- 0x0000019999999999
mem[X,0x000000008003AC4C] -> 0x1513
mem[X,0x000000008003AC4E] -> 0x00B5
[9413] [M]: 0x000000008003AC4C (0x00B51513) slli a0, a0, 11
x10 <- 0x000CCCCCCCCCC800
mem[X,0x000000008003AC50] -> 0x0513
mem[X,0x000000008003AC52] -> 0x4CC5
[9414] [M]: 0x000000008003AC50 (0x4CC50513) addi a0, a0, 1228
x10 <- 0x000CCCCCCCCCCCCC
mem[X,0x000000008003AC54] -> 0x1513
mem[X,0x000000008003AC56] -> 0x00A5
[9415] [M]: 0x000000008003AC54 (0x00A51513) slli a0, a0, 10
x10 <- 0x3333333333333000
mem[X,0x000000008003AC58] -> 0x0513
mem[X,0x000000008003AC5A] -> 0x3345
[9416] [M]: 0x000000008003AC58 (0x33450513) addi a0, a0, 820
x10 <- 0x3333333333333334
mem[X,0x000000008003AC5C] -> 0x55B7
mem[X,0x000000008003AC5E] -> 0x5555
[9417] [M]: 0x000000008003AC5C (0x555555B7) lui a1, 349525
x11 <- 0x0000000055555000
mem[X,0x000000008003AC60] -> 0x8593
mem[X,0x000000008003AC62] -> 0x5555
[9418] [M]: 0x000000008003AC60 (0x55558593) addi a1, a1, 1365
x11 <- 0x0000000055555555
mem[X,0x000000008003AC64] -> 0x9593
mem[X,0x000000008003AC66] -> 0x00B5
[9419] [M]: 0x000000008003AC64 (0x00B59593) slli a1, a1, 11
x11 <- 0x000002AAAAAAA800
mem[X,0x000000008003AC68] -> 0x8593
mem[X,0x000000008003AC6A] -> 0x2AA5
[9420] [M]: 0x000000008003AC68 (0x2AA58593) addi a1, a1, 682
x11 <- 0x000002AAAAAAAAAA
mem[X,0x000000008003AC6C] -> 0x9593
mem[X,0x000000008003AC6E] -> 0x00B5
[9421] [M]: 0x000000008003AC6C (0x00B59593) slli a1, a1, 11
x11 <- 0x0015555555555000
mem[X,0x000000008003AC70] -> 0x8593
mem[X,0x000000008003AC72] -> 0x5555
[9422] [M]: 0x000000008003AC70 (0x55558593) addi a1, a1, 1365
x11 <- 0x0015555555555555
mem[X,0x000000008003AC74] -> 0x9593
mem[X,0x000000008003AC76] -> 0x00A5
[9423] [M]: 0x000000008003AC74 (0x00A59593) slli a1, a1, 10
x11 <- 0x5555555555555400
mem[X,0x000000008003AC78] -> 0x8593
mem[X,0x000000008003AC7A] -> 0x1545
[9424] [M]: 0x000000008003AC78 (0x15458593) addi a1, a1, 340
x11 <- 0x5555555555555554
mem[X,0x000000008003AC7C] -> 0x0113
mem[X,0x000000008003AC7E] -> 0x0000
[9425] [M]: 0x000000008003AC7C (0x00000113) addi sp, zero, 0
x2 <- 0x0000000000000000
mem[X,0x000000008003AC80] -> 0x006F
mem[X,0x000000008003AC82] -> 0x00C0
[9426] [M]: 0x000000008003AC80 (0x00C0006F) jal zero, 12
mem[X,0x000000008003AC8C] -> 0x5063
mem[X,0x000000008003AC8E] -> 0x02B5
[9427] [M]: 0x000000008003AC8C (0x02B55063) bge a0, a1, 32
mem[X,0x000000008003AC90] -> 0x0113
mem[X,0x000000008003AC92] -> 0x0021
[9428] [M]: 0x000000008003AC90 (0x00210113) addi sp, sp, 2
x2 <- 0x0000000000000002
mem[X,0x000000008003AC94] -> 0x006F
mem[X,0x000000008003AC96] -> 0x0200
[9429] [M]: 0x000000008003AC94 (0x0200006F) jal zero, 32
mem[X,0x000000008003ACB4] -> 0xB023
mem[X,0x000000008003ACB6] -> 0x1620
[9430] [M]: 0x000000008003ACB4 (0x1620B023) sd sp, 352(ra)
mem[0x000000008004A330] <- 0x0000000000000002
mem[X,0x000000008003ACB8] -> 0x3537
mem[X,0x000000008003ACBA] -> 0x3333
[9431] [M]: 0x000000008003ACB8 (0x33333537) lui a0, 209715
x10 <- 0x0000000033333000
mem[X,0x000000008003ACBC] -> 0x0513
mem[X,0x000000008003ACBE] -> 0x3335
[9432] [M]: 0x000000008003ACBC (0x33350513) addi a0, a0, 819
x10 <- 0x0000000033333333
mem[X,0x000000008003ACC0] -> 0x1513
mem[X,0x000000008003ACC2] -> 0x00B5
[9433] [M]: 0x000000008003ACC0 (0x00B51513) slli a0, a0, 11
x10 <- 0x0000019999999800
mem[X,0x000000008003ACC4] -> 0x0513
mem[X,0x000000008003ACC6] -> 0x1995
[9434] [M]: 0x000000008003ACC4 (0x19950513) addi a0, a0, 409
x10 <- 0x0000019999999999
mem[X,0x000000008003ACC8] -> 0x1513
mem[X,0x000000008003ACCA] -> 0x00B5
[9435] [M]: 0x000000008003ACC8 (0x00B51513) slli a0, a0, 11
x10 <- 0x000CCCCCCCCCC800
mem[X,0x000000008003ACCC] -> 0x0513
mem[X,0x000000008003ACCE] -> 0x4CC5
[9436] [M]: 0x000000008003ACCC (0x4CC50513) addi a0, a0, 1228
x10 <- 0x000CCCCCCCCCCCCC
mem[X,0x000000008003ACD0] -> 0x1513
mem[X,0x000000008003ACD2] -> 0x00A5
[9437] [M]: 0x000000008003ACD0 (0x00A51513) slli a0, a0, 10
x10 <- 0x3333333333333000
mem[X,0x000000008003ACD4] -> 0x0513
mem[X,0x000000008003ACD6] -> 0x3345
[9438] [M]: 0x000000008003ACD4 (0x33450513) addi a0, a0, 820
x10 <- 0x3333333333333334
mem[X,0x000000008003ACD8] -> 0x0593
mem[X,0x000000008003ACDA] -> 0x0000
[9439] [M]: 0x000000008003ACD8 (0x00000593) addi a1, zero, 0
x11 <- 0x0000000000000000
mem[X,0x000000008003ACDC] -> 0x0113
mem[X,0x000000008003ACDE] -> 0x0000
[9440] [M]: 0x000000008003ACDC (0x00000113) addi sp, zero, 0
x2 <- 0x0000000000000000
mem[X,0x000000008003ACE0] -> 0x006F
mem[X,0x000000008003ACE2] -> 0x00C0
[9441] [M]: 0x000000008003ACE0 (0x00C0006F) jal zero, 12
mem[X,0x000000008003ACEC] -> 0x5663
mem[X,0x000000008003ACEE] -> 0x00B5
[9442] [M]: 0x000000008003ACEC (0x00B55663) bge a0, a1, 12
mem[X,0x000000008003ACF8] -> 0x0113
mem[X,0x000000008003ACFA] -> 0x0031
[9443] [M]: 0x000000008003ACF8 (0x00310113) addi sp, sp, 3
x2 <- 0x0000000000000003
mem[X,0x000000008003ACFC] -> 0x006F
mem[X,0x000000008003ACFE] -> 0x0040
[9444] [M]: 0x000000008003ACFC (0x0040006F) jal zero, 4
mem[X,0x000000008003AD00] -> 0xB423
mem[X,0x000000008003AD02] -> 0x1620
[9445] [M]: 0x000000008003AD00 (0x1620B423) sd sp, 360(ra)
mem[0x000000008004A338] <- 0x0000000000000003
mem[X,0x000000008003AD04] -> 0x3537
mem[X,0x000000008003AD06] -> 0x3333
[9446] [M]: 0x000000008003AD04 (0x33333537) lui a0, 209715
x10 <- 0x0000000033333000
mem[X,0x000000008003AD08] -> 0x0513
mem[X,0x000000008003AD0A] -> 0x3335
[9447] [M]: 0x000000008003AD08 (0x33350513) addi a0, a0, 819
x10 <- 0x0000000033333333
mem[X,0x000000008003AD0C] -> 0x1513
mem[X,0x000000008003AD0E] -> 0x00B5
[9448] [M]: 0x000000008003AD0C (0x00B51513) slli a0, a0, 11
x10 <- 0x0000019999999800
mem[X,0x000000008003AD10] -> 0x0513
mem[X,0x000000008003AD12] -> 0x1995
[9449] [M]: 0x000000008003AD10 (0x19950513) addi a0, a0, 409
x10 <- 0x0000019999999999
mem[X,0x000000008003AD14] -> 0x1513
mem[X,0x000000008003AD16] -> 0x00B5
[9450] [M]: 0x000000008003AD14 (0x00B51513) slli a0, a0, 11
x10 <- 0x000CCCCCCCCCC800
mem[X,0x000000008003AD18] -> 0x0513
mem[X,0x000000008003AD1A] -> 0x4CC5
[9451] [M]: 0x000000008003AD18 (0x4CC50513) addi a0, a0, 1228
x10 <- 0x000CCCCCCCCCCCCC
mem[X,0x000000008003AD1C] -> 0x1513
mem[X,0x000000008003AD1E] -> 0x00A5
[9452] [M]: 0x000000008003AD1C (0x00A51513) slli a0, a0, 10
x10 <- 0x3333333333333000
mem[X,0x000000008003AD20] -> 0x0513
mem[X,0x000000008003AD22] -> 0x3345
[9453] [M]: 0x000000008003AD20 (0x33450513) addi a0, a0, 820
x10 <- 0x3333333333333334
mem[X,0x000000008003AD24] -> 0x0593
mem[X,0x000000008003AD26] -> 0x0040
[9454] [M]: 0x000000008003AD24 (0x00400593) addi a1, zero, 4
x11 <- 0x0000000000000004
mem[X,0x000000008003AD28] -> 0x0113
mem[X,0x000000008003AD2A] -> 0x0000
[9455] [M]: 0x000000008003AD28 (0x00000113) addi sp, zero, 0
x2 <- 0x0000000000000000
mem[X,0x000000008003AD2C] -> 0x006F
mem[X,0x000000008003AD2E] -> 0x00C0
[9456] [M]: 0x000000008003AD2C (0x00C0006F) jal zero, 12
mem[X,0x000000008003AD38] -> 0x5063
mem[X,0x000000008003AD3A] -> 0x04B5
[9457] [M]: 0x000000008003AD38 (0x04B55063) bge a0, a1, 64
mem[X,0x000000008003AD78] -> 0x0113
mem[X,0x000000008003AD7A] -> 0x0031
[9458] [M]: 0x000000008003AD78 (0x00310113) addi sp, sp, 3
x2 <- 0x0000000000000003
mem[X,0x000000008003AD7C] -> 0x006F
mem[X,0x000000008003AD7E] -> 0x0040
[9459] [M]: 0x000000008003AD7C (0x0040006F) jal zero, 4
mem[X,0x000000008003AD80] -> 0xB823
mem[X,0x000000008003AD82] -> 0x1620
[9460] [M]: 0x000000008003AD80 (0x1620B823) sd sp, 368(ra)
mem[0x000000008004A340] <- 0x0000000000000003
mem[X,0x000000008003AD84] -> 0x3537
mem[X,0x000000008003AD86] -> 0x3333
[9461] [M]: 0x000000008003AD84 (0x33333537) lui a0, 209715
x10 <- 0x0000000033333000
mem[X,0x000000008003AD88] -> 0x0513
mem[X,0x000000008003AD8A] -> 0x3335
[9462] [M]: 0x000000008003AD88 (0x33350513) addi a0, a0, 819
x10 <- 0x0000000033333333
mem[X,0x000000008003AD8C] -> 0x1513
mem[X,0x000000008003AD8E] -> 0x00B5
[9463] [M]: 0x000000008003AD8C (0x00B51513) slli a0, a0, 11
x10 <- 0x0000019999999800
mem[X,0x000000008003AD90] -> 0x0513
mem[X,0x000000008003AD92] -> 0x1995
[9464] [M]: 0x000000008003AD90 (0x19950513) addi a0, a0, 409
x10 <- 0x0000019999999999
mem[X,0x000000008003AD94] -> 0x1513
mem[X,0x000000008003AD96] -> 0x00B5
[9465] [M]: 0x000000008003AD94 (0x00B51513) slli a0, a0, 11
x10 <- 0x000CCCCCCCCCC800
mem[X,0x000000008003AD98] -> 0x0513
mem[X,0x000000008003AD9A] -> 0x4CC5
[9466] [M]: 0x000000008003AD98 (0x4CC50513) addi a0, a0, 1228
x10 <- 0x000CCCCCCCCCCCCC
mem[X,0x000000008003AD9C] -> 0x1513
mem[X,0x000000008003AD9E] -> 0x00A5
[9467] [M]: 0x000000008003AD9C (0x00A51513) slli a0, a0, 10
x10 <- 0x3333333333333000
mem[X,0x000000008003ADA0] -> 0x0513
mem[X,0x000000008003ADA2] -> 0x3345
[9468] [M]: 0x000000008003ADA0 (0x33450513) addi a0, a0, 820
x10 <- 0x3333333333333334
mem[X,0x000000008003ADA4] -> 0x35B7
mem[X,0x000000008003ADA6] -> 0x3333
[9469] [M]: 0x000000008003ADA4 (0x333335B7) lui a1, 209715
x11 <- 0x0000000033333000
mem[X,0x000000008003ADA8] -> 0x8593
mem[X,0x000000008003ADAA] -> 0x3335
[9470] [M]: 0x000000008003ADA8 (0x33358593) addi a1, a1, 819
x11 <- 0x0000000033333333
mem[X,0x000000008003ADAC] -> 0x9593
mem[X,0x000000008003ADAE] -> 0x00B5
[9471] [M]: 0x000000008003ADAC (0x00B59593) slli a1, a1, 11
x11 <- 0x0000019999999800
mem[X,0x000000008003ADB0] -> 0x8593
mem[X,0x000000008003ADB2] -> 0x1995
[9472] [M]: 0x000000008003ADB0 (0x19958593) addi a1, a1, 409
x11 <- 0x0000019999999999
mem[X,0x000000008003ADB4] -> 0x9593
mem[X,0x000000008003ADB6] -> 0x00B5
[9473] [M]: 0x000000008003ADB4 (0x00B59593) slli a1, a1, 11
x11 <- 0x000CCCCCCCCCC800
mem[X,0x000000008003ADB8] -> 0x8593
mem[X,0x000000008003ADBA] -> 0x4CC5
[9474] [M]: 0x000000008003ADB8 (0x4CC58593) addi a1, a1, 1228
x11 <- 0x000CCCCCCCCCCCCC
mem[X,0x000000008003ADBC] -> 0x9593
mem[X,0x000000008003ADBE] -> 0x00A5
[9475] [M]: 0x000000008003ADBC (0x00A59593) slli a1, a1, 10
x11 <- 0x3333333333333000
mem[X,0x000000008003ADC0] -> 0x8593
mem[X,0x000000008003ADC2] -> 0x3325
[9476] [M]: 0x000000008003ADC0 (0x33258593) addi a1, a1, 818
x11 <- 0x3333333333333332
mem[X,0x000000008003ADC4] -> 0x0113
mem[X,0x000000008003ADC6] -> 0x0000
[9477] [M]: 0x000000008003ADC4 (0x00000113) addi sp, zero, 0
x2 <- 0x0000000000000000
mem[X,0x000000008003ADC8] -> 0x006F
mem[X,0x000000008003ADCA] -> 0x2B10
[9478] [M]: 0x000000008003ADC8 (0x2B10006F) jal zero, 2736
mem[X,0x000000008003B878] -> 0x5A63
mem[X,0x000000008003B87A] -> 0xD4B5
[9479] [M]: 0x000000008003B878 (0xD4B55A63) bge a0, a1, 5460
mem[X,0x000000008003ADCC] -> 0x0113
mem[X,0x000000008003ADCE] -> 0x0011
[9480] [M]: 0x000000008003ADCC (0x00110113) addi sp, sp, 1
x2 <- 0x0000000000000001
mem[X,0x000000008003ADD0] -> 0x006F
mem[X,0x000000008003ADD2] -> 0x2BD0
[9481] [M]: 0x000000008003ADD0 (0x2BD0006F) jal zero, 2748
mem[X,0x000000008003B88C] -> 0xBC23
mem[X,0x000000008003B88E] -> 0x1620
[9482] [M]: 0x000000008003B88C (0x1620BC23) sd sp, 376(ra)
mem[0x000000008004A348] <- 0x0000000000000001
mem[X,0x000000008003B890] -> 0x3537
mem[X,0x000000008003B892] -> 0x3333
[9483] [M]: 0x000000008003B890 (0x33333537) lui a0, 209715
x10 <- 0x0000000033333000
mem[X,0x000000008003B894] -> 0x0513
mem[X,0x000000008003B896] -> 0x3335
[9484] [M]: 0x000000008003B894 (0x33350513) addi a0, a0, 819
x10 <- 0x0000000033333333
mem[X,0x000000008003B898] -> 0x1513
mem[X,0x000000008003B89A] -> 0x00B5
[9485] [M]: 0x000000008003B898 (0x00B51513) slli a0, a0, 11
x10 <- 0x0000019999999800
mem[X,0x000000008003B89C] -> 0x0513
mem[X,0x000000008003B89E] -> 0x1995
[9486] [M]: 0x000000008003B89C (0x19950513) addi a0, a0, 409
x10 <- 0x0000019999999999
mem[X,0x000000008003B8A0] -> 0x1513
mem[X,0x000000008003B8A2] -> 0x00B5
[9487] [M]: 0x000000008003B8A0 (0x00B51513) slli a0, a0, 11
x10 <- 0x000CCCCCCCCCC800
mem[X,0x000000008003B8A4] -> 0x0513
mem[X,0x000000008003B8A6] -> 0x4CC5
[9488] [M]: 0x000000008003B8A4 (0x4CC50513) addi a0, a0, 1228
x10 <- 0x000CCCCCCCCCCCCC
mem[X,0x000000008003B8A8] -> 0x1513
mem[X,0x000000008003B8AA] -> 0x00A5
[9489] [M]: 0x000000008003B8A8 (0x00A51513) slli a0, a0, 10
x10 <- 0x3333333333333000
mem[X,0x000000008003B8AC] -> 0x0513
mem[X,0x000000008003B8AE] -> 0x3345
[9490] [M]: 0x000000008003B8AC (0x33450513) addi a0, a0, 820
x10 <- 0x3333333333333334
mem[X,0x000000008003B8B0] -> 0x65B7
mem[X,0x000000008003B8B2] -> 0x6666
[9491] [M]: 0x000000008003B8B0 (0x666665B7) lui a1, 419430
x11 <- 0x0000000066666000
mem[X,0x000000008003B8B4] -> 0x8593
mem[X,0x000000008003B8B6] -> 0x6665
[9492] [M]: 0x000000008003B8B4 (0x66658593) addi a1, a1, 1638
x11 <- 0x0000000066666666
mem[X,0x000000008003B8B8] -> 0x9593
mem[X,0x000000008003B8BA] -> 0x00B5
[9493] [M]: 0x000000008003B8B8 (0x00B59593) slli a1, a1, 11
x11 <- 0x0000033333333000
mem[X,0x000000008003B8BC] -> 0x8593
mem[X,0x000000008003B8BE] -> 0x3335
[9494] [M]: 0x000000008003B8BC (0x33358593) addi a1, a1, 819
x11 <- 0x0000033333333333
mem[X,0x000000008003B8C0] -> 0x9593
mem[X,0x000000008003B8C2] -> 0x00B5
[9495] [M]: 0x000000008003B8C0 (0x00B59593) slli a1, a1, 11
x11 <- 0x0019999999999800
mem[X,0x000000008003B8C4] -> 0x8593
mem[X,0x000000008003B8C6] -> 0x1995
[9496] [M]: 0x000000008003B8C4 (0x19958593) addi a1, a1, 409
x11 <- 0x0019999999999999
mem[X,0x000000008003B8C8] -> 0x9593
mem[X,0x000000008003B8CA] -> 0x00A5
[9497] [M]: 0x000000008003B8C8 (0x00A59593) slli a1, a1, 10
x11 <- 0x6666666666666400
mem[X,0x000000008003B8CC] -> 0x8593
mem[X,0x000000008003B8CE] -> 0x2655
[9498] [M]: 0x000000008003B8CC (0x26558593) addi a1, a1, 613
x11 <- 0x6666666666666665
mem[X,0x000000008003B8D0] -> 0x0113
mem[X,0x000000008003B8D2] -> 0x0000
[9499] [M]: 0x000000008003B8D0 (0x00000113) addi sp, zero, 0
x2 <- 0x0000000000000000
clint::tick mtime <- 0x000000000000005F
 clint timer pending at mtime 0x000000000000005F
htif::tick 0x0000000000000000
mem[X,0x000000008003B8D4] -> 0x006F
mem[X,0x000000008003B8D6] -> 0x00C0
[9500] [M]: 0x000000008003B8D4 (0x00C0006F) jal zero, 12
mem[X,0x000000008003B8E0] -> 0x5663
mem[X,0x000000008003B8E2] -> 0x00B5
[9501] [M]: 0x000000008003B8E0 (0x00B55663) bge a0, a1, 12
mem[X,0x000000008003B8E4] -> 0x0113
mem[X,0x000000008003B8E6] -> 0x0021
[9502] [M]: 0x000000008003B8E4 (0x00210113) addi sp, sp, 2
x2 <- 0x0000000000000002
mem[X,0x000000008003B8E8] -> 0x006F
mem[X,0x000000008003B8EA] -> 0x00C0
[9503] [M]: 0x000000008003B8E8 (0x00C0006F) jal zero, 12
mem[X,0x000000008003B8F4] -> 0xB023
mem[X,0x000000008003B8F6] -> 0x1820
[9504] [M]: 0x000000008003B8F4 (0x1820B023) sd sp, 384(ra)
mem[0x000000008004A350] <- 0x0000000000000002
mem[X,0x000000008003B8F8] -> 0x3537
mem[X,0x000000008003B8FA] -> 0x3333
[9505] [M]: 0x000000008003B8F8 (0x33333537) lui a0, 209715
x10 <- 0x0000000033333000
mem[X,0x000000008003B8FC] -> 0x0513
mem[X,0x000000008003B8FE] -> 0x3335
[9506] [M]: 0x000000008003B8FC (0x33350513) addi a0, a0, 819
x10 <- 0x0000000033333333
mem[X,0x000000008003B900] -> 0x1513
mem[X,0x000000008003B902] -> 0x00B5
[9507] [M]: 0x000000008003B900 (0x00B51513) slli a0, a0, 11
x10 <- 0x0000019999999800
mem[X,0x000000008003B904] -> 0x0513
mem[X,0x000000008003B906] -> 0x1995
[9508] [M]: 0x000000008003B904 (0x19950513) addi a0, a0, 409
x10 <- 0x0000019999999999
mem[X,0x000000008003B908] -> 0x1513
mem[X,0x000000008003B90A] -> 0x00B5
[9509] [M]: 0x000000008003B908 (0x00B51513) slli a0, a0, 11
x10 <- 0x000CCCCCCCCCC800
mem[X,0x000000008003B90C] -> 0x0513
mem[X,0x000000008003B90E] -> 0x4CC5
[9510] [M]: 0x000000008003B90C (0x4CC50513) addi a0, a0, 1228
x10 <- 0x000CCCCCCCCCCCCC
mem[X,0x000000008003B910] -> 0x1513
mem[X,0x000000008003B912] -> 0x00A5
[9511] [M]: 0x000000008003B910 (0x00A51513) slli a0, a0, 10
x10 <- 0x3333333333333000
mem[X,0x000000008003B914] -> 0x0513
mem[X,0x000000008003B916] -> 0x3345
[9512] [M]: 0x000000008003B914 (0x33450513) addi a0, a0, 820
x10 <- 0x3333333333333334
mem[X,0x000000008003B918] -> 0x05B7
mem[X,0x000000008003B91A] -> 0x0000
[9513] [M]: 0x000000008003B918 (0x000005B7) lui a1, 0
x11 <- 0x0000000000000000
mem[X,0x000000008003B91C] -> 0x8593
mem[X,0x000000008003B91E] -> 0x0005
[9514] [M]: 0x000000008003B91C (0x00058593) addi a1, a1, 0
x11 <- 0x0000000000000000
mem[X,0x000000008003B920] -> 0x9593
mem[X,0x000000008003B922] -> 0x00B5
[9515] [M]: 0x000000008003B920 (0x00B59593) slli a1, a1, 11
x11 <- 0x0000000000000000
mem[X,0x000000008003B924] -> 0x8593
mem[X,0x000000008003B926] -> 0x5A85
[9516] [M]: 0x000000008003B924 (0x5A858593) addi a1, a1, 1448
x11 <- 0x00000000000005A8
mem[X,0x000000008003B928] -> 0x9593
mem[X,0x000000008003B92A] -> 0x00B5
[9517] [M]: 0x000000008003B928 (0x00B59593) slli a1, a1, 11
x11 <- 0x00000000002D4000
mem[X,0x000000008003B92C] -> 0x8593
mem[X,0x000000008003B92E] -> 0x13C5
[9518] [M]: 0x000000008003B92C (0x13C58593) addi a1, a1, 316
x11 <- 0x00000000002D413C
mem[X,0x000000008003B930] -> 0x9593
mem[X,0x000000008003B932] -> 0x00A5
[9519] [M]: 0x000000008003B930 (0x00A59593) slli a1, a1, 10
x11 <- 0x00000000B504F000
mem[X,0x000000008003B934] -> 0x8593
mem[X,0x000000008003B936] -> 0x3325
[9520] [M]: 0x000000008003B934 (0x33258593) addi a1, a1, 818
x11 <- 0x00000000B504F332
mem[X,0x000000008003B938] -> 0x0113
mem[X,0x000000008003B93A] -> 0x0000
[9521] [M]: 0x000000008003B938 (0x00000113) addi sp, zero, 0
x2 <- 0x0000000000000000
mem[X,0x000000008003B93C] -> 0x006F
mem[X,0x000000008003B93E] -> 0x00C0
[9522] [M]: 0x000000008003B93C (0x00C0006F) jal zero, 12
mem[X,0x000000008003B948] -> 0x5063
mem[X,0x000000008003B94A] -> 0x40B5
[9523] [M]: 0x000000008003B948 (0x40B55063) bge a0, a1, 1024
mem[X,0x000000008003BD48] -> 0x0113
mem[X,0x000000008003BD4A] -> 0x0031
[9524] [M]: 0x000000008003BD48 (0x00310113) addi sp, sp, 3
x2 <- 0x0000000000000003
mem[X,0x000000008003BD4C] -> 0x006F
mem[X,0x000000008003BD4E] -> 0x0040
[9525] [M]: 0x000000008003BD4C (0x0040006F) jal zero, 4
mem[X,0x000000008003BD50] -> 0xB423
mem[X,0x000000008003BD52] -> 0x1820
[9526] [M]: 0x000000008003BD50 (0x1820B423) sd sp, 392(ra)
mem[0x000000008004A358] <- 0x0000000000000003
mem[X,0x000000008003BD54] -> 0x3537
mem[X,0x000000008003BD56] -> 0x3333
[9527] [M]: 0x000000008003BD54 (0x33333537) lui a0, 209715
x10 <- 0x0000000033333000
mem[X,0x000000008003BD58] -> 0x0513
mem[X,0x000000008003BD5A] -> 0x3335
[9528] [M]: 0x000000008003BD58 (0x33350513) addi a0, a0, 819
x10 <- 0x0000000033333333
mem[X,0x000000008003BD5C] -> 0x1513
mem[X,0x000000008003BD5E] -> 0x00B5
[9529] [M]: 0x000000008003BD5C (0x00B51513) slli a0, a0, 11
x10 <- 0x0000019999999800
mem[X,0x000000008003BD60] -> 0x0513
mem[X,0x000000008003BD62] -> 0x1995
[9530] [M]: 0x000000008003BD60 (0x19950513) addi a0, a0, 409
x10 <- 0x0000019999999999
mem[X,0x000000008003BD64] -> 0x1513
mem[X,0x000000008003BD66] -> 0x00B5
[9531] [M]: 0x000000008003BD64 (0x00B51513) slli a0, a0, 11
x10 <- 0x000CCCCCCCCCC800
mem[X,0x000000008003BD68] -> 0x0513
mem[X,0x000000008003BD6A] -> 0x4CC5
[9532] [M]: 0x000000008003BD68 (0x4CC50513) addi a0, a0, 1228
x10 <- 0x000CCCCCCCCCCCCC
mem[X,0x000000008003BD6C] -> 0x1513
mem[X,0x000000008003BD6E] -> 0x00A5
[9533] [M]: 0x000000008003BD6C (0x00A51513) slli a0, a0, 10
x10 <- 0x3333333333333000
mem[X,0x000000008003BD70] -> 0x0513
mem[X,0x000000008003BD72] -> 0x3345
[9534] [M]: 0x000000008003BD70 (0x33450513) addi a0, a0, 820
x10 <- 0x3333333333333334
mem[X,0x000000008003BD74] -> 0x55B7
mem[X,0x000000008003BD76] -> 0x5555
[9535] [M]: 0x000000008003BD74 (0x555555B7) lui a1, 349525
x11 <- 0x0000000055555000
mem[X,0x000000008003BD78] -> 0x8593
mem[X,0x000000008003BD7A] -> 0x5555
[9536] [M]: 0x000000008003BD78 (0x55558593) addi a1, a1, 1365
x11 <- 0x0000000055555555
mem[X,0x000000008003BD7C] -> 0x9593
mem[X,0x000000008003BD7E] -> 0x00B5
[9537] [M]: 0x000000008003BD7C (0x00B59593) slli a1, a1, 11
x11 <- 0x000002AAAAAAA800
mem[X,0x000000008003BD80] -> 0x8593
mem[X,0x000000008003BD82] -> 0x2AA5
[9538] [M]: 0x000000008003BD80 (0x2AA58593) addi a1, a1, 682
x11 <- 0x000002AAAAAAAAAA
mem[X,0x000000008003BD84] -> 0x9593
mem[X,0x000000008003BD86] -> 0x00B5
[9539] [M]: 0x000000008003BD84 (0x00B59593) slli a1, a1, 11
x11 <- 0x0015555555555000
mem[X,0x000000008003BD88] -> 0x8593
mem[X,0x000000008003BD8A] -> 0x5555
[9540] [M]: 0x000000008003BD88 (0x55558593) addi a1, a1, 1365
x11 <- 0x0015555555555555
mem[X,0x000000008003BD8C] -> 0x9593
mem[X,0x000000008003BD8E] -> 0x00A5
[9541] [M]: 0x000000008003BD8C (0x00A59593) slli a1, a1, 10
x11 <- 0x5555555555555400
mem[X,0x000000008003BD90] -> 0x8593
mem[X,0x000000008003BD92] -> 0x1565
[9542] [M]: 0x000000008003BD90 (0x15658593) addi a1, a1, 342
x11 <- 0x5555555555555556
mem[X,0x000000008003BD94] -> 0x0113
mem[X,0x000000008003BD96] -> 0x0000
[9543] [M]: 0x000000008003BD94 (0x00000113) addi sp, zero, 0
x2 <- 0x0000000000000000
mem[X,0x000000008003BD98] -> 0x006F
mem[X,0x000000008003BD9A] -> 0x00C0
[9544] [M]: 0x000000008003BD98 (0x00C0006F) jal zero, 12
mem[X,0x000000008003BDA4] -> 0x5663
mem[X,0x000000008003BDA6] -> 0x00B5
[9545] [M]: 0x000000008003BDA4 (0x00B55663) bge a0, a1, 12
mem[X,0x000000008003BDA8] -> 0x0113
mem[X,0x000000008003BDAA] -> 0x0021
[9546] [M]: 0x000000008003BDA8 (0x00210113) addi sp, sp, 2
x2 <- 0x0000000000000002
mem[X,0x000000008003BDAC] -> 0x006F
mem[X,0x000000008003BDAE] -> 0x00C0
[9547] [M]: 0x000000008003BDAC (0x00C0006F) jal zero, 12
mem[X,0x000000008003BDB8] -> 0xB823
mem[X,0x000000008003BDBA] -> 0x1820
[9548] [M]: 0x000000008003BDB8 (0x1820B823) sd sp, 400(ra)
mem[0x000000008004A360] <- 0x0000000000000002
mem[X,0x000000008003BDBC] -> 0x3537
mem[X,0x000000008003BDBE] -> 0x3333
[9549] [M]: 0x000000008003BDBC (0x33333537) lui a0, 209715
x10 <- 0x0000000033333000
mem[X,0x000000008003BDC0] -> 0x0513
mem[X,0x000000008003BDC2] -> 0x3335
[9550] [M]: 0x000000008003BDC0 (0x33350513) addi a0, a0, 819
x10 <- 0x0000000033333333
mem[X,0x000000008003BDC4] -> 0x1513
mem[X,0x000000008003BDC6] -> 0x00B5
[9551] [M]: 0x000000008003BDC4 (0x00B51513) slli a0, a0, 11
x10 <- 0x0000019999999800
mem[X,0x000000008003BDC8] -> 0x0513
mem[X,0x000000008003BDCA] -> 0x1995
[9552] [M]: 0x000000008003BDC8 (0x19950513) addi a0, a0, 409
x10 <- 0x0000019999999999
mem[X,0x000000008003BDCC] -> 0x1513
mem[X,0x000000008003BDCE] -> 0x00B5
[9553] [M]: 0x000000008003BDCC (0x00B51513) slli a0, a0, 11
x10 <- 0x000CCCCCCCCCC800
mem[X,0x000000008003BDD0] -> 0x0513
mem[X,0x000000008003BDD2] -> 0x4CC5
[9554] [M]: 0x000000008003BDD0 (0x4CC50513) addi a0, a0, 1228
x10 <- 0x000CCCCCCCCCCCCC
mem[X,0x000000008003BDD4] -> 0x1513
mem[X,0x000000008003BDD6] -> 0x00A5
[9555] [M]: 0x000000008003BDD4 (0x00A51513) slli a0, a0, 10
x10 <- 0x3333333333333000
mem[X,0x000000008003BDD8] -> 0x0513
mem[X,0x000000008003BDDA] -> 0x3345
[9556] [M]: 0x000000008003BDD8 (0x33450513) addi a0, a0, 820
x10 <- 0x3333333333333334
mem[X,0x000000008003BDDC] -> 0xB5B7
mem[X,0x000000008003BDDE] -> 0xAAAA
[9557] [M]: 0x000000008003BDDC (0xAAAAB5B7) lui a1, 699051
x11 <- 0xFFFFFFFFAAAAB000
mem[X,0x000000008003BDE0] -> 0x8593
mem[X,0x000000008003BDE2] -> 0xAAA5
[9558] [M]: 0x000000008003BDE0 (0xAAA58593) addi a1, a1, 2730
x11 <- 0xFFFFFFFFAAAAAAAA
mem[X,0x000000008003BDE4] -> 0x9593
mem[X,0x000000008003BDE6] -> 0x00B5
[9559] [M]: 0x000000008003BDE4 (0x00B59593) slli a1, a1, 11
x11 <- 0xFFFFFD5555555000
mem[X,0x000000008003BDE8] -> 0x8593
mem[X,0x000000008003BDEA] -> 0x5555
[9560] [M]: 0x000000008003BDE8 (0x55558593) addi a1, a1, 1365
x11 <- 0xFFFFFD5555555555
mem[X,0x000000008003BDEC] -> 0x9593
mem[X,0x000000008003BDEE] -> 0x00B5
[9561] [M]: 0x000000008003BDEC (0x00B59593) slli a1, a1, 11
x11 <- 0xFFEAAAAAAAAAA800
mem[X,0x000000008003BDF0] -> 0x8593
mem[X,0x000000008003BDF2] -> 0x2AA5
[9562] [M]: 0x000000008003BDF0 (0x2AA58593) addi a1, a1, 682
x11 <- 0xFFEAAAAAAAAAAAAA
mem[X,0x000000008003BDF4] -> 0x9593
mem[X,0x000000008003BDF6] -> 0x00A5
[9563] [M]: 0x000000008003BDF4 (0x00A59593) slli a1, a1, 10
x11 <- 0xAAAAAAAAAAAAA800
mem[X,0x000000008003BDF8] -> 0x8593
mem[X,0x000000008003BDFA] -> 0x2AB5
[9564] [M]: 0x000000008003BDF8 (0x2AB58593) addi a1, a1, 683
x11 <- 0xAAAAAAAAAAAAAAAB
mem[X,0x000000008003BDFC] -> 0x0113
mem[X,0x000000008003BDFE] -> 0x0000
[9565] [M]: 0x000000008003BDFC (0x00000113) addi sp, zero, 0
x2 <- 0x0000000000000000
mem[X,0x000000008003BE00] -> 0x006F
mem[X,0x000000008003BE02] -> 0x00C0
[9566] [M]: 0x000000008003BE00 (0x00C0006F) jal zero, 12
mem[X,0x000000008003BE0C] -> 0x5063
mem[X,0x000000008003BE0E] -> 0x02B5
[9567] [M]: 0x000000008003BE0C (0x02B55063) bge a0, a1, 32
mem[X,0x000000008003BE2C] -> 0x0113
mem[X,0x000000008003BE2E] -> 0x0031
[9568] [M]: 0x000000008003BE2C (0x00310113) addi sp, sp, 3
x2 <- 0x0000000000000003
mem[X,0x000000008003BE30] -> 0x006F
mem[X,0x000000008003BE32] -> 0x0040
[9569] [M]: 0x000000008003BE30 (0x0040006F) jal zero, 4
mem[X,0x000000008003BE34] -> 0xBC23
mem[X,0x000000008003BE36] -> 0x1820
[9570] [M]: 0x000000008003BE34 (0x1820BC23) sd sp, 408(ra)
mem[0x000000008004A368] <- 0x0000000000000003
mem[X,0x000000008003BE38] -> 0x3537
mem[X,0x000000008003BE3A] -> 0x3333
[9571] [M]: 0x000000008003BE38 (0x33333537) lui a0, 209715
x10 <- 0x0000000033333000
mem[X,0x000000008003BE3C] -> 0x0513
mem[X,0x000000008003BE3E] -> 0x3335
[9572] [M]: 0x000000008003BE3C (0x33350513) addi a0, a0, 819
x10 <- 0x0000000033333333
mem[X,0x000000008003BE40] -> 0x1513
mem[X,0x000000008003BE42] -> 0x00B5
[9573] [M]: 0x000000008003BE40 (0x00B51513) slli a0, a0, 11
x10 <- 0x0000019999999800
mem[X,0x000000008003BE44] -> 0x0513
mem[X,0x000000008003BE46] -> 0x1995
[9574] [M]: 0x000000008003BE44 (0x19950513) addi a0, a0, 409
x10 <- 0x0000019999999999
mem[X,0x000000008003BE48] -> 0x1513
mem[X,0x000000008003BE4A] -> 0x00B5
[9575] [M]: 0x000000008003BE48 (0x00B51513) slli a0, a0, 11
x10 <- 0x000CCCCCCCCCC800
mem[X,0x000000008003BE4C] -> 0x0513
mem[X,0x000000008003BE4E] -> 0x4CC5
[9576] [M]: 0x000000008003BE4C (0x4CC50513) addi a0, a0, 1228
x10 <- 0x000CCCCCCCCCCCCC
mem[X,0x000000008003BE50] -> 0x1513
mem[X,0x000000008003BE52] -> 0x00A5
[9577] [M]: 0x000000008003BE50 (0x00A51513) slli a0, a0, 10
x10 <- 0x3333333333333000
mem[X,0x000000008003BE54] -> 0x0513
mem[X,0x000000008003BE56] -> 0x3345
[9578] [M]: 0x000000008003BE54 (0x33450513) addi a0, a0, 820
x10 <- 0x3333333333333334
mem[X,0x000000008003BE58] -> 0x0593
mem[X,0x000000008003BE5A] -> 0x0060
[9579] [M]: 0x000000008003BE58 (0x00600593) addi a1, zero, 6
x11 <- 0x0000000000000006
mem[X,0x000000008003BE5C] -> 0x0113
mem[X,0x000000008003BE5E] -> 0x0000
[9580] [M]: 0x000000008003BE5C (0x00000113) addi sp, zero, 0
x2 <- 0x0000000000000000
mem[X,0x000000008003BE60] -> 0x006F
mem[X,0x000000008003BE62] -> 0x00C0
[9581] [M]: 0x000000008003BE60 (0x00C0006F) jal zero, 12
mem[X,0x000000008003BE6C] -> 0x5863
mem[X,0x000000008003BE6E] -> 0x00B5
[9582] [M]: 0x000000008003BE6C (0x00B55863) bge a0, a1, 16
mem[X,0x000000008003BE7C] -> 0x0113
mem[X,0x000000008003BE7E] -> 0x0031
[9583] [M]: 0x000000008003BE7C (0x00310113) addi sp, sp, 3
x2 <- 0x0000000000000003
mem[X,0x000000008003BE80] -> 0x006F
mem[X,0x000000008003BE82] -> 0x0040
[9584] [M]: 0x000000008003BE80 (0x0040006F) jal zero, 4
mem[X,0x000000008003BE84] -> 0xB023
mem[X,0x000000008003BE86] -> 0x1A20
[9585] [M]: 0x000000008003BE84 (0x1A20B023) sd sp, 416(ra)
mem[0x000000008004A370] <- 0x0000000000000003
mem[X,0x000000008003BE88] -> 0x3537
mem[X,0x000000008003BE8A] -> 0x3333
[9586] [M]: 0x000000008003BE88 (0x33333537) lui a0, 209715
x10 <- 0x0000000033333000
mem[X,0x000000008003BE8C] -> 0x0513
mem[X,0x000000008003BE8E] -> 0x3335
[9587] [M]: 0x000000008003BE8C (0x33350513) addi a0, a0, 819
x10 <- 0x0000000033333333
mem[X,0x000000008003BE90] -> 0x1513
mem[X,0x000000008003BE92] -> 0x00B5
[9588] [M]: 0x000000008003BE90 (0x00B51513) slli a0, a0, 11
x10 <- 0x0000019999999800
mem[X,0x000000008003BE94] -> 0x0513
mem[X,0x000000008003BE96] -> 0x1995
[9589] [M]: 0x000000008003BE94 (0x19950513) addi a0, a0, 409
x10 <- 0x0000019999999999
mem[X,0x000000008003BE98] -> 0x1513
mem[X,0x000000008003BE9A] -> 0x00B5
[9590] [M]: 0x000000008003BE98 (0x00B51513) slli a0, a0, 11
x10 <- 0x000CCCCCCCCCC800
mem[X,0x000000008003BE9C] -> 0x0513
mem[X,0x000000008003BE9E] -> 0x4CC5
[9591] [M]: 0x000000008003BE9C (0x4CC50513) addi a0, a0, 1228
x10 <- 0x000CCCCCCCCCCCCC
mem[X,0x000000008003BEA0] -> 0x1513
mem[X,0x000000008003BEA2] -> 0x00A5
[9592] [M]: 0x000000008003BEA0 (0x00A51513) slli a0, a0, 10
x10 <- 0x3333333333333000
mem[X,0x000000008003BEA4] -> 0x0513
mem[X,0x000000008003BEA6] -> 0x3345
[9593] [M]: 0x000000008003BEA4 (0x33450513) addi a0, a0, 820
x10 <- 0x3333333333333334
mem[X,0x000000008003BEA8] -> 0x35B7
mem[X,0x000000008003BEAA] -> 0x3333
[9594] [M]: 0x000000008003BEA8 (0x333335B7) lui a1, 209715
x11 <- 0x0000000033333000
mem[X,0x000000008003BEAC] -> 0x8593
mem[X,0x000000008003BEAE] -> 0x3335
[9595] [M]: 0x000000008003BEAC (0x33358593) addi a1, a1, 819
x11 <- 0x0000000033333333
mem[X,0x000000008003BEB0] -> 0x9593
mem[X,0x000000008003BEB2] -> 0x00B5
[9596] [M]: 0x000000008003BEB0 (0x00B59593) slli a1, a1, 11
x11 <- 0x0000019999999800
mem[X,0x000000008003BEB4] -> 0x8593
mem[X,0x000000008003BEB6] -> 0x1995
[9597] [M]: 0x000000008003BEB4 (0x19958593) addi a1, a1, 409
x11 <- 0x0000019999999999
mem[X,0x000000008003BEB8] -> 0x9593
mem[X,0x000000008003BEBA] -> 0x00B5
[9598] [M]: 0x000000008003BEB8 (0x00B59593) slli a1, a1, 11
x11 <- 0x000CCCCCCCCCC800
mem[X,0x000000008003BEBC] -> 0x8593
mem[X,0x000000008003BEBE] -> 0x4CC5
[9599] [M]: 0x000000008003BEBC (0x4CC58593) addi a1, a1, 1228
x11 <- 0x000CCCCCCCCCCCCC
clint::tick mtime <- 0x0000000000000060
 clint timer pending at mtime 0x0000000000000060
htif::tick 0x0000000000000000
mem[X,0x000000008003BEC0] -> 0x9593
mem[X,0x000000008003BEC2] -> 0x00A5
[9600] [M]: 0x000000008003BEC0 (0x00A59593) slli a1, a1, 10
x11 <- 0x3333333333333000
mem[X,0x000000008003BEC4] -> 0x8593
mem[X,0x000000008003BEC6] -> 0x3345
[9601] [M]: 0x000000008003BEC4 (0x33458593) addi a1, a1, 820
x11 <- 0x3333333333333334
mem[X,0x000000008003BEC8] -> 0x0113
mem[X,0x000000008003BECA] -> 0x0000
[9602] [M]: 0x000000008003BEC8 (0x00000113) addi sp, zero, 0
x2 <- 0x0000000000000000
mem[X,0x000000008003BECC] -> 0x006F
mem[X,0x000000008003BECE] -> 0x0180
[9603] [M]: 0x000000008003BECC (0x0180006F) jal zero, 24
mem[X,0x000000008003BEE4] -> 0x56E3
mem[X,0x000000008003BEE6] -> 0xFEB5
[9604] [M]: 0x000000008003BEE4 (0xFEB556E3) bge a0, a1, 8172
mem[X,0x000000008003BED0] -> 0x0113
mem[X,0x000000008003BED2] -> 0x0011
[9605] [M]: 0x000000008003BED0 (0x00110113) addi sp, sp, 1
x2 <- 0x0000000000000001
mem[X,0x000000008003BED4] -> 0x006F
mem[X,0x000000008003BED6] -> 0x0240
[9606] [M]: 0x000000008003BED4 (0x0240006F) jal zero, 36
mem[X,0x000000008003BEF8] -> 0xB423
mem[X,0x000000008003BEFA] -> 0x1A20
[9607] [M]: 0x000000008003BEF8 (0x1A20B423) sd sp, 424(ra)
mem[0x000000008004A378] <- 0x0000000000000001
mem[X,0x000000008003BEFC] -> 0x3537
mem[X,0x000000008003BEFE] -> 0x3333
[9608] [M]: 0x000000008003BEFC (0x33333537) lui a0, 209715
x10 <- 0x0000000033333000
mem[X,0x000000008003BF00] -> 0x0513
mem[X,0x000000008003BF02] -> 0x3335
[9609] [M]: 0x000000008003BF00 (0x33350513) addi a0, a0, 819
x10 <- 0x0000000033333333
mem[X,0x000000008003BF04] -> 0x1513
mem[X,0x000000008003BF06] -> 0x00B5
[9610] [M]: 0x000000008003BF04 (0x00B51513) slli a0, a0, 11
x10 <- 0x0000019999999800
mem[X,0x000000008003BF08] -> 0x0513
mem[X,0x000000008003BF0A] -> 0x1995
[9611] [M]: 0x000000008003BF08 (0x19950513) addi a0, a0, 409
x10 <- 0x0000019999999999
mem[X,0x000000008003BF0C] -> 0x1513
mem[X,0x000000008003BF0E] -> 0x00B5
[9612] [M]: 0x000000008003BF0C (0x00B51513) slli a0, a0, 11
x10 <- 0x000CCCCCCCCCC800
mem[X,0x000000008003BF10] -> 0x0513
mem[X,0x000000008003BF12] -> 0x4CC5
[9613] [M]: 0x000000008003BF10 (0x4CC50513) addi a0, a0, 1228
x10 <- 0x000CCCCCCCCCCCCC
mem[X,0x000000008003BF14] -> 0x1513
mem[X,0x000000008003BF16] -> 0x00A5
[9614] [M]: 0x000000008003BF14 (0x00A51513) slli a0, a0, 10
x10 <- 0x3333333333333000
mem[X,0x000000008003BF18] -> 0x0513
mem[X,0x000000008003BF1A] -> 0x3345
[9615] [M]: 0x000000008003BF18 (0x33450513) addi a0, a0, 820
x10 <- 0x3333333333333334
mem[X,0x000000008003BF1C] -> 0x65B7
mem[X,0x000000008003BF1E] -> 0x6666
[9616] [M]: 0x000000008003BF1C (0x666665B7) lui a1, 419430
x11 <- 0x0000000066666000
mem[X,0x000000008003BF20] -> 0x8593
mem[X,0x000000008003BF22] -> 0x6665
[9617] [M]: 0x000000008003BF20 (0x66658593) addi a1, a1, 1638
x11 <- 0x0000000066666666
mem[X,0x000000008003BF24] -> 0x9593
mem[X,0x000000008003BF26] -> 0x00B5
[9618] [M]: 0x000000008003BF24 (0x00B59593) slli a1, a1, 11
x11 <- 0x0000033333333000
mem[X,0x000000008003BF28] -> 0x8593
mem[X,0x000000008003BF2A] -> 0x3335
[9619] [M]: 0x000000008003BF28 (0x33358593) addi a1, a1, 819
x11 <- 0x0000033333333333
mem[X,0x000000008003BF2C] -> 0x9593
mem[X,0x000000008003BF2E] -> 0x00B5
[9620] [M]: 0x000000008003BF2C (0x00B59593) slli a1, a1, 11
x11 <- 0x0019999999999800
mem[X,0x000000008003BF30] -> 0x8593
mem[X,0x000000008003BF32] -> 0x1995
[9621] [M]: 0x000000008003BF30 (0x19958593) addi a1, a1, 409
x11 <- 0x0019999999999999
mem[X,0x000000008003BF34] -> 0x9593
mem[X,0x000000008003BF36] -> 0x00A5
[9622] [M]: 0x000000008003BF34 (0x00A59593) slli a1, a1, 10
x11 <- 0x6666666666666400
mem[X,0x000000008003BF38] -> 0x8593
mem[X,0x000000008003BF3A] -> 0x2675
[9623] [M]: 0x000000008003BF38 (0x26758593) addi a1, a1, 615
x11 <- 0x6666666666666667
mem[X,0x000000008003BF3C] -> 0x0113
mem[X,0x000000008003BF3E] -> 0x0000
[9624] [M]: 0x000000008003BF3C (0x00000113) addi sp, zero, 0
x2 <- 0x0000000000000000
mem[X,0x000000008003BF40] -> 0x006F
mem[X,0x000000008003BF42] -> 0x00C0
[9625] [M]: 0x000000008003BF40 (0x00C0006F) jal zero, 12
mem[X,0x000000008003BF4C] -> 0x5063
mem[X,0x000000008003BF4E] -> 0x20B5
[9626] [M]: 0x000000008003BF4C (0x20B55063) bge a0, a1, 512
mem[X,0x000000008003BF50] -> 0x0113
mem[X,0x000000008003BF52] -> 0x0021
[9627] [M]: 0x000000008003BF50 (0x00210113) addi sp, sp, 2
x2 <- 0x0000000000000002
mem[X,0x000000008003BF54] -> 0x006F
mem[X,0x000000008003BF56] -> 0x2000
[9628] [M]: 0x000000008003BF54 (0x2000006F) jal zero, 512
mem[X,0x000000008003C154] -> 0xB823
mem[X,0x000000008003C156] -> 0x1A20
[9629] [M]: 0x000000008003C154 (0x1A20B823) sd sp, 432(ra)
mem[0x000000008004A380] <- 0x0000000000000002
mem[X,0x000000008003C158] -> 0x3537
mem[X,0x000000008003C15A] -> 0x3333
[9630] [M]: 0x000000008003C158 (0x33333537) lui a0, 209715
x10 <- 0x0000000033333000
mem[X,0x000000008003C15C] -> 0x0513
mem[X,0x000000008003C15E] -> 0x3335
[9631] [M]: 0x000000008003C15C (0x33350513) addi a0, a0, 819
x10 <- 0x0000000033333333
mem[X,0x000000008003C160] -> 0x1513
mem[X,0x000000008003C162] -> 0x00B5
[9632] [M]: 0x000000008003C160 (0x00B51513) slli a0, a0, 11
x10 <- 0x0000019999999800
mem[X,0x000000008003C164] -> 0x0513
mem[X,0x000000008003C166] -> 0x1995
[9633] [M]: 0x000000008003C164 (0x19950513) addi a0, a0, 409
x10 <- 0x0000019999999999
mem[X,0x000000008003C168] -> 0x1513
mem[X,0x000000008003C16A] -> 0x00B5
[9634] [M]: 0x000000008003C168 (0x00B51513) slli a0, a0, 11
x10 <- 0x000CCCCCCCCCC800
mem[X,0x000000008003C16C] -> 0x0513
mem[X,0x000000008003C16E] -> 0x4CC5
[9635] [M]: 0x000000008003C16C (0x4CC50513) addi a0, a0, 1228
x10 <- 0x000CCCCCCCCCCCCC
mem[X,0x000000008003C170] -> 0x1513
mem[X,0x000000008003C172] -> 0x00A5
[9636] [M]: 0x000000008003C170 (0x00A51513) slli a0, a0, 10
x10 <- 0x3333333333333000
mem[X,0x000000008003C174] -> 0x0513
mem[X,0x000000008003C176] -> 0x3345
[9637] [M]: 0x000000008003C174 (0x33450513) addi a0, a0, 820
x10 <- 0x3333333333333334
mem[X,0x000000008003C178] -> 0x05B7
mem[X,0x000000008003C17A] -> 0x0000
[9638] [M]: 0x000000008003C178 (0x000005B7) lui a1, 0
x11 <- 0x0000000000000000
mem[X,0x000000008003C17C] -> 0x8593
mem[X,0x000000008003C17E] -> 0xFFF5
[9639] [M]: 0x000000008003C17C (0xFFF58593) addi a1, a1, 4095
x11 <- 0xFFFFFFFFFFFFFFFF
mem[X,0x000000008003C180] -> 0x9593
mem[X,0x000000008003C182] -> 0x00B5
[9640] [M]: 0x000000008003C180 (0x00B59593) slli a1, a1, 11
x11 <- 0xFFFFFFFFFFFFF800
mem[X,0x000000008003C184] -> 0x8593
mem[X,0x000000008003C186] -> 0x2575
[9641] [M]: 0x000000008003C184 (0x25758593) addi a1, a1, 599
x11 <- 0xFFFFFFFFFFFFFA57
mem[X,0x000000008003C188] -> 0x9593
mem[X,0x000000008003C18A] -> 0x00B5
[9642] [M]: 0x000000008003C188 (0x00B59593) slli a1, a1, 11
x11 <- 0xFFFFFFFFFFD2B800
mem[X,0x000000008003C18C] -> 0x8593
mem[X,0x000000008003C18E] -> 0x6C35
[9643] [M]: 0x000000008003C18C (0x6C358593) addi a1, a1, 1731
x11 <- 0xFFFFFFFFFFD2BEC3
mem[X,0x000000008003C190] -> 0x9593
mem[X,0x000000008003C192] -> 0x00A5
[9644] [M]: 0x000000008003C190 (0x00A59593) slli a1, a1, 10
x11 <- 0xFFFFFFFF4AFB0C00
mem[X,0x000000008003C194] -> 0x8593
mem[X,0x000000008003C196] -> 0x0CE5
[9645] [M]: 0x000000008003C194 (0x0CE58593) addi a1, a1, 206
x11 <- 0xFFFFFFFF4AFB0CCE
mem[X,0x000000008003C198] -> 0x0113
mem[X,0x000000008003C19A] -> 0x0000
[9646] [M]: 0x000000008003C198 (0x00000113) addi sp, zero, 0
x2 <- 0x0000000000000000
mem[X,0x000000008003C19C] -> 0x006F
mem[X,0x000000008003C19E] -> 0x00C0
[9647] [M]: 0x000000008003C19C (0x00C0006F) jal zero, 12
mem[X,0x000000008003C1A8] -> 0x5CE3
mem[X,0x000000008003C1AA] -> 0xFEB5
[9648] [M]: 0x000000008003C1A8 (0xFEB55CE3) bge a0, a1, 8184
mem[X,0x000000008003C1A0] -> 0x0113
mem[X,0x000000008003C1A2] -> 0x0011
[9649] [M]: 0x000000008003C1A0 (0x00110113) addi sp, sp, 1
x2 <- 0x0000000000000001
mem[X,0x000000008003C1A4] -> 0x006F
mem[X,0x000000008003C1A6] -> 0x0180
[9650] [M]: 0x000000008003C1A4 (0x0180006F) jal zero, 24
mem[X,0x000000008003C1BC] -> 0xBC23
mem[X,0x000000008003C1BE] -> 0x1A20
[9651] [M]: 0x000000008003C1BC (0x1A20BC23) sd sp, 440(ra)
mem[0x000000008004A388] <- 0x0000000000000001
mem[X,0x000000008003C1C0] -> 0x3537
mem[X,0x000000008003C1C2] -> 0x3333
[9652] [M]: 0x000000008003C1C0 (0x33333537) lui a0, 209715
x10 <- 0x0000000033333000
mem[X,0x000000008003C1C4] -> 0x0513
mem[X,0x000000008003C1C6] -> 0x3335
[9653] [M]: 0x000000008003C1C4 (0x33350513) addi a0, a0, 819
x10 <- 0x0000000033333333
mem[X,0x000000008003C1C8] -> 0x1513
mem[X,0x000000008003C1CA] -> 0x00B5
[9654] [M]: 0x000000008003C1C8 (0x00B51513) slli a0, a0, 11
x10 <- 0x0000019999999800
mem[X,0x000000008003C1CC] -> 0x0513
mem[X,0x000000008003C1CE] -> 0x1995
[9655] [M]: 0x000000008003C1CC (0x19950513) addi a0, a0, 409
x10 <- 0x0000019999999999
mem[X,0x000000008003C1D0] -> 0x1513
mem[X,0x000000008003C1D2] -> 0x00B5
[9656] [M]: 0x000000008003C1D0 (0x00B51513) slli a0, a0, 11
x10 <- 0x000CCCCCCCCCC800
mem[X,0x000000008003C1D4] -> 0x0513
mem[X,0x000000008003C1D6] -> 0x4CC5
[9657] [M]: 0x000000008003C1D4 (0x4CC50513) addi a0, a0, 1228
x10 <- 0x000CCCCCCCCCCCCC
mem[X,0x000000008003C1D8] -> 0x1513
mem[X,0x000000008003C1DA] -> 0x00A5
[9658] [M]: 0x000000008003C1D8 (0x00A51513) slli a0, a0, 10
x10 <- 0x3333333333333000
mem[X,0x000000008003C1DC] -> 0x0513
mem[X,0x000000008003C1DE] -> 0x3345
[9659] [M]: 0x000000008003C1DC (0x33450513) addi a0, a0, 820
x10 <- 0x3333333333333334
mem[X,0x000000008003C1E0] -> 0x05B7
mem[X,0x000000008003C1E2] -> 0x0000
[9660] [M]: 0x000000008003C1E0 (0x000005B7) lui a1, 0
x11 <- 0x0000000000000000
mem[X,0x000000008003C1E4] -> 0x8593
mem[X,0x000000008003C1E6] -> 0x0005
[9661] [M]: 0x000000008003C1E4 (0x00058593) addi a1, a1, 0
x11 <- 0x0000000000000000
mem[X,0x000000008003C1E8] -> 0x9593
mem[X,0x000000008003C1EA] -> 0x00B5
[9662] [M]: 0x000000008003C1E8 (0x00B59593) slli a1, a1, 11
x11 <- 0x0000000000000000
mem[X,0x000000008003C1EC] -> 0x8593
mem[X,0x000000008003C1EE] -> 0x5A85
[9663] [M]: 0x000000008003C1EC (0x5A858593) addi a1, a1, 1448
x11 <- 0x00000000000005A8
mem[X,0x000000008003C1F0] -> 0x9593
mem[X,0x000000008003C1F2] -> 0x00B5
[9664] [M]: 0x000000008003C1F0 (0x00B59593) slli a1, a1, 11
x11 <- 0x00000000002D4000
mem[X,0x000000008003C1F4] -> 0x8593
mem[X,0x000000008003C1F6] -> 0x13C5
[9665] [M]: 0x000000008003C1F4 (0x13C58593) addi a1, a1, 316
x11 <- 0x00000000002D413C
mem[X,0x000000008003C1F8] -> 0x9593
mem[X,0x000000008003C1FA] -> 0x00A5
[9666] [M]: 0x000000008003C1F8 (0x00A59593) slli a1, a1, 10
x11 <- 0x00000000B504F000
mem[X,0x000000008003C1FC] -> 0x8593
mem[X,0x000000008003C1FE] -> 0x3345
[9667] [M]: 0x000000008003C1FC (0x33458593) addi a1, a1, 820
x11 <- 0x00000000B504F334
mem[X,0x000000008003C200] -> 0x0113
mem[X,0x000000008003C202] -> 0x0000
[9668] [M]: 0x000000008003C200 (0x00000113) addi sp, zero, 0
x2 <- 0x0000000000000000
mem[X,0x000000008003C204] -> 0x006F
mem[X,0x000000008003C206] -> 0x0050
[9669] [M]: 0x000000008003C204 (0x0050006F) jal zero, 2052
mem[X,0x000000008003CA08] -> 0x50E3
mem[X,0x000000008003CA0A] -> 0x80B5
[9670] [M]: 0x000000008003CA08 (0x80B550E3) bge a0, a1, 6144
mem[X,0x000000008003C208] -> 0x0113
mem[X,0x000000008003C20A] -> 0x0011
[9671] [M]: 0x000000008003C208 (0x00110113) addi sp, sp, 1
x2 <- 0x0000000000000001
mem[X,0x000000008003C20C] -> 0x006F
mem[X,0x000000008003C20E] -> 0x0110
[9672] [M]: 0x000000008003C20C (0x0110006F) jal zero, 2064
mem[X,0x000000008003CA1C] -> 0xB023
mem[X,0x000000008003CA1E] -> 0x1C20
[9673] [M]: 0x000000008003CA1C (0x1C20B023) sd sp, 448(ra)
mem[0x000000008004A390] <- 0x0000000000000001
mem[X,0x000000008003CA20] -> 0x6537
mem[X,0x000000008003CA22] -> 0x6666
[9674] [M]: 0x000000008003CA20 (0x66666537) lui a0, 419430
x10 <- 0x0000000066666000
mem[X,0x000000008003CA24] -> 0x0513
mem[X,0x000000008003CA26] -> 0x6665
[9675] [M]: 0x000000008003CA24 (0x66650513) addi a0, a0, 1638
x10 <- 0x0000000066666666
mem[X,0x000000008003CA28] -> 0x1513
mem[X,0x000000008003CA2A] -> 0x00B5
[9676] [M]: 0x000000008003CA28 (0x00B51513) slli a0, a0, 11
x10 <- 0x0000033333333000
mem[X,0x000000008003CA2C] -> 0x0513
mem[X,0x000000008003CA2E] -> 0x3335
[9677] [M]: 0x000000008003CA2C (0x33350513) addi a0, a0, 819
x10 <- 0x0000033333333333
mem[X,0x000000008003CA30] -> 0x1513
mem[X,0x000000008003CA32] -> 0x00B5
[9678] [M]: 0x000000008003CA30 (0x00B51513) slli a0, a0, 11
x10 <- 0x0019999999999800
mem[X,0x000000008003CA34] -> 0x0513
mem[X,0x000000008003CA36] -> 0x1995
[9679] [M]: 0x000000008003CA34 (0x19950513) addi a0, a0, 409
x10 <- 0x0019999999999999
mem[X,0x000000008003CA38] -> 0x1513
mem[X,0x000000008003CA3A] -> 0x00A5
[9680] [M]: 0x000000008003CA38 (0x00A51513) slli a0, a0, 10
x10 <- 0x6666666666666400
mem[X,0x000000008003CA3C] -> 0x0513
mem[X,0x000000008003CA3E] -> 0x2675
[9681] [M]: 0x000000008003CA3C (0x26750513) addi a0, a0, 615
x10 <- 0x6666666666666667
mem[X,0x000000008003CA40] -> 0x0593
mem[X,0x000000008003CA42] -> 0x0030
[9682] [M]: 0x000000008003CA40 (0x00300593) addi a1, zero, 3
x11 <- 0x0000000000000003
mem[X,0x000000008003CA44] -> 0x0113
mem[X,0x000000008003CA46] -> 0x0000
[9683] [M]: 0x000000008003CA44 (0x00000113) addi sp, zero, 0
x2 <- 0x0000000000000000
mem[X,0x000000008003CA48] -> 0x006F
mem[X,0x000000008003CA4A] -> 0x00C0
[9684] [M]: 0x000000008003CA48 (0x00C0006F) jal zero, 12
mem[X,0x000000008003CA54] -> 0x5663
mem[X,0x000000008003CA56] -> 0x00B5
[9685] [M]: 0x000000008003CA54 (0x00B55663) bge a0, a1, 12
mem[X,0x000000008003CA60] -> 0x0113
mem[X,0x000000008003CA62] -> 0x0031
[9686] [M]: 0x000000008003CA60 (0x00310113) addi sp, sp, 3
x2 <- 0x0000000000000003
mem[X,0x000000008003CA64] -> 0x006F
mem[X,0x000000008003CA66] -> 0x0040
[9687] [M]: 0x000000008003CA64 (0x0040006F) jal zero, 4
mem[X,0x000000008003CA68] -> 0xB423
mem[X,0x000000008003CA6A] -> 0x1C20
[9688] [M]: 0x000000008003CA68 (0x1C20B423) sd sp, 456(ra)
mem[0x000000008004A398] <- 0x0000000000000003
mem[X,0x000000008003CA6C] -> 0x6537
mem[X,0x000000008003CA6E] -> 0x6666
[9689] [M]: 0x000000008003CA6C (0x66666537) lui a0, 419430
x10 <- 0x0000000066666000
mem[X,0x000000008003CA70] -> 0x0513
mem[X,0x000000008003CA72] -> 0x6665
[9690] [M]: 0x000000008003CA70 (0x66650513) addi a0, a0, 1638
x10 <- 0x0000000066666666
mem[X,0x000000008003CA74] -> 0x1513
mem[X,0x000000008003CA76] -> 0x00B5
[9691] [M]: 0x000000008003CA74 (0x00B51513) slli a0, a0, 11
x10 <- 0x0000033333333000
mem[X,0x000000008003CA78] -> 0x0513
mem[X,0x000000008003CA7A] -> 0x3335
[9692] [M]: 0x000000008003CA78 (0x33350513) addi a0, a0, 819
x10 <- 0x0000033333333333
mem[X,0x000000008003CA7C] -> 0x1513
mem[X,0x000000008003CA7E] -> 0x00B5
[9693] [M]: 0x000000008003CA7C (0x00B51513) slli a0, a0, 11
x10 <- 0x0019999999999800
mem[X,0x000000008003CA80] -> 0x0513
mem[X,0x000000008003CA82] -> 0x1995
[9694] [M]: 0x000000008003CA80 (0x19950513) addi a0, a0, 409
x10 <- 0x0019999999999999
mem[X,0x000000008003CA84] -> 0x1513
mem[X,0x000000008003CA86] -> 0x00A5
[9695] [M]: 0x000000008003CA84 (0x00A51513) slli a0, a0, 10
x10 <- 0x6666666666666400
mem[X,0x000000008003CA88] -> 0x0513
mem[X,0x000000008003CA8A] -> 0x2675
[9696] [M]: 0x000000008003CA88 (0x26750513) addi a0, a0, 615
x10 <- 0x6666666666666667
mem[X,0x000000008003CA8C] -> 0x55B7
mem[X,0x000000008003CA8E] -> 0x5555
[9697] [M]: 0x000000008003CA8C (0x555555B7) lui a1, 349525
x11 <- 0x0000000055555000
mem[X,0x000000008003CA90] -> 0x8593
mem[X,0x000000008003CA92] -> 0x5555
[9698] [M]: 0x000000008003CA90 (0x55558593) addi a1, a1, 1365
x11 <- 0x0000000055555555
mem[X,0x000000008003CA94] -> 0x9593
mem[X,0x000000008003CA96] -> 0x00B5
[9699] [M]: 0x000000008003CA94 (0x00B59593) slli a1, a1, 11
x11 <- 0x000002AAAAAAA800
clint::tick mtime <- 0x0000000000000061
 clint timer pending at mtime 0x0000000000000061
htif::tick 0x0000000000000000
mem[X,0x000000008003CA98] -> 0x8593
mem[X,0x000000008003CA9A] -> 0x2AA5
[9700] [M]: 0x000000008003CA98 (0x2AA58593) addi a1, a1, 682
x11 <- 0x000002AAAAAAAAAA
mem[X,0x000000008003CA9C] -> 0x9593
mem[X,0x000000008003CA9E] -> 0x00B5
[9701] [M]: 0x000000008003CA9C (0x00B59593) slli a1, a1, 11
x11 <- 0x0015555555555000
mem[X,0x000000008003CAA0] -> 0x8593
mem[X,0x000000008003CAA2] -> 0x5555
[9702] [M]: 0x000000008003CAA0 (0x55558593) addi a1, a1, 1365
x11 <- 0x0015555555555555
mem[X,0x000000008003CAA4] -> 0x9593
mem[X,0x000000008003CAA6] -> 0x00A5
[9703] [M]: 0x000000008003CAA4 (0x00A59593) slli a1, a1, 10
x11 <- 0x5555555555555400
mem[X,0x000000008003CAA8] -> 0x8593
mem[X,0x000000008003CAAA] -> 0x1555
[9704] [M]: 0x000000008003CAA8 (0x15558593) addi a1, a1, 341
x11 <- 0x5555555555555555
mem[X,0x000000008003CAAC] -> 0x0113
mem[X,0x000000008003CAAE] -> 0x0000
[9705] [M]: 0x000000008003CAAC (0x00000113) addi sp, zero, 0
x2 <- 0x0000000000000000
mem[X,0x000000008003CAB0] -> 0x006F
mem[X,0x000000008003CAB2] -> 0x00C0
[9706] [M]: 0x000000008003CAB0 (0x00C0006F) jal zero, 12
mem[X,0x000000008003CABC] -> 0x5663
mem[X,0x000000008003CABE] -> 0x00B5
[9707] [M]: 0x000000008003CABC (0x00B55663) bge a0, a1, 12
mem[X,0x000000008003CAC8] -> 0x0113
mem[X,0x000000008003CACA] -> 0x0031
[9708] [M]: 0x000000008003CAC8 (0x00310113) addi sp, sp, 3
x2 <- 0x0000000000000003
mem[X,0x000000008003CACC] -> 0x006F
mem[X,0x000000008003CACE] -> 0x0040
[9709] [M]: 0x000000008003CACC (0x0040006F) jal zero, 4
mem[X,0x000000008003CAD0] -> 0xB823
mem[X,0x000000008003CAD2] -> 0x1C20
[9710] [M]: 0x000000008003CAD0 (0x1C20B823) sd sp, 464(ra)
mem[0x000000008004A3A0] <- 0x0000000000000003
mem[X,0x000000008003CAD4] -> 0x6537
mem[X,0x000000008003CAD6] -> 0x6666
[9711] [M]: 0x000000008003CAD4 (0x66666537) lui a0, 419430
x10 <- 0x0000000066666000
mem[X,0x000000008003CAD8] -> 0x0513
mem[X,0x000000008003CADA] -> 0x6665
[9712] [M]: 0x000000008003CAD8 (0x66650513) addi a0, a0, 1638
x10 <- 0x0000000066666666
mem[X,0x000000008003CADC] -> 0x1513
mem[X,0x000000008003CADE] -> 0x00B5
[9713] [M]: 0x000000008003CADC (0x00B51513) slli a0, a0, 11
x10 <- 0x0000033333333000
mem[X,0x000000008003CAE0] -> 0x0513
mem[X,0x000000008003CAE2] -> 0x3335
[9714] [M]: 0x000000008003CAE0 (0x33350513) addi a0, a0, 819
x10 <- 0x0000033333333333
mem[X,0x000000008003CAE4] -> 0x1513
mem[X,0x000000008003CAE6] -> 0x00B5
[9715] [M]: 0x000000008003CAE4 (0x00B51513) slli a0, a0, 11
x10 <- 0x0019999999999800
mem[X,0x000000008003CAE8] -> 0x0513
mem[X,0x000000008003CAEA] -> 0x1995
[9716] [M]: 0x000000008003CAE8 (0x19950513) addi a0, a0, 409
x10 <- 0x0019999999999999
mem[X,0x000000008003CAEC] -> 0x1513
mem[X,0x000000008003CAEE] -> 0x00A5
[9717] [M]: 0x000000008003CAEC (0x00A51513) slli a0, a0, 10
x10 <- 0x6666666666666400
mem[X,0x000000008003CAF0] -> 0x0513
mem[X,0x000000008003CAF2] -> 0x2675
[9718] [M]: 0x000000008003CAF0 (0x26750513) addi a0, a0, 615
x10 <- 0x6666666666666667
mem[X,0x000000008003CAF4] -> 0xB5B7
mem[X,0x000000008003CAF6] -> 0xAAAA
[9719] [M]: 0x000000008003CAF4 (0xAAAAB5B7) lui a1, 699051
x11 <- 0xFFFFFFFFAAAAB000
mem[X,0x000000008003CAF8] -> 0x8593
mem[X,0x000000008003CAFA] -> 0xAAA5
[9720] [M]: 0x000000008003CAF8 (0xAAA58593) addi a1, a1, 2730
x11 <- 0xFFFFFFFFAAAAAAAA
mem[X,0x000000008003CAFC] -> 0x9593
mem[X,0x000000008003CAFE] -> 0x00B5
[9721] [M]: 0x000000008003CAFC (0x00B59593) slli a1, a1, 11
x11 <- 0xFFFFFD5555555000
mem[X,0x000000008003CB00] -> 0x8593
mem[X,0x000000008003CB02] -> 0x5555
[9722] [M]: 0x000000008003CB00 (0x55558593) addi a1, a1, 1365
x11 <- 0xFFFFFD5555555555
mem[X,0x000000008003CB04] -> 0x9593
mem[X,0x000000008003CB06] -> 0x00B5
[9723] [M]: 0x000000008003CB04 (0x00B59593) slli a1, a1, 11
x11 <- 0xFFEAAAAAAAAAA800
mem[X,0x000000008003CB08] -> 0x8593
mem[X,0x000000008003CB0A] -> 0x2AA5
[9724] [M]: 0x000000008003CB08 (0x2AA58593) addi a1, a1, 682
x11 <- 0xFFEAAAAAAAAAAAAA
mem[X,0x000000008003CB0C] -> 0x9593
mem[X,0x000000008003CB0E] -> 0x00A5
[9725] [M]: 0x000000008003CB0C (0x00A59593) slli a1, a1, 10
x11 <- 0xAAAAAAAAAAAAA800
mem[X,0x000000008003CB10] -> 0x8593
mem[X,0x000000008003CB12] -> 0x2AA5
[9726] [M]: 0x000000008003CB10 (0x2AA58593) addi a1, a1, 682
x11 <- 0xAAAAAAAAAAAAAAAA
mem[X,0x000000008003CB14] -> 0x0113
mem[X,0x000000008003CB16] -> 0x0000
[9727] [M]: 0x000000008003CB14 (0x00000113) addi sp, zero, 0
x2 <- 0x0000000000000000
mem[X,0x000000008003CB18] -> 0x006F
mem[X,0x000000008003CB1A] -> 0x00C0
[9728] [M]: 0x000000008003CB18 (0x00C0006F) jal zero, 12
mem[X,0x000000008003CB24] -> 0x5063
mem[X,0x000000008003CB26] -> 0x40B5
[9729] [M]: 0x000000008003CB24 (0x40B55063) bge a0, a1, 1024
mem[X,0x000000008003CF24] -> 0x0113
mem[X,0x000000008003CF26] -> 0x0031
[9730] [M]: 0x000000008003CF24 (0x00310113) addi sp, sp, 3
x2 <- 0x0000000000000003
mem[X,0x000000008003CF28] -> 0x006F
mem[X,0x000000008003CF2A] -> 0x0040
[9731] [M]: 0x000000008003CF28 (0x0040006F) jal zero, 4
mem[X,0x000000008003CF2C] -> 0xBC23
mem[X,0x000000008003CF2E] -> 0x1C20
[9732] [M]: 0x000000008003CF2C (0x1C20BC23) sd sp, 472(ra)
mem[0x000000008004A3A8] <- 0x0000000000000003
mem[X,0x000000008003CF30] -> 0x6537
mem[X,0x000000008003CF32] -> 0x6666
[9733] [M]: 0x000000008003CF30 (0x66666537) lui a0, 419430
x10 <- 0x0000000066666000
mem[X,0x000000008003CF34] -> 0x0513
mem[X,0x000000008003CF36] -> 0x6665
[9734] [M]: 0x000000008003CF34 (0x66650513) addi a0, a0, 1638
x10 <- 0x0000000066666666
mem[X,0x000000008003CF38] -> 0x1513
mem[X,0x000000008003CF3A] -> 0x00B5
[9735] [M]: 0x000000008003CF38 (0x00B51513) slli a0, a0, 11
x10 <- 0x0000033333333000
mem[X,0x000000008003CF3C] -> 0x0513
mem[X,0x000000008003CF3E] -> 0x3335
[9736] [M]: 0x000000008003CF3C (0x33350513) addi a0, a0, 819
x10 <- 0x0000033333333333
mem[X,0x000000008003CF40] -> 0x1513
mem[X,0x000000008003CF42] -> 0x00B5
[9737] [M]: 0x000000008003CF40 (0x00B51513) slli a0, a0, 11
x10 <- 0x0019999999999800
mem[X,0x000000008003CF44] -> 0x0513
mem[X,0x000000008003CF46] -> 0x1995
[9738] [M]: 0x000000008003CF44 (0x19950513) addi a0, a0, 409
x10 <- 0x0019999999999999
mem[X,0x000000008003CF48] -> 0x1513
mem[X,0x000000008003CF4A] -> 0x00A5
[9739] [M]: 0x000000008003CF48 (0x00A51513) slli a0, a0, 10
x10 <- 0x6666666666666400
mem[X,0x000000008003CF4C] -> 0x0513
mem[X,0x000000008003CF4E] -> 0x2675
[9740] [M]: 0x000000008003CF4C (0x26750513) addi a0, a0, 615
x10 <- 0x6666666666666667
mem[X,0x000000008003CF50] -> 0x0593
mem[X,0x000000008003CF52] -> 0x0050
[9741] [M]: 0x000000008003CF50 (0x00500593) addi a1, zero, 5
x11 <- 0x0000000000000005
mem[X,0x000000008003CF54] -> 0x0113
mem[X,0x000000008003CF56] -> 0x0000
[9742] [M]: 0x000000008003CF54 (0x00000113) addi sp, zero, 0
x2 <- 0x0000000000000000
mem[X,0x000000008003CF58] -> 0x006F
mem[X,0x000000008003CF5A] -> 0x0140
[9743] [M]: 0x000000008003CF58 (0x0140006F) jal zero, 20
mem[X,0x000000008003CF6C] -> 0x58E3
mem[X,0x000000008003CF6E] -> 0xFEB5
[9744] [M]: 0x000000008003CF6C (0xFEB558E3) bge a0, a1, 8176
mem[X,0x000000008003CF5C] -> 0x0113
mem[X,0x000000008003CF5E] -> 0x0011
[9745] [M]: 0x000000008003CF5C (0x00110113) addi sp, sp, 1
x2 <- 0x0000000000000001
mem[X,0x000000008003CF60] -> 0x006F
mem[X,0x000000008003CF62] -> 0x0200
[9746] [M]: 0x000000008003CF60 (0x0200006F) jal zero, 32
mem[X,0x000000008003CF80] -> 0xB023
mem[X,0x000000008003CF82] -> 0x1E20
[9747] [M]: 0x000000008003CF80 (0x1E20B023) sd sp, 480(ra)
mem[0x000000008004A3B0] <- 0x0000000000000001
mem[X,0x000000008003CF84] -> 0x6537
mem[X,0x000000008003CF86] -> 0x6666
[9748] [M]: 0x000000008003CF84 (0x66666537) lui a0, 419430
x10 <- 0x0000000066666000
mem[X,0x000000008003CF88] -> 0x0513
mem[X,0x000000008003CF8A] -> 0x6665
[9749] [M]: 0x000000008003CF88 (0x66650513) addi a0, a0, 1638
x10 <- 0x0000000066666666
mem[X,0x000000008003CF8C] -> 0x1513
mem[X,0x000000008003CF8E] -> 0x00B5
[9750] [M]: 0x000000008003CF8C (0x00B51513) slli a0, a0, 11
x10 <- 0x0000033333333000
mem[X,0x000000008003CF90] -> 0x0513
mem[X,0x000000008003CF92] -> 0x3335
[9751] [M]: 0x000000008003CF90 (0x33350513) addi a0, a0, 819
x10 <- 0x0000033333333333
mem[X,0x000000008003CF94] -> 0x1513
mem[X,0x000000008003CF96] -> 0x00B5
[9752] [M]: 0x000000008003CF94 (0x00B51513) slli a0, a0, 11
x10 <- 0x0019999999999800
mem[X,0x000000008003CF98] -> 0x0513
mem[X,0x000000008003CF9A] -> 0x1995
[9753] [M]: 0x000000008003CF98 (0x19950513) addi a0, a0, 409
x10 <- 0x0019999999999999
mem[X,0x000000008003CF9C] -> 0x1513
mem[X,0x000000008003CF9E] -> 0x00A5
[9754] [M]: 0x000000008003CF9C (0x00A51513) slli a0, a0, 10
x10 <- 0x6666666666666400
mem[X,0x000000008003CFA0] -> 0x0513
mem[X,0x000000008003CFA2] -> 0x2675
[9755] [M]: 0x000000008003CFA0 (0x26750513) addi a0, a0, 615
x10 <- 0x6666666666666667
mem[X,0x000000008003CFA4] -> 0x35B7
mem[X,0x000000008003CFA6] -> 0x3333
[9756] [M]: 0x000000008003CFA4 (0x333335B7) lui a1, 209715
x11 <- 0x0000000033333000
mem[X,0x000000008003CFA8] -> 0x8593
mem[X,0x000000008003CFAA] -> 0x3335
[9757] [M]: 0x000000008003CFA8 (0x33358593) addi a1, a1, 819
x11 <- 0x0000000033333333
mem[X,0x000000008003CFAC] -> 0x9593
mem[X,0x000000008003CFAE] -> 0x00B5
[9758] [M]: 0x000000008003CFAC (0x00B59593) slli a1, a1, 11
x11 <- 0x0000019999999800
mem[X,0x000000008003CFB0] -> 0x8593
mem[X,0x000000008003CFB2] -> 0x1995
[9759] [M]: 0x000000008003CFB0 (0x19958593) addi a1, a1, 409
x11 <- 0x0000019999999999
mem[X,0x000000008003CFB4] -> 0x9593
mem[X,0x000000008003CFB6] -> 0x00B5
[9760] [M]: 0x000000008003CFB4 (0x00B59593) slli a1, a1, 11
x11 <- 0x000CCCCCCCCCC800
mem[X,0x000000008003CFB8] -> 0x8593
mem[X,0x000000008003CFBA] -> 0x4CC5
[9761] [M]: 0x000000008003CFB8 (0x4CC58593) addi a1, a1, 1228
x11 <- 0x000CCCCCCCCCCCCC
mem[X,0x000000008003CFBC] -> 0x9593
mem[X,0x000000008003CFBE] -> 0x00A5
[9762] [M]: 0x000000008003CFBC (0x00A59593) slli a1, a1, 10
x11 <- 0x3333333333333000
mem[X,0x000000008003CFC0] -> 0x8593
mem[X,0x000000008003CFC2] -> 0x3335
[9763] [M]: 0x000000008003CFC0 (0x33358593) addi a1, a1, 819
x11 <- 0x3333333333333333
mem[X,0x000000008003CFC4] -> 0x0113
mem[X,0x000000008003CFC6] -> 0x0000
[9764] [M]: 0x000000008003CFC4 (0x00000113) addi sp, zero, 0
x2 <- 0x0000000000000000
mem[X,0x000000008003CFC8] -> 0x006F
mem[X,0x000000008003CFCA] -> 0x00C0
[9765] [M]: 0x000000008003CFC8 (0x00C0006F) jal zero, 12
mem[X,0x000000008003CFD4] -> 0x5663
mem[X,0x000000008003CFD6] -> 0x00B5
[9766] [M]: 0x000000008003CFD4 (0x00B55663) bge a0, a1, 12
mem[X,0x000000008003CFE0] -> 0x0113
mem[X,0x000000008003CFE2] -> 0x0031
[9767] [M]: 0x000000008003CFE0 (0x00310113) addi sp, sp, 3
x2 <- 0x0000000000000003
mem[X,0x000000008003CFE4] -> 0x006F
mem[X,0x000000008003CFE6] -> 0x0040
[9768] [M]: 0x000000008003CFE4 (0x0040006F) jal zero, 4
mem[X,0x000000008003CFE8] -> 0xB423
mem[X,0x000000008003CFEA] -> 0x1E20
[9769] [M]: 0x000000008003CFE8 (0x1E20B423) sd sp, 488(ra)
mem[0x000000008004A3B8] <- 0x0000000000000003
mem[X,0x000000008003CFEC] -> 0x6537
mem[X,0x000000008003CFEE] -> 0x6666
[9770] [M]: 0x000000008003CFEC (0x66666537) lui a0, 419430
x10 <- 0x0000000066666000
mem[X,0x000000008003CFF0] -> 0x0513
mem[X,0x000000008003CFF2] -> 0x6665
[9771] [M]: 0x000000008003CFF0 (0x66650513) addi a0, a0, 1638
x10 <- 0x0000000066666666
mem[X,0x000000008003CFF4] -> 0x1513
mem[X,0x000000008003CFF6] -> 0x00B5
[9772] [M]: 0x000000008003CFF4 (0x00B51513) slli a0, a0, 11
x10 <- 0x0000033333333000
mem[X,0x000000008003CFF8] -> 0x0513
mem[X,0x000000008003CFFA] -> 0x3335
[9773] [M]: 0x000000008003CFF8 (0x33350513) addi a0, a0, 819
x10 <- 0x0000033333333333
mem[X,0x000000008003CFFC] -> 0x1513
mem[X,0x000000008003CFFE] -> 0x00B5
[9774] [M]: 0x000000008003CFFC (0x00B51513) slli a0, a0, 11
x10 <- 0x0019999999999800
mem[X,0x000000008003D000] -> 0x0513
mem[X,0x000000008003D002] -> 0x1995
[9775] [M]: 0x000000008003D000 (0x19950513) addi a0, a0, 409
x10 <- 0x0019999999999999
mem[X,0x000000008003D004] -> 0x1513
mem[X,0x000000008003D006] -> 0x00A5
[9776] [M]: 0x000000008003D004 (0x00A51513) slli a0, a0, 10
x10 <- 0x6666666666666400
mem[X,0x000000008003D008] -> 0x0513
mem[X,0x000000008003D00A] -> 0x2675
[9777] [M]: 0x000000008003D008 (0x26750513) addi a0, a0, 615
x10 <- 0x6666666666666667
mem[X,0x000000008003D00C] -> 0x65B7
mem[X,0x000000008003D00E] -> 0x6666
[9778] [M]: 0x000000008003D00C (0x666665B7) lui a1, 419430
x11 <- 0x0000000066666000
mem[X,0x000000008003D010] -> 0x8593
mem[X,0x000000008003D012] -> 0x6665
[9779] [M]: 0x000000008003D010 (0x66658593) addi a1, a1, 1638
x11 <- 0x0000000066666666
mem[X,0x000000008003D014] -> 0x9593
mem[X,0x000000008003D016] -> 0x00B5
[9780] [M]: 0x000000008003D014 (0x00B59593) slli a1, a1, 11
x11 <- 0x0000033333333000
mem[X,0x000000008003D018] -> 0x8593
mem[X,0x000000008003D01A] -> 0x3335
[9781] [M]: 0x000000008003D018 (0x33358593) addi a1, a1, 819
x11 <- 0x0000033333333333
mem[X,0x000000008003D01C] -> 0x9593
mem[X,0x000000008003D01E] -> 0x00B5
[9782] [M]: 0x000000008003D01C (0x00B59593) slli a1, a1, 11
x11 <- 0x0019999999999800
mem[X,0x000000008003D020] -> 0x8593
mem[X,0x000000008003D022] -> 0x1995
[9783] [M]: 0x000000008003D020 (0x19958593) addi a1, a1, 409
x11 <- 0x0019999999999999
mem[X,0x000000008003D024] -> 0x9593
mem[X,0x000000008003D026] -> 0x00A5
[9784] [M]: 0x000000008003D024 (0x00A59593) slli a1, a1, 10
x11 <- 0x6666666666666400
mem[X,0x000000008003D028] -> 0x8593
mem[X,0x000000008003D02A] -> 0x2665
[9785] [M]: 0x000000008003D028 (0x26658593) addi a1, a1, 614
x11 <- 0x6666666666666666
mem[X,0x000000008003D02C] -> 0x0113
mem[X,0x000000008003D02E] -> 0x0000
[9786] [M]: 0x000000008003D02C (0x00000113) addi sp, zero, 0
x2 <- 0x0000000000000000
mem[X,0x000000008003D030] -> 0x006F
mem[X,0x000000008003D032] -> 0x00C0
[9787] [M]: 0x000000008003D030 (0x00C0006F) jal zero, 12
mem[X,0x000000008003D03C] -> 0x5063
mem[X,0x000000008003D03E] -> 0x02B5
[9788] [M]: 0x000000008003D03C (0x02B55063) bge a0, a1, 32
mem[X,0x000000008003D05C] -> 0x0113
mem[X,0x000000008003D05E] -> 0x0031
[9789] [M]: 0x000000008003D05C (0x00310113) addi sp, sp, 3
x2 <- 0x0000000000000003
mem[X,0x000000008003D060] -> 0x006F
mem[X,0x000000008003D062] -> 0x0040
[9790] [M]: 0x000000008003D060 (0x0040006F) jal zero, 4
mem[X,0x000000008003D064] -> 0xB823
mem[X,0x000000008003D066] -> 0x1E20
[9791] [M]: 0x000000008003D064 (0x1E20B823) sd sp, 496(ra)
mem[0x000000008004A3C0] <- 0x0000000000000003
mem[X,0x000000008003D068] -> 0x6537
mem[X,0x000000008003D06A] -> 0x6666
[9792] [M]: 0x000000008003D068 (0x66666537) lui a0, 419430
x10 <- 0x0000000066666000
mem[X,0x000000008003D06C] -> 0x0513
mem[X,0x000000008003D06E] -> 0x6665
[9793] [M]: 0x000000008003D06C (0x66650513) addi a0, a0, 1638
x10 <- 0x0000000066666666
mem[X,0x000000008003D070] -> 0x1513
mem[X,0x000000008003D072] -> 0x00B5
[9794] [M]: 0x000000008003D070 (0x00B51513) slli a0, a0, 11
x10 <- 0x0000033333333000
mem[X,0x000000008003D074] -> 0x0513
mem[X,0x000000008003D076] -> 0x3335
[9795] [M]: 0x000000008003D074 (0x33350513) addi a0, a0, 819
x10 <- 0x0000033333333333
mem[X,0x000000008003D078] -> 0x1513
mem[X,0x000000008003D07A] -> 0x00B5
[9796] [M]: 0x000000008003D078 (0x00B51513) slli a0, a0, 11
x10 <- 0x0019999999999800
mem[X,0x000000008003D07C] -> 0x0513
mem[X,0x000000008003D07E] -> 0x1995
[9797] [M]: 0x000000008003D07C (0x19950513) addi a0, a0, 409
x10 <- 0x0019999999999999
mem[X,0x000000008003D080] -> 0x1513
mem[X,0x000000008003D082] -> 0x00A5
[9798] [M]: 0x000000008003D080 (0x00A51513) slli a0, a0, 10
x10 <- 0x6666666666666400
mem[X,0x000000008003D084] -> 0x0513
mem[X,0x000000008003D086] -> 0x2675
[9799] [M]: 0x000000008003D084 (0x26750513) addi a0, a0, 615
x10 <- 0x6666666666666667
clint::tick mtime <- 0x0000000000000062
 clint timer pending at mtime 0x0000000000000062
htif::tick 0x0000000000000000
mem[X,0x000000008003D088] -> 0x05B7
mem[X,0x000000008003D08A] -> 0x0000
[9800] [M]: 0x000000008003D088 (0x000005B7) lui a1, 0
x11 <- 0x0000000000000000
mem[X,0x000000008003D08C] -> 0x8593
mem[X,0x000000008003D08E] -> 0xFFF5
[9801] [M]: 0x000000008003D08C (0xFFF58593) addi a1, a1, 4095
x11 <- 0xFFFFFFFFFFFFFFFF
mem[X,0x000000008003D090] -> 0x9593
mem[X,0x000000008003D092] -> 0x00B5
[9802] [M]: 0x000000008003D090 (0x00B59593) slli a1, a1, 11
x11 <- 0xFFFFFFFFFFFFF800
mem[X,0x000000008003D094] -> 0x8593
mem[X,0x000000008003D096] -> 0x2575
[9803] [M]: 0x000000008003D094 (0x25758593) addi a1, a1, 599
x11 <- 0xFFFFFFFFFFFFFA57
mem[X,0x000000008003D098] -> 0x9593
mem[X,0x000000008003D09A] -> 0x00B5
[9804] [M]: 0x000000008003D098 (0x00B59593) slli a1, a1, 11
x11 <- 0xFFFFFFFFFFD2B800
mem[X,0x000000008003D09C] -> 0x8593
mem[X,0x000000008003D09E] -> 0x6C35
[9805] [M]: 0x000000008003D09C (0x6C358593) addi a1, a1, 1731
x11 <- 0xFFFFFFFFFFD2BEC3
mem[X,0x000000008003D0A0] -> 0x9593
mem[X,0x000000008003D0A2] -> 0x00A5
[9806] [M]: 0x000000008003D0A0 (0x00A59593) slli a1, a1, 10
x11 <- 0xFFFFFFFF4AFB0C00
mem[X,0x000000008003D0A4] -> 0x8593
mem[X,0x000000008003D0A6] -> 0x0CD5
[9807] [M]: 0x000000008003D0A4 (0x0CD58593) addi a1, a1, 205
x11 <- 0xFFFFFFFF4AFB0CCD
mem[X,0x000000008003D0A8] -> 0x0113
mem[X,0x000000008003D0AA] -> 0x0000
[9808] [M]: 0x000000008003D0A8 (0x00000113) addi sp, zero, 0
x2 <- 0x0000000000000000
mem[X,0x000000008003D0AC] -> 0x006F
mem[X,0x000000008003D0AE] -> 0x00C0
[9809] [M]: 0x000000008003D0AC (0x00C0006F) jal zero, 12
mem[X,0x000000008003D0B8] -> 0x5CE3
mem[X,0x000000008003D0BA] -> 0xFEB5
[9810] [M]: 0x000000008003D0B8 (0xFEB55CE3) bge a0, a1, 8184
mem[X,0x000000008003D0B0] -> 0x0113
mem[X,0x000000008003D0B2] -> 0x0011
[9811] [M]: 0x000000008003D0B0 (0x00110113) addi sp, sp, 1
x2 <- 0x0000000000000001
mem[X,0x000000008003D0B4] -> 0x006F
mem[X,0x000000008003D0B6] -> 0x0180
[9812] [M]: 0x000000008003D0B4 (0x0180006F) jal zero, 24
mem[X,0x000000008003D0CC] -> 0xBC23
mem[X,0x000000008003D0CE] -> 0x1E20
[9813] [M]: 0x000000008003D0CC (0x1E20BC23) sd sp, 504(ra)
mem[0x000000008004A3C8] <- 0x0000000000000001
mem[X,0x000000008003D0D0] -> 0x6537
mem[X,0x000000008003D0D2] -> 0x6666
[9814] [M]: 0x000000008003D0D0 (0x66666537) lui a0, 419430
x10 <- 0x0000000066666000
mem[X,0x000000008003D0D4] -> 0x0513
mem[X,0x000000008003D0D6] -> 0x6665
[9815] [M]: 0x000000008003D0D4 (0x66650513) addi a0, a0, 1638
x10 <- 0x0000000066666666
mem[X,0x000000008003D0D8] -> 0x1513
mem[X,0x000000008003D0DA] -> 0x00B5
[9816] [M]: 0x000000008003D0D8 (0x00B51513) slli a0, a0, 11
x10 <- 0x0000033333333000
mem[X,0x000000008003D0DC] -> 0x0513
mem[X,0x000000008003D0DE] -> 0x3335
[9817] [M]: 0x000000008003D0DC (0x33350513) addi a0, a0, 819
x10 <- 0x0000033333333333
mem[X,0x000000008003D0E0] -> 0x1513
mem[X,0x000000008003D0E2] -> 0x00B5
[9818] [M]: 0x000000008003D0E0 (0x00B51513) slli a0, a0, 11
x10 <- 0x0019999999999800
mem[X,0x000000008003D0E4] -> 0x0513
mem[X,0x000000008003D0E6] -> 0x1995
[9819] [M]: 0x000000008003D0E4 (0x19950513) addi a0, a0, 409
x10 <- 0x0019999999999999
mem[X,0x000000008003D0E8] -> 0x1513
mem[X,0x000000008003D0EA] -> 0x00A5
[9820] [M]: 0x000000008003D0E8 (0x00A51513) slli a0, a0, 10
x10 <- 0x6666666666666400
mem[X,0x000000008003D0EC] -> 0x0513
mem[X,0x000000008003D0EE] -> 0x2675
[9821] [M]: 0x000000008003D0EC (0x26750513) addi a0, a0, 615
x10 <- 0x6666666666666667
mem[X,0x000000008003D0F0] -> 0x05B7
mem[X,0x000000008003D0F2] -> 0x0000
[9822] [M]: 0x000000008003D0F0 (0x000005B7) lui a1, 0
x11 <- 0x0000000000000000
mem[X,0x000000008003D0F4] -> 0x8593
mem[X,0x000000008003D0F6] -> 0x0005
[9823] [M]: 0x000000008003D0F4 (0x00058593) addi a1, a1, 0
x11 <- 0x0000000000000000
mem[X,0x000000008003D0F8] -> 0x9593
mem[X,0x000000008003D0FA] -> 0x00B5
[9824] [M]: 0x000000008003D0F8 (0x00B59593) slli a1, a1, 11
x11 <- 0x0000000000000000
mem[X,0x000000008003D0FC] -> 0x8593
mem[X,0x000000008003D0FE] -> 0x5A85
[9825] [M]: 0x000000008003D0FC (0x5A858593) addi a1, a1, 1448
x11 <- 0x00000000000005A8
mem[X,0x000000008003D100] -> 0x9593
mem[X,0x000000008003D102] -> 0x00B5
[9826] [M]: 0x000000008003D100 (0x00B59593) slli a1, a1, 11
x11 <- 0x00000000002D4000
mem[X,0x000000008003D104] -> 0x8593
mem[X,0x000000008003D106] -> 0x13C5
[9827] [M]: 0x000000008003D104 (0x13C58593) addi a1, a1, 316
x11 <- 0x00000000002D413C
mem[X,0x000000008003D108] -> 0x9593
mem[X,0x000000008003D10A] -> 0x00A5
[9828] [M]: 0x000000008003D108 (0x00A59593) slli a1, a1, 10
x11 <- 0x00000000B504F000
mem[X,0x000000008003D10C] -> 0x8593
mem[X,0x000000008003D10E] -> 0x3335
[9829] [M]: 0x000000008003D10C (0x33358593) addi a1, a1, 819
x11 <- 0x00000000B504F333
mem[X,0x000000008003D110] -> 0x0113
mem[X,0x000000008003D112] -> 0x0000
[9830] [M]: 0x000000008003D110 (0x00000113) addi sp, zero, 0
x2 <- 0x0000000000000000
mem[X,0x000000008003D114] -> 0x006F
mem[X,0x000000008003D116] -> 0x00C0
[9831] [M]: 0x000000008003D114 (0x00C0006F) jal zero, 12
mem[X,0x000000008003D120] -> 0x5863
mem[X,0x000000008003D122] -> 0x00B5
[9832] [M]: 0x000000008003D120 (0x00B55863) bge a0, a1, 16
mem[X,0x000000008003D130] -> 0x0113
mem[X,0x000000008003D132] -> 0x0031
[9833] [M]: 0x000000008003D130 (0x00310113) addi sp, sp, 3
x2 <- 0x0000000000000003
mem[X,0x000000008003D134] -> 0x006F
mem[X,0x000000008003D136] -> 0x0040
[9834] [M]: 0x000000008003D134 (0x0040006F) jal zero, 4
mem[X,0x000000008003D138] -> 0xB023
mem[X,0x000000008003D13A] -> 0x2020
[9835] [M]: 0x000000008003D138 (0x2020B023) sd sp, 512(ra)
mem[0x000000008004A3D0] <- 0x0000000000000003
mem[X,0x000000008003D13C] -> 0x6537
mem[X,0x000000008003D13E] -> 0x6666
[9836] [M]: 0x000000008003D13C (0x66666537) lui a0, 419430
x10 <- 0x0000000066666000
mem[X,0x000000008003D140] -> 0x0513
mem[X,0x000000008003D142] -> 0x6665
[9837] [M]: 0x000000008003D140 (0x66650513) addi a0, a0, 1638
x10 <- 0x0000000066666666
mem[X,0x000000008003D144] -> 0x1513
mem[X,0x000000008003D146] -> 0x00B5
[9838] [M]: 0x000000008003D144 (0x00B51513) slli a0, a0, 11
x10 <- 0x0000033333333000
mem[X,0x000000008003D148] -> 0x0513
mem[X,0x000000008003D14A] -> 0x3335
[9839] [M]: 0x000000008003D148 (0x33350513) addi a0, a0, 819
x10 <- 0x0000033333333333
mem[X,0x000000008003D14C] -> 0x1513
mem[X,0x000000008003D14E] -> 0x00B5
[9840] [M]: 0x000000008003D14C (0x00B51513) slli a0, a0, 11
x10 <- 0x0019999999999800
mem[X,0x000000008003D150] -> 0x0513
mem[X,0x000000008003D152] -> 0x1995
[9841] [M]: 0x000000008003D150 (0x19950513) addi a0, a0, 409
x10 <- 0x0019999999999999
mem[X,0x000000008003D154] -> 0x1513
mem[X,0x000000008003D156] -> 0x00A5
[9842] [M]: 0x000000008003D154 (0x00A51513) slli a0, a0, 10
x10 <- 0x6666666666666400
mem[X,0x000000008003D158] -> 0x0513
mem[X,0x000000008003D15A] -> 0x2675
[9843] [M]: 0x000000008003D158 (0x26750513) addi a0, a0, 615
x10 <- 0x6666666666666667
mem[X,0x000000008003D15C] -> 0x0593
mem[X,0x000000008003D15E] -> 0x0020
[9844] [M]: 0x000000008003D15C (0x00200593) addi a1, zero, 2
x11 <- 0x0000000000000002
mem[X,0x000000008003D160] -> 0x0113
mem[X,0x000000008003D162] -> 0x0000
[9845] [M]: 0x000000008003D160 (0x00000113) addi sp, zero, 0
x2 <- 0x0000000000000000
mem[X,0x000000008003D164] -> 0x006F
mem[X,0x000000008003D166] -> 0x00C0
[9846] [M]: 0x000000008003D164 (0x00C0006F) jal zero, 12
mem[X,0x000000008003D170] -> 0x5CE3
mem[X,0x000000008003D172] -> 0xFEB5
[9847] [M]: 0x000000008003D170 (0xFEB55CE3) bge a0, a1, 8184
mem[X,0x000000008003D168] -> 0x0113
mem[X,0x000000008003D16A] -> 0x0011
[9848] [M]: 0x000000008003D168 (0x00110113) addi sp, sp, 1
x2 <- 0x0000000000000001
mem[X,0x000000008003D16C] -> 0x006F
mem[X,0x000000008003D16E] -> 0x0180
[9849] [M]: 0x000000008003D16C (0x0180006F) jal zero, 24
mem[X,0x000000008003D184] -> 0xB423
mem[X,0x000000008003D186] -> 0x2020
[9850] [M]: 0x000000008003D184 (0x2020B423) sd sp, 520(ra)
mem[0x000000008004A3D8] <- 0x0000000000000001
mem[X,0x000000008003D188] -> 0x6537
mem[X,0x000000008003D18A] -> 0x6666
[9851] [M]: 0x000000008003D188 (0x66666537) lui a0, 419430
x10 <- 0x0000000066666000
mem[X,0x000000008003D18C] -> 0x0513
mem[X,0x000000008003D18E] -> 0x6665
[9852] [M]: 0x000000008003D18C (0x66650513) addi a0, a0, 1638
x10 <- 0x0000000066666666
mem[X,0x000000008003D190] -> 0x1513
mem[X,0x000000008003D192] -> 0x00B5
[9853] [M]: 0x000000008003D190 (0x00B51513) slli a0, a0, 11
x10 <- 0x0000033333333000
mem[X,0x000000008003D194] -> 0x0513
mem[X,0x000000008003D196] -> 0x3335
[9854] [M]: 0x000000008003D194 (0x33350513) addi a0, a0, 819
x10 <- 0x0000033333333333
mem[X,0x000000008003D198] -> 0x1513
mem[X,0x000000008003D19A] -> 0x00B5
[9855] [M]: 0x000000008003D198 (0x00B51513) slli a0, a0, 11
x10 <- 0x0019999999999800
mem[X,0x000000008003D19C] -> 0x0513
mem[X,0x000000008003D19E] -> 0x1995
[9856] [M]: 0x000000008003D19C (0x19950513) addi a0, a0, 409
x10 <- 0x0019999999999999
mem[X,0x000000008003D1A0] -> 0x1513
mem[X,0x000000008003D1A2] -> 0x00A5
[9857] [M]: 0x000000008003D1A0 (0x00A51513) slli a0, a0, 10
x10 <- 0x6666666666666400
mem[X,0x000000008003D1A4] -> 0x0513
mem[X,0x000000008003D1A6] -> 0x2675
[9858] [M]: 0x000000008003D1A4 (0x26750513) addi a0, a0, 615
x10 <- 0x6666666666666667
mem[X,0x000000008003D1A8] -> 0x55B7
mem[X,0x000000008003D1AA] -> 0x5555
[9859] [M]: 0x000000008003D1A8 (0x555555B7) lui a1, 349525
x11 <- 0x0000000055555000
mem[X,0x000000008003D1AC] -> 0x8593
mem[X,0x000000008003D1AE] -> 0x5555
[9860] [M]: 0x000000008003D1AC (0x55558593) addi a1, a1, 1365
x11 <- 0x0000000055555555
mem[X,0x000000008003D1B0] -> 0x9593
mem[X,0x000000008003D1B2] -> 0x00B5
[9861] [M]: 0x000000008003D1B0 (0x00B59593) slli a1, a1, 11
x11 <- 0x000002AAAAAAA800
mem[X,0x000000008003D1B4] -> 0x8593
mem[X,0x000000008003D1B6] -> 0x2AA5
[9862] [M]: 0x000000008003D1B4 (0x2AA58593) addi a1, a1, 682
x11 <- 0x000002AAAAAAAAAA
mem[X,0x000000008003D1B8] -> 0x9593
mem[X,0x000000008003D1BA] -> 0x00B5
[9863] [M]: 0x000000008003D1B8 (0x00B59593) slli a1, a1, 11
x11 <- 0x0015555555555000
mem[X,0x000000008003D1BC] -> 0x8593
mem[X,0x000000008003D1BE] -> 0x5555
[9864] [M]: 0x000000008003D1BC (0x55558593) addi a1, a1, 1365
x11 <- 0x0015555555555555
mem[X,0x000000008003D1C0] -> 0x9593
mem[X,0x000000008003D1C2] -> 0x00A5
[9865] [M]: 0x000000008003D1C0 (0x00A59593) slli a1, a1, 10
x11 <- 0x5555555555555400
mem[X,0x000000008003D1C4] -> 0x8593
mem[X,0x000000008003D1C6] -> 0x1545
[9866] [M]: 0x000000008003D1C4 (0x15458593) addi a1, a1, 340
x11 <- 0x5555555555555554
mem[X,0x000000008003D1C8] -> 0x0113
mem[X,0x000000008003D1CA] -> 0x0000
[9867] [M]: 0x000000008003D1C8 (0x00000113) addi sp, zero, 0
x2 <- 0x0000000000000000
mem[X,0x000000008003D1CC] -> 0x006F
mem[X,0x000000008003D1CE] -> 0x00C0
[9868] [M]: 0x000000008003D1CC (0x00C0006F) jal zero, 12
mem[X,0x000000008003D1D8] -> 0x5063
mem[X,0x000000008003D1DA] -> 0x20B5
[9869] [M]: 0x000000008003D1D8 (0x20B55063) bge a0, a1, 512
mem[X,0x000000008003D3D8] -> 0x0113
mem[X,0x000000008003D3DA] -> 0x0031
[9870] [M]: 0x000000008003D3D8 (0x00310113) addi sp, sp, 3
x2 <- 0x0000000000000003
mem[X,0x000000008003D3DC] -> 0x006F
mem[X,0x000000008003D3DE] -> 0x0040
[9871] [M]: 0x000000008003D3DC (0x0040006F) jal zero, 4
mem[X,0x000000008003D3E0] -> 0xB823
mem[X,0x000000008003D3E2] -> 0x2020
[9872] [M]: 0x000000008003D3E0 (0x2020B823) sd sp, 528(ra)
mem[0x000000008004A3E0] <- 0x0000000000000003
mem[X,0x000000008003D3E4] -> 0x6537
mem[X,0x000000008003D3E6] -> 0x6666
[9873] [M]: 0x000000008003D3E4 (0x66666537) lui a0, 419430
x10 <- 0x0000000066666000
mem[X,0x000000008003D3E8] -> 0x0513
mem[X,0x000000008003D3EA] -> 0x6665
[9874] [M]: 0x000000008003D3E8 (0x66650513) addi a0, a0, 1638
x10 <- 0x0000000066666666
mem[X,0x000000008003D3EC] -> 0x1513
mem[X,0x000000008003D3EE] -> 0x00B5
[9875] [M]: 0x000000008003D3EC (0x00B51513) slli a0, a0, 11
x10 <- 0x0000033333333000
mem[X,0x000000008003D3F0] -> 0x0513
mem[X,0x000000008003D3F2] -> 0x3335
[9876] [M]: 0x000000008003D3F0 (0x33350513) addi a0, a0, 819
x10 <- 0x0000033333333333
mem[X,0x000000008003D3F4] -> 0x1513
mem[X,0x000000008003D3F6] -> 0x00B5
[9877] [M]: 0x000000008003D3F4 (0x00B51513) slli a0, a0, 11
x10 <- 0x0019999999999800
mem[X,0x000000008003D3F8] -> 0x0513
mem[X,0x000000008003D3FA] -> 0x1995
[9878] [M]: 0x000000008003D3F8 (0x19950513) addi a0, a0, 409
x10 <- 0x0019999999999999
mem[X,0x000000008003D3FC] -> 0x1513
mem[X,0x000000008003D3FE] -> 0x00A5
[9879] [M]: 0x000000008003D3FC (0x00A51513) slli a0, a0, 10
x10 <- 0x6666666666666400
mem[X,0x000000008003D400] -> 0x0513
mem[X,0x000000008003D402] -> 0x2675
[9880] [M]: 0x000000008003D400 (0x26750513) addi a0, a0, 615
x10 <- 0x6666666666666667
mem[X,0x000000008003D404] -> 0x0593
mem[X,0x000000008003D406] -> 0x0000
[9881] [M]: 0x000000008003D404 (0x00000593) addi a1, zero, 0
x11 <- 0x0000000000000000
mem[X,0x000000008003D408] -> 0x0113
mem[X,0x000000008003D40A] -> 0x0000
[9882] [M]: 0x000000008003D408 (0x00000113) addi sp, zero, 0
x2 <- 0x0000000000000000
mem[X,0x000000008003D40C] -> 0x006F
mem[X,0x000000008003D40E] -> 0x00C0
[9883] [M]: 0x000000008003D40C (0x00C0006F) jal zero, 12
mem[X,0x000000008003D418] -> 0x5663
mem[X,0x000000008003D41A] -> 0x00B5
[9884] [M]: 0x000000008003D418 (0x00B55663) bge a0, a1, 12
mem[X,0x000000008003D424] -> 0x0113
mem[X,0x000000008003D426] -> 0x0031
[9885] [M]: 0x000000008003D424 (0x00310113) addi sp, sp, 3
x2 <- 0x0000000000000003
mem[X,0x000000008003D428] -> 0x006F
mem[X,0x000000008003D42A] -> 0x0040
[9886] [M]: 0x000000008003D428 (0x0040006F) jal zero, 4
mem[X,0x000000008003D42C] -> 0xBC23
mem[X,0x000000008003D42E] -> 0x2020
[9887] [M]: 0x000000008003D42C (0x2020BC23) sd sp, 536(ra)
mem[0x000000008004A3E8] <- 0x0000000000000003
mem[X,0x000000008003D430] -> 0x6537
mem[X,0x000000008003D432] -> 0x6666
[9888] [M]: 0x000000008003D430 (0x66666537) lui a0, 419430
x10 <- 0x0000000066666000
mem[X,0x000000008003D434] -> 0x0513
mem[X,0x000000008003D436] -> 0x6665
[9889] [M]: 0x000000008003D434 (0x66650513) addi a0, a0, 1638
x10 <- 0x0000000066666666
mem[X,0x000000008003D438] -> 0x1513
mem[X,0x000000008003D43A] -> 0x00B5
[9890] [M]: 0x000000008003D438 (0x00B51513) slli a0, a0, 11
x10 <- 0x0000033333333000
mem[X,0x000000008003D43C] -> 0x0513
mem[X,0x000000008003D43E] -> 0x3335
[9891] [M]: 0x000000008003D43C (0x33350513) addi a0, a0, 819
x10 <- 0x0000033333333333
mem[X,0x000000008003D440] -> 0x1513
mem[X,0x000000008003D442] -> 0x00B5
[9892] [M]: 0x000000008003D440 (0x00B51513) slli a0, a0, 11
x10 <- 0x0019999999999800
mem[X,0x000000008003D444] -> 0x0513
mem[X,0x000000008003D446] -> 0x1995
[9893] [M]: 0x000000008003D444 (0x19950513) addi a0, a0, 409
x10 <- 0x0019999999999999
mem[X,0x000000008003D448] -> 0x1513
mem[X,0x000000008003D44A] -> 0x00A5
[9894] [M]: 0x000000008003D448 (0x00A51513) slli a0, a0, 10
x10 <- 0x6666666666666400
mem[X,0x000000008003D44C] -> 0x0513
mem[X,0x000000008003D44E] -> 0x2675
[9895] [M]: 0x000000008003D44C (0x26750513) addi a0, a0, 615
x10 <- 0x6666666666666667
mem[X,0x000000008003D450] -> 0x0593
mem[X,0x000000008003D452] -> 0x0040
[9896] [M]: 0x000000008003D450 (0x00400593) addi a1, zero, 4
x11 <- 0x0000000000000004
mem[X,0x000000008003D454] -> 0x0113
mem[X,0x000000008003D456] -> 0x0000
[9897] [M]: 0x000000008003D454 (0x00000113) addi sp, zero, 0
x2 <- 0x0000000000000000
mem[X,0x000000008003D458] -> 0x006F
mem[X,0x000000008003D45A] -> 0x00C0
[9898] [M]: 0x000000008003D458 (0x00C0006F) jal zero, 12
mem[X,0x000000008003D464] -> 0x5CE3
mem[X,0x000000008003D466] -> 0xFEB5
[9899] [M]: 0x000000008003D464 (0xFEB55CE3) bge a0, a1, 8184
clint::tick mtime <- 0x0000000000000063
 clint timer pending at mtime 0x0000000000000063
htif::tick 0x0000000000000000
mem[X,0x000000008003D45C] -> 0x0113
mem[X,0x000000008003D45E] -> 0x0011
[9900] [M]: 0x000000008003D45C (0x00110113) addi sp, sp, 1
x2 <- 0x0000000000000001
mem[X,0x000000008003D460] -> 0x006F
mem[X,0x000000008003D462] -> 0x0180
[9901] [M]: 0x000000008003D460 (0x0180006F) jal zero, 24
mem[X,0x000000008003D478] -> 0xB023
mem[X,0x000000008003D47A] -> 0x2220
[9902] [M]: 0x000000008003D478 (0x2220B023) sd sp, 544(ra)
mem[0x000000008004A3F0] <- 0x0000000000000001
mem[X,0x000000008003D47C] -> 0x6537
mem[X,0x000000008003D47E] -> 0x6666
[9903] [M]: 0x000000008003D47C (0x66666537) lui a0, 419430
x10 <- 0x0000000066666000
mem[X,0x000000008003D480] -> 0x0513
mem[X,0x000000008003D482] -> 0x6665
[9904] [M]: 0x000000008003D480 (0x66650513) addi a0, a0, 1638
x10 <- 0x0000000066666666
mem[X,0x000000008003D484] -> 0x1513
mem[X,0x000000008003D486] -> 0x00B5
[9905] [M]: 0x000000008003D484 (0x00B51513) slli a0, a0, 11
x10 <- 0x0000033333333000
mem[X,0x000000008003D488] -> 0x0513
mem[X,0x000000008003D48A] -> 0x3335
[9906] [M]: 0x000000008003D488 (0x33350513) addi a0, a0, 819
x10 <- 0x0000033333333333
mem[X,0x000000008003D48C] -> 0x1513
mem[X,0x000000008003D48E] -> 0x00B5
[9907] [M]: 0x000000008003D48C (0x00B51513) slli a0, a0, 11
x10 <- 0x0019999999999800
mem[X,0x000000008003D490] -> 0x0513
mem[X,0x000000008003D492] -> 0x1995
[9908] [M]: 0x000000008003D490 (0x19950513) addi a0, a0, 409
x10 <- 0x0019999999999999
mem[X,0x000000008003D494] -> 0x1513
mem[X,0x000000008003D496] -> 0x00A5
[9909] [M]: 0x000000008003D494 (0x00A51513) slli a0, a0, 10
x10 <- 0x6666666666666400
mem[X,0x000000008003D498] -> 0x0513
mem[X,0x000000008003D49A] -> 0x2675
[9910] [M]: 0x000000008003D498 (0x26750513) addi a0, a0, 615
x10 <- 0x6666666666666667
mem[X,0x000000008003D49C] -> 0x35B7
mem[X,0x000000008003D49E] -> 0x3333
[9911] [M]: 0x000000008003D49C (0x333335B7) lui a1, 209715
x11 <- 0x0000000033333000
mem[X,0x000000008003D4A0] -> 0x8593
mem[X,0x000000008003D4A2] -> 0x3335
[9912] [M]: 0x000000008003D4A0 (0x33358593) addi a1, a1, 819
x11 <- 0x0000000033333333
mem[X,0x000000008003D4A4] -> 0x9593
mem[X,0x000000008003D4A6] -> 0x00B5
[9913] [M]: 0x000000008003D4A4 (0x00B59593) slli a1, a1, 11
x11 <- 0x0000019999999800
mem[X,0x000000008003D4A8] -> 0x8593
mem[X,0x000000008003D4AA] -> 0x1995
[9914] [M]: 0x000000008003D4A8 (0x19958593) addi a1, a1, 409
x11 <- 0x0000019999999999
mem[X,0x000000008003D4AC] -> 0x9593
mem[X,0x000000008003D4AE] -> 0x00B5
[9915] [M]: 0x000000008003D4AC (0x00B59593) slli a1, a1, 11
x11 <- 0x000CCCCCCCCCC800
mem[X,0x000000008003D4B0] -> 0x8593
mem[X,0x000000008003D4B2] -> 0x4CC5
[9916] [M]: 0x000000008003D4B0 (0x4CC58593) addi a1, a1, 1228
x11 <- 0x000CCCCCCCCCCCCC
mem[X,0x000000008003D4B4] -> 0x9593
mem[X,0x000000008003D4B6] -> 0x00A5
[9917] [M]: 0x000000008003D4B4 (0x00A59593) slli a1, a1, 10
x11 <- 0x3333333333333000
mem[X,0x000000008003D4B8] -> 0x8593
mem[X,0x000000008003D4BA] -> 0x3325
[9918] [M]: 0x000000008003D4B8 (0x33258593) addi a1, a1, 818
x11 <- 0x3333333333333332
mem[X,0x000000008003D4BC] -> 0x0113
mem[X,0x000000008003D4BE] -> 0x0000
[9919] [M]: 0x000000008003D4BC (0x00000113) addi sp, zero, 0
x2 <- 0x0000000000000000
mem[X,0x000000008003D4C0] -> 0x006F
mem[X,0x000000008003D4C2] -> 0x2B10
[9920] [M]: 0x000000008003D4C0 (0x2B10006F) jal zero, 2736
mem[X,0x000000008003DF70] -> 0x5A63
mem[X,0x000000008003DF72] -> 0xD4B5
[9921] [M]: 0x000000008003DF70 (0xD4B55A63) bge a0, a1, 5460
mem[X,0x000000008003D4C4] -> 0x0113
mem[X,0x000000008003D4C6] -> 0x0011
[9922] [M]: 0x000000008003D4C4 (0x00110113) addi sp, sp, 1
x2 <- 0x0000000000000001
mem[X,0x000000008003D4C8] -> 0x006F
mem[X,0x000000008003D4CA] -> 0x2BD0
[9923] [M]: 0x000000008003D4C8 (0x2BD0006F) jal zero, 2748
mem[X,0x000000008003DF84] -> 0xB423
mem[X,0x000000008003DF86] -> 0x2220
[9924] [M]: 0x000000008003DF84 (0x2220B423) sd sp, 552(ra)
mem[0x000000008004A3F8] <- 0x0000000000000001
mem[X,0x000000008003DF88] -> 0x6537
mem[X,0x000000008003DF8A] -> 0x6666
[9925] [M]: 0x000000008003DF88 (0x66666537) lui a0, 419430
x10 <- 0x0000000066666000
mem[X,0x000000008003DF8C] -> 0x0513
mem[X,0x000000008003DF8E] -> 0x6665
[9926] [M]: 0x000000008003DF8C (0x66650513) addi a0, a0, 1638
x10 <- 0x0000000066666666
mem[X,0x000000008003DF90] -> 0x1513
mem[X,0x000000008003DF92] -> 0x00B5
[9927] [M]: 0x000000008003DF90 (0x00B51513) slli a0, a0, 11
x10 <- 0x0000033333333000
mem[X,0x000000008003DF94] -> 0x0513
mem[X,0x000000008003DF96] -> 0x3335
[9928] [M]: 0x000000008003DF94 (0x33350513) addi a0, a0, 819
x10 <- 0x0000033333333333
mem[X,0x000000008003DF98] -> 0x1513
mem[X,0x000000008003DF9A] -> 0x00B5
[9929] [M]: 0x000000008003DF98 (0x00B51513) slli a0, a0, 11
x10 <- 0x0019999999999800
mem[X,0x000000008003DF9C] -> 0x0513
mem[X,0x000000008003DF9E] -> 0x1995
[9930] [M]: 0x000000008003DF9C (0x19950513) addi a0, a0, 409
x10 <- 0x0019999999999999
mem[X,0x000000008003DFA0] -> 0x1513
mem[X,0x000000008003DFA2] -> 0x00A5
[9931] [M]: 0x000000008003DFA0 (0x00A51513) slli a0, a0, 10
x10 <- 0x6666666666666400
mem[X,0x000000008003DFA4] -> 0x0513
mem[X,0x000000008003DFA6] -> 0x2675
[9932] [M]: 0x000000008003DFA4 (0x26750513) addi a0, a0, 615
x10 <- 0x6666666666666667
mem[X,0x000000008003DFA8] -> 0x65B7
mem[X,0x000000008003DFAA] -> 0x6666
[9933] [M]: 0x000000008003DFA8 (0x666665B7) lui a1, 419430
x11 <- 0x0000000066666000
mem[X,0x000000008003DFAC] -> 0x8593
mem[X,0x000000008003DFAE] -> 0x6665
[9934] [M]: 0x000000008003DFAC (0x66658593) addi a1, a1, 1638
x11 <- 0x0000000066666666
mem[X,0x000000008003DFB0] -> 0x9593
mem[X,0x000000008003DFB2] -> 0x00B5
[9935] [M]: 0x000000008003DFB0 (0x00B59593) slli a1, a1, 11
x11 <- 0x0000033333333000
mem[X,0x000000008003DFB4] -> 0x8593
mem[X,0x000000008003DFB6] -> 0x3335
[9936] [M]: 0x000000008003DFB4 (0x33358593) addi a1, a1, 819
x11 <- 0x0000033333333333
mem[X,0x000000008003DFB8] -> 0x9593
mem[X,0x000000008003DFBA] -> 0x00B5
[9937] [M]: 0x000000008003DFB8 (0x00B59593) slli a1, a1, 11
x11 <- 0x0019999999999800
mem[X,0x000000008003DFBC] -> 0x8593
mem[X,0x000000008003DFBE] -> 0x1995
[9938] [M]: 0x000000008003DFBC (0x19958593) addi a1, a1, 409
x11 <- 0x0019999999999999
mem[X,0x000000008003DFC0] -> 0x9593
mem[X,0x000000008003DFC2] -> 0x00A5
[9939] [M]: 0x000000008003DFC0 (0x00A59593) slli a1, a1, 10
x11 <- 0x6666666666666400
mem[X,0x000000008003DFC4] -> 0x8593
mem[X,0x000000008003DFC6] -> 0x2655
[9940] [M]: 0x000000008003DFC4 (0x26558593) addi a1, a1, 613
x11 <- 0x6666666666666665
mem[X,0x000000008003DFC8] -> 0x0113
mem[X,0x000000008003DFCA] -> 0x0000
[9941] [M]: 0x000000008003DFC8 (0x00000113) addi sp, zero, 0
x2 <- 0x0000000000000000
mem[X,0x000000008003DFCC] -> 0x006F
mem[X,0x000000008003DFCE] -> 0x00C0
[9942] [M]: 0x000000008003DFCC (0x00C0006F) jal zero, 12
mem[X,0x000000008003DFD8] -> 0x5CE3
mem[X,0x000000008003DFDA] -> 0xFEB5
[9943] [M]: 0x000000008003DFD8 (0xFEB55CE3) bge a0, a1, 8184
mem[X,0x000000008003DFD0] -> 0x0113
mem[X,0x000000008003DFD2] -> 0x0011
[9944] [M]: 0x000000008003DFD0 (0x00110113) addi sp, sp, 1
x2 <- 0x0000000000000001
mem[X,0x000000008003DFD4] -> 0x006F
mem[X,0x000000008003DFD6] -> 0x0180
[9945] [M]: 0x000000008003DFD4 (0x0180006F) jal zero, 24
mem[X,0x000000008003DFEC] -> 0xB823
mem[X,0x000000008003DFEE] -> 0x2220
[9946] [M]: 0x000000008003DFEC (0x2220B823) sd sp, 560(ra)
mem[0x000000008004A400] <- 0x0000000000000001
mem[X,0x000000008003DFF0] -> 0x6537
mem[X,0x000000008003DFF2] -> 0x6666
[9947] [M]: 0x000000008003DFF0 (0x66666537) lui a0, 419430
x10 <- 0x0000000066666000
mem[X,0x000000008003DFF4] -> 0x0513
mem[X,0x000000008003DFF6] -> 0x6665
[9948] [M]: 0x000000008003DFF4 (0x66650513) addi a0, a0, 1638
x10 <- 0x0000000066666666
mem[X,0x000000008003DFF8] -> 0x1513
mem[X,0x000000008003DFFA] -> 0x00B5
[9949] [M]: 0x000000008003DFF8 (0x00B51513) slli a0, a0, 11
x10 <- 0x0000033333333000
mem[X,0x000000008003DFFC] -> 0x0513
mem[X,0x000000008003DFFE] -> 0x3335
[9950] [M]: 0x000000008003DFFC (0x33350513) addi a0, a0, 819
x10 <- 0x0000033333333333
mem[X,0x000000008003E000] -> 0x1513
mem[X,0x000000008003E002] -> 0x00B5
[9951] [M]: 0x000000008003E000 (0x00B51513) slli a0, a0, 11
x10 <- 0x0019999999999800
mem[X,0x000000008003E004] -> 0x0513
mem[X,0x000000008003E006] -> 0x1995
[9952] [M]: 0x000000008003E004 (0x19950513) addi a0, a0, 409
x10 <- 0x0019999999999999
mem[X,0x000000008003E008] -> 0x1513
mem[X,0x000000008003E00A] -> 0x00A5
[9953] [M]: 0x000000008003E008 (0x00A51513) slli a0, a0, 10
x10 <- 0x6666666666666400
mem[X,0x000000008003E00C] -> 0x0513
mem[X,0x000000008003E00E] -> 0x2675
[9954] [M]: 0x000000008003E00C (0x26750513) addi a0, a0, 615
x10 <- 0x6666666666666667
mem[X,0x000000008003E010] -> 0x05B7
mem[X,0x000000008003E012] -> 0x0000
[9955] [M]: 0x000000008003E010 (0x000005B7) lui a1, 0
x11 <- 0x0000000000000000
mem[X,0x000000008003E014] -> 0x8593
mem[X,0x000000008003E016] -> 0x0005
[9956] [M]: 0x000000008003E014 (0x00058593) addi a1, a1, 0
x11 <- 0x0000000000000000
mem[X,0x000000008003E018] -> 0x9593
mem[X,0x000000008003E01A] -> 0x00B5
[9957] [M]: 0x000000008003E018 (0x00B59593) slli a1, a1, 11
x11 <- 0x0000000000000000
mem[X,0x000000008003E01C] -> 0x8593
mem[X,0x000000008003E01E] -> 0x5A85
[9958] [M]: 0x000000008003E01C (0x5A858593) addi a1, a1, 1448
x11 <- 0x00000000000005A8
mem[X,0x000000008003E020] -> 0x9593
mem[X,0x000000008003E022] -> 0x00B5
[9959] [M]: 0x000000008003E020 (0x00B59593) slli a1, a1, 11
x11 <- 0x00000000002D4000
mem[X,0x000000008003E024] -> 0x8593
mem[X,0x000000008003E026] -> 0x13C5
[9960] [M]: 0x000000008003E024 (0x13C58593) addi a1, a1, 316
x11 <- 0x00000000002D413C
mem[X,0x000000008003E028] -> 0x9593
mem[X,0x000000008003E02A] -> 0x00A5
[9961] [M]: 0x000000008003E028 (0x00A59593) slli a1, a1, 10
x11 <- 0x00000000B504F000
mem[X,0x000000008003E02C] -> 0x8593
mem[X,0x000000008003E02E] -> 0x3325
[9962] [M]: 0x000000008003E02C (0x33258593) addi a1, a1, 818
x11 <- 0x00000000B504F332
mem[X,0x000000008003E030] -> 0x0113
mem[X,0x000000008003E032] -> 0x0000
[9963] [M]: 0x000000008003E030 (0x00000113) addi sp, zero, 0
x2 <- 0x0000000000000000
mem[X,0x000000008003E034] -> 0x006F
mem[X,0x000000008003E036] -> 0x00C0
[9964] [M]: 0x000000008003E034 (0x00C0006F) jal zero, 12
mem[X,0x000000008003E040] -> 0x5663
mem[X,0x000000008003E042] -> 0x00B5
[9965] [M]: 0x000000008003E040 (0x00B55663) bge a0, a1, 12
mem[X,0x000000008003E04C] -> 0x0113
mem[X,0x000000008003E04E] -> 0x0031
[9966] [M]: 0x000000008003E04C (0x00310113) addi sp, sp, 3
x2 <- 0x0000000000000003
mem[X,0x000000008003E050] -> 0x006F
mem[X,0x000000008003E052] -> 0x0040
[9967] [M]: 0x000000008003E050 (0x0040006F) jal zero, 4
mem[X,0x000000008003E054] -> 0xBC23
mem[X,0x000000008003E056] -> 0x2220
[9968] [M]: 0x000000008003E054 (0x2220BC23) sd sp, 568(ra)
mem[0x000000008004A408] <- 0x0000000000000003
mem[X,0x000000008003E058] -> 0x6537
mem[X,0x000000008003E05A] -> 0x6666
[9969] [M]: 0x000000008003E058 (0x66666537) lui a0, 419430
x10 <- 0x0000000066666000
mem[X,0x000000008003E05C] -> 0x0513
mem[X,0x000000008003E05E] -> 0x6665
[9970] [M]: 0x000000008003E05C (0x66650513) addi a0, a0, 1638
x10 <- 0x0000000066666666
mem[X,0x000000008003E060] -> 0x1513
mem[X,0x000000008003E062] -> 0x00B5
[9971] [M]: 0x000000008003E060 (0x00B51513) slli a0, a0, 11
x10 <- 0x0000033333333000
mem[X,0x000000008003E064] -> 0x0513
mem[X,0x000000008003E066] -> 0x3335
[9972] [M]: 0x000000008003E064 (0x33350513) addi a0, a0, 819
x10 <- 0x0000033333333333
mem[X,0x000000008003E068] -> 0x1513
mem[X,0x000000008003E06A] -> 0x00B5
[9973] [M]: 0x000000008003E068 (0x00B51513) slli a0, a0, 11
x10 <- 0x0019999999999800
mem[X,0x000000008003E06C] -> 0x0513
mem[X,0x000000008003E06E] -> 0x1995
[9974] [M]: 0x000000008003E06C (0x19950513) addi a0, a0, 409
x10 <- 0x0019999999999999
mem[X,0x000000008003E070] -> 0x1513
mem[X,0x000000008003E072] -> 0x00A5
[9975] [M]: 0x000000008003E070 (0x00A51513) slli a0, a0, 10
x10 <- 0x6666666666666400
mem[X,0x000000008003E074] -> 0x0513
mem[X,0x000000008003E076] -> 0x2675
[9976] [M]: 0x000000008003E074 (0x26750513) addi a0, a0, 615
x10 <- 0x6666666666666667
mem[X,0x000000008003E078] -> 0x55B7
mem[X,0x000000008003E07A] -> 0x5555
[9977] [M]: 0x000000008003E078 (0x555555B7) lui a1, 349525
x11 <- 0x0000000055555000
mem[X,0x000000008003E07C] -> 0x8593
mem[X,0x000000008003E07E] -> 0x5555
[9978] [M]: 0x000000008003E07C (0x55558593) addi a1, a1, 1365
x11 <- 0x0000000055555555
mem[X,0x000000008003E080] -> 0x9593
mem[X,0x000000008003E082] -> 0x00B5
[9979] [M]: 0x000000008003E080 (0x00B59593) slli a1, a1, 11
x11 <- 0x000002AAAAAAA800
mem[X,0x000000008003E084] -> 0x8593
mem[X,0x000000008003E086] -> 0x2AA5
[9980] [M]: 0x000000008003E084 (0x2AA58593) addi a1, a1, 682
x11 <- 0x000002AAAAAAAAAA
mem[X,0x000000008003E088] -> 0x9593
mem[X,0x000000008003E08A] -> 0x00B5
[9981] [M]: 0x000000008003E088 (0x00B59593) slli a1, a1, 11
x11 <- 0x0015555555555000
mem[X,0x000000008003E08C] -> 0x8593
mem[X,0x000000008003E08E] -> 0x5555
[9982] [M]: 0x000000008003E08C (0x55558593) addi a1, a1, 1365
x11 <- 0x0015555555555555
mem[X,0x000000008003E090] -> 0x9593
mem[X,0x000000008003E092] -> 0x00A5
[9983] [M]: 0x000000008003E090 (0x00A59593) slli a1, a1, 10
x11 <- 0x5555555555555400
mem[X,0x000000008003E094] -> 0x8593
mem[X,0x000000008003E096] -> 0x1565
[9984] [M]: 0x000000008003E094 (0x15658593) addi a1, a1, 342
x11 <- 0x5555555555555556
mem[X,0x000000008003E098] -> 0x0113
mem[X,0x000000008003E09A] -> 0x0000
[9985] [M]: 0x000000008003E098 (0x00000113) addi sp, zero, 0
x2 <- 0x0000000000000000
mem[X,0x000000008003E09C] -> 0x006F
mem[X,0x000000008003E09E] -> 0x2B10
[9986] [M]: 0x000000008003E09C (0x2B10006F) jal zero, 2736
mem[X,0x000000008003EB4C] -> 0x5A63
mem[X,0x000000008003EB4E] -> 0xD4B5
[9987] [M]: 0x000000008003EB4C (0xD4B55A63) bge a0, a1, 5460
mem[X,0x000000008003E0A0] -> 0x0113
mem[X,0x000000008003E0A2] -> 0x0011
[9988] [M]: 0x000000008003E0A0 (0x00110113) addi sp, sp, 1
x2 <- 0x0000000000000001
mem[X,0x000000008003E0A4] -> 0x006F
mem[X,0x000000008003E0A6] -> 0x2BD0
[9989] [M]: 0x000000008003E0A4 (0x2BD0006F) jal zero, 2748
mem[X,0x000000008003EB60] -> 0xB023
mem[X,0x000000008003EB62] -> 0x2420
[9990] [M]: 0x000000008003EB60 (0x2420B023) sd sp, 576(ra)
mem[0x000000008004A410] <- 0x0000000000000001
mem[X,0x000000008003EB64] -> 0x6537
mem[X,0x000000008003EB66] -> 0x6666
[9991] [M]: 0x000000008003EB64 (0x66666537) lui a0, 419430
x10 <- 0x0000000066666000
mem[X,0x000000008003EB68] -> 0x0513
mem[X,0x000000008003EB6A] -> 0x6665
[9992] [M]: 0x000000008003EB68 (0x66650513) addi a0, a0, 1638
x10 <- 0x0000000066666666
mem[X,0x000000008003EB6C] -> 0x1513
mem[X,0x000000008003EB6E] -> 0x00B5
[9993] [M]: 0x000000008003EB6C (0x00B51513) slli a0, a0, 11
x10 <- 0x0000033333333000
mem[X,0x000000008003EB70] -> 0x0513
mem[X,0x000000008003EB72] -> 0x3335
[9994] [M]: 0x000000008003EB70 (0x33350513) addi a0, a0, 819
x10 <- 0x0000033333333333
mem[X,0x000000008003EB74] -> 0x1513
mem[X,0x000000008003EB76] -> 0x00B5
[9995] [M]: 0x000000008003EB74 (0x00B51513) slli a0, a0, 11
x10 <- 0x0019999999999800
mem[X,0x000000008003EB78] -> 0x0513
mem[X,0x000000008003EB7A] -> 0x1995
[9996] [M]: 0x000000008003EB78 (0x19950513) addi a0, a0, 409
x10 <- 0x0019999999999999
mem[X,0x000000008003EB7C] -> 0x1513
mem[X,0x000000008003EB7E] -> 0x00A5
[9997] [M]: 0x000000008003EB7C (0x00A51513) slli a0, a0, 10
x10 <- 0x6666666666666400
mem[X,0x000000008003EB80] -> 0x0513
mem[X,0x000000008003EB82] -> 0x2675
[9998] [M]: 0x000000008003EB80 (0x26750513) addi a0, a0, 615
x10 <- 0x6666666666666667
mem[X,0x000000008003EB84] -> 0xB5B7
mem[X,0x000000008003EB86] -> 0xAAAA
[9999] [M]: 0x000000008003EB84 (0xAAAAB5B7) lui a1, 699051
x11 <- 0xFFFFFFFFAAAAB000
clint::tick mtime <- 0x0000000000000064
 clint timer pending at mtime 0x0000000000000064
htif::tick 0x0000000000000000
mem[X,0x000000008003EB88] -> 0x8593
mem[X,0x000000008003EB8A] -> 0xAAA5
[10000] [M]: 0x000000008003EB88 (0xAAA58593) addi a1, a1, 2730
x11 <- 0xFFFFFFFFAAAAAAAA
mem[X,0x000000008003EB8C] -> 0x9593
mem[X,0x000000008003EB8E] -> 0x00B5
[10001] [M]: 0x000000008003EB8C (0x00B59593) slli a1, a1, 11
x11 <- 0xFFFFFD5555555000
mem[X,0x000000008003EB90] -> 0x8593
mem[X,0x000000008003EB92] -> 0x5555
[10002] [M]: 0x000000008003EB90 (0x55558593) addi a1, a1, 1365
x11 <- 0xFFFFFD5555555555
mem[X,0x000000008003EB94] -> 0x9593
mem[X,0x000000008003EB96] -> 0x00B5
[10003] [M]: 0x000000008003EB94 (0x00B59593) slli a1, a1, 11
x11 <- 0xFFEAAAAAAAAAA800
mem[X,0x000000008003EB98] -> 0x8593
mem[X,0x000000008003EB9A] -> 0x2AA5
[10004] [M]: 0x000000008003EB98 (0x2AA58593) addi a1, a1, 682
x11 <- 0xFFEAAAAAAAAAAAAA
mem[X,0x000000008003EB9C] -> 0x9593
mem[X,0x000000008003EB9E] -> 0x00A5
[10005] [M]: 0x000000008003EB9C (0x00A59593) slli a1, a1, 10
x11 <- 0xAAAAAAAAAAAAA800
mem[X,0x000000008003EBA0] -> 0x8593
mem[X,0x000000008003EBA2] -> 0x2AB5
[10006] [M]: 0x000000008003EBA0 (0x2AB58593) addi a1, a1, 683
x11 <- 0xAAAAAAAAAAAAAAAB
mem[X,0x000000008003EBA4] -> 0x0113
mem[X,0x000000008003EBA6] -> 0x0000
[10007] [M]: 0x000000008003EBA4 (0x00000113) addi sp, zero, 0
x2 <- 0x0000000000000000
mem[X,0x000000008003EBA8] -> 0x006F
mem[X,0x000000008003EBAA] -> 0x00C0
[10008] [M]: 0x000000008003EBA8 (0x00C0006F) jal zero, 12
mem[X,0x000000008003EBB4] -> 0x5663
mem[X,0x000000008003EBB6] -> 0x00B5
[10009] [M]: 0x000000008003EBB4 (0x00B55663) bge a0, a1, 12
mem[X,0x000000008003EBC0] -> 0x0113
mem[X,0x000000008003EBC2] -> 0x0031
[10010] [M]: 0x000000008003EBC0 (0x00310113) addi sp, sp, 3
x2 <- 0x0000000000000003
mem[X,0x000000008003EBC4] -> 0x006F
mem[X,0x000000008003EBC6] -> 0x0040
[10011] [M]: 0x000000008003EBC4 (0x0040006F) jal zero, 4
mem[X,0x000000008003EBC8] -> 0xB423
mem[X,0x000000008003EBCA] -> 0x2420
[10012] [M]: 0x000000008003EBC8 (0x2420B423) sd sp, 584(ra)
mem[0x000000008004A418] <- 0x0000000000000003
mem[X,0x000000008003EBCC] -> 0x6537
mem[X,0x000000008003EBCE] -> 0x6666
[10013] [M]: 0x000000008003EBCC (0x66666537) lui a0, 419430
x10 <- 0x0000000066666000
mem[X,0x000000008003EBD0] -> 0x0513
mem[X,0x000000008003EBD2] -> 0x6665
[10014] [M]: 0x000000008003EBD0 (0x66650513) addi a0, a0, 1638
x10 <- 0x0000000066666666
mem[X,0x000000008003EBD4] -> 0x1513
mem[X,0x000000008003EBD6] -> 0x00B5
[10015] [M]: 0x000000008003EBD4 (0x00B51513) slli a0, a0, 11
x10 <- 0x0000033333333000
mem[X,0x000000008003EBD8] -> 0x0513
mem[X,0x000000008003EBDA] -> 0x3335
[10016] [M]: 0x000000008003EBD8 (0x33350513) addi a0, a0, 819
x10 <- 0x0000033333333333
mem[X,0x000000008003EBDC] -> 0x1513
mem[X,0x000000008003EBDE] -> 0x00B5
[10017] [M]: 0x000000008003EBDC (0x00B51513) slli a0, a0, 11
x10 <- 0x0019999999999800
mem[X,0x000000008003EBE0] -> 0x0513
mem[X,0x000000008003EBE2] -> 0x1995
[10018] [M]: 0x000000008003EBE0 (0x19950513) addi a0, a0, 409
x10 <- 0x0019999999999999
mem[X,0x000000008003EBE4] -> 0x1513
mem[X,0x000000008003EBE6] -> 0x00A5
[10019] [M]: 0x000000008003EBE4 (0x00A51513) slli a0, a0, 10
x10 <- 0x6666666666666400
mem[X,0x000000008003EBE8] -> 0x0513
mem[X,0x000000008003EBEA] -> 0x2675
[10020] [M]: 0x000000008003EBE8 (0x26750513) addi a0, a0, 615
x10 <- 0x6666666666666667
mem[X,0x000000008003EBEC] -> 0x0593
mem[X,0x000000008003EBEE] -> 0x0060
[10021] [M]: 0x000000008003EBEC (0x00600593) addi a1, zero, 6
x11 <- 0x0000000000000006
mem[X,0x000000008003EBF0] -> 0x0113
mem[X,0x000000008003EBF2] -> 0x0000
[10022] [M]: 0x000000008003EBF0 (0x00000113) addi sp, zero, 0
x2 <- 0x0000000000000000
mem[X,0x000000008003EBF4] -> 0x006F
mem[X,0x000000008003EBF6] -> 0x00C0
[10023] [M]: 0x000000008003EBF4 (0x00C0006F) jal zero, 12
mem[X,0x000000008003EC00] -> 0x5063
mem[X,0x000000008003EC02] -> 0x10B5
[10024] [M]: 0x000000008003EC00 (0x10B55063) bge a0, a1, 256
mem[X,0x000000008003ED00] -> 0x0113
mem[X,0x000000008003ED02] -> 0x0031
[10025] [M]: 0x000000008003ED00 (0x00310113) addi sp, sp, 3
x2 <- 0x0000000000000003
mem[X,0x000000008003ED04] -> 0x006F
mem[X,0x000000008003ED06] -> 0x0040
[10026] [M]: 0x000000008003ED04 (0x0040006F) jal zero, 4
mem[X,0x000000008003ED08] -> 0xB823
mem[X,0x000000008003ED0A] -> 0x2420
[10027] [M]: 0x000000008003ED08 (0x2420B823) sd sp, 592(ra)
mem[0x000000008004A420] <- 0x0000000000000003
mem[X,0x000000008003ED0C] -> 0x6537
mem[X,0x000000008003ED0E] -> 0x6666
[10028] [M]: 0x000000008003ED0C (0x66666537) lui a0, 419430
x10 <- 0x0000000066666000
mem[X,0x000000008003ED10] -> 0x0513
mem[X,0x000000008003ED12] -> 0x6665
[10029] [M]: 0x000000008003ED10 (0x66650513) addi a0, a0, 1638
x10 <- 0x0000000066666666
mem[X,0x000000008003ED14] -> 0x1513
mem[X,0x000000008003ED16] -> 0x00B5
[10030] [M]: 0x000000008003ED14 (0x00B51513) slli a0, a0, 11
x10 <- 0x0000033333333000
mem[X,0x000000008003ED18] -> 0x0513
mem[X,0x000000008003ED1A] -> 0x3335
[10031] [M]: 0x000000008003ED18 (0x33350513) addi a0, a0, 819
x10 <- 0x0000033333333333
mem[X,0x000000008003ED1C] -> 0x1513
mem[X,0x000000008003ED1E] -> 0x00B5
[10032] [M]: 0x000000008003ED1C (0x00B51513) slli a0, a0, 11
x10 <- 0x0019999999999800
mem[X,0x000000008003ED20] -> 0x0513
mem[X,0x000000008003ED22] -> 0x1995
[10033] [M]: 0x000000008003ED20 (0x19950513) addi a0, a0, 409
x10 <- 0x0019999999999999
mem[X,0x000000008003ED24] -> 0x1513
mem[X,0x000000008003ED26] -> 0x00A5
[10034] [M]: 0x000000008003ED24 (0x00A51513) slli a0, a0, 10
x10 <- 0x6666666666666400
mem[X,0x000000008003ED28] -> 0x0513
mem[X,0x000000008003ED2A] -> 0x2675
[10035] [M]: 0x000000008003ED28 (0x26750513) addi a0, a0, 615
x10 <- 0x6666666666666667
mem[X,0x000000008003ED2C] -> 0x35B7
mem[X,0x000000008003ED2E] -> 0x3333
[10036] [M]: 0x000000008003ED2C (0x333335B7) lui a1, 209715
x11 <- 0x0000000033333000
mem[X,0x000000008003ED30] -> 0x8593
mem[X,0x000000008003ED32] -> 0x3335
[10037] [M]: 0x000000008003ED30 (0x33358593) addi a1, a1, 819
x11 <- 0x0000000033333333
mem[X,0x000000008003ED34] -> 0x9593
mem[X,0x000000008003ED36] -> 0x00B5
[10038] [M]: 0x000000008003ED34 (0x00B59593) slli a1, a1, 11
x11 <- 0x0000019999999800
mem[X,0x000000008003ED38] -> 0x8593
mem[X,0x000000008003ED3A] -> 0x1995
[10039] [M]: 0x000000008003ED38 (0x19958593) addi a1, a1, 409
x11 <- 0x0000019999999999
mem[X,0x000000008003ED3C] -> 0x9593
mem[X,0x000000008003ED3E] -> 0x00B5
[10040] [M]: 0x000000008003ED3C (0x00B59593) slli a1, a1, 11
x11 <- 0x000CCCCCCCCCC800
mem[X,0x000000008003ED40] -> 0x8593
mem[X,0x000000008003ED42] -> 0x4CC5
[10041] [M]: 0x000000008003ED40 (0x4CC58593) addi a1, a1, 1228
x11 <- 0x000CCCCCCCCCCCCC
mem[X,0x000000008003ED44] -> 0x9593
mem[X,0x000000008003ED46] -> 0x00A5
[10042] [M]: 0x000000008003ED44 (0x00A59593) slli a1, a1, 10
x11 <- 0x3333333333333000
mem[X,0x000000008003ED48] -> 0x8593
mem[X,0x000000008003ED4A] -> 0x3345
[10043] [M]: 0x000000008003ED48 (0x33458593) addi a1, a1, 820
x11 <- 0x3333333333333334
mem[X,0x000000008003ED4C] -> 0x0113
mem[X,0x000000008003ED4E] -> 0x0000
[10044] [M]: 0x000000008003ED4C (0x00000113) addi sp, zero, 0
x2 <- 0x0000000000000000
mem[X,0x000000008003ED50] -> 0x006F
mem[X,0x000000008003ED52] -> 0x0100
[10045] [M]: 0x000000008003ED50 (0x0100006F) jal zero, 16
mem[X,0x000000008003ED60] -> 0x5AE3
mem[X,0x000000008003ED62] -> 0xFEB5
[10046] [M]: 0x000000008003ED60 (0xFEB55AE3) bge a0, a1, 8180
mem[X,0x000000008003ED54] -> 0x0113
mem[X,0x000000008003ED56] -> 0x0011
[10047] [M]: 0x000000008003ED54 (0x00110113) addi sp, sp, 1
x2 <- 0x0000000000000001
mem[X,0x000000008003ED58] -> 0x006F
mem[X,0x000000008003ED5A] -> 0x01C0
[10048] [M]: 0x000000008003ED58 (0x01C0006F) jal zero, 28
mem[X,0x000000008003ED74] -> 0xBC23
mem[X,0x000000008003ED76] -> 0x2420
[10049] [M]: 0x000000008003ED74 (0x2420BC23) sd sp, 600(ra)
mem[0x000000008004A428] <- 0x0000000000000001
mem[X,0x000000008003ED78] -> 0x6537
mem[X,0x000000008003ED7A] -> 0x6666
[10050] [M]: 0x000000008003ED78 (0x66666537) lui a0, 419430
x10 <- 0x0000000066666000
mem[X,0x000000008003ED7C] -> 0x0513
mem[X,0x000000008003ED7E] -> 0x6665
[10051] [M]: 0x000000008003ED7C (0x66650513) addi a0, a0, 1638
x10 <- 0x0000000066666666
mem[X,0x000000008003ED80] -> 0x1513
mem[X,0x000000008003ED82] -> 0x00B5
[10052] [M]: 0x000000008003ED80 (0x00B51513) slli a0, a0, 11
x10 <- 0x0000033333333000
mem[X,0x000000008003ED84] -> 0x0513
mem[X,0x000000008003ED86] -> 0x3335
[10053] [M]: 0x000000008003ED84 (0x33350513) addi a0, a0, 819
x10 <- 0x0000033333333333
mem[X,0x000000008003ED88] -> 0x1513
mem[X,0x000000008003ED8A] -> 0x00B5
[10054] [M]: 0x000000008003ED88 (0x00B51513) slli a0, a0, 11
x10 <- 0x0019999999999800
mem[X,0x000000008003ED8C] -> 0x0513
mem[X,0x000000008003ED8E] -> 0x1995
[10055] [M]: 0x000000008003ED8C (0x19950513) addi a0, a0, 409
x10 <- 0x0019999999999999
mem[X,0x000000008003ED90] -> 0x1513
mem[X,0x000000008003ED92] -> 0x00A5
[10056] [M]: 0x000000008003ED90 (0x00A51513) slli a0, a0, 10
x10 <- 0x6666666666666400
mem[X,0x000000008003ED94] -> 0x0513
mem[X,0x000000008003ED96] -> 0x2675
[10057] [M]: 0x000000008003ED94 (0x26750513) addi a0, a0, 615
x10 <- 0x6666666666666667
mem[X,0x000000008003ED98] -> 0x65B7
mem[X,0x000000008003ED9A] -> 0x6666
[10058] [M]: 0x000000008003ED98 (0x666665B7) lui a1, 419430
x11 <- 0x0000000066666000
mem[X,0x000000008003ED9C] -> 0x8593
mem[X,0x000000008003ED9E] -> 0x6665
[10059] [M]: 0x000000008003ED9C (0x66658593) addi a1, a1, 1638
x11 <- 0x0000000066666666
mem[X,0x000000008003EDA0] -> 0x9593
mem[X,0x000000008003EDA2] -> 0x00B5
[10060] [M]: 0x000000008003EDA0 (0x00B59593) slli a1, a1, 11
x11 <- 0x0000033333333000
mem[X,0x000000008003EDA4] -> 0x8593
mem[X,0x000000008003EDA6] -> 0x3335
[10061] [M]: 0x000000008003EDA4 (0x33358593) addi a1, a1, 819
x11 <- 0x0000033333333333
mem[X,0x000000008003EDA8] -> 0x9593
mem[X,0x000000008003EDAA] -> 0x00B5
[10062] [M]: 0x000000008003EDA8 (0x00B59593) slli a1, a1, 11
x11 <- 0x0019999999999800
mem[X,0x000000008003EDAC] -> 0x8593
mem[X,0x000000008003EDAE] -> 0x1995
[10063] [M]: 0x000000008003EDAC (0x19958593) addi a1, a1, 409
x11 <- 0x0019999999999999
mem[X,0x000000008003EDB0] -> 0x9593
mem[X,0x000000008003EDB2] -> 0x00A5
[10064] [M]: 0x000000008003EDB0 (0x00A59593) slli a1, a1, 10
x11 <- 0x6666666666666400
mem[X,0x000000008003EDB4] -> 0x8593
mem[X,0x000000008003EDB6] -> 0x2675
[10065] [M]: 0x000000008003EDB4 (0x26758593) addi a1, a1, 615
x11 <- 0x6666666666666667
mem[X,0x000000008003EDB8] -> 0x0113
mem[X,0x000000008003EDBA] -> 0x0000
[10066] [M]: 0x000000008003EDB8 (0x00000113) addi sp, zero, 0
x2 <- 0x0000000000000000
mem[X,0x000000008003EDBC] -> 0x006F
mem[X,0x000000008003EDBE] -> 0x0180
[10067] [M]: 0x000000008003EDBC (0x0180006F) jal zero, 24
mem[X,0x000000008003EDD4] -> 0x56E3
mem[X,0x000000008003EDD6] -> 0xFEB5
[10068] [M]: 0x000000008003EDD4 (0xFEB556E3) bge a0, a1, 8172
mem[X,0x000000008003EDC0] -> 0x0113
mem[X,0x000000008003EDC2] -> 0x0011
[10069] [M]: 0x000000008003EDC0 (0x00110113) addi sp, sp, 1
x2 <- 0x0000000000000001
mem[X,0x000000008003EDC4] -> 0x006F
mem[X,0x000000008003EDC6] -> 0x0240
[10070] [M]: 0x000000008003EDC4 (0x0240006F) jal zero, 36
mem[X,0x000000008003EDE8] -> 0xB023
mem[X,0x000000008003EDEA] -> 0x2620
[10071] [M]: 0x000000008003EDE8 (0x2620B023) sd sp, 608(ra)
mem[0x000000008004A430] <- 0x0000000000000001
mem[X,0x000000008003EDEC] -> 0x6537
mem[X,0x000000008003EDEE] -> 0x6666
[10072] [M]: 0x000000008003EDEC (0x66666537) lui a0, 419430
x10 <- 0x0000000066666000
mem[X,0x000000008003EDF0] -> 0x0513
mem[X,0x000000008003EDF2] -> 0x6665
[10073] [M]: 0x000000008003EDF0 (0x66650513) addi a0, a0, 1638
x10 <- 0x0000000066666666
mem[X,0x000000008003EDF4] -> 0x1513
mem[X,0x000000008003EDF6] -> 0x00B5
[10074] [M]: 0x000000008003EDF4 (0x00B51513) slli a0, a0, 11
x10 <- 0x0000033333333000
mem[X,0x000000008003EDF8] -> 0x0513
mem[X,0x000000008003EDFA] -> 0x3335
[10075] [M]: 0x000000008003EDF8 (0x33350513) addi a0, a0, 819
x10 <- 0x0000033333333333
mem[X,0x000000008003EDFC] -> 0x1513
mem[X,0x000000008003EDFE] -> 0x00B5
[10076] [M]: 0x000000008003EDFC (0x00B51513) slli a0, a0, 11
x10 <- 0x0019999999999800
mem[X,0x000000008003EE00] -> 0x0513
mem[X,0x000000008003EE02] -> 0x1995
[10077] [M]: 0x000000008003EE00 (0x19950513) addi a0, a0, 409
x10 <- 0x0019999999999999
mem[X,0x000000008003EE04] -> 0x1513
mem[X,0x000000008003EE06] -> 0x00A5
[10078] [M]: 0x000000008003EE04 (0x00A51513) slli a0, a0, 10
x10 <- 0x6666666666666400
mem[X,0x000000008003EE08] -> 0x0513
mem[X,0x000000008003EE0A] -> 0x2675
[10079] [M]: 0x000000008003EE08 (0x26750513) addi a0, a0, 615
x10 <- 0x6666666666666667
mem[X,0x000000008003EE0C] -> 0x05B7
mem[X,0x000000008003EE0E] -> 0x0000
[10080] [M]: 0x000000008003EE0C (0x000005B7) lui a1, 0
x11 <- 0x0000000000000000
mem[X,0x000000008003EE10] -> 0x8593
mem[X,0x000000008003EE12] -> 0xFFF5
[10081] [M]: 0x000000008003EE10 (0xFFF58593) addi a1, a1, 4095
x11 <- 0xFFFFFFFFFFFFFFFF
mem[X,0x000000008003EE14] -> 0x9593
mem[X,0x000000008003EE16] -> 0x00B5
[10082] [M]: 0x000000008003EE14 (0x00B59593) slli a1, a1, 11
x11 <- 0xFFFFFFFFFFFFF800
mem[X,0x000000008003EE18] -> 0x8593
mem[X,0x000000008003EE1A] -> 0x2575
[10083] [M]: 0x000000008003EE18 (0x25758593) addi a1, a1, 599
x11 <- 0xFFFFFFFFFFFFFA57
mem[X,0x000000008003EE1C] -> 0x9593
mem[X,0x000000008003EE1E] -> 0x00B5
[10084] [M]: 0x000000008003EE1C (0x00B59593) slli a1, a1, 11
x11 <- 0xFFFFFFFFFFD2B800
mem[X,0x000000008003EE20] -> 0x8593
mem[X,0x000000008003EE22] -> 0x6C35
[10085] [M]: 0x000000008003EE20 (0x6C358593) addi a1, a1, 1731
x11 <- 0xFFFFFFFFFFD2BEC3
mem[X,0x000000008003EE24] -> 0x9593
mem[X,0x000000008003EE26] -> 0x00A5
[10086] [M]: 0x000000008003EE24 (0x00A59593) slli a1, a1, 10
x11 <- 0xFFFFFFFF4AFB0C00
mem[X,0x000000008003EE28] -> 0x8593
mem[X,0x000000008003EE2A] -> 0x0CE5
[10087] [M]: 0x000000008003EE28 (0x0CE58593) addi a1, a1, 206
x11 <- 0xFFFFFFFF4AFB0CCE
mem[X,0x000000008003EE2C] -> 0x0113
mem[X,0x000000008003EE2E] -> 0x0000
[10088] [M]: 0x000000008003EE2C (0x00000113) addi sp, zero, 0
x2 <- 0x0000000000000000
mem[X,0x000000008003EE30] -> 0x006F
mem[X,0x000000008003EE32] -> 0x00C0
[10089] [M]: 0x000000008003EE30 (0x00C0006F) jal zero, 12
mem[X,0x000000008003EE3C] -> 0x5663
mem[X,0x000000008003EE3E] -> 0x00B5
[10090] [M]: 0x000000008003EE3C (0x00B55663) bge a0, a1, 12
mem[X,0x000000008003EE48] -> 0x0113
mem[X,0x000000008003EE4A] -> 0x0031
[10091] [M]: 0x000000008003EE48 (0x00310113) addi sp, sp, 3
x2 <- 0x0000000000000003
mem[X,0x000000008003EE4C] -> 0x006F
mem[X,0x000000008003EE4E] -> 0x0040
[10092] [M]: 0x000000008003EE4C (0x0040006F) jal zero, 4
mem[X,0x000000008003EE50] -> 0xB423
mem[X,0x000000008003EE52] -> 0x2620
[10093] [M]: 0x000000008003EE50 (0x2620B423) sd sp, 616(ra)
mem[0x000000008004A438] <- 0x0000000000000003
mem[X,0x000000008003EE54] -> 0x6537
mem[X,0x000000008003EE56] -> 0x6666
[10094] [M]: 0x000000008003EE54 (0x66666537) lui a0, 419430
x10 <- 0x0000000066666000
mem[X,0x000000008003EE58] -> 0x0513
mem[X,0x000000008003EE5A] -> 0x6665
[10095] [M]: 0x000000008003EE58 (0x66650513) addi a0, a0, 1638
x10 <- 0x0000000066666666
mem[X,0x000000008003EE5C] -> 0x1513
mem[X,0x000000008003EE5E] -> 0x00B5
[10096] [M]: 0x000000008003EE5C (0x00B51513) slli a0, a0, 11
x10 <- 0x0000033333333000
mem[X,0x000000008003EE60] -> 0x0513
mem[X,0x000000008003EE62] -> 0x3335
[10097] [M]: 0x000000008003EE60 (0x33350513) addi a0, a0, 819
x10 <- 0x0000033333333333
mem[X,0x000000008003EE64] -> 0x1513
mem[X,0x000000008003EE66] -> 0x00B5
[10098] [M]: 0x000000008003EE64 (0x00B51513) slli a0, a0, 11
x10 <- 0x0019999999999800
mem[X,0x000000008003EE68] -> 0x0513
mem[X,0x000000008003EE6A] -> 0x1995
[10099] [M]: 0x000000008003EE68 (0x19950513) addi a0, a0, 409
x10 <- 0x0019999999999999
clint::tick mtime <- 0x0000000000000065
 clint timer pending at mtime 0x0000000000000065
htif::tick 0x0000000000000000
mem[X,0x000000008003EE6C] -> 0x1513
mem[X,0x000000008003EE6E] -> 0x00A5
[10100] [M]: 0x000000008003EE6C (0x00A51513) slli a0, a0, 10
x10 <- 0x6666666666666400
mem[X,0x000000008003EE70] -> 0x0513
mem[X,0x000000008003EE72] -> 0x2675
[10101] [M]: 0x000000008003EE70 (0x26750513) addi a0, a0, 615
x10 <- 0x6666666666666667
mem[X,0x000000008003EE74] -> 0x05B7
mem[X,0x000000008003EE76] -> 0x0000
[10102] [M]: 0x000000008003EE74 (0x000005B7) lui a1, 0
x11 <- 0x0000000000000000
mem[X,0x000000008003EE78] -> 0x8593
mem[X,0x000000008003EE7A] -> 0x0005
[10103] [M]: 0x000000008003EE78 (0x00058593) addi a1, a1, 0
x11 <- 0x0000000000000000
mem[X,0x000000008003EE7C] -> 0x9593
mem[X,0x000000008003EE7E] -> 0x00B5
[10104] [M]: 0x000000008003EE7C (0x00B59593) slli a1, a1, 11
x11 <- 0x0000000000000000
mem[X,0x000000008003EE80] -> 0x8593
mem[X,0x000000008003EE82] -> 0x5A85
[10105] [M]: 0x000000008003EE80 (0x5A858593) addi a1, a1, 1448
x11 <- 0x00000000000005A8
mem[X,0x000000008003EE84] -> 0x9593
mem[X,0x000000008003EE86] -> 0x00B5
[10106] [M]: 0x000000008003EE84 (0x00B59593) slli a1, a1, 11
x11 <- 0x00000000002D4000
mem[X,0x000000008003EE88] -> 0x8593
mem[X,0x000000008003EE8A] -> 0x13C5
[10107] [M]: 0x000000008003EE88 (0x13C58593) addi a1, a1, 316
x11 <- 0x00000000002D413C
mem[X,0x000000008003EE8C] -> 0x9593
mem[X,0x000000008003EE8E] -> 0x00A5
[10108] [M]: 0x000000008003EE8C (0x00A59593) slli a1, a1, 10
x11 <- 0x00000000B504F000
mem[X,0x000000008003EE90] -> 0x8593
mem[X,0x000000008003EE92] -> 0x3345
[10109] [M]: 0x000000008003EE90 (0x33458593) addi a1, a1, 820
x11 <- 0x00000000B504F334
mem[X,0x000000008003EE94] -> 0x0113
mem[X,0x000000008003EE96] -> 0x0000
[10110] [M]: 0x000000008003EE94 (0x00000113) addi sp, zero, 0
x2 <- 0x0000000000000000
mem[X,0x000000008003EE98] -> 0x006F
mem[X,0x000000008003EE9A] -> 0x00C0
[10111] [M]: 0x000000008003EE98 (0x00C0006F) jal zero, 12
mem[X,0x000000008003EEA4] -> 0x5863
mem[X,0x000000008003EEA6] -> 0x00B5
[10112] [M]: 0x000000008003EEA4 (0x00B55863) bge a0, a1, 16
mem[X,0x000000008003EEB4] -> 0x0113
mem[X,0x000000008003EEB6] -> 0x0031
[10113] [M]: 0x000000008003EEB4 (0x00310113) addi sp, sp, 3
x2 <- 0x0000000000000003
mem[X,0x000000008003EEB8] -> 0x006F
mem[X,0x000000008003EEBA] -> 0x0040
[10114] [M]: 0x000000008003EEB8 (0x0040006F) jal zero, 4
mem[X,0x000000008003EEBC] -> 0xB823
mem[X,0x000000008003EEBE] -> 0x2620
[10115] [M]: 0x000000008003EEBC (0x2620B823) sd sp, 624(ra)
mem[0x000000008004A440] <- 0x0000000000000003
mem[X,0x000000008003EEC0] -> 0x0537
mem[X,0x000000008003EEC2] -> 0x0000
[10116] [M]: 0x000000008003EEC0 (0x00000537) lui a0, 0
x10 <- 0x0000000000000000
mem[X,0x000000008003EEC4] -> 0x0513
mem[X,0x000000008003EEC6] -> 0xFFF5
[10117] [M]: 0x000000008003EEC4 (0xFFF50513) addi a0, a0, 4095
x10 <- 0xFFFFFFFFFFFFFFFF
mem[X,0x000000008003EEC8] -> 0x1513
mem[X,0x000000008003EECA] -> 0x00B5
[10118] [M]: 0x000000008003EEC8 (0x00B51513) slli a0, a0, 11
x10 <- 0xFFFFFFFFFFFFF800
mem[X,0x000000008003EECC] -> 0x0513
mem[X,0x000000008003EECE] -> 0x2575
[10119] [M]: 0x000000008003EECC (0x25750513) addi a0, a0, 599
x10 <- 0xFFFFFFFFFFFFFA57
mem[X,0x000000008003EED0] -> 0x1513
mem[X,0x000000008003EED2] -> 0x00B5
[10120] [M]: 0x000000008003EED0 (0x00B51513) slli a0, a0, 11
x10 <- 0xFFFFFFFFFFD2B800
mem[X,0x000000008003EED4] -> 0x0513
mem[X,0x000000008003EED6] -> 0x6C35
[10121] [M]: 0x000000008003EED4 (0x6C350513) addi a0, a0, 1731
x10 <- 0xFFFFFFFFFFD2BEC3
mem[X,0x000000008003EED8] -> 0x1513
mem[X,0x000000008003EEDA] -> 0x00A5
[10122] [M]: 0x000000008003EED8 (0x00A51513) slli a0, a0, 10
x10 <- 0xFFFFFFFF4AFB0C00
mem[X,0x000000008003EEDC] -> 0x0513
mem[X,0x000000008003EEDE] -> 0x0CE5
[10123] [M]: 0x000000008003EEDC (0x0CE50513) addi a0, a0, 206
x10 <- 0xFFFFFFFF4AFB0CCE
mem[X,0x000000008003EEE0] -> 0x0593
mem[X,0x000000008003EEE2] -> 0x0030
[10124] [M]: 0x000000008003EEE0 (0x00300593) addi a1, zero, 3
x11 <- 0x0000000000000003
mem[X,0x000000008003EEE4] -> 0x0113
mem[X,0x000000008003EEE6] -> 0x0000
[10125] [M]: 0x000000008003EEE4 (0x00000113) addi sp, zero, 0
x2 <- 0x0000000000000000
mem[X,0x000000008003EEE8] -> 0x006F
mem[X,0x000000008003EEEA] -> 0x0180
[10126] [M]: 0x000000008003EEE8 (0x0180006F) jal zero, 24
mem[X,0x000000008003EF00] -> 0x56E3
mem[X,0x000000008003EF02] -> 0xFEB5
[10127] [M]: 0x000000008003EF00 (0xFEB556E3) bge a0, a1, 8172
mem[X,0x000000008003EF04] -> 0x0113
mem[X,0x000000008003EF06] -> 0x0021
[10128] [M]: 0x000000008003EF04 (0x00210113) addi sp, sp, 2
x2 <- 0x0000000000000002
mem[X,0x000000008003EF08] -> 0x006F
mem[X,0x000000008003EF0A] -> 0x00C0
[10129] [M]: 0x000000008003EF08 (0x00C0006F) jal zero, 12
mem[X,0x000000008003EF14] -> 0xBC23
mem[X,0x000000008003EF16] -> 0x2620
[10130] [M]: 0x000000008003EF14 (0x2620BC23) sd sp, 632(ra)
mem[0x000000008004A448] <- 0x0000000000000002
mem[X,0x000000008003EF18] -> 0x0537
mem[X,0x000000008003EF1A] -> 0x0000
[10131] [M]: 0x000000008003EF18 (0x00000537) lui a0, 0
x10 <- 0x0000000000000000
mem[X,0x000000008003EF1C] -> 0x0513
mem[X,0x000000008003EF1E] -> 0xFFF5
[10132] [M]: 0x000000008003EF1C (0xFFF50513) addi a0, a0, 4095
x10 <- 0xFFFFFFFFFFFFFFFF
mem[X,0x000000008003EF20] -> 0x1513
mem[X,0x000000008003EF22] -> 0x00B5
[10133] [M]: 0x000000008003EF20 (0x00B51513) slli a0, a0, 11
x10 <- 0xFFFFFFFFFFFFF800
mem[X,0x000000008003EF24] -> 0x0513
mem[X,0x000000008003EF26] -> 0x2575
[10134] [M]: 0x000000008003EF24 (0x25750513) addi a0, a0, 599
x10 <- 0xFFFFFFFFFFFFFA57
mem[X,0x000000008003EF28] -> 0x1513
mem[X,0x000000008003EF2A] -> 0x00B5
[10135] [M]: 0x000000008003EF28 (0x00B51513) slli a0, a0, 11
x10 <- 0xFFFFFFFFFFD2B800
mem[X,0x000000008003EF2C] -> 0x0513
mem[X,0x000000008003EF2E] -> 0x6C35
[10136] [M]: 0x000000008003EF2C (0x6C350513) addi a0, a0, 1731
x10 <- 0xFFFFFFFFFFD2BEC3
mem[X,0x000000008003EF30] -> 0x1513
mem[X,0x000000008003EF32] -> 0x00A5
[10137] [M]: 0x000000008003EF30 (0x00A51513) slli a0, a0, 10
x10 <- 0xFFFFFFFF4AFB0C00
mem[X,0x000000008003EF34] -> 0x0513
mem[X,0x000000008003EF36] -> 0x0CE5
[10138] [M]: 0x000000008003EF34 (0x0CE50513) addi a0, a0, 206
x10 <- 0xFFFFFFFF4AFB0CCE
mem[X,0x000000008003EF38] -> 0x55B7
mem[X,0x000000008003EF3A] -> 0x5555
[10139] [M]: 0x000000008003EF38 (0x555555B7) lui a1, 349525
x11 <- 0x0000000055555000
mem[X,0x000000008003EF3C] -> 0x8593
mem[X,0x000000008003EF3E] -> 0x5555
[10140] [M]: 0x000000008003EF3C (0x55558593) addi a1, a1, 1365
x11 <- 0x0000000055555555
mem[X,0x000000008003EF40] -> 0x9593
mem[X,0x000000008003EF42] -> 0x00B5
[10141] [M]: 0x000000008003EF40 (0x00B59593) slli a1, a1, 11
x11 <- 0x000002AAAAAAA800
mem[X,0x000000008003EF44] -> 0x8593
mem[X,0x000000008003EF46] -> 0x2AA5
[10142] [M]: 0x000000008003EF44 (0x2AA58593) addi a1, a1, 682
x11 <- 0x000002AAAAAAAAAA
mem[X,0x000000008003EF48] -> 0x9593
mem[X,0x000000008003EF4A] -> 0x00B5
[10143] [M]: 0x000000008003EF48 (0x00B59593) slli a1, a1, 11
x11 <- 0x0015555555555000
mem[X,0x000000008003EF4C] -> 0x8593
mem[X,0x000000008003EF4E] -> 0x5555
[10144] [M]: 0x000000008003EF4C (0x55558593) addi a1, a1, 1365
x11 <- 0x0015555555555555
mem[X,0x000000008003EF50] -> 0x9593
mem[X,0x000000008003EF52] -> 0x00A5
[10145] [M]: 0x000000008003EF50 (0x00A59593) slli a1, a1, 10
x11 <- 0x5555555555555400
mem[X,0x000000008003EF54] -> 0x8593
mem[X,0x000000008003EF56] -> 0x1555
[10146] [M]: 0x000000008003EF54 (0x15558593) addi a1, a1, 341
x11 <- 0x5555555555555555
mem[X,0x000000008003EF58] -> 0x0113
mem[X,0x000000008003EF5A] -> 0x0000
[10147] [M]: 0x000000008003EF58 (0x00000113) addi sp, zero, 0
x2 <- 0x0000000000000000
mem[X,0x000000008003EF5C] -> 0x006F
mem[X,0x000000008003EF5E] -> 0x00C0
[10148] [M]: 0x000000008003EF5C (0x00C0006F) jal zero, 12
mem[X,0x000000008003EF68] -> 0x5CE3
mem[X,0x000000008003EF6A] -> 0xFEB5
[10149] [M]: 0x000000008003EF68 (0xFEB55CE3) bge a0, a1, 8184
mem[X,0x000000008003EF6C] -> 0x0113
mem[X,0x000000008003EF6E] -> 0x0021
[10150] [M]: 0x000000008003EF6C (0x00210113) addi sp, sp, 2
x2 <- 0x0000000000000002
mem[X,0x000000008003EF70] -> 0x006F
mem[X,0x000000008003EF72] -> 0x00C0
[10151] [M]: 0x000000008003EF70 (0x00C0006F) jal zero, 12
mem[X,0x000000008003EF7C] -> 0xB023
mem[X,0x000000008003EF7E] -> 0x2820
[10152] [M]: 0x000000008003EF7C (0x2820B023) sd sp, 640(ra)
mem[0x000000008004A450] <- 0x0000000000000002
mem[X,0x000000008003EF80] -> 0x0537
mem[X,0x000000008003EF82] -> 0x0000
[10153] [M]: 0x000000008003EF80 (0x00000537) lui a0, 0
x10 <- 0x0000000000000000
mem[X,0x000000008003EF84] -> 0x0513
mem[X,0x000000008003EF86] -> 0xFFF5
[10154] [M]: 0x000000008003EF84 (0xFFF50513) addi a0, a0, 4095
x10 <- 0xFFFFFFFFFFFFFFFF
mem[X,0x000000008003EF88] -> 0x1513
mem[X,0x000000008003EF8A] -> 0x00B5
[10155] [M]: 0x000000008003EF88 (0x00B51513) slli a0, a0, 11
x10 <- 0xFFFFFFFFFFFFF800
mem[X,0x000000008003EF8C] -> 0x0513
mem[X,0x000000008003EF8E] -> 0x2575
[10156] [M]: 0x000000008003EF8C (0x25750513) addi a0, a0, 599
x10 <- 0xFFFFFFFFFFFFFA57
mem[X,0x000000008003EF90] -> 0x1513
mem[X,0x000000008003EF92] -> 0x00B5
[10157] [M]: 0x000000008003EF90 (0x00B51513) slli a0, a0, 11
x10 <- 0xFFFFFFFFFFD2B800
mem[X,0x000000008003EF94] -> 0x0513
mem[X,0x000000008003EF96] -> 0x6C35
[10158] [M]: 0x000000008003EF94 (0x6C350513) addi a0, a0, 1731
x10 <- 0xFFFFFFFFFFD2BEC3
mem[X,0x000000008003EF98] -> 0x1513
mem[X,0x000000008003EF9A] -> 0x00A5
[10159] [M]: 0x000000008003EF98 (0x00A51513) slli a0, a0, 10
x10 <- 0xFFFFFFFF4AFB0C00
mem[X,0x000000008003EF9C] -> 0x0513
mem[X,0x000000008003EF9E] -> 0x0CE5
[10160] [M]: 0x000000008003EF9C (0x0CE50513) addi a0, a0, 206
x10 <- 0xFFFFFFFF4AFB0CCE
mem[X,0x000000008003EFA0] -> 0xB5B7
mem[X,0x000000008003EFA2] -> 0xAAAA
[10161] [M]: 0x000000008003EFA0 (0xAAAAB5B7) lui a1, 699051
x11 <- 0xFFFFFFFFAAAAB000
mem[X,0x000000008003EFA4] -> 0x8593
mem[X,0x000000008003EFA6] -> 0xAAA5
[10162] [M]: 0x000000008003EFA4 (0xAAA58593) addi a1, a1, 2730
x11 <- 0xFFFFFFFFAAAAAAAA
mem[X,0x000000008003EFA8] -> 0x9593
mem[X,0x000000008003EFAA] -> 0x00B5
[10163] [M]: 0x000000008003EFA8 (0x00B59593) slli a1, a1, 11
x11 <- 0xFFFFFD5555555000
mem[X,0x000000008003EFAC] -> 0x8593
mem[X,0x000000008003EFAE] -> 0x5555
[10164] [M]: 0x000000008003EFAC (0x55558593) addi a1, a1, 1365
x11 <- 0xFFFFFD5555555555
mem[X,0x000000008003EFB0] -> 0x9593
mem[X,0x000000008003EFB2] -> 0x00B5
[10165] [M]: 0x000000008003EFB0 (0x00B59593) slli a1, a1, 11
x11 <- 0xFFEAAAAAAAAAA800
mem[X,0x000000008003EFB4] -> 0x8593
mem[X,0x000000008003EFB6] -> 0x2AA5
[10166] [M]: 0x000000008003EFB4 (0x2AA58593) addi a1, a1, 682
x11 <- 0xFFEAAAAAAAAAAAAA
mem[X,0x000000008003EFB8] -> 0x9593
mem[X,0x000000008003EFBA] -> 0x00A5
[10167] [M]: 0x000000008003EFB8 (0x00A59593) slli a1, a1, 10
x11 <- 0xAAAAAAAAAAAAA800
mem[X,0x000000008003EFBC] -> 0x8593
mem[X,0x000000008003EFBE] -> 0x2AA5
[10168] [M]: 0x000000008003EFBC (0x2AA58593) addi a1, a1, 682
x11 <- 0xAAAAAAAAAAAAAAAA
mem[X,0x000000008003EFC0] -> 0x0113
mem[X,0x000000008003EFC2] -> 0x0000
[10169] [M]: 0x000000008003EFC0 (0x00000113) addi sp, zero, 0
x2 <- 0x0000000000000000
mem[X,0x000000008003EFC4] -> 0x006F
mem[X,0x000000008003EFC6] -> 0x00C0
[10170] [M]: 0x000000008003EFC4 (0x00C0006F) jal zero, 12
mem[X,0x000000008003EFD0] -> 0x5063
mem[X,0x000000008003EFD2] -> 0x20B5
[10171] [M]: 0x000000008003EFD0 (0x20B55063) bge a0, a1, 512
mem[X,0x000000008003F1D0] -> 0x0113
mem[X,0x000000008003F1D2] -> 0x0031
[10172] [M]: 0x000000008003F1D0 (0x00310113) addi sp, sp, 3
x2 <- 0x0000000000000003
mem[X,0x000000008003F1D4] -> 0x006F
mem[X,0x000000008003F1D6] -> 0x0040
[10173] [M]: 0x000000008003F1D4 (0x0040006F) jal zero, 4
mem[X,0x000000008003F1D8] -> 0xB423
mem[X,0x000000008003F1DA] -> 0x2820
[10174] [M]: 0x000000008003F1D8 (0x2820B423) sd sp, 648(ra)
mem[0x000000008004A458] <- 0x0000000000000003
mem[X,0x000000008003F1DC] -> 0x0537
mem[X,0x000000008003F1DE] -> 0x0000
[10175] [M]: 0x000000008003F1DC (0x00000537) lui a0, 0
x10 <- 0x0000000000000000
mem[X,0x000000008003F1E0] -> 0x0513
mem[X,0x000000008003F1E2] -> 0xFFF5
[10176] [M]: 0x000000008003F1E0 (0xFFF50513) addi a0, a0, 4095
x10 <- 0xFFFFFFFFFFFFFFFF
mem[X,0x000000008003F1E4] -> 0x1513
mem[X,0x000000008003F1E6] -> 0x00B5
[10177] [M]: 0x000000008003F1E4 (0x00B51513) slli a0, a0, 11
x10 <- 0xFFFFFFFFFFFFF800
mem[X,0x000000008003F1E8] -> 0x0513
mem[X,0x000000008003F1EA] -> 0x2575
[10178] [M]: 0x000000008003F1E8 (0x25750513) addi a0, a0, 599
x10 <- 0xFFFFFFFFFFFFFA57
mem[X,0x000000008003F1EC] -> 0x1513
mem[X,0x000000008003F1EE] -> 0x00B5
[10179] [M]: 0x000000008003F1EC (0x00B51513) slli a0, a0, 11
x10 <- 0xFFFFFFFFFFD2B800
mem[X,0x000000008003F1F0] -> 0x0513
mem[X,0x000000008003F1F2] -> 0x6C35
[10180] [M]: 0x000000008003F1F0 (0x6C350513) addi a0, a0, 1731
x10 <- 0xFFFFFFFFFFD2BEC3
mem[X,0x000000008003F1F4] -> 0x1513
mem[X,0x000000008003F1F6] -> 0x00A5
[10181] [M]: 0x000000008003F1F4 (0x00A51513) slli a0, a0, 10
x10 <- 0xFFFFFFFF4AFB0C00
mem[X,0x000000008003F1F8] -> 0x0513
mem[X,0x000000008003F1FA] -> 0x0CE5
[10182] [M]: 0x000000008003F1F8 (0x0CE50513) addi a0, a0, 206
x10 <- 0xFFFFFFFF4AFB0CCE
mem[X,0x000000008003F1FC] -> 0x0593
mem[X,0x000000008003F1FE] -> 0x0050
[10183] [M]: 0x000000008003F1FC (0x00500593) addi a1, zero, 5
x11 <- 0x0000000000000005
mem[X,0x000000008003F200] -> 0x0113
mem[X,0x000000008003F202] -> 0x0000
[10184] [M]: 0x000000008003F200 (0x00000113) addi sp, zero, 0
x2 <- 0x0000000000000000
mem[X,0x000000008003F204] -> 0x006F
mem[X,0x000000008003F206] -> 0x00C0
[10185] [M]: 0x000000008003F204 (0x00C0006F) jal zero, 12
mem[X,0x000000008003F210] -> 0x5CE3
mem[X,0x000000008003F212] -> 0xFEB5
[10186] [M]: 0x000000008003F210 (0xFEB55CE3) bge a0, a1, 8184
mem[X,0x000000008003F214] -> 0x0113
mem[X,0x000000008003F216] -> 0x0021
[10187] [M]: 0x000000008003F214 (0x00210113) addi sp, sp, 2
x2 <- 0x0000000000000002
mem[X,0x000000008003F218] -> 0x006F
mem[X,0x000000008003F21A] -> 0x00C0
[10188] [M]: 0x000000008003F218 (0x00C0006F) jal zero, 12
mem[X,0x000000008003F224] -> 0xB823
mem[X,0x000000008003F226] -> 0x2820
[10189] [M]: 0x000000008003F224 (0x2820B823) sd sp, 656(ra)
mem[0x000000008004A460] <- 0x0000000000000002
mem[X,0x000000008003F228] -> 0x0537
mem[X,0x000000008003F22A] -> 0x0000
[10190] [M]: 0x000000008003F228 (0x00000537) lui a0, 0
x10 <- 0x0000000000000000
mem[X,0x000000008003F22C] -> 0x0513
mem[X,0x000000008003F22E] -> 0xFFF5
[10191] [M]: 0x000000008003F22C (0xFFF50513) addi a0, a0, 4095
x10 <- 0xFFFFFFFFFFFFFFFF
mem[X,0x000000008003F230] -> 0x1513
mem[X,0x000000008003F232] -> 0x00B5
[10192] [M]: 0x000000008003F230 (0x00B51513) slli a0, a0, 11
x10 <- 0xFFFFFFFFFFFFF800
mem[X,0x000000008003F234] -> 0x0513
mem[X,0x000000008003F236] -> 0x2575
[10193] [M]: 0x000000008003F234 (0x25750513) addi a0, a0, 599
x10 <- 0xFFFFFFFFFFFFFA57
mem[X,0x000000008003F238] -> 0x1513
mem[X,0x000000008003F23A] -> 0x00B5
[10194] [M]: 0x000000008003F238 (0x00B51513) slli a0, a0, 11
x10 <- 0xFFFFFFFFFFD2B800
mem[X,0x000000008003F23C] -> 0x0513
mem[X,0x000000008003F23E] -> 0x6C35
[10195] [M]: 0x000000008003F23C (0x6C350513) addi a0, a0, 1731
x10 <- 0xFFFFFFFFFFD2BEC3
mem[X,0x000000008003F240] -> 0x1513
mem[X,0x000000008003F242] -> 0x00A5
[10196] [M]: 0x000000008003F240 (0x00A51513) slli a0, a0, 10
x10 <- 0xFFFFFFFF4AFB0C00
mem[X,0x000000008003F244] -> 0x0513
mem[X,0x000000008003F246] -> 0x0CE5
[10197] [M]: 0x000000008003F244 (0x0CE50513) addi a0, a0, 206
x10 <- 0xFFFFFFFF4AFB0CCE
mem[X,0x000000008003F248] -> 0x35B7
mem[X,0x000000008003F24A] -> 0x3333
[10198] [M]: 0x000000008003F248 (0x333335B7) lui a1, 209715
x11 <- 0x0000000033333000
mem[X,0x000000008003F24C] -> 0x8593
mem[X,0x000000008003F24E] -> 0x3335
[10199] [M]: 0x000000008003F24C (0x33358593) addi a1, a1, 819
x11 <- 0x0000000033333333
clint::tick mtime <- 0x0000000000000066
 clint timer pending at mtime 0x0000000000000066
htif::tick 0x0000000000000000
mem[X,0x000000008003F250] -> 0x9593
mem[X,0x000000008003F252] -> 0x00B5
[10200] [M]: 0x000000008003F250 (0x00B59593) slli a1, a1, 11
x11 <- 0x0000019999999800
mem[X,0x000000008003F254] -> 0x8593
mem[X,0x000000008003F256] -> 0x1995
[10201] [M]: 0x000000008003F254 (0x19958593) addi a1, a1, 409
x11 <- 0x0000019999999999
mem[X,0x000000008003F258] -> 0x9593
mem[X,0x000000008003F25A] -> 0x00B5
[10202] [M]: 0x000000008003F258 (0x00B59593) slli a1, a1, 11
x11 <- 0x000CCCCCCCCCC800
mem[X,0x000000008003F25C] -> 0x8593
mem[X,0x000000008003F25E] -> 0x4CC5
[10203] [M]: 0x000000008003F25C (0x4CC58593) addi a1, a1, 1228
x11 <- 0x000CCCCCCCCCCCCC
mem[X,0x000000008003F260] -> 0x9593
mem[X,0x000000008003F262] -> 0x00A5
[10204] [M]: 0x000000008003F260 (0x00A59593) slli a1, a1, 10
x11 <- 0x3333333333333000
mem[X,0x000000008003F264] -> 0x8593
mem[X,0x000000008003F266] -> 0x3335
[10205] [M]: 0x000000008003F264 (0x33358593) addi a1, a1, 819
x11 <- 0x3333333333333333
mem[X,0x000000008003F268] -> 0x0113
mem[X,0x000000008003F26A] -> 0x0000
[10206] [M]: 0x000000008003F268 (0x00000113) addi sp, zero, 0
x2 <- 0x0000000000000000
mem[X,0x000000008003F26C] -> 0x006F
mem[X,0x000000008003F26E] -> 0x00C0
[10207] [M]: 0x000000008003F26C (0x00C0006F) jal zero, 12
mem[X,0x000000008003F278] -> 0x5063
mem[X,0x000000008003F27A] -> 0x02B5
[10208] [M]: 0x000000008003F278 (0x02B55063) bge a0, a1, 32
mem[X,0x000000008003F27C] -> 0x0113
mem[X,0x000000008003F27E] -> 0x0021
[10209] [M]: 0x000000008003F27C (0x00210113) addi sp, sp, 2
x2 <- 0x0000000000000002
mem[X,0x000000008003F280] -> 0x006F
mem[X,0x000000008003F282] -> 0x0200
[10210] [M]: 0x000000008003F280 (0x0200006F) jal zero, 32
mem[X,0x000000008003F2A0] -> 0xBC23
mem[X,0x000000008003F2A2] -> 0x2820
[10211] [M]: 0x000000008003F2A0 (0x2820BC23) sd sp, 664(ra)
mem[0x000000008004A468] <- 0x0000000000000002
mem[X,0x000000008003F2A4] -> 0x0537
mem[X,0x000000008003F2A6] -> 0x0000
[10212] [M]: 0x000000008003F2A4 (0x00000537) lui a0, 0
x10 <- 0x0000000000000000
mem[X,0x000000008003F2A8] -> 0x0513
mem[X,0x000000008003F2AA] -> 0xFFF5
[10213] [M]: 0x000000008003F2A8 (0xFFF50513) addi a0, a0, 4095
x10 <- 0xFFFFFFFFFFFFFFFF
mem[X,0x000000008003F2AC] -> 0x1513
mem[X,0x000000008003F2AE] -> 0x00B5
[10214] [M]: 0x000000008003F2AC (0x00B51513) slli a0, a0, 11
x10 <- 0xFFFFFFFFFFFFF800
mem[X,0x000000008003F2B0] -> 0x0513
mem[X,0x000000008003F2B2] -> 0x2575
[10215] [M]: 0x000000008003F2B0 (0x25750513) addi a0, a0, 599
x10 <- 0xFFFFFFFFFFFFFA57
mem[X,0x000000008003F2B4] -> 0x1513
mem[X,0x000000008003F2B6] -> 0x00B5
[10216] [M]: 0x000000008003F2B4 (0x00B51513) slli a0, a0, 11
x10 <- 0xFFFFFFFFFFD2B800
mem[X,0x000000008003F2B8] -> 0x0513
mem[X,0x000000008003F2BA] -> 0x6C35
[10217] [M]: 0x000000008003F2B8 (0x6C350513) addi a0, a0, 1731
x10 <- 0xFFFFFFFFFFD2BEC3
mem[X,0x000000008003F2BC] -> 0x1513
mem[X,0x000000008003F2BE] -> 0x00A5
[10218] [M]: 0x000000008003F2BC (0x00A51513) slli a0, a0, 10
x10 <- 0xFFFFFFFF4AFB0C00
mem[X,0x000000008003F2C0] -> 0x0513
mem[X,0x000000008003F2C2] -> 0x0CE5
[10219] [M]: 0x000000008003F2C0 (0x0CE50513) addi a0, a0, 206
x10 <- 0xFFFFFFFF4AFB0CCE
mem[X,0x000000008003F2C4] -> 0x65B7
mem[X,0x000000008003F2C6] -> 0x6666
[10220] [M]: 0x000000008003F2C4 (0x666665B7) lui a1, 419430
x11 <- 0x0000000066666000
mem[X,0x000000008003F2C8] -> 0x8593
mem[X,0x000000008003F2CA] -> 0x6665
[10221] [M]: 0x000000008003F2C8 (0x66658593) addi a1, a1, 1638
x11 <- 0x0000000066666666
mem[X,0x000000008003F2CC] -> 0x9593
mem[X,0x000000008003F2CE] -> 0x00B5
[10222] [M]: 0x000000008003F2CC (0x00B59593) slli a1, a1, 11
x11 <- 0x0000033333333000
mem[X,0x000000008003F2D0] -> 0x8593
mem[X,0x000000008003F2D2] -> 0x3335
[10223] [M]: 0x000000008003F2D0 (0x33358593) addi a1, a1, 819
x11 <- 0x0000033333333333
mem[X,0x000000008003F2D4] -> 0x9593
mem[X,0x000000008003F2D6] -> 0x00B5
[10224] [M]: 0x000000008003F2D4 (0x00B59593) slli a1, a1, 11
x11 <- 0x0019999999999800
mem[X,0x000000008003F2D8] -> 0x8593
mem[X,0x000000008003F2DA] -> 0x1995
[10225] [M]: 0x000000008003F2D8 (0x19958593) addi a1, a1, 409
x11 <- 0x0019999999999999
mem[X,0x000000008003F2DC] -> 0x9593
mem[X,0x000000008003F2DE] -> 0x00A5
[10226] [M]: 0x000000008003F2DC (0x00A59593) slli a1, a1, 10
x11 <- 0x6666666666666400
mem[X,0x000000008003F2E0] -> 0x8593
mem[X,0x000000008003F2E2] -> 0x2665
[10227] [M]: 0x000000008003F2E0 (0x26658593) addi a1, a1, 614
x11 <- 0x6666666666666666
mem[X,0x000000008003F2E4] -> 0x0113
mem[X,0x000000008003F2E6] -> 0x0000
[10228] [M]: 0x000000008003F2E4 (0x00000113) addi sp, zero, 0
x2 <- 0x0000000000000000
mem[X,0x000000008003F2E8] -> 0x006F
mem[X,0x000000008003F2EA] -> 0x00C0
[10229] [M]: 0x000000008003F2E8 (0x00C0006F) jal zero, 12
mem[X,0x000000008003F2F4] -> 0x5863
mem[X,0x000000008003F2F6] -> 0x00B5
[10230] [M]: 0x000000008003F2F4 (0x00B55863) bge a0, a1, 16
mem[X,0x000000008003F2F8] -> 0x0113
mem[X,0x000000008003F2FA] -> 0x0021
[10231] [M]: 0x000000008003F2F8 (0x00210113) addi sp, sp, 2
x2 <- 0x0000000000000002
mem[X,0x000000008003F2FC] -> 0x006F
mem[X,0x000000008003F2FE] -> 0x0100
[10232] [M]: 0x000000008003F2FC (0x0100006F) jal zero, 16
mem[X,0x000000008003F30C] -> 0xB023
mem[X,0x000000008003F30E] -> 0x2A20
[10233] [M]: 0x000000008003F30C (0x2A20B023) sd sp, 672(ra)
mem[0x000000008004A470] <- 0x0000000000000002
mem[X,0x000000008003F310] -> 0x0537
mem[X,0x000000008003F312] -> 0x0000
[10234] [M]: 0x000000008003F310 (0x00000537) lui a0, 0
x10 <- 0x0000000000000000
mem[X,0x000000008003F314] -> 0x0513
mem[X,0x000000008003F316] -> 0xFFF5
[10235] [M]: 0x000000008003F314 (0xFFF50513) addi a0, a0, 4095
x10 <- 0xFFFFFFFFFFFFFFFF
mem[X,0x000000008003F318] -> 0x1513
mem[X,0x000000008003F31A] -> 0x00B5
[10236] [M]: 0x000000008003F318 (0x00B51513) slli a0, a0, 11
x10 <- 0xFFFFFFFFFFFFF800
mem[X,0x000000008003F31C] -> 0x0513
mem[X,0x000000008003F31E] -> 0x2575
[10237] [M]: 0x000000008003F31C (0x25750513) addi a0, a0, 599
x10 <- 0xFFFFFFFFFFFFFA57
mem[X,0x000000008003F320] -> 0x1513
mem[X,0x000000008003F322] -> 0x00B5
[10238] [M]: 0x000000008003F320 (0x00B51513) slli a0, a0, 11
x10 <- 0xFFFFFFFFFFD2B800
mem[X,0x000000008003F324] -> 0x0513
mem[X,0x000000008003F326] -> 0x6C35
[10239] [M]: 0x000000008003F324 (0x6C350513) addi a0, a0, 1731
x10 <- 0xFFFFFFFFFFD2BEC3
mem[X,0x000000008003F328] -> 0x1513
mem[X,0x000000008003F32A] -> 0x00A5
[10240] [M]: 0x000000008003F328 (0x00A51513) slli a0, a0, 10
x10 <- 0xFFFFFFFF4AFB0C00
mem[X,0x000000008003F32C] -> 0x0513
mem[X,0x000000008003F32E] -> 0x0CE5
[10241] [M]: 0x000000008003F32C (0x0CE50513) addi a0, a0, 206
x10 <- 0xFFFFFFFF4AFB0CCE
mem[X,0x000000008003F330] -> 0x05B7
mem[X,0x000000008003F332] -> 0x0000
[10242] [M]: 0x000000008003F330 (0x000005B7) lui a1, 0
x11 <- 0x0000000000000000
mem[X,0x000000008003F334] -> 0x8593
mem[X,0x000000008003F336] -> 0xFFF5
[10243] [M]: 0x000000008003F334 (0xFFF58593) addi a1, a1, 4095
x11 <- 0xFFFFFFFFFFFFFFFF
mem[X,0x000000008003F338] -> 0x9593
mem[X,0x000000008003F33A] -> 0x00B5
[10244] [M]: 0x000000008003F338 (0x00B59593) slli a1, a1, 11
x11 <- 0xFFFFFFFFFFFFF800
mem[X,0x000000008003F33C] -> 0x8593
mem[X,0x000000008003F33E] -> 0x2575
[10245] [M]: 0x000000008003F33C (0x25758593) addi a1, a1, 599
x11 <- 0xFFFFFFFFFFFFFA57
mem[X,0x000000008003F340] -> 0x9593
mem[X,0x000000008003F342] -> 0x00B5
[10246] [M]: 0x000000008003F340 (0x00B59593) slli a1, a1, 11
x11 <- 0xFFFFFFFFFFD2B800
mem[X,0x000000008003F344] -> 0x8593
mem[X,0x000000008003F346] -> 0x6C35
[10247] [M]: 0x000000008003F344 (0x6C358593) addi a1, a1, 1731
x11 <- 0xFFFFFFFFFFD2BEC3
mem[X,0x000000008003F348] -> 0x9593
mem[X,0x000000008003F34A] -> 0x00A5
[10248] [M]: 0x000000008003F348 (0x00A59593) slli a1, a1, 10
x11 <- 0xFFFFFFFF4AFB0C00
mem[X,0x000000008003F34C] -> 0x8593
mem[X,0x000000008003F34E] -> 0x0CD5
[10249] [M]: 0x000000008003F34C (0x0CD58593) addi a1, a1, 205
x11 <- 0xFFFFFFFF4AFB0CCD
mem[X,0x000000008003F350] -> 0x0113
mem[X,0x000000008003F352] -> 0x0000
[10250] [M]: 0x000000008003F350 (0x00000113) addi sp, zero, 0
x2 <- 0x0000000000000000
mem[X,0x000000008003F354] -> 0x006F
mem[X,0x000000008003F356] -> 0x00C0
[10251] [M]: 0x000000008003F354 (0x00C0006F) jal zero, 12
mem[X,0x000000008003F360] -> 0x5063
mem[X,0x000000008003F362] -> 0x10B5
[10252] [M]: 0x000000008003F360 (0x10B55063) bge a0, a1, 256
mem[X,0x000000008003F460] -> 0x0113
mem[X,0x000000008003F462] -> 0x0031
[10253] [M]: 0x000000008003F460 (0x00310113) addi sp, sp, 3
x2 <- 0x0000000000000003
mem[X,0x000000008003F464] -> 0x006F
mem[X,0x000000008003F466] -> 0x0040
[10254] [M]: 0x000000008003F464 (0x0040006F) jal zero, 4
mem[X,0x000000008003F468] -> 0xB423
mem[X,0x000000008003F46A] -> 0x2A20
[10255] [M]: 0x000000008003F468 (0x2A20B423) sd sp, 680(ra)
mem[0x000000008004A478] <- 0x0000000000000003
mem[X,0x000000008003F46C] -> 0x0537
mem[X,0x000000008003F46E] -> 0x0000
[10256] [M]: 0x000000008003F46C (0x00000537) lui a0, 0
x10 <- 0x0000000000000000
mem[X,0x000000008003F470] -> 0x0513
mem[X,0x000000008003F472] -> 0xFFF5
[10257] [M]: 0x000000008003F470 (0xFFF50513) addi a0, a0, 4095
x10 <- 0xFFFFFFFFFFFFFFFF
mem[X,0x000000008003F474] -> 0x1513
mem[X,0x000000008003F476] -> 0x00B5
[10258] [M]: 0x000000008003F474 (0x00B51513) slli a0, a0, 11
x10 <- 0xFFFFFFFFFFFFF800
mem[X,0x000000008003F478] -> 0x0513
mem[X,0x000000008003F47A] -> 0x2575
[10259] [M]: 0x000000008003F478 (0x25750513) addi a0, a0, 599
x10 <- 0xFFFFFFFFFFFFFA57
mem[X,0x000000008003F47C] -> 0x1513
mem[X,0x000000008003F47E] -> 0x00B5
[10260] [M]: 0x000000008003F47C (0x00B51513) slli a0, a0, 11
x10 <- 0xFFFFFFFFFFD2B800
mem[X,0x000000008003F480] -> 0x0513
mem[X,0x000000008003F482] -> 0x6C35
[10261] [M]: 0x000000008003F480 (0x6C350513) addi a0, a0, 1731
x10 <- 0xFFFFFFFFFFD2BEC3
mem[X,0x000000008003F484] -> 0x1513
mem[X,0x000000008003F486] -> 0x00A5
[10262] [M]: 0x000000008003F484 (0x00A51513) slli a0, a0, 10
x10 <- 0xFFFFFFFF4AFB0C00
mem[X,0x000000008003F488] -> 0x0513
mem[X,0x000000008003F48A] -> 0x0CE5
[10263] [M]: 0x000000008003F488 (0x0CE50513) addi a0, a0, 206
x10 <- 0xFFFFFFFF4AFB0CCE
mem[X,0x000000008003F48C] -> 0x05B7
mem[X,0x000000008003F48E] -> 0x0000
[10264] [M]: 0x000000008003F48C (0x000005B7) lui a1, 0
x11 <- 0x0000000000000000
mem[X,0x000000008003F490] -> 0x8593
mem[X,0x000000008003F492] -> 0x0005
[10265] [M]: 0x000000008003F490 (0x00058593) addi a1, a1, 0
x11 <- 0x0000000000000000
mem[X,0x000000008003F494] -> 0x9593
mem[X,0x000000008003F496] -> 0x00B5
[10266] [M]: 0x000000008003F494 (0x00B59593) slli a1, a1, 11
x11 <- 0x0000000000000000
mem[X,0x000000008003F498] -> 0x8593
mem[X,0x000000008003F49A] -> 0x5A85
[10267] [M]: 0x000000008003F498 (0x5A858593) addi a1, a1, 1448
x11 <- 0x00000000000005A8
mem[X,0x000000008003F49C] -> 0x9593
mem[X,0x000000008003F49E] -> 0x00B5
[10268] [M]: 0x000000008003F49C (0x00B59593) slli a1, a1, 11
x11 <- 0x00000000002D4000
mem[X,0x000000008003F4A0] -> 0x8593
mem[X,0x000000008003F4A2] -> 0x13C5
[10269] [M]: 0x000000008003F4A0 (0x13C58593) addi a1, a1, 316
x11 <- 0x00000000002D413C
mem[X,0x000000008003F4A4] -> 0x9593
mem[X,0x000000008003F4A6] -> 0x00A5
[10270] [M]: 0x000000008003F4A4 (0x00A59593) slli a1, a1, 10
x11 <- 0x00000000B504F000
mem[X,0x000000008003F4A8] -> 0x8593
mem[X,0x000000008003F4AA] -> 0x3335
[10271] [M]: 0x000000008003F4A8 (0x33358593) addi a1, a1, 819
x11 <- 0x00000000B504F333
mem[X,0x000000008003F4AC] -> 0x0113
mem[X,0x000000008003F4AE] -> 0x0000
[10272] [M]: 0x000000008003F4AC (0x00000113) addi sp, zero, 0
x2 <- 0x0000000000000000
mem[X,0x000000008003F4B0] -> 0x006F
mem[X,0x000000008003F4B2] -> 0x00C0
[10273] [M]: 0x000000008003F4B0 (0x00C0006F) jal zero, 12
mem[X,0x000000008003F4BC] -> 0x5663
mem[X,0x000000008003F4BE] -> 0x00B5
[10274] [M]: 0x000000008003F4BC (0x00B55663) bge a0, a1, 12
mem[X,0x000000008003F4C0] -> 0x0113
mem[X,0x000000008003F4C2] -> 0x0021
[10275] [M]: 0x000000008003F4C0 (0x00210113) addi sp, sp, 2
x2 <- 0x0000000000000002
mem[X,0x000000008003F4C4] -> 0x006F
mem[X,0x000000008003F4C6] -> 0x00C0
[10276] [M]: 0x000000008003F4C4 (0x00C0006F) jal zero, 12
mem[X,0x000000008003F4D0] -> 0xB823
mem[X,0x000000008003F4D2] -> 0x2A20
[10277] [M]: 0x000000008003F4D0 (0x2A20B823) sd sp, 688(ra)
mem[0x000000008004A480] <- 0x0000000000000002
mem[X,0x000000008003F4D4] -> 0x0537
mem[X,0x000000008003F4D6] -> 0x0000
[10278] [M]: 0x000000008003F4D4 (0x00000537) lui a0, 0
x10 <- 0x0000000000000000
mem[X,0x000000008003F4D8] -> 0x0513
mem[X,0x000000008003F4DA] -> 0xFFF5
[10279] [M]: 0x000000008003F4D8 (0xFFF50513) addi a0, a0, 4095
x10 <- 0xFFFFFFFFFFFFFFFF
mem[X,0x000000008003F4DC] -> 0x1513
mem[X,0x000000008003F4DE] -> 0x00B5
[10280] [M]: 0x000000008003F4DC (0x00B51513) slli a0, a0, 11
x10 <- 0xFFFFFFFFFFFFF800
mem[X,0x000000008003F4E0] -> 0x0513
mem[X,0x000000008003F4E2] -> 0x2575
[10281] [M]: 0x000000008003F4E0 (0x25750513) addi a0, a0, 599
x10 <- 0xFFFFFFFFFFFFFA57
mem[X,0x000000008003F4E4] -> 0x1513
mem[X,0x000000008003F4E6] -> 0x00B5
[10282] [M]: 0x000000008003F4E4 (0x00B51513) slli a0, a0, 11
x10 <- 0xFFFFFFFFFFD2B800
mem[X,0x000000008003F4E8] -> 0x0513
mem[X,0x000000008003F4EA] -> 0x6C35
[10283] [M]: 0x000000008003F4E8 (0x6C350513) addi a0, a0, 1731
x10 <- 0xFFFFFFFFFFD2BEC3
mem[X,0x000000008003F4EC] -> 0x1513
mem[X,0x000000008003F4EE] -> 0x00A5
[10284] [M]: 0x000000008003F4EC (0x00A51513) slli a0, a0, 10
x10 <- 0xFFFFFFFF4AFB0C00
mem[X,0x000000008003F4F0] -> 0x0513
mem[X,0x000000008003F4F2] -> 0x0CE5
[10285] [M]: 0x000000008003F4F0 (0x0CE50513) addi a0, a0, 206
x10 <- 0xFFFFFFFF4AFB0CCE
mem[X,0x000000008003F4F4] -> 0x0593
mem[X,0x000000008003F4F6] -> 0x0020
[10286] [M]: 0x000000008003F4F4 (0x00200593) addi a1, zero, 2
x11 <- 0x0000000000000002
mem[X,0x000000008003F4F8] -> 0x0113
mem[X,0x000000008003F4FA] -> 0x0000
[10287] [M]: 0x000000008003F4F8 (0x00000113) addi sp, zero, 0
x2 <- 0x0000000000000000
mem[X,0x000000008003F4FC] -> 0x006F
mem[X,0x000000008003F4FE] -> 0x0100
[10288] [M]: 0x000000008003F4FC (0x0100006F) jal zero, 16
mem[X,0x000000008003F50C] -> 0x5AE3
mem[X,0x000000008003F50E] -> 0xFEB5
[10289] [M]: 0x000000008003F50C (0xFEB55AE3) bge a0, a1, 8180
mem[X,0x000000008003F510] -> 0x0113
mem[X,0x000000008003F512] -> 0x0021
[10290] [M]: 0x000000008003F510 (0x00210113) addi sp, sp, 2
x2 <- 0x0000000000000002
mem[X,0x000000008003F514] -> 0x006F
mem[X,0x000000008003F516] -> 0x00C0
[10291] [M]: 0x000000008003F514 (0x00C0006F) jal zero, 12
mem[X,0x000000008003F520] -> 0xBC23
mem[X,0x000000008003F522] -> 0x2A20
[10292] [M]: 0x000000008003F520 (0x2A20BC23) sd sp, 696(ra)
mem[0x000000008004A488] <- 0x0000000000000002
mem[X,0x000000008003F524] -> 0x0537
mem[X,0x000000008003F526] -> 0x0000
[10293] [M]: 0x000000008003F524 (0x00000537) lui a0, 0
x10 <- 0x0000000000000000
mem[X,0x000000008003F528] -> 0x0513
mem[X,0x000000008003F52A] -> 0xFFF5
[10294] [M]: 0x000000008003F528 (0xFFF50513) addi a0, a0, 4095
x10 <- 0xFFFFFFFFFFFFFFFF
mem[X,0x000000008003F52C] -> 0x1513
mem[X,0x000000008003F52E] -> 0x00B5
[10295] [M]: 0x000000008003F52C (0x00B51513) slli a0, a0, 11
x10 <- 0xFFFFFFFFFFFFF800
mem[X,0x000000008003F530] -> 0x0513
mem[X,0x000000008003F532] -> 0x2575
[10296] [M]: 0x000000008003F530 (0x25750513) addi a0, a0, 599
x10 <- 0xFFFFFFFFFFFFFA57
mem[X,0x000000008003F534] -> 0x1513
mem[X,0x000000008003F536] -> 0x00B5
[10297] [M]: 0x000000008003F534 (0x00B51513) slli a0, a0, 11
x10 <- 0xFFFFFFFFFFD2B800
mem[X,0x000000008003F538] -> 0x0513
mem[X,0x000000008003F53A] -> 0x6C35
[10298] [M]: 0x000000008003F538 (0x6C350513) addi a0, a0, 1731
x10 <- 0xFFFFFFFFFFD2BEC3
mem[X,0x000000008003F53C] -> 0x1513
mem[X,0x000000008003F53E] -> 0x00A5
[10299] [M]: 0x000000008003F53C (0x00A51513) slli a0, a0, 10
x10 <- 0xFFFFFFFF4AFB0C00
clint::tick mtime <- 0x0000000000000067
 clint timer pending at mtime 0x0000000000000067
htif::tick 0x0000000000000000
mem[X,0x000000008003F540] -> 0x0513
mem[X,0x000000008003F542] -> 0x0CE5
[10300] [M]: 0x000000008003F540 (0x0CE50513) addi a0, a0, 206
x10 <- 0xFFFFFFFF4AFB0CCE
mem[X,0x000000008003F544] -> 0x55B7
mem[X,0x000000008003F546] -> 0x5555
[10301] [M]: 0x000000008003F544 (0x555555B7) lui a1, 349525
x11 <- 0x0000000055555000
mem[X,0x000000008003F548] -> 0x8593
mem[X,0x000000008003F54A] -> 0x5555
[10302] [M]: 0x000000008003F548 (0x55558593) addi a1, a1, 1365
x11 <- 0x0000000055555555
mem[X,0x000000008003F54C] -> 0x9593
mem[X,0x000000008003F54E] -> 0x00B5
[10303] [M]: 0x000000008003F54C (0x00B59593) slli a1, a1, 11
x11 <- 0x000002AAAAAAA800
mem[X,0x000000008003F550] -> 0x8593
mem[X,0x000000008003F552] -> 0x2AA5
[10304] [M]: 0x000000008003F550 (0x2AA58593) addi a1, a1, 682
x11 <- 0x000002AAAAAAAAAA
mem[X,0x000000008003F554] -> 0x9593
mem[X,0x000000008003F556] -> 0x00B5
[10305] [M]: 0x000000008003F554 (0x00B59593) slli a1, a1, 11
x11 <- 0x0015555555555000
mem[X,0x000000008003F558] -> 0x8593
mem[X,0x000000008003F55A] -> 0x5555
[10306] [M]: 0x000000008003F558 (0x55558593) addi a1, a1, 1365
x11 <- 0x0015555555555555
mem[X,0x000000008003F55C] -> 0x9593
mem[X,0x000000008003F55E] -> 0x00A5
[10307] [M]: 0x000000008003F55C (0x00A59593) slli a1, a1, 10
x11 <- 0x5555555555555400
mem[X,0x000000008003F560] -> 0x8593
mem[X,0x000000008003F562] -> 0x1545
[10308] [M]: 0x000000008003F560 (0x15458593) addi a1, a1, 340
x11 <- 0x5555555555555554
mem[X,0x000000008003F564] -> 0x0113
mem[X,0x000000008003F566] -> 0x0000
[10309] [M]: 0x000000008003F564 (0x00000113) addi sp, zero, 0
x2 <- 0x0000000000000000
mem[X,0x000000008003F568] -> 0x006F
mem[X,0x000000008003F56A] -> 0x0050
[10310] [M]: 0x000000008003F568 (0x0050006F) jal zero, 2052
mem[X,0x000000008003FD6C] -> 0x50E3
mem[X,0x000000008003FD6E] -> 0x80B5
[10311] [M]: 0x000000008003FD6C (0x80B550E3) bge a0, a1, 6144
mem[X,0x000000008003FD70] -> 0x0113
mem[X,0x000000008003FD72] -> 0x0021
[10312] [M]: 0x000000008003FD70 (0x00210113) addi sp, sp, 2
x2 <- 0x0000000000000002
mem[X,0x000000008003FD74] -> 0x006F
mem[X,0x000000008003FD76] -> 0x00C0
[10313] [M]: 0x000000008003FD74 (0x00C0006F) jal zero, 12
mem[X,0x000000008003FD80] -> 0xB023
mem[X,0x000000008003FD82] -> 0x2C20
[10314] [M]: 0x000000008003FD80 (0x2C20B023) sd sp, 704(ra)
mem[0x000000008004A490] <- 0x0000000000000002
mem[X,0x000000008003FD84] -> 0x0537
mem[X,0x000000008003FD86] -> 0x0000
[10315] [M]: 0x000000008003FD84 (0x00000537) lui a0, 0
x10 <- 0x0000000000000000
mem[X,0x000000008003FD88] -> 0x0513
mem[X,0x000000008003FD8A] -> 0xFFF5
[10316] [M]: 0x000000008003FD88 (0xFFF50513) addi a0, a0, 4095
x10 <- 0xFFFFFFFFFFFFFFFF
mem[X,0x000000008003FD8C] -> 0x1513
mem[X,0x000000008003FD8E] -> 0x00B5
[10317] [M]: 0x000000008003FD8C (0x00B51513) slli a0, a0, 11
x10 <- 0xFFFFFFFFFFFFF800
mem[X,0x000000008003FD90] -> 0x0513
mem[X,0x000000008003FD92] -> 0x2575
[10318] [M]: 0x000000008003FD90 (0x25750513) addi a0, a0, 599
x10 <- 0xFFFFFFFFFFFFFA57
mem[X,0x000000008003FD94] -> 0x1513
mem[X,0x000000008003FD96] -> 0x00B5
[10319] [M]: 0x000000008003FD94 (0x00B51513) slli a0, a0, 11
x10 <- 0xFFFFFFFFFFD2B800
mem[X,0x000000008003FD98] -> 0x0513
mem[X,0x000000008003FD9A] -> 0x6C35
[10320] [M]: 0x000000008003FD98 (0x6C350513) addi a0, a0, 1731
x10 <- 0xFFFFFFFFFFD2BEC3
mem[X,0x000000008003FD9C] -> 0x1513
mem[X,0x000000008003FD9E] -> 0x00A5
[10321] [M]: 0x000000008003FD9C (0x00A51513) slli a0, a0, 10
x10 <- 0xFFFFFFFF4AFB0C00
mem[X,0x000000008003FDA0] -> 0x0513
mem[X,0x000000008003FDA2] -> 0x0CE5
[10322] [M]: 0x000000008003FDA0 (0x0CE50513) addi a0, a0, 206
x10 <- 0xFFFFFFFF4AFB0CCE
mem[X,0x000000008003FDA4] -> 0x0593
mem[X,0x000000008003FDA6] -> 0x0000
[10323] [M]: 0x000000008003FDA4 (0x00000593) addi a1, zero, 0
x11 <- 0x0000000000000000
mem[X,0x000000008003FDA8] -> 0x0113
mem[X,0x000000008003FDAA] -> 0x0000
[10324] [M]: 0x000000008003FDA8 (0x00000113) addi sp, zero, 0
x2 <- 0x0000000000000000
mem[X,0x000000008003FDAC] -> 0x006F
mem[X,0x000000008003FDAE] -> 0x00C0
[10325] [M]: 0x000000008003FDAC (0x00C0006F) jal zero, 12
mem[X,0x000000008003FDB8] -> 0x5663
mem[X,0x000000008003FDBA] -> 0x00B5
[10326] [M]: 0x000000008003FDB8 (0x00B55663) bge a0, a1, 12
mem[X,0x000000008003FDBC] -> 0x0113
mem[X,0x000000008003FDBE] -> 0x0021
[10327] [M]: 0x000000008003FDBC (0x00210113) addi sp, sp, 2
x2 <- 0x0000000000000002
mem[X,0x000000008003FDC0] -> 0x006F
mem[X,0x000000008003FDC2] -> 0x00C0
[10328] [M]: 0x000000008003FDC0 (0x00C0006F) jal zero, 12
mem[X,0x000000008003FDCC] -> 0xB423
mem[X,0x000000008003FDCE] -> 0x2C20
[10329] [M]: 0x000000008003FDCC (0x2C20B423) sd sp, 712(ra)
mem[0x000000008004A498] <- 0x0000000000000002
mem[X,0x000000008003FDD0] -> 0x0537
mem[X,0x000000008003FDD2] -> 0x0000
[10330] [M]: 0x000000008003FDD0 (0x00000537) lui a0, 0
x10 <- 0x0000000000000000
mem[X,0x000000008003FDD4] -> 0x0513
mem[X,0x000000008003FDD6] -> 0xFFF5
[10331] [M]: 0x000000008003FDD4 (0xFFF50513) addi a0, a0, 4095
x10 <- 0xFFFFFFFFFFFFFFFF
mem[X,0x000000008003FDD8] -> 0x1513
mem[X,0x000000008003FDDA] -> 0x00B5
[10332] [M]: 0x000000008003FDD8 (0x00B51513) slli a0, a0, 11
x10 <- 0xFFFFFFFFFFFFF800
mem[X,0x000000008003FDDC] -> 0x0513
mem[X,0x000000008003FDDE] -> 0x2575
[10333] [M]: 0x000000008003FDDC (0x25750513) addi a0, a0, 599
x10 <- 0xFFFFFFFFFFFFFA57
mem[X,0x000000008003FDE0] -> 0x1513
mem[X,0x000000008003FDE2] -> 0x00B5
[10334] [M]: 0x000000008003FDE0 (0x00B51513) slli a0, a0, 11
x10 <- 0xFFFFFFFFFFD2B800
mem[X,0x000000008003FDE4] -> 0x0513
mem[X,0x000000008003FDE6] -> 0x6C35
[10335] [M]: 0x000000008003FDE4 (0x6C350513) addi a0, a0, 1731
x10 <- 0xFFFFFFFFFFD2BEC3
mem[X,0x000000008003FDE8] -> 0x1513
mem[X,0x000000008003FDEA] -> 0x00A5
[10336] [M]: 0x000000008003FDE8 (0x00A51513) slli a0, a0, 10
x10 <- 0xFFFFFFFF4AFB0C00
mem[X,0x000000008003FDEC] -> 0x0513
mem[X,0x000000008003FDEE] -> 0x0CE5
[10337] [M]: 0x000000008003FDEC (0x0CE50513) addi a0, a0, 206
x10 <- 0xFFFFFFFF4AFB0CCE
mem[X,0x000000008003FDF0] -> 0x0593
mem[X,0x000000008003FDF2] -> 0x0040
[10338] [M]: 0x000000008003FDF0 (0x00400593) addi a1, zero, 4
x11 <- 0x0000000000000004
mem[X,0x000000008003FDF4] -> 0x0113
mem[X,0x000000008003FDF6] -> 0x0000
[10339] [M]: 0x000000008003FDF4 (0x00000113) addi sp, zero, 0
x2 <- 0x0000000000000000
mem[X,0x000000008003FDF8] -> 0x006F
mem[X,0x000000008003FDFA] -> 0x0180
[10340] [M]: 0x000000008003FDF8 (0x0180006F) jal zero, 24
mem[X,0x000000008003FE10] -> 0x56E3
mem[X,0x000000008003FE12] -> 0xFEB5
[10341] [M]: 0x000000008003FE10 (0xFEB556E3) bge a0, a1, 8172
mem[X,0x000000008003FE14] -> 0x0113
mem[X,0x000000008003FE16] -> 0x0021
[10342] [M]: 0x000000008003FE14 (0x00210113) addi sp, sp, 2
x2 <- 0x0000000000000002
mem[X,0x000000008003FE18] -> 0x006F
mem[X,0x000000008003FE1A] -> 0x00C0
[10343] [M]: 0x000000008003FE18 (0x00C0006F) jal zero, 12
mem[X,0x000000008003FE24] -> 0xB823
mem[X,0x000000008003FE26] -> 0x2C20
[10344] [M]: 0x000000008003FE24 (0x2C20B823) sd sp, 720(ra)
mem[0x000000008004A4A0] <- 0x0000000000000002
mem[X,0x000000008003FE28] -> 0x0537
mem[X,0x000000008003FE2A] -> 0x0000
[10345] [M]: 0x000000008003FE28 (0x00000537) lui a0, 0
x10 <- 0x0000000000000000
mem[X,0x000000008003FE2C] -> 0x0513
mem[X,0x000000008003FE2E] -> 0xFFF5
[10346] [M]: 0x000000008003FE2C (0xFFF50513) addi a0, a0, 4095
x10 <- 0xFFFFFFFFFFFFFFFF
mem[X,0x000000008003FE30] -> 0x1513
mem[X,0x000000008003FE32] -> 0x00B5
[10347] [M]: 0x000000008003FE30 (0x00B51513) slli a0, a0, 11
x10 <- 0xFFFFFFFFFFFFF800
mem[X,0x000000008003FE34] -> 0x0513
mem[X,0x000000008003FE36] -> 0x2575
[10348] [M]: 0x000000008003FE34 (0x25750513) addi a0, a0, 599
x10 <- 0xFFFFFFFFFFFFFA57
mem[X,0x000000008003FE38] -> 0x1513
mem[X,0x000000008003FE3A] -> 0x00B5
[10349] [M]: 0x000000008003FE38 (0x00B51513) slli a0, a0, 11
x10 <- 0xFFFFFFFFFFD2B800
mem[X,0x000000008003FE3C] -> 0x0513
mem[X,0x000000008003FE3E] -> 0x6C35
[10350] [M]: 0x000000008003FE3C (0x6C350513) addi a0, a0, 1731
x10 <- 0xFFFFFFFFFFD2BEC3
mem[X,0x000000008003FE40] -> 0x1513
mem[X,0x000000008003FE42] -> 0x00A5
[10351] [M]: 0x000000008003FE40 (0x00A51513) slli a0, a0, 10
x10 <- 0xFFFFFFFF4AFB0C00
mem[X,0x000000008003FE44] -> 0x0513
mem[X,0x000000008003FE46] -> 0x0CE5
[10352] [M]: 0x000000008003FE44 (0x0CE50513) addi a0, a0, 206
x10 <- 0xFFFFFFFF4AFB0CCE
mem[X,0x000000008003FE48] -> 0x35B7
mem[X,0x000000008003FE4A] -> 0x3333
[10353] [M]: 0x000000008003FE48 (0x333335B7) lui a1, 209715
x11 <- 0x0000000033333000
mem[X,0x000000008003FE4C] -> 0x8593
mem[X,0x000000008003FE4E] -> 0x3335
[10354] [M]: 0x000000008003FE4C (0x33358593) addi a1, a1, 819
x11 <- 0x0000000033333333
mem[X,0x000000008003FE50] -> 0x9593
mem[X,0x000000008003FE52] -> 0x00B5
[10355] [M]: 0x000000008003FE50 (0x00B59593) slli a1, a1, 11
x11 <- 0x0000019999999800
mem[X,0x000000008003FE54] -> 0x8593
mem[X,0x000000008003FE56] -> 0x1995
[10356] [M]: 0x000000008003FE54 (0x19958593) addi a1, a1, 409
x11 <- 0x0000019999999999
mem[X,0x000000008003FE58] -> 0x9593
mem[X,0x000000008003FE5A] -> 0x00B5
[10357] [M]: 0x000000008003FE58 (0x00B59593) slli a1, a1, 11
x11 <- 0x000CCCCCCCCCC800
mem[X,0x000000008003FE5C] -> 0x8593
mem[X,0x000000008003FE5E] -> 0x4CC5
[10358] [M]: 0x000000008003FE5C (0x4CC58593) addi a1, a1, 1228
x11 <- 0x000CCCCCCCCCCCCC
mem[X,0x000000008003FE60] -> 0x9593
mem[X,0x000000008003FE62] -> 0x00A5
[10359] [M]: 0x000000008003FE60 (0x00A59593) slli a1, a1, 10
x11 <- 0x3333333333333000
mem[X,0x000000008003FE64] -> 0x8593
mem[X,0x000000008003FE66] -> 0x3325
[10360] [M]: 0x000000008003FE64 (0x33258593) addi a1, a1, 818
x11 <- 0x3333333333333332
mem[X,0x000000008003FE68] -> 0x0113
mem[X,0x000000008003FE6A] -> 0x0000
[10361] [M]: 0x000000008003FE68 (0x00000113) addi sp, zero, 0
x2 <- 0x0000000000000000
mem[X,0x000000008003FE6C] -> 0x006F
mem[X,0x000000008003FE6E] -> 0x00C0
[10362] [M]: 0x000000008003FE6C (0x00C0006F) jal zero, 12
mem[X,0x000000008003FE78] -> 0x5CE3
mem[X,0x000000008003FE7A] -> 0xFEB5
[10363] [M]: 0x000000008003FE78 (0xFEB55CE3) bge a0, a1, 8184
mem[X,0x000000008003FE7C] -> 0x0113
mem[X,0x000000008003FE7E] -> 0x0021
[10364] [M]: 0x000000008003FE7C (0x00210113) addi sp, sp, 2
x2 <- 0x0000000000000002
mem[X,0x000000008003FE80] -> 0x006F
mem[X,0x000000008003FE82] -> 0x00C0
[10365] [M]: 0x000000008003FE80 (0x00C0006F) jal zero, 12
mem[X,0x000000008003FE8C] -> 0xBC23
mem[X,0x000000008003FE8E] -> 0x2C20
[10366] [M]: 0x000000008003FE8C (0x2C20BC23) sd sp, 728(ra)
mem[0x000000008004A4A8] <- 0x0000000000000002
mem[X,0x000000008003FE90] -> 0x0537
mem[X,0x000000008003FE92] -> 0x0000
[10367] [M]: 0x000000008003FE90 (0x00000537) lui a0, 0
x10 <- 0x0000000000000000
mem[X,0x000000008003FE94] -> 0x0513
mem[X,0x000000008003FE96] -> 0xFFF5
[10368] [M]: 0x000000008003FE94 (0xFFF50513) addi a0, a0, 4095
x10 <- 0xFFFFFFFFFFFFFFFF
mem[X,0x000000008003FE98] -> 0x1513
mem[X,0x000000008003FE9A] -> 0x00B5
[10369] [M]: 0x000000008003FE98 (0x00B51513) slli a0, a0, 11
x10 <- 0xFFFFFFFFFFFFF800
mem[X,0x000000008003FE9C] -> 0x0513
mem[X,0x000000008003FE9E] -> 0x2575
[10370] [M]: 0x000000008003FE9C (0x25750513) addi a0, a0, 599
x10 <- 0xFFFFFFFFFFFFFA57
mem[X,0x000000008003FEA0] -> 0x1513
mem[X,0x000000008003FEA2] -> 0x00B5
[10371] [M]: 0x000000008003FEA0 (0x00B51513) slli a0, a0, 11
x10 <- 0xFFFFFFFFFFD2B800
mem[X,0x000000008003FEA4] -> 0x0513
mem[X,0x000000008003FEA6] -> 0x6C35
[10372] [M]: 0x000000008003FEA4 (0x6C350513) addi a0, a0, 1731
x10 <- 0xFFFFFFFFFFD2BEC3
mem[X,0x000000008003FEA8] -> 0x1513
mem[X,0x000000008003FEAA] -> 0x00A5
[10373] [M]: 0x000000008003FEA8 (0x00A51513) slli a0, a0, 10
x10 <- 0xFFFFFFFF4AFB0C00
mem[X,0x000000008003FEAC] -> 0x0513
mem[X,0x000000008003FEAE] -> 0x0CE5
[10374] [M]: 0x000000008003FEAC (0x0CE50513) addi a0, a0, 206
x10 <- 0xFFFFFFFF4AFB0CCE
mem[X,0x000000008003FEB0] -> 0x65B7
mem[X,0x000000008003FEB2] -> 0x6666
[10375] [M]: 0x000000008003FEB0 (0x666665B7) lui a1, 419430
x11 <- 0x0000000066666000
mem[X,0x000000008003FEB4] -> 0x8593
mem[X,0x000000008003FEB6] -> 0x6665
[10376] [M]: 0x000000008003FEB4 (0x66658593) addi a1, a1, 1638
x11 <- 0x0000000066666666
mem[X,0x000000008003FEB8] -> 0x9593
mem[X,0x000000008003FEBA] -> 0x00B5
[10377] [M]: 0x000000008003FEB8 (0x00B59593) slli a1, a1, 11
x11 <- 0x0000033333333000
mem[X,0x000000008003FEBC] -> 0x8593
mem[X,0x000000008003FEBE] -> 0x3335
[10378] [M]: 0x000000008003FEBC (0x33358593) addi a1, a1, 819
x11 <- 0x0000033333333333
mem[X,0x000000008003FEC0] -> 0x9593
mem[X,0x000000008003FEC2] -> 0x00B5
[10379] [M]: 0x000000008003FEC0 (0x00B59593) slli a1, a1, 11
x11 <- 0x0019999999999800
mem[X,0x000000008003FEC4] -> 0x8593
mem[X,0x000000008003FEC6] -> 0x1995
[10380] [M]: 0x000000008003FEC4 (0x19958593) addi a1, a1, 409
x11 <- 0x0019999999999999
mem[X,0x000000008003FEC8] -> 0x9593
mem[X,0x000000008003FECA] -> 0x00A5
[10381] [M]: 0x000000008003FEC8 (0x00A59593) slli a1, a1, 10
x11 <- 0x6666666666666400
mem[X,0x000000008003FECC] -> 0x8593
mem[X,0x000000008003FECE] -> 0x2655
[10382] [M]: 0x000000008003FECC (0x26558593) addi a1, a1, 613
x11 <- 0x6666666666666665
mem[X,0x000000008003FED0] -> 0x0113
mem[X,0x000000008003FED2] -> 0x0000
[10383] [M]: 0x000000008003FED0 (0x00000113) addi sp, zero, 0
x2 <- 0x0000000000000000
mem[X,0x000000008003FED4] -> 0x006F
mem[X,0x000000008003FED6] -> 0x00C0
[10384] [M]: 0x000000008003FED4 (0x00C0006F) jal zero, 12
mem[X,0x000000008003FEE0] -> 0x5663
mem[X,0x000000008003FEE2] -> 0x00B5
[10385] [M]: 0x000000008003FEE0 (0x00B55663) bge a0, a1, 12
mem[X,0x000000008003FEE4] -> 0x0113
mem[X,0x000000008003FEE6] -> 0x0021
[10386] [M]: 0x000000008003FEE4 (0x00210113) addi sp, sp, 2
x2 <- 0x0000000000000002
mem[X,0x000000008003FEE8] -> 0x006F
mem[X,0x000000008003FEEA] -> 0x00C0
[10387] [M]: 0x000000008003FEE8 (0x00C0006F) jal zero, 12
mem[X,0x000000008003FEF4] -> 0xB023
mem[X,0x000000008003FEF6] -> 0x2E20
[10388] [M]: 0x000000008003FEF4 (0x2E20B023) sd sp, 736(ra)
mem[0x000000008004A4B0] <- 0x0000000000000002
mem[X,0x000000008003FEF8] -> 0x0537
mem[X,0x000000008003FEFA] -> 0x0000
[10389] [M]: 0x000000008003FEF8 (0x00000537) lui a0, 0
x10 <- 0x0000000000000000
mem[X,0x000000008003FEFC] -> 0x0513
mem[X,0x000000008003FEFE] -> 0xFFF5
[10390] [M]: 0x000000008003FEFC (0xFFF50513) addi a0, a0, 4095
x10 <- 0xFFFFFFFFFFFFFFFF
mem[X,0x000000008003FF00] -> 0x1513
mem[X,0x000000008003FF02] -> 0x00B5
[10391] [M]: 0x000000008003FF00 (0x00B51513) slli a0, a0, 11
x10 <- 0xFFFFFFFFFFFFF800
mem[X,0x000000008003FF04] -> 0x0513
mem[X,0x000000008003FF06] -> 0x2575
[10392] [M]: 0x000000008003FF04 (0x25750513) addi a0, a0, 599
x10 <- 0xFFFFFFFFFFFFFA57
mem[X,0x000000008003FF08] -> 0x1513
mem[X,0x000000008003FF0A] -> 0x00B5
[10393] [M]: 0x000000008003FF08 (0x00B51513) slli a0, a0, 11
x10 <- 0xFFFFFFFFFFD2B800
mem[X,0x000000008003FF0C] -> 0x0513
mem[X,0x000000008003FF0E] -> 0x6C35
[10394] [M]: 0x000000008003FF0C (0x6C350513) addi a0, a0, 1731
x10 <- 0xFFFFFFFFFFD2BEC3
mem[X,0x000000008003FF10] -> 0x1513
mem[X,0x000000008003FF12] -> 0x00A5
[10395] [M]: 0x000000008003FF10 (0x00A51513) slli a0, a0, 10
x10 <- 0xFFFFFFFF4AFB0C00
mem[X,0x000000008003FF14] -> 0x0513
mem[X,0x000000008003FF16] -> 0x0CE5
[10396] [M]: 0x000000008003FF14 (0x0CE50513) addi a0, a0, 206
x10 <- 0xFFFFFFFF4AFB0CCE
mem[X,0x000000008003FF18] -> 0x05B7
mem[X,0x000000008003FF1A] -> 0x0000
[10397] [M]: 0x000000008003FF18 (0x000005B7) lui a1, 0
x11 <- 0x0000000000000000
mem[X,0x000000008003FF1C] -> 0x8593
mem[X,0x000000008003FF1E] -> 0x0005
[10398] [M]: 0x000000008003FF1C (0x00058593) addi a1, a1, 0
x11 <- 0x0000000000000000
mem[X,0x000000008003FF20] -> 0x9593
mem[X,0x000000008003FF22] -> 0x00B5
[10399] [M]: 0x000000008003FF20 (0x00B59593) slli a1, a1, 11
x11 <- 0x0000000000000000
clint::tick mtime <- 0x0000000000000068
 clint timer pending at mtime 0x0000000000000068
htif::tick 0x0000000000000000
mem[X,0x000000008003FF24] -> 0x8593
mem[X,0x000000008003FF26] -> 0x5A85
[10400] [M]: 0x000000008003FF24 (0x5A858593) addi a1, a1, 1448
x11 <- 0x00000000000005A8
mem[X,0x000000008003FF28] -> 0x9593
mem[X,0x000000008003FF2A] -> 0x00B5
[10401] [M]: 0x000000008003FF28 (0x00B59593) slli a1, a1, 11
x11 <- 0x00000000002D4000
mem[X,0x000000008003FF2C] -> 0x8593
mem[X,0x000000008003FF2E] -> 0x13C5
[10402] [M]: 0x000000008003FF2C (0x13C58593) addi a1, a1, 316
x11 <- 0x00000000002D413C
mem[X,0x000000008003FF30] -> 0x9593
mem[X,0x000000008003FF32] -> 0x00A5
[10403] [M]: 0x000000008003FF30 (0x00A59593) slli a1, a1, 10
x11 <- 0x00000000B504F000
mem[X,0x000000008003FF34] -> 0x8593
mem[X,0x000000008003FF36] -> 0x3325
[10404] [M]: 0x000000008003FF34 (0x33258593) addi a1, a1, 818
x11 <- 0x00000000B504F332
mem[X,0x000000008003FF38] -> 0x0113
mem[X,0x000000008003FF3A] -> 0x0000
[10405] [M]: 0x000000008003FF38 (0x00000113) addi sp, zero, 0
x2 <- 0x0000000000000000
mem[X,0x000000008003FF3C] -> 0x006F
mem[X,0x000000008003FF3E] -> 0x00C0
[10406] [M]: 0x000000008003FF3C (0x00C0006F) jal zero, 12
mem[X,0x000000008003FF48] -> 0x5663
mem[X,0x000000008003FF4A] -> 0x00B5
[10407] [M]: 0x000000008003FF48 (0x00B55663) bge a0, a1, 12
mem[X,0x000000008003FF4C] -> 0x0113
mem[X,0x000000008003FF4E] -> 0x0021
[10408] [M]: 0x000000008003FF4C (0x00210113) addi sp, sp, 2
x2 <- 0x0000000000000002
mem[X,0x000000008003FF50] -> 0x006F
mem[X,0x000000008003FF52] -> 0x00C0
[10409] [M]: 0x000000008003FF50 (0x00C0006F) jal zero, 12
mem[X,0x000000008003FF5C] -> 0xB423
mem[X,0x000000008003FF5E] -> 0x2E20
[10410] [M]: 0x000000008003FF5C (0x2E20B423) sd sp, 744(ra)
mem[0x000000008004A4B8] <- 0x0000000000000002
mem[X,0x000000008003FF60] -> 0x0537
mem[X,0x000000008003FF62] -> 0x0000
[10411] [M]: 0x000000008003FF60 (0x00000537) lui a0, 0
x10 <- 0x0000000000000000
mem[X,0x000000008003FF64] -> 0x0513
mem[X,0x000000008003FF66] -> 0xFFF5
[10412] [M]: 0x000000008003FF64 (0xFFF50513) addi a0, a0, 4095
x10 <- 0xFFFFFFFFFFFFFFFF
mem[X,0x000000008003FF68] -> 0x1513
mem[X,0x000000008003FF6A] -> 0x00B5
[10413] [M]: 0x000000008003FF68 (0x00B51513) slli a0, a0, 11
x10 <- 0xFFFFFFFFFFFFF800
mem[X,0x000000008003FF6C] -> 0x0513
mem[X,0x000000008003FF6E] -> 0x2575
[10414] [M]: 0x000000008003FF6C (0x25750513) addi a0, a0, 599
x10 <- 0xFFFFFFFFFFFFFA57
mem[X,0x000000008003FF70] -> 0x1513
mem[X,0x000000008003FF72] -> 0x00B5
[10415] [M]: 0x000000008003FF70 (0x00B51513) slli a0, a0, 11
x10 <- 0xFFFFFFFFFFD2B800
mem[X,0x000000008003FF74] -> 0x0513
mem[X,0x000000008003FF76] -> 0x6C35
[10416] [M]: 0x000000008003FF74 (0x6C350513) addi a0, a0, 1731
x10 <- 0xFFFFFFFFFFD2BEC3
mem[X,0x000000008003FF78] -> 0x1513
mem[X,0x000000008003FF7A] -> 0x00A5
[10417] [M]: 0x000000008003FF78 (0x00A51513) slli a0, a0, 10
x10 <- 0xFFFFFFFF4AFB0C00
mem[X,0x000000008003FF7C] -> 0x0513
mem[X,0x000000008003FF7E] -> 0x0CE5
[10418] [M]: 0x000000008003FF7C (0x0CE50513) addi a0, a0, 206
x10 <- 0xFFFFFFFF4AFB0CCE
mem[X,0x000000008003FF80] -> 0x55B7
mem[X,0x000000008003FF82] -> 0x5555
[10419] [M]: 0x000000008003FF80 (0x555555B7) lui a1, 349525
x11 <- 0x0000000055555000
mem[X,0x000000008003FF84] -> 0x8593
mem[X,0x000000008003FF86] -> 0x5555
[10420] [M]: 0x000000008003FF84 (0x55558593) addi a1, a1, 1365
x11 <- 0x0000000055555555
mem[X,0x000000008003FF88] -> 0x9593
mem[X,0x000000008003FF8A] -> 0x00B5
[10421] [M]: 0x000000008003FF88 (0x00B59593) slli a1, a1, 11
x11 <- 0x000002AAAAAAA800
mem[X,0x000000008003FF8C] -> 0x8593
mem[X,0x000000008003FF8E] -> 0x2AA5
[10422] [M]: 0x000000008003FF8C (0x2AA58593) addi a1, a1, 682
x11 <- 0x000002AAAAAAAAAA
mem[X,0x000000008003FF90] -> 0x9593
mem[X,0x000000008003FF92] -> 0x00B5
[10423] [M]: 0x000000008003FF90 (0x00B59593) slli a1, a1, 11
x11 <- 0x0015555555555000
mem[X,0x000000008003FF94] -> 0x8593
mem[X,0x000000008003FF96] -> 0x5555
[10424] [M]: 0x000000008003FF94 (0x55558593) addi a1, a1, 1365
x11 <- 0x0015555555555555
mem[X,0x000000008003FF98] -> 0x9593
mem[X,0x000000008003FF9A] -> 0x00A5
[10425] [M]: 0x000000008003FF98 (0x00A59593) slli a1, a1, 10
x11 <- 0x5555555555555400
mem[X,0x000000008003FF9C] -> 0x8593
mem[X,0x000000008003FF9E] -> 0x1565
[10426] [M]: 0x000000008003FF9C (0x15658593) addi a1, a1, 342
x11 <- 0x5555555555555556
mem[X,0x000000008003FFA0] -> 0x0113
mem[X,0x000000008003FFA2] -> 0x0000
[10427] [M]: 0x000000008003FFA0 (0x00000113) addi sp, zero, 0
x2 <- 0x0000000000000000
mem[X,0x000000008003FFA4] -> 0x006F
mem[X,0x000000008003FFA6] -> 0x00C0
[10428] [M]: 0x000000008003FFA4 (0x00C0006F) jal zero, 12
mem[X,0x000000008003FFB0] -> 0x5063
mem[X,0x000000008003FFB2] -> 0x10B5
[10429] [M]: 0x000000008003FFB0 (0x10B55063) bge a0, a1, 256
mem[X,0x000000008003FFB4] -> 0x0113
mem[X,0x000000008003FFB6] -> 0x0021
[10430] [M]: 0x000000008003FFB4 (0x00210113) addi sp, sp, 2
x2 <- 0x0000000000000002
mem[X,0x000000008003FFB8] -> 0x006F
mem[X,0x000000008003FFBA] -> 0x1000
[10431] [M]: 0x000000008003FFB8 (0x1000006F) jal zero, 256
mem[X,0x00000000800400B8] -> 0xB823
mem[X,0x00000000800400BA] -> 0x2E20
[10432] [M]: 0x00000000800400B8 (0x2E20B823) sd sp, 752(ra)
mem[0x000000008004A4C0] <- 0x0000000000000002
mem[X,0x00000000800400BC] -> 0x0537
mem[X,0x00000000800400BE] -> 0x0000
[10433] [M]: 0x00000000800400BC (0x00000537) lui a0, 0
x10 <- 0x0000000000000000
mem[X,0x00000000800400C0] -> 0x0513
mem[X,0x00000000800400C2] -> 0xFFF5
[10434] [M]: 0x00000000800400C0 (0xFFF50513) addi a0, a0, 4095
x10 <- 0xFFFFFFFFFFFFFFFF
mem[X,0x00000000800400C4] -> 0x1513
mem[X,0x00000000800400C6] -> 0x00B5
[10435] [M]: 0x00000000800400C4 (0x00B51513) slli a0, a0, 11
x10 <- 0xFFFFFFFFFFFFF800
mem[X,0x00000000800400C8] -> 0x0513
mem[X,0x00000000800400CA] -> 0x2575
[10436] [M]: 0x00000000800400C8 (0x25750513) addi a0, a0, 599
x10 <- 0xFFFFFFFFFFFFFA57
mem[X,0x00000000800400CC] -> 0x1513
mem[X,0x00000000800400CE] -> 0x00B5
[10437] [M]: 0x00000000800400CC (0x00B51513) slli a0, a0, 11
x10 <- 0xFFFFFFFFFFD2B800
mem[X,0x00000000800400D0] -> 0x0513
mem[X,0x00000000800400D2] -> 0x6C35
[10438] [M]: 0x00000000800400D0 (0x6C350513) addi a0, a0, 1731
x10 <- 0xFFFFFFFFFFD2BEC3
mem[X,0x00000000800400D4] -> 0x1513
mem[X,0x00000000800400D6] -> 0x00A5
[10439] [M]: 0x00000000800400D4 (0x00A51513) slli a0, a0, 10
x10 <- 0xFFFFFFFF4AFB0C00
mem[X,0x00000000800400D8] -> 0x0513
mem[X,0x00000000800400DA] -> 0x0CE5
[10440] [M]: 0x00000000800400D8 (0x0CE50513) addi a0, a0, 206
x10 <- 0xFFFFFFFF4AFB0CCE
mem[X,0x00000000800400DC] -> 0xB5B7
mem[X,0x00000000800400DE] -> 0xAAAA
[10441] [M]: 0x00000000800400DC (0xAAAAB5B7) lui a1, 699051
x11 <- 0xFFFFFFFFAAAAB000
mem[X,0x00000000800400E0] -> 0x8593
mem[X,0x00000000800400E2] -> 0xAAA5
[10442] [M]: 0x00000000800400E0 (0xAAA58593) addi a1, a1, 2730
x11 <- 0xFFFFFFFFAAAAAAAA
mem[X,0x00000000800400E4] -> 0x9593
mem[X,0x00000000800400E6] -> 0x00B5
[10443] [M]: 0x00000000800400E4 (0x00B59593) slli a1, a1, 11
x11 <- 0xFFFFFD5555555000
mem[X,0x00000000800400E8] -> 0x8593
mem[X,0x00000000800400EA] -> 0x5555
[10444] [M]: 0x00000000800400E8 (0x55558593) addi a1, a1, 1365
x11 <- 0xFFFFFD5555555555
mem[X,0x00000000800400EC] -> 0x9593
mem[X,0x00000000800400EE] -> 0x00B5
[10445] [M]: 0x00000000800400EC (0x00B59593) slli a1, a1, 11
x11 <- 0xFFEAAAAAAAAAA800
mem[X,0x00000000800400F0] -> 0x8593
mem[X,0x00000000800400F2] -> 0x2AA5
[10446] [M]: 0x00000000800400F0 (0x2AA58593) addi a1, a1, 682
x11 <- 0xFFEAAAAAAAAAAAAA
mem[X,0x00000000800400F4] -> 0x9593
mem[X,0x00000000800400F6] -> 0x00A5
[10447] [M]: 0x00000000800400F4 (0x00A59593) slli a1, a1, 10
x11 <- 0xAAAAAAAAAAAAA800
mem[X,0x00000000800400F8] -> 0x8593
mem[X,0x00000000800400FA] -> 0x2AB5
[10448] [M]: 0x00000000800400F8 (0x2AB58593) addi a1, a1, 683
x11 <- 0xAAAAAAAAAAAAAAAB
mem[X,0x00000000800400FC] -> 0x0113
mem[X,0x00000000800400FE] -> 0x0000
[10449] [M]: 0x00000000800400FC (0x00000113) addi sp, zero, 0
x2 <- 0x0000000000000000
mem[X,0x0000000080040100] -> 0x006F
mem[X,0x0000000080040102] -> 0x00C0
[10450] [M]: 0x0000000080040100 (0x00C0006F) jal zero, 12
mem[X,0x000000008004010C] -> 0x5CE3
mem[X,0x000000008004010E] -> 0xFEB5
[10451] [M]: 0x000000008004010C (0xFEB55CE3) bge a0, a1, 8184
mem[X,0x0000000080040104] -> 0x0113
mem[X,0x0000000080040106] -> 0x0011
[10452] [M]: 0x0000000080040104 (0x00110113) addi sp, sp, 1
x2 <- 0x0000000000000001
mem[X,0x0000000080040108] -> 0x006F
mem[X,0x000000008004010A] -> 0x0180
[10453] [M]: 0x0000000080040108 (0x0180006F) jal zero, 24
mem[X,0x0000000080040120] -> 0xBC23
mem[X,0x0000000080040122] -> 0x2E20
[10454] [M]: 0x0000000080040120 (0x2E20BC23) sd sp, 760(ra)
mem[0x000000008004A4C8] <- 0x0000000000000001
mem[X,0x0000000080040124] -> 0x0537
mem[X,0x0000000080040126] -> 0x0000
[10455] [M]: 0x0000000080040124 (0x00000537) lui a0, 0
x10 <- 0x0000000000000000
mem[X,0x0000000080040128] -> 0x0513
mem[X,0x000000008004012A] -> 0xFFF5
[10456] [M]: 0x0000000080040128 (0xFFF50513) addi a0, a0, 4095
x10 <- 0xFFFFFFFFFFFFFFFF
mem[X,0x000000008004012C] -> 0x1513
mem[X,0x000000008004012E] -> 0x00B5
[10457] [M]: 0x000000008004012C (0x00B51513) slli a0, a0, 11
x10 <- 0xFFFFFFFFFFFFF800
mem[X,0x0000000080040130] -> 0x0513
mem[X,0x0000000080040132] -> 0x2575
[10458] [M]: 0x0000000080040130 (0x25750513) addi a0, a0, 599
x10 <- 0xFFFFFFFFFFFFFA57
mem[X,0x0000000080040134] -> 0x1513
mem[X,0x0000000080040136] -> 0x00B5
[10459] [M]: 0x0000000080040134 (0x00B51513) slli a0, a0, 11
x10 <- 0xFFFFFFFFFFD2B800
mem[X,0x0000000080040138] -> 0x0513
mem[X,0x000000008004013A] -> 0x6C35
[10460] [M]: 0x0000000080040138 (0x6C350513) addi a0, a0, 1731
x10 <- 0xFFFFFFFFFFD2BEC3
mem[X,0x000000008004013C] -> 0x1513
mem[X,0x000000008004013E] -> 0x00A5
[10461] [M]: 0x000000008004013C (0x00A51513) slli a0, a0, 10
x10 <- 0xFFFFFFFF4AFB0C00
mem[X,0x0000000080040140] -> 0x0513
mem[X,0x0000000080040142] -> 0x0CE5
[10462] [M]: 0x0000000080040140 (0x0CE50513) addi a0, a0, 206
x10 <- 0xFFFFFFFF4AFB0CCE
mem[X,0x0000000080040144] -> 0x0593
mem[X,0x0000000080040146] -> 0x0060
[10463] [M]: 0x0000000080040144 (0x00600593) addi a1, zero, 6
x11 <- 0x0000000000000006
mem[X,0x0000000080040148] -> 0x0113
mem[X,0x000000008004014A] -> 0x0000
[10464] [M]: 0x0000000080040148 (0x00000113) addi sp, zero, 0
x2 <- 0x0000000000000000
mem[X,0x000000008004014C] -> 0x006F
mem[X,0x000000008004014E] -> 0x00C0
[10465] [M]: 0x000000008004014C (0x00C0006F) jal zero, 12
mem[X,0x0000000080040158] -> 0x5663
mem[X,0x000000008004015A] -> 0x00B5
[10466] [M]: 0x0000000080040158 (0x00B55663) bge a0, a1, 12
mem[X,0x000000008004015C] -> 0x0113
mem[X,0x000000008004015E] -> 0x0021
[10467] [M]: 0x000000008004015C (0x00210113) addi sp, sp, 2
x2 <- 0x0000000000000002
mem[X,0x0000000080040160] -> 0x006F
mem[X,0x0000000080040162] -> 0x00C0
[10468] [M]: 0x0000000080040160 (0x00C0006F) jal zero, 12
mem[X,0x000000008004016C] -> 0xB023
mem[X,0x000000008004016E] -> 0x3020
[10469] [M]: 0x000000008004016C (0x3020B023) sd sp, 768(ra)
mem[0x000000008004A4D0] <- 0x0000000000000002
mem[X,0x0000000080040170] -> 0x0537
mem[X,0x0000000080040172] -> 0x0000
[10470] [M]: 0x0000000080040170 (0x00000537) lui a0, 0
x10 <- 0x0000000000000000
mem[X,0x0000000080040174] -> 0x0513
mem[X,0x0000000080040176] -> 0xFFF5
[10471] [M]: 0x0000000080040174 (0xFFF50513) addi a0, a0, 4095
x10 <- 0xFFFFFFFFFFFFFFFF
mem[X,0x0000000080040178] -> 0x1513
mem[X,0x000000008004017A] -> 0x00B5
[10472] [M]: 0x0000000080040178 (0x00B51513) slli a0, a0, 11
x10 <- 0xFFFFFFFFFFFFF800
mem[X,0x000000008004017C] -> 0x0513
mem[X,0x000000008004017E] -> 0x2575
[10473] [M]: 0x000000008004017C (0x25750513) addi a0, a0, 599
x10 <- 0xFFFFFFFFFFFFFA57
mem[X,0x0000000080040180] -> 0x1513
mem[X,0x0000000080040182] -> 0x00B5
[10474] [M]: 0x0000000080040180 (0x00B51513) slli a0, a0, 11
x10 <- 0xFFFFFFFFFFD2B800
mem[X,0x0000000080040184] -> 0x0513
mem[X,0x0000000080040186] -> 0x6C35
[10475] [M]: 0x0000000080040184 (0x6C350513) addi a0, a0, 1731
x10 <- 0xFFFFFFFFFFD2BEC3
mem[X,0x0000000080040188] -> 0x1513
mem[X,0x000000008004018A] -> 0x00A5
[10476] [M]: 0x0000000080040188 (0x00A51513) slli a0, a0, 10
x10 <- 0xFFFFFFFF4AFB0C00
mem[X,0x000000008004018C] -> 0x0513
mem[X,0x000000008004018E] -> 0x0CE5
[10477] [M]: 0x000000008004018C (0x0CE50513) addi a0, a0, 206
x10 <- 0xFFFFFFFF4AFB0CCE
mem[X,0x0000000080040190] -> 0x35B7
mem[X,0x0000000080040192] -> 0x3333
[10478] [M]: 0x0000000080040190 (0x333335B7) lui a1, 209715
x11 <- 0x0000000033333000
mem[X,0x0000000080040194] -> 0x8593
mem[X,0x0000000080040196] -> 0x3335
[10479] [M]: 0x0000000080040194 (0x33358593) addi a1, a1, 819
x11 <- 0x0000000033333333
mem[X,0x0000000080040198] -> 0x9593
mem[X,0x000000008004019A] -> 0x00B5
[10480] [M]: 0x0000000080040198 (0x00B59593) slli a1, a1, 11
x11 <- 0x0000019999999800
mem[X,0x000000008004019C] -> 0x8593
mem[X,0x000000008004019E] -> 0x1995
[10481] [M]: 0x000000008004019C (0x19958593) addi a1, a1, 409
x11 <- 0x0000019999999999
mem[X,0x00000000800401A0] -> 0x9593
mem[X,0x00000000800401A2] -> 0x00B5
[10482] [M]: 0x00000000800401A0 (0x00B59593) slli a1, a1, 11
x11 <- 0x000CCCCCCCCCC800
mem[X,0x00000000800401A4] -> 0x8593
mem[X,0x00000000800401A6] -> 0x4CC5
[10483] [M]: 0x00000000800401A4 (0x4CC58593) addi a1, a1, 1228
x11 <- 0x000CCCCCCCCCCCCC
mem[X,0x00000000800401A8] -> 0x9593
mem[X,0x00000000800401AA] -> 0x00A5
[10484] [M]: 0x00000000800401A8 (0x00A59593) slli a1, a1, 10
x11 <- 0x3333333333333000
mem[X,0x00000000800401AC] -> 0x8593
mem[X,0x00000000800401AE] -> 0x3345
[10485] [M]: 0x00000000800401AC (0x33458593) addi a1, a1, 820
x11 <- 0x3333333333333334
mem[X,0x00000000800401B0] -> 0x0113
mem[X,0x00000000800401B2] -> 0x0000
[10486] [M]: 0x00000000800401B0 (0x00000113) addi sp, zero, 0
x2 <- 0x0000000000000000
mem[X,0x00000000800401B4] -> 0x006F
mem[X,0x00000000800401B6] -> 0x0050
[10487] [M]: 0x00000000800401B4 (0x0050006F) jal zero, 2052
mem[X,0x00000000800409B8] -> 0x50E3
mem[X,0x00000000800409BA] -> 0x80B5
[10488] [M]: 0x00000000800409B8 (0x80B550E3) bge a0, a1, 6144
mem[X,0x00000000800409BC] -> 0x0113
mem[X,0x00000000800409BE] -> 0x0021
[10489] [M]: 0x00000000800409BC (0x00210113) addi sp, sp, 2
x2 <- 0x0000000000000002
mem[X,0x00000000800409C0] -> 0x006F
mem[X,0x00000000800409C2] -> 0x00C0
[10490] [M]: 0x00000000800409C0 (0x00C0006F) jal zero, 12
mem[X,0x00000000800409CC] -> 0xB423
mem[X,0x00000000800409CE] -> 0x3020
[10491] [M]: 0x00000000800409CC (0x3020B423) sd sp, 776(ra)
mem[0x000000008004A4D8] <- 0x0000000000000002
mem[X,0x00000000800409D0] -> 0x0537
mem[X,0x00000000800409D2] -> 0x0000
[10492] [M]: 0x00000000800409D0 (0x00000537) lui a0, 0
x10 <- 0x0000000000000000
mem[X,0x00000000800409D4] -> 0x0513
mem[X,0x00000000800409D6] -> 0xFFF5
[10493] [M]: 0x00000000800409D4 (0xFFF50513) addi a0, a0, 4095
x10 <- 0xFFFFFFFFFFFFFFFF
mem[X,0x00000000800409D8] -> 0x1513
mem[X,0x00000000800409DA] -> 0x00B5
[10494] [M]: 0x00000000800409D8 (0x00B51513) slli a0, a0, 11
x10 <- 0xFFFFFFFFFFFFF800
mem[X,0x00000000800409DC] -> 0x0513
mem[X,0x00000000800409DE] -> 0x2575
[10495] [M]: 0x00000000800409DC (0x25750513) addi a0, a0, 599
x10 <- 0xFFFFFFFFFFFFFA57
mem[X,0x00000000800409E0] -> 0x1513
mem[X,0x00000000800409E2] -> 0x00B5
[10496] [M]: 0x00000000800409E0 (0x00B51513) slli a0, a0, 11
x10 <- 0xFFFFFFFFFFD2B800
mem[X,0x00000000800409E4] -> 0x0513
mem[X,0x00000000800409E6] -> 0x6C35
[10497] [M]: 0x00000000800409E4 (0x6C350513) addi a0, a0, 1731
x10 <- 0xFFFFFFFFFFD2BEC3
mem[X,0x00000000800409E8] -> 0x1513
mem[X,0x00000000800409EA] -> 0x00A5
[10498] [M]: 0x00000000800409E8 (0x00A51513) slli a0, a0, 10
x10 <- 0xFFFFFFFF4AFB0C00
mem[X,0x00000000800409EC] -> 0x0513
mem[X,0x00000000800409EE] -> 0x0CE5
[10499] [M]: 0x00000000800409EC (0x0CE50513) addi a0, a0, 206
x10 <- 0xFFFFFFFF4AFB0CCE
clint::tick mtime <- 0x0000000000000069
 clint timer pending at mtime 0x0000000000000069
htif::tick 0x0000000000000000
mem[X,0x00000000800409F0] -> 0x65B7
mem[X,0x00000000800409F2] -> 0x6666
[10500] [M]: 0x00000000800409F0 (0x666665B7) lui a1, 419430
x11 <- 0x0000000066666000
mem[X,0x00000000800409F4] -> 0x8593
mem[X,0x00000000800409F6] -> 0x6665
[10501] [M]: 0x00000000800409F4 (0x66658593) addi a1, a1, 1638
x11 <- 0x0000000066666666
mem[X,0x00000000800409F8] -> 0x9593
mem[X,0x00000000800409FA] -> 0x00B5
[10502] [M]: 0x00000000800409F8 (0x00B59593) slli a1, a1, 11
x11 <- 0x0000033333333000
mem[X,0x00000000800409FC] -> 0x8593
mem[X,0x00000000800409FE] -> 0x3335
[10503] [M]: 0x00000000800409FC (0x33358593) addi a1, a1, 819
x11 <- 0x0000033333333333
mem[X,0x0000000080040A00] -> 0x9593
mem[X,0x0000000080040A02] -> 0x00B5
[10504] [M]: 0x0000000080040A00 (0x00B59593) slli a1, a1, 11
x11 <- 0x0019999999999800
mem[X,0x0000000080040A04] -> 0x8593
mem[X,0x0000000080040A06] -> 0x1995
[10505] [M]: 0x0000000080040A04 (0x19958593) addi a1, a1, 409
x11 <- 0x0019999999999999
mem[X,0x0000000080040A08] -> 0x9593
mem[X,0x0000000080040A0A] -> 0x00A5
[10506] [M]: 0x0000000080040A08 (0x00A59593) slli a1, a1, 10
x11 <- 0x6666666666666400
mem[X,0x0000000080040A0C] -> 0x8593
mem[X,0x0000000080040A0E] -> 0x2675
[10507] [M]: 0x0000000080040A0C (0x26758593) addi a1, a1, 615
x11 <- 0x6666666666666667
mem[X,0x0000000080040A10] -> 0x0113
mem[X,0x0000000080040A12] -> 0x0000
[10508] [M]: 0x0000000080040A10 (0x00000113) addi sp, zero, 0
x2 <- 0x0000000000000000
mem[X,0x0000000080040A14] -> 0x006F
mem[X,0x0000000080040A16] -> 0x00C0
[10509] [M]: 0x0000000080040A14 (0x00C0006F) jal zero, 12
mem[X,0x0000000080040A20] -> 0x5063
mem[X,0x0000000080040A22] -> 0x02B5
[10510] [M]: 0x0000000080040A20 (0x02B55063) bge a0, a1, 32
mem[X,0x0000000080040A24] -> 0x0113
mem[X,0x0000000080040A26] -> 0x0021
[10511] [M]: 0x0000000080040A24 (0x00210113) addi sp, sp, 2
x2 <- 0x0000000000000002
mem[X,0x0000000080040A28] -> 0x006F
mem[X,0x0000000080040A2A] -> 0x0200
[10512] [M]: 0x0000000080040A28 (0x0200006F) jal zero, 32
mem[X,0x0000000080040A48] -> 0xB823
mem[X,0x0000000080040A4A] -> 0x3020
[10513] [M]: 0x0000000080040A48 (0x3020B823) sd sp, 784(ra)
mem[0x000000008004A4E0] <- 0x0000000000000002
mem[X,0x0000000080040A4C] -> 0x0537
mem[X,0x0000000080040A4E] -> 0x0000
[10514] [M]: 0x0000000080040A4C (0x00000537) lui a0, 0
x10 <- 0x0000000000000000
mem[X,0x0000000080040A50] -> 0x0513
mem[X,0x0000000080040A52] -> 0xFFF5
[10515] [M]: 0x0000000080040A50 (0xFFF50513) addi a0, a0, 4095
x10 <- 0xFFFFFFFFFFFFFFFF
mem[X,0x0000000080040A54] -> 0x1513
mem[X,0x0000000080040A56] -> 0x00B5
[10516] [M]: 0x0000000080040A54 (0x00B51513) slli a0, a0, 11
x10 <- 0xFFFFFFFFFFFFF800
mem[X,0x0000000080040A58] -> 0x0513
mem[X,0x0000000080040A5A] -> 0x2575
[10517] [M]: 0x0000000080040A58 (0x25750513) addi a0, a0, 599
x10 <- 0xFFFFFFFFFFFFFA57
mem[X,0x0000000080040A5C] -> 0x1513
mem[X,0x0000000080040A5E] -> 0x00B5
[10518] [M]: 0x0000000080040A5C (0x00B51513) slli a0, a0, 11
x10 <- 0xFFFFFFFFFFD2B800
mem[X,0x0000000080040A60] -> 0x0513
mem[X,0x0000000080040A62] -> 0x6C35
[10519] [M]: 0x0000000080040A60 (0x6C350513) addi a0, a0, 1731
x10 <- 0xFFFFFFFFFFD2BEC3
mem[X,0x0000000080040A64] -> 0x1513
mem[X,0x0000000080040A66] -> 0x00A5
[10520] [M]: 0x0000000080040A64 (0x00A51513) slli a0, a0, 10
x10 <- 0xFFFFFFFF4AFB0C00
mem[X,0x0000000080040A68] -> 0x0513
mem[X,0x0000000080040A6A] -> 0x0CE5
[10521] [M]: 0x0000000080040A68 (0x0CE50513) addi a0, a0, 206
x10 <- 0xFFFFFFFF4AFB0CCE
mem[X,0x0000000080040A6C] -> 0x05B7
mem[X,0x0000000080040A6E] -> 0x0000
[10522] [M]: 0x0000000080040A6C (0x000005B7) lui a1, 0
x11 <- 0x0000000000000000
mem[X,0x0000000080040A70] -> 0x8593
mem[X,0x0000000080040A72] -> 0xFFF5
[10523] [M]: 0x0000000080040A70 (0xFFF58593) addi a1, a1, 4095
x11 <- 0xFFFFFFFFFFFFFFFF
mem[X,0x0000000080040A74] -> 0x9593
mem[X,0x0000000080040A76] -> 0x00B5
[10524] [M]: 0x0000000080040A74 (0x00B59593) slli a1, a1, 11
x11 <- 0xFFFFFFFFFFFFF800
mem[X,0x0000000080040A78] -> 0x8593
mem[X,0x0000000080040A7A] -> 0x2575
[10525] [M]: 0x0000000080040A78 (0x25758593) addi a1, a1, 599
x11 <- 0xFFFFFFFFFFFFFA57
mem[X,0x0000000080040A7C] -> 0x9593
mem[X,0x0000000080040A7E] -> 0x00B5
[10526] [M]: 0x0000000080040A7C (0x00B59593) slli a1, a1, 11
x11 <- 0xFFFFFFFFFFD2B800
mem[X,0x0000000080040A80] -> 0x8593
mem[X,0x0000000080040A82] -> 0x6C35
[10527] [M]: 0x0000000080040A80 (0x6C358593) addi a1, a1, 1731
x11 <- 0xFFFFFFFFFFD2BEC3
mem[X,0x0000000080040A84] -> 0x9593
mem[X,0x0000000080040A86] -> 0x00A5
[10528] [M]: 0x0000000080040A84 (0x00A59593) slli a1, a1, 10
x11 <- 0xFFFFFFFF4AFB0C00
mem[X,0x0000000080040A88] -> 0x8593
mem[X,0x0000000080040A8A] -> 0x0CE5
[10529] [M]: 0x0000000080040A88 (0x0CE58593) addi a1, a1, 206
x11 <- 0xFFFFFFFF4AFB0CCE
mem[X,0x0000000080040A8C] -> 0x0113
mem[X,0x0000000080040A8E] -> 0x0000
[10530] [M]: 0x0000000080040A8C (0x00000113) addi sp, zero, 0
x2 <- 0x0000000000000000
mem[X,0x0000000080040A90] -> 0x006F
mem[X,0x0000000080040A92] -> 0x00C0
[10531] [M]: 0x0000000080040A90 (0x00C0006F) jal zero, 12
mem[X,0x0000000080040A9C] -> 0x5CE3
mem[X,0x0000000080040A9E] -> 0xFEB5
[10532] [M]: 0x0000000080040A9C (0xFEB55CE3) bge a0, a1, 8184
mem[X,0x0000000080040A94] -> 0x0113
mem[X,0x0000000080040A96] -> 0x0011
[10533] [M]: 0x0000000080040A94 (0x00110113) addi sp, sp, 1
x2 <- 0x0000000000000001
mem[X,0x0000000080040A98] -> 0x006F
mem[X,0x0000000080040A9A] -> 0x0180
[10534] [M]: 0x0000000080040A98 (0x0180006F) jal zero, 24
mem[X,0x0000000080040AB0] -> 0xBC23
mem[X,0x0000000080040AB2] -> 0x3020
[10535] [M]: 0x0000000080040AB0 (0x3020BC23) sd sp, 792(ra)
mem[0x000000008004A4E8] <- 0x0000000000000001
mem[X,0x0000000080040AB4] -> 0x0537
mem[X,0x0000000080040AB6] -> 0x0000
[10536] [M]: 0x0000000080040AB4 (0x00000537) lui a0, 0
x10 <- 0x0000000000000000
mem[X,0x0000000080040AB8] -> 0x0513
mem[X,0x0000000080040ABA] -> 0xFFF5
[10537] [M]: 0x0000000080040AB8 (0xFFF50513) addi a0, a0, 4095
x10 <- 0xFFFFFFFFFFFFFFFF
mem[X,0x0000000080040ABC] -> 0x1513
mem[X,0x0000000080040ABE] -> 0x00B5
[10538] [M]: 0x0000000080040ABC (0x00B51513) slli a0, a0, 11
x10 <- 0xFFFFFFFFFFFFF800
mem[X,0x0000000080040AC0] -> 0x0513
mem[X,0x0000000080040AC2] -> 0x2575
[10539] [M]: 0x0000000080040AC0 (0x25750513) addi a0, a0, 599
x10 <- 0xFFFFFFFFFFFFFA57
mem[X,0x0000000080040AC4] -> 0x1513
mem[X,0x0000000080040AC6] -> 0x00B5
[10540] [M]: 0x0000000080040AC4 (0x00B51513) slli a0, a0, 11
x10 <- 0xFFFFFFFFFFD2B800
mem[X,0x0000000080040AC8] -> 0x0513
mem[X,0x0000000080040ACA] -> 0x6C35
[10541] [M]: 0x0000000080040AC8 (0x6C350513) addi a0, a0, 1731
x10 <- 0xFFFFFFFFFFD2BEC3
mem[X,0x0000000080040ACC] -> 0x1513
mem[X,0x0000000080040ACE] -> 0x00A5
[10542] [M]: 0x0000000080040ACC (0x00A51513) slli a0, a0, 10
x10 <- 0xFFFFFFFF4AFB0C00
mem[X,0x0000000080040AD0] -> 0x0513
mem[X,0x0000000080040AD2] -> 0x0CE5
[10543] [M]: 0x0000000080040AD0 (0x0CE50513) addi a0, a0, 206
x10 <- 0xFFFFFFFF4AFB0CCE
mem[X,0x0000000080040AD4] -> 0x05B7
mem[X,0x0000000080040AD6] -> 0x0000
[10544] [M]: 0x0000000080040AD4 (0x000005B7) lui a1, 0
x11 <- 0x0000000000000000
mem[X,0x0000000080040AD8] -> 0x8593
mem[X,0x0000000080040ADA] -> 0x0005
[10545] [M]: 0x0000000080040AD8 (0x00058593) addi a1, a1, 0
x11 <- 0x0000000000000000
mem[X,0x0000000080040ADC] -> 0x9593
mem[X,0x0000000080040ADE] -> 0x00B5
[10546] [M]: 0x0000000080040ADC (0x00B59593) slli a1, a1, 11
x11 <- 0x0000000000000000
mem[X,0x0000000080040AE0] -> 0x8593
mem[X,0x0000000080040AE2] -> 0x5A85
[10547] [M]: 0x0000000080040AE0 (0x5A858593) addi a1, a1, 1448
x11 <- 0x00000000000005A8
mem[X,0x0000000080040AE4] -> 0x9593
mem[X,0x0000000080040AE6] -> 0x00B5
[10548] [M]: 0x0000000080040AE4 (0x00B59593) slli a1, a1, 11
x11 <- 0x00000000002D4000
mem[X,0x0000000080040AE8] -> 0x8593
mem[X,0x0000000080040AEA] -> 0x13C5
[10549] [M]: 0x0000000080040AE8 (0x13C58593) addi a1, a1, 316
x11 <- 0x00000000002D413C
mem[X,0x0000000080040AEC] -> 0x9593
mem[X,0x0000000080040AEE] -> 0x00A5
[10550] [M]: 0x0000000080040AEC (0x00A59593) slli a1, a1, 10
x11 <- 0x00000000B504F000
mem[X,0x0000000080040AF0] -> 0x8593
mem[X,0x0000000080040AF2] -> 0x3345
[10551] [M]: 0x0000000080040AF0 (0x33458593) addi a1, a1, 820
x11 <- 0x00000000B504F334
mem[X,0x0000000080040AF4] -> 0x0113
mem[X,0x0000000080040AF6] -> 0x0000
[10552] [M]: 0x0000000080040AF4 (0x00000113) addi sp, zero, 0
x2 <- 0x0000000000000000
mem[X,0x0000000080040AF8] -> 0x006F
mem[X,0x0000000080040AFA] -> 0x00C0
[10553] [M]: 0x0000000080040AF8 (0x00C0006F) jal zero, 12
mem[X,0x0000000080040B04] -> 0x5CE3
mem[X,0x0000000080040B06] -> 0xFEB5
[10554] [M]: 0x0000000080040B04 (0xFEB55CE3) bge a0, a1, 8184
mem[X,0x0000000080040B08] -> 0x0113
mem[X,0x0000000080040B0A] -> 0x0021
[10555] [M]: 0x0000000080040B08 (0x00210113) addi sp, sp, 2
x2 <- 0x0000000000000002
mem[X,0x0000000080040B0C] -> 0x006F
mem[X,0x0000000080040B0E] -> 0x00C0
[10556] [M]: 0x0000000080040B0C (0x00C0006F) jal zero, 12
mem[X,0x0000000080040B18] -> 0xB023
mem[X,0x0000000080040B1A] -> 0x3220
[10557] [M]: 0x0000000080040B18 (0x3220B023) sd sp, 800(ra)
mem[0x000000008004A4F0] <- 0x0000000000000002
mem[X,0x0000000080040B1C] -> 0x0537
mem[X,0x0000000080040B1E] -> 0x0000
[10558] [M]: 0x0000000080040B1C (0x00000537) lui a0, 0
x10 <- 0x0000000000000000
mem[X,0x0000000080040B20] -> 0x0513
mem[X,0x0000000080040B22] -> 0x0005
[10559] [M]: 0x0000000080040B20 (0x00050513) addi a0, a0, 0
x10 <- 0x0000000000000000
mem[X,0x0000000080040B24] -> 0x1513
mem[X,0x0000000080040B26] -> 0x00B5
[10560] [M]: 0x0000000080040B24 (0x00B51513) slli a0, a0, 11
x10 <- 0x0000000000000000
mem[X,0x0000000080040B28] -> 0x0513
mem[X,0x0000000080040B2A] -> 0x5A85
[10561] [M]: 0x0000000080040B28 (0x5A850513) addi a0, a0, 1448
x10 <- 0x00000000000005A8
mem[X,0x0000000080040B2C] -> 0x1513
mem[X,0x0000000080040B2E] -> 0x00B5
[10562] [M]: 0x0000000080040B2C (0x00B51513) slli a0, a0, 11
x10 <- 0x00000000002D4000
mem[X,0x0000000080040B30] -> 0x0513
mem[X,0x0000000080040B32] -> 0x13C5
[10563] [M]: 0x0000000080040B30 (0x13C50513) addi a0, a0, 316
x10 <- 0x00000000002D413C
mem[X,0x0000000080040B34] -> 0x1513
mem[X,0x0000000080040B36] -> 0x00A5
[10564] [M]: 0x0000000080040B34 (0x00A51513) slli a0, a0, 10
x10 <- 0x00000000B504F000
mem[X,0x0000000080040B38] -> 0x0513
mem[X,0x0000000080040B3A] -> 0x3345
[10565] [M]: 0x0000000080040B38 (0x33450513) addi a0, a0, 820
x10 <- 0x00000000B504F334
mem[X,0x0000000080040B3C] -> 0x0593
mem[X,0x0000000080040B3E] -> 0x0030
[10566] [M]: 0x0000000080040B3C (0x00300593) addi a1, zero, 3
x11 <- 0x0000000000000003
mem[X,0x0000000080040B40] -> 0x0113
mem[X,0x0000000080040B42] -> 0x0000
[10567] [M]: 0x0000000080040B40 (0x00000113) addi sp, zero, 0
x2 <- 0x0000000000000000
mem[X,0x0000000080040B44] -> 0x006F
mem[X,0x0000000080040B46] -> 0x0180
[10568] [M]: 0x0000000080040B44 (0x0180006F) jal zero, 24
mem[X,0x0000000080040B5C] -> 0x56E3
mem[X,0x0000000080040B5E] -> 0xFEB5
[10569] [M]: 0x0000000080040B5C (0xFEB556E3) bge a0, a1, 8172
mem[X,0x0000000080040B48] -> 0x0113
mem[X,0x0000000080040B4A] -> 0x0011
[10570] [M]: 0x0000000080040B48 (0x00110113) addi sp, sp, 1
x2 <- 0x0000000000000001
mem[X,0x0000000080040B4C] -> 0x006F
mem[X,0x0000000080040B4E] -> 0x0240
[10571] [M]: 0x0000000080040B4C (0x0240006F) jal zero, 36
mem[X,0x0000000080040B70] -> 0xB423
mem[X,0x0000000080040B72] -> 0x3220
[10572] [M]: 0x0000000080040B70 (0x3220B423) sd sp, 808(ra)
mem[0x000000008004A4F8] <- 0x0000000000000001
mem[X,0x0000000080040B74] -> 0x0537
mem[X,0x0000000080040B76] -> 0x0000
[10573] [M]: 0x0000000080040B74 (0x00000537) lui a0, 0
x10 <- 0x0000000000000000
mem[X,0x0000000080040B78] -> 0x0513
mem[X,0x0000000080040B7A] -> 0x0005
[10574] [M]: 0x0000000080040B78 (0x00050513) addi a0, a0, 0
x10 <- 0x0000000000000000
mem[X,0x0000000080040B7C] -> 0x1513
mem[X,0x0000000080040B7E] -> 0x00B5
[10575] [M]: 0x0000000080040B7C (0x00B51513) slli a0, a0, 11
x10 <- 0x0000000000000000
mem[X,0x0000000080040B80] -> 0x0513
mem[X,0x0000000080040B82] -> 0x5A85
[10576] [M]: 0x0000000080040B80 (0x5A850513) addi a0, a0, 1448
x10 <- 0x00000000000005A8
mem[X,0x0000000080040B84] -> 0x1513
mem[X,0x0000000080040B86] -> 0x00B5
[10577] [M]: 0x0000000080040B84 (0x00B51513) slli a0, a0, 11
x10 <- 0x00000000002D4000
mem[X,0x0000000080040B88] -> 0x0513
mem[X,0x0000000080040B8A] -> 0x13C5
[10578] [M]: 0x0000000080040B88 (0x13C50513) addi a0, a0, 316
x10 <- 0x00000000002D413C
mem[X,0x0000000080040B8C] -> 0x1513
mem[X,0x0000000080040B8E] -> 0x00A5
[10579] [M]: 0x0000000080040B8C (0x00A51513) slli a0, a0, 10
x10 <- 0x00000000B504F000
mem[X,0x0000000080040B90] -> 0x0513
mem[X,0x0000000080040B92] -> 0x3345
[10580] [M]: 0x0000000080040B90 (0x33450513) addi a0, a0, 820
x10 <- 0x00000000B504F334
mem[X,0x0000000080040B94] -> 0x55B7
mem[X,0x0000000080040B96] -> 0x5555
[10581] [M]: 0x0000000080040B94 (0x555555B7) lui a1, 349525
x11 <- 0x0000000055555000
mem[X,0x0000000080040B98] -> 0x8593
mem[X,0x0000000080040B9A] -> 0x5555
[10582] [M]: 0x0000000080040B98 (0x55558593) addi a1, a1, 1365
x11 <- 0x0000000055555555
mem[X,0x0000000080040B9C] -> 0x9593
mem[X,0x0000000080040B9E] -> 0x00B5
[10583] [M]: 0x0000000080040B9C (0x00B59593) slli a1, a1, 11
x11 <- 0x000002AAAAAAA800
mem[X,0x0000000080040BA0] -> 0x8593
mem[X,0x0000000080040BA2] -> 0x2AA5
[10584] [M]: 0x0000000080040BA0 (0x2AA58593) addi a1, a1, 682
x11 <- 0x000002AAAAAAAAAA
mem[X,0x0000000080040BA4] -> 0x9593
mem[X,0x0000000080040BA6] -> 0x00B5
[10585] [M]: 0x0000000080040BA4 (0x00B59593) slli a1, a1, 11
x11 <- 0x0015555555555000
mem[X,0x0000000080040BA8] -> 0x8593
mem[X,0x0000000080040BAA] -> 0x5555
[10586] [M]: 0x0000000080040BA8 (0x55558593) addi a1, a1, 1365
x11 <- 0x0015555555555555
mem[X,0x0000000080040BAC] -> 0x9593
mem[X,0x0000000080040BAE] -> 0x00A5
[10587] [M]: 0x0000000080040BAC (0x00A59593) slli a1, a1, 10
x11 <- 0x5555555555555400
mem[X,0x0000000080040BB0] -> 0x8593
mem[X,0x0000000080040BB2] -> 0x1555
[10588] [M]: 0x0000000080040BB0 (0x15558593) addi a1, a1, 341
x11 <- 0x5555555555555555
mem[X,0x0000000080040BB4] -> 0x0113
mem[X,0x0000000080040BB6] -> 0x0000
[10589] [M]: 0x0000000080040BB4 (0x00000113) addi sp, zero, 0
x2 <- 0x0000000000000000
mem[X,0x0000000080040BB8] -> 0x006F
mem[X,0x0000000080040BBA] -> 0x00C0
[10590] [M]: 0x0000000080040BB8 (0x00C0006F) jal zero, 12
mem[X,0x0000000080040BC4] -> 0x5CE3
mem[X,0x0000000080040BC6] -> 0xFEB5
[10591] [M]: 0x0000000080040BC4 (0xFEB55CE3) bge a0, a1, 8184
mem[X,0x0000000080040BC8] -> 0x0113
mem[X,0x0000000080040BCA] -> 0x0021
[10592] [M]: 0x0000000080040BC8 (0x00210113) addi sp, sp, 2
x2 <- 0x0000000000000002
mem[X,0x0000000080040BCC] -> 0x006F
mem[X,0x0000000080040BCE] -> 0x00C0
[10593] [M]: 0x0000000080040BCC (0x00C0006F) jal zero, 12
mem[X,0x0000000080040BD8] -> 0xB823
mem[X,0x0000000080040BDA] -> 0x3220
[10594] [M]: 0x0000000080040BD8 (0x3220B823) sd sp, 816(ra)
mem[0x000000008004A500] <- 0x0000000000000002
mem[X,0x0000000080040BDC] -> 0x0537
mem[X,0x0000000080040BDE] -> 0x0000
[10595] [M]: 0x0000000080040BDC (0x00000537) lui a0, 0
x10 <- 0x0000000000000000
mem[X,0x0000000080040BE0] -> 0x0513
mem[X,0x0000000080040BE2] -> 0x0005
[10596] [M]: 0x0000000080040BE0 (0x00050513) addi a0, a0, 0
x10 <- 0x0000000000000000
mem[X,0x0000000080040BE4] -> 0x1513
mem[X,0x0000000080040BE6] -> 0x00B5
[10597] [M]: 0x0000000080040BE4 (0x00B51513) slli a0, a0, 11
x10 <- 0x0000000000000000
mem[X,0x0000000080040BE8] -> 0x0513
mem[X,0x0000000080040BEA] -> 0x5A85
[10598] [M]: 0x0000000080040BE8 (0x5A850513) addi a0, a0, 1448
x10 <- 0x00000000000005A8
mem[X,0x0000000080040BEC] -> 0x1513
mem[X,0x0000000080040BEE] -> 0x00B5
[10599] [M]: 0x0000000080040BEC (0x00B51513) slli a0, a0, 11
x10 <- 0x00000000002D4000
clint::tick mtime <- 0x000000000000006A
 clint timer pending at mtime 0x000000000000006A
htif::tick 0x0000000000000000
mem[X,0x0000000080040BF0] -> 0x0513
mem[X,0x0000000080040BF2] -> 0x13C5
[10600] [M]: 0x0000000080040BF0 (0x13C50513) addi a0, a0, 316
x10 <- 0x00000000002D413C
mem[X,0x0000000080040BF4] -> 0x1513
mem[X,0x0000000080040BF6] -> 0x00A5
[10601] [M]: 0x0000000080040BF4 (0x00A51513) slli a0, a0, 10
x10 <- 0x00000000B504F000
mem[X,0x0000000080040BF8] -> 0x0513
mem[X,0x0000000080040BFA] -> 0x3345
[10602] [M]: 0x0000000080040BF8 (0x33450513) addi a0, a0, 820
x10 <- 0x00000000B504F334
mem[X,0x0000000080040BFC] -> 0xB5B7
mem[X,0x0000000080040BFE] -> 0xAAAA
[10603] [M]: 0x0000000080040BFC (0xAAAAB5B7) lui a1, 699051
x11 <- 0xFFFFFFFFAAAAB000
mem[X,0x0000000080040C00] -> 0x8593
mem[X,0x0000000080040C02] -> 0xAAA5
[10604] [M]: 0x0000000080040C00 (0xAAA58593) addi a1, a1, 2730
x11 <- 0xFFFFFFFFAAAAAAAA
mem[X,0x0000000080040C04] -> 0x9593
mem[X,0x0000000080040C06] -> 0x00B5
[10605] [M]: 0x0000000080040C04 (0x00B59593) slli a1, a1, 11
x11 <- 0xFFFFFD5555555000
mem[X,0x0000000080040C08] -> 0x8593
mem[X,0x0000000080040C0A] -> 0x5555
[10606] [M]: 0x0000000080040C08 (0x55558593) addi a1, a1, 1365
x11 <- 0xFFFFFD5555555555
mem[X,0x0000000080040C0C] -> 0x9593
mem[X,0x0000000080040C0E] -> 0x00B5
[10607] [M]: 0x0000000080040C0C (0x00B59593) slli a1, a1, 11
x11 <- 0xFFEAAAAAAAAAA800
mem[X,0x0000000080040C10] -> 0x8593
mem[X,0x0000000080040C12] -> 0x2AA5
[10608] [M]: 0x0000000080040C10 (0x2AA58593) addi a1, a1, 682
x11 <- 0xFFEAAAAAAAAAAAAA
mem[X,0x0000000080040C14] -> 0x9593
mem[X,0x0000000080040C16] -> 0x00A5
[10609] [M]: 0x0000000080040C14 (0x00A59593) slli a1, a1, 10
x11 <- 0xAAAAAAAAAAAAA800
mem[X,0x0000000080040C18] -> 0x8593
mem[X,0x0000000080040C1A] -> 0x2AA5
[10610] [M]: 0x0000000080040C18 (0x2AA58593) addi a1, a1, 682
x11 <- 0xAAAAAAAAAAAAAAAA
mem[X,0x0000000080040C1C] -> 0x0113
mem[X,0x0000000080040C1E] -> 0x0000
[10611] [M]: 0x0000000080040C1C (0x00000113) addi sp, zero, 0
x2 <- 0x0000000000000000
mem[X,0x0000000080040C20] -> 0x006F
mem[X,0x0000000080040C22] -> 0x00C0
[10612] [M]: 0x0000000080040C20 (0x00C0006F) jal zero, 12
mem[X,0x0000000080040C2C] -> 0x5663
mem[X,0x0000000080040C2E] -> 0x00B5
[10613] [M]: 0x0000000080040C2C (0x00B55663) bge a0, a1, 12
mem[X,0x0000000080040C38] -> 0x0113
mem[X,0x0000000080040C3A] -> 0x0031
[10614] [M]: 0x0000000080040C38 (0x00310113) addi sp, sp, 3
x2 <- 0x0000000000000003
mem[X,0x0000000080040C3C] -> 0x006F
mem[X,0x0000000080040C3E] -> 0x0040
[10615] [M]: 0x0000000080040C3C (0x0040006F) jal zero, 4
mem[X,0x0000000080040C40] -> 0xBC23
mem[X,0x0000000080040C42] -> 0x3220
[10616] [M]: 0x0000000080040C40 (0x3220BC23) sd sp, 824(ra)
mem[0x000000008004A508] <- 0x0000000000000003
mem[X,0x0000000080040C44] -> 0x0537
mem[X,0x0000000080040C46] -> 0x0000
[10617] [M]: 0x0000000080040C44 (0x00000537) lui a0, 0
x10 <- 0x0000000000000000
mem[X,0x0000000080040C48] -> 0x0513
mem[X,0x0000000080040C4A] -> 0x0005
[10618] [M]: 0x0000000080040C48 (0x00050513) addi a0, a0, 0
x10 <- 0x0000000000000000
mem[X,0x0000000080040C4C] -> 0x1513
mem[X,0x0000000080040C4E] -> 0x00B5
[10619] [M]: 0x0000000080040C4C (0x00B51513) slli a0, a0, 11
x10 <- 0x0000000000000000
mem[X,0x0000000080040C50] -> 0x0513
mem[X,0x0000000080040C52] -> 0x5A85
[10620] [M]: 0x0000000080040C50 (0x5A850513) addi a0, a0, 1448
x10 <- 0x00000000000005A8
mem[X,0x0000000080040C54] -> 0x1513
mem[X,0x0000000080040C56] -> 0x00B5
[10621] [M]: 0x0000000080040C54 (0x00B51513) slli a0, a0, 11
x10 <- 0x00000000002D4000
mem[X,0x0000000080040C58] -> 0x0513
mem[X,0x0000000080040C5A] -> 0x13C5
[10622] [M]: 0x0000000080040C58 (0x13C50513) addi a0, a0, 316
x10 <- 0x00000000002D413C
mem[X,0x0000000080040C5C] -> 0x1513
mem[X,0x0000000080040C5E] -> 0x00A5
[10623] [M]: 0x0000000080040C5C (0x00A51513) slli a0, a0, 10
x10 <- 0x00000000B504F000
mem[X,0x0000000080040C60] -> 0x0513
mem[X,0x0000000080040C62] -> 0x3345
[10624] [M]: 0x0000000080040C60 (0x33450513) addi a0, a0, 820
x10 <- 0x00000000B504F334
mem[X,0x0000000080040C64] -> 0x0593
mem[X,0x0000000080040C66] -> 0x0050
[10625] [M]: 0x0000000080040C64 (0x00500593) addi a1, zero, 5
x11 <- 0x0000000000000005
mem[X,0x0000000080040C68] -> 0x0113
mem[X,0x0000000080040C6A] -> 0x0000
[10626] [M]: 0x0000000080040C68 (0x00000113) addi sp, zero, 0
x2 <- 0x0000000000000000
mem[X,0x0000000080040C6C] -> 0x006F
mem[X,0x0000000080040C6E] -> 0x00C0
[10627] [M]: 0x0000000080040C6C (0x00C0006F) jal zero, 12
mem[X,0x0000000080040C78] -> 0x5063
mem[X,0x0000000080040C7A] -> 0x02B5
[10628] [M]: 0x0000000080040C78 (0x02B55063) bge a0, a1, 32
mem[X,0x0000000080040C98] -> 0x0113
mem[X,0x0000000080040C9A] -> 0x0031
[10629] [M]: 0x0000000080040C98 (0x00310113) addi sp, sp, 3
x2 <- 0x0000000000000003
mem[X,0x0000000080040C9C] -> 0x006F
mem[X,0x0000000080040C9E] -> 0x0040
[10630] [M]: 0x0000000080040C9C (0x0040006F) jal zero, 4
mem[X,0x0000000080040CA0] -> 0xB023
mem[X,0x0000000080040CA2] -> 0x3420
[10631] [M]: 0x0000000080040CA0 (0x3420B023) sd sp, 832(ra)
mem[0x000000008004A510] <- 0x0000000000000003
mem[X,0x0000000080040CA4] -> 0x0537
mem[X,0x0000000080040CA6] -> 0x0000
[10632] [M]: 0x0000000080040CA4 (0x00000537) lui a0, 0
x10 <- 0x0000000000000000
mem[X,0x0000000080040CA8] -> 0x0513
mem[X,0x0000000080040CAA] -> 0x0005
[10633] [M]: 0x0000000080040CA8 (0x00050513) addi a0, a0, 0
x10 <- 0x0000000000000000
mem[X,0x0000000080040CAC] -> 0x1513
mem[X,0x0000000080040CAE] -> 0x00B5
[10634] [M]: 0x0000000080040CAC (0x00B51513) slli a0, a0, 11
x10 <- 0x0000000000000000
mem[X,0x0000000080040CB0] -> 0x0513
mem[X,0x0000000080040CB2] -> 0x5A85
[10635] [M]: 0x0000000080040CB0 (0x5A850513) addi a0, a0, 1448
x10 <- 0x00000000000005A8
mem[X,0x0000000080040CB4] -> 0x1513
mem[X,0x0000000080040CB6] -> 0x00B5
[10636] [M]: 0x0000000080040CB4 (0x00B51513) slli a0, a0, 11
x10 <- 0x00000000002D4000
mem[X,0x0000000080040CB8] -> 0x0513
mem[X,0x0000000080040CBA] -> 0x13C5
[10637] [M]: 0x0000000080040CB8 (0x13C50513) addi a0, a0, 316
x10 <- 0x00000000002D413C
mem[X,0x0000000080040CBC] -> 0x1513
mem[X,0x0000000080040CBE] -> 0x00A5
[10638] [M]: 0x0000000080040CBC (0x00A51513) slli a0, a0, 10
x10 <- 0x00000000B504F000
mem[X,0x0000000080040CC0] -> 0x0513
mem[X,0x0000000080040CC2] -> 0x3345
[10639] [M]: 0x0000000080040CC0 (0x33450513) addi a0, a0, 820
x10 <- 0x00000000B504F334
mem[X,0x0000000080040CC4] -> 0x35B7
mem[X,0x0000000080040CC6] -> 0x3333
[10640] [M]: 0x0000000080040CC4 (0x333335B7) lui a1, 209715
x11 <- 0x0000000033333000
mem[X,0x0000000080040CC8] -> 0x8593
mem[X,0x0000000080040CCA] -> 0x3335
[10641] [M]: 0x0000000080040CC8 (0x33358593) addi a1, a1, 819
x11 <- 0x0000000033333333
mem[X,0x0000000080040CCC] -> 0x9593
mem[X,0x0000000080040CCE] -> 0x00B5
[10642] [M]: 0x0000000080040CCC (0x00B59593) slli a1, a1, 11
x11 <- 0x0000019999999800
mem[X,0x0000000080040CD0] -> 0x8593
mem[X,0x0000000080040CD2] -> 0x1995
[10643] [M]: 0x0000000080040CD0 (0x19958593) addi a1, a1, 409
x11 <- 0x0000019999999999
mem[X,0x0000000080040CD4] -> 0x9593
mem[X,0x0000000080040CD6] -> 0x00B5
[10644] [M]: 0x0000000080040CD4 (0x00B59593) slli a1, a1, 11
x11 <- 0x000CCCCCCCCCC800
mem[X,0x0000000080040CD8] -> 0x8593
mem[X,0x0000000080040CDA] -> 0x4CC5
[10645] [M]: 0x0000000080040CD8 (0x4CC58593) addi a1, a1, 1228
x11 <- 0x000CCCCCCCCCCCCC
mem[X,0x0000000080040CDC] -> 0x9593
mem[X,0x0000000080040CDE] -> 0x00A5
[10646] [M]: 0x0000000080040CDC (0x00A59593) slli a1, a1, 10
x11 <- 0x3333333333333000
mem[X,0x0000000080040CE0] -> 0x8593
mem[X,0x0000000080040CE2] -> 0x3335
[10647] [M]: 0x0000000080040CE0 (0x33358593) addi a1, a1, 819
x11 <- 0x3333333333333333
mem[X,0x0000000080040CE4] -> 0x0113
mem[X,0x0000000080040CE6] -> 0x0000
[10648] [M]: 0x0000000080040CE4 (0x00000113) addi sp, zero, 0
x2 <- 0x0000000000000000
mem[X,0x0000000080040CE8] -> 0x006F
mem[X,0x0000000080040CEA] -> 0x00C0
[10649] [M]: 0x0000000080040CE8 (0x00C0006F) jal zero, 12
mem[X,0x0000000080040CF4] -> 0x5663
mem[X,0x0000000080040CF6] -> 0x00B5
[10650] [M]: 0x0000000080040CF4 (0x00B55663) bge a0, a1, 12
mem[X,0x0000000080040CF8] -> 0x0113
mem[X,0x0000000080040CFA] -> 0x0021
[10651] [M]: 0x0000000080040CF8 (0x00210113) addi sp, sp, 2
x2 <- 0x0000000000000002
mem[X,0x0000000080040CFC] -> 0x006F
mem[X,0x0000000080040CFE] -> 0x00C0
[10652] [M]: 0x0000000080040CFC (0x00C0006F) jal zero, 12
mem[X,0x0000000080040D08] -> 0xB423
mem[X,0x0000000080040D0A] -> 0x3420
[10653] [M]: 0x0000000080040D08 (0x3420B423) sd sp, 840(ra)
mem[0x000000008004A518] <- 0x0000000000000002
mem[X,0x0000000080040D0C] -> 0x0537
mem[X,0x0000000080040D0E] -> 0x0000
[10654] [M]: 0x0000000080040D0C (0x00000537) lui a0, 0
x10 <- 0x0000000000000000
mem[X,0x0000000080040D10] -> 0x0513
mem[X,0x0000000080040D12] -> 0x0005
[10655] [M]: 0x0000000080040D10 (0x00050513) addi a0, a0, 0
x10 <- 0x0000000000000000
mem[X,0x0000000080040D14] -> 0x1513
mem[X,0x0000000080040D16] -> 0x00B5
[10656] [M]: 0x0000000080040D14 (0x00B51513) slli a0, a0, 11
x10 <- 0x0000000000000000
mem[X,0x0000000080040D18] -> 0x0513
mem[X,0x0000000080040D1A] -> 0x5A85
[10657] [M]: 0x0000000080040D18 (0x5A850513) addi a0, a0, 1448
x10 <- 0x00000000000005A8
mem[X,0x0000000080040D1C] -> 0x1513
mem[X,0x0000000080040D1E] -> 0x00B5
[10658] [M]: 0x0000000080040D1C (0x00B51513) slli a0, a0, 11
x10 <- 0x00000000002D4000
mem[X,0x0000000080040D20] -> 0x0513
mem[X,0x0000000080040D22] -> 0x13C5
[10659] [M]: 0x0000000080040D20 (0x13C50513) addi a0, a0, 316
x10 <- 0x00000000002D413C
mem[X,0x0000000080040D24] -> 0x1513
mem[X,0x0000000080040D26] -> 0x00A5
[10660] [M]: 0x0000000080040D24 (0x00A51513) slli a0, a0, 10
x10 <- 0x00000000B504F000
mem[X,0x0000000080040D28] -> 0x0513
mem[X,0x0000000080040D2A] -> 0x3345
[10661] [M]: 0x0000000080040D28 (0x33450513) addi a0, a0, 820
x10 <- 0x00000000B504F334
mem[X,0x0000000080040D2C] -> 0x65B7
mem[X,0x0000000080040D2E] -> 0x6666
[10662] [M]: 0x0000000080040D2C (0x666665B7) lui a1, 419430
x11 <- 0x0000000066666000
mem[X,0x0000000080040D30] -> 0x8593
mem[X,0x0000000080040D32] -> 0x6665
[10663] [M]: 0x0000000080040D30 (0x66658593) addi a1, a1, 1638
x11 <- 0x0000000066666666
mem[X,0x0000000080040D34] -> 0x9593
mem[X,0x0000000080040D36] -> 0x00B5
[10664] [M]: 0x0000000080040D34 (0x00B59593) slli a1, a1, 11
x11 <- 0x0000033333333000
mem[X,0x0000000080040D38] -> 0x8593
mem[X,0x0000000080040D3A] -> 0x3335
[10665] [M]: 0x0000000080040D38 (0x33358593) addi a1, a1, 819
x11 <- 0x0000033333333333
mem[X,0x0000000080040D3C] -> 0x9593
mem[X,0x0000000080040D3E] -> 0x00B5
[10666] [M]: 0x0000000080040D3C (0x00B59593) slli a1, a1, 11
x11 <- 0x0019999999999800
mem[X,0x0000000080040D40] -> 0x8593
mem[X,0x0000000080040D42] -> 0x1995
[10667] [M]: 0x0000000080040D40 (0x19958593) addi a1, a1, 409
x11 <- 0x0019999999999999
mem[X,0x0000000080040D44] -> 0x9593
mem[X,0x0000000080040D46] -> 0x00A5
[10668] [M]: 0x0000000080040D44 (0x00A59593) slli a1, a1, 10
x11 <- 0x6666666666666400
mem[X,0x0000000080040D48] -> 0x8593
mem[X,0x0000000080040D4A] -> 0x2665
[10669] [M]: 0x0000000080040D48 (0x26658593) addi a1, a1, 614
x11 <- 0x6666666666666666
mem[X,0x0000000080040D4C] -> 0x0113
mem[X,0x0000000080040D4E] -> 0x0000
[10670] [M]: 0x0000000080040D4C (0x00000113) addi sp, zero, 0
x2 <- 0x0000000000000000
mem[X,0x0000000080040D50] -> 0x006F
mem[X,0x0000000080040D52] -> 0x00C0
[10671] [M]: 0x0000000080040D50 (0x00C0006F) jal zero, 12
mem[X,0x0000000080040D5C] -> 0x5063
mem[X,0x0000000080040D5E] -> 0x20B5
[10672] [M]: 0x0000000080040D5C (0x20B55063) bge a0, a1, 512
mem[X,0x0000000080040D60] -> 0x0113
mem[X,0x0000000080040D62] -> 0x0021
[10673] [M]: 0x0000000080040D60 (0x00210113) addi sp, sp, 2
x2 <- 0x0000000000000002
mem[X,0x0000000080040D64] -> 0x006F
mem[X,0x0000000080040D66] -> 0x2000
[10674] [M]: 0x0000000080040D64 (0x2000006F) jal zero, 512
mem[X,0x0000000080040F64] -> 0xB823
mem[X,0x0000000080040F66] -> 0x3420
[10675] [M]: 0x0000000080040F64 (0x3420B823) sd sp, 848(ra)
mem[0x000000008004A520] <- 0x0000000000000002
mem[X,0x0000000080040F68] -> 0x0537
mem[X,0x0000000080040F6A] -> 0x0000
[10676] [M]: 0x0000000080040F68 (0x00000537) lui a0, 0
x10 <- 0x0000000000000000
mem[X,0x0000000080040F6C] -> 0x0513
mem[X,0x0000000080040F6E] -> 0x0005
[10677] [M]: 0x0000000080040F6C (0x00050513) addi a0, a0, 0
x10 <- 0x0000000000000000
mem[X,0x0000000080040F70] -> 0x1513
mem[X,0x0000000080040F72] -> 0x00B5
[10678] [M]: 0x0000000080040F70 (0x00B51513) slli a0, a0, 11
x10 <- 0x0000000000000000
mem[X,0x0000000080040F74] -> 0x0513
mem[X,0x0000000080040F76] -> 0x5A85
[10679] [M]: 0x0000000080040F74 (0x5A850513) addi a0, a0, 1448
x10 <- 0x00000000000005A8
mem[X,0x0000000080040F78] -> 0x1513
mem[X,0x0000000080040F7A] -> 0x00B5
[10680] [M]: 0x0000000080040F78 (0x00B51513) slli a0, a0, 11
x10 <- 0x00000000002D4000
mem[X,0x0000000080040F7C] -> 0x0513
mem[X,0x0000000080040F7E] -> 0x13C5
[10681] [M]: 0x0000000080040F7C (0x13C50513) addi a0, a0, 316
x10 <- 0x00000000002D413C
mem[X,0x0000000080040F80] -> 0x1513
mem[X,0x0000000080040F82] -> 0x00A5
[10682] [M]: 0x0000000080040F80 (0x00A51513) slli a0, a0, 10
x10 <- 0x00000000B504F000
mem[X,0x0000000080040F84] -> 0x0513
mem[X,0x0000000080040F86] -> 0x3345
[10683] [M]: 0x0000000080040F84 (0x33450513) addi a0, a0, 820
x10 <- 0x00000000B504F334
mem[X,0x0000000080040F88] -> 0x05B7
mem[X,0x0000000080040F8A] -> 0x0000
[10684] [M]: 0x0000000080040F88 (0x000005B7) lui a1, 0
x11 <- 0x0000000000000000
mem[X,0x0000000080040F8C] -> 0x8593
mem[X,0x0000000080040F8E] -> 0xFFF5
[10685] [M]: 0x0000000080040F8C (0xFFF58593) addi a1, a1, 4095
x11 <- 0xFFFFFFFFFFFFFFFF
mem[X,0x0000000080040F90] -> 0x9593
mem[X,0x0000000080040F92] -> 0x00B5
[10686] [M]: 0x0000000080040F90 (0x00B59593) slli a1, a1, 11
x11 <- 0xFFFFFFFFFFFFF800
mem[X,0x0000000080040F94] -> 0x8593
mem[X,0x0000000080040F96] -> 0x2575
[10687] [M]: 0x0000000080040F94 (0x25758593) addi a1, a1, 599
x11 <- 0xFFFFFFFFFFFFFA57
mem[X,0x0000000080040F98] -> 0x9593
mem[X,0x0000000080040F9A] -> 0x00B5
[10688] [M]: 0x0000000080040F98 (0x00B59593) slli a1, a1, 11
x11 <- 0xFFFFFFFFFFD2B800
mem[X,0x0000000080040F9C] -> 0x8593
mem[X,0x0000000080040F9E] -> 0x6C35
[10689] [M]: 0x0000000080040F9C (0x6C358593) addi a1, a1, 1731
x11 <- 0xFFFFFFFFFFD2BEC3
mem[X,0x0000000080040FA0] -> 0x9593
mem[X,0x0000000080040FA2] -> 0x00A5
[10690] [M]: 0x0000000080040FA0 (0x00A59593) slli a1, a1, 10
x11 <- 0xFFFFFFFF4AFB0C00
mem[X,0x0000000080040FA4] -> 0x8593
mem[X,0x0000000080040FA6] -> 0x0CD5
[10691] [M]: 0x0000000080040FA4 (0x0CD58593) addi a1, a1, 205
x11 <- 0xFFFFFFFF4AFB0CCD
mem[X,0x0000000080040FA8] -> 0x0113
mem[X,0x0000000080040FAA] -> 0x0000
[10692] [M]: 0x0000000080040FA8 (0x00000113) addi sp, zero, 0
x2 <- 0x0000000000000000
mem[X,0x0000000080040FAC] -> 0x006F
mem[X,0x0000000080040FAE] -> 0x00C0
[10693] [M]: 0x0000000080040FAC (0x00C0006F) jal zero, 12
mem[X,0x0000000080040FB8] -> 0x5663
mem[X,0x0000000080040FBA] -> 0x00B5
[10694] [M]: 0x0000000080040FB8 (0x00B55663) bge a0, a1, 12
mem[X,0x0000000080040FC4] -> 0x0113
mem[X,0x0000000080040FC6] -> 0x0031
[10695] [M]: 0x0000000080040FC4 (0x00310113) addi sp, sp, 3
x2 <- 0x0000000000000003
mem[X,0x0000000080040FC8] -> 0x006F
mem[X,0x0000000080040FCA] -> 0x0040
[10696] [M]: 0x0000000080040FC8 (0x0040006F) jal zero, 4
mem[X,0x0000000080040FCC] -> 0xBC23
mem[X,0x0000000080040FCE] -> 0x3420
[10697] [M]: 0x0000000080040FCC (0x3420BC23) sd sp, 856(ra)
mem[0x000000008004A528] <- 0x0000000000000003
mem[X,0x0000000080040FD0] -> 0x0537
mem[X,0x0000000080040FD2] -> 0x0000
[10698] [M]: 0x0000000080040FD0 (0x00000537) lui a0, 0
x10 <- 0x0000000000000000
mem[X,0x0000000080040FD4] -> 0x0513
mem[X,0x0000000080040FD6] -> 0x0005
[10699] [M]: 0x0000000080040FD4 (0x00050513) addi a0, a0, 0
x10 <- 0x0000000000000000
clint::tick mtime <- 0x000000000000006B
 clint timer pending at mtime 0x000000000000006B
htif::tick 0x0000000000000000
mem[X,0x0000000080040FD8] -> 0x1513
mem[X,0x0000000080040FDA] -> 0x00B5
[10700] [M]: 0x0000000080040FD8 (0x00B51513) slli a0, a0, 11
x10 <- 0x0000000000000000
mem[X,0x0000000080040FDC] -> 0x0513
mem[X,0x0000000080040FDE] -> 0x5A85
[10701] [M]: 0x0000000080040FDC (0x5A850513) addi a0, a0, 1448
x10 <- 0x00000000000005A8
mem[X,0x0000000080040FE0] -> 0x1513
mem[X,0x0000000080040FE2] -> 0x00B5
[10702] [M]: 0x0000000080040FE0 (0x00B51513) slli a0, a0, 11
x10 <- 0x00000000002D4000
mem[X,0x0000000080040FE4] -> 0x0513
mem[X,0x0000000080040FE6] -> 0x13C5
[10703] [M]: 0x0000000080040FE4 (0x13C50513) addi a0, a0, 316
x10 <- 0x00000000002D413C
mem[X,0x0000000080040FE8] -> 0x1513
mem[X,0x0000000080040FEA] -> 0x00A5
[10704] [M]: 0x0000000080040FE8 (0x00A51513) slli a0, a0, 10
x10 <- 0x00000000B504F000
mem[X,0x0000000080040FEC] -> 0x0513
mem[X,0x0000000080040FEE] -> 0x3345
[10705] [M]: 0x0000000080040FEC (0x33450513) addi a0, a0, 820
x10 <- 0x00000000B504F334
mem[X,0x0000000080040FF0] -> 0x05B7
mem[X,0x0000000080040FF2] -> 0x0000
[10706] [M]: 0x0000000080040FF0 (0x000005B7) lui a1, 0
x11 <- 0x0000000000000000
mem[X,0x0000000080040FF4] -> 0x8593
mem[X,0x0000000080040FF6] -> 0x0005
[10707] [M]: 0x0000000080040FF4 (0x00058593) addi a1, a1, 0
x11 <- 0x0000000000000000
mem[X,0x0000000080040FF8] -> 0x9593
mem[X,0x0000000080040FFA] -> 0x00B5
[10708] [M]: 0x0000000080040FF8 (0x00B59593) slli a1, a1, 11
x11 <- 0x0000000000000000
mem[X,0x0000000080040FFC] -> 0x8593
mem[X,0x0000000080040FFE] -> 0x5A85
[10709] [M]: 0x0000000080040FFC (0x5A858593) addi a1, a1, 1448
x11 <- 0x00000000000005A8
mem[X,0x0000000080041000] -> 0x9593
mem[X,0x0000000080041002] -> 0x00B5
[10710] [M]: 0x0000000080041000 (0x00B59593) slli a1, a1, 11
x11 <- 0x00000000002D4000
mem[X,0x0000000080041004] -> 0x8593
mem[X,0x0000000080041006] -> 0x13C5
[10711] [M]: 0x0000000080041004 (0x13C58593) addi a1, a1, 316
x11 <- 0x00000000002D413C
mem[X,0x0000000080041008] -> 0x9593
mem[X,0x000000008004100A] -> 0x00A5
[10712] [M]: 0x0000000080041008 (0x00A59593) slli a1, a1, 10
x11 <- 0x00000000B504F000
mem[X,0x000000008004100C] -> 0x8593
mem[X,0x000000008004100E] -> 0x3335
[10713] [M]: 0x000000008004100C (0x33358593) addi a1, a1, 819
x11 <- 0x00000000B504F333
mem[X,0x0000000080041010] -> 0x0113
mem[X,0x0000000080041012] -> 0x0000
[10714] [M]: 0x0000000080041010 (0x00000113) addi sp, zero, 0
x2 <- 0x0000000000000000
mem[X,0x0000000080041014] -> 0x006F
mem[X,0x0000000080041016] -> 0x00C0
[10715] [M]: 0x0000000080041014 (0x00C0006F) jal zero, 12
mem[X,0x0000000080041020] -> 0x5863
mem[X,0x0000000080041022] -> 0x00B5
[10716] [M]: 0x0000000080041020 (0x00B55863) bge a0, a1, 16
mem[X,0x0000000080041030] -> 0x0113
mem[X,0x0000000080041032] -> 0x0031
[10717] [M]: 0x0000000080041030 (0x00310113) addi sp, sp, 3
x2 <- 0x0000000000000003
mem[X,0x0000000080041034] -> 0x006F
mem[X,0x0000000080041036] -> 0x0040
[10718] [M]: 0x0000000080041034 (0x0040006F) jal zero, 4
mem[X,0x0000000080041038] -> 0xB023
mem[X,0x000000008004103A] -> 0x3620
[10719] [M]: 0x0000000080041038 (0x3620B023) sd sp, 864(ra)
mem[0x000000008004A530] <- 0x0000000000000003
mem[X,0x000000008004103C] -> 0x0537
mem[X,0x000000008004103E] -> 0x0000
[10720] [M]: 0x000000008004103C (0x00000537) lui a0, 0
x10 <- 0x0000000000000000
mem[X,0x0000000080041040] -> 0x0513
mem[X,0x0000000080041042] -> 0x0005
[10721] [M]: 0x0000000080041040 (0x00050513) addi a0, a0, 0
x10 <- 0x0000000000000000
mem[X,0x0000000080041044] -> 0x1513
mem[X,0x0000000080041046] -> 0x00B5
[10722] [M]: 0x0000000080041044 (0x00B51513) slli a0, a0, 11
x10 <- 0x0000000000000000
mem[X,0x0000000080041048] -> 0x0513
mem[X,0x000000008004104A] -> 0x5A85
[10723] [M]: 0x0000000080041048 (0x5A850513) addi a0, a0, 1448
x10 <- 0x00000000000005A8
mem[X,0x000000008004104C] -> 0x1513
mem[X,0x000000008004104E] -> 0x00B5
[10724] [M]: 0x000000008004104C (0x00B51513) slli a0, a0, 11
x10 <- 0x00000000002D4000
mem[X,0x0000000080041050] -> 0x0513
mem[X,0x0000000080041052] -> 0x13C5
[10725] [M]: 0x0000000080041050 (0x13C50513) addi a0, a0, 316
x10 <- 0x00000000002D413C
mem[X,0x0000000080041054] -> 0x1513
mem[X,0x0000000080041056] -> 0x00A5
[10726] [M]: 0x0000000080041054 (0x00A51513) slli a0, a0, 10
x10 <- 0x00000000B504F000
mem[X,0x0000000080041058] -> 0x0513
mem[X,0x000000008004105A] -> 0x3345
[10727] [M]: 0x0000000080041058 (0x33450513) addi a0, a0, 820
x10 <- 0x00000000B504F334
mem[X,0x000000008004105C] -> 0x0593
mem[X,0x000000008004105E] -> 0x0020
[10728] [M]: 0x000000008004105C (0x00200593) addi a1, zero, 2
x11 <- 0x0000000000000002
mem[X,0x0000000080041060] -> 0x0113
mem[X,0x0000000080041062] -> 0x0000
[10729] [M]: 0x0000000080041060 (0x00000113) addi sp, zero, 0
x2 <- 0x0000000000000000
mem[X,0x0000000080041064] -> 0x006F
mem[X,0x0000000080041066] -> 0x00C0
[10730] [M]: 0x0000000080041064 (0x00C0006F) jal zero, 12
mem[X,0x0000000080041070] -> 0x5CE3
mem[X,0x0000000080041072] -> 0xFEB5
[10731] [M]: 0x0000000080041070 (0xFEB55CE3) bge a0, a1, 8184
mem[X,0x0000000080041068] -> 0x0113
mem[X,0x000000008004106A] -> 0x0011
[10732] [M]: 0x0000000080041068 (0x00110113) addi sp, sp, 1
x2 <- 0x0000000000000001
mem[X,0x000000008004106C] -> 0x006F
mem[X,0x000000008004106E] -> 0x0180
[10733] [M]: 0x000000008004106C (0x0180006F) jal zero, 24
mem[X,0x0000000080041084] -> 0xB423
mem[X,0x0000000080041086] -> 0x3620
[10734] [M]: 0x0000000080041084 (0x3620B423) sd sp, 872(ra)
mem[0x000000008004A538] <- 0x0000000000000001
mem[X,0x0000000080041088] -> 0x0537
mem[X,0x000000008004108A] -> 0x0000
[10735] [M]: 0x0000000080041088 (0x00000537) lui a0, 0
x10 <- 0x0000000000000000
mem[X,0x000000008004108C] -> 0x0513
mem[X,0x000000008004108E] -> 0x0005
[10736] [M]: 0x000000008004108C (0x00050513) addi a0, a0, 0
x10 <- 0x0000000000000000
mem[X,0x0000000080041090] -> 0x1513
mem[X,0x0000000080041092] -> 0x00B5
[10737] [M]: 0x0000000080041090 (0x00B51513) slli a0, a0, 11
x10 <- 0x0000000000000000
mem[X,0x0000000080041094] -> 0x0513
mem[X,0x0000000080041096] -> 0x5A85
[10738] [M]: 0x0000000080041094 (0x5A850513) addi a0, a0, 1448
x10 <- 0x00000000000005A8
mem[X,0x0000000080041098] -> 0x1513
mem[X,0x000000008004109A] -> 0x00B5
[10739] [M]: 0x0000000080041098 (0x00B51513) slli a0, a0, 11
x10 <- 0x00000000002D4000
mem[X,0x000000008004109C] -> 0x0513
mem[X,0x000000008004109E] -> 0x13C5
[10740] [M]: 0x000000008004109C (0x13C50513) addi a0, a0, 316
x10 <- 0x00000000002D413C
mem[X,0x00000000800410A0] -> 0x1513
mem[X,0x00000000800410A2] -> 0x00A5
[10741] [M]: 0x00000000800410A0 (0x00A51513) slli a0, a0, 10
x10 <- 0x00000000B504F000
mem[X,0x00000000800410A4] -> 0x0513
mem[X,0x00000000800410A6] -> 0x3345
[10742] [M]: 0x00000000800410A4 (0x33450513) addi a0, a0, 820
x10 <- 0x00000000B504F334
mem[X,0x00000000800410A8] -> 0x55B7
mem[X,0x00000000800410AA] -> 0x5555
[10743] [M]: 0x00000000800410A8 (0x555555B7) lui a1, 349525
x11 <- 0x0000000055555000
mem[X,0x00000000800410AC] -> 0x8593
mem[X,0x00000000800410AE] -> 0x5555
[10744] [M]: 0x00000000800410AC (0x55558593) addi a1, a1, 1365
x11 <- 0x0000000055555555
mem[X,0x00000000800410B0] -> 0x9593
mem[X,0x00000000800410B2] -> 0x00B5
[10745] [M]: 0x00000000800410B0 (0x00B59593) slli a1, a1, 11
x11 <- 0x000002AAAAAAA800
mem[X,0x00000000800410B4] -> 0x8593
mem[X,0x00000000800410B6] -> 0x2AA5
[10746] [M]: 0x00000000800410B4 (0x2AA58593) addi a1, a1, 682
x11 <- 0x000002AAAAAAAAAA
mem[X,0x00000000800410B8] -> 0x9593
mem[X,0x00000000800410BA] -> 0x00B5
[10747] [M]: 0x00000000800410B8 (0x00B59593) slli a1, a1, 11
x11 <- 0x0015555555555000
mem[X,0x00000000800410BC] -> 0x8593
mem[X,0x00000000800410BE] -> 0x5555
[10748] [M]: 0x00000000800410BC (0x55558593) addi a1, a1, 1365
x11 <- 0x0015555555555555
mem[X,0x00000000800410C0] -> 0x9593
mem[X,0x00000000800410C2] -> 0x00A5
[10749] [M]: 0x00000000800410C0 (0x00A59593) slli a1, a1, 10
x11 <- 0x5555555555555400
mem[X,0x00000000800410C4] -> 0x8593
mem[X,0x00000000800410C6] -> 0x1545
[10750] [M]: 0x00000000800410C4 (0x15458593) addi a1, a1, 340
x11 <- 0x5555555555555554
mem[X,0x00000000800410C8] -> 0x0113
mem[X,0x00000000800410CA] -> 0x0000
[10751] [M]: 0x00000000800410C8 (0x00000113) addi sp, zero, 0
x2 <- 0x0000000000000000
mem[X,0x00000000800410CC] -> 0x006F
mem[X,0x00000000800410CE] -> 0x00C0
[10752] [M]: 0x00000000800410CC (0x00C0006F) jal zero, 12
mem[X,0x00000000800410D8] -> 0x5CE3
mem[X,0x00000000800410DA] -> 0xFEB5
[10753] [M]: 0x00000000800410D8 (0xFEB55CE3) bge a0, a1, 8184
mem[X,0x00000000800410DC] -> 0x0113
mem[X,0x00000000800410DE] -> 0x0021
[10754] [M]: 0x00000000800410DC (0x00210113) addi sp, sp, 2
x2 <- 0x0000000000000002
mem[X,0x00000000800410E0] -> 0x006F
mem[X,0x00000000800410E2] -> 0x00C0
[10755] [M]: 0x00000000800410E0 (0x00C0006F) jal zero, 12
mem[X,0x00000000800410EC] -> 0xB823
mem[X,0x00000000800410EE] -> 0x3620
[10756] [M]: 0x00000000800410EC (0x3620B823) sd sp, 880(ra)
mem[0x000000008004A540] <- 0x0000000000000002
mem[X,0x00000000800410F0] -> 0x0537
mem[X,0x00000000800410F2] -> 0x0000
[10757] [M]: 0x00000000800410F0 (0x00000537) lui a0, 0
x10 <- 0x0000000000000000
mem[X,0x00000000800410F4] -> 0x0513
mem[X,0x00000000800410F6] -> 0x0005
[10758] [M]: 0x00000000800410F4 (0x00050513) addi a0, a0, 0
x10 <- 0x0000000000000000
mem[X,0x00000000800410F8] -> 0x1513
mem[X,0x00000000800410FA] -> 0x00B5
[10759] [M]: 0x00000000800410F8 (0x00B51513) slli a0, a0, 11
x10 <- 0x0000000000000000
mem[X,0x00000000800410FC] -> 0x0513
mem[X,0x00000000800410FE] -> 0x5A85
[10760] [M]: 0x00000000800410FC (0x5A850513) addi a0, a0, 1448
x10 <- 0x00000000000005A8
mem[X,0x0000000080041100] -> 0x1513
mem[X,0x0000000080041102] -> 0x00B5
[10761] [M]: 0x0000000080041100 (0x00B51513) slli a0, a0, 11
x10 <- 0x00000000002D4000
mem[X,0x0000000080041104] -> 0x0513
mem[X,0x0000000080041106] -> 0x13C5
[10762] [M]: 0x0000000080041104 (0x13C50513) addi a0, a0, 316
x10 <- 0x00000000002D413C
mem[X,0x0000000080041108] -> 0x1513
mem[X,0x000000008004110A] -> 0x00A5
[10763] [M]: 0x0000000080041108 (0x00A51513) slli a0, a0, 10
x10 <- 0x00000000B504F000
mem[X,0x000000008004110C] -> 0x0513
mem[X,0x000000008004110E] -> 0x3345
[10764] [M]: 0x000000008004110C (0x33450513) addi a0, a0, 820
x10 <- 0x00000000B504F334
mem[X,0x0000000080041110] -> 0x0593
mem[X,0x0000000080041112] -> 0x0000
[10765] [M]: 0x0000000080041110 (0x00000593) addi a1, zero, 0
x11 <- 0x0000000000000000
mem[X,0x0000000080041114] -> 0x0113
mem[X,0x0000000080041116] -> 0x0000
[10766] [M]: 0x0000000080041114 (0x00000113) addi sp, zero, 0
x2 <- 0x0000000000000000
mem[X,0x0000000080041118] -> 0x006F
mem[X,0x000000008004111A] -> 0x00C0
[10767] [M]: 0x0000000080041118 (0x00C0006F) jal zero, 12
mem[X,0x0000000080041124] -> 0x5063
mem[X,0x0000000080041126] -> 0x20B5
[10768] [M]: 0x0000000080041124 (0x20B55063) bge a0, a1, 512
mem[X,0x0000000080041324] -> 0x0113
mem[X,0x0000000080041326] -> 0x0031
[10769] [M]: 0x0000000080041324 (0x00310113) addi sp, sp, 3
x2 <- 0x0000000000000003
mem[X,0x0000000080041328] -> 0x006F
mem[X,0x000000008004132A] -> 0x0040
[10770] [M]: 0x0000000080041328 (0x0040006F) jal zero, 4
mem[X,0x000000008004132C] -> 0xBC23
mem[X,0x000000008004132E] -> 0x3620
[10771] [M]: 0x000000008004132C (0x3620BC23) sd sp, 888(ra)
mem[0x000000008004A548] <- 0x0000000000000003
mem[X,0x0000000080041330] -> 0x0537
mem[X,0x0000000080041332] -> 0x0000
[10772] [M]: 0x0000000080041330 (0x00000537) lui a0, 0
x10 <- 0x0000000000000000
mem[X,0x0000000080041334] -> 0x0513
mem[X,0x0000000080041336] -> 0x0005
[10773] [M]: 0x0000000080041334 (0x00050513) addi a0, a0, 0
x10 <- 0x0000000000000000
mem[X,0x0000000080041338] -> 0x1513
mem[X,0x000000008004133A] -> 0x00B5
[10774] [M]: 0x0000000080041338 (0x00B51513) slli a0, a0, 11
x10 <- 0x0000000000000000
mem[X,0x000000008004133C] -> 0x0513
mem[X,0x000000008004133E] -> 0x5A85
[10775] [M]: 0x000000008004133C (0x5A850513) addi a0, a0, 1448
x10 <- 0x00000000000005A8
mem[X,0x0000000080041340] -> 0x1513
mem[X,0x0000000080041342] -> 0x00B5
[10776] [M]: 0x0000000080041340 (0x00B51513) slli a0, a0, 11
x10 <- 0x00000000002D4000
mem[X,0x0000000080041344] -> 0x0513
mem[X,0x0000000080041346] -> 0x13C5
[10777] [M]: 0x0000000080041344 (0x13C50513) addi a0, a0, 316
x10 <- 0x00000000002D413C
mem[X,0x0000000080041348] -> 0x1513
mem[X,0x000000008004134A] -> 0x00A5
[10778] [M]: 0x0000000080041348 (0x00A51513) slli a0, a0, 10
x10 <- 0x00000000B504F000
mem[X,0x000000008004134C] -> 0x0513
mem[X,0x000000008004134E] -> 0x3345
[10779] [M]: 0x000000008004134C (0x33450513) addi a0, a0, 820
x10 <- 0x00000000B504F334
mem[X,0x0000000080041350] -> 0x0593
mem[X,0x0000000080041352] -> 0x0040
[10780] [M]: 0x0000000080041350 (0x00400593) addi a1, zero, 4
x11 <- 0x0000000000000004
mem[X,0x0000000080041354] -> 0x0113
mem[X,0x0000000080041356] -> 0x0000
[10781] [M]: 0x0000000080041354 (0x00000113) addi sp, zero, 0
x2 <- 0x0000000000000000
mem[X,0x0000000080041358] -> 0x006F
mem[X,0x000000008004135A] -> 0x2B10
[10782] [M]: 0x0000000080041358 (0x2B10006F) jal zero, 2736
mem[X,0x0000000080041E08] -> 0x5A63
mem[X,0x0000000080041E0A] -> 0xD4B5
[10783] [M]: 0x0000000080041E08 (0xD4B55A63) bge a0, a1, 5460
mem[X,0x000000008004135C] -> 0x0113
mem[X,0x000000008004135E] -> 0x0011
[10784] [M]: 0x000000008004135C (0x00110113) addi sp, sp, 1
x2 <- 0x0000000000000001
mem[X,0x0000000080041360] -> 0x006F
mem[X,0x0000000080041362] -> 0x2BD0
[10785] [M]: 0x0000000080041360 (0x2BD0006F) jal zero, 2748
mem[X,0x0000000080041E1C] -> 0xB023
mem[X,0x0000000080041E1E] -> 0x3820
[10786] [M]: 0x0000000080041E1C (0x3820B023) sd sp, 896(ra)
mem[0x000000008004A550] <- 0x0000000000000001
mem[X,0x0000000080041E20] -> 0x0537
mem[X,0x0000000080041E22] -> 0x0000
[10787] [M]: 0x0000000080041E20 (0x00000537) lui a0, 0
x10 <- 0x0000000000000000
mem[X,0x0000000080041E24] -> 0x0513
mem[X,0x0000000080041E26] -> 0x0005
[10788] [M]: 0x0000000080041E24 (0x00050513) addi a0, a0, 0
x10 <- 0x0000000000000000
mem[X,0x0000000080041E28] -> 0x1513
mem[X,0x0000000080041E2A] -> 0x00B5
[10789] [M]: 0x0000000080041E28 (0x00B51513) slli a0, a0, 11
x10 <- 0x0000000000000000
mem[X,0x0000000080041E2C] -> 0x0513
mem[X,0x0000000080041E2E] -> 0x5A85
[10790] [M]: 0x0000000080041E2C (0x5A850513) addi a0, a0, 1448
x10 <- 0x00000000000005A8
mem[X,0x0000000080041E30] -> 0x1513
mem[X,0x0000000080041E32] -> 0x00B5
[10791] [M]: 0x0000000080041E30 (0x00B51513) slli a0, a0, 11
x10 <- 0x00000000002D4000
mem[X,0x0000000080041E34] -> 0x0513
mem[X,0x0000000080041E36] -> 0x13C5
[10792] [M]: 0x0000000080041E34 (0x13C50513) addi a0, a0, 316
x10 <- 0x00000000002D413C
mem[X,0x0000000080041E38] -> 0x1513
mem[X,0x0000000080041E3A] -> 0x00A5
[10793] [M]: 0x0000000080041E38 (0x00A51513) slli a0, a0, 10
x10 <- 0x00000000B504F000
mem[X,0x0000000080041E3C] -> 0x0513
mem[X,0x0000000080041E3E] -> 0x3345
[10794] [M]: 0x0000000080041E3C (0x33450513) addi a0, a0, 820
x10 <- 0x00000000B504F334
mem[X,0x0000000080041E40] -> 0x35B7
mem[X,0x0000000080041E42] -> 0x3333
[10795] [M]: 0x0000000080041E40 (0x333335B7) lui a1, 209715
x11 <- 0x0000000033333000
mem[X,0x0000000080041E44] -> 0x8593
mem[X,0x0000000080041E46] -> 0x3335
[10796] [M]: 0x0000000080041E44 (0x33358593) addi a1, a1, 819
x11 <- 0x0000000033333333
mem[X,0x0000000080041E48] -> 0x9593
mem[X,0x0000000080041E4A] -> 0x00B5
[10797] [M]: 0x0000000080041E48 (0x00B59593) slli a1, a1, 11
x11 <- 0x0000019999999800
mem[X,0x0000000080041E4C] -> 0x8593
mem[X,0x0000000080041E4E] -> 0x1995
[10798] [M]: 0x0000000080041E4C (0x19958593) addi a1, a1, 409
x11 <- 0x0000019999999999
mem[X,0x0000000080041E50] -> 0x9593
mem[X,0x0000000080041E52] -> 0x00B5
[10799] [M]: 0x0000000080041E50 (0x00B59593) slli a1, a1, 11
x11 <- 0x000CCCCCCCCCC800
clint::tick mtime <- 0x000000000000006C
 clint timer pending at mtime 0x000000000000006C
htif::tick 0x0000000000000000
mem[X,0x0000000080041E54] -> 0x8593
mem[X,0x0000000080041E56] -> 0x4CC5
[10800] [M]: 0x0000000080041E54 (0x4CC58593) addi a1, a1, 1228
x11 <- 0x000CCCCCCCCCCCCC
mem[X,0x0000000080041E58] -> 0x9593
mem[X,0x0000000080041E5A] -> 0x00A5
[10801] [M]: 0x0000000080041E58 (0x00A59593) slli a1, a1, 10
x11 <- 0x3333333333333000
mem[X,0x0000000080041E5C] -> 0x8593
mem[X,0x0000000080041E5E] -> 0x3325
[10802] [M]: 0x0000000080041E5C (0x33258593) addi a1, a1, 818
x11 <- 0x3333333333333332
mem[X,0x0000000080041E60] -> 0x0113
mem[X,0x0000000080041E62] -> 0x0000
[10803] [M]: 0x0000000080041E60 (0x00000113) addi sp, zero, 0
x2 <- 0x0000000000000000
mem[X,0x0000000080041E64] -> 0x006F
mem[X,0x0000000080041E66] -> 0x00C0
[10804] [M]: 0x0000000080041E64 (0x00C0006F) jal zero, 12
mem[X,0x0000000080041E70] -> 0x5663
mem[X,0x0000000080041E72] -> 0x00B5
[10805] [M]: 0x0000000080041E70 (0x00B55663) bge a0, a1, 12
mem[X,0x0000000080041E74] -> 0x0113
mem[X,0x0000000080041E76] -> 0x0021
[10806] [M]: 0x0000000080041E74 (0x00210113) addi sp, sp, 2
x2 <- 0x0000000000000002
mem[X,0x0000000080041E78] -> 0x006F
mem[X,0x0000000080041E7A] -> 0x00C0
[10807] [M]: 0x0000000080041E78 (0x00C0006F) jal zero, 12
mem[X,0x0000000080041E84] -> 0xB423
mem[X,0x0000000080041E86] -> 0x3820
[10808] [M]: 0x0000000080041E84 (0x3820B423) sd sp, 904(ra)
mem[0x000000008004A558] <- 0x0000000000000002
mem[X,0x0000000080041E88] -> 0x0537
mem[X,0x0000000080041E8A] -> 0x0000
[10809] [M]: 0x0000000080041E88 (0x00000537) lui a0, 0
x10 <- 0x0000000000000000
mem[X,0x0000000080041E8C] -> 0x0513
mem[X,0x0000000080041E8E] -> 0x0005
[10810] [M]: 0x0000000080041E8C (0x00050513) addi a0, a0, 0
x10 <- 0x0000000000000000
mem[X,0x0000000080041E90] -> 0x1513
mem[X,0x0000000080041E92] -> 0x00B5
[10811] [M]: 0x0000000080041E90 (0x00B51513) slli a0, a0, 11
x10 <- 0x0000000000000000
mem[X,0x0000000080041E94] -> 0x0513
mem[X,0x0000000080041E96] -> 0x5A85
[10812] [M]: 0x0000000080041E94 (0x5A850513) addi a0, a0, 1448
x10 <- 0x00000000000005A8
mem[X,0x0000000080041E98] -> 0x1513
mem[X,0x0000000080041E9A] -> 0x00B5
[10813] [M]: 0x0000000080041E98 (0x00B51513) slli a0, a0, 11
x10 <- 0x00000000002D4000
mem[X,0x0000000080041E9C] -> 0x0513
mem[X,0x0000000080041E9E] -> 0x13C5
[10814] [M]: 0x0000000080041E9C (0x13C50513) addi a0, a0, 316
x10 <- 0x00000000002D413C
mem[X,0x0000000080041EA0] -> 0x1513
mem[X,0x0000000080041EA2] -> 0x00A5
[10815] [M]: 0x0000000080041EA0 (0x00A51513) slli a0, a0, 10
x10 <- 0x00000000B504F000
mem[X,0x0000000080041EA4] -> 0x0513
mem[X,0x0000000080041EA6] -> 0x3345
[10816] [M]: 0x0000000080041EA4 (0x33450513) addi a0, a0, 820
x10 <- 0x00000000B504F334
mem[X,0x0000000080041EA8] -> 0x65B7
mem[X,0x0000000080041EAA] -> 0x6666
[10817] [M]: 0x0000000080041EA8 (0x666665B7) lui a1, 419430
x11 <- 0x0000000066666000
mem[X,0x0000000080041EAC] -> 0x8593
mem[X,0x0000000080041EAE] -> 0x6665
[10818] [M]: 0x0000000080041EAC (0x66658593) addi a1, a1, 1638
x11 <- 0x0000000066666666
mem[X,0x0000000080041EB0] -> 0x9593
mem[X,0x0000000080041EB2] -> 0x00B5
[10819] [M]: 0x0000000080041EB0 (0x00B59593) slli a1, a1, 11
x11 <- 0x0000033333333000
mem[X,0x0000000080041EB4] -> 0x8593
mem[X,0x0000000080041EB6] -> 0x3335
[10820] [M]: 0x0000000080041EB4 (0x33358593) addi a1, a1, 819
x11 <- 0x0000033333333333
mem[X,0x0000000080041EB8] -> 0x9593
mem[X,0x0000000080041EBA] -> 0x00B5
[10821] [M]: 0x0000000080041EB8 (0x00B59593) slli a1, a1, 11
x11 <- 0x0019999999999800
mem[X,0x0000000080041EBC] -> 0x8593
mem[X,0x0000000080041EBE] -> 0x1995
[10822] [M]: 0x0000000080041EBC (0x19958593) addi a1, a1, 409
x11 <- 0x0019999999999999
mem[X,0x0000000080041EC0] -> 0x9593
mem[X,0x0000000080041EC2] -> 0x00A5
[10823] [M]: 0x0000000080041EC0 (0x00A59593) slli a1, a1, 10
x11 <- 0x6666666666666400
mem[X,0x0000000080041EC4] -> 0x8593
mem[X,0x0000000080041EC6] -> 0x2655
[10824] [M]: 0x0000000080041EC4 (0x26558593) addi a1, a1, 613
x11 <- 0x6666666666666665
mem[X,0x0000000080041EC8] -> 0x0113
mem[X,0x0000000080041ECA] -> 0x0000
[10825] [M]: 0x0000000080041EC8 (0x00000113) addi sp, zero, 0
x2 <- 0x0000000000000000
mem[X,0x0000000080041ECC] -> 0x006F
mem[X,0x0000000080041ECE] -> 0x00C0
[10826] [M]: 0x0000000080041ECC (0x00C0006F) jal zero, 12
mem[X,0x0000000080041ED8] -> 0x5063
mem[X,0x0000000080041EDA] -> 0x10B5
[10827] [M]: 0x0000000080041ED8 (0x10B55063) bge a0, a1, 256
mem[X,0x0000000080041EDC] -> 0x0113
mem[X,0x0000000080041EDE] -> 0x0021
[10828] [M]: 0x0000000080041EDC (0x00210113) addi sp, sp, 2
x2 <- 0x0000000000000002
mem[X,0x0000000080041EE0] -> 0x006F
mem[X,0x0000000080041EE2] -> 0x1000
[10829] [M]: 0x0000000080041EE0 (0x1000006F) jal zero, 256
mem[X,0x0000000080041FE0] -> 0xB823
mem[X,0x0000000080041FE2] -> 0x3820
[10830] [M]: 0x0000000080041FE0 (0x3820B823) sd sp, 912(ra)
mem[0x000000008004A560] <- 0x0000000000000002
mem[X,0x0000000080041FE4] -> 0x0537
mem[X,0x0000000080041FE6] -> 0x0000
[10831] [M]: 0x0000000080041FE4 (0x00000537) lui a0, 0
x10 <- 0x0000000000000000
mem[X,0x0000000080041FE8] -> 0x0513
mem[X,0x0000000080041FEA] -> 0x0005
[10832] [M]: 0x0000000080041FE8 (0x00050513) addi a0, a0, 0
x10 <- 0x0000000000000000
mem[X,0x0000000080041FEC] -> 0x1513
mem[X,0x0000000080041FEE] -> 0x00B5
[10833] [M]: 0x0000000080041FEC (0x00B51513) slli a0, a0, 11
x10 <- 0x0000000000000000
mem[X,0x0000000080041FF0] -> 0x0513
mem[X,0x0000000080041FF2] -> 0x5A85
[10834] [M]: 0x0000000080041FF0 (0x5A850513) addi a0, a0, 1448
x10 <- 0x00000000000005A8
mem[X,0x0000000080041FF4] -> 0x1513
mem[X,0x0000000080041FF6] -> 0x00B5
[10835] [M]: 0x0000000080041FF4 (0x00B51513) slli a0, a0, 11
x10 <- 0x00000000002D4000
mem[X,0x0000000080041FF8] -> 0x0513
mem[X,0x0000000080041FFA] -> 0x13C5
[10836] [M]: 0x0000000080041FF8 (0x13C50513) addi a0, a0, 316
x10 <- 0x00000000002D413C
mem[X,0x0000000080041FFC] -> 0x1513
mem[X,0x0000000080041FFE] -> 0x00A5
[10837] [M]: 0x0000000080041FFC (0x00A51513) slli a0, a0, 10
x10 <- 0x00000000B504F000
mem[X,0x0000000080042000] -> 0x0513
mem[X,0x0000000080042002] -> 0x3345
[10838] [M]: 0x0000000080042000 (0x33450513) addi a0, a0, 820
x10 <- 0x00000000B504F334
mem[X,0x0000000080042004] -> 0x05B7
mem[X,0x0000000080042006] -> 0x0000
[10839] [M]: 0x0000000080042004 (0x000005B7) lui a1, 0
x11 <- 0x0000000000000000
mem[X,0x0000000080042008] -> 0x8593
mem[X,0x000000008004200A] -> 0x0005
[10840] [M]: 0x0000000080042008 (0x00058593) addi a1, a1, 0
x11 <- 0x0000000000000000
mem[X,0x000000008004200C] -> 0x9593
mem[X,0x000000008004200E] -> 0x00B5
[10841] [M]: 0x000000008004200C (0x00B59593) slli a1, a1, 11
x11 <- 0x0000000000000000
mem[X,0x0000000080042010] -> 0x8593
mem[X,0x0000000080042012] -> 0x5A85
[10842] [M]: 0x0000000080042010 (0x5A858593) addi a1, a1, 1448
x11 <- 0x00000000000005A8
mem[X,0x0000000080042014] -> 0x9593
mem[X,0x0000000080042016] -> 0x00B5
[10843] [M]: 0x0000000080042014 (0x00B59593) slli a1, a1, 11
x11 <- 0x00000000002D4000
mem[X,0x0000000080042018] -> 0x8593
mem[X,0x000000008004201A] -> 0x13C5
[10844] [M]: 0x0000000080042018 (0x13C58593) addi a1, a1, 316
x11 <- 0x00000000002D413C
mem[X,0x000000008004201C] -> 0x9593
mem[X,0x000000008004201E] -> 0x00A5
[10845] [M]: 0x000000008004201C (0x00A59593) slli a1, a1, 10
x11 <- 0x00000000B504F000
mem[X,0x0000000080042020] -> 0x8593
mem[X,0x0000000080042022] -> 0x3325
[10846] [M]: 0x0000000080042020 (0x33258593) addi a1, a1, 818
x11 <- 0x00000000B504F332
mem[X,0x0000000080042024] -> 0x0113
mem[X,0x0000000080042026] -> 0x0000
[10847] [M]: 0x0000000080042024 (0x00000113) addi sp, zero, 0
x2 <- 0x0000000000000000
mem[X,0x0000000080042028] -> 0x006F
mem[X,0x000000008004202A] -> 0x00C0
[10848] [M]: 0x0000000080042028 (0x00C0006F) jal zero, 12
mem[X,0x0000000080042034] -> 0x5863
mem[X,0x0000000080042036] -> 0x00B5
[10849] [M]: 0x0000000080042034 (0x00B55863) bge a0, a1, 16
mem[X,0x0000000080042044] -> 0x0113
mem[X,0x0000000080042046] -> 0x0031
[10850] [M]: 0x0000000080042044 (0x00310113) addi sp, sp, 3
x2 <- 0x0000000000000003
mem[X,0x0000000080042048] -> 0x006F
mem[X,0x000000008004204A] -> 0x0040
[10851] [M]: 0x0000000080042048 (0x0040006F) jal zero, 4
mem[X,0x000000008004204C] -> 0xBC23
mem[X,0x000000008004204E] -> 0x3820
[10852] [M]: 0x000000008004204C (0x3820BC23) sd sp, 920(ra)
mem[0x000000008004A568] <- 0x0000000000000003
mem[X,0x0000000080042050] -> 0x0537
mem[X,0x0000000080042052] -> 0x0000
[10853] [M]: 0x0000000080042050 (0x00000537) lui a0, 0
x10 <- 0x0000000000000000
mem[X,0x0000000080042054] -> 0x0513
mem[X,0x0000000080042056] -> 0x0005
[10854] [M]: 0x0000000080042054 (0x00050513) addi a0, a0, 0
x10 <- 0x0000000000000000
mem[X,0x0000000080042058] -> 0x1513
mem[X,0x000000008004205A] -> 0x00B5
[10855] [M]: 0x0000000080042058 (0x00B51513) slli a0, a0, 11
x10 <- 0x0000000000000000
mem[X,0x000000008004205C] -> 0x0513
mem[X,0x000000008004205E] -> 0x5A85
[10856] [M]: 0x000000008004205C (0x5A850513) addi a0, a0, 1448
x10 <- 0x00000000000005A8
mem[X,0x0000000080042060] -> 0x1513
mem[X,0x0000000080042062] -> 0x00B5
[10857] [M]: 0x0000000080042060 (0x00B51513) slli a0, a0, 11
x10 <- 0x00000000002D4000
mem[X,0x0000000080042064] -> 0x0513
mem[X,0x0000000080042066] -> 0x13C5
[10858] [M]: 0x0000000080042064 (0x13C50513) addi a0, a0, 316
x10 <- 0x00000000002D413C
mem[X,0x0000000080042068] -> 0x1513
mem[X,0x000000008004206A] -> 0x00A5
[10859] [M]: 0x0000000080042068 (0x00A51513) slli a0, a0, 10
x10 <- 0x00000000B504F000
mem[X,0x000000008004206C] -> 0x0513
mem[X,0x000000008004206E] -> 0x3345
[10860] [M]: 0x000000008004206C (0x33450513) addi a0, a0, 820
x10 <- 0x00000000B504F334
mem[X,0x0000000080042070] -> 0x55B7
mem[X,0x0000000080042072] -> 0x5555
[10861] [M]: 0x0000000080042070 (0x555555B7) lui a1, 349525
x11 <- 0x0000000055555000
mem[X,0x0000000080042074] -> 0x8593
mem[X,0x0000000080042076] -> 0x5555
[10862] [M]: 0x0000000080042074 (0x55558593) addi a1, a1, 1365
x11 <- 0x0000000055555555
mem[X,0x0000000080042078] -> 0x9593
mem[X,0x000000008004207A] -> 0x00B5
[10863] [M]: 0x0000000080042078 (0x00B59593) slli a1, a1, 11
x11 <- 0x000002AAAAAAA800
mem[X,0x000000008004207C] -> 0x8593
mem[X,0x000000008004207E] -> 0x2AA5
[10864] [M]: 0x000000008004207C (0x2AA58593) addi a1, a1, 682
x11 <- 0x000002AAAAAAAAAA
mem[X,0x0000000080042080] -> 0x9593
mem[X,0x0000000080042082] -> 0x00B5
[10865] [M]: 0x0000000080042080 (0x00B59593) slli a1, a1, 11
x11 <- 0x0015555555555000
mem[X,0x0000000080042084] -> 0x8593
mem[X,0x0000000080042086] -> 0x5555
[10866] [M]: 0x0000000080042084 (0x55558593) addi a1, a1, 1365
x11 <- 0x0015555555555555
mem[X,0x0000000080042088] -> 0x9593
mem[X,0x000000008004208A] -> 0x00A5
[10867] [M]: 0x0000000080042088 (0x00A59593) slli a1, a1, 10
x11 <- 0x5555555555555400
mem[X,0x000000008004208C] -> 0x8593
mem[X,0x000000008004208E] -> 0x1565
[10868] [M]: 0x000000008004208C (0x15658593) addi a1, a1, 342
x11 <- 0x5555555555555556
mem[X,0x0000000080042090] -> 0x0113
mem[X,0x0000000080042092] -> 0x0000
[10869] [M]: 0x0000000080042090 (0x00000113) addi sp, zero, 0
x2 <- 0x0000000000000000
mem[X,0x0000000080042094] -> 0x006F
mem[X,0x0000000080042096] -> 0x0140
[10870] [M]: 0x0000000080042094 (0x0140006F) jal zero, 20
mem[X,0x00000000800420A8] -> 0x58E3
mem[X,0x00000000800420AA] -> 0xFEB5
[10871] [M]: 0x00000000800420A8 (0xFEB558E3) bge a0, a1, 8176
mem[X,0x00000000800420AC] -> 0x0113
mem[X,0x00000000800420AE] -> 0x0021
[10872] [M]: 0x00000000800420AC (0x00210113) addi sp, sp, 2
x2 <- 0x0000000000000002
mem[X,0x00000000800420B0] -> 0x006F
mem[X,0x00000000800420B2] -> 0x00C0
[10873] [M]: 0x00000000800420B0 (0x00C0006F) jal zero, 12
mem[X,0x00000000800420BC] -> 0xB023
mem[X,0x00000000800420BE] -> 0x3A20
[10874] [M]: 0x00000000800420BC (0x3A20B023) sd sp, 928(ra)
mem[0x000000008004A570] <- 0x0000000000000002
mem[X,0x00000000800420C0] -> 0x0537
mem[X,0x00000000800420C2] -> 0x0000
[10875] [M]: 0x00000000800420C0 (0x00000537) lui a0, 0
x10 <- 0x0000000000000000
mem[X,0x00000000800420C4] -> 0x0513
mem[X,0x00000000800420C6] -> 0x0005
[10876] [M]: 0x00000000800420C4 (0x00050513) addi a0, a0, 0
x10 <- 0x0000000000000000
mem[X,0x00000000800420C8] -> 0x1513
mem[X,0x00000000800420CA] -> 0x00B5
[10877] [M]: 0x00000000800420C8 (0x00B51513) slli a0, a0, 11
x10 <- 0x0000000000000000
mem[X,0x00000000800420CC] -> 0x0513
mem[X,0x00000000800420CE] -> 0x5A85
[10878] [M]: 0x00000000800420CC (0x5A850513) addi a0, a0, 1448
x10 <- 0x00000000000005A8
mem[X,0x00000000800420D0] -> 0x1513
mem[X,0x00000000800420D2] -> 0x00B5
[10879] [M]: 0x00000000800420D0 (0x00B51513) slli a0, a0, 11
x10 <- 0x00000000002D4000
mem[X,0x00000000800420D4] -> 0x0513
mem[X,0x00000000800420D6] -> 0x13C5
[10880] [M]: 0x00000000800420D4 (0x13C50513) addi a0, a0, 316
x10 <- 0x00000000002D413C
mem[X,0x00000000800420D8] -> 0x1513
mem[X,0x00000000800420DA] -> 0x00A5
[10881] [M]: 0x00000000800420D8 (0x00A51513) slli a0, a0, 10
x10 <- 0x00000000B504F000
mem[X,0x00000000800420DC] -> 0x0513
mem[X,0x00000000800420DE] -> 0x3345
[10882] [M]: 0x00000000800420DC (0x33450513) addi a0, a0, 820
x10 <- 0x00000000B504F334
mem[X,0x00000000800420E0] -> 0xB5B7
mem[X,0x00000000800420E2] -> 0xAAAA
[10883] [M]: 0x00000000800420E0 (0xAAAAB5B7) lui a1, 699051
x11 <- 0xFFFFFFFFAAAAB000
mem[X,0x00000000800420E4] -> 0x8593
mem[X,0x00000000800420E6] -> 0xAAA5
[10884] [M]: 0x00000000800420E4 (0xAAA58593) addi a1, a1, 2730
x11 <- 0xFFFFFFFFAAAAAAAA
mem[X,0x00000000800420E8] -> 0x9593
mem[X,0x00000000800420EA] -> 0x00B5
[10885] [M]: 0x00000000800420E8 (0x00B59593) slli a1, a1, 11
x11 <- 0xFFFFFD5555555000
mem[X,0x00000000800420EC] -> 0x8593
mem[X,0x00000000800420EE] -> 0x5555
[10886] [M]: 0x00000000800420EC (0x55558593) addi a1, a1, 1365
x11 <- 0xFFFFFD5555555555
mem[X,0x00000000800420F0] -> 0x9593
mem[X,0x00000000800420F2] -> 0x00B5
[10887] [M]: 0x00000000800420F0 (0x00B59593) slli a1, a1, 11
x11 <- 0xFFEAAAAAAAAAA800
mem[X,0x00000000800420F4] -> 0x8593
mem[X,0x00000000800420F6] -> 0x2AA5
[10888] [M]: 0x00000000800420F4 (0x2AA58593) addi a1, a1, 682
x11 <- 0xFFEAAAAAAAAAAAAA
mem[X,0x00000000800420F8] -> 0x9593
mem[X,0x00000000800420FA] -> 0x00A5
[10889] [M]: 0x00000000800420F8 (0x00A59593) slli a1, a1, 10
x11 <- 0xAAAAAAAAAAAAA800
mem[X,0x00000000800420FC] -> 0x8593
mem[X,0x00000000800420FE] -> 0x2AB5
[10890] [M]: 0x00000000800420FC (0x2AB58593) addi a1, a1, 683
x11 <- 0xAAAAAAAAAAAAAAAB
mem[X,0x0000000080042100] -> 0x0113
mem[X,0x0000000080042102] -> 0x0000
[10891] [M]: 0x0000000080042100 (0x00000113) addi sp, zero, 0
x2 <- 0x0000000000000000
mem[X,0x0000000080042104] -> 0x006F
mem[X,0x0000000080042106] -> 0x2B10
[10892] [M]: 0x0000000080042104 (0x2B10006F) jal zero, 2736
mem[X,0x0000000080042BB4] -> 0x5A63
mem[X,0x0000000080042BB6] -> 0xD4B5
[10893] [M]: 0x0000000080042BB4 (0xD4B55A63) bge a0, a1, 5460
mem[X,0x0000000080042108] -> 0x0113
mem[X,0x000000008004210A] -> 0x0011
[10894] [M]: 0x0000000080042108 (0x00110113) addi sp, sp, 1
x2 <- 0x0000000000000001
mem[X,0x000000008004210C] -> 0x006F
mem[X,0x000000008004210E] -> 0x2BD0
[10895] [M]: 0x000000008004210C (0x2BD0006F) jal zero, 2748
mem[X,0x0000000080042BC8] -> 0xB423
mem[X,0x0000000080042BCA] -> 0x3A20
[10896] [M]: 0x0000000080042BC8 (0x3A20B423) sd sp, 936(ra)
mem[0x000000008004A578] <- 0x0000000000000001
mem[X,0x0000000080042BCC] -> 0x0537
mem[X,0x0000000080042BCE] -> 0x0000
[10897] [M]: 0x0000000080042BCC (0x00000537) lui a0, 0
x10 <- 0x0000000000000000
mem[X,0x0000000080042BD0] -> 0x0513
mem[X,0x0000000080042BD2] -> 0x0005
[10898] [M]: 0x0000000080042BD0 (0x00050513) addi a0, a0, 0
x10 <- 0x0000000000000000
mem[X,0x0000000080042BD4] -> 0x1513
mem[X,0x0000000080042BD6] -> 0x00B5
[10899] [M]: 0x0000000080042BD4 (0x00B51513) slli a0, a0, 11
x10 <- 0x0000000000000000
clint::tick mtime <- 0x000000000000006D
 clint timer pending at mtime 0x000000000000006D
htif::tick 0x0000000000000000
mem[X,0x0000000080042BD8] -> 0x0513
mem[X,0x0000000080042BDA] -> 0x5A85
[10900] [M]: 0x0000000080042BD8 (0x5A850513) addi a0, a0, 1448
x10 <- 0x00000000000005A8
mem[X,0x0000000080042BDC] -> 0x1513
mem[X,0x0000000080042BDE] -> 0x00B5
[10901] [M]: 0x0000000080042BDC (0x00B51513) slli a0, a0, 11
x10 <- 0x00000000002D4000
mem[X,0x0000000080042BE0] -> 0x0513
mem[X,0x0000000080042BE2] -> 0x13C5
[10902] [M]: 0x0000000080042BE0 (0x13C50513) addi a0, a0, 316
x10 <- 0x00000000002D413C
mem[X,0x0000000080042BE4] -> 0x1513
mem[X,0x0000000080042BE6] -> 0x00A5
[10903] [M]: 0x0000000080042BE4 (0x00A51513) slli a0, a0, 10
x10 <- 0x00000000B504F000
mem[X,0x0000000080042BE8] -> 0x0513
mem[X,0x0000000080042BEA] -> 0x3345
[10904] [M]: 0x0000000080042BE8 (0x33450513) addi a0, a0, 820
x10 <- 0x00000000B504F334
mem[X,0x0000000080042BEC] -> 0x0593
mem[X,0x0000000080042BEE] -> 0x0060
[10905] [M]: 0x0000000080042BEC (0x00600593) addi a1, zero, 6
x11 <- 0x0000000000000006
mem[X,0x0000000080042BF0] -> 0x0113
mem[X,0x0000000080042BF2] -> 0x0000
[10906] [M]: 0x0000000080042BF0 (0x00000113) addi sp, zero, 0
x2 <- 0x0000000000000000
mem[X,0x0000000080042BF4] -> 0x006F
mem[X,0x0000000080042BF6] -> 0x00C0
[10907] [M]: 0x0000000080042BF4 (0x00C0006F) jal zero, 12
mem[X,0x0000000080042C00] -> 0x5663
mem[X,0x0000000080042C02] -> 0x00B5
[10908] [M]: 0x0000000080042C00 (0x00B55663) bge a0, a1, 12
mem[X,0x0000000080042C0C] -> 0x0113
mem[X,0x0000000080042C0E] -> 0x0031
[10909] [M]: 0x0000000080042C0C (0x00310113) addi sp, sp, 3
x2 <- 0x0000000000000003
mem[X,0x0000000080042C10] -> 0x006F
mem[X,0x0000000080042C12] -> 0x0040
[10910] [M]: 0x0000000080042C10 (0x0040006F) jal zero, 4
mem[X,0x0000000080042C14] -> 0xB823
mem[X,0x0000000080042C16] -> 0x3A20
[10911] [M]: 0x0000000080042C14 (0x3A20B823) sd sp, 944(ra)
mem[0x000000008004A580] <- 0x0000000000000003
mem[X,0x0000000080042C18] -> 0x0537
mem[X,0x0000000080042C1A] -> 0x0000
[10912] [M]: 0x0000000080042C18 (0x00000537) lui a0, 0
x10 <- 0x0000000000000000
mem[X,0x0000000080042C1C] -> 0x0513
mem[X,0x0000000080042C1E] -> 0x0005
[10913] [M]: 0x0000000080042C1C (0x00050513) addi a0, a0, 0
x10 <- 0x0000000000000000
mem[X,0x0000000080042C20] -> 0x1513
mem[X,0x0000000080042C22] -> 0x00B5
[10914] [M]: 0x0000000080042C20 (0x00B51513) slli a0, a0, 11
x10 <- 0x0000000000000000
mem[X,0x0000000080042C24] -> 0x0513
mem[X,0x0000000080042C26] -> 0x5A85
[10915] [M]: 0x0000000080042C24 (0x5A850513) addi a0, a0, 1448
x10 <- 0x00000000000005A8
mem[X,0x0000000080042C28] -> 0x1513
mem[X,0x0000000080042C2A] -> 0x00B5
[10916] [M]: 0x0000000080042C28 (0x00B51513) slli a0, a0, 11
x10 <- 0x00000000002D4000
mem[X,0x0000000080042C2C] -> 0x0513
mem[X,0x0000000080042C2E] -> 0x13C5
[10917] [M]: 0x0000000080042C2C (0x13C50513) addi a0, a0, 316
x10 <- 0x00000000002D413C
mem[X,0x0000000080042C30] -> 0x1513
mem[X,0x0000000080042C32] -> 0x00A5
[10918] [M]: 0x0000000080042C30 (0x00A51513) slli a0, a0, 10
x10 <- 0x00000000B504F000
mem[X,0x0000000080042C34] -> 0x0513
mem[X,0x0000000080042C36] -> 0x3345
[10919] [M]: 0x0000000080042C34 (0x33450513) addi a0, a0, 820
x10 <- 0x00000000B504F334
mem[X,0x0000000080042C38] -> 0x35B7
mem[X,0x0000000080042C3A] -> 0x3333
[10920] [M]: 0x0000000080042C38 (0x333335B7) lui a1, 209715
x11 <- 0x0000000033333000
mem[X,0x0000000080042C3C] -> 0x8593
mem[X,0x0000000080042C3E] -> 0x3335
[10921] [M]: 0x0000000080042C3C (0x33358593) addi a1, a1, 819
x11 <- 0x0000000033333333
mem[X,0x0000000080042C40] -> 0x9593
mem[X,0x0000000080042C42] -> 0x00B5
[10922] [M]: 0x0000000080042C40 (0x00B59593) slli a1, a1, 11
x11 <- 0x0000019999999800
mem[X,0x0000000080042C44] -> 0x8593
mem[X,0x0000000080042C46] -> 0x1995
[10923] [M]: 0x0000000080042C44 (0x19958593) addi a1, a1, 409
x11 <- 0x0000019999999999
mem[X,0x0000000080042C48] -> 0x9593
mem[X,0x0000000080042C4A] -> 0x00B5
[10924] [M]: 0x0000000080042C48 (0x00B59593) slli a1, a1, 11
x11 <- 0x000CCCCCCCCCC800
mem[X,0x0000000080042C4C] -> 0x8593
mem[X,0x0000000080042C4E] -> 0x4CC5
[10925] [M]: 0x0000000080042C4C (0x4CC58593) addi a1, a1, 1228
x11 <- 0x000CCCCCCCCCCCCC
mem[X,0x0000000080042C50] -> 0x9593
mem[X,0x0000000080042C52] -> 0x00A5
[10926] [M]: 0x0000000080042C50 (0x00A59593) slli a1, a1, 10
x11 <- 0x3333333333333000
mem[X,0x0000000080042C54] -> 0x8593
mem[X,0x0000000080042C56] -> 0x3345
[10927] [M]: 0x0000000080042C54 (0x33458593) addi a1, a1, 820
x11 <- 0x3333333333333334
mem[X,0x0000000080042C58] -> 0x0113
mem[X,0x0000000080042C5A] -> 0x0000
[10928] [M]: 0x0000000080042C58 (0x00000113) addi sp, zero, 0
x2 <- 0x0000000000000000
mem[X,0x0000000080042C5C] -> 0x006F
mem[X,0x0000000080042C5E] -> 0x00C0
[10929] [M]: 0x0000000080042C5C (0x00C0006F) jal zero, 12
mem[X,0x0000000080042C68] -> 0x5663
mem[X,0x0000000080042C6A] -> 0x00B5
[10930] [M]: 0x0000000080042C68 (0x00B55663) bge a0, a1, 12
mem[X,0x0000000080042C6C] -> 0x0113
mem[X,0x0000000080042C6E] -> 0x0021
[10931] [M]: 0x0000000080042C6C (0x00210113) addi sp, sp, 2
x2 <- 0x0000000000000002
mem[X,0x0000000080042C70] -> 0x006F
mem[X,0x0000000080042C72] -> 0x00C0
[10932] [M]: 0x0000000080042C70 (0x00C0006F) jal zero, 12
mem[X,0x0000000080042C7C] -> 0xBC23
mem[X,0x0000000080042C7E] -> 0x3A20
[10933] [M]: 0x0000000080042C7C (0x3A20BC23) sd sp, 952(ra)
mem[0x000000008004A588] <- 0x0000000000000002
mem[X,0x0000000080042C80] -> 0x0537
mem[X,0x0000000080042C82] -> 0x0000
[10934] [M]: 0x0000000080042C80 (0x00000537) lui a0, 0
x10 <- 0x0000000000000000
mem[X,0x0000000080042C84] -> 0x0513
mem[X,0x0000000080042C86] -> 0x0005
[10935] [M]: 0x0000000080042C84 (0x00050513) addi a0, a0, 0
x10 <- 0x0000000000000000
mem[X,0x0000000080042C88] -> 0x1513
mem[X,0x0000000080042C8A] -> 0x00B5
[10936] [M]: 0x0000000080042C88 (0x00B51513) slli a0, a0, 11
x10 <- 0x0000000000000000
mem[X,0x0000000080042C8C] -> 0x0513
mem[X,0x0000000080042C8E] -> 0x5A85
[10937] [M]: 0x0000000080042C8C (0x5A850513) addi a0, a0, 1448
x10 <- 0x00000000000005A8
mem[X,0x0000000080042C90] -> 0x1513
mem[X,0x0000000080042C92] -> 0x00B5
[10938] [M]: 0x0000000080042C90 (0x00B51513) slli a0, a0, 11
x10 <- 0x00000000002D4000
mem[X,0x0000000080042C94] -> 0x0513
mem[X,0x0000000080042C96] -> 0x13C5
[10939] [M]: 0x0000000080042C94 (0x13C50513) addi a0, a0, 316
x10 <- 0x00000000002D413C
mem[X,0x0000000080042C98] -> 0x1513
mem[X,0x0000000080042C9A] -> 0x00A5
[10940] [M]: 0x0000000080042C98 (0x00A51513) slli a0, a0, 10
x10 <- 0x00000000B504F000
mem[X,0x0000000080042C9C] -> 0x0513
mem[X,0x0000000080042C9E] -> 0x3345
[10941] [M]: 0x0000000080042C9C (0x33450513) addi a0, a0, 820
x10 <- 0x00000000B504F334
mem[X,0x0000000080042CA0] -> 0x65B7
mem[X,0x0000000080042CA2] -> 0x6666
[10942] [M]: 0x0000000080042CA0 (0x666665B7) lui a1, 419430
x11 <- 0x0000000066666000
mem[X,0x0000000080042CA4] -> 0x8593
mem[X,0x0000000080042CA6] -> 0x6665
[10943] [M]: 0x0000000080042CA4 (0x66658593) addi a1, a1, 1638
x11 <- 0x0000000066666666
mem[X,0x0000000080042CA8] -> 0x9593
mem[X,0x0000000080042CAA] -> 0x00B5
[10944] [M]: 0x0000000080042CA8 (0x00B59593) slli a1, a1, 11
x11 <- 0x0000033333333000
mem[X,0x0000000080042CAC] -> 0x8593
mem[X,0x0000000080042CAE] -> 0x3335
[10945] [M]: 0x0000000080042CAC (0x33358593) addi a1, a1, 819
x11 <- 0x0000033333333333
mem[X,0x0000000080042CB0] -> 0x9593
mem[X,0x0000000080042CB2] -> 0x00B5
[10946] [M]: 0x0000000080042CB0 (0x00B59593) slli a1, a1, 11
x11 <- 0x0019999999999800
mem[X,0x0000000080042CB4] -> 0x8593
mem[X,0x0000000080042CB6] -> 0x1995
[10947] [M]: 0x0000000080042CB4 (0x19958593) addi a1, a1, 409
x11 <- 0x0019999999999999
mem[X,0x0000000080042CB8] -> 0x9593
mem[X,0x0000000080042CBA] -> 0x00A5
[10948] [M]: 0x0000000080042CB8 (0x00A59593) slli a1, a1, 10
x11 <- 0x6666666666666400
mem[X,0x0000000080042CBC] -> 0x8593
mem[X,0x0000000080042CBE] -> 0x2675
[10949] [M]: 0x0000000080042CBC (0x26758593) addi a1, a1, 615
x11 <- 0x6666666666666667
mem[X,0x0000000080042CC0] -> 0x0113
mem[X,0x0000000080042CC2] -> 0x0000
[10950] [M]: 0x0000000080042CC0 (0x00000113) addi sp, zero, 0
x2 <- 0x0000000000000000
mem[X,0x0000000080042CC4] -> 0x006F
mem[X,0x0000000080042CC6] -> 0x00C0
[10951] [M]: 0x0000000080042CC4 (0x00C0006F) jal zero, 12
mem[X,0x0000000080042CD0] -> 0x5063
mem[X,0x0000000080042CD2] -> 0x08B5
[10952] [M]: 0x0000000080042CD0 (0x08B55063) bge a0, a1, 128
mem[X,0x0000000080042CD4] -> 0x0113
mem[X,0x0000000080042CD6] -> 0x0021
[10953] [M]: 0x0000000080042CD4 (0x00210113) addi sp, sp, 2
x2 <- 0x0000000000000002
mem[X,0x0000000080042CD8] -> 0x006F
mem[X,0x0000000080042CDA] -> 0x0800
[10954] [M]: 0x0000000080042CD8 (0x0800006F) jal zero, 128
mem[X,0x0000000080042D58] -> 0xB023
mem[X,0x0000000080042D5A] -> 0x3C20
[10955] [M]: 0x0000000080042D58 (0x3C20B023) sd sp, 960(ra)
mem[0x000000008004A590] <- 0x0000000000000002
mem[X,0x0000000080042D5C] -> 0x0537
mem[X,0x0000000080042D5E] -> 0x0000
[10956] [M]: 0x0000000080042D5C (0x00000537) lui a0, 0
x10 <- 0x0000000000000000
mem[X,0x0000000080042D60] -> 0x0513
mem[X,0x0000000080042D62] -> 0x0005
[10957] [M]: 0x0000000080042D60 (0x00050513) addi a0, a0, 0
x10 <- 0x0000000000000000
mem[X,0x0000000080042D64] -> 0x1513
mem[X,0x0000000080042D66] -> 0x00B5
[10958] [M]: 0x0000000080042D64 (0x00B51513) slli a0, a0, 11
x10 <- 0x0000000000000000
mem[X,0x0000000080042D68] -> 0x0513
mem[X,0x0000000080042D6A] -> 0x5A85
[10959] [M]: 0x0000000080042D68 (0x5A850513) addi a0, a0, 1448
x10 <- 0x00000000000005A8
mem[X,0x0000000080042D6C] -> 0x1513
mem[X,0x0000000080042D6E] -> 0x00B5
[10960] [M]: 0x0000000080042D6C (0x00B51513) slli a0, a0, 11
x10 <- 0x00000000002D4000
mem[X,0x0000000080042D70] -> 0x0513
mem[X,0x0000000080042D72] -> 0x13C5
[10961] [M]: 0x0000000080042D70 (0x13C50513) addi a0, a0, 316
x10 <- 0x00000000002D413C
mem[X,0x0000000080042D74] -> 0x1513
mem[X,0x0000000080042D76] -> 0x00A5
[10962] [M]: 0x0000000080042D74 (0x00A51513) slli a0, a0, 10
x10 <- 0x00000000B504F000
mem[X,0x0000000080042D78] -> 0x0513
mem[X,0x0000000080042D7A] -> 0x3345
[10963] [M]: 0x0000000080042D78 (0x33450513) addi a0, a0, 820
x10 <- 0x00000000B504F334
mem[X,0x0000000080042D7C] -> 0x05B7
mem[X,0x0000000080042D7E] -> 0x0000
[10964] [M]: 0x0000000080042D7C (0x000005B7) lui a1, 0
x11 <- 0x0000000000000000
mem[X,0x0000000080042D80] -> 0x8593
mem[X,0x0000000080042D82] -> 0xFFF5
[10965] [M]: 0x0000000080042D80 (0xFFF58593) addi a1, a1, 4095
x11 <- 0xFFFFFFFFFFFFFFFF
mem[X,0x0000000080042D84] -> 0x9593
mem[X,0x0000000080042D86] -> 0x00B5
[10966] [M]: 0x0000000080042D84 (0x00B59593) slli a1, a1, 11
x11 <- 0xFFFFFFFFFFFFF800
mem[X,0x0000000080042D88] -> 0x8593
mem[X,0x0000000080042D8A] -> 0x2575
[10967] [M]: 0x0000000080042D88 (0x25758593) addi a1, a1, 599
x11 <- 0xFFFFFFFFFFFFFA57
mem[X,0x0000000080042D8C] -> 0x9593
mem[X,0x0000000080042D8E] -> 0x00B5
[10968] [M]: 0x0000000080042D8C (0x00B59593) slli a1, a1, 11
x11 <- 0xFFFFFFFFFFD2B800
mem[X,0x0000000080042D90] -> 0x8593
mem[X,0x0000000080042D92] -> 0x6C35
[10969] [M]: 0x0000000080042D90 (0x6C358593) addi a1, a1, 1731
x11 <- 0xFFFFFFFFFFD2BEC3
mem[X,0x0000000080042D94] -> 0x9593
mem[X,0x0000000080042D96] -> 0x00A5
[10970] [M]: 0x0000000080042D94 (0x00A59593) slli a1, a1, 10
x11 <- 0xFFFFFFFF4AFB0C00
mem[X,0x0000000080042D98] -> 0x8593
mem[X,0x0000000080042D9A] -> 0x0CE5
[10971] [M]: 0x0000000080042D98 (0x0CE58593) addi a1, a1, 206
x11 <- 0xFFFFFFFF4AFB0CCE
mem[X,0x0000000080042D9C] -> 0x0113
mem[X,0x0000000080042D9E] -> 0x0000
[10972] [M]: 0x0000000080042D9C (0x00000113) addi sp, zero, 0
x2 <- 0x0000000000000000
mem[X,0x0000000080042DA0] -> 0x006F
mem[X,0x0000000080042DA2] -> 0x2B10
[10973] [M]: 0x0000000080042DA0 (0x2B10006F) jal zero, 2736
mem[X,0x0000000080043850] -> 0x5A63
mem[X,0x0000000080043852] -> 0xD4B5
[10974] [M]: 0x0000000080043850 (0xD4B55A63) bge a0, a1, 5460
mem[X,0x0000000080042DA4] -> 0x0113
mem[X,0x0000000080042DA6] -> 0x0011
[10975] [M]: 0x0000000080042DA4 (0x00110113) addi sp, sp, 1
x2 <- 0x0000000000000001
mem[X,0x0000000080042DA8] -> 0x006F
mem[X,0x0000000080042DAA] -> 0x2BD0
[10976] [M]: 0x0000000080042DA8 (0x2BD0006F) jal zero, 2748
mem[X,0x0000000080043864] -> 0xB423
mem[X,0x0000000080043866] -> 0x3C20
[10977] [M]: 0x0000000080043864 (0x3C20B423) sd sp, 968(ra)
mem[0x000000008004A598] <- 0x0000000000000001
mem[X,0x0000000080043868] -> 0x0537
mem[X,0x000000008004386A] -> 0x0000
[10978] [M]: 0x0000000080043868 (0x00000537) lui a0, 0
x10 <- 0x0000000000000000
mem[X,0x000000008004386C] -> 0x0513
mem[X,0x000000008004386E] -> 0x0005
[10979] [M]: 0x000000008004386C (0x00050513) addi a0, a0, 0
x10 <- 0x0000000000000000
mem[X,0x0000000080043870] -> 0x1513
mem[X,0x0000000080043872] -> 0x00B5
[10980] [M]: 0x0000000080043870 (0x00B51513) slli a0, a0, 11
x10 <- 0x0000000000000000
mem[X,0x0000000080043874] -> 0x0513
mem[X,0x0000000080043876] -> 0x5A85
[10981] [M]: 0x0000000080043874 (0x5A850513) addi a0, a0, 1448
x10 <- 0x00000000000005A8
mem[X,0x0000000080043878] -> 0x1513
mem[X,0x000000008004387A] -> 0x00B5
[10982] [M]: 0x0000000080043878 (0x00B51513) slli a0, a0, 11
x10 <- 0x00000000002D4000
mem[X,0x000000008004387C] -> 0x0513
mem[X,0x000000008004387E] -> 0x13C5
[10983] [M]: 0x000000008004387C (0x13C50513) addi a0, a0, 316
x10 <- 0x00000000002D413C
mem[X,0x0000000080043880] -> 0x1513
mem[X,0x0000000080043882] -> 0x00A5
[10984] [M]: 0x0000000080043880 (0x00A51513) slli a0, a0, 10
x10 <- 0x00000000B504F000
mem[X,0x0000000080043884] -> 0x0513
mem[X,0x0000000080043886] -> 0x3345
[10985] [M]: 0x0000000080043884 (0x33450513) addi a0, a0, 820
x10 <- 0x00000000B504F334
mem[X,0x0000000080043888] -> 0x05B7
mem[X,0x000000008004388A] -> 0x0000
[10986] [M]: 0x0000000080043888 (0x000005B7) lui a1, 0
x11 <- 0x0000000000000000
mem[X,0x000000008004388C] -> 0x8593
mem[X,0x000000008004388E] -> 0x0005
[10987] [M]: 0x000000008004388C (0x00058593) addi a1, a1, 0
x11 <- 0x0000000000000000
mem[X,0x0000000080043890] -> 0x9593
mem[X,0x0000000080043892] -> 0x00B5
[10988] [M]: 0x0000000080043890 (0x00B59593) slli a1, a1, 11
x11 <- 0x0000000000000000
mem[X,0x0000000080043894] -> 0x8593
mem[X,0x0000000080043896] -> 0x5A85
[10989] [M]: 0x0000000080043894 (0x5A858593) addi a1, a1, 1448
x11 <- 0x00000000000005A8
mem[X,0x0000000080043898] -> 0x9593
mem[X,0x000000008004389A] -> 0x00B5
[10990] [M]: 0x0000000080043898 (0x00B59593) slli a1, a1, 11
x11 <- 0x00000000002D4000
mem[X,0x000000008004389C] -> 0x8593
mem[X,0x000000008004389E] -> 0x13C5
[10991] [M]: 0x000000008004389C (0x13C58593) addi a1, a1, 316
x11 <- 0x00000000002D413C
mem[X,0x00000000800438A0] -> 0x9593
mem[X,0x00000000800438A2] -> 0x00A5
[10992] [M]: 0x00000000800438A0 (0x00A59593) slli a1, a1, 10
x11 <- 0x00000000B504F000
mem[X,0x00000000800438A4] -> 0x8593
mem[X,0x00000000800438A6] -> 0x3345
[10993] [M]: 0x00000000800438A4 (0x33458593) addi a1, a1, 820
x11 <- 0x00000000B504F334
mem[X,0x00000000800438A8] -> 0x0113
mem[X,0x00000000800438AA] -> 0x0000
[10994] [M]: 0x00000000800438A8 (0x00000113) addi sp, zero, 0
x2 <- 0x0000000000000000
mem[X,0x00000000800438AC] -> 0x006F
mem[X,0x00000000800438AE] -> 0x00C0
[10995] [M]: 0x00000000800438AC (0x00C0006F) jal zero, 12
mem[X,0x00000000800438B8] -> 0x5863
mem[X,0x00000000800438BA] -> 0x00B5
[10996] [M]: 0x00000000800438B8 (0x00B55863) bge a0, a1, 16
mem[X,0x00000000800438C8] -> 0x0113
mem[X,0x00000000800438CA] -> 0x0031
[10997] [M]: 0x00000000800438C8 (0x00310113) addi sp, sp, 3
x2 <- 0x0000000000000003
mem[X,0x00000000800438CC] -> 0x006F
mem[X,0x00000000800438CE] -> 0x0040
[10998] [M]: 0x00000000800438CC (0x0040006F) jal zero, 4
mem[X,0x00000000800438D0] -> 0xB823
mem[X,0x00000000800438D2] -> 0x3C20
[10999] [M]: 0x00000000800438D0 (0x3C20B823) sd sp, 976(ra)
mem[0x000000008004A5A0] <- 0x0000000000000003
clint::tick mtime <- 0x000000000000006E
 clint timer pending at mtime 0x000000000000006E
htif::tick 0x0000000000000000
mem[X,0x00000000800438D4] -> 0x0513
mem[X,0x00000000800438D6] -> 0x0000
[11000] [M]: 0x00000000800438D4 (0x00000513) addi a0, zero, 0
x10 <- 0x0000000000000000
mem[X,0x00000000800438D8] -> 0x55B7
mem[X,0x00000000800438DA] -> 0x5555
[11001] [M]: 0x00000000800438D8 (0x555555B7) lui a1, 349525
x11 <- 0x0000000055555000
mem[X,0x00000000800438DC] -> 0x8593
mem[X,0x00000000800438DE] -> 0x5555
[11002] [M]: 0x00000000800438DC (0x55558593) addi a1, a1, 1365
x11 <- 0x0000000055555555
mem[X,0x00000000800438E0] -> 0x9593
mem[X,0x00000000800438E2] -> 0x00B5
[11003] [M]: 0x00000000800438E0 (0x00B59593) slli a1, a1, 11
x11 <- 0x000002AAAAAAA800
mem[X,0x00000000800438E4] -> 0x8593
mem[X,0x00000000800438E6] -> 0x2AA5
[11004] [M]: 0x00000000800438E4 (0x2AA58593) addi a1, a1, 682
x11 <- 0x000002AAAAAAAAAA
mem[X,0x00000000800438E8] -> 0x9593
mem[X,0x00000000800438EA] -> 0x00B5
[11005] [M]: 0x00000000800438E8 (0x00B59593) slli a1, a1, 11
x11 <- 0x0015555555555000
mem[X,0x00000000800438EC] -> 0x8593
mem[X,0x00000000800438EE] -> 0x5555
[11006] [M]: 0x00000000800438EC (0x55558593) addi a1, a1, 1365
x11 <- 0x0015555555555555
mem[X,0x00000000800438F0] -> 0x9593
mem[X,0x00000000800438F2] -> 0x00A5
[11007] [M]: 0x00000000800438F0 (0x00A59593) slli a1, a1, 10
x11 <- 0x5555555555555400
mem[X,0x00000000800438F4] -> 0x8593
mem[X,0x00000000800438F6] -> 0x1545
[11008] [M]: 0x00000000800438F4 (0x15458593) addi a1, a1, 340
x11 <- 0x5555555555555554
mem[X,0x00000000800438F8] -> 0x0113
mem[X,0x00000000800438FA] -> 0x0000
[11009] [M]: 0x00000000800438F8 (0x00000113) addi sp, zero, 0
x2 <- 0x0000000000000000
mem[X,0x00000000800438FC] -> 0x006F
mem[X,0x00000000800438FE] -> 0x00C0
[11010] [M]: 0x00000000800438FC (0x00C0006F) jal zero, 12
mem[X,0x0000000080043908] -> 0x5063
mem[X,0x000000008004390A] -> 0x08B5
[11011] [M]: 0x0000000080043908 (0x08B55063) bge a0, a1, 128
mem[X,0x000000008004390C] -> 0x0113
mem[X,0x000000008004390E] -> 0x0021
[11012] [M]: 0x000000008004390C (0x00210113) addi sp, sp, 2
x2 <- 0x0000000000000002
mem[X,0x0000000080043910] -> 0x006F
mem[X,0x0000000080043912] -> 0x0800
[11013] [M]: 0x0000000080043910 (0x0800006F) jal zero, 128
mem[X,0x0000000080043990] -> 0xBC23
mem[X,0x0000000080043992] -> 0x3C20
[11014] [M]: 0x0000000080043990 (0x3C20BC23) sd sp, 984(ra)
mem[0x000000008004A5A8] <- 0x0000000000000002
mem[X,0x0000000080043994] -> 0x0513
mem[X,0x0000000080043996] -> 0x0000
[11015] [M]: 0x0000000080043994 (0x00000513) addi a0, zero, 0
x10 <- 0x0000000000000000
mem[X,0x0000000080043998] -> 0x0593
mem[X,0x000000008004399A] -> 0x0000
[11016] [M]: 0x0000000080043998 (0x00000593) addi a1, zero, 0
x11 <- 0x0000000000000000
mem[X,0x000000008004399C] -> 0x0113
mem[X,0x000000008004399E] -> 0x0000
[11017] [M]: 0x000000008004399C (0x00000113) addi sp, zero, 0
x2 <- 0x0000000000000000
mem[X,0x00000000800439A0] -> 0x006F
mem[X,0x00000000800439A2] -> 0x00C0
[11018] [M]: 0x00000000800439A0 (0x00C0006F) jal zero, 12
mem[X,0x00000000800439AC] -> 0x5063
mem[X,0x00000000800439AE] -> 0x40B5
[11019] [M]: 0x00000000800439AC (0x40B55063) bge a0, a1, 1024
mem[X,0x0000000080043DAC] -> 0x0113
mem[X,0x0000000080043DAE] -> 0x0031
[11020] [M]: 0x0000000080043DAC (0x00310113) addi sp, sp, 3
x2 <- 0x0000000000000003
mem[X,0x0000000080043DB0] -> 0x006F
mem[X,0x0000000080043DB2] -> 0x0040
[11021] [M]: 0x0000000080043DB0 (0x0040006F) jal zero, 4
mem[X,0x0000000080043DB4] -> 0xB023
mem[X,0x0000000080043DB6] -> 0x3E20
[11022] [M]: 0x0000000080043DB4 (0x3E20B023) sd sp, 992(ra)
mem[0x000000008004A5B0] <- 0x0000000000000003
mem[X,0x0000000080043DB8] -> 0x0513
mem[X,0x0000000080043DBA] -> 0x0000
[11023] [M]: 0x0000000080043DB8 (0x00000513) addi a0, zero, 0
x10 <- 0x0000000000000000
mem[X,0x0000000080043DBC] -> 0x0593
mem[X,0x0000000080043DBE] -> 0x0040
[11024] [M]: 0x0000000080043DBC (0x00400593) addi a1, zero, 4
x11 <- 0x0000000000000004
mem[X,0x0000000080043DC0] -> 0x0113
mem[X,0x0000000080043DC2] -> 0x0000
[11025] [M]: 0x0000000080043DC0 (0x00000113) addi sp, zero, 0
x2 <- 0x0000000000000000
mem[X,0x0000000080043DC4] -> 0x006F
mem[X,0x0000000080043DC6] -> 0x00C0
[11026] [M]: 0x0000000080043DC4 (0x00C0006F) jal zero, 12
mem[X,0x0000000080043DD0] -> 0x5CE3
mem[X,0x0000000080043DD2] -> 0xFEB5
[11027] [M]: 0x0000000080043DD0 (0xFEB55CE3) bge a0, a1, 8184
mem[X,0x0000000080043DD4] -> 0x0113
mem[X,0x0000000080043DD6] -> 0x0021
[11028] [M]: 0x0000000080043DD4 (0x00210113) addi sp, sp, 2
x2 <- 0x0000000000000002
mem[X,0x0000000080043DD8] -> 0x006F
mem[X,0x0000000080043DDA] -> 0x00C0
[11029] [M]: 0x0000000080043DD8 (0x00C0006F) jal zero, 12
mem[X,0x0000000080043DE4] -> 0xB423
mem[X,0x0000000080043DE6] -> 0x3E20
[11030] [M]: 0x0000000080043DE4 (0x3E20B423) sd sp, 1000(ra)
mem[0x000000008004A5B8] <- 0x0000000000000002
mem[X,0x0000000080043DE8] -> 0x0513
mem[X,0x0000000080043DEA] -> 0x0000
[11031] [M]: 0x0000000080043DE8 (0x00000513) addi a0, zero, 0
x10 <- 0x0000000000000000
mem[X,0x0000000080043DEC] -> 0x35B7
mem[X,0x0000000080043DEE] -> 0x3333
[11032] [M]: 0x0000000080043DEC (0x333335B7) lui a1, 209715
x11 <- 0x0000000033333000
mem[X,0x0000000080043DF0] -> 0x8593
mem[X,0x0000000080043DF2] -> 0x3335
[11033] [M]: 0x0000000080043DF0 (0x33358593) addi a1, a1, 819
x11 <- 0x0000000033333333
mem[X,0x0000000080043DF4] -> 0x9593
mem[X,0x0000000080043DF6] -> 0x00B5
[11034] [M]: 0x0000000080043DF4 (0x00B59593) slli a1, a1, 11
x11 <- 0x0000019999999800
mem[X,0x0000000080043DF8] -> 0x8593
mem[X,0x0000000080043DFA] -> 0x1995
[11035] [M]: 0x0000000080043DF8 (0x19958593) addi a1, a1, 409
x11 <- 0x0000019999999999
mem[X,0x0000000080043DFC] -> 0x9593
mem[X,0x0000000080043DFE] -> 0x00B5
[11036] [M]: 0x0000000080043DFC (0x00B59593) slli a1, a1, 11
x11 <- 0x000CCCCCCCCCC800
mem[X,0x0000000080043E00] -> 0x8593
mem[X,0x0000000080043E02] -> 0x4CC5
[11037] [M]: 0x0000000080043E00 (0x4CC58593) addi a1, a1, 1228
x11 <- 0x000CCCCCCCCCCCCC
mem[X,0x0000000080043E04] -> 0x9593
mem[X,0x0000000080043E06] -> 0x00A5
[11038] [M]: 0x0000000080043E04 (0x00A59593) slli a1, a1, 10
x11 <- 0x3333333333333000
mem[X,0x0000000080043E08] -> 0x8593
mem[X,0x0000000080043E0A] -> 0x3325
[11039] [M]: 0x0000000080043E08 (0x33258593) addi a1, a1, 818
x11 <- 0x3333333333333332
mem[X,0x0000000080043E0C] -> 0x0113
mem[X,0x0000000080043E0E] -> 0x0000
[11040] [M]: 0x0000000080043E0C (0x00000113) addi sp, zero, 0
x2 <- 0x0000000000000000
mem[X,0x0000000080043E10] -> 0x006F
mem[X,0x0000000080043E12] -> 0x00C0
[11041] [M]: 0x0000000080043E10 (0x00C0006F) jal zero, 12
mem[X,0x0000000080043E1C] -> 0x5063
mem[X,0x0000000080043E1E] -> 0x20B5
[11042] [M]: 0x0000000080043E1C (0x20B55063) bge a0, a1, 512
mem[X,0x0000000080043E20] -> 0x0113
mem[X,0x0000000080043E22] -> 0x0021
[11043] [M]: 0x0000000080043E20 (0x00210113) addi sp, sp, 2
x2 <- 0x0000000000000002
mem[X,0x0000000080043E24] -> 0x006F
mem[X,0x0000000080043E26] -> 0x2000
[11044] [M]: 0x0000000080043E24 (0x2000006F) jal zero, 512
mem[X,0x0000000080044024] -> 0xB823
mem[X,0x0000000080044026] -> 0x3E20
[11045] [M]: 0x0000000080044024 (0x3E20B823) sd sp, 1008(ra)
mem[0x000000008004A5C0] <- 0x0000000000000002
mem[X,0x0000000080044028] -> 0x0513
mem[X,0x000000008004402A] -> 0x0000
[11046] [M]: 0x0000000080044028 (0x00000513) addi a0, zero, 0
x10 <- 0x0000000000000000
mem[X,0x000000008004402C] -> 0x65B7
mem[X,0x000000008004402E] -> 0x6666
[11047] [M]: 0x000000008004402C (0x666665B7) lui a1, 419430
x11 <- 0x0000000066666000
mem[X,0x0000000080044030] -> 0x8593
mem[X,0x0000000080044032] -> 0x6665
[11048] [M]: 0x0000000080044030 (0x66658593) addi a1, a1, 1638
x11 <- 0x0000000066666666
mem[X,0x0000000080044034] -> 0x9593
mem[X,0x0000000080044036] -> 0x00B5
[11049] [M]: 0x0000000080044034 (0x00B59593) slli a1, a1, 11
x11 <- 0x0000033333333000
mem[X,0x0000000080044038] -> 0x8593
mem[X,0x000000008004403A] -> 0x3335
[11050] [M]: 0x0000000080044038 (0x33358593) addi a1, a1, 819
x11 <- 0x0000033333333333
mem[X,0x000000008004403C] -> 0x9593
mem[X,0x000000008004403E] -> 0x00B5
[11051] [M]: 0x000000008004403C (0x00B59593) slli a1, a1, 11
x11 <- 0x0019999999999800
mem[X,0x0000000080044040] -> 0x8593
mem[X,0x0000000080044042] -> 0x1995
[11052] [M]: 0x0000000080044040 (0x19958593) addi a1, a1, 409
x11 <- 0x0019999999999999
mem[X,0x0000000080044044] -> 0x9593
mem[X,0x0000000080044046] -> 0x00A5
[11053] [M]: 0x0000000080044044 (0x00A59593) slli a1, a1, 10
x11 <- 0x6666666666666400
mem[X,0x0000000080044048] -> 0x8593
mem[X,0x000000008004404A] -> 0x2655
[11054] [M]: 0x0000000080044048 (0x26558593) addi a1, a1, 613
x11 <- 0x6666666666666665
mem[X,0x000000008004404C] -> 0x0113
mem[X,0x000000008004404E] -> 0x0000
[11055] [M]: 0x000000008004404C (0x00000113) addi sp, zero, 0
x2 <- 0x0000000000000000
mem[X,0x0000000080044050] -> 0x006F
mem[X,0x0000000080044052] -> 0x00C0
[11056] [M]: 0x0000000080044050 (0x00C0006F) jal zero, 12
mem[X,0x000000008004405C] -> 0x5063
mem[X,0x000000008004405E] -> 0x04B5
[11057] [M]: 0x000000008004405C (0x04B55063) bge a0, a1, 64
mem[X,0x0000000080044060] -> 0x0113
mem[X,0x0000000080044062] -> 0x0021
[11058] [M]: 0x0000000080044060 (0x00210113) addi sp, sp, 2
x2 <- 0x0000000000000002
mem[X,0x0000000080044064] -> 0x006F
mem[X,0x0000000080044066] -> 0x0400
[11059] [M]: 0x0000000080044064 (0x0400006F) jal zero, 64
mem[X,0x00000000800440A4] -> 0xBC23
mem[X,0x00000000800440A6] -> 0x3E20
[11060] [M]: 0x00000000800440A4 (0x3E20BC23) sd sp, 1016(ra)
mem[0x000000008004A5C8] <- 0x0000000000000002
mem[X,0x00000000800440A8] -> 0x0513
mem[X,0x00000000800440AA] -> 0x0000
[11061] [M]: 0x00000000800440A8 (0x00000513) addi a0, zero, 0
x10 <- 0x0000000000000000
mem[X,0x00000000800440AC] -> 0x05B7
mem[X,0x00000000800440AE] -> 0x0000
[11062] [M]: 0x00000000800440AC (0x000005B7) lui a1, 0
x11 <- 0x0000000000000000
mem[X,0x00000000800440B0] -> 0x8593
mem[X,0x00000000800440B2] -> 0x0005
[11063] [M]: 0x00000000800440B0 (0x00058593) addi a1, a1, 0
x11 <- 0x0000000000000000
mem[X,0x00000000800440B4] -> 0x9593
mem[X,0x00000000800440B6] -> 0x00B5
[11064] [M]: 0x00000000800440B4 (0x00B59593) slli a1, a1, 11
x11 <- 0x0000000000000000
mem[X,0x00000000800440B8] -> 0x8593
mem[X,0x00000000800440BA] -> 0x5A85
[11065] [M]: 0x00000000800440B8 (0x5A858593) addi a1, a1, 1448
x11 <- 0x00000000000005A8
mem[X,0x00000000800440BC] -> 0x9593
mem[X,0x00000000800440BE] -> 0x00B5
[11066] [M]: 0x00000000800440BC (0x00B59593) slli a1, a1, 11
x11 <- 0x00000000002D4000
mem[X,0x00000000800440C0] -> 0x8593
mem[X,0x00000000800440C2] -> 0x13C5
[11067] [M]: 0x00000000800440C0 (0x13C58593) addi a1, a1, 316
x11 <- 0x00000000002D413C
mem[X,0x00000000800440C4] -> 0x9593
mem[X,0x00000000800440C6] -> 0x00A5
[11068] [M]: 0x00000000800440C4 (0x00A59593) slli a1, a1, 10
x11 <- 0x00000000B504F000
mem[X,0x00000000800440C8] -> 0x8593
mem[X,0x00000000800440CA] -> 0x3325
[11069] [M]: 0x00000000800440C8 (0x33258593) addi a1, a1, 818
x11 <- 0x00000000B504F332
mem[X,0x00000000800440CC] -> 0x0113
mem[X,0x00000000800440CE] -> 0x0000
[11070] [M]: 0x00000000800440CC (0x00000113) addi sp, zero, 0
x2 <- 0x0000000000000000
mem[X,0x00000000800440D0] -> 0x006F
mem[X,0x00000000800440D2] -> 0x0140
[11071] [M]: 0x00000000800440D0 (0x0140006F) jal zero, 20
mem[X,0x00000000800440E4] -> 0x58E3
mem[X,0x00000000800440E6] -> 0xFEB5
[11072] [M]: 0x00000000800440E4 (0xFEB558E3) bge a0, a1, 8176
mem[X,0x00000000800440E8] -> 0x0113
mem[X,0x00000000800440EA] -> 0x0021
[11073] [M]: 0x00000000800440E8 (0x00210113) addi sp, sp, 2
x2 <- 0x0000000000000002
mem[X,0x00000000800440EC] -> 0x006F
mem[X,0x00000000800440EE] -> 0x00C0
[11074] [M]: 0x00000000800440EC (0x00C0006F) jal zero, 12
mem[X,0x00000000800440F8] -> 0xB023
mem[X,0x00000000800440FA] -> 0x4020
[11075] [M]: 0x00000000800440F8 (0x4020B023) sd sp, 1024(ra)
mem[0x000000008004A5D0] <- 0x0000000000000002
mem[X,0x00000000800440FC] -> 0x0513
mem[X,0x00000000800440FE] -> 0x0000
[11076] [M]: 0x00000000800440FC (0x00000513) addi a0, zero, 0
x10 <- 0x0000000000000000
mem[X,0x0000000080044100] -> 0x55B7
mem[X,0x0000000080044102] -> 0x5555
[11077] [M]: 0x0000000080044100 (0x555555B7) lui a1, 349525
x11 <- 0x0000000055555000
mem[X,0x0000000080044104] -> 0x8593
mem[X,0x0000000080044106] -> 0x5555
[11078] [M]: 0x0000000080044104 (0x55558593) addi a1, a1, 1365
x11 <- 0x0000000055555555
mem[X,0x0000000080044108] -> 0x9593
mem[X,0x000000008004410A] -> 0x00B5
[11079] [M]: 0x0000000080044108 (0x00B59593) slli a1, a1, 11
x11 <- 0x000002AAAAAAA800
mem[X,0x000000008004410C] -> 0x8593
mem[X,0x000000008004410E] -> 0x2AA5
[11080] [M]: 0x000000008004410C (0x2AA58593) addi a1, a1, 682
x11 <- 0x000002AAAAAAAAAA
mem[X,0x0000000080044110] -> 0x9593
mem[X,0x0000000080044112] -> 0x00B5
[11081] [M]: 0x0000000080044110 (0x00B59593) slli a1, a1, 11
x11 <- 0x0015555555555000
mem[X,0x0000000080044114] -> 0x8593
mem[X,0x0000000080044116] -> 0x5555
[11082] [M]: 0x0000000080044114 (0x55558593) addi a1, a1, 1365
x11 <- 0x0015555555555555
mem[X,0x0000000080044118] -> 0x9593
mem[X,0x000000008004411A] -> 0x00A5
[11083] [M]: 0x0000000080044118 (0x00A59593) slli a1, a1, 10
x11 <- 0x5555555555555400
mem[X,0x000000008004411C] -> 0x8593
mem[X,0x000000008004411E] -> 0x1565
[11084] [M]: 0x000000008004411C (0x15658593) addi a1, a1, 342
x11 <- 0x5555555555555556
mem[X,0x0000000080044120] -> 0x0113
mem[X,0x0000000080044122] -> 0x0000
[11085] [M]: 0x0000000080044120 (0x00000113) addi sp, zero, 0
x2 <- 0x0000000000000000
mem[X,0x0000000080044124] -> 0x006F
mem[X,0x0000000080044126] -> 0x00C0
[11086] [M]: 0x0000000080044124 (0x00C0006F) jal zero, 12
mem[X,0x0000000080044130] -> 0x5CE3
mem[X,0x0000000080044132] -> 0xFEB5
[11087] [M]: 0x0000000080044130 (0xFEB55CE3) bge a0, a1, 8184
mem[X,0x0000000080044134] -> 0x0113
mem[X,0x0000000080044136] -> 0x0021
[11088] [M]: 0x0000000080044134 (0x00210113) addi sp, sp, 2
x2 <- 0x0000000000000002
mem[X,0x0000000080044138] -> 0x006F
mem[X,0x000000008004413A] -> 0x00C0
[11089] [M]: 0x0000000080044138 (0x00C0006F) jal zero, 12
mem[X,0x0000000080044144] -> 0xB423
mem[X,0x0000000080044146] -> 0x4020
[11090] [M]: 0x0000000080044144 (0x4020B423) sd sp, 1032(ra)
mem[0x000000008004A5D8] <- 0x0000000000000002
mem[X,0x0000000080044148] -> 0x0513
mem[X,0x000000008004414A] -> 0x0000
[11091] [M]: 0x0000000080044148 (0x00000513) addi a0, zero, 0
x10 <- 0x0000000000000000
mem[X,0x000000008004414C] -> 0xB5B7
mem[X,0x000000008004414E] -> 0xAAAA
[11092] [M]: 0x000000008004414C (0xAAAAB5B7) lui a1, 699051
x11 <- 0xFFFFFFFFAAAAB000
mem[X,0x0000000080044150] -> 0x8593
mem[X,0x0000000080044152] -> 0xAAA5
[11093] [M]: 0x0000000080044150 (0xAAA58593) addi a1, a1, 2730
x11 <- 0xFFFFFFFFAAAAAAAA
mem[X,0x0000000080044154] -> 0x9593
mem[X,0x0000000080044156] -> 0x00B5
[11094] [M]: 0x0000000080044154 (0x00B59593) slli a1, a1, 11
x11 <- 0xFFFFFD5555555000
mem[X,0x0000000080044158] -> 0x8593
mem[X,0x000000008004415A] -> 0x5555
[11095] [M]: 0x0000000080044158 (0x55558593) addi a1, a1, 1365
x11 <- 0xFFFFFD5555555555
mem[X,0x000000008004415C] -> 0x9593
mem[X,0x000000008004415E] -> 0x00B5
[11096] [M]: 0x000000008004415C (0x00B59593) slli a1, a1, 11
x11 <- 0xFFEAAAAAAAAAA800
mem[X,0x0000000080044160] -> 0x8593
mem[X,0x0000000080044162] -> 0x2AA5
[11097] [M]: 0x0000000080044160 (0x2AA58593) addi a1, a1, 682
x11 <- 0xFFEAAAAAAAAAAAAA
mem[X,0x0000000080044164] -> 0x9593
mem[X,0x0000000080044166] -> 0x00A5
[11098] [M]: 0x0000000080044164 (0x00A59593) slli a1, a1, 10
x11 <- 0xAAAAAAAAAAAAA800
mem[X,0x0000000080044168] -> 0x8593
mem[X,0x000000008004416A] -> 0x2AB5
[11099] [M]: 0x0000000080044168 (0x2AB58593) addi a1, a1, 683
x11 <- 0xAAAAAAAAAAAAAAAB
clint::tick mtime <- 0x000000000000006F
 clint timer pending at mtime 0x000000000000006F
htif::tick 0x0000000000000000
mem[X,0x000000008004416C] -> 0x0113
mem[X,0x000000008004416E] -> 0x0000
[11100] [M]: 0x000000008004416C (0x00000113) addi sp, zero, 0
x2 <- 0x0000000000000000
mem[X,0x0000000080044170] -> 0x006F
mem[X,0x0000000080044172] -> 0x0050
[11101] [M]: 0x0000000080044170 (0x0050006F) jal zero, 2052
mem[X,0x0000000080044974] -> 0x50E3
mem[X,0x0000000080044976] -> 0x80B5
[11102] [M]: 0x0000000080044974 (0x80B550E3) bge a0, a1, 6144
mem[X,0x0000000080044174] -> 0x0113
mem[X,0x0000000080044176] -> 0x0011
[11103] [M]: 0x0000000080044174 (0x00110113) addi sp, sp, 1
x2 <- 0x0000000000000001
mem[X,0x0000000080044178] -> 0x006F
mem[X,0x000000008004417A] -> 0x0110
[11104] [M]: 0x0000000080044178 (0x0110006F) jal zero, 2064
mem[X,0x0000000080044988] -> 0xB823
mem[X,0x000000008004498A] -> 0x4020
[11105] [M]: 0x0000000080044988 (0x4020B823) sd sp, 1040(ra)
mem[0x000000008004A5E0] <- 0x0000000000000001
mem[X,0x000000008004498C] -> 0x0513
mem[X,0x000000008004498E] -> 0x0000
[11106] [M]: 0x000000008004498C (0x00000513) addi a0, zero, 0
x10 <- 0x0000000000000000
mem[X,0x0000000080044990] -> 0x0593
mem[X,0x0000000080044992] -> 0x0060
[11107] [M]: 0x0000000080044990 (0x00600593) addi a1, zero, 6
x11 <- 0x0000000000000006
mem[X,0x0000000080044994] -> 0x0113
mem[X,0x0000000080044996] -> 0x0000
[11108] [M]: 0x0000000080044994 (0x00000113) addi sp, zero, 0
x2 <- 0x0000000000000000
mem[X,0x0000000080044998] -> 0x006F
mem[X,0x000000008004499A] -> 0x00C0
[11109] [M]: 0x0000000080044998 (0x00C0006F) jal zero, 12
mem[X,0x00000000800449A4] -> 0x5CE3
mem[X,0x00000000800449A6] -> 0xFEB5
[11110] [M]: 0x00000000800449A4 (0xFEB55CE3) bge a0, a1, 8184
mem[X,0x00000000800449A8] -> 0x0113
mem[X,0x00000000800449AA] -> 0x0021
[11111] [M]: 0x00000000800449A8 (0x00210113) addi sp, sp, 2
x2 <- 0x0000000000000002
mem[X,0x00000000800449AC] -> 0x006F
mem[X,0x00000000800449AE] -> 0x00C0
[11112] [M]: 0x00000000800449AC (0x00C0006F) jal zero, 12
mem[X,0x00000000800449B8] -> 0xBC23
mem[X,0x00000000800449BA] -> 0x4020
[11113] [M]: 0x00000000800449B8 (0x4020BC23) sd sp, 1048(ra)
mem[0x000000008004A5E8] <- 0x0000000000000002
mem[X,0x00000000800449BC] -> 0x0513
mem[X,0x00000000800449BE] -> 0x0000
[11114] [M]: 0x00000000800449BC (0x00000513) addi a0, zero, 0
x10 <- 0x0000000000000000
mem[X,0x00000000800449C0] -> 0x35B7
mem[X,0x00000000800449C2] -> 0x3333
[11115] [M]: 0x00000000800449C0 (0x333335B7) lui a1, 209715
x11 <- 0x0000000033333000
mem[X,0x00000000800449C4] -> 0x8593
mem[X,0x00000000800449C6] -> 0x3335
[11116] [M]: 0x00000000800449C4 (0x33358593) addi a1, a1, 819
x11 <- 0x0000000033333333
mem[X,0x00000000800449C8] -> 0x9593
mem[X,0x00000000800449CA] -> 0x00B5
[11117] [M]: 0x00000000800449C8 (0x00B59593) slli a1, a1, 11
x11 <- 0x0000019999999800
mem[X,0x00000000800449CC] -> 0x8593
mem[X,0x00000000800449CE] -> 0x1995
[11118] [M]: 0x00000000800449CC (0x19958593) addi a1, a1, 409
x11 <- 0x0000019999999999
mem[X,0x00000000800449D0] -> 0x9593
mem[X,0x00000000800449D2] -> 0x00B5
[11119] [M]: 0x00000000800449D0 (0x00B59593) slli a1, a1, 11
x11 <- 0x000CCCCCCCCCC800
mem[X,0x00000000800449D4] -> 0x8593
mem[X,0x00000000800449D6] -> 0x4CC5
[11120] [M]: 0x00000000800449D4 (0x4CC58593) addi a1, a1, 1228
x11 <- 0x000CCCCCCCCCCCCC
mem[X,0x00000000800449D8] -> 0x9593
mem[X,0x00000000800449DA] -> 0x00A5
[11121] [M]: 0x00000000800449D8 (0x00A59593) slli a1, a1, 10
x11 <- 0x3333333333333000
mem[X,0x00000000800449DC] -> 0x8593
mem[X,0x00000000800449DE] -> 0x3345
[11122] [M]: 0x00000000800449DC (0x33458593) addi a1, a1, 820
x11 <- 0x3333333333333334
mem[X,0x00000000800449E0] -> 0x0113
mem[X,0x00000000800449E2] -> 0x0000
[11123] [M]: 0x00000000800449E0 (0x00000113) addi sp, zero, 0
x2 <- 0x0000000000000000
mem[X,0x00000000800449E4] -> 0x006F
mem[X,0x00000000800449E6] -> 0x00C0
[11124] [M]: 0x00000000800449E4 (0x00C0006F) jal zero, 12
mem[X,0x00000000800449F0] -> 0x5663
mem[X,0x00000000800449F2] -> 0x00B5
[11125] [M]: 0x00000000800449F0 (0x00B55663) bge a0, a1, 12
mem[X,0x00000000800449F4] -> 0x0113
mem[X,0x00000000800449F6] -> 0x0021
[11126] [M]: 0x00000000800449F4 (0x00210113) addi sp, sp, 2
x2 <- 0x0000000000000002
mem[X,0x00000000800449F8] -> 0x006F
mem[X,0x00000000800449FA] -> 0x00C0
[11127] [M]: 0x00000000800449F8 (0x00C0006F) jal zero, 12
mem[X,0x0000000080044A04] -> 0xB023
mem[X,0x0000000080044A06] -> 0x4220
[11128] [M]: 0x0000000080044A04 (0x4220B023) sd sp, 1056(ra)
mem[0x000000008004A5F0] <- 0x0000000000000002
mem[X,0x0000000080044A08] -> 0x0513
mem[X,0x0000000080044A0A] -> 0x0000
[11129] [M]: 0x0000000080044A08 (0x00000513) addi a0, zero, 0
x10 <- 0x0000000000000000
mem[X,0x0000000080044A0C] -> 0x65B7
mem[X,0x0000000080044A0E] -> 0x6666
[11130] [M]: 0x0000000080044A0C (0x666665B7) lui a1, 419430
x11 <- 0x0000000066666000
mem[X,0x0000000080044A10] -> 0x8593
mem[X,0x0000000080044A12] -> 0x6665
[11131] [M]: 0x0000000080044A10 (0x66658593) addi a1, a1, 1638
x11 <- 0x0000000066666666
mem[X,0x0000000080044A14] -> 0x9593
mem[X,0x0000000080044A16] -> 0x00B5
[11132] [M]: 0x0000000080044A14 (0x00B59593) slli a1, a1, 11
x11 <- 0x0000033333333000
mem[X,0x0000000080044A18] -> 0x8593
mem[X,0x0000000080044A1A] -> 0x3335
[11133] [M]: 0x0000000080044A18 (0x33358593) addi a1, a1, 819
x11 <- 0x0000033333333333
mem[X,0x0000000080044A1C] -> 0x9593
mem[X,0x0000000080044A1E] -> 0x00B5
[11134] [M]: 0x0000000080044A1C (0x00B59593) slli a1, a1, 11
x11 <- 0x0019999999999800
mem[X,0x0000000080044A20] -> 0x8593
mem[X,0x0000000080044A22] -> 0x1995
[11135] [M]: 0x0000000080044A20 (0x19958593) addi a1, a1, 409
x11 <- 0x0019999999999999
mem[X,0x0000000080044A24] -> 0x9593
mem[X,0x0000000080044A26] -> 0x00A5
[11136] [M]: 0x0000000080044A24 (0x00A59593) slli a1, a1, 10
x11 <- 0x6666666666666400
mem[X,0x0000000080044A28] -> 0x8593
mem[X,0x0000000080044A2A] -> 0x2675
[11137] [M]: 0x0000000080044A28 (0x26758593) addi a1, a1, 615
x11 <- 0x6666666666666667
mem[X,0x0000000080044A2C] -> 0x0113
mem[X,0x0000000080044A2E] -> 0x0000
[11138] [M]: 0x0000000080044A2C (0x00000113) addi sp, zero, 0
x2 <- 0x0000000000000000
mem[X,0x0000000080044A30] -> 0x006F
mem[X,0x0000000080044A32] -> 0x2B10
[11139] [M]: 0x0000000080044A30 (0x2B10006F) jal zero, 2736
mem[X,0x00000000800454E0] -> 0x5A63
mem[X,0x00000000800454E2] -> 0xD4B5
[11140] [M]: 0x00000000800454E0 (0xD4B55A63) bge a0, a1, 5460
mem[X,0x00000000800454E4] -> 0x0113
mem[X,0x00000000800454E6] -> 0x0021
[11141] [M]: 0x00000000800454E4 (0x00210113) addi sp, sp, 2
x2 <- 0x0000000000000002
mem[X,0x00000000800454E8] -> 0x006F
mem[X,0x00000000800454EA] -> 0x00C0
[11142] [M]: 0x00000000800454E8 (0x00C0006F) jal zero, 12
mem[X,0x00000000800454F4] -> 0xB423
mem[X,0x00000000800454F6] -> 0x4220
[11143] [M]: 0x00000000800454F4 (0x4220B423) sd sp, 1064(ra)
mem[0x000000008004A5F8] <- 0x0000000000000002
mem[X,0x00000000800454F8] -> 0x0513
mem[X,0x00000000800454FA] -> 0x0000
[11144] [M]: 0x00000000800454F8 (0x00000513) addi a0, zero, 0
x10 <- 0x0000000000000000
mem[X,0x00000000800454FC] -> 0x05B7
mem[X,0x00000000800454FE] -> 0x0000
[11145] [M]: 0x00000000800454FC (0x000005B7) lui a1, 0
x11 <- 0x0000000000000000
mem[X,0x0000000080045500] -> 0x8593
mem[X,0x0000000080045502] -> 0xFFF5
[11146] [M]: 0x0000000080045500 (0xFFF58593) addi a1, a1, 4095
x11 <- 0xFFFFFFFFFFFFFFFF
mem[X,0x0000000080045504] -> 0x9593
mem[X,0x0000000080045506] -> 0x00B5
[11147] [M]: 0x0000000080045504 (0x00B59593) slli a1, a1, 11
x11 <- 0xFFFFFFFFFFFFF800
mem[X,0x0000000080045508] -> 0x8593
mem[X,0x000000008004550A] -> 0x2575
[11148] [M]: 0x0000000080045508 (0x25758593) addi a1, a1, 599
x11 <- 0xFFFFFFFFFFFFFA57
mem[X,0x000000008004550C] -> 0x9593
mem[X,0x000000008004550E] -> 0x00B5
[11149] [M]: 0x000000008004550C (0x00B59593) slli a1, a1, 11
x11 <- 0xFFFFFFFFFFD2B800
mem[X,0x0000000080045510] -> 0x8593
mem[X,0x0000000080045512] -> 0x6C35
[11150] [M]: 0x0000000080045510 (0x6C358593) addi a1, a1, 1731
x11 <- 0xFFFFFFFFFFD2BEC3
mem[X,0x0000000080045514] -> 0x9593
mem[X,0x0000000080045516] -> 0x00A5
[11151] [M]: 0x0000000080045514 (0x00A59593) slli a1, a1, 10
x11 <- 0xFFFFFFFF4AFB0C00
mem[X,0x0000000080045518] -> 0x8593
mem[X,0x000000008004551A] -> 0x0CE5
[11152] [M]: 0x0000000080045518 (0x0CE58593) addi a1, a1, 206
x11 <- 0xFFFFFFFF4AFB0CCE
mem[X,0x000000008004551C] -> 0x0113
mem[X,0x000000008004551E] -> 0x0000
[11153] [M]: 0x000000008004551C (0x00000113) addi sp, zero, 0
x2 <- 0x0000000000000000
mem[X,0x0000000080045520] -> 0x006F
mem[X,0x0000000080045522] -> 0x00C0
[11154] [M]: 0x0000000080045520 (0x00C0006F) jal zero, 12
mem[X,0x000000008004552C] -> 0x5CE3
mem[X,0x000000008004552E] -> 0xFEB5
[11155] [M]: 0x000000008004552C (0xFEB55CE3) bge a0, a1, 8184
mem[X,0x0000000080045524] -> 0x0113
mem[X,0x0000000080045526] -> 0x0011
[11156] [M]: 0x0000000080045524 (0x00110113) addi sp, sp, 1
x2 <- 0x0000000000000001
mem[X,0x0000000080045528] -> 0x006F
mem[X,0x000000008004552A] -> 0x0180
[11157] [M]: 0x0000000080045528 (0x0180006F) jal zero, 24
mem[X,0x0000000080045540] -> 0xB823
mem[X,0x0000000080045542] -> 0x4220
[11158] [M]: 0x0000000080045540 (0x4220B823) sd sp, 1072(ra)
mem[0x000000008004A600] <- 0x0000000000000001
mem[X,0x0000000080045544] -> 0x0513
mem[X,0x0000000080045546] -> 0x0000
[11159] [M]: 0x0000000080045544 (0x00000513) addi a0, zero, 0
x10 <- 0x0000000000000000
mem[X,0x0000000080045548] -> 0x05B7
mem[X,0x000000008004554A] -> 0x0000
[11160] [M]: 0x0000000080045548 (0x000005B7) lui a1, 0
x11 <- 0x0000000000000000
mem[X,0x000000008004554C] -> 0x8593
mem[X,0x000000008004554E] -> 0x0005
[11161] [M]: 0x000000008004554C (0x00058593) addi a1, a1, 0
x11 <- 0x0000000000000000
mem[X,0x0000000080045550] -> 0x9593
mem[X,0x0000000080045552] -> 0x00B5
[11162] [M]: 0x0000000080045550 (0x00B59593) slli a1, a1, 11
x11 <- 0x0000000000000000
mem[X,0x0000000080045554] -> 0x8593
mem[X,0x0000000080045556] -> 0x5A85
[11163] [M]: 0x0000000080045554 (0x5A858593) addi a1, a1, 1448
x11 <- 0x00000000000005A8
mem[X,0x0000000080045558] -> 0x9593
mem[X,0x000000008004555A] -> 0x00B5
[11164] [M]: 0x0000000080045558 (0x00B59593) slli a1, a1, 11
x11 <- 0x00000000002D4000
mem[X,0x000000008004555C] -> 0x8593
mem[X,0x000000008004555E] -> 0x13C5
[11165] [M]: 0x000000008004555C (0x13C58593) addi a1, a1, 316
x11 <- 0x00000000002D413C
mem[X,0x0000000080045560] -> 0x9593
mem[X,0x0000000080045562] -> 0x00A5
[11166] [M]: 0x0000000080045560 (0x00A59593) slli a1, a1, 10
x11 <- 0x00000000B504F000
mem[X,0x0000000080045564] -> 0x8593
mem[X,0x0000000080045566] -> 0x3345
[11167] [M]: 0x0000000080045564 (0x33458593) addi a1, a1, 820
x11 <- 0x00000000B504F334
mem[X,0x0000000080045568] -> 0x0113
mem[X,0x000000008004556A] -> 0x0000
[11168] [M]: 0x0000000080045568 (0x00000113) addi sp, zero, 0
x2 <- 0x0000000000000000
mem[X,0x000000008004556C] -> 0x006F
mem[X,0x000000008004556E] -> 0x00C0
[11169] [M]: 0x000000008004556C (0x00C0006F) jal zero, 12
mem[X,0x0000000080045578] -> 0x5663
mem[X,0x000000008004557A] -> 0x00B5
[11170] [M]: 0x0000000080045578 (0x00B55663) bge a0, a1, 12
mem[X,0x000000008004557C] -> 0x0113
mem[X,0x000000008004557E] -> 0x0021
[11171] [M]: 0x000000008004557C (0x00210113) addi sp, sp, 2
x2 <- 0x0000000000000002
mem[X,0x0000000080045580] -> 0x006F
mem[X,0x0000000080045582] -> 0x00C0
[11172] [M]: 0x0000000080045580 (0x00C0006F) jal zero, 12
mem[X,0x000000008004558C] -> 0xBC23
mem[X,0x000000008004558E] -> 0x4220
[11173] [M]: 0x000000008004558C (0x4220BC23) sd sp, 1080(ra)
mem[0x000000008004A608] <- 0x0000000000000002
mem[X,0x0000000080045590] -> 0x0513
mem[X,0x0000000080045592] -> 0x0010
[11174] [M]: 0x0000000080045590 (0x00100513) addi a0, zero, 1
x10 <- 0x0000000000000001
mem[X,0x0000000080045594] -> 0x1513
mem[X,0x0000000080045596] -> 0x0345
[11175] [M]: 0x0000000080045594 (0x03451513) slli a0, a0, 52
x10 <- 0x0010000000000000
mem[X,0x0000000080045598] -> 0x0593
mem[X,0x000000008004559A] -> 0x0400
[11176] [M]: 0x0000000080045598 (0x04000593) addi a1, zero, 64
x11 <- 0x0000000000000040
mem[X,0x000000008004559C] -> 0x0113
mem[X,0x000000008004559E] -> 0x0000
[11177] [M]: 0x000000008004559C (0x00000113) addi sp, zero, 0
x2 <- 0x0000000000000000
mem[X,0x00000000800455A0] -> 0x006F
mem[X,0x00000000800455A2] -> 0x00C0
[11178] [M]: 0x00000000800455A0 (0x00C0006F) jal zero, 12
mem[X,0x00000000800455AC] -> 0x5063
mem[X,0x00000000800455AE] -> 0x08B5
[11179] [M]: 0x00000000800455AC (0x08B55063) bge a0, a1, 128
mem[X,0x000000008004562C] -> 0x0113
mem[X,0x000000008004562E] -> 0x0031
[11180] [M]: 0x000000008004562C (0x00310113) addi sp, sp, 3
x2 <- 0x0000000000000003
mem[X,0x0000000080045630] -> 0x006F
mem[X,0x0000000080045632] -> 0x0040
[11181] [M]: 0x0000000080045630 (0x0040006F) jal zero, 4
mem[X,0x0000000080045634] -> 0xB023
mem[X,0x0000000080045636] -> 0x4420
[11182] [M]: 0x0000000080045634 (0x4420B023) sd sp, 1088(ra)
mem[0x000000008004A610] <- 0x0000000000000003
mem[X,0x0000000080045638] -> 0x0513
mem[X,0x000000008004563A] -> 0x0080
[11183] [M]: 0x0000000080045638 (0x00800513) addi a0, zero, 8
x10 <- 0x0000000000000008
mem[X,0x000000008004563C] -> 0x0593
mem[X,0x000000008004563E] -> 0x0010
[11184] [M]: 0x000000008004563C (0x00100593) addi a1, zero, 1
x11 <- 0x0000000000000001
mem[X,0x0000000080045640] -> 0x9593
mem[X,0x0000000080045642] -> 0x0395
[11185] [M]: 0x0000000080045640 (0x03959593) slli a1, a1, 57
x11 <- 0x0200000000000000
mem[X,0x0000000080045644] -> 0xC593
mem[X,0x0000000080045646] -> 0xFFF5
[11186] [M]: 0x0000000080045644 (0xFFF5C593) xori a1, a1, 4095
x11 <- 0xFDFFFFFFFFFFFFFF
mem[X,0x0000000080045648] -> 0x0113
mem[X,0x000000008004564A] -> 0x0000
[11187] [M]: 0x0000000080045648 (0x00000113) addi sp, zero, 0
x2 <- 0x0000000000000000
mem[X,0x000000008004564C] -> 0x006F
mem[X,0x000000008004564E] -> 0x00C0
[11188] [M]: 0x000000008004564C (0x00C0006F) jal zero, 12
mem[X,0x0000000080045658] -> 0x5063
mem[X,0x000000008004565A] -> 0x20B5
[11189] [M]: 0x0000000080045658 (0x20B55063) bge a0, a1, 512
mem[X,0x0000000080045858] -> 0x0113
mem[X,0x000000008004585A] -> 0x0031
[11190] [M]: 0x0000000080045858 (0x00310113) addi sp, sp, 3
x2 <- 0x0000000000000003
mem[X,0x000000008004585C] -> 0x006F
mem[X,0x000000008004585E] -> 0x0040
[11191] [M]: 0x000000008004585C (0x0040006F) jal zero, 4
mem[X,0x0000000080045860] -> 0xB423
mem[X,0x0000000080045862] -> 0x4420
[11192] [M]: 0x0000000080045860 (0x4420B423) sd sp, 1096(ra)
mem[0x000000008004A618] <- 0x0000000000000003
mem[X,0x0000000080045864] -> 0x0513
mem[X,0x0000000080045866] -> 0x0010
[11193] [M]: 0x0000000080045864 (0x00100513) addi a0, zero, 1
x10 <- 0x0000000000000001
mem[X,0x0000000080045868] -> 0x1513
mem[X,0x000000008004586A] -> 0x0115
[11194] [M]: 0x0000000080045868 (0x01151513) slli a0, a0, 17
x10 <- 0x0000000000020000
mem[X,0x000000008004586C] -> 0x0593
mem[X,0x000000008004586E] -> 0x0010
[11195] [M]: 0x000000008004586C (0x00100593) addi a1, zero, 1
x11 <- 0x0000000000000001
mem[X,0x0000000080045870] -> 0x9593
mem[X,0x0000000080045872] -> 0x00D5
[11196] [M]: 0x0000000080045870 (0x00D59593) slli a1, a1, 13
x11 <- 0x0000000000002000
mem[X,0x0000000080045874] -> 0x0113
mem[X,0x0000000080045876] -> 0x0000
[11197] [M]: 0x0000000080045874 (0x00000113) addi sp, zero, 0
x2 <- 0x0000000000000000
mem[X,0x0000000080045878] -> 0x006F
mem[X,0x000000008004587A] -> 0x0050
[11198] [M]: 0x0000000080045878 (0x0050006F) jal zero, 2052
mem[X,0x000000008004607C] -> 0x50E3
mem[X,0x000000008004607E] -> 0x80B5
[11199] [M]: 0x000000008004607C (0x80B550E3) bge a0, a1, 6144
clint::tick mtime <- 0x0000000000000070
 clint timer pending at mtime 0x0000000000000070
htif::tick 0x0000000000000000
mem[X,0x000000008004587C] -> 0x0113
mem[X,0x000000008004587E] -> 0x0011
[11200] [M]: 0x000000008004587C (0x00110113) addi sp, sp, 1
x2 <- 0x0000000000000001
mem[X,0x0000000080045880] -> 0x006F
mem[X,0x0000000080045882] -> 0x0110
[11201] [M]: 0x0000000080045880 (0x0110006F) jal zero, 2064
mem[X,0x0000000080046090] -> 0xB823
mem[X,0x0000000080046092] -> 0x4420
[11202] [M]: 0x0000000080046090 (0x4420B823) sd sp, 1104(ra)
mem[0x000000008004A620] <- 0x0000000000000001
mem[X,0x0000000080046094] -> 0x006F
mem[X,0x0000000080046096] -> 0x0380
[11203] [M]: 0x0000000080046094 (0x0380006F) jal zero, 56
mem[X,0x00000000800460CC] -> 0x0093
mem[X,0x00000000800460CE] -> 0x0010
[11204] [M]: 0x00000000800460CC (0x00100093) addi ra, zero, 1
x1 <- 0x0000000000000001
mem[X,0x00000000800460D0] -> 0x1F17
mem[X,0x00000000800460D2] -> 0x0000
[11205] [M]: 0x00000000800460D0 (0x00001F17) auipc t5, 1
x30 <- 0x00000000800470D0
mem[X,0x00000000800460D4] -> 0x2823
mem[X,0x00000000800460D6] -> 0xF21F
[11206] [M]: 0x00000000800460D4 (0xF21F2823) sw ra, 3888(t5)
htif[0x0000000080047000] <- 0x00000001
mem[X,0x00000000800460D8] -> 0xF06F
mem[X,0x00000000800460DA] -> 0xFF9F
[11207] [M]: 0x00000000800460D8 (0xFF9FF06F) jal zero, 2097144
mem[X,0x00000000800460D0] -> 0x1F17
mem[X,0x00000000800460D2] -> 0x0000
[11208] [M]: 0x00000000800460D0 (0x00001F17) auipc t5, 1
x30 <- 0x00000000800470D0
mem[X,0x00000000800460D4] -> 0x2823
mem[X,0x00000000800460D6] -> 0xF21F
[11209] [M]: 0x00000000800460D4 (0xF21F2823) sw ra, 3888(t5)
htif[0x0000000080047000] <- 0x00000001
mem[X,0x00000000800460D8] -> 0xF06F
mem[X,0x00000000800460DA] -> 0xFF9F
[11210] [M]: 0x00000000800460D8 (0xFF9FF06F) jal zero, 2097144
mem[X,0x00000000800460D0] -> 0x1F17
mem[X,0x00000000800460D2] -> 0x0000
[11211] [M]: 0x00000000800460D0 (0x00001F17) auipc t5, 1
x30 <- 0x00000000800470D0
mem[X,0x00000000800460D4] -> 0x2823
mem[X,0x00000000800460D6] -> 0xF21F
[11212] [M]: 0x00000000800460D4 (0xF21F2823) sw ra, 3888(t5)
htif[0x0000000080047000] <- 0x00000001
htif-syscall-proxy cmd: 0x000000000001
SUCCESS
