+ source /root/mugen/libs/locallibs/common_lib.sh
++ python3 --version
++ '[' 0 -eq 0 ']'
++ source /root/mugen/libs/locallibs/common_lib_python.sh
+ main
++ type -t post_test
+ '[' -n function ']'
+ trap post_test EXIT INT HUP TERM
+ rpm -qa
+ grep expect
++ type -t config_params
+ '[' -n '' ']'
++ type -t pre_test
+ '[' -n function ']'
+ pre_test
+ LOG_INFO 'Start to prepare the test environment'
+ message='Start to prepare the test environment'
+ python3 /root/mugen/libs/locallibs/mugen_log.py --level info --message 'Start to prepare the test environment'
Tue Nov 21 22:55:52 2023 - INFO  - Start to prepare the test environment
+ DNF_INSTALL pylint
+ pkgs=pylint
+ node=1
+ '[' -z '' ']'
+ tmpfile=
++ python3 /root/mugen/libs/locallibs/rpm_manage.py install --pkgs pylint --node 1 --tempfile ''
+ tmpfile2=/tmp/tmp70icfb1_
+ '[' -z '' ']'
+ tmpfile=/tmp/tmp70icfb1_
+ LOG_INFO 'End to prepare the test environment'
+ message='End to prepare the test environment'
+ python3 /root/mugen/libs/locallibs/mugen_log.py --level info --message 'End to prepare the test environment'
Tue Nov 21 22:56:31 2023 - INFO  - End to prepare the test environment
++ type -t run_test
+ '[' -n function ']'
+ run_test
+ LOG_INFO 'Start to run test.'
+ message='Start to run test.'
+ python3 /root/mugen/libs/locallibs/mugen_log.py --level info --message 'Start to run test.'
Tue Nov 21 22:56:32 2023 - INFO  - Start to run test.
+ symilar -d 4 ./common/test.py ./common/test.py
+ grep TOTAL
Traceback (most recent call last):
  File "/usr/lib/python3.10/site-packages/pkg_resources/__init__.py", line 579, in _build_master
    ws.require(__requires__)
  File "/usr/lib/python3.10/site-packages/pkg_resources/__init__.py", line 897, in require
    needed = self.resolve(parse_requirements(requirements))
  File "/usr/lib/python3.10/site-packages/pkg_resources/__init__.py", line 788, in resolve
    raise VersionConflict(dist, req).with_context(dependent_req)
pkg_resources.ContextualVersionConflict: (wrapt 1.14.1 (/usr/lib64/python3.10/site-packages), Requirement.parse('wrapt<1.14,>=1.11'), {'astroid'})

During handling of the above exception, another exception occurred:

Traceback (most recent call last):
  File "/usr/bin/symilar", line 33, in <module>
    sys.exit(load_entry_point('pylint==2.12.2', 'console_scripts', 'symilar')())
  File "/usr/lib/python3.10/site-packages/pylint/__init__.py", line 44, in run_symilar
    from pylint.checkers.similar import Run as SimilarRun
  File "/usr/lib/python3.10/site-packages/pylint/checkers/__init__.py", line 53, in <module>
    from pylint.checkers.base_checker import BaseChecker, BaseTokenChecker
  File "/usr/lib/python3.10/site-packages/pylint/checkers/base_checker.py", line 24, in <module>
    from astroid import nodes
  File "/usr/lib/python3.10/site-packages/astroid/__init__.py", line 51, in <module>
    from astroid.nodes import node_classes, scoped_nodes
  File "/usr/lib/python3.10/site-packages/astroid/nodes/__init__.py", line 27, in <module>
    from astroid.nodes.node_classes import (  # pylint: disable=redefined-builtin (Ellipsis)
  File "/usr/lib/python3.10/site-packages/astroid/nodes/node_classes.py", line 50, in <module>
    from astroid.bases import Instance, _infer_stmts
  File "/usr/lib/python3.10/site-packages/astroid/bases.py", line 551, in <module>
    class Generator(BaseInstance):
  File "/usr/lib/python3.10/site-packages/astroid/bases.py", line 557, in Generator
    special_attributes = lazy_descriptor(objectmodel.GeneratorModel)
  File "/usr/lib/python3.10/site-packages/astroid/util.py", line 29, in <lambda>
    lambda: importlib.import_module("." + module_name, "astroid")
  File "/usr/lib64/python3.10/importlib/__init__.py", line 126, in import_module
    return _bootstrap._gcd_import(name[level:], package, level)
  File "/usr/lib/python3.10/site-packages/astroid/interpreter/objectmodel.py", line 44, in <module>
    from astroid.manager import AstroidManager
  File "/usr/lib/python3.10/site-packages/astroid/manager.py", line 38, in <module>
    from astroid.interpreter._import import spec
  File "/usr/lib/python3.10/site-packages/astroid/interpreter/_import/spec.py", line 27, in <module>
    from . import util
  File "/usr/lib/python3.10/site-packages/astroid/interpreter/_import/util.py", line 7, in <module>
    import pkg_resources
  File "/usr/lib/python3.10/site-packages/pkg_resources/__init__.py", line 3247, in <module>
    def _initialize_master_working_set():
  File "/usr/lib/python3.10/site-packages/pkg_resources/__init__.py", line 3221, in _call_aside
    f(*args, **kwargs)
  File "/usr/lib/python3.10/site-packages/pkg_resources/__init__.py", line 3259, in _initialize_master_working_set
    working_set = WorkingSet._build_master()
  File "/usr/lib/python3.10/site-packages/pkg_resources/__init__.py", line 581, in _build_master
    return cls._build_from_requirements(__requires__)
  File "/usr/lib/python3.10/site-packages/pkg_resources/__init__.py", line 594, in _build_from_requirements
    dists = ws.resolve(reqs, Environment())
  File "/usr/lib/python3.10/site-packages/pkg_resources/__init__.py", line 783, in resolve
    raise DistributionNotFound(req, requirers)
pkg_resources.DistributionNotFound: The 'wrapt<1.14,>=1.11' distribution was not found and is required by astroid
+ CHECK_RESULT 1 0 0 'L31: symilar -d No Pass'
+ actual_result=1
+ expect_result=0
+ mode=0
+ error_log='L31: symilar -d No Pass'
+ exit_mode=0
+ '[' -z 1 ']'
+ '[' 0 -eq 0 ']'
+ test 1x '!=' 0x
+ test -n 'L31: symilar -d No Pass'
+ LOG_ERROR 'L31: symilar -d No Pass'
+ message='L31: symilar -d No Pass'
+ python3 /root/mugen/libs/locallibs/mugen_log.py --level error --message 'L31: symilar -d No Pass'
Tue Nov 21 22:56:38 2023 - ERROR - L31: symilar -d No Pass
+ (( exec_result++ ))
+ LOG_ERROR 'oe_test_symilar.sh line 31'
+ message='oe_test_symilar.sh line 31'
+ python3 /root/mugen/libs/locallibs/mugen_log.py --level error --message 'oe_test_symilar.sh line 31'
Tue Nov 21 22:56:38 2023 - ERROR - oe_test_symilar.sh line 31
+ '[' 0 -eq 1 ']'
+ return 0
+ symilar --duplicates 4 ./common/test.py ./common/test.py
+ grep TOTAL
Traceback (most recent call last):
  File "/usr/lib/python3.10/site-packages/pkg_resources/__init__.py", line 579, in _build_master
    ws.require(__requires__)
  File "/usr/lib/python3.10/site-packages/pkg_resources/__init__.py", line 897, in require
    needed = self.resolve(parse_requirements(requirements))
  File "/usr/lib/python3.10/site-packages/pkg_resources/__init__.py", line 788, in resolve
    raise VersionConflict(dist, req).with_context(dependent_req)
pkg_resources.ContextualVersionConflict: (wrapt 1.14.1 (/usr/lib64/python3.10/site-packages), Requirement.parse('wrapt<1.14,>=1.11'), {'astroid'})

During handling of the above exception, another exception occurred:

Traceback (most recent call last):
  File "/usr/bin/symilar", line 33, in <module>
    sys.exit(load_entry_point('pylint==2.12.2', 'console_scripts', 'symilar')())
  File "/usr/lib/python3.10/site-packages/pylint/__init__.py", line 44, in run_symilar
    from pylint.checkers.similar import Run as SimilarRun
  File "/usr/lib/python3.10/site-packages/pylint/checkers/__init__.py", line 53, in <module>
    from pylint.checkers.base_checker import BaseChecker, BaseTokenChecker
  File "/usr/lib/python3.10/site-packages/pylint/checkers/base_checker.py", line 24, in <module>
    from astroid import nodes
  File "/usr/lib/python3.10/site-packages/astroid/__init__.py", line 51, in <module>
    from astroid.nodes import node_classes, scoped_nodes
  File "/usr/lib/python3.10/site-packages/astroid/nodes/__init__.py", line 27, in <module>
    from astroid.nodes.node_classes import (  # pylint: disable=redefined-builtin (Ellipsis)
  File "/usr/lib/python3.10/site-packages/astroid/nodes/node_classes.py", line 50, in <module>
    from astroid.bases import Instance, _infer_stmts
  File "/usr/lib/python3.10/site-packages/astroid/bases.py", line 551, in <module>
    class Generator(BaseInstance):
  File "/usr/lib/python3.10/site-packages/astroid/bases.py", line 557, in Generator
    special_attributes = lazy_descriptor(objectmodel.GeneratorModel)
  File "/usr/lib/python3.10/site-packages/astroid/util.py", line 29, in <lambda>
    lambda: importlib.import_module("." + module_name, "astroid")
  File "/usr/lib64/python3.10/importlib/__init__.py", line 126, in import_module
    return _bootstrap._gcd_import(name[level:], package, level)
  File "/usr/lib/python3.10/site-packages/astroid/interpreter/objectmodel.py", line 44, in <module>
    from astroid.manager import AstroidManager
  File "/usr/lib/python3.10/site-packages/astroid/manager.py", line 38, in <module>
    from astroid.interpreter._import import spec
  File "/usr/lib/python3.10/site-packages/astroid/interpreter/_import/spec.py", line 27, in <module>
    from . import util
  File "/usr/lib/python3.10/site-packages/astroid/interpreter/_import/util.py", line 7, in <module>
    import pkg_resources
  File "/usr/lib/python3.10/site-packages/pkg_resources/__init__.py", line 3247, in <module>
    def _initialize_master_working_set():
  File "/usr/lib/python3.10/site-packages/pkg_resources/__init__.py", line 3221, in _call_aside
    f(*args, **kwargs)
  File "/usr/lib/python3.10/site-packages/pkg_resources/__init__.py", line 3259, in _initialize_master_working_set
    working_set = WorkingSet._build_master()
  File "/usr/lib/python3.10/site-packages/pkg_resources/__init__.py", line 581, in _build_master
    return cls._build_from_requirements(__requires__)
  File "/usr/lib/python3.10/site-packages/pkg_resources/__init__.py", line 594, in _build_from_requirements
    dists = ws.resolve(reqs, Environment())
  File "/usr/lib/python3.10/site-packages/pkg_resources/__init__.py", line 783, in resolve
    raise DistributionNotFound(req, requirers)
pkg_resources.DistributionNotFound: The 'wrapt<1.14,>=1.11' distribution was not found and is required by astroid
+ CHECK_RESULT 1 0 0 'L33: symilar -d No Pass'
+ actual_result=1
+ expect_result=0
+ mode=0
+ error_log='L33: symilar -d No Pass'
+ exit_mode=0
+ '[' -z 1 ']'
+ '[' 0 -eq 0 ']'
+ test 1x '!=' 0x
+ test -n 'L33: symilar -d No Pass'
+ LOG_ERROR 'L33: symilar -d No Pass'
+ message='L33: symilar -d No Pass'
+ python3 /root/mugen/libs/locallibs/mugen_log.py --level error --message 'L33: symilar -d No Pass'
Tue Nov 21 22:56:44 2023 - ERROR - L33: symilar -d No Pass
+ (( exec_result++ ))
+ LOG_ERROR 'oe_test_symilar.sh line 33'
+ message='oe_test_symilar.sh line 33'
+ python3 /root/mugen/libs/locallibs/mugen_log.py --level error --message 'oe_test_symilar.sh line 33'
Tue Nov 21 22:56:45 2023 - ERROR - oe_test_symilar.sh line 33
+ '[' 0 -eq 1 ']'
+ return 0
+ symilar -i ./common/test.py ./common/test.py
+ grep TOTAL
Traceback (most recent call last):
  File "/usr/lib/python3.10/site-packages/pkg_resources/__init__.py", line 579, in _build_master
    ws.require(__requires__)
  File "/usr/lib/python3.10/site-packages/pkg_resources/__init__.py", line 897, in require
    needed = self.resolve(parse_requirements(requirements))
  File "/usr/lib/python3.10/site-packages/pkg_resources/__init__.py", line 788, in resolve
    raise VersionConflict(dist, req).with_context(dependent_req)
pkg_resources.ContextualVersionConflict: (wrapt 1.14.1 (/usr/lib64/python3.10/site-packages), Requirement.parse('wrapt<1.14,>=1.11'), {'astroid'})

During handling of the above exception, another exception occurred:

Traceback (most recent call last):
  File "/usr/bin/symilar", line 33, in <module>
    sys.exit(load_entry_point('pylint==2.12.2', 'console_scripts', 'symilar')())
  File "/usr/lib/python3.10/site-packages/pylint/__init__.py", line 44, in run_symilar
    from pylint.checkers.similar import Run as SimilarRun
  File "/usr/lib/python3.10/site-packages/pylint/checkers/__init__.py", line 53, in <module>
    from pylint.checkers.base_checker import BaseChecker, BaseTokenChecker
  File "/usr/lib/python3.10/site-packages/pylint/checkers/base_checker.py", line 24, in <module>
    from astroid import nodes
  File "/usr/lib/python3.10/site-packages/astroid/__init__.py", line 51, in <module>
    from astroid.nodes import node_classes, scoped_nodes
  File "/usr/lib/python3.10/site-packages/astroid/nodes/__init__.py", line 27, in <module>
    from astroid.nodes.node_classes import (  # pylint: disable=redefined-builtin (Ellipsis)
  File "/usr/lib/python3.10/site-packages/astroid/nodes/node_classes.py", line 50, in <module>
    from astroid.bases import Instance, _infer_stmts
  File "/usr/lib/python3.10/site-packages/astroid/bases.py", line 551, in <module>
    class Generator(BaseInstance):
  File "/usr/lib/python3.10/site-packages/astroid/bases.py", line 557, in Generator
    special_attributes = lazy_descriptor(objectmodel.GeneratorModel)
  File "/usr/lib/python3.10/site-packages/astroid/util.py", line 29, in <lambda>
    lambda: importlib.import_module("." + module_name, "astroid")
  File "/usr/lib64/python3.10/importlib/__init__.py", line 126, in import_module
    return _bootstrap._gcd_import(name[level:], package, level)
  File "/usr/lib/python3.10/site-packages/astroid/interpreter/objectmodel.py", line 44, in <module>
    from astroid.manager import AstroidManager
  File "/usr/lib/python3.10/site-packages/astroid/manager.py", line 38, in <module>
    from astroid.interpreter._import import spec
  File "/usr/lib/python3.10/site-packages/astroid/interpreter/_import/spec.py", line 27, in <module>
    from . import util
  File "/usr/lib/python3.10/site-packages/astroid/interpreter/_import/util.py", line 7, in <module>
    import pkg_resources
  File "/usr/lib/python3.10/site-packages/pkg_resources/__init__.py", line 3247, in <module>
    def _initialize_master_working_set():
  File "/usr/lib/python3.10/site-packages/pkg_resources/__init__.py", line 3221, in _call_aside
    f(*args, **kwargs)
  File "/usr/lib/python3.10/site-packages/pkg_resources/__init__.py", line 3259, in _initialize_master_working_set
    working_set = WorkingSet._build_master()
  File "/usr/lib/python3.10/site-packages/pkg_resources/__init__.py", line 581, in _build_master
    return cls._build_from_requirements(__requires__)
  File "/usr/lib/python3.10/site-packages/pkg_resources/__init__.py", line 594, in _build_from_requirements
    dists = ws.resolve(reqs, Environment())
  File "/usr/lib/python3.10/site-packages/pkg_resources/__init__.py", line 783, in resolve
    raise DistributionNotFound(req, requirers)
pkg_resources.DistributionNotFound: The 'wrapt<1.14,>=1.11' distribution was not found and is required by astroid
+ CHECK_RESULT 1 0 0 'L35: symilar -i No Pass'
+ actual_result=1
+ expect_result=0
+ mode=0
+ error_log='L35: symilar -i No Pass'
+ exit_mode=0
+ '[' -z 1 ']'
+ '[' 0 -eq 0 ']'
+ test 1x '!=' 0x
+ test -n 'L35: symilar -i No Pass'
+ LOG_ERROR 'L35: symilar -i No Pass'
+ message='L35: symilar -i No Pass'
+ python3 /root/mugen/libs/locallibs/mugen_log.py --level error --message 'L35: symilar -i No Pass'
Tue Nov 21 22:56:50 2023 - ERROR - L35: symilar -i No Pass
+ (( exec_result++ ))
+ LOG_ERROR 'oe_test_symilar.sh line 35'
+ message='oe_test_symilar.sh line 35'
+ python3 /root/mugen/libs/locallibs/mugen_log.py --level error --message 'oe_test_symilar.sh line 35'
Tue Nov 21 22:56:51 2023 - ERROR - oe_test_symilar.sh line 35
+ '[' 0 -eq 1 ']'
+ return 0
+ symilar --ignore-comments ./common/test.py ./common/test.py
+ grep TOTAL
Traceback (most recent call last):
  File "/usr/lib/python3.10/site-packages/pkg_resources/__init__.py", line 579, in _build_master
    ws.require(__requires__)
  File "/usr/lib/python3.10/site-packages/pkg_resources/__init__.py", line 897, in require
    needed = self.resolve(parse_requirements(requirements))
  File "/usr/lib/python3.10/site-packages/pkg_resources/__init__.py", line 788, in resolve
    raise VersionConflict(dist, req).with_context(dependent_req)
pkg_resources.ContextualVersionConflict: (wrapt 1.14.1 (/usr/lib64/python3.10/site-packages), Requirement.parse('wrapt<1.14,>=1.11'), {'astroid'})

During handling of the above exception, another exception occurred:

Traceback (most recent call last):
  File "/usr/bin/symilar", line 33, in <module>
    sys.exit(load_entry_point('pylint==2.12.2', 'console_scripts', 'symilar')())
  File "/usr/lib/python3.10/site-packages/pylint/__init__.py", line 44, in run_symilar
    from pylint.checkers.similar import Run as SimilarRun
  File "/usr/lib/python3.10/site-packages/pylint/checkers/__init__.py", line 53, in <module>
    from pylint.checkers.base_checker import BaseChecker, BaseTokenChecker
  File "/usr/lib/python3.10/site-packages/pylint/checkers/base_checker.py", line 24, in <module>
    from astroid import nodes
  File "/usr/lib/python3.10/site-packages/astroid/__init__.py", line 51, in <module>
    from astroid.nodes import node_classes, scoped_nodes
  File "/usr/lib/python3.10/site-packages/astroid/nodes/__init__.py", line 27, in <module>
    from astroid.nodes.node_classes import (  # pylint: disable=redefined-builtin (Ellipsis)
  File "/usr/lib/python3.10/site-packages/astroid/nodes/node_classes.py", line 50, in <module>
    from astroid.bases import Instance, _infer_stmts
  File "/usr/lib/python3.10/site-packages/astroid/bases.py", line 551, in <module>
    class Generator(BaseInstance):
  File "/usr/lib/python3.10/site-packages/astroid/bases.py", line 557, in Generator
    special_attributes = lazy_descriptor(objectmodel.GeneratorModel)
  File "/usr/lib/python3.10/site-packages/astroid/util.py", line 29, in <lambda>
    lambda: importlib.import_module("." + module_name, "astroid")
  File "/usr/lib64/python3.10/importlib/__init__.py", line 126, in import_module
    return _bootstrap._gcd_import(name[level:], package, level)
  File "/usr/lib/python3.10/site-packages/astroid/interpreter/objectmodel.py", line 44, in <module>
    from astroid.manager import AstroidManager
  File "/usr/lib/python3.10/site-packages/astroid/manager.py", line 38, in <module>
    from astroid.interpreter._import import spec
  File "/usr/lib/python3.10/site-packages/astroid/interpreter/_import/spec.py", line 27, in <module>
    from . import util
  File "/usr/lib/python3.10/site-packages/astroid/interpreter/_import/util.py", line 7, in <module>
    import pkg_resources
  File "/usr/lib/python3.10/site-packages/pkg_resources/__init__.py", line 3247, in <module>
    def _initialize_master_working_set():
  File "/usr/lib/python3.10/site-packages/pkg_resources/__init__.py", line 3221, in _call_aside
    f(*args, **kwargs)
  File "/usr/lib/python3.10/site-packages/pkg_resources/__init__.py", line 3259, in _initialize_master_working_set
    working_set = WorkingSet._build_master()
  File "/usr/lib/python3.10/site-packages/pkg_resources/__init__.py", line 581, in _build_master
    return cls._build_from_requirements(__requires__)
  File "/usr/lib/python3.10/site-packages/pkg_resources/__init__.py", line 594, in _build_from_requirements
    dists = ws.resolve(reqs, Environment())
  File "/usr/lib/python3.10/site-packages/pkg_resources/__init__.py", line 783, in resolve
    raise DistributionNotFound(req, requirers)
pkg_resources.DistributionNotFound: The 'wrapt<1.14,>=1.11' distribution was not found and is required by astroid
+ CHECK_RESULT 1 0 0 'L37: symilar --ignore-comments No Pass'
+ actual_result=1
+ expect_result=0
+ mode=0
+ error_log='L37: symilar --ignore-comments No Pass'
+ exit_mode=0
+ '[' -z 1 ']'
+ '[' 0 -eq 0 ']'
+ test 1x '!=' 0x
+ test -n 'L37: symilar --ignore-comments No Pass'
+ LOG_ERROR 'L37: symilar --ignore-comments No Pass'
+ message='L37: symilar --ignore-comments No Pass'
+ python3 /root/mugen/libs/locallibs/mugen_log.py --level error --message 'L37: symilar --ignore-comments No Pass'
Tue Nov 21 22:56:57 2023 - ERROR - L37: symilar --ignore-comments No Pass
+ (( exec_result++ ))
+ LOG_ERROR 'oe_test_symilar.sh line 37'
+ message='oe_test_symilar.sh line 37'
+ python3 /root/mugen/libs/locallibs/mugen_log.py --level error --message 'oe_test_symilar.sh line 37'
Tue Nov 21 22:56:57 2023 - ERROR - oe_test_symilar.sh line 37
+ '[' 0 -eq 1 ']'
+ return 0
+ symilar --ignore-docstrings ./common/test.py ./common/test.py
+ grep TOTAL
Traceback (most recent call last):
  File "/usr/lib/python3.10/site-packages/pkg_resources/__init__.py", line 579, in _build_master
    ws.require(__requires__)
  File "/usr/lib/python3.10/site-packages/pkg_resources/__init__.py", line 897, in require
    needed = self.resolve(parse_requirements(requirements))
  File "/usr/lib/python3.10/site-packages/pkg_resources/__init__.py", line 788, in resolve
    raise VersionConflict(dist, req).with_context(dependent_req)
pkg_resources.ContextualVersionConflict: (wrapt 1.14.1 (/usr/lib64/python3.10/site-packages), Requirement.parse('wrapt<1.14,>=1.11'), {'astroid'})

During handling of the above exception, another exception occurred:

Traceback (most recent call last):
  File "/usr/bin/symilar", line 33, in <module>
    sys.exit(load_entry_point('pylint==2.12.2', 'console_scripts', 'symilar')())
  File "/usr/lib/python3.10/site-packages/pylint/__init__.py", line 44, in run_symilar
    from pylint.checkers.similar import Run as SimilarRun
  File "/usr/lib/python3.10/site-packages/pylint/checkers/__init__.py", line 53, in <module>
    from pylint.checkers.base_checker import BaseChecker, BaseTokenChecker
  File "/usr/lib/python3.10/site-packages/pylint/checkers/base_checker.py", line 24, in <module>
    from astroid import nodes
  File "/usr/lib/python3.10/site-packages/astroid/__init__.py", line 51, in <module>
    from astroid.nodes import node_classes, scoped_nodes
  File "/usr/lib/python3.10/site-packages/astroid/nodes/__init__.py", line 27, in <module>
    from astroid.nodes.node_classes import (  # pylint: disable=redefined-builtin (Ellipsis)
  File "/usr/lib/python3.10/site-packages/astroid/nodes/node_classes.py", line 50, in <module>
    from astroid.bases import Instance, _infer_stmts
  File "/usr/lib/python3.10/site-packages/astroid/bases.py", line 551, in <module>
    class Generator(BaseInstance):
  File "/usr/lib/python3.10/site-packages/astroid/bases.py", line 557, in Generator
    special_attributes = lazy_descriptor(objectmodel.GeneratorModel)
  File "/usr/lib/python3.10/site-packages/astroid/util.py", line 29, in <lambda>
    lambda: importlib.import_module("." + module_name, "astroid")
  File "/usr/lib64/python3.10/importlib/__init__.py", line 126, in import_module
    return _bootstrap._gcd_import(name[level:], package, level)
  File "/usr/lib/python3.10/site-packages/astroid/interpreter/objectmodel.py", line 44, in <module>
    from astroid.manager import AstroidManager
  File "/usr/lib/python3.10/site-packages/astroid/manager.py", line 38, in <module>
    from astroid.interpreter._import import spec
  File "/usr/lib/python3.10/site-packages/astroid/interpreter/_import/spec.py", line 27, in <module>
    from . import util
  File "/usr/lib/python3.10/site-packages/astroid/interpreter/_import/util.py", line 7, in <module>
    import pkg_resources
  File "/usr/lib/python3.10/site-packages/pkg_resources/__init__.py", line 3247, in <module>
    def _initialize_master_working_set():
  File "/usr/lib/python3.10/site-packages/pkg_resources/__init__.py", line 3221, in _call_aside
    f(*args, **kwargs)
  File "/usr/lib/python3.10/site-packages/pkg_resources/__init__.py", line 3259, in _initialize_master_working_set
    working_set = WorkingSet._build_master()
  File "/usr/lib/python3.10/site-packages/pkg_resources/__init__.py", line 581, in _build_master
    return cls._build_from_requirements(__requires__)
  File "/usr/lib/python3.10/site-packages/pkg_resources/__init__.py", line 594, in _build_from_requirements
    dists = ws.resolve(reqs, Environment())
  File "/usr/lib/python3.10/site-packages/pkg_resources/__init__.py", line 783, in resolve
    raise DistributionNotFound(req, requirers)
pkg_resources.DistributionNotFound: The 'wrapt<1.14,>=1.11' distribution was not found and is required by astroid
+ CHECK_RESULT 1 0 0 'L39: symilar --ignore-docstrings No Pass'
+ actual_result=1
+ expect_result=0
+ mode=0
+ error_log='L39: symilar --ignore-docstrings No Pass'
+ exit_mode=0
+ '[' -z 1 ']'
+ '[' 0 -eq 0 ']'
+ test 1x '!=' 0x
+ test -n 'L39: symilar --ignore-docstrings No Pass'
+ LOG_ERROR 'L39: symilar --ignore-docstrings No Pass'
+ message='L39: symilar --ignore-docstrings No Pass'
+ python3 /root/mugen/libs/locallibs/mugen_log.py --level error --message 'L39: symilar --ignore-docstrings No Pass'
Tue Nov 21 22:57:03 2023 - ERROR - L39: symilar --ignore-docstrings No Pass
+ (( exec_result++ ))
+ LOG_ERROR 'oe_test_symilar.sh line 39'
+ message='oe_test_symilar.sh line 39'
+ python3 /root/mugen/libs/locallibs/mugen_log.py --level error --message 'oe_test_symilar.sh line 39'
Tue Nov 21 22:57:04 2023 - ERROR - oe_test_symilar.sh line 39
+ '[' 0 -eq 1 ']'
+ return 0
+ symilar --ignore-imports ./common/test.py ./common/test.py
+ grep TOTAL
Traceback (most recent call last):
  File "/usr/lib/python3.10/site-packages/pkg_resources/__init__.py", line 579, in _build_master
    ws.require(__requires__)
  File "/usr/lib/python3.10/site-packages/pkg_resources/__init__.py", line 897, in require
    needed = self.resolve(parse_requirements(requirements))
  File "/usr/lib/python3.10/site-packages/pkg_resources/__init__.py", line 788, in resolve
    raise VersionConflict(dist, req).with_context(dependent_req)
pkg_resources.ContextualVersionConflict: (wrapt 1.14.1 (/usr/lib64/python3.10/site-packages), Requirement.parse('wrapt<1.14,>=1.11'), {'astroid'})

During handling of the above exception, another exception occurred:

Traceback (most recent call last):
  File "/usr/bin/symilar", line 33, in <module>
    sys.exit(load_entry_point('pylint==2.12.2', 'console_scripts', 'symilar')())
  File "/usr/lib/python3.10/site-packages/pylint/__init__.py", line 44, in run_symilar
    from pylint.checkers.similar import Run as SimilarRun
  File "/usr/lib/python3.10/site-packages/pylint/checkers/__init__.py", line 53, in <module>
    from pylint.checkers.base_checker import BaseChecker, BaseTokenChecker
  File "/usr/lib/python3.10/site-packages/pylint/checkers/base_checker.py", line 24, in <module>
    from astroid import nodes
  File "/usr/lib/python3.10/site-packages/astroid/__init__.py", line 51, in <module>
    from astroid.nodes import node_classes, scoped_nodes
  File "/usr/lib/python3.10/site-packages/astroid/nodes/__init__.py", line 27, in <module>
    from astroid.nodes.node_classes import (  # pylint: disable=redefined-builtin (Ellipsis)
  File "/usr/lib/python3.10/site-packages/astroid/nodes/node_classes.py", line 50, in <module>
    from astroid.bases import Instance, _infer_stmts
  File "/usr/lib/python3.10/site-packages/astroid/bases.py", line 551, in <module>
    class Generator(BaseInstance):
  File "/usr/lib/python3.10/site-packages/astroid/bases.py", line 557, in Generator
    special_attributes = lazy_descriptor(objectmodel.GeneratorModel)
  File "/usr/lib/python3.10/site-packages/astroid/util.py", line 29, in <lambda>
    lambda: importlib.import_module("." + module_name, "astroid")
  File "/usr/lib64/python3.10/importlib/__init__.py", line 126, in import_module
    return _bootstrap._gcd_import(name[level:], package, level)
  File "/usr/lib/python3.10/site-packages/astroid/interpreter/objectmodel.py", line 44, in <module>
    from astroid.manager import AstroidManager
  File "/usr/lib/python3.10/site-packages/astroid/manager.py", line 38, in <module>
    from astroid.interpreter._import import spec
  File "/usr/lib/python3.10/site-packages/astroid/interpreter/_import/spec.py", line 27, in <module>
    from . import util
  File "/usr/lib/python3.10/site-packages/astroid/interpreter/_import/util.py", line 7, in <module>
    import pkg_resources
  File "/usr/lib/python3.10/site-packages/pkg_resources/__init__.py", line 3247, in <module>
    def _initialize_master_working_set():
  File "/usr/lib/python3.10/site-packages/pkg_resources/__init__.py", line 3221, in _call_aside
    f(*args, **kwargs)
  File "/usr/lib/python3.10/site-packages/pkg_resources/__init__.py", line 3259, in _initialize_master_working_set
    working_set = WorkingSet._build_master()
  File "/usr/lib/python3.10/site-packages/pkg_resources/__init__.py", line 581, in _build_master
    return cls._build_from_requirements(__requires__)
  File "/usr/lib/python3.10/site-packages/pkg_resources/__init__.py", line 594, in _build_from_requirements
    dists = ws.resolve(reqs, Environment())
  File "/usr/lib/python3.10/site-packages/pkg_resources/__init__.py", line 783, in resolve
    raise DistributionNotFound(req, requirers)
pkg_resources.DistributionNotFound: The 'wrapt<1.14,>=1.11' distribution was not found and is required by astroid
+ CHECK_RESULT 1 0 0 'L41: symilar --ignore-imports No Pass'
+ actual_result=1
+ expect_result=0
+ mode=0
+ error_log='L41: symilar --ignore-imports No Pass'
+ exit_mode=0
+ '[' -z 1 ']'
+ '[' 0 -eq 0 ']'
+ test 1x '!=' 0x
+ test -n 'L41: symilar --ignore-imports No Pass'
+ LOG_ERROR 'L41: symilar --ignore-imports No Pass'
+ message='L41: symilar --ignore-imports No Pass'
+ python3 /root/mugen/libs/locallibs/mugen_log.py --level error --message 'L41: symilar --ignore-imports No Pass'
Tue Nov 21 22:57:12 2023 - ERROR - L41: symilar --ignore-imports No Pass
+ (( exec_result++ ))
+ LOG_ERROR 'oe_test_symilar.sh line 41'
+ message='oe_test_symilar.sh line 41'
+ python3 /root/mugen/libs/locallibs/mugen_log.py --level error --message 'oe_test_symilar.sh line 41'
Tue Nov 21 22:57:13 2023 - ERROR - oe_test_symilar.sh line 41
+ '[' 0 -eq 1 ']'
+ return 0
+ LOG_INFO 'End to run test.'
+ message='End to run test.'
+ python3 /root/mugen/libs/locallibs/mugen_log.py --level info --message 'End to run test.'
Tue Nov 21 22:57:13 2023 - INFO  - End to run test.
+ CASE_RESULT 0
+ case_re=0
+ test -z 6
+ test 6 -gt 0
+ LOG_ERROR 'failed to execute the case.'
+ message='failed to execute the case.'
+ python3 /root/mugen/libs/locallibs/mugen_log.py --level error --message 'failed to execute the case.'
Tue Nov 21 22:57:14 2023 - ERROR - failed to execute the case.
+ exit 6
+ post_test
+ LOG_INFO 'Start to restore the test environment.'
+ message='Start to restore the test environment.'
+ python3 /root/mugen/libs/locallibs/mugen_log.py --level info --message 'Start to restore the test environment.'
Tue Nov 21 22:57:14 2023 - INFO  - Start to restore the test environment.
+ DNF_REMOVE
+ node=1
+ pkg_list=
+ mode=0
+ [[ -z /tmp/tmp70icfb1_ ]]
+ '[' 0 -ne 0 ']'
+ '[' 1 == 0 ']'
+ python3 /root/mugen/libs/locallibs/rpm_manage.py remove --node 1 --pkgs '' --tempfile /tmp/tmp70icfb1_
+ '[' 0 -ne 0 ']'
+ LOG_INFO 'End to restore the test environment.'
+ message='End to restore the test environment.'
+ python3 /root/mugen/libs/locallibs/mugen_log.py --level info --message 'End to restore the test environment.'
Tue Nov 21 22:57:26 2023 - INFO  - End to restore the test environment.
