$ ./bin/riscv_sim_RV32_after --pmp-count=64 elf/test_NAPOT.elf
Running file elf/test_NAPOT.elf.
ELF Entry @ 0x80000000
begin_signature: 0x80003110
end_signature: 0x80003120
CSR mstatus <- 0x00000000 (input: 0x00000000)
mem[X,0x00001000] -> 0x0297
mem[X,0x00001002] -> 0x0000
[0] [M]: 0x00001000 (0x00000297) auipc t0, 0x0
x5 <- 0x00001000
mem[X,0x00001004] -> 0x8593
mem[X,0x00001006] -> 0x0202
[1] [M]: 0x00001004 (0x02028593) addi a1, t0, 0x20
x11 <- 0x00001020
mem[X,0x00001008] -> 0x2573
mem[X,0x0000100A] -> 0xF140
[2] [M]: 0x00001008 (0xF1402573) csrrs a0, mhartid, zero
CSR mhartid -> 0x00000000
x10 <- 0x00000000
mem[X,0x0000100C] -> 0xA283
mem[X,0x0000100E] -> 0x0182
[3] [M]: 0x0000100C (0x0182A283) lw t0, 0x18(t0)
mem[R,0x00001018] -> 0x80000000
x5 <- 0x80000000
mem[X,0x00001010] -> 0x8067
mem[X,0x00001012] -> 0x0002
[4] [M]: 0x00001010 (0x00028067) jalr zero, 0x0(t0)
mem[X,0x80000000] -> 0xC0B7
mem[X,0x80000002] -> 0xFEED
[5] [M]: 0x80000000 (0xFEEDC0B7) lui ra, 0xfeedc
x1 <- 0xFEEDC000
mem[X,0x80000004] -> 0x8093
mem[X,0x80000006] -> 0xEAD0
[6] [M]: 0x80000004 (0xEAD08093) addi ra, ra, 0xead
x1 <- 0xFEEDBEAD
mem[X,0x80000008] -> 0xE137
mem[X,0x8000000A] -> 0xFF76
[7] [M]: 0x80000008 (0xFF76E137) lui sp, 0xff76e
x2 <- 0xFF76E000
mem[X,0x8000000C] -> 0x0113
mem[X,0x8000000E] -> 0xF561
[8] [M]: 0x8000000C (0xF5610113) addi sp, sp, 0xf56
x2 <- 0xFF76DF56
mem[X,0x80000010] -> 0x71B7
mem[X,0x80000012] -> 0x7FBB
[9] [M]: 0x80000010 (0x7FBB71B7) lui gp, 0x7fbb7
x3 <- 0x7FBB7000
mem[X,0x80000014] -> 0x8193
mem[X,0x80000016] -> 0xFAB1
[10] [M]: 0x80000014 (0xFAB18193) addi gp, gp, 0xfab
x3 <- 0x7FBB6FAB
mem[X,0x80000018] -> 0xB237
mem[X,0x8000001A] -> 0xBFDD
[11] [M]: 0x80000018 (0xBFDDB237) lui tp, 0xbfddb
x4 <- 0xBFDDB000
mem[X,0x8000001C] -> 0x0213
mem[X,0x8000001E] -> 0x7D52
[12] [M]: 0x8000001C (0x7D520213) addi tp, tp, 0x7d5
x4 <- 0xBFDDB7D5
mem[X,0x80000020] -> 0xE2B7
mem[X,0x80000022] -> 0xDFEE
[13] [M]: 0x80000020 (0xDFEEE2B7) lui t0, 0xdfeee
x5 <- 0xDFEEE000
mem[X,0x80000024] -> 0x8293
mem[X,0x80000026] -> 0xBEA2
[14] [M]: 0x80000024 (0xBEA28293) addi t0, t0, 0xbea
x5 <- 0xDFEEDBEA
mem[X,0x80000028] -> 0x7337
mem[X,0x8000002A] -> 0x6FF7
[15] [M]: 0x80000028 (0x6FF77337) lui t1, 0x6ff77
x6 <- 0x6FF77000
mem[X,0x8000002C] -> 0x0313
mem[X,0x8000002E] -> 0xDF53
[16] [M]: 0x8000002C (0xDF530313) addi t1, t1, 0xdf5
x6 <- 0x6FF76DF5
mem[X,0x80000030] -> 0xB3B7
mem[X,0x80000032] -> 0xB7FB
[17] [M]: 0x80000030 (0xB7FBB3B7) lui t2, 0xb7fbb
x7 <- 0xB7FBB000
mem[X,0x80000034] -> 0x8393
mem[X,0x80000036] -> 0x6FA3
[18] [M]: 0x80000034 (0x6FA38393) addi t2, t2, 0x6fa
x7 <- 0xB7FBB6FA
mem[X,0x80000038] -> 0xE437
mem[X,0x8000003A] -> 0x5BFD
[19] [M]: 0x80000038 (0x5BFDE437) lui fp, 0x5bfde
x8 <- 0x5BFDE000
mem[X,0x8000003C] -> 0x0413
mem[X,0x8000003E] -> 0xB7D4
[20] [M]: 0x8000003C (0xB7D40413) addi fp, fp, 0xb7d
x8 <- 0x5BFDDB7D
mem[X,0x80000040] -> 0xF4B7
mem[X,0x80000042] -> 0xADFE
[21] [M]: 0x80000040 (0xADFEF4B7) lui s1, 0xadfef
x9 <- 0xADFEF000
mem[X,0x80000044] -> 0x8493
mem[X,0x80000046] -> 0xDBE4
[22] [M]: 0x80000044 (0xDBE48493) addi s1, s1, 0xdbe
x9 <- 0xADFEEDBE
mem[X,0x80000048] -> 0x7537
mem[X,0x8000004A] -> 0x56FF
[23] [M]: 0x80000048 (0x56FF7537) lui a0, 0x56ff7
x10 <- 0x56FF7000
mem[X,0x8000004C] -> 0x0513
mem[X,0x8000004E] -> 0x6DF5
[24] [M]: 0x8000004C (0x6DF50513) addi a0, a0, 0x6df
x10 <- 0x56FF76DF
mem[X,0x80000050] -> 0xC5B7
mem[X,0x80000052] -> 0xAB7F
[25] [M]: 0x80000050 (0xAB7FC5B7) lui a1, 0xab7fc
x11 <- 0xAB7FC000
mem[X,0x80000054] -> 0x8593
mem[X,0x80000056] -> 0xB6F5
[26] [M]: 0x80000054 (0xB6F58593) addi a1, a1, 0xb6f
x11 <- 0xAB7FBB6F
mem[X,0x80000058] -> 0xE637
mem[X,0x8000005A] -> 0xD5BF
[27] [M]: 0x80000058 (0xD5BFE637) lui a2, 0xd5bfe
x12 <- 0xD5BFE000
mem[X,0x8000005C] -> 0x0613
mem[X,0x8000005E] -> 0xDB76
[28] [M]: 0x8000005C (0xDB760613) addi a2, a2, 0xdb7
x12 <- 0xD5BFDDB7
mem[X,0x80000060] -> 0xF6B7
mem[X,0x80000062] -> 0xEADF
[29] [M]: 0x80000060 (0xEADFF6B7) lui a3, 0xeadff
x13 <- 0xEADFF000
mem[X,0x80000064] -> 0x8693
mem[X,0x80000066] -> 0xEDB6
[30] [M]: 0x80000064 (0xEDB68693) addi a3, a3, 0xedb
x13 <- 0xEADFEEDB
mem[X,0x80000068] -> 0xF737
mem[X,0x8000006A] -> 0xF56F
[31] [M]: 0x80000068 (0xF56FF737) lui a4, 0xf56ff
x14 <- 0xF56FF000
mem[X,0x8000006C] -> 0x0713
mem[X,0x8000006E] -> 0x76D7
[32] [M]: 0x8000006C (0x76D70713) addi a4, a4, 0x76d
x14 <- 0xF56FF76D
mem[X,0x80000070] -> 0x07B7
mem[X,0x80000072] -> 0xFAB8
[33] [M]: 0x80000070 (0xFAB807B7) lui a5, 0xfab80
x15 <- 0xFAB80000
mem[X,0x80000074] -> 0x8793
mem[X,0x80000076] -> 0xBB67
[34] [M]: 0x80000074 (0xBB678793) addi a5, a5, 0xbb6
x15 <- 0xFAB7FBB6
mem[X,0x80000078] -> 0x0837
mem[X,0x8000007A] -> 0x7D5C
[35] [M]: 0x80000078 (0x7D5C0837) lui a6, 0x7d5c0
x16 <- 0x7D5C0000
mem[X,0x8000007C] -> 0x0813
mem[X,0x8000007E] -> 0xDDB8
[36] [M]: 0x8000007C (0xDDB80813) addi a6, a6, 0xddb
x16 <- 0x7D5BFDDB
mem[X,0x80000080] -> 0x08B7
mem[X,0x80000082] -> 0xBEAE
[37] [M]: 0x80000080 (0xBEAE08B7) lui a7, 0xbeae0
x17 <- 0xBEAE0000
mem[X,0x80000084] -> 0x8893
mem[X,0x80000086] -> 0xEED8
[38] [M]: 0x80000084 (0xEED88893) addi a7, a7, 0xeed
x17 <- 0xBEADFEED
mem[X,0x80000088] -> 0x0937
mem[X,0x8000008A] -> 0xDF57
[39] [M]: 0x80000088 (0xDF570937) lui s2, 0xdf570
x18 <- 0xDF570000
mem[X,0x8000008C] -> 0x0913
mem[X,0x8000008E] -> 0xF769
[40] [M]: 0x8000008C (0xF7690913) addi s2, s2, 0xf76
x18 <- 0xDF56FF76
mem[X,0x80000090] -> 0x89B7
mem[X,0x80000092] -> 0x6FAB
[41] [M]: 0x80000090 (0x6FAB89B7) lui s3, 0x6fab8
x19 <- 0x6FAB8000
mem[X,0x80000094] -> 0x8993
mem[X,0x80000096] -> 0xFBB9
[42] [M]: 0x80000094 (0xFBB98993) addi s3, s3, 0xfbb
x19 <- 0x6FAB7FBB
mem[X,0x80000098] -> 0xCA37
mem[X,0x8000009A] -> 0xB7D5
[43] [M]: 0x80000098 (0xB7D5CA37) lui s4, 0xb7d5c
x20 <- 0xB7D5C000
mem[X,0x8000009C] -> 0x0A13
mem[X,0x8000009E] -> 0xFDDA
[44] [M]: 0x8000009C (0xFDDA0A13) addi s4, s4, 0xfdd
x20 <- 0xB7D5BFDD
mem[X,0x800000A0] -> 0xEAB7
mem[X,0x800000A2] -> 0xDBEA
[45] [M]: 0x800000A0 (0xDBEAEAB7) lui s5, 0xdbeae
x21 <- 0xDBEAE000
mem[X,0x800000A4] -> 0x8A93
mem[X,0x800000A6] -> 0xFEEA
[46] [M]: 0x800000A4 (0xFEEA8A93) addi s5, s5, 0xfee
x21 <- 0xDBEADFEE
mem[X,0x800000A8] -> 0x7B37
mem[X,0x800000AA] -> 0x6DF5
[47] [M]: 0x800000A8 (0x6DF57B37) lui s6, 0x6df57
x22 <- 0x6DF57000
mem[X,0x800000AC] -> 0x0B13
mem[X,0x800000AE] -> 0xFF7B
[48] [M]: 0x800000AC (0xFF7B0B13) addi s6, s6, 0xff7
x22 <- 0x6DF56FF7
mem[X,0x800000B0] -> 0xBBB7
mem[X,0x800000B2] -> 0xB6FA
[49] [M]: 0x800000B0 (0xB6FABBB7) lui s7, 0xb6fab
x23 <- 0xB6FAB000
mem[X,0x800000B4] -> 0x8B93
mem[X,0x800000B6] -> 0x7FBB
[50] [M]: 0x800000B4 (0x7FBB8B93) addi s7, s7, 0x7fb
x23 <- 0xB6FAB7FB
mem[X,0x800000B8] -> 0x6C37
mem[X,0x800000BA] -> 0xDB7D
[51] [M]: 0x800000B8 (0xDB7D6C37) lui s8, 0xdb7d6
x24 <- 0xDB7D6000
mem[X,0x800000BC] -> 0x0C13
mem[X,0x800000BE] -> 0xBFDC
[52] [M]: 0x800000BC (0xBFDC0C13) addi s8, s8, 0xbfd
x24 <- 0xDB7D5BFD
mem[X,0x800000C0] -> 0xBCB7
mem[X,0x800000C2] -> 0xEDBE
[53] [M]: 0x800000C0 (0xEDBEBCB7) lui s9, 0xedbeb
x25 <- 0xEDBEB000
mem[X,0x800000C4] -> 0x8C93
mem[X,0x800000C6] -> 0xDFEC
[54] [M]: 0x800000C4 (0xDFEC8C93) addi s9, s9, 0xdfe
x25 <- 0xEDBEADFE
mem[X,0x800000C8] -> 0x5D37
mem[X,0x800000CA] -> 0x76DF
[55] [M]: 0x800000C8 (0x76DF5D37) lui s10, 0x76df5
x26 <- 0x76DF5000
mem[X,0x800000CC] -> 0x0D13
mem[X,0x800000CE] -> 0x6FFD
[56] [M]: 0x800000CC (0x6FFD0D13) addi s10, s10, 0x6ff
x26 <- 0x76DF56FF
mem[X,0x800000D0] -> 0xBDB7
mem[X,0x800000D2] -> 0xBB6F
[57] [M]: 0x800000D0 (0xBB6FBDB7) lui s11, 0xbb6fb
x27 <- 0xBB6FB000
mem[X,0x800000D4] -> 0x8D93
mem[X,0x800000D6] -> 0xB7FD
[58] [M]: 0x800000D4 (0xB7FD8D93) addi s11, s11, 0xb7f
x27 <- 0xBB6FAB7F
mem[X,0x800000D8] -> 0xDE37
mem[X,0x800000DA] -> 0xDDB7
[59] [M]: 0x800000D8 (0xDDB7DE37) lui t3, 0xddb7d
x28 <- 0xDDB7D000
mem[X,0x800000DC] -> 0x0E13
mem[X,0x800000DE] -> 0x5BFE
[60] [M]: 0x800000DC (0x5BFE0E13) addi t3, t3, 0x5bf
x28 <- 0xDDB7D5BF
mem[X,0x800000E0] -> 0xFEB7
mem[X,0x800000E2] -> 0xEEDB
[61] [M]: 0x800000E0 (0xEEDBFEB7) lui t4, 0xeedbf
x29 <- 0xEEDBF000
mem[X,0x800000E4] -> 0x8E93
mem[X,0x800000E6] -> 0xADFE
[62] [M]: 0x800000E4 (0xADFE8E93) addi t4, t4, 0xadf
x29 <- 0xEEDBEADF
mem[X,0x800000E8] -> 0xFF37
mem[X,0x800000EA] -> 0xF76D
[63] [M]: 0x800000E8 (0xF76DFF37) lui t5, 0xf76df
x30 <- 0xF76DF000
mem[X,0x800000EC] -> 0x0F13
mem[X,0x800000EE] -> 0x56FF
[64] [M]: 0x800000EC (0x56FF0F13) addi t5, t5, 0x56f
x30 <- 0xF76DF56F
mem[X,0x800000F0] -> 0x0FB7
mem[X,0x800000F2] -> 0xFBB7
[65] [M]: 0x800000F0 (0xFBB70FB7) lui t6, 0xfbb70
x31 <- 0xFBB70000
mem[X,0x800000F4] -> 0x8F93
mem[X,0x800000F6] -> 0xAB7F
[66] [M]: 0x800000F4 (0xAB7F8F93) addi t6, t6, 0xab7
x31 <- 0xFBB6FAB7
mem[X,0x800000F8] -> 0x50FD
[67] [M]: 0x800000F8 (0x50FD) c.li ra, 0x3f
x1 <- 0xFFFFFFFF
mem[X,0x800000FA] -> 0xD093
mem[X,0x800000FC] -> 0x0020
[68] [M]: 0x800000FA (0x0020D093) srli ra, ra, 0x2
x1 <- 0x3FFFFFFF
mem[X,0x800000FE] -> 0x9073
mem[X,0x80000100] -> 0x3B00
[69] [M]: 0x800000FE (0x3B009073) csrrw zero, pmpaddr0, ra
CSR pmpaddr0 -> 0x00000000
CSR pmpaddr0 <- 0x3FFFFFFF (input: 0x3FFFFFFF)
mem[X,0x80000102] -> 0x40FD
[70] [M]: 0x80000102 (0x40FD) c.li ra, 0x1f
x1 <- 0x0000001F
mem[X,0x80000104] -> 0x9073
mem[X,0x80000106] -> 0x3A00
[71] [M]: 0x80000104 (0x3A009073) csrrw zero, pmpcfg0, ra
CSR pmpcfg0 -> 0x00000000
CSR pmpcfg0 <- 0x0000001F (input: 0x0000001F)
mem[X,0x80000108] -> 0x6185
[72] [M]: 0x80000108 (0x6185) c.lui gp, 0x1
x3 <- 0x00001000
mem[X,0x8000010A] -> 0x9073
mem[X,0x8000010C] -> 0x3401
[73] [M]: 0x8000010A (0x34019073) csrrw zero, mscratch, gp
CSR mscratch -> 0x00000000
CSR mscratch <- 0x00001000 (input: 0x00001000)
mem[X,0x8000010E] -> 0x24B7
mem[X,0x80000110] -> 0x0000
[74] [M]: 0x8000010E (0x000024B7) lui s1, 0x2
x9 <- 0x00002000
mem[X,0x80000112] -> 0x8493
mem[X,0x80000114] -> 0x8004
[75] [M]: 0x80000112 (0x80048493) addi s1, s1, 0x800
x9 <- 0x00001800
mem[X,0x80000116] -> 0xB073
mem[X,0x80000118] -> 0x3004
[76] [M]: 0x80000116 (0x3004B073) csrrc zero, mstatus, s1
CSR mstatus -> 0x00000000
CSR mstatus <- 0x00000000 (input: 0x00000000)
mem[X,0x8000011A] -> 0x14B7
mem[X,0x8000011C] -> 0x0000
[77] [M]: 0x8000011A (0x000014B7) lui s1, 0x1
x9 <- 0x00001000
mem[X,0x8000011E] -> 0x8493
mem[X,0x80000120] -> 0x8004
[78] [M]: 0x8000011E (0x80048493) addi s1, s1, 0x800
x9 <- 0x00000800
mem[X,0x80000122] -> 0xA073
mem[X,0x80000124] -> 0x3004
[79] [M]: 0x80000122 (0x3004A073) csrrs zero, mstatus, s1
CSR mstatus -> 0x00000000
CSR mstatus <- 0x00000800 (input: 0x00000800)
mem[X,0x80000126] -> 0x2173
mem[X,0x80000128] -> 0x3400
[80] [M]: 0x80000126 (0x34002173) csrrs sp, mscratch, zero
CSR mscratch -> 0x00001000
x2 <- 0x00001000
mem[X,0x8000012A] -> 0x2303
mem[X,0x8000012C] -> 0x3501
[81] [M]: 0x8000012A (0x35012303) lw t1, 0x350(sp)
mem[R,0x00001350] -> 0x00000000
x6 <- 0x00000000
mem[X,0x8000012E] -> 0x2483
mem[X,0x80000130] -> 0x1581
[82] [M]: 0x8000012E (0x15812483) lw s1, 0x158(sp)
mem[R,0x00001158] -> 0x00000000
x9 <- 0x00000000
mem[X,0x80000132] -> 0x0333
mem[X,0x80000134] -> 0x4093
[83] [M]: 0x80000132 (0x40930333) sub t1, t1, s1
x6 <- 0x00000000
mem[X,0x80000136] -> 0x0313
mem[X,0x80000138] -> 0x0103
[84] [M]: 0x80000136 (0x01030313) addi t1, t1, 0x10
x6 <- 0x00000010
mem[X,0x8000013A] -> 0x0497
mem[X,0x8000013C] -> 0x0000
[85] [M]: 0x8000013A (0x00000497) auipc s1, 0x0
x9 <- 0x8000013A
mem[X,0x8000013E] -> 0x84B3
mem[X,0x80000140] -> 0x0064
[86] [M]: 0x8000013E (0x006484B3) add s1, s1, t1
x9 <- 0x8000014A
mem[X,0x80000142] -> 0x94F3
mem[X,0x80000144] -> 0x3414
[87] [M]: 0x80000142 (0x341494F3) csrrw s1, mepc, s1
CSR mepc -> 0x00000000
CSR mepc <- 0x8000014A (input: 0x8000014A)
x9 <- 0x00000000
mem[X,0x80000146] -> 0x0073
mem[X,0x80000148] -> 0x3020
[88] [M]: 0x80000146 (0x30200073) mret
CSR mstatus <- 0x00000080
ret-ing from M to S
mem[X,0x8000014A] -> 0x6085
[89] [S]: 0x8000014A (0x6085) c.lui ra, 0x1
x1 <- 0x00001000
mem[X,0x8000014C] -> 0xA103
mem[X,0x8000014E] -> 0x0000
[90] [S]: 0x8000014C (0x0000A103) lw sp, 0x0(ra)
mem[R,0x00001000] -> 0x00000297
x2 <- 0x00000297
mem[X,0x80000150] -> 0xA103
mem[X,0x80000152] -> 0x5000
[91] [S]: 0x80000150 (0x5000A103) lw sp, 0x500(ra)
mem[R,0x00001500] -> 0x00000000
x2 <- 0x00000000
mem[X,0x80000154] -> 0x006F
mem[X,0x80000156] -> 0x0200
[92] [S]: 0x80000154 (0x0200006F) jal zero, 0x20
mem[X,0x80000174] -> 0x4085
[93] [S]: 0x80000174 (0x4085) c.li ra, 0x1
x1 <- 0x00000001
mem[X,0x80000176] -> 0x1F17
mem[X,0x80000178] -> 0x0000
[94] [S]: 0x80000176 (0x00001F17) auipc t5, 0x1
x30 <- 0x80001176
mem[X,0x8000017A] -> 0x2523
mem[X,0x8000017C] -> 0xE81F
[95] [S]: 0x8000017A (0xE81F2523) sw ra, 0xe8a(t5)
htif[0x80001000] <- 0x00000001
mem[X,0x8000017E] -> 0xBFE5
[96] [S]: 0x8000017E (0xBFE5) c.j 0x7fc
mem[X,0x80000176] -> 0x1F17
mem[X,0x80000178] -> 0x0000
[97] [S]: 0x80000176 (0x00001F17) auipc t5, 0x1
x30 <- 0x80001176
mem[X,0x8000017A] -> 0x2523
mem[X,0x8000017C] -> 0xE81F
[98] [S]: 0x8000017A (0xE81F2523) sw ra, 0xe8a(t5)
htif[0x80001000] <- 0x00000001
mem[X,0x8000017E] -> 0xBFE5
[99] [S]: 0x8000017E (0xBFE5) c.j 0x7fc
clint::tick mtime <- 0x0000000000000001
 clint timer pending at mtime 0x0000000000000001
htif::tick 0x0000000000000001
mem[X,0x80000176] -> 0x1F17
mem[X,0x80000178] -> 0x0000
[100] [S]: 0x80000176 (0x00001F17) auipc t5, 0x1
x30 <- 0x80001176
mem[X,0x8000017A] -> 0x2523
mem[X,0x8000017C] -> 0xE81F
[101] [S]: 0x8000017A (0xE81F2523) sw ra, 0xe8a(t5)
htif[0x80001000] <- 0x00000001
htif-syscall-proxy cmd: 0x000000000001
SUCCESS
