using /home/minami/vscode/github/riscv-cof/test/riscof_work/rv64i_m/M/src/div-01.S/ref/Reference-sail_c_simulator.signature for test-signature output.
tohost located at 0x8000b000
Running file ref.elf.
ELF Entry @ 0x80000000
begin_signature: 0x8000d110
end_signature: 0x8000e850
CSR mstatus <- 0x0000000A00000000 (input: 0x0000000000000000)
mem[X,0x0000000000001000] -> 0x0297
mem[X,0x0000000000001002] -> 0x0000
[0] [M]: 0x0000000000001000 (0x00000297) auipc t0, 0
x5 <- 0x0000000000001000
mem[X,0x0000000000001004] -> 0x8593
mem[X,0x0000000000001006] -> 0x0202
[1] [M]: 0x0000000000001004 (0x02028593) addi a1, t0, 32
x11 <- 0x0000000000001020
mem[X,0x0000000000001008] -> 0x2573
mem[X,0x000000000000100A] -> 0xF140
[2] [M]: 0x0000000000001008 (0xF1402573) csrrs a0, mhartid, zero
CSR mhartid -> 0x0000000000000000
x10 <- 0x0000000000000000
mem[X,0x000000000000100C] -> 0xB283
mem[X,0x000000000000100E] -> 0x0182
[3] [M]: 0x000000000000100C (0x0182B283) ld t0, 24(t0)
mem[R,0x0000000000001018] -> 0x0000000080000000
x5 <- 0x0000000080000000
mem[X,0x0000000000001010] -> 0x8067
mem[X,0x0000000000001012] -> 0x0002
[4] [M]: 0x0000000000001010 (0x00028067) jalr zero, t0, 0
mem[X,0x0000000080000000] -> 0xC0B7
mem[X,0x0000000080000002] -> 0xFEED
[5] [M]: 0x0000000080000000 (0xFEEDC0B7) lui ra, 1044188
x1 <- 0xFFFFFFFFFEEDC000
mem[X,0x0000000080000004] -> 0x8093
mem[X,0x0000000080000006] -> 0xEAD0
[6] [M]: 0x0000000080000004 (0xEAD08093) addi ra, ra, 3757
x1 <- 0xFFFFFFFFFEEDBEAD
mem[X,0x0000000080000008] -> 0x9093
mem[X,0x000000008000000A] -> 0x00B0
[7] [M]: 0x0000000080000008 (0x00B09093) slli ra, ra, 11
x1 <- 0xFFFFFFF76DF56800
mem[X,0x000000008000000C] -> 0x8093
mem[X,0x000000008000000E] -> 0x7F70
[8] [M]: 0x000000008000000C (0x7F708093) addi ra, ra, 2039
x1 <- 0xFFFFFFF76DF56FF7
mem[X,0x0000000080000010] -> 0x9093
mem[X,0x0000000080000012] -> 0x00B0
[9] [M]: 0x0000000080000010 (0x00B09093) slli ra, ra, 11
x1 <- 0xFFFFBB6FAB7FB800
mem[X,0x0000000080000014] -> 0x8093
mem[X,0x0000000080000016] -> 0x36F0
[10] [M]: 0x0000000080000014 (0x36F08093) addi ra, ra, 879
x1 <- 0xFFFFBB6FAB7FBB6F
mem[X,0x0000000080000018] -> 0x9093
mem[X,0x000000008000001A] -> 0x00A0
[11] [M]: 0x0000000080000018 (0x00A09093) slli ra, ra, 10
x1 <- 0xFEEDBEADFEEDBC00
mem[X,0x000000008000001C] -> 0x8093
mem[X,0x000000008000001E] -> 0x2AD0
[12] [M]: 0x000000008000001C (0x2AD08093) addi ra, ra, 685
x1 <- 0xFEEDBEADFEEDBEAD
mem[X,0x0000000080000020] -> 0xE137
mem[X,0x0000000080000022] -> 0xFF76
[13] [M]: 0x0000000080000020 (0xFF76E137) lui sp, 1046382
x2 <- 0xFFFFFFFFFF76E000
mem[X,0x0000000080000024] -> 0x0113
mem[X,0x0000000080000026] -> 0xF561
[14] [M]: 0x0000000080000024 (0xF5610113) addi sp, sp, 3926
x2 <- 0xFFFFFFFFFF76DF56
mem[X,0x0000000080000028] -> 0x1113
mem[X,0x000000008000002A] -> 0x00B1
[15] [M]: 0x0000000080000028 (0x00B11113) slli sp, sp, 11
x2 <- 0xFFFFFFFBB6FAB000
mem[X,0x000000008000002C] -> 0x0113
mem[X,0x000000008000002E] -> 0x7FB1
[16] [M]: 0x000000008000002C (0x7FB10113) addi sp, sp, 2043
x2 <- 0xFFFFFFFBB6FAB7FB
mem[X,0x0000000080000030] -> 0x1113
mem[X,0x0000000080000032] -> 0x00B1
[17] [M]: 0x0000000080000030 (0x00B11113) slli sp, sp, 11
x2 <- 0xFFFFDDB7D5BFD800
mem[X,0x0000000080000034] -> 0x0113
mem[X,0x0000000080000036] -> 0x5B71
[18] [M]: 0x0000000080000034 (0x5B710113) addi sp, sp, 1463
x2 <- 0xFFFFDDB7D5BFDDB7
mem[X,0x0000000080000038] -> 0x1113
mem[X,0x000000008000003A] -> 0x00A1
[19] [M]: 0x0000000080000038 (0x00A11113) slli sp, sp, 10
x2 <- 0xFF76DF56FF76DC00
mem[X,0x000000008000003C] -> 0x0113
mem[X,0x000000008000003E] -> 0x3561
[20] [M]: 0x000000008000003C (0x35610113) addi sp, sp, 854
x2 <- 0xFF76DF56FF76DF56
mem[X,0x0000000080000040] -> 0x71B7
mem[X,0x0000000080000042] -> 0x7FBB
[21] [M]: 0x0000000080000040 (0x7FBB71B7) lui gp, 523191
x3 <- 0x000000007FBB7000
mem[X,0x0000000080000044] -> 0x8193
mem[X,0x0000000080000046] -> 0xFAB1
[22] [M]: 0x0000000080000044 (0xFAB18193) addi gp, gp, 4011
x3 <- 0x000000007FBB6FAB
mem[X,0x0000000080000048] -> 0x9193
mem[X,0x000000008000004A] -> 0x00B1
[23] [M]: 0x0000000080000048 (0x00B19193) slli gp, gp, 11
x3 <- 0x000003FDDB7D5800
mem[X,0x000000008000004C] -> 0x8193
mem[X,0x000000008000004E] -> 0x3FD1
[24] [M]: 0x000000008000004C (0x3FD18193) addi gp, gp, 1021
x3 <- 0x000003FDDB7D5BFD
mem[X,0x0000000080000050] -> 0x9193
mem[X,0x0000000080000052] -> 0x00B1
[25] [M]: 0x0000000080000050 (0x00B19193) slli gp, gp, 11
x3 <- 0x001FEEDBEADFE800
mem[X,0x0000000080000054] -> 0x8193
mem[X,0x0000000080000056] -> 0x6DB1
[26] [M]: 0x0000000080000054 (0x6DB18193) addi gp, gp, 1755
x3 <- 0x001FEEDBEADFEEDB
mem[X,0x0000000080000058] -> 0x9193
mem[X,0x000000008000005A] -> 0x00A1
[27] [M]: 0x0000000080000058 (0x00A19193) slli gp, gp, 10
x3 <- 0x7FBB6FAB7FBB6C00
mem[X,0x000000008000005C] -> 0x8193
mem[X,0x000000008000005E] -> 0x3AB1
[28] [M]: 0x000000008000005C (0x3AB18193) addi gp, gp, 939
x3 <- 0x7FBB6FAB7FBB6FAB
mem[X,0x0000000080000060] -> 0xB237
mem[X,0x0000000080000062] -> 0xBFDD
[29] [M]: 0x0000000080000060 (0xBFDDB237) lui tp, 785883
x4 <- 0xFFFFFFFFBFDDB000
mem[X,0x0000000080000064] -> 0x0213
mem[X,0x0000000080000066] -> 0x7D52
[30] [M]: 0x0000000080000064 (0x7D520213) addi tp, tp, 2005
x4 <- 0xFFFFFFFFBFDDB7D5
mem[X,0x0000000080000068] -> 0x1213
mem[X,0x000000008000006A] -> 0x00B2
[31] [M]: 0x0000000080000068 (0x00B21213) slli tp, tp, 11
x4 <- 0xFFFFFDFEEDBEA800
mem[X,0x000000008000006C] -> 0x0213
mem[X,0x000000008000006E] -> 0x5FE2
[32] [M]: 0x000000008000006C (0x5FE20213) addi tp, tp, 1534
x4 <- 0xFFFFFDFEEDBEADFE
mem[X,0x0000000080000070] -> 0x1213
mem[X,0x0000000080000072] -> 0x00B2
[33] [M]: 0x0000000080000070 (0x00B21213) slli tp, tp, 11
x4 <- 0xFFEFF76DF56FF000
mem[X,0x0000000080000074] -> 0x0213
mem[X,0x0000000080000076] -> 0x76D2
[34] [M]: 0x0000000080000074 (0x76D20213) addi tp, tp, 1901
x4 <- 0xFFEFF76DF56FF76D
mem[X,0x0000000080000078] -> 0x1213
mem[X,0x000000008000007A] -> 0x00A2
[35] [M]: 0x0000000080000078 (0x00A21213) slli tp, tp, 10
x4 <- 0xBFDDB7D5BFDDB400
mem[X,0x000000008000007C] -> 0x0213
mem[X,0x000000008000007E] -> 0x3D52
[36] [M]: 0x000000008000007C (0x3D520213) addi tp, tp, 981
x4 <- 0xBFDDB7D5BFDDB7D5
mem[X,0x0000000080000080] -> 0xE2B7
mem[X,0x0000000080000082] -> 0xDFEE
[37] [M]: 0x0000000080000080 (0xDFEEE2B7) lui t0, 917230
x5 <- 0xFFFFFFFFDFEEE000
mem[X,0x0000000080000084] -> 0x8293
mem[X,0x0000000080000086] -> 0xBEA2
[38] [M]: 0x0000000080000084 (0xBEA28293) addi t0, t0, 3050
x5 <- 0xFFFFFFFFDFEEDBEA
mem[X,0x0000000080000088] -> 0x9293
mem[X,0x000000008000008A] -> 0x00B2
[39] [M]: 0x0000000080000088 (0x00B29293) slli t0, t0, 11
x5 <- 0xFFFFFEFF76DF5000
mem[X,0x000000008000008C] -> 0x8293
mem[X,0x000000008000008E] -> 0x6FF2
[40] [M]: 0x000000008000008C (0x6FF28293) addi t0, t0, 1791
x5 <- 0xFFFFFEFF76DF56FF
mem[X,0x0000000080000090] -> 0x9293
mem[X,0x0000000080000092] -> 0x00B2
[41] [M]: 0x0000000080000090 (0x00B29293) slli t0, t0, 11
x5 <- 0xFFF7FBB6FAB7F800
mem[X,0x0000000080000094] -> 0x8293
mem[X,0x0000000080000096] -> 0x3B62
[42] [M]: 0x0000000080000094 (0x3B628293) addi t0, t0, 950
x5 <- 0xFFF7FBB6FAB7FBB6
mem[X,0x0000000080000098] -> 0x9293
mem[X,0x000000008000009A] -> 0x00A2
[43] [M]: 0x0000000080000098 (0x00A29293) slli t0, t0, 10
x5 <- 0xDFEEDBEADFEED800
mem[X,0x000000008000009C] -> 0x8293
mem[X,0x000000008000009E] -> 0x3EA2
[44] [M]: 0x000000008000009C (0x3EA28293) addi t0, t0, 1002
x5 <- 0xDFEEDBEADFEEDBEA
mem[X,0x00000000800000A0] -> 0x7337
mem[X,0x00000000800000A2] -> 0x6FF7
[45] [M]: 0x00000000800000A0 (0x6FF77337) lui t1, 458615
x6 <- 0x000000006FF77000
mem[X,0x00000000800000A4] -> 0x0313
mem[X,0x00000000800000A6] -> 0xDF53
[46] [M]: 0x00000000800000A4 (0xDF530313) addi t1, t1, 3573
x6 <- 0x000000006FF76DF5
mem[X,0x00000000800000A8] -> 0x1313
mem[X,0x00000000800000AA] -> 0x00B3
[47] [M]: 0x00000000800000A8 (0x00B31313) slli t1, t1, 11
x6 <- 0x0000037FBB6FA800
mem[X,0x00000000800000AC] -> 0x0313
mem[X,0x00000000800000AE] -> 0x37F3
[48] [M]: 0x00000000800000AC (0x37F30313) addi t1, t1, 895
x6 <- 0x0000037FBB6FAB7F
mem[X,0x00000000800000B0] -> 0x1313
mem[X,0x00000000800000B2] -> 0x00B3
[49] [M]: 0x00000000800000B0 (0x00B31313) slli t1, t1, 11
x6 <- 0x001BFDDB7D5BF800
mem[X,0x00000000800000B4] -> 0x0313
mem[X,0x00000000800000B6] -> 0x5DB3
[50] [M]: 0x00000000800000B4 (0x5DB30313) addi t1, t1, 1499
x6 <- 0x001BFDDB7D5BFDDB
mem[X,0x00000000800000B8] -> 0x1313
mem[X,0x00000000800000BA] -> 0x00A3
[51] [M]: 0x00000000800000B8 (0x00A31313) slli t1, t1, 10
x6 <- 0x6FF76DF56FF76C00
mem[X,0x00000000800000BC] -> 0x0313
mem[X,0x00000000800000BE] -> 0x1F53
[52] [M]: 0x00000000800000BC (0x1F530313) addi t1, t1, 501
x6 <- 0x6FF76DF56FF76DF5
mem[X,0x00000000800000C0] -> 0xB3B7
mem[X,0x00000000800000C2] -> 0xB7FB
[53] [M]: 0x00000000800000C0 (0xB7FBB3B7) lui t2, 753595
x7 <- 0xFFFFFFFFB7FBB000
mem[X,0x00000000800000C4] -> 0x8393
mem[X,0x00000000800000C6] -> 0x6FA3
[54] [M]: 0x00000000800000C4 (0x6FA38393) addi t2, t2, 1786
x7 <- 0xFFFFFFFFB7FBB6FA
mem[X,0x00000000800000C8] -> 0x9393
mem[X,0x00000000800000CA] -> 0x00B3
[55] [M]: 0x00000000800000C8 (0x00B39393) slli t2, t2, 11
x7 <- 0xFFFFFDBFDDB7D000
mem[X,0x00000000800000CC] -> 0x8393
mem[X,0x00000000800000CE] -> 0x5BF3
[56] [M]: 0x00000000800000CC (0x5BF38393) addi t2, t2, 1471
x7 <- 0xFFFFFDBFDDB7D5BF
mem[X,0x00000000800000D0] -> 0x9393
mem[X,0x00000000800000D2] -> 0x00B3
[57] [M]: 0x00000000800000D0 (0x00B39393) slli t2, t2, 11
x7 <- 0xFFEDFEEDBEADF800
mem[X,0x00000000800000D4] -> 0x8393
mem[X,0x00000000800000D6] -> 0x6ED3
[58] [M]: 0x00000000800000D4 (0x6ED38393) addi t2, t2, 1773
x7 <- 0xFFEDFEEDBEADFEED
mem[X,0x00000000800000D8] -> 0x9393
mem[X,0x00000000800000DA] -> 0x00A3
[59] [M]: 0x00000000800000D8 (0x00A39393) slli t2, t2, 10
x7 <- 0xB7FBB6FAB7FBB400
mem[X,0x00000000800000DC] -> 0x8393
mem[X,0x00000000800000DE] -> 0x2FA3
[60] [M]: 0x00000000800000DC (0x2FA38393) addi t2, t2, 762
x7 <- 0xB7FBB6FAB7FBB6FA
mem[X,0x00000000800000E0] -> 0xE437
mem[X,0x00000000800000E2] -> 0x5BFD
[61] [M]: 0x00000000800000E0 (0x5BFDE437) lui fp, 376798
x8 <- 0x000000005BFDE000
mem[X,0x00000000800000E4] -> 0x0413
mem[X,0x00000000800000E6] -> 0xB7D4
[62] [M]: 0x00000000800000E4 (0xB7D40413) addi fp, fp, 2941
x8 <- 0x000000005BFDDB7D
mem[X,0x00000000800000E8] -> 0x1413
mem[X,0x00000000800000EA] -> 0x00B4
[63] [M]: 0x00000000800000E8 (0x00B41413) slli fp, fp, 11
x8 <- 0x000002DFEEDBE800
mem[X,0x00000000800000EC] -> 0x0413
mem[X,0x00000000800000EE] -> 0x2DF4
[64] [M]: 0x00000000800000EC (0x2DF40413) addi fp, fp, 735
x8 <- 0x000002DFEEDBEADF
mem[X,0x00000000800000F0] -> 0x1413
mem[X,0x00000000800000F2] -> 0x00B4
[65] [M]: 0x00000000800000F0 (0x00B41413) slli fp, fp, 11
x8 <- 0x0016FF76DF56F800
mem[X,0x00000000800000F4] -> 0x0413
mem[X,0x00000000800000F6] -> 0x7764
[66] [M]: 0x00000000800000F4 (0x77640413) addi fp, fp, 1910
x8 <- 0x0016FF76DF56FF76
mem[X,0x00000000800000F8] -> 0x1413
mem[X,0x00000000800000FA] -> 0x00A4
[67] [M]: 0x00000000800000F8 (0x00A41413) slli fp, fp, 10
x8 <- 0x5BFDDB7D5BFDD800
mem[X,0x00000000800000FC] -> 0x0413
mem[X,0x00000000800000FE] -> 0x37D4
[68] [M]: 0x00000000800000FC (0x37D40413) addi fp, fp, 893
x8 <- 0x5BFDDB7D5BFDDB7D
mem[X,0x0000000080000100] -> 0xF4B7
mem[X,0x0000000080000102] -> 0xADFE
[69] [M]: 0x0000000080000100 (0xADFEF4B7) lui s1, 712687
x9 <- 0xFFFFFFFFADFEF000
mem[X,0x0000000080000104] -> 0x8493
mem[X,0x0000000080000106] -> 0xDBE4
[70] [M]: 0x0000000080000104 (0xDBE48493) addi s1, s1, 3518
x9 <- 0xFFFFFFFFADFEEDBE
mem[X,0x0000000080000108] -> 0x9493
mem[X,0x000000008000010A] -> 0x00B4
[71] [M]: 0x0000000080000108 (0x00B49493) slli s1, s1, 11
x9 <- 0xFFFFFD6FF76DF000
mem[X,0x000000008000010C] -> 0x8493
mem[X,0x000000008000010E] -> 0x56F4
[72] [M]: 0x000000008000010C (0x56F48493) addi s1, s1, 1391
x9 <- 0xFFFFFD6FF76DF56F
mem[X,0x0000000080000110] -> 0x9493
mem[X,0x0000000080000112] -> 0x00B4
[73] [M]: 0x0000000080000110 (0x00B49493) slli s1, s1, 11
x9 <- 0xFFEB7FBB6FAB7800
mem[X,0x0000000080000114] -> 0x8493
mem[X,0x0000000080000116] -> 0x7BB4
[74] [M]: 0x0000000080000114 (0x7BB48493) addi s1, s1, 1979
x9 <- 0xFFEB7FBB6FAB7FBB
mem[X,0x0000000080000118] -> 0x9493
mem[X,0x000000008000011A] -> 0x00A4
[75] [M]: 0x0000000080000118 (0x00A49493) slli s1, s1, 10
x9 <- 0xADFEEDBEADFEEC00
mem[X,0x000000008000011C] -> 0x8493
mem[X,0x000000008000011E] -> 0x1BE4
[76] [M]: 0x000000008000011C (0x1BE48493) addi s1, s1, 446
x9 <- 0xADFEEDBEADFEEDBE
mem[X,0x0000000080000120] -> 0x7537
mem[X,0x0000000080000122] -> 0x56FF
[77] [M]: 0x0000000080000120 (0x56FF7537) lui a0, 356343
x10 <- 0x0000000056FF7000
mem[X,0x0000000080000124] -> 0x0513
mem[X,0x0000000080000126] -> 0x6DF5
[78] [M]: 0x0000000080000124 (0x6DF50513) addi a0, a0, 1759
x10 <- 0x0000000056FF76DF
mem[X,0x0000000080000128] -> 0x1513
mem[X,0x000000008000012A] -> 0x00B5
[79] [M]: 0x0000000080000128 (0x00B51513) slli a0, a0, 11
x10 <- 0x000002B7FBB6F800
mem[X,0x000000008000012C] -> 0x0513
mem[X,0x000000008000012E] -> 0x2B75
[80] [M]: 0x000000008000012C (0x2B750513) addi a0, a0, 695
x10 <- 0x000002B7FBB6FAB7
mem[X,0x0000000080000130] -> 0x1513
mem[X,0x0000000080000132] -> 0x00B5
[81] [M]: 0x0000000080000130 (0x00B51513) slli a0, a0, 11
x10 <- 0x0015BFDDB7D5B800
mem[X,0x0000000080000134] -> 0x0513
mem[X,0x0000000080000136] -> 0x7DD5
[82] [M]: 0x0000000080000134 (0x7DD50513) addi a0, a0, 2013
x10 <- 0x0015BFDDB7D5BFDD
mem[X,0x0000000080000138] -> 0x1513
mem[X,0x000000008000013A] -> 0x00A5
[83] [M]: 0x0000000080000138 (0x00A51513) slli a0, a0, 10
x10 <- 0x56FF76DF56FF7400
mem[X,0x000000008000013C] -> 0x0513
mem[X,0x000000008000013E] -> 0x2DF5
[84] [M]: 0x000000008000013C (0x2DF50513) addi a0, a0, 735
x10 <- 0x56FF76DF56FF76DF
mem[X,0x0000000080000140] -> 0xC5B7
mem[X,0x0000000080000142] -> 0xAB7F
[85] [M]: 0x0000000080000140 (0xAB7FC5B7) lui a1, 702460
x11 <- 0xFFFFFFFFAB7FC000
mem[X,0x0000000080000144] -> 0x8593
mem[X,0x0000000080000146] -> 0xB6F5
[86] [M]: 0x0000000080000144 (0xB6F58593) addi a1, a1, 2927
x11 <- 0xFFFFFFFFAB7FBB6F
mem[X,0x0000000080000148] -> 0x9593
mem[X,0x000000008000014A] -> 0x00B5
[87] [M]: 0x0000000080000148 (0x00B59593) slli a1, a1, 11
x11 <- 0xFFFFFD5BFDDB7800
mem[X,0x000000008000014C] -> 0x8593
mem[X,0x000000008000014E] -> 0x55B5
[88] [M]: 0x000000008000014C (0x55B58593) addi a1, a1, 1371
x11 <- 0xFFFFFD5BFDDB7D5B
mem[X,0x0000000080000150] -> 0x9593
mem[X,0x0000000080000152] -> 0x00B5
[89] [M]: 0x0000000080000150 (0x00B59593) slli a1, a1, 11
x11 <- 0xFFEADFEEDBEAD800
mem[X,0x0000000080000154] -> 0x8593
mem[X,0x0000000080000156] -> 0x7EE5
[90] [M]: 0x0000000080000154 (0x7EE58593) addi a1, a1, 2030
x11 <- 0xFFEADFEEDBEADFEE
mem[X,0x0000000080000158] -> 0x9593
mem[X,0x000000008000015A] -> 0x00A5
[91] [M]: 0x0000000080000158 (0x00A59593) slli a1, a1, 10
x11 <- 0xAB7FBB6FAB7FB800
mem[X,0x000000008000015C] -> 0x8593
mem[X,0x000000008000015E] -> 0x36F5
[92] [M]: 0x000000008000015C (0x36F58593) addi a1, a1, 879
x11 <- 0xAB7FBB6FAB7FBB6F
mem[X,0x0000000080000160] -> 0xE637
mem[X,0x0000000080000162] -> 0xD5BF
[93] [M]: 0x0000000080000160 (0xD5BFE637) lui a2, 875518
x12 <- 0xFFFFFFFFD5BFE000
mem[X,0x0000000080000164] -> 0x0613
mem[X,0x0000000080000166] -> 0xDB76
[94] [M]: 0x0000000080000164 (0xDB760613) addi a2, a2, 3511
x12 <- 0xFFFFFFFFD5BFDDB7
mem[X,0x0000000080000168] -> 0x1613
mem[X,0x000000008000016A] -> 0x00B6
[95] [M]: 0x0000000080000168 (0x00B61613) slli a2, a2, 11
x12 <- 0xFFFFFEADFEEDB800
mem[X,0x000000008000016C] -> 0x0613
mem[X,0x000000008000016E] -> 0x6AD6
[96] [M]: 0x000000008000016C (0x6AD60613) addi a2, a2, 1709
x12 <- 0xFFFFFEADFEEDBEAD
mem[X,0x0000000080000170] -> 0x1613
mem[X,0x0000000080000172] -> 0x00B6
[97] [M]: 0x0000000080000170 (0x00B61613) slli a2, a2, 11
x12 <- 0xFFF56FF76DF56800
mem[X,0x0000000080000174] -> 0x0613
mem[X,0x0000000080000176] -> 0x7F76
[98] [M]: 0x0000000080000174 (0x7F760613) addi a2, a2, 2039
x12 <- 0xFFF56FF76DF56FF7
mem[X,0x0000000080000178] -> 0x1613
mem[X,0x000000008000017A] -> 0x00A6
[99] [M]: 0x0000000080000178 (0x00A61613) slli a2, a2, 10
x12 <- 0xD5BFDDB7D5BFDC00
clint::tick mtime <- 0x0000000000000001
 clint timer pending at mtime 0x0000000000000001
htif::tick 0x0000000000000000
mem[X,0x000000008000017C] -> 0x0613
mem[X,0x000000008000017E] -> 0x1B76
[100] [M]: 0x000000008000017C (0x1B760613) addi a2, a2, 439
x12 <- 0xD5BFDDB7D5BFDDB7
mem[X,0x0000000080000180] -> 0xF6B7
mem[X,0x0000000080000182] -> 0xEADF
[101] [M]: 0x0000000080000180 (0xEADFF6B7) lui a3, 962047
x13 <- 0xFFFFFFFFEADFF000
mem[X,0x0000000080000184] -> 0x8693
mem[X,0x0000000080000186] -> 0xEDB6
[102] [M]: 0x0000000080000184 (0xEDB68693) addi a3, a3, 3803
x13 <- 0xFFFFFFFFEADFEEDB
mem[X,0x0000000080000188] -> 0x9693
mem[X,0x000000008000018A] -> 0x00B6
[103] [M]: 0x0000000080000188 (0x00B69693) slli a3, a3, 11
x13 <- 0xFFFFFF56FF76D800
mem[X,0x000000008000018C] -> 0x8693
mem[X,0x000000008000018E] -> 0x7566
[104] [M]: 0x000000008000018C (0x75668693) addi a3, a3, 1878
x13 <- 0xFFFFFF56FF76DF56
mem[X,0x0000000080000190] -> 0x9693
mem[X,0x0000000080000192] -> 0x00B6
[105] [M]: 0x0000000080000190 (0x00B69693) slli a3, a3, 11
x13 <- 0xFFFAB7FBB6FAB000
mem[X,0x0000000080000194] -> 0x8693
mem[X,0x0000000080000196] -> 0x7FB6
[106] [M]: 0x0000000080000194 (0x7FB68693) addi a3, a3, 2043
x13 <- 0xFFFAB7FBB6FAB7FB
mem[X,0x0000000080000198] -> 0x9693
mem[X,0x000000008000019A] -> 0x00A6
[107] [M]: 0x0000000080000198 (0x00A69693) slli a3, a3, 10
x13 <- 0xEADFEEDBEADFEC00
mem[X,0x000000008000019C] -> 0x8693
mem[X,0x000000008000019E] -> 0x2DB6
[108] [M]: 0x000000008000019C (0x2DB68693) addi a3, a3, 731
x13 <- 0xEADFEEDBEADFEEDB
mem[X,0x00000000800001A0] -> 0xF737
mem[X,0x00000000800001A2] -> 0xF56F
[109] [M]: 0x00000000800001A0 (0xF56FF737) lui a4, 1005311
x14 <- 0xFFFFFFFFF56FF000
mem[X,0x00000000800001A4] -> 0x0713
mem[X,0x00000000800001A6] -> 0x76D7
[110] [M]: 0x00000000800001A4 (0x76D70713) addi a4, a4, 1901
x14 <- 0xFFFFFFFFF56FF76D
mem[X,0x00000000800001A8] -> 0x1713
mem[X,0x00000000800001AA] -> 0x00B7
[111] [M]: 0x00000000800001A8 (0x00B71713) slli a4, a4, 11
x14 <- 0xFFFFFFAB7FBB6800
mem[X,0x00000000800001AC] -> 0x0713
mem[X,0x00000000800001AE] -> 0x7AB7
[112] [M]: 0x00000000800001AC (0x7AB70713) addi a4, a4, 1963
x14 <- 0xFFFFFFAB7FBB6FAB
mem[X,0x00000000800001B0] -> 0x1713
mem[X,0x00000000800001B2] -> 0x00B7
[113] [M]: 0x00000000800001B0 (0x00B71713) slli a4, a4, 11
x14 <- 0xFFFD5BFDDB7D5800
mem[X,0x00000000800001B4] -> 0x0713
mem[X,0x00000000800001B6] -> 0x3FD7
[114] [M]: 0x00000000800001B4 (0x3FD70713) addi a4, a4, 1021
x14 <- 0xFFFD5BFDDB7D5BFD
mem[X,0x00000000800001B8] -> 0x1713
mem[X,0x00000000800001BA] -> 0x00A7
[115] [M]: 0x00000000800001B8 (0x00A71713) slli a4, a4, 10
x14 <- 0xF56FF76DF56FF400
mem[X,0x00000000800001BC] -> 0x0713
mem[X,0x00000000800001BE] -> 0x36D7
[116] [M]: 0x00000000800001BC (0x36D70713) addi a4, a4, 877
x14 <- 0xF56FF76DF56FF76D
mem[X,0x00000000800001C0] -> 0x07B7
mem[X,0x00000000800001C2] -> 0xFAB8
[117] [M]: 0x00000000800001C0 (0xFAB807B7) lui a5, 1026944
x15 <- 0xFFFFFFFFFAB80000
mem[X,0x00000000800001C4] -> 0x8793
mem[X,0x00000000800001C6] -> 0xBB67
[118] [M]: 0x00000000800001C4 (0xBB678793) addi a5, a5, 2998
x15 <- 0xFFFFFFFFFAB7FBB6
mem[X,0x00000000800001C8] -> 0x9793
mem[X,0x00000000800001CA] -> 0x00B7
[119] [M]: 0x00000000800001C8 (0x00B79793) slli a5, a5, 11
x15 <- 0xFFFFFFD5BFDDB000
mem[X,0x00000000800001CC] -> 0x8793
mem[X,0x00000000800001CE] -> 0x7D57
[120] [M]: 0x00000000800001CC (0x7D578793) addi a5, a5, 2005
x15 <- 0xFFFFFFD5BFDDB7D5
mem[X,0x00000000800001D0] -> 0x9793
mem[X,0x00000000800001D2] -> 0x00B7
[121] [M]: 0x00000000800001D0 (0x00B79793) slli a5, a5, 11
x15 <- 0xFFFEADFEEDBEA800
mem[X,0x00000000800001D4] -> 0x8793
mem[X,0x00000000800001D6] -> 0x5FE7
[122] [M]: 0x00000000800001D4 (0x5FE78793) addi a5, a5, 1534
x15 <- 0xFFFEADFEEDBEADFE
mem[X,0x00000000800001D8] -> 0x9793
mem[X,0x00000000800001DA] -> 0x00A7
[123] [M]: 0x00000000800001D8 (0x00A79793) slli a5, a5, 10
x15 <- 0xFAB7FBB6FAB7F800
mem[X,0x00000000800001DC] -> 0x8793
mem[X,0x00000000800001DE] -> 0x3B67
[124] [M]: 0x00000000800001DC (0x3B678793) addi a5, a5, 950
x15 <- 0xFAB7FBB6FAB7FBB6
mem[X,0x00000000800001E0] -> 0x0837
mem[X,0x00000000800001E2] -> 0x7D5C
[125] [M]: 0x00000000800001E0 (0x7D5C0837) lui a6, 513472
x16 <- 0x000000007D5C0000
mem[X,0x00000000800001E4] -> 0x0813
mem[X,0x00000000800001E6] -> 0xDDB8
[126] [M]: 0x00000000800001E4 (0xDDB80813) addi a6, a6, 3547
x16 <- 0x000000007D5BFDDB
mem[X,0x00000000800001E8] -> 0x1813
mem[X,0x00000000800001EA] -> 0x00B8
[127] [M]: 0x00000000800001E8 (0x00B81813) slli a6, a6, 11
x16 <- 0x000003EADFEED800
mem[X,0x00000000800001EC] -> 0x0813
mem[X,0x00000000800001EE] -> 0x3EA8
[128] [M]: 0x00000000800001EC (0x3EA80813) addi a6, a6, 1002
x16 <- 0x000003EADFEEDBEA
mem[X,0x00000000800001F0] -> 0x1813
mem[X,0x00000000800001F2] -> 0x00B8
[129] [M]: 0x00000000800001F0 (0x00B81813) slli a6, a6, 11
x16 <- 0x001F56FF76DF5000
mem[X,0x00000000800001F4] -> 0x0813
mem[X,0x00000000800001F6] -> 0x6FF8
[130] [M]: 0x00000000800001F4 (0x6FF80813) addi a6, a6, 1791
x16 <- 0x001F56FF76DF56FF
mem[X,0x00000000800001F8] -> 0x1813
mem[X,0x00000000800001FA] -> 0x00A8
[131] [M]: 0x00000000800001F8 (0x00A81813) slli a6, a6, 10
x16 <- 0x7D5BFDDB7D5BFC00
mem[X,0x00000000800001FC] -> 0x0813
mem[X,0x00000000800001FE] -> 0x1DB8
[132] [M]: 0x00000000800001FC (0x1DB80813) addi a6, a6, 475
x16 <- 0x7D5BFDDB7D5BFDDB
mem[X,0x0000000080000200] -> 0x08B7
mem[X,0x0000000080000202] -> 0xBEAE
[133] [M]: 0x0000000080000200 (0xBEAE08B7) lui a7, 781024
x17 <- 0xFFFFFFFFBEAE0000
mem[X,0x0000000080000204] -> 0x8893
mem[X,0x0000000080000206] -> 0xEED8
[134] [M]: 0x0000000080000204 (0xEED88893) addi a7, a7, 3821
x17 <- 0xFFFFFFFFBEADFEED
mem[X,0x0000000080000208] -> 0x9893
mem[X,0x000000008000020A] -> 0x00B8
[135] [M]: 0x0000000080000208 (0x00B89893) slli a7, a7, 11
x17 <- 0xFFFFFDF56FF76800
mem[X,0x000000008000020C] -> 0x8893
mem[X,0x000000008000020E] -> 0x5F58
[136] [M]: 0x000000008000020C (0x5F588893) addi a7, a7, 1525
x17 <- 0xFFFFFDF56FF76DF5
mem[X,0x0000000080000210] -> 0x9893
mem[X,0x0000000080000212] -> 0x00B8
[137] [M]: 0x0000000080000210 (0x00B89893) slli a7, a7, 11
x17 <- 0xFFEFAB7FBB6FA800
mem[X,0x0000000080000214] -> 0x8893
mem[X,0x0000000080000216] -> 0x37F8
[138] [M]: 0x0000000080000214 (0x37F88893) addi a7, a7, 895
x17 <- 0xFFEFAB7FBB6FAB7F
mem[X,0x0000000080000218] -> 0x9893
mem[X,0x000000008000021A] -> 0x00A8
[139] [M]: 0x0000000080000218 (0x00A89893) slli a7, a7, 10
x17 <- 0xBEADFEEDBEADFC00
mem[X,0x000000008000021C] -> 0x8893
mem[X,0x000000008000021E] -> 0x2ED8
[140] [M]: 0x000000008000021C (0x2ED88893) addi a7, a7, 749
x17 <- 0xBEADFEEDBEADFEED
mem[X,0x0000000080000220] -> 0x0937
mem[X,0x0000000080000222] -> 0xDF57
[141] [M]: 0x0000000080000220 (0xDF570937) lui s2, 914800
x18 <- 0xFFFFFFFFDF570000
mem[X,0x0000000080000224] -> 0x0913
mem[X,0x0000000080000226] -> 0xF769
[142] [M]: 0x0000000080000224 (0xF7690913) addi s2, s2, 3958
x18 <- 0xFFFFFFFFDF56FF76
mem[X,0x0000000080000228] -> 0x1913
mem[X,0x000000008000022A] -> 0x00B9
[143] [M]: 0x0000000080000228 (0x00B91913) slli s2, s2, 11
x18 <- 0xFFFFFEFAB7FBB000
mem[X,0x000000008000022C] -> 0x0913
mem[X,0x000000008000022E] -> 0x6FA9
[144] [M]: 0x000000008000022C (0x6FA90913) addi s2, s2, 1786
x18 <- 0xFFFFFEFAB7FBB6FA
mem[X,0x0000000080000230] -> 0x1913
mem[X,0x0000000080000232] -> 0x00B9
[145] [M]: 0x0000000080000230 (0x00B91913) slli s2, s2, 11
x18 <- 0xFFF7D5BFDDB7D000
mem[X,0x0000000080000234] -> 0x0913
mem[X,0x0000000080000236] -> 0x5BF9
[146] [M]: 0x0000000080000234 (0x5BF90913) addi s2, s2, 1471
x18 <- 0xFFF7D5BFDDB7D5BF
mem[X,0x0000000080000238] -> 0x1913
mem[X,0x000000008000023A] -> 0x00A9
[147] [M]: 0x0000000080000238 (0x00A91913) slli s2, s2, 10
x18 <- 0xDF56FF76DF56FC00
mem[X,0x000000008000023C] -> 0x0913
mem[X,0x000000008000023E] -> 0x3769
[148] [M]: 0x000000008000023C (0x37690913) addi s2, s2, 886
x18 <- 0xDF56FF76DF56FF76
mem[X,0x0000000080000240] -> 0x89B7
mem[X,0x0000000080000242] -> 0x6FAB
[149] [M]: 0x0000000080000240 (0x6FAB89B7) lui s3, 457400
x19 <- 0x000000006FAB8000
mem[X,0x0000000080000244] -> 0x8993
mem[X,0x0000000080000246] -> 0xFBB9
[150] [M]: 0x0000000080000244 (0xFBB98993) addi s3, s3, 4027
x19 <- 0x000000006FAB7FBB
mem[X,0x0000000080000248] -> 0x9993
mem[X,0x000000008000024A] -> 0x00B9
[151] [M]: 0x0000000080000248 (0x00B99993) slli s3, s3, 11
x19 <- 0x0000037D5BFDD800
mem[X,0x000000008000024C] -> 0x8993
mem[X,0x000000008000024E] -> 0x37D9
[152] [M]: 0x000000008000024C (0x37D98993) addi s3, s3, 893
x19 <- 0x0000037D5BFDDB7D
mem[X,0x0000000080000250] -> 0x9993
mem[X,0x0000000080000252] -> 0x00B9
[153] [M]: 0x0000000080000250 (0x00B99993) slli s3, s3, 11
x19 <- 0x001BEADFEEDBE800
mem[X,0x0000000080000254] -> 0x8993
mem[X,0x0000000080000256] -> 0x2DF9
[154] [M]: 0x0000000080000254 (0x2DF98993) addi s3, s3, 735
x19 <- 0x001BEADFEEDBEADF
mem[X,0x0000000080000258] -> 0x9993
mem[X,0x000000008000025A] -> 0x00A9
[155] [M]: 0x0000000080000258 (0x00A99993) slli s3, s3, 10
x19 <- 0x6FAB7FBB6FAB7C00
mem[X,0x000000008000025C] -> 0x8993
mem[X,0x000000008000025E] -> 0x3BB9
[156] [M]: 0x000000008000025C (0x3BB98993) addi s3, s3, 955
x19 <- 0x6FAB7FBB6FAB7FBB
mem[X,0x0000000080000260] -> 0xCA37
mem[X,0x0000000080000262] -> 0xB7D5
[157] [M]: 0x0000000080000260 (0xB7D5CA37) lui s4, 752988
x20 <- 0xFFFFFFFFB7D5C000
mem[X,0x0000000080000264] -> 0x0A13
mem[X,0x0000000080000266] -> 0xFDDA
[158] [M]: 0x0000000080000264 (0xFDDA0A13) addi s4, s4, 4061
x20 <- 0xFFFFFFFFB7D5BFDD
mem[X,0x0000000080000268] -> 0x1A13
mem[X,0x000000008000026A] -> 0x00BA
[159] [M]: 0x0000000080000268 (0x00BA1A13) slli s4, s4, 11
x20 <- 0xFFFFFDBEADFEE800
mem[X,0x000000008000026C] -> 0x0A13
mem[X,0x000000008000026E] -> 0x5BEA
[160] [M]: 0x000000008000026C (0x5BEA0A13) addi s4, s4, 1470
x20 <- 0xFFFFFDBEADFEEDBE
mem[X,0x0000000080000270] -> 0x1A13
mem[X,0x0000000080000272] -> 0x00BA
[161] [M]: 0x0000000080000270 (0x00BA1A13) slli s4, s4, 11
x20 <- 0xFFEDF56FF76DF000
mem[X,0x0000000080000274] -> 0x0A13
mem[X,0x0000000080000276] -> 0x56FA
[162] [M]: 0x0000000080000274 (0x56FA0A13) addi s4, s4, 1391
x20 <- 0xFFEDF56FF76DF56F
mem[X,0x0000000080000278] -> 0x1A13
mem[X,0x000000008000027A] -> 0x00AA
[163] [M]: 0x0000000080000278 (0x00AA1A13) slli s4, s4, 10
x20 <- 0xB7D5BFDDB7D5BC00
mem[X,0x000000008000027C] -> 0x0A13
mem[X,0x000000008000027E] -> 0x3DDA
[164] [M]: 0x000000008000027C (0x3DDA0A13) addi s4, s4, 989
x20 <- 0xB7D5BFDDB7D5BFDD
mem[X,0x0000000080000280] -> 0xEAB7
mem[X,0x0000000080000282] -> 0xDBEA
[165] [M]: 0x0000000080000280 (0xDBEAEAB7) lui s5, 900782
x21 <- 0xFFFFFFFFDBEAE000
mem[X,0x0000000080000284] -> 0x8A93
mem[X,0x0000000080000286] -> 0xFEEA
[166] [M]: 0x0000000080000284 (0xFEEA8A93) addi s5, s5, 4078
x21 <- 0xFFFFFFFFDBEADFEE
mem[X,0x0000000080000288] -> 0x9A93
mem[X,0x000000008000028A] -> 0x00BA
[167] [M]: 0x0000000080000288 (0x00BA9A93) slli s5, s5, 11
x21 <- 0xFFFFFEDF56FF7000
mem[X,0x000000008000028C] -> 0x8A93
mem[X,0x000000008000028E] -> 0x6DFA
[168] [M]: 0x000000008000028C (0x6DFA8A93) addi s5, s5, 1759
x21 <- 0xFFFFFEDF56FF76DF
mem[X,0x0000000080000290] -> 0x9A93
mem[X,0x0000000080000292] -> 0x00BA
[169] [M]: 0x0000000080000290 (0x00BA9A93) slli s5, s5, 11
x21 <- 0xFFF6FAB7FBB6F800
mem[X,0x0000000080000294] -> 0x8A93
mem[X,0x0000000080000296] -> 0x2B7A
[170] [M]: 0x0000000080000294 (0x2B7A8A93) addi s5, s5, 695
x21 <- 0xFFF6FAB7FBB6FAB7
mem[X,0x0000000080000298] -> 0x9A93
mem[X,0x000000008000029A] -> 0x00AA
[171] [M]: 0x0000000080000298 (0x00AA9A93) slli s5, s5, 10
x21 <- 0xDBEADFEEDBEADC00
mem[X,0x000000008000029C] -> 0x8A93
mem[X,0x000000008000029E] -> 0x3EEA
[172] [M]: 0x000000008000029C (0x3EEA8A93) addi s5, s5, 1006
x21 <- 0xDBEADFEEDBEADFEE
mem[X,0x00000000800002A0] -> 0x7B37
mem[X,0x00000000800002A2] -> 0x6DF5
[173] [M]: 0x00000000800002A0 (0x6DF57B37) lui s6, 450391
x22 <- 0x000000006DF57000
mem[X,0x00000000800002A4] -> 0x0B13
mem[X,0x00000000800002A6] -> 0xFF7B
[174] [M]: 0x00000000800002A4 (0xFF7B0B13) addi s6, s6, 4087
x22 <- 0x000000006DF56FF7
mem[X,0x00000000800002A8] -> 0x1B13
mem[X,0x00000000800002AA] -> 0x00BB
[175] [M]: 0x00000000800002A8 (0x00BB1B13) slli s6, s6, 11
x22 <- 0x0000036FAB7FB800
mem[X,0x00000000800002AC] -> 0x0B13
mem[X,0x00000000800002AE] -> 0x36FB
[176] [M]: 0x00000000800002AC (0x36FB0B13) addi s6, s6, 879
x22 <- 0x0000036FAB7FBB6F
mem[X,0x00000000800002B0] -> 0x1B13
mem[X,0x00000000800002B2] -> 0x00BB
[177] [M]: 0x00000000800002B0 (0x00BB1B13) slli s6, s6, 11
x22 <- 0x001B7D5BFDDB7800
mem[X,0x00000000800002B4] -> 0x0B13
mem[X,0x00000000800002B6] -> 0x55BB
[178] [M]: 0x00000000800002B4 (0x55BB0B13) addi s6, s6, 1371
x22 <- 0x001B7D5BFDDB7D5B
mem[X,0x00000000800002B8] -> 0x1B13
mem[X,0x00000000800002BA] -> 0x00AB
[179] [M]: 0x00000000800002B8 (0x00AB1B13) slli s6, s6, 10
x22 <- 0x6DF56FF76DF56C00
mem[X,0x00000000800002BC] -> 0x0B13
mem[X,0x00000000800002BE] -> 0x3F7B
[180] [M]: 0x00000000800002BC (0x3F7B0B13) addi s6, s6, 1015
x22 <- 0x6DF56FF76DF56FF7
mem[X,0x00000000800002C0] -> 0xBBB7
mem[X,0x00000000800002C2] -> 0xB6FA
[181] [M]: 0x00000000800002C0 (0xB6FABBB7) lui s7, 749483
x23 <- 0xFFFFFFFFB6FAB000
mem[X,0x00000000800002C4] -> 0x8B93
mem[X,0x00000000800002C6] -> 0x7FBB
[182] [M]: 0x00000000800002C4 (0x7FBB8B93) addi s7, s7, 2043
x23 <- 0xFFFFFFFFB6FAB7FB
mem[X,0x00000000800002C8] -> 0x9B93
mem[X,0x00000000800002CA] -> 0x00BB
[183] [M]: 0x00000000800002C8 (0x00BB9B93) slli s7, s7, 11
x23 <- 0xFFFFFDB7D5BFD800
mem[X,0x00000000800002CC] -> 0x8B93
mem[X,0x00000000800002CE] -> 0x5B7B
[184] [M]: 0x00000000800002CC (0x5B7B8B93) addi s7, s7, 1463
x23 <- 0xFFFFFDB7D5BFDDB7
mem[X,0x00000000800002D0] -> 0x9B93
mem[X,0x00000000800002D2] -> 0x00BB
[185] [M]: 0x00000000800002D0 (0x00BB9B93) slli s7, s7, 11
x23 <- 0xFFEDBEADFEEDB800
mem[X,0x00000000800002D4] -> 0x8B93
mem[X,0x00000000800002D6] -> 0x6ADB
[186] [M]: 0x00000000800002D4 (0x6ADB8B93) addi s7, s7, 1709
x23 <- 0xFFEDBEADFEEDBEAD
mem[X,0x00000000800002D8] -> 0x9B93
mem[X,0x00000000800002DA] -> 0x00AB
[187] [M]: 0x00000000800002D8 (0x00AB9B93) slli s7, s7, 10
x23 <- 0xB6FAB7FBB6FAB400
mem[X,0x00000000800002DC] -> 0x8B93
mem[X,0x00000000800002DE] -> 0x3FBB
[188] [M]: 0x00000000800002DC (0x3FBB8B93) addi s7, s7, 1019
x23 <- 0xB6FAB7FBB6FAB7FB
mem[X,0x00000000800002E0] -> 0x6C37
mem[X,0x00000000800002E2] -> 0xDB7D
[189] [M]: 0x00000000800002E0 (0xDB7D6C37) lui s8, 899030
x24 <- 0xFFFFFFFFDB7D6000
mem[X,0x00000000800002E4] -> 0x0C13
mem[X,0x00000000800002E6] -> 0xBFDC
[190] [M]: 0x00000000800002E4 (0xBFDC0C13) addi s8, s8, 3069
x24 <- 0xFFFFFFFFDB7D5BFD
mem[X,0x00000000800002E8] -> 0x1C13
mem[X,0x00000000800002EA] -> 0x00BC
[191] [M]: 0x00000000800002E8 (0x00BC1C13) slli s8, s8, 11
x24 <- 0xFFFFFEDBEADFE800
mem[X,0x00000000800002EC] -> 0x0C13
mem[X,0x00000000800002EE] -> 0x6DBC
[192] [M]: 0x00000000800002EC (0x6DBC0C13) addi s8, s8, 1755
x24 <- 0xFFFFFEDBEADFEEDB
mem[X,0x00000000800002F0] -> 0x1C13
mem[X,0x00000000800002F2] -> 0x00BC
[193] [M]: 0x00000000800002F0 (0x00BC1C13) slli s8, s8, 11
x24 <- 0xFFF6DF56FF76D800
mem[X,0x00000000800002F4] -> 0x0C13
mem[X,0x00000000800002F6] -> 0x756C
[194] [M]: 0x00000000800002F4 (0x756C0C13) addi s8, s8, 1878
x24 <- 0xFFF6DF56FF76DF56
mem[X,0x00000000800002F8] -> 0x1C13
mem[X,0x00000000800002FA] -> 0x00AC
[195] [M]: 0x00000000800002F8 (0x00AC1C13) slli s8, s8, 10
x24 <- 0xDB7D5BFDDB7D5800
mem[X,0x00000000800002FC] -> 0x0C13
mem[X,0x00000000800002FE] -> 0x3FDC
[196] [M]: 0x00000000800002FC (0x3FDC0C13) addi s8, s8, 1021
x24 <- 0xDB7D5BFDDB7D5BFD
mem[X,0x0000000080000300] -> 0xBCB7
mem[X,0x0000000080000302] -> 0xEDBE
[197] [M]: 0x0000000080000300 (0xEDBEBCB7) lui s9, 973803
x25 <- 0xFFFFFFFFEDBEB000
mem[X,0x0000000080000304] -> 0x8C93
mem[X,0x0000000080000306] -> 0xDFEC
[198] [M]: 0x0000000080000304 (0xDFEC8C93) addi s9, s9, 3582
x25 <- 0xFFFFFFFFEDBEADFE
mem[X,0x0000000080000308] -> 0x9C93
mem[X,0x000000008000030A] -> 0x00BC
[199] [M]: 0x0000000080000308 (0x00BC9C93) slli s9, s9, 11
x25 <- 0xFFFFFF6DF56FF000
clint::tick mtime <- 0x0000000000000002
 clint timer pending at mtime 0x0000000000000002
htif::tick 0x0000000000000000
mem[X,0x000000008000030C] -> 0x8C93
mem[X,0x000000008000030E] -> 0x76DC
[200] [M]: 0x000000008000030C (0x76DC8C93) addi s9, s9, 1901
x25 <- 0xFFFFFF6DF56FF76D
mem[X,0x0000000080000310] -> 0x9C93
mem[X,0x0000000080000312] -> 0x00BC
[201] [M]: 0x0000000080000310 (0x00BC9C93) slli s9, s9, 11
x25 <- 0xFFFB6FAB7FBB6800
mem[X,0x0000000080000314] -> 0x8C93
mem[X,0x0000000080000316] -> 0x7ABC
[202] [M]: 0x0000000080000314 (0x7ABC8C93) addi s9, s9, 1963
x25 <- 0xFFFB6FAB7FBB6FAB
mem[X,0x0000000080000318] -> 0x9C93
mem[X,0x000000008000031A] -> 0x00AC
[203] [M]: 0x0000000080000318 (0x00AC9C93) slli s9, s9, 10
x25 <- 0xEDBEADFEEDBEAC00
mem[X,0x000000008000031C] -> 0x8C93
mem[X,0x000000008000031E] -> 0x1FEC
[204] [M]: 0x000000008000031C (0x1FEC8C93) addi s9, s9, 510
x25 <- 0xEDBEADFEEDBEADFE
mem[X,0x0000000080000320] -> 0x5D37
mem[X,0x0000000080000322] -> 0x76DF
[205] [M]: 0x0000000080000320 (0x76DF5D37) lui s10, 486901
x26 <- 0x0000000076DF5000
mem[X,0x0000000080000324] -> 0x0D13
mem[X,0x0000000080000326] -> 0x6FFD
[206] [M]: 0x0000000080000324 (0x6FFD0D13) addi s10, s10, 1791
x26 <- 0x0000000076DF56FF
mem[X,0x0000000080000328] -> 0x1D13
mem[X,0x000000008000032A] -> 0x00BD
[207] [M]: 0x0000000080000328 (0x00BD1D13) slli s10, s10, 11
x26 <- 0x000003B6FAB7F800
mem[X,0x000000008000032C] -> 0x0D13
mem[X,0x000000008000032E] -> 0x3B6D
[208] [M]: 0x000000008000032C (0x3B6D0D13) addi s10, s10, 950
x26 <- 0x000003B6FAB7FBB6
mem[X,0x0000000080000330] -> 0x1D13
mem[X,0x0000000080000332] -> 0x00BD
[209] [M]: 0x0000000080000330 (0x00BD1D13) slli s10, s10, 11
x26 <- 0x001DB7D5BFDDB000
mem[X,0x0000000080000334] -> 0x0D13
mem[X,0x0000000080000336] -> 0x7D5D
[210] [M]: 0x0000000080000334 (0x7D5D0D13) addi s10, s10, 2005
x26 <- 0x001DB7D5BFDDB7D5
mem[X,0x0000000080000338] -> 0x1D13
mem[X,0x000000008000033A] -> 0x00AD
[211] [M]: 0x0000000080000338 (0x00AD1D13) slli s10, s10, 10
x26 <- 0x76DF56FF76DF5400
mem[X,0x000000008000033C] -> 0x0D13
mem[X,0x000000008000033E] -> 0x2FFD
[212] [M]: 0x000000008000033C (0x2FFD0D13) addi s10, s10, 767
x26 <- 0x76DF56FF76DF56FF
mem[X,0x0000000080000340] -> 0xBDB7
mem[X,0x0000000080000342] -> 0xBB6F
[213] [M]: 0x0000000080000340 (0xBB6FBDB7) lui s11, 767739
x27 <- 0xFFFFFFFFBB6FB000
mem[X,0x0000000080000344] -> 0x8D93
mem[X,0x0000000080000346] -> 0xB7FD
[214] [M]: 0x0000000080000344 (0xB7FD8D93) addi s11, s11, 2943
x27 <- 0xFFFFFFFFBB6FAB7F
mem[X,0x0000000080000348] -> 0x9D93
mem[X,0x000000008000034A] -> 0x00BD
[215] [M]: 0x0000000080000348 (0x00BD9D93) slli s11, s11, 11
x27 <- 0xFFFFFDDB7D5BF800
mem[X,0x000000008000034C] -> 0x8D93
mem[X,0x000000008000034E] -> 0x5DBD
[216] [M]: 0x000000008000034C (0x5DBD8D93) addi s11, s11, 1499
x27 <- 0xFFFFFDDB7D5BFDDB
mem[X,0x0000000080000350] -> 0x9D93
mem[X,0x0000000080000352] -> 0x00BD
[217] [M]: 0x0000000080000350 (0x00BD9D93) slli s11, s11, 11
x27 <- 0xFFEEDBEADFEED800
mem[X,0x0000000080000354] -> 0x8D93
mem[X,0x0000000080000356] -> 0x3EAD
[218] [M]: 0x0000000080000354 (0x3EAD8D93) addi s11, s11, 1002
x27 <- 0xFFEEDBEADFEEDBEA
mem[X,0x0000000080000358] -> 0x9D93
mem[X,0x000000008000035A] -> 0x00AD
[219] [M]: 0x0000000080000358 (0x00AD9D93) slli s11, s11, 10
x27 <- 0xBB6FAB7FBB6FA800
mem[X,0x000000008000035C] -> 0x8D93
mem[X,0x000000008000035E] -> 0x37FD
[220] [M]: 0x000000008000035C (0x37FD8D93) addi s11, s11, 895
x27 <- 0xBB6FAB7FBB6FAB7F
mem[X,0x0000000080000360] -> 0xDE37
mem[X,0x0000000080000362] -> 0xDDB7
[221] [M]: 0x0000000080000360 (0xDDB7DE37) lui t3, 908157
x28 <- 0xFFFFFFFFDDB7D000
mem[X,0x0000000080000364] -> 0x0E13
mem[X,0x0000000080000366] -> 0x5BFE
[222] [M]: 0x0000000080000364 (0x5BFE0E13) addi t3, t3, 1471
x28 <- 0xFFFFFFFFDDB7D5BF
mem[X,0x0000000080000368] -> 0x1E13
mem[X,0x000000008000036A] -> 0x00BE
[223] [M]: 0x0000000080000368 (0x00BE1E13) slli t3, t3, 11
x28 <- 0xFFFFFEEDBEADF800
mem[X,0x000000008000036C] -> 0x0E13
mem[X,0x000000008000036E] -> 0x6EDE
[224] [M]: 0x000000008000036C (0x6EDE0E13) addi t3, t3, 1773
x28 <- 0xFFFFFEEDBEADFEED
mem[X,0x0000000080000370] -> 0x1E13
mem[X,0x0000000080000372] -> 0x00BE
[225] [M]: 0x0000000080000370 (0x00BE1E13) slli t3, t3, 11
x28 <- 0xFFF76DF56FF76800
mem[X,0x0000000080000374] -> 0x0E13
mem[X,0x0000000080000376] -> 0x5F5E
[226] [M]: 0x0000000080000374 (0x5F5E0E13) addi t3, t3, 1525
x28 <- 0xFFF76DF56FF76DF5
mem[X,0x0000000080000378] -> 0x1E13
mem[X,0x000000008000037A] -> 0x00AE
[227] [M]: 0x0000000080000378 (0x00AE1E13) slli t3, t3, 10
x28 <- 0xDDB7D5BFDDB7D400
mem[X,0x000000008000037C] -> 0x0E13
mem[X,0x000000008000037E] -> 0x1BFE
[228] [M]: 0x000000008000037C (0x1BFE0E13) addi t3, t3, 447
x28 <- 0xDDB7D5BFDDB7D5BF
mem[X,0x0000000080000380] -> 0xFEB7
mem[X,0x0000000080000382] -> 0xEEDB
[229] [M]: 0x0000000080000380 (0xEEDBFEB7) lui t4, 978367
x29 <- 0xFFFFFFFFEEDBF000
mem[X,0x0000000080000384] -> 0x8E93
mem[X,0x0000000080000386] -> 0xADFE
[230] [M]: 0x0000000080000384 (0xADFE8E93) addi t4, t4, 2783
x29 <- 0xFFFFFFFFEEDBEADF
mem[X,0x0000000080000388] -> 0x9E93
mem[X,0x000000008000038A] -> 0x00BE
[231] [M]: 0x0000000080000388 (0x00BE9E93) slli t4, t4, 11
x29 <- 0xFFFFFF76DF56F800
mem[X,0x000000008000038C] -> 0x8E93
mem[X,0x000000008000038E] -> 0x776E
[232] [M]: 0x000000008000038C (0x776E8E93) addi t4, t4, 1910
x29 <- 0xFFFFFF76DF56FF76
mem[X,0x0000000080000390] -> 0x9E93
mem[X,0x0000000080000392] -> 0x00BE
[233] [M]: 0x0000000080000390 (0x00BE9E93) slli t4, t4, 11
x29 <- 0xFFFBB6FAB7FBB000
mem[X,0x0000000080000394] -> 0x8E93
mem[X,0x0000000080000396] -> 0x6FAE
[234] [M]: 0x0000000080000394 (0x6FAE8E93) addi t4, t4, 1786
x29 <- 0xFFFBB6FAB7FBB6FA
mem[X,0x0000000080000398] -> 0x9E93
mem[X,0x000000008000039A] -> 0x00AE
[235] [M]: 0x0000000080000398 (0x00AE9E93) slli t4, t4, 10
x29 <- 0xEEDBEADFEEDBE800
mem[X,0x000000008000039C] -> 0x8E93
mem[X,0x000000008000039E] -> 0x2DFE
[236] [M]: 0x000000008000039C (0x2DFE8E93) addi t4, t4, 735
x29 <- 0xEEDBEADFEEDBEADF
mem[X,0x00000000800003A0] -> 0xFF37
mem[X,0x00000000800003A2] -> 0xF76D
[237] [M]: 0x00000000800003A0 (0xF76DFF37) lui t5, 1013471
x30 <- 0xFFFFFFFFF76DF000
mem[X,0x00000000800003A4] -> 0x0F13
mem[X,0x00000000800003A6] -> 0x56FF
[238] [M]: 0x00000000800003A4 (0x56FF0F13) addi t5, t5, 1391
x30 <- 0xFFFFFFFFF76DF56F
mem[X,0x00000000800003A8] -> 0x1F13
mem[X,0x00000000800003AA] -> 0x00BF
[239] [M]: 0x00000000800003A8 (0x00BF1F13) slli t5, t5, 11
x30 <- 0xFFFFFFBB6FAB7800
mem[X,0x00000000800003AC] -> 0x0F13
mem[X,0x00000000800003AE] -> 0x7BBF
[240] [M]: 0x00000000800003AC (0x7BBF0F13) addi t5, t5, 1979
x30 <- 0xFFFFFFBB6FAB7FBB
mem[X,0x00000000800003B0] -> 0x1F13
mem[X,0x00000000800003B2] -> 0x00BF
[241] [M]: 0x00000000800003B0 (0x00BF1F13) slli t5, t5, 11
x30 <- 0xFFFDDB7D5BFDD800
mem[X,0x00000000800003B4] -> 0x0F13
mem[X,0x00000000800003B6] -> 0x37DF
[242] [M]: 0x00000000800003B4 (0x37DF0F13) addi t5, t5, 893
x30 <- 0xFFFDDB7D5BFDDB7D
mem[X,0x00000000800003B8] -> 0x1F13
mem[X,0x00000000800003BA] -> 0x00AF
[243] [M]: 0x00000000800003B8 (0x00AF1F13) slli t5, t5, 10
x30 <- 0xF76DF56FF76DF400
mem[X,0x00000000800003BC] -> 0x0F13
mem[X,0x00000000800003BE] -> 0x16FF
[244] [M]: 0x00000000800003BC (0x16FF0F13) addi t5, t5, 367
x30 <- 0xF76DF56FF76DF56F
mem[X,0x00000000800003C0] -> 0x0FB7
mem[X,0x00000000800003C2] -> 0xFBB7
[245] [M]: 0x00000000800003C0 (0xFBB70FB7) lui t6, 1031024
x31 <- 0xFFFFFFFFFBB70000
mem[X,0x00000000800003C4] -> 0x8F93
mem[X,0x00000000800003C6] -> 0xAB7F
[246] [M]: 0x00000000800003C4 (0xAB7F8F93) addi t6, t6, 2743
x31 <- 0xFFFFFFFFFBB6FAB7
mem[X,0x00000000800003C8] -> 0x9F93
mem[X,0x00000000800003CA] -> 0x00BF
[247] [M]: 0x00000000800003C8 (0x00BF9F93) slli t6, t6, 11
x31 <- 0xFFFFFFDDB7D5B800
mem[X,0x00000000800003CC] -> 0x8F93
mem[X,0x00000000800003CE] -> 0x7DDF
[248] [M]: 0x00000000800003CC (0x7DDF8F93) addi t6, t6, 2013
x31 <- 0xFFFFFFDDB7D5BFDD
mem[X,0x00000000800003D0] -> 0x9F93
mem[X,0x00000000800003D2] -> 0x00BF
[249] [M]: 0x00000000800003D0 (0x00BF9F93) slli t6, t6, 11
x31 <- 0xFFFEEDBEADFEE800
mem[X,0x00000000800003D4] -> 0x8F93
mem[X,0x00000000800003D6] -> 0x5BEF
[250] [M]: 0x00000000800003D4 (0x5BEF8F93) addi t6, t6, 1470
x31 <- 0xFFFEEDBEADFEEDBE
mem[X,0x00000000800003D8] -> 0x9F93
mem[X,0x00000000800003DA] -> 0x00AF
[251] [M]: 0x00000000800003D8 (0x00AF9F93) slli t6, t6, 10
x31 <- 0xFBB6FAB7FBB6F800
mem[X,0x00000000800003DC] -> 0x8F93
mem[X,0x00000000800003DE] -> 0x2B7F
[252] [M]: 0x00000000800003DC (0x2B7F8F93) addi t6, t6, 695
x31 <- 0xFBB6FAB7FBB6FAB7
mem[X,0x00000000800003E0] -> 0xD097
mem[X,0x00000000800003E2] -> 0x0000
[253] [M]: 0x00000000800003E0 (0x0000D097) auipc ra, 13
x1 <- 0x000000008000D3E0
mem[X,0x00000000800003E4] -> 0x8093
mem[X,0x00000000800003E6] -> 0xD380
[254] [M]: 0x00000000800003E4 (0xD3808093) addi ra, ra, 3384
x1 <- 0x000000008000D118
mem[X,0x00000000800003E8] -> 0x0013
mem[X,0x00000000800003EA] -> 0x0000
[255] [M]: 0x00000000800003E8 (0x00000013) addi zero, zero, 0
mem[X,0x00000000800003EC] -> 0x0013
mem[X,0x00000000800003EE] -> 0x0000
[256] [M]: 0x00000000800003EC (0x00000013) addi zero, zero, 0
mem[X,0x00000000800003F0] -> 0x0013
mem[X,0x00000000800003F2] -> 0x0000
[257] [M]: 0x00000000800003F0 (0x00000013) addi zero, zero, 0
mem[X,0x00000000800003F4] -> 0x0013
mem[X,0x00000000800003F6] -> 0x0000
[258] [M]: 0x00000000800003F4 (0x00000013) addi zero, zero, 0
mem[X,0x00000000800003F8] -> 0x0013
mem[X,0x00000000800003FA] -> 0x0000
[259] [M]: 0x00000000800003F8 (0x00000013) addi zero, zero, 0
mem[X,0x00000000800003FC] -> 0x0013
mem[X,0x00000000800003FE] -> 0x0000
[260] [M]: 0x00000000800003FC (0x00000013) addi zero, zero, 0
mem[X,0x0000000080000400] -> 0x0F37
mem[X,0x0000000080000402] -> 0x0000
[261] [M]: 0x0000000080000400 (0x00000F37) lui t5, 0
x30 <- 0x0000000000000000
mem[X,0x0000000080000404] -> 0x0F13
mem[X,0x0000000080000406] -> 0x000F
[262] [M]: 0x0000000080000404 (0x000F0F13) addi t5, t5, 0
x30 <- 0x0000000000000000
mem[X,0x0000000080000408] -> 0x1F13
mem[X,0x000000008000040A] -> 0x00BF
[263] [M]: 0x0000000080000408 (0x00BF1F13) slli t5, t5, 11
x30 <- 0x0000000000000000
mem[X,0x000000008000040C] -> 0x0F13
mem[X,0x000000008000040E] -> 0x5A8F
[264] [M]: 0x000000008000040C (0x5A8F0F13) addi t5, t5, 1448
x30 <- 0x00000000000005A8
mem[X,0x0000000080000410] -> 0x1F13
mem[X,0x0000000080000412] -> 0x00BF
[265] [M]: 0x0000000080000410 (0x00BF1F13) slli t5, t5, 11
x30 <- 0x00000000002D4000
mem[X,0x0000000080000414] -> 0x0F13
mem[X,0x0000000080000416] -> 0x13CF
[266] [M]: 0x0000000080000414 (0x13CF0F13) addi t5, t5, 316
x30 <- 0x00000000002D413C
mem[X,0x0000000080000418] -> 0x1F13
mem[X,0x000000008000041A] -> 0x00AF
[267] [M]: 0x0000000080000418 (0x00AF1F13) slli t5, t5, 10
x30 <- 0x00000000B504F000
mem[X,0x000000008000041C] -> 0x0F13
mem[X,0x000000008000041E] -> 0x334F
[268] [M]: 0x000000008000041C (0x334F0F13) addi t5, t5, 820
x30 <- 0x00000000B504F334
mem[X,0x0000000080000420] -> 0x0F37
mem[X,0x0000000080000422] -> 0x0000
[269] [M]: 0x0000000080000420 (0x00000F37) lui t5, 0
x30 <- 0x0000000000000000
mem[X,0x0000000080000424] -> 0x0F13
mem[X,0x0000000080000426] -> 0x000F
[270] [M]: 0x0000000080000424 (0x000F0F13) addi t5, t5, 0
x30 <- 0x0000000000000000
mem[X,0x0000000080000428] -> 0x1F13
mem[X,0x000000008000042A] -> 0x00BF
[271] [M]: 0x0000000080000428 (0x00BF1F13) slli t5, t5, 11
x30 <- 0x0000000000000000
mem[X,0x000000008000042C] -> 0x0F13
mem[X,0x000000008000042E] -> 0x5A8F
[272] [M]: 0x000000008000042C (0x5A8F0F13) addi t5, t5, 1448
x30 <- 0x00000000000005A8
mem[X,0x0000000080000430] -> 0x1F13
mem[X,0x0000000080000432] -> 0x00BF
[273] [M]: 0x0000000080000430 (0x00BF1F13) slli t5, t5, 11
x30 <- 0x00000000002D4000
mem[X,0x0000000080000434] -> 0x0F13
mem[X,0x0000000080000436] -> 0x13CF
[274] [M]: 0x0000000080000434 (0x13CF0F13) addi t5, t5, 316
x30 <- 0x00000000002D413C
mem[X,0x0000000080000438] -> 0x1F13
mem[X,0x000000008000043A] -> 0x00AF
[275] [M]: 0x0000000080000438 (0x00AF1F13) slli t5, t5, 10
x30 <- 0x00000000B504F000
mem[X,0x000000008000043C] -> 0x0F13
mem[X,0x000000008000043E] -> 0x334F
[276] [M]: 0x000000008000043C (0x334F0F13) addi t5, t5, 820
x30 <- 0x00000000B504F334
mem[X,0x0000000080000440] -> 0x4FB3
mem[X,0x0000000080000442] -> 0x03EF
[277] [M]: 0x0000000080000440 (0x03EF4FB3) div t6, t5, t5
x31 <- 0x0000000000000001
mem[X,0x0000000080000444] -> 0xB023
mem[X,0x0000000080000446] -> 0x01F0
[278] [M]: 0x0000000080000444 (0x01F0B023) sd t6, 0(ra)
mem[0x000000008000D118] <- 0x0000000000000001
mem[X,0x0000000080000448] -> 0x0EB7
mem[X,0x000000008000044A] -> 0x0000
[279] [M]: 0x0000000080000448 (0x00000EB7) lui t4, 0
x29 <- 0x0000000000000000
mem[X,0x000000008000044C] -> 0x8E93
mem[X,0x000000008000044E] -> 0xFFFE
[280] [M]: 0x000000008000044C (0xFFFE8E93) addi t4, t4, 4095
x29 <- 0xFFFFFFFFFFFFFFFF
mem[X,0x0000000080000450] -> 0x9E93
mem[X,0x0000000080000452] -> 0x00BE
[281] [M]: 0x0000000080000450 (0x00BE9E93) slli t4, t4, 11
x29 <- 0xFFFFFFFFFFFFF800
mem[X,0x0000000080000454] -> 0x8E93
mem[X,0x0000000080000456] -> 0x257E
[282] [M]: 0x0000000080000454 (0x257E8E93) addi t4, t4, 599
x29 <- 0xFFFFFFFFFFFFFA57
mem[X,0x0000000080000458] -> 0x9E93
mem[X,0x000000008000045A] -> 0x00BE
[283] [M]: 0x0000000080000458 (0x00BE9E93) slli t4, t4, 11
x29 <- 0xFFFFFFFFFFD2B800
mem[X,0x000000008000045C] -> 0x8E93
mem[X,0x000000008000045E] -> 0x6C3E
[284] [M]: 0x000000008000045C (0x6C3E8E93) addi t4, t4, 1731
x29 <- 0xFFFFFFFFFFD2BEC3
mem[X,0x0000000080000460] -> 0x9E93
mem[X,0x0000000080000462] -> 0x00AE
[285] [M]: 0x0000000080000460 (0x00AE9E93) slli t4, t4, 10
x29 <- 0xFFFFFFFF4AFB0C00
mem[X,0x0000000080000464] -> 0x8E93
mem[X,0x0000000080000466] -> 0x0CEE
[286] [M]: 0x0000000080000464 (0x0CEE8E93) addi t4, t4, 206
x29 <- 0xFFFFFFFF4AFB0CCE
mem[X,0x0000000080000468] -> 0x0EB7
mem[X,0x000000008000046A] -> 0x0000
[287] [M]: 0x0000000080000468 (0x00000EB7) lui t4, 0
x29 <- 0x0000000000000000
mem[X,0x000000008000046C] -> 0x8E93
mem[X,0x000000008000046E] -> 0xFFFE
[288] [M]: 0x000000008000046C (0xFFFE8E93) addi t4, t4, 4095
x29 <- 0xFFFFFFFFFFFFFFFF
mem[X,0x0000000080000470] -> 0x9E93
mem[X,0x0000000080000472] -> 0x00BE
[289] [M]: 0x0000000080000470 (0x00BE9E93) slli t4, t4, 11
x29 <- 0xFFFFFFFFFFFFF800
mem[X,0x0000000080000474] -> 0x8E93
mem[X,0x0000000080000476] -> 0x257E
[290] [M]: 0x0000000080000474 (0x257E8E93) addi t4, t4, 599
x29 <- 0xFFFFFFFFFFFFFA57
mem[X,0x0000000080000478] -> 0x9E93
mem[X,0x000000008000047A] -> 0x00BE
[291] [M]: 0x0000000080000478 (0x00BE9E93) slli t4, t4, 11
x29 <- 0xFFFFFFFFFFD2B800
mem[X,0x000000008000047C] -> 0x8E93
mem[X,0x000000008000047E] -> 0x6C3E
[292] [M]: 0x000000008000047C (0x6C3E8E93) addi t4, t4, 1731
x29 <- 0xFFFFFFFFFFD2BEC3
mem[X,0x0000000080000480] -> 0x9E93
mem[X,0x0000000080000482] -> 0x00AE
[293] [M]: 0x0000000080000480 (0x00AE9E93) slli t4, t4, 10
x29 <- 0xFFFFFFFF4AFB0C00
mem[X,0x0000000080000484] -> 0x8E93
mem[X,0x0000000080000486] -> 0x0CEE
[294] [M]: 0x0000000080000484 (0x0CEE8E93) addi t4, t4, 206
x29 <- 0xFFFFFFFF4AFB0CCE
mem[X,0x0000000080000488] -> 0xCEB3
mem[X,0x000000008000048A] -> 0x03DE
[295] [M]: 0x0000000080000488 (0x03DECEB3) div t4, t4, t4
x29 <- 0x0000000000000001
mem[X,0x000000008000048C] -> 0xB423
mem[X,0x000000008000048E] -> 0x01D0
[296] [M]: 0x000000008000048C (0x01D0B423) sd t4, 8(ra)
mem[0x000000008000D120] <- 0x0000000000000001
mem[X,0x0000000080000490] -> 0x0013
mem[X,0x0000000080000492] -> 0x0000
[297] [M]: 0x0000000080000490 (0x00000013) addi zero, zero, 0
mem[X,0x0000000080000494] -> 0x0FB7
mem[X,0x0000000080000496] -> 0x0000
[298] [M]: 0x0000000080000494 (0x00000FB7) lui t6, 0
x31 <- 0x0000000000000000
mem[X,0x0000000080000498] -> 0x8F93
mem[X,0x000000008000049A] -> 0x000F
[299] [M]: 0x0000000080000498 (0x000F8F93) addi t6, t6, 0
x31 <- 0x0000000000000000
clint::tick mtime <- 0x0000000000000003
 clint timer pending at mtime 0x0000000000000003
htif::tick 0x0000000000000000
mem[X,0x000000008000049C] -> 0x9F93
mem[X,0x000000008000049E] -> 0x00BF
[300] [M]: 0x000000008000049C (0x00BF9F93) slli t6, t6, 11
x31 <- 0x0000000000000000
mem[X,0x00000000800004A0] -> 0x8F93
mem[X,0x00000000800004A2] -> 0x5A8F
[301] [M]: 0x00000000800004A0 (0x5A8F8F93) addi t6, t6, 1448
x31 <- 0x00000000000005A8
mem[X,0x00000000800004A4] -> 0x9F93
mem[X,0x00000000800004A6] -> 0x00BF
[302] [M]: 0x00000000800004A4 (0x00BF9F93) slli t6, t6, 11
x31 <- 0x00000000002D4000
mem[X,0x00000000800004A8] -> 0x8F93
mem[X,0x00000000800004AA] -> 0x13CF
[303] [M]: 0x00000000800004A8 (0x13CF8F93) addi t6, t6, 316
x31 <- 0x00000000002D413C
mem[X,0x00000000800004AC] -> 0x9F93
mem[X,0x00000000800004AE] -> 0x00AF
[304] [M]: 0x00000000800004AC (0x00AF9F93) slli t6, t6, 10
x31 <- 0x00000000B504F000
mem[X,0x00000000800004B0] -> 0x8F93
mem[X,0x00000000800004B2] -> 0x334F
[305] [M]: 0x00000000800004B0 (0x334F8F93) addi t6, t6, 820
x31 <- 0x00000000B504F334
mem[X,0x00000000800004B4] -> 0x4F33
mem[X,0x00000000800004B6] -> 0x03F0
[306] [M]: 0x00000000800004B4 (0x03F04F33) div t5, zero, t6
x30 <- 0x0000000000000000
mem[X,0x00000000800004B8] -> 0xB823
mem[X,0x00000000800004BA] -> 0x01E0
[307] [M]: 0x00000000800004B8 (0x01E0B823) sd t5, 16(ra)
mem[0x000000008000D128] <- 0x0000000000000000
mem[X,0x00000000800004BC] -> 0x0F93
mem[X,0x00000000800004BE] -> 0xFFF0
[308] [M]: 0x00000000800004BC (0xFFF00F93) addi t6, zero, 4095
x31 <- 0xFFFFFFFFFFFFFFFF
mem[X,0x00000000800004C0] -> 0x9F93
mem[X,0x00000000800004C2] -> 0x03FF
[309] [M]: 0x00000000800004C0 (0x03FF9F93) slli t6, t6, 63
x31 <- 0x8000000000000000
mem[X,0x00000000800004C4] -> 0x0EB7
mem[X,0x00000000800004C6] -> 0x0000
[310] [M]: 0x00000000800004C4 (0x00000EB7) lui t4, 0
x29 <- 0x0000000000000000
mem[X,0x00000000800004C8] -> 0x8E93
mem[X,0x00000000800004CA] -> 0x000E
[311] [M]: 0x00000000800004C8 (0x000E8E93) addi t4, t4, 0
x29 <- 0x0000000000000000
mem[X,0x00000000800004CC] -> 0x9E93
mem[X,0x00000000800004CE] -> 0x00BE
[312] [M]: 0x00000000800004CC (0x00BE9E93) slli t4, t4, 11
x29 <- 0x0000000000000000
mem[X,0x00000000800004D0] -> 0x8E93
mem[X,0x00000000800004D2] -> 0x5A8E
[313] [M]: 0x00000000800004D0 (0x5A8E8E93) addi t4, t4, 1448
x29 <- 0x00000000000005A8
mem[X,0x00000000800004D4] -> 0x9E93
mem[X,0x00000000800004D6] -> 0x00BE
[314] [M]: 0x00000000800004D4 (0x00BE9E93) slli t4, t4, 11
x29 <- 0x00000000002D4000
mem[X,0x00000000800004D8] -> 0x8E93
mem[X,0x00000000800004DA] -> 0x13CE
[315] [M]: 0x00000000800004D8 (0x13CE8E93) addi t4, t4, 316
x29 <- 0x00000000002D413C
mem[X,0x00000000800004DC] -> 0x9E93
mem[X,0x00000000800004DE] -> 0x00AE
[316] [M]: 0x00000000800004DC (0x00AE9E93) slli t4, t4, 10
x29 <- 0x00000000B504F000
mem[X,0x00000000800004E0] -> 0x8E93
mem[X,0x00000000800004E2] -> 0x334E
[317] [M]: 0x00000000800004E0 (0x334E8E93) addi t4, t4, 820
x29 <- 0x00000000B504F334
mem[X,0x00000000800004E4] -> 0xCF33
mem[X,0x00000000800004E6] -> 0x03DF
[318] [M]: 0x00000000800004E4 (0x03DFCF33) div t5, t6, t4
x30 <- 0xFFFFFFFF4AFB0CCD
mem[X,0x00000000800004E8] -> 0xBC23
mem[X,0x00000000800004EA] -> 0x01E0
[319] [M]: 0x00000000800004E8 (0x01E0BC23) sd t5, 24(ra)
mem[0x000000008000D130] <- 0xFFFFFFFF4AFB0CCD
mem[X,0x00000000800004EC] -> 0x0E13
mem[X,0x00000000800004EE] -> 0xFFF0
[320] [M]: 0x00000000800004EC (0xFFF00E13) addi t3, zero, 4095
x28 <- 0xFFFFFFFFFFFFFFFF
mem[X,0x00000000800004F0] -> 0x5E13
mem[X,0x00000000800004F2] -> 0x001E
[321] [M]: 0x00000000800004F0 (0x001E5E13) srli t3, t3, 1
x28 <- 0x7FFFFFFFFFFFFFFF
mem[X,0x00000000800004F4] -> 0x0FB7
mem[X,0x00000000800004F6] -> 0x0000
[322] [M]: 0x00000000800004F4 (0x00000FB7) lui t6, 0
x31 <- 0x0000000000000000
mem[X,0x00000000800004F8] -> 0x8F93
mem[X,0x00000000800004FA] -> 0x000F
[323] [M]: 0x00000000800004F8 (0x000F8F93) addi t6, t6, 0
x31 <- 0x0000000000000000
mem[X,0x00000000800004FC] -> 0x9F93
mem[X,0x00000000800004FE] -> 0x00BF
[324] [M]: 0x00000000800004FC (0x00BF9F93) slli t6, t6, 11
x31 <- 0x0000000000000000
mem[X,0x0000000080000500] -> 0x8F93
mem[X,0x0000000080000502] -> 0x5A8F
[325] [M]: 0x0000000080000500 (0x5A8F8F93) addi t6, t6, 1448
x31 <- 0x00000000000005A8
mem[X,0x0000000080000504] -> 0x9F93
mem[X,0x0000000080000506] -> 0x00BF
[326] [M]: 0x0000000080000504 (0x00BF9F93) slli t6, t6, 11
x31 <- 0x00000000002D4000
mem[X,0x0000000080000508] -> 0x8F93
mem[X,0x000000008000050A] -> 0x13CF
[327] [M]: 0x0000000080000508 (0x13CF8F93) addi t6, t6, 316
x31 <- 0x00000000002D413C
mem[X,0x000000008000050C] -> 0x9F93
mem[X,0x000000008000050E] -> 0x00AF
[328] [M]: 0x000000008000050C (0x00AF9F93) slli t6, t6, 10
x31 <- 0x00000000B504F000
mem[X,0x0000000080000510] -> 0x8F93
mem[X,0x0000000080000512] -> 0x334F
[329] [M]: 0x0000000080000510 (0x334F8F93) addi t6, t6, 820
x31 <- 0x00000000B504F334
mem[X,0x0000000080000514] -> 0x4FB3
mem[X,0x0000000080000516] -> 0x03FE
[330] [M]: 0x0000000080000514 (0x03FE4FB3) div t6, t3, t6
x31 <- 0x00000000B504F333
mem[X,0x0000000080000518] -> 0xB023
mem[X,0x000000008000051A] -> 0x03F0
[331] [M]: 0x0000000080000518 (0x03F0B023) sd t6, 32(ra)
mem[0x000000008000D138] <- 0x00000000B504F333
mem[X,0x000000008000051C] -> 0x0D93
mem[X,0x000000008000051E] -> 0x0000
[332] [M]: 0x000000008000051C (0x00000D93) addi s11, zero, 0
x27 <- 0x0000000000000000
mem[X,0x0000000080000520] -> 0x0FB7
mem[X,0x0000000080000522] -> 0x0000
[333] [M]: 0x0000000080000520 (0x00000FB7) lui t6, 0
x31 <- 0x0000000000000000
mem[X,0x0000000080000524] -> 0x8F93
mem[X,0x0000000080000526] -> 0x000F
[334] [M]: 0x0000000080000524 (0x000F8F93) addi t6, t6, 0
x31 <- 0x0000000000000000
mem[X,0x0000000080000528] -> 0x9F93
mem[X,0x000000008000052A] -> 0x00BF
[335] [M]: 0x0000000080000528 (0x00BF9F93) slli t6, t6, 11
x31 <- 0x0000000000000000
mem[X,0x000000008000052C] -> 0x8F93
mem[X,0x000000008000052E] -> 0x5A8F
[336] [M]: 0x000000008000052C (0x5A8F8F93) addi t6, t6, 1448
x31 <- 0x00000000000005A8
mem[X,0x0000000080000530] -> 0x9F93
mem[X,0x0000000080000532] -> 0x00BF
[337] [M]: 0x0000000080000530 (0x00BF9F93) slli t6, t6, 11
x31 <- 0x00000000002D4000
mem[X,0x0000000080000534] -> 0x8F93
mem[X,0x0000000080000536] -> 0x13CF
[338] [M]: 0x0000000080000534 (0x13CF8F93) addi t6, t6, 316
x31 <- 0x00000000002D413C
mem[X,0x0000000080000538] -> 0x9F93
mem[X,0x000000008000053A] -> 0x00AF
[339] [M]: 0x0000000080000538 (0x00AF9F93) slli t6, t6, 10
x31 <- 0x00000000B504F000
mem[X,0x000000008000053C] -> 0x8F93
mem[X,0x000000008000053E] -> 0x334F
[340] [M]: 0x000000008000053C (0x334F8F93) addi t6, t6, 820
x31 <- 0x00000000B504F334
mem[X,0x0000000080000540] -> 0xCDB3
mem[X,0x0000000080000542] -> 0x03FD
[341] [M]: 0x0000000080000540 (0x03FDCDB3) div s11, s11, t6
x27 <- 0x0000000000000000
mem[X,0x0000000080000544] -> 0xB423
mem[X,0x0000000080000546] -> 0x03B0
[342] [M]: 0x0000000080000544 (0x03B0B423) sd s11, 40(ra)
mem[0x000000008000D140] <- 0x0000000000000000
mem[X,0x0000000080000548] -> 0x0D13
mem[X,0x000000008000054A] -> 0x0030
[343] [M]: 0x0000000080000548 (0x00300D13) addi s10, zero, 3
x26 <- 0x0000000000000003
mem[X,0x000000008000054C] -> 0x0F93
mem[X,0x000000008000054E] -> 0x0030
[344] [M]: 0x000000008000054C (0x00300F93) addi t6, zero, 3
x31 <- 0x0000000000000003
mem[X,0x0000000080000550] -> 0x4033
mem[X,0x0000000080000552] -> 0x03FD
[345] [M]: 0x0000000080000550 (0x03FD4033) div zero, s10, t6
mem[X,0x0000000080000554] -> 0xB823
mem[X,0x0000000080000556] -> 0x0200
[346] [M]: 0x0000000080000554 (0x0200B823) sd zero, 48(ra)
mem[0x000000008000D148] <- 0x0000000000000000
mem[X,0x0000000080000558] -> 0x0013
mem[X,0x000000008000055A] -> 0x0000
[347] [M]: 0x0000000080000558 (0x00000013) addi zero, zero, 0
mem[X,0x000000008000055C] -> 0x0F93
mem[X,0x000000008000055E] -> 0xFFE0
[348] [M]: 0x000000008000055C (0xFFE00F93) addi t6, zero, 4094
x31 <- 0xFFFFFFFFFFFFFFFE
mem[X,0x0000000080000560] -> 0x4033
mem[X,0x0000000080000562] -> 0x03F0
[349] [M]: 0x0000000080000560 (0x03F04033) div zero, zero, t6
mem[X,0x0000000080000564] -> 0xBC23
mem[X,0x0000000080000566] -> 0x0200
[350] [M]: 0x0000000080000564 (0x0200BC23) sd zero, 56(ra)
mem[0x000000008000D150] <- 0x0000000000000000
mem[X,0x0000000080000568] -> 0x0CB7
mem[X,0x000000008000056A] -> 0x0000
[351] [M]: 0x0000000080000568 (0x00000CB7) lui s9, 0
x25 <- 0x0000000000000000
mem[X,0x000000008000056C] -> 0x8C93
mem[X,0x000000008000056E] -> 0x000C
[352] [M]: 0x000000008000056C (0x000C8C93) addi s9, s9, 0
x25 <- 0x0000000000000000
mem[X,0x0000000080000570] -> 0x9C93
mem[X,0x0000000080000572] -> 0x00BC
[353] [M]: 0x0000000080000570 (0x00BC9C93) slli s9, s9, 11
x25 <- 0x0000000000000000
mem[X,0x0000000080000574] -> 0x8C93
mem[X,0x0000000080000576] -> 0x5A8C
[354] [M]: 0x0000000080000574 (0x5A8C8C93) addi s9, s9, 1448
x25 <- 0x00000000000005A8
mem[X,0x0000000080000578] -> 0x9C93
mem[X,0x000000008000057A] -> 0x00BC
[355] [M]: 0x0000000080000578 (0x00BC9C93) slli s9, s9, 11
x25 <- 0x00000000002D4000
mem[X,0x000000008000057C] -> 0x8C93
mem[X,0x000000008000057E] -> 0x13CC
[356] [M]: 0x000000008000057C (0x13CC8C93) addi s9, s9, 316
x25 <- 0x00000000002D413C
mem[X,0x0000000080000580] -> 0x9C93
mem[X,0x0000000080000582] -> 0x00AC
[357] [M]: 0x0000000080000580 (0x00AC9C93) slli s9, s9, 10
x25 <- 0x00000000B504F000
mem[X,0x0000000080000584] -> 0x8C93
mem[X,0x0000000080000586] -> 0x334C
[358] [M]: 0x0000000080000584 (0x334C8C93) addi s9, s9, 820
x25 <- 0x00000000B504F334
mem[X,0x0000000080000588] -> 0x0F13
mem[X,0x000000008000058A] -> 0xFFD0
[359] [M]: 0x0000000080000588 (0xFFD00F13) addi t5, zero, 4093
x30 <- 0xFFFFFFFFFFFFFFFD
mem[X,0x000000008000058C] -> 0xCFB3
mem[X,0x000000008000058E] -> 0x03EC
[360] [M]: 0x000000008000058C (0x03ECCFB3) div t6, s9, t5
x31 <- 0xFFFFFFFFC3A90444
mem[X,0x0000000080000590] -> 0xB023
mem[X,0x0000000080000592] -> 0x05F0
[361] [M]: 0x0000000080000590 (0x05F0B023) sd t6, 64(ra)
mem[0x000000008000D158] <- 0xFFFFFFFFC3A90444
mem[X,0x0000000080000594] -> 0x0C37
mem[X,0x0000000080000596] -> 0x0000
[362] [M]: 0x0000000080000594 (0x00000C37) lui s8, 0
x24 <- 0x0000000000000000
mem[X,0x0000000080000598] -> 0x0C13
mem[X,0x000000008000059A] -> 0x000C
[363] [M]: 0x0000000080000598 (0x000C0C13) addi s8, s8, 0
x24 <- 0x0000000000000000
mem[X,0x000000008000059C] -> 0x1C13
mem[X,0x000000008000059E] -> 0x00BC
[364] [M]: 0x000000008000059C (0x00BC1C13) slli s8, s8, 11
x24 <- 0x0000000000000000
mem[X,0x00000000800005A0] -> 0x0C13
mem[X,0x00000000800005A2] -> 0x5A8C
[365] [M]: 0x00000000800005A0 (0x5A8C0C13) addi s8, s8, 1448
x24 <- 0x00000000000005A8
mem[X,0x00000000800005A4] -> 0x1C13
mem[X,0x00000000800005A6] -> 0x00BC
[366] [M]: 0x00000000800005A4 (0x00BC1C13) slli s8, s8, 11
x24 <- 0x00000000002D4000
mem[X,0x00000000800005A8] -> 0x0C13
mem[X,0x00000000800005AA] -> 0x13CC
[367] [M]: 0x00000000800005A8 (0x13CC0C13) addi s8, s8, 316
x24 <- 0x00000000002D413C
mem[X,0x00000000800005AC] -> 0x1C13
mem[X,0x00000000800005AE] -> 0x00AC
[368] [M]: 0x00000000800005AC (0x00AC1C13) slli s8, s8, 10
x24 <- 0x00000000B504F000
mem[X,0x00000000800005B0] -> 0x0C13
mem[X,0x00000000800005B2] -> 0x334C
[369] [M]: 0x00000000800005B0 (0x334C0C13) addi s8, s8, 820
x24 <- 0x00000000B504F334
mem[X,0x00000000800005B4] -> 0x0F13
mem[X,0x00000000800005B6] -> 0xFFB0
[370] [M]: 0x00000000800005B4 (0xFFB00F13) addi t5, zero, 4091
x30 <- 0xFFFFFFFFFFFFFFFB
mem[X,0x00000000800005B8] -> 0x4FB3
mem[X,0x00000000800005BA] -> 0x03EC
[371] [M]: 0x00000000800005B8 (0x03EC4FB3) div t6, s8, t5
x31 <- 0xFFFFFFFFDBCBCF5C
mem[X,0x00000000800005BC] -> 0xB423
mem[X,0x00000000800005BE] -> 0x05F0
[372] [M]: 0x00000000800005BC (0x05F0B423) sd t6, 72(ra)
mem[0x000000008000D160] <- 0xFFFFFFFFDBCBCF5C
mem[X,0x00000000800005C0] -> 0x0BB7
mem[X,0x00000000800005C2] -> 0x0000
[373] [M]: 0x00000000800005C0 (0x00000BB7) lui s7, 0
x23 <- 0x0000000000000000
mem[X,0x00000000800005C4] -> 0x8B93
mem[X,0x00000000800005C6] -> 0x000B
[374] [M]: 0x00000000800005C4 (0x000B8B93) addi s7, s7, 0
x23 <- 0x0000000000000000
mem[X,0x00000000800005C8] -> 0x9B93
mem[X,0x00000000800005CA] -> 0x00BB
[375] [M]: 0x00000000800005C8 (0x00BB9B93) slli s7, s7, 11
x23 <- 0x0000000000000000
mem[X,0x00000000800005CC] -> 0x8B93
mem[X,0x00000000800005CE] -> 0x5A8B
[376] [M]: 0x00000000800005CC (0x5A8B8B93) addi s7, s7, 1448
x23 <- 0x00000000000005A8
mem[X,0x00000000800005D0] -> 0x9B93
mem[X,0x00000000800005D2] -> 0x00BB
[377] [M]: 0x00000000800005D0 (0x00BB9B93) slli s7, s7, 11
x23 <- 0x00000000002D4000
mem[X,0x00000000800005D4] -> 0x8B93
mem[X,0x00000000800005D6] -> 0x13CB
[378] [M]: 0x00000000800005D4 (0x13CB8B93) addi s7, s7, 316
x23 <- 0x00000000002D413C
mem[X,0x00000000800005D8] -> 0x9B93
mem[X,0x00000000800005DA] -> 0x00AB
[379] [M]: 0x00000000800005D8 (0x00AB9B93) slli s7, s7, 10
x23 <- 0x00000000B504F000
mem[X,0x00000000800005DC] -> 0x8B93
mem[X,0x00000000800005DE] -> 0x334B
[380] [M]: 0x00000000800005DC (0x334B8B93) addi s7, s7, 820
x23 <- 0x00000000B504F334
mem[X,0x00000000800005E0] -> 0x0F13
mem[X,0x00000000800005E2] -> 0xFF70
[381] [M]: 0x00000000800005E0 (0xFF700F13) addi t5, zero, 4087
x30 <- 0xFFFFFFFFFFFFFFF7
mem[X,0x00000000800005E4] -> 0xCFB3
mem[X,0x00000000800005E6] -> 0x03EB
[382] [M]: 0x00000000800005E4 (0x03EBCFB3) div t6, s7, t5
x31 <- 0xFFFFFFFFEBE3016C
mem[X,0x00000000800005E8] -> 0xB823
mem[X,0x00000000800005EA] -> 0x05F0
[383] [M]: 0x00000000800005E8 (0x05F0B823) sd t6, 80(ra)
mem[0x000000008000D168] <- 0xFFFFFFFFEBE3016C
mem[X,0x00000000800005EC] -> 0x0B37
mem[X,0x00000000800005EE] -> 0x0000
[384] [M]: 0x00000000800005EC (0x00000B37) lui s6, 0
x22 <- 0x0000000000000000
mem[X,0x00000000800005F0] -> 0x0B13
mem[X,0x00000000800005F2] -> 0x000B
[385] [M]: 0x00000000800005F0 (0x000B0B13) addi s6, s6, 0
x22 <- 0x0000000000000000
mem[X,0x00000000800005F4] -> 0x1B13
mem[X,0x00000000800005F6] -> 0x00BB
[386] [M]: 0x00000000800005F4 (0x00BB1B13) slli s6, s6, 11
x22 <- 0x0000000000000000
mem[X,0x00000000800005F8] -> 0x0B13
mem[X,0x00000000800005FA] -> 0x5A8B
[387] [M]: 0x00000000800005F8 (0x5A8B0B13) addi s6, s6, 1448
x22 <- 0x00000000000005A8
mem[X,0x00000000800005FC] -> 0x1B13
mem[X,0x00000000800005FE] -> 0x00BB
[388] [M]: 0x00000000800005FC (0x00BB1B13) slli s6, s6, 11
x22 <- 0x00000000002D4000
mem[X,0x0000000080000600] -> 0x0B13
mem[X,0x0000000080000602] -> 0x13CB
[389] [M]: 0x0000000080000600 (0x13CB0B13) addi s6, s6, 316
x22 <- 0x00000000002D413C
mem[X,0x0000000080000604] -> 0x1B13
mem[X,0x0000000080000606] -> 0x00AB
[390] [M]: 0x0000000080000604 (0x00AB1B13) slli s6, s6, 10
x22 <- 0x00000000B504F000
mem[X,0x0000000080000608] -> 0x0B13
mem[X,0x000000008000060A] -> 0x334B
[391] [M]: 0x0000000080000608 (0x334B0B13) addi s6, s6, 820
x22 <- 0x00000000B504F334
mem[X,0x000000008000060C] -> 0x0F13
mem[X,0x000000008000060E] -> 0xFEF0
[392] [M]: 0x000000008000060C (0xFEF00F13) addi t5, zero, 4079
x30 <- 0xFFFFFFFFFFFFFFEF
mem[X,0x0000000080000610] -> 0x4FB3
mem[X,0x0000000080000612] -> 0x03EB
[393] [M]: 0x0000000080000610 (0x03EB4FB3) div t6, s6, t5
x31 <- 0xFFFFFFFFF55A0FD0
mem[X,0x0000000080000614] -> 0xBC23
mem[X,0x0000000080000616] -> 0x05F0
[394] [M]: 0x0000000080000614 (0x05F0BC23) sd t6, 88(ra)
mem[0x000000008000D170] <- 0xFFFFFFFFF55A0FD0
mem[X,0x0000000080000618] -> 0x0AB7
mem[X,0x000000008000061A] -> 0x0000
[395] [M]: 0x0000000080000618 (0x00000AB7) lui s5, 0
x21 <- 0x0000000000000000
mem[X,0x000000008000061C] -> 0x8A93
mem[X,0x000000008000061E] -> 0x000A
[396] [M]: 0x000000008000061C (0x000A8A93) addi s5, s5, 0
x21 <- 0x0000000000000000
mem[X,0x0000000080000620] -> 0x9A93
mem[X,0x0000000080000622] -> 0x00BA
[397] [M]: 0x0000000080000620 (0x00BA9A93) slli s5, s5, 11
x21 <- 0x0000000000000000
mem[X,0x0000000080000624] -> 0x8A93
mem[X,0x0000000080000626] -> 0x5A8A
[398] [M]: 0x0000000080000624 (0x5A8A8A93) addi s5, s5, 1448
x21 <- 0x00000000000005A8
mem[X,0x0000000080000628] -> 0x9A93
mem[X,0x000000008000062A] -> 0x00BA
[399] [M]: 0x0000000080000628 (0x00BA9A93) slli s5, s5, 11
x21 <- 0x00000000002D4000
clint::tick mtime <- 0x0000000000000004
 clint timer pending at mtime 0x0000000000000004
htif::tick 0x0000000000000000
mem[X,0x000000008000062C] -> 0x8A93
mem[X,0x000000008000062E] -> 0x13CA
[400] [M]: 0x000000008000062C (0x13CA8A93) addi s5, s5, 316
x21 <- 0x00000000002D413C
mem[X,0x0000000080000630] -> 0x9A93
mem[X,0x0000000080000632] -> 0x00AA
[401] [M]: 0x0000000080000630 (0x00AA9A93) slli s5, s5, 10
x21 <- 0x00000000B504F000
mem[X,0x0000000080000634] -> 0x8A93
mem[X,0x0000000080000636] -> 0x334A
[402] [M]: 0x0000000080000634 (0x334A8A93) addi s5, s5, 820
x21 <- 0x00000000B504F334
mem[X,0x0000000080000638] -> 0x0F13
mem[X,0x000000008000063A] -> 0xFDF0
[403] [M]: 0x0000000080000638 (0xFDF00F13) addi t5, zero, 4063
x30 <- 0xFFFFFFFFFFFFFFDF
mem[X,0x000000008000063C] -> 0xCFB3
mem[X,0x000000008000063E] -> 0x03EA
[404] [M]: 0x000000008000063C (0x03EACFB3) div t6, s5, t5
x31 <- 0xFFFFFFFFFA83BA92
mem[X,0x0000000080000640] -> 0xB023
mem[X,0x0000000080000642] -> 0x07F0
[405] [M]: 0x0000000080000640 (0x07F0B023) sd t6, 96(ra)
mem[0x000000008000D178] <- 0xFFFFFFFFFA83BA92
mem[X,0x0000000080000644] -> 0x0A37
mem[X,0x0000000080000646] -> 0x0000
[406] [M]: 0x0000000080000644 (0x00000A37) lui s4, 0
x20 <- 0x0000000000000000
mem[X,0x0000000080000648] -> 0x0A13
mem[X,0x000000008000064A] -> 0x000A
[407] [M]: 0x0000000080000648 (0x000A0A13) addi s4, s4, 0
x20 <- 0x0000000000000000
mem[X,0x000000008000064C] -> 0x1A13
mem[X,0x000000008000064E] -> 0x00BA
[408] [M]: 0x000000008000064C (0x00BA1A13) slli s4, s4, 11
x20 <- 0x0000000000000000
mem[X,0x0000000080000650] -> 0x0A13
mem[X,0x0000000080000652] -> 0x5A8A
[409] [M]: 0x0000000080000650 (0x5A8A0A13) addi s4, s4, 1448
x20 <- 0x00000000000005A8
mem[X,0x0000000080000654] -> 0x1A13
mem[X,0x0000000080000656] -> 0x00BA
[410] [M]: 0x0000000080000654 (0x00BA1A13) slli s4, s4, 11
x20 <- 0x00000000002D4000
mem[X,0x0000000080000658] -> 0x0A13
mem[X,0x000000008000065A] -> 0x13CA
[411] [M]: 0x0000000080000658 (0x13CA0A13) addi s4, s4, 316
x20 <- 0x00000000002D413C
mem[X,0x000000008000065C] -> 0x1A13
mem[X,0x000000008000065E] -> 0x00AA
[412] [M]: 0x000000008000065C (0x00AA1A13) slli s4, s4, 10
x20 <- 0x00000000B504F000
mem[X,0x0000000080000660] -> 0x0A13
mem[X,0x0000000080000662] -> 0x334A
[413] [M]: 0x0000000080000660 (0x334A0A13) addi s4, s4, 820
x20 <- 0x00000000B504F334
mem[X,0x0000000080000664] -> 0x0F13
mem[X,0x0000000080000666] -> 0xFBF0
[414] [M]: 0x0000000080000664 (0xFBF00F13) addi t5, zero, 4031
x30 <- 0xFFFFFFFFFFFFFFBF
mem[X,0x0000000080000668] -> 0x4FB3
mem[X,0x000000008000066A] -> 0x03EA
[415] [M]: 0x0000000080000668 (0x03EA4FB3) div t6, s4, t5
x31 <- 0xFFFFFFFFFD370FF4
mem[X,0x000000008000066C] -> 0xB423
mem[X,0x000000008000066E] -> 0x07F0
[416] [M]: 0x000000008000066C (0x07F0B423) sd t6, 104(ra)
mem[0x000000008000D180] <- 0xFFFFFFFFFD370FF4
mem[X,0x0000000080000670] -> 0x09B7
mem[X,0x0000000080000672] -> 0x0000
[417] [M]: 0x0000000080000670 (0x000009B7) lui s3, 0
x19 <- 0x0000000000000000
mem[X,0x0000000080000674] -> 0x8993
mem[X,0x0000000080000676] -> 0x0009
[418] [M]: 0x0000000080000674 (0x00098993) addi s3, s3, 0
x19 <- 0x0000000000000000
mem[X,0x0000000080000678] -> 0x9993
mem[X,0x000000008000067A] -> 0x00B9
[419] [M]: 0x0000000080000678 (0x00B99993) slli s3, s3, 11
x19 <- 0x0000000000000000
mem[X,0x000000008000067C] -> 0x8993
mem[X,0x000000008000067E] -> 0x5A89
[420] [M]: 0x000000008000067C (0x5A898993) addi s3, s3, 1448
x19 <- 0x00000000000005A8
mem[X,0x0000000080000680] -> 0x9993
mem[X,0x0000000080000682] -> 0x00B9
[421] [M]: 0x0000000080000680 (0x00B99993) slli s3, s3, 11
x19 <- 0x00000000002D4000
mem[X,0x0000000080000684] -> 0x8993
mem[X,0x0000000080000686] -> 0x13C9
[422] [M]: 0x0000000080000684 (0x13C98993) addi s3, s3, 316
x19 <- 0x00000000002D413C
mem[X,0x0000000080000688] -> 0x9993
mem[X,0x000000008000068A] -> 0x00A9
[423] [M]: 0x0000000080000688 (0x00A99993) slli s3, s3, 10
x19 <- 0x00000000B504F000
mem[X,0x000000008000068C] -> 0x8993
mem[X,0x000000008000068E] -> 0x3349
[424] [M]: 0x000000008000068C (0x33498993) addi s3, s3, 820
x19 <- 0x00000000B504F334
mem[X,0x0000000080000690] -> 0x0F13
mem[X,0x0000000080000692] -> 0xF7F0
[425] [M]: 0x0000000080000690 (0xF7F00F13) addi t5, zero, 3967
x30 <- 0xFFFFFFFFFFFFFF7F
mem[X,0x0000000080000694] -> 0xCFB3
mem[X,0x0000000080000696] -> 0x03E9
[426] [M]: 0x0000000080000694 (0x03E9CFB3) div t6, s3, t5
x31 <- 0xFFFFFFFFFE98C491
mem[X,0x0000000080000698] -> 0xB823
mem[X,0x000000008000069A] -> 0x07F0
[427] [M]: 0x0000000080000698 (0x07F0B823) sd t6, 112(ra)
mem[0x000000008000D188] <- 0xFFFFFFFFFE98C491
mem[X,0x000000008000069C] -> 0x0937
mem[X,0x000000008000069E] -> 0x0000
[428] [M]: 0x000000008000069C (0x00000937) lui s2, 0
x18 <- 0x0000000000000000
mem[X,0x00000000800006A0] -> 0x0913
mem[X,0x00000000800006A2] -> 0x0009
[429] [M]: 0x00000000800006A0 (0x00090913) addi s2, s2, 0
x18 <- 0x0000000000000000
mem[X,0x00000000800006A4] -> 0x1913
mem[X,0x00000000800006A6] -> 0x00B9
[430] [M]: 0x00000000800006A4 (0x00B91913) slli s2, s2, 11
x18 <- 0x0000000000000000
mem[X,0x00000000800006A8] -> 0x0913
mem[X,0x00000000800006AA] -> 0x5A89
[431] [M]: 0x00000000800006A8 (0x5A890913) addi s2, s2, 1448
x18 <- 0x00000000000005A8
mem[X,0x00000000800006AC] -> 0x1913
mem[X,0x00000000800006AE] -> 0x00B9
[432] [M]: 0x00000000800006AC (0x00B91913) slli s2, s2, 11
x18 <- 0x00000000002D4000
mem[X,0x00000000800006B0] -> 0x0913
mem[X,0x00000000800006B2] -> 0x13C9
[433] [M]: 0x00000000800006B0 (0x13C90913) addi s2, s2, 316
x18 <- 0x00000000002D413C
mem[X,0x00000000800006B4] -> 0x1913
mem[X,0x00000000800006B6] -> 0x00A9
[434] [M]: 0x00000000800006B4 (0x00A91913) slli s2, s2, 10
x18 <- 0x00000000B504F000
mem[X,0x00000000800006B8] -> 0x0913
mem[X,0x00000000800006BA] -> 0x3349
[435] [M]: 0x00000000800006B8 (0x33490913) addi s2, s2, 820
x18 <- 0x00000000B504F334
mem[X,0x00000000800006BC] -> 0x0F13
mem[X,0x00000000800006BE] -> 0xEFF0
[436] [M]: 0x00000000800006BC (0xEFF00F13) addi t5, zero, 3839
x30 <- 0xFFFFFFFFFFFFFEFF
mem[X,0x00000000800006C0] -> 0x4FB3
mem[X,0x00000000800006C2] -> 0x03E9
[437] [M]: 0x00000000800006C0 (0x03E94FB3) div t6, s2, t5
x31 <- 0xFFFFFFFFFF4BAF5E
mem[X,0x00000000800006C4] -> 0xBC23
mem[X,0x00000000800006C6] -> 0x07F0
[438] [M]: 0x00000000800006C4 (0x07F0BC23) sd t6, 120(ra)
mem[0x000000008000D190] <- 0xFFFFFFFFFF4BAF5E
mem[X,0x00000000800006C8] -> 0x08B7
mem[X,0x00000000800006CA] -> 0x0000
[439] [M]: 0x00000000800006C8 (0x000008B7) lui a7, 0
x17 <- 0x0000000000000000
mem[X,0x00000000800006CC] -> 0x8893
mem[X,0x00000000800006CE] -> 0x0008
[440] [M]: 0x00000000800006CC (0x00088893) addi a7, a7, 0
x17 <- 0x0000000000000000
mem[X,0x00000000800006D0] -> 0x9893
mem[X,0x00000000800006D2] -> 0x00B8
[441] [M]: 0x00000000800006D0 (0x00B89893) slli a7, a7, 11
x17 <- 0x0000000000000000
mem[X,0x00000000800006D4] -> 0x8893
mem[X,0x00000000800006D6] -> 0x5A88
[442] [M]: 0x00000000800006D4 (0x5A888893) addi a7, a7, 1448
x17 <- 0x00000000000005A8
mem[X,0x00000000800006D8] -> 0x9893
mem[X,0x00000000800006DA] -> 0x00B8
[443] [M]: 0x00000000800006D8 (0x00B89893) slli a7, a7, 11
x17 <- 0x00000000002D4000
mem[X,0x00000000800006DC] -> 0x8893
mem[X,0x00000000800006DE] -> 0x13C8
[444] [M]: 0x00000000800006DC (0x13C88893) addi a7, a7, 316
x17 <- 0x00000000002D413C
mem[X,0x00000000800006E0] -> 0x9893
mem[X,0x00000000800006E2] -> 0x00A8
[445] [M]: 0x00000000800006E0 (0x00A89893) slli a7, a7, 10
x17 <- 0x00000000B504F000
mem[X,0x00000000800006E4] -> 0x8893
mem[X,0x00000000800006E6] -> 0x3348
[446] [M]: 0x00000000800006E4 (0x33488893) addi a7, a7, 820
x17 <- 0x00000000B504F334
mem[X,0x00000000800006E8] -> 0x0F13
mem[X,0x00000000800006EA] -> 0xDFF0
[447] [M]: 0x00000000800006E8 (0xDFF00F13) addi t5, zero, 3583
x30 <- 0xFFFFFFFFFFFFFDFF
mem[X,0x00000000800006EC] -> 0xCFB3
mem[X,0x00000000800006EE] -> 0x03E8
[448] [M]: 0x00000000800006EC (0x03E8CFB3) div t6, a7, t5
x31 <- 0xFFFFFFFFFFA5AAB2
mem[X,0x00000000800006F0] -> 0xB023
mem[X,0x00000000800006F2] -> 0x09F0
[449] [M]: 0x00000000800006F0 (0x09F0B023) sd t6, 128(ra)
mem[0x000000008000D198] <- 0xFFFFFFFFFFA5AAB2
mem[X,0x00000000800006F4] -> 0x0837
mem[X,0x00000000800006F6] -> 0x0000
[450] [M]: 0x00000000800006F4 (0x00000837) lui a6, 0
x16 <- 0x0000000000000000
mem[X,0x00000000800006F8] -> 0x0813
mem[X,0x00000000800006FA] -> 0x0008
[451] [M]: 0x00000000800006F8 (0x00080813) addi a6, a6, 0
x16 <- 0x0000000000000000
mem[X,0x00000000800006FC] -> 0x1813
mem[X,0x00000000800006FE] -> 0x00B8
[452] [M]: 0x00000000800006FC (0x00B81813) slli a6, a6, 11
x16 <- 0x0000000000000000
mem[X,0x0000000080000700] -> 0x0813
mem[X,0x0000000080000702] -> 0x5A88
[453] [M]: 0x0000000080000700 (0x5A880813) addi a6, a6, 1448
x16 <- 0x00000000000005A8
mem[X,0x0000000080000704] -> 0x1813
mem[X,0x0000000080000706] -> 0x00B8
[454] [M]: 0x0000000080000704 (0x00B81813) slli a6, a6, 11
x16 <- 0x00000000002D4000
mem[X,0x0000000080000708] -> 0x0813
mem[X,0x000000008000070A] -> 0x13C8
[455] [M]: 0x0000000080000708 (0x13C80813) addi a6, a6, 316
x16 <- 0x00000000002D413C
mem[X,0x000000008000070C] -> 0x1813
mem[X,0x000000008000070E] -> 0x00A8
[456] [M]: 0x000000008000070C (0x00A81813) slli a6, a6, 10
x16 <- 0x00000000B504F000
mem[X,0x0000000080000710] -> 0x0813
mem[X,0x0000000080000712] -> 0x3348
[457] [M]: 0x0000000080000710 (0x33480813) addi a6, a6, 820
x16 <- 0x00000000B504F334
mem[X,0x0000000080000714] -> 0x0F13
mem[X,0x0000000080000716] -> 0xBFF0
[458] [M]: 0x0000000080000714 (0xBFF00F13) addi t5, zero, 3071
x30 <- 0xFFFFFFFFFFFFFBFF
mem[X,0x0000000080000718] -> 0x4FB3
mem[X,0x000000008000071A] -> 0x03E8
[459] [M]: 0x0000000080000718 (0x03E84FB3) div t6, a6, t5
x31 <- 0xFFFFFFFFFFD2CA11
mem[X,0x000000008000071C] -> 0xB423
mem[X,0x000000008000071E] -> 0x09F0
[460] [M]: 0x000000008000071C (0x09F0B423) sd t6, 136(ra)
mem[0x000000008000D1A0] <- 0xFFFFFFFFFFD2CA11
mem[X,0x0000000080000720] -> 0x07B7
mem[X,0x0000000080000722] -> 0x0000
[461] [M]: 0x0000000080000720 (0x000007B7) lui a5, 0
x15 <- 0x0000000000000000
mem[X,0x0000000080000724] -> 0x8793
mem[X,0x0000000080000726] -> 0x0007
[462] [M]: 0x0000000080000724 (0x00078793) addi a5, a5, 0
x15 <- 0x0000000000000000
mem[X,0x0000000080000728] -> 0x9793
mem[X,0x000000008000072A] -> 0x00B7
[463] [M]: 0x0000000080000728 (0x00B79793) slli a5, a5, 11
x15 <- 0x0000000000000000
mem[X,0x000000008000072C] -> 0x8793
mem[X,0x000000008000072E] -> 0x5A87
[464] [M]: 0x000000008000072C (0x5A878793) addi a5, a5, 1448
x15 <- 0x00000000000005A8
mem[X,0x0000000080000730] -> 0x9793
mem[X,0x0000000080000732] -> 0x00B7
[465] [M]: 0x0000000080000730 (0x00B79793) slli a5, a5, 11
x15 <- 0x00000000002D4000
mem[X,0x0000000080000734] -> 0x8793
mem[X,0x0000000080000736] -> 0x13C7
[466] [M]: 0x0000000080000734 (0x13C78793) addi a5, a5, 316
x15 <- 0x00000000002D413C
mem[X,0x0000000080000738] -> 0x9793
mem[X,0x000000008000073A] -> 0x00A7
[467] [M]: 0x0000000080000738 (0x00A79793) slli a5, a5, 10
x15 <- 0x00000000B504F000
mem[X,0x000000008000073C] -> 0x8793
mem[X,0x000000008000073E] -> 0x3347
[468] [M]: 0x000000008000073C (0x33478793) addi a5, a5, 820
x15 <- 0x00000000B504F334
mem[X,0x0000000080000740] -> 0x0F13
mem[X,0x0000000080000742] -> 0x0010
[469] [M]: 0x0000000080000740 (0x00100F13) addi t5, zero, 1
x30 <- 0x0000000000000001
mem[X,0x0000000080000744] -> 0x1F13
mem[X,0x0000000080000746] -> 0x00BF
[470] [M]: 0x0000000080000744 (0x00BF1F13) slli t5, t5, 11
x30 <- 0x0000000000000800
mem[X,0x0000000080000748] -> 0x4F13
mem[X,0x000000008000074A] -> 0xFFFF
[471] [M]: 0x0000000080000748 (0xFFFF4F13) xori t5, t5, 4095
x30 <- 0xFFFFFFFFFFFFF7FF
mem[X,0x000000008000074C] -> 0xCFB3
mem[X,0x000000008000074E] -> 0x03E7
[472] [M]: 0x000000008000074C (0x03E7CFB3) div t6, a5, t5
x31 <- 0xFFFFFFFFFFE96236
mem[X,0x0000000080000750] -> 0xB823
mem[X,0x0000000080000752] -> 0x09F0
[473] [M]: 0x0000000080000750 (0x09F0B823) sd t6, 144(ra)
mem[0x000000008000D1A8] <- 0xFFFFFFFFFFE96236
mem[X,0x0000000080000754] -> 0x0737
mem[X,0x0000000080000756] -> 0x0000
[474] [M]: 0x0000000080000754 (0x00000737) lui a4, 0
x14 <- 0x0000000000000000
mem[X,0x0000000080000758] -> 0x0713
mem[X,0x000000008000075A] -> 0x0007
[475] [M]: 0x0000000080000758 (0x00070713) addi a4, a4, 0
x14 <- 0x0000000000000000
mem[X,0x000000008000075C] -> 0x1713
mem[X,0x000000008000075E] -> 0x00B7
[476] [M]: 0x000000008000075C (0x00B71713) slli a4, a4, 11
x14 <- 0x0000000000000000
mem[X,0x0000000080000760] -> 0x0713
mem[X,0x0000000080000762] -> 0x5A87
[477] [M]: 0x0000000080000760 (0x5A870713) addi a4, a4, 1448
x14 <- 0x00000000000005A8
mem[X,0x0000000080000764] -> 0x1713
mem[X,0x0000000080000766] -> 0x00B7
[478] [M]: 0x0000000080000764 (0x00B71713) slli a4, a4, 11
x14 <- 0x00000000002D4000
mem[X,0x0000000080000768] -> 0x0713
mem[X,0x000000008000076A] -> 0x13C7
[479] [M]: 0x0000000080000768 (0x13C70713) addi a4, a4, 316
x14 <- 0x00000000002D413C
mem[X,0x000000008000076C] -> 0x1713
mem[X,0x000000008000076E] -> 0x00A7
[480] [M]: 0x000000008000076C (0x00A71713) slli a4, a4, 10
x14 <- 0x00000000B504F000
mem[X,0x0000000080000770] -> 0x0713
mem[X,0x0000000080000772] -> 0x3347
[481] [M]: 0x0000000080000770 (0x33470713) addi a4, a4, 820
x14 <- 0x00000000B504F334
mem[X,0x0000000080000774] -> 0x0F13
mem[X,0x0000000080000776] -> 0x0010
[482] [M]: 0x0000000080000774 (0x00100F13) addi t5, zero, 1
x30 <- 0x0000000000000001
mem[X,0x0000000080000778] -> 0x1F13
mem[X,0x000000008000077A] -> 0x00CF
[483] [M]: 0x0000000080000778 (0x00CF1F13) slli t5, t5, 12
x30 <- 0x0000000000001000
mem[X,0x000000008000077C] -> 0x4F13
mem[X,0x000000008000077E] -> 0xFFFF
[484] [M]: 0x000000008000077C (0xFFFF4F13) xori t5, t5, 4095
x30 <- 0xFFFFFFFFFFFFEFFF
mem[X,0x0000000080000780] -> 0x4FB3
mem[X,0x0000000080000782] -> 0x03E7
[485] [M]: 0x0000000080000780 (0x03E74FB3) div t6, a4, t5
x31 <- 0xFFFFFFFFFFF4B066
mem[X,0x0000000080000784] -> 0xBC23
mem[X,0x0000000080000786] -> 0x09F0
[486] [M]: 0x0000000080000784 (0x09F0BC23) sd t6, 152(ra)
mem[0x000000008000D1B0] <- 0xFFFFFFFFFFF4B066
mem[X,0x0000000080000788] -> 0x06B7
mem[X,0x000000008000078A] -> 0x0000
[487] [M]: 0x0000000080000788 (0x000006B7) lui a3, 0
x13 <- 0x0000000000000000
mem[X,0x000000008000078C] -> 0x8693
mem[X,0x000000008000078E] -> 0x0006
[488] [M]: 0x000000008000078C (0x00068693) addi a3, a3, 0
x13 <- 0x0000000000000000
mem[X,0x0000000080000790] -> 0x9693
mem[X,0x0000000080000792] -> 0x00B6
[489] [M]: 0x0000000080000790 (0x00B69693) slli a3, a3, 11
x13 <- 0x0000000000000000
mem[X,0x0000000080000794] -> 0x8693
mem[X,0x0000000080000796] -> 0x5A86
[490] [M]: 0x0000000080000794 (0x5A868693) addi a3, a3, 1448
x13 <- 0x00000000000005A8
mem[X,0x0000000080000798] -> 0x9693
mem[X,0x000000008000079A] -> 0x00B6
[491] [M]: 0x0000000080000798 (0x00B69693) slli a3, a3, 11
x13 <- 0x00000000002D4000
mem[X,0x000000008000079C] -> 0x8693
mem[X,0x000000008000079E] -> 0x13C6
[492] [M]: 0x000000008000079C (0x13C68693) addi a3, a3, 316
x13 <- 0x00000000002D413C
mem[X,0x00000000800007A0] -> 0x9693
mem[X,0x00000000800007A2] -> 0x00A6
[493] [M]: 0x00000000800007A0 (0x00A69693) slli a3, a3, 10
x13 <- 0x00000000B504F000
mem[X,0x00000000800007A4] -> 0x8693
mem[X,0x00000000800007A6] -> 0x3346
[494] [M]: 0x00000000800007A4 (0x33468693) addi a3, a3, 820
x13 <- 0x00000000B504F334
mem[X,0x00000000800007A8] -> 0x0F13
mem[X,0x00000000800007AA] -> 0x0010
[495] [M]: 0x00000000800007A8 (0x00100F13) addi t5, zero, 1
x30 <- 0x0000000000000001
mem[X,0x00000000800007AC] -> 0x1F13
mem[X,0x00000000800007AE] -> 0x00DF
[496] [M]: 0x00000000800007AC (0x00DF1F13) slli t5, t5, 13
x30 <- 0x0000000000002000
mem[X,0x00000000800007B0] -> 0x4F13
mem[X,0x00000000800007B2] -> 0xFFFF
[497] [M]: 0x00000000800007B0 (0xFFFF4F13) xori t5, t5, 4095
x30 <- 0xFFFFFFFFFFFFDFFF
mem[X,0x00000000800007B4] -> 0xCFB3
mem[X,0x00000000800007B6] -> 0x03E6
[498] [M]: 0x00000000800007B4 (0x03E6CFB3) div t6, a3, t5
x31 <- 0xFFFFFFFFFFFA5806
mem[X,0x00000000800007B8] -> 0xB023
mem[X,0x00000000800007BA] -> 0x0BF0
[499] [M]: 0x00000000800007B8 (0x0BF0B023) sd t6, 160(ra)
mem[0x000000008000D1B8] <- 0xFFFFFFFFFFFA5806
clint::tick mtime <- 0x0000000000000005
 clint timer pending at mtime 0x0000000000000005
htif::tick 0x0000000000000000
mem[X,0x00000000800007BC] -> 0x0637
mem[X,0x00000000800007BE] -> 0x0000
[500] [M]: 0x00000000800007BC (0x00000637) lui a2, 0
x12 <- 0x0000000000000000
mem[X,0x00000000800007C0] -> 0x0613
mem[X,0x00000000800007C2] -> 0x0006
[501] [M]: 0x00000000800007C0 (0x00060613) addi a2, a2, 0
x12 <- 0x0000000000000000
mem[X,0x00000000800007C4] -> 0x1613
mem[X,0x00000000800007C6] -> 0x00B6
[502] [M]: 0x00000000800007C4 (0x00B61613) slli a2, a2, 11
x12 <- 0x0000000000000000
mem[X,0x00000000800007C8] -> 0x0613
mem[X,0x00000000800007CA] -> 0x5A86
[503] [M]: 0x00000000800007C8 (0x5A860613) addi a2, a2, 1448
x12 <- 0x00000000000005A8
mem[X,0x00000000800007CC] -> 0x1613
mem[X,0x00000000800007CE] -> 0x00B6
[504] [M]: 0x00000000800007CC (0x00B61613) slli a2, a2, 11
x12 <- 0x00000000002D4000
mem[X,0x00000000800007D0] -> 0x0613
mem[X,0x00000000800007D2] -> 0x13C6
[505] [M]: 0x00000000800007D0 (0x13C60613) addi a2, a2, 316
x12 <- 0x00000000002D413C
mem[X,0x00000000800007D4] -> 0x1613
mem[X,0x00000000800007D6] -> 0x00A6
[506] [M]: 0x00000000800007D4 (0x00A61613) slli a2, a2, 10
x12 <- 0x00000000B504F000
mem[X,0x00000000800007D8] -> 0x0613
mem[X,0x00000000800007DA] -> 0x3346
[507] [M]: 0x00000000800007D8 (0x33460613) addi a2, a2, 820
x12 <- 0x00000000B504F334
mem[X,0x00000000800007DC] -> 0x0F13
mem[X,0x00000000800007DE] -> 0x0010
[508] [M]: 0x00000000800007DC (0x00100F13) addi t5, zero, 1
x30 <- 0x0000000000000001
mem[X,0x00000000800007E0] -> 0x1F13
mem[X,0x00000000800007E2] -> 0x00EF
[509] [M]: 0x00000000800007E0 (0x00EF1F13) slli t5, t5, 14
x30 <- 0x0000000000004000
mem[X,0x00000000800007E4] -> 0x4F13
mem[X,0x00000000800007E6] -> 0xFFFF
[510] [M]: 0x00000000800007E4 (0xFFFF4F13) xori t5, t5, 4095
x30 <- 0xFFFFFFFFFFFFBFFF
mem[X,0x00000000800007E8] -> 0x4FB3
mem[X,0x00000000800007EA] -> 0x03E6
[511] [M]: 0x00000000800007E8 (0x03E64FB3) div t6, a2, t5
x31 <- 0xFFFFFFFFFFFD2BF8
mem[X,0x00000000800007EC] -> 0xB423
mem[X,0x00000000800007EE] -> 0x0BF0
[512] [M]: 0x00000000800007EC (0x0BF0B423) sd t6, 168(ra)
mem[0x000000008000D1C0] <- 0xFFFFFFFFFFFD2BF8
mem[X,0x00000000800007F0] -> 0x05B7
mem[X,0x00000000800007F2] -> 0x0000
[513] [M]: 0x00000000800007F0 (0x000005B7) lui a1, 0
x11 <- 0x0000000000000000
mem[X,0x00000000800007F4] -> 0x8593
mem[X,0x00000000800007F6] -> 0x0005
[514] [M]: 0x00000000800007F4 (0x00058593) addi a1, a1, 0
x11 <- 0x0000000000000000
mem[X,0x00000000800007F8] -> 0x9593
mem[X,0x00000000800007FA] -> 0x00B5
[515] [M]: 0x00000000800007F8 (0x00B59593) slli a1, a1, 11
x11 <- 0x0000000000000000
mem[X,0x00000000800007FC] -> 0x8593
mem[X,0x00000000800007FE] -> 0x5A85
[516] [M]: 0x00000000800007FC (0x5A858593) addi a1, a1, 1448
x11 <- 0x00000000000005A8
mem[X,0x0000000080000800] -> 0x9593
mem[X,0x0000000080000802] -> 0x00B5
[517] [M]: 0x0000000080000800 (0x00B59593) slli a1, a1, 11
x11 <- 0x00000000002D4000
mem[X,0x0000000080000804] -> 0x8593
mem[X,0x0000000080000806] -> 0x13C5
[518] [M]: 0x0000000080000804 (0x13C58593) addi a1, a1, 316
x11 <- 0x00000000002D413C
mem[X,0x0000000080000808] -> 0x9593
mem[X,0x000000008000080A] -> 0x00A5
[519] [M]: 0x0000000080000808 (0x00A59593) slli a1, a1, 10
x11 <- 0x00000000B504F000
mem[X,0x000000008000080C] -> 0x8593
mem[X,0x000000008000080E] -> 0x3345
[520] [M]: 0x000000008000080C (0x33458593) addi a1, a1, 820
x11 <- 0x00000000B504F334
mem[X,0x0000000080000810] -> 0x0F13
mem[X,0x0000000080000812] -> 0x0010
[521] [M]: 0x0000000080000810 (0x00100F13) addi t5, zero, 1
x30 <- 0x0000000000000001
mem[X,0x0000000080000814] -> 0x1F13
mem[X,0x0000000080000816] -> 0x00FF
[522] [M]: 0x0000000080000814 (0x00FF1F13) slli t5, t5, 15
x30 <- 0x0000000000008000
mem[X,0x0000000080000818] -> 0x4F13
mem[X,0x000000008000081A] -> 0xFFFF
[523] [M]: 0x0000000080000818 (0xFFFF4F13) xori t5, t5, 4095
x30 <- 0xFFFFFFFFFFFF7FFF
mem[X,0x000000008000081C] -> 0xCFB3
mem[X,0x000000008000081E] -> 0x03E5
[524] [M]: 0x000000008000081C (0x03E5CFB3) div t6, a1, t5
x31 <- 0xFFFFFFFFFFFE95F9
mem[X,0x0000000080000820] -> 0xB823
mem[X,0x0000000080000822] -> 0x0BF0
[525] [M]: 0x0000000080000820 (0x0BF0B823) sd t6, 176(ra)
mem[0x000000008000D1C8] <- 0xFFFFFFFFFFFE95F9
mem[X,0x0000000080000824] -> 0x0537
mem[X,0x0000000080000826] -> 0x0000
[526] [M]: 0x0000000080000824 (0x00000537) lui a0, 0
x10 <- 0x0000000000000000
mem[X,0x0000000080000828] -> 0x0513
mem[X,0x000000008000082A] -> 0x0005
[527] [M]: 0x0000000080000828 (0x00050513) addi a0, a0, 0
x10 <- 0x0000000000000000
mem[X,0x000000008000082C] -> 0x1513
mem[X,0x000000008000082E] -> 0x00B5
[528] [M]: 0x000000008000082C (0x00B51513) slli a0, a0, 11
x10 <- 0x0000000000000000
mem[X,0x0000000080000830] -> 0x0513
mem[X,0x0000000080000832] -> 0x5A85
[529] [M]: 0x0000000080000830 (0x5A850513) addi a0, a0, 1448
x10 <- 0x00000000000005A8
mem[X,0x0000000080000834] -> 0x1513
mem[X,0x0000000080000836] -> 0x00B5
[530] [M]: 0x0000000080000834 (0x00B51513) slli a0, a0, 11
x10 <- 0x00000000002D4000
mem[X,0x0000000080000838] -> 0x0513
mem[X,0x000000008000083A] -> 0x13C5
[531] [M]: 0x0000000080000838 (0x13C50513) addi a0, a0, 316
x10 <- 0x00000000002D413C
mem[X,0x000000008000083C] -> 0x1513
mem[X,0x000000008000083E] -> 0x00A5
[532] [M]: 0x000000008000083C (0x00A51513) slli a0, a0, 10
x10 <- 0x00000000B504F000
mem[X,0x0000000080000840] -> 0x0513
mem[X,0x0000000080000842] -> 0x3345
[533] [M]: 0x0000000080000840 (0x33450513) addi a0, a0, 820
x10 <- 0x00000000B504F334
mem[X,0x0000000080000844] -> 0x0F13
mem[X,0x0000000080000846] -> 0x0010
[534] [M]: 0x0000000080000844 (0x00100F13) addi t5, zero, 1
x30 <- 0x0000000000000001
mem[X,0x0000000080000848] -> 0x1F13
mem[X,0x000000008000084A] -> 0x010F
[535] [M]: 0x0000000080000848 (0x010F1F13) slli t5, t5, 16
x30 <- 0x0000000000010000
mem[X,0x000000008000084C] -> 0x4F13
mem[X,0x000000008000084E] -> 0xFFFF
[536] [M]: 0x000000008000084C (0xFFFF4F13) xori t5, t5, 4095
x30 <- 0xFFFFFFFFFFFEFFFF
mem[X,0x0000000080000850] -> 0x4FB3
mem[X,0x0000000080000852] -> 0x03E5
[537] [M]: 0x0000000080000850 (0x03E54FB3) div t6, a0, t5
x31 <- 0xFFFFFFFFFFFF4AFC
mem[X,0x0000000080000854] -> 0xBC23
mem[X,0x0000000080000856] -> 0x0BF0
[538] [M]: 0x0000000080000854 (0x0BF0BC23) sd t6, 184(ra)
mem[0x000000008000D1D0] <- 0xFFFFFFFFFFFF4AFC
mem[X,0x0000000080000858] -> 0x04B7
mem[X,0x000000008000085A] -> 0x0000
[539] [M]: 0x0000000080000858 (0x000004B7) lui s1, 0
x9 <- 0x0000000000000000
mem[X,0x000000008000085C] -> 0x8493
mem[X,0x000000008000085E] -> 0x0004
[540] [M]: 0x000000008000085C (0x00048493) addi s1, s1, 0
x9 <- 0x0000000000000000
mem[X,0x0000000080000860] -> 0x9493
mem[X,0x0000000080000862] -> 0x00B4
[541] [M]: 0x0000000080000860 (0x00B49493) slli s1, s1, 11
x9 <- 0x0000000000000000
mem[X,0x0000000080000864] -> 0x8493
mem[X,0x0000000080000866] -> 0x5A84
[542] [M]: 0x0000000080000864 (0x5A848493) addi s1, s1, 1448
x9 <- 0x00000000000005A8
mem[X,0x0000000080000868] -> 0x9493
mem[X,0x000000008000086A] -> 0x00B4
[543] [M]: 0x0000000080000868 (0x00B49493) slli s1, s1, 11
x9 <- 0x00000000002D4000
mem[X,0x000000008000086C] -> 0x8493
mem[X,0x000000008000086E] -> 0x13C4
[544] [M]: 0x000000008000086C (0x13C48493) addi s1, s1, 316
x9 <- 0x00000000002D413C
mem[X,0x0000000080000870] -> 0x9493
mem[X,0x0000000080000872] -> 0x00A4
[545] [M]: 0x0000000080000870 (0x00A49493) slli s1, s1, 10
x9 <- 0x00000000B504F000
mem[X,0x0000000080000874] -> 0x8493
mem[X,0x0000000080000876] -> 0x3344
[546] [M]: 0x0000000080000874 (0x33448493) addi s1, s1, 820
x9 <- 0x00000000B504F334
mem[X,0x0000000080000878] -> 0x0F13
mem[X,0x000000008000087A] -> 0x0010
[547] [M]: 0x0000000080000878 (0x00100F13) addi t5, zero, 1
x30 <- 0x0000000000000001
mem[X,0x000000008000087C] -> 0x1F13
mem[X,0x000000008000087E] -> 0x011F
[548] [M]: 0x000000008000087C (0x011F1F13) slli t5, t5, 17
x30 <- 0x0000000000020000
mem[X,0x0000000080000880] -> 0x4F13
mem[X,0x0000000080000882] -> 0xFFFF
[549] [M]: 0x0000000080000880 (0xFFFF4F13) xori t5, t5, 4095
x30 <- 0xFFFFFFFFFFFDFFFF
mem[X,0x0000000080000884] -> 0xCFB3
mem[X,0x0000000080000886] -> 0x03E4
[550] [M]: 0x0000000080000884 (0x03E4CFB3) div t6, s1, t5
x31 <- 0xFFFFFFFFFFFFA57E
mem[X,0x0000000080000888] -> 0xB023
mem[X,0x000000008000088A] -> 0x0DF0
[551] [M]: 0x0000000080000888 (0x0DF0B023) sd t6, 192(ra)
mem[0x000000008000D1D8] <- 0xFFFFFFFFFFFFA57E
mem[X,0x000000008000088C] -> 0x0437
mem[X,0x000000008000088E] -> 0x0000
[552] [M]: 0x000000008000088C (0x00000437) lui fp, 0
x8 <- 0x0000000000000000
mem[X,0x0000000080000890] -> 0x0413
mem[X,0x0000000080000892] -> 0x0004
[553] [M]: 0x0000000080000890 (0x00040413) addi fp, fp, 0
x8 <- 0x0000000000000000
mem[X,0x0000000080000894] -> 0x1413
mem[X,0x0000000080000896] -> 0x00B4
[554] [M]: 0x0000000080000894 (0x00B41413) slli fp, fp, 11
x8 <- 0x0000000000000000
mem[X,0x0000000080000898] -> 0x0413
mem[X,0x000000008000089A] -> 0x5A84
[555] [M]: 0x0000000080000898 (0x5A840413) addi fp, fp, 1448
x8 <- 0x00000000000005A8
mem[X,0x000000008000089C] -> 0x1413
mem[X,0x000000008000089E] -> 0x00B4
[556] [M]: 0x000000008000089C (0x00B41413) slli fp, fp, 11
x8 <- 0x00000000002D4000
mem[X,0x00000000800008A0] -> 0x0413
mem[X,0x00000000800008A2] -> 0x13C4
[557] [M]: 0x00000000800008A0 (0x13C40413) addi fp, fp, 316
x8 <- 0x00000000002D413C
mem[X,0x00000000800008A4] -> 0x1413
mem[X,0x00000000800008A6] -> 0x00A4
[558] [M]: 0x00000000800008A4 (0x00A41413) slli fp, fp, 10
x8 <- 0x00000000B504F000
mem[X,0x00000000800008A8] -> 0x0413
mem[X,0x00000000800008AA] -> 0x3344
[559] [M]: 0x00000000800008A8 (0x33440413) addi fp, fp, 820
x8 <- 0x00000000B504F334
mem[X,0x00000000800008AC] -> 0x0F13
mem[X,0x00000000800008AE] -> 0x0010
[560] [M]: 0x00000000800008AC (0x00100F13) addi t5, zero, 1
x30 <- 0x0000000000000001
mem[X,0x00000000800008B0] -> 0x1F13
mem[X,0x00000000800008B2] -> 0x012F
[561] [M]: 0x00000000800008B0 (0x012F1F13) slli t5, t5, 18
x30 <- 0x0000000000040000
mem[X,0x00000000800008B4] -> 0x4F13
mem[X,0x00000000800008B6] -> 0xFFFF
[562] [M]: 0x00000000800008B4 (0xFFFF4F13) xori t5, t5, 4095
x30 <- 0xFFFFFFFFFFFBFFFF
mem[X,0x00000000800008B8] -> 0x4FB3
mem[X,0x00000000800008BA] -> 0x03E4
[563] [M]: 0x00000000800008B8 (0x03E44FB3) div t6, fp, t5
x31 <- 0xFFFFFFFFFFFFD2BF
mem[X,0x00000000800008BC] -> 0xB423
mem[X,0x00000000800008BE] -> 0x0DF0
[564] [M]: 0x00000000800008BC (0x0DF0B423) sd t6, 200(ra)
mem[0x000000008000D1E0] <- 0xFFFFFFFFFFFFD2BF
mem[X,0x00000000800008C0] -> 0x03B7
mem[X,0x00000000800008C2] -> 0x0000
[565] [M]: 0x00000000800008C0 (0x000003B7) lui t2, 0
x7 <- 0x0000000000000000
mem[X,0x00000000800008C4] -> 0x8393
mem[X,0x00000000800008C6] -> 0x0003
[566] [M]: 0x00000000800008C4 (0x00038393) addi t2, t2, 0
x7 <- 0x0000000000000000
mem[X,0x00000000800008C8] -> 0x9393
mem[X,0x00000000800008CA] -> 0x00B3
[567] [M]: 0x00000000800008C8 (0x00B39393) slli t2, t2, 11
x7 <- 0x0000000000000000
mem[X,0x00000000800008CC] -> 0x8393
mem[X,0x00000000800008CE] -> 0x5A83
[568] [M]: 0x00000000800008CC (0x5A838393) addi t2, t2, 1448
x7 <- 0x00000000000005A8
mem[X,0x00000000800008D0] -> 0x9393
mem[X,0x00000000800008D2] -> 0x00B3
[569] [M]: 0x00000000800008D0 (0x00B39393) slli t2, t2, 11
x7 <- 0x00000000002D4000
mem[X,0x00000000800008D4] -> 0x8393
mem[X,0x00000000800008D6] -> 0x13C3
[570] [M]: 0x00000000800008D4 (0x13C38393) addi t2, t2, 316
x7 <- 0x00000000002D413C
mem[X,0x00000000800008D8] -> 0x9393
mem[X,0x00000000800008DA] -> 0x00A3
[571] [M]: 0x00000000800008D8 (0x00A39393) slli t2, t2, 10
x7 <- 0x00000000B504F000
mem[X,0x00000000800008DC] -> 0x8393
mem[X,0x00000000800008DE] -> 0x3343
[572] [M]: 0x00000000800008DC (0x33438393) addi t2, t2, 820
x7 <- 0x00000000B504F334
mem[X,0x00000000800008E0] -> 0x0F13
mem[X,0x00000000800008E2] -> 0x0010
[573] [M]: 0x00000000800008E0 (0x00100F13) addi t5, zero, 1
x30 <- 0x0000000000000001
mem[X,0x00000000800008E4] -> 0x1F13
mem[X,0x00000000800008E6] -> 0x013F
[574] [M]: 0x00000000800008E4 (0x013F1F13) slli t5, t5, 19
x30 <- 0x0000000000080000
mem[X,0x00000000800008E8] -> 0x4F13
mem[X,0x00000000800008EA] -> 0xFFFF
[575] [M]: 0x00000000800008E8 (0xFFFF4F13) xori t5, t5, 4095
x30 <- 0xFFFFFFFFFFF7FFFF
mem[X,0x00000000800008EC] -> 0xCFB3
mem[X,0x00000000800008EE] -> 0x03E3
[576] [M]: 0x00000000800008EC (0x03E3CFB3) div t6, t2, t5
x31 <- 0xFFFFFFFFFFFFE960
mem[X,0x00000000800008F0] -> 0xB823
mem[X,0x00000000800008F2] -> 0x0DF0
[577] [M]: 0x00000000800008F0 (0x0DF0B823) sd t6, 208(ra)
mem[0x000000008000D1E8] <- 0xFFFFFFFFFFFFE960
mem[X,0x00000000800008F4] -> 0x0337
mem[X,0x00000000800008F6] -> 0x0000
[578] [M]: 0x00000000800008F4 (0x00000337) lui t1, 0
x6 <- 0x0000000000000000
mem[X,0x00000000800008F8] -> 0x0313
mem[X,0x00000000800008FA] -> 0x0003
[579] [M]: 0x00000000800008F8 (0x00030313) addi t1, t1, 0
x6 <- 0x0000000000000000
mem[X,0x00000000800008FC] -> 0x1313
mem[X,0x00000000800008FE] -> 0x00B3
[580] [M]: 0x00000000800008FC (0x00B31313) slli t1, t1, 11
x6 <- 0x0000000000000000
mem[X,0x0000000080000900] -> 0x0313
mem[X,0x0000000080000902] -> 0x5A83
[581] [M]: 0x0000000080000900 (0x5A830313) addi t1, t1, 1448
x6 <- 0x00000000000005A8
mem[X,0x0000000080000904] -> 0x1313
mem[X,0x0000000080000906] -> 0x00B3
[582] [M]: 0x0000000080000904 (0x00B31313) slli t1, t1, 11
x6 <- 0x00000000002D4000
mem[X,0x0000000080000908] -> 0x0313
mem[X,0x000000008000090A] -> 0x13C3
[583] [M]: 0x0000000080000908 (0x13C30313) addi t1, t1, 316
x6 <- 0x00000000002D413C
mem[X,0x000000008000090C] -> 0x1313
mem[X,0x000000008000090E] -> 0x00A3
[584] [M]: 0x000000008000090C (0x00A31313) slli t1, t1, 10
x6 <- 0x00000000B504F000
mem[X,0x0000000080000910] -> 0x0313
mem[X,0x0000000080000912] -> 0x3343
[585] [M]: 0x0000000080000910 (0x33430313) addi t1, t1, 820
x6 <- 0x00000000B504F334
mem[X,0x0000000080000914] -> 0x0F13
mem[X,0x0000000080000916] -> 0x0010
[586] [M]: 0x0000000080000914 (0x00100F13) addi t5, zero, 1
x30 <- 0x0000000000000001
mem[X,0x0000000080000918] -> 0x1F13
mem[X,0x000000008000091A] -> 0x014F
[587] [M]: 0x0000000080000918 (0x014F1F13) slli t5, t5, 20
x30 <- 0x0000000000100000
mem[X,0x000000008000091C] -> 0x4F13
mem[X,0x000000008000091E] -> 0xFFFF
[588] [M]: 0x000000008000091C (0xFFFF4F13) xori t5, t5, 4095
x30 <- 0xFFFFFFFFFFEFFFFF
mem[X,0x0000000080000920] -> 0x4FB3
mem[X,0x0000000080000922] -> 0x03E3
[589] [M]: 0x0000000080000920 (0x03E34FB3) div t6, t1, t5
x31 <- 0xFFFFFFFFFFFFF4B0
mem[X,0x0000000080000924] -> 0xBC23
mem[X,0x0000000080000926] -> 0x0DF0
[590] [M]: 0x0000000080000924 (0x0DF0BC23) sd t6, 216(ra)
mem[0x000000008000D1F0] <- 0xFFFFFFFFFFFFF4B0
mem[X,0x0000000080000928] -> 0x0013
mem[X,0x000000008000092A] -> 0x0000
[591] [M]: 0x0000000080000928 (0x00000013) addi zero, zero, 0
mem[X,0x000000008000092C] -> 0x0013
mem[X,0x000000008000092E] -> 0x0000
[592] [M]: 0x000000008000092C (0x00000013) addi zero, zero, 0
mem[X,0x0000000080000930] -> 0x0013
mem[X,0x0000000080000932] -> 0x0000
[593] [M]: 0x0000000080000930 (0x00000013) addi zero, zero, 0
mem[X,0x0000000080000934] -> 0x0013
mem[X,0x0000000080000936] -> 0x0000
[594] [M]: 0x0000000080000934 (0x00000013) addi zero, zero, 0
mem[X,0x0000000080000938] -> 0x0013
mem[X,0x000000008000093A] -> 0x0000
[595] [M]: 0x0000000080000938 (0x00000013) addi zero, zero, 0
mem[X,0x000000008000093C] -> 0x0013
mem[X,0x000000008000093E] -> 0x0000
[596] [M]: 0x000000008000093C (0x00000013) addi zero, zero, 0
mem[X,0x0000000080000940] -> 0xD317
mem[X,0x0000000080000942] -> 0x0000
[597] [M]: 0x0000000080000940 (0x0000D317) auipc t1, 13
x6 <- 0x000000008000D940
mem[X,0x0000000080000944] -> 0x0313
mem[X,0x0000000080000946] -> 0x8B83
[598] [M]: 0x0000000080000944 (0x8B830313) addi t1, t1, 2232
x6 <- 0x000000008000D1F8
mem[X,0x0000000080000948] -> 0x0013
mem[X,0x000000008000094A] -> 0x0000
[599] [M]: 0x0000000080000948 (0x00000013) addi zero, zero, 0
clint::tick mtime <- 0x0000000000000006
 clint timer pending at mtime 0x0000000000000006
htif::tick 0x0000000000000000
mem[X,0x000000008000094C] -> 0x0013
mem[X,0x000000008000094E] -> 0x0000
[600] [M]: 0x000000008000094C (0x00000013) addi zero, zero, 0
mem[X,0x0000000080000950] -> 0x0013
mem[X,0x0000000080000952] -> 0x0000
[601] [M]: 0x0000000080000950 (0x00000013) addi zero, zero, 0
mem[X,0x0000000080000954] -> 0x0013
mem[X,0x0000000080000956] -> 0x0000
[602] [M]: 0x0000000080000954 (0x00000013) addi zero, zero, 0
mem[X,0x0000000080000958] -> 0x0013
mem[X,0x000000008000095A] -> 0x0000
[603] [M]: 0x0000000080000958 (0x00000013) addi zero, zero, 0
mem[X,0x000000008000095C] -> 0x0013
mem[X,0x000000008000095E] -> 0x0000
[604] [M]: 0x000000008000095C (0x00000013) addi zero, zero, 0
mem[X,0x0000000080000960] -> 0x02B7
mem[X,0x0000000080000962] -> 0x0000
[605] [M]: 0x0000000080000960 (0x000002B7) lui t0, 0
x5 <- 0x0000000000000000
mem[X,0x0000000080000964] -> 0x8293
mem[X,0x0000000080000966] -> 0x0002
[606] [M]: 0x0000000080000964 (0x00028293) addi t0, t0, 0
x5 <- 0x0000000000000000
mem[X,0x0000000080000968] -> 0x9293
mem[X,0x000000008000096A] -> 0x00B2
[607] [M]: 0x0000000080000968 (0x00B29293) slli t0, t0, 11
x5 <- 0x0000000000000000
mem[X,0x000000008000096C] -> 0x8293
mem[X,0x000000008000096E] -> 0x5A82
[608] [M]: 0x000000008000096C (0x5A828293) addi t0, t0, 1448
x5 <- 0x00000000000005A8
mem[X,0x0000000080000970] -> 0x9293
mem[X,0x0000000080000972] -> 0x00B2
[609] [M]: 0x0000000080000970 (0x00B29293) slli t0, t0, 11
x5 <- 0x00000000002D4000
mem[X,0x0000000080000974] -> 0x8293
mem[X,0x0000000080000976] -> 0x13C2
[610] [M]: 0x0000000080000974 (0x13C28293) addi t0, t0, 316
x5 <- 0x00000000002D413C
mem[X,0x0000000080000978] -> 0x9293
mem[X,0x000000008000097A] -> 0x00A2
[611] [M]: 0x0000000080000978 (0x00A29293) slli t0, t0, 10
x5 <- 0x00000000B504F000
mem[X,0x000000008000097C] -> 0x8293
mem[X,0x000000008000097E] -> 0x3342
[612] [M]: 0x000000008000097C (0x33428293) addi t0, t0, 820
x5 <- 0x00000000B504F334
mem[X,0x0000000080000980] -> 0x0F13
mem[X,0x0000000080000982] -> 0x0010
[613] [M]: 0x0000000080000980 (0x00100F13) addi t5, zero, 1
x30 <- 0x0000000000000001
mem[X,0x0000000080000984] -> 0x1F13
mem[X,0x0000000080000986] -> 0x015F
[614] [M]: 0x0000000080000984 (0x015F1F13) slli t5, t5, 21
x30 <- 0x0000000000200000
mem[X,0x0000000080000988] -> 0x4F13
mem[X,0x000000008000098A] -> 0xFFFF
[615] [M]: 0x0000000080000988 (0xFFFF4F13) xori t5, t5, 4095
x30 <- 0xFFFFFFFFFFDFFFFF
mem[X,0x000000008000098C] -> 0xCFB3
mem[X,0x000000008000098E] -> 0x03E2
[616] [M]: 0x000000008000098C (0x03E2CFB3) div t6, t0, t5
x31 <- 0xFFFFFFFFFFFFFA58
mem[X,0x0000000080000990] -> 0x3023
mem[X,0x0000000080000992] -> 0x01F3
[617] [M]: 0x0000000080000990 (0x01F33023) sd t6, 0(t1)
mem[0x000000008000D1F8] <- 0xFFFFFFFFFFFFFA58
mem[X,0x0000000080000994] -> 0x0237
mem[X,0x0000000080000996] -> 0x0000
[618] [M]: 0x0000000080000994 (0x00000237) lui tp, 0
x4 <- 0x0000000000000000
mem[X,0x0000000080000998] -> 0x0213
mem[X,0x000000008000099A] -> 0x0002
[619] [M]: 0x0000000080000998 (0x00020213) addi tp, tp, 0
x4 <- 0x0000000000000000
mem[X,0x000000008000099C] -> 0x1213
mem[X,0x000000008000099E] -> 0x00B2
[620] [M]: 0x000000008000099C (0x00B21213) slli tp, tp, 11
x4 <- 0x0000000000000000
mem[X,0x00000000800009A0] -> 0x0213
mem[X,0x00000000800009A2] -> 0x5A82
[621] [M]: 0x00000000800009A0 (0x5A820213) addi tp, tp, 1448
x4 <- 0x00000000000005A8
mem[X,0x00000000800009A4] -> 0x1213
mem[X,0x00000000800009A6] -> 0x00B2
[622] [M]: 0x00000000800009A4 (0x00B21213) slli tp, tp, 11
x4 <- 0x00000000002D4000
mem[X,0x00000000800009A8] -> 0x0213
mem[X,0x00000000800009AA] -> 0x13C2
[623] [M]: 0x00000000800009A8 (0x13C20213) addi tp, tp, 316
x4 <- 0x00000000002D413C
mem[X,0x00000000800009AC] -> 0x1213
mem[X,0x00000000800009AE] -> 0x00A2
[624] [M]: 0x00000000800009AC (0x00A21213) slli tp, tp, 10
x4 <- 0x00000000B504F000
mem[X,0x00000000800009B0] -> 0x0213
mem[X,0x00000000800009B2] -> 0x3342
[625] [M]: 0x00000000800009B0 (0x33420213) addi tp, tp, 820
x4 <- 0x00000000B504F334
mem[X,0x00000000800009B4] -> 0x0F13
mem[X,0x00000000800009B6] -> 0x0010
[626] [M]: 0x00000000800009B4 (0x00100F13) addi t5, zero, 1
x30 <- 0x0000000000000001
mem[X,0x00000000800009B8] -> 0x1F13
mem[X,0x00000000800009BA] -> 0x016F
[627] [M]: 0x00000000800009B8 (0x016F1F13) slli t5, t5, 22
x30 <- 0x0000000000400000
mem[X,0x00000000800009BC] -> 0x4F13
mem[X,0x00000000800009BE] -> 0xFFFF
[628] [M]: 0x00000000800009BC (0xFFFF4F13) xori t5, t5, 4095
x30 <- 0xFFFFFFFFFFBFFFFF
mem[X,0x00000000800009C0] -> 0x4FB3
mem[X,0x00000000800009C2] -> 0x03E2
[629] [M]: 0x00000000800009C0 (0x03E24FB3) div t6, tp, t5
x31 <- 0xFFFFFFFFFFFFFD2C
mem[X,0x00000000800009C4] -> 0x3423
mem[X,0x00000000800009C6] -> 0x01F3
[630] [M]: 0x00000000800009C4 (0x01F33423) sd t6, 8(t1)
mem[0x000000008000D200] <- 0xFFFFFFFFFFFFFD2C
mem[X,0x00000000800009C8] -> 0x01B7
mem[X,0x00000000800009CA] -> 0x0000
[631] [M]: 0x00000000800009C8 (0x000001B7) lui gp, 0
x3 <- 0x0000000000000000
mem[X,0x00000000800009CC] -> 0x8193
mem[X,0x00000000800009CE] -> 0x0001
[632] [M]: 0x00000000800009CC (0x00018193) addi gp, gp, 0
x3 <- 0x0000000000000000
mem[X,0x00000000800009D0] -> 0x9193
mem[X,0x00000000800009D2] -> 0x00B1
[633] [M]: 0x00000000800009D0 (0x00B19193) slli gp, gp, 11
x3 <- 0x0000000000000000
mem[X,0x00000000800009D4] -> 0x8193
mem[X,0x00000000800009D6] -> 0x5A81
[634] [M]: 0x00000000800009D4 (0x5A818193) addi gp, gp, 1448
x3 <- 0x00000000000005A8
mem[X,0x00000000800009D8] -> 0x9193
mem[X,0x00000000800009DA] -> 0x00B1
[635] [M]: 0x00000000800009D8 (0x00B19193) slli gp, gp, 11
x3 <- 0x00000000002D4000
mem[X,0x00000000800009DC] -> 0x8193
mem[X,0x00000000800009DE] -> 0x13C1
[636] [M]: 0x00000000800009DC (0x13C18193) addi gp, gp, 316
x3 <- 0x00000000002D413C
mem[X,0x00000000800009E0] -> 0x9193
mem[X,0x00000000800009E2] -> 0x00A1
[637] [M]: 0x00000000800009E0 (0x00A19193) slli gp, gp, 10
x3 <- 0x00000000B504F000
mem[X,0x00000000800009E4] -> 0x8193
mem[X,0x00000000800009E6] -> 0x3341
[638] [M]: 0x00000000800009E4 (0x33418193) addi gp, gp, 820
x3 <- 0x00000000B504F334
mem[X,0x00000000800009E8] -> 0x0F13
mem[X,0x00000000800009EA] -> 0x0010
[639] [M]: 0x00000000800009E8 (0x00100F13) addi t5, zero, 1
x30 <- 0x0000000000000001
mem[X,0x00000000800009EC] -> 0x1F13
mem[X,0x00000000800009EE] -> 0x017F
[640] [M]: 0x00000000800009EC (0x017F1F13) slli t5, t5, 23
x30 <- 0x0000000000800000
mem[X,0x00000000800009F0] -> 0x4F13
mem[X,0x00000000800009F2] -> 0xFFFF
[641] [M]: 0x00000000800009F0 (0xFFFF4F13) xori t5, t5, 4095
x30 <- 0xFFFFFFFFFF7FFFFF
mem[X,0x00000000800009F4] -> 0xCFB3
mem[X,0x00000000800009F6] -> 0x03E1
[642] [M]: 0x00000000800009F4 (0x03E1CFB3) div t6, gp, t5
x31 <- 0xFFFFFFFFFFFFFE96
mem[X,0x00000000800009F8] -> 0x3823
mem[X,0x00000000800009FA] -> 0x01F3
[643] [M]: 0x00000000800009F8 (0x01F33823) sd t6, 16(t1)
mem[0x000000008000D208] <- 0xFFFFFFFFFFFFFE96
mem[X,0x00000000800009FC] -> 0x0137
mem[X,0x00000000800009FE] -> 0x0000
[644] [M]: 0x00000000800009FC (0x00000137) lui sp, 0
x2 <- 0x0000000000000000
mem[X,0x0000000080000A00] -> 0x0113
mem[X,0x0000000080000A02] -> 0x0001
[645] [M]: 0x0000000080000A00 (0x00010113) addi sp, sp, 0
x2 <- 0x0000000000000000
mem[X,0x0000000080000A04] -> 0x1113
mem[X,0x0000000080000A06] -> 0x00B1
[646] [M]: 0x0000000080000A04 (0x00B11113) slli sp, sp, 11
x2 <- 0x0000000000000000
mem[X,0x0000000080000A08] -> 0x0113
mem[X,0x0000000080000A0A] -> 0x5A81
[647] [M]: 0x0000000080000A08 (0x5A810113) addi sp, sp, 1448
x2 <- 0x00000000000005A8
mem[X,0x0000000080000A0C] -> 0x1113
mem[X,0x0000000080000A0E] -> 0x00B1
[648] [M]: 0x0000000080000A0C (0x00B11113) slli sp, sp, 11
x2 <- 0x00000000002D4000
mem[X,0x0000000080000A10] -> 0x0113
mem[X,0x0000000080000A12] -> 0x13C1
[649] [M]: 0x0000000080000A10 (0x13C10113) addi sp, sp, 316
x2 <- 0x00000000002D413C
mem[X,0x0000000080000A14] -> 0x1113
mem[X,0x0000000080000A16] -> 0x00A1
[650] [M]: 0x0000000080000A14 (0x00A11113) slli sp, sp, 10
x2 <- 0x00000000B504F000
mem[X,0x0000000080000A18] -> 0x0113
mem[X,0x0000000080000A1A] -> 0x3341
[651] [M]: 0x0000000080000A18 (0x33410113) addi sp, sp, 820
x2 <- 0x00000000B504F334
mem[X,0x0000000080000A1C] -> 0x0F13
mem[X,0x0000000080000A1E] -> 0x0010
[652] [M]: 0x0000000080000A1C (0x00100F13) addi t5, zero, 1
x30 <- 0x0000000000000001
mem[X,0x0000000080000A20] -> 0x1F13
mem[X,0x0000000080000A22] -> 0x018F
[653] [M]: 0x0000000080000A20 (0x018F1F13) slli t5, t5, 24
x30 <- 0x0000000001000000
mem[X,0x0000000080000A24] -> 0x4F13
mem[X,0x0000000080000A26] -> 0xFFFF
[654] [M]: 0x0000000080000A24 (0xFFFF4F13) xori t5, t5, 4095
x30 <- 0xFFFFFFFFFEFFFFFF
mem[X,0x0000000080000A28] -> 0x4FB3
mem[X,0x0000000080000A2A] -> 0x03E1
[655] [M]: 0x0000000080000A28 (0x03E14FB3) div t6, sp, t5
x31 <- 0xFFFFFFFFFFFFFF4B
mem[X,0x0000000080000A2C] -> 0x3C23
mem[X,0x0000000080000A2E] -> 0x01F3
[656] [M]: 0x0000000080000A2C (0x01F33C23) sd t6, 24(t1)
mem[0x000000008000D210] <- 0xFFFFFFFFFFFFFF4B
mem[X,0x0000000080000A30] -> 0x00B7
mem[X,0x0000000080000A32] -> 0x0000
[657] [M]: 0x0000000080000A30 (0x000000B7) lui ra, 0
x1 <- 0x0000000000000000
mem[X,0x0000000080000A34] -> 0x8093
mem[X,0x0000000080000A36] -> 0x0000
[658] [M]: 0x0000000080000A34 (0x00008093) addi ra, ra, 0
x1 <- 0x0000000000000000
mem[X,0x0000000080000A38] -> 0x9093
mem[X,0x0000000080000A3A] -> 0x00B0
[659] [M]: 0x0000000080000A38 (0x00B09093) slli ra, ra, 11
x1 <- 0x0000000000000000
mem[X,0x0000000080000A3C] -> 0x8093
mem[X,0x0000000080000A3E] -> 0x5A80
[660] [M]: 0x0000000080000A3C (0x5A808093) addi ra, ra, 1448
x1 <- 0x00000000000005A8
mem[X,0x0000000080000A40] -> 0x9093
mem[X,0x0000000080000A42] -> 0x00B0
[661] [M]: 0x0000000080000A40 (0x00B09093) slli ra, ra, 11
x1 <- 0x00000000002D4000
mem[X,0x0000000080000A44] -> 0x8093
mem[X,0x0000000080000A46] -> 0x13C0
[662] [M]: 0x0000000080000A44 (0x13C08093) addi ra, ra, 316
x1 <- 0x00000000002D413C
mem[X,0x0000000080000A48] -> 0x9093
mem[X,0x0000000080000A4A] -> 0x00A0
[663] [M]: 0x0000000080000A48 (0x00A09093) slli ra, ra, 10
x1 <- 0x00000000B504F000
mem[X,0x0000000080000A4C] -> 0x8093
mem[X,0x0000000080000A4E] -> 0x3340
[664] [M]: 0x0000000080000A4C (0x33408093) addi ra, ra, 820
x1 <- 0x00000000B504F334
mem[X,0x0000000080000A50] -> 0x0F13
mem[X,0x0000000080000A52] -> 0x0010
[665] [M]: 0x0000000080000A50 (0x00100F13) addi t5, zero, 1
x30 <- 0x0000000000000001
mem[X,0x0000000080000A54] -> 0x1F13
mem[X,0x0000000080000A56] -> 0x019F
[666] [M]: 0x0000000080000A54 (0x019F1F13) slli t5, t5, 25
x30 <- 0x0000000002000000
mem[X,0x0000000080000A58] -> 0x4F13
mem[X,0x0000000080000A5A] -> 0xFFFF
[667] [M]: 0x0000000080000A58 (0xFFFF4F13) xori t5, t5, 4095
x30 <- 0xFFFFFFFFFDFFFFFF
mem[X,0x0000000080000A5C] -> 0xCFB3
mem[X,0x0000000080000A5E] -> 0x03E0
[668] [M]: 0x0000000080000A5C (0x03E0CFB3) div t6, ra, t5
x31 <- 0xFFFFFFFFFFFFFFA6
mem[X,0x0000000080000A60] -> 0x3023
mem[X,0x0000000080000A62] -> 0x03F3
[669] [M]: 0x0000000080000A60 (0x03F33023) sd t6, 32(t1)
mem[0x000000008000D218] <- 0xFFFFFFFFFFFFFFA6
mem[X,0x0000000080000A64] -> 0x0F37
mem[X,0x0000000080000A66] -> 0x0000
[670] [M]: 0x0000000080000A64 (0x00000F37) lui t5, 0
x30 <- 0x0000000000000000
mem[X,0x0000000080000A68] -> 0x0F13
mem[X,0x0000000080000A6A] -> 0x000F
[671] [M]: 0x0000000080000A68 (0x000F0F13) addi t5, t5, 0
x30 <- 0x0000000000000000
mem[X,0x0000000080000A6C] -> 0x1F13
mem[X,0x0000000080000A6E] -> 0x00BF
[672] [M]: 0x0000000080000A6C (0x00BF1F13) slli t5, t5, 11
x30 <- 0x0000000000000000
mem[X,0x0000000080000A70] -> 0x0F13
mem[X,0x0000000080000A72] -> 0x5A8F
[673] [M]: 0x0000000080000A70 (0x5A8F0F13) addi t5, t5, 1448
x30 <- 0x00000000000005A8
mem[X,0x0000000080000A74] -> 0x1F13
mem[X,0x0000000080000A76] -> 0x00BF
[674] [M]: 0x0000000080000A74 (0x00BF1F13) slli t5, t5, 11
x30 <- 0x00000000002D4000
mem[X,0x0000000080000A78] -> 0x0F13
mem[X,0x0000000080000A7A] -> 0x13CF
[675] [M]: 0x0000000080000A78 (0x13CF0F13) addi t5, t5, 316
x30 <- 0x00000000002D413C
mem[X,0x0000000080000A7C] -> 0x1F13
mem[X,0x0000000080000A7E] -> 0x00AF
[676] [M]: 0x0000000080000A7C (0x00AF1F13) slli t5, t5, 10
x30 <- 0x00000000B504F000
mem[X,0x0000000080000A80] -> 0x0F13
mem[X,0x0000000080000A82] -> 0x334F
[677] [M]: 0x0000000080000A80 (0x334F0F13) addi t5, t5, 820
x30 <- 0x00000000B504F334
mem[X,0x0000000080000A84] -> 0x0E13
mem[X,0x0000000080000A86] -> 0x0010
[678] [M]: 0x0000000080000A84 (0x00100E13) addi t3, zero, 1
x28 <- 0x0000000000000001
mem[X,0x0000000080000A88] -> 0x1E13
mem[X,0x0000000080000A8A] -> 0x01AE
[679] [M]: 0x0000000080000A88 (0x01AE1E13) slli t3, t3, 26
x28 <- 0x0000000004000000
mem[X,0x0000000080000A8C] -> 0x4E13
mem[X,0x0000000080000A8E] -> 0xFFFE
[680] [M]: 0x0000000080000A8C (0xFFFE4E13) xori t3, t3, 4095
x28 <- 0xFFFFFFFFFBFFFFFF
mem[X,0x0000000080000A90] -> 0x4FB3
mem[X,0x0000000080000A92] -> 0x03CF
[681] [M]: 0x0000000080000A90 (0x03CF4FB3) div t6, t5, t3
x31 <- 0xFFFFFFFFFFFFFFD3
mem[X,0x0000000080000A94] -> 0x3423
mem[X,0x0000000080000A96] -> 0x03F3
[682] [M]: 0x0000000080000A94 (0x03F33423) sd t6, 40(t1)
mem[0x000000008000D220] <- 0xFFFFFFFFFFFFFFD3
mem[X,0x0000000080000A98] -> 0x0F37
mem[X,0x0000000080000A9A] -> 0x0000
[683] [M]: 0x0000000080000A98 (0x00000F37) lui t5, 0
x30 <- 0x0000000000000000
mem[X,0x0000000080000A9C] -> 0x0F13
mem[X,0x0000000080000A9E] -> 0x000F
[684] [M]: 0x0000000080000A9C (0x000F0F13) addi t5, t5, 0
x30 <- 0x0000000000000000
mem[X,0x0000000080000AA0] -> 0x1F13
mem[X,0x0000000080000AA2] -> 0x00BF
[685] [M]: 0x0000000080000AA0 (0x00BF1F13) slli t5, t5, 11
x30 <- 0x0000000000000000
mem[X,0x0000000080000AA4] -> 0x0F13
mem[X,0x0000000080000AA6] -> 0x5A8F
[686] [M]: 0x0000000080000AA4 (0x5A8F0F13) addi t5, t5, 1448
x30 <- 0x00000000000005A8
mem[X,0x0000000080000AA8] -> 0x1F13
mem[X,0x0000000080000AAA] -> 0x00BF
[687] [M]: 0x0000000080000AA8 (0x00BF1F13) slli t5, t5, 11
x30 <- 0x00000000002D4000
mem[X,0x0000000080000AAC] -> 0x0F13
mem[X,0x0000000080000AAE] -> 0x13CF
[688] [M]: 0x0000000080000AAC (0x13CF0F13) addi t5, t5, 316
x30 <- 0x00000000002D413C
mem[X,0x0000000080000AB0] -> 0x1F13
mem[X,0x0000000080000AB2] -> 0x00AF
[689] [M]: 0x0000000080000AB0 (0x00AF1F13) slli t5, t5, 10
x30 <- 0x00000000B504F000
mem[X,0x0000000080000AB4] -> 0x0F13
mem[X,0x0000000080000AB6] -> 0x334F
[690] [M]: 0x0000000080000AB4 (0x334F0F13) addi t5, t5, 820
x30 <- 0x00000000B504F334
mem[X,0x0000000080000AB8] -> 0x0D93
mem[X,0x0000000080000ABA] -> 0x0010
[691] [M]: 0x0000000080000AB8 (0x00100D93) addi s11, zero, 1
x27 <- 0x0000000000000001
mem[X,0x0000000080000ABC] -> 0x9D93
mem[X,0x0000000080000ABE] -> 0x01BD
[692] [M]: 0x0000000080000ABC (0x01BD9D93) slli s11, s11, 27
x27 <- 0x0000000008000000
mem[X,0x0000000080000AC0] -> 0xCD93
mem[X,0x0000000080000AC2] -> 0xFFFD
[693] [M]: 0x0000000080000AC0 (0xFFFDCD93) xori s11, s11, 4095
x27 <- 0xFFFFFFFFF7FFFFFF
mem[X,0x0000000080000AC4] -> 0x4FB3
mem[X,0x0000000080000AC6] -> 0x03BF
[694] [M]: 0x0000000080000AC4 (0x03BF4FB3) div t6, t5, s11
x31 <- 0xFFFFFFFFFFFFFFEA
mem[X,0x0000000080000AC8] -> 0x3823
mem[X,0x0000000080000ACA] -> 0x03F3
[695] [M]: 0x0000000080000AC8 (0x03F33823) sd t6, 48(t1)
mem[0x000000008000D228] <- 0xFFFFFFFFFFFFFFEA
mem[X,0x0000000080000ACC] -> 0x0F37
mem[X,0x0000000080000ACE] -> 0x0000
[696] [M]: 0x0000000080000ACC (0x00000F37) lui t5, 0
x30 <- 0x0000000000000000
mem[X,0x0000000080000AD0] -> 0x0F13
mem[X,0x0000000080000AD2] -> 0x000F
[697] [M]: 0x0000000080000AD0 (0x000F0F13) addi t5, t5, 0
x30 <- 0x0000000000000000
mem[X,0x0000000080000AD4] -> 0x1F13
mem[X,0x0000000080000AD6] -> 0x00BF
[698] [M]: 0x0000000080000AD4 (0x00BF1F13) slli t5, t5, 11
x30 <- 0x0000000000000000
mem[X,0x0000000080000AD8] -> 0x0F13
mem[X,0x0000000080000ADA] -> 0x5A8F
[699] [M]: 0x0000000080000AD8 (0x5A8F0F13) addi t5, t5, 1448
x30 <- 0x00000000000005A8
clint::tick mtime <- 0x0000000000000007
 clint timer pending at mtime 0x0000000000000007
htif::tick 0x0000000000000000
mem[X,0x0000000080000ADC] -> 0x1F13
mem[X,0x0000000080000ADE] -> 0x00BF
[700] [M]: 0x0000000080000ADC (0x00BF1F13) slli t5, t5, 11
x30 <- 0x00000000002D4000
mem[X,0x0000000080000AE0] -> 0x0F13
mem[X,0x0000000080000AE2] -> 0x13CF
[701] [M]: 0x0000000080000AE0 (0x13CF0F13) addi t5, t5, 316
x30 <- 0x00000000002D413C
mem[X,0x0000000080000AE4] -> 0x1F13
mem[X,0x0000000080000AE6] -> 0x00AF
[702] [M]: 0x0000000080000AE4 (0x00AF1F13) slli t5, t5, 10
x30 <- 0x00000000B504F000
mem[X,0x0000000080000AE8] -> 0x0F13
mem[X,0x0000000080000AEA] -> 0x334F
[703] [M]: 0x0000000080000AE8 (0x334F0F13) addi t5, t5, 820
x30 <- 0x00000000B504F334
mem[X,0x0000000080000AEC] -> 0x0D13
mem[X,0x0000000080000AEE] -> 0x0010
[704] [M]: 0x0000000080000AEC (0x00100D13) addi s10, zero, 1
x26 <- 0x0000000000000001
mem[X,0x0000000080000AF0] -> 0x1D13
mem[X,0x0000000080000AF2] -> 0x01CD
[705] [M]: 0x0000000080000AF0 (0x01CD1D13) slli s10, s10, 28
x26 <- 0x0000000010000000
mem[X,0x0000000080000AF4] -> 0x4D13
mem[X,0x0000000080000AF6] -> 0xFFFD
[706] [M]: 0x0000000080000AF4 (0xFFFD4D13) xori s10, s10, 4095
x26 <- 0xFFFFFFFFEFFFFFFF
mem[X,0x0000000080000AF8] -> 0x4FB3
mem[X,0x0000000080000AFA] -> 0x03AF
[707] [M]: 0x0000000080000AF8 (0x03AF4FB3) div t6, t5, s10
x31 <- 0xFFFFFFFFFFFFFFF5
mem[X,0x0000000080000AFC] -> 0x3C23
mem[X,0x0000000080000AFE] -> 0x03F3
[708] [M]: 0x0000000080000AFC (0x03F33C23) sd t6, 56(t1)
mem[0x000000008000D230] <- 0xFFFFFFFFFFFFFFF5
mem[X,0x0000000080000B00] -> 0x0F37
mem[X,0x0000000080000B02] -> 0x0000
[709] [M]: 0x0000000080000B00 (0x00000F37) lui t5, 0
x30 <- 0x0000000000000000
mem[X,0x0000000080000B04] -> 0x0F13
mem[X,0x0000000080000B06] -> 0x000F
[710] [M]: 0x0000000080000B04 (0x000F0F13) addi t5, t5, 0
x30 <- 0x0000000000000000
mem[X,0x0000000080000B08] -> 0x1F13
mem[X,0x0000000080000B0A] -> 0x00BF
[711] [M]: 0x0000000080000B08 (0x00BF1F13) slli t5, t5, 11
x30 <- 0x0000000000000000
mem[X,0x0000000080000B0C] -> 0x0F13
mem[X,0x0000000080000B0E] -> 0x5A8F
[712] [M]: 0x0000000080000B0C (0x5A8F0F13) addi t5, t5, 1448
x30 <- 0x00000000000005A8
mem[X,0x0000000080000B10] -> 0x1F13
mem[X,0x0000000080000B12] -> 0x00BF
[713] [M]: 0x0000000080000B10 (0x00BF1F13) slli t5, t5, 11
x30 <- 0x00000000002D4000
mem[X,0x0000000080000B14] -> 0x0F13
mem[X,0x0000000080000B16] -> 0x13CF
[714] [M]: 0x0000000080000B14 (0x13CF0F13) addi t5, t5, 316
x30 <- 0x00000000002D413C
mem[X,0x0000000080000B18] -> 0x1F13
mem[X,0x0000000080000B1A] -> 0x00AF
[715] [M]: 0x0000000080000B18 (0x00AF1F13) slli t5, t5, 10
x30 <- 0x00000000B504F000
mem[X,0x0000000080000B1C] -> 0x0F13
mem[X,0x0000000080000B1E] -> 0x334F
[716] [M]: 0x0000000080000B1C (0x334F0F13) addi t5, t5, 820
x30 <- 0x00000000B504F334
mem[X,0x0000000080000B20] -> 0x0C93
mem[X,0x0000000080000B22] -> 0x0010
[717] [M]: 0x0000000080000B20 (0x00100C93) addi s9, zero, 1
x25 <- 0x0000000000000001
mem[X,0x0000000080000B24] -> 0x9C93
mem[X,0x0000000080000B26] -> 0x01DC
[718] [M]: 0x0000000080000B24 (0x01DC9C93) slli s9, s9, 29
x25 <- 0x0000000020000000
mem[X,0x0000000080000B28] -> 0xCC93
mem[X,0x0000000080000B2A] -> 0xFFFC
[719] [M]: 0x0000000080000B28 (0xFFFCCC93) xori s9, s9, 4095
x25 <- 0xFFFFFFFFDFFFFFFF
mem[X,0x0000000080000B2C] -> 0x4FB3
mem[X,0x0000000080000B2E] -> 0x039F
[720] [M]: 0x0000000080000B2C (0x039F4FB3) div t6, t5, s9
x31 <- 0xFFFFFFFFFFFFFFFB
mem[X,0x0000000080000B30] -> 0x3023
mem[X,0x0000000080000B32] -> 0x05F3
[721] [M]: 0x0000000080000B30 (0x05F33023) sd t6, 64(t1)
mem[0x000000008000D238] <- 0xFFFFFFFFFFFFFFFB
mem[X,0x0000000080000B34] -> 0x0F37
mem[X,0x0000000080000B36] -> 0x0000
[722] [M]: 0x0000000080000B34 (0x00000F37) lui t5, 0
x30 <- 0x0000000000000000
mem[X,0x0000000080000B38] -> 0x0F13
mem[X,0x0000000080000B3A] -> 0x000F
[723] [M]: 0x0000000080000B38 (0x000F0F13) addi t5, t5, 0
x30 <- 0x0000000000000000
mem[X,0x0000000080000B3C] -> 0x1F13
mem[X,0x0000000080000B3E] -> 0x00BF
[724] [M]: 0x0000000080000B3C (0x00BF1F13) slli t5, t5, 11
x30 <- 0x0000000000000000
mem[X,0x0000000080000B40] -> 0x0F13
mem[X,0x0000000080000B42] -> 0x5A8F
[725] [M]: 0x0000000080000B40 (0x5A8F0F13) addi t5, t5, 1448
x30 <- 0x00000000000005A8
mem[X,0x0000000080000B44] -> 0x1F13
mem[X,0x0000000080000B46] -> 0x00BF
[726] [M]: 0x0000000080000B44 (0x00BF1F13) slli t5, t5, 11
x30 <- 0x00000000002D4000
mem[X,0x0000000080000B48] -> 0x0F13
mem[X,0x0000000080000B4A] -> 0x13CF
[727] [M]: 0x0000000080000B48 (0x13CF0F13) addi t5, t5, 316
x30 <- 0x00000000002D413C
mem[X,0x0000000080000B4C] -> 0x1F13
mem[X,0x0000000080000B4E] -> 0x00AF
[728] [M]: 0x0000000080000B4C (0x00AF1F13) slli t5, t5, 10
x30 <- 0x00000000B504F000
mem[X,0x0000000080000B50] -> 0x0F13
mem[X,0x0000000080000B52] -> 0x334F
[729] [M]: 0x0000000080000B50 (0x334F0F13) addi t5, t5, 820
x30 <- 0x00000000B504F334
mem[X,0x0000000080000B54] -> 0x0C13
mem[X,0x0000000080000B56] -> 0x0010
[730] [M]: 0x0000000080000B54 (0x00100C13) addi s8, zero, 1
x24 <- 0x0000000000000001
mem[X,0x0000000080000B58] -> 0x1C13
mem[X,0x0000000080000B5A] -> 0x01EC
[731] [M]: 0x0000000080000B58 (0x01EC1C13) slli s8, s8, 30
x24 <- 0x0000000040000000
mem[X,0x0000000080000B5C] -> 0x4C13
mem[X,0x0000000080000B5E] -> 0xFFFC
[732] [M]: 0x0000000080000B5C (0xFFFC4C13) xori s8, s8, 4095
x24 <- 0xFFFFFFFFBFFFFFFF
mem[X,0x0000000080000B60] -> 0x4FB3
mem[X,0x0000000080000B62] -> 0x038F
[733] [M]: 0x0000000080000B60 (0x038F4FB3) div t6, t5, s8
x31 <- 0xFFFFFFFFFFFFFFFE
mem[X,0x0000000080000B64] -> 0x3423
mem[X,0x0000000080000B66] -> 0x05F3
[734] [M]: 0x0000000080000B64 (0x05F33423) sd t6, 72(t1)
mem[0x000000008000D240] <- 0xFFFFFFFFFFFFFFFE
mem[X,0x0000000080000B68] -> 0x0F37
mem[X,0x0000000080000B6A] -> 0x0000
[735] [M]: 0x0000000080000B68 (0x00000F37) lui t5, 0
x30 <- 0x0000000000000000
mem[X,0x0000000080000B6C] -> 0x0F13
mem[X,0x0000000080000B6E] -> 0x000F
[736] [M]: 0x0000000080000B6C (0x000F0F13) addi t5, t5, 0
x30 <- 0x0000000000000000
mem[X,0x0000000080000B70] -> 0x1F13
mem[X,0x0000000080000B72] -> 0x00BF
[737] [M]: 0x0000000080000B70 (0x00BF1F13) slli t5, t5, 11
x30 <- 0x0000000000000000
mem[X,0x0000000080000B74] -> 0x0F13
mem[X,0x0000000080000B76] -> 0x5A8F
[738] [M]: 0x0000000080000B74 (0x5A8F0F13) addi t5, t5, 1448
x30 <- 0x00000000000005A8
mem[X,0x0000000080000B78] -> 0x1F13
mem[X,0x0000000080000B7A] -> 0x00BF
[739] [M]: 0x0000000080000B78 (0x00BF1F13) slli t5, t5, 11
x30 <- 0x00000000002D4000
mem[X,0x0000000080000B7C] -> 0x0F13
mem[X,0x0000000080000B7E] -> 0x13CF
[740] [M]: 0x0000000080000B7C (0x13CF0F13) addi t5, t5, 316
x30 <- 0x00000000002D413C
mem[X,0x0000000080000B80] -> 0x1F13
mem[X,0x0000000080000B82] -> 0x00AF
[741] [M]: 0x0000000080000B80 (0x00AF1F13) slli t5, t5, 10
x30 <- 0x00000000B504F000
mem[X,0x0000000080000B84] -> 0x0F13
mem[X,0x0000000080000B86] -> 0x334F
[742] [M]: 0x0000000080000B84 (0x334F0F13) addi t5, t5, 820
x30 <- 0x00000000B504F334
mem[X,0x0000000080000B88] -> 0x0B93
mem[X,0x0000000080000B8A] -> 0x0010
[743] [M]: 0x0000000080000B88 (0x00100B93) addi s7, zero, 1
x23 <- 0x0000000000000001
mem[X,0x0000000080000B8C] -> 0x9B93
mem[X,0x0000000080000B8E] -> 0x01FB
[744] [M]: 0x0000000080000B8C (0x01FB9B93) slli s7, s7, 31
x23 <- 0x0000000080000000
mem[X,0x0000000080000B90] -> 0xCB93
mem[X,0x0000000080000B92] -> 0xFFFB
[745] [M]: 0x0000000080000B90 (0xFFFBCB93) xori s7, s7, 4095
x23 <- 0xFFFFFFFF7FFFFFFF
mem[X,0x0000000080000B94] -> 0x4FB3
mem[X,0x0000000080000B96] -> 0x037F
[746] [M]: 0x0000000080000B94 (0x037F4FB3) div t6, t5, s7
x31 <- 0xFFFFFFFFFFFFFFFF
mem[X,0x0000000080000B98] -> 0x3823
mem[X,0x0000000080000B9A] -> 0x05F3
[747] [M]: 0x0000000080000B98 (0x05F33823) sd t6, 80(t1)
mem[0x000000008000D248] <- 0xFFFFFFFFFFFFFFFF
mem[X,0x0000000080000B9C] -> 0x0F37
mem[X,0x0000000080000B9E] -> 0x0000
[748] [M]: 0x0000000080000B9C (0x00000F37) lui t5, 0
x30 <- 0x0000000000000000
mem[X,0x0000000080000BA0] -> 0x0F13
mem[X,0x0000000080000BA2] -> 0x000F
[749] [M]: 0x0000000080000BA0 (0x000F0F13) addi t5, t5, 0
x30 <- 0x0000000000000000
mem[X,0x0000000080000BA4] -> 0x1F13
mem[X,0x0000000080000BA6] -> 0x00BF
[750] [M]: 0x0000000080000BA4 (0x00BF1F13) slli t5, t5, 11
x30 <- 0x0000000000000000
mem[X,0x0000000080000BA8] -> 0x0F13
mem[X,0x0000000080000BAA] -> 0x5A8F
[751] [M]: 0x0000000080000BA8 (0x5A8F0F13) addi t5, t5, 1448
x30 <- 0x00000000000005A8
mem[X,0x0000000080000BAC] -> 0x1F13
mem[X,0x0000000080000BAE] -> 0x00BF
[752] [M]: 0x0000000080000BAC (0x00BF1F13) slli t5, t5, 11
x30 <- 0x00000000002D4000
mem[X,0x0000000080000BB0] -> 0x0F13
mem[X,0x0000000080000BB2] -> 0x13CF
[753] [M]: 0x0000000080000BB0 (0x13CF0F13) addi t5, t5, 316
x30 <- 0x00000000002D413C
mem[X,0x0000000080000BB4] -> 0x1F13
mem[X,0x0000000080000BB6] -> 0x00AF
[754] [M]: 0x0000000080000BB4 (0x00AF1F13) slli t5, t5, 10
x30 <- 0x00000000B504F000
mem[X,0x0000000080000BB8] -> 0x0F13
mem[X,0x0000000080000BBA] -> 0x334F
[755] [M]: 0x0000000080000BB8 (0x334F0F13) addi t5, t5, 820
x30 <- 0x00000000B504F334
mem[X,0x0000000080000BBC] -> 0x0B13
mem[X,0x0000000080000BBE] -> 0x0010
[756] [M]: 0x0000000080000BBC (0x00100B13) addi s6, zero, 1
x22 <- 0x0000000000000001
mem[X,0x0000000080000BC0] -> 0x1B13
mem[X,0x0000000080000BC2] -> 0x020B
[757] [M]: 0x0000000080000BC0 (0x020B1B13) slli s6, s6, 32
x22 <- 0x0000000100000000
mem[X,0x0000000080000BC4] -> 0x4B13
mem[X,0x0000000080000BC6] -> 0xFFFB
[758] [M]: 0x0000000080000BC4 (0xFFFB4B13) xori s6, s6, 4095
x22 <- 0xFFFFFFFEFFFFFFFF
mem[X,0x0000000080000BC8] -> 0x4FB3
mem[X,0x0000000080000BCA] -> 0x036F
[759] [M]: 0x0000000080000BC8 (0x036F4FB3) div t6, t5, s6
x31 <- 0x0000000000000000
mem[X,0x0000000080000BCC] -> 0x3C23
mem[X,0x0000000080000BCE] -> 0x05F3
[760] [M]: 0x0000000080000BCC (0x05F33C23) sd t6, 88(t1)
mem[0x000000008000D250] <- 0x0000000000000000
mem[X,0x0000000080000BD0] -> 0x0F37
mem[X,0x0000000080000BD2] -> 0x0000
[761] [M]: 0x0000000080000BD0 (0x00000F37) lui t5, 0
x30 <- 0x0000000000000000
mem[X,0x0000000080000BD4] -> 0x0F13
mem[X,0x0000000080000BD6] -> 0x000F
[762] [M]: 0x0000000080000BD4 (0x000F0F13) addi t5, t5, 0
x30 <- 0x0000000000000000
mem[X,0x0000000080000BD8] -> 0x1F13
mem[X,0x0000000080000BDA] -> 0x00BF
[763] [M]: 0x0000000080000BD8 (0x00BF1F13) slli t5, t5, 11
x30 <- 0x0000000000000000
mem[X,0x0000000080000BDC] -> 0x0F13
mem[X,0x0000000080000BDE] -> 0x5A8F
[764] [M]: 0x0000000080000BDC (0x5A8F0F13) addi t5, t5, 1448
x30 <- 0x00000000000005A8
mem[X,0x0000000080000BE0] -> 0x1F13
mem[X,0x0000000080000BE2] -> 0x00BF
[765] [M]: 0x0000000080000BE0 (0x00BF1F13) slli t5, t5, 11
x30 <- 0x00000000002D4000
mem[X,0x0000000080000BE4] -> 0x0F13
mem[X,0x0000000080000BE6] -> 0x13CF
[766] [M]: 0x0000000080000BE4 (0x13CF0F13) addi t5, t5, 316
x30 <- 0x00000000002D413C
mem[X,0x0000000080000BE8] -> 0x1F13
mem[X,0x0000000080000BEA] -> 0x00AF
[767] [M]: 0x0000000080000BE8 (0x00AF1F13) slli t5, t5, 10
x30 <- 0x00000000B504F000
mem[X,0x0000000080000BEC] -> 0x0F13
mem[X,0x0000000080000BEE] -> 0x334F
[768] [M]: 0x0000000080000BEC (0x334F0F13) addi t5, t5, 820
x30 <- 0x00000000B504F334
mem[X,0x0000000080000BF0] -> 0x0A93
mem[X,0x0000000080000BF2] -> 0x0010
[769] [M]: 0x0000000080000BF0 (0x00100A93) addi s5, zero, 1
x21 <- 0x0000000000000001
mem[X,0x0000000080000BF4] -> 0x9A93
mem[X,0x0000000080000BF6] -> 0x021A
[770] [M]: 0x0000000080000BF4 (0x021A9A93) slli s5, s5, 33
x21 <- 0x0000000200000000
mem[X,0x0000000080000BF8] -> 0xCA93
mem[X,0x0000000080000BFA] -> 0xFFFA
[771] [M]: 0x0000000080000BF8 (0xFFFACA93) xori s5, s5, 4095
x21 <- 0xFFFFFFFDFFFFFFFF
mem[X,0x0000000080000BFC] -> 0x4FB3
mem[X,0x0000000080000BFE] -> 0x035F
[772] [M]: 0x0000000080000BFC (0x035F4FB3) div t6, t5, s5
x31 <- 0x0000000000000000
mem[X,0x0000000080000C00] -> 0x3023
mem[X,0x0000000080000C02] -> 0x07F3
[773] [M]: 0x0000000080000C00 (0x07F33023) sd t6, 96(t1)
mem[0x000000008000D258] <- 0x0000000000000000
mem[X,0x0000000080000C04] -> 0x0F37
mem[X,0x0000000080000C06] -> 0x0000
[774] [M]: 0x0000000080000C04 (0x00000F37) lui t5, 0
x30 <- 0x0000000000000000
mem[X,0x0000000080000C08] -> 0x0F13
mem[X,0x0000000080000C0A] -> 0x000F
[775] [M]: 0x0000000080000C08 (0x000F0F13) addi t5, t5, 0
x30 <- 0x0000000000000000
mem[X,0x0000000080000C0C] -> 0x1F13
mem[X,0x0000000080000C0E] -> 0x00BF
[776] [M]: 0x0000000080000C0C (0x00BF1F13) slli t5, t5, 11
x30 <- 0x0000000000000000
mem[X,0x0000000080000C10] -> 0x0F13
mem[X,0x0000000080000C12] -> 0x5A8F
[777] [M]: 0x0000000080000C10 (0x5A8F0F13) addi t5, t5, 1448
x30 <- 0x00000000000005A8
mem[X,0x0000000080000C14] -> 0x1F13
mem[X,0x0000000080000C16] -> 0x00BF
[778] [M]: 0x0000000080000C14 (0x00BF1F13) slli t5, t5, 11
x30 <- 0x00000000002D4000
mem[X,0x0000000080000C18] -> 0x0F13
mem[X,0x0000000080000C1A] -> 0x13CF
[779] [M]: 0x0000000080000C18 (0x13CF0F13) addi t5, t5, 316
x30 <- 0x00000000002D413C
mem[X,0x0000000080000C1C] -> 0x1F13
mem[X,0x0000000080000C1E] -> 0x00AF
[780] [M]: 0x0000000080000C1C (0x00AF1F13) slli t5, t5, 10
x30 <- 0x00000000B504F000
mem[X,0x0000000080000C20] -> 0x0F13
mem[X,0x0000000080000C22] -> 0x334F
[781] [M]: 0x0000000080000C20 (0x334F0F13) addi t5, t5, 820
x30 <- 0x00000000B504F334
mem[X,0x0000000080000C24] -> 0x0A13
mem[X,0x0000000080000C26] -> 0x0010
[782] [M]: 0x0000000080000C24 (0x00100A13) addi s4, zero, 1
x20 <- 0x0000000000000001
mem[X,0x0000000080000C28] -> 0x1A13
mem[X,0x0000000080000C2A] -> 0x022A
[783] [M]: 0x0000000080000C28 (0x022A1A13) slli s4, s4, 34
x20 <- 0x0000000400000000
mem[X,0x0000000080000C2C] -> 0x4A13
mem[X,0x0000000080000C2E] -> 0xFFFA
[784] [M]: 0x0000000080000C2C (0xFFFA4A13) xori s4, s4, 4095
x20 <- 0xFFFFFFFBFFFFFFFF
mem[X,0x0000000080000C30] -> 0x4FB3
mem[X,0x0000000080000C32] -> 0x034F
[785] [M]: 0x0000000080000C30 (0x034F4FB3) div t6, t5, s4
x31 <- 0x0000000000000000
mem[X,0x0000000080000C34] -> 0x3423
mem[X,0x0000000080000C36] -> 0x07F3
[786] [M]: 0x0000000080000C34 (0x07F33423) sd t6, 104(t1)
mem[0x000000008000D260] <- 0x0000000000000000
mem[X,0x0000000080000C38] -> 0x0F37
mem[X,0x0000000080000C3A] -> 0x0000
[787] [M]: 0x0000000080000C38 (0x00000F37) lui t5, 0
x30 <- 0x0000000000000000
mem[X,0x0000000080000C3C] -> 0x0F13
mem[X,0x0000000080000C3E] -> 0x000F
[788] [M]: 0x0000000080000C3C (0x000F0F13) addi t5, t5, 0
x30 <- 0x0000000000000000
mem[X,0x0000000080000C40] -> 0x1F13
mem[X,0x0000000080000C42] -> 0x00BF
[789] [M]: 0x0000000080000C40 (0x00BF1F13) slli t5, t5, 11
x30 <- 0x0000000000000000
mem[X,0x0000000080000C44] -> 0x0F13
mem[X,0x0000000080000C46] -> 0x5A8F
[790] [M]: 0x0000000080000C44 (0x5A8F0F13) addi t5, t5, 1448
x30 <- 0x00000000000005A8
mem[X,0x0000000080000C48] -> 0x1F13
mem[X,0x0000000080000C4A] -> 0x00BF
[791] [M]: 0x0000000080000C48 (0x00BF1F13) slli t5, t5, 11
x30 <- 0x00000000002D4000
mem[X,0x0000000080000C4C] -> 0x0F13
mem[X,0x0000000080000C4E] -> 0x13CF
[792] [M]: 0x0000000080000C4C (0x13CF0F13) addi t5, t5, 316
x30 <- 0x00000000002D413C
mem[X,0x0000000080000C50] -> 0x1F13
mem[X,0x0000000080000C52] -> 0x00AF
[793] [M]: 0x0000000080000C50 (0x00AF1F13) slli t5, t5, 10
x30 <- 0x00000000B504F000
mem[X,0x0000000080000C54] -> 0x0F13
mem[X,0x0000000080000C56] -> 0x334F
[794] [M]: 0x0000000080000C54 (0x334F0F13) addi t5, t5, 820
x30 <- 0x00000000B504F334
mem[X,0x0000000080000C58] -> 0x0993
mem[X,0x0000000080000C5A] -> 0x0010
[795] [M]: 0x0000000080000C58 (0x00100993) addi s3, zero, 1
x19 <- 0x0000000000000001
mem[X,0x0000000080000C5C] -> 0x9993
mem[X,0x0000000080000C5E] -> 0x0239
[796] [M]: 0x0000000080000C5C (0x02399993) slli s3, s3, 35
x19 <- 0x0000000800000000
mem[X,0x0000000080000C60] -> 0xC993
mem[X,0x0000000080000C62] -> 0xFFF9
[797] [M]: 0x0000000080000C60 (0xFFF9C993) xori s3, s3, 4095
x19 <- 0xFFFFFFF7FFFFFFFF
mem[X,0x0000000080000C64] -> 0x4FB3
mem[X,0x0000000080000C66] -> 0x033F
[798] [M]: 0x0000000080000C64 (0x033F4FB3) div t6, t5, s3
x31 <- 0x0000000000000000
mem[X,0x0000000080000C68] -> 0x3823
mem[X,0x0000000080000C6A] -> 0x07F3
[799] [M]: 0x0000000080000C68 (0x07F33823) sd t6, 112(t1)
mem[0x000000008000D268] <- 0x0000000000000000
clint::tick mtime <- 0x0000000000000008
 clint timer pending at mtime 0x0000000000000008
htif::tick 0x0000000000000000
mem[X,0x0000000080000C6C] -> 0x0F37
mem[X,0x0000000080000C6E] -> 0x0000
[800] [M]: 0x0000000080000C6C (0x00000F37) lui t5, 0
x30 <- 0x0000000000000000
mem[X,0x0000000080000C70] -> 0x0F13
mem[X,0x0000000080000C72] -> 0x000F
[801] [M]: 0x0000000080000C70 (0x000F0F13) addi t5, t5, 0
x30 <- 0x0000000000000000
mem[X,0x0000000080000C74] -> 0x1F13
mem[X,0x0000000080000C76] -> 0x00BF
[802] [M]: 0x0000000080000C74 (0x00BF1F13) slli t5, t5, 11
x30 <- 0x0000000000000000
mem[X,0x0000000080000C78] -> 0x0F13
mem[X,0x0000000080000C7A] -> 0x5A8F
[803] [M]: 0x0000000080000C78 (0x5A8F0F13) addi t5, t5, 1448
x30 <- 0x00000000000005A8
mem[X,0x0000000080000C7C] -> 0x1F13
mem[X,0x0000000080000C7E] -> 0x00BF
[804] [M]: 0x0000000080000C7C (0x00BF1F13) slli t5, t5, 11
x30 <- 0x00000000002D4000
mem[X,0x0000000080000C80] -> 0x0F13
mem[X,0x0000000080000C82] -> 0x13CF
[805] [M]: 0x0000000080000C80 (0x13CF0F13) addi t5, t5, 316
x30 <- 0x00000000002D413C
mem[X,0x0000000080000C84] -> 0x1F13
mem[X,0x0000000080000C86] -> 0x00AF
[806] [M]: 0x0000000080000C84 (0x00AF1F13) slli t5, t5, 10
x30 <- 0x00000000B504F000
mem[X,0x0000000080000C88] -> 0x0F13
mem[X,0x0000000080000C8A] -> 0x334F
[807] [M]: 0x0000000080000C88 (0x334F0F13) addi t5, t5, 820
x30 <- 0x00000000B504F334
mem[X,0x0000000080000C8C] -> 0x0913
mem[X,0x0000000080000C8E] -> 0x0010
[808] [M]: 0x0000000080000C8C (0x00100913) addi s2, zero, 1
x18 <- 0x0000000000000001
mem[X,0x0000000080000C90] -> 0x1913
mem[X,0x0000000080000C92] -> 0x0249
[809] [M]: 0x0000000080000C90 (0x02491913) slli s2, s2, 36
x18 <- 0x0000001000000000
mem[X,0x0000000080000C94] -> 0x4913
mem[X,0x0000000080000C96] -> 0xFFF9
[810] [M]: 0x0000000080000C94 (0xFFF94913) xori s2, s2, 4095
x18 <- 0xFFFFFFEFFFFFFFFF
mem[X,0x0000000080000C98] -> 0x4FB3
mem[X,0x0000000080000C9A] -> 0x032F
[811] [M]: 0x0000000080000C98 (0x032F4FB3) div t6, t5, s2
x31 <- 0x0000000000000000
mem[X,0x0000000080000C9C] -> 0x3C23
mem[X,0x0000000080000C9E] -> 0x07F3
[812] [M]: 0x0000000080000C9C (0x07F33C23) sd t6, 120(t1)
mem[0x000000008000D270] <- 0x0000000000000000
mem[X,0x0000000080000CA0] -> 0x0F37
mem[X,0x0000000080000CA2] -> 0x0000
[813] [M]: 0x0000000080000CA0 (0x00000F37) lui t5, 0
x30 <- 0x0000000000000000
mem[X,0x0000000080000CA4] -> 0x0F13
mem[X,0x0000000080000CA6] -> 0x000F
[814] [M]: 0x0000000080000CA4 (0x000F0F13) addi t5, t5, 0
x30 <- 0x0000000000000000
mem[X,0x0000000080000CA8] -> 0x1F13
mem[X,0x0000000080000CAA] -> 0x00BF
[815] [M]: 0x0000000080000CA8 (0x00BF1F13) slli t5, t5, 11
x30 <- 0x0000000000000000
mem[X,0x0000000080000CAC] -> 0x0F13
mem[X,0x0000000080000CAE] -> 0x5A8F
[816] [M]: 0x0000000080000CAC (0x5A8F0F13) addi t5, t5, 1448
x30 <- 0x00000000000005A8
mem[X,0x0000000080000CB0] -> 0x1F13
mem[X,0x0000000080000CB2] -> 0x00BF
[817] [M]: 0x0000000080000CB0 (0x00BF1F13) slli t5, t5, 11
x30 <- 0x00000000002D4000
mem[X,0x0000000080000CB4] -> 0x0F13
mem[X,0x0000000080000CB6] -> 0x13CF
[818] [M]: 0x0000000080000CB4 (0x13CF0F13) addi t5, t5, 316
x30 <- 0x00000000002D413C
mem[X,0x0000000080000CB8] -> 0x1F13
mem[X,0x0000000080000CBA] -> 0x00AF
[819] [M]: 0x0000000080000CB8 (0x00AF1F13) slli t5, t5, 10
x30 <- 0x00000000B504F000
mem[X,0x0000000080000CBC] -> 0x0F13
mem[X,0x0000000080000CBE] -> 0x334F
[820] [M]: 0x0000000080000CBC (0x334F0F13) addi t5, t5, 820
x30 <- 0x00000000B504F334
mem[X,0x0000000080000CC0] -> 0x0893
mem[X,0x0000000080000CC2] -> 0x0010
[821] [M]: 0x0000000080000CC0 (0x00100893) addi a7, zero, 1
x17 <- 0x0000000000000001
mem[X,0x0000000080000CC4] -> 0x9893
mem[X,0x0000000080000CC6] -> 0x0258
[822] [M]: 0x0000000080000CC4 (0x02589893) slli a7, a7, 37
x17 <- 0x0000002000000000
mem[X,0x0000000080000CC8] -> 0xC893
mem[X,0x0000000080000CCA] -> 0xFFF8
[823] [M]: 0x0000000080000CC8 (0xFFF8C893) xori a7, a7, 4095
x17 <- 0xFFFFFFDFFFFFFFFF
mem[X,0x0000000080000CCC] -> 0x4FB3
mem[X,0x0000000080000CCE] -> 0x031F
[824] [M]: 0x0000000080000CCC (0x031F4FB3) div t6, t5, a7
x31 <- 0x0000000000000000
mem[X,0x0000000080000CD0] -> 0x3023
mem[X,0x0000000080000CD2] -> 0x09F3
[825] [M]: 0x0000000080000CD0 (0x09F33023) sd t6, 128(t1)
mem[0x000000008000D278] <- 0x0000000000000000
mem[X,0x0000000080000CD4] -> 0x0F37
mem[X,0x0000000080000CD6] -> 0x0000
[826] [M]: 0x0000000080000CD4 (0x00000F37) lui t5, 0
x30 <- 0x0000000000000000
mem[X,0x0000000080000CD8] -> 0x0F13
mem[X,0x0000000080000CDA] -> 0x000F
[827] [M]: 0x0000000080000CD8 (0x000F0F13) addi t5, t5, 0
x30 <- 0x0000000000000000
mem[X,0x0000000080000CDC] -> 0x1F13
mem[X,0x0000000080000CDE] -> 0x00BF
[828] [M]: 0x0000000080000CDC (0x00BF1F13) slli t5, t5, 11
x30 <- 0x0000000000000000
mem[X,0x0000000080000CE0] -> 0x0F13
mem[X,0x0000000080000CE2] -> 0x5A8F
[829] [M]: 0x0000000080000CE0 (0x5A8F0F13) addi t5, t5, 1448
x30 <- 0x00000000000005A8
mem[X,0x0000000080000CE4] -> 0x1F13
mem[X,0x0000000080000CE6] -> 0x00BF
[830] [M]: 0x0000000080000CE4 (0x00BF1F13) slli t5, t5, 11
x30 <- 0x00000000002D4000
mem[X,0x0000000080000CE8] -> 0x0F13
mem[X,0x0000000080000CEA] -> 0x13CF
[831] [M]: 0x0000000080000CE8 (0x13CF0F13) addi t5, t5, 316
x30 <- 0x00000000002D413C
mem[X,0x0000000080000CEC] -> 0x1F13
mem[X,0x0000000080000CEE] -> 0x00AF
[832] [M]: 0x0000000080000CEC (0x00AF1F13) slli t5, t5, 10
x30 <- 0x00000000B504F000
mem[X,0x0000000080000CF0] -> 0x0F13
mem[X,0x0000000080000CF2] -> 0x334F
[833] [M]: 0x0000000080000CF0 (0x334F0F13) addi t5, t5, 820
x30 <- 0x00000000B504F334
mem[X,0x0000000080000CF4] -> 0x0813
mem[X,0x0000000080000CF6] -> 0x0010
[834] [M]: 0x0000000080000CF4 (0x00100813) addi a6, zero, 1
x16 <- 0x0000000000000001
mem[X,0x0000000080000CF8] -> 0x1813
mem[X,0x0000000080000CFA] -> 0x0268
[835] [M]: 0x0000000080000CF8 (0x02681813) slli a6, a6, 38
x16 <- 0x0000004000000000
mem[X,0x0000000080000CFC] -> 0x4813
mem[X,0x0000000080000CFE] -> 0xFFF8
[836] [M]: 0x0000000080000CFC (0xFFF84813) xori a6, a6, 4095
x16 <- 0xFFFFFFBFFFFFFFFF
mem[X,0x0000000080000D00] -> 0x4FB3
mem[X,0x0000000080000D02] -> 0x030F
[837] [M]: 0x0000000080000D00 (0x030F4FB3) div t6, t5, a6
x31 <- 0x0000000000000000
mem[X,0x0000000080000D04] -> 0x3423
mem[X,0x0000000080000D06] -> 0x09F3
[838] [M]: 0x0000000080000D04 (0x09F33423) sd t6, 136(t1)
mem[0x000000008000D280] <- 0x0000000000000000
mem[X,0x0000000080000D08] -> 0x0F37
mem[X,0x0000000080000D0A] -> 0x0000
[839] [M]: 0x0000000080000D08 (0x00000F37) lui t5, 0
x30 <- 0x0000000000000000
mem[X,0x0000000080000D0C] -> 0x0F13
mem[X,0x0000000080000D0E] -> 0x000F
[840] [M]: 0x0000000080000D0C (0x000F0F13) addi t5, t5, 0
x30 <- 0x0000000000000000
mem[X,0x0000000080000D10] -> 0x1F13
mem[X,0x0000000080000D12] -> 0x00BF
[841] [M]: 0x0000000080000D10 (0x00BF1F13) slli t5, t5, 11
x30 <- 0x0000000000000000
mem[X,0x0000000080000D14] -> 0x0F13
mem[X,0x0000000080000D16] -> 0x5A8F
[842] [M]: 0x0000000080000D14 (0x5A8F0F13) addi t5, t5, 1448
x30 <- 0x00000000000005A8
mem[X,0x0000000080000D18] -> 0x1F13
mem[X,0x0000000080000D1A] -> 0x00BF
[843] [M]: 0x0000000080000D18 (0x00BF1F13) slli t5, t5, 11
x30 <- 0x00000000002D4000
mem[X,0x0000000080000D1C] -> 0x0F13
mem[X,0x0000000080000D1E] -> 0x13CF
[844] [M]: 0x0000000080000D1C (0x13CF0F13) addi t5, t5, 316
x30 <- 0x00000000002D413C
mem[X,0x0000000080000D20] -> 0x1F13
mem[X,0x0000000080000D22] -> 0x00AF
[845] [M]: 0x0000000080000D20 (0x00AF1F13) slli t5, t5, 10
x30 <- 0x00000000B504F000
mem[X,0x0000000080000D24] -> 0x0F13
mem[X,0x0000000080000D26] -> 0x334F
[846] [M]: 0x0000000080000D24 (0x334F0F13) addi t5, t5, 820
x30 <- 0x00000000B504F334
mem[X,0x0000000080000D28] -> 0x0793
mem[X,0x0000000080000D2A] -> 0x0010
[847] [M]: 0x0000000080000D28 (0x00100793) addi a5, zero, 1
x15 <- 0x0000000000000001
mem[X,0x0000000080000D2C] -> 0x9793
mem[X,0x0000000080000D2E] -> 0x0277
[848] [M]: 0x0000000080000D2C (0x02779793) slli a5, a5, 39
x15 <- 0x0000008000000000
mem[X,0x0000000080000D30] -> 0xC793
mem[X,0x0000000080000D32] -> 0xFFF7
[849] [M]: 0x0000000080000D30 (0xFFF7C793) xori a5, a5, 4095
x15 <- 0xFFFFFF7FFFFFFFFF
mem[X,0x0000000080000D34] -> 0x4FB3
mem[X,0x0000000080000D36] -> 0x02FF
[850] [M]: 0x0000000080000D34 (0x02FF4FB3) div t6, t5, a5
x31 <- 0x0000000000000000
mem[X,0x0000000080000D38] -> 0x3823
mem[X,0x0000000080000D3A] -> 0x09F3
[851] [M]: 0x0000000080000D38 (0x09F33823) sd t6, 144(t1)
mem[0x000000008000D288] <- 0x0000000000000000
mem[X,0x0000000080000D3C] -> 0x0F37
mem[X,0x0000000080000D3E] -> 0x0000
[852] [M]: 0x0000000080000D3C (0x00000F37) lui t5, 0
x30 <- 0x0000000000000000
mem[X,0x0000000080000D40] -> 0x0F13
mem[X,0x0000000080000D42] -> 0x000F
[853] [M]: 0x0000000080000D40 (0x000F0F13) addi t5, t5, 0
x30 <- 0x0000000000000000
mem[X,0x0000000080000D44] -> 0x1F13
mem[X,0x0000000080000D46] -> 0x00BF
[854] [M]: 0x0000000080000D44 (0x00BF1F13) slli t5, t5, 11
x30 <- 0x0000000000000000
mem[X,0x0000000080000D48] -> 0x0F13
mem[X,0x0000000080000D4A] -> 0x5A8F
[855] [M]: 0x0000000080000D48 (0x5A8F0F13) addi t5, t5, 1448
x30 <- 0x00000000000005A8
mem[X,0x0000000080000D4C] -> 0x1F13
mem[X,0x0000000080000D4E] -> 0x00BF
[856] [M]: 0x0000000080000D4C (0x00BF1F13) slli t5, t5, 11
x30 <- 0x00000000002D4000
mem[X,0x0000000080000D50] -> 0x0F13
mem[X,0x0000000080000D52] -> 0x13CF
[857] [M]: 0x0000000080000D50 (0x13CF0F13) addi t5, t5, 316
x30 <- 0x00000000002D413C
mem[X,0x0000000080000D54] -> 0x1F13
mem[X,0x0000000080000D56] -> 0x00AF
[858] [M]: 0x0000000080000D54 (0x00AF1F13) slli t5, t5, 10
x30 <- 0x00000000B504F000
mem[X,0x0000000080000D58] -> 0x0F13
mem[X,0x0000000080000D5A] -> 0x334F
[859] [M]: 0x0000000080000D58 (0x334F0F13) addi t5, t5, 820
x30 <- 0x00000000B504F334
mem[X,0x0000000080000D5C] -> 0x0713
mem[X,0x0000000080000D5E] -> 0x0010
[860] [M]: 0x0000000080000D5C (0x00100713) addi a4, zero, 1
x14 <- 0x0000000000000001
mem[X,0x0000000080000D60] -> 0x1713
mem[X,0x0000000080000D62] -> 0x0287
[861] [M]: 0x0000000080000D60 (0x02871713) slli a4, a4, 40
x14 <- 0x0000010000000000
mem[X,0x0000000080000D64] -> 0x4713
mem[X,0x0000000080000D66] -> 0xFFF7
[862] [M]: 0x0000000080000D64 (0xFFF74713) xori a4, a4, 4095
x14 <- 0xFFFFFEFFFFFFFFFF
mem[X,0x0000000080000D68] -> 0x4FB3
mem[X,0x0000000080000D6A] -> 0x02EF
[863] [M]: 0x0000000080000D68 (0x02EF4FB3) div t6, t5, a4
x31 <- 0x0000000000000000
mem[X,0x0000000080000D6C] -> 0x3C23
mem[X,0x0000000080000D6E] -> 0x09F3
[864] [M]: 0x0000000080000D6C (0x09F33C23) sd t6, 152(t1)
mem[0x000000008000D290] <- 0x0000000000000000
mem[X,0x0000000080000D70] -> 0x0F37
mem[X,0x0000000080000D72] -> 0x0000
[865] [M]: 0x0000000080000D70 (0x00000F37) lui t5, 0
x30 <- 0x0000000000000000
mem[X,0x0000000080000D74] -> 0x0F13
mem[X,0x0000000080000D76] -> 0x000F
[866] [M]: 0x0000000080000D74 (0x000F0F13) addi t5, t5, 0
x30 <- 0x0000000000000000
mem[X,0x0000000080000D78] -> 0x1F13
mem[X,0x0000000080000D7A] -> 0x00BF
[867] [M]: 0x0000000080000D78 (0x00BF1F13) slli t5, t5, 11
x30 <- 0x0000000000000000
mem[X,0x0000000080000D7C] -> 0x0F13
mem[X,0x0000000080000D7E] -> 0x5A8F
[868] [M]: 0x0000000080000D7C (0x5A8F0F13) addi t5, t5, 1448
x30 <- 0x00000000000005A8
mem[X,0x0000000080000D80] -> 0x1F13
mem[X,0x0000000080000D82] -> 0x00BF
[869] [M]: 0x0000000080000D80 (0x00BF1F13) slli t5, t5, 11
x30 <- 0x00000000002D4000
mem[X,0x0000000080000D84] -> 0x0F13
mem[X,0x0000000080000D86] -> 0x13CF
[870] [M]: 0x0000000080000D84 (0x13CF0F13) addi t5, t5, 316
x30 <- 0x00000000002D413C
mem[X,0x0000000080000D88] -> 0x1F13
mem[X,0x0000000080000D8A] -> 0x00AF
[871] [M]: 0x0000000080000D88 (0x00AF1F13) slli t5, t5, 10
x30 <- 0x00000000B504F000
mem[X,0x0000000080000D8C] -> 0x0F13
mem[X,0x0000000080000D8E] -> 0x334F
[872] [M]: 0x0000000080000D8C (0x334F0F13) addi t5, t5, 820
x30 <- 0x00000000B504F334
mem[X,0x0000000080000D90] -> 0x0693
mem[X,0x0000000080000D92] -> 0x0010
[873] [M]: 0x0000000080000D90 (0x00100693) addi a3, zero, 1
x13 <- 0x0000000000000001
mem[X,0x0000000080000D94] -> 0x9693
mem[X,0x0000000080000D96] -> 0x0296
[874] [M]: 0x0000000080000D94 (0x02969693) slli a3, a3, 41
x13 <- 0x0000020000000000
mem[X,0x0000000080000D98] -> 0xC693
mem[X,0x0000000080000D9A] -> 0xFFF6
[875] [M]: 0x0000000080000D98 (0xFFF6C693) xori a3, a3, 4095
x13 <- 0xFFFFFDFFFFFFFFFF
mem[X,0x0000000080000D9C] -> 0x4FB3
mem[X,0x0000000080000D9E] -> 0x02DF
[876] [M]: 0x0000000080000D9C (0x02DF4FB3) div t6, t5, a3
x31 <- 0x0000000000000000
mem[X,0x0000000080000DA0] -> 0x3023
mem[X,0x0000000080000DA2] -> 0x0BF3
[877] [M]: 0x0000000080000DA0 (0x0BF33023) sd t6, 160(t1)
mem[0x000000008000D298] <- 0x0000000000000000
mem[X,0x0000000080000DA4] -> 0x0F37
mem[X,0x0000000080000DA6] -> 0x0000
[878] [M]: 0x0000000080000DA4 (0x00000F37) lui t5, 0
x30 <- 0x0000000000000000
mem[X,0x0000000080000DA8] -> 0x0F13
mem[X,0x0000000080000DAA] -> 0x000F
[879] [M]: 0x0000000080000DA8 (0x000F0F13) addi t5, t5, 0
x30 <- 0x0000000000000000
mem[X,0x0000000080000DAC] -> 0x1F13
mem[X,0x0000000080000DAE] -> 0x00BF
[880] [M]: 0x0000000080000DAC (0x00BF1F13) slli t5, t5, 11
x30 <- 0x0000000000000000
mem[X,0x0000000080000DB0] -> 0x0F13
mem[X,0x0000000080000DB2] -> 0x5A8F
[881] [M]: 0x0000000080000DB0 (0x5A8F0F13) addi t5, t5, 1448
x30 <- 0x00000000000005A8
mem[X,0x0000000080000DB4] -> 0x1F13
mem[X,0x0000000080000DB6] -> 0x00BF
[882] [M]: 0x0000000080000DB4 (0x00BF1F13) slli t5, t5, 11
x30 <- 0x00000000002D4000
mem[X,0x0000000080000DB8] -> 0x0F13
mem[X,0x0000000080000DBA] -> 0x13CF
[883] [M]: 0x0000000080000DB8 (0x13CF0F13) addi t5, t5, 316
x30 <- 0x00000000002D413C
mem[X,0x0000000080000DBC] -> 0x1F13
mem[X,0x0000000080000DBE] -> 0x00AF
[884] [M]: 0x0000000080000DBC (0x00AF1F13) slli t5, t5, 10
x30 <- 0x00000000B504F000
mem[X,0x0000000080000DC0] -> 0x0F13
mem[X,0x0000000080000DC2] -> 0x334F
[885] [M]: 0x0000000080000DC0 (0x334F0F13) addi t5, t5, 820
x30 <- 0x00000000B504F334
mem[X,0x0000000080000DC4] -> 0x0613
mem[X,0x0000000080000DC6] -> 0x0010
[886] [M]: 0x0000000080000DC4 (0x00100613) addi a2, zero, 1
x12 <- 0x0000000000000001
mem[X,0x0000000080000DC8] -> 0x1613
mem[X,0x0000000080000DCA] -> 0x02A6
[887] [M]: 0x0000000080000DC8 (0x02A61613) slli a2, a2, 42
x12 <- 0x0000040000000000
mem[X,0x0000000080000DCC] -> 0x4613
mem[X,0x0000000080000DCE] -> 0xFFF6
[888] [M]: 0x0000000080000DCC (0xFFF64613) xori a2, a2, 4095
x12 <- 0xFFFFFBFFFFFFFFFF
mem[X,0x0000000080000DD0] -> 0x4FB3
mem[X,0x0000000080000DD2] -> 0x02CF
[889] [M]: 0x0000000080000DD0 (0x02CF4FB3) div t6, t5, a2
x31 <- 0x0000000000000000
mem[X,0x0000000080000DD4] -> 0x3423
mem[X,0x0000000080000DD6] -> 0x0BF3
[890] [M]: 0x0000000080000DD4 (0x0BF33423) sd t6, 168(t1)
mem[0x000000008000D2A0] <- 0x0000000000000000
mem[X,0x0000000080000DD8] -> 0x0F37
mem[X,0x0000000080000DDA] -> 0x0000
[891] [M]: 0x0000000080000DD8 (0x00000F37) lui t5, 0
x30 <- 0x0000000000000000
mem[X,0x0000000080000DDC] -> 0x0F13
mem[X,0x0000000080000DDE] -> 0x000F
[892] [M]: 0x0000000080000DDC (0x000F0F13) addi t5, t5, 0
x30 <- 0x0000000000000000
mem[X,0x0000000080000DE0] -> 0x1F13
mem[X,0x0000000080000DE2] -> 0x00BF
[893] [M]: 0x0000000080000DE0 (0x00BF1F13) slli t5, t5, 11
x30 <- 0x0000000000000000
mem[X,0x0000000080000DE4] -> 0x0F13
mem[X,0x0000000080000DE6] -> 0x5A8F
[894] [M]: 0x0000000080000DE4 (0x5A8F0F13) addi t5, t5, 1448
x30 <- 0x00000000000005A8
mem[X,0x0000000080000DE8] -> 0x1F13
mem[X,0x0000000080000DEA] -> 0x00BF
[895] [M]: 0x0000000080000DE8 (0x00BF1F13) slli t5, t5, 11
x30 <- 0x00000000002D4000
mem[X,0x0000000080000DEC] -> 0x0F13
mem[X,0x0000000080000DEE] -> 0x13CF
[896] [M]: 0x0000000080000DEC (0x13CF0F13) addi t5, t5, 316
x30 <- 0x00000000002D413C
mem[X,0x0000000080000DF0] -> 0x1F13
mem[X,0x0000000080000DF2] -> 0x00AF
[897] [M]: 0x0000000080000DF0 (0x00AF1F13) slli t5, t5, 10
x30 <- 0x00000000B504F000
mem[X,0x0000000080000DF4] -> 0x0F13
mem[X,0x0000000080000DF6] -> 0x334F
[898] [M]: 0x0000000080000DF4 (0x334F0F13) addi t5, t5, 820
x30 <- 0x00000000B504F334
mem[X,0x0000000080000DF8] -> 0x0593
mem[X,0x0000000080000DFA] -> 0x0010
[899] [M]: 0x0000000080000DF8 (0x00100593) addi a1, zero, 1
x11 <- 0x0000000000000001
clint::tick mtime <- 0x0000000000000009
 clint timer pending at mtime 0x0000000000000009
htif::tick 0x0000000000000000
mem[X,0x0000000080000DFC] -> 0x9593
mem[X,0x0000000080000DFE] -> 0x02B5
[900] [M]: 0x0000000080000DFC (0x02B59593) slli a1, a1, 43
x11 <- 0x0000080000000000
mem[X,0x0000000080000E00] -> 0xC593
mem[X,0x0000000080000E02] -> 0xFFF5
[901] [M]: 0x0000000080000E00 (0xFFF5C593) xori a1, a1, 4095
x11 <- 0xFFFFF7FFFFFFFFFF
mem[X,0x0000000080000E04] -> 0x4FB3
mem[X,0x0000000080000E06] -> 0x02BF
[902] [M]: 0x0000000080000E04 (0x02BF4FB3) div t6, t5, a1
x31 <- 0x0000000000000000
mem[X,0x0000000080000E08] -> 0x3823
mem[X,0x0000000080000E0A] -> 0x0BF3
[903] [M]: 0x0000000080000E08 (0x0BF33823) sd t6, 176(t1)
mem[0x000000008000D2A8] <- 0x0000000000000000
mem[X,0x0000000080000E0C] -> 0x0F37
mem[X,0x0000000080000E0E] -> 0x0000
[904] [M]: 0x0000000080000E0C (0x00000F37) lui t5, 0
x30 <- 0x0000000000000000
mem[X,0x0000000080000E10] -> 0x0F13
mem[X,0x0000000080000E12] -> 0x000F
[905] [M]: 0x0000000080000E10 (0x000F0F13) addi t5, t5, 0
x30 <- 0x0000000000000000
mem[X,0x0000000080000E14] -> 0x1F13
mem[X,0x0000000080000E16] -> 0x00BF
[906] [M]: 0x0000000080000E14 (0x00BF1F13) slli t5, t5, 11
x30 <- 0x0000000000000000
mem[X,0x0000000080000E18] -> 0x0F13
mem[X,0x0000000080000E1A] -> 0x5A8F
[907] [M]: 0x0000000080000E18 (0x5A8F0F13) addi t5, t5, 1448
x30 <- 0x00000000000005A8
mem[X,0x0000000080000E1C] -> 0x1F13
mem[X,0x0000000080000E1E] -> 0x00BF
[908] [M]: 0x0000000080000E1C (0x00BF1F13) slli t5, t5, 11
x30 <- 0x00000000002D4000
mem[X,0x0000000080000E20] -> 0x0F13
mem[X,0x0000000080000E22] -> 0x13CF
[909] [M]: 0x0000000080000E20 (0x13CF0F13) addi t5, t5, 316
x30 <- 0x00000000002D413C
mem[X,0x0000000080000E24] -> 0x1F13
mem[X,0x0000000080000E26] -> 0x00AF
[910] [M]: 0x0000000080000E24 (0x00AF1F13) slli t5, t5, 10
x30 <- 0x00000000B504F000
mem[X,0x0000000080000E28] -> 0x0F13
mem[X,0x0000000080000E2A] -> 0x334F
[911] [M]: 0x0000000080000E28 (0x334F0F13) addi t5, t5, 820
x30 <- 0x00000000B504F334
mem[X,0x0000000080000E2C] -> 0x0513
mem[X,0x0000000080000E2E] -> 0x0010
[912] [M]: 0x0000000080000E2C (0x00100513) addi a0, zero, 1
x10 <- 0x0000000000000001
mem[X,0x0000000080000E30] -> 0x1513
mem[X,0x0000000080000E32] -> 0x02C5
[913] [M]: 0x0000000080000E30 (0x02C51513) slli a0, a0, 44
x10 <- 0x0000100000000000
mem[X,0x0000000080000E34] -> 0x4513
mem[X,0x0000000080000E36] -> 0xFFF5
[914] [M]: 0x0000000080000E34 (0xFFF54513) xori a0, a0, 4095
x10 <- 0xFFFFEFFFFFFFFFFF
mem[X,0x0000000080000E38] -> 0x4FB3
mem[X,0x0000000080000E3A] -> 0x02AF
[915] [M]: 0x0000000080000E38 (0x02AF4FB3) div t6, t5, a0
x31 <- 0x0000000000000000
mem[X,0x0000000080000E3C] -> 0x3C23
mem[X,0x0000000080000E3E] -> 0x0BF3
[916] [M]: 0x0000000080000E3C (0x0BF33C23) sd t6, 184(t1)
mem[0x000000008000D2B0] <- 0x0000000000000000
mem[X,0x0000000080000E40] -> 0xC517
mem[X,0x0000000080000E42] -> 0x0000
[917] [M]: 0x0000000080000E40 (0x0000C517) auipc a0, 12
x10 <- 0x000000008000CE40
mem[X,0x0000000080000E44] -> 0x0513
mem[X,0x0000000080000E46] -> 0x4785
[918] [M]: 0x0000000080000E44 (0x47850513) addi a0, a0, 1144
x10 <- 0x000000008000D2B8
mem[X,0x0000000080000E48] -> 0x0013
mem[X,0x0000000080000E4A] -> 0x0000
[919] [M]: 0x0000000080000E48 (0x00000013) addi zero, zero, 0
mem[X,0x0000000080000E4C] -> 0x0013
mem[X,0x0000000080000E4E] -> 0x0000
[920] [M]: 0x0000000080000E4C (0x00000013) addi zero, zero, 0
mem[X,0x0000000080000E50] -> 0x0013
mem[X,0x0000000080000E52] -> 0x0000
[921] [M]: 0x0000000080000E50 (0x00000013) addi zero, zero, 0
mem[X,0x0000000080000E54] -> 0x0013
mem[X,0x0000000080000E56] -> 0x0000
[922] [M]: 0x0000000080000E54 (0x00000013) addi zero, zero, 0
mem[X,0x0000000080000E58] -> 0x0013
mem[X,0x0000000080000E5A] -> 0x0000
[923] [M]: 0x0000000080000E58 (0x00000013) addi zero, zero, 0
mem[X,0x0000000080000E5C] -> 0x0013
mem[X,0x0000000080000E5E] -> 0x0000
[924] [M]: 0x0000000080000E5C (0x00000013) addi zero, zero, 0
mem[X,0x0000000080000E60] -> 0x0F37
mem[X,0x0000000080000E62] -> 0x0000
[925] [M]: 0x0000000080000E60 (0x00000F37) lui t5, 0
x30 <- 0x0000000000000000
mem[X,0x0000000080000E64] -> 0x0F13
mem[X,0x0000000080000E66] -> 0x000F
[926] [M]: 0x0000000080000E64 (0x000F0F13) addi t5, t5, 0
x30 <- 0x0000000000000000
mem[X,0x0000000080000E68] -> 0x1F13
mem[X,0x0000000080000E6A] -> 0x00BF
[927] [M]: 0x0000000080000E68 (0x00BF1F13) slli t5, t5, 11
x30 <- 0x0000000000000000
mem[X,0x0000000080000E6C] -> 0x0F13
mem[X,0x0000000080000E6E] -> 0x5A8F
[928] [M]: 0x0000000080000E6C (0x5A8F0F13) addi t5, t5, 1448
x30 <- 0x00000000000005A8
mem[X,0x0000000080000E70] -> 0x1F13
mem[X,0x0000000080000E72] -> 0x00BF
[929] [M]: 0x0000000080000E70 (0x00BF1F13) slli t5, t5, 11
x30 <- 0x00000000002D4000
mem[X,0x0000000080000E74] -> 0x0F13
mem[X,0x0000000080000E76] -> 0x13CF
[930] [M]: 0x0000000080000E74 (0x13CF0F13) addi t5, t5, 316
x30 <- 0x00000000002D413C
mem[X,0x0000000080000E78] -> 0x1F13
mem[X,0x0000000080000E7A] -> 0x00AF
[931] [M]: 0x0000000080000E78 (0x00AF1F13) slli t5, t5, 10
x30 <- 0x00000000B504F000
mem[X,0x0000000080000E7C] -> 0x0F13
mem[X,0x0000000080000E7E] -> 0x334F
[932] [M]: 0x0000000080000E7C (0x334F0F13) addi t5, t5, 820
x30 <- 0x00000000B504F334
mem[X,0x0000000080000E80] -> 0x0493
mem[X,0x0000000080000E82] -> 0x0010
[933] [M]: 0x0000000080000E80 (0x00100493) addi s1, zero, 1
x9 <- 0x0000000000000001
mem[X,0x0000000080000E84] -> 0x9493
mem[X,0x0000000080000E86] -> 0x02D4
[934] [M]: 0x0000000080000E84 (0x02D49493) slli s1, s1, 45
x9 <- 0x0000200000000000
mem[X,0x0000000080000E88] -> 0xC493
mem[X,0x0000000080000E8A] -> 0xFFF4
[935] [M]: 0x0000000080000E88 (0xFFF4C493) xori s1, s1, 4095
x9 <- 0xFFFFDFFFFFFFFFFF
mem[X,0x0000000080000E8C] -> 0x4FB3
mem[X,0x0000000080000E8E] -> 0x029F
[936] [M]: 0x0000000080000E8C (0x029F4FB3) div t6, t5, s1
x31 <- 0x0000000000000000
mem[X,0x0000000080000E90] -> 0x3023
mem[X,0x0000000080000E92] -> 0x01F5
[937] [M]: 0x0000000080000E90 (0x01F53023) sd t6, 0(a0)
mem[0x000000008000D2B8] <- 0x0000000000000000
mem[X,0x0000000080000E94] -> 0x0F37
mem[X,0x0000000080000E96] -> 0x0000
[938] [M]: 0x0000000080000E94 (0x00000F37) lui t5, 0
x30 <- 0x0000000000000000
mem[X,0x0000000080000E98] -> 0x0F13
mem[X,0x0000000080000E9A] -> 0x000F
[939] [M]: 0x0000000080000E98 (0x000F0F13) addi t5, t5, 0
x30 <- 0x0000000000000000
mem[X,0x0000000080000E9C] -> 0x1F13
mem[X,0x0000000080000E9E] -> 0x00BF
[940] [M]: 0x0000000080000E9C (0x00BF1F13) slli t5, t5, 11
x30 <- 0x0000000000000000
mem[X,0x0000000080000EA0] -> 0x0F13
mem[X,0x0000000080000EA2] -> 0x5A8F
[941] [M]: 0x0000000080000EA0 (0x5A8F0F13) addi t5, t5, 1448
x30 <- 0x00000000000005A8
mem[X,0x0000000080000EA4] -> 0x1F13
mem[X,0x0000000080000EA6] -> 0x00BF
[942] [M]: 0x0000000080000EA4 (0x00BF1F13) slli t5, t5, 11
x30 <- 0x00000000002D4000
mem[X,0x0000000080000EA8] -> 0x0F13
mem[X,0x0000000080000EAA] -> 0x13CF
[943] [M]: 0x0000000080000EA8 (0x13CF0F13) addi t5, t5, 316
x30 <- 0x00000000002D413C
mem[X,0x0000000080000EAC] -> 0x1F13
mem[X,0x0000000080000EAE] -> 0x00AF
[944] [M]: 0x0000000080000EAC (0x00AF1F13) slli t5, t5, 10
x30 <- 0x00000000B504F000
mem[X,0x0000000080000EB0] -> 0x0F13
mem[X,0x0000000080000EB2] -> 0x334F
[945] [M]: 0x0000000080000EB0 (0x334F0F13) addi t5, t5, 820
x30 <- 0x00000000B504F334
mem[X,0x0000000080000EB4] -> 0x0413
mem[X,0x0000000080000EB6] -> 0x0010
[946] [M]: 0x0000000080000EB4 (0x00100413) addi fp, zero, 1
x8 <- 0x0000000000000001
mem[X,0x0000000080000EB8] -> 0x1413
mem[X,0x0000000080000EBA] -> 0x02E4
[947] [M]: 0x0000000080000EB8 (0x02E41413) slli fp, fp, 46
x8 <- 0x0000400000000000
mem[X,0x0000000080000EBC] -> 0x4413
mem[X,0x0000000080000EBE] -> 0xFFF4
[948] [M]: 0x0000000080000EBC (0xFFF44413) xori fp, fp, 4095
x8 <- 0xFFFFBFFFFFFFFFFF
mem[X,0x0000000080000EC0] -> 0x4FB3
mem[X,0x0000000080000EC2] -> 0x028F
[949] [M]: 0x0000000080000EC0 (0x028F4FB3) div t6, t5, fp
x31 <- 0x0000000000000000
mem[X,0x0000000080000EC4] -> 0x3423
mem[X,0x0000000080000EC6] -> 0x01F5
[950] [M]: 0x0000000080000EC4 (0x01F53423) sd t6, 8(a0)
mem[0x000000008000D2C0] <- 0x0000000000000000
mem[X,0x0000000080000EC8] -> 0x0F37
mem[X,0x0000000080000ECA] -> 0x0000
[951] [M]: 0x0000000080000EC8 (0x00000F37) lui t5, 0
x30 <- 0x0000000000000000
mem[X,0x0000000080000ECC] -> 0x0F13
mem[X,0x0000000080000ECE] -> 0x000F
[952] [M]: 0x0000000080000ECC (0x000F0F13) addi t5, t5, 0
x30 <- 0x0000000000000000
mem[X,0x0000000080000ED0] -> 0x1F13
mem[X,0x0000000080000ED2] -> 0x00BF
[953] [M]: 0x0000000080000ED0 (0x00BF1F13) slli t5, t5, 11
x30 <- 0x0000000000000000
mem[X,0x0000000080000ED4] -> 0x0F13
mem[X,0x0000000080000ED6] -> 0x5A8F
[954] [M]: 0x0000000080000ED4 (0x5A8F0F13) addi t5, t5, 1448
x30 <- 0x00000000000005A8
mem[X,0x0000000080000ED8] -> 0x1F13
mem[X,0x0000000080000EDA] -> 0x00BF
[955] [M]: 0x0000000080000ED8 (0x00BF1F13) slli t5, t5, 11
x30 <- 0x00000000002D4000
mem[X,0x0000000080000EDC] -> 0x0F13
mem[X,0x0000000080000EDE] -> 0x13CF
[956] [M]: 0x0000000080000EDC (0x13CF0F13) addi t5, t5, 316
x30 <- 0x00000000002D413C
mem[X,0x0000000080000EE0] -> 0x1F13
mem[X,0x0000000080000EE2] -> 0x00AF
[957] [M]: 0x0000000080000EE0 (0x00AF1F13) slli t5, t5, 10
x30 <- 0x00000000B504F000
mem[X,0x0000000080000EE4] -> 0x0F13
mem[X,0x0000000080000EE6] -> 0x334F
[958] [M]: 0x0000000080000EE4 (0x334F0F13) addi t5, t5, 820
x30 <- 0x00000000B504F334
mem[X,0x0000000080000EE8] -> 0x0393
mem[X,0x0000000080000EEA] -> 0x0010
[959] [M]: 0x0000000080000EE8 (0x00100393) addi t2, zero, 1
x7 <- 0x0000000000000001
mem[X,0x0000000080000EEC] -> 0x9393
mem[X,0x0000000080000EEE] -> 0x02F3
[960] [M]: 0x0000000080000EEC (0x02F39393) slli t2, t2, 47
x7 <- 0x0000800000000000
mem[X,0x0000000080000EF0] -> 0xC393
mem[X,0x0000000080000EF2] -> 0xFFF3
[961] [M]: 0x0000000080000EF0 (0xFFF3C393) xori t2, t2, 4095
x7 <- 0xFFFF7FFFFFFFFFFF
mem[X,0x0000000080000EF4] -> 0x4FB3
mem[X,0x0000000080000EF6] -> 0x027F
[962] [M]: 0x0000000080000EF4 (0x027F4FB3) div t6, t5, t2
x31 <- 0x0000000000000000
mem[X,0x0000000080000EF8] -> 0x3823
mem[X,0x0000000080000EFA] -> 0x01F5
[963] [M]: 0x0000000080000EF8 (0x01F53823) sd t6, 16(a0)
mem[0x000000008000D2C8] <- 0x0000000000000000
mem[X,0x0000000080000EFC] -> 0x0F37
mem[X,0x0000000080000EFE] -> 0x0000
[964] [M]: 0x0000000080000EFC (0x00000F37) lui t5, 0
x30 <- 0x0000000000000000
mem[X,0x0000000080000F00] -> 0x0F13
mem[X,0x0000000080000F02] -> 0x000F
[965] [M]: 0x0000000080000F00 (0x000F0F13) addi t5, t5, 0
x30 <- 0x0000000000000000
mem[X,0x0000000080000F04] -> 0x1F13
mem[X,0x0000000080000F06] -> 0x00BF
[966] [M]: 0x0000000080000F04 (0x00BF1F13) slli t5, t5, 11
x30 <- 0x0000000000000000
mem[X,0x0000000080000F08] -> 0x0F13
mem[X,0x0000000080000F0A] -> 0x5A8F
[967] [M]: 0x0000000080000F08 (0x5A8F0F13) addi t5, t5, 1448
x30 <- 0x00000000000005A8
mem[X,0x0000000080000F0C] -> 0x1F13
mem[X,0x0000000080000F0E] -> 0x00BF
[968] [M]: 0x0000000080000F0C (0x00BF1F13) slli t5, t5, 11
x30 <- 0x00000000002D4000
mem[X,0x0000000080000F10] -> 0x0F13
mem[X,0x0000000080000F12] -> 0x13CF
[969] [M]: 0x0000000080000F10 (0x13CF0F13) addi t5, t5, 316
x30 <- 0x00000000002D413C
mem[X,0x0000000080000F14] -> 0x1F13
mem[X,0x0000000080000F16] -> 0x00AF
[970] [M]: 0x0000000080000F14 (0x00AF1F13) slli t5, t5, 10
x30 <- 0x00000000B504F000
mem[X,0x0000000080000F18] -> 0x0F13
mem[X,0x0000000080000F1A] -> 0x334F
[971] [M]: 0x0000000080000F18 (0x334F0F13) addi t5, t5, 820
x30 <- 0x00000000B504F334
mem[X,0x0000000080000F1C] -> 0x0313
mem[X,0x0000000080000F1E] -> 0x0010
[972] [M]: 0x0000000080000F1C (0x00100313) addi t1, zero, 1
x6 <- 0x0000000000000001
mem[X,0x0000000080000F20] -> 0x1313
mem[X,0x0000000080000F22] -> 0x0303
[973] [M]: 0x0000000080000F20 (0x03031313) slli t1, t1, 48
x6 <- 0x0001000000000000
mem[X,0x0000000080000F24] -> 0x4313
mem[X,0x0000000080000F26] -> 0xFFF3
[974] [M]: 0x0000000080000F24 (0xFFF34313) xori t1, t1, 4095
x6 <- 0xFFFEFFFFFFFFFFFF
mem[X,0x0000000080000F28] -> 0x4FB3
mem[X,0x0000000080000F2A] -> 0x026F
[975] [M]: 0x0000000080000F28 (0x026F4FB3) div t6, t5, t1
x31 <- 0x0000000000000000
mem[X,0x0000000080000F2C] -> 0x3C23
mem[X,0x0000000080000F2E] -> 0x01F5
[976] [M]: 0x0000000080000F2C (0x01F53C23) sd t6, 24(a0)
mem[0x000000008000D2D0] <- 0x0000000000000000
mem[X,0x0000000080000F30] -> 0x0F37
mem[X,0x0000000080000F32] -> 0x0000
[977] [M]: 0x0000000080000F30 (0x00000F37) lui t5, 0
x30 <- 0x0000000000000000
mem[X,0x0000000080000F34] -> 0x0F13
mem[X,0x0000000080000F36] -> 0x000F
[978] [M]: 0x0000000080000F34 (0x000F0F13) addi t5, t5, 0
x30 <- 0x0000000000000000
mem[X,0x0000000080000F38] -> 0x1F13
mem[X,0x0000000080000F3A] -> 0x00BF
[979] [M]: 0x0000000080000F38 (0x00BF1F13) slli t5, t5, 11
x30 <- 0x0000000000000000
mem[X,0x0000000080000F3C] -> 0x0F13
mem[X,0x0000000080000F3E] -> 0x5A8F
[980] [M]: 0x0000000080000F3C (0x5A8F0F13) addi t5, t5, 1448
x30 <- 0x00000000000005A8
mem[X,0x0000000080000F40] -> 0x1F13
mem[X,0x0000000080000F42] -> 0x00BF
[981] [M]: 0x0000000080000F40 (0x00BF1F13) slli t5, t5, 11
x30 <- 0x00000000002D4000
mem[X,0x0000000080000F44] -> 0x0F13
mem[X,0x0000000080000F46] -> 0x13CF
[982] [M]: 0x0000000080000F44 (0x13CF0F13) addi t5, t5, 316
x30 <- 0x00000000002D413C
mem[X,0x0000000080000F48] -> 0x1F13
mem[X,0x0000000080000F4A] -> 0x00AF
[983] [M]: 0x0000000080000F48 (0x00AF1F13) slli t5, t5, 10
x30 <- 0x00000000B504F000
mem[X,0x0000000080000F4C] -> 0x0F13
mem[X,0x0000000080000F4E] -> 0x334F
[984] [M]: 0x0000000080000F4C (0x334F0F13) addi t5, t5, 820
x30 <- 0x00000000B504F334
mem[X,0x0000000080000F50] -> 0x0293
mem[X,0x0000000080000F52] -> 0x0010
[985] [M]: 0x0000000080000F50 (0x00100293) addi t0, zero, 1
x5 <- 0x0000000000000001
mem[X,0x0000000080000F54] -> 0x9293
mem[X,0x0000000080000F56] -> 0x0312
[986] [M]: 0x0000000080000F54 (0x03129293) slli t0, t0, 49
x5 <- 0x0002000000000000
mem[X,0x0000000080000F58] -> 0xC293
mem[X,0x0000000080000F5A] -> 0xFFF2
[987] [M]: 0x0000000080000F58 (0xFFF2C293) xori t0, t0, 4095
x5 <- 0xFFFDFFFFFFFFFFFF
mem[X,0x0000000080000F5C] -> 0x4FB3
mem[X,0x0000000080000F5E] -> 0x025F
[988] [M]: 0x0000000080000F5C (0x025F4FB3) div t6, t5, t0
x31 <- 0x0000000000000000
mem[X,0x0000000080000F60] -> 0x3023
mem[X,0x0000000080000F62] -> 0x03F5
[989] [M]: 0x0000000080000F60 (0x03F53023) sd t6, 32(a0)
mem[0x000000008000D2D8] <- 0x0000000000000000
mem[X,0x0000000080000F64] -> 0x0F37
mem[X,0x0000000080000F66] -> 0x0000
[990] [M]: 0x0000000080000F64 (0x00000F37) lui t5, 0
x30 <- 0x0000000000000000
mem[X,0x0000000080000F68] -> 0x0F13
mem[X,0x0000000080000F6A] -> 0x000F
[991] [M]: 0x0000000080000F68 (0x000F0F13) addi t5, t5, 0
x30 <- 0x0000000000000000
mem[X,0x0000000080000F6C] -> 0x1F13
mem[X,0x0000000080000F6E] -> 0x00BF
[992] [M]: 0x0000000080000F6C (0x00BF1F13) slli t5, t5, 11
x30 <- 0x0000000000000000
mem[X,0x0000000080000F70] -> 0x0F13
mem[X,0x0000000080000F72] -> 0x5A8F
[993] [M]: 0x0000000080000F70 (0x5A8F0F13) addi t5, t5, 1448
x30 <- 0x00000000000005A8
mem[X,0x0000000080000F74] -> 0x1F13
mem[X,0x0000000080000F76] -> 0x00BF
[994] [M]: 0x0000000080000F74 (0x00BF1F13) slli t5, t5, 11
x30 <- 0x00000000002D4000
mem[X,0x0000000080000F78] -> 0x0F13
mem[X,0x0000000080000F7A] -> 0x13CF
[995] [M]: 0x0000000080000F78 (0x13CF0F13) addi t5, t5, 316
x30 <- 0x00000000002D413C
mem[X,0x0000000080000F7C] -> 0x1F13
mem[X,0x0000000080000F7E] -> 0x00AF
[996] [M]: 0x0000000080000F7C (0x00AF1F13) slli t5, t5, 10
x30 <- 0x00000000B504F000
mem[X,0x0000000080000F80] -> 0x0F13
mem[X,0x0000000080000F82] -> 0x334F
[997] [M]: 0x0000000080000F80 (0x334F0F13) addi t5, t5, 820
x30 <- 0x00000000B504F334
mem[X,0x0000000080000F84] -> 0x0213
mem[X,0x0000000080000F86] -> 0x0010
[998] [M]: 0x0000000080000F84 (0x00100213) addi tp, zero, 1
x4 <- 0x0000000000000001
mem[X,0x0000000080000F88] -> 0x1213
mem[X,0x0000000080000F8A] -> 0x0322
[999] [M]: 0x0000000080000F88 (0x03221213) slli tp, tp, 50
x4 <- 0x0004000000000000
clint::tick mtime <- 0x000000000000000A
 clint timer pending at mtime 0x000000000000000A
htif::tick 0x0000000000000000
mem[X,0x0000000080000F8C] -> 0x4213
mem[X,0x0000000080000F8E] -> 0xFFF2
[1000] [M]: 0x0000000080000F8C (0xFFF24213) xori tp, tp, 4095
x4 <- 0xFFFBFFFFFFFFFFFF
mem[X,0x0000000080000F90] -> 0x4FB3
mem[X,0x0000000080000F92] -> 0x024F
[1001] [M]: 0x0000000080000F90 (0x024F4FB3) div t6, t5, tp
x31 <- 0x0000000000000000
mem[X,0x0000000080000F94] -> 0x3423
mem[X,0x0000000080000F96] -> 0x03F5
[1002] [M]: 0x0000000080000F94 (0x03F53423) sd t6, 40(a0)
mem[0x000000008000D2E0] <- 0x0000000000000000
mem[X,0x0000000080000F98] -> 0x0F37
mem[X,0x0000000080000F9A] -> 0x0000
[1003] [M]: 0x0000000080000F98 (0x00000F37) lui t5, 0
x30 <- 0x0000000000000000
mem[X,0x0000000080000F9C] -> 0x0F13
mem[X,0x0000000080000F9E] -> 0x000F
[1004] [M]: 0x0000000080000F9C (0x000F0F13) addi t5, t5, 0
x30 <- 0x0000000000000000
mem[X,0x0000000080000FA0] -> 0x1F13
mem[X,0x0000000080000FA2] -> 0x00BF
[1005] [M]: 0x0000000080000FA0 (0x00BF1F13) slli t5, t5, 11
x30 <- 0x0000000000000000
mem[X,0x0000000080000FA4] -> 0x0F13
mem[X,0x0000000080000FA6] -> 0x5A8F
[1006] [M]: 0x0000000080000FA4 (0x5A8F0F13) addi t5, t5, 1448
x30 <- 0x00000000000005A8
mem[X,0x0000000080000FA8] -> 0x1F13
mem[X,0x0000000080000FAA] -> 0x00BF
[1007] [M]: 0x0000000080000FA8 (0x00BF1F13) slli t5, t5, 11
x30 <- 0x00000000002D4000
mem[X,0x0000000080000FAC] -> 0x0F13
mem[X,0x0000000080000FAE] -> 0x13CF
[1008] [M]: 0x0000000080000FAC (0x13CF0F13) addi t5, t5, 316
x30 <- 0x00000000002D413C
mem[X,0x0000000080000FB0] -> 0x1F13
mem[X,0x0000000080000FB2] -> 0x00AF
[1009] [M]: 0x0000000080000FB0 (0x00AF1F13) slli t5, t5, 10
x30 <- 0x00000000B504F000
mem[X,0x0000000080000FB4] -> 0x0F13
mem[X,0x0000000080000FB6] -> 0x334F
[1010] [M]: 0x0000000080000FB4 (0x334F0F13) addi t5, t5, 820
x30 <- 0x00000000B504F334
mem[X,0x0000000080000FB8] -> 0x0193
mem[X,0x0000000080000FBA] -> 0x0010
[1011] [M]: 0x0000000080000FB8 (0x00100193) addi gp, zero, 1
x3 <- 0x0000000000000001
mem[X,0x0000000080000FBC] -> 0x9193
mem[X,0x0000000080000FBE] -> 0x0331
[1012] [M]: 0x0000000080000FBC (0x03319193) slli gp, gp, 51
x3 <- 0x0008000000000000
mem[X,0x0000000080000FC0] -> 0xC193
mem[X,0x0000000080000FC2] -> 0xFFF1
[1013] [M]: 0x0000000080000FC0 (0xFFF1C193) xori gp, gp, 4095
x3 <- 0xFFF7FFFFFFFFFFFF
mem[X,0x0000000080000FC4] -> 0x4FB3
mem[X,0x0000000080000FC6] -> 0x023F
[1014] [M]: 0x0000000080000FC4 (0x023F4FB3) div t6, t5, gp
x31 <- 0x0000000000000000
mem[X,0x0000000080000FC8] -> 0x3823
mem[X,0x0000000080000FCA] -> 0x03F5
[1015] [M]: 0x0000000080000FC8 (0x03F53823) sd t6, 48(a0)
mem[0x000000008000D2E8] <- 0x0000000000000000
mem[X,0x0000000080000FCC] -> 0x0F37
mem[X,0x0000000080000FCE] -> 0x0000
[1016] [M]: 0x0000000080000FCC (0x00000F37) lui t5, 0
x30 <- 0x0000000000000000
mem[X,0x0000000080000FD0] -> 0x0F13
mem[X,0x0000000080000FD2] -> 0x000F
[1017] [M]: 0x0000000080000FD0 (0x000F0F13) addi t5, t5, 0
x30 <- 0x0000000000000000
mem[X,0x0000000080000FD4] -> 0x1F13
mem[X,0x0000000080000FD6] -> 0x00BF
[1018] [M]: 0x0000000080000FD4 (0x00BF1F13) slli t5, t5, 11
x30 <- 0x0000000000000000
mem[X,0x0000000080000FD8] -> 0x0F13
mem[X,0x0000000080000FDA] -> 0x5A8F
[1019] [M]: 0x0000000080000FD8 (0x5A8F0F13) addi t5, t5, 1448
x30 <- 0x00000000000005A8
mem[X,0x0000000080000FDC] -> 0x1F13
mem[X,0x0000000080000FDE] -> 0x00BF
[1020] [M]: 0x0000000080000FDC (0x00BF1F13) slli t5, t5, 11
x30 <- 0x00000000002D4000
mem[X,0x0000000080000FE0] -> 0x0F13
mem[X,0x0000000080000FE2] -> 0x13CF
[1021] [M]: 0x0000000080000FE0 (0x13CF0F13) addi t5, t5, 316
x30 <- 0x00000000002D413C
mem[X,0x0000000080000FE4] -> 0x1F13
mem[X,0x0000000080000FE6] -> 0x00AF
[1022] [M]: 0x0000000080000FE4 (0x00AF1F13) slli t5, t5, 10
x30 <- 0x00000000B504F000
mem[X,0x0000000080000FE8] -> 0x0F13
mem[X,0x0000000080000FEA] -> 0x334F
[1023] [M]: 0x0000000080000FE8 (0x334F0F13) addi t5, t5, 820
x30 <- 0x00000000B504F334
mem[X,0x0000000080000FEC] -> 0x0113
mem[X,0x0000000080000FEE] -> 0x0010
[1024] [M]: 0x0000000080000FEC (0x00100113) addi sp, zero, 1
x2 <- 0x0000000000000001
mem[X,0x0000000080000FF0] -> 0x1113
mem[X,0x0000000080000FF2] -> 0x0341
[1025] [M]: 0x0000000080000FF0 (0x03411113) slli sp, sp, 52
x2 <- 0x0010000000000000
mem[X,0x0000000080000FF4] -> 0x4113
mem[X,0x0000000080000FF6] -> 0xFFF1
[1026] [M]: 0x0000000080000FF4 (0xFFF14113) xori sp, sp, 4095
x2 <- 0xFFEFFFFFFFFFFFFF
mem[X,0x0000000080000FF8] -> 0x4FB3
mem[X,0x0000000080000FFA] -> 0x022F
[1027] [M]: 0x0000000080000FF8 (0x022F4FB3) div t6, t5, sp
x31 <- 0x0000000000000000
mem[X,0x0000000080000FFC] -> 0x3C23
mem[X,0x0000000080000FFE] -> 0x03F5
[1028] [M]: 0x0000000080000FFC (0x03F53C23) sd t6, 56(a0)
mem[0x000000008000D2F0] <- 0x0000000000000000
mem[X,0x0000000080001000] -> 0x0F37
mem[X,0x0000000080001002] -> 0x0000
[1029] [M]: 0x0000000080001000 (0x00000F37) lui t5, 0
x30 <- 0x0000000000000000
mem[X,0x0000000080001004] -> 0x0F13
mem[X,0x0000000080001006] -> 0x000F
[1030] [M]: 0x0000000080001004 (0x000F0F13) addi t5, t5, 0
x30 <- 0x0000000000000000
mem[X,0x0000000080001008] -> 0x1F13
mem[X,0x000000008000100A] -> 0x00BF
[1031] [M]: 0x0000000080001008 (0x00BF1F13) slli t5, t5, 11
x30 <- 0x0000000000000000
mem[X,0x000000008000100C] -> 0x0F13
mem[X,0x000000008000100E] -> 0x5A8F
[1032] [M]: 0x000000008000100C (0x5A8F0F13) addi t5, t5, 1448
x30 <- 0x00000000000005A8
mem[X,0x0000000080001010] -> 0x1F13
mem[X,0x0000000080001012] -> 0x00BF
[1033] [M]: 0x0000000080001010 (0x00BF1F13) slli t5, t5, 11
x30 <- 0x00000000002D4000
mem[X,0x0000000080001014] -> 0x0F13
mem[X,0x0000000080001016] -> 0x13CF
[1034] [M]: 0x0000000080001014 (0x13CF0F13) addi t5, t5, 316
x30 <- 0x00000000002D413C
mem[X,0x0000000080001018] -> 0x1F13
mem[X,0x000000008000101A] -> 0x00AF
[1035] [M]: 0x0000000080001018 (0x00AF1F13) slli t5, t5, 10
x30 <- 0x00000000B504F000
mem[X,0x000000008000101C] -> 0x0F13
mem[X,0x000000008000101E] -> 0x334F
[1036] [M]: 0x000000008000101C (0x334F0F13) addi t5, t5, 820
x30 <- 0x00000000B504F334
mem[X,0x0000000080001020] -> 0x0093
mem[X,0x0000000080001022] -> 0x0010
[1037] [M]: 0x0000000080001020 (0x00100093) addi ra, zero, 1
x1 <- 0x0000000000000001
mem[X,0x0000000080001024] -> 0x9093
mem[X,0x0000000080001026] -> 0x0350
[1038] [M]: 0x0000000080001024 (0x03509093) slli ra, ra, 53
x1 <- 0x0020000000000000
mem[X,0x0000000080001028] -> 0xC093
mem[X,0x000000008000102A] -> 0xFFF0
[1039] [M]: 0x0000000080001028 (0xFFF0C093) xori ra, ra, 4095
x1 <- 0xFFDFFFFFFFFFFFFF
mem[X,0x000000008000102C] -> 0x4FB3
mem[X,0x000000008000102E] -> 0x021F
[1040] [M]: 0x000000008000102C (0x021F4FB3) div t6, t5, ra
x31 <- 0x0000000000000000
mem[X,0x0000000080001030] -> 0x3023
mem[X,0x0000000080001032] -> 0x05F5
[1041] [M]: 0x0000000080001030 (0x05F53023) sd t6, 64(a0)
mem[0x000000008000D2F8] <- 0x0000000000000000
mem[X,0x0000000080001034] -> 0x0F37
mem[X,0x0000000080001036] -> 0x0000
[1042] [M]: 0x0000000080001034 (0x00000F37) lui t5, 0
x30 <- 0x0000000000000000
mem[X,0x0000000080001038] -> 0x0F13
mem[X,0x000000008000103A] -> 0x000F
[1043] [M]: 0x0000000080001038 (0x000F0F13) addi t5, t5, 0
x30 <- 0x0000000000000000
mem[X,0x000000008000103C] -> 0x1F13
mem[X,0x000000008000103E] -> 0x00BF
[1044] [M]: 0x000000008000103C (0x00BF1F13) slli t5, t5, 11
x30 <- 0x0000000000000000
mem[X,0x0000000080001040] -> 0x0F13
mem[X,0x0000000080001042] -> 0x5A8F
[1045] [M]: 0x0000000080001040 (0x5A8F0F13) addi t5, t5, 1448
x30 <- 0x00000000000005A8
mem[X,0x0000000080001044] -> 0x1F13
mem[X,0x0000000080001046] -> 0x00BF
[1046] [M]: 0x0000000080001044 (0x00BF1F13) slli t5, t5, 11
x30 <- 0x00000000002D4000
mem[X,0x0000000080001048] -> 0x0F13
mem[X,0x000000008000104A] -> 0x13CF
[1047] [M]: 0x0000000080001048 (0x13CF0F13) addi t5, t5, 316
x30 <- 0x00000000002D413C
mem[X,0x000000008000104C] -> 0x1F13
mem[X,0x000000008000104E] -> 0x00AF
[1048] [M]: 0x000000008000104C (0x00AF1F13) slli t5, t5, 10
x30 <- 0x00000000B504F000
mem[X,0x0000000080001050] -> 0x0F13
mem[X,0x0000000080001052] -> 0x334F
[1049] [M]: 0x0000000080001050 (0x334F0F13) addi t5, t5, 820
x30 <- 0x00000000B504F334
mem[X,0x0000000080001054] -> 0x0013
mem[X,0x0000000080001056] -> 0x0000
[1050] [M]: 0x0000000080001054 (0x00000013) addi zero, zero, 0
mem[X,0x0000000080001058] -> 0x4FB3
mem[X,0x000000008000105A] -> 0x020F
[1051] [M]: 0x0000000080001058 (0x020F4FB3) div t6, t5, zero
x31 <- 0xFFFFFFFFFFFFFFFF
mem[X,0x000000008000105C] -> 0x3423
mem[X,0x000000008000105E] -> 0x05F5
[1052] [M]: 0x000000008000105C (0x05F53423) sd t6, 72(a0)
mem[0x000000008000D300] <- 0xFFFFFFFFFFFFFFFF
mem[X,0x0000000080001060] -> 0x0FB7
mem[X,0x0000000080001062] -> 0x0000
[1053] [M]: 0x0000000080001060 (0x00000FB7) lui t6, 0
x31 <- 0x0000000000000000
mem[X,0x0000000080001064] -> 0x8F93
mem[X,0x0000000080001066] -> 0x000F
[1054] [M]: 0x0000000080001064 (0x000F8F93) addi t6, t6, 0
x31 <- 0x0000000000000000
mem[X,0x0000000080001068] -> 0x9F93
mem[X,0x000000008000106A] -> 0x00BF
[1055] [M]: 0x0000000080001068 (0x00BF9F93) slli t6, t6, 11
x31 <- 0x0000000000000000
mem[X,0x000000008000106C] -> 0x8F93
mem[X,0x000000008000106E] -> 0x5A8F
[1056] [M]: 0x000000008000106C (0x5A8F8F93) addi t6, t6, 1448
x31 <- 0x00000000000005A8
mem[X,0x0000000080001070] -> 0x9F93
mem[X,0x0000000080001072] -> 0x00BF
[1057] [M]: 0x0000000080001070 (0x00BF9F93) slli t6, t6, 11
x31 <- 0x00000000002D4000
mem[X,0x0000000080001074] -> 0x8F93
mem[X,0x0000000080001076] -> 0x13CF
[1058] [M]: 0x0000000080001074 (0x13CF8F93) addi t6, t6, 316
x31 <- 0x00000000002D413C
mem[X,0x0000000080001078] -> 0x9F93
mem[X,0x000000008000107A] -> 0x00AF
[1059] [M]: 0x0000000080001078 (0x00AF9F93) slli t6, t6, 10
x31 <- 0x00000000B504F000
mem[X,0x000000008000107C] -> 0x8F93
mem[X,0x000000008000107E] -> 0x334F
[1060] [M]: 0x000000008000107C (0x334F8F93) addi t6, t6, 820
x31 <- 0x00000000B504F334
mem[X,0x0000000080001080] -> 0x0F13
mem[X,0x0000000080001082] -> 0x0010
[1061] [M]: 0x0000000080001080 (0x00100F13) addi t5, zero, 1
x30 <- 0x0000000000000001
mem[X,0x0000000080001084] -> 0x1F13
mem[X,0x0000000080001086] -> 0x037F
[1062] [M]: 0x0000000080001084 (0x037F1F13) slli t5, t5, 55
x30 <- 0x0080000000000000
mem[X,0x0000000080001088] -> 0x4F13
mem[X,0x000000008000108A] -> 0xFFFF
[1063] [M]: 0x0000000080001088 (0xFFFF4F13) xori t5, t5, 4095
x30 <- 0xFF7FFFFFFFFFFFFF
mem[X,0x000000008000108C] -> 0xCE33
mem[X,0x000000008000108E] -> 0x03EF
[1064] [M]: 0x000000008000108C (0x03EFCE33) div t3, t6, t5
x28 <- 0x0000000000000000
mem[X,0x0000000080001090] -> 0x3823
mem[X,0x0000000080001092] -> 0x05C5
[1065] [M]: 0x0000000080001090 (0x05C53823) sd t3, 80(a0)
mem[0x000000008000D308] <- 0x0000000000000000
mem[X,0x0000000080001094] -> 0x0FB7
mem[X,0x0000000080001096] -> 0x0000
[1066] [M]: 0x0000000080001094 (0x00000FB7) lui t6, 0
x31 <- 0x0000000000000000
mem[X,0x0000000080001098] -> 0x8F93
mem[X,0x000000008000109A] -> 0x000F
[1067] [M]: 0x0000000080001098 (0x000F8F93) addi t6, t6, 0
x31 <- 0x0000000000000000
mem[X,0x000000008000109C] -> 0x9F93
mem[X,0x000000008000109E] -> 0x00BF
[1068] [M]: 0x000000008000109C (0x00BF9F93) slli t6, t6, 11
x31 <- 0x0000000000000000
mem[X,0x00000000800010A0] -> 0x8F93
mem[X,0x00000000800010A2] -> 0x5A8F
[1069] [M]: 0x00000000800010A0 (0x5A8F8F93) addi t6, t6, 1448
x31 <- 0x00000000000005A8
mem[X,0x00000000800010A4] -> 0x9F93
mem[X,0x00000000800010A6] -> 0x00BF
[1070] [M]: 0x00000000800010A4 (0x00BF9F93) slli t6, t6, 11
x31 <- 0x00000000002D4000
mem[X,0x00000000800010A8] -> 0x8F93
mem[X,0x00000000800010AA] -> 0x13CF
[1071] [M]: 0x00000000800010A8 (0x13CF8F93) addi t6, t6, 316
x31 <- 0x00000000002D413C
mem[X,0x00000000800010AC] -> 0x9F93
mem[X,0x00000000800010AE] -> 0x00AF
[1072] [M]: 0x00000000800010AC (0x00AF9F93) slli t6, t6, 10
x31 <- 0x00000000B504F000
mem[X,0x00000000800010B0] -> 0x8F93
mem[X,0x00000000800010B2] -> 0x334F
[1073] [M]: 0x00000000800010B0 (0x334F8F93) addi t6, t6, 820
x31 <- 0x00000000B504F334
mem[X,0x00000000800010B4] -> 0x0F13
mem[X,0x00000000800010B6] -> 0x0010
[1074] [M]: 0x00000000800010B4 (0x00100F13) addi t5, zero, 1
x30 <- 0x0000000000000001
mem[X,0x00000000800010B8] -> 0x1F13
mem[X,0x00000000800010BA] -> 0x038F
[1075] [M]: 0x00000000800010B8 (0x038F1F13) slli t5, t5, 56
x30 <- 0x0100000000000000
mem[X,0x00000000800010BC] -> 0x4F13
mem[X,0x00000000800010BE] -> 0xFFFF
[1076] [M]: 0x00000000800010BC (0xFFFF4F13) xori t5, t5, 4095
x30 <- 0xFEFFFFFFFFFFFFFF
mem[X,0x00000000800010C0] -> 0xCD33
mem[X,0x00000000800010C2] -> 0x03EF
[1077] [M]: 0x00000000800010C0 (0x03EFCD33) div s10, t6, t5
x26 <- 0x0000000000000000
mem[X,0x00000000800010C4] -> 0x3C23
mem[X,0x00000000800010C6] -> 0x05A5
[1078] [M]: 0x00000000800010C4 (0x05A53C23) sd s10, 88(a0)
mem[0x000000008000D310] <- 0x0000000000000000
mem[X,0x00000000800010C8] -> 0x0FB7
mem[X,0x00000000800010CA] -> 0x0000
[1079] [M]: 0x00000000800010C8 (0x00000FB7) lui t6, 0
x31 <- 0x0000000000000000
mem[X,0x00000000800010CC] -> 0x8F93
mem[X,0x00000000800010CE] -> 0x000F
[1080] [M]: 0x00000000800010CC (0x000F8F93) addi t6, t6, 0
x31 <- 0x0000000000000000
mem[X,0x00000000800010D0] -> 0x9F93
mem[X,0x00000000800010D2] -> 0x00BF
[1081] [M]: 0x00000000800010D0 (0x00BF9F93) slli t6, t6, 11
x31 <- 0x0000000000000000
mem[X,0x00000000800010D4] -> 0x8F93
mem[X,0x00000000800010D6] -> 0x5A8F
[1082] [M]: 0x00000000800010D4 (0x5A8F8F93) addi t6, t6, 1448
x31 <- 0x00000000000005A8
mem[X,0x00000000800010D8] -> 0x9F93
mem[X,0x00000000800010DA] -> 0x00BF
[1083] [M]: 0x00000000800010D8 (0x00BF9F93) slli t6, t6, 11
x31 <- 0x00000000002D4000
mem[X,0x00000000800010DC] -> 0x8F93
mem[X,0x00000000800010DE] -> 0x13CF
[1084] [M]: 0x00000000800010DC (0x13CF8F93) addi t6, t6, 316
x31 <- 0x00000000002D413C
mem[X,0x00000000800010E0] -> 0x9F93
mem[X,0x00000000800010E2] -> 0x00AF
[1085] [M]: 0x00000000800010E0 (0x00AF9F93) slli t6, t6, 10
x31 <- 0x00000000B504F000
mem[X,0x00000000800010E4] -> 0x8F93
mem[X,0x00000000800010E6] -> 0x334F
[1086] [M]: 0x00000000800010E4 (0x334F8F93) addi t6, t6, 820
x31 <- 0x00000000B504F334
mem[X,0x00000000800010E8] -> 0x0F13
mem[X,0x00000000800010EA] -> 0x0010
[1087] [M]: 0x00000000800010E8 (0x00100F13) addi t5, zero, 1
x30 <- 0x0000000000000001
mem[X,0x00000000800010EC] -> 0x1F13
mem[X,0x00000000800010EE] -> 0x039F
[1088] [M]: 0x00000000800010EC (0x039F1F13) slli t5, t5, 57
x30 <- 0x0200000000000000
mem[X,0x00000000800010F0] -> 0x4F13
mem[X,0x00000000800010F2] -> 0xFFFF
[1089] [M]: 0x00000000800010F0 (0xFFFF4F13) xori t5, t5, 4095
x30 <- 0xFDFFFFFFFFFFFFFF
mem[X,0x00000000800010F4] -> 0xCCB3
mem[X,0x00000000800010F6] -> 0x03EF
[1090] [M]: 0x00000000800010F4 (0x03EFCCB3) div s9, t6, t5
x25 <- 0x0000000000000000
mem[X,0x00000000800010F8] -> 0x3023
mem[X,0x00000000800010FA] -> 0x0795
[1091] [M]: 0x00000000800010F8 (0x07953023) sd s9, 96(a0)
mem[0x000000008000D318] <- 0x0000000000000000
mem[X,0x00000000800010FC] -> 0x0FB7
mem[X,0x00000000800010FE] -> 0x0000
[1092] [M]: 0x00000000800010FC (0x00000FB7) lui t6, 0
x31 <- 0x0000000000000000
mem[X,0x0000000080001100] -> 0x8F93
mem[X,0x0000000080001102] -> 0x000F
[1093] [M]: 0x0000000080001100 (0x000F8F93) addi t6, t6, 0
x31 <- 0x0000000000000000
mem[X,0x0000000080001104] -> 0x9F93
mem[X,0x0000000080001106] -> 0x00BF
[1094] [M]: 0x0000000080001104 (0x00BF9F93) slli t6, t6, 11
x31 <- 0x0000000000000000
mem[X,0x0000000080001108] -> 0x8F93
mem[X,0x000000008000110A] -> 0x5A8F
[1095] [M]: 0x0000000080001108 (0x5A8F8F93) addi t6, t6, 1448
x31 <- 0x00000000000005A8
mem[X,0x000000008000110C] -> 0x9F93
mem[X,0x000000008000110E] -> 0x00BF
[1096] [M]: 0x000000008000110C (0x00BF9F93) slli t6, t6, 11
x31 <- 0x00000000002D4000
mem[X,0x0000000080001110] -> 0x8F93
mem[X,0x0000000080001112] -> 0x13CF
[1097] [M]: 0x0000000080001110 (0x13CF8F93) addi t6, t6, 316
x31 <- 0x00000000002D413C
mem[X,0x0000000080001114] -> 0x9F93
mem[X,0x0000000080001116] -> 0x00AF
[1098] [M]: 0x0000000080001114 (0x00AF9F93) slli t6, t6, 10
x31 <- 0x00000000B504F000
mem[X,0x0000000080001118] -> 0x8F93
mem[X,0x000000008000111A] -> 0x334F
[1099] [M]: 0x0000000080001118 (0x334F8F93) addi t6, t6, 820
x31 <- 0x00000000B504F334
clint::tick mtime <- 0x000000000000000B
 clint timer pending at mtime 0x000000000000000B
htif::tick 0x0000000000000000
mem[X,0x000000008000111C] -> 0x0F13
mem[X,0x000000008000111E] -> 0x0010
[1100] [M]: 0x000000008000111C (0x00100F13) addi t5, zero, 1
x30 <- 0x0000000000000001
mem[X,0x0000000080001120] -> 0x1F13
mem[X,0x0000000080001122] -> 0x03AF
[1101] [M]: 0x0000000080001120 (0x03AF1F13) slli t5, t5, 58
x30 <- 0x0400000000000000
mem[X,0x0000000080001124] -> 0x4F13
mem[X,0x0000000080001126] -> 0xFFFF
[1102] [M]: 0x0000000080001124 (0xFFFF4F13) xori t5, t5, 4095
x30 <- 0xFBFFFFFFFFFFFFFF
mem[X,0x0000000080001128] -> 0xCC33
mem[X,0x000000008000112A] -> 0x03EF
[1103] [M]: 0x0000000080001128 (0x03EFCC33) div s8, t6, t5
x24 <- 0x0000000000000000
mem[X,0x000000008000112C] -> 0x3423
mem[X,0x000000008000112E] -> 0x0785
[1104] [M]: 0x000000008000112C (0x07853423) sd s8, 104(a0)
mem[0x000000008000D320] <- 0x0000000000000000
mem[X,0x0000000080001130] -> 0x0FB7
mem[X,0x0000000080001132] -> 0x0000
[1105] [M]: 0x0000000080001130 (0x00000FB7) lui t6, 0
x31 <- 0x0000000000000000
mem[X,0x0000000080001134] -> 0x8F93
mem[X,0x0000000080001136] -> 0x000F
[1106] [M]: 0x0000000080001134 (0x000F8F93) addi t6, t6, 0
x31 <- 0x0000000000000000
mem[X,0x0000000080001138] -> 0x9F93
mem[X,0x000000008000113A] -> 0x00BF
[1107] [M]: 0x0000000080001138 (0x00BF9F93) slli t6, t6, 11
x31 <- 0x0000000000000000
mem[X,0x000000008000113C] -> 0x8F93
mem[X,0x000000008000113E] -> 0x5A8F
[1108] [M]: 0x000000008000113C (0x5A8F8F93) addi t6, t6, 1448
x31 <- 0x00000000000005A8
mem[X,0x0000000080001140] -> 0x9F93
mem[X,0x0000000080001142] -> 0x00BF
[1109] [M]: 0x0000000080001140 (0x00BF9F93) slli t6, t6, 11
x31 <- 0x00000000002D4000
mem[X,0x0000000080001144] -> 0x8F93
mem[X,0x0000000080001146] -> 0x13CF
[1110] [M]: 0x0000000080001144 (0x13CF8F93) addi t6, t6, 316
x31 <- 0x00000000002D413C
mem[X,0x0000000080001148] -> 0x9F93
mem[X,0x000000008000114A] -> 0x00AF
[1111] [M]: 0x0000000080001148 (0x00AF9F93) slli t6, t6, 10
x31 <- 0x00000000B504F000
mem[X,0x000000008000114C] -> 0x8F93
mem[X,0x000000008000114E] -> 0x334F
[1112] [M]: 0x000000008000114C (0x334F8F93) addi t6, t6, 820
x31 <- 0x00000000B504F334
mem[X,0x0000000080001150] -> 0x0F13
mem[X,0x0000000080001152] -> 0x0010
[1113] [M]: 0x0000000080001150 (0x00100F13) addi t5, zero, 1
x30 <- 0x0000000000000001
mem[X,0x0000000080001154] -> 0x1F13
mem[X,0x0000000080001156] -> 0x03BF
[1114] [M]: 0x0000000080001154 (0x03BF1F13) slli t5, t5, 59
x30 <- 0x0800000000000000
mem[X,0x0000000080001158] -> 0x4F13
mem[X,0x000000008000115A] -> 0xFFFF
[1115] [M]: 0x0000000080001158 (0xFFFF4F13) xori t5, t5, 4095
x30 <- 0xF7FFFFFFFFFFFFFF
mem[X,0x000000008000115C] -> 0xCBB3
mem[X,0x000000008000115E] -> 0x03EF
[1116] [M]: 0x000000008000115C (0x03EFCBB3) div s7, t6, t5
x23 <- 0x0000000000000000
mem[X,0x0000000080001160] -> 0x3823
mem[X,0x0000000080001162] -> 0x0775
[1117] [M]: 0x0000000080001160 (0x07753823) sd s7, 112(a0)
mem[0x000000008000D328] <- 0x0000000000000000
mem[X,0x0000000080001164] -> 0x0FB7
mem[X,0x0000000080001166] -> 0x0000
[1118] [M]: 0x0000000080001164 (0x00000FB7) lui t6, 0
x31 <- 0x0000000000000000
mem[X,0x0000000080001168] -> 0x8F93
mem[X,0x000000008000116A] -> 0x000F
[1119] [M]: 0x0000000080001168 (0x000F8F93) addi t6, t6, 0
x31 <- 0x0000000000000000
mem[X,0x000000008000116C] -> 0x9F93
mem[X,0x000000008000116E] -> 0x00BF
[1120] [M]: 0x000000008000116C (0x00BF9F93) slli t6, t6, 11
x31 <- 0x0000000000000000
mem[X,0x0000000080001170] -> 0x8F93
mem[X,0x0000000080001172] -> 0x5A8F
[1121] [M]: 0x0000000080001170 (0x5A8F8F93) addi t6, t6, 1448
x31 <- 0x00000000000005A8
mem[X,0x0000000080001174] -> 0x9F93
mem[X,0x0000000080001176] -> 0x00BF
[1122] [M]: 0x0000000080001174 (0x00BF9F93) slli t6, t6, 11
x31 <- 0x00000000002D4000
mem[X,0x0000000080001178] -> 0x8F93
mem[X,0x000000008000117A] -> 0x13CF
[1123] [M]: 0x0000000080001178 (0x13CF8F93) addi t6, t6, 316
x31 <- 0x00000000002D413C
mem[X,0x000000008000117C] -> 0x9F93
mem[X,0x000000008000117E] -> 0x00AF
[1124] [M]: 0x000000008000117C (0x00AF9F93) slli t6, t6, 10
x31 <- 0x00000000B504F000
mem[X,0x0000000080001180] -> 0x8F93
mem[X,0x0000000080001182] -> 0x334F
[1125] [M]: 0x0000000080001180 (0x334F8F93) addi t6, t6, 820
x31 <- 0x00000000B504F334
mem[X,0x0000000080001184] -> 0x0F13
mem[X,0x0000000080001186] -> 0x0010
[1126] [M]: 0x0000000080001184 (0x00100F13) addi t5, zero, 1
x30 <- 0x0000000000000001
mem[X,0x0000000080001188] -> 0x1F13
mem[X,0x000000008000118A] -> 0x03CF
[1127] [M]: 0x0000000080001188 (0x03CF1F13) slli t5, t5, 60
x30 <- 0x1000000000000000
mem[X,0x000000008000118C] -> 0x4F13
mem[X,0x000000008000118E] -> 0xFFFF
[1128] [M]: 0x000000008000118C (0xFFFF4F13) xori t5, t5, 4095
x30 <- 0xEFFFFFFFFFFFFFFF
mem[X,0x0000000080001190] -> 0xCB33
mem[X,0x0000000080001192] -> 0x03EF
[1129] [M]: 0x0000000080001190 (0x03EFCB33) div s6, t6, t5
x22 <- 0x0000000000000000
mem[X,0x0000000080001194] -> 0x3C23
mem[X,0x0000000080001196] -> 0x0765
[1130] [M]: 0x0000000080001194 (0x07653C23) sd s6, 120(a0)
mem[0x000000008000D330] <- 0x0000000000000000
mem[X,0x0000000080001198] -> 0x0FB7
mem[X,0x000000008000119A] -> 0x0000
[1131] [M]: 0x0000000080001198 (0x00000FB7) lui t6, 0
x31 <- 0x0000000000000000
mem[X,0x000000008000119C] -> 0x8F93
mem[X,0x000000008000119E] -> 0x000F
[1132] [M]: 0x000000008000119C (0x000F8F93) addi t6, t6, 0
x31 <- 0x0000000000000000
mem[X,0x00000000800011A0] -> 0x9F93
mem[X,0x00000000800011A2] -> 0x00BF
[1133] [M]: 0x00000000800011A0 (0x00BF9F93) slli t6, t6, 11
x31 <- 0x0000000000000000
mem[X,0x00000000800011A4] -> 0x8F93
mem[X,0x00000000800011A6] -> 0x5A8F
[1134] [M]: 0x00000000800011A4 (0x5A8F8F93) addi t6, t6, 1448
x31 <- 0x00000000000005A8
mem[X,0x00000000800011A8] -> 0x9F93
mem[X,0x00000000800011AA] -> 0x00BF
[1135] [M]: 0x00000000800011A8 (0x00BF9F93) slli t6, t6, 11
x31 <- 0x00000000002D4000
mem[X,0x00000000800011AC] -> 0x8F93
mem[X,0x00000000800011AE] -> 0x13CF
[1136] [M]: 0x00000000800011AC (0x13CF8F93) addi t6, t6, 316
x31 <- 0x00000000002D413C
mem[X,0x00000000800011B0] -> 0x9F93
mem[X,0x00000000800011B2] -> 0x00AF
[1137] [M]: 0x00000000800011B0 (0x00AF9F93) slli t6, t6, 10
x31 <- 0x00000000B504F000
mem[X,0x00000000800011B4] -> 0x8F93
mem[X,0x00000000800011B6] -> 0x334F
[1138] [M]: 0x00000000800011B4 (0x334F8F93) addi t6, t6, 820
x31 <- 0x00000000B504F334
mem[X,0x00000000800011B8] -> 0x0F13
mem[X,0x00000000800011BA] -> 0x0010
[1139] [M]: 0x00000000800011B8 (0x00100F13) addi t5, zero, 1
x30 <- 0x0000000000000001
mem[X,0x00000000800011BC] -> 0x1F13
mem[X,0x00000000800011BE] -> 0x03DF
[1140] [M]: 0x00000000800011BC (0x03DF1F13) slli t5, t5, 61
x30 <- 0x2000000000000000
mem[X,0x00000000800011C0] -> 0x4F13
mem[X,0x00000000800011C2] -> 0xFFFF
[1141] [M]: 0x00000000800011C0 (0xFFFF4F13) xori t5, t5, 4095
x30 <- 0xDFFFFFFFFFFFFFFF
mem[X,0x00000000800011C4] -> 0xCAB3
mem[X,0x00000000800011C6] -> 0x03EF
[1142] [M]: 0x00000000800011C4 (0x03EFCAB3) div s5, t6, t5
x21 <- 0x0000000000000000
mem[X,0x00000000800011C8] -> 0x3023
mem[X,0x00000000800011CA] -> 0x0955
[1143] [M]: 0x00000000800011C8 (0x09553023) sd s5, 128(a0)
mem[0x000000008000D338] <- 0x0000000000000000
mem[X,0x00000000800011CC] -> 0x0FB7
mem[X,0x00000000800011CE] -> 0x0000
[1144] [M]: 0x00000000800011CC (0x00000FB7) lui t6, 0
x31 <- 0x0000000000000000
mem[X,0x00000000800011D0] -> 0x8F93
mem[X,0x00000000800011D2] -> 0x000F
[1145] [M]: 0x00000000800011D0 (0x000F8F93) addi t6, t6, 0
x31 <- 0x0000000000000000
mem[X,0x00000000800011D4] -> 0x9F93
mem[X,0x00000000800011D6] -> 0x00BF
[1146] [M]: 0x00000000800011D4 (0x00BF9F93) slli t6, t6, 11
x31 <- 0x0000000000000000
mem[X,0x00000000800011D8] -> 0x8F93
mem[X,0x00000000800011DA] -> 0x5A8F
[1147] [M]: 0x00000000800011D8 (0x5A8F8F93) addi t6, t6, 1448
x31 <- 0x00000000000005A8
mem[X,0x00000000800011DC] -> 0x9F93
mem[X,0x00000000800011DE] -> 0x00BF
[1148] [M]: 0x00000000800011DC (0x00BF9F93) slli t6, t6, 11
x31 <- 0x00000000002D4000
mem[X,0x00000000800011E0] -> 0x8F93
mem[X,0x00000000800011E2] -> 0x13CF
[1149] [M]: 0x00000000800011E0 (0x13CF8F93) addi t6, t6, 316
x31 <- 0x00000000002D413C
mem[X,0x00000000800011E4] -> 0x9F93
mem[X,0x00000000800011E6] -> 0x00AF
[1150] [M]: 0x00000000800011E4 (0x00AF9F93) slli t6, t6, 10
x31 <- 0x00000000B504F000
mem[X,0x00000000800011E8] -> 0x8F93
mem[X,0x00000000800011EA] -> 0x334F
[1151] [M]: 0x00000000800011E8 (0x334F8F93) addi t6, t6, 820
x31 <- 0x00000000B504F334
mem[X,0x00000000800011EC] -> 0x0F13
mem[X,0x00000000800011EE] -> 0x0010
[1152] [M]: 0x00000000800011EC (0x00100F13) addi t5, zero, 1
x30 <- 0x0000000000000001
mem[X,0x00000000800011F0] -> 0x1F13
mem[X,0x00000000800011F2] -> 0x03EF
[1153] [M]: 0x00000000800011F0 (0x03EF1F13) slli t5, t5, 62
x30 <- 0x4000000000000000
mem[X,0x00000000800011F4] -> 0x4F13
mem[X,0x00000000800011F6] -> 0xFFFF
[1154] [M]: 0x00000000800011F4 (0xFFFF4F13) xori t5, t5, 4095
x30 <- 0xBFFFFFFFFFFFFFFF
mem[X,0x00000000800011F8] -> 0xCA33
mem[X,0x00000000800011FA] -> 0x03EF
[1155] [M]: 0x00000000800011F8 (0x03EFCA33) div s4, t6, t5
x20 <- 0x0000000000000000
mem[X,0x00000000800011FC] -> 0x3423
mem[X,0x00000000800011FE] -> 0x0945
[1156] [M]: 0x00000000800011FC (0x09453423) sd s4, 136(a0)
mem[0x000000008000D340] <- 0x0000000000000000
mem[X,0x0000000080001200] -> 0x0FB7
mem[X,0x0000000080001202] -> 0x0000
[1157] [M]: 0x0000000080001200 (0x00000FB7) lui t6, 0
x31 <- 0x0000000000000000
mem[X,0x0000000080001204] -> 0x8F93
mem[X,0x0000000080001206] -> 0x000F
[1158] [M]: 0x0000000080001204 (0x000F8F93) addi t6, t6, 0
x31 <- 0x0000000000000000
mem[X,0x0000000080001208] -> 0x9F93
mem[X,0x000000008000120A] -> 0x00BF
[1159] [M]: 0x0000000080001208 (0x00BF9F93) slli t6, t6, 11
x31 <- 0x0000000000000000
mem[X,0x000000008000120C] -> 0x8F93
mem[X,0x000000008000120E] -> 0x5A8F
[1160] [M]: 0x000000008000120C (0x5A8F8F93) addi t6, t6, 1448
x31 <- 0x00000000000005A8
mem[X,0x0000000080001210] -> 0x9F93
mem[X,0x0000000080001212] -> 0x00BF
[1161] [M]: 0x0000000080001210 (0x00BF9F93) slli t6, t6, 11
x31 <- 0x00000000002D4000
mem[X,0x0000000080001214] -> 0x8F93
mem[X,0x0000000080001216] -> 0x13CF
[1162] [M]: 0x0000000080001214 (0x13CF8F93) addi t6, t6, 316
x31 <- 0x00000000002D413C
mem[X,0x0000000080001218] -> 0x9F93
mem[X,0x000000008000121A] -> 0x00AF
[1163] [M]: 0x0000000080001218 (0x00AF9F93) slli t6, t6, 10
x31 <- 0x00000000B504F000
mem[X,0x000000008000121C] -> 0x8F93
mem[X,0x000000008000121E] -> 0x334F
[1164] [M]: 0x000000008000121C (0x334F8F93) addi t6, t6, 820
x31 <- 0x00000000B504F334
mem[X,0x0000000080001220] -> 0x0F13
mem[X,0x0000000080001222] -> 0xFFF0
[1165] [M]: 0x0000000080001220 (0xFFF00F13) addi t5, zero, 4095
x30 <- 0xFFFFFFFFFFFFFFFF
mem[X,0x0000000080001224] -> 0x5F13
mem[X,0x0000000080001226] -> 0x001F
[1166] [M]: 0x0000000080001224 (0x001F5F13) srli t5, t5, 1
x30 <- 0x7FFFFFFFFFFFFFFF
mem[X,0x0000000080001228] -> 0xC9B3
mem[X,0x000000008000122A] -> 0x03EF
[1167] [M]: 0x0000000080001228 (0x03EFC9B3) div s3, t6, t5
x19 <- 0x0000000000000000
mem[X,0x000000008000122C] -> 0x3823
mem[X,0x000000008000122E] -> 0x0935
[1168] [M]: 0x000000008000122C (0x09353823) sd s3, 144(a0)
mem[0x000000008000D348] <- 0x0000000000000000
mem[X,0x0000000080001230] -> 0x0F93
mem[X,0x0000000080001232] -> 0xFFE0
[1169] [M]: 0x0000000080001230 (0xFFE00F93) addi t6, zero, 4094
x31 <- 0xFFFFFFFFFFFFFFFE
mem[X,0x0000000080001234] -> 0x0F37
mem[X,0x0000000080001236] -> 0x0000
[1170] [M]: 0x0000000080001234 (0x00000F37) lui t5, 0
x30 <- 0x0000000000000000
mem[X,0x0000000080001238] -> 0x0F13
mem[X,0x000000008000123A] -> 0x000F
[1171] [M]: 0x0000000080001238 (0x000F0F13) addi t5, t5, 0
x30 <- 0x0000000000000000
mem[X,0x000000008000123C] -> 0x1F13
mem[X,0x000000008000123E] -> 0x00BF
[1172] [M]: 0x000000008000123C (0x00BF1F13) slli t5, t5, 11
x30 <- 0x0000000000000000
mem[X,0x0000000080001240] -> 0x0F13
mem[X,0x0000000080001242] -> 0x5A8F
[1173] [M]: 0x0000000080001240 (0x5A8F0F13) addi t5, t5, 1448
x30 <- 0x00000000000005A8
mem[X,0x0000000080001244] -> 0x1F13
mem[X,0x0000000080001246] -> 0x00BF
[1174] [M]: 0x0000000080001244 (0x00BF1F13) slli t5, t5, 11
x30 <- 0x00000000002D4000
mem[X,0x0000000080001248] -> 0x0F13
mem[X,0x000000008000124A] -> 0x13CF
[1175] [M]: 0x0000000080001248 (0x13CF0F13) addi t5, t5, 316
x30 <- 0x00000000002D413C
mem[X,0x000000008000124C] -> 0x1F13
mem[X,0x000000008000124E] -> 0x00AF
[1176] [M]: 0x000000008000124C (0x00AF1F13) slli t5, t5, 10
x30 <- 0x00000000B504F000
mem[X,0x0000000080001250] -> 0x0F13
mem[X,0x0000000080001252] -> 0x334F
[1177] [M]: 0x0000000080001250 (0x334F0F13) addi t5, t5, 820
x30 <- 0x00000000B504F334
mem[X,0x0000000080001254] -> 0xC933
mem[X,0x0000000080001256] -> 0x03EF
[1178] [M]: 0x0000000080001254 (0x03EFC933) div s2, t6, t5
x18 <- 0x0000000000000000
mem[X,0x0000000080001258] -> 0x3C23
mem[X,0x000000008000125A] -> 0x0925
[1179] [M]: 0x0000000080001258 (0x09253C23) sd s2, 152(a0)
mem[0x000000008000D350] <- 0x0000000000000000
mem[X,0x000000008000125C] -> 0x0F93
mem[X,0x000000008000125E] -> 0xFFD0
[1180] [M]: 0x000000008000125C (0xFFD00F93) addi t6, zero, 4093
x31 <- 0xFFFFFFFFFFFFFFFD
mem[X,0x0000000080001260] -> 0x0F37
mem[X,0x0000000080001262] -> 0x0000
[1181] [M]: 0x0000000080001260 (0x00000F37) lui t5, 0
x30 <- 0x0000000000000000
mem[X,0x0000000080001264] -> 0x0F13
mem[X,0x0000000080001266] -> 0x000F
[1182] [M]: 0x0000000080001264 (0x000F0F13) addi t5, t5, 0
x30 <- 0x0000000000000000
mem[X,0x0000000080001268] -> 0x1F13
mem[X,0x000000008000126A] -> 0x00BF
[1183] [M]: 0x0000000080001268 (0x00BF1F13) slli t5, t5, 11
x30 <- 0x0000000000000000
mem[X,0x000000008000126C] -> 0x0F13
mem[X,0x000000008000126E] -> 0x5A8F
[1184] [M]: 0x000000008000126C (0x5A8F0F13) addi t5, t5, 1448
x30 <- 0x00000000000005A8
mem[X,0x0000000080001270] -> 0x1F13
mem[X,0x0000000080001272] -> 0x00BF
[1185] [M]: 0x0000000080001270 (0x00BF1F13) slli t5, t5, 11
x30 <- 0x00000000002D4000
mem[X,0x0000000080001274] -> 0x0F13
mem[X,0x0000000080001276] -> 0x13CF
[1186] [M]: 0x0000000080001274 (0x13CF0F13) addi t5, t5, 316
x30 <- 0x00000000002D413C
mem[X,0x0000000080001278] -> 0x1F13
mem[X,0x000000008000127A] -> 0x00AF
[1187] [M]: 0x0000000080001278 (0x00AF1F13) slli t5, t5, 10
x30 <- 0x00000000B504F000
mem[X,0x000000008000127C] -> 0x0F13
mem[X,0x000000008000127E] -> 0x334F
[1188] [M]: 0x000000008000127C (0x334F0F13) addi t5, t5, 820
x30 <- 0x00000000B504F334
mem[X,0x0000000080001280] -> 0xC8B3
mem[X,0x0000000080001282] -> 0x03EF
[1189] [M]: 0x0000000080001280 (0x03EFC8B3) div a7, t6, t5
x17 <- 0x0000000000000000
mem[X,0x0000000080001284] -> 0x3023
mem[X,0x0000000080001286] -> 0x0B15
[1190] [M]: 0x0000000080001284 (0x0B153023) sd a7, 160(a0)
mem[0x000000008000D358] <- 0x0000000000000000
mem[X,0x0000000080001288] -> 0x0F93
mem[X,0x000000008000128A] -> 0xFFB0
[1191] [M]: 0x0000000080001288 (0xFFB00F93) addi t6, zero, 4091
x31 <- 0xFFFFFFFFFFFFFFFB
mem[X,0x000000008000128C] -> 0x0F37
mem[X,0x000000008000128E] -> 0x0000
[1192] [M]: 0x000000008000128C (0x00000F37) lui t5, 0
x30 <- 0x0000000000000000
mem[X,0x0000000080001290] -> 0x0F13
mem[X,0x0000000080001292] -> 0x000F
[1193] [M]: 0x0000000080001290 (0x000F0F13) addi t5, t5, 0
x30 <- 0x0000000000000000
mem[X,0x0000000080001294] -> 0x1F13
mem[X,0x0000000080001296] -> 0x00BF
[1194] [M]: 0x0000000080001294 (0x00BF1F13) slli t5, t5, 11
x30 <- 0x0000000000000000
mem[X,0x0000000080001298] -> 0x0F13
mem[X,0x000000008000129A] -> 0x5A8F
[1195] [M]: 0x0000000080001298 (0x5A8F0F13) addi t5, t5, 1448
x30 <- 0x00000000000005A8
mem[X,0x000000008000129C] -> 0x1F13
mem[X,0x000000008000129E] -> 0x00BF
[1196] [M]: 0x000000008000129C (0x00BF1F13) slli t5, t5, 11
x30 <- 0x00000000002D4000
mem[X,0x00000000800012A0] -> 0x0F13
mem[X,0x00000000800012A2] -> 0x13CF
[1197] [M]: 0x00000000800012A0 (0x13CF0F13) addi t5, t5, 316
x30 <- 0x00000000002D413C
mem[X,0x00000000800012A4] -> 0x1F13
mem[X,0x00000000800012A6] -> 0x00AF
[1198] [M]: 0x00000000800012A4 (0x00AF1F13) slli t5, t5, 10
x30 <- 0x00000000B504F000
mem[X,0x00000000800012A8] -> 0x0F13
mem[X,0x00000000800012AA] -> 0x334F
[1199] [M]: 0x00000000800012A8 (0x334F0F13) addi t5, t5, 820
x30 <- 0x00000000B504F334
clint::tick mtime <- 0x000000000000000C
 clint timer pending at mtime 0x000000000000000C
htif::tick 0x0000000000000000
mem[X,0x00000000800012AC] -> 0xC833
mem[X,0x00000000800012AE] -> 0x03EF
[1200] [M]: 0x00000000800012AC (0x03EFC833) div a6, t6, t5
x16 <- 0x0000000000000000
mem[X,0x00000000800012B0] -> 0x3423
mem[X,0x00000000800012B2] -> 0x0B05
[1201] [M]: 0x00000000800012B0 (0x0B053423) sd a6, 168(a0)
mem[0x000000008000D360] <- 0x0000000000000000
mem[X,0x00000000800012B4] -> 0x0F93
mem[X,0x00000000800012B6] -> 0xFF70
[1202] [M]: 0x00000000800012B4 (0xFF700F93) addi t6, zero, 4087
x31 <- 0xFFFFFFFFFFFFFFF7
mem[X,0x00000000800012B8] -> 0x0F37
mem[X,0x00000000800012BA] -> 0x0000
[1203] [M]: 0x00000000800012B8 (0x00000F37) lui t5, 0
x30 <- 0x0000000000000000
mem[X,0x00000000800012BC] -> 0x0F13
mem[X,0x00000000800012BE] -> 0x000F
[1204] [M]: 0x00000000800012BC (0x000F0F13) addi t5, t5, 0
x30 <- 0x0000000000000000
mem[X,0x00000000800012C0] -> 0x1F13
mem[X,0x00000000800012C2] -> 0x00BF
[1205] [M]: 0x00000000800012C0 (0x00BF1F13) slli t5, t5, 11
x30 <- 0x0000000000000000
mem[X,0x00000000800012C4] -> 0x0F13
mem[X,0x00000000800012C6] -> 0x5A8F
[1206] [M]: 0x00000000800012C4 (0x5A8F0F13) addi t5, t5, 1448
x30 <- 0x00000000000005A8
mem[X,0x00000000800012C8] -> 0x1F13
mem[X,0x00000000800012CA] -> 0x00BF
[1207] [M]: 0x00000000800012C8 (0x00BF1F13) slli t5, t5, 11
x30 <- 0x00000000002D4000
mem[X,0x00000000800012CC] -> 0x0F13
mem[X,0x00000000800012CE] -> 0x13CF
[1208] [M]: 0x00000000800012CC (0x13CF0F13) addi t5, t5, 316
x30 <- 0x00000000002D413C
mem[X,0x00000000800012D0] -> 0x1F13
mem[X,0x00000000800012D2] -> 0x00AF
[1209] [M]: 0x00000000800012D0 (0x00AF1F13) slli t5, t5, 10
x30 <- 0x00000000B504F000
mem[X,0x00000000800012D4] -> 0x0F13
mem[X,0x00000000800012D6] -> 0x334F
[1210] [M]: 0x00000000800012D4 (0x334F0F13) addi t5, t5, 820
x30 <- 0x00000000B504F334
mem[X,0x00000000800012D8] -> 0xC7B3
mem[X,0x00000000800012DA] -> 0x03EF
[1211] [M]: 0x00000000800012D8 (0x03EFC7B3) div a5, t6, t5
x15 <- 0x0000000000000000
mem[X,0x00000000800012DC] -> 0x3823
mem[X,0x00000000800012DE] -> 0x0AF5
[1212] [M]: 0x00000000800012DC (0x0AF53823) sd a5, 176(a0)
mem[0x000000008000D368] <- 0x0000000000000000
mem[X,0x00000000800012E0] -> 0x0F93
mem[X,0x00000000800012E2] -> 0xFEF0
[1213] [M]: 0x00000000800012E0 (0xFEF00F93) addi t6, zero, 4079
x31 <- 0xFFFFFFFFFFFFFFEF
mem[X,0x00000000800012E4] -> 0x0F37
mem[X,0x00000000800012E6] -> 0x0000
[1214] [M]: 0x00000000800012E4 (0x00000F37) lui t5, 0
x30 <- 0x0000000000000000
mem[X,0x00000000800012E8] -> 0x0F13
mem[X,0x00000000800012EA] -> 0x000F
[1215] [M]: 0x00000000800012E8 (0x000F0F13) addi t5, t5, 0
x30 <- 0x0000000000000000
mem[X,0x00000000800012EC] -> 0x1F13
mem[X,0x00000000800012EE] -> 0x00BF
[1216] [M]: 0x00000000800012EC (0x00BF1F13) slli t5, t5, 11
x30 <- 0x0000000000000000
mem[X,0x00000000800012F0] -> 0x0F13
mem[X,0x00000000800012F2] -> 0x5A8F
[1217] [M]: 0x00000000800012F0 (0x5A8F0F13) addi t5, t5, 1448
x30 <- 0x00000000000005A8
mem[X,0x00000000800012F4] -> 0x1F13
mem[X,0x00000000800012F6] -> 0x00BF
[1218] [M]: 0x00000000800012F4 (0x00BF1F13) slli t5, t5, 11
x30 <- 0x00000000002D4000
mem[X,0x00000000800012F8] -> 0x0F13
mem[X,0x00000000800012FA] -> 0x13CF
[1219] [M]: 0x00000000800012F8 (0x13CF0F13) addi t5, t5, 316
x30 <- 0x00000000002D413C
mem[X,0x00000000800012FC] -> 0x1F13
mem[X,0x00000000800012FE] -> 0x00AF
[1220] [M]: 0x00000000800012FC (0x00AF1F13) slli t5, t5, 10
x30 <- 0x00000000B504F000
mem[X,0x0000000080001300] -> 0x0F13
mem[X,0x0000000080001302] -> 0x334F
[1221] [M]: 0x0000000080001300 (0x334F0F13) addi t5, t5, 820
x30 <- 0x00000000B504F334
mem[X,0x0000000080001304] -> 0xC733
mem[X,0x0000000080001306] -> 0x03EF
[1222] [M]: 0x0000000080001304 (0x03EFC733) div a4, t6, t5
x14 <- 0x0000000000000000
mem[X,0x0000000080001308] -> 0x3C23
mem[X,0x000000008000130A] -> 0x0AE5
[1223] [M]: 0x0000000080001308 (0x0AE53C23) sd a4, 184(a0)
mem[0x000000008000D370] <- 0x0000000000000000
mem[X,0x000000008000130C] -> 0x0F93
mem[X,0x000000008000130E] -> 0xFDF0
[1224] [M]: 0x000000008000130C (0xFDF00F93) addi t6, zero, 4063
x31 <- 0xFFFFFFFFFFFFFFDF
mem[X,0x0000000080001310] -> 0x0F37
mem[X,0x0000000080001312] -> 0x0000
[1225] [M]: 0x0000000080001310 (0x00000F37) lui t5, 0
x30 <- 0x0000000000000000
mem[X,0x0000000080001314] -> 0x0F13
mem[X,0x0000000080001316] -> 0x000F
[1226] [M]: 0x0000000080001314 (0x000F0F13) addi t5, t5, 0
x30 <- 0x0000000000000000
mem[X,0x0000000080001318] -> 0x1F13
mem[X,0x000000008000131A] -> 0x00BF
[1227] [M]: 0x0000000080001318 (0x00BF1F13) slli t5, t5, 11
x30 <- 0x0000000000000000
mem[X,0x000000008000131C] -> 0x0F13
mem[X,0x000000008000131E] -> 0x5A8F
[1228] [M]: 0x000000008000131C (0x5A8F0F13) addi t5, t5, 1448
x30 <- 0x00000000000005A8
mem[X,0x0000000080001320] -> 0x1F13
mem[X,0x0000000080001322] -> 0x00BF
[1229] [M]: 0x0000000080001320 (0x00BF1F13) slli t5, t5, 11
x30 <- 0x00000000002D4000
mem[X,0x0000000080001324] -> 0x0F13
mem[X,0x0000000080001326] -> 0x13CF
[1230] [M]: 0x0000000080001324 (0x13CF0F13) addi t5, t5, 316
x30 <- 0x00000000002D413C
mem[X,0x0000000080001328] -> 0x1F13
mem[X,0x000000008000132A] -> 0x00AF
[1231] [M]: 0x0000000080001328 (0x00AF1F13) slli t5, t5, 10
x30 <- 0x00000000B504F000
mem[X,0x000000008000132C] -> 0x0F13
mem[X,0x000000008000132E] -> 0x334F
[1232] [M]: 0x000000008000132C (0x334F0F13) addi t5, t5, 820
x30 <- 0x00000000B504F334
mem[X,0x0000000080001330] -> 0xC6B3
mem[X,0x0000000080001332] -> 0x03EF
[1233] [M]: 0x0000000080001330 (0x03EFC6B3) div a3, t6, t5
x13 <- 0x0000000000000000
mem[X,0x0000000080001334] -> 0x3023
mem[X,0x0000000080001336] -> 0x0CD5
[1234] [M]: 0x0000000080001334 (0x0CD53023) sd a3, 192(a0)
mem[0x000000008000D378] <- 0x0000000000000000
mem[X,0x0000000080001338] -> 0x0013
mem[X,0x000000008000133A] -> 0x0000
[1235] [M]: 0x0000000080001338 (0x00000013) addi zero, zero, 0
mem[X,0x000000008000133C] -> 0x0013
mem[X,0x000000008000133E] -> 0x0000
[1236] [M]: 0x000000008000133C (0x00000013) addi zero, zero, 0
mem[X,0x0000000080001340] -> 0xC697
mem[X,0x0000000080001342] -> 0x0000
[1237] [M]: 0x0000000080001340 (0x0000C697) auipc a3, 12
x13 <- 0x000000008000D340
mem[X,0x0000000080001344] -> 0x8693
mem[X,0x0000000080001346] -> 0x0406
[1238] [M]: 0x0000000080001344 (0x04068693) addi a3, a3, 64
x13 <- 0x000000008000D380
mem[X,0x0000000080001348] -> 0x0013
mem[X,0x000000008000134A] -> 0x0000
[1239] [M]: 0x0000000080001348 (0x00000013) addi zero, zero, 0
mem[X,0x000000008000134C] -> 0x0013
mem[X,0x000000008000134E] -> 0x0000
[1240] [M]: 0x000000008000134C (0x00000013) addi zero, zero, 0
mem[X,0x0000000080001350] -> 0x0013
mem[X,0x0000000080001352] -> 0x0000
[1241] [M]: 0x0000000080001350 (0x00000013) addi zero, zero, 0
mem[X,0x0000000080001354] -> 0x0013
mem[X,0x0000000080001356] -> 0x0000
[1242] [M]: 0x0000000080001354 (0x00000013) addi zero, zero, 0
mem[X,0x0000000080001358] -> 0x0013
mem[X,0x000000008000135A] -> 0x0000
[1243] [M]: 0x0000000080001358 (0x00000013) addi zero, zero, 0
mem[X,0x000000008000135C] -> 0x0013
mem[X,0x000000008000135E] -> 0x0000
[1244] [M]: 0x000000008000135C (0x00000013) addi zero, zero, 0
mem[X,0x0000000080001360] -> 0x0F93
mem[X,0x0000000080001362] -> 0xFBF0
[1245] [M]: 0x0000000080001360 (0xFBF00F93) addi t6, zero, 4031
x31 <- 0xFFFFFFFFFFFFFFBF
mem[X,0x0000000080001364] -> 0x0F37
mem[X,0x0000000080001366] -> 0x0000
[1246] [M]: 0x0000000080001364 (0x00000F37) lui t5, 0
x30 <- 0x0000000000000000
mem[X,0x0000000080001368] -> 0x0F13
mem[X,0x000000008000136A] -> 0x000F
[1247] [M]: 0x0000000080001368 (0x000F0F13) addi t5, t5, 0
x30 <- 0x0000000000000000
mem[X,0x000000008000136C] -> 0x1F13
mem[X,0x000000008000136E] -> 0x00BF
[1248] [M]: 0x000000008000136C (0x00BF1F13) slli t5, t5, 11
x30 <- 0x0000000000000000
mem[X,0x0000000080001370] -> 0x0F13
mem[X,0x0000000080001372] -> 0x5A8F
[1249] [M]: 0x0000000080001370 (0x5A8F0F13) addi t5, t5, 1448
x30 <- 0x00000000000005A8
mem[X,0x0000000080001374] -> 0x1F13
mem[X,0x0000000080001376] -> 0x00BF
[1250] [M]: 0x0000000080001374 (0x00BF1F13) slli t5, t5, 11
x30 <- 0x00000000002D4000
mem[X,0x0000000080001378] -> 0x0F13
mem[X,0x000000008000137A] -> 0x13CF
[1251] [M]: 0x0000000080001378 (0x13CF0F13) addi t5, t5, 316
x30 <- 0x00000000002D413C
mem[X,0x000000008000137C] -> 0x1F13
mem[X,0x000000008000137E] -> 0x00AF
[1252] [M]: 0x000000008000137C (0x00AF1F13) slli t5, t5, 10
x30 <- 0x00000000B504F000
mem[X,0x0000000080001380] -> 0x0F13
mem[X,0x0000000080001382] -> 0x334F
[1253] [M]: 0x0000000080001380 (0x334F0F13) addi t5, t5, 820
x30 <- 0x00000000B504F334
mem[X,0x0000000080001384] -> 0xC633
mem[X,0x0000000080001386] -> 0x03EF
[1254] [M]: 0x0000000080001384 (0x03EFC633) div a2, t6, t5
x12 <- 0x0000000000000000
mem[X,0x0000000080001388] -> 0xB023
mem[X,0x000000008000138A] -> 0x00C6
[1255] [M]: 0x0000000080001388 (0x00C6B023) sd a2, 0(a3)
mem[0x000000008000D380] <- 0x0000000000000000
mem[X,0x000000008000138C] -> 0x0F93
mem[X,0x000000008000138E] -> 0xF7F0
[1256] [M]: 0x000000008000138C (0xF7F00F93) addi t6, zero, 3967
x31 <- 0xFFFFFFFFFFFFFF7F
mem[X,0x0000000080001390] -> 0x0F37
mem[X,0x0000000080001392] -> 0x0000
[1257] [M]: 0x0000000080001390 (0x00000F37) lui t5, 0
x30 <- 0x0000000000000000
mem[X,0x0000000080001394] -> 0x0F13
mem[X,0x0000000080001396] -> 0x000F
[1258] [M]: 0x0000000080001394 (0x000F0F13) addi t5, t5, 0
x30 <- 0x0000000000000000
mem[X,0x0000000080001398] -> 0x1F13
mem[X,0x000000008000139A] -> 0x00BF
[1259] [M]: 0x0000000080001398 (0x00BF1F13) slli t5, t5, 11
x30 <- 0x0000000000000000
mem[X,0x000000008000139C] -> 0x0F13
mem[X,0x000000008000139E] -> 0x5A8F
[1260] [M]: 0x000000008000139C (0x5A8F0F13) addi t5, t5, 1448
x30 <- 0x00000000000005A8
mem[X,0x00000000800013A0] -> 0x1F13
mem[X,0x00000000800013A2] -> 0x00BF
[1261] [M]: 0x00000000800013A0 (0x00BF1F13) slli t5, t5, 11
x30 <- 0x00000000002D4000
mem[X,0x00000000800013A4] -> 0x0F13
mem[X,0x00000000800013A6] -> 0x13CF
[1262] [M]: 0x00000000800013A4 (0x13CF0F13) addi t5, t5, 316
x30 <- 0x00000000002D413C
mem[X,0x00000000800013A8] -> 0x1F13
mem[X,0x00000000800013AA] -> 0x00AF
[1263] [M]: 0x00000000800013A8 (0x00AF1F13) slli t5, t5, 10
x30 <- 0x00000000B504F000
mem[X,0x00000000800013AC] -> 0x0F13
mem[X,0x00000000800013AE] -> 0x334F
[1264] [M]: 0x00000000800013AC (0x334F0F13) addi t5, t5, 820
x30 <- 0x00000000B504F334
mem[X,0x00000000800013B0] -> 0xC5B3
mem[X,0x00000000800013B2] -> 0x03EF
[1265] [M]: 0x00000000800013B0 (0x03EFC5B3) div a1, t6, t5
x11 <- 0x0000000000000000
mem[X,0x00000000800013B4] -> 0xB423
mem[X,0x00000000800013B6] -> 0x00B6
[1266] [M]: 0x00000000800013B4 (0x00B6B423) sd a1, 8(a3)
mem[0x000000008000D388] <- 0x0000000000000000
mem[X,0x00000000800013B8] -> 0x0F93
mem[X,0x00000000800013BA] -> 0xEFF0
[1267] [M]: 0x00000000800013B8 (0xEFF00F93) addi t6, zero, 3839
x31 <- 0xFFFFFFFFFFFFFEFF
mem[X,0x00000000800013BC] -> 0x0F37
mem[X,0x00000000800013BE] -> 0x0000
[1268] [M]: 0x00000000800013BC (0x00000F37) lui t5, 0
x30 <- 0x0000000000000000
mem[X,0x00000000800013C0] -> 0x0F13
mem[X,0x00000000800013C2] -> 0x000F
[1269] [M]: 0x00000000800013C0 (0x000F0F13) addi t5, t5, 0
x30 <- 0x0000000000000000
mem[X,0x00000000800013C4] -> 0x1F13
mem[X,0x00000000800013C6] -> 0x00BF
[1270] [M]: 0x00000000800013C4 (0x00BF1F13) slli t5, t5, 11
x30 <- 0x0000000000000000
mem[X,0x00000000800013C8] -> 0x0F13
mem[X,0x00000000800013CA] -> 0x5A8F
[1271] [M]: 0x00000000800013C8 (0x5A8F0F13) addi t5, t5, 1448
x30 <- 0x00000000000005A8
mem[X,0x00000000800013CC] -> 0x1F13
mem[X,0x00000000800013CE] -> 0x00BF
[1272] [M]: 0x00000000800013CC (0x00BF1F13) slli t5, t5, 11
x30 <- 0x00000000002D4000
mem[X,0x00000000800013D0] -> 0x0F13
mem[X,0x00000000800013D2] -> 0x13CF
[1273] [M]: 0x00000000800013D0 (0x13CF0F13) addi t5, t5, 316
x30 <- 0x00000000002D413C
mem[X,0x00000000800013D4] -> 0x1F13
mem[X,0x00000000800013D6] -> 0x00AF
[1274] [M]: 0x00000000800013D4 (0x00AF1F13) slli t5, t5, 10
x30 <- 0x00000000B504F000
mem[X,0x00000000800013D8] -> 0x0F13
mem[X,0x00000000800013DA] -> 0x334F
[1275] [M]: 0x00000000800013D8 (0x334F0F13) addi t5, t5, 820
x30 <- 0x00000000B504F334
mem[X,0x00000000800013DC] -> 0xC533
mem[X,0x00000000800013DE] -> 0x03EF
[1276] [M]: 0x00000000800013DC (0x03EFC533) div a0, t6, t5
x10 <- 0x0000000000000000
mem[X,0x00000000800013E0] -> 0xB823
mem[X,0x00000000800013E2] -> 0x00A6
[1277] [M]: 0x00000000800013E0 (0x00A6B823) sd a0, 16(a3)
mem[0x000000008000D390] <- 0x0000000000000000
mem[X,0x00000000800013E4] -> 0x0F93
mem[X,0x00000000800013E6] -> 0xDFF0
[1278] [M]: 0x00000000800013E4 (0xDFF00F93) addi t6, zero, 3583
x31 <- 0xFFFFFFFFFFFFFDFF
mem[X,0x00000000800013E8] -> 0x0F37
mem[X,0x00000000800013EA] -> 0x0000
[1279] [M]: 0x00000000800013E8 (0x00000F37) lui t5, 0
x30 <- 0x0000000000000000
mem[X,0x00000000800013EC] -> 0x0F13
mem[X,0x00000000800013EE] -> 0x000F
[1280] [M]: 0x00000000800013EC (0x000F0F13) addi t5, t5, 0
x30 <- 0x0000000000000000
mem[X,0x00000000800013F0] -> 0x1F13
mem[X,0x00000000800013F2] -> 0x00BF
[1281] [M]: 0x00000000800013F0 (0x00BF1F13) slli t5, t5, 11
x30 <- 0x0000000000000000
mem[X,0x00000000800013F4] -> 0x0F13
mem[X,0x00000000800013F6] -> 0x5A8F
[1282] [M]: 0x00000000800013F4 (0x5A8F0F13) addi t5, t5, 1448
x30 <- 0x00000000000005A8
mem[X,0x00000000800013F8] -> 0x1F13
mem[X,0x00000000800013FA] -> 0x00BF
[1283] [M]: 0x00000000800013F8 (0x00BF1F13) slli t5, t5, 11
x30 <- 0x00000000002D4000
mem[X,0x00000000800013FC] -> 0x0F13
mem[X,0x00000000800013FE] -> 0x13CF
[1284] [M]: 0x00000000800013FC (0x13CF0F13) addi t5, t5, 316
x30 <- 0x00000000002D413C
mem[X,0x0000000080001400] -> 0x1F13
mem[X,0x0000000080001402] -> 0x00AF
[1285] [M]: 0x0000000080001400 (0x00AF1F13) slli t5, t5, 10
x30 <- 0x00000000B504F000
mem[X,0x0000000080001404] -> 0x0F13
mem[X,0x0000000080001406] -> 0x334F
[1286] [M]: 0x0000000080001404 (0x334F0F13) addi t5, t5, 820
x30 <- 0x00000000B504F334
mem[X,0x0000000080001408] -> 0xC4B3
mem[X,0x000000008000140A] -> 0x03EF
[1287] [M]: 0x0000000080001408 (0x03EFC4B3) div s1, t6, t5
x9 <- 0x0000000000000000
mem[X,0x000000008000140C] -> 0xBC23
mem[X,0x000000008000140E] -> 0x0096
[1288] [M]: 0x000000008000140C (0x0096BC23) sd s1, 24(a3)
mem[0x000000008000D398] <- 0x0000000000000000
mem[X,0x0000000080001410] -> 0x0F93
mem[X,0x0000000080001412] -> 0xBFF0
[1289] [M]: 0x0000000080001410 (0xBFF00F93) addi t6, zero, 3071
x31 <- 0xFFFFFFFFFFFFFBFF
mem[X,0x0000000080001414] -> 0x0F37
mem[X,0x0000000080001416] -> 0x0000
[1290] [M]: 0x0000000080001414 (0x00000F37) lui t5, 0
x30 <- 0x0000000000000000
mem[X,0x0000000080001418] -> 0x0F13
mem[X,0x000000008000141A] -> 0x000F
[1291] [M]: 0x0000000080001418 (0x000F0F13) addi t5, t5, 0
x30 <- 0x0000000000000000
mem[X,0x000000008000141C] -> 0x1F13
mem[X,0x000000008000141E] -> 0x00BF
[1292] [M]: 0x000000008000141C (0x00BF1F13) slli t5, t5, 11
x30 <- 0x0000000000000000
mem[X,0x0000000080001420] -> 0x0F13
mem[X,0x0000000080001422] -> 0x5A8F
[1293] [M]: 0x0000000080001420 (0x5A8F0F13) addi t5, t5, 1448
x30 <- 0x00000000000005A8
mem[X,0x0000000080001424] -> 0x1F13
mem[X,0x0000000080001426] -> 0x00BF
[1294] [M]: 0x0000000080001424 (0x00BF1F13) slli t5, t5, 11
x30 <- 0x00000000002D4000
mem[X,0x0000000080001428] -> 0x0F13
mem[X,0x000000008000142A] -> 0x13CF
[1295] [M]: 0x0000000080001428 (0x13CF0F13) addi t5, t5, 316
x30 <- 0x00000000002D413C
mem[X,0x000000008000142C] -> 0x1F13
mem[X,0x000000008000142E] -> 0x00AF
[1296] [M]: 0x000000008000142C (0x00AF1F13) slli t5, t5, 10
x30 <- 0x00000000B504F000
mem[X,0x0000000080001430] -> 0x0F13
mem[X,0x0000000080001432] -> 0x334F
[1297] [M]: 0x0000000080001430 (0x334F0F13) addi t5, t5, 820
x30 <- 0x00000000B504F334
mem[X,0x0000000080001434] -> 0xC433
mem[X,0x0000000080001436] -> 0x03EF
[1298] [M]: 0x0000000080001434 (0x03EFC433) div fp, t6, t5
x8 <- 0x0000000000000000
mem[X,0x0000000080001438] -> 0xB023
mem[X,0x000000008000143A] -> 0x0286
[1299] [M]: 0x0000000080001438 (0x0286B023) sd fp, 32(a3)
mem[0x000000008000D3A0] <- 0x0000000000000000
clint::tick mtime <- 0x000000000000000D
 clint timer pending at mtime 0x000000000000000D
htif::tick 0x0000000000000000
mem[X,0x000000008000143C] -> 0x0F93
mem[X,0x000000008000143E] -> 0x0010
[1300] [M]: 0x000000008000143C (0x00100F93) addi t6, zero, 1
x31 <- 0x0000000000000001
mem[X,0x0000000080001440] -> 0x9F93
mem[X,0x0000000080001442] -> 0x00BF
[1301] [M]: 0x0000000080001440 (0x00BF9F93) slli t6, t6, 11
x31 <- 0x0000000000000800
mem[X,0x0000000080001444] -> 0xCF93
mem[X,0x0000000080001446] -> 0xFFFF
[1302] [M]: 0x0000000080001444 (0xFFFFCF93) xori t6, t6, 4095
x31 <- 0xFFFFFFFFFFFFF7FF
mem[X,0x0000000080001448] -> 0x0F37
mem[X,0x000000008000144A] -> 0x0000
[1303] [M]: 0x0000000080001448 (0x00000F37) lui t5, 0
x30 <- 0x0000000000000000
mem[X,0x000000008000144C] -> 0x0F13
mem[X,0x000000008000144E] -> 0x000F
[1304] [M]: 0x000000008000144C (0x000F0F13) addi t5, t5, 0
x30 <- 0x0000000000000000
mem[X,0x0000000080001450] -> 0x1F13
mem[X,0x0000000080001452] -> 0x00BF
[1305] [M]: 0x0000000080001450 (0x00BF1F13) slli t5, t5, 11
x30 <- 0x0000000000000000
mem[X,0x0000000080001454] -> 0x0F13
mem[X,0x0000000080001456] -> 0x5A8F
[1306] [M]: 0x0000000080001454 (0x5A8F0F13) addi t5, t5, 1448
x30 <- 0x00000000000005A8
mem[X,0x0000000080001458] -> 0x1F13
mem[X,0x000000008000145A] -> 0x00BF
[1307] [M]: 0x0000000080001458 (0x00BF1F13) slli t5, t5, 11
x30 <- 0x00000000002D4000
mem[X,0x000000008000145C] -> 0x0F13
mem[X,0x000000008000145E] -> 0x13CF
[1308] [M]: 0x000000008000145C (0x13CF0F13) addi t5, t5, 316
x30 <- 0x00000000002D413C
mem[X,0x0000000080001460] -> 0x1F13
mem[X,0x0000000080001462] -> 0x00AF
[1309] [M]: 0x0000000080001460 (0x00AF1F13) slli t5, t5, 10
x30 <- 0x00000000B504F000
mem[X,0x0000000080001464] -> 0x0F13
mem[X,0x0000000080001466] -> 0x334F
[1310] [M]: 0x0000000080001464 (0x334F0F13) addi t5, t5, 820
x30 <- 0x00000000B504F334
mem[X,0x0000000080001468] -> 0xC3B3
mem[X,0x000000008000146A] -> 0x03EF
[1311] [M]: 0x0000000080001468 (0x03EFC3B3) div t2, t6, t5
x7 <- 0x0000000000000000
mem[X,0x000000008000146C] -> 0xB423
mem[X,0x000000008000146E] -> 0x0276
[1312] [M]: 0x000000008000146C (0x0276B423) sd t2, 40(a3)
mem[0x000000008000D3A8] <- 0x0000000000000000
mem[X,0x0000000080001470] -> 0x0F93
mem[X,0x0000000080001472] -> 0x0010
[1313] [M]: 0x0000000080001470 (0x00100F93) addi t6, zero, 1
x31 <- 0x0000000000000001
mem[X,0x0000000080001474] -> 0x9F93
mem[X,0x0000000080001476] -> 0x00CF
[1314] [M]: 0x0000000080001474 (0x00CF9F93) slli t6, t6, 12
x31 <- 0x0000000000001000
mem[X,0x0000000080001478] -> 0xCF93
mem[X,0x000000008000147A] -> 0xFFFF
[1315] [M]: 0x0000000080001478 (0xFFFFCF93) xori t6, t6, 4095
x31 <- 0xFFFFFFFFFFFFEFFF
mem[X,0x000000008000147C] -> 0x0F37
mem[X,0x000000008000147E] -> 0x0000
[1316] [M]: 0x000000008000147C (0x00000F37) lui t5, 0
x30 <- 0x0000000000000000
mem[X,0x0000000080001480] -> 0x0F13
mem[X,0x0000000080001482] -> 0x000F
[1317] [M]: 0x0000000080001480 (0x000F0F13) addi t5, t5, 0
x30 <- 0x0000000000000000
mem[X,0x0000000080001484] -> 0x1F13
mem[X,0x0000000080001486] -> 0x00BF
[1318] [M]: 0x0000000080001484 (0x00BF1F13) slli t5, t5, 11
x30 <- 0x0000000000000000
mem[X,0x0000000080001488] -> 0x0F13
mem[X,0x000000008000148A] -> 0x5A8F
[1319] [M]: 0x0000000080001488 (0x5A8F0F13) addi t5, t5, 1448
x30 <- 0x00000000000005A8
mem[X,0x000000008000148C] -> 0x1F13
mem[X,0x000000008000148E] -> 0x00BF
[1320] [M]: 0x000000008000148C (0x00BF1F13) slli t5, t5, 11
x30 <- 0x00000000002D4000
mem[X,0x0000000080001490] -> 0x0F13
mem[X,0x0000000080001492] -> 0x13CF
[1321] [M]: 0x0000000080001490 (0x13CF0F13) addi t5, t5, 316
x30 <- 0x00000000002D413C
mem[X,0x0000000080001494] -> 0x1F13
mem[X,0x0000000080001496] -> 0x00AF
[1322] [M]: 0x0000000080001494 (0x00AF1F13) slli t5, t5, 10
x30 <- 0x00000000B504F000
mem[X,0x0000000080001498] -> 0x0F13
mem[X,0x000000008000149A] -> 0x334F
[1323] [M]: 0x0000000080001498 (0x334F0F13) addi t5, t5, 820
x30 <- 0x00000000B504F334
mem[X,0x000000008000149C] -> 0xC333
mem[X,0x000000008000149E] -> 0x03EF
[1324] [M]: 0x000000008000149C (0x03EFC333) div t1, t6, t5
x6 <- 0x0000000000000000
mem[X,0x00000000800014A0] -> 0xB823
mem[X,0x00000000800014A2] -> 0x0266
[1325] [M]: 0x00000000800014A0 (0x0266B823) sd t1, 48(a3)
mem[0x000000008000D3B0] <- 0x0000000000000000
mem[X,0x00000000800014A4] -> 0x0F93
mem[X,0x00000000800014A6] -> 0x0010
[1326] [M]: 0x00000000800014A4 (0x00100F93) addi t6, zero, 1
x31 <- 0x0000000000000001
mem[X,0x00000000800014A8] -> 0x9F93
mem[X,0x00000000800014AA] -> 0x00DF
[1327] [M]: 0x00000000800014A8 (0x00DF9F93) slli t6, t6, 13
x31 <- 0x0000000000002000
mem[X,0x00000000800014AC] -> 0xCF93
mem[X,0x00000000800014AE] -> 0xFFFF
[1328] [M]: 0x00000000800014AC (0xFFFFCF93) xori t6, t6, 4095
x31 <- 0xFFFFFFFFFFFFDFFF
mem[X,0x00000000800014B0] -> 0x0F37
mem[X,0x00000000800014B2] -> 0x0000
[1329] [M]: 0x00000000800014B0 (0x00000F37) lui t5, 0
x30 <- 0x0000000000000000
mem[X,0x00000000800014B4] -> 0x0F13
mem[X,0x00000000800014B6] -> 0x000F
[1330] [M]: 0x00000000800014B4 (0x000F0F13) addi t5, t5, 0
x30 <- 0x0000000000000000
mem[X,0x00000000800014B8] -> 0x1F13
mem[X,0x00000000800014BA] -> 0x00BF
[1331] [M]: 0x00000000800014B8 (0x00BF1F13) slli t5, t5, 11
x30 <- 0x0000000000000000
mem[X,0x00000000800014BC] -> 0x0F13
mem[X,0x00000000800014BE] -> 0x5A8F
[1332] [M]: 0x00000000800014BC (0x5A8F0F13) addi t5, t5, 1448
x30 <- 0x00000000000005A8
mem[X,0x00000000800014C0] -> 0x1F13
mem[X,0x00000000800014C2] -> 0x00BF
[1333] [M]: 0x00000000800014C0 (0x00BF1F13) slli t5, t5, 11
x30 <- 0x00000000002D4000
mem[X,0x00000000800014C4] -> 0x0F13
mem[X,0x00000000800014C6] -> 0x13CF
[1334] [M]: 0x00000000800014C4 (0x13CF0F13) addi t5, t5, 316
x30 <- 0x00000000002D413C
mem[X,0x00000000800014C8] -> 0x1F13
mem[X,0x00000000800014CA] -> 0x00AF
[1335] [M]: 0x00000000800014C8 (0x00AF1F13) slli t5, t5, 10
x30 <- 0x00000000B504F000
mem[X,0x00000000800014CC] -> 0x0F13
mem[X,0x00000000800014CE] -> 0x334F
[1336] [M]: 0x00000000800014CC (0x334F0F13) addi t5, t5, 820
x30 <- 0x00000000B504F334
mem[X,0x00000000800014D0] -> 0xC2B3
mem[X,0x00000000800014D2] -> 0x03EF
[1337] [M]: 0x00000000800014D0 (0x03EFC2B3) div t0, t6, t5
x5 <- 0x0000000000000000
mem[X,0x00000000800014D4] -> 0xBC23
mem[X,0x00000000800014D6] -> 0x0256
[1338] [M]: 0x00000000800014D4 (0x0256BC23) sd t0, 56(a3)
mem[0x000000008000D3B8] <- 0x0000000000000000
mem[X,0x00000000800014D8] -> 0x0F93
mem[X,0x00000000800014DA] -> 0x0010
[1339] [M]: 0x00000000800014D8 (0x00100F93) addi t6, zero, 1
x31 <- 0x0000000000000001
mem[X,0x00000000800014DC] -> 0x9F93
mem[X,0x00000000800014DE] -> 0x00EF
[1340] [M]: 0x00000000800014DC (0x00EF9F93) slli t6, t6, 14
x31 <- 0x0000000000004000
mem[X,0x00000000800014E0] -> 0xCF93
mem[X,0x00000000800014E2] -> 0xFFFF
[1341] [M]: 0x00000000800014E0 (0xFFFFCF93) xori t6, t6, 4095
x31 <- 0xFFFFFFFFFFFFBFFF
mem[X,0x00000000800014E4] -> 0x0F37
mem[X,0x00000000800014E6] -> 0x0000
[1342] [M]: 0x00000000800014E4 (0x00000F37) lui t5, 0
x30 <- 0x0000000000000000
mem[X,0x00000000800014E8] -> 0x0F13
mem[X,0x00000000800014EA] -> 0x000F
[1343] [M]: 0x00000000800014E8 (0x000F0F13) addi t5, t5, 0
x30 <- 0x0000000000000000
mem[X,0x00000000800014EC] -> 0x1F13
mem[X,0x00000000800014EE] -> 0x00BF
[1344] [M]: 0x00000000800014EC (0x00BF1F13) slli t5, t5, 11
x30 <- 0x0000000000000000
mem[X,0x00000000800014F0] -> 0x0F13
mem[X,0x00000000800014F2] -> 0x5A8F
[1345] [M]: 0x00000000800014F0 (0x5A8F0F13) addi t5, t5, 1448
x30 <- 0x00000000000005A8
mem[X,0x00000000800014F4] -> 0x1F13
mem[X,0x00000000800014F6] -> 0x00BF
[1346] [M]: 0x00000000800014F4 (0x00BF1F13) slli t5, t5, 11
x30 <- 0x00000000002D4000
mem[X,0x00000000800014F8] -> 0x0F13
mem[X,0x00000000800014FA] -> 0x13CF
[1347] [M]: 0x00000000800014F8 (0x13CF0F13) addi t5, t5, 316
x30 <- 0x00000000002D413C
mem[X,0x00000000800014FC] -> 0x1F13
mem[X,0x00000000800014FE] -> 0x00AF
[1348] [M]: 0x00000000800014FC (0x00AF1F13) slli t5, t5, 10
x30 <- 0x00000000B504F000
mem[X,0x0000000080001500] -> 0x0F13
mem[X,0x0000000080001502] -> 0x334F
[1349] [M]: 0x0000000080001500 (0x334F0F13) addi t5, t5, 820
x30 <- 0x00000000B504F334
mem[X,0x0000000080001504] -> 0xC233
mem[X,0x0000000080001506] -> 0x03EF
[1350] [M]: 0x0000000080001504 (0x03EFC233) div tp, t6, t5
x4 <- 0x0000000000000000
mem[X,0x0000000080001508] -> 0xB023
mem[X,0x000000008000150A] -> 0x0446
[1351] [M]: 0x0000000080001508 (0x0446B023) sd tp, 64(a3)
mem[0x000000008000D3C0] <- 0x0000000000000000
mem[X,0x000000008000150C] -> 0x0F93
mem[X,0x000000008000150E] -> 0x0010
[1352] [M]: 0x000000008000150C (0x00100F93) addi t6, zero, 1
x31 <- 0x0000000000000001
mem[X,0x0000000080001510] -> 0x9F93
mem[X,0x0000000080001512] -> 0x00FF
[1353] [M]: 0x0000000080001510 (0x00FF9F93) slli t6, t6, 15
x31 <- 0x0000000000008000
mem[X,0x0000000080001514] -> 0xCF93
mem[X,0x0000000080001516] -> 0xFFFF
[1354] [M]: 0x0000000080001514 (0xFFFFCF93) xori t6, t6, 4095
x31 <- 0xFFFFFFFFFFFF7FFF
mem[X,0x0000000080001518] -> 0x0F37
mem[X,0x000000008000151A] -> 0x0000
[1355] [M]: 0x0000000080001518 (0x00000F37) lui t5, 0
x30 <- 0x0000000000000000
mem[X,0x000000008000151C] -> 0x0F13
mem[X,0x000000008000151E] -> 0x000F
[1356] [M]: 0x000000008000151C (0x000F0F13) addi t5, t5, 0
x30 <- 0x0000000000000000
mem[X,0x0000000080001520] -> 0x1F13
mem[X,0x0000000080001522] -> 0x00BF
[1357] [M]: 0x0000000080001520 (0x00BF1F13) slli t5, t5, 11
x30 <- 0x0000000000000000
mem[X,0x0000000080001524] -> 0x0F13
mem[X,0x0000000080001526] -> 0x5A8F
[1358] [M]: 0x0000000080001524 (0x5A8F0F13) addi t5, t5, 1448
x30 <- 0x00000000000005A8
mem[X,0x0000000080001528] -> 0x1F13
mem[X,0x000000008000152A] -> 0x00BF
[1359] [M]: 0x0000000080001528 (0x00BF1F13) slli t5, t5, 11
x30 <- 0x00000000002D4000
mem[X,0x000000008000152C] -> 0x0F13
mem[X,0x000000008000152E] -> 0x13CF
[1360] [M]: 0x000000008000152C (0x13CF0F13) addi t5, t5, 316
x30 <- 0x00000000002D413C
mem[X,0x0000000080001530] -> 0x1F13
mem[X,0x0000000080001532] -> 0x00AF
[1361] [M]: 0x0000000080001530 (0x00AF1F13) slli t5, t5, 10
x30 <- 0x00000000B504F000
mem[X,0x0000000080001534] -> 0x0F13
mem[X,0x0000000080001536] -> 0x334F
[1362] [M]: 0x0000000080001534 (0x334F0F13) addi t5, t5, 820
x30 <- 0x00000000B504F334
mem[X,0x0000000080001538] -> 0xC1B3
mem[X,0x000000008000153A] -> 0x03EF
[1363] [M]: 0x0000000080001538 (0x03EFC1B3) div gp, t6, t5
x3 <- 0x0000000000000000
mem[X,0x000000008000153C] -> 0xB423
mem[X,0x000000008000153E] -> 0x0436
[1364] [M]: 0x000000008000153C (0x0436B423) sd gp, 72(a3)
mem[0x000000008000D3C8] <- 0x0000000000000000
mem[X,0x0000000080001540] -> 0x0F93
mem[X,0x0000000080001542] -> 0x0010
[1365] [M]: 0x0000000080001540 (0x00100F93) addi t6, zero, 1
x31 <- 0x0000000000000001
mem[X,0x0000000080001544] -> 0x9F93
mem[X,0x0000000080001546] -> 0x010F
[1366] [M]: 0x0000000080001544 (0x010F9F93) slli t6, t6, 16
x31 <- 0x0000000000010000
mem[X,0x0000000080001548] -> 0xCF93
mem[X,0x000000008000154A] -> 0xFFFF
[1367] [M]: 0x0000000080001548 (0xFFFFCF93) xori t6, t6, 4095
x31 <- 0xFFFFFFFFFFFEFFFF
mem[X,0x000000008000154C] -> 0x0F37
mem[X,0x000000008000154E] -> 0x0000
[1368] [M]: 0x000000008000154C (0x00000F37) lui t5, 0
x30 <- 0x0000000000000000
mem[X,0x0000000080001550] -> 0x0F13
mem[X,0x0000000080001552] -> 0x000F
[1369] [M]: 0x0000000080001550 (0x000F0F13) addi t5, t5, 0
x30 <- 0x0000000000000000
mem[X,0x0000000080001554] -> 0x1F13
mem[X,0x0000000080001556] -> 0x00BF
[1370] [M]: 0x0000000080001554 (0x00BF1F13) slli t5, t5, 11
x30 <- 0x0000000000000000
mem[X,0x0000000080001558] -> 0x0F13
mem[X,0x000000008000155A] -> 0x5A8F
[1371] [M]: 0x0000000080001558 (0x5A8F0F13) addi t5, t5, 1448
x30 <- 0x00000000000005A8
mem[X,0x000000008000155C] -> 0x1F13
mem[X,0x000000008000155E] -> 0x00BF
[1372] [M]: 0x000000008000155C (0x00BF1F13) slli t5, t5, 11
x30 <- 0x00000000002D4000
mem[X,0x0000000080001560] -> 0x0F13
mem[X,0x0000000080001562] -> 0x13CF
[1373] [M]: 0x0000000080001560 (0x13CF0F13) addi t5, t5, 316
x30 <- 0x00000000002D413C
mem[X,0x0000000080001564] -> 0x1F13
mem[X,0x0000000080001566] -> 0x00AF
[1374] [M]: 0x0000000080001564 (0x00AF1F13) slli t5, t5, 10
x30 <- 0x00000000B504F000
mem[X,0x0000000080001568] -> 0x0F13
mem[X,0x000000008000156A] -> 0x334F
[1375] [M]: 0x0000000080001568 (0x334F0F13) addi t5, t5, 820
x30 <- 0x00000000B504F334
mem[X,0x000000008000156C] -> 0xC133
mem[X,0x000000008000156E] -> 0x03EF
[1376] [M]: 0x000000008000156C (0x03EFC133) div sp, t6, t5
x2 <- 0x0000000000000000
mem[X,0x0000000080001570] -> 0xB823
mem[X,0x0000000080001572] -> 0x0426
[1377] [M]: 0x0000000080001570 (0x0426B823) sd sp, 80(a3)
mem[0x000000008000D3D0] <- 0x0000000000000000
mem[X,0x0000000080001574] -> 0x0F93
mem[X,0x0000000080001576] -> 0x0010
[1378] [M]: 0x0000000080001574 (0x00100F93) addi t6, zero, 1
x31 <- 0x0000000000000001
mem[X,0x0000000080001578] -> 0x9F93
mem[X,0x000000008000157A] -> 0x011F
[1379] [M]: 0x0000000080001578 (0x011F9F93) slli t6, t6, 17
x31 <- 0x0000000000020000
mem[X,0x000000008000157C] -> 0xCF93
mem[X,0x000000008000157E] -> 0xFFFF
[1380] [M]: 0x000000008000157C (0xFFFFCF93) xori t6, t6, 4095
x31 <- 0xFFFFFFFFFFFDFFFF
mem[X,0x0000000080001580] -> 0x0F37
mem[X,0x0000000080001582] -> 0x0000
[1381] [M]: 0x0000000080001580 (0x00000F37) lui t5, 0
x30 <- 0x0000000000000000
mem[X,0x0000000080001584] -> 0x0F13
mem[X,0x0000000080001586] -> 0x000F
[1382] [M]: 0x0000000080001584 (0x000F0F13) addi t5, t5, 0
x30 <- 0x0000000000000000
mem[X,0x0000000080001588] -> 0x1F13
mem[X,0x000000008000158A] -> 0x00BF
[1383] [M]: 0x0000000080001588 (0x00BF1F13) slli t5, t5, 11
x30 <- 0x0000000000000000
mem[X,0x000000008000158C] -> 0x0F13
mem[X,0x000000008000158E] -> 0x5A8F
[1384] [M]: 0x000000008000158C (0x5A8F0F13) addi t5, t5, 1448
x30 <- 0x00000000000005A8
mem[X,0x0000000080001590] -> 0x1F13
mem[X,0x0000000080001592] -> 0x00BF
[1385] [M]: 0x0000000080001590 (0x00BF1F13) slli t5, t5, 11
x30 <- 0x00000000002D4000
mem[X,0x0000000080001594] -> 0x0F13
mem[X,0x0000000080001596] -> 0x13CF
[1386] [M]: 0x0000000080001594 (0x13CF0F13) addi t5, t5, 316
x30 <- 0x00000000002D413C
mem[X,0x0000000080001598] -> 0x1F13
mem[X,0x000000008000159A] -> 0x00AF
[1387] [M]: 0x0000000080001598 (0x00AF1F13) slli t5, t5, 10
x30 <- 0x00000000B504F000
mem[X,0x000000008000159C] -> 0x0F13
mem[X,0x000000008000159E] -> 0x334F
[1388] [M]: 0x000000008000159C (0x334F0F13) addi t5, t5, 820
x30 <- 0x00000000B504F334
mem[X,0x00000000800015A0] -> 0xC0B3
mem[X,0x00000000800015A2] -> 0x03EF
[1389] [M]: 0x00000000800015A0 (0x03EFC0B3) div ra, t6, t5
x1 <- 0x0000000000000000
mem[X,0x00000000800015A4] -> 0xBC23
mem[X,0x00000000800015A6] -> 0x0416
[1390] [M]: 0x00000000800015A4 (0x0416BC23) sd ra, 88(a3)
mem[0x000000008000D3D8] <- 0x0000000000000000
mem[X,0x00000000800015A8] -> 0x0F13
mem[X,0x00000000800015AA] -> 0x0010
[1391] [M]: 0x00000000800015A8 (0x00100F13) addi t5, zero, 1
x30 <- 0x0000000000000001
mem[X,0x00000000800015AC] -> 0x1F13
mem[X,0x00000000800015AE] -> 0x012F
[1392] [M]: 0x00000000800015AC (0x012F1F13) slli t5, t5, 18
x30 <- 0x0000000000040000
mem[X,0x00000000800015B0] -> 0x4F13
mem[X,0x00000000800015B2] -> 0xFFFF
[1393] [M]: 0x00000000800015B0 (0xFFFF4F13) xori t5, t5, 4095
x30 <- 0xFFFFFFFFFFFBFFFF
mem[X,0x00000000800015B4] -> 0x0EB7
mem[X,0x00000000800015B6] -> 0x0000
[1394] [M]: 0x00000000800015B4 (0x00000EB7) lui t4, 0
x29 <- 0x0000000000000000
mem[X,0x00000000800015B8] -> 0x8E93
mem[X,0x00000000800015BA] -> 0x000E
[1395] [M]: 0x00000000800015B8 (0x000E8E93) addi t4, t4, 0
x29 <- 0x0000000000000000
mem[X,0x00000000800015BC] -> 0x9E93
mem[X,0x00000000800015BE] -> 0x00BE
[1396] [M]: 0x00000000800015BC (0x00BE9E93) slli t4, t4, 11
x29 <- 0x0000000000000000
mem[X,0x00000000800015C0] -> 0x8E93
mem[X,0x00000000800015C2] -> 0x5A8E
[1397] [M]: 0x00000000800015C0 (0x5A8E8E93) addi t4, t4, 1448
x29 <- 0x00000000000005A8
mem[X,0x00000000800015C4] -> 0x9E93
mem[X,0x00000000800015C6] -> 0x00BE
[1398] [M]: 0x00000000800015C4 (0x00BE9E93) slli t4, t4, 11
x29 <- 0x00000000002D4000
mem[X,0x00000000800015C8] -> 0x8E93
mem[X,0x00000000800015CA] -> 0x13CE
[1399] [M]: 0x00000000800015C8 (0x13CE8E93) addi t4, t4, 316
x29 <- 0x00000000002D413C
clint::tick mtime <- 0x000000000000000E
 clint timer pending at mtime 0x000000000000000E
htif::tick 0x0000000000000000
mem[X,0x00000000800015CC] -> 0x9E93
mem[X,0x00000000800015CE] -> 0x00AE
[1400] [M]: 0x00000000800015CC (0x00AE9E93) slli t4, t4, 10
x29 <- 0x00000000B504F000
mem[X,0x00000000800015D0] -> 0x8E93
mem[X,0x00000000800015D2] -> 0x334E
[1401] [M]: 0x00000000800015D0 (0x334E8E93) addi t4, t4, 820
x29 <- 0x00000000B504F334
mem[X,0x00000000800015D4] -> 0x4FB3
mem[X,0x00000000800015D6] -> 0x03DF
[1402] [M]: 0x00000000800015D4 (0x03DF4FB3) div t6, t5, t4
x31 <- 0x0000000000000000
mem[X,0x00000000800015D8] -> 0xB023
mem[X,0x00000000800015DA] -> 0x07F6
[1403] [M]: 0x00000000800015D8 (0x07F6B023) sd t6, 96(a3)
mem[0x000000008000D3E0] <- 0x0000000000000000
mem[X,0x00000000800015DC] -> 0x0F13
mem[X,0x00000000800015DE] -> 0x0010
[1404] [M]: 0x00000000800015DC (0x00100F13) addi t5, zero, 1
x30 <- 0x0000000000000001
mem[X,0x00000000800015E0] -> 0x1F13
mem[X,0x00000000800015E2] -> 0x013F
[1405] [M]: 0x00000000800015E0 (0x013F1F13) slli t5, t5, 19
x30 <- 0x0000000000080000
mem[X,0x00000000800015E4] -> 0x4F13
mem[X,0x00000000800015E6] -> 0xFFFF
[1406] [M]: 0x00000000800015E4 (0xFFFF4F13) xori t5, t5, 4095
x30 <- 0xFFFFFFFFFFF7FFFF
mem[X,0x00000000800015E8] -> 0x0EB7
mem[X,0x00000000800015EA] -> 0x0000
[1407] [M]: 0x00000000800015E8 (0x00000EB7) lui t4, 0
x29 <- 0x0000000000000000
mem[X,0x00000000800015EC] -> 0x8E93
mem[X,0x00000000800015EE] -> 0x000E
[1408] [M]: 0x00000000800015EC (0x000E8E93) addi t4, t4, 0
x29 <- 0x0000000000000000
mem[X,0x00000000800015F0] -> 0x9E93
mem[X,0x00000000800015F2] -> 0x00BE
[1409] [M]: 0x00000000800015F0 (0x00BE9E93) slli t4, t4, 11
x29 <- 0x0000000000000000
mem[X,0x00000000800015F4] -> 0x8E93
mem[X,0x00000000800015F6] -> 0x5A8E
[1410] [M]: 0x00000000800015F4 (0x5A8E8E93) addi t4, t4, 1448
x29 <- 0x00000000000005A8
mem[X,0x00000000800015F8] -> 0x9E93
mem[X,0x00000000800015FA] -> 0x00BE
[1411] [M]: 0x00000000800015F8 (0x00BE9E93) slli t4, t4, 11
x29 <- 0x00000000002D4000
mem[X,0x00000000800015FC] -> 0x8E93
mem[X,0x00000000800015FE] -> 0x13CE
[1412] [M]: 0x00000000800015FC (0x13CE8E93) addi t4, t4, 316
x29 <- 0x00000000002D413C
mem[X,0x0000000080001600] -> 0x9E93
mem[X,0x0000000080001602] -> 0x00AE
[1413] [M]: 0x0000000080001600 (0x00AE9E93) slli t4, t4, 10
x29 <- 0x00000000B504F000
mem[X,0x0000000080001604] -> 0x8E93
mem[X,0x0000000080001606] -> 0x334E
[1414] [M]: 0x0000000080001604 (0x334E8E93) addi t4, t4, 820
x29 <- 0x00000000B504F334
mem[X,0x0000000080001608] -> 0x4FB3
mem[X,0x000000008000160A] -> 0x03DF
[1415] [M]: 0x0000000080001608 (0x03DF4FB3) div t6, t5, t4
x31 <- 0x0000000000000000
mem[X,0x000000008000160C] -> 0xB423
mem[X,0x000000008000160E] -> 0x07F6
[1416] [M]: 0x000000008000160C (0x07F6B423) sd t6, 104(a3)
mem[0x000000008000D3E8] <- 0x0000000000000000
mem[X,0x0000000080001610] -> 0x0F13
mem[X,0x0000000080001612] -> 0x0010
[1417] [M]: 0x0000000080001610 (0x00100F13) addi t5, zero, 1
x30 <- 0x0000000000000001
mem[X,0x0000000080001614] -> 0x1F13
mem[X,0x0000000080001616] -> 0x014F
[1418] [M]: 0x0000000080001614 (0x014F1F13) slli t5, t5, 20
x30 <- 0x0000000000100000
mem[X,0x0000000080001618] -> 0x4F13
mem[X,0x000000008000161A] -> 0xFFFF
[1419] [M]: 0x0000000080001618 (0xFFFF4F13) xori t5, t5, 4095
x30 <- 0xFFFFFFFFFFEFFFFF
mem[X,0x000000008000161C] -> 0x0EB7
mem[X,0x000000008000161E] -> 0x0000
[1420] [M]: 0x000000008000161C (0x00000EB7) lui t4, 0
x29 <- 0x0000000000000000
mem[X,0x0000000080001620] -> 0x8E93
mem[X,0x0000000080001622] -> 0x000E
[1421] [M]: 0x0000000080001620 (0x000E8E93) addi t4, t4, 0
x29 <- 0x0000000000000000
mem[X,0x0000000080001624] -> 0x9E93
mem[X,0x0000000080001626] -> 0x00BE
[1422] [M]: 0x0000000080001624 (0x00BE9E93) slli t4, t4, 11
x29 <- 0x0000000000000000
mem[X,0x0000000080001628] -> 0x8E93
mem[X,0x000000008000162A] -> 0x5A8E
[1423] [M]: 0x0000000080001628 (0x5A8E8E93) addi t4, t4, 1448
x29 <- 0x00000000000005A8
mem[X,0x000000008000162C] -> 0x9E93
mem[X,0x000000008000162E] -> 0x00BE
[1424] [M]: 0x000000008000162C (0x00BE9E93) slli t4, t4, 11
x29 <- 0x00000000002D4000
mem[X,0x0000000080001630] -> 0x8E93
mem[X,0x0000000080001632] -> 0x13CE
[1425] [M]: 0x0000000080001630 (0x13CE8E93) addi t4, t4, 316
x29 <- 0x00000000002D413C
mem[X,0x0000000080001634] -> 0x9E93
mem[X,0x0000000080001636] -> 0x00AE
[1426] [M]: 0x0000000080001634 (0x00AE9E93) slli t4, t4, 10
x29 <- 0x00000000B504F000
mem[X,0x0000000080001638] -> 0x8E93
mem[X,0x000000008000163A] -> 0x334E
[1427] [M]: 0x0000000080001638 (0x334E8E93) addi t4, t4, 820
x29 <- 0x00000000B504F334
mem[X,0x000000008000163C] -> 0x4FB3
mem[X,0x000000008000163E] -> 0x03DF
[1428] [M]: 0x000000008000163C (0x03DF4FB3) div t6, t5, t4
x31 <- 0x0000000000000000
mem[X,0x0000000080001640] -> 0xB823
mem[X,0x0000000080001642] -> 0x07F6
[1429] [M]: 0x0000000080001640 (0x07F6B823) sd t6, 112(a3)
mem[0x000000008000D3F0] <- 0x0000000000000000
mem[X,0x0000000080001644] -> 0x0F13
mem[X,0x0000000080001646] -> 0x0010
[1430] [M]: 0x0000000080001644 (0x00100F13) addi t5, zero, 1
x30 <- 0x0000000000000001
mem[X,0x0000000080001648] -> 0x1F13
mem[X,0x000000008000164A] -> 0x015F
[1431] [M]: 0x0000000080001648 (0x015F1F13) slli t5, t5, 21
x30 <- 0x0000000000200000
mem[X,0x000000008000164C] -> 0x4F13
mem[X,0x000000008000164E] -> 0xFFFF
[1432] [M]: 0x000000008000164C (0xFFFF4F13) xori t5, t5, 4095
x30 <- 0xFFFFFFFFFFDFFFFF
mem[X,0x0000000080001650] -> 0x0EB7
mem[X,0x0000000080001652] -> 0x0000
[1433] [M]: 0x0000000080001650 (0x00000EB7) lui t4, 0
x29 <- 0x0000000000000000
mem[X,0x0000000080001654] -> 0x8E93
mem[X,0x0000000080001656] -> 0x000E
[1434] [M]: 0x0000000080001654 (0x000E8E93) addi t4, t4, 0
x29 <- 0x0000000000000000
mem[X,0x0000000080001658] -> 0x9E93
mem[X,0x000000008000165A] -> 0x00BE
[1435] [M]: 0x0000000080001658 (0x00BE9E93) slli t4, t4, 11
x29 <- 0x0000000000000000
mem[X,0x000000008000165C] -> 0x8E93
mem[X,0x000000008000165E] -> 0x5A8E
[1436] [M]: 0x000000008000165C (0x5A8E8E93) addi t4, t4, 1448
x29 <- 0x00000000000005A8
mem[X,0x0000000080001660] -> 0x9E93
mem[X,0x0000000080001662] -> 0x00BE
[1437] [M]: 0x0000000080001660 (0x00BE9E93) slli t4, t4, 11
x29 <- 0x00000000002D4000
mem[X,0x0000000080001664] -> 0x8E93
mem[X,0x0000000080001666] -> 0x13CE
[1438] [M]: 0x0000000080001664 (0x13CE8E93) addi t4, t4, 316
x29 <- 0x00000000002D413C
mem[X,0x0000000080001668] -> 0x9E93
mem[X,0x000000008000166A] -> 0x00AE
[1439] [M]: 0x0000000080001668 (0x00AE9E93) slli t4, t4, 10
x29 <- 0x00000000B504F000
mem[X,0x000000008000166C] -> 0x8E93
mem[X,0x000000008000166E] -> 0x334E
[1440] [M]: 0x000000008000166C (0x334E8E93) addi t4, t4, 820
x29 <- 0x00000000B504F334
mem[X,0x0000000080001670] -> 0x4FB3
mem[X,0x0000000080001672] -> 0x03DF
[1441] [M]: 0x0000000080001670 (0x03DF4FB3) div t6, t5, t4
x31 <- 0x0000000000000000
mem[X,0x0000000080001674] -> 0xBC23
mem[X,0x0000000080001676] -> 0x07F6
[1442] [M]: 0x0000000080001674 (0x07F6BC23) sd t6, 120(a3)
mem[0x000000008000D3F8] <- 0x0000000000000000
mem[X,0x0000000080001678] -> 0x0F13
mem[X,0x000000008000167A] -> 0x0010
[1443] [M]: 0x0000000080001678 (0x00100F13) addi t5, zero, 1
x30 <- 0x0000000000000001
mem[X,0x000000008000167C] -> 0x1F13
mem[X,0x000000008000167E] -> 0x016F
[1444] [M]: 0x000000008000167C (0x016F1F13) slli t5, t5, 22
x30 <- 0x0000000000400000
mem[X,0x0000000080001680] -> 0x4F13
mem[X,0x0000000080001682] -> 0xFFFF
[1445] [M]: 0x0000000080001680 (0xFFFF4F13) xori t5, t5, 4095
x30 <- 0xFFFFFFFFFFBFFFFF
mem[X,0x0000000080001684] -> 0x0EB7
mem[X,0x0000000080001686] -> 0x0000
[1446] [M]: 0x0000000080001684 (0x00000EB7) lui t4, 0
x29 <- 0x0000000000000000
mem[X,0x0000000080001688] -> 0x8E93
mem[X,0x000000008000168A] -> 0x000E
[1447] [M]: 0x0000000080001688 (0x000E8E93) addi t4, t4, 0
x29 <- 0x0000000000000000
mem[X,0x000000008000168C] -> 0x9E93
mem[X,0x000000008000168E] -> 0x00BE
[1448] [M]: 0x000000008000168C (0x00BE9E93) slli t4, t4, 11
x29 <- 0x0000000000000000
mem[X,0x0000000080001690] -> 0x8E93
mem[X,0x0000000080001692] -> 0x5A8E
[1449] [M]: 0x0000000080001690 (0x5A8E8E93) addi t4, t4, 1448
x29 <- 0x00000000000005A8
mem[X,0x0000000080001694] -> 0x9E93
mem[X,0x0000000080001696] -> 0x00BE
[1450] [M]: 0x0000000080001694 (0x00BE9E93) slli t4, t4, 11
x29 <- 0x00000000002D4000
mem[X,0x0000000080001698] -> 0x8E93
mem[X,0x000000008000169A] -> 0x13CE
[1451] [M]: 0x0000000080001698 (0x13CE8E93) addi t4, t4, 316
x29 <- 0x00000000002D413C
mem[X,0x000000008000169C] -> 0x9E93
mem[X,0x000000008000169E] -> 0x00AE
[1452] [M]: 0x000000008000169C (0x00AE9E93) slli t4, t4, 10
x29 <- 0x00000000B504F000
mem[X,0x00000000800016A0] -> 0x8E93
mem[X,0x00000000800016A2] -> 0x334E
[1453] [M]: 0x00000000800016A0 (0x334E8E93) addi t4, t4, 820
x29 <- 0x00000000B504F334
mem[X,0x00000000800016A4] -> 0x4FB3
mem[X,0x00000000800016A6] -> 0x03DF
[1454] [M]: 0x00000000800016A4 (0x03DF4FB3) div t6, t5, t4
x31 <- 0x0000000000000000
mem[X,0x00000000800016A8] -> 0xB023
mem[X,0x00000000800016AA] -> 0x09F6
[1455] [M]: 0x00000000800016A8 (0x09F6B023) sd t6, 128(a3)
mem[0x000000008000D400] <- 0x0000000000000000
mem[X,0x00000000800016AC] -> 0x0F13
mem[X,0x00000000800016AE] -> 0x0010
[1456] [M]: 0x00000000800016AC (0x00100F13) addi t5, zero, 1
x30 <- 0x0000000000000001
mem[X,0x00000000800016B0] -> 0x1F13
mem[X,0x00000000800016B2] -> 0x017F
[1457] [M]: 0x00000000800016B0 (0x017F1F13) slli t5, t5, 23
x30 <- 0x0000000000800000
mem[X,0x00000000800016B4] -> 0x4F13
mem[X,0x00000000800016B6] -> 0xFFFF
[1458] [M]: 0x00000000800016B4 (0xFFFF4F13) xori t5, t5, 4095
x30 <- 0xFFFFFFFFFF7FFFFF
mem[X,0x00000000800016B8] -> 0x0EB7
mem[X,0x00000000800016BA] -> 0x0000
[1459] [M]: 0x00000000800016B8 (0x00000EB7) lui t4, 0
x29 <- 0x0000000000000000
mem[X,0x00000000800016BC] -> 0x8E93
mem[X,0x00000000800016BE] -> 0x000E
[1460] [M]: 0x00000000800016BC (0x000E8E93) addi t4, t4, 0
x29 <- 0x0000000000000000
mem[X,0x00000000800016C0] -> 0x9E93
mem[X,0x00000000800016C2] -> 0x00BE
[1461] [M]: 0x00000000800016C0 (0x00BE9E93) slli t4, t4, 11
x29 <- 0x0000000000000000
mem[X,0x00000000800016C4] -> 0x8E93
mem[X,0x00000000800016C6] -> 0x5A8E
[1462] [M]: 0x00000000800016C4 (0x5A8E8E93) addi t4, t4, 1448
x29 <- 0x00000000000005A8
mem[X,0x00000000800016C8] -> 0x9E93
mem[X,0x00000000800016CA] -> 0x00BE
[1463] [M]: 0x00000000800016C8 (0x00BE9E93) slli t4, t4, 11
x29 <- 0x00000000002D4000
mem[X,0x00000000800016CC] -> 0x8E93
mem[X,0x00000000800016CE] -> 0x13CE
[1464] [M]: 0x00000000800016CC (0x13CE8E93) addi t4, t4, 316
x29 <- 0x00000000002D413C
mem[X,0x00000000800016D0] -> 0x9E93
mem[X,0x00000000800016D2] -> 0x00AE
[1465] [M]: 0x00000000800016D0 (0x00AE9E93) slli t4, t4, 10
x29 <- 0x00000000B504F000
mem[X,0x00000000800016D4] -> 0x8E93
mem[X,0x00000000800016D6] -> 0x334E
[1466] [M]: 0x00000000800016D4 (0x334E8E93) addi t4, t4, 820
x29 <- 0x00000000B504F334
mem[X,0x00000000800016D8] -> 0x4FB3
mem[X,0x00000000800016DA] -> 0x03DF
[1467] [M]: 0x00000000800016D8 (0x03DF4FB3) div t6, t5, t4
x31 <- 0x0000000000000000
mem[X,0x00000000800016DC] -> 0xB423
mem[X,0x00000000800016DE] -> 0x09F6
[1468] [M]: 0x00000000800016DC (0x09F6B423) sd t6, 136(a3)
mem[0x000000008000D408] <- 0x0000000000000000
mem[X,0x00000000800016E0] -> 0x0F13
mem[X,0x00000000800016E2] -> 0x0010
[1469] [M]: 0x00000000800016E0 (0x00100F13) addi t5, zero, 1
x30 <- 0x0000000000000001
mem[X,0x00000000800016E4] -> 0x1F13
mem[X,0x00000000800016E6] -> 0x018F
[1470] [M]: 0x00000000800016E4 (0x018F1F13) slli t5, t5, 24
x30 <- 0x0000000001000000
mem[X,0x00000000800016E8] -> 0x4F13
mem[X,0x00000000800016EA] -> 0xFFFF
[1471] [M]: 0x00000000800016E8 (0xFFFF4F13) xori t5, t5, 4095
x30 <- 0xFFFFFFFFFEFFFFFF
mem[X,0x00000000800016EC] -> 0x0EB7
mem[X,0x00000000800016EE] -> 0x0000
[1472] [M]: 0x00000000800016EC (0x00000EB7) lui t4, 0
x29 <- 0x0000000000000000
mem[X,0x00000000800016F0] -> 0x8E93
mem[X,0x00000000800016F2] -> 0x000E
[1473] [M]: 0x00000000800016F0 (0x000E8E93) addi t4, t4, 0
x29 <- 0x0000000000000000
mem[X,0x00000000800016F4] -> 0x9E93
mem[X,0x00000000800016F6] -> 0x00BE
[1474] [M]: 0x00000000800016F4 (0x00BE9E93) slli t4, t4, 11
x29 <- 0x0000000000000000
mem[X,0x00000000800016F8] -> 0x8E93
mem[X,0x00000000800016FA] -> 0x5A8E
[1475] [M]: 0x00000000800016F8 (0x5A8E8E93) addi t4, t4, 1448
x29 <- 0x00000000000005A8
mem[X,0x00000000800016FC] -> 0x9E93
mem[X,0x00000000800016FE] -> 0x00BE
[1476] [M]: 0x00000000800016FC (0x00BE9E93) slli t4, t4, 11
x29 <- 0x00000000002D4000
mem[X,0x0000000080001700] -> 0x8E93
mem[X,0x0000000080001702] -> 0x13CE
[1477] [M]: 0x0000000080001700 (0x13CE8E93) addi t4, t4, 316
x29 <- 0x00000000002D413C
mem[X,0x0000000080001704] -> 0x9E93
mem[X,0x0000000080001706] -> 0x00AE
[1478] [M]: 0x0000000080001704 (0x00AE9E93) slli t4, t4, 10
x29 <- 0x00000000B504F000
mem[X,0x0000000080001708] -> 0x8E93
mem[X,0x000000008000170A] -> 0x334E
[1479] [M]: 0x0000000080001708 (0x334E8E93) addi t4, t4, 820
x29 <- 0x00000000B504F334
mem[X,0x000000008000170C] -> 0x4FB3
mem[X,0x000000008000170E] -> 0x03DF
[1480] [M]: 0x000000008000170C (0x03DF4FB3) div t6, t5, t4
x31 <- 0x0000000000000000
mem[X,0x0000000080001710] -> 0xB823
mem[X,0x0000000080001712] -> 0x09F6
[1481] [M]: 0x0000000080001710 (0x09F6B823) sd t6, 144(a3)
mem[0x000000008000D410] <- 0x0000000000000000
mem[X,0x0000000080001714] -> 0x0F13
mem[X,0x0000000080001716] -> 0x0010
[1482] [M]: 0x0000000080001714 (0x00100F13) addi t5, zero, 1
x30 <- 0x0000000000000001
mem[X,0x0000000080001718] -> 0x1F13
mem[X,0x000000008000171A] -> 0x019F
[1483] [M]: 0x0000000080001718 (0x019F1F13) slli t5, t5, 25
x30 <- 0x0000000002000000
mem[X,0x000000008000171C] -> 0x4F13
mem[X,0x000000008000171E] -> 0xFFFF
[1484] [M]: 0x000000008000171C (0xFFFF4F13) xori t5, t5, 4095
x30 <- 0xFFFFFFFFFDFFFFFF
mem[X,0x0000000080001720] -> 0x0EB7
mem[X,0x0000000080001722] -> 0x0000
[1485] [M]: 0x0000000080001720 (0x00000EB7) lui t4, 0
x29 <- 0x0000000000000000
mem[X,0x0000000080001724] -> 0x8E93
mem[X,0x0000000080001726] -> 0x000E
[1486] [M]: 0x0000000080001724 (0x000E8E93) addi t4, t4, 0
x29 <- 0x0000000000000000
mem[X,0x0000000080001728] -> 0x9E93
mem[X,0x000000008000172A] -> 0x00BE
[1487] [M]: 0x0000000080001728 (0x00BE9E93) slli t4, t4, 11
x29 <- 0x0000000000000000
mem[X,0x000000008000172C] -> 0x8E93
mem[X,0x000000008000172E] -> 0x5A8E
[1488] [M]: 0x000000008000172C (0x5A8E8E93) addi t4, t4, 1448
x29 <- 0x00000000000005A8
mem[X,0x0000000080001730] -> 0x9E93
mem[X,0x0000000080001732] -> 0x00BE
[1489] [M]: 0x0000000080001730 (0x00BE9E93) slli t4, t4, 11
x29 <- 0x00000000002D4000
mem[X,0x0000000080001734] -> 0x8E93
mem[X,0x0000000080001736] -> 0x13CE
[1490] [M]: 0x0000000080001734 (0x13CE8E93) addi t4, t4, 316
x29 <- 0x00000000002D413C
mem[X,0x0000000080001738] -> 0x9E93
mem[X,0x000000008000173A] -> 0x00AE
[1491] [M]: 0x0000000080001738 (0x00AE9E93) slli t4, t4, 10
x29 <- 0x00000000B504F000
mem[X,0x000000008000173C] -> 0x8E93
mem[X,0x000000008000173E] -> 0x334E
[1492] [M]: 0x000000008000173C (0x334E8E93) addi t4, t4, 820
x29 <- 0x00000000B504F334
mem[X,0x0000000080001740] -> 0x4FB3
mem[X,0x0000000080001742] -> 0x03DF
[1493] [M]: 0x0000000080001740 (0x03DF4FB3) div t6, t5, t4
x31 <- 0x0000000000000000
mem[X,0x0000000080001744] -> 0xBC23
mem[X,0x0000000080001746] -> 0x09F6
[1494] [M]: 0x0000000080001744 (0x09F6BC23) sd t6, 152(a3)
mem[0x000000008000D418] <- 0x0000000000000000
mem[X,0x0000000080001748] -> 0x0F13
mem[X,0x000000008000174A] -> 0x0010
[1495] [M]: 0x0000000080001748 (0x00100F13) addi t5, zero, 1
x30 <- 0x0000000000000001
mem[X,0x000000008000174C] -> 0x1F13
mem[X,0x000000008000174E] -> 0x01AF
[1496] [M]: 0x000000008000174C (0x01AF1F13) slli t5, t5, 26
x30 <- 0x0000000004000000
mem[X,0x0000000080001750] -> 0x4F13
mem[X,0x0000000080001752] -> 0xFFFF
[1497] [M]: 0x0000000080001750 (0xFFFF4F13) xori t5, t5, 4095
x30 <- 0xFFFFFFFFFBFFFFFF
mem[X,0x0000000080001754] -> 0x0EB7
mem[X,0x0000000080001756] -> 0x0000
[1498] [M]: 0x0000000080001754 (0x00000EB7) lui t4, 0
x29 <- 0x0000000000000000
mem[X,0x0000000080001758] -> 0x8E93
mem[X,0x000000008000175A] -> 0x000E
[1499] [M]: 0x0000000080001758 (0x000E8E93) addi t4, t4, 0
x29 <- 0x0000000000000000
clint::tick mtime <- 0x000000000000000F
 clint timer pending at mtime 0x000000000000000F
htif::tick 0x0000000000000000
mem[X,0x000000008000175C] -> 0x9E93
mem[X,0x000000008000175E] -> 0x00BE
[1500] [M]: 0x000000008000175C (0x00BE9E93) slli t4, t4, 11
x29 <- 0x0000000000000000
mem[X,0x0000000080001760] -> 0x8E93
mem[X,0x0000000080001762] -> 0x5A8E
[1501] [M]: 0x0000000080001760 (0x5A8E8E93) addi t4, t4, 1448
x29 <- 0x00000000000005A8
mem[X,0x0000000080001764] -> 0x9E93
mem[X,0x0000000080001766] -> 0x00BE
[1502] [M]: 0x0000000080001764 (0x00BE9E93) slli t4, t4, 11
x29 <- 0x00000000002D4000
mem[X,0x0000000080001768] -> 0x8E93
mem[X,0x000000008000176A] -> 0x13CE
[1503] [M]: 0x0000000080001768 (0x13CE8E93) addi t4, t4, 316
x29 <- 0x00000000002D413C
mem[X,0x000000008000176C] -> 0x9E93
mem[X,0x000000008000176E] -> 0x00AE
[1504] [M]: 0x000000008000176C (0x00AE9E93) slli t4, t4, 10
x29 <- 0x00000000B504F000
mem[X,0x0000000080001770] -> 0x8E93
mem[X,0x0000000080001772] -> 0x334E
[1505] [M]: 0x0000000080001770 (0x334E8E93) addi t4, t4, 820
x29 <- 0x00000000B504F334
mem[X,0x0000000080001774] -> 0x4FB3
mem[X,0x0000000080001776] -> 0x03DF
[1506] [M]: 0x0000000080001774 (0x03DF4FB3) div t6, t5, t4
x31 <- 0x0000000000000000
mem[X,0x0000000080001778] -> 0xB023
mem[X,0x000000008000177A] -> 0x0BF6
[1507] [M]: 0x0000000080001778 (0x0BF6B023) sd t6, 160(a3)
mem[0x000000008000D420] <- 0x0000000000000000
mem[X,0x000000008000177C] -> 0x0F13
mem[X,0x000000008000177E] -> 0x0010
[1508] [M]: 0x000000008000177C (0x00100F13) addi t5, zero, 1
x30 <- 0x0000000000000001
mem[X,0x0000000080001780] -> 0x1F13
mem[X,0x0000000080001782] -> 0x01BF
[1509] [M]: 0x0000000080001780 (0x01BF1F13) slli t5, t5, 27
x30 <- 0x0000000008000000
mem[X,0x0000000080001784] -> 0x4F13
mem[X,0x0000000080001786] -> 0xFFFF
[1510] [M]: 0x0000000080001784 (0xFFFF4F13) xori t5, t5, 4095
x30 <- 0xFFFFFFFFF7FFFFFF
mem[X,0x0000000080001788] -> 0x0EB7
mem[X,0x000000008000178A] -> 0x0000
[1511] [M]: 0x0000000080001788 (0x00000EB7) lui t4, 0
x29 <- 0x0000000000000000
mem[X,0x000000008000178C] -> 0x8E93
mem[X,0x000000008000178E] -> 0x000E
[1512] [M]: 0x000000008000178C (0x000E8E93) addi t4, t4, 0
x29 <- 0x0000000000000000
mem[X,0x0000000080001790] -> 0x9E93
mem[X,0x0000000080001792] -> 0x00BE
[1513] [M]: 0x0000000080001790 (0x00BE9E93) slli t4, t4, 11
x29 <- 0x0000000000000000
mem[X,0x0000000080001794] -> 0x8E93
mem[X,0x0000000080001796] -> 0x5A8E
[1514] [M]: 0x0000000080001794 (0x5A8E8E93) addi t4, t4, 1448
x29 <- 0x00000000000005A8
mem[X,0x0000000080001798] -> 0x9E93
mem[X,0x000000008000179A] -> 0x00BE
[1515] [M]: 0x0000000080001798 (0x00BE9E93) slli t4, t4, 11
x29 <- 0x00000000002D4000
mem[X,0x000000008000179C] -> 0x8E93
mem[X,0x000000008000179E] -> 0x13CE
[1516] [M]: 0x000000008000179C (0x13CE8E93) addi t4, t4, 316
x29 <- 0x00000000002D413C
mem[X,0x00000000800017A0] -> 0x9E93
mem[X,0x00000000800017A2] -> 0x00AE
[1517] [M]: 0x00000000800017A0 (0x00AE9E93) slli t4, t4, 10
x29 <- 0x00000000B504F000
mem[X,0x00000000800017A4] -> 0x8E93
mem[X,0x00000000800017A6] -> 0x334E
[1518] [M]: 0x00000000800017A4 (0x334E8E93) addi t4, t4, 820
x29 <- 0x00000000B504F334
mem[X,0x00000000800017A8] -> 0x4FB3
mem[X,0x00000000800017AA] -> 0x03DF
[1519] [M]: 0x00000000800017A8 (0x03DF4FB3) div t6, t5, t4
x31 <- 0x0000000000000000
mem[X,0x00000000800017AC] -> 0xB423
mem[X,0x00000000800017AE] -> 0x0BF6
[1520] [M]: 0x00000000800017AC (0x0BF6B423) sd t6, 168(a3)
mem[0x000000008000D428] <- 0x0000000000000000
mem[X,0x00000000800017B0] -> 0x0F13
mem[X,0x00000000800017B2] -> 0x0010
[1521] [M]: 0x00000000800017B0 (0x00100F13) addi t5, zero, 1
x30 <- 0x0000000000000001
mem[X,0x00000000800017B4] -> 0x1F13
mem[X,0x00000000800017B6] -> 0x01CF
[1522] [M]: 0x00000000800017B4 (0x01CF1F13) slli t5, t5, 28
x30 <- 0x0000000010000000
mem[X,0x00000000800017B8] -> 0x4F13
mem[X,0x00000000800017BA] -> 0xFFFF
[1523] [M]: 0x00000000800017B8 (0xFFFF4F13) xori t5, t5, 4095
x30 <- 0xFFFFFFFFEFFFFFFF
mem[X,0x00000000800017BC] -> 0x0EB7
mem[X,0x00000000800017BE] -> 0x0000
[1524] [M]: 0x00000000800017BC (0x00000EB7) lui t4, 0
x29 <- 0x0000000000000000
mem[X,0x00000000800017C0] -> 0x8E93
mem[X,0x00000000800017C2] -> 0x000E
[1525] [M]: 0x00000000800017C0 (0x000E8E93) addi t4, t4, 0
x29 <- 0x0000000000000000
mem[X,0x00000000800017C4] -> 0x9E93
mem[X,0x00000000800017C6] -> 0x00BE
[1526] [M]: 0x00000000800017C4 (0x00BE9E93) slli t4, t4, 11
x29 <- 0x0000000000000000
mem[X,0x00000000800017C8] -> 0x8E93
mem[X,0x00000000800017CA] -> 0x5A8E
[1527] [M]: 0x00000000800017C8 (0x5A8E8E93) addi t4, t4, 1448
x29 <- 0x00000000000005A8
mem[X,0x00000000800017CC] -> 0x9E93
mem[X,0x00000000800017CE] -> 0x00BE
[1528] [M]: 0x00000000800017CC (0x00BE9E93) slli t4, t4, 11
x29 <- 0x00000000002D4000
mem[X,0x00000000800017D0] -> 0x8E93
mem[X,0x00000000800017D2] -> 0x13CE
[1529] [M]: 0x00000000800017D0 (0x13CE8E93) addi t4, t4, 316
x29 <- 0x00000000002D413C
mem[X,0x00000000800017D4] -> 0x9E93
mem[X,0x00000000800017D6] -> 0x00AE
[1530] [M]: 0x00000000800017D4 (0x00AE9E93) slli t4, t4, 10
x29 <- 0x00000000B504F000
mem[X,0x00000000800017D8] -> 0x8E93
mem[X,0x00000000800017DA] -> 0x334E
[1531] [M]: 0x00000000800017D8 (0x334E8E93) addi t4, t4, 820
x29 <- 0x00000000B504F334
mem[X,0x00000000800017DC] -> 0x4FB3
mem[X,0x00000000800017DE] -> 0x03DF
[1532] [M]: 0x00000000800017DC (0x03DF4FB3) div t6, t5, t4
x31 <- 0x0000000000000000
mem[X,0x00000000800017E0] -> 0xB823
mem[X,0x00000000800017E2] -> 0x0BF6
[1533] [M]: 0x00000000800017E0 (0x0BF6B823) sd t6, 176(a3)
mem[0x000000008000D430] <- 0x0000000000000000
mem[X,0x00000000800017E4] -> 0x0F13
mem[X,0x00000000800017E6] -> 0x0010
[1534] [M]: 0x00000000800017E4 (0x00100F13) addi t5, zero, 1
x30 <- 0x0000000000000001
mem[X,0x00000000800017E8] -> 0x1F13
mem[X,0x00000000800017EA] -> 0x01DF
[1535] [M]: 0x00000000800017E8 (0x01DF1F13) slli t5, t5, 29
x30 <- 0x0000000020000000
mem[X,0x00000000800017EC] -> 0x4F13
mem[X,0x00000000800017EE] -> 0xFFFF
[1536] [M]: 0x00000000800017EC (0xFFFF4F13) xori t5, t5, 4095
x30 <- 0xFFFFFFFFDFFFFFFF
mem[X,0x00000000800017F0] -> 0x0EB7
mem[X,0x00000000800017F2] -> 0x0000
[1537] [M]: 0x00000000800017F0 (0x00000EB7) lui t4, 0
x29 <- 0x0000000000000000
mem[X,0x00000000800017F4] -> 0x8E93
mem[X,0x00000000800017F6] -> 0x000E
[1538] [M]: 0x00000000800017F4 (0x000E8E93) addi t4, t4, 0
x29 <- 0x0000000000000000
mem[X,0x00000000800017F8] -> 0x9E93
mem[X,0x00000000800017FA] -> 0x00BE
[1539] [M]: 0x00000000800017F8 (0x00BE9E93) slli t4, t4, 11
x29 <- 0x0000000000000000
mem[X,0x00000000800017FC] -> 0x8E93
mem[X,0x00000000800017FE] -> 0x5A8E
[1540] [M]: 0x00000000800017FC (0x5A8E8E93) addi t4, t4, 1448
x29 <- 0x00000000000005A8
mem[X,0x0000000080001800] -> 0x9E93
mem[X,0x0000000080001802] -> 0x00BE
[1541] [M]: 0x0000000080001800 (0x00BE9E93) slli t4, t4, 11
x29 <- 0x00000000002D4000
mem[X,0x0000000080001804] -> 0x8E93
mem[X,0x0000000080001806] -> 0x13CE
[1542] [M]: 0x0000000080001804 (0x13CE8E93) addi t4, t4, 316
x29 <- 0x00000000002D413C
mem[X,0x0000000080001808] -> 0x9E93
mem[X,0x000000008000180A] -> 0x00AE
[1543] [M]: 0x0000000080001808 (0x00AE9E93) slli t4, t4, 10
x29 <- 0x00000000B504F000
mem[X,0x000000008000180C] -> 0x8E93
mem[X,0x000000008000180E] -> 0x334E
[1544] [M]: 0x000000008000180C (0x334E8E93) addi t4, t4, 820
x29 <- 0x00000000B504F334
mem[X,0x0000000080001810] -> 0x4FB3
mem[X,0x0000000080001812] -> 0x03DF
[1545] [M]: 0x0000000080001810 (0x03DF4FB3) div t6, t5, t4
x31 <- 0x0000000000000000
mem[X,0x0000000080001814] -> 0xBC23
mem[X,0x0000000080001816] -> 0x0BF6
[1546] [M]: 0x0000000080001814 (0x0BF6BC23) sd t6, 184(a3)
mem[0x000000008000D438] <- 0x0000000000000000
mem[X,0x0000000080001818] -> 0x0F13
mem[X,0x000000008000181A] -> 0x0010
[1547] [M]: 0x0000000080001818 (0x00100F13) addi t5, zero, 1
x30 <- 0x0000000000000001
mem[X,0x000000008000181C] -> 0x1F13
mem[X,0x000000008000181E] -> 0x01EF
[1548] [M]: 0x000000008000181C (0x01EF1F13) slli t5, t5, 30
x30 <- 0x0000000040000000
mem[X,0x0000000080001820] -> 0x4F13
mem[X,0x0000000080001822] -> 0xFFFF
[1549] [M]: 0x0000000080001820 (0xFFFF4F13) xori t5, t5, 4095
x30 <- 0xFFFFFFFFBFFFFFFF
mem[X,0x0000000080001824] -> 0x0EB7
mem[X,0x0000000080001826] -> 0x0000
[1550] [M]: 0x0000000080001824 (0x00000EB7) lui t4, 0
x29 <- 0x0000000000000000
mem[X,0x0000000080001828] -> 0x8E93
mem[X,0x000000008000182A] -> 0x000E
[1551] [M]: 0x0000000080001828 (0x000E8E93) addi t4, t4, 0
x29 <- 0x0000000000000000
mem[X,0x000000008000182C] -> 0x9E93
mem[X,0x000000008000182E] -> 0x00BE
[1552] [M]: 0x000000008000182C (0x00BE9E93) slli t4, t4, 11
x29 <- 0x0000000000000000
mem[X,0x0000000080001830] -> 0x8E93
mem[X,0x0000000080001832] -> 0x5A8E
[1553] [M]: 0x0000000080001830 (0x5A8E8E93) addi t4, t4, 1448
x29 <- 0x00000000000005A8
mem[X,0x0000000080001834] -> 0x9E93
mem[X,0x0000000080001836] -> 0x00BE
[1554] [M]: 0x0000000080001834 (0x00BE9E93) slli t4, t4, 11
x29 <- 0x00000000002D4000
mem[X,0x0000000080001838] -> 0x8E93
mem[X,0x000000008000183A] -> 0x13CE
[1555] [M]: 0x0000000080001838 (0x13CE8E93) addi t4, t4, 316
x29 <- 0x00000000002D413C
mem[X,0x000000008000183C] -> 0x9E93
mem[X,0x000000008000183E] -> 0x00AE
[1556] [M]: 0x000000008000183C (0x00AE9E93) slli t4, t4, 10
x29 <- 0x00000000B504F000
mem[X,0x0000000080001840] -> 0x8E93
mem[X,0x0000000080001842] -> 0x334E
[1557] [M]: 0x0000000080001840 (0x334E8E93) addi t4, t4, 820
x29 <- 0x00000000B504F334
mem[X,0x0000000080001844] -> 0x4FB3
mem[X,0x0000000080001846] -> 0x03DF
[1558] [M]: 0x0000000080001844 (0x03DF4FB3) div t6, t5, t4
x31 <- 0x0000000000000000
mem[X,0x0000000080001848] -> 0xB023
mem[X,0x000000008000184A] -> 0x0DF6
[1559] [M]: 0x0000000080001848 (0x0DF6B023) sd t6, 192(a3)
mem[0x000000008000D440] <- 0x0000000000000000
mem[X,0x000000008000184C] -> 0x0F13
mem[X,0x000000008000184E] -> 0x0010
[1560] [M]: 0x000000008000184C (0x00100F13) addi t5, zero, 1
x30 <- 0x0000000000000001
mem[X,0x0000000080001850] -> 0x1F13
mem[X,0x0000000080001852] -> 0x01FF
[1561] [M]: 0x0000000080001850 (0x01FF1F13) slli t5, t5, 31
x30 <- 0x0000000080000000
mem[X,0x0000000080001854] -> 0x4F13
mem[X,0x0000000080001856] -> 0xFFFF
[1562] [M]: 0x0000000080001854 (0xFFFF4F13) xori t5, t5, 4095
x30 <- 0xFFFFFFFF7FFFFFFF
mem[X,0x0000000080001858] -> 0x0EB7
mem[X,0x000000008000185A] -> 0x0000
[1563] [M]: 0x0000000080001858 (0x00000EB7) lui t4, 0
x29 <- 0x0000000000000000
mem[X,0x000000008000185C] -> 0x8E93
mem[X,0x000000008000185E] -> 0x000E
[1564] [M]: 0x000000008000185C (0x000E8E93) addi t4, t4, 0
x29 <- 0x0000000000000000
mem[X,0x0000000080001860] -> 0x9E93
mem[X,0x0000000080001862] -> 0x00BE
[1565] [M]: 0x0000000080001860 (0x00BE9E93) slli t4, t4, 11
x29 <- 0x0000000000000000
mem[X,0x0000000080001864] -> 0x8E93
mem[X,0x0000000080001866] -> 0x5A8E
[1566] [M]: 0x0000000080001864 (0x5A8E8E93) addi t4, t4, 1448
x29 <- 0x00000000000005A8
mem[X,0x0000000080001868] -> 0x9E93
mem[X,0x000000008000186A] -> 0x00BE
[1567] [M]: 0x0000000080001868 (0x00BE9E93) slli t4, t4, 11
x29 <- 0x00000000002D4000
mem[X,0x000000008000186C] -> 0x8E93
mem[X,0x000000008000186E] -> 0x13CE
[1568] [M]: 0x000000008000186C (0x13CE8E93) addi t4, t4, 316
x29 <- 0x00000000002D413C
mem[X,0x0000000080001870] -> 0x9E93
mem[X,0x0000000080001872] -> 0x00AE
[1569] [M]: 0x0000000080001870 (0x00AE9E93) slli t4, t4, 10
x29 <- 0x00000000B504F000
mem[X,0x0000000080001874] -> 0x8E93
mem[X,0x0000000080001876] -> 0x334E
[1570] [M]: 0x0000000080001874 (0x334E8E93) addi t4, t4, 820
x29 <- 0x00000000B504F334
mem[X,0x0000000080001878] -> 0x4FB3
mem[X,0x000000008000187A] -> 0x03DF
[1571] [M]: 0x0000000080001878 (0x03DF4FB3) div t6, t5, t4
x31 <- 0x0000000000000000
mem[X,0x000000008000187C] -> 0xB423
mem[X,0x000000008000187E] -> 0x0DF6
[1572] [M]: 0x000000008000187C (0x0DF6B423) sd t6, 200(a3)
mem[0x000000008000D448] <- 0x0000000000000000
mem[X,0x0000000080001880] -> 0x0F13
mem[X,0x0000000080001882] -> 0x0010
[1573] [M]: 0x0000000080001880 (0x00100F13) addi t5, zero, 1
x30 <- 0x0000000000000001
mem[X,0x0000000080001884] -> 0x1F13
mem[X,0x0000000080001886] -> 0x020F
[1574] [M]: 0x0000000080001884 (0x020F1F13) slli t5, t5, 32
x30 <- 0x0000000100000000
mem[X,0x0000000080001888] -> 0x4F13
mem[X,0x000000008000188A] -> 0xFFFF
[1575] [M]: 0x0000000080001888 (0xFFFF4F13) xori t5, t5, 4095
x30 <- 0xFFFFFFFEFFFFFFFF
mem[X,0x000000008000188C] -> 0x0EB7
mem[X,0x000000008000188E] -> 0x0000
[1576] [M]: 0x000000008000188C (0x00000EB7) lui t4, 0
x29 <- 0x0000000000000000
mem[X,0x0000000080001890] -> 0x8E93
mem[X,0x0000000080001892] -> 0x000E
[1577] [M]: 0x0000000080001890 (0x000E8E93) addi t4, t4, 0
x29 <- 0x0000000000000000
mem[X,0x0000000080001894] -> 0x9E93
mem[X,0x0000000080001896] -> 0x00BE
[1578] [M]: 0x0000000080001894 (0x00BE9E93) slli t4, t4, 11
x29 <- 0x0000000000000000
mem[X,0x0000000080001898] -> 0x8E93
mem[X,0x000000008000189A] -> 0x5A8E
[1579] [M]: 0x0000000080001898 (0x5A8E8E93) addi t4, t4, 1448
x29 <- 0x00000000000005A8
mem[X,0x000000008000189C] -> 0x9E93
mem[X,0x000000008000189E] -> 0x00BE
[1580] [M]: 0x000000008000189C (0x00BE9E93) slli t4, t4, 11
x29 <- 0x00000000002D4000
mem[X,0x00000000800018A0] -> 0x8E93
mem[X,0x00000000800018A2] -> 0x13CE
[1581] [M]: 0x00000000800018A0 (0x13CE8E93) addi t4, t4, 316
x29 <- 0x00000000002D413C
mem[X,0x00000000800018A4] -> 0x9E93
mem[X,0x00000000800018A6] -> 0x00AE
[1582] [M]: 0x00000000800018A4 (0x00AE9E93) slli t4, t4, 10
x29 <- 0x00000000B504F000
mem[X,0x00000000800018A8] -> 0x8E93
mem[X,0x00000000800018AA] -> 0x334E
[1583] [M]: 0x00000000800018A8 (0x334E8E93) addi t4, t4, 820
x29 <- 0x00000000B504F334
mem[X,0x00000000800018AC] -> 0x4FB3
mem[X,0x00000000800018AE] -> 0x03DF
[1584] [M]: 0x00000000800018AC (0x03DF4FB3) div t6, t5, t4
x31 <- 0xFFFFFFFFFFFFFFFF
mem[X,0x00000000800018B0] -> 0xB823
mem[X,0x00000000800018B2] -> 0x0DF6
[1585] [M]: 0x00000000800018B0 (0x0DF6B823) sd t6, 208(a3)
mem[0x000000008000D450] <- 0xFFFFFFFFFFFFFFFF
mem[X,0x00000000800018B4] -> 0x0F13
mem[X,0x00000000800018B6] -> 0x0010
[1586] [M]: 0x00000000800018B4 (0x00100F13) addi t5, zero, 1
x30 <- 0x0000000000000001
mem[X,0x00000000800018B8] -> 0x1F13
mem[X,0x00000000800018BA] -> 0x021F
[1587] [M]: 0x00000000800018B8 (0x021F1F13) slli t5, t5, 33
x30 <- 0x0000000200000000
mem[X,0x00000000800018BC] -> 0x4F13
mem[X,0x00000000800018BE] -> 0xFFFF
[1588] [M]: 0x00000000800018BC (0xFFFF4F13) xori t5, t5, 4095
x30 <- 0xFFFFFFFDFFFFFFFF
mem[X,0x00000000800018C0] -> 0x0EB7
mem[X,0x00000000800018C2] -> 0x0000
[1589] [M]: 0x00000000800018C0 (0x00000EB7) lui t4, 0
x29 <- 0x0000000000000000
mem[X,0x00000000800018C4] -> 0x8E93
mem[X,0x00000000800018C6] -> 0x000E
[1590] [M]: 0x00000000800018C4 (0x000E8E93) addi t4, t4, 0
x29 <- 0x0000000000000000
mem[X,0x00000000800018C8] -> 0x9E93
mem[X,0x00000000800018CA] -> 0x00BE
[1591] [M]: 0x00000000800018C8 (0x00BE9E93) slli t4, t4, 11
x29 <- 0x0000000000000000
mem[X,0x00000000800018CC] -> 0x8E93
mem[X,0x00000000800018CE] -> 0x5A8E
[1592] [M]: 0x00000000800018CC (0x5A8E8E93) addi t4, t4, 1448
x29 <- 0x00000000000005A8
mem[X,0x00000000800018D0] -> 0x9E93
mem[X,0x00000000800018D2] -> 0x00BE
[1593] [M]: 0x00000000800018D0 (0x00BE9E93) slli t4, t4, 11
x29 <- 0x00000000002D4000
mem[X,0x00000000800018D4] -> 0x8E93
mem[X,0x00000000800018D6] -> 0x13CE
[1594] [M]: 0x00000000800018D4 (0x13CE8E93) addi t4, t4, 316
x29 <- 0x00000000002D413C
mem[X,0x00000000800018D8] -> 0x9E93
mem[X,0x00000000800018DA] -> 0x00AE
[1595] [M]: 0x00000000800018D8 (0x00AE9E93) slli t4, t4, 10
x29 <- 0x00000000B504F000
mem[X,0x00000000800018DC] -> 0x8E93
mem[X,0x00000000800018DE] -> 0x334E
[1596] [M]: 0x00000000800018DC (0x334E8E93) addi t4, t4, 820
x29 <- 0x00000000B504F334
mem[X,0x00000000800018E0] -> 0x4FB3
mem[X,0x00000000800018E2] -> 0x03DF
[1597] [M]: 0x00000000800018E0 (0x03DF4FB3) div t6, t5, t4
x31 <- 0xFFFFFFFFFFFFFFFE
mem[X,0x00000000800018E4] -> 0xBC23
mem[X,0x00000000800018E6] -> 0x0DF6
[1598] [M]: 0x00000000800018E4 (0x0DF6BC23) sd t6, 216(a3)
mem[0x000000008000D458] <- 0xFFFFFFFFFFFFFFFE
mem[X,0x00000000800018E8] -> 0x0F13
mem[X,0x00000000800018EA] -> 0x0010
[1599] [M]: 0x00000000800018E8 (0x00100F13) addi t5, zero, 1
x30 <- 0x0000000000000001
clint::tick mtime <- 0x0000000000000010
 clint timer pending at mtime 0x0000000000000010
htif::tick 0x0000000000000000
mem[X,0x00000000800018EC] -> 0x1F13
mem[X,0x00000000800018EE] -> 0x022F
[1600] [M]: 0x00000000800018EC (0x022F1F13) slli t5, t5, 34
x30 <- 0x0000000400000000
mem[X,0x00000000800018F0] -> 0x4F13
mem[X,0x00000000800018F2] -> 0xFFFF
[1601] [M]: 0x00000000800018F0 (0xFFFF4F13) xori t5, t5, 4095
x30 <- 0xFFFFFFFBFFFFFFFF
mem[X,0x00000000800018F4] -> 0x0EB7
mem[X,0x00000000800018F6] -> 0x0000
[1602] [M]: 0x00000000800018F4 (0x00000EB7) lui t4, 0
x29 <- 0x0000000000000000
mem[X,0x00000000800018F8] -> 0x8E93
mem[X,0x00000000800018FA] -> 0x000E
[1603] [M]: 0x00000000800018F8 (0x000E8E93) addi t4, t4, 0
x29 <- 0x0000000000000000
mem[X,0x00000000800018FC] -> 0x9E93
mem[X,0x00000000800018FE] -> 0x00BE
[1604] [M]: 0x00000000800018FC (0x00BE9E93) slli t4, t4, 11
x29 <- 0x0000000000000000
mem[X,0x0000000080001900] -> 0x8E93
mem[X,0x0000000080001902] -> 0x5A8E
[1605] [M]: 0x0000000080001900 (0x5A8E8E93) addi t4, t4, 1448
x29 <- 0x00000000000005A8
mem[X,0x0000000080001904] -> 0x9E93
mem[X,0x0000000080001906] -> 0x00BE
[1606] [M]: 0x0000000080001904 (0x00BE9E93) slli t4, t4, 11
x29 <- 0x00000000002D4000
mem[X,0x0000000080001908] -> 0x8E93
mem[X,0x000000008000190A] -> 0x13CE
[1607] [M]: 0x0000000080001908 (0x13CE8E93) addi t4, t4, 316
x29 <- 0x00000000002D413C
mem[X,0x000000008000190C] -> 0x9E93
mem[X,0x000000008000190E] -> 0x00AE
[1608] [M]: 0x000000008000190C (0x00AE9E93) slli t4, t4, 10
x29 <- 0x00000000B504F000
mem[X,0x0000000080001910] -> 0x8E93
mem[X,0x0000000080001912] -> 0x334E
[1609] [M]: 0x0000000080001910 (0x334E8E93) addi t4, t4, 820
x29 <- 0x00000000B504F334
mem[X,0x0000000080001914] -> 0x4FB3
mem[X,0x0000000080001916] -> 0x03DF
[1610] [M]: 0x0000000080001914 (0x03DF4FB3) div t6, t5, t4
x31 <- 0xFFFFFFFFFFFFFFFB
mem[X,0x0000000080001918] -> 0xB023
mem[X,0x000000008000191A] -> 0x0FF6
[1611] [M]: 0x0000000080001918 (0x0FF6B023) sd t6, 224(a3)
mem[0x000000008000D460] <- 0xFFFFFFFFFFFFFFFB
mem[X,0x000000008000191C] -> 0x0F13
mem[X,0x000000008000191E] -> 0x0010
[1612] [M]: 0x000000008000191C (0x00100F13) addi t5, zero, 1
x30 <- 0x0000000000000001
mem[X,0x0000000080001920] -> 0x1F13
mem[X,0x0000000080001922] -> 0x023F
[1613] [M]: 0x0000000080001920 (0x023F1F13) slli t5, t5, 35
x30 <- 0x0000000800000000
mem[X,0x0000000080001924] -> 0x4F13
mem[X,0x0000000080001926] -> 0xFFFF
[1614] [M]: 0x0000000080001924 (0xFFFF4F13) xori t5, t5, 4095
x30 <- 0xFFFFFFF7FFFFFFFF
mem[X,0x0000000080001928] -> 0x0EB7
mem[X,0x000000008000192A] -> 0x0000
[1615] [M]: 0x0000000080001928 (0x00000EB7) lui t4, 0
x29 <- 0x0000000000000000
mem[X,0x000000008000192C] -> 0x8E93
mem[X,0x000000008000192E] -> 0x000E
[1616] [M]: 0x000000008000192C (0x000E8E93) addi t4, t4, 0
x29 <- 0x0000000000000000
mem[X,0x0000000080001930] -> 0x9E93
mem[X,0x0000000080001932] -> 0x00BE
[1617] [M]: 0x0000000080001930 (0x00BE9E93) slli t4, t4, 11
x29 <- 0x0000000000000000
mem[X,0x0000000080001934] -> 0x8E93
mem[X,0x0000000080001936] -> 0x5A8E
[1618] [M]: 0x0000000080001934 (0x5A8E8E93) addi t4, t4, 1448
x29 <- 0x00000000000005A8
mem[X,0x0000000080001938] -> 0x9E93
mem[X,0x000000008000193A] -> 0x00BE
[1619] [M]: 0x0000000080001938 (0x00BE9E93) slli t4, t4, 11
x29 <- 0x00000000002D4000
mem[X,0x000000008000193C] -> 0x8E93
mem[X,0x000000008000193E] -> 0x13CE
[1620] [M]: 0x000000008000193C (0x13CE8E93) addi t4, t4, 316
x29 <- 0x00000000002D413C
mem[X,0x0000000080001940] -> 0x9E93
mem[X,0x0000000080001942] -> 0x00AE
[1621] [M]: 0x0000000080001940 (0x00AE9E93) slli t4, t4, 10
x29 <- 0x00000000B504F000
mem[X,0x0000000080001944] -> 0x8E93
mem[X,0x0000000080001946] -> 0x334E
[1622] [M]: 0x0000000080001944 (0x334E8E93) addi t4, t4, 820
x29 <- 0x00000000B504F334
mem[X,0x0000000080001948] -> 0x4FB3
mem[X,0x000000008000194A] -> 0x03DF
[1623] [M]: 0x0000000080001948 (0x03DF4FB3) div t6, t5, t4
x31 <- 0xFFFFFFFFFFFFFFF5
mem[X,0x000000008000194C] -> 0xB423
mem[X,0x000000008000194E] -> 0x0FF6
[1624] [M]: 0x000000008000194C (0x0FF6B423) sd t6, 232(a3)
mem[0x000000008000D468] <- 0xFFFFFFFFFFFFFFF5
mem[X,0x0000000080001950] -> 0x0F13
mem[X,0x0000000080001952] -> 0x0010
[1625] [M]: 0x0000000080001950 (0x00100F13) addi t5, zero, 1
x30 <- 0x0000000000000001
mem[X,0x0000000080001954] -> 0x1F13
mem[X,0x0000000080001956] -> 0x024F
[1626] [M]: 0x0000000080001954 (0x024F1F13) slli t5, t5, 36
x30 <- 0x0000001000000000
mem[X,0x0000000080001958] -> 0x4F13
mem[X,0x000000008000195A] -> 0xFFFF
[1627] [M]: 0x0000000080001958 (0xFFFF4F13) xori t5, t5, 4095
x30 <- 0xFFFFFFEFFFFFFFFF
mem[X,0x000000008000195C] -> 0x0EB7
mem[X,0x000000008000195E] -> 0x0000
[1628] [M]: 0x000000008000195C (0x00000EB7) lui t4, 0
x29 <- 0x0000000000000000
mem[X,0x0000000080001960] -> 0x8E93
mem[X,0x0000000080001962] -> 0x000E
[1629] [M]: 0x0000000080001960 (0x000E8E93) addi t4, t4, 0
x29 <- 0x0000000000000000
mem[X,0x0000000080001964] -> 0x9E93
mem[X,0x0000000080001966] -> 0x00BE
[1630] [M]: 0x0000000080001964 (0x00BE9E93) slli t4, t4, 11
x29 <- 0x0000000000000000
mem[X,0x0000000080001968] -> 0x8E93
mem[X,0x000000008000196A] -> 0x5A8E
[1631] [M]: 0x0000000080001968 (0x5A8E8E93) addi t4, t4, 1448
x29 <- 0x00000000000005A8
mem[X,0x000000008000196C] -> 0x9E93
mem[X,0x000000008000196E] -> 0x00BE
[1632] [M]: 0x000000008000196C (0x00BE9E93) slli t4, t4, 11
x29 <- 0x00000000002D4000
mem[X,0x0000000080001970] -> 0x8E93
mem[X,0x0000000080001972] -> 0x13CE
[1633] [M]: 0x0000000080001970 (0x13CE8E93) addi t4, t4, 316
x29 <- 0x00000000002D413C
mem[X,0x0000000080001974] -> 0x9E93
mem[X,0x0000000080001976] -> 0x00AE
[1634] [M]: 0x0000000080001974 (0x00AE9E93) slli t4, t4, 10
x29 <- 0x00000000B504F000
mem[X,0x0000000080001978] -> 0x8E93
mem[X,0x000000008000197A] -> 0x334E
[1635] [M]: 0x0000000080001978 (0x334E8E93) addi t4, t4, 820
x29 <- 0x00000000B504F334
mem[X,0x000000008000197C] -> 0x4FB3
mem[X,0x000000008000197E] -> 0x03DF
[1636] [M]: 0x000000008000197C (0x03DF4FB3) div t6, t5, t4
x31 <- 0xFFFFFFFFFFFFFFEA
mem[X,0x0000000080001980] -> 0xB823
mem[X,0x0000000080001982] -> 0x0FF6
[1637] [M]: 0x0000000080001980 (0x0FF6B823) sd t6, 240(a3)
mem[0x000000008000D470] <- 0xFFFFFFFFFFFFFFEA
mem[X,0x0000000080001984] -> 0x0F13
mem[X,0x0000000080001986] -> 0x0010
[1638] [M]: 0x0000000080001984 (0x00100F13) addi t5, zero, 1
x30 <- 0x0000000000000001
mem[X,0x0000000080001988] -> 0x1F13
mem[X,0x000000008000198A] -> 0x025F
[1639] [M]: 0x0000000080001988 (0x025F1F13) slli t5, t5, 37
x30 <- 0x0000002000000000
mem[X,0x000000008000198C] -> 0x4F13
mem[X,0x000000008000198E] -> 0xFFFF
[1640] [M]: 0x000000008000198C (0xFFFF4F13) xori t5, t5, 4095
x30 <- 0xFFFFFFDFFFFFFFFF
mem[X,0x0000000080001990] -> 0x0EB7
mem[X,0x0000000080001992] -> 0x0000
[1641] [M]: 0x0000000080001990 (0x00000EB7) lui t4, 0
x29 <- 0x0000000000000000
mem[X,0x0000000080001994] -> 0x8E93
mem[X,0x0000000080001996] -> 0x000E
[1642] [M]: 0x0000000080001994 (0x000E8E93) addi t4, t4, 0
x29 <- 0x0000000000000000
mem[X,0x0000000080001998] -> 0x9E93
mem[X,0x000000008000199A] -> 0x00BE
[1643] [M]: 0x0000000080001998 (0x00BE9E93) slli t4, t4, 11
x29 <- 0x0000000000000000
mem[X,0x000000008000199C] -> 0x8E93
mem[X,0x000000008000199E] -> 0x5A8E
[1644] [M]: 0x000000008000199C (0x5A8E8E93) addi t4, t4, 1448
x29 <- 0x00000000000005A8
mem[X,0x00000000800019A0] -> 0x9E93
mem[X,0x00000000800019A2] -> 0x00BE
[1645] [M]: 0x00000000800019A0 (0x00BE9E93) slli t4, t4, 11
x29 <- 0x00000000002D4000
mem[X,0x00000000800019A4] -> 0x8E93
mem[X,0x00000000800019A6] -> 0x13CE
[1646] [M]: 0x00000000800019A4 (0x13CE8E93) addi t4, t4, 316
x29 <- 0x00000000002D413C
mem[X,0x00000000800019A8] -> 0x9E93
mem[X,0x00000000800019AA] -> 0x00AE
[1647] [M]: 0x00000000800019A8 (0x00AE9E93) slli t4, t4, 10
x29 <- 0x00000000B504F000
mem[X,0x00000000800019AC] -> 0x8E93
mem[X,0x00000000800019AE] -> 0x334E
[1648] [M]: 0x00000000800019AC (0x334E8E93) addi t4, t4, 820
x29 <- 0x00000000B504F334
mem[X,0x00000000800019B0] -> 0x4FB3
mem[X,0x00000000800019B2] -> 0x03DF
[1649] [M]: 0x00000000800019B0 (0x03DF4FB3) div t6, t5, t4
x31 <- 0xFFFFFFFFFFFFFFD3
mem[X,0x00000000800019B4] -> 0xBC23
mem[X,0x00000000800019B6] -> 0x0FF6
[1650] [M]: 0x00000000800019B4 (0x0FF6BC23) sd t6, 248(a3)
mem[0x000000008000D478] <- 0xFFFFFFFFFFFFFFD3
mem[X,0x00000000800019B8] -> 0x0F13
mem[X,0x00000000800019BA] -> 0x0010
[1651] [M]: 0x00000000800019B8 (0x00100F13) addi t5, zero, 1
x30 <- 0x0000000000000001
mem[X,0x00000000800019BC] -> 0x1F13
mem[X,0x00000000800019BE] -> 0x026F
[1652] [M]: 0x00000000800019BC (0x026F1F13) slli t5, t5, 38
x30 <- 0x0000004000000000
mem[X,0x00000000800019C0] -> 0x4F13
mem[X,0x00000000800019C2] -> 0xFFFF
[1653] [M]: 0x00000000800019C0 (0xFFFF4F13) xori t5, t5, 4095
x30 <- 0xFFFFFFBFFFFFFFFF
mem[X,0x00000000800019C4] -> 0x0EB7
mem[X,0x00000000800019C6] -> 0x0000
[1654] [M]: 0x00000000800019C4 (0x00000EB7) lui t4, 0
x29 <- 0x0000000000000000
mem[X,0x00000000800019C8] -> 0x8E93
mem[X,0x00000000800019CA] -> 0x000E
[1655] [M]: 0x00000000800019C8 (0x000E8E93) addi t4, t4, 0
x29 <- 0x0000000000000000
mem[X,0x00000000800019CC] -> 0x9E93
mem[X,0x00000000800019CE] -> 0x00BE
[1656] [M]: 0x00000000800019CC (0x00BE9E93) slli t4, t4, 11
x29 <- 0x0000000000000000
mem[X,0x00000000800019D0] -> 0x8E93
mem[X,0x00000000800019D2] -> 0x5A8E
[1657] [M]: 0x00000000800019D0 (0x5A8E8E93) addi t4, t4, 1448
x29 <- 0x00000000000005A8
mem[X,0x00000000800019D4] -> 0x9E93
mem[X,0x00000000800019D6] -> 0x00BE
[1658] [M]: 0x00000000800019D4 (0x00BE9E93) slli t4, t4, 11
x29 <- 0x00000000002D4000
mem[X,0x00000000800019D8] -> 0x8E93
mem[X,0x00000000800019DA] -> 0x13CE
[1659] [M]: 0x00000000800019D8 (0x13CE8E93) addi t4, t4, 316
x29 <- 0x00000000002D413C
mem[X,0x00000000800019DC] -> 0x9E93
mem[X,0x00000000800019DE] -> 0x00AE
[1660] [M]: 0x00000000800019DC (0x00AE9E93) slli t4, t4, 10
x29 <- 0x00000000B504F000
mem[X,0x00000000800019E0] -> 0x8E93
mem[X,0x00000000800019E2] -> 0x334E
[1661] [M]: 0x00000000800019E0 (0x334E8E93) addi t4, t4, 820
x29 <- 0x00000000B504F334
mem[X,0x00000000800019E4] -> 0x4FB3
mem[X,0x00000000800019E6] -> 0x03DF
[1662] [M]: 0x00000000800019E4 (0x03DF4FB3) div t6, t5, t4
x31 <- 0xFFFFFFFFFFFFFFA6
mem[X,0x00000000800019E8] -> 0xB023
mem[X,0x00000000800019EA] -> 0x11F6
[1663] [M]: 0x00000000800019E8 (0x11F6B023) sd t6, 256(a3)
mem[0x000000008000D480] <- 0xFFFFFFFFFFFFFFA6
mem[X,0x00000000800019EC] -> 0x0F13
mem[X,0x00000000800019EE] -> 0x0010
[1664] [M]: 0x00000000800019EC (0x00100F13) addi t5, zero, 1
x30 <- 0x0000000000000001
mem[X,0x00000000800019F0] -> 0x1F13
mem[X,0x00000000800019F2] -> 0x027F
[1665] [M]: 0x00000000800019F0 (0x027F1F13) slli t5, t5, 39
x30 <- 0x0000008000000000
mem[X,0x00000000800019F4] -> 0x4F13
mem[X,0x00000000800019F6] -> 0xFFFF
[1666] [M]: 0x00000000800019F4 (0xFFFF4F13) xori t5, t5, 4095
x30 <- 0xFFFFFF7FFFFFFFFF
mem[X,0x00000000800019F8] -> 0x0EB7
mem[X,0x00000000800019FA] -> 0x0000
[1667] [M]: 0x00000000800019F8 (0x00000EB7) lui t4, 0
x29 <- 0x0000000000000000
mem[X,0x00000000800019FC] -> 0x8E93
mem[X,0x00000000800019FE] -> 0x000E
[1668] [M]: 0x00000000800019FC (0x000E8E93) addi t4, t4, 0
x29 <- 0x0000000000000000
mem[X,0x0000000080001A00] -> 0x9E93
mem[X,0x0000000080001A02] -> 0x00BE
[1669] [M]: 0x0000000080001A00 (0x00BE9E93) slli t4, t4, 11
x29 <- 0x0000000000000000
mem[X,0x0000000080001A04] -> 0x8E93
mem[X,0x0000000080001A06] -> 0x5A8E
[1670] [M]: 0x0000000080001A04 (0x5A8E8E93) addi t4, t4, 1448
x29 <- 0x00000000000005A8
mem[X,0x0000000080001A08] -> 0x9E93
mem[X,0x0000000080001A0A] -> 0x00BE
[1671] [M]: 0x0000000080001A08 (0x00BE9E93) slli t4, t4, 11
x29 <- 0x00000000002D4000
mem[X,0x0000000080001A0C] -> 0x8E93
mem[X,0x0000000080001A0E] -> 0x13CE
[1672] [M]: 0x0000000080001A0C (0x13CE8E93) addi t4, t4, 316
x29 <- 0x00000000002D413C
mem[X,0x0000000080001A10] -> 0x9E93
mem[X,0x0000000080001A12] -> 0x00AE
[1673] [M]: 0x0000000080001A10 (0x00AE9E93) slli t4, t4, 10
x29 <- 0x00000000B504F000
mem[X,0x0000000080001A14] -> 0x8E93
mem[X,0x0000000080001A16] -> 0x334E
[1674] [M]: 0x0000000080001A14 (0x334E8E93) addi t4, t4, 820
x29 <- 0x00000000B504F334
mem[X,0x0000000080001A18] -> 0x4FB3
mem[X,0x0000000080001A1A] -> 0x03DF
[1675] [M]: 0x0000000080001A18 (0x03DF4FB3) div t6, t5, t4
x31 <- 0xFFFFFFFFFFFFFF4B
mem[X,0x0000000080001A1C] -> 0xB423
mem[X,0x0000000080001A1E] -> 0x11F6
[1676] [M]: 0x0000000080001A1C (0x11F6B423) sd t6, 264(a3)
mem[0x000000008000D488] <- 0xFFFFFFFFFFFFFF4B
mem[X,0x0000000080001A20] -> 0x0F13
mem[X,0x0000000080001A22] -> 0x0010
[1677] [M]: 0x0000000080001A20 (0x00100F13) addi t5, zero, 1
x30 <- 0x0000000000000001
mem[X,0x0000000080001A24] -> 0x1F13
mem[X,0x0000000080001A26] -> 0x028F
[1678] [M]: 0x0000000080001A24 (0x028F1F13) slli t5, t5, 40
x30 <- 0x0000010000000000
mem[X,0x0000000080001A28] -> 0x4F13
mem[X,0x0000000080001A2A] -> 0xFFFF
[1679] [M]: 0x0000000080001A28 (0xFFFF4F13) xori t5, t5, 4095
x30 <- 0xFFFFFEFFFFFFFFFF
mem[X,0x0000000080001A2C] -> 0x0EB7
mem[X,0x0000000080001A2E] -> 0x0000
[1680] [M]: 0x0000000080001A2C (0x00000EB7) lui t4, 0
x29 <- 0x0000000000000000
mem[X,0x0000000080001A30] -> 0x8E93
mem[X,0x0000000080001A32] -> 0x000E
[1681] [M]: 0x0000000080001A30 (0x000E8E93) addi t4, t4, 0
x29 <- 0x0000000000000000
mem[X,0x0000000080001A34] -> 0x9E93
mem[X,0x0000000080001A36] -> 0x00BE
[1682] [M]: 0x0000000080001A34 (0x00BE9E93) slli t4, t4, 11
x29 <- 0x0000000000000000
mem[X,0x0000000080001A38] -> 0x8E93
mem[X,0x0000000080001A3A] -> 0x5A8E
[1683] [M]: 0x0000000080001A38 (0x5A8E8E93) addi t4, t4, 1448
x29 <- 0x00000000000005A8
mem[X,0x0000000080001A3C] -> 0x9E93
mem[X,0x0000000080001A3E] -> 0x00BE
[1684] [M]: 0x0000000080001A3C (0x00BE9E93) slli t4, t4, 11
x29 <- 0x00000000002D4000
mem[X,0x0000000080001A40] -> 0x8E93
mem[X,0x0000000080001A42] -> 0x13CE
[1685] [M]: 0x0000000080001A40 (0x13CE8E93) addi t4, t4, 316
x29 <- 0x00000000002D413C
mem[X,0x0000000080001A44] -> 0x9E93
mem[X,0x0000000080001A46] -> 0x00AE
[1686] [M]: 0x0000000080001A44 (0x00AE9E93) slli t4, t4, 10
x29 <- 0x00000000B504F000
mem[X,0x0000000080001A48] -> 0x8E93
mem[X,0x0000000080001A4A] -> 0x334E
[1687] [M]: 0x0000000080001A48 (0x334E8E93) addi t4, t4, 820
x29 <- 0x00000000B504F334
mem[X,0x0000000080001A4C] -> 0x4FB3
mem[X,0x0000000080001A4E] -> 0x03DF
[1688] [M]: 0x0000000080001A4C (0x03DF4FB3) div t6, t5, t4
x31 <- 0xFFFFFFFFFFFFFE96
mem[X,0x0000000080001A50] -> 0xB823
mem[X,0x0000000080001A52] -> 0x11F6
[1689] [M]: 0x0000000080001A50 (0x11F6B823) sd t6, 272(a3)
mem[0x000000008000D490] <- 0xFFFFFFFFFFFFFE96
mem[X,0x0000000080001A54] -> 0x0F13
mem[X,0x0000000080001A56] -> 0x0010
[1690] [M]: 0x0000000080001A54 (0x00100F13) addi t5, zero, 1
x30 <- 0x0000000000000001
mem[X,0x0000000080001A58] -> 0x1F13
mem[X,0x0000000080001A5A] -> 0x029F
[1691] [M]: 0x0000000080001A58 (0x029F1F13) slli t5, t5, 41
x30 <- 0x0000020000000000
mem[X,0x0000000080001A5C] -> 0x4F13
mem[X,0x0000000080001A5E] -> 0xFFFF
[1692] [M]: 0x0000000080001A5C (0xFFFF4F13) xori t5, t5, 4095
x30 <- 0xFFFFFDFFFFFFFFFF
mem[X,0x0000000080001A60] -> 0x0EB7
mem[X,0x0000000080001A62] -> 0x0000
[1693] [M]: 0x0000000080001A60 (0x00000EB7) lui t4, 0
x29 <- 0x0000000000000000
mem[X,0x0000000080001A64] -> 0x8E93
mem[X,0x0000000080001A66] -> 0x000E
[1694] [M]: 0x0000000080001A64 (0x000E8E93) addi t4, t4, 0
x29 <- 0x0000000000000000
mem[X,0x0000000080001A68] -> 0x9E93
mem[X,0x0000000080001A6A] -> 0x00BE
[1695] [M]: 0x0000000080001A68 (0x00BE9E93) slli t4, t4, 11
x29 <- 0x0000000000000000
mem[X,0x0000000080001A6C] -> 0x8E93
mem[X,0x0000000080001A6E] -> 0x5A8E
[1696] [M]: 0x0000000080001A6C (0x5A8E8E93) addi t4, t4, 1448
x29 <- 0x00000000000005A8
mem[X,0x0000000080001A70] -> 0x9E93
mem[X,0x0000000080001A72] -> 0x00BE
[1697] [M]: 0x0000000080001A70 (0x00BE9E93) slli t4, t4, 11
x29 <- 0x00000000002D4000
mem[X,0x0000000080001A74] -> 0x8E93
mem[X,0x0000000080001A76] -> 0x13CE
[1698] [M]: 0x0000000080001A74 (0x13CE8E93) addi t4, t4, 316
x29 <- 0x00000000002D413C
mem[X,0x0000000080001A78] -> 0x9E93
mem[X,0x0000000080001A7A] -> 0x00AE
[1699] [M]: 0x0000000080001A78 (0x00AE9E93) slli t4, t4, 10
x29 <- 0x00000000B504F000
clint::tick mtime <- 0x0000000000000011
 clint timer pending at mtime 0x0000000000000011
htif::tick 0x0000000000000000
mem[X,0x0000000080001A7C] -> 0x8E93
mem[X,0x0000000080001A7E] -> 0x334E
[1700] [M]: 0x0000000080001A7C (0x334E8E93) addi t4, t4, 820
x29 <- 0x00000000B504F334
mem[X,0x0000000080001A80] -> 0x4FB3
mem[X,0x0000000080001A82] -> 0x03DF
[1701] [M]: 0x0000000080001A80 (0x03DF4FB3) div t6, t5, t4
x31 <- 0xFFFFFFFFFFFFFD2C
mem[X,0x0000000080001A84] -> 0xBC23
mem[X,0x0000000080001A86] -> 0x11F6
[1702] [M]: 0x0000000080001A84 (0x11F6BC23) sd t6, 280(a3)
mem[0x000000008000D498] <- 0xFFFFFFFFFFFFFD2C
mem[X,0x0000000080001A88] -> 0x0F13
mem[X,0x0000000080001A8A] -> 0x0010
[1703] [M]: 0x0000000080001A88 (0x00100F13) addi t5, zero, 1
x30 <- 0x0000000000000001
mem[X,0x0000000080001A8C] -> 0x1F13
mem[X,0x0000000080001A8E] -> 0x02AF
[1704] [M]: 0x0000000080001A8C (0x02AF1F13) slli t5, t5, 42
x30 <- 0x0000040000000000
mem[X,0x0000000080001A90] -> 0x4F13
mem[X,0x0000000080001A92] -> 0xFFFF
[1705] [M]: 0x0000000080001A90 (0xFFFF4F13) xori t5, t5, 4095
x30 <- 0xFFFFFBFFFFFFFFFF
mem[X,0x0000000080001A94] -> 0x0EB7
mem[X,0x0000000080001A96] -> 0x0000
[1706] [M]: 0x0000000080001A94 (0x00000EB7) lui t4, 0
x29 <- 0x0000000000000000
mem[X,0x0000000080001A98] -> 0x8E93
mem[X,0x0000000080001A9A] -> 0x000E
[1707] [M]: 0x0000000080001A98 (0x000E8E93) addi t4, t4, 0
x29 <- 0x0000000000000000
mem[X,0x0000000080001A9C] -> 0x9E93
mem[X,0x0000000080001A9E] -> 0x00BE
[1708] [M]: 0x0000000080001A9C (0x00BE9E93) slli t4, t4, 11
x29 <- 0x0000000000000000
mem[X,0x0000000080001AA0] -> 0x8E93
mem[X,0x0000000080001AA2] -> 0x5A8E
[1709] [M]: 0x0000000080001AA0 (0x5A8E8E93) addi t4, t4, 1448
x29 <- 0x00000000000005A8
mem[X,0x0000000080001AA4] -> 0x9E93
mem[X,0x0000000080001AA6] -> 0x00BE
[1710] [M]: 0x0000000080001AA4 (0x00BE9E93) slli t4, t4, 11
x29 <- 0x00000000002D4000
mem[X,0x0000000080001AA8] -> 0x8E93
mem[X,0x0000000080001AAA] -> 0x13CE
[1711] [M]: 0x0000000080001AA8 (0x13CE8E93) addi t4, t4, 316
x29 <- 0x00000000002D413C
mem[X,0x0000000080001AAC] -> 0x9E93
mem[X,0x0000000080001AAE] -> 0x00AE
[1712] [M]: 0x0000000080001AAC (0x00AE9E93) slli t4, t4, 10
x29 <- 0x00000000B504F000
mem[X,0x0000000080001AB0] -> 0x8E93
mem[X,0x0000000080001AB2] -> 0x334E
[1713] [M]: 0x0000000080001AB0 (0x334E8E93) addi t4, t4, 820
x29 <- 0x00000000B504F334
mem[X,0x0000000080001AB4] -> 0x4FB3
mem[X,0x0000000080001AB6] -> 0x03DF
[1714] [M]: 0x0000000080001AB4 (0x03DF4FB3) div t6, t5, t4
x31 <- 0xFFFFFFFFFFFFFA58
mem[X,0x0000000080001AB8] -> 0xB023
mem[X,0x0000000080001ABA] -> 0x13F6
[1715] [M]: 0x0000000080001AB8 (0x13F6B023) sd t6, 288(a3)
mem[0x000000008000D4A0] <- 0xFFFFFFFFFFFFFA58
mem[X,0x0000000080001ABC] -> 0x0F13
mem[X,0x0000000080001ABE] -> 0x0010
[1716] [M]: 0x0000000080001ABC (0x00100F13) addi t5, zero, 1
x30 <- 0x0000000000000001
mem[X,0x0000000080001AC0] -> 0x1F13
mem[X,0x0000000080001AC2] -> 0x02BF
[1717] [M]: 0x0000000080001AC0 (0x02BF1F13) slli t5, t5, 43
x30 <- 0x0000080000000000
mem[X,0x0000000080001AC4] -> 0x4F13
mem[X,0x0000000080001AC6] -> 0xFFFF
[1718] [M]: 0x0000000080001AC4 (0xFFFF4F13) xori t5, t5, 4095
x30 <- 0xFFFFF7FFFFFFFFFF
mem[X,0x0000000080001AC8] -> 0x0EB7
mem[X,0x0000000080001ACA] -> 0x0000
[1719] [M]: 0x0000000080001AC8 (0x00000EB7) lui t4, 0
x29 <- 0x0000000000000000
mem[X,0x0000000080001ACC] -> 0x8E93
mem[X,0x0000000080001ACE] -> 0x000E
[1720] [M]: 0x0000000080001ACC (0x000E8E93) addi t4, t4, 0
x29 <- 0x0000000000000000
mem[X,0x0000000080001AD0] -> 0x9E93
mem[X,0x0000000080001AD2] -> 0x00BE
[1721] [M]: 0x0000000080001AD0 (0x00BE9E93) slli t4, t4, 11
x29 <- 0x0000000000000000
mem[X,0x0000000080001AD4] -> 0x8E93
mem[X,0x0000000080001AD6] -> 0x5A8E
[1722] [M]: 0x0000000080001AD4 (0x5A8E8E93) addi t4, t4, 1448
x29 <- 0x00000000000005A8
mem[X,0x0000000080001AD8] -> 0x9E93
mem[X,0x0000000080001ADA] -> 0x00BE
[1723] [M]: 0x0000000080001AD8 (0x00BE9E93) slli t4, t4, 11
x29 <- 0x00000000002D4000
mem[X,0x0000000080001ADC] -> 0x8E93
mem[X,0x0000000080001ADE] -> 0x13CE
[1724] [M]: 0x0000000080001ADC (0x13CE8E93) addi t4, t4, 316
x29 <- 0x00000000002D413C
mem[X,0x0000000080001AE0] -> 0x9E93
mem[X,0x0000000080001AE2] -> 0x00AE
[1725] [M]: 0x0000000080001AE0 (0x00AE9E93) slli t4, t4, 10
x29 <- 0x00000000B504F000
mem[X,0x0000000080001AE4] -> 0x8E93
mem[X,0x0000000080001AE6] -> 0x334E
[1726] [M]: 0x0000000080001AE4 (0x334E8E93) addi t4, t4, 820
x29 <- 0x00000000B504F334
mem[X,0x0000000080001AE8] -> 0x4FB3
mem[X,0x0000000080001AEA] -> 0x03DF
[1727] [M]: 0x0000000080001AE8 (0x03DF4FB3) div t6, t5, t4
x31 <- 0xFFFFFFFFFFFFF4B0
mem[X,0x0000000080001AEC] -> 0xB423
mem[X,0x0000000080001AEE] -> 0x13F6
[1728] [M]: 0x0000000080001AEC (0x13F6B423) sd t6, 296(a3)
mem[0x000000008000D4A8] <- 0xFFFFFFFFFFFFF4B0
mem[X,0x0000000080001AF0] -> 0x0F13
mem[X,0x0000000080001AF2] -> 0x0010
[1729] [M]: 0x0000000080001AF0 (0x00100F13) addi t5, zero, 1
x30 <- 0x0000000000000001
mem[X,0x0000000080001AF4] -> 0x1F13
mem[X,0x0000000080001AF6] -> 0x02CF
[1730] [M]: 0x0000000080001AF4 (0x02CF1F13) slli t5, t5, 44
x30 <- 0x0000100000000000
mem[X,0x0000000080001AF8] -> 0x4F13
mem[X,0x0000000080001AFA] -> 0xFFFF
[1731] [M]: 0x0000000080001AF8 (0xFFFF4F13) xori t5, t5, 4095
x30 <- 0xFFFFEFFFFFFFFFFF
mem[X,0x0000000080001AFC] -> 0x0EB7
mem[X,0x0000000080001AFE] -> 0x0000
[1732] [M]: 0x0000000080001AFC (0x00000EB7) lui t4, 0
x29 <- 0x0000000000000000
mem[X,0x0000000080001B00] -> 0x8E93
mem[X,0x0000000080001B02] -> 0x000E
[1733] [M]: 0x0000000080001B00 (0x000E8E93) addi t4, t4, 0
x29 <- 0x0000000000000000
mem[X,0x0000000080001B04] -> 0x9E93
mem[X,0x0000000080001B06] -> 0x00BE
[1734] [M]: 0x0000000080001B04 (0x00BE9E93) slli t4, t4, 11
x29 <- 0x0000000000000000
mem[X,0x0000000080001B08] -> 0x8E93
mem[X,0x0000000080001B0A] -> 0x5A8E
[1735] [M]: 0x0000000080001B08 (0x5A8E8E93) addi t4, t4, 1448
x29 <- 0x00000000000005A8
mem[X,0x0000000080001B0C] -> 0x9E93
mem[X,0x0000000080001B0E] -> 0x00BE
[1736] [M]: 0x0000000080001B0C (0x00BE9E93) slli t4, t4, 11
x29 <- 0x00000000002D4000
mem[X,0x0000000080001B10] -> 0x8E93
mem[X,0x0000000080001B12] -> 0x13CE
[1737] [M]: 0x0000000080001B10 (0x13CE8E93) addi t4, t4, 316
x29 <- 0x00000000002D413C
mem[X,0x0000000080001B14] -> 0x9E93
mem[X,0x0000000080001B16] -> 0x00AE
[1738] [M]: 0x0000000080001B14 (0x00AE9E93) slli t4, t4, 10
x29 <- 0x00000000B504F000
mem[X,0x0000000080001B18] -> 0x8E93
mem[X,0x0000000080001B1A] -> 0x334E
[1739] [M]: 0x0000000080001B18 (0x334E8E93) addi t4, t4, 820
x29 <- 0x00000000B504F334
mem[X,0x0000000080001B1C] -> 0x4FB3
mem[X,0x0000000080001B1E] -> 0x03DF
[1740] [M]: 0x0000000080001B1C (0x03DF4FB3) div t6, t5, t4
x31 <- 0xFFFFFFFFFFFFE960
mem[X,0x0000000080001B20] -> 0xB823
mem[X,0x0000000080001B22] -> 0x13F6
[1741] [M]: 0x0000000080001B20 (0x13F6B823) sd t6, 304(a3)
mem[0x000000008000D4B0] <- 0xFFFFFFFFFFFFE960
mem[X,0x0000000080001B24] -> 0x0F13
mem[X,0x0000000080001B26] -> 0x0010
[1742] [M]: 0x0000000080001B24 (0x00100F13) addi t5, zero, 1
x30 <- 0x0000000000000001
mem[X,0x0000000080001B28] -> 0x1F13
mem[X,0x0000000080001B2A] -> 0x02DF
[1743] [M]: 0x0000000080001B28 (0x02DF1F13) slli t5, t5, 45
x30 <- 0x0000200000000000
mem[X,0x0000000080001B2C] -> 0x4F13
mem[X,0x0000000080001B2E] -> 0xFFFF
[1744] [M]: 0x0000000080001B2C (0xFFFF4F13) xori t5, t5, 4095
x30 <- 0xFFFFDFFFFFFFFFFF
mem[X,0x0000000080001B30] -> 0x0EB7
mem[X,0x0000000080001B32] -> 0x0000
[1745] [M]: 0x0000000080001B30 (0x00000EB7) lui t4, 0
x29 <- 0x0000000000000000
mem[X,0x0000000080001B34] -> 0x8E93
mem[X,0x0000000080001B36] -> 0x000E
[1746] [M]: 0x0000000080001B34 (0x000E8E93) addi t4, t4, 0
x29 <- 0x0000000000000000
mem[X,0x0000000080001B38] -> 0x9E93
mem[X,0x0000000080001B3A] -> 0x00BE
[1747] [M]: 0x0000000080001B38 (0x00BE9E93) slli t4, t4, 11
x29 <- 0x0000000000000000
mem[X,0x0000000080001B3C] -> 0x8E93
mem[X,0x0000000080001B3E] -> 0x5A8E
[1748] [M]: 0x0000000080001B3C (0x5A8E8E93) addi t4, t4, 1448
x29 <- 0x00000000000005A8
mem[X,0x0000000080001B40] -> 0x9E93
mem[X,0x0000000080001B42] -> 0x00BE
[1749] [M]: 0x0000000080001B40 (0x00BE9E93) slli t4, t4, 11
x29 <- 0x00000000002D4000
mem[X,0x0000000080001B44] -> 0x8E93
mem[X,0x0000000080001B46] -> 0x13CE
[1750] [M]: 0x0000000080001B44 (0x13CE8E93) addi t4, t4, 316
x29 <- 0x00000000002D413C
mem[X,0x0000000080001B48] -> 0x9E93
mem[X,0x0000000080001B4A] -> 0x00AE
[1751] [M]: 0x0000000080001B48 (0x00AE9E93) slli t4, t4, 10
x29 <- 0x00000000B504F000
mem[X,0x0000000080001B4C] -> 0x8E93
mem[X,0x0000000080001B4E] -> 0x334E
[1752] [M]: 0x0000000080001B4C (0x334E8E93) addi t4, t4, 820
x29 <- 0x00000000B504F334
mem[X,0x0000000080001B50] -> 0x4FB3
mem[X,0x0000000080001B52] -> 0x03DF
[1753] [M]: 0x0000000080001B50 (0x03DF4FB3) div t6, t5, t4
x31 <- 0xFFFFFFFFFFFFD2BF
mem[X,0x0000000080001B54] -> 0xBC23
mem[X,0x0000000080001B56] -> 0x13F6
[1754] [M]: 0x0000000080001B54 (0x13F6BC23) sd t6, 312(a3)
mem[0x000000008000D4B8] <- 0xFFFFFFFFFFFFD2BF
mem[X,0x0000000080001B58] -> 0x0F13
mem[X,0x0000000080001B5A] -> 0x0010
[1755] [M]: 0x0000000080001B58 (0x00100F13) addi t5, zero, 1
x30 <- 0x0000000000000001
mem[X,0x0000000080001B5C] -> 0x1F13
mem[X,0x0000000080001B5E] -> 0x02EF
[1756] [M]: 0x0000000080001B5C (0x02EF1F13) slli t5, t5, 46
x30 <- 0x0000400000000000
mem[X,0x0000000080001B60] -> 0x4F13
mem[X,0x0000000080001B62] -> 0xFFFF
[1757] [M]: 0x0000000080001B60 (0xFFFF4F13) xori t5, t5, 4095
x30 <- 0xFFFFBFFFFFFFFFFF
mem[X,0x0000000080001B64] -> 0x0EB7
mem[X,0x0000000080001B66] -> 0x0000
[1758] [M]: 0x0000000080001B64 (0x00000EB7) lui t4, 0
x29 <- 0x0000000000000000
mem[X,0x0000000080001B68] -> 0x8E93
mem[X,0x0000000080001B6A] -> 0x000E
[1759] [M]: 0x0000000080001B68 (0x000E8E93) addi t4, t4, 0
x29 <- 0x0000000000000000
mem[X,0x0000000080001B6C] -> 0x9E93
mem[X,0x0000000080001B6E] -> 0x00BE
[1760] [M]: 0x0000000080001B6C (0x00BE9E93) slli t4, t4, 11
x29 <- 0x0000000000000000
mem[X,0x0000000080001B70] -> 0x8E93
mem[X,0x0000000080001B72] -> 0x5A8E
[1761] [M]: 0x0000000080001B70 (0x5A8E8E93) addi t4, t4, 1448
x29 <- 0x00000000000005A8
mem[X,0x0000000080001B74] -> 0x9E93
mem[X,0x0000000080001B76] -> 0x00BE
[1762] [M]: 0x0000000080001B74 (0x00BE9E93) slli t4, t4, 11
x29 <- 0x00000000002D4000
mem[X,0x0000000080001B78] -> 0x8E93
mem[X,0x0000000080001B7A] -> 0x13CE
[1763] [M]: 0x0000000080001B78 (0x13CE8E93) addi t4, t4, 316
x29 <- 0x00000000002D413C
mem[X,0x0000000080001B7C] -> 0x9E93
mem[X,0x0000000080001B7E] -> 0x00AE
[1764] [M]: 0x0000000080001B7C (0x00AE9E93) slli t4, t4, 10
x29 <- 0x00000000B504F000
mem[X,0x0000000080001B80] -> 0x8E93
mem[X,0x0000000080001B82] -> 0x334E
[1765] [M]: 0x0000000080001B80 (0x334E8E93) addi t4, t4, 820
x29 <- 0x00000000B504F334
mem[X,0x0000000080001B84] -> 0x4FB3
mem[X,0x0000000080001B86] -> 0x03DF
[1766] [M]: 0x0000000080001B84 (0x03DF4FB3) div t6, t5, t4
x31 <- 0xFFFFFFFFFFFFA57E
mem[X,0x0000000080001B88] -> 0xB023
mem[X,0x0000000080001B8A] -> 0x15F6
[1767] [M]: 0x0000000080001B88 (0x15F6B023) sd t6, 320(a3)
mem[0x000000008000D4C0] <- 0xFFFFFFFFFFFFA57E
mem[X,0x0000000080001B8C] -> 0x0F13
mem[X,0x0000000080001B8E] -> 0x0010
[1768] [M]: 0x0000000080001B8C (0x00100F13) addi t5, zero, 1
x30 <- 0x0000000000000001
mem[X,0x0000000080001B90] -> 0x1F13
mem[X,0x0000000080001B92] -> 0x02FF
[1769] [M]: 0x0000000080001B90 (0x02FF1F13) slli t5, t5, 47
x30 <- 0x0000800000000000
mem[X,0x0000000080001B94] -> 0x4F13
mem[X,0x0000000080001B96] -> 0xFFFF
[1770] [M]: 0x0000000080001B94 (0xFFFF4F13) xori t5, t5, 4095
x30 <- 0xFFFF7FFFFFFFFFFF
mem[X,0x0000000080001B98] -> 0x0EB7
mem[X,0x0000000080001B9A] -> 0x0000
[1771] [M]: 0x0000000080001B98 (0x00000EB7) lui t4, 0
x29 <- 0x0000000000000000
mem[X,0x0000000080001B9C] -> 0x8E93
mem[X,0x0000000080001B9E] -> 0x000E
[1772] [M]: 0x0000000080001B9C (0x000E8E93) addi t4, t4, 0
x29 <- 0x0000000000000000
mem[X,0x0000000080001BA0] -> 0x9E93
mem[X,0x0000000080001BA2] -> 0x00BE
[1773] [M]: 0x0000000080001BA0 (0x00BE9E93) slli t4, t4, 11
x29 <- 0x0000000000000000
mem[X,0x0000000080001BA4] -> 0x8E93
mem[X,0x0000000080001BA6] -> 0x5A8E
[1774] [M]: 0x0000000080001BA4 (0x5A8E8E93) addi t4, t4, 1448
x29 <- 0x00000000000005A8
mem[X,0x0000000080001BA8] -> 0x9E93
mem[X,0x0000000080001BAA] -> 0x00BE
[1775] [M]: 0x0000000080001BA8 (0x00BE9E93) slli t4, t4, 11
x29 <- 0x00000000002D4000
mem[X,0x0000000080001BAC] -> 0x8E93
mem[X,0x0000000080001BAE] -> 0x13CE
[1776] [M]: 0x0000000080001BAC (0x13CE8E93) addi t4, t4, 316
x29 <- 0x00000000002D413C
mem[X,0x0000000080001BB0] -> 0x9E93
mem[X,0x0000000080001BB2] -> 0x00AE
[1777] [M]: 0x0000000080001BB0 (0x00AE9E93) slli t4, t4, 10
x29 <- 0x00000000B504F000
mem[X,0x0000000080001BB4] -> 0x8E93
mem[X,0x0000000080001BB6] -> 0x334E
[1778] [M]: 0x0000000080001BB4 (0x334E8E93) addi t4, t4, 820
x29 <- 0x00000000B504F334
mem[X,0x0000000080001BB8] -> 0x4FB3
mem[X,0x0000000080001BBA] -> 0x03DF
[1779] [M]: 0x0000000080001BB8 (0x03DF4FB3) div t6, t5, t4
x31 <- 0xFFFFFFFFFFFF4AFC
mem[X,0x0000000080001BBC] -> 0xB423
mem[X,0x0000000080001BBE] -> 0x15F6
[1780] [M]: 0x0000000080001BBC (0x15F6B423) sd t6, 328(a3)
mem[0x000000008000D4C8] <- 0xFFFFFFFFFFFF4AFC
mem[X,0x0000000080001BC0] -> 0x0F13
mem[X,0x0000000080001BC2] -> 0x0010
[1781] [M]: 0x0000000080001BC0 (0x00100F13) addi t5, zero, 1
x30 <- 0x0000000000000001
mem[X,0x0000000080001BC4] -> 0x1F13
mem[X,0x0000000080001BC6] -> 0x030F
[1782] [M]: 0x0000000080001BC4 (0x030F1F13) slli t5, t5, 48
x30 <- 0x0001000000000000
mem[X,0x0000000080001BC8] -> 0x4F13
mem[X,0x0000000080001BCA] -> 0xFFFF
[1783] [M]: 0x0000000080001BC8 (0xFFFF4F13) xori t5, t5, 4095
x30 <- 0xFFFEFFFFFFFFFFFF
mem[X,0x0000000080001BCC] -> 0x0EB7
mem[X,0x0000000080001BCE] -> 0x0000
[1784] [M]: 0x0000000080001BCC (0x00000EB7) lui t4, 0
x29 <- 0x0000000000000000
mem[X,0x0000000080001BD0] -> 0x8E93
mem[X,0x0000000080001BD2] -> 0x000E
[1785] [M]: 0x0000000080001BD0 (0x000E8E93) addi t4, t4, 0
x29 <- 0x0000000000000000
mem[X,0x0000000080001BD4] -> 0x9E93
mem[X,0x0000000080001BD6] -> 0x00BE
[1786] [M]: 0x0000000080001BD4 (0x00BE9E93) slli t4, t4, 11
x29 <- 0x0000000000000000
mem[X,0x0000000080001BD8] -> 0x8E93
mem[X,0x0000000080001BDA] -> 0x5A8E
[1787] [M]: 0x0000000080001BD8 (0x5A8E8E93) addi t4, t4, 1448
x29 <- 0x00000000000005A8
mem[X,0x0000000080001BDC] -> 0x9E93
mem[X,0x0000000080001BDE] -> 0x00BE
[1788] [M]: 0x0000000080001BDC (0x00BE9E93) slli t4, t4, 11
x29 <- 0x00000000002D4000
mem[X,0x0000000080001BE0] -> 0x8E93
mem[X,0x0000000080001BE2] -> 0x13CE
[1789] [M]: 0x0000000080001BE0 (0x13CE8E93) addi t4, t4, 316
x29 <- 0x00000000002D413C
mem[X,0x0000000080001BE4] -> 0x9E93
mem[X,0x0000000080001BE6] -> 0x00AE
[1790] [M]: 0x0000000080001BE4 (0x00AE9E93) slli t4, t4, 10
x29 <- 0x00000000B504F000
mem[X,0x0000000080001BE8] -> 0x8E93
mem[X,0x0000000080001BEA] -> 0x334E
[1791] [M]: 0x0000000080001BE8 (0x334E8E93) addi t4, t4, 820
x29 <- 0x00000000B504F334
mem[X,0x0000000080001BEC] -> 0x4FB3
mem[X,0x0000000080001BEE] -> 0x03DF
[1792] [M]: 0x0000000080001BEC (0x03DF4FB3) div t6, t5, t4
x31 <- 0xFFFFFFFFFFFE95F7
mem[X,0x0000000080001BF0] -> 0xB823
mem[X,0x0000000080001BF2] -> 0x15F6
[1793] [M]: 0x0000000080001BF0 (0x15F6B823) sd t6, 336(a3)
mem[0x000000008000D4D0] <- 0xFFFFFFFFFFFE95F7
mem[X,0x0000000080001BF4] -> 0x0F13
mem[X,0x0000000080001BF6] -> 0x0010
[1794] [M]: 0x0000000080001BF4 (0x00100F13) addi t5, zero, 1
x30 <- 0x0000000000000001
mem[X,0x0000000080001BF8] -> 0x1F13
mem[X,0x0000000080001BFA] -> 0x031F
[1795] [M]: 0x0000000080001BF8 (0x031F1F13) slli t5, t5, 49
x30 <- 0x0002000000000000
mem[X,0x0000000080001BFC] -> 0x4F13
mem[X,0x0000000080001BFE] -> 0xFFFF
[1796] [M]: 0x0000000080001BFC (0xFFFF4F13) xori t5, t5, 4095
x30 <- 0xFFFDFFFFFFFFFFFF
mem[X,0x0000000080001C00] -> 0x0EB7
mem[X,0x0000000080001C02] -> 0x0000
[1797] [M]: 0x0000000080001C00 (0x00000EB7) lui t4, 0
x29 <- 0x0000000000000000
mem[X,0x0000000080001C04] -> 0x8E93
mem[X,0x0000000080001C06] -> 0x000E
[1798] [M]: 0x0000000080001C04 (0x000E8E93) addi t4, t4, 0
x29 <- 0x0000000000000000
mem[X,0x0000000080001C08] -> 0x9E93
mem[X,0x0000000080001C0A] -> 0x00BE
[1799] [M]: 0x0000000080001C08 (0x00BE9E93) slli t4, t4, 11
x29 <- 0x0000000000000000
clint::tick mtime <- 0x0000000000000012
 clint timer pending at mtime 0x0000000000000012
htif::tick 0x0000000000000000
mem[X,0x0000000080001C0C] -> 0x8E93
mem[X,0x0000000080001C0E] -> 0x5A8E
[1800] [M]: 0x0000000080001C0C (0x5A8E8E93) addi t4, t4, 1448
x29 <- 0x00000000000005A8
mem[X,0x0000000080001C10] -> 0x9E93
mem[X,0x0000000080001C12] -> 0x00BE
[1801] [M]: 0x0000000080001C10 (0x00BE9E93) slli t4, t4, 11
x29 <- 0x00000000002D4000
mem[X,0x0000000080001C14] -> 0x8E93
mem[X,0x0000000080001C16] -> 0x13CE
[1802] [M]: 0x0000000080001C14 (0x13CE8E93) addi t4, t4, 316
x29 <- 0x00000000002D413C
mem[X,0x0000000080001C18] -> 0x9E93
mem[X,0x0000000080001C1A] -> 0x00AE
[1803] [M]: 0x0000000080001C18 (0x00AE9E93) slli t4, t4, 10
x29 <- 0x00000000B504F000
mem[X,0x0000000080001C1C] -> 0x8E93
mem[X,0x0000000080001C1E] -> 0x334E
[1804] [M]: 0x0000000080001C1C (0x334E8E93) addi t4, t4, 820
x29 <- 0x00000000B504F334
mem[X,0x0000000080001C20] -> 0x4FB3
mem[X,0x0000000080001C22] -> 0x03DF
[1805] [M]: 0x0000000080001C20 (0x03DF4FB3) div t6, t5, t4
x31 <- 0xFFFFFFFFFFFD2BED
mem[X,0x0000000080001C24] -> 0xBC23
mem[X,0x0000000080001C26] -> 0x15F6
[1806] [M]: 0x0000000080001C24 (0x15F6BC23) sd t6, 344(a3)
mem[0x000000008000D4D8] <- 0xFFFFFFFFFFFD2BED
mem[X,0x0000000080001C28] -> 0x0F13
mem[X,0x0000000080001C2A] -> 0x0010
[1807] [M]: 0x0000000080001C28 (0x00100F13) addi t5, zero, 1
x30 <- 0x0000000000000001
mem[X,0x0000000080001C2C] -> 0x1F13
mem[X,0x0000000080001C2E] -> 0x032F
[1808] [M]: 0x0000000080001C2C (0x032F1F13) slli t5, t5, 50
x30 <- 0x0004000000000000
mem[X,0x0000000080001C30] -> 0x4F13
mem[X,0x0000000080001C32] -> 0xFFFF
[1809] [M]: 0x0000000080001C30 (0xFFFF4F13) xori t5, t5, 4095
x30 <- 0xFFFBFFFFFFFFFFFF
mem[X,0x0000000080001C34] -> 0x0EB7
mem[X,0x0000000080001C36] -> 0x0000
[1810] [M]: 0x0000000080001C34 (0x00000EB7) lui t4, 0
x29 <- 0x0000000000000000
mem[X,0x0000000080001C38] -> 0x8E93
mem[X,0x0000000080001C3A] -> 0x000E
[1811] [M]: 0x0000000080001C38 (0x000E8E93) addi t4, t4, 0
x29 <- 0x0000000000000000
mem[X,0x0000000080001C3C] -> 0x9E93
mem[X,0x0000000080001C3E] -> 0x00BE
[1812] [M]: 0x0000000080001C3C (0x00BE9E93) slli t4, t4, 11
x29 <- 0x0000000000000000
mem[X,0x0000000080001C40] -> 0x8E93
mem[X,0x0000000080001C42] -> 0x5A8E
[1813] [M]: 0x0000000080001C40 (0x5A8E8E93) addi t4, t4, 1448
x29 <- 0x00000000000005A8
mem[X,0x0000000080001C44] -> 0x9E93
mem[X,0x0000000080001C46] -> 0x00BE
[1814] [M]: 0x0000000080001C44 (0x00BE9E93) slli t4, t4, 11
x29 <- 0x00000000002D4000
mem[X,0x0000000080001C48] -> 0x8E93
mem[X,0x0000000080001C4A] -> 0x13CE
[1815] [M]: 0x0000000080001C48 (0x13CE8E93) addi t4, t4, 316
x29 <- 0x00000000002D413C
mem[X,0x0000000080001C4C] -> 0x9E93
mem[X,0x0000000080001C4E] -> 0x00AE
[1816] [M]: 0x0000000080001C4C (0x00AE9E93) slli t4, t4, 10
x29 <- 0x00000000B504F000
mem[X,0x0000000080001C50] -> 0x8E93
mem[X,0x0000000080001C52] -> 0x334E
[1817] [M]: 0x0000000080001C50 (0x334E8E93) addi t4, t4, 820
x29 <- 0x00000000B504F334
mem[X,0x0000000080001C54] -> 0x4FB3
mem[X,0x0000000080001C56] -> 0x03DF
[1818] [M]: 0x0000000080001C54 (0x03DF4FB3) div t6, t5, t4
x31 <- 0xFFFFFFFFFFFA57D9
mem[X,0x0000000080001C58] -> 0xB023
mem[X,0x0000000080001C5A] -> 0x17F6
[1819] [M]: 0x0000000080001C58 (0x17F6B023) sd t6, 352(a3)
mem[0x000000008000D4E0] <- 0xFFFFFFFFFFFA57D9
mem[X,0x0000000080001C5C] -> 0x0F13
mem[X,0x0000000080001C5E] -> 0x0010
[1820] [M]: 0x0000000080001C5C (0x00100F13) addi t5, zero, 1
x30 <- 0x0000000000000001
mem[X,0x0000000080001C60] -> 0x1F13
mem[X,0x0000000080001C62] -> 0x033F
[1821] [M]: 0x0000000080001C60 (0x033F1F13) slli t5, t5, 51
x30 <- 0x0008000000000000
mem[X,0x0000000080001C64] -> 0x4F13
mem[X,0x0000000080001C66] -> 0xFFFF
[1822] [M]: 0x0000000080001C64 (0xFFFF4F13) xori t5, t5, 4095
x30 <- 0xFFF7FFFFFFFFFFFF
mem[X,0x0000000080001C68] -> 0x0EB7
mem[X,0x0000000080001C6A] -> 0x0000
[1823] [M]: 0x0000000080001C68 (0x00000EB7) lui t4, 0
x29 <- 0x0000000000000000
mem[X,0x0000000080001C6C] -> 0x8E93
mem[X,0x0000000080001C6E] -> 0x000E
[1824] [M]: 0x0000000080001C6C (0x000E8E93) addi t4, t4, 0
x29 <- 0x0000000000000000
mem[X,0x0000000080001C70] -> 0x9E93
mem[X,0x0000000080001C72] -> 0x00BE
[1825] [M]: 0x0000000080001C70 (0x00BE9E93) slli t4, t4, 11
x29 <- 0x0000000000000000
mem[X,0x0000000080001C74] -> 0x8E93
mem[X,0x0000000080001C76] -> 0x5A8E
[1826] [M]: 0x0000000080001C74 (0x5A8E8E93) addi t4, t4, 1448
x29 <- 0x00000000000005A8
mem[X,0x0000000080001C78] -> 0x9E93
mem[X,0x0000000080001C7A] -> 0x00BE
[1827] [M]: 0x0000000080001C78 (0x00BE9E93) slli t4, t4, 11
x29 <- 0x00000000002D4000
mem[X,0x0000000080001C7C] -> 0x8E93
mem[X,0x0000000080001C7E] -> 0x13CE
[1828] [M]: 0x0000000080001C7C (0x13CE8E93) addi t4, t4, 316
x29 <- 0x00000000002D413C
mem[X,0x0000000080001C80] -> 0x9E93
mem[X,0x0000000080001C82] -> 0x00AE
[1829] [M]: 0x0000000080001C80 (0x00AE9E93) slli t4, t4, 10
x29 <- 0x00000000B504F000
mem[X,0x0000000080001C84] -> 0x8E93
mem[X,0x0000000080001C86] -> 0x334E
[1830] [M]: 0x0000000080001C84 (0x334E8E93) addi t4, t4, 820
x29 <- 0x00000000B504F334
mem[X,0x0000000080001C88] -> 0x4FB3
mem[X,0x0000000080001C8A] -> 0x03DF
[1831] [M]: 0x0000000080001C88 (0x03DF4FB3) div t6, t5, t4
x31 <- 0xFFFFFFFFFFF4AFB1
mem[X,0x0000000080001C8C] -> 0xB423
mem[X,0x0000000080001C8E] -> 0x17F6
[1832] [M]: 0x0000000080001C8C (0x17F6B423) sd t6, 360(a3)
mem[0x000000008000D4E8] <- 0xFFFFFFFFFFF4AFB1
mem[X,0x0000000080001C90] -> 0x0F13
mem[X,0x0000000080001C92] -> 0x0010
[1833] [M]: 0x0000000080001C90 (0x00100F13) addi t5, zero, 1
x30 <- 0x0000000000000001
mem[X,0x0000000080001C94] -> 0x1F13
mem[X,0x0000000080001C96] -> 0x034F
[1834] [M]: 0x0000000080001C94 (0x034F1F13) slli t5, t5, 52
x30 <- 0x0010000000000000
mem[X,0x0000000080001C98] -> 0x4F13
mem[X,0x0000000080001C9A] -> 0xFFFF
[1835] [M]: 0x0000000080001C98 (0xFFFF4F13) xori t5, t5, 4095
x30 <- 0xFFEFFFFFFFFFFFFF
mem[X,0x0000000080001C9C] -> 0x0EB7
mem[X,0x0000000080001C9E] -> 0x0000
[1836] [M]: 0x0000000080001C9C (0x00000EB7) lui t4, 0
x29 <- 0x0000000000000000
mem[X,0x0000000080001CA0] -> 0x8E93
mem[X,0x0000000080001CA2] -> 0x000E
[1837] [M]: 0x0000000080001CA0 (0x000E8E93) addi t4, t4, 0
x29 <- 0x0000000000000000
mem[X,0x0000000080001CA4] -> 0x9E93
mem[X,0x0000000080001CA6] -> 0x00BE
[1838] [M]: 0x0000000080001CA4 (0x00BE9E93) slli t4, t4, 11
x29 <- 0x0000000000000000
mem[X,0x0000000080001CA8] -> 0x8E93
mem[X,0x0000000080001CAA] -> 0x5A8E
[1839] [M]: 0x0000000080001CA8 (0x5A8E8E93) addi t4, t4, 1448
x29 <- 0x00000000000005A8
mem[X,0x0000000080001CAC] -> 0x9E93
mem[X,0x0000000080001CAE] -> 0x00BE
[1840] [M]: 0x0000000080001CAC (0x00BE9E93) slli t4, t4, 11
x29 <- 0x00000000002D4000
mem[X,0x0000000080001CB0] -> 0x8E93
mem[X,0x0000000080001CB2] -> 0x13CE
[1841] [M]: 0x0000000080001CB0 (0x13CE8E93) addi t4, t4, 316
x29 <- 0x00000000002D413C
mem[X,0x0000000080001CB4] -> 0x9E93
mem[X,0x0000000080001CB6] -> 0x00AE
[1842] [M]: 0x0000000080001CB4 (0x00AE9E93) slli t4, t4, 10
x29 <- 0x00000000B504F000
mem[X,0x0000000080001CB8] -> 0x8E93
mem[X,0x0000000080001CBA] -> 0x334E
[1843] [M]: 0x0000000080001CB8 (0x334E8E93) addi t4, t4, 820
x29 <- 0x00000000B504F334
mem[X,0x0000000080001CBC] -> 0x4FB3
mem[X,0x0000000080001CBE] -> 0x03DF
[1844] [M]: 0x0000000080001CBC (0x03DF4FB3) div t6, t5, t4
x31 <- 0xFFFFFFFFFFE95F62
mem[X,0x0000000080001CC0] -> 0xB823
mem[X,0x0000000080001CC2] -> 0x17F6
[1845] [M]: 0x0000000080001CC0 (0x17F6B823) sd t6, 368(a3)
mem[0x000000008000D4F0] <- 0xFFFFFFFFFFE95F62
mem[X,0x0000000080001CC4] -> 0x0F13
mem[X,0x0000000080001CC6] -> 0x0010
[1846] [M]: 0x0000000080001CC4 (0x00100F13) addi t5, zero, 1
x30 <- 0x0000000000000001
mem[X,0x0000000080001CC8] -> 0x1F13
mem[X,0x0000000080001CCA] -> 0x035F
[1847] [M]: 0x0000000080001CC8 (0x035F1F13) slli t5, t5, 53
x30 <- 0x0020000000000000
mem[X,0x0000000080001CCC] -> 0x4F13
mem[X,0x0000000080001CCE] -> 0xFFFF
[1848] [M]: 0x0000000080001CCC (0xFFFF4F13) xori t5, t5, 4095
x30 <- 0xFFDFFFFFFFFFFFFF
mem[X,0x0000000080001CD0] -> 0x0EB7
mem[X,0x0000000080001CD2] -> 0x0000
[1849] [M]: 0x0000000080001CD0 (0x00000EB7) lui t4, 0
x29 <- 0x0000000000000000
mem[X,0x0000000080001CD4] -> 0x8E93
mem[X,0x0000000080001CD6] -> 0x000E
[1850] [M]: 0x0000000080001CD4 (0x000E8E93) addi t4, t4, 0
x29 <- 0x0000000000000000
mem[X,0x0000000080001CD8] -> 0x9E93
mem[X,0x0000000080001CDA] -> 0x00BE
[1851] [M]: 0x0000000080001CD8 (0x00BE9E93) slli t4, t4, 11
x29 <- 0x0000000000000000
mem[X,0x0000000080001CDC] -> 0x8E93
mem[X,0x0000000080001CDE] -> 0x5A8E
[1852] [M]: 0x0000000080001CDC (0x5A8E8E93) addi t4, t4, 1448
x29 <- 0x00000000000005A8
mem[X,0x0000000080001CE0] -> 0x9E93
mem[X,0x0000000080001CE2] -> 0x00BE
[1853] [M]: 0x0000000080001CE0 (0x00BE9E93) slli t4, t4, 11
x29 <- 0x00000000002D4000
mem[X,0x0000000080001CE4] -> 0x8E93
mem[X,0x0000000080001CE6] -> 0x13CE
[1854] [M]: 0x0000000080001CE4 (0x13CE8E93) addi t4, t4, 316
x29 <- 0x00000000002D413C
mem[X,0x0000000080001CE8] -> 0x9E93
mem[X,0x0000000080001CEA] -> 0x00AE
[1855] [M]: 0x0000000080001CE8 (0x00AE9E93) slli t4, t4, 10
x29 <- 0x00000000B504F000
mem[X,0x0000000080001CEC] -> 0x8E93
mem[X,0x0000000080001CEE] -> 0x334E
[1856] [M]: 0x0000000080001CEC (0x334E8E93) addi t4, t4, 820
x29 <- 0x00000000B504F334
mem[X,0x0000000080001CF0] -> 0x4FB3
mem[X,0x0000000080001CF2] -> 0x03DF
[1857] [M]: 0x0000000080001CF0 (0x03DF4FB3) div t6, t5, t4
x31 <- 0xFFFFFFFFFFD2BEC4
mem[X,0x0000000080001CF4] -> 0xBC23
mem[X,0x0000000080001CF6] -> 0x17F6
[1858] [M]: 0x0000000080001CF4 (0x17F6BC23) sd t6, 376(a3)
mem[0x000000008000D4F8] <- 0xFFFFFFFFFFD2BEC4
mem[X,0x0000000080001CF8] -> 0x0F13
mem[X,0x0000000080001CFA] -> 0x0010
[1859] [M]: 0x0000000080001CF8 (0x00100F13) addi t5, zero, 1
x30 <- 0x0000000000000001
mem[X,0x0000000080001CFC] -> 0x1F13
mem[X,0x0000000080001CFE] -> 0x036F
[1860] [M]: 0x0000000080001CFC (0x036F1F13) slli t5, t5, 54
x30 <- 0x0040000000000000
mem[X,0x0000000080001D00] -> 0x4F13
mem[X,0x0000000080001D02] -> 0xFFFF
[1861] [M]: 0x0000000080001D00 (0xFFFF4F13) xori t5, t5, 4095
x30 <- 0xFFBFFFFFFFFFFFFF
mem[X,0x0000000080001D04] -> 0x0EB7
mem[X,0x0000000080001D06] -> 0x0000
[1862] [M]: 0x0000000080001D04 (0x00000EB7) lui t4, 0
x29 <- 0x0000000000000000
mem[X,0x0000000080001D08] -> 0x8E93
mem[X,0x0000000080001D0A] -> 0x000E
[1863] [M]: 0x0000000080001D08 (0x000E8E93) addi t4, t4, 0
x29 <- 0x0000000000000000
mem[X,0x0000000080001D0C] -> 0x9E93
mem[X,0x0000000080001D0E] -> 0x00BE
[1864] [M]: 0x0000000080001D0C (0x00BE9E93) slli t4, t4, 11
x29 <- 0x0000000000000000
mem[X,0x0000000080001D10] -> 0x8E93
mem[X,0x0000000080001D12] -> 0x5A8E
[1865] [M]: 0x0000000080001D10 (0x5A8E8E93) addi t4, t4, 1448
x29 <- 0x00000000000005A8
mem[X,0x0000000080001D14] -> 0x9E93
mem[X,0x0000000080001D16] -> 0x00BE
[1866] [M]: 0x0000000080001D14 (0x00BE9E93) slli t4, t4, 11
x29 <- 0x00000000002D4000
mem[X,0x0000000080001D18] -> 0x8E93
mem[X,0x0000000080001D1A] -> 0x13CE
[1867] [M]: 0x0000000080001D18 (0x13CE8E93) addi t4, t4, 316
x29 <- 0x00000000002D413C
mem[X,0x0000000080001D1C] -> 0x9E93
mem[X,0x0000000080001D1E] -> 0x00AE
[1868] [M]: 0x0000000080001D1C (0x00AE9E93) slli t4, t4, 10
x29 <- 0x00000000B504F000
mem[X,0x0000000080001D20] -> 0x8E93
mem[X,0x0000000080001D22] -> 0x334E
[1869] [M]: 0x0000000080001D20 (0x334E8E93) addi t4, t4, 820
x29 <- 0x00000000B504F334
mem[X,0x0000000080001D24] -> 0x4FB3
mem[X,0x0000000080001D26] -> 0x03DF
[1870] [M]: 0x0000000080001D24 (0x03DF4FB3) div t6, t5, t4
x31 <- 0xFFFFFFFFFFA57D87
mem[X,0x0000000080001D28] -> 0xB023
mem[X,0x0000000080001D2A] -> 0x19F6
[1871] [M]: 0x0000000080001D28 (0x19F6B023) sd t6, 384(a3)
mem[0x000000008000D500] <- 0xFFFFFFFFFFA57D87
mem[X,0x0000000080001D2C] -> 0x0F13
mem[X,0x0000000080001D2E] -> 0x0010
[1872] [M]: 0x0000000080001D2C (0x00100F13) addi t5, zero, 1
x30 <- 0x0000000000000001
mem[X,0x0000000080001D30] -> 0x1F13
mem[X,0x0000000080001D32] -> 0x037F
[1873] [M]: 0x0000000080001D30 (0x037F1F13) slli t5, t5, 55
x30 <- 0x0080000000000000
mem[X,0x0000000080001D34] -> 0x4F13
mem[X,0x0000000080001D36] -> 0xFFFF
[1874] [M]: 0x0000000080001D34 (0xFFFF4F13) xori t5, t5, 4095
x30 <- 0xFF7FFFFFFFFFFFFF
mem[X,0x0000000080001D38] -> 0x0EB7
mem[X,0x0000000080001D3A] -> 0x0000
[1875] [M]: 0x0000000080001D38 (0x00000EB7) lui t4, 0
x29 <- 0x0000000000000000
mem[X,0x0000000080001D3C] -> 0x8E93
mem[X,0x0000000080001D3E] -> 0x000E
[1876] [M]: 0x0000000080001D3C (0x000E8E93) addi t4, t4, 0
x29 <- 0x0000000000000000
mem[X,0x0000000080001D40] -> 0x9E93
mem[X,0x0000000080001D42] -> 0x00BE
[1877] [M]: 0x0000000080001D40 (0x00BE9E93) slli t4, t4, 11
x29 <- 0x0000000000000000
mem[X,0x0000000080001D44] -> 0x8E93
mem[X,0x0000000080001D46] -> 0x5A8E
[1878] [M]: 0x0000000080001D44 (0x5A8E8E93) addi t4, t4, 1448
x29 <- 0x00000000000005A8
mem[X,0x0000000080001D48] -> 0x9E93
mem[X,0x0000000080001D4A] -> 0x00BE
[1879] [M]: 0x0000000080001D48 (0x00BE9E93) slli t4, t4, 11
x29 <- 0x00000000002D4000
mem[X,0x0000000080001D4C] -> 0x8E93
mem[X,0x0000000080001D4E] -> 0x13CE
[1880] [M]: 0x0000000080001D4C (0x13CE8E93) addi t4, t4, 316
x29 <- 0x00000000002D413C
mem[X,0x0000000080001D50] -> 0x9E93
mem[X,0x0000000080001D52] -> 0x00AE
[1881] [M]: 0x0000000080001D50 (0x00AE9E93) slli t4, t4, 10
x29 <- 0x00000000B504F000
mem[X,0x0000000080001D54] -> 0x8E93
mem[X,0x0000000080001D56] -> 0x334E
[1882] [M]: 0x0000000080001D54 (0x334E8E93) addi t4, t4, 820
x29 <- 0x00000000B504F334
mem[X,0x0000000080001D58] -> 0x4FB3
mem[X,0x0000000080001D5A] -> 0x03DF
[1883] [M]: 0x0000000080001D58 (0x03DF4FB3) div t6, t5, t4
x31 <- 0xFFFFFFFFFF4AFB0D
mem[X,0x0000000080001D5C] -> 0xB423
mem[X,0x0000000080001D5E] -> 0x19F6
[1884] [M]: 0x0000000080001D5C (0x19F6B423) sd t6, 392(a3)
mem[0x000000008000D508] <- 0xFFFFFFFFFF4AFB0D
mem[X,0x0000000080001D60] -> 0x0F13
mem[X,0x0000000080001D62] -> 0x0010
[1885] [M]: 0x0000000080001D60 (0x00100F13) addi t5, zero, 1
x30 <- 0x0000000000000001
mem[X,0x0000000080001D64] -> 0x1F13
mem[X,0x0000000080001D66] -> 0x038F
[1886] [M]: 0x0000000080001D64 (0x038F1F13) slli t5, t5, 56
x30 <- 0x0100000000000000
mem[X,0x0000000080001D68] -> 0x4F13
mem[X,0x0000000080001D6A] -> 0xFFFF
[1887] [M]: 0x0000000080001D68 (0xFFFF4F13) xori t5, t5, 4095
x30 <- 0xFEFFFFFFFFFFFFFF
mem[X,0x0000000080001D6C] -> 0x0EB7
mem[X,0x0000000080001D6E] -> 0x0000
[1888] [M]: 0x0000000080001D6C (0x00000EB7) lui t4, 0
x29 <- 0x0000000000000000
mem[X,0x0000000080001D70] -> 0x8E93
mem[X,0x0000000080001D72] -> 0x000E
[1889] [M]: 0x0000000080001D70 (0x000E8E93) addi t4, t4, 0
x29 <- 0x0000000000000000
mem[X,0x0000000080001D74] -> 0x9E93
mem[X,0x0000000080001D76] -> 0x00BE
[1890] [M]: 0x0000000080001D74 (0x00BE9E93) slli t4, t4, 11
x29 <- 0x0000000000000000
mem[X,0x0000000080001D78] -> 0x8E93
mem[X,0x0000000080001D7A] -> 0x5A8E
[1891] [M]: 0x0000000080001D78 (0x5A8E8E93) addi t4, t4, 1448
x29 <- 0x00000000000005A8
mem[X,0x0000000080001D7C] -> 0x9E93
mem[X,0x0000000080001D7E] -> 0x00BE
[1892] [M]: 0x0000000080001D7C (0x00BE9E93) slli t4, t4, 11
x29 <- 0x00000000002D4000
mem[X,0x0000000080001D80] -> 0x8E93
mem[X,0x0000000080001D82] -> 0x13CE
[1893] [M]: 0x0000000080001D80 (0x13CE8E93) addi t4, t4, 316
x29 <- 0x00000000002D413C
mem[X,0x0000000080001D84] -> 0x9E93
mem[X,0x0000000080001D86] -> 0x00AE
[1894] [M]: 0x0000000080001D84 (0x00AE9E93) slli t4, t4, 10
x29 <- 0x00000000B504F000
mem[X,0x0000000080001D88] -> 0x8E93
mem[X,0x0000000080001D8A] -> 0x334E
[1895] [M]: 0x0000000080001D88 (0x334E8E93) addi t4, t4, 820
x29 <- 0x00000000B504F334
mem[X,0x0000000080001D8C] -> 0x4FB3
mem[X,0x0000000080001D8E] -> 0x03DF
[1896] [M]: 0x0000000080001D8C (0x03DF4FB3) div t6, t5, t4
x31 <- 0xFFFFFFFFFE95F61A
mem[X,0x0000000080001D90] -> 0xB823
mem[X,0x0000000080001D92] -> 0x19F6
[1897] [M]: 0x0000000080001D90 (0x19F6B823) sd t6, 400(a3)
mem[0x000000008000D510] <- 0xFFFFFFFFFE95F61A
mem[X,0x0000000080001D94] -> 0x0F13
mem[X,0x0000000080001D96] -> 0x0010
[1898] [M]: 0x0000000080001D94 (0x00100F13) addi t5, zero, 1
x30 <- 0x0000000000000001
mem[X,0x0000000080001D98] -> 0x1F13
mem[X,0x0000000080001D9A] -> 0x039F
[1899] [M]: 0x0000000080001D98 (0x039F1F13) slli t5, t5, 57
x30 <- 0x0200000000000000
clint::tick mtime <- 0x0000000000000013
 clint timer pending at mtime 0x0000000000000013
htif::tick 0x0000000000000000
mem[X,0x0000000080001D9C] -> 0x4F13
mem[X,0x0000000080001D9E] -> 0xFFFF
[1900] [M]: 0x0000000080001D9C (0xFFFF4F13) xori t5, t5, 4095
x30 <- 0xFDFFFFFFFFFFFFFF
mem[X,0x0000000080001DA0] -> 0x0EB7
mem[X,0x0000000080001DA2] -> 0x0000
[1901] [M]: 0x0000000080001DA0 (0x00000EB7) lui t4, 0
x29 <- 0x0000000000000000
mem[X,0x0000000080001DA4] -> 0x8E93
mem[X,0x0000000080001DA6] -> 0x000E
[1902] [M]: 0x0000000080001DA4 (0x000E8E93) addi t4, t4, 0
x29 <- 0x0000000000000000
mem[X,0x0000000080001DA8] -> 0x9E93
mem[X,0x0000000080001DAA] -> 0x00BE
[1903] [M]: 0x0000000080001DA8 (0x00BE9E93) slli t4, t4, 11
x29 <- 0x0000000000000000
mem[X,0x0000000080001DAC] -> 0x8E93
mem[X,0x0000000080001DAE] -> 0x5A8E
[1904] [M]: 0x0000000080001DAC (0x5A8E8E93) addi t4, t4, 1448
x29 <- 0x00000000000005A8
mem[X,0x0000000080001DB0] -> 0x9E93
mem[X,0x0000000080001DB2] -> 0x00BE
[1905] [M]: 0x0000000080001DB0 (0x00BE9E93) slli t4, t4, 11
x29 <- 0x00000000002D4000
mem[X,0x0000000080001DB4] -> 0x8E93
mem[X,0x0000000080001DB6] -> 0x13CE
[1906] [M]: 0x0000000080001DB4 (0x13CE8E93) addi t4, t4, 316
x29 <- 0x00000000002D413C
mem[X,0x0000000080001DB8] -> 0x9E93
mem[X,0x0000000080001DBA] -> 0x00AE
[1907] [M]: 0x0000000080001DB8 (0x00AE9E93) slli t4, t4, 10
x29 <- 0x00000000B504F000
mem[X,0x0000000080001DBC] -> 0x8E93
mem[X,0x0000000080001DBE] -> 0x334E
[1908] [M]: 0x0000000080001DBC (0x334E8E93) addi t4, t4, 820
x29 <- 0x00000000B504F334
mem[X,0x0000000080001DC0] -> 0x4FB3
mem[X,0x0000000080001DC2] -> 0x03DF
[1909] [M]: 0x0000000080001DC0 (0x03DF4FB3) div t6, t5, t4
x31 <- 0xFFFFFFFFFD2BEC34
mem[X,0x0000000080001DC4] -> 0xBC23
mem[X,0x0000000080001DC6] -> 0x19F6
[1910] [M]: 0x0000000080001DC4 (0x19F6BC23) sd t6, 408(a3)
mem[0x000000008000D518] <- 0xFFFFFFFFFD2BEC34
mem[X,0x0000000080001DC8] -> 0x0F13
mem[X,0x0000000080001DCA] -> 0x0010
[1911] [M]: 0x0000000080001DC8 (0x00100F13) addi t5, zero, 1
x30 <- 0x0000000000000001
mem[X,0x0000000080001DCC] -> 0x1F13
mem[X,0x0000000080001DCE] -> 0x03AF
[1912] [M]: 0x0000000080001DCC (0x03AF1F13) slli t5, t5, 58
x30 <- 0x0400000000000000
mem[X,0x0000000080001DD0] -> 0x4F13
mem[X,0x0000000080001DD2] -> 0xFFFF
[1913] [M]: 0x0000000080001DD0 (0xFFFF4F13) xori t5, t5, 4095
x30 <- 0xFBFFFFFFFFFFFFFF
mem[X,0x0000000080001DD4] -> 0x0EB7
mem[X,0x0000000080001DD6] -> 0x0000
[1914] [M]: 0x0000000080001DD4 (0x00000EB7) lui t4, 0
x29 <- 0x0000000000000000
mem[X,0x0000000080001DD8] -> 0x8E93
mem[X,0x0000000080001DDA] -> 0x000E
[1915] [M]: 0x0000000080001DD8 (0x000E8E93) addi t4, t4, 0
x29 <- 0x0000000000000000
mem[X,0x0000000080001DDC] -> 0x9E93
mem[X,0x0000000080001DDE] -> 0x00BE
[1916] [M]: 0x0000000080001DDC (0x00BE9E93) slli t4, t4, 11
x29 <- 0x0000000000000000
mem[X,0x0000000080001DE0] -> 0x8E93
mem[X,0x0000000080001DE2] -> 0x5A8E
[1917] [M]: 0x0000000080001DE0 (0x5A8E8E93) addi t4, t4, 1448
x29 <- 0x00000000000005A8
mem[X,0x0000000080001DE4] -> 0x9E93
mem[X,0x0000000080001DE6] -> 0x00BE
[1918] [M]: 0x0000000080001DE4 (0x00BE9E93) slli t4, t4, 11
x29 <- 0x00000000002D4000
mem[X,0x0000000080001DE8] -> 0x8E93
mem[X,0x0000000080001DEA] -> 0x13CE
[1919] [M]: 0x0000000080001DE8 (0x13CE8E93) addi t4, t4, 316
x29 <- 0x00000000002D413C
mem[X,0x0000000080001DEC] -> 0x9E93
mem[X,0x0000000080001DEE] -> 0x00AE
[1920] [M]: 0x0000000080001DEC (0x00AE9E93) slli t4, t4, 10
x29 <- 0x00000000B504F000
mem[X,0x0000000080001DF0] -> 0x8E93
mem[X,0x0000000080001DF2] -> 0x334E
[1921] [M]: 0x0000000080001DF0 (0x334E8E93) addi t4, t4, 820
x29 <- 0x00000000B504F334
mem[X,0x0000000080001DF4] -> 0x4FB3
mem[X,0x0000000080001DF6] -> 0x03DF
[1922] [M]: 0x0000000080001DF4 (0x03DF4FB3) div t6, t5, t4
x31 <- 0xFFFFFFFFFA57D867
mem[X,0x0000000080001DF8] -> 0xB023
mem[X,0x0000000080001DFA] -> 0x1BF6
[1923] [M]: 0x0000000080001DF8 (0x1BF6B023) sd t6, 416(a3)
mem[0x000000008000D520] <- 0xFFFFFFFFFA57D867
mem[X,0x0000000080001DFC] -> 0x0F13
mem[X,0x0000000080001DFE] -> 0x0010
[1924] [M]: 0x0000000080001DFC (0x00100F13) addi t5, zero, 1
x30 <- 0x0000000000000001
mem[X,0x0000000080001E00] -> 0x1F13
mem[X,0x0000000080001E02] -> 0x03BF
[1925] [M]: 0x0000000080001E00 (0x03BF1F13) slli t5, t5, 59
x30 <- 0x0800000000000000
mem[X,0x0000000080001E04] -> 0x4F13
mem[X,0x0000000080001E06] -> 0xFFFF
[1926] [M]: 0x0000000080001E04 (0xFFFF4F13) xori t5, t5, 4095
x30 <- 0xF7FFFFFFFFFFFFFF
mem[X,0x0000000080001E08] -> 0x0EB7
mem[X,0x0000000080001E0A] -> 0x0000
[1927] [M]: 0x0000000080001E08 (0x00000EB7) lui t4, 0
x29 <- 0x0000000000000000
mem[X,0x0000000080001E0C] -> 0x8E93
mem[X,0x0000000080001E0E] -> 0x000E
[1928] [M]: 0x0000000080001E0C (0x000E8E93) addi t4, t4, 0
x29 <- 0x0000000000000000
mem[X,0x0000000080001E10] -> 0x9E93
mem[X,0x0000000080001E12] -> 0x00BE
[1929] [M]: 0x0000000080001E10 (0x00BE9E93) slli t4, t4, 11
x29 <- 0x0000000000000000
mem[X,0x0000000080001E14] -> 0x8E93
mem[X,0x0000000080001E16] -> 0x5A8E
[1930] [M]: 0x0000000080001E14 (0x5A8E8E93) addi t4, t4, 1448
x29 <- 0x00000000000005A8
mem[X,0x0000000080001E18] -> 0x9E93
mem[X,0x0000000080001E1A] -> 0x00BE
[1931] [M]: 0x0000000080001E18 (0x00BE9E93) slli t4, t4, 11
x29 <- 0x00000000002D4000
mem[X,0x0000000080001E1C] -> 0x8E93
mem[X,0x0000000080001E1E] -> 0x13CE
[1932] [M]: 0x0000000080001E1C (0x13CE8E93) addi t4, t4, 316
x29 <- 0x00000000002D413C
mem[X,0x0000000080001E20] -> 0x9E93
mem[X,0x0000000080001E22] -> 0x00AE
[1933] [M]: 0x0000000080001E20 (0x00AE9E93) slli t4, t4, 10
x29 <- 0x00000000B504F000
mem[X,0x0000000080001E24] -> 0x8E93
mem[X,0x0000000080001E26] -> 0x334E
[1934] [M]: 0x0000000080001E24 (0x334E8E93) addi t4, t4, 820
x29 <- 0x00000000B504F334
mem[X,0x0000000080001E28] -> 0x4FB3
mem[X,0x0000000080001E2A] -> 0x03DF
[1935] [M]: 0x0000000080001E28 (0x03DF4FB3) div t6, t5, t4
x31 <- 0xFFFFFFFFF4AFB0CD
mem[X,0x0000000080001E2C] -> 0xB423
mem[X,0x0000000080001E2E] -> 0x1BF6
[1936] [M]: 0x0000000080001E2C (0x1BF6B423) sd t6, 424(a3)
mem[0x000000008000D528] <- 0xFFFFFFFFF4AFB0CD
mem[X,0x0000000080001E30] -> 0x0F13
mem[X,0x0000000080001E32] -> 0x0010
[1937] [M]: 0x0000000080001E30 (0x00100F13) addi t5, zero, 1
x30 <- 0x0000000000000001
mem[X,0x0000000080001E34] -> 0x1F13
mem[X,0x0000000080001E36] -> 0x03CF
[1938] [M]: 0x0000000080001E34 (0x03CF1F13) slli t5, t5, 60
x30 <- 0x1000000000000000
mem[X,0x0000000080001E38] -> 0x4F13
mem[X,0x0000000080001E3A] -> 0xFFFF
[1939] [M]: 0x0000000080001E38 (0xFFFF4F13) xori t5, t5, 4095
x30 <- 0xEFFFFFFFFFFFFFFF
mem[X,0x0000000080001E3C] -> 0x0EB7
mem[X,0x0000000080001E3E] -> 0x0000
[1940] [M]: 0x0000000080001E3C (0x00000EB7) lui t4, 0
x29 <- 0x0000000000000000
mem[X,0x0000000080001E40] -> 0x8E93
mem[X,0x0000000080001E42] -> 0x000E
[1941] [M]: 0x0000000080001E40 (0x000E8E93) addi t4, t4, 0
x29 <- 0x0000000000000000
mem[X,0x0000000080001E44] -> 0x9E93
mem[X,0x0000000080001E46] -> 0x00BE
[1942] [M]: 0x0000000080001E44 (0x00BE9E93) slli t4, t4, 11
x29 <- 0x0000000000000000
mem[X,0x0000000080001E48] -> 0x8E93
mem[X,0x0000000080001E4A] -> 0x5A8E
[1943] [M]: 0x0000000080001E48 (0x5A8E8E93) addi t4, t4, 1448
x29 <- 0x00000000000005A8
mem[X,0x0000000080001E4C] -> 0x9E93
mem[X,0x0000000080001E4E] -> 0x00BE
[1944] [M]: 0x0000000080001E4C (0x00BE9E93) slli t4, t4, 11
x29 <- 0x00000000002D4000
mem[X,0x0000000080001E50] -> 0x8E93
mem[X,0x0000000080001E52] -> 0x13CE
[1945] [M]: 0x0000000080001E50 (0x13CE8E93) addi t4, t4, 316
x29 <- 0x00000000002D413C
mem[X,0x0000000080001E54] -> 0x9E93
mem[X,0x0000000080001E56] -> 0x00AE
[1946] [M]: 0x0000000080001E54 (0x00AE9E93) slli t4, t4, 10
x29 <- 0x00000000B504F000
mem[X,0x0000000080001E58] -> 0x8E93
mem[X,0x0000000080001E5A] -> 0x334E
[1947] [M]: 0x0000000080001E58 (0x334E8E93) addi t4, t4, 820
x29 <- 0x00000000B504F334
mem[X,0x0000000080001E5C] -> 0x4FB3
mem[X,0x0000000080001E5E] -> 0x03DF
[1948] [M]: 0x0000000080001E5C (0x03DF4FB3) div t6, t5, t4
x31 <- 0xFFFFFFFFE95F619A
mem[X,0x0000000080001E60] -> 0xB823
mem[X,0x0000000080001E62] -> 0x1BF6
[1949] [M]: 0x0000000080001E60 (0x1BF6B823) sd t6, 432(a3)
mem[0x000000008000D530] <- 0xFFFFFFFFE95F619A
mem[X,0x0000000080001E64] -> 0x0F13
mem[X,0x0000000080001E66] -> 0x0010
[1950] [M]: 0x0000000080001E64 (0x00100F13) addi t5, zero, 1
x30 <- 0x0000000000000001
mem[X,0x0000000080001E68] -> 0x1F13
mem[X,0x0000000080001E6A] -> 0x03DF
[1951] [M]: 0x0000000080001E68 (0x03DF1F13) slli t5, t5, 61
x30 <- 0x2000000000000000
mem[X,0x0000000080001E6C] -> 0x4F13
mem[X,0x0000000080001E6E] -> 0xFFFF
[1952] [M]: 0x0000000080001E6C (0xFFFF4F13) xori t5, t5, 4095
x30 <- 0xDFFFFFFFFFFFFFFF
mem[X,0x0000000080001E70] -> 0x0EB7
mem[X,0x0000000080001E72] -> 0x0000
[1953] [M]: 0x0000000080001E70 (0x00000EB7) lui t4, 0
x29 <- 0x0000000000000000
mem[X,0x0000000080001E74] -> 0x8E93
mem[X,0x0000000080001E76] -> 0x000E
[1954] [M]: 0x0000000080001E74 (0x000E8E93) addi t4, t4, 0
x29 <- 0x0000000000000000
mem[X,0x0000000080001E78] -> 0x9E93
mem[X,0x0000000080001E7A] -> 0x00BE
[1955] [M]: 0x0000000080001E78 (0x00BE9E93) slli t4, t4, 11
x29 <- 0x0000000000000000
mem[X,0x0000000080001E7C] -> 0x8E93
mem[X,0x0000000080001E7E] -> 0x5A8E
[1956] [M]: 0x0000000080001E7C (0x5A8E8E93) addi t4, t4, 1448
x29 <- 0x00000000000005A8
mem[X,0x0000000080001E80] -> 0x9E93
mem[X,0x0000000080001E82] -> 0x00BE
[1957] [M]: 0x0000000080001E80 (0x00BE9E93) slli t4, t4, 11
x29 <- 0x00000000002D4000
mem[X,0x0000000080001E84] -> 0x8E93
mem[X,0x0000000080001E86] -> 0x13CE
[1958] [M]: 0x0000000080001E84 (0x13CE8E93) addi t4, t4, 316
x29 <- 0x00000000002D413C
mem[X,0x0000000080001E88] -> 0x9E93
mem[X,0x0000000080001E8A] -> 0x00AE
[1959] [M]: 0x0000000080001E88 (0x00AE9E93) slli t4, t4, 10
x29 <- 0x00000000B504F000
mem[X,0x0000000080001E8C] -> 0x8E93
mem[X,0x0000000080001E8E] -> 0x334E
[1960] [M]: 0x0000000080001E8C (0x334E8E93) addi t4, t4, 820
x29 <- 0x00000000B504F334
mem[X,0x0000000080001E90] -> 0x4FB3
mem[X,0x0000000080001E92] -> 0x03DF
[1961] [M]: 0x0000000080001E90 (0x03DF4FB3) div t6, t5, t4
x31 <- 0xFFFFFFFFD2BEC334
mem[X,0x0000000080001E94] -> 0xBC23
mem[X,0x0000000080001E96] -> 0x1BF6
[1962] [M]: 0x0000000080001E94 (0x1BF6BC23) sd t6, 440(a3)
mem[0x000000008000D538] <- 0xFFFFFFFFD2BEC334
mem[X,0x0000000080001E98] -> 0x0F13
mem[X,0x0000000080001E9A] -> 0x0010
[1963] [M]: 0x0000000080001E98 (0x00100F13) addi t5, zero, 1
x30 <- 0x0000000000000001
mem[X,0x0000000080001E9C] -> 0x1F13
mem[X,0x0000000080001E9E] -> 0x03EF
[1964] [M]: 0x0000000080001E9C (0x03EF1F13) slli t5, t5, 62
x30 <- 0x4000000000000000
mem[X,0x0000000080001EA0] -> 0x4F13
mem[X,0x0000000080001EA2] -> 0xFFFF
[1965] [M]: 0x0000000080001EA0 (0xFFFF4F13) xori t5, t5, 4095
x30 <- 0xBFFFFFFFFFFFFFFF
mem[X,0x0000000080001EA4] -> 0x0EB7
mem[X,0x0000000080001EA6] -> 0x0000
[1966] [M]: 0x0000000080001EA4 (0x00000EB7) lui t4, 0
x29 <- 0x0000000000000000
mem[X,0x0000000080001EA8] -> 0x8E93
mem[X,0x0000000080001EAA] -> 0x000E
[1967] [M]: 0x0000000080001EA8 (0x000E8E93) addi t4, t4, 0
x29 <- 0x0000000000000000
mem[X,0x0000000080001EAC] -> 0x9E93
mem[X,0x0000000080001EAE] -> 0x00BE
[1968] [M]: 0x0000000080001EAC (0x00BE9E93) slli t4, t4, 11
x29 <- 0x0000000000000000
mem[X,0x0000000080001EB0] -> 0x8E93
mem[X,0x0000000080001EB2] -> 0x5A8E
[1969] [M]: 0x0000000080001EB0 (0x5A8E8E93) addi t4, t4, 1448
x29 <- 0x00000000000005A8
mem[X,0x0000000080001EB4] -> 0x9E93
mem[X,0x0000000080001EB6] -> 0x00BE
[1970] [M]: 0x0000000080001EB4 (0x00BE9E93) slli t4, t4, 11
x29 <- 0x00000000002D4000
mem[X,0x0000000080001EB8] -> 0x8E93
mem[X,0x0000000080001EBA] -> 0x13CE
[1971] [M]: 0x0000000080001EB8 (0x13CE8E93) addi t4, t4, 316
x29 <- 0x00000000002D413C
mem[X,0x0000000080001EBC] -> 0x9E93
mem[X,0x0000000080001EBE] -> 0x00AE
[1972] [M]: 0x0000000080001EBC (0x00AE9E93) slli t4, t4, 10
x29 <- 0x00000000B504F000
mem[X,0x0000000080001EC0] -> 0x8E93
mem[X,0x0000000080001EC2] -> 0x334E
[1973] [M]: 0x0000000080001EC0 (0x334E8E93) addi t4, t4, 820
x29 <- 0x00000000B504F334
mem[X,0x0000000080001EC4] -> 0x4FB3
mem[X,0x0000000080001EC6] -> 0x03DF
[1974] [M]: 0x0000000080001EC4 (0x03DF4FB3) div t6, t5, t4
x31 <- 0xFFFFFFFFA57D8667
mem[X,0x0000000080001EC8] -> 0xB023
mem[X,0x0000000080001ECA] -> 0x1DF6
[1975] [M]: 0x0000000080001EC8 (0x1DF6B023) sd t6, 448(a3)
mem[0x000000008000D540] <- 0xFFFFFFFFA57D8667
mem[X,0x0000000080001ECC] -> 0x0F37
mem[X,0x0000000080001ECE] -> 0x0000
[1976] [M]: 0x0000000080001ECC (0x00000F37) lui t5, 0
x30 <- 0x0000000000000000
mem[X,0x0000000080001ED0] -> 0x0F13
mem[X,0x0000000080001ED2] -> 0x000F
[1977] [M]: 0x0000000080001ED0 (0x000F0F13) addi t5, t5, 0
x30 <- 0x0000000000000000
mem[X,0x0000000080001ED4] -> 0x1F13
mem[X,0x0000000080001ED6] -> 0x00BF
[1978] [M]: 0x0000000080001ED4 (0x00BF1F13) slli t5, t5, 11
x30 <- 0x0000000000000000
mem[X,0x0000000080001ED8] -> 0x0F13
mem[X,0x0000000080001EDA] -> 0x5A8F
[1979] [M]: 0x0000000080001ED8 (0x5A8F0F13) addi t5, t5, 1448
x30 <- 0x00000000000005A8
mem[X,0x0000000080001EDC] -> 0x1F13
mem[X,0x0000000080001EDE] -> 0x00BF
[1980] [M]: 0x0000000080001EDC (0x00BF1F13) slli t5, t5, 11
x30 <- 0x00000000002D4000
mem[X,0x0000000080001EE0] -> 0x0F13
mem[X,0x0000000080001EE2] -> 0x13CF
[1981] [M]: 0x0000000080001EE0 (0x13CF0F13) addi t5, t5, 316
x30 <- 0x00000000002D413C
mem[X,0x0000000080001EE4] -> 0x1F13
mem[X,0x0000000080001EE6] -> 0x00AF
[1982] [M]: 0x0000000080001EE4 (0x00AF1F13) slli t5, t5, 10
x30 <- 0x00000000B504F000
mem[X,0x0000000080001EE8] -> 0x0F13
mem[X,0x0000000080001EEA] -> 0x334F
[1983] [M]: 0x0000000080001EE8 (0x334F0F13) addi t5, t5, 820
x30 <- 0x00000000B504F334
mem[X,0x0000000080001EEC] -> 0x0E93
mem[X,0x0000000080001EEE] -> 0x0010
[1984] [M]: 0x0000000080001EEC (0x00100E93) addi t4, zero, 1
x29 <- 0x0000000000000001
mem[X,0x0000000080001EF0] -> 0x4FB3
mem[X,0x0000000080001EF2] -> 0x03DF
[1985] [M]: 0x0000000080001EF0 (0x03DF4FB3) div t6, t5, t4
x31 <- 0x00000000B504F334
mem[X,0x0000000080001EF4] -> 0xB423
mem[X,0x0000000080001EF6] -> 0x1DF6
[1986] [M]: 0x0000000080001EF4 (0x1DF6B423) sd t6, 456(a3)
mem[0x000000008000D548] <- 0x00000000B504F334
mem[X,0x0000000080001EF8] -> 0x0F37
mem[X,0x0000000080001EFA] -> 0x0000
[1987] [M]: 0x0000000080001EF8 (0x00000F37) lui t5, 0
x30 <- 0x0000000000000000
mem[X,0x0000000080001EFC] -> 0x0F13
mem[X,0x0000000080001EFE] -> 0x000F
[1988] [M]: 0x0000000080001EFC (0x000F0F13) addi t5, t5, 0
x30 <- 0x0000000000000000
mem[X,0x0000000080001F00] -> 0x1F13
mem[X,0x0000000080001F02] -> 0x00BF
[1989] [M]: 0x0000000080001F00 (0x00BF1F13) slli t5, t5, 11
x30 <- 0x0000000000000000
mem[X,0x0000000080001F04] -> 0x0F13
mem[X,0x0000000080001F06] -> 0x5A8F
[1990] [M]: 0x0000000080001F04 (0x5A8F0F13) addi t5, t5, 1448
x30 <- 0x00000000000005A8
mem[X,0x0000000080001F08] -> 0x1F13
mem[X,0x0000000080001F0A] -> 0x00BF
[1991] [M]: 0x0000000080001F08 (0x00BF1F13) slli t5, t5, 11
x30 <- 0x00000000002D4000
mem[X,0x0000000080001F0C] -> 0x0F13
mem[X,0x0000000080001F0E] -> 0x13CF
[1992] [M]: 0x0000000080001F0C (0x13CF0F13) addi t5, t5, 316
x30 <- 0x00000000002D413C
mem[X,0x0000000080001F10] -> 0x1F13
mem[X,0x0000000080001F12] -> 0x00AF
[1993] [M]: 0x0000000080001F10 (0x00AF1F13) slli t5, t5, 10
x30 <- 0x00000000B504F000
mem[X,0x0000000080001F14] -> 0x0F13
mem[X,0x0000000080001F16] -> 0x334F
[1994] [M]: 0x0000000080001F14 (0x334F0F13) addi t5, t5, 820
x30 <- 0x00000000B504F334
mem[X,0x0000000080001F18] -> 0x0E93
mem[X,0x0000000080001F1A] -> 0x0020
[1995] [M]: 0x0000000080001F18 (0x00200E93) addi t4, zero, 2
x29 <- 0x0000000000000002
mem[X,0x0000000080001F1C] -> 0x4FB3
mem[X,0x0000000080001F1E] -> 0x03DF
[1996] [M]: 0x0000000080001F1C (0x03DF4FB3) div t6, t5, t4
x31 <- 0x000000005A82799A
mem[X,0x0000000080001F20] -> 0xB823
mem[X,0x0000000080001F22] -> 0x1DF6
[1997] [M]: 0x0000000080001F20 (0x1DF6B823) sd t6, 464(a3)
mem[0x000000008000D550] <- 0x000000005A82799A
mem[X,0x0000000080001F24] -> 0x0F37
mem[X,0x0000000080001F26] -> 0x0000
[1998] [M]: 0x0000000080001F24 (0x00000F37) lui t5, 0
x30 <- 0x0000000000000000
mem[X,0x0000000080001F28] -> 0x0F13
mem[X,0x0000000080001F2A] -> 0x000F
[1999] [M]: 0x0000000080001F28 (0x000F0F13) addi t5, t5, 0
x30 <- 0x0000000000000000
clint::tick mtime <- 0x0000000000000014
 clint timer pending at mtime 0x0000000000000014
htif::tick 0x0000000000000000
mem[X,0x0000000080001F2C] -> 0x1F13
mem[X,0x0000000080001F2E] -> 0x00BF
[2000] [M]: 0x0000000080001F2C (0x00BF1F13) slli t5, t5, 11
x30 <- 0x0000000000000000
mem[X,0x0000000080001F30] -> 0x0F13
mem[X,0x0000000080001F32] -> 0x5A8F
[2001] [M]: 0x0000000080001F30 (0x5A8F0F13) addi t5, t5, 1448
x30 <- 0x00000000000005A8
mem[X,0x0000000080001F34] -> 0x1F13
mem[X,0x0000000080001F36] -> 0x00BF
[2002] [M]: 0x0000000080001F34 (0x00BF1F13) slli t5, t5, 11
x30 <- 0x00000000002D4000
mem[X,0x0000000080001F38] -> 0x0F13
mem[X,0x0000000080001F3A] -> 0x13CF
[2003] [M]: 0x0000000080001F38 (0x13CF0F13) addi t5, t5, 316
x30 <- 0x00000000002D413C
mem[X,0x0000000080001F3C] -> 0x1F13
mem[X,0x0000000080001F3E] -> 0x00AF
[2004] [M]: 0x0000000080001F3C (0x00AF1F13) slli t5, t5, 10
x30 <- 0x00000000B504F000
mem[X,0x0000000080001F40] -> 0x0F13
mem[X,0x0000000080001F42] -> 0x334F
[2005] [M]: 0x0000000080001F40 (0x334F0F13) addi t5, t5, 820
x30 <- 0x00000000B504F334
mem[X,0x0000000080001F44] -> 0x0E93
mem[X,0x0000000080001F46] -> 0x0040
[2006] [M]: 0x0000000080001F44 (0x00400E93) addi t4, zero, 4
x29 <- 0x0000000000000004
mem[X,0x0000000080001F48] -> 0x4FB3
mem[X,0x0000000080001F4A] -> 0x03DF
[2007] [M]: 0x0000000080001F48 (0x03DF4FB3) div t6, t5, t4
x31 <- 0x000000002D413CCD
mem[X,0x0000000080001F4C] -> 0xBC23
mem[X,0x0000000080001F4E] -> 0x1DF6
[2008] [M]: 0x0000000080001F4C (0x1DF6BC23) sd t6, 472(a3)
mem[0x000000008000D558] <- 0x000000002D413CCD
mem[X,0x0000000080001F50] -> 0x0F37
mem[X,0x0000000080001F52] -> 0x0000
[2009] [M]: 0x0000000080001F50 (0x00000F37) lui t5, 0
x30 <- 0x0000000000000000
mem[X,0x0000000080001F54] -> 0x0F13
mem[X,0x0000000080001F56] -> 0x000F
[2010] [M]: 0x0000000080001F54 (0x000F0F13) addi t5, t5, 0
x30 <- 0x0000000000000000
mem[X,0x0000000080001F58] -> 0x1F13
mem[X,0x0000000080001F5A] -> 0x00BF
[2011] [M]: 0x0000000080001F58 (0x00BF1F13) slli t5, t5, 11
x30 <- 0x0000000000000000
mem[X,0x0000000080001F5C] -> 0x0F13
mem[X,0x0000000080001F5E] -> 0x5A8F
[2012] [M]: 0x0000000080001F5C (0x5A8F0F13) addi t5, t5, 1448
x30 <- 0x00000000000005A8
mem[X,0x0000000080001F60] -> 0x1F13
mem[X,0x0000000080001F62] -> 0x00BF
[2013] [M]: 0x0000000080001F60 (0x00BF1F13) slli t5, t5, 11
x30 <- 0x00000000002D4000
mem[X,0x0000000080001F64] -> 0x0F13
mem[X,0x0000000080001F66] -> 0x13CF
[2014] [M]: 0x0000000080001F64 (0x13CF0F13) addi t5, t5, 316
x30 <- 0x00000000002D413C
mem[X,0x0000000080001F68] -> 0x1F13
mem[X,0x0000000080001F6A] -> 0x00AF
[2015] [M]: 0x0000000080001F68 (0x00AF1F13) slli t5, t5, 10
x30 <- 0x00000000B504F000
mem[X,0x0000000080001F6C] -> 0x0F13
mem[X,0x0000000080001F6E] -> 0x334F
[2016] [M]: 0x0000000080001F6C (0x334F0F13) addi t5, t5, 820
x30 <- 0x00000000B504F334
mem[X,0x0000000080001F70] -> 0x0E93
mem[X,0x0000000080001F72] -> 0x0080
[2017] [M]: 0x0000000080001F70 (0x00800E93) addi t4, zero, 8
x29 <- 0x0000000000000008
mem[X,0x0000000080001F74] -> 0x4FB3
mem[X,0x0000000080001F76] -> 0x03DF
[2018] [M]: 0x0000000080001F74 (0x03DF4FB3) div t6, t5, t4
x31 <- 0x0000000016A09E66
mem[X,0x0000000080001F78] -> 0xB023
mem[X,0x0000000080001F7A] -> 0x1FF6
[2019] [M]: 0x0000000080001F78 (0x1FF6B023) sd t6, 480(a3)
mem[0x000000008000D560] <- 0x0000000016A09E66
mem[X,0x0000000080001F7C] -> 0x0F37
mem[X,0x0000000080001F7E] -> 0x0000
[2020] [M]: 0x0000000080001F7C (0x00000F37) lui t5, 0
x30 <- 0x0000000000000000
mem[X,0x0000000080001F80] -> 0x0F13
mem[X,0x0000000080001F82] -> 0x000F
[2021] [M]: 0x0000000080001F80 (0x000F0F13) addi t5, t5, 0
x30 <- 0x0000000000000000
mem[X,0x0000000080001F84] -> 0x1F13
mem[X,0x0000000080001F86] -> 0x00BF
[2022] [M]: 0x0000000080001F84 (0x00BF1F13) slli t5, t5, 11
x30 <- 0x0000000000000000
mem[X,0x0000000080001F88] -> 0x0F13
mem[X,0x0000000080001F8A] -> 0x5A8F
[2023] [M]: 0x0000000080001F88 (0x5A8F0F13) addi t5, t5, 1448
x30 <- 0x00000000000005A8
mem[X,0x0000000080001F8C] -> 0x1F13
mem[X,0x0000000080001F8E] -> 0x00BF
[2024] [M]: 0x0000000080001F8C (0x00BF1F13) slli t5, t5, 11
x30 <- 0x00000000002D4000
mem[X,0x0000000080001F90] -> 0x0F13
mem[X,0x0000000080001F92] -> 0x13CF
[2025] [M]: 0x0000000080001F90 (0x13CF0F13) addi t5, t5, 316
x30 <- 0x00000000002D413C
mem[X,0x0000000080001F94] -> 0x1F13
mem[X,0x0000000080001F96] -> 0x00AF
[2026] [M]: 0x0000000080001F94 (0x00AF1F13) slli t5, t5, 10
x30 <- 0x00000000B504F000
mem[X,0x0000000080001F98] -> 0x0F13
mem[X,0x0000000080001F9A] -> 0x334F
[2027] [M]: 0x0000000080001F98 (0x334F0F13) addi t5, t5, 820
x30 <- 0x00000000B504F334
mem[X,0x0000000080001F9C] -> 0x0E93
mem[X,0x0000000080001F9E] -> 0x0100
[2028] [M]: 0x0000000080001F9C (0x01000E93) addi t4, zero, 16
x29 <- 0x0000000000000010
mem[X,0x0000000080001FA0] -> 0x4FB3
mem[X,0x0000000080001FA2] -> 0x03DF
[2029] [M]: 0x0000000080001FA0 (0x03DF4FB3) div t6, t5, t4
x31 <- 0x000000000B504F33
mem[X,0x0000000080001FA4] -> 0xB423
mem[X,0x0000000080001FA6] -> 0x1FF6
[2030] [M]: 0x0000000080001FA4 (0x1FF6B423) sd t6, 488(a3)
mem[0x000000008000D568] <- 0x000000000B504F33
mem[X,0x0000000080001FA8] -> 0x0F37
mem[X,0x0000000080001FAA] -> 0x0000
[2031] [M]: 0x0000000080001FA8 (0x00000F37) lui t5, 0
x30 <- 0x0000000000000000
mem[X,0x0000000080001FAC] -> 0x0F13
mem[X,0x0000000080001FAE] -> 0x000F
[2032] [M]: 0x0000000080001FAC (0x000F0F13) addi t5, t5, 0
x30 <- 0x0000000000000000
mem[X,0x0000000080001FB0] -> 0x1F13
mem[X,0x0000000080001FB2] -> 0x00BF
[2033] [M]: 0x0000000080001FB0 (0x00BF1F13) slli t5, t5, 11
x30 <- 0x0000000000000000
mem[X,0x0000000080001FB4] -> 0x0F13
mem[X,0x0000000080001FB6] -> 0x5A8F
[2034] [M]: 0x0000000080001FB4 (0x5A8F0F13) addi t5, t5, 1448
x30 <- 0x00000000000005A8
mem[X,0x0000000080001FB8] -> 0x1F13
mem[X,0x0000000080001FBA] -> 0x00BF
[2035] [M]: 0x0000000080001FB8 (0x00BF1F13) slli t5, t5, 11
x30 <- 0x00000000002D4000
mem[X,0x0000000080001FBC] -> 0x0F13
mem[X,0x0000000080001FBE] -> 0x13CF
[2036] [M]: 0x0000000080001FBC (0x13CF0F13) addi t5, t5, 316
x30 <- 0x00000000002D413C
mem[X,0x0000000080001FC0] -> 0x1F13
mem[X,0x0000000080001FC2] -> 0x00AF
[2037] [M]: 0x0000000080001FC0 (0x00AF1F13) slli t5, t5, 10
x30 <- 0x00000000B504F000
mem[X,0x0000000080001FC4] -> 0x0F13
mem[X,0x0000000080001FC6] -> 0x334F
[2038] [M]: 0x0000000080001FC4 (0x334F0F13) addi t5, t5, 820
x30 <- 0x00000000B504F334
mem[X,0x0000000080001FC8] -> 0x0E93
mem[X,0x0000000080001FCA] -> 0x0200
[2039] [M]: 0x0000000080001FC8 (0x02000E93) addi t4, zero, 32
x29 <- 0x0000000000000020
mem[X,0x0000000080001FCC] -> 0x4FB3
mem[X,0x0000000080001FCE] -> 0x03DF
[2040] [M]: 0x0000000080001FCC (0x03DF4FB3) div t6, t5, t4
x31 <- 0x0000000005A82799
mem[X,0x0000000080001FD0] -> 0xB823
mem[X,0x0000000080001FD2] -> 0x1FF6
[2041] [M]: 0x0000000080001FD0 (0x1FF6B823) sd t6, 496(a3)
mem[0x000000008000D570] <- 0x0000000005A82799
mem[X,0x0000000080001FD4] -> 0x0F37
mem[X,0x0000000080001FD6] -> 0x0000
[2042] [M]: 0x0000000080001FD4 (0x00000F37) lui t5, 0
x30 <- 0x0000000000000000
mem[X,0x0000000080001FD8] -> 0x0F13
mem[X,0x0000000080001FDA] -> 0x000F
[2043] [M]: 0x0000000080001FD8 (0x000F0F13) addi t5, t5, 0
x30 <- 0x0000000000000000
mem[X,0x0000000080001FDC] -> 0x1F13
mem[X,0x0000000080001FDE] -> 0x00BF
[2044] [M]: 0x0000000080001FDC (0x00BF1F13) slli t5, t5, 11
x30 <- 0x0000000000000000
mem[X,0x0000000080001FE0] -> 0x0F13
mem[X,0x0000000080001FE2] -> 0x5A8F
[2045] [M]: 0x0000000080001FE0 (0x5A8F0F13) addi t5, t5, 1448
x30 <- 0x00000000000005A8
mem[X,0x0000000080001FE4] -> 0x1F13
mem[X,0x0000000080001FE6] -> 0x00BF
[2046] [M]: 0x0000000080001FE4 (0x00BF1F13) slli t5, t5, 11
x30 <- 0x00000000002D4000
mem[X,0x0000000080001FE8] -> 0x0F13
mem[X,0x0000000080001FEA] -> 0x13CF
[2047] [M]: 0x0000000080001FE8 (0x13CF0F13) addi t5, t5, 316
x30 <- 0x00000000002D413C
mem[X,0x0000000080001FEC] -> 0x1F13
mem[X,0x0000000080001FEE] -> 0x00AF
[2048] [M]: 0x0000000080001FEC (0x00AF1F13) slli t5, t5, 10
x30 <- 0x00000000B504F000
mem[X,0x0000000080001FF0] -> 0x0F13
mem[X,0x0000000080001FF2] -> 0x334F
[2049] [M]: 0x0000000080001FF0 (0x334F0F13) addi t5, t5, 820
x30 <- 0x00000000B504F334
mem[X,0x0000000080001FF4] -> 0x0E93
mem[X,0x0000000080001FF6] -> 0x0400
[2050] [M]: 0x0000000080001FF4 (0x04000E93) addi t4, zero, 64
x29 <- 0x0000000000000040
mem[X,0x0000000080001FF8] -> 0x4FB3
mem[X,0x0000000080001FFA] -> 0x03DF
[2051] [M]: 0x0000000080001FF8 (0x03DF4FB3) div t6, t5, t4
x31 <- 0x0000000002D413CC
mem[X,0x0000000080001FFC] -> 0xBC23
mem[X,0x0000000080001FFE] -> 0x1FF6
[2052] [M]: 0x0000000080001FFC (0x1FF6BC23) sd t6, 504(a3)
mem[0x000000008000D578] <- 0x0000000002D413CC
mem[X,0x0000000080002000] -> 0x0F37
mem[X,0x0000000080002002] -> 0x0000
[2053] [M]: 0x0000000080002000 (0x00000F37) lui t5, 0
x30 <- 0x0000000000000000
mem[X,0x0000000080002004] -> 0x0F13
mem[X,0x0000000080002006] -> 0x000F
[2054] [M]: 0x0000000080002004 (0x000F0F13) addi t5, t5, 0
x30 <- 0x0000000000000000
mem[X,0x0000000080002008] -> 0x1F13
mem[X,0x000000008000200A] -> 0x00BF
[2055] [M]: 0x0000000080002008 (0x00BF1F13) slli t5, t5, 11
x30 <- 0x0000000000000000
mem[X,0x000000008000200C] -> 0x0F13
mem[X,0x000000008000200E] -> 0x5A8F
[2056] [M]: 0x000000008000200C (0x5A8F0F13) addi t5, t5, 1448
x30 <- 0x00000000000005A8
mem[X,0x0000000080002010] -> 0x1F13
mem[X,0x0000000080002012] -> 0x00BF
[2057] [M]: 0x0000000080002010 (0x00BF1F13) slli t5, t5, 11
x30 <- 0x00000000002D4000
mem[X,0x0000000080002014] -> 0x0F13
mem[X,0x0000000080002016] -> 0x13CF
[2058] [M]: 0x0000000080002014 (0x13CF0F13) addi t5, t5, 316
x30 <- 0x00000000002D413C
mem[X,0x0000000080002018] -> 0x1F13
mem[X,0x000000008000201A] -> 0x00AF
[2059] [M]: 0x0000000080002018 (0x00AF1F13) slli t5, t5, 10
x30 <- 0x00000000B504F000
mem[X,0x000000008000201C] -> 0x0F13
mem[X,0x000000008000201E] -> 0x334F
[2060] [M]: 0x000000008000201C (0x334F0F13) addi t5, t5, 820
x30 <- 0x00000000B504F334
mem[X,0x0000000080002020] -> 0x0E93
mem[X,0x0000000080002022] -> 0x0800
[2061] [M]: 0x0000000080002020 (0x08000E93) addi t4, zero, 128
x29 <- 0x0000000000000080
mem[X,0x0000000080002024] -> 0x4FB3
mem[X,0x0000000080002026] -> 0x03DF
[2062] [M]: 0x0000000080002024 (0x03DF4FB3) div t6, t5, t4
x31 <- 0x00000000016A09E6
mem[X,0x0000000080002028] -> 0xB023
mem[X,0x000000008000202A] -> 0x21F6
[2063] [M]: 0x0000000080002028 (0x21F6B023) sd t6, 512(a3)
mem[0x000000008000D580] <- 0x00000000016A09E6
mem[X,0x000000008000202C] -> 0x0F37
mem[X,0x000000008000202E] -> 0x0000
[2064] [M]: 0x000000008000202C (0x00000F37) lui t5, 0
x30 <- 0x0000000000000000
mem[X,0x0000000080002030] -> 0x0F13
mem[X,0x0000000080002032] -> 0x000F
[2065] [M]: 0x0000000080002030 (0x000F0F13) addi t5, t5, 0
x30 <- 0x0000000000000000
mem[X,0x0000000080002034] -> 0x1F13
mem[X,0x0000000080002036] -> 0x00BF
[2066] [M]: 0x0000000080002034 (0x00BF1F13) slli t5, t5, 11
x30 <- 0x0000000000000000
mem[X,0x0000000080002038] -> 0x0F13
mem[X,0x000000008000203A] -> 0x5A8F
[2067] [M]: 0x0000000080002038 (0x5A8F0F13) addi t5, t5, 1448
x30 <- 0x00000000000005A8
mem[X,0x000000008000203C] -> 0x1F13
mem[X,0x000000008000203E] -> 0x00BF
[2068] [M]: 0x000000008000203C (0x00BF1F13) slli t5, t5, 11
x30 <- 0x00000000002D4000
mem[X,0x0000000080002040] -> 0x0F13
mem[X,0x0000000080002042] -> 0x13CF
[2069] [M]: 0x0000000080002040 (0x13CF0F13) addi t5, t5, 316
x30 <- 0x00000000002D413C
mem[X,0x0000000080002044] -> 0x1F13
mem[X,0x0000000080002046] -> 0x00AF
[2070] [M]: 0x0000000080002044 (0x00AF1F13) slli t5, t5, 10
x30 <- 0x00000000B504F000
mem[X,0x0000000080002048] -> 0x0F13
mem[X,0x000000008000204A] -> 0x334F
[2071] [M]: 0x0000000080002048 (0x334F0F13) addi t5, t5, 820
x30 <- 0x00000000B504F334
mem[X,0x000000008000204C] -> 0x0E93
mem[X,0x000000008000204E] -> 0x1000
[2072] [M]: 0x000000008000204C (0x10000E93) addi t4, zero, 256
x29 <- 0x0000000000000100
mem[X,0x0000000080002050] -> 0x4FB3
mem[X,0x0000000080002052] -> 0x03DF
[2073] [M]: 0x0000000080002050 (0x03DF4FB3) div t6, t5, t4
x31 <- 0x0000000000B504F3
mem[X,0x0000000080002054] -> 0xB423
mem[X,0x0000000080002056] -> 0x21F6
[2074] [M]: 0x0000000080002054 (0x21F6B423) sd t6, 520(a3)
mem[0x000000008000D588] <- 0x0000000000B504F3
mem[X,0x0000000080002058] -> 0x0F37
mem[X,0x000000008000205A] -> 0x0000
[2075] [M]: 0x0000000080002058 (0x00000F37) lui t5, 0
x30 <- 0x0000000000000000
mem[X,0x000000008000205C] -> 0x0F13
mem[X,0x000000008000205E] -> 0x000F
[2076] [M]: 0x000000008000205C (0x000F0F13) addi t5, t5, 0
x30 <- 0x0000000000000000
mem[X,0x0000000080002060] -> 0x1F13
mem[X,0x0000000080002062] -> 0x00BF
[2077] [M]: 0x0000000080002060 (0x00BF1F13) slli t5, t5, 11
x30 <- 0x0000000000000000
mem[X,0x0000000080002064] -> 0x0F13
mem[X,0x0000000080002066] -> 0x5A8F
[2078] [M]: 0x0000000080002064 (0x5A8F0F13) addi t5, t5, 1448
x30 <- 0x00000000000005A8
mem[X,0x0000000080002068] -> 0x1F13
mem[X,0x000000008000206A] -> 0x00BF
[2079] [M]: 0x0000000080002068 (0x00BF1F13) slli t5, t5, 11
x30 <- 0x00000000002D4000
mem[X,0x000000008000206C] -> 0x0F13
mem[X,0x000000008000206E] -> 0x13CF
[2080] [M]: 0x000000008000206C (0x13CF0F13) addi t5, t5, 316
x30 <- 0x00000000002D413C
mem[X,0x0000000080002070] -> 0x1F13
mem[X,0x0000000080002072] -> 0x00AF
[2081] [M]: 0x0000000080002070 (0x00AF1F13) slli t5, t5, 10
x30 <- 0x00000000B504F000
mem[X,0x0000000080002074] -> 0x0F13
mem[X,0x0000000080002076] -> 0x334F
[2082] [M]: 0x0000000080002074 (0x334F0F13) addi t5, t5, 820
x30 <- 0x00000000B504F334
mem[X,0x0000000080002078] -> 0x0E93
mem[X,0x000000008000207A] -> 0x2000
[2083] [M]: 0x0000000080002078 (0x20000E93) addi t4, zero, 512
x29 <- 0x0000000000000200
mem[X,0x000000008000207C] -> 0x4FB3
mem[X,0x000000008000207E] -> 0x03DF
[2084] [M]: 0x000000008000207C (0x03DF4FB3) div t6, t5, t4
x31 <- 0x00000000005A8279
mem[X,0x0000000080002080] -> 0xB823
mem[X,0x0000000080002082] -> 0x21F6
[2085] [M]: 0x0000000080002080 (0x21F6B823) sd t6, 528(a3)
mem[0x000000008000D590] <- 0x00000000005A8279
mem[X,0x0000000080002084] -> 0x0F37
mem[X,0x0000000080002086] -> 0x0000
[2086] [M]: 0x0000000080002084 (0x00000F37) lui t5, 0
x30 <- 0x0000000000000000
mem[X,0x0000000080002088] -> 0x0F13
mem[X,0x000000008000208A] -> 0x000F
[2087] [M]: 0x0000000080002088 (0x000F0F13) addi t5, t5, 0
x30 <- 0x0000000000000000
mem[X,0x000000008000208C] -> 0x1F13
mem[X,0x000000008000208E] -> 0x00BF
[2088] [M]: 0x000000008000208C (0x00BF1F13) slli t5, t5, 11
x30 <- 0x0000000000000000
mem[X,0x0000000080002090] -> 0x0F13
mem[X,0x0000000080002092] -> 0x5A8F
[2089] [M]: 0x0000000080002090 (0x5A8F0F13) addi t5, t5, 1448
x30 <- 0x00000000000005A8
mem[X,0x0000000080002094] -> 0x1F13
mem[X,0x0000000080002096] -> 0x00BF
[2090] [M]: 0x0000000080002094 (0x00BF1F13) slli t5, t5, 11
x30 <- 0x00000000002D4000
mem[X,0x0000000080002098] -> 0x0F13
mem[X,0x000000008000209A] -> 0x13CF
[2091] [M]: 0x0000000080002098 (0x13CF0F13) addi t5, t5, 316
x30 <- 0x00000000002D413C
mem[X,0x000000008000209C] -> 0x1F13
mem[X,0x000000008000209E] -> 0x00AF
[2092] [M]: 0x000000008000209C (0x00AF1F13) slli t5, t5, 10
x30 <- 0x00000000B504F000
mem[X,0x00000000800020A0] -> 0x0F13
mem[X,0x00000000800020A2] -> 0x334F
[2093] [M]: 0x00000000800020A0 (0x334F0F13) addi t5, t5, 820
x30 <- 0x00000000B504F334
mem[X,0x00000000800020A4] -> 0x0E93
mem[X,0x00000000800020A6] -> 0x4000
[2094] [M]: 0x00000000800020A4 (0x40000E93) addi t4, zero, 1024
x29 <- 0x0000000000000400
mem[X,0x00000000800020A8] -> 0x4FB3
mem[X,0x00000000800020AA] -> 0x03DF
[2095] [M]: 0x00000000800020A8 (0x03DF4FB3) div t6, t5, t4
x31 <- 0x00000000002D413C
mem[X,0x00000000800020AC] -> 0xBC23
mem[X,0x00000000800020AE] -> 0x21F6
[2096] [M]: 0x00000000800020AC (0x21F6BC23) sd t6, 536(a3)
mem[0x000000008000D598] <- 0x00000000002D413C
mem[X,0x00000000800020B0] -> 0x0F37
mem[X,0x00000000800020B2] -> 0x0000
[2097] [M]: 0x00000000800020B0 (0x00000F37) lui t5, 0
x30 <- 0x0000000000000000
mem[X,0x00000000800020B4] -> 0x0F13
mem[X,0x00000000800020B6] -> 0x000F
[2098] [M]: 0x00000000800020B4 (0x000F0F13) addi t5, t5, 0
x30 <- 0x0000000000000000
mem[X,0x00000000800020B8] -> 0x1F13
mem[X,0x00000000800020BA] -> 0x00BF
[2099] [M]: 0x00000000800020B8 (0x00BF1F13) slli t5, t5, 11
x30 <- 0x0000000000000000
clint::tick mtime <- 0x0000000000000015
 clint timer pending at mtime 0x0000000000000015
htif::tick 0x0000000000000000
mem[X,0x00000000800020BC] -> 0x0F13
mem[X,0x00000000800020BE] -> 0x5A8F
[2100] [M]: 0x00000000800020BC (0x5A8F0F13) addi t5, t5, 1448
x30 <- 0x00000000000005A8
mem[X,0x00000000800020C0] -> 0x1F13
mem[X,0x00000000800020C2] -> 0x00BF
[2101] [M]: 0x00000000800020C0 (0x00BF1F13) slli t5, t5, 11
x30 <- 0x00000000002D4000
mem[X,0x00000000800020C4] -> 0x0F13
mem[X,0x00000000800020C6] -> 0x13CF
[2102] [M]: 0x00000000800020C4 (0x13CF0F13) addi t5, t5, 316
x30 <- 0x00000000002D413C
mem[X,0x00000000800020C8] -> 0x1F13
mem[X,0x00000000800020CA] -> 0x00AF
[2103] [M]: 0x00000000800020C8 (0x00AF1F13) slli t5, t5, 10
x30 <- 0x00000000B504F000
mem[X,0x00000000800020CC] -> 0x0F13
mem[X,0x00000000800020CE] -> 0x334F
[2104] [M]: 0x00000000800020CC (0x334F0F13) addi t5, t5, 820
x30 <- 0x00000000B504F334
mem[X,0x00000000800020D0] -> 0x0E93
mem[X,0x00000000800020D2] -> 0x0010
[2105] [M]: 0x00000000800020D0 (0x00100E93) addi t4, zero, 1
x29 <- 0x0000000000000001
mem[X,0x00000000800020D4] -> 0x9E93
mem[X,0x00000000800020D6] -> 0x00BE
[2106] [M]: 0x00000000800020D4 (0x00BE9E93) slli t4, t4, 11
x29 <- 0x0000000000000800
mem[X,0x00000000800020D8] -> 0x4FB3
mem[X,0x00000000800020DA] -> 0x03DF
[2107] [M]: 0x00000000800020D8 (0x03DF4FB3) div t6, t5, t4
x31 <- 0x000000000016A09E
mem[X,0x00000000800020DC] -> 0xB023
mem[X,0x00000000800020DE] -> 0x23F6
[2108] [M]: 0x00000000800020DC (0x23F6B023) sd t6, 544(a3)
mem[0x000000008000D5A0] <- 0x000000000016A09E
mem[X,0x00000000800020E0] -> 0x0F37
mem[X,0x00000000800020E2] -> 0x0000
[2109] [M]: 0x00000000800020E0 (0x00000F37) lui t5, 0
x30 <- 0x0000000000000000
mem[X,0x00000000800020E4] -> 0x0F13
mem[X,0x00000000800020E6] -> 0x000F
[2110] [M]: 0x00000000800020E4 (0x000F0F13) addi t5, t5, 0
x30 <- 0x0000000000000000
mem[X,0x00000000800020E8] -> 0x1F13
mem[X,0x00000000800020EA] -> 0x00BF
[2111] [M]: 0x00000000800020E8 (0x00BF1F13) slli t5, t5, 11
x30 <- 0x0000000000000000
mem[X,0x00000000800020EC] -> 0x0F13
mem[X,0x00000000800020EE] -> 0x5A8F
[2112] [M]: 0x00000000800020EC (0x5A8F0F13) addi t5, t5, 1448
x30 <- 0x00000000000005A8
mem[X,0x00000000800020F0] -> 0x1F13
mem[X,0x00000000800020F2] -> 0x00BF
[2113] [M]: 0x00000000800020F0 (0x00BF1F13) slli t5, t5, 11
x30 <- 0x00000000002D4000
mem[X,0x00000000800020F4] -> 0x0F13
mem[X,0x00000000800020F6] -> 0x13CF
[2114] [M]: 0x00000000800020F4 (0x13CF0F13) addi t5, t5, 316
x30 <- 0x00000000002D413C
mem[X,0x00000000800020F8] -> 0x1F13
mem[X,0x00000000800020FA] -> 0x00AF
[2115] [M]: 0x00000000800020F8 (0x00AF1F13) slli t5, t5, 10
x30 <- 0x00000000B504F000
mem[X,0x00000000800020FC] -> 0x0F13
mem[X,0x00000000800020FE] -> 0x334F
[2116] [M]: 0x00000000800020FC (0x334F0F13) addi t5, t5, 820
x30 <- 0x00000000B504F334
mem[X,0x0000000080002100] -> 0x0E93
mem[X,0x0000000080002102] -> 0x0010
[2117] [M]: 0x0000000080002100 (0x00100E93) addi t4, zero, 1
x29 <- 0x0000000000000001
mem[X,0x0000000080002104] -> 0x9E93
mem[X,0x0000000080002106] -> 0x00CE
[2118] [M]: 0x0000000080002104 (0x00CE9E93) slli t4, t4, 12
x29 <- 0x0000000000001000
mem[X,0x0000000080002108] -> 0x4FB3
mem[X,0x000000008000210A] -> 0x03DF
[2119] [M]: 0x0000000080002108 (0x03DF4FB3) div t6, t5, t4
x31 <- 0x00000000000B504F
mem[X,0x000000008000210C] -> 0xB423
mem[X,0x000000008000210E] -> 0x23F6
[2120] [M]: 0x000000008000210C (0x23F6B423) sd t6, 552(a3)
mem[0x000000008000D5A8] <- 0x00000000000B504F
mem[X,0x0000000080002110] -> 0x0F37
mem[X,0x0000000080002112] -> 0x0000
[2121] [M]: 0x0000000080002110 (0x00000F37) lui t5, 0
x30 <- 0x0000000000000000
mem[X,0x0000000080002114] -> 0x0F13
mem[X,0x0000000080002116] -> 0x000F
[2122] [M]: 0x0000000080002114 (0x000F0F13) addi t5, t5, 0
x30 <- 0x0000000000000000
mem[X,0x0000000080002118] -> 0x1F13
mem[X,0x000000008000211A] -> 0x00BF
[2123] [M]: 0x0000000080002118 (0x00BF1F13) slli t5, t5, 11
x30 <- 0x0000000000000000
mem[X,0x000000008000211C] -> 0x0F13
mem[X,0x000000008000211E] -> 0x5A8F
[2124] [M]: 0x000000008000211C (0x5A8F0F13) addi t5, t5, 1448
x30 <- 0x00000000000005A8
mem[X,0x0000000080002120] -> 0x1F13
mem[X,0x0000000080002122] -> 0x00BF
[2125] [M]: 0x0000000080002120 (0x00BF1F13) slli t5, t5, 11
x30 <- 0x00000000002D4000
mem[X,0x0000000080002124] -> 0x0F13
mem[X,0x0000000080002126] -> 0x13CF
[2126] [M]: 0x0000000080002124 (0x13CF0F13) addi t5, t5, 316
x30 <- 0x00000000002D413C
mem[X,0x0000000080002128] -> 0x1F13
mem[X,0x000000008000212A] -> 0x00AF
[2127] [M]: 0x0000000080002128 (0x00AF1F13) slli t5, t5, 10
x30 <- 0x00000000B504F000
mem[X,0x000000008000212C] -> 0x0F13
mem[X,0x000000008000212E] -> 0x334F
[2128] [M]: 0x000000008000212C (0x334F0F13) addi t5, t5, 820
x30 <- 0x00000000B504F334
mem[X,0x0000000080002130] -> 0x0E93
mem[X,0x0000000080002132] -> 0x0010
[2129] [M]: 0x0000000080002130 (0x00100E93) addi t4, zero, 1
x29 <- 0x0000000000000001
mem[X,0x0000000080002134] -> 0x9E93
mem[X,0x0000000080002136] -> 0x00DE
[2130] [M]: 0x0000000080002134 (0x00DE9E93) slli t4, t4, 13
x29 <- 0x0000000000002000
mem[X,0x0000000080002138] -> 0x4FB3
mem[X,0x000000008000213A] -> 0x03DF
[2131] [M]: 0x0000000080002138 (0x03DF4FB3) div t6, t5, t4
x31 <- 0x000000000005A827
mem[X,0x000000008000213C] -> 0xB823
mem[X,0x000000008000213E] -> 0x23F6
[2132] [M]: 0x000000008000213C (0x23F6B823) sd t6, 560(a3)
mem[0x000000008000D5B0] <- 0x000000000005A827
mem[X,0x0000000080002140] -> 0x0F37
mem[X,0x0000000080002142] -> 0x0000
[2133] [M]: 0x0000000080002140 (0x00000F37) lui t5, 0
x30 <- 0x0000000000000000
mem[X,0x0000000080002144] -> 0x0F13
mem[X,0x0000000080002146] -> 0x000F
[2134] [M]: 0x0000000080002144 (0x000F0F13) addi t5, t5, 0
x30 <- 0x0000000000000000
mem[X,0x0000000080002148] -> 0x1F13
mem[X,0x000000008000214A] -> 0x00BF
[2135] [M]: 0x0000000080002148 (0x00BF1F13) slli t5, t5, 11
x30 <- 0x0000000000000000
mem[X,0x000000008000214C] -> 0x0F13
mem[X,0x000000008000214E] -> 0x5A8F
[2136] [M]: 0x000000008000214C (0x5A8F0F13) addi t5, t5, 1448
x30 <- 0x00000000000005A8
mem[X,0x0000000080002150] -> 0x1F13
mem[X,0x0000000080002152] -> 0x00BF
[2137] [M]: 0x0000000080002150 (0x00BF1F13) slli t5, t5, 11
x30 <- 0x00000000002D4000
mem[X,0x0000000080002154] -> 0x0F13
mem[X,0x0000000080002156] -> 0x13CF
[2138] [M]: 0x0000000080002154 (0x13CF0F13) addi t5, t5, 316
x30 <- 0x00000000002D413C
mem[X,0x0000000080002158] -> 0x1F13
mem[X,0x000000008000215A] -> 0x00AF
[2139] [M]: 0x0000000080002158 (0x00AF1F13) slli t5, t5, 10
x30 <- 0x00000000B504F000
mem[X,0x000000008000215C] -> 0x0F13
mem[X,0x000000008000215E] -> 0x334F
[2140] [M]: 0x000000008000215C (0x334F0F13) addi t5, t5, 820
x30 <- 0x00000000B504F334
mem[X,0x0000000080002160] -> 0x0E93
mem[X,0x0000000080002162] -> 0x0010
[2141] [M]: 0x0000000080002160 (0x00100E93) addi t4, zero, 1
x29 <- 0x0000000000000001
mem[X,0x0000000080002164] -> 0x9E93
mem[X,0x0000000080002166] -> 0x00EE
[2142] [M]: 0x0000000080002164 (0x00EE9E93) slli t4, t4, 14
x29 <- 0x0000000000004000
mem[X,0x0000000080002168] -> 0x4FB3
mem[X,0x000000008000216A] -> 0x03DF
[2143] [M]: 0x0000000080002168 (0x03DF4FB3) div t6, t5, t4
x31 <- 0x000000000002D413
mem[X,0x000000008000216C] -> 0xBC23
mem[X,0x000000008000216E] -> 0x23F6
[2144] [M]: 0x000000008000216C (0x23F6BC23) sd t6, 568(a3)
mem[0x000000008000D5B8] <- 0x000000000002D413
mem[X,0x0000000080002170] -> 0x0F37
mem[X,0x0000000080002172] -> 0x0000
[2145] [M]: 0x0000000080002170 (0x00000F37) lui t5, 0
x30 <- 0x0000000000000000
mem[X,0x0000000080002174] -> 0x0F13
mem[X,0x0000000080002176] -> 0x000F
[2146] [M]: 0x0000000080002174 (0x000F0F13) addi t5, t5, 0
x30 <- 0x0000000000000000
mem[X,0x0000000080002178] -> 0x1F13
mem[X,0x000000008000217A] -> 0x00BF
[2147] [M]: 0x0000000080002178 (0x00BF1F13) slli t5, t5, 11
x30 <- 0x0000000000000000
mem[X,0x000000008000217C] -> 0x0F13
mem[X,0x000000008000217E] -> 0x5A8F
[2148] [M]: 0x000000008000217C (0x5A8F0F13) addi t5, t5, 1448
x30 <- 0x00000000000005A8
mem[X,0x0000000080002180] -> 0x1F13
mem[X,0x0000000080002182] -> 0x00BF
[2149] [M]: 0x0000000080002180 (0x00BF1F13) slli t5, t5, 11
x30 <- 0x00000000002D4000
mem[X,0x0000000080002184] -> 0x0F13
mem[X,0x0000000080002186] -> 0x13CF
[2150] [M]: 0x0000000080002184 (0x13CF0F13) addi t5, t5, 316
x30 <- 0x00000000002D413C
mem[X,0x0000000080002188] -> 0x1F13
mem[X,0x000000008000218A] -> 0x00AF
[2151] [M]: 0x0000000080002188 (0x00AF1F13) slli t5, t5, 10
x30 <- 0x00000000B504F000
mem[X,0x000000008000218C] -> 0x0F13
mem[X,0x000000008000218E] -> 0x334F
[2152] [M]: 0x000000008000218C (0x334F0F13) addi t5, t5, 820
x30 <- 0x00000000B504F334
mem[X,0x0000000080002190] -> 0x0E93
mem[X,0x0000000080002192] -> 0x0010
[2153] [M]: 0x0000000080002190 (0x00100E93) addi t4, zero, 1
x29 <- 0x0000000000000001
mem[X,0x0000000080002194] -> 0x9E93
mem[X,0x0000000080002196] -> 0x00FE
[2154] [M]: 0x0000000080002194 (0x00FE9E93) slli t4, t4, 15
x29 <- 0x0000000000008000
mem[X,0x0000000080002198] -> 0x4FB3
mem[X,0x000000008000219A] -> 0x03DF
[2155] [M]: 0x0000000080002198 (0x03DF4FB3) div t6, t5, t4
x31 <- 0x0000000000016A09
mem[X,0x000000008000219C] -> 0xB023
mem[X,0x000000008000219E] -> 0x25F6
[2156] [M]: 0x000000008000219C (0x25F6B023) sd t6, 576(a3)
mem[0x000000008000D5C0] <- 0x0000000000016A09
mem[X,0x00000000800021A0] -> 0x0F37
mem[X,0x00000000800021A2] -> 0x0000
[2157] [M]: 0x00000000800021A0 (0x00000F37) lui t5, 0
x30 <- 0x0000000000000000
mem[X,0x00000000800021A4] -> 0x0F13
mem[X,0x00000000800021A6] -> 0x000F
[2158] [M]: 0x00000000800021A4 (0x000F0F13) addi t5, t5, 0
x30 <- 0x0000000000000000
mem[X,0x00000000800021A8] -> 0x1F13
mem[X,0x00000000800021AA] -> 0x00BF
[2159] [M]: 0x00000000800021A8 (0x00BF1F13) slli t5, t5, 11
x30 <- 0x0000000000000000
mem[X,0x00000000800021AC] -> 0x0F13
mem[X,0x00000000800021AE] -> 0x5A8F
[2160] [M]: 0x00000000800021AC (0x5A8F0F13) addi t5, t5, 1448
x30 <- 0x00000000000005A8
mem[X,0x00000000800021B0] -> 0x1F13
mem[X,0x00000000800021B2] -> 0x00BF
[2161] [M]: 0x00000000800021B0 (0x00BF1F13) slli t5, t5, 11
x30 <- 0x00000000002D4000
mem[X,0x00000000800021B4] -> 0x0F13
mem[X,0x00000000800021B6] -> 0x13CF
[2162] [M]: 0x00000000800021B4 (0x13CF0F13) addi t5, t5, 316
x30 <- 0x00000000002D413C
mem[X,0x00000000800021B8] -> 0x1F13
mem[X,0x00000000800021BA] -> 0x00AF
[2163] [M]: 0x00000000800021B8 (0x00AF1F13) slli t5, t5, 10
x30 <- 0x00000000B504F000
mem[X,0x00000000800021BC] -> 0x0F13
mem[X,0x00000000800021BE] -> 0x334F
[2164] [M]: 0x00000000800021BC (0x334F0F13) addi t5, t5, 820
x30 <- 0x00000000B504F334
mem[X,0x00000000800021C0] -> 0x0E93
mem[X,0x00000000800021C2] -> 0x0010
[2165] [M]: 0x00000000800021C0 (0x00100E93) addi t4, zero, 1
x29 <- 0x0000000000000001
mem[X,0x00000000800021C4] -> 0x9E93
mem[X,0x00000000800021C6] -> 0x010E
[2166] [M]: 0x00000000800021C4 (0x010E9E93) slli t4, t4, 16
x29 <- 0x0000000000010000
mem[X,0x00000000800021C8] -> 0x4FB3
mem[X,0x00000000800021CA] -> 0x03DF
[2167] [M]: 0x00000000800021C8 (0x03DF4FB3) div t6, t5, t4
x31 <- 0x000000000000B504
mem[X,0x00000000800021CC] -> 0xB423
mem[X,0x00000000800021CE] -> 0x25F6
[2168] [M]: 0x00000000800021CC (0x25F6B423) sd t6, 584(a3)
mem[0x000000008000D5C8] <- 0x000000000000B504
mem[X,0x00000000800021D0] -> 0x0F37
mem[X,0x00000000800021D2] -> 0x0000
[2169] [M]: 0x00000000800021D0 (0x00000F37) lui t5, 0
x30 <- 0x0000000000000000
mem[X,0x00000000800021D4] -> 0x0F13
mem[X,0x00000000800021D6] -> 0x000F
[2170] [M]: 0x00000000800021D4 (0x000F0F13) addi t5, t5, 0
x30 <- 0x0000000000000000
mem[X,0x00000000800021D8] -> 0x1F13
mem[X,0x00000000800021DA] -> 0x00BF
[2171] [M]: 0x00000000800021D8 (0x00BF1F13) slli t5, t5, 11
x30 <- 0x0000000000000000
mem[X,0x00000000800021DC] -> 0x0F13
mem[X,0x00000000800021DE] -> 0x5A8F
[2172] [M]: 0x00000000800021DC (0x5A8F0F13) addi t5, t5, 1448
x30 <- 0x00000000000005A8
mem[X,0x00000000800021E0] -> 0x1F13
mem[X,0x00000000800021E2] -> 0x00BF
[2173] [M]: 0x00000000800021E0 (0x00BF1F13) slli t5, t5, 11
x30 <- 0x00000000002D4000
mem[X,0x00000000800021E4] -> 0x0F13
mem[X,0x00000000800021E6] -> 0x13CF
[2174] [M]: 0x00000000800021E4 (0x13CF0F13) addi t5, t5, 316
x30 <- 0x00000000002D413C
mem[X,0x00000000800021E8] -> 0x1F13
mem[X,0x00000000800021EA] -> 0x00AF
[2175] [M]: 0x00000000800021E8 (0x00AF1F13) slli t5, t5, 10
x30 <- 0x00000000B504F000
mem[X,0x00000000800021EC] -> 0x0F13
mem[X,0x00000000800021EE] -> 0x334F
[2176] [M]: 0x00000000800021EC (0x334F0F13) addi t5, t5, 820
x30 <- 0x00000000B504F334
mem[X,0x00000000800021F0] -> 0x0E93
mem[X,0x00000000800021F2] -> 0x0010
[2177] [M]: 0x00000000800021F0 (0x00100E93) addi t4, zero, 1
x29 <- 0x0000000000000001
mem[X,0x00000000800021F4] -> 0x9E93
mem[X,0x00000000800021F6] -> 0x011E
[2178] [M]: 0x00000000800021F4 (0x011E9E93) slli t4, t4, 17
x29 <- 0x0000000000020000
mem[X,0x00000000800021F8] -> 0x4FB3
mem[X,0x00000000800021FA] -> 0x03DF
[2179] [M]: 0x00000000800021F8 (0x03DF4FB3) div t6, t5, t4
x31 <- 0x0000000000005A82
mem[X,0x00000000800021FC] -> 0xB823
mem[X,0x00000000800021FE] -> 0x25F6
[2180] [M]: 0x00000000800021FC (0x25F6B823) sd t6, 592(a3)
mem[0x000000008000D5D0] <- 0x0000000000005A82
mem[X,0x0000000080002200] -> 0x0F37
mem[X,0x0000000080002202] -> 0x0000
[2181] [M]: 0x0000000080002200 (0x00000F37) lui t5, 0
x30 <- 0x0000000000000000
mem[X,0x0000000080002204] -> 0x0F13
mem[X,0x0000000080002206] -> 0x000F
[2182] [M]: 0x0000000080002204 (0x000F0F13) addi t5, t5, 0
x30 <- 0x0000000000000000
mem[X,0x0000000080002208] -> 0x1F13
mem[X,0x000000008000220A] -> 0x00BF
[2183] [M]: 0x0000000080002208 (0x00BF1F13) slli t5, t5, 11
x30 <- 0x0000000000000000
mem[X,0x000000008000220C] -> 0x0F13
mem[X,0x000000008000220E] -> 0x5A8F
[2184] [M]: 0x000000008000220C (0x5A8F0F13) addi t5, t5, 1448
x30 <- 0x00000000000005A8
mem[X,0x0000000080002210] -> 0x1F13
mem[X,0x0000000080002212] -> 0x00BF
[2185] [M]: 0x0000000080002210 (0x00BF1F13) slli t5, t5, 11
x30 <- 0x00000000002D4000
mem[X,0x0000000080002214] -> 0x0F13
mem[X,0x0000000080002216] -> 0x13CF
[2186] [M]: 0x0000000080002214 (0x13CF0F13) addi t5, t5, 316
x30 <- 0x00000000002D413C
mem[X,0x0000000080002218] -> 0x1F13
mem[X,0x000000008000221A] -> 0x00AF
[2187] [M]: 0x0000000080002218 (0x00AF1F13) slli t5, t5, 10
x30 <- 0x00000000B504F000
mem[X,0x000000008000221C] -> 0x0F13
mem[X,0x000000008000221E] -> 0x334F
[2188] [M]: 0x000000008000221C (0x334F0F13) addi t5, t5, 820
x30 <- 0x00000000B504F334
mem[X,0x0000000080002220] -> 0x0E93
mem[X,0x0000000080002222] -> 0x0010
[2189] [M]: 0x0000000080002220 (0x00100E93) addi t4, zero, 1
x29 <- 0x0000000000000001
mem[X,0x0000000080002224] -> 0x9E93
mem[X,0x0000000080002226] -> 0x012E
[2190] [M]: 0x0000000080002224 (0x012E9E93) slli t4, t4, 18
x29 <- 0x0000000000040000
mem[X,0x0000000080002228] -> 0x4FB3
mem[X,0x000000008000222A] -> 0x03DF
[2191] [M]: 0x0000000080002228 (0x03DF4FB3) div t6, t5, t4
x31 <- 0x0000000000002D41
mem[X,0x000000008000222C] -> 0xBC23
mem[X,0x000000008000222E] -> 0x25F6
[2192] [M]: 0x000000008000222C (0x25F6BC23) sd t6, 600(a3)
mem[0x000000008000D5D8] <- 0x0000000000002D41
mem[X,0x0000000080002230] -> 0x0F37
mem[X,0x0000000080002232] -> 0x0000
[2193] [M]: 0x0000000080002230 (0x00000F37) lui t5, 0
x30 <- 0x0000000000000000
mem[X,0x0000000080002234] -> 0x0F13
mem[X,0x0000000080002236] -> 0x000F
[2194] [M]: 0x0000000080002234 (0x000F0F13) addi t5, t5, 0
x30 <- 0x0000000000000000
mem[X,0x0000000080002238] -> 0x1F13
mem[X,0x000000008000223A] -> 0x00BF
[2195] [M]: 0x0000000080002238 (0x00BF1F13) slli t5, t5, 11
x30 <- 0x0000000000000000
mem[X,0x000000008000223C] -> 0x0F13
mem[X,0x000000008000223E] -> 0x5A8F
[2196] [M]: 0x000000008000223C (0x5A8F0F13) addi t5, t5, 1448
x30 <- 0x00000000000005A8
mem[X,0x0000000080002240] -> 0x1F13
mem[X,0x0000000080002242] -> 0x00BF
[2197] [M]: 0x0000000080002240 (0x00BF1F13) slli t5, t5, 11
x30 <- 0x00000000002D4000
mem[X,0x0000000080002244] -> 0x0F13
mem[X,0x0000000080002246] -> 0x13CF
[2198] [M]: 0x0000000080002244 (0x13CF0F13) addi t5, t5, 316
x30 <- 0x00000000002D413C
mem[X,0x0000000080002248] -> 0x1F13
mem[X,0x000000008000224A] -> 0x00AF
[2199] [M]: 0x0000000080002248 (0x00AF1F13) slli t5, t5, 10
x30 <- 0x00000000B504F000
clint::tick mtime <- 0x0000000000000016
 clint timer pending at mtime 0x0000000000000016
htif::tick 0x0000000000000000
mem[X,0x000000008000224C] -> 0x0F13
mem[X,0x000000008000224E] -> 0x334F
[2200] [M]: 0x000000008000224C (0x334F0F13) addi t5, t5, 820
x30 <- 0x00000000B504F334
mem[X,0x0000000080002250] -> 0x0E93
mem[X,0x0000000080002252] -> 0x0010
[2201] [M]: 0x0000000080002250 (0x00100E93) addi t4, zero, 1
x29 <- 0x0000000000000001
mem[X,0x0000000080002254] -> 0x9E93
mem[X,0x0000000080002256] -> 0x013E
[2202] [M]: 0x0000000080002254 (0x013E9E93) slli t4, t4, 19
x29 <- 0x0000000000080000
mem[X,0x0000000080002258] -> 0x4FB3
mem[X,0x000000008000225A] -> 0x03DF
[2203] [M]: 0x0000000080002258 (0x03DF4FB3) div t6, t5, t4
x31 <- 0x00000000000016A0
mem[X,0x000000008000225C] -> 0xB023
mem[X,0x000000008000225E] -> 0x27F6
[2204] [M]: 0x000000008000225C (0x27F6B023) sd t6, 608(a3)
mem[0x000000008000D5E0] <- 0x00000000000016A0
mem[X,0x0000000080002260] -> 0x0F37
mem[X,0x0000000080002262] -> 0x0000
[2205] [M]: 0x0000000080002260 (0x00000F37) lui t5, 0
x30 <- 0x0000000000000000
mem[X,0x0000000080002264] -> 0x0F13
mem[X,0x0000000080002266] -> 0x000F
[2206] [M]: 0x0000000080002264 (0x000F0F13) addi t5, t5, 0
x30 <- 0x0000000000000000
mem[X,0x0000000080002268] -> 0x1F13
mem[X,0x000000008000226A] -> 0x00BF
[2207] [M]: 0x0000000080002268 (0x00BF1F13) slli t5, t5, 11
x30 <- 0x0000000000000000
mem[X,0x000000008000226C] -> 0x0F13
mem[X,0x000000008000226E] -> 0x5A8F
[2208] [M]: 0x000000008000226C (0x5A8F0F13) addi t5, t5, 1448
x30 <- 0x00000000000005A8
mem[X,0x0000000080002270] -> 0x1F13
mem[X,0x0000000080002272] -> 0x00BF
[2209] [M]: 0x0000000080002270 (0x00BF1F13) slli t5, t5, 11
x30 <- 0x00000000002D4000
mem[X,0x0000000080002274] -> 0x0F13
mem[X,0x0000000080002276] -> 0x13CF
[2210] [M]: 0x0000000080002274 (0x13CF0F13) addi t5, t5, 316
x30 <- 0x00000000002D413C
mem[X,0x0000000080002278] -> 0x1F13
mem[X,0x000000008000227A] -> 0x00AF
[2211] [M]: 0x0000000080002278 (0x00AF1F13) slli t5, t5, 10
x30 <- 0x00000000B504F000
mem[X,0x000000008000227C] -> 0x0F13
mem[X,0x000000008000227E] -> 0x334F
[2212] [M]: 0x000000008000227C (0x334F0F13) addi t5, t5, 820
x30 <- 0x00000000B504F334
mem[X,0x0000000080002280] -> 0x0E93
mem[X,0x0000000080002282] -> 0x0010
[2213] [M]: 0x0000000080002280 (0x00100E93) addi t4, zero, 1
x29 <- 0x0000000000000001
mem[X,0x0000000080002284] -> 0x9E93
mem[X,0x0000000080002286] -> 0x014E
[2214] [M]: 0x0000000080002284 (0x014E9E93) slli t4, t4, 20
x29 <- 0x0000000000100000
mem[X,0x0000000080002288] -> 0x4FB3
mem[X,0x000000008000228A] -> 0x03DF
[2215] [M]: 0x0000000080002288 (0x03DF4FB3) div t6, t5, t4
x31 <- 0x0000000000000B50
mem[X,0x000000008000228C] -> 0xB423
mem[X,0x000000008000228E] -> 0x27F6
[2216] [M]: 0x000000008000228C (0x27F6B423) sd t6, 616(a3)
mem[0x000000008000D5E8] <- 0x0000000000000B50
mem[X,0x0000000080002290] -> 0x0F37
mem[X,0x0000000080002292] -> 0x0000
[2217] [M]: 0x0000000080002290 (0x00000F37) lui t5, 0
x30 <- 0x0000000000000000
mem[X,0x0000000080002294] -> 0x0F13
mem[X,0x0000000080002296] -> 0x000F
[2218] [M]: 0x0000000080002294 (0x000F0F13) addi t5, t5, 0
x30 <- 0x0000000000000000
mem[X,0x0000000080002298] -> 0x1F13
mem[X,0x000000008000229A] -> 0x00BF
[2219] [M]: 0x0000000080002298 (0x00BF1F13) slli t5, t5, 11
x30 <- 0x0000000000000000
mem[X,0x000000008000229C] -> 0x0F13
mem[X,0x000000008000229E] -> 0x5A8F
[2220] [M]: 0x000000008000229C (0x5A8F0F13) addi t5, t5, 1448
x30 <- 0x00000000000005A8
mem[X,0x00000000800022A0] -> 0x1F13
mem[X,0x00000000800022A2] -> 0x00BF
[2221] [M]: 0x00000000800022A0 (0x00BF1F13) slli t5, t5, 11
x30 <- 0x00000000002D4000
mem[X,0x00000000800022A4] -> 0x0F13
mem[X,0x00000000800022A6] -> 0x13CF
[2222] [M]: 0x00000000800022A4 (0x13CF0F13) addi t5, t5, 316
x30 <- 0x00000000002D413C
mem[X,0x00000000800022A8] -> 0x1F13
mem[X,0x00000000800022AA] -> 0x00AF
[2223] [M]: 0x00000000800022A8 (0x00AF1F13) slli t5, t5, 10
x30 <- 0x00000000B504F000
mem[X,0x00000000800022AC] -> 0x0F13
mem[X,0x00000000800022AE] -> 0x334F
[2224] [M]: 0x00000000800022AC (0x334F0F13) addi t5, t5, 820
x30 <- 0x00000000B504F334
mem[X,0x00000000800022B0] -> 0x0E93
mem[X,0x00000000800022B2] -> 0x0010
[2225] [M]: 0x00000000800022B0 (0x00100E93) addi t4, zero, 1
x29 <- 0x0000000000000001
mem[X,0x00000000800022B4] -> 0x9E93
mem[X,0x00000000800022B6] -> 0x015E
[2226] [M]: 0x00000000800022B4 (0x015E9E93) slli t4, t4, 21
x29 <- 0x0000000000200000
mem[X,0x00000000800022B8] -> 0x4FB3
mem[X,0x00000000800022BA] -> 0x03DF
[2227] [M]: 0x00000000800022B8 (0x03DF4FB3) div t6, t5, t4
x31 <- 0x00000000000005A8
mem[X,0x00000000800022BC] -> 0xB823
mem[X,0x00000000800022BE] -> 0x27F6
[2228] [M]: 0x00000000800022BC (0x27F6B823) sd t6, 624(a3)
mem[0x000000008000D5F0] <- 0x00000000000005A8
mem[X,0x00000000800022C0] -> 0x0F37
mem[X,0x00000000800022C2] -> 0x0000
[2229] [M]: 0x00000000800022C0 (0x00000F37) lui t5, 0
x30 <- 0x0000000000000000
mem[X,0x00000000800022C4] -> 0x0F13
mem[X,0x00000000800022C6] -> 0x000F
[2230] [M]: 0x00000000800022C4 (0x000F0F13) addi t5, t5, 0
x30 <- 0x0000000000000000
mem[X,0x00000000800022C8] -> 0x1F13
mem[X,0x00000000800022CA] -> 0x00BF
[2231] [M]: 0x00000000800022C8 (0x00BF1F13) slli t5, t5, 11
x30 <- 0x0000000000000000
mem[X,0x00000000800022CC] -> 0x0F13
mem[X,0x00000000800022CE] -> 0x5A8F
[2232] [M]: 0x00000000800022CC (0x5A8F0F13) addi t5, t5, 1448
x30 <- 0x00000000000005A8
mem[X,0x00000000800022D0] -> 0x1F13
mem[X,0x00000000800022D2] -> 0x00BF
[2233] [M]: 0x00000000800022D0 (0x00BF1F13) slli t5, t5, 11
x30 <- 0x00000000002D4000
mem[X,0x00000000800022D4] -> 0x0F13
mem[X,0x00000000800022D6] -> 0x13CF
[2234] [M]: 0x00000000800022D4 (0x13CF0F13) addi t5, t5, 316
x30 <- 0x00000000002D413C
mem[X,0x00000000800022D8] -> 0x1F13
mem[X,0x00000000800022DA] -> 0x00AF
[2235] [M]: 0x00000000800022D8 (0x00AF1F13) slli t5, t5, 10
x30 <- 0x00000000B504F000
mem[X,0x00000000800022DC] -> 0x0F13
mem[X,0x00000000800022DE] -> 0x334F
[2236] [M]: 0x00000000800022DC (0x334F0F13) addi t5, t5, 820
x30 <- 0x00000000B504F334
mem[X,0x00000000800022E0] -> 0x0E93
mem[X,0x00000000800022E2] -> 0x0010
[2237] [M]: 0x00000000800022E0 (0x00100E93) addi t4, zero, 1
x29 <- 0x0000000000000001
mem[X,0x00000000800022E4] -> 0x9E93
mem[X,0x00000000800022E6] -> 0x016E
[2238] [M]: 0x00000000800022E4 (0x016E9E93) slli t4, t4, 22
x29 <- 0x0000000000400000
mem[X,0x00000000800022E8] -> 0x4FB3
mem[X,0x00000000800022EA] -> 0x03DF
[2239] [M]: 0x00000000800022E8 (0x03DF4FB3) div t6, t5, t4
x31 <- 0x00000000000002D4
mem[X,0x00000000800022EC] -> 0xBC23
mem[X,0x00000000800022EE] -> 0x27F6
[2240] [M]: 0x00000000800022EC (0x27F6BC23) sd t6, 632(a3)
mem[0x000000008000D5F8] <- 0x00000000000002D4
mem[X,0x00000000800022F0] -> 0x0F37
mem[X,0x00000000800022F2] -> 0x0000
[2241] [M]: 0x00000000800022F0 (0x00000F37) lui t5, 0
x30 <- 0x0000000000000000
mem[X,0x00000000800022F4] -> 0x0F13
mem[X,0x00000000800022F6] -> 0x000F
[2242] [M]: 0x00000000800022F4 (0x000F0F13) addi t5, t5, 0
x30 <- 0x0000000000000000
mem[X,0x00000000800022F8] -> 0x1F13
mem[X,0x00000000800022FA] -> 0x00BF
[2243] [M]: 0x00000000800022F8 (0x00BF1F13) slli t5, t5, 11
x30 <- 0x0000000000000000
mem[X,0x00000000800022FC] -> 0x0F13
mem[X,0x00000000800022FE] -> 0x5A8F
[2244] [M]: 0x00000000800022FC (0x5A8F0F13) addi t5, t5, 1448
x30 <- 0x00000000000005A8
mem[X,0x0000000080002300] -> 0x1F13
mem[X,0x0000000080002302] -> 0x00BF
[2245] [M]: 0x0000000080002300 (0x00BF1F13) slli t5, t5, 11
x30 <- 0x00000000002D4000
mem[X,0x0000000080002304] -> 0x0F13
mem[X,0x0000000080002306] -> 0x13CF
[2246] [M]: 0x0000000080002304 (0x13CF0F13) addi t5, t5, 316
x30 <- 0x00000000002D413C
mem[X,0x0000000080002308] -> 0x1F13
mem[X,0x000000008000230A] -> 0x00AF
[2247] [M]: 0x0000000080002308 (0x00AF1F13) slli t5, t5, 10
x30 <- 0x00000000B504F000
mem[X,0x000000008000230C] -> 0x0F13
mem[X,0x000000008000230E] -> 0x334F
[2248] [M]: 0x000000008000230C (0x334F0F13) addi t5, t5, 820
x30 <- 0x00000000B504F334
mem[X,0x0000000080002310] -> 0x0E93
mem[X,0x0000000080002312] -> 0x0010
[2249] [M]: 0x0000000080002310 (0x00100E93) addi t4, zero, 1
x29 <- 0x0000000000000001
mem[X,0x0000000080002314] -> 0x9E93
mem[X,0x0000000080002316] -> 0x017E
[2250] [M]: 0x0000000080002314 (0x017E9E93) slli t4, t4, 23
x29 <- 0x0000000000800000
mem[X,0x0000000080002318] -> 0x4FB3
mem[X,0x000000008000231A] -> 0x03DF
[2251] [M]: 0x0000000080002318 (0x03DF4FB3) div t6, t5, t4
x31 <- 0x000000000000016A
mem[X,0x000000008000231C] -> 0xB023
mem[X,0x000000008000231E] -> 0x29F6
[2252] [M]: 0x000000008000231C (0x29F6B023) sd t6, 640(a3)
mem[0x000000008000D600] <- 0x000000000000016A
mem[X,0x0000000080002320] -> 0x0F37
mem[X,0x0000000080002322] -> 0x0000
[2253] [M]: 0x0000000080002320 (0x00000F37) lui t5, 0
x30 <- 0x0000000000000000
mem[X,0x0000000080002324] -> 0x0F13
mem[X,0x0000000080002326] -> 0x000F
[2254] [M]: 0x0000000080002324 (0x000F0F13) addi t5, t5, 0
x30 <- 0x0000000000000000
mem[X,0x0000000080002328] -> 0x1F13
mem[X,0x000000008000232A] -> 0x00BF
[2255] [M]: 0x0000000080002328 (0x00BF1F13) slli t5, t5, 11
x30 <- 0x0000000000000000
mem[X,0x000000008000232C] -> 0x0F13
mem[X,0x000000008000232E] -> 0x5A8F
[2256] [M]: 0x000000008000232C (0x5A8F0F13) addi t5, t5, 1448
x30 <- 0x00000000000005A8
mem[X,0x0000000080002330] -> 0x1F13
mem[X,0x0000000080002332] -> 0x00BF
[2257] [M]: 0x0000000080002330 (0x00BF1F13) slli t5, t5, 11
x30 <- 0x00000000002D4000
mem[X,0x0000000080002334] -> 0x0F13
mem[X,0x0000000080002336] -> 0x13CF
[2258] [M]: 0x0000000080002334 (0x13CF0F13) addi t5, t5, 316
x30 <- 0x00000000002D413C
mem[X,0x0000000080002338] -> 0x1F13
mem[X,0x000000008000233A] -> 0x00AF
[2259] [M]: 0x0000000080002338 (0x00AF1F13) slli t5, t5, 10
x30 <- 0x00000000B504F000
mem[X,0x000000008000233C] -> 0x0F13
mem[X,0x000000008000233E] -> 0x334F
[2260] [M]: 0x000000008000233C (0x334F0F13) addi t5, t5, 820
x30 <- 0x00000000B504F334
mem[X,0x0000000080002340] -> 0x0E93
mem[X,0x0000000080002342] -> 0x0010
[2261] [M]: 0x0000000080002340 (0x00100E93) addi t4, zero, 1
x29 <- 0x0000000000000001
mem[X,0x0000000080002344] -> 0x9E93
mem[X,0x0000000080002346] -> 0x018E
[2262] [M]: 0x0000000080002344 (0x018E9E93) slli t4, t4, 24
x29 <- 0x0000000001000000
mem[X,0x0000000080002348] -> 0x4FB3
mem[X,0x000000008000234A] -> 0x03DF
[2263] [M]: 0x0000000080002348 (0x03DF4FB3) div t6, t5, t4
x31 <- 0x00000000000000B5
mem[X,0x000000008000234C] -> 0xB423
mem[X,0x000000008000234E] -> 0x29F6
[2264] [M]: 0x000000008000234C (0x29F6B423) sd t6, 648(a3)
mem[0x000000008000D608] <- 0x00000000000000B5
mem[X,0x0000000080002350] -> 0x0F37
mem[X,0x0000000080002352] -> 0x0000
[2265] [M]: 0x0000000080002350 (0x00000F37) lui t5, 0
x30 <- 0x0000000000000000
mem[X,0x0000000080002354] -> 0x0F13
mem[X,0x0000000080002356] -> 0x000F
[2266] [M]: 0x0000000080002354 (0x000F0F13) addi t5, t5, 0
x30 <- 0x0000000000000000
mem[X,0x0000000080002358] -> 0x1F13
mem[X,0x000000008000235A] -> 0x00BF
[2267] [M]: 0x0000000080002358 (0x00BF1F13) slli t5, t5, 11
x30 <- 0x0000000000000000
mem[X,0x000000008000235C] -> 0x0F13
mem[X,0x000000008000235E] -> 0x5A8F
[2268] [M]: 0x000000008000235C (0x5A8F0F13) addi t5, t5, 1448
x30 <- 0x00000000000005A8
mem[X,0x0000000080002360] -> 0x1F13
mem[X,0x0000000080002362] -> 0x00BF
[2269] [M]: 0x0000000080002360 (0x00BF1F13) slli t5, t5, 11
x30 <- 0x00000000002D4000
mem[X,0x0000000080002364] -> 0x0F13
mem[X,0x0000000080002366] -> 0x13CF
[2270] [M]: 0x0000000080002364 (0x13CF0F13) addi t5, t5, 316
x30 <- 0x00000000002D413C
mem[X,0x0000000080002368] -> 0x1F13
mem[X,0x000000008000236A] -> 0x00AF
[2271] [M]: 0x0000000080002368 (0x00AF1F13) slli t5, t5, 10
x30 <- 0x00000000B504F000
mem[X,0x000000008000236C] -> 0x0F13
mem[X,0x000000008000236E] -> 0x334F
[2272] [M]: 0x000000008000236C (0x334F0F13) addi t5, t5, 820
x30 <- 0x00000000B504F334
mem[X,0x0000000080002370] -> 0x0E93
mem[X,0x0000000080002372] -> 0x0010
[2273] [M]: 0x0000000080002370 (0x00100E93) addi t4, zero, 1
x29 <- 0x0000000000000001
mem[X,0x0000000080002374] -> 0x9E93
mem[X,0x0000000080002376] -> 0x019E
[2274] [M]: 0x0000000080002374 (0x019E9E93) slli t4, t4, 25
x29 <- 0x0000000002000000
mem[X,0x0000000080002378] -> 0x4FB3
mem[X,0x000000008000237A] -> 0x03DF
[2275] [M]: 0x0000000080002378 (0x03DF4FB3) div t6, t5, t4
x31 <- 0x000000000000005A
mem[X,0x000000008000237C] -> 0xB823
mem[X,0x000000008000237E] -> 0x29F6
[2276] [M]: 0x000000008000237C (0x29F6B823) sd t6, 656(a3)
mem[0x000000008000D610] <- 0x000000000000005A
mem[X,0x0000000080002380] -> 0x0F37
mem[X,0x0000000080002382] -> 0x0000
[2277] [M]: 0x0000000080002380 (0x00000F37) lui t5, 0
x30 <- 0x0000000000000000
mem[X,0x0000000080002384] -> 0x0F13
mem[X,0x0000000080002386] -> 0x000F
[2278] [M]: 0x0000000080002384 (0x000F0F13) addi t5, t5, 0
x30 <- 0x0000000000000000
mem[X,0x0000000080002388] -> 0x1F13
mem[X,0x000000008000238A] -> 0x00BF
[2279] [M]: 0x0000000080002388 (0x00BF1F13) slli t5, t5, 11
x30 <- 0x0000000000000000
mem[X,0x000000008000238C] -> 0x0F13
mem[X,0x000000008000238E] -> 0x5A8F
[2280] [M]: 0x000000008000238C (0x5A8F0F13) addi t5, t5, 1448
x30 <- 0x00000000000005A8
mem[X,0x0000000080002390] -> 0x1F13
mem[X,0x0000000080002392] -> 0x00BF
[2281] [M]: 0x0000000080002390 (0x00BF1F13) slli t5, t5, 11
x30 <- 0x00000000002D4000
mem[X,0x0000000080002394] -> 0x0F13
mem[X,0x0000000080002396] -> 0x13CF
[2282] [M]: 0x0000000080002394 (0x13CF0F13) addi t5, t5, 316
x30 <- 0x00000000002D413C
mem[X,0x0000000080002398] -> 0x1F13
mem[X,0x000000008000239A] -> 0x00AF
[2283] [M]: 0x0000000080002398 (0x00AF1F13) slli t5, t5, 10
x30 <- 0x00000000B504F000
mem[X,0x000000008000239C] -> 0x0F13
mem[X,0x000000008000239E] -> 0x334F
[2284] [M]: 0x000000008000239C (0x334F0F13) addi t5, t5, 820
x30 <- 0x00000000B504F334
mem[X,0x00000000800023A0] -> 0x0E93
mem[X,0x00000000800023A2] -> 0x0010
[2285] [M]: 0x00000000800023A0 (0x00100E93) addi t4, zero, 1
x29 <- 0x0000000000000001
mem[X,0x00000000800023A4] -> 0x9E93
mem[X,0x00000000800023A6] -> 0x01AE
[2286] [M]: 0x00000000800023A4 (0x01AE9E93) slli t4, t4, 26
x29 <- 0x0000000004000000
mem[X,0x00000000800023A8] -> 0x4FB3
mem[X,0x00000000800023AA] -> 0x03DF
[2287] [M]: 0x00000000800023A8 (0x03DF4FB3) div t6, t5, t4
x31 <- 0x000000000000002D
mem[X,0x00000000800023AC] -> 0xBC23
mem[X,0x00000000800023AE] -> 0x29F6
[2288] [M]: 0x00000000800023AC (0x29F6BC23) sd t6, 664(a3)
mem[0x000000008000D618] <- 0x000000000000002D
mem[X,0x00000000800023B0] -> 0x0F37
mem[X,0x00000000800023B2] -> 0x0000
[2289] [M]: 0x00000000800023B0 (0x00000F37) lui t5, 0
x30 <- 0x0000000000000000
mem[X,0x00000000800023B4] -> 0x0F13
mem[X,0x00000000800023B6] -> 0x000F
[2290] [M]: 0x00000000800023B4 (0x000F0F13) addi t5, t5, 0
x30 <- 0x0000000000000000
mem[X,0x00000000800023B8] -> 0x1F13
mem[X,0x00000000800023BA] -> 0x00BF
[2291] [M]: 0x00000000800023B8 (0x00BF1F13) slli t5, t5, 11
x30 <- 0x0000000000000000
mem[X,0x00000000800023BC] -> 0x0F13
mem[X,0x00000000800023BE] -> 0x5A8F
[2292] [M]: 0x00000000800023BC (0x5A8F0F13) addi t5, t5, 1448
x30 <- 0x00000000000005A8
mem[X,0x00000000800023C0] -> 0x1F13
mem[X,0x00000000800023C2] -> 0x00BF
[2293] [M]: 0x00000000800023C0 (0x00BF1F13) slli t5, t5, 11
x30 <- 0x00000000002D4000
mem[X,0x00000000800023C4] -> 0x0F13
mem[X,0x00000000800023C6] -> 0x13CF
[2294] [M]: 0x00000000800023C4 (0x13CF0F13) addi t5, t5, 316
x30 <- 0x00000000002D413C
mem[X,0x00000000800023C8] -> 0x1F13
mem[X,0x00000000800023CA] -> 0x00AF
[2295] [M]: 0x00000000800023C8 (0x00AF1F13) slli t5, t5, 10
x30 <- 0x00000000B504F000
mem[X,0x00000000800023CC] -> 0x0F13
mem[X,0x00000000800023CE] -> 0x334F
[2296] [M]: 0x00000000800023CC (0x334F0F13) addi t5, t5, 820
x30 <- 0x00000000B504F334
mem[X,0x00000000800023D0] -> 0x0E93
mem[X,0x00000000800023D2] -> 0x0010
[2297] [M]: 0x00000000800023D0 (0x00100E93) addi t4, zero, 1
x29 <- 0x0000000000000001
mem[X,0x00000000800023D4] -> 0x9E93
mem[X,0x00000000800023D6] -> 0x01BE
[2298] [M]: 0x00000000800023D4 (0x01BE9E93) slli t4, t4, 27
x29 <- 0x0000000008000000
mem[X,0x00000000800023D8] -> 0x4FB3
mem[X,0x00000000800023DA] -> 0x03DF
[2299] [M]: 0x00000000800023D8 (0x03DF4FB3) div t6, t5, t4
x31 <- 0x0000000000000016
clint::tick mtime <- 0x0000000000000017
 clint timer pending at mtime 0x0000000000000017
htif::tick 0x0000000000000000
mem[X,0x00000000800023DC] -> 0xB023
mem[X,0x00000000800023DE] -> 0x2BF6
[2300] [M]: 0x00000000800023DC (0x2BF6B023) sd t6, 672(a3)
mem[0x000000008000D620] <- 0x0000000000000016
mem[X,0x00000000800023E0] -> 0x0F37
mem[X,0x00000000800023E2] -> 0x0000
[2301] [M]: 0x00000000800023E0 (0x00000F37) lui t5, 0
x30 <- 0x0000000000000000
mem[X,0x00000000800023E4] -> 0x0F13
mem[X,0x00000000800023E6] -> 0x000F
[2302] [M]: 0x00000000800023E4 (0x000F0F13) addi t5, t5, 0
x30 <- 0x0000000000000000
mem[X,0x00000000800023E8] -> 0x1F13
mem[X,0x00000000800023EA] -> 0x00BF
[2303] [M]: 0x00000000800023E8 (0x00BF1F13) slli t5, t5, 11
x30 <- 0x0000000000000000
mem[X,0x00000000800023EC] -> 0x0F13
mem[X,0x00000000800023EE] -> 0x5A8F
[2304] [M]: 0x00000000800023EC (0x5A8F0F13) addi t5, t5, 1448
x30 <- 0x00000000000005A8
mem[X,0x00000000800023F0] -> 0x1F13
mem[X,0x00000000800023F2] -> 0x00BF
[2305] [M]: 0x00000000800023F0 (0x00BF1F13) slli t5, t5, 11
x30 <- 0x00000000002D4000
mem[X,0x00000000800023F4] -> 0x0F13
mem[X,0x00000000800023F6] -> 0x13CF
[2306] [M]: 0x00000000800023F4 (0x13CF0F13) addi t5, t5, 316
x30 <- 0x00000000002D413C
mem[X,0x00000000800023F8] -> 0x1F13
mem[X,0x00000000800023FA] -> 0x00AF
[2307] [M]: 0x00000000800023F8 (0x00AF1F13) slli t5, t5, 10
x30 <- 0x00000000B504F000
mem[X,0x00000000800023FC] -> 0x0F13
mem[X,0x00000000800023FE] -> 0x334F
[2308] [M]: 0x00000000800023FC (0x334F0F13) addi t5, t5, 820
x30 <- 0x00000000B504F334
mem[X,0x0000000080002400] -> 0x0E93
mem[X,0x0000000080002402] -> 0x0010
[2309] [M]: 0x0000000080002400 (0x00100E93) addi t4, zero, 1
x29 <- 0x0000000000000001
mem[X,0x0000000080002404] -> 0x9E93
mem[X,0x0000000080002406] -> 0x01CE
[2310] [M]: 0x0000000080002404 (0x01CE9E93) slli t4, t4, 28
x29 <- 0x0000000010000000
mem[X,0x0000000080002408] -> 0x4FB3
mem[X,0x000000008000240A] -> 0x03DF
[2311] [M]: 0x0000000080002408 (0x03DF4FB3) div t6, t5, t4
x31 <- 0x000000000000000B
mem[X,0x000000008000240C] -> 0xB423
mem[X,0x000000008000240E] -> 0x2BF6
[2312] [M]: 0x000000008000240C (0x2BF6B423) sd t6, 680(a3)
mem[0x000000008000D628] <- 0x000000000000000B
mem[X,0x0000000080002410] -> 0x0F37
mem[X,0x0000000080002412] -> 0x0000
[2313] [M]: 0x0000000080002410 (0x00000F37) lui t5, 0
x30 <- 0x0000000000000000
mem[X,0x0000000080002414] -> 0x0F13
mem[X,0x0000000080002416] -> 0x000F
[2314] [M]: 0x0000000080002414 (0x000F0F13) addi t5, t5, 0
x30 <- 0x0000000000000000
mem[X,0x0000000080002418] -> 0x1F13
mem[X,0x000000008000241A] -> 0x00BF
[2315] [M]: 0x0000000080002418 (0x00BF1F13) slli t5, t5, 11
x30 <- 0x0000000000000000
mem[X,0x000000008000241C] -> 0x0F13
mem[X,0x000000008000241E] -> 0x5A8F
[2316] [M]: 0x000000008000241C (0x5A8F0F13) addi t5, t5, 1448
x30 <- 0x00000000000005A8
mem[X,0x0000000080002420] -> 0x1F13
mem[X,0x0000000080002422] -> 0x00BF
[2317] [M]: 0x0000000080002420 (0x00BF1F13) slli t5, t5, 11
x30 <- 0x00000000002D4000
mem[X,0x0000000080002424] -> 0x0F13
mem[X,0x0000000080002426] -> 0x13CF
[2318] [M]: 0x0000000080002424 (0x13CF0F13) addi t5, t5, 316
x30 <- 0x00000000002D413C
mem[X,0x0000000080002428] -> 0x1F13
mem[X,0x000000008000242A] -> 0x00AF
[2319] [M]: 0x0000000080002428 (0x00AF1F13) slli t5, t5, 10
x30 <- 0x00000000B504F000
mem[X,0x000000008000242C] -> 0x0F13
mem[X,0x000000008000242E] -> 0x334F
[2320] [M]: 0x000000008000242C (0x334F0F13) addi t5, t5, 820
x30 <- 0x00000000B504F334
mem[X,0x0000000080002430] -> 0x0E93
mem[X,0x0000000080002432] -> 0x0010
[2321] [M]: 0x0000000080002430 (0x00100E93) addi t4, zero, 1
x29 <- 0x0000000000000001
mem[X,0x0000000080002434] -> 0x9E93
mem[X,0x0000000080002436] -> 0x01DE
[2322] [M]: 0x0000000080002434 (0x01DE9E93) slli t4, t4, 29
x29 <- 0x0000000020000000
mem[X,0x0000000080002438] -> 0x4FB3
mem[X,0x000000008000243A] -> 0x03DF
[2323] [M]: 0x0000000080002438 (0x03DF4FB3) div t6, t5, t4
x31 <- 0x0000000000000005
mem[X,0x000000008000243C] -> 0xB823
mem[X,0x000000008000243E] -> 0x2BF6
[2324] [M]: 0x000000008000243C (0x2BF6B823) sd t6, 688(a3)
mem[0x000000008000D630] <- 0x0000000000000005
mem[X,0x0000000080002440] -> 0x0F37
mem[X,0x0000000080002442] -> 0x0000
[2325] [M]: 0x0000000080002440 (0x00000F37) lui t5, 0
x30 <- 0x0000000000000000
mem[X,0x0000000080002444] -> 0x0F13
mem[X,0x0000000080002446] -> 0x000F
[2326] [M]: 0x0000000080002444 (0x000F0F13) addi t5, t5, 0
x30 <- 0x0000000000000000
mem[X,0x0000000080002448] -> 0x1F13
mem[X,0x000000008000244A] -> 0x00BF
[2327] [M]: 0x0000000080002448 (0x00BF1F13) slli t5, t5, 11
x30 <- 0x0000000000000000
mem[X,0x000000008000244C] -> 0x0F13
mem[X,0x000000008000244E] -> 0x5A8F
[2328] [M]: 0x000000008000244C (0x5A8F0F13) addi t5, t5, 1448
x30 <- 0x00000000000005A8
mem[X,0x0000000080002450] -> 0x1F13
mem[X,0x0000000080002452] -> 0x00BF
[2329] [M]: 0x0000000080002450 (0x00BF1F13) slli t5, t5, 11
x30 <- 0x00000000002D4000
mem[X,0x0000000080002454] -> 0x0F13
mem[X,0x0000000080002456] -> 0x13CF
[2330] [M]: 0x0000000080002454 (0x13CF0F13) addi t5, t5, 316
x30 <- 0x00000000002D413C
mem[X,0x0000000080002458] -> 0x1F13
mem[X,0x000000008000245A] -> 0x00AF
[2331] [M]: 0x0000000080002458 (0x00AF1F13) slli t5, t5, 10
x30 <- 0x00000000B504F000
mem[X,0x000000008000245C] -> 0x0F13
mem[X,0x000000008000245E] -> 0x334F
[2332] [M]: 0x000000008000245C (0x334F0F13) addi t5, t5, 820
x30 <- 0x00000000B504F334
mem[X,0x0000000080002460] -> 0x0E93
mem[X,0x0000000080002462] -> 0x0010
[2333] [M]: 0x0000000080002460 (0x00100E93) addi t4, zero, 1
x29 <- 0x0000000000000001
mem[X,0x0000000080002464] -> 0x9E93
mem[X,0x0000000080002466] -> 0x01EE
[2334] [M]: 0x0000000080002464 (0x01EE9E93) slli t4, t4, 30
x29 <- 0x0000000040000000
mem[X,0x0000000080002468] -> 0x4FB3
mem[X,0x000000008000246A] -> 0x03DF
[2335] [M]: 0x0000000080002468 (0x03DF4FB3) div t6, t5, t4
x31 <- 0x0000000000000002
mem[X,0x000000008000246C] -> 0xBC23
mem[X,0x000000008000246E] -> 0x2BF6
[2336] [M]: 0x000000008000246C (0x2BF6BC23) sd t6, 696(a3)
mem[0x000000008000D638] <- 0x0000000000000002
mem[X,0x0000000080002470] -> 0x0F37
mem[X,0x0000000080002472] -> 0x0000
[2337] [M]: 0x0000000080002470 (0x00000F37) lui t5, 0
x30 <- 0x0000000000000000
mem[X,0x0000000080002474] -> 0x0F13
mem[X,0x0000000080002476] -> 0x000F
[2338] [M]: 0x0000000080002474 (0x000F0F13) addi t5, t5, 0
x30 <- 0x0000000000000000
mem[X,0x0000000080002478] -> 0x1F13
mem[X,0x000000008000247A] -> 0x00BF
[2339] [M]: 0x0000000080002478 (0x00BF1F13) slli t5, t5, 11
x30 <- 0x0000000000000000
mem[X,0x000000008000247C] -> 0x0F13
mem[X,0x000000008000247E] -> 0x5A8F
[2340] [M]: 0x000000008000247C (0x5A8F0F13) addi t5, t5, 1448
x30 <- 0x00000000000005A8
mem[X,0x0000000080002480] -> 0x1F13
mem[X,0x0000000080002482] -> 0x00BF
[2341] [M]: 0x0000000080002480 (0x00BF1F13) slli t5, t5, 11
x30 <- 0x00000000002D4000
mem[X,0x0000000080002484] -> 0x0F13
mem[X,0x0000000080002486] -> 0x13CF
[2342] [M]: 0x0000000080002484 (0x13CF0F13) addi t5, t5, 316
x30 <- 0x00000000002D413C
mem[X,0x0000000080002488] -> 0x1F13
mem[X,0x000000008000248A] -> 0x00AF
[2343] [M]: 0x0000000080002488 (0x00AF1F13) slli t5, t5, 10
x30 <- 0x00000000B504F000
mem[X,0x000000008000248C] -> 0x0F13
mem[X,0x000000008000248E] -> 0x334F
[2344] [M]: 0x000000008000248C (0x334F0F13) addi t5, t5, 820
x30 <- 0x00000000B504F334
mem[X,0x0000000080002490] -> 0x0E93
mem[X,0x0000000080002492] -> 0x0010
[2345] [M]: 0x0000000080002490 (0x00100E93) addi t4, zero, 1
x29 <- 0x0000000000000001
mem[X,0x0000000080002494] -> 0x9E93
mem[X,0x0000000080002496] -> 0x01FE
[2346] [M]: 0x0000000080002494 (0x01FE9E93) slli t4, t4, 31
x29 <- 0x0000000080000000
mem[X,0x0000000080002498] -> 0x4FB3
mem[X,0x000000008000249A] -> 0x03DF
[2347] [M]: 0x0000000080002498 (0x03DF4FB3) div t6, t5, t4
x31 <- 0x0000000000000001
mem[X,0x000000008000249C] -> 0xB023
mem[X,0x000000008000249E] -> 0x2DF6
[2348] [M]: 0x000000008000249C (0x2DF6B023) sd t6, 704(a3)
mem[0x000000008000D640] <- 0x0000000000000001
mem[X,0x00000000800024A0] -> 0x0F37
mem[X,0x00000000800024A2] -> 0x0000
[2349] [M]: 0x00000000800024A0 (0x00000F37) lui t5, 0
x30 <- 0x0000000000000000
mem[X,0x00000000800024A4] -> 0x0F13
mem[X,0x00000000800024A6] -> 0x000F
[2350] [M]: 0x00000000800024A4 (0x000F0F13) addi t5, t5, 0
x30 <- 0x0000000000000000
mem[X,0x00000000800024A8] -> 0x1F13
mem[X,0x00000000800024AA] -> 0x00BF
[2351] [M]: 0x00000000800024A8 (0x00BF1F13) slli t5, t5, 11
x30 <- 0x0000000000000000
mem[X,0x00000000800024AC] -> 0x0F13
mem[X,0x00000000800024AE] -> 0x5A8F
[2352] [M]: 0x00000000800024AC (0x5A8F0F13) addi t5, t5, 1448
x30 <- 0x00000000000005A8
mem[X,0x00000000800024B0] -> 0x1F13
mem[X,0x00000000800024B2] -> 0x00BF
[2353] [M]: 0x00000000800024B0 (0x00BF1F13) slli t5, t5, 11
x30 <- 0x00000000002D4000
mem[X,0x00000000800024B4] -> 0x0F13
mem[X,0x00000000800024B6] -> 0x13CF
[2354] [M]: 0x00000000800024B4 (0x13CF0F13) addi t5, t5, 316
x30 <- 0x00000000002D413C
mem[X,0x00000000800024B8] -> 0x1F13
mem[X,0x00000000800024BA] -> 0x00AF
[2355] [M]: 0x00000000800024B8 (0x00AF1F13) slli t5, t5, 10
x30 <- 0x00000000B504F000
mem[X,0x00000000800024BC] -> 0x0F13
mem[X,0x00000000800024BE] -> 0x334F
[2356] [M]: 0x00000000800024BC (0x334F0F13) addi t5, t5, 820
x30 <- 0x00000000B504F334
mem[X,0x00000000800024C0] -> 0x0E93
mem[X,0x00000000800024C2] -> 0x0010
[2357] [M]: 0x00000000800024C0 (0x00100E93) addi t4, zero, 1
x29 <- 0x0000000000000001
mem[X,0x00000000800024C4] -> 0x9E93
mem[X,0x00000000800024C6] -> 0x020E
[2358] [M]: 0x00000000800024C4 (0x020E9E93) slli t4, t4, 32
x29 <- 0x0000000100000000
mem[X,0x00000000800024C8] -> 0x4FB3
mem[X,0x00000000800024CA] -> 0x03DF
[2359] [M]: 0x00000000800024C8 (0x03DF4FB3) div t6, t5, t4
x31 <- 0x0000000000000000
mem[X,0x00000000800024CC] -> 0xB423
mem[X,0x00000000800024CE] -> 0x2DF6
[2360] [M]: 0x00000000800024CC (0x2DF6B423) sd t6, 712(a3)
mem[0x000000008000D648] <- 0x0000000000000000
mem[X,0x00000000800024D0] -> 0x0F37
mem[X,0x00000000800024D2] -> 0x0000
[2361] [M]: 0x00000000800024D0 (0x00000F37) lui t5, 0
x30 <- 0x0000000000000000
mem[X,0x00000000800024D4] -> 0x0F13
mem[X,0x00000000800024D6] -> 0x000F
[2362] [M]: 0x00000000800024D4 (0x000F0F13) addi t5, t5, 0
x30 <- 0x0000000000000000
mem[X,0x00000000800024D8] -> 0x1F13
mem[X,0x00000000800024DA] -> 0x00BF
[2363] [M]: 0x00000000800024D8 (0x00BF1F13) slli t5, t5, 11
x30 <- 0x0000000000000000
mem[X,0x00000000800024DC] -> 0x0F13
mem[X,0x00000000800024DE] -> 0x5A8F
[2364] [M]: 0x00000000800024DC (0x5A8F0F13) addi t5, t5, 1448
x30 <- 0x00000000000005A8
mem[X,0x00000000800024E0] -> 0x1F13
mem[X,0x00000000800024E2] -> 0x00BF
[2365] [M]: 0x00000000800024E0 (0x00BF1F13) slli t5, t5, 11
x30 <- 0x00000000002D4000
mem[X,0x00000000800024E4] -> 0x0F13
mem[X,0x00000000800024E6] -> 0x13CF
[2366] [M]: 0x00000000800024E4 (0x13CF0F13) addi t5, t5, 316
x30 <- 0x00000000002D413C
mem[X,0x00000000800024E8] -> 0x1F13
mem[X,0x00000000800024EA] -> 0x00AF
[2367] [M]: 0x00000000800024E8 (0x00AF1F13) slli t5, t5, 10
x30 <- 0x00000000B504F000
mem[X,0x00000000800024EC] -> 0x0F13
mem[X,0x00000000800024EE] -> 0x334F
[2368] [M]: 0x00000000800024EC (0x334F0F13) addi t5, t5, 820
x30 <- 0x00000000B504F334
mem[X,0x00000000800024F0] -> 0x0E93
mem[X,0x00000000800024F2] -> 0x0010
[2369] [M]: 0x00000000800024F0 (0x00100E93) addi t4, zero, 1
x29 <- 0x0000000000000001
mem[X,0x00000000800024F4] -> 0x9E93
mem[X,0x00000000800024F6] -> 0x021E
[2370] [M]: 0x00000000800024F4 (0x021E9E93) slli t4, t4, 33
x29 <- 0x0000000200000000
mem[X,0x00000000800024F8] -> 0x4FB3
mem[X,0x00000000800024FA] -> 0x03DF
[2371] [M]: 0x00000000800024F8 (0x03DF4FB3) div t6, t5, t4
x31 <- 0x0000000000000000
mem[X,0x00000000800024FC] -> 0xB823
mem[X,0x00000000800024FE] -> 0x2DF6
[2372] [M]: 0x00000000800024FC (0x2DF6B823) sd t6, 720(a3)
mem[0x000000008000D650] <- 0x0000000000000000
mem[X,0x0000000080002500] -> 0x0F37
mem[X,0x0000000080002502] -> 0x0000
[2373] [M]: 0x0000000080002500 (0x00000F37) lui t5, 0
x30 <- 0x0000000000000000
mem[X,0x0000000080002504] -> 0x0F13
mem[X,0x0000000080002506] -> 0x000F
[2374] [M]: 0x0000000080002504 (0x000F0F13) addi t5, t5, 0
x30 <- 0x0000000000000000
mem[X,0x0000000080002508] -> 0x1F13
mem[X,0x000000008000250A] -> 0x00BF
[2375] [M]: 0x0000000080002508 (0x00BF1F13) slli t5, t5, 11
x30 <- 0x0000000000000000
mem[X,0x000000008000250C] -> 0x0F13
mem[X,0x000000008000250E] -> 0x5A8F
[2376] [M]: 0x000000008000250C (0x5A8F0F13) addi t5, t5, 1448
x30 <- 0x00000000000005A8
mem[X,0x0000000080002510] -> 0x1F13
mem[X,0x0000000080002512] -> 0x00BF
[2377] [M]: 0x0000000080002510 (0x00BF1F13) slli t5, t5, 11
x30 <- 0x00000000002D4000
mem[X,0x0000000080002514] -> 0x0F13
mem[X,0x0000000080002516] -> 0x13CF
[2378] [M]: 0x0000000080002514 (0x13CF0F13) addi t5, t5, 316
x30 <- 0x00000000002D413C
mem[X,0x0000000080002518] -> 0x1F13
mem[X,0x000000008000251A] -> 0x00AF
[2379] [M]: 0x0000000080002518 (0x00AF1F13) slli t5, t5, 10
x30 <- 0x00000000B504F000
mem[X,0x000000008000251C] -> 0x0F13
mem[X,0x000000008000251E] -> 0x334F
[2380] [M]: 0x000000008000251C (0x334F0F13) addi t5, t5, 820
x30 <- 0x00000000B504F334
mem[X,0x0000000080002520] -> 0x0E93
mem[X,0x0000000080002522] -> 0x0010
[2381] [M]: 0x0000000080002520 (0x00100E93) addi t4, zero, 1
x29 <- 0x0000000000000001
mem[X,0x0000000080002524] -> 0x9E93
mem[X,0x0000000080002526] -> 0x022E
[2382] [M]: 0x0000000080002524 (0x022E9E93) slli t4, t4, 34
x29 <- 0x0000000400000000
mem[X,0x0000000080002528] -> 0x4FB3
mem[X,0x000000008000252A] -> 0x03DF
[2383] [M]: 0x0000000080002528 (0x03DF4FB3) div t6, t5, t4
x31 <- 0x0000000000000000
mem[X,0x000000008000252C] -> 0xBC23
mem[X,0x000000008000252E] -> 0x2DF6
[2384] [M]: 0x000000008000252C (0x2DF6BC23) sd t6, 728(a3)
mem[0x000000008000D658] <- 0x0000000000000000
mem[X,0x0000000080002530] -> 0x0F37
mem[X,0x0000000080002532] -> 0x0000
[2385] [M]: 0x0000000080002530 (0x00000F37) lui t5, 0
x30 <- 0x0000000000000000
mem[X,0x0000000080002534] -> 0x0F13
mem[X,0x0000000080002536] -> 0x000F
[2386] [M]: 0x0000000080002534 (0x000F0F13) addi t5, t5, 0
x30 <- 0x0000000000000000
mem[X,0x0000000080002538] -> 0x1F13
mem[X,0x000000008000253A] -> 0x00BF
[2387] [M]: 0x0000000080002538 (0x00BF1F13) slli t5, t5, 11
x30 <- 0x0000000000000000
mem[X,0x000000008000253C] -> 0x0F13
mem[X,0x000000008000253E] -> 0x5A8F
[2388] [M]: 0x000000008000253C (0x5A8F0F13) addi t5, t5, 1448
x30 <- 0x00000000000005A8
mem[X,0x0000000080002540] -> 0x1F13
mem[X,0x0000000080002542] -> 0x00BF
[2389] [M]: 0x0000000080002540 (0x00BF1F13) slli t5, t5, 11
x30 <- 0x00000000002D4000
mem[X,0x0000000080002544] -> 0x0F13
mem[X,0x0000000080002546] -> 0x13CF
[2390] [M]: 0x0000000080002544 (0x13CF0F13) addi t5, t5, 316
x30 <- 0x00000000002D413C
mem[X,0x0000000080002548] -> 0x1F13
mem[X,0x000000008000254A] -> 0x00AF
[2391] [M]: 0x0000000080002548 (0x00AF1F13) slli t5, t5, 10
x30 <- 0x00000000B504F000
mem[X,0x000000008000254C] -> 0x0F13
mem[X,0x000000008000254E] -> 0x334F
[2392] [M]: 0x000000008000254C (0x334F0F13) addi t5, t5, 820
x30 <- 0x00000000B504F334
mem[X,0x0000000080002550] -> 0x0E93
mem[X,0x0000000080002552] -> 0x0010
[2393] [M]: 0x0000000080002550 (0x00100E93) addi t4, zero, 1
x29 <- 0x0000000000000001
mem[X,0x0000000080002554] -> 0x9E93
mem[X,0x0000000080002556] -> 0x023E
[2394] [M]: 0x0000000080002554 (0x023E9E93) slli t4, t4, 35
x29 <- 0x0000000800000000
mem[X,0x0000000080002558] -> 0x4FB3
mem[X,0x000000008000255A] -> 0x03DF
[2395] [M]: 0x0000000080002558 (0x03DF4FB3) div t6, t5, t4
x31 <- 0x0000000000000000
mem[X,0x000000008000255C] -> 0xB023
mem[X,0x000000008000255E] -> 0x2FF6
[2396] [M]: 0x000000008000255C (0x2FF6B023) sd t6, 736(a3)
mem[0x000000008000D660] <- 0x0000000000000000
mem[X,0x0000000080002560] -> 0x0F37
mem[X,0x0000000080002562] -> 0x0000
[2397] [M]: 0x0000000080002560 (0x00000F37) lui t5, 0
x30 <- 0x0000000000000000
mem[X,0x0000000080002564] -> 0x0F13
mem[X,0x0000000080002566] -> 0x000F
[2398] [M]: 0x0000000080002564 (0x000F0F13) addi t5, t5, 0
x30 <- 0x0000000000000000
mem[X,0x0000000080002568] -> 0x1F13
mem[X,0x000000008000256A] -> 0x00BF
[2399] [M]: 0x0000000080002568 (0x00BF1F13) slli t5, t5, 11
x30 <- 0x0000000000000000
clint::tick mtime <- 0x0000000000000018
 clint timer pending at mtime 0x0000000000000018
htif::tick 0x0000000000000000
mem[X,0x000000008000256C] -> 0x0F13
mem[X,0x000000008000256E] -> 0x5A8F
[2400] [M]: 0x000000008000256C (0x5A8F0F13) addi t5, t5, 1448
x30 <- 0x00000000000005A8
mem[X,0x0000000080002570] -> 0x1F13
mem[X,0x0000000080002572] -> 0x00BF
[2401] [M]: 0x0000000080002570 (0x00BF1F13) slli t5, t5, 11
x30 <- 0x00000000002D4000
mem[X,0x0000000080002574] -> 0x0F13
mem[X,0x0000000080002576] -> 0x13CF
[2402] [M]: 0x0000000080002574 (0x13CF0F13) addi t5, t5, 316
x30 <- 0x00000000002D413C
mem[X,0x0000000080002578] -> 0x1F13
mem[X,0x000000008000257A] -> 0x00AF
[2403] [M]: 0x0000000080002578 (0x00AF1F13) slli t5, t5, 10
x30 <- 0x00000000B504F000
mem[X,0x000000008000257C] -> 0x0F13
mem[X,0x000000008000257E] -> 0x334F
[2404] [M]: 0x000000008000257C (0x334F0F13) addi t5, t5, 820
x30 <- 0x00000000B504F334
mem[X,0x0000000080002580] -> 0x0E93
mem[X,0x0000000080002582] -> 0x0010
[2405] [M]: 0x0000000080002580 (0x00100E93) addi t4, zero, 1
x29 <- 0x0000000000000001
mem[X,0x0000000080002584] -> 0x9E93
mem[X,0x0000000080002586] -> 0x024E
[2406] [M]: 0x0000000080002584 (0x024E9E93) slli t4, t4, 36
x29 <- 0x0000001000000000
mem[X,0x0000000080002588] -> 0x4FB3
mem[X,0x000000008000258A] -> 0x03DF
[2407] [M]: 0x0000000080002588 (0x03DF4FB3) div t6, t5, t4
x31 <- 0x0000000000000000
mem[X,0x000000008000258C] -> 0xB423
mem[X,0x000000008000258E] -> 0x2FF6
[2408] [M]: 0x000000008000258C (0x2FF6B423) sd t6, 744(a3)
mem[0x000000008000D668] <- 0x0000000000000000
mem[X,0x0000000080002590] -> 0x0F37
mem[X,0x0000000080002592] -> 0x0000
[2409] [M]: 0x0000000080002590 (0x00000F37) lui t5, 0
x30 <- 0x0000000000000000
mem[X,0x0000000080002594] -> 0x0F13
mem[X,0x0000000080002596] -> 0x000F
[2410] [M]: 0x0000000080002594 (0x000F0F13) addi t5, t5, 0
x30 <- 0x0000000000000000
mem[X,0x0000000080002598] -> 0x1F13
mem[X,0x000000008000259A] -> 0x00BF
[2411] [M]: 0x0000000080002598 (0x00BF1F13) slli t5, t5, 11
x30 <- 0x0000000000000000
mem[X,0x000000008000259C] -> 0x0F13
mem[X,0x000000008000259E] -> 0x5A8F
[2412] [M]: 0x000000008000259C (0x5A8F0F13) addi t5, t5, 1448
x30 <- 0x00000000000005A8
mem[X,0x00000000800025A0] -> 0x1F13
mem[X,0x00000000800025A2] -> 0x00BF
[2413] [M]: 0x00000000800025A0 (0x00BF1F13) slli t5, t5, 11
x30 <- 0x00000000002D4000
mem[X,0x00000000800025A4] -> 0x0F13
mem[X,0x00000000800025A6] -> 0x13CF
[2414] [M]: 0x00000000800025A4 (0x13CF0F13) addi t5, t5, 316
x30 <- 0x00000000002D413C
mem[X,0x00000000800025A8] -> 0x1F13
mem[X,0x00000000800025AA] -> 0x00AF
[2415] [M]: 0x00000000800025A8 (0x00AF1F13) slli t5, t5, 10
x30 <- 0x00000000B504F000
mem[X,0x00000000800025AC] -> 0x0F13
mem[X,0x00000000800025AE] -> 0x334F
[2416] [M]: 0x00000000800025AC (0x334F0F13) addi t5, t5, 820
x30 <- 0x00000000B504F334
mem[X,0x00000000800025B0] -> 0x0E93
mem[X,0x00000000800025B2] -> 0x0010
[2417] [M]: 0x00000000800025B0 (0x00100E93) addi t4, zero, 1
x29 <- 0x0000000000000001
mem[X,0x00000000800025B4] -> 0x9E93
mem[X,0x00000000800025B6] -> 0x025E
[2418] [M]: 0x00000000800025B4 (0x025E9E93) slli t4, t4, 37
x29 <- 0x0000002000000000
mem[X,0x00000000800025B8] -> 0x4FB3
mem[X,0x00000000800025BA] -> 0x03DF
[2419] [M]: 0x00000000800025B8 (0x03DF4FB3) div t6, t5, t4
x31 <- 0x0000000000000000
mem[X,0x00000000800025BC] -> 0xB823
mem[X,0x00000000800025BE] -> 0x2FF6
[2420] [M]: 0x00000000800025BC (0x2FF6B823) sd t6, 752(a3)
mem[0x000000008000D670] <- 0x0000000000000000
mem[X,0x00000000800025C0] -> 0x0F37
mem[X,0x00000000800025C2] -> 0x0000
[2421] [M]: 0x00000000800025C0 (0x00000F37) lui t5, 0
x30 <- 0x0000000000000000
mem[X,0x00000000800025C4] -> 0x0F13
mem[X,0x00000000800025C6] -> 0x000F
[2422] [M]: 0x00000000800025C4 (0x000F0F13) addi t5, t5, 0
x30 <- 0x0000000000000000
mem[X,0x00000000800025C8] -> 0x1F13
mem[X,0x00000000800025CA] -> 0x00BF
[2423] [M]: 0x00000000800025C8 (0x00BF1F13) slli t5, t5, 11
x30 <- 0x0000000000000000
mem[X,0x00000000800025CC] -> 0x0F13
mem[X,0x00000000800025CE] -> 0x5A8F
[2424] [M]: 0x00000000800025CC (0x5A8F0F13) addi t5, t5, 1448
x30 <- 0x00000000000005A8
mem[X,0x00000000800025D0] -> 0x1F13
mem[X,0x00000000800025D2] -> 0x00BF
[2425] [M]: 0x00000000800025D0 (0x00BF1F13) slli t5, t5, 11
x30 <- 0x00000000002D4000
mem[X,0x00000000800025D4] -> 0x0F13
mem[X,0x00000000800025D6] -> 0x13CF
[2426] [M]: 0x00000000800025D4 (0x13CF0F13) addi t5, t5, 316
x30 <- 0x00000000002D413C
mem[X,0x00000000800025D8] -> 0x1F13
mem[X,0x00000000800025DA] -> 0x00AF
[2427] [M]: 0x00000000800025D8 (0x00AF1F13) slli t5, t5, 10
x30 <- 0x00000000B504F000
mem[X,0x00000000800025DC] -> 0x0F13
mem[X,0x00000000800025DE] -> 0x334F
[2428] [M]: 0x00000000800025DC (0x334F0F13) addi t5, t5, 820
x30 <- 0x00000000B504F334
mem[X,0x00000000800025E0] -> 0x0E93
mem[X,0x00000000800025E2] -> 0x0010
[2429] [M]: 0x00000000800025E0 (0x00100E93) addi t4, zero, 1
x29 <- 0x0000000000000001
mem[X,0x00000000800025E4] -> 0x9E93
mem[X,0x00000000800025E6] -> 0x026E
[2430] [M]: 0x00000000800025E4 (0x026E9E93) slli t4, t4, 38
x29 <- 0x0000004000000000
mem[X,0x00000000800025E8] -> 0x4FB3
mem[X,0x00000000800025EA] -> 0x03DF
[2431] [M]: 0x00000000800025E8 (0x03DF4FB3) div t6, t5, t4
x31 <- 0x0000000000000000
mem[X,0x00000000800025EC] -> 0xBC23
mem[X,0x00000000800025EE] -> 0x2FF6
[2432] [M]: 0x00000000800025EC (0x2FF6BC23) sd t6, 760(a3)
mem[0x000000008000D678] <- 0x0000000000000000
mem[X,0x00000000800025F0] -> 0x0F37
mem[X,0x00000000800025F2] -> 0x0000
[2433] [M]: 0x00000000800025F0 (0x00000F37) lui t5, 0
x30 <- 0x0000000000000000
mem[X,0x00000000800025F4] -> 0x0F13
mem[X,0x00000000800025F6] -> 0x000F
[2434] [M]: 0x00000000800025F4 (0x000F0F13) addi t5, t5, 0
x30 <- 0x0000000000000000
mem[X,0x00000000800025F8] -> 0x1F13
mem[X,0x00000000800025FA] -> 0x00BF
[2435] [M]: 0x00000000800025F8 (0x00BF1F13) slli t5, t5, 11
x30 <- 0x0000000000000000
mem[X,0x00000000800025FC] -> 0x0F13
mem[X,0x00000000800025FE] -> 0x5A8F
[2436] [M]: 0x00000000800025FC (0x5A8F0F13) addi t5, t5, 1448
x30 <- 0x00000000000005A8
mem[X,0x0000000080002600] -> 0x1F13
mem[X,0x0000000080002602] -> 0x00BF
[2437] [M]: 0x0000000080002600 (0x00BF1F13) slli t5, t5, 11
x30 <- 0x00000000002D4000
mem[X,0x0000000080002604] -> 0x0F13
mem[X,0x0000000080002606] -> 0x13CF
[2438] [M]: 0x0000000080002604 (0x13CF0F13) addi t5, t5, 316
x30 <- 0x00000000002D413C
mem[X,0x0000000080002608] -> 0x1F13
mem[X,0x000000008000260A] -> 0x00AF
[2439] [M]: 0x0000000080002608 (0x00AF1F13) slli t5, t5, 10
x30 <- 0x00000000B504F000
mem[X,0x000000008000260C] -> 0x0F13
mem[X,0x000000008000260E] -> 0x334F
[2440] [M]: 0x000000008000260C (0x334F0F13) addi t5, t5, 820
x30 <- 0x00000000B504F334
mem[X,0x0000000080002610] -> 0x0E93
mem[X,0x0000000080002612] -> 0x0010
[2441] [M]: 0x0000000080002610 (0x00100E93) addi t4, zero, 1
x29 <- 0x0000000000000001
mem[X,0x0000000080002614] -> 0x9E93
mem[X,0x0000000080002616] -> 0x027E
[2442] [M]: 0x0000000080002614 (0x027E9E93) slli t4, t4, 39
x29 <- 0x0000008000000000
mem[X,0x0000000080002618] -> 0x4FB3
mem[X,0x000000008000261A] -> 0x03DF
[2443] [M]: 0x0000000080002618 (0x03DF4FB3) div t6, t5, t4
x31 <- 0x0000000000000000
mem[X,0x000000008000261C] -> 0xB023
mem[X,0x000000008000261E] -> 0x31F6
[2444] [M]: 0x000000008000261C (0x31F6B023) sd t6, 768(a3)
mem[0x000000008000D680] <- 0x0000000000000000
mem[X,0x0000000080002620] -> 0x0F37
mem[X,0x0000000080002622] -> 0x0000
[2445] [M]: 0x0000000080002620 (0x00000F37) lui t5, 0
x30 <- 0x0000000000000000
mem[X,0x0000000080002624] -> 0x0F13
mem[X,0x0000000080002626] -> 0x000F
[2446] [M]: 0x0000000080002624 (0x000F0F13) addi t5, t5, 0
x30 <- 0x0000000000000000
mem[X,0x0000000080002628] -> 0x1F13
mem[X,0x000000008000262A] -> 0x00BF
[2447] [M]: 0x0000000080002628 (0x00BF1F13) slli t5, t5, 11
x30 <- 0x0000000000000000
mem[X,0x000000008000262C] -> 0x0F13
mem[X,0x000000008000262E] -> 0x5A8F
[2448] [M]: 0x000000008000262C (0x5A8F0F13) addi t5, t5, 1448
x30 <- 0x00000000000005A8
mem[X,0x0000000080002630] -> 0x1F13
mem[X,0x0000000080002632] -> 0x00BF
[2449] [M]: 0x0000000080002630 (0x00BF1F13) slli t5, t5, 11
x30 <- 0x00000000002D4000
mem[X,0x0000000080002634] -> 0x0F13
mem[X,0x0000000080002636] -> 0x13CF
[2450] [M]: 0x0000000080002634 (0x13CF0F13) addi t5, t5, 316
x30 <- 0x00000000002D413C
mem[X,0x0000000080002638] -> 0x1F13
mem[X,0x000000008000263A] -> 0x00AF
[2451] [M]: 0x0000000080002638 (0x00AF1F13) slli t5, t5, 10
x30 <- 0x00000000B504F000
mem[X,0x000000008000263C] -> 0x0F13
mem[X,0x000000008000263E] -> 0x334F
[2452] [M]: 0x000000008000263C (0x334F0F13) addi t5, t5, 820
x30 <- 0x00000000B504F334
mem[X,0x0000000080002640] -> 0x0E93
mem[X,0x0000000080002642] -> 0x0010
[2453] [M]: 0x0000000080002640 (0x00100E93) addi t4, zero, 1
x29 <- 0x0000000000000001
mem[X,0x0000000080002644] -> 0x9E93
mem[X,0x0000000080002646] -> 0x028E
[2454] [M]: 0x0000000080002644 (0x028E9E93) slli t4, t4, 40
x29 <- 0x0000010000000000
mem[X,0x0000000080002648] -> 0x4FB3
mem[X,0x000000008000264A] -> 0x03DF
[2455] [M]: 0x0000000080002648 (0x03DF4FB3) div t6, t5, t4
x31 <- 0x0000000000000000
mem[X,0x000000008000264C] -> 0xB423
mem[X,0x000000008000264E] -> 0x31F6
[2456] [M]: 0x000000008000264C (0x31F6B423) sd t6, 776(a3)
mem[0x000000008000D688] <- 0x0000000000000000
mem[X,0x0000000080002650] -> 0x0F37
mem[X,0x0000000080002652] -> 0x0000
[2457] [M]: 0x0000000080002650 (0x00000F37) lui t5, 0
x30 <- 0x0000000000000000
mem[X,0x0000000080002654] -> 0x0F13
mem[X,0x0000000080002656] -> 0x000F
[2458] [M]: 0x0000000080002654 (0x000F0F13) addi t5, t5, 0
x30 <- 0x0000000000000000
mem[X,0x0000000080002658] -> 0x1F13
mem[X,0x000000008000265A] -> 0x00BF
[2459] [M]: 0x0000000080002658 (0x00BF1F13) slli t5, t5, 11
x30 <- 0x0000000000000000
mem[X,0x000000008000265C] -> 0x0F13
mem[X,0x000000008000265E] -> 0x5A8F
[2460] [M]: 0x000000008000265C (0x5A8F0F13) addi t5, t5, 1448
x30 <- 0x00000000000005A8
mem[X,0x0000000080002660] -> 0x1F13
mem[X,0x0000000080002662] -> 0x00BF
[2461] [M]: 0x0000000080002660 (0x00BF1F13) slli t5, t5, 11
x30 <- 0x00000000002D4000
mem[X,0x0000000080002664] -> 0x0F13
mem[X,0x0000000080002666] -> 0x13CF
[2462] [M]: 0x0000000080002664 (0x13CF0F13) addi t5, t5, 316
x30 <- 0x00000000002D413C
mem[X,0x0000000080002668] -> 0x1F13
mem[X,0x000000008000266A] -> 0x00AF
[2463] [M]: 0x0000000080002668 (0x00AF1F13) slli t5, t5, 10
x30 <- 0x00000000B504F000
mem[X,0x000000008000266C] -> 0x0F13
mem[X,0x000000008000266E] -> 0x334F
[2464] [M]: 0x000000008000266C (0x334F0F13) addi t5, t5, 820
x30 <- 0x00000000B504F334
mem[X,0x0000000080002670] -> 0x0E93
mem[X,0x0000000080002672] -> 0x0010
[2465] [M]: 0x0000000080002670 (0x00100E93) addi t4, zero, 1
x29 <- 0x0000000000000001
mem[X,0x0000000080002674] -> 0x9E93
mem[X,0x0000000080002676] -> 0x029E
[2466] [M]: 0x0000000080002674 (0x029E9E93) slli t4, t4, 41
x29 <- 0x0000020000000000
mem[X,0x0000000080002678] -> 0x4FB3
mem[X,0x000000008000267A] -> 0x03DF
[2467] [M]: 0x0000000080002678 (0x03DF4FB3) div t6, t5, t4
x31 <- 0x0000000000000000
mem[X,0x000000008000267C] -> 0xB823
mem[X,0x000000008000267E] -> 0x31F6
[2468] [M]: 0x000000008000267C (0x31F6B823) sd t6, 784(a3)
mem[0x000000008000D690] <- 0x0000000000000000
mem[X,0x0000000080002680] -> 0x0F37
mem[X,0x0000000080002682] -> 0x0000
[2469] [M]: 0x0000000080002680 (0x00000F37) lui t5, 0
x30 <- 0x0000000000000000
mem[X,0x0000000080002684] -> 0x0F13
mem[X,0x0000000080002686] -> 0x000F
[2470] [M]: 0x0000000080002684 (0x000F0F13) addi t5, t5, 0
x30 <- 0x0000000000000000
mem[X,0x0000000080002688] -> 0x1F13
mem[X,0x000000008000268A] -> 0x00BF
[2471] [M]: 0x0000000080002688 (0x00BF1F13) slli t5, t5, 11
x30 <- 0x0000000000000000
mem[X,0x000000008000268C] -> 0x0F13
mem[X,0x000000008000268E] -> 0x5A8F
[2472] [M]: 0x000000008000268C (0x5A8F0F13) addi t5, t5, 1448
x30 <- 0x00000000000005A8
mem[X,0x0000000080002690] -> 0x1F13
mem[X,0x0000000080002692] -> 0x00BF
[2473] [M]: 0x0000000080002690 (0x00BF1F13) slli t5, t5, 11
x30 <- 0x00000000002D4000
mem[X,0x0000000080002694] -> 0x0F13
mem[X,0x0000000080002696] -> 0x13CF
[2474] [M]: 0x0000000080002694 (0x13CF0F13) addi t5, t5, 316
x30 <- 0x00000000002D413C
mem[X,0x0000000080002698] -> 0x1F13
mem[X,0x000000008000269A] -> 0x00AF
[2475] [M]: 0x0000000080002698 (0x00AF1F13) slli t5, t5, 10
x30 <- 0x00000000B504F000
mem[X,0x000000008000269C] -> 0x0F13
mem[X,0x000000008000269E] -> 0x334F
[2476] [M]: 0x000000008000269C (0x334F0F13) addi t5, t5, 820
x30 <- 0x00000000B504F334
mem[X,0x00000000800026A0] -> 0x0E93
mem[X,0x00000000800026A2] -> 0x0010
[2477] [M]: 0x00000000800026A0 (0x00100E93) addi t4, zero, 1
x29 <- 0x0000000000000001
mem[X,0x00000000800026A4] -> 0x9E93
mem[X,0x00000000800026A6] -> 0x02AE
[2478] [M]: 0x00000000800026A4 (0x02AE9E93) slli t4, t4, 42
x29 <- 0x0000040000000000
mem[X,0x00000000800026A8] -> 0x4FB3
mem[X,0x00000000800026AA] -> 0x03DF
[2479] [M]: 0x00000000800026A8 (0x03DF4FB3) div t6, t5, t4
x31 <- 0x0000000000000000
mem[X,0x00000000800026AC] -> 0xBC23
mem[X,0x00000000800026AE] -> 0x31F6
[2480] [M]: 0x00000000800026AC (0x31F6BC23) sd t6, 792(a3)
mem[0x000000008000D698] <- 0x0000000000000000
mem[X,0x00000000800026B0] -> 0x0F37
mem[X,0x00000000800026B2] -> 0x0000
[2481] [M]: 0x00000000800026B0 (0x00000F37) lui t5, 0
x30 <- 0x0000000000000000
mem[X,0x00000000800026B4] -> 0x0F13
mem[X,0x00000000800026B6] -> 0x000F
[2482] [M]: 0x00000000800026B4 (0x000F0F13) addi t5, t5, 0
x30 <- 0x0000000000000000
mem[X,0x00000000800026B8] -> 0x1F13
mem[X,0x00000000800026BA] -> 0x00BF
[2483] [M]: 0x00000000800026B8 (0x00BF1F13) slli t5, t5, 11
x30 <- 0x0000000000000000
mem[X,0x00000000800026BC] -> 0x0F13
mem[X,0x00000000800026BE] -> 0x5A8F
[2484] [M]: 0x00000000800026BC (0x5A8F0F13) addi t5, t5, 1448
x30 <- 0x00000000000005A8
mem[X,0x00000000800026C0] -> 0x1F13
mem[X,0x00000000800026C2] -> 0x00BF
[2485] [M]: 0x00000000800026C0 (0x00BF1F13) slli t5, t5, 11
x30 <- 0x00000000002D4000
mem[X,0x00000000800026C4] -> 0x0F13
mem[X,0x00000000800026C6] -> 0x13CF
[2486] [M]: 0x00000000800026C4 (0x13CF0F13) addi t5, t5, 316
x30 <- 0x00000000002D413C
mem[X,0x00000000800026C8] -> 0x1F13
mem[X,0x00000000800026CA] -> 0x00AF
[2487] [M]: 0x00000000800026C8 (0x00AF1F13) slli t5, t5, 10
x30 <- 0x00000000B504F000
mem[X,0x00000000800026CC] -> 0x0F13
mem[X,0x00000000800026CE] -> 0x334F
[2488] [M]: 0x00000000800026CC (0x334F0F13) addi t5, t5, 820
x30 <- 0x00000000B504F334
mem[X,0x00000000800026D0] -> 0x0E93
mem[X,0x00000000800026D2] -> 0x0010
[2489] [M]: 0x00000000800026D0 (0x00100E93) addi t4, zero, 1
x29 <- 0x0000000000000001
mem[X,0x00000000800026D4] -> 0x9E93
mem[X,0x00000000800026D6] -> 0x02BE
[2490] [M]: 0x00000000800026D4 (0x02BE9E93) slli t4, t4, 43
x29 <- 0x0000080000000000
mem[X,0x00000000800026D8] -> 0x4FB3
mem[X,0x00000000800026DA] -> 0x03DF
[2491] [M]: 0x00000000800026D8 (0x03DF4FB3) div t6, t5, t4
x31 <- 0x0000000000000000
mem[X,0x00000000800026DC] -> 0xB023
mem[X,0x00000000800026DE] -> 0x33F6
[2492] [M]: 0x00000000800026DC (0x33F6B023) sd t6, 800(a3)
mem[0x000000008000D6A0] <- 0x0000000000000000
mem[X,0x00000000800026E0] -> 0x0F37
mem[X,0x00000000800026E2] -> 0x0000
[2493] [M]: 0x00000000800026E0 (0x00000F37) lui t5, 0
x30 <- 0x0000000000000000
mem[X,0x00000000800026E4] -> 0x0F13
mem[X,0x00000000800026E6] -> 0x000F
[2494] [M]: 0x00000000800026E4 (0x000F0F13) addi t5, t5, 0
x30 <- 0x0000000000000000
mem[X,0x00000000800026E8] -> 0x1F13
mem[X,0x00000000800026EA] -> 0x00BF
[2495] [M]: 0x00000000800026E8 (0x00BF1F13) slli t5, t5, 11
x30 <- 0x0000000000000000
mem[X,0x00000000800026EC] -> 0x0F13
mem[X,0x00000000800026EE] -> 0x5A8F
[2496] [M]: 0x00000000800026EC (0x5A8F0F13) addi t5, t5, 1448
x30 <- 0x00000000000005A8
mem[X,0x00000000800026F0] -> 0x1F13
mem[X,0x00000000800026F2] -> 0x00BF
[2497] [M]: 0x00000000800026F0 (0x00BF1F13) slli t5, t5, 11
x30 <- 0x00000000002D4000
mem[X,0x00000000800026F4] -> 0x0F13
mem[X,0x00000000800026F6] -> 0x13CF
[2498] [M]: 0x00000000800026F4 (0x13CF0F13) addi t5, t5, 316
x30 <- 0x00000000002D413C
mem[X,0x00000000800026F8] -> 0x1F13
mem[X,0x00000000800026FA] -> 0x00AF
[2499] [M]: 0x00000000800026F8 (0x00AF1F13) slli t5, t5, 10
x30 <- 0x00000000B504F000
clint::tick mtime <- 0x0000000000000019
 clint timer pending at mtime 0x0000000000000019
htif::tick 0x0000000000000000
mem[X,0x00000000800026FC] -> 0x0F13
mem[X,0x00000000800026FE] -> 0x334F
[2500] [M]: 0x00000000800026FC (0x334F0F13) addi t5, t5, 820
x30 <- 0x00000000B504F334
mem[X,0x0000000080002700] -> 0x0E93
mem[X,0x0000000080002702] -> 0x0010
[2501] [M]: 0x0000000080002700 (0x00100E93) addi t4, zero, 1
x29 <- 0x0000000000000001
mem[X,0x0000000080002704] -> 0x9E93
mem[X,0x0000000080002706] -> 0x02CE
[2502] [M]: 0x0000000080002704 (0x02CE9E93) slli t4, t4, 44
x29 <- 0x0000100000000000
mem[X,0x0000000080002708] -> 0x4FB3
mem[X,0x000000008000270A] -> 0x03DF
[2503] [M]: 0x0000000080002708 (0x03DF4FB3) div t6, t5, t4
x31 <- 0x0000000000000000
mem[X,0x000000008000270C] -> 0xB423
mem[X,0x000000008000270E] -> 0x33F6
[2504] [M]: 0x000000008000270C (0x33F6B423) sd t6, 808(a3)
mem[0x000000008000D6A8] <- 0x0000000000000000
mem[X,0x0000000080002710] -> 0x0F37
mem[X,0x0000000080002712] -> 0x0000
[2505] [M]: 0x0000000080002710 (0x00000F37) lui t5, 0
x30 <- 0x0000000000000000
mem[X,0x0000000080002714] -> 0x0F13
mem[X,0x0000000080002716] -> 0x000F
[2506] [M]: 0x0000000080002714 (0x000F0F13) addi t5, t5, 0
x30 <- 0x0000000000000000
mem[X,0x0000000080002718] -> 0x1F13
mem[X,0x000000008000271A] -> 0x00BF
[2507] [M]: 0x0000000080002718 (0x00BF1F13) slli t5, t5, 11
x30 <- 0x0000000000000000
mem[X,0x000000008000271C] -> 0x0F13
mem[X,0x000000008000271E] -> 0x5A8F
[2508] [M]: 0x000000008000271C (0x5A8F0F13) addi t5, t5, 1448
x30 <- 0x00000000000005A8
mem[X,0x0000000080002720] -> 0x1F13
mem[X,0x0000000080002722] -> 0x00BF
[2509] [M]: 0x0000000080002720 (0x00BF1F13) slli t5, t5, 11
x30 <- 0x00000000002D4000
mem[X,0x0000000080002724] -> 0x0F13
mem[X,0x0000000080002726] -> 0x13CF
[2510] [M]: 0x0000000080002724 (0x13CF0F13) addi t5, t5, 316
x30 <- 0x00000000002D413C
mem[X,0x0000000080002728] -> 0x1F13
mem[X,0x000000008000272A] -> 0x00AF
[2511] [M]: 0x0000000080002728 (0x00AF1F13) slli t5, t5, 10
x30 <- 0x00000000B504F000
mem[X,0x000000008000272C] -> 0x0F13
mem[X,0x000000008000272E] -> 0x334F
[2512] [M]: 0x000000008000272C (0x334F0F13) addi t5, t5, 820
x30 <- 0x00000000B504F334
mem[X,0x0000000080002730] -> 0x0E93
mem[X,0x0000000080002732] -> 0x0010
[2513] [M]: 0x0000000080002730 (0x00100E93) addi t4, zero, 1
x29 <- 0x0000000000000001
mem[X,0x0000000080002734] -> 0x9E93
mem[X,0x0000000080002736] -> 0x02DE
[2514] [M]: 0x0000000080002734 (0x02DE9E93) slli t4, t4, 45
x29 <- 0x0000200000000000
mem[X,0x0000000080002738] -> 0x4FB3
mem[X,0x000000008000273A] -> 0x03DF
[2515] [M]: 0x0000000080002738 (0x03DF4FB3) div t6, t5, t4
x31 <- 0x0000000000000000
mem[X,0x000000008000273C] -> 0xB823
mem[X,0x000000008000273E] -> 0x33F6
[2516] [M]: 0x000000008000273C (0x33F6B823) sd t6, 816(a3)
mem[0x000000008000D6B0] <- 0x0000000000000000
mem[X,0x0000000080002740] -> 0x0F37
mem[X,0x0000000080002742] -> 0x0000
[2517] [M]: 0x0000000080002740 (0x00000F37) lui t5, 0
x30 <- 0x0000000000000000
mem[X,0x0000000080002744] -> 0x0F13
mem[X,0x0000000080002746] -> 0x000F
[2518] [M]: 0x0000000080002744 (0x000F0F13) addi t5, t5, 0
x30 <- 0x0000000000000000
mem[X,0x0000000080002748] -> 0x1F13
mem[X,0x000000008000274A] -> 0x00BF
[2519] [M]: 0x0000000080002748 (0x00BF1F13) slli t5, t5, 11
x30 <- 0x0000000000000000
mem[X,0x000000008000274C] -> 0x0F13
mem[X,0x000000008000274E] -> 0x5A8F
[2520] [M]: 0x000000008000274C (0x5A8F0F13) addi t5, t5, 1448
x30 <- 0x00000000000005A8
mem[X,0x0000000080002750] -> 0x1F13
mem[X,0x0000000080002752] -> 0x00BF
[2521] [M]: 0x0000000080002750 (0x00BF1F13) slli t5, t5, 11
x30 <- 0x00000000002D4000
mem[X,0x0000000080002754] -> 0x0F13
mem[X,0x0000000080002756] -> 0x13CF
[2522] [M]: 0x0000000080002754 (0x13CF0F13) addi t5, t5, 316
x30 <- 0x00000000002D413C
mem[X,0x0000000080002758] -> 0x1F13
mem[X,0x000000008000275A] -> 0x00AF
[2523] [M]: 0x0000000080002758 (0x00AF1F13) slli t5, t5, 10
x30 <- 0x00000000B504F000
mem[X,0x000000008000275C] -> 0x0F13
mem[X,0x000000008000275E] -> 0x334F
[2524] [M]: 0x000000008000275C (0x334F0F13) addi t5, t5, 820
x30 <- 0x00000000B504F334
mem[X,0x0000000080002760] -> 0x0E93
mem[X,0x0000000080002762] -> 0x0010
[2525] [M]: 0x0000000080002760 (0x00100E93) addi t4, zero, 1
x29 <- 0x0000000000000001
mem[X,0x0000000080002764] -> 0x9E93
mem[X,0x0000000080002766] -> 0x02EE
[2526] [M]: 0x0000000080002764 (0x02EE9E93) slli t4, t4, 46
x29 <- 0x0000400000000000
mem[X,0x0000000080002768] -> 0x4FB3
mem[X,0x000000008000276A] -> 0x03DF
[2527] [M]: 0x0000000080002768 (0x03DF4FB3) div t6, t5, t4
x31 <- 0x0000000000000000
mem[X,0x000000008000276C] -> 0xBC23
mem[X,0x000000008000276E] -> 0x33F6
[2528] [M]: 0x000000008000276C (0x33F6BC23) sd t6, 824(a3)
mem[0x000000008000D6B8] <- 0x0000000000000000
mem[X,0x0000000080002770] -> 0x0F37
mem[X,0x0000000080002772] -> 0x0000
[2529] [M]: 0x0000000080002770 (0x00000F37) lui t5, 0
x30 <- 0x0000000000000000
mem[X,0x0000000080002774] -> 0x0F13
mem[X,0x0000000080002776] -> 0x000F
[2530] [M]: 0x0000000080002774 (0x000F0F13) addi t5, t5, 0
x30 <- 0x0000000000000000
mem[X,0x0000000080002778] -> 0x1F13
mem[X,0x000000008000277A] -> 0x00BF
[2531] [M]: 0x0000000080002778 (0x00BF1F13) slli t5, t5, 11
x30 <- 0x0000000000000000
mem[X,0x000000008000277C] -> 0x0F13
mem[X,0x000000008000277E] -> 0x5A8F
[2532] [M]: 0x000000008000277C (0x5A8F0F13) addi t5, t5, 1448
x30 <- 0x00000000000005A8
mem[X,0x0000000080002780] -> 0x1F13
mem[X,0x0000000080002782] -> 0x00BF
[2533] [M]: 0x0000000080002780 (0x00BF1F13) slli t5, t5, 11
x30 <- 0x00000000002D4000
mem[X,0x0000000080002784] -> 0x0F13
mem[X,0x0000000080002786] -> 0x13CF
[2534] [M]: 0x0000000080002784 (0x13CF0F13) addi t5, t5, 316
x30 <- 0x00000000002D413C
mem[X,0x0000000080002788] -> 0x1F13
mem[X,0x000000008000278A] -> 0x00AF
[2535] [M]: 0x0000000080002788 (0x00AF1F13) slli t5, t5, 10
x30 <- 0x00000000B504F000
mem[X,0x000000008000278C] -> 0x0F13
mem[X,0x000000008000278E] -> 0x334F
[2536] [M]: 0x000000008000278C (0x334F0F13) addi t5, t5, 820
x30 <- 0x00000000B504F334
mem[X,0x0000000080002790] -> 0x0E93
mem[X,0x0000000080002792] -> 0x0010
[2537] [M]: 0x0000000080002790 (0x00100E93) addi t4, zero, 1
x29 <- 0x0000000000000001
mem[X,0x0000000080002794] -> 0x9E93
mem[X,0x0000000080002796] -> 0x02FE
[2538] [M]: 0x0000000080002794 (0x02FE9E93) slli t4, t4, 47
x29 <- 0x0000800000000000
mem[X,0x0000000080002798] -> 0x4FB3
mem[X,0x000000008000279A] -> 0x03DF
[2539] [M]: 0x0000000080002798 (0x03DF4FB3) div t6, t5, t4
x31 <- 0x0000000000000000
mem[X,0x000000008000279C] -> 0xB023
mem[X,0x000000008000279E] -> 0x35F6
[2540] [M]: 0x000000008000279C (0x35F6B023) sd t6, 832(a3)
mem[0x000000008000D6C0] <- 0x0000000000000000
mem[X,0x00000000800027A0] -> 0x0F37
mem[X,0x00000000800027A2] -> 0x0000
[2541] [M]: 0x00000000800027A0 (0x00000F37) lui t5, 0
x30 <- 0x0000000000000000
mem[X,0x00000000800027A4] -> 0x0F13
mem[X,0x00000000800027A6] -> 0x000F
[2542] [M]: 0x00000000800027A4 (0x000F0F13) addi t5, t5, 0
x30 <- 0x0000000000000000
mem[X,0x00000000800027A8] -> 0x1F13
mem[X,0x00000000800027AA] -> 0x00BF
[2543] [M]: 0x00000000800027A8 (0x00BF1F13) slli t5, t5, 11
x30 <- 0x0000000000000000
mem[X,0x00000000800027AC] -> 0x0F13
mem[X,0x00000000800027AE] -> 0x5A8F
[2544] [M]: 0x00000000800027AC (0x5A8F0F13) addi t5, t5, 1448
x30 <- 0x00000000000005A8
mem[X,0x00000000800027B0] -> 0x1F13
mem[X,0x00000000800027B2] -> 0x00BF
[2545] [M]: 0x00000000800027B0 (0x00BF1F13) slli t5, t5, 11
x30 <- 0x00000000002D4000
mem[X,0x00000000800027B4] -> 0x0F13
mem[X,0x00000000800027B6] -> 0x13CF
[2546] [M]: 0x00000000800027B4 (0x13CF0F13) addi t5, t5, 316
x30 <- 0x00000000002D413C
mem[X,0x00000000800027B8] -> 0x1F13
mem[X,0x00000000800027BA] -> 0x00AF
[2547] [M]: 0x00000000800027B8 (0x00AF1F13) slli t5, t5, 10
x30 <- 0x00000000B504F000
mem[X,0x00000000800027BC] -> 0x0F13
mem[X,0x00000000800027BE] -> 0x334F
[2548] [M]: 0x00000000800027BC (0x334F0F13) addi t5, t5, 820
x30 <- 0x00000000B504F334
mem[X,0x00000000800027C0] -> 0x0E93
mem[X,0x00000000800027C2] -> 0x0010
[2549] [M]: 0x00000000800027C0 (0x00100E93) addi t4, zero, 1
x29 <- 0x0000000000000001
mem[X,0x00000000800027C4] -> 0x9E93
mem[X,0x00000000800027C6] -> 0x030E
[2550] [M]: 0x00000000800027C4 (0x030E9E93) slli t4, t4, 48
x29 <- 0x0001000000000000
mem[X,0x00000000800027C8] -> 0x4FB3
mem[X,0x00000000800027CA] -> 0x03DF
[2551] [M]: 0x00000000800027C8 (0x03DF4FB3) div t6, t5, t4
x31 <- 0x0000000000000000
mem[X,0x00000000800027CC] -> 0xB423
mem[X,0x00000000800027CE] -> 0x35F6
[2552] [M]: 0x00000000800027CC (0x35F6B423) sd t6, 840(a3)
mem[0x000000008000D6C8] <- 0x0000000000000000
mem[X,0x00000000800027D0] -> 0x0F37
mem[X,0x00000000800027D2] -> 0x0000
[2553] [M]: 0x00000000800027D0 (0x00000F37) lui t5, 0
x30 <- 0x0000000000000000
mem[X,0x00000000800027D4] -> 0x0F13
mem[X,0x00000000800027D6] -> 0x000F
[2554] [M]: 0x00000000800027D4 (0x000F0F13) addi t5, t5, 0
x30 <- 0x0000000000000000
mem[X,0x00000000800027D8] -> 0x1F13
mem[X,0x00000000800027DA] -> 0x00BF
[2555] [M]: 0x00000000800027D8 (0x00BF1F13) slli t5, t5, 11
x30 <- 0x0000000000000000
mem[X,0x00000000800027DC] -> 0x0F13
mem[X,0x00000000800027DE] -> 0x5A8F
[2556] [M]: 0x00000000800027DC (0x5A8F0F13) addi t5, t5, 1448
x30 <- 0x00000000000005A8
mem[X,0x00000000800027E0] -> 0x1F13
mem[X,0x00000000800027E2] -> 0x00BF
[2557] [M]: 0x00000000800027E0 (0x00BF1F13) slli t5, t5, 11
x30 <- 0x00000000002D4000
mem[X,0x00000000800027E4] -> 0x0F13
mem[X,0x00000000800027E6] -> 0x13CF
[2558] [M]: 0x00000000800027E4 (0x13CF0F13) addi t5, t5, 316
x30 <- 0x00000000002D413C
mem[X,0x00000000800027E8] -> 0x1F13
mem[X,0x00000000800027EA] -> 0x00AF
[2559] [M]: 0x00000000800027E8 (0x00AF1F13) slli t5, t5, 10
x30 <- 0x00000000B504F000
mem[X,0x00000000800027EC] -> 0x0F13
mem[X,0x00000000800027EE] -> 0x334F
[2560] [M]: 0x00000000800027EC (0x334F0F13) addi t5, t5, 820
x30 <- 0x00000000B504F334
mem[X,0x00000000800027F0] -> 0x0E93
mem[X,0x00000000800027F2] -> 0x0010
[2561] [M]: 0x00000000800027F0 (0x00100E93) addi t4, zero, 1
x29 <- 0x0000000000000001
mem[X,0x00000000800027F4] -> 0x9E93
mem[X,0x00000000800027F6] -> 0x031E
[2562] [M]: 0x00000000800027F4 (0x031E9E93) slli t4, t4, 49
x29 <- 0x0002000000000000
mem[X,0x00000000800027F8] -> 0x4FB3
mem[X,0x00000000800027FA] -> 0x03DF
[2563] [M]: 0x00000000800027F8 (0x03DF4FB3) div t6, t5, t4
x31 <- 0x0000000000000000
mem[X,0x00000000800027FC] -> 0xB823
mem[X,0x00000000800027FE] -> 0x35F6
[2564] [M]: 0x00000000800027FC (0x35F6B823) sd t6, 848(a3)
mem[0x000000008000D6D0] <- 0x0000000000000000
mem[X,0x0000000080002800] -> 0x0F37
mem[X,0x0000000080002802] -> 0x0000
[2565] [M]: 0x0000000080002800 (0x00000F37) lui t5, 0
x30 <- 0x0000000000000000
mem[X,0x0000000080002804] -> 0x0F13
mem[X,0x0000000080002806] -> 0x000F
[2566] [M]: 0x0000000080002804 (0x000F0F13) addi t5, t5, 0
x30 <- 0x0000000000000000
mem[X,0x0000000080002808] -> 0x1F13
mem[X,0x000000008000280A] -> 0x00BF
[2567] [M]: 0x0000000080002808 (0x00BF1F13) slli t5, t5, 11
x30 <- 0x0000000000000000
mem[X,0x000000008000280C] -> 0x0F13
mem[X,0x000000008000280E] -> 0x5A8F
[2568] [M]: 0x000000008000280C (0x5A8F0F13) addi t5, t5, 1448
x30 <- 0x00000000000005A8
mem[X,0x0000000080002810] -> 0x1F13
mem[X,0x0000000080002812] -> 0x00BF
[2569] [M]: 0x0000000080002810 (0x00BF1F13) slli t5, t5, 11
x30 <- 0x00000000002D4000
mem[X,0x0000000080002814] -> 0x0F13
mem[X,0x0000000080002816] -> 0x13CF
[2570] [M]: 0x0000000080002814 (0x13CF0F13) addi t5, t5, 316
x30 <- 0x00000000002D413C
mem[X,0x0000000080002818] -> 0x1F13
mem[X,0x000000008000281A] -> 0x00AF
[2571] [M]: 0x0000000080002818 (0x00AF1F13) slli t5, t5, 10
x30 <- 0x00000000B504F000
mem[X,0x000000008000281C] -> 0x0F13
mem[X,0x000000008000281E] -> 0x334F
[2572] [M]: 0x000000008000281C (0x334F0F13) addi t5, t5, 820
x30 <- 0x00000000B504F334
mem[X,0x0000000080002820] -> 0x0E93
mem[X,0x0000000080002822] -> 0x0010
[2573] [M]: 0x0000000080002820 (0x00100E93) addi t4, zero, 1
x29 <- 0x0000000000000001
mem[X,0x0000000080002824] -> 0x9E93
mem[X,0x0000000080002826] -> 0x032E
[2574] [M]: 0x0000000080002824 (0x032E9E93) slli t4, t4, 50
x29 <- 0x0004000000000000
mem[X,0x0000000080002828] -> 0x4FB3
mem[X,0x000000008000282A] -> 0x03DF
[2575] [M]: 0x0000000080002828 (0x03DF4FB3) div t6, t5, t4
x31 <- 0x0000000000000000
mem[X,0x000000008000282C] -> 0xBC23
mem[X,0x000000008000282E] -> 0x35F6
[2576] [M]: 0x000000008000282C (0x35F6BC23) sd t6, 856(a3)
mem[0x000000008000D6D8] <- 0x0000000000000000
mem[X,0x0000000080002830] -> 0x0F37
mem[X,0x0000000080002832] -> 0x0000
[2577] [M]: 0x0000000080002830 (0x00000F37) lui t5, 0
x30 <- 0x0000000000000000
mem[X,0x0000000080002834] -> 0x0F13
mem[X,0x0000000080002836] -> 0x000F
[2578] [M]: 0x0000000080002834 (0x000F0F13) addi t5, t5, 0
x30 <- 0x0000000000000000
mem[X,0x0000000080002838] -> 0x1F13
mem[X,0x000000008000283A] -> 0x00BF
[2579] [M]: 0x0000000080002838 (0x00BF1F13) slli t5, t5, 11
x30 <- 0x0000000000000000
mem[X,0x000000008000283C] -> 0x0F13
mem[X,0x000000008000283E] -> 0x5A8F
[2580] [M]: 0x000000008000283C (0x5A8F0F13) addi t5, t5, 1448
x30 <- 0x00000000000005A8
mem[X,0x0000000080002840] -> 0x1F13
mem[X,0x0000000080002842] -> 0x00BF
[2581] [M]: 0x0000000080002840 (0x00BF1F13) slli t5, t5, 11
x30 <- 0x00000000002D4000
mem[X,0x0000000080002844] -> 0x0F13
mem[X,0x0000000080002846] -> 0x13CF
[2582] [M]: 0x0000000080002844 (0x13CF0F13) addi t5, t5, 316
x30 <- 0x00000000002D413C
mem[X,0x0000000080002848] -> 0x1F13
mem[X,0x000000008000284A] -> 0x00AF
[2583] [M]: 0x0000000080002848 (0x00AF1F13) slli t5, t5, 10
x30 <- 0x00000000B504F000
mem[X,0x000000008000284C] -> 0x0F13
mem[X,0x000000008000284E] -> 0x334F
[2584] [M]: 0x000000008000284C (0x334F0F13) addi t5, t5, 820
x30 <- 0x00000000B504F334
mem[X,0x0000000080002850] -> 0x0E93
mem[X,0x0000000080002852] -> 0x0010
[2585] [M]: 0x0000000080002850 (0x00100E93) addi t4, zero, 1
x29 <- 0x0000000000000001
mem[X,0x0000000080002854] -> 0x9E93
mem[X,0x0000000080002856] -> 0x033E
[2586] [M]: 0x0000000080002854 (0x033E9E93) slli t4, t4, 51
x29 <- 0x0008000000000000
mem[X,0x0000000080002858] -> 0x4FB3
mem[X,0x000000008000285A] -> 0x03DF
[2587] [M]: 0x0000000080002858 (0x03DF4FB3) div t6, t5, t4
x31 <- 0x0000000000000000
mem[X,0x000000008000285C] -> 0xB023
mem[X,0x000000008000285E] -> 0x37F6
[2588] [M]: 0x000000008000285C (0x37F6B023) sd t6, 864(a3)
mem[0x000000008000D6E0] <- 0x0000000000000000
mem[X,0x0000000080002860] -> 0x0F37
mem[X,0x0000000080002862] -> 0x0000
[2589] [M]: 0x0000000080002860 (0x00000F37) lui t5, 0
x30 <- 0x0000000000000000
mem[X,0x0000000080002864] -> 0x0F13
mem[X,0x0000000080002866] -> 0x000F
[2590] [M]: 0x0000000080002864 (0x000F0F13) addi t5, t5, 0
x30 <- 0x0000000000000000
mem[X,0x0000000080002868] -> 0x1F13
mem[X,0x000000008000286A] -> 0x00BF
[2591] [M]: 0x0000000080002868 (0x00BF1F13) slli t5, t5, 11
x30 <- 0x0000000000000000
mem[X,0x000000008000286C] -> 0x0F13
mem[X,0x000000008000286E] -> 0x5A8F
[2592] [M]: 0x000000008000286C (0x5A8F0F13) addi t5, t5, 1448
x30 <- 0x00000000000005A8
mem[X,0x0000000080002870] -> 0x1F13
mem[X,0x0000000080002872] -> 0x00BF
[2593] [M]: 0x0000000080002870 (0x00BF1F13) slli t5, t5, 11
x30 <- 0x00000000002D4000
mem[X,0x0000000080002874] -> 0x0F13
mem[X,0x0000000080002876] -> 0x13CF
[2594] [M]: 0x0000000080002874 (0x13CF0F13) addi t5, t5, 316
x30 <- 0x00000000002D413C
mem[X,0x0000000080002878] -> 0x1F13
mem[X,0x000000008000287A] -> 0x00AF
[2595] [M]: 0x0000000080002878 (0x00AF1F13) slli t5, t5, 10
x30 <- 0x00000000B504F000
mem[X,0x000000008000287C] -> 0x0F13
mem[X,0x000000008000287E] -> 0x334F
[2596] [M]: 0x000000008000287C (0x334F0F13) addi t5, t5, 820
x30 <- 0x00000000B504F334
mem[X,0x0000000080002880] -> 0x0E93
mem[X,0x0000000080002882] -> 0x0010
[2597] [M]: 0x0000000080002880 (0x00100E93) addi t4, zero, 1
x29 <- 0x0000000000000001
mem[X,0x0000000080002884] -> 0x9E93
mem[X,0x0000000080002886] -> 0x034E
[2598] [M]: 0x0000000080002884 (0x034E9E93) slli t4, t4, 52
x29 <- 0x0010000000000000
mem[X,0x0000000080002888] -> 0x4FB3
mem[X,0x000000008000288A] -> 0x03DF
[2599] [M]: 0x0000000080002888 (0x03DF4FB3) div t6, t5, t4
x31 <- 0x0000000000000000
clint::tick mtime <- 0x000000000000001A
 clint timer pending at mtime 0x000000000000001A
htif::tick 0x0000000000000000
mem[X,0x000000008000288C] -> 0xB423
mem[X,0x000000008000288E] -> 0x37F6
[2600] [M]: 0x000000008000288C (0x37F6B423) sd t6, 872(a3)
mem[0x000000008000D6E8] <- 0x0000000000000000
mem[X,0x0000000080002890] -> 0x0F37
mem[X,0x0000000080002892] -> 0x0000
[2601] [M]: 0x0000000080002890 (0x00000F37) lui t5, 0
x30 <- 0x0000000000000000
mem[X,0x0000000080002894] -> 0x0F13
mem[X,0x0000000080002896] -> 0x000F
[2602] [M]: 0x0000000080002894 (0x000F0F13) addi t5, t5, 0
x30 <- 0x0000000000000000
mem[X,0x0000000080002898] -> 0x1F13
mem[X,0x000000008000289A] -> 0x00BF
[2603] [M]: 0x0000000080002898 (0x00BF1F13) slli t5, t5, 11
x30 <- 0x0000000000000000
mem[X,0x000000008000289C] -> 0x0F13
mem[X,0x000000008000289E] -> 0x5A8F
[2604] [M]: 0x000000008000289C (0x5A8F0F13) addi t5, t5, 1448
x30 <- 0x00000000000005A8
mem[X,0x00000000800028A0] -> 0x1F13
mem[X,0x00000000800028A2] -> 0x00BF
[2605] [M]: 0x00000000800028A0 (0x00BF1F13) slli t5, t5, 11
x30 <- 0x00000000002D4000
mem[X,0x00000000800028A4] -> 0x0F13
mem[X,0x00000000800028A6] -> 0x13CF
[2606] [M]: 0x00000000800028A4 (0x13CF0F13) addi t5, t5, 316
x30 <- 0x00000000002D413C
mem[X,0x00000000800028A8] -> 0x1F13
mem[X,0x00000000800028AA] -> 0x00AF
[2607] [M]: 0x00000000800028A8 (0x00AF1F13) slli t5, t5, 10
x30 <- 0x00000000B504F000
mem[X,0x00000000800028AC] -> 0x0F13
mem[X,0x00000000800028AE] -> 0x334F
[2608] [M]: 0x00000000800028AC (0x334F0F13) addi t5, t5, 820
x30 <- 0x00000000B504F334
mem[X,0x00000000800028B0] -> 0x0E93
mem[X,0x00000000800028B2] -> 0x0010
[2609] [M]: 0x00000000800028B0 (0x00100E93) addi t4, zero, 1
x29 <- 0x0000000000000001
mem[X,0x00000000800028B4] -> 0x9E93
mem[X,0x00000000800028B6] -> 0x035E
[2610] [M]: 0x00000000800028B4 (0x035E9E93) slli t4, t4, 53
x29 <- 0x0020000000000000
mem[X,0x00000000800028B8] -> 0x4FB3
mem[X,0x00000000800028BA] -> 0x03DF
[2611] [M]: 0x00000000800028B8 (0x03DF4FB3) div t6, t5, t4
x31 <- 0x0000000000000000
mem[X,0x00000000800028BC] -> 0xB823
mem[X,0x00000000800028BE] -> 0x37F6
[2612] [M]: 0x00000000800028BC (0x37F6B823) sd t6, 880(a3)
mem[0x000000008000D6F0] <- 0x0000000000000000
mem[X,0x00000000800028C0] -> 0x0F37
mem[X,0x00000000800028C2] -> 0x0000
[2613] [M]: 0x00000000800028C0 (0x00000F37) lui t5, 0
x30 <- 0x0000000000000000
mem[X,0x00000000800028C4] -> 0x0F13
mem[X,0x00000000800028C6] -> 0x000F
[2614] [M]: 0x00000000800028C4 (0x000F0F13) addi t5, t5, 0
x30 <- 0x0000000000000000
mem[X,0x00000000800028C8] -> 0x1F13
mem[X,0x00000000800028CA] -> 0x00BF
[2615] [M]: 0x00000000800028C8 (0x00BF1F13) slli t5, t5, 11
x30 <- 0x0000000000000000
mem[X,0x00000000800028CC] -> 0x0F13
mem[X,0x00000000800028CE] -> 0x5A8F
[2616] [M]: 0x00000000800028CC (0x5A8F0F13) addi t5, t5, 1448
x30 <- 0x00000000000005A8
mem[X,0x00000000800028D0] -> 0x1F13
mem[X,0x00000000800028D2] -> 0x00BF
[2617] [M]: 0x00000000800028D0 (0x00BF1F13) slli t5, t5, 11
x30 <- 0x00000000002D4000
mem[X,0x00000000800028D4] -> 0x0F13
mem[X,0x00000000800028D6] -> 0x13CF
[2618] [M]: 0x00000000800028D4 (0x13CF0F13) addi t5, t5, 316
x30 <- 0x00000000002D413C
mem[X,0x00000000800028D8] -> 0x1F13
mem[X,0x00000000800028DA] -> 0x00AF
[2619] [M]: 0x00000000800028D8 (0x00AF1F13) slli t5, t5, 10
x30 <- 0x00000000B504F000
mem[X,0x00000000800028DC] -> 0x0F13
mem[X,0x00000000800028DE] -> 0x334F
[2620] [M]: 0x00000000800028DC (0x334F0F13) addi t5, t5, 820
x30 <- 0x00000000B504F334
mem[X,0x00000000800028E0] -> 0x0E93
mem[X,0x00000000800028E2] -> 0x0010
[2621] [M]: 0x00000000800028E0 (0x00100E93) addi t4, zero, 1
x29 <- 0x0000000000000001
mem[X,0x00000000800028E4] -> 0x9E93
mem[X,0x00000000800028E6] -> 0x036E
[2622] [M]: 0x00000000800028E4 (0x036E9E93) slli t4, t4, 54
x29 <- 0x0040000000000000
mem[X,0x00000000800028E8] -> 0x4FB3
mem[X,0x00000000800028EA] -> 0x03DF
[2623] [M]: 0x00000000800028E8 (0x03DF4FB3) div t6, t5, t4
x31 <- 0x0000000000000000
mem[X,0x00000000800028EC] -> 0xBC23
mem[X,0x00000000800028EE] -> 0x37F6
[2624] [M]: 0x00000000800028EC (0x37F6BC23) sd t6, 888(a3)
mem[0x000000008000D6F8] <- 0x0000000000000000
mem[X,0x00000000800028F0] -> 0x0F37
mem[X,0x00000000800028F2] -> 0x0000
[2625] [M]: 0x00000000800028F0 (0x00000F37) lui t5, 0
x30 <- 0x0000000000000000
mem[X,0x00000000800028F4] -> 0x0F13
mem[X,0x00000000800028F6] -> 0x000F
[2626] [M]: 0x00000000800028F4 (0x000F0F13) addi t5, t5, 0
x30 <- 0x0000000000000000
mem[X,0x00000000800028F8] -> 0x1F13
mem[X,0x00000000800028FA] -> 0x00BF
[2627] [M]: 0x00000000800028F8 (0x00BF1F13) slli t5, t5, 11
x30 <- 0x0000000000000000
mem[X,0x00000000800028FC] -> 0x0F13
mem[X,0x00000000800028FE] -> 0x5A8F
[2628] [M]: 0x00000000800028FC (0x5A8F0F13) addi t5, t5, 1448
x30 <- 0x00000000000005A8
mem[X,0x0000000080002900] -> 0x1F13
mem[X,0x0000000080002902] -> 0x00BF
[2629] [M]: 0x0000000080002900 (0x00BF1F13) slli t5, t5, 11
x30 <- 0x00000000002D4000
mem[X,0x0000000080002904] -> 0x0F13
mem[X,0x0000000080002906] -> 0x13CF
[2630] [M]: 0x0000000080002904 (0x13CF0F13) addi t5, t5, 316
x30 <- 0x00000000002D413C
mem[X,0x0000000080002908] -> 0x1F13
mem[X,0x000000008000290A] -> 0x00AF
[2631] [M]: 0x0000000080002908 (0x00AF1F13) slli t5, t5, 10
x30 <- 0x00000000B504F000
mem[X,0x000000008000290C] -> 0x0F13
mem[X,0x000000008000290E] -> 0x334F
[2632] [M]: 0x000000008000290C (0x334F0F13) addi t5, t5, 820
x30 <- 0x00000000B504F334
mem[X,0x0000000080002910] -> 0x0E93
mem[X,0x0000000080002912] -> 0x0010
[2633] [M]: 0x0000000080002910 (0x00100E93) addi t4, zero, 1
x29 <- 0x0000000000000001
mem[X,0x0000000080002914] -> 0x9E93
mem[X,0x0000000080002916] -> 0x037E
[2634] [M]: 0x0000000080002914 (0x037E9E93) slli t4, t4, 55
x29 <- 0x0080000000000000
mem[X,0x0000000080002918] -> 0x4FB3
mem[X,0x000000008000291A] -> 0x03DF
[2635] [M]: 0x0000000080002918 (0x03DF4FB3) div t6, t5, t4
x31 <- 0x0000000000000000
mem[X,0x000000008000291C] -> 0xB023
mem[X,0x000000008000291E] -> 0x39F6
[2636] [M]: 0x000000008000291C (0x39F6B023) sd t6, 896(a3)
mem[0x000000008000D700] <- 0x0000000000000000
mem[X,0x0000000080002920] -> 0x0F37
mem[X,0x0000000080002922] -> 0x0000
[2637] [M]: 0x0000000080002920 (0x00000F37) lui t5, 0
x30 <- 0x0000000000000000
mem[X,0x0000000080002924] -> 0x0F13
mem[X,0x0000000080002926] -> 0x000F
[2638] [M]: 0x0000000080002924 (0x000F0F13) addi t5, t5, 0
x30 <- 0x0000000000000000
mem[X,0x0000000080002928] -> 0x1F13
mem[X,0x000000008000292A] -> 0x00BF
[2639] [M]: 0x0000000080002928 (0x00BF1F13) slli t5, t5, 11
x30 <- 0x0000000000000000
mem[X,0x000000008000292C] -> 0x0F13
mem[X,0x000000008000292E] -> 0x5A8F
[2640] [M]: 0x000000008000292C (0x5A8F0F13) addi t5, t5, 1448
x30 <- 0x00000000000005A8
mem[X,0x0000000080002930] -> 0x1F13
mem[X,0x0000000080002932] -> 0x00BF
[2641] [M]: 0x0000000080002930 (0x00BF1F13) slli t5, t5, 11
x30 <- 0x00000000002D4000
mem[X,0x0000000080002934] -> 0x0F13
mem[X,0x0000000080002936] -> 0x13CF
[2642] [M]: 0x0000000080002934 (0x13CF0F13) addi t5, t5, 316
x30 <- 0x00000000002D413C
mem[X,0x0000000080002938] -> 0x1F13
mem[X,0x000000008000293A] -> 0x00AF
[2643] [M]: 0x0000000080002938 (0x00AF1F13) slli t5, t5, 10
x30 <- 0x00000000B504F000
mem[X,0x000000008000293C] -> 0x0F13
mem[X,0x000000008000293E] -> 0x334F
[2644] [M]: 0x000000008000293C (0x334F0F13) addi t5, t5, 820
x30 <- 0x00000000B504F334
mem[X,0x0000000080002940] -> 0x0E93
mem[X,0x0000000080002942] -> 0x0010
[2645] [M]: 0x0000000080002940 (0x00100E93) addi t4, zero, 1
x29 <- 0x0000000000000001
mem[X,0x0000000080002944] -> 0x9E93
mem[X,0x0000000080002946] -> 0x038E
[2646] [M]: 0x0000000080002944 (0x038E9E93) slli t4, t4, 56
x29 <- 0x0100000000000000
mem[X,0x0000000080002948] -> 0x4FB3
mem[X,0x000000008000294A] -> 0x03DF
[2647] [M]: 0x0000000080002948 (0x03DF4FB3) div t6, t5, t4
x31 <- 0x0000000000000000
mem[X,0x000000008000294C] -> 0xB423
mem[X,0x000000008000294E] -> 0x39F6
[2648] [M]: 0x000000008000294C (0x39F6B423) sd t6, 904(a3)
mem[0x000000008000D708] <- 0x0000000000000000
mem[X,0x0000000080002950] -> 0x0F37
mem[X,0x0000000080002952] -> 0x0000
[2649] [M]: 0x0000000080002950 (0x00000F37) lui t5, 0
x30 <- 0x0000000000000000
mem[X,0x0000000080002954] -> 0x0F13
mem[X,0x0000000080002956] -> 0x000F
[2650] [M]: 0x0000000080002954 (0x000F0F13) addi t5, t5, 0
x30 <- 0x0000000000000000
mem[X,0x0000000080002958] -> 0x1F13
mem[X,0x000000008000295A] -> 0x00BF
[2651] [M]: 0x0000000080002958 (0x00BF1F13) slli t5, t5, 11
x30 <- 0x0000000000000000
mem[X,0x000000008000295C] -> 0x0F13
mem[X,0x000000008000295E] -> 0x5A8F
[2652] [M]: 0x000000008000295C (0x5A8F0F13) addi t5, t5, 1448
x30 <- 0x00000000000005A8
mem[X,0x0000000080002960] -> 0x1F13
mem[X,0x0000000080002962] -> 0x00BF
[2653] [M]: 0x0000000080002960 (0x00BF1F13) slli t5, t5, 11
x30 <- 0x00000000002D4000
mem[X,0x0000000080002964] -> 0x0F13
mem[X,0x0000000080002966] -> 0x13CF
[2654] [M]: 0x0000000080002964 (0x13CF0F13) addi t5, t5, 316
x30 <- 0x00000000002D413C
mem[X,0x0000000080002968] -> 0x1F13
mem[X,0x000000008000296A] -> 0x00AF
[2655] [M]: 0x0000000080002968 (0x00AF1F13) slli t5, t5, 10
x30 <- 0x00000000B504F000
mem[X,0x000000008000296C] -> 0x0F13
mem[X,0x000000008000296E] -> 0x334F
[2656] [M]: 0x000000008000296C (0x334F0F13) addi t5, t5, 820
x30 <- 0x00000000B504F334
mem[X,0x0000000080002970] -> 0x0E93
mem[X,0x0000000080002972] -> 0x0010
[2657] [M]: 0x0000000080002970 (0x00100E93) addi t4, zero, 1
x29 <- 0x0000000000000001
mem[X,0x0000000080002974] -> 0x9E93
mem[X,0x0000000080002976] -> 0x039E
[2658] [M]: 0x0000000080002974 (0x039E9E93) slli t4, t4, 57
x29 <- 0x0200000000000000
mem[X,0x0000000080002978] -> 0x4FB3
mem[X,0x000000008000297A] -> 0x03DF
[2659] [M]: 0x0000000080002978 (0x03DF4FB3) div t6, t5, t4
x31 <- 0x0000000000000000
mem[X,0x000000008000297C] -> 0xB823
mem[X,0x000000008000297E] -> 0x39F6
[2660] [M]: 0x000000008000297C (0x39F6B823) sd t6, 912(a3)
mem[0x000000008000D710] <- 0x0000000000000000
mem[X,0x0000000080002980] -> 0x0F37
mem[X,0x0000000080002982] -> 0x0000
[2661] [M]: 0x0000000080002980 (0x00000F37) lui t5, 0
x30 <- 0x0000000000000000
mem[X,0x0000000080002984] -> 0x0F13
mem[X,0x0000000080002986] -> 0x000F
[2662] [M]: 0x0000000080002984 (0x000F0F13) addi t5, t5, 0
x30 <- 0x0000000000000000
mem[X,0x0000000080002988] -> 0x1F13
mem[X,0x000000008000298A] -> 0x00BF
[2663] [M]: 0x0000000080002988 (0x00BF1F13) slli t5, t5, 11
x30 <- 0x0000000000000000
mem[X,0x000000008000298C] -> 0x0F13
mem[X,0x000000008000298E] -> 0x5A8F
[2664] [M]: 0x000000008000298C (0x5A8F0F13) addi t5, t5, 1448
x30 <- 0x00000000000005A8
mem[X,0x0000000080002990] -> 0x1F13
mem[X,0x0000000080002992] -> 0x00BF
[2665] [M]: 0x0000000080002990 (0x00BF1F13) slli t5, t5, 11
x30 <- 0x00000000002D4000
mem[X,0x0000000080002994] -> 0x0F13
mem[X,0x0000000080002996] -> 0x13CF
[2666] [M]: 0x0000000080002994 (0x13CF0F13) addi t5, t5, 316
x30 <- 0x00000000002D413C
mem[X,0x0000000080002998] -> 0x1F13
mem[X,0x000000008000299A] -> 0x00AF
[2667] [M]: 0x0000000080002998 (0x00AF1F13) slli t5, t5, 10
x30 <- 0x00000000B504F000
mem[X,0x000000008000299C] -> 0x0F13
mem[X,0x000000008000299E] -> 0x334F
[2668] [M]: 0x000000008000299C (0x334F0F13) addi t5, t5, 820
x30 <- 0x00000000B504F334
mem[X,0x00000000800029A0] -> 0x0E93
mem[X,0x00000000800029A2] -> 0x0010
[2669] [M]: 0x00000000800029A0 (0x00100E93) addi t4, zero, 1
x29 <- 0x0000000000000001
mem[X,0x00000000800029A4] -> 0x9E93
mem[X,0x00000000800029A6] -> 0x03AE
[2670] [M]: 0x00000000800029A4 (0x03AE9E93) slli t4, t4, 58
x29 <- 0x0400000000000000
mem[X,0x00000000800029A8] -> 0x4FB3
mem[X,0x00000000800029AA] -> 0x03DF
[2671] [M]: 0x00000000800029A8 (0x03DF4FB3) div t6, t5, t4
x31 <- 0x0000000000000000
mem[X,0x00000000800029AC] -> 0xBC23
mem[X,0x00000000800029AE] -> 0x39F6
[2672] [M]: 0x00000000800029AC (0x39F6BC23) sd t6, 920(a3)
mem[0x000000008000D718] <- 0x0000000000000000
mem[X,0x00000000800029B0] -> 0x0F37
mem[X,0x00000000800029B2] -> 0x0000
[2673] [M]: 0x00000000800029B0 (0x00000F37) lui t5, 0
x30 <- 0x0000000000000000
mem[X,0x00000000800029B4] -> 0x0F13
mem[X,0x00000000800029B6] -> 0x000F
[2674] [M]: 0x00000000800029B4 (0x000F0F13) addi t5, t5, 0
x30 <- 0x0000000000000000
mem[X,0x00000000800029B8] -> 0x1F13
mem[X,0x00000000800029BA] -> 0x00BF
[2675] [M]: 0x00000000800029B8 (0x00BF1F13) slli t5, t5, 11
x30 <- 0x0000000000000000
mem[X,0x00000000800029BC] -> 0x0F13
mem[X,0x00000000800029BE] -> 0x5A8F
[2676] [M]: 0x00000000800029BC (0x5A8F0F13) addi t5, t5, 1448
x30 <- 0x00000000000005A8
mem[X,0x00000000800029C0] -> 0x1F13
mem[X,0x00000000800029C2] -> 0x00BF
[2677] [M]: 0x00000000800029C0 (0x00BF1F13) slli t5, t5, 11
x30 <- 0x00000000002D4000
mem[X,0x00000000800029C4] -> 0x0F13
mem[X,0x00000000800029C6] -> 0x13CF
[2678] [M]: 0x00000000800029C4 (0x13CF0F13) addi t5, t5, 316
x30 <- 0x00000000002D413C
mem[X,0x00000000800029C8] -> 0x1F13
mem[X,0x00000000800029CA] -> 0x00AF
[2679] [M]: 0x00000000800029C8 (0x00AF1F13) slli t5, t5, 10
x30 <- 0x00000000B504F000
mem[X,0x00000000800029CC] -> 0x0F13
mem[X,0x00000000800029CE] -> 0x334F
[2680] [M]: 0x00000000800029CC (0x334F0F13) addi t5, t5, 820
x30 <- 0x00000000B504F334
mem[X,0x00000000800029D0] -> 0x0E93
mem[X,0x00000000800029D2] -> 0x0010
[2681] [M]: 0x00000000800029D0 (0x00100E93) addi t4, zero, 1
x29 <- 0x0000000000000001
mem[X,0x00000000800029D4] -> 0x9E93
mem[X,0x00000000800029D6] -> 0x03BE
[2682] [M]: 0x00000000800029D4 (0x03BE9E93) slli t4, t4, 59
x29 <- 0x0800000000000000
mem[X,0x00000000800029D8] -> 0x4FB3
mem[X,0x00000000800029DA] -> 0x03DF
[2683] [M]: 0x00000000800029D8 (0x03DF4FB3) div t6, t5, t4
x31 <- 0x0000000000000000
mem[X,0x00000000800029DC] -> 0xB023
mem[X,0x00000000800029DE] -> 0x3BF6
[2684] [M]: 0x00000000800029DC (0x3BF6B023) sd t6, 928(a3)
mem[0x000000008000D720] <- 0x0000000000000000
mem[X,0x00000000800029E0] -> 0x0F37
mem[X,0x00000000800029E2] -> 0x0000
[2685] [M]: 0x00000000800029E0 (0x00000F37) lui t5, 0
x30 <- 0x0000000000000000
mem[X,0x00000000800029E4] -> 0x0F13
mem[X,0x00000000800029E6] -> 0x000F
[2686] [M]: 0x00000000800029E4 (0x000F0F13) addi t5, t5, 0
x30 <- 0x0000000000000000
mem[X,0x00000000800029E8] -> 0x1F13
mem[X,0x00000000800029EA] -> 0x00BF
[2687] [M]: 0x00000000800029E8 (0x00BF1F13) slli t5, t5, 11
x30 <- 0x0000000000000000
mem[X,0x00000000800029EC] -> 0x0F13
mem[X,0x00000000800029EE] -> 0x5A8F
[2688] [M]: 0x00000000800029EC (0x5A8F0F13) addi t5, t5, 1448
x30 <- 0x00000000000005A8
mem[X,0x00000000800029F0] -> 0x1F13
mem[X,0x00000000800029F2] -> 0x00BF
[2689] [M]: 0x00000000800029F0 (0x00BF1F13) slli t5, t5, 11
x30 <- 0x00000000002D4000
mem[X,0x00000000800029F4] -> 0x0F13
mem[X,0x00000000800029F6] -> 0x13CF
[2690] [M]: 0x00000000800029F4 (0x13CF0F13) addi t5, t5, 316
x30 <- 0x00000000002D413C
mem[X,0x00000000800029F8] -> 0x1F13
mem[X,0x00000000800029FA] -> 0x00AF
[2691] [M]: 0x00000000800029F8 (0x00AF1F13) slli t5, t5, 10
x30 <- 0x00000000B504F000
mem[X,0x00000000800029FC] -> 0x0F13
mem[X,0x00000000800029FE] -> 0x334F
[2692] [M]: 0x00000000800029FC (0x334F0F13) addi t5, t5, 820
x30 <- 0x00000000B504F334
mem[X,0x0000000080002A00] -> 0x0E93
mem[X,0x0000000080002A02] -> 0x0010
[2693] [M]: 0x0000000080002A00 (0x00100E93) addi t4, zero, 1
x29 <- 0x0000000000000001
mem[X,0x0000000080002A04] -> 0x9E93
mem[X,0x0000000080002A06] -> 0x03CE
[2694] [M]: 0x0000000080002A04 (0x03CE9E93) slli t4, t4, 60
x29 <- 0x1000000000000000
mem[X,0x0000000080002A08] -> 0x4FB3
mem[X,0x0000000080002A0A] -> 0x03DF
[2695] [M]: 0x0000000080002A08 (0x03DF4FB3) div t6, t5, t4
x31 <- 0x0000000000000000
mem[X,0x0000000080002A0C] -> 0xB423
mem[X,0x0000000080002A0E] -> 0x3BF6
[2696] [M]: 0x0000000080002A0C (0x3BF6B423) sd t6, 936(a3)
mem[0x000000008000D728] <- 0x0000000000000000
mem[X,0x0000000080002A10] -> 0x0F37
mem[X,0x0000000080002A12] -> 0x0000
[2697] [M]: 0x0000000080002A10 (0x00000F37) lui t5, 0
x30 <- 0x0000000000000000
mem[X,0x0000000080002A14] -> 0x0F13
mem[X,0x0000000080002A16] -> 0x000F
[2698] [M]: 0x0000000080002A14 (0x000F0F13) addi t5, t5, 0
x30 <- 0x0000000000000000
mem[X,0x0000000080002A18] -> 0x1F13
mem[X,0x0000000080002A1A] -> 0x00BF
[2699] [M]: 0x0000000080002A18 (0x00BF1F13) slli t5, t5, 11
x30 <- 0x0000000000000000
clint::tick mtime <- 0x000000000000001B
 clint timer pending at mtime 0x000000000000001B
htif::tick 0x0000000000000000
mem[X,0x0000000080002A1C] -> 0x0F13
mem[X,0x0000000080002A1E] -> 0x5A8F
[2700] [M]: 0x0000000080002A1C (0x5A8F0F13) addi t5, t5, 1448
x30 <- 0x00000000000005A8
mem[X,0x0000000080002A20] -> 0x1F13
mem[X,0x0000000080002A22] -> 0x00BF
[2701] [M]: 0x0000000080002A20 (0x00BF1F13) slli t5, t5, 11
x30 <- 0x00000000002D4000
mem[X,0x0000000080002A24] -> 0x0F13
mem[X,0x0000000080002A26] -> 0x13CF
[2702] [M]: 0x0000000080002A24 (0x13CF0F13) addi t5, t5, 316
x30 <- 0x00000000002D413C
mem[X,0x0000000080002A28] -> 0x1F13
mem[X,0x0000000080002A2A] -> 0x00AF
[2703] [M]: 0x0000000080002A28 (0x00AF1F13) slli t5, t5, 10
x30 <- 0x00000000B504F000
mem[X,0x0000000080002A2C] -> 0x0F13
mem[X,0x0000000080002A2E] -> 0x334F
[2704] [M]: 0x0000000080002A2C (0x334F0F13) addi t5, t5, 820
x30 <- 0x00000000B504F334
mem[X,0x0000000080002A30] -> 0x0E93
mem[X,0x0000000080002A32] -> 0x0010
[2705] [M]: 0x0000000080002A30 (0x00100E93) addi t4, zero, 1
x29 <- 0x0000000000000001
mem[X,0x0000000080002A34] -> 0x9E93
mem[X,0x0000000080002A36] -> 0x03DE
[2706] [M]: 0x0000000080002A34 (0x03DE9E93) slli t4, t4, 61
x29 <- 0x2000000000000000
mem[X,0x0000000080002A38] -> 0x4FB3
mem[X,0x0000000080002A3A] -> 0x03DF
[2707] [M]: 0x0000000080002A38 (0x03DF4FB3) div t6, t5, t4
x31 <- 0x0000000000000000
mem[X,0x0000000080002A3C] -> 0xB823
mem[X,0x0000000080002A3E] -> 0x3BF6
[2708] [M]: 0x0000000080002A3C (0x3BF6B823) sd t6, 944(a3)
mem[0x000000008000D730] <- 0x0000000000000000
mem[X,0x0000000080002A40] -> 0x0F37
mem[X,0x0000000080002A42] -> 0x0000
[2709] [M]: 0x0000000080002A40 (0x00000F37) lui t5, 0
x30 <- 0x0000000000000000
mem[X,0x0000000080002A44] -> 0x0F13
mem[X,0x0000000080002A46] -> 0x000F
[2710] [M]: 0x0000000080002A44 (0x000F0F13) addi t5, t5, 0
x30 <- 0x0000000000000000
mem[X,0x0000000080002A48] -> 0x1F13
mem[X,0x0000000080002A4A] -> 0x00BF
[2711] [M]: 0x0000000080002A48 (0x00BF1F13) slli t5, t5, 11
x30 <- 0x0000000000000000
mem[X,0x0000000080002A4C] -> 0x0F13
mem[X,0x0000000080002A4E] -> 0x5A8F
[2712] [M]: 0x0000000080002A4C (0x5A8F0F13) addi t5, t5, 1448
x30 <- 0x00000000000005A8
mem[X,0x0000000080002A50] -> 0x1F13
mem[X,0x0000000080002A52] -> 0x00BF
[2713] [M]: 0x0000000080002A50 (0x00BF1F13) slli t5, t5, 11
x30 <- 0x00000000002D4000
mem[X,0x0000000080002A54] -> 0x0F13
mem[X,0x0000000080002A56] -> 0x13CF
[2714] [M]: 0x0000000080002A54 (0x13CF0F13) addi t5, t5, 316
x30 <- 0x00000000002D413C
mem[X,0x0000000080002A58] -> 0x1F13
mem[X,0x0000000080002A5A] -> 0x00AF
[2715] [M]: 0x0000000080002A58 (0x00AF1F13) slli t5, t5, 10
x30 <- 0x00000000B504F000
mem[X,0x0000000080002A5C] -> 0x0F13
mem[X,0x0000000080002A5E] -> 0x334F
[2716] [M]: 0x0000000080002A5C (0x334F0F13) addi t5, t5, 820
x30 <- 0x00000000B504F334
mem[X,0x0000000080002A60] -> 0x0E93
mem[X,0x0000000080002A62] -> 0x0010
[2717] [M]: 0x0000000080002A60 (0x00100E93) addi t4, zero, 1
x29 <- 0x0000000000000001
mem[X,0x0000000080002A64] -> 0x9E93
mem[X,0x0000000080002A66] -> 0x03EE
[2718] [M]: 0x0000000080002A64 (0x03EE9E93) slli t4, t4, 62
x29 <- 0x4000000000000000
mem[X,0x0000000080002A68] -> 0x4FB3
mem[X,0x0000000080002A6A] -> 0x03DF
[2719] [M]: 0x0000000080002A68 (0x03DF4FB3) div t6, t5, t4
x31 <- 0x0000000000000000
mem[X,0x0000000080002A6C] -> 0xBC23
mem[X,0x0000000080002A6E] -> 0x3BF6
[2720] [M]: 0x0000000080002A6C (0x3BF6BC23) sd t6, 952(a3)
mem[0x000000008000D738] <- 0x0000000000000000
mem[X,0x0000000080002A70] -> 0x0F37
mem[X,0x0000000080002A72] -> 0x0000
[2721] [M]: 0x0000000080002A70 (0x00000F37) lui t5, 0
x30 <- 0x0000000000000000
mem[X,0x0000000080002A74] -> 0x0F13
mem[X,0x0000000080002A76] -> 0x000F
[2722] [M]: 0x0000000080002A74 (0x000F0F13) addi t5, t5, 0
x30 <- 0x0000000000000000
mem[X,0x0000000080002A78] -> 0x1F13
mem[X,0x0000000080002A7A] -> 0x00BF
[2723] [M]: 0x0000000080002A78 (0x00BF1F13) slli t5, t5, 11
x30 <- 0x0000000000000000
mem[X,0x0000000080002A7C] -> 0x0F13
mem[X,0x0000000080002A7E] -> 0x5A8F
[2724] [M]: 0x0000000080002A7C (0x5A8F0F13) addi t5, t5, 1448
x30 <- 0x00000000000005A8
mem[X,0x0000000080002A80] -> 0x1F13
mem[X,0x0000000080002A82] -> 0x00BF
[2725] [M]: 0x0000000080002A80 (0x00BF1F13) slli t5, t5, 11
x30 <- 0x00000000002D4000
mem[X,0x0000000080002A84] -> 0x0F13
mem[X,0x0000000080002A86] -> 0x13CF
[2726] [M]: 0x0000000080002A84 (0x13CF0F13) addi t5, t5, 316
x30 <- 0x00000000002D413C
mem[X,0x0000000080002A88] -> 0x1F13
mem[X,0x0000000080002A8A] -> 0x00AF
[2727] [M]: 0x0000000080002A88 (0x00AF1F13) slli t5, t5, 10
x30 <- 0x00000000B504F000
mem[X,0x0000000080002A8C] -> 0x0F13
mem[X,0x0000000080002A8E] -> 0x334F
[2728] [M]: 0x0000000080002A8C (0x334F0F13) addi t5, t5, 820
x30 <- 0x00000000B504F334
mem[X,0x0000000080002A90] -> 0x0E93
mem[X,0x0000000080002A92] -> 0xFFF0
[2729] [M]: 0x0000000080002A90 (0xFFF00E93) addi t4, zero, 4095
x29 <- 0xFFFFFFFFFFFFFFFF
mem[X,0x0000000080002A94] -> 0x9E93
mem[X,0x0000000080002A96] -> 0x03FE
[2730] [M]: 0x0000000080002A94 (0x03FE9E93) slli t4, t4, 63
x29 <- 0x8000000000000000
mem[X,0x0000000080002A98] -> 0x4FB3
mem[X,0x0000000080002A9A] -> 0x03DF
[2731] [M]: 0x0000000080002A98 (0x03DF4FB3) div t6, t5, t4
x31 <- 0x0000000000000000
mem[X,0x0000000080002A9C] -> 0xB023
mem[X,0x0000000080002A9E] -> 0x3DF6
[2732] [M]: 0x0000000080002A9C (0x3DF6B023) sd t6, 960(a3)
mem[0x000000008000D740] <- 0x0000000000000000
mem[X,0x0000000080002AA0] -> 0x0F13
mem[X,0x0000000080002AA2] -> 0x0010
[2733] [M]: 0x0000000080002AA0 (0x00100F13) addi t5, zero, 1
x30 <- 0x0000000000000001
mem[X,0x0000000080002AA4] -> 0x0EB7
mem[X,0x0000000080002AA6] -> 0x0000
[2734] [M]: 0x0000000080002AA4 (0x00000EB7) lui t4, 0
x29 <- 0x0000000000000000
mem[X,0x0000000080002AA8] -> 0x8E93
mem[X,0x0000000080002AAA] -> 0x000E
[2735] [M]: 0x0000000080002AA8 (0x000E8E93) addi t4, t4, 0
x29 <- 0x0000000000000000
mem[X,0x0000000080002AAC] -> 0x9E93
mem[X,0x0000000080002AAE] -> 0x00BE
[2736] [M]: 0x0000000080002AAC (0x00BE9E93) slli t4, t4, 11
x29 <- 0x0000000000000000
mem[X,0x0000000080002AB0] -> 0x8E93
mem[X,0x0000000080002AB2] -> 0x5A8E
[2737] [M]: 0x0000000080002AB0 (0x5A8E8E93) addi t4, t4, 1448
x29 <- 0x00000000000005A8
mem[X,0x0000000080002AB4] -> 0x9E93
mem[X,0x0000000080002AB6] -> 0x00BE
[2738] [M]: 0x0000000080002AB4 (0x00BE9E93) slli t4, t4, 11
x29 <- 0x00000000002D4000
mem[X,0x0000000080002AB8] -> 0x8E93
mem[X,0x0000000080002ABA] -> 0x13CE
[2739] [M]: 0x0000000080002AB8 (0x13CE8E93) addi t4, t4, 316
x29 <- 0x00000000002D413C
mem[X,0x0000000080002ABC] -> 0x9E93
mem[X,0x0000000080002ABE] -> 0x00AE
[2740] [M]: 0x0000000080002ABC (0x00AE9E93) slli t4, t4, 10
x29 <- 0x00000000B504F000
mem[X,0x0000000080002AC0] -> 0x8E93
mem[X,0x0000000080002AC2] -> 0x334E
[2741] [M]: 0x0000000080002AC0 (0x334E8E93) addi t4, t4, 820
x29 <- 0x00000000B504F334
mem[X,0x0000000080002AC4] -> 0x4FB3
mem[X,0x0000000080002AC6] -> 0x03DF
[2742] [M]: 0x0000000080002AC4 (0x03DF4FB3) div t6, t5, t4
x31 <- 0x0000000000000000
mem[X,0x0000000080002AC8] -> 0xB423
mem[X,0x0000000080002ACA] -> 0x3DF6
[2743] [M]: 0x0000000080002AC8 (0x3DF6B423) sd t6, 968(a3)
mem[0x000000008000D748] <- 0x0000000000000000
mem[X,0x0000000080002ACC] -> 0x0F13
mem[X,0x0000000080002ACE] -> 0x0020
[2744] [M]: 0x0000000080002ACC (0x00200F13) addi t5, zero, 2
x30 <- 0x0000000000000002
mem[X,0x0000000080002AD0] -> 0x0EB7
mem[X,0x0000000080002AD2] -> 0x0000
[2745] [M]: 0x0000000080002AD0 (0x00000EB7) lui t4, 0
x29 <- 0x0000000000000000
mem[X,0x0000000080002AD4] -> 0x8E93
mem[X,0x0000000080002AD6] -> 0x000E
[2746] [M]: 0x0000000080002AD4 (0x000E8E93) addi t4, t4, 0
x29 <- 0x0000000000000000
mem[X,0x0000000080002AD8] -> 0x9E93
mem[X,0x0000000080002ADA] -> 0x00BE
[2747] [M]: 0x0000000080002AD8 (0x00BE9E93) slli t4, t4, 11
x29 <- 0x0000000000000000
mem[X,0x0000000080002ADC] -> 0x8E93
mem[X,0x0000000080002ADE] -> 0x5A8E
[2748] [M]: 0x0000000080002ADC (0x5A8E8E93) addi t4, t4, 1448
x29 <- 0x00000000000005A8
mem[X,0x0000000080002AE0] -> 0x9E93
mem[X,0x0000000080002AE2] -> 0x00BE
[2749] [M]: 0x0000000080002AE0 (0x00BE9E93) slli t4, t4, 11
x29 <- 0x00000000002D4000
mem[X,0x0000000080002AE4] -> 0x8E93
mem[X,0x0000000080002AE6] -> 0x13CE
[2750] [M]: 0x0000000080002AE4 (0x13CE8E93) addi t4, t4, 316
x29 <- 0x00000000002D413C
mem[X,0x0000000080002AE8] -> 0x9E93
mem[X,0x0000000080002AEA] -> 0x00AE
[2751] [M]: 0x0000000080002AE8 (0x00AE9E93) slli t4, t4, 10
x29 <- 0x00000000B504F000
mem[X,0x0000000080002AEC] -> 0x8E93
mem[X,0x0000000080002AEE] -> 0x334E
[2752] [M]: 0x0000000080002AEC (0x334E8E93) addi t4, t4, 820
x29 <- 0x00000000B504F334
mem[X,0x0000000080002AF0] -> 0x4FB3
mem[X,0x0000000080002AF2] -> 0x03DF
[2753] [M]: 0x0000000080002AF0 (0x03DF4FB3) div t6, t5, t4
x31 <- 0x0000000000000000
mem[X,0x0000000080002AF4] -> 0xB823
mem[X,0x0000000080002AF6] -> 0x3DF6
[2754] [M]: 0x0000000080002AF4 (0x3DF6B823) sd t6, 976(a3)
mem[0x000000008000D750] <- 0x0000000000000000
mem[X,0x0000000080002AF8] -> 0x0F13
mem[X,0x0000000080002AFA] -> 0x0040
[2755] [M]: 0x0000000080002AF8 (0x00400F13) addi t5, zero, 4
x30 <- 0x0000000000000004
mem[X,0x0000000080002AFC] -> 0x0EB7
mem[X,0x0000000080002AFE] -> 0x0000
[2756] [M]: 0x0000000080002AFC (0x00000EB7) lui t4, 0
x29 <- 0x0000000000000000
mem[X,0x0000000080002B00] -> 0x8E93
mem[X,0x0000000080002B02] -> 0x000E
[2757] [M]: 0x0000000080002B00 (0x000E8E93) addi t4, t4, 0
x29 <- 0x0000000000000000
mem[X,0x0000000080002B04] -> 0x9E93
mem[X,0x0000000080002B06] -> 0x00BE
[2758] [M]: 0x0000000080002B04 (0x00BE9E93) slli t4, t4, 11
x29 <- 0x0000000000000000
mem[X,0x0000000080002B08] -> 0x8E93
mem[X,0x0000000080002B0A] -> 0x5A8E
[2759] [M]: 0x0000000080002B08 (0x5A8E8E93) addi t4, t4, 1448
x29 <- 0x00000000000005A8
mem[X,0x0000000080002B0C] -> 0x9E93
mem[X,0x0000000080002B0E] -> 0x00BE
[2760] [M]: 0x0000000080002B0C (0x00BE9E93) slli t4, t4, 11
x29 <- 0x00000000002D4000
mem[X,0x0000000080002B10] -> 0x8E93
mem[X,0x0000000080002B12] -> 0x13CE
[2761] [M]: 0x0000000080002B10 (0x13CE8E93) addi t4, t4, 316
x29 <- 0x00000000002D413C
mem[X,0x0000000080002B14] -> 0x9E93
mem[X,0x0000000080002B16] -> 0x00AE
[2762] [M]: 0x0000000080002B14 (0x00AE9E93) slli t4, t4, 10
x29 <- 0x00000000B504F000
mem[X,0x0000000080002B18] -> 0x8E93
mem[X,0x0000000080002B1A] -> 0x334E
[2763] [M]: 0x0000000080002B18 (0x334E8E93) addi t4, t4, 820
x29 <- 0x00000000B504F334
mem[X,0x0000000080002B1C] -> 0x4FB3
mem[X,0x0000000080002B1E] -> 0x03DF
[2764] [M]: 0x0000000080002B1C (0x03DF4FB3) div t6, t5, t4
x31 <- 0x0000000000000000
mem[X,0x0000000080002B20] -> 0xBC23
mem[X,0x0000000080002B22] -> 0x3DF6
[2765] [M]: 0x0000000080002B20 (0x3DF6BC23) sd t6, 984(a3)
mem[0x000000008000D758] <- 0x0000000000000000
mem[X,0x0000000080002B24] -> 0x0F13
mem[X,0x0000000080002B26] -> 0x0080
[2766] [M]: 0x0000000080002B24 (0x00800F13) addi t5, zero, 8
x30 <- 0x0000000000000008
mem[X,0x0000000080002B28] -> 0x0EB7
mem[X,0x0000000080002B2A] -> 0x0000
[2767] [M]: 0x0000000080002B28 (0x00000EB7) lui t4, 0
x29 <- 0x0000000000000000
mem[X,0x0000000080002B2C] -> 0x8E93
mem[X,0x0000000080002B2E] -> 0x000E
[2768] [M]: 0x0000000080002B2C (0x000E8E93) addi t4, t4, 0
x29 <- 0x0000000000000000
mem[X,0x0000000080002B30] -> 0x9E93
mem[X,0x0000000080002B32] -> 0x00BE
[2769] [M]: 0x0000000080002B30 (0x00BE9E93) slli t4, t4, 11
x29 <- 0x0000000000000000
mem[X,0x0000000080002B34] -> 0x8E93
mem[X,0x0000000080002B36] -> 0x5A8E
[2770] [M]: 0x0000000080002B34 (0x5A8E8E93) addi t4, t4, 1448
x29 <- 0x00000000000005A8
mem[X,0x0000000080002B38] -> 0x9E93
mem[X,0x0000000080002B3A] -> 0x00BE
[2771] [M]: 0x0000000080002B38 (0x00BE9E93) slli t4, t4, 11
x29 <- 0x00000000002D4000
mem[X,0x0000000080002B3C] -> 0x8E93
mem[X,0x0000000080002B3E] -> 0x13CE
[2772] [M]: 0x0000000080002B3C (0x13CE8E93) addi t4, t4, 316
x29 <- 0x00000000002D413C
mem[X,0x0000000080002B40] -> 0x9E93
mem[X,0x0000000080002B42] -> 0x00AE
[2773] [M]: 0x0000000080002B40 (0x00AE9E93) slli t4, t4, 10
x29 <- 0x00000000B504F000
mem[X,0x0000000080002B44] -> 0x8E93
mem[X,0x0000000080002B46] -> 0x334E
[2774] [M]: 0x0000000080002B44 (0x334E8E93) addi t4, t4, 820
x29 <- 0x00000000B504F334
mem[X,0x0000000080002B48] -> 0x4FB3
mem[X,0x0000000080002B4A] -> 0x03DF
[2775] [M]: 0x0000000080002B48 (0x03DF4FB3) div t6, t5, t4
x31 <- 0x0000000000000000
mem[X,0x0000000080002B4C] -> 0xB023
mem[X,0x0000000080002B4E] -> 0x3FF6
[2776] [M]: 0x0000000080002B4C (0x3FF6B023) sd t6, 992(a3)
mem[0x000000008000D760] <- 0x0000000000000000
mem[X,0x0000000080002B50] -> 0x0F13
mem[X,0x0000000080002B52] -> 0x0100
[2777] [M]: 0x0000000080002B50 (0x01000F13) addi t5, zero, 16
x30 <- 0x0000000000000010
mem[X,0x0000000080002B54] -> 0x0EB7
mem[X,0x0000000080002B56] -> 0x0000
[2778] [M]: 0x0000000080002B54 (0x00000EB7) lui t4, 0
x29 <- 0x0000000000000000
mem[X,0x0000000080002B58] -> 0x8E93
mem[X,0x0000000080002B5A] -> 0x000E
[2779] [M]: 0x0000000080002B58 (0x000E8E93) addi t4, t4, 0
x29 <- 0x0000000000000000
mem[X,0x0000000080002B5C] -> 0x9E93
mem[X,0x0000000080002B5E] -> 0x00BE
[2780] [M]: 0x0000000080002B5C (0x00BE9E93) slli t4, t4, 11
x29 <- 0x0000000000000000
mem[X,0x0000000080002B60] -> 0x8E93
mem[X,0x0000000080002B62] -> 0x5A8E
[2781] [M]: 0x0000000080002B60 (0x5A8E8E93) addi t4, t4, 1448
x29 <- 0x00000000000005A8
mem[X,0x0000000080002B64] -> 0x9E93
mem[X,0x0000000080002B66] -> 0x00BE
[2782] [M]: 0x0000000080002B64 (0x00BE9E93) slli t4, t4, 11
x29 <- 0x00000000002D4000
mem[X,0x0000000080002B68] -> 0x8E93
mem[X,0x0000000080002B6A] -> 0x13CE
[2783] [M]: 0x0000000080002B68 (0x13CE8E93) addi t4, t4, 316
x29 <- 0x00000000002D413C
mem[X,0x0000000080002B6C] -> 0x9E93
mem[X,0x0000000080002B6E] -> 0x00AE
[2784] [M]: 0x0000000080002B6C (0x00AE9E93) slli t4, t4, 10
x29 <- 0x00000000B504F000
mem[X,0x0000000080002B70] -> 0x8E93
mem[X,0x0000000080002B72] -> 0x334E
[2785] [M]: 0x0000000080002B70 (0x334E8E93) addi t4, t4, 820
x29 <- 0x00000000B504F334
mem[X,0x0000000080002B74] -> 0x4FB3
mem[X,0x0000000080002B76] -> 0x03DF
[2786] [M]: 0x0000000080002B74 (0x03DF4FB3) div t6, t5, t4
x31 <- 0x0000000000000000
mem[X,0x0000000080002B78] -> 0xB423
mem[X,0x0000000080002B7A] -> 0x3FF6
[2787] [M]: 0x0000000080002B78 (0x3FF6B423) sd t6, 1000(a3)
mem[0x000000008000D768] <- 0x0000000000000000
mem[X,0x0000000080002B7C] -> 0x0F13
mem[X,0x0000000080002B7E] -> 0x0200
[2788] [M]: 0x0000000080002B7C (0x02000F13) addi t5, zero, 32
x30 <- 0x0000000000000020
mem[X,0x0000000080002B80] -> 0x0EB7
mem[X,0x0000000080002B82] -> 0x0000
[2789] [M]: 0x0000000080002B80 (0x00000EB7) lui t4, 0
x29 <- 0x0000000000000000
mem[X,0x0000000080002B84] -> 0x8E93
mem[X,0x0000000080002B86] -> 0x000E
[2790] [M]: 0x0000000080002B84 (0x000E8E93) addi t4, t4, 0
x29 <- 0x0000000000000000
mem[X,0x0000000080002B88] -> 0x9E93
mem[X,0x0000000080002B8A] -> 0x00BE
[2791] [M]: 0x0000000080002B88 (0x00BE9E93) slli t4, t4, 11
x29 <- 0x0000000000000000
mem[X,0x0000000080002B8C] -> 0x8E93
mem[X,0x0000000080002B8E] -> 0x5A8E
[2792] [M]: 0x0000000080002B8C (0x5A8E8E93) addi t4, t4, 1448
x29 <- 0x00000000000005A8
mem[X,0x0000000080002B90] -> 0x9E93
mem[X,0x0000000080002B92] -> 0x00BE
[2793] [M]: 0x0000000080002B90 (0x00BE9E93) slli t4, t4, 11
x29 <- 0x00000000002D4000
mem[X,0x0000000080002B94] -> 0x8E93
mem[X,0x0000000080002B96] -> 0x13CE
[2794] [M]: 0x0000000080002B94 (0x13CE8E93) addi t4, t4, 316
x29 <- 0x00000000002D413C
mem[X,0x0000000080002B98] -> 0x9E93
mem[X,0x0000000080002B9A] -> 0x00AE
[2795] [M]: 0x0000000080002B98 (0x00AE9E93) slli t4, t4, 10
x29 <- 0x00000000B504F000
mem[X,0x0000000080002B9C] -> 0x8E93
mem[X,0x0000000080002B9E] -> 0x334E
[2796] [M]: 0x0000000080002B9C (0x334E8E93) addi t4, t4, 820
x29 <- 0x00000000B504F334
mem[X,0x0000000080002BA0] -> 0x4FB3
mem[X,0x0000000080002BA2] -> 0x03DF
[2797] [M]: 0x0000000080002BA0 (0x03DF4FB3) div t6, t5, t4
x31 <- 0x0000000000000000
mem[X,0x0000000080002BA4] -> 0xB823
mem[X,0x0000000080002BA6] -> 0x3FF6
[2798] [M]: 0x0000000080002BA4 (0x3FF6B823) sd t6, 1008(a3)
mem[0x000000008000D770] <- 0x0000000000000000
mem[X,0x0000000080002BA8] -> 0x0F13
mem[X,0x0000000080002BAA] -> 0x0400
[2799] [M]: 0x0000000080002BA8 (0x04000F13) addi t5, zero, 64
x30 <- 0x0000000000000040
clint::tick mtime <- 0x000000000000001C
 clint timer pending at mtime 0x000000000000001C
htif::tick 0x0000000000000000
mem[X,0x0000000080002BAC] -> 0x0EB7
mem[X,0x0000000080002BAE] -> 0x0000
[2800] [M]: 0x0000000080002BAC (0x00000EB7) lui t4, 0
x29 <- 0x0000000000000000
mem[X,0x0000000080002BB0] -> 0x8E93
mem[X,0x0000000080002BB2] -> 0x000E
[2801] [M]: 0x0000000080002BB0 (0x000E8E93) addi t4, t4, 0
x29 <- 0x0000000000000000
mem[X,0x0000000080002BB4] -> 0x9E93
mem[X,0x0000000080002BB6] -> 0x00BE
[2802] [M]: 0x0000000080002BB4 (0x00BE9E93) slli t4, t4, 11
x29 <- 0x0000000000000000
mem[X,0x0000000080002BB8] -> 0x8E93
mem[X,0x0000000080002BBA] -> 0x5A8E
[2803] [M]: 0x0000000080002BB8 (0x5A8E8E93) addi t4, t4, 1448
x29 <- 0x00000000000005A8
mem[X,0x0000000080002BBC] -> 0x9E93
mem[X,0x0000000080002BBE] -> 0x00BE
[2804] [M]: 0x0000000080002BBC (0x00BE9E93) slli t4, t4, 11
x29 <- 0x00000000002D4000
mem[X,0x0000000080002BC0] -> 0x8E93
mem[X,0x0000000080002BC2] -> 0x13CE
[2805] [M]: 0x0000000080002BC0 (0x13CE8E93) addi t4, t4, 316
x29 <- 0x00000000002D413C
mem[X,0x0000000080002BC4] -> 0x9E93
mem[X,0x0000000080002BC6] -> 0x00AE
[2806] [M]: 0x0000000080002BC4 (0x00AE9E93) slli t4, t4, 10
x29 <- 0x00000000B504F000
mem[X,0x0000000080002BC8] -> 0x8E93
mem[X,0x0000000080002BCA] -> 0x334E
[2807] [M]: 0x0000000080002BC8 (0x334E8E93) addi t4, t4, 820
x29 <- 0x00000000B504F334
mem[X,0x0000000080002BCC] -> 0x4FB3
mem[X,0x0000000080002BCE] -> 0x03DF
[2808] [M]: 0x0000000080002BCC (0x03DF4FB3) div t6, t5, t4
x31 <- 0x0000000000000000
mem[X,0x0000000080002BD0] -> 0xBC23
mem[X,0x0000000080002BD2] -> 0x3FF6
[2809] [M]: 0x0000000080002BD0 (0x3FF6BC23) sd t6, 1016(a3)
mem[0x000000008000D778] <- 0x0000000000000000
mem[X,0x0000000080002BD4] -> 0x0F13
mem[X,0x0000000080002BD6] -> 0x0800
[2810] [M]: 0x0000000080002BD4 (0x08000F13) addi t5, zero, 128
x30 <- 0x0000000000000080
mem[X,0x0000000080002BD8] -> 0x0EB7
mem[X,0x0000000080002BDA] -> 0x0000
[2811] [M]: 0x0000000080002BD8 (0x00000EB7) lui t4, 0
x29 <- 0x0000000000000000
mem[X,0x0000000080002BDC] -> 0x8E93
mem[X,0x0000000080002BDE] -> 0x000E
[2812] [M]: 0x0000000080002BDC (0x000E8E93) addi t4, t4, 0
x29 <- 0x0000000000000000
mem[X,0x0000000080002BE0] -> 0x9E93
mem[X,0x0000000080002BE2] -> 0x00BE
[2813] [M]: 0x0000000080002BE0 (0x00BE9E93) slli t4, t4, 11
x29 <- 0x0000000000000000
mem[X,0x0000000080002BE4] -> 0x8E93
mem[X,0x0000000080002BE6] -> 0x5A8E
[2814] [M]: 0x0000000080002BE4 (0x5A8E8E93) addi t4, t4, 1448
x29 <- 0x00000000000005A8
mem[X,0x0000000080002BE8] -> 0x9E93
mem[X,0x0000000080002BEA] -> 0x00BE
[2815] [M]: 0x0000000080002BE8 (0x00BE9E93) slli t4, t4, 11
x29 <- 0x00000000002D4000
mem[X,0x0000000080002BEC] -> 0x8E93
mem[X,0x0000000080002BEE] -> 0x13CE
[2816] [M]: 0x0000000080002BEC (0x13CE8E93) addi t4, t4, 316
x29 <- 0x00000000002D413C
mem[X,0x0000000080002BF0] -> 0x9E93
mem[X,0x0000000080002BF2] -> 0x00AE
[2817] [M]: 0x0000000080002BF0 (0x00AE9E93) slli t4, t4, 10
x29 <- 0x00000000B504F000
mem[X,0x0000000080002BF4] -> 0x8E93
mem[X,0x0000000080002BF6] -> 0x334E
[2818] [M]: 0x0000000080002BF4 (0x334E8E93) addi t4, t4, 820
x29 <- 0x00000000B504F334
mem[X,0x0000000080002BF8] -> 0x4FB3
mem[X,0x0000000080002BFA] -> 0x03DF
[2819] [M]: 0x0000000080002BF8 (0x03DF4FB3) div t6, t5, t4
x31 <- 0x0000000000000000
mem[X,0x0000000080002BFC] -> 0xB023
mem[X,0x0000000080002BFE] -> 0x41F6
[2820] [M]: 0x0000000080002BFC (0x41F6B023) sd t6, 1024(a3)
mem[0x000000008000D780] <- 0x0000000000000000
mem[X,0x0000000080002C00] -> 0x0F13
mem[X,0x0000000080002C02] -> 0x1000
[2821] [M]: 0x0000000080002C00 (0x10000F13) addi t5, zero, 256
x30 <- 0x0000000000000100
mem[X,0x0000000080002C04] -> 0x0EB7
mem[X,0x0000000080002C06] -> 0x0000
[2822] [M]: 0x0000000080002C04 (0x00000EB7) lui t4, 0
x29 <- 0x0000000000000000
mem[X,0x0000000080002C08] -> 0x8E93
mem[X,0x0000000080002C0A] -> 0x000E
[2823] [M]: 0x0000000080002C08 (0x000E8E93) addi t4, t4, 0
x29 <- 0x0000000000000000
mem[X,0x0000000080002C0C] -> 0x9E93
mem[X,0x0000000080002C0E] -> 0x00BE
[2824] [M]: 0x0000000080002C0C (0x00BE9E93) slli t4, t4, 11
x29 <- 0x0000000000000000
mem[X,0x0000000080002C10] -> 0x8E93
mem[X,0x0000000080002C12] -> 0x5A8E
[2825] [M]: 0x0000000080002C10 (0x5A8E8E93) addi t4, t4, 1448
x29 <- 0x00000000000005A8
mem[X,0x0000000080002C14] -> 0x9E93
mem[X,0x0000000080002C16] -> 0x00BE
[2826] [M]: 0x0000000080002C14 (0x00BE9E93) slli t4, t4, 11
x29 <- 0x00000000002D4000
mem[X,0x0000000080002C18] -> 0x8E93
mem[X,0x0000000080002C1A] -> 0x13CE
[2827] [M]: 0x0000000080002C18 (0x13CE8E93) addi t4, t4, 316
x29 <- 0x00000000002D413C
mem[X,0x0000000080002C1C] -> 0x9E93
mem[X,0x0000000080002C1E] -> 0x00AE
[2828] [M]: 0x0000000080002C1C (0x00AE9E93) slli t4, t4, 10
x29 <- 0x00000000B504F000
mem[X,0x0000000080002C20] -> 0x8E93
mem[X,0x0000000080002C22] -> 0x334E
[2829] [M]: 0x0000000080002C20 (0x334E8E93) addi t4, t4, 820
x29 <- 0x00000000B504F334
mem[X,0x0000000080002C24] -> 0x4FB3
mem[X,0x0000000080002C26] -> 0x03DF
[2830] [M]: 0x0000000080002C24 (0x03DF4FB3) div t6, t5, t4
x31 <- 0x0000000000000000
mem[X,0x0000000080002C28] -> 0xB423
mem[X,0x0000000080002C2A] -> 0x41F6
[2831] [M]: 0x0000000080002C28 (0x41F6B423) sd t6, 1032(a3)
mem[0x000000008000D788] <- 0x0000000000000000
mem[X,0x0000000080002C2C] -> 0x0F13
mem[X,0x0000000080002C2E] -> 0x2000
[2832] [M]: 0x0000000080002C2C (0x20000F13) addi t5, zero, 512
x30 <- 0x0000000000000200
mem[X,0x0000000080002C30] -> 0x0EB7
mem[X,0x0000000080002C32] -> 0x0000
[2833] [M]: 0x0000000080002C30 (0x00000EB7) lui t4, 0
x29 <- 0x0000000000000000
mem[X,0x0000000080002C34] -> 0x8E93
mem[X,0x0000000080002C36] -> 0x000E
[2834] [M]: 0x0000000080002C34 (0x000E8E93) addi t4, t4, 0
x29 <- 0x0000000000000000
mem[X,0x0000000080002C38] -> 0x9E93
mem[X,0x0000000080002C3A] -> 0x00BE
[2835] [M]: 0x0000000080002C38 (0x00BE9E93) slli t4, t4, 11
x29 <- 0x0000000000000000
mem[X,0x0000000080002C3C] -> 0x8E93
mem[X,0x0000000080002C3E] -> 0x5A8E
[2836] [M]: 0x0000000080002C3C (0x5A8E8E93) addi t4, t4, 1448
x29 <- 0x00000000000005A8
mem[X,0x0000000080002C40] -> 0x9E93
mem[X,0x0000000080002C42] -> 0x00BE
[2837] [M]: 0x0000000080002C40 (0x00BE9E93) slli t4, t4, 11
x29 <- 0x00000000002D4000
mem[X,0x0000000080002C44] -> 0x8E93
mem[X,0x0000000080002C46] -> 0x13CE
[2838] [M]: 0x0000000080002C44 (0x13CE8E93) addi t4, t4, 316
x29 <- 0x00000000002D413C
mem[X,0x0000000080002C48] -> 0x9E93
mem[X,0x0000000080002C4A] -> 0x00AE
[2839] [M]: 0x0000000080002C48 (0x00AE9E93) slli t4, t4, 10
x29 <- 0x00000000B504F000
mem[X,0x0000000080002C4C] -> 0x8E93
mem[X,0x0000000080002C4E] -> 0x334E
[2840] [M]: 0x0000000080002C4C (0x334E8E93) addi t4, t4, 820
x29 <- 0x00000000B504F334
mem[X,0x0000000080002C50] -> 0x4FB3
mem[X,0x0000000080002C52] -> 0x03DF
[2841] [M]: 0x0000000080002C50 (0x03DF4FB3) div t6, t5, t4
x31 <- 0x0000000000000000
mem[X,0x0000000080002C54] -> 0xB823
mem[X,0x0000000080002C56] -> 0x41F6
[2842] [M]: 0x0000000080002C54 (0x41F6B823) sd t6, 1040(a3)
mem[0x000000008000D790] <- 0x0000000000000000
mem[X,0x0000000080002C58] -> 0x0F13
mem[X,0x0000000080002C5A] -> 0x4000
[2843] [M]: 0x0000000080002C58 (0x40000F13) addi t5, zero, 1024
x30 <- 0x0000000000000400
mem[X,0x0000000080002C5C] -> 0x0EB7
mem[X,0x0000000080002C5E] -> 0x0000
[2844] [M]: 0x0000000080002C5C (0x00000EB7) lui t4, 0
x29 <- 0x0000000000000000
mem[X,0x0000000080002C60] -> 0x8E93
mem[X,0x0000000080002C62] -> 0x000E
[2845] [M]: 0x0000000080002C60 (0x000E8E93) addi t4, t4, 0
x29 <- 0x0000000000000000
mem[X,0x0000000080002C64] -> 0x9E93
mem[X,0x0000000080002C66] -> 0x00BE
[2846] [M]: 0x0000000080002C64 (0x00BE9E93) slli t4, t4, 11
x29 <- 0x0000000000000000
mem[X,0x0000000080002C68] -> 0x8E93
mem[X,0x0000000080002C6A] -> 0x5A8E
[2847] [M]: 0x0000000080002C68 (0x5A8E8E93) addi t4, t4, 1448
x29 <- 0x00000000000005A8
mem[X,0x0000000080002C6C] -> 0x9E93
mem[X,0x0000000080002C6E] -> 0x00BE
[2848] [M]: 0x0000000080002C6C (0x00BE9E93) slli t4, t4, 11
x29 <- 0x00000000002D4000
mem[X,0x0000000080002C70] -> 0x8E93
mem[X,0x0000000080002C72] -> 0x13CE
[2849] [M]: 0x0000000080002C70 (0x13CE8E93) addi t4, t4, 316
x29 <- 0x00000000002D413C
mem[X,0x0000000080002C74] -> 0x9E93
mem[X,0x0000000080002C76] -> 0x00AE
[2850] [M]: 0x0000000080002C74 (0x00AE9E93) slli t4, t4, 10
x29 <- 0x00000000B504F000
mem[X,0x0000000080002C78] -> 0x8E93
mem[X,0x0000000080002C7A] -> 0x334E
[2851] [M]: 0x0000000080002C78 (0x334E8E93) addi t4, t4, 820
x29 <- 0x00000000B504F334
mem[X,0x0000000080002C7C] -> 0x4FB3
mem[X,0x0000000080002C7E] -> 0x03DF
[2852] [M]: 0x0000000080002C7C (0x03DF4FB3) div t6, t5, t4
x31 <- 0x0000000000000000
mem[X,0x0000000080002C80] -> 0xBC23
mem[X,0x0000000080002C82] -> 0x41F6
[2853] [M]: 0x0000000080002C80 (0x41F6BC23) sd t6, 1048(a3)
mem[0x000000008000D798] <- 0x0000000000000000
mem[X,0x0000000080002C84] -> 0x0F13
mem[X,0x0000000080002C86] -> 0x0010
[2854] [M]: 0x0000000080002C84 (0x00100F13) addi t5, zero, 1
x30 <- 0x0000000000000001
mem[X,0x0000000080002C88] -> 0x1F13
mem[X,0x0000000080002C8A] -> 0x00BF
[2855] [M]: 0x0000000080002C88 (0x00BF1F13) slli t5, t5, 11
x30 <- 0x0000000000000800
mem[X,0x0000000080002C8C] -> 0x0EB7
mem[X,0x0000000080002C8E] -> 0x0000
[2856] [M]: 0x0000000080002C8C (0x00000EB7) lui t4, 0
x29 <- 0x0000000000000000
mem[X,0x0000000080002C90] -> 0x8E93
mem[X,0x0000000080002C92] -> 0x000E
[2857] [M]: 0x0000000080002C90 (0x000E8E93) addi t4, t4, 0
x29 <- 0x0000000000000000
mem[X,0x0000000080002C94] -> 0x9E93
mem[X,0x0000000080002C96] -> 0x00BE
[2858] [M]: 0x0000000080002C94 (0x00BE9E93) slli t4, t4, 11
x29 <- 0x0000000000000000
mem[X,0x0000000080002C98] -> 0x8E93
mem[X,0x0000000080002C9A] -> 0x5A8E
[2859] [M]: 0x0000000080002C98 (0x5A8E8E93) addi t4, t4, 1448
x29 <- 0x00000000000005A8
mem[X,0x0000000080002C9C] -> 0x9E93
mem[X,0x0000000080002C9E] -> 0x00BE
[2860] [M]: 0x0000000080002C9C (0x00BE9E93) slli t4, t4, 11
x29 <- 0x00000000002D4000
mem[X,0x0000000080002CA0] -> 0x8E93
mem[X,0x0000000080002CA2] -> 0x13CE
[2861] [M]: 0x0000000080002CA0 (0x13CE8E93) addi t4, t4, 316
x29 <- 0x00000000002D413C
mem[X,0x0000000080002CA4] -> 0x9E93
mem[X,0x0000000080002CA6] -> 0x00AE
[2862] [M]: 0x0000000080002CA4 (0x00AE9E93) slli t4, t4, 10
x29 <- 0x00000000B504F000
mem[X,0x0000000080002CA8] -> 0x8E93
mem[X,0x0000000080002CAA] -> 0x334E
[2863] [M]: 0x0000000080002CA8 (0x334E8E93) addi t4, t4, 820
x29 <- 0x00000000B504F334
mem[X,0x0000000080002CAC] -> 0x4FB3
mem[X,0x0000000080002CAE] -> 0x03DF
[2864] [M]: 0x0000000080002CAC (0x03DF4FB3) div t6, t5, t4
x31 <- 0x0000000000000000
mem[X,0x0000000080002CB0] -> 0xB023
mem[X,0x0000000080002CB2] -> 0x43F6
[2865] [M]: 0x0000000080002CB0 (0x43F6B023) sd t6, 1056(a3)
mem[0x000000008000D7A0] <- 0x0000000000000000
mem[X,0x0000000080002CB4] -> 0x0F13
mem[X,0x0000000080002CB6] -> 0x0010
[2866] [M]: 0x0000000080002CB4 (0x00100F13) addi t5, zero, 1
x30 <- 0x0000000000000001
mem[X,0x0000000080002CB8] -> 0x1F13
mem[X,0x0000000080002CBA] -> 0x00CF
[2867] [M]: 0x0000000080002CB8 (0x00CF1F13) slli t5, t5, 12
x30 <- 0x0000000000001000
mem[X,0x0000000080002CBC] -> 0x0EB7
mem[X,0x0000000080002CBE] -> 0x0000
[2868] [M]: 0x0000000080002CBC (0x00000EB7) lui t4, 0
x29 <- 0x0000000000000000
mem[X,0x0000000080002CC0] -> 0x8E93
mem[X,0x0000000080002CC2] -> 0x000E
[2869] [M]: 0x0000000080002CC0 (0x000E8E93) addi t4, t4, 0
x29 <- 0x0000000000000000
mem[X,0x0000000080002CC4] -> 0x9E93
mem[X,0x0000000080002CC6] -> 0x00BE
[2870] [M]: 0x0000000080002CC4 (0x00BE9E93) slli t4, t4, 11
x29 <- 0x0000000000000000
mem[X,0x0000000080002CC8] -> 0x8E93
mem[X,0x0000000080002CCA] -> 0x5A8E
[2871] [M]: 0x0000000080002CC8 (0x5A8E8E93) addi t4, t4, 1448
x29 <- 0x00000000000005A8
mem[X,0x0000000080002CCC] -> 0x9E93
mem[X,0x0000000080002CCE] -> 0x00BE
[2872] [M]: 0x0000000080002CCC (0x00BE9E93) slli t4, t4, 11
x29 <- 0x00000000002D4000
mem[X,0x0000000080002CD0] -> 0x8E93
mem[X,0x0000000080002CD2] -> 0x13CE
[2873] [M]: 0x0000000080002CD0 (0x13CE8E93) addi t4, t4, 316
x29 <- 0x00000000002D413C
mem[X,0x0000000080002CD4] -> 0x9E93
mem[X,0x0000000080002CD6] -> 0x00AE
[2874] [M]: 0x0000000080002CD4 (0x00AE9E93) slli t4, t4, 10
x29 <- 0x00000000B504F000
mem[X,0x0000000080002CD8] -> 0x8E93
mem[X,0x0000000080002CDA] -> 0x334E
[2875] [M]: 0x0000000080002CD8 (0x334E8E93) addi t4, t4, 820
x29 <- 0x00000000B504F334
mem[X,0x0000000080002CDC] -> 0x4FB3
mem[X,0x0000000080002CDE] -> 0x03DF
[2876] [M]: 0x0000000080002CDC (0x03DF4FB3) div t6, t5, t4
x31 <- 0x0000000000000000
mem[X,0x0000000080002CE0] -> 0xB423
mem[X,0x0000000080002CE2] -> 0x43F6
[2877] [M]: 0x0000000080002CE0 (0x43F6B423) sd t6, 1064(a3)
mem[0x000000008000D7A8] <- 0x0000000000000000
mem[X,0x0000000080002CE4] -> 0x0F13
mem[X,0x0000000080002CE6] -> 0x0010
[2878] [M]: 0x0000000080002CE4 (0x00100F13) addi t5, zero, 1
x30 <- 0x0000000000000001
mem[X,0x0000000080002CE8] -> 0x1F13
mem[X,0x0000000080002CEA] -> 0x00DF
[2879] [M]: 0x0000000080002CE8 (0x00DF1F13) slli t5, t5, 13
x30 <- 0x0000000000002000
mem[X,0x0000000080002CEC] -> 0x0EB7
mem[X,0x0000000080002CEE] -> 0x0000
[2880] [M]: 0x0000000080002CEC (0x00000EB7) lui t4, 0
x29 <- 0x0000000000000000
mem[X,0x0000000080002CF0] -> 0x8E93
mem[X,0x0000000080002CF2] -> 0x000E
[2881] [M]: 0x0000000080002CF0 (0x000E8E93) addi t4, t4, 0
x29 <- 0x0000000000000000
mem[X,0x0000000080002CF4] -> 0x9E93
mem[X,0x0000000080002CF6] -> 0x00BE
[2882] [M]: 0x0000000080002CF4 (0x00BE9E93) slli t4, t4, 11
x29 <- 0x0000000000000000
mem[X,0x0000000080002CF8] -> 0x8E93
mem[X,0x0000000080002CFA] -> 0x5A8E
[2883] [M]: 0x0000000080002CF8 (0x5A8E8E93) addi t4, t4, 1448
x29 <- 0x00000000000005A8
mem[X,0x0000000080002CFC] -> 0x9E93
mem[X,0x0000000080002CFE] -> 0x00BE
[2884] [M]: 0x0000000080002CFC (0x00BE9E93) slli t4, t4, 11
x29 <- 0x00000000002D4000
mem[X,0x0000000080002D00] -> 0x8E93
mem[X,0x0000000080002D02] -> 0x13CE
[2885] [M]: 0x0000000080002D00 (0x13CE8E93) addi t4, t4, 316
x29 <- 0x00000000002D413C
mem[X,0x0000000080002D04] -> 0x9E93
mem[X,0x0000000080002D06] -> 0x00AE
[2886] [M]: 0x0000000080002D04 (0x00AE9E93) slli t4, t4, 10
x29 <- 0x00000000B504F000
mem[X,0x0000000080002D08] -> 0x8E93
mem[X,0x0000000080002D0A] -> 0x334E
[2887] [M]: 0x0000000080002D08 (0x334E8E93) addi t4, t4, 820
x29 <- 0x00000000B504F334
mem[X,0x0000000080002D0C] -> 0x4FB3
mem[X,0x0000000080002D0E] -> 0x03DF
[2888] [M]: 0x0000000080002D0C (0x03DF4FB3) div t6, t5, t4
x31 <- 0x0000000000000000
mem[X,0x0000000080002D10] -> 0xB823
mem[X,0x0000000080002D12] -> 0x43F6
[2889] [M]: 0x0000000080002D10 (0x43F6B823) sd t6, 1072(a3)
mem[0x000000008000D7B0] <- 0x0000000000000000
mem[X,0x0000000080002D14] -> 0x0F13
mem[X,0x0000000080002D16] -> 0x0010
[2890] [M]: 0x0000000080002D14 (0x00100F13) addi t5, zero, 1
x30 <- 0x0000000000000001
mem[X,0x0000000080002D18] -> 0x1F13
mem[X,0x0000000080002D1A] -> 0x00EF
[2891] [M]: 0x0000000080002D18 (0x00EF1F13) slli t5, t5, 14
x30 <- 0x0000000000004000
mem[X,0x0000000080002D1C] -> 0x0EB7
mem[X,0x0000000080002D1E] -> 0x0000
[2892] [M]: 0x0000000080002D1C (0x00000EB7) lui t4, 0
x29 <- 0x0000000000000000
mem[X,0x0000000080002D20] -> 0x8E93
mem[X,0x0000000080002D22] -> 0x000E
[2893] [M]: 0x0000000080002D20 (0x000E8E93) addi t4, t4, 0
x29 <- 0x0000000000000000
mem[X,0x0000000080002D24] -> 0x9E93
mem[X,0x0000000080002D26] -> 0x00BE
[2894] [M]: 0x0000000080002D24 (0x00BE9E93) slli t4, t4, 11
x29 <- 0x0000000000000000
mem[X,0x0000000080002D28] -> 0x8E93
mem[X,0x0000000080002D2A] -> 0x5A8E
[2895] [M]: 0x0000000080002D28 (0x5A8E8E93) addi t4, t4, 1448
x29 <- 0x00000000000005A8
mem[X,0x0000000080002D2C] -> 0x9E93
mem[X,0x0000000080002D2E] -> 0x00BE
[2896] [M]: 0x0000000080002D2C (0x00BE9E93) slli t4, t4, 11
x29 <- 0x00000000002D4000
mem[X,0x0000000080002D30] -> 0x8E93
mem[X,0x0000000080002D32] -> 0x13CE
[2897] [M]: 0x0000000080002D30 (0x13CE8E93) addi t4, t4, 316
x29 <- 0x00000000002D413C
mem[X,0x0000000080002D34] -> 0x9E93
mem[X,0x0000000080002D36] -> 0x00AE
[2898] [M]: 0x0000000080002D34 (0x00AE9E93) slli t4, t4, 10
x29 <- 0x00000000B504F000
mem[X,0x0000000080002D38] -> 0x8E93
mem[X,0x0000000080002D3A] -> 0x334E
[2899] [M]: 0x0000000080002D38 (0x334E8E93) addi t4, t4, 820
x29 <- 0x00000000B504F334
clint::tick mtime <- 0x000000000000001D
 clint timer pending at mtime 0x000000000000001D
htif::tick 0x0000000000000000
mem[X,0x0000000080002D3C] -> 0x4FB3
mem[X,0x0000000080002D3E] -> 0x03DF
[2900] [M]: 0x0000000080002D3C (0x03DF4FB3) div t6, t5, t4
x31 <- 0x0000000000000000
mem[X,0x0000000080002D40] -> 0xBC23
mem[X,0x0000000080002D42] -> 0x43F6
[2901] [M]: 0x0000000080002D40 (0x43F6BC23) sd t6, 1080(a3)
mem[0x000000008000D7B8] <- 0x0000000000000000
mem[X,0x0000000080002D44] -> 0x0F13
mem[X,0x0000000080002D46] -> 0x0010
[2902] [M]: 0x0000000080002D44 (0x00100F13) addi t5, zero, 1
x30 <- 0x0000000000000001
mem[X,0x0000000080002D48] -> 0x1F13
mem[X,0x0000000080002D4A] -> 0x00FF
[2903] [M]: 0x0000000080002D48 (0x00FF1F13) slli t5, t5, 15
x30 <- 0x0000000000008000
mem[X,0x0000000080002D4C] -> 0x0EB7
mem[X,0x0000000080002D4E] -> 0x0000
[2904] [M]: 0x0000000080002D4C (0x00000EB7) lui t4, 0
x29 <- 0x0000000000000000
mem[X,0x0000000080002D50] -> 0x8E93
mem[X,0x0000000080002D52] -> 0x000E
[2905] [M]: 0x0000000080002D50 (0x000E8E93) addi t4, t4, 0
x29 <- 0x0000000000000000
mem[X,0x0000000080002D54] -> 0x9E93
mem[X,0x0000000080002D56] -> 0x00BE
[2906] [M]: 0x0000000080002D54 (0x00BE9E93) slli t4, t4, 11
x29 <- 0x0000000000000000
mem[X,0x0000000080002D58] -> 0x8E93
mem[X,0x0000000080002D5A] -> 0x5A8E
[2907] [M]: 0x0000000080002D58 (0x5A8E8E93) addi t4, t4, 1448
x29 <- 0x00000000000005A8
mem[X,0x0000000080002D5C] -> 0x9E93
mem[X,0x0000000080002D5E] -> 0x00BE
[2908] [M]: 0x0000000080002D5C (0x00BE9E93) slli t4, t4, 11
x29 <- 0x00000000002D4000
mem[X,0x0000000080002D60] -> 0x8E93
mem[X,0x0000000080002D62] -> 0x13CE
[2909] [M]: 0x0000000080002D60 (0x13CE8E93) addi t4, t4, 316
x29 <- 0x00000000002D413C
mem[X,0x0000000080002D64] -> 0x9E93
mem[X,0x0000000080002D66] -> 0x00AE
[2910] [M]: 0x0000000080002D64 (0x00AE9E93) slli t4, t4, 10
x29 <- 0x00000000B504F000
mem[X,0x0000000080002D68] -> 0x8E93
mem[X,0x0000000080002D6A] -> 0x334E
[2911] [M]: 0x0000000080002D68 (0x334E8E93) addi t4, t4, 820
x29 <- 0x00000000B504F334
mem[X,0x0000000080002D6C] -> 0x4FB3
mem[X,0x0000000080002D6E] -> 0x03DF
[2912] [M]: 0x0000000080002D6C (0x03DF4FB3) div t6, t5, t4
x31 <- 0x0000000000000000
mem[X,0x0000000080002D70] -> 0xB023
mem[X,0x0000000080002D72] -> 0x45F6
[2913] [M]: 0x0000000080002D70 (0x45F6B023) sd t6, 1088(a3)
mem[0x000000008000D7C0] <- 0x0000000000000000
mem[X,0x0000000080002D74] -> 0x0F13
mem[X,0x0000000080002D76] -> 0x0010
[2914] [M]: 0x0000000080002D74 (0x00100F13) addi t5, zero, 1
x30 <- 0x0000000000000001
mem[X,0x0000000080002D78] -> 0x1F13
mem[X,0x0000000080002D7A] -> 0x010F
[2915] [M]: 0x0000000080002D78 (0x010F1F13) slli t5, t5, 16
x30 <- 0x0000000000010000
mem[X,0x0000000080002D7C] -> 0x0EB7
mem[X,0x0000000080002D7E] -> 0x0000
[2916] [M]: 0x0000000080002D7C (0x00000EB7) lui t4, 0
x29 <- 0x0000000000000000
mem[X,0x0000000080002D80] -> 0x8E93
mem[X,0x0000000080002D82] -> 0x000E
[2917] [M]: 0x0000000080002D80 (0x000E8E93) addi t4, t4, 0
x29 <- 0x0000000000000000
mem[X,0x0000000080002D84] -> 0x9E93
mem[X,0x0000000080002D86] -> 0x00BE
[2918] [M]: 0x0000000080002D84 (0x00BE9E93) slli t4, t4, 11
x29 <- 0x0000000000000000
mem[X,0x0000000080002D88] -> 0x8E93
mem[X,0x0000000080002D8A] -> 0x5A8E
[2919] [M]: 0x0000000080002D88 (0x5A8E8E93) addi t4, t4, 1448
x29 <- 0x00000000000005A8
mem[X,0x0000000080002D8C] -> 0x9E93
mem[X,0x0000000080002D8E] -> 0x00BE
[2920] [M]: 0x0000000080002D8C (0x00BE9E93) slli t4, t4, 11
x29 <- 0x00000000002D4000
mem[X,0x0000000080002D90] -> 0x8E93
mem[X,0x0000000080002D92] -> 0x13CE
[2921] [M]: 0x0000000080002D90 (0x13CE8E93) addi t4, t4, 316
x29 <- 0x00000000002D413C
mem[X,0x0000000080002D94] -> 0x9E93
mem[X,0x0000000080002D96] -> 0x00AE
[2922] [M]: 0x0000000080002D94 (0x00AE9E93) slli t4, t4, 10
x29 <- 0x00000000B504F000
mem[X,0x0000000080002D98] -> 0x8E93
mem[X,0x0000000080002D9A] -> 0x334E
[2923] [M]: 0x0000000080002D98 (0x334E8E93) addi t4, t4, 820
x29 <- 0x00000000B504F334
mem[X,0x0000000080002D9C] -> 0x4FB3
mem[X,0x0000000080002D9E] -> 0x03DF
[2924] [M]: 0x0000000080002D9C (0x03DF4FB3) div t6, t5, t4
x31 <- 0x0000000000000000
mem[X,0x0000000080002DA0] -> 0xB423
mem[X,0x0000000080002DA2] -> 0x45F6
[2925] [M]: 0x0000000080002DA0 (0x45F6B423) sd t6, 1096(a3)
mem[0x000000008000D7C8] <- 0x0000000000000000
mem[X,0x0000000080002DA4] -> 0x0F13
mem[X,0x0000000080002DA6] -> 0x0010
[2926] [M]: 0x0000000080002DA4 (0x00100F13) addi t5, zero, 1
x30 <- 0x0000000000000001
mem[X,0x0000000080002DA8] -> 0x1F13
mem[X,0x0000000080002DAA] -> 0x011F
[2927] [M]: 0x0000000080002DA8 (0x011F1F13) slli t5, t5, 17
x30 <- 0x0000000000020000
mem[X,0x0000000080002DAC] -> 0x0EB7
mem[X,0x0000000080002DAE] -> 0x0000
[2928] [M]: 0x0000000080002DAC (0x00000EB7) lui t4, 0
x29 <- 0x0000000000000000
mem[X,0x0000000080002DB0] -> 0x8E93
mem[X,0x0000000080002DB2] -> 0x000E
[2929] [M]: 0x0000000080002DB0 (0x000E8E93) addi t4, t4, 0
x29 <- 0x0000000000000000
mem[X,0x0000000080002DB4] -> 0x9E93
mem[X,0x0000000080002DB6] -> 0x00BE
[2930] [M]: 0x0000000080002DB4 (0x00BE9E93) slli t4, t4, 11
x29 <- 0x0000000000000000
mem[X,0x0000000080002DB8] -> 0x8E93
mem[X,0x0000000080002DBA] -> 0x5A8E
[2931] [M]: 0x0000000080002DB8 (0x5A8E8E93) addi t4, t4, 1448
x29 <- 0x00000000000005A8
mem[X,0x0000000080002DBC] -> 0x9E93
mem[X,0x0000000080002DBE] -> 0x00BE
[2932] [M]: 0x0000000080002DBC (0x00BE9E93) slli t4, t4, 11
x29 <- 0x00000000002D4000
mem[X,0x0000000080002DC0] -> 0x8E93
mem[X,0x0000000080002DC2] -> 0x13CE
[2933] [M]: 0x0000000080002DC0 (0x13CE8E93) addi t4, t4, 316
x29 <- 0x00000000002D413C
mem[X,0x0000000080002DC4] -> 0x9E93
mem[X,0x0000000080002DC6] -> 0x00AE
[2934] [M]: 0x0000000080002DC4 (0x00AE9E93) slli t4, t4, 10
x29 <- 0x00000000B504F000
mem[X,0x0000000080002DC8] -> 0x8E93
mem[X,0x0000000080002DCA] -> 0x334E
[2935] [M]: 0x0000000080002DC8 (0x334E8E93) addi t4, t4, 820
x29 <- 0x00000000B504F334
mem[X,0x0000000080002DCC] -> 0x4FB3
mem[X,0x0000000080002DCE] -> 0x03DF
[2936] [M]: 0x0000000080002DCC (0x03DF4FB3) div t6, t5, t4
x31 <- 0x0000000000000000
mem[X,0x0000000080002DD0] -> 0xB823
mem[X,0x0000000080002DD2] -> 0x45F6
[2937] [M]: 0x0000000080002DD0 (0x45F6B823) sd t6, 1104(a3)
mem[0x000000008000D7D0] <- 0x0000000000000000
mem[X,0x0000000080002DD4] -> 0x0F13
mem[X,0x0000000080002DD6] -> 0x0010
[2938] [M]: 0x0000000080002DD4 (0x00100F13) addi t5, zero, 1
x30 <- 0x0000000000000001
mem[X,0x0000000080002DD8] -> 0x1F13
mem[X,0x0000000080002DDA] -> 0x012F
[2939] [M]: 0x0000000080002DD8 (0x012F1F13) slli t5, t5, 18
x30 <- 0x0000000000040000
mem[X,0x0000000080002DDC] -> 0x0EB7
mem[X,0x0000000080002DDE] -> 0x0000
[2940] [M]: 0x0000000080002DDC (0x00000EB7) lui t4, 0
x29 <- 0x0000000000000000
mem[X,0x0000000080002DE0] -> 0x8E93
mem[X,0x0000000080002DE2] -> 0x000E
[2941] [M]: 0x0000000080002DE0 (0x000E8E93) addi t4, t4, 0
x29 <- 0x0000000000000000
mem[X,0x0000000080002DE4] -> 0x9E93
mem[X,0x0000000080002DE6] -> 0x00BE
[2942] [M]: 0x0000000080002DE4 (0x00BE9E93) slli t4, t4, 11
x29 <- 0x0000000000000000
mem[X,0x0000000080002DE8] -> 0x8E93
mem[X,0x0000000080002DEA] -> 0x5A8E
[2943] [M]: 0x0000000080002DE8 (0x5A8E8E93) addi t4, t4, 1448
x29 <- 0x00000000000005A8
mem[X,0x0000000080002DEC] -> 0x9E93
mem[X,0x0000000080002DEE] -> 0x00BE
[2944] [M]: 0x0000000080002DEC (0x00BE9E93) slli t4, t4, 11
x29 <- 0x00000000002D4000
mem[X,0x0000000080002DF0] -> 0x8E93
mem[X,0x0000000080002DF2] -> 0x13CE
[2945] [M]: 0x0000000080002DF0 (0x13CE8E93) addi t4, t4, 316
x29 <- 0x00000000002D413C
mem[X,0x0000000080002DF4] -> 0x9E93
mem[X,0x0000000080002DF6] -> 0x00AE
[2946] [M]: 0x0000000080002DF4 (0x00AE9E93) slli t4, t4, 10
x29 <- 0x00000000B504F000
mem[X,0x0000000080002DF8] -> 0x8E93
mem[X,0x0000000080002DFA] -> 0x334E
[2947] [M]: 0x0000000080002DF8 (0x334E8E93) addi t4, t4, 820
x29 <- 0x00000000B504F334
mem[X,0x0000000080002DFC] -> 0x4FB3
mem[X,0x0000000080002DFE] -> 0x03DF
[2948] [M]: 0x0000000080002DFC (0x03DF4FB3) div t6, t5, t4
x31 <- 0x0000000000000000
mem[X,0x0000000080002E00] -> 0xBC23
mem[X,0x0000000080002E02] -> 0x45F6
[2949] [M]: 0x0000000080002E00 (0x45F6BC23) sd t6, 1112(a3)
mem[0x000000008000D7D8] <- 0x0000000000000000
mem[X,0x0000000080002E04] -> 0x0F13
mem[X,0x0000000080002E06] -> 0x0010
[2950] [M]: 0x0000000080002E04 (0x00100F13) addi t5, zero, 1
x30 <- 0x0000000000000001
mem[X,0x0000000080002E08] -> 0x1F13
mem[X,0x0000000080002E0A] -> 0x013F
[2951] [M]: 0x0000000080002E08 (0x013F1F13) slli t5, t5, 19
x30 <- 0x0000000000080000
mem[X,0x0000000080002E0C] -> 0x0EB7
mem[X,0x0000000080002E0E] -> 0x0000
[2952] [M]: 0x0000000080002E0C (0x00000EB7) lui t4, 0
x29 <- 0x0000000000000000
mem[X,0x0000000080002E10] -> 0x8E93
mem[X,0x0000000080002E12] -> 0x000E
[2953] [M]: 0x0000000080002E10 (0x000E8E93) addi t4, t4, 0
x29 <- 0x0000000000000000
mem[X,0x0000000080002E14] -> 0x9E93
mem[X,0x0000000080002E16] -> 0x00BE
[2954] [M]: 0x0000000080002E14 (0x00BE9E93) slli t4, t4, 11
x29 <- 0x0000000000000000
mem[X,0x0000000080002E18] -> 0x8E93
mem[X,0x0000000080002E1A] -> 0x5A8E
[2955] [M]: 0x0000000080002E18 (0x5A8E8E93) addi t4, t4, 1448
x29 <- 0x00000000000005A8
mem[X,0x0000000080002E1C] -> 0x9E93
mem[X,0x0000000080002E1E] -> 0x00BE
[2956] [M]: 0x0000000080002E1C (0x00BE9E93) slli t4, t4, 11
x29 <- 0x00000000002D4000
mem[X,0x0000000080002E20] -> 0x8E93
mem[X,0x0000000080002E22] -> 0x13CE
[2957] [M]: 0x0000000080002E20 (0x13CE8E93) addi t4, t4, 316
x29 <- 0x00000000002D413C
mem[X,0x0000000080002E24] -> 0x9E93
mem[X,0x0000000080002E26] -> 0x00AE
[2958] [M]: 0x0000000080002E24 (0x00AE9E93) slli t4, t4, 10
x29 <- 0x00000000B504F000
mem[X,0x0000000080002E28] -> 0x8E93
mem[X,0x0000000080002E2A] -> 0x334E
[2959] [M]: 0x0000000080002E28 (0x334E8E93) addi t4, t4, 820
x29 <- 0x00000000B504F334
mem[X,0x0000000080002E2C] -> 0x4FB3
mem[X,0x0000000080002E2E] -> 0x03DF
[2960] [M]: 0x0000000080002E2C (0x03DF4FB3) div t6, t5, t4
x31 <- 0x0000000000000000
mem[X,0x0000000080002E30] -> 0xB023
mem[X,0x0000000080002E32] -> 0x47F6
[2961] [M]: 0x0000000080002E30 (0x47F6B023) sd t6, 1120(a3)
mem[0x000000008000D7E0] <- 0x0000000000000000
mem[X,0x0000000080002E34] -> 0x0F13
mem[X,0x0000000080002E36] -> 0x0010
[2962] [M]: 0x0000000080002E34 (0x00100F13) addi t5, zero, 1
x30 <- 0x0000000000000001
mem[X,0x0000000080002E38] -> 0x1F13
mem[X,0x0000000080002E3A] -> 0x014F
[2963] [M]: 0x0000000080002E38 (0x014F1F13) slli t5, t5, 20
x30 <- 0x0000000000100000
mem[X,0x0000000080002E3C] -> 0x0EB7
mem[X,0x0000000080002E3E] -> 0x0000
[2964] [M]: 0x0000000080002E3C (0x00000EB7) lui t4, 0
x29 <- 0x0000000000000000
mem[X,0x0000000080002E40] -> 0x8E93
mem[X,0x0000000080002E42] -> 0x000E
[2965] [M]: 0x0000000080002E40 (0x000E8E93) addi t4, t4, 0
x29 <- 0x0000000000000000
mem[X,0x0000000080002E44] -> 0x9E93
mem[X,0x0000000080002E46] -> 0x00BE
[2966] [M]: 0x0000000080002E44 (0x00BE9E93) slli t4, t4, 11
x29 <- 0x0000000000000000
mem[X,0x0000000080002E48] -> 0x8E93
mem[X,0x0000000080002E4A] -> 0x5A8E
[2967] [M]: 0x0000000080002E48 (0x5A8E8E93) addi t4, t4, 1448
x29 <- 0x00000000000005A8
mem[X,0x0000000080002E4C] -> 0x9E93
mem[X,0x0000000080002E4E] -> 0x00BE
[2968] [M]: 0x0000000080002E4C (0x00BE9E93) slli t4, t4, 11
x29 <- 0x00000000002D4000
mem[X,0x0000000080002E50] -> 0x8E93
mem[X,0x0000000080002E52] -> 0x13CE
[2969] [M]: 0x0000000080002E50 (0x13CE8E93) addi t4, t4, 316
x29 <- 0x00000000002D413C
mem[X,0x0000000080002E54] -> 0x9E93
mem[X,0x0000000080002E56] -> 0x00AE
[2970] [M]: 0x0000000080002E54 (0x00AE9E93) slli t4, t4, 10
x29 <- 0x00000000B504F000
mem[X,0x0000000080002E58] -> 0x8E93
mem[X,0x0000000080002E5A] -> 0x334E
[2971] [M]: 0x0000000080002E58 (0x334E8E93) addi t4, t4, 820
x29 <- 0x00000000B504F334
mem[X,0x0000000080002E5C] -> 0x4FB3
mem[X,0x0000000080002E5E] -> 0x03DF
[2972] [M]: 0x0000000080002E5C (0x03DF4FB3) div t6, t5, t4
x31 <- 0x0000000000000000
mem[X,0x0000000080002E60] -> 0xB423
mem[X,0x0000000080002E62] -> 0x47F6
[2973] [M]: 0x0000000080002E60 (0x47F6B423) sd t6, 1128(a3)
mem[0x000000008000D7E8] <- 0x0000000000000000
mem[X,0x0000000080002E64] -> 0x0F13
mem[X,0x0000000080002E66] -> 0x0010
[2974] [M]: 0x0000000080002E64 (0x00100F13) addi t5, zero, 1
x30 <- 0x0000000000000001
mem[X,0x0000000080002E68] -> 0x1F13
mem[X,0x0000000080002E6A] -> 0x015F
[2975] [M]: 0x0000000080002E68 (0x015F1F13) slli t5, t5, 21
x30 <- 0x0000000000200000
mem[X,0x0000000080002E6C] -> 0x0EB7
mem[X,0x0000000080002E6E] -> 0x0000
[2976] [M]: 0x0000000080002E6C (0x00000EB7) lui t4, 0
x29 <- 0x0000000000000000
mem[X,0x0000000080002E70] -> 0x8E93
mem[X,0x0000000080002E72] -> 0x000E
[2977] [M]: 0x0000000080002E70 (0x000E8E93) addi t4, t4, 0
x29 <- 0x0000000000000000
mem[X,0x0000000080002E74] -> 0x9E93
mem[X,0x0000000080002E76] -> 0x00BE
[2978] [M]: 0x0000000080002E74 (0x00BE9E93) slli t4, t4, 11
x29 <- 0x0000000000000000
mem[X,0x0000000080002E78] -> 0x8E93
mem[X,0x0000000080002E7A] -> 0x5A8E
[2979] [M]: 0x0000000080002E78 (0x5A8E8E93) addi t4, t4, 1448
x29 <- 0x00000000000005A8
mem[X,0x0000000080002E7C] -> 0x9E93
mem[X,0x0000000080002E7E] -> 0x00BE
[2980] [M]: 0x0000000080002E7C (0x00BE9E93) slli t4, t4, 11
x29 <- 0x00000000002D4000
mem[X,0x0000000080002E80] -> 0x8E93
mem[X,0x0000000080002E82] -> 0x13CE
[2981] [M]: 0x0000000080002E80 (0x13CE8E93) addi t4, t4, 316
x29 <- 0x00000000002D413C
mem[X,0x0000000080002E84] -> 0x9E93
mem[X,0x0000000080002E86] -> 0x00AE
[2982] [M]: 0x0000000080002E84 (0x00AE9E93) slli t4, t4, 10
x29 <- 0x00000000B504F000
mem[X,0x0000000080002E88] -> 0x8E93
mem[X,0x0000000080002E8A] -> 0x334E
[2983] [M]: 0x0000000080002E88 (0x334E8E93) addi t4, t4, 820
x29 <- 0x00000000B504F334
mem[X,0x0000000080002E8C] -> 0x4FB3
mem[X,0x0000000080002E8E] -> 0x03DF
[2984] [M]: 0x0000000080002E8C (0x03DF4FB3) div t6, t5, t4
x31 <- 0x0000000000000000
mem[X,0x0000000080002E90] -> 0xB823
mem[X,0x0000000080002E92] -> 0x47F6
[2985] [M]: 0x0000000080002E90 (0x47F6B823) sd t6, 1136(a3)
mem[0x000000008000D7F0] <- 0x0000000000000000
mem[X,0x0000000080002E94] -> 0x0F13
mem[X,0x0000000080002E96] -> 0x0010
[2986] [M]: 0x0000000080002E94 (0x00100F13) addi t5, zero, 1
x30 <- 0x0000000000000001
mem[X,0x0000000080002E98] -> 0x1F13
mem[X,0x0000000080002E9A] -> 0x016F
[2987] [M]: 0x0000000080002E98 (0x016F1F13) slli t5, t5, 22
x30 <- 0x0000000000400000
mem[X,0x0000000080002E9C] -> 0x0EB7
mem[X,0x0000000080002E9E] -> 0x0000
[2988] [M]: 0x0000000080002E9C (0x00000EB7) lui t4, 0
x29 <- 0x0000000000000000
mem[X,0x0000000080002EA0] -> 0x8E93
mem[X,0x0000000080002EA2] -> 0x000E
[2989] [M]: 0x0000000080002EA0 (0x000E8E93) addi t4, t4, 0
x29 <- 0x0000000000000000
mem[X,0x0000000080002EA4] -> 0x9E93
mem[X,0x0000000080002EA6] -> 0x00BE
[2990] [M]: 0x0000000080002EA4 (0x00BE9E93) slli t4, t4, 11
x29 <- 0x0000000000000000
mem[X,0x0000000080002EA8] -> 0x8E93
mem[X,0x0000000080002EAA] -> 0x5A8E
[2991] [M]: 0x0000000080002EA8 (0x5A8E8E93) addi t4, t4, 1448
x29 <- 0x00000000000005A8
mem[X,0x0000000080002EAC] -> 0x9E93
mem[X,0x0000000080002EAE] -> 0x00BE
[2992] [M]: 0x0000000080002EAC (0x00BE9E93) slli t4, t4, 11
x29 <- 0x00000000002D4000
mem[X,0x0000000080002EB0] -> 0x8E93
mem[X,0x0000000080002EB2] -> 0x13CE
[2993] [M]: 0x0000000080002EB0 (0x13CE8E93) addi t4, t4, 316
x29 <- 0x00000000002D413C
mem[X,0x0000000080002EB4] -> 0x9E93
mem[X,0x0000000080002EB6] -> 0x00AE
[2994] [M]: 0x0000000080002EB4 (0x00AE9E93) slli t4, t4, 10
x29 <- 0x00000000B504F000
mem[X,0x0000000080002EB8] -> 0x8E93
mem[X,0x0000000080002EBA] -> 0x334E
[2995] [M]: 0x0000000080002EB8 (0x334E8E93) addi t4, t4, 820
x29 <- 0x00000000B504F334
mem[X,0x0000000080002EBC] -> 0x4FB3
mem[X,0x0000000080002EBE] -> 0x03DF
[2996] [M]: 0x0000000080002EBC (0x03DF4FB3) div t6, t5, t4
x31 <- 0x0000000000000000
mem[X,0x0000000080002EC0] -> 0xBC23
mem[X,0x0000000080002EC2] -> 0x47F6
[2997] [M]: 0x0000000080002EC0 (0x47F6BC23) sd t6, 1144(a3)
mem[0x000000008000D7F8] <- 0x0000000000000000
mem[X,0x0000000080002EC4] -> 0x0F13
mem[X,0x0000000080002EC6] -> 0x0010
[2998] [M]: 0x0000000080002EC4 (0x00100F13) addi t5, zero, 1
x30 <- 0x0000000000000001
mem[X,0x0000000080002EC8] -> 0x1F13
mem[X,0x0000000080002ECA] -> 0x017F
[2999] [M]: 0x0000000080002EC8 (0x017F1F13) slli t5, t5, 23
x30 <- 0x0000000000800000
clint::tick mtime <- 0x000000000000001E
 clint timer pending at mtime 0x000000000000001E
htif::tick 0x0000000000000000
mem[X,0x0000000080002ECC] -> 0x0EB7
mem[X,0x0000000080002ECE] -> 0x0000
[3000] [M]: 0x0000000080002ECC (0x00000EB7) lui t4, 0
x29 <- 0x0000000000000000
mem[X,0x0000000080002ED0] -> 0x8E93
mem[X,0x0000000080002ED2] -> 0x000E
[3001] [M]: 0x0000000080002ED0 (0x000E8E93) addi t4, t4, 0
x29 <- 0x0000000000000000
mem[X,0x0000000080002ED4] -> 0x9E93
mem[X,0x0000000080002ED6] -> 0x00BE
[3002] [M]: 0x0000000080002ED4 (0x00BE9E93) slli t4, t4, 11
x29 <- 0x0000000000000000
mem[X,0x0000000080002ED8] -> 0x8E93
mem[X,0x0000000080002EDA] -> 0x5A8E
[3003] [M]: 0x0000000080002ED8 (0x5A8E8E93) addi t4, t4, 1448
x29 <- 0x00000000000005A8
mem[X,0x0000000080002EDC] -> 0x9E93
mem[X,0x0000000080002EDE] -> 0x00BE
[3004] [M]: 0x0000000080002EDC (0x00BE9E93) slli t4, t4, 11
x29 <- 0x00000000002D4000
mem[X,0x0000000080002EE0] -> 0x8E93
mem[X,0x0000000080002EE2] -> 0x13CE
[3005] [M]: 0x0000000080002EE0 (0x13CE8E93) addi t4, t4, 316
x29 <- 0x00000000002D413C
mem[X,0x0000000080002EE4] -> 0x9E93
mem[X,0x0000000080002EE6] -> 0x00AE
[3006] [M]: 0x0000000080002EE4 (0x00AE9E93) slli t4, t4, 10
x29 <- 0x00000000B504F000
mem[X,0x0000000080002EE8] -> 0x8E93
mem[X,0x0000000080002EEA] -> 0x334E
[3007] [M]: 0x0000000080002EE8 (0x334E8E93) addi t4, t4, 820
x29 <- 0x00000000B504F334
mem[X,0x0000000080002EEC] -> 0x4FB3
mem[X,0x0000000080002EEE] -> 0x03DF
[3008] [M]: 0x0000000080002EEC (0x03DF4FB3) div t6, t5, t4
x31 <- 0x0000000000000000
mem[X,0x0000000080002EF0] -> 0xB023
mem[X,0x0000000080002EF2] -> 0x49F6
[3009] [M]: 0x0000000080002EF0 (0x49F6B023) sd t6, 1152(a3)
mem[0x000000008000D800] <- 0x0000000000000000
mem[X,0x0000000080002EF4] -> 0x0F13
mem[X,0x0000000080002EF6] -> 0x0010
[3010] [M]: 0x0000000080002EF4 (0x00100F13) addi t5, zero, 1
x30 <- 0x0000000000000001
mem[X,0x0000000080002EF8] -> 0x1F13
mem[X,0x0000000080002EFA] -> 0x018F
[3011] [M]: 0x0000000080002EF8 (0x018F1F13) slli t5, t5, 24
x30 <- 0x0000000001000000
mem[X,0x0000000080002EFC] -> 0x0EB7
mem[X,0x0000000080002EFE] -> 0x0000
[3012] [M]: 0x0000000080002EFC (0x00000EB7) lui t4, 0
x29 <- 0x0000000000000000
mem[X,0x0000000080002F00] -> 0x8E93
mem[X,0x0000000080002F02] -> 0x000E
[3013] [M]: 0x0000000080002F00 (0x000E8E93) addi t4, t4, 0
x29 <- 0x0000000000000000
mem[X,0x0000000080002F04] -> 0x9E93
mem[X,0x0000000080002F06] -> 0x00BE
[3014] [M]: 0x0000000080002F04 (0x00BE9E93) slli t4, t4, 11
x29 <- 0x0000000000000000
mem[X,0x0000000080002F08] -> 0x8E93
mem[X,0x0000000080002F0A] -> 0x5A8E
[3015] [M]: 0x0000000080002F08 (0x5A8E8E93) addi t4, t4, 1448
x29 <- 0x00000000000005A8
mem[X,0x0000000080002F0C] -> 0x9E93
mem[X,0x0000000080002F0E] -> 0x00BE
[3016] [M]: 0x0000000080002F0C (0x00BE9E93) slli t4, t4, 11
x29 <- 0x00000000002D4000
mem[X,0x0000000080002F10] -> 0x8E93
mem[X,0x0000000080002F12] -> 0x13CE
[3017] [M]: 0x0000000080002F10 (0x13CE8E93) addi t4, t4, 316
x29 <- 0x00000000002D413C
mem[X,0x0000000080002F14] -> 0x9E93
mem[X,0x0000000080002F16] -> 0x00AE
[3018] [M]: 0x0000000080002F14 (0x00AE9E93) slli t4, t4, 10
x29 <- 0x00000000B504F000
mem[X,0x0000000080002F18] -> 0x8E93
mem[X,0x0000000080002F1A] -> 0x334E
[3019] [M]: 0x0000000080002F18 (0x334E8E93) addi t4, t4, 820
x29 <- 0x00000000B504F334
mem[X,0x0000000080002F1C] -> 0x4FB3
mem[X,0x0000000080002F1E] -> 0x03DF
[3020] [M]: 0x0000000080002F1C (0x03DF4FB3) div t6, t5, t4
x31 <- 0x0000000000000000
mem[X,0x0000000080002F20] -> 0xB423
mem[X,0x0000000080002F22] -> 0x49F6
[3021] [M]: 0x0000000080002F20 (0x49F6B423) sd t6, 1160(a3)
mem[0x000000008000D808] <- 0x0000000000000000
mem[X,0x0000000080002F24] -> 0x0F13
mem[X,0x0000000080002F26] -> 0x0010
[3022] [M]: 0x0000000080002F24 (0x00100F13) addi t5, zero, 1
x30 <- 0x0000000000000001
mem[X,0x0000000080002F28] -> 0x1F13
mem[X,0x0000000080002F2A] -> 0x019F
[3023] [M]: 0x0000000080002F28 (0x019F1F13) slli t5, t5, 25
x30 <- 0x0000000002000000
mem[X,0x0000000080002F2C] -> 0x0EB7
mem[X,0x0000000080002F2E] -> 0x0000
[3024] [M]: 0x0000000080002F2C (0x00000EB7) lui t4, 0
x29 <- 0x0000000000000000
mem[X,0x0000000080002F30] -> 0x8E93
mem[X,0x0000000080002F32] -> 0x000E
[3025] [M]: 0x0000000080002F30 (0x000E8E93) addi t4, t4, 0
x29 <- 0x0000000000000000
mem[X,0x0000000080002F34] -> 0x9E93
mem[X,0x0000000080002F36] -> 0x00BE
[3026] [M]: 0x0000000080002F34 (0x00BE9E93) slli t4, t4, 11
x29 <- 0x0000000000000000
mem[X,0x0000000080002F38] -> 0x8E93
mem[X,0x0000000080002F3A] -> 0x5A8E
[3027] [M]: 0x0000000080002F38 (0x5A8E8E93) addi t4, t4, 1448
x29 <- 0x00000000000005A8
mem[X,0x0000000080002F3C] -> 0x9E93
mem[X,0x0000000080002F3E] -> 0x00BE
[3028] [M]: 0x0000000080002F3C (0x00BE9E93) slli t4, t4, 11
x29 <- 0x00000000002D4000
mem[X,0x0000000080002F40] -> 0x8E93
mem[X,0x0000000080002F42] -> 0x13CE
[3029] [M]: 0x0000000080002F40 (0x13CE8E93) addi t4, t4, 316
x29 <- 0x00000000002D413C
mem[X,0x0000000080002F44] -> 0x9E93
mem[X,0x0000000080002F46] -> 0x00AE
[3030] [M]: 0x0000000080002F44 (0x00AE9E93) slli t4, t4, 10
x29 <- 0x00000000B504F000
mem[X,0x0000000080002F48] -> 0x8E93
mem[X,0x0000000080002F4A] -> 0x334E
[3031] [M]: 0x0000000080002F48 (0x334E8E93) addi t4, t4, 820
x29 <- 0x00000000B504F334
mem[X,0x0000000080002F4C] -> 0x4FB3
mem[X,0x0000000080002F4E] -> 0x03DF
[3032] [M]: 0x0000000080002F4C (0x03DF4FB3) div t6, t5, t4
x31 <- 0x0000000000000000
mem[X,0x0000000080002F50] -> 0xB823
mem[X,0x0000000080002F52] -> 0x49F6
[3033] [M]: 0x0000000080002F50 (0x49F6B823) sd t6, 1168(a3)
mem[0x000000008000D810] <- 0x0000000000000000
mem[X,0x0000000080002F54] -> 0x0F13
mem[X,0x0000000080002F56] -> 0x0010
[3034] [M]: 0x0000000080002F54 (0x00100F13) addi t5, zero, 1
x30 <- 0x0000000000000001
mem[X,0x0000000080002F58] -> 0x1F13
mem[X,0x0000000080002F5A] -> 0x01AF
[3035] [M]: 0x0000000080002F58 (0x01AF1F13) slli t5, t5, 26
x30 <- 0x0000000004000000
mem[X,0x0000000080002F5C] -> 0x0EB7
mem[X,0x0000000080002F5E] -> 0x0000
[3036] [M]: 0x0000000080002F5C (0x00000EB7) lui t4, 0
x29 <- 0x0000000000000000
mem[X,0x0000000080002F60] -> 0x8E93
mem[X,0x0000000080002F62] -> 0x000E
[3037] [M]: 0x0000000080002F60 (0x000E8E93) addi t4, t4, 0
x29 <- 0x0000000000000000
mem[X,0x0000000080002F64] -> 0x9E93
mem[X,0x0000000080002F66] -> 0x00BE
[3038] [M]: 0x0000000080002F64 (0x00BE9E93) slli t4, t4, 11
x29 <- 0x0000000000000000
mem[X,0x0000000080002F68] -> 0x8E93
mem[X,0x0000000080002F6A] -> 0x5A8E
[3039] [M]: 0x0000000080002F68 (0x5A8E8E93) addi t4, t4, 1448
x29 <- 0x00000000000005A8
mem[X,0x0000000080002F6C] -> 0x9E93
mem[X,0x0000000080002F6E] -> 0x00BE
[3040] [M]: 0x0000000080002F6C (0x00BE9E93) slli t4, t4, 11
x29 <- 0x00000000002D4000
mem[X,0x0000000080002F70] -> 0x8E93
mem[X,0x0000000080002F72] -> 0x13CE
[3041] [M]: 0x0000000080002F70 (0x13CE8E93) addi t4, t4, 316
x29 <- 0x00000000002D413C
mem[X,0x0000000080002F74] -> 0x9E93
mem[X,0x0000000080002F76] -> 0x00AE
[3042] [M]: 0x0000000080002F74 (0x00AE9E93) slli t4, t4, 10
x29 <- 0x00000000B504F000
mem[X,0x0000000080002F78] -> 0x8E93
mem[X,0x0000000080002F7A] -> 0x334E
[3043] [M]: 0x0000000080002F78 (0x334E8E93) addi t4, t4, 820
x29 <- 0x00000000B504F334
mem[X,0x0000000080002F7C] -> 0x4FB3
mem[X,0x0000000080002F7E] -> 0x03DF
[3044] [M]: 0x0000000080002F7C (0x03DF4FB3) div t6, t5, t4
x31 <- 0x0000000000000000
mem[X,0x0000000080002F80] -> 0xBC23
mem[X,0x0000000080002F82] -> 0x49F6
[3045] [M]: 0x0000000080002F80 (0x49F6BC23) sd t6, 1176(a3)
mem[0x000000008000D818] <- 0x0000000000000000
mem[X,0x0000000080002F84] -> 0x0F13
mem[X,0x0000000080002F86] -> 0x0010
[3046] [M]: 0x0000000080002F84 (0x00100F13) addi t5, zero, 1
x30 <- 0x0000000000000001
mem[X,0x0000000080002F88] -> 0x1F13
mem[X,0x0000000080002F8A] -> 0x01BF
[3047] [M]: 0x0000000080002F88 (0x01BF1F13) slli t5, t5, 27
x30 <- 0x0000000008000000
mem[X,0x0000000080002F8C] -> 0x0EB7
mem[X,0x0000000080002F8E] -> 0x0000
[3048] [M]: 0x0000000080002F8C (0x00000EB7) lui t4, 0
x29 <- 0x0000000000000000
mem[X,0x0000000080002F90] -> 0x8E93
mem[X,0x0000000080002F92] -> 0x000E
[3049] [M]: 0x0000000080002F90 (0x000E8E93) addi t4, t4, 0
x29 <- 0x0000000000000000
mem[X,0x0000000080002F94] -> 0x9E93
mem[X,0x0000000080002F96] -> 0x00BE
[3050] [M]: 0x0000000080002F94 (0x00BE9E93) slli t4, t4, 11
x29 <- 0x0000000000000000
mem[X,0x0000000080002F98] -> 0x8E93
mem[X,0x0000000080002F9A] -> 0x5A8E
[3051] [M]: 0x0000000080002F98 (0x5A8E8E93) addi t4, t4, 1448
x29 <- 0x00000000000005A8
mem[X,0x0000000080002F9C] -> 0x9E93
mem[X,0x0000000080002F9E] -> 0x00BE
[3052] [M]: 0x0000000080002F9C (0x00BE9E93) slli t4, t4, 11
x29 <- 0x00000000002D4000
mem[X,0x0000000080002FA0] -> 0x8E93
mem[X,0x0000000080002FA2] -> 0x13CE
[3053] [M]: 0x0000000080002FA0 (0x13CE8E93) addi t4, t4, 316
x29 <- 0x00000000002D413C
mem[X,0x0000000080002FA4] -> 0x9E93
mem[X,0x0000000080002FA6] -> 0x00AE
[3054] [M]: 0x0000000080002FA4 (0x00AE9E93) slli t4, t4, 10
x29 <- 0x00000000B504F000
mem[X,0x0000000080002FA8] -> 0x8E93
mem[X,0x0000000080002FAA] -> 0x334E
[3055] [M]: 0x0000000080002FA8 (0x334E8E93) addi t4, t4, 820
x29 <- 0x00000000B504F334
mem[X,0x0000000080002FAC] -> 0x4FB3
mem[X,0x0000000080002FAE] -> 0x03DF
[3056] [M]: 0x0000000080002FAC (0x03DF4FB3) div t6, t5, t4
x31 <- 0x0000000000000000
mem[X,0x0000000080002FB0] -> 0xB023
mem[X,0x0000000080002FB2] -> 0x4BF6
[3057] [M]: 0x0000000080002FB0 (0x4BF6B023) sd t6, 1184(a3)
mem[0x000000008000D820] <- 0x0000000000000000
mem[X,0x0000000080002FB4] -> 0x0F13
mem[X,0x0000000080002FB6] -> 0x0010
[3058] [M]: 0x0000000080002FB4 (0x00100F13) addi t5, zero, 1
x30 <- 0x0000000000000001
mem[X,0x0000000080002FB8] -> 0x1F13
mem[X,0x0000000080002FBA] -> 0x01CF
[3059] [M]: 0x0000000080002FB8 (0x01CF1F13) slli t5, t5, 28
x30 <- 0x0000000010000000
mem[X,0x0000000080002FBC] -> 0x0EB7
mem[X,0x0000000080002FBE] -> 0x0000
[3060] [M]: 0x0000000080002FBC (0x00000EB7) lui t4, 0
x29 <- 0x0000000000000000
mem[X,0x0000000080002FC0] -> 0x8E93
mem[X,0x0000000080002FC2] -> 0x000E
[3061] [M]: 0x0000000080002FC0 (0x000E8E93) addi t4, t4, 0
x29 <- 0x0000000000000000
mem[X,0x0000000080002FC4] -> 0x9E93
mem[X,0x0000000080002FC6] -> 0x00BE
[3062] [M]: 0x0000000080002FC4 (0x00BE9E93) slli t4, t4, 11
x29 <- 0x0000000000000000
mem[X,0x0000000080002FC8] -> 0x8E93
mem[X,0x0000000080002FCA] -> 0x5A8E
[3063] [M]: 0x0000000080002FC8 (0x5A8E8E93) addi t4, t4, 1448
x29 <- 0x00000000000005A8
mem[X,0x0000000080002FCC] -> 0x9E93
mem[X,0x0000000080002FCE] -> 0x00BE
[3064] [M]: 0x0000000080002FCC (0x00BE9E93) slli t4, t4, 11
x29 <- 0x00000000002D4000
mem[X,0x0000000080002FD0] -> 0x8E93
mem[X,0x0000000080002FD2] -> 0x13CE
[3065] [M]: 0x0000000080002FD0 (0x13CE8E93) addi t4, t4, 316
x29 <- 0x00000000002D413C
mem[X,0x0000000080002FD4] -> 0x9E93
mem[X,0x0000000080002FD6] -> 0x00AE
[3066] [M]: 0x0000000080002FD4 (0x00AE9E93) slli t4, t4, 10
x29 <- 0x00000000B504F000
mem[X,0x0000000080002FD8] -> 0x8E93
mem[X,0x0000000080002FDA] -> 0x334E
[3067] [M]: 0x0000000080002FD8 (0x334E8E93) addi t4, t4, 820
x29 <- 0x00000000B504F334
mem[X,0x0000000080002FDC] -> 0x4FB3
mem[X,0x0000000080002FDE] -> 0x03DF
[3068] [M]: 0x0000000080002FDC (0x03DF4FB3) div t6, t5, t4
x31 <- 0x0000000000000000
mem[X,0x0000000080002FE0] -> 0xB423
mem[X,0x0000000080002FE2] -> 0x4BF6
[3069] [M]: 0x0000000080002FE0 (0x4BF6B423) sd t6, 1192(a3)
mem[0x000000008000D828] <- 0x0000000000000000
mem[X,0x0000000080002FE4] -> 0x0F13
mem[X,0x0000000080002FE6] -> 0x0010
[3070] [M]: 0x0000000080002FE4 (0x00100F13) addi t5, zero, 1
x30 <- 0x0000000000000001
mem[X,0x0000000080002FE8] -> 0x1F13
mem[X,0x0000000080002FEA] -> 0x01DF
[3071] [M]: 0x0000000080002FE8 (0x01DF1F13) slli t5, t5, 29
x30 <- 0x0000000020000000
mem[X,0x0000000080002FEC] -> 0x0EB7
mem[X,0x0000000080002FEE] -> 0x0000
[3072] [M]: 0x0000000080002FEC (0x00000EB7) lui t4, 0
x29 <- 0x0000000000000000
mem[X,0x0000000080002FF0] -> 0x8E93
mem[X,0x0000000080002FF2] -> 0x000E
[3073] [M]: 0x0000000080002FF0 (0x000E8E93) addi t4, t4, 0
x29 <- 0x0000000000000000
mem[X,0x0000000080002FF4] -> 0x9E93
mem[X,0x0000000080002FF6] -> 0x00BE
[3074] [M]: 0x0000000080002FF4 (0x00BE9E93) slli t4, t4, 11
x29 <- 0x0000000000000000
mem[X,0x0000000080002FF8] -> 0x8E93
mem[X,0x0000000080002FFA] -> 0x5A8E
[3075] [M]: 0x0000000080002FF8 (0x5A8E8E93) addi t4, t4, 1448
x29 <- 0x00000000000005A8
mem[X,0x0000000080002FFC] -> 0x9E93
mem[X,0x0000000080002FFE] -> 0x00BE
[3076] [M]: 0x0000000080002FFC (0x00BE9E93) slli t4, t4, 11
x29 <- 0x00000000002D4000
mem[X,0x0000000080003000] -> 0x8E93
mem[X,0x0000000080003002] -> 0x13CE
[3077] [M]: 0x0000000080003000 (0x13CE8E93) addi t4, t4, 316
x29 <- 0x00000000002D413C
mem[X,0x0000000080003004] -> 0x9E93
mem[X,0x0000000080003006] -> 0x00AE
[3078] [M]: 0x0000000080003004 (0x00AE9E93) slli t4, t4, 10
x29 <- 0x00000000B504F000
mem[X,0x0000000080003008] -> 0x8E93
mem[X,0x000000008000300A] -> 0x334E
[3079] [M]: 0x0000000080003008 (0x334E8E93) addi t4, t4, 820
x29 <- 0x00000000B504F334
mem[X,0x000000008000300C] -> 0x4FB3
mem[X,0x000000008000300E] -> 0x03DF
[3080] [M]: 0x000000008000300C (0x03DF4FB3) div t6, t5, t4
x31 <- 0x0000000000000000
mem[X,0x0000000080003010] -> 0xB823
mem[X,0x0000000080003012] -> 0x4BF6
[3081] [M]: 0x0000000080003010 (0x4BF6B823) sd t6, 1200(a3)
mem[0x000000008000D830] <- 0x0000000000000000
mem[X,0x0000000080003014] -> 0x0F13
mem[X,0x0000000080003016] -> 0x0010
[3082] [M]: 0x0000000080003014 (0x00100F13) addi t5, zero, 1
x30 <- 0x0000000000000001
mem[X,0x0000000080003018] -> 0x1F13
mem[X,0x000000008000301A] -> 0x01EF
[3083] [M]: 0x0000000080003018 (0x01EF1F13) slli t5, t5, 30
x30 <- 0x0000000040000000
mem[X,0x000000008000301C] -> 0x0EB7
mem[X,0x000000008000301E] -> 0x0000
[3084] [M]: 0x000000008000301C (0x00000EB7) lui t4, 0
x29 <- 0x0000000000000000
mem[X,0x0000000080003020] -> 0x8E93
mem[X,0x0000000080003022] -> 0x000E
[3085] [M]: 0x0000000080003020 (0x000E8E93) addi t4, t4, 0
x29 <- 0x0000000000000000
mem[X,0x0000000080003024] -> 0x9E93
mem[X,0x0000000080003026] -> 0x00BE
[3086] [M]: 0x0000000080003024 (0x00BE9E93) slli t4, t4, 11
x29 <- 0x0000000000000000
mem[X,0x0000000080003028] -> 0x8E93
mem[X,0x000000008000302A] -> 0x5A8E
[3087] [M]: 0x0000000080003028 (0x5A8E8E93) addi t4, t4, 1448
x29 <- 0x00000000000005A8
mem[X,0x000000008000302C] -> 0x9E93
mem[X,0x000000008000302E] -> 0x00BE
[3088] [M]: 0x000000008000302C (0x00BE9E93) slli t4, t4, 11
x29 <- 0x00000000002D4000
mem[X,0x0000000080003030] -> 0x8E93
mem[X,0x0000000080003032] -> 0x13CE
[3089] [M]: 0x0000000080003030 (0x13CE8E93) addi t4, t4, 316
x29 <- 0x00000000002D413C
mem[X,0x0000000080003034] -> 0x9E93
mem[X,0x0000000080003036] -> 0x00AE
[3090] [M]: 0x0000000080003034 (0x00AE9E93) slli t4, t4, 10
x29 <- 0x00000000B504F000
mem[X,0x0000000080003038] -> 0x8E93
mem[X,0x000000008000303A] -> 0x334E
[3091] [M]: 0x0000000080003038 (0x334E8E93) addi t4, t4, 820
x29 <- 0x00000000B504F334
mem[X,0x000000008000303C] -> 0x4FB3
mem[X,0x000000008000303E] -> 0x03DF
[3092] [M]: 0x000000008000303C (0x03DF4FB3) div t6, t5, t4
x31 <- 0x0000000000000000
mem[X,0x0000000080003040] -> 0xBC23
mem[X,0x0000000080003042] -> 0x4BF6
[3093] [M]: 0x0000000080003040 (0x4BF6BC23) sd t6, 1208(a3)
mem[0x000000008000D838] <- 0x0000000000000000
mem[X,0x0000000080003044] -> 0x0F13
mem[X,0x0000000080003046] -> 0x0010
[3094] [M]: 0x0000000080003044 (0x00100F13) addi t5, zero, 1
x30 <- 0x0000000000000001
mem[X,0x0000000080003048] -> 0x1F13
mem[X,0x000000008000304A] -> 0x01FF
[3095] [M]: 0x0000000080003048 (0x01FF1F13) slli t5, t5, 31
x30 <- 0x0000000080000000
mem[X,0x000000008000304C] -> 0x0EB7
mem[X,0x000000008000304E] -> 0x0000
[3096] [M]: 0x000000008000304C (0x00000EB7) lui t4, 0
x29 <- 0x0000000000000000
mem[X,0x0000000080003050] -> 0x8E93
mem[X,0x0000000080003052] -> 0x000E
[3097] [M]: 0x0000000080003050 (0x000E8E93) addi t4, t4, 0
x29 <- 0x0000000000000000
mem[X,0x0000000080003054] -> 0x9E93
mem[X,0x0000000080003056] -> 0x00BE
[3098] [M]: 0x0000000080003054 (0x00BE9E93) slli t4, t4, 11
x29 <- 0x0000000000000000
mem[X,0x0000000080003058] -> 0x8E93
mem[X,0x000000008000305A] -> 0x5A8E
[3099] [M]: 0x0000000080003058 (0x5A8E8E93) addi t4, t4, 1448
x29 <- 0x00000000000005A8
clint::tick mtime <- 0x000000000000001F
 clint timer pending at mtime 0x000000000000001F
htif::tick 0x0000000000000000
mem[X,0x000000008000305C] -> 0x9E93
mem[X,0x000000008000305E] -> 0x00BE
[3100] [M]: 0x000000008000305C (0x00BE9E93) slli t4, t4, 11
x29 <- 0x00000000002D4000
mem[X,0x0000000080003060] -> 0x8E93
mem[X,0x0000000080003062] -> 0x13CE
[3101] [M]: 0x0000000080003060 (0x13CE8E93) addi t4, t4, 316
x29 <- 0x00000000002D413C
mem[X,0x0000000080003064] -> 0x9E93
mem[X,0x0000000080003066] -> 0x00AE
[3102] [M]: 0x0000000080003064 (0x00AE9E93) slli t4, t4, 10
x29 <- 0x00000000B504F000
mem[X,0x0000000080003068] -> 0x8E93
mem[X,0x000000008000306A] -> 0x334E
[3103] [M]: 0x0000000080003068 (0x334E8E93) addi t4, t4, 820
x29 <- 0x00000000B504F334
mem[X,0x000000008000306C] -> 0x4FB3
mem[X,0x000000008000306E] -> 0x03DF
[3104] [M]: 0x000000008000306C (0x03DF4FB3) div t6, t5, t4
x31 <- 0x0000000000000000
mem[X,0x0000000080003070] -> 0xB023
mem[X,0x0000000080003072] -> 0x4DF6
[3105] [M]: 0x0000000080003070 (0x4DF6B023) sd t6, 1216(a3)
mem[0x000000008000D840] <- 0x0000000000000000
mem[X,0x0000000080003074] -> 0x0F13
mem[X,0x0000000080003076] -> 0x0010
[3106] [M]: 0x0000000080003074 (0x00100F13) addi t5, zero, 1
x30 <- 0x0000000000000001
mem[X,0x0000000080003078] -> 0x1F13
mem[X,0x000000008000307A] -> 0x020F
[3107] [M]: 0x0000000080003078 (0x020F1F13) slli t5, t5, 32
x30 <- 0x0000000100000000
mem[X,0x000000008000307C] -> 0x0EB7
mem[X,0x000000008000307E] -> 0x0000
[3108] [M]: 0x000000008000307C (0x00000EB7) lui t4, 0
x29 <- 0x0000000000000000
mem[X,0x0000000080003080] -> 0x8E93
mem[X,0x0000000080003082] -> 0x000E
[3109] [M]: 0x0000000080003080 (0x000E8E93) addi t4, t4, 0
x29 <- 0x0000000000000000
mem[X,0x0000000080003084] -> 0x9E93
mem[X,0x0000000080003086] -> 0x00BE
[3110] [M]: 0x0000000080003084 (0x00BE9E93) slli t4, t4, 11
x29 <- 0x0000000000000000
mem[X,0x0000000080003088] -> 0x8E93
mem[X,0x000000008000308A] -> 0x5A8E
[3111] [M]: 0x0000000080003088 (0x5A8E8E93) addi t4, t4, 1448
x29 <- 0x00000000000005A8
mem[X,0x000000008000308C] -> 0x9E93
mem[X,0x000000008000308E] -> 0x00BE
[3112] [M]: 0x000000008000308C (0x00BE9E93) slli t4, t4, 11
x29 <- 0x00000000002D4000
mem[X,0x0000000080003090] -> 0x8E93
mem[X,0x0000000080003092] -> 0x13CE
[3113] [M]: 0x0000000080003090 (0x13CE8E93) addi t4, t4, 316
x29 <- 0x00000000002D413C
mem[X,0x0000000080003094] -> 0x9E93
mem[X,0x0000000080003096] -> 0x00AE
[3114] [M]: 0x0000000080003094 (0x00AE9E93) slli t4, t4, 10
x29 <- 0x00000000B504F000
mem[X,0x0000000080003098] -> 0x8E93
mem[X,0x000000008000309A] -> 0x334E
[3115] [M]: 0x0000000080003098 (0x334E8E93) addi t4, t4, 820
x29 <- 0x00000000B504F334
mem[X,0x000000008000309C] -> 0x4FB3
mem[X,0x000000008000309E] -> 0x03DF
[3116] [M]: 0x000000008000309C (0x03DF4FB3) div t6, t5, t4
x31 <- 0x0000000000000001
mem[X,0x00000000800030A0] -> 0xB423
mem[X,0x00000000800030A2] -> 0x4DF6
[3117] [M]: 0x00000000800030A0 (0x4DF6B423) sd t6, 1224(a3)
mem[0x000000008000D848] <- 0x0000000000000001
mem[X,0x00000000800030A4] -> 0x0F13
mem[X,0x00000000800030A6] -> 0x0010
[3118] [M]: 0x00000000800030A4 (0x00100F13) addi t5, zero, 1
x30 <- 0x0000000000000001
mem[X,0x00000000800030A8] -> 0x1F13
mem[X,0x00000000800030AA] -> 0x021F
[3119] [M]: 0x00000000800030A8 (0x021F1F13) slli t5, t5, 33
x30 <- 0x0000000200000000
mem[X,0x00000000800030AC] -> 0x0EB7
mem[X,0x00000000800030AE] -> 0x0000
[3120] [M]: 0x00000000800030AC (0x00000EB7) lui t4, 0
x29 <- 0x0000000000000000
mem[X,0x00000000800030B0] -> 0x8E93
mem[X,0x00000000800030B2] -> 0x000E
[3121] [M]: 0x00000000800030B0 (0x000E8E93) addi t4, t4, 0
x29 <- 0x0000000000000000
mem[X,0x00000000800030B4] -> 0x9E93
mem[X,0x00000000800030B6] -> 0x00BE
[3122] [M]: 0x00000000800030B4 (0x00BE9E93) slli t4, t4, 11
x29 <- 0x0000000000000000
mem[X,0x00000000800030B8] -> 0x8E93
mem[X,0x00000000800030BA] -> 0x5A8E
[3123] [M]: 0x00000000800030B8 (0x5A8E8E93) addi t4, t4, 1448
x29 <- 0x00000000000005A8
mem[X,0x00000000800030BC] -> 0x9E93
mem[X,0x00000000800030BE] -> 0x00BE
[3124] [M]: 0x00000000800030BC (0x00BE9E93) slli t4, t4, 11
x29 <- 0x00000000002D4000
mem[X,0x00000000800030C0] -> 0x8E93
mem[X,0x00000000800030C2] -> 0x13CE
[3125] [M]: 0x00000000800030C0 (0x13CE8E93) addi t4, t4, 316
x29 <- 0x00000000002D413C
mem[X,0x00000000800030C4] -> 0x9E93
mem[X,0x00000000800030C6] -> 0x00AE
[3126] [M]: 0x00000000800030C4 (0x00AE9E93) slli t4, t4, 10
x29 <- 0x00000000B504F000
mem[X,0x00000000800030C8] -> 0x8E93
mem[X,0x00000000800030CA] -> 0x334E
[3127] [M]: 0x00000000800030C8 (0x334E8E93) addi t4, t4, 820
x29 <- 0x00000000B504F334
mem[X,0x00000000800030CC] -> 0x4FB3
mem[X,0x00000000800030CE] -> 0x03DF
[3128] [M]: 0x00000000800030CC (0x03DF4FB3) div t6, t5, t4
x31 <- 0x0000000000000002
mem[X,0x00000000800030D0] -> 0xB823
mem[X,0x00000000800030D2] -> 0x4DF6
[3129] [M]: 0x00000000800030D0 (0x4DF6B823) sd t6, 1232(a3)
mem[0x000000008000D850] <- 0x0000000000000002
mem[X,0x00000000800030D4] -> 0x0F13
mem[X,0x00000000800030D6] -> 0x0010
[3130] [M]: 0x00000000800030D4 (0x00100F13) addi t5, zero, 1
x30 <- 0x0000000000000001
mem[X,0x00000000800030D8] -> 0x1F13
mem[X,0x00000000800030DA] -> 0x022F
[3131] [M]: 0x00000000800030D8 (0x022F1F13) slli t5, t5, 34
x30 <- 0x0000000400000000
mem[X,0x00000000800030DC] -> 0x0EB7
mem[X,0x00000000800030DE] -> 0x0000
[3132] [M]: 0x00000000800030DC (0x00000EB7) lui t4, 0
x29 <- 0x0000000000000000
mem[X,0x00000000800030E0] -> 0x8E93
mem[X,0x00000000800030E2] -> 0x000E
[3133] [M]: 0x00000000800030E0 (0x000E8E93) addi t4, t4, 0
x29 <- 0x0000000000000000
mem[X,0x00000000800030E4] -> 0x9E93
mem[X,0x00000000800030E6] -> 0x00BE
[3134] [M]: 0x00000000800030E4 (0x00BE9E93) slli t4, t4, 11
x29 <- 0x0000000000000000
mem[X,0x00000000800030E8] -> 0x8E93
mem[X,0x00000000800030EA] -> 0x5A8E
[3135] [M]: 0x00000000800030E8 (0x5A8E8E93) addi t4, t4, 1448
x29 <- 0x00000000000005A8
mem[X,0x00000000800030EC] -> 0x9E93
mem[X,0x00000000800030EE] -> 0x00BE
[3136] [M]: 0x00000000800030EC (0x00BE9E93) slli t4, t4, 11
x29 <- 0x00000000002D4000
mem[X,0x00000000800030F0] -> 0x8E93
mem[X,0x00000000800030F2] -> 0x13CE
[3137] [M]: 0x00000000800030F0 (0x13CE8E93) addi t4, t4, 316
x29 <- 0x00000000002D413C
mem[X,0x00000000800030F4] -> 0x9E93
mem[X,0x00000000800030F6] -> 0x00AE
[3138] [M]: 0x00000000800030F4 (0x00AE9E93) slli t4, t4, 10
x29 <- 0x00000000B504F000
mem[X,0x00000000800030F8] -> 0x8E93
mem[X,0x00000000800030FA] -> 0x334E
[3139] [M]: 0x00000000800030F8 (0x334E8E93) addi t4, t4, 820
x29 <- 0x00000000B504F334
mem[X,0x00000000800030FC] -> 0x4FB3
mem[X,0x00000000800030FE] -> 0x03DF
[3140] [M]: 0x00000000800030FC (0x03DF4FB3) div t6, t5, t4
x31 <- 0x0000000000000005
mem[X,0x0000000080003100] -> 0xBC23
mem[X,0x0000000080003102] -> 0x4DF6
[3141] [M]: 0x0000000080003100 (0x4DF6BC23) sd t6, 1240(a3)
mem[0x000000008000D858] <- 0x0000000000000005
mem[X,0x0000000080003104] -> 0x0F13
mem[X,0x0000000080003106] -> 0x0010
[3142] [M]: 0x0000000080003104 (0x00100F13) addi t5, zero, 1
x30 <- 0x0000000000000001
mem[X,0x0000000080003108] -> 0x1F13
mem[X,0x000000008000310A] -> 0x023F
[3143] [M]: 0x0000000080003108 (0x023F1F13) slli t5, t5, 35
x30 <- 0x0000000800000000
mem[X,0x000000008000310C] -> 0x0EB7
mem[X,0x000000008000310E] -> 0x0000
[3144] [M]: 0x000000008000310C (0x00000EB7) lui t4, 0
x29 <- 0x0000000000000000
mem[X,0x0000000080003110] -> 0x8E93
mem[X,0x0000000080003112] -> 0x000E
[3145] [M]: 0x0000000080003110 (0x000E8E93) addi t4, t4, 0
x29 <- 0x0000000000000000
mem[X,0x0000000080003114] -> 0x9E93
mem[X,0x0000000080003116] -> 0x00BE
[3146] [M]: 0x0000000080003114 (0x00BE9E93) slli t4, t4, 11
x29 <- 0x0000000000000000
mem[X,0x0000000080003118] -> 0x8E93
mem[X,0x000000008000311A] -> 0x5A8E
[3147] [M]: 0x0000000080003118 (0x5A8E8E93) addi t4, t4, 1448
x29 <- 0x00000000000005A8
mem[X,0x000000008000311C] -> 0x9E93
mem[X,0x000000008000311E] -> 0x00BE
[3148] [M]: 0x000000008000311C (0x00BE9E93) slli t4, t4, 11
x29 <- 0x00000000002D4000
mem[X,0x0000000080003120] -> 0x8E93
mem[X,0x0000000080003122] -> 0x13CE
[3149] [M]: 0x0000000080003120 (0x13CE8E93) addi t4, t4, 316
x29 <- 0x00000000002D413C
mem[X,0x0000000080003124] -> 0x9E93
mem[X,0x0000000080003126] -> 0x00AE
[3150] [M]: 0x0000000080003124 (0x00AE9E93) slli t4, t4, 10
x29 <- 0x00000000B504F000
mem[X,0x0000000080003128] -> 0x8E93
mem[X,0x000000008000312A] -> 0x334E
[3151] [M]: 0x0000000080003128 (0x334E8E93) addi t4, t4, 820
x29 <- 0x00000000B504F334
mem[X,0x000000008000312C] -> 0x4FB3
mem[X,0x000000008000312E] -> 0x03DF
[3152] [M]: 0x000000008000312C (0x03DF4FB3) div t6, t5, t4
x31 <- 0x000000000000000B
mem[X,0x0000000080003130] -> 0xB023
mem[X,0x0000000080003132] -> 0x4FF6
[3153] [M]: 0x0000000080003130 (0x4FF6B023) sd t6, 1248(a3)
mem[0x000000008000D860] <- 0x000000000000000B
mem[X,0x0000000080003134] -> 0x0F13
mem[X,0x0000000080003136] -> 0x0010
[3154] [M]: 0x0000000080003134 (0x00100F13) addi t5, zero, 1
x30 <- 0x0000000000000001
mem[X,0x0000000080003138] -> 0x1F13
mem[X,0x000000008000313A] -> 0x024F
[3155] [M]: 0x0000000080003138 (0x024F1F13) slli t5, t5, 36
x30 <- 0x0000001000000000
mem[X,0x000000008000313C] -> 0x0EB7
mem[X,0x000000008000313E] -> 0x0000
[3156] [M]: 0x000000008000313C (0x00000EB7) lui t4, 0
x29 <- 0x0000000000000000
mem[X,0x0000000080003140] -> 0x8E93
mem[X,0x0000000080003142] -> 0x000E
[3157] [M]: 0x0000000080003140 (0x000E8E93) addi t4, t4, 0
x29 <- 0x0000000000000000
mem[X,0x0000000080003144] -> 0x9E93
mem[X,0x0000000080003146] -> 0x00BE
[3158] [M]: 0x0000000080003144 (0x00BE9E93) slli t4, t4, 11
x29 <- 0x0000000000000000
mem[X,0x0000000080003148] -> 0x8E93
mem[X,0x000000008000314A] -> 0x5A8E
[3159] [M]: 0x0000000080003148 (0x5A8E8E93) addi t4, t4, 1448
x29 <- 0x00000000000005A8
mem[X,0x000000008000314C] -> 0x9E93
mem[X,0x000000008000314E] -> 0x00BE
[3160] [M]: 0x000000008000314C (0x00BE9E93) slli t4, t4, 11
x29 <- 0x00000000002D4000
mem[X,0x0000000080003150] -> 0x8E93
mem[X,0x0000000080003152] -> 0x13CE
[3161] [M]: 0x0000000080003150 (0x13CE8E93) addi t4, t4, 316
x29 <- 0x00000000002D413C
mem[X,0x0000000080003154] -> 0x9E93
mem[X,0x0000000080003156] -> 0x00AE
[3162] [M]: 0x0000000080003154 (0x00AE9E93) slli t4, t4, 10
x29 <- 0x00000000B504F000
mem[X,0x0000000080003158] -> 0x8E93
mem[X,0x000000008000315A] -> 0x334E
[3163] [M]: 0x0000000080003158 (0x334E8E93) addi t4, t4, 820
x29 <- 0x00000000B504F334
mem[X,0x000000008000315C] -> 0x4FB3
mem[X,0x000000008000315E] -> 0x03DF
[3164] [M]: 0x000000008000315C (0x03DF4FB3) div t6, t5, t4
x31 <- 0x0000000000000016
mem[X,0x0000000080003160] -> 0xB423
mem[X,0x0000000080003162] -> 0x4FF6
[3165] [M]: 0x0000000080003160 (0x4FF6B423) sd t6, 1256(a3)
mem[0x000000008000D868] <- 0x0000000000000016
mem[X,0x0000000080003164] -> 0x0F13
mem[X,0x0000000080003166] -> 0x0010
[3166] [M]: 0x0000000080003164 (0x00100F13) addi t5, zero, 1
x30 <- 0x0000000000000001
mem[X,0x0000000080003168] -> 0x1F13
mem[X,0x000000008000316A] -> 0x025F
[3167] [M]: 0x0000000080003168 (0x025F1F13) slli t5, t5, 37
x30 <- 0x0000002000000000
mem[X,0x000000008000316C] -> 0x0EB7
mem[X,0x000000008000316E] -> 0x0000
[3168] [M]: 0x000000008000316C (0x00000EB7) lui t4, 0
x29 <- 0x0000000000000000
mem[X,0x0000000080003170] -> 0x8E93
mem[X,0x0000000080003172] -> 0x000E
[3169] [M]: 0x0000000080003170 (0x000E8E93) addi t4, t4, 0
x29 <- 0x0000000000000000
mem[X,0x0000000080003174] -> 0x9E93
mem[X,0x0000000080003176] -> 0x00BE
[3170] [M]: 0x0000000080003174 (0x00BE9E93) slli t4, t4, 11
x29 <- 0x0000000000000000
mem[X,0x0000000080003178] -> 0x8E93
mem[X,0x000000008000317A] -> 0x5A8E
[3171] [M]: 0x0000000080003178 (0x5A8E8E93) addi t4, t4, 1448
x29 <- 0x00000000000005A8
mem[X,0x000000008000317C] -> 0x9E93
mem[X,0x000000008000317E] -> 0x00BE
[3172] [M]: 0x000000008000317C (0x00BE9E93) slli t4, t4, 11
x29 <- 0x00000000002D4000
mem[X,0x0000000080003180] -> 0x8E93
mem[X,0x0000000080003182] -> 0x13CE
[3173] [M]: 0x0000000080003180 (0x13CE8E93) addi t4, t4, 316
x29 <- 0x00000000002D413C
mem[X,0x0000000080003184] -> 0x9E93
mem[X,0x0000000080003186] -> 0x00AE
[3174] [M]: 0x0000000080003184 (0x00AE9E93) slli t4, t4, 10
x29 <- 0x00000000B504F000
mem[X,0x0000000080003188] -> 0x8E93
mem[X,0x000000008000318A] -> 0x334E
[3175] [M]: 0x0000000080003188 (0x334E8E93) addi t4, t4, 820
x29 <- 0x00000000B504F334
mem[X,0x000000008000318C] -> 0x4FB3
mem[X,0x000000008000318E] -> 0x03DF
[3176] [M]: 0x000000008000318C (0x03DF4FB3) div t6, t5, t4
x31 <- 0x000000000000002D
mem[X,0x0000000080003190] -> 0xB823
mem[X,0x0000000080003192] -> 0x4FF6
[3177] [M]: 0x0000000080003190 (0x4FF6B823) sd t6, 1264(a3)
mem[0x000000008000D870] <- 0x000000000000002D
mem[X,0x0000000080003194] -> 0x0F13
mem[X,0x0000000080003196] -> 0x0010
[3178] [M]: 0x0000000080003194 (0x00100F13) addi t5, zero, 1
x30 <- 0x0000000000000001
mem[X,0x0000000080003198] -> 0x1F13
mem[X,0x000000008000319A] -> 0x026F
[3179] [M]: 0x0000000080003198 (0x026F1F13) slli t5, t5, 38
x30 <- 0x0000004000000000
mem[X,0x000000008000319C] -> 0x0EB7
mem[X,0x000000008000319E] -> 0x0000
[3180] [M]: 0x000000008000319C (0x00000EB7) lui t4, 0
x29 <- 0x0000000000000000
mem[X,0x00000000800031A0] -> 0x8E93
mem[X,0x00000000800031A2] -> 0x000E
[3181] [M]: 0x00000000800031A0 (0x000E8E93) addi t4, t4, 0
x29 <- 0x0000000000000000
mem[X,0x00000000800031A4] -> 0x9E93
mem[X,0x00000000800031A6] -> 0x00BE
[3182] [M]: 0x00000000800031A4 (0x00BE9E93) slli t4, t4, 11
x29 <- 0x0000000000000000
mem[X,0x00000000800031A8] -> 0x8E93
mem[X,0x00000000800031AA] -> 0x5A8E
[3183] [M]: 0x00000000800031A8 (0x5A8E8E93) addi t4, t4, 1448
x29 <- 0x00000000000005A8
mem[X,0x00000000800031AC] -> 0x9E93
mem[X,0x00000000800031AE] -> 0x00BE
[3184] [M]: 0x00000000800031AC (0x00BE9E93) slli t4, t4, 11
x29 <- 0x00000000002D4000
mem[X,0x00000000800031B0] -> 0x8E93
mem[X,0x00000000800031B2] -> 0x13CE
[3185] [M]: 0x00000000800031B0 (0x13CE8E93) addi t4, t4, 316
x29 <- 0x00000000002D413C
mem[X,0x00000000800031B4] -> 0x9E93
mem[X,0x00000000800031B6] -> 0x00AE
[3186] [M]: 0x00000000800031B4 (0x00AE9E93) slli t4, t4, 10
x29 <- 0x00000000B504F000
mem[X,0x00000000800031B8] -> 0x8E93
mem[X,0x00000000800031BA] -> 0x334E
[3187] [M]: 0x00000000800031B8 (0x334E8E93) addi t4, t4, 820
x29 <- 0x00000000B504F334
mem[X,0x00000000800031BC] -> 0x4FB3
mem[X,0x00000000800031BE] -> 0x03DF
[3188] [M]: 0x00000000800031BC (0x03DF4FB3) div t6, t5, t4
x31 <- 0x000000000000005A
mem[X,0x00000000800031C0] -> 0xBC23
mem[X,0x00000000800031C2] -> 0x4FF6
[3189] [M]: 0x00000000800031C0 (0x4FF6BC23) sd t6, 1272(a3)
mem[0x000000008000D878] <- 0x000000000000005A
mem[X,0x00000000800031C4] -> 0x0F13
mem[X,0x00000000800031C6] -> 0x0010
[3190] [M]: 0x00000000800031C4 (0x00100F13) addi t5, zero, 1
x30 <- 0x0000000000000001
mem[X,0x00000000800031C8] -> 0x1F13
mem[X,0x00000000800031CA] -> 0x027F
[3191] [M]: 0x00000000800031C8 (0x027F1F13) slli t5, t5, 39
x30 <- 0x0000008000000000
mem[X,0x00000000800031CC] -> 0x0EB7
mem[X,0x00000000800031CE] -> 0x0000
[3192] [M]: 0x00000000800031CC (0x00000EB7) lui t4, 0
x29 <- 0x0000000000000000
mem[X,0x00000000800031D0] -> 0x8E93
mem[X,0x00000000800031D2] -> 0x000E
[3193] [M]: 0x00000000800031D0 (0x000E8E93) addi t4, t4, 0
x29 <- 0x0000000000000000
mem[X,0x00000000800031D4] -> 0x9E93
mem[X,0x00000000800031D6] -> 0x00BE
[3194] [M]: 0x00000000800031D4 (0x00BE9E93) slli t4, t4, 11
x29 <- 0x0000000000000000
mem[X,0x00000000800031D8] -> 0x8E93
mem[X,0x00000000800031DA] -> 0x5A8E
[3195] [M]: 0x00000000800031D8 (0x5A8E8E93) addi t4, t4, 1448
x29 <- 0x00000000000005A8
mem[X,0x00000000800031DC] -> 0x9E93
mem[X,0x00000000800031DE] -> 0x00BE
[3196] [M]: 0x00000000800031DC (0x00BE9E93) slli t4, t4, 11
x29 <- 0x00000000002D4000
mem[X,0x00000000800031E0] -> 0x8E93
mem[X,0x00000000800031E2] -> 0x13CE
[3197] [M]: 0x00000000800031E0 (0x13CE8E93) addi t4, t4, 316
x29 <- 0x00000000002D413C
mem[X,0x00000000800031E4] -> 0x9E93
mem[X,0x00000000800031E6] -> 0x00AE
[3198] [M]: 0x00000000800031E4 (0x00AE9E93) slli t4, t4, 10
x29 <- 0x00000000B504F000
mem[X,0x00000000800031E8] -> 0x8E93
mem[X,0x00000000800031EA] -> 0x334E
[3199] [M]: 0x00000000800031E8 (0x334E8E93) addi t4, t4, 820
x29 <- 0x00000000B504F334
clint::tick mtime <- 0x0000000000000020
 clint timer pending at mtime 0x0000000000000020
htif::tick 0x0000000000000000
mem[X,0x00000000800031EC] -> 0x4FB3
mem[X,0x00000000800031EE] -> 0x03DF
[3200] [M]: 0x00000000800031EC (0x03DF4FB3) div t6, t5, t4
x31 <- 0x00000000000000B5
mem[X,0x00000000800031F0] -> 0xB023
mem[X,0x00000000800031F2] -> 0x51F6
[3201] [M]: 0x00000000800031F0 (0x51F6B023) sd t6, 1280(a3)
mem[0x000000008000D880] <- 0x00000000000000B5
mem[X,0x00000000800031F4] -> 0x0F13
mem[X,0x00000000800031F6] -> 0x0010
[3202] [M]: 0x00000000800031F4 (0x00100F13) addi t5, zero, 1
x30 <- 0x0000000000000001
mem[X,0x00000000800031F8] -> 0x1F13
mem[X,0x00000000800031FA] -> 0x028F
[3203] [M]: 0x00000000800031F8 (0x028F1F13) slli t5, t5, 40
x30 <- 0x0000010000000000
mem[X,0x00000000800031FC] -> 0x0EB7
mem[X,0x00000000800031FE] -> 0x0000
[3204] [M]: 0x00000000800031FC (0x00000EB7) lui t4, 0
x29 <- 0x0000000000000000
mem[X,0x0000000080003200] -> 0x8E93
mem[X,0x0000000080003202] -> 0x000E
[3205] [M]: 0x0000000080003200 (0x000E8E93) addi t4, t4, 0
x29 <- 0x0000000000000000
mem[X,0x0000000080003204] -> 0x9E93
mem[X,0x0000000080003206] -> 0x00BE
[3206] [M]: 0x0000000080003204 (0x00BE9E93) slli t4, t4, 11
x29 <- 0x0000000000000000
mem[X,0x0000000080003208] -> 0x8E93
mem[X,0x000000008000320A] -> 0x5A8E
[3207] [M]: 0x0000000080003208 (0x5A8E8E93) addi t4, t4, 1448
x29 <- 0x00000000000005A8
mem[X,0x000000008000320C] -> 0x9E93
mem[X,0x000000008000320E] -> 0x00BE
[3208] [M]: 0x000000008000320C (0x00BE9E93) slli t4, t4, 11
x29 <- 0x00000000002D4000
mem[X,0x0000000080003210] -> 0x8E93
mem[X,0x0000000080003212] -> 0x13CE
[3209] [M]: 0x0000000080003210 (0x13CE8E93) addi t4, t4, 316
x29 <- 0x00000000002D413C
mem[X,0x0000000080003214] -> 0x9E93
mem[X,0x0000000080003216] -> 0x00AE
[3210] [M]: 0x0000000080003214 (0x00AE9E93) slli t4, t4, 10
x29 <- 0x00000000B504F000
mem[X,0x0000000080003218] -> 0x8E93
mem[X,0x000000008000321A] -> 0x334E
[3211] [M]: 0x0000000080003218 (0x334E8E93) addi t4, t4, 820
x29 <- 0x00000000B504F334
mem[X,0x000000008000321C] -> 0x4FB3
mem[X,0x000000008000321E] -> 0x03DF
[3212] [M]: 0x000000008000321C (0x03DF4FB3) div t6, t5, t4
x31 <- 0x000000000000016A
mem[X,0x0000000080003220] -> 0xB423
mem[X,0x0000000080003222] -> 0x51F6
[3213] [M]: 0x0000000080003220 (0x51F6B423) sd t6, 1288(a3)
mem[0x000000008000D888] <- 0x000000000000016A
mem[X,0x0000000080003224] -> 0x0F13
mem[X,0x0000000080003226] -> 0x0010
[3214] [M]: 0x0000000080003224 (0x00100F13) addi t5, zero, 1
x30 <- 0x0000000000000001
mem[X,0x0000000080003228] -> 0x1F13
mem[X,0x000000008000322A] -> 0x029F
[3215] [M]: 0x0000000080003228 (0x029F1F13) slli t5, t5, 41
x30 <- 0x0000020000000000
mem[X,0x000000008000322C] -> 0x0EB7
mem[X,0x000000008000322E] -> 0x0000
[3216] [M]: 0x000000008000322C (0x00000EB7) lui t4, 0
x29 <- 0x0000000000000000
mem[X,0x0000000080003230] -> 0x8E93
mem[X,0x0000000080003232] -> 0x000E
[3217] [M]: 0x0000000080003230 (0x000E8E93) addi t4, t4, 0
x29 <- 0x0000000000000000
mem[X,0x0000000080003234] -> 0x9E93
mem[X,0x0000000080003236] -> 0x00BE
[3218] [M]: 0x0000000080003234 (0x00BE9E93) slli t4, t4, 11
x29 <- 0x0000000000000000
mem[X,0x0000000080003238] -> 0x8E93
mem[X,0x000000008000323A] -> 0x5A8E
[3219] [M]: 0x0000000080003238 (0x5A8E8E93) addi t4, t4, 1448
x29 <- 0x00000000000005A8
mem[X,0x000000008000323C] -> 0x9E93
mem[X,0x000000008000323E] -> 0x00BE
[3220] [M]: 0x000000008000323C (0x00BE9E93) slli t4, t4, 11
x29 <- 0x00000000002D4000
mem[X,0x0000000080003240] -> 0x8E93
mem[X,0x0000000080003242] -> 0x13CE
[3221] [M]: 0x0000000080003240 (0x13CE8E93) addi t4, t4, 316
x29 <- 0x00000000002D413C
mem[X,0x0000000080003244] -> 0x9E93
mem[X,0x0000000080003246] -> 0x00AE
[3222] [M]: 0x0000000080003244 (0x00AE9E93) slli t4, t4, 10
x29 <- 0x00000000B504F000
mem[X,0x0000000080003248] -> 0x8E93
mem[X,0x000000008000324A] -> 0x334E
[3223] [M]: 0x0000000080003248 (0x334E8E93) addi t4, t4, 820
x29 <- 0x00000000B504F334
mem[X,0x000000008000324C] -> 0x4FB3
mem[X,0x000000008000324E] -> 0x03DF
[3224] [M]: 0x000000008000324C (0x03DF4FB3) div t6, t5, t4
x31 <- 0x00000000000002D4
mem[X,0x0000000080003250] -> 0xB823
mem[X,0x0000000080003252] -> 0x51F6
[3225] [M]: 0x0000000080003250 (0x51F6B823) sd t6, 1296(a3)
mem[0x000000008000D890] <- 0x00000000000002D4
mem[X,0x0000000080003254] -> 0x0F13
mem[X,0x0000000080003256] -> 0x0010
[3226] [M]: 0x0000000080003254 (0x00100F13) addi t5, zero, 1
x30 <- 0x0000000000000001
mem[X,0x0000000080003258] -> 0x1F13
mem[X,0x000000008000325A] -> 0x02AF
[3227] [M]: 0x0000000080003258 (0x02AF1F13) slli t5, t5, 42
x30 <- 0x0000040000000000
mem[X,0x000000008000325C] -> 0x0EB7
mem[X,0x000000008000325E] -> 0x0000
[3228] [M]: 0x000000008000325C (0x00000EB7) lui t4, 0
x29 <- 0x0000000000000000
mem[X,0x0000000080003260] -> 0x8E93
mem[X,0x0000000080003262] -> 0x000E
[3229] [M]: 0x0000000080003260 (0x000E8E93) addi t4, t4, 0
x29 <- 0x0000000000000000
mem[X,0x0000000080003264] -> 0x9E93
mem[X,0x0000000080003266] -> 0x00BE
[3230] [M]: 0x0000000080003264 (0x00BE9E93) slli t4, t4, 11
x29 <- 0x0000000000000000
mem[X,0x0000000080003268] -> 0x8E93
mem[X,0x000000008000326A] -> 0x5A8E
[3231] [M]: 0x0000000080003268 (0x5A8E8E93) addi t4, t4, 1448
x29 <- 0x00000000000005A8
mem[X,0x000000008000326C] -> 0x9E93
mem[X,0x000000008000326E] -> 0x00BE
[3232] [M]: 0x000000008000326C (0x00BE9E93) slli t4, t4, 11
x29 <- 0x00000000002D4000
mem[X,0x0000000080003270] -> 0x8E93
mem[X,0x0000000080003272] -> 0x13CE
[3233] [M]: 0x0000000080003270 (0x13CE8E93) addi t4, t4, 316
x29 <- 0x00000000002D413C
mem[X,0x0000000080003274] -> 0x9E93
mem[X,0x0000000080003276] -> 0x00AE
[3234] [M]: 0x0000000080003274 (0x00AE9E93) slli t4, t4, 10
x29 <- 0x00000000B504F000
mem[X,0x0000000080003278] -> 0x8E93
mem[X,0x000000008000327A] -> 0x334E
[3235] [M]: 0x0000000080003278 (0x334E8E93) addi t4, t4, 820
x29 <- 0x00000000B504F334
mem[X,0x000000008000327C] -> 0x4FB3
mem[X,0x000000008000327E] -> 0x03DF
[3236] [M]: 0x000000008000327C (0x03DF4FB3) div t6, t5, t4
x31 <- 0x00000000000005A8
mem[X,0x0000000080003280] -> 0xBC23
mem[X,0x0000000080003282] -> 0x51F6
[3237] [M]: 0x0000000080003280 (0x51F6BC23) sd t6, 1304(a3)
mem[0x000000008000D898] <- 0x00000000000005A8
mem[X,0x0000000080003284] -> 0x0F13
mem[X,0x0000000080003286] -> 0x0010
[3238] [M]: 0x0000000080003284 (0x00100F13) addi t5, zero, 1
x30 <- 0x0000000000000001
mem[X,0x0000000080003288] -> 0x1F13
mem[X,0x000000008000328A] -> 0x02BF
[3239] [M]: 0x0000000080003288 (0x02BF1F13) slli t5, t5, 43
x30 <- 0x0000080000000000
mem[X,0x000000008000328C] -> 0x0EB7
mem[X,0x000000008000328E] -> 0x0000
[3240] [M]: 0x000000008000328C (0x00000EB7) lui t4, 0
x29 <- 0x0000000000000000
mem[X,0x0000000080003290] -> 0x8E93
mem[X,0x0000000080003292] -> 0x000E
[3241] [M]: 0x0000000080003290 (0x000E8E93) addi t4, t4, 0
x29 <- 0x0000000000000000
mem[X,0x0000000080003294] -> 0x9E93
mem[X,0x0000000080003296] -> 0x00BE
[3242] [M]: 0x0000000080003294 (0x00BE9E93) slli t4, t4, 11
x29 <- 0x0000000000000000
mem[X,0x0000000080003298] -> 0x8E93
mem[X,0x000000008000329A] -> 0x5A8E
[3243] [M]: 0x0000000080003298 (0x5A8E8E93) addi t4, t4, 1448
x29 <- 0x00000000000005A8
mem[X,0x000000008000329C] -> 0x9E93
mem[X,0x000000008000329E] -> 0x00BE
[3244] [M]: 0x000000008000329C (0x00BE9E93) slli t4, t4, 11
x29 <- 0x00000000002D4000
mem[X,0x00000000800032A0] -> 0x8E93
mem[X,0x00000000800032A2] -> 0x13CE
[3245] [M]: 0x00000000800032A0 (0x13CE8E93) addi t4, t4, 316
x29 <- 0x00000000002D413C
mem[X,0x00000000800032A4] -> 0x9E93
mem[X,0x00000000800032A6] -> 0x00AE
[3246] [M]: 0x00000000800032A4 (0x00AE9E93) slli t4, t4, 10
x29 <- 0x00000000B504F000
mem[X,0x00000000800032A8] -> 0x8E93
mem[X,0x00000000800032AA] -> 0x334E
[3247] [M]: 0x00000000800032A8 (0x334E8E93) addi t4, t4, 820
x29 <- 0x00000000B504F334
mem[X,0x00000000800032AC] -> 0x4FB3
mem[X,0x00000000800032AE] -> 0x03DF
[3248] [M]: 0x00000000800032AC (0x03DF4FB3) div t6, t5, t4
x31 <- 0x0000000000000B50
mem[X,0x00000000800032B0] -> 0xB023
mem[X,0x00000000800032B2] -> 0x53F6
[3249] [M]: 0x00000000800032B0 (0x53F6B023) sd t6, 1312(a3)
mem[0x000000008000D8A0] <- 0x0000000000000B50
mem[X,0x00000000800032B4] -> 0x0F13
mem[X,0x00000000800032B6] -> 0x0010
[3250] [M]: 0x00000000800032B4 (0x00100F13) addi t5, zero, 1
x30 <- 0x0000000000000001
mem[X,0x00000000800032B8] -> 0x1F13
mem[X,0x00000000800032BA] -> 0x02CF
[3251] [M]: 0x00000000800032B8 (0x02CF1F13) slli t5, t5, 44
x30 <- 0x0000100000000000
mem[X,0x00000000800032BC] -> 0x0EB7
mem[X,0x00000000800032BE] -> 0x0000
[3252] [M]: 0x00000000800032BC (0x00000EB7) lui t4, 0
x29 <- 0x0000000000000000
mem[X,0x00000000800032C0] -> 0x8E93
mem[X,0x00000000800032C2] -> 0x000E
[3253] [M]: 0x00000000800032C0 (0x000E8E93) addi t4, t4, 0
x29 <- 0x0000000000000000
mem[X,0x00000000800032C4] -> 0x9E93
mem[X,0x00000000800032C6] -> 0x00BE
[3254] [M]: 0x00000000800032C4 (0x00BE9E93) slli t4, t4, 11
x29 <- 0x0000000000000000
mem[X,0x00000000800032C8] -> 0x8E93
mem[X,0x00000000800032CA] -> 0x5A8E
[3255] [M]: 0x00000000800032C8 (0x5A8E8E93) addi t4, t4, 1448
x29 <- 0x00000000000005A8
mem[X,0x00000000800032CC] -> 0x9E93
mem[X,0x00000000800032CE] -> 0x00BE
[3256] [M]: 0x00000000800032CC (0x00BE9E93) slli t4, t4, 11
x29 <- 0x00000000002D4000
mem[X,0x00000000800032D0] -> 0x8E93
mem[X,0x00000000800032D2] -> 0x13CE
[3257] [M]: 0x00000000800032D0 (0x13CE8E93) addi t4, t4, 316
x29 <- 0x00000000002D413C
mem[X,0x00000000800032D4] -> 0x9E93
mem[X,0x00000000800032D6] -> 0x00AE
[3258] [M]: 0x00000000800032D4 (0x00AE9E93) slli t4, t4, 10
x29 <- 0x00000000B504F000
mem[X,0x00000000800032D8] -> 0x8E93
mem[X,0x00000000800032DA] -> 0x334E
[3259] [M]: 0x00000000800032D8 (0x334E8E93) addi t4, t4, 820
x29 <- 0x00000000B504F334
mem[X,0x00000000800032DC] -> 0x4FB3
mem[X,0x00000000800032DE] -> 0x03DF
[3260] [M]: 0x00000000800032DC (0x03DF4FB3) div t6, t5, t4
x31 <- 0x00000000000016A0
mem[X,0x00000000800032E0] -> 0xB423
mem[X,0x00000000800032E2] -> 0x53F6
[3261] [M]: 0x00000000800032E0 (0x53F6B423) sd t6, 1320(a3)
mem[0x000000008000D8A8] <- 0x00000000000016A0
mem[X,0x00000000800032E4] -> 0x0F13
mem[X,0x00000000800032E6] -> 0x0010
[3262] [M]: 0x00000000800032E4 (0x00100F13) addi t5, zero, 1
x30 <- 0x0000000000000001
mem[X,0x00000000800032E8] -> 0x1F13
mem[X,0x00000000800032EA] -> 0x02DF
[3263] [M]: 0x00000000800032E8 (0x02DF1F13) slli t5, t5, 45
x30 <- 0x0000200000000000
mem[X,0x00000000800032EC] -> 0x0EB7
mem[X,0x00000000800032EE] -> 0x0000
[3264] [M]: 0x00000000800032EC (0x00000EB7) lui t4, 0
x29 <- 0x0000000000000000
mem[X,0x00000000800032F0] -> 0x8E93
mem[X,0x00000000800032F2] -> 0x000E
[3265] [M]: 0x00000000800032F0 (0x000E8E93) addi t4, t4, 0
x29 <- 0x0000000000000000
mem[X,0x00000000800032F4] -> 0x9E93
mem[X,0x00000000800032F6] -> 0x00BE
[3266] [M]: 0x00000000800032F4 (0x00BE9E93) slli t4, t4, 11
x29 <- 0x0000000000000000
mem[X,0x00000000800032F8] -> 0x8E93
mem[X,0x00000000800032FA] -> 0x5A8E
[3267] [M]: 0x00000000800032F8 (0x5A8E8E93) addi t4, t4, 1448
x29 <- 0x00000000000005A8
mem[X,0x00000000800032FC] -> 0x9E93
mem[X,0x00000000800032FE] -> 0x00BE
[3268] [M]: 0x00000000800032FC (0x00BE9E93) slli t4, t4, 11
x29 <- 0x00000000002D4000
mem[X,0x0000000080003300] -> 0x8E93
mem[X,0x0000000080003302] -> 0x13CE
[3269] [M]: 0x0000000080003300 (0x13CE8E93) addi t4, t4, 316
x29 <- 0x00000000002D413C
mem[X,0x0000000080003304] -> 0x9E93
mem[X,0x0000000080003306] -> 0x00AE
[3270] [M]: 0x0000000080003304 (0x00AE9E93) slli t4, t4, 10
x29 <- 0x00000000B504F000
mem[X,0x0000000080003308] -> 0x8E93
mem[X,0x000000008000330A] -> 0x334E
[3271] [M]: 0x0000000080003308 (0x334E8E93) addi t4, t4, 820
x29 <- 0x00000000B504F334
mem[X,0x000000008000330C] -> 0x4FB3
mem[X,0x000000008000330E] -> 0x03DF
[3272] [M]: 0x000000008000330C (0x03DF4FB3) div t6, t5, t4
x31 <- 0x0000000000002D41
mem[X,0x0000000080003310] -> 0xB823
mem[X,0x0000000080003312] -> 0x53F6
[3273] [M]: 0x0000000080003310 (0x53F6B823) sd t6, 1328(a3)
mem[0x000000008000D8B0] <- 0x0000000000002D41
mem[X,0x0000000080003314] -> 0x0F13
mem[X,0x0000000080003316] -> 0x0010
[3274] [M]: 0x0000000080003314 (0x00100F13) addi t5, zero, 1
x30 <- 0x0000000000000001
mem[X,0x0000000080003318] -> 0x1F13
mem[X,0x000000008000331A] -> 0x02EF
[3275] [M]: 0x0000000080003318 (0x02EF1F13) slli t5, t5, 46
x30 <- 0x0000400000000000
mem[X,0x000000008000331C] -> 0x0EB7
mem[X,0x000000008000331E] -> 0x0000
[3276] [M]: 0x000000008000331C (0x00000EB7) lui t4, 0
x29 <- 0x0000000000000000
mem[X,0x0000000080003320] -> 0x8E93
mem[X,0x0000000080003322] -> 0x000E
[3277] [M]: 0x0000000080003320 (0x000E8E93) addi t4, t4, 0
x29 <- 0x0000000000000000
mem[X,0x0000000080003324] -> 0x9E93
mem[X,0x0000000080003326] -> 0x00BE
[3278] [M]: 0x0000000080003324 (0x00BE9E93) slli t4, t4, 11
x29 <- 0x0000000000000000
mem[X,0x0000000080003328] -> 0x8E93
mem[X,0x000000008000332A] -> 0x5A8E
[3279] [M]: 0x0000000080003328 (0x5A8E8E93) addi t4, t4, 1448
x29 <- 0x00000000000005A8
mem[X,0x000000008000332C] -> 0x9E93
mem[X,0x000000008000332E] -> 0x00BE
[3280] [M]: 0x000000008000332C (0x00BE9E93) slli t4, t4, 11
x29 <- 0x00000000002D4000
mem[X,0x0000000080003330] -> 0x8E93
mem[X,0x0000000080003332] -> 0x13CE
[3281] [M]: 0x0000000080003330 (0x13CE8E93) addi t4, t4, 316
x29 <- 0x00000000002D413C
mem[X,0x0000000080003334] -> 0x9E93
mem[X,0x0000000080003336] -> 0x00AE
[3282] [M]: 0x0000000080003334 (0x00AE9E93) slli t4, t4, 10
x29 <- 0x00000000B504F000
mem[X,0x0000000080003338] -> 0x8E93
mem[X,0x000000008000333A] -> 0x334E
[3283] [M]: 0x0000000080003338 (0x334E8E93) addi t4, t4, 820
x29 <- 0x00000000B504F334
mem[X,0x000000008000333C] -> 0x4FB3
mem[X,0x000000008000333E] -> 0x03DF
[3284] [M]: 0x000000008000333C (0x03DF4FB3) div t6, t5, t4
x31 <- 0x0000000000005A82
mem[X,0x0000000080003340] -> 0xBC23
mem[X,0x0000000080003342] -> 0x53F6
[3285] [M]: 0x0000000080003340 (0x53F6BC23) sd t6, 1336(a3)
mem[0x000000008000D8B8] <- 0x0000000000005A82
mem[X,0x0000000080003344] -> 0x0F13
mem[X,0x0000000080003346] -> 0x0010
[3286] [M]: 0x0000000080003344 (0x00100F13) addi t5, zero, 1
x30 <- 0x0000000000000001
mem[X,0x0000000080003348] -> 0x1F13
mem[X,0x000000008000334A] -> 0x02FF
[3287] [M]: 0x0000000080003348 (0x02FF1F13) slli t5, t5, 47
x30 <- 0x0000800000000000
mem[X,0x000000008000334C] -> 0x0EB7
mem[X,0x000000008000334E] -> 0x0000
[3288] [M]: 0x000000008000334C (0x00000EB7) lui t4, 0
x29 <- 0x0000000000000000
mem[X,0x0000000080003350] -> 0x8E93
mem[X,0x0000000080003352] -> 0x000E
[3289] [M]: 0x0000000080003350 (0x000E8E93) addi t4, t4, 0
x29 <- 0x0000000000000000
mem[X,0x0000000080003354] -> 0x9E93
mem[X,0x0000000080003356] -> 0x00BE
[3290] [M]: 0x0000000080003354 (0x00BE9E93) slli t4, t4, 11
x29 <- 0x0000000000000000
mem[X,0x0000000080003358] -> 0x8E93
mem[X,0x000000008000335A] -> 0x5A8E
[3291] [M]: 0x0000000080003358 (0x5A8E8E93) addi t4, t4, 1448
x29 <- 0x00000000000005A8
mem[X,0x000000008000335C] -> 0x9E93
mem[X,0x000000008000335E] -> 0x00BE
[3292] [M]: 0x000000008000335C (0x00BE9E93) slli t4, t4, 11
x29 <- 0x00000000002D4000
mem[X,0x0000000080003360] -> 0x8E93
mem[X,0x0000000080003362] -> 0x13CE
[3293] [M]: 0x0000000080003360 (0x13CE8E93) addi t4, t4, 316
x29 <- 0x00000000002D413C
mem[X,0x0000000080003364] -> 0x9E93
mem[X,0x0000000080003366] -> 0x00AE
[3294] [M]: 0x0000000080003364 (0x00AE9E93) slli t4, t4, 10
x29 <- 0x00000000B504F000
mem[X,0x0000000080003368] -> 0x8E93
mem[X,0x000000008000336A] -> 0x334E
[3295] [M]: 0x0000000080003368 (0x334E8E93) addi t4, t4, 820
x29 <- 0x00000000B504F334
mem[X,0x000000008000336C] -> 0x4FB3
mem[X,0x000000008000336E] -> 0x03DF
[3296] [M]: 0x000000008000336C (0x03DF4FB3) div t6, t5, t4
x31 <- 0x000000000000B504
mem[X,0x0000000080003370] -> 0xB023
mem[X,0x0000000080003372] -> 0x55F6
[3297] [M]: 0x0000000080003370 (0x55F6B023) sd t6, 1344(a3)
mem[0x000000008000D8C0] <- 0x000000000000B504
mem[X,0x0000000080003374] -> 0x0F13
mem[X,0x0000000080003376] -> 0x0010
[3298] [M]: 0x0000000080003374 (0x00100F13) addi t5, zero, 1
x30 <- 0x0000000000000001
mem[X,0x0000000080003378] -> 0x1F13
mem[X,0x000000008000337A] -> 0x030F
[3299] [M]: 0x0000000080003378 (0x030F1F13) slli t5, t5, 48
x30 <- 0x0001000000000000
clint::tick mtime <- 0x0000000000000021
 clint timer pending at mtime 0x0000000000000021
htif::tick 0x0000000000000000
mem[X,0x000000008000337C] -> 0x0EB7
mem[X,0x000000008000337E] -> 0x0000
[3300] [M]: 0x000000008000337C (0x00000EB7) lui t4, 0
x29 <- 0x0000000000000000
mem[X,0x0000000080003380] -> 0x8E93
mem[X,0x0000000080003382] -> 0x000E
[3301] [M]: 0x0000000080003380 (0x000E8E93) addi t4, t4, 0
x29 <- 0x0000000000000000
mem[X,0x0000000080003384] -> 0x9E93
mem[X,0x0000000080003386] -> 0x00BE
[3302] [M]: 0x0000000080003384 (0x00BE9E93) slli t4, t4, 11
x29 <- 0x0000000000000000
mem[X,0x0000000080003388] -> 0x8E93
mem[X,0x000000008000338A] -> 0x5A8E
[3303] [M]: 0x0000000080003388 (0x5A8E8E93) addi t4, t4, 1448
x29 <- 0x00000000000005A8
mem[X,0x000000008000338C] -> 0x9E93
mem[X,0x000000008000338E] -> 0x00BE
[3304] [M]: 0x000000008000338C (0x00BE9E93) slli t4, t4, 11
x29 <- 0x00000000002D4000
mem[X,0x0000000080003390] -> 0x8E93
mem[X,0x0000000080003392] -> 0x13CE
[3305] [M]: 0x0000000080003390 (0x13CE8E93) addi t4, t4, 316
x29 <- 0x00000000002D413C
mem[X,0x0000000080003394] -> 0x9E93
mem[X,0x0000000080003396] -> 0x00AE
[3306] [M]: 0x0000000080003394 (0x00AE9E93) slli t4, t4, 10
x29 <- 0x00000000B504F000
mem[X,0x0000000080003398] -> 0x8E93
mem[X,0x000000008000339A] -> 0x334E
[3307] [M]: 0x0000000080003398 (0x334E8E93) addi t4, t4, 820
x29 <- 0x00000000B504F334
mem[X,0x000000008000339C] -> 0x4FB3
mem[X,0x000000008000339E] -> 0x03DF
[3308] [M]: 0x000000008000339C (0x03DF4FB3) div t6, t5, t4
x31 <- 0x0000000000016A09
mem[X,0x00000000800033A0] -> 0xB423
mem[X,0x00000000800033A2] -> 0x55F6
[3309] [M]: 0x00000000800033A0 (0x55F6B423) sd t6, 1352(a3)
mem[0x000000008000D8C8] <- 0x0000000000016A09
mem[X,0x00000000800033A4] -> 0x0F13
mem[X,0x00000000800033A6] -> 0x0010
[3310] [M]: 0x00000000800033A4 (0x00100F13) addi t5, zero, 1
x30 <- 0x0000000000000001
mem[X,0x00000000800033A8] -> 0x1F13
mem[X,0x00000000800033AA] -> 0x031F
[3311] [M]: 0x00000000800033A8 (0x031F1F13) slli t5, t5, 49
x30 <- 0x0002000000000000
mem[X,0x00000000800033AC] -> 0x0EB7
mem[X,0x00000000800033AE] -> 0x0000
[3312] [M]: 0x00000000800033AC (0x00000EB7) lui t4, 0
x29 <- 0x0000000000000000
mem[X,0x00000000800033B0] -> 0x8E93
mem[X,0x00000000800033B2] -> 0x000E
[3313] [M]: 0x00000000800033B0 (0x000E8E93) addi t4, t4, 0
x29 <- 0x0000000000000000
mem[X,0x00000000800033B4] -> 0x9E93
mem[X,0x00000000800033B6] -> 0x00BE
[3314] [M]: 0x00000000800033B4 (0x00BE9E93) slli t4, t4, 11
x29 <- 0x0000000000000000
mem[X,0x00000000800033B8] -> 0x8E93
mem[X,0x00000000800033BA] -> 0x5A8E
[3315] [M]: 0x00000000800033B8 (0x5A8E8E93) addi t4, t4, 1448
x29 <- 0x00000000000005A8
mem[X,0x00000000800033BC] -> 0x9E93
mem[X,0x00000000800033BE] -> 0x00BE
[3316] [M]: 0x00000000800033BC (0x00BE9E93) slli t4, t4, 11
x29 <- 0x00000000002D4000
mem[X,0x00000000800033C0] -> 0x8E93
mem[X,0x00000000800033C2] -> 0x13CE
[3317] [M]: 0x00000000800033C0 (0x13CE8E93) addi t4, t4, 316
x29 <- 0x00000000002D413C
mem[X,0x00000000800033C4] -> 0x9E93
mem[X,0x00000000800033C6] -> 0x00AE
[3318] [M]: 0x00000000800033C4 (0x00AE9E93) slli t4, t4, 10
x29 <- 0x00000000B504F000
mem[X,0x00000000800033C8] -> 0x8E93
mem[X,0x00000000800033CA] -> 0x334E
[3319] [M]: 0x00000000800033C8 (0x334E8E93) addi t4, t4, 820
x29 <- 0x00000000B504F334
mem[X,0x00000000800033CC] -> 0x4FB3
mem[X,0x00000000800033CE] -> 0x03DF
[3320] [M]: 0x00000000800033CC (0x03DF4FB3) div t6, t5, t4
x31 <- 0x000000000002D413
mem[X,0x00000000800033D0] -> 0xB823
mem[X,0x00000000800033D2] -> 0x55F6
[3321] [M]: 0x00000000800033D0 (0x55F6B823) sd t6, 1360(a3)
mem[0x000000008000D8D0] <- 0x000000000002D413
mem[X,0x00000000800033D4] -> 0x0F13
mem[X,0x00000000800033D6] -> 0x0010
[3322] [M]: 0x00000000800033D4 (0x00100F13) addi t5, zero, 1
x30 <- 0x0000000000000001
mem[X,0x00000000800033D8] -> 0x1F13
mem[X,0x00000000800033DA] -> 0x032F
[3323] [M]: 0x00000000800033D8 (0x032F1F13) slli t5, t5, 50
x30 <- 0x0004000000000000
mem[X,0x00000000800033DC] -> 0x0EB7
mem[X,0x00000000800033DE] -> 0x0000
[3324] [M]: 0x00000000800033DC (0x00000EB7) lui t4, 0
x29 <- 0x0000000000000000
mem[X,0x00000000800033E0] -> 0x8E93
mem[X,0x00000000800033E2] -> 0x000E
[3325] [M]: 0x00000000800033E0 (0x000E8E93) addi t4, t4, 0
x29 <- 0x0000000000000000
mem[X,0x00000000800033E4] -> 0x9E93
mem[X,0x00000000800033E6] -> 0x00BE
[3326] [M]: 0x00000000800033E4 (0x00BE9E93) slli t4, t4, 11
x29 <- 0x0000000000000000
mem[X,0x00000000800033E8] -> 0x8E93
mem[X,0x00000000800033EA] -> 0x5A8E
[3327] [M]: 0x00000000800033E8 (0x5A8E8E93) addi t4, t4, 1448
x29 <- 0x00000000000005A8
mem[X,0x00000000800033EC] -> 0x9E93
mem[X,0x00000000800033EE] -> 0x00BE
[3328] [M]: 0x00000000800033EC (0x00BE9E93) slli t4, t4, 11
x29 <- 0x00000000002D4000
mem[X,0x00000000800033F0] -> 0x8E93
mem[X,0x00000000800033F2] -> 0x13CE
[3329] [M]: 0x00000000800033F0 (0x13CE8E93) addi t4, t4, 316
x29 <- 0x00000000002D413C
mem[X,0x00000000800033F4] -> 0x9E93
mem[X,0x00000000800033F6] -> 0x00AE
[3330] [M]: 0x00000000800033F4 (0x00AE9E93) slli t4, t4, 10
x29 <- 0x00000000B504F000
mem[X,0x00000000800033F8] -> 0x8E93
mem[X,0x00000000800033FA] -> 0x334E
[3331] [M]: 0x00000000800033F8 (0x334E8E93) addi t4, t4, 820
x29 <- 0x00000000B504F334
mem[X,0x00000000800033FC] -> 0x4FB3
mem[X,0x00000000800033FE] -> 0x03DF
[3332] [M]: 0x00000000800033FC (0x03DF4FB3) div t6, t5, t4
x31 <- 0x000000000005A827
mem[X,0x0000000080003400] -> 0xBC23
mem[X,0x0000000080003402] -> 0x55F6
[3333] [M]: 0x0000000080003400 (0x55F6BC23) sd t6, 1368(a3)
mem[0x000000008000D8D8] <- 0x000000000005A827
mem[X,0x0000000080003404] -> 0x0F13
mem[X,0x0000000080003406] -> 0x0010
[3334] [M]: 0x0000000080003404 (0x00100F13) addi t5, zero, 1
x30 <- 0x0000000000000001
mem[X,0x0000000080003408] -> 0x1F13
mem[X,0x000000008000340A] -> 0x033F
[3335] [M]: 0x0000000080003408 (0x033F1F13) slli t5, t5, 51
x30 <- 0x0008000000000000
mem[X,0x000000008000340C] -> 0x0EB7
mem[X,0x000000008000340E] -> 0x0000
[3336] [M]: 0x000000008000340C (0x00000EB7) lui t4, 0
x29 <- 0x0000000000000000
mem[X,0x0000000080003410] -> 0x8E93
mem[X,0x0000000080003412] -> 0x000E
[3337] [M]: 0x0000000080003410 (0x000E8E93) addi t4, t4, 0
x29 <- 0x0000000000000000
mem[X,0x0000000080003414] -> 0x9E93
mem[X,0x0000000080003416] -> 0x00BE
[3338] [M]: 0x0000000080003414 (0x00BE9E93) slli t4, t4, 11
x29 <- 0x0000000000000000
mem[X,0x0000000080003418] -> 0x8E93
mem[X,0x000000008000341A] -> 0x5A8E
[3339] [M]: 0x0000000080003418 (0x5A8E8E93) addi t4, t4, 1448
x29 <- 0x00000000000005A8
mem[X,0x000000008000341C] -> 0x9E93
mem[X,0x000000008000341E] -> 0x00BE
[3340] [M]: 0x000000008000341C (0x00BE9E93) slli t4, t4, 11
x29 <- 0x00000000002D4000
mem[X,0x0000000080003420] -> 0x8E93
mem[X,0x0000000080003422] -> 0x13CE
[3341] [M]: 0x0000000080003420 (0x13CE8E93) addi t4, t4, 316
x29 <- 0x00000000002D413C
mem[X,0x0000000080003424] -> 0x9E93
mem[X,0x0000000080003426] -> 0x00AE
[3342] [M]: 0x0000000080003424 (0x00AE9E93) slli t4, t4, 10
x29 <- 0x00000000B504F000
mem[X,0x0000000080003428] -> 0x8E93
mem[X,0x000000008000342A] -> 0x334E
[3343] [M]: 0x0000000080003428 (0x334E8E93) addi t4, t4, 820
x29 <- 0x00000000B504F334
mem[X,0x000000008000342C] -> 0x4FB3
mem[X,0x000000008000342E] -> 0x03DF
[3344] [M]: 0x000000008000342C (0x03DF4FB3) div t6, t5, t4
x31 <- 0x00000000000B504F
mem[X,0x0000000080003430] -> 0xB023
mem[X,0x0000000080003432] -> 0x57F6
[3345] [M]: 0x0000000080003430 (0x57F6B023) sd t6, 1376(a3)
mem[0x000000008000D8E0] <- 0x00000000000B504F
mem[X,0x0000000080003434] -> 0x0F13
mem[X,0x0000000080003436] -> 0x0010
[3346] [M]: 0x0000000080003434 (0x00100F13) addi t5, zero, 1
x30 <- 0x0000000000000001
mem[X,0x0000000080003438] -> 0x1F13
mem[X,0x000000008000343A] -> 0x034F
[3347] [M]: 0x0000000080003438 (0x034F1F13) slli t5, t5, 52
x30 <- 0x0010000000000000
mem[X,0x000000008000343C] -> 0x0EB7
mem[X,0x000000008000343E] -> 0x0000
[3348] [M]: 0x000000008000343C (0x00000EB7) lui t4, 0
x29 <- 0x0000000000000000
mem[X,0x0000000080003440] -> 0x8E93
mem[X,0x0000000080003442] -> 0x000E
[3349] [M]: 0x0000000080003440 (0x000E8E93) addi t4, t4, 0
x29 <- 0x0000000000000000
mem[X,0x0000000080003444] -> 0x9E93
mem[X,0x0000000080003446] -> 0x00BE
[3350] [M]: 0x0000000080003444 (0x00BE9E93) slli t4, t4, 11
x29 <- 0x0000000000000000
mem[X,0x0000000080003448] -> 0x8E93
mem[X,0x000000008000344A] -> 0x5A8E
[3351] [M]: 0x0000000080003448 (0x5A8E8E93) addi t4, t4, 1448
x29 <- 0x00000000000005A8
mem[X,0x000000008000344C] -> 0x9E93
mem[X,0x000000008000344E] -> 0x00BE
[3352] [M]: 0x000000008000344C (0x00BE9E93) slli t4, t4, 11
x29 <- 0x00000000002D4000
mem[X,0x0000000080003450] -> 0x8E93
mem[X,0x0000000080003452] -> 0x13CE
[3353] [M]: 0x0000000080003450 (0x13CE8E93) addi t4, t4, 316
x29 <- 0x00000000002D413C
mem[X,0x0000000080003454] -> 0x9E93
mem[X,0x0000000080003456] -> 0x00AE
[3354] [M]: 0x0000000080003454 (0x00AE9E93) slli t4, t4, 10
x29 <- 0x00000000B504F000
mem[X,0x0000000080003458] -> 0x8E93
mem[X,0x000000008000345A] -> 0x334E
[3355] [M]: 0x0000000080003458 (0x334E8E93) addi t4, t4, 820
x29 <- 0x00000000B504F334
mem[X,0x000000008000345C] -> 0x4FB3
mem[X,0x000000008000345E] -> 0x03DF
[3356] [M]: 0x000000008000345C (0x03DF4FB3) div t6, t5, t4
x31 <- 0x000000000016A09E
mem[X,0x0000000080003460] -> 0xB423
mem[X,0x0000000080003462] -> 0x57F6
[3357] [M]: 0x0000000080003460 (0x57F6B423) sd t6, 1384(a3)
mem[0x000000008000D8E8] <- 0x000000000016A09E
mem[X,0x0000000080003464] -> 0x0F13
mem[X,0x0000000080003466] -> 0x0010
[3358] [M]: 0x0000000080003464 (0x00100F13) addi t5, zero, 1
x30 <- 0x0000000000000001
mem[X,0x0000000080003468] -> 0x1F13
mem[X,0x000000008000346A] -> 0x035F
[3359] [M]: 0x0000000080003468 (0x035F1F13) slli t5, t5, 53
x30 <- 0x0020000000000000
mem[X,0x000000008000346C] -> 0x0EB7
mem[X,0x000000008000346E] -> 0x0000
[3360] [M]: 0x000000008000346C (0x00000EB7) lui t4, 0
x29 <- 0x0000000000000000
mem[X,0x0000000080003470] -> 0x8E93
mem[X,0x0000000080003472] -> 0x000E
[3361] [M]: 0x0000000080003470 (0x000E8E93) addi t4, t4, 0
x29 <- 0x0000000000000000
mem[X,0x0000000080003474] -> 0x9E93
mem[X,0x0000000080003476] -> 0x00BE
[3362] [M]: 0x0000000080003474 (0x00BE9E93) slli t4, t4, 11
x29 <- 0x0000000000000000
mem[X,0x0000000080003478] -> 0x8E93
mem[X,0x000000008000347A] -> 0x5A8E
[3363] [M]: 0x0000000080003478 (0x5A8E8E93) addi t4, t4, 1448
x29 <- 0x00000000000005A8
mem[X,0x000000008000347C] -> 0x9E93
mem[X,0x000000008000347E] -> 0x00BE
[3364] [M]: 0x000000008000347C (0x00BE9E93) slli t4, t4, 11
x29 <- 0x00000000002D4000
mem[X,0x0000000080003480] -> 0x8E93
mem[X,0x0000000080003482] -> 0x13CE
[3365] [M]: 0x0000000080003480 (0x13CE8E93) addi t4, t4, 316
x29 <- 0x00000000002D413C
mem[X,0x0000000080003484] -> 0x9E93
mem[X,0x0000000080003486] -> 0x00AE
[3366] [M]: 0x0000000080003484 (0x00AE9E93) slli t4, t4, 10
x29 <- 0x00000000B504F000
mem[X,0x0000000080003488] -> 0x8E93
mem[X,0x000000008000348A] -> 0x334E
[3367] [M]: 0x0000000080003488 (0x334E8E93) addi t4, t4, 820
x29 <- 0x00000000B504F334
mem[X,0x000000008000348C] -> 0x4FB3
mem[X,0x000000008000348E] -> 0x03DF
[3368] [M]: 0x000000008000348C (0x03DF4FB3) div t6, t5, t4
x31 <- 0x00000000002D413C
mem[X,0x0000000080003490] -> 0xB823
mem[X,0x0000000080003492] -> 0x57F6
[3369] [M]: 0x0000000080003490 (0x57F6B823) sd t6, 1392(a3)
mem[0x000000008000D8F0] <- 0x00000000002D413C
mem[X,0x0000000080003494] -> 0x0F13
mem[X,0x0000000080003496] -> 0x0010
[3370] [M]: 0x0000000080003494 (0x00100F13) addi t5, zero, 1
x30 <- 0x0000000000000001
mem[X,0x0000000080003498] -> 0x1F13
mem[X,0x000000008000349A] -> 0x036F
[3371] [M]: 0x0000000080003498 (0x036F1F13) slli t5, t5, 54
x30 <- 0x0040000000000000
mem[X,0x000000008000349C] -> 0x0EB7
mem[X,0x000000008000349E] -> 0x0000
[3372] [M]: 0x000000008000349C (0x00000EB7) lui t4, 0
x29 <- 0x0000000000000000
mem[X,0x00000000800034A0] -> 0x8E93
mem[X,0x00000000800034A2] -> 0x000E
[3373] [M]: 0x00000000800034A0 (0x000E8E93) addi t4, t4, 0
x29 <- 0x0000000000000000
mem[X,0x00000000800034A4] -> 0x9E93
mem[X,0x00000000800034A6] -> 0x00BE
[3374] [M]: 0x00000000800034A4 (0x00BE9E93) slli t4, t4, 11
x29 <- 0x0000000000000000
mem[X,0x00000000800034A8] -> 0x8E93
mem[X,0x00000000800034AA] -> 0x5A8E
[3375] [M]: 0x00000000800034A8 (0x5A8E8E93) addi t4, t4, 1448
x29 <- 0x00000000000005A8
mem[X,0x00000000800034AC] -> 0x9E93
mem[X,0x00000000800034AE] -> 0x00BE
[3376] [M]: 0x00000000800034AC (0x00BE9E93) slli t4, t4, 11
x29 <- 0x00000000002D4000
mem[X,0x00000000800034B0] -> 0x8E93
mem[X,0x00000000800034B2] -> 0x13CE
[3377] [M]: 0x00000000800034B0 (0x13CE8E93) addi t4, t4, 316
x29 <- 0x00000000002D413C
mem[X,0x00000000800034B4] -> 0x9E93
mem[X,0x00000000800034B6] -> 0x00AE
[3378] [M]: 0x00000000800034B4 (0x00AE9E93) slli t4, t4, 10
x29 <- 0x00000000B504F000
mem[X,0x00000000800034B8] -> 0x8E93
mem[X,0x00000000800034BA] -> 0x334E
[3379] [M]: 0x00000000800034B8 (0x334E8E93) addi t4, t4, 820
x29 <- 0x00000000B504F334
mem[X,0x00000000800034BC] -> 0x4FB3
mem[X,0x00000000800034BE] -> 0x03DF
[3380] [M]: 0x00000000800034BC (0x03DF4FB3) div t6, t5, t4
x31 <- 0x00000000005A8279
mem[X,0x00000000800034C0] -> 0xBC23
mem[X,0x00000000800034C2] -> 0x57F6
[3381] [M]: 0x00000000800034C0 (0x57F6BC23) sd t6, 1400(a3)
mem[0x000000008000D8F8] <- 0x00000000005A8279
mem[X,0x00000000800034C4] -> 0x0F13
mem[X,0x00000000800034C6] -> 0x0010
[3382] [M]: 0x00000000800034C4 (0x00100F13) addi t5, zero, 1
x30 <- 0x0000000000000001
mem[X,0x00000000800034C8] -> 0x1F13
mem[X,0x00000000800034CA] -> 0x037F
[3383] [M]: 0x00000000800034C8 (0x037F1F13) slli t5, t5, 55
x30 <- 0x0080000000000000
mem[X,0x00000000800034CC] -> 0x0EB7
mem[X,0x00000000800034CE] -> 0x0000
[3384] [M]: 0x00000000800034CC (0x00000EB7) lui t4, 0
x29 <- 0x0000000000000000
mem[X,0x00000000800034D0] -> 0x8E93
mem[X,0x00000000800034D2] -> 0x000E
[3385] [M]: 0x00000000800034D0 (0x000E8E93) addi t4, t4, 0
x29 <- 0x0000000000000000
mem[X,0x00000000800034D4] -> 0x9E93
mem[X,0x00000000800034D6] -> 0x00BE
[3386] [M]: 0x00000000800034D4 (0x00BE9E93) slli t4, t4, 11
x29 <- 0x0000000000000000
mem[X,0x00000000800034D8] -> 0x8E93
mem[X,0x00000000800034DA] -> 0x5A8E
[3387] [M]: 0x00000000800034D8 (0x5A8E8E93) addi t4, t4, 1448
x29 <- 0x00000000000005A8
mem[X,0x00000000800034DC] -> 0x9E93
mem[X,0x00000000800034DE] -> 0x00BE
[3388] [M]: 0x00000000800034DC (0x00BE9E93) slli t4, t4, 11
x29 <- 0x00000000002D4000
mem[X,0x00000000800034E0] -> 0x8E93
mem[X,0x00000000800034E2] -> 0x13CE
[3389] [M]: 0x00000000800034E0 (0x13CE8E93) addi t4, t4, 316
x29 <- 0x00000000002D413C
mem[X,0x00000000800034E4] -> 0x9E93
mem[X,0x00000000800034E6] -> 0x00AE
[3390] [M]: 0x00000000800034E4 (0x00AE9E93) slli t4, t4, 10
x29 <- 0x00000000B504F000
mem[X,0x00000000800034E8] -> 0x8E93
mem[X,0x00000000800034EA] -> 0x334E
[3391] [M]: 0x00000000800034E8 (0x334E8E93) addi t4, t4, 820
x29 <- 0x00000000B504F334
mem[X,0x00000000800034EC] -> 0x4FB3
mem[X,0x00000000800034EE] -> 0x03DF
[3392] [M]: 0x00000000800034EC (0x03DF4FB3) div t6, t5, t4
x31 <- 0x0000000000B504F3
mem[X,0x00000000800034F0] -> 0xB023
mem[X,0x00000000800034F2] -> 0x59F6
[3393] [M]: 0x00000000800034F0 (0x59F6B023) sd t6, 1408(a3)
mem[0x000000008000D900] <- 0x0000000000B504F3
mem[X,0x00000000800034F4] -> 0x0F13
mem[X,0x00000000800034F6] -> 0x0010
[3394] [M]: 0x00000000800034F4 (0x00100F13) addi t5, zero, 1
x30 <- 0x0000000000000001
mem[X,0x00000000800034F8] -> 0x1F13
mem[X,0x00000000800034FA] -> 0x038F
[3395] [M]: 0x00000000800034F8 (0x038F1F13) slli t5, t5, 56
x30 <- 0x0100000000000000
mem[X,0x00000000800034FC] -> 0x0EB7
mem[X,0x00000000800034FE] -> 0x0000
[3396] [M]: 0x00000000800034FC (0x00000EB7) lui t4, 0
x29 <- 0x0000000000000000
mem[X,0x0000000080003500] -> 0x8E93
mem[X,0x0000000080003502] -> 0x000E
[3397] [M]: 0x0000000080003500 (0x000E8E93) addi t4, t4, 0
x29 <- 0x0000000000000000
mem[X,0x0000000080003504] -> 0x9E93
mem[X,0x0000000080003506] -> 0x00BE
[3398] [M]: 0x0000000080003504 (0x00BE9E93) slli t4, t4, 11
x29 <- 0x0000000000000000
mem[X,0x0000000080003508] -> 0x8E93
mem[X,0x000000008000350A] -> 0x5A8E
[3399] [M]: 0x0000000080003508 (0x5A8E8E93) addi t4, t4, 1448
x29 <- 0x00000000000005A8
clint::tick mtime <- 0x0000000000000022
 clint timer pending at mtime 0x0000000000000022
htif::tick 0x0000000000000000
mem[X,0x000000008000350C] -> 0x9E93
mem[X,0x000000008000350E] -> 0x00BE
[3400] [M]: 0x000000008000350C (0x00BE9E93) slli t4, t4, 11
x29 <- 0x00000000002D4000
mem[X,0x0000000080003510] -> 0x8E93
mem[X,0x0000000080003512] -> 0x13CE
[3401] [M]: 0x0000000080003510 (0x13CE8E93) addi t4, t4, 316
x29 <- 0x00000000002D413C
mem[X,0x0000000080003514] -> 0x9E93
mem[X,0x0000000080003516] -> 0x00AE
[3402] [M]: 0x0000000080003514 (0x00AE9E93) slli t4, t4, 10
x29 <- 0x00000000B504F000
mem[X,0x0000000080003518] -> 0x8E93
mem[X,0x000000008000351A] -> 0x334E
[3403] [M]: 0x0000000080003518 (0x334E8E93) addi t4, t4, 820
x29 <- 0x00000000B504F334
mem[X,0x000000008000351C] -> 0x4FB3
mem[X,0x000000008000351E] -> 0x03DF
[3404] [M]: 0x000000008000351C (0x03DF4FB3) div t6, t5, t4
x31 <- 0x00000000016A09E6
mem[X,0x0000000080003520] -> 0xB423
mem[X,0x0000000080003522] -> 0x59F6
[3405] [M]: 0x0000000080003520 (0x59F6B423) sd t6, 1416(a3)
mem[0x000000008000D908] <- 0x00000000016A09E6
mem[X,0x0000000080003524] -> 0x0F13
mem[X,0x0000000080003526] -> 0x0010
[3406] [M]: 0x0000000080003524 (0x00100F13) addi t5, zero, 1
x30 <- 0x0000000000000001
mem[X,0x0000000080003528] -> 0x1F13
mem[X,0x000000008000352A] -> 0x039F
[3407] [M]: 0x0000000080003528 (0x039F1F13) slli t5, t5, 57
x30 <- 0x0200000000000000
mem[X,0x000000008000352C] -> 0x0EB7
mem[X,0x000000008000352E] -> 0x0000
[3408] [M]: 0x000000008000352C (0x00000EB7) lui t4, 0
x29 <- 0x0000000000000000
mem[X,0x0000000080003530] -> 0x8E93
mem[X,0x0000000080003532] -> 0x000E
[3409] [M]: 0x0000000080003530 (0x000E8E93) addi t4, t4, 0
x29 <- 0x0000000000000000
mem[X,0x0000000080003534] -> 0x9E93
mem[X,0x0000000080003536] -> 0x00BE
[3410] [M]: 0x0000000080003534 (0x00BE9E93) slli t4, t4, 11
x29 <- 0x0000000000000000
mem[X,0x0000000080003538] -> 0x8E93
mem[X,0x000000008000353A] -> 0x5A8E
[3411] [M]: 0x0000000080003538 (0x5A8E8E93) addi t4, t4, 1448
x29 <- 0x00000000000005A8
mem[X,0x000000008000353C] -> 0x9E93
mem[X,0x000000008000353E] -> 0x00BE
[3412] [M]: 0x000000008000353C (0x00BE9E93) slli t4, t4, 11
x29 <- 0x00000000002D4000
mem[X,0x0000000080003540] -> 0x8E93
mem[X,0x0000000080003542] -> 0x13CE
[3413] [M]: 0x0000000080003540 (0x13CE8E93) addi t4, t4, 316
x29 <- 0x00000000002D413C
mem[X,0x0000000080003544] -> 0x9E93
mem[X,0x0000000080003546] -> 0x00AE
[3414] [M]: 0x0000000080003544 (0x00AE9E93) slli t4, t4, 10
x29 <- 0x00000000B504F000
mem[X,0x0000000080003548] -> 0x8E93
mem[X,0x000000008000354A] -> 0x334E
[3415] [M]: 0x0000000080003548 (0x334E8E93) addi t4, t4, 820
x29 <- 0x00000000B504F334
mem[X,0x000000008000354C] -> 0x4FB3
mem[X,0x000000008000354E] -> 0x03DF
[3416] [M]: 0x000000008000354C (0x03DF4FB3) div t6, t5, t4
x31 <- 0x0000000002D413CC
mem[X,0x0000000080003550] -> 0xB823
mem[X,0x0000000080003552] -> 0x59F6
[3417] [M]: 0x0000000080003550 (0x59F6B823) sd t6, 1424(a3)
mem[0x000000008000D910] <- 0x0000000002D413CC
mem[X,0x0000000080003554] -> 0x0F13
mem[X,0x0000000080003556] -> 0x0010
[3418] [M]: 0x0000000080003554 (0x00100F13) addi t5, zero, 1
x30 <- 0x0000000000000001
mem[X,0x0000000080003558] -> 0x1F13
mem[X,0x000000008000355A] -> 0x03AF
[3419] [M]: 0x0000000080003558 (0x03AF1F13) slli t5, t5, 58
x30 <- 0x0400000000000000
mem[X,0x000000008000355C] -> 0x0EB7
mem[X,0x000000008000355E] -> 0x0000
[3420] [M]: 0x000000008000355C (0x00000EB7) lui t4, 0
x29 <- 0x0000000000000000
mem[X,0x0000000080003560] -> 0x8E93
mem[X,0x0000000080003562] -> 0x000E
[3421] [M]: 0x0000000080003560 (0x000E8E93) addi t4, t4, 0
x29 <- 0x0000000000000000
mem[X,0x0000000080003564] -> 0x9E93
mem[X,0x0000000080003566] -> 0x00BE
[3422] [M]: 0x0000000080003564 (0x00BE9E93) slli t4, t4, 11
x29 <- 0x0000000000000000
mem[X,0x0000000080003568] -> 0x8E93
mem[X,0x000000008000356A] -> 0x5A8E
[3423] [M]: 0x0000000080003568 (0x5A8E8E93) addi t4, t4, 1448
x29 <- 0x00000000000005A8
mem[X,0x000000008000356C] -> 0x9E93
mem[X,0x000000008000356E] -> 0x00BE
[3424] [M]: 0x000000008000356C (0x00BE9E93) slli t4, t4, 11
x29 <- 0x00000000002D4000
mem[X,0x0000000080003570] -> 0x8E93
mem[X,0x0000000080003572] -> 0x13CE
[3425] [M]: 0x0000000080003570 (0x13CE8E93) addi t4, t4, 316
x29 <- 0x00000000002D413C
mem[X,0x0000000080003574] -> 0x9E93
mem[X,0x0000000080003576] -> 0x00AE
[3426] [M]: 0x0000000080003574 (0x00AE9E93) slli t4, t4, 10
x29 <- 0x00000000B504F000
mem[X,0x0000000080003578] -> 0x8E93
mem[X,0x000000008000357A] -> 0x334E
[3427] [M]: 0x0000000080003578 (0x334E8E93) addi t4, t4, 820
x29 <- 0x00000000B504F334
mem[X,0x000000008000357C] -> 0x4FB3
mem[X,0x000000008000357E] -> 0x03DF
[3428] [M]: 0x000000008000357C (0x03DF4FB3) div t6, t5, t4
x31 <- 0x0000000005A82799
mem[X,0x0000000080003580] -> 0xBC23
mem[X,0x0000000080003582] -> 0x59F6
[3429] [M]: 0x0000000080003580 (0x59F6BC23) sd t6, 1432(a3)
mem[0x000000008000D918] <- 0x0000000005A82799
mem[X,0x0000000080003584] -> 0x0F13
mem[X,0x0000000080003586] -> 0x0010
[3430] [M]: 0x0000000080003584 (0x00100F13) addi t5, zero, 1
x30 <- 0x0000000000000001
mem[X,0x0000000080003588] -> 0x1F13
mem[X,0x000000008000358A] -> 0x03BF
[3431] [M]: 0x0000000080003588 (0x03BF1F13) slli t5, t5, 59
x30 <- 0x0800000000000000
mem[X,0x000000008000358C] -> 0x0EB7
mem[X,0x000000008000358E] -> 0x0000
[3432] [M]: 0x000000008000358C (0x00000EB7) lui t4, 0
x29 <- 0x0000000000000000
mem[X,0x0000000080003590] -> 0x8E93
mem[X,0x0000000080003592] -> 0x000E
[3433] [M]: 0x0000000080003590 (0x000E8E93) addi t4, t4, 0
x29 <- 0x0000000000000000
mem[X,0x0000000080003594] -> 0x9E93
mem[X,0x0000000080003596] -> 0x00BE
[3434] [M]: 0x0000000080003594 (0x00BE9E93) slli t4, t4, 11
x29 <- 0x0000000000000000
mem[X,0x0000000080003598] -> 0x8E93
mem[X,0x000000008000359A] -> 0x5A8E
[3435] [M]: 0x0000000080003598 (0x5A8E8E93) addi t4, t4, 1448
x29 <- 0x00000000000005A8
mem[X,0x000000008000359C] -> 0x9E93
mem[X,0x000000008000359E] -> 0x00BE
[3436] [M]: 0x000000008000359C (0x00BE9E93) slli t4, t4, 11
x29 <- 0x00000000002D4000
mem[X,0x00000000800035A0] -> 0x8E93
mem[X,0x00000000800035A2] -> 0x13CE
[3437] [M]: 0x00000000800035A0 (0x13CE8E93) addi t4, t4, 316
x29 <- 0x00000000002D413C
mem[X,0x00000000800035A4] -> 0x9E93
mem[X,0x00000000800035A6] -> 0x00AE
[3438] [M]: 0x00000000800035A4 (0x00AE9E93) slli t4, t4, 10
x29 <- 0x00000000B504F000
mem[X,0x00000000800035A8] -> 0x8E93
mem[X,0x00000000800035AA] -> 0x334E
[3439] [M]: 0x00000000800035A8 (0x334E8E93) addi t4, t4, 820
x29 <- 0x00000000B504F334
mem[X,0x00000000800035AC] -> 0x4FB3
mem[X,0x00000000800035AE] -> 0x03DF
[3440] [M]: 0x00000000800035AC (0x03DF4FB3) div t6, t5, t4
x31 <- 0x000000000B504F33
mem[X,0x00000000800035B0] -> 0xB023
mem[X,0x00000000800035B2] -> 0x5BF6
[3441] [M]: 0x00000000800035B0 (0x5BF6B023) sd t6, 1440(a3)
mem[0x000000008000D920] <- 0x000000000B504F33
mem[X,0x00000000800035B4] -> 0x0F13
mem[X,0x00000000800035B6] -> 0x0010
[3442] [M]: 0x00000000800035B4 (0x00100F13) addi t5, zero, 1
x30 <- 0x0000000000000001
mem[X,0x00000000800035B8] -> 0x1F13
mem[X,0x00000000800035BA] -> 0x03CF
[3443] [M]: 0x00000000800035B8 (0x03CF1F13) slli t5, t5, 60
x30 <- 0x1000000000000000
mem[X,0x00000000800035BC] -> 0x0EB7
mem[X,0x00000000800035BE] -> 0x0000
[3444] [M]: 0x00000000800035BC (0x00000EB7) lui t4, 0
x29 <- 0x0000000000000000
mem[X,0x00000000800035C0] -> 0x8E93
mem[X,0x00000000800035C2] -> 0x000E
[3445] [M]: 0x00000000800035C0 (0x000E8E93) addi t4, t4, 0
x29 <- 0x0000000000000000
mem[X,0x00000000800035C4] -> 0x9E93
mem[X,0x00000000800035C6] -> 0x00BE
[3446] [M]: 0x00000000800035C4 (0x00BE9E93) slli t4, t4, 11
x29 <- 0x0000000000000000
mem[X,0x00000000800035C8] -> 0x8E93
mem[X,0x00000000800035CA] -> 0x5A8E
[3447] [M]: 0x00000000800035C8 (0x5A8E8E93) addi t4, t4, 1448
x29 <- 0x00000000000005A8
mem[X,0x00000000800035CC] -> 0x9E93
mem[X,0x00000000800035CE] -> 0x00BE
[3448] [M]: 0x00000000800035CC (0x00BE9E93) slli t4, t4, 11
x29 <- 0x00000000002D4000
mem[X,0x00000000800035D0] -> 0x8E93
mem[X,0x00000000800035D2] -> 0x13CE
[3449] [M]: 0x00000000800035D0 (0x13CE8E93) addi t4, t4, 316
x29 <- 0x00000000002D413C
mem[X,0x00000000800035D4] -> 0x9E93
mem[X,0x00000000800035D6] -> 0x00AE
[3450] [M]: 0x00000000800035D4 (0x00AE9E93) slli t4, t4, 10
x29 <- 0x00000000B504F000
mem[X,0x00000000800035D8] -> 0x8E93
mem[X,0x00000000800035DA] -> 0x334E
[3451] [M]: 0x00000000800035D8 (0x334E8E93) addi t4, t4, 820
x29 <- 0x00000000B504F334
mem[X,0x00000000800035DC] -> 0x4FB3
mem[X,0x00000000800035DE] -> 0x03DF
[3452] [M]: 0x00000000800035DC (0x03DF4FB3) div t6, t5, t4
x31 <- 0x0000000016A09E66
mem[X,0x00000000800035E0] -> 0xB423
mem[X,0x00000000800035E2] -> 0x5BF6
[3453] [M]: 0x00000000800035E0 (0x5BF6B423) sd t6, 1448(a3)
mem[0x000000008000D928] <- 0x0000000016A09E66
mem[X,0x00000000800035E4] -> 0x0F13
mem[X,0x00000000800035E6] -> 0x0010
[3454] [M]: 0x00000000800035E4 (0x00100F13) addi t5, zero, 1
x30 <- 0x0000000000000001
mem[X,0x00000000800035E8] -> 0x1F13
mem[X,0x00000000800035EA] -> 0x03DF
[3455] [M]: 0x00000000800035E8 (0x03DF1F13) slli t5, t5, 61
x30 <- 0x2000000000000000
mem[X,0x00000000800035EC] -> 0x0EB7
mem[X,0x00000000800035EE] -> 0x0000
[3456] [M]: 0x00000000800035EC (0x00000EB7) lui t4, 0
x29 <- 0x0000000000000000
mem[X,0x00000000800035F0] -> 0x8E93
mem[X,0x00000000800035F2] -> 0x000E
[3457] [M]: 0x00000000800035F0 (0x000E8E93) addi t4, t4, 0
x29 <- 0x0000000000000000
mem[X,0x00000000800035F4] -> 0x9E93
mem[X,0x00000000800035F6] -> 0x00BE
[3458] [M]: 0x00000000800035F4 (0x00BE9E93) slli t4, t4, 11
x29 <- 0x0000000000000000
mem[X,0x00000000800035F8] -> 0x8E93
mem[X,0x00000000800035FA] -> 0x5A8E
[3459] [M]: 0x00000000800035F8 (0x5A8E8E93) addi t4, t4, 1448
x29 <- 0x00000000000005A8
mem[X,0x00000000800035FC] -> 0x9E93
mem[X,0x00000000800035FE] -> 0x00BE
[3460] [M]: 0x00000000800035FC (0x00BE9E93) slli t4, t4, 11
x29 <- 0x00000000002D4000
mem[X,0x0000000080003600] -> 0x8E93
mem[X,0x0000000080003602] -> 0x13CE
[3461] [M]: 0x0000000080003600 (0x13CE8E93) addi t4, t4, 316
x29 <- 0x00000000002D413C
mem[X,0x0000000080003604] -> 0x9E93
mem[X,0x0000000080003606] -> 0x00AE
[3462] [M]: 0x0000000080003604 (0x00AE9E93) slli t4, t4, 10
x29 <- 0x00000000B504F000
mem[X,0x0000000080003608] -> 0x8E93
mem[X,0x000000008000360A] -> 0x334E
[3463] [M]: 0x0000000080003608 (0x334E8E93) addi t4, t4, 820
x29 <- 0x00000000B504F334
mem[X,0x000000008000360C] -> 0x4FB3
mem[X,0x000000008000360E] -> 0x03DF
[3464] [M]: 0x000000008000360C (0x03DF4FB3) div t6, t5, t4
x31 <- 0x000000002D413CCC
mem[X,0x0000000080003610] -> 0xB823
mem[X,0x0000000080003612] -> 0x5BF6
[3465] [M]: 0x0000000080003610 (0x5BF6B823) sd t6, 1456(a3)
mem[0x000000008000D930] <- 0x000000002D413CCC
mem[X,0x0000000080003614] -> 0x0F13
mem[X,0x0000000080003616] -> 0x0010
[3466] [M]: 0x0000000080003614 (0x00100F13) addi t5, zero, 1
x30 <- 0x0000000000000001
mem[X,0x0000000080003618] -> 0x1F13
mem[X,0x000000008000361A] -> 0x03EF
[3467] [M]: 0x0000000080003618 (0x03EF1F13) slli t5, t5, 62
x30 <- 0x4000000000000000
mem[X,0x000000008000361C] -> 0x0EB7
mem[X,0x000000008000361E] -> 0x0000
[3468] [M]: 0x000000008000361C (0x00000EB7) lui t4, 0
x29 <- 0x0000000000000000
mem[X,0x0000000080003620] -> 0x8E93
mem[X,0x0000000080003622] -> 0x000E
[3469] [M]: 0x0000000080003620 (0x000E8E93) addi t4, t4, 0
x29 <- 0x0000000000000000
mem[X,0x0000000080003624] -> 0x9E93
mem[X,0x0000000080003626] -> 0x00BE
[3470] [M]: 0x0000000080003624 (0x00BE9E93) slli t4, t4, 11
x29 <- 0x0000000000000000
mem[X,0x0000000080003628] -> 0x8E93
mem[X,0x000000008000362A] -> 0x5A8E
[3471] [M]: 0x0000000080003628 (0x5A8E8E93) addi t4, t4, 1448
x29 <- 0x00000000000005A8
mem[X,0x000000008000362C] -> 0x9E93
mem[X,0x000000008000362E] -> 0x00BE
[3472] [M]: 0x000000008000362C (0x00BE9E93) slli t4, t4, 11
x29 <- 0x00000000002D4000
mem[X,0x0000000080003630] -> 0x8E93
mem[X,0x0000000080003632] -> 0x13CE
[3473] [M]: 0x0000000080003630 (0x13CE8E93) addi t4, t4, 316
x29 <- 0x00000000002D413C
mem[X,0x0000000080003634] -> 0x9E93
mem[X,0x0000000080003636] -> 0x00AE
[3474] [M]: 0x0000000080003634 (0x00AE9E93) slli t4, t4, 10
x29 <- 0x00000000B504F000
mem[X,0x0000000080003638] -> 0x8E93
mem[X,0x000000008000363A] -> 0x334E
[3475] [M]: 0x0000000080003638 (0x334E8E93) addi t4, t4, 820
x29 <- 0x00000000B504F334
mem[X,0x000000008000363C] -> 0x4FB3
mem[X,0x000000008000363E] -> 0x03DF
[3476] [M]: 0x000000008000363C (0x03DF4FB3) div t6, t5, t4
x31 <- 0x000000005A827999
mem[X,0x0000000080003640] -> 0xBC23
mem[X,0x0000000080003642] -> 0x5BF6
[3477] [M]: 0x0000000080003640 (0x5BF6BC23) sd t6, 1464(a3)
mem[0x000000008000D938] <- 0x000000005A827999
mem[X,0x0000000080003644] -> 0x0F13
mem[X,0x0000000080003646] -> 0x0030
[3478] [M]: 0x0000000080003644 (0x00300F13) addi t5, zero, 3
x30 <- 0x0000000000000003
mem[X,0x0000000080003648] -> 0x5EB7
mem[X,0x000000008000364A] -> 0x5555
[3479] [M]: 0x0000000080003648 (0x55555EB7) lui t4, 349525
x29 <- 0x0000000055555000
mem[X,0x000000008000364C] -> 0x8E93
mem[X,0x000000008000364E] -> 0x555E
[3480] [M]: 0x000000008000364C (0x555E8E93) addi t4, t4, 1365
x29 <- 0x0000000055555555
mem[X,0x0000000080003650] -> 0x9E93
mem[X,0x0000000080003652] -> 0x00BE
[3481] [M]: 0x0000000080003650 (0x00BE9E93) slli t4, t4, 11
x29 <- 0x000002AAAAAAA800
mem[X,0x0000000080003654] -> 0x8E93
mem[X,0x0000000080003656] -> 0x2AAE
[3482] [M]: 0x0000000080003654 (0x2AAE8E93) addi t4, t4, 682
x29 <- 0x000002AAAAAAAAAA
mem[X,0x0000000080003658] -> 0x9E93
mem[X,0x000000008000365A] -> 0x00BE
[3483] [M]: 0x0000000080003658 (0x00BE9E93) slli t4, t4, 11
x29 <- 0x0015555555555000
mem[X,0x000000008000365C] -> 0x8E93
mem[X,0x000000008000365E] -> 0x555E
[3484] [M]: 0x000000008000365C (0x555E8E93) addi t4, t4, 1365
x29 <- 0x0015555555555555
mem[X,0x0000000080003660] -> 0x9E93
mem[X,0x0000000080003662] -> 0x00AE
[3485] [M]: 0x0000000080003660 (0x00AE9E93) slli t4, t4, 10
x29 <- 0x5555555555555400
mem[X,0x0000000080003664] -> 0x8E93
mem[X,0x0000000080003666] -> 0x155E
[3486] [M]: 0x0000000080003664 (0x155E8E93) addi t4, t4, 341
x29 <- 0x5555555555555555
mem[X,0x0000000080003668] -> 0x4FB3
mem[X,0x000000008000366A] -> 0x03DF
[3487] [M]: 0x0000000080003668 (0x03DF4FB3) div t6, t5, t4
x31 <- 0x0000000000000000
mem[X,0x000000008000366C] -> 0xB023
mem[X,0x000000008000366E] -> 0x5DF6
[3488] [M]: 0x000000008000366C (0x5DF6B023) sd t6, 1472(a3)
mem[0x000000008000D940] <- 0x0000000000000000
mem[X,0x0000000080003670] -> 0x0F13
mem[X,0x0000000080003672] -> 0x0030
[3489] [M]: 0x0000000080003670 (0x00300F13) addi t5, zero, 3
x30 <- 0x0000000000000003
mem[X,0x0000000080003674] -> 0xBEB7
mem[X,0x0000000080003676] -> 0xAAAA
[3490] [M]: 0x0000000080003674 (0xAAAABEB7) lui t4, 699051
x29 <- 0xFFFFFFFFAAAAB000
mem[X,0x0000000080003678] -> 0x8E93
mem[X,0x000000008000367A] -> 0xAAAE
[3491] [M]: 0x0000000080003678 (0xAAAE8E93) addi t4, t4, 2730
x29 <- 0xFFFFFFFFAAAAAAAA
mem[X,0x000000008000367C] -> 0x9E93
mem[X,0x000000008000367E] -> 0x00BE
[3492] [M]: 0x000000008000367C (0x00BE9E93) slli t4, t4, 11
x29 <- 0xFFFFFD5555555000
mem[X,0x0000000080003680] -> 0x8E93
mem[X,0x0000000080003682] -> 0x555E
[3493] [M]: 0x0000000080003680 (0x555E8E93) addi t4, t4, 1365
x29 <- 0xFFFFFD5555555555
mem[X,0x0000000080003684] -> 0x9E93
mem[X,0x0000000080003686] -> 0x00BE
[3494] [M]: 0x0000000080003684 (0x00BE9E93) slli t4, t4, 11
x29 <- 0xFFEAAAAAAAAAA800
mem[X,0x0000000080003688] -> 0x8E93
mem[X,0x000000008000368A] -> 0x2AAE
[3495] [M]: 0x0000000080003688 (0x2AAE8E93) addi t4, t4, 682
x29 <- 0xFFEAAAAAAAAAAAAA
mem[X,0x000000008000368C] -> 0x9E93
mem[X,0x000000008000368E] -> 0x00AE
[3496] [M]: 0x000000008000368C (0x00AE9E93) slli t4, t4, 10
x29 <- 0xAAAAAAAAAAAAA800
mem[X,0x0000000080003690] -> 0x8E93
mem[X,0x0000000080003692] -> 0x2AAE
[3497] [M]: 0x0000000080003690 (0x2AAE8E93) addi t4, t4, 682
x29 <- 0xAAAAAAAAAAAAAAAA
mem[X,0x0000000080003694] -> 0x4FB3
mem[X,0x0000000080003696] -> 0x03DF
[3498] [M]: 0x0000000080003694 (0x03DF4FB3) div t6, t5, t4
x31 <- 0x0000000000000000
mem[X,0x0000000080003698] -> 0xB423
mem[X,0x000000008000369A] -> 0x5DF6
[3499] [M]: 0x0000000080003698 (0x5DF6B423) sd t6, 1480(a3)
mem[0x000000008000D948] <- 0x0000000000000000
clint::tick mtime <- 0x0000000000000023
 clint timer pending at mtime 0x0000000000000023
htif::tick 0x0000000000000000
mem[X,0x000000008000369C] -> 0x0F13
mem[X,0x000000008000369E] -> 0x0030
[3500] [M]: 0x000000008000369C (0x00300F13) addi t5, zero, 3
x30 <- 0x0000000000000003
mem[X,0x00000000800036A0] -> 0x0E93
mem[X,0x00000000800036A2] -> 0x0050
[3501] [M]: 0x00000000800036A0 (0x00500E93) addi t4, zero, 5
x29 <- 0x0000000000000005
mem[X,0x00000000800036A4] -> 0x4FB3
mem[X,0x00000000800036A6] -> 0x03DF
[3502] [M]: 0x00000000800036A4 (0x03DF4FB3) div t6, t5, t4
x31 <- 0x0000000000000000
mem[X,0x00000000800036A8] -> 0xB823
mem[X,0x00000000800036AA] -> 0x5DF6
[3503] [M]: 0x00000000800036A8 (0x5DF6B823) sd t6, 1488(a3)
mem[0x000000008000D950] <- 0x0000000000000000
mem[X,0x00000000800036AC] -> 0x0F13
mem[X,0x00000000800036AE] -> 0x0030
[3504] [M]: 0x00000000800036AC (0x00300F13) addi t5, zero, 3
x30 <- 0x0000000000000003
mem[X,0x00000000800036B0] -> 0x3EB7
mem[X,0x00000000800036B2] -> 0x3333
[3505] [M]: 0x00000000800036B0 (0x33333EB7) lui t4, 209715
x29 <- 0x0000000033333000
mem[X,0x00000000800036B4] -> 0x8E93
mem[X,0x00000000800036B6] -> 0x333E
[3506] [M]: 0x00000000800036B4 (0x333E8E93) addi t4, t4, 819
x29 <- 0x0000000033333333
mem[X,0x00000000800036B8] -> 0x9E93
mem[X,0x00000000800036BA] -> 0x00BE
[3507] [M]: 0x00000000800036B8 (0x00BE9E93) slli t4, t4, 11
x29 <- 0x0000019999999800
mem[X,0x00000000800036BC] -> 0x8E93
mem[X,0x00000000800036BE] -> 0x199E
[3508] [M]: 0x00000000800036BC (0x199E8E93) addi t4, t4, 409
x29 <- 0x0000019999999999
mem[X,0x00000000800036C0] -> 0x9E93
mem[X,0x00000000800036C2] -> 0x00BE
[3509] [M]: 0x00000000800036C0 (0x00BE9E93) slli t4, t4, 11
x29 <- 0x000CCCCCCCCCC800
mem[X,0x00000000800036C4] -> 0x8E93
mem[X,0x00000000800036C6] -> 0x4CCE
[3510] [M]: 0x00000000800036C4 (0x4CCE8E93) addi t4, t4, 1228
x29 <- 0x000CCCCCCCCCCCCC
mem[X,0x00000000800036C8] -> 0x9E93
mem[X,0x00000000800036CA] -> 0x00AE
[3511] [M]: 0x00000000800036C8 (0x00AE9E93) slli t4, t4, 10
x29 <- 0x3333333333333000
mem[X,0x00000000800036CC] -> 0x8E93
mem[X,0x00000000800036CE] -> 0x333E
[3512] [M]: 0x00000000800036CC (0x333E8E93) addi t4, t4, 819
x29 <- 0x3333333333333333
mem[X,0x00000000800036D0] -> 0x4FB3
mem[X,0x00000000800036D2] -> 0x03DF
[3513] [M]: 0x00000000800036D0 (0x03DF4FB3) div t6, t5, t4
x31 <- 0x0000000000000000
mem[X,0x00000000800036D4] -> 0xBC23
mem[X,0x00000000800036D6] -> 0x5DF6
[3514] [M]: 0x00000000800036D4 (0x5DF6BC23) sd t6, 1496(a3)
mem[0x000000008000D958] <- 0x0000000000000000
mem[X,0x00000000800036D8] -> 0x0F13
mem[X,0x00000000800036DA] -> 0x0030
[3515] [M]: 0x00000000800036D8 (0x00300F13) addi t5, zero, 3
x30 <- 0x0000000000000003
mem[X,0x00000000800036DC] -> 0x6EB7
mem[X,0x00000000800036DE] -> 0x6666
[3516] [M]: 0x00000000800036DC (0x66666EB7) lui t4, 419430
x29 <- 0x0000000066666000
mem[X,0x00000000800036E0] -> 0x8E93
mem[X,0x00000000800036E2] -> 0x666E
[3517] [M]: 0x00000000800036E0 (0x666E8E93) addi t4, t4, 1638
x29 <- 0x0000000066666666
mem[X,0x00000000800036E4] -> 0x9E93
mem[X,0x00000000800036E6] -> 0x00BE
[3518] [M]: 0x00000000800036E4 (0x00BE9E93) slli t4, t4, 11
x29 <- 0x0000033333333000
mem[X,0x00000000800036E8] -> 0x8E93
mem[X,0x00000000800036EA] -> 0x333E
[3519] [M]: 0x00000000800036E8 (0x333E8E93) addi t4, t4, 819
x29 <- 0x0000033333333333
mem[X,0x00000000800036EC] -> 0x9E93
mem[X,0x00000000800036EE] -> 0x00BE
[3520] [M]: 0x00000000800036EC (0x00BE9E93) slli t4, t4, 11
x29 <- 0x0019999999999800
mem[X,0x00000000800036F0] -> 0x8E93
mem[X,0x00000000800036F2] -> 0x199E
[3521] [M]: 0x00000000800036F0 (0x199E8E93) addi t4, t4, 409
x29 <- 0x0019999999999999
mem[X,0x00000000800036F4] -> 0x9E93
mem[X,0x00000000800036F6] -> 0x00AE
[3522] [M]: 0x00000000800036F4 (0x00AE9E93) slli t4, t4, 10
x29 <- 0x6666666666666400
mem[X,0x00000000800036F8] -> 0x8E93
mem[X,0x00000000800036FA] -> 0x266E
[3523] [M]: 0x00000000800036F8 (0x266E8E93) addi t4, t4, 614
x29 <- 0x6666666666666666
mem[X,0x00000000800036FC] -> 0x4FB3
mem[X,0x00000000800036FE] -> 0x03DF
[3524] [M]: 0x00000000800036FC (0x03DF4FB3) div t6, t5, t4
x31 <- 0x0000000000000000
mem[X,0x0000000080003700] -> 0xB023
mem[X,0x0000000080003702] -> 0x5FF6
[3525] [M]: 0x0000000080003700 (0x5FF6B023) sd t6, 1504(a3)
mem[0x000000008000D960] <- 0x0000000000000000
mem[X,0x0000000080003704] -> 0x0F13
mem[X,0x0000000080003706] -> 0x0030
[3526] [M]: 0x0000000080003704 (0x00300F13) addi t5, zero, 3
x30 <- 0x0000000000000003
mem[X,0x0000000080003708] -> 0x0EB7
mem[X,0x000000008000370A] -> 0x0000
[3527] [M]: 0x0000000080003708 (0x00000EB7) lui t4, 0
x29 <- 0x0000000000000000
mem[X,0x000000008000370C] -> 0x8E93
mem[X,0x000000008000370E] -> 0xFFFE
[3528] [M]: 0x000000008000370C (0xFFFE8E93) addi t4, t4, 4095
x29 <- 0xFFFFFFFFFFFFFFFF
mem[X,0x0000000080003710] -> 0x9E93
mem[X,0x0000000080003712] -> 0x00BE
[3529] [M]: 0x0000000080003710 (0x00BE9E93) slli t4, t4, 11
x29 <- 0xFFFFFFFFFFFFF800
mem[X,0x0000000080003714] -> 0x8E93
mem[X,0x0000000080003716] -> 0x257E
[3530] [M]: 0x0000000080003714 (0x257E8E93) addi t4, t4, 599
x29 <- 0xFFFFFFFFFFFFFA57
mem[X,0x0000000080003718] -> 0x9E93
mem[X,0x000000008000371A] -> 0x00BE
[3531] [M]: 0x0000000080003718 (0x00BE9E93) slli t4, t4, 11
x29 <- 0xFFFFFFFFFFD2B800
mem[X,0x000000008000371C] -> 0x8E93
mem[X,0x000000008000371E] -> 0x6C3E
[3532] [M]: 0x000000008000371C (0x6C3E8E93) addi t4, t4, 1731
x29 <- 0xFFFFFFFFFFD2BEC3
mem[X,0x0000000080003720] -> 0x9E93
mem[X,0x0000000080003722] -> 0x00AE
[3533] [M]: 0x0000000080003720 (0x00AE9E93) slli t4, t4, 10
x29 <- 0xFFFFFFFF4AFB0C00
mem[X,0x0000000080003724] -> 0x8E93
mem[X,0x0000000080003726] -> 0x0CDE
[3534] [M]: 0x0000000080003724 (0x0CDE8E93) addi t4, t4, 205
x29 <- 0xFFFFFFFF4AFB0CCD
mem[X,0x0000000080003728] -> 0x4FB3
mem[X,0x000000008000372A] -> 0x03DF
[3535] [M]: 0x0000000080003728 (0x03DF4FB3) div t6, t5, t4
x31 <- 0x0000000000000000
mem[X,0x000000008000372C] -> 0xB423
mem[X,0x000000008000372E] -> 0x5FF6
[3536] [M]: 0x000000008000372C (0x5FF6B423) sd t6, 1512(a3)
mem[0x000000008000D968] <- 0x0000000000000000
mem[X,0x0000000080003730] -> 0x0F13
mem[X,0x0000000080003732] -> 0x0030
[3537] [M]: 0x0000000080003730 (0x00300F13) addi t5, zero, 3
x30 <- 0x0000000000000003
mem[X,0x0000000080003734] -> 0x0EB7
mem[X,0x0000000080003736] -> 0x0000
[3538] [M]: 0x0000000080003734 (0x00000EB7) lui t4, 0
x29 <- 0x0000000000000000
mem[X,0x0000000080003738] -> 0x8E93
mem[X,0x000000008000373A] -> 0x000E
[3539] [M]: 0x0000000080003738 (0x000E8E93) addi t4, t4, 0
x29 <- 0x0000000000000000
mem[X,0x000000008000373C] -> 0x9E93
mem[X,0x000000008000373E] -> 0x00BE
[3540] [M]: 0x000000008000373C (0x00BE9E93) slli t4, t4, 11
x29 <- 0x0000000000000000
mem[X,0x0000000080003740] -> 0x8E93
mem[X,0x0000000080003742] -> 0x5A8E
[3541] [M]: 0x0000000080003740 (0x5A8E8E93) addi t4, t4, 1448
x29 <- 0x00000000000005A8
mem[X,0x0000000080003744] -> 0x9E93
mem[X,0x0000000080003746] -> 0x00BE
[3542] [M]: 0x0000000080003744 (0x00BE9E93) slli t4, t4, 11
x29 <- 0x00000000002D4000
mem[X,0x0000000080003748] -> 0x8E93
mem[X,0x000000008000374A] -> 0x13CE
[3543] [M]: 0x0000000080003748 (0x13CE8E93) addi t4, t4, 316
x29 <- 0x00000000002D413C
mem[X,0x000000008000374C] -> 0x9E93
mem[X,0x000000008000374E] -> 0x00AE
[3544] [M]: 0x000000008000374C (0x00AE9E93) slli t4, t4, 10
x29 <- 0x00000000B504F000
mem[X,0x0000000080003750] -> 0x8E93
mem[X,0x0000000080003752] -> 0x333E
[3545] [M]: 0x0000000080003750 (0x333E8E93) addi t4, t4, 819
x29 <- 0x00000000B504F333
mem[X,0x0000000080003754] -> 0x4FB3
mem[X,0x0000000080003756] -> 0x03DF
[3546] [M]: 0x0000000080003754 (0x03DF4FB3) div t6, t5, t4
x31 <- 0x0000000000000000
mem[X,0x0000000080003758] -> 0xB823
mem[X,0x000000008000375A] -> 0x5FF6
[3547] [M]: 0x0000000080003758 (0x5FF6B823) sd t6, 1520(a3)
mem[0x000000008000D970] <- 0x0000000000000000
mem[X,0x000000008000375C] -> 0x0F13
mem[X,0x000000008000375E] -> 0x0030
[3548] [M]: 0x000000008000375C (0x00300F13) addi t5, zero, 3
x30 <- 0x0000000000000003
mem[X,0x0000000080003760] -> 0x0E93
mem[X,0x0000000080003762] -> 0x0020
[3549] [M]: 0x0000000080003760 (0x00200E93) addi t4, zero, 2
x29 <- 0x0000000000000002
mem[X,0x0000000080003764] -> 0x4FB3
mem[X,0x0000000080003766] -> 0x03DF
[3550] [M]: 0x0000000080003764 (0x03DF4FB3) div t6, t5, t4
x31 <- 0x0000000000000001
mem[X,0x0000000080003768] -> 0xBC23
mem[X,0x000000008000376A] -> 0x5FF6
[3551] [M]: 0x0000000080003768 (0x5FF6BC23) sd t6, 1528(a3)
mem[0x000000008000D978] <- 0x0000000000000001
mem[X,0x000000008000376C] -> 0x0F13
mem[X,0x000000008000376E] -> 0x0030
[3552] [M]: 0x000000008000376C (0x00300F13) addi t5, zero, 3
x30 <- 0x0000000000000003
mem[X,0x0000000080003770] -> 0x5EB7
mem[X,0x0000000080003772] -> 0x5555
[3553] [M]: 0x0000000080003770 (0x55555EB7) lui t4, 349525
x29 <- 0x0000000055555000
mem[X,0x0000000080003774] -> 0x8E93
mem[X,0x0000000080003776] -> 0x555E
[3554] [M]: 0x0000000080003774 (0x555E8E93) addi t4, t4, 1365
x29 <- 0x0000000055555555
mem[X,0x0000000080003778] -> 0x9E93
mem[X,0x000000008000377A] -> 0x00BE
[3555] [M]: 0x0000000080003778 (0x00BE9E93) slli t4, t4, 11
x29 <- 0x000002AAAAAAA800
mem[X,0x000000008000377C] -> 0x8E93
mem[X,0x000000008000377E] -> 0x2AAE
[3556] [M]: 0x000000008000377C (0x2AAE8E93) addi t4, t4, 682
x29 <- 0x000002AAAAAAAAAA
mem[X,0x0000000080003780] -> 0x9E93
mem[X,0x0000000080003782] -> 0x00BE
[3557] [M]: 0x0000000080003780 (0x00BE9E93) slli t4, t4, 11
x29 <- 0x0015555555555000
mem[X,0x0000000080003784] -> 0x8E93
mem[X,0x0000000080003786] -> 0x555E
[3558] [M]: 0x0000000080003784 (0x555E8E93) addi t4, t4, 1365
x29 <- 0x0015555555555555
mem[X,0x0000000080003788] -> 0x9E93
mem[X,0x000000008000378A] -> 0x00AE
[3559] [M]: 0x0000000080003788 (0x00AE9E93) slli t4, t4, 10
x29 <- 0x5555555555555400
mem[X,0x000000008000378C] -> 0x8E93
mem[X,0x000000008000378E] -> 0x154E
[3560] [M]: 0x000000008000378C (0x154E8E93) addi t4, t4, 340
x29 <- 0x5555555555555554
mem[X,0x0000000080003790] -> 0x4FB3
mem[X,0x0000000080003792] -> 0x03DF
[3561] [M]: 0x0000000080003790 (0x03DF4FB3) div t6, t5, t4
x31 <- 0x0000000000000000
mem[X,0x0000000080003794] -> 0xB023
mem[X,0x0000000080003796] -> 0x61F6
[3562] [M]: 0x0000000080003794 (0x61F6B023) sd t6, 1536(a3)
mem[0x000000008000D980] <- 0x0000000000000000
mem[X,0x0000000080003798] -> 0x0F13
mem[X,0x000000008000379A] -> 0x0030
[3563] [M]: 0x0000000080003798 (0x00300F13) addi t5, zero, 3
x30 <- 0x0000000000000003
mem[X,0x000000008000379C] -> 0x3EB7
mem[X,0x000000008000379E] -> 0x3333
[3564] [M]: 0x000000008000379C (0x33333EB7) lui t4, 209715
x29 <- 0x0000000033333000
mem[X,0x00000000800037A0] -> 0x8E93
mem[X,0x00000000800037A2] -> 0x333E
[3565] [M]: 0x00000000800037A0 (0x333E8E93) addi t4, t4, 819
x29 <- 0x0000000033333333
mem[X,0x00000000800037A4] -> 0x9E93
mem[X,0x00000000800037A6] -> 0x00BE
[3566] [M]: 0x00000000800037A4 (0x00BE9E93) slli t4, t4, 11
x29 <- 0x0000019999999800
mem[X,0x00000000800037A8] -> 0x8E93
mem[X,0x00000000800037AA] -> 0x199E
[3567] [M]: 0x00000000800037A8 (0x199E8E93) addi t4, t4, 409
x29 <- 0x0000019999999999
mem[X,0x00000000800037AC] -> 0x9E93
mem[X,0x00000000800037AE] -> 0x00BE
[3568] [M]: 0x00000000800037AC (0x00BE9E93) slli t4, t4, 11
x29 <- 0x000CCCCCCCCCC800
mem[X,0x00000000800037B0] -> 0x8E93
mem[X,0x00000000800037B2] -> 0x4CCE
[3569] [M]: 0x00000000800037B0 (0x4CCE8E93) addi t4, t4, 1228
x29 <- 0x000CCCCCCCCCCCCC
mem[X,0x00000000800037B4] -> 0x9E93
mem[X,0x00000000800037B6] -> 0x00AE
[3570] [M]: 0x00000000800037B4 (0x00AE9E93) slli t4, t4, 10
x29 <- 0x3333333333333000
mem[X,0x00000000800037B8] -> 0x8E93
mem[X,0x00000000800037BA] -> 0x332E
[3571] [M]: 0x00000000800037B8 (0x332E8E93) addi t4, t4, 818
x29 <- 0x3333333333333332
mem[X,0x00000000800037BC] -> 0x4FB3
mem[X,0x00000000800037BE] -> 0x03DF
[3572] [M]: 0x00000000800037BC (0x03DF4FB3) div t6, t5, t4
x31 <- 0x0000000000000000
mem[X,0x00000000800037C0] -> 0xB423
mem[X,0x00000000800037C2] -> 0x61F6
[3573] [M]: 0x00000000800037C0 (0x61F6B423) sd t6, 1544(a3)
mem[0x000000008000D988] <- 0x0000000000000000
mem[X,0x00000000800037C4] -> 0x0F13
mem[X,0x00000000800037C6] -> 0x0030
[3574] [M]: 0x00000000800037C4 (0x00300F13) addi t5, zero, 3
x30 <- 0x0000000000000003
mem[X,0x00000000800037C8] -> 0x6EB7
mem[X,0x00000000800037CA] -> 0x6666
[3575] [M]: 0x00000000800037C8 (0x66666EB7) lui t4, 419430
x29 <- 0x0000000066666000
mem[X,0x00000000800037CC] -> 0x8E93
mem[X,0x00000000800037CE] -> 0x666E
[3576] [M]: 0x00000000800037CC (0x666E8E93) addi t4, t4, 1638
x29 <- 0x0000000066666666
mem[X,0x00000000800037D0] -> 0x9E93
mem[X,0x00000000800037D2] -> 0x00BE
[3577] [M]: 0x00000000800037D0 (0x00BE9E93) slli t4, t4, 11
x29 <- 0x0000033333333000
mem[X,0x00000000800037D4] -> 0x8E93
mem[X,0x00000000800037D6] -> 0x333E
[3578] [M]: 0x00000000800037D4 (0x333E8E93) addi t4, t4, 819
x29 <- 0x0000033333333333
mem[X,0x00000000800037D8] -> 0x9E93
mem[X,0x00000000800037DA] -> 0x00BE
[3579] [M]: 0x00000000800037D8 (0x00BE9E93) slli t4, t4, 11
x29 <- 0x0019999999999800
mem[X,0x00000000800037DC] -> 0x8E93
mem[X,0x00000000800037DE] -> 0x199E
[3580] [M]: 0x00000000800037DC (0x199E8E93) addi t4, t4, 409
x29 <- 0x0019999999999999
mem[X,0x00000000800037E0] -> 0x9E93
mem[X,0x00000000800037E2] -> 0x00AE
[3581] [M]: 0x00000000800037E0 (0x00AE9E93) slli t4, t4, 10
x29 <- 0x6666666666666400
mem[X,0x00000000800037E4] -> 0x8E93
mem[X,0x00000000800037E6] -> 0x265E
[3582] [M]: 0x00000000800037E4 (0x265E8E93) addi t4, t4, 613
x29 <- 0x6666666666666665
mem[X,0x00000000800037E8] -> 0x4FB3
mem[X,0x00000000800037EA] -> 0x03DF
[3583] [M]: 0x00000000800037E8 (0x03DF4FB3) div t6, t5, t4
x31 <- 0x0000000000000000
mem[X,0x00000000800037EC] -> 0xB823
mem[X,0x00000000800037EE] -> 0x61F6
[3584] [M]: 0x00000000800037EC (0x61F6B823) sd t6, 1552(a3)
mem[0x000000008000D990] <- 0x0000000000000000
mem[X,0x00000000800037F0] -> 0x5F37
mem[X,0x00000000800037F2] -> 0x5555
[3585] [M]: 0x00000000800037F0 (0x55555F37) lui t5, 349525
x30 <- 0x0000000055555000
mem[X,0x00000000800037F4] -> 0x0F13
mem[X,0x00000000800037F6] -> 0x555F
[3586] [M]: 0x00000000800037F4 (0x555F0F13) addi t5, t5, 1365
x30 <- 0x0000000055555555
mem[X,0x00000000800037F8] -> 0x1F13
mem[X,0x00000000800037FA] -> 0x00BF
[3587] [M]: 0x00000000800037F8 (0x00BF1F13) slli t5, t5, 11
x30 <- 0x000002AAAAAAA800
mem[X,0x00000000800037FC] -> 0x0F13
mem[X,0x00000000800037FE] -> 0x2AAF
[3588] [M]: 0x00000000800037FC (0x2AAF0F13) addi t5, t5, 682
x30 <- 0x000002AAAAAAAAAA
mem[X,0x0000000080003800] -> 0x1F13
mem[X,0x0000000080003802] -> 0x00BF
[3589] [M]: 0x0000000080003800 (0x00BF1F13) slli t5, t5, 11
x30 <- 0x0015555555555000
mem[X,0x0000000080003804] -> 0x0F13
mem[X,0x0000000080003806] -> 0x555F
[3590] [M]: 0x0000000080003804 (0x555F0F13) addi t5, t5, 1365
x30 <- 0x0015555555555555
mem[X,0x0000000080003808] -> 0x1F13
mem[X,0x000000008000380A] -> 0x00AF
[3591] [M]: 0x0000000080003808 (0x00AF1F13) slli t5, t5, 10
x30 <- 0x5555555555555400
mem[X,0x000000008000380C] -> 0x0F13
mem[X,0x000000008000380E] -> 0x155F
[3592] [M]: 0x000000008000380C (0x155F0F13) addi t5, t5, 341
x30 <- 0x5555555555555555
mem[X,0x0000000080003810] -> 0x0EB7
mem[X,0x0000000080003812] -> 0x0000
[3593] [M]: 0x0000000080003810 (0x00000EB7) lui t4, 0
x29 <- 0x0000000000000000
mem[X,0x0000000080003814] -> 0x8E93
mem[X,0x0000000080003816] -> 0x000E
[3594] [M]: 0x0000000080003814 (0x000E8E93) addi t4, t4, 0
x29 <- 0x0000000000000000
mem[X,0x0000000080003818] -> 0x9E93
mem[X,0x000000008000381A] -> 0x00BE
[3595] [M]: 0x0000000080003818 (0x00BE9E93) slli t4, t4, 11
x29 <- 0x0000000000000000
mem[X,0x000000008000381C] -> 0x8E93
mem[X,0x000000008000381E] -> 0x5A8E
[3596] [M]: 0x000000008000381C (0x5A8E8E93) addi t4, t4, 1448
x29 <- 0x00000000000005A8
mem[X,0x0000000080003820] -> 0x9E93
mem[X,0x0000000080003822] -> 0x00BE
[3597] [M]: 0x0000000080003820 (0x00BE9E93) slli t4, t4, 11
x29 <- 0x00000000002D4000
mem[X,0x0000000080003824] -> 0x8E93
mem[X,0x0000000080003826] -> 0x13CE
[3598] [M]: 0x0000000080003824 (0x13CE8E93) addi t4, t4, 316
x29 <- 0x00000000002D413C
mem[X,0x0000000080003828] -> 0x9E93
mem[X,0x000000008000382A] -> 0x00AE
[3599] [M]: 0x0000000080003828 (0x00AE9E93) slli t4, t4, 10
x29 <- 0x00000000B504F000
clint::tick mtime <- 0x0000000000000024
 clint timer pending at mtime 0x0000000000000024
htif::tick 0x0000000000000000
mem[X,0x000000008000382C] -> 0x8E93
mem[X,0x000000008000382E] -> 0x334E
[3600] [M]: 0x000000008000382C (0x334E8E93) addi t4, t4, 820
x29 <- 0x00000000B504F334
mem[X,0x0000000080003830] -> 0x4FB3
mem[X,0x0000000080003832] -> 0x03DF
[3601] [M]: 0x0000000080003830 (0x03DF4FB3) div t6, t5, t4
x31 <- 0x0000000078ADF777
mem[X,0x0000000080003834] -> 0xBC23
mem[X,0x0000000080003836] -> 0x61F6
[3602] [M]: 0x0000000080003834 (0x61F6BC23) sd t6, 1560(a3)
mem[0x000000008000D998] <- 0x0000000078ADF777
mem[X,0x0000000080003838] -> 0x0F13
mem[X,0x000000008000383A] -> 0x0030
[3603] [M]: 0x0000000080003838 (0x00300F13) addi t5, zero, 3
x30 <- 0x0000000000000003
mem[X,0x000000008000383C] -> 0x0E93
mem[X,0x000000008000383E] -> 0x0000
[3604] [M]: 0x000000008000383C (0x00000E93) addi t4, zero, 0
x29 <- 0x0000000000000000
mem[X,0x0000000080003840] -> 0x4FB3
mem[X,0x0000000080003842] -> 0x03DF
[3605] [M]: 0x0000000080003840 (0x03DF4FB3) div t6, t5, t4
x31 <- 0xFFFFFFFFFFFFFFFF
mem[X,0x0000000080003844] -> 0xB023
mem[X,0x0000000080003846] -> 0x63F6
[3606] [M]: 0x0000000080003844 (0x63F6B023) sd t6, 1568(a3)
mem[0x000000008000D9A0] <- 0xFFFFFFFFFFFFFFFF
mem[X,0x0000000080003848] -> 0x0F13
mem[X,0x000000008000384A] -> 0x0030
[3607] [M]: 0x0000000080003848 (0x00300F13) addi t5, zero, 3
x30 <- 0x0000000000000003
mem[X,0x000000008000384C] -> 0x0EB7
mem[X,0x000000008000384E] -> 0x0000
[3608] [M]: 0x000000008000384C (0x00000EB7) lui t4, 0
x29 <- 0x0000000000000000
mem[X,0x0000000080003850] -> 0x8E93
mem[X,0x0000000080003852] -> 0x000E
[3609] [M]: 0x0000000080003850 (0x000E8E93) addi t4, t4, 0
x29 <- 0x0000000000000000
mem[X,0x0000000080003854] -> 0x9E93
mem[X,0x0000000080003856] -> 0x00BE
[3610] [M]: 0x0000000080003854 (0x00BE9E93) slli t4, t4, 11
x29 <- 0x0000000000000000
mem[X,0x0000000080003858] -> 0x8E93
mem[X,0x000000008000385A] -> 0x5A8E
[3611] [M]: 0x0000000080003858 (0x5A8E8E93) addi t4, t4, 1448
x29 <- 0x00000000000005A8
mem[X,0x000000008000385C] -> 0x9E93
mem[X,0x000000008000385E] -> 0x00BE
[3612] [M]: 0x000000008000385C (0x00BE9E93) slli t4, t4, 11
x29 <- 0x00000000002D4000
mem[X,0x0000000080003860] -> 0x8E93
mem[X,0x0000000080003862] -> 0x13CE
[3613] [M]: 0x0000000080003860 (0x13CE8E93) addi t4, t4, 316
x29 <- 0x00000000002D413C
mem[X,0x0000000080003864] -> 0x9E93
mem[X,0x0000000080003866] -> 0x00AE
[3614] [M]: 0x0000000080003864 (0x00AE9E93) slli t4, t4, 10
x29 <- 0x00000000B504F000
mem[X,0x0000000080003868] -> 0x8E93
mem[X,0x000000008000386A] -> 0x332E
[3615] [M]: 0x0000000080003868 (0x332E8E93) addi t4, t4, 818
x29 <- 0x00000000B504F332
mem[X,0x000000008000386C] -> 0x4FB3
mem[X,0x000000008000386E] -> 0x03DF
[3616] [M]: 0x000000008000386C (0x03DF4FB3) div t6, t5, t4
x31 <- 0x0000000000000000
mem[X,0x0000000080003870] -> 0xB423
mem[X,0x0000000080003872] -> 0x63F6
[3617] [M]: 0x0000000080003870 (0x63F6B423) sd t6, 1576(a3)
mem[0x000000008000D9A8] <- 0x0000000000000000
mem[X,0x0000000080003874] -> 0xBF37
mem[X,0x0000000080003876] -> 0xAAAA
[3618] [M]: 0x0000000080003874 (0xAAAABF37) lui t5, 699051
x30 <- 0xFFFFFFFFAAAAB000
mem[X,0x0000000080003878] -> 0x0F13
mem[X,0x000000008000387A] -> 0xAAAF
[3619] [M]: 0x0000000080003878 (0xAAAF0F13) addi t5, t5, 2730
x30 <- 0xFFFFFFFFAAAAAAAA
mem[X,0x000000008000387C] -> 0x1F13
mem[X,0x000000008000387E] -> 0x00BF
[3620] [M]: 0x000000008000387C (0x00BF1F13) slli t5, t5, 11
x30 <- 0xFFFFFD5555555000
mem[X,0x0000000080003880] -> 0x0F13
mem[X,0x0000000080003882] -> 0x555F
[3621] [M]: 0x0000000080003880 (0x555F0F13) addi t5, t5, 1365
x30 <- 0xFFFFFD5555555555
mem[X,0x0000000080003884] -> 0x1F13
mem[X,0x0000000080003886] -> 0x00BF
[3622] [M]: 0x0000000080003884 (0x00BF1F13) slli t5, t5, 11
x30 <- 0xFFEAAAAAAAAAA800
mem[X,0x0000000080003888] -> 0x0F13
mem[X,0x000000008000388A] -> 0x2AAF
[3623] [M]: 0x0000000080003888 (0x2AAF0F13) addi t5, t5, 682
x30 <- 0xFFEAAAAAAAAAAAAA
mem[X,0x000000008000388C] -> 0x1F13
mem[X,0x000000008000388E] -> 0x00AF
[3624] [M]: 0x000000008000388C (0x00AF1F13) slli t5, t5, 10
x30 <- 0xAAAAAAAAAAAAA800
mem[X,0x0000000080003890] -> 0x0F13
mem[X,0x0000000080003892] -> 0x2AAF
[3625] [M]: 0x0000000080003890 (0x2AAF0F13) addi t5, t5, 682
x30 <- 0xAAAAAAAAAAAAAAAA
mem[X,0x0000000080003894] -> 0x0EB7
mem[X,0x0000000080003896] -> 0x0000
[3626] [M]: 0x0000000080003894 (0x00000EB7) lui t4, 0
x29 <- 0x0000000000000000
mem[X,0x0000000080003898] -> 0x8E93
mem[X,0x000000008000389A] -> 0x000E
[3627] [M]: 0x0000000080003898 (0x000E8E93) addi t4, t4, 0
x29 <- 0x0000000000000000
mem[X,0x000000008000389C] -> 0x9E93
mem[X,0x000000008000389E] -> 0x00BE
[3628] [M]: 0x000000008000389C (0x00BE9E93) slli t4, t4, 11
x29 <- 0x0000000000000000
mem[X,0x00000000800038A0] -> 0x8E93
mem[X,0x00000000800038A2] -> 0x5A8E
[3629] [M]: 0x00000000800038A0 (0x5A8E8E93) addi t4, t4, 1448
x29 <- 0x00000000000005A8
mem[X,0x00000000800038A4] -> 0x9E93
mem[X,0x00000000800038A6] -> 0x00BE
[3630] [M]: 0x00000000800038A4 (0x00BE9E93) slli t4, t4, 11
x29 <- 0x00000000002D4000
mem[X,0x00000000800038A8] -> 0x8E93
mem[X,0x00000000800038AA] -> 0x13CE
[3631] [M]: 0x00000000800038A8 (0x13CE8E93) addi t4, t4, 316
x29 <- 0x00000000002D413C
mem[X,0x00000000800038AC] -> 0x9E93
mem[X,0x00000000800038AE] -> 0x00AE
[3632] [M]: 0x00000000800038AC (0x00AE9E93) slli t4, t4, 10
x29 <- 0x00000000B504F000
mem[X,0x00000000800038B0] -> 0x8E93
mem[X,0x00000000800038B2] -> 0x334E
[3633] [M]: 0x00000000800038B0 (0x334E8E93) addi t4, t4, 820
x29 <- 0x00000000B504F334
mem[X,0x00000000800038B4] -> 0x4FB3
mem[X,0x00000000800038B6] -> 0x03DF
[3634] [M]: 0x00000000800038B4 (0x03DF4FB3) div t6, t5, t4
x31 <- 0xFFFFFFFF87520889
mem[X,0x00000000800038B8] -> 0xB823
mem[X,0x00000000800038BA] -> 0x63F6
[3635] [M]: 0x00000000800038B8 (0x63F6B823) sd t6, 1584(a3)
mem[0x000000008000D9B0] <- 0xFFFFFFFF87520889
mem[X,0x00000000800038BC] -> 0x0F13
mem[X,0x00000000800038BE] -> 0x0030
[3636] [M]: 0x00000000800038BC (0x00300F13) addi t5, zero, 3
x30 <- 0x0000000000000003
mem[X,0x00000000800038C0] -> 0x0E93
mem[X,0x00000000800038C2] -> 0x0040
[3637] [M]: 0x00000000800038C0 (0x00400E93) addi t4, zero, 4
x29 <- 0x0000000000000004
mem[X,0x00000000800038C4] -> 0x4FB3
mem[X,0x00000000800038C6] -> 0x03DF
[3638] [M]: 0x00000000800038C4 (0x03DF4FB3) div t6, t5, t4
x31 <- 0x0000000000000000
mem[X,0x00000000800038C8] -> 0xBC23
mem[X,0x00000000800038CA] -> 0x63F6
[3639] [M]: 0x00000000800038C8 (0x63F6BC23) sd t6, 1592(a3)
mem[0x000000008000D9B8] <- 0x0000000000000000
mem[X,0x00000000800038CC] -> 0x0F13
mem[X,0x00000000800038CE] -> 0x0030
[3640] [M]: 0x00000000800038CC (0x00300F13) addi t5, zero, 3
x30 <- 0x0000000000000003
mem[X,0x00000000800038D0] -> 0x5EB7
mem[X,0x00000000800038D2] -> 0x5555
[3641] [M]: 0x00000000800038D0 (0x55555EB7) lui t4, 349525
x29 <- 0x0000000055555000
mem[X,0x00000000800038D4] -> 0x8E93
mem[X,0x00000000800038D6] -> 0x555E
[3642] [M]: 0x00000000800038D4 (0x555E8E93) addi t4, t4, 1365
x29 <- 0x0000000055555555
mem[X,0x00000000800038D8] -> 0x9E93
mem[X,0x00000000800038DA] -> 0x00BE
[3643] [M]: 0x00000000800038D8 (0x00BE9E93) slli t4, t4, 11
x29 <- 0x000002AAAAAAA800
mem[X,0x00000000800038DC] -> 0x8E93
mem[X,0x00000000800038DE] -> 0x2AAE
[3644] [M]: 0x00000000800038DC (0x2AAE8E93) addi t4, t4, 682
x29 <- 0x000002AAAAAAAAAA
mem[X,0x00000000800038E0] -> 0x9E93
mem[X,0x00000000800038E2] -> 0x00BE
[3645] [M]: 0x00000000800038E0 (0x00BE9E93) slli t4, t4, 11
x29 <- 0x0015555555555000
mem[X,0x00000000800038E4] -> 0x8E93
mem[X,0x00000000800038E6] -> 0x555E
[3646] [M]: 0x00000000800038E4 (0x555E8E93) addi t4, t4, 1365
x29 <- 0x0015555555555555
mem[X,0x00000000800038E8] -> 0x9E93
mem[X,0x00000000800038EA] -> 0x00AE
[3647] [M]: 0x00000000800038E8 (0x00AE9E93) slli t4, t4, 10
x29 <- 0x5555555555555400
mem[X,0x00000000800038EC] -> 0x8E93
mem[X,0x00000000800038EE] -> 0x156E
[3648] [M]: 0x00000000800038EC (0x156E8E93) addi t4, t4, 342
x29 <- 0x5555555555555556
mem[X,0x00000000800038F0] -> 0x4FB3
mem[X,0x00000000800038F2] -> 0x03DF
[3649] [M]: 0x00000000800038F0 (0x03DF4FB3) div t6, t5, t4
x31 <- 0x0000000000000000
mem[X,0x00000000800038F4] -> 0xB023
mem[X,0x00000000800038F6] -> 0x65F6
[3650] [M]: 0x00000000800038F4 (0x65F6B023) sd t6, 1600(a3)
mem[0x000000008000D9C0] <- 0x0000000000000000
mem[X,0x00000000800038F8] -> 0x0F13
mem[X,0x00000000800038FA] -> 0x0030
[3651] [M]: 0x00000000800038F8 (0x00300F13) addi t5, zero, 3
x30 <- 0x0000000000000003
mem[X,0x00000000800038FC] -> 0xBEB7
mem[X,0x00000000800038FE] -> 0xAAAA
[3652] [M]: 0x00000000800038FC (0xAAAABEB7) lui t4, 699051
x29 <- 0xFFFFFFFFAAAAB000
mem[X,0x0000000080003900] -> 0x8E93
mem[X,0x0000000080003902] -> 0xAAAE
[3653] [M]: 0x0000000080003900 (0xAAAE8E93) addi t4, t4, 2730
x29 <- 0xFFFFFFFFAAAAAAAA
mem[X,0x0000000080003904] -> 0x9E93
mem[X,0x0000000080003906] -> 0x00BE
[3654] [M]: 0x0000000080003904 (0x00BE9E93) slli t4, t4, 11
x29 <- 0xFFFFFD5555555000
mem[X,0x0000000080003908] -> 0x8E93
mem[X,0x000000008000390A] -> 0x555E
[3655] [M]: 0x0000000080003908 (0x555E8E93) addi t4, t4, 1365
x29 <- 0xFFFFFD5555555555
mem[X,0x000000008000390C] -> 0x9E93
mem[X,0x000000008000390E] -> 0x00BE
[3656] [M]: 0x000000008000390C (0x00BE9E93) slli t4, t4, 11
x29 <- 0xFFEAAAAAAAAAA800
mem[X,0x0000000080003910] -> 0x8E93
mem[X,0x0000000080003912] -> 0x2AAE
[3657] [M]: 0x0000000080003910 (0x2AAE8E93) addi t4, t4, 682
x29 <- 0xFFEAAAAAAAAAAAAA
mem[X,0x0000000080003914] -> 0x9E93
mem[X,0x0000000080003916] -> 0x00AE
[3658] [M]: 0x0000000080003914 (0x00AE9E93) slli t4, t4, 10
x29 <- 0xAAAAAAAAAAAAA800
mem[X,0x0000000080003918] -> 0x8E93
mem[X,0x000000008000391A] -> 0x2ABE
[3659] [M]: 0x0000000080003918 (0x2ABE8E93) addi t4, t4, 683
x29 <- 0xAAAAAAAAAAAAAAAB
mem[X,0x000000008000391C] -> 0x4FB3
mem[X,0x000000008000391E] -> 0x03DF
[3660] [M]: 0x000000008000391C (0x03DF4FB3) div t6, t5, t4
x31 <- 0x0000000000000000
mem[X,0x0000000080003920] -> 0xB423
mem[X,0x0000000080003922] -> 0x65F6
[3661] [M]: 0x0000000080003920 (0x65F6B423) sd t6, 1608(a3)
mem[0x000000008000D9C8] <- 0x0000000000000000
mem[X,0x0000000080003924] -> 0x0F13
mem[X,0x0000000080003926] -> 0x0030
[3662] [M]: 0x0000000080003924 (0x00300F13) addi t5, zero, 3
x30 <- 0x0000000000000003
mem[X,0x0000000080003928] -> 0x0E93
mem[X,0x000000008000392A] -> 0x0060
[3663] [M]: 0x0000000080003928 (0x00600E93) addi t4, zero, 6
x29 <- 0x0000000000000006
mem[X,0x000000008000392C] -> 0x4FB3
mem[X,0x000000008000392E] -> 0x03DF
[3664] [M]: 0x000000008000392C (0x03DF4FB3) div t6, t5, t4
x31 <- 0x0000000000000000
mem[X,0x0000000080003930] -> 0xB823
mem[X,0x0000000080003932] -> 0x65F6
[3665] [M]: 0x0000000080003930 (0x65F6B823) sd t6, 1616(a3)
mem[0x000000008000D9D0] <- 0x0000000000000000
mem[X,0x0000000080003934] -> 0x0F13
mem[X,0x0000000080003936] -> 0x0030
[3666] [M]: 0x0000000080003934 (0x00300F13) addi t5, zero, 3
x30 <- 0x0000000000000003
mem[X,0x0000000080003938] -> 0x3EB7
mem[X,0x000000008000393A] -> 0x3333
[3667] [M]: 0x0000000080003938 (0x33333EB7) lui t4, 209715
x29 <- 0x0000000033333000
mem[X,0x000000008000393C] -> 0x8E93
mem[X,0x000000008000393E] -> 0x333E
[3668] [M]: 0x000000008000393C (0x333E8E93) addi t4, t4, 819
x29 <- 0x0000000033333333
mem[X,0x0000000080003940] -> 0x9E93
mem[X,0x0000000080003942] -> 0x00BE
[3669] [M]: 0x0000000080003940 (0x00BE9E93) slli t4, t4, 11
x29 <- 0x0000019999999800
mem[X,0x0000000080003944] -> 0x8E93
mem[X,0x0000000080003946] -> 0x199E
[3670] [M]: 0x0000000080003944 (0x199E8E93) addi t4, t4, 409
x29 <- 0x0000019999999999
mem[X,0x0000000080003948] -> 0x9E93
mem[X,0x000000008000394A] -> 0x00BE
[3671] [M]: 0x0000000080003948 (0x00BE9E93) slli t4, t4, 11
x29 <- 0x000CCCCCCCCCC800
mem[X,0x000000008000394C] -> 0x8E93
mem[X,0x000000008000394E] -> 0x4CCE
[3672] [M]: 0x000000008000394C (0x4CCE8E93) addi t4, t4, 1228
x29 <- 0x000CCCCCCCCCCCCC
mem[X,0x0000000080003950] -> 0x9E93
mem[X,0x0000000080003952] -> 0x00AE
[3673] [M]: 0x0000000080003950 (0x00AE9E93) slli t4, t4, 10
x29 <- 0x3333333333333000
mem[X,0x0000000080003954] -> 0x8E93
mem[X,0x0000000080003956] -> 0x334E
[3674] [M]: 0x0000000080003954 (0x334E8E93) addi t4, t4, 820
x29 <- 0x3333333333333334
mem[X,0x0000000080003958] -> 0x4FB3
mem[X,0x000000008000395A] -> 0x03DF
[3675] [M]: 0x0000000080003958 (0x03DF4FB3) div t6, t5, t4
x31 <- 0x0000000000000000
mem[X,0x000000008000395C] -> 0xBC23
mem[X,0x000000008000395E] -> 0x65F6
[3676] [M]: 0x000000008000395C (0x65F6BC23) sd t6, 1624(a3)
mem[0x000000008000D9D8] <- 0x0000000000000000
mem[X,0x0000000080003960] -> 0x0F13
mem[X,0x0000000080003962] -> 0x0030
[3677] [M]: 0x0000000080003960 (0x00300F13) addi t5, zero, 3
x30 <- 0x0000000000000003
mem[X,0x0000000080003964] -> 0x6EB7
mem[X,0x0000000080003966] -> 0x6666
[3678] [M]: 0x0000000080003964 (0x66666EB7) lui t4, 419430
x29 <- 0x0000000066666000
mem[X,0x0000000080003968] -> 0x8E93
mem[X,0x000000008000396A] -> 0x666E
[3679] [M]: 0x0000000080003968 (0x666E8E93) addi t4, t4, 1638
x29 <- 0x0000000066666666
mem[X,0x000000008000396C] -> 0x9E93
mem[X,0x000000008000396E] -> 0x00BE
[3680] [M]: 0x000000008000396C (0x00BE9E93) slli t4, t4, 11
x29 <- 0x0000033333333000
mem[X,0x0000000080003970] -> 0x8E93
mem[X,0x0000000080003972] -> 0x333E
[3681] [M]: 0x0000000080003970 (0x333E8E93) addi t4, t4, 819
x29 <- 0x0000033333333333
mem[X,0x0000000080003974] -> 0x9E93
mem[X,0x0000000080003976] -> 0x00BE
[3682] [M]: 0x0000000080003974 (0x00BE9E93) slli t4, t4, 11
x29 <- 0x0019999999999800
mem[X,0x0000000080003978] -> 0x8E93
mem[X,0x000000008000397A] -> 0x199E
[3683] [M]: 0x0000000080003978 (0x199E8E93) addi t4, t4, 409
x29 <- 0x0019999999999999
mem[X,0x000000008000397C] -> 0x9E93
mem[X,0x000000008000397E] -> 0x00AE
[3684] [M]: 0x000000008000397C (0x00AE9E93) slli t4, t4, 10
x29 <- 0x6666666666666400
mem[X,0x0000000080003980] -> 0x8E93
mem[X,0x0000000080003982] -> 0x267E
[3685] [M]: 0x0000000080003980 (0x267E8E93) addi t4, t4, 615
x29 <- 0x6666666666666667
mem[X,0x0000000080003984] -> 0x4FB3
mem[X,0x0000000080003986] -> 0x03DF
[3686] [M]: 0x0000000080003984 (0x03DF4FB3) div t6, t5, t4
x31 <- 0x0000000000000000
mem[X,0x0000000080003988] -> 0xB023
mem[X,0x000000008000398A] -> 0x67F6
[3687] [M]: 0x0000000080003988 (0x67F6B023) sd t6, 1632(a3)
mem[0x000000008000D9E0] <- 0x0000000000000000
mem[X,0x000000008000398C] -> 0x0F13
mem[X,0x000000008000398E] -> 0x0030
[3688] [M]: 0x000000008000398C (0x00300F13) addi t5, zero, 3
x30 <- 0x0000000000000003
mem[X,0x0000000080003990] -> 0x0EB7
mem[X,0x0000000080003992] -> 0x0000
[3689] [M]: 0x0000000080003990 (0x00000EB7) lui t4, 0
x29 <- 0x0000000000000000
mem[X,0x0000000080003994] -> 0x8E93
mem[X,0x0000000080003996] -> 0xFFFE
[3690] [M]: 0x0000000080003994 (0xFFFE8E93) addi t4, t4, 4095
x29 <- 0xFFFFFFFFFFFFFFFF
mem[X,0x0000000080003998] -> 0x9E93
mem[X,0x000000008000399A] -> 0x00BE
[3691] [M]: 0x0000000080003998 (0x00BE9E93) slli t4, t4, 11
x29 <- 0xFFFFFFFFFFFFF800
mem[X,0x000000008000399C] -> 0x8E93
mem[X,0x000000008000399E] -> 0x257E
[3692] [M]: 0x000000008000399C (0x257E8E93) addi t4, t4, 599
x29 <- 0xFFFFFFFFFFFFFA57
mem[X,0x00000000800039A0] -> 0x9E93
mem[X,0x00000000800039A2] -> 0x00BE
[3693] [M]: 0x00000000800039A0 (0x00BE9E93) slli t4, t4, 11
x29 <- 0xFFFFFFFFFFD2B800
mem[X,0x00000000800039A4] -> 0x8E93
mem[X,0x00000000800039A6] -> 0x6C3E
[3694] [M]: 0x00000000800039A4 (0x6C3E8E93) addi t4, t4, 1731
x29 <- 0xFFFFFFFFFFD2BEC3
mem[X,0x00000000800039A8] -> 0x9E93
mem[X,0x00000000800039AA] -> 0x00AE
[3695] [M]: 0x00000000800039A8 (0x00AE9E93) slli t4, t4, 10
x29 <- 0xFFFFFFFF4AFB0C00
mem[X,0x00000000800039AC] -> 0x8E93
mem[X,0x00000000800039AE] -> 0x0CEE
[3696] [M]: 0x00000000800039AC (0x0CEE8E93) addi t4, t4, 206
x29 <- 0xFFFFFFFF4AFB0CCE
mem[X,0x00000000800039B0] -> 0x4FB3
mem[X,0x00000000800039B2] -> 0x03DF
[3697] [M]: 0x00000000800039B0 (0x03DF4FB3) div t6, t5, t4
x31 <- 0x0000000000000000
mem[X,0x00000000800039B4] -> 0xB423
mem[X,0x00000000800039B6] -> 0x67F6
[3698] [M]: 0x00000000800039B4 (0x67F6B423) sd t6, 1640(a3)
mem[0x000000008000D9E8] <- 0x0000000000000000
mem[X,0x00000000800039B8] -> 0x0F13
mem[X,0x00000000800039BA] -> 0x0030
[3699] [M]: 0x00000000800039B8 (0x00300F13) addi t5, zero, 3
x30 <- 0x0000000000000003
clint::tick mtime <- 0x0000000000000025
 clint timer pending at mtime 0x0000000000000025
htif::tick 0x0000000000000000
mem[X,0x00000000800039BC] -> 0x0EB7
mem[X,0x00000000800039BE] -> 0x0000
[3700] [M]: 0x00000000800039BC (0x00000EB7) lui t4, 0
x29 <- 0x0000000000000000
mem[X,0x00000000800039C0] -> 0x8E93
mem[X,0x00000000800039C2] -> 0x000E
[3701] [M]: 0x00000000800039C0 (0x000E8E93) addi t4, t4, 0
x29 <- 0x0000000000000000
mem[X,0x00000000800039C4] -> 0x9E93
mem[X,0x00000000800039C6] -> 0x00BE
[3702] [M]: 0x00000000800039C4 (0x00BE9E93) slli t4, t4, 11
x29 <- 0x0000000000000000
mem[X,0x00000000800039C8] -> 0x8E93
mem[X,0x00000000800039CA] -> 0x5A8E
[3703] [M]: 0x00000000800039C8 (0x5A8E8E93) addi t4, t4, 1448
x29 <- 0x00000000000005A8
mem[X,0x00000000800039CC] -> 0x9E93
mem[X,0x00000000800039CE] -> 0x00BE
[3704] [M]: 0x00000000800039CC (0x00BE9E93) slli t4, t4, 11
x29 <- 0x00000000002D4000
mem[X,0x00000000800039D0] -> 0x8E93
mem[X,0x00000000800039D2] -> 0x13CE
[3705] [M]: 0x00000000800039D0 (0x13CE8E93) addi t4, t4, 316
x29 <- 0x00000000002D413C
mem[X,0x00000000800039D4] -> 0x9E93
mem[X,0x00000000800039D6] -> 0x00AE
[3706] [M]: 0x00000000800039D4 (0x00AE9E93) slli t4, t4, 10
x29 <- 0x00000000B504F000
mem[X,0x00000000800039D8] -> 0x8E93
mem[X,0x00000000800039DA] -> 0x334E
[3707] [M]: 0x00000000800039D8 (0x334E8E93) addi t4, t4, 820
x29 <- 0x00000000B504F334
mem[X,0x00000000800039DC] -> 0x4FB3
mem[X,0x00000000800039DE] -> 0x03DF
[3708] [M]: 0x00000000800039DC (0x03DF4FB3) div t6, t5, t4
x31 <- 0x0000000000000000
mem[X,0x00000000800039E0] -> 0xB823
mem[X,0x00000000800039E2] -> 0x67F6
[3709] [M]: 0x00000000800039E0 (0x67F6B823) sd t6, 1648(a3)
mem[0x000000008000D9F0] <- 0x0000000000000000
mem[X,0x00000000800039E4] -> 0x5F37
mem[X,0x00000000800039E6] -> 0x5555
[3710] [M]: 0x00000000800039E4 (0x55555F37) lui t5, 349525
x30 <- 0x0000000055555000
mem[X,0x00000000800039E8] -> 0x0F13
mem[X,0x00000000800039EA] -> 0x555F
[3711] [M]: 0x00000000800039E8 (0x555F0F13) addi t5, t5, 1365
x30 <- 0x0000000055555555
mem[X,0x00000000800039EC] -> 0x1F13
mem[X,0x00000000800039EE] -> 0x00BF
[3712] [M]: 0x00000000800039EC (0x00BF1F13) slli t5, t5, 11
x30 <- 0x000002AAAAAAA800
mem[X,0x00000000800039F0] -> 0x0F13
mem[X,0x00000000800039F2] -> 0x2AAF
[3713] [M]: 0x00000000800039F0 (0x2AAF0F13) addi t5, t5, 682
x30 <- 0x000002AAAAAAAAAA
mem[X,0x00000000800039F4] -> 0x1F13
mem[X,0x00000000800039F6] -> 0x00BF
[3714] [M]: 0x00000000800039F4 (0x00BF1F13) slli t5, t5, 11
x30 <- 0x0015555555555000
mem[X,0x00000000800039F8] -> 0x0F13
mem[X,0x00000000800039FA] -> 0x555F
[3715] [M]: 0x00000000800039F8 (0x555F0F13) addi t5, t5, 1365
x30 <- 0x0015555555555555
mem[X,0x00000000800039FC] -> 0x1F13
mem[X,0x00000000800039FE] -> 0x00AF
[3716] [M]: 0x00000000800039FC (0x00AF1F13) slli t5, t5, 10
x30 <- 0x5555555555555400
mem[X,0x0000000080003A00] -> 0x0F13
mem[X,0x0000000080003A02] -> 0x155F
[3717] [M]: 0x0000000080003A00 (0x155F0F13) addi t5, t5, 341
x30 <- 0x5555555555555555
mem[X,0x0000000080003A04] -> 0x0E93
mem[X,0x0000000080003A06] -> 0x0030
[3718] [M]: 0x0000000080003A04 (0x00300E93) addi t4, zero, 3
x29 <- 0x0000000000000003
mem[X,0x0000000080003A08] -> 0x4FB3
mem[X,0x0000000080003A0A] -> 0x03DF
[3719] [M]: 0x0000000080003A08 (0x03DF4FB3) div t6, t5, t4
x31 <- 0x1C71C71C71C71C71
mem[X,0x0000000080003A0C] -> 0xBC23
mem[X,0x0000000080003A0E] -> 0x67F6
[3720] [M]: 0x0000000080003A0C (0x67F6BC23) sd t6, 1656(a3)
mem[0x000000008000D9F8] <- 0x1C71C71C71C71C71
mem[X,0x0000000080003A10] -> 0x5F37
mem[X,0x0000000080003A12] -> 0x5555
[3721] [M]: 0x0000000080003A10 (0x55555F37) lui t5, 349525
x30 <- 0x0000000055555000
mem[X,0x0000000080003A14] -> 0x0F13
mem[X,0x0000000080003A16] -> 0x555F
[3722] [M]: 0x0000000080003A14 (0x555F0F13) addi t5, t5, 1365
x30 <- 0x0000000055555555
mem[X,0x0000000080003A18] -> 0x1F13
mem[X,0x0000000080003A1A] -> 0x00BF
[3723] [M]: 0x0000000080003A18 (0x00BF1F13) slli t5, t5, 11
x30 <- 0x000002AAAAAAA800
mem[X,0x0000000080003A1C] -> 0x0F13
mem[X,0x0000000080003A1E] -> 0x2AAF
[3724] [M]: 0x0000000080003A1C (0x2AAF0F13) addi t5, t5, 682
x30 <- 0x000002AAAAAAAAAA
mem[X,0x0000000080003A20] -> 0x1F13
mem[X,0x0000000080003A22] -> 0x00BF
[3725] [M]: 0x0000000080003A20 (0x00BF1F13) slli t5, t5, 11
x30 <- 0x0015555555555000
mem[X,0x0000000080003A24] -> 0x0F13
mem[X,0x0000000080003A26] -> 0x555F
[3726] [M]: 0x0000000080003A24 (0x555F0F13) addi t5, t5, 1365
x30 <- 0x0015555555555555
mem[X,0x0000000080003A28] -> 0x1F13
mem[X,0x0000000080003A2A] -> 0x00AF
[3727] [M]: 0x0000000080003A28 (0x00AF1F13) slli t5, t5, 10
x30 <- 0x5555555555555400
mem[X,0x0000000080003A2C] -> 0x0F13
mem[X,0x0000000080003A2E] -> 0x155F
[3728] [M]: 0x0000000080003A2C (0x155F0F13) addi t5, t5, 341
x30 <- 0x5555555555555555
mem[X,0x0000000080003A30] -> 0x5EB7
mem[X,0x0000000080003A32] -> 0x5555
[3729] [M]: 0x0000000080003A30 (0x55555EB7) lui t4, 349525
x29 <- 0x0000000055555000
mem[X,0x0000000080003A34] -> 0x8E93
mem[X,0x0000000080003A36] -> 0x555E
[3730] [M]: 0x0000000080003A34 (0x555E8E93) addi t4, t4, 1365
x29 <- 0x0000000055555555
mem[X,0x0000000080003A38] -> 0x9E93
mem[X,0x0000000080003A3A] -> 0x00BE
[3731] [M]: 0x0000000080003A38 (0x00BE9E93) slli t4, t4, 11
x29 <- 0x000002AAAAAAA800
mem[X,0x0000000080003A3C] -> 0x8E93
mem[X,0x0000000080003A3E] -> 0x2AAE
[3732] [M]: 0x0000000080003A3C (0x2AAE8E93) addi t4, t4, 682
x29 <- 0x000002AAAAAAAAAA
mem[X,0x0000000080003A40] -> 0x9E93
mem[X,0x0000000080003A42] -> 0x00BE
[3733] [M]: 0x0000000080003A40 (0x00BE9E93) slli t4, t4, 11
x29 <- 0x0015555555555000
mem[X,0x0000000080003A44] -> 0x8E93
mem[X,0x0000000080003A46] -> 0x555E
[3734] [M]: 0x0000000080003A44 (0x555E8E93) addi t4, t4, 1365
x29 <- 0x0015555555555555
mem[X,0x0000000080003A48] -> 0x9E93
mem[X,0x0000000080003A4A] -> 0x00AE
[3735] [M]: 0x0000000080003A48 (0x00AE9E93) slli t4, t4, 10
x29 <- 0x5555555555555400
mem[X,0x0000000080003A4C] -> 0x8E93
mem[X,0x0000000080003A4E] -> 0x155E
[3736] [M]: 0x0000000080003A4C (0x155E8E93) addi t4, t4, 341
x29 <- 0x5555555555555555
mem[X,0x0000000080003A50] -> 0x4FB3
mem[X,0x0000000080003A52] -> 0x03DF
[3737] [M]: 0x0000000080003A50 (0x03DF4FB3) div t6, t5, t4
x31 <- 0x0000000000000001
mem[X,0x0000000080003A54] -> 0xB023
mem[X,0x0000000080003A56] -> 0x69F6
[3738] [M]: 0x0000000080003A54 (0x69F6B023) sd t6, 1664(a3)
mem[0x000000008000DA00] <- 0x0000000000000001
mem[X,0x0000000080003A58] -> 0x5F37
mem[X,0x0000000080003A5A] -> 0x5555
[3739] [M]: 0x0000000080003A58 (0x55555F37) lui t5, 349525
x30 <- 0x0000000055555000
mem[X,0x0000000080003A5C] -> 0x0F13
mem[X,0x0000000080003A5E] -> 0x555F
[3740] [M]: 0x0000000080003A5C (0x555F0F13) addi t5, t5, 1365
x30 <- 0x0000000055555555
mem[X,0x0000000080003A60] -> 0x1F13
mem[X,0x0000000080003A62] -> 0x00BF
[3741] [M]: 0x0000000080003A60 (0x00BF1F13) slli t5, t5, 11
x30 <- 0x000002AAAAAAA800
mem[X,0x0000000080003A64] -> 0x0F13
mem[X,0x0000000080003A66] -> 0x2AAF
[3742] [M]: 0x0000000080003A64 (0x2AAF0F13) addi t5, t5, 682
x30 <- 0x000002AAAAAAAAAA
mem[X,0x0000000080003A68] -> 0x1F13
mem[X,0x0000000080003A6A] -> 0x00BF
[3743] [M]: 0x0000000080003A68 (0x00BF1F13) slli t5, t5, 11
x30 <- 0x0015555555555000
mem[X,0x0000000080003A6C] -> 0x0F13
mem[X,0x0000000080003A6E] -> 0x555F
[3744] [M]: 0x0000000080003A6C (0x555F0F13) addi t5, t5, 1365
x30 <- 0x0015555555555555
mem[X,0x0000000080003A70] -> 0x1F13
mem[X,0x0000000080003A72] -> 0x00AF
[3745] [M]: 0x0000000080003A70 (0x00AF1F13) slli t5, t5, 10
x30 <- 0x5555555555555400
mem[X,0x0000000080003A74] -> 0x0F13
mem[X,0x0000000080003A76] -> 0x155F
[3746] [M]: 0x0000000080003A74 (0x155F0F13) addi t5, t5, 341
x30 <- 0x5555555555555555
mem[X,0x0000000080003A78] -> 0xBEB7
mem[X,0x0000000080003A7A] -> 0xAAAA
[3747] [M]: 0x0000000080003A78 (0xAAAABEB7) lui t4, 699051
x29 <- 0xFFFFFFFFAAAAB000
mem[X,0x0000000080003A7C] -> 0x8E93
mem[X,0x0000000080003A7E] -> 0xAAAE
[3748] [M]: 0x0000000080003A7C (0xAAAE8E93) addi t4, t4, 2730
x29 <- 0xFFFFFFFFAAAAAAAA
mem[X,0x0000000080003A80] -> 0x9E93
mem[X,0x0000000080003A82] -> 0x00BE
[3749] [M]: 0x0000000080003A80 (0x00BE9E93) slli t4, t4, 11
x29 <- 0xFFFFFD5555555000
mem[X,0x0000000080003A84] -> 0x8E93
mem[X,0x0000000080003A86] -> 0x555E
[3750] [M]: 0x0000000080003A84 (0x555E8E93) addi t4, t4, 1365
x29 <- 0xFFFFFD5555555555
mem[X,0x0000000080003A88] -> 0x9E93
mem[X,0x0000000080003A8A] -> 0x00BE
[3751] [M]: 0x0000000080003A88 (0x00BE9E93) slli t4, t4, 11
x29 <- 0xFFEAAAAAAAAAA800
mem[X,0x0000000080003A8C] -> 0x8E93
mem[X,0x0000000080003A8E] -> 0x2AAE
[3752] [M]: 0x0000000080003A8C (0x2AAE8E93) addi t4, t4, 682
x29 <- 0xFFEAAAAAAAAAAAAA
mem[X,0x0000000080003A90] -> 0x9E93
mem[X,0x0000000080003A92] -> 0x00AE
[3753] [M]: 0x0000000080003A90 (0x00AE9E93) slli t4, t4, 10
x29 <- 0xAAAAAAAAAAAAA800
mem[X,0x0000000080003A94] -> 0x8E93
mem[X,0x0000000080003A96] -> 0x2AAE
[3754] [M]: 0x0000000080003A94 (0x2AAE8E93) addi t4, t4, 682
x29 <- 0xAAAAAAAAAAAAAAAA
mem[X,0x0000000080003A98] -> 0x4FB3
mem[X,0x0000000080003A9A] -> 0x03DF
[3755] [M]: 0x0000000080003A98 (0x03DF4FB3) div t6, t5, t4
x31 <- 0x0000000000000000
mem[X,0x0000000080003A9C] -> 0xB423
mem[X,0x0000000080003A9E] -> 0x69F6
[3756] [M]: 0x0000000080003A9C (0x69F6B423) sd t6, 1672(a3)
mem[0x000000008000DA08] <- 0x0000000000000000
mem[X,0x0000000080003AA0] -> 0x5F37
mem[X,0x0000000080003AA2] -> 0x5555
[3757] [M]: 0x0000000080003AA0 (0x55555F37) lui t5, 349525
x30 <- 0x0000000055555000
mem[X,0x0000000080003AA4] -> 0x0F13
mem[X,0x0000000080003AA6] -> 0x555F
[3758] [M]: 0x0000000080003AA4 (0x555F0F13) addi t5, t5, 1365
x30 <- 0x0000000055555555
mem[X,0x0000000080003AA8] -> 0x1F13
mem[X,0x0000000080003AAA] -> 0x00BF
[3759] [M]: 0x0000000080003AA8 (0x00BF1F13) slli t5, t5, 11
x30 <- 0x000002AAAAAAA800
mem[X,0x0000000080003AAC] -> 0x0F13
mem[X,0x0000000080003AAE] -> 0x2AAF
[3760] [M]: 0x0000000080003AAC (0x2AAF0F13) addi t5, t5, 682
x30 <- 0x000002AAAAAAAAAA
mem[X,0x0000000080003AB0] -> 0x1F13
mem[X,0x0000000080003AB2] -> 0x00BF
[3761] [M]: 0x0000000080003AB0 (0x00BF1F13) slli t5, t5, 11
x30 <- 0x0015555555555000
mem[X,0x0000000080003AB4] -> 0x0F13
mem[X,0x0000000080003AB6] -> 0x555F
[3762] [M]: 0x0000000080003AB4 (0x555F0F13) addi t5, t5, 1365
x30 <- 0x0015555555555555
mem[X,0x0000000080003AB8] -> 0x1F13
mem[X,0x0000000080003ABA] -> 0x00AF
[3763] [M]: 0x0000000080003AB8 (0x00AF1F13) slli t5, t5, 10
x30 <- 0x5555555555555400
mem[X,0x0000000080003ABC] -> 0x0F13
mem[X,0x0000000080003ABE] -> 0x155F
[3764] [M]: 0x0000000080003ABC (0x155F0F13) addi t5, t5, 341
x30 <- 0x5555555555555555
mem[X,0x0000000080003AC0] -> 0x0E93
mem[X,0x0000000080003AC2] -> 0x0050
[3765] [M]: 0x0000000080003AC0 (0x00500E93) addi t4, zero, 5
x29 <- 0x0000000000000005
mem[X,0x0000000080003AC4] -> 0x4FB3
mem[X,0x0000000080003AC6] -> 0x03DF
[3766] [M]: 0x0000000080003AC4 (0x03DF4FB3) div t6, t5, t4
x31 <- 0x1111111111111111
mem[X,0x0000000080003AC8] -> 0xB823
mem[X,0x0000000080003ACA] -> 0x69F6
[3767] [M]: 0x0000000080003AC8 (0x69F6B823) sd t6, 1680(a3)
mem[0x000000008000DA10] <- 0x1111111111111111
mem[X,0x0000000080003ACC] -> 0x5F37
mem[X,0x0000000080003ACE] -> 0x5555
[3768] [M]: 0x0000000080003ACC (0x55555F37) lui t5, 349525
x30 <- 0x0000000055555000
mem[X,0x0000000080003AD0] -> 0x0F13
mem[X,0x0000000080003AD2] -> 0x555F
[3769] [M]: 0x0000000080003AD0 (0x555F0F13) addi t5, t5, 1365
x30 <- 0x0000000055555555
mem[X,0x0000000080003AD4] -> 0x1F13
mem[X,0x0000000080003AD6] -> 0x00BF
[3770] [M]: 0x0000000080003AD4 (0x00BF1F13) slli t5, t5, 11
x30 <- 0x000002AAAAAAA800
mem[X,0x0000000080003AD8] -> 0x0F13
mem[X,0x0000000080003ADA] -> 0x2AAF
[3771] [M]: 0x0000000080003AD8 (0x2AAF0F13) addi t5, t5, 682
x30 <- 0x000002AAAAAAAAAA
mem[X,0x0000000080003ADC] -> 0x1F13
mem[X,0x0000000080003ADE] -> 0x00BF
[3772] [M]: 0x0000000080003ADC (0x00BF1F13) slli t5, t5, 11
x30 <- 0x0015555555555000
mem[X,0x0000000080003AE0] -> 0x0F13
mem[X,0x0000000080003AE2] -> 0x555F
[3773] [M]: 0x0000000080003AE0 (0x555F0F13) addi t5, t5, 1365
x30 <- 0x0015555555555555
mem[X,0x0000000080003AE4] -> 0x1F13
mem[X,0x0000000080003AE6] -> 0x00AF
[3774] [M]: 0x0000000080003AE4 (0x00AF1F13) slli t5, t5, 10
x30 <- 0x5555555555555400
mem[X,0x0000000080003AE8] -> 0x0F13
mem[X,0x0000000080003AEA] -> 0x155F
[3775] [M]: 0x0000000080003AE8 (0x155F0F13) addi t5, t5, 341
x30 <- 0x5555555555555555
mem[X,0x0000000080003AEC] -> 0x3EB7
mem[X,0x0000000080003AEE] -> 0x3333
[3776] [M]: 0x0000000080003AEC (0x33333EB7) lui t4, 209715
x29 <- 0x0000000033333000
mem[X,0x0000000080003AF0] -> 0x8E93
mem[X,0x0000000080003AF2] -> 0x333E
[3777] [M]: 0x0000000080003AF0 (0x333E8E93) addi t4, t4, 819
x29 <- 0x0000000033333333
mem[X,0x0000000080003AF4] -> 0x9E93
mem[X,0x0000000080003AF6] -> 0x00BE
[3778] [M]: 0x0000000080003AF4 (0x00BE9E93) slli t4, t4, 11
x29 <- 0x0000019999999800
mem[X,0x0000000080003AF8] -> 0x8E93
mem[X,0x0000000080003AFA] -> 0x199E
[3779] [M]: 0x0000000080003AF8 (0x199E8E93) addi t4, t4, 409
x29 <- 0x0000019999999999
mem[X,0x0000000080003AFC] -> 0x9E93
mem[X,0x0000000080003AFE] -> 0x00BE
[3780] [M]: 0x0000000080003AFC (0x00BE9E93) slli t4, t4, 11
x29 <- 0x000CCCCCCCCCC800
mem[X,0x0000000080003B00] -> 0x8E93
mem[X,0x0000000080003B02] -> 0x4CCE
[3781] [M]: 0x0000000080003B00 (0x4CCE8E93) addi t4, t4, 1228
x29 <- 0x000CCCCCCCCCCCCC
mem[X,0x0000000080003B04] -> 0x9E93
mem[X,0x0000000080003B06] -> 0x00AE
[3782] [M]: 0x0000000080003B04 (0x00AE9E93) slli t4, t4, 10
x29 <- 0x3333333333333000
mem[X,0x0000000080003B08] -> 0x8E93
mem[X,0x0000000080003B0A] -> 0x333E
[3783] [M]: 0x0000000080003B08 (0x333E8E93) addi t4, t4, 819
x29 <- 0x3333333333333333
mem[X,0x0000000080003B0C] -> 0x4FB3
mem[X,0x0000000080003B0E] -> 0x03DF
[3784] [M]: 0x0000000080003B0C (0x03DF4FB3) div t6, t5, t4
x31 <- 0x0000000000000001
mem[X,0x0000000080003B10] -> 0xBC23
mem[X,0x0000000080003B12] -> 0x69F6
[3785] [M]: 0x0000000080003B10 (0x69F6BC23) sd t6, 1688(a3)
mem[0x000000008000DA18] <- 0x0000000000000001
mem[X,0x0000000080003B14] -> 0x5F37
mem[X,0x0000000080003B16] -> 0x5555
[3786] [M]: 0x0000000080003B14 (0x55555F37) lui t5, 349525
x30 <- 0x0000000055555000
mem[X,0x0000000080003B18] -> 0x0F13
mem[X,0x0000000080003B1A] -> 0x555F
[3787] [M]: 0x0000000080003B18 (0x555F0F13) addi t5, t5, 1365
x30 <- 0x0000000055555555
mem[X,0x0000000080003B1C] -> 0x1F13
mem[X,0x0000000080003B1E] -> 0x00BF
[3788] [M]: 0x0000000080003B1C (0x00BF1F13) slli t5, t5, 11
x30 <- 0x000002AAAAAAA800
mem[X,0x0000000080003B20] -> 0x0F13
mem[X,0x0000000080003B22] -> 0x2AAF
[3789] [M]: 0x0000000080003B20 (0x2AAF0F13) addi t5, t5, 682
x30 <- 0x000002AAAAAAAAAA
mem[X,0x0000000080003B24] -> 0x1F13
mem[X,0x0000000080003B26] -> 0x00BF
[3790] [M]: 0x0000000080003B24 (0x00BF1F13) slli t5, t5, 11
x30 <- 0x0015555555555000
mem[X,0x0000000080003B28] -> 0x0F13
mem[X,0x0000000080003B2A] -> 0x555F
[3791] [M]: 0x0000000080003B28 (0x555F0F13) addi t5, t5, 1365
x30 <- 0x0015555555555555
mem[X,0x0000000080003B2C] -> 0x1F13
mem[X,0x0000000080003B2E] -> 0x00AF
[3792] [M]: 0x0000000080003B2C (0x00AF1F13) slli t5, t5, 10
x30 <- 0x5555555555555400
mem[X,0x0000000080003B30] -> 0x0F13
mem[X,0x0000000080003B32] -> 0x155F
[3793] [M]: 0x0000000080003B30 (0x155F0F13) addi t5, t5, 341
x30 <- 0x5555555555555555
mem[X,0x0000000080003B34] -> 0x6EB7
mem[X,0x0000000080003B36] -> 0x6666
[3794] [M]: 0x0000000080003B34 (0x66666EB7) lui t4, 419430
x29 <- 0x0000000066666000
mem[X,0x0000000080003B38] -> 0x8E93
mem[X,0x0000000080003B3A] -> 0x666E
[3795] [M]: 0x0000000080003B38 (0x666E8E93) addi t4, t4, 1638
x29 <- 0x0000000066666666
mem[X,0x0000000080003B3C] -> 0x9E93
mem[X,0x0000000080003B3E] -> 0x00BE
[3796] [M]: 0x0000000080003B3C (0x00BE9E93) slli t4, t4, 11
x29 <- 0x0000033333333000
mem[X,0x0000000080003B40] -> 0x8E93
mem[X,0x0000000080003B42] -> 0x333E
[3797] [M]: 0x0000000080003B40 (0x333E8E93) addi t4, t4, 819
x29 <- 0x0000033333333333
mem[X,0x0000000080003B44] -> 0x9E93
mem[X,0x0000000080003B46] -> 0x00BE
[3798] [M]: 0x0000000080003B44 (0x00BE9E93) slli t4, t4, 11
x29 <- 0x0019999999999800
mem[X,0x0000000080003B48] -> 0x8E93
mem[X,0x0000000080003B4A] -> 0x199E
[3799] [M]: 0x0000000080003B48 (0x199E8E93) addi t4, t4, 409
x29 <- 0x0019999999999999
clint::tick mtime <- 0x0000000000000026
 clint timer pending at mtime 0x0000000000000026
htif::tick 0x0000000000000000
mem[X,0x0000000080003B4C] -> 0x9E93
mem[X,0x0000000080003B4E] -> 0x00AE
[3800] [M]: 0x0000000080003B4C (0x00AE9E93) slli t4, t4, 10
x29 <- 0x6666666666666400
mem[X,0x0000000080003B50] -> 0x8E93
mem[X,0x0000000080003B52] -> 0x266E
[3801] [M]: 0x0000000080003B50 (0x266E8E93) addi t4, t4, 614
x29 <- 0x6666666666666666
mem[X,0x0000000080003B54] -> 0x4FB3
mem[X,0x0000000080003B56] -> 0x03DF
[3802] [M]: 0x0000000080003B54 (0x03DF4FB3) div t6, t5, t4
x31 <- 0x0000000000000000
mem[X,0x0000000080003B58] -> 0xB023
mem[X,0x0000000080003B5A] -> 0x6BF6
[3803] [M]: 0x0000000080003B58 (0x6BF6B023) sd t6, 1696(a3)
mem[0x000000008000DA20] <- 0x0000000000000000
mem[X,0x0000000080003B5C] -> 0x5F37
mem[X,0x0000000080003B5E] -> 0x5555
[3804] [M]: 0x0000000080003B5C (0x55555F37) lui t5, 349525
x30 <- 0x0000000055555000
mem[X,0x0000000080003B60] -> 0x0F13
mem[X,0x0000000080003B62] -> 0x555F
[3805] [M]: 0x0000000080003B60 (0x555F0F13) addi t5, t5, 1365
x30 <- 0x0000000055555555
mem[X,0x0000000080003B64] -> 0x1F13
mem[X,0x0000000080003B66] -> 0x00BF
[3806] [M]: 0x0000000080003B64 (0x00BF1F13) slli t5, t5, 11
x30 <- 0x000002AAAAAAA800
mem[X,0x0000000080003B68] -> 0x0F13
mem[X,0x0000000080003B6A] -> 0x2AAF
[3807] [M]: 0x0000000080003B68 (0x2AAF0F13) addi t5, t5, 682
x30 <- 0x000002AAAAAAAAAA
mem[X,0x0000000080003B6C] -> 0x1F13
mem[X,0x0000000080003B6E] -> 0x00BF
[3808] [M]: 0x0000000080003B6C (0x00BF1F13) slli t5, t5, 11
x30 <- 0x0015555555555000
mem[X,0x0000000080003B70] -> 0x0F13
mem[X,0x0000000080003B72] -> 0x555F
[3809] [M]: 0x0000000080003B70 (0x555F0F13) addi t5, t5, 1365
x30 <- 0x0015555555555555
mem[X,0x0000000080003B74] -> 0x1F13
mem[X,0x0000000080003B76] -> 0x00AF
[3810] [M]: 0x0000000080003B74 (0x00AF1F13) slli t5, t5, 10
x30 <- 0x5555555555555400
mem[X,0x0000000080003B78] -> 0x0F13
mem[X,0x0000000080003B7A] -> 0x155F
[3811] [M]: 0x0000000080003B78 (0x155F0F13) addi t5, t5, 341
x30 <- 0x5555555555555555
mem[X,0x0000000080003B7C] -> 0x0EB7
mem[X,0x0000000080003B7E] -> 0x0000
[3812] [M]: 0x0000000080003B7C (0x00000EB7) lui t4, 0
x29 <- 0x0000000000000000
mem[X,0x0000000080003B80] -> 0x8E93
mem[X,0x0000000080003B82] -> 0xFFFE
[3813] [M]: 0x0000000080003B80 (0xFFFE8E93) addi t4, t4, 4095
x29 <- 0xFFFFFFFFFFFFFFFF
mem[X,0x0000000080003B84] -> 0x9E93
mem[X,0x0000000080003B86] -> 0x00BE
[3814] [M]: 0x0000000080003B84 (0x00BE9E93) slli t4, t4, 11
x29 <- 0xFFFFFFFFFFFFF800
mem[X,0x0000000080003B88] -> 0x8E93
mem[X,0x0000000080003B8A] -> 0x257E
[3815] [M]: 0x0000000080003B88 (0x257E8E93) addi t4, t4, 599
x29 <- 0xFFFFFFFFFFFFFA57
mem[X,0x0000000080003B8C] -> 0x9E93
mem[X,0x0000000080003B8E] -> 0x00BE
[3816] [M]: 0x0000000080003B8C (0x00BE9E93) slli t4, t4, 11
x29 <- 0xFFFFFFFFFFD2B800
mem[X,0x0000000080003B90] -> 0x8E93
mem[X,0x0000000080003B92] -> 0x6C3E
[3817] [M]: 0x0000000080003B90 (0x6C3E8E93) addi t4, t4, 1731
x29 <- 0xFFFFFFFFFFD2BEC3
mem[X,0x0000000080003B94] -> 0x9E93
mem[X,0x0000000080003B96] -> 0x00AE
[3818] [M]: 0x0000000080003B94 (0x00AE9E93) slli t4, t4, 10
x29 <- 0xFFFFFFFF4AFB0C00
mem[X,0x0000000080003B98] -> 0x8E93
mem[X,0x0000000080003B9A] -> 0x0CDE
[3819] [M]: 0x0000000080003B98 (0x0CDE8E93) addi t4, t4, 205
x29 <- 0xFFFFFFFF4AFB0CCD
mem[X,0x0000000080003B9C] -> 0x4FB3
mem[X,0x0000000080003B9E] -> 0x03DF
[3820] [M]: 0x0000000080003B9C (0x03DF4FB3) div t6, t5, t4
x31 <- 0xFFFFFFFF87520888
mem[X,0x0000000080003BA0] -> 0xB423
mem[X,0x0000000080003BA2] -> 0x6BF6
[3821] [M]: 0x0000000080003BA0 (0x6BF6B423) sd t6, 1704(a3)
mem[0x000000008000DA28] <- 0xFFFFFFFF87520888
mem[X,0x0000000080003BA4] -> 0x5F37
mem[X,0x0000000080003BA6] -> 0x5555
[3822] [M]: 0x0000000080003BA4 (0x55555F37) lui t5, 349525
x30 <- 0x0000000055555000
mem[X,0x0000000080003BA8] -> 0x0F13
mem[X,0x0000000080003BAA] -> 0x555F
[3823] [M]: 0x0000000080003BA8 (0x555F0F13) addi t5, t5, 1365
x30 <- 0x0000000055555555
mem[X,0x0000000080003BAC] -> 0x1F13
mem[X,0x0000000080003BAE] -> 0x00BF
[3824] [M]: 0x0000000080003BAC (0x00BF1F13) slli t5, t5, 11
x30 <- 0x000002AAAAAAA800
mem[X,0x0000000080003BB0] -> 0x0F13
mem[X,0x0000000080003BB2] -> 0x2AAF
[3825] [M]: 0x0000000080003BB0 (0x2AAF0F13) addi t5, t5, 682
x30 <- 0x000002AAAAAAAAAA
mem[X,0x0000000080003BB4] -> 0x1F13
mem[X,0x0000000080003BB6] -> 0x00BF
[3826] [M]: 0x0000000080003BB4 (0x00BF1F13) slli t5, t5, 11
x30 <- 0x0015555555555000
mem[X,0x0000000080003BB8] -> 0x0F13
mem[X,0x0000000080003BBA] -> 0x555F
[3827] [M]: 0x0000000080003BB8 (0x555F0F13) addi t5, t5, 1365
x30 <- 0x0015555555555555
mem[X,0x0000000080003BBC] -> 0x1F13
mem[X,0x0000000080003BBE] -> 0x00AF
[3828] [M]: 0x0000000080003BBC (0x00AF1F13) slli t5, t5, 10
x30 <- 0x5555555555555400
mem[X,0x0000000080003BC0] -> 0x0F13
mem[X,0x0000000080003BC2] -> 0x155F
[3829] [M]: 0x0000000080003BC0 (0x155F0F13) addi t5, t5, 341
x30 <- 0x5555555555555555
mem[X,0x0000000080003BC4] -> 0x0EB7
mem[X,0x0000000080003BC6] -> 0x0000
[3830] [M]: 0x0000000080003BC4 (0x00000EB7) lui t4, 0
x29 <- 0x0000000000000000
mem[X,0x0000000080003BC8] -> 0x8E93
mem[X,0x0000000080003BCA] -> 0x000E
[3831] [M]: 0x0000000080003BC8 (0x000E8E93) addi t4, t4, 0
x29 <- 0x0000000000000000
mem[X,0x0000000080003BCC] -> 0x9E93
mem[X,0x0000000080003BCE] -> 0x00BE
[3832] [M]: 0x0000000080003BCC (0x00BE9E93) slli t4, t4, 11
x29 <- 0x0000000000000000
mem[X,0x0000000080003BD0] -> 0x8E93
mem[X,0x0000000080003BD2] -> 0x5A8E
[3833] [M]: 0x0000000080003BD0 (0x5A8E8E93) addi t4, t4, 1448
x29 <- 0x00000000000005A8
mem[X,0x0000000080003BD4] -> 0x9E93
mem[X,0x0000000080003BD6] -> 0x00BE
[3834] [M]: 0x0000000080003BD4 (0x00BE9E93) slli t4, t4, 11
x29 <- 0x00000000002D4000
mem[X,0x0000000080003BD8] -> 0x8E93
mem[X,0x0000000080003BDA] -> 0x13CE
[3835] [M]: 0x0000000080003BD8 (0x13CE8E93) addi t4, t4, 316
x29 <- 0x00000000002D413C
mem[X,0x0000000080003BDC] -> 0x9E93
mem[X,0x0000000080003BDE] -> 0x00AE
[3836] [M]: 0x0000000080003BDC (0x00AE9E93) slli t4, t4, 10
x29 <- 0x00000000B504F000
mem[X,0x0000000080003BE0] -> 0x8E93
mem[X,0x0000000080003BE2] -> 0x333E
[3837] [M]: 0x0000000080003BE0 (0x333E8E93) addi t4, t4, 819
x29 <- 0x00000000B504F333
mem[X,0x0000000080003BE4] -> 0x4FB3
mem[X,0x0000000080003BE6] -> 0x03DF
[3838] [M]: 0x0000000080003BE4 (0x03DF4FB3) div t6, t5, t4
x31 <- 0x0000000078ADF778
mem[X,0x0000000080003BE8] -> 0xB823
mem[X,0x0000000080003BEA] -> 0x6BF6
[3839] [M]: 0x0000000080003BE8 (0x6BF6B823) sd t6, 1712(a3)
mem[0x000000008000DA30] <- 0x0000000078ADF778
mem[X,0x0000000080003BEC] -> 0x5F37
mem[X,0x0000000080003BEE] -> 0x5555
[3840] [M]: 0x0000000080003BEC (0x55555F37) lui t5, 349525
x30 <- 0x0000000055555000
mem[X,0x0000000080003BF0] -> 0x0F13
mem[X,0x0000000080003BF2] -> 0x555F
[3841] [M]: 0x0000000080003BF0 (0x555F0F13) addi t5, t5, 1365
x30 <- 0x0000000055555555
mem[X,0x0000000080003BF4] -> 0x1F13
mem[X,0x0000000080003BF6] -> 0x00BF
[3842] [M]: 0x0000000080003BF4 (0x00BF1F13) slli t5, t5, 11
x30 <- 0x000002AAAAAAA800
mem[X,0x0000000080003BF8] -> 0x0F13
mem[X,0x0000000080003BFA] -> 0x2AAF
[3843] [M]: 0x0000000080003BF8 (0x2AAF0F13) addi t5, t5, 682
x30 <- 0x000002AAAAAAAAAA
mem[X,0x0000000080003BFC] -> 0x1F13
mem[X,0x0000000080003BFE] -> 0x00BF
[3844] [M]: 0x0000000080003BFC (0x00BF1F13) slli t5, t5, 11
x30 <- 0x0015555555555000
mem[X,0x0000000080003C00] -> 0x0F13
mem[X,0x0000000080003C02] -> 0x555F
[3845] [M]: 0x0000000080003C00 (0x555F0F13) addi t5, t5, 1365
x30 <- 0x0015555555555555
mem[X,0x0000000080003C04] -> 0x1F13
mem[X,0x0000000080003C06] -> 0x00AF
[3846] [M]: 0x0000000080003C04 (0x00AF1F13) slli t5, t5, 10
x30 <- 0x5555555555555400
mem[X,0x0000000080003C08] -> 0x0F13
mem[X,0x0000000080003C0A] -> 0x155F
[3847] [M]: 0x0000000080003C08 (0x155F0F13) addi t5, t5, 341
x30 <- 0x5555555555555555
mem[X,0x0000000080003C0C] -> 0x0E93
mem[X,0x0000000080003C0E] -> 0x0020
[3848] [M]: 0x0000000080003C0C (0x00200E93) addi t4, zero, 2
x29 <- 0x0000000000000002
mem[X,0x0000000080003C10] -> 0x4FB3
mem[X,0x0000000080003C12] -> 0x03DF
[3849] [M]: 0x0000000080003C10 (0x03DF4FB3) div t6, t5, t4
x31 <- 0x2AAAAAAAAAAAAAAA
mem[X,0x0000000080003C14] -> 0xBC23
mem[X,0x0000000080003C16] -> 0x6BF6
[3850] [M]: 0x0000000080003C14 (0x6BF6BC23) sd t6, 1720(a3)
mem[0x000000008000DA38] <- 0x2AAAAAAAAAAAAAAA
mem[X,0x0000000080003C18] -> 0x5F37
mem[X,0x0000000080003C1A] -> 0x5555
[3851] [M]: 0x0000000080003C18 (0x55555F37) lui t5, 349525
x30 <- 0x0000000055555000
mem[X,0x0000000080003C1C] -> 0x0F13
mem[X,0x0000000080003C1E] -> 0x555F
[3852] [M]: 0x0000000080003C1C (0x555F0F13) addi t5, t5, 1365
x30 <- 0x0000000055555555
mem[X,0x0000000080003C20] -> 0x1F13
mem[X,0x0000000080003C22] -> 0x00BF
[3853] [M]: 0x0000000080003C20 (0x00BF1F13) slli t5, t5, 11
x30 <- 0x000002AAAAAAA800
mem[X,0x0000000080003C24] -> 0x0F13
mem[X,0x0000000080003C26] -> 0x2AAF
[3854] [M]: 0x0000000080003C24 (0x2AAF0F13) addi t5, t5, 682
x30 <- 0x000002AAAAAAAAAA
mem[X,0x0000000080003C28] -> 0x1F13
mem[X,0x0000000080003C2A] -> 0x00BF
[3855] [M]: 0x0000000080003C28 (0x00BF1F13) slli t5, t5, 11
x30 <- 0x0015555555555000
mem[X,0x0000000080003C2C] -> 0x0F13
mem[X,0x0000000080003C2E] -> 0x555F
[3856] [M]: 0x0000000080003C2C (0x555F0F13) addi t5, t5, 1365
x30 <- 0x0015555555555555
mem[X,0x0000000080003C30] -> 0x1F13
mem[X,0x0000000080003C32] -> 0x00AF
[3857] [M]: 0x0000000080003C30 (0x00AF1F13) slli t5, t5, 10
x30 <- 0x5555555555555400
mem[X,0x0000000080003C34] -> 0x0F13
mem[X,0x0000000080003C36] -> 0x155F
[3858] [M]: 0x0000000080003C34 (0x155F0F13) addi t5, t5, 341
x30 <- 0x5555555555555555
mem[X,0x0000000080003C38] -> 0x5EB7
mem[X,0x0000000080003C3A] -> 0x5555
[3859] [M]: 0x0000000080003C38 (0x55555EB7) lui t4, 349525
x29 <- 0x0000000055555000
mem[X,0x0000000080003C3C] -> 0x8E93
mem[X,0x0000000080003C3E] -> 0x555E
[3860] [M]: 0x0000000080003C3C (0x555E8E93) addi t4, t4, 1365
x29 <- 0x0000000055555555
mem[X,0x0000000080003C40] -> 0x9E93
mem[X,0x0000000080003C42] -> 0x00BE
[3861] [M]: 0x0000000080003C40 (0x00BE9E93) slli t4, t4, 11
x29 <- 0x000002AAAAAAA800
mem[X,0x0000000080003C44] -> 0x8E93
mem[X,0x0000000080003C46] -> 0x2AAE
[3862] [M]: 0x0000000080003C44 (0x2AAE8E93) addi t4, t4, 682
x29 <- 0x000002AAAAAAAAAA
mem[X,0x0000000080003C48] -> 0x9E93
mem[X,0x0000000080003C4A] -> 0x00BE
[3863] [M]: 0x0000000080003C48 (0x00BE9E93) slli t4, t4, 11
x29 <- 0x0015555555555000
mem[X,0x0000000080003C4C] -> 0x8E93
mem[X,0x0000000080003C4E] -> 0x555E
[3864] [M]: 0x0000000080003C4C (0x555E8E93) addi t4, t4, 1365
x29 <- 0x0015555555555555
mem[X,0x0000000080003C50] -> 0x9E93
mem[X,0x0000000080003C52] -> 0x00AE
[3865] [M]: 0x0000000080003C50 (0x00AE9E93) slli t4, t4, 10
x29 <- 0x5555555555555400
mem[X,0x0000000080003C54] -> 0x8E93
mem[X,0x0000000080003C56] -> 0x154E
[3866] [M]: 0x0000000080003C54 (0x154E8E93) addi t4, t4, 340
x29 <- 0x5555555555555554
mem[X,0x0000000080003C58] -> 0x4FB3
mem[X,0x0000000080003C5A] -> 0x03DF
[3867] [M]: 0x0000000080003C58 (0x03DF4FB3) div t6, t5, t4
x31 <- 0x0000000000000001
mem[X,0x0000000080003C5C] -> 0xB023
mem[X,0x0000000080003C5E] -> 0x6DF6
[3868] [M]: 0x0000000080003C5C (0x6DF6B023) sd t6, 1728(a3)
mem[0x000000008000DA40] <- 0x0000000000000001
mem[X,0x0000000080003C60] -> 0x5F37
mem[X,0x0000000080003C62] -> 0x5555
[3869] [M]: 0x0000000080003C60 (0x55555F37) lui t5, 349525
x30 <- 0x0000000055555000
mem[X,0x0000000080003C64] -> 0x0F13
mem[X,0x0000000080003C66] -> 0x555F
[3870] [M]: 0x0000000080003C64 (0x555F0F13) addi t5, t5, 1365
x30 <- 0x0000000055555555
mem[X,0x0000000080003C68] -> 0x1F13
mem[X,0x0000000080003C6A] -> 0x00BF
[3871] [M]: 0x0000000080003C68 (0x00BF1F13) slli t5, t5, 11
x30 <- 0x000002AAAAAAA800
mem[X,0x0000000080003C6C] -> 0x0F13
mem[X,0x0000000080003C6E] -> 0x2AAF
[3872] [M]: 0x0000000080003C6C (0x2AAF0F13) addi t5, t5, 682
x30 <- 0x000002AAAAAAAAAA
mem[X,0x0000000080003C70] -> 0x1F13
mem[X,0x0000000080003C72] -> 0x00BF
[3873] [M]: 0x0000000080003C70 (0x00BF1F13) slli t5, t5, 11
x30 <- 0x0015555555555000
mem[X,0x0000000080003C74] -> 0x0F13
mem[X,0x0000000080003C76] -> 0x555F
[3874] [M]: 0x0000000080003C74 (0x555F0F13) addi t5, t5, 1365
x30 <- 0x0015555555555555
mem[X,0x0000000080003C78] -> 0x1F13
mem[X,0x0000000080003C7A] -> 0x00AF
[3875] [M]: 0x0000000080003C78 (0x00AF1F13) slli t5, t5, 10
x30 <- 0x5555555555555400
mem[X,0x0000000080003C7C] -> 0x0F13
mem[X,0x0000000080003C7E] -> 0x155F
[3876] [M]: 0x0000000080003C7C (0x155F0F13) addi t5, t5, 341
x30 <- 0x5555555555555555
mem[X,0x0000000080003C80] -> 0x3EB7
mem[X,0x0000000080003C82] -> 0x3333
[3877] [M]: 0x0000000080003C80 (0x33333EB7) lui t4, 209715
x29 <- 0x0000000033333000
mem[X,0x0000000080003C84] -> 0x8E93
mem[X,0x0000000080003C86] -> 0x333E
[3878] [M]: 0x0000000080003C84 (0x333E8E93) addi t4, t4, 819
x29 <- 0x0000000033333333
mem[X,0x0000000080003C88] -> 0x9E93
mem[X,0x0000000080003C8A] -> 0x00BE
[3879] [M]: 0x0000000080003C88 (0x00BE9E93) slli t4, t4, 11
x29 <- 0x0000019999999800
mem[X,0x0000000080003C8C] -> 0x8E93
mem[X,0x0000000080003C8E] -> 0x199E
[3880] [M]: 0x0000000080003C8C (0x199E8E93) addi t4, t4, 409
x29 <- 0x0000019999999999
mem[X,0x0000000080003C90] -> 0x9E93
mem[X,0x0000000080003C92] -> 0x00BE
[3881] [M]: 0x0000000080003C90 (0x00BE9E93) slli t4, t4, 11
x29 <- 0x000CCCCCCCCCC800
mem[X,0x0000000080003C94] -> 0x8E93
mem[X,0x0000000080003C96] -> 0x4CCE
[3882] [M]: 0x0000000080003C94 (0x4CCE8E93) addi t4, t4, 1228
x29 <- 0x000CCCCCCCCCCCCC
mem[X,0x0000000080003C98] -> 0x9E93
mem[X,0x0000000080003C9A] -> 0x00AE
[3883] [M]: 0x0000000080003C98 (0x00AE9E93) slli t4, t4, 10
x29 <- 0x3333333333333000
mem[X,0x0000000080003C9C] -> 0x8E93
mem[X,0x0000000080003C9E] -> 0x332E
[3884] [M]: 0x0000000080003C9C (0x332E8E93) addi t4, t4, 818
x29 <- 0x3333333333333332
mem[X,0x0000000080003CA0] -> 0x4FB3
mem[X,0x0000000080003CA2] -> 0x03DF
[3885] [M]: 0x0000000080003CA0 (0x03DF4FB3) div t6, t5, t4
x31 <- 0x0000000000000001
mem[X,0x0000000080003CA4] -> 0xB423
mem[X,0x0000000080003CA6] -> 0x6DF6
[3886] [M]: 0x0000000080003CA4 (0x6DF6B423) sd t6, 1736(a3)
mem[0x000000008000DA48] <- 0x0000000000000001
mem[X,0x0000000080003CA8] -> 0x5F37
mem[X,0x0000000080003CAA] -> 0x5555
[3887] [M]: 0x0000000080003CA8 (0x55555F37) lui t5, 349525
x30 <- 0x0000000055555000
mem[X,0x0000000080003CAC] -> 0x0F13
mem[X,0x0000000080003CAE] -> 0x555F
[3888] [M]: 0x0000000080003CAC (0x555F0F13) addi t5, t5, 1365
x30 <- 0x0000000055555555
mem[X,0x0000000080003CB0] -> 0x1F13
mem[X,0x0000000080003CB2] -> 0x00BF
[3889] [M]: 0x0000000080003CB0 (0x00BF1F13) slli t5, t5, 11
x30 <- 0x000002AAAAAAA800
mem[X,0x0000000080003CB4] -> 0x0F13
mem[X,0x0000000080003CB6] -> 0x2AAF
[3890] [M]: 0x0000000080003CB4 (0x2AAF0F13) addi t5, t5, 682
x30 <- 0x000002AAAAAAAAAA
mem[X,0x0000000080003CB8] -> 0x1F13
mem[X,0x0000000080003CBA] -> 0x00BF
[3891] [M]: 0x0000000080003CB8 (0x00BF1F13) slli t5, t5, 11
x30 <- 0x0015555555555000
mem[X,0x0000000080003CBC] -> 0x0F13
mem[X,0x0000000080003CBE] -> 0x555F
[3892] [M]: 0x0000000080003CBC (0x555F0F13) addi t5, t5, 1365
x30 <- 0x0015555555555555
mem[X,0x0000000080003CC0] -> 0x1F13
mem[X,0x0000000080003CC2] -> 0x00AF
[3893] [M]: 0x0000000080003CC0 (0x00AF1F13) slli t5, t5, 10
x30 <- 0x5555555555555400
mem[X,0x0000000080003CC4] -> 0x0F13
mem[X,0x0000000080003CC6] -> 0x155F
[3894] [M]: 0x0000000080003CC4 (0x155F0F13) addi t5, t5, 341
x30 <- 0x5555555555555555
mem[X,0x0000000080003CC8] -> 0x6EB7
mem[X,0x0000000080003CCA] -> 0x6666
[3895] [M]: 0x0000000080003CC8 (0x66666EB7) lui t4, 419430
x29 <- 0x0000000066666000
mem[X,0x0000000080003CCC] -> 0x8E93
mem[X,0x0000000080003CCE] -> 0x666E
[3896] [M]: 0x0000000080003CCC (0x666E8E93) addi t4, t4, 1638
x29 <- 0x0000000066666666
mem[X,0x0000000080003CD0] -> 0x9E93
mem[X,0x0000000080003CD2] -> 0x00BE
[3897] [M]: 0x0000000080003CD0 (0x00BE9E93) slli t4, t4, 11
x29 <- 0x0000033333333000
mem[X,0x0000000080003CD4] -> 0x8E93
mem[X,0x0000000080003CD6] -> 0x333E
[3898] [M]: 0x0000000080003CD4 (0x333E8E93) addi t4, t4, 819
x29 <- 0x0000033333333333
mem[X,0x0000000080003CD8] -> 0x9E93
mem[X,0x0000000080003CDA] -> 0x00BE
[3899] [M]: 0x0000000080003CD8 (0x00BE9E93) slli t4, t4, 11
x29 <- 0x0019999999999800
clint::tick mtime <- 0x0000000000000027
 clint timer pending at mtime 0x0000000000000027
htif::tick 0x0000000000000000
mem[X,0x0000000080003CDC] -> 0x8E93
mem[X,0x0000000080003CDE] -> 0x199E
[3900] [M]: 0x0000000080003CDC (0x199E8E93) addi t4, t4, 409
x29 <- 0x0019999999999999
mem[X,0x0000000080003CE0] -> 0x9E93
mem[X,0x0000000080003CE2] -> 0x00AE
[3901] [M]: 0x0000000080003CE0 (0x00AE9E93) slli t4, t4, 10
x29 <- 0x6666666666666400
mem[X,0x0000000080003CE4] -> 0x8E93
mem[X,0x0000000080003CE6] -> 0x265E
[3902] [M]: 0x0000000080003CE4 (0x265E8E93) addi t4, t4, 613
x29 <- 0x6666666666666665
mem[X,0x0000000080003CE8] -> 0x4FB3
mem[X,0x0000000080003CEA] -> 0x03DF
[3903] [M]: 0x0000000080003CE8 (0x03DF4FB3) div t6, t5, t4
x31 <- 0x0000000000000000
mem[X,0x0000000080003CEC] -> 0xB823
mem[X,0x0000000080003CEE] -> 0x6DF6
[3904] [M]: 0x0000000080003CEC (0x6DF6B823) sd t6, 1744(a3)
mem[0x000000008000DA50] <- 0x0000000000000000
mem[X,0x0000000080003CF0] -> 0x5F37
mem[X,0x0000000080003CF2] -> 0x5555
[3905] [M]: 0x0000000080003CF0 (0x55555F37) lui t5, 349525
x30 <- 0x0000000055555000
mem[X,0x0000000080003CF4] -> 0x0F13
mem[X,0x0000000080003CF6] -> 0x555F
[3906] [M]: 0x0000000080003CF4 (0x555F0F13) addi t5, t5, 1365
x30 <- 0x0000000055555555
mem[X,0x0000000080003CF8] -> 0x1F13
mem[X,0x0000000080003CFA] -> 0x00BF
[3907] [M]: 0x0000000080003CF8 (0x00BF1F13) slli t5, t5, 11
x30 <- 0x000002AAAAAAA800
mem[X,0x0000000080003CFC] -> 0x0F13
mem[X,0x0000000080003CFE] -> 0x2AAF
[3908] [M]: 0x0000000080003CFC (0x2AAF0F13) addi t5, t5, 682
x30 <- 0x000002AAAAAAAAAA
mem[X,0x0000000080003D00] -> 0x1F13
mem[X,0x0000000080003D02] -> 0x00BF
[3909] [M]: 0x0000000080003D00 (0x00BF1F13) slli t5, t5, 11
x30 <- 0x0015555555555000
mem[X,0x0000000080003D04] -> 0x0F13
mem[X,0x0000000080003D06] -> 0x555F
[3910] [M]: 0x0000000080003D04 (0x555F0F13) addi t5, t5, 1365
x30 <- 0x0015555555555555
mem[X,0x0000000080003D08] -> 0x1F13
mem[X,0x0000000080003D0A] -> 0x00AF
[3911] [M]: 0x0000000080003D08 (0x00AF1F13) slli t5, t5, 10
x30 <- 0x5555555555555400
mem[X,0x0000000080003D0C] -> 0x0F13
mem[X,0x0000000080003D0E] -> 0x155F
[3912] [M]: 0x0000000080003D0C (0x155F0F13) addi t5, t5, 341
x30 <- 0x5555555555555555
mem[X,0x0000000080003D10] -> 0x0E93
mem[X,0x0000000080003D12] -> 0x0000
[3913] [M]: 0x0000000080003D10 (0x00000E93) addi t4, zero, 0
x29 <- 0x0000000000000000
mem[X,0x0000000080003D14] -> 0x4FB3
mem[X,0x0000000080003D16] -> 0x03DF
[3914] [M]: 0x0000000080003D14 (0x03DF4FB3) div t6, t5, t4
x31 <- 0xFFFFFFFFFFFFFFFF
mem[X,0x0000000080003D18] -> 0xBC23
mem[X,0x0000000080003D1A] -> 0x6DF6
[3915] [M]: 0x0000000080003D18 (0x6DF6BC23) sd t6, 1752(a3)
mem[0x000000008000DA58] <- 0xFFFFFFFFFFFFFFFF
mem[X,0x0000000080003D1C] -> 0x5F37
mem[X,0x0000000080003D1E] -> 0x5555
[3916] [M]: 0x0000000080003D1C (0x55555F37) lui t5, 349525
x30 <- 0x0000000055555000
mem[X,0x0000000080003D20] -> 0x0F13
mem[X,0x0000000080003D22] -> 0x555F
[3917] [M]: 0x0000000080003D20 (0x555F0F13) addi t5, t5, 1365
x30 <- 0x0000000055555555
mem[X,0x0000000080003D24] -> 0x1F13
mem[X,0x0000000080003D26] -> 0x00BF
[3918] [M]: 0x0000000080003D24 (0x00BF1F13) slli t5, t5, 11
x30 <- 0x000002AAAAAAA800
mem[X,0x0000000080003D28] -> 0x0F13
mem[X,0x0000000080003D2A] -> 0x2AAF
[3919] [M]: 0x0000000080003D28 (0x2AAF0F13) addi t5, t5, 682
x30 <- 0x000002AAAAAAAAAA
mem[X,0x0000000080003D2C] -> 0x1F13
mem[X,0x0000000080003D2E] -> 0x00BF
[3920] [M]: 0x0000000080003D2C (0x00BF1F13) slli t5, t5, 11
x30 <- 0x0015555555555000
mem[X,0x0000000080003D30] -> 0x0F13
mem[X,0x0000000080003D32] -> 0x555F
[3921] [M]: 0x0000000080003D30 (0x555F0F13) addi t5, t5, 1365
x30 <- 0x0015555555555555
mem[X,0x0000000080003D34] -> 0x1F13
mem[X,0x0000000080003D36] -> 0x00AF
[3922] [M]: 0x0000000080003D34 (0x00AF1F13) slli t5, t5, 10
x30 <- 0x5555555555555400
mem[X,0x0000000080003D38] -> 0x0F13
mem[X,0x0000000080003D3A] -> 0x155F
[3923] [M]: 0x0000000080003D38 (0x155F0F13) addi t5, t5, 341
x30 <- 0x5555555555555555
mem[X,0x0000000080003D3C] -> 0x0EB7
mem[X,0x0000000080003D3E] -> 0x0000
[3924] [M]: 0x0000000080003D3C (0x00000EB7) lui t4, 0
x29 <- 0x0000000000000000
mem[X,0x0000000080003D40] -> 0x8E93
mem[X,0x0000000080003D42] -> 0x000E
[3925] [M]: 0x0000000080003D40 (0x000E8E93) addi t4, t4, 0
x29 <- 0x0000000000000000
mem[X,0x0000000080003D44] -> 0x9E93
mem[X,0x0000000080003D46] -> 0x00BE
[3926] [M]: 0x0000000080003D44 (0x00BE9E93) slli t4, t4, 11
x29 <- 0x0000000000000000
mem[X,0x0000000080003D48] -> 0x8E93
mem[X,0x0000000080003D4A] -> 0x5A8E
[3927] [M]: 0x0000000080003D48 (0x5A8E8E93) addi t4, t4, 1448
x29 <- 0x00000000000005A8
mem[X,0x0000000080003D4C] -> 0x9E93
mem[X,0x0000000080003D4E] -> 0x00BE
[3928] [M]: 0x0000000080003D4C (0x00BE9E93) slli t4, t4, 11
x29 <- 0x00000000002D4000
mem[X,0x0000000080003D50] -> 0x8E93
mem[X,0x0000000080003D52] -> 0x13CE
[3929] [M]: 0x0000000080003D50 (0x13CE8E93) addi t4, t4, 316
x29 <- 0x00000000002D413C
mem[X,0x0000000080003D54] -> 0x9E93
mem[X,0x0000000080003D56] -> 0x00AE
[3930] [M]: 0x0000000080003D54 (0x00AE9E93) slli t4, t4, 10
x29 <- 0x00000000B504F000
mem[X,0x0000000080003D58] -> 0x8E93
mem[X,0x0000000080003D5A] -> 0x332E
[3931] [M]: 0x0000000080003D58 (0x332E8E93) addi t4, t4, 818
x29 <- 0x00000000B504F332
mem[X,0x0000000080003D5C] -> 0x4FB3
mem[X,0x0000000080003D5E] -> 0x03DF
[3932] [M]: 0x0000000080003D5C (0x03DF4FB3) div t6, t5, t4
x31 <- 0x0000000078ADF779
mem[X,0x0000000080003D60] -> 0xB023
mem[X,0x0000000080003D62] -> 0x6FF6
[3933] [M]: 0x0000000080003D60 (0x6FF6B023) sd t6, 1760(a3)
mem[0x000000008000DA60] <- 0x0000000078ADF779
mem[X,0x0000000080003D64] -> 0x5F37
mem[X,0x0000000080003D66] -> 0x5555
[3934] [M]: 0x0000000080003D64 (0x55555F37) lui t5, 349525
x30 <- 0x0000000055555000
mem[X,0x0000000080003D68] -> 0x0F13
mem[X,0x0000000080003D6A] -> 0x555F
[3935] [M]: 0x0000000080003D68 (0x555F0F13) addi t5, t5, 1365
x30 <- 0x0000000055555555
mem[X,0x0000000080003D6C] -> 0x1F13
mem[X,0x0000000080003D6E] -> 0x00BF
[3936] [M]: 0x0000000080003D6C (0x00BF1F13) slli t5, t5, 11
x30 <- 0x000002AAAAAAA800
mem[X,0x0000000080003D70] -> 0x0F13
mem[X,0x0000000080003D72] -> 0x2AAF
[3937] [M]: 0x0000000080003D70 (0x2AAF0F13) addi t5, t5, 682
x30 <- 0x000002AAAAAAAAAA
mem[X,0x0000000080003D74] -> 0x1F13
mem[X,0x0000000080003D76] -> 0x00BF
[3938] [M]: 0x0000000080003D74 (0x00BF1F13) slli t5, t5, 11
x30 <- 0x0015555555555000
mem[X,0x0000000080003D78] -> 0x0F13
mem[X,0x0000000080003D7A] -> 0x555F
[3939] [M]: 0x0000000080003D78 (0x555F0F13) addi t5, t5, 1365
x30 <- 0x0015555555555555
mem[X,0x0000000080003D7C] -> 0x1F13
mem[X,0x0000000080003D7E] -> 0x00AF
[3940] [M]: 0x0000000080003D7C (0x00AF1F13) slli t5, t5, 10
x30 <- 0x5555555555555400
mem[X,0x0000000080003D80] -> 0x0F13
mem[X,0x0000000080003D82] -> 0x155F
[3941] [M]: 0x0000000080003D80 (0x155F0F13) addi t5, t5, 341
x30 <- 0x5555555555555555
mem[X,0x0000000080003D84] -> 0x0E93
mem[X,0x0000000080003D86] -> 0x0040
[3942] [M]: 0x0000000080003D84 (0x00400E93) addi t4, zero, 4
x29 <- 0x0000000000000004
mem[X,0x0000000080003D88] -> 0x4FB3
mem[X,0x0000000080003D8A] -> 0x03DF
[3943] [M]: 0x0000000080003D88 (0x03DF4FB3) div t6, t5, t4
x31 <- 0x1555555555555555
mem[X,0x0000000080003D8C] -> 0xB423
mem[X,0x0000000080003D8E] -> 0x6FF6
[3944] [M]: 0x0000000080003D8C (0x6FF6B423) sd t6, 1768(a3)
mem[0x000000008000DA68] <- 0x1555555555555555
mem[X,0x0000000080003D90] -> 0x5F37
mem[X,0x0000000080003D92] -> 0x5555
[3945] [M]: 0x0000000080003D90 (0x55555F37) lui t5, 349525
x30 <- 0x0000000055555000
mem[X,0x0000000080003D94] -> 0x0F13
mem[X,0x0000000080003D96] -> 0x555F
[3946] [M]: 0x0000000080003D94 (0x555F0F13) addi t5, t5, 1365
x30 <- 0x0000000055555555
mem[X,0x0000000080003D98] -> 0x1F13
mem[X,0x0000000080003D9A] -> 0x00BF
[3947] [M]: 0x0000000080003D98 (0x00BF1F13) slli t5, t5, 11
x30 <- 0x000002AAAAAAA800
mem[X,0x0000000080003D9C] -> 0x0F13
mem[X,0x0000000080003D9E] -> 0x2AAF
[3948] [M]: 0x0000000080003D9C (0x2AAF0F13) addi t5, t5, 682
x30 <- 0x000002AAAAAAAAAA
mem[X,0x0000000080003DA0] -> 0x1F13
mem[X,0x0000000080003DA2] -> 0x00BF
[3949] [M]: 0x0000000080003DA0 (0x00BF1F13) slli t5, t5, 11
x30 <- 0x0015555555555000
mem[X,0x0000000080003DA4] -> 0x0F13
mem[X,0x0000000080003DA6] -> 0x555F
[3950] [M]: 0x0000000080003DA4 (0x555F0F13) addi t5, t5, 1365
x30 <- 0x0015555555555555
mem[X,0x0000000080003DA8] -> 0x1F13
mem[X,0x0000000080003DAA] -> 0x00AF
[3951] [M]: 0x0000000080003DA8 (0x00AF1F13) slli t5, t5, 10
x30 <- 0x5555555555555400
mem[X,0x0000000080003DAC] -> 0x0F13
mem[X,0x0000000080003DAE] -> 0x155F
[3952] [M]: 0x0000000080003DAC (0x155F0F13) addi t5, t5, 341
x30 <- 0x5555555555555555
mem[X,0x0000000080003DB0] -> 0x5EB7
mem[X,0x0000000080003DB2] -> 0x5555
[3953] [M]: 0x0000000080003DB0 (0x55555EB7) lui t4, 349525
x29 <- 0x0000000055555000
mem[X,0x0000000080003DB4] -> 0x8E93
mem[X,0x0000000080003DB6] -> 0x555E
[3954] [M]: 0x0000000080003DB4 (0x555E8E93) addi t4, t4, 1365
x29 <- 0x0000000055555555
mem[X,0x0000000080003DB8] -> 0x9E93
mem[X,0x0000000080003DBA] -> 0x00BE
[3955] [M]: 0x0000000080003DB8 (0x00BE9E93) slli t4, t4, 11
x29 <- 0x000002AAAAAAA800
mem[X,0x0000000080003DBC] -> 0x8E93
mem[X,0x0000000080003DBE] -> 0x2AAE
[3956] [M]: 0x0000000080003DBC (0x2AAE8E93) addi t4, t4, 682
x29 <- 0x000002AAAAAAAAAA
mem[X,0x0000000080003DC0] -> 0x9E93
mem[X,0x0000000080003DC2] -> 0x00BE
[3957] [M]: 0x0000000080003DC0 (0x00BE9E93) slli t4, t4, 11
x29 <- 0x0015555555555000
mem[X,0x0000000080003DC4] -> 0x8E93
mem[X,0x0000000080003DC6] -> 0x555E
[3958] [M]: 0x0000000080003DC4 (0x555E8E93) addi t4, t4, 1365
x29 <- 0x0015555555555555
mem[X,0x0000000080003DC8] -> 0x9E93
mem[X,0x0000000080003DCA] -> 0x00AE
[3959] [M]: 0x0000000080003DC8 (0x00AE9E93) slli t4, t4, 10
x29 <- 0x5555555555555400
mem[X,0x0000000080003DCC] -> 0x8E93
mem[X,0x0000000080003DCE] -> 0x156E
[3960] [M]: 0x0000000080003DCC (0x156E8E93) addi t4, t4, 342
x29 <- 0x5555555555555556
mem[X,0x0000000080003DD0] -> 0x4FB3
mem[X,0x0000000080003DD2] -> 0x03DF
[3961] [M]: 0x0000000080003DD0 (0x03DF4FB3) div t6, t5, t4
x31 <- 0x0000000000000000
mem[X,0x0000000080003DD4] -> 0xB823
mem[X,0x0000000080003DD6] -> 0x6FF6
[3962] [M]: 0x0000000080003DD4 (0x6FF6B823) sd t6, 1776(a3)
mem[0x000000008000DA70] <- 0x0000000000000000
mem[X,0x0000000080003DD8] -> 0x5F37
mem[X,0x0000000080003DDA] -> 0x5555
[3963] [M]: 0x0000000080003DD8 (0x55555F37) lui t5, 349525
x30 <- 0x0000000055555000
mem[X,0x0000000080003DDC] -> 0x0F13
mem[X,0x0000000080003DDE] -> 0x555F
[3964] [M]: 0x0000000080003DDC (0x555F0F13) addi t5, t5, 1365
x30 <- 0x0000000055555555
mem[X,0x0000000080003DE0] -> 0x1F13
mem[X,0x0000000080003DE2] -> 0x00BF
[3965] [M]: 0x0000000080003DE0 (0x00BF1F13) slli t5, t5, 11
x30 <- 0x000002AAAAAAA800
mem[X,0x0000000080003DE4] -> 0x0F13
mem[X,0x0000000080003DE6] -> 0x2AAF
[3966] [M]: 0x0000000080003DE4 (0x2AAF0F13) addi t5, t5, 682
x30 <- 0x000002AAAAAAAAAA
mem[X,0x0000000080003DE8] -> 0x1F13
mem[X,0x0000000080003DEA] -> 0x00BF
[3967] [M]: 0x0000000080003DE8 (0x00BF1F13) slli t5, t5, 11
x30 <- 0x0015555555555000
mem[X,0x0000000080003DEC] -> 0x0F13
mem[X,0x0000000080003DEE] -> 0x555F
[3968] [M]: 0x0000000080003DEC (0x555F0F13) addi t5, t5, 1365
x30 <- 0x0015555555555555
mem[X,0x0000000080003DF0] -> 0x1F13
mem[X,0x0000000080003DF2] -> 0x00AF
[3969] [M]: 0x0000000080003DF0 (0x00AF1F13) slli t5, t5, 10
x30 <- 0x5555555555555400
mem[X,0x0000000080003DF4] -> 0x0F13
mem[X,0x0000000080003DF6] -> 0x155F
[3970] [M]: 0x0000000080003DF4 (0x155F0F13) addi t5, t5, 341
x30 <- 0x5555555555555555
mem[X,0x0000000080003DF8] -> 0xBEB7
mem[X,0x0000000080003DFA] -> 0xAAAA
[3971] [M]: 0x0000000080003DF8 (0xAAAABEB7) lui t4, 699051
x29 <- 0xFFFFFFFFAAAAB000
mem[X,0x0000000080003DFC] -> 0x8E93
mem[X,0x0000000080003DFE] -> 0xAAAE
[3972] [M]: 0x0000000080003DFC (0xAAAE8E93) addi t4, t4, 2730
x29 <- 0xFFFFFFFFAAAAAAAA
mem[X,0x0000000080003E00] -> 0x9E93
mem[X,0x0000000080003E02] -> 0x00BE
[3973] [M]: 0x0000000080003E00 (0x00BE9E93) slli t4, t4, 11
x29 <- 0xFFFFFD5555555000
mem[X,0x0000000080003E04] -> 0x8E93
mem[X,0x0000000080003E06] -> 0x555E
[3974] [M]: 0x0000000080003E04 (0x555E8E93) addi t4, t4, 1365
x29 <- 0xFFFFFD5555555555
mem[X,0x0000000080003E08] -> 0x9E93
mem[X,0x0000000080003E0A] -> 0x00BE
[3975] [M]: 0x0000000080003E08 (0x00BE9E93) slli t4, t4, 11
x29 <- 0xFFEAAAAAAAAAA800
mem[X,0x0000000080003E0C] -> 0x8E93
mem[X,0x0000000080003E0E] -> 0x2AAE
[3976] [M]: 0x0000000080003E0C (0x2AAE8E93) addi t4, t4, 682
x29 <- 0xFFEAAAAAAAAAAAAA
mem[X,0x0000000080003E10] -> 0x9E93
mem[X,0x0000000080003E12] -> 0x00AE
[3977] [M]: 0x0000000080003E10 (0x00AE9E93) slli t4, t4, 10
x29 <- 0xAAAAAAAAAAAAA800
mem[X,0x0000000080003E14] -> 0x8E93
mem[X,0x0000000080003E16] -> 0x2ABE
[3978] [M]: 0x0000000080003E14 (0x2ABE8E93) addi t4, t4, 683
x29 <- 0xAAAAAAAAAAAAAAAB
mem[X,0x0000000080003E18] -> 0x4FB3
mem[X,0x0000000080003E1A] -> 0x03DF
[3979] [M]: 0x0000000080003E18 (0x03DF4FB3) div t6, t5, t4
x31 <- 0xFFFFFFFFFFFFFFFF
mem[X,0x0000000080003E1C] -> 0xBC23
mem[X,0x0000000080003E1E] -> 0x6FF6
[3980] [M]: 0x0000000080003E1C (0x6FF6BC23) sd t6, 1784(a3)
mem[0x000000008000DA78] <- 0xFFFFFFFFFFFFFFFF
mem[X,0x0000000080003E20] -> 0x5F37
mem[X,0x0000000080003E22] -> 0x5555
[3981] [M]: 0x0000000080003E20 (0x55555F37) lui t5, 349525
x30 <- 0x0000000055555000
mem[X,0x0000000080003E24] -> 0x0F13
mem[X,0x0000000080003E26] -> 0x555F
[3982] [M]: 0x0000000080003E24 (0x555F0F13) addi t5, t5, 1365
x30 <- 0x0000000055555555
mem[X,0x0000000080003E28] -> 0x1F13
mem[X,0x0000000080003E2A] -> 0x00BF
[3983] [M]: 0x0000000080003E28 (0x00BF1F13) slli t5, t5, 11
x30 <- 0x000002AAAAAAA800
mem[X,0x0000000080003E2C] -> 0x0F13
mem[X,0x0000000080003E2E] -> 0x2AAF
[3984] [M]: 0x0000000080003E2C (0x2AAF0F13) addi t5, t5, 682
x30 <- 0x000002AAAAAAAAAA
mem[X,0x0000000080003E30] -> 0x1F13
mem[X,0x0000000080003E32] -> 0x00BF
[3985] [M]: 0x0000000080003E30 (0x00BF1F13) slli t5, t5, 11
x30 <- 0x0015555555555000
mem[X,0x0000000080003E34] -> 0x0F13
mem[X,0x0000000080003E36] -> 0x555F
[3986] [M]: 0x0000000080003E34 (0x555F0F13) addi t5, t5, 1365
x30 <- 0x0015555555555555
mem[X,0x0000000080003E38] -> 0x1F13
mem[X,0x0000000080003E3A] -> 0x00AF
[3987] [M]: 0x0000000080003E38 (0x00AF1F13) slli t5, t5, 10
x30 <- 0x5555555555555400
mem[X,0x0000000080003E3C] -> 0x0F13
mem[X,0x0000000080003E3E] -> 0x155F
[3988] [M]: 0x0000000080003E3C (0x155F0F13) addi t5, t5, 341
x30 <- 0x5555555555555555
mem[X,0x0000000080003E40] -> 0x0E93
mem[X,0x0000000080003E42] -> 0x0060
[3989] [M]: 0x0000000080003E40 (0x00600E93) addi t4, zero, 6
x29 <- 0x0000000000000006
mem[X,0x0000000080003E44] -> 0x4FB3
mem[X,0x0000000080003E46] -> 0x03DF
[3990] [M]: 0x0000000080003E44 (0x03DF4FB3) div t6, t5, t4
x31 <- 0x0E38E38E38E38E38
mem[X,0x0000000080003E48] -> 0xB023
mem[X,0x0000000080003E4A] -> 0x71F6
[3991] [M]: 0x0000000080003E48 (0x71F6B023) sd t6, 1792(a3)
mem[0x000000008000DA80] <- 0x0E38E38E38E38E38
mem[X,0x0000000080003E4C] -> 0x5F37
mem[X,0x0000000080003E4E] -> 0x5555
[3992] [M]: 0x0000000080003E4C (0x55555F37) lui t5, 349525
x30 <- 0x0000000055555000
mem[X,0x0000000080003E50] -> 0x0F13
mem[X,0x0000000080003E52] -> 0x555F
[3993] [M]: 0x0000000080003E50 (0x555F0F13) addi t5, t5, 1365
x30 <- 0x0000000055555555
mem[X,0x0000000080003E54] -> 0x1F13
mem[X,0x0000000080003E56] -> 0x00BF
[3994] [M]: 0x0000000080003E54 (0x00BF1F13) slli t5, t5, 11
x30 <- 0x000002AAAAAAA800
mem[X,0x0000000080003E58] -> 0x0F13
mem[X,0x0000000080003E5A] -> 0x2AAF
[3995] [M]: 0x0000000080003E58 (0x2AAF0F13) addi t5, t5, 682
x30 <- 0x000002AAAAAAAAAA
mem[X,0x0000000080003E5C] -> 0x1F13
mem[X,0x0000000080003E5E] -> 0x00BF
[3996] [M]: 0x0000000080003E5C (0x00BF1F13) slli t5, t5, 11
x30 <- 0x0015555555555000
mem[X,0x0000000080003E60] -> 0x0F13
mem[X,0x0000000080003E62] -> 0x555F
[3997] [M]: 0x0000000080003E60 (0x555F0F13) addi t5, t5, 1365
x30 <- 0x0015555555555555
mem[X,0x0000000080003E64] -> 0x1F13
mem[X,0x0000000080003E66] -> 0x00AF
[3998] [M]: 0x0000000080003E64 (0x00AF1F13) slli t5, t5, 10
x30 <- 0x5555555555555400
mem[X,0x0000000080003E68] -> 0x0F13
mem[X,0x0000000080003E6A] -> 0x155F
[3999] [M]: 0x0000000080003E68 (0x155F0F13) addi t5, t5, 341
x30 <- 0x5555555555555555
clint::tick mtime <- 0x0000000000000028
 clint timer pending at mtime 0x0000000000000028
htif::tick 0x0000000000000000
mem[X,0x0000000080003E6C] -> 0x3EB7
mem[X,0x0000000080003E6E] -> 0x3333
[4000] [M]: 0x0000000080003E6C (0x33333EB7) lui t4, 209715
x29 <- 0x0000000033333000
mem[X,0x0000000080003E70] -> 0x8E93
mem[X,0x0000000080003E72] -> 0x333E
[4001] [M]: 0x0000000080003E70 (0x333E8E93) addi t4, t4, 819
x29 <- 0x0000000033333333
mem[X,0x0000000080003E74] -> 0x9E93
mem[X,0x0000000080003E76] -> 0x00BE
[4002] [M]: 0x0000000080003E74 (0x00BE9E93) slli t4, t4, 11
x29 <- 0x0000019999999800
mem[X,0x0000000080003E78] -> 0x8E93
mem[X,0x0000000080003E7A] -> 0x199E
[4003] [M]: 0x0000000080003E78 (0x199E8E93) addi t4, t4, 409
x29 <- 0x0000019999999999
mem[X,0x0000000080003E7C] -> 0x9E93
mem[X,0x0000000080003E7E] -> 0x00BE
[4004] [M]: 0x0000000080003E7C (0x00BE9E93) slli t4, t4, 11
x29 <- 0x000CCCCCCCCCC800
mem[X,0x0000000080003E80] -> 0x8E93
mem[X,0x0000000080003E82] -> 0x4CCE
[4005] [M]: 0x0000000080003E80 (0x4CCE8E93) addi t4, t4, 1228
x29 <- 0x000CCCCCCCCCCCCC
mem[X,0x0000000080003E84] -> 0x9E93
mem[X,0x0000000080003E86] -> 0x00AE
[4006] [M]: 0x0000000080003E84 (0x00AE9E93) slli t4, t4, 10
x29 <- 0x3333333333333000
mem[X,0x0000000080003E88] -> 0x8E93
mem[X,0x0000000080003E8A] -> 0x334E
[4007] [M]: 0x0000000080003E88 (0x334E8E93) addi t4, t4, 820
x29 <- 0x3333333333333334
mem[X,0x0000000080003E8C] -> 0x4FB3
mem[X,0x0000000080003E8E] -> 0x03DF
[4008] [M]: 0x0000000080003E8C (0x03DF4FB3) div t6, t5, t4
x31 <- 0x0000000000000001
mem[X,0x0000000080003E90] -> 0xB423
mem[X,0x0000000080003E92] -> 0x71F6
[4009] [M]: 0x0000000080003E90 (0x71F6B423) sd t6, 1800(a3)
mem[0x000000008000DA88] <- 0x0000000000000001
mem[X,0x0000000080003E94] -> 0x5F37
mem[X,0x0000000080003E96] -> 0x5555
[4010] [M]: 0x0000000080003E94 (0x55555F37) lui t5, 349525
x30 <- 0x0000000055555000
mem[X,0x0000000080003E98] -> 0x0F13
mem[X,0x0000000080003E9A] -> 0x555F
[4011] [M]: 0x0000000080003E98 (0x555F0F13) addi t5, t5, 1365
x30 <- 0x0000000055555555
mem[X,0x0000000080003E9C] -> 0x1F13
mem[X,0x0000000080003E9E] -> 0x00BF
[4012] [M]: 0x0000000080003E9C (0x00BF1F13) slli t5, t5, 11
x30 <- 0x000002AAAAAAA800
mem[X,0x0000000080003EA0] -> 0x0F13
mem[X,0x0000000080003EA2] -> 0x2AAF
[4013] [M]: 0x0000000080003EA0 (0x2AAF0F13) addi t5, t5, 682
x30 <- 0x000002AAAAAAAAAA
mem[X,0x0000000080003EA4] -> 0x1F13
mem[X,0x0000000080003EA6] -> 0x00BF
[4014] [M]: 0x0000000080003EA4 (0x00BF1F13) slli t5, t5, 11
x30 <- 0x0015555555555000
mem[X,0x0000000080003EA8] -> 0x0F13
mem[X,0x0000000080003EAA] -> 0x555F
[4015] [M]: 0x0000000080003EA8 (0x555F0F13) addi t5, t5, 1365
x30 <- 0x0015555555555555
mem[X,0x0000000080003EAC] -> 0x1F13
mem[X,0x0000000080003EAE] -> 0x00AF
[4016] [M]: 0x0000000080003EAC (0x00AF1F13) slli t5, t5, 10
x30 <- 0x5555555555555400
mem[X,0x0000000080003EB0] -> 0x0F13
mem[X,0x0000000080003EB2] -> 0x155F
[4017] [M]: 0x0000000080003EB0 (0x155F0F13) addi t5, t5, 341
x30 <- 0x5555555555555555
mem[X,0x0000000080003EB4] -> 0x6EB7
mem[X,0x0000000080003EB6] -> 0x6666
[4018] [M]: 0x0000000080003EB4 (0x66666EB7) lui t4, 419430
x29 <- 0x0000000066666000
mem[X,0x0000000080003EB8] -> 0x8E93
mem[X,0x0000000080003EBA] -> 0x666E
[4019] [M]: 0x0000000080003EB8 (0x666E8E93) addi t4, t4, 1638
x29 <- 0x0000000066666666
mem[X,0x0000000080003EBC] -> 0x9E93
mem[X,0x0000000080003EBE] -> 0x00BE
[4020] [M]: 0x0000000080003EBC (0x00BE9E93) slli t4, t4, 11
x29 <- 0x0000033333333000
mem[X,0x0000000080003EC0] -> 0x8E93
mem[X,0x0000000080003EC2] -> 0x333E
[4021] [M]: 0x0000000080003EC0 (0x333E8E93) addi t4, t4, 819
x29 <- 0x0000033333333333
mem[X,0x0000000080003EC4] -> 0x9E93
mem[X,0x0000000080003EC6] -> 0x00BE
[4022] [M]: 0x0000000080003EC4 (0x00BE9E93) slli t4, t4, 11
x29 <- 0x0019999999999800
mem[X,0x0000000080003EC8] -> 0x8E93
mem[X,0x0000000080003ECA] -> 0x199E
[4023] [M]: 0x0000000080003EC8 (0x199E8E93) addi t4, t4, 409
x29 <- 0x0019999999999999
mem[X,0x0000000080003ECC] -> 0x9E93
mem[X,0x0000000080003ECE] -> 0x00AE
[4024] [M]: 0x0000000080003ECC (0x00AE9E93) slli t4, t4, 10
x29 <- 0x6666666666666400
mem[X,0x0000000080003ED0] -> 0x8E93
mem[X,0x0000000080003ED2] -> 0x267E
[4025] [M]: 0x0000000080003ED0 (0x267E8E93) addi t4, t4, 615
x29 <- 0x6666666666666667
mem[X,0x0000000080003ED4] -> 0x4FB3
mem[X,0x0000000080003ED6] -> 0x03DF
[4026] [M]: 0x0000000080003ED4 (0x03DF4FB3) div t6, t5, t4
x31 <- 0x0000000000000000
mem[X,0x0000000080003ED8] -> 0xB823
mem[X,0x0000000080003EDA] -> 0x71F6
[4027] [M]: 0x0000000080003ED8 (0x71F6B823) sd t6, 1808(a3)
mem[0x000000008000DA90] <- 0x0000000000000000
mem[X,0x0000000080003EDC] -> 0x5F37
mem[X,0x0000000080003EDE] -> 0x5555
[4028] [M]: 0x0000000080003EDC (0x55555F37) lui t5, 349525
x30 <- 0x0000000055555000
mem[X,0x0000000080003EE0] -> 0x0F13
mem[X,0x0000000080003EE2] -> 0x555F
[4029] [M]: 0x0000000080003EE0 (0x555F0F13) addi t5, t5, 1365
x30 <- 0x0000000055555555
mem[X,0x0000000080003EE4] -> 0x1F13
mem[X,0x0000000080003EE6] -> 0x00BF
[4030] [M]: 0x0000000080003EE4 (0x00BF1F13) slli t5, t5, 11
x30 <- 0x000002AAAAAAA800
mem[X,0x0000000080003EE8] -> 0x0F13
mem[X,0x0000000080003EEA] -> 0x2AAF
[4031] [M]: 0x0000000080003EE8 (0x2AAF0F13) addi t5, t5, 682
x30 <- 0x000002AAAAAAAAAA
mem[X,0x0000000080003EEC] -> 0x1F13
mem[X,0x0000000080003EEE] -> 0x00BF
[4032] [M]: 0x0000000080003EEC (0x00BF1F13) slli t5, t5, 11
x30 <- 0x0015555555555000
mem[X,0x0000000080003EF0] -> 0x0F13
mem[X,0x0000000080003EF2] -> 0x555F
[4033] [M]: 0x0000000080003EF0 (0x555F0F13) addi t5, t5, 1365
x30 <- 0x0015555555555555
mem[X,0x0000000080003EF4] -> 0x1F13
mem[X,0x0000000080003EF6] -> 0x00AF
[4034] [M]: 0x0000000080003EF4 (0x00AF1F13) slli t5, t5, 10
x30 <- 0x5555555555555400
mem[X,0x0000000080003EF8] -> 0x0F13
mem[X,0x0000000080003EFA] -> 0x155F
[4035] [M]: 0x0000000080003EF8 (0x155F0F13) addi t5, t5, 341
x30 <- 0x5555555555555555
mem[X,0x0000000080003EFC] -> 0x0EB7
mem[X,0x0000000080003EFE] -> 0x0000
[4036] [M]: 0x0000000080003EFC (0x00000EB7) lui t4, 0
x29 <- 0x0000000000000000
mem[X,0x0000000080003F00] -> 0x8E93
mem[X,0x0000000080003F02] -> 0xFFFE
[4037] [M]: 0x0000000080003F00 (0xFFFE8E93) addi t4, t4, 4095
x29 <- 0xFFFFFFFFFFFFFFFF
mem[X,0x0000000080003F04] -> 0x9E93
mem[X,0x0000000080003F06] -> 0x00BE
[4038] [M]: 0x0000000080003F04 (0x00BE9E93) slli t4, t4, 11
x29 <- 0xFFFFFFFFFFFFF800
mem[X,0x0000000080003F08] -> 0x8E93
mem[X,0x0000000080003F0A] -> 0x257E
[4039] [M]: 0x0000000080003F08 (0x257E8E93) addi t4, t4, 599
x29 <- 0xFFFFFFFFFFFFFA57
mem[X,0x0000000080003F0C] -> 0x9E93
mem[X,0x0000000080003F0E] -> 0x00BE
[4040] [M]: 0x0000000080003F0C (0x00BE9E93) slli t4, t4, 11
x29 <- 0xFFFFFFFFFFD2B800
mem[X,0x0000000080003F10] -> 0x8E93
mem[X,0x0000000080003F12] -> 0x6C3E
[4041] [M]: 0x0000000080003F10 (0x6C3E8E93) addi t4, t4, 1731
x29 <- 0xFFFFFFFFFFD2BEC3
mem[X,0x0000000080003F14] -> 0x9E93
mem[X,0x0000000080003F16] -> 0x00AE
[4042] [M]: 0x0000000080003F14 (0x00AE9E93) slli t4, t4, 10
x29 <- 0xFFFFFFFF4AFB0C00
mem[X,0x0000000080003F18] -> 0x8E93
mem[X,0x0000000080003F1A] -> 0x0CEE
[4043] [M]: 0x0000000080003F18 (0x0CEE8E93) addi t4, t4, 206
x29 <- 0xFFFFFFFF4AFB0CCE
mem[X,0x0000000080003F1C] -> 0x4FB3
mem[X,0x0000000080003F1E] -> 0x03DF
[4044] [M]: 0x0000000080003F1C (0x03DF4FB3) div t6, t5, t4
x31 <- 0xFFFFFFFF87520887
mem[X,0x0000000080003F20] -> 0xBC23
mem[X,0x0000000080003F22] -> 0x71F6
[4045] [M]: 0x0000000080003F20 (0x71F6BC23) sd t6, 1816(a3)
mem[0x000000008000DA98] <- 0xFFFFFFFF87520887
mem[X,0x0000000080003F24] -> 0xBF37
mem[X,0x0000000080003F26] -> 0xAAAA
[4046] [M]: 0x0000000080003F24 (0xAAAABF37) lui t5, 699051
x30 <- 0xFFFFFFFFAAAAB000
mem[X,0x0000000080003F28] -> 0x0F13
mem[X,0x0000000080003F2A] -> 0xAAAF
[4047] [M]: 0x0000000080003F28 (0xAAAF0F13) addi t5, t5, 2730
x30 <- 0xFFFFFFFFAAAAAAAA
mem[X,0x0000000080003F2C] -> 0x1F13
mem[X,0x0000000080003F2E] -> 0x00BF
[4048] [M]: 0x0000000080003F2C (0x00BF1F13) slli t5, t5, 11
x30 <- 0xFFFFFD5555555000
mem[X,0x0000000080003F30] -> 0x0F13
mem[X,0x0000000080003F32] -> 0x555F
[4049] [M]: 0x0000000080003F30 (0x555F0F13) addi t5, t5, 1365
x30 <- 0xFFFFFD5555555555
mem[X,0x0000000080003F34] -> 0x1F13
mem[X,0x0000000080003F36] -> 0x00BF
[4050] [M]: 0x0000000080003F34 (0x00BF1F13) slli t5, t5, 11
x30 <- 0xFFEAAAAAAAAAA800
mem[X,0x0000000080003F38] -> 0x0F13
mem[X,0x0000000080003F3A] -> 0x2AAF
[4051] [M]: 0x0000000080003F38 (0x2AAF0F13) addi t5, t5, 682
x30 <- 0xFFEAAAAAAAAAAAAA
mem[X,0x0000000080003F3C] -> 0x1F13
mem[X,0x0000000080003F3E] -> 0x00AF
[4052] [M]: 0x0000000080003F3C (0x00AF1F13) slli t5, t5, 10
x30 <- 0xAAAAAAAAAAAAA800
mem[X,0x0000000080003F40] -> 0x0F13
mem[X,0x0000000080003F42] -> 0x2AAF
[4053] [M]: 0x0000000080003F40 (0x2AAF0F13) addi t5, t5, 682
x30 <- 0xAAAAAAAAAAAAAAAA
mem[X,0x0000000080003F44] -> 0x0E93
mem[X,0x0000000080003F46] -> 0x0030
[4054] [M]: 0x0000000080003F44 (0x00300E93) addi t4, zero, 3
x29 <- 0x0000000000000003
mem[X,0x0000000080003F48] -> 0x4FB3
mem[X,0x0000000080003F4A] -> 0x03DF
[4055] [M]: 0x0000000080003F48 (0x03DF4FB3) div t6, t5, t4
x31 <- 0xE38E38E38E38E38E
mem[X,0x0000000080003F4C] -> 0xB023
mem[X,0x0000000080003F4E] -> 0x73F6
[4056] [M]: 0x0000000080003F4C (0x73F6B023) sd t6, 1824(a3)
mem[0x000000008000DAA0] <- 0xE38E38E38E38E38E
mem[X,0x0000000080003F50] -> 0xBF37
mem[X,0x0000000080003F52] -> 0xAAAA
[4057] [M]: 0x0000000080003F50 (0xAAAABF37) lui t5, 699051
x30 <- 0xFFFFFFFFAAAAB000
mem[X,0x0000000080003F54] -> 0x0F13
mem[X,0x0000000080003F56] -> 0xAAAF
[4058] [M]: 0x0000000080003F54 (0xAAAF0F13) addi t5, t5, 2730
x30 <- 0xFFFFFFFFAAAAAAAA
mem[X,0x0000000080003F58] -> 0x1F13
mem[X,0x0000000080003F5A] -> 0x00BF
[4059] [M]: 0x0000000080003F58 (0x00BF1F13) slli t5, t5, 11
x30 <- 0xFFFFFD5555555000
mem[X,0x0000000080003F5C] -> 0x0F13
mem[X,0x0000000080003F5E] -> 0x555F
[4060] [M]: 0x0000000080003F5C (0x555F0F13) addi t5, t5, 1365
x30 <- 0xFFFFFD5555555555
mem[X,0x0000000080003F60] -> 0x1F13
mem[X,0x0000000080003F62] -> 0x00BF
[4061] [M]: 0x0000000080003F60 (0x00BF1F13) slli t5, t5, 11
x30 <- 0xFFEAAAAAAAAAA800
mem[X,0x0000000080003F64] -> 0x0F13
mem[X,0x0000000080003F66] -> 0x2AAF
[4062] [M]: 0x0000000080003F64 (0x2AAF0F13) addi t5, t5, 682
x30 <- 0xFFEAAAAAAAAAAAAA
mem[X,0x0000000080003F68] -> 0x1F13
mem[X,0x0000000080003F6A] -> 0x00AF
[4063] [M]: 0x0000000080003F68 (0x00AF1F13) slli t5, t5, 10
x30 <- 0xAAAAAAAAAAAAA800
mem[X,0x0000000080003F6C] -> 0x0F13
mem[X,0x0000000080003F6E] -> 0x2AAF
[4064] [M]: 0x0000000080003F6C (0x2AAF0F13) addi t5, t5, 682
x30 <- 0xAAAAAAAAAAAAAAAA
mem[X,0x0000000080003F70] -> 0x5EB7
mem[X,0x0000000080003F72] -> 0x5555
[4065] [M]: 0x0000000080003F70 (0x55555EB7) lui t4, 349525
x29 <- 0x0000000055555000
mem[X,0x0000000080003F74] -> 0x8E93
mem[X,0x0000000080003F76] -> 0x555E
[4066] [M]: 0x0000000080003F74 (0x555E8E93) addi t4, t4, 1365
x29 <- 0x0000000055555555
mem[X,0x0000000080003F78] -> 0x9E93
mem[X,0x0000000080003F7A] -> 0x00BE
[4067] [M]: 0x0000000080003F78 (0x00BE9E93) slli t4, t4, 11
x29 <- 0x000002AAAAAAA800
mem[X,0x0000000080003F7C] -> 0x8E93
mem[X,0x0000000080003F7E] -> 0x2AAE
[4068] [M]: 0x0000000080003F7C (0x2AAE8E93) addi t4, t4, 682
x29 <- 0x000002AAAAAAAAAA
mem[X,0x0000000080003F80] -> 0x9E93
mem[X,0x0000000080003F82] -> 0x00BE
[4069] [M]: 0x0000000080003F80 (0x00BE9E93) slli t4, t4, 11
x29 <- 0x0015555555555000
mem[X,0x0000000080003F84] -> 0x8E93
mem[X,0x0000000080003F86] -> 0x555E
[4070] [M]: 0x0000000080003F84 (0x555E8E93) addi t4, t4, 1365
x29 <- 0x0015555555555555
mem[X,0x0000000080003F88] -> 0x9E93
mem[X,0x0000000080003F8A] -> 0x00AE
[4071] [M]: 0x0000000080003F88 (0x00AE9E93) slli t4, t4, 10
x29 <- 0x5555555555555400
mem[X,0x0000000080003F8C] -> 0x8E93
mem[X,0x0000000080003F8E] -> 0x155E
[4072] [M]: 0x0000000080003F8C (0x155E8E93) addi t4, t4, 341
x29 <- 0x5555555555555555
mem[X,0x0000000080003F90] -> 0x4FB3
mem[X,0x0000000080003F92] -> 0x03DF
[4073] [M]: 0x0000000080003F90 (0x03DF4FB3) div t6, t5, t4
x31 <- 0xFFFFFFFFFFFFFFFF
mem[X,0x0000000080003F94] -> 0xB423
mem[X,0x0000000080003F96] -> 0x73F6
[4074] [M]: 0x0000000080003F94 (0x73F6B423) sd t6, 1832(a3)
mem[0x000000008000DAA8] <- 0xFFFFFFFFFFFFFFFF
mem[X,0x0000000080003F98] -> 0xBF37
mem[X,0x0000000080003F9A] -> 0xAAAA
[4075] [M]: 0x0000000080003F98 (0xAAAABF37) lui t5, 699051
x30 <- 0xFFFFFFFFAAAAB000
mem[X,0x0000000080003F9C] -> 0x0F13
mem[X,0x0000000080003F9E] -> 0xAAAF
[4076] [M]: 0x0000000080003F9C (0xAAAF0F13) addi t5, t5, 2730
x30 <- 0xFFFFFFFFAAAAAAAA
mem[X,0x0000000080003FA0] -> 0x1F13
mem[X,0x0000000080003FA2] -> 0x00BF
[4077] [M]: 0x0000000080003FA0 (0x00BF1F13) slli t5, t5, 11
x30 <- 0xFFFFFD5555555000
mem[X,0x0000000080003FA4] -> 0x0F13
mem[X,0x0000000080003FA6] -> 0x555F
[4078] [M]: 0x0000000080003FA4 (0x555F0F13) addi t5, t5, 1365
x30 <- 0xFFFFFD5555555555
mem[X,0x0000000080003FA8] -> 0x1F13
mem[X,0x0000000080003FAA] -> 0x00BF
[4079] [M]: 0x0000000080003FA8 (0x00BF1F13) slli t5, t5, 11
x30 <- 0xFFEAAAAAAAAAA800
mem[X,0x0000000080003FAC] -> 0x0F13
mem[X,0x0000000080003FAE] -> 0x2AAF
[4080] [M]: 0x0000000080003FAC (0x2AAF0F13) addi t5, t5, 682
x30 <- 0xFFEAAAAAAAAAAAAA
mem[X,0x0000000080003FB0] -> 0x1F13
mem[X,0x0000000080003FB2] -> 0x00AF
[4081] [M]: 0x0000000080003FB0 (0x00AF1F13) slli t5, t5, 10
x30 <- 0xAAAAAAAAAAAAA800
mem[X,0x0000000080003FB4] -> 0x0F13
mem[X,0x0000000080003FB6] -> 0x2AAF
[4082] [M]: 0x0000000080003FB4 (0x2AAF0F13) addi t5, t5, 682
x30 <- 0xAAAAAAAAAAAAAAAA
mem[X,0x0000000080003FB8] -> 0xBEB7
mem[X,0x0000000080003FBA] -> 0xAAAA
[4083] [M]: 0x0000000080003FB8 (0xAAAABEB7) lui t4, 699051
x29 <- 0xFFFFFFFFAAAAB000
mem[X,0x0000000080003FBC] -> 0x8E93
mem[X,0x0000000080003FBE] -> 0xAAAE
[4084] [M]: 0x0000000080003FBC (0xAAAE8E93) addi t4, t4, 2730
x29 <- 0xFFFFFFFFAAAAAAAA
mem[X,0x0000000080003FC0] -> 0x9E93
mem[X,0x0000000080003FC2] -> 0x00BE
[4085] [M]: 0x0000000080003FC0 (0x00BE9E93) slli t4, t4, 11
x29 <- 0xFFFFFD5555555000
mem[X,0x0000000080003FC4] -> 0x8E93
mem[X,0x0000000080003FC6] -> 0x555E
[4086] [M]: 0x0000000080003FC4 (0x555E8E93) addi t4, t4, 1365
x29 <- 0xFFFFFD5555555555
mem[X,0x0000000080003FC8] -> 0x9E93
mem[X,0x0000000080003FCA] -> 0x00BE
[4087] [M]: 0x0000000080003FC8 (0x00BE9E93) slli t4, t4, 11
x29 <- 0xFFEAAAAAAAAAA800
mem[X,0x0000000080003FCC] -> 0x8E93
mem[X,0x0000000080003FCE] -> 0x2AAE
[4088] [M]: 0x0000000080003FCC (0x2AAE8E93) addi t4, t4, 682
x29 <- 0xFFEAAAAAAAAAAAAA
mem[X,0x0000000080003FD0] -> 0x9E93
mem[X,0x0000000080003FD2] -> 0x00AE
[4089] [M]: 0x0000000080003FD0 (0x00AE9E93) slli t4, t4, 10
x29 <- 0xAAAAAAAAAAAAA800
mem[X,0x0000000080003FD4] -> 0x8E93
mem[X,0x0000000080003FD6] -> 0x2AAE
[4090] [M]: 0x0000000080003FD4 (0x2AAE8E93) addi t4, t4, 682
x29 <- 0xAAAAAAAAAAAAAAAA
mem[X,0x0000000080003FD8] -> 0x4FB3
mem[X,0x0000000080003FDA] -> 0x03DF
[4091] [M]: 0x0000000080003FD8 (0x03DF4FB3) div t6, t5, t4
x31 <- 0x0000000000000001
mem[X,0x0000000080003FDC] -> 0xB823
mem[X,0x0000000080003FDE] -> 0x73F6
[4092] [M]: 0x0000000080003FDC (0x73F6B823) sd t6, 1840(a3)
mem[0x000000008000DAB0] <- 0x0000000000000001
mem[X,0x0000000080003FE0] -> 0xBF37
mem[X,0x0000000080003FE2] -> 0xAAAA
[4093] [M]: 0x0000000080003FE0 (0xAAAABF37) lui t5, 699051
x30 <- 0xFFFFFFFFAAAAB000
mem[X,0x0000000080003FE4] -> 0x0F13
mem[X,0x0000000080003FE6] -> 0xAAAF
[4094] [M]: 0x0000000080003FE4 (0xAAAF0F13) addi t5, t5, 2730
x30 <- 0xFFFFFFFFAAAAAAAA
mem[X,0x0000000080003FE8] -> 0x1F13
mem[X,0x0000000080003FEA] -> 0x00BF
[4095] [M]: 0x0000000080003FE8 (0x00BF1F13) slli t5, t5, 11
x30 <- 0xFFFFFD5555555000
mem[X,0x0000000080003FEC] -> 0x0F13
mem[X,0x0000000080003FEE] -> 0x555F
[4096] [M]: 0x0000000080003FEC (0x555F0F13) addi t5, t5, 1365
x30 <- 0xFFFFFD5555555555
mem[X,0x0000000080003FF0] -> 0x1F13
mem[X,0x0000000080003FF2] -> 0x00BF
[4097] [M]: 0x0000000080003FF0 (0x00BF1F13) slli t5, t5, 11
x30 <- 0xFFEAAAAAAAAAA800
mem[X,0x0000000080003FF4] -> 0x0F13
mem[X,0x0000000080003FF6] -> 0x2AAF
[4098] [M]: 0x0000000080003FF4 (0x2AAF0F13) addi t5, t5, 682
x30 <- 0xFFEAAAAAAAAAAAAA
mem[X,0x0000000080003FF8] -> 0x1F13
mem[X,0x0000000080003FFA] -> 0x00AF
[4099] [M]: 0x0000000080003FF8 (0x00AF1F13) slli t5, t5, 10
x30 <- 0xAAAAAAAAAAAAA800
clint::tick mtime <- 0x0000000000000029
 clint timer pending at mtime 0x0000000000000029
htif::tick 0x0000000000000000
mem[X,0x0000000080003FFC] -> 0x0F13
mem[X,0x0000000080003FFE] -> 0x2AAF
[4100] [M]: 0x0000000080003FFC (0x2AAF0F13) addi t5, t5, 682
x30 <- 0xAAAAAAAAAAAAAAAA
mem[X,0x0000000080004000] -> 0x0E93
mem[X,0x0000000080004002] -> 0x0050
[4101] [M]: 0x0000000080004000 (0x00500E93) addi t4, zero, 5
x29 <- 0x0000000000000005
mem[X,0x0000000080004004] -> 0x4FB3
mem[X,0x0000000080004006] -> 0x03DF
[4102] [M]: 0x0000000080004004 (0x03DF4FB3) div t6, t5, t4
x31 <- 0xEEEEEEEEEEEEEEEF
mem[X,0x0000000080004008] -> 0xBC23
mem[X,0x000000008000400A] -> 0x73F6
[4103] [M]: 0x0000000080004008 (0x73F6BC23) sd t6, 1848(a3)
mem[0x000000008000DAB8] <- 0xEEEEEEEEEEEEEEEF
mem[X,0x000000008000400C] -> 0xBF37
mem[X,0x000000008000400E] -> 0xAAAA
[4104] [M]: 0x000000008000400C (0xAAAABF37) lui t5, 699051
x30 <- 0xFFFFFFFFAAAAB000
mem[X,0x0000000080004010] -> 0x0F13
mem[X,0x0000000080004012] -> 0xAAAF
[4105] [M]: 0x0000000080004010 (0xAAAF0F13) addi t5, t5, 2730
x30 <- 0xFFFFFFFFAAAAAAAA
mem[X,0x0000000080004014] -> 0x1F13
mem[X,0x0000000080004016] -> 0x00BF
[4106] [M]: 0x0000000080004014 (0x00BF1F13) slli t5, t5, 11
x30 <- 0xFFFFFD5555555000
mem[X,0x0000000080004018] -> 0x0F13
mem[X,0x000000008000401A] -> 0x555F
[4107] [M]: 0x0000000080004018 (0x555F0F13) addi t5, t5, 1365
x30 <- 0xFFFFFD5555555555
mem[X,0x000000008000401C] -> 0x1F13
mem[X,0x000000008000401E] -> 0x00BF
[4108] [M]: 0x000000008000401C (0x00BF1F13) slli t5, t5, 11
x30 <- 0xFFEAAAAAAAAAA800
mem[X,0x0000000080004020] -> 0x0F13
mem[X,0x0000000080004022] -> 0x2AAF
[4109] [M]: 0x0000000080004020 (0x2AAF0F13) addi t5, t5, 682
x30 <- 0xFFEAAAAAAAAAAAAA
mem[X,0x0000000080004024] -> 0x1F13
mem[X,0x0000000080004026] -> 0x00AF
[4110] [M]: 0x0000000080004024 (0x00AF1F13) slli t5, t5, 10
x30 <- 0xAAAAAAAAAAAAA800
mem[X,0x0000000080004028] -> 0x0F13
mem[X,0x000000008000402A] -> 0x2AAF
[4111] [M]: 0x0000000080004028 (0x2AAF0F13) addi t5, t5, 682
x30 <- 0xAAAAAAAAAAAAAAAA
mem[X,0x000000008000402C] -> 0x3EB7
mem[X,0x000000008000402E] -> 0x3333
[4112] [M]: 0x000000008000402C (0x33333EB7) lui t4, 209715
x29 <- 0x0000000033333000
mem[X,0x0000000080004030] -> 0x8E93
mem[X,0x0000000080004032] -> 0x333E
[4113] [M]: 0x0000000080004030 (0x333E8E93) addi t4, t4, 819
x29 <- 0x0000000033333333
mem[X,0x0000000080004034] -> 0x9E93
mem[X,0x0000000080004036] -> 0x00BE
[4114] [M]: 0x0000000080004034 (0x00BE9E93) slli t4, t4, 11
x29 <- 0x0000019999999800
mem[X,0x0000000080004038] -> 0x8E93
mem[X,0x000000008000403A] -> 0x199E
[4115] [M]: 0x0000000080004038 (0x199E8E93) addi t4, t4, 409
x29 <- 0x0000019999999999
mem[X,0x000000008000403C] -> 0x9E93
mem[X,0x000000008000403E] -> 0x00BE
[4116] [M]: 0x000000008000403C (0x00BE9E93) slli t4, t4, 11
x29 <- 0x000CCCCCCCCCC800
mem[X,0x0000000080004040] -> 0x8E93
mem[X,0x0000000080004042] -> 0x4CCE
[4117] [M]: 0x0000000080004040 (0x4CCE8E93) addi t4, t4, 1228
x29 <- 0x000CCCCCCCCCCCCC
mem[X,0x0000000080004044] -> 0x9E93
mem[X,0x0000000080004046] -> 0x00AE
[4118] [M]: 0x0000000080004044 (0x00AE9E93) slli t4, t4, 10
x29 <- 0x3333333333333000
mem[X,0x0000000080004048] -> 0x8E93
mem[X,0x000000008000404A] -> 0x333E
[4119] [M]: 0x0000000080004048 (0x333E8E93) addi t4, t4, 819
x29 <- 0x3333333333333333
mem[X,0x000000008000404C] -> 0x4FB3
mem[X,0x000000008000404E] -> 0x03DF
[4120] [M]: 0x000000008000404C (0x03DF4FB3) div t6, t5, t4
x31 <- 0xFFFFFFFFFFFFFFFF
mem[X,0x0000000080004050] -> 0xB023
mem[X,0x0000000080004052] -> 0x75F6
[4121] [M]: 0x0000000080004050 (0x75F6B023) sd t6, 1856(a3)
mem[0x000000008000DAC0] <- 0xFFFFFFFFFFFFFFFF
mem[X,0x0000000080004054] -> 0xBF37
mem[X,0x0000000080004056] -> 0xAAAA
[4122] [M]: 0x0000000080004054 (0xAAAABF37) lui t5, 699051
x30 <- 0xFFFFFFFFAAAAB000
mem[X,0x0000000080004058] -> 0x0F13
mem[X,0x000000008000405A] -> 0xAAAF
[4123] [M]: 0x0000000080004058 (0xAAAF0F13) addi t5, t5, 2730
x30 <- 0xFFFFFFFFAAAAAAAA
mem[X,0x000000008000405C] -> 0x1F13
mem[X,0x000000008000405E] -> 0x00BF
[4124] [M]: 0x000000008000405C (0x00BF1F13) slli t5, t5, 11
x30 <- 0xFFFFFD5555555000
mem[X,0x0000000080004060] -> 0x0F13
mem[X,0x0000000080004062] -> 0x555F
[4125] [M]: 0x0000000080004060 (0x555F0F13) addi t5, t5, 1365
x30 <- 0xFFFFFD5555555555
mem[X,0x0000000080004064] -> 0x1F13
mem[X,0x0000000080004066] -> 0x00BF
[4126] [M]: 0x0000000080004064 (0x00BF1F13) slli t5, t5, 11
x30 <- 0xFFEAAAAAAAAAA800
mem[X,0x0000000080004068] -> 0x0F13
mem[X,0x000000008000406A] -> 0x2AAF
[4127] [M]: 0x0000000080004068 (0x2AAF0F13) addi t5, t5, 682
x30 <- 0xFFEAAAAAAAAAAAAA
mem[X,0x000000008000406C] -> 0x1F13
mem[X,0x000000008000406E] -> 0x00AF
[4128] [M]: 0x000000008000406C (0x00AF1F13) slli t5, t5, 10
x30 <- 0xAAAAAAAAAAAAA800
mem[X,0x0000000080004070] -> 0x0F13
mem[X,0x0000000080004072] -> 0x2AAF
[4129] [M]: 0x0000000080004070 (0x2AAF0F13) addi t5, t5, 682
x30 <- 0xAAAAAAAAAAAAAAAA
mem[X,0x0000000080004074] -> 0x6EB7
mem[X,0x0000000080004076] -> 0x6666
[4130] [M]: 0x0000000080004074 (0x66666EB7) lui t4, 419430
x29 <- 0x0000000066666000
mem[X,0x0000000080004078] -> 0x8E93
mem[X,0x000000008000407A] -> 0x666E
[4131] [M]: 0x0000000080004078 (0x666E8E93) addi t4, t4, 1638
x29 <- 0x0000000066666666
mem[X,0x000000008000407C] -> 0x9E93
mem[X,0x000000008000407E] -> 0x00BE
[4132] [M]: 0x000000008000407C (0x00BE9E93) slli t4, t4, 11
x29 <- 0x0000033333333000
mem[X,0x0000000080004080] -> 0x8E93
mem[X,0x0000000080004082] -> 0x333E
[4133] [M]: 0x0000000080004080 (0x333E8E93) addi t4, t4, 819
x29 <- 0x0000033333333333
mem[X,0x0000000080004084] -> 0x9E93
mem[X,0x0000000080004086] -> 0x00BE
[4134] [M]: 0x0000000080004084 (0x00BE9E93) slli t4, t4, 11
x29 <- 0x0019999999999800
mem[X,0x0000000080004088] -> 0x8E93
mem[X,0x000000008000408A] -> 0x199E
[4135] [M]: 0x0000000080004088 (0x199E8E93) addi t4, t4, 409
x29 <- 0x0019999999999999
mem[X,0x000000008000408C] -> 0x9E93
mem[X,0x000000008000408E] -> 0x00AE
[4136] [M]: 0x000000008000408C (0x00AE9E93) slli t4, t4, 10
x29 <- 0x6666666666666400
mem[X,0x0000000080004090] -> 0x8E93
mem[X,0x0000000080004092] -> 0x266E
[4137] [M]: 0x0000000080004090 (0x266E8E93) addi t4, t4, 614
x29 <- 0x6666666666666666
mem[X,0x0000000080004094] -> 0x4FB3
mem[X,0x0000000080004096] -> 0x03DF
[4138] [M]: 0x0000000080004094 (0x03DF4FB3) div t6, t5, t4
x31 <- 0x0000000000000000
mem[X,0x0000000080004098] -> 0xB423
mem[X,0x000000008000409A] -> 0x75F6
[4139] [M]: 0x0000000080004098 (0x75F6B423) sd t6, 1864(a3)
mem[0x000000008000DAC8] <- 0x0000000000000000
mem[X,0x000000008000409C] -> 0xBF37
mem[X,0x000000008000409E] -> 0xAAAA
[4140] [M]: 0x000000008000409C (0xAAAABF37) lui t5, 699051
x30 <- 0xFFFFFFFFAAAAB000
mem[X,0x00000000800040A0] -> 0x0F13
mem[X,0x00000000800040A2] -> 0xAAAF
[4141] [M]: 0x00000000800040A0 (0xAAAF0F13) addi t5, t5, 2730
x30 <- 0xFFFFFFFFAAAAAAAA
mem[X,0x00000000800040A4] -> 0x1F13
mem[X,0x00000000800040A6] -> 0x00BF
[4142] [M]: 0x00000000800040A4 (0x00BF1F13) slli t5, t5, 11
x30 <- 0xFFFFFD5555555000
mem[X,0x00000000800040A8] -> 0x0F13
mem[X,0x00000000800040AA] -> 0x555F
[4143] [M]: 0x00000000800040A8 (0x555F0F13) addi t5, t5, 1365
x30 <- 0xFFFFFD5555555555
mem[X,0x00000000800040AC] -> 0x1F13
mem[X,0x00000000800040AE] -> 0x00BF
[4144] [M]: 0x00000000800040AC (0x00BF1F13) slli t5, t5, 11
x30 <- 0xFFEAAAAAAAAAA800
mem[X,0x00000000800040B0] -> 0x0F13
mem[X,0x00000000800040B2] -> 0x2AAF
[4145] [M]: 0x00000000800040B0 (0x2AAF0F13) addi t5, t5, 682
x30 <- 0xFFEAAAAAAAAAAAAA
mem[X,0x00000000800040B4] -> 0x1F13
mem[X,0x00000000800040B6] -> 0x00AF
[4146] [M]: 0x00000000800040B4 (0x00AF1F13) slli t5, t5, 10
x30 <- 0xAAAAAAAAAAAAA800
mem[X,0x00000000800040B8] -> 0x0F13
mem[X,0x00000000800040BA] -> 0x2AAF
[4147] [M]: 0x00000000800040B8 (0x2AAF0F13) addi t5, t5, 682
x30 <- 0xAAAAAAAAAAAAAAAA
mem[X,0x00000000800040BC] -> 0x0EB7
mem[X,0x00000000800040BE] -> 0x0000
[4148] [M]: 0x00000000800040BC (0x00000EB7) lui t4, 0
x29 <- 0x0000000000000000
mem[X,0x00000000800040C0] -> 0x8E93
mem[X,0x00000000800040C2] -> 0xFFFE
[4149] [M]: 0x00000000800040C0 (0xFFFE8E93) addi t4, t4, 4095
x29 <- 0xFFFFFFFFFFFFFFFF
mem[X,0x00000000800040C4] -> 0x9E93
mem[X,0x00000000800040C6] -> 0x00BE
[4150] [M]: 0x00000000800040C4 (0x00BE9E93) slli t4, t4, 11
x29 <- 0xFFFFFFFFFFFFF800
mem[X,0x00000000800040C8] -> 0x8E93
mem[X,0x00000000800040CA] -> 0x257E
[4151] [M]: 0x00000000800040C8 (0x257E8E93) addi t4, t4, 599
x29 <- 0xFFFFFFFFFFFFFA57
mem[X,0x00000000800040CC] -> 0x9E93
mem[X,0x00000000800040CE] -> 0x00BE
[4152] [M]: 0x00000000800040CC (0x00BE9E93) slli t4, t4, 11
x29 <- 0xFFFFFFFFFFD2B800
mem[X,0x00000000800040D0] -> 0x8E93
mem[X,0x00000000800040D2] -> 0x6C3E
[4153] [M]: 0x00000000800040D0 (0x6C3E8E93) addi t4, t4, 1731
x29 <- 0xFFFFFFFFFFD2BEC3
mem[X,0x00000000800040D4] -> 0x9E93
mem[X,0x00000000800040D6] -> 0x00AE
[4154] [M]: 0x00000000800040D4 (0x00AE9E93) slli t4, t4, 10
x29 <- 0xFFFFFFFF4AFB0C00
mem[X,0x00000000800040D8] -> 0x8E93
mem[X,0x00000000800040DA] -> 0x0CDE
[4155] [M]: 0x00000000800040D8 (0x0CDE8E93) addi t4, t4, 205
x29 <- 0xFFFFFFFF4AFB0CCD
mem[X,0x00000000800040DC] -> 0x4FB3
mem[X,0x00000000800040DE] -> 0x03DF
[4156] [M]: 0x00000000800040DC (0x03DF4FB3) div t6, t5, t4
x31 <- 0x0000000078ADF778
mem[X,0x00000000800040E0] -> 0xB823
mem[X,0x00000000800040E2] -> 0x75F6
[4157] [M]: 0x00000000800040E0 (0x75F6B823) sd t6, 1872(a3)
mem[0x000000008000DAD0] <- 0x0000000078ADF778
mem[X,0x00000000800040E4] -> 0xBF37
mem[X,0x00000000800040E6] -> 0xAAAA
[4158] [M]: 0x00000000800040E4 (0xAAAABF37) lui t5, 699051
x30 <- 0xFFFFFFFFAAAAB000
mem[X,0x00000000800040E8] -> 0x0F13
mem[X,0x00000000800040EA] -> 0xAAAF
[4159] [M]: 0x00000000800040E8 (0xAAAF0F13) addi t5, t5, 2730
x30 <- 0xFFFFFFFFAAAAAAAA
mem[X,0x00000000800040EC] -> 0x1F13
mem[X,0x00000000800040EE] -> 0x00BF
[4160] [M]: 0x00000000800040EC (0x00BF1F13) slli t5, t5, 11
x30 <- 0xFFFFFD5555555000
mem[X,0x00000000800040F0] -> 0x0F13
mem[X,0x00000000800040F2] -> 0x555F
[4161] [M]: 0x00000000800040F0 (0x555F0F13) addi t5, t5, 1365
x30 <- 0xFFFFFD5555555555
mem[X,0x00000000800040F4] -> 0x1F13
mem[X,0x00000000800040F6] -> 0x00BF
[4162] [M]: 0x00000000800040F4 (0x00BF1F13) slli t5, t5, 11
x30 <- 0xFFEAAAAAAAAAA800
mem[X,0x00000000800040F8] -> 0x0F13
mem[X,0x00000000800040FA] -> 0x2AAF
[4163] [M]: 0x00000000800040F8 (0x2AAF0F13) addi t5, t5, 682
x30 <- 0xFFEAAAAAAAAAAAAA
mem[X,0x00000000800040FC] -> 0x1F13
mem[X,0x00000000800040FE] -> 0x00AF
[4164] [M]: 0x00000000800040FC (0x00AF1F13) slli t5, t5, 10
x30 <- 0xAAAAAAAAAAAAA800
mem[X,0x0000000080004100] -> 0x0F13
mem[X,0x0000000080004102] -> 0x2AAF
[4165] [M]: 0x0000000080004100 (0x2AAF0F13) addi t5, t5, 682
x30 <- 0xAAAAAAAAAAAAAAAA
mem[X,0x0000000080004104] -> 0x0EB7
mem[X,0x0000000080004106] -> 0x0000
[4166] [M]: 0x0000000080004104 (0x00000EB7) lui t4, 0
x29 <- 0x0000000000000000
mem[X,0x0000000080004108] -> 0x8E93
mem[X,0x000000008000410A] -> 0x000E
[4167] [M]: 0x0000000080004108 (0x000E8E93) addi t4, t4, 0
x29 <- 0x0000000000000000
mem[X,0x000000008000410C] -> 0x9E93
mem[X,0x000000008000410E] -> 0x00BE
[4168] [M]: 0x000000008000410C (0x00BE9E93) slli t4, t4, 11
x29 <- 0x0000000000000000
mem[X,0x0000000080004110] -> 0x8E93
mem[X,0x0000000080004112] -> 0x5A8E
[4169] [M]: 0x0000000080004110 (0x5A8E8E93) addi t4, t4, 1448
x29 <- 0x00000000000005A8
mem[X,0x0000000080004114] -> 0x9E93
mem[X,0x0000000080004116] -> 0x00BE
[4170] [M]: 0x0000000080004114 (0x00BE9E93) slli t4, t4, 11
x29 <- 0x00000000002D4000
mem[X,0x0000000080004118] -> 0x8E93
mem[X,0x000000008000411A] -> 0x13CE
[4171] [M]: 0x0000000080004118 (0x13CE8E93) addi t4, t4, 316
x29 <- 0x00000000002D413C
mem[X,0x000000008000411C] -> 0x9E93
mem[X,0x000000008000411E] -> 0x00AE
[4172] [M]: 0x000000008000411C (0x00AE9E93) slli t4, t4, 10
x29 <- 0x00000000B504F000
mem[X,0x0000000080004120] -> 0x8E93
mem[X,0x0000000080004122] -> 0x333E
[4173] [M]: 0x0000000080004120 (0x333E8E93) addi t4, t4, 819
x29 <- 0x00000000B504F333
mem[X,0x0000000080004124] -> 0x4FB3
mem[X,0x0000000080004126] -> 0x03DF
[4174] [M]: 0x0000000080004124 (0x03DF4FB3) div t6, t5, t4
x31 <- 0xFFFFFFFF87520888
mem[X,0x0000000080004128] -> 0xBC23
mem[X,0x000000008000412A] -> 0x75F6
[4175] [M]: 0x0000000080004128 (0x75F6BC23) sd t6, 1880(a3)
mem[0x000000008000DAD8] <- 0xFFFFFFFF87520888
mem[X,0x000000008000412C] -> 0xBF37
mem[X,0x000000008000412E] -> 0xAAAA
[4176] [M]: 0x000000008000412C (0xAAAABF37) lui t5, 699051
x30 <- 0xFFFFFFFFAAAAB000
mem[X,0x0000000080004130] -> 0x0F13
mem[X,0x0000000080004132] -> 0xAAAF
[4177] [M]: 0x0000000080004130 (0xAAAF0F13) addi t5, t5, 2730
x30 <- 0xFFFFFFFFAAAAAAAA
mem[X,0x0000000080004134] -> 0x1F13
mem[X,0x0000000080004136] -> 0x00BF
[4178] [M]: 0x0000000080004134 (0x00BF1F13) slli t5, t5, 11
x30 <- 0xFFFFFD5555555000
mem[X,0x0000000080004138] -> 0x0F13
mem[X,0x000000008000413A] -> 0x555F
[4179] [M]: 0x0000000080004138 (0x555F0F13) addi t5, t5, 1365
x30 <- 0xFFFFFD5555555555
mem[X,0x000000008000413C] -> 0x1F13
mem[X,0x000000008000413E] -> 0x00BF
[4180] [M]: 0x000000008000413C (0x00BF1F13) slli t5, t5, 11
x30 <- 0xFFEAAAAAAAAAA800
mem[X,0x0000000080004140] -> 0x0F13
mem[X,0x0000000080004142] -> 0x2AAF
[4181] [M]: 0x0000000080004140 (0x2AAF0F13) addi t5, t5, 682
x30 <- 0xFFEAAAAAAAAAAAAA
mem[X,0x0000000080004144] -> 0x1F13
mem[X,0x0000000080004146] -> 0x00AF
[4182] [M]: 0x0000000080004144 (0x00AF1F13) slli t5, t5, 10
x30 <- 0xAAAAAAAAAAAAA800
mem[X,0x0000000080004148] -> 0x0F13
mem[X,0x000000008000414A] -> 0x2AAF
[4183] [M]: 0x0000000080004148 (0x2AAF0F13) addi t5, t5, 682
x30 <- 0xAAAAAAAAAAAAAAAA
mem[X,0x000000008000414C] -> 0x0E93
mem[X,0x000000008000414E] -> 0x0020
[4184] [M]: 0x000000008000414C (0x00200E93) addi t4, zero, 2
x29 <- 0x0000000000000002
mem[X,0x0000000080004150] -> 0x4FB3
mem[X,0x0000000080004152] -> 0x03DF
[4185] [M]: 0x0000000080004150 (0x03DF4FB3) div t6, t5, t4
x31 <- 0xD555555555555555
mem[X,0x0000000080004154] -> 0xB023
mem[X,0x0000000080004156] -> 0x77F6
[4186] [M]: 0x0000000080004154 (0x77F6B023) sd t6, 1888(a3)
mem[0x000000008000DAE0] <- 0xD555555555555555
mem[X,0x0000000080004158] -> 0xBF37
mem[X,0x000000008000415A] -> 0xAAAA
[4187] [M]: 0x0000000080004158 (0xAAAABF37) lui t5, 699051
x30 <- 0xFFFFFFFFAAAAB000
mem[X,0x000000008000415C] -> 0x0F13
mem[X,0x000000008000415E] -> 0xAAAF
[4188] [M]: 0x000000008000415C (0xAAAF0F13) addi t5, t5, 2730
x30 <- 0xFFFFFFFFAAAAAAAA
mem[X,0x0000000080004160] -> 0x1F13
mem[X,0x0000000080004162] -> 0x00BF
[4189] [M]: 0x0000000080004160 (0x00BF1F13) slli t5, t5, 11
x30 <- 0xFFFFFD5555555000
mem[X,0x0000000080004164] -> 0x0F13
mem[X,0x0000000080004166] -> 0x555F
[4190] [M]: 0x0000000080004164 (0x555F0F13) addi t5, t5, 1365
x30 <- 0xFFFFFD5555555555
mem[X,0x0000000080004168] -> 0x1F13
mem[X,0x000000008000416A] -> 0x00BF
[4191] [M]: 0x0000000080004168 (0x00BF1F13) slli t5, t5, 11
x30 <- 0xFFEAAAAAAAAAA800
mem[X,0x000000008000416C] -> 0x0F13
mem[X,0x000000008000416E] -> 0x2AAF
[4192] [M]: 0x000000008000416C (0x2AAF0F13) addi t5, t5, 682
x30 <- 0xFFEAAAAAAAAAAAAA
mem[X,0x0000000080004170] -> 0x1F13
mem[X,0x0000000080004172] -> 0x00AF
[4193] [M]: 0x0000000080004170 (0x00AF1F13) slli t5, t5, 10
x30 <- 0xAAAAAAAAAAAAA800
mem[X,0x0000000080004174] -> 0x0F13
mem[X,0x0000000080004176] -> 0x2AAF
[4194] [M]: 0x0000000080004174 (0x2AAF0F13) addi t5, t5, 682
x30 <- 0xAAAAAAAAAAAAAAAA
mem[X,0x0000000080004178] -> 0x5EB7
mem[X,0x000000008000417A] -> 0x5555
[4195] [M]: 0x0000000080004178 (0x55555EB7) lui t4, 349525
x29 <- 0x0000000055555000
mem[X,0x000000008000417C] -> 0x8E93
mem[X,0x000000008000417E] -> 0x555E
[4196] [M]: 0x000000008000417C (0x555E8E93) addi t4, t4, 1365
x29 <- 0x0000000055555555
mem[X,0x0000000080004180] -> 0x9E93
mem[X,0x0000000080004182] -> 0x00BE
[4197] [M]: 0x0000000080004180 (0x00BE9E93) slli t4, t4, 11
x29 <- 0x000002AAAAAAA800
mem[X,0x0000000080004184] -> 0x8E93
mem[X,0x0000000080004186] -> 0x2AAE
[4198] [M]: 0x0000000080004184 (0x2AAE8E93) addi t4, t4, 682
x29 <- 0x000002AAAAAAAAAA
mem[X,0x0000000080004188] -> 0x9E93
mem[X,0x000000008000418A] -> 0x00BE
[4199] [M]: 0x0000000080004188 (0x00BE9E93) slli t4, t4, 11
x29 <- 0x0015555555555000
clint::tick mtime <- 0x000000000000002A
 clint timer pending at mtime 0x000000000000002A
htif::tick 0x0000000000000000
mem[X,0x000000008000418C] -> 0x8E93
mem[X,0x000000008000418E] -> 0x555E
[4200] [M]: 0x000000008000418C (0x555E8E93) addi t4, t4, 1365
x29 <- 0x0015555555555555
mem[X,0x0000000080004190] -> 0x9E93
mem[X,0x0000000080004192] -> 0x00AE
[4201] [M]: 0x0000000080004190 (0x00AE9E93) slli t4, t4, 10
x29 <- 0x5555555555555400
mem[X,0x0000000080004194] -> 0x8E93
mem[X,0x0000000080004196] -> 0x154E
[4202] [M]: 0x0000000080004194 (0x154E8E93) addi t4, t4, 340
x29 <- 0x5555555555555554
mem[X,0x0000000080004198] -> 0x4FB3
mem[X,0x000000008000419A] -> 0x03DF
[4203] [M]: 0x0000000080004198 (0x03DF4FB3) div t6, t5, t4
x31 <- 0xFFFFFFFFFFFFFFFF
mem[X,0x000000008000419C] -> 0xB423
mem[X,0x000000008000419E] -> 0x77F6
[4204] [M]: 0x000000008000419C (0x77F6B423) sd t6, 1896(a3)
mem[0x000000008000DAE8] <- 0xFFFFFFFFFFFFFFFF
mem[X,0x00000000800041A0] -> 0xBF37
mem[X,0x00000000800041A2] -> 0xAAAA
[4205] [M]: 0x00000000800041A0 (0xAAAABF37) lui t5, 699051
x30 <- 0xFFFFFFFFAAAAB000
mem[X,0x00000000800041A4] -> 0x0F13
mem[X,0x00000000800041A6] -> 0xAAAF
[4206] [M]: 0x00000000800041A4 (0xAAAF0F13) addi t5, t5, 2730
x30 <- 0xFFFFFFFFAAAAAAAA
mem[X,0x00000000800041A8] -> 0x1F13
mem[X,0x00000000800041AA] -> 0x00BF
[4207] [M]: 0x00000000800041A8 (0x00BF1F13) slli t5, t5, 11
x30 <- 0xFFFFFD5555555000
mem[X,0x00000000800041AC] -> 0x0F13
mem[X,0x00000000800041AE] -> 0x555F
[4208] [M]: 0x00000000800041AC (0x555F0F13) addi t5, t5, 1365
x30 <- 0xFFFFFD5555555555
mem[X,0x00000000800041B0] -> 0x1F13
mem[X,0x00000000800041B2] -> 0x00BF
[4209] [M]: 0x00000000800041B0 (0x00BF1F13) slli t5, t5, 11
x30 <- 0xFFEAAAAAAAAAA800
mem[X,0x00000000800041B4] -> 0x0F13
mem[X,0x00000000800041B6] -> 0x2AAF
[4210] [M]: 0x00000000800041B4 (0x2AAF0F13) addi t5, t5, 682
x30 <- 0xFFEAAAAAAAAAAAAA
mem[X,0x00000000800041B8] -> 0x1F13
mem[X,0x00000000800041BA] -> 0x00AF
[4211] [M]: 0x00000000800041B8 (0x00AF1F13) slli t5, t5, 10
x30 <- 0xAAAAAAAAAAAAA800
mem[X,0x00000000800041BC] -> 0x0F13
mem[X,0x00000000800041BE] -> 0x2AAF
[4212] [M]: 0x00000000800041BC (0x2AAF0F13) addi t5, t5, 682
x30 <- 0xAAAAAAAAAAAAAAAA
mem[X,0x00000000800041C0] -> 0x3EB7
mem[X,0x00000000800041C2] -> 0x3333
[4213] [M]: 0x00000000800041C0 (0x33333EB7) lui t4, 209715
x29 <- 0x0000000033333000
mem[X,0x00000000800041C4] -> 0x8E93
mem[X,0x00000000800041C6] -> 0x333E
[4214] [M]: 0x00000000800041C4 (0x333E8E93) addi t4, t4, 819
x29 <- 0x0000000033333333
mem[X,0x00000000800041C8] -> 0x9E93
mem[X,0x00000000800041CA] -> 0x00BE
[4215] [M]: 0x00000000800041C8 (0x00BE9E93) slli t4, t4, 11
x29 <- 0x0000019999999800
mem[X,0x00000000800041CC] -> 0x8E93
mem[X,0x00000000800041CE] -> 0x199E
[4216] [M]: 0x00000000800041CC (0x199E8E93) addi t4, t4, 409
x29 <- 0x0000019999999999
mem[X,0x00000000800041D0] -> 0x9E93
mem[X,0x00000000800041D2] -> 0x00BE
[4217] [M]: 0x00000000800041D0 (0x00BE9E93) slli t4, t4, 11
x29 <- 0x000CCCCCCCCCC800
mem[X,0x00000000800041D4] -> 0x8E93
mem[X,0x00000000800041D6] -> 0x4CCE
[4218] [M]: 0x00000000800041D4 (0x4CCE8E93) addi t4, t4, 1228
x29 <- 0x000CCCCCCCCCCCCC
mem[X,0x00000000800041D8] -> 0x9E93
mem[X,0x00000000800041DA] -> 0x00AE
[4219] [M]: 0x00000000800041D8 (0x00AE9E93) slli t4, t4, 10
x29 <- 0x3333333333333000
mem[X,0x00000000800041DC] -> 0x8E93
mem[X,0x00000000800041DE] -> 0x332E
[4220] [M]: 0x00000000800041DC (0x332E8E93) addi t4, t4, 818
x29 <- 0x3333333333333332
mem[X,0x00000000800041E0] -> 0x4FB3
mem[X,0x00000000800041E2] -> 0x03DF
[4221] [M]: 0x00000000800041E0 (0x03DF4FB3) div t6, t5, t4
x31 <- 0xFFFFFFFFFFFFFFFF
mem[X,0x00000000800041E4] -> 0xB823
mem[X,0x00000000800041E6] -> 0x77F6
[4222] [M]: 0x00000000800041E4 (0x77F6B823) sd t6, 1904(a3)
mem[0x000000008000DAF0] <- 0xFFFFFFFFFFFFFFFF
mem[X,0x00000000800041E8] -> 0xBF37
mem[X,0x00000000800041EA] -> 0xAAAA
[4223] [M]: 0x00000000800041E8 (0xAAAABF37) lui t5, 699051
x30 <- 0xFFFFFFFFAAAAB000
mem[X,0x00000000800041EC] -> 0x0F13
mem[X,0x00000000800041EE] -> 0xAAAF
[4224] [M]: 0x00000000800041EC (0xAAAF0F13) addi t5, t5, 2730
x30 <- 0xFFFFFFFFAAAAAAAA
mem[X,0x00000000800041F0] -> 0x1F13
mem[X,0x00000000800041F2] -> 0x00BF
[4225] [M]: 0x00000000800041F0 (0x00BF1F13) slli t5, t5, 11
x30 <- 0xFFFFFD5555555000
mem[X,0x00000000800041F4] -> 0x0F13
mem[X,0x00000000800041F6] -> 0x555F
[4226] [M]: 0x00000000800041F4 (0x555F0F13) addi t5, t5, 1365
x30 <- 0xFFFFFD5555555555
mem[X,0x00000000800041F8] -> 0x1F13
mem[X,0x00000000800041FA] -> 0x00BF
[4227] [M]: 0x00000000800041F8 (0x00BF1F13) slli t5, t5, 11
x30 <- 0xFFEAAAAAAAAAA800
mem[X,0x00000000800041FC] -> 0x0F13
mem[X,0x00000000800041FE] -> 0x2AAF
[4228] [M]: 0x00000000800041FC (0x2AAF0F13) addi t5, t5, 682
x30 <- 0xFFEAAAAAAAAAAAAA
mem[X,0x0000000080004200] -> 0x1F13
mem[X,0x0000000080004202] -> 0x00AF
[4229] [M]: 0x0000000080004200 (0x00AF1F13) slli t5, t5, 10
x30 <- 0xAAAAAAAAAAAAA800
mem[X,0x0000000080004204] -> 0x0F13
mem[X,0x0000000080004206] -> 0x2AAF
[4230] [M]: 0x0000000080004204 (0x2AAF0F13) addi t5, t5, 682
x30 <- 0xAAAAAAAAAAAAAAAA
mem[X,0x0000000080004208] -> 0x6EB7
mem[X,0x000000008000420A] -> 0x6666
[4231] [M]: 0x0000000080004208 (0x66666EB7) lui t4, 419430
x29 <- 0x0000000066666000
mem[X,0x000000008000420C] -> 0x8E93
mem[X,0x000000008000420E] -> 0x666E
[4232] [M]: 0x000000008000420C (0x666E8E93) addi t4, t4, 1638
x29 <- 0x0000000066666666
mem[X,0x0000000080004210] -> 0x9E93
mem[X,0x0000000080004212] -> 0x00BE
[4233] [M]: 0x0000000080004210 (0x00BE9E93) slli t4, t4, 11
x29 <- 0x0000033333333000
mem[X,0x0000000080004214] -> 0x8E93
mem[X,0x0000000080004216] -> 0x333E
[4234] [M]: 0x0000000080004214 (0x333E8E93) addi t4, t4, 819
x29 <- 0x0000033333333333
mem[X,0x0000000080004218] -> 0x9E93
mem[X,0x000000008000421A] -> 0x00BE
[4235] [M]: 0x0000000080004218 (0x00BE9E93) slli t4, t4, 11
x29 <- 0x0019999999999800
mem[X,0x000000008000421C] -> 0x8E93
mem[X,0x000000008000421E] -> 0x199E
[4236] [M]: 0x000000008000421C (0x199E8E93) addi t4, t4, 409
x29 <- 0x0019999999999999
mem[X,0x0000000080004220] -> 0x9E93
mem[X,0x0000000080004222] -> 0x00AE
[4237] [M]: 0x0000000080004220 (0x00AE9E93) slli t4, t4, 10
x29 <- 0x6666666666666400
mem[X,0x0000000080004224] -> 0x8E93
mem[X,0x0000000080004226] -> 0x265E
[4238] [M]: 0x0000000080004224 (0x265E8E93) addi t4, t4, 613
x29 <- 0x6666666666666665
mem[X,0x0000000080004228] -> 0x4FB3
mem[X,0x000000008000422A] -> 0x03DF
[4239] [M]: 0x0000000080004228 (0x03DF4FB3) div t6, t5, t4
x31 <- 0x0000000000000000
mem[X,0x000000008000422C] -> 0xBC23
mem[X,0x000000008000422E] -> 0x77F6
[4240] [M]: 0x000000008000422C (0x77F6BC23) sd t6, 1912(a3)
mem[0x000000008000DAF8] <- 0x0000000000000000
mem[X,0x0000000080004230] -> 0xBF37
mem[X,0x0000000080004232] -> 0xAAAA
[4241] [M]: 0x0000000080004230 (0xAAAABF37) lui t5, 699051
x30 <- 0xFFFFFFFFAAAAB000
mem[X,0x0000000080004234] -> 0x0F13
mem[X,0x0000000080004236] -> 0xAAAF
[4242] [M]: 0x0000000080004234 (0xAAAF0F13) addi t5, t5, 2730
x30 <- 0xFFFFFFFFAAAAAAAA
mem[X,0x0000000080004238] -> 0x1F13
mem[X,0x000000008000423A] -> 0x00BF
[4243] [M]: 0x0000000080004238 (0x00BF1F13) slli t5, t5, 11
x30 <- 0xFFFFFD5555555000
mem[X,0x000000008000423C] -> 0x0F13
mem[X,0x000000008000423E] -> 0x555F
[4244] [M]: 0x000000008000423C (0x555F0F13) addi t5, t5, 1365
x30 <- 0xFFFFFD5555555555
mem[X,0x0000000080004240] -> 0x1F13
mem[X,0x0000000080004242] -> 0x00BF
[4245] [M]: 0x0000000080004240 (0x00BF1F13) slli t5, t5, 11
x30 <- 0xFFEAAAAAAAAAA800
mem[X,0x0000000080004244] -> 0x0F13
mem[X,0x0000000080004246] -> 0x2AAF
[4246] [M]: 0x0000000080004244 (0x2AAF0F13) addi t5, t5, 682
x30 <- 0xFFEAAAAAAAAAAAAA
mem[X,0x0000000080004248] -> 0x1F13
mem[X,0x000000008000424A] -> 0x00AF
[4247] [M]: 0x0000000080004248 (0x00AF1F13) slli t5, t5, 10
x30 <- 0xAAAAAAAAAAAAA800
mem[X,0x000000008000424C] -> 0x0F13
mem[X,0x000000008000424E] -> 0x2AAF
[4248] [M]: 0x000000008000424C (0x2AAF0F13) addi t5, t5, 682
x30 <- 0xAAAAAAAAAAAAAAAA
mem[X,0x0000000080004250] -> 0x0E93
mem[X,0x0000000080004252] -> 0x0000
[4249] [M]: 0x0000000080004250 (0x00000E93) addi t4, zero, 0
x29 <- 0x0000000000000000
mem[X,0x0000000080004254] -> 0x4FB3
mem[X,0x0000000080004256] -> 0x03DF
[4250] [M]: 0x0000000080004254 (0x03DF4FB3) div t6, t5, t4
x31 <- 0xFFFFFFFFFFFFFFFF
mem[X,0x0000000080004258] -> 0xB023
mem[X,0x000000008000425A] -> 0x79F6
[4251] [M]: 0x0000000080004258 (0x79F6B023) sd t6, 1920(a3)
mem[0x000000008000DB00] <- 0xFFFFFFFFFFFFFFFF
mem[X,0x000000008000425C] -> 0xBF37
mem[X,0x000000008000425E] -> 0xAAAA
[4252] [M]: 0x000000008000425C (0xAAAABF37) lui t5, 699051
x30 <- 0xFFFFFFFFAAAAB000
mem[X,0x0000000080004260] -> 0x0F13
mem[X,0x0000000080004262] -> 0xAAAF
[4253] [M]: 0x0000000080004260 (0xAAAF0F13) addi t5, t5, 2730
x30 <- 0xFFFFFFFFAAAAAAAA
mem[X,0x0000000080004264] -> 0x1F13
mem[X,0x0000000080004266] -> 0x00BF
[4254] [M]: 0x0000000080004264 (0x00BF1F13) slli t5, t5, 11
x30 <- 0xFFFFFD5555555000
mem[X,0x0000000080004268] -> 0x0F13
mem[X,0x000000008000426A] -> 0x555F
[4255] [M]: 0x0000000080004268 (0x555F0F13) addi t5, t5, 1365
x30 <- 0xFFFFFD5555555555
mem[X,0x000000008000426C] -> 0x1F13
mem[X,0x000000008000426E] -> 0x00BF
[4256] [M]: 0x000000008000426C (0x00BF1F13) slli t5, t5, 11
x30 <- 0xFFEAAAAAAAAAA800
mem[X,0x0000000080004270] -> 0x0F13
mem[X,0x0000000080004272] -> 0x2AAF
[4257] [M]: 0x0000000080004270 (0x2AAF0F13) addi t5, t5, 682
x30 <- 0xFFEAAAAAAAAAAAAA
mem[X,0x0000000080004274] -> 0x1F13
mem[X,0x0000000080004276] -> 0x00AF
[4258] [M]: 0x0000000080004274 (0x00AF1F13) slli t5, t5, 10
x30 <- 0xAAAAAAAAAAAAA800
mem[X,0x0000000080004278] -> 0x0F13
mem[X,0x000000008000427A] -> 0x2AAF
[4259] [M]: 0x0000000080004278 (0x2AAF0F13) addi t5, t5, 682
x30 <- 0xAAAAAAAAAAAAAAAA
mem[X,0x000000008000427C] -> 0x0EB7
mem[X,0x000000008000427E] -> 0x0000
[4260] [M]: 0x000000008000427C (0x00000EB7) lui t4, 0
x29 <- 0x0000000000000000
mem[X,0x0000000080004280] -> 0x8E93
mem[X,0x0000000080004282] -> 0x000E
[4261] [M]: 0x0000000080004280 (0x000E8E93) addi t4, t4, 0
x29 <- 0x0000000000000000
mem[X,0x0000000080004284] -> 0x9E93
mem[X,0x0000000080004286] -> 0x00BE
[4262] [M]: 0x0000000080004284 (0x00BE9E93) slli t4, t4, 11
x29 <- 0x0000000000000000
mem[X,0x0000000080004288] -> 0x8E93
mem[X,0x000000008000428A] -> 0x5A8E
[4263] [M]: 0x0000000080004288 (0x5A8E8E93) addi t4, t4, 1448
x29 <- 0x00000000000005A8
mem[X,0x000000008000428C] -> 0x9E93
mem[X,0x000000008000428E] -> 0x00BE
[4264] [M]: 0x000000008000428C (0x00BE9E93) slli t4, t4, 11
x29 <- 0x00000000002D4000
mem[X,0x0000000080004290] -> 0x8E93
mem[X,0x0000000080004292] -> 0x13CE
[4265] [M]: 0x0000000080004290 (0x13CE8E93) addi t4, t4, 316
x29 <- 0x00000000002D413C
mem[X,0x0000000080004294] -> 0x9E93
mem[X,0x0000000080004296] -> 0x00AE
[4266] [M]: 0x0000000080004294 (0x00AE9E93) slli t4, t4, 10
x29 <- 0x00000000B504F000
mem[X,0x0000000080004298] -> 0x8E93
mem[X,0x000000008000429A] -> 0x332E
[4267] [M]: 0x0000000080004298 (0x332E8E93) addi t4, t4, 818
x29 <- 0x00000000B504F332
mem[X,0x000000008000429C] -> 0x4FB3
mem[X,0x000000008000429E] -> 0x03DF
[4268] [M]: 0x000000008000429C (0x03DF4FB3) div t6, t5, t4
x31 <- 0xFFFFFFFF87520887
mem[X,0x00000000800042A0] -> 0xB423
mem[X,0x00000000800042A2] -> 0x79F6
[4269] [M]: 0x00000000800042A0 (0x79F6B423) sd t6, 1928(a3)
mem[0x000000008000DB08] <- 0xFFFFFFFF87520887
mem[X,0x00000000800042A4] -> 0xBF37
mem[X,0x00000000800042A6] -> 0xAAAA
[4270] [M]: 0x00000000800042A4 (0xAAAABF37) lui t5, 699051
x30 <- 0xFFFFFFFFAAAAB000
mem[X,0x00000000800042A8] -> 0x0F13
mem[X,0x00000000800042AA] -> 0xAAAF
[4271] [M]: 0x00000000800042A8 (0xAAAF0F13) addi t5, t5, 2730
x30 <- 0xFFFFFFFFAAAAAAAA
mem[X,0x00000000800042AC] -> 0x1F13
mem[X,0x00000000800042AE] -> 0x00BF
[4272] [M]: 0x00000000800042AC (0x00BF1F13) slli t5, t5, 11
x30 <- 0xFFFFFD5555555000
mem[X,0x00000000800042B0] -> 0x0F13
mem[X,0x00000000800042B2] -> 0x555F
[4273] [M]: 0x00000000800042B0 (0x555F0F13) addi t5, t5, 1365
x30 <- 0xFFFFFD5555555555
mem[X,0x00000000800042B4] -> 0x1F13
mem[X,0x00000000800042B6] -> 0x00BF
[4274] [M]: 0x00000000800042B4 (0x00BF1F13) slli t5, t5, 11
x30 <- 0xFFEAAAAAAAAAA800
mem[X,0x00000000800042B8] -> 0x0F13
mem[X,0x00000000800042BA] -> 0x2AAF
[4275] [M]: 0x00000000800042B8 (0x2AAF0F13) addi t5, t5, 682
x30 <- 0xFFEAAAAAAAAAAAAA
mem[X,0x00000000800042BC] -> 0x1F13
mem[X,0x00000000800042BE] -> 0x00AF
[4276] [M]: 0x00000000800042BC (0x00AF1F13) slli t5, t5, 10
x30 <- 0xAAAAAAAAAAAAA800
mem[X,0x00000000800042C0] -> 0x0F13
mem[X,0x00000000800042C2] -> 0x2AAF
[4277] [M]: 0x00000000800042C0 (0x2AAF0F13) addi t5, t5, 682
x30 <- 0xAAAAAAAAAAAAAAAA
mem[X,0x00000000800042C4] -> 0x0E93
mem[X,0x00000000800042C6] -> 0x0040
[4278] [M]: 0x00000000800042C4 (0x00400E93) addi t4, zero, 4
x29 <- 0x0000000000000004
mem[X,0x00000000800042C8] -> 0x4FB3
mem[X,0x00000000800042CA] -> 0x03DF
[4279] [M]: 0x00000000800042C8 (0x03DF4FB3) div t6, t5, t4
x31 <- 0xEAAAAAAAAAAAAAAB
mem[X,0x00000000800042CC] -> 0xB823
mem[X,0x00000000800042CE] -> 0x79F6
[4280] [M]: 0x00000000800042CC (0x79F6B823) sd t6, 1936(a3)
mem[0x000000008000DB10] <- 0xEAAAAAAAAAAAAAAB
mem[X,0x00000000800042D0] -> 0xBF37
mem[X,0x00000000800042D2] -> 0xAAAA
[4281] [M]: 0x00000000800042D0 (0xAAAABF37) lui t5, 699051
x30 <- 0xFFFFFFFFAAAAB000
mem[X,0x00000000800042D4] -> 0x0F13
mem[X,0x00000000800042D6] -> 0xAAAF
[4282] [M]: 0x00000000800042D4 (0xAAAF0F13) addi t5, t5, 2730
x30 <- 0xFFFFFFFFAAAAAAAA
mem[X,0x00000000800042D8] -> 0x1F13
mem[X,0x00000000800042DA] -> 0x00BF
[4283] [M]: 0x00000000800042D8 (0x00BF1F13) slli t5, t5, 11
x30 <- 0xFFFFFD5555555000
mem[X,0x00000000800042DC] -> 0x0F13
mem[X,0x00000000800042DE] -> 0x555F
[4284] [M]: 0x00000000800042DC (0x555F0F13) addi t5, t5, 1365
x30 <- 0xFFFFFD5555555555
mem[X,0x00000000800042E0] -> 0x1F13
mem[X,0x00000000800042E2] -> 0x00BF
[4285] [M]: 0x00000000800042E0 (0x00BF1F13) slli t5, t5, 11
x30 <- 0xFFEAAAAAAAAAA800
mem[X,0x00000000800042E4] -> 0x0F13
mem[X,0x00000000800042E6] -> 0x2AAF
[4286] [M]: 0x00000000800042E4 (0x2AAF0F13) addi t5, t5, 682
x30 <- 0xFFEAAAAAAAAAAAAA
mem[X,0x00000000800042E8] -> 0x1F13
mem[X,0x00000000800042EA] -> 0x00AF
[4287] [M]: 0x00000000800042E8 (0x00AF1F13) slli t5, t5, 10
x30 <- 0xAAAAAAAAAAAAA800
mem[X,0x00000000800042EC] -> 0x0F13
mem[X,0x00000000800042EE] -> 0x2AAF
[4288] [M]: 0x00000000800042EC (0x2AAF0F13) addi t5, t5, 682
x30 <- 0xAAAAAAAAAAAAAAAA
mem[X,0x00000000800042F0] -> 0x5EB7
mem[X,0x00000000800042F2] -> 0x5555
[4289] [M]: 0x00000000800042F0 (0x55555EB7) lui t4, 349525
x29 <- 0x0000000055555000
mem[X,0x00000000800042F4] -> 0x8E93
mem[X,0x00000000800042F6] -> 0x555E
[4290] [M]: 0x00000000800042F4 (0x555E8E93) addi t4, t4, 1365
x29 <- 0x0000000055555555
mem[X,0x00000000800042F8] -> 0x9E93
mem[X,0x00000000800042FA] -> 0x00BE
[4291] [M]: 0x00000000800042F8 (0x00BE9E93) slli t4, t4, 11
x29 <- 0x000002AAAAAAA800
mem[X,0x00000000800042FC] -> 0x8E93
mem[X,0x00000000800042FE] -> 0x2AAE
[4292] [M]: 0x00000000800042FC (0x2AAE8E93) addi t4, t4, 682
x29 <- 0x000002AAAAAAAAAA
mem[X,0x0000000080004300] -> 0x9E93
mem[X,0x0000000080004302] -> 0x00BE
[4293] [M]: 0x0000000080004300 (0x00BE9E93) slli t4, t4, 11
x29 <- 0x0015555555555000
mem[X,0x0000000080004304] -> 0x8E93
mem[X,0x0000000080004306] -> 0x555E
[4294] [M]: 0x0000000080004304 (0x555E8E93) addi t4, t4, 1365
x29 <- 0x0015555555555555
mem[X,0x0000000080004308] -> 0x9E93
mem[X,0x000000008000430A] -> 0x00AE
[4295] [M]: 0x0000000080004308 (0x00AE9E93) slli t4, t4, 10
x29 <- 0x5555555555555400
mem[X,0x000000008000430C] -> 0x8E93
mem[X,0x000000008000430E] -> 0x156E
[4296] [M]: 0x000000008000430C (0x156E8E93) addi t4, t4, 342
x29 <- 0x5555555555555556
mem[X,0x0000000080004310] -> 0x4FB3
mem[X,0x0000000080004312] -> 0x03DF
[4297] [M]: 0x0000000080004310 (0x03DF4FB3) div t6, t5, t4
x31 <- 0xFFFFFFFFFFFFFFFF
mem[X,0x0000000080004314] -> 0xBC23
mem[X,0x0000000080004316] -> 0x79F6
[4298] [M]: 0x0000000080004314 (0x79F6BC23) sd t6, 1944(a3)
mem[0x000000008000DB18] <- 0xFFFFFFFFFFFFFFFF
mem[X,0x0000000080004318] -> 0xBF37
mem[X,0x000000008000431A] -> 0xAAAA
[4299] [M]: 0x0000000080004318 (0xAAAABF37) lui t5, 699051
x30 <- 0xFFFFFFFFAAAAB000
clint::tick mtime <- 0x000000000000002B
 clint timer pending at mtime 0x000000000000002B
htif::tick 0x0000000000000000
mem[X,0x000000008000431C] -> 0x0F13
mem[X,0x000000008000431E] -> 0xAAAF
[4300] [M]: 0x000000008000431C (0xAAAF0F13) addi t5, t5, 2730
x30 <- 0xFFFFFFFFAAAAAAAA
mem[X,0x0000000080004320] -> 0x1F13
mem[X,0x0000000080004322] -> 0x00BF
[4301] [M]: 0x0000000080004320 (0x00BF1F13) slli t5, t5, 11
x30 <- 0xFFFFFD5555555000
mem[X,0x0000000080004324] -> 0x0F13
mem[X,0x0000000080004326] -> 0x555F
[4302] [M]: 0x0000000080004324 (0x555F0F13) addi t5, t5, 1365
x30 <- 0xFFFFFD5555555555
mem[X,0x0000000080004328] -> 0x1F13
mem[X,0x000000008000432A] -> 0x00BF
[4303] [M]: 0x0000000080004328 (0x00BF1F13) slli t5, t5, 11
x30 <- 0xFFEAAAAAAAAAA800
mem[X,0x000000008000432C] -> 0x0F13
mem[X,0x000000008000432E] -> 0x2AAF
[4304] [M]: 0x000000008000432C (0x2AAF0F13) addi t5, t5, 682
x30 <- 0xFFEAAAAAAAAAAAAA
mem[X,0x0000000080004330] -> 0x1F13
mem[X,0x0000000080004332] -> 0x00AF
[4305] [M]: 0x0000000080004330 (0x00AF1F13) slli t5, t5, 10
x30 <- 0xAAAAAAAAAAAAA800
mem[X,0x0000000080004334] -> 0x0F13
mem[X,0x0000000080004336] -> 0x2AAF
[4306] [M]: 0x0000000080004334 (0x2AAF0F13) addi t5, t5, 682
x30 <- 0xAAAAAAAAAAAAAAAA
mem[X,0x0000000080004338] -> 0xBEB7
mem[X,0x000000008000433A] -> 0xAAAA
[4307] [M]: 0x0000000080004338 (0xAAAABEB7) lui t4, 699051
x29 <- 0xFFFFFFFFAAAAB000
mem[X,0x000000008000433C] -> 0x8E93
mem[X,0x000000008000433E] -> 0xAAAE
[4308] [M]: 0x000000008000433C (0xAAAE8E93) addi t4, t4, 2730
x29 <- 0xFFFFFFFFAAAAAAAA
mem[X,0x0000000080004340] -> 0x9E93
mem[X,0x0000000080004342] -> 0x00BE
[4309] [M]: 0x0000000080004340 (0x00BE9E93) slli t4, t4, 11
x29 <- 0xFFFFFD5555555000
mem[X,0x0000000080004344] -> 0x8E93
mem[X,0x0000000080004346] -> 0x555E
[4310] [M]: 0x0000000080004344 (0x555E8E93) addi t4, t4, 1365
x29 <- 0xFFFFFD5555555555
mem[X,0x0000000080004348] -> 0x9E93
mem[X,0x000000008000434A] -> 0x00BE
[4311] [M]: 0x0000000080004348 (0x00BE9E93) slli t4, t4, 11
x29 <- 0xFFEAAAAAAAAAA800
mem[X,0x000000008000434C] -> 0x8E93
mem[X,0x000000008000434E] -> 0x2AAE
[4312] [M]: 0x000000008000434C (0x2AAE8E93) addi t4, t4, 682
x29 <- 0xFFEAAAAAAAAAAAAA
mem[X,0x0000000080004350] -> 0x9E93
mem[X,0x0000000080004352] -> 0x00AE
[4313] [M]: 0x0000000080004350 (0x00AE9E93) slli t4, t4, 10
x29 <- 0xAAAAAAAAAAAAA800
mem[X,0x0000000080004354] -> 0x8E93
mem[X,0x0000000080004356] -> 0x2ABE
[4314] [M]: 0x0000000080004354 (0x2ABE8E93) addi t4, t4, 683
x29 <- 0xAAAAAAAAAAAAAAAB
mem[X,0x0000000080004358] -> 0x4FB3
mem[X,0x000000008000435A] -> 0x03DF
[4315] [M]: 0x0000000080004358 (0x03DF4FB3) div t6, t5, t4
x31 <- 0x0000000000000001
mem[X,0x000000008000435C] -> 0xB023
mem[X,0x000000008000435E] -> 0x7BF6
[4316] [M]: 0x000000008000435C (0x7BF6B023) sd t6, 1952(a3)
mem[0x000000008000DB20] <- 0x0000000000000001
mem[X,0x0000000080004360] -> 0xBF37
mem[X,0x0000000080004362] -> 0xAAAA
[4317] [M]: 0x0000000080004360 (0xAAAABF37) lui t5, 699051
x30 <- 0xFFFFFFFFAAAAB000
mem[X,0x0000000080004364] -> 0x0F13
mem[X,0x0000000080004366] -> 0xAAAF
[4318] [M]: 0x0000000080004364 (0xAAAF0F13) addi t5, t5, 2730
x30 <- 0xFFFFFFFFAAAAAAAA
mem[X,0x0000000080004368] -> 0x1F13
mem[X,0x000000008000436A] -> 0x00BF
[4319] [M]: 0x0000000080004368 (0x00BF1F13) slli t5, t5, 11
x30 <- 0xFFFFFD5555555000
mem[X,0x000000008000436C] -> 0x0F13
mem[X,0x000000008000436E] -> 0x555F
[4320] [M]: 0x000000008000436C (0x555F0F13) addi t5, t5, 1365
x30 <- 0xFFFFFD5555555555
mem[X,0x0000000080004370] -> 0x1F13
mem[X,0x0000000080004372] -> 0x00BF
[4321] [M]: 0x0000000080004370 (0x00BF1F13) slli t5, t5, 11
x30 <- 0xFFEAAAAAAAAAA800
mem[X,0x0000000080004374] -> 0x0F13
mem[X,0x0000000080004376] -> 0x2AAF
[4322] [M]: 0x0000000080004374 (0x2AAF0F13) addi t5, t5, 682
x30 <- 0xFFEAAAAAAAAAAAAA
mem[X,0x0000000080004378] -> 0x1F13
mem[X,0x000000008000437A] -> 0x00AF
[4323] [M]: 0x0000000080004378 (0x00AF1F13) slli t5, t5, 10
x30 <- 0xAAAAAAAAAAAAA800
mem[X,0x000000008000437C] -> 0x0F13
mem[X,0x000000008000437E] -> 0x2AAF
[4324] [M]: 0x000000008000437C (0x2AAF0F13) addi t5, t5, 682
x30 <- 0xAAAAAAAAAAAAAAAA
mem[X,0x0000000080004380] -> 0x0E93
mem[X,0x0000000080004382] -> 0x0060
[4325] [M]: 0x0000000080004380 (0x00600E93) addi t4, zero, 6
x29 <- 0x0000000000000006
mem[X,0x0000000080004384] -> 0x4FB3
mem[X,0x0000000080004386] -> 0x03DF
[4326] [M]: 0x0000000080004384 (0x03DF4FB3) div t6, t5, t4
x31 <- 0xF1C71C71C71C71C7
mem[X,0x0000000080004388] -> 0xB423
mem[X,0x000000008000438A] -> 0x7BF6
[4327] [M]: 0x0000000080004388 (0x7BF6B423) sd t6, 1960(a3)
mem[0x000000008000DB28] <- 0xF1C71C71C71C71C7
mem[X,0x000000008000438C] -> 0xBF37
mem[X,0x000000008000438E] -> 0xAAAA
[4328] [M]: 0x000000008000438C (0xAAAABF37) lui t5, 699051
x30 <- 0xFFFFFFFFAAAAB000
mem[X,0x0000000080004390] -> 0x0F13
mem[X,0x0000000080004392] -> 0xAAAF
[4329] [M]: 0x0000000080004390 (0xAAAF0F13) addi t5, t5, 2730
x30 <- 0xFFFFFFFFAAAAAAAA
mem[X,0x0000000080004394] -> 0x1F13
mem[X,0x0000000080004396] -> 0x00BF
[4330] [M]: 0x0000000080004394 (0x00BF1F13) slli t5, t5, 11
x30 <- 0xFFFFFD5555555000
mem[X,0x0000000080004398] -> 0x0F13
mem[X,0x000000008000439A] -> 0x555F
[4331] [M]: 0x0000000080004398 (0x555F0F13) addi t5, t5, 1365
x30 <- 0xFFFFFD5555555555
mem[X,0x000000008000439C] -> 0x1F13
mem[X,0x000000008000439E] -> 0x00BF
[4332] [M]: 0x000000008000439C (0x00BF1F13) slli t5, t5, 11
x30 <- 0xFFEAAAAAAAAAA800
mem[X,0x00000000800043A0] -> 0x0F13
mem[X,0x00000000800043A2] -> 0x2AAF
[4333] [M]: 0x00000000800043A0 (0x2AAF0F13) addi t5, t5, 682
x30 <- 0xFFEAAAAAAAAAAAAA
mem[X,0x00000000800043A4] -> 0x1F13
mem[X,0x00000000800043A6] -> 0x00AF
[4334] [M]: 0x00000000800043A4 (0x00AF1F13) slli t5, t5, 10
x30 <- 0xAAAAAAAAAAAAA800
mem[X,0x00000000800043A8] -> 0x0F13
mem[X,0x00000000800043AA] -> 0x2AAF
[4335] [M]: 0x00000000800043A8 (0x2AAF0F13) addi t5, t5, 682
x30 <- 0xAAAAAAAAAAAAAAAA
mem[X,0x00000000800043AC] -> 0x3EB7
mem[X,0x00000000800043AE] -> 0x3333
[4336] [M]: 0x00000000800043AC (0x33333EB7) lui t4, 209715
x29 <- 0x0000000033333000
mem[X,0x00000000800043B0] -> 0x8E93
mem[X,0x00000000800043B2] -> 0x333E
[4337] [M]: 0x00000000800043B0 (0x333E8E93) addi t4, t4, 819
x29 <- 0x0000000033333333
mem[X,0x00000000800043B4] -> 0x9E93
mem[X,0x00000000800043B6] -> 0x00BE
[4338] [M]: 0x00000000800043B4 (0x00BE9E93) slli t4, t4, 11
x29 <- 0x0000019999999800
mem[X,0x00000000800043B8] -> 0x8E93
mem[X,0x00000000800043BA] -> 0x199E
[4339] [M]: 0x00000000800043B8 (0x199E8E93) addi t4, t4, 409
x29 <- 0x0000019999999999
mem[X,0x00000000800043BC] -> 0x9E93
mem[X,0x00000000800043BE] -> 0x00BE
[4340] [M]: 0x00000000800043BC (0x00BE9E93) slli t4, t4, 11
x29 <- 0x000CCCCCCCCCC800
mem[X,0x00000000800043C0] -> 0x8E93
mem[X,0x00000000800043C2] -> 0x4CCE
[4341] [M]: 0x00000000800043C0 (0x4CCE8E93) addi t4, t4, 1228
x29 <- 0x000CCCCCCCCCCCCC
mem[X,0x00000000800043C4] -> 0x9E93
mem[X,0x00000000800043C6] -> 0x00AE
[4342] [M]: 0x00000000800043C4 (0x00AE9E93) slli t4, t4, 10
x29 <- 0x3333333333333000
mem[X,0x00000000800043C8] -> 0x8E93
mem[X,0x00000000800043CA] -> 0x334E
[4343] [M]: 0x00000000800043C8 (0x334E8E93) addi t4, t4, 820
x29 <- 0x3333333333333334
mem[X,0x00000000800043CC] -> 0x4FB3
mem[X,0x00000000800043CE] -> 0x03DF
[4344] [M]: 0x00000000800043CC (0x03DF4FB3) div t6, t5, t4
x31 <- 0xFFFFFFFFFFFFFFFF
mem[X,0x00000000800043D0] -> 0xB823
mem[X,0x00000000800043D2] -> 0x7BF6
[4345] [M]: 0x00000000800043D0 (0x7BF6B823) sd t6, 1968(a3)
mem[0x000000008000DB30] <- 0xFFFFFFFFFFFFFFFF
mem[X,0x00000000800043D4] -> 0xBF37
mem[X,0x00000000800043D6] -> 0xAAAA
[4346] [M]: 0x00000000800043D4 (0xAAAABF37) lui t5, 699051
x30 <- 0xFFFFFFFFAAAAB000
mem[X,0x00000000800043D8] -> 0x0F13
mem[X,0x00000000800043DA] -> 0xAAAF
[4347] [M]: 0x00000000800043D8 (0xAAAF0F13) addi t5, t5, 2730
x30 <- 0xFFFFFFFFAAAAAAAA
mem[X,0x00000000800043DC] -> 0x1F13
mem[X,0x00000000800043DE] -> 0x00BF
[4348] [M]: 0x00000000800043DC (0x00BF1F13) slli t5, t5, 11
x30 <- 0xFFFFFD5555555000
mem[X,0x00000000800043E0] -> 0x0F13
mem[X,0x00000000800043E2] -> 0x555F
[4349] [M]: 0x00000000800043E0 (0x555F0F13) addi t5, t5, 1365
x30 <- 0xFFFFFD5555555555
mem[X,0x00000000800043E4] -> 0x1F13
mem[X,0x00000000800043E6] -> 0x00BF
[4350] [M]: 0x00000000800043E4 (0x00BF1F13) slli t5, t5, 11
x30 <- 0xFFEAAAAAAAAAA800
mem[X,0x00000000800043E8] -> 0x0F13
mem[X,0x00000000800043EA] -> 0x2AAF
[4351] [M]: 0x00000000800043E8 (0x2AAF0F13) addi t5, t5, 682
x30 <- 0xFFEAAAAAAAAAAAAA
mem[X,0x00000000800043EC] -> 0x1F13
mem[X,0x00000000800043EE] -> 0x00AF
[4352] [M]: 0x00000000800043EC (0x00AF1F13) slli t5, t5, 10
x30 <- 0xAAAAAAAAAAAAA800
mem[X,0x00000000800043F0] -> 0x0F13
mem[X,0x00000000800043F2] -> 0x2AAF
[4353] [M]: 0x00000000800043F0 (0x2AAF0F13) addi t5, t5, 682
x30 <- 0xAAAAAAAAAAAAAAAA
mem[X,0x00000000800043F4] -> 0x6EB7
mem[X,0x00000000800043F6] -> 0x6666
[4354] [M]: 0x00000000800043F4 (0x66666EB7) lui t4, 419430
x29 <- 0x0000000066666000
mem[X,0x00000000800043F8] -> 0x8E93
mem[X,0x00000000800043FA] -> 0x666E
[4355] [M]: 0x00000000800043F8 (0x666E8E93) addi t4, t4, 1638
x29 <- 0x0000000066666666
mem[X,0x00000000800043FC] -> 0x9E93
mem[X,0x00000000800043FE] -> 0x00BE
[4356] [M]: 0x00000000800043FC (0x00BE9E93) slli t4, t4, 11
x29 <- 0x0000033333333000
mem[X,0x0000000080004400] -> 0x8E93
mem[X,0x0000000080004402] -> 0x333E
[4357] [M]: 0x0000000080004400 (0x333E8E93) addi t4, t4, 819
x29 <- 0x0000033333333333
mem[X,0x0000000080004404] -> 0x9E93
mem[X,0x0000000080004406] -> 0x00BE
[4358] [M]: 0x0000000080004404 (0x00BE9E93) slli t4, t4, 11
x29 <- 0x0019999999999800
mem[X,0x0000000080004408] -> 0x8E93
mem[X,0x000000008000440A] -> 0x199E
[4359] [M]: 0x0000000080004408 (0x199E8E93) addi t4, t4, 409
x29 <- 0x0019999999999999
mem[X,0x000000008000440C] -> 0x9E93
mem[X,0x000000008000440E] -> 0x00AE
[4360] [M]: 0x000000008000440C (0x00AE9E93) slli t4, t4, 10
x29 <- 0x6666666666666400
mem[X,0x0000000080004410] -> 0x8E93
mem[X,0x0000000080004412] -> 0x267E
[4361] [M]: 0x0000000080004410 (0x267E8E93) addi t4, t4, 615
x29 <- 0x6666666666666667
mem[X,0x0000000080004414] -> 0x4FB3
mem[X,0x0000000080004416] -> 0x03DF
[4362] [M]: 0x0000000080004414 (0x03DF4FB3) div t6, t5, t4
x31 <- 0x0000000000000000
mem[X,0x0000000080004418] -> 0xBC23
mem[X,0x000000008000441A] -> 0x7BF6
[4363] [M]: 0x0000000080004418 (0x7BF6BC23) sd t6, 1976(a3)
mem[0x000000008000DB38] <- 0x0000000000000000
mem[X,0x000000008000441C] -> 0xBF37
mem[X,0x000000008000441E] -> 0xAAAA
[4364] [M]: 0x000000008000441C (0xAAAABF37) lui t5, 699051
x30 <- 0xFFFFFFFFAAAAB000
mem[X,0x0000000080004420] -> 0x0F13
mem[X,0x0000000080004422] -> 0xAAAF
[4365] [M]: 0x0000000080004420 (0xAAAF0F13) addi t5, t5, 2730
x30 <- 0xFFFFFFFFAAAAAAAA
mem[X,0x0000000080004424] -> 0x1F13
mem[X,0x0000000080004426] -> 0x00BF
[4366] [M]: 0x0000000080004424 (0x00BF1F13) slli t5, t5, 11
x30 <- 0xFFFFFD5555555000
mem[X,0x0000000080004428] -> 0x0F13
mem[X,0x000000008000442A] -> 0x555F
[4367] [M]: 0x0000000080004428 (0x555F0F13) addi t5, t5, 1365
x30 <- 0xFFFFFD5555555555
mem[X,0x000000008000442C] -> 0x1F13
mem[X,0x000000008000442E] -> 0x00BF
[4368] [M]: 0x000000008000442C (0x00BF1F13) slli t5, t5, 11
x30 <- 0xFFEAAAAAAAAAA800
mem[X,0x0000000080004430] -> 0x0F13
mem[X,0x0000000080004432] -> 0x2AAF
[4369] [M]: 0x0000000080004430 (0x2AAF0F13) addi t5, t5, 682
x30 <- 0xFFEAAAAAAAAAAAAA
mem[X,0x0000000080004434] -> 0x1F13
mem[X,0x0000000080004436] -> 0x00AF
[4370] [M]: 0x0000000080004434 (0x00AF1F13) slli t5, t5, 10
x30 <- 0xAAAAAAAAAAAAA800
mem[X,0x0000000080004438] -> 0x0F13
mem[X,0x000000008000443A] -> 0x2AAF
[4371] [M]: 0x0000000080004438 (0x2AAF0F13) addi t5, t5, 682
x30 <- 0xAAAAAAAAAAAAAAAA
mem[X,0x000000008000443C] -> 0x0EB7
mem[X,0x000000008000443E] -> 0x0000
[4372] [M]: 0x000000008000443C (0x00000EB7) lui t4, 0
x29 <- 0x0000000000000000
mem[X,0x0000000080004440] -> 0x8E93
mem[X,0x0000000080004442] -> 0xFFFE
[4373] [M]: 0x0000000080004440 (0xFFFE8E93) addi t4, t4, 4095
x29 <- 0xFFFFFFFFFFFFFFFF
mem[X,0x0000000080004444] -> 0x9E93
mem[X,0x0000000080004446] -> 0x00BE
[4374] [M]: 0x0000000080004444 (0x00BE9E93) slli t4, t4, 11
x29 <- 0xFFFFFFFFFFFFF800
mem[X,0x0000000080004448] -> 0x8E93
mem[X,0x000000008000444A] -> 0x257E
[4375] [M]: 0x0000000080004448 (0x257E8E93) addi t4, t4, 599
x29 <- 0xFFFFFFFFFFFFFA57
mem[X,0x000000008000444C] -> 0x9E93
mem[X,0x000000008000444E] -> 0x00BE
[4376] [M]: 0x000000008000444C (0x00BE9E93) slli t4, t4, 11
x29 <- 0xFFFFFFFFFFD2B800
mem[X,0x0000000080004450] -> 0x8E93
mem[X,0x0000000080004452] -> 0x6C3E
[4377] [M]: 0x0000000080004450 (0x6C3E8E93) addi t4, t4, 1731
x29 <- 0xFFFFFFFFFFD2BEC3
mem[X,0x0000000080004454] -> 0x9E93
mem[X,0x0000000080004456] -> 0x00AE
[4378] [M]: 0x0000000080004454 (0x00AE9E93) slli t4, t4, 10
x29 <- 0xFFFFFFFF4AFB0C00
mem[X,0x0000000080004458] -> 0x8E93
mem[X,0x000000008000445A] -> 0x0CEE
[4379] [M]: 0x0000000080004458 (0x0CEE8E93) addi t4, t4, 206
x29 <- 0xFFFFFFFF4AFB0CCE
mem[X,0x000000008000445C] -> 0x4FB3
mem[X,0x000000008000445E] -> 0x03DF
[4380] [M]: 0x000000008000445C (0x03DF4FB3) div t6, t5, t4
x31 <- 0x0000000078ADF779
mem[X,0x0000000080004460] -> 0xB023
mem[X,0x0000000080004462] -> 0x7DF6
[4381] [M]: 0x0000000080004460 (0x7DF6B023) sd t6, 1984(a3)
mem[0x000000008000DB40] <- 0x0000000078ADF779
mem[X,0x0000000080004464] -> 0x0F13
mem[X,0x0000000080004466] -> 0x0050
[4382] [M]: 0x0000000080004464 (0x00500F13) addi t5, zero, 5
x30 <- 0x0000000000000005
mem[X,0x0000000080004468] -> 0x0E93
mem[X,0x000000008000446A] -> 0x0030
[4383] [M]: 0x0000000080004468 (0x00300E93) addi t4, zero, 3
x29 <- 0x0000000000000003
mem[X,0x000000008000446C] -> 0x4FB3
mem[X,0x000000008000446E] -> 0x03DF
[4384] [M]: 0x000000008000446C (0x03DF4FB3) div t6, t5, t4
x31 <- 0x0000000000000001
mem[X,0x0000000080004470] -> 0xB423
mem[X,0x0000000080004472] -> 0x7DF6
[4385] [M]: 0x0000000080004470 (0x7DF6B423) sd t6, 1992(a3)
mem[0x000000008000DB48] <- 0x0000000000000001
mem[X,0x0000000080004474] -> 0x0F13
mem[X,0x0000000080004476] -> 0x0050
[4386] [M]: 0x0000000080004474 (0x00500F13) addi t5, zero, 5
x30 <- 0x0000000000000005
mem[X,0x0000000080004478] -> 0x5EB7
mem[X,0x000000008000447A] -> 0x5555
[4387] [M]: 0x0000000080004478 (0x55555EB7) lui t4, 349525
x29 <- 0x0000000055555000
mem[X,0x000000008000447C] -> 0x8E93
mem[X,0x000000008000447E] -> 0x555E
[4388] [M]: 0x000000008000447C (0x555E8E93) addi t4, t4, 1365
x29 <- 0x0000000055555555
mem[X,0x0000000080004480] -> 0x9E93
mem[X,0x0000000080004482] -> 0x00BE
[4389] [M]: 0x0000000080004480 (0x00BE9E93) slli t4, t4, 11
x29 <- 0x000002AAAAAAA800
mem[X,0x0000000080004484] -> 0x8E93
mem[X,0x0000000080004486] -> 0x2AAE
[4390] [M]: 0x0000000080004484 (0x2AAE8E93) addi t4, t4, 682
x29 <- 0x000002AAAAAAAAAA
mem[X,0x0000000080004488] -> 0x9E93
mem[X,0x000000008000448A] -> 0x00BE
[4391] [M]: 0x0000000080004488 (0x00BE9E93) slli t4, t4, 11
x29 <- 0x0015555555555000
mem[X,0x000000008000448C] -> 0x8E93
mem[X,0x000000008000448E] -> 0x555E
[4392] [M]: 0x000000008000448C (0x555E8E93) addi t4, t4, 1365
x29 <- 0x0015555555555555
mem[X,0x0000000080004490] -> 0x9E93
mem[X,0x0000000080004492] -> 0x00AE
[4393] [M]: 0x0000000080004490 (0x00AE9E93) slli t4, t4, 10
x29 <- 0x5555555555555400
mem[X,0x0000000080004494] -> 0x8E93
mem[X,0x0000000080004496] -> 0x155E
[4394] [M]: 0x0000000080004494 (0x155E8E93) addi t4, t4, 341
x29 <- 0x5555555555555555
mem[X,0x0000000080004498] -> 0x4FB3
mem[X,0x000000008000449A] -> 0x03DF
[4395] [M]: 0x0000000080004498 (0x03DF4FB3) div t6, t5, t4
x31 <- 0x0000000000000000
mem[X,0x000000008000449C] -> 0xB823
mem[X,0x000000008000449E] -> 0x7DF6
[4396] [M]: 0x000000008000449C (0x7DF6B823) sd t6, 2000(a3)
mem[0x000000008000DB50] <- 0x0000000000000000
mem[X,0x00000000800044A0] -> 0x0F13
mem[X,0x00000000800044A2] -> 0x0050
[4397] [M]: 0x00000000800044A0 (0x00500F13) addi t5, zero, 5
x30 <- 0x0000000000000005
mem[X,0x00000000800044A4] -> 0xBEB7
mem[X,0x00000000800044A6] -> 0xAAAA
[4398] [M]: 0x00000000800044A4 (0xAAAABEB7) lui t4, 699051
x29 <- 0xFFFFFFFFAAAAB000
mem[X,0x00000000800044A8] -> 0x8E93
mem[X,0x00000000800044AA] -> 0xAAAE
[4399] [M]: 0x00000000800044A8 (0xAAAE8E93) addi t4, t4, 2730
x29 <- 0xFFFFFFFFAAAAAAAA
clint::tick mtime <- 0x000000000000002C
 clint timer pending at mtime 0x000000000000002C
htif::tick 0x0000000000000000
mem[X,0x00000000800044AC] -> 0x9E93
mem[X,0x00000000800044AE] -> 0x00BE
[4400] [M]: 0x00000000800044AC (0x00BE9E93) slli t4, t4, 11
x29 <- 0xFFFFFD5555555000
mem[X,0x00000000800044B0] -> 0x8E93
mem[X,0x00000000800044B2] -> 0x555E
[4401] [M]: 0x00000000800044B0 (0x555E8E93) addi t4, t4, 1365
x29 <- 0xFFFFFD5555555555
mem[X,0x00000000800044B4] -> 0x9E93
mem[X,0x00000000800044B6] -> 0x00BE
[4402] [M]: 0x00000000800044B4 (0x00BE9E93) slli t4, t4, 11
x29 <- 0xFFEAAAAAAAAAA800
mem[X,0x00000000800044B8] -> 0x8E93
mem[X,0x00000000800044BA] -> 0x2AAE
[4403] [M]: 0x00000000800044B8 (0x2AAE8E93) addi t4, t4, 682
x29 <- 0xFFEAAAAAAAAAAAAA
mem[X,0x00000000800044BC] -> 0x9E93
mem[X,0x00000000800044BE] -> 0x00AE
[4404] [M]: 0x00000000800044BC (0x00AE9E93) slli t4, t4, 10
x29 <- 0xAAAAAAAAAAAAA800
mem[X,0x00000000800044C0] -> 0x8E93
mem[X,0x00000000800044C2] -> 0x2AAE
[4405] [M]: 0x00000000800044C0 (0x2AAE8E93) addi t4, t4, 682
x29 <- 0xAAAAAAAAAAAAAAAA
mem[X,0x00000000800044C4] -> 0x4FB3
mem[X,0x00000000800044C6] -> 0x03DF
[4406] [M]: 0x00000000800044C4 (0x03DF4FB3) div t6, t5, t4
x31 <- 0x0000000000000000
mem[X,0x00000000800044C8] -> 0xBC23
mem[X,0x00000000800044CA] -> 0x7DF6
[4407] [M]: 0x00000000800044C8 (0x7DF6BC23) sd t6, 2008(a3)
mem[0x000000008000DB58] <- 0x0000000000000000
mem[X,0x00000000800044CC] -> 0x0F13
mem[X,0x00000000800044CE] -> 0x0050
[4408] [M]: 0x00000000800044CC (0x00500F13) addi t5, zero, 5
x30 <- 0x0000000000000005
mem[X,0x00000000800044D0] -> 0x0E93
mem[X,0x00000000800044D2] -> 0x0050
[4409] [M]: 0x00000000800044D0 (0x00500E93) addi t4, zero, 5
x29 <- 0x0000000000000005
mem[X,0x00000000800044D4] -> 0x4FB3
mem[X,0x00000000800044D6] -> 0x03DF
[4410] [M]: 0x00000000800044D4 (0x03DF4FB3) div t6, t5, t4
x31 <- 0x0000000000000001
mem[X,0x00000000800044D8] -> 0xB023
mem[X,0x00000000800044DA] -> 0x7FF6
[4411] [M]: 0x00000000800044D8 (0x7FF6B023) sd t6, 2016(a3)
mem[0x000000008000DB60] <- 0x0000000000000001
mem[X,0x00000000800044DC] -> 0x0F13
mem[X,0x00000000800044DE] -> 0x0050
[4412] [M]: 0x00000000800044DC (0x00500F13) addi t5, zero, 5
x30 <- 0x0000000000000005
mem[X,0x00000000800044E0] -> 0x3EB7
mem[X,0x00000000800044E2] -> 0x3333
[4413] [M]: 0x00000000800044E0 (0x33333EB7) lui t4, 209715
x29 <- 0x0000000033333000
mem[X,0x00000000800044E4] -> 0x8E93
mem[X,0x00000000800044E6] -> 0x333E
[4414] [M]: 0x00000000800044E4 (0x333E8E93) addi t4, t4, 819
x29 <- 0x0000000033333333
mem[X,0x00000000800044E8] -> 0x9E93
mem[X,0x00000000800044EA] -> 0x00BE
[4415] [M]: 0x00000000800044E8 (0x00BE9E93) slli t4, t4, 11
x29 <- 0x0000019999999800
mem[X,0x00000000800044EC] -> 0x8E93
mem[X,0x00000000800044EE] -> 0x199E
[4416] [M]: 0x00000000800044EC (0x199E8E93) addi t4, t4, 409
x29 <- 0x0000019999999999
mem[X,0x00000000800044F0] -> 0x9E93
mem[X,0x00000000800044F2] -> 0x00BE
[4417] [M]: 0x00000000800044F0 (0x00BE9E93) slli t4, t4, 11
x29 <- 0x000CCCCCCCCCC800
mem[X,0x00000000800044F4] -> 0x8E93
mem[X,0x00000000800044F6] -> 0x4CCE
[4418] [M]: 0x00000000800044F4 (0x4CCE8E93) addi t4, t4, 1228
x29 <- 0x000CCCCCCCCCCCCC
mem[X,0x00000000800044F8] -> 0x9E93
mem[X,0x00000000800044FA] -> 0x00AE
[4419] [M]: 0x00000000800044F8 (0x00AE9E93) slli t4, t4, 10
x29 <- 0x3333333333333000
mem[X,0x00000000800044FC] -> 0x8E93
mem[X,0x00000000800044FE] -> 0x333E
[4420] [M]: 0x00000000800044FC (0x333E8E93) addi t4, t4, 819
x29 <- 0x3333333333333333
mem[X,0x0000000080004500] -> 0x4FB3
mem[X,0x0000000080004502] -> 0x03DF
[4421] [M]: 0x0000000080004500 (0x03DF4FB3) div t6, t5, t4
x31 <- 0x0000000000000000
mem[X,0x0000000080004504] -> 0xB423
mem[X,0x0000000080004506] -> 0x7FF6
[4422] [M]: 0x0000000080004504 (0x7FF6B423) sd t6, 2024(a3)
mem[0x000000008000DB68] <- 0x0000000000000000
mem[X,0x0000000080004508] -> 0x0F13
mem[X,0x000000008000450A] -> 0x0050
[4423] [M]: 0x0000000080004508 (0x00500F13) addi t5, zero, 5
x30 <- 0x0000000000000005
mem[X,0x000000008000450C] -> 0x6EB7
mem[X,0x000000008000450E] -> 0x6666
[4424] [M]: 0x000000008000450C (0x66666EB7) lui t4, 419430
x29 <- 0x0000000066666000
mem[X,0x0000000080004510] -> 0x8E93
mem[X,0x0000000080004512] -> 0x666E
[4425] [M]: 0x0000000080004510 (0x666E8E93) addi t4, t4, 1638
x29 <- 0x0000000066666666
mem[X,0x0000000080004514] -> 0x9E93
mem[X,0x0000000080004516] -> 0x00BE
[4426] [M]: 0x0000000080004514 (0x00BE9E93) slli t4, t4, 11
x29 <- 0x0000033333333000
mem[X,0x0000000080004518] -> 0x8E93
mem[X,0x000000008000451A] -> 0x333E
[4427] [M]: 0x0000000080004518 (0x333E8E93) addi t4, t4, 819
x29 <- 0x0000033333333333
mem[X,0x000000008000451C] -> 0x9E93
mem[X,0x000000008000451E] -> 0x00BE
[4428] [M]: 0x000000008000451C (0x00BE9E93) slli t4, t4, 11
x29 <- 0x0019999999999800
mem[X,0x0000000080004520] -> 0x8E93
mem[X,0x0000000080004522] -> 0x199E
[4429] [M]: 0x0000000080004520 (0x199E8E93) addi t4, t4, 409
x29 <- 0x0019999999999999
mem[X,0x0000000080004524] -> 0x9E93
mem[X,0x0000000080004526] -> 0x00AE
[4430] [M]: 0x0000000080004524 (0x00AE9E93) slli t4, t4, 10
x29 <- 0x6666666666666400
mem[X,0x0000000080004528] -> 0x8E93
mem[X,0x000000008000452A] -> 0x266E
[4431] [M]: 0x0000000080004528 (0x266E8E93) addi t4, t4, 614
x29 <- 0x6666666666666666
mem[X,0x000000008000452C] -> 0x4FB3
mem[X,0x000000008000452E] -> 0x03DF
[4432] [M]: 0x000000008000452C (0x03DF4FB3) div t6, t5, t4
x31 <- 0x0000000000000000
mem[X,0x0000000080004530] -> 0xB823
mem[X,0x0000000080004532] -> 0x7FF6
[4433] [M]: 0x0000000080004530 (0x7FF6B823) sd t6, 2032(a3)
mem[0x000000008000DB70] <- 0x0000000000000000
mem[X,0x0000000080004534] -> 0x0F13
mem[X,0x0000000080004536] -> 0x0050
[4434] [M]: 0x0000000080004534 (0x00500F13) addi t5, zero, 5
x30 <- 0x0000000000000005
mem[X,0x0000000080004538] -> 0x0EB7
mem[X,0x000000008000453A] -> 0x0000
[4435] [M]: 0x0000000080004538 (0x00000EB7) lui t4, 0
x29 <- 0x0000000000000000
mem[X,0x000000008000453C] -> 0x8E93
mem[X,0x000000008000453E] -> 0xFFFE
[4436] [M]: 0x000000008000453C (0xFFFE8E93) addi t4, t4, 4095
x29 <- 0xFFFFFFFFFFFFFFFF
mem[X,0x0000000080004540] -> 0x9E93
mem[X,0x0000000080004542] -> 0x00BE
[4437] [M]: 0x0000000080004540 (0x00BE9E93) slli t4, t4, 11
x29 <- 0xFFFFFFFFFFFFF800
mem[X,0x0000000080004544] -> 0x8E93
mem[X,0x0000000080004546] -> 0x257E
[4438] [M]: 0x0000000080004544 (0x257E8E93) addi t4, t4, 599
x29 <- 0xFFFFFFFFFFFFFA57
mem[X,0x0000000080004548] -> 0x9E93
mem[X,0x000000008000454A] -> 0x00BE
[4439] [M]: 0x0000000080004548 (0x00BE9E93) slli t4, t4, 11
x29 <- 0xFFFFFFFFFFD2B800
mem[X,0x000000008000454C] -> 0x8E93
mem[X,0x000000008000454E] -> 0x6C3E
[4440] [M]: 0x000000008000454C (0x6C3E8E93) addi t4, t4, 1731
x29 <- 0xFFFFFFFFFFD2BEC3
mem[X,0x0000000080004550] -> 0x9E93
mem[X,0x0000000080004552] -> 0x00AE
[4441] [M]: 0x0000000080004550 (0x00AE9E93) slli t4, t4, 10
x29 <- 0xFFFFFFFF4AFB0C00
mem[X,0x0000000080004554] -> 0x8E93
mem[X,0x0000000080004556] -> 0x0CDE
[4442] [M]: 0x0000000080004554 (0x0CDE8E93) addi t4, t4, 205
x29 <- 0xFFFFFFFF4AFB0CCD
mem[X,0x0000000080004558] -> 0x4FB3
mem[X,0x000000008000455A] -> 0x03DF
[4443] [M]: 0x0000000080004558 (0x03DF4FB3) div t6, t5, t4
x31 <- 0x0000000000000000
mem[X,0x000000008000455C] -> 0xBC23
mem[X,0x000000008000455E] -> 0x7FF6
[4444] [M]: 0x000000008000455C (0x7FF6BC23) sd t6, 2040(a3)
mem[0x000000008000DB78] <- 0x0000000000000000
mem[X,0x0000000080004560] -> 0x9697
mem[X,0x0000000080004562] -> 0x0000
[4445] [M]: 0x0000000080004560 (0x00009697) auipc a3, 9
x13 <- 0x000000008000D560
mem[X,0x0000000080004564] -> 0x8693
mem[X,0x0000000080004566] -> 0x6206
[4446] [M]: 0x0000000080004564 (0x62068693) addi a3, a3, 1568
x13 <- 0x000000008000DB80
mem[X,0x0000000080004568] -> 0x0013
mem[X,0x000000008000456A] -> 0x0000
[4447] [M]: 0x0000000080004568 (0x00000013) addi zero, zero, 0
mem[X,0x000000008000456C] -> 0x0013
mem[X,0x000000008000456E] -> 0x0000
[4448] [M]: 0x000000008000456C (0x00000013) addi zero, zero, 0
mem[X,0x0000000080004570] -> 0x0013
mem[X,0x0000000080004572] -> 0x0000
[4449] [M]: 0x0000000080004570 (0x00000013) addi zero, zero, 0
mem[X,0x0000000080004574] -> 0x0013
mem[X,0x0000000080004576] -> 0x0000
[4450] [M]: 0x0000000080004574 (0x00000013) addi zero, zero, 0
mem[X,0x0000000080004578] -> 0x0013
mem[X,0x000000008000457A] -> 0x0000
[4451] [M]: 0x0000000080004578 (0x00000013) addi zero, zero, 0
mem[X,0x000000008000457C] -> 0x0013
mem[X,0x000000008000457E] -> 0x0000
[4452] [M]: 0x000000008000457C (0x00000013) addi zero, zero, 0
mem[X,0x0000000080004580] -> 0x0F13
mem[X,0x0000000080004582] -> 0x0050
[4453] [M]: 0x0000000080004580 (0x00500F13) addi t5, zero, 5
x30 <- 0x0000000000000005
mem[X,0x0000000080004584] -> 0x0EB7
mem[X,0x0000000080004586] -> 0x0000
[4454] [M]: 0x0000000080004584 (0x00000EB7) lui t4, 0
x29 <- 0x0000000000000000
mem[X,0x0000000080004588] -> 0x8E93
mem[X,0x000000008000458A] -> 0x000E
[4455] [M]: 0x0000000080004588 (0x000E8E93) addi t4, t4, 0
x29 <- 0x0000000000000000
mem[X,0x000000008000458C] -> 0x9E93
mem[X,0x000000008000458E] -> 0x00BE
[4456] [M]: 0x000000008000458C (0x00BE9E93) slli t4, t4, 11
x29 <- 0x0000000000000000
mem[X,0x0000000080004590] -> 0x8E93
mem[X,0x0000000080004592] -> 0x5A8E
[4457] [M]: 0x0000000080004590 (0x5A8E8E93) addi t4, t4, 1448
x29 <- 0x00000000000005A8
mem[X,0x0000000080004594] -> 0x9E93
mem[X,0x0000000080004596] -> 0x00BE
[4458] [M]: 0x0000000080004594 (0x00BE9E93) slli t4, t4, 11
x29 <- 0x00000000002D4000
mem[X,0x0000000080004598] -> 0x8E93
mem[X,0x000000008000459A] -> 0x13CE
[4459] [M]: 0x0000000080004598 (0x13CE8E93) addi t4, t4, 316
x29 <- 0x00000000002D413C
mem[X,0x000000008000459C] -> 0x9E93
mem[X,0x000000008000459E] -> 0x00AE
[4460] [M]: 0x000000008000459C (0x00AE9E93) slli t4, t4, 10
x29 <- 0x00000000B504F000
mem[X,0x00000000800045A0] -> 0x8E93
mem[X,0x00000000800045A2] -> 0x333E
[4461] [M]: 0x00000000800045A0 (0x333E8E93) addi t4, t4, 819
x29 <- 0x00000000B504F333
mem[X,0x00000000800045A4] -> 0x4FB3
mem[X,0x00000000800045A6] -> 0x03DF
[4462] [M]: 0x00000000800045A4 (0x03DF4FB3) div t6, t5, t4
x31 <- 0x0000000000000000
mem[X,0x00000000800045A8] -> 0xB023
mem[X,0x00000000800045AA] -> 0x01F6
[4463] [M]: 0x00000000800045A8 (0x01F6B023) sd t6, 0(a3)
mem[0x000000008000DB80] <- 0x0000000000000000
mem[X,0x00000000800045AC] -> 0x0F13
mem[X,0x00000000800045AE] -> 0x0050
[4464] [M]: 0x00000000800045AC (0x00500F13) addi t5, zero, 5
x30 <- 0x0000000000000005
mem[X,0x00000000800045B0] -> 0x0E93
mem[X,0x00000000800045B2] -> 0x0020
[4465] [M]: 0x00000000800045B0 (0x00200E93) addi t4, zero, 2
x29 <- 0x0000000000000002
mem[X,0x00000000800045B4] -> 0x4FB3
mem[X,0x00000000800045B6] -> 0x03DF
[4466] [M]: 0x00000000800045B4 (0x03DF4FB3) div t6, t5, t4
x31 <- 0x0000000000000002
mem[X,0x00000000800045B8] -> 0xB423
mem[X,0x00000000800045BA] -> 0x01F6
[4467] [M]: 0x00000000800045B8 (0x01F6B423) sd t6, 8(a3)
mem[0x000000008000DB88] <- 0x0000000000000002
mem[X,0x00000000800045BC] -> 0x0F13
mem[X,0x00000000800045BE] -> 0x0050
[4468] [M]: 0x00000000800045BC (0x00500F13) addi t5, zero, 5
x30 <- 0x0000000000000005
mem[X,0x00000000800045C0] -> 0x5EB7
mem[X,0x00000000800045C2] -> 0x5555
[4469] [M]: 0x00000000800045C0 (0x55555EB7) lui t4, 349525
x29 <- 0x0000000055555000
mem[X,0x00000000800045C4] -> 0x8E93
mem[X,0x00000000800045C6] -> 0x555E
[4470] [M]: 0x00000000800045C4 (0x555E8E93) addi t4, t4, 1365
x29 <- 0x0000000055555555
mem[X,0x00000000800045C8] -> 0x9E93
mem[X,0x00000000800045CA] -> 0x00BE
[4471] [M]: 0x00000000800045C8 (0x00BE9E93) slli t4, t4, 11
x29 <- 0x000002AAAAAAA800
mem[X,0x00000000800045CC] -> 0x8E93
mem[X,0x00000000800045CE] -> 0x2AAE
[4472] [M]: 0x00000000800045CC (0x2AAE8E93) addi t4, t4, 682
x29 <- 0x000002AAAAAAAAAA
mem[X,0x00000000800045D0] -> 0x9E93
mem[X,0x00000000800045D2] -> 0x00BE
[4473] [M]: 0x00000000800045D0 (0x00BE9E93) slli t4, t4, 11
x29 <- 0x0015555555555000
mem[X,0x00000000800045D4] -> 0x8E93
mem[X,0x00000000800045D6] -> 0x555E
[4474] [M]: 0x00000000800045D4 (0x555E8E93) addi t4, t4, 1365
x29 <- 0x0015555555555555
mem[X,0x00000000800045D8] -> 0x9E93
mem[X,0x00000000800045DA] -> 0x00AE
[4475] [M]: 0x00000000800045D8 (0x00AE9E93) slli t4, t4, 10
x29 <- 0x5555555555555400
mem[X,0x00000000800045DC] -> 0x8E93
mem[X,0x00000000800045DE] -> 0x154E
[4476] [M]: 0x00000000800045DC (0x154E8E93) addi t4, t4, 340
x29 <- 0x5555555555555554
mem[X,0x00000000800045E0] -> 0x4FB3
mem[X,0x00000000800045E2] -> 0x03DF
[4477] [M]: 0x00000000800045E0 (0x03DF4FB3) div t6, t5, t4
x31 <- 0x0000000000000000
mem[X,0x00000000800045E4] -> 0xB823
mem[X,0x00000000800045E6] -> 0x01F6
[4478] [M]: 0x00000000800045E4 (0x01F6B823) sd t6, 16(a3)
mem[0x000000008000DB90] <- 0x0000000000000000
mem[X,0x00000000800045E8] -> 0x0F13
mem[X,0x00000000800045EA] -> 0x0050
[4479] [M]: 0x00000000800045E8 (0x00500F13) addi t5, zero, 5
x30 <- 0x0000000000000005
mem[X,0x00000000800045EC] -> 0x3EB7
mem[X,0x00000000800045EE] -> 0x3333
[4480] [M]: 0x00000000800045EC (0x33333EB7) lui t4, 209715
x29 <- 0x0000000033333000
mem[X,0x00000000800045F0] -> 0x8E93
mem[X,0x00000000800045F2] -> 0x333E
[4481] [M]: 0x00000000800045F0 (0x333E8E93) addi t4, t4, 819
x29 <- 0x0000000033333333
mem[X,0x00000000800045F4] -> 0x9E93
mem[X,0x00000000800045F6] -> 0x00BE
[4482] [M]: 0x00000000800045F4 (0x00BE9E93) slli t4, t4, 11
x29 <- 0x0000019999999800
mem[X,0x00000000800045F8] -> 0x8E93
mem[X,0x00000000800045FA] -> 0x199E
[4483] [M]: 0x00000000800045F8 (0x199E8E93) addi t4, t4, 409
x29 <- 0x0000019999999999
mem[X,0x00000000800045FC] -> 0x9E93
mem[X,0x00000000800045FE] -> 0x00BE
[4484] [M]: 0x00000000800045FC (0x00BE9E93) slli t4, t4, 11
x29 <- 0x000CCCCCCCCCC800
mem[X,0x0000000080004600] -> 0x8E93
mem[X,0x0000000080004602] -> 0x4CCE
[4485] [M]: 0x0000000080004600 (0x4CCE8E93) addi t4, t4, 1228
x29 <- 0x000CCCCCCCCCCCCC
mem[X,0x0000000080004604] -> 0x9E93
mem[X,0x0000000080004606] -> 0x00AE
[4486] [M]: 0x0000000080004604 (0x00AE9E93) slli t4, t4, 10
x29 <- 0x3333333333333000
mem[X,0x0000000080004608] -> 0x8E93
mem[X,0x000000008000460A] -> 0x332E
[4487] [M]: 0x0000000080004608 (0x332E8E93) addi t4, t4, 818
x29 <- 0x3333333333333332
mem[X,0x000000008000460C] -> 0x4FB3
mem[X,0x000000008000460E] -> 0x03DF
[4488] [M]: 0x000000008000460C (0x03DF4FB3) div t6, t5, t4
x31 <- 0x0000000000000000
mem[X,0x0000000080004610] -> 0xBC23
mem[X,0x0000000080004612] -> 0x01F6
[4489] [M]: 0x0000000080004610 (0x01F6BC23) sd t6, 24(a3)
mem[0x000000008000DB98] <- 0x0000000000000000
mem[X,0x0000000080004614] -> 0x0F13
mem[X,0x0000000080004616] -> 0x0050
[4490] [M]: 0x0000000080004614 (0x00500F13) addi t5, zero, 5
x30 <- 0x0000000000000005
mem[X,0x0000000080004618] -> 0x6EB7
mem[X,0x000000008000461A] -> 0x6666
[4491] [M]: 0x0000000080004618 (0x66666EB7) lui t4, 419430
x29 <- 0x0000000066666000
mem[X,0x000000008000461C] -> 0x8E93
mem[X,0x000000008000461E] -> 0x666E
[4492] [M]: 0x000000008000461C (0x666E8E93) addi t4, t4, 1638
x29 <- 0x0000000066666666
mem[X,0x0000000080004620] -> 0x9E93
mem[X,0x0000000080004622] -> 0x00BE
[4493] [M]: 0x0000000080004620 (0x00BE9E93) slli t4, t4, 11
x29 <- 0x0000033333333000
mem[X,0x0000000080004624] -> 0x8E93
mem[X,0x0000000080004626] -> 0x333E
[4494] [M]: 0x0000000080004624 (0x333E8E93) addi t4, t4, 819
x29 <- 0x0000033333333333
mem[X,0x0000000080004628] -> 0x9E93
mem[X,0x000000008000462A] -> 0x00BE
[4495] [M]: 0x0000000080004628 (0x00BE9E93) slli t4, t4, 11
x29 <- 0x0019999999999800
mem[X,0x000000008000462C] -> 0x8E93
mem[X,0x000000008000462E] -> 0x199E
[4496] [M]: 0x000000008000462C (0x199E8E93) addi t4, t4, 409
x29 <- 0x0019999999999999
mem[X,0x0000000080004630] -> 0x9E93
mem[X,0x0000000080004632] -> 0x00AE
[4497] [M]: 0x0000000080004630 (0x00AE9E93) slli t4, t4, 10
x29 <- 0x6666666666666400
mem[X,0x0000000080004634] -> 0x8E93
mem[X,0x0000000080004636] -> 0x265E
[4498] [M]: 0x0000000080004634 (0x265E8E93) addi t4, t4, 613
x29 <- 0x6666666666666665
mem[X,0x0000000080004638] -> 0x4FB3
mem[X,0x000000008000463A] -> 0x03DF
[4499] [M]: 0x0000000080004638 (0x03DF4FB3) div t6, t5, t4
x31 <- 0x0000000000000000
clint::tick mtime <- 0x000000000000002D
 clint timer pending at mtime 0x000000000000002D
htif::tick 0x0000000000000000
mem[X,0x000000008000463C] -> 0xB023
mem[X,0x000000008000463E] -> 0x03F6
[4500] [M]: 0x000000008000463C (0x03F6B023) sd t6, 32(a3)
mem[0x000000008000DBA0] <- 0x0000000000000000
mem[X,0x0000000080004640] -> 0x0F13
mem[X,0x0000000080004642] -> 0x0050
[4501] [M]: 0x0000000080004640 (0x00500F13) addi t5, zero, 5
x30 <- 0x0000000000000005
mem[X,0x0000000080004644] -> 0x0E93
mem[X,0x0000000080004646] -> 0x0000
[4502] [M]: 0x0000000080004644 (0x00000E93) addi t4, zero, 0
x29 <- 0x0000000000000000
mem[X,0x0000000080004648] -> 0x4FB3
mem[X,0x000000008000464A] -> 0x03DF
[4503] [M]: 0x0000000080004648 (0x03DF4FB3) div t6, t5, t4
x31 <- 0xFFFFFFFFFFFFFFFF
mem[X,0x000000008000464C] -> 0xB423
mem[X,0x000000008000464E] -> 0x03F6
[4504] [M]: 0x000000008000464C (0x03F6B423) sd t6, 40(a3)
mem[0x000000008000DBA8] <- 0xFFFFFFFFFFFFFFFF
mem[X,0x0000000080004650] -> 0x0F13
mem[X,0x0000000080004652] -> 0x0050
[4505] [M]: 0x0000000080004650 (0x00500F13) addi t5, zero, 5
x30 <- 0x0000000000000005
mem[X,0x0000000080004654] -> 0x0EB7
mem[X,0x0000000080004656] -> 0x0000
[4506] [M]: 0x0000000080004654 (0x00000EB7) lui t4, 0
x29 <- 0x0000000000000000
mem[X,0x0000000080004658] -> 0x8E93
mem[X,0x000000008000465A] -> 0x000E
[4507] [M]: 0x0000000080004658 (0x000E8E93) addi t4, t4, 0
x29 <- 0x0000000000000000
mem[X,0x000000008000465C] -> 0x9E93
mem[X,0x000000008000465E] -> 0x00BE
[4508] [M]: 0x000000008000465C (0x00BE9E93) slli t4, t4, 11
x29 <- 0x0000000000000000
mem[X,0x0000000080004660] -> 0x8E93
mem[X,0x0000000080004662] -> 0x5A8E
[4509] [M]: 0x0000000080004660 (0x5A8E8E93) addi t4, t4, 1448
x29 <- 0x00000000000005A8
mem[X,0x0000000080004664] -> 0x9E93
mem[X,0x0000000080004666] -> 0x00BE
[4510] [M]: 0x0000000080004664 (0x00BE9E93) slli t4, t4, 11
x29 <- 0x00000000002D4000
mem[X,0x0000000080004668] -> 0x8E93
mem[X,0x000000008000466A] -> 0x13CE
[4511] [M]: 0x0000000080004668 (0x13CE8E93) addi t4, t4, 316
x29 <- 0x00000000002D413C
mem[X,0x000000008000466C] -> 0x9E93
mem[X,0x000000008000466E] -> 0x00AE
[4512] [M]: 0x000000008000466C (0x00AE9E93) slli t4, t4, 10
x29 <- 0x00000000B504F000
mem[X,0x0000000080004670] -> 0x8E93
mem[X,0x0000000080004672] -> 0x332E
[4513] [M]: 0x0000000080004670 (0x332E8E93) addi t4, t4, 818
x29 <- 0x00000000B504F332
mem[X,0x0000000080004674] -> 0x4FB3
mem[X,0x0000000080004676] -> 0x03DF
[4514] [M]: 0x0000000080004674 (0x03DF4FB3) div t6, t5, t4
x31 <- 0x0000000000000000
mem[X,0x0000000080004678] -> 0xB823
mem[X,0x000000008000467A] -> 0x03F6
[4515] [M]: 0x0000000080004678 (0x03F6B823) sd t6, 48(a3)
mem[0x000000008000DBB0] <- 0x0000000000000000
mem[X,0x000000008000467C] -> 0x0F13
mem[X,0x000000008000467E] -> 0x0050
[4516] [M]: 0x000000008000467C (0x00500F13) addi t5, zero, 5
x30 <- 0x0000000000000005
mem[X,0x0000000080004680] -> 0x0E93
mem[X,0x0000000080004682] -> 0x0040
[4517] [M]: 0x0000000080004680 (0x00400E93) addi t4, zero, 4
x29 <- 0x0000000000000004
mem[X,0x0000000080004684] -> 0x4FB3
mem[X,0x0000000080004686] -> 0x03DF
[4518] [M]: 0x0000000080004684 (0x03DF4FB3) div t6, t5, t4
x31 <- 0x0000000000000001
mem[X,0x0000000080004688] -> 0xBC23
mem[X,0x000000008000468A] -> 0x03F6
[4519] [M]: 0x0000000080004688 (0x03F6BC23) sd t6, 56(a3)
mem[0x000000008000DBB8] <- 0x0000000000000001
mem[X,0x000000008000468C] -> 0x0F13
mem[X,0x000000008000468E] -> 0x0050
[4520] [M]: 0x000000008000468C (0x00500F13) addi t5, zero, 5
x30 <- 0x0000000000000005
mem[X,0x0000000080004690] -> 0x5EB7
mem[X,0x0000000080004692] -> 0x5555
[4521] [M]: 0x0000000080004690 (0x55555EB7) lui t4, 349525
x29 <- 0x0000000055555000
mem[X,0x0000000080004694] -> 0x8E93
mem[X,0x0000000080004696] -> 0x555E
[4522] [M]: 0x0000000080004694 (0x555E8E93) addi t4, t4, 1365
x29 <- 0x0000000055555555
mem[X,0x0000000080004698] -> 0x9E93
mem[X,0x000000008000469A] -> 0x00BE
[4523] [M]: 0x0000000080004698 (0x00BE9E93) slli t4, t4, 11
x29 <- 0x000002AAAAAAA800
mem[X,0x000000008000469C] -> 0x8E93
mem[X,0x000000008000469E] -> 0x2AAE
[4524] [M]: 0x000000008000469C (0x2AAE8E93) addi t4, t4, 682
x29 <- 0x000002AAAAAAAAAA
mem[X,0x00000000800046A0] -> 0x9E93
mem[X,0x00000000800046A2] -> 0x00BE
[4525] [M]: 0x00000000800046A0 (0x00BE9E93) slli t4, t4, 11
x29 <- 0x0015555555555000
mem[X,0x00000000800046A4] -> 0x8E93
mem[X,0x00000000800046A6] -> 0x555E
[4526] [M]: 0x00000000800046A4 (0x555E8E93) addi t4, t4, 1365
x29 <- 0x0015555555555555
mem[X,0x00000000800046A8] -> 0x9E93
mem[X,0x00000000800046AA] -> 0x00AE
[4527] [M]: 0x00000000800046A8 (0x00AE9E93) slli t4, t4, 10
x29 <- 0x5555555555555400
mem[X,0x00000000800046AC] -> 0x8E93
mem[X,0x00000000800046AE] -> 0x156E
[4528] [M]: 0x00000000800046AC (0x156E8E93) addi t4, t4, 342
x29 <- 0x5555555555555556
mem[X,0x00000000800046B0] -> 0x4FB3
mem[X,0x00000000800046B2] -> 0x03DF
[4529] [M]: 0x00000000800046B0 (0x03DF4FB3) div t6, t5, t4
x31 <- 0x0000000000000000
mem[X,0x00000000800046B4] -> 0xB023
mem[X,0x00000000800046B6] -> 0x05F6
[4530] [M]: 0x00000000800046B4 (0x05F6B023) sd t6, 64(a3)
mem[0x000000008000DBC0] <- 0x0000000000000000
mem[X,0x00000000800046B8] -> 0x0F13
mem[X,0x00000000800046BA] -> 0x0050
[4531] [M]: 0x00000000800046B8 (0x00500F13) addi t5, zero, 5
x30 <- 0x0000000000000005
mem[X,0x00000000800046BC] -> 0xBEB7
mem[X,0x00000000800046BE] -> 0xAAAA
[4532] [M]: 0x00000000800046BC (0xAAAABEB7) lui t4, 699051
x29 <- 0xFFFFFFFFAAAAB000
mem[X,0x00000000800046C0] -> 0x8E93
mem[X,0x00000000800046C2] -> 0xAAAE
[4533] [M]: 0x00000000800046C0 (0xAAAE8E93) addi t4, t4, 2730
x29 <- 0xFFFFFFFFAAAAAAAA
mem[X,0x00000000800046C4] -> 0x9E93
mem[X,0x00000000800046C6] -> 0x00BE
[4534] [M]: 0x00000000800046C4 (0x00BE9E93) slli t4, t4, 11
x29 <- 0xFFFFFD5555555000
mem[X,0x00000000800046C8] -> 0x8E93
mem[X,0x00000000800046CA] -> 0x555E
[4535] [M]: 0x00000000800046C8 (0x555E8E93) addi t4, t4, 1365
x29 <- 0xFFFFFD5555555555
mem[X,0x00000000800046CC] -> 0x9E93
mem[X,0x00000000800046CE] -> 0x00BE
[4536] [M]: 0x00000000800046CC (0x00BE9E93) slli t4, t4, 11
x29 <- 0xFFEAAAAAAAAAA800
mem[X,0x00000000800046D0] -> 0x8E93
mem[X,0x00000000800046D2] -> 0x2AAE
[4537] [M]: 0x00000000800046D0 (0x2AAE8E93) addi t4, t4, 682
x29 <- 0xFFEAAAAAAAAAAAAA
mem[X,0x00000000800046D4] -> 0x9E93
mem[X,0x00000000800046D6] -> 0x00AE
[4538] [M]: 0x00000000800046D4 (0x00AE9E93) slli t4, t4, 10
x29 <- 0xAAAAAAAAAAAAA800
mem[X,0x00000000800046D8] -> 0x8E93
mem[X,0x00000000800046DA] -> 0x2ABE
[4539] [M]: 0x00000000800046D8 (0x2ABE8E93) addi t4, t4, 683
x29 <- 0xAAAAAAAAAAAAAAAB
mem[X,0x00000000800046DC] -> 0x4FB3
mem[X,0x00000000800046DE] -> 0x03DF
[4540] [M]: 0x00000000800046DC (0x03DF4FB3) div t6, t5, t4
x31 <- 0x0000000000000000
mem[X,0x00000000800046E0] -> 0xB423
mem[X,0x00000000800046E2] -> 0x05F6
[4541] [M]: 0x00000000800046E0 (0x05F6B423) sd t6, 72(a3)
mem[0x000000008000DBC8] <- 0x0000000000000000
mem[X,0x00000000800046E4] -> 0x0F13
mem[X,0x00000000800046E6] -> 0x0050
[4542] [M]: 0x00000000800046E4 (0x00500F13) addi t5, zero, 5
x30 <- 0x0000000000000005
mem[X,0x00000000800046E8] -> 0x0E93
mem[X,0x00000000800046EA] -> 0x0060
[4543] [M]: 0x00000000800046E8 (0x00600E93) addi t4, zero, 6
x29 <- 0x0000000000000006
mem[X,0x00000000800046EC] -> 0x4FB3
mem[X,0x00000000800046EE] -> 0x03DF
[4544] [M]: 0x00000000800046EC (0x03DF4FB3) div t6, t5, t4
x31 <- 0x0000000000000000
mem[X,0x00000000800046F0] -> 0xB823
mem[X,0x00000000800046F2] -> 0x05F6
[4545] [M]: 0x00000000800046F0 (0x05F6B823) sd t6, 80(a3)
mem[0x000000008000DBD0] <- 0x0000000000000000
mem[X,0x00000000800046F4] -> 0x0F13
mem[X,0x00000000800046F6] -> 0x0050
[4546] [M]: 0x00000000800046F4 (0x00500F13) addi t5, zero, 5
x30 <- 0x0000000000000005
mem[X,0x00000000800046F8] -> 0x3EB7
mem[X,0x00000000800046FA] -> 0x3333
[4547] [M]: 0x00000000800046F8 (0x33333EB7) lui t4, 209715
x29 <- 0x0000000033333000
mem[X,0x00000000800046FC] -> 0x8E93
mem[X,0x00000000800046FE] -> 0x333E
[4548] [M]: 0x00000000800046FC (0x333E8E93) addi t4, t4, 819
x29 <- 0x0000000033333333
mem[X,0x0000000080004700] -> 0x9E93
mem[X,0x0000000080004702] -> 0x00BE
[4549] [M]: 0x0000000080004700 (0x00BE9E93) slli t4, t4, 11
x29 <- 0x0000019999999800
mem[X,0x0000000080004704] -> 0x8E93
mem[X,0x0000000080004706] -> 0x199E
[4550] [M]: 0x0000000080004704 (0x199E8E93) addi t4, t4, 409
x29 <- 0x0000019999999999
mem[X,0x0000000080004708] -> 0x9E93
mem[X,0x000000008000470A] -> 0x00BE
[4551] [M]: 0x0000000080004708 (0x00BE9E93) slli t4, t4, 11
x29 <- 0x000CCCCCCCCCC800
mem[X,0x000000008000470C] -> 0x8E93
mem[X,0x000000008000470E] -> 0x4CCE
[4552] [M]: 0x000000008000470C (0x4CCE8E93) addi t4, t4, 1228
x29 <- 0x000CCCCCCCCCCCCC
mem[X,0x0000000080004710] -> 0x9E93
mem[X,0x0000000080004712] -> 0x00AE
[4553] [M]: 0x0000000080004710 (0x00AE9E93) slli t4, t4, 10
x29 <- 0x3333333333333000
mem[X,0x0000000080004714] -> 0x8E93
mem[X,0x0000000080004716] -> 0x334E
[4554] [M]: 0x0000000080004714 (0x334E8E93) addi t4, t4, 820
x29 <- 0x3333333333333334
mem[X,0x0000000080004718] -> 0x4FB3
mem[X,0x000000008000471A] -> 0x03DF
[4555] [M]: 0x0000000080004718 (0x03DF4FB3) div t6, t5, t4
x31 <- 0x0000000000000000
mem[X,0x000000008000471C] -> 0xBC23
mem[X,0x000000008000471E] -> 0x05F6
[4556] [M]: 0x000000008000471C (0x05F6BC23) sd t6, 88(a3)
mem[0x000000008000DBD8] <- 0x0000000000000000
mem[X,0x0000000080004720] -> 0x0F13
mem[X,0x0000000080004722] -> 0x0050
[4557] [M]: 0x0000000080004720 (0x00500F13) addi t5, zero, 5
x30 <- 0x0000000000000005
mem[X,0x0000000080004724] -> 0x6EB7
mem[X,0x0000000080004726] -> 0x6666
[4558] [M]: 0x0000000080004724 (0x66666EB7) lui t4, 419430
x29 <- 0x0000000066666000
mem[X,0x0000000080004728] -> 0x8E93
mem[X,0x000000008000472A] -> 0x666E
[4559] [M]: 0x0000000080004728 (0x666E8E93) addi t4, t4, 1638
x29 <- 0x0000000066666666
mem[X,0x000000008000472C] -> 0x9E93
mem[X,0x000000008000472E] -> 0x00BE
[4560] [M]: 0x000000008000472C (0x00BE9E93) slli t4, t4, 11
x29 <- 0x0000033333333000
mem[X,0x0000000080004730] -> 0x8E93
mem[X,0x0000000080004732] -> 0x333E
[4561] [M]: 0x0000000080004730 (0x333E8E93) addi t4, t4, 819
x29 <- 0x0000033333333333
mem[X,0x0000000080004734] -> 0x9E93
mem[X,0x0000000080004736] -> 0x00BE
[4562] [M]: 0x0000000080004734 (0x00BE9E93) slli t4, t4, 11
x29 <- 0x0019999999999800
mem[X,0x0000000080004738] -> 0x8E93
mem[X,0x000000008000473A] -> 0x199E
[4563] [M]: 0x0000000080004738 (0x199E8E93) addi t4, t4, 409
x29 <- 0x0019999999999999
mem[X,0x000000008000473C] -> 0x9E93
mem[X,0x000000008000473E] -> 0x00AE
[4564] [M]: 0x000000008000473C (0x00AE9E93) slli t4, t4, 10
x29 <- 0x6666666666666400
mem[X,0x0000000080004740] -> 0x8E93
mem[X,0x0000000080004742] -> 0x267E
[4565] [M]: 0x0000000080004740 (0x267E8E93) addi t4, t4, 615
x29 <- 0x6666666666666667
mem[X,0x0000000080004744] -> 0x4FB3
mem[X,0x0000000080004746] -> 0x03DF
[4566] [M]: 0x0000000080004744 (0x03DF4FB3) div t6, t5, t4
x31 <- 0x0000000000000000
mem[X,0x0000000080004748] -> 0xB023
mem[X,0x000000008000474A] -> 0x07F6
[4567] [M]: 0x0000000080004748 (0x07F6B023) sd t6, 96(a3)
mem[0x000000008000DBE0] <- 0x0000000000000000
mem[X,0x000000008000474C] -> 0x0F13
mem[X,0x000000008000474E] -> 0x0050
[4568] [M]: 0x000000008000474C (0x00500F13) addi t5, zero, 5
x30 <- 0x0000000000000005
mem[X,0x0000000080004750] -> 0x0EB7
mem[X,0x0000000080004752] -> 0x0000
[4569] [M]: 0x0000000080004750 (0x00000EB7) lui t4, 0
x29 <- 0x0000000000000000
mem[X,0x0000000080004754] -> 0x8E93
mem[X,0x0000000080004756] -> 0xFFFE
[4570] [M]: 0x0000000080004754 (0xFFFE8E93) addi t4, t4, 4095
x29 <- 0xFFFFFFFFFFFFFFFF
mem[X,0x0000000080004758] -> 0x9E93
mem[X,0x000000008000475A] -> 0x00BE
[4571] [M]: 0x0000000080004758 (0x00BE9E93) slli t4, t4, 11
x29 <- 0xFFFFFFFFFFFFF800
mem[X,0x000000008000475C] -> 0x8E93
mem[X,0x000000008000475E] -> 0x257E
[4572] [M]: 0x000000008000475C (0x257E8E93) addi t4, t4, 599
x29 <- 0xFFFFFFFFFFFFFA57
mem[X,0x0000000080004760] -> 0x9E93
mem[X,0x0000000080004762] -> 0x00BE
[4573] [M]: 0x0000000080004760 (0x00BE9E93) slli t4, t4, 11
x29 <- 0xFFFFFFFFFFD2B800
mem[X,0x0000000080004764] -> 0x8E93
mem[X,0x0000000080004766] -> 0x6C3E
[4574] [M]: 0x0000000080004764 (0x6C3E8E93) addi t4, t4, 1731
x29 <- 0xFFFFFFFFFFD2BEC3
mem[X,0x0000000080004768] -> 0x9E93
mem[X,0x000000008000476A] -> 0x00AE
[4575] [M]: 0x0000000080004768 (0x00AE9E93) slli t4, t4, 10
x29 <- 0xFFFFFFFF4AFB0C00
mem[X,0x000000008000476C] -> 0x8E93
mem[X,0x000000008000476E] -> 0x0CEE
[4576] [M]: 0x000000008000476C (0x0CEE8E93) addi t4, t4, 206
x29 <- 0xFFFFFFFF4AFB0CCE
mem[X,0x0000000080004770] -> 0x4FB3
mem[X,0x0000000080004772] -> 0x03DF
[4577] [M]: 0x0000000080004770 (0x03DF4FB3) div t6, t5, t4
x31 <- 0x0000000000000000
mem[X,0x0000000080004774] -> 0xB423
mem[X,0x0000000080004776] -> 0x07F6
[4578] [M]: 0x0000000080004774 (0x07F6B423) sd t6, 104(a3)
mem[0x000000008000DBE8] <- 0x0000000000000000
mem[X,0x0000000080004778] -> 0x0F13
mem[X,0x000000008000477A] -> 0x0050
[4579] [M]: 0x0000000080004778 (0x00500F13) addi t5, zero, 5
x30 <- 0x0000000000000005
mem[X,0x000000008000477C] -> 0x0EB7
mem[X,0x000000008000477E] -> 0x0000
[4580] [M]: 0x000000008000477C (0x00000EB7) lui t4, 0
x29 <- 0x0000000000000000
mem[X,0x0000000080004780] -> 0x8E93
mem[X,0x0000000080004782] -> 0x000E
[4581] [M]: 0x0000000080004780 (0x000E8E93) addi t4, t4, 0
x29 <- 0x0000000000000000
mem[X,0x0000000080004784] -> 0x9E93
mem[X,0x0000000080004786] -> 0x00BE
[4582] [M]: 0x0000000080004784 (0x00BE9E93) slli t4, t4, 11
x29 <- 0x0000000000000000
mem[X,0x0000000080004788] -> 0x8E93
mem[X,0x000000008000478A] -> 0x5A8E
[4583] [M]: 0x0000000080004788 (0x5A8E8E93) addi t4, t4, 1448
x29 <- 0x00000000000005A8
mem[X,0x000000008000478C] -> 0x9E93
mem[X,0x000000008000478E] -> 0x00BE
[4584] [M]: 0x000000008000478C (0x00BE9E93) slli t4, t4, 11
x29 <- 0x00000000002D4000
mem[X,0x0000000080004790] -> 0x8E93
mem[X,0x0000000080004792] -> 0x13CE
[4585] [M]: 0x0000000080004790 (0x13CE8E93) addi t4, t4, 316
x29 <- 0x00000000002D413C
mem[X,0x0000000080004794] -> 0x9E93
mem[X,0x0000000080004796] -> 0x00AE
[4586] [M]: 0x0000000080004794 (0x00AE9E93) slli t4, t4, 10
x29 <- 0x00000000B504F000
mem[X,0x0000000080004798] -> 0x8E93
mem[X,0x000000008000479A] -> 0x334E
[4587] [M]: 0x0000000080004798 (0x334E8E93) addi t4, t4, 820
x29 <- 0x00000000B504F334
mem[X,0x000000008000479C] -> 0x4FB3
mem[X,0x000000008000479E] -> 0x03DF
[4588] [M]: 0x000000008000479C (0x03DF4FB3) div t6, t5, t4
x31 <- 0x0000000000000000
mem[X,0x00000000800047A0] -> 0xB823
mem[X,0x00000000800047A2] -> 0x07F6
[4589] [M]: 0x00000000800047A0 (0x07F6B823) sd t6, 112(a3)
mem[0x000000008000DBF0] <- 0x0000000000000000
mem[X,0x00000000800047A4] -> 0x3F37
mem[X,0x00000000800047A6] -> 0x3333
[4590] [M]: 0x00000000800047A4 (0x33333F37) lui t5, 209715
x30 <- 0x0000000033333000
mem[X,0x00000000800047A8] -> 0x0F13
mem[X,0x00000000800047AA] -> 0x333F
[4591] [M]: 0x00000000800047A8 (0x333F0F13) addi t5, t5, 819
x30 <- 0x0000000033333333
mem[X,0x00000000800047AC] -> 0x1F13
mem[X,0x00000000800047AE] -> 0x00BF
[4592] [M]: 0x00000000800047AC (0x00BF1F13) slli t5, t5, 11
x30 <- 0x0000019999999800
mem[X,0x00000000800047B0] -> 0x0F13
mem[X,0x00000000800047B2] -> 0x199F
[4593] [M]: 0x00000000800047B0 (0x199F0F13) addi t5, t5, 409
x30 <- 0x0000019999999999
mem[X,0x00000000800047B4] -> 0x1F13
mem[X,0x00000000800047B6] -> 0x00BF
[4594] [M]: 0x00000000800047B4 (0x00BF1F13) slli t5, t5, 11
x30 <- 0x000CCCCCCCCCC800
mem[X,0x00000000800047B8] -> 0x0F13
mem[X,0x00000000800047BA] -> 0x4CCF
[4595] [M]: 0x00000000800047B8 (0x4CCF0F13) addi t5, t5, 1228
x30 <- 0x000CCCCCCCCCCCCC
mem[X,0x00000000800047BC] -> 0x1F13
mem[X,0x00000000800047BE] -> 0x00AF
[4596] [M]: 0x00000000800047BC (0x00AF1F13) slli t5, t5, 10
x30 <- 0x3333333333333000
mem[X,0x00000000800047C0] -> 0x0F13
mem[X,0x00000000800047C2] -> 0x333F
[4597] [M]: 0x00000000800047C0 (0x333F0F13) addi t5, t5, 819
x30 <- 0x3333333333333333
mem[X,0x00000000800047C4] -> 0x0E93
mem[X,0x00000000800047C6] -> 0x0030
[4598] [M]: 0x00000000800047C4 (0x00300E93) addi t4, zero, 3
x29 <- 0x0000000000000003
mem[X,0x00000000800047C8] -> 0x4FB3
mem[X,0x00000000800047CA] -> 0x03DF
[4599] [M]: 0x00000000800047C8 (0x03DF4FB3) div t6, t5, t4
x31 <- 0x1111111111111111
clint::tick mtime <- 0x000000000000002E
 clint timer pending at mtime 0x000000000000002E
htif::tick 0x0000000000000000
mem[X,0x00000000800047CC] -> 0xBC23
mem[X,0x00000000800047CE] -> 0x07F6
[4600] [M]: 0x00000000800047CC (0x07F6BC23) sd t6, 120(a3)
mem[0x000000008000DBF8] <- 0x1111111111111111
mem[X,0x00000000800047D0] -> 0x3F37
mem[X,0x00000000800047D2] -> 0x3333
[4601] [M]: 0x00000000800047D0 (0x33333F37) lui t5, 209715
x30 <- 0x0000000033333000
mem[X,0x00000000800047D4] -> 0x0F13
mem[X,0x00000000800047D6] -> 0x333F
[4602] [M]: 0x00000000800047D4 (0x333F0F13) addi t5, t5, 819
x30 <- 0x0000000033333333
mem[X,0x00000000800047D8] -> 0x1F13
mem[X,0x00000000800047DA] -> 0x00BF
[4603] [M]: 0x00000000800047D8 (0x00BF1F13) slli t5, t5, 11
x30 <- 0x0000019999999800
mem[X,0x00000000800047DC] -> 0x0F13
mem[X,0x00000000800047DE] -> 0x199F
[4604] [M]: 0x00000000800047DC (0x199F0F13) addi t5, t5, 409
x30 <- 0x0000019999999999
mem[X,0x00000000800047E0] -> 0x1F13
mem[X,0x00000000800047E2] -> 0x00BF
[4605] [M]: 0x00000000800047E0 (0x00BF1F13) slli t5, t5, 11
x30 <- 0x000CCCCCCCCCC800
mem[X,0x00000000800047E4] -> 0x0F13
mem[X,0x00000000800047E6] -> 0x4CCF
[4606] [M]: 0x00000000800047E4 (0x4CCF0F13) addi t5, t5, 1228
x30 <- 0x000CCCCCCCCCCCCC
mem[X,0x00000000800047E8] -> 0x1F13
mem[X,0x00000000800047EA] -> 0x00AF
[4607] [M]: 0x00000000800047E8 (0x00AF1F13) slli t5, t5, 10
x30 <- 0x3333333333333000
mem[X,0x00000000800047EC] -> 0x0F13
mem[X,0x00000000800047EE] -> 0x333F
[4608] [M]: 0x00000000800047EC (0x333F0F13) addi t5, t5, 819
x30 <- 0x3333333333333333
mem[X,0x00000000800047F0] -> 0x5EB7
mem[X,0x00000000800047F2] -> 0x5555
[4609] [M]: 0x00000000800047F0 (0x55555EB7) lui t4, 349525
x29 <- 0x0000000055555000
mem[X,0x00000000800047F4] -> 0x8E93
mem[X,0x00000000800047F6] -> 0x555E
[4610] [M]: 0x00000000800047F4 (0x555E8E93) addi t4, t4, 1365
x29 <- 0x0000000055555555
mem[X,0x00000000800047F8] -> 0x9E93
mem[X,0x00000000800047FA] -> 0x00BE
[4611] [M]: 0x00000000800047F8 (0x00BE9E93) slli t4, t4, 11
x29 <- 0x000002AAAAAAA800
mem[X,0x00000000800047FC] -> 0x8E93
mem[X,0x00000000800047FE] -> 0x2AAE
[4612] [M]: 0x00000000800047FC (0x2AAE8E93) addi t4, t4, 682
x29 <- 0x000002AAAAAAAAAA
mem[X,0x0000000080004800] -> 0x9E93
mem[X,0x0000000080004802] -> 0x00BE
[4613] [M]: 0x0000000080004800 (0x00BE9E93) slli t4, t4, 11
x29 <- 0x0015555555555000
mem[X,0x0000000080004804] -> 0x8E93
mem[X,0x0000000080004806] -> 0x555E
[4614] [M]: 0x0000000080004804 (0x555E8E93) addi t4, t4, 1365
x29 <- 0x0015555555555555
mem[X,0x0000000080004808] -> 0x9E93
mem[X,0x000000008000480A] -> 0x00AE
[4615] [M]: 0x0000000080004808 (0x00AE9E93) slli t4, t4, 10
x29 <- 0x5555555555555400
mem[X,0x000000008000480C] -> 0x8E93
mem[X,0x000000008000480E] -> 0x155E
[4616] [M]: 0x000000008000480C (0x155E8E93) addi t4, t4, 341
x29 <- 0x5555555555555555
mem[X,0x0000000080004810] -> 0x4FB3
mem[X,0x0000000080004812] -> 0x03DF
[4617] [M]: 0x0000000080004810 (0x03DF4FB3) div t6, t5, t4
x31 <- 0x0000000000000000
mem[X,0x0000000080004814] -> 0xB023
mem[X,0x0000000080004816] -> 0x09F6
[4618] [M]: 0x0000000080004814 (0x09F6B023) sd t6, 128(a3)
mem[0x000000008000DC00] <- 0x0000000000000000
mem[X,0x0000000080004818] -> 0x3F37
mem[X,0x000000008000481A] -> 0x3333
[4619] [M]: 0x0000000080004818 (0x33333F37) lui t5, 209715
x30 <- 0x0000000033333000
mem[X,0x000000008000481C] -> 0x0F13
mem[X,0x000000008000481E] -> 0x333F
[4620] [M]: 0x000000008000481C (0x333F0F13) addi t5, t5, 819
x30 <- 0x0000000033333333
mem[X,0x0000000080004820] -> 0x1F13
mem[X,0x0000000080004822] -> 0x00BF
[4621] [M]: 0x0000000080004820 (0x00BF1F13) slli t5, t5, 11
x30 <- 0x0000019999999800
mem[X,0x0000000080004824] -> 0x0F13
mem[X,0x0000000080004826] -> 0x199F
[4622] [M]: 0x0000000080004824 (0x199F0F13) addi t5, t5, 409
x30 <- 0x0000019999999999
mem[X,0x0000000080004828] -> 0x1F13
mem[X,0x000000008000482A] -> 0x00BF
[4623] [M]: 0x0000000080004828 (0x00BF1F13) slli t5, t5, 11
x30 <- 0x000CCCCCCCCCC800
mem[X,0x000000008000482C] -> 0x0F13
mem[X,0x000000008000482E] -> 0x4CCF
[4624] [M]: 0x000000008000482C (0x4CCF0F13) addi t5, t5, 1228
x30 <- 0x000CCCCCCCCCCCCC
mem[X,0x0000000080004830] -> 0x1F13
mem[X,0x0000000080004832] -> 0x00AF
[4625] [M]: 0x0000000080004830 (0x00AF1F13) slli t5, t5, 10
x30 <- 0x3333333333333000
mem[X,0x0000000080004834] -> 0x0F13
mem[X,0x0000000080004836] -> 0x333F
[4626] [M]: 0x0000000080004834 (0x333F0F13) addi t5, t5, 819
x30 <- 0x3333333333333333
mem[X,0x0000000080004838] -> 0xBEB7
mem[X,0x000000008000483A] -> 0xAAAA
[4627] [M]: 0x0000000080004838 (0xAAAABEB7) lui t4, 699051
x29 <- 0xFFFFFFFFAAAAB000
mem[X,0x000000008000483C] -> 0x8E93
mem[X,0x000000008000483E] -> 0xAAAE
[4628] [M]: 0x000000008000483C (0xAAAE8E93) addi t4, t4, 2730
x29 <- 0xFFFFFFFFAAAAAAAA
mem[X,0x0000000080004840] -> 0x9E93
mem[X,0x0000000080004842] -> 0x00BE
[4629] [M]: 0x0000000080004840 (0x00BE9E93) slli t4, t4, 11
x29 <- 0xFFFFFD5555555000
mem[X,0x0000000080004844] -> 0x8E93
mem[X,0x0000000080004846] -> 0x555E
[4630] [M]: 0x0000000080004844 (0x555E8E93) addi t4, t4, 1365
x29 <- 0xFFFFFD5555555555
mem[X,0x0000000080004848] -> 0x9E93
mem[X,0x000000008000484A] -> 0x00BE
[4631] [M]: 0x0000000080004848 (0x00BE9E93) slli t4, t4, 11
x29 <- 0xFFEAAAAAAAAAA800
mem[X,0x000000008000484C] -> 0x8E93
mem[X,0x000000008000484E] -> 0x2AAE
[4632] [M]: 0x000000008000484C (0x2AAE8E93) addi t4, t4, 682
x29 <- 0xFFEAAAAAAAAAAAAA
mem[X,0x0000000080004850] -> 0x9E93
mem[X,0x0000000080004852] -> 0x00AE
[4633] [M]: 0x0000000080004850 (0x00AE9E93) slli t4, t4, 10
x29 <- 0xAAAAAAAAAAAAA800
mem[X,0x0000000080004854] -> 0x8E93
mem[X,0x0000000080004856] -> 0x2AAE
[4634] [M]: 0x0000000080004854 (0x2AAE8E93) addi t4, t4, 682
x29 <- 0xAAAAAAAAAAAAAAAA
mem[X,0x0000000080004858] -> 0x4FB3
mem[X,0x000000008000485A] -> 0x03DF
[4635] [M]: 0x0000000080004858 (0x03DF4FB3) div t6, t5, t4
x31 <- 0x0000000000000000
mem[X,0x000000008000485C] -> 0xB423
mem[X,0x000000008000485E] -> 0x09F6
[4636] [M]: 0x000000008000485C (0x09F6B423) sd t6, 136(a3)
mem[0x000000008000DC08] <- 0x0000000000000000
mem[X,0x0000000080004860] -> 0x3F37
mem[X,0x0000000080004862] -> 0x3333
[4637] [M]: 0x0000000080004860 (0x33333F37) lui t5, 209715
x30 <- 0x0000000033333000
mem[X,0x0000000080004864] -> 0x0F13
mem[X,0x0000000080004866] -> 0x333F
[4638] [M]: 0x0000000080004864 (0x333F0F13) addi t5, t5, 819
x30 <- 0x0000000033333333
mem[X,0x0000000080004868] -> 0x1F13
mem[X,0x000000008000486A] -> 0x00BF
[4639] [M]: 0x0000000080004868 (0x00BF1F13) slli t5, t5, 11
x30 <- 0x0000019999999800
mem[X,0x000000008000486C] -> 0x0F13
mem[X,0x000000008000486E] -> 0x199F
[4640] [M]: 0x000000008000486C (0x199F0F13) addi t5, t5, 409
x30 <- 0x0000019999999999
mem[X,0x0000000080004870] -> 0x1F13
mem[X,0x0000000080004872] -> 0x00BF
[4641] [M]: 0x0000000080004870 (0x00BF1F13) slli t5, t5, 11
x30 <- 0x000CCCCCCCCCC800
mem[X,0x0000000080004874] -> 0x0F13
mem[X,0x0000000080004876] -> 0x4CCF
[4642] [M]: 0x0000000080004874 (0x4CCF0F13) addi t5, t5, 1228
x30 <- 0x000CCCCCCCCCCCCC
mem[X,0x0000000080004878] -> 0x1F13
mem[X,0x000000008000487A] -> 0x00AF
[4643] [M]: 0x0000000080004878 (0x00AF1F13) slli t5, t5, 10
x30 <- 0x3333333333333000
mem[X,0x000000008000487C] -> 0x0F13
mem[X,0x000000008000487E] -> 0x333F
[4644] [M]: 0x000000008000487C (0x333F0F13) addi t5, t5, 819
x30 <- 0x3333333333333333
mem[X,0x0000000080004880] -> 0x0E93
mem[X,0x0000000080004882] -> 0x0050
[4645] [M]: 0x0000000080004880 (0x00500E93) addi t4, zero, 5
x29 <- 0x0000000000000005
mem[X,0x0000000080004884] -> 0x4FB3
mem[X,0x0000000080004886] -> 0x03DF
[4646] [M]: 0x0000000080004884 (0x03DF4FB3) div t6, t5, t4
x31 <- 0x0A3D70A3D70A3D70
mem[X,0x0000000080004888] -> 0xB823
mem[X,0x000000008000488A] -> 0x09F6
[4647] [M]: 0x0000000080004888 (0x09F6B823) sd t6, 144(a3)
mem[0x000000008000DC10] <- 0x0A3D70A3D70A3D70
mem[X,0x000000008000488C] -> 0x3F37
mem[X,0x000000008000488E] -> 0x3333
[4648] [M]: 0x000000008000488C (0x33333F37) lui t5, 209715
x30 <- 0x0000000033333000
mem[X,0x0000000080004890] -> 0x0F13
mem[X,0x0000000080004892] -> 0x333F
[4649] [M]: 0x0000000080004890 (0x333F0F13) addi t5, t5, 819
x30 <- 0x0000000033333333
mem[X,0x0000000080004894] -> 0x1F13
mem[X,0x0000000080004896] -> 0x00BF
[4650] [M]: 0x0000000080004894 (0x00BF1F13) slli t5, t5, 11
x30 <- 0x0000019999999800
mem[X,0x0000000080004898] -> 0x0F13
mem[X,0x000000008000489A] -> 0x199F
[4651] [M]: 0x0000000080004898 (0x199F0F13) addi t5, t5, 409
x30 <- 0x0000019999999999
mem[X,0x000000008000489C] -> 0x1F13
mem[X,0x000000008000489E] -> 0x00BF
[4652] [M]: 0x000000008000489C (0x00BF1F13) slli t5, t5, 11
x30 <- 0x000CCCCCCCCCC800
mem[X,0x00000000800048A0] -> 0x0F13
mem[X,0x00000000800048A2] -> 0x4CCF
[4653] [M]: 0x00000000800048A0 (0x4CCF0F13) addi t5, t5, 1228
x30 <- 0x000CCCCCCCCCCCCC
mem[X,0x00000000800048A4] -> 0x1F13
mem[X,0x00000000800048A6] -> 0x00AF
[4654] [M]: 0x00000000800048A4 (0x00AF1F13) slli t5, t5, 10
x30 <- 0x3333333333333000
mem[X,0x00000000800048A8] -> 0x0F13
mem[X,0x00000000800048AA] -> 0x333F
[4655] [M]: 0x00000000800048A8 (0x333F0F13) addi t5, t5, 819
x30 <- 0x3333333333333333
mem[X,0x00000000800048AC] -> 0x3EB7
mem[X,0x00000000800048AE] -> 0x3333
[4656] [M]: 0x00000000800048AC (0x33333EB7) lui t4, 209715
x29 <- 0x0000000033333000
mem[X,0x00000000800048B0] -> 0x8E93
mem[X,0x00000000800048B2] -> 0x333E
[4657] [M]: 0x00000000800048B0 (0x333E8E93) addi t4, t4, 819
x29 <- 0x0000000033333333
mem[X,0x00000000800048B4] -> 0x9E93
mem[X,0x00000000800048B6] -> 0x00BE
[4658] [M]: 0x00000000800048B4 (0x00BE9E93) slli t4, t4, 11
x29 <- 0x0000019999999800
mem[X,0x00000000800048B8] -> 0x8E93
mem[X,0x00000000800048BA] -> 0x199E
[4659] [M]: 0x00000000800048B8 (0x199E8E93) addi t4, t4, 409
x29 <- 0x0000019999999999
mem[X,0x00000000800048BC] -> 0x9E93
mem[X,0x00000000800048BE] -> 0x00BE
[4660] [M]: 0x00000000800048BC (0x00BE9E93) slli t4, t4, 11
x29 <- 0x000CCCCCCCCCC800
mem[X,0x00000000800048C0] -> 0x8E93
mem[X,0x00000000800048C2] -> 0x4CCE
[4661] [M]: 0x00000000800048C0 (0x4CCE8E93) addi t4, t4, 1228
x29 <- 0x000CCCCCCCCCCCCC
mem[X,0x00000000800048C4] -> 0x9E93
mem[X,0x00000000800048C6] -> 0x00AE
[4662] [M]: 0x00000000800048C4 (0x00AE9E93) slli t4, t4, 10
x29 <- 0x3333333333333000
mem[X,0x00000000800048C8] -> 0x8E93
mem[X,0x00000000800048CA] -> 0x333E
[4663] [M]: 0x00000000800048C8 (0x333E8E93) addi t4, t4, 819
x29 <- 0x3333333333333333
mem[X,0x00000000800048CC] -> 0x4FB3
mem[X,0x00000000800048CE] -> 0x03DF
[4664] [M]: 0x00000000800048CC (0x03DF4FB3) div t6, t5, t4
x31 <- 0x0000000000000001
mem[X,0x00000000800048D0] -> 0xBC23
mem[X,0x00000000800048D2] -> 0x09F6
[4665] [M]: 0x00000000800048D0 (0x09F6BC23) sd t6, 152(a3)
mem[0x000000008000DC18] <- 0x0000000000000001
mem[X,0x00000000800048D4] -> 0x3F37
mem[X,0x00000000800048D6] -> 0x3333
[4666] [M]: 0x00000000800048D4 (0x33333F37) lui t5, 209715
x30 <- 0x0000000033333000
mem[X,0x00000000800048D8] -> 0x0F13
mem[X,0x00000000800048DA] -> 0x333F
[4667] [M]: 0x00000000800048D8 (0x333F0F13) addi t5, t5, 819
x30 <- 0x0000000033333333
mem[X,0x00000000800048DC] -> 0x1F13
mem[X,0x00000000800048DE] -> 0x00BF
[4668] [M]: 0x00000000800048DC (0x00BF1F13) slli t5, t5, 11
x30 <- 0x0000019999999800
mem[X,0x00000000800048E0] -> 0x0F13
mem[X,0x00000000800048E2] -> 0x199F
[4669] [M]: 0x00000000800048E0 (0x199F0F13) addi t5, t5, 409
x30 <- 0x0000019999999999
mem[X,0x00000000800048E4] -> 0x1F13
mem[X,0x00000000800048E6] -> 0x00BF
[4670] [M]: 0x00000000800048E4 (0x00BF1F13) slli t5, t5, 11
x30 <- 0x000CCCCCCCCCC800
mem[X,0x00000000800048E8] -> 0x0F13
mem[X,0x00000000800048EA] -> 0x4CCF
[4671] [M]: 0x00000000800048E8 (0x4CCF0F13) addi t5, t5, 1228
x30 <- 0x000CCCCCCCCCCCCC
mem[X,0x00000000800048EC] -> 0x1F13
mem[X,0x00000000800048EE] -> 0x00AF
[4672] [M]: 0x00000000800048EC (0x00AF1F13) slli t5, t5, 10
x30 <- 0x3333333333333000
mem[X,0x00000000800048F0] -> 0x0F13
mem[X,0x00000000800048F2] -> 0x333F
[4673] [M]: 0x00000000800048F0 (0x333F0F13) addi t5, t5, 819
x30 <- 0x3333333333333333
mem[X,0x00000000800048F4] -> 0x6EB7
mem[X,0x00000000800048F6] -> 0x6666
[4674] [M]: 0x00000000800048F4 (0x66666EB7) lui t4, 419430
x29 <- 0x0000000066666000
mem[X,0x00000000800048F8] -> 0x8E93
mem[X,0x00000000800048FA] -> 0x666E
[4675] [M]: 0x00000000800048F8 (0x666E8E93) addi t4, t4, 1638
x29 <- 0x0000000066666666
mem[X,0x00000000800048FC] -> 0x9E93
mem[X,0x00000000800048FE] -> 0x00BE
[4676] [M]: 0x00000000800048FC (0x00BE9E93) slli t4, t4, 11
x29 <- 0x0000033333333000
mem[X,0x0000000080004900] -> 0x8E93
mem[X,0x0000000080004902] -> 0x333E
[4677] [M]: 0x0000000080004900 (0x333E8E93) addi t4, t4, 819
x29 <- 0x0000033333333333
mem[X,0x0000000080004904] -> 0x9E93
mem[X,0x0000000080004906] -> 0x00BE
[4678] [M]: 0x0000000080004904 (0x00BE9E93) slli t4, t4, 11
x29 <- 0x0019999999999800
mem[X,0x0000000080004908] -> 0x8E93
mem[X,0x000000008000490A] -> 0x199E
[4679] [M]: 0x0000000080004908 (0x199E8E93) addi t4, t4, 409
x29 <- 0x0019999999999999
mem[X,0x000000008000490C] -> 0x9E93
mem[X,0x000000008000490E] -> 0x00AE
[4680] [M]: 0x000000008000490C (0x00AE9E93) slli t4, t4, 10
x29 <- 0x6666666666666400
mem[X,0x0000000080004910] -> 0x8E93
mem[X,0x0000000080004912] -> 0x266E
[4681] [M]: 0x0000000080004910 (0x266E8E93) addi t4, t4, 614
x29 <- 0x6666666666666666
mem[X,0x0000000080004914] -> 0x4FB3
mem[X,0x0000000080004916] -> 0x03DF
[4682] [M]: 0x0000000080004914 (0x03DF4FB3) div t6, t5, t4
x31 <- 0x0000000000000000
mem[X,0x0000000080004918] -> 0xB023
mem[X,0x000000008000491A] -> 0x0BF6
[4683] [M]: 0x0000000080004918 (0x0BF6B023) sd t6, 160(a3)
mem[0x000000008000DC20] <- 0x0000000000000000
mem[X,0x000000008000491C] -> 0x3F37
mem[X,0x000000008000491E] -> 0x3333
[4684] [M]: 0x000000008000491C (0x33333F37) lui t5, 209715
x30 <- 0x0000000033333000
mem[X,0x0000000080004920] -> 0x0F13
mem[X,0x0000000080004922] -> 0x333F
[4685] [M]: 0x0000000080004920 (0x333F0F13) addi t5, t5, 819
x30 <- 0x0000000033333333
mem[X,0x0000000080004924] -> 0x1F13
mem[X,0x0000000080004926] -> 0x00BF
[4686] [M]: 0x0000000080004924 (0x00BF1F13) slli t5, t5, 11
x30 <- 0x0000019999999800
mem[X,0x0000000080004928] -> 0x0F13
mem[X,0x000000008000492A] -> 0x199F
[4687] [M]: 0x0000000080004928 (0x199F0F13) addi t5, t5, 409
x30 <- 0x0000019999999999
mem[X,0x000000008000492C] -> 0x1F13
mem[X,0x000000008000492E] -> 0x00BF
[4688] [M]: 0x000000008000492C (0x00BF1F13) slli t5, t5, 11
x30 <- 0x000CCCCCCCCCC800
mem[X,0x0000000080004930] -> 0x0F13
mem[X,0x0000000080004932] -> 0x4CCF
[4689] [M]: 0x0000000080004930 (0x4CCF0F13) addi t5, t5, 1228
x30 <- 0x000CCCCCCCCCCCCC
mem[X,0x0000000080004934] -> 0x1F13
mem[X,0x0000000080004936] -> 0x00AF
[4690] [M]: 0x0000000080004934 (0x00AF1F13) slli t5, t5, 10
x30 <- 0x3333333333333000
mem[X,0x0000000080004938] -> 0x0F13
mem[X,0x000000008000493A] -> 0x333F
[4691] [M]: 0x0000000080004938 (0x333F0F13) addi t5, t5, 819
x30 <- 0x3333333333333333
mem[X,0x000000008000493C] -> 0x0EB7
mem[X,0x000000008000493E] -> 0x0000
[4692] [M]: 0x000000008000493C (0x00000EB7) lui t4, 0
x29 <- 0x0000000000000000
mem[X,0x0000000080004940] -> 0x8E93
mem[X,0x0000000080004942] -> 0xFFFE
[4693] [M]: 0x0000000080004940 (0xFFFE8E93) addi t4, t4, 4095
x29 <- 0xFFFFFFFFFFFFFFFF
mem[X,0x0000000080004944] -> 0x9E93
mem[X,0x0000000080004946] -> 0x00BE
[4694] [M]: 0x0000000080004944 (0x00BE9E93) slli t4, t4, 11
x29 <- 0xFFFFFFFFFFFFF800
mem[X,0x0000000080004948] -> 0x8E93
mem[X,0x000000008000494A] -> 0x257E
[4695] [M]: 0x0000000080004948 (0x257E8E93) addi t4, t4, 599
x29 <- 0xFFFFFFFFFFFFFA57
mem[X,0x000000008000494C] -> 0x9E93
mem[X,0x000000008000494E] -> 0x00BE
[4696] [M]: 0x000000008000494C (0x00BE9E93) slli t4, t4, 11
x29 <- 0xFFFFFFFFFFD2B800
mem[X,0x0000000080004950] -> 0x8E93
mem[X,0x0000000080004952] -> 0x6C3E
[4697] [M]: 0x0000000080004950 (0x6C3E8E93) addi t4, t4, 1731
x29 <- 0xFFFFFFFFFFD2BEC3
mem[X,0x0000000080004954] -> 0x9E93
mem[X,0x0000000080004956] -> 0x00AE
[4698] [M]: 0x0000000080004954 (0x00AE9E93) slli t4, t4, 10
x29 <- 0xFFFFFFFF4AFB0C00
mem[X,0x0000000080004958] -> 0x8E93
mem[X,0x000000008000495A] -> 0x0CDE
[4699] [M]: 0x0000000080004958 (0x0CDE8E93) addi t4, t4, 205
x29 <- 0xFFFFFFFF4AFB0CCD
clint::tick mtime <- 0x000000000000002F
 clint timer pending at mtime 0x000000000000002F
htif::tick 0x0000000000000000
mem[X,0x000000008000495C] -> 0x4FB3
mem[X,0x000000008000495E] -> 0x03DF
[4700] [M]: 0x000000008000495C (0x03DF4FB3) div t6, t5, t4
x31 <- 0xFFFFFFFFB7979EB8
mem[X,0x0000000080004960] -> 0xB423
mem[X,0x0000000080004962] -> 0x0BF6
[4701] [M]: 0x0000000080004960 (0x0BF6B423) sd t6, 168(a3)
mem[0x000000008000DC28] <- 0xFFFFFFFFB7979EB8
mem[X,0x0000000080004964] -> 0x3F37
mem[X,0x0000000080004966] -> 0x3333
[4702] [M]: 0x0000000080004964 (0x33333F37) lui t5, 209715
x30 <- 0x0000000033333000
mem[X,0x0000000080004968] -> 0x0F13
mem[X,0x000000008000496A] -> 0x333F
[4703] [M]: 0x0000000080004968 (0x333F0F13) addi t5, t5, 819
x30 <- 0x0000000033333333
mem[X,0x000000008000496C] -> 0x1F13
mem[X,0x000000008000496E] -> 0x00BF
[4704] [M]: 0x000000008000496C (0x00BF1F13) slli t5, t5, 11
x30 <- 0x0000019999999800
mem[X,0x0000000080004970] -> 0x0F13
mem[X,0x0000000080004972] -> 0x199F
[4705] [M]: 0x0000000080004970 (0x199F0F13) addi t5, t5, 409
x30 <- 0x0000019999999999
mem[X,0x0000000080004974] -> 0x1F13
mem[X,0x0000000080004976] -> 0x00BF
[4706] [M]: 0x0000000080004974 (0x00BF1F13) slli t5, t5, 11
x30 <- 0x000CCCCCCCCCC800
mem[X,0x0000000080004978] -> 0x0F13
mem[X,0x000000008000497A] -> 0x4CCF
[4707] [M]: 0x0000000080004978 (0x4CCF0F13) addi t5, t5, 1228
x30 <- 0x000CCCCCCCCCCCCC
mem[X,0x000000008000497C] -> 0x1F13
mem[X,0x000000008000497E] -> 0x00AF
[4708] [M]: 0x000000008000497C (0x00AF1F13) slli t5, t5, 10
x30 <- 0x3333333333333000
mem[X,0x0000000080004980] -> 0x0F13
mem[X,0x0000000080004982] -> 0x333F
[4709] [M]: 0x0000000080004980 (0x333F0F13) addi t5, t5, 819
x30 <- 0x3333333333333333
mem[X,0x0000000080004984] -> 0x0EB7
mem[X,0x0000000080004986] -> 0x0000
[4710] [M]: 0x0000000080004984 (0x00000EB7) lui t4, 0
x29 <- 0x0000000000000000
mem[X,0x0000000080004988] -> 0x8E93
mem[X,0x000000008000498A] -> 0x000E
[4711] [M]: 0x0000000080004988 (0x000E8E93) addi t4, t4, 0
x29 <- 0x0000000000000000
mem[X,0x000000008000498C] -> 0x9E93
mem[X,0x000000008000498E] -> 0x00BE
[4712] [M]: 0x000000008000498C (0x00BE9E93) slli t4, t4, 11
x29 <- 0x0000000000000000
mem[X,0x0000000080004990] -> 0x8E93
mem[X,0x0000000080004992] -> 0x5A8E
[4713] [M]: 0x0000000080004990 (0x5A8E8E93) addi t4, t4, 1448
x29 <- 0x00000000000005A8
mem[X,0x0000000080004994] -> 0x9E93
mem[X,0x0000000080004996] -> 0x00BE
[4714] [M]: 0x0000000080004994 (0x00BE9E93) slli t4, t4, 11
x29 <- 0x00000000002D4000
mem[X,0x0000000080004998] -> 0x8E93
mem[X,0x000000008000499A] -> 0x13CE
[4715] [M]: 0x0000000080004998 (0x13CE8E93) addi t4, t4, 316
x29 <- 0x00000000002D413C
mem[X,0x000000008000499C] -> 0x9E93
mem[X,0x000000008000499E] -> 0x00AE
[4716] [M]: 0x000000008000499C (0x00AE9E93) slli t4, t4, 10
x29 <- 0x00000000B504F000
mem[X,0x00000000800049A0] -> 0x8E93
mem[X,0x00000000800049A2] -> 0x333E
[4717] [M]: 0x00000000800049A0 (0x333E8E93) addi t4, t4, 819
x29 <- 0x00000000B504F333
mem[X,0x00000000800049A4] -> 0x4FB3
mem[X,0x00000000800049A6] -> 0x03DF
[4718] [M]: 0x00000000800049A4 (0x03DF4FB3) div t6, t5, t4
x31 <- 0x0000000048686148
mem[X,0x00000000800049A8] -> 0xB823
mem[X,0x00000000800049AA] -> 0x0BF6
[4719] [M]: 0x00000000800049A8 (0x0BF6B823) sd t6, 176(a3)
mem[0x000000008000DC30] <- 0x0000000048686148
mem[X,0x00000000800049AC] -> 0x3F37
mem[X,0x00000000800049AE] -> 0x3333
[4720] [M]: 0x00000000800049AC (0x33333F37) lui t5, 209715
x30 <- 0x0000000033333000
mem[X,0x00000000800049B0] -> 0x0F13
mem[X,0x00000000800049B2] -> 0x333F
[4721] [M]: 0x00000000800049B0 (0x333F0F13) addi t5, t5, 819
x30 <- 0x0000000033333333
mem[X,0x00000000800049B4] -> 0x1F13
mem[X,0x00000000800049B6] -> 0x00BF
[4722] [M]: 0x00000000800049B4 (0x00BF1F13) slli t5, t5, 11
x30 <- 0x0000019999999800
mem[X,0x00000000800049B8] -> 0x0F13
mem[X,0x00000000800049BA] -> 0x199F
[4723] [M]: 0x00000000800049B8 (0x199F0F13) addi t5, t5, 409
x30 <- 0x0000019999999999
mem[X,0x00000000800049BC] -> 0x1F13
mem[X,0x00000000800049BE] -> 0x00BF
[4724] [M]: 0x00000000800049BC (0x00BF1F13) slli t5, t5, 11
x30 <- 0x000CCCCCCCCCC800
mem[X,0x00000000800049C0] -> 0x0F13
mem[X,0x00000000800049C2] -> 0x4CCF
[4725] [M]: 0x00000000800049C0 (0x4CCF0F13) addi t5, t5, 1228
x30 <- 0x000CCCCCCCCCCCCC
mem[X,0x00000000800049C4] -> 0x1F13
mem[X,0x00000000800049C6] -> 0x00AF
[4726] [M]: 0x00000000800049C4 (0x00AF1F13) slli t5, t5, 10
x30 <- 0x3333333333333000
mem[X,0x00000000800049C8] -> 0x0F13
mem[X,0x00000000800049CA] -> 0x333F
[4727] [M]: 0x00000000800049C8 (0x333F0F13) addi t5, t5, 819
x30 <- 0x3333333333333333
mem[X,0x00000000800049CC] -> 0x0E93
mem[X,0x00000000800049CE] -> 0x0020
[4728] [M]: 0x00000000800049CC (0x00200E93) addi t4, zero, 2
x29 <- 0x0000000000000002
mem[X,0x00000000800049D0] -> 0x4FB3
mem[X,0x00000000800049D2] -> 0x03DF
[4729] [M]: 0x00000000800049D0 (0x03DF4FB3) div t6, t5, t4
x31 <- 0x1999999999999999
mem[X,0x00000000800049D4] -> 0xBC23
mem[X,0x00000000800049D6] -> 0x0BF6
[4730] [M]: 0x00000000800049D4 (0x0BF6BC23) sd t6, 184(a3)
mem[0x000000008000DC38] <- 0x1999999999999999
mem[X,0x00000000800049D8] -> 0x3F37
mem[X,0x00000000800049DA] -> 0x3333
[4731] [M]: 0x00000000800049D8 (0x33333F37) lui t5, 209715
x30 <- 0x0000000033333000
mem[X,0x00000000800049DC] -> 0x0F13
mem[X,0x00000000800049DE] -> 0x333F
[4732] [M]: 0x00000000800049DC (0x333F0F13) addi t5, t5, 819
x30 <- 0x0000000033333333
mem[X,0x00000000800049E0] -> 0x1F13
mem[X,0x00000000800049E2] -> 0x00BF
[4733] [M]: 0x00000000800049E0 (0x00BF1F13) slli t5, t5, 11
x30 <- 0x0000019999999800
mem[X,0x00000000800049E4] -> 0x0F13
mem[X,0x00000000800049E6] -> 0x199F
[4734] [M]: 0x00000000800049E4 (0x199F0F13) addi t5, t5, 409
x30 <- 0x0000019999999999
mem[X,0x00000000800049E8] -> 0x1F13
mem[X,0x00000000800049EA] -> 0x00BF
[4735] [M]: 0x00000000800049E8 (0x00BF1F13) slli t5, t5, 11
x30 <- 0x000CCCCCCCCCC800
mem[X,0x00000000800049EC] -> 0x0F13
mem[X,0x00000000800049EE] -> 0x4CCF
[4736] [M]: 0x00000000800049EC (0x4CCF0F13) addi t5, t5, 1228
x30 <- 0x000CCCCCCCCCCCCC
mem[X,0x00000000800049F0] -> 0x1F13
mem[X,0x00000000800049F2] -> 0x00AF
[4737] [M]: 0x00000000800049F0 (0x00AF1F13) slli t5, t5, 10
x30 <- 0x3333333333333000
mem[X,0x00000000800049F4] -> 0x0F13
mem[X,0x00000000800049F6] -> 0x333F
[4738] [M]: 0x00000000800049F4 (0x333F0F13) addi t5, t5, 819
x30 <- 0x3333333333333333
mem[X,0x00000000800049F8] -> 0x5EB7
mem[X,0x00000000800049FA] -> 0x5555
[4739] [M]: 0x00000000800049F8 (0x55555EB7) lui t4, 349525
x29 <- 0x0000000055555000
mem[X,0x00000000800049FC] -> 0x8E93
mem[X,0x00000000800049FE] -> 0x555E
[4740] [M]: 0x00000000800049FC (0x555E8E93) addi t4, t4, 1365
x29 <- 0x0000000055555555
mem[X,0x0000000080004A00] -> 0x9E93
mem[X,0x0000000080004A02] -> 0x00BE
[4741] [M]: 0x0000000080004A00 (0x00BE9E93) slli t4, t4, 11
x29 <- 0x000002AAAAAAA800
mem[X,0x0000000080004A04] -> 0x8E93
mem[X,0x0000000080004A06] -> 0x2AAE
[4742] [M]: 0x0000000080004A04 (0x2AAE8E93) addi t4, t4, 682
x29 <- 0x000002AAAAAAAAAA
mem[X,0x0000000080004A08] -> 0x9E93
mem[X,0x0000000080004A0A] -> 0x00BE
[4743] [M]: 0x0000000080004A08 (0x00BE9E93) slli t4, t4, 11
x29 <- 0x0015555555555000
mem[X,0x0000000080004A0C] -> 0x8E93
mem[X,0x0000000080004A0E] -> 0x555E
[4744] [M]: 0x0000000080004A0C (0x555E8E93) addi t4, t4, 1365
x29 <- 0x0015555555555555
mem[X,0x0000000080004A10] -> 0x9E93
mem[X,0x0000000080004A12] -> 0x00AE
[4745] [M]: 0x0000000080004A10 (0x00AE9E93) slli t4, t4, 10
x29 <- 0x5555555555555400
mem[X,0x0000000080004A14] -> 0x8E93
mem[X,0x0000000080004A16] -> 0x154E
[4746] [M]: 0x0000000080004A14 (0x154E8E93) addi t4, t4, 340
x29 <- 0x5555555555555554
mem[X,0x0000000080004A18] -> 0x4FB3
mem[X,0x0000000080004A1A] -> 0x03DF
[4747] [M]: 0x0000000080004A18 (0x03DF4FB3) div t6, t5, t4
x31 <- 0x0000000000000000
mem[X,0x0000000080004A1C] -> 0xB023
mem[X,0x0000000080004A1E] -> 0x0DF6
[4748] [M]: 0x0000000080004A1C (0x0DF6B023) sd t6, 192(a3)
mem[0x000000008000DC40] <- 0x0000000000000000
mem[X,0x0000000080004A20] -> 0x3F37
mem[X,0x0000000080004A22] -> 0x3333
[4749] [M]: 0x0000000080004A20 (0x33333F37) lui t5, 209715
x30 <- 0x0000000033333000
mem[X,0x0000000080004A24] -> 0x0F13
mem[X,0x0000000080004A26] -> 0x333F
[4750] [M]: 0x0000000080004A24 (0x333F0F13) addi t5, t5, 819
x30 <- 0x0000000033333333
mem[X,0x0000000080004A28] -> 0x1F13
mem[X,0x0000000080004A2A] -> 0x00BF
[4751] [M]: 0x0000000080004A28 (0x00BF1F13) slli t5, t5, 11
x30 <- 0x0000019999999800
mem[X,0x0000000080004A2C] -> 0x0F13
mem[X,0x0000000080004A2E] -> 0x199F
[4752] [M]: 0x0000000080004A2C (0x199F0F13) addi t5, t5, 409
x30 <- 0x0000019999999999
mem[X,0x0000000080004A30] -> 0x1F13
mem[X,0x0000000080004A32] -> 0x00BF
[4753] [M]: 0x0000000080004A30 (0x00BF1F13) slli t5, t5, 11
x30 <- 0x000CCCCCCCCCC800
mem[X,0x0000000080004A34] -> 0x0F13
mem[X,0x0000000080004A36] -> 0x4CCF
[4754] [M]: 0x0000000080004A34 (0x4CCF0F13) addi t5, t5, 1228
x30 <- 0x000CCCCCCCCCCCCC
mem[X,0x0000000080004A38] -> 0x1F13
mem[X,0x0000000080004A3A] -> 0x00AF
[4755] [M]: 0x0000000080004A38 (0x00AF1F13) slli t5, t5, 10
x30 <- 0x3333333333333000
mem[X,0x0000000080004A3C] -> 0x0F13
mem[X,0x0000000080004A3E] -> 0x333F
[4756] [M]: 0x0000000080004A3C (0x333F0F13) addi t5, t5, 819
x30 <- 0x3333333333333333
mem[X,0x0000000080004A40] -> 0x3EB7
mem[X,0x0000000080004A42] -> 0x3333
[4757] [M]: 0x0000000080004A40 (0x33333EB7) lui t4, 209715
x29 <- 0x0000000033333000
mem[X,0x0000000080004A44] -> 0x8E93
mem[X,0x0000000080004A46] -> 0x333E
[4758] [M]: 0x0000000080004A44 (0x333E8E93) addi t4, t4, 819
x29 <- 0x0000000033333333
mem[X,0x0000000080004A48] -> 0x9E93
mem[X,0x0000000080004A4A] -> 0x00BE
[4759] [M]: 0x0000000080004A48 (0x00BE9E93) slli t4, t4, 11
x29 <- 0x0000019999999800
mem[X,0x0000000080004A4C] -> 0x8E93
mem[X,0x0000000080004A4E] -> 0x199E
[4760] [M]: 0x0000000080004A4C (0x199E8E93) addi t4, t4, 409
x29 <- 0x0000019999999999
mem[X,0x0000000080004A50] -> 0x9E93
mem[X,0x0000000080004A52] -> 0x00BE
[4761] [M]: 0x0000000080004A50 (0x00BE9E93) slli t4, t4, 11
x29 <- 0x000CCCCCCCCCC800
mem[X,0x0000000080004A54] -> 0x8E93
mem[X,0x0000000080004A56] -> 0x4CCE
[4762] [M]: 0x0000000080004A54 (0x4CCE8E93) addi t4, t4, 1228
x29 <- 0x000CCCCCCCCCCCCC
mem[X,0x0000000080004A58] -> 0x9E93
mem[X,0x0000000080004A5A] -> 0x00AE
[4763] [M]: 0x0000000080004A58 (0x00AE9E93) slli t4, t4, 10
x29 <- 0x3333333333333000
mem[X,0x0000000080004A5C] -> 0x8E93
mem[X,0x0000000080004A5E] -> 0x332E
[4764] [M]: 0x0000000080004A5C (0x332E8E93) addi t4, t4, 818
x29 <- 0x3333333333333332
mem[X,0x0000000080004A60] -> 0x4FB3
mem[X,0x0000000080004A62] -> 0x03DF
[4765] [M]: 0x0000000080004A60 (0x03DF4FB3) div t6, t5, t4
x31 <- 0x0000000000000001
mem[X,0x0000000080004A64] -> 0xB423
mem[X,0x0000000080004A66] -> 0x0DF6
[4766] [M]: 0x0000000080004A64 (0x0DF6B423) sd t6, 200(a3)
mem[0x000000008000DC48] <- 0x0000000000000001
mem[X,0x0000000080004A68] -> 0x3F37
mem[X,0x0000000080004A6A] -> 0x3333
[4767] [M]: 0x0000000080004A68 (0x33333F37) lui t5, 209715
x30 <- 0x0000000033333000
mem[X,0x0000000080004A6C] -> 0x0F13
mem[X,0x0000000080004A6E] -> 0x333F
[4768] [M]: 0x0000000080004A6C (0x333F0F13) addi t5, t5, 819
x30 <- 0x0000000033333333
mem[X,0x0000000080004A70] -> 0x1F13
mem[X,0x0000000080004A72] -> 0x00BF
[4769] [M]: 0x0000000080004A70 (0x00BF1F13) slli t5, t5, 11
x30 <- 0x0000019999999800
mem[X,0x0000000080004A74] -> 0x0F13
mem[X,0x0000000080004A76] -> 0x199F
[4770] [M]: 0x0000000080004A74 (0x199F0F13) addi t5, t5, 409
x30 <- 0x0000019999999999
mem[X,0x0000000080004A78] -> 0x1F13
mem[X,0x0000000080004A7A] -> 0x00BF
[4771] [M]: 0x0000000080004A78 (0x00BF1F13) slli t5, t5, 11
x30 <- 0x000CCCCCCCCCC800
mem[X,0x0000000080004A7C] -> 0x0F13
mem[X,0x0000000080004A7E] -> 0x4CCF
[4772] [M]: 0x0000000080004A7C (0x4CCF0F13) addi t5, t5, 1228
x30 <- 0x000CCCCCCCCCCCCC
mem[X,0x0000000080004A80] -> 0x1F13
mem[X,0x0000000080004A82] -> 0x00AF
[4773] [M]: 0x0000000080004A80 (0x00AF1F13) slli t5, t5, 10
x30 <- 0x3333333333333000
mem[X,0x0000000080004A84] -> 0x0F13
mem[X,0x0000000080004A86] -> 0x333F
[4774] [M]: 0x0000000080004A84 (0x333F0F13) addi t5, t5, 819
x30 <- 0x3333333333333333
mem[X,0x0000000080004A88] -> 0x6EB7
mem[X,0x0000000080004A8A] -> 0x6666
[4775] [M]: 0x0000000080004A88 (0x66666EB7) lui t4, 419430
x29 <- 0x0000000066666000
mem[X,0x0000000080004A8C] -> 0x8E93
mem[X,0x0000000080004A8E] -> 0x666E
[4776] [M]: 0x0000000080004A8C (0x666E8E93) addi t4, t4, 1638
x29 <- 0x0000000066666666
mem[X,0x0000000080004A90] -> 0x9E93
mem[X,0x0000000080004A92] -> 0x00BE
[4777] [M]: 0x0000000080004A90 (0x00BE9E93) slli t4, t4, 11
x29 <- 0x0000033333333000
mem[X,0x0000000080004A94] -> 0x8E93
mem[X,0x0000000080004A96] -> 0x333E
[4778] [M]: 0x0000000080004A94 (0x333E8E93) addi t4, t4, 819
x29 <- 0x0000033333333333
mem[X,0x0000000080004A98] -> 0x9E93
mem[X,0x0000000080004A9A] -> 0x00BE
[4779] [M]: 0x0000000080004A98 (0x00BE9E93) slli t4, t4, 11
x29 <- 0x0019999999999800
mem[X,0x0000000080004A9C] -> 0x8E93
mem[X,0x0000000080004A9E] -> 0x199E
[4780] [M]: 0x0000000080004A9C (0x199E8E93) addi t4, t4, 409
x29 <- 0x0019999999999999
mem[X,0x0000000080004AA0] -> 0x9E93
mem[X,0x0000000080004AA2] -> 0x00AE
[4781] [M]: 0x0000000080004AA0 (0x00AE9E93) slli t4, t4, 10
x29 <- 0x6666666666666400
mem[X,0x0000000080004AA4] -> 0x8E93
mem[X,0x0000000080004AA6] -> 0x265E
[4782] [M]: 0x0000000080004AA4 (0x265E8E93) addi t4, t4, 613
x29 <- 0x6666666666666665
mem[X,0x0000000080004AA8] -> 0x4FB3
mem[X,0x0000000080004AAA] -> 0x03DF
[4783] [M]: 0x0000000080004AA8 (0x03DF4FB3) div t6, t5, t4
x31 <- 0x0000000000000000
mem[X,0x0000000080004AAC] -> 0xB823
mem[X,0x0000000080004AAE] -> 0x0DF6
[4784] [M]: 0x0000000080004AAC (0x0DF6B823) sd t6, 208(a3)
mem[0x000000008000DC50] <- 0x0000000000000000
mem[X,0x0000000080004AB0] -> 0x3F37
mem[X,0x0000000080004AB2] -> 0x3333
[4785] [M]: 0x0000000080004AB0 (0x33333F37) lui t5, 209715
x30 <- 0x0000000033333000
mem[X,0x0000000080004AB4] -> 0x0F13
mem[X,0x0000000080004AB6] -> 0x333F
[4786] [M]: 0x0000000080004AB4 (0x333F0F13) addi t5, t5, 819
x30 <- 0x0000000033333333
mem[X,0x0000000080004AB8] -> 0x1F13
mem[X,0x0000000080004ABA] -> 0x00BF
[4787] [M]: 0x0000000080004AB8 (0x00BF1F13) slli t5, t5, 11
x30 <- 0x0000019999999800
mem[X,0x0000000080004ABC] -> 0x0F13
mem[X,0x0000000080004ABE] -> 0x199F
[4788] [M]: 0x0000000080004ABC (0x199F0F13) addi t5, t5, 409
x30 <- 0x0000019999999999
mem[X,0x0000000080004AC0] -> 0x1F13
mem[X,0x0000000080004AC2] -> 0x00BF
[4789] [M]: 0x0000000080004AC0 (0x00BF1F13) slli t5, t5, 11
x30 <- 0x000CCCCCCCCCC800
mem[X,0x0000000080004AC4] -> 0x0F13
mem[X,0x0000000080004AC6] -> 0x4CCF
[4790] [M]: 0x0000000080004AC4 (0x4CCF0F13) addi t5, t5, 1228
x30 <- 0x000CCCCCCCCCCCCC
mem[X,0x0000000080004AC8] -> 0x1F13
mem[X,0x0000000080004ACA] -> 0x00AF
[4791] [M]: 0x0000000080004AC8 (0x00AF1F13) slli t5, t5, 10
x30 <- 0x3333333333333000
mem[X,0x0000000080004ACC] -> 0x0F13
mem[X,0x0000000080004ACE] -> 0x333F
[4792] [M]: 0x0000000080004ACC (0x333F0F13) addi t5, t5, 819
x30 <- 0x3333333333333333
mem[X,0x0000000080004AD0] -> 0x0E93
mem[X,0x0000000080004AD2] -> 0x0000
[4793] [M]: 0x0000000080004AD0 (0x00000E93) addi t4, zero, 0
x29 <- 0x0000000000000000
mem[X,0x0000000080004AD4] -> 0x4FB3
mem[X,0x0000000080004AD6] -> 0x03DF
[4794] [M]: 0x0000000080004AD4 (0x03DF4FB3) div t6, t5, t4
x31 <- 0xFFFFFFFFFFFFFFFF
mem[X,0x0000000080004AD8] -> 0xBC23
mem[X,0x0000000080004ADA] -> 0x0DF6
[4795] [M]: 0x0000000080004AD8 (0x0DF6BC23) sd t6, 216(a3)
mem[0x000000008000DC58] <- 0xFFFFFFFFFFFFFFFF
mem[X,0x0000000080004ADC] -> 0x3F37
mem[X,0x0000000080004ADE] -> 0x3333
[4796] [M]: 0x0000000080004ADC (0x33333F37) lui t5, 209715
x30 <- 0x0000000033333000
mem[X,0x0000000080004AE0] -> 0x0F13
mem[X,0x0000000080004AE2] -> 0x333F
[4797] [M]: 0x0000000080004AE0 (0x333F0F13) addi t5, t5, 819
x30 <- 0x0000000033333333
mem[X,0x0000000080004AE4] -> 0x1F13
mem[X,0x0000000080004AE6] -> 0x00BF
[4798] [M]: 0x0000000080004AE4 (0x00BF1F13) slli t5, t5, 11
x30 <- 0x0000019999999800
mem[X,0x0000000080004AE8] -> 0x0F13
mem[X,0x0000000080004AEA] -> 0x199F
[4799] [M]: 0x0000000080004AE8 (0x199F0F13) addi t5, t5, 409
x30 <- 0x0000019999999999
clint::tick mtime <- 0x0000000000000030
 clint timer pending at mtime 0x0000000000000030
htif::tick 0x0000000000000000
mem[X,0x0000000080004AEC] -> 0x1F13
mem[X,0x0000000080004AEE] -> 0x00BF
[4800] [M]: 0x0000000080004AEC (0x00BF1F13) slli t5, t5, 11
x30 <- 0x000CCCCCCCCCC800
mem[X,0x0000000080004AF0] -> 0x0F13
mem[X,0x0000000080004AF2] -> 0x4CCF
[4801] [M]: 0x0000000080004AF0 (0x4CCF0F13) addi t5, t5, 1228
x30 <- 0x000CCCCCCCCCCCCC
mem[X,0x0000000080004AF4] -> 0x1F13
mem[X,0x0000000080004AF6] -> 0x00AF
[4802] [M]: 0x0000000080004AF4 (0x00AF1F13) slli t5, t5, 10
x30 <- 0x3333333333333000
mem[X,0x0000000080004AF8] -> 0x0F13
mem[X,0x0000000080004AFA] -> 0x333F
[4803] [M]: 0x0000000080004AF8 (0x333F0F13) addi t5, t5, 819
x30 <- 0x3333333333333333
mem[X,0x0000000080004AFC] -> 0x0EB7
mem[X,0x0000000080004AFE] -> 0x0000
[4804] [M]: 0x0000000080004AFC (0x00000EB7) lui t4, 0
x29 <- 0x0000000000000000
mem[X,0x0000000080004B00] -> 0x8E93
mem[X,0x0000000080004B02] -> 0x000E
[4805] [M]: 0x0000000080004B00 (0x000E8E93) addi t4, t4, 0
x29 <- 0x0000000000000000
mem[X,0x0000000080004B04] -> 0x9E93
mem[X,0x0000000080004B06] -> 0x00BE
[4806] [M]: 0x0000000080004B04 (0x00BE9E93) slli t4, t4, 11
x29 <- 0x0000000000000000
mem[X,0x0000000080004B08] -> 0x8E93
mem[X,0x0000000080004B0A] -> 0x5A8E
[4807] [M]: 0x0000000080004B08 (0x5A8E8E93) addi t4, t4, 1448
x29 <- 0x00000000000005A8
mem[X,0x0000000080004B0C] -> 0x9E93
mem[X,0x0000000080004B0E] -> 0x00BE
[4808] [M]: 0x0000000080004B0C (0x00BE9E93) slli t4, t4, 11
x29 <- 0x00000000002D4000
mem[X,0x0000000080004B10] -> 0x8E93
mem[X,0x0000000080004B12] -> 0x13CE
[4809] [M]: 0x0000000080004B10 (0x13CE8E93) addi t4, t4, 316
x29 <- 0x00000000002D413C
mem[X,0x0000000080004B14] -> 0x9E93
mem[X,0x0000000080004B16] -> 0x00AE
[4810] [M]: 0x0000000080004B14 (0x00AE9E93) slli t4, t4, 10
x29 <- 0x00000000B504F000
mem[X,0x0000000080004B18] -> 0x8E93
mem[X,0x0000000080004B1A] -> 0x332E
[4811] [M]: 0x0000000080004B18 (0x332E8E93) addi t4, t4, 818
x29 <- 0x00000000B504F332
mem[X,0x0000000080004B1C] -> 0x4FB3
mem[X,0x0000000080004B1E] -> 0x03DF
[4812] [M]: 0x0000000080004B1C (0x03DF4FB3) div t6, t5, t4
x31 <- 0x0000000048686148
mem[X,0x0000000080004B20] -> 0xB023
mem[X,0x0000000080004B22] -> 0x0FF6
[4813] [M]: 0x0000000080004B20 (0x0FF6B023) sd t6, 224(a3)
mem[0x000000008000DC60] <- 0x0000000048686148
mem[X,0x0000000080004B24] -> 0x3F37
mem[X,0x0000000080004B26] -> 0x3333
[4814] [M]: 0x0000000080004B24 (0x33333F37) lui t5, 209715
x30 <- 0x0000000033333000
mem[X,0x0000000080004B28] -> 0x0F13
mem[X,0x0000000080004B2A] -> 0x333F
[4815] [M]: 0x0000000080004B28 (0x333F0F13) addi t5, t5, 819
x30 <- 0x0000000033333333
mem[X,0x0000000080004B2C] -> 0x1F13
mem[X,0x0000000080004B2E] -> 0x00BF
[4816] [M]: 0x0000000080004B2C (0x00BF1F13) slli t5, t5, 11
x30 <- 0x0000019999999800
mem[X,0x0000000080004B30] -> 0x0F13
mem[X,0x0000000080004B32] -> 0x199F
[4817] [M]: 0x0000000080004B30 (0x199F0F13) addi t5, t5, 409
x30 <- 0x0000019999999999
mem[X,0x0000000080004B34] -> 0x1F13
mem[X,0x0000000080004B36] -> 0x00BF
[4818] [M]: 0x0000000080004B34 (0x00BF1F13) slli t5, t5, 11
x30 <- 0x000CCCCCCCCCC800
mem[X,0x0000000080004B38] -> 0x0F13
mem[X,0x0000000080004B3A] -> 0x4CCF
[4819] [M]: 0x0000000080004B38 (0x4CCF0F13) addi t5, t5, 1228
x30 <- 0x000CCCCCCCCCCCCC
mem[X,0x0000000080004B3C] -> 0x1F13
mem[X,0x0000000080004B3E] -> 0x00AF
[4820] [M]: 0x0000000080004B3C (0x00AF1F13) slli t5, t5, 10
x30 <- 0x3333333333333000
mem[X,0x0000000080004B40] -> 0x0F13
mem[X,0x0000000080004B42] -> 0x333F
[4821] [M]: 0x0000000080004B40 (0x333F0F13) addi t5, t5, 819
x30 <- 0x3333333333333333
mem[X,0x0000000080004B44] -> 0x0E93
mem[X,0x0000000080004B46] -> 0x0040
[4822] [M]: 0x0000000080004B44 (0x00400E93) addi t4, zero, 4
x29 <- 0x0000000000000004
mem[X,0x0000000080004B48] -> 0x4FB3
mem[X,0x0000000080004B4A] -> 0x03DF
[4823] [M]: 0x0000000080004B48 (0x03DF4FB3) div t6, t5, t4
x31 <- 0x0CCCCCCCCCCCCCCC
mem[X,0x0000000080004B4C] -> 0xB423
mem[X,0x0000000080004B4E] -> 0x0FF6
[4824] [M]: 0x0000000080004B4C (0x0FF6B423) sd t6, 232(a3)
mem[0x000000008000DC68] <- 0x0CCCCCCCCCCCCCCC
mem[X,0x0000000080004B50] -> 0x3F37
mem[X,0x0000000080004B52] -> 0x3333
[4825] [M]: 0x0000000080004B50 (0x33333F37) lui t5, 209715
x30 <- 0x0000000033333000
mem[X,0x0000000080004B54] -> 0x0F13
mem[X,0x0000000080004B56] -> 0x333F
[4826] [M]: 0x0000000080004B54 (0x333F0F13) addi t5, t5, 819
x30 <- 0x0000000033333333
mem[X,0x0000000080004B58] -> 0x1F13
mem[X,0x0000000080004B5A] -> 0x00BF
[4827] [M]: 0x0000000080004B58 (0x00BF1F13) slli t5, t5, 11
x30 <- 0x0000019999999800
mem[X,0x0000000080004B5C] -> 0x0F13
mem[X,0x0000000080004B5E] -> 0x199F
[4828] [M]: 0x0000000080004B5C (0x199F0F13) addi t5, t5, 409
x30 <- 0x0000019999999999
mem[X,0x0000000080004B60] -> 0x1F13
mem[X,0x0000000080004B62] -> 0x00BF
[4829] [M]: 0x0000000080004B60 (0x00BF1F13) slli t5, t5, 11
x30 <- 0x000CCCCCCCCCC800
mem[X,0x0000000080004B64] -> 0x0F13
mem[X,0x0000000080004B66] -> 0x4CCF
[4830] [M]: 0x0000000080004B64 (0x4CCF0F13) addi t5, t5, 1228
x30 <- 0x000CCCCCCCCCCCCC
mem[X,0x0000000080004B68] -> 0x1F13
mem[X,0x0000000080004B6A] -> 0x00AF
[4831] [M]: 0x0000000080004B68 (0x00AF1F13) slli t5, t5, 10
x30 <- 0x3333333333333000
mem[X,0x0000000080004B6C] -> 0x0F13
mem[X,0x0000000080004B6E] -> 0x333F
[4832] [M]: 0x0000000080004B6C (0x333F0F13) addi t5, t5, 819
x30 <- 0x3333333333333333
mem[X,0x0000000080004B70] -> 0x5EB7
mem[X,0x0000000080004B72] -> 0x5555
[4833] [M]: 0x0000000080004B70 (0x55555EB7) lui t4, 349525
x29 <- 0x0000000055555000
mem[X,0x0000000080004B74] -> 0x8E93
mem[X,0x0000000080004B76] -> 0x555E
[4834] [M]: 0x0000000080004B74 (0x555E8E93) addi t4, t4, 1365
x29 <- 0x0000000055555555
mem[X,0x0000000080004B78] -> 0x9E93
mem[X,0x0000000080004B7A] -> 0x00BE
[4835] [M]: 0x0000000080004B78 (0x00BE9E93) slli t4, t4, 11
x29 <- 0x000002AAAAAAA800
mem[X,0x0000000080004B7C] -> 0x8E93
mem[X,0x0000000080004B7E] -> 0x2AAE
[4836] [M]: 0x0000000080004B7C (0x2AAE8E93) addi t4, t4, 682
x29 <- 0x000002AAAAAAAAAA
mem[X,0x0000000080004B80] -> 0x9E93
mem[X,0x0000000080004B82] -> 0x00BE
[4837] [M]: 0x0000000080004B80 (0x00BE9E93) slli t4, t4, 11
x29 <- 0x0015555555555000
mem[X,0x0000000080004B84] -> 0x8E93
mem[X,0x0000000080004B86] -> 0x555E
[4838] [M]: 0x0000000080004B84 (0x555E8E93) addi t4, t4, 1365
x29 <- 0x0015555555555555
mem[X,0x0000000080004B88] -> 0x9E93
mem[X,0x0000000080004B8A] -> 0x00AE
[4839] [M]: 0x0000000080004B88 (0x00AE9E93) slli t4, t4, 10
x29 <- 0x5555555555555400
mem[X,0x0000000080004B8C] -> 0x8E93
mem[X,0x0000000080004B8E] -> 0x156E
[4840] [M]: 0x0000000080004B8C (0x156E8E93) addi t4, t4, 342
x29 <- 0x5555555555555556
mem[X,0x0000000080004B90] -> 0x4FB3
mem[X,0x0000000080004B92] -> 0x03DF
[4841] [M]: 0x0000000080004B90 (0x03DF4FB3) div t6, t5, t4
x31 <- 0x0000000000000000
mem[X,0x0000000080004B94] -> 0xB823
mem[X,0x0000000080004B96] -> 0x0FF6
[4842] [M]: 0x0000000080004B94 (0x0FF6B823) sd t6, 240(a3)
mem[0x000000008000DC70] <- 0x0000000000000000
mem[X,0x0000000080004B98] -> 0x3F37
mem[X,0x0000000080004B9A] -> 0x3333
[4843] [M]: 0x0000000080004B98 (0x33333F37) lui t5, 209715
x30 <- 0x0000000033333000
mem[X,0x0000000080004B9C] -> 0x0F13
mem[X,0x0000000080004B9E] -> 0x333F
[4844] [M]: 0x0000000080004B9C (0x333F0F13) addi t5, t5, 819
x30 <- 0x0000000033333333
mem[X,0x0000000080004BA0] -> 0x1F13
mem[X,0x0000000080004BA2] -> 0x00BF
[4845] [M]: 0x0000000080004BA0 (0x00BF1F13) slli t5, t5, 11
x30 <- 0x0000019999999800
mem[X,0x0000000080004BA4] -> 0x0F13
mem[X,0x0000000080004BA6] -> 0x199F
[4846] [M]: 0x0000000080004BA4 (0x199F0F13) addi t5, t5, 409
x30 <- 0x0000019999999999
mem[X,0x0000000080004BA8] -> 0x1F13
mem[X,0x0000000080004BAA] -> 0x00BF
[4847] [M]: 0x0000000080004BA8 (0x00BF1F13) slli t5, t5, 11
x30 <- 0x000CCCCCCCCCC800
mem[X,0x0000000080004BAC] -> 0x0F13
mem[X,0x0000000080004BAE] -> 0x4CCF
[4848] [M]: 0x0000000080004BAC (0x4CCF0F13) addi t5, t5, 1228
x30 <- 0x000CCCCCCCCCCCCC
mem[X,0x0000000080004BB0] -> 0x1F13
mem[X,0x0000000080004BB2] -> 0x00AF
[4849] [M]: 0x0000000080004BB0 (0x00AF1F13) slli t5, t5, 10
x30 <- 0x3333333333333000
mem[X,0x0000000080004BB4] -> 0x0F13
mem[X,0x0000000080004BB6] -> 0x333F
[4850] [M]: 0x0000000080004BB4 (0x333F0F13) addi t5, t5, 819
x30 <- 0x3333333333333333
mem[X,0x0000000080004BB8] -> 0xBEB7
mem[X,0x0000000080004BBA] -> 0xAAAA
[4851] [M]: 0x0000000080004BB8 (0xAAAABEB7) lui t4, 699051
x29 <- 0xFFFFFFFFAAAAB000
mem[X,0x0000000080004BBC] -> 0x8E93
mem[X,0x0000000080004BBE] -> 0xAAAE
[4852] [M]: 0x0000000080004BBC (0xAAAE8E93) addi t4, t4, 2730
x29 <- 0xFFFFFFFFAAAAAAAA
mem[X,0x0000000080004BC0] -> 0x9E93
mem[X,0x0000000080004BC2] -> 0x00BE
[4853] [M]: 0x0000000080004BC0 (0x00BE9E93) slli t4, t4, 11
x29 <- 0xFFFFFD5555555000
mem[X,0x0000000080004BC4] -> 0x8E93
mem[X,0x0000000080004BC6] -> 0x555E
[4854] [M]: 0x0000000080004BC4 (0x555E8E93) addi t4, t4, 1365
x29 <- 0xFFFFFD5555555555
mem[X,0x0000000080004BC8] -> 0x9E93
mem[X,0x0000000080004BCA] -> 0x00BE
[4855] [M]: 0x0000000080004BC8 (0x00BE9E93) slli t4, t4, 11
x29 <- 0xFFEAAAAAAAAAA800
mem[X,0x0000000080004BCC] -> 0x8E93
mem[X,0x0000000080004BCE] -> 0x2AAE
[4856] [M]: 0x0000000080004BCC (0x2AAE8E93) addi t4, t4, 682
x29 <- 0xFFEAAAAAAAAAAAAA
mem[X,0x0000000080004BD0] -> 0x9E93
mem[X,0x0000000080004BD2] -> 0x00AE
[4857] [M]: 0x0000000080004BD0 (0x00AE9E93) slli t4, t4, 10
x29 <- 0xAAAAAAAAAAAAA800
mem[X,0x0000000080004BD4] -> 0x8E93
mem[X,0x0000000080004BD6] -> 0x2ABE
[4858] [M]: 0x0000000080004BD4 (0x2ABE8E93) addi t4, t4, 683
x29 <- 0xAAAAAAAAAAAAAAAB
mem[X,0x0000000080004BD8] -> 0x4FB3
mem[X,0x0000000080004BDA] -> 0x03DF
[4859] [M]: 0x0000000080004BD8 (0x03DF4FB3) div t6, t5, t4
x31 <- 0x0000000000000000
mem[X,0x0000000080004BDC] -> 0xBC23
mem[X,0x0000000080004BDE] -> 0x0FF6
[4860] [M]: 0x0000000080004BDC (0x0FF6BC23) sd t6, 248(a3)
mem[0x000000008000DC78] <- 0x0000000000000000
mem[X,0x0000000080004BE0] -> 0x3F37
mem[X,0x0000000080004BE2] -> 0x3333
[4861] [M]: 0x0000000080004BE0 (0x33333F37) lui t5, 209715
x30 <- 0x0000000033333000
mem[X,0x0000000080004BE4] -> 0x0F13
mem[X,0x0000000080004BE6] -> 0x333F
[4862] [M]: 0x0000000080004BE4 (0x333F0F13) addi t5, t5, 819
x30 <- 0x0000000033333333
mem[X,0x0000000080004BE8] -> 0x1F13
mem[X,0x0000000080004BEA] -> 0x00BF
[4863] [M]: 0x0000000080004BE8 (0x00BF1F13) slli t5, t5, 11
x30 <- 0x0000019999999800
mem[X,0x0000000080004BEC] -> 0x0F13
mem[X,0x0000000080004BEE] -> 0x199F
[4864] [M]: 0x0000000080004BEC (0x199F0F13) addi t5, t5, 409
x30 <- 0x0000019999999999
mem[X,0x0000000080004BF0] -> 0x1F13
mem[X,0x0000000080004BF2] -> 0x00BF
[4865] [M]: 0x0000000080004BF0 (0x00BF1F13) slli t5, t5, 11
x30 <- 0x000CCCCCCCCCC800
mem[X,0x0000000080004BF4] -> 0x0F13
mem[X,0x0000000080004BF6] -> 0x4CCF
[4866] [M]: 0x0000000080004BF4 (0x4CCF0F13) addi t5, t5, 1228
x30 <- 0x000CCCCCCCCCCCCC
mem[X,0x0000000080004BF8] -> 0x1F13
mem[X,0x0000000080004BFA] -> 0x00AF
[4867] [M]: 0x0000000080004BF8 (0x00AF1F13) slli t5, t5, 10
x30 <- 0x3333333333333000
mem[X,0x0000000080004BFC] -> 0x0F13
mem[X,0x0000000080004BFE] -> 0x333F
[4868] [M]: 0x0000000080004BFC (0x333F0F13) addi t5, t5, 819
x30 <- 0x3333333333333333
mem[X,0x0000000080004C00] -> 0x0E93
mem[X,0x0000000080004C02] -> 0x0060
[4869] [M]: 0x0000000080004C00 (0x00600E93) addi t4, zero, 6
x29 <- 0x0000000000000006
mem[X,0x0000000080004C04] -> 0x4FB3
mem[X,0x0000000080004C06] -> 0x03DF
[4870] [M]: 0x0000000080004C04 (0x03DF4FB3) div t6, t5, t4
x31 <- 0x0888888888888888
mem[X,0x0000000080004C08] -> 0xB023
mem[X,0x0000000080004C0A] -> 0x11F6
[4871] [M]: 0x0000000080004C08 (0x11F6B023) sd t6, 256(a3)
mem[0x000000008000DC80] <- 0x0888888888888888
mem[X,0x0000000080004C0C] -> 0x3F37
mem[X,0x0000000080004C0E] -> 0x3333
[4872] [M]: 0x0000000080004C0C (0x33333F37) lui t5, 209715
x30 <- 0x0000000033333000
mem[X,0x0000000080004C10] -> 0x0F13
mem[X,0x0000000080004C12] -> 0x333F
[4873] [M]: 0x0000000080004C10 (0x333F0F13) addi t5, t5, 819
x30 <- 0x0000000033333333
mem[X,0x0000000080004C14] -> 0x1F13
mem[X,0x0000000080004C16] -> 0x00BF
[4874] [M]: 0x0000000080004C14 (0x00BF1F13) slli t5, t5, 11
x30 <- 0x0000019999999800
mem[X,0x0000000080004C18] -> 0x0F13
mem[X,0x0000000080004C1A] -> 0x199F
[4875] [M]: 0x0000000080004C18 (0x199F0F13) addi t5, t5, 409
x30 <- 0x0000019999999999
mem[X,0x0000000080004C1C] -> 0x1F13
mem[X,0x0000000080004C1E] -> 0x00BF
[4876] [M]: 0x0000000080004C1C (0x00BF1F13) slli t5, t5, 11
x30 <- 0x000CCCCCCCCCC800
mem[X,0x0000000080004C20] -> 0x0F13
mem[X,0x0000000080004C22] -> 0x4CCF
[4877] [M]: 0x0000000080004C20 (0x4CCF0F13) addi t5, t5, 1228
x30 <- 0x000CCCCCCCCCCCCC
mem[X,0x0000000080004C24] -> 0x1F13
mem[X,0x0000000080004C26] -> 0x00AF
[4878] [M]: 0x0000000080004C24 (0x00AF1F13) slli t5, t5, 10
x30 <- 0x3333333333333000
mem[X,0x0000000080004C28] -> 0x0F13
mem[X,0x0000000080004C2A] -> 0x333F
[4879] [M]: 0x0000000080004C28 (0x333F0F13) addi t5, t5, 819
x30 <- 0x3333333333333333
mem[X,0x0000000080004C2C] -> 0x3EB7
mem[X,0x0000000080004C2E] -> 0x3333
[4880] [M]: 0x0000000080004C2C (0x33333EB7) lui t4, 209715
x29 <- 0x0000000033333000
mem[X,0x0000000080004C30] -> 0x8E93
mem[X,0x0000000080004C32] -> 0x333E
[4881] [M]: 0x0000000080004C30 (0x333E8E93) addi t4, t4, 819
x29 <- 0x0000000033333333
mem[X,0x0000000080004C34] -> 0x9E93
mem[X,0x0000000080004C36] -> 0x00BE
[4882] [M]: 0x0000000080004C34 (0x00BE9E93) slli t4, t4, 11
x29 <- 0x0000019999999800
mem[X,0x0000000080004C38] -> 0x8E93
mem[X,0x0000000080004C3A] -> 0x199E
[4883] [M]: 0x0000000080004C38 (0x199E8E93) addi t4, t4, 409
x29 <- 0x0000019999999999
mem[X,0x0000000080004C3C] -> 0x9E93
mem[X,0x0000000080004C3E] -> 0x00BE
[4884] [M]: 0x0000000080004C3C (0x00BE9E93) slli t4, t4, 11
x29 <- 0x000CCCCCCCCCC800
mem[X,0x0000000080004C40] -> 0x8E93
mem[X,0x0000000080004C42] -> 0x4CCE
[4885] [M]: 0x0000000080004C40 (0x4CCE8E93) addi t4, t4, 1228
x29 <- 0x000CCCCCCCCCCCCC
mem[X,0x0000000080004C44] -> 0x9E93
mem[X,0x0000000080004C46] -> 0x00AE
[4886] [M]: 0x0000000080004C44 (0x00AE9E93) slli t4, t4, 10
x29 <- 0x3333333333333000
mem[X,0x0000000080004C48] -> 0x8E93
mem[X,0x0000000080004C4A] -> 0x334E
[4887] [M]: 0x0000000080004C48 (0x334E8E93) addi t4, t4, 820
x29 <- 0x3333333333333334
mem[X,0x0000000080004C4C] -> 0x4FB3
mem[X,0x0000000080004C4E] -> 0x03DF
[4888] [M]: 0x0000000080004C4C (0x03DF4FB3) div t6, t5, t4
x31 <- 0x0000000000000000
mem[X,0x0000000080004C50] -> 0xB423
mem[X,0x0000000080004C52] -> 0x11F6
[4889] [M]: 0x0000000080004C50 (0x11F6B423) sd t6, 264(a3)
mem[0x000000008000DC88] <- 0x0000000000000000
mem[X,0x0000000080004C54] -> 0x3F37
mem[X,0x0000000080004C56] -> 0x3333
[4890] [M]: 0x0000000080004C54 (0x33333F37) lui t5, 209715
x30 <- 0x0000000033333000
mem[X,0x0000000080004C58] -> 0x0F13
mem[X,0x0000000080004C5A] -> 0x333F
[4891] [M]: 0x0000000080004C58 (0x333F0F13) addi t5, t5, 819
x30 <- 0x0000000033333333
mem[X,0x0000000080004C5C] -> 0x1F13
mem[X,0x0000000080004C5E] -> 0x00BF
[4892] [M]: 0x0000000080004C5C (0x00BF1F13) slli t5, t5, 11
x30 <- 0x0000019999999800
mem[X,0x0000000080004C60] -> 0x0F13
mem[X,0x0000000080004C62] -> 0x199F
[4893] [M]: 0x0000000080004C60 (0x199F0F13) addi t5, t5, 409
x30 <- 0x0000019999999999
mem[X,0x0000000080004C64] -> 0x1F13
mem[X,0x0000000080004C66] -> 0x00BF
[4894] [M]: 0x0000000080004C64 (0x00BF1F13) slli t5, t5, 11
x30 <- 0x000CCCCCCCCCC800
mem[X,0x0000000080004C68] -> 0x0F13
mem[X,0x0000000080004C6A] -> 0x4CCF
[4895] [M]: 0x0000000080004C68 (0x4CCF0F13) addi t5, t5, 1228
x30 <- 0x000CCCCCCCCCCCCC
mem[X,0x0000000080004C6C] -> 0x1F13
mem[X,0x0000000080004C6E] -> 0x00AF
[4896] [M]: 0x0000000080004C6C (0x00AF1F13) slli t5, t5, 10
x30 <- 0x3333333333333000
mem[X,0x0000000080004C70] -> 0x0F13
mem[X,0x0000000080004C72] -> 0x333F
[4897] [M]: 0x0000000080004C70 (0x333F0F13) addi t5, t5, 819
x30 <- 0x3333333333333333
mem[X,0x0000000080004C74] -> 0x6EB7
mem[X,0x0000000080004C76] -> 0x6666
[4898] [M]: 0x0000000080004C74 (0x66666EB7) lui t4, 419430
x29 <- 0x0000000066666000
mem[X,0x0000000080004C78] -> 0x8E93
mem[X,0x0000000080004C7A] -> 0x666E
[4899] [M]: 0x0000000080004C78 (0x666E8E93) addi t4, t4, 1638
x29 <- 0x0000000066666666
clint::tick mtime <- 0x0000000000000031
 clint timer pending at mtime 0x0000000000000031
htif::tick 0x0000000000000000
mem[X,0x0000000080004C7C] -> 0x9E93
mem[X,0x0000000080004C7E] -> 0x00BE
[4900] [M]: 0x0000000080004C7C (0x00BE9E93) slli t4, t4, 11
x29 <- 0x0000033333333000
mem[X,0x0000000080004C80] -> 0x8E93
mem[X,0x0000000080004C82] -> 0x333E
[4901] [M]: 0x0000000080004C80 (0x333E8E93) addi t4, t4, 819
x29 <- 0x0000033333333333
mem[X,0x0000000080004C84] -> 0x9E93
mem[X,0x0000000080004C86] -> 0x00BE
[4902] [M]: 0x0000000080004C84 (0x00BE9E93) slli t4, t4, 11
x29 <- 0x0019999999999800
mem[X,0x0000000080004C88] -> 0x8E93
mem[X,0x0000000080004C8A] -> 0x199E
[4903] [M]: 0x0000000080004C88 (0x199E8E93) addi t4, t4, 409
x29 <- 0x0019999999999999
mem[X,0x0000000080004C8C] -> 0x9E93
mem[X,0x0000000080004C8E] -> 0x00AE
[4904] [M]: 0x0000000080004C8C (0x00AE9E93) slli t4, t4, 10
x29 <- 0x6666666666666400
mem[X,0x0000000080004C90] -> 0x8E93
mem[X,0x0000000080004C92] -> 0x267E
[4905] [M]: 0x0000000080004C90 (0x267E8E93) addi t4, t4, 615
x29 <- 0x6666666666666667
mem[X,0x0000000080004C94] -> 0x4FB3
mem[X,0x0000000080004C96] -> 0x03DF
[4906] [M]: 0x0000000080004C94 (0x03DF4FB3) div t6, t5, t4
x31 <- 0x0000000000000000
mem[X,0x0000000080004C98] -> 0xB823
mem[X,0x0000000080004C9A] -> 0x11F6
[4907] [M]: 0x0000000080004C98 (0x11F6B823) sd t6, 272(a3)
mem[0x000000008000DC90] <- 0x0000000000000000
mem[X,0x0000000080004C9C] -> 0x3F37
mem[X,0x0000000080004C9E] -> 0x3333
[4908] [M]: 0x0000000080004C9C (0x33333F37) lui t5, 209715
x30 <- 0x0000000033333000
mem[X,0x0000000080004CA0] -> 0x0F13
mem[X,0x0000000080004CA2] -> 0x333F
[4909] [M]: 0x0000000080004CA0 (0x333F0F13) addi t5, t5, 819
x30 <- 0x0000000033333333
mem[X,0x0000000080004CA4] -> 0x1F13
mem[X,0x0000000080004CA6] -> 0x00BF
[4910] [M]: 0x0000000080004CA4 (0x00BF1F13) slli t5, t5, 11
x30 <- 0x0000019999999800
mem[X,0x0000000080004CA8] -> 0x0F13
mem[X,0x0000000080004CAA] -> 0x199F
[4911] [M]: 0x0000000080004CA8 (0x199F0F13) addi t5, t5, 409
x30 <- 0x0000019999999999
mem[X,0x0000000080004CAC] -> 0x1F13
mem[X,0x0000000080004CAE] -> 0x00BF
[4912] [M]: 0x0000000080004CAC (0x00BF1F13) slli t5, t5, 11
x30 <- 0x000CCCCCCCCCC800
mem[X,0x0000000080004CB0] -> 0x0F13
mem[X,0x0000000080004CB2] -> 0x4CCF
[4913] [M]: 0x0000000080004CB0 (0x4CCF0F13) addi t5, t5, 1228
x30 <- 0x000CCCCCCCCCCCCC
mem[X,0x0000000080004CB4] -> 0x1F13
mem[X,0x0000000080004CB6] -> 0x00AF
[4914] [M]: 0x0000000080004CB4 (0x00AF1F13) slli t5, t5, 10
x30 <- 0x3333333333333000
mem[X,0x0000000080004CB8] -> 0x0F13
mem[X,0x0000000080004CBA] -> 0x333F
[4915] [M]: 0x0000000080004CB8 (0x333F0F13) addi t5, t5, 819
x30 <- 0x3333333333333333
mem[X,0x0000000080004CBC] -> 0x0EB7
mem[X,0x0000000080004CBE] -> 0x0000
[4916] [M]: 0x0000000080004CBC (0x00000EB7) lui t4, 0
x29 <- 0x0000000000000000
mem[X,0x0000000080004CC0] -> 0x8E93
mem[X,0x0000000080004CC2] -> 0xFFFE
[4917] [M]: 0x0000000080004CC0 (0xFFFE8E93) addi t4, t4, 4095
x29 <- 0xFFFFFFFFFFFFFFFF
mem[X,0x0000000080004CC4] -> 0x9E93
mem[X,0x0000000080004CC6] -> 0x00BE
[4918] [M]: 0x0000000080004CC4 (0x00BE9E93) slli t4, t4, 11
x29 <- 0xFFFFFFFFFFFFF800
mem[X,0x0000000080004CC8] -> 0x8E93
mem[X,0x0000000080004CCA] -> 0x257E
[4919] [M]: 0x0000000080004CC8 (0x257E8E93) addi t4, t4, 599
x29 <- 0xFFFFFFFFFFFFFA57
mem[X,0x0000000080004CCC] -> 0x9E93
mem[X,0x0000000080004CCE] -> 0x00BE
[4920] [M]: 0x0000000080004CCC (0x00BE9E93) slli t4, t4, 11
x29 <- 0xFFFFFFFFFFD2B800
mem[X,0x0000000080004CD0] -> 0x8E93
mem[X,0x0000000080004CD2] -> 0x6C3E
[4921] [M]: 0x0000000080004CD0 (0x6C3E8E93) addi t4, t4, 1731
x29 <- 0xFFFFFFFFFFD2BEC3
mem[X,0x0000000080004CD4] -> 0x9E93
mem[X,0x0000000080004CD6] -> 0x00AE
[4922] [M]: 0x0000000080004CD4 (0x00AE9E93) slli t4, t4, 10
x29 <- 0xFFFFFFFF4AFB0C00
mem[X,0x0000000080004CD8] -> 0x8E93
mem[X,0x0000000080004CDA] -> 0x0CEE
[4923] [M]: 0x0000000080004CD8 (0x0CEE8E93) addi t4, t4, 206
x29 <- 0xFFFFFFFF4AFB0CCE
mem[X,0x0000000080004CDC] -> 0x4FB3
mem[X,0x0000000080004CDE] -> 0x03DF
[4924] [M]: 0x0000000080004CDC (0x03DF4FB3) div t6, t5, t4
x31 <- 0xFFFFFFFFB7979EB8
mem[X,0x0000000080004CE0] -> 0xBC23
mem[X,0x0000000080004CE2] -> 0x11F6
[4925] [M]: 0x0000000080004CE0 (0x11F6BC23) sd t6, 280(a3)
mem[0x000000008000DC98] <- 0xFFFFFFFFB7979EB8
mem[X,0x0000000080004CE4] -> 0x3F37
mem[X,0x0000000080004CE6] -> 0x3333
[4926] [M]: 0x0000000080004CE4 (0x33333F37) lui t5, 209715
x30 <- 0x0000000033333000
mem[X,0x0000000080004CE8] -> 0x0F13
mem[X,0x0000000080004CEA] -> 0x333F
[4927] [M]: 0x0000000080004CE8 (0x333F0F13) addi t5, t5, 819
x30 <- 0x0000000033333333
mem[X,0x0000000080004CEC] -> 0x1F13
mem[X,0x0000000080004CEE] -> 0x00BF
[4928] [M]: 0x0000000080004CEC (0x00BF1F13) slli t5, t5, 11
x30 <- 0x0000019999999800
mem[X,0x0000000080004CF0] -> 0x0F13
mem[X,0x0000000080004CF2] -> 0x199F
[4929] [M]: 0x0000000080004CF0 (0x199F0F13) addi t5, t5, 409
x30 <- 0x0000019999999999
mem[X,0x0000000080004CF4] -> 0x1F13
mem[X,0x0000000080004CF6] -> 0x00BF
[4930] [M]: 0x0000000080004CF4 (0x00BF1F13) slli t5, t5, 11
x30 <- 0x000CCCCCCCCCC800
mem[X,0x0000000080004CF8] -> 0x0F13
mem[X,0x0000000080004CFA] -> 0x4CCF
[4931] [M]: 0x0000000080004CF8 (0x4CCF0F13) addi t5, t5, 1228
x30 <- 0x000CCCCCCCCCCCCC
mem[X,0x0000000080004CFC] -> 0x1F13
mem[X,0x0000000080004CFE] -> 0x00AF
[4932] [M]: 0x0000000080004CFC (0x00AF1F13) slli t5, t5, 10
x30 <- 0x3333333333333000
mem[X,0x0000000080004D00] -> 0x0F13
mem[X,0x0000000080004D02] -> 0x333F
[4933] [M]: 0x0000000080004D00 (0x333F0F13) addi t5, t5, 819
x30 <- 0x3333333333333333
mem[X,0x0000000080004D04] -> 0x0EB7
mem[X,0x0000000080004D06] -> 0x0000
[4934] [M]: 0x0000000080004D04 (0x00000EB7) lui t4, 0
x29 <- 0x0000000000000000
mem[X,0x0000000080004D08] -> 0x8E93
mem[X,0x0000000080004D0A] -> 0x000E
[4935] [M]: 0x0000000080004D08 (0x000E8E93) addi t4, t4, 0
x29 <- 0x0000000000000000
mem[X,0x0000000080004D0C] -> 0x9E93
mem[X,0x0000000080004D0E] -> 0x00BE
[4936] [M]: 0x0000000080004D0C (0x00BE9E93) slli t4, t4, 11
x29 <- 0x0000000000000000
mem[X,0x0000000080004D10] -> 0x8E93
mem[X,0x0000000080004D12] -> 0x5A8E
[4937] [M]: 0x0000000080004D10 (0x5A8E8E93) addi t4, t4, 1448
x29 <- 0x00000000000005A8
mem[X,0x0000000080004D14] -> 0x9E93
mem[X,0x0000000080004D16] -> 0x00BE
[4938] [M]: 0x0000000080004D14 (0x00BE9E93) slli t4, t4, 11
x29 <- 0x00000000002D4000
mem[X,0x0000000080004D18] -> 0x8E93
mem[X,0x0000000080004D1A] -> 0x13CE
[4939] [M]: 0x0000000080004D18 (0x13CE8E93) addi t4, t4, 316
x29 <- 0x00000000002D413C
mem[X,0x0000000080004D1C] -> 0x9E93
mem[X,0x0000000080004D1E] -> 0x00AE
[4940] [M]: 0x0000000080004D1C (0x00AE9E93) slli t4, t4, 10
x29 <- 0x00000000B504F000
mem[X,0x0000000080004D20] -> 0x8E93
mem[X,0x0000000080004D22] -> 0x334E
[4941] [M]: 0x0000000080004D20 (0x334E8E93) addi t4, t4, 820
x29 <- 0x00000000B504F334
mem[X,0x0000000080004D24] -> 0x4FB3
mem[X,0x0000000080004D26] -> 0x03DF
[4942] [M]: 0x0000000080004D24 (0x03DF4FB3) div t6, t5, t4
x31 <- 0x0000000048686147
mem[X,0x0000000080004D28] -> 0xB023
mem[X,0x0000000080004D2A] -> 0x13F6
[4943] [M]: 0x0000000080004D28 (0x13F6B023) sd t6, 288(a3)
mem[0x000000008000DCA0] <- 0x0000000048686147
mem[X,0x0000000080004D2C] -> 0x6F37
mem[X,0x0000000080004D2E] -> 0x6666
[4944] [M]: 0x0000000080004D2C (0x66666F37) lui t5, 419430
x30 <- 0x0000000066666000
mem[X,0x0000000080004D30] -> 0x0F13
mem[X,0x0000000080004D32] -> 0x666F
[4945] [M]: 0x0000000080004D30 (0x666F0F13) addi t5, t5, 1638
x30 <- 0x0000000066666666
mem[X,0x0000000080004D34] -> 0x1F13
mem[X,0x0000000080004D36] -> 0x00BF
[4946] [M]: 0x0000000080004D34 (0x00BF1F13) slli t5, t5, 11
x30 <- 0x0000033333333000
mem[X,0x0000000080004D38] -> 0x0F13
mem[X,0x0000000080004D3A] -> 0x333F
[4947] [M]: 0x0000000080004D38 (0x333F0F13) addi t5, t5, 819
x30 <- 0x0000033333333333
mem[X,0x0000000080004D3C] -> 0x1F13
mem[X,0x0000000080004D3E] -> 0x00BF
[4948] [M]: 0x0000000080004D3C (0x00BF1F13) slli t5, t5, 11
x30 <- 0x0019999999999800
mem[X,0x0000000080004D40] -> 0x0F13
mem[X,0x0000000080004D42] -> 0x199F
[4949] [M]: 0x0000000080004D40 (0x199F0F13) addi t5, t5, 409
x30 <- 0x0019999999999999
mem[X,0x0000000080004D44] -> 0x1F13
mem[X,0x0000000080004D46] -> 0x00AF
[4950] [M]: 0x0000000080004D44 (0x00AF1F13) slli t5, t5, 10
x30 <- 0x6666666666666400
mem[X,0x0000000080004D48] -> 0x0F13
mem[X,0x0000000080004D4A] -> 0x266F
[4951] [M]: 0x0000000080004D48 (0x266F0F13) addi t5, t5, 614
x30 <- 0x6666666666666666
mem[X,0x0000000080004D4C] -> 0x0E93
mem[X,0x0000000080004D4E] -> 0x0030
[4952] [M]: 0x0000000080004D4C (0x00300E93) addi t4, zero, 3
x29 <- 0x0000000000000003
mem[X,0x0000000080004D50] -> 0x4FB3
mem[X,0x0000000080004D52] -> 0x03DF
[4953] [M]: 0x0000000080004D50 (0x03DF4FB3) div t6, t5, t4
x31 <- 0x2222222222222222
mem[X,0x0000000080004D54] -> 0xB423
mem[X,0x0000000080004D56] -> 0x13F6
[4954] [M]: 0x0000000080004D54 (0x13F6B423) sd t6, 296(a3)
mem[0x000000008000DCA8] <- 0x2222222222222222
mem[X,0x0000000080004D58] -> 0x6F37
mem[X,0x0000000080004D5A] -> 0x6666
[4955] [M]: 0x0000000080004D58 (0x66666F37) lui t5, 419430
x30 <- 0x0000000066666000
mem[X,0x0000000080004D5C] -> 0x0F13
mem[X,0x0000000080004D5E] -> 0x666F
[4956] [M]: 0x0000000080004D5C (0x666F0F13) addi t5, t5, 1638
x30 <- 0x0000000066666666
mem[X,0x0000000080004D60] -> 0x1F13
mem[X,0x0000000080004D62] -> 0x00BF
[4957] [M]: 0x0000000080004D60 (0x00BF1F13) slli t5, t5, 11
x30 <- 0x0000033333333000
mem[X,0x0000000080004D64] -> 0x0F13
mem[X,0x0000000080004D66] -> 0x333F
[4958] [M]: 0x0000000080004D64 (0x333F0F13) addi t5, t5, 819
x30 <- 0x0000033333333333
mem[X,0x0000000080004D68] -> 0x1F13
mem[X,0x0000000080004D6A] -> 0x00BF
[4959] [M]: 0x0000000080004D68 (0x00BF1F13) slli t5, t5, 11
x30 <- 0x0019999999999800
mem[X,0x0000000080004D6C] -> 0x0F13
mem[X,0x0000000080004D6E] -> 0x199F
[4960] [M]: 0x0000000080004D6C (0x199F0F13) addi t5, t5, 409
x30 <- 0x0019999999999999
mem[X,0x0000000080004D70] -> 0x1F13
mem[X,0x0000000080004D72] -> 0x00AF
[4961] [M]: 0x0000000080004D70 (0x00AF1F13) slli t5, t5, 10
x30 <- 0x6666666666666400
mem[X,0x0000000080004D74] -> 0x0F13
mem[X,0x0000000080004D76] -> 0x266F
[4962] [M]: 0x0000000080004D74 (0x266F0F13) addi t5, t5, 614
x30 <- 0x6666666666666666
mem[X,0x0000000080004D78] -> 0x5EB7
mem[X,0x0000000080004D7A] -> 0x5555
[4963] [M]: 0x0000000080004D78 (0x55555EB7) lui t4, 349525
x29 <- 0x0000000055555000
mem[X,0x0000000080004D7C] -> 0x8E93
mem[X,0x0000000080004D7E] -> 0x555E
[4964] [M]: 0x0000000080004D7C (0x555E8E93) addi t4, t4, 1365
x29 <- 0x0000000055555555
mem[X,0x0000000080004D80] -> 0x9E93
mem[X,0x0000000080004D82] -> 0x00BE
[4965] [M]: 0x0000000080004D80 (0x00BE9E93) slli t4, t4, 11
x29 <- 0x000002AAAAAAA800
mem[X,0x0000000080004D84] -> 0x8E93
mem[X,0x0000000080004D86] -> 0x2AAE
[4966] [M]: 0x0000000080004D84 (0x2AAE8E93) addi t4, t4, 682
x29 <- 0x000002AAAAAAAAAA
mem[X,0x0000000080004D88] -> 0x9E93
mem[X,0x0000000080004D8A] -> 0x00BE
[4967] [M]: 0x0000000080004D88 (0x00BE9E93) slli t4, t4, 11
x29 <- 0x0015555555555000
mem[X,0x0000000080004D8C] -> 0x8E93
mem[X,0x0000000080004D8E] -> 0x555E
[4968] [M]: 0x0000000080004D8C (0x555E8E93) addi t4, t4, 1365
x29 <- 0x0015555555555555
mem[X,0x0000000080004D90] -> 0x9E93
mem[X,0x0000000080004D92] -> 0x00AE
[4969] [M]: 0x0000000080004D90 (0x00AE9E93) slli t4, t4, 10
x29 <- 0x5555555555555400
mem[X,0x0000000080004D94] -> 0x8E93
mem[X,0x0000000080004D96] -> 0x155E
[4970] [M]: 0x0000000080004D94 (0x155E8E93) addi t4, t4, 341
x29 <- 0x5555555555555555
mem[X,0x0000000080004D98] -> 0x4FB3
mem[X,0x0000000080004D9A] -> 0x03DF
[4971] [M]: 0x0000000080004D98 (0x03DF4FB3) div t6, t5, t4
x31 <- 0x0000000000000001
mem[X,0x0000000080004D9C] -> 0xB823
mem[X,0x0000000080004D9E] -> 0x13F6
[4972] [M]: 0x0000000080004D9C (0x13F6B823) sd t6, 304(a3)
mem[0x000000008000DCB0] <- 0x0000000000000001
mem[X,0x0000000080004DA0] -> 0x6F37
mem[X,0x0000000080004DA2] -> 0x6666
[4973] [M]: 0x0000000080004DA0 (0x66666F37) lui t5, 419430
x30 <- 0x0000000066666000
mem[X,0x0000000080004DA4] -> 0x0F13
mem[X,0x0000000080004DA6] -> 0x666F
[4974] [M]: 0x0000000080004DA4 (0x666F0F13) addi t5, t5, 1638
x30 <- 0x0000000066666666
mem[X,0x0000000080004DA8] -> 0x1F13
mem[X,0x0000000080004DAA] -> 0x00BF
[4975] [M]: 0x0000000080004DA8 (0x00BF1F13) slli t5, t5, 11
x30 <- 0x0000033333333000
mem[X,0x0000000080004DAC] -> 0x0F13
mem[X,0x0000000080004DAE] -> 0x333F
[4976] [M]: 0x0000000080004DAC (0x333F0F13) addi t5, t5, 819
x30 <- 0x0000033333333333
mem[X,0x0000000080004DB0] -> 0x1F13
mem[X,0x0000000080004DB2] -> 0x00BF
[4977] [M]: 0x0000000080004DB0 (0x00BF1F13) slli t5, t5, 11
x30 <- 0x0019999999999800
mem[X,0x0000000080004DB4] -> 0x0F13
mem[X,0x0000000080004DB6] -> 0x199F
[4978] [M]: 0x0000000080004DB4 (0x199F0F13) addi t5, t5, 409
x30 <- 0x0019999999999999
mem[X,0x0000000080004DB8] -> 0x1F13
mem[X,0x0000000080004DBA] -> 0x00AF
[4979] [M]: 0x0000000080004DB8 (0x00AF1F13) slli t5, t5, 10
x30 <- 0x6666666666666400
mem[X,0x0000000080004DBC] -> 0x0F13
mem[X,0x0000000080004DBE] -> 0x266F
[4980] [M]: 0x0000000080004DBC (0x266F0F13) addi t5, t5, 614
x30 <- 0x6666666666666666
mem[X,0x0000000080004DC0] -> 0xBEB7
mem[X,0x0000000080004DC2] -> 0xAAAA
[4981] [M]: 0x0000000080004DC0 (0xAAAABEB7) lui t4, 699051
x29 <- 0xFFFFFFFFAAAAB000
mem[X,0x0000000080004DC4] -> 0x8E93
mem[X,0x0000000080004DC6] -> 0xAAAE
[4982] [M]: 0x0000000080004DC4 (0xAAAE8E93) addi t4, t4, 2730
x29 <- 0xFFFFFFFFAAAAAAAA
mem[X,0x0000000080004DC8] -> 0x9E93
mem[X,0x0000000080004DCA] -> 0x00BE
[4983] [M]: 0x0000000080004DC8 (0x00BE9E93) slli t4, t4, 11
x29 <- 0xFFFFFD5555555000
mem[X,0x0000000080004DCC] -> 0x8E93
mem[X,0x0000000080004DCE] -> 0x555E
[4984] [M]: 0x0000000080004DCC (0x555E8E93) addi t4, t4, 1365
x29 <- 0xFFFFFD5555555555
mem[X,0x0000000080004DD0] -> 0x9E93
mem[X,0x0000000080004DD2] -> 0x00BE
[4985] [M]: 0x0000000080004DD0 (0x00BE9E93) slli t4, t4, 11
x29 <- 0xFFEAAAAAAAAAA800
mem[X,0x0000000080004DD4] -> 0x8E93
mem[X,0x0000000080004DD6] -> 0x2AAE
[4986] [M]: 0x0000000080004DD4 (0x2AAE8E93) addi t4, t4, 682
x29 <- 0xFFEAAAAAAAAAAAAA
mem[X,0x0000000080004DD8] -> 0x9E93
mem[X,0x0000000080004DDA] -> 0x00AE
[4987] [M]: 0x0000000080004DD8 (0x00AE9E93) slli t4, t4, 10
x29 <- 0xAAAAAAAAAAAAA800
mem[X,0x0000000080004DDC] -> 0x8E93
mem[X,0x0000000080004DDE] -> 0x2AAE
[4988] [M]: 0x0000000080004DDC (0x2AAE8E93) addi t4, t4, 682
x29 <- 0xAAAAAAAAAAAAAAAA
mem[X,0x0000000080004DE0] -> 0x4FB3
mem[X,0x0000000080004DE2] -> 0x03DF
[4989] [M]: 0x0000000080004DE0 (0x03DF4FB3) div t6, t5, t4
x31 <- 0xFFFFFFFFFFFFFFFF
mem[X,0x0000000080004DE4] -> 0xBC23
mem[X,0x0000000080004DE6] -> 0x13F6
[4990] [M]: 0x0000000080004DE4 (0x13F6BC23) sd t6, 312(a3)
mem[0x000000008000DCB8] <- 0xFFFFFFFFFFFFFFFF
mem[X,0x0000000080004DE8] -> 0x6F37
mem[X,0x0000000080004DEA] -> 0x6666
[4991] [M]: 0x0000000080004DE8 (0x66666F37) lui t5, 419430
x30 <- 0x0000000066666000
mem[X,0x0000000080004DEC] -> 0x0F13
mem[X,0x0000000080004DEE] -> 0x666F
[4992] [M]: 0x0000000080004DEC (0x666F0F13) addi t5, t5, 1638
x30 <- 0x0000000066666666
mem[X,0x0000000080004DF0] -> 0x1F13
mem[X,0x0000000080004DF2] -> 0x00BF
[4993] [M]: 0x0000000080004DF0 (0x00BF1F13) slli t5, t5, 11
x30 <- 0x0000033333333000
mem[X,0x0000000080004DF4] -> 0x0F13
mem[X,0x0000000080004DF6] -> 0x333F
[4994] [M]: 0x0000000080004DF4 (0x333F0F13) addi t5, t5, 819
x30 <- 0x0000033333333333
mem[X,0x0000000080004DF8] -> 0x1F13
mem[X,0x0000000080004DFA] -> 0x00BF
[4995] [M]: 0x0000000080004DF8 (0x00BF1F13) slli t5, t5, 11
x30 <- 0x0019999999999800
mem[X,0x0000000080004DFC] -> 0x0F13
mem[X,0x0000000080004DFE] -> 0x199F
[4996] [M]: 0x0000000080004DFC (0x199F0F13) addi t5, t5, 409
x30 <- 0x0019999999999999
mem[X,0x0000000080004E00] -> 0x1F13
mem[X,0x0000000080004E02] -> 0x00AF
[4997] [M]: 0x0000000080004E00 (0x00AF1F13) slli t5, t5, 10
x30 <- 0x6666666666666400
mem[X,0x0000000080004E04] -> 0x0F13
mem[X,0x0000000080004E06] -> 0x266F
[4998] [M]: 0x0000000080004E04 (0x266F0F13) addi t5, t5, 614
x30 <- 0x6666666666666666
mem[X,0x0000000080004E08] -> 0x0E93
mem[X,0x0000000080004E0A] -> 0x0050
[4999] [M]: 0x0000000080004E08 (0x00500E93) addi t4, zero, 5
x29 <- 0x0000000000000005
clint::tick mtime <- 0x0000000000000032
 clint timer pending at mtime 0x0000000000000032
htif::tick 0x0000000000000000
mem[X,0x0000000080004E0C] -> 0x4FB3
mem[X,0x0000000080004E0E] -> 0x03DF
[5000] [M]: 0x0000000080004E0C (0x03DF4FB3) div t6, t5, t4
x31 <- 0x147AE147AE147AE1
mem[X,0x0000000080004E10] -> 0xB023
mem[X,0x0000000080004E12] -> 0x15F6
[5001] [M]: 0x0000000080004E10 (0x15F6B023) sd t6, 320(a3)
mem[0x000000008000DCC0] <- 0x147AE147AE147AE1
mem[X,0x0000000080004E14] -> 0x6F37
mem[X,0x0000000080004E16] -> 0x6666
[5002] [M]: 0x0000000080004E14 (0x66666F37) lui t5, 419430
x30 <- 0x0000000066666000
mem[X,0x0000000080004E18] -> 0x0F13
mem[X,0x0000000080004E1A] -> 0x666F
[5003] [M]: 0x0000000080004E18 (0x666F0F13) addi t5, t5, 1638
x30 <- 0x0000000066666666
mem[X,0x0000000080004E1C] -> 0x1F13
mem[X,0x0000000080004E1E] -> 0x00BF
[5004] [M]: 0x0000000080004E1C (0x00BF1F13) slli t5, t5, 11
x30 <- 0x0000033333333000
mem[X,0x0000000080004E20] -> 0x0F13
mem[X,0x0000000080004E22] -> 0x333F
[5005] [M]: 0x0000000080004E20 (0x333F0F13) addi t5, t5, 819
x30 <- 0x0000033333333333
mem[X,0x0000000080004E24] -> 0x1F13
mem[X,0x0000000080004E26] -> 0x00BF
[5006] [M]: 0x0000000080004E24 (0x00BF1F13) slli t5, t5, 11
x30 <- 0x0019999999999800
mem[X,0x0000000080004E28] -> 0x0F13
mem[X,0x0000000080004E2A] -> 0x199F
[5007] [M]: 0x0000000080004E28 (0x199F0F13) addi t5, t5, 409
x30 <- 0x0019999999999999
mem[X,0x0000000080004E2C] -> 0x1F13
mem[X,0x0000000080004E2E] -> 0x00AF
[5008] [M]: 0x0000000080004E2C (0x00AF1F13) slli t5, t5, 10
x30 <- 0x6666666666666400
mem[X,0x0000000080004E30] -> 0x0F13
mem[X,0x0000000080004E32] -> 0x266F
[5009] [M]: 0x0000000080004E30 (0x266F0F13) addi t5, t5, 614
x30 <- 0x6666666666666666
mem[X,0x0000000080004E34] -> 0x3EB7
mem[X,0x0000000080004E36] -> 0x3333
[5010] [M]: 0x0000000080004E34 (0x33333EB7) lui t4, 209715
x29 <- 0x0000000033333000
mem[X,0x0000000080004E38] -> 0x8E93
mem[X,0x0000000080004E3A] -> 0x333E
[5011] [M]: 0x0000000080004E38 (0x333E8E93) addi t4, t4, 819
x29 <- 0x0000000033333333
mem[X,0x0000000080004E3C] -> 0x9E93
mem[X,0x0000000080004E3E] -> 0x00BE
[5012] [M]: 0x0000000080004E3C (0x00BE9E93) slli t4, t4, 11
x29 <- 0x0000019999999800
mem[X,0x0000000080004E40] -> 0x8E93
mem[X,0x0000000080004E42] -> 0x199E
[5013] [M]: 0x0000000080004E40 (0x199E8E93) addi t4, t4, 409
x29 <- 0x0000019999999999
mem[X,0x0000000080004E44] -> 0x9E93
mem[X,0x0000000080004E46] -> 0x00BE
[5014] [M]: 0x0000000080004E44 (0x00BE9E93) slli t4, t4, 11
x29 <- 0x000CCCCCCCCCC800
mem[X,0x0000000080004E48] -> 0x8E93
mem[X,0x0000000080004E4A] -> 0x4CCE
[5015] [M]: 0x0000000080004E48 (0x4CCE8E93) addi t4, t4, 1228
x29 <- 0x000CCCCCCCCCCCCC
mem[X,0x0000000080004E4C] -> 0x9E93
mem[X,0x0000000080004E4E] -> 0x00AE
[5016] [M]: 0x0000000080004E4C (0x00AE9E93) slli t4, t4, 10
x29 <- 0x3333333333333000
mem[X,0x0000000080004E50] -> 0x8E93
mem[X,0x0000000080004E52] -> 0x333E
[5017] [M]: 0x0000000080004E50 (0x333E8E93) addi t4, t4, 819
x29 <- 0x3333333333333333
mem[X,0x0000000080004E54] -> 0x4FB3
mem[X,0x0000000080004E56] -> 0x03DF
[5018] [M]: 0x0000000080004E54 (0x03DF4FB3) div t6, t5, t4
x31 <- 0x0000000000000002
mem[X,0x0000000080004E58] -> 0xB423
mem[X,0x0000000080004E5A] -> 0x15F6
[5019] [M]: 0x0000000080004E58 (0x15F6B423) sd t6, 328(a3)
mem[0x000000008000DCC8] <- 0x0000000000000002
mem[X,0x0000000080004E5C] -> 0x6F37
mem[X,0x0000000080004E5E] -> 0x6666
[5020] [M]: 0x0000000080004E5C (0x66666F37) lui t5, 419430
x30 <- 0x0000000066666000
mem[X,0x0000000080004E60] -> 0x0F13
mem[X,0x0000000080004E62] -> 0x666F
[5021] [M]: 0x0000000080004E60 (0x666F0F13) addi t5, t5, 1638
x30 <- 0x0000000066666666
mem[X,0x0000000080004E64] -> 0x1F13
mem[X,0x0000000080004E66] -> 0x00BF
[5022] [M]: 0x0000000080004E64 (0x00BF1F13) slli t5, t5, 11
x30 <- 0x0000033333333000
mem[X,0x0000000080004E68] -> 0x0F13
mem[X,0x0000000080004E6A] -> 0x333F
[5023] [M]: 0x0000000080004E68 (0x333F0F13) addi t5, t5, 819
x30 <- 0x0000033333333333
mem[X,0x0000000080004E6C] -> 0x1F13
mem[X,0x0000000080004E6E] -> 0x00BF
[5024] [M]: 0x0000000080004E6C (0x00BF1F13) slli t5, t5, 11
x30 <- 0x0019999999999800
mem[X,0x0000000080004E70] -> 0x0F13
mem[X,0x0000000080004E72] -> 0x199F
[5025] [M]: 0x0000000080004E70 (0x199F0F13) addi t5, t5, 409
x30 <- 0x0019999999999999
mem[X,0x0000000080004E74] -> 0x1F13
mem[X,0x0000000080004E76] -> 0x00AF
[5026] [M]: 0x0000000080004E74 (0x00AF1F13) slli t5, t5, 10
x30 <- 0x6666666666666400
mem[X,0x0000000080004E78] -> 0x0F13
mem[X,0x0000000080004E7A] -> 0x266F
[5027] [M]: 0x0000000080004E78 (0x266F0F13) addi t5, t5, 614
x30 <- 0x6666666666666666
mem[X,0x0000000080004E7C] -> 0x6EB7
mem[X,0x0000000080004E7E] -> 0x6666
[5028] [M]: 0x0000000080004E7C (0x66666EB7) lui t4, 419430
x29 <- 0x0000000066666000
mem[X,0x0000000080004E80] -> 0x8E93
mem[X,0x0000000080004E82] -> 0x666E
[5029] [M]: 0x0000000080004E80 (0x666E8E93) addi t4, t4, 1638
x29 <- 0x0000000066666666
mem[X,0x0000000080004E84] -> 0x9E93
mem[X,0x0000000080004E86] -> 0x00BE
[5030] [M]: 0x0000000080004E84 (0x00BE9E93) slli t4, t4, 11
x29 <- 0x0000033333333000
mem[X,0x0000000080004E88] -> 0x8E93
mem[X,0x0000000080004E8A] -> 0x333E
[5031] [M]: 0x0000000080004E88 (0x333E8E93) addi t4, t4, 819
x29 <- 0x0000033333333333
mem[X,0x0000000080004E8C] -> 0x9E93
mem[X,0x0000000080004E8E] -> 0x00BE
[5032] [M]: 0x0000000080004E8C (0x00BE9E93) slli t4, t4, 11
x29 <- 0x0019999999999800
mem[X,0x0000000080004E90] -> 0x8E93
mem[X,0x0000000080004E92] -> 0x199E
[5033] [M]: 0x0000000080004E90 (0x199E8E93) addi t4, t4, 409
x29 <- 0x0019999999999999
mem[X,0x0000000080004E94] -> 0x9E93
mem[X,0x0000000080004E96] -> 0x00AE
[5034] [M]: 0x0000000080004E94 (0x00AE9E93) slli t4, t4, 10
x29 <- 0x6666666666666400
mem[X,0x0000000080004E98] -> 0x8E93
mem[X,0x0000000080004E9A] -> 0x266E
[5035] [M]: 0x0000000080004E98 (0x266E8E93) addi t4, t4, 614
x29 <- 0x6666666666666666
mem[X,0x0000000080004E9C] -> 0x4FB3
mem[X,0x0000000080004E9E] -> 0x03DF
[5036] [M]: 0x0000000080004E9C (0x03DF4FB3) div t6, t5, t4
x31 <- 0x0000000000000001
mem[X,0x0000000080004EA0] -> 0xB823
mem[X,0x0000000080004EA2] -> 0x15F6
[5037] [M]: 0x0000000080004EA0 (0x15F6B823) sd t6, 336(a3)
mem[0x000000008000DCD0] <- 0x0000000000000001
mem[X,0x0000000080004EA4] -> 0x6F37
mem[X,0x0000000080004EA6] -> 0x6666
[5038] [M]: 0x0000000080004EA4 (0x66666F37) lui t5, 419430
x30 <- 0x0000000066666000
mem[X,0x0000000080004EA8] -> 0x0F13
mem[X,0x0000000080004EAA] -> 0x666F
[5039] [M]: 0x0000000080004EA8 (0x666F0F13) addi t5, t5, 1638
x30 <- 0x0000000066666666
mem[X,0x0000000080004EAC] -> 0x1F13
mem[X,0x0000000080004EAE] -> 0x00BF
[5040] [M]: 0x0000000080004EAC (0x00BF1F13) slli t5, t5, 11
x30 <- 0x0000033333333000
mem[X,0x0000000080004EB0] -> 0x0F13
mem[X,0x0000000080004EB2] -> 0x333F
[5041] [M]: 0x0000000080004EB0 (0x333F0F13) addi t5, t5, 819
x30 <- 0x0000033333333333
mem[X,0x0000000080004EB4] -> 0x1F13
mem[X,0x0000000080004EB6] -> 0x00BF
[5042] [M]: 0x0000000080004EB4 (0x00BF1F13) slli t5, t5, 11
x30 <- 0x0019999999999800
mem[X,0x0000000080004EB8] -> 0x0F13
mem[X,0x0000000080004EBA] -> 0x199F
[5043] [M]: 0x0000000080004EB8 (0x199F0F13) addi t5, t5, 409
x30 <- 0x0019999999999999
mem[X,0x0000000080004EBC] -> 0x1F13
mem[X,0x0000000080004EBE] -> 0x00AF
[5044] [M]: 0x0000000080004EBC (0x00AF1F13) slli t5, t5, 10
x30 <- 0x6666666666666400
mem[X,0x0000000080004EC0] -> 0x0F13
mem[X,0x0000000080004EC2] -> 0x266F
[5045] [M]: 0x0000000080004EC0 (0x266F0F13) addi t5, t5, 614
x30 <- 0x6666666666666666
mem[X,0x0000000080004EC4] -> 0x0EB7
mem[X,0x0000000080004EC6] -> 0x0000
[5046] [M]: 0x0000000080004EC4 (0x00000EB7) lui t4, 0
x29 <- 0x0000000000000000
mem[X,0x0000000080004EC8] -> 0x8E93
mem[X,0x0000000080004ECA] -> 0xFFFE
[5047] [M]: 0x0000000080004EC8 (0xFFFE8E93) addi t4, t4, 4095
x29 <- 0xFFFFFFFFFFFFFFFF
mem[X,0x0000000080004ECC] -> 0x9E93
mem[X,0x0000000080004ECE] -> 0x00BE
[5048] [M]: 0x0000000080004ECC (0x00BE9E93) slli t4, t4, 11
x29 <- 0xFFFFFFFFFFFFF800
mem[X,0x0000000080004ED0] -> 0x8E93
mem[X,0x0000000080004ED2] -> 0x257E
[5049] [M]: 0x0000000080004ED0 (0x257E8E93) addi t4, t4, 599
x29 <- 0xFFFFFFFFFFFFFA57
mem[X,0x0000000080004ED4] -> 0x9E93
mem[X,0x0000000080004ED6] -> 0x00BE
[5050] [M]: 0x0000000080004ED4 (0x00BE9E93) slli t4, t4, 11
x29 <- 0xFFFFFFFFFFD2B800
mem[X,0x0000000080004ED8] -> 0x8E93
mem[X,0x0000000080004EDA] -> 0x6C3E
[5051] [M]: 0x0000000080004ED8 (0x6C3E8E93) addi t4, t4, 1731
x29 <- 0xFFFFFFFFFFD2BEC3
mem[X,0x0000000080004EDC] -> 0x9E93
mem[X,0x0000000080004EDE] -> 0x00AE
[5052] [M]: 0x0000000080004EDC (0x00AE9E93) slli t4, t4, 10
x29 <- 0xFFFFFFFF4AFB0C00
mem[X,0x0000000080004EE0] -> 0x8E93
mem[X,0x0000000080004EE2] -> 0x0CDE
[5053] [M]: 0x0000000080004EE0 (0x0CDE8E93) addi t4, t4, 205
x29 <- 0xFFFFFFFF4AFB0CCD
mem[X,0x0000000080004EE4] -> 0x4FB3
mem[X,0x0000000080004EE6] -> 0x03DF
[5054] [M]: 0x0000000080004EE4 (0x03DF4FB3) div t6, t5, t4
x31 <- 0xFFFFFFFF6F2F3D70
mem[X,0x0000000080004EE8] -> 0xBC23
mem[X,0x0000000080004EEA] -> 0x15F6
[5055] [M]: 0x0000000080004EE8 (0x15F6BC23) sd t6, 344(a3)
mem[0x000000008000DCD8] <- 0xFFFFFFFF6F2F3D70
mem[X,0x0000000080004EEC] -> 0x6F37
mem[X,0x0000000080004EEE] -> 0x6666
[5056] [M]: 0x0000000080004EEC (0x66666F37) lui t5, 419430
x30 <- 0x0000000066666000
mem[X,0x0000000080004EF0] -> 0x0F13
mem[X,0x0000000080004EF2] -> 0x666F
[5057] [M]: 0x0000000080004EF0 (0x666F0F13) addi t5, t5, 1638
x30 <- 0x0000000066666666
mem[X,0x0000000080004EF4] -> 0x1F13
mem[X,0x0000000080004EF6] -> 0x00BF
[5058] [M]: 0x0000000080004EF4 (0x00BF1F13) slli t5, t5, 11
x30 <- 0x0000033333333000
mem[X,0x0000000080004EF8] -> 0x0F13
mem[X,0x0000000080004EFA] -> 0x333F
[5059] [M]: 0x0000000080004EF8 (0x333F0F13) addi t5, t5, 819
x30 <- 0x0000033333333333
mem[X,0x0000000080004EFC] -> 0x1F13
mem[X,0x0000000080004EFE] -> 0x00BF
[5060] [M]: 0x0000000080004EFC (0x00BF1F13) slli t5, t5, 11
x30 <- 0x0019999999999800
mem[X,0x0000000080004F00] -> 0x0F13
mem[X,0x0000000080004F02] -> 0x199F
[5061] [M]: 0x0000000080004F00 (0x199F0F13) addi t5, t5, 409
x30 <- 0x0019999999999999
mem[X,0x0000000080004F04] -> 0x1F13
mem[X,0x0000000080004F06] -> 0x00AF
[5062] [M]: 0x0000000080004F04 (0x00AF1F13) slli t5, t5, 10
x30 <- 0x6666666666666400
mem[X,0x0000000080004F08] -> 0x0F13
mem[X,0x0000000080004F0A] -> 0x266F
[5063] [M]: 0x0000000080004F08 (0x266F0F13) addi t5, t5, 614
x30 <- 0x6666666666666666
mem[X,0x0000000080004F0C] -> 0x0EB7
mem[X,0x0000000080004F0E] -> 0x0000
[5064] [M]: 0x0000000080004F0C (0x00000EB7) lui t4, 0
x29 <- 0x0000000000000000
mem[X,0x0000000080004F10] -> 0x8E93
mem[X,0x0000000080004F12] -> 0x000E
[5065] [M]: 0x0000000080004F10 (0x000E8E93) addi t4, t4, 0
x29 <- 0x0000000000000000
mem[X,0x0000000080004F14] -> 0x9E93
mem[X,0x0000000080004F16] -> 0x00BE
[5066] [M]: 0x0000000080004F14 (0x00BE9E93) slli t4, t4, 11
x29 <- 0x0000000000000000
mem[X,0x0000000080004F18] -> 0x8E93
mem[X,0x0000000080004F1A] -> 0x5A8E
[5067] [M]: 0x0000000080004F18 (0x5A8E8E93) addi t4, t4, 1448
x29 <- 0x00000000000005A8
mem[X,0x0000000080004F1C] -> 0x9E93
mem[X,0x0000000080004F1E] -> 0x00BE
[5068] [M]: 0x0000000080004F1C (0x00BE9E93) slli t4, t4, 11
x29 <- 0x00000000002D4000
mem[X,0x0000000080004F20] -> 0x8E93
mem[X,0x0000000080004F22] -> 0x13CE
[5069] [M]: 0x0000000080004F20 (0x13CE8E93) addi t4, t4, 316
x29 <- 0x00000000002D413C
mem[X,0x0000000080004F24] -> 0x9E93
mem[X,0x0000000080004F26] -> 0x00AE
[5070] [M]: 0x0000000080004F24 (0x00AE9E93) slli t4, t4, 10
x29 <- 0x00000000B504F000
mem[X,0x0000000080004F28] -> 0x8E93
mem[X,0x0000000080004F2A] -> 0x333E
[5071] [M]: 0x0000000080004F28 (0x333E8E93) addi t4, t4, 819
x29 <- 0x00000000B504F333
mem[X,0x0000000080004F2C] -> 0x4FB3
mem[X,0x0000000080004F2E] -> 0x03DF
[5072] [M]: 0x0000000080004F2C (0x03DF4FB3) div t6, t5, t4
x31 <- 0x0000000090D0C290
mem[X,0x0000000080004F30] -> 0xB023
mem[X,0x0000000080004F32] -> 0x17F6
[5073] [M]: 0x0000000080004F30 (0x17F6B023) sd t6, 352(a3)
mem[0x000000008000DCE0] <- 0x0000000090D0C290
mem[X,0x0000000080004F34] -> 0x6F37
mem[X,0x0000000080004F36] -> 0x6666
[5074] [M]: 0x0000000080004F34 (0x66666F37) lui t5, 419430
x30 <- 0x0000000066666000
mem[X,0x0000000080004F38] -> 0x0F13
mem[X,0x0000000080004F3A] -> 0x666F
[5075] [M]: 0x0000000080004F38 (0x666F0F13) addi t5, t5, 1638
x30 <- 0x0000000066666666
mem[X,0x0000000080004F3C] -> 0x1F13
mem[X,0x0000000080004F3E] -> 0x00BF
[5076] [M]: 0x0000000080004F3C (0x00BF1F13) slli t5, t5, 11
x30 <- 0x0000033333333000
mem[X,0x0000000080004F40] -> 0x0F13
mem[X,0x0000000080004F42] -> 0x333F
[5077] [M]: 0x0000000080004F40 (0x333F0F13) addi t5, t5, 819
x30 <- 0x0000033333333333
mem[X,0x0000000080004F44] -> 0x1F13
mem[X,0x0000000080004F46] -> 0x00BF
[5078] [M]: 0x0000000080004F44 (0x00BF1F13) slli t5, t5, 11
x30 <- 0x0019999999999800
mem[X,0x0000000080004F48] -> 0x0F13
mem[X,0x0000000080004F4A] -> 0x199F
[5079] [M]: 0x0000000080004F48 (0x199F0F13) addi t5, t5, 409
x30 <- 0x0019999999999999
mem[X,0x0000000080004F4C] -> 0x1F13
mem[X,0x0000000080004F4E] -> 0x00AF
[5080] [M]: 0x0000000080004F4C (0x00AF1F13) slli t5, t5, 10
x30 <- 0x6666666666666400
mem[X,0x0000000080004F50] -> 0x0F13
mem[X,0x0000000080004F52] -> 0x266F
[5081] [M]: 0x0000000080004F50 (0x266F0F13) addi t5, t5, 614
x30 <- 0x6666666666666666
mem[X,0x0000000080004F54] -> 0x0E93
mem[X,0x0000000080004F56] -> 0x0020
[5082] [M]: 0x0000000080004F54 (0x00200E93) addi t4, zero, 2
x29 <- 0x0000000000000002
mem[X,0x0000000080004F58] -> 0x4FB3
mem[X,0x0000000080004F5A] -> 0x03DF
[5083] [M]: 0x0000000080004F58 (0x03DF4FB3) div t6, t5, t4
x31 <- 0x3333333333333333
mem[X,0x0000000080004F5C] -> 0xB423
mem[X,0x0000000080004F5E] -> 0x17F6
[5084] [M]: 0x0000000080004F5C (0x17F6B423) sd t6, 360(a3)
mem[0x000000008000DCE8] <- 0x3333333333333333
mem[X,0x0000000080004F60] -> 0x6F37
mem[X,0x0000000080004F62] -> 0x6666
[5085] [M]: 0x0000000080004F60 (0x66666F37) lui t5, 419430
x30 <- 0x0000000066666000
mem[X,0x0000000080004F64] -> 0x0F13
mem[X,0x0000000080004F66] -> 0x666F
[5086] [M]: 0x0000000080004F64 (0x666F0F13) addi t5, t5, 1638
x30 <- 0x0000000066666666
mem[X,0x0000000080004F68] -> 0x1F13
mem[X,0x0000000080004F6A] -> 0x00BF
[5087] [M]: 0x0000000080004F68 (0x00BF1F13) slli t5, t5, 11
x30 <- 0x0000033333333000
mem[X,0x0000000080004F6C] -> 0x0F13
mem[X,0x0000000080004F6E] -> 0x333F
[5088] [M]: 0x0000000080004F6C (0x333F0F13) addi t5, t5, 819
x30 <- 0x0000033333333333
mem[X,0x0000000080004F70] -> 0x1F13
mem[X,0x0000000080004F72] -> 0x00BF
[5089] [M]: 0x0000000080004F70 (0x00BF1F13) slli t5, t5, 11
x30 <- 0x0019999999999800
mem[X,0x0000000080004F74] -> 0x0F13
mem[X,0x0000000080004F76] -> 0x199F
[5090] [M]: 0x0000000080004F74 (0x199F0F13) addi t5, t5, 409
x30 <- 0x0019999999999999
mem[X,0x0000000080004F78] -> 0x1F13
mem[X,0x0000000080004F7A] -> 0x00AF
[5091] [M]: 0x0000000080004F78 (0x00AF1F13) slli t5, t5, 10
x30 <- 0x6666666666666400
mem[X,0x0000000080004F7C] -> 0x0F13
mem[X,0x0000000080004F7E] -> 0x266F
[5092] [M]: 0x0000000080004F7C (0x266F0F13) addi t5, t5, 614
x30 <- 0x6666666666666666
mem[X,0x0000000080004F80] -> 0x5EB7
mem[X,0x0000000080004F82] -> 0x5555
[5093] [M]: 0x0000000080004F80 (0x55555EB7) lui t4, 349525
x29 <- 0x0000000055555000
mem[X,0x0000000080004F84] -> 0x8E93
mem[X,0x0000000080004F86] -> 0x555E
[5094] [M]: 0x0000000080004F84 (0x555E8E93) addi t4, t4, 1365
x29 <- 0x0000000055555555
mem[X,0x0000000080004F88] -> 0x9E93
mem[X,0x0000000080004F8A] -> 0x00BE
[5095] [M]: 0x0000000080004F88 (0x00BE9E93) slli t4, t4, 11
x29 <- 0x000002AAAAAAA800
mem[X,0x0000000080004F8C] -> 0x8E93
mem[X,0x0000000080004F8E] -> 0x2AAE
[5096] [M]: 0x0000000080004F8C (0x2AAE8E93) addi t4, t4, 682
x29 <- 0x000002AAAAAAAAAA
mem[X,0x0000000080004F90] -> 0x9E93
mem[X,0x0000000080004F92] -> 0x00BE
[5097] [M]: 0x0000000080004F90 (0x00BE9E93) slli t4, t4, 11
x29 <- 0x0015555555555000
mem[X,0x0000000080004F94] -> 0x8E93
mem[X,0x0000000080004F96] -> 0x555E
[5098] [M]: 0x0000000080004F94 (0x555E8E93) addi t4, t4, 1365
x29 <- 0x0015555555555555
mem[X,0x0000000080004F98] -> 0x9E93
mem[X,0x0000000080004F9A] -> 0x00AE
[5099] [M]: 0x0000000080004F98 (0x00AE9E93) slli t4, t4, 10
x29 <- 0x5555555555555400
clint::tick mtime <- 0x0000000000000033
 clint timer pending at mtime 0x0000000000000033
htif::tick 0x0000000000000000
mem[X,0x0000000080004F9C] -> 0x8E93
mem[X,0x0000000080004F9E] -> 0x154E
[5100] [M]: 0x0000000080004F9C (0x154E8E93) addi t4, t4, 340
x29 <- 0x5555555555555554
mem[X,0x0000000080004FA0] -> 0x4FB3
mem[X,0x0000000080004FA2] -> 0x03DF
[5101] [M]: 0x0000000080004FA0 (0x03DF4FB3) div t6, t5, t4
x31 <- 0x0000000000000001
mem[X,0x0000000080004FA4] -> 0xB823
mem[X,0x0000000080004FA6] -> 0x17F6
[5102] [M]: 0x0000000080004FA4 (0x17F6B823) sd t6, 368(a3)
mem[0x000000008000DCF0] <- 0x0000000000000001
mem[X,0x0000000080004FA8] -> 0x6F37
mem[X,0x0000000080004FAA] -> 0x6666
[5103] [M]: 0x0000000080004FA8 (0x66666F37) lui t5, 419430
x30 <- 0x0000000066666000
mem[X,0x0000000080004FAC] -> 0x0F13
mem[X,0x0000000080004FAE] -> 0x666F
[5104] [M]: 0x0000000080004FAC (0x666F0F13) addi t5, t5, 1638
x30 <- 0x0000000066666666
mem[X,0x0000000080004FB0] -> 0x1F13
mem[X,0x0000000080004FB2] -> 0x00BF
[5105] [M]: 0x0000000080004FB0 (0x00BF1F13) slli t5, t5, 11
x30 <- 0x0000033333333000
mem[X,0x0000000080004FB4] -> 0x0F13
mem[X,0x0000000080004FB6] -> 0x333F
[5106] [M]: 0x0000000080004FB4 (0x333F0F13) addi t5, t5, 819
x30 <- 0x0000033333333333
mem[X,0x0000000080004FB8] -> 0x1F13
mem[X,0x0000000080004FBA] -> 0x00BF
[5107] [M]: 0x0000000080004FB8 (0x00BF1F13) slli t5, t5, 11
x30 <- 0x0019999999999800
mem[X,0x0000000080004FBC] -> 0x0F13
mem[X,0x0000000080004FBE] -> 0x199F
[5108] [M]: 0x0000000080004FBC (0x199F0F13) addi t5, t5, 409
x30 <- 0x0019999999999999
mem[X,0x0000000080004FC0] -> 0x1F13
mem[X,0x0000000080004FC2] -> 0x00AF
[5109] [M]: 0x0000000080004FC0 (0x00AF1F13) slli t5, t5, 10
x30 <- 0x6666666666666400
mem[X,0x0000000080004FC4] -> 0x0F13
mem[X,0x0000000080004FC6] -> 0x266F
[5110] [M]: 0x0000000080004FC4 (0x266F0F13) addi t5, t5, 614
x30 <- 0x6666666666666666
mem[X,0x0000000080004FC8] -> 0x3EB7
mem[X,0x0000000080004FCA] -> 0x3333
[5111] [M]: 0x0000000080004FC8 (0x33333EB7) lui t4, 209715
x29 <- 0x0000000033333000
mem[X,0x0000000080004FCC] -> 0x8E93
mem[X,0x0000000080004FCE] -> 0x333E
[5112] [M]: 0x0000000080004FCC (0x333E8E93) addi t4, t4, 819
x29 <- 0x0000000033333333
mem[X,0x0000000080004FD0] -> 0x9E93
mem[X,0x0000000080004FD2] -> 0x00BE
[5113] [M]: 0x0000000080004FD0 (0x00BE9E93) slli t4, t4, 11
x29 <- 0x0000019999999800
mem[X,0x0000000080004FD4] -> 0x8E93
mem[X,0x0000000080004FD6] -> 0x199E
[5114] [M]: 0x0000000080004FD4 (0x199E8E93) addi t4, t4, 409
x29 <- 0x0000019999999999
mem[X,0x0000000080004FD8] -> 0x9E93
mem[X,0x0000000080004FDA] -> 0x00BE
[5115] [M]: 0x0000000080004FD8 (0x00BE9E93) slli t4, t4, 11
x29 <- 0x000CCCCCCCCCC800
mem[X,0x0000000080004FDC] -> 0x8E93
mem[X,0x0000000080004FDE] -> 0x4CCE
[5116] [M]: 0x0000000080004FDC (0x4CCE8E93) addi t4, t4, 1228
x29 <- 0x000CCCCCCCCCCCCC
mem[X,0x0000000080004FE0] -> 0x9E93
mem[X,0x0000000080004FE2] -> 0x00AE
[5117] [M]: 0x0000000080004FE0 (0x00AE9E93) slli t4, t4, 10
x29 <- 0x3333333333333000
mem[X,0x0000000080004FE4] -> 0x8E93
mem[X,0x0000000080004FE6] -> 0x332E
[5118] [M]: 0x0000000080004FE4 (0x332E8E93) addi t4, t4, 818
x29 <- 0x3333333333333332
mem[X,0x0000000080004FE8] -> 0x4FB3
mem[X,0x0000000080004FEA] -> 0x03DF
[5119] [M]: 0x0000000080004FE8 (0x03DF4FB3) div t6, t5, t4
x31 <- 0x0000000000000002
mem[X,0x0000000080004FEC] -> 0xBC23
mem[X,0x0000000080004FEE] -> 0x17F6
[5120] [M]: 0x0000000080004FEC (0x17F6BC23) sd t6, 376(a3)
mem[0x000000008000DCF8] <- 0x0000000000000002
mem[X,0x0000000080004FF0] -> 0x6F37
mem[X,0x0000000080004FF2] -> 0x6666
[5121] [M]: 0x0000000080004FF0 (0x66666F37) lui t5, 419430
x30 <- 0x0000000066666000
mem[X,0x0000000080004FF4] -> 0x0F13
mem[X,0x0000000080004FF6] -> 0x666F
[5122] [M]: 0x0000000080004FF4 (0x666F0F13) addi t5, t5, 1638
x30 <- 0x0000000066666666
mem[X,0x0000000080004FF8] -> 0x1F13
mem[X,0x0000000080004FFA] -> 0x00BF
[5123] [M]: 0x0000000080004FF8 (0x00BF1F13) slli t5, t5, 11
x30 <- 0x0000033333333000
mem[X,0x0000000080004FFC] -> 0x0F13
mem[X,0x0000000080004FFE] -> 0x333F
[5124] [M]: 0x0000000080004FFC (0x333F0F13) addi t5, t5, 819
x30 <- 0x0000033333333333
mem[X,0x0000000080005000] -> 0x1F13
mem[X,0x0000000080005002] -> 0x00BF
[5125] [M]: 0x0000000080005000 (0x00BF1F13) slli t5, t5, 11
x30 <- 0x0019999999999800
mem[X,0x0000000080005004] -> 0x0F13
mem[X,0x0000000080005006] -> 0x199F
[5126] [M]: 0x0000000080005004 (0x199F0F13) addi t5, t5, 409
x30 <- 0x0019999999999999
mem[X,0x0000000080005008] -> 0x1F13
mem[X,0x000000008000500A] -> 0x00AF
[5127] [M]: 0x0000000080005008 (0x00AF1F13) slli t5, t5, 10
x30 <- 0x6666666666666400
mem[X,0x000000008000500C] -> 0x0F13
mem[X,0x000000008000500E] -> 0x266F
[5128] [M]: 0x000000008000500C (0x266F0F13) addi t5, t5, 614
x30 <- 0x6666666666666666
mem[X,0x0000000080005010] -> 0x6EB7
mem[X,0x0000000080005012] -> 0x6666
[5129] [M]: 0x0000000080005010 (0x66666EB7) lui t4, 419430
x29 <- 0x0000000066666000
mem[X,0x0000000080005014] -> 0x8E93
mem[X,0x0000000080005016] -> 0x666E
[5130] [M]: 0x0000000080005014 (0x666E8E93) addi t4, t4, 1638
x29 <- 0x0000000066666666
mem[X,0x0000000080005018] -> 0x9E93
mem[X,0x000000008000501A] -> 0x00BE
[5131] [M]: 0x0000000080005018 (0x00BE9E93) slli t4, t4, 11
x29 <- 0x0000033333333000
mem[X,0x000000008000501C] -> 0x8E93
mem[X,0x000000008000501E] -> 0x333E
[5132] [M]: 0x000000008000501C (0x333E8E93) addi t4, t4, 819
x29 <- 0x0000033333333333
mem[X,0x0000000080005020] -> 0x9E93
mem[X,0x0000000080005022] -> 0x00BE
[5133] [M]: 0x0000000080005020 (0x00BE9E93) slli t4, t4, 11
x29 <- 0x0019999999999800
mem[X,0x0000000080005024] -> 0x8E93
mem[X,0x0000000080005026] -> 0x199E
[5134] [M]: 0x0000000080005024 (0x199E8E93) addi t4, t4, 409
x29 <- 0x0019999999999999
mem[X,0x0000000080005028] -> 0x9E93
mem[X,0x000000008000502A] -> 0x00AE
[5135] [M]: 0x0000000080005028 (0x00AE9E93) slli t4, t4, 10
x29 <- 0x6666666666666400
mem[X,0x000000008000502C] -> 0x8E93
mem[X,0x000000008000502E] -> 0x265E
[5136] [M]: 0x000000008000502C (0x265E8E93) addi t4, t4, 613
x29 <- 0x6666666666666665
mem[X,0x0000000080005030] -> 0x4FB3
mem[X,0x0000000080005032] -> 0x03DF
[5137] [M]: 0x0000000080005030 (0x03DF4FB3) div t6, t5, t4
x31 <- 0x0000000000000001
mem[X,0x0000000080005034] -> 0xB023
mem[X,0x0000000080005036] -> 0x19F6
[5138] [M]: 0x0000000080005034 (0x19F6B023) sd t6, 384(a3)
mem[0x000000008000DD00] <- 0x0000000000000001
mem[X,0x0000000080005038] -> 0x6F37
mem[X,0x000000008000503A] -> 0x6666
[5139] [M]: 0x0000000080005038 (0x66666F37) lui t5, 419430
x30 <- 0x0000000066666000
mem[X,0x000000008000503C] -> 0x0F13
mem[X,0x000000008000503E] -> 0x666F
[5140] [M]: 0x000000008000503C (0x666F0F13) addi t5, t5, 1638
x30 <- 0x0000000066666666
mem[X,0x0000000080005040] -> 0x1F13
mem[X,0x0000000080005042] -> 0x00BF
[5141] [M]: 0x0000000080005040 (0x00BF1F13) slli t5, t5, 11
x30 <- 0x0000033333333000
mem[X,0x0000000080005044] -> 0x0F13
mem[X,0x0000000080005046] -> 0x333F
[5142] [M]: 0x0000000080005044 (0x333F0F13) addi t5, t5, 819
x30 <- 0x0000033333333333
mem[X,0x0000000080005048] -> 0x1F13
mem[X,0x000000008000504A] -> 0x00BF
[5143] [M]: 0x0000000080005048 (0x00BF1F13) slli t5, t5, 11
x30 <- 0x0019999999999800
mem[X,0x000000008000504C] -> 0x0F13
mem[X,0x000000008000504E] -> 0x199F
[5144] [M]: 0x000000008000504C (0x199F0F13) addi t5, t5, 409
x30 <- 0x0019999999999999
mem[X,0x0000000080005050] -> 0x1F13
mem[X,0x0000000080005052] -> 0x00AF
[5145] [M]: 0x0000000080005050 (0x00AF1F13) slli t5, t5, 10
x30 <- 0x6666666666666400
mem[X,0x0000000080005054] -> 0x0F13
mem[X,0x0000000080005056] -> 0x266F
[5146] [M]: 0x0000000080005054 (0x266F0F13) addi t5, t5, 614
x30 <- 0x6666666666666666
mem[X,0x0000000080005058] -> 0x0E93
mem[X,0x000000008000505A] -> 0x0000
[5147] [M]: 0x0000000080005058 (0x00000E93) addi t4, zero, 0
x29 <- 0x0000000000000000
mem[X,0x000000008000505C] -> 0x4FB3
mem[X,0x000000008000505E] -> 0x03DF
[5148] [M]: 0x000000008000505C (0x03DF4FB3) div t6, t5, t4
x31 <- 0xFFFFFFFFFFFFFFFF
mem[X,0x0000000080005060] -> 0xB423
mem[X,0x0000000080005062] -> 0x19F6
[5149] [M]: 0x0000000080005060 (0x19F6B423) sd t6, 392(a3)
mem[0x000000008000DD08] <- 0xFFFFFFFFFFFFFFFF
mem[X,0x0000000080005064] -> 0x6F37
mem[X,0x0000000080005066] -> 0x6666
[5150] [M]: 0x0000000080005064 (0x66666F37) lui t5, 419430
x30 <- 0x0000000066666000
mem[X,0x0000000080005068] -> 0x0F13
mem[X,0x000000008000506A] -> 0x666F
[5151] [M]: 0x0000000080005068 (0x666F0F13) addi t5, t5, 1638
x30 <- 0x0000000066666666
mem[X,0x000000008000506C] -> 0x1F13
mem[X,0x000000008000506E] -> 0x00BF
[5152] [M]: 0x000000008000506C (0x00BF1F13) slli t5, t5, 11
x30 <- 0x0000033333333000
mem[X,0x0000000080005070] -> 0x0F13
mem[X,0x0000000080005072] -> 0x333F
[5153] [M]: 0x0000000080005070 (0x333F0F13) addi t5, t5, 819
x30 <- 0x0000033333333333
mem[X,0x0000000080005074] -> 0x1F13
mem[X,0x0000000080005076] -> 0x00BF
[5154] [M]: 0x0000000080005074 (0x00BF1F13) slli t5, t5, 11
x30 <- 0x0019999999999800
mem[X,0x0000000080005078] -> 0x0F13
mem[X,0x000000008000507A] -> 0x199F
[5155] [M]: 0x0000000080005078 (0x199F0F13) addi t5, t5, 409
x30 <- 0x0019999999999999
mem[X,0x000000008000507C] -> 0x1F13
mem[X,0x000000008000507E] -> 0x00AF
[5156] [M]: 0x000000008000507C (0x00AF1F13) slli t5, t5, 10
x30 <- 0x6666666666666400
mem[X,0x0000000080005080] -> 0x0F13
mem[X,0x0000000080005082] -> 0x266F
[5157] [M]: 0x0000000080005080 (0x266F0F13) addi t5, t5, 614
x30 <- 0x6666666666666666
mem[X,0x0000000080005084] -> 0x0EB7
mem[X,0x0000000080005086] -> 0x0000
[5158] [M]: 0x0000000080005084 (0x00000EB7) lui t4, 0
x29 <- 0x0000000000000000
mem[X,0x0000000080005088] -> 0x8E93
mem[X,0x000000008000508A] -> 0x000E
[5159] [M]: 0x0000000080005088 (0x000E8E93) addi t4, t4, 0
x29 <- 0x0000000000000000
mem[X,0x000000008000508C] -> 0x9E93
mem[X,0x000000008000508E] -> 0x00BE
[5160] [M]: 0x000000008000508C (0x00BE9E93) slli t4, t4, 11
x29 <- 0x0000000000000000
mem[X,0x0000000080005090] -> 0x8E93
mem[X,0x0000000080005092] -> 0x5A8E
[5161] [M]: 0x0000000080005090 (0x5A8E8E93) addi t4, t4, 1448
x29 <- 0x00000000000005A8
mem[X,0x0000000080005094] -> 0x9E93
mem[X,0x0000000080005096] -> 0x00BE
[5162] [M]: 0x0000000080005094 (0x00BE9E93) slli t4, t4, 11
x29 <- 0x00000000002D4000
mem[X,0x0000000080005098] -> 0x8E93
mem[X,0x000000008000509A] -> 0x13CE
[5163] [M]: 0x0000000080005098 (0x13CE8E93) addi t4, t4, 316
x29 <- 0x00000000002D413C
mem[X,0x000000008000509C] -> 0x9E93
mem[X,0x000000008000509E] -> 0x00AE
[5164] [M]: 0x000000008000509C (0x00AE9E93) slli t4, t4, 10
x29 <- 0x00000000B504F000
mem[X,0x00000000800050A0] -> 0x8E93
mem[X,0x00000000800050A2] -> 0x332E
[5165] [M]: 0x00000000800050A0 (0x332E8E93) addi t4, t4, 818
x29 <- 0x00000000B504F332
mem[X,0x00000000800050A4] -> 0x4FB3
mem[X,0x00000000800050A6] -> 0x03DF
[5166] [M]: 0x00000000800050A4 (0x03DF4FB3) div t6, t5, t4
x31 <- 0x0000000090D0C291
mem[X,0x00000000800050A8] -> 0xB823
mem[X,0x00000000800050AA] -> 0x19F6
[5167] [M]: 0x00000000800050A8 (0x19F6B823) sd t6, 400(a3)
mem[0x000000008000DD10] <- 0x0000000090D0C291
mem[X,0x00000000800050AC] -> 0x6F37
mem[X,0x00000000800050AE] -> 0x6666
[5168] [M]: 0x00000000800050AC (0x66666F37) lui t5, 419430
x30 <- 0x0000000066666000
mem[X,0x00000000800050B0] -> 0x0F13
mem[X,0x00000000800050B2] -> 0x666F
[5169] [M]: 0x00000000800050B0 (0x666F0F13) addi t5, t5, 1638
x30 <- 0x0000000066666666
mem[X,0x00000000800050B4] -> 0x1F13
mem[X,0x00000000800050B6] -> 0x00BF
[5170] [M]: 0x00000000800050B4 (0x00BF1F13) slli t5, t5, 11
x30 <- 0x0000033333333000
mem[X,0x00000000800050B8] -> 0x0F13
mem[X,0x00000000800050BA] -> 0x333F
[5171] [M]: 0x00000000800050B8 (0x333F0F13) addi t5, t5, 819
x30 <- 0x0000033333333333
mem[X,0x00000000800050BC] -> 0x1F13
mem[X,0x00000000800050BE] -> 0x00BF
[5172] [M]: 0x00000000800050BC (0x00BF1F13) slli t5, t5, 11
x30 <- 0x0019999999999800
mem[X,0x00000000800050C0] -> 0x0F13
mem[X,0x00000000800050C2] -> 0x199F
[5173] [M]: 0x00000000800050C0 (0x199F0F13) addi t5, t5, 409
x30 <- 0x0019999999999999
mem[X,0x00000000800050C4] -> 0x1F13
mem[X,0x00000000800050C6] -> 0x00AF
[5174] [M]: 0x00000000800050C4 (0x00AF1F13) slli t5, t5, 10
x30 <- 0x6666666666666400
mem[X,0x00000000800050C8] -> 0x0F13
mem[X,0x00000000800050CA] -> 0x266F
[5175] [M]: 0x00000000800050C8 (0x266F0F13) addi t5, t5, 614
x30 <- 0x6666666666666666
mem[X,0x00000000800050CC] -> 0x0E93
mem[X,0x00000000800050CE] -> 0x0040
[5176] [M]: 0x00000000800050CC (0x00400E93) addi t4, zero, 4
x29 <- 0x0000000000000004
mem[X,0x00000000800050D0] -> 0x4FB3
mem[X,0x00000000800050D2] -> 0x03DF
[5177] [M]: 0x00000000800050D0 (0x03DF4FB3) div t6, t5, t4
x31 <- 0x1999999999999999
mem[X,0x00000000800050D4] -> 0xBC23
mem[X,0x00000000800050D6] -> 0x19F6
[5178] [M]: 0x00000000800050D4 (0x19F6BC23) sd t6, 408(a3)
mem[0x000000008000DD18] <- 0x1999999999999999
mem[X,0x00000000800050D8] -> 0x6F37
mem[X,0x00000000800050DA] -> 0x6666
[5179] [M]: 0x00000000800050D8 (0x66666F37) lui t5, 419430
x30 <- 0x0000000066666000
mem[X,0x00000000800050DC] -> 0x0F13
mem[X,0x00000000800050DE] -> 0x666F
[5180] [M]: 0x00000000800050DC (0x666F0F13) addi t5, t5, 1638
x30 <- 0x0000000066666666
mem[X,0x00000000800050E0] -> 0x1F13
mem[X,0x00000000800050E2] -> 0x00BF
[5181] [M]: 0x00000000800050E0 (0x00BF1F13) slli t5, t5, 11
x30 <- 0x0000033333333000
mem[X,0x00000000800050E4] -> 0x0F13
mem[X,0x00000000800050E6] -> 0x333F
[5182] [M]: 0x00000000800050E4 (0x333F0F13) addi t5, t5, 819
x30 <- 0x0000033333333333
mem[X,0x00000000800050E8] -> 0x1F13
mem[X,0x00000000800050EA] -> 0x00BF
[5183] [M]: 0x00000000800050E8 (0x00BF1F13) slli t5, t5, 11
x30 <- 0x0019999999999800
mem[X,0x00000000800050EC] -> 0x0F13
mem[X,0x00000000800050EE] -> 0x199F
[5184] [M]: 0x00000000800050EC (0x199F0F13) addi t5, t5, 409
x30 <- 0x0019999999999999
mem[X,0x00000000800050F0] -> 0x1F13
mem[X,0x00000000800050F2] -> 0x00AF
[5185] [M]: 0x00000000800050F0 (0x00AF1F13) slli t5, t5, 10
x30 <- 0x6666666666666400
mem[X,0x00000000800050F4] -> 0x0F13
mem[X,0x00000000800050F6] -> 0x266F
[5186] [M]: 0x00000000800050F4 (0x266F0F13) addi t5, t5, 614
x30 <- 0x6666666666666666
mem[X,0x00000000800050F8] -> 0x5EB7
mem[X,0x00000000800050FA] -> 0x5555
[5187] [M]: 0x00000000800050F8 (0x55555EB7) lui t4, 349525
x29 <- 0x0000000055555000
mem[X,0x00000000800050FC] -> 0x8E93
mem[X,0x00000000800050FE] -> 0x555E
[5188] [M]: 0x00000000800050FC (0x555E8E93) addi t4, t4, 1365
x29 <- 0x0000000055555555
mem[X,0x0000000080005100] -> 0x9E93
mem[X,0x0000000080005102] -> 0x00BE
[5189] [M]: 0x0000000080005100 (0x00BE9E93) slli t4, t4, 11
x29 <- 0x000002AAAAAAA800
mem[X,0x0000000080005104] -> 0x8E93
mem[X,0x0000000080005106] -> 0x2AAE
[5190] [M]: 0x0000000080005104 (0x2AAE8E93) addi t4, t4, 682
x29 <- 0x000002AAAAAAAAAA
mem[X,0x0000000080005108] -> 0x9E93
mem[X,0x000000008000510A] -> 0x00BE
[5191] [M]: 0x0000000080005108 (0x00BE9E93) slli t4, t4, 11
x29 <- 0x0015555555555000
mem[X,0x000000008000510C] -> 0x8E93
mem[X,0x000000008000510E] -> 0x555E
[5192] [M]: 0x000000008000510C (0x555E8E93) addi t4, t4, 1365
x29 <- 0x0015555555555555
mem[X,0x0000000080005110] -> 0x9E93
mem[X,0x0000000080005112] -> 0x00AE
[5193] [M]: 0x0000000080005110 (0x00AE9E93) slli t4, t4, 10
x29 <- 0x5555555555555400
mem[X,0x0000000080005114] -> 0x8E93
mem[X,0x0000000080005116] -> 0x156E
[5194] [M]: 0x0000000080005114 (0x156E8E93) addi t4, t4, 342
x29 <- 0x5555555555555556
mem[X,0x0000000080005118] -> 0x4FB3
mem[X,0x000000008000511A] -> 0x03DF
[5195] [M]: 0x0000000080005118 (0x03DF4FB3) div t6, t5, t4
x31 <- 0x0000000000000001
mem[X,0x000000008000511C] -> 0xB023
mem[X,0x000000008000511E] -> 0x1BF6
[5196] [M]: 0x000000008000511C (0x1BF6B023) sd t6, 416(a3)
mem[0x000000008000DD20] <- 0x0000000000000001
mem[X,0x0000000080005120] -> 0x6F37
mem[X,0x0000000080005122] -> 0x6666
[5197] [M]: 0x0000000080005120 (0x66666F37) lui t5, 419430
x30 <- 0x0000000066666000
mem[X,0x0000000080005124] -> 0x0F13
mem[X,0x0000000080005126] -> 0x666F
[5198] [M]: 0x0000000080005124 (0x666F0F13) addi t5, t5, 1638
x30 <- 0x0000000066666666
mem[X,0x0000000080005128] -> 0x1F13
mem[X,0x000000008000512A] -> 0x00BF
[5199] [M]: 0x0000000080005128 (0x00BF1F13) slli t5, t5, 11
x30 <- 0x0000033333333000
clint::tick mtime <- 0x0000000000000034
 clint timer pending at mtime 0x0000000000000034
htif::tick 0x0000000000000000
mem[X,0x000000008000512C] -> 0x0F13
mem[X,0x000000008000512E] -> 0x333F
[5200] [M]: 0x000000008000512C (0x333F0F13) addi t5, t5, 819
x30 <- 0x0000033333333333
mem[X,0x0000000080005130] -> 0x1F13
mem[X,0x0000000080005132] -> 0x00BF
[5201] [M]: 0x0000000080005130 (0x00BF1F13) slli t5, t5, 11
x30 <- 0x0019999999999800
mem[X,0x0000000080005134] -> 0x0F13
mem[X,0x0000000080005136] -> 0x199F
[5202] [M]: 0x0000000080005134 (0x199F0F13) addi t5, t5, 409
x30 <- 0x0019999999999999
mem[X,0x0000000080005138] -> 0x1F13
mem[X,0x000000008000513A] -> 0x00AF
[5203] [M]: 0x0000000080005138 (0x00AF1F13) slli t5, t5, 10
x30 <- 0x6666666666666400
mem[X,0x000000008000513C] -> 0x0F13
mem[X,0x000000008000513E] -> 0x266F
[5204] [M]: 0x000000008000513C (0x266F0F13) addi t5, t5, 614
x30 <- 0x6666666666666666
mem[X,0x0000000080005140] -> 0xBEB7
mem[X,0x0000000080005142] -> 0xAAAA
[5205] [M]: 0x0000000080005140 (0xAAAABEB7) lui t4, 699051
x29 <- 0xFFFFFFFFAAAAB000
mem[X,0x0000000080005144] -> 0x8E93
mem[X,0x0000000080005146] -> 0xAAAE
[5206] [M]: 0x0000000080005144 (0xAAAE8E93) addi t4, t4, 2730
x29 <- 0xFFFFFFFFAAAAAAAA
mem[X,0x0000000080005148] -> 0x9E93
mem[X,0x000000008000514A] -> 0x00BE
[5207] [M]: 0x0000000080005148 (0x00BE9E93) slli t4, t4, 11
x29 <- 0xFFFFFD5555555000
mem[X,0x000000008000514C] -> 0x8E93
mem[X,0x000000008000514E] -> 0x555E
[5208] [M]: 0x000000008000514C (0x555E8E93) addi t4, t4, 1365
x29 <- 0xFFFFFD5555555555
mem[X,0x0000000080005150] -> 0x9E93
mem[X,0x0000000080005152] -> 0x00BE
[5209] [M]: 0x0000000080005150 (0x00BE9E93) slli t4, t4, 11
x29 <- 0xFFEAAAAAAAAAA800
mem[X,0x0000000080005154] -> 0x8E93
mem[X,0x0000000080005156] -> 0x2AAE
[5210] [M]: 0x0000000080005154 (0x2AAE8E93) addi t4, t4, 682
x29 <- 0xFFEAAAAAAAAAAAAA
mem[X,0x0000000080005158] -> 0x9E93
mem[X,0x000000008000515A] -> 0x00AE
[5211] [M]: 0x0000000080005158 (0x00AE9E93) slli t4, t4, 10
x29 <- 0xAAAAAAAAAAAAA800
mem[X,0x000000008000515C] -> 0x8E93
mem[X,0x000000008000515E] -> 0x2ABE
[5212] [M]: 0x000000008000515C (0x2ABE8E93) addi t4, t4, 683
x29 <- 0xAAAAAAAAAAAAAAAB
mem[X,0x0000000080005160] -> 0x4FB3
mem[X,0x0000000080005162] -> 0x03DF
[5213] [M]: 0x0000000080005160 (0x03DF4FB3) div t6, t5, t4
x31 <- 0xFFFFFFFFFFFFFFFF
mem[X,0x0000000080005164] -> 0xB423
mem[X,0x0000000080005166] -> 0x1BF6
[5214] [M]: 0x0000000080005164 (0x1BF6B423) sd t6, 424(a3)
mem[0x000000008000DD28] <- 0xFFFFFFFFFFFFFFFF
mem[X,0x0000000080005168] -> 0x6F37
mem[X,0x000000008000516A] -> 0x6666
[5215] [M]: 0x0000000080005168 (0x66666F37) lui t5, 419430
x30 <- 0x0000000066666000
mem[X,0x000000008000516C] -> 0x0F13
mem[X,0x000000008000516E] -> 0x666F
[5216] [M]: 0x000000008000516C (0x666F0F13) addi t5, t5, 1638
x30 <- 0x0000000066666666
mem[X,0x0000000080005170] -> 0x1F13
mem[X,0x0000000080005172] -> 0x00BF
[5217] [M]: 0x0000000080005170 (0x00BF1F13) slli t5, t5, 11
x30 <- 0x0000033333333000
mem[X,0x0000000080005174] -> 0x0F13
mem[X,0x0000000080005176] -> 0x333F
[5218] [M]: 0x0000000080005174 (0x333F0F13) addi t5, t5, 819
x30 <- 0x0000033333333333
mem[X,0x0000000080005178] -> 0x1F13
mem[X,0x000000008000517A] -> 0x00BF
[5219] [M]: 0x0000000080005178 (0x00BF1F13) slli t5, t5, 11
x30 <- 0x0019999999999800
mem[X,0x000000008000517C] -> 0x0F13
mem[X,0x000000008000517E] -> 0x199F
[5220] [M]: 0x000000008000517C (0x199F0F13) addi t5, t5, 409
x30 <- 0x0019999999999999
mem[X,0x0000000080005180] -> 0x1F13
mem[X,0x0000000080005182] -> 0x00AF
[5221] [M]: 0x0000000080005180 (0x00AF1F13) slli t5, t5, 10
x30 <- 0x6666666666666400
mem[X,0x0000000080005184] -> 0x0F13
mem[X,0x0000000080005186] -> 0x266F
[5222] [M]: 0x0000000080005184 (0x266F0F13) addi t5, t5, 614
x30 <- 0x6666666666666666
mem[X,0x0000000080005188] -> 0x0E93
mem[X,0x000000008000518A] -> 0x0060
[5223] [M]: 0x0000000080005188 (0x00600E93) addi t4, zero, 6
x29 <- 0x0000000000000006
mem[X,0x000000008000518C] -> 0x4FB3
mem[X,0x000000008000518E] -> 0x03DF
[5224] [M]: 0x000000008000518C (0x03DF4FB3) div t6, t5, t4
x31 <- 0x1111111111111111
mem[X,0x0000000080005190] -> 0xB823
mem[X,0x0000000080005192] -> 0x1BF6
[5225] [M]: 0x0000000080005190 (0x1BF6B823) sd t6, 432(a3)
mem[0x000000008000DD30] <- 0x1111111111111111
mem[X,0x0000000080005194] -> 0x6F37
mem[X,0x0000000080005196] -> 0x6666
[5226] [M]: 0x0000000080005194 (0x66666F37) lui t5, 419430
x30 <- 0x0000000066666000
mem[X,0x0000000080005198] -> 0x0F13
mem[X,0x000000008000519A] -> 0x666F
[5227] [M]: 0x0000000080005198 (0x666F0F13) addi t5, t5, 1638
x30 <- 0x0000000066666666
mem[X,0x000000008000519C] -> 0x1F13
mem[X,0x000000008000519E] -> 0x00BF
[5228] [M]: 0x000000008000519C (0x00BF1F13) slli t5, t5, 11
x30 <- 0x0000033333333000
mem[X,0x00000000800051A0] -> 0x0F13
mem[X,0x00000000800051A2] -> 0x333F
[5229] [M]: 0x00000000800051A0 (0x333F0F13) addi t5, t5, 819
x30 <- 0x0000033333333333
mem[X,0x00000000800051A4] -> 0x1F13
mem[X,0x00000000800051A6] -> 0x00BF
[5230] [M]: 0x00000000800051A4 (0x00BF1F13) slli t5, t5, 11
x30 <- 0x0019999999999800
mem[X,0x00000000800051A8] -> 0x0F13
mem[X,0x00000000800051AA] -> 0x199F
[5231] [M]: 0x00000000800051A8 (0x199F0F13) addi t5, t5, 409
x30 <- 0x0019999999999999
mem[X,0x00000000800051AC] -> 0x1F13
mem[X,0x00000000800051AE] -> 0x00AF
[5232] [M]: 0x00000000800051AC (0x00AF1F13) slli t5, t5, 10
x30 <- 0x6666666666666400
mem[X,0x00000000800051B0] -> 0x0F13
mem[X,0x00000000800051B2] -> 0x266F
[5233] [M]: 0x00000000800051B0 (0x266F0F13) addi t5, t5, 614
x30 <- 0x6666666666666666
mem[X,0x00000000800051B4] -> 0x3EB7
mem[X,0x00000000800051B6] -> 0x3333
[5234] [M]: 0x00000000800051B4 (0x33333EB7) lui t4, 209715
x29 <- 0x0000000033333000
mem[X,0x00000000800051B8] -> 0x8E93
mem[X,0x00000000800051BA] -> 0x333E
[5235] [M]: 0x00000000800051B8 (0x333E8E93) addi t4, t4, 819
x29 <- 0x0000000033333333
mem[X,0x00000000800051BC] -> 0x9E93
mem[X,0x00000000800051BE] -> 0x00BE
[5236] [M]: 0x00000000800051BC (0x00BE9E93) slli t4, t4, 11
x29 <- 0x0000019999999800
mem[X,0x00000000800051C0] -> 0x8E93
mem[X,0x00000000800051C2] -> 0x199E
[5237] [M]: 0x00000000800051C0 (0x199E8E93) addi t4, t4, 409
x29 <- 0x0000019999999999
mem[X,0x00000000800051C4] -> 0x9E93
mem[X,0x00000000800051C6] -> 0x00BE
[5238] [M]: 0x00000000800051C4 (0x00BE9E93) slli t4, t4, 11
x29 <- 0x000CCCCCCCCCC800
mem[X,0x00000000800051C8] -> 0x8E93
mem[X,0x00000000800051CA] -> 0x4CCE
[5239] [M]: 0x00000000800051C8 (0x4CCE8E93) addi t4, t4, 1228
x29 <- 0x000CCCCCCCCCCCCC
mem[X,0x00000000800051CC] -> 0x9E93
mem[X,0x00000000800051CE] -> 0x00AE
[5240] [M]: 0x00000000800051CC (0x00AE9E93) slli t4, t4, 10
x29 <- 0x3333333333333000
mem[X,0x00000000800051D0] -> 0x8E93
mem[X,0x00000000800051D2] -> 0x334E
[5241] [M]: 0x00000000800051D0 (0x334E8E93) addi t4, t4, 820
x29 <- 0x3333333333333334
mem[X,0x00000000800051D4] -> 0x4FB3
mem[X,0x00000000800051D6] -> 0x03DF
[5242] [M]: 0x00000000800051D4 (0x03DF4FB3) div t6, t5, t4
x31 <- 0x0000000000000001
mem[X,0x00000000800051D8] -> 0xBC23
mem[X,0x00000000800051DA] -> 0x1BF6
[5243] [M]: 0x00000000800051D8 (0x1BF6BC23) sd t6, 440(a3)
mem[0x000000008000DD38] <- 0x0000000000000001
mem[X,0x00000000800051DC] -> 0x6F37
mem[X,0x00000000800051DE] -> 0x6666
[5244] [M]: 0x00000000800051DC (0x66666F37) lui t5, 419430
x30 <- 0x0000000066666000
mem[X,0x00000000800051E0] -> 0x0F13
mem[X,0x00000000800051E2] -> 0x666F
[5245] [M]: 0x00000000800051E0 (0x666F0F13) addi t5, t5, 1638
x30 <- 0x0000000066666666
mem[X,0x00000000800051E4] -> 0x1F13
mem[X,0x00000000800051E6] -> 0x00BF
[5246] [M]: 0x00000000800051E4 (0x00BF1F13) slli t5, t5, 11
x30 <- 0x0000033333333000
mem[X,0x00000000800051E8] -> 0x0F13
mem[X,0x00000000800051EA] -> 0x333F
[5247] [M]: 0x00000000800051E8 (0x333F0F13) addi t5, t5, 819
x30 <- 0x0000033333333333
mem[X,0x00000000800051EC] -> 0x1F13
mem[X,0x00000000800051EE] -> 0x00BF
[5248] [M]: 0x00000000800051EC (0x00BF1F13) slli t5, t5, 11
x30 <- 0x0019999999999800
mem[X,0x00000000800051F0] -> 0x0F13
mem[X,0x00000000800051F2] -> 0x199F
[5249] [M]: 0x00000000800051F0 (0x199F0F13) addi t5, t5, 409
x30 <- 0x0019999999999999
mem[X,0x00000000800051F4] -> 0x1F13
mem[X,0x00000000800051F6] -> 0x00AF
[5250] [M]: 0x00000000800051F4 (0x00AF1F13) slli t5, t5, 10
x30 <- 0x6666666666666400
mem[X,0x00000000800051F8] -> 0x0F13
mem[X,0x00000000800051FA] -> 0x266F
[5251] [M]: 0x00000000800051F8 (0x266F0F13) addi t5, t5, 614
x30 <- 0x6666666666666666
mem[X,0x00000000800051FC] -> 0x6EB7
mem[X,0x00000000800051FE] -> 0x6666
[5252] [M]: 0x00000000800051FC (0x66666EB7) lui t4, 419430
x29 <- 0x0000000066666000
mem[X,0x0000000080005200] -> 0x8E93
mem[X,0x0000000080005202] -> 0x666E
[5253] [M]: 0x0000000080005200 (0x666E8E93) addi t4, t4, 1638
x29 <- 0x0000000066666666
mem[X,0x0000000080005204] -> 0x9E93
mem[X,0x0000000080005206] -> 0x00BE
[5254] [M]: 0x0000000080005204 (0x00BE9E93) slli t4, t4, 11
x29 <- 0x0000033333333000
mem[X,0x0000000080005208] -> 0x8E93
mem[X,0x000000008000520A] -> 0x333E
[5255] [M]: 0x0000000080005208 (0x333E8E93) addi t4, t4, 819
x29 <- 0x0000033333333333
mem[X,0x000000008000520C] -> 0x9E93
mem[X,0x000000008000520E] -> 0x00BE
[5256] [M]: 0x000000008000520C (0x00BE9E93) slli t4, t4, 11
x29 <- 0x0019999999999800
mem[X,0x0000000080005210] -> 0x8E93
mem[X,0x0000000080005212] -> 0x199E
[5257] [M]: 0x0000000080005210 (0x199E8E93) addi t4, t4, 409
x29 <- 0x0019999999999999
mem[X,0x0000000080005214] -> 0x9E93
mem[X,0x0000000080005216] -> 0x00AE
[5258] [M]: 0x0000000080005214 (0x00AE9E93) slli t4, t4, 10
x29 <- 0x6666666666666400
mem[X,0x0000000080005218] -> 0x8E93
mem[X,0x000000008000521A] -> 0x267E
[5259] [M]: 0x0000000080005218 (0x267E8E93) addi t4, t4, 615
x29 <- 0x6666666666666667
mem[X,0x000000008000521C] -> 0x4FB3
mem[X,0x000000008000521E] -> 0x03DF
[5260] [M]: 0x000000008000521C (0x03DF4FB3) div t6, t5, t4
x31 <- 0x0000000000000000
mem[X,0x0000000080005220] -> 0xB023
mem[X,0x0000000080005222] -> 0x1DF6
[5261] [M]: 0x0000000080005220 (0x1DF6B023) sd t6, 448(a3)
mem[0x000000008000DD40] <- 0x0000000000000000
mem[X,0x0000000080005224] -> 0x6F37
mem[X,0x0000000080005226] -> 0x6666
[5262] [M]: 0x0000000080005224 (0x66666F37) lui t5, 419430
x30 <- 0x0000000066666000
mem[X,0x0000000080005228] -> 0x0F13
mem[X,0x000000008000522A] -> 0x666F
[5263] [M]: 0x0000000080005228 (0x666F0F13) addi t5, t5, 1638
x30 <- 0x0000000066666666
mem[X,0x000000008000522C] -> 0x1F13
mem[X,0x000000008000522E] -> 0x00BF
[5264] [M]: 0x000000008000522C (0x00BF1F13) slli t5, t5, 11
x30 <- 0x0000033333333000
mem[X,0x0000000080005230] -> 0x0F13
mem[X,0x0000000080005232] -> 0x333F
[5265] [M]: 0x0000000080005230 (0x333F0F13) addi t5, t5, 819
x30 <- 0x0000033333333333
mem[X,0x0000000080005234] -> 0x1F13
mem[X,0x0000000080005236] -> 0x00BF
[5266] [M]: 0x0000000080005234 (0x00BF1F13) slli t5, t5, 11
x30 <- 0x0019999999999800
mem[X,0x0000000080005238] -> 0x0F13
mem[X,0x000000008000523A] -> 0x199F
[5267] [M]: 0x0000000080005238 (0x199F0F13) addi t5, t5, 409
x30 <- 0x0019999999999999
mem[X,0x000000008000523C] -> 0x1F13
mem[X,0x000000008000523E] -> 0x00AF
[5268] [M]: 0x000000008000523C (0x00AF1F13) slli t5, t5, 10
x30 <- 0x6666666666666400
mem[X,0x0000000080005240] -> 0x0F13
mem[X,0x0000000080005242] -> 0x266F
[5269] [M]: 0x0000000080005240 (0x266F0F13) addi t5, t5, 614
x30 <- 0x6666666666666666
mem[X,0x0000000080005244] -> 0x0EB7
mem[X,0x0000000080005246] -> 0x0000
[5270] [M]: 0x0000000080005244 (0x00000EB7) lui t4, 0
x29 <- 0x0000000000000000
mem[X,0x0000000080005248] -> 0x8E93
mem[X,0x000000008000524A] -> 0xFFFE
[5271] [M]: 0x0000000080005248 (0xFFFE8E93) addi t4, t4, 4095
x29 <- 0xFFFFFFFFFFFFFFFF
mem[X,0x000000008000524C] -> 0x9E93
mem[X,0x000000008000524E] -> 0x00BE
[5272] [M]: 0x000000008000524C (0x00BE9E93) slli t4, t4, 11
x29 <- 0xFFFFFFFFFFFFF800
mem[X,0x0000000080005250] -> 0x8E93
mem[X,0x0000000080005252] -> 0x257E
[5273] [M]: 0x0000000080005250 (0x257E8E93) addi t4, t4, 599
x29 <- 0xFFFFFFFFFFFFFA57
mem[X,0x0000000080005254] -> 0x9E93
mem[X,0x0000000080005256] -> 0x00BE
[5274] [M]: 0x0000000080005254 (0x00BE9E93) slli t4, t4, 11
x29 <- 0xFFFFFFFFFFD2B800
mem[X,0x0000000080005258] -> 0x8E93
mem[X,0x000000008000525A] -> 0x6C3E
[5275] [M]: 0x0000000080005258 (0x6C3E8E93) addi t4, t4, 1731
x29 <- 0xFFFFFFFFFFD2BEC3
mem[X,0x000000008000525C] -> 0x9E93
mem[X,0x000000008000525E] -> 0x00AE
[5276] [M]: 0x000000008000525C (0x00AE9E93) slli t4, t4, 10
x29 <- 0xFFFFFFFF4AFB0C00
mem[X,0x0000000080005260] -> 0x8E93
mem[X,0x0000000080005262] -> 0x0CEE
[5277] [M]: 0x0000000080005260 (0x0CEE8E93) addi t4, t4, 206
x29 <- 0xFFFFFFFF4AFB0CCE
mem[X,0x0000000080005264] -> 0x4FB3
mem[X,0x0000000080005266] -> 0x03DF
[5278] [M]: 0x0000000080005264 (0x03DF4FB3) div t6, t5, t4
x31 <- 0xFFFFFFFF6F2F3D6F
mem[X,0x0000000080005268] -> 0xB423
mem[X,0x000000008000526A] -> 0x1DF6
[5279] [M]: 0x0000000080005268 (0x1DF6B423) sd t6, 456(a3)
mem[0x000000008000DD48] <- 0xFFFFFFFF6F2F3D6F
mem[X,0x000000008000526C] -> 0x6F37
mem[X,0x000000008000526E] -> 0x6666
[5280] [M]: 0x000000008000526C (0x66666F37) lui t5, 419430
x30 <- 0x0000000066666000
mem[X,0x0000000080005270] -> 0x0F13
mem[X,0x0000000080005272] -> 0x666F
[5281] [M]: 0x0000000080005270 (0x666F0F13) addi t5, t5, 1638
x30 <- 0x0000000066666666
mem[X,0x0000000080005274] -> 0x1F13
mem[X,0x0000000080005276] -> 0x00BF
[5282] [M]: 0x0000000080005274 (0x00BF1F13) slli t5, t5, 11
x30 <- 0x0000033333333000
mem[X,0x0000000080005278] -> 0x0F13
mem[X,0x000000008000527A] -> 0x333F
[5283] [M]: 0x0000000080005278 (0x333F0F13) addi t5, t5, 819
x30 <- 0x0000033333333333
mem[X,0x000000008000527C] -> 0x1F13
mem[X,0x000000008000527E] -> 0x00BF
[5284] [M]: 0x000000008000527C (0x00BF1F13) slli t5, t5, 11
x30 <- 0x0019999999999800
mem[X,0x0000000080005280] -> 0x0F13
mem[X,0x0000000080005282] -> 0x199F
[5285] [M]: 0x0000000080005280 (0x199F0F13) addi t5, t5, 409
x30 <- 0x0019999999999999
mem[X,0x0000000080005284] -> 0x1F13
mem[X,0x0000000080005286] -> 0x00AF
[5286] [M]: 0x0000000080005284 (0x00AF1F13) slli t5, t5, 10
x30 <- 0x6666666666666400
mem[X,0x0000000080005288] -> 0x0F13
mem[X,0x000000008000528A] -> 0x266F
[5287] [M]: 0x0000000080005288 (0x266F0F13) addi t5, t5, 614
x30 <- 0x6666666666666666
mem[X,0x000000008000528C] -> 0x0EB7
mem[X,0x000000008000528E] -> 0x0000
[5288] [M]: 0x000000008000528C (0x00000EB7) lui t4, 0
x29 <- 0x0000000000000000
mem[X,0x0000000080005290] -> 0x8E93
mem[X,0x0000000080005292] -> 0x000E
[5289] [M]: 0x0000000080005290 (0x000E8E93) addi t4, t4, 0
x29 <- 0x0000000000000000
mem[X,0x0000000080005294] -> 0x9E93
mem[X,0x0000000080005296] -> 0x00BE
[5290] [M]: 0x0000000080005294 (0x00BE9E93) slli t4, t4, 11
x29 <- 0x0000000000000000
mem[X,0x0000000080005298] -> 0x8E93
mem[X,0x000000008000529A] -> 0x5A8E
[5291] [M]: 0x0000000080005298 (0x5A8E8E93) addi t4, t4, 1448
x29 <- 0x00000000000005A8
mem[X,0x000000008000529C] -> 0x9E93
mem[X,0x000000008000529E] -> 0x00BE
[5292] [M]: 0x000000008000529C (0x00BE9E93) slli t4, t4, 11
x29 <- 0x00000000002D4000
mem[X,0x00000000800052A0] -> 0x8E93
mem[X,0x00000000800052A2] -> 0x13CE
[5293] [M]: 0x00000000800052A0 (0x13CE8E93) addi t4, t4, 316
x29 <- 0x00000000002D413C
mem[X,0x00000000800052A4] -> 0x9E93
mem[X,0x00000000800052A6] -> 0x00AE
[5294] [M]: 0x00000000800052A4 (0x00AE9E93) slli t4, t4, 10
x29 <- 0x00000000B504F000
mem[X,0x00000000800052A8] -> 0x8E93
mem[X,0x00000000800052AA] -> 0x334E
[5295] [M]: 0x00000000800052A8 (0x334E8E93) addi t4, t4, 820
x29 <- 0x00000000B504F334
mem[X,0x00000000800052AC] -> 0x4FB3
mem[X,0x00000000800052AE] -> 0x03DF
[5296] [M]: 0x00000000800052AC (0x03DF4FB3) div t6, t5, t4
x31 <- 0x0000000090D0C28F
mem[X,0x00000000800052B0] -> 0xB823
mem[X,0x00000000800052B2] -> 0x1DF6
[5297] [M]: 0x00000000800052B0 (0x1DF6B823) sd t6, 464(a3)
mem[0x000000008000DD50] <- 0x0000000090D0C28F
mem[X,0x00000000800052B4] -> 0x0F37
mem[X,0x00000000800052B6] -> 0x0000
[5298] [M]: 0x00000000800052B4 (0x00000F37) lui t5, 0
x30 <- 0x0000000000000000
mem[X,0x00000000800052B8] -> 0x0F13
mem[X,0x00000000800052BA] -> 0xFFFF
[5299] [M]: 0x00000000800052B8 (0xFFFF0F13) addi t5, t5, 4095
x30 <- 0xFFFFFFFFFFFFFFFF
clint::tick mtime <- 0x0000000000000035
 clint timer pending at mtime 0x0000000000000035
htif::tick 0x0000000000000000
mem[X,0x00000000800052BC] -> 0x1F13
mem[X,0x00000000800052BE] -> 0x00BF
[5300] [M]: 0x00000000800052BC (0x00BF1F13) slli t5, t5, 11
x30 <- 0xFFFFFFFFFFFFF800
mem[X,0x00000000800052C0] -> 0x0F13
mem[X,0x00000000800052C2] -> 0x257F
[5301] [M]: 0x00000000800052C0 (0x257F0F13) addi t5, t5, 599
x30 <- 0xFFFFFFFFFFFFFA57
mem[X,0x00000000800052C4] -> 0x1F13
mem[X,0x00000000800052C6] -> 0x00BF
[5302] [M]: 0x00000000800052C4 (0x00BF1F13) slli t5, t5, 11
x30 <- 0xFFFFFFFFFFD2B800
mem[X,0x00000000800052C8] -> 0x0F13
mem[X,0x00000000800052CA] -> 0x6C3F
[5303] [M]: 0x00000000800052C8 (0x6C3F0F13) addi t5, t5, 1731
x30 <- 0xFFFFFFFFFFD2BEC3
mem[X,0x00000000800052CC] -> 0x1F13
mem[X,0x00000000800052CE] -> 0x00AF
[5304] [M]: 0x00000000800052CC (0x00AF1F13) slli t5, t5, 10
x30 <- 0xFFFFFFFF4AFB0C00
mem[X,0x00000000800052D0] -> 0x0F13
mem[X,0x00000000800052D2] -> 0x0CDF
[5305] [M]: 0x00000000800052D0 (0x0CDF0F13) addi t5, t5, 205
x30 <- 0xFFFFFFFF4AFB0CCD
mem[X,0x00000000800052D4] -> 0x0E93
mem[X,0x00000000800052D6] -> 0x0030
[5306] [M]: 0x00000000800052D4 (0x00300E93) addi t4, zero, 3
x29 <- 0x0000000000000003
mem[X,0x00000000800052D8] -> 0x4FB3
mem[X,0x00000000800052DA] -> 0x03DF
[5307] [M]: 0x00000000800052D8 (0x03DF4FB3) div t6, t5, t4
x31 <- 0xFFFFFFFFC3A90445
mem[X,0x00000000800052DC] -> 0xBC23
mem[X,0x00000000800052DE] -> 0x1DF6
[5308] [M]: 0x00000000800052DC (0x1DF6BC23) sd t6, 472(a3)
mem[0x000000008000DD58] <- 0xFFFFFFFFC3A90445
mem[X,0x00000000800052E0] -> 0x0F37
mem[X,0x00000000800052E2] -> 0x0000
[5309] [M]: 0x00000000800052E0 (0x00000F37) lui t5, 0
x30 <- 0x0000000000000000
mem[X,0x00000000800052E4] -> 0x0F13
mem[X,0x00000000800052E6] -> 0xFFFF
[5310] [M]: 0x00000000800052E4 (0xFFFF0F13) addi t5, t5, 4095
x30 <- 0xFFFFFFFFFFFFFFFF
mem[X,0x00000000800052E8] -> 0x1F13
mem[X,0x00000000800052EA] -> 0x00BF
[5311] [M]: 0x00000000800052E8 (0x00BF1F13) slli t5, t5, 11
x30 <- 0xFFFFFFFFFFFFF800
mem[X,0x00000000800052EC] -> 0x0F13
mem[X,0x00000000800052EE] -> 0x257F
[5312] [M]: 0x00000000800052EC (0x257F0F13) addi t5, t5, 599
x30 <- 0xFFFFFFFFFFFFFA57
mem[X,0x00000000800052F0] -> 0x1F13
mem[X,0x00000000800052F2] -> 0x00BF
[5313] [M]: 0x00000000800052F0 (0x00BF1F13) slli t5, t5, 11
x30 <- 0xFFFFFFFFFFD2B800
mem[X,0x00000000800052F4] -> 0x0F13
mem[X,0x00000000800052F6] -> 0x6C3F
[5314] [M]: 0x00000000800052F4 (0x6C3F0F13) addi t5, t5, 1731
x30 <- 0xFFFFFFFFFFD2BEC3
mem[X,0x00000000800052F8] -> 0x1F13
mem[X,0x00000000800052FA] -> 0x00AF
[5315] [M]: 0x00000000800052F8 (0x00AF1F13) slli t5, t5, 10
x30 <- 0xFFFFFFFF4AFB0C00
mem[X,0x00000000800052FC] -> 0x0F13
mem[X,0x00000000800052FE] -> 0x0CDF
[5316] [M]: 0x00000000800052FC (0x0CDF0F13) addi t5, t5, 205
x30 <- 0xFFFFFFFF4AFB0CCD
mem[X,0x0000000080005300] -> 0x5EB7
mem[X,0x0000000080005302] -> 0x5555
[5317] [M]: 0x0000000080005300 (0x55555EB7) lui t4, 349525
x29 <- 0x0000000055555000
mem[X,0x0000000080005304] -> 0x8E93
mem[X,0x0000000080005306] -> 0x555E
[5318] [M]: 0x0000000080005304 (0x555E8E93) addi t4, t4, 1365
x29 <- 0x0000000055555555
mem[X,0x0000000080005308] -> 0x9E93
mem[X,0x000000008000530A] -> 0x00BE
[5319] [M]: 0x0000000080005308 (0x00BE9E93) slli t4, t4, 11
x29 <- 0x000002AAAAAAA800
mem[X,0x000000008000530C] -> 0x8E93
mem[X,0x000000008000530E] -> 0x2AAE
[5320] [M]: 0x000000008000530C (0x2AAE8E93) addi t4, t4, 682
x29 <- 0x000002AAAAAAAAAA
mem[X,0x0000000080005310] -> 0x9E93
mem[X,0x0000000080005312] -> 0x00BE
[5321] [M]: 0x0000000080005310 (0x00BE9E93) slli t4, t4, 11
x29 <- 0x0015555555555000
mem[X,0x0000000080005314] -> 0x8E93
mem[X,0x0000000080005316] -> 0x555E
[5322] [M]: 0x0000000080005314 (0x555E8E93) addi t4, t4, 1365
x29 <- 0x0015555555555555
mem[X,0x0000000080005318] -> 0x9E93
mem[X,0x000000008000531A] -> 0x00AE
[5323] [M]: 0x0000000080005318 (0x00AE9E93) slli t4, t4, 10
x29 <- 0x5555555555555400
mem[X,0x000000008000531C] -> 0x8E93
mem[X,0x000000008000531E] -> 0x155E
[5324] [M]: 0x000000008000531C (0x155E8E93) addi t4, t4, 341
x29 <- 0x5555555555555555
mem[X,0x0000000080005320] -> 0x4FB3
mem[X,0x0000000080005322] -> 0x03DF
[5325] [M]: 0x0000000080005320 (0x03DF4FB3) div t6, t5, t4
x31 <- 0x0000000000000000
mem[X,0x0000000080005324] -> 0xB023
mem[X,0x0000000080005326] -> 0x1FF6
[5326] [M]: 0x0000000080005324 (0x1FF6B023) sd t6, 480(a3)
mem[0x000000008000DD60] <- 0x0000000000000000
mem[X,0x0000000080005328] -> 0x0F37
mem[X,0x000000008000532A] -> 0x0000
[5327] [M]: 0x0000000080005328 (0x00000F37) lui t5, 0
x30 <- 0x0000000000000000
mem[X,0x000000008000532C] -> 0x0F13
mem[X,0x000000008000532E] -> 0xFFFF
[5328] [M]: 0x000000008000532C (0xFFFF0F13) addi t5, t5, 4095
x30 <- 0xFFFFFFFFFFFFFFFF
mem[X,0x0000000080005330] -> 0x1F13
mem[X,0x0000000080005332] -> 0x00BF
[5329] [M]: 0x0000000080005330 (0x00BF1F13) slli t5, t5, 11
x30 <- 0xFFFFFFFFFFFFF800
mem[X,0x0000000080005334] -> 0x0F13
mem[X,0x0000000080005336] -> 0x257F
[5330] [M]: 0x0000000080005334 (0x257F0F13) addi t5, t5, 599
x30 <- 0xFFFFFFFFFFFFFA57
mem[X,0x0000000080005338] -> 0x1F13
mem[X,0x000000008000533A] -> 0x00BF
[5331] [M]: 0x0000000080005338 (0x00BF1F13) slli t5, t5, 11
x30 <- 0xFFFFFFFFFFD2B800
mem[X,0x000000008000533C] -> 0x0F13
mem[X,0x000000008000533E] -> 0x6C3F
[5332] [M]: 0x000000008000533C (0x6C3F0F13) addi t5, t5, 1731
x30 <- 0xFFFFFFFFFFD2BEC3
mem[X,0x0000000080005340] -> 0x1F13
mem[X,0x0000000080005342] -> 0x00AF
[5333] [M]: 0x0000000080005340 (0x00AF1F13) slli t5, t5, 10
x30 <- 0xFFFFFFFF4AFB0C00
mem[X,0x0000000080005344] -> 0x0F13
mem[X,0x0000000080005346] -> 0x0CDF
[5334] [M]: 0x0000000080005344 (0x0CDF0F13) addi t5, t5, 205
x30 <- 0xFFFFFFFF4AFB0CCD
mem[X,0x0000000080005348] -> 0xBEB7
mem[X,0x000000008000534A] -> 0xAAAA
[5335] [M]: 0x0000000080005348 (0xAAAABEB7) lui t4, 699051
x29 <- 0xFFFFFFFFAAAAB000
mem[X,0x000000008000534C] -> 0x8E93
mem[X,0x000000008000534E] -> 0xAAAE
[5336] [M]: 0x000000008000534C (0xAAAE8E93) addi t4, t4, 2730
x29 <- 0xFFFFFFFFAAAAAAAA
mem[X,0x0000000080005350] -> 0x9E93
mem[X,0x0000000080005352] -> 0x00BE
[5337] [M]: 0x0000000080005350 (0x00BE9E93) slli t4, t4, 11
x29 <- 0xFFFFFD5555555000
mem[X,0x0000000080005354] -> 0x8E93
mem[X,0x0000000080005356] -> 0x555E
[5338] [M]: 0x0000000080005354 (0x555E8E93) addi t4, t4, 1365
x29 <- 0xFFFFFD5555555555
mem[X,0x0000000080005358] -> 0x9E93
mem[X,0x000000008000535A] -> 0x00BE
[5339] [M]: 0x0000000080005358 (0x00BE9E93) slli t4, t4, 11
x29 <- 0xFFEAAAAAAAAAA800
mem[X,0x000000008000535C] -> 0x8E93
mem[X,0x000000008000535E] -> 0x2AAE
[5340] [M]: 0x000000008000535C (0x2AAE8E93) addi t4, t4, 682
x29 <- 0xFFEAAAAAAAAAAAAA
mem[X,0x0000000080005360] -> 0x9E93
mem[X,0x0000000080005362] -> 0x00AE
[5341] [M]: 0x0000000080005360 (0x00AE9E93) slli t4, t4, 10
x29 <- 0xAAAAAAAAAAAAA800
mem[X,0x0000000080005364] -> 0x8E93
mem[X,0x0000000080005366] -> 0x2AAE
[5342] [M]: 0x0000000080005364 (0x2AAE8E93) addi t4, t4, 682
x29 <- 0xAAAAAAAAAAAAAAAA
mem[X,0x0000000080005368] -> 0x4FB3
mem[X,0x000000008000536A] -> 0x03DF
[5343] [M]: 0x0000000080005368 (0x03DF4FB3) div t6, t5, t4
x31 <- 0x0000000000000000
mem[X,0x000000008000536C] -> 0xB423
mem[X,0x000000008000536E] -> 0x1FF6
[5344] [M]: 0x000000008000536C (0x1FF6B423) sd t6, 488(a3)
mem[0x000000008000DD68] <- 0x0000000000000000
mem[X,0x0000000080005370] -> 0x0F37
mem[X,0x0000000080005372] -> 0x0000
[5345] [M]: 0x0000000080005370 (0x00000F37) lui t5, 0
x30 <- 0x0000000000000000
mem[X,0x0000000080005374] -> 0x0F13
mem[X,0x0000000080005376] -> 0xFFFF
[5346] [M]: 0x0000000080005374 (0xFFFF0F13) addi t5, t5, 4095
x30 <- 0xFFFFFFFFFFFFFFFF
mem[X,0x0000000080005378] -> 0x1F13
mem[X,0x000000008000537A] -> 0x00BF
[5347] [M]: 0x0000000080005378 (0x00BF1F13) slli t5, t5, 11
x30 <- 0xFFFFFFFFFFFFF800
mem[X,0x000000008000537C] -> 0x0F13
mem[X,0x000000008000537E] -> 0x257F
[5348] [M]: 0x000000008000537C (0x257F0F13) addi t5, t5, 599
x30 <- 0xFFFFFFFFFFFFFA57
mem[X,0x0000000080005380] -> 0x1F13
mem[X,0x0000000080005382] -> 0x00BF
[5349] [M]: 0x0000000080005380 (0x00BF1F13) slli t5, t5, 11
x30 <- 0xFFFFFFFFFFD2B800
mem[X,0x0000000080005384] -> 0x0F13
mem[X,0x0000000080005386] -> 0x6C3F
[5350] [M]: 0x0000000080005384 (0x6C3F0F13) addi t5, t5, 1731
x30 <- 0xFFFFFFFFFFD2BEC3
mem[X,0x0000000080005388] -> 0x1F13
mem[X,0x000000008000538A] -> 0x00AF
[5351] [M]: 0x0000000080005388 (0x00AF1F13) slli t5, t5, 10
x30 <- 0xFFFFFFFF4AFB0C00
mem[X,0x000000008000538C] -> 0x0F13
mem[X,0x000000008000538E] -> 0x0CDF
[5352] [M]: 0x000000008000538C (0x0CDF0F13) addi t5, t5, 205
x30 <- 0xFFFFFFFF4AFB0CCD
mem[X,0x0000000080005390] -> 0x0E93
mem[X,0x0000000080005392] -> 0x0050
[5353] [M]: 0x0000000080005390 (0x00500E93) addi t4, zero, 5
x29 <- 0x0000000000000005
mem[X,0x0000000080005394] -> 0x4FB3
mem[X,0x0000000080005396] -> 0x03DF
[5354] [M]: 0x0000000080005394 (0x03DF4FB3) div t6, t5, t4
x31 <- 0xFFFFFFFFDBCBCF5D
mem[X,0x0000000080005398] -> 0xB823
mem[X,0x000000008000539A] -> 0x1FF6
[5355] [M]: 0x0000000080005398 (0x1FF6B823) sd t6, 496(a3)
mem[0x000000008000DD70] <- 0xFFFFFFFFDBCBCF5D
mem[X,0x000000008000539C] -> 0x0F37
mem[X,0x000000008000539E] -> 0x0000
[5356] [M]: 0x000000008000539C (0x00000F37) lui t5, 0
x30 <- 0x0000000000000000
mem[X,0x00000000800053A0] -> 0x0F13
mem[X,0x00000000800053A2] -> 0xFFFF
[5357] [M]: 0x00000000800053A0 (0xFFFF0F13) addi t5, t5, 4095
x30 <- 0xFFFFFFFFFFFFFFFF
mem[X,0x00000000800053A4] -> 0x1F13
mem[X,0x00000000800053A6] -> 0x00BF
[5358] [M]: 0x00000000800053A4 (0x00BF1F13) slli t5, t5, 11
x30 <- 0xFFFFFFFFFFFFF800
mem[X,0x00000000800053A8] -> 0x0F13
mem[X,0x00000000800053AA] -> 0x257F
[5359] [M]: 0x00000000800053A8 (0x257F0F13) addi t5, t5, 599
x30 <- 0xFFFFFFFFFFFFFA57
mem[X,0x00000000800053AC] -> 0x1F13
mem[X,0x00000000800053AE] -> 0x00BF
[5360] [M]: 0x00000000800053AC (0x00BF1F13) slli t5, t5, 11
x30 <- 0xFFFFFFFFFFD2B800
mem[X,0x00000000800053B0] -> 0x0F13
mem[X,0x00000000800053B2] -> 0x6C3F
[5361] [M]: 0x00000000800053B0 (0x6C3F0F13) addi t5, t5, 1731
x30 <- 0xFFFFFFFFFFD2BEC3
mem[X,0x00000000800053B4] -> 0x1F13
mem[X,0x00000000800053B6] -> 0x00AF
[5362] [M]: 0x00000000800053B4 (0x00AF1F13) slli t5, t5, 10
x30 <- 0xFFFFFFFF4AFB0C00
mem[X,0x00000000800053B8] -> 0x0F13
mem[X,0x00000000800053BA] -> 0x0CDF
[5363] [M]: 0x00000000800053B8 (0x0CDF0F13) addi t5, t5, 205
x30 <- 0xFFFFFFFF4AFB0CCD
mem[X,0x00000000800053BC] -> 0x3EB7
mem[X,0x00000000800053BE] -> 0x3333
[5364] [M]: 0x00000000800053BC (0x33333EB7) lui t4, 209715
x29 <- 0x0000000033333000
mem[X,0x00000000800053C0] -> 0x8E93
mem[X,0x00000000800053C2] -> 0x333E
[5365] [M]: 0x00000000800053C0 (0x333E8E93) addi t4, t4, 819
x29 <- 0x0000000033333333
mem[X,0x00000000800053C4] -> 0x9E93
mem[X,0x00000000800053C6] -> 0x00BE
[5366] [M]: 0x00000000800053C4 (0x00BE9E93) slli t4, t4, 11
x29 <- 0x0000019999999800
mem[X,0x00000000800053C8] -> 0x8E93
mem[X,0x00000000800053CA] -> 0x199E
[5367] [M]: 0x00000000800053C8 (0x199E8E93) addi t4, t4, 409
x29 <- 0x0000019999999999
mem[X,0x00000000800053CC] -> 0x9E93
mem[X,0x00000000800053CE] -> 0x00BE
[5368] [M]: 0x00000000800053CC (0x00BE9E93) slli t4, t4, 11
x29 <- 0x000CCCCCCCCCC800
mem[X,0x00000000800053D0] -> 0x8E93
mem[X,0x00000000800053D2] -> 0x4CCE
[5369] [M]: 0x00000000800053D0 (0x4CCE8E93) addi t4, t4, 1228
x29 <- 0x000CCCCCCCCCCCCC
mem[X,0x00000000800053D4] -> 0x9E93
mem[X,0x00000000800053D6] -> 0x00AE
[5370] [M]: 0x00000000800053D4 (0x00AE9E93) slli t4, t4, 10
x29 <- 0x3333333333333000
mem[X,0x00000000800053D8] -> 0x8E93
mem[X,0x00000000800053DA] -> 0x333E
[5371] [M]: 0x00000000800053D8 (0x333E8E93) addi t4, t4, 819
x29 <- 0x3333333333333333
mem[X,0x00000000800053DC] -> 0x4FB3
mem[X,0x00000000800053DE] -> 0x03DF
[5372] [M]: 0x00000000800053DC (0x03DF4FB3) div t6, t5, t4
x31 <- 0x0000000000000000
mem[X,0x00000000800053E0] -> 0xBC23
mem[X,0x00000000800053E2] -> 0x1FF6
[5373] [M]: 0x00000000800053E0 (0x1FF6BC23) sd t6, 504(a3)
mem[0x000000008000DD78] <- 0x0000000000000000
mem[X,0x00000000800053E4] -> 0x0F37
mem[X,0x00000000800053E6] -> 0x0000
[5374] [M]: 0x00000000800053E4 (0x00000F37) lui t5, 0
x30 <- 0x0000000000000000
mem[X,0x00000000800053E8] -> 0x0F13
mem[X,0x00000000800053EA] -> 0xFFFF
[5375] [M]: 0x00000000800053E8 (0xFFFF0F13) addi t5, t5, 4095
x30 <- 0xFFFFFFFFFFFFFFFF
mem[X,0x00000000800053EC] -> 0x1F13
mem[X,0x00000000800053EE] -> 0x00BF
[5376] [M]: 0x00000000800053EC (0x00BF1F13) slli t5, t5, 11
x30 <- 0xFFFFFFFFFFFFF800
mem[X,0x00000000800053F0] -> 0x0F13
mem[X,0x00000000800053F2] -> 0x257F
[5377] [M]: 0x00000000800053F0 (0x257F0F13) addi t5, t5, 599
x30 <- 0xFFFFFFFFFFFFFA57
mem[X,0x00000000800053F4] -> 0x1F13
mem[X,0x00000000800053F6] -> 0x00BF
[5378] [M]: 0x00000000800053F4 (0x00BF1F13) slli t5, t5, 11
x30 <- 0xFFFFFFFFFFD2B800
mem[X,0x00000000800053F8] -> 0x0F13
mem[X,0x00000000800053FA] -> 0x6C3F
[5379] [M]: 0x00000000800053F8 (0x6C3F0F13) addi t5, t5, 1731
x30 <- 0xFFFFFFFFFFD2BEC3
mem[X,0x00000000800053FC] -> 0x1F13
mem[X,0x00000000800053FE] -> 0x00AF
[5380] [M]: 0x00000000800053FC (0x00AF1F13) slli t5, t5, 10
x30 <- 0xFFFFFFFF4AFB0C00
mem[X,0x0000000080005400] -> 0x0F13
mem[X,0x0000000080005402] -> 0x0CDF
[5381] [M]: 0x0000000080005400 (0x0CDF0F13) addi t5, t5, 205
x30 <- 0xFFFFFFFF4AFB0CCD
mem[X,0x0000000080005404] -> 0x6EB7
mem[X,0x0000000080005406] -> 0x6666
[5382] [M]: 0x0000000080005404 (0x66666EB7) lui t4, 419430
x29 <- 0x0000000066666000
mem[X,0x0000000080005408] -> 0x8E93
mem[X,0x000000008000540A] -> 0x666E
[5383] [M]: 0x0000000080005408 (0x666E8E93) addi t4, t4, 1638
x29 <- 0x0000000066666666
mem[X,0x000000008000540C] -> 0x9E93
mem[X,0x000000008000540E] -> 0x00BE
[5384] [M]: 0x000000008000540C (0x00BE9E93) slli t4, t4, 11
x29 <- 0x0000033333333000
mem[X,0x0000000080005410] -> 0x8E93
mem[X,0x0000000080005412] -> 0x333E
[5385] [M]: 0x0000000080005410 (0x333E8E93) addi t4, t4, 819
x29 <- 0x0000033333333333
mem[X,0x0000000080005414] -> 0x9E93
mem[X,0x0000000080005416] -> 0x00BE
[5386] [M]: 0x0000000080005414 (0x00BE9E93) slli t4, t4, 11
x29 <- 0x0019999999999800
mem[X,0x0000000080005418] -> 0x8E93
mem[X,0x000000008000541A] -> 0x199E
[5387] [M]: 0x0000000080005418 (0x199E8E93) addi t4, t4, 409
x29 <- 0x0019999999999999
mem[X,0x000000008000541C] -> 0x9E93
mem[X,0x000000008000541E] -> 0x00AE
[5388] [M]: 0x000000008000541C (0x00AE9E93) slli t4, t4, 10
x29 <- 0x6666666666666400
mem[X,0x0000000080005420] -> 0x8E93
mem[X,0x0000000080005422] -> 0x266E
[5389] [M]: 0x0000000080005420 (0x266E8E93) addi t4, t4, 614
x29 <- 0x6666666666666666
mem[X,0x0000000080005424] -> 0x4FB3
mem[X,0x0000000080005426] -> 0x03DF
[5390] [M]: 0x0000000080005424 (0x03DF4FB3) div t6, t5, t4
x31 <- 0x0000000000000000
mem[X,0x0000000080005428] -> 0xB023
mem[X,0x000000008000542A] -> 0x21F6
[5391] [M]: 0x0000000080005428 (0x21F6B023) sd t6, 512(a3)
mem[0x000000008000DD80] <- 0x0000000000000000
mem[X,0x000000008000542C] -> 0x0F37
mem[X,0x000000008000542E] -> 0x0000
[5392] [M]: 0x000000008000542C (0x00000F37) lui t5, 0
x30 <- 0x0000000000000000
mem[X,0x0000000080005430] -> 0x0F13
mem[X,0x0000000080005432] -> 0xFFFF
[5393] [M]: 0x0000000080005430 (0xFFFF0F13) addi t5, t5, 4095
x30 <- 0xFFFFFFFFFFFFFFFF
mem[X,0x0000000080005434] -> 0x1F13
mem[X,0x0000000080005436] -> 0x00BF
[5394] [M]: 0x0000000080005434 (0x00BF1F13) slli t5, t5, 11
x30 <- 0xFFFFFFFFFFFFF800
mem[X,0x0000000080005438] -> 0x0F13
mem[X,0x000000008000543A] -> 0x257F
[5395] [M]: 0x0000000080005438 (0x257F0F13) addi t5, t5, 599
x30 <- 0xFFFFFFFFFFFFFA57
mem[X,0x000000008000543C] -> 0x1F13
mem[X,0x000000008000543E] -> 0x00BF
[5396] [M]: 0x000000008000543C (0x00BF1F13) slli t5, t5, 11
x30 <- 0xFFFFFFFFFFD2B800
mem[X,0x0000000080005440] -> 0x0F13
mem[X,0x0000000080005442] -> 0x6C3F
[5397] [M]: 0x0000000080005440 (0x6C3F0F13) addi t5, t5, 1731
x30 <- 0xFFFFFFFFFFD2BEC3
mem[X,0x0000000080005444] -> 0x1F13
mem[X,0x0000000080005446] -> 0x00AF
[5398] [M]: 0x0000000080005444 (0x00AF1F13) slli t5, t5, 10
x30 <- 0xFFFFFFFF4AFB0C00
mem[X,0x0000000080005448] -> 0x0F13
mem[X,0x000000008000544A] -> 0x0CDF
[5399] [M]: 0x0000000080005448 (0x0CDF0F13) addi t5, t5, 205
x30 <- 0xFFFFFFFF4AFB0CCD
clint::tick mtime <- 0x0000000000000036
 clint timer pending at mtime 0x0000000000000036
htif::tick 0x0000000000000000
mem[X,0x000000008000544C] -> 0x0EB7
mem[X,0x000000008000544E] -> 0x0000
[5400] [M]: 0x000000008000544C (0x00000EB7) lui t4, 0
x29 <- 0x0000000000000000
mem[X,0x0000000080005450] -> 0x8E93
mem[X,0x0000000080005452] -> 0xFFFE
[5401] [M]: 0x0000000080005450 (0xFFFE8E93) addi t4, t4, 4095
x29 <- 0xFFFFFFFFFFFFFFFF
mem[X,0x0000000080005454] -> 0x9E93
mem[X,0x0000000080005456] -> 0x00BE
[5402] [M]: 0x0000000080005454 (0x00BE9E93) slli t4, t4, 11
x29 <- 0xFFFFFFFFFFFFF800
mem[X,0x0000000080005458] -> 0x8E93
mem[X,0x000000008000545A] -> 0x257E
[5403] [M]: 0x0000000080005458 (0x257E8E93) addi t4, t4, 599
x29 <- 0xFFFFFFFFFFFFFA57
mem[X,0x000000008000545C] -> 0x9E93
mem[X,0x000000008000545E] -> 0x00BE
[5404] [M]: 0x000000008000545C (0x00BE9E93) slli t4, t4, 11
x29 <- 0xFFFFFFFFFFD2B800
mem[X,0x0000000080005460] -> 0x8E93
mem[X,0x0000000080005462] -> 0x6C3E
[5405] [M]: 0x0000000080005460 (0x6C3E8E93) addi t4, t4, 1731
x29 <- 0xFFFFFFFFFFD2BEC3
mem[X,0x0000000080005464] -> 0x9E93
mem[X,0x0000000080005466] -> 0x00AE
[5406] [M]: 0x0000000080005464 (0x00AE9E93) slli t4, t4, 10
x29 <- 0xFFFFFFFF4AFB0C00
mem[X,0x0000000080005468] -> 0x8E93
mem[X,0x000000008000546A] -> 0x0CDE
[5407] [M]: 0x0000000080005468 (0x0CDE8E93) addi t4, t4, 205
x29 <- 0xFFFFFFFF4AFB0CCD
mem[X,0x000000008000546C] -> 0x4FB3
mem[X,0x000000008000546E] -> 0x03DF
[5408] [M]: 0x000000008000546C (0x03DF4FB3) div t6, t5, t4
x31 <- 0x0000000000000001
mem[X,0x0000000080005470] -> 0xB423
mem[X,0x0000000080005472] -> 0x21F6
[5409] [M]: 0x0000000080005470 (0x21F6B423) sd t6, 520(a3)
mem[0x000000008000DD88] <- 0x0000000000000001
mem[X,0x0000000080005474] -> 0x0F37
mem[X,0x0000000080005476] -> 0x0000
[5410] [M]: 0x0000000080005474 (0x00000F37) lui t5, 0
x30 <- 0x0000000000000000
mem[X,0x0000000080005478] -> 0x0F13
mem[X,0x000000008000547A] -> 0xFFFF
[5411] [M]: 0x0000000080005478 (0xFFFF0F13) addi t5, t5, 4095
x30 <- 0xFFFFFFFFFFFFFFFF
mem[X,0x000000008000547C] -> 0x1F13
mem[X,0x000000008000547E] -> 0x00BF
[5412] [M]: 0x000000008000547C (0x00BF1F13) slli t5, t5, 11
x30 <- 0xFFFFFFFFFFFFF800
mem[X,0x0000000080005480] -> 0x0F13
mem[X,0x0000000080005482] -> 0x257F
[5413] [M]: 0x0000000080005480 (0x257F0F13) addi t5, t5, 599
x30 <- 0xFFFFFFFFFFFFFA57
mem[X,0x0000000080005484] -> 0x1F13
mem[X,0x0000000080005486] -> 0x00BF
[5414] [M]: 0x0000000080005484 (0x00BF1F13) slli t5, t5, 11
x30 <- 0xFFFFFFFFFFD2B800
mem[X,0x0000000080005488] -> 0x0F13
mem[X,0x000000008000548A] -> 0x6C3F
[5415] [M]: 0x0000000080005488 (0x6C3F0F13) addi t5, t5, 1731
x30 <- 0xFFFFFFFFFFD2BEC3
mem[X,0x000000008000548C] -> 0x1F13
mem[X,0x000000008000548E] -> 0x00AF
[5416] [M]: 0x000000008000548C (0x00AF1F13) slli t5, t5, 10
x30 <- 0xFFFFFFFF4AFB0C00
mem[X,0x0000000080005490] -> 0x0F13
mem[X,0x0000000080005492] -> 0x0CDF
[5417] [M]: 0x0000000080005490 (0x0CDF0F13) addi t5, t5, 205
x30 <- 0xFFFFFFFF4AFB0CCD
mem[X,0x0000000080005494] -> 0x0EB7
mem[X,0x0000000080005496] -> 0x0000
[5418] [M]: 0x0000000080005494 (0x00000EB7) lui t4, 0
x29 <- 0x0000000000000000
mem[X,0x0000000080005498] -> 0x8E93
mem[X,0x000000008000549A] -> 0x000E
[5419] [M]: 0x0000000080005498 (0x000E8E93) addi t4, t4, 0
x29 <- 0x0000000000000000
mem[X,0x000000008000549C] -> 0x9E93
mem[X,0x000000008000549E] -> 0x00BE
[5420] [M]: 0x000000008000549C (0x00BE9E93) slli t4, t4, 11
x29 <- 0x0000000000000000
mem[X,0x00000000800054A0] -> 0x8E93
mem[X,0x00000000800054A2] -> 0x5A8E
[5421] [M]: 0x00000000800054A0 (0x5A8E8E93) addi t4, t4, 1448
x29 <- 0x00000000000005A8
mem[X,0x00000000800054A4] -> 0x9E93
mem[X,0x00000000800054A6] -> 0x00BE
[5422] [M]: 0x00000000800054A4 (0x00BE9E93) slli t4, t4, 11
x29 <- 0x00000000002D4000
mem[X,0x00000000800054A8] -> 0x8E93
mem[X,0x00000000800054AA] -> 0x13CE
[5423] [M]: 0x00000000800054A8 (0x13CE8E93) addi t4, t4, 316
x29 <- 0x00000000002D413C
mem[X,0x00000000800054AC] -> 0x9E93
mem[X,0x00000000800054AE] -> 0x00AE
[5424] [M]: 0x00000000800054AC (0x00AE9E93) slli t4, t4, 10
x29 <- 0x00000000B504F000
mem[X,0x00000000800054B0] -> 0x8E93
mem[X,0x00000000800054B2] -> 0x333E
[5425] [M]: 0x00000000800054B0 (0x333E8E93) addi t4, t4, 819
x29 <- 0x00000000B504F333
mem[X,0x00000000800054B4] -> 0x4FB3
mem[X,0x00000000800054B6] -> 0x03DF
[5426] [M]: 0x00000000800054B4 (0x03DF4FB3) div t6, t5, t4
x31 <- 0xFFFFFFFFFFFFFFFF
mem[X,0x00000000800054B8] -> 0xB823
mem[X,0x00000000800054BA] -> 0x21F6
[5427] [M]: 0x00000000800054B8 (0x21F6B823) sd t6, 528(a3)
mem[0x000000008000DD90] <- 0xFFFFFFFFFFFFFFFF
mem[X,0x00000000800054BC] -> 0x0F37
mem[X,0x00000000800054BE] -> 0x0000
[5428] [M]: 0x00000000800054BC (0x00000F37) lui t5, 0
x30 <- 0x0000000000000000
mem[X,0x00000000800054C0] -> 0x0F13
mem[X,0x00000000800054C2] -> 0xFFFF
[5429] [M]: 0x00000000800054C0 (0xFFFF0F13) addi t5, t5, 4095
x30 <- 0xFFFFFFFFFFFFFFFF
mem[X,0x00000000800054C4] -> 0x1F13
mem[X,0x00000000800054C6] -> 0x00BF
[5430] [M]: 0x00000000800054C4 (0x00BF1F13) slli t5, t5, 11
x30 <- 0xFFFFFFFFFFFFF800
mem[X,0x00000000800054C8] -> 0x0F13
mem[X,0x00000000800054CA] -> 0x257F
[5431] [M]: 0x00000000800054C8 (0x257F0F13) addi t5, t5, 599
x30 <- 0xFFFFFFFFFFFFFA57
mem[X,0x00000000800054CC] -> 0x1F13
mem[X,0x00000000800054CE] -> 0x00BF
[5432] [M]: 0x00000000800054CC (0x00BF1F13) slli t5, t5, 11
x30 <- 0xFFFFFFFFFFD2B800
mem[X,0x00000000800054D0] -> 0x0F13
mem[X,0x00000000800054D2] -> 0x6C3F
[5433] [M]: 0x00000000800054D0 (0x6C3F0F13) addi t5, t5, 1731
x30 <- 0xFFFFFFFFFFD2BEC3
mem[X,0x00000000800054D4] -> 0x1F13
mem[X,0x00000000800054D6] -> 0x00AF
[5434] [M]: 0x00000000800054D4 (0x00AF1F13) slli t5, t5, 10
x30 <- 0xFFFFFFFF4AFB0C00
mem[X,0x00000000800054D8] -> 0x0F13
mem[X,0x00000000800054DA] -> 0x0CDF
[5435] [M]: 0x00000000800054D8 (0x0CDF0F13) addi t5, t5, 205
x30 <- 0xFFFFFFFF4AFB0CCD
mem[X,0x00000000800054DC] -> 0x0E93
mem[X,0x00000000800054DE] -> 0x0020
[5436] [M]: 0x00000000800054DC (0x00200E93) addi t4, zero, 2
x29 <- 0x0000000000000002
mem[X,0x00000000800054E0] -> 0x4FB3
mem[X,0x00000000800054E2] -> 0x03DF
[5437] [M]: 0x00000000800054E0 (0x03DF4FB3) div t6, t5, t4
x31 <- 0xFFFFFFFFA57D8667
mem[X,0x00000000800054E4] -> 0xBC23
mem[X,0x00000000800054E6] -> 0x21F6
[5438] [M]: 0x00000000800054E4 (0x21F6BC23) sd t6, 536(a3)
mem[0x000000008000DD98] <- 0xFFFFFFFFA57D8667
mem[X,0x00000000800054E8] -> 0x0F37
mem[X,0x00000000800054EA] -> 0x0000
[5439] [M]: 0x00000000800054E8 (0x00000F37) lui t5, 0
x30 <- 0x0000000000000000
mem[X,0x00000000800054EC] -> 0x0F13
mem[X,0x00000000800054EE] -> 0xFFFF
[5440] [M]: 0x00000000800054EC (0xFFFF0F13) addi t5, t5, 4095
x30 <- 0xFFFFFFFFFFFFFFFF
mem[X,0x00000000800054F0] -> 0x1F13
mem[X,0x00000000800054F2] -> 0x00BF
[5441] [M]: 0x00000000800054F0 (0x00BF1F13) slli t5, t5, 11
x30 <- 0xFFFFFFFFFFFFF800
mem[X,0x00000000800054F4] -> 0x0F13
mem[X,0x00000000800054F6] -> 0x257F
[5442] [M]: 0x00000000800054F4 (0x257F0F13) addi t5, t5, 599
x30 <- 0xFFFFFFFFFFFFFA57
mem[X,0x00000000800054F8] -> 0x1F13
mem[X,0x00000000800054FA] -> 0x00BF
[5443] [M]: 0x00000000800054F8 (0x00BF1F13) slli t5, t5, 11
x30 <- 0xFFFFFFFFFFD2B800
mem[X,0x00000000800054FC] -> 0x0F13
mem[X,0x00000000800054FE] -> 0x6C3F
[5444] [M]: 0x00000000800054FC (0x6C3F0F13) addi t5, t5, 1731
x30 <- 0xFFFFFFFFFFD2BEC3
mem[X,0x0000000080005500] -> 0x1F13
mem[X,0x0000000080005502] -> 0x00AF
[5445] [M]: 0x0000000080005500 (0x00AF1F13) slli t5, t5, 10
x30 <- 0xFFFFFFFF4AFB0C00
mem[X,0x0000000080005504] -> 0x0F13
mem[X,0x0000000080005506] -> 0x0CDF
[5446] [M]: 0x0000000080005504 (0x0CDF0F13) addi t5, t5, 205
x30 <- 0xFFFFFFFF4AFB0CCD
mem[X,0x0000000080005508] -> 0x5EB7
mem[X,0x000000008000550A] -> 0x5555
[5447] [M]: 0x0000000080005508 (0x55555EB7) lui t4, 349525
x29 <- 0x0000000055555000
mem[X,0x000000008000550C] -> 0x8E93
mem[X,0x000000008000550E] -> 0x555E
[5448] [M]: 0x000000008000550C (0x555E8E93) addi t4, t4, 1365
x29 <- 0x0000000055555555
mem[X,0x0000000080005510] -> 0x9E93
mem[X,0x0000000080005512] -> 0x00BE
[5449] [M]: 0x0000000080005510 (0x00BE9E93) slli t4, t4, 11
x29 <- 0x000002AAAAAAA800
mem[X,0x0000000080005514] -> 0x8E93
mem[X,0x0000000080005516] -> 0x2AAE
[5450] [M]: 0x0000000080005514 (0x2AAE8E93) addi t4, t4, 682
x29 <- 0x000002AAAAAAAAAA
mem[X,0x0000000080005518] -> 0x9E93
mem[X,0x000000008000551A] -> 0x00BE
[5451] [M]: 0x0000000080005518 (0x00BE9E93) slli t4, t4, 11
x29 <- 0x0015555555555000
mem[X,0x000000008000551C] -> 0x8E93
mem[X,0x000000008000551E] -> 0x555E
[5452] [M]: 0x000000008000551C (0x555E8E93) addi t4, t4, 1365
x29 <- 0x0015555555555555
mem[X,0x0000000080005520] -> 0x9E93
mem[X,0x0000000080005522] -> 0x00AE
[5453] [M]: 0x0000000080005520 (0x00AE9E93) slli t4, t4, 10
x29 <- 0x5555555555555400
mem[X,0x0000000080005524] -> 0x8E93
mem[X,0x0000000080005526] -> 0x154E
[5454] [M]: 0x0000000080005524 (0x154E8E93) addi t4, t4, 340
x29 <- 0x5555555555555554
mem[X,0x0000000080005528] -> 0x4FB3
mem[X,0x000000008000552A] -> 0x03DF
[5455] [M]: 0x0000000080005528 (0x03DF4FB3) div t6, t5, t4
x31 <- 0x0000000000000000
mem[X,0x000000008000552C] -> 0xB023
mem[X,0x000000008000552E] -> 0x23F6
[5456] [M]: 0x000000008000552C (0x23F6B023) sd t6, 544(a3)
mem[0x000000008000DDA0] <- 0x0000000000000000
mem[X,0x0000000080005530] -> 0x0F37
mem[X,0x0000000080005532] -> 0x0000
[5457] [M]: 0x0000000080005530 (0x00000F37) lui t5, 0
x30 <- 0x0000000000000000
mem[X,0x0000000080005534] -> 0x0F13
mem[X,0x0000000080005536] -> 0xFFFF
[5458] [M]: 0x0000000080005534 (0xFFFF0F13) addi t5, t5, 4095
x30 <- 0xFFFFFFFFFFFFFFFF
mem[X,0x0000000080005538] -> 0x1F13
mem[X,0x000000008000553A] -> 0x00BF
[5459] [M]: 0x0000000080005538 (0x00BF1F13) slli t5, t5, 11
x30 <- 0xFFFFFFFFFFFFF800
mem[X,0x000000008000553C] -> 0x0F13
mem[X,0x000000008000553E] -> 0x257F
[5460] [M]: 0x000000008000553C (0x257F0F13) addi t5, t5, 599
x30 <- 0xFFFFFFFFFFFFFA57
mem[X,0x0000000080005540] -> 0x1F13
mem[X,0x0000000080005542] -> 0x00BF
[5461] [M]: 0x0000000080005540 (0x00BF1F13) slli t5, t5, 11
x30 <- 0xFFFFFFFFFFD2B800
mem[X,0x0000000080005544] -> 0x0F13
mem[X,0x0000000080005546] -> 0x6C3F
[5462] [M]: 0x0000000080005544 (0x6C3F0F13) addi t5, t5, 1731
x30 <- 0xFFFFFFFFFFD2BEC3
mem[X,0x0000000080005548] -> 0x1F13
mem[X,0x000000008000554A] -> 0x00AF
[5463] [M]: 0x0000000080005548 (0x00AF1F13) slli t5, t5, 10
x30 <- 0xFFFFFFFF4AFB0C00
mem[X,0x000000008000554C] -> 0x0F13
mem[X,0x000000008000554E] -> 0x0CDF
[5464] [M]: 0x000000008000554C (0x0CDF0F13) addi t5, t5, 205
x30 <- 0xFFFFFFFF4AFB0CCD
mem[X,0x0000000080005550] -> 0x3EB7
mem[X,0x0000000080005552] -> 0x3333
[5465] [M]: 0x0000000080005550 (0x33333EB7) lui t4, 209715
x29 <- 0x0000000033333000
mem[X,0x0000000080005554] -> 0x8E93
mem[X,0x0000000080005556] -> 0x333E
[5466] [M]: 0x0000000080005554 (0x333E8E93) addi t4, t4, 819
x29 <- 0x0000000033333333
mem[X,0x0000000080005558] -> 0x9E93
mem[X,0x000000008000555A] -> 0x00BE
[5467] [M]: 0x0000000080005558 (0x00BE9E93) slli t4, t4, 11
x29 <- 0x0000019999999800
mem[X,0x000000008000555C] -> 0x8E93
mem[X,0x000000008000555E] -> 0x199E
[5468] [M]: 0x000000008000555C (0x199E8E93) addi t4, t4, 409
x29 <- 0x0000019999999999
mem[X,0x0000000080005560] -> 0x9E93
mem[X,0x0000000080005562] -> 0x00BE
[5469] [M]: 0x0000000080005560 (0x00BE9E93) slli t4, t4, 11
x29 <- 0x000CCCCCCCCCC800
mem[X,0x0000000080005564] -> 0x8E93
mem[X,0x0000000080005566] -> 0x4CCE
[5470] [M]: 0x0000000080005564 (0x4CCE8E93) addi t4, t4, 1228
x29 <- 0x000CCCCCCCCCCCCC
mem[X,0x0000000080005568] -> 0x9E93
mem[X,0x000000008000556A] -> 0x00AE
[5471] [M]: 0x0000000080005568 (0x00AE9E93) slli t4, t4, 10
x29 <- 0x3333333333333000
mem[X,0x000000008000556C] -> 0x8E93
mem[X,0x000000008000556E] -> 0x332E
[5472] [M]: 0x000000008000556C (0x332E8E93) addi t4, t4, 818
x29 <- 0x3333333333333332
mem[X,0x0000000080005570] -> 0x4FB3
mem[X,0x0000000080005572] -> 0x03DF
[5473] [M]: 0x0000000080005570 (0x03DF4FB3) div t6, t5, t4
x31 <- 0x0000000000000000
mem[X,0x0000000080005574] -> 0xB423
mem[X,0x0000000080005576] -> 0x23F6
[5474] [M]: 0x0000000080005574 (0x23F6B423) sd t6, 552(a3)
mem[0x000000008000DDA8] <- 0x0000000000000000
mem[X,0x0000000080005578] -> 0x0F37
mem[X,0x000000008000557A] -> 0x0000
[5475] [M]: 0x0000000080005578 (0x00000F37) lui t5, 0
x30 <- 0x0000000000000000
mem[X,0x000000008000557C] -> 0x0F13
mem[X,0x000000008000557E] -> 0xFFFF
[5476] [M]: 0x000000008000557C (0xFFFF0F13) addi t5, t5, 4095
x30 <- 0xFFFFFFFFFFFFFFFF
mem[X,0x0000000080005580] -> 0x1F13
mem[X,0x0000000080005582] -> 0x00BF
[5477] [M]: 0x0000000080005580 (0x00BF1F13) slli t5, t5, 11
x30 <- 0xFFFFFFFFFFFFF800
mem[X,0x0000000080005584] -> 0x0F13
mem[X,0x0000000080005586] -> 0x257F
[5478] [M]: 0x0000000080005584 (0x257F0F13) addi t5, t5, 599
x30 <- 0xFFFFFFFFFFFFFA57
mem[X,0x0000000080005588] -> 0x1F13
mem[X,0x000000008000558A] -> 0x00BF
[5479] [M]: 0x0000000080005588 (0x00BF1F13) slli t5, t5, 11
x30 <- 0xFFFFFFFFFFD2B800
mem[X,0x000000008000558C] -> 0x0F13
mem[X,0x000000008000558E] -> 0x6C3F
[5480] [M]: 0x000000008000558C (0x6C3F0F13) addi t5, t5, 1731
x30 <- 0xFFFFFFFFFFD2BEC3
mem[X,0x0000000080005590] -> 0x1F13
mem[X,0x0000000080005592] -> 0x00AF
[5481] [M]: 0x0000000080005590 (0x00AF1F13) slli t5, t5, 10
x30 <- 0xFFFFFFFF4AFB0C00
mem[X,0x0000000080005594] -> 0x0F13
mem[X,0x0000000080005596] -> 0x0CDF
[5482] [M]: 0x0000000080005594 (0x0CDF0F13) addi t5, t5, 205
x30 <- 0xFFFFFFFF4AFB0CCD
mem[X,0x0000000080005598] -> 0x6EB7
mem[X,0x000000008000559A] -> 0x6666
[5483] [M]: 0x0000000080005598 (0x66666EB7) lui t4, 419430
x29 <- 0x0000000066666000
mem[X,0x000000008000559C] -> 0x8E93
mem[X,0x000000008000559E] -> 0x666E
[5484] [M]: 0x000000008000559C (0x666E8E93) addi t4, t4, 1638
x29 <- 0x0000000066666666
mem[X,0x00000000800055A0] -> 0x9E93
mem[X,0x00000000800055A2] -> 0x00BE
[5485] [M]: 0x00000000800055A0 (0x00BE9E93) slli t4, t4, 11
x29 <- 0x0000033333333000
mem[X,0x00000000800055A4] -> 0x8E93
mem[X,0x00000000800055A6] -> 0x333E
[5486] [M]: 0x00000000800055A4 (0x333E8E93) addi t4, t4, 819
x29 <- 0x0000033333333333
mem[X,0x00000000800055A8] -> 0x9E93
mem[X,0x00000000800055AA] -> 0x00BE
[5487] [M]: 0x00000000800055A8 (0x00BE9E93) slli t4, t4, 11
x29 <- 0x0019999999999800
mem[X,0x00000000800055AC] -> 0x8E93
mem[X,0x00000000800055AE] -> 0x199E
[5488] [M]: 0x00000000800055AC (0x199E8E93) addi t4, t4, 409
x29 <- 0x0019999999999999
mem[X,0x00000000800055B0] -> 0x9E93
mem[X,0x00000000800055B2] -> 0x00AE
[5489] [M]: 0x00000000800055B0 (0x00AE9E93) slli t4, t4, 10
x29 <- 0x6666666666666400
mem[X,0x00000000800055B4] -> 0x8E93
mem[X,0x00000000800055B6] -> 0x265E
[5490] [M]: 0x00000000800055B4 (0x265E8E93) addi t4, t4, 613
x29 <- 0x6666666666666665
mem[X,0x00000000800055B8] -> 0x4FB3
mem[X,0x00000000800055BA] -> 0x03DF
[5491] [M]: 0x00000000800055B8 (0x03DF4FB3) div t6, t5, t4
x31 <- 0x0000000000000000
mem[X,0x00000000800055BC] -> 0xB823
mem[X,0x00000000800055BE] -> 0x23F6
[5492] [M]: 0x00000000800055BC (0x23F6B823) sd t6, 560(a3)
mem[0x000000008000DDB0] <- 0x0000000000000000
mem[X,0x00000000800055C0] -> 0x0F37
mem[X,0x00000000800055C2] -> 0x0000
[5493] [M]: 0x00000000800055C0 (0x00000F37) lui t5, 0
x30 <- 0x0000000000000000
mem[X,0x00000000800055C4] -> 0x0F13
mem[X,0x00000000800055C6] -> 0xFFFF
[5494] [M]: 0x00000000800055C4 (0xFFFF0F13) addi t5, t5, 4095
x30 <- 0xFFFFFFFFFFFFFFFF
mem[X,0x00000000800055C8] -> 0x1F13
mem[X,0x00000000800055CA] -> 0x00BF
[5495] [M]: 0x00000000800055C8 (0x00BF1F13) slli t5, t5, 11
x30 <- 0xFFFFFFFFFFFFF800
mem[X,0x00000000800055CC] -> 0x0F13
mem[X,0x00000000800055CE] -> 0x257F
[5496] [M]: 0x00000000800055CC (0x257F0F13) addi t5, t5, 599
x30 <- 0xFFFFFFFFFFFFFA57
mem[X,0x00000000800055D0] -> 0x1F13
mem[X,0x00000000800055D2] -> 0x00BF
[5497] [M]: 0x00000000800055D0 (0x00BF1F13) slli t5, t5, 11
x30 <- 0xFFFFFFFFFFD2B800
mem[X,0x00000000800055D4] -> 0x0F13
mem[X,0x00000000800055D6] -> 0x6C3F
[5498] [M]: 0x00000000800055D4 (0x6C3F0F13) addi t5, t5, 1731
x30 <- 0xFFFFFFFFFFD2BEC3
mem[X,0x00000000800055D8] -> 0x1F13
mem[X,0x00000000800055DA] -> 0x00AF
[5499] [M]: 0x00000000800055D8 (0x00AF1F13) slli t5, t5, 10
x30 <- 0xFFFFFFFF4AFB0C00
clint::tick mtime <- 0x0000000000000037
 clint timer pending at mtime 0x0000000000000037
htif::tick 0x0000000000000000
mem[X,0x00000000800055DC] -> 0x0F13
mem[X,0x00000000800055DE] -> 0x0CDF
[5500] [M]: 0x00000000800055DC (0x0CDF0F13) addi t5, t5, 205
x30 <- 0xFFFFFFFF4AFB0CCD
mem[X,0x00000000800055E0] -> 0x0E93
mem[X,0x00000000800055E2] -> 0x0000
[5501] [M]: 0x00000000800055E0 (0x00000E93) addi t4, zero, 0
x29 <- 0x0000000000000000
mem[X,0x00000000800055E4] -> 0x4FB3
mem[X,0x00000000800055E6] -> 0x03DF
[5502] [M]: 0x00000000800055E4 (0x03DF4FB3) div t6, t5, t4
x31 <- 0xFFFFFFFFFFFFFFFF
mem[X,0x00000000800055E8] -> 0xBC23
mem[X,0x00000000800055EA] -> 0x23F6
[5503] [M]: 0x00000000800055E8 (0x23F6BC23) sd t6, 568(a3)
mem[0x000000008000DDB8] <- 0xFFFFFFFFFFFFFFFF
mem[X,0x00000000800055EC] -> 0x0F37
mem[X,0x00000000800055EE] -> 0x0000
[5504] [M]: 0x00000000800055EC (0x00000F37) lui t5, 0
x30 <- 0x0000000000000000
mem[X,0x00000000800055F0] -> 0x0F13
mem[X,0x00000000800055F2] -> 0xFFFF
[5505] [M]: 0x00000000800055F0 (0xFFFF0F13) addi t5, t5, 4095
x30 <- 0xFFFFFFFFFFFFFFFF
mem[X,0x00000000800055F4] -> 0x1F13
mem[X,0x00000000800055F6] -> 0x00BF
[5506] [M]: 0x00000000800055F4 (0x00BF1F13) slli t5, t5, 11
x30 <- 0xFFFFFFFFFFFFF800
mem[X,0x00000000800055F8] -> 0x0F13
mem[X,0x00000000800055FA] -> 0x257F
[5507] [M]: 0x00000000800055F8 (0x257F0F13) addi t5, t5, 599
x30 <- 0xFFFFFFFFFFFFFA57
mem[X,0x00000000800055FC] -> 0x1F13
mem[X,0x00000000800055FE] -> 0x00BF
[5508] [M]: 0x00000000800055FC (0x00BF1F13) slli t5, t5, 11
x30 <- 0xFFFFFFFFFFD2B800
mem[X,0x0000000080005600] -> 0x0F13
mem[X,0x0000000080005602] -> 0x6C3F
[5509] [M]: 0x0000000080005600 (0x6C3F0F13) addi t5, t5, 1731
x30 <- 0xFFFFFFFFFFD2BEC3
mem[X,0x0000000080005604] -> 0x1F13
mem[X,0x0000000080005606] -> 0x00AF
[5510] [M]: 0x0000000080005604 (0x00AF1F13) slli t5, t5, 10
x30 <- 0xFFFFFFFF4AFB0C00
mem[X,0x0000000080005608] -> 0x0F13
mem[X,0x000000008000560A] -> 0x0CDF
[5511] [M]: 0x0000000080005608 (0x0CDF0F13) addi t5, t5, 205
x30 <- 0xFFFFFFFF4AFB0CCD
mem[X,0x000000008000560C] -> 0x0EB7
mem[X,0x000000008000560E] -> 0x0000
[5512] [M]: 0x000000008000560C (0x00000EB7) lui t4, 0
x29 <- 0x0000000000000000
mem[X,0x0000000080005610] -> 0x8E93
mem[X,0x0000000080005612] -> 0x000E
[5513] [M]: 0x0000000080005610 (0x000E8E93) addi t4, t4, 0
x29 <- 0x0000000000000000
mem[X,0x0000000080005614] -> 0x9E93
mem[X,0x0000000080005616] -> 0x00BE
[5514] [M]: 0x0000000080005614 (0x00BE9E93) slli t4, t4, 11
x29 <- 0x0000000000000000
mem[X,0x0000000080005618] -> 0x8E93
mem[X,0x000000008000561A] -> 0x5A8E
[5515] [M]: 0x0000000080005618 (0x5A8E8E93) addi t4, t4, 1448
x29 <- 0x00000000000005A8
mem[X,0x000000008000561C] -> 0x9E93
mem[X,0x000000008000561E] -> 0x00BE
[5516] [M]: 0x000000008000561C (0x00BE9E93) slli t4, t4, 11
x29 <- 0x00000000002D4000
mem[X,0x0000000080005620] -> 0x8E93
mem[X,0x0000000080005622] -> 0x13CE
[5517] [M]: 0x0000000080005620 (0x13CE8E93) addi t4, t4, 316
x29 <- 0x00000000002D413C
mem[X,0x0000000080005624] -> 0x9E93
mem[X,0x0000000080005626] -> 0x00AE
[5518] [M]: 0x0000000080005624 (0x00AE9E93) slli t4, t4, 10
x29 <- 0x00000000B504F000
mem[X,0x0000000080005628] -> 0x8E93
mem[X,0x000000008000562A] -> 0x332E
[5519] [M]: 0x0000000080005628 (0x332E8E93) addi t4, t4, 818
x29 <- 0x00000000B504F332
mem[X,0x000000008000562C] -> 0x4FB3
mem[X,0x000000008000562E] -> 0x03DF
[5520] [M]: 0x000000008000562C (0x03DF4FB3) div t6, t5, t4
x31 <- 0xFFFFFFFFFFFFFFFF
mem[X,0x0000000080005630] -> 0xB023
mem[X,0x0000000080005632] -> 0x25F6
[5521] [M]: 0x0000000080005630 (0x25F6B023) sd t6, 576(a3)
mem[0x000000008000DDC0] <- 0xFFFFFFFFFFFFFFFF
mem[X,0x0000000080005634] -> 0x0F37
mem[X,0x0000000080005636] -> 0x0000
[5522] [M]: 0x0000000080005634 (0x00000F37) lui t5, 0
x30 <- 0x0000000000000000
mem[X,0x0000000080005638] -> 0x0F13
mem[X,0x000000008000563A] -> 0xFFFF
[5523] [M]: 0x0000000080005638 (0xFFFF0F13) addi t5, t5, 4095
x30 <- 0xFFFFFFFFFFFFFFFF
mem[X,0x000000008000563C] -> 0x1F13
mem[X,0x000000008000563E] -> 0x00BF
[5524] [M]: 0x000000008000563C (0x00BF1F13) slli t5, t5, 11
x30 <- 0xFFFFFFFFFFFFF800
mem[X,0x0000000080005640] -> 0x0F13
mem[X,0x0000000080005642] -> 0x257F
[5525] [M]: 0x0000000080005640 (0x257F0F13) addi t5, t5, 599
x30 <- 0xFFFFFFFFFFFFFA57
mem[X,0x0000000080005644] -> 0x1F13
mem[X,0x0000000080005646] -> 0x00BF
[5526] [M]: 0x0000000080005644 (0x00BF1F13) slli t5, t5, 11
x30 <- 0xFFFFFFFFFFD2B800
mem[X,0x0000000080005648] -> 0x0F13
mem[X,0x000000008000564A] -> 0x6C3F
[5527] [M]: 0x0000000080005648 (0x6C3F0F13) addi t5, t5, 1731
x30 <- 0xFFFFFFFFFFD2BEC3
mem[X,0x000000008000564C] -> 0x1F13
mem[X,0x000000008000564E] -> 0x00AF
[5528] [M]: 0x000000008000564C (0x00AF1F13) slli t5, t5, 10
x30 <- 0xFFFFFFFF4AFB0C00
mem[X,0x0000000080005650] -> 0x0F13
mem[X,0x0000000080005652] -> 0x0CDF
[5529] [M]: 0x0000000080005650 (0x0CDF0F13) addi t5, t5, 205
x30 <- 0xFFFFFFFF4AFB0CCD
mem[X,0x0000000080005654] -> 0x0E93
mem[X,0x0000000080005656] -> 0x0040
[5530] [M]: 0x0000000080005654 (0x00400E93) addi t4, zero, 4
x29 <- 0x0000000000000004
mem[X,0x0000000080005658] -> 0x4FB3
mem[X,0x000000008000565A] -> 0x03DF
[5531] [M]: 0x0000000080005658 (0x03DF4FB3) div t6, t5, t4
x31 <- 0xFFFFFFFFD2BEC334
mem[X,0x000000008000565C] -> 0xB423
mem[X,0x000000008000565E] -> 0x25F6
[5532] [M]: 0x000000008000565C (0x25F6B423) sd t6, 584(a3)
mem[0x000000008000DDC8] <- 0xFFFFFFFFD2BEC334
mem[X,0x0000000080005660] -> 0x0F37
mem[X,0x0000000080005662] -> 0x0000
[5533] [M]: 0x0000000080005660 (0x00000F37) lui t5, 0
x30 <- 0x0000000000000000
mem[X,0x0000000080005664] -> 0x0F13
mem[X,0x0000000080005666] -> 0xFFFF
[5534] [M]: 0x0000000080005664 (0xFFFF0F13) addi t5, t5, 4095
x30 <- 0xFFFFFFFFFFFFFFFF
mem[X,0x0000000080005668] -> 0x1F13
mem[X,0x000000008000566A] -> 0x00BF
[5535] [M]: 0x0000000080005668 (0x00BF1F13) slli t5, t5, 11
x30 <- 0xFFFFFFFFFFFFF800
mem[X,0x000000008000566C] -> 0x0F13
mem[X,0x000000008000566E] -> 0x257F
[5536] [M]: 0x000000008000566C (0x257F0F13) addi t5, t5, 599
x30 <- 0xFFFFFFFFFFFFFA57
mem[X,0x0000000080005670] -> 0x1F13
mem[X,0x0000000080005672] -> 0x00BF
[5537] [M]: 0x0000000080005670 (0x00BF1F13) slli t5, t5, 11
x30 <- 0xFFFFFFFFFFD2B800
mem[X,0x0000000080005674] -> 0x0F13
mem[X,0x0000000080005676] -> 0x6C3F
[5538] [M]: 0x0000000080005674 (0x6C3F0F13) addi t5, t5, 1731
x30 <- 0xFFFFFFFFFFD2BEC3
mem[X,0x0000000080005678] -> 0x1F13
mem[X,0x000000008000567A] -> 0x00AF
[5539] [M]: 0x0000000080005678 (0x00AF1F13) slli t5, t5, 10
x30 <- 0xFFFFFFFF4AFB0C00
mem[X,0x000000008000567C] -> 0x0F13
mem[X,0x000000008000567E] -> 0x0CDF
[5540] [M]: 0x000000008000567C (0x0CDF0F13) addi t5, t5, 205
x30 <- 0xFFFFFFFF4AFB0CCD
mem[X,0x0000000080005680] -> 0x5EB7
mem[X,0x0000000080005682] -> 0x5555
[5541] [M]: 0x0000000080005680 (0x55555EB7) lui t4, 349525
x29 <- 0x0000000055555000
mem[X,0x0000000080005684] -> 0x8E93
mem[X,0x0000000080005686] -> 0x555E
[5542] [M]: 0x0000000080005684 (0x555E8E93) addi t4, t4, 1365
x29 <- 0x0000000055555555
mem[X,0x0000000080005688] -> 0x9E93
mem[X,0x000000008000568A] -> 0x00BE
[5543] [M]: 0x0000000080005688 (0x00BE9E93) slli t4, t4, 11
x29 <- 0x000002AAAAAAA800
mem[X,0x000000008000568C] -> 0x8E93
mem[X,0x000000008000568E] -> 0x2AAE
[5544] [M]: 0x000000008000568C (0x2AAE8E93) addi t4, t4, 682
x29 <- 0x000002AAAAAAAAAA
mem[X,0x0000000080005690] -> 0x9E93
mem[X,0x0000000080005692] -> 0x00BE
[5545] [M]: 0x0000000080005690 (0x00BE9E93) slli t4, t4, 11
x29 <- 0x0015555555555000
mem[X,0x0000000080005694] -> 0x8E93
mem[X,0x0000000080005696] -> 0x555E
[5546] [M]: 0x0000000080005694 (0x555E8E93) addi t4, t4, 1365
x29 <- 0x0015555555555555
mem[X,0x0000000080005698] -> 0x9E93
mem[X,0x000000008000569A] -> 0x00AE
[5547] [M]: 0x0000000080005698 (0x00AE9E93) slli t4, t4, 10
x29 <- 0x5555555555555400
mem[X,0x000000008000569C] -> 0x8E93
mem[X,0x000000008000569E] -> 0x156E
[5548] [M]: 0x000000008000569C (0x156E8E93) addi t4, t4, 342
x29 <- 0x5555555555555556
mem[X,0x00000000800056A0] -> 0x4FB3
mem[X,0x00000000800056A2] -> 0x03DF
[5549] [M]: 0x00000000800056A0 (0x03DF4FB3) div t6, t5, t4
x31 <- 0x0000000000000000
mem[X,0x00000000800056A4] -> 0xB823
mem[X,0x00000000800056A6] -> 0x25F6
[5550] [M]: 0x00000000800056A4 (0x25F6B823) sd t6, 592(a3)
mem[0x000000008000DDD0] <- 0x0000000000000000
mem[X,0x00000000800056A8] -> 0x0F37
mem[X,0x00000000800056AA] -> 0x0000
[5551] [M]: 0x00000000800056A8 (0x00000F37) lui t5, 0
x30 <- 0x0000000000000000
mem[X,0x00000000800056AC] -> 0x0F13
mem[X,0x00000000800056AE] -> 0xFFFF
[5552] [M]: 0x00000000800056AC (0xFFFF0F13) addi t5, t5, 4095
x30 <- 0xFFFFFFFFFFFFFFFF
mem[X,0x00000000800056B0] -> 0x1F13
mem[X,0x00000000800056B2] -> 0x00BF
[5553] [M]: 0x00000000800056B0 (0x00BF1F13) slli t5, t5, 11
x30 <- 0xFFFFFFFFFFFFF800
mem[X,0x00000000800056B4] -> 0x0F13
mem[X,0x00000000800056B6] -> 0x257F
[5554] [M]: 0x00000000800056B4 (0x257F0F13) addi t5, t5, 599
x30 <- 0xFFFFFFFFFFFFFA57
mem[X,0x00000000800056B8] -> 0x1F13
mem[X,0x00000000800056BA] -> 0x00BF
[5555] [M]: 0x00000000800056B8 (0x00BF1F13) slli t5, t5, 11
x30 <- 0xFFFFFFFFFFD2B800
mem[X,0x00000000800056BC] -> 0x0F13
mem[X,0x00000000800056BE] -> 0x6C3F
[5556] [M]: 0x00000000800056BC (0x6C3F0F13) addi t5, t5, 1731
x30 <- 0xFFFFFFFFFFD2BEC3
mem[X,0x00000000800056C0] -> 0x1F13
mem[X,0x00000000800056C2] -> 0x00AF
[5557] [M]: 0x00000000800056C0 (0x00AF1F13) slli t5, t5, 10
x30 <- 0xFFFFFFFF4AFB0C00
mem[X,0x00000000800056C4] -> 0x0F13
mem[X,0x00000000800056C6] -> 0x0CDF
[5558] [M]: 0x00000000800056C4 (0x0CDF0F13) addi t5, t5, 205
x30 <- 0xFFFFFFFF4AFB0CCD
mem[X,0x00000000800056C8] -> 0xBEB7
mem[X,0x00000000800056CA] -> 0xAAAA
[5559] [M]: 0x00000000800056C8 (0xAAAABEB7) lui t4, 699051
x29 <- 0xFFFFFFFFAAAAB000
mem[X,0x00000000800056CC] -> 0x8E93
mem[X,0x00000000800056CE] -> 0xAAAE
[5560] [M]: 0x00000000800056CC (0xAAAE8E93) addi t4, t4, 2730
x29 <- 0xFFFFFFFFAAAAAAAA
mem[X,0x00000000800056D0] -> 0x9E93
mem[X,0x00000000800056D2] -> 0x00BE
[5561] [M]: 0x00000000800056D0 (0x00BE9E93) slli t4, t4, 11
x29 <- 0xFFFFFD5555555000
mem[X,0x00000000800056D4] -> 0x8E93
mem[X,0x00000000800056D6] -> 0x555E
[5562] [M]: 0x00000000800056D4 (0x555E8E93) addi t4, t4, 1365
x29 <- 0xFFFFFD5555555555
mem[X,0x00000000800056D8] -> 0x9E93
mem[X,0x00000000800056DA] -> 0x00BE
[5563] [M]: 0x00000000800056D8 (0x00BE9E93) slli t4, t4, 11
x29 <- 0xFFEAAAAAAAAAA800
mem[X,0x00000000800056DC] -> 0x8E93
mem[X,0x00000000800056DE] -> 0x2AAE
[5564] [M]: 0x00000000800056DC (0x2AAE8E93) addi t4, t4, 682
x29 <- 0xFFEAAAAAAAAAAAAA
mem[X,0x00000000800056E0] -> 0x9E93
mem[X,0x00000000800056E2] -> 0x00AE
[5565] [M]: 0x00000000800056E0 (0x00AE9E93) slli t4, t4, 10
x29 <- 0xAAAAAAAAAAAAA800
mem[X,0x00000000800056E4] -> 0x8E93
mem[X,0x00000000800056E6] -> 0x2ABE
[5566] [M]: 0x00000000800056E4 (0x2ABE8E93) addi t4, t4, 683
x29 <- 0xAAAAAAAAAAAAAAAB
mem[X,0x00000000800056E8] -> 0x4FB3
mem[X,0x00000000800056EA] -> 0x03DF
[5567] [M]: 0x00000000800056E8 (0x03DF4FB3) div t6, t5, t4
x31 <- 0x0000000000000000
mem[X,0x00000000800056EC] -> 0xBC23
mem[X,0x00000000800056EE] -> 0x25F6
[5568] [M]: 0x00000000800056EC (0x25F6BC23) sd t6, 600(a3)
mem[0x000000008000DDD8] <- 0x0000000000000000
mem[X,0x00000000800056F0] -> 0x0F37
mem[X,0x00000000800056F2] -> 0x0000
[5569] [M]: 0x00000000800056F0 (0x00000F37) lui t5, 0
x30 <- 0x0000000000000000
mem[X,0x00000000800056F4] -> 0x0F13
mem[X,0x00000000800056F6] -> 0xFFFF
[5570] [M]: 0x00000000800056F4 (0xFFFF0F13) addi t5, t5, 4095
x30 <- 0xFFFFFFFFFFFFFFFF
mem[X,0x00000000800056F8] -> 0x1F13
mem[X,0x00000000800056FA] -> 0x00BF
[5571] [M]: 0x00000000800056F8 (0x00BF1F13) slli t5, t5, 11
x30 <- 0xFFFFFFFFFFFFF800
mem[X,0x00000000800056FC] -> 0x0F13
mem[X,0x00000000800056FE] -> 0x257F
[5572] [M]: 0x00000000800056FC (0x257F0F13) addi t5, t5, 599
x30 <- 0xFFFFFFFFFFFFFA57
mem[X,0x0000000080005700] -> 0x1F13
mem[X,0x0000000080005702] -> 0x00BF
[5573] [M]: 0x0000000080005700 (0x00BF1F13) slli t5, t5, 11
x30 <- 0xFFFFFFFFFFD2B800
mem[X,0x0000000080005704] -> 0x0F13
mem[X,0x0000000080005706] -> 0x6C3F
[5574] [M]: 0x0000000080005704 (0x6C3F0F13) addi t5, t5, 1731
x30 <- 0xFFFFFFFFFFD2BEC3
mem[X,0x0000000080005708] -> 0x1F13
mem[X,0x000000008000570A] -> 0x00AF
[5575] [M]: 0x0000000080005708 (0x00AF1F13) slli t5, t5, 10
x30 <- 0xFFFFFFFF4AFB0C00
mem[X,0x000000008000570C] -> 0x0F13
mem[X,0x000000008000570E] -> 0x0CDF
[5576] [M]: 0x000000008000570C (0x0CDF0F13) addi t5, t5, 205
x30 <- 0xFFFFFFFF4AFB0CCD
mem[X,0x0000000080005710] -> 0x0E93
mem[X,0x0000000080005712] -> 0x0060
[5577] [M]: 0x0000000080005710 (0x00600E93) addi t4, zero, 6
x29 <- 0x0000000000000006
mem[X,0x0000000080005714] -> 0x4FB3
mem[X,0x0000000080005716] -> 0x03DF
[5578] [M]: 0x0000000080005714 (0x03DF4FB3) div t6, t5, t4
x31 <- 0xFFFFFFFFE1D48223
mem[X,0x0000000080005718] -> 0xB023
mem[X,0x000000008000571A] -> 0x27F6
[5579] [M]: 0x0000000080005718 (0x27F6B023) sd t6, 608(a3)
mem[0x000000008000DDE0] <- 0xFFFFFFFFE1D48223
mem[X,0x000000008000571C] -> 0x0F37
mem[X,0x000000008000571E] -> 0x0000
[5580] [M]: 0x000000008000571C (0x00000F37) lui t5, 0
x30 <- 0x0000000000000000
mem[X,0x0000000080005720] -> 0x0F13
mem[X,0x0000000080005722] -> 0xFFFF
[5581] [M]: 0x0000000080005720 (0xFFFF0F13) addi t5, t5, 4095
x30 <- 0xFFFFFFFFFFFFFFFF
mem[X,0x0000000080005724] -> 0x1F13
mem[X,0x0000000080005726] -> 0x00BF
[5582] [M]: 0x0000000080005724 (0x00BF1F13) slli t5, t5, 11
x30 <- 0xFFFFFFFFFFFFF800
mem[X,0x0000000080005728] -> 0x0F13
mem[X,0x000000008000572A] -> 0x257F
[5583] [M]: 0x0000000080005728 (0x257F0F13) addi t5, t5, 599
x30 <- 0xFFFFFFFFFFFFFA57
mem[X,0x000000008000572C] -> 0x1F13
mem[X,0x000000008000572E] -> 0x00BF
[5584] [M]: 0x000000008000572C (0x00BF1F13) slli t5, t5, 11
x30 <- 0xFFFFFFFFFFD2B800
mem[X,0x0000000080005730] -> 0x0F13
mem[X,0x0000000080005732] -> 0x6C3F
[5585] [M]: 0x0000000080005730 (0x6C3F0F13) addi t5, t5, 1731
x30 <- 0xFFFFFFFFFFD2BEC3
mem[X,0x0000000080005734] -> 0x1F13
mem[X,0x0000000080005736] -> 0x00AF
[5586] [M]: 0x0000000080005734 (0x00AF1F13) slli t5, t5, 10
x30 <- 0xFFFFFFFF4AFB0C00
mem[X,0x0000000080005738] -> 0x0F13
mem[X,0x000000008000573A] -> 0x0CDF
[5587] [M]: 0x0000000080005738 (0x0CDF0F13) addi t5, t5, 205
x30 <- 0xFFFFFFFF4AFB0CCD
mem[X,0x000000008000573C] -> 0x3EB7
mem[X,0x000000008000573E] -> 0x3333
[5588] [M]: 0x000000008000573C (0x33333EB7) lui t4, 209715
x29 <- 0x0000000033333000
mem[X,0x0000000080005740] -> 0x8E93
mem[X,0x0000000080005742] -> 0x333E
[5589] [M]: 0x0000000080005740 (0x333E8E93) addi t4, t4, 819
x29 <- 0x0000000033333333
mem[X,0x0000000080005744] -> 0x9E93
mem[X,0x0000000080005746] -> 0x00BE
[5590] [M]: 0x0000000080005744 (0x00BE9E93) slli t4, t4, 11
x29 <- 0x0000019999999800
mem[X,0x0000000080005748] -> 0x8E93
mem[X,0x000000008000574A] -> 0x199E
[5591] [M]: 0x0000000080005748 (0x199E8E93) addi t4, t4, 409
x29 <- 0x0000019999999999
mem[X,0x000000008000574C] -> 0x9E93
mem[X,0x000000008000574E] -> 0x00BE
[5592] [M]: 0x000000008000574C (0x00BE9E93) slli t4, t4, 11
x29 <- 0x000CCCCCCCCCC800
mem[X,0x0000000080005750] -> 0x8E93
mem[X,0x0000000080005752] -> 0x4CCE
[5593] [M]: 0x0000000080005750 (0x4CCE8E93) addi t4, t4, 1228
x29 <- 0x000CCCCCCCCCCCCC
mem[X,0x0000000080005754] -> 0x9E93
mem[X,0x0000000080005756] -> 0x00AE
[5594] [M]: 0x0000000080005754 (0x00AE9E93) slli t4, t4, 10
x29 <- 0x3333333333333000
mem[X,0x0000000080005758] -> 0x8E93
mem[X,0x000000008000575A] -> 0x334E
[5595] [M]: 0x0000000080005758 (0x334E8E93) addi t4, t4, 820
x29 <- 0x3333333333333334
mem[X,0x000000008000575C] -> 0x4FB3
mem[X,0x000000008000575E] -> 0x03DF
[5596] [M]: 0x000000008000575C (0x03DF4FB3) div t6, t5, t4
x31 <- 0x0000000000000000
mem[X,0x0000000080005760] -> 0xB423
mem[X,0x0000000080005762] -> 0x27F6
[5597] [M]: 0x0000000080005760 (0x27F6B423) sd t6, 616(a3)
mem[0x000000008000DDE8] <- 0x0000000000000000
mem[X,0x0000000080005764] -> 0x0F37
mem[X,0x0000000080005766] -> 0x0000
[5598] [M]: 0x0000000080005764 (0x00000F37) lui t5, 0
x30 <- 0x0000000000000000
mem[X,0x0000000080005768] -> 0x0F13
mem[X,0x000000008000576A] -> 0xFFFF
[5599] [M]: 0x0000000080005768 (0xFFFF0F13) addi t5, t5, 4095
x30 <- 0xFFFFFFFFFFFFFFFF
clint::tick mtime <- 0x0000000000000038
 clint timer pending at mtime 0x0000000000000038
htif::tick 0x0000000000000000
mem[X,0x000000008000576C] -> 0x1F13
mem[X,0x000000008000576E] -> 0x00BF
[5600] [M]: 0x000000008000576C (0x00BF1F13) slli t5, t5, 11
x30 <- 0xFFFFFFFFFFFFF800
mem[X,0x0000000080005770] -> 0x0F13
mem[X,0x0000000080005772] -> 0x257F
[5601] [M]: 0x0000000080005770 (0x257F0F13) addi t5, t5, 599
x30 <- 0xFFFFFFFFFFFFFA57
mem[X,0x0000000080005774] -> 0x1F13
mem[X,0x0000000080005776] -> 0x00BF
[5602] [M]: 0x0000000080005774 (0x00BF1F13) slli t5, t5, 11
x30 <- 0xFFFFFFFFFFD2B800
mem[X,0x0000000080005778] -> 0x0F13
mem[X,0x000000008000577A] -> 0x6C3F
[5603] [M]: 0x0000000080005778 (0x6C3F0F13) addi t5, t5, 1731
x30 <- 0xFFFFFFFFFFD2BEC3
mem[X,0x000000008000577C] -> 0x1F13
mem[X,0x000000008000577E] -> 0x00AF
[5604] [M]: 0x000000008000577C (0x00AF1F13) slli t5, t5, 10
x30 <- 0xFFFFFFFF4AFB0C00
mem[X,0x0000000080005780] -> 0x0F13
mem[X,0x0000000080005782] -> 0x0CDF
[5605] [M]: 0x0000000080005780 (0x0CDF0F13) addi t5, t5, 205
x30 <- 0xFFFFFFFF4AFB0CCD
mem[X,0x0000000080005784] -> 0x6EB7
mem[X,0x0000000080005786] -> 0x6666
[5606] [M]: 0x0000000080005784 (0x66666EB7) lui t4, 419430
x29 <- 0x0000000066666000
mem[X,0x0000000080005788] -> 0x8E93
mem[X,0x000000008000578A] -> 0x666E
[5607] [M]: 0x0000000080005788 (0x666E8E93) addi t4, t4, 1638
x29 <- 0x0000000066666666
mem[X,0x000000008000578C] -> 0x9E93
mem[X,0x000000008000578E] -> 0x00BE
[5608] [M]: 0x000000008000578C (0x00BE9E93) slli t4, t4, 11
x29 <- 0x0000033333333000
mem[X,0x0000000080005790] -> 0x8E93
mem[X,0x0000000080005792] -> 0x333E
[5609] [M]: 0x0000000080005790 (0x333E8E93) addi t4, t4, 819
x29 <- 0x0000033333333333
mem[X,0x0000000080005794] -> 0x9E93
mem[X,0x0000000080005796] -> 0x00BE
[5610] [M]: 0x0000000080005794 (0x00BE9E93) slli t4, t4, 11
x29 <- 0x0019999999999800
mem[X,0x0000000080005798] -> 0x8E93
mem[X,0x000000008000579A] -> 0x199E
[5611] [M]: 0x0000000080005798 (0x199E8E93) addi t4, t4, 409
x29 <- 0x0019999999999999
mem[X,0x000000008000579C] -> 0x9E93
mem[X,0x000000008000579E] -> 0x00AE
[5612] [M]: 0x000000008000579C (0x00AE9E93) slli t4, t4, 10
x29 <- 0x6666666666666400
mem[X,0x00000000800057A0] -> 0x8E93
mem[X,0x00000000800057A2] -> 0x267E
[5613] [M]: 0x00000000800057A0 (0x267E8E93) addi t4, t4, 615
x29 <- 0x6666666666666667
mem[X,0x00000000800057A4] -> 0x4FB3
mem[X,0x00000000800057A6] -> 0x03DF
[5614] [M]: 0x00000000800057A4 (0x03DF4FB3) div t6, t5, t4
x31 <- 0x0000000000000000
mem[X,0x00000000800057A8] -> 0xB823
mem[X,0x00000000800057AA] -> 0x27F6
[5615] [M]: 0x00000000800057A8 (0x27F6B823) sd t6, 624(a3)
mem[0x000000008000DDF0] <- 0x0000000000000000
mem[X,0x00000000800057AC] -> 0x0F37
mem[X,0x00000000800057AE] -> 0x0000
[5616] [M]: 0x00000000800057AC (0x00000F37) lui t5, 0
x30 <- 0x0000000000000000
mem[X,0x00000000800057B0] -> 0x0F13
mem[X,0x00000000800057B2] -> 0xFFFF
[5617] [M]: 0x00000000800057B0 (0xFFFF0F13) addi t5, t5, 4095
x30 <- 0xFFFFFFFFFFFFFFFF
mem[X,0x00000000800057B4] -> 0x1F13
mem[X,0x00000000800057B6] -> 0x00BF
[5618] [M]: 0x00000000800057B4 (0x00BF1F13) slli t5, t5, 11
x30 <- 0xFFFFFFFFFFFFF800
mem[X,0x00000000800057B8] -> 0x0F13
mem[X,0x00000000800057BA] -> 0x257F
[5619] [M]: 0x00000000800057B8 (0x257F0F13) addi t5, t5, 599
x30 <- 0xFFFFFFFFFFFFFA57
mem[X,0x00000000800057BC] -> 0x1F13
mem[X,0x00000000800057BE] -> 0x00BF
[5620] [M]: 0x00000000800057BC (0x00BF1F13) slli t5, t5, 11
x30 <- 0xFFFFFFFFFFD2B800
mem[X,0x00000000800057C0] -> 0x0F13
mem[X,0x00000000800057C2] -> 0x6C3F
[5621] [M]: 0x00000000800057C0 (0x6C3F0F13) addi t5, t5, 1731
x30 <- 0xFFFFFFFFFFD2BEC3
mem[X,0x00000000800057C4] -> 0x1F13
mem[X,0x00000000800057C6] -> 0x00AF
[5622] [M]: 0x00000000800057C4 (0x00AF1F13) slli t5, t5, 10
x30 <- 0xFFFFFFFF4AFB0C00
mem[X,0x00000000800057C8] -> 0x0F13
mem[X,0x00000000800057CA] -> 0x0CDF
[5623] [M]: 0x00000000800057C8 (0x0CDF0F13) addi t5, t5, 205
x30 <- 0xFFFFFFFF4AFB0CCD
mem[X,0x00000000800057CC] -> 0x0EB7
mem[X,0x00000000800057CE] -> 0x0000
[5624] [M]: 0x00000000800057CC (0x00000EB7) lui t4, 0
x29 <- 0x0000000000000000
mem[X,0x00000000800057D0] -> 0x8E93
mem[X,0x00000000800057D2] -> 0xFFFE
[5625] [M]: 0x00000000800057D0 (0xFFFE8E93) addi t4, t4, 4095
x29 <- 0xFFFFFFFFFFFFFFFF
mem[X,0x00000000800057D4] -> 0x9E93
mem[X,0x00000000800057D6] -> 0x00BE
[5626] [M]: 0x00000000800057D4 (0x00BE9E93) slli t4, t4, 11
x29 <- 0xFFFFFFFFFFFFF800
mem[X,0x00000000800057D8] -> 0x8E93
mem[X,0x00000000800057DA] -> 0x257E
[5627] [M]: 0x00000000800057D8 (0x257E8E93) addi t4, t4, 599
x29 <- 0xFFFFFFFFFFFFFA57
mem[X,0x00000000800057DC] -> 0x9E93
mem[X,0x00000000800057DE] -> 0x00BE
[5628] [M]: 0x00000000800057DC (0x00BE9E93) slli t4, t4, 11
x29 <- 0xFFFFFFFFFFD2B800
mem[X,0x00000000800057E0] -> 0x8E93
mem[X,0x00000000800057E2] -> 0x6C3E
[5629] [M]: 0x00000000800057E0 (0x6C3E8E93) addi t4, t4, 1731
x29 <- 0xFFFFFFFFFFD2BEC3
mem[X,0x00000000800057E4] -> 0x9E93
mem[X,0x00000000800057E6] -> 0x00AE
[5630] [M]: 0x00000000800057E4 (0x00AE9E93) slli t4, t4, 10
x29 <- 0xFFFFFFFF4AFB0C00
mem[X,0x00000000800057E8] -> 0x8E93
mem[X,0x00000000800057EA] -> 0x0CEE
[5631] [M]: 0x00000000800057E8 (0x0CEE8E93) addi t4, t4, 206
x29 <- 0xFFFFFFFF4AFB0CCE
mem[X,0x00000000800057EC] -> 0x4FB3
mem[X,0x00000000800057EE] -> 0x03DF
[5632] [M]: 0x00000000800057EC (0x03DF4FB3) div t6, t5, t4
x31 <- 0x0000000000000001
mem[X,0x00000000800057F0] -> 0xBC23
mem[X,0x00000000800057F2] -> 0x27F6
[5633] [M]: 0x00000000800057F0 (0x27F6BC23) sd t6, 632(a3)
mem[0x000000008000DDF8] <- 0x0000000000000001
mem[X,0x00000000800057F4] -> 0x0F37
mem[X,0x00000000800057F6] -> 0x0000
[5634] [M]: 0x00000000800057F4 (0x00000F37) lui t5, 0
x30 <- 0x0000000000000000
mem[X,0x00000000800057F8] -> 0x0F13
mem[X,0x00000000800057FA] -> 0xFFFF
[5635] [M]: 0x00000000800057F8 (0xFFFF0F13) addi t5, t5, 4095
x30 <- 0xFFFFFFFFFFFFFFFF
mem[X,0x00000000800057FC] -> 0x1F13
mem[X,0x00000000800057FE] -> 0x00BF
[5636] [M]: 0x00000000800057FC (0x00BF1F13) slli t5, t5, 11
x30 <- 0xFFFFFFFFFFFFF800
mem[X,0x0000000080005800] -> 0x0F13
mem[X,0x0000000080005802] -> 0x257F
[5637] [M]: 0x0000000080005800 (0x257F0F13) addi t5, t5, 599
x30 <- 0xFFFFFFFFFFFFFA57
mem[X,0x0000000080005804] -> 0x1F13
mem[X,0x0000000080005806] -> 0x00BF
[5638] [M]: 0x0000000080005804 (0x00BF1F13) slli t5, t5, 11
x30 <- 0xFFFFFFFFFFD2B800
mem[X,0x0000000080005808] -> 0x0F13
mem[X,0x000000008000580A] -> 0x6C3F
[5639] [M]: 0x0000000080005808 (0x6C3F0F13) addi t5, t5, 1731
x30 <- 0xFFFFFFFFFFD2BEC3
mem[X,0x000000008000580C] -> 0x1F13
mem[X,0x000000008000580E] -> 0x00AF
[5640] [M]: 0x000000008000580C (0x00AF1F13) slli t5, t5, 10
x30 <- 0xFFFFFFFF4AFB0C00
mem[X,0x0000000080005810] -> 0x0F13
mem[X,0x0000000080005812] -> 0x0CDF
[5641] [M]: 0x0000000080005810 (0x0CDF0F13) addi t5, t5, 205
x30 <- 0xFFFFFFFF4AFB0CCD
mem[X,0x0000000080005814] -> 0x0EB7
mem[X,0x0000000080005816] -> 0x0000
[5642] [M]: 0x0000000080005814 (0x00000EB7) lui t4, 0
x29 <- 0x0000000000000000
mem[X,0x0000000080005818] -> 0x8E93
mem[X,0x000000008000581A] -> 0x000E
[5643] [M]: 0x0000000080005818 (0x000E8E93) addi t4, t4, 0
x29 <- 0x0000000000000000
mem[X,0x000000008000581C] -> 0x9E93
mem[X,0x000000008000581E] -> 0x00BE
[5644] [M]: 0x000000008000581C (0x00BE9E93) slli t4, t4, 11
x29 <- 0x0000000000000000
mem[X,0x0000000080005820] -> 0x8E93
mem[X,0x0000000080005822] -> 0x5A8E
[5645] [M]: 0x0000000080005820 (0x5A8E8E93) addi t4, t4, 1448
x29 <- 0x00000000000005A8
mem[X,0x0000000080005824] -> 0x9E93
mem[X,0x0000000080005826] -> 0x00BE
[5646] [M]: 0x0000000080005824 (0x00BE9E93) slli t4, t4, 11
x29 <- 0x00000000002D4000
mem[X,0x0000000080005828] -> 0x8E93
mem[X,0x000000008000582A] -> 0x13CE
[5647] [M]: 0x0000000080005828 (0x13CE8E93) addi t4, t4, 316
x29 <- 0x00000000002D413C
mem[X,0x000000008000582C] -> 0x9E93
mem[X,0x000000008000582E] -> 0x00AE
[5648] [M]: 0x000000008000582C (0x00AE9E93) slli t4, t4, 10
x29 <- 0x00000000B504F000
mem[X,0x0000000080005830] -> 0x8E93
mem[X,0x0000000080005832] -> 0x334E
[5649] [M]: 0x0000000080005830 (0x334E8E93) addi t4, t4, 820
x29 <- 0x00000000B504F334
mem[X,0x0000000080005834] -> 0x4FB3
mem[X,0x0000000080005836] -> 0x03DF
[5650] [M]: 0x0000000080005834 (0x03DF4FB3) div t6, t5, t4
x31 <- 0x0000000000000000
mem[X,0x0000000080005838] -> 0xB023
mem[X,0x000000008000583A] -> 0x29F6
[5651] [M]: 0x0000000080005838 (0x29F6B023) sd t6, 640(a3)
mem[0x000000008000DE00] <- 0x0000000000000000
mem[X,0x000000008000583C] -> 0x0F37
mem[X,0x000000008000583E] -> 0x0000
[5652] [M]: 0x000000008000583C (0x00000F37) lui t5, 0
x30 <- 0x0000000000000000
mem[X,0x0000000080005840] -> 0x0F13
mem[X,0x0000000080005842] -> 0x000F
[5653] [M]: 0x0000000080005840 (0x000F0F13) addi t5, t5, 0
x30 <- 0x0000000000000000
mem[X,0x0000000080005844] -> 0x1F13
mem[X,0x0000000080005846] -> 0x00BF
[5654] [M]: 0x0000000080005844 (0x00BF1F13) slli t5, t5, 11
x30 <- 0x0000000000000000
mem[X,0x0000000080005848] -> 0x0F13
mem[X,0x000000008000584A] -> 0x5A8F
[5655] [M]: 0x0000000080005848 (0x5A8F0F13) addi t5, t5, 1448
x30 <- 0x00000000000005A8
mem[X,0x000000008000584C] -> 0x1F13
mem[X,0x000000008000584E] -> 0x00BF
[5656] [M]: 0x000000008000584C (0x00BF1F13) slli t5, t5, 11
x30 <- 0x00000000002D4000
mem[X,0x0000000080005850] -> 0x0F13
mem[X,0x0000000080005852] -> 0x13CF
[5657] [M]: 0x0000000080005850 (0x13CF0F13) addi t5, t5, 316
x30 <- 0x00000000002D413C
mem[X,0x0000000080005854] -> 0x1F13
mem[X,0x0000000080005856] -> 0x00AF
[5658] [M]: 0x0000000080005854 (0x00AF1F13) slli t5, t5, 10
x30 <- 0x00000000B504F000
mem[X,0x0000000080005858] -> 0x0F13
mem[X,0x000000008000585A] -> 0x333F
[5659] [M]: 0x0000000080005858 (0x333F0F13) addi t5, t5, 819
x30 <- 0x00000000B504F333
mem[X,0x000000008000585C] -> 0x0E93
mem[X,0x000000008000585E] -> 0x0030
[5660] [M]: 0x000000008000585C (0x00300E93) addi t4, zero, 3
x29 <- 0x0000000000000003
mem[X,0x0000000080005860] -> 0x4FB3
mem[X,0x0000000080005862] -> 0x03DF
[5661] [M]: 0x0000000080005860 (0x03DF4FB3) div t6, t5, t4
x31 <- 0x000000003C56FBBB
mem[X,0x0000000080005864] -> 0xB423
mem[X,0x0000000080005866] -> 0x29F6
[5662] [M]: 0x0000000080005864 (0x29F6B423) sd t6, 648(a3)
mem[0x000000008000DE08] <- 0x000000003C56FBBB
mem[X,0x0000000080005868] -> 0x0F37
mem[X,0x000000008000586A] -> 0x0000
[5663] [M]: 0x0000000080005868 (0x00000F37) lui t5, 0
x30 <- 0x0000000000000000
mem[X,0x000000008000586C] -> 0x0F13
mem[X,0x000000008000586E] -> 0x000F
[5664] [M]: 0x000000008000586C (0x000F0F13) addi t5, t5, 0
x30 <- 0x0000000000000000
mem[X,0x0000000080005870] -> 0x1F13
mem[X,0x0000000080005872] -> 0x00BF
[5665] [M]: 0x0000000080005870 (0x00BF1F13) slli t5, t5, 11
x30 <- 0x0000000000000000
mem[X,0x0000000080005874] -> 0x0F13
mem[X,0x0000000080005876] -> 0x5A8F
[5666] [M]: 0x0000000080005874 (0x5A8F0F13) addi t5, t5, 1448
x30 <- 0x00000000000005A8
mem[X,0x0000000080005878] -> 0x1F13
mem[X,0x000000008000587A] -> 0x00BF
[5667] [M]: 0x0000000080005878 (0x00BF1F13) slli t5, t5, 11
x30 <- 0x00000000002D4000
mem[X,0x000000008000587C] -> 0x0F13
mem[X,0x000000008000587E] -> 0x13CF
[5668] [M]: 0x000000008000587C (0x13CF0F13) addi t5, t5, 316
x30 <- 0x00000000002D413C
mem[X,0x0000000080005880] -> 0x1F13
mem[X,0x0000000080005882] -> 0x00AF
[5669] [M]: 0x0000000080005880 (0x00AF1F13) slli t5, t5, 10
x30 <- 0x00000000B504F000
mem[X,0x0000000080005884] -> 0x0F13
mem[X,0x0000000080005886] -> 0x333F
[5670] [M]: 0x0000000080005884 (0x333F0F13) addi t5, t5, 819
x30 <- 0x00000000B504F333
mem[X,0x0000000080005888] -> 0x5EB7
mem[X,0x000000008000588A] -> 0x5555
[5671] [M]: 0x0000000080005888 (0x55555EB7) lui t4, 349525
x29 <- 0x0000000055555000
mem[X,0x000000008000588C] -> 0x8E93
mem[X,0x000000008000588E] -> 0x555E
[5672] [M]: 0x000000008000588C (0x555E8E93) addi t4, t4, 1365
x29 <- 0x0000000055555555
mem[X,0x0000000080005890] -> 0x9E93
mem[X,0x0000000080005892] -> 0x00BE
[5673] [M]: 0x0000000080005890 (0x00BE9E93) slli t4, t4, 11
x29 <- 0x000002AAAAAAA800
mem[X,0x0000000080005894] -> 0x8E93
mem[X,0x0000000080005896] -> 0x2AAE
[5674] [M]: 0x0000000080005894 (0x2AAE8E93) addi t4, t4, 682
x29 <- 0x000002AAAAAAAAAA
mem[X,0x0000000080005898] -> 0x9E93
mem[X,0x000000008000589A] -> 0x00BE
[5675] [M]: 0x0000000080005898 (0x00BE9E93) slli t4, t4, 11
x29 <- 0x0015555555555000
mem[X,0x000000008000589C] -> 0x8E93
mem[X,0x000000008000589E] -> 0x555E
[5676] [M]: 0x000000008000589C (0x555E8E93) addi t4, t4, 1365
x29 <- 0x0015555555555555
mem[X,0x00000000800058A0] -> 0x9E93
mem[X,0x00000000800058A2] -> 0x00AE
[5677] [M]: 0x00000000800058A0 (0x00AE9E93) slli t4, t4, 10
x29 <- 0x5555555555555400
mem[X,0x00000000800058A4] -> 0x8E93
mem[X,0x00000000800058A6] -> 0x155E
[5678] [M]: 0x00000000800058A4 (0x155E8E93) addi t4, t4, 341
x29 <- 0x5555555555555555
mem[X,0x00000000800058A8] -> 0x4FB3
mem[X,0x00000000800058AA] -> 0x03DF
[5679] [M]: 0x00000000800058A8 (0x03DF4FB3) div t6, t5, t4
x31 <- 0x0000000000000000
mem[X,0x00000000800058AC] -> 0xB823
mem[X,0x00000000800058AE] -> 0x29F6
[5680] [M]: 0x00000000800058AC (0x29F6B823) sd t6, 656(a3)
mem[0x000000008000DE10] <- 0x0000000000000000
mem[X,0x00000000800058B0] -> 0x0F37
mem[X,0x00000000800058B2] -> 0x0000
[5681] [M]: 0x00000000800058B0 (0x00000F37) lui t5, 0
x30 <- 0x0000000000000000
mem[X,0x00000000800058B4] -> 0x0F13
mem[X,0x00000000800058B6] -> 0x000F
[5682] [M]: 0x00000000800058B4 (0x000F0F13) addi t5, t5, 0
x30 <- 0x0000000000000000
mem[X,0x00000000800058B8] -> 0x1F13
mem[X,0x00000000800058BA] -> 0x00BF
[5683] [M]: 0x00000000800058B8 (0x00BF1F13) slli t5, t5, 11
x30 <- 0x0000000000000000
mem[X,0x00000000800058BC] -> 0x0F13
mem[X,0x00000000800058BE] -> 0x5A8F
[5684] [M]: 0x00000000800058BC (0x5A8F0F13) addi t5, t5, 1448
x30 <- 0x00000000000005A8
mem[X,0x00000000800058C0] -> 0x1F13
mem[X,0x00000000800058C2] -> 0x00BF
[5685] [M]: 0x00000000800058C0 (0x00BF1F13) slli t5, t5, 11
x30 <- 0x00000000002D4000
mem[X,0x00000000800058C4] -> 0x0F13
mem[X,0x00000000800058C6] -> 0x13CF
[5686] [M]: 0x00000000800058C4 (0x13CF0F13) addi t5, t5, 316
x30 <- 0x00000000002D413C
mem[X,0x00000000800058C8] -> 0x1F13
mem[X,0x00000000800058CA] -> 0x00AF
[5687] [M]: 0x00000000800058C8 (0x00AF1F13) slli t5, t5, 10
x30 <- 0x00000000B504F000
mem[X,0x00000000800058CC] -> 0x0F13
mem[X,0x00000000800058CE] -> 0x333F
[5688] [M]: 0x00000000800058CC (0x333F0F13) addi t5, t5, 819
x30 <- 0x00000000B504F333
mem[X,0x00000000800058D0] -> 0xBEB7
mem[X,0x00000000800058D2] -> 0xAAAA
[5689] [M]: 0x00000000800058D0 (0xAAAABEB7) lui t4, 699051
x29 <- 0xFFFFFFFFAAAAB000
mem[X,0x00000000800058D4] -> 0x8E93
mem[X,0x00000000800058D6] -> 0xAAAE
[5690] [M]: 0x00000000800058D4 (0xAAAE8E93) addi t4, t4, 2730
x29 <- 0xFFFFFFFFAAAAAAAA
mem[X,0x00000000800058D8] -> 0x9E93
mem[X,0x00000000800058DA] -> 0x00BE
[5691] [M]: 0x00000000800058D8 (0x00BE9E93) slli t4, t4, 11
x29 <- 0xFFFFFD5555555000
mem[X,0x00000000800058DC] -> 0x8E93
mem[X,0x00000000800058DE] -> 0x555E
[5692] [M]: 0x00000000800058DC (0x555E8E93) addi t4, t4, 1365
x29 <- 0xFFFFFD5555555555
mem[X,0x00000000800058E0] -> 0x9E93
mem[X,0x00000000800058E2] -> 0x00BE
[5693] [M]: 0x00000000800058E0 (0x00BE9E93) slli t4, t4, 11
x29 <- 0xFFEAAAAAAAAAA800
mem[X,0x00000000800058E4] -> 0x8E93
mem[X,0x00000000800058E6] -> 0x2AAE
[5694] [M]: 0x00000000800058E4 (0x2AAE8E93) addi t4, t4, 682
x29 <- 0xFFEAAAAAAAAAAAAA
mem[X,0x00000000800058E8] -> 0x9E93
mem[X,0x00000000800058EA] -> 0x00AE
[5695] [M]: 0x00000000800058E8 (0x00AE9E93) slli t4, t4, 10
x29 <- 0xAAAAAAAAAAAAA800
mem[X,0x00000000800058EC] -> 0x8E93
mem[X,0x00000000800058EE] -> 0x2AAE
[5696] [M]: 0x00000000800058EC (0x2AAE8E93) addi t4, t4, 682
x29 <- 0xAAAAAAAAAAAAAAAA
mem[X,0x00000000800058F0] -> 0x4FB3
mem[X,0x00000000800058F2] -> 0x03DF
[5697] [M]: 0x00000000800058F0 (0x03DF4FB3) div t6, t5, t4
x31 <- 0x0000000000000000
mem[X,0x00000000800058F4] -> 0xBC23
mem[X,0x00000000800058F6] -> 0x29F6
[5698] [M]: 0x00000000800058F4 (0x29F6BC23) sd t6, 664(a3)
mem[0x000000008000DE18] <- 0x0000000000000000
mem[X,0x00000000800058F8] -> 0x0F37
mem[X,0x00000000800058FA] -> 0x0000
[5699] [M]: 0x00000000800058F8 (0x00000F37) lui t5, 0
x30 <- 0x0000000000000000
clint::tick mtime <- 0x0000000000000039
 clint timer pending at mtime 0x0000000000000039
htif::tick 0x0000000000000000
mem[X,0x00000000800058FC] -> 0x0F13
mem[X,0x00000000800058FE] -> 0x000F
[5700] [M]: 0x00000000800058FC (0x000F0F13) addi t5, t5, 0
x30 <- 0x0000000000000000
mem[X,0x0000000080005900] -> 0x1F13
mem[X,0x0000000080005902] -> 0x00BF
[5701] [M]: 0x0000000080005900 (0x00BF1F13) slli t5, t5, 11
x30 <- 0x0000000000000000
mem[X,0x0000000080005904] -> 0x0F13
mem[X,0x0000000080005906] -> 0x5A8F
[5702] [M]: 0x0000000080005904 (0x5A8F0F13) addi t5, t5, 1448
x30 <- 0x00000000000005A8
mem[X,0x0000000080005908] -> 0x1F13
mem[X,0x000000008000590A] -> 0x00BF
[5703] [M]: 0x0000000080005908 (0x00BF1F13) slli t5, t5, 11
x30 <- 0x00000000002D4000
mem[X,0x000000008000590C] -> 0x0F13
mem[X,0x000000008000590E] -> 0x13CF
[5704] [M]: 0x000000008000590C (0x13CF0F13) addi t5, t5, 316
x30 <- 0x00000000002D413C
mem[X,0x0000000080005910] -> 0x1F13
mem[X,0x0000000080005912] -> 0x00AF
[5705] [M]: 0x0000000080005910 (0x00AF1F13) slli t5, t5, 10
x30 <- 0x00000000B504F000
mem[X,0x0000000080005914] -> 0x0F13
mem[X,0x0000000080005916] -> 0x333F
[5706] [M]: 0x0000000080005914 (0x333F0F13) addi t5, t5, 819
x30 <- 0x00000000B504F333
mem[X,0x0000000080005918] -> 0x0E93
mem[X,0x000000008000591A] -> 0x0050
[5707] [M]: 0x0000000080005918 (0x00500E93) addi t4, zero, 5
x29 <- 0x0000000000000005
mem[X,0x000000008000591C] -> 0x4FB3
mem[X,0x000000008000591E] -> 0x03DF
[5708] [M]: 0x000000008000591C (0x03DF4FB3) div t6, t5, t4
x31 <- 0x00000000243430A3
mem[X,0x0000000080005920] -> 0xB023
mem[X,0x0000000080005922] -> 0x2BF6
[5709] [M]: 0x0000000080005920 (0x2BF6B023) sd t6, 672(a3)
mem[0x000000008000DE20] <- 0x00000000243430A3
mem[X,0x0000000080005924] -> 0x0F37
mem[X,0x0000000080005926] -> 0x0000
[5710] [M]: 0x0000000080005924 (0x00000F37) lui t5, 0
x30 <- 0x0000000000000000
mem[X,0x0000000080005928] -> 0x0F13
mem[X,0x000000008000592A] -> 0x000F
[5711] [M]: 0x0000000080005928 (0x000F0F13) addi t5, t5, 0
x30 <- 0x0000000000000000
mem[X,0x000000008000592C] -> 0x1F13
mem[X,0x000000008000592E] -> 0x00BF
[5712] [M]: 0x000000008000592C (0x00BF1F13) slli t5, t5, 11
x30 <- 0x0000000000000000
mem[X,0x0000000080005930] -> 0x0F13
mem[X,0x0000000080005932] -> 0x5A8F
[5713] [M]: 0x0000000080005930 (0x5A8F0F13) addi t5, t5, 1448
x30 <- 0x00000000000005A8
mem[X,0x0000000080005934] -> 0x1F13
mem[X,0x0000000080005936] -> 0x00BF
[5714] [M]: 0x0000000080005934 (0x00BF1F13) slli t5, t5, 11
x30 <- 0x00000000002D4000
mem[X,0x0000000080005938] -> 0x0F13
mem[X,0x000000008000593A] -> 0x13CF
[5715] [M]: 0x0000000080005938 (0x13CF0F13) addi t5, t5, 316
x30 <- 0x00000000002D413C
mem[X,0x000000008000593C] -> 0x1F13
mem[X,0x000000008000593E] -> 0x00AF
[5716] [M]: 0x000000008000593C (0x00AF1F13) slli t5, t5, 10
x30 <- 0x00000000B504F000
mem[X,0x0000000080005940] -> 0x0F13
mem[X,0x0000000080005942] -> 0x333F
[5717] [M]: 0x0000000080005940 (0x333F0F13) addi t5, t5, 819
x30 <- 0x00000000B504F333
mem[X,0x0000000080005944] -> 0x3EB7
mem[X,0x0000000080005946] -> 0x3333
[5718] [M]: 0x0000000080005944 (0x33333EB7) lui t4, 209715
x29 <- 0x0000000033333000
mem[X,0x0000000080005948] -> 0x8E93
mem[X,0x000000008000594A] -> 0x333E
[5719] [M]: 0x0000000080005948 (0x333E8E93) addi t4, t4, 819
x29 <- 0x0000000033333333
mem[X,0x000000008000594C] -> 0x9E93
mem[X,0x000000008000594E] -> 0x00BE
[5720] [M]: 0x000000008000594C (0x00BE9E93) slli t4, t4, 11
x29 <- 0x0000019999999800
mem[X,0x0000000080005950] -> 0x8E93
mem[X,0x0000000080005952] -> 0x199E
[5721] [M]: 0x0000000080005950 (0x199E8E93) addi t4, t4, 409
x29 <- 0x0000019999999999
mem[X,0x0000000080005954] -> 0x9E93
mem[X,0x0000000080005956] -> 0x00BE
[5722] [M]: 0x0000000080005954 (0x00BE9E93) slli t4, t4, 11
x29 <- 0x000CCCCCCCCCC800
mem[X,0x0000000080005958] -> 0x8E93
mem[X,0x000000008000595A] -> 0x4CCE
[5723] [M]: 0x0000000080005958 (0x4CCE8E93) addi t4, t4, 1228
x29 <- 0x000CCCCCCCCCCCCC
mem[X,0x000000008000595C] -> 0x9E93
mem[X,0x000000008000595E] -> 0x00AE
[5724] [M]: 0x000000008000595C (0x00AE9E93) slli t4, t4, 10
x29 <- 0x3333333333333000
mem[X,0x0000000080005960] -> 0x8E93
mem[X,0x0000000080005962] -> 0x333E
[5725] [M]: 0x0000000080005960 (0x333E8E93) addi t4, t4, 819
x29 <- 0x3333333333333333
mem[X,0x0000000080005964] -> 0x4FB3
mem[X,0x0000000080005966] -> 0x03DF
[5726] [M]: 0x0000000080005964 (0x03DF4FB3) div t6, t5, t4
x31 <- 0x0000000000000000
mem[X,0x0000000080005968] -> 0xB423
mem[X,0x000000008000596A] -> 0x2BF6
[5727] [M]: 0x0000000080005968 (0x2BF6B423) sd t6, 680(a3)
mem[0x000000008000DE28] <- 0x0000000000000000
mem[X,0x000000008000596C] -> 0x0F37
mem[X,0x000000008000596E] -> 0x0000
[5728] [M]: 0x000000008000596C (0x00000F37) lui t5, 0
x30 <- 0x0000000000000000
mem[X,0x0000000080005970] -> 0x0F13
mem[X,0x0000000080005972] -> 0x000F
[5729] [M]: 0x0000000080005970 (0x000F0F13) addi t5, t5, 0
x30 <- 0x0000000000000000
mem[X,0x0000000080005974] -> 0x1F13
mem[X,0x0000000080005976] -> 0x00BF
[5730] [M]: 0x0000000080005974 (0x00BF1F13) slli t5, t5, 11
x30 <- 0x0000000000000000
mem[X,0x0000000080005978] -> 0x0F13
mem[X,0x000000008000597A] -> 0x5A8F
[5731] [M]: 0x0000000080005978 (0x5A8F0F13) addi t5, t5, 1448
x30 <- 0x00000000000005A8
mem[X,0x000000008000597C] -> 0x1F13
mem[X,0x000000008000597E] -> 0x00BF
[5732] [M]: 0x000000008000597C (0x00BF1F13) slli t5, t5, 11
x30 <- 0x00000000002D4000
mem[X,0x0000000080005980] -> 0x0F13
mem[X,0x0000000080005982] -> 0x13CF
[5733] [M]: 0x0000000080005980 (0x13CF0F13) addi t5, t5, 316
x30 <- 0x00000000002D413C
mem[X,0x0000000080005984] -> 0x1F13
mem[X,0x0000000080005986] -> 0x00AF
[5734] [M]: 0x0000000080005984 (0x00AF1F13) slli t5, t5, 10
x30 <- 0x00000000B504F000
mem[X,0x0000000080005988] -> 0x0F13
mem[X,0x000000008000598A] -> 0x333F
[5735] [M]: 0x0000000080005988 (0x333F0F13) addi t5, t5, 819
x30 <- 0x00000000B504F333
mem[X,0x000000008000598C] -> 0x6EB7
mem[X,0x000000008000598E] -> 0x6666
[5736] [M]: 0x000000008000598C (0x66666EB7) lui t4, 419430
x29 <- 0x0000000066666000
mem[X,0x0000000080005990] -> 0x8E93
mem[X,0x0000000080005992] -> 0x666E
[5737] [M]: 0x0000000080005990 (0x666E8E93) addi t4, t4, 1638
x29 <- 0x0000000066666666
mem[X,0x0000000080005994] -> 0x9E93
mem[X,0x0000000080005996] -> 0x00BE
[5738] [M]: 0x0000000080005994 (0x00BE9E93) slli t4, t4, 11
x29 <- 0x0000033333333000
mem[X,0x0000000080005998] -> 0x8E93
mem[X,0x000000008000599A] -> 0x333E
[5739] [M]: 0x0000000080005998 (0x333E8E93) addi t4, t4, 819
x29 <- 0x0000033333333333
mem[X,0x000000008000599C] -> 0x9E93
mem[X,0x000000008000599E] -> 0x00BE
[5740] [M]: 0x000000008000599C (0x00BE9E93) slli t4, t4, 11
x29 <- 0x0019999999999800
mem[X,0x00000000800059A0] -> 0x8E93
mem[X,0x00000000800059A2] -> 0x199E
[5741] [M]: 0x00000000800059A0 (0x199E8E93) addi t4, t4, 409
x29 <- 0x0019999999999999
mem[X,0x00000000800059A4] -> 0x9E93
mem[X,0x00000000800059A6] -> 0x00AE
[5742] [M]: 0x00000000800059A4 (0x00AE9E93) slli t4, t4, 10
x29 <- 0x6666666666666400
mem[X,0x00000000800059A8] -> 0x8E93
mem[X,0x00000000800059AA] -> 0x266E
[5743] [M]: 0x00000000800059A8 (0x266E8E93) addi t4, t4, 614
x29 <- 0x6666666666666666
mem[X,0x00000000800059AC] -> 0x4FB3
mem[X,0x00000000800059AE] -> 0x03DF
[5744] [M]: 0x00000000800059AC (0x03DF4FB3) div t6, t5, t4
x31 <- 0x0000000000000000
mem[X,0x00000000800059B0] -> 0xB823
mem[X,0x00000000800059B2] -> 0x2BF6
[5745] [M]: 0x00000000800059B0 (0x2BF6B823) sd t6, 688(a3)
mem[0x000000008000DE30] <- 0x0000000000000000
mem[X,0x00000000800059B4] -> 0x0F37
mem[X,0x00000000800059B6] -> 0x0000
[5746] [M]: 0x00000000800059B4 (0x00000F37) lui t5, 0
x30 <- 0x0000000000000000
mem[X,0x00000000800059B8] -> 0x0F13
mem[X,0x00000000800059BA] -> 0x000F
[5747] [M]: 0x00000000800059B8 (0x000F0F13) addi t5, t5, 0
x30 <- 0x0000000000000000
mem[X,0x00000000800059BC] -> 0x1F13
mem[X,0x00000000800059BE] -> 0x00BF
[5748] [M]: 0x00000000800059BC (0x00BF1F13) slli t5, t5, 11
x30 <- 0x0000000000000000
mem[X,0x00000000800059C0] -> 0x0F13
mem[X,0x00000000800059C2] -> 0x5A8F
[5749] [M]: 0x00000000800059C0 (0x5A8F0F13) addi t5, t5, 1448
x30 <- 0x00000000000005A8
mem[X,0x00000000800059C4] -> 0x1F13
mem[X,0x00000000800059C6] -> 0x00BF
[5750] [M]: 0x00000000800059C4 (0x00BF1F13) slli t5, t5, 11
x30 <- 0x00000000002D4000
mem[X,0x00000000800059C8] -> 0x0F13
mem[X,0x00000000800059CA] -> 0x13CF
[5751] [M]: 0x00000000800059C8 (0x13CF0F13) addi t5, t5, 316
x30 <- 0x00000000002D413C
mem[X,0x00000000800059CC] -> 0x1F13
mem[X,0x00000000800059CE] -> 0x00AF
[5752] [M]: 0x00000000800059CC (0x00AF1F13) slli t5, t5, 10
x30 <- 0x00000000B504F000
mem[X,0x00000000800059D0] -> 0x0F13
mem[X,0x00000000800059D2] -> 0x333F
[5753] [M]: 0x00000000800059D0 (0x333F0F13) addi t5, t5, 819
x30 <- 0x00000000B504F333
mem[X,0x00000000800059D4] -> 0x0EB7
mem[X,0x00000000800059D6] -> 0x0000
[5754] [M]: 0x00000000800059D4 (0x00000EB7) lui t4, 0
x29 <- 0x0000000000000000
mem[X,0x00000000800059D8] -> 0x8E93
mem[X,0x00000000800059DA] -> 0xFFFE
[5755] [M]: 0x00000000800059D8 (0xFFFE8E93) addi t4, t4, 4095
x29 <- 0xFFFFFFFFFFFFFFFF
mem[X,0x00000000800059DC] -> 0x9E93
mem[X,0x00000000800059DE] -> 0x00BE
[5756] [M]: 0x00000000800059DC (0x00BE9E93) slli t4, t4, 11
x29 <- 0xFFFFFFFFFFFFF800
mem[X,0x00000000800059E0] -> 0x8E93
mem[X,0x00000000800059E2] -> 0x257E
[5757] [M]: 0x00000000800059E0 (0x257E8E93) addi t4, t4, 599
x29 <- 0xFFFFFFFFFFFFFA57
mem[X,0x00000000800059E4] -> 0x9E93
mem[X,0x00000000800059E6] -> 0x00BE
[5758] [M]: 0x00000000800059E4 (0x00BE9E93) slli t4, t4, 11
x29 <- 0xFFFFFFFFFFD2B800
mem[X,0x00000000800059E8] -> 0x8E93
mem[X,0x00000000800059EA] -> 0x6C3E
[5759] [M]: 0x00000000800059E8 (0x6C3E8E93) addi t4, t4, 1731
x29 <- 0xFFFFFFFFFFD2BEC3
mem[X,0x00000000800059EC] -> 0x9E93
mem[X,0x00000000800059EE] -> 0x00AE
[5760] [M]: 0x00000000800059EC (0x00AE9E93) slli t4, t4, 10
x29 <- 0xFFFFFFFF4AFB0C00
mem[X,0x00000000800059F0] -> 0x8E93
mem[X,0x00000000800059F2] -> 0x0CDE
[5761] [M]: 0x00000000800059F0 (0x0CDE8E93) addi t4, t4, 205
x29 <- 0xFFFFFFFF4AFB0CCD
mem[X,0x00000000800059F4] -> 0x4FB3
mem[X,0x00000000800059F6] -> 0x03DF
[5762] [M]: 0x00000000800059F4 (0x03DF4FB3) div t6, t5, t4
x31 <- 0xFFFFFFFFFFFFFFFF
mem[X,0x00000000800059F8] -> 0xBC23
mem[X,0x00000000800059FA] -> 0x2BF6
[5763] [M]: 0x00000000800059F8 (0x2BF6BC23) sd t6, 696(a3)
mem[0x000000008000DE38] <- 0xFFFFFFFFFFFFFFFF
mem[X,0x00000000800059FC] -> 0x0F37
mem[X,0x00000000800059FE] -> 0x0000
[5764] [M]: 0x00000000800059FC (0x00000F37) lui t5, 0
x30 <- 0x0000000000000000
mem[X,0x0000000080005A00] -> 0x0F13
mem[X,0x0000000080005A02] -> 0x000F
[5765] [M]: 0x0000000080005A00 (0x000F0F13) addi t5, t5, 0
x30 <- 0x0000000000000000
mem[X,0x0000000080005A04] -> 0x1F13
mem[X,0x0000000080005A06] -> 0x00BF
[5766] [M]: 0x0000000080005A04 (0x00BF1F13) slli t5, t5, 11
x30 <- 0x0000000000000000
mem[X,0x0000000080005A08] -> 0x0F13
mem[X,0x0000000080005A0A] -> 0x5A8F
[5767] [M]: 0x0000000080005A08 (0x5A8F0F13) addi t5, t5, 1448
x30 <- 0x00000000000005A8
mem[X,0x0000000080005A0C] -> 0x1F13
mem[X,0x0000000080005A0E] -> 0x00BF
[5768] [M]: 0x0000000080005A0C (0x00BF1F13) slli t5, t5, 11
x30 <- 0x00000000002D4000
mem[X,0x0000000080005A10] -> 0x0F13
mem[X,0x0000000080005A12] -> 0x13CF
[5769] [M]: 0x0000000080005A10 (0x13CF0F13) addi t5, t5, 316
x30 <- 0x00000000002D413C
mem[X,0x0000000080005A14] -> 0x1F13
mem[X,0x0000000080005A16] -> 0x00AF
[5770] [M]: 0x0000000080005A14 (0x00AF1F13) slli t5, t5, 10
x30 <- 0x00000000B504F000
mem[X,0x0000000080005A18] -> 0x0F13
mem[X,0x0000000080005A1A] -> 0x333F
[5771] [M]: 0x0000000080005A18 (0x333F0F13) addi t5, t5, 819
x30 <- 0x00000000B504F333
mem[X,0x0000000080005A1C] -> 0x0EB7
mem[X,0x0000000080005A1E] -> 0x0000
[5772] [M]: 0x0000000080005A1C (0x00000EB7) lui t4, 0
x29 <- 0x0000000000000000
mem[X,0x0000000080005A20] -> 0x8E93
mem[X,0x0000000080005A22] -> 0x000E
[5773] [M]: 0x0000000080005A20 (0x000E8E93) addi t4, t4, 0
x29 <- 0x0000000000000000
mem[X,0x0000000080005A24] -> 0x9E93
mem[X,0x0000000080005A26] -> 0x00BE
[5774] [M]: 0x0000000080005A24 (0x00BE9E93) slli t4, t4, 11
x29 <- 0x0000000000000000
mem[X,0x0000000080005A28] -> 0x8E93
mem[X,0x0000000080005A2A] -> 0x5A8E
[5775] [M]: 0x0000000080005A28 (0x5A8E8E93) addi t4, t4, 1448
x29 <- 0x00000000000005A8
mem[X,0x0000000080005A2C] -> 0x9E93
mem[X,0x0000000080005A2E] -> 0x00BE
[5776] [M]: 0x0000000080005A2C (0x00BE9E93) slli t4, t4, 11
x29 <- 0x00000000002D4000
mem[X,0x0000000080005A30] -> 0x8E93
mem[X,0x0000000080005A32] -> 0x13CE
[5777] [M]: 0x0000000080005A30 (0x13CE8E93) addi t4, t4, 316
x29 <- 0x00000000002D413C
mem[X,0x0000000080005A34] -> 0x9E93
mem[X,0x0000000080005A36] -> 0x00AE
[5778] [M]: 0x0000000080005A34 (0x00AE9E93) slli t4, t4, 10
x29 <- 0x00000000B504F000
mem[X,0x0000000080005A38] -> 0x8E93
mem[X,0x0000000080005A3A] -> 0x333E
[5779] [M]: 0x0000000080005A38 (0x333E8E93) addi t4, t4, 819
x29 <- 0x00000000B504F333
mem[X,0x0000000080005A3C] -> 0x4FB3
mem[X,0x0000000080005A3E] -> 0x03DF
[5780] [M]: 0x0000000080005A3C (0x03DF4FB3) div t6, t5, t4
x31 <- 0x0000000000000001
mem[X,0x0000000080005A40] -> 0xB023
mem[X,0x0000000080005A42] -> 0x2DF6
[5781] [M]: 0x0000000080005A40 (0x2DF6B023) sd t6, 704(a3)
mem[0x000000008000DE40] <- 0x0000000000000001
mem[X,0x0000000080005A44] -> 0x0F37
mem[X,0x0000000080005A46] -> 0x0000
[5782] [M]: 0x0000000080005A44 (0x00000F37) lui t5, 0
x30 <- 0x0000000000000000
mem[X,0x0000000080005A48] -> 0x0F13
mem[X,0x0000000080005A4A] -> 0x000F
[5783] [M]: 0x0000000080005A48 (0x000F0F13) addi t5, t5, 0
x30 <- 0x0000000000000000
mem[X,0x0000000080005A4C] -> 0x1F13
mem[X,0x0000000080005A4E] -> 0x00BF
[5784] [M]: 0x0000000080005A4C (0x00BF1F13) slli t5, t5, 11
x30 <- 0x0000000000000000
mem[X,0x0000000080005A50] -> 0x0F13
mem[X,0x0000000080005A52] -> 0x5A8F
[5785] [M]: 0x0000000080005A50 (0x5A8F0F13) addi t5, t5, 1448
x30 <- 0x00000000000005A8
mem[X,0x0000000080005A54] -> 0x1F13
mem[X,0x0000000080005A56] -> 0x00BF
[5786] [M]: 0x0000000080005A54 (0x00BF1F13) slli t5, t5, 11
x30 <- 0x00000000002D4000
mem[X,0x0000000080005A58] -> 0x0F13
mem[X,0x0000000080005A5A] -> 0x13CF
[5787] [M]: 0x0000000080005A58 (0x13CF0F13) addi t5, t5, 316
x30 <- 0x00000000002D413C
mem[X,0x0000000080005A5C] -> 0x1F13
mem[X,0x0000000080005A5E] -> 0x00AF
[5788] [M]: 0x0000000080005A5C (0x00AF1F13) slli t5, t5, 10
x30 <- 0x00000000B504F000
mem[X,0x0000000080005A60] -> 0x0F13
mem[X,0x0000000080005A62] -> 0x333F
[5789] [M]: 0x0000000080005A60 (0x333F0F13) addi t5, t5, 819
x30 <- 0x00000000B504F333
mem[X,0x0000000080005A64] -> 0x0E93
mem[X,0x0000000080005A66] -> 0x0020
[5790] [M]: 0x0000000080005A64 (0x00200E93) addi t4, zero, 2
x29 <- 0x0000000000000002
mem[X,0x0000000080005A68] -> 0x4FB3
mem[X,0x0000000080005A6A] -> 0x03DF
[5791] [M]: 0x0000000080005A68 (0x03DF4FB3) div t6, t5, t4
x31 <- 0x000000005A827999
mem[X,0x0000000080005A6C] -> 0xB423
mem[X,0x0000000080005A6E] -> 0x2DF6
[5792] [M]: 0x0000000080005A6C (0x2DF6B423) sd t6, 712(a3)
mem[0x000000008000DE48] <- 0x000000005A827999
mem[X,0x0000000080005A70] -> 0x0F37
mem[X,0x0000000080005A72] -> 0x0000
[5793] [M]: 0x0000000080005A70 (0x00000F37) lui t5, 0
x30 <- 0x0000000000000000
mem[X,0x0000000080005A74] -> 0x0F13
mem[X,0x0000000080005A76] -> 0x000F
[5794] [M]: 0x0000000080005A74 (0x000F0F13) addi t5, t5, 0
x30 <- 0x0000000000000000
mem[X,0x0000000080005A78] -> 0x1F13
mem[X,0x0000000080005A7A] -> 0x00BF
[5795] [M]: 0x0000000080005A78 (0x00BF1F13) slli t5, t5, 11
x30 <- 0x0000000000000000
mem[X,0x0000000080005A7C] -> 0x0F13
mem[X,0x0000000080005A7E] -> 0x5A8F
[5796] [M]: 0x0000000080005A7C (0x5A8F0F13) addi t5, t5, 1448
x30 <- 0x00000000000005A8
mem[X,0x0000000080005A80] -> 0x1F13
mem[X,0x0000000080005A82] -> 0x00BF
[5797] [M]: 0x0000000080005A80 (0x00BF1F13) slli t5, t5, 11
x30 <- 0x00000000002D4000
mem[X,0x0000000080005A84] -> 0x0F13
mem[X,0x0000000080005A86] -> 0x13CF
[5798] [M]: 0x0000000080005A84 (0x13CF0F13) addi t5, t5, 316
x30 <- 0x00000000002D413C
mem[X,0x0000000080005A88] -> 0x1F13
mem[X,0x0000000080005A8A] -> 0x00AF
[5799] [M]: 0x0000000080005A88 (0x00AF1F13) slli t5, t5, 10
x30 <- 0x00000000B504F000
clint::tick mtime <- 0x000000000000003A
 clint timer pending at mtime 0x000000000000003A
htif::tick 0x0000000000000000
mem[X,0x0000000080005A8C] -> 0x0F13
mem[X,0x0000000080005A8E] -> 0x333F
[5800] [M]: 0x0000000080005A8C (0x333F0F13) addi t5, t5, 819
x30 <- 0x00000000B504F333
mem[X,0x0000000080005A90] -> 0x5EB7
mem[X,0x0000000080005A92] -> 0x5555
[5801] [M]: 0x0000000080005A90 (0x55555EB7) lui t4, 349525
x29 <- 0x0000000055555000
mem[X,0x0000000080005A94] -> 0x8E93
mem[X,0x0000000080005A96] -> 0x555E
[5802] [M]: 0x0000000080005A94 (0x555E8E93) addi t4, t4, 1365
x29 <- 0x0000000055555555
mem[X,0x0000000080005A98] -> 0x9E93
mem[X,0x0000000080005A9A] -> 0x00BE
[5803] [M]: 0x0000000080005A98 (0x00BE9E93) slli t4, t4, 11
x29 <- 0x000002AAAAAAA800
mem[X,0x0000000080005A9C] -> 0x8E93
mem[X,0x0000000080005A9E] -> 0x2AAE
[5804] [M]: 0x0000000080005A9C (0x2AAE8E93) addi t4, t4, 682
x29 <- 0x000002AAAAAAAAAA
mem[X,0x0000000080005AA0] -> 0x9E93
mem[X,0x0000000080005AA2] -> 0x00BE
[5805] [M]: 0x0000000080005AA0 (0x00BE9E93) slli t4, t4, 11
x29 <- 0x0015555555555000
mem[X,0x0000000080005AA4] -> 0x8E93
mem[X,0x0000000080005AA6] -> 0x555E
[5806] [M]: 0x0000000080005AA4 (0x555E8E93) addi t4, t4, 1365
x29 <- 0x0015555555555555
mem[X,0x0000000080005AA8] -> 0x9E93
mem[X,0x0000000080005AAA] -> 0x00AE
[5807] [M]: 0x0000000080005AA8 (0x00AE9E93) slli t4, t4, 10
x29 <- 0x5555555555555400
mem[X,0x0000000080005AAC] -> 0x8E93
mem[X,0x0000000080005AAE] -> 0x154E
[5808] [M]: 0x0000000080005AAC (0x154E8E93) addi t4, t4, 340
x29 <- 0x5555555555555554
mem[X,0x0000000080005AB0] -> 0x4FB3
mem[X,0x0000000080005AB2] -> 0x03DF
[5809] [M]: 0x0000000080005AB0 (0x03DF4FB3) div t6, t5, t4
x31 <- 0x0000000000000000
mem[X,0x0000000080005AB4] -> 0xB823
mem[X,0x0000000080005AB6] -> 0x2DF6
[5810] [M]: 0x0000000080005AB4 (0x2DF6B823) sd t6, 720(a3)
mem[0x000000008000DE50] <- 0x0000000000000000
mem[X,0x0000000080005AB8] -> 0x0F37
mem[X,0x0000000080005ABA] -> 0x0000
[5811] [M]: 0x0000000080005AB8 (0x00000F37) lui t5, 0
x30 <- 0x0000000000000000
mem[X,0x0000000080005ABC] -> 0x0F13
mem[X,0x0000000080005ABE] -> 0x000F
[5812] [M]: 0x0000000080005ABC (0x000F0F13) addi t5, t5, 0
x30 <- 0x0000000000000000
mem[X,0x0000000080005AC0] -> 0x1F13
mem[X,0x0000000080005AC2] -> 0x00BF
[5813] [M]: 0x0000000080005AC0 (0x00BF1F13) slli t5, t5, 11
x30 <- 0x0000000000000000
mem[X,0x0000000080005AC4] -> 0x0F13
mem[X,0x0000000080005AC6] -> 0x5A8F
[5814] [M]: 0x0000000080005AC4 (0x5A8F0F13) addi t5, t5, 1448
x30 <- 0x00000000000005A8
mem[X,0x0000000080005AC8] -> 0x1F13
mem[X,0x0000000080005ACA] -> 0x00BF
[5815] [M]: 0x0000000080005AC8 (0x00BF1F13) slli t5, t5, 11
x30 <- 0x00000000002D4000
mem[X,0x0000000080005ACC] -> 0x0F13
mem[X,0x0000000080005ACE] -> 0x13CF
[5816] [M]: 0x0000000080005ACC (0x13CF0F13) addi t5, t5, 316
x30 <- 0x00000000002D413C
mem[X,0x0000000080005AD0] -> 0x1F13
mem[X,0x0000000080005AD2] -> 0x00AF
[5817] [M]: 0x0000000080005AD0 (0x00AF1F13) slli t5, t5, 10
x30 <- 0x00000000B504F000
mem[X,0x0000000080005AD4] -> 0x0F13
mem[X,0x0000000080005AD6] -> 0x333F
[5818] [M]: 0x0000000080005AD4 (0x333F0F13) addi t5, t5, 819
x30 <- 0x00000000B504F333
mem[X,0x0000000080005AD8] -> 0x3EB7
mem[X,0x0000000080005ADA] -> 0x3333
[5819] [M]: 0x0000000080005AD8 (0x33333EB7) lui t4, 209715
x29 <- 0x0000000033333000
mem[X,0x0000000080005ADC] -> 0x8E93
mem[X,0x0000000080005ADE] -> 0x333E
[5820] [M]: 0x0000000080005ADC (0x333E8E93) addi t4, t4, 819
x29 <- 0x0000000033333333
mem[X,0x0000000080005AE0] -> 0x9E93
mem[X,0x0000000080005AE2] -> 0x00BE
[5821] [M]: 0x0000000080005AE0 (0x00BE9E93) slli t4, t4, 11
x29 <- 0x0000019999999800
mem[X,0x0000000080005AE4] -> 0x8E93
mem[X,0x0000000080005AE6] -> 0x199E
[5822] [M]: 0x0000000080005AE4 (0x199E8E93) addi t4, t4, 409
x29 <- 0x0000019999999999
mem[X,0x0000000080005AE8] -> 0x9E93
mem[X,0x0000000080005AEA] -> 0x00BE
[5823] [M]: 0x0000000080005AE8 (0x00BE9E93) slli t4, t4, 11
x29 <- 0x000CCCCCCCCCC800
mem[X,0x0000000080005AEC] -> 0x8E93
mem[X,0x0000000080005AEE] -> 0x4CCE
[5824] [M]: 0x0000000080005AEC (0x4CCE8E93) addi t4, t4, 1228
x29 <- 0x000CCCCCCCCCCCCC
mem[X,0x0000000080005AF0] -> 0x9E93
mem[X,0x0000000080005AF2] -> 0x00AE
[5825] [M]: 0x0000000080005AF0 (0x00AE9E93) slli t4, t4, 10
x29 <- 0x3333333333333000
mem[X,0x0000000080005AF4] -> 0x8E93
mem[X,0x0000000080005AF6] -> 0x332E
[5826] [M]: 0x0000000080005AF4 (0x332E8E93) addi t4, t4, 818
x29 <- 0x3333333333333332
mem[X,0x0000000080005AF8] -> 0x4FB3
mem[X,0x0000000080005AFA] -> 0x03DF
[5827] [M]: 0x0000000080005AF8 (0x03DF4FB3) div t6, t5, t4
x31 <- 0x0000000000000000
mem[X,0x0000000080005AFC] -> 0xBC23
mem[X,0x0000000080005AFE] -> 0x2DF6
[5828] [M]: 0x0000000080005AFC (0x2DF6BC23) sd t6, 728(a3)
mem[0x000000008000DE58] <- 0x0000000000000000
mem[X,0x0000000080005B00] -> 0x0F37
mem[X,0x0000000080005B02] -> 0x0000
[5829] [M]: 0x0000000080005B00 (0x00000F37) lui t5, 0
x30 <- 0x0000000000000000
mem[X,0x0000000080005B04] -> 0x0F13
mem[X,0x0000000080005B06] -> 0x000F
[5830] [M]: 0x0000000080005B04 (0x000F0F13) addi t5, t5, 0
x30 <- 0x0000000000000000
mem[X,0x0000000080005B08] -> 0x1F13
mem[X,0x0000000080005B0A] -> 0x00BF
[5831] [M]: 0x0000000080005B08 (0x00BF1F13) slli t5, t5, 11
x30 <- 0x0000000000000000
mem[X,0x0000000080005B0C] -> 0x0F13
mem[X,0x0000000080005B0E] -> 0x5A8F
[5832] [M]: 0x0000000080005B0C (0x5A8F0F13) addi t5, t5, 1448
x30 <- 0x00000000000005A8
mem[X,0x0000000080005B10] -> 0x1F13
mem[X,0x0000000080005B12] -> 0x00BF
[5833] [M]: 0x0000000080005B10 (0x00BF1F13) slli t5, t5, 11
x30 <- 0x00000000002D4000
mem[X,0x0000000080005B14] -> 0x0F13
mem[X,0x0000000080005B16] -> 0x13CF
[5834] [M]: 0x0000000080005B14 (0x13CF0F13) addi t5, t5, 316
x30 <- 0x00000000002D413C
mem[X,0x0000000080005B18] -> 0x1F13
mem[X,0x0000000080005B1A] -> 0x00AF
[5835] [M]: 0x0000000080005B18 (0x00AF1F13) slli t5, t5, 10
x30 <- 0x00000000B504F000
mem[X,0x0000000080005B1C] -> 0x0F13
mem[X,0x0000000080005B1E] -> 0x333F
[5836] [M]: 0x0000000080005B1C (0x333F0F13) addi t5, t5, 819
x30 <- 0x00000000B504F333
mem[X,0x0000000080005B20] -> 0x6EB7
mem[X,0x0000000080005B22] -> 0x6666
[5837] [M]: 0x0000000080005B20 (0x66666EB7) lui t4, 419430
x29 <- 0x0000000066666000
mem[X,0x0000000080005B24] -> 0x8E93
mem[X,0x0000000080005B26] -> 0x666E
[5838] [M]: 0x0000000080005B24 (0x666E8E93) addi t4, t4, 1638
x29 <- 0x0000000066666666
mem[X,0x0000000080005B28] -> 0x9E93
mem[X,0x0000000080005B2A] -> 0x00BE
[5839] [M]: 0x0000000080005B28 (0x00BE9E93) slli t4, t4, 11
x29 <- 0x0000033333333000
mem[X,0x0000000080005B2C] -> 0x8E93
mem[X,0x0000000080005B2E] -> 0x333E
[5840] [M]: 0x0000000080005B2C (0x333E8E93) addi t4, t4, 819
x29 <- 0x0000033333333333
mem[X,0x0000000080005B30] -> 0x9E93
mem[X,0x0000000080005B32] -> 0x00BE
[5841] [M]: 0x0000000080005B30 (0x00BE9E93) slli t4, t4, 11
x29 <- 0x0019999999999800
mem[X,0x0000000080005B34] -> 0x8E93
mem[X,0x0000000080005B36] -> 0x199E
[5842] [M]: 0x0000000080005B34 (0x199E8E93) addi t4, t4, 409
x29 <- 0x0019999999999999
mem[X,0x0000000080005B38] -> 0x9E93
mem[X,0x0000000080005B3A] -> 0x00AE
[5843] [M]: 0x0000000080005B38 (0x00AE9E93) slli t4, t4, 10
x29 <- 0x6666666666666400
mem[X,0x0000000080005B3C] -> 0x8E93
mem[X,0x0000000080005B3E] -> 0x265E
[5844] [M]: 0x0000000080005B3C (0x265E8E93) addi t4, t4, 613
x29 <- 0x6666666666666665
mem[X,0x0000000080005B40] -> 0x4FB3
mem[X,0x0000000080005B42] -> 0x03DF
[5845] [M]: 0x0000000080005B40 (0x03DF4FB3) div t6, t5, t4
x31 <- 0x0000000000000000
mem[X,0x0000000080005B44] -> 0xB023
mem[X,0x0000000080005B46] -> 0x2FF6
[5846] [M]: 0x0000000080005B44 (0x2FF6B023) sd t6, 736(a3)
mem[0x000000008000DE60] <- 0x0000000000000000
mem[X,0x0000000080005B48] -> 0x0F37
mem[X,0x0000000080005B4A] -> 0x0000
[5847] [M]: 0x0000000080005B48 (0x00000F37) lui t5, 0
x30 <- 0x0000000000000000
mem[X,0x0000000080005B4C] -> 0x0F13
mem[X,0x0000000080005B4E] -> 0x000F
[5848] [M]: 0x0000000080005B4C (0x000F0F13) addi t5, t5, 0
x30 <- 0x0000000000000000
mem[X,0x0000000080005B50] -> 0x1F13
mem[X,0x0000000080005B52] -> 0x00BF
[5849] [M]: 0x0000000080005B50 (0x00BF1F13) slli t5, t5, 11
x30 <- 0x0000000000000000
mem[X,0x0000000080005B54] -> 0x0F13
mem[X,0x0000000080005B56] -> 0x5A8F
[5850] [M]: 0x0000000080005B54 (0x5A8F0F13) addi t5, t5, 1448
x30 <- 0x00000000000005A8
mem[X,0x0000000080005B58] -> 0x1F13
mem[X,0x0000000080005B5A] -> 0x00BF
[5851] [M]: 0x0000000080005B58 (0x00BF1F13) slli t5, t5, 11
x30 <- 0x00000000002D4000
mem[X,0x0000000080005B5C] -> 0x0F13
mem[X,0x0000000080005B5E] -> 0x13CF
[5852] [M]: 0x0000000080005B5C (0x13CF0F13) addi t5, t5, 316
x30 <- 0x00000000002D413C
mem[X,0x0000000080005B60] -> 0x1F13
mem[X,0x0000000080005B62] -> 0x00AF
[5853] [M]: 0x0000000080005B60 (0x00AF1F13) slli t5, t5, 10
x30 <- 0x00000000B504F000
mem[X,0x0000000080005B64] -> 0x0F13
mem[X,0x0000000080005B66] -> 0x333F
[5854] [M]: 0x0000000080005B64 (0x333F0F13) addi t5, t5, 819
x30 <- 0x00000000B504F333
mem[X,0x0000000080005B68] -> 0x0E93
mem[X,0x0000000080005B6A] -> 0x0000
[5855] [M]: 0x0000000080005B68 (0x00000E93) addi t4, zero, 0
x29 <- 0x0000000000000000
mem[X,0x0000000080005B6C] -> 0x4FB3
mem[X,0x0000000080005B6E] -> 0x03DF
[5856] [M]: 0x0000000080005B6C (0x03DF4FB3) div t6, t5, t4
x31 <- 0xFFFFFFFFFFFFFFFF
mem[X,0x0000000080005B70] -> 0xB423
mem[X,0x0000000080005B72] -> 0x2FF6
[5857] [M]: 0x0000000080005B70 (0x2FF6B423) sd t6, 744(a3)
mem[0x000000008000DE68] <- 0xFFFFFFFFFFFFFFFF
mem[X,0x0000000080005B74] -> 0x0F37
mem[X,0x0000000080005B76] -> 0x0000
[5858] [M]: 0x0000000080005B74 (0x00000F37) lui t5, 0
x30 <- 0x0000000000000000
mem[X,0x0000000080005B78] -> 0x0F13
mem[X,0x0000000080005B7A] -> 0x000F
[5859] [M]: 0x0000000080005B78 (0x000F0F13) addi t5, t5, 0
x30 <- 0x0000000000000000
mem[X,0x0000000080005B7C] -> 0x1F13
mem[X,0x0000000080005B7E] -> 0x00BF
[5860] [M]: 0x0000000080005B7C (0x00BF1F13) slli t5, t5, 11
x30 <- 0x0000000000000000
mem[X,0x0000000080005B80] -> 0x0F13
mem[X,0x0000000080005B82] -> 0x5A8F
[5861] [M]: 0x0000000080005B80 (0x5A8F0F13) addi t5, t5, 1448
x30 <- 0x00000000000005A8
mem[X,0x0000000080005B84] -> 0x1F13
mem[X,0x0000000080005B86] -> 0x00BF
[5862] [M]: 0x0000000080005B84 (0x00BF1F13) slli t5, t5, 11
x30 <- 0x00000000002D4000
mem[X,0x0000000080005B88] -> 0x0F13
mem[X,0x0000000080005B8A] -> 0x13CF
[5863] [M]: 0x0000000080005B88 (0x13CF0F13) addi t5, t5, 316
x30 <- 0x00000000002D413C
mem[X,0x0000000080005B8C] -> 0x1F13
mem[X,0x0000000080005B8E] -> 0x00AF
[5864] [M]: 0x0000000080005B8C (0x00AF1F13) slli t5, t5, 10
x30 <- 0x00000000B504F000
mem[X,0x0000000080005B90] -> 0x0F13
mem[X,0x0000000080005B92] -> 0x333F
[5865] [M]: 0x0000000080005B90 (0x333F0F13) addi t5, t5, 819
x30 <- 0x00000000B504F333
mem[X,0x0000000080005B94] -> 0x0EB7
mem[X,0x0000000080005B96] -> 0x0000
[5866] [M]: 0x0000000080005B94 (0x00000EB7) lui t4, 0
x29 <- 0x0000000000000000
mem[X,0x0000000080005B98] -> 0x8E93
mem[X,0x0000000080005B9A] -> 0x000E
[5867] [M]: 0x0000000080005B98 (0x000E8E93) addi t4, t4, 0
x29 <- 0x0000000000000000
mem[X,0x0000000080005B9C] -> 0x9E93
mem[X,0x0000000080005B9E] -> 0x00BE
[5868] [M]: 0x0000000080005B9C (0x00BE9E93) slli t4, t4, 11
x29 <- 0x0000000000000000
mem[X,0x0000000080005BA0] -> 0x8E93
mem[X,0x0000000080005BA2] -> 0x5A8E
[5869] [M]: 0x0000000080005BA0 (0x5A8E8E93) addi t4, t4, 1448
x29 <- 0x00000000000005A8
mem[X,0x0000000080005BA4] -> 0x9E93
mem[X,0x0000000080005BA6] -> 0x00BE
[5870] [M]: 0x0000000080005BA4 (0x00BE9E93) slli t4, t4, 11
x29 <- 0x00000000002D4000
mem[X,0x0000000080005BA8] -> 0x8E93
mem[X,0x0000000080005BAA] -> 0x13CE
[5871] [M]: 0x0000000080005BA8 (0x13CE8E93) addi t4, t4, 316
x29 <- 0x00000000002D413C
mem[X,0x0000000080005BAC] -> 0x9E93
mem[X,0x0000000080005BAE] -> 0x00AE
[5872] [M]: 0x0000000080005BAC (0x00AE9E93) slli t4, t4, 10
x29 <- 0x00000000B504F000
mem[X,0x0000000080005BB0] -> 0x8E93
mem[X,0x0000000080005BB2] -> 0x332E
[5873] [M]: 0x0000000080005BB0 (0x332E8E93) addi t4, t4, 818
x29 <- 0x00000000B504F332
mem[X,0x0000000080005BB4] -> 0x4FB3
mem[X,0x0000000080005BB6] -> 0x03DF
[5874] [M]: 0x0000000080005BB4 (0x03DF4FB3) div t6, t5, t4
x31 <- 0x0000000000000001
mem[X,0x0000000080005BB8] -> 0xB823
mem[X,0x0000000080005BBA] -> 0x2FF6
[5875] [M]: 0x0000000080005BB8 (0x2FF6B823) sd t6, 752(a3)
mem[0x000000008000DE70] <- 0x0000000000000001
mem[X,0x0000000080005BBC] -> 0x0F37
mem[X,0x0000000080005BBE] -> 0x0000
[5876] [M]: 0x0000000080005BBC (0x00000F37) lui t5, 0
x30 <- 0x0000000000000000
mem[X,0x0000000080005BC0] -> 0x0F13
mem[X,0x0000000080005BC2] -> 0x000F
[5877] [M]: 0x0000000080005BC0 (0x000F0F13) addi t5, t5, 0
x30 <- 0x0000000000000000
mem[X,0x0000000080005BC4] -> 0x1F13
mem[X,0x0000000080005BC6] -> 0x00BF
[5878] [M]: 0x0000000080005BC4 (0x00BF1F13) slli t5, t5, 11
x30 <- 0x0000000000000000
mem[X,0x0000000080005BC8] -> 0x0F13
mem[X,0x0000000080005BCA] -> 0x5A8F
[5879] [M]: 0x0000000080005BC8 (0x5A8F0F13) addi t5, t5, 1448
x30 <- 0x00000000000005A8
mem[X,0x0000000080005BCC] -> 0x1F13
mem[X,0x0000000080005BCE] -> 0x00BF
[5880] [M]: 0x0000000080005BCC (0x00BF1F13) slli t5, t5, 11
x30 <- 0x00000000002D4000
mem[X,0x0000000080005BD0] -> 0x0F13
mem[X,0x0000000080005BD2] -> 0x13CF
[5881] [M]: 0x0000000080005BD0 (0x13CF0F13) addi t5, t5, 316
x30 <- 0x00000000002D413C
mem[X,0x0000000080005BD4] -> 0x1F13
mem[X,0x0000000080005BD6] -> 0x00AF
[5882] [M]: 0x0000000080005BD4 (0x00AF1F13) slli t5, t5, 10
x30 <- 0x00000000B504F000
mem[X,0x0000000080005BD8] -> 0x0F13
mem[X,0x0000000080005BDA] -> 0x333F
[5883] [M]: 0x0000000080005BD8 (0x333F0F13) addi t5, t5, 819
x30 <- 0x00000000B504F333
mem[X,0x0000000080005BDC] -> 0x0E93
mem[X,0x0000000080005BDE] -> 0x0040
[5884] [M]: 0x0000000080005BDC (0x00400E93) addi t4, zero, 4
x29 <- 0x0000000000000004
mem[X,0x0000000080005BE0] -> 0x4FB3
mem[X,0x0000000080005BE2] -> 0x03DF
[5885] [M]: 0x0000000080005BE0 (0x03DF4FB3) div t6, t5, t4
x31 <- 0x000000002D413CCC
mem[X,0x0000000080005BE4] -> 0xBC23
mem[X,0x0000000080005BE6] -> 0x2FF6
[5886] [M]: 0x0000000080005BE4 (0x2FF6BC23) sd t6, 760(a3)
mem[0x000000008000DE78] <- 0x000000002D413CCC
mem[X,0x0000000080005BE8] -> 0x0F37
mem[X,0x0000000080005BEA] -> 0x0000
[5887] [M]: 0x0000000080005BE8 (0x00000F37) lui t5, 0
x30 <- 0x0000000000000000
mem[X,0x0000000080005BEC] -> 0x0F13
mem[X,0x0000000080005BEE] -> 0x000F
[5888] [M]: 0x0000000080005BEC (0x000F0F13) addi t5, t5, 0
x30 <- 0x0000000000000000
mem[X,0x0000000080005BF0] -> 0x1F13
mem[X,0x0000000080005BF2] -> 0x00BF
[5889] [M]: 0x0000000080005BF0 (0x00BF1F13) slli t5, t5, 11
x30 <- 0x0000000000000000
mem[X,0x0000000080005BF4] -> 0x0F13
mem[X,0x0000000080005BF6] -> 0x5A8F
[5890] [M]: 0x0000000080005BF4 (0x5A8F0F13) addi t5, t5, 1448
x30 <- 0x00000000000005A8
mem[X,0x0000000080005BF8] -> 0x1F13
mem[X,0x0000000080005BFA] -> 0x00BF
[5891] [M]: 0x0000000080005BF8 (0x00BF1F13) slli t5, t5, 11
x30 <- 0x00000000002D4000
mem[X,0x0000000080005BFC] -> 0x0F13
mem[X,0x0000000080005BFE] -> 0x13CF
[5892] [M]: 0x0000000080005BFC (0x13CF0F13) addi t5, t5, 316
x30 <- 0x00000000002D413C
mem[X,0x0000000080005C00] -> 0x1F13
mem[X,0x0000000080005C02] -> 0x00AF
[5893] [M]: 0x0000000080005C00 (0x00AF1F13) slli t5, t5, 10
x30 <- 0x00000000B504F000
mem[X,0x0000000080005C04] -> 0x0F13
mem[X,0x0000000080005C06] -> 0x333F
[5894] [M]: 0x0000000080005C04 (0x333F0F13) addi t5, t5, 819
x30 <- 0x00000000B504F333
mem[X,0x0000000080005C08] -> 0x5EB7
mem[X,0x0000000080005C0A] -> 0x5555
[5895] [M]: 0x0000000080005C08 (0x55555EB7) lui t4, 349525
x29 <- 0x0000000055555000
mem[X,0x0000000080005C0C] -> 0x8E93
mem[X,0x0000000080005C0E] -> 0x555E
[5896] [M]: 0x0000000080005C0C (0x555E8E93) addi t4, t4, 1365
x29 <- 0x0000000055555555
mem[X,0x0000000080005C10] -> 0x9E93
mem[X,0x0000000080005C12] -> 0x00BE
[5897] [M]: 0x0000000080005C10 (0x00BE9E93) slli t4, t4, 11
x29 <- 0x000002AAAAAAA800
mem[X,0x0000000080005C14] -> 0x8E93
mem[X,0x0000000080005C16] -> 0x2AAE
[5898] [M]: 0x0000000080005C14 (0x2AAE8E93) addi t4, t4, 682
x29 <- 0x000002AAAAAAAAAA
mem[X,0x0000000080005C18] -> 0x9E93
mem[X,0x0000000080005C1A] -> 0x00BE
[5899] [M]: 0x0000000080005C18 (0x00BE9E93) slli t4, t4, 11
x29 <- 0x0015555555555000
clint::tick mtime <- 0x000000000000003B
 clint timer pending at mtime 0x000000000000003B
htif::tick 0x0000000000000000
mem[X,0x0000000080005C1C] -> 0x8E93
mem[X,0x0000000080005C1E] -> 0x555E
[5900] [M]: 0x0000000080005C1C (0x555E8E93) addi t4, t4, 1365
x29 <- 0x0015555555555555
mem[X,0x0000000080005C20] -> 0x9E93
mem[X,0x0000000080005C22] -> 0x00AE
[5901] [M]: 0x0000000080005C20 (0x00AE9E93) slli t4, t4, 10
x29 <- 0x5555555555555400
mem[X,0x0000000080005C24] -> 0x8E93
mem[X,0x0000000080005C26] -> 0x156E
[5902] [M]: 0x0000000080005C24 (0x156E8E93) addi t4, t4, 342
x29 <- 0x5555555555555556
mem[X,0x0000000080005C28] -> 0x4FB3
mem[X,0x0000000080005C2A] -> 0x03DF
[5903] [M]: 0x0000000080005C28 (0x03DF4FB3) div t6, t5, t4
x31 <- 0x0000000000000000
mem[X,0x0000000080005C2C] -> 0xB023
mem[X,0x0000000080005C2E] -> 0x31F6
[5904] [M]: 0x0000000080005C2C (0x31F6B023) sd t6, 768(a3)
mem[0x000000008000DE80] <- 0x0000000000000000
mem[X,0x0000000080005C30] -> 0x0F37
mem[X,0x0000000080005C32] -> 0x0000
[5905] [M]: 0x0000000080005C30 (0x00000F37) lui t5, 0
x30 <- 0x0000000000000000
mem[X,0x0000000080005C34] -> 0x0F13
mem[X,0x0000000080005C36] -> 0x000F
[5906] [M]: 0x0000000080005C34 (0x000F0F13) addi t5, t5, 0
x30 <- 0x0000000000000000
mem[X,0x0000000080005C38] -> 0x1F13
mem[X,0x0000000080005C3A] -> 0x00BF
[5907] [M]: 0x0000000080005C38 (0x00BF1F13) slli t5, t5, 11
x30 <- 0x0000000000000000
mem[X,0x0000000080005C3C] -> 0x0F13
mem[X,0x0000000080005C3E] -> 0x5A8F
[5908] [M]: 0x0000000080005C3C (0x5A8F0F13) addi t5, t5, 1448
x30 <- 0x00000000000005A8
mem[X,0x0000000080005C40] -> 0x1F13
mem[X,0x0000000080005C42] -> 0x00BF
[5909] [M]: 0x0000000080005C40 (0x00BF1F13) slli t5, t5, 11
x30 <- 0x00000000002D4000
mem[X,0x0000000080005C44] -> 0x0F13
mem[X,0x0000000080005C46] -> 0x13CF
[5910] [M]: 0x0000000080005C44 (0x13CF0F13) addi t5, t5, 316
x30 <- 0x00000000002D413C
mem[X,0x0000000080005C48] -> 0x1F13
mem[X,0x0000000080005C4A] -> 0x00AF
[5911] [M]: 0x0000000080005C48 (0x00AF1F13) slli t5, t5, 10
x30 <- 0x00000000B504F000
mem[X,0x0000000080005C4C] -> 0x0F13
mem[X,0x0000000080005C4E] -> 0x333F
[5912] [M]: 0x0000000080005C4C (0x333F0F13) addi t5, t5, 819
x30 <- 0x00000000B504F333
mem[X,0x0000000080005C50] -> 0xBEB7
mem[X,0x0000000080005C52] -> 0xAAAA
[5913] [M]: 0x0000000080005C50 (0xAAAABEB7) lui t4, 699051
x29 <- 0xFFFFFFFFAAAAB000
mem[X,0x0000000080005C54] -> 0x8E93
mem[X,0x0000000080005C56] -> 0xAAAE
[5914] [M]: 0x0000000080005C54 (0xAAAE8E93) addi t4, t4, 2730
x29 <- 0xFFFFFFFFAAAAAAAA
mem[X,0x0000000080005C58] -> 0x9E93
mem[X,0x0000000080005C5A] -> 0x00BE
[5915] [M]: 0x0000000080005C58 (0x00BE9E93) slli t4, t4, 11
x29 <- 0xFFFFFD5555555000
mem[X,0x0000000080005C5C] -> 0x8E93
mem[X,0x0000000080005C5E] -> 0x555E
[5916] [M]: 0x0000000080005C5C (0x555E8E93) addi t4, t4, 1365
x29 <- 0xFFFFFD5555555555
mem[X,0x0000000080005C60] -> 0x9E93
mem[X,0x0000000080005C62] -> 0x00BE
[5917] [M]: 0x0000000080005C60 (0x00BE9E93) slli t4, t4, 11
x29 <- 0xFFEAAAAAAAAAA800
mem[X,0x0000000080005C64] -> 0x8E93
mem[X,0x0000000080005C66] -> 0x2AAE
[5918] [M]: 0x0000000080005C64 (0x2AAE8E93) addi t4, t4, 682
x29 <- 0xFFEAAAAAAAAAAAAA
mem[X,0x0000000080005C68] -> 0x9E93
mem[X,0x0000000080005C6A] -> 0x00AE
[5919] [M]: 0x0000000080005C68 (0x00AE9E93) slli t4, t4, 10
x29 <- 0xAAAAAAAAAAAAA800
mem[X,0x0000000080005C6C] -> 0x8E93
mem[X,0x0000000080005C6E] -> 0x2ABE
[5920] [M]: 0x0000000080005C6C (0x2ABE8E93) addi t4, t4, 683
x29 <- 0xAAAAAAAAAAAAAAAB
mem[X,0x0000000080005C70] -> 0x4FB3
mem[X,0x0000000080005C72] -> 0x03DF
[5921] [M]: 0x0000000080005C70 (0x03DF4FB3) div t6, t5, t4
x31 <- 0x0000000000000000
mem[X,0x0000000080005C74] -> 0xB423
mem[X,0x0000000080005C76] -> 0x31F6
[5922] [M]: 0x0000000080005C74 (0x31F6B423) sd t6, 776(a3)
mem[0x000000008000DE88] <- 0x0000000000000000
mem[X,0x0000000080005C78] -> 0x0F37
mem[X,0x0000000080005C7A] -> 0x0000
[5923] [M]: 0x0000000080005C78 (0x00000F37) lui t5, 0
x30 <- 0x0000000000000000
mem[X,0x0000000080005C7C] -> 0x0F13
mem[X,0x0000000080005C7E] -> 0x000F
[5924] [M]: 0x0000000080005C7C (0x000F0F13) addi t5, t5, 0
x30 <- 0x0000000000000000
mem[X,0x0000000080005C80] -> 0x1F13
mem[X,0x0000000080005C82] -> 0x00BF
[5925] [M]: 0x0000000080005C80 (0x00BF1F13) slli t5, t5, 11
x30 <- 0x0000000000000000
mem[X,0x0000000080005C84] -> 0x0F13
mem[X,0x0000000080005C86] -> 0x5A8F
[5926] [M]: 0x0000000080005C84 (0x5A8F0F13) addi t5, t5, 1448
x30 <- 0x00000000000005A8
mem[X,0x0000000080005C88] -> 0x1F13
mem[X,0x0000000080005C8A] -> 0x00BF
[5927] [M]: 0x0000000080005C88 (0x00BF1F13) slli t5, t5, 11
x30 <- 0x00000000002D4000
mem[X,0x0000000080005C8C] -> 0x0F13
mem[X,0x0000000080005C8E] -> 0x13CF
[5928] [M]: 0x0000000080005C8C (0x13CF0F13) addi t5, t5, 316
x30 <- 0x00000000002D413C
mem[X,0x0000000080005C90] -> 0x1F13
mem[X,0x0000000080005C92] -> 0x00AF
[5929] [M]: 0x0000000080005C90 (0x00AF1F13) slli t5, t5, 10
x30 <- 0x00000000B504F000
mem[X,0x0000000080005C94] -> 0x0F13
mem[X,0x0000000080005C96] -> 0x333F
[5930] [M]: 0x0000000080005C94 (0x333F0F13) addi t5, t5, 819
x30 <- 0x00000000B504F333
mem[X,0x0000000080005C98] -> 0x0E93
mem[X,0x0000000080005C9A] -> 0x0060
[5931] [M]: 0x0000000080005C98 (0x00600E93) addi t4, zero, 6
x29 <- 0x0000000000000006
mem[X,0x0000000080005C9C] -> 0x4FB3
mem[X,0x0000000080005C9E] -> 0x03DF
[5932] [M]: 0x0000000080005C9C (0x03DF4FB3) div t6, t5, t4
x31 <- 0x000000001E2B7DDD
mem[X,0x0000000080005CA0] -> 0xB823
mem[X,0x0000000080005CA2] -> 0x31F6
[5933] [M]: 0x0000000080005CA0 (0x31F6B823) sd t6, 784(a3)
mem[0x000000008000DE90] <- 0x000000001E2B7DDD
mem[X,0x0000000080005CA4] -> 0x0F37
mem[X,0x0000000080005CA6] -> 0x0000
[5934] [M]: 0x0000000080005CA4 (0x00000F37) lui t5, 0
x30 <- 0x0000000000000000
mem[X,0x0000000080005CA8] -> 0x0F13
mem[X,0x0000000080005CAA] -> 0x000F
[5935] [M]: 0x0000000080005CA8 (0x000F0F13) addi t5, t5, 0
x30 <- 0x0000000000000000
mem[X,0x0000000080005CAC] -> 0x1F13
mem[X,0x0000000080005CAE] -> 0x00BF
[5936] [M]: 0x0000000080005CAC (0x00BF1F13) slli t5, t5, 11
x30 <- 0x0000000000000000
mem[X,0x0000000080005CB0] -> 0x0F13
mem[X,0x0000000080005CB2] -> 0x5A8F
[5937] [M]: 0x0000000080005CB0 (0x5A8F0F13) addi t5, t5, 1448
x30 <- 0x00000000000005A8
mem[X,0x0000000080005CB4] -> 0x1F13
mem[X,0x0000000080005CB6] -> 0x00BF
[5938] [M]: 0x0000000080005CB4 (0x00BF1F13) slli t5, t5, 11
x30 <- 0x00000000002D4000
mem[X,0x0000000080005CB8] -> 0x0F13
mem[X,0x0000000080005CBA] -> 0x13CF
[5939] [M]: 0x0000000080005CB8 (0x13CF0F13) addi t5, t5, 316
x30 <- 0x00000000002D413C
mem[X,0x0000000080005CBC] -> 0x1F13
mem[X,0x0000000080005CBE] -> 0x00AF
[5940] [M]: 0x0000000080005CBC (0x00AF1F13) slli t5, t5, 10
x30 <- 0x00000000B504F000
mem[X,0x0000000080005CC0] -> 0x0F13
mem[X,0x0000000080005CC2] -> 0x333F
[5941] [M]: 0x0000000080005CC0 (0x333F0F13) addi t5, t5, 819
x30 <- 0x00000000B504F333
mem[X,0x0000000080005CC4] -> 0x3EB7
mem[X,0x0000000080005CC6] -> 0x3333
[5942] [M]: 0x0000000080005CC4 (0x33333EB7) lui t4, 209715
x29 <- 0x0000000033333000
mem[X,0x0000000080005CC8] -> 0x8E93
mem[X,0x0000000080005CCA] -> 0x333E
[5943] [M]: 0x0000000080005CC8 (0x333E8E93) addi t4, t4, 819
x29 <- 0x0000000033333333
mem[X,0x0000000080005CCC] -> 0x9E93
mem[X,0x0000000080005CCE] -> 0x00BE
[5944] [M]: 0x0000000080005CCC (0x00BE9E93) slli t4, t4, 11
x29 <- 0x0000019999999800
mem[X,0x0000000080005CD0] -> 0x8E93
mem[X,0x0000000080005CD2] -> 0x199E
[5945] [M]: 0x0000000080005CD0 (0x199E8E93) addi t4, t4, 409
x29 <- 0x0000019999999999
mem[X,0x0000000080005CD4] -> 0x9E93
mem[X,0x0000000080005CD6] -> 0x00BE
[5946] [M]: 0x0000000080005CD4 (0x00BE9E93) slli t4, t4, 11
x29 <- 0x000CCCCCCCCCC800
mem[X,0x0000000080005CD8] -> 0x8E93
mem[X,0x0000000080005CDA] -> 0x4CCE
[5947] [M]: 0x0000000080005CD8 (0x4CCE8E93) addi t4, t4, 1228
x29 <- 0x000CCCCCCCCCCCCC
mem[X,0x0000000080005CDC] -> 0x9E93
mem[X,0x0000000080005CDE] -> 0x00AE
[5948] [M]: 0x0000000080005CDC (0x00AE9E93) slli t4, t4, 10
x29 <- 0x3333333333333000
mem[X,0x0000000080005CE0] -> 0x8E93
mem[X,0x0000000080005CE2] -> 0x334E
[5949] [M]: 0x0000000080005CE0 (0x334E8E93) addi t4, t4, 820
x29 <- 0x3333333333333334
mem[X,0x0000000080005CE4] -> 0x4FB3
mem[X,0x0000000080005CE6] -> 0x03DF
[5950] [M]: 0x0000000080005CE4 (0x03DF4FB3) div t6, t5, t4
x31 <- 0x0000000000000000
mem[X,0x0000000080005CE8] -> 0xBC23
mem[X,0x0000000080005CEA] -> 0x31F6
[5951] [M]: 0x0000000080005CE8 (0x31F6BC23) sd t6, 792(a3)
mem[0x000000008000DE98] <- 0x0000000000000000
mem[X,0x0000000080005CEC] -> 0x0F37
mem[X,0x0000000080005CEE] -> 0x0000
[5952] [M]: 0x0000000080005CEC (0x00000F37) lui t5, 0
x30 <- 0x0000000000000000
mem[X,0x0000000080005CF0] -> 0x0F13
mem[X,0x0000000080005CF2] -> 0x000F
[5953] [M]: 0x0000000080005CF0 (0x000F0F13) addi t5, t5, 0
x30 <- 0x0000000000000000
mem[X,0x0000000080005CF4] -> 0x1F13
mem[X,0x0000000080005CF6] -> 0x00BF
[5954] [M]: 0x0000000080005CF4 (0x00BF1F13) slli t5, t5, 11
x30 <- 0x0000000000000000
mem[X,0x0000000080005CF8] -> 0x0F13
mem[X,0x0000000080005CFA] -> 0x5A8F
[5955] [M]: 0x0000000080005CF8 (0x5A8F0F13) addi t5, t5, 1448
x30 <- 0x00000000000005A8
mem[X,0x0000000080005CFC] -> 0x1F13
mem[X,0x0000000080005CFE] -> 0x00BF
[5956] [M]: 0x0000000080005CFC (0x00BF1F13) slli t5, t5, 11
x30 <- 0x00000000002D4000
mem[X,0x0000000080005D00] -> 0x0F13
mem[X,0x0000000080005D02] -> 0x13CF
[5957] [M]: 0x0000000080005D00 (0x13CF0F13) addi t5, t5, 316
x30 <- 0x00000000002D413C
mem[X,0x0000000080005D04] -> 0x1F13
mem[X,0x0000000080005D06] -> 0x00AF
[5958] [M]: 0x0000000080005D04 (0x00AF1F13) slli t5, t5, 10
x30 <- 0x00000000B504F000
mem[X,0x0000000080005D08] -> 0x0F13
mem[X,0x0000000080005D0A] -> 0x333F
[5959] [M]: 0x0000000080005D08 (0x333F0F13) addi t5, t5, 819
x30 <- 0x00000000B504F333
mem[X,0x0000000080005D0C] -> 0x6EB7
mem[X,0x0000000080005D0E] -> 0x6666
[5960] [M]: 0x0000000080005D0C (0x66666EB7) lui t4, 419430
x29 <- 0x0000000066666000
mem[X,0x0000000080005D10] -> 0x8E93
mem[X,0x0000000080005D12] -> 0x666E
[5961] [M]: 0x0000000080005D10 (0x666E8E93) addi t4, t4, 1638
x29 <- 0x0000000066666666
mem[X,0x0000000080005D14] -> 0x9E93
mem[X,0x0000000080005D16] -> 0x00BE
[5962] [M]: 0x0000000080005D14 (0x00BE9E93) slli t4, t4, 11
x29 <- 0x0000033333333000
mem[X,0x0000000080005D18] -> 0x8E93
mem[X,0x0000000080005D1A] -> 0x333E
[5963] [M]: 0x0000000080005D18 (0x333E8E93) addi t4, t4, 819
x29 <- 0x0000033333333333
mem[X,0x0000000080005D1C] -> 0x9E93
mem[X,0x0000000080005D1E] -> 0x00BE
[5964] [M]: 0x0000000080005D1C (0x00BE9E93) slli t4, t4, 11
x29 <- 0x0019999999999800
mem[X,0x0000000080005D20] -> 0x8E93
mem[X,0x0000000080005D22] -> 0x199E
[5965] [M]: 0x0000000080005D20 (0x199E8E93) addi t4, t4, 409
x29 <- 0x0019999999999999
mem[X,0x0000000080005D24] -> 0x9E93
mem[X,0x0000000080005D26] -> 0x00AE
[5966] [M]: 0x0000000080005D24 (0x00AE9E93) slli t4, t4, 10
x29 <- 0x6666666666666400
mem[X,0x0000000080005D28] -> 0x8E93
mem[X,0x0000000080005D2A] -> 0x267E
[5967] [M]: 0x0000000080005D28 (0x267E8E93) addi t4, t4, 615
x29 <- 0x6666666666666667
mem[X,0x0000000080005D2C] -> 0x4FB3
mem[X,0x0000000080005D2E] -> 0x03DF
[5968] [M]: 0x0000000080005D2C (0x03DF4FB3) div t6, t5, t4
x31 <- 0x0000000000000000
mem[X,0x0000000080005D30] -> 0xB023
mem[X,0x0000000080005D32] -> 0x33F6
[5969] [M]: 0x0000000080005D30 (0x33F6B023) sd t6, 800(a3)
mem[0x000000008000DEA0] <- 0x0000000000000000
mem[X,0x0000000080005D34] -> 0x0F37
mem[X,0x0000000080005D36] -> 0x0000
[5970] [M]: 0x0000000080005D34 (0x00000F37) lui t5, 0
x30 <- 0x0000000000000000
mem[X,0x0000000080005D38] -> 0x0F13
mem[X,0x0000000080005D3A] -> 0x000F
[5971] [M]: 0x0000000080005D38 (0x000F0F13) addi t5, t5, 0
x30 <- 0x0000000000000000
mem[X,0x0000000080005D3C] -> 0x1F13
mem[X,0x0000000080005D3E] -> 0x00BF
[5972] [M]: 0x0000000080005D3C (0x00BF1F13) slli t5, t5, 11
x30 <- 0x0000000000000000
mem[X,0x0000000080005D40] -> 0x0F13
mem[X,0x0000000080005D42] -> 0x5A8F
[5973] [M]: 0x0000000080005D40 (0x5A8F0F13) addi t5, t5, 1448
x30 <- 0x00000000000005A8
mem[X,0x0000000080005D44] -> 0x1F13
mem[X,0x0000000080005D46] -> 0x00BF
[5974] [M]: 0x0000000080005D44 (0x00BF1F13) slli t5, t5, 11
x30 <- 0x00000000002D4000
mem[X,0x0000000080005D48] -> 0x0F13
mem[X,0x0000000080005D4A] -> 0x13CF
[5975] [M]: 0x0000000080005D48 (0x13CF0F13) addi t5, t5, 316
x30 <- 0x00000000002D413C
mem[X,0x0000000080005D4C] -> 0x1F13
mem[X,0x0000000080005D4E] -> 0x00AF
[5976] [M]: 0x0000000080005D4C (0x00AF1F13) slli t5, t5, 10
x30 <- 0x00000000B504F000
mem[X,0x0000000080005D50] -> 0x0F13
mem[X,0x0000000080005D52] -> 0x333F
[5977] [M]: 0x0000000080005D50 (0x333F0F13) addi t5, t5, 819
x30 <- 0x00000000B504F333
mem[X,0x0000000080005D54] -> 0x0EB7
mem[X,0x0000000080005D56] -> 0x0000
[5978] [M]: 0x0000000080005D54 (0x00000EB7) lui t4, 0
x29 <- 0x0000000000000000
mem[X,0x0000000080005D58] -> 0x8E93
mem[X,0x0000000080005D5A] -> 0xFFFE
[5979] [M]: 0x0000000080005D58 (0xFFFE8E93) addi t4, t4, 4095
x29 <- 0xFFFFFFFFFFFFFFFF
mem[X,0x0000000080005D5C] -> 0x9E93
mem[X,0x0000000080005D5E] -> 0x00BE
[5980] [M]: 0x0000000080005D5C (0x00BE9E93) slli t4, t4, 11
x29 <- 0xFFFFFFFFFFFFF800
mem[X,0x0000000080005D60] -> 0x8E93
mem[X,0x0000000080005D62] -> 0x257E
[5981] [M]: 0x0000000080005D60 (0x257E8E93) addi t4, t4, 599
x29 <- 0xFFFFFFFFFFFFFA57
mem[X,0x0000000080005D64] -> 0x9E93
mem[X,0x0000000080005D66] -> 0x00BE
[5982] [M]: 0x0000000080005D64 (0x00BE9E93) slli t4, t4, 11
x29 <- 0xFFFFFFFFFFD2B800
mem[X,0x0000000080005D68] -> 0x8E93
mem[X,0x0000000080005D6A] -> 0x6C3E
[5983] [M]: 0x0000000080005D68 (0x6C3E8E93) addi t4, t4, 1731
x29 <- 0xFFFFFFFFFFD2BEC3
mem[X,0x0000000080005D6C] -> 0x9E93
mem[X,0x0000000080005D6E] -> 0x00AE
[5984] [M]: 0x0000000080005D6C (0x00AE9E93) slli t4, t4, 10
x29 <- 0xFFFFFFFF4AFB0C00
mem[X,0x0000000080005D70] -> 0x8E93
mem[X,0x0000000080005D72] -> 0x0CEE
[5985] [M]: 0x0000000080005D70 (0x0CEE8E93) addi t4, t4, 206
x29 <- 0xFFFFFFFF4AFB0CCE
mem[X,0x0000000080005D74] -> 0x4FB3
mem[X,0x0000000080005D76] -> 0x03DF
[5986] [M]: 0x0000000080005D74 (0x03DF4FB3) div t6, t5, t4
x31 <- 0xFFFFFFFFFFFFFFFF
mem[X,0x0000000080005D78] -> 0xB423
mem[X,0x0000000080005D7A] -> 0x33F6
[5987] [M]: 0x0000000080005D78 (0x33F6B423) sd t6, 808(a3)
mem[0x000000008000DEA8] <- 0xFFFFFFFFFFFFFFFF
mem[X,0x0000000080005D7C] -> 0x0F37
mem[X,0x0000000080005D7E] -> 0x0000
[5988] [M]: 0x0000000080005D7C (0x00000F37) lui t5, 0
x30 <- 0x0000000000000000
mem[X,0x0000000080005D80] -> 0x0F13
mem[X,0x0000000080005D82] -> 0x000F
[5989] [M]: 0x0000000080005D80 (0x000F0F13) addi t5, t5, 0
x30 <- 0x0000000000000000
mem[X,0x0000000080005D84] -> 0x1F13
mem[X,0x0000000080005D86] -> 0x00BF
[5990] [M]: 0x0000000080005D84 (0x00BF1F13) slli t5, t5, 11
x30 <- 0x0000000000000000
mem[X,0x0000000080005D88] -> 0x0F13
mem[X,0x0000000080005D8A] -> 0x5A8F
[5991] [M]: 0x0000000080005D88 (0x5A8F0F13) addi t5, t5, 1448
x30 <- 0x00000000000005A8
mem[X,0x0000000080005D8C] -> 0x1F13
mem[X,0x0000000080005D8E] -> 0x00BF
[5992] [M]: 0x0000000080005D8C (0x00BF1F13) slli t5, t5, 11
x30 <- 0x00000000002D4000
mem[X,0x0000000080005D90] -> 0x0F13
mem[X,0x0000000080005D92] -> 0x13CF
[5993] [M]: 0x0000000080005D90 (0x13CF0F13) addi t5, t5, 316
x30 <- 0x00000000002D413C
mem[X,0x0000000080005D94] -> 0x1F13
mem[X,0x0000000080005D96] -> 0x00AF
[5994] [M]: 0x0000000080005D94 (0x00AF1F13) slli t5, t5, 10
x30 <- 0x00000000B504F000
mem[X,0x0000000080005D98] -> 0x0F13
mem[X,0x0000000080005D9A] -> 0x333F
[5995] [M]: 0x0000000080005D98 (0x333F0F13) addi t5, t5, 819
x30 <- 0x00000000B504F333
mem[X,0x0000000080005D9C] -> 0x0EB7
mem[X,0x0000000080005D9E] -> 0x0000
[5996] [M]: 0x0000000080005D9C (0x00000EB7) lui t4, 0
x29 <- 0x0000000000000000
mem[X,0x0000000080005DA0] -> 0x8E93
mem[X,0x0000000080005DA2] -> 0x000E
[5997] [M]: 0x0000000080005DA0 (0x000E8E93) addi t4, t4, 0
x29 <- 0x0000000000000000
mem[X,0x0000000080005DA4] -> 0x9E93
mem[X,0x0000000080005DA6] -> 0x00BE
[5998] [M]: 0x0000000080005DA4 (0x00BE9E93) slli t4, t4, 11
x29 <- 0x0000000000000000
mem[X,0x0000000080005DA8] -> 0x8E93
mem[X,0x0000000080005DAA] -> 0x5A8E
[5999] [M]: 0x0000000080005DA8 (0x5A8E8E93) addi t4, t4, 1448
x29 <- 0x00000000000005A8
clint::tick mtime <- 0x000000000000003C
 clint timer pending at mtime 0x000000000000003C
htif::tick 0x0000000000000000
mem[X,0x0000000080005DAC] -> 0x9E93
mem[X,0x0000000080005DAE] -> 0x00BE
[6000] [M]: 0x0000000080005DAC (0x00BE9E93) slli t4, t4, 11
x29 <- 0x00000000002D4000
mem[X,0x0000000080005DB0] -> 0x8E93
mem[X,0x0000000080005DB2] -> 0x13CE
[6001] [M]: 0x0000000080005DB0 (0x13CE8E93) addi t4, t4, 316
x29 <- 0x00000000002D413C
mem[X,0x0000000080005DB4] -> 0x9E93
mem[X,0x0000000080005DB6] -> 0x00AE
[6002] [M]: 0x0000000080005DB4 (0x00AE9E93) slli t4, t4, 10
x29 <- 0x00000000B504F000
mem[X,0x0000000080005DB8] -> 0x8E93
mem[X,0x0000000080005DBA] -> 0x334E
[6003] [M]: 0x0000000080005DB8 (0x334E8E93) addi t4, t4, 820
x29 <- 0x00000000B504F334
mem[X,0x0000000080005DBC] -> 0x4FB3
mem[X,0x0000000080005DBE] -> 0x03DF
[6004] [M]: 0x0000000080005DBC (0x03DF4FB3) div t6, t5, t4
x31 <- 0x0000000000000000
mem[X,0x0000000080005DC0] -> 0xB823
mem[X,0x0000000080005DC2] -> 0x33F6
[6005] [M]: 0x0000000080005DC0 (0x33F6B823) sd t6, 816(a3)
mem[0x000000008000DEB0] <- 0x0000000000000000
mem[X,0x0000000080005DC4] -> 0x0F13
mem[X,0x0000000080005DC6] -> 0x0020
[6006] [M]: 0x0000000080005DC4 (0x00200F13) addi t5, zero, 2
x30 <- 0x0000000000000002
mem[X,0x0000000080005DC8] -> 0x0E93
mem[X,0x0000000080005DCA] -> 0x0030
[6007] [M]: 0x0000000080005DC8 (0x00300E93) addi t4, zero, 3
x29 <- 0x0000000000000003
mem[X,0x0000000080005DCC] -> 0x4FB3
mem[X,0x0000000080005DCE] -> 0x03DF
[6008] [M]: 0x0000000080005DCC (0x03DF4FB3) div t6, t5, t4
x31 <- 0x0000000000000000
mem[X,0x0000000080005DD0] -> 0xBC23
mem[X,0x0000000080005DD2] -> 0x33F6
[6009] [M]: 0x0000000080005DD0 (0x33F6BC23) sd t6, 824(a3)
mem[0x000000008000DEB8] <- 0x0000000000000000
mem[X,0x0000000080005DD4] -> 0x0F13
mem[X,0x0000000080005DD6] -> 0x0020
[6010] [M]: 0x0000000080005DD4 (0x00200F13) addi t5, zero, 2
x30 <- 0x0000000000000002
mem[X,0x0000000080005DD8] -> 0x5EB7
mem[X,0x0000000080005DDA] -> 0x5555
[6011] [M]: 0x0000000080005DD8 (0x55555EB7) lui t4, 349525
x29 <- 0x0000000055555000
mem[X,0x0000000080005DDC] -> 0x8E93
mem[X,0x0000000080005DDE] -> 0x555E
[6012] [M]: 0x0000000080005DDC (0x555E8E93) addi t4, t4, 1365
x29 <- 0x0000000055555555
mem[X,0x0000000080005DE0] -> 0x9E93
mem[X,0x0000000080005DE2] -> 0x00BE
[6013] [M]: 0x0000000080005DE0 (0x00BE9E93) slli t4, t4, 11
x29 <- 0x000002AAAAAAA800
mem[X,0x0000000080005DE4] -> 0x8E93
mem[X,0x0000000080005DE6] -> 0x2AAE
[6014] [M]: 0x0000000080005DE4 (0x2AAE8E93) addi t4, t4, 682
x29 <- 0x000002AAAAAAAAAA
mem[X,0x0000000080005DE8] -> 0x9E93
mem[X,0x0000000080005DEA] -> 0x00BE
[6015] [M]: 0x0000000080005DE8 (0x00BE9E93) slli t4, t4, 11
x29 <- 0x0015555555555000
mem[X,0x0000000080005DEC] -> 0x8E93
mem[X,0x0000000080005DEE] -> 0x555E
[6016] [M]: 0x0000000080005DEC (0x555E8E93) addi t4, t4, 1365
x29 <- 0x0015555555555555
mem[X,0x0000000080005DF0] -> 0x9E93
mem[X,0x0000000080005DF2] -> 0x00AE
[6017] [M]: 0x0000000080005DF0 (0x00AE9E93) slli t4, t4, 10
x29 <- 0x5555555555555400
mem[X,0x0000000080005DF4] -> 0x8E93
mem[X,0x0000000080005DF6] -> 0x155E
[6018] [M]: 0x0000000080005DF4 (0x155E8E93) addi t4, t4, 341
x29 <- 0x5555555555555555
mem[X,0x0000000080005DF8] -> 0x4FB3
mem[X,0x0000000080005DFA] -> 0x03DF
[6019] [M]: 0x0000000080005DF8 (0x03DF4FB3) div t6, t5, t4
x31 <- 0x0000000000000000
mem[X,0x0000000080005DFC] -> 0xB023
mem[X,0x0000000080005DFE] -> 0x35F6
[6020] [M]: 0x0000000080005DFC (0x35F6B023) sd t6, 832(a3)
mem[0x000000008000DEC0] <- 0x0000000000000000
mem[X,0x0000000080005E00] -> 0x0F13
mem[X,0x0000000080005E02] -> 0x0020
[6021] [M]: 0x0000000080005E00 (0x00200F13) addi t5, zero, 2
x30 <- 0x0000000000000002
mem[X,0x0000000080005E04] -> 0xBEB7
mem[X,0x0000000080005E06] -> 0xAAAA
[6022] [M]: 0x0000000080005E04 (0xAAAABEB7) lui t4, 699051
x29 <- 0xFFFFFFFFAAAAB000
mem[X,0x0000000080005E08] -> 0x8E93
mem[X,0x0000000080005E0A] -> 0xAAAE
[6023] [M]: 0x0000000080005E08 (0xAAAE8E93) addi t4, t4, 2730
x29 <- 0xFFFFFFFFAAAAAAAA
mem[X,0x0000000080005E0C] -> 0x9E93
mem[X,0x0000000080005E0E] -> 0x00BE
[6024] [M]: 0x0000000080005E0C (0x00BE9E93) slli t4, t4, 11
x29 <- 0xFFFFFD5555555000
mem[X,0x0000000080005E10] -> 0x8E93
mem[X,0x0000000080005E12] -> 0x555E
[6025] [M]: 0x0000000080005E10 (0x555E8E93) addi t4, t4, 1365
x29 <- 0xFFFFFD5555555555
mem[X,0x0000000080005E14] -> 0x9E93
mem[X,0x0000000080005E16] -> 0x00BE
[6026] [M]: 0x0000000080005E14 (0x00BE9E93) slli t4, t4, 11
x29 <- 0xFFEAAAAAAAAAA800
mem[X,0x0000000080005E18] -> 0x8E93
mem[X,0x0000000080005E1A] -> 0x2AAE
[6027] [M]: 0x0000000080005E18 (0x2AAE8E93) addi t4, t4, 682
x29 <- 0xFFEAAAAAAAAAAAAA
mem[X,0x0000000080005E1C] -> 0x9E93
mem[X,0x0000000080005E1E] -> 0x00AE
[6028] [M]: 0x0000000080005E1C (0x00AE9E93) slli t4, t4, 10
x29 <- 0xAAAAAAAAAAAAA800
mem[X,0x0000000080005E20] -> 0x8E93
mem[X,0x0000000080005E22] -> 0x2AAE
[6029] [M]: 0x0000000080005E20 (0x2AAE8E93) addi t4, t4, 682
x29 <- 0xAAAAAAAAAAAAAAAA
mem[X,0x0000000080005E24] -> 0x4FB3
mem[X,0x0000000080005E26] -> 0x03DF
[6030] [M]: 0x0000000080005E24 (0x03DF4FB3) div t6, t5, t4
x31 <- 0x0000000000000000
mem[X,0x0000000080005E28] -> 0xB423
mem[X,0x0000000080005E2A] -> 0x35F6
[6031] [M]: 0x0000000080005E28 (0x35F6B423) sd t6, 840(a3)
mem[0x000000008000DEC8] <- 0x0000000000000000
mem[X,0x0000000080005E2C] -> 0x0F13
mem[X,0x0000000080005E2E] -> 0x0020
[6032] [M]: 0x0000000080005E2C (0x00200F13) addi t5, zero, 2
x30 <- 0x0000000000000002
mem[X,0x0000000080005E30] -> 0x0E93
mem[X,0x0000000080005E32] -> 0x0050
[6033] [M]: 0x0000000080005E30 (0x00500E93) addi t4, zero, 5
x29 <- 0x0000000000000005
mem[X,0x0000000080005E34] -> 0x4FB3
mem[X,0x0000000080005E36] -> 0x03DF
[6034] [M]: 0x0000000080005E34 (0x03DF4FB3) div t6, t5, t4
x31 <- 0x0000000000000000
mem[X,0x0000000080005E38] -> 0xB823
mem[X,0x0000000080005E3A] -> 0x35F6
[6035] [M]: 0x0000000080005E38 (0x35F6B823) sd t6, 848(a3)
mem[0x000000008000DED0] <- 0x0000000000000000
mem[X,0x0000000080005E3C] -> 0x0F13
mem[X,0x0000000080005E3E] -> 0x0020
[6036] [M]: 0x0000000080005E3C (0x00200F13) addi t5, zero, 2
x30 <- 0x0000000000000002
mem[X,0x0000000080005E40] -> 0x3EB7
mem[X,0x0000000080005E42] -> 0x3333
[6037] [M]: 0x0000000080005E40 (0x33333EB7) lui t4, 209715
x29 <- 0x0000000033333000
mem[X,0x0000000080005E44] -> 0x8E93
mem[X,0x0000000080005E46] -> 0x333E
[6038] [M]: 0x0000000080005E44 (0x333E8E93) addi t4, t4, 819
x29 <- 0x0000000033333333
mem[X,0x0000000080005E48] -> 0x9E93
mem[X,0x0000000080005E4A] -> 0x00BE
[6039] [M]: 0x0000000080005E48 (0x00BE9E93) slli t4, t4, 11
x29 <- 0x0000019999999800
mem[X,0x0000000080005E4C] -> 0x8E93
mem[X,0x0000000080005E4E] -> 0x199E
[6040] [M]: 0x0000000080005E4C (0x199E8E93) addi t4, t4, 409
x29 <- 0x0000019999999999
mem[X,0x0000000080005E50] -> 0x9E93
mem[X,0x0000000080005E52] -> 0x00BE
[6041] [M]: 0x0000000080005E50 (0x00BE9E93) slli t4, t4, 11
x29 <- 0x000CCCCCCCCCC800
mem[X,0x0000000080005E54] -> 0x8E93
mem[X,0x0000000080005E56] -> 0x4CCE
[6042] [M]: 0x0000000080005E54 (0x4CCE8E93) addi t4, t4, 1228
x29 <- 0x000CCCCCCCCCCCCC
mem[X,0x0000000080005E58] -> 0x9E93
mem[X,0x0000000080005E5A] -> 0x00AE
[6043] [M]: 0x0000000080005E58 (0x00AE9E93) slli t4, t4, 10
x29 <- 0x3333333333333000
mem[X,0x0000000080005E5C] -> 0x8E93
mem[X,0x0000000080005E5E] -> 0x333E
[6044] [M]: 0x0000000080005E5C (0x333E8E93) addi t4, t4, 819
x29 <- 0x3333333333333333
mem[X,0x0000000080005E60] -> 0x4FB3
mem[X,0x0000000080005E62] -> 0x03DF
[6045] [M]: 0x0000000080005E60 (0x03DF4FB3) div t6, t5, t4
x31 <- 0x0000000000000000
mem[X,0x0000000080005E64] -> 0xBC23
mem[X,0x0000000080005E66] -> 0x35F6
[6046] [M]: 0x0000000080005E64 (0x35F6BC23) sd t6, 856(a3)
mem[0x000000008000DED8] <- 0x0000000000000000
mem[X,0x0000000080005E68] -> 0x0F13
mem[X,0x0000000080005E6A] -> 0x0020
[6047] [M]: 0x0000000080005E68 (0x00200F13) addi t5, zero, 2
x30 <- 0x0000000000000002
mem[X,0x0000000080005E6C] -> 0x6EB7
mem[X,0x0000000080005E6E] -> 0x6666
[6048] [M]: 0x0000000080005E6C (0x66666EB7) lui t4, 419430
x29 <- 0x0000000066666000
mem[X,0x0000000080005E70] -> 0x8E93
mem[X,0x0000000080005E72] -> 0x666E
[6049] [M]: 0x0000000080005E70 (0x666E8E93) addi t4, t4, 1638
x29 <- 0x0000000066666666
mem[X,0x0000000080005E74] -> 0x9E93
mem[X,0x0000000080005E76] -> 0x00BE
[6050] [M]: 0x0000000080005E74 (0x00BE9E93) slli t4, t4, 11
x29 <- 0x0000033333333000
mem[X,0x0000000080005E78] -> 0x8E93
mem[X,0x0000000080005E7A] -> 0x333E
[6051] [M]: 0x0000000080005E78 (0x333E8E93) addi t4, t4, 819
x29 <- 0x0000033333333333
mem[X,0x0000000080005E7C] -> 0x9E93
mem[X,0x0000000080005E7E] -> 0x00BE
[6052] [M]: 0x0000000080005E7C (0x00BE9E93) slli t4, t4, 11
x29 <- 0x0019999999999800
mem[X,0x0000000080005E80] -> 0x8E93
mem[X,0x0000000080005E82] -> 0x199E
[6053] [M]: 0x0000000080005E80 (0x199E8E93) addi t4, t4, 409
x29 <- 0x0019999999999999
mem[X,0x0000000080005E84] -> 0x9E93
mem[X,0x0000000080005E86] -> 0x00AE
[6054] [M]: 0x0000000080005E84 (0x00AE9E93) slli t4, t4, 10
x29 <- 0x6666666666666400
mem[X,0x0000000080005E88] -> 0x8E93
mem[X,0x0000000080005E8A] -> 0x266E
[6055] [M]: 0x0000000080005E88 (0x266E8E93) addi t4, t4, 614
x29 <- 0x6666666666666666
mem[X,0x0000000080005E8C] -> 0x4FB3
mem[X,0x0000000080005E8E] -> 0x03DF
[6056] [M]: 0x0000000080005E8C (0x03DF4FB3) div t6, t5, t4
x31 <- 0x0000000000000000
mem[X,0x0000000080005E90] -> 0xB023
mem[X,0x0000000080005E92] -> 0x37F6
[6057] [M]: 0x0000000080005E90 (0x37F6B023) sd t6, 864(a3)
mem[0x000000008000DEE0] <- 0x0000000000000000
mem[X,0x0000000080005E94] -> 0x0F13
mem[X,0x0000000080005E96] -> 0x0020
[6058] [M]: 0x0000000080005E94 (0x00200F13) addi t5, zero, 2
x30 <- 0x0000000000000002
mem[X,0x0000000080005E98] -> 0x0EB7
mem[X,0x0000000080005E9A] -> 0x0000
[6059] [M]: 0x0000000080005E98 (0x00000EB7) lui t4, 0
x29 <- 0x0000000000000000
mem[X,0x0000000080005E9C] -> 0x8E93
mem[X,0x0000000080005E9E] -> 0xFFFE
[6060] [M]: 0x0000000080005E9C (0xFFFE8E93) addi t4, t4, 4095
x29 <- 0xFFFFFFFFFFFFFFFF
mem[X,0x0000000080005EA0] -> 0x9E93
mem[X,0x0000000080005EA2] -> 0x00BE
[6061] [M]: 0x0000000080005EA0 (0x00BE9E93) slli t4, t4, 11
x29 <- 0xFFFFFFFFFFFFF800
mem[X,0x0000000080005EA4] -> 0x8E93
mem[X,0x0000000080005EA6] -> 0x257E
[6062] [M]: 0x0000000080005EA4 (0x257E8E93) addi t4, t4, 599
x29 <- 0xFFFFFFFFFFFFFA57
mem[X,0x0000000080005EA8] -> 0x9E93
mem[X,0x0000000080005EAA] -> 0x00BE
[6063] [M]: 0x0000000080005EA8 (0x00BE9E93) slli t4, t4, 11
x29 <- 0xFFFFFFFFFFD2B800
mem[X,0x0000000080005EAC] -> 0x8E93
mem[X,0x0000000080005EAE] -> 0x6C3E
[6064] [M]: 0x0000000080005EAC (0x6C3E8E93) addi t4, t4, 1731
x29 <- 0xFFFFFFFFFFD2BEC3
mem[X,0x0000000080005EB0] -> 0x9E93
mem[X,0x0000000080005EB2] -> 0x00AE
[6065] [M]: 0x0000000080005EB0 (0x00AE9E93) slli t4, t4, 10
x29 <- 0xFFFFFFFF4AFB0C00
mem[X,0x0000000080005EB4] -> 0x8E93
mem[X,0x0000000080005EB6] -> 0x0CDE
[6066] [M]: 0x0000000080005EB4 (0x0CDE8E93) addi t4, t4, 205
x29 <- 0xFFFFFFFF4AFB0CCD
mem[X,0x0000000080005EB8] -> 0x4FB3
mem[X,0x0000000080005EBA] -> 0x03DF
[6067] [M]: 0x0000000080005EB8 (0x03DF4FB3) div t6, t5, t4
x31 <- 0x0000000000000000
mem[X,0x0000000080005EBC] -> 0xB423
mem[X,0x0000000080005EBE] -> 0x37F6
[6068] [M]: 0x0000000080005EBC (0x37F6B423) sd t6, 872(a3)
mem[0x000000008000DEE8] <- 0x0000000000000000
mem[X,0x0000000080005EC0] -> 0x0F13
mem[X,0x0000000080005EC2] -> 0x0020
[6069] [M]: 0x0000000080005EC0 (0x00200F13) addi t5, zero, 2
x30 <- 0x0000000000000002
mem[X,0x0000000080005EC4] -> 0x0EB7
mem[X,0x0000000080005EC6] -> 0x0000
[6070] [M]: 0x0000000080005EC4 (0x00000EB7) lui t4, 0
x29 <- 0x0000000000000000
mem[X,0x0000000080005EC8] -> 0x8E93
mem[X,0x0000000080005ECA] -> 0x000E
[6071] [M]: 0x0000000080005EC8 (0x000E8E93) addi t4, t4, 0
x29 <- 0x0000000000000000
mem[X,0x0000000080005ECC] -> 0x9E93
mem[X,0x0000000080005ECE] -> 0x00BE
[6072] [M]: 0x0000000080005ECC (0x00BE9E93) slli t4, t4, 11
x29 <- 0x0000000000000000
mem[X,0x0000000080005ED0] -> 0x8E93
mem[X,0x0000000080005ED2] -> 0x5A8E
[6073] [M]: 0x0000000080005ED0 (0x5A8E8E93) addi t4, t4, 1448
x29 <- 0x00000000000005A8
mem[X,0x0000000080005ED4] -> 0x9E93
mem[X,0x0000000080005ED6] -> 0x00BE
[6074] [M]: 0x0000000080005ED4 (0x00BE9E93) slli t4, t4, 11
x29 <- 0x00000000002D4000
mem[X,0x0000000080005ED8] -> 0x8E93
mem[X,0x0000000080005EDA] -> 0x13CE
[6075] [M]: 0x0000000080005ED8 (0x13CE8E93) addi t4, t4, 316
x29 <- 0x00000000002D413C
mem[X,0x0000000080005EDC] -> 0x9E93
mem[X,0x0000000080005EDE] -> 0x00AE
[6076] [M]: 0x0000000080005EDC (0x00AE9E93) slli t4, t4, 10
x29 <- 0x00000000B504F000
mem[X,0x0000000080005EE0] -> 0x8E93
mem[X,0x0000000080005EE2] -> 0x333E
[6077] [M]: 0x0000000080005EE0 (0x333E8E93) addi t4, t4, 819
x29 <- 0x00000000B504F333
mem[X,0x0000000080005EE4] -> 0x4FB3
mem[X,0x0000000080005EE6] -> 0x03DF
[6078] [M]: 0x0000000080005EE4 (0x03DF4FB3) div t6, t5, t4
x31 <- 0x0000000000000000
mem[X,0x0000000080005EE8] -> 0xB823
mem[X,0x0000000080005EEA] -> 0x37F6
[6079] [M]: 0x0000000080005EE8 (0x37F6B823) sd t6, 880(a3)
mem[0x000000008000DEF0] <- 0x0000000000000000
mem[X,0x0000000080005EEC] -> 0x0F13
mem[X,0x0000000080005EEE] -> 0x0020
[6080] [M]: 0x0000000080005EEC (0x00200F13) addi t5, zero, 2
x30 <- 0x0000000000000002
mem[X,0x0000000080005EF0] -> 0x0E93
mem[X,0x0000000080005EF2] -> 0x0020
[6081] [M]: 0x0000000080005EF0 (0x00200E93) addi t4, zero, 2
x29 <- 0x0000000000000002
mem[X,0x0000000080005EF4] -> 0x4FB3
mem[X,0x0000000080005EF6] -> 0x03DF
[6082] [M]: 0x0000000080005EF4 (0x03DF4FB3) div t6, t5, t4
x31 <- 0x0000000000000001
mem[X,0x0000000080005EF8] -> 0xBC23
mem[X,0x0000000080005EFA] -> 0x37F6
[6083] [M]: 0x0000000080005EF8 (0x37F6BC23) sd t6, 888(a3)
mem[0x000000008000DEF8] <- 0x0000000000000001
mem[X,0x0000000080005EFC] -> 0x0F13
mem[X,0x0000000080005EFE] -> 0x0020
[6084] [M]: 0x0000000080005EFC (0x00200F13) addi t5, zero, 2
x30 <- 0x0000000000000002
mem[X,0x0000000080005F00] -> 0x5EB7
mem[X,0x0000000080005F02] -> 0x5555
[6085] [M]: 0x0000000080005F00 (0x55555EB7) lui t4, 349525
x29 <- 0x0000000055555000
mem[X,0x0000000080005F04] -> 0x8E93
mem[X,0x0000000080005F06] -> 0x555E
[6086] [M]: 0x0000000080005F04 (0x555E8E93) addi t4, t4, 1365
x29 <- 0x0000000055555555
mem[X,0x0000000080005F08] -> 0x9E93
mem[X,0x0000000080005F0A] -> 0x00BE
[6087] [M]: 0x0000000080005F08 (0x00BE9E93) slli t4, t4, 11
x29 <- 0x000002AAAAAAA800
mem[X,0x0000000080005F0C] -> 0x8E93
mem[X,0x0000000080005F0E] -> 0x2AAE
[6088] [M]: 0x0000000080005F0C (0x2AAE8E93) addi t4, t4, 682
x29 <- 0x000002AAAAAAAAAA
mem[X,0x0000000080005F10] -> 0x9E93
mem[X,0x0000000080005F12] -> 0x00BE
[6089] [M]: 0x0000000080005F10 (0x00BE9E93) slli t4, t4, 11
x29 <- 0x0015555555555000
mem[X,0x0000000080005F14] -> 0x8E93
mem[X,0x0000000080005F16] -> 0x555E
[6090] [M]: 0x0000000080005F14 (0x555E8E93) addi t4, t4, 1365
x29 <- 0x0015555555555555
mem[X,0x0000000080005F18] -> 0x9E93
mem[X,0x0000000080005F1A] -> 0x00AE
[6091] [M]: 0x0000000080005F18 (0x00AE9E93) slli t4, t4, 10
x29 <- 0x5555555555555400
mem[X,0x0000000080005F1C] -> 0x8E93
mem[X,0x0000000080005F1E] -> 0x154E
[6092] [M]: 0x0000000080005F1C (0x154E8E93) addi t4, t4, 340
x29 <- 0x5555555555555554
mem[X,0x0000000080005F20] -> 0x4FB3
mem[X,0x0000000080005F22] -> 0x03DF
[6093] [M]: 0x0000000080005F20 (0x03DF4FB3) div t6, t5, t4
x31 <- 0x0000000000000000
mem[X,0x0000000080005F24] -> 0xB023
mem[X,0x0000000080005F26] -> 0x39F6
[6094] [M]: 0x0000000080005F24 (0x39F6B023) sd t6, 896(a3)
mem[0x000000008000DF00] <- 0x0000000000000000
mem[X,0x0000000080005F28] -> 0x0F13
mem[X,0x0000000080005F2A] -> 0x0020
[6095] [M]: 0x0000000080005F28 (0x00200F13) addi t5, zero, 2
x30 <- 0x0000000000000002
mem[X,0x0000000080005F2C] -> 0x3EB7
mem[X,0x0000000080005F2E] -> 0x3333
[6096] [M]: 0x0000000080005F2C (0x33333EB7) lui t4, 209715
x29 <- 0x0000000033333000
mem[X,0x0000000080005F30] -> 0x8E93
mem[X,0x0000000080005F32] -> 0x333E
[6097] [M]: 0x0000000080005F30 (0x333E8E93) addi t4, t4, 819
x29 <- 0x0000000033333333
mem[X,0x0000000080005F34] -> 0x9E93
mem[X,0x0000000080005F36] -> 0x00BE
[6098] [M]: 0x0000000080005F34 (0x00BE9E93) slli t4, t4, 11
x29 <- 0x0000019999999800
mem[X,0x0000000080005F38] -> 0x8E93
mem[X,0x0000000080005F3A] -> 0x199E
[6099] [M]: 0x0000000080005F38 (0x199E8E93) addi t4, t4, 409
x29 <- 0x0000019999999999
clint::tick mtime <- 0x000000000000003D
 clint timer pending at mtime 0x000000000000003D
htif::tick 0x0000000000000000
mem[X,0x0000000080005F3C] -> 0x9E93
mem[X,0x0000000080005F3E] -> 0x00BE
[6100] [M]: 0x0000000080005F3C (0x00BE9E93) slli t4, t4, 11
x29 <- 0x000CCCCCCCCCC800
mem[X,0x0000000080005F40] -> 0x8E93
mem[X,0x0000000080005F42] -> 0x4CCE
[6101] [M]: 0x0000000080005F40 (0x4CCE8E93) addi t4, t4, 1228
x29 <- 0x000CCCCCCCCCCCCC
mem[X,0x0000000080005F44] -> 0x9E93
mem[X,0x0000000080005F46] -> 0x00AE
[6102] [M]: 0x0000000080005F44 (0x00AE9E93) slli t4, t4, 10
x29 <- 0x3333333333333000
mem[X,0x0000000080005F48] -> 0x8E93
mem[X,0x0000000080005F4A] -> 0x332E
[6103] [M]: 0x0000000080005F48 (0x332E8E93) addi t4, t4, 818
x29 <- 0x3333333333333332
mem[X,0x0000000080005F4C] -> 0x4FB3
mem[X,0x0000000080005F4E] -> 0x03DF
[6104] [M]: 0x0000000080005F4C (0x03DF4FB3) div t6, t5, t4
x31 <- 0x0000000000000000
mem[X,0x0000000080005F50] -> 0xB423
mem[X,0x0000000080005F52] -> 0x39F6
[6105] [M]: 0x0000000080005F50 (0x39F6B423) sd t6, 904(a3)
mem[0x000000008000DF08] <- 0x0000000000000000
mem[X,0x0000000080005F54] -> 0x0F13
mem[X,0x0000000080005F56] -> 0x0020
[6106] [M]: 0x0000000080005F54 (0x00200F13) addi t5, zero, 2
x30 <- 0x0000000000000002
mem[X,0x0000000080005F58] -> 0x6EB7
mem[X,0x0000000080005F5A] -> 0x6666
[6107] [M]: 0x0000000080005F58 (0x66666EB7) lui t4, 419430
x29 <- 0x0000000066666000
mem[X,0x0000000080005F5C] -> 0x8E93
mem[X,0x0000000080005F5E] -> 0x666E
[6108] [M]: 0x0000000080005F5C (0x666E8E93) addi t4, t4, 1638
x29 <- 0x0000000066666666
mem[X,0x0000000080005F60] -> 0x9E93
mem[X,0x0000000080005F62] -> 0x00BE
[6109] [M]: 0x0000000080005F60 (0x00BE9E93) slli t4, t4, 11
x29 <- 0x0000033333333000
mem[X,0x0000000080005F64] -> 0x8E93
mem[X,0x0000000080005F66] -> 0x333E
[6110] [M]: 0x0000000080005F64 (0x333E8E93) addi t4, t4, 819
x29 <- 0x0000033333333333
mem[X,0x0000000080005F68] -> 0x9E93
mem[X,0x0000000080005F6A] -> 0x00BE
[6111] [M]: 0x0000000080005F68 (0x00BE9E93) slli t4, t4, 11
x29 <- 0x0019999999999800
mem[X,0x0000000080005F6C] -> 0x8E93
mem[X,0x0000000080005F6E] -> 0x199E
[6112] [M]: 0x0000000080005F6C (0x199E8E93) addi t4, t4, 409
x29 <- 0x0019999999999999
mem[X,0x0000000080005F70] -> 0x9E93
mem[X,0x0000000080005F72] -> 0x00AE
[6113] [M]: 0x0000000080005F70 (0x00AE9E93) slli t4, t4, 10
x29 <- 0x6666666666666400
mem[X,0x0000000080005F74] -> 0x8E93
mem[X,0x0000000080005F76] -> 0x265E
[6114] [M]: 0x0000000080005F74 (0x265E8E93) addi t4, t4, 613
x29 <- 0x6666666666666665
mem[X,0x0000000080005F78] -> 0x4FB3
mem[X,0x0000000080005F7A] -> 0x03DF
[6115] [M]: 0x0000000080005F78 (0x03DF4FB3) div t6, t5, t4
x31 <- 0x0000000000000000
mem[X,0x0000000080005F7C] -> 0xB823
mem[X,0x0000000080005F7E] -> 0x39F6
[6116] [M]: 0x0000000080005F7C (0x39F6B823) sd t6, 912(a3)
mem[0x000000008000DF10] <- 0x0000000000000000
mem[X,0x0000000080005F80] -> 0x0F13
mem[X,0x0000000080005F82] -> 0x0020
[6117] [M]: 0x0000000080005F80 (0x00200F13) addi t5, zero, 2
x30 <- 0x0000000000000002
mem[X,0x0000000080005F84] -> 0x0E93
mem[X,0x0000000080005F86] -> 0x0000
[6118] [M]: 0x0000000080005F84 (0x00000E93) addi t4, zero, 0
x29 <- 0x0000000000000000
mem[X,0x0000000080005F88] -> 0x4FB3
mem[X,0x0000000080005F8A] -> 0x03DF
[6119] [M]: 0x0000000080005F88 (0x03DF4FB3) div t6, t5, t4
x31 <- 0xFFFFFFFFFFFFFFFF
mem[X,0x0000000080005F8C] -> 0xBC23
mem[X,0x0000000080005F8E] -> 0x39F6
[6120] [M]: 0x0000000080005F8C (0x39F6BC23) sd t6, 920(a3)
mem[0x000000008000DF18] <- 0xFFFFFFFFFFFFFFFF
mem[X,0x0000000080005F90] -> 0x0F13
mem[X,0x0000000080005F92] -> 0x0020
[6121] [M]: 0x0000000080005F90 (0x00200F13) addi t5, zero, 2
x30 <- 0x0000000000000002
mem[X,0x0000000080005F94] -> 0x0EB7
mem[X,0x0000000080005F96] -> 0x0000
[6122] [M]: 0x0000000080005F94 (0x00000EB7) lui t4, 0
x29 <- 0x0000000000000000
mem[X,0x0000000080005F98] -> 0x8E93
mem[X,0x0000000080005F9A] -> 0x000E
[6123] [M]: 0x0000000080005F98 (0x000E8E93) addi t4, t4, 0
x29 <- 0x0000000000000000
mem[X,0x0000000080005F9C] -> 0x9E93
mem[X,0x0000000080005F9E] -> 0x00BE
[6124] [M]: 0x0000000080005F9C (0x00BE9E93) slli t4, t4, 11
x29 <- 0x0000000000000000
mem[X,0x0000000080005FA0] -> 0x8E93
mem[X,0x0000000080005FA2] -> 0x5A8E
[6125] [M]: 0x0000000080005FA0 (0x5A8E8E93) addi t4, t4, 1448
x29 <- 0x00000000000005A8
mem[X,0x0000000080005FA4] -> 0x9E93
mem[X,0x0000000080005FA6] -> 0x00BE
[6126] [M]: 0x0000000080005FA4 (0x00BE9E93) slli t4, t4, 11
x29 <- 0x00000000002D4000
mem[X,0x0000000080005FA8] -> 0x8E93
mem[X,0x0000000080005FAA] -> 0x13CE
[6127] [M]: 0x0000000080005FA8 (0x13CE8E93) addi t4, t4, 316
x29 <- 0x00000000002D413C
mem[X,0x0000000080005FAC] -> 0x9E93
mem[X,0x0000000080005FAE] -> 0x00AE
[6128] [M]: 0x0000000080005FAC (0x00AE9E93) slli t4, t4, 10
x29 <- 0x00000000B504F000
mem[X,0x0000000080005FB0] -> 0x8E93
mem[X,0x0000000080005FB2] -> 0x332E
[6129] [M]: 0x0000000080005FB0 (0x332E8E93) addi t4, t4, 818
x29 <- 0x00000000B504F332
mem[X,0x0000000080005FB4] -> 0x4FB3
mem[X,0x0000000080005FB6] -> 0x03DF
[6130] [M]: 0x0000000080005FB4 (0x03DF4FB3) div t6, t5, t4
x31 <- 0x0000000000000000
mem[X,0x0000000080005FB8] -> 0xB023
mem[X,0x0000000080005FBA] -> 0x3BF6
[6131] [M]: 0x0000000080005FB8 (0x3BF6B023) sd t6, 928(a3)
mem[0x000000008000DF20] <- 0x0000000000000000
mem[X,0x0000000080005FBC] -> 0x0F13
mem[X,0x0000000080005FBE] -> 0x0020
[6132] [M]: 0x0000000080005FBC (0x00200F13) addi t5, zero, 2
x30 <- 0x0000000000000002
mem[X,0x0000000080005FC0] -> 0x0E93
mem[X,0x0000000080005FC2] -> 0x0040
[6133] [M]: 0x0000000080005FC0 (0x00400E93) addi t4, zero, 4
x29 <- 0x0000000000000004
mem[X,0x0000000080005FC4] -> 0x4FB3
mem[X,0x0000000080005FC6] -> 0x03DF
[6134] [M]: 0x0000000080005FC4 (0x03DF4FB3) div t6, t5, t4
x31 <- 0x0000000000000000
mem[X,0x0000000080005FC8] -> 0xB423
mem[X,0x0000000080005FCA] -> 0x3BF6
[6135] [M]: 0x0000000080005FC8 (0x3BF6B423) sd t6, 936(a3)
mem[0x000000008000DF28] <- 0x0000000000000000
mem[X,0x0000000080005FCC] -> 0x0F13
mem[X,0x0000000080005FCE] -> 0x0020
[6136] [M]: 0x0000000080005FCC (0x00200F13) addi t5, zero, 2
x30 <- 0x0000000000000002
mem[X,0x0000000080005FD0] -> 0x5EB7
mem[X,0x0000000080005FD2] -> 0x5555
[6137] [M]: 0x0000000080005FD0 (0x55555EB7) lui t4, 349525
x29 <- 0x0000000055555000
mem[X,0x0000000080005FD4] -> 0x8E93
mem[X,0x0000000080005FD6] -> 0x555E
[6138] [M]: 0x0000000080005FD4 (0x555E8E93) addi t4, t4, 1365
x29 <- 0x0000000055555555
mem[X,0x0000000080005FD8] -> 0x9E93
mem[X,0x0000000080005FDA] -> 0x00BE
[6139] [M]: 0x0000000080005FD8 (0x00BE9E93) slli t4, t4, 11
x29 <- 0x000002AAAAAAA800
mem[X,0x0000000080005FDC] -> 0x8E93
mem[X,0x0000000080005FDE] -> 0x2AAE
[6140] [M]: 0x0000000080005FDC (0x2AAE8E93) addi t4, t4, 682
x29 <- 0x000002AAAAAAAAAA
mem[X,0x0000000080005FE0] -> 0x9E93
mem[X,0x0000000080005FE2] -> 0x00BE
[6141] [M]: 0x0000000080005FE0 (0x00BE9E93) slli t4, t4, 11
x29 <- 0x0015555555555000
mem[X,0x0000000080005FE4] -> 0x8E93
mem[X,0x0000000080005FE6] -> 0x555E
[6142] [M]: 0x0000000080005FE4 (0x555E8E93) addi t4, t4, 1365
x29 <- 0x0015555555555555
mem[X,0x0000000080005FE8] -> 0x9E93
mem[X,0x0000000080005FEA] -> 0x00AE
[6143] [M]: 0x0000000080005FE8 (0x00AE9E93) slli t4, t4, 10
x29 <- 0x5555555555555400
mem[X,0x0000000080005FEC] -> 0x8E93
mem[X,0x0000000080005FEE] -> 0x156E
[6144] [M]: 0x0000000080005FEC (0x156E8E93) addi t4, t4, 342
x29 <- 0x5555555555555556
mem[X,0x0000000080005FF0] -> 0x4FB3
mem[X,0x0000000080005FF2] -> 0x03DF
[6145] [M]: 0x0000000080005FF0 (0x03DF4FB3) div t6, t5, t4
x31 <- 0x0000000000000000
mem[X,0x0000000080005FF4] -> 0xB823
mem[X,0x0000000080005FF6] -> 0x3BF6
[6146] [M]: 0x0000000080005FF4 (0x3BF6B823) sd t6, 944(a3)
mem[0x000000008000DF30] <- 0x0000000000000000
mem[X,0x0000000080005FF8] -> 0x0F13
mem[X,0x0000000080005FFA] -> 0x0020
[6147] [M]: 0x0000000080005FF8 (0x00200F13) addi t5, zero, 2
x30 <- 0x0000000000000002
mem[X,0x0000000080005FFC] -> 0xBEB7
mem[X,0x0000000080005FFE] -> 0xAAAA
[6148] [M]: 0x0000000080005FFC (0xAAAABEB7) lui t4, 699051
x29 <- 0xFFFFFFFFAAAAB000
mem[X,0x0000000080006000] -> 0x8E93
mem[X,0x0000000080006002] -> 0xAAAE
[6149] [M]: 0x0000000080006000 (0xAAAE8E93) addi t4, t4, 2730
x29 <- 0xFFFFFFFFAAAAAAAA
mem[X,0x0000000080006004] -> 0x9E93
mem[X,0x0000000080006006] -> 0x00BE
[6150] [M]: 0x0000000080006004 (0x00BE9E93) slli t4, t4, 11
x29 <- 0xFFFFFD5555555000
mem[X,0x0000000080006008] -> 0x8E93
mem[X,0x000000008000600A] -> 0x555E
[6151] [M]: 0x0000000080006008 (0x555E8E93) addi t4, t4, 1365
x29 <- 0xFFFFFD5555555555
mem[X,0x000000008000600C] -> 0x9E93
mem[X,0x000000008000600E] -> 0x00BE
[6152] [M]: 0x000000008000600C (0x00BE9E93) slli t4, t4, 11
x29 <- 0xFFEAAAAAAAAAA800
mem[X,0x0000000080006010] -> 0x8E93
mem[X,0x0000000080006012] -> 0x2AAE
[6153] [M]: 0x0000000080006010 (0x2AAE8E93) addi t4, t4, 682
x29 <- 0xFFEAAAAAAAAAAAAA
mem[X,0x0000000080006014] -> 0x9E93
mem[X,0x0000000080006016] -> 0x00AE
[6154] [M]: 0x0000000080006014 (0x00AE9E93) slli t4, t4, 10
x29 <- 0xAAAAAAAAAAAAA800
mem[X,0x0000000080006018] -> 0x8E93
mem[X,0x000000008000601A] -> 0x2ABE
[6155] [M]: 0x0000000080006018 (0x2ABE8E93) addi t4, t4, 683
x29 <- 0xAAAAAAAAAAAAAAAB
mem[X,0x000000008000601C] -> 0x4FB3
mem[X,0x000000008000601E] -> 0x03DF
[6156] [M]: 0x000000008000601C (0x03DF4FB3) div t6, t5, t4
x31 <- 0x0000000000000000
mem[X,0x0000000080006020] -> 0xBC23
mem[X,0x0000000080006022] -> 0x3BF6
[6157] [M]: 0x0000000080006020 (0x3BF6BC23) sd t6, 952(a3)
mem[0x000000008000DF38] <- 0x0000000000000000
mem[X,0x0000000080006024] -> 0x0F13
mem[X,0x0000000080006026] -> 0x0020
[6158] [M]: 0x0000000080006024 (0x00200F13) addi t5, zero, 2
x30 <- 0x0000000000000002
mem[X,0x0000000080006028] -> 0x0E93
mem[X,0x000000008000602A] -> 0x0060
[6159] [M]: 0x0000000080006028 (0x00600E93) addi t4, zero, 6
x29 <- 0x0000000000000006
mem[X,0x000000008000602C] -> 0x4FB3
mem[X,0x000000008000602E] -> 0x03DF
[6160] [M]: 0x000000008000602C (0x03DF4FB3) div t6, t5, t4
x31 <- 0x0000000000000000
mem[X,0x0000000080006030] -> 0xB023
mem[X,0x0000000080006032] -> 0x3DF6
[6161] [M]: 0x0000000080006030 (0x3DF6B023) sd t6, 960(a3)
mem[0x000000008000DF40] <- 0x0000000000000000
mem[X,0x0000000080006034] -> 0x0F13
mem[X,0x0000000080006036] -> 0x0020
[6162] [M]: 0x0000000080006034 (0x00200F13) addi t5, zero, 2
x30 <- 0x0000000000000002
mem[X,0x0000000080006038] -> 0x3EB7
mem[X,0x000000008000603A] -> 0x3333
[6163] [M]: 0x0000000080006038 (0x33333EB7) lui t4, 209715
x29 <- 0x0000000033333000
mem[X,0x000000008000603C] -> 0x8E93
mem[X,0x000000008000603E] -> 0x333E
[6164] [M]: 0x000000008000603C (0x333E8E93) addi t4, t4, 819
x29 <- 0x0000000033333333
mem[X,0x0000000080006040] -> 0x9E93
mem[X,0x0000000080006042] -> 0x00BE
[6165] [M]: 0x0000000080006040 (0x00BE9E93) slli t4, t4, 11
x29 <- 0x0000019999999800
mem[X,0x0000000080006044] -> 0x8E93
mem[X,0x0000000080006046] -> 0x199E
[6166] [M]: 0x0000000080006044 (0x199E8E93) addi t4, t4, 409
x29 <- 0x0000019999999999
mem[X,0x0000000080006048] -> 0x9E93
mem[X,0x000000008000604A] -> 0x00BE
[6167] [M]: 0x0000000080006048 (0x00BE9E93) slli t4, t4, 11
x29 <- 0x000CCCCCCCCCC800
mem[X,0x000000008000604C] -> 0x8E93
mem[X,0x000000008000604E] -> 0x4CCE
[6168] [M]: 0x000000008000604C (0x4CCE8E93) addi t4, t4, 1228
x29 <- 0x000CCCCCCCCCCCCC
mem[X,0x0000000080006050] -> 0x9E93
mem[X,0x0000000080006052] -> 0x00AE
[6169] [M]: 0x0000000080006050 (0x00AE9E93) slli t4, t4, 10
x29 <- 0x3333333333333000
mem[X,0x0000000080006054] -> 0x8E93
mem[X,0x0000000080006056] -> 0x334E
[6170] [M]: 0x0000000080006054 (0x334E8E93) addi t4, t4, 820
x29 <- 0x3333333333333334
mem[X,0x0000000080006058] -> 0x4FB3
mem[X,0x000000008000605A] -> 0x03DF
[6171] [M]: 0x0000000080006058 (0x03DF4FB3) div t6, t5, t4
x31 <- 0x0000000000000000
mem[X,0x000000008000605C] -> 0xB423
mem[X,0x000000008000605E] -> 0x3DF6
[6172] [M]: 0x000000008000605C (0x3DF6B423) sd t6, 968(a3)
mem[0x000000008000DF48] <- 0x0000000000000000
mem[X,0x0000000080006060] -> 0x0F13
mem[X,0x0000000080006062] -> 0x0020
[6173] [M]: 0x0000000080006060 (0x00200F13) addi t5, zero, 2
x30 <- 0x0000000000000002
mem[X,0x0000000080006064] -> 0x6EB7
mem[X,0x0000000080006066] -> 0x6666
[6174] [M]: 0x0000000080006064 (0x66666EB7) lui t4, 419430
x29 <- 0x0000000066666000
mem[X,0x0000000080006068] -> 0x8E93
mem[X,0x000000008000606A] -> 0x666E
[6175] [M]: 0x0000000080006068 (0x666E8E93) addi t4, t4, 1638
x29 <- 0x0000000066666666
mem[X,0x000000008000606C] -> 0x9E93
mem[X,0x000000008000606E] -> 0x00BE
[6176] [M]: 0x000000008000606C (0x00BE9E93) slli t4, t4, 11
x29 <- 0x0000033333333000
mem[X,0x0000000080006070] -> 0x8E93
mem[X,0x0000000080006072] -> 0x333E
[6177] [M]: 0x0000000080006070 (0x333E8E93) addi t4, t4, 819
x29 <- 0x0000033333333333
mem[X,0x0000000080006074] -> 0x9E93
mem[X,0x0000000080006076] -> 0x00BE
[6178] [M]: 0x0000000080006074 (0x00BE9E93) slli t4, t4, 11
x29 <- 0x0019999999999800
mem[X,0x0000000080006078] -> 0x8E93
mem[X,0x000000008000607A] -> 0x199E
[6179] [M]: 0x0000000080006078 (0x199E8E93) addi t4, t4, 409
x29 <- 0x0019999999999999
mem[X,0x000000008000607C] -> 0x9E93
mem[X,0x000000008000607E] -> 0x00AE
[6180] [M]: 0x000000008000607C (0x00AE9E93) slli t4, t4, 10
x29 <- 0x6666666666666400
mem[X,0x0000000080006080] -> 0x8E93
mem[X,0x0000000080006082] -> 0x267E
[6181] [M]: 0x0000000080006080 (0x267E8E93) addi t4, t4, 615
x29 <- 0x6666666666666667
mem[X,0x0000000080006084] -> 0x4FB3
mem[X,0x0000000080006086] -> 0x03DF
[6182] [M]: 0x0000000080006084 (0x03DF4FB3) div t6, t5, t4
x31 <- 0x0000000000000000
mem[X,0x0000000080006088] -> 0xB823
mem[X,0x000000008000608A] -> 0x3DF6
[6183] [M]: 0x0000000080006088 (0x3DF6B823) sd t6, 976(a3)
mem[0x000000008000DF50] <- 0x0000000000000000
mem[X,0x000000008000608C] -> 0x0F13
mem[X,0x000000008000608E] -> 0x0020
[6184] [M]: 0x000000008000608C (0x00200F13) addi t5, zero, 2
x30 <- 0x0000000000000002
mem[X,0x0000000080006090] -> 0x0EB7
mem[X,0x0000000080006092] -> 0x0000
[6185] [M]: 0x0000000080006090 (0x00000EB7) lui t4, 0
x29 <- 0x0000000000000000
mem[X,0x0000000080006094] -> 0x8E93
mem[X,0x0000000080006096] -> 0xFFFE
[6186] [M]: 0x0000000080006094 (0xFFFE8E93) addi t4, t4, 4095
x29 <- 0xFFFFFFFFFFFFFFFF
mem[X,0x0000000080006098] -> 0x9E93
mem[X,0x000000008000609A] -> 0x00BE
[6187] [M]: 0x0000000080006098 (0x00BE9E93) slli t4, t4, 11
x29 <- 0xFFFFFFFFFFFFF800
mem[X,0x000000008000609C] -> 0x8E93
mem[X,0x000000008000609E] -> 0x257E
[6188] [M]: 0x000000008000609C (0x257E8E93) addi t4, t4, 599
x29 <- 0xFFFFFFFFFFFFFA57
mem[X,0x00000000800060A0] -> 0x9E93
mem[X,0x00000000800060A2] -> 0x00BE
[6189] [M]: 0x00000000800060A0 (0x00BE9E93) slli t4, t4, 11
x29 <- 0xFFFFFFFFFFD2B800
mem[X,0x00000000800060A4] -> 0x8E93
mem[X,0x00000000800060A6] -> 0x6C3E
[6190] [M]: 0x00000000800060A4 (0x6C3E8E93) addi t4, t4, 1731
x29 <- 0xFFFFFFFFFFD2BEC3
mem[X,0x00000000800060A8] -> 0x9E93
mem[X,0x00000000800060AA] -> 0x00AE
[6191] [M]: 0x00000000800060A8 (0x00AE9E93) slli t4, t4, 10
x29 <- 0xFFFFFFFF4AFB0C00
mem[X,0x00000000800060AC] -> 0x8E93
mem[X,0x00000000800060AE] -> 0x0CEE
[6192] [M]: 0x00000000800060AC (0x0CEE8E93) addi t4, t4, 206
x29 <- 0xFFFFFFFF4AFB0CCE
mem[X,0x00000000800060B0] -> 0x4FB3
mem[X,0x00000000800060B2] -> 0x03DF
[6193] [M]: 0x00000000800060B0 (0x03DF4FB3) div t6, t5, t4
x31 <- 0x0000000000000000
mem[X,0x00000000800060B4] -> 0xBC23
mem[X,0x00000000800060B6] -> 0x3DF6
[6194] [M]: 0x00000000800060B4 (0x3DF6BC23) sd t6, 984(a3)
mem[0x000000008000DF58] <- 0x0000000000000000
mem[X,0x00000000800060B8] -> 0x5F37
mem[X,0x00000000800060BA] -> 0x5555
[6195] [M]: 0x00000000800060B8 (0x55555F37) lui t5, 349525
x30 <- 0x0000000055555000
mem[X,0x00000000800060BC] -> 0x0F13
mem[X,0x00000000800060BE] -> 0x555F
[6196] [M]: 0x00000000800060BC (0x555F0F13) addi t5, t5, 1365
x30 <- 0x0000000055555555
mem[X,0x00000000800060C0] -> 0x1F13
mem[X,0x00000000800060C2] -> 0x00BF
[6197] [M]: 0x00000000800060C0 (0x00BF1F13) slli t5, t5, 11
x30 <- 0x000002AAAAAAA800
mem[X,0x00000000800060C4] -> 0x0F13
mem[X,0x00000000800060C6] -> 0x2AAF
[6198] [M]: 0x00000000800060C4 (0x2AAF0F13) addi t5, t5, 682
x30 <- 0x000002AAAAAAAAAA
mem[X,0x00000000800060C8] -> 0x1F13
mem[X,0x00000000800060CA] -> 0x00BF
[6199] [M]: 0x00000000800060C8 (0x00BF1F13) slli t5, t5, 11
x30 <- 0x0015555555555000
clint::tick mtime <- 0x000000000000003E
 clint timer pending at mtime 0x000000000000003E
htif::tick 0x0000000000000000
mem[X,0x00000000800060CC] -> 0x0F13
mem[X,0x00000000800060CE] -> 0x555F
[6200] [M]: 0x00000000800060CC (0x555F0F13) addi t5, t5, 1365
x30 <- 0x0015555555555555
mem[X,0x00000000800060D0] -> 0x1F13
mem[X,0x00000000800060D2] -> 0x00AF
[6201] [M]: 0x00000000800060D0 (0x00AF1F13) slli t5, t5, 10
x30 <- 0x5555555555555400
mem[X,0x00000000800060D4] -> 0x0F13
mem[X,0x00000000800060D6] -> 0x154F
[6202] [M]: 0x00000000800060D4 (0x154F0F13) addi t5, t5, 340
x30 <- 0x5555555555555554
mem[X,0x00000000800060D8] -> 0x0E93
mem[X,0x00000000800060DA] -> 0x0030
[6203] [M]: 0x00000000800060D8 (0x00300E93) addi t4, zero, 3
x29 <- 0x0000000000000003
mem[X,0x00000000800060DC] -> 0x4FB3
mem[X,0x00000000800060DE] -> 0x03DF
[6204] [M]: 0x00000000800060DC (0x03DF4FB3) div t6, t5, t4
x31 <- 0x1C71C71C71C71C71
mem[X,0x00000000800060E0] -> 0xB023
mem[X,0x00000000800060E2] -> 0x3FF6
[6205] [M]: 0x00000000800060E0 (0x3FF6B023) sd t6, 992(a3)
mem[0x000000008000DF60] <- 0x1C71C71C71C71C71
mem[X,0x00000000800060E4] -> 0x5F37
mem[X,0x00000000800060E6] -> 0x5555
[6206] [M]: 0x00000000800060E4 (0x55555F37) lui t5, 349525
x30 <- 0x0000000055555000
mem[X,0x00000000800060E8] -> 0x0F13
mem[X,0x00000000800060EA] -> 0x555F
[6207] [M]: 0x00000000800060E8 (0x555F0F13) addi t5, t5, 1365
x30 <- 0x0000000055555555
mem[X,0x00000000800060EC] -> 0x1F13
mem[X,0x00000000800060EE] -> 0x00BF
[6208] [M]: 0x00000000800060EC (0x00BF1F13) slli t5, t5, 11
x30 <- 0x000002AAAAAAA800
mem[X,0x00000000800060F0] -> 0x0F13
mem[X,0x00000000800060F2] -> 0x2AAF
[6209] [M]: 0x00000000800060F0 (0x2AAF0F13) addi t5, t5, 682
x30 <- 0x000002AAAAAAAAAA
mem[X,0x00000000800060F4] -> 0x1F13
mem[X,0x00000000800060F6] -> 0x00BF
[6210] [M]: 0x00000000800060F4 (0x00BF1F13) slli t5, t5, 11
x30 <- 0x0015555555555000
mem[X,0x00000000800060F8] -> 0x0F13
mem[X,0x00000000800060FA] -> 0x555F
[6211] [M]: 0x00000000800060F8 (0x555F0F13) addi t5, t5, 1365
x30 <- 0x0015555555555555
mem[X,0x00000000800060FC] -> 0x1F13
mem[X,0x00000000800060FE] -> 0x00AF
[6212] [M]: 0x00000000800060FC (0x00AF1F13) slli t5, t5, 10
x30 <- 0x5555555555555400
mem[X,0x0000000080006100] -> 0x0F13
mem[X,0x0000000080006102] -> 0x154F
[6213] [M]: 0x0000000080006100 (0x154F0F13) addi t5, t5, 340
x30 <- 0x5555555555555554
mem[X,0x0000000080006104] -> 0x5EB7
mem[X,0x0000000080006106] -> 0x5555
[6214] [M]: 0x0000000080006104 (0x55555EB7) lui t4, 349525
x29 <- 0x0000000055555000
mem[X,0x0000000080006108] -> 0x8E93
mem[X,0x000000008000610A] -> 0x555E
[6215] [M]: 0x0000000080006108 (0x555E8E93) addi t4, t4, 1365
x29 <- 0x0000000055555555
mem[X,0x000000008000610C] -> 0x9E93
mem[X,0x000000008000610E] -> 0x00BE
[6216] [M]: 0x000000008000610C (0x00BE9E93) slli t4, t4, 11
x29 <- 0x000002AAAAAAA800
mem[X,0x0000000080006110] -> 0x8E93
mem[X,0x0000000080006112] -> 0x2AAE
[6217] [M]: 0x0000000080006110 (0x2AAE8E93) addi t4, t4, 682
x29 <- 0x000002AAAAAAAAAA
mem[X,0x0000000080006114] -> 0x9E93
mem[X,0x0000000080006116] -> 0x00BE
[6218] [M]: 0x0000000080006114 (0x00BE9E93) slli t4, t4, 11
x29 <- 0x0015555555555000
mem[X,0x0000000080006118] -> 0x8E93
mem[X,0x000000008000611A] -> 0x555E
[6219] [M]: 0x0000000080006118 (0x555E8E93) addi t4, t4, 1365
x29 <- 0x0015555555555555
mem[X,0x000000008000611C] -> 0x9E93
mem[X,0x000000008000611E] -> 0x00AE
[6220] [M]: 0x000000008000611C (0x00AE9E93) slli t4, t4, 10
x29 <- 0x5555555555555400
mem[X,0x0000000080006120] -> 0x8E93
mem[X,0x0000000080006122] -> 0x155E
[6221] [M]: 0x0000000080006120 (0x155E8E93) addi t4, t4, 341
x29 <- 0x5555555555555555
mem[X,0x0000000080006124] -> 0x4FB3
mem[X,0x0000000080006126] -> 0x03DF
[6222] [M]: 0x0000000080006124 (0x03DF4FB3) div t6, t5, t4
x31 <- 0x0000000000000000
mem[X,0x0000000080006128] -> 0xB423
mem[X,0x000000008000612A] -> 0x3FF6
[6223] [M]: 0x0000000080006128 (0x3FF6B423) sd t6, 1000(a3)
mem[0x000000008000DF68] <- 0x0000000000000000
mem[X,0x000000008000612C] -> 0x5F37
mem[X,0x000000008000612E] -> 0x5555
[6224] [M]: 0x000000008000612C (0x55555F37) lui t5, 349525
x30 <- 0x0000000055555000
mem[X,0x0000000080006130] -> 0x0F13
mem[X,0x0000000080006132] -> 0x555F
[6225] [M]: 0x0000000080006130 (0x555F0F13) addi t5, t5, 1365
x30 <- 0x0000000055555555
mem[X,0x0000000080006134] -> 0x1F13
mem[X,0x0000000080006136] -> 0x00BF
[6226] [M]: 0x0000000080006134 (0x00BF1F13) slli t5, t5, 11
x30 <- 0x000002AAAAAAA800
mem[X,0x0000000080006138] -> 0x0F13
mem[X,0x000000008000613A] -> 0x2AAF
[6227] [M]: 0x0000000080006138 (0x2AAF0F13) addi t5, t5, 682
x30 <- 0x000002AAAAAAAAAA
mem[X,0x000000008000613C] -> 0x1F13
mem[X,0x000000008000613E] -> 0x00BF
[6228] [M]: 0x000000008000613C (0x00BF1F13) slli t5, t5, 11
x30 <- 0x0015555555555000
mem[X,0x0000000080006140] -> 0x0F13
mem[X,0x0000000080006142] -> 0x555F
[6229] [M]: 0x0000000080006140 (0x555F0F13) addi t5, t5, 1365
x30 <- 0x0015555555555555
mem[X,0x0000000080006144] -> 0x1F13
mem[X,0x0000000080006146] -> 0x00AF
[6230] [M]: 0x0000000080006144 (0x00AF1F13) slli t5, t5, 10
x30 <- 0x5555555555555400
mem[X,0x0000000080006148] -> 0x0F13
mem[X,0x000000008000614A] -> 0x154F
[6231] [M]: 0x0000000080006148 (0x154F0F13) addi t5, t5, 340
x30 <- 0x5555555555555554
mem[X,0x000000008000614C] -> 0xBEB7
mem[X,0x000000008000614E] -> 0xAAAA
[6232] [M]: 0x000000008000614C (0xAAAABEB7) lui t4, 699051
x29 <- 0xFFFFFFFFAAAAB000
mem[X,0x0000000080006150] -> 0x8E93
mem[X,0x0000000080006152] -> 0xAAAE
[6233] [M]: 0x0000000080006150 (0xAAAE8E93) addi t4, t4, 2730
x29 <- 0xFFFFFFFFAAAAAAAA
mem[X,0x0000000080006154] -> 0x9E93
mem[X,0x0000000080006156] -> 0x00BE
[6234] [M]: 0x0000000080006154 (0x00BE9E93) slli t4, t4, 11
x29 <- 0xFFFFFD5555555000
mem[X,0x0000000080006158] -> 0x8E93
mem[X,0x000000008000615A] -> 0x555E
[6235] [M]: 0x0000000080006158 (0x555E8E93) addi t4, t4, 1365
x29 <- 0xFFFFFD5555555555
mem[X,0x000000008000615C] -> 0x9E93
mem[X,0x000000008000615E] -> 0x00BE
[6236] [M]: 0x000000008000615C (0x00BE9E93) slli t4, t4, 11
x29 <- 0xFFEAAAAAAAAAA800
mem[X,0x0000000080006160] -> 0x8E93
mem[X,0x0000000080006162] -> 0x2AAE
[6237] [M]: 0x0000000080006160 (0x2AAE8E93) addi t4, t4, 682
x29 <- 0xFFEAAAAAAAAAAAAA
mem[X,0x0000000080006164] -> 0x9E93
mem[X,0x0000000080006166] -> 0x00AE
[6238] [M]: 0x0000000080006164 (0x00AE9E93) slli t4, t4, 10
x29 <- 0xAAAAAAAAAAAAA800
mem[X,0x0000000080006168] -> 0x8E93
mem[X,0x000000008000616A] -> 0x2AAE
[6239] [M]: 0x0000000080006168 (0x2AAE8E93) addi t4, t4, 682
x29 <- 0xAAAAAAAAAAAAAAAA
mem[X,0x000000008000616C] -> 0x4FB3
mem[X,0x000000008000616E] -> 0x03DF
[6240] [M]: 0x000000008000616C (0x03DF4FB3) div t6, t5, t4
x31 <- 0x0000000000000000
mem[X,0x0000000080006170] -> 0xB823
mem[X,0x0000000080006172] -> 0x3FF6
[6241] [M]: 0x0000000080006170 (0x3FF6B823) sd t6, 1008(a3)
mem[0x000000008000DF70] <- 0x0000000000000000
mem[X,0x0000000080006174] -> 0x5F37
mem[X,0x0000000080006176] -> 0x5555
[6242] [M]: 0x0000000080006174 (0x55555F37) lui t5, 349525
x30 <- 0x0000000055555000
mem[X,0x0000000080006178] -> 0x0F13
mem[X,0x000000008000617A] -> 0x555F
[6243] [M]: 0x0000000080006178 (0x555F0F13) addi t5, t5, 1365
x30 <- 0x0000000055555555
mem[X,0x000000008000617C] -> 0x1F13
mem[X,0x000000008000617E] -> 0x00BF
[6244] [M]: 0x000000008000617C (0x00BF1F13) slli t5, t5, 11
x30 <- 0x000002AAAAAAA800
mem[X,0x0000000080006180] -> 0x0F13
mem[X,0x0000000080006182] -> 0x2AAF
[6245] [M]: 0x0000000080006180 (0x2AAF0F13) addi t5, t5, 682
x30 <- 0x000002AAAAAAAAAA
mem[X,0x0000000080006184] -> 0x1F13
mem[X,0x0000000080006186] -> 0x00BF
[6246] [M]: 0x0000000080006184 (0x00BF1F13) slli t5, t5, 11
x30 <- 0x0015555555555000
mem[X,0x0000000080006188] -> 0x0F13
mem[X,0x000000008000618A] -> 0x555F
[6247] [M]: 0x0000000080006188 (0x555F0F13) addi t5, t5, 1365
x30 <- 0x0015555555555555
mem[X,0x000000008000618C] -> 0x1F13
mem[X,0x000000008000618E] -> 0x00AF
[6248] [M]: 0x000000008000618C (0x00AF1F13) slli t5, t5, 10
x30 <- 0x5555555555555400
mem[X,0x0000000080006190] -> 0x0F13
mem[X,0x0000000080006192] -> 0x154F
[6249] [M]: 0x0000000080006190 (0x154F0F13) addi t5, t5, 340
x30 <- 0x5555555555555554
mem[X,0x0000000080006194] -> 0x0E93
mem[X,0x0000000080006196] -> 0x0050
[6250] [M]: 0x0000000080006194 (0x00500E93) addi t4, zero, 5
x29 <- 0x0000000000000005
mem[X,0x0000000080006198] -> 0x4FB3
mem[X,0x000000008000619A] -> 0x03DF
[6251] [M]: 0x0000000080006198 (0x03DF4FB3) div t6, t5, t4
x31 <- 0x1111111111111110
mem[X,0x000000008000619C] -> 0xBC23
mem[X,0x000000008000619E] -> 0x3FF6
[6252] [M]: 0x000000008000619C (0x3FF6BC23) sd t6, 1016(a3)
mem[0x000000008000DF78] <- 0x1111111111111110
mem[X,0x00000000800061A0] -> 0x5F37
mem[X,0x00000000800061A2] -> 0x5555
[6253] [M]: 0x00000000800061A0 (0x55555F37) lui t5, 349525
x30 <- 0x0000000055555000
mem[X,0x00000000800061A4] -> 0x0F13
mem[X,0x00000000800061A6] -> 0x555F
[6254] [M]: 0x00000000800061A4 (0x555F0F13) addi t5, t5, 1365
x30 <- 0x0000000055555555
mem[X,0x00000000800061A8] -> 0x1F13
mem[X,0x00000000800061AA] -> 0x00BF
[6255] [M]: 0x00000000800061A8 (0x00BF1F13) slli t5, t5, 11
x30 <- 0x000002AAAAAAA800
mem[X,0x00000000800061AC] -> 0x0F13
mem[X,0x00000000800061AE] -> 0x2AAF
[6256] [M]: 0x00000000800061AC (0x2AAF0F13) addi t5, t5, 682
x30 <- 0x000002AAAAAAAAAA
mem[X,0x00000000800061B0] -> 0x1F13
mem[X,0x00000000800061B2] -> 0x00BF
[6257] [M]: 0x00000000800061B0 (0x00BF1F13) slli t5, t5, 11
x30 <- 0x0015555555555000
mem[X,0x00000000800061B4] -> 0x0F13
mem[X,0x00000000800061B6] -> 0x555F
[6258] [M]: 0x00000000800061B4 (0x555F0F13) addi t5, t5, 1365
x30 <- 0x0015555555555555
mem[X,0x00000000800061B8] -> 0x1F13
mem[X,0x00000000800061BA] -> 0x00AF
[6259] [M]: 0x00000000800061B8 (0x00AF1F13) slli t5, t5, 10
x30 <- 0x5555555555555400
mem[X,0x00000000800061BC] -> 0x0F13
mem[X,0x00000000800061BE] -> 0x154F
[6260] [M]: 0x00000000800061BC (0x154F0F13) addi t5, t5, 340
x30 <- 0x5555555555555554
mem[X,0x00000000800061C0] -> 0x3EB7
mem[X,0x00000000800061C2] -> 0x3333
[6261] [M]: 0x00000000800061C0 (0x33333EB7) lui t4, 209715
x29 <- 0x0000000033333000
mem[X,0x00000000800061C4] -> 0x8E93
mem[X,0x00000000800061C6] -> 0x333E
[6262] [M]: 0x00000000800061C4 (0x333E8E93) addi t4, t4, 819
x29 <- 0x0000000033333333
mem[X,0x00000000800061C8] -> 0x9E93
mem[X,0x00000000800061CA] -> 0x00BE
[6263] [M]: 0x00000000800061C8 (0x00BE9E93) slli t4, t4, 11
x29 <- 0x0000019999999800
mem[X,0x00000000800061CC] -> 0x8E93
mem[X,0x00000000800061CE] -> 0x199E
[6264] [M]: 0x00000000800061CC (0x199E8E93) addi t4, t4, 409
x29 <- 0x0000019999999999
mem[X,0x00000000800061D0] -> 0x9E93
mem[X,0x00000000800061D2] -> 0x00BE
[6265] [M]: 0x00000000800061D0 (0x00BE9E93) slli t4, t4, 11
x29 <- 0x000CCCCCCCCCC800
mem[X,0x00000000800061D4] -> 0x8E93
mem[X,0x00000000800061D6] -> 0x4CCE
[6266] [M]: 0x00000000800061D4 (0x4CCE8E93) addi t4, t4, 1228
x29 <- 0x000CCCCCCCCCCCCC
mem[X,0x00000000800061D8] -> 0x9E93
mem[X,0x00000000800061DA] -> 0x00AE
[6267] [M]: 0x00000000800061D8 (0x00AE9E93) slli t4, t4, 10
x29 <- 0x3333333333333000
mem[X,0x00000000800061DC] -> 0x8E93
mem[X,0x00000000800061DE] -> 0x333E
[6268] [M]: 0x00000000800061DC (0x333E8E93) addi t4, t4, 819
x29 <- 0x3333333333333333
mem[X,0x00000000800061E0] -> 0x4FB3
mem[X,0x00000000800061E2] -> 0x03DF
[6269] [M]: 0x00000000800061E0 (0x03DF4FB3) div t6, t5, t4
x31 <- 0x0000000000000001
mem[X,0x00000000800061E4] -> 0xB023
mem[X,0x00000000800061E6] -> 0x41F6
[6270] [M]: 0x00000000800061E4 (0x41F6B023) sd t6, 1024(a3)
mem[0x000000008000DF80] <- 0x0000000000000001
mem[X,0x00000000800061E8] -> 0x5F37
mem[X,0x00000000800061EA] -> 0x5555
[6271] [M]: 0x00000000800061E8 (0x55555F37) lui t5, 349525
x30 <- 0x0000000055555000
mem[X,0x00000000800061EC] -> 0x0F13
mem[X,0x00000000800061EE] -> 0x555F
[6272] [M]: 0x00000000800061EC (0x555F0F13) addi t5, t5, 1365
x30 <- 0x0000000055555555
mem[X,0x00000000800061F0] -> 0x1F13
mem[X,0x00000000800061F2] -> 0x00BF
[6273] [M]: 0x00000000800061F0 (0x00BF1F13) slli t5, t5, 11
x30 <- 0x000002AAAAAAA800
mem[X,0x00000000800061F4] -> 0x0F13
mem[X,0x00000000800061F6] -> 0x2AAF
[6274] [M]: 0x00000000800061F4 (0x2AAF0F13) addi t5, t5, 682
x30 <- 0x000002AAAAAAAAAA
mem[X,0x00000000800061F8] -> 0x1F13
mem[X,0x00000000800061FA] -> 0x00BF
[6275] [M]: 0x00000000800061F8 (0x00BF1F13) slli t5, t5, 11
x30 <- 0x0015555555555000
mem[X,0x00000000800061FC] -> 0x0F13
mem[X,0x00000000800061FE] -> 0x555F
[6276] [M]: 0x00000000800061FC (0x555F0F13) addi t5, t5, 1365
x30 <- 0x0015555555555555
mem[X,0x0000000080006200] -> 0x1F13
mem[X,0x0000000080006202] -> 0x00AF
[6277] [M]: 0x0000000080006200 (0x00AF1F13) slli t5, t5, 10
x30 <- 0x5555555555555400
mem[X,0x0000000080006204] -> 0x0F13
mem[X,0x0000000080006206] -> 0x154F
[6278] [M]: 0x0000000080006204 (0x154F0F13) addi t5, t5, 340
x30 <- 0x5555555555555554
mem[X,0x0000000080006208] -> 0x6EB7
mem[X,0x000000008000620A] -> 0x6666
[6279] [M]: 0x0000000080006208 (0x66666EB7) lui t4, 419430
x29 <- 0x0000000066666000
mem[X,0x000000008000620C] -> 0x8E93
mem[X,0x000000008000620E] -> 0x666E
[6280] [M]: 0x000000008000620C (0x666E8E93) addi t4, t4, 1638
x29 <- 0x0000000066666666
mem[X,0x0000000080006210] -> 0x9E93
mem[X,0x0000000080006212] -> 0x00BE
[6281] [M]: 0x0000000080006210 (0x00BE9E93) slli t4, t4, 11
x29 <- 0x0000033333333000
mem[X,0x0000000080006214] -> 0x8E93
mem[X,0x0000000080006216] -> 0x333E
[6282] [M]: 0x0000000080006214 (0x333E8E93) addi t4, t4, 819
x29 <- 0x0000033333333333
mem[X,0x0000000080006218] -> 0x9E93
mem[X,0x000000008000621A] -> 0x00BE
[6283] [M]: 0x0000000080006218 (0x00BE9E93) slli t4, t4, 11
x29 <- 0x0019999999999800
mem[X,0x000000008000621C] -> 0x8E93
mem[X,0x000000008000621E] -> 0x199E
[6284] [M]: 0x000000008000621C (0x199E8E93) addi t4, t4, 409
x29 <- 0x0019999999999999
mem[X,0x0000000080006220] -> 0x9E93
mem[X,0x0000000080006222] -> 0x00AE
[6285] [M]: 0x0000000080006220 (0x00AE9E93) slli t4, t4, 10
x29 <- 0x6666666666666400
mem[X,0x0000000080006224] -> 0x8E93
mem[X,0x0000000080006226] -> 0x266E
[6286] [M]: 0x0000000080006224 (0x266E8E93) addi t4, t4, 614
x29 <- 0x6666666666666666
mem[X,0x0000000080006228] -> 0x4FB3
mem[X,0x000000008000622A] -> 0x03DF
[6287] [M]: 0x0000000080006228 (0x03DF4FB3) div t6, t5, t4
x31 <- 0x0000000000000000
mem[X,0x000000008000622C] -> 0xB423
mem[X,0x000000008000622E] -> 0x41F6
[6288] [M]: 0x000000008000622C (0x41F6B423) sd t6, 1032(a3)
mem[0x000000008000DF88] <- 0x0000000000000000
mem[X,0x0000000080006230] -> 0x5F37
mem[X,0x0000000080006232] -> 0x5555
[6289] [M]: 0x0000000080006230 (0x55555F37) lui t5, 349525
x30 <- 0x0000000055555000
mem[X,0x0000000080006234] -> 0x0F13
mem[X,0x0000000080006236] -> 0x555F
[6290] [M]: 0x0000000080006234 (0x555F0F13) addi t5, t5, 1365
x30 <- 0x0000000055555555
mem[X,0x0000000080006238] -> 0x1F13
mem[X,0x000000008000623A] -> 0x00BF
[6291] [M]: 0x0000000080006238 (0x00BF1F13) slli t5, t5, 11
x30 <- 0x000002AAAAAAA800
mem[X,0x000000008000623C] -> 0x0F13
mem[X,0x000000008000623E] -> 0x2AAF
[6292] [M]: 0x000000008000623C (0x2AAF0F13) addi t5, t5, 682
x30 <- 0x000002AAAAAAAAAA
mem[X,0x0000000080006240] -> 0x1F13
mem[X,0x0000000080006242] -> 0x00BF
[6293] [M]: 0x0000000080006240 (0x00BF1F13) slli t5, t5, 11
x30 <- 0x0015555555555000
mem[X,0x0000000080006244] -> 0x0F13
mem[X,0x0000000080006246] -> 0x555F
[6294] [M]: 0x0000000080006244 (0x555F0F13) addi t5, t5, 1365
x30 <- 0x0015555555555555
mem[X,0x0000000080006248] -> 0x1F13
mem[X,0x000000008000624A] -> 0x00AF
[6295] [M]: 0x0000000080006248 (0x00AF1F13) slli t5, t5, 10
x30 <- 0x5555555555555400
mem[X,0x000000008000624C] -> 0x0F13
mem[X,0x000000008000624E] -> 0x154F
[6296] [M]: 0x000000008000624C (0x154F0F13) addi t5, t5, 340
x30 <- 0x5555555555555554
mem[X,0x0000000080006250] -> 0x0EB7
mem[X,0x0000000080006252] -> 0x0000
[6297] [M]: 0x0000000080006250 (0x00000EB7) lui t4, 0
x29 <- 0x0000000000000000
mem[X,0x0000000080006254] -> 0x8E93
mem[X,0x0000000080006256] -> 0xFFFE
[6298] [M]: 0x0000000080006254 (0xFFFE8E93) addi t4, t4, 4095
x29 <- 0xFFFFFFFFFFFFFFFF
mem[X,0x0000000080006258] -> 0x9E93
mem[X,0x000000008000625A] -> 0x00BE
[6299] [M]: 0x0000000080006258 (0x00BE9E93) slli t4, t4, 11
x29 <- 0xFFFFFFFFFFFFF800
clint::tick mtime <- 0x000000000000003F
 clint timer pending at mtime 0x000000000000003F
htif::tick 0x0000000000000000
mem[X,0x000000008000625C] -> 0x8E93
mem[X,0x000000008000625E] -> 0x257E
[6300] [M]: 0x000000008000625C (0x257E8E93) addi t4, t4, 599
x29 <- 0xFFFFFFFFFFFFFA57
mem[X,0x0000000080006260] -> 0x9E93
mem[X,0x0000000080006262] -> 0x00BE
[6301] [M]: 0x0000000080006260 (0x00BE9E93) slli t4, t4, 11
x29 <- 0xFFFFFFFFFFD2B800
mem[X,0x0000000080006264] -> 0x8E93
mem[X,0x0000000080006266] -> 0x6C3E
[6302] [M]: 0x0000000080006264 (0x6C3E8E93) addi t4, t4, 1731
x29 <- 0xFFFFFFFFFFD2BEC3
mem[X,0x0000000080006268] -> 0x9E93
mem[X,0x000000008000626A] -> 0x00AE
[6303] [M]: 0x0000000080006268 (0x00AE9E93) slli t4, t4, 10
x29 <- 0xFFFFFFFF4AFB0C00
mem[X,0x000000008000626C] -> 0x8E93
mem[X,0x000000008000626E] -> 0x0CDE
[6304] [M]: 0x000000008000626C (0x0CDE8E93) addi t4, t4, 205
x29 <- 0xFFFFFFFF4AFB0CCD
mem[X,0x0000000080006270] -> 0x4FB3
mem[X,0x0000000080006272] -> 0x03DF
[6305] [M]: 0x0000000080006270 (0x03DF4FB3) div t6, t5, t4
x31 <- 0xFFFFFFFF87520888
mem[X,0x0000000080006274] -> 0xB823
mem[X,0x0000000080006276] -> 0x41F6
[6306] [M]: 0x0000000080006274 (0x41F6B823) sd t6, 1040(a3)
mem[0x000000008000DF90] <- 0xFFFFFFFF87520888
mem[X,0x0000000080006278] -> 0x5F37
mem[X,0x000000008000627A] -> 0x5555
[6307] [M]: 0x0000000080006278 (0x55555F37) lui t5, 349525
x30 <- 0x0000000055555000
mem[X,0x000000008000627C] -> 0x0F13
mem[X,0x000000008000627E] -> 0x555F
[6308] [M]: 0x000000008000627C (0x555F0F13) addi t5, t5, 1365
x30 <- 0x0000000055555555
mem[X,0x0000000080006280] -> 0x1F13
mem[X,0x0000000080006282] -> 0x00BF
[6309] [M]: 0x0000000080006280 (0x00BF1F13) slli t5, t5, 11
x30 <- 0x000002AAAAAAA800
mem[X,0x0000000080006284] -> 0x0F13
mem[X,0x0000000080006286] -> 0x2AAF
[6310] [M]: 0x0000000080006284 (0x2AAF0F13) addi t5, t5, 682
x30 <- 0x000002AAAAAAAAAA
mem[X,0x0000000080006288] -> 0x1F13
mem[X,0x000000008000628A] -> 0x00BF
[6311] [M]: 0x0000000080006288 (0x00BF1F13) slli t5, t5, 11
x30 <- 0x0015555555555000
mem[X,0x000000008000628C] -> 0x0F13
mem[X,0x000000008000628E] -> 0x555F
[6312] [M]: 0x000000008000628C (0x555F0F13) addi t5, t5, 1365
x30 <- 0x0015555555555555
mem[X,0x0000000080006290] -> 0x1F13
mem[X,0x0000000080006292] -> 0x00AF
[6313] [M]: 0x0000000080006290 (0x00AF1F13) slli t5, t5, 10
x30 <- 0x5555555555555400
mem[X,0x0000000080006294] -> 0x0F13
mem[X,0x0000000080006296] -> 0x154F
[6314] [M]: 0x0000000080006294 (0x154F0F13) addi t5, t5, 340
x30 <- 0x5555555555555554
mem[X,0x0000000080006298] -> 0x0EB7
mem[X,0x000000008000629A] -> 0x0000
[6315] [M]: 0x0000000080006298 (0x00000EB7) lui t4, 0
x29 <- 0x0000000000000000
mem[X,0x000000008000629C] -> 0x8E93
mem[X,0x000000008000629E] -> 0x000E
[6316] [M]: 0x000000008000629C (0x000E8E93) addi t4, t4, 0
x29 <- 0x0000000000000000
mem[X,0x00000000800062A0] -> 0x9E93
mem[X,0x00000000800062A2] -> 0x00BE
[6317] [M]: 0x00000000800062A0 (0x00BE9E93) slli t4, t4, 11
x29 <- 0x0000000000000000
mem[X,0x00000000800062A4] -> 0x8E93
mem[X,0x00000000800062A6] -> 0x5A8E
[6318] [M]: 0x00000000800062A4 (0x5A8E8E93) addi t4, t4, 1448
x29 <- 0x00000000000005A8
mem[X,0x00000000800062A8] -> 0x9E93
mem[X,0x00000000800062AA] -> 0x00BE
[6319] [M]: 0x00000000800062A8 (0x00BE9E93) slli t4, t4, 11
x29 <- 0x00000000002D4000
mem[X,0x00000000800062AC] -> 0x8E93
mem[X,0x00000000800062AE] -> 0x13CE
[6320] [M]: 0x00000000800062AC (0x13CE8E93) addi t4, t4, 316
x29 <- 0x00000000002D413C
mem[X,0x00000000800062B0] -> 0x9E93
mem[X,0x00000000800062B2] -> 0x00AE
[6321] [M]: 0x00000000800062B0 (0x00AE9E93) slli t4, t4, 10
x29 <- 0x00000000B504F000
mem[X,0x00000000800062B4] -> 0x8E93
mem[X,0x00000000800062B6] -> 0x333E
[6322] [M]: 0x00000000800062B4 (0x333E8E93) addi t4, t4, 819
x29 <- 0x00000000B504F333
mem[X,0x00000000800062B8] -> 0x4FB3
mem[X,0x00000000800062BA] -> 0x03DF
[6323] [M]: 0x00000000800062B8 (0x03DF4FB3) div t6, t5, t4
x31 <- 0x0000000078ADF778
mem[X,0x00000000800062BC] -> 0xBC23
mem[X,0x00000000800062BE] -> 0x41F6
[6324] [M]: 0x00000000800062BC (0x41F6BC23) sd t6, 1048(a3)
mem[0x000000008000DF98] <- 0x0000000078ADF778
mem[X,0x00000000800062C0] -> 0x5F37
mem[X,0x00000000800062C2] -> 0x5555
[6325] [M]: 0x00000000800062C0 (0x55555F37) lui t5, 349525
x30 <- 0x0000000055555000
mem[X,0x00000000800062C4] -> 0x0F13
mem[X,0x00000000800062C6] -> 0x555F
[6326] [M]: 0x00000000800062C4 (0x555F0F13) addi t5, t5, 1365
x30 <- 0x0000000055555555
mem[X,0x00000000800062C8] -> 0x1F13
mem[X,0x00000000800062CA] -> 0x00BF
[6327] [M]: 0x00000000800062C8 (0x00BF1F13) slli t5, t5, 11
x30 <- 0x000002AAAAAAA800
mem[X,0x00000000800062CC] -> 0x0F13
mem[X,0x00000000800062CE] -> 0x2AAF
[6328] [M]: 0x00000000800062CC (0x2AAF0F13) addi t5, t5, 682
x30 <- 0x000002AAAAAAAAAA
mem[X,0x00000000800062D0] -> 0x1F13
mem[X,0x00000000800062D2] -> 0x00BF
[6329] [M]: 0x00000000800062D0 (0x00BF1F13) slli t5, t5, 11
x30 <- 0x0015555555555000
mem[X,0x00000000800062D4] -> 0x0F13
mem[X,0x00000000800062D6] -> 0x555F
[6330] [M]: 0x00000000800062D4 (0x555F0F13) addi t5, t5, 1365
x30 <- 0x0015555555555555
mem[X,0x00000000800062D8] -> 0x1F13
mem[X,0x00000000800062DA] -> 0x00AF
[6331] [M]: 0x00000000800062D8 (0x00AF1F13) slli t5, t5, 10
x30 <- 0x5555555555555400
mem[X,0x00000000800062DC] -> 0x0F13
mem[X,0x00000000800062DE] -> 0x154F
[6332] [M]: 0x00000000800062DC (0x154F0F13) addi t5, t5, 340
x30 <- 0x5555555555555554
mem[X,0x00000000800062E0] -> 0x0E93
mem[X,0x00000000800062E2] -> 0x0020
[6333] [M]: 0x00000000800062E0 (0x00200E93) addi t4, zero, 2
x29 <- 0x0000000000000002
mem[X,0x00000000800062E4] -> 0x4FB3
mem[X,0x00000000800062E6] -> 0x03DF
[6334] [M]: 0x00000000800062E4 (0x03DF4FB3) div t6, t5, t4
x31 <- 0x2AAAAAAAAAAAAAAA
mem[X,0x00000000800062E8] -> 0xB023
mem[X,0x00000000800062EA] -> 0x43F6
[6335] [M]: 0x00000000800062E8 (0x43F6B023) sd t6, 1056(a3)
mem[0x000000008000DFA0] <- 0x2AAAAAAAAAAAAAAA
mem[X,0x00000000800062EC] -> 0x5F37
mem[X,0x00000000800062EE] -> 0x5555
[6336] [M]: 0x00000000800062EC (0x55555F37) lui t5, 349525
x30 <- 0x0000000055555000
mem[X,0x00000000800062F0] -> 0x0F13
mem[X,0x00000000800062F2] -> 0x555F
[6337] [M]: 0x00000000800062F0 (0x555F0F13) addi t5, t5, 1365
x30 <- 0x0000000055555555
mem[X,0x00000000800062F4] -> 0x1F13
mem[X,0x00000000800062F6] -> 0x00BF
[6338] [M]: 0x00000000800062F4 (0x00BF1F13) slli t5, t5, 11
x30 <- 0x000002AAAAAAA800
mem[X,0x00000000800062F8] -> 0x0F13
mem[X,0x00000000800062FA] -> 0x2AAF
[6339] [M]: 0x00000000800062F8 (0x2AAF0F13) addi t5, t5, 682
x30 <- 0x000002AAAAAAAAAA
mem[X,0x00000000800062FC] -> 0x1F13
mem[X,0x00000000800062FE] -> 0x00BF
[6340] [M]: 0x00000000800062FC (0x00BF1F13) slli t5, t5, 11
x30 <- 0x0015555555555000
mem[X,0x0000000080006300] -> 0x0F13
mem[X,0x0000000080006302] -> 0x555F
[6341] [M]: 0x0000000080006300 (0x555F0F13) addi t5, t5, 1365
x30 <- 0x0015555555555555
mem[X,0x0000000080006304] -> 0x1F13
mem[X,0x0000000080006306] -> 0x00AF
[6342] [M]: 0x0000000080006304 (0x00AF1F13) slli t5, t5, 10
x30 <- 0x5555555555555400
mem[X,0x0000000080006308] -> 0x0F13
mem[X,0x000000008000630A] -> 0x154F
[6343] [M]: 0x0000000080006308 (0x154F0F13) addi t5, t5, 340
x30 <- 0x5555555555555554
mem[X,0x000000008000630C] -> 0x5EB7
mem[X,0x000000008000630E] -> 0x5555
[6344] [M]: 0x000000008000630C (0x55555EB7) lui t4, 349525
x29 <- 0x0000000055555000
mem[X,0x0000000080006310] -> 0x8E93
mem[X,0x0000000080006312] -> 0x555E
[6345] [M]: 0x0000000080006310 (0x555E8E93) addi t4, t4, 1365
x29 <- 0x0000000055555555
mem[X,0x0000000080006314] -> 0x9E93
mem[X,0x0000000080006316] -> 0x00BE
[6346] [M]: 0x0000000080006314 (0x00BE9E93) slli t4, t4, 11
x29 <- 0x000002AAAAAAA800
mem[X,0x0000000080006318] -> 0x8E93
mem[X,0x000000008000631A] -> 0x2AAE
[6347] [M]: 0x0000000080006318 (0x2AAE8E93) addi t4, t4, 682
x29 <- 0x000002AAAAAAAAAA
mem[X,0x000000008000631C] -> 0x9E93
mem[X,0x000000008000631E] -> 0x00BE
[6348] [M]: 0x000000008000631C (0x00BE9E93) slli t4, t4, 11
x29 <- 0x0015555555555000
mem[X,0x0000000080006320] -> 0x8E93
mem[X,0x0000000080006322] -> 0x555E
[6349] [M]: 0x0000000080006320 (0x555E8E93) addi t4, t4, 1365
x29 <- 0x0015555555555555
mem[X,0x0000000080006324] -> 0x9E93
mem[X,0x0000000080006326] -> 0x00AE
[6350] [M]: 0x0000000080006324 (0x00AE9E93) slli t4, t4, 10
x29 <- 0x5555555555555400
mem[X,0x0000000080006328] -> 0x8E93
mem[X,0x000000008000632A] -> 0x154E
[6351] [M]: 0x0000000080006328 (0x154E8E93) addi t4, t4, 340
x29 <- 0x5555555555555554
mem[X,0x000000008000632C] -> 0x4FB3
mem[X,0x000000008000632E] -> 0x03DF
[6352] [M]: 0x000000008000632C (0x03DF4FB3) div t6, t5, t4
x31 <- 0x0000000000000001
mem[X,0x0000000080006330] -> 0xB423
mem[X,0x0000000080006332] -> 0x43F6
[6353] [M]: 0x0000000080006330 (0x43F6B423) sd t6, 1064(a3)
mem[0x000000008000DFA8] <- 0x0000000000000001
mem[X,0x0000000080006334] -> 0x5F37
mem[X,0x0000000080006336] -> 0x5555
[6354] [M]: 0x0000000080006334 (0x55555F37) lui t5, 349525
x30 <- 0x0000000055555000
mem[X,0x0000000080006338] -> 0x0F13
mem[X,0x000000008000633A] -> 0x555F
[6355] [M]: 0x0000000080006338 (0x555F0F13) addi t5, t5, 1365
x30 <- 0x0000000055555555
mem[X,0x000000008000633C] -> 0x1F13
mem[X,0x000000008000633E] -> 0x00BF
[6356] [M]: 0x000000008000633C (0x00BF1F13) slli t5, t5, 11
x30 <- 0x000002AAAAAAA800
mem[X,0x0000000080006340] -> 0x0F13
mem[X,0x0000000080006342] -> 0x2AAF
[6357] [M]: 0x0000000080006340 (0x2AAF0F13) addi t5, t5, 682
x30 <- 0x000002AAAAAAAAAA
mem[X,0x0000000080006344] -> 0x1F13
mem[X,0x0000000080006346] -> 0x00BF
[6358] [M]: 0x0000000080006344 (0x00BF1F13) slli t5, t5, 11
x30 <- 0x0015555555555000
mem[X,0x0000000080006348] -> 0x0F13
mem[X,0x000000008000634A] -> 0x555F
[6359] [M]: 0x0000000080006348 (0x555F0F13) addi t5, t5, 1365
x30 <- 0x0015555555555555
mem[X,0x000000008000634C] -> 0x1F13
mem[X,0x000000008000634E] -> 0x00AF
[6360] [M]: 0x000000008000634C (0x00AF1F13) slli t5, t5, 10
x30 <- 0x5555555555555400
mem[X,0x0000000080006350] -> 0x0F13
mem[X,0x0000000080006352] -> 0x154F
[6361] [M]: 0x0000000080006350 (0x154F0F13) addi t5, t5, 340
x30 <- 0x5555555555555554
mem[X,0x0000000080006354] -> 0x3EB7
mem[X,0x0000000080006356] -> 0x3333
[6362] [M]: 0x0000000080006354 (0x33333EB7) lui t4, 209715
x29 <- 0x0000000033333000
mem[X,0x0000000080006358] -> 0x8E93
mem[X,0x000000008000635A] -> 0x333E
[6363] [M]: 0x0000000080006358 (0x333E8E93) addi t4, t4, 819
x29 <- 0x0000000033333333
mem[X,0x000000008000635C] -> 0x9E93
mem[X,0x000000008000635E] -> 0x00BE
[6364] [M]: 0x000000008000635C (0x00BE9E93) slli t4, t4, 11
x29 <- 0x0000019999999800
mem[X,0x0000000080006360] -> 0x8E93
mem[X,0x0000000080006362] -> 0x199E
[6365] [M]: 0x0000000080006360 (0x199E8E93) addi t4, t4, 409
x29 <- 0x0000019999999999
mem[X,0x0000000080006364] -> 0x9E93
mem[X,0x0000000080006366] -> 0x00BE
[6366] [M]: 0x0000000080006364 (0x00BE9E93) slli t4, t4, 11
x29 <- 0x000CCCCCCCCCC800
mem[X,0x0000000080006368] -> 0x8E93
mem[X,0x000000008000636A] -> 0x4CCE
[6367] [M]: 0x0000000080006368 (0x4CCE8E93) addi t4, t4, 1228
x29 <- 0x000CCCCCCCCCCCCC
mem[X,0x000000008000636C] -> 0x9E93
mem[X,0x000000008000636E] -> 0x00AE
[6368] [M]: 0x000000008000636C (0x00AE9E93) slli t4, t4, 10
x29 <- 0x3333333333333000
mem[X,0x0000000080006370] -> 0x8E93
mem[X,0x0000000080006372] -> 0x332E
[6369] [M]: 0x0000000080006370 (0x332E8E93) addi t4, t4, 818
x29 <- 0x3333333333333332
mem[X,0x0000000080006374] -> 0x4FB3
mem[X,0x0000000080006376] -> 0x03DF
[6370] [M]: 0x0000000080006374 (0x03DF4FB3) div t6, t5, t4
x31 <- 0x0000000000000001
mem[X,0x0000000080006378] -> 0xB823
mem[X,0x000000008000637A] -> 0x43F6
[6371] [M]: 0x0000000080006378 (0x43F6B823) sd t6, 1072(a3)
mem[0x000000008000DFB0] <- 0x0000000000000001
mem[X,0x000000008000637C] -> 0x5F37
mem[X,0x000000008000637E] -> 0x5555
[6372] [M]: 0x000000008000637C (0x55555F37) lui t5, 349525
x30 <- 0x0000000055555000
mem[X,0x0000000080006380] -> 0x0F13
mem[X,0x0000000080006382] -> 0x555F
[6373] [M]: 0x0000000080006380 (0x555F0F13) addi t5, t5, 1365
x30 <- 0x0000000055555555
mem[X,0x0000000080006384] -> 0x1F13
mem[X,0x0000000080006386] -> 0x00BF
[6374] [M]: 0x0000000080006384 (0x00BF1F13) slli t5, t5, 11
x30 <- 0x000002AAAAAAA800
mem[X,0x0000000080006388] -> 0x0F13
mem[X,0x000000008000638A] -> 0x2AAF
[6375] [M]: 0x0000000080006388 (0x2AAF0F13) addi t5, t5, 682
x30 <- 0x000002AAAAAAAAAA
mem[X,0x000000008000638C] -> 0x1F13
mem[X,0x000000008000638E] -> 0x00BF
[6376] [M]: 0x000000008000638C (0x00BF1F13) slli t5, t5, 11
x30 <- 0x0015555555555000
mem[X,0x0000000080006390] -> 0x0F13
mem[X,0x0000000080006392] -> 0x555F
[6377] [M]: 0x0000000080006390 (0x555F0F13) addi t5, t5, 1365
x30 <- 0x0015555555555555
mem[X,0x0000000080006394] -> 0x1F13
mem[X,0x0000000080006396] -> 0x00AF
[6378] [M]: 0x0000000080006394 (0x00AF1F13) slli t5, t5, 10
x30 <- 0x5555555555555400
mem[X,0x0000000080006398] -> 0x0F13
mem[X,0x000000008000639A] -> 0x154F
[6379] [M]: 0x0000000080006398 (0x154F0F13) addi t5, t5, 340
x30 <- 0x5555555555555554
mem[X,0x000000008000639C] -> 0x6EB7
mem[X,0x000000008000639E] -> 0x6666
[6380] [M]: 0x000000008000639C (0x66666EB7) lui t4, 419430
x29 <- 0x0000000066666000
mem[X,0x00000000800063A0] -> 0x8E93
mem[X,0x00000000800063A2] -> 0x666E
[6381] [M]: 0x00000000800063A0 (0x666E8E93) addi t4, t4, 1638
x29 <- 0x0000000066666666
mem[X,0x00000000800063A4] -> 0x9E93
mem[X,0x00000000800063A6] -> 0x00BE
[6382] [M]: 0x00000000800063A4 (0x00BE9E93) slli t4, t4, 11
x29 <- 0x0000033333333000
mem[X,0x00000000800063A8] -> 0x8E93
mem[X,0x00000000800063AA] -> 0x333E
[6383] [M]: 0x00000000800063A8 (0x333E8E93) addi t4, t4, 819
x29 <- 0x0000033333333333
mem[X,0x00000000800063AC] -> 0x9E93
mem[X,0x00000000800063AE] -> 0x00BE
[6384] [M]: 0x00000000800063AC (0x00BE9E93) slli t4, t4, 11
x29 <- 0x0019999999999800
mem[X,0x00000000800063B0] -> 0x8E93
mem[X,0x00000000800063B2] -> 0x199E
[6385] [M]: 0x00000000800063B0 (0x199E8E93) addi t4, t4, 409
x29 <- 0x0019999999999999
mem[X,0x00000000800063B4] -> 0x9E93
mem[X,0x00000000800063B6] -> 0x00AE
[6386] [M]: 0x00000000800063B4 (0x00AE9E93) slli t4, t4, 10
x29 <- 0x6666666666666400
mem[X,0x00000000800063B8] -> 0x8E93
mem[X,0x00000000800063BA] -> 0x265E
[6387] [M]: 0x00000000800063B8 (0x265E8E93) addi t4, t4, 613
x29 <- 0x6666666666666665
mem[X,0x00000000800063BC] -> 0x4FB3
mem[X,0x00000000800063BE] -> 0x03DF
[6388] [M]: 0x00000000800063BC (0x03DF4FB3) div t6, t5, t4
x31 <- 0x0000000000000000
mem[X,0x00000000800063C0] -> 0xBC23
mem[X,0x00000000800063C2] -> 0x43F6
[6389] [M]: 0x00000000800063C0 (0x43F6BC23) sd t6, 1080(a3)
mem[0x000000008000DFB8] <- 0x0000000000000000
mem[X,0x00000000800063C4] -> 0x5F37
mem[X,0x00000000800063C6] -> 0x5555
[6390] [M]: 0x00000000800063C4 (0x55555F37) lui t5, 349525
x30 <- 0x0000000055555000
mem[X,0x00000000800063C8] -> 0x0F13
mem[X,0x00000000800063CA] -> 0x555F
[6391] [M]: 0x00000000800063C8 (0x555F0F13) addi t5, t5, 1365
x30 <- 0x0000000055555555
mem[X,0x00000000800063CC] -> 0x1F13
mem[X,0x00000000800063CE] -> 0x00BF
[6392] [M]: 0x00000000800063CC (0x00BF1F13) slli t5, t5, 11
x30 <- 0x000002AAAAAAA800
mem[X,0x00000000800063D0] -> 0x0F13
mem[X,0x00000000800063D2] -> 0x2AAF
[6393] [M]: 0x00000000800063D0 (0x2AAF0F13) addi t5, t5, 682
x30 <- 0x000002AAAAAAAAAA
mem[X,0x00000000800063D4] -> 0x1F13
mem[X,0x00000000800063D6] -> 0x00BF
[6394] [M]: 0x00000000800063D4 (0x00BF1F13) slli t5, t5, 11
x30 <- 0x0015555555555000
mem[X,0x00000000800063D8] -> 0x0F13
mem[X,0x00000000800063DA] -> 0x555F
[6395] [M]: 0x00000000800063D8 (0x555F0F13) addi t5, t5, 1365
x30 <- 0x0015555555555555
mem[X,0x00000000800063DC] -> 0x1F13
mem[X,0x00000000800063DE] -> 0x00AF
[6396] [M]: 0x00000000800063DC (0x00AF1F13) slli t5, t5, 10
x30 <- 0x5555555555555400
mem[X,0x00000000800063E0] -> 0x0F13
mem[X,0x00000000800063E2] -> 0x154F
[6397] [M]: 0x00000000800063E0 (0x154F0F13) addi t5, t5, 340
x30 <- 0x5555555555555554
mem[X,0x00000000800063E4] -> 0x0E93
mem[X,0x00000000800063E6] -> 0x0000
[6398] [M]: 0x00000000800063E4 (0x00000E93) addi t4, zero, 0
x29 <- 0x0000000000000000
mem[X,0x00000000800063E8] -> 0x4FB3
mem[X,0x00000000800063EA] -> 0x03DF
[6399] [M]: 0x00000000800063E8 (0x03DF4FB3) div t6, t5, t4
x31 <- 0xFFFFFFFFFFFFFFFF
clint::tick mtime <- 0x0000000000000040
 clint timer pending at mtime 0x0000000000000040
htif::tick 0x0000000000000000
mem[X,0x00000000800063EC] -> 0xB023
mem[X,0x00000000800063EE] -> 0x45F6
[6400] [M]: 0x00000000800063EC (0x45F6B023) sd t6, 1088(a3)
mem[0x000000008000DFC0] <- 0xFFFFFFFFFFFFFFFF
mem[X,0x00000000800063F0] -> 0x5F37
mem[X,0x00000000800063F2] -> 0x5555
[6401] [M]: 0x00000000800063F0 (0x55555F37) lui t5, 349525
x30 <- 0x0000000055555000
mem[X,0x00000000800063F4] -> 0x0F13
mem[X,0x00000000800063F6] -> 0x555F
[6402] [M]: 0x00000000800063F4 (0x555F0F13) addi t5, t5, 1365
x30 <- 0x0000000055555555
mem[X,0x00000000800063F8] -> 0x1F13
mem[X,0x00000000800063FA] -> 0x00BF
[6403] [M]: 0x00000000800063F8 (0x00BF1F13) slli t5, t5, 11
x30 <- 0x000002AAAAAAA800
mem[X,0x00000000800063FC] -> 0x0F13
mem[X,0x00000000800063FE] -> 0x2AAF
[6404] [M]: 0x00000000800063FC (0x2AAF0F13) addi t5, t5, 682
x30 <- 0x000002AAAAAAAAAA
mem[X,0x0000000080006400] -> 0x1F13
mem[X,0x0000000080006402] -> 0x00BF
[6405] [M]: 0x0000000080006400 (0x00BF1F13) slli t5, t5, 11
x30 <- 0x0015555555555000
mem[X,0x0000000080006404] -> 0x0F13
mem[X,0x0000000080006406] -> 0x555F
[6406] [M]: 0x0000000080006404 (0x555F0F13) addi t5, t5, 1365
x30 <- 0x0015555555555555
mem[X,0x0000000080006408] -> 0x1F13
mem[X,0x000000008000640A] -> 0x00AF
[6407] [M]: 0x0000000080006408 (0x00AF1F13) slli t5, t5, 10
x30 <- 0x5555555555555400
mem[X,0x000000008000640C] -> 0x0F13
mem[X,0x000000008000640E] -> 0x154F
[6408] [M]: 0x000000008000640C (0x154F0F13) addi t5, t5, 340
x30 <- 0x5555555555555554
mem[X,0x0000000080006410] -> 0x0EB7
mem[X,0x0000000080006412] -> 0x0000
[6409] [M]: 0x0000000080006410 (0x00000EB7) lui t4, 0
x29 <- 0x0000000000000000
mem[X,0x0000000080006414] -> 0x8E93
mem[X,0x0000000080006416] -> 0x000E
[6410] [M]: 0x0000000080006414 (0x000E8E93) addi t4, t4, 0
x29 <- 0x0000000000000000
mem[X,0x0000000080006418] -> 0x9E93
mem[X,0x000000008000641A] -> 0x00BE
[6411] [M]: 0x0000000080006418 (0x00BE9E93) slli t4, t4, 11
x29 <- 0x0000000000000000
mem[X,0x000000008000641C] -> 0x8E93
mem[X,0x000000008000641E] -> 0x5A8E
[6412] [M]: 0x000000008000641C (0x5A8E8E93) addi t4, t4, 1448
x29 <- 0x00000000000005A8
mem[X,0x0000000080006420] -> 0x9E93
mem[X,0x0000000080006422] -> 0x00BE
[6413] [M]: 0x0000000080006420 (0x00BE9E93) slli t4, t4, 11
x29 <- 0x00000000002D4000
mem[X,0x0000000080006424] -> 0x8E93
mem[X,0x0000000080006426] -> 0x13CE
[6414] [M]: 0x0000000080006424 (0x13CE8E93) addi t4, t4, 316
x29 <- 0x00000000002D413C
mem[X,0x0000000080006428] -> 0x9E93
mem[X,0x000000008000642A] -> 0x00AE
[6415] [M]: 0x0000000080006428 (0x00AE9E93) slli t4, t4, 10
x29 <- 0x00000000B504F000
mem[X,0x000000008000642C] -> 0x8E93
mem[X,0x000000008000642E] -> 0x332E
[6416] [M]: 0x000000008000642C (0x332E8E93) addi t4, t4, 818
x29 <- 0x00000000B504F332
mem[X,0x0000000080006430] -> 0x4FB3
mem[X,0x0000000080006432] -> 0x03DF
[6417] [M]: 0x0000000080006430 (0x03DF4FB3) div t6, t5, t4
x31 <- 0x0000000078ADF779
mem[X,0x0000000080006434] -> 0xB423
mem[X,0x0000000080006436] -> 0x45F6
[6418] [M]: 0x0000000080006434 (0x45F6B423) sd t6, 1096(a3)
mem[0x000000008000DFC8] <- 0x0000000078ADF779
mem[X,0x0000000080006438] -> 0x5F37
mem[X,0x000000008000643A] -> 0x5555
[6419] [M]: 0x0000000080006438 (0x55555F37) lui t5, 349525
x30 <- 0x0000000055555000
mem[X,0x000000008000643C] -> 0x0F13
mem[X,0x000000008000643E] -> 0x555F
[6420] [M]: 0x000000008000643C (0x555F0F13) addi t5, t5, 1365
x30 <- 0x0000000055555555
mem[X,0x0000000080006440] -> 0x1F13
mem[X,0x0000000080006442] -> 0x00BF
[6421] [M]: 0x0000000080006440 (0x00BF1F13) slli t5, t5, 11
x30 <- 0x000002AAAAAAA800
mem[X,0x0000000080006444] -> 0x0F13
mem[X,0x0000000080006446] -> 0x2AAF
[6422] [M]: 0x0000000080006444 (0x2AAF0F13) addi t5, t5, 682
x30 <- 0x000002AAAAAAAAAA
mem[X,0x0000000080006448] -> 0x1F13
mem[X,0x000000008000644A] -> 0x00BF
[6423] [M]: 0x0000000080006448 (0x00BF1F13) slli t5, t5, 11
x30 <- 0x0015555555555000
mem[X,0x000000008000644C] -> 0x0F13
mem[X,0x000000008000644E] -> 0x555F
[6424] [M]: 0x000000008000644C (0x555F0F13) addi t5, t5, 1365
x30 <- 0x0015555555555555
mem[X,0x0000000080006450] -> 0x1F13
mem[X,0x0000000080006452] -> 0x00AF
[6425] [M]: 0x0000000080006450 (0x00AF1F13) slli t5, t5, 10
x30 <- 0x5555555555555400
mem[X,0x0000000080006454] -> 0x0F13
mem[X,0x0000000080006456] -> 0x154F
[6426] [M]: 0x0000000080006454 (0x154F0F13) addi t5, t5, 340
x30 <- 0x5555555555555554
mem[X,0x0000000080006458] -> 0x0E93
mem[X,0x000000008000645A] -> 0x0040
[6427] [M]: 0x0000000080006458 (0x00400E93) addi t4, zero, 4
x29 <- 0x0000000000000004
mem[X,0x000000008000645C] -> 0x4FB3
mem[X,0x000000008000645E] -> 0x03DF
[6428] [M]: 0x000000008000645C (0x03DF4FB3) div t6, t5, t4
x31 <- 0x1555555555555555
mem[X,0x0000000080006460] -> 0xB823
mem[X,0x0000000080006462] -> 0x45F6
[6429] [M]: 0x0000000080006460 (0x45F6B823) sd t6, 1104(a3)
mem[0x000000008000DFD0] <- 0x1555555555555555
mem[X,0x0000000080006464] -> 0x5F37
mem[X,0x0000000080006466] -> 0x5555
[6430] [M]: 0x0000000080006464 (0x55555F37) lui t5, 349525
x30 <- 0x0000000055555000
mem[X,0x0000000080006468] -> 0x0F13
mem[X,0x000000008000646A] -> 0x555F
[6431] [M]: 0x0000000080006468 (0x555F0F13) addi t5, t5, 1365
x30 <- 0x0000000055555555
mem[X,0x000000008000646C] -> 0x1F13
mem[X,0x000000008000646E] -> 0x00BF
[6432] [M]: 0x000000008000646C (0x00BF1F13) slli t5, t5, 11
x30 <- 0x000002AAAAAAA800
mem[X,0x0000000080006470] -> 0x0F13
mem[X,0x0000000080006472] -> 0x2AAF
[6433] [M]: 0x0000000080006470 (0x2AAF0F13) addi t5, t5, 682
x30 <- 0x000002AAAAAAAAAA
mem[X,0x0000000080006474] -> 0x1F13
mem[X,0x0000000080006476] -> 0x00BF
[6434] [M]: 0x0000000080006474 (0x00BF1F13) slli t5, t5, 11
x30 <- 0x0015555555555000
mem[X,0x0000000080006478] -> 0x0F13
mem[X,0x000000008000647A] -> 0x555F
[6435] [M]: 0x0000000080006478 (0x555F0F13) addi t5, t5, 1365
x30 <- 0x0015555555555555
mem[X,0x000000008000647C] -> 0x1F13
mem[X,0x000000008000647E] -> 0x00AF
[6436] [M]: 0x000000008000647C (0x00AF1F13) slli t5, t5, 10
x30 <- 0x5555555555555400
mem[X,0x0000000080006480] -> 0x0F13
mem[X,0x0000000080006482] -> 0x154F
[6437] [M]: 0x0000000080006480 (0x154F0F13) addi t5, t5, 340
x30 <- 0x5555555555555554
mem[X,0x0000000080006484] -> 0x5EB7
mem[X,0x0000000080006486] -> 0x5555
[6438] [M]: 0x0000000080006484 (0x55555EB7) lui t4, 349525
x29 <- 0x0000000055555000
mem[X,0x0000000080006488] -> 0x8E93
mem[X,0x000000008000648A] -> 0x555E
[6439] [M]: 0x0000000080006488 (0x555E8E93) addi t4, t4, 1365
x29 <- 0x0000000055555555
mem[X,0x000000008000648C] -> 0x9E93
mem[X,0x000000008000648E] -> 0x00BE
[6440] [M]: 0x000000008000648C (0x00BE9E93) slli t4, t4, 11
x29 <- 0x000002AAAAAAA800
mem[X,0x0000000080006490] -> 0x8E93
mem[X,0x0000000080006492] -> 0x2AAE
[6441] [M]: 0x0000000080006490 (0x2AAE8E93) addi t4, t4, 682
x29 <- 0x000002AAAAAAAAAA
mem[X,0x0000000080006494] -> 0x9E93
mem[X,0x0000000080006496] -> 0x00BE
[6442] [M]: 0x0000000080006494 (0x00BE9E93) slli t4, t4, 11
x29 <- 0x0015555555555000
mem[X,0x0000000080006498] -> 0x8E93
mem[X,0x000000008000649A] -> 0x555E
[6443] [M]: 0x0000000080006498 (0x555E8E93) addi t4, t4, 1365
x29 <- 0x0015555555555555
mem[X,0x000000008000649C] -> 0x9E93
mem[X,0x000000008000649E] -> 0x00AE
[6444] [M]: 0x000000008000649C (0x00AE9E93) slli t4, t4, 10
x29 <- 0x5555555555555400
mem[X,0x00000000800064A0] -> 0x8E93
mem[X,0x00000000800064A2] -> 0x156E
[6445] [M]: 0x00000000800064A0 (0x156E8E93) addi t4, t4, 342
x29 <- 0x5555555555555556
mem[X,0x00000000800064A4] -> 0x4FB3
mem[X,0x00000000800064A6] -> 0x03DF
[6446] [M]: 0x00000000800064A4 (0x03DF4FB3) div t6, t5, t4
x31 <- 0x0000000000000000
mem[X,0x00000000800064A8] -> 0xBC23
mem[X,0x00000000800064AA] -> 0x45F6
[6447] [M]: 0x00000000800064A8 (0x45F6BC23) sd t6, 1112(a3)
mem[0x000000008000DFD8] <- 0x0000000000000000
mem[X,0x00000000800064AC] -> 0x5F37
mem[X,0x00000000800064AE] -> 0x5555
[6448] [M]: 0x00000000800064AC (0x55555F37) lui t5, 349525
x30 <- 0x0000000055555000
mem[X,0x00000000800064B0] -> 0x0F13
mem[X,0x00000000800064B2] -> 0x555F
[6449] [M]: 0x00000000800064B0 (0x555F0F13) addi t5, t5, 1365
x30 <- 0x0000000055555555
mem[X,0x00000000800064B4] -> 0x1F13
mem[X,0x00000000800064B6] -> 0x00BF
[6450] [M]: 0x00000000800064B4 (0x00BF1F13) slli t5, t5, 11
x30 <- 0x000002AAAAAAA800
mem[X,0x00000000800064B8] -> 0x0F13
mem[X,0x00000000800064BA] -> 0x2AAF
[6451] [M]: 0x00000000800064B8 (0x2AAF0F13) addi t5, t5, 682
x30 <- 0x000002AAAAAAAAAA
mem[X,0x00000000800064BC] -> 0x1F13
mem[X,0x00000000800064BE] -> 0x00BF
[6452] [M]: 0x00000000800064BC (0x00BF1F13) slli t5, t5, 11
x30 <- 0x0015555555555000
mem[X,0x00000000800064C0] -> 0x0F13
mem[X,0x00000000800064C2] -> 0x555F
[6453] [M]: 0x00000000800064C0 (0x555F0F13) addi t5, t5, 1365
x30 <- 0x0015555555555555
mem[X,0x00000000800064C4] -> 0x1F13
mem[X,0x00000000800064C6] -> 0x00AF
[6454] [M]: 0x00000000800064C4 (0x00AF1F13) slli t5, t5, 10
x30 <- 0x5555555555555400
mem[X,0x00000000800064C8] -> 0x0F13
mem[X,0x00000000800064CA] -> 0x154F
[6455] [M]: 0x00000000800064C8 (0x154F0F13) addi t5, t5, 340
x30 <- 0x5555555555555554
mem[X,0x00000000800064CC] -> 0xBEB7
mem[X,0x00000000800064CE] -> 0xAAAA
[6456] [M]: 0x00000000800064CC (0xAAAABEB7) lui t4, 699051
x29 <- 0xFFFFFFFFAAAAB000
mem[X,0x00000000800064D0] -> 0x8E93
mem[X,0x00000000800064D2] -> 0xAAAE
[6457] [M]: 0x00000000800064D0 (0xAAAE8E93) addi t4, t4, 2730
x29 <- 0xFFFFFFFFAAAAAAAA
mem[X,0x00000000800064D4] -> 0x9E93
mem[X,0x00000000800064D6] -> 0x00BE
[6458] [M]: 0x00000000800064D4 (0x00BE9E93) slli t4, t4, 11
x29 <- 0xFFFFFD5555555000
mem[X,0x00000000800064D8] -> 0x8E93
mem[X,0x00000000800064DA] -> 0x555E
[6459] [M]: 0x00000000800064D8 (0x555E8E93) addi t4, t4, 1365
x29 <- 0xFFFFFD5555555555
mem[X,0x00000000800064DC] -> 0x9E93
mem[X,0x00000000800064DE] -> 0x00BE
[6460] [M]: 0x00000000800064DC (0x00BE9E93) slli t4, t4, 11
x29 <- 0xFFEAAAAAAAAAA800
mem[X,0x00000000800064E0] -> 0x8E93
mem[X,0x00000000800064E2] -> 0x2AAE
[6461] [M]: 0x00000000800064E0 (0x2AAE8E93) addi t4, t4, 682
x29 <- 0xFFEAAAAAAAAAAAAA
mem[X,0x00000000800064E4] -> 0x9E93
mem[X,0x00000000800064E6] -> 0x00AE
[6462] [M]: 0x00000000800064E4 (0x00AE9E93) slli t4, t4, 10
x29 <- 0xAAAAAAAAAAAAA800
mem[X,0x00000000800064E8] -> 0x8E93
mem[X,0x00000000800064EA] -> 0x2ABE
[6463] [M]: 0x00000000800064E8 (0x2ABE8E93) addi t4, t4, 683
x29 <- 0xAAAAAAAAAAAAAAAB
mem[X,0x00000000800064EC] -> 0x4FB3
mem[X,0x00000000800064EE] -> 0x03DF
[6464] [M]: 0x00000000800064EC (0x03DF4FB3) div t6, t5, t4
x31 <- 0x0000000000000000
mem[X,0x00000000800064F0] -> 0xB023
mem[X,0x00000000800064F2] -> 0x47F6
[6465] [M]: 0x00000000800064F0 (0x47F6B023) sd t6, 1120(a3)
mem[0x000000008000DFE0] <- 0x0000000000000000
mem[X,0x00000000800064F4] -> 0x5F37
mem[X,0x00000000800064F6] -> 0x5555
[6466] [M]: 0x00000000800064F4 (0x55555F37) lui t5, 349525
x30 <- 0x0000000055555000
mem[X,0x00000000800064F8] -> 0x0F13
mem[X,0x00000000800064FA] -> 0x555F
[6467] [M]: 0x00000000800064F8 (0x555F0F13) addi t5, t5, 1365
x30 <- 0x0000000055555555
mem[X,0x00000000800064FC] -> 0x1F13
mem[X,0x00000000800064FE] -> 0x00BF
[6468] [M]: 0x00000000800064FC (0x00BF1F13) slli t5, t5, 11
x30 <- 0x000002AAAAAAA800
mem[X,0x0000000080006500] -> 0x0F13
mem[X,0x0000000080006502] -> 0x2AAF
[6469] [M]: 0x0000000080006500 (0x2AAF0F13) addi t5, t5, 682
x30 <- 0x000002AAAAAAAAAA
mem[X,0x0000000080006504] -> 0x1F13
mem[X,0x0000000080006506] -> 0x00BF
[6470] [M]: 0x0000000080006504 (0x00BF1F13) slli t5, t5, 11
x30 <- 0x0015555555555000
mem[X,0x0000000080006508] -> 0x0F13
mem[X,0x000000008000650A] -> 0x555F
[6471] [M]: 0x0000000080006508 (0x555F0F13) addi t5, t5, 1365
x30 <- 0x0015555555555555
mem[X,0x000000008000650C] -> 0x1F13
mem[X,0x000000008000650E] -> 0x00AF
[6472] [M]: 0x000000008000650C (0x00AF1F13) slli t5, t5, 10
x30 <- 0x5555555555555400
mem[X,0x0000000080006510] -> 0x0F13
mem[X,0x0000000080006512] -> 0x154F
[6473] [M]: 0x0000000080006510 (0x154F0F13) addi t5, t5, 340
x30 <- 0x5555555555555554
mem[X,0x0000000080006514] -> 0x0E93
mem[X,0x0000000080006516] -> 0x0060
[6474] [M]: 0x0000000080006514 (0x00600E93) addi t4, zero, 6
x29 <- 0x0000000000000006
mem[X,0x0000000080006518] -> 0x4FB3
mem[X,0x000000008000651A] -> 0x03DF
[6475] [M]: 0x0000000080006518 (0x03DF4FB3) div t6, t5, t4
x31 <- 0x0E38E38E38E38E38
mem[X,0x000000008000651C] -> 0xB423
mem[X,0x000000008000651E] -> 0x47F6
[6476] [M]: 0x000000008000651C (0x47F6B423) sd t6, 1128(a3)
mem[0x000000008000DFE8] <- 0x0E38E38E38E38E38
mem[X,0x0000000080006520] -> 0x5F37
mem[X,0x0000000080006522] -> 0x5555
[6477] [M]: 0x0000000080006520 (0x55555F37) lui t5, 349525
x30 <- 0x0000000055555000
mem[X,0x0000000080006524] -> 0x0F13
mem[X,0x0000000080006526] -> 0x555F
[6478] [M]: 0x0000000080006524 (0x555F0F13) addi t5, t5, 1365
x30 <- 0x0000000055555555
mem[X,0x0000000080006528] -> 0x1F13
mem[X,0x000000008000652A] -> 0x00BF
[6479] [M]: 0x0000000080006528 (0x00BF1F13) slli t5, t5, 11
x30 <- 0x000002AAAAAAA800
mem[X,0x000000008000652C] -> 0x0F13
mem[X,0x000000008000652E] -> 0x2AAF
[6480] [M]: 0x000000008000652C (0x2AAF0F13) addi t5, t5, 682
x30 <- 0x000002AAAAAAAAAA
mem[X,0x0000000080006530] -> 0x1F13
mem[X,0x0000000080006532] -> 0x00BF
[6481] [M]: 0x0000000080006530 (0x00BF1F13) slli t5, t5, 11
x30 <- 0x0015555555555000
mem[X,0x0000000080006534] -> 0x0F13
mem[X,0x0000000080006536] -> 0x555F
[6482] [M]: 0x0000000080006534 (0x555F0F13) addi t5, t5, 1365
x30 <- 0x0015555555555555
mem[X,0x0000000080006538] -> 0x1F13
mem[X,0x000000008000653A] -> 0x00AF
[6483] [M]: 0x0000000080006538 (0x00AF1F13) slli t5, t5, 10
x30 <- 0x5555555555555400
mem[X,0x000000008000653C] -> 0x0F13
mem[X,0x000000008000653E] -> 0x154F
[6484] [M]: 0x000000008000653C (0x154F0F13) addi t5, t5, 340
x30 <- 0x5555555555555554
mem[X,0x0000000080006540] -> 0x3EB7
mem[X,0x0000000080006542] -> 0x3333
[6485] [M]: 0x0000000080006540 (0x33333EB7) lui t4, 209715
x29 <- 0x0000000033333000
mem[X,0x0000000080006544] -> 0x8E93
mem[X,0x0000000080006546] -> 0x333E
[6486] [M]: 0x0000000080006544 (0x333E8E93) addi t4, t4, 819
x29 <- 0x0000000033333333
mem[X,0x0000000080006548] -> 0x9E93
mem[X,0x000000008000654A] -> 0x00BE
[6487] [M]: 0x0000000080006548 (0x00BE9E93) slli t4, t4, 11
x29 <- 0x0000019999999800
mem[X,0x000000008000654C] -> 0x8E93
mem[X,0x000000008000654E] -> 0x199E
[6488] [M]: 0x000000008000654C (0x199E8E93) addi t4, t4, 409
x29 <- 0x0000019999999999
mem[X,0x0000000080006550] -> 0x9E93
mem[X,0x0000000080006552] -> 0x00BE
[6489] [M]: 0x0000000080006550 (0x00BE9E93) slli t4, t4, 11
x29 <- 0x000CCCCCCCCCC800
mem[X,0x0000000080006554] -> 0x8E93
mem[X,0x0000000080006556] -> 0x4CCE
[6490] [M]: 0x0000000080006554 (0x4CCE8E93) addi t4, t4, 1228
x29 <- 0x000CCCCCCCCCCCCC
mem[X,0x0000000080006558] -> 0x9E93
mem[X,0x000000008000655A] -> 0x00AE
[6491] [M]: 0x0000000080006558 (0x00AE9E93) slli t4, t4, 10
x29 <- 0x3333333333333000
mem[X,0x000000008000655C] -> 0x8E93
mem[X,0x000000008000655E] -> 0x334E
[6492] [M]: 0x000000008000655C (0x334E8E93) addi t4, t4, 820
x29 <- 0x3333333333333334
mem[X,0x0000000080006560] -> 0x4FB3
mem[X,0x0000000080006562] -> 0x03DF
[6493] [M]: 0x0000000080006560 (0x03DF4FB3) div t6, t5, t4
x31 <- 0x0000000000000001
mem[X,0x0000000080006564] -> 0xB823
mem[X,0x0000000080006566] -> 0x47F6
[6494] [M]: 0x0000000080006564 (0x47F6B823) sd t6, 1136(a3)
mem[0x000000008000DFF0] <- 0x0000000000000001
mem[X,0x0000000080006568] -> 0x5F37
mem[X,0x000000008000656A] -> 0x5555
[6495] [M]: 0x0000000080006568 (0x55555F37) lui t5, 349525
x30 <- 0x0000000055555000
mem[X,0x000000008000656C] -> 0x0F13
mem[X,0x000000008000656E] -> 0x555F
[6496] [M]: 0x000000008000656C (0x555F0F13) addi t5, t5, 1365
x30 <- 0x0000000055555555
mem[X,0x0000000080006570] -> 0x1F13
mem[X,0x0000000080006572] -> 0x00BF
[6497] [M]: 0x0000000080006570 (0x00BF1F13) slli t5, t5, 11
x30 <- 0x000002AAAAAAA800
mem[X,0x0000000080006574] -> 0x0F13
mem[X,0x0000000080006576] -> 0x2AAF
[6498] [M]: 0x0000000080006574 (0x2AAF0F13) addi t5, t5, 682
x30 <- 0x000002AAAAAAAAAA
mem[X,0x0000000080006578] -> 0x1F13
mem[X,0x000000008000657A] -> 0x00BF
[6499] [M]: 0x0000000080006578 (0x00BF1F13) slli t5, t5, 11
x30 <- 0x0015555555555000
clint::tick mtime <- 0x0000000000000041
 clint timer pending at mtime 0x0000000000000041
htif::tick 0x0000000000000000
mem[X,0x000000008000657C] -> 0x0F13
mem[X,0x000000008000657E] -> 0x555F
[6500] [M]: 0x000000008000657C (0x555F0F13) addi t5, t5, 1365
x30 <- 0x0015555555555555
mem[X,0x0000000080006580] -> 0x1F13
mem[X,0x0000000080006582] -> 0x00AF
[6501] [M]: 0x0000000080006580 (0x00AF1F13) slli t5, t5, 10
x30 <- 0x5555555555555400
mem[X,0x0000000080006584] -> 0x0F13
mem[X,0x0000000080006586] -> 0x154F
[6502] [M]: 0x0000000080006584 (0x154F0F13) addi t5, t5, 340
x30 <- 0x5555555555555554
mem[X,0x0000000080006588] -> 0x6EB7
mem[X,0x000000008000658A] -> 0x6666
[6503] [M]: 0x0000000080006588 (0x66666EB7) lui t4, 419430
x29 <- 0x0000000066666000
mem[X,0x000000008000658C] -> 0x8E93
mem[X,0x000000008000658E] -> 0x666E
[6504] [M]: 0x000000008000658C (0x666E8E93) addi t4, t4, 1638
x29 <- 0x0000000066666666
mem[X,0x0000000080006590] -> 0x9E93
mem[X,0x0000000080006592] -> 0x00BE
[6505] [M]: 0x0000000080006590 (0x00BE9E93) slli t4, t4, 11
x29 <- 0x0000033333333000
mem[X,0x0000000080006594] -> 0x8E93
mem[X,0x0000000080006596] -> 0x333E
[6506] [M]: 0x0000000080006594 (0x333E8E93) addi t4, t4, 819
x29 <- 0x0000033333333333
mem[X,0x0000000080006598] -> 0x9E93
mem[X,0x000000008000659A] -> 0x00BE
[6507] [M]: 0x0000000080006598 (0x00BE9E93) slli t4, t4, 11
x29 <- 0x0019999999999800
mem[X,0x000000008000659C] -> 0x8E93
mem[X,0x000000008000659E] -> 0x199E
[6508] [M]: 0x000000008000659C (0x199E8E93) addi t4, t4, 409
x29 <- 0x0019999999999999
mem[X,0x00000000800065A0] -> 0x9E93
mem[X,0x00000000800065A2] -> 0x00AE
[6509] [M]: 0x00000000800065A0 (0x00AE9E93) slli t4, t4, 10
x29 <- 0x6666666666666400
mem[X,0x00000000800065A4] -> 0x8E93
mem[X,0x00000000800065A6] -> 0x267E
[6510] [M]: 0x00000000800065A4 (0x267E8E93) addi t4, t4, 615
x29 <- 0x6666666666666667
mem[X,0x00000000800065A8] -> 0x4FB3
mem[X,0x00000000800065AA] -> 0x03DF
[6511] [M]: 0x00000000800065A8 (0x03DF4FB3) div t6, t5, t4
x31 <- 0x0000000000000000
mem[X,0x00000000800065AC] -> 0xBC23
mem[X,0x00000000800065AE] -> 0x47F6
[6512] [M]: 0x00000000800065AC (0x47F6BC23) sd t6, 1144(a3)
mem[0x000000008000DFF8] <- 0x0000000000000000
mem[X,0x00000000800065B0] -> 0x5F37
mem[X,0x00000000800065B2] -> 0x5555
[6513] [M]: 0x00000000800065B0 (0x55555F37) lui t5, 349525
x30 <- 0x0000000055555000
mem[X,0x00000000800065B4] -> 0x0F13
mem[X,0x00000000800065B6] -> 0x555F
[6514] [M]: 0x00000000800065B4 (0x555F0F13) addi t5, t5, 1365
x30 <- 0x0000000055555555
mem[X,0x00000000800065B8] -> 0x1F13
mem[X,0x00000000800065BA] -> 0x00BF
[6515] [M]: 0x00000000800065B8 (0x00BF1F13) slli t5, t5, 11
x30 <- 0x000002AAAAAAA800
mem[X,0x00000000800065BC] -> 0x0F13
mem[X,0x00000000800065BE] -> 0x2AAF
[6516] [M]: 0x00000000800065BC (0x2AAF0F13) addi t5, t5, 682
x30 <- 0x000002AAAAAAAAAA
mem[X,0x00000000800065C0] -> 0x1F13
mem[X,0x00000000800065C2] -> 0x00BF
[6517] [M]: 0x00000000800065C0 (0x00BF1F13) slli t5, t5, 11
x30 <- 0x0015555555555000
mem[X,0x00000000800065C4] -> 0x0F13
mem[X,0x00000000800065C6] -> 0x555F
[6518] [M]: 0x00000000800065C4 (0x555F0F13) addi t5, t5, 1365
x30 <- 0x0015555555555555
mem[X,0x00000000800065C8] -> 0x1F13
mem[X,0x00000000800065CA] -> 0x00AF
[6519] [M]: 0x00000000800065C8 (0x00AF1F13) slli t5, t5, 10
x30 <- 0x5555555555555400
mem[X,0x00000000800065CC] -> 0x0F13
mem[X,0x00000000800065CE] -> 0x154F
[6520] [M]: 0x00000000800065CC (0x154F0F13) addi t5, t5, 340
x30 <- 0x5555555555555554
mem[X,0x00000000800065D0] -> 0x0EB7
mem[X,0x00000000800065D2] -> 0x0000
[6521] [M]: 0x00000000800065D0 (0x00000EB7) lui t4, 0
x29 <- 0x0000000000000000
mem[X,0x00000000800065D4] -> 0x8E93
mem[X,0x00000000800065D6] -> 0xFFFE
[6522] [M]: 0x00000000800065D4 (0xFFFE8E93) addi t4, t4, 4095
x29 <- 0xFFFFFFFFFFFFFFFF
mem[X,0x00000000800065D8] -> 0x9E93
mem[X,0x00000000800065DA] -> 0x00BE
[6523] [M]: 0x00000000800065D8 (0x00BE9E93) slli t4, t4, 11
x29 <- 0xFFFFFFFFFFFFF800
mem[X,0x00000000800065DC] -> 0x8E93
mem[X,0x00000000800065DE] -> 0x257E
[6524] [M]: 0x00000000800065DC (0x257E8E93) addi t4, t4, 599
x29 <- 0xFFFFFFFFFFFFFA57
mem[X,0x00000000800065E0] -> 0x9E93
mem[X,0x00000000800065E2] -> 0x00BE
[6525] [M]: 0x00000000800065E0 (0x00BE9E93) slli t4, t4, 11
x29 <- 0xFFFFFFFFFFD2B800
mem[X,0x00000000800065E4] -> 0x8E93
mem[X,0x00000000800065E6] -> 0x6C3E
[6526] [M]: 0x00000000800065E4 (0x6C3E8E93) addi t4, t4, 1731
x29 <- 0xFFFFFFFFFFD2BEC3
mem[X,0x00000000800065E8] -> 0x9E93
mem[X,0x00000000800065EA] -> 0x00AE
[6527] [M]: 0x00000000800065E8 (0x00AE9E93) slli t4, t4, 10
x29 <- 0xFFFFFFFF4AFB0C00
mem[X,0x00000000800065EC] -> 0x8E93
mem[X,0x00000000800065EE] -> 0x0CEE
[6528] [M]: 0x00000000800065EC (0x0CEE8E93) addi t4, t4, 206
x29 <- 0xFFFFFFFF4AFB0CCE
mem[X,0x00000000800065F0] -> 0x4FB3
mem[X,0x00000000800065F2] -> 0x03DF
[6529] [M]: 0x00000000800065F0 (0x03DF4FB3) div t6, t5, t4
x31 <- 0xFFFFFFFF87520887
mem[X,0x00000000800065F4] -> 0xB023
mem[X,0x00000000800065F6] -> 0x49F6
[6530] [M]: 0x00000000800065F4 (0x49F6B023) sd t6, 1152(a3)
mem[0x000000008000E000] <- 0xFFFFFFFF87520887
mem[X,0x00000000800065F8] -> 0x5F37
mem[X,0x00000000800065FA] -> 0x5555
[6531] [M]: 0x00000000800065F8 (0x55555F37) lui t5, 349525
x30 <- 0x0000000055555000
mem[X,0x00000000800065FC] -> 0x0F13
mem[X,0x00000000800065FE] -> 0x555F
[6532] [M]: 0x00000000800065FC (0x555F0F13) addi t5, t5, 1365
x30 <- 0x0000000055555555
mem[X,0x0000000080006600] -> 0x1F13
mem[X,0x0000000080006602] -> 0x00BF
[6533] [M]: 0x0000000080006600 (0x00BF1F13) slli t5, t5, 11
x30 <- 0x000002AAAAAAA800
mem[X,0x0000000080006604] -> 0x0F13
mem[X,0x0000000080006606] -> 0x2AAF
[6534] [M]: 0x0000000080006604 (0x2AAF0F13) addi t5, t5, 682
x30 <- 0x000002AAAAAAAAAA
mem[X,0x0000000080006608] -> 0x1F13
mem[X,0x000000008000660A] -> 0x00BF
[6535] [M]: 0x0000000080006608 (0x00BF1F13) slli t5, t5, 11
x30 <- 0x0015555555555000
mem[X,0x000000008000660C] -> 0x0F13
mem[X,0x000000008000660E] -> 0x555F
[6536] [M]: 0x000000008000660C (0x555F0F13) addi t5, t5, 1365
x30 <- 0x0015555555555555
mem[X,0x0000000080006610] -> 0x1F13
mem[X,0x0000000080006612] -> 0x00AF
[6537] [M]: 0x0000000080006610 (0x00AF1F13) slli t5, t5, 10
x30 <- 0x5555555555555400
mem[X,0x0000000080006614] -> 0x0F13
mem[X,0x0000000080006616] -> 0x154F
[6538] [M]: 0x0000000080006614 (0x154F0F13) addi t5, t5, 340
x30 <- 0x5555555555555554
mem[X,0x0000000080006618] -> 0x0EB7
mem[X,0x000000008000661A] -> 0x0000
[6539] [M]: 0x0000000080006618 (0x00000EB7) lui t4, 0
x29 <- 0x0000000000000000
mem[X,0x000000008000661C] -> 0x8E93
mem[X,0x000000008000661E] -> 0x000E
[6540] [M]: 0x000000008000661C (0x000E8E93) addi t4, t4, 0
x29 <- 0x0000000000000000
mem[X,0x0000000080006620] -> 0x9E93
mem[X,0x0000000080006622] -> 0x00BE
[6541] [M]: 0x0000000080006620 (0x00BE9E93) slli t4, t4, 11
x29 <- 0x0000000000000000
mem[X,0x0000000080006624] -> 0x8E93
mem[X,0x0000000080006626] -> 0x5A8E
[6542] [M]: 0x0000000080006624 (0x5A8E8E93) addi t4, t4, 1448
x29 <- 0x00000000000005A8
mem[X,0x0000000080006628] -> 0x9E93
mem[X,0x000000008000662A] -> 0x00BE
[6543] [M]: 0x0000000080006628 (0x00BE9E93) slli t4, t4, 11
x29 <- 0x00000000002D4000
mem[X,0x000000008000662C] -> 0x8E93
mem[X,0x000000008000662E] -> 0x13CE
[6544] [M]: 0x000000008000662C (0x13CE8E93) addi t4, t4, 316
x29 <- 0x00000000002D413C
mem[X,0x0000000080006630] -> 0x9E93
mem[X,0x0000000080006632] -> 0x00AE
[6545] [M]: 0x0000000080006630 (0x00AE9E93) slli t4, t4, 10
x29 <- 0x00000000B504F000
mem[X,0x0000000080006634] -> 0x8E93
mem[X,0x0000000080006636] -> 0x334E
[6546] [M]: 0x0000000080006634 (0x334E8E93) addi t4, t4, 820
x29 <- 0x00000000B504F334
mem[X,0x0000000080006638] -> 0x4FB3
mem[X,0x000000008000663A] -> 0x03DF
[6547] [M]: 0x0000000080006638 (0x03DF4FB3) div t6, t5, t4
x31 <- 0x0000000078ADF777
mem[X,0x000000008000663C] -> 0xB423
mem[X,0x000000008000663E] -> 0x49F6
[6548] [M]: 0x000000008000663C (0x49F6B423) sd t6, 1160(a3)
mem[0x000000008000E008] <- 0x0000000078ADF777
mem[X,0x0000000080006640] -> 0x3F37
mem[X,0x0000000080006642] -> 0x3333
[6549] [M]: 0x0000000080006640 (0x33333F37) lui t5, 209715
x30 <- 0x0000000033333000
mem[X,0x0000000080006644] -> 0x0F13
mem[X,0x0000000080006646] -> 0x333F
[6550] [M]: 0x0000000080006644 (0x333F0F13) addi t5, t5, 819
x30 <- 0x0000000033333333
mem[X,0x0000000080006648] -> 0x1F13
mem[X,0x000000008000664A] -> 0x00BF
[6551] [M]: 0x0000000080006648 (0x00BF1F13) slli t5, t5, 11
x30 <- 0x0000019999999800
mem[X,0x000000008000664C] -> 0x0F13
mem[X,0x000000008000664E] -> 0x199F
[6552] [M]: 0x000000008000664C (0x199F0F13) addi t5, t5, 409
x30 <- 0x0000019999999999
mem[X,0x0000000080006650] -> 0x1F13
mem[X,0x0000000080006652] -> 0x00BF
[6553] [M]: 0x0000000080006650 (0x00BF1F13) slli t5, t5, 11
x30 <- 0x000CCCCCCCCCC800
mem[X,0x0000000080006654] -> 0x0F13
mem[X,0x0000000080006656] -> 0x4CCF
[6554] [M]: 0x0000000080006654 (0x4CCF0F13) addi t5, t5, 1228
x30 <- 0x000CCCCCCCCCCCCC
mem[X,0x0000000080006658] -> 0x1F13
mem[X,0x000000008000665A] -> 0x00AF
[6555] [M]: 0x0000000080006658 (0x00AF1F13) slli t5, t5, 10
x30 <- 0x3333333333333000
mem[X,0x000000008000665C] -> 0x0F13
mem[X,0x000000008000665E] -> 0x332F
[6556] [M]: 0x000000008000665C (0x332F0F13) addi t5, t5, 818
x30 <- 0x3333333333333332
mem[X,0x0000000080006660] -> 0x0E93
mem[X,0x0000000080006662] -> 0x0030
[6557] [M]: 0x0000000080006660 (0x00300E93) addi t4, zero, 3
x29 <- 0x0000000000000003
mem[X,0x0000000080006664] -> 0x4FB3
mem[X,0x0000000080006666] -> 0x03DF
[6558] [M]: 0x0000000080006664 (0x03DF4FB3) div t6, t5, t4
x31 <- 0x1111111111111110
mem[X,0x0000000080006668] -> 0xB823
mem[X,0x000000008000666A] -> 0x49F6
[6559] [M]: 0x0000000080006668 (0x49F6B823) sd t6, 1168(a3)
mem[0x000000008000E010] <- 0x1111111111111110
mem[X,0x000000008000666C] -> 0x3F37
mem[X,0x000000008000666E] -> 0x3333
[6560] [M]: 0x000000008000666C (0x33333F37) lui t5, 209715
x30 <- 0x0000000033333000
mem[X,0x0000000080006670] -> 0x0F13
mem[X,0x0000000080006672] -> 0x333F
[6561] [M]: 0x0000000080006670 (0x333F0F13) addi t5, t5, 819
x30 <- 0x0000000033333333
mem[X,0x0000000080006674] -> 0x1F13
mem[X,0x0000000080006676] -> 0x00BF
[6562] [M]: 0x0000000080006674 (0x00BF1F13) slli t5, t5, 11
x30 <- 0x0000019999999800
mem[X,0x0000000080006678] -> 0x0F13
mem[X,0x000000008000667A] -> 0x199F
[6563] [M]: 0x0000000080006678 (0x199F0F13) addi t5, t5, 409
x30 <- 0x0000019999999999
mem[X,0x000000008000667C] -> 0x1F13
mem[X,0x000000008000667E] -> 0x00BF
[6564] [M]: 0x000000008000667C (0x00BF1F13) slli t5, t5, 11
x30 <- 0x000CCCCCCCCCC800
mem[X,0x0000000080006680] -> 0x0F13
mem[X,0x0000000080006682] -> 0x4CCF
[6565] [M]: 0x0000000080006680 (0x4CCF0F13) addi t5, t5, 1228
x30 <- 0x000CCCCCCCCCCCCC
mem[X,0x0000000080006684] -> 0x1F13
mem[X,0x0000000080006686] -> 0x00AF
[6566] [M]: 0x0000000080006684 (0x00AF1F13) slli t5, t5, 10
x30 <- 0x3333333333333000
mem[X,0x0000000080006688] -> 0x0F13
mem[X,0x000000008000668A] -> 0x332F
[6567] [M]: 0x0000000080006688 (0x332F0F13) addi t5, t5, 818
x30 <- 0x3333333333333332
mem[X,0x000000008000668C] -> 0x5EB7
mem[X,0x000000008000668E] -> 0x5555
[6568] [M]: 0x000000008000668C (0x55555EB7) lui t4, 349525
x29 <- 0x0000000055555000
mem[X,0x0000000080006690] -> 0x8E93
mem[X,0x0000000080006692] -> 0x555E
[6569] [M]: 0x0000000080006690 (0x555E8E93) addi t4, t4, 1365
x29 <- 0x0000000055555555
mem[X,0x0000000080006694] -> 0x9E93
mem[X,0x0000000080006696] -> 0x00BE
[6570] [M]: 0x0000000080006694 (0x00BE9E93) slli t4, t4, 11
x29 <- 0x000002AAAAAAA800
mem[X,0x0000000080006698] -> 0x8E93
mem[X,0x000000008000669A] -> 0x2AAE
[6571] [M]: 0x0000000080006698 (0x2AAE8E93) addi t4, t4, 682
x29 <- 0x000002AAAAAAAAAA
mem[X,0x000000008000669C] -> 0x9E93
mem[X,0x000000008000669E] -> 0x00BE
[6572] [M]: 0x000000008000669C (0x00BE9E93) slli t4, t4, 11
x29 <- 0x0015555555555000
mem[X,0x00000000800066A0] -> 0x8E93
mem[X,0x00000000800066A2] -> 0x555E
[6573] [M]: 0x00000000800066A0 (0x555E8E93) addi t4, t4, 1365
x29 <- 0x0015555555555555
mem[X,0x00000000800066A4] -> 0x9E93
mem[X,0x00000000800066A6] -> 0x00AE
[6574] [M]: 0x00000000800066A4 (0x00AE9E93) slli t4, t4, 10
x29 <- 0x5555555555555400
mem[X,0x00000000800066A8] -> 0x8E93
mem[X,0x00000000800066AA] -> 0x155E
[6575] [M]: 0x00000000800066A8 (0x155E8E93) addi t4, t4, 341
x29 <- 0x5555555555555555
mem[X,0x00000000800066AC] -> 0x4FB3
mem[X,0x00000000800066AE] -> 0x03DF
[6576] [M]: 0x00000000800066AC (0x03DF4FB3) div t6, t5, t4
x31 <- 0x0000000000000000
mem[X,0x00000000800066B0] -> 0xBC23
mem[X,0x00000000800066B2] -> 0x49F6
[6577] [M]: 0x00000000800066B0 (0x49F6BC23) sd t6, 1176(a3)
mem[0x000000008000E018] <- 0x0000000000000000
mem[X,0x00000000800066B4] -> 0x3F37
mem[X,0x00000000800066B6] -> 0x3333
[6578] [M]: 0x00000000800066B4 (0x33333F37) lui t5, 209715
x30 <- 0x0000000033333000
mem[X,0x00000000800066B8] -> 0x0F13
mem[X,0x00000000800066BA] -> 0x333F
[6579] [M]: 0x00000000800066B8 (0x333F0F13) addi t5, t5, 819
x30 <- 0x0000000033333333
mem[X,0x00000000800066BC] -> 0x1F13
mem[X,0x00000000800066BE] -> 0x00BF
[6580] [M]: 0x00000000800066BC (0x00BF1F13) slli t5, t5, 11
x30 <- 0x0000019999999800
mem[X,0x00000000800066C0] -> 0x0F13
mem[X,0x00000000800066C2] -> 0x199F
[6581] [M]: 0x00000000800066C0 (0x199F0F13) addi t5, t5, 409
x30 <- 0x0000019999999999
mem[X,0x00000000800066C4] -> 0x1F13
mem[X,0x00000000800066C6] -> 0x00BF
[6582] [M]: 0x00000000800066C4 (0x00BF1F13) slli t5, t5, 11
x30 <- 0x000CCCCCCCCCC800
mem[X,0x00000000800066C8] -> 0x0F13
mem[X,0x00000000800066CA] -> 0x4CCF
[6583] [M]: 0x00000000800066C8 (0x4CCF0F13) addi t5, t5, 1228
x30 <- 0x000CCCCCCCCCCCCC
mem[X,0x00000000800066CC] -> 0x1F13
mem[X,0x00000000800066CE] -> 0x00AF
[6584] [M]: 0x00000000800066CC (0x00AF1F13) slli t5, t5, 10
x30 <- 0x3333333333333000
mem[X,0x00000000800066D0] -> 0x0F13
mem[X,0x00000000800066D2] -> 0x332F
[6585] [M]: 0x00000000800066D0 (0x332F0F13) addi t5, t5, 818
x30 <- 0x3333333333333332
mem[X,0x00000000800066D4] -> 0x0EB7
mem[X,0x00000000800066D6] -> 0x0000
[6586] [M]: 0x00000000800066D4 (0x00000EB7) lui t4, 0
x29 <- 0x0000000000000000
mem[X,0x00000000800066D8] -> 0x8E93
mem[X,0x00000000800066DA] -> 0xFFFE
[6587] [M]: 0x00000000800066D8 (0xFFFE8E93) addi t4, t4, 4095
x29 <- 0xFFFFFFFFFFFFFFFF
mem[X,0x00000000800066DC] -> 0x9E93
mem[X,0x00000000800066DE] -> 0x00BE
[6588] [M]: 0x00000000800066DC (0x00BE9E93) slli t4, t4, 11
x29 <- 0xFFFFFFFFFFFFF800
mem[X,0x00000000800066E0] -> 0x8E93
mem[X,0x00000000800066E2] -> 0x257E
[6589] [M]: 0x00000000800066E0 (0x257E8E93) addi t4, t4, 599
x29 <- 0xFFFFFFFFFFFFFA57
mem[X,0x00000000800066E4] -> 0x9E93
mem[X,0x00000000800066E6] -> 0x00BE
[6590] [M]: 0x00000000800066E4 (0x00BE9E93) slli t4, t4, 11
x29 <- 0xFFFFFFFFFFD2B800
mem[X,0x00000000800066E8] -> 0x8E93
mem[X,0x00000000800066EA] -> 0x6C3E
[6591] [M]: 0x00000000800066E8 (0x6C3E8E93) addi t4, t4, 1731
x29 <- 0xFFFFFFFFFFD2BEC3
mem[X,0x00000000800066EC] -> 0x9E93
mem[X,0x00000000800066EE] -> 0x00AE
[6592] [M]: 0x00000000800066EC (0x00AE9E93) slli t4, t4, 10
x29 <- 0xFFFFFFFF4AFB0C00
mem[X,0x00000000800066F0] -> 0x8E93
mem[X,0x00000000800066F2] -> 0x0CEE
[6593] [M]: 0x00000000800066F0 (0x0CEE8E93) addi t4, t4, 206
x29 <- 0xFFFFFFFF4AFB0CCE
mem[X,0x00000000800066F4] -> 0x4FB3
mem[X,0x00000000800066F6] -> 0x03DF
[6594] [M]: 0x00000000800066F4 (0x03DF4FB3) div t6, t5, t4
x31 <- 0xFFFFFFFFB7979EB8
mem[X,0x00000000800066F8] -> 0xB023
mem[X,0x00000000800066FA] -> 0x4BF6
[6595] [M]: 0x00000000800066F8 (0x4BF6B023) sd t6, 1184(a3)
mem[0x000000008000E020] <- 0xFFFFFFFFB7979EB8
mem[X,0x00000000800066FC] -> 0x3F37
mem[X,0x00000000800066FE] -> 0x3333
[6596] [M]: 0x00000000800066FC (0x33333F37) lui t5, 209715
x30 <- 0x0000000033333000
mem[X,0x0000000080006700] -> 0x0F13
mem[X,0x0000000080006702] -> 0x333F
[6597] [M]: 0x0000000080006700 (0x333F0F13) addi t5, t5, 819
x30 <- 0x0000000033333333
mem[X,0x0000000080006704] -> 0x1F13
mem[X,0x0000000080006706] -> 0x00BF
[6598] [M]: 0x0000000080006704 (0x00BF1F13) slli t5, t5, 11
x30 <- 0x0000019999999800
mem[X,0x0000000080006708] -> 0x0F13
mem[X,0x000000008000670A] -> 0x199F
[6599] [M]: 0x0000000080006708 (0x199F0F13) addi t5, t5, 409
x30 <- 0x0000019999999999
clint::tick mtime <- 0x0000000000000042
 clint timer pending at mtime 0x0000000000000042
htif::tick 0x0000000000000000
mem[X,0x000000008000670C] -> 0x1F13
mem[X,0x000000008000670E] -> 0x00BF
[6600] [M]: 0x000000008000670C (0x00BF1F13) slli t5, t5, 11
x30 <- 0x000CCCCCCCCCC800
mem[X,0x0000000080006710] -> 0x0F13
mem[X,0x0000000080006712] -> 0x4CCF
[6601] [M]: 0x0000000080006710 (0x4CCF0F13) addi t5, t5, 1228
x30 <- 0x000CCCCCCCCCCCCC
mem[X,0x0000000080006714] -> 0x1F13
mem[X,0x0000000080006716] -> 0x00AF
[6602] [M]: 0x0000000080006714 (0x00AF1F13) slli t5, t5, 10
x30 <- 0x3333333333333000
mem[X,0x0000000080006718] -> 0x0F13
mem[X,0x000000008000671A] -> 0x332F
[6603] [M]: 0x0000000080006718 (0x332F0F13) addi t5, t5, 818
x30 <- 0x3333333333333332
mem[X,0x000000008000671C] -> 0x0EB7
mem[X,0x000000008000671E] -> 0x0000
[6604] [M]: 0x000000008000671C (0x00000EB7) lui t4, 0
x29 <- 0x0000000000000000
mem[X,0x0000000080006720] -> 0x8E93
mem[X,0x0000000080006722] -> 0x000E
[6605] [M]: 0x0000000080006720 (0x000E8E93) addi t4, t4, 0
x29 <- 0x0000000000000000
mem[X,0x0000000080006724] -> 0x9E93
mem[X,0x0000000080006726] -> 0x00BE
[6606] [M]: 0x0000000080006724 (0x00BE9E93) slli t4, t4, 11
x29 <- 0x0000000000000000
mem[X,0x0000000080006728] -> 0x8E93
mem[X,0x000000008000672A] -> 0x5A8E
[6607] [M]: 0x0000000080006728 (0x5A8E8E93) addi t4, t4, 1448
x29 <- 0x00000000000005A8
mem[X,0x000000008000672C] -> 0x9E93
mem[X,0x000000008000672E] -> 0x00BE
[6608] [M]: 0x000000008000672C (0x00BE9E93) slli t4, t4, 11
x29 <- 0x00000000002D4000
mem[X,0x0000000080006730] -> 0x8E93
mem[X,0x0000000080006732] -> 0x13CE
[6609] [M]: 0x0000000080006730 (0x13CE8E93) addi t4, t4, 316
x29 <- 0x00000000002D413C
mem[X,0x0000000080006734] -> 0x9E93
mem[X,0x0000000080006736] -> 0x00AE
[6610] [M]: 0x0000000080006734 (0x00AE9E93) slli t4, t4, 10
x29 <- 0x00000000B504F000
mem[X,0x0000000080006738] -> 0x8E93
mem[X,0x000000008000673A] -> 0x334E
[6611] [M]: 0x0000000080006738 (0x334E8E93) addi t4, t4, 820
x29 <- 0x00000000B504F334
mem[X,0x000000008000673C] -> 0x4FB3
mem[X,0x000000008000673E] -> 0x03DF
[6612] [M]: 0x000000008000673C (0x03DF4FB3) div t6, t5, t4
x31 <- 0x0000000048686147
mem[X,0x0000000080006740] -> 0xB423
mem[X,0x0000000080006742] -> 0x4BF6
[6613] [M]: 0x0000000080006740 (0x4BF6B423) sd t6, 1192(a3)
mem[0x000000008000E028] <- 0x0000000048686147
mem[X,0x0000000080006744] -> 0x6F37
mem[X,0x0000000080006746] -> 0x6666
[6614] [M]: 0x0000000080006744 (0x66666F37) lui t5, 419430
x30 <- 0x0000000066666000
mem[X,0x0000000080006748] -> 0x0F13
mem[X,0x000000008000674A] -> 0x666F
[6615] [M]: 0x0000000080006748 (0x666F0F13) addi t5, t5, 1638
x30 <- 0x0000000066666666
mem[X,0x000000008000674C] -> 0x1F13
mem[X,0x000000008000674E] -> 0x00BF
[6616] [M]: 0x000000008000674C (0x00BF1F13) slli t5, t5, 11
x30 <- 0x0000033333333000
mem[X,0x0000000080006750] -> 0x0F13
mem[X,0x0000000080006752] -> 0x333F
[6617] [M]: 0x0000000080006750 (0x333F0F13) addi t5, t5, 819
x30 <- 0x0000033333333333
mem[X,0x0000000080006754] -> 0x1F13
mem[X,0x0000000080006756] -> 0x00BF
[6618] [M]: 0x0000000080006754 (0x00BF1F13) slli t5, t5, 11
x30 <- 0x0019999999999800
mem[X,0x0000000080006758] -> 0x0F13
mem[X,0x000000008000675A] -> 0x199F
[6619] [M]: 0x0000000080006758 (0x199F0F13) addi t5, t5, 409
x30 <- 0x0019999999999999
mem[X,0x000000008000675C] -> 0x1F13
mem[X,0x000000008000675E] -> 0x00AF
[6620] [M]: 0x000000008000675C (0x00AF1F13) slli t5, t5, 10
x30 <- 0x6666666666666400
mem[X,0x0000000080006760] -> 0x0F13
mem[X,0x0000000080006762] -> 0x265F
[6621] [M]: 0x0000000080006760 (0x265F0F13) addi t5, t5, 613
x30 <- 0x6666666666666665
mem[X,0x0000000080006764] -> 0x0E93
mem[X,0x0000000080006766] -> 0x0030
[6622] [M]: 0x0000000080006764 (0x00300E93) addi t4, zero, 3
x29 <- 0x0000000000000003
mem[X,0x0000000080006768] -> 0x4FB3
mem[X,0x000000008000676A] -> 0x03DF
[6623] [M]: 0x0000000080006768 (0x03DF4FB3) div t6, t5, t4
x31 <- 0x2222222222222221
mem[X,0x000000008000676C] -> 0xB823
mem[X,0x000000008000676E] -> 0x4BF6
[6624] [M]: 0x000000008000676C (0x4BF6B823) sd t6, 1200(a3)
mem[0x000000008000E030] <- 0x2222222222222221
mem[X,0x0000000080006770] -> 0x6F37
mem[X,0x0000000080006772] -> 0x6666
[6625] [M]: 0x0000000080006770 (0x66666F37) lui t5, 419430
x30 <- 0x0000000066666000
mem[X,0x0000000080006774] -> 0x0F13
mem[X,0x0000000080006776] -> 0x666F
[6626] [M]: 0x0000000080006774 (0x666F0F13) addi t5, t5, 1638
x30 <- 0x0000000066666666
mem[X,0x0000000080006778] -> 0x1F13
mem[X,0x000000008000677A] -> 0x00BF
[6627] [M]: 0x0000000080006778 (0x00BF1F13) slli t5, t5, 11
x30 <- 0x0000033333333000
mem[X,0x000000008000677C] -> 0x0F13
mem[X,0x000000008000677E] -> 0x333F
[6628] [M]: 0x000000008000677C (0x333F0F13) addi t5, t5, 819
x30 <- 0x0000033333333333
mem[X,0x0000000080006780] -> 0x1F13
mem[X,0x0000000080006782] -> 0x00BF
[6629] [M]: 0x0000000080006780 (0x00BF1F13) slli t5, t5, 11
x30 <- 0x0019999999999800
mem[X,0x0000000080006784] -> 0x0F13
mem[X,0x0000000080006786] -> 0x199F
[6630] [M]: 0x0000000080006784 (0x199F0F13) addi t5, t5, 409
x30 <- 0x0019999999999999
mem[X,0x0000000080006788] -> 0x1F13
mem[X,0x000000008000678A] -> 0x00AF
[6631] [M]: 0x0000000080006788 (0x00AF1F13) slli t5, t5, 10
x30 <- 0x6666666666666400
mem[X,0x000000008000678C] -> 0x0F13
mem[X,0x000000008000678E] -> 0x265F
[6632] [M]: 0x000000008000678C (0x265F0F13) addi t5, t5, 613
x30 <- 0x6666666666666665
mem[X,0x0000000080006790] -> 0x5EB7
mem[X,0x0000000080006792] -> 0x5555
[6633] [M]: 0x0000000080006790 (0x55555EB7) lui t4, 349525
x29 <- 0x0000000055555000
mem[X,0x0000000080006794] -> 0x8E93
mem[X,0x0000000080006796] -> 0x555E
[6634] [M]: 0x0000000080006794 (0x555E8E93) addi t4, t4, 1365
x29 <- 0x0000000055555555
mem[X,0x0000000080006798] -> 0x9E93
mem[X,0x000000008000679A] -> 0x00BE
[6635] [M]: 0x0000000080006798 (0x00BE9E93) slli t4, t4, 11
x29 <- 0x000002AAAAAAA800
mem[X,0x000000008000679C] -> 0x8E93
mem[X,0x000000008000679E] -> 0x2AAE
[6636] [M]: 0x000000008000679C (0x2AAE8E93) addi t4, t4, 682
x29 <- 0x000002AAAAAAAAAA
mem[X,0x00000000800067A0] -> 0x9E93
mem[X,0x00000000800067A2] -> 0x00BE
[6637] [M]: 0x00000000800067A0 (0x00BE9E93) slli t4, t4, 11
x29 <- 0x0015555555555000
mem[X,0x00000000800067A4] -> 0x8E93
mem[X,0x00000000800067A6] -> 0x555E
[6638] [M]: 0x00000000800067A4 (0x555E8E93) addi t4, t4, 1365
x29 <- 0x0015555555555555
mem[X,0x00000000800067A8] -> 0x9E93
mem[X,0x00000000800067AA] -> 0x00AE
[6639] [M]: 0x00000000800067A8 (0x00AE9E93) slli t4, t4, 10
x29 <- 0x5555555555555400
mem[X,0x00000000800067AC] -> 0x8E93
mem[X,0x00000000800067AE] -> 0x155E
[6640] [M]: 0x00000000800067AC (0x155E8E93) addi t4, t4, 341
x29 <- 0x5555555555555555
mem[X,0x00000000800067B0] -> 0x4FB3
mem[X,0x00000000800067B2] -> 0x03DF
[6641] [M]: 0x00000000800067B0 (0x03DF4FB3) div t6, t5, t4
x31 <- 0x0000000000000001
mem[X,0x00000000800067B4] -> 0xBC23
mem[X,0x00000000800067B6] -> 0x4BF6
[6642] [M]: 0x00000000800067B4 (0x4BF6BC23) sd t6, 1208(a3)
mem[0x000000008000E038] <- 0x0000000000000001
mem[X,0x00000000800067B8] -> 0x6F37
mem[X,0x00000000800067BA] -> 0x6666
[6643] [M]: 0x00000000800067B8 (0x66666F37) lui t5, 419430
x30 <- 0x0000000066666000
mem[X,0x00000000800067BC] -> 0x0F13
mem[X,0x00000000800067BE] -> 0x666F
[6644] [M]: 0x00000000800067BC (0x666F0F13) addi t5, t5, 1638
x30 <- 0x0000000066666666
mem[X,0x00000000800067C0] -> 0x1F13
mem[X,0x00000000800067C2] -> 0x00BF
[6645] [M]: 0x00000000800067C0 (0x00BF1F13) slli t5, t5, 11
x30 <- 0x0000033333333000
mem[X,0x00000000800067C4] -> 0x0F13
mem[X,0x00000000800067C6] -> 0x333F
[6646] [M]: 0x00000000800067C4 (0x333F0F13) addi t5, t5, 819
x30 <- 0x0000033333333333
mem[X,0x00000000800067C8] -> 0x1F13
mem[X,0x00000000800067CA] -> 0x00BF
[6647] [M]: 0x00000000800067C8 (0x00BF1F13) slli t5, t5, 11
x30 <- 0x0019999999999800
mem[X,0x00000000800067CC] -> 0x0F13
mem[X,0x00000000800067CE] -> 0x199F
[6648] [M]: 0x00000000800067CC (0x199F0F13) addi t5, t5, 409
x30 <- 0x0019999999999999
mem[X,0x00000000800067D0] -> 0x1F13
mem[X,0x00000000800067D2] -> 0x00AF
[6649] [M]: 0x00000000800067D0 (0x00AF1F13) slli t5, t5, 10
x30 <- 0x6666666666666400
mem[X,0x00000000800067D4] -> 0x0F13
mem[X,0x00000000800067D6] -> 0x265F
[6650] [M]: 0x00000000800067D4 (0x265F0F13) addi t5, t5, 613
x30 <- 0x6666666666666665
mem[X,0x00000000800067D8] -> 0xBEB7
mem[X,0x00000000800067DA] -> 0xAAAA
[6651] [M]: 0x00000000800067D8 (0xAAAABEB7) lui t4, 699051
x29 <- 0xFFFFFFFFAAAAB000
mem[X,0x00000000800067DC] -> 0x8E93
mem[X,0x00000000800067DE] -> 0xAAAE
[6652] [M]: 0x00000000800067DC (0xAAAE8E93) addi t4, t4, 2730
x29 <- 0xFFFFFFFFAAAAAAAA
mem[X,0x00000000800067E0] -> 0x9E93
mem[X,0x00000000800067E2] -> 0x00BE
[6653] [M]: 0x00000000800067E0 (0x00BE9E93) slli t4, t4, 11
x29 <- 0xFFFFFD5555555000
mem[X,0x00000000800067E4] -> 0x8E93
mem[X,0x00000000800067E6] -> 0x555E
[6654] [M]: 0x00000000800067E4 (0x555E8E93) addi t4, t4, 1365
x29 <- 0xFFFFFD5555555555
mem[X,0x00000000800067E8] -> 0x9E93
mem[X,0x00000000800067EA] -> 0x00BE
[6655] [M]: 0x00000000800067E8 (0x00BE9E93) slli t4, t4, 11
x29 <- 0xFFEAAAAAAAAAA800
mem[X,0x00000000800067EC] -> 0x8E93
mem[X,0x00000000800067EE] -> 0x2AAE
[6656] [M]: 0x00000000800067EC (0x2AAE8E93) addi t4, t4, 682
x29 <- 0xFFEAAAAAAAAAAAAA
mem[X,0x00000000800067F0] -> 0x9E93
mem[X,0x00000000800067F2] -> 0x00AE
[6657] [M]: 0x00000000800067F0 (0x00AE9E93) slli t4, t4, 10
x29 <- 0xAAAAAAAAAAAAA800
mem[X,0x00000000800067F4] -> 0x8E93
mem[X,0x00000000800067F6] -> 0x2AAE
[6658] [M]: 0x00000000800067F4 (0x2AAE8E93) addi t4, t4, 682
x29 <- 0xAAAAAAAAAAAAAAAA
mem[X,0x00000000800067F8] -> 0x4FB3
mem[X,0x00000000800067FA] -> 0x03DF
[6659] [M]: 0x00000000800067F8 (0x03DF4FB3) div t6, t5, t4
x31 <- 0xFFFFFFFFFFFFFFFF
mem[X,0x00000000800067FC] -> 0xB023
mem[X,0x00000000800067FE] -> 0x4DF6
[6660] [M]: 0x00000000800067FC (0x4DF6B023) sd t6, 1216(a3)
mem[0x000000008000E040] <- 0xFFFFFFFFFFFFFFFF
mem[X,0x0000000080006800] -> 0x6F37
mem[X,0x0000000080006802] -> 0x6666
[6661] [M]: 0x0000000080006800 (0x66666F37) lui t5, 419430
x30 <- 0x0000000066666000
mem[X,0x0000000080006804] -> 0x0F13
mem[X,0x0000000080006806] -> 0x666F
[6662] [M]: 0x0000000080006804 (0x666F0F13) addi t5, t5, 1638
x30 <- 0x0000000066666666
mem[X,0x0000000080006808] -> 0x1F13
mem[X,0x000000008000680A] -> 0x00BF
[6663] [M]: 0x0000000080006808 (0x00BF1F13) slli t5, t5, 11
x30 <- 0x0000033333333000
mem[X,0x000000008000680C] -> 0x0F13
mem[X,0x000000008000680E] -> 0x333F
[6664] [M]: 0x000000008000680C (0x333F0F13) addi t5, t5, 819
x30 <- 0x0000033333333333
mem[X,0x0000000080006810] -> 0x1F13
mem[X,0x0000000080006812] -> 0x00BF
[6665] [M]: 0x0000000080006810 (0x00BF1F13) slli t5, t5, 11
x30 <- 0x0019999999999800
mem[X,0x0000000080006814] -> 0x0F13
mem[X,0x0000000080006816] -> 0x199F
[6666] [M]: 0x0000000080006814 (0x199F0F13) addi t5, t5, 409
x30 <- 0x0019999999999999
mem[X,0x0000000080006818] -> 0x1F13
mem[X,0x000000008000681A] -> 0x00AF
[6667] [M]: 0x0000000080006818 (0x00AF1F13) slli t5, t5, 10
x30 <- 0x6666666666666400
mem[X,0x000000008000681C] -> 0x0F13
mem[X,0x000000008000681E] -> 0x265F
[6668] [M]: 0x000000008000681C (0x265F0F13) addi t5, t5, 613
x30 <- 0x6666666666666665
mem[X,0x0000000080006820] -> 0x0E93
mem[X,0x0000000080006822] -> 0x0050
[6669] [M]: 0x0000000080006820 (0x00500E93) addi t4, zero, 5
x29 <- 0x0000000000000005
mem[X,0x0000000080006824] -> 0x4FB3
mem[X,0x0000000080006826] -> 0x03DF
[6670] [M]: 0x0000000080006824 (0x03DF4FB3) div t6, t5, t4
x31 <- 0x147AE147AE147AE1
mem[X,0x0000000080006828] -> 0xB423
mem[X,0x000000008000682A] -> 0x4DF6
[6671] [M]: 0x0000000080006828 (0x4DF6B423) sd t6, 1224(a3)
mem[0x000000008000E048] <- 0x147AE147AE147AE1
mem[X,0x000000008000682C] -> 0x6F37
mem[X,0x000000008000682E] -> 0x6666
[6672] [M]: 0x000000008000682C (0x66666F37) lui t5, 419430
x30 <- 0x0000000066666000
mem[X,0x0000000080006830] -> 0x0F13
mem[X,0x0000000080006832] -> 0x666F
[6673] [M]: 0x0000000080006830 (0x666F0F13) addi t5, t5, 1638
x30 <- 0x0000000066666666
mem[X,0x0000000080006834] -> 0x1F13
mem[X,0x0000000080006836] -> 0x00BF
[6674] [M]: 0x0000000080006834 (0x00BF1F13) slli t5, t5, 11
x30 <- 0x0000033333333000
mem[X,0x0000000080006838] -> 0x0F13
mem[X,0x000000008000683A] -> 0x333F
[6675] [M]: 0x0000000080006838 (0x333F0F13) addi t5, t5, 819
x30 <- 0x0000033333333333
mem[X,0x000000008000683C] -> 0x1F13
mem[X,0x000000008000683E] -> 0x00BF
[6676] [M]: 0x000000008000683C (0x00BF1F13) slli t5, t5, 11
x30 <- 0x0019999999999800
mem[X,0x0000000080006840] -> 0x0F13
mem[X,0x0000000080006842] -> 0x199F
[6677] [M]: 0x0000000080006840 (0x199F0F13) addi t5, t5, 409
x30 <- 0x0019999999999999
mem[X,0x0000000080006844] -> 0x1F13
mem[X,0x0000000080006846] -> 0x00AF
[6678] [M]: 0x0000000080006844 (0x00AF1F13) slli t5, t5, 10
x30 <- 0x6666666666666400
mem[X,0x0000000080006848] -> 0x0F13
mem[X,0x000000008000684A] -> 0x265F
[6679] [M]: 0x0000000080006848 (0x265F0F13) addi t5, t5, 613
x30 <- 0x6666666666666665
mem[X,0x000000008000684C] -> 0x3EB7
mem[X,0x000000008000684E] -> 0x3333
[6680] [M]: 0x000000008000684C (0x33333EB7) lui t4, 209715
x29 <- 0x0000000033333000
mem[X,0x0000000080006850] -> 0x8E93
mem[X,0x0000000080006852] -> 0x333E
[6681] [M]: 0x0000000080006850 (0x333E8E93) addi t4, t4, 819
x29 <- 0x0000000033333333
mem[X,0x0000000080006854] -> 0x9E93
mem[X,0x0000000080006856] -> 0x00BE
[6682] [M]: 0x0000000080006854 (0x00BE9E93) slli t4, t4, 11
x29 <- 0x0000019999999800
mem[X,0x0000000080006858] -> 0x8E93
mem[X,0x000000008000685A] -> 0x199E
[6683] [M]: 0x0000000080006858 (0x199E8E93) addi t4, t4, 409
x29 <- 0x0000019999999999
mem[X,0x000000008000685C] -> 0x9E93
mem[X,0x000000008000685E] -> 0x00BE
[6684] [M]: 0x000000008000685C (0x00BE9E93) slli t4, t4, 11
x29 <- 0x000CCCCCCCCCC800
mem[X,0x0000000080006860] -> 0x8E93
mem[X,0x0000000080006862] -> 0x4CCE
[6685] [M]: 0x0000000080006860 (0x4CCE8E93) addi t4, t4, 1228
x29 <- 0x000CCCCCCCCCCCCC
mem[X,0x0000000080006864] -> 0x9E93
mem[X,0x0000000080006866] -> 0x00AE
[6686] [M]: 0x0000000080006864 (0x00AE9E93) slli t4, t4, 10
x29 <- 0x3333333333333000
mem[X,0x0000000080006868] -> 0x8E93
mem[X,0x000000008000686A] -> 0x333E
[6687] [M]: 0x0000000080006868 (0x333E8E93) addi t4, t4, 819
x29 <- 0x3333333333333333
mem[X,0x000000008000686C] -> 0x4FB3
mem[X,0x000000008000686E] -> 0x03DF
[6688] [M]: 0x000000008000686C (0x03DF4FB3) div t6, t5, t4
x31 <- 0x0000000000000001
mem[X,0x0000000080006870] -> 0xB823
mem[X,0x0000000080006872] -> 0x4DF6
[6689] [M]: 0x0000000080006870 (0x4DF6B823) sd t6, 1232(a3)
mem[0x000000008000E050] <- 0x0000000000000001
mem[X,0x0000000080006874] -> 0x6F37
mem[X,0x0000000080006876] -> 0x6666
[6690] [M]: 0x0000000080006874 (0x66666F37) lui t5, 419430
x30 <- 0x0000000066666000
mem[X,0x0000000080006878] -> 0x0F13
mem[X,0x000000008000687A] -> 0x666F
[6691] [M]: 0x0000000080006878 (0x666F0F13) addi t5, t5, 1638
x30 <- 0x0000000066666666
mem[X,0x000000008000687C] -> 0x1F13
mem[X,0x000000008000687E] -> 0x00BF
[6692] [M]: 0x000000008000687C (0x00BF1F13) slli t5, t5, 11
x30 <- 0x0000033333333000
mem[X,0x0000000080006880] -> 0x0F13
mem[X,0x0000000080006882] -> 0x333F
[6693] [M]: 0x0000000080006880 (0x333F0F13) addi t5, t5, 819
x30 <- 0x0000033333333333
mem[X,0x0000000080006884] -> 0x1F13
mem[X,0x0000000080006886] -> 0x00BF
[6694] [M]: 0x0000000080006884 (0x00BF1F13) slli t5, t5, 11
x30 <- 0x0019999999999800
mem[X,0x0000000080006888] -> 0x0F13
mem[X,0x000000008000688A] -> 0x199F
[6695] [M]: 0x0000000080006888 (0x199F0F13) addi t5, t5, 409
x30 <- 0x0019999999999999
mem[X,0x000000008000688C] -> 0x1F13
mem[X,0x000000008000688E] -> 0x00AF
[6696] [M]: 0x000000008000688C (0x00AF1F13) slli t5, t5, 10
x30 <- 0x6666666666666400
mem[X,0x0000000080006890] -> 0x0F13
mem[X,0x0000000080006892] -> 0x265F
[6697] [M]: 0x0000000080006890 (0x265F0F13) addi t5, t5, 613
x30 <- 0x6666666666666665
mem[X,0x0000000080006894] -> 0x6EB7
mem[X,0x0000000080006896] -> 0x6666
[6698] [M]: 0x0000000080006894 (0x66666EB7) lui t4, 419430
x29 <- 0x0000000066666000
mem[X,0x0000000080006898] -> 0x8E93
mem[X,0x000000008000689A] -> 0x666E
[6699] [M]: 0x0000000080006898 (0x666E8E93) addi t4, t4, 1638
x29 <- 0x0000000066666666
clint::tick mtime <- 0x0000000000000043
 clint timer pending at mtime 0x0000000000000043
htif::tick 0x0000000000000000
mem[X,0x000000008000689C] -> 0x9E93
mem[X,0x000000008000689E] -> 0x00BE
[6700] [M]: 0x000000008000689C (0x00BE9E93) slli t4, t4, 11
x29 <- 0x0000033333333000
mem[X,0x00000000800068A0] -> 0x8E93
mem[X,0x00000000800068A2] -> 0x333E
[6701] [M]: 0x00000000800068A0 (0x333E8E93) addi t4, t4, 819
x29 <- 0x0000033333333333
mem[X,0x00000000800068A4] -> 0x9E93
mem[X,0x00000000800068A6] -> 0x00BE
[6702] [M]: 0x00000000800068A4 (0x00BE9E93) slli t4, t4, 11
x29 <- 0x0019999999999800
mem[X,0x00000000800068A8] -> 0x8E93
mem[X,0x00000000800068AA] -> 0x199E
[6703] [M]: 0x00000000800068A8 (0x199E8E93) addi t4, t4, 409
x29 <- 0x0019999999999999
mem[X,0x00000000800068AC] -> 0x9E93
mem[X,0x00000000800068AE] -> 0x00AE
[6704] [M]: 0x00000000800068AC (0x00AE9E93) slli t4, t4, 10
x29 <- 0x6666666666666400
mem[X,0x00000000800068B0] -> 0x8E93
mem[X,0x00000000800068B2] -> 0x266E
[6705] [M]: 0x00000000800068B0 (0x266E8E93) addi t4, t4, 614
x29 <- 0x6666666666666666
mem[X,0x00000000800068B4] -> 0x4FB3
mem[X,0x00000000800068B6] -> 0x03DF
[6706] [M]: 0x00000000800068B4 (0x03DF4FB3) div t6, t5, t4
x31 <- 0x0000000000000000
mem[X,0x00000000800068B8] -> 0xBC23
mem[X,0x00000000800068BA] -> 0x4DF6
[6707] [M]: 0x00000000800068B8 (0x4DF6BC23) sd t6, 1240(a3)
mem[0x000000008000E058] <- 0x0000000000000000
mem[X,0x00000000800068BC] -> 0x6F37
mem[X,0x00000000800068BE] -> 0x6666
[6708] [M]: 0x00000000800068BC (0x66666F37) lui t5, 419430
x30 <- 0x0000000066666000
mem[X,0x00000000800068C0] -> 0x0F13
mem[X,0x00000000800068C2] -> 0x666F
[6709] [M]: 0x00000000800068C0 (0x666F0F13) addi t5, t5, 1638
x30 <- 0x0000000066666666
mem[X,0x00000000800068C4] -> 0x1F13
mem[X,0x00000000800068C6] -> 0x00BF
[6710] [M]: 0x00000000800068C4 (0x00BF1F13) slli t5, t5, 11
x30 <- 0x0000033333333000
mem[X,0x00000000800068C8] -> 0x0F13
mem[X,0x00000000800068CA] -> 0x333F
[6711] [M]: 0x00000000800068C8 (0x333F0F13) addi t5, t5, 819
x30 <- 0x0000033333333333
mem[X,0x00000000800068CC] -> 0x1F13
mem[X,0x00000000800068CE] -> 0x00BF
[6712] [M]: 0x00000000800068CC (0x00BF1F13) slli t5, t5, 11
x30 <- 0x0019999999999800
mem[X,0x00000000800068D0] -> 0x0F13
mem[X,0x00000000800068D2] -> 0x199F
[6713] [M]: 0x00000000800068D0 (0x199F0F13) addi t5, t5, 409
x30 <- 0x0019999999999999
mem[X,0x00000000800068D4] -> 0x1F13
mem[X,0x00000000800068D6] -> 0x00AF
[6714] [M]: 0x00000000800068D4 (0x00AF1F13) slli t5, t5, 10
x30 <- 0x6666666666666400
mem[X,0x00000000800068D8] -> 0x0F13
mem[X,0x00000000800068DA] -> 0x265F
[6715] [M]: 0x00000000800068D8 (0x265F0F13) addi t5, t5, 613
x30 <- 0x6666666666666665
mem[X,0x00000000800068DC] -> 0x0EB7
mem[X,0x00000000800068DE] -> 0x0000
[6716] [M]: 0x00000000800068DC (0x00000EB7) lui t4, 0
x29 <- 0x0000000000000000
mem[X,0x00000000800068E0] -> 0x8E93
mem[X,0x00000000800068E2] -> 0xFFFE
[6717] [M]: 0x00000000800068E0 (0xFFFE8E93) addi t4, t4, 4095
x29 <- 0xFFFFFFFFFFFFFFFF
mem[X,0x00000000800068E4] -> 0x9E93
mem[X,0x00000000800068E6] -> 0x00BE
[6718] [M]: 0x00000000800068E4 (0x00BE9E93) slli t4, t4, 11
x29 <- 0xFFFFFFFFFFFFF800
mem[X,0x00000000800068E8] -> 0x8E93
mem[X,0x00000000800068EA] -> 0x257E
[6719] [M]: 0x00000000800068E8 (0x257E8E93) addi t4, t4, 599
x29 <- 0xFFFFFFFFFFFFFA57
mem[X,0x00000000800068EC] -> 0x9E93
mem[X,0x00000000800068EE] -> 0x00BE
[6720] [M]: 0x00000000800068EC (0x00BE9E93) slli t4, t4, 11
x29 <- 0xFFFFFFFFFFD2B800
mem[X,0x00000000800068F0] -> 0x8E93
mem[X,0x00000000800068F2] -> 0x6C3E
[6721] [M]: 0x00000000800068F0 (0x6C3E8E93) addi t4, t4, 1731
x29 <- 0xFFFFFFFFFFD2BEC3
mem[X,0x00000000800068F4] -> 0x9E93
mem[X,0x00000000800068F6] -> 0x00AE
[6722] [M]: 0x00000000800068F4 (0x00AE9E93) slli t4, t4, 10
x29 <- 0xFFFFFFFF4AFB0C00
mem[X,0x00000000800068F8] -> 0x8E93
mem[X,0x00000000800068FA] -> 0x0CDE
[6723] [M]: 0x00000000800068F8 (0x0CDE8E93) addi t4, t4, 205
x29 <- 0xFFFFFFFF4AFB0CCD
mem[X,0x00000000800068FC] -> 0x4FB3
mem[X,0x00000000800068FE] -> 0x03DF
[6724] [M]: 0x00000000800068FC (0x03DF4FB3) div t6, t5, t4
x31 <- 0xFFFFFFFF6F2F3D70
mem[X,0x0000000080006900] -> 0xB023
mem[X,0x0000000080006902] -> 0x4FF6
[6725] [M]: 0x0000000080006900 (0x4FF6B023) sd t6, 1248(a3)
mem[0x000000008000E060] <- 0xFFFFFFFF6F2F3D70
mem[X,0x0000000080006904] -> 0x6F37
mem[X,0x0000000080006906] -> 0x6666
[6726] [M]: 0x0000000080006904 (0x66666F37) lui t5, 419430
x30 <- 0x0000000066666000
mem[X,0x0000000080006908] -> 0x0F13
mem[X,0x000000008000690A] -> 0x666F
[6727] [M]: 0x0000000080006908 (0x666F0F13) addi t5, t5, 1638
x30 <- 0x0000000066666666
mem[X,0x000000008000690C] -> 0x1F13
mem[X,0x000000008000690E] -> 0x00BF
[6728] [M]: 0x000000008000690C (0x00BF1F13) slli t5, t5, 11
x30 <- 0x0000033333333000
mem[X,0x0000000080006910] -> 0x0F13
mem[X,0x0000000080006912] -> 0x333F
[6729] [M]: 0x0000000080006910 (0x333F0F13) addi t5, t5, 819
x30 <- 0x0000033333333333
mem[X,0x0000000080006914] -> 0x1F13
mem[X,0x0000000080006916] -> 0x00BF
[6730] [M]: 0x0000000080006914 (0x00BF1F13) slli t5, t5, 11
x30 <- 0x0019999999999800
mem[X,0x0000000080006918] -> 0x0F13
mem[X,0x000000008000691A] -> 0x199F
[6731] [M]: 0x0000000080006918 (0x199F0F13) addi t5, t5, 409
x30 <- 0x0019999999999999
mem[X,0x000000008000691C] -> 0x1F13
mem[X,0x000000008000691E] -> 0x00AF
[6732] [M]: 0x000000008000691C (0x00AF1F13) slli t5, t5, 10
x30 <- 0x6666666666666400
mem[X,0x0000000080006920] -> 0x0F13
mem[X,0x0000000080006922] -> 0x265F
[6733] [M]: 0x0000000080006920 (0x265F0F13) addi t5, t5, 613
x30 <- 0x6666666666666665
mem[X,0x0000000080006924] -> 0x0EB7
mem[X,0x0000000080006926] -> 0x0000
[6734] [M]: 0x0000000080006924 (0x00000EB7) lui t4, 0
x29 <- 0x0000000000000000
mem[X,0x0000000080006928] -> 0x8E93
mem[X,0x000000008000692A] -> 0x000E
[6735] [M]: 0x0000000080006928 (0x000E8E93) addi t4, t4, 0
x29 <- 0x0000000000000000
mem[X,0x000000008000692C] -> 0x9E93
mem[X,0x000000008000692E] -> 0x00BE
[6736] [M]: 0x000000008000692C (0x00BE9E93) slli t4, t4, 11
x29 <- 0x0000000000000000
mem[X,0x0000000080006930] -> 0x8E93
mem[X,0x0000000080006932] -> 0x5A8E
[6737] [M]: 0x0000000080006930 (0x5A8E8E93) addi t4, t4, 1448
x29 <- 0x00000000000005A8
mem[X,0x0000000080006934] -> 0x9E93
mem[X,0x0000000080006936] -> 0x00BE
[6738] [M]: 0x0000000080006934 (0x00BE9E93) slli t4, t4, 11
x29 <- 0x00000000002D4000
mem[X,0x0000000080006938] -> 0x8E93
mem[X,0x000000008000693A] -> 0x13CE
[6739] [M]: 0x0000000080006938 (0x13CE8E93) addi t4, t4, 316
x29 <- 0x00000000002D413C
mem[X,0x000000008000693C] -> 0x9E93
mem[X,0x000000008000693E] -> 0x00AE
[6740] [M]: 0x000000008000693C (0x00AE9E93) slli t4, t4, 10
x29 <- 0x00000000B504F000
mem[X,0x0000000080006940] -> 0x8E93
mem[X,0x0000000080006942] -> 0x333E
[6741] [M]: 0x0000000080006940 (0x333E8E93) addi t4, t4, 819
x29 <- 0x00000000B504F333
mem[X,0x0000000080006944] -> 0x4FB3
mem[X,0x0000000080006946] -> 0x03DF
[6742] [M]: 0x0000000080006944 (0x03DF4FB3) div t6, t5, t4
x31 <- 0x0000000090D0C290
mem[X,0x0000000080006948] -> 0xB423
mem[X,0x000000008000694A] -> 0x4FF6
[6743] [M]: 0x0000000080006948 (0x4FF6B423) sd t6, 1256(a3)
mem[0x000000008000E068] <- 0x0000000090D0C290
mem[X,0x000000008000694C] -> 0x6F37
mem[X,0x000000008000694E] -> 0x6666
[6744] [M]: 0x000000008000694C (0x66666F37) lui t5, 419430
x30 <- 0x0000000066666000
mem[X,0x0000000080006950] -> 0x0F13
mem[X,0x0000000080006952] -> 0x666F
[6745] [M]: 0x0000000080006950 (0x666F0F13) addi t5, t5, 1638
x30 <- 0x0000000066666666
mem[X,0x0000000080006954] -> 0x1F13
mem[X,0x0000000080006956] -> 0x00BF
[6746] [M]: 0x0000000080006954 (0x00BF1F13) slli t5, t5, 11
x30 <- 0x0000033333333000
mem[X,0x0000000080006958] -> 0x0F13
mem[X,0x000000008000695A] -> 0x333F
[6747] [M]: 0x0000000080006958 (0x333F0F13) addi t5, t5, 819
x30 <- 0x0000033333333333
mem[X,0x000000008000695C] -> 0x1F13
mem[X,0x000000008000695E] -> 0x00BF
[6748] [M]: 0x000000008000695C (0x00BF1F13) slli t5, t5, 11
x30 <- 0x0019999999999800
mem[X,0x0000000080006960] -> 0x0F13
mem[X,0x0000000080006962] -> 0x199F
[6749] [M]: 0x0000000080006960 (0x199F0F13) addi t5, t5, 409
x30 <- 0x0019999999999999
mem[X,0x0000000080006964] -> 0x1F13
mem[X,0x0000000080006966] -> 0x00AF
[6750] [M]: 0x0000000080006964 (0x00AF1F13) slli t5, t5, 10
x30 <- 0x6666666666666400
mem[X,0x0000000080006968] -> 0x0F13
mem[X,0x000000008000696A] -> 0x265F
[6751] [M]: 0x0000000080006968 (0x265F0F13) addi t5, t5, 613
x30 <- 0x6666666666666665
mem[X,0x000000008000696C] -> 0x0E93
mem[X,0x000000008000696E] -> 0x0020
[6752] [M]: 0x000000008000696C (0x00200E93) addi t4, zero, 2
x29 <- 0x0000000000000002
mem[X,0x0000000080006970] -> 0x4FB3
mem[X,0x0000000080006972] -> 0x03DF
[6753] [M]: 0x0000000080006970 (0x03DF4FB3) div t6, t5, t4
x31 <- 0x3333333333333332
mem[X,0x0000000080006974] -> 0xB823
mem[X,0x0000000080006976] -> 0x4FF6
[6754] [M]: 0x0000000080006974 (0x4FF6B823) sd t6, 1264(a3)
mem[0x000000008000E070] <- 0x3333333333333332
mem[X,0x0000000080006978] -> 0x6F37
mem[X,0x000000008000697A] -> 0x6666
[6755] [M]: 0x0000000080006978 (0x66666F37) lui t5, 419430
x30 <- 0x0000000066666000
mem[X,0x000000008000697C] -> 0x0F13
mem[X,0x000000008000697E] -> 0x666F
[6756] [M]: 0x000000008000697C (0x666F0F13) addi t5, t5, 1638
x30 <- 0x0000000066666666
mem[X,0x0000000080006980] -> 0x1F13
mem[X,0x0000000080006982] -> 0x00BF
[6757] [M]: 0x0000000080006980 (0x00BF1F13) slli t5, t5, 11
x30 <- 0x0000033333333000
mem[X,0x0000000080006984] -> 0x0F13
mem[X,0x0000000080006986] -> 0x333F
[6758] [M]: 0x0000000080006984 (0x333F0F13) addi t5, t5, 819
x30 <- 0x0000033333333333
mem[X,0x0000000080006988] -> 0x1F13
mem[X,0x000000008000698A] -> 0x00BF
[6759] [M]: 0x0000000080006988 (0x00BF1F13) slli t5, t5, 11
x30 <- 0x0019999999999800
mem[X,0x000000008000698C] -> 0x0F13
mem[X,0x000000008000698E] -> 0x199F
[6760] [M]: 0x000000008000698C (0x199F0F13) addi t5, t5, 409
x30 <- 0x0019999999999999
mem[X,0x0000000080006990] -> 0x1F13
mem[X,0x0000000080006992] -> 0x00AF
[6761] [M]: 0x0000000080006990 (0x00AF1F13) slli t5, t5, 10
x30 <- 0x6666666666666400
mem[X,0x0000000080006994] -> 0x0F13
mem[X,0x0000000080006996] -> 0x265F
[6762] [M]: 0x0000000080006994 (0x265F0F13) addi t5, t5, 613
x30 <- 0x6666666666666665
mem[X,0x0000000080006998] -> 0x5EB7
mem[X,0x000000008000699A] -> 0x5555
[6763] [M]: 0x0000000080006998 (0x55555EB7) lui t4, 349525
x29 <- 0x0000000055555000
mem[X,0x000000008000699C] -> 0x8E93
mem[X,0x000000008000699E] -> 0x555E
[6764] [M]: 0x000000008000699C (0x555E8E93) addi t4, t4, 1365
x29 <- 0x0000000055555555
mem[X,0x00000000800069A0] -> 0x9E93
mem[X,0x00000000800069A2] -> 0x00BE
[6765] [M]: 0x00000000800069A0 (0x00BE9E93) slli t4, t4, 11
x29 <- 0x000002AAAAAAA800
mem[X,0x00000000800069A4] -> 0x8E93
mem[X,0x00000000800069A6] -> 0x2AAE
[6766] [M]: 0x00000000800069A4 (0x2AAE8E93) addi t4, t4, 682
x29 <- 0x000002AAAAAAAAAA
mem[X,0x00000000800069A8] -> 0x9E93
mem[X,0x00000000800069AA] -> 0x00BE
[6767] [M]: 0x00000000800069A8 (0x00BE9E93) slli t4, t4, 11
x29 <- 0x0015555555555000
mem[X,0x00000000800069AC] -> 0x8E93
mem[X,0x00000000800069AE] -> 0x555E
[6768] [M]: 0x00000000800069AC (0x555E8E93) addi t4, t4, 1365
x29 <- 0x0015555555555555
mem[X,0x00000000800069B0] -> 0x9E93
mem[X,0x00000000800069B2] -> 0x00AE
[6769] [M]: 0x00000000800069B0 (0x00AE9E93) slli t4, t4, 10
x29 <- 0x5555555555555400
mem[X,0x00000000800069B4] -> 0x8E93
mem[X,0x00000000800069B6] -> 0x154E
[6770] [M]: 0x00000000800069B4 (0x154E8E93) addi t4, t4, 340
x29 <- 0x5555555555555554
mem[X,0x00000000800069B8] -> 0x4FB3
mem[X,0x00000000800069BA] -> 0x03DF
[6771] [M]: 0x00000000800069B8 (0x03DF4FB3) div t6, t5, t4
x31 <- 0x0000000000000001
mem[X,0x00000000800069BC] -> 0xBC23
mem[X,0x00000000800069BE] -> 0x4FF6
[6772] [M]: 0x00000000800069BC (0x4FF6BC23) sd t6, 1272(a3)
mem[0x000000008000E078] <- 0x0000000000000001
mem[X,0x00000000800069C0] -> 0x6F37
mem[X,0x00000000800069C2] -> 0x6666
[6773] [M]: 0x00000000800069C0 (0x66666F37) lui t5, 419430
x30 <- 0x0000000066666000
mem[X,0x00000000800069C4] -> 0x0F13
mem[X,0x00000000800069C6] -> 0x666F
[6774] [M]: 0x00000000800069C4 (0x666F0F13) addi t5, t5, 1638
x30 <- 0x0000000066666666
mem[X,0x00000000800069C8] -> 0x1F13
mem[X,0x00000000800069CA] -> 0x00BF
[6775] [M]: 0x00000000800069C8 (0x00BF1F13) slli t5, t5, 11
x30 <- 0x0000033333333000
mem[X,0x00000000800069CC] -> 0x0F13
mem[X,0x00000000800069CE] -> 0x333F
[6776] [M]: 0x00000000800069CC (0x333F0F13) addi t5, t5, 819
x30 <- 0x0000033333333333
mem[X,0x00000000800069D0] -> 0x1F13
mem[X,0x00000000800069D2] -> 0x00BF
[6777] [M]: 0x00000000800069D0 (0x00BF1F13) slli t5, t5, 11
x30 <- 0x0019999999999800
mem[X,0x00000000800069D4] -> 0x0F13
mem[X,0x00000000800069D6] -> 0x199F
[6778] [M]: 0x00000000800069D4 (0x199F0F13) addi t5, t5, 409
x30 <- 0x0019999999999999
mem[X,0x00000000800069D8] -> 0x1F13
mem[X,0x00000000800069DA] -> 0x00AF
[6779] [M]: 0x00000000800069D8 (0x00AF1F13) slli t5, t5, 10
x30 <- 0x6666666666666400
mem[X,0x00000000800069DC] -> 0x0F13
mem[X,0x00000000800069DE] -> 0x265F
[6780] [M]: 0x00000000800069DC (0x265F0F13) addi t5, t5, 613
x30 <- 0x6666666666666665
mem[X,0x00000000800069E0] -> 0x3EB7
mem[X,0x00000000800069E2] -> 0x3333
[6781] [M]: 0x00000000800069E0 (0x33333EB7) lui t4, 209715
x29 <- 0x0000000033333000
mem[X,0x00000000800069E4] -> 0x8E93
mem[X,0x00000000800069E6] -> 0x333E
[6782] [M]: 0x00000000800069E4 (0x333E8E93) addi t4, t4, 819
x29 <- 0x0000000033333333
mem[X,0x00000000800069E8] -> 0x9E93
mem[X,0x00000000800069EA] -> 0x00BE
[6783] [M]: 0x00000000800069E8 (0x00BE9E93) slli t4, t4, 11
x29 <- 0x0000019999999800
mem[X,0x00000000800069EC] -> 0x8E93
mem[X,0x00000000800069EE] -> 0x199E
[6784] [M]: 0x00000000800069EC (0x199E8E93) addi t4, t4, 409
x29 <- 0x0000019999999999
mem[X,0x00000000800069F0] -> 0x9E93
mem[X,0x00000000800069F2] -> 0x00BE
[6785] [M]: 0x00000000800069F0 (0x00BE9E93) slli t4, t4, 11
x29 <- 0x000CCCCCCCCCC800
mem[X,0x00000000800069F4] -> 0x8E93
mem[X,0x00000000800069F6] -> 0x4CCE
[6786] [M]: 0x00000000800069F4 (0x4CCE8E93) addi t4, t4, 1228
x29 <- 0x000CCCCCCCCCCCCC
mem[X,0x00000000800069F8] -> 0x9E93
mem[X,0x00000000800069FA] -> 0x00AE
[6787] [M]: 0x00000000800069F8 (0x00AE9E93) slli t4, t4, 10
x29 <- 0x3333333333333000
mem[X,0x00000000800069FC] -> 0x8E93
mem[X,0x00000000800069FE] -> 0x332E
[6788] [M]: 0x00000000800069FC (0x332E8E93) addi t4, t4, 818
x29 <- 0x3333333333333332
mem[X,0x0000000080006A00] -> 0x4FB3
mem[X,0x0000000080006A02] -> 0x03DF
[6789] [M]: 0x0000000080006A00 (0x03DF4FB3) div t6, t5, t4
x31 <- 0x0000000000000002
mem[X,0x0000000080006A04] -> 0xB023
mem[X,0x0000000080006A06] -> 0x51F6
[6790] [M]: 0x0000000080006A04 (0x51F6B023) sd t6, 1280(a3)
mem[0x000000008000E080] <- 0x0000000000000002
mem[X,0x0000000080006A08] -> 0x6F37
mem[X,0x0000000080006A0A] -> 0x6666
[6791] [M]: 0x0000000080006A08 (0x66666F37) lui t5, 419430
x30 <- 0x0000000066666000
mem[X,0x0000000080006A0C] -> 0x0F13
mem[X,0x0000000080006A0E] -> 0x666F
[6792] [M]: 0x0000000080006A0C (0x666F0F13) addi t5, t5, 1638
x30 <- 0x0000000066666666
mem[X,0x0000000080006A10] -> 0x1F13
mem[X,0x0000000080006A12] -> 0x00BF
[6793] [M]: 0x0000000080006A10 (0x00BF1F13) slli t5, t5, 11
x30 <- 0x0000033333333000
mem[X,0x0000000080006A14] -> 0x0F13
mem[X,0x0000000080006A16] -> 0x333F
[6794] [M]: 0x0000000080006A14 (0x333F0F13) addi t5, t5, 819
x30 <- 0x0000033333333333
mem[X,0x0000000080006A18] -> 0x1F13
mem[X,0x0000000080006A1A] -> 0x00BF
[6795] [M]: 0x0000000080006A18 (0x00BF1F13) slli t5, t5, 11
x30 <- 0x0019999999999800
mem[X,0x0000000080006A1C] -> 0x0F13
mem[X,0x0000000080006A1E] -> 0x199F
[6796] [M]: 0x0000000080006A1C (0x199F0F13) addi t5, t5, 409
x30 <- 0x0019999999999999
mem[X,0x0000000080006A20] -> 0x1F13
mem[X,0x0000000080006A22] -> 0x00AF
[6797] [M]: 0x0000000080006A20 (0x00AF1F13) slli t5, t5, 10
x30 <- 0x6666666666666400
mem[X,0x0000000080006A24] -> 0x0F13
mem[X,0x0000000080006A26] -> 0x265F
[6798] [M]: 0x0000000080006A24 (0x265F0F13) addi t5, t5, 613
x30 <- 0x6666666666666665
mem[X,0x0000000080006A28] -> 0x6EB7
mem[X,0x0000000080006A2A] -> 0x6666
[6799] [M]: 0x0000000080006A28 (0x66666EB7) lui t4, 419430
x29 <- 0x0000000066666000
clint::tick mtime <- 0x0000000000000044
 clint timer pending at mtime 0x0000000000000044
htif::tick 0x0000000000000000
mem[X,0x0000000080006A2C] -> 0x8E93
mem[X,0x0000000080006A2E] -> 0x666E
[6800] [M]: 0x0000000080006A2C (0x666E8E93) addi t4, t4, 1638
x29 <- 0x0000000066666666
mem[X,0x0000000080006A30] -> 0x9E93
mem[X,0x0000000080006A32] -> 0x00BE
[6801] [M]: 0x0000000080006A30 (0x00BE9E93) slli t4, t4, 11
x29 <- 0x0000033333333000
mem[X,0x0000000080006A34] -> 0x8E93
mem[X,0x0000000080006A36] -> 0x333E
[6802] [M]: 0x0000000080006A34 (0x333E8E93) addi t4, t4, 819
x29 <- 0x0000033333333333
mem[X,0x0000000080006A38] -> 0x9E93
mem[X,0x0000000080006A3A] -> 0x00BE
[6803] [M]: 0x0000000080006A38 (0x00BE9E93) slli t4, t4, 11
x29 <- 0x0019999999999800
mem[X,0x0000000080006A3C] -> 0x8E93
mem[X,0x0000000080006A3E] -> 0x199E
[6804] [M]: 0x0000000080006A3C (0x199E8E93) addi t4, t4, 409
x29 <- 0x0019999999999999
mem[X,0x0000000080006A40] -> 0x9E93
mem[X,0x0000000080006A42] -> 0x00AE
[6805] [M]: 0x0000000080006A40 (0x00AE9E93) slli t4, t4, 10
x29 <- 0x6666666666666400
mem[X,0x0000000080006A44] -> 0x8E93
mem[X,0x0000000080006A46] -> 0x265E
[6806] [M]: 0x0000000080006A44 (0x265E8E93) addi t4, t4, 613
x29 <- 0x6666666666666665
mem[X,0x0000000080006A48] -> 0x4FB3
mem[X,0x0000000080006A4A] -> 0x03DF
[6807] [M]: 0x0000000080006A48 (0x03DF4FB3) div t6, t5, t4
x31 <- 0x0000000000000001
mem[X,0x0000000080006A4C] -> 0xB423
mem[X,0x0000000080006A4E] -> 0x51F6
[6808] [M]: 0x0000000080006A4C (0x51F6B423) sd t6, 1288(a3)
mem[0x000000008000E088] <- 0x0000000000000001
mem[X,0x0000000080006A50] -> 0x6F37
mem[X,0x0000000080006A52] -> 0x6666
[6809] [M]: 0x0000000080006A50 (0x66666F37) lui t5, 419430
x30 <- 0x0000000066666000
mem[X,0x0000000080006A54] -> 0x0F13
mem[X,0x0000000080006A56] -> 0x666F
[6810] [M]: 0x0000000080006A54 (0x666F0F13) addi t5, t5, 1638
x30 <- 0x0000000066666666
mem[X,0x0000000080006A58] -> 0x1F13
mem[X,0x0000000080006A5A] -> 0x00BF
[6811] [M]: 0x0000000080006A58 (0x00BF1F13) slli t5, t5, 11
x30 <- 0x0000033333333000
mem[X,0x0000000080006A5C] -> 0x0F13
mem[X,0x0000000080006A5E] -> 0x333F
[6812] [M]: 0x0000000080006A5C (0x333F0F13) addi t5, t5, 819
x30 <- 0x0000033333333333
mem[X,0x0000000080006A60] -> 0x1F13
mem[X,0x0000000080006A62] -> 0x00BF
[6813] [M]: 0x0000000080006A60 (0x00BF1F13) slli t5, t5, 11
x30 <- 0x0019999999999800
mem[X,0x0000000080006A64] -> 0x0F13
mem[X,0x0000000080006A66] -> 0x199F
[6814] [M]: 0x0000000080006A64 (0x199F0F13) addi t5, t5, 409
x30 <- 0x0019999999999999
mem[X,0x0000000080006A68] -> 0x1F13
mem[X,0x0000000080006A6A] -> 0x00AF
[6815] [M]: 0x0000000080006A68 (0x00AF1F13) slli t5, t5, 10
x30 <- 0x6666666666666400
mem[X,0x0000000080006A6C] -> 0x0F13
mem[X,0x0000000080006A6E] -> 0x265F
[6816] [M]: 0x0000000080006A6C (0x265F0F13) addi t5, t5, 613
x30 <- 0x6666666666666665
mem[X,0x0000000080006A70] -> 0x0E93
mem[X,0x0000000080006A72] -> 0x0000
[6817] [M]: 0x0000000080006A70 (0x00000E93) addi t4, zero, 0
x29 <- 0x0000000000000000
mem[X,0x0000000080006A74] -> 0x4FB3
mem[X,0x0000000080006A76] -> 0x03DF
[6818] [M]: 0x0000000080006A74 (0x03DF4FB3) div t6, t5, t4
x31 <- 0xFFFFFFFFFFFFFFFF
mem[X,0x0000000080006A78] -> 0xB823
mem[X,0x0000000080006A7A] -> 0x51F6
[6819] [M]: 0x0000000080006A78 (0x51F6B823) sd t6, 1296(a3)
mem[0x000000008000E090] <- 0xFFFFFFFFFFFFFFFF
mem[X,0x0000000080006A7C] -> 0x6F37
mem[X,0x0000000080006A7E] -> 0x6666
[6820] [M]: 0x0000000080006A7C (0x66666F37) lui t5, 419430
x30 <- 0x0000000066666000
mem[X,0x0000000080006A80] -> 0x0F13
mem[X,0x0000000080006A82] -> 0x666F
[6821] [M]: 0x0000000080006A80 (0x666F0F13) addi t5, t5, 1638
x30 <- 0x0000000066666666
mem[X,0x0000000080006A84] -> 0x1F13
mem[X,0x0000000080006A86] -> 0x00BF
[6822] [M]: 0x0000000080006A84 (0x00BF1F13) slli t5, t5, 11
x30 <- 0x0000033333333000
mem[X,0x0000000080006A88] -> 0x0F13
mem[X,0x0000000080006A8A] -> 0x333F
[6823] [M]: 0x0000000080006A88 (0x333F0F13) addi t5, t5, 819
x30 <- 0x0000033333333333
mem[X,0x0000000080006A8C] -> 0x1F13
mem[X,0x0000000080006A8E] -> 0x00BF
[6824] [M]: 0x0000000080006A8C (0x00BF1F13) slli t5, t5, 11
x30 <- 0x0019999999999800
mem[X,0x0000000080006A90] -> 0x0F13
mem[X,0x0000000080006A92] -> 0x199F
[6825] [M]: 0x0000000080006A90 (0x199F0F13) addi t5, t5, 409
x30 <- 0x0019999999999999
mem[X,0x0000000080006A94] -> 0x1F13
mem[X,0x0000000080006A96] -> 0x00AF
[6826] [M]: 0x0000000080006A94 (0x00AF1F13) slli t5, t5, 10
x30 <- 0x6666666666666400
mem[X,0x0000000080006A98] -> 0x0F13
mem[X,0x0000000080006A9A] -> 0x265F
[6827] [M]: 0x0000000080006A98 (0x265F0F13) addi t5, t5, 613
x30 <- 0x6666666666666665
mem[X,0x0000000080006A9C] -> 0x0EB7
mem[X,0x0000000080006A9E] -> 0x0000
[6828] [M]: 0x0000000080006A9C (0x00000EB7) lui t4, 0
x29 <- 0x0000000000000000
mem[X,0x0000000080006AA0] -> 0x8E93
mem[X,0x0000000080006AA2] -> 0x000E
[6829] [M]: 0x0000000080006AA0 (0x000E8E93) addi t4, t4, 0
x29 <- 0x0000000000000000
mem[X,0x0000000080006AA4] -> 0x9E93
mem[X,0x0000000080006AA6] -> 0x00BE
[6830] [M]: 0x0000000080006AA4 (0x00BE9E93) slli t4, t4, 11
x29 <- 0x0000000000000000
mem[X,0x0000000080006AA8] -> 0x8E93
mem[X,0x0000000080006AAA] -> 0x5A8E
[6831] [M]: 0x0000000080006AA8 (0x5A8E8E93) addi t4, t4, 1448
x29 <- 0x00000000000005A8
mem[X,0x0000000080006AAC] -> 0x9E93
mem[X,0x0000000080006AAE] -> 0x00BE
[6832] [M]: 0x0000000080006AAC (0x00BE9E93) slli t4, t4, 11
x29 <- 0x00000000002D4000
mem[X,0x0000000080006AB0] -> 0x8E93
mem[X,0x0000000080006AB2] -> 0x13CE
[6833] [M]: 0x0000000080006AB0 (0x13CE8E93) addi t4, t4, 316
x29 <- 0x00000000002D413C
mem[X,0x0000000080006AB4] -> 0x9E93
mem[X,0x0000000080006AB6] -> 0x00AE
[6834] [M]: 0x0000000080006AB4 (0x00AE9E93) slli t4, t4, 10
x29 <- 0x00000000B504F000
mem[X,0x0000000080006AB8] -> 0x8E93
mem[X,0x0000000080006ABA] -> 0x332E
[6835] [M]: 0x0000000080006AB8 (0x332E8E93) addi t4, t4, 818
x29 <- 0x00000000B504F332
mem[X,0x0000000080006ABC] -> 0x4FB3
mem[X,0x0000000080006ABE] -> 0x03DF
[6836] [M]: 0x0000000080006ABC (0x03DF4FB3) div t6, t5, t4
x31 <- 0x0000000090D0C291
mem[X,0x0000000080006AC0] -> 0xBC23
mem[X,0x0000000080006AC2] -> 0x51F6
[6837] [M]: 0x0000000080006AC0 (0x51F6BC23) sd t6, 1304(a3)
mem[0x000000008000E098] <- 0x0000000090D0C291
mem[X,0x0000000080006AC4] -> 0x6F37
mem[X,0x0000000080006AC6] -> 0x6666
[6838] [M]: 0x0000000080006AC4 (0x66666F37) lui t5, 419430
x30 <- 0x0000000066666000
mem[X,0x0000000080006AC8] -> 0x0F13
mem[X,0x0000000080006ACA] -> 0x666F
[6839] [M]: 0x0000000080006AC8 (0x666F0F13) addi t5, t5, 1638
x30 <- 0x0000000066666666
mem[X,0x0000000080006ACC] -> 0x1F13
mem[X,0x0000000080006ACE] -> 0x00BF
[6840] [M]: 0x0000000080006ACC (0x00BF1F13) slli t5, t5, 11
x30 <- 0x0000033333333000
mem[X,0x0000000080006AD0] -> 0x0F13
mem[X,0x0000000080006AD2] -> 0x333F
[6841] [M]: 0x0000000080006AD0 (0x333F0F13) addi t5, t5, 819
x30 <- 0x0000033333333333
mem[X,0x0000000080006AD4] -> 0x1F13
mem[X,0x0000000080006AD6] -> 0x00BF
[6842] [M]: 0x0000000080006AD4 (0x00BF1F13) slli t5, t5, 11
x30 <- 0x0019999999999800
mem[X,0x0000000080006AD8] -> 0x0F13
mem[X,0x0000000080006ADA] -> 0x199F
[6843] [M]: 0x0000000080006AD8 (0x199F0F13) addi t5, t5, 409
x30 <- 0x0019999999999999
mem[X,0x0000000080006ADC] -> 0x1F13
mem[X,0x0000000080006ADE] -> 0x00AF
[6844] [M]: 0x0000000080006ADC (0x00AF1F13) slli t5, t5, 10
x30 <- 0x6666666666666400
mem[X,0x0000000080006AE0] -> 0x0F13
mem[X,0x0000000080006AE2] -> 0x265F
[6845] [M]: 0x0000000080006AE0 (0x265F0F13) addi t5, t5, 613
x30 <- 0x6666666666666665
mem[X,0x0000000080006AE4] -> 0x0E93
mem[X,0x0000000080006AE6] -> 0x0040
[6846] [M]: 0x0000000080006AE4 (0x00400E93) addi t4, zero, 4
x29 <- 0x0000000000000004
mem[X,0x0000000080006AE8] -> 0x4FB3
mem[X,0x0000000080006AEA] -> 0x03DF
[6847] [M]: 0x0000000080006AE8 (0x03DF4FB3) div t6, t5, t4
x31 <- 0x1999999999999999
mem[X,0x0000000080006AEC] -> 0xB023
mem[X,0x0000000080006AEE] -> 0x53F6
[6848] [M]: 0x0000000080006AEC (0x53F6B023) sd t6, 1312(a3)
mem[0x000000008000E0A0] <- 0x1999999999999999
mem[X,0x0000000080006AF0] -> 0x6F37
mem[X,0x0000000080006AF2] -> 0x6666
[6849] [M]: 0x0000000080006AF0 (0x66666F37) lui t5, 419430
x30 <- 0x0000000066666000
mem[X,0x0000000080006AF4] -> 0x0F13
mem[X,0x0000000080006AF6] -> 0x666F
[6850] [M]: 0x0000000080006AF4 (0x666F0F13) addi t5, t5, 1638
x30 <- 0x0000000066666666
mem[X,0x0000000080006AF8] -> 0x1F13
mem[X,0x0000000080006AFA] -> 0x00BF
[6851] [M]: 0x0000000080006AF8 (0x00BF1F13) slli t5, t5, 11
x30 <- 0x0000033333333000
mem[X,0x0000000080006AFC] -> 0x0F13
mem[X,0x0000000080006AFE] -> 0x333F
[6852] [M]: 0x0000000080006AFC (0x333F0F13) addi t5, t5, 819
x30 <- 0x0000033333333333
mem[X,0x0000000080006B00] -> 0x1F13
mem[X,0x0000000080006B02] -> 0x00BF
[6853] [M]: 0x0000000080006B00 (0x00BF1F13) slli t5, t5, 11
x30 <- 0x0019999999999800
mem[X,0x0000000080006B04] -> 0x0F13
mem[X,0x0000000080006B06] -> 0x199F
[6854] [M]: 0x0000000080006B04 (0x199F0F13) addi t5, t5, 409
x30 <- 0x0019999999999999
mem[X,0x0000000080006B08] -> 0x1F13
mem[X,0x0000000080006B0A] -> 0x00AF
[6855] [M]: 0x0000000080006B08 (0x00AF1F13) slli t5, t5, 10
x30 <- 0x6666666666666400
mem[X,0x0000000080006B0C] -> 0x0F13
mem[X,0x0000000080006B0E] -> 0x265F
[6856] [M]: 0x0000000080006B0C (0x265F0F13) addi t5, t5, 613
x30 <- 0x6666666666666665
mem[X,0x0000000080006B10] -> 0x5EB7
mem[X,0x0000000080006B12] -> 0x5555
[6857] [M]: 0x0000000080006B10 (0x55555EB7) lui t4, 349525
x29 <- 0x0000000055555000
mem[X,0x0000000080006B14] -> 0x8E93
mem[X,0x0000000080006B16] -> 0x555E
[6858] [M]: 0x0000000080006B14 (0x555E8E93) addi t4, t4, 1365
x29 <- 0x0000000055555555
mem[X,0x0000000080006B18] -> 0x9E93
mem[X,0x0000000080006B1A] -> 0x00BE
[6859] [M]: 0x0000000080006B18 (0x00BE9E93) slli t4, t4, 11
x29 <- 0x000002AAAAAAA800
mem[X,0x0000000080006B1C] -> 0x8E93
mem[X,0x0000000080006B1E] -> 0x2AAE
[6860] [M]: 0x0000000080006B1C (0x2AAE8E93) addi t4, t4, 682
x29 <- 0x000002AAAAAAAAAA
mem[X,0x0000000080006B20] -> 0x9E93
mem[X,0x0000000080006B22] -> 0x00BE
[6861] [M]: 0x0000000080006B20 (0x00BE9E93) slli t4, t4, 11
x29 <- 0x0015555555555000
mem[X,0x0000000080006B24] -> 0x8E93
mem[X,0x0000000080006B26] -> 0x555E
[6862] [M]: 0x0000000080006B24 (0x555E8E93) addi t4, t4, 1365
x29 <- 0x0015555555555555
mem[X,0x0000000080006B28] -> 0x9E93
mem[X,0x0000000080006B2A] -> 0x00AE
[6863] [M]: 0x0000000080006B28 (0x00AE9E93) slli t4, t4, 10
x29 <- 0x5555555555555400
mem[X,0x0000000080006B2C] -> 0x8E93
mem[X,0x0000000080006B2E] -> 0x156E
[6864] [M]: 0x0000000080006B2C (0x156E8E93) addi t4, t4, 342
x29 <- 0x5555555555555556
mem[X,0x0000000080006B30] -> 0x4FB3
mem[X,0x0000000080006B32] -> 0x03DF
[6865] [M]: 0x0000000080006B30 (0x03DF4FB3) div t6, t5, t4
x31 <- 0x0000000000000001
mem[X,0x0000000080006B34] -> 0xB423
mem[X,0x0000000080006B36] -> 0x53F6
[6866] [M]: 0x0000000080006B34 (0x53F6B423) sd t6, 1320(a3)
mem[0x000000008000E0A8] <- 0x0000000000000001
mem[X,0x0000000080006B38] -> 0x6F37
mem[X,0x0000000080006B3A] -> 0x6666
[6867] [M]: 0x0000000080006B38 (0x66666F37) lui t5, 419430
x30 <- 0x0000000066666000
mem[X,0x0000000080006B3C] -> 0x0F13
mem[X,0x0000000080006B3E] -> 0x666F
[6868] [M]: 0x0000000080006B3C (0x666F0F13) addi t5, t5, 1638
x30 <- 0x0000000066666666
mem[X,0x0000000080006B40] -> 0x1F13
mem[X,0x0000000080006B42] -> 0x00BF
[6869] [M]: 0x0000000080006B40 (0x00BF1F13) slli t5, t5, 11
x30 <- 0x0000033333333000
mem[X,0x0000000080006B44] -> 0x0F13
mem[X,0x0000000080006B46] -> 0x333F
[6870] [M]: 0x0000000080006B44 (0x333F0F13) addi t5, t5, 819
x30 <- 0x0000033333333333
mem[X,0x0000000080006B48] -> 0x1F13
mem[X,0x0000000080006B4A] -> 0x00BF
[6871] [M]: 0x0000000080006B48 (0x00BF1F13) slli t5, t5, 11
x30 <- 0x0019999999999800
mem[X,0x0000000080006B4C] -> 0x0F13
mem[X,0x0000000080006B4E] -> 0x199F
[6872] [M]: 0x0000000080006B4C (0x199F0F13) addi t5, t5, 409
x30 <- 0x0019999999999999
mem[X,0x0000000080006B50] -> 0x1F13
mem[X,0x0000000080006B52] -> 0x00AF
[6873] [M]: 0x0000000080006B50 (0x00AF1F13) slli t5, t5, 10
x30 <- 0x6666666666666400
mem[X,0x0000000080006B54] -> 0x0F13
mem[X,0x0000000080006B56] -> 0x265F
[6874] [M]: 0x0000000080006B54 (0x265F0F13) addi t5, t5, 613
x30 <- 0x6666666666666665
mem[X,0x0000000080006B58] -> 0xBEB7
mem[X,0x0000000080006B5A] -> 0xAAAA
[6875] [M]: 0x0000000080006B58 (0xAAAABEB7) lui t4, 699051
x29 <- 0xFFFFFFFFAAAAB000
mem[X,0x0000000080006B5C] -> 0x8E93
mem[X,0x0000000080006B5E] -> 0xAAAE
[6876] [M]: 0x0000000080006B5C (0xAAAE8E93) addi t4, t4, 2730
x29 <- 0xFFFFFFFFAAAAAAAA
mem[X,0x0000000080006B60] -> 0x9E93
mem[X,0x0000000080006B62] -> 0x00BE
[6877] [M]: 0x0000000080006B60 (0x00BE9E93) slli t4, t4, 11
x29 <- 0xFFFFFD5555555000
mem[X,0x0000000080006B64] -> 0x8E93
mem[X,0x0000000080006B66] -> 0x555E
[6878] [M]: 0x0000000080006B64 (0x555E8E93) addi t4, t4, 1365
x29 <- 0xFFFFFD5555555555
mem[X,0x0000000080006B68] -> 0x9E93
mem[X,0x0000000080006B6A] -> 0x00BE
[6879] [M]: 0x0000000080006B68 (0x00BE9E93) slli t4, t4, 11
x29 <- 0xFFEAAAAAAAAAA800
mem[X,0x0000000080006B6C] -> 0x8E93
mem[X,0x0000000080006B6E] -> 0x2AAE
[6880] [M]: 0x0000000080006B6C (0x2AAE8E93) addi t4, t4, 682
x29 <- 0xFFEAAAAAAAAAAAAA
mem[X,0x0000000080006B70] -> 0x9E93
mem[X,0x0000000080006B72] -> 0x00AE
[6881] [M]: 0x0000000080006B70 (0x00AE9E93) slli t4, t4, 10
x29 <- 0xAAAAAAAAAAAAA800
mem[X,0x0000000080006B74] -> 0x8E93
mem[X,0x0000000080006B76] -> 0x2ABE
[6882] [M]: 0x0000000080006B74 (0x2ABE8E93) addi t4, t4, 683
x29 <- 0xAAAAAAAAAAAAAAAB
mem[X,0x0000000080006B78] -> 0x4FB3
mem[X,0x0000000080006B7A] -> 0x03DF
[6883] [M]: 0x0000000080006B78 (0x03DF4FB3) div t6, t5, t4
x31 <- 0xFFFFFFFFFFFFFFFF
mem[X,0x0000000080006B7C] -> 0xB823
mem[X,0x0000000080006B7E] -> 0x53F6
[6884] [M]: 0x0000000080006B7C (0x53F6B823) sd t6, 1328(a3)
mem[0x000000008000E0B0] <- 0xFFFFFFFFFFFFFFFF
mem[X,0x0000000080006B80] -> 0x6F37
mem[X,0x0000000080006B82] -> 0x6666
[6885] [M]: 0x0000000080006B80 (0x66666F37) lui t5, 419430
x30 <- 0x0000000066666000
mem[X,0x0000000080006B84] -> 0x0F13
mem[X,0x0000000080006B86] -> 0x666F
[6886] [M]: 0x0000000080006B84 (0x666F0F13) addi t5, t5, 1638
x30 <- 0x0000000066666666
mem[X,0x0000000080006B88] -> 0x1F13
mem[X,0x0000000080006B8A] -> 0x00BF
[6887] [M]: 0x0000000080006B88 (0x00BF1F13) slli t5, t5, 11
x30 <- 0x0000033333333000
mem[X,0x0000000080006B8C] -> 0x0F13
mem[X,0x0000000080006B8E] -> 0x333F
[6888] [M]: 0x0000000080006B8C (0x333F0F13) addi t5, t5, 819
x30 <- 0x0000033333333333
mem[X,0x0000000080006B90] -> 0x1F13
mem[X,0x0000000080006B92] -> 0x00BF
[6889] [M]: 0x0000000080006B90 (0x00BF1F13) slli t5, t5, 11
x30 <- 0x0019999999999800
mem[X,0x0000000080006B94] -> 0x0F13
mem[X,0x0000000080006B96] -> 0x199F
[6890] [M]: 0x0000000080006B94 (0x199F0F13) addi t5, t5, 409
x30 <- 0x0019999999999999
mem[X,0x0000000080006B98] -> 0x1F13
mem[X,0x0000000080006B9A] -> 0x00AF
[6891] [M]: 0x0000000080006B98 (0x00AF1F13) slli t5, t5, 10
x30 <- 0x6666666666666400
mem[X,0x0000000080006B9C] -> 0x0F13
mem[X,0x0000000080006B9E] -> 0x265F
[6892] [M]: 0x0000000080006B9C (0x265F0F13) addi t5, t5, 613
x30 <- 0x6666666666666665
mem[X,0x0000000080006BA0] -> 0x0E93
mem[X,0x0000000080006BA2] -> 0x0060
[6893] [M]: 0x0000000080006BA0 (0x00600E93) addi t4, zero, 6
x29 <- 0x0000000000000006
mem[X,0x0000000080006BA4] -> 0x4FB3
mem[X,0x0000000080006BA6] -> 0x03DF
[6894] [M]: 0x0000000080006BA4 (0x03DF4FB3) div t6, t5, t4
x31 <- 0x1111111111111110
mem[X,0x0000000080006BA8] -> 0xBC23
mem[X,0x0000000080006BAA] -> 0x53F6
[6895] [M]: 0x0000000080006BA8 (0x53F6BC23) sd t6, 1336(a3)
mem[0x000000008000E0B8] <- 0x1111111111111110
mem[X,0x0000000080006BAC] -> 0x6F37
mem[X,0x0000000080006BAE] -> 0x6666
[6896] [M]: 0x0000000080006BAC (0x66666F37) lui t5, 419430
x30 <- 0x0000000066666000
mem[X,0x0000000080006BB0] -> 0x0F13
mem[X,0x0000000080006BB2] -> 0x666F
[6897] [M]: 0x0000000080006BB0 (0x666F0F13) addi t5, t5, 1638
x30 <- 0x0000000066666666
mem[X,0x0000000080006BB4] -> 0x1F13
mem[X,0x0000000080006BB6] -> 0x00BF
[6898] [M]: 0x0000000080006BB4 (0x00BF1F13) slli t5, t5, 11
x30 <- 0x0000033333333000
mem[X,0x0000000080006BB8] -> 0x0F13
mem[X,0x0000000080006BBA] -> 0x333F
[6899] [M]: 0x0000000080006BB8 (0x333F0F13) addi t5, t5, 819
x30 <- 0x0000033333333333
clint::tick mtime <- 0x0000000000000045
 clint timer pending at mtime 0x0000000000000045
htif::tick 0x0000000000000000
mem[X,0x0000000080006BBC] -> 0x1F13
mem[X,0x0000000080006BBE] -> 0x00BF
[6900] [M]: 0x0000000080006BBC (0x00BF1F13) slli t5, t5, 11
x30 <- 0x0019999999999800
mem[X,0x0000000080006BC0] -> 0x0F13
mem[X,0x0000000080006BC2] -> 0x199F
[6901] [M]: 0x0000000080006BC0 (0x199F0F13) addi t5, t5, 409
x30 <- 0x0019999999999999
mem[X,0x0000000080006BC4] -> 0x1F13
mem[X,0x0000000080006BC6] -> 0x00AF
[6902] [M]: 0x0000000080006BC4 (0x00AF1F13) slli t5, t5, 10
x30 <- 0x6666666666666400
mem[X,0x0000000080006BC8] -> 0x0F13
mem[X,0x0000000080006BCA] -> 0x265F
[6903] [M]: 0x0000000080006BC8 (0x265F0F13) addi t5, t5, 613
x30 <- 0x6666666666666665
mem[X,0x0000000080006BCC] -> 0x3EB7
mem[X,0x0000000080006BCE] -> 0x3333
[6904] [M]: 0x0000000080006BCC (0x33333EB7) lui t4, 209715
x29 <- 0x0000000033333000
mem[X,0x0000000080006BD0] -> 0x8E93
mem[X,0x0000000080006BD2] -> 0x333E
[6905] [M]: 0x0000000080006BD0 (0x333E8E93) addi t4, t4, 819
x29 <- 0x0000000033333333
mem[X,0x0000000080006BD4] -> 0x9E93
mem[X,0x0000000080006BD6] -> 0x00BE
[6906] [M]: 0x0000000080006BD4 (0x00BE9E93) slli t4, t4, 11
x29 <- 0x0000019999999800
mem[X,0x0000000080006BD8] -> 0x8E93
mem[X,0x0000000080006BDA] -> 0x199E
[6907] [M]: 0x0000000080006BD8 (0x199E8E93) addi t4, t4, 409
x29 <- 0x0000019999999999
mem[X,0x0000000080006BDC] -> 0x9E93
mem[X,0x0000000080006BDE] -> 0x00BE
[6908] [M]: 0x0000000080006BDC (0x00BE9E93) slli t4, t4, 11
x29 <- 0x000CCCCCCCCCC800
mem[X,0x0000000080006BE0] -> 0x8E93
mem[X,0x0000000080006BE2] -> 0x4CCE
[6909] [M]: 0x0000000080006BE0 (0x4CCE8E93) addi t4, t4, 1228
x29 <- 0x000CCCCCCCCCCCCC
mem[X,0x0000000080006BE4] -> 0x9E93
mem[X,0x0000000080006BE6] -> 0x00AE
[6910] [M]: 0x0000000080006BE4 (0x00AE9E93) slli t4, t4, 10
x29 <- 0x3333333333333000
mem[X,0x0000000080006BE8] -> 0x8E93
mem[X,0x0000000080006BEA] -> 0x334E
[6911] [M]: 0x0000000080006BE8 (0x334E8E93) addi t4, t4, 820
x29 <- 0x3333333333333334
mem[X,0x0000000080006BEC] -> 0x4FB3
mem[X,0x0000000080006BEE] -> 0x03DF
[6912] [M]: 0x0000000080006BEC (0x03DF4FB3) div t6, t5, t4
x31 <- 0x0000000000000001
mem[X,0x0000000080006BF0] -> 0xB023
mem[X,0x0000000080006BF2] -> 0x55F6
[6913] [M]: 0x0000000080006BF0 (0x55F6B023) sd t6, 1344(a3)
mem[0x000000008000E0C0] <- 0x0000000000000001
mem[X,0x0000000080006BF4] -> 0x6F37
mem[X,0x0000000080006BF6] -> 0x6666
[6914] [M]: 0x0000000080006BF4 (0x66666F37) lui t5, 419430
x30 <- 0x0000000066666000
mem[X,0x0000000080006BF8] -> 0x0F13
mem[X,0x0000000080006BFA] -> 0x666F
[6915] [M]: 0x0000000080006BF8 (0x666F0F13) addi t5, t5, 1638
x30 <- 0x0000000066666666
mem[X,0x0000000080006BFC] -> 0x1F13
mem[X,0x0000000080006BFE] -> 0x00BF
[6916] [M]: 0x0000000080006BFC (0x00BF1F13) slli t5, t5, 11
x30 <- 0x0000033333333000
mem[X,0x0000000080006C00] -> 0x0F13
mem[X,0x0000000080006C02] -> 0x333F
[6917] [M]: 0x0000000080006C00 (0x333F0F13) addi t5, t5, 819
x30 <- 0x0000033333333333
mem[X,0x0000000080006C04] -> 0x1F13
mem[X,0x0000000080006C06] -> 0x00BF
[6918] [M]: 0x0000000080006C04 (0x00BF1F13) slli t5, t5, 11
x30 <- 0x0019999999999800
mem[X,0x0000000080006C08] -> 0x0F13
mem[X,0x0000000080006C0A] -> 0x199F
[6919] [M]: 0x0000000080006C08 (0x199F0F13) addi t5, t5, 409
x30 <- 0x0019999999999999
mem[X,0x0000000080006C0C] -> 0x1F13
mem[X,0x0000000080006C0E] -> 0x00AF
[6920] [M]: 0x0000000080006C0C (0x00AF1F13) slli t5, t5, 10
x30 <- 0x6666666666666400
mem[X,0x0000000080006C10] -> 0x0F13
mem[X,0x0000000080006C12] -> 0x265F
[6921] [M]: 0x0000000080006C10 (0x265F0F13) addi t5, t5, 613
x30 <- 0x6666666666666665
mem[X,0x0000000080006C14] -> 0x6EB7
mem[X,0x0000000080006C16] -> 0x6666
[6922] [M]: 0x0000000080006C14 (0x66666EB7) lui t4, 419430
x29 <- 0x0000000066666000
mem[X,0x0000000080006C18] -> 0x8E93
mem[X,0x0000000080006C1A] -> 0x666E
[6923] [M]: 0x0000000080006C18 (0x666E8E93) addi t4, t4, 1638
x29 <- 0x0000000066666666
mem[X,0x0000000080006C1C] -> 0x9E93
mem[X,0x0000000080006C1E] -> 0x00BE
[6924] [M]: 0x0000000080006C1C (0x00BE9E93) slli t4, t4, 11
x29 <- 0x0000033333333000
mem[X,0x0000000080006C20] -> 0x8E93
mem[X,0x0000000080006C22] -> 0x333E
[6925] [M]: 0x0000000080006C20 (0x333E8E93) addi t4, t4, 819
x29 <- 0x0000033333333333
mem[X,0x0000000080006C24] -> 0x9E93
mem[X,0x0000000080006C26] -> 0x00BE
[6926] [M]: 0x0000000080006C24 (0x00BE9E93) slli t4, t4, 11
x29 <- 0x0019999999999800
mem[X,0x0000000080006C28] -> 0x8E93
mem[X,0x0000000080006C2A] -> 0x199E
[6927] [M]: 0x0000000080006C28 (0x199E8E93) addi t4, t4, 409
x29 <- 0x0019999999999999
mem[X,0x0000000080006C2C] -> 0x9E93
mem[X,0x0000000080006C2E] -> 0x00AE
[6928] [M]: 0x0000000080006C2C (0x00AE9E93) slli t4, t4, 10
x29 <- 0x6666666666666400
mem[X,0x0000000080006C30] -> 0x8E93
mem[X,0x0000000080006C32] -> 0x267E
[6929] [M]: 0x0000000080006C30 (0x267E8E93) addi t4, t4, 615
x29 <- 0x6666666666666667
mem[X,0x0000000080006C34] -> 0x4FB3
mem[X,0x0000000080006C36] -> 0x03DF
[6930] [M]: 0x0000000080006C34 (0x03DF4FB3) div t6, t5, t4
x31 <- 0x0000000000000000
mem[X,0x0000000080006C38] -> 0xB423
mem[X,0x0000000080006C3A] -> 0x55F6
[6931] [M]: 0x0000000080006C38 (0x55F6B423) sd t6, 1352(a3)
mem[0x000000008000E0C8] <- 0x0000000000000000
mem[X,0x0000000080006C3C] -> 0x6F37
mem[X,0x0000000080006C3E] -> 0x6666
[6932] [M]: 0x0000000080006C3C (0x66666F37) lui t5, 419430
x30 <- 0x0000000066666000
mem[X,0x0000000080006C40] -> 0x0F13
mem[X,0x0000000080006C42] -> 0x666F
[6933] [M]: 0x0000000080006C40 (0x666F0F13) addi t5, t5, 1638
x30 <- 0x0000000066666666
mem[X,0x0000000080006C44] -> 0x1F13
mem[X,0x0000000080006C46] -> 0x00BF
[6934] [M]: 0x0000000080006C44 (0x00BF1F13) slli t5, t5, 11
x30 <- 0x0000033333333000
mem[X,0x0000000080006C48] -> 0x0F13
mem[X,0x0000000080006C4A] -> 0x333F
[6935] [M]: 0x0000000080006C48 (0x333F0F13) addi t5, t5, 819
x30 <- 0x0000033333333333
mem[X,0x0000000080006C4C] -> 0x1F13
mem[X,0x0000000080006C4E] -> 0x00BF
[6936] [M]: 0x0000000080006C4C (0x00BF1F13) slli t5, t5, 11
x30 <- 0x0019999999999800
mem[X,0x0000000080006C50] -> 0x0F13
mem[X,0x0000000080006C52] -> 0x199F
[6937] [M]: 0x0000000080006C50 (0x199F0F13) addi t5, t5, 409
x30 <- 0x0019999999999999
mem[X,0x0000000080006C54] -> 0x1F13
mem[X,0x0000000080006C56] -> 0x00AF
[6938] [M]: 0x0000000080006C54 (0x00AF1F13) slli t5, t5, 10
x30 <- 0x6666666666666400
mem[X,0x0000000080006C58] -> 0x0F13
mem[X,0x0000000080006C5A] -> 0x265F
[6939] [M]: 0x0000000080006C58 (0x265F0F13) addi t5, t5, 613
x30 <- 0x6666666666666665
mem[X,0x0000000080006C5C] -> 0x0EB7
mem[X,0x0000000080006C5E] -> 0x0000
[6940] [M]: 0x0000000080006C5C (0x00000EB7) lui t4, 0
x29 <- 0x0000000000000000
mem[X,0x0000000080006C60] -> 0x8E93
mem[X,0x0000000080006C62] -> 0xFFFE
[6941] [M]: 0x0000000080006C60 (0xFFFE8E93) addi t4, t4, 4095
x29 <- 0xFFFFFFFFFFFFFFFF
mem[X,0x0000000080006C64] -> 0x9E93
mem[X,0x0000000080006C66] -> 0x00BE
[6942] [M]: 0x0000000080006C64 (0x00BE9E93) slli t4, t4, 11
x29 <- 0xFFFFFFFFFFFFF800
mem[X,0x0000000080006C68] -> 0x8E93
mem[X,0x0000000080006C6A] -> 0x257E
[6943] [M]: 0x0000000080006C68 (0x257E8E93) addi t4, t4, 599
x29 <- 0xFFFFFFFFFFFFFA57
mem[X,0x0000000080006C6C] -> 0x9E93
mem[X,0x0000000080006C6E] -> 0x00BE
[6944] [M]: 0x0000000080006C6C (0x00BE9E93) slli t4, t4, 11
x29 <- 0xFFFFFFFFFFD2B800
mem[X,0x0000000080006C70] -> 0x8E93
mem[X,0x0000000080006C72] -> 0x6C3E
[6945] [M]: 0x0000000080006C70 (0x6C3E8E93) addi t4, t4, 1731
x29 <- 0xFFFFFFFFFFD2BEC3
mem[X,0x0000000080006C74] -> 0x9E93
mem[X,0x0000000080006C76] -> 0x00AE
[6946] [M]: 0x0000000080006C74 (0x00AE9E93) slli t4, t4, 10
x29 <- 0xFFFFFFFF4AFB0C00
mem[X,0x0000000080006C78] -> 0x8E93
mem[X,0x0000000080006C7A] -> 0x0CEE
[6947] [M]: 0x0000000080006C78 (0x0CEE8E93) addi t4, t4, 206
x29 <- 0xFFFFFFFF4AFB0CCE
mem[X,0x0000000080006C7C] -> 0x4FB3
mem[X,0x0000000080006C7E] -> 0x03DF
[6948] [M]: 0x0000000080006C7C (0x03DF4FB3) div t6, t5, t4
x31 <- 0xFFFFFFFF6F2F3D6F
mem[X,0x0000000080006C80] -> 0xB823
mem[X,0x0000000080006C82] -> 0x55F6
[6949] [M]: 0x0000000080006C80 (0x55F6B823) sd t6, 1360(a3)
mem[0x000000008000E0D0] <- 0xFFFFFFFF6F2F3D6F
mem[X,0x0000000080006C84] -> 0x6F37
mem[X,0x0000000080006C86] -> 0x6666
[6950] [M]: 0x0000000080006C84 (0x66666F37) lui t5, 419430
x30 <- 0x0000000066666000
mem[X,0x0000000080006C88] -> 0x0F13
mem[X,0x0000000080006C8A] -> 0x666F
[6951] [M]: 0x0000000080006C88 (0x666F0F13) addi t5, t5, 1638
x30 <- 0x0000000066666666
mem[X,0x0000000080006C8C] -> 0x1F13
mem[X,0x0000000080006C8E] -> 0x00BF
[6952] [M]: 0x0000000080006C8C (0x00BF1F13) slli t5, t5, 11
x30 <- 0x0000033333333000
mem[X,0x0000000080006C90] -> 0x0F13
mem[X,0x0000000080006C92] -> 0x333F
[6953] [M]: 0x0000000080006C90 (0x333F0F13) addi t5, t5, 819
x30 <- 0x0000033333333333
mem[X,0x0000000080006C94] -> 0x1F13
mem[X,0x0000000080006C96] -> 0x00BF
[6954] [M]: 0x0000000080006C94 (0x00BF1F13) slli t5, t5, 11
x30 <- 0x0019999999999800
mem[X,0x0000000080006C98] -> 0x0F13
mem[X,0x0000000080006C9A] -> 0x199F
[6955] [M]: 0x0000000080006C98 (0x199F0F13) addi t5, t5, 409
x30 <- 0x0019999999999999
mem[X,0x0000000080006C9C] -> 0x1F13
mem[X,0x0000000080006C9E] -> 0x00AF
[6956] [M]: 0x0000000080006C9C (0x00AF1F13) slli t5, t5, 10
x30 <- 0x6666666666666400
mem[X,0x0000000080006CA0] -> 0x0F13
mem[X,0x0000000080006CA2] -> 0x265F
[6957] [M]: 0x0000000080006CA0 (0x265F0F13) addi t5, t5, 613
x30 <- 0x6666666666666665
mem[X,0x0000000080006CA4] -> 0x0EB7
mem[X,0x0000000080006CA6] -> 0x0000
[6958] [M]: 0x0000000080006CA4 (0x00000EB7) lui t4, 0
x29 <- 0x0000000000000000
mem[X,0x0000000080006CA8] -> 0x8E93
mem[X,0x0000000080006CAA] -> 0x000E
[6959] [M]: 0x0000000080006CA8 (0x000E8E93) addi t4, t4, 0
x29 <- 0x0000000000000000
mem[X,0x0000000080006CAC] -> 0x9E93
mem[X,0x0000000080006CAE] -> 0x00BE
[6960] [M]: 0x0000000080006CAC (0x00BE9E93) slli t4, t4, 11
x29 <- 0x0000000000000000
mem[X,0x0000000080006CB0] -> 0x8E93
mem[X,0x0000000080006CB2] -> 0x5A8E
[6961] [M]: 0x0000000080006CB0 (0x5A8E8E93) addi t4, t4, 1448
x29 <- 0x00000000000005A8
mem[X,0x0000000080006CB4] -> 0x9E93
mem[X,0x0000000080006CB6] -> 0x00BE
[6962] [M]: 0x0000000080006CB4 (0x00BE9E93) slli t4, t4, 11
x29 <- 0x00000000002D4000
mem[X,0x0000000080006CB8] -> 0x8E93
mem[X,0x0000000080006CBA] -> 0x13CE
[6963] [M]: 0x0000000080006CB8 (0x13CE8E93) addi t4, t4, 316
x29 <- 0x00000000002D413C
mem[X,0x0000000080006CBC] -> 0x9E93
mem[X,0x0000000080006CBE] -> 0x00AE
[6964] [M]: 0x0000000080006CBC (0x00AE9E93) slli t4, t4, 10
x29 <- 0x00000000B504F000
mem[X,0x0000000080006CC0] -> 0x8E93
mem[X,0x0000000080006CC2] -> 0x334E
[6965] [M]: 0x0000000080006CC0 (0x334E8E93) addi t4, t4, 820
x29 <- 0x00000000B504F334
mem[X,0x0000000080006CC4] -> 0x4FB3
mem[X,0x0000000080006CC6] -> 0x03DF
[6966] [M]: 0x0000000080006CC4 (0x03DF4FB3) div t6, t5, t4
x31 <- 0x0000000090D0C28F
mem[X,0x0000000080006CC8] -> 0xBC23
mem[X,0x0000000080006CCA] -> 0x55F6
[6967] [M]: 0x0000000080006CC8 (0x55F6BC23) sd t6, 1368(a3)
mem[0x000000008000E0D8] <- 0x0000000090D0C28F
mem[X,0x0000000080006CCC] -> 0x0F13
mem[X,0x0000000080006CCE] -> 0x0000
[6968] [M]: 0x0000000080006CCC (0x00000F13) addi t5, zero, 0
x30 <- 0x0000000000000000
mem[X,0x0000000080006CD0] -> 0x0E93
mem[X,0x0000000080006CD2] -> 0x0030
[6969] [M]: 0x0000000080006CD0 (0x00300E93) addi t4, zero, 3
x29 <- 0x0000000000000003
mem[X,0x0000000080006CD4] -> 0x4FB3
mem[X,0x0000000080006CD6] -> 0x03DF
[6970] [M]: 0x0000000080006CD4 (0x03DF4FB3) div t6, t5, t4
x31 <- 0x0000000000000000
mem[X,0x0000000080006CD8] -> 0xB023
mem[X,0x0000000080006CDA] -> 0x57F6
[6971] [M]: 0x0000000080006CD8 (0x57F6B023) sd t6, 1376(a3)
mem[0x000000008000E0E0] <- 0x0000000000000000
mem[X,0x0000000080006CDC] -> 0x0F13
mem[X,0x0000000080006CDE] -> 0x0000
[6972] [M]: 0x0000000080006CDC (0x00000F13) addi t5, zero, 0
x30 <- 0x0000000000000000
mem[X,0x0000000080006CE0] -> 0x5EB7
mem[X,0x0000000080006CE2] -> 0x5555
[6973] [M]: 0x0000000080006CE0 (0x55555EB7) lui t4, 349525
x29 <- 0x0000000055555000
mem[X,0x0000000080006CE4] -> 0x8E93
mem[X,0x0000000080006CE6] -> 0x555E
[6974] [M]: 0x0000000080006CE4 (0x555E8E93) addi t4, t4, 1365
x29 <- 0x0000000055555555
mem[X,0x0000000080006CE8] -> 0x9E93
mem[X,0x0000000080006CEA] -> 0x00BE
[6975] [M]: 0x0000000080006CE8 (0x00BE9E93) slli t4, t4, 11
x29 <- 0x000002AAAAAAA800
mem[X,0x0000000080006CEC] -> 0x8E93
mem[X,0x0000000080006CEE] -> 0x2AAE
[6976] [M]: 0x0000000080006CEC (0x2AAE8E93) addi t4, t4, 682
x29 <- 0x000002AAAAAAAAAA
mem[X,0x0000000080006CF0] -> 0x9E93
mem[X,0x0000000080006CF2] -> 0x00BE
[6977] [M]: 0x0000000080006CF0 (0x00BE9E93) slli t4, t4, 11
x29 <- 0x0015555555555000
mem[X,0x0000000080006CF4] -> 0x8E93
mem[X,0x0000000080006CF6] -> 0x555E
[6978] [M]: 0x0000000080006CF4 (0x555E8E93) addi t4, t4, 1365
x29 <- 0x0015555555555555
mem[X,0x0000000080006CF8] -> 0x9E93
mem[X,0x0000000080006CFA] -> 0x00AE
[6979] [M]: 0x0000000080006CF8 (0x00AE9E93) slli t4, t4, 10
x29 <- 0x5555555555555400
mem[X,0x0000000080006CFC] -> 0x8E93
mem[X,0x0000000080006CFE] -> 0x155E
[6980] [M]: 0x0000000080006CFC (0x155E8E93) addi t4, t4, 341
x29 <- 0x5555555555555555
mem[X,0x0000000080006D00] -> 0x4FB3
mem[X,0x0000000080006D02] -> 0x03DF
[6981] [M]: 0x0000000080006D00 (0x03DF4FB3) div t6, t5, t4
x31 <- 0x0000000000000000
mem[X,0x0000000080006D04] -> 0xB423
mem[X,0x0000000080006D06] -> 0x57F6
[6982] [M]: 0x0000000080006D04 (0x57F6B423) sd t6, 1384(a3)
mem[0x000000008000E0E8] <- 0x0000000000000000
mem[X,0x0000000080006D08] -> 0x0F13
mem[X,0x0000000080006D0A] -> 0x0000
[6983] [M]: 0x0000000080006D08 (0x00000F13) addi t5, zero, 0
x30 <- 0x0000000000000000
mem[X,0x0000000080006D0C] -> 0xBEB7
mem[X,0x0000000080006D0E] -> 0xAAAA
[6984] [M]: 0x0000000080006D0C (0xAAAABEB7) lui t4, 699051
x29 <- 0xFFFFFFFFAAAAB000
mem[X,0x0000000080006D10] -> 0x8E93
mem[X,0x0000000080006D12] -> 0xAAAE
[6985] [M]: 0x0000000080006D10 (0xAAAE8E93) addi t4, t4, 2730
x29 <- 0xFFFFFFFFAAAAAAAA
mem[X,0x0000000080006D14] -> 0x9E93
mem[X,0x0000000080006D16] -> 0x00BE
[6986] [M]: 0x0000000080006D14 (0x00BE9E93) slli t4, t4, 11
x29 <- 0xFFFFFD5555555000
mem[X,0x0000000080006D18] -> 0x8E93
mem[X,0x0000000080006D1A] -> 0x555E
[6987] [M]: 0x0000000080006D18 (0x555E8E93) addi t4, t4, 1365
x29 <- 0xFFFFFD5555555555
mem[X,0x0000000080006D1C] -> 0x9E93
mem[X,0x0000000080006D1E] -> 0x00BE
[6988] [M]: 0x0000000080006D1C (0x00BE9E93) slli t4, t4, 11
x29 <- 0xFFEAAAAAAAAAA800
mem[X,0x0000000080006D20] -> 0x8E93
mem[X,0x0000000080006D22] -> 0x2AAE
[6989] [M]: 0x0000000080006D20 (0x2AAE8E93) addi t4, t4, 682
x29 <- 0xFFEAAAAAAAAAAAAA
mem[X,0x0000000080006D24] -> 0x9E93
mem[X,0x0000000080006D26] -> 0x00AE
[6990] [M]: 0x0000000080006D24 (0x00AE9E93) slli t4, t4, 10
x29 <- 0xAAAAAAAAAAAAA800
mem[X,0x0000000080006D28] -> 0x8E93
mem[X,0x0000000080006D2A] -> 0x2AAE
[6991] [M]: 0x0000000080006D28 (0x2AAE8E93) addi t4, t4, 682
x29 <- 0xAAAAAAAAAAAAAAAA
mem[X,0x0000000080006D2C] -> 0x4FB3
mem[X,0x0000000080006D2E] -> 0x03DF
[6992] [M]: 0x0000000080006D2C (0x03DF4FB3) div t6, t5, t4
x31 <- 0x0000000000000000
mem[X,0x0000000080006D30] -> 0xB823
mem[X,0x0000000080006D32] -> 0x57F6
[6993] [M]: 0x0000000080006D30 (0x57F6B823) sd t6, 1392(a3)
mem[0x000000008000E0F0] <- 0x0000000000000000
mem[X,0x0000000080006D34] -> 0x0F13
mem[X,0x0000000080006D36] -> 0x0000
[6994] [M]: 0x0000000080006D34 (0x00000F13) addi t5, zero, 0
x30 <- 0x0000000000000000
mem[X,0x0000000080006D38] -> 0x0E93
mem[X,0x0000000080006D3A] -> 0x0050
[6995] [M]: 0x0000000080006D38 (0x00500E93) addi t4, zero, 5
x29 <- 0x0000000000000005
mem[X,0x0000000080006D3C] -> 0x4FB3
mem[X,0x0000000080006D3E] -> 0x03DF
[6996] [M]: 0x0000000080006D3C (0x03DF4FB3) div t6, t5, t4
x31 <- 0x0000000000000000
mem[X,0x0000000080006D40] -> 0xBC23
mem[X,0x0000000080006D42] -> 0x57F6
[6997] [M]: 0x0000000080006D40 (0x57F6BC23) sd t6, 1400(a3)
mem[0x000000008000E0F8] <- 0x0000000000000000
mem[X,0x0000000080006D44] -> 0x0F13
mem[X,0x0000000080006D46] -> 0x0000
[6998] [M]: 0x0000000080006D44 (0x00000F13) addi t5, zero, 0
x30 <- 0x0000000000000000
mem[X,0x0000000080006D48] -> 0x3EB7
mem[X,0x0000000080006D4A] -> 0x3333
[6999] [M]: 0x0000000080006D48 (0x33333EB7) lui t4, 209715
x29 <- 0x0000000033333000
clint::tick mtime <- 0x0000000000000046
 clint timer pending at mtime 0x0000000000000046
htif::tick 0x0000000000000000
mem[X,0x0000000080006D4C] -> 0x8E93
mem[X,0x0000000080006D4E] -> 0x333E
[7000] [M]: 0x0000000080006D4C (0x333E8E93) addi t4, t4, 819
x29 <- 0x0000000033333333
mem[X,0x0000000080006D50] -> 0x9E93
mem[X,0x0000000080006D52] -> 0x00BE
[7001] [M]: 0x0000000080006D50 (0x00BE9E93) slli t4, t4, 11
x29 <- 0x0000019999999800
mem[X,0x0000000080006D54] -> 0x8E93
mem[X,0x0000000080006D56] -> 0x199E
[7002] [M]: 0x0000000080006D54 (0x199E8E93) addi t4, t4, 409
x29 <- 0x0000019999999999
mem[X,0x0000000080006D58] -> 0x9E93
mem[X,0x0000000080006D5A] -> 0x00BE
[7003] [M]: 0x0000000080006D58 (0x00BE9E93) slli t4, t4, 11
x29 <- 0x000CCCCCCCCCC800
mem[X,0x0000000080006D5C] -> 0x8E93
mem[X,0x0000000080006D5E] -> 0x4CCE
[7004] [M]: 0x0000000080006D5C (0x4CCE8E93) addi t4, t4, 1228
x29 <- 0x000CCCCCCCCCCCCC
mem[X,0x0000000080006D60] -> 0x9E93
mem[X,0x0000000080006D62] -> 0x00AE
[7005] [M]: 0x0000000080006D60 (0x00AE9E93) slli t4, t4, 10
x29 <- 0x3333333333333000
mem[X,0x0000000080006D64] -> 0x8E93
mem[X,0x0000000080006D66] -> 0x333E
[7006] [M]: 0x0000000080006D64 (0x333E8E93) addi t4, t4, 819
x29 <- 0x3333333333333333
mem[X,0x0000000080006D68] -> 0x4FB3
mem[X,0x0000000080006D6A] -> 0x03DF
[7007] [M]: 0x0000000080006D68 (0x03DF4FB3) div t6, t5, t4
x31 <- 0x0000000000000000
mem[X,0x0000000080006D6C] -> 0xB023
mem[X,0x0000000080006D6E] -> 0x59F6
[7008] [M]: 0x0000000080006D6C (0x59F6B023) sd t6, 1408(a3)
mem[0x000000008000E100] <- 0x0000000000000000
mem[X,0x0000000080006D70] -> 0x0F13
mem[X,0x0000000080006D72] -> 0x0000
[7009] [M]: 0x0000000080006D70 (0x00000F13) addi t5, zero, 0
x30 <- 0x0000000000000000
mem[X,0x0000000080006D74] -> 0x6EB7
mem[X,0x0000000080006D76] -> 0x6666
[7010] [M]: 0x0000000080006D74 (0x66666EB7) lui t4, 419430
x29 <- 0x0000000066666000
mem[X,0x0000000080006D78] -> 0x8E93
mem[X,0x0000000080006D7A] -> 0x666E
[7011] [M]: 0x0000000080006D78 (0x666E8E93) addi t4, t4, 1638
x29 <- 0x0000000066666666
mem[X,0x0000000080006D7C] -> 0x9E93
mem[X,0x0000000080006D7E] -> 0x00BE
[7012] [M]: 0x0000000080006D7C (0x00BE9E93) slli t4, t4, 11
x29 <- 0x0000033333333000
mem[X,0x0000000080006D80] -> 0x8E93
mem[X,0x0000000080006D82] -> 0x333E
[7013] [M]: 0x0000000080006D80 (0x333E8E93) addi t4, t4, 819
x29 <- 0x0000033333333333
mem[X,0x0000000080006D84] -> 0x9E93
mem[X,0x0000000080006D86] -> 0x00BE
[7014] [M]: 0x0000000080006D84 (0x00BE9E93) slli t4, t4, 11
x29 <- 0x0019999999999800
mem[X,0x0000000080006D88] -> 0x8E93
mem[X,0x0000000080006D8A] -> 0x199E
[7015] [M]: 0x0000000080006D88 (0x199E8E93) addi t4, t4, 409
x29 <- 0x0019999999999999
mem[X,0x0000000080006D8C] -> 0x9E93
mem[X,0x0000000080006D8E] -> 0x00AE
[7016] [M]: 0x0000000080006D8C (0x00AE9E93) slli t4, t4, 10
x29 <- 0x6666666666666400
mem[X,0x0000000080006D90] -> 0x8E93
mem[X,0x0000000080006D92] -> 0x266E
[7017] [M]: 0x0000000080006D90 (0x266E8E93) addi t4, t4, 614
x29 <- 0x6666666666666666
mem[X,0x0000000080006D94] -> 0x4FB3
mem[X,0x0000000080006D96] -> 0x03DF
[7018] [M]: 0x0000000080006D94 (0x03DF4FB3) div t6, t5, t4
x31 <- 0x0000000000000000
mem[X,0x0000000080006D98] -> 0xB423
mem[X,0x0000000080006D9A] -> 0x59F6
[7019] [M]: 0x0000000080006D98 (0x59F6B423) sd t6, 1416(a3)
mem[0x000000008000E108] <- 0x0000000000000000
mem[X,0x0000000080006D9C] -> 0x0F13
mem[X,0x0000000080006D9E] -> 0x0000
[7020] [M]: 0x0000000080006D9C (0x00000F13) addi t5, zero, 0
x30 <- 0x0000000000000000
mem[X,0x0000000080006DA0] -> 0x0EB7
mem[X,0x0000000080006DA2] -> 0x0000
[7021] [M]: 0x0000000080006DA0 (0x00000EB7) lui t4, 0
x29 <- 0x0000000000000000
mem[X,0x0000000080006DA4] -> 0x8E93
mem[X,0x0000000080006DA6] -> 0xFFFE
[7022] [M]: 0x0000000080006DA4 (0xFFFE8E93) addi t4, t4, 4095
x29 <- 0xFFFFFFFFFFFFFFFF
mem[X,0x0000000080006DA8] -> 0x9E93
mem[X,0x0000000080006DAA] -> 0x00BE
[7023] [M]: 0x0000000080006DA8 (0x00BE9E93) slli t4, t4, 11
x29 <- 0xFFFFFFFFFFFFF800
mem[X,0x0000000080006DAC] -> 0x8E93
mem[X,0x0000000080006DAE] -> 0x257E
[7024] [M]: 0x0000000080006DAC (0x257E8E93) addi t4, t4, 599
x29 <- 0xFFFFFFFFFFFFFA57
mem[X,0x0000000080006DB0] -> 0x9E93
mem[X,0x0000000080006DB2] -> 0x00BE
[7025] [M]: 0x0000000080006DB0 (0x00BE9E93) slli t4, t4, 11
x29 <- 0xFFFFFFFFFFD2B800
mem[X,0x0000000080006DB4] -> 0x8E93
mem[X,0x0000000080006DB6] -> 0x6C3E
[7026] [M]: 0x0000000080006DB4 (0x6C3E8E93) addi t4, t4, 1731
x29 <- 0xFFFFFFFFFFD2BEC3
mem[X,0x0000000080006DB8] -> 0x9E93
mem[X,0x0000000080006DBA] -> 0x00AE
[7027] [M]: 0x0000000080006DB8 (0x00AE9E93) slli t4, t4, 10
x29 <- 0xFFFFFFFF4AFB0C00
mem[X,0x0000000080006DBC] -> 0x8E93
mem[X,0x0000000080006DBE] -> 0x0CDE
[7028] [M]: 0x0000000080006DBC (0x0CDE8E93) addi t4, t4, 205
x29 <- 0xFFFFFFFF4AFB0CCD
mem[X,0x0000000080006DC0] -> 0x4FB3
mem[X,0x0000000080006DC2] -> 0x03DF
[7029] [M]: 0x0000000080006DC0 (0x03DF4FB3) div t6, t5, t4
x31 <- 0x0000000000000000
mem[X,0x0000000080006DC4] -> 0xB823
mem[X,0x0000000080006DC6] -> 0x59F6
[7030] [M]: 0x0000000080006DC4 (0x59F6B823) sd t6, 1424(a3)
mem[0x000000008000E110] <- 0x0000000000000000
mem[X,0x0000000080006DC8] -> 0x0F13
mem[X,0x0000000080006DCA] -> 0x0000
[7031] [M]: 0x0000000080006DC8 (0x00000F13) addi t5, zero, 0
x30 <- 0x0000000000000000
mem[X,0x0000000080006DCC] -> 0x0EB7
mem[X,0x0000000080006DCE] -> 0x0000
[7032] [M]: 0x0000000080006DCC (0x00000EB7) lui t4, 0
x29 <- 0x0000000000000000
mem[X,0x0000000080006DD0] -> 0x8E93
mem[X,0x0000000080006DD2] -> 0x000E
[7033] [M]: 0x0000000080006DD0 (0x000E8E93) addi t4, t4, 0
x29 <- 0x0000000000000000
mem[X,0x0000000080006DD4] -> 0x9E93
mem[X,0x0000000080006DD6] -> 0x00BE
[7034] [M]: 0x0000000080006DD4 (0x00BE9E93) slli t4, t4, 11
x29 <- 0x0000000000000000
mem[X,0x0000000080006DD8] -> 0x8E93
mem[X,0x0000000080006DDA] -> 0x5A8E
[7035] [M]: 0x0000000080006DD8 (0x5A8E8E93) addi t4, t4, 1448
x29 <- 0x00000000000005A8
mem[X,0x0000000080006DDC] -> 0x9E93
mem[X,0x0000000080006DDE] -> 0x00BE
[7036] [M]: 0x0000000080006DDC (0x00BE9E93) slli t4, t4, 11
x29 <- 0x00000000002D4000
mem[X,0x0000000080006DE0] -> 0x8E93
mem[X,0x0000000080006DE2] -> 0x13CE
[7037] [M]: 0x0000000080006DE0 (0x13CE8E93) addi t4, t4, 316
x29 <- 0x00000000002D413C
mem[X,0x0000000080006DE4] -> 0x9E93
mem[X,0x0000000080006DE6] -> 0x00AE
[7038] [M]: 0x0000000080006DE4 (0x00AE9E93) slli t4, t4, 10
x29 <- 0x00000000B504F000
mem[X,0x0000000080006DE8] -> 0x8E93
mem[X,0x0000000080006DEA] -> 0x333E
[7039] [M]: 0x0000000080006DE8 (0x333E8E93) addi t4, t4, 819
x29 <- 0x00000000B504F333
mem[X,0x0000000080006DEC] -> 0x4FB3
mem[X,0x0000000080006DEE] -> 0x03DF
[7040] [M]: 0x0000000080006DEC (0x03DF4FB3) div t6, t5, t4
x31 <- 0x0000000000000000
mem[X,0x0000000080006DF0] -> 0xBC23
mem[X,0x0000000080006DF2] -> 0x59F6
[7041] [M]: 0x0000000080006DF0 (0x59F6BC23) sd t6, 1432(a3)
mem[0x000000008000E118] <- 0x0000000000000000
mem[X,0x0000000080006DF4] -> 0x0F13
mem[X,0x0000000080006DF6] -> 0x0000
[7042] [M]: 0x0000000080006DF4 (0x00000F13) addi t5, zero, 0
x30 <- 0x0000000000000000
mem[X,0x0000000080006DF8] -> 0x0E93
mem[X,0x0000000080006DFA] -> 0x0020
[7043] [M]: 0x0000000080006DF8 (0x00200E93) addi t4, zero, 2
x29 <- 0x0000000000000002
mem[X,0x0000000080006DFC] -> 0x4FB3
mem[X,0x0000000080006DFE] -> 0x03DF
[7044] [M]: 0x0000000080006DFC (0x03DF4FB3) div t6, t5, t4
x31 <- 0x0000000000000000
mem[X,0x0000000080006E00] -> 0xB023
mem[X,0x0000000080006E02] -> 0x5BF6
[7045] [M]: 0x0000000080006E00 (0x5BF6B023) sd t6, 1440(a3)
mem[0x000000008000E120] <- 0x0000000000000000
mem[X,0x0000000080006E04] -> 0x0F13
mem[X,0x0000000080006E06] -> 0x0000
[7046] [M]: 0x0000000080006E04 (0x00000F13) addi t5, zero, 0
x30 <- 0x0000000000000000
mem[X,0x0000000080006E08] -> 0x5EB7
mem[X,0x0000000080006E0A] -> 0x5555
[7047] [M]: 0x0000000080006E08 (0x55555EB7) lui t4, 349525
x29 <- 0x0000000055555000
mem[X,0x0000000080006E0C] -> 0x8E93
mem[X,0x0000000080006E0E] -> 0x555E
[7048] [M]: 0x0000000080006E0C (0x555E8E93) addi t4, t4, 1365
x29 <- 0x0000000055555555
mem[X,0x0000000080006E10] -> 0x9E93
mem[X,0x0000000080006E12] -> 0x00BE
[7049] [M]: 0x0000000080006E10 (0x00BE9E93) slli t4, t4, 11
x29 <- 0x000002AAAAAAA800
mem[X,0x0000000080006E14] -> 0x8E93
mem[X,0x0000000080006E16] -> 0x2AAE
[7050] [M]: 0x0000000080006E14 (0x2AAE8E93) addi t4, t4, 682
x29 <- 0x000002AAAAAAAAAA
mem[X,0x0000000080006E18] -> 0x9E93
mem[X,0x0000000080006E1A] -> 0x00BE
[7051] [M]: 0x0000000080006E18 (0x00BE9E93) slli t4, t4, 11
x29 <- 0x0015555555555000
mem[X,0x0000000080006E1C] -> 0x8E93
mem[X,0x0000000080006E1E] -> 0x555E
[7052] [M]: 0x0000000080006E1C (0x555E8E93) addi t4, t4, 1365
x29 <- 0x0015555555555555
mem[X,0x0000000080006E20] -> 0x9E93
mem[X,0x0000000080006E22] -> 0x00AE
[7053] [M]: 0x0000000080006E20 (0x00AE9E93) slli t4, t4, 10
x29 <- 0x5555555555555400
mem[X,0x0000000080006E24] -> 0x8E93
mem[X,0x0000000080006E26] -> 0x154E
[7054] [M]: 0x0000000080006E24 (0x154E8E93) addi t4, t4, 340
x29 <- 0x5555555555555554
mem[X,0x0000000080006E28] -> 0x4FB3
mem[X,0x0000000080006E2A] -> 0x03DF
[7055] [M]: 0x0000000080006E28 (0x03DF4FB3) div t6, t5, t4
x31 <- 0x0000000000000000
mem[X,0x0000000080006E2C] -> 0xB423
mem[X,0x0000000080006E2E] -> 0x5BF6
[7056] [M]: 0x0000000080006E2C (0x5BF6B423) sd t6, 1448(a3)
mem[0x000000008000E128] <- 0x0000000000000000
mem[X,0x0000000080006E30] -> 0x0F13
mem[X,0x0000000080006E32] -> 0x0000
[7057] [M]: 0x0000000080006E30 (0x00000F13) addi t5, zero, 0
x30 <- 0x0000000000000000
mem[X,0x0000000080006E34] -> 0x3EB7
mem[X,0x0000000080006E36] -> 0x3333
[7058] [M]: 0x0000000080006E34 (0x33333EB7) lui t4, 209715
x29 <- 0x0000000033333000
mem[X,0x0000000080006E38] -> 0x8E93
mem[X,0x0000000080006E3A] -> 0x333E
[7059] [M]: 0x0000000080006E38 (0x333E8E93) addi t4, t4, 819
x29 <- 0x0000000033333333
mem[X,0x0000000080006E3C] -> 0x9E93
mem[X,0x0000000080006E3E] -> 0x00BE
[7060] [M]: 0x0000000080006E3C (0x00BE9E93) slli t4, t4, 11
x29 <- 0x0000019999999800
mem[X,0x0000000080006E40] -> 0x8E93
mem[X,0x0000000080006E42] -> 0x199E
[7061] [M]: 0x0000000080006E40 (0x199E8E93) addi t4, t4, 409
x29 <- 0x0000019999999999
mem[X,0x0000000080006E44] -> 0x9E93
mem[X,0x0000000080006E46] -> 0x00BE
[7062] [M]: 0x0000000080006E44 (0x00BE9E93) slli t4, t4, 11
x29 <- 0x000CCCCCCCCCC800
mem[X,0x0000000080006E48] -> 0x8E93
mem[X,0x0000000080006E4A] -> 0x4CCE
[7063] [M]: 0x0000000080006E48 (0x4CCE8E93) addi t4, t4, 1228
x29 <- 0x000CCCCCCCCCCCCC
mem[X,0x0000000080006E4C] -> 0x9E93
mem[X,0x0000000080006E4E] -> 0x00AE
[7064] [M]: 0x0000000080006E4C (0x00AE9E93) slli t4, t4, 10
x29 <- 0x3333333333333000
mem[X,0x0000000080006E50] -> 0x8E93
mem[X,0x0000000080006E52] -> 0x332E
[7065] [M]: 0x0000000080006E50 (0x332E8E93) addi t4, t4, 818
x29 <- 0x3333333333333332
mem[X,0x0000000080006E54] -> 0x4FB3
mem[X,0x0000000080006E56] -> 0x03DF
[7066] [M]: 0x0000000080006E54 (0x03DF4FB3) div t6, t5, t4
x31 <- 0x0000000000000000
mem[X,0x0000000080006E58] -> 0xB823
mem[X,0x0000000080006E5A] -> 0x5BF6
[7067] [M]: 0x0000000080006E58 (0x5BF6B823) sd t6, 1456(a3)
mem[0x000000008000E130] <- 0x0000000000000000
mem[X,0x0000000080006E5C] -> 0x0F13
mem[X,0x0000000080006E5E] -> 0x0000
[7068] [M]: 0x0000000080006E5C (0x00000F13) addi t5, zero, 0
x30 <- 0x0000000000000000
mem[X,0x0000000080006E60] -> 0x6EB7
mem[X,0x0000000080006E62] -> 0x6666
[7069] [M]: 0x0000000080006E60 (0x66666EB7) lui t4, 419430
x29 <- 0x0000000066666000
mem[X,0x0000000080006E64] -> 0x8E93
mem[X,0x0000000080006E66] -> 0x666E
[7070] [M]: 0x0000000080006E64 (0x666E8E93) addi t4, t4, 1638
x29 <- 0x0000000066666666
mem[X,0x0000000080006E68] -> 0x9E93
mem[X,0x0000000080006E6A] -> 0x00BE
[7071] [M]: 0x0000000080006E68 (0x00BE9E93) slli t4, t4, 11
x29 <- 0x0000033333333000
mem[X,0x0000000080006E6C] -> 0x8E93
mem[X,0x0000000080006E6E] -> 0x333E
[7072] [M]: 0x0000000080006E6C (0x333E8E93) addi t4, t4, 819
x29 <- 0x0000033333333333
mem[X,0x0000000080006E70] -> 0x9E93
mem[X,0x0000000080006E72] -> 0x00BE
[7073] [M]: 0x0000000080006E70 (0x00BE9E93) slli t4, t4, 11
x29 <- 0x0019999999999800
mem[X,0x0000000080006E74] -> 0x8E93
mem[X,0x0000000080006E76] -> 0x199E
[7074] [M]: 0x0000000080006E74 (0x199E8E93) addi t4, t4, 409
x29 <- 0x0019999999999999
mem[X,0x0000000080006E78] -> 0x9E93
mem[X,0x0000000080006E7A] -> 0x00AE
[7075] [M]: 0x0000000080006E78 (0x00AE9E93) slli t4, t4, 10
x29 <- 0x6666666666666400
mem[X,0x0000000080006E7C] -> 0x8E93
mem[X,0x0000000080006E7E] -> 0x265E
[7076] [M]: 0x0000000080006E7C (0x265E8E93) addi t4, t4, 613
x29 <- 0x6666666666666665
mem[X,0x0000000080006E80] -> 0x4FB3
mem[X,0x0000000080006E82] -> 0x03DF
[7077] [M]: 0x0000000080006E80 (0x03DF4FB3) div t6, t5, t4
x31 <- 0x0000000000000000
mem[X,0x0000000080006E84] -> 0xBC23
mem[X,0x0000000080006E86] -> 0x5BF6
[7078] [M]: 0x0000000080006E84 (0x5BF6BC23) sd t6, 1464(a3)
mem[0x000000008000E138] <- 0x0000000000000000
mem[X,0x0000000080006E88] -> 0x0F13
mem[X,0x0000000080006E8A] -> 0x0000
[7079] [M]: 0x0000000080006E88 (0x00000F13) addi t5, zero, 0
x30 <- 0x0000000000000000
mem[X,0x0000000080006E8C] -> 0x0E93
mem[X,0x0000000080006E8E] -> 0x0000
[7080] [M]: 0x0000000080006E8C (0x00000E93) addi t4, zero, 0
x29 <- 0x0000000000000000
mem[X,0x0000000080006E90] -> 0x4FB3
mem[X,0x0000000080006E92] -> 0x03DF
[7081] [M]: 0x0000000080006E90 (0x03DF4FB3) div t6, t5, t4
x31 <- 0xFFFFFFFFFFFFFFFF
mem[X,0x0000000080006E94] -> 0xB023
mem[X,0x0000000080006E96] -> 0x5DF6
[7082] [M]: 0x0000000080006E94 (0x5DF6B023) sd t6, 1472(a3)
mem[0x000000008000E140] <- 0xFFFFFFFFFFFFFFFF
mem[X,0x0000000080006E98] -> 0x0F13
mem[X,0x0000000080006E9A] -> 0x0000
[7083] [M]: 0x0000000080006E98 (0x00000F13) addi t5, zero, 0
x30 <- 0x0000000000000000
mem[X,0x0000000080006E9C] -> 0x0EB7
mem[X,0x0000000080006E9E] -> 0x0000
[7084] [M]: 0x0000000080006E9C (0x00000EB7) lui t4, 0
x29 <- 0x0000000000000000
mem[X,0x0000000080006EA0] -> 0x8E93
mem[X,0x0000000080006EA2] -> 0x000E
[7085] [M]: 0x0000000080006EA0 (0x000E8E93) addi t4, t4, 0
x29 <- 0x0000000000000000
mem[X,0x0000000080006EA4] -> 0x9E93
mem[X,0x0000000080006EA6] -> 0x00BE
[7086] [M]: 0x0000000080006EA4 (0x00BE9E93) slli t4, t4, 11
x29 <- 0x0000000000000000
mem[X,0x0000000080006EA8] -> 0x8E93
mem[X,0x0000000080006EAA] -> 0x5A8E
[7087] [M]: 0x0000000080006EA8 (0x5A8E8E93) addi t4, t4, 1448
x29 <- 0x00000000000005A8
mem[X,0x0000000080006EAC] -> 0x9E93
mem[X,0x0000000080006EAE] -> 0x00BE
[7088] [M]: 0x0000000080006EAC (0x00BE9E93) slli t4, t4, 11
x29 <- 0x00000000002D4000
mem[X,0x0000000080006EB0] -> 0x8E93
mem[X,0x0000000080006EB2] -> 0x13CE
[7089] [M]: 0x0000000080006EB0 (0x13CE8E93) addi t4, t4, 316
x29 <- 0x00000000002D413C
mem[X,0x0000000080006EB4] -> 0x9E93
mem[X,0x0000000080006EB6] -> 0x00AE
[7090] [M]: 0x0000000080006EB4 (0x00AE9E93) slli t4, t4, 10
x29 <- 0x00000000B504F000
mem[X,0x0000000080006EB8] -> 0x8E93
mem[X,0x0000000080006EBA] -> 0x332E
[7091] [M]: 0x0000000080006EB8 (0x332E8E93) addi t4, t4, 818
x29 <- 0x00000000B504F332
mem[X,0x0000000080006EBC] -> 0x4FB3
mem[X,0x0000000080006EBE] -> 0x03DF
[7092] [M]: 0x0000000080006EBC (0x03DF4FB3) div t6, t5, t4
x31 <- 0x0000000000000000
mem[X,0x0000000080006EC0] -> 0xB423
mem[X,0x0000000080006EC2] -> 0x5DF6
[7093] [M]: 0x0000000080006EC0 (0x5DF6B423) sd t6, 1480(a3)
mem[0x000000008000E148] <- 0x0000000000000000
mem[X,0x0000000080006EC4] -> 0x0F13
mem[X,0x0000000080006EC6] -> 0x0000
[7094] [M]: 0x0000000080006EC4 (0x00000F13) addi t5, zero, 0
x30 <- 0x0000000000000000
mem[X,0x0000000080006EC8] -> 0x0E93
mem[X,0x0000000080006ECA] -> 0x0040
[7095] [M]: 0x0000000080006EC8 (0x00400E93) addi t4, zero, 4
x29 <- 0x0000000000000004
mem[X,0x0000000080006ECC] -> 0x4FB3
mem[X,0x0000000080006ECE] -> 0x03DF
[7096] [M]: 0x0000000080006ECC (0x03DF4FB3) div t6, t5, t4
x31 <- 0x0000000000000000
mem[X,0x0000000080006ED0] -> 0xB823
mem[X,0x0000000080006ED2] -> 0x5DF6
[7097] [M]: 0x0000000080006ED0 (0x5DF6B823) sd t6, 1488(a3)
mem[0x000000008000E150] <- 0x0000000000000000
mem[X,0x0000000080006ED4] -> 0x0F13
mem[X,0x0000000080006ED6] -> 0x0000
[7098] [M]: 0x0000000080006ED4 (0x00000F13) addi t5, zero, 0
x30 <- 0x0000000000000000
mem[X,0x0000000080006ED8] -> 0x5EB7
mem[X,0x0000000080006EDA] -> 0x5555
[7099] [M]: 0x0000000080006ED8 (0x55555EB7) lui t4, 349525
x29 <- 0x0000000055555000
clint::tick mtime <- 0x0000000000000047
 clint timer pending at mtime 0x0000000000000047
htif::tick 0x0000000000000000
mem[X,0x0000000080006EDC] -> 0x8E93
mem[X,0x0000000080006EDE] -> 0x555E
[7100] [M]: 0x0000000080006EDC (0x555E8E93) addi t4, t4, 1365
x29 <- 0x0000000055555555
mem[X,0x0000000080006EE0] -> 0x9E93
mem[X,0x0000000080006EE2] -> 0x00BE
[7101] [M]: 0x0000000080006EE0 (0x00BE9E93) slli t4, t4, 11
x29 <- 0x000002AAAAAAA800
mem[X,0x0000000080006EE4] -> 0x8E93
mem[X,0x0000000080006EE6] -> 0x2AAE
[7102] [M]: 0x0000000080006EE4 (0x2AAE8E93) addi t4, t4, 682
x29 <- 0x000002AAAAAAAAAA
mem[X,0x0000000080006EE8] -> 0x9E93
mem[X,0x0000000080006EEA] -> 0x00BE
[7103] [M]: 0x0000000080006EE8 (0x00BE9E93) slli t4, t4, 11
x29 <- 0x0015555555555000
mem[X,0x0000000080006EEC] -> 0x8E93
mem[X,0x0000000080006EEE] -> 0x555E
[7104] [M]: 0x0000000080006EEC (0x555E8E93) addi t4, t4, 1365
x29 <- 0x0015555555555555
mem[X,0x0000000080006EF0] -> 0x9E93
mem[X,0x0000000080006EF2] -> 0x00AE
[7105] [M]: 0x0000000080006EF0 (0x00AE9E93) slli t4, t4, 10
x29 <- 0x5555555555555400
mem[X,0x0000000080006EF4] -> 0x8E93
mem[X,0x0000000080006EF6] -> 0x156E
[7106] [M]: 0x0000000080006EF4 (0x156E8E93) addi t4, t4, 342
x29 <- 0x5555555555555556
mem[X,0x0000000080006EF8] -> 0x4FB3
mem[X,0x0000000080006EFA] -> 0x03DF
[7107] [M]: 0x0000000080006EF8 (0x03DF4FB3) div t6, t5, t4
x31 <- 0x0000000000000000
mem[X,0x0000000080006EFC] -> 0xBC23
mem[X,0x0000000080006EFE] -> 0x5DF6
[7108] [M]: 0x0000000080006EFC (0x5DF6BC23) sd t6, 1496(a3)
mem[0x000000008000E158] <- 0x0000000000000000
mem[X,0x0000000080006F00] -> 0x0F13
mem[X,0x0000000080006F02] -> 0x0000
[7109] [M]: 0x0000000080006F00 (0x00000F13) addi t5, zero, 0
x30 <- 0x0000000000000000
mem[X,0x0000000080006F04] -> 0xBEB7
mem[X,0x0000000080006F06] -> 0xAAAA
[7110] [M]: 0x0000000080006F04 (0xAAAABEB7) lui t4, 699051
x29 <- 0xFFFFFFFFAAAAB000
mem[X,0x0000000080006F08] -> 0x8E93
mem[X,0x0000000080006F0A] -> 0xAAAE
[7111] [M]: 0x0000000080006F08 (0xAAAE8E93) addi t4, t4, 2730
x29 <- 0xFFFFFFFFAAAAAAAA
mem[X,0x0000000080006F0C] -> 0x9E93
mem[X,0x0000000080006F0E] -> 0x00BE
[7112] [M]: 0x0000000080006F0C (0x00BE9E93) slli t4, t4, 11
x29 <- 0xFFFFFD5555555000
mem[X,0x0000000080006F10] -> 0x8E93
mem[X,0x0000000080006F12] -> 0x555E
[7113] [M]: 0x0000000080006F10 (0x555E8E93) addi t4, t4, 1365
x29 <- 0xFFFFFD5555555555
mem[X,0x0000000080006F14] -> 0x9E93
mem[X,0x0000000080006F16] -> 0x00BE
[7114] [M]: 0x0000000080006F14 (0x00BE9E93) slli t4, t4, 11
x29 <- 0xFFEAAAAAAAAAA800
mem[X,0x0000000080006F18] -> 0x8E93
mem[X,0x0000000080006F1A] -> 0x2AAE
[7115] [M]: 0x0000000080006F18 (0x2AAE8E93) addi t4, t4, 682
x29 <- 0xFFEAAAAAAAAAAAAA
mem[X,0x0000000080006F1C] -> 0x9E93
mem[X,0x0000000080006F1E] -> 0x00AE
[7116] [M]: 0x0000000080006F1C (0x00AE9E93) slli t4, t4, 10
x29 <- 0xAAAAAAAAAAAAA800
mem[X,0x0000000080006F20] -> 0x8E93
mem[X,0x0000000080006F22] -> 0x2ABE
[7117] [M]: 0x0000000080006F20 (0x2ABE8E93) addi t4, t4, 683
x29 <- 0xAAAAAAAAAAAAAAAB
mem[X,0x0000000080006F24] -> 0x4FB3
mem[X,0x0000000080006F26] -> 0x03DF
[7118] [M]: 0x0000000080006F24 (0x03DF4FB3) div t6, t5, t4
x31 <- 0x0000000000000000
mem[X,0x0000000080006F28] -> 0xB023
mem[X,0x0000000080006F2A] -> 0x5FF6
[7119] [M]: 0x0000000080006F28 (0x5FF6B023) sd t6, 1504(a3)
mem[0x000000008000E160] <- 0x0000000000000000
mem[X,0x0000000080006F2C] -> 0x0F13
mem[X,0x0000000080006F2E] -> 0x0000
[7120] [M]: 0x0000000080006F2C (0x00000F13) addi t5, zero, 0
x30 <- 0x0000000000000000
mem[X,0x0000000080006F30] -> 0x0E93
mem[X,0x0000000080006F32] -> 0x0060
[7121] [M]: 0x0000000080006F30 (0x00600E93) addi t4, zero, 6
x29 <- 0x0000000000000006
mem[X,0x0000000080006F34] -> 0x4FB3
mem[X,0x0000000080006F36] -> 0x03DF
[7122] [M]: 0x0000000080006F34 (0x03DF4FB3) div t6, t5, t4
x31 <- 0x0000000000000000
mem[X,0x0000000080006F38] -> 0xB423
mem[X,0x0000000080006F3A] -> 0x5FF6
[7123] [M]: 0x0000000080006F38 (0x5FF6B423) sd t6, 1512(a3)
mem[0x000000008000E168] <- 0x0000000000000000
mem[X,0x0000000080006F3C] -> 0x0F13
mem[X,0x0000000080006F3E] -> 0x0000
[7124] [M]: 0x0000000080006F3C (0x00000F13) addi t5, zero, 0
x30 <- 0x0000000000000000
mem[X,0x0000000080006F40] -> 0x3EB7
mem[X,0x0000000080006F42] -> 0x3333
[7125] [M]: 0x0000000080006F40 (0x33333EB7) lui t4, 209715
x29 <- 0x0000000033333000
mem[X,0x0000000080006F44] -> 0x8E93
mem[X,0x0000000080006F46] -> 0x333E
[7126] [M]: 0x0000000080006F44 (0x333E8E93) addi t4, t4, 819
x29 <- 0x0000000033333333
mem[X,0x0000000080006F48] -> 0x9E93
mem[X,0x0000000080006F4A] -> 0x00BE
[7127] [M]: 0x0000000080006F48 (0x00BE9E93) slli t4, t4, 11
x29 <- 0x0000019999999800
mem[X,0x0000000080006F4C] -> 0x8E93
mem[X,0x0000000080006F4E] -> 0x199E
[7128] [M]: 0x0000000080006F4C (0x199E8E93) addi t4, t4, 409
x29 <- 0x0000019999999999
mem[X,0x0000000080006F50] -> 0x9E93
mem[X,0x0000000080006F52] -> 0x00BE
[7129] [M]: 0x0000000080006F50 (0x00BE9E93) slli t4, t4, 11
x29 <- 0x000CCCCCCCCCC800
mem[X,0x0000000080006F54] -> 0x8E93
mem[X,0x0000000080006F56] -> 0x4CCE
[7130] [M]: 0x0000000080006F54 (0x4CCE8E93) addi t4, t4, 1228
x29 <- 0x000CCCCCCCCCCCCC
mem[X,0x0000000080006F58] -> 0x9E93
mem[X,0x0000000080006F5A] -> 0x00AE
[7131] [M]: 0x0000000080006F58 (0x00AE9E93) slli t4, t4, 10
x29 <- 0x3333333333333000
mem[X,0x0000000080006F5C] -> 0x8E93
mem[X,0x0000000080006F5E] -> 0x334E
[7132] [M]: 0x0000000080006F5C (0x334E8E93) addi t4, t4, 820
x29 <- 0x3333333333333334
mem[X,0x0000000080006F60] -> 0x4FB3
mem[X,0x0000000080006F62] -> 0x03DF
[7133] [M]: 0x0000000080006F60 (0x03DF4FB3) div t6, t5, t4
x31 <- 0x0000000000000000
mem[X,0x0000000080006F64] -> 0xB823
mem[X,0x0000000080006F66] -> 0x5FF6
[7134] [M]: 0x0000000080006F64 (0x5FF6B823) sd t6, 1520(a3)
mem[0x000000008000E170] <- 0x0000000000000000
mem[X,0x0000000080006F68] -> 0x0F13
mem[X,0x0000000080006F6A] -> 0x0000
[7135] [M]: 0x0000000080006F68 (0x00000F13) addi t5, zero, 0
x30 <- 0x0000000000000000
mem[X,0x0000000080006F6C] -> 0x6EB7
mem[X,0x0000000080006F6E] -> 0x6666
[7136] [M]: 0x0000000080006F6C (0x66666EB7) lui t4, 419430
x29 <- 0x0000000066666000
mem[X,0x0000000080006F70] -> 0x8E93
mem[X,0x0000000080006F72] -> 0x666E
[7137] [M]: 0x0000000080006F70 (0x666E8E93) addi t4, t4, 1638
x29 <- 0x0000000066666666
mem[X,0x0000000080006F74] -> 0x9E93
mem[X,0x0000000080006F76] -> 0x00BE
[7138] [M]: 0x0000000080006F74 (0x00BE9E93) slli t4, t4, 11
x29 <- 0x0000033333333000
mem[X,0x0000000080006F78] -> 0x8E93
mem[X,0x0000000080006F7A] -> 0x333E
[7139] [M]: 0x0000000080006F78 (0x333E8E93) addi t4, t4, 819
x29 <- 0x0000033333333333
mem[X,0x0000000080006F7C] -> 0x9E93
mem[X,0x0000000080006F7E] -> 0x00BE
[7140] [M]: 0x0000000080006F7C (0x00BE9E93) slli t4, t4, 11
x29 <- 0x0019999999999800
mem[X,0x0000000080006F80] -> 0x8E93
mem[X,0x0000000080006F82] -> 0x199E
[7141] [M]: 0x0000000080006F80 (0x199E8E93) addi t4, t4, 409
x29 <- 0x0019999999999999
mem[X,0x0000000080006F84] -> 0x9E93
mem[X,0x0000000080006F86] -> 0x00AE
[7142] [M]: 0x0000000080006F84 (0x00AE9E93) slli t4, t4, 10
x29 <- 0x6666666666666400
mem[X,0x0000000080006F88] -> 0x8E93
mem[X,0x0000000080006F8A] -> 0x267E
[7143] [M]: 0x0000000080006F88 (0x267E8E93) addi t4, t4, 615
x29 <- 0x6666666666666667
mem[X,0x0000000080006F8C] -> 0x4FB3
mem[X,0x0000000080006F8E] -> 0x03DF
[7144] [M]: 0x0000000080006F8C (0x03DF4FB3) div t6, t5, t4
x31 <- 0x0000000000000000
mem[X,0x0000000080006F90] -> 0xBC23
mem[X,0x0000000080006F92] -> 0x5FF6
[7145] [M]: 0x0000000080006F90 (0x5FF6BC23) sd t6, 1528(a3)
mem[0x000000008000E178] <- 0x0000000000000000
mem[X,0x0000000080006F94] -> 0x0F13
mem[X,0x0000000080006F96] -> 0x0000
[7146] [M]: 0x0000000080006F94 (0x00000F13) addi t5, zero, 0
x30 <- 0x0000000000000000
mem[X,0x0000000080006F98] -> 0x0EB7
mem[X,0x0000000080006F9A] -> 0x0000
[7147] [M]: 0x0000000080006F98 (0x00000EB7) lui t4, 0
x29 <- 0x0000000000000000
mem[X,0x0000000080006F9C] -> 0x8E93
mem[X,0x0000000080006F9E] -> 0xFFFE
[7148] [M]: 0x0000000080006F9C (0xFFFE8E93) addi t4, t4, 4095
x29 <- 0xFFFFFFFFFFFFFFFF
mem[X,0x0000000080006FA0] -> 0x9E93
mem[X,0x0000000080006FA2] -> 0x00BE
[7149] [M]: 0x0000000080006FA0 (0x00BE9E93) slli t4, t4, 11
x29 <- 0xFFFFFFFFFFFFF800
mem[X,0x0000000080006FA4] -> 0x8E93
mem[X,0x0000000080006FA6] -> 0x257E
[7150] [M]: 0x0000000080006FA4 (0x257E8E93) addi t4, t4, 599
x29 <- 0xFFFFFFFFFFFFFA57
mem[X,0x0000000080006FA8] -> 0x9E93
mem[X,0x0000000080006FAA] -> 0x00BE
[7151] [M]: 0x0000000080006FA8 (0x00BE9E93) slli t4, t4, 11
x29 <- 0xFFFFFFFFFFD2B800
mem[X,0x0000000080006FAC] -> 0x8E93
mem[X,0x0000000080006FAE] -> 0x6C3E
[7152] [M]: 0x0000000080006FAC (0x6C3E8E93) addi t4, t4, 1731
x29 <- 0xFFFFFFFFFFD2BEC3
mem[X,0x0000000080006FB0] -> 0x9E93
mem[X,0x0000000080006FB2] -> 0x00AE
[7153] [M]: 0x0000000080006FB0 (0x00AE9E93) slli t4, t4, 10
x29 <- 0xFFFFFFFF4AFB0C00
mem[X,0x0000000080006FB4] -> 0x8E93
mem[X,0x0000000080006FB6] -> 0x0CEE
[7154] [M]: 0x0000000080006FB4 (0x0CEE8E93) addi t4, t4, 206
x29 <- 0xFFFFFFFF4AFB0CCE
mem[X,0x0000000080006FB8] -> 0x4FB3
mem[X,0x0000000080006FBA] -> 0x03DF
[7155] [M]: 0x0000000080006FB8 (0x03DF4FB3) div t6, t5, t4
x31 <- 0x0000000000000000
mem[X,0x0000000080006FBC] -> 0xB023
mem[X,0x0000000080006FBE] -> 0x61F6
[7156] [M]: 0x0000000080006FBC (0x61F6B023) sd t6, 1536(a3)
mem[0x000000008000E180] <- 0x0000000000000000
mem[X,0x0000000080006FC0] -> 0x0F37
mem[X,0x0000000080006FC2] -> 0x0000
[7157] [M]: 0x0000000080006FC0 (0x00000F37) lui t5, 0
x30 <- 0x0000000000000000
mem[X,0x0000000080006FC4] -> 0x0F13
mem[X,0x0000000080006FC6] -> 0x000F
[7158] [M]: 0x0000000080006FC4 (0x000F0F13) addi t5, t5, 0
x30 <- 0x0000000000000000
mem[X,0x0000000080006FC8] -> 0x1F13
mem[X,0x0000000080006FCA] -> 0x00BF
[7159] [M]: 0x0000000080006FC8 (0x00BF1F13) slli t5, t5, 11
x30 <- 0x0000000000000000
mem[X,0x0000000080006FCC] -> 0x0F13
mem[X,0x0000000080006FCE] -> 0x5A8F
[7160] [M]: 0x0000000080006FCC (0x5A8F0F13) addi t5, t5, 1448
x30 <- 0x00000000000005A8
mem[X,0x0000000080006FD0] -> 0x1F13
mem[X,0x0000000080006FD2] -> 0x00BF
[7161] [M]: 0x0000000080006FD0 (0x00BF1F13) slli t5, t5, 11
x30 <- 0x00000000002D4000
mem[X,0x0000000080006FD4] -> 0x0F13
mem[X,0x0000000080006FD6] -> 0x13CF
[7162] [M]: 0x0000000080006FD4 (0x13CF0F13) addi t5, t5, 316
x30 <- 0x00000000002D413C
mem[X,0x0000000080006FD8] -> 0x1F13
mem[X,0x0000000080006FDA] -> 0x00AF
[7163] [M]: 0x0000000080006FD8 (0x00AF1F13) slli t5, t5, 10
x30 <- 0x00000000B504F000
mem[X,0x0000000080006FDC] -> 0x0F13
mem[X,0x0000000080006FDE] -> 0x332F
[7164] [M]: 0x0000000080006FDC (0x332F0F13) addi t5, t5, 818
x30 <- 0x00000000B504F332
mem[X,0x0000000080006FE0] -> 0x0E93
mem[X,0x0000000080006FE2] -> 0x0030
[7165] [M]: 0x0000000080006FE0 (0x00300E93) addi t4, zero, 3
x29 <- 0x0000000000000003
mem[X,0x0000000080006FE4] -> 0x4FB3
mem[X,0x0000000080006FE6] -> 0x03DF
[7166] [M]: 0x0000000080006FE4 (0x03DF4FB3) div t6, t5, t4
x31 <- 0x000000003C56FBBB
mem[X,0x0000000080006FE8] -> 0xB423
mem[X,0x0000000080006FEA] -> 0x61F6
[7167] [M]: 0x0000000080006FE8 (0x61F6B423) sd t6, 1544(a3)
mem[0x000000008000E188] <- 0x000000003C56FBBB
mem[X,0x0000000080006FEC] -> 0x0F37
mem[X,0x0000000080006FEE] -> 0x0000
[7168] [M]: 0x0000000080006FEC (0x00000F37) lui t5, 0
x30 <- 0x0000000000000000
mem[X,0x0000000080006FF0] -> 0x0F13
mem[X,0x0000000080006FF2] -> 0x000F
[7169] [M]: 0x0000000080006FF0 (0x000F0F13) addi t5, t5, 0
x30 <- 0x0000000000000000
mem[X,0x0000000080006FF4] -> 0x1F13
mem[X,0x0000000080006FF6] -> 0x00BF
[7170] [M]: 0x0000000080006FF4 (0x00BF1F13) slli t5, t5, 11
x30 <- 0x0000000000000000
mem[X,0x0000000080006FF8] -> 0x0F13
mem[X,0x0000000080006FFA] -> 0x5A8F
[7171] [M]: 0x0000000080006FF8 (0x5A8F0F13) addi t5, t5, 1448
x30 <- 0x00000000000005A8
mem[X,0x0000000080006FFC] -> 0x1F13
mem[X,0x0000000080006FFE] -> 0x00BF
[7172] [M]: 0x0000000080006FFC (0x00BF1F13) slli t5, t5, 11
x30 <- 0x00000000002D4000
mem[X,0x0000000080007000] -> 0x0F13
mem[X,0x0000000080007002] -> 0x13CF
[7173] [M]: 0x0000000080007000 (0x13CF0F13) addi t5, t5, 316
x30 <- 0x00000000002D413C
mem[X,0x0000000080007004] -> 0x1F13
mem[X,0x0000000080007006] -> 0x00AF
[7174] [M]: 0x0000000080007004 (0x00AF1F13) slli t5, t5, 10
x30 <- 0x00000000B504F000
mem[X,0x0000000080007008] -> 0x0F13
mem[X,0x000000008000700A] -> 0x332F
[7175] [M]: 0x0000000080007008 (0x332F0F13) addi t5, t5, 818
x30 <- 0x00000000B504F332
mem[X,0x000000008000700C] -> 0x5EB7
mem[X,0x000000008000700E] -> 0x5555
[7176] [M]: 0x000000008000700C (0x55555EB7) lui t4, 349525
x29 <- 0x0000000055555000
mem[X,0x0000000080007010] -> 0x8E93
mem[X,0x0000000080007012] -> 0x555E
[7177] [M]: 0x0000000080007010 (0x555E8E93) addi t4, t4, 1365
x29 <- 0x0000000055555555
mem[X,0x0000000080007014] -> 0x9E93
mem[X,0x0000000080007016] -> 0x00BE
[7178] [M]: 0x0000000080007014 (0x00BE9E93) slli t4, t4, 11
x29 <- 0x000002AAAAAAA800
mem[X,0x0000000080007018] -> 0x8E93
mem[X,0x000000008000701A] -> 0x2AAE
[7179] [M]: 0x0000000080007018 (0x2AAE8E93) addi t4, t4, 682
x29 <- 0x000002AAAAAAAAAA
mem[X,0x000000008000701C] -> 0x9E93
mem[X,0x000000008000701E] -> 0x00BE
[7180] [M]: 0x000000008000701C (0x00BE9E93) slli t4, t4, 11
x29 <- 0x0015555555555000
mem[X,0x0000000080007020] -> 0x8E93
mem[X,0x0000000080007022] -> 0x555E
[7181] [M]: 0x0000000080007020 (0x555E8E93) addi t4, t4, 1365
x29 <- 0x0015555555555555
mem[X,0x0000000080007024] -> 0x9E93
mem[X,0x0000000080007026] -> 0x00AE
[7182] [M]: 0x0000000080007024 (0x00AE9E93) slli t4, t4, 10
x29 <- 0x5555555555555400
mem[X,0x0000000080007028] -> 0x8E93
mem[X,0x000000008000702A] -> 0x155E
[7183] [M]: 0x0000000080007028 (0x155E8E93) addi t4, t4, 341
x29 <- 0x5555555555555555
mem[X,0x000000008000702C] -> 0x4FB3
mem[X,0x000000008000702E] -> 0x03DF
[7184] [M]: 0x000000008000702C (0x03DF4FB3) div t6, t5, t4
x31 <- 0x0000000000000000
mem[X,0x0000000080007030] -> 0xB823
mem[X,0x0000000080007032] -> 0x61F6
[7185] [M]: 0x0000000080007030 (0x61F6B823) sd t6, 1552(a3)
mem[0x000000008000E190] <- 0x0000000000000000
mem[X,0x0000000080007034] -> 0x0F37
mem[X,0x0000000080007036] -> 0x0000
[7186] [M]: 0x0000000080007034 (0x00000F37) lui t5, 0
x30 <- 0x0000000000000000
mem[X,0x0000000080007038] -> 0x0F13
mem[X,0x000000008000703A] -> 0x000F
[7187] [M]: 0x0000000080007038 (0x000F0F13) addi t5, t5, 0
x30 <- 0x0000000000000000
mem[X,0x000000008000703C] -> 0x1F13
mem[X,0x000000008000703E] -> 0x00BF
[7188] [M]: 0x000000008000703C (0x00BF1F13) slli t5, t5, 11
x30 <- 0x0000000000000000
mem[X,0x0000000080007040] -> 0x0F13
mem[X,0x0000000080007042] -> 0x5A8F
[7189] [M]: 0x0000000080007040 (0x5A8F0F13) addi t5, t5, 1448
x30 <- 0x00000000000005A8
mem[X,0x0000000080007044] -> 0x1F13
mem[X,0x0000000080007046] -> 0x00BF
[7190] [M]: 0x0000000080007044 (0x00BF1F13) slli t5, t5, 11
x30 <- 0x00000000002D4000
mem[X,0x0000000080007048] -> 0x0F13
mem[X,0x000000008000704A] -> 0x13CF
[7191] [M]: 0x0000000080007048 (0x13CF0F13) addi t5, t5, 316
x30 <- 0x00000000002D413C
mem[X,0x000000008000704C] -> 0x1F13
mem[X,0x000000008000704E] -> 0x00AF
[7192] [M]: 0x000000008000704C (0x00AF1F13) slli t5, t5, 10
x30 <- 0x00000000B504F000
mem[X,0x0000000080007050] -> 0x0F13
mem[X,0x0000000080007052] -> 0x332F
[7193] [M]: 0x0000000080007050 (0x332F0F13) addi t5, t5, 818
x30 <- 0x00000000B504F332
mem[X,0x0000000080007054] -> 0xBEB7
mem[X,0x0000000080007056] -> 0xAAAA
[7194] [M]: 0x0000000080007054 (0xAAAABEB7) lui t4, 699051
x29 <- 0xFFFFFFFFAAAAB000
mem[X,0x0000000080007058] -> 0x8E93
mem[X,0x000000008000705A] -> 0xAAAE
[7195] [M]: 0x0000000080007058 (0xAAAE8E93) addi t4, t4, 2730
x29 <- 0xFFFFFFFFAAAAAAAA
mem[X,0x000000008000705C] -> 0x9E93
mem[X,0x000000008000705E] -> 0x00BE
[7196] [M]: 0x000000008000705C (0x00BE9E93) slli t4, t4, 11
x29 <- 0xFFFFFD5555555000
mem[X,0x0000000080007060] -> 0x8E93
mem[X,0x0000000080007062] -> 0x555E
[7197] [M]: 0x0000000080007060 (0x555E8E93) addi t4, t4, 1365
x29 <- 0xFFFFFD5555555555
mem[X,0x0000000080007064] -> 0x9E93
mem[X,0x0000000080007066] -> 0x00BE
[7198] [M]: 0x0000000080007064 (0x00BE9E93) slli t4, t4, 11
x29 <- 0xFFEAAAAAAAAAA800
mem[X,0x0000000080007068] -> 0x8E93
mem[X,0x000000008000706A] -> 0x2AAE
[7199] [M]: 0x0000000080007068 (0x2AAE8E93) addi t4, t4, 682
x29 <- 0xFFEAAAAAAAAAAAAA
clint::tick mtime <- 0x0000000000000048
 clint timer pending at mtime 0x0000000000000048
htif::tick 0x0000000000000000
mem[X,0x000000008000706C] -> 0x9E93
mem[X,0x000000008000706E] -> 0x00AE
[7200] [M]: 0x000000008000706C (0x00AE9E93) slli t4, t4, 10
x29 <- 0xAAAAAAAAAAAAA800
mem[X,0x0000000080007070] -> 0x8E93
mem[X,0x0000000080007072] -> 0x2AAE
[7201] [M]: 0x0000000080007070 (0x2AAE8E93) addi t4, t4, 682
x29 <- 0xAAAAAAAAAAAAAAAA
mem[X,0x0000000080007074] -> 0x4FB3
mem[X,0x0000000080007076] -> 0x03DF
[7202] [M]: 0x0000000080007074 (0x03DF4FB3) div t6, t5, t4
x31 <- 0x0000000000000000
mem[X,0x0000000080007078] -> 0xBC23
mem[X,0x000000008000707A] -> 0x61F6
[7203] [M]: 0x0000000080007078 (0x61F6BC23) sd t6, 1560(a3)
mem[0x000000008000E198] <- 0x0000000000000000
mem[X,0x000000008000707C] -> 0x0F37
mem[X,0x000000008000707E] -> 0x0000
[7204] [M]: 0x000000008000707C (0x00000F37) lui t5, 0
x30 <- 0x0000000000000000
mem[X,0x0000000080007080] -> 0x0F13
mem[X,0x0000000080007082] -> 0x000F
[7205] [M]: 0x0000000080007080 (0x000F0F13) addi t5, t5, 0
x30 <- 0x0000000000000000
mem[X,0x0000000080007084] -> 0x1F13
mem[X,0x0000000080007086] -> 0x00BF
[7206] [M]: 0x0000000080007084 (0x00BF1F13) slli t5, t5, 11
x30 <- 0x0000000000000000
mem[X,0x0000000080007088] -> 0x0F13
mem[X,0x000000008000708A] -> 0x5A8F
[7207] [M]: 0x0000000080007088 (0x5A8F0F13) addi t5, t5, 1448
x30 <- 0x00000000000005A8
mem[X,0x000000008000708C] -> 0x1F13
mem[X,0x000000008000708E] -> 0x00BF
[7208] [M]: 0x000000008000708C (0x00BF1F13) slli t5, t5, 11
x30 <- 0x00000000002D4000
mem[X,0x0000000080007090] -> 0x0F13
mem[X,0x0000000080007092] -> 0x13CF
[7209] [M]: 0x0000000080007090 (0x13CF0F13) addi t5, t5, 316
x30 <- 0x00000000002D413C
mem[X,0x0000000080007094] -> 0x1F13
mem[X,0x0000000080007096] -> 0x00AF
[7210] [M]: 0x0000000080007094 (0x00AF1F13) slli t5, t5, 10
x30 <- 0x00000000B504F000
mem[X,0x0000000080007098] -> 0x0F13
mem[X,0x000000008000709A] -> 0x332F
[7211] [M]: 0x0000000080007098 (0x332F0F13) addi t5, t5, 818
x30 <- 0x00000000B504F332
mem[X,0x000000008000709C] -> 0x0E93
mem[X,0x000000008000709E] -> 0x0050
[7212] [M]: 0x000000008000709C (0x00500E93) addi t4, zero, 5
x29 <- 0x0000000000000005
mem[X,0x00000000800070A0] -> 0x4FB3
mem[X,0x00000000800070A2] -> 0x03DF
[7213] [M]: 0x00000000800070A0 (0x03DF4FB3) div t6, t5, t4
x31 <- 0x00000000243430A3
mem[X,0x00000000800070A4] -> 0xB023
mem[X,0x00000000800070A6] -> 0x63F6
[7214] [M]: 0x00000000800070A4 (0x63F6B023) sd t6, 1568(a3)
mem[0x000000008000E1A0] <- 0x00000000243430A3
mem[X,0x00000000800070A8] -> 0x0F37
mem[X,0x00000000800070AA] -> 0x0000
[7215] [M]: 0x00000000800070A8 (0x00000F37) lui t5, 0
x30 <- 0x0000000000000000
mem[X,0x00000000800070AC] -> 0x0F13
mem[X,0x00000000800070AE] -> 0x000F
[7216] [M]: 0x00000000800070AC (0x000F0F13) addi t5, t5, 0
x30 <- 0x0000000000000000
mem[X,0x00000000800070B0] -> 0x1F13
mem[X,0x00000000800070B2] -> 0x00BF
[7217] [M]: 0x00000000800070B0 (0x00BF1F13) slli t5, t5, 11
x30 <- 0x0000000000000000
mem[X,0x00000000800070B4] -> 0x0F13
mem[X,0x00000000800070B6] -> 0x5A8F
[7218] [M]: 0x00000000800070B4 (0x5A8F0F13) addi t5, t5, 1448
x30 <- 0x00000000000005A8
mem[X,0x00000000800070B8] -> 0x1F13
mem[X,0x00000000800070BA] -> 0x00BF
[7219] [M]: 0x00000000800070B8 (0x00BF1F13) slli t5, t5, 11
x30 <- 0x00000000002D4000
mem[X,0x00000000800070BC] -> 0x0F13
mem[X,0x00000000800070BE] -> 0x13CF
[7220] [M]: 0x00000000800070BC (0x13CF0F13) addi t5, t5, 316
x30 <- 0x00000000002D413C
mem[X,0x00000000800070C0] -> 0x1F13
mem[X,0x00000000800070C2] -> 0x00AF
[7221] [M]: 0x00000000800070C0 (0x00AF1F13) slli t5, t5, 10
x30 <- 0x00000000B504F000
mem[X,0x00000000800070C4] -> 0x0F13
mem[X,0x00000000800070C6] -> 0x332F
[7222] [M]: 0x00000000800070C4 (0x332F0F13) addi t5, t5, 818
x30 <- 0x00000000B504F332
mem[X,0x00000000800070C8] -> 0x3EB7
mem[X,0x00000000800070CA] -> 0x3333
[7223] [M]: 0x00000000800070C8 (0x33333EB7) lui t4, 209715
x29 <- 0x0000000033333000
mem[X,0x00000000800070CC] -> 0x8E93
mem[X,0x00000000800070CE] -> 0x333E
[7224] [M]: 0x00000000800070CC (0x333E8E93) addi t4, t4, 819
x29 <- 0x0000000033333333
mem[X,0x00000000800070D0] -> 0x9E93
mem[X,0x00000000800070D2] -> 0x00BE
[7225] [M]: 0x00000000800070D0 (0x00BE9E93) slli t4, t4, 11
x29 <- 0x0000019999999800
mem[X,0x00000000800070D4] -> 0x8E93
mem[X,0x00000000800070D6] -> 0x199E
[7226] [M]: 0x00000000800070D4 (0x199E8E93) addi t4, t4, 409
x29 <- 0x0000019999999999
mem[X,0x00000000800070D8] -> 0x9E93
mem[X,0x00000000800070DA] -> 0x00BE
[7227] [M]: 0x00000000800070D8 (0x00BE9E93) slli t4, t4, 11
x29 <- 0x000CCCCCCCCCC800
mem[X,0x00000000800070DC] -> 0x8E93
mem[X,0x00000000800070DE] -> 0x4CCE
[7228] [M]: 0x00000000800070DC (0x4CCE8E93) addi t4, t4, 1228
x29 <- 0x000CCCCCCCCCCCCC
mem[X,0x00000000800070E0] -> 0x9E93
mem[X,0x00000000800070E2] -> 0x00AE
[7229] [M]: 0x00000000800070E0 (0x00AE9E93) slli t4, t4, 10
x29 <- 0x3333333333333000
mem[X,0x00000000800070E4] -> 0x8E93
mem[X,0x00000000800070E6] -> 0x333E
[7230] [M]: 0x00000000800070E4 (0x333E8E93) addi t4, t4, 819
x29 <- 0x3333333333333333
mem[X,0x00000000800070E8] -> 0x4FB3
mem[X,0x00000000800070EA] -> 0x03DF
[7231] [M]: 0x00000000800070E8 (0x03DF4FB3) div t6, t5, t4
x31 <- 0x0000000000000000
mem[X,0x00000000800070EC] -> 0xB423
mem[X,0x00000000800070EE] -> 0x63F6
[7232] [M]: 0x00000000800070EC (0x63F6B423) sd t6, 1576(a3)
mem[0x000000008000E1A8] <- 0x0000000000000000
mem[X,0x00000000800070F0] -> 0x0F37
mem[X,0x00000000800070F2] -> 0x0000
[7233] [M]: 0x00000000800070F0 (0x00000F37) lui t5, 0
x30 <- 0x0000000000000000
mem[X,0x00000000800070F4] -> 0x0F13
mem[X,0x00000000800070F6] -> 0x000F
[7234] [M]: 0x00000000800070F4 (0x000F0F13) addi t5, t5, 0
x30 <- 0x0000000000000000
mem[X,0x00000000800070F8] -> 0x1F13
mem[X,0x00000000800070FA] -> 0x00BF
[7235] [M]: 0x00000000800070F8 (0x00BF1F13) slli t5, t5, 11
x30 <- 0x0000000000000000
mem[X,0x00000000800070FC] -> 0x0F13
mem[X,0x00000000800070FE] -> 0x5A8F
[7236] [M]: 0x00000000800070FC (0x5A8F0F13) addi t5, t5, 1448
x30 <- 0x00000000000005A8
mem[X,0x0000000080007100] -> 0x1F13
mem[X,0x0000000080007102] -> 0x00BF
[7237] [M]: 0x0000000080007100 (0x00BF1F13) slli t5, t5, 11
x30 <- 0x00000000002D4000
mem[X,0x0000000080007104] -> 0x0F13
mem[X,0x0000000080007106] -> 0x13CF
[7238] [M]: 0x0000000080007104 (0x13CF0F13) addi t5, t5, 316
x30 <- 0x00000000002D413C
mem[X,0x0000000080007108] -> 0x1F13
mem[X,0x000000008000710A] -> 0x00AF
[7239] [M]: 0x0000000080007108 (0x00AF1F13) slli t5, t5, 10
x30 <- 0x00000000B504F000
mem[X,0x000000008000710C] -> 0x0F13
mem[X,0x000000008000710E] -> 0x332F
[7240] [M]: 0x000000008000710C (0x332F0F13) addi t5, t5, 818
x30 <- 0x00000000B504F332
mem[X,0x0000000080007110] -> 0x6EB7
mem[X,0x0000000080007112] -> 0x6666
[7241] [M]: 0x0000000080007110 (0x66666EB7) lui t4, 419430
x29 <- 0x0000000066666000
mem[X,0x0000000080007114] -> 0x8E93
mem[X,0x0000000080007116] -> 0x666E
[7242] [M]: 0x0000000080007114 (0x666E8E93) addi t4, t4, 1638
x29 <- 0x0000000066666666
mem[X,0x0000000080007118] -> 0x9E93
mem[X,0x000000008000711A] -> 0x00BE
[7243] [M]: 0x0000000080007118 (0x00BE9E93) slli t4, t4, 11
x29 <- 0x0000033333333000
mem[X,0x000000008000711C] -> 0x8E93
mem[X,0x000000008000711E] -> 0x333E
[7244] [M]: 0x000000008000711C (0x333E8E93) addi t4, t4, 819
x29 <- 0x0000033333333333
mem[X,0x0000000080007120] -> 0x9E93
mem[X,0x0000000080007122] -> 0x00BE
[7245] [M]: 0x0000000080007120 (0x00BE9E93) slli t4, t4, 11
x29 <- 0x0019999999999800
mem[X,0x0000000080007124] -> 0x8E93
mem[X,0x0000000080007126] -> 0x199E
[7246] [M]: 0x0000000080007124 (0x199E8E93) addi t4, t4, 409
x29 <- 0x0019999999999999
mem[X,0x0000000080007128] -> 0x9E93
mem[X,0x000000008000712A] -> 0x00AE
[7247] [M]: 0x0000000080007128 (0x00AE9E93) slli t4, t4, 10
x29 <- 0x6666666666666400
mem[X,0x000000008000712C] -> 0x8E93
mem[X,0x000000008000712E] -> 0x266E
[7248] [M]: 0x000000008000712C (0x266E8E93) addi t4, t4, 614
x29 <- 0x6666666666666666
mem[X,0x0000000080007130] -> 0x4FB3
mem[X,0x0000000080007132] -> 0x03DF
[7249] [M]: 0x0000000080007130 (0x03DF4FB3) div t6, t5, t4
x31 <- 0x0000000000000000
mem[X,0x0000000080007134] -> 0xB823
mem[X,0x0000000080007136] -> 0x63F6
[7250] [M]: 0x0000000080007134 (0x63F6B823) sd t6, 1584(a3)
mem[0x000000008000E1B0] <- 0x0000000000000000
mem[X,0x0000000080007138] -> 0x0F37
mem[X,0x000000008000713A] -> 0x0000
[7251] [M]: 0x0000000080007138 (0x00000F37) lui t5, 0
x30 <- 0x0000000000000000
mem[X,0x000000008000713C] -> 0x0F13
mem[X,0x000000008000713E] -> 0x000F
[7252] [M]: 0x000000008000713C (0x000F0F13) addi t5, t5, 0
x30 <- 0x0000000000000000
mem[X,0x0000000080007140] -> 0x1F13
mem[X,0x0000000080007142] -> 0x00BF
[7253] [M]: 0x0000000080007140 (0x00BF1F13) slli t5, t5, 11
x30 <- 0x0000000000000000
mem[X,0x0000000080007144] -> 0x0F13
mem[X,0x0000000080007146] -> 0x5A8F
[7254] [M]: 0x0000000080007144 (0x5A8F0F13) addi t5, t5, 1448
x30 <- 0x00000000000005A8
mem[X,0x0000000080007148] -> 0x1F13
mem[X,0x000000008000714A] -> 0x00BF
[7255] [M]: 0x0000000080007148 (0x00BF1F13) slli t5, t5, 11
x30 <- 0x00000000002D4000
mem[X,0x000000008000714C] -> 0x0F13
mem[X,0x000000008000714E] -> 0x13CF
[7256] [M]: 0x000000008000714C (0x13CF0F13) addi t5, t5, 316
x30 <- 0x00000000002D413C
mem[X,0x0000000080007150] -> 0x1F13
mem[X,0x0000000080007152] -> 0x00AF
[7257] [M]: 0x0000000080007150 (0x00AF1F13) slli t5, t5, 10
x30 <- 0x00000000B504F000
mem[X,0x0000000080007154] -> 0x0F13
mem[X,0x0000000080007156] -> 0x332F
[7258] [M]: 0x0000000080007154 (0x332F0F13) addi t5, t5, 818
x30 <- 0x00000000B504F332
mem[X,0x0000000080007158] -> 0x0EB7
mem[X,0x000000008000715A] -> 0x0000
[7259] [M]: 0x0000000080007158 (0x00000EB7) lui t4, 0
x29 <- 0x0000000000000000
mem[X,0x000000008000715C] -> 0x8E93
mem[X,0x000000008000715E] -> 0xFFFE
[7260] [M]: 0x000000008000715C (0xFFFE8E93) addi t4, t4, 4095
x29 <- 0xFFFFFFFFFFFFFFFF
mem[X,0x0000000080007160] -> 0x9E93
mem[X,0x0000000080007162] -> 0x00BE
[7261] [M]: 0x0000000080007160 (0x00BE9E93) slli t4, t4, 11
x29 <- 0xFFFFFFFFFFFFF800
mem[X,0x0000000080007164] -> 0x8E93
mem[X,0x0000000080007166] -> 0x257E
[7262] [M]: 0x0000000080007164 (0x257E8E93) addi t4, t4, 599
x29 <- 0xFFFFFFFFFFFFFA57
mem[X,0x0000000080007168] -> 0x9E93
mem[X,0x000000008000716A] -> 0x00BE
[7263] [M]: 0x0000000080007168 (0x00BE9E93) slli t4, t4, 11
x29 <- 0xFFFFFFFFFFD2B800
mem[X,0x000000008000716C] -> 0x8E93
mem[X,0x000000008000716E] -> 0x6C3E
[7264] [M]: 0x000000008000716C (0x6C3E8E93) addi t4, t4, 1731
x29 <- 0xFFFFFFFFFFD2BEC3
mem[X,0x0000000080007170] -> 0x9E93
mem[X,0x0000000080007172] -> 0x00AE
[7265] [M]: 0x0000000080007170 (0x00AE9E93) slli t4, t4, 10
x29 <- 0xFFFFFFFF4AFB0C00
mem[X,0x0000000080007174] -> 0x8E93
mem[X,0x0000000080007176] -> 0x0CDE
[7266] [M]: 0x0000000080007174 (0x0CDE8E93) addi t4, t4, 205
x29 <- 0xFFFFFFFF4AFB0CCD
mem[X,0x0000000080007178] -> 0x4FB3
mem[X,0x000000008000717A] -> 0x03DF
[7267] [M]: 0x0000000080007178 (0x03DF4FB3) div t6, t5, t4
x31 <- 0x0000000000000000
mem[X,0x000000008000717C] -> 0xBC23
mem[X,0x000000008000717E] -> 0x63F6
[7268] [M]: 0x000000008000717C (0x63F6BC23) sd t6, 1592(a3)
mem[0x000000008000E1B8] <- 0x0000000000000000
mem[X,0x0000000080007180] -> 0x0F37
mem[X,0x0000000080007182] -> 0x0000
[7269] [M]: 0x0000000080007180 (0x00000F37) lui t5, 0
x30 <- 0x0000000000000000
mem[X,0x0000000080007184] -> 0x0F13
mem[X,0x0000000080007186] -> 0x000F
[7270] [M]: 0x0000000080007184 (0x000F0F13) addi t5, t5, 0
x30 <- 0x0000000000000000
mem[X,0x0000000080007188] -> 0x1F13
mem[X,0x000000008000718A] -> 0x00BF
[7271] [M]: 0x0000000080007188 (0x00BF1F13) slli t5, t5, 11
x30 <- 0x0000000000000000
mem[X,0x000000008000718C] -> 0x0F13
mem[X,0x000000008000718E] -> 0x5A8F
[7272] [M]: 0x000000008000718C (0x5A8F0F13) addi t5, t5, 1448
x30 <- 0x00000000000005A8
mem[X,0x0000000080007190] -> 0x1F13
mem[X,0x0000000080007192] -> 0x00BF
[7273] [M]: 0x0000000080007190 (0x00BF1F13) slli t5, t5, 11
x30 <- 0x00000000002D4000
mem[X,0x0000000080007194] -> 0x0F13
mem[X,0x0000000080007196] -> 0x13CF
[7274] [M]: 0x0000000080007194 (0x13CF0F13) addi t5, t5, 316
x30 <- 0x00000000002D413C
mem[X,0x0000000080007198] -> 0x1F13
mem[X,0x000000008000719A] -> 0x00AF
[7275] [M]: 0x0000000080007198 (0x00AF1F13) slli t5, t5, 10
x30 <- 0x00000000B504F000
mem[X,0x000000008000719C] -> 0x0F13
mem[X,0x000000008000719E] -> 0x332F
[7276] [M]: 0x000000008000719C (0x332F0F13) addi t5, t5, 818
x30 <- 0x00000000B504F332
mem[X,0x00000000800071A0] -> 0x0EB7
mem[X,0x00000000800071A2] -> 0x0000
[7277] [M]: 0x00000000800071A0 (0x00000EB7) lui t4, 0
x29 <- 0x0000000000000000
mem[X,0x00000000800071A4] -> 0x8E93
mem[X,0x00000000800071A6] -> 0x000E
[7278] [M]: 0x00000000800071A4 (0x000E8E93) addi t4, t4, 0
x29 <- 0x0000000000000000
mem[X,0x00000000800071A8] -> 0x9E93
mem[X,0x00000000800071AA] -> 0x00BE
[7279] [M]: 0x00000000800071A8 (0x00BE9E93) slli t4, t4, 11
x29 <- 0x0000000000000000
mem[X,0x00000000800071AC] -> 0x8E93
mem[X,0x00000000800071AE] -> 0x5A8E
[7280] [M]: 0x00000000800071AC (0x5A8E8E93) addi t4, t4, 1448
x29 <- 0x00000000000005A8
mem[X,0x00000000800071B0] -> 0x9E93
mem[X,0x00000000800071B2] -> 0x00BE
[7281] [M]: 0x00000000800071B0 (0x00BE9E93) slli t4, t4, 11
x29 <- 0x00000000002D4000
mem[X,0x00000000800071B4] -> 0x8E93
mem[X,0x00000000800071B6] -> 0x13CE
[7282] [M]: 0x00000000800071B4 (0x13CE8E93) addi t4, t4, 316
x29 <- 0x00000000002D413C
mem[X,0x00000000800071B8] -> 0x9E93
mem[X,0x00000000800071BA] -> 0x00AE
[7283] [M]: 0x00000000800071B8 (0x00AE9E93) slli t4, t4, 10
x29 <- 0x00000000B504F000
mem[X,0x00000000800071BC] -> 0x8E93
mem[X,0x00000000800071BE] -> 0x333E
[7284] [M]: 0x00000000800071BC (0x333E8E93) addi t4, t4, 819
x29 <- 0x00000000B504F333
mem[X,0x00000000800071C0] -> 0x4FB3
mem[X,0x00000000800071C2] -> 0x03DF
[7285] [M]: 0x00000000800071C0 (0x03DF4FB3) div t6, t5, t4
x31 <- 0x0000000000000000
mem[X,0x00000000800071C4] -> 0xB023
mem[X,0x00000000800071C6] -> 0x65F6
[7286] [M]: 0x00000000800071C4 (0x65F6B023) sd t6, 1600(a3)
mem[0x000000008000E1C0] <- 0x0000000000000000
mem[X,0x00000000800071C8] -> 0x0F37
mem[X,0x00000000800071CA] -> 0x0000
[7287] [M]: 0x00000000800071C8 (0x00000F37) lui t5, 0
x30 <- 0x0000000000000000
mem[X,0x00000000800071CC] -> 0x0F13
mem[X,0x00000000800071CE] -> 0x000F
[7288] [M]: 0x00000000800071CC (0x000F0F13) addi t5, t5, 0
x30 <- 0x0000000000000000
mem[X,0x00000000800071D0] -> 0x1F13
mem[X,0x00000000800071D2] -> 0x00BF
[7289] [M]: 0x00000000800071D0 (0x00BF1F13) slli t5, t5, 11
x30 <- 0x0000000000000000
mem[X,0x00000000800071D4] -> 0x0F13
mem[X,0x00000000800071D6] -> 0x5A8F
[7290] [M]: 0x00000000800071D4 (0x5A8F0F13) addi t5, t5, 1448
x30 <- 0x00000000000005A8
mem[X,0x00000000800071D8] -> 0x1F13
mem[X,0x00000000800071DA] -> 0x00BF
[7291] [M]: 0x00000000800071D8 (0x00BF1F13) slli t5, t5, 11
x30 <- 0x00000000002D4000
mem[X,0x00000000800071DC] -> 0x0F13
mem[X,0x00000000800071DE] -> 0x13CF
[7292] [M]: 0x00000000800071DC (0x13CF0F13) addi t5, t5, 316
x30 <- 0x00000000002D413C
mem[X,0x00000000800071E0] -> 0x1F13
mem[X,0x00000000800071E2] -> 0x00AF
[7293] [M]: 0x00000000800071E0 (0x00AF1F13) slli t5, t5, 10
x30 <- 0x00000000B504F000
mem[X,0x00000000800071E4] -> 0x0F13
mem[X,0x00000000800071E6] -> 0x332F
[7294] [M]: 0x00000000800071E4 (0x332F0F13) addi t5, t5, 818
x30 <- 0x00000000B504F332
mem[X,0x00000000800071E8] -> 0x0E93
mem[X,0x00000000800071EA] -> 0x0020
[7295] [M]: 0x00000000800071E8 (0x00200E93) addi t4, zero, 2
x29 <- 0x0000000000000002
mem[X,0x00000000800071EC] -> 0x4FB3
mem[X,0x00000000800071EE] -> 0x03DF
[7296] [M]: 0x00000000800071EC (0x03DF4FB3) div t6, t5, t4
x31 <- 0x000000005A827999
mem[X,0x00000000800071F0] -> 0xB423
mem[X,0x00000000800071F2] -> 0x65F6
[7297] [M]: 0x00000000800071F0 (0x65F6B423) sd t6, 1608(a3)
mem[0x000000008000E1C8] <- 0x000000005A827999
mem[X,0x00000000800071F4] -> 0x0F37
mem[X,0x00000000800071F6] -> 0x0000
[7298] [M]: 0x00000000800071F4 (0x00000F37) lui t5, 0
x30 <- 0x0000000000000000
mem[X,0x00000000800071F8] -> 0x0F13
mem[X,0x00000000800071FA] -> 0x000F
[7299] [M]: 0x00000000800071F8 (0x000F0F13) addi t5, t5, 0
x30 <- 0x0000000000000000
clint::tick mtime <- 0x0000000000000049
 clint timer pending at mtime 0x0000000000000049
htif::tick 0x0000000000000000
mem[X,0x00000000800071FC] -> 0x1F13
mem[X,0x00000000800071FE] -> 0x00BF
[7300] [M]: 0x00000000800071FC (0x00BF1F13) slli t5, t5, 11
x30 <- 0x0000000000000000
mem[X,0x0000000080007200] -> 0x0F13
mem[X,0x0000000080007202] -> 0x5A8F
[7301] [M]: 0x0000000080007200 (0x5A8F0F13) addi t5, t5, 1448
x30 <- 0x00000000000005A8
mem[X,0x0000000080007204] -> 0x1F13
mem[X,0x0000000080007206] -> 0x00BF
[7302] [M]: 0x0000000080007204 (0x00BF1F13) slli t5, t5, 11
x30 <- 0x00000000002D4000
mem[X,0x0000000080007208] -> 0x0F13
mem[X,0x000000008000720A] -> 0x13CF
[7303] [M]: 0x0000000080007208 (0x13CF0F13) addi t5, t5, 316
x30 <- 0x00000000002D413C
mem[X,0x000000008000720C] -> 0x1F13
mem[X,0x000000008000720E] -> 0x00AF
[7304] [M]: 0x000000008000720C (0x00AF1F13) slli t5, t5, 10
x30 <- 0x00000000B504F000
mem[X,0x0000000080007210] -> 0x0F13
mem[X,0x0000000080007212] -> 0x332F
[7305] [M]: 0x0000000080007210 (0x332F0F13) addi t5, t5, 818
x30 <- 0x00000000B504F332
mem[X,0x0000000080007214] -> 0x5EB7
mem[X,0x0000000080007216] -> 0x5555
[7306] [M]: 0x0000000080007214 (0x55555EB7) lui t4, 349525
x29 <- 0x0000000055555000
mem[X,0x0000000080007218] -> 0x8E93
mem[X,0x000000008000721A] -> 0x555E
[7307] [M]: 0x0000000080007218 (0x555E8E93) addi t4, t4, 1365
x29 <- 0x0000000055555555
mem[X,0x000000008000721C] -> 0x9E93
mem[X,0x000000008000721E] -> 0x00BE
[7308] [M]: 0x000000008000721C (0x00BE9E93) slli t4, t4, 11
x29 <- 0x000002AAAAAAA800
mem[X,0x0000000080007220] -> 0x8E93
mem[X,0x0000000080007222] -> 0x2AAE
[7309] [M]: 0x0000000080007220 (0x2AAE8E93) addi t4, t4, 682
x29 <- 0x000002AAAAAAAAAA
mem[X,0x0000000080007224] -> 0x9E93
mem[X,0x0000000080007226] -> 0x00BE
[7310] [M]: 0x0000000080007224 (0x00BE9E93) slli t4, t4, 11
x29 <- 0x0015555555555000
mem[X,0x0000000080007228] -> 0x8E93
mem[X,0x000000008000722A] -> 0x555E
[7311] [M]: 0x0000000080007228 (0x555E8E93) addi t4, t4, 1365
x29 <- 0x0015555555555555
mem[X,0x000000008000722C] -> 0x9E93
mem[X,0x000000008000722E] -> 0x00AE
[7312] [M]: 0x000000008000722C (0x00AE9E93) slli t4, t4, 10
x29 <- 0x5555555555555400
mem[X,0x0000000080007230] -> 0x8E93
mem[X,0x0000000080007232] -> 0x154E
[7313] [M]: 0x0000000080007230 (0x154E8E93) addi t4, t4, 340
x29 <- 0x5555555555555554
mem[X,0x0000000080007234] -> 0x4FB3
mem[X,0x0000000080007236] -> 0x03DF
[7314] [M]: 0x0000000080007234 (0x03DF4FB3) div t6, t5, t4
x31 <- 0x0000000000000000
mem[X,0x0000000080007238] -> 0xB823
mem[X,0x000000008000723A] -> 0x65F6
[7315] [M]: 0x0000000080007238 (0x65F6B823) sd t6, 1616(a3)
mem[0x000000008000E1D0] <- 0x0000000000000000
mem[X,0x000000008000723C] -> 0x0F37
mem[X,0x000000008000723E] -> 0x0000
[7316] [M]: 0x000000008000723C (0x00000F37) lui t5, 0
x30 <- 0x0000000000000000
mem[X,0x0000000080007240] -> 0x0F13
mem[X,0x0000000080007242] -> 0x000F
[7317] [M]: 0x0000000080007240 (0x000F0F13) addi t5, t5, 0
x30 <- 0x0000000000000000
mem[X,0x0000000080007244] -> 0x1F13
mem[X,0x0000000080007246] -> 0x00BF
[7318] [M]: 0x0000000080007244 (0x00BF1F13) slli t5, t5, 11
x30 <- 0x0000000000000000
mem[X,0x0000000080007248] -> 0x0F13
mem[X,0x000000008000724A] -> 0x5A8F
[7319] [M]: 0x0000000080007248 (0x5A8F0F13) addi t5, t5, 1448
x30 <- 0x00000000000005A8
mem[X,0x000000008000724C] -> 0x1F13
mem[X,0x000000008000724E] -> 0x00BF
[7320] [M]: 0x000000008000724C (0x00BF1F13) slli t5, t5, 11
x30 <- 0x00000000002D4000
mem[X,0x0000000080007250] -> 0x0F13
mem[X,0x0000000080007252] -> 0x13CF
[7321] [M]: 0x0000000080007250 (0x13CF0F13) addi t5, t5, 316
x30 <- 0x00000000002D413C
mem[X,0x0000000080007254] -> 0x1F13
mem[X,0x0000000080007256] -> 0x00AF
[7322] [M]: 0x0000000080007254 (0x00AF1F13) slli t5, t5, 10
x30 <- 0x00000000B504F000
mem[X,0x0000000080007258] -> 0x0F13
mem[X,0x000000008000725A] -> 0x332F
[7323] [M]: 0x0000000080007258 (0x332F0F13) addi t5, t5, 818
x30 <- 0x00000000B504F332
mem[X,0x000000008000725C] -> 0x3EB7
mem[X,0x000000008000725E] -> 0x3333
[7324] [M]: 0x000000008000725C (0x33333EB7) lui t4, 209715
x29 <- 0x0000000033333000
mem[X,0x0000000080007260] -> 0x8E93
mem[X,0x0000000080007262] -> 0x333E
[7325] [M]: 0x0000000080007260 (0x333E8E93) addi t4, t4, 819
x29 <- 0x0000000033333333
mem[X,0x0000000080007264] -> 0x9E93
mem[X,0x0000000080007266] -> 0x00BE
[7326] [M]: 0x0000000080007264 (0x00BE9E93) slli t4, t4, 11
x29 <- 0x0000019999999800
mem[X,0x0000000080007268] -> 0x8E93
mem[X,0x000000008000726A] -> 0x199E
[7327] [M]: 0x0000000080007268 (0x199E8E93) addi t4, t4, 409
x29 <- 0x0000019999999999
mem[X,0x000000008000726C] -> 0x9E93
mem[X,0x000000008000726E] -> 0x00BE
[7328] [M]: 0x000000008000726C (0x00BE9E93) slli t4, t4, 11
x29 <- 0x000CCCCCCCCCC800
mem[X,0x0000000080007270] -> 0x8E93
mem[X,0x0000000080007272] -> 0x4CCE
[7329] [M]: 0x0000000080007270 (0x4CCE8E93) addi t4, t4, 1228
x29 <- 0x000CCCCCCCCCCCCC
mem[X,0x0000000080007274] -> 0x9E93
mem[X,0x0000000080007276] -> 0x00AE
[7330] [M]: 0x0000000080007274 (0x00AE9E93) slli t4, t4, 10
x29 <- 0x3333333333333000
mem[X,0x0000000080007278] -> 0x8E93
mem[X,0x000000008000727A] -> 0x332E
[7331] [M]: 0x0000000080007278 (0x332E8E93) addi t4, t4, 818
x29 <- 0x3333333333333332
mem[X,0x000000008000727C] -> 0x4FB3
mem[X,0x000000008000727E] -> 0x03DF
[7332] [M]: 0x000000008000727C (0x03DF4FB3) div t6, t5, t4
x31 <- 0x0000000000000000
mem[X,0x0000000080007280] -> 0xBC23
mem[X,0x0000000080007282] -> 0x65F6
[7333] [M]: 0x0000000080007280 (0x65F6BC23) sd t6, 1624(a3)
mem[0x000000008000E1D8] <- 0x0000000000000000
mem[X,0x0000000080007284] -> 0x0F37
mem[X,0x0000000080007286] -> 0x0000
[7334] [M]: 0x0000000080007284 (0x00000F37) lui t5, 0
x30 <- 0x0000000000000000
mem[X,0x0000000080007288] -> 0x0F13
mem[X,0x000000008000728A] -> 0x000F
[7335] [M]: 0x0000000080007288 (0x000F0F13) addi t5, t5, 0
x30 <- 0x0000000000000000
mem[X,0x000000008000728C] -> 0x1F13
mem[X,0x000000008000728E] -> 0x00BF
[7336] [M]: 0x000000008000728C (0x00BF1F13) slli t5, t5, 11
x30 <- 0x0000000000000000
mem[X,0x0000000080007290] -> 0x0F13
mem[X,0x0000000080007292] -> 0x5A8F
[7337] [M]: 0x0000000080007290 (0x5A8F0F13) addi t5, t5, 1448
x30 <- 0x00000000000005A8
mem[X,0x0000000080007294] -> 0x1F13
mem[X,0x0000000080007296] -> 0x00BF
[7338] [M]: 0x0000000080007294 (0x00BF1F13) slli t5, t5, 11
x30 <- 0x00000000002D4000
mem[X,0x0000000080007298] -> 0x0F13
mem[X,0x000000008000729A] -> 0x13CF
[7339] [M]: 0x0000000080007298 (0x13CF0F13) addi t5, t5, 316
x30 <- 0x00000000002D413C
mem[X,0x000000008000729C] -> 0x1F13
mem[X,0x000000008000729E] -> 0x00AF
[7340] [M]: 0x000000008000729C (0x00AF1F13) slli t5, t5, 10
x30 <- 0x00000000B504F000
mem[X,0x00000000800072A0] -> 0x0F13
mem[X,0x00000000800072A2] -> 0x332F
[7341] [M]: 0x00000000800072A0 (0x332F0F13) addi t5, t5, 818
x30 <- 0x00000000B504F332
mem[X,0x00000000800072A4] -> 0x6EB7
mem[X,0x00000000800072A6] -> 0x6666
[7342] [M]: 0x00000000800072A4 (0x66666EB7) lui t4, 419430
x29 <- 0x0000000066666000
mem[X,0x00000000800072A8] -> 0x8E93
mem[X,0x00000000800072AA] -> 0x666E
[7343] [M]: 0x00000000800072A8 (0x666E8E93) addi t4, t4, 1638
x29 <- 0x0000000066666666
mem[X,0x00000000800072AC] -> 0x9E93
mem[X,0x00000000800072AE] -> 0x00BE
[7344] [M]: 0x00000000800072AC (0x00BE9E93) slli t4, t4, 11
x29 <- 0x0000033333333000
mem[X,0x00000000800072B0] -> 0x8E93
mem[X,0x00000000800072B2] -> 0x333E
[7345] [M]: 0x00000000800072B0 (0x333E8E93) addi t4, t4, 819
x29 <- 0x0000033333333333
mem[X,0x00000000800072B4] -> 0x9E93
mem[X,0x00000000800072B6] -> 0x00BE
[7346] [M]: 0x00000000800072B4 (0x00BE9E93) slli t4, t4, 11
x29 <- 0x0019999999999800
mem[X,0x00000000800072B8] -> 0x8E93
mem[X,0x00000000800072BA] -> 0x199E
[7347] [M]: 0x00000000800072B8 (0x199E8E93) addi t4, t4, 409
x29 <- 0x0019999999999999
mem[X,0x00000000800072BC] -> 0x9E93
mem[X,0x00000000800072BE] -> 0x00AE
[7348] [M]: 0x00000000800072BC (0x00AE9E93) slli t4, t4, 10
x29 <- 0x6666666666666400
mem[X,0x00000000800072C0] -> 0x8E93
mem[X,0x00000000800072C2] -> 0x265E
[7349] [M]: 0x00000000800072C0 (0x265E8E93) addi t4, t4, 613
x29 <- 0x6666666666666665
mem[X,0x00000000800072C4] -> 0x4FB3
mem[X,0x00000000800072C6] -> 0x03DF
[7350] [M]: 0x00000000800072C4 (0x03DF4FB3) div t6, t5, t4
x31 <- 0x0000000000000000
mem[X,0x00000000800072C8] -> 0xB023
mem[X,0x00000000800072CA] -> 0x67F6
[7351] [M]: 0x00000000800072C8 (0x67F6B023) sd t6, 1632(a3)
mem[0x000000008000E1E0] <- 0x0000000000000000
mem[X,0x00000000800072CC] -> 0x0F37
mem[X,0x00000000800072CE] -> 0x0000
[7352] [M]: 0x00000000800072CC (0x00000F37) lui t5, 0
x30 <- 0x0000000000000000
mem[X,0x00000000800072D0] -> 0x0F13
mem[X,0x00000000800072D2] -> 0x000F
[7353] [M]: 0x00000000800072D0 (0x000F0F13) addi t5, t5, 0
x30 <- 0x0000000000000000
mem[X,0x00000000800072D4] -> 0x1F13
mem[X,0x00000000800072D6] -> 0x00BF
[7354] [M]: 0x00000000800072D4 (0x00BF1F13) slli t5, t5, 11
x30 <- 0x0000000000000000
mem[X,0x00000000800072D8] -> 0x0F13
mem[X,0x00000000800072DA] -> 0x5A8F
[7355] [M]: 0x00000000800072D8 (0x5A8F0F13) addi t5, t5, 1448
x30 <- 0x00000000000005A8
mem[X,0x00000000800072DC] -> 0x1F13
mem[X,0x00000000800072DE] -> 0x00BF
[7356] [M]: 0x00000000800072DC (0x00BF1F13) slli t5, t5, 11
x30 <- 0x00000000002D4000
mem[X,0x00000000800072E0] -> 0x0F13
mem[X,0x00000000800072E2] -> 0x13CF
[7357] [M]: 0x00000000800072E0 (0x13CF0F13) addi t5, t5, 316
x30 <- 0x00000000002D413C
mem[X,0x00000000800072E4] -> 0x1F13
mem[X,0x00000000800072E6] -> 0x00AF
[7358] [M]: 0x00000000800072E4 (0x00AF1F13) slli t5, t5, 10
x30 <- 0x00000000B504F000
mem[X,0x00000000800072E8] -> 0x0F13
mem[X,0x00000000800072EA] -> 0x332F
[7359] [M]: 0x00000000800072E8 (0x332F0F13) addi t5, t5, 818
x30 <- 0x00000000B504F332
mem[X,0x00000000800072EC] -> 0x0E93
mem[X,0x00000000800072EE] -> 0x0000
[7360] [M]: 0x00000000800072EC (0x00000E93) addi t4, zero, 0
x29 <- 0x0000000000000000
mem[X,0x00000000800072F0] -> 0x4FB3
mem[X,0x00000000800072F2] -> 0x03DF
[7361] [M]: 0x00000000800072F0 (0x03DF4FB3) div t6, t5, t4
x31 <- 0xFFFFFFFFFFFFFFFF
mem[X,0x00000000800072F4] -> 0xB423
mem[X,0x00000000800072F6] -> 0x67F6
[7362] [M]: 0x00000000800072F4 (0x67F6B423) sd t6, 1640(a3)
mem[0x000000008000E1E8] <- 0xFFFFFFFFFFFFFFFF
mem[X,0x00000000800072F8] -> 0x0F37
mem[X,0x00000000800072FA] -> 0x0000
[7363] [M]: 0x00000000800072F8 (0x00000F37) lui t5, 0
x30 <- 0x0000000000000000
mem[X,0x00000000800072FC] -> 0x0F13
mem[X,0x00000000800072FE] -> 0x000F
[7364] [M]: 0x00000000800072FC (0x000F0F13) addi t5, t5, 0
x30 <- 0x0000000000000000
mem[X,0x0000000080007300] -> 0x1F13
mem[X,0x0000000080007302] -> 0x00BF
[7365] [M]: 0x0000000080007300 (0x00BF1F13) slli t5, t5, 11
x30 <- 0x0000000000000000
mem[X,0x0000000080007304] -> 0x0F13
mem[X,0x0000000080007306] -> 0x5A8F
[7366] [M]: 0x0000000080007304 (0x5A8F0F13) addi t5, t5, 1448
x30 <- 0x00000000000005A8
mem[X,0x0000000080007308] -> 0x1F13
mem[X,0x000000008000730A] -> 0x00BF
[7367] [M]: 0x0000000080007308 (0x00BF1F13) slli t5, t5, 11
x30 <- 0x00000000002D4000
mem[X,0x000000008000730C] -> 0x0F13
mem[X,0x000000008000730E] -> 0x13CF
[7368] [M]: 0x000000008000730C (0x13CF0F13) addi t5, t5, 316
x30 <- 0x00000000002D413C
mem[X,0x0000000080007310] -> 0x1F13
mem[X,0x0000000080007312] -> 0x00AF
[7369] [M]: 0x0000000080007310 (0x00AF1F13) slli t5, t5, 10
x30 <- 0x00000000B504F000
mem[X,0x0000000080007314] -> 0x0F13
mem[X,0x0000000080007316] -> 0x332F
[7370] [M]: 0x0000000080007314 (0x332F0F13) addi t5, t5, 818
x30 <- 0x00000000B504F332
mem[X,0x0000000080007318] -> 0x0EB7
mem[X,0x000000008000731A] -> 0x0000
[7371] [M]: 0x0000000080007318 (0x00000EB7) lui t4, 0
x29 <- 0x0000000000000000
mem[X,0x000000008000731C] -> 0x8E93
mem[X,0x000000008000731E] -> 0x000E
[7372] [M]: 0x000000008000731C (0x000E8E93) addi t4, t4, 0
x29 <- 0x0000000000000000
mem[X,0x0000000080007320] -> 0x9E93
mem[X,0x0000000080007322] -> 0x00BE
[7373] [M]: 0x0000000080007320 (0x00BE9E93) slli t4, t4, 11
x29 <- 0x0000000000000000
mem[X,0x0000000080007324] -> 0x8E93
mem[X,0x0000000080007326] -> 0x5A8E
[7374] [M]: 0x0000000080007324 (0x5A8E8E93) addi t4, t4, 1448
x29 <- 0x00000000000005A8
mem[X,0x0000000080007328] -> 0x9E93
mem[X,0x000000008000732A] -> 0x00BE
[7375] [M]: 0x0000000080007328 (0x00BE9E93) slli t4, t4, 11
x29 <- 0x00000000002D4000
mem[X,0x000000008000732C] -> 0x8E93
mem[X,0x000000008000732E] -> 0x13CE
[7376] [M]: 0x000000008000732C (0x13CE8E93) addi t4, t4, 316
x29 <- 0x00000000002D413C
mem[X,0x0000000080007330] -> 0x9E93
mem[X,0x0000000080007332] -> 0x00AE
[7377] [M]: 0x0000000080007330 (0x00AE9E93) slli t4, t4, 10
x29 <- 0x00000000B504F000
mem[X,0x0000000080007334] -> 0x8E93
mem[X,0x0000000080007336] -> 0x332E
[7378] [M]: 0x0000000080007334 (0x332E8E93) addi t4, t4, 818
x29 <- 0x00000000B504F332
mem[X,0x0000000080007338] -> 0x4FB3
mem[X,0x000000008000733A] -> 0x03DF
[7379] [M]: 0x0000000080007338 (0x03DF4FB3) div t6, t5, t4
x31 <- 0x0000000000000001
mem[X,0x000000008000733C] -> 0xB823
mem[X,0x000000008000733E] -> 0x67F6
[7380] [M]: 0x000000008000733C (0x67F6B823) sd t6, 1648(a3)
mem[0x000000008000E1F0] <- 0x0000000000000001
mem[X,0x0000000080007340] -> 0x0F37
mem[X,0x0000000080007342] -> 0x0000
[7381] [M]: 0x0000000080007340 (0x00000F37) lui t5, 0
x30 <- 0x0000000000000000
mem[X,0x0000000080007344] -> 0x0F13
mem[X,0x0000000080007346] -> 0x000F
[7382] [M]: 0x0000000080007344 (0x000F0F13) addi t5, t5, 0
x30 <- 0x0000000000000000
mem[X,0x0000000080007348] -> 0x1F13
mem[X,0x000000008000734A] -> 0x00BF
[7383] [M]: 0x0000000080007348 (0x00BF1F13) slli t5, t5, 11
x30 <- 0x0000000000000000
mem[X,0x000000008000734C] -> 0x0F13
mem[X,0x000000008000734E] -> 0x5A8F
[7384] [M]: 0x000000008000734C (0x5A8F0F13) addi t5, t5, 1448
x30 <- 0x00000000000005A8
mem[X,0x0000000080007350] -> 0x1F13
mem[X,0x0000000080007352] -> 0x00BF
[7385] [M]: 0x0000000080007350 (0x00BF1F13) slli t5, t5, 11
x30 <- 0x00000000002D4000
mem[X,0x0000000080007354] -> 0x0F13
mem[X,0x0000000080007356] -> 0x13CF
[7386] [M]: 0x0000000080007354 (0x13CF0F13) addi t5, t5, 316
x30 <- 0x00000000002D413C
mem[X,0x0000000080007358] -> 0x1F13
mem[X,0x000000008000735A] -> 0x00AF
[7387] [M]: 0x0000000080007358 (0x00AF1F13) slli t5, t5, 10
x30 <- 0x00000000B504F000
mem[X,0x000000008000735C] -> 0x0F13
mem[X,0x000000008000735E] -> 0x332F
[7388] [M]: 0x000000008000735C (0x332F0F13) addi t5, t5, 818
x30 <- 0x00000000B504F332
mem[X,0x0000000080007360] -> 0x0E93
mem[X,0x0000000080007362] -> 0x0040
[7389] [M]: 0x0000000080007360 (0x00400E93) addi t4, zero, 4
x29 <- 0x0000000000000004
mem[X,0x0000000080007364] -> 0x4FB3
mem[X,0x0000000080007366] -> 0x03DF
[7390] [M]: 0x0000000080007364 (0x03DF4FB3) div t6, t5, t4
x31 <- 0x000000002D413CCC
mem[X,0x0000000080007368] -> 0xBC23
mem[X,0x000000008000736A] -> 0x67F6
[7391] [M]: 0x0000000080007368 (0x67F6BC23) sd t6, 1656(a3)
mem[0x000000008000E1F8] <- 0x000000002D413CCC
mem[X,0x000000008000736C] -> 0x0F37
mem[X,0x000000008000736E] -> 0x0000
[7392] [M]: 0x000000008000736C (0x00000F37) lui t5, 0
x30 <- 0x0000000000000000
mem[X,0x0000000080007370] -> 0x0F13
mem[X,0x0000000080007372] -> 0x000F
[7393] [M]: 0x0000000080007370 (0x000F0F13) addi t5, t5, 0
x30 <- 0x0000000000000000
mem[X,0x0000000080007374] -> 0x1F13
mem[X,0x0000000080007376] -> 0x00BF
[7394] [M]: 0x0000000080007374 (0x00BF1F13) slli t5, t5, 11
x30 <- 0x0000000000000000
mem[X,0x0000000080007378] -> 0x0F13
mem[X,0x000000008000737A] -> 0x5A8F
[7395] [M]: 0x0000000080007378 (0x5A8F0F13) addi t5, t5, 1448
x30 <- 0x00000000000005A8
mem[X,0x000000008000737C] -> 0x1F13
mem[X,0x000000008000737E] -> 0x00BF
[7396] [M]: 0x000000008000737C (0x00BF1F13) slli t5, t5, 11
x30 <- 0x00000000002D4000
mem[X,0x0000000080007380] -> 0x0F13
mem[X,0x0000000080007382] -> 0x13CF
[7397] [M]: 0x0000000080007380 (0x13CF0F13) addi t5, t5, 316
x30 <- 0x00000000002D413C
mem[X,0x0000000080007384] -> 0x1F13
mem[X,0x0000000080007386] -> 0x00AF
[7398] [M]: 0x0000000080007384 (0x00AF1F13) slli t5, t5, 10
x30 <- 0x00000000B504F000
mem[X,0x0000000080007388] -> 0x0F13
mem[X,0x000000008000738A] -> 0x332F
[7399] [M]: 0x0000000080007388 (0x332F0F13) addi t5, t5, 818
x30 <- 0x00000000B504F332
clint::tick mtime <- 0x000000000000004A
 clint timer pending at mtime 0x000000000000004A
htif::tick 0x0000000000000000
mem[X,0x000000008000738C] -> 0x5EB7
mem[X,0x000000008000738E] -> 0x5555
[7400] [M]: 0x000000008000738C (0x55555EB7) lui t4, 349525
x29 <- 0x0000000055555000
mem[X,0x0000000080007390] -> 0x8E93
mem[X,0x0000000080007392] -> 0x555E
[7401] [M]: 0x0000000080007390 (0x555E8E93) addi t4, t4, 1365
x29 <- 0x0000000055555555
mem[X,0x0000000080007394] -> 0x9E93
mem[X,0x0000000080007396] -> 0x00BE
[7402] [M]: 0x0000000080007394 (0x00BE9E93) slli t4, t4, 11
x29 <- 0x000002AAAAAAA800
mem[X,0x0000000080007398] -> 0x8E93
mem[X,0x000000008000739A] -> 0x2AAE
[7403] [M]: 0x0000000080007398 (0x2AAE8E93) addi t4, t4, 682
x29 <- 0x000002AAAAAAAAAA
mem[X,0x000000008000739C] -> 0x9E93
mem[X,0x000000008000739E] -> 0x00BE
[7404] [M]: 0x000000008000739C (0x00BE9E93) slli t4, t4, 11
x29 <- 0x0015555555555000
mem[X,0x00000000800073A0] -> 0x8E93
mem[X,0x00000000800073A2] -> 0x555E
[7405] [M]: 0x00000000800073A0 (0x555E8E93) addi t4, t4, 1365
x29 <- 0x0015555555555555
mem[X,0x00000000800073A4] -> 0x9E93
mem[X,0x00000000800073A6] -> 0x00AE
[7406] [M]: 0x00000000800073A4 (0x00AE9E93) slli t4, t4, 10
x29 <- 0x5555555555555400
mem[X,0x00000000800073A8] -> 0x8E93
mem[X,0x00000000800073AA] -> 0x156E
[7407] [M]: 0x00000000800073A8 (0x156E8E93) addi t4, t4, 342
x29 <- 0x5555555555555556
mem[X,0x00000000800073AC] -> 0x4FB3
mem[X,0x00000000800073AE] -> 0x03DF
[7408] [M]: 0x00000000800073AC (0x03DF4FB3) div t6, t5, t4
x31 <- 0x0000000000000000
mem[X,0x00000000800073B0] -> 0xB023
mem[X,0x00000000800073B2] -> 0x69F6
[7409] [M]: 0x00000000800073B0 (0x69F6B023) sd t6, 1664(a3)
mem[0x000000008000E200] <- 0x0000000000000000
mem[X,0x00000000800073B4] -> 0x0F37
mem[X,0x00000000800073B6] -> 0x0000
[7410] [M]: 0x00000000800073B4 (0x00000F37) lui t5, 0
x30 <- 0x0000000000000000
mem[X,0x00000000800073B8] -> 0x0F13
mem[X,0x00000000800073BA] -> 0x000F
[7411] [M]: 0x00000000800073B8 (0x000F0F13) addi t5, t5, 0
x30 <- 0x0000000000000000
mem[X,0x00000000800073BC] -> 0x1F13
mem[X,0x00000000800073BE] -> 0x00BF
[7412] [M]: 0x00000000800073BC (0x00BF1F13) slli t5, t5, 11
x30 <- 0x0000000000000000
mem[X,0x00000000800073C0] -> 0x0F13
mem[X,0x00000000800073C2] -> 0x5A8F
[7413] [M]: 0x00000000800073C0 (0x5A8F0F13) addi t5, t5, 1448
x30 <- 0x00000000000005A8
mem[X,0x00000000800073C4] -> 0x1F13
mem[X,0x00000000800073C6] -> 0x00BF
[7414] [M]: 0x00000000800073C4 (0x00BF1F13) slli t5, t5, 11
x30 <- 0x00000000002D4000
mem[X,0x00000000800073C8] -> 0x0F13
mem[X,0x00000000800073CA] -> 0x13CF
[7415] [M]: 0x00000000800073C8 (0x13CF0F13) addi t5, t5, 316
x30 <- 0x00000000002D413C
mem[X,0x00000000800073CC] -> 0x1F13
mem[X,0x00000000800073CE] -> 0x00AF
[7416] [M]: 0x00000000800073CC (0x00AF1F13) slli t5, t5, 10
x30 <- 0x00000000B504F000
mem[X,0x00000000800073D0] -> 0x0F13
mem[X,0x00000000800073D2] -> 0x332F
[7417] [M]: 0x00000000800073D0 (0x332F0F13) addi t5, t5, 818
x30 <- 0x00000000B504F332
mem[X,0x00000000800073D4] -> 0xBEB7
mem[X,0x00000000800073D6] -> 0xAAAA
[7418] [M]: 0x00000000800073D4 (0xAAAABEB7) lui t4, 699051
x29 <- 0xFFFFFFFFAAAAB000
mem[X,0x00000000800073D8] -> 0x8E93
mem[X,0x00000000800073DA] -> 0xAAAE
[7419] [M]: 0x00000000800073D8 (0xAAAE8E93) addi t4, t4, 2730
x29 <- 0xFFFFFFFFAAAAAAAA
mem[X,0x00000000800073DC] -> 0x9E93
mem[X,0x00000000800073DE] -> 0x00BE
[7420] [M]: 0x00000000800073DC (0x00BE9E93) slli t4, t4, 11
x29 <- 0xFFFFFD5555555000
mem[X,0x00000000800073E0] -> 0x8E93
mem[X,0x00000000800073E2] -> 0x555E
[7421] [M]: 0x00000000800073E0 (0x555E8E93) addi t4, t4, 1365
x29 <- 0xFFFFFD5555555555
mem[X,0x00000000800073E4] -> 0x9E93
mem[X,0x00000000800073E6] -> 0x00BE
[7422] [M]: 0x00000000800073E4 (0x00BE9E93) slli t4, t4, 11
x29 <- 0xFFEAAAAAAAAAA800
mem[X,0x00000000800073E8] -> 0x8E93
mem[X,0x00000000800073EA] -> 0x2AAE
[7423] [M]: 0x00000000800073E8 (0x2AAE8E93) addi t4, t4, 682
x29 <- 0xFFEAAAAAAAAAAAAA
mem[X,0x00000000800073EC] -> 0x9E93
mem[X,0x00000000800073EE] -> 0x00AE
[7424] [M]: 0x00000000800073EC (0x00AE9E93) slli t4, t4, 10
x29 <- 0xAAAAAAAAAAAAA800
mem[X,0x00000000800073F0] -> 0x8E93
mem[X,0x00000000800073F2] -> 0x2ABE
[7425] [M]: 0x00000000800073F0 (0x2ABE8E93) addi t4, t4, 683
x29 <- 0xAAAAAAAAAAAAAAAB
mem[X,0x00000000800073F4] -> 0x4FB3
mem[X,0x00000000800073F6] -> 0x03DF
[7426] [M]: 0x00000000800073F4 (0x03DF4FB3) div t6, t5, t4
x31 <- 0x0000000000000000
mem[X,0x00000000800073F8] -> 0xB423
mem[X,0x00000000800073FA] -> 0x69F6
[7427] [M]: 0x00000000800073F8 (0x69F6B423) sd t6, 1672(a3)
mem[0x000000008000E208] <- 0x0000000000000000
mem[X,0x00000000800073FC] -> 0x0F37
mem[X,0x00000000800073FE] -> 0x0000
[7428] [M]: 0x00000000800073FC (0x00000F37) lui t5, 0
x30 <- 0x0000000000000000
mem[X,0x0000000080007400] -> 0x0F13
mem[X,0x0000000080007402] -> 0x000F
[7429] [M]: 0x0000000080007400 (0x000F0F13) addi t5, t5, 0
x30 <- 0x0000000000000000
mem[X,0x0000000080007404] -> 0x1F13
mem[X,0x0000000080007406] -> 0x00BF
[7430] [M]: 0x0000000080007404 (0x00BF1F13) slli t5, t5, 11
x30 <- 0x0000000000000000
mem[X,0x0000000080007408] -> 0x0F13
mem[X,0x000000008000740A] -> 0x5A8F
[7431] [M]: 0x0000000080007408 (0x5A8F0F13) addi t5, t5, 1448
x30 <- 0x00000000000005A8
mem[X,0x000000008000740C] -> 0x1F13
mem[X,0x000000008000740E] -> 0x00BF
[7432] [M]: 0x000000008000740C (0x00BF1F13) slli t5, t5, 11
x30 <- 0x00000000002D4000
mem[X,0x0000000080007410] -> 0x0F13
mem[X,0x0000000080007412] -> 0x13CF
[7433] [M]: 0x0000000080007410 (0x13CF0F13) addi t5, t5, 316
x30 <- 0x00000000002D413C
mem[X,0x0000000080007414] -> 0x1F13
mem[X,0x0000000080007416] -> 0x00AF
[7434] [M]: 0x0000000080007414 (0x00AF1F13) slli t5, t5, 10
x30 <- 0x00000000B504F000
mem[X,0x0000000080007418] -> 0x0F13
mem[X,0x000000008000741A] -> 0x332F
[7435] [M]: 0x0000000080007418 (0x332F0F13) addi t5, t5, 818
x30 <- 0x00000000B504F332
mem[X,0x000000008000741C] -> 0x0E93
mem[X,0x000000008000741E] -> 0x0060
[7436] [M]: 0x000000008000741C (0x00600E93) addi t4, zero, 6
x29 <- 0x0000000000000006
mem[X,0x0000000080007420] -> 0x4FB3
mem[X,0x0000000080007422] -> 0x03DF
[7437] [M]: 0x0000000080007420 (0x03DF4FB3) div t6, t5, t4
x31 <- 0x000000001E2B7DDD
mem[X,0x0000000080007424] -> 0xB823
mem[X,0x0000000080007426] -> 0x69F6
[7438] [M]: 0x0000000080007424 (0x69F6B823) sd t6, 1680(a3)
mem[0x000000008000E210] <- 0x000000001E2B7DDD
mem[X,0x0000000080007428] -> 0x0F37
mem[X,0x000000008000742A] -> 0x0000
[7439] [M]: 0x0000000080007428 (0x00000F37) lui t5, 0
x30 <- 0x0000000000000000
mem[X,0x000000008000742C] -> 0x0F13
mem[X,0x000000008000742E] -> 0x000F
[7440] [M]: 0x000000008000742C (0x000F0F13) addi t5, t5, 0
x30 <- 0x0000000000000000
mem[X,0x0000000080007430] -> 0x1F13
mem[X,0x0000000080007432] -> 0x00BF
[7441] [M]: 0x0000000080007430 (0x00BF1F13) slli t5, t5, 11
x30 <- 0x0000000000000000
mem[X,0x0000000080007434] -> 0x0F13
mem[X,0x0000000080007436] -> 0x5A8F
[7442] [M]: 0x0000000080007434 (0x5A8F0F13) addi t5, t5, 1448
x30 <- 0x00000000000005A8
mem[X,0x0000000080007438] -> 0x1F13
mem[X,0x000000008000743A] -> 0x00BF
[7443] [M]: 0x0000000080007438 (0x00BF1F13) slli t5, t5, 11
x30 <- 0x00000000002D4000
mem[X,0x000000008000743C] -> 0x0F13
mem[X,0x000000008000743E] -> 0x13CF
[7444] [M]: 0x000000008000743C (0x13CF0F13) addi t5, t5, 316
x30 <- 0x00000000002D413C
mem[X,0x0000000080007440] -> 0x1F13
mem[X,0x0000000080007442] -> 0x00AF
[7445] [M]: 0x0000000080007440 (0x00AF1F13) slli t5, t5, 10
x30 <- 0x00000000B504F000
mem[X,0x0000000080007444] -> 0x0F13
mem[X,0x0000000080007446] -> 0x332F
[7446] [M]: 0x0000000080007444 (0x332F0F13) addi t5, t5, 818
x30 <- 0x00000000B504F332
mem[X,0x0000000080007448] -> 0x3EB7
mem[X,0x000000008000744A] -> 0x3333
[7447] [M]: 0x0000000080007448 (0x33333EB7) lui t4, 209715
x29 <- 0x0000000033333000
mem[X,0x000000008000744C] -> 0x8E93
mem[X,0x000000008000744E] -> 0x333E
[7448] [M]: 0x000000008000744C (0x333E8E93) addi t4, t4, 819
x29 <- 0x0000000033333333
mem[X,0x0000000080007450] -> 0x9E93
mem[X,0x0000000080007452] -> 0x00BE
[7449] [M]: 0x0000000080007450 (0x00BE9E93) slli t4, t4, 11
x29 <- 0x0000019999999800
mem[X,0x0000000080007454] -> 0x8E93
mem[X,0x0000000080007456] -> 0x199E
[7450] [M]: 0x0000000080007454 (0x199E8E93) addi t4, t4, 409
x29 <- 0x0000019999999999
mem[X,0x0000000080007458] -> 0x9E93
mem[X,0x000000008000745A] -> 0x00BE
[7451] [M]: 0x0000000080007458 (0x00BE9E93) slli t4, t4, 11
x29 <- 0x000CCCCCCCCCC800
mem[X,0x000000008000745C] -> 0x8E93
mem[X,0x000000008000745E] -> 0x4CCE
[7452] [M]: 0x000000008000745C (0x4CCE8E93) addi t4, t4, 1228
x29 <- 0x000CCCCCCCCCCCCC
mem[X,0x0000000080007460] -> 0x9E93
mem[X,0x0000000080007462] -> 0x00AE
[7453] [M]: 0x0000000080007460 (0x00AE9E93) slli t4, t4, 10
x29 <- 0x3333333333333000
mem[X,0x0000000080007464] -> 0x8E93
mem[X,0x0000000080007466] -> 0x334E
[7454] [M]: 0x0000000080007464 (0x334E8E93) addi t4, t4, 820
x29 <- 0x3333333333333334
mem[X,0x0000000080007468] -> 0x4FB3
mem[X,0x000000008000746A] -> 0x03DF
[7455] [M]: 0x0000000080007468 (0x03DF4FB3) div t6, t5, t4
x31 <- 0x0000000000000000
mem[X,0x000000008000746C] -> 0xBC23
mem[X,0x000000008000746E] -> 0x69F6
[7456] [M]: 0x000000008000746C (0x69F6BC23) sd t6, 1688(a3)
mem[0x000000008000E218] <- 0x0000000000000000
mem[X,0x0000000080007470] -> 0x0F37
mem[X,0x0000000080007472] -> 0x0000
[7457] [M]: 0x0000000080007470 (0x00000F37) lui t5, 0
x30 <- 0x0000000000000000
mem[X,0x0000000080007474] -> 0x0F13
mem[X,0x0000000080007476] -> 0x000F
[7458] [M]: 0x0000000080007474 (0x000F0F13) addi t5, t5, 0
x30 <- 0x0000000000000000
mem[X,0x0000000080007478] -> 0x1F13
mem[X,0x000000008000747A] -> 0x00BF
[7459] [M]: 0x0000000080007478 (0x00BF1F13) slli t5, t5, 11
x30 <- 0x0000000000000000
mem[X,0x000000008000747C] -> 0x0F13
mem[X,0x000000008000747E] -> 0x5A8F
[7460] [M]: 0x000000008000747C (0x5A8F0F13) addi t5, t5, 1448
x30 <- 0x00000000000005A8
mem[X,0x0000000080007480] -> 0x1F13
mem[X,0x0000000080007482] -> 0x00BF
[7461] [M]: 0x0000000080007480 (0x00BF1F13) slli t5, t5, 11
x30 <- 0x00000000002D4000
mem[X,0x0000000080007484] -> 0x0F13
mem[X,0x0000000080007486] -> 0x13CF
[7462] [M]: 0x0000000080007484 (0x13CF0F13) addi t5, t5, 316
x30 <- 0x00000000002D413C
mem[X,0x0000000080007488] -> 0x1F13
mem[X,0x000000008000748A] -> 0x00AF
[7463] [M]: 0x0000000080007488 (0x00AF1F13) slli t5, t5, 10
x30 <- 0x00000000B504F000
mem[X,0x000000008000748C] -> 0x0F13
mem[X,0x000000008000748E] -> 0x332F
[7464] [M]: 0x000000008000748C (0x332F0F13) addi t5, t5, 818
x30 <- 0x00000000B504F332
mem[X,0x0000000080007490] -> 0x6EB7
mem[X,0x0000000080007492] -> 0x6666
[7465] [M]: 0x0000000080007490 (0x66666EB7) lui t4, 419430
x29 <- 0x0000000066666000
mem[X,0x0000000080007494] -> 0x8E93
mem[X,0x0000000080007496] -> 0x666E
[7466] [M]: 0x0000000080007494 (0x666E8E93) addi t4, t4, 1638
x29 <- 0x0000000066666666
mem[X,0x0000000080007498] -> 0x9E93
mem[X,0x000000008000749A] -> 0x00BE
[7467] [M]: 0x0000000080007498 (0x00BE9E93) slli t4, t4, 11
x29 <- 0x0000033333333000
mem[X,0x000000008000749C] -> 0x8E93
mem[X,0x000000008000749E] -> 0x333E
[7468] [M]: 0x000000008000749C (0x333E8E93) addi t4, t4, 819
x29 <- 0x0000033333333333
mem[X,0x00000000800074A0] -> 0x9E93
mem[X,0x00000000800074A2] -> 0x00BE
[7469] [M]: 0x00000000800074A0 (0x00BE9E93) slli t4, t4, 11
x29 <- 0x0019999999999800
mem[X,0x00000000800074A4] -> 0x8E93
mem[X,0x00000000800074A6] -> 0x199E
[7470] [M]: 0x00000000800074A4 (0x199E8E93) addi t4, t4, 409
x29 <- 0x0019999999999999
mem[X,0x00000000800074A8] -> 0x9E93
mem[X,0x00000000800074AA] -> 0x00AE
[7471] [M]: 0x00000000800074A8 (0x00AE9E93) slli t4, t4, 10
x29 <- 0x6666666666666400
mem[X,0x00000000800074AC] -> 0x8E93
mem[X,0x00000000800074AE] -> 0x267E
[7472] [M]: 0x00000000800074AC (0x267E8E93) addi t4, t4, 615
x29 <- 0x6666666666666667
mem[X,0x00000000800074B0] -> 0x4FB3
mem[X,0x00000000800074B2] -> 0x03DF
[7473] [M]: 0x00000000800074B0 (0x03DF4FB3) div t6, t5, t4
x31 <- 0x0000000000000000
mem[X,0x00000000800074B4] -> 0xB023
mem[X,0x00000000800074B6] -> 0x6BF6
[7474] [M]: 0x00000000800074B4 (0x6BF6B023) sd t6, 1696(a3)
mem[0x000000008000E220] <- 0x0000000000000000
mem[X,0x00000000800074B8] -> 0x0F37
mem[X,0x00000000800074BA] -> 0x0000
[7475] [M]: 0x00000000800074B8 (0x00000F37) lui t5, 0
x30 <- 0x0000000000000000
mem[X,0x00000000800074BC] -> 0x0F13
mem[X,0x00000000800074BE] -> 0x000F
[7476] [M]: 0x00000000800074BC (0x000F0F13) addi t5, t5, 0
x30 <- 0x0000000000000000
mem[X,0x00000000800074C0] -> 0x1F13
mem[X,0x00000000800074C2] -> 0x00BF
[7477] [M]: 0x00000000800074C0 (0x00BF1F13) slli t5, t5, 11
x30 <- 0x0000000000000000
mem[X,0x00000000800074C4] -> 0x0F13
mem[X,0x00000000800074C6] -> 0x5A8F
[7478] [M]: 0x00000000800074C4 (0x5A8F0F13) addi t5, t5, 1448
x30 <- 0x00000000000005A8
mem[X,0x00000000800074C8] -> 0x1F13
mem[X,0x00000000800074CA] -> 0x00BF
[7479] [M]: 0x00000000800074C8 (0x00BF1F13) slli t5, t5, 11
x30 <- 0x00000000002D4000
mem[X,0x00000000800074CC] -> 0x0F13
mem[X,0x00000000800074CE] -> 0x13CF
[7480] [M]: 0x00000000800074CC (0x13CF0F13) addi t5, t5, 316
x30 <- 0x00000000002D413C
mem[X,0x00000000800074D0] -> 0x1F13
mem[X,0x00000000800074D2] -> 0x00AF
[7481] [M]: 0x00000000800074D0 (0x00AF1F13) slli t5, t5, 10
x30 <- 0x00000000B504F000
mem[X,0x00000000800074D4] -> 0x0F13
mem[X,0x00000000800074D6] -> 0x332F
[7482] [M]: 0x00000000800074D4 (0x332F0F13) addi t5, t5, 818
x30 <- 0x00000000B504F332
mem[X,0x00000000800074D8] -> 0x0EB7
mem[X,0x00000000800074DA] -> 0x0000
[7483] [M]: 0x00000000800074D8 (0x00000EB7) lui t4, 0
x29 <- 0x0000000000000000
mem[X,0x00000000800074DC] -> 0x8E93
mem[X,0x00000000800074DE] -> 0xFFFE
[7484] [M]: 0x00000000800074DC (0xFFFE8E93) addi t4, t4, 4095
x29 <- 0xFFFFFFFFFFFFFFFF
mem[X,0x00000000800074E0] -> 0x9E93
mem[X,0x00000000800074E2] -> 0x00BE
[7485] [M]: 0x00000000800074E0 (0x00BE9E93) slli t4, t4, 11
x29 <- 0xFFFFFFFFFFFFF800
mem[X,0x00000000800074E4] -> 0x8E93
mem[X,0x00000000800074E6] -> 0x257E
[7486] [M]: 0x00000000800074E4 (0x257E8E93) addi t4, t4, 599
x29 <- 0xFFFFFFFFFFFFFA57
mem[X,0x00000000800074E8] -> 0x9E93
mem[X,0x00000000800074EA] -> 0x00BE
[7487] [M]: 0x00000000800074E8 (0x00BE9E93) slli t4, t4, 11
x29 <- 0xFFFFFFFFFFD2B800
mem[X,0x00000000800074EC] -> 0x8E93
mem[X,0x00000000800074EE] -> 0x6C3E
[7488] [M]: 0x00000000800074EC (0x6C3E8E93) addi t4, t4, 1731
x29 <- 0xFFFFFFFFFFD2BEC3
mem[X,0x00000000800074F0] -> 0x9E93
mem[X,0x00000000800074F2] -> 0x00AE
[7489] [M]: 0x00000000800074F0 (0x00AE9E93) slli t4, t4, 10
x29 <- 0xFFFFFFFF4AFB0C00
mem[X,0x00000000800074F4] -> 0x8E93
mem[X,0x00000000800074F6] -> 0x0CEE
[7490] [M]: 0x00000000800074F4 (0x0CEE8E93) addi t4, t4, 206
x29 <- 0xFFFFFFFF4AFB0CCE
mem[X,0x00000000800074F8] -> 0x4FB3
mem[X,0x00000000800074FA] -> 0x03DF
[7491] [M]: 0x00000000800074F8 (0x03DF4FB3) div t6, t5, t4
x31 <- 0xFFFFFFFFFFFFFFFF
mem[X,0x00000000800074FC] -> 0xB423
mem[X,0x00000000800074FE] -> 0x6BF6
[7492] [M]: 0x00000000800074FC (0x6BF6B423) sd t6, 1704(a3)
mem[0x000000008000E228] <- 0xFFFFFFFFFFFFFFFF
mem[X,0x0000000080007500] -> 0x0F37
mem[X,0x0000000080007502] -> 0x0000
[7493] [M]: 0x0000000080007500 (0x00000F37) lui t5, 0
x30 <- 0x0000000000000000
mem[X,0x0000000080007504] -> 0x0F13
mem[X,0x0000000080007506] -> 0x000F
[7494] [M]: 0x0000000080007504 (0x000F0F13) addi t5, t5, 0
x30 <- 0x0000000000000000
mem[X,0x0000000080007508] -> 0x1F13
mem[X,0x000000008000750A] -> 0x00BF
[7495] [M]: 0x0000000080007508 (0x00BF1F13) slli t5, t5, 11
x30 <- 0x0000000000000000
mem[X,0x000000008000750C] -> 0x0F13
mem[X,0x000000008000750E] -> 0x5A8F
[7496] [M]: 0x000000008000750C (0x5A8F0F13) addi t5, t5, 1448
x30 <- 0x00000000000005A8
mem[X,0x0000000080007510] -> 0x1F13
mem[X,0x0000000080007512] -> 0x00BF
[7497] [M]: 0x0000000080007510 (0x00BF1F13) slli t5, t5, 11
x30 <- 0x00000000002D4000
mem[X,0x0000000080007514] -> 0x0F13
mem[X,0x0000000080007516] -> 0x13CF
[7498] [M]: 0x0000000080007514 (0x13CF0F13) addi t5, t5, 316
x30 <- 0x00000000002D413C
mem[X,0x0000000080007518] -> 0x1F13
mem[X,0x000000008000751A] -> 0x00AF
[7499] [M]: 0x0000000080007518 (0x00AF1F13) slli t5, t5, 10
x30 <- 0x00000000B504F000
clint::tick mtime <- 0x000000000000004B
 clint timer pending at mtime 0x000000000000004B
htif::tick 0x0000000000000000
mem[X,0x000000008000751C] -> 0x0F13
mem[X,0x000000008000751E] -> 0x332F
[7500] [M]: 0x000000008000751C (0x332F0F13) addi t5, t5, 818
x30 <- 0x00000000B504F332
mem[X,0x0000000080007520] -> 0x0EB7
mem[X,0x0000000080007522] -> 0x0000
[7501] [M]: 0x0000000080007520 (0x00000EB7) lui t4, 0
x29 <- 0x0000000000000000
mem[X,0x0000000080007524] -> 0x8E93
mem[X,0x0000000080007526] -> 0x000E
[7502] [M]: 0x0000000080007524 (0x000E8E93) addi t4, t4, 0
x29 <- 0x0000000000000000
mem[X,0x0000000080007528] -> 0x9E93
mem[X,0x000000008000752A] -> 0x00BE
[7503] [M]: 0x0000000080007528 (0x00BE9E93) slli t4, t4, 11
x29 <- 0x0000000000000000
mem[X,0x000000008000752C] -> 0x8E93
mem[X,0x000000008000752E] -> 0x5A8E
[7504] [M]: 0x000000008000752C (0x5A8E8E93) addi t4, t4, 1448
x29 <- 0x00000000000005A8
mem[X,0x0000000080007530] -> 0x9E93
mem[X,0x0000000080007532] -> 0x00BE
[7505] [M]: 0x0000000080007530 (0x00BE9E93) slli t4, t4, 11
x29 <- 0x00000000002D4000
mem[X,0x0000000080007534] -> 0x8E93
mem[X,0x0000000080007536] -> 0x13CE
[7506] [M]: 0x0000000080007534 (0x13CE8E93) addi t4, t4, 316
x29 <- 0x00000000002D413C
mem[X,0x0000000080007538] -> 0x9E93
mem[X,0x000000008000753A] -> 0x00AE
[7507] [M]: 0x0000000080007538 (0x00AE9E93) slli t4, t4, 10
x29 <- 0x00000000B504F000
mem[X,0x000000008000753C] -> 0x8E93
mem[X,0x000000008000753E] -> 0x334E
[7508] [M]: 0x000000008000753C (0x334E8E93) addi t4, t4, 820
x29 <- 0x00000000B504F334
mem[X,0x0000000080007540] -> 0x4FB3
mem[X,0x0000000080007542] -> 0x03DF
[7509] [M]: 0x0000000080007540 (0x03DF4FB3) div t6, t5, t4
x31 <- 0x0000000000000000
mem[X,0x0000000080007544] -> 0xB823
mem[X,0x0000000080007546] -> 0x6BF6
[7510] [M]: 0x0000000080007544 (0x6BF6B823) sd t6, 1712(a3)
mem[0x000000008000E230] <- 0x0000000000000000
mem[X,0x0000000080007548] -> 0x0F13
mem[X,0x000000008000754A] -> 0x0040
[7511] [M]: 0x0000000080007548 (0x00400F13) addi t5, zero, 4
x30 <- 0x0000000000000004
mem[X,0x000000008000754C] -> 0x0E93
mem[X,0x000000008000754E] -> 0x0030
[7512] [M]: 0x000000008000754C (0x00300E93) addi t4, zero, 3
x29 <- 0x0000000000000003
mem[X,0x0000000080007550] -> 0x4FB3
mem[X,0x0000000080007552] -> 0x03DF
[7513] [M]: 0x0000000080007550 (0x03DF4FB3) div t6, t5, t4
x31 <- 0x0000000000000001
mem[X,0x0000000080007554] -> 0xBC23
mem[X,0x0000000080007556] -> 0x6BF6
[7514] [M]: 0x0000000080007554 (0x6BF6BC23) sd t6, 1720(a3)
mem[0x000000008000E238] <- 0x0000000000000001
mem[X,0x0000000080007558] -> 0x0F13
mem[X,0x000000008000755A] -> 0x0040
[7515] [M]: 0x0000000080007558 (0x00400F13) addi t5, zero, 4
x30 <- 0x0000000000000004
mem[X,0x000000008000755C] -> 0x5EB7
mem[X,0x000000008000755E] -> 0x5555
[7516] [M]: 0x000000008000755C (0x55555EB7) lui t4, 349525
x29 <- 0x0000000055555000
mem[X,0x0000000080007560] -> 0x8E93
mem[X,0x0000000080007562] -> 0x555E
[7517] [M]: 0x0000000080007560 (0x555E8E93) addi t4, t4, 1365
x29 <- 0x0000000055555555
mem[X,0x0000000080007564] -> 0x9E93
mem[X,0x0000000080007566] -> 0x00BE
[7518] [M]: 0x0000000080007564 (0x00BE9E93) slli t4, t4, 11
x29 <- 0x000002AAAAAAA800
mem[X,0x0000000080007568] -> 0x8E93
mem[X,0x000000008000756A] -> 0x2AAE
[7519] [M]: 0x0000000080007568 (0x2AAE8E93) addi t4, t4, 682
x29 <- 0x000002AAAAAAAAAA
mem[X,0x000000008000756C] -> 0x9E93
mem[X,0x000000008000756E] -> 0x00BE
[7520] [M]: 0x000000008000756C (0x00BE9E93) slli t4, t4, 11
x29 <- 0x0015555555555000
mem[X,0x0000000080007570] -> 0x8E93
mem[X,0x0000000080007572] -> 0x555E
[7521] [M]: 0x0000000080007570 (0x555E8E93) addi t4, t4, 1365
x29 <- 0x0015555555555555
mem[X,0x0000000080007574] -> 0x9E93
mem[X,0x0000000080007576] -> 0x00AE
[7522] [M]: 0x0000000080007574 (0x00AE9E93) slli t4, t4, 10
x29 <- 0x5555555555555400
mem[X,0x0000000080007578] -> 0x8E93
mem[X,0x000000008000757A] -> 0x155E
[7523] [M]: 0x0000000080007578 (0x155E8E93) addi t4, t4, 341
x29 <- 0x5555555555555555
mem[X,0x000000008000757C] -> 0x4FB3
mem[X,0x000000008000757E] -> 0x03DF
[7524] [M]: 0x000000008000757C (0x03DF4FB3) div t6, t5, t4
x31 <- 0x0000000000000000
mem[X,0x0000000080007580] -> 0xB023
mem[X,0x0000000080007582] -> 0x6DF6
[7525] [M]: 0x0000000080007580 (0x6DF6B023) sd t6, 1728(a3)
mem[0x000000008000E240] <- 0x0000000000000000
mem[X,0x0000000080007584] -> 0x0F13
mem[X,0x0000000080007586] -> 0x0040
[7526] [M]: 0x0000000080007584 (0x00400F13) addi t5, zero, 4
x30 <- 0x0000000000000004
mem[X,0x0000000080007588] -> 0xBEB7
mem[X,0x000000008000758A] -> 0xAAAA
[7527] [M]: 0x0000000080007588 (0xAAAABEB7) lui t4, 699051
x29 <- 0xFFFFFFFFAAAAB000
mem[X,0x000000008000758C] -> 0x8E93
mem[X,0x000000008000758E] -> 0xAAAE
[7528] [M]: 0x000000008000758C (0xAAAE8E93) addi t4, t4, 2730
x29 <- 0xFFFFFFFFAAAAAAAA
mem[X,0x0000000080007590] -> 0x9E93
mem[X,0x0000000080007592] -> 0x00BE
[7529] [M]: 0x0000000080007590 (0x00BE9E93) slli t4, t4, 11
x29 <- 0xFFFFFD5555555000
mem[X,0x0000000080007594] -> 0x8E93
mem[X,0x0000000080007596] -> 0x555E
[7530] [M]: 0x0000000080007594 (0x555E8E93) addi t4, t4, 1365
x29 <- 0xFFFFFD5555555555
mem[X,0x0000000080007598] -> 0x9E93
mem[X,0x000000008000759A] -> 0x00BE
[7531] [M]: 0x0000000080007598 (0x00BE9E93) slli t4, t4, 11
x29 <- 0xFFEAAAAAAAAAA800
mem[X,0x000000008000759C] -> 0x8E93
mem[X,0x000000008000759E] -> 0x2AAE
[7532] [M]: 0x000000008000759C (0x2AAE8E93) addi t4, t4, 682
x29 <- 0xFFEAAAAAAAAAAAAA
mem[X,0x00000000800075A0] -> 0x9E93
mem[X,0x00000000800075A2] -> 0x00AE
[7533] [M]: 0x00000000800075A0 (0x00AE9E93) slli t4, t4, 10
x29 <- 0xAAAAAAAAAAAAA800
mem[X,0x00000000800075A4] -> 0x8E93
mem[X,0x00000000800075A6] -> 0x2AAE
[7534] [M]: 0x00000000800075A4 (0x2AAE8E93) addi t4, t4, 682
x29 <- 0xAAAAAAAAAAAAAAAA
mem[X,0x00000000800075A8] -> 0x4FB3
mem[X,0x00000000800075AA] -> 0x03DF
[7535] [M]: 0x00000000800075A8 (0x03DF4FB3) div t6, t5, t4
x31 <- 0x0000000000000000
mem[X,0x00000000800075AC] -> 0xB423
mem[X,0x00000000800075AE] -> 0x6DF6
[7536] [M]: 0x00000000800075AC (0x6DF6B423) sd t6, 1736(a3)
mem[0x000000008000E248] <- 0x0000000000000000
mem[X,0x00000000800075B0] -> 0x0F13
mem[X,0x00000000800075B2] -> 0x0040
[7537] [M]: 0x00000000800075B0 (0x00400F13) addi t5, zero, 4
x30 <- 0x0000000000000004
mem[X,0x00000000800075B4] -> 0x0E93
mem[X,0x00000000800075B6] -> 0x0050
[7538] [M]: 0x00000000800075B4 (0x00500E93) addi t4, zero, 5
x29 <- 0x0000000000000005
mem[X,0x00000000800075B8] -> 0x4FB3
mem[X,0x00000000800075BA] -> 0x03DF
[7539] [M]: 0x00000000800075B8 (0x03DF4FB3) div t6, t5, t4
x31 <- 0x0000000000000000
mem[X,0x00000000800075BC] -> 0xB823
mem[X,0x00000000800075BE] -> 0x6DF6
[7540] [M]: 0x00000000800075BC (0x6DF6B823) sd t6, 1744(a3)
mem[0x000000008000E250] <- 0x0000000000000000
mem[X,0x00000000800075C0] -> 0x0F13
mem[X,0x00000000800075C2] -> 0x0040
[7541] [M]: 0x00000000800075C0 (0x00400F13) addi t5, zero, 4
x30 <- 0x0000000000000004
mem[X,0x00000000800075C4] -> 0x3EB7
mem[X,0x00000000800075C6] -> 0x3333
[7542] [M]: 0x00000000800075C4 (0x33333EB7) lui t4, 209715
x29 <- 0x0000000033333000
mem[X,0x00000000800075C8] -> 0x8E93
mem[X,0x00000000800075CA] -> 0x333E
[7543] [M]: 0x00000000800075C8 (0x333E8E93) addi t4, t4, 819
x29 <- 0x0000000033333333
mem[X,0x00000000800075CC] -> 0x9E93
mem[X,0x00000000800075CE] -> 0x00BE
[7544] [M]: 0x00000000800075CC (0x00BE9E93) slli t4, t4, 11
x29 <- 0x0000019999999800
mem[X,0x00000000800075D0] -> 0x8E93
mem[X,0x00000000800075D2] -> 0x199E
[7545] [M]: 0x00000000800075D0 (0x199E8E93) addi t4, t4, 409
x29 <- 0x0000019999999999
mem[X,0x00000000800075D4] -> 0x9E93
mem[X,0x00000000800075D6] -> 0x00BE
[7546] [M]: 0x00000000800075D4 (0x00BE9E93) slli t4, t4, 11
x29 <- 0x000CCCCCCCCCC800
mem[X,0x00000000800075D8] -> 0x8E93
mem[X,0x00000000800075DA] -> 0x4CCE
[7547] [M]: 0x00000000800075D8 (0x4CCE8E93) addi t4, t4, 1228
x29 <- 0x000CCCCCCCCCCCCC
mem[X,0x00000000800075DC] -> 0x9E93
mem[X,0x00000000800075DE] -> 0x00AE
[7548] [M]: 0x00000000800075DC (0x00AE9E93) slli t4, t4, 10
x29 <- 0x3333333333333000
mem[X,0x00000000800075E0] -> 0x8E93
mem[X,0x00000000800075E2] -> 0x333E
[7549] [M]: 0x00000000800075E0 (0x333E8E93) addi t4, t4, 819
x29 <- 0x3333333333333333
mem[X,0x00000000800075E4] -> 0x4FB3
mem[X,0x00000000800075E6] -> 0x03DF
[7550] [M]: 0x00000000800075E4 (0x03DF4FB3) div t6, t5, t4
x31 <- 0x0000000000000000
mem[X,0x00000000800075E8] -> 0xBC23
mem[X,0x00000000800075EA] -> 0x6DF6
[7551] [M]: 0x00000000800075E8 (0x6DF6BC23) sd t6, 1752(a3)
mem[0x000000008000E258] <- 0x0000000000000000
mem[X,0x00000000800075EC] -> 0x0F13
mem[X,0x00000000800075EE] -> 0x0040
[7552] [M]: 0x00000000800075EC (0x00400F13) addi t5, zero, 4
x30 <- 0x0000000000000004
mem[X,0x00000000800075F0] -> 0x6EB7
mem[X,0x00000000800075F2] -> 0x6666
[7553] [M]: 0x00000000800075F0 (0x66666EB7) lui t4, 419430
x29 <- 0x0000000066666000
mem[X,0x00000000800075F4] -> 0x8E93
mem[X,0x00000000800075F6] -> 0x666E
[7554] [M]: 0x00000000800075F4 (0x666E8E93) addi t4, t4, 1638
x29 <- 0x0000000066666666
mem[X,0x00000000800075F8] -> 0x9E93
mem[X,0x00000000800075FA] -> 0x00BE
[7555] [M]: 0x00000000800075F8 (0x00BE9E93) slli t4, t4, 11
x29 <- 0x0000033333333000
mem[X,0x00000000800075FC] -> 0x8E93
mem[X,0x00000000800075FE] -> 0x333E
[7556] [M]: 0x00000000800075FC (0x333E8E93) addi t4, t4, 819
x29 <- 0x0000033333333333
mem[X,0x0000000080007600] -> 0x9E93
mem[X,0x0000000080007602] -> 0x00BE
[7557] [M]: 0x0000000080007600 (0x00BE9E93) slli t4, t4, 11
x29 <- 0x0019999999999800
mem[X,0x0000000080007604] -> 0x8E93
mem[X,0x0000000080007606] -> 0x199E
[7558] [M]: 0x0000000080007604 (0x199E8E93) addi t4, t4, 409
x29 <- 0x0019999999999999
mem[X,0x0000000080007608] -> 0x9E93
mem[X,0x000000008000760A] -> 0x00AE
[7559] [M]: 0x0000000080007608 (0x00AE9E93) slli t4, t4, 10
x29 <- 0x6666666666666400
mem[X,0x000000008000760C] -> 0x8E93
mem[X,0x000000008000760E] -> 0x266E
[7560] [M]: 0x000000008000760C (0x266E8E93) addi t4, t4, 614
x29 <- 0x6666666666666666
mem[X,0x0000000080007610] -> 0x4FB3
mem[X,0x0000000080007612] -> 0x03DF
[7561] [M]: 0x0000000080007610 (0x03DF4FB3) div t6, t5, t4
x31 <- 0x0000000000000000
mem[X,0x0000000080007614] -> 0xB023
mem[X,0x0000000080007616] -> 0x6FF6
[7562] [M]: 0x0000000080007614 (0x6FF6B023) sd t6, 1760(a3)
mem[0x000000008000E260] <- 0x0000000000000000
mem[X,0x0000000080007618] -> 0x0F13
mem[X,0x000000008000761A] -> 0x0040
[7563] [M]: 0x0000000080007618 (0x00400F13) addi t5, zero, 4
x30 <- 0x0000000000000004
mem[X,0x000000008000761C] -> 0x0EB7
mem[X,0x000000008000761E] -> 0x0000
[7564] [M]: 0x000000008000761C (0x00000EB7) lui t4, 0
x29 <- 0x0000000000000000
mem[X,0x0000000080007620] -> 0x8E93
mem[X,0x0000000080007622] -> 0xFFFE
[7565] [M]: 0x0000000080007620 (0xFFFE8E93) addi t4, t4, 4095
x29 <- 0xFFFFFFFFFFFFFFFF
mem[X,0x0000000080007624] -> 0x9E93
mem[X,0x0000000080007626] -> 0x00BE
[7566] [M]: 0x0000000080007624 (0x00BE9E93) slli t4, t4, 11
x29 <- 0xFFFFFFFFFFFFF800
mem[X,0x0000000080007628] -> 0x8E93
mem[X,0x000000008000762A] -> 0x257E
[7567] [M]: 0x0000000080007628 (0x257E8E93) addi t4, t4, 599
x29 <- 0xFFFFFFFFFFFFFA57
mem[X,0x000000008000762C] -> 0x9E93
mem[X,0x000000008000762E] -> 0x00BE
[7568] [M]: 0x000000008000762C (0x00BE9E93) slli t4, t4, 11
x29 <- 0xFFFFFFFFFFD2B800
mem[X,0x0000000080007630] -> 0x8E93
mem[X,0x0000000080007632] -> 0x6C3E
[7569] [M]: 0x0000000080007630 (0x6C3E8E93) addi t4, t4, 1731
x29 <- 0xFFFFFFFFFFD2BEC3
mem[X,0x0000000080007634] -> 0x9E93
mem[X,0x0000000080007636] -> 0x00AE
[7570] [M]: 0x0000000080007634 (0x00AE9E93) slli t4, t4, 10
x29 <- 0xFFFFFFFF4AFB0C00
mem[X,0x0000000080007638] -> 0x8E93
mem[X,0x000000008000763A] -> 0x0CDE
[7571] [M]: 0x0000000080007638 (0x0CDE8E93) addi t4, t4, 205
x29 <- 0xFFFFFFFF4AFB0CCD
mem[X,0x000000008000763C] -> 0x4FB3
mem[X,0x000000008000763E] -> 0x03DF
[7572] [M]: 0x000000008000763C (0x03DF4FB3) div t6, t5, t4
x31 <- 0x0000000000000000
mem[X,0x0000000080007640] -> 0xB423
mem[X,0x0000000080007642] -> 0x6FF6
[7573] [M]: 0x0000000080007640 (0x6FF6B423) sd t6, 1768(a3)
mem[0x000000008000E268] <- 0x0000000000000000
mem[X,0x0000000080007644] -> 0x0F13
mem[X,0x0000000080007646] -> 0x0040
[7574] [M]: 0x0000000080007644 (0x00400F13) addi t5, zero, 4
x30 <- 0x0000000000000004
mem[X,0x0000000080007648] -> 0x0EB7
mem[X,0x000000008000764A] -> 0x0000
[7575] [M]: 0x0000000080007648 (0x00000EB7) lui t4, 0
x29 <- 0x0000000000000000
mem[X,0x000000008000764C] -> 0x8E93
mem[X,0x000000008000764E] -> 0x000E
[7576] [M]: 0x000000008000764C (0x000E8E93) addi t4, t4, 0
x29 <- 0x0000000000000000
mem[X,0x0000000080007650] -> 0x9E93
mem[X,0x0000000080007652] -> 0x00BE
[7577] [M]: 0x0000000080007650 (0x00BE9E93) slli t4, t4, 11
x29 <- 0x0000000000000000
mem[X,0x0000000080007654] -> 0x8E93
mem[X,0x0000000080007656] -> 0x5A8E
[7578] [M]: 0x0000000080007654 (0x5A8E8E93) addi t4, t4, 1448
x29 <- 0x00000000000005A8
mem[X,0x0000000080007658] -> 0x9E93
mem[X,0x000000008000765A] -> 0x00BE
[7579] [M]: 0x0000000080007658 (0x00BE9E93) slli t4, t4, 11
x29 <- 0x00000000002D4000
mem[X,0x000000008000765C] -> 0x8E93
mem[X,0x000000008000765E] -> 0x13CE
[7580] [M]: 0x000000008000765C (0x13CE8E93) addi t4, t4, 316
x29 <- 0x00000000002D413C
mem[X,0x0000000080007660] -> 0x9E93
mem[X,0x0000000080007662] -> 0x00AE
[7581] [M]: 0x0000000080007660 (0x00AE9E93) slli t4, t4, 10
x29 <- 0x00000000B504F000
mem[X,0x0000000080007664] -> 0x8E93
mem[X,0x0000000080007666] -> 0x333E
[7582] [M]: 0x0000000080007664 (0x333E8E93) addi t4, t4, 819
x29 <- 0x00000000B504F333
mem[X,0x0000000080007668] -> 0x4FB3
mem[X,0x000000008000766A] -> 0x03DF
[7583] [M]: 0x0000000080007668 (0x03DF4FB3) div t6, t5, t4
x31 <- 0x0000000000000000
mem[X,0x000000008000766C] -> 0xB823
mem[X,0x000000008000766E] -> 0x6FF6
[7584] [M]: 0x000000008000766C (0x6FF6B823) sd t6, 1776(a3)
mem[0x000000008000E270] <- 0x0000000000000000
mem[X,0x0000000080007670] -> 0x0F13
mem[X,0x0000000080007672] -> 0x0040
[7585] [M]: 0x0000000080007670 (0x00400F13) addi t5, zero, 4
x30 <- 0x0000000000000004
mem[X,0x0000000080007674] -> 0x0E93
mem[X,0x0000000080007676] -> 0x0020
[7586] [M]: 0x0000000080007674 (0x00200E93) addi t4, zero, 2
x29 <- 0x0000000000000002
mem[X,0x0000000080007678] -> 0x4FB3
mem[X,0x000000008000767A] -> 0x03DF
[7587] [M]: 0x0000000080007678 (0x03DF4FB3) div t6, t5, t4
x31 <- 0x0000000000000002
mem[X,0x000000008000767C] -> 0xBC23
mem[X,0x000000008000767E] -> 0x6FF6
[7588] [M]: 0x000000008000767C (0x6FF6BC23) sd t6, 1784(a3)
mem[0x000000008000E278] <- 0x0000000000000002
mem[X,0x0000000080007680] -> 0x0F13
mem[X,0x0000000080007682] -> 0x0040
[7589] [M]: 0x0000000080007680 (0x00400F13) addi t5, zero, 4
x30 <- 0x0000000000000004
mem[X,0x0000000080007684] -> 0x5EB7
mem[X,0x0000000080007686] -> 0x5555
[7590] [M]: 0x0000000080007684 (0x55555EB7) lui t4, 349525
x29 <- 0x0000000055555000
mem[X,0x0000000080007688] -> 0x8E93
mem[X,0x000000008000768A] -> 0x555E
[7591] [M]: 0x0000000080007688 (0x555E8E93) addi t4, t4, 1365
x29 <- 0x0000000055555555
mem[X,0x000000008000768C] -> 0x9E93
mem[X,0x000000008000768E] -> 0x00BE
[7592] [M]: 0x000000008000768C (0x00BE9E93) slli t4, t4, 11
x29 <- 0x000002AAAAAAA800
mem[X,0x0000000080007690] -> 0x8E93
mem[X,0x0000000080007692] -> 0x2AAE
[7593] [M]: 0x0000000080007690 (0x2AAE8E93) addi t4, t4, 682
x29 <- 0x000002AAAAAAAAAA
mem[X,0x0000000080007694] -> 0x9E93
mem[X,0x0000000080007696] -> 0x00BE
[7594] [M]: 0x0000000080007694 (0x00BE9E93) slli t4, t4, 11
x29 <- 0x0015555555555000
mem[X,0x0000000080007698] -> 0x8E93
mem[X,0x000000008000769A] -> 0x555E
[7595] [M]: 0x0000000080007698 (0x555E8E93) addi t4, t4, 1365
x29 <- 0x0015555555555555
mem[X,0x000000008000769C] -> 0x9E93
mem[X,0x000000008000769E] -> 0x00AE
[7596] [M]: 0x000000008000769C (0x00AE9E93) slli t4, t4, 10
x29 <- 0x5555555555555400
mem[X,0x00000000800076A0] -> 0x8E93
mem[X,0x00000000800076A2] -> 0x154E
[7597] [M]: 0x00000000800076A0 (0x154E8E93) addi t4, t4, 340
x29 <- 0x5555555555555554
mem[X,0x00000000800076A4] -> 0x4FB3
mem[X,0x00000000800076A6] -> 0x03DF
[7598] [M]: 0x00000000800076A4 (0x03DF4FB3) div t6, t5, t4
x31 <- 0x0000000000000000
mem[X,0x00000000800076A8] -> 0xB023
mem[X,0x00000000800076AA] -> 0x71F6
[7599] [M]: 0x00000000800076A8 (0x71F6B023) sd t6, 1792(a3)
mem[0x000000008000E280] <- 0x0000000000000000
clint::tick mtime <- 0x000000000000004C
 clint timer pending at mtime 0x000000000000004C
htif::tick 0x0000000000000000
mem[X,0x00000000800076AC] -> 0x0F13
mem[X,0x00000000800076AE] -> 0x0040
[7600] [M]: 0x00000000800076AC (0x00400F13) addi t5, zero, 4
x30 <- 0x0000000000000004
mem[X,0x00000000800076B0] -> 0x3EB7
mem[X,0x00000000800076B2] -> 0x3333
[7601] [M]: 0x00000000800076B0 (0x33333EB7) lui t4, 209715
x29 <- 0x0000000033333000
mem[X,0x00000000800076B4] -> 0x8E93
mem[X,0x00000000800076B6] -> 0x333E
[7602] [M]: 0x00000000800076B4 (0x333E8E93) addi t4, t4, 819
x29 <- 0x0000000033333333
mem[X,0x00000000800076B8] -> 0x9E93
mem[X,0x00000000800076BA] -> 0x00BE
[7603] [M]: 0x00000000800076B8 (0x00BE9E93) slli t4, t4, 11
x29 <- 0x0000019999999800
mem[X,0x00000000800076BC] -> 0x8E93
mem[X,0x00000000800076BE] -> 0x199E
[7604] [M]: 0x00000000800076BC (0x199E8E93) addi t4, t4, 409
x29 <- 0x0000019999999999
mem[X,0x00000000800076C0] -> 0x9E93
mem[X,0x00000000800076C2] -> 0x00BE
[7605] [M]: 0x00000000800076C0 (0x00BE9E93) slli t4, t4, 11
x29 <- 0x000CCCCCCCCCC800
mem[X,0x00000000800076C4] -> 0x8E93
mem[X,0x00000000800076C6] -> 0x4CCE
[7606] [M]: 0x00000000800076C4 (0x4CCE8E93) addi t4, t4, 1228
x29 <- 0x000CCCCCCCCCCCCC
mem[X,0x00000000800076C8] -> 0x9E93
mem[X,0x00000000800076CA] -> 0x00AE
[7607] [M]: 0x00000000800076C8 (0x00AE9E93) slli t4, t4, 10
x29 <- 0x3333333333333000
mem[X,0x00000000800076CC] -> 0x8E93
mem[X,0x00000000800076CE] -> 0x332E
[7608] [M]: 0x00000000800076CC (0x332E8E93) addi t4, t4, 818
x29 <- 0x3333333333333332
mem[X,0x00000000800076D0] -> 0x4FB3
mem[X,0x00000000800076D2] -> 0x03DF
[7609] [M]: 0x00000000800076D0 (0x03DF4FB3) div t6, t5, t4
x31 <- 0x0000000000000000
mem[X,0x00000000800076D4] -> 0xB423
mem[X,0x00000000800076D6] -> 0x71F6
[7610] [M]: 0x00000000800076D4 (0x71F6B423) sd t6, 1800(a3)
mem[0x000000008000E288] <- 0x0000000000000000
mem[X,0x00000000800076D8] -> 0x0F13
mem[X,0x00000000800076DA] -> 0x0040
[7611] [M]: 0x00000000800076D8 (0x00400F13) addi t5, zero, 4
x30 <- 0x0000000000000004
mem[X,0x00000000800076DC] -> 0x6EB7
mem[X,0x00000000800076DE] -> 0x6666
[7612] [M]: 0x00000000800076DC (0x66666EB7) lui t4, 419430
x29 <- 0x0000000066666000
mem[X,0x00000000800076E0] -> 0x8E93
mem[X,0x00000000800076E2] -> 0x666E
[7613] [M]: 0x00000000800076E0 (0x666E8E93) addi t4, t4, 1638
x29 <- 0x0000000066666666
mem[X,0x00000000800076E4] -> 0x9E93
mem[X,0x00000000800076E6] -> 0x00BE
[7614] [M]: 0x00000000800076E4 (0x00BE9E93) slli t4, t4, 11
x29 <- 0x0000033333333000
mem[X,0x00000000800076E8] -> 0x8E93
mem[X,0x00000000800076EA] -> 0x333E
[7615] [M]: 0x00000000800076E8 (0x333E8E93) addi t4, t4, 819
x29 <- 0x0000033333333333
mem[X,0x00000000800076EC] -> 0x9E93
mem[X,0x00000000800076EE] -> 0x00BE
[7616] [M]: 0x00000000800076EC (0x00BE9E93) slli t4, t4, 11
x29 <- 0x0019999999999800
mem[X,0x00000000800076F0] -> 0x8E93
mem[X,0x00000000800076F2] -> 0x199E
[7617] [M]: 0x00000000800076F0 (0x199E8E93) addi t4, t4, 409
x29 <- 0x0019999999999999
mem[X,0x00000000800076F4] -> 0x9E93
mem[X,0x00000000800076F6] -> 0x00AE
[7618] [M]: 0x00000000800076F4 (0x00AE9E93) slli t4, t4, 10
x29 <- 0x6666666666666400
mem[X,0x00000000800076F8] -> 0x8E93
mem[X,0x00000000800076FA] -> 0x265E
[7619] [M]: 0x00000000800076F8 (0x265E8E93) addi t4, t4, 613
x29 <- 0x6666666666666665
mem[X,0x00000000800076FC] -> 0x4FB3
mem[X,0x00000000800076FE] -> 0x03DF
[7620] [M]: 0x00000000800076FC (0x03DF4FB3) div t6, t5, t4
x31 <- 0x0000000000000000
mem[X,0x0000000080007700] -> 0xB823
mem[X,0x0000000080007702] -> 0x71F6
[7621] [M]: 0x0000000080007700 (0x71F6B823) sd t6, 1808(a3)
mem[0x000000008000E290] <- 0x0000000000000000
mem[X,0x0000000080007704] -> 0x0F13
mem[X,0x0000000080007706] -> 0x0040
[7622] [M]: 0x0000000080007704 (0x00400F13) addi t5, zero, 4
x30 <- 0x0000000000000004
mem[X,0x0000000080007708] -> 0x0E93
mem[X,0x000000008000770A] -> 0x0000
[7623] [M]: 0x0000000080007708 (0x00000E93) addi t4, zero, 0
x29 <- 0x0000000000000000
mem[X,0x000000008000770C] -> 0x4FB3
mem[X,0x000000008000770E] -> 0x03DF
[7624] [M]: 0x000000008000770C (0x03DF4FB3) div t6, t5, t4
x31 <- 0xFFFFFFFFFFFFFFFF
mem[X,0x0000000080007710] -> 0xBC23
mem[X,0x0000000080007712] -> 0x71F6
[7625] [M]: 0x0000000080007710 (0x71F6BC23) sd t6, 1816(a3)
mem[0x000000008000E298] <- 0xFFFFFFFFFFFFFFFF
mem[X,0x0000000080007714] -> 0x0F13
mem[X,0x0000000080007716] -> 0x0040
[7626] [M]: 0x0000000080007714 (0x00400F13) addi t5, zero, 4
x30 <- 0x0000000000000004
mem[X,0x0000000080007718] -> 0x0EB7
mem[X,0x000000008000771A] -> 0x0000
[7627] [M]: 0x0000000080007718 (0x00000EB7) lui t4, 0
x29 <- 0x0000000000000000
mem[X,0x000000008000771C] -> 0x8E93
mem[X,0x000000008000771E] -> 0x000E
[7628] [M]: 0x000000008000771C (0x000E8E93) addi t4, t4, 0
x29 <- 0x0000000000000000
mem[X,0x0000000080007720] -> 0x9E93
mem[X,0x0000000080007722] -> 0x00BE
[7629] [M]: 0x0000000080007720 (0x00BE9E93) slli t4, t4, 11
x29 <- 0x0000000000000000
mem[X,0x0000000080007724] -> 0x8E93
mem[X,0x0000000080007726] -> 0x5A8E
[7630] [M]: 0x0000000080007724 (0x5A8E8E93) addi t4, t4, 1448
x29 <- 0x00000000000005A8
mem[X,0x0000000080007728] -> 0x9E93
mem[X,0x000000008000772A] -> 0x00BE
[7631] [M]: 0x0000000080007728 (0x00BE9E93) slli t4, t4, 11
x29 <- 0x00000000002D4000
mem[X,0x000000008000772C] -> 0x8E93
mem[X,0x000000008000772E] -> 0x13CE
[7632] [M]: 0x000000008000772C (0x13CE8E93) addi t4, t4, 316
x29 <- 0x00000000002D413C
mem[X,0x0000000080007730] -> 0x9E93
mem[X,0x0000000080007732] -> 0x00AE
[7633] [M]: 0x0000000080007730 (0x00AE9E93) slli t4, t4, 10
x29 <- 0x00000000B504F000
mem[X,0x0000000080007734] -> 0x8E93
mem[X,0x0000000080007736] -> 0x332E
[7634] [M]: 0x0000000080007734 (0x332E8E93) addi t4, t4, 818
x29 <- 0x00000000B504F332
mem[X,0x0000000080007738] -> 0x4FB3
mem[X,0x000000008000773A] -> 0x03DF
[7635] [M]: 0x0000000080007738 (0x03DF4FB3) div t6, t5, t4
x31 <- 0x0000000000000000
mem[X,0x000000008000773C] -> 0xB023
mem[X,0x000000008000773E] -> 0x73F6
[7636] [M]: 0x000000008000773C (0x73F6B023) sd t6, 1824(a3)
mem[0x000000008000E2A0] <- 0x0000000000000000
mem[X,0x0000000080007740] -> 0x0F13
mem[X,0x0000000080007742] -> 0x0040
[7637] [M]: 0x0000000080007740 (0x00400F13) addi t5, zero, 4
x30 <- 0x0000000000000004
mem[X,0x0000000080007744] -> 0x0E93
mem[X,0x0000000080007746] -> 0x0040
[7638] [M]: 0x0000000080007744 (0x00400E93) addi t4, zero, 4
x29 <- 0x0000000000000004
mem[X,0x0000000080007748] -> 0x4FB3
mem[X,0x000000008000774A] -> 0x03DF
[7639] [M]: 0x0000000080007748 (0x03DF4FB3) div t6, t5, t4
x31 <- 0x0000000000000001
mem[X,0x000000008000774C] -> 0xB423
mem[X,0x000000008000774E] -> 0x73F6
[7640] [M]: 0x000000008000774C (0x73F6B423) sd t6, 1832(a3)
mem[0x000000008000E2A8] <- 0x0000000000000001
mem[X,0x0000000080007750] -> 0x0F13
mem[X,0x0000000080007752] -> 0x0040
[7641] [M]: 0x0000000080007750 (0x00400F13) addi t5, zero, 4
x30 <- 0x0000000000000004
mem[X,0x0000000080007754] -> 0x5EB7
mem[X,0x0000000080007756] -> 0x5555
[7642] [M]: 0x0000000080007754 (0x55555EB7) lui t4, 349525
x29 <- 0x0000000055555000
mem[X,0x0000000080007758] -> 0x8E93
mem[X,0x000000008000775A] -> 0x555E
[7643] [M]: 0x0000000080007758 (0x555E8E93) addi t4, t4, 1365
x29 <- 0x0000000055555555
mem[X,0x000000008000775C] -> 0x9E93
mem[X,0x000000008000775E] -> 0x00BE
[7644] [M]: 0x000000008000775C (0x00BE9E93) slli t4, t4, 11
x29 <- 0x000002AAAAAAA800
mem[X,0x0000000080007760] -> 0x8E93
mem[X,0x0000000080007762] -> 0x2AAE
[7645] [M]: 0x0000000080007760 (0x2AAE8E93) addi t4, t4, 682
x29 <- 0x000002AAAAAAAAAA
mem[X,0x0000000080007764] -> 0x9E93
mem[X,0x0000000080007766] -> 0x00BE
[7646] [M]: 0x0000000080007764 (0x00BE9E93) slli t4, t4, 11
x29 <- 0x0015555555555000
mem[X,0x0000000080007768] -> 0x8E93
mem[X,0x000000008000776A] -> 0x555E
[7647] [M]: 0x0000000080007768 (0x555E8E93) addi t4, t4, 1365
x29 <- 0x0015555555555555
mem[X,0x000000008000776C] -> 0x9E93
mem[X,0x000000008000776E] -> 0x00AE
[7648] [M]: 0x000000008000776C (0x00AE9E93) slli t4, t4, 10
x29 <- 0x5555555555555400
mem[X,0x0000000080007770] -> 0x8E93
mem[X,0x0000000080007772] -> 0x156E
[7649] [M]: 0x0000000080007770 (0x156E8E93) addi t4, t4, 342
x29 <- 0x5555555555555556
mem[X,0x0000000080007774] -> 0x4FB3
mem[X,0x0000000080007776] -> 0x03DF
[7650] [M]: 0x0000000080007774 (0x03DF4FB3) div t6, t5, t4
x31 <- 0x0000000000000000
mem[X,0x0000000080007778] -> 0xB823
mem[X,0x000000008000777A] -> 0x73F6
[7651] [M]: 0x0000000080007778 (0x73F6B823) sd t6, 1840(a3)
mem[0x000000008000E2B0] <- 0x0000000000000000
mem[X,0x000000008000777C] -> 0x0F13
mem[X,0x000000008000777E] -> 0x0040
[7652] [M]: 0x000000008000777C (0x00400F13) addi t5, zero, 4
x30 <- 0x0000000000000004
mem[X,0x0000000080007780] -> 0xBEB7
mem[X,0x0000000080007782] -> 0xAAAA
[7653] [M]: 0x0000000080007780 (0xAAAABEB7) lui t4, 699051
x29 <- 0xFFFFFFFFAAAAB000
mem[X,0x0000000080007784] -> 0x8E93
mem[X,0x0000000080007786] -> 0xAAAE
[7654] [M]: 0x0000000080007784 (0xAAAE8E93) addi t4, t4, 2730
x29 <- 0xFFFFFFFFAAAAAAAA
mem[X,0x0000000080007788] -> 0x9E93
mem[X,0x000000008000778A] -> 0x00BE
[7655] [M]: 0x0000000080007788 (0x00BE9E93) slli t4, t4, 11
x29 <- 0xFFFFFD5555555000
mem[X,0x000000008000778C] -> 0x8E93
mem[X,0x000000008000778E] -> 0x555E
[7656] [M]: 0x000000008000778C (0x555E8E93) addi t4, t4, 1365
x29 <- 0xFFFFFD5555555555
mem[X,0x0000000080007790] -> 0x9E93
mem[X,0x0000000080007792] -> 0x00BE
[7657] [M]: 0x0000000080007790 (0x00BE9E93) slli t4, t4, 11
x29 <- 0xFFEAAAAAAAAAA800
mem[X,0x0000000080007794] -> 0x8E93
mem[X,0x0000000080007796] -> 0x2AAE
[7658] [M]: 0x0000000080007794 (0x2AAE8E93) addi t4, t4, 682
x29 <- 0xFFEAAAAAAAAAAAAA
mem[X,0x0000000080007798] -> 0x9E93
mem[X,0x000000008000779A] -> 0x00AE
[7659] [M]: 0x0000000080007798 (0x00AE9E93) slli t4, t4, 10
x29 <- 0xAAAAAAAAAAAAA800
mem[X,0x000000008000779C] -> 0x8E93
mem[X,0x000000008000779E] -> 0x2ABE
[7660] [M]: 0x000000008000779C (0x2ABE8E93) addi t4, t4, 683
x29 <- 0xAAAAAAAAAAAAAAAB
mem[X,0x00000000800077A0] -> 0x4FB3
mem[X,0x00000000800077A2] -> 0x03DF
[7661] [M]: 0x00000000800077A0 (0x03DF4FB3) div t6, t5, t4
x31 <- 0x0000000000000000
mem[X,0x00000000800077A4] -> 0xBC23
mem[X,0x00000000800077A6] -> 0x73F6
[7662] [M]: 0x00000000800077A4 (0x73F6BC23) sd t6, 1848(a3)
mem[0x000000008000E2B8] <- 0x0000000000000000
mem[X,0x00000000800077A8] -> 0x0F13
mem[X,0x00000000800077AA] -> 0x0040
[7663] [M]: 0x00000000800077A8 (0x00400F13) addi t5, zero, 4
x30 <- 0x0000000000000004
mem[X,0x00000000800077AC] -> 0x0E93
mem[X,0x00000000800077AE] -> 0x0060
[7664] [M]: 0x00000000800077AC (0x00600E93) addi t4, zero, 6
x29 <- 0x0000000000000006
mem[X,0x00000000800077B0] -> 0x4FB3
mem[X,0x00000000800077B2] -> 0x03DF
[7665] [M]: 0x00000000800077B0 (0x03DF4FB3) div t6, t5, t4
x31 <- 0x0000000000000000
mem[X,0x00000000800077B4] -> 0xB023
mem[X,0x00000000800077B6] -> 0x75F6
[7666] [M]: 0x00000000800077B4 (0x75F6B023) sd t6, 1856(a3)
mem[0x000000008000E2C0] <- 0x0000000000000000
mem[X,0x00000000800077B8] -> 0x0F13
mem[X,0x00000000800077BA] -> 0x0040
[7667] [M]: 0x00000000800077B8 (0x00400F13) addi t5, zero, 4
x30 <- 0x0000000000000004
mem[X,0x00000000800077BC] -> 0x3EB7
mem[X,0x00000000800077BE] -> 0x3333
[7668] [M]: 0x00000000800077BC (0x33333EB7) lui t4, 209715
x29 <- 0x0000000033333000
mem[X,0x00000000800077C0] -> 0x8E93
mem[X,0x00000000800077C2] -> 0x333E
[7669] [M]: 0x00000000800077C0 (0x333E8E93) addi t4, t4, 819
x29 <- 0x0000000033333333
mem[X,0x00000000800077C4] -> 0x9E93
mem[X,0x00000000800077C6] -> 0x00BE
[7670] [M]: 0x00000000800077C4 (0x00BE9E93) slli t4, t4, 11
x29 <- 0x0000019999999800
mem[X,0x00000000800077C8] -> 0x8E93
mem[X,0x00000000800077CA] -> 0x199E
[7671] [M]: 0x00000000800077C8 (0x199E8E93) addi t4, t4, 409
x29 <- 0x0000019999999999
mem[X,0x00000000800077CC] -> 0x9E93
mem[X,0x00000000800077CE] -> 0x00BE
[7672] [M]: 0x00000000800077CC (0x00BE9E93) slli t4, t4, 11
x29 <- 0x000CCCCCCCCCC800
mem[X,0x00000000800077D0] -> 0x8E93
mem[X,0x00000000800077D2] -> 0x4CCE
[7673] [M]: 0x00000000800077D0 (0x4CCE8E93) addi t4, t4, 1228
x29 <- 0x000CCCCCCCCCCCCC
mem[X,0x00000000800077D4] -> 0x9E93
mem[X,0x00000000800077D6] -> 0x00AE
[7674] [M]: 0x00000000800077D4 (0x00AE9E93) slli t4, t4, 10
x29 <- 0x3333333333333000
mem[X,0x00000000800077D8] -> 0x8E93
mem[X,0x00000000800077DA] -> 0x334E
[7675] [M]: 0x00000000800077D8 (0x334E8E93) addi t4, t4, 820
x29 <- 0x3333333333333334
mem[X,0x00000000800077DC] -> 0x4FB3
mem[X,0x00000000800077DE] -> 0x03DF
[7676] [M]: 0x00000000800077DC (0x03DF4FB3) div t6, t5, t4
x31 <- 0x0000000000000000
mem[X,0x00000000800077E0] -> 0xB423
mem[X,0x00000000800077E2] -> 0x75F6
[7677] [M]: 0x00000000800077E0 (0x75F6B423) sd t6, 1864(a3)
mem[0x000000008000E2C8] <- 0x0000000000000000
mem[X,0x00000000800077E4] -> 0x0F13
mem[X,0x00000000800077E6] -> 0x0040
[7678] [M]: 0x00000000800077E4 (0x00400F13) addi t5, zero, 4
x30 <- 0x0000000000000004
mem[X,0x00000000800077E8] -> 0x6EB7
mem[X,0x00000000800077EA] -> 0x6666
[7679] [M]: 0x00000000800077E8 (0x66666EB7) lui t4, 419430
x29 <- 0x0000000066666000
mem[X,0x00000000800077EC] -> 0x8E93
mem[X,0x00000000800077EE] -> 0x666E
[7680] [M]: 0x00000000800077EC (0x666E8E93) addi t4, t4, 1638
x29 <- 0x0000000066666666
mem[X,0x00000000800077F0] -> 0x9E93
mem[X,0x00000000800077F2] -> 0x00BE
[7681] [M]: 0x00000000800077F0 (0x00BE9E93) slli t4, t4, 11
x29 <- 0x0000033333333000
mem[X,0x00000000800077F4] -> 0x8E93
mem[X,0x00000000800077F6] -> 0x333E
[7682] [M]: 0x00000000800077F4 (0x333E8E93) addi t4, t4, 819
x29 <- 0x0000033333333333
mem[X,0x00000000800077F8] -> 0x9E93
mem[X,0x00000000800077FA] -> 0x00BE
[7683] [M]: 0x00000000800077F8 (0x00BE9E93) slli t4, t4, 11
x29 <- 0x0019999999999800
mem[X,0x00000000800077FC] -> 0x8E93
mem[X,0x00000000800077FE] -> 0x199E
[7684] [M]: 0x00000000800077FC (0x199E8E93) addi t4, t4, 409
x29 <- 0x0019999999999999
mem[X,0x0000000080007800] -> 0x9E93
mem[X,0x0000000080007802] -> 0x00AE
[7685] [M]: 0x0000000080007800 (0x00AE9E93) slli t4, t4, 10
x29 <- 0x6666666666666400
mem[X,0x0000000080007804] -> 0x8E93
mem[X,0x0000000080007806] -> 0x267E
[7686] [M]: 0x0000000080007804 (0x267E8E93) addi t4, t4, 615
x29 <- 0x6666666666666667
mem[X,0x0000000080007808] -> 0x4FB3
mem[X,0x000000008000780A] -> 0x03DF
[7687] [M]: 0x0000000080007808 (0x03DF4FB3) div t6, t5, t4
x31 <- 0x0000000000000000
mem[X,0x000000008000780C] -> 0xB823
mem[X,0x000000008000780E] -> 0x75F6
[7688] [M]: 0x000000008000780C (0x75F6B823) sd t6, 1872(a3)
mem[0x000000008000E2D0] <- 0x0000000000000000
mem[X,0x0000000080007810] -> 0x0F13
mem[X,0x0000000080007812] -> 0x0040
[7689] [M]: 0x0000000080007810 (0x00400F13) addi t5, zero, 4
x30 <- 0x0000000000000004
mem[X,0x0000000080007814] -> 0x0EB7
mem[X,0x0000000080007816] -> 0x0000
[7690] [M]: 0x0000000080007814 (0x00000EB7) lui t4, 0
x29 <- 0x0000000000000000
mem[X,0x0000000080007818] -> 0x8E93
mem[X,0x000000008000781A] -> 0xFFFE
[7691] [M]: 0x0000000080007818 (0xFFFE8E93) addi t4, t4, 4095
x29 <- 0xFFFFFFFFFFFFFFFF
mem[X,0x000000008000781C] -> 0x9E93
mem[X,0x000000008000781E] -> 0x00BE
[7692] [M]: 0x000000008000781C (0x00BE9E93) slli t4, t4, 11
x29 <- 0xFFFFFFFFFFFFF800
mem[X,0x0000000080007820] -> 0x8E93
mem[X,0x0000000080007822] -> 0x257E
[7693] [M]: 0x0000000080007820 (0x257E8E93) addi t4, t4, 599
x29 <- 0xFFFFFFFFFFFFFA57
mem[X,0x0000000080007824] -> 0x9E93
mem[X,0x0000000080007826] -> 0x00BE
[7694] [M]: 0x0000000080007824 (0x00BE9E93) slli t4, t4, 11
x29 <- 0xFFFFFFFFFFD2B800
mem[X,0x0000000080007828] -> 0x8E93
mem[X,0x000000008000782A] -> 0x6C3E
[7695] [M]: 0x0000000080007828 (0x6C3E8E93) addi t4, t4, 1731
x29 <- 0xFFFFFFFFFFD2BEC3
mem[X,0x000000008000782C] -> 0x9E93
mem[X,0x000000008000782E] -> 0x00AE
[7696] [M]: 0x000000008000782C (0x00AE9E93) slli t4, t4, 10
x29 <- 0xFFFFFFFF4AFB0C00
mem[X,0x0000000080007830] -> 0x8E93
mem[X,0x0000000080007832] -> 0x0CEE
[7697] [M]: 0x0000000080007830 (0x0CEE8E93) addi t4, t4, 206
x29 <- 0xFFFFFFFF4AFB0CCE
mem[X,0x0000000080007834] -> 0x4FB3
mem[X,0x0000000080007836] -> 0x03DF
[7698] [M]: 0x0000000080007834 (0x03DF4FB3) div t6, t5, t4
x31 <- 0x0000000000000000
mem[X,0x0000000080007838] -> 0xBC23
mem[X,0x000000008000783A] -> 0x75F6
[7699] [M]: 0x0000000080007838 (0x75F6BC23) sd t6, 1880(a3)
mem[0x000000008000E2D8] <- 0x0000000000000000
clint::tick mtime <- 0x000000000000004D
 clint timer pending at mtime 0x000000000000004D
htif::tick 0x0000000000000000
mem[X,0x000000008000783C] -> 0x5F37
mem[X,0x000000008000783E] -> 0x5555
[7700] [M]: 0x000000008000783C (0x55555F37) lui t5, 349525
x30 <- 0x0000000055555000
mem[X,0x0000000080007840] -> 0x0F13
mem[X,0x0000000080007842] -> 0x555F
[7701] [M]: 0x0000000080007840 (0x555F0F13) addi t5, t5, 1365
x30 <- 0x0000000055555555
mem[X,0x0000000080007844] -> 0x1F13
mem[X,0x0000000080007846] -> 0x00BF
[7702] [M]: 0x0000000080007844 (0x00BF1F13) slli t5, t5, 11
x30 <- 0x000002AAAAAAA800
mem[X,0x0000000080007848] -> 0x0F13
mem[X,0x000000008000784A] -> 0x2AAF
[7703] [M]: 0x0000000080007848 (0x2AAF0F13) addi t5, t5, 682
x30 <- 0x000002AAAAAAAAAA
mem[X,0x000000008000784C] -> 0x1F13
mem[X,0x000000008000784E] -> 0x00BF
[7704] [M]: 0x000000008000784C (0x00BF1F13) slli t5, t5, 11
x30 <- 0x0015555555555000
mem[X,0x0000000080007850] -> 0x0F13
mem[X,0x0000000080007852] -> 0x555F
[7705] [M]: 0x0000000080007850 (0x555F0F13) addi t5, t5, 1365
x30 <- 0x0015555555555555
mem[X,0x0000000080007854] -> 0x1F13
mem[X,0x0000000080007856] -> 0x00AF
[7706] [M]: 0x0000000080007854 (0x00AF1F13) slli t5, t5, 10
x30 <- 0x5555555555555400
mem[X,0x0000000080007858] -> 0x0F13
mem[X,0x000000008000785A] -> 0x156F
[7707] [M]: 0x0000000080007858 (0x156F0F13) addi t5, t5, 342
x30 <- 0x5555555555555556
mem[X,0x000000008000785C] -> 0x0E93
mem[X,0x000000008000785E] -> 0x0030
[7708] [M]: 0x000000008000785C (0x00300E93) addi t4, zero, 3
x29 <- 0x0000000000000003
mem[X,0x0000000080007860] -> 0x4FB3
mem[X,0x0000000080007862] -> 0x03DF
[7709] [M]: 0x0000000080007860 (0x03DF4FB3) div t6, t5, t4
x31 <- 0x1C71C71C71C71C72
mem[X,0x0000000080007864] -> 0xB023
mem[X,0x0000000080007866] -> 0x77F6
[7710] [M]: 0x0000000080007864 (0x77F6B023) sd t6, 1888(a3)
mem[0x000000008000E2E0] <- 0x1C71C71C71C71C72
mem[X,0x0000000080007868] -> 0x5F37
mem[X,0x000000008000786A] -> 0x5555
[7711] [M]: 0x0000000080007868 (0x55555F37) lui t5, 349525
x30 <- 0x0000000055555000
mem[X,0x000000008000786C] -> 0x0F13
mem[X,0x000000008000786E] -> 0x555F
[7712] [M]: 0x000000008000786C (0x555F0F13) addi t5, t5, 1365
x30 <- 0x0000000055555555
mem[X,0x0000000080007870] -> 0x1F13
mem[X,0x0000000080007872] -> 0x00BF
[7713] [M]: 0x0000000080007870 (0x00BF1F13) slli t5, t5, 11
x30 <- 0x000002AAAAAAA800
mem[X,0x0000000080007874] -> 0x0F13
mem[X,0x0000000080007876] -> 0x2AAF
[7714] [M]: 0x0000000080007874 (0x2AAF0F13) addi t5, t5, 682
x30 <- 0x000002AAAAAAAAAA
mem[X,0x0000000080007878] -> 0x1F13
mem[X,0x000000008000787A] -> 0x00BF
[7715] [M]: 0x0000000080007878 (0x00BF1F13) slli t5, t5, 11
x30 <- 0x0015555555555000
mem[X,0x000000008000787C] -> 0x0F13
mem[X,0x000000008000787E] -> 0x555F
[7716] [M]: 0x000000008000787C (0x555F0F13) addi t5, t5, 1365
x30 <- 0x0015555555555555
mem[X,0x0000000080007880] -> 0x1F13
mem[X,0x0000000080007882] -> 0x00AF
[7717] [M]: 0x0000000080007880 (0x00AF1F13) slli t5, t5, 10
x30 <- 0x5555555555555400
mem[X,0x0000000080007884] -> 0x0F13
mem[X,0x0000000080007886] -> 0x156F
[7718] [M]: 0x0000000080007884 (0x156F0F13) addi t5, t5, 342
x30 <- 0x5555555555555556
mem[X,0x0000000080007888] -> 0x5EB7
mem[X,0x000000008000788A] -> 0x5555
[7719] [M]: 0x0000000080007888 (0x55555EB7) lui t4, 349525
x29 <- 0x0000000055555000
mem[X,0x000000008000788C] -> 0x8E93
mem[X,0x000000008000788E] -> 0x555E
[7720] [M]: 0x000000008000788C (0x555E8E93) addi t4, t4, 1365
x29 <- 0x0000000055555555
mem[X,0x0000000080007890] -> 0x9E93
mem[X,0x0000000080007892] -> 0x00BE
[7721] [M]: 0x0000000080007890 (0x00BE9E93) slli t4, t4, 11
x29 <- 0x000002AAAAAAA800
mem[X,0x0000000080007894] -> 0x8E93
mem[X,0x0000000080007896] -> 0x2AAE
[7722] [M]: 0x0000000080007894 (0x2AAE8E93) addi t4, t4, 682
x29 <- 0x000002AAAAAAAAAA
mem[X,0x0000000080007898] -> 0x9E93
mem[X,0x000000008000789A] -> 0x00BE
[7723] [M]: 0x0000000080007898 (0x00BE9E93) slli t4, t4, 11
x29 <- 0x0015555555555000
mem[X,0x000000008000789C] -> 0x8E93
mem[X,0x000000008000789E] -> 0x555E
[7724] [M]: 0x000000008000789C (0x555E8E93) addi t4, t4, 1365
x29 <- 0x0015555555555555
mem[X,0x00000000800078A0] -> 0x9E93
mem[X,0x00000000800078A2] -> 0x00AE
[7725] [M]: 0x00000000800078A0 (0x00AE9E93) slli t4, t4, 10
x29 <- 0x5555555555555400
mem[X,0x00000000800078A4] -> 0x8E93
mem[X,0x00000000800078A6] -> 0x155E
[7726] [M]: 0x00000000800078A4 (0x155E8E93) addi t4, t4, 341
x29 <- 0x5555555555555555
mem[X,0x00000000800078A8] -> 0x4FB3
mem[X,0x00000000800078AA] -> 0x03DF
[7727] [M]: 0x00000000800078A8 (0x03DF4FB3) div t6, t5, t4
x31 <- 0x0000000000000001
mem[X,0x00000000800078AC] -> 0xB423
mem[X,0x00000000800078AE] -> 0x77F6
[7728] [M]: 0x00000000800078AC (0x77F6B423) sd t6, 1896(a3)
mem[0x000000008000E2E8] <- 0x0000000000000001
mem[X,0x00000000800078B0] -> 0x5F37
mem[X,0x00000000800078B2] -> 0x5555
[7729] [M]: 0x00000000800078B0 (0x55555F37) lui t5, 349525
x30 <- 0x0000000055555000
mem[X,0x00000000800078B4] -> 0x0F13
mem[X,0x00000000800078B6] -> 0x555F
[7730] [M]: 0x00000000800078B4 (0x555F0F13) addi t5, t5, 1365
x30 <- 0x0000000055555555
mem[X,0x00000000800078B8] -> 0x1F13
mem[X,0x00000000800078BA] -> 0x00BF
[7731] [M]: 0x00000000800078B8 (0x00BF1F13) slli t5, t5, 11
x30 <- 0x000002AAAAAAA800
mem[X,0x00000000800078BC] -> 0x0F13
mem[X,0x00000000800078BE] -> 0x2AAF
[7732] [M]: 0x00000000800078BC (0x2AAF0F13) addi t5, t5, 682
x30 <- 0x000002AAAAAAAAAA
mem[X,0x00000000800078C0] -> 0x1F13
mem[X,0x00000000800078C2] -> 0x00BF
[7733] [M]: 0x00000000800078C0 (0x00BF1F13) slli t5, t5, 11
x30 <- 0x0015555555555000
mem[X,0x00000000800078C4] -> 0x0F13
mem[X,0x00000000800078C6] -> 0x555F
[7734] [M]: 0x00000000800078C4 (0x555F0F13) addi t5, t5, 1365
x30 <- 0x0015555555555555
mem[X,0x00000000800078C8] -> 0x1F13
mem[X,0x00000000800078CA] -> 0x00AF
[7735] [M]: 0x00000000800078C8 (0x00AF1F13) slli t5, t5, 10
x30 <- 0x5555555555555400
mem[X,0x00000000800078CC] -> 0x0F13
mem[X,0x00000000800078CE] -> 0x156F
[7736] [M]: 0x00000000800078CC (0x156F0F13) addi t5, t5, 342
x30 <- 0x5555555555555556
mem[X,0x00000000800078D0] -> 0xBEB7
mem[X,0x00000000800078D2] -> 0xAAAA
[7737] [M]: 0x00000000800078D0 (0xAAAABEB7) lui t4, 699051
x29 <- 0xFFFFFFFFAAAAB000
mem[X,0x00000000800078D4] -> 0x8E93
mem[X,0x00000000800078D6] -> 0xAAAE
[7738] [M]: 0x00000000800078D4 (0xAAAE8E93) addi t4, t4, 2730
x29 <- 0xFFFFFFFFAAAAAAAA
mem[X,0x00000000800078D8] -> 0x9E93
mem[X,0x00000000800078DA] -> 0x00BE
[7739] [M]: 0x00000000800078D8 (0x00BE9E93) slli t4, t4, 11
x29 <- 0xFFFFFD5555555000
mem[X,0x00000000800078DC] -> 0x8E93
mem[X,0x00000000800078DE] -> 0x555E
[7740] [M]: 0x00000000800078DC (0x555E8E93) addi t4, t4, 1365
x29 <- 0xFFFFFD5555555555
mem[X,0x00000000800078E0] -> 0x9E93
mem[X,0x00000000800078E2] -> 0x00BE
[7741] [M]: 0x00000000800078E0 (0x00BE9E93) slli t4, t4, 11
x29 <- 0xFFEAAAAAAAAAA800
mem[X,0x00000000800078E4] -> 0x8E93
mem[X,0x00000000800078E6] -> 0x2AAE
[7742] [M]: 0x00000000800078E4 (0x2AAE8E93) addi t4, t4, 682
x29 <- 0xFFEAAAAAAAAAAAAA
mem[X,0x00000000800078E8] -> 0x9E93
mem[X,0x00000000800078EA] -> 0x00AE
[7743] [M]: 0x00000000800078E8 (0x00AE9E93) slli t4, t4, 10
x29 <- 0xAAAAAAAAAAAAA800
mem[X,0x00000000800078EC] -> 0x8E93
mem[X,0x00000000800078EE] -> 0x2AAE
[7744] [M]: 0x00000000800078EC (0x2AAE8E93) addi t4, t4, 682
x29 <- 0xAAAAAAAAAAAAAAAA
mem[X,0x00000000800078F0] -> 0x4FB3
mem[X,0x00000000800078F2] -> 0x03DF
[7745] [M]: 0x00000000800078F0 (0x03DF4FB3) div t6, t5, t4
x31 <- 0xFFFFFFFFFFFFFFFF
mem[X,0x00000000800078F4] -> 0xB823
mem[X,0x00000000800078F6] -> 0x77F6
[7746] [M]: 0x00000000800078F4 (0x77F6B823) sd t6, 1904(a3)
mem[0x000000008000E2F0] <- 0xFFFFFFFFFFFFFFFF
mem[X,0x00000000800078F8] -> 0x5F37
mem[X,0x00000000800078FA] -> 0x5555
[7747] [M]: 0x00000000800078F8 (0x55555F37) lui t5, 349525
x30 <- 0x0000000055555000
mem[X,0x00000000800078FC] -> 0x0F13
mem[X,0x00000000800078FE] -> 0x555F
[7748] [M]: 0x00000000800078FC (0x555F0F13) addi t5, t5, 1365
x30 <- 0x0000000055555555
mem[X,0x0000000080007900] -> 0x1F13
mem[X,0x0000000080007902] -> 0x00BF
[7749] [M]: 0x0000000080007900 (0x00BF1F13) slli t5, t5, 11
x30 <- 0x000002AAAAAAA800
mem[X,0x0000000080007904] -> 0x0F13
mem[X,0x0000000080007906] -> 0x2AAF
[7750] [M]: 0x0000000080007904 (0x2AAF0F13) addi t5, t5, 682
x30 <- 0x000002AAAAAAAAAA
mem[X,0x0000000080007908] -> 0x1F13
mem[X,0x000000008000790A] -> 0x00BF
[7751] [M]: 0x0000000080007908 (0x00BF1F13) slli t5, t5, 11
x30 <- 0x0015555555555000
mem[X,0x000000008000790C] -> 0x0F13
mem[X,0x000000008000790E] -> 0x555F
[7752] [M]: 0x000000008000790C (0x555F0F13) addi t5, t5, 1365
x30 <- 0x0015555555555555
mem[X,0x0000000080007910] -> 0x1F13
mem[X,0x0000000080007912] -> 0x00AF
[7753] [M]: 0x0000000080007910 (0x00AF1F13) slli t5, t5, 10
x30 <- 0x5555555555555400
mem[X,0x0000000080007914] -> 0x0F13
mem[X,0x0000000080007916] -> 0x156F
[7754] [M]: 0x0000000080007914 (0x156F0F13) addi t5, t5, 342
x30 <- 0x5555555555555556
mem[X,0x0000000080007918] -> 0x0E93
mem[X,0x000000008000791A] -> 0x0050
[7755] [M]: 0x0000000080007918 (0x00500E93) addi t4, zero, 5
x29 <- 0x0000000000000005
mem[X,0x000000008000791C] -> 0x4FB3
mem[X,0x000000008000791E] -> 0x03DF
[7756] [M]: 0x000000008000791C (0x03DF4FB3) div t6, t5, t4
x31 <- 0x1111111111111111
mem[X,0x0000000080007920] -> 0xBC23
mem[X,0x0000000080007922] -> 0x77F6
[7757] [M]: 0x0000000080007920 (0x77F6BC23) sd t6, 1912(a3)
mem[0x000000008000E2F8] <- 0x1111111111111111
mem[X,0x0000000080007924] -> 0x5F37
mem[X,0x0000000080007926] -> 0x5555
[7758] [M]: 0x0000000080007924 (0x55555F37) lui t5, 349525
x30 <- 0x0000000055555000
mem[X,0x0000000080007928] -> 0x0F13
mem[X,0x000000008000792A] -> 0x555F
[7759] [M]: 0x0000000080007928 (0x555F0F13) addi t5, t5, 1365
x30 <- 0x0000000055555555
mem[X,0x000000008000792C] -> 0x1F13
mem[X,0x000000008000792E] -> 0x00BF
[7760] [M]: 0x000000008000792C (0x00BF1F13) slli t5, t5, 11
x30 <- 0x000002AAAAAAA800
mem[X,0x0000000080007930] -> 0x0F13
mem[X,0x0000000080007932] -> 0x2AAF
[7761] [M]: 0x0000000080007930 (0x2AAF0F13) addi t5, t5, 682
x30 <- 0x000002AAAAAAAAAA
mem[X,0x0000000080007934] -> 0x1F13
mem[X,0x0000000080007936] -> 0x00BF
[7762] [M]: 0x0000000080007934 (0x00BF1F13) slli t5, t5, 11
x30 <- 0x0015555555555000
mem[X,0x0000000080007938] -> 0x0F13
mem[X,0x000000008000793A] -> 0x555F
[7763] [M]: 0x0000000080007938 (0x555F0F13) addi t5, t5, 1365
x30 <- 0x0015555555555555
mem[X,0x000000008000793C] -> 0x1F13
mem[X,0x000000008000793E] -> 0x00AF
[7764] [M]: 0x000000008000793C (0x00AF1F13) slli t5, t5, 10
x30 <- 0x5555555555555400
mem[X,0x0000000080007940] -> 0x0F13
mem[X,0x0000000080007942] -> 0x156F
[7765] [M]: 0x0000000080007940 (0x156F0F13) addi t5, t5, 342
x30 <- 0x5555555555555556
mem[X,0x0000000080007944] -> 0x3EB7
mem[X,0x0000000080007946] -> 0x3333
[7766] [M]: 0x0000000080007944 (0x33333EB7) lui t4, 209715
x29 <- 0x0000000033333000
mem[X,0x0000000080007948] -> 0x8E93
mem[X,0x000000008000794A] -> 0x333E
[7767] [M]: 0x0000000080007948 (0x333E8E93) addi t4, t4, 819
x29 <- 0x0000000033333333
mem[X,0x000000008000794C] -> 0x9E93
mem[X,0x000000008000794E] -> 0x00BE
[7768] [M]: 0x000000008000794C (0x00BE9E93) slli t4, t4, 11
x29 <- 0x0000019999999800
mem[X,0x0000000080007950] -> 0x8E93
mem[X,0x0000000080007952] -> 0x199E
[7769] [M]: 0x0000000080007950 (0x199E8E93) addi t4, t4, 409
x29 <- 0x0000019999999999
mem[X,0x0000000080007954] -> 0x9E93
mem[X,0x0000000080007956] -> 0x00BE
[7770] [M]: 0x0000000080007954 (0x00BE9E93) slli t4, t4, 11
x29 <- 0x000CCCCCCCCCC800
mem[X,0x0000000080007958] -> 0x8E93
mem[X,0x000000008000795A] -> 0x4CCE
[7771] [M]: 0x0000000080007958 (0x4CCE8E93) addi t4, t4, 1228
x29 <- 0x000CCCCCCCCCCCCC
mem[X,0x000000008000795C] -> 0x9E93
mem[X,0x000000008000795E] -> 0x00AE
[7772] [M]: 0x000000008000795C (0x00AE9E93) slli t4, t4, 10
x29 <- 0x3333333333333000
mem[X,0x0000000080007960] -> 0x8E93
mem[X,0x0000000080007962] -> 0x333E
[7773] [M]: 0x0000000080007960 (0x333E8E93) addi t4, t4, 819
x29 <- 0x3333333333333333
mem[X,0x0000000080007964] -> 0x4FB3
mem[X,0x0000000080007966] -> 0x03DF
[7774] [M]: 0x0000000080007964 (0x03DF4FB3) div t6, t5, t4
x31 <- 0x0000000000000001
mem[X,0x0000000080007968] -> 0xB023
mem[X,0x000000008000796A] -> 0x79F6
[7775] [M]: 0x0000000080007968 (0x79F6B023) sd t6, 1920(a3)
mem[0x000000008000E300] <- 0x0000000000000001
mem[X,0x000000008000796C] -> 0x5F37
mem[X,0x000000008000796E] -> 0x5555
[7776] [M]: 0x000000008000796C (0x55555F37) lui t5, 349525
x30 <- 0x0000000055555000
mem[X,0x0000000080007970] -> 0x0F13
mem[X,0x0000000080007972] -> 0x555F
[7777] [M]: 0x0000000080007970 (0x555F0F13) addi t5, t5, 1365
x30 <- 0x0000000055555555
mem[X,0x0000000080007974] -> 0x1F13
mem[X,0x0000000080007976] -> 0x00BF
[7778] [M]: 0x0000000080007974 (0x00BF1F13) slli t5, t5, 11
x30 <- 0x000002AAAAAAA800
mem[X,0x0000000080007978] -> 0x0F13
mem[X,0x000000008000797A] -> 0x2AAF
[7779] [M]: 0x0000000080007978 (0x2AAF0F13) addi t5, t5, 682
x30 <- 0x000002AAAAAAAAAA
mem[X,0x000000008000797C] -> 0x1F13
mem[X,0x000000008000797E] -> 0x00BF
[7780] [M]: 0x000000008000797C (0x00BF1F13) slli t5, t5, 11
x30 <- 0x0015555555555000
mem[X,0x0000000080007980] -> 0x0F13
mem[X,0x0000000080007982] -> 0x555F
[7781] [M]: 0x0000000080007980 (0x555F0F13) addi t5, t5, 1365
x30 <- 0x0015555555555555
mem[X,0x0000000080007984] -> 0x1F13
mem[X,0x0000000080007986] -> 0x00AF
[7782] [M]: 0x0000000080007984 (0x00AF1F13) slli t5, t5, 10
x30 <- 0x5555555555555400
mem[X,0x0000000080007988] -> 0x0F13
mem[X,0x000000008000798A] -> 0x156F
[7783] [M]: 0x0000000080007988 (0x156F0F13) addi t5, t5, 342
x30 <- 0x5555555555555556
mem[X,0x000000008000798C] -> 0x6EB7
mem[X,0x000000008000798E] -> 0x6666
[7784] [M]: 0x000000008000798C (0x66666EB7) lui t4, 419430
x29 <- 0x0000000066666000
mem[X,0x0000000080007990] -> 0x8E93
mem[X,0x0000000080007992] -> 0x666E
[7785] [M]: 0x0000000080007990 (0x666E8E93) addi t4, t4, 1638
x29 <- 0x0000000066666666
mem[X,0x0000000080007994] -> 0x9E93
mem[X,0x0000000080007996] -> 0x00BE
[7786] [M]: 0x0000000080007994 (0x00BE9E93) slli t4, t4, 11
x29 <- 0x0000033333333000
mem[X,0x0000000080007998] -> 0x8E93
mem[X,0x000000008000799A] -> 0x333E
[7787] [M]: 0x0000000080007998 (0x333E8E93) addi t4, t4, 819
x29 <- 0x0000033333333333
mem[X,0x000000008000799C] -> 0x9E93
mem[X,0x000000008000799E] -> 0x00BE
[7788] [M]: 0x000000008000799C (0x00BE9E93) slli t4, t4, 11
x29 <- 0x0019999999999800
mem[X,0x00000000800079A0] -> 0x8E93
mem[X,0x00000000800079A2] -> 0x199E
[7789] [M]: 0x00000000800079A0 (0x199E8E93) addi t4, t4, 409
x29 <- 0x0019999999999999
mem[X,0x00000000800079A4] -> 0x9E93
mem[X,0x00000000800079A6] -> 0x00AE
[7790] [M]: 0x00000000800079A4 (0x00AE9E93) slli t4, t4, 10
x29 <- 0x6666666666666400
mem[X,0x00000000800079A8] -> 0x8E93
mem[X,0x00000000800079AA] -> 0x266E
[7791] [M]: 0x00000000800079A8 (0x266E8E93) addi t4, t4, 614
x29 <- 0x6666666666666666
mem[X,0x00000000800079AC] -> 0x4FB3
mem[X,0x00000000800079AE] -> 0x03DF
[7792] [M]: 0x00000000800079AC (0x03DF4FB3) div t6, t5, t4
x31 <- 0x0000000000000000
mem[X,0x00000000800079B0] -> 0xB423
mem[X,0x00000000800079B2] -> 0x79F6
[7793] [M]: 0x00000000800079B0 (0x79F6B423) sd t6, 1928(a3)
mem[0x000000008000E308] <- 0x0000000000000000
mem[X,0x00000000800079B4] -> 0x5F37
mem[X,0x00000000800079B6] -> 0x5555
[7794] [M]: 0x00000000800079B4 (0x55555F37) lui t5, 349525
x30 <- 0x0000000055555000
mem[X,0x00000000800079B8] -> 0x0F13
mem[X,0x00000000800079BA] -> 0x555F
[7795] [M]: 0x00000000800079B8 (0x555F0F13) addi t5, t5, 1365
x30 <- 0x0000000055555555
mem[X,0x00000000800079BC] -> 0x1F13
mem[X,0x00000000800079BE] -> 0x00BF
[7796] [M]: 0x00000000800079BC (0x00BF1F13) slli t5, t5, 11
x30 <- 0x000002AAAAAAA800
mem[X,0x00000000800079C0] -> 0x0F13
mem[X,0x00000000800079C2] -> 0x2AAF
[7797] [M]: 0x00000000800079C0 (0x2AAF0F13) addi t5, t5, 682
x30 <- 0x000002AAAAAAAAAA
mem[X,0x00000000800079C4] -> 0x1F13
mem[X,0x00000000800079C6] -> 0x00BF
[7798] [M]: 0x00000000800079C4 (0x00BF1F13) slli t5, t5, 11
x30 <- 0x0015555555555000
mem[X,0x00000000800079C8] -> 0x0F13
mem[X,0x00000000800079CA] -> 0x555F
[7799] [M]: 0x00000000800079C8 (0x555F0F13) addi t5, t5, 1365
x30 <- 0x0015555555555555
clint::tick mtime <- 0x000000000000004E
 clint timer pending at mtime 0x000000000000004E
htif::tick 0x0000000000000000
mem[X,0x00000000800079CC] -> 0x1F13
mem[X,0x00000000800079CE] -> 0x00AF
[7800] [M]: 0x00000000800079CC (0x00AF1F13) slli t5, t5, 10
x30 <- 0x5555555555555400
mem[X,0x00000000800079D0] -> 0x0F13
mem[X,0x00000000800079D2] -> 0x156F
[7801] [M]: 0x00000000800079D0 (0x156F0F13) addi t5, t5, 342
x30 <- 0x5555555555555556
mem[X,0x00000000800079D4] -> 0x0EB7
mem[X,0x00000000800079D6] -> 0x0000
[7802] [M]: 0x00000000800079D4 (0x00000EB7) lui t4, 0
x29 <- 0x0000000000000000
mem[X,0x00000000800079D8] -> 0x8E93
mem[X,0x00000000800079DA] -> 0xFFFE
[7803] [M]: 0x00000000800079D8 (0xFFFE8E93) addi t4, t4, 4095
x29 <- 0xFFFFFFFFFFFFFFFF
mem[X,0x00000000800079DC] -> 0x9E93
mem[X,0x00000000800079DE] -> 0x00BE
[7804] [M]: 0x00000000800079DC (0x00BE9E93) slli t4, t4, 11
x29 <- 0xFFFFFFFFFFFFF800
mem[X,0x00000000800079E0] -> 0x8E93
mem[X,0x00000000800079E2] -> 0x257E
[7805] [M]: 0x00000000800079E0 (0x257E8E93) addi t4, t4, 599
x29 <- 0xFFFFFFFFFFFFFA57
mem[X,0x00000000800079E4] -> 0x9E93
mem[X,0x00000000800079E6] -> 0x00BE
[7806] [M]: 0x00000000800079E4 (0x00BE9E93) slli t4, t4, 11
x29 <- 0xFFFFFFFFFFD2B800
mem[X,0x00000000800079E8] -> 0x8E93
mem[X,0x00000000800079EA] -> 0x6C3E
[7807] [M]: 0x00000000800079E8 (0x6C3E8E93) addi t4, t4, 1731
x29 <- 0xFFFFFFFFFFD2BEC3
mem[X,0x00000000800079EC] -> 0x9E93
mem[X,0x00000000800079EE] -> 0x00AE
[7808] [M]: 0x00000000800079EC (0x00AE9E93) slli t4, t4, 10
x29 <- 0xFFFFFFFF4AFB0C00
mem[X,0x00000000800079F0] -> 0x8E93
mem[X,0x00000000800079F2] -> 0x0CDE
[7809] [M]: 0x00000000800079F0 (0x0CDE8E93) addi t4, t4, 205
x29 <- 0xFFFFFFFF4AFB0CCD
mem[X,0x00000000800079F4] -> 0x4FB3
mem[X,0x00000000800079F6] -> 0x03DF
[7810] [M]: 0x00000000800079F4 (0x03DF4FB3) div t6, t5, t4
x31 <- 0xFFFFFFFF87520888
mem[X,0x00000000800079F8] -> 0xB823
mem[X,0x00000000800079FA] -> 0x79F6
[7811] [M]: 0x00000000800079F8 (0x79F6B823) sd t6, 1936(a3)
mem[0x000000008000E310] <- 0xFFFFFFFF87520888
mem[X,0x00000000800079FC] -> 0x5F37
mem[X,0x00000000800079FE] -> 0x5555
[7812] [M]: 0x00000000800079FC (0x55555F37) lui t5, 349525
x30 <- 0x0000000055555000
mem[X,0x0000000080007A00] -> 0x0F13
mem[X,0x0000000080007A02] -> 0x555F
[7813] [M]: 0x0000000080007A00 (0x555F0F13) addi t5, t5, 1365
x30 <- 0x0000000055555555
mem[X,0x0000000080007A04] -> 0x1F13
mem[X,0x0000000080007A06] -> 0x00BF
[7814] [M]: 0x0000000080007A04 (0x00BF1F13) slli t5, t5, 11
x30 <- 0x000002AAAAAAA800
mem[X,0x0000000080007A08] -> 0x0F13
mem[X,0x0000000080007A0A] -> 0x2AAF
[7815] [M]: 0x0000000080007A08 (0x2AAF0F13) addi t5, t5, 682
x30 <- 0x000002AAAAAAAAAA
mem[X,0x0000000080007A0C] -> 0x1F13
mem[X,0x0000000080007A0E] -> 0x00BF
[7816] [M]: 0x0000000080007A0C (0x00BF1F13) slli t5, t5, 11
x30 <- 0x0015555555555000
mem[X,0x0000000080007A10] -> 0x0F13
mem[X,0x0000000080007A12] -> 0x555F
[7817] [M]: 0x0000000080007A10 (0x555F0F13) addi t5, t5, 1365
x30 <- 0x0015555555555555
mem[X,0x0000000080007A14] -> 0x1F13
mem[X,0x0000000080007A16] -> 0x00AF
[7818] [M]: 0x0000000080007A14 (0x00AF1F13) slli t5, t5, 10
x30 <- 0x5555555555555400
mem[X,0x0000000080007A18] -> 0x0F13
mem[X,0x0000000080007A1A] -> 0x156F
[7819] [M]: 0x0000000080007A18 (0x156F0F13) addi t5, t5, 342
x30 <- 0x5555555555555556
mem[X,0x0000000080007A1C] -> 0x0EB7
mem[X,0x0000000080007A1E] -> 0x0000
[7820] [M]: 0x0000000080007A1C (0x00000EB7) lui t4, 0
x29 <- 0x0000000000000000
mem[X,0x0000000080007A20] -> 0x8E93
mem[X,0x0000000080007A22] -> 0x000E
[7821] [M]: 0x0000000080007A20 (0x000E8E93) addi t4, t4, 0
x29 <- 0x0000000000000000
mem[X,0x0000000080007A24] -> 0x9E93
mem[X,0x0000000080007A26] -> 0x00BE
[7822] [M]: 0x0000000080007A24 (0x00BE9E93) slli t4, t4, 11
x29 <- 0x0000000000000000
mem[X,0x0000000080007A28] -> 0x8E93
mem[X,0x0000000080007A2A] -> 0x5A8E
[7823] [M]: 0x0000000080007A28 (0x5A8E8E93) addi t4, t4, 1448
x29 <- 0x00000000000005A8
mem[X,0x0000000080007A2C] -> 0x9E93
mem[X,0x0000000080007A2E] -> 0x00BE
[7824] [M]: 0x0000000080007A2C (0x00BE9E93) slli t4, t4, 11
x29 <- 0x00000000002D4000
mem[X,0x0000000080007A30] -> 0x8E93
mem[X,0x0000000080007A32] -> 0x13CE
[7825] [M]: 0x0000000080007A30 (0x13CE8E93) addi t4, t4, 316
x29 <- 0x00000000002D413C
mem[X,0x0000000080007A34] -> 0x9E93
mem[X,0x0000000080007A36] -> 0x00AE
[7826] [M]: 0x0000000080007A34 (0x00AE9E93) slli t4, t4, 10
x29 <- 0x00000000B504F000
mem[X,0x0000000080007A38] -> 0x8E93
mem[X,0x0000000080007A3A] -> 0x333E
[7827] [M]: 0x0000000080007A38 (0x333E8E93) addi t4, t4, 819
x29 <- 0x00000000B504F333
mem[X,0x0000000080007A3C] -> 0x4FB3
mem[X,0x0000000080007A3E] -> 0x03DF
[7828] [M]: 0x0000000080007A3C (0x03DF4FB3) div t6, t5, t4
x31 <- 0x0000000078ADF778
mem[X,0x0000000080007A40] -> 0xBC23
mem[X,0x0000000080007A42] -> 0x79F6
[7829] [M]: 0x0000000080007A40 (0x79F6BC23) sd t6, 1944(a3)
mem[0x000000008000E318] <- 0x0000000078ADF778
mem[X,0x0000000080007A44] -> 0x5F37
mem[X,0x0000000080007A46] -> 0x5555
[7830] [M]: 0x0000000080007A44 (0x55555F37) lui t5, 349525
x30 <- 0x0000000055555000
mem[X,0x0000000080007A48] -> 0x0F13
mem[X,0x0000000080007A4A] -> 0x555F
[7831] [M]: 0x0000000080007A48 (0x555F0F13) addi t5, t5, 1365
x30 <- 0x0000000055555555
mem[X,0x0000000080007A4C] -> 0x1F13
mem[X,0x0000000080007A4E] -> 0x00BF
[7832] [M]: 0x0000000080007A4C (0x00BF1F13) slli t5, t5, 11
x30 <- 0x000002AAAAAAA800
mem[X,0x0000000080007A50] -> 0x0F13
mem[X,0x0000000080007A52] -> 0x2AAF
[7833] [M]: 0x0000000080007A50 (0x2AAF0F13) addi t5, t5, 682
x30 <- 0x000002AAAAAAAAAA
mem[X,0x0000000080007A54] -> 0x1F13
mem[X,0x0000000080007A56] -> 0x00BF
[7834] [M]: 0x0000000080007A54 (0x00BF1F13) slli t5, t5, 11
x30 <- 0x0015555555555000
mem[X,0x0000000080007A58] -> 0x0F13
mem[X,0x0000000080007A5A] -> 0x555F
[7835] [M]: 0x0000000080007A58 (0x555F0F13) addi t5, t5, 1365
x30 <- 0x0015555555555555
mem[X,0x0000000080007A5C] -> 0x1F13
mem[X,0x0000000080007A5E] -> 0x00AF
[7836] [M]: 0x0000000080007A5C (0x00AF1F13) slli t5, t5, 10
x30 <- 0x5555555555555400
mem[X,0x0000000080007A60] -> 0x0F13
mem[X,0x0000000080007A62] -> 0x156F
[7837] [M]: 0x0000000080007A60 (0x156F0F13) addi t5, t5, 342
x30 <- 0x5555555555555556
mem[X,0x0000000080007A64] -> 0x0E93
mem[X,0x0000000080007A66] -> 0x0020
[7838] [M]: 0x0000000080007A64 (0x00200E93) addi t4, zero, 2
x29 <- 0x0000000000000002
mem[X,0x0000000080007A68] -> 0x4FB3
mem[X,0x0000000080007A6A] -> 0x03DF
[7839] [M]: 0x0000000080007A68 (0x03DF4FB3) div t6, t5, t4
x31 <- 0x2AAAAAAAAAAAAAAB
mem[X,0x0000000080007A6C] -> 0xB023
mem[X,0x0000000080007A6E] -> 0x7BF6
[7840] [M]: 0x0000000080007A6C (0x7BF6B023) sd t6, 1952(a3)
mem[0x000000008000E320] <- 0x2AAAAAAAAAAAAAAB
mem[X,0x0000000080007A70] -> 0x5F37
mem[X,0x0000000080007A72] -> 0x5555
[7841] [M]: 0x0000000080007A70 (0x55555F37) lui t5, 349525
x30 <- 0x0000000055555000
mem[X,0x0000000080007A74] -> 0x0F13
mem[X,0x0000000080007A76] -> 0x555F
[7842] [M]: 0x0000000080007A74 (0x555F0F13) addi t5, t5, 1365
x30 <- 0x0000000055555555
mem[X,0x0000000080007A78] -> 0x1F13
mem[X,0x0000000080007A7A] -> 0x00BF
[7843] [M]: 0x0000000080007A78 (0x00BF1F13) slli t5, t5, 11
x30 <- 0x000002AAAAAAA800
mem[X,0x0000000080007A7C] -> 0x0F13
mem[X,0x0000000080007A7E] -> 0x2AAF
[7844] [M]: 0x0000000080007A7C (0x2AAF0F13) addi t5, t5, 682
x30 <- 0x000002AAAAAAAAAA
mem[X,0x0000000080007A80] -> 0x1F13
mem[X,0x0000000080007A82] -> 0x00BF
[7845] [M]: 0x0000000080007A80 (0x00BF1F13) slli t5, t5, 11
x30 <- 0x0015555555555000
mem[X,0x0000000080007A84] -> 0x0F13
mem[X,0x0000000080007A86] -> 0x555F
[7846] [M]: 0x0000000080007A84 (0x555F0F13) addi t5, t5, 1365
x30 <- 0x0015555555555555
mem[X,0x0000000080007A88] -> 0x1F13
mem[X,0x0000000080007A8A] -> 0x00AF
[7847] [M]: 0x0000000080007A88 (0x00AF1F13) slli t5, t5, 10
x30 <- 0x5555555555555400
mem[X,0x0000000080007A8C] -> 0x0F13
mem[X,0x0000000080007A8E] -> 0x156F
[7848] [M]: 0x0000000080007A8C (0x156F0F13) addi t5, t5, 342
x30 <- 0x5555555555555556
mem[X,0x0000000080007A90] -> 0x5EB7
mem[X,0x0000000080007A92] -> 0x5555
[7849] [M]: 0x0000000080007A90 (0x55555EB7) lui t4, 349525
x29 <- 0x0000000055555000
mem[X,0x0000000080007A94] -> 0x8E93
mem[X,0x0000000080007A96] -> 0x555E
[7850] [M]: 0x0000000080007A94 (0x555E8E93) addi t4, t4, 1365
x29 <- 0x0000000055555555
mem[X,0x0000000080007A98] -> 0x9E93
mem[X,0x0000000080007A9A] -> 0x00BE
[7851] [M]: 0x0000000080007A98 (0x00BE9E93) slli t4, t4, 11
x29 <- 0x000002AAAAAAA800
mem[X,0x0000000080007A9C] -> 0x8E93
mem[X,0x0000000080007A9E] -> 0x2AAE
[7852] [M]: 0x0000000080007A9C (0x2AAE8E93) addi t4, t4, 682
x29 <- 0x000002AAAAAAAAAA
mem[X,0x0000000080007AA0] -> 0x9E93
mem[X,0x0000000080007AA2] -> 0x00BE
[7853] [M]: 0x0000000080007AA0 (0x00BE9E93) slli t4, t4, 11
x29 <- 0x0015555555555000
mem[X,0x0000000080007AA4] -> 0x8E93
mem[X,0x0000000080007AA6] -> 0x555E
[7854] [M]: 0x0000000080007AA4 (0x555E8E93) addi t4, t4, 1365
x29 <- 0x0015555555555555
mem[X,0x0000000080007AA8] -> 0x9E93
mem[X,0x0000000080007AAA] -> 0x00AE
[7855] [M]: 0x0000000080007AA8 (0x00AE9E93) slli t4, t4, 10
x29 <- 0x5555555555555400
mem[X,0x0000000080007AAC] -> 0x8E93
mem[X,0x0000000080007AAE] -> 0x154E
[7856] [M]: 0x0000000080007AAC (0x154E8E93) addi t4, t4, 340
x29 <- 0x5555555555555554
mem[X,0x0000000080007AB0] -> 0x4FB3
mem[X,0x0000000080007AB2] -> 0x03DF
[7857] [M]: 0x0000000080007AB0 (0x03DF4FB3) div t6, t5, t4
x31 <- 0x0000000000000001
mem[X,0x0000000080007AB4] -> 0xB423
mem[X,0x0000000080007AB6] -> 0x7BF6
[7858] [M]: 0x0000000080007AB4 (0x7BF6B423) sd t6, 1960(a3)
mem[0x000000008000E328] <- 0x0000000000000001
mem[X,0x0000000080007AB8] -> 0x5F37
mem[X,0x0000000080007ABA] -> 0x5555
[7859] [M]: 0x0000000080007AB8 (0x55555F37) lui t5, 349525
x30 <- 0x0000000055555000
mem[X,0x0000000080007ABC] -> 0x0F13
mem[X,0x0000000080007ABE] -> 0x555F
[7860] [M]: 0x0000000080007ABC (0x555F0F13) addi t5, t5, 1365
x30 <- 0x0000000055555555
mem[X,0x0000000080007AC0] -> 0x1F13
mem[X,0x0000000080007AC2] -> 0x00BF
[7861] [M]: 0x0000000080007AC0 (0x00BF1F13) slli t5, t5, 11
x30 <- 0x000002AAAAAAA800
mem[X,0x0000000080007AC4] -> 0x0F13
mem[X,0x0000000080007AC6] -> 0x2AAF
[7862] [M]: 0x0000000080007AC4 (0x2AAF0F13) addi t5, t5, 682
x30 <- 0x000002AAAAAAAAAA
mem[X,0x0000000080007AC8] -> 0x1F13
mem[X,0x0000000080007ACA] -> 0x00BF
[7863] [M]: 0x0000000080007AC8 (0x00BF1F13) slli t5, t5, 11
x30 <- 0x0015555555555000
mem[X,0x0000000080007ACC] -> 0x0F13
mem[X,0x0000000080007ACE] -> 0x555F
[7864] [M]: 0x0000000080007ACC (0x555F0F13) addi t5, t5, 1365
x30 <- 0x0015555555555555
mem[X,0x0000000080007AD0] -> 0x1F13
mem[X,0x0000000080007AD2] -> 0x00AF
[7865] [M]: 0x0000000080007AD0 (0x00AF1F13) slli t5, t5, 10
x30 <- 0x5555555555555400
mem[X,0x0000000080007AD4] -> 0x0F13
mem[X,0x0000000080007AD6] -> 0x156F
[7866] [M]: 0x0000000080007AD4 (0x156F0F13) addi t5, t5, 342
x30 <- 0x5555555555555556
mem[X,0x0000000080007AD8] -> 0x3EB7
mem[X,0x0000000080007ADA] -> 0x3333
[7867] [M]: 0x0000000080007AD8 (0x33333EB7) lui t4, 209715
x29 <- 0x0000000033333000
mem[X,0x0000000080007ADC] -> 0x8E93
mem[X,0x0000000080007ADE] -> 0x333E
[7868] [M]: 0x0000000080007ADC (0x333E8E93) addi t4, t4, 819
x29 <- 0x0000000033333333
mem[X,0x0000000080007AE0] -> 0x9E93
mem[X,0x0000000080007AE2] -> 0x00BE
[7869] [M]: 0x0000000080007AE0 (0x00BE9E93) slli t4, t4, 11
x29 <- 0x0000019999999800
mem[X,0x0000000080007AE4] -> 0x8E93
mem[X,0x0000000080007AE6] -> 0x199E
[7870] [M]: 0x0000000080007AE4 (0x199E8E93) addi t4, t4, 409
x29 <- 0x0000019999999999
mem[X,0x0000000080007AE8] -> 0x9E93
mem[X,0x0000000080007AEA] -> 0x00BE
[7871] [M]: 0x0000000080007AE8 (0x00BE9E93) slli t4, t4, 11
x29 <- 0x000CCCCCCCCCC800
mem[X,0x0000000080007AEC] -> 0x8E93
mem[X,0x0000000080007AEE] -> 0x4CCE
[7872] [M]: 0x0000000080007AEC (0x4CCE8E93) addi t4, t4, 1228
x29 <- 0x000CCCCCCCCCCCCC
mem[X,0x0000000080007AF0] -> 0x9E93
mem[X,0x0000000080007AF2] -> 0x00AE
[7873] [M]: 0x0000000080007AF0 (0x00AE9E93) slli t4, t4, 10
x29 <- 0x3333333333333000
mem[X,0x0000000080007AF4] -> 0x8E93
mem[X,0x0000000080007AF6] -> 0x332E
[7874] [M]: 0x0000000080007AF4 (0x332E8E93) addi t4, t4, 818
x29 <- 0x3333333333333332
mem[X,0x0000000080007AF8] -> 0x4FB3
mem[X,0x0000000080007AFA] -> 0x03DF
[7875] [M]: 0x0000000080007AF8 (0x03DF4FB3) div t6, t5, t4
x31 <- 0x0000000000000001
mem[X,0x0000000080007AFC] -> 0xB823
mem[X,0x0000000080007AFE] -> 0x7BF6
[7876] [M]: 0x0000000080007AFC (0x7BF6B823) sd t6, 1968(a3)
mem[0x000000008000E330] <- 0x0000000000000001
mem[X,0x0000000080007B00] -> 0x5F37
mem[X,0x0000000080007B02] -> 0x5555
[7877] [M]: 0x0000000080007B00 (0x55555F37) lui t5, 349525
x30 <- 0x0000000055555000
mem[X,0x0000000080007B04] -> 0x0F13
mem[X,0x0000000080007B06] -> 0x555F
[7878] [M]: 0x0000000080007B04 (0x555F0F13) addi t5, t5, 1365
x30 <- 0x0000000055555555
mem[X,0x0000000080007B08] -> 0x1F13
mem[X,0x0000000080007B0A] -> 0x00BF
[7879] [M]: 0x0000000080007B08 (0x00BF1F13) slli t5, t5, 11
x30 <- 0x000002AAAAAAA800
mem[X,0x0000000080007B0C] -> 0x0F13
mem[X,0x0000000080007B0E] -> 0x2AAF
[7880] [M]: 0x0000000080007B0C (0x2AAF0F13) addi t5, t5, 682
x30 <- 0x000002AAAAAAAAAA
mem[X,0x0000000080007B10] -> 0x1F13
mem[X,0x0000000080007B12] -> 0x00BF
[7881] [M]: 0x0000000080007B10 (0x00BF1F13) slli t5, t5, 11
x30 <- 0x0015555555555000
mem[X,0x0000000080007B14] -> 0x0F13
mem[X,0x0000000080007B16] -> 0x555F
[7882] [M]: 0x0000000080007B14 (0x555F0F13) addi t5, t5, 1365
x30 <- 0x0015555555555555
mem[X,0x0000000080007B18] -> 0x1F13
mem[X,0x0000000080007B1A] -> 0x00AF
[7883] [M]: 0x0000000080007B18 (0x00AF1F13) slli t5, t5, 10
x30 <- 0x5555555555555400
mem[X,0x0000000080007B1C] -> 0x0F13
mem[X,0x0000000080007B1E] -> 0x156F
[7884] [M]: 0x0000000080007B1C (0x156F0F13) addi t5, t5, 342
x30 <- 0x5555555555555556
mem[X,0x0000000080007B20] -> 0x6EB7
mem[X,0x0000000080007B22] -> 0x6666
[7885] [M]: 0x0000000080007B20 (0x66666EB7) lui t4, 419430
x29 <- 0x0000000066666000
mem[X,0x0000000080007B24] -> 0x8E93
mem[X,0x0000000080007B26] -> 0x666E
[7886] [M]: 0x0000000080007B24 (0x666E8E93) addi t4, t4, 1638
x29 <- 0x0000000066666666
mem[X,0x0000000080007B28] -> 0x9E93
mem[X,0x0000000080007B2A] -> 0x00BE
[7887] [M]: 0x0000000080007B28 (0x00BE9E93) slli t4, t4, 11
x29 <- 0x0000033333333000
mem[X,0x0000000080007B2C] -> 0x8E93
mem[X,0x0000000080007B2E] -> 0x333E
[7888] [M]: 0x0000000080007B2C (0x333E8E93) addi t4, t4, 819
x29 <- 0x0000033333333333
mem[X,0x0000000080007B30] -> 0x9E93
mem[X,0x0000000080007B32] -> 0x00BE
[7889] [M]: 0x0000000080007B30 (0x00BE9E93) slli t4, t4, 11
x29 <- 0x0019999999999800
mem[X,0x0000000080007B34] -> 0x8E93
mem[X,0x0000000080007B36] -> 0x199E
[7890] [M]: 0x0000000080007B34 (0x199E8E93) addi t4, t4, 409
x29 <- 0x0019999999999999
mem[X,0x0000000080007B38] -> 0x9E93
mem[X,0x0000000080007B3A] -> 0x00AE
[7891] [M]: 0x0000000080007B38 (0x00AE9E93) slli t4, t4, 10
x29 <- 0x6666666666666400
mem[X,0x0000000080007B3C] -> 0x8E93
mem[X,0x0000000080007B3E] -> 0x265E
[7892] [M]: 0x0000000080007B3C (0x265E8E93) addi t4, t4, 613
x29 <- 0x6666666666666665
mem[X,0x0000000080007B40] -> 0x4FB3
mem[X,0x0000000080007B42] -> 0x03DF
[7893] [M]: 0x0000000080007B40 (0x03DF4FB3) div t6, t5, t4
x31 <- 0x0000000000000000
mem[X,0x0000000080007B44] -> 0xBC23
mem[X,0x0000000080007B46] -> 0x7BF6
[7894] [M]: 0x0000000080007B44 (0x7BF6BC23) sd t6, 1976(a3)
mem[0x000000008000E338] <- 0x0000000000000000
mem[X,0x0000000080007B48] -> 0x5F37
mem[X,0x0000000080007B4A] -> 0x5555
[7895] [M]: 0x0000000080007B48 (0x55555F37) lui t5, 349525
x30 <- 0x0000000055555000
mem[X,0x0000000080007B4C] -> 0x0F13
mem[X,0x0000000080007B4E] -> 0x555F
[7896] [M]: 0x0000000080007B4C (0x555F0F13) addi t5, t5, 1365
x30 <- 0x0000000055555555
mem[X,0x0000000080007B50] -> 0x1F13
mem[X,0x0000000080007B52] -> 0x00BF
[7897] [M]: 0x0000000080007B50 (0x00BF1F13) slli t5, t5, 11
x30 <- 0x000002AAAAAAA800
mem[X,0x0000000080007B54] -> 0x0F13
mem[X,0x0000000080007B56] -> 0x2AAF
[7898] [M]: 0x0000000080007B54 (0x2AAF0F13) addi t5, t5, 682
x30 <- 0x000002AAAAAAAAAA
mem[X,0x0000000080007B58] -> 0x1F13
mem[X,0x0000000080007B5A] -> 0x00BF
[7899] [M]: 0x0000000080007B58 (0x00BF1F13) slli t5, t5, 11
x30 <- 0x0015555555555000
clint::tick mtime <- 0x000000000000004F
 clint timer pending at mtime 0x000000000000004F
htif::tick 0x0000000000000000
mem[X,0x0000000080007B5C] -> 0x0F13
mem[X,0x0000000080007B5E] -> 0x555F
[7900] [M]: 0x0000000080007B5C (0x555F0F13) addi t5, t5, 1365
x30 <- 0x0015555555555555
mem[X,0x0000000080007B60] -> 0x1F13
mem[X,0x0000000080007B62] -> 0x00AF
[7901] [M]: 0x0000000080007B60 (0x00AF1F13) slli t5, t5, 10
x30 <- 0x5555555555555400
mem[X,0x0000000080007B64] -> 0x0F13
mem[X,0x0000000080007B66] -> 0x156F
[7902] [M]: 0x0000000080007B64 (0x156F0F13) addi t5, t5, 342
x30 <- 0x5555555555555556
mem[X,0x0000000080007B68] -> 0x0E93
mem[X,0x0000000080007B6A] -> 0x0000
[7903] [M]: 0x0000000080007B68 (0x00000E93) addi t4, zero, 0
x29 <- 0x0000000000000000
mem[X,0x0000000080007B6C] -> 0x4FB3
mem[X,0x0000000080007B6E] -> 0x03DF
[7904] [M]: 0x0000000080007B6C (0x03DF4FB3) div t6, t5, t4
x31 <- 0xFFFFFFFFFFFFFFFF
mem[X,0x0000000080007B70] -> 0xB023
mem[X,0x0000000080007B72] -> 0x7DF6
[7905] [M]: 0x0000000080007B70 (0x7DF6B023) sd t6, 1984(a3)
mem[0x000000008000E340] <- 0xFFFFFFFFFFFFFFFF
mem[X,0x0000000080007B74] -> 0x5F37
mem[X,0x0000000080007B76] -> 0x5555
[7906] [M]: 0x0000000080007B74 (0x55555F37) lui t5, 349525
x30 <- 0x0000000055555000
mem[X,0x0000000080007B78] -> 0x0F13
mem[X,0x0000000080007B7A] -> 0x555F
[7907] [M]: 0x0000000080007B78 (0x555F0F13) addi t5, t5, 1365
x30 <- 0x0000000055555555
mem[X,0x0000000080007B7C] -> 0x1F13
mem[X,0x0000000080007B7E] -> 0x00BF
[7908] [M]: 0x0000000080007B7C (0x00BF1F13) slli t5, t5, 11
x30 <- 0x000002AAAAAAA800
mem[X,0x0000000080007B80] -> 0x0F13
mem[X,0x0000000080007B82] -> 0x2AAF
[7909] [M]: 0x0000000080007B80 (0x2AAF0F13) addi t5, t5, 682
x30 <- 0x000002AAAAAAAAAA
mem[X,0x0000000080007B84] -> 0x1F13
mem[X,0x0000000080007B86] -> 0x00BF
[7910] [M]: 0x0000000080007B84 (0x00BF1F13) slli t5, t5, 11
x30 <- 0x0015555555555000
mem[X,0x0000000080007B88] -> 0x0F13
mem[X,0x0000000080007B8A] -> 0x555F
[7911] [M]: 0x0000000080007B88 (0x555F0F13) addi t5, t5, 1365
x30 <- 0x0015555555555555
mem[X,0x0000000080007B8C] -> 0x1F13
mem[X,0x0000000080007B8E] -> 0x00AF
[7912] [M]: 0x0000000080007B8C (0x00AF1F13) slli t5, t5, 10
x30 <- 0x5555555555555400
mem[X,0x0000000080007B90] -> 0x0F13
mem[X,0x0000000080007B92] -> 0x156F
[7913] [M]: 0x0000000080007B90 (0x156F0F13) addi t5, t5, 342
x30 <- 0x5555555555555556
mem[X,0x0000000080007B94] -> 0x0EB7
mem[X,0x0000000080007B96] -> 0x0000
[7914] [M]: 0x0000000080007B94 (0x00000EB7) lui t4, 0
x29 <- 0x0000000000000000
mem[X,0x0000000080007B98] -> 0x8E93
mem[X,0x0000000080007B9A] -> 0x000E
[7915] [M]: 0x0000000080007B98 (0x000E8E93) addi t4, t4, 0
x29 <- 0x0000000000000000
mem[X,0x0000000080007B9C] -> 0x9E93
mem[X,0x0000000080007B9E] -> 0x00BE
[7916] [M]: 0x0000000080007B9C (0x00BE9E93) slli t4, t4, 11
x29 <- 0x0000000000000000
mem[X,0x0000000080007BA0] -> 0x8E93
mem[X,0x0000000080007BA2] -> 0x5A8E
[7917] [M]: 0x0000000080007BA0 (0x5A8E8E93) addi t4, t4, 1448
x29 <- 0x00000000000005A8
mem[X,0x0000000080007BA4] -> 0x9E93
mem[X,0x0000000080007BA6] -> 0x00BE
[7918] [M]: 0x0000000080007BA4 (0x00BE9E93) slli t4, t4, 11
x29 <- 0x00000000002D4000
mem[X,0x0000000080007BA8] -> 0x8E93
mem[X,0x0000000080007BAA] -> 0x13CE
[7919] [M]: 0x0000000080007BA8 (0x13CE8E93) addi t4, t4, 316
x29 <- 0x00000000002D413C
mem[X,0x0000000080007BAC] -> 0x9E93
mem[X,0x0000000080007BAE] -> 0x00AE
[7920] [M]: 0x0000000080007BAC (0x00AE9E93) slli t4, t4, 10
x29 <- 0x00000000B504F000
mem[X,0x0000000080007BB0] -> 0x8E93
mem[X,0x0000000080007BB2] -> 0x332E
[7921] [M]: 0x0000000080007BB0 (0x332E8E93) addi t4, t4, 818
x29 <- 0x00000000B504F332
mem[X,0x0000000080007BB4] -> 0x4FB3
mem[X,0x0000000080007BB6] -> 0x03DF
[7922] [M]: 0x0000000080007BB4 (0x03DF4FB3) div t6, t5, t4
x31 <- 0x0000000078ADF779
mem[X,0x0000000080007BB8] -> 0xB423
mem[X,0x0000000080007BBA] -> 0x7DF6
[7923] [M]: 0x0000000080007BB8 (0x7DF6B423) sd t6, 1992(a3)
mem[0x000000008000E348] <- 0x0000000078ADF779
mem[X,0x0000000080007BBC] -> 0x5F37
mem[X,0x0000000080007BBE] -> 0x5555
[7924] [M]: 0x0000000080007BBC (0x55555F37) lui t5, 349525
x30 <- 0x0000000055555000
mem[X,0x0000000080007BC0] -> 0x0F13
mem[X,0x0000000080007BC2] -> 0x555F
[7925] [M]: 0x0000000080007BC0 (0x555F0F13) addi t5, t5, 1365
x30 <- 0x0000000055555555
mem[X,0x0000000080007BC4] -> 0x1F13
mem[X,0x0000000080007BC6] -> 0x00BF
[7926] [M]: 0x0000000080007BC4 (0x00BF1F13) slli t5, t5, 11
x30 <- 0x000002AAAAAAA800
mem[X,0x0000000080007BC8] -> 0x0F13
mem[X,0x0000000080007BCA] -> 0x2AAF
[7927] [M]: 0x0000000080007BC8 (0x2AAF0F13) addi t5, t5, 682
x30 <- 0x000002AAAAAAAAAA
mem[X,0x0000000080007BCC] -> 0x1F13
mem[X,0x0000000080007BCE] -> 0x00BF
[7928] [M]: 0x0000000080007BCC (0x00BF1F13) slli t5, t5, 11
x30 <- 0x0015555555555000
mem[X,0x0000000080007BD0] -> 0x0F13
mem[X,0x0000000080007BD2] -> 0x555F
[7929] [M]: 0x0000000080007BD0 (0x555F0F13) addi t5, t5, 1365
x30 <- 0x0015555555555555
mem[X,0x0000000080007BD4] -> 0x1F13
mem[X,0x0000000080007BD6] -> 0x00AF
[7930] [M]: 0x0000000080007BD4 (0x00AF1F13) slli t5, t5, 10
x30 <- 0x5555555555555400
mem[X,0x0000000080007BD8] -> 0x0F13
mem[X,0x0000000080007BDA] -> 0x156F
[7931] [M]: 0x0000000080007BD8 (0x156F0F13) addi t5, t5, 342
x30 <- 0x5555555555555556
mem[X,0x0000000080007BDC] -> 0x0E93
mem[X,0x0000000080007BDE] -> 0x0040
[7932] [M]: 0x0000000080007BDC (0x00400E93) addi t4, zero, 4
x29 <- 0x0000000000000004
mem[X,0x0000000080007BE0] -> 0x4FB3
mem[X,0x0000000080007BE2] -> 0x03DF
[7933] [M]: 0x0000000080007BE0 (0x03DF4FB3) div t6, t5, t4
x31 <- 0x1555555555555555
mem[X,0x0000000080007BE4] -> 0xB823
mem[X,0x0000000080007BE6] -> 0x7DF6
[7934] [M]: 0x0000000080007BE4 (0x7DF6B823) sd t6, 2000(a3)
mem[0x000000008000E350] <- 0x1555555555555555
mem[X,0x0000000080007BE8] -> 0x5F37
mem[X,0x0000000080007BEA] -> 0x5555
[7935] [M]: 0x0000000080007BE8 (0x55555F37) lui t5, 349525
x30 <- 0x0000000055555000
mem[X,0x0000000080007BEC] -> 0x0F13
mem[X,0x0000000080007BEE] -> 0x555F
[7936] [M]: 0x0000000080007BEC (0x555F0F13) addi t5, t5, 1365
x30 <- 0x0000000055555555
mem[X,0x0000000080007BF0] -> 0x1F13
mem[X,0x0000000080007BF2] -> 0x00BF
[7937] [M]: 0x0000000080007BF0 (0x00BF1F13) slli t5, t5, 11
x30 <- 0x000002AAAAAAA800
mem[X,0x0000000080007BF4] -> 0x0F13
mem[X,0x0000000080007BF6] -> 0x2AAF
[7938] [M]: 0x0000000080007BF4 (0x2AAF0F13) addi t5, t5, 682
x30 <- 0x000002AAAAAAAAAA
mem[X,0x0000000080007BF8] -> 0x1F13
mem[X,0x0000000080007BFA] -> 0x00BF
[7939] [M]: 0x0000000080007BF8 (0x00BF1F13) slli t5, t5, 11
x30 <- 0x0015555555555000
mem[X,0x0000000080007BFC] -> 0x0F13
mem[X,0x0000000080007BFE] -> 0x555F
[7940] [M]: 0x0000000080007BFC (0x555F0F13) addi t5, t5, 1365
x30 <- 0x0015555555555555
mem[X,0x0000000080007C00] -> 0x1F13
mem[X,0x0000000080007C02] -> 0x00AF
[7941] [M]: 0x0000000080007C00 (0x00AF1F13) slli t5, t5, 10
x30 <- 0x5555555555555400
mem[X,0x0000000080007C04] -> 0x0F13
mem[X,0x0000000080007C06] -> 0x156F
[7942] [M]: 0x0000000080007C04 (0x156F0F13) addi t5, t5, 342
x30 <- 0x5555555555555556
mem[X,0x0000000080007C08] -> 0x5EB7
mem[X,0x0000000080007C0A] -> 0x5555
[7943] [M]: 0x0000000080007C08 (0x55555EB7) lui t4, 349525
x29 <- 0x0000000055555000
mem[X,0x0000000080007C0C] -> 0x8E93
mem[X,0x0000000080007C0E] -> 0x555E
[7944] [M]: 0x0000000080007C0C (0x555E8E93) addi t4, t4, 1365
x29 <- 0x0000000055555555
mem[X,0x0000000080007C10] -> 0x9E93
mem[X,0x0000000080007C12] -> 0x00BE
[7945] [M]: 0x0000000080007C10 (0x00BE9E93) slli t4, t4, 11
x29 <- 0x000002AAAAAAA800
mem[X,0x0000000080007C14] -> 0x8E93
mem[X,0x0000000080007C16] -> 0x2AAE
[7946] [M]: 0x0000000080007C14 (0x2AAE8E93) addi t4, t4, 682
x29 <- 0x000002AAAAAAAAAA
mem[X,0x0000000080007C18] -> 0x9E93
mem[X,0x0000000080007C1A] -> 0x00BE
[7947] [M]: 0x0000000080007C18 (0x00BE9E93) slli t4, t4, 11
x29 <- 0x0015555555555000
mem[X,0x0000000080007C1C] -> 0x8E93
mem[X,0x0000000080007C1E] -> 0x555E
[7948] [M]: 0x0000000080007C1C (0x555E8E93) addi t4, t4, 1365
x29 <- 0x0015555555555555
mem[X,0x0000000080007C20] -> 0x9E93
mem[X,0x0000000080007C22] -> 0x00AE
[7949] [M]: 0x0000000080007C20 (0x00AE9E93) slli t4, t4, 10
x29 <- 0x5555555555555400
mem[X,0x0000000080007C24] -> 0x8E93
mem[X,0x0000000080007C26] -> 0x156E
[7950] [M]: 0x0000000080007C24 (0x156E8E93) addi t4, t4, 342
x29 <- 0x5555555555555556
mem[X,0x0000000080007C28] -> 0x4FB3
mem[X,0x0000000080007C2A] -> 0x03DF
[7951] [M]: 0x0000000080007C28 (0x03DF4FB3) div t6, t5, t4
x31 <- 0x0000000000000001
mem[X,0x0000000080007C2C] -> 0xBC23
mem[X,0x0000000080007C2E] -> 0x7DF6
[7952] [M]: 0x0000000080007C2C (0x7DF6BC23) sd t6, 2008(a3)
mem[0x000000008000E358] <- 0x0000000000000001
mem[X,0x0000000080007C30] -> 0x5F37
mem[X,0x0000000080007C32] -> 0x5555
[7953] [M]: 0x0000000080007C30 (0x55555F37) lui t5, 349525
x30 <- 0x0000000055555000
mem[X,0x0000000080007C34] -> 0x0F13
mem[X,0x0000000080007C36] -> 0x555F
[7954] [M]: 0x0000000080007C34 (0x555F0F13) addi t5, t5, 1365
x30 <- 0x0000000055555555
mem[X,0x0000000080007C38] -> 0x1F13
mem[X,0x0000000080007C3A] -> 0x00BF
[7955] [M]: 0x0000000080007C38 (0x00BF1F13) slli t5, t5, 11
x30 <- 0x000002AAAAAAA800
mem[X,0x0000000080007C3C] -> 0x0F13
mem[X,0x0000000080007C3E] -> 0x2AAF
[7956] [M]: 0x0000000080007C3C (0x2AAF0F13) addi t5, t5, 682
x30 <- 0x000002AAAAAAAAAA
mem[X,0x0000000080007C40] -> 0x1F13
mem[X,0x0000000080007C42] -> 0x00BF
[7957] [M]: 0x0000000080007C40 (0x00BF1F13) slli t5, t5, 11
x30 <- 0x0015555555555000
mem[X,0x0000000080007C44] -> 0x0F13
mem[X,0x0000000080007C46] -> 0x555F
[7958] [M]: 0x0000000080007C44 (0x555F0F13) addi t5, t5, 1365
x30 <- 0x0015555555555555
mem[X,0x0000000080007C48] -> 0x1F13
mem[X,0x0000000080007C4A] -> 0x00AF
[7959] [M]: 0x0000000080007C48 (0x00AF1F13) slli t5, t5, 10
x30 <- 0x5555555555555400
mem[X,0x0000000080007C4C] -> 0x0F13
mem[X,0x0000000080007C4E] -> 0x156F
[7960] [M]: 0x0000000080007C4C (0x156F0F13) addi t5, t5, 342
x30 <- 0x5555555555555556
mem[X,0x0000000080007C50] -> 0xBEB7
mem[X,0x0000000080007C52] -> 0xAAAA
[7961] [M]: 0x0000000080007C50 (0xAAAABEB7) lui t4, 699051
x29 <- 0xFFFFFFFFAAAAB000
mem[X,0x0000000080007C54] -> 0x8E93
mem[X,0x0000000080007C56] -> 0xAAAE
[7962] [M]: 0x0000000080007C54 (0xAAAE8E93) addi t4, t4, 2730
x29 <- 0xFFFFFFFFAAAAAAAA
mem[X,0x0000000080007C58] -> 0x9E93
mem[X,0x0000000080007C5A] -> 0x00BE
[7963] [M]: 0x0000000080007C58 (0x00BE9E93) slli t4, t4, 11
x29 <- 0xFFFFFD5555555000
mem[X,0x0000000080007C5C] -> 0x8E93
mem[X,0x0000000080007C5E] -> 0x555E
[7964] [M]: 0x0000000080007C5C (0x555E8E93) addi t4, t4, 1365
x29 <- 0xFFFFFD5555555555
mem[X,0x0000000080007C60] -> 0x9E93
mem[X,0x0000000080007C62] -> 0x00BE
[7965] [M]: 0x0000000080007C60 (0x00BE9E93) slli t4, t4, 11
x29 <- 0xFFEAAAAAAAAAA800
mem[X,0x0000000080007C64] -> 0x8E93
mem[X,0x0000000080007C66] -> 0x2AAE
[7966] [M]: 0x0000000080007C64 (0x2AAE8E93) addi t4, t4, 682
x29 <- 0xFFEAAAAAAAAAAAAA
mem[X,0x0000000080007C68] -> 0x9E93
mem[X,0x0000000080007C6A] -> 0x00AE
[7967] [M]: 0x0000000080007C68 (0x00AE9E93) slli t4, t4, 10
x29 <- 0xAAAAAAAAAAAAA800
mem[X,0x0000000080007C6C] -> 0x8E93
mem[X,0x0000000080007C6E] -> 0x2ABE
[7968] [M]: 0x0000000080007C6C (0x2ABE8E93) addi t4, t4, 683
x29 <- 0xAAAAAAAAAAAAAAAB
mem[X,0x0000000080007C70] -> 0x4FB3
mem[X,0x0000000080007C72] -> 0x03DF
[7969] [M]: 0x0000000080007C70 (0x03DF4FB3) div t6, t5, t4
x31 <- 0xFFFFFFFFFFFFFFFF
mem[X,0x0000000080007C74] -> 0xB023
mem[X,0x0000000080007C76] -> 0x7FF6
[7970] [M]: 0x0000000080007C74 (0x7FF6B023) sd t6, 2016(a3)
mem[0x000000008000E360] <- 0xFFFFFFFFFFFFFFFF
mem[X,0x0000000080007C78] -> 0x5F37
mem[X,0x0000000080007C7A] -> 0x5555
[7971] [M]: 0x0000000080007C78 (0x55555F37) lui t5, 349525
x30 <- 0x0000000055555000
mem[X,0x0000000080007C7C] -> 0x0F13
mem[X,0x0000000080007C7E] -> 0x555F
[7972] [M]: 0x0000000080007C7C (0x555F0F13) addi t5, t5, 1365
x30 <- 0x0000000055555555
mem[X,0x0000000080007C80] -> 0x1F13
mem[X,0x0000000080007C82] -> 0x00BF
[7973] [M]: 0x0000000080007C80 (0x00BF1F13) slli t5, t5, 11
x30 <- 0x000002AAAAAAA800
mem[X,0x0000000080007C84] -> 0x0F13
mem[X,0x0000000080007C86] -> 0x2AAF
[7974] [M]: 0x0000000080007C84 (0x2AAF0F13) addi t5, t5, 682
x30 <- 0x000002AAAAAAAAAA
mem[X,0x0000000080007C88] -> 0x1F13
mem[X,0x0000000080007C8A] -> 0x00BF
[7975] [M]: 0x0000000080007C88 (0x00BF1F13) slli t5, t5, 11
x30 <- 0x0015555555555000
mem[X,0x0000000080007C8C] -> 0x0F13
mem[X,0x0000000080007C8E] -> 0x555F
[7976] [M]: 0x0000000080007C8C (0x555F0F13) addi t5, t5, 1365
x30 <- 0x0015555555555555
mem[X,0x0000000080007C90] -> 0x1F13
mem[X,0x0000000080007C92] -> 0x00AF
[7977] [M]: 0x0000000080007C90 (0x00AF1F13) slli t5, t5, 10
x30 <- 0x5555555555555400
mem[X,0x0000000080007C94] -> 0x0F13
mem[X,0x0000000080007C96] -> 0x156F
[7978] [M]: 0x0000000080007C94 (0x156F0F13) addi t5, t5, 342
x30 <- 0x5555555555555556
mem[X,0x0000000080007C98] -> 0x0E93
mem[X,0x0000000080007C9A] -> 0x0060
[7979] [M]: 0x0000000080007C98 (0x00600E93) addi t4, zero, 6
x29 <- 0x0000000000000006
mem[X,0x0000000080007C9C] -> 0x4FB3
mem[X,0x0000000080007C9E] -> 0x03DF
[7980] [M]: 0x0000000080007C9C (0x03DF4FB3) div t6, t5, t4
x31 <- 0x0E38E38E38E38E39
mem[X,0x0000000080007CA0] -> 0xB423
mem[X,0x0000000080007CA2] -> 0x7FF6
[7981] [M]: 0x0000000080007CA0 (0x7FF6B423) sd t6, 2024(a3)
mem[0x000000008000E368] <- 0x0E38E38E38E38E39
mem[X,0x0000000080007CA4] -> 0x5F37
mem[X,0x0000000080007CA6] -> 0x5555
[7982] [M]: 0x0000000080007CA4 (0x55555F37) lui t5, 349525
x30 <- 0x0000000055555000
mem[X,0x0000000080007CA8] -> 0x0F13
mem[X,0x0000000080007CAA] -> 0x555F
[7983] [M]: 0x0000000080007CA8 (0x555F0F13) addi t5, t5, 1365
x30 <- 0x0000000055555555
mem[X,0x0000000080007CAC] -> 0x1F13
mem[X,0x0000000080007CAE] -> 0x00BF
[7984] [M]: 0x0000000080007CAC (0x00BF1F13) slli t5, t5, 11
x30 <- 0x000002AAAAAAA800
mem[X,0x0000000080007CB0] -> 0x0F13
mem[X,0x0000000080007CB2] -> 0x2AAF
[7985] [M]: 0x0000000080007CB0 (0x2AAF0F13) addi t5, t5, 682
x30 <- 0x000002AAAAAAAAAA
mem[X,0x0000000080007CB4] -> 0x1F13
mem[X,0x0000000080007CB6] -> 0x00BF
[7986] [M]: 0x0000000080007CB4 (0x00BF1F13) slli t5, t5, 11
x30 <- 0x0015555555555000
mem[X,0x0000000080007CB8] -> 0x0F13
mem[X,0x0000000080007CBA] -> 0x555F
[7987] [M]: 0x0000000080007CB8 (0x555F0F13) addi t5, t5, 1365
x30 <- 0x0015555555555555
mem[X,0x0000000080007CBC] -> 0x1F13
mem[X,0x0000000080007CBE] -> 0x00AF
[7988] [M]: 0x0000000080007CBC (0x00AF1F13) slli t5, t5, 10
x30 <- 0x5555555555555400
mem[X,0x0000000080007CC0] -> 0x0F13
mem[X,0x0000000080007CC2] -> 0x156F
[7989] [M]: 0x0000000080007CC0 (0x156F0F13) addi t5, t5, 342
x30 <- 0x5555555555555556
mem[X,0x0000000080007CC4] -> 0x3EB7
mem[X,0x0000000080007CC6] -> 0x3333
[7990] [M]: 0x0000000080007CC4 (0x33333EB7) lui t4, 209715
x29 <- 0x0000000033333000
mem[X,0x0000000080007CC8] -> 0x8E93
mem[X,0x0000000080007CCA] -> 0x333E
[7991] [M]: 0x0000000080007CC8 (0x333E8E93) addi t4, t4, 819
x29 <- 0x0000000033333333
mem[X,0x0000000080007CCC] -> 0x9E93
mem[X,0x0000000080007CCE] -> 0x00BE
[7992] [M]: 0x0000000080007CCC (0x00BE9E93) slli t4, t4, 11
x29 <- 0x0000019999999800
mem[X,0x0000000080007CD0] -> 0x8E93
mem[X,0x0000000080007CD2] -> 0x199E
[7993] [M]: 0x0000000080007CD0 (0x199E8E93) addi t4, t4, 409
x29 <- 0x0000019999999999
mem[X,0x0000000080007CD4] -> 0x9E93
mem[X,0x0000000080007CD6] -> 0x00BE
[7994] [M]: 0x0000000080007CD4 (0x00BE9E93) slli t4, t4, 11
x29 <- 0x000CCCCCCCCCC800
mem[X,0x0000000080007CD8] -> 0x8E93
mem[X,0x0000000080007CDA] -> 0x4CCE
[7995] [M]: 0x0000000080007CD8 (0x4CCE8E93) addi t4, t4, 1228
x29 <- 0x000CCCCCCCCCCCCC
mem[X,0x0000000080007CDC] -> 0x9E93
mem[X,0x0000000080007CDE] -> 0x00AE
[7996] [M]: 0x0000000080007CDC (0x00AE9E93) slli t4, t4, 10
x29 <- 0x3333333333333000
mem[X,0x0000000080007CE0] -> 0x8E93
mem[X,0x0000000080007CE2] -> 0x334E
[7997] [M]: 0x0000000080007CE0 (0x334E8E93) addi t4, t4, 820
x29 <- 0x3333333333333334
mem[X,0x0000000080007CE4] -> 0x4FB3
mem[X,0x0000000080007CE6] -> 0x03DF
[7998] [M]: 0x0000000080007CE4 (0x03DF4FB3) div t6, t5, t4
x31 <- 0x0000000000000001
mem[X,0x0000000080007CE8] -> 0xB823
mem[X,0x0000000080007CEA] -> 0x7FF6
[7999] [M]: 0x0000000080007CE8 (0x7FF6B823) sd t6, 2032(a3)
mem[0x000000008000E370] <- 0x0000000000000001
clint::tick mtime <- 0x0000000000000050
 clint timer pending at mtime 0x0000000000000050
htif::tick 0x0000000000000000
mem[X,0x0000000080007CEC] -> 0x5F37
mem[X,0x0000000080007CEE] -> 0x5555
[8000] [M]: 0x0000000080007CEC (0x55555F37) lui t5, 349525
x30 <- 0x0000000055555000
mem[X,0x0000000080007CF0] -> 0x0F13
mem[X,0x0000000080007CF2] -> 0x555F
[8001] [M]: 0x0000000080007CF0 (0x555F0F13) addi t5, t5, 1365
x30 <- 0x0000000055555555
mem[X,0x0000000080007CF4] -> 0x1F13
mem[X,0x0000000080007CF6] -> 0x00BF
[8002] [M]: 0x0000000080007CF4 (0x00BF1F13) slli t5, t5, 11
x30 <- 0x000002AAAAAAA800
mem[X,0x0000000080007CF8] -> 0x0F13
mem[X,0x0000000080007CFA] -> 0x2AAF
[8003] [M]: 0x0000000080007CF8 (0x2AAF0F13) addi t5, t5, 682
x30 <- 0x000002AAAAAAAAAA
mem[X,0x0000000080007CFC] -> 0x1F13
mem[X,0x0000000080007CFE] -> 0x00BF
[8004] [M]: 0x0000000080007CFC (0x00BF1F13) slli t5, t5, 11
x30 <- 0x0015555555555000
mem[X,0x0000000080007D00] -> 0x0F13
mem[X,0x0000000080007D02] -> 0x555F
[8005] [M]: 0x0000000080007D00 (0x555F0F13) addi t5, t5, 1365
x30 <- 0x0015555555555555
mem[X,0x0000000080007D04] -> 0x1F13
mem[X,0x0000000080007D06] -> 0x00AF
[8006] [M]: 0x0000000080007D04 (0x00AF1F13) slli t5, t5, 10
x30 <- 0x5555555555555400
mem[X,0x0000000080007D08] -> 0x0F13
mem[X,0x0000000080007D0A] -> 0x156F
[8007] [M]: 0x0000000080007D08 (0x156F0F13) addi t5, t5, 342
x30 <- 0x5555555555555556
mem[X,0x0000000080007D0C] -> 0x6EB7
mem[X,0x0000000080007D0E] -> 0x6666
[8008] [M]: 0x0000000080007D0C (0x66666EB7) lui t4, 419430
x29 <- 0x0000000066666000
mem[X,0x0000000080007D10] -> 0x8E93
mem[X,0x0000000080007D12] -> 0x666E
[8009] [M]: 0x0000000080007D10 (0x666E8E93) addi t4, t4, 1638
x29 <- 0x0000000066666666
mem[X,0x0000000080007D14] -> 0x9E93
mem[X,0x0000000080007D16] -> 0x00BE
[8010] [M]: 0x0000000080007D14 (0x00BE9E93) slli t4, t4, 11
x29 <- 0x0000033333333000
mem[X,0x0000000080007D18] -> 0x8E93
mem[X,0x0000000080007D1A] -> 0x333E
[8011] [M]: 0x0000000080007D18 (0x333E8E93) addi t4, t4, 819
x29 <- 0x0000033333333333
mem[X,0x0000000080007D1C] -> 0x9E93
mem[X,0x0000000080007D1E] -> 0x00BE
[8012] [M]: 0x0000000080007D1C (0x00BE9E93) slli t4, t4, 11
x29 <- 0x0019999999999800
mem[X,0x0000000080007D20] -> 0x8E93
mem[X,0x0000000080007D22] -> 0x199E
[8013] [M]: 0x0000000080007D20 (0x199E8E93) addi t4, t4, 409
x29 <- 0x0019999999999999
mem[X,0x0000000080007D24] -> 0x9E93
mem[X,0x0000000080007D26] -> 0x00AE
[8014] [M]: 0x0000000080007D24 (0x00AE9E93) slli t4, t4, 10
x29 <- 0x6666666666666400
mem[X,0x0000000080007D28] -> 0x8E93
mem[X,0x0000000080007D2A] -> 0x267E
[8015] [M]: 0x0000000080007D28 (0x267E8E93) addi t4, t4, 615
x29 <- 0x6666666666666667
mem[X,0x0000000080007D2C] -> 0x4FB3
mem[X,0x0000000080007D2E] -> 0x03DF
[8016] [M]: 0x0000000080007D2C (0x03DF4FB3) div t6, t5, t4
x31 <- 0x0000000000000000
mem[X,0x0000000080007D30] -> 0xBC23
mem[X,0x0000000080007D32] -> 0x7FF6
[8017] [M]: 0x0000000080007D30 (0x7FF6BC23) sd t6, 2040(a3)
mem[0x000000008000E378] <- 0x0000000000000000
mem[X,0x0000000080007D34] -> 0x0013
mem[X,0x0000000080007D36] -> 0x0000
[8018] [M]: 0x0000000080007D34 (0x00000013) addi zero, zero, 0
mem[X,0x0000000080007D38] -> 0x0013
mem[X,0x0000000080007D3A] -> 0x0000
[8019] [M]: 0x0000000080007D38 (0x00000013) addi zero, zero, 0
mem[X,0x0000000080007D3C] -> 0x0013
mem[X,0x0000000080007D3E] -> 0x0000
[8020] [M]: 0x0000000080007D3C (0x00000013) addi zero, zero, 0
mem[X,0x0000000080007D40] -> 0x6697
mem[X,0x0000000080007D42] -> 0x0000
[8021] [M]: 0x0000000080007D40 (0x00006697) auipc a3, 6
x13 <- 0x000000008000DD40
mem[X,0x0000000080007D44] -> 0x8693
mem[X,0x0000000080007D46] -> 0x6406
[8022] [M]: 0x0000000080007D44 (0x64068693) addi a3, a3, 1600
x13 <- 0x000000008000E380
mem[X,0x0000000080007D48] -> 0x0013
mem[X,0x0000000080007D4A] -> 0x0000
[8023] [M]: 0x0000000080007D48 (0x00000013) addi zero, zero, 0
mem[X,0x0000000080007D4C] -> 0x0013
mem[X,0x0000000080007D4E] -> 0x0000
[8024] [M]: 0x0000000080007D4C (0x00000013) addi zero, zero, 0
mem[X,0x0000000080007D50] -> 0x0013
mem[X,0x0000000080007D52] -> 0x0000
[8025] [M]: 0x0000000080007D50 (0x00000013) addi zero, zero, 0
mem[X,0x0000000080007D54] -> 0x0013
mem[X,0x0000000080007D56] -> 0x0000
[8026] [M]: 0x0000000080007D54 (0x00000013) addi zero, zero, 0
mem[X,0x0000000080007D58] -> 0x0013
mem[X,0x0000000080007D5A] -> 0x0000
[8027] [M]: 0x0000000080007D58 (0x00000013) addi zero, zero, 0
mem[X,0x0000000080007D5C] -> 0x0013
mem[X,0x0000000080007D5E] -> 0x0000
[8028] [M]: 0x0000000080007D5C (0x00000013) addi zero, zero, 0
mem[X,0x0000000080007D60] -> 0x5F37
mem[X,0x0000000080007D62] -> 0x5555
[8029] [M]: 0x0000000080007D60 (0x55555F37) lui t5, 349525
x30 <- 0x0000000055555000
mem[X,0x0000000080007D64] -> 0x0F13
mem[X,0x0000000080007D66] -> 0x555F
[8030] [M]: 0x0000000080007D64 (0x555F0F13) addi t5, t5, 1365
x30 <- 0x0000000055555555
mem[X,0x0000000080007D68] -> 0x1F13
mem[X,0x0000000080007D6A] -> 0x00BF
[8031] [M]: 0x0000000080007D68 (0x00BF1F13) slli t5, t5, 11
x30 <- 0x000002AAAAAAA800
mem[X,0x0000000080007D6C] -> 0x0F13
mem[X,0x0000000080007D6E] -> 0x2AAF
[8032] [M]: 0x0000000080007D6C (0x2AAF0F13) addi t5, t5, 682
x30 <- 0x000002AAAAAAAAAA
mem[X,0x0000000080007D70] -> 0x1F13
mem[X,0x0000000080007D72] -> 0x00BF
[8033] [M]: 0x0000000080007D70 (0x00BF1F13) slli t5, t5, 11
x30 <- 0x0015555555555000
mem[X,0x0000000080007D74] -> 0x0F13
mem[X,0x0000000080007D76] -> 0x555F
[8034] [M]: 0x0000000080007D74 (0x555F0F13) addi t5, t5, 1365
x30 <- 0x0015555555555555
mem[X,0x0000000080007D78] -> 0x1F13
mem[X,0x0000000080007D7A] -> 0x00AF
[8035] [M]: 0x0000000080007D78 (0x00AF1F13) slli t5, t5, 10
x30 <- 0x5555555555555400
mem[X,0x0000000080007D7C] -> 0x0F13
mem[X,0x0000000080007D7E] -> 0x156F
[8036] [M]: 0x0000000080007D7C (0x156F0F13) addi t5, t5, 342
x30 <- 0x5555555555555556
mem[X,0x0000000080007D80] -> 0x0EB7
mem[X,0x0000000080007D82] -> 0x0000
[8037] [M]: 0x0000000080007D80 (0x00000EB7) lui t4, 0
x29 <- 0x0000000000000000
mem[X,0x0000000080007D84] -> 0x8E93
mem[X,0x0000000080007D86] -> 0xFFFE
[8038] [M]: 0x0000000080007D84 (0xFFFE8E93) addi t4, t4, 4095
x29 <- 0xFFFFFFFFFFFFFFFF
mem[X,0x0000000080007D88] -> 0x9E93
mem[X,0x0000000080007D8A] -> 0x00BE
[8039] [M]: 0x0000000080007D88 (0x00BE9E93) slli t4, t4, 11
x29 <- 0xFFFFFFFFFFFFF800
mem[X,0x0000000080007D8C] -> 0x8E93
mem[X,0x0000000080007D8E] -> 0x257E
[8040] [M]: 0x0000000080007D8C (0x257E8E93) addi t4, t4, 599
x29 <- 0xFFFFFFFFFFFFFA57
mem[X,0x0000000080007D90] -> 0x9E93
mem[X,0x0000000080007D92] -> 0x00BE
[8041] [M]: 0x0000000080007D90 (0x00BE9E93) slli t4, t4, 11
x29 <- 0xFFFFFFFFFFD2B800
mem[X,0x0000000080007D94] -> 0x8E93
mem[X,0x0000000080007D96] -> 0x6C3E
[8042] [M]: 0x0000000080007D94 (0x6C3E8E93) addi t4, t4, 1731
x29 <- 0xFFFFFFFFFFD2BEC3
mem[X,0x0000000080007D98] -> 0x9E93
mem[X,0x0000000080007D9A] -> 0x00AE
[8043] [M]: 0x0000000080007D98 (0x00AE9E93) slli t4, t4, 10
x29 <- 0xFFFFFFFF4AFB0C00
mem[X,0x0000000080007D9C] -> 0x8E93
mem[X,0x0000000080007D9E] -> 0x0CEE
[8044] [M]: 0x0000000080007D9C (0x0CEE8E93) addi t4, t4, 206
x29 <- 0xFFFFFFFF4AFB0CCE
mem[X,0x0000000080007DA0] -> 0x4FB3
mem[X,0x0000000080007DA2] -> 0x03DF
[8045] [M]: 0x0000000080007DA0 (0x03DF4FB3) div t6, t5, t4
x31 <- 0xFFFFFFFF87520887
mem[X,0x0000000080007DA4] -> 0xB023
mem[X,0x0000000080007DA6] -> 0x01F6
[8046] [M]: 0x0000000080007DA4 (0x01F6B023) sd t6, 0(a3)
mem[0x000000008000E380] <- 0xFFFFFFFF87520887
mem[X,0x0000000080007DA8] -> 0x5F37
mem[X,0x0000000080007DAA] -> 0x5555
[8047] [M]: 0x0000000080007DA8 (0x55555F37) lui t5, 349525
x30 <- 0x0000000055555000
mem[X,0x0000000080007DAC] -> 0x0F13
mem[X,0x0000000080007DAE] -> 0x555F
[8048] [M]: 0x0000000080007DAC (0x555F0F13) addi t5, t5, 1365
x30 <- 0x0000000055555555
mem[X,0x0000000080007DB0] -> 0x1F13
mem[X,0x0000000080007DB2] -> 0x00BF
[8049] [M]: 0x0000000080007DB0 (0x00BF1F13) slli t5, t5, 11
x30 <- 0x000002AAAAAAA800
mem[X,0x0000000080007DB4] -> 0x0F13
mem[X,0x0000000080007DB6] -> 0x2AAF
[8050] [M]: 0x0000000080007DB4 (0x2AAF0F13) addi t5, t5, 682
x30 <- 0x000002AAAAAAAAAA
mem[X,0x0000000080007DB8] -> 0x1F13
mem[X,0x0000000080007DBA] -> 0x00BF
[8051] [M]: 0x0000000080007DB8 (0x00BF1F13) slli t5, t5, 11
x30 <- 0x0015555555555000
mem[X,0x0000000080007DBC] -> 0x0F13
mem[X,0x0000000080007DBE] -> 0x555F
[8052] [M]: 0x0000000080007DBC (0x555F0F13) addi t5, t5, 1365
x30 <- 0x0015555555555555
mem[X,0x0000000080007DC0] -> 0x1F13
mem[X,0x0000000080007DC2] -> 0x00AF
[8053] [M]: 0x0000000080007DC0 (0x00AF1F13) slli t5, t5, 10
x30 <- 0x5555555555555400
mem[X,0x0000000080007DC4] -> 0x0F13
mem[X,0x0000000080007DC6] -> 0x156F
[8054] [M]: 0x0000000080007DC4 (0x156F0F13) addi t5, t5, 342
x30 <- 0x5555555555555556
mem[X,0x0000000080007DC8] -> 0x0EB7
mem[X,0x0000000080007DCA] -> 0x0000
[8055] [M]: 0x0000000080007DC8 (0x00000EB7) lui t4, 0
x29 <- 0x0000000000000000
mem[X,0x0000000080007DCC] -> 0x8E93
mem[X,0x0000000080007DCE] -> 0x000E
[8056] [M]: 0x0000000080007DCC (0x000E8E93) addi t4, t4, 0
x29 <- 0x0000000000000000
mem[X,0x0000000080007DD0] -> 0x9E93
mem[X,0x0000000080007DD2] -> 0x00BE
[8057] [M]: 0x0000000080007DD0 (0x00BE9E93) slli t4, t4, 11
x29 <- 0x0000000000000000
mem[X,0x0000000080007DD4] -> 0x8E93
mem[X,0x0000000080007DD6] -> 0x5A8E
[8058] [M]: 0x0000000080007DD4 (0x5A8E8E93) addi t4, t4, 1448
x29 <- 0x00000000000005A8
mem[X,0x0000000080007DD8] -> 0x9E93
mem[X,0x0000000080007DDA] -> 0x00BE
[8059] [M]: 0x0000000080007DD8 (0x00BE9E93) slli t4, t4, 11
x29 <- 0x00000000002D4000
mem[X,0x0000000080007DDC] -> 0x8E93
mem[X,0x0000000080007DDE] -> 0x13CE
[8060] [M]: 0x0000000080007DDC (0x13CE8E93) addi t4, t4, 316
x29 <- 0x00000000002D413C
mem[X,0x0000000080007DE0] -> 0x9E93
mem[X,0x0000000080007DE2] -> 0x00AE
[8061] [M]: 0x0000000080007DE0 (0x00AE9E93) slli t4, t4, 10
x29 <- 0x00000000B504F000
mem[X,0x0000000080007DE4] -> 0x8E93
mem[X,0x0000000080007DE6] -> 0x334E
[8062] [M]: 0x0000000080007DE4 (0x334E8E93) addi t4, t4, 820
x29 <- 0x00000000B504F334
mem[X,0x0000000080007DE8] -> 0x4FB3
mem[X,0x0000000080007DEA] -> 0x03DF
[8063] [M]: 0x0000000080007DE8 (0x03DF4FB3) div t6, t5, t4
x31 <- 0x0000000078ADF777
mem[X,0x0000000080007DEC] -> 0xB423
mem[X,0x0000000080007DEE] -> 0x01F6
[8064] [M]: 0x0000000080007DEC (0x01F6B423) sd t6, 8(a3)
mem[0x000000008000E388] <- 0x0000000078ADF777
mem[X,0x0000000080007DF0] -> 0xBF37
mem[X,0x0000000080007DF2] -> 0xAAAA
[8065] [M]: 0x0000000080007DF0 (0xAAAABF37) lui t5, 699051
x30 <- 0xFFFFFFFFAAAAB000
mem[X,0x0000000080007DF4] -> 0x0F13
mem[X,0x0000000080007DF6] -> 0xAAAF
[8066] [M]: 0x0000000080007DF4 (0xAAAF0F13) addi t5, t5, 2730
x30 <- 0xFFFFFFFFAAAAAAAA
mem[X,0x0000000080007DF8] -> 0x1F13
mem[X,0x0000000080007DFA] -> 0x00BF
[8067] [M]: 0x0000000080007DF8 (0x00BF1F13) slli t5, t5, 11
x30 <- 0xFFFFFD5555555000
mem[X,0x0000000080007DFC] -> 0x0F13
mem[X,0x0000000080007DFE] -> 0x555F
[8068] [M]: 0x0000000080007DFC (0x555F0F13) addi t5, t5, 1365
x30 <- 0xFFFFFD5555555555
mem[X,0x0000000080007E00] -> 0x1F13
mem[X,0x0000000080007E02] -> 0x00BF
[8069] [M]: 0x0000000080007E00 (0x00BF1F13) slli t5, t5, 11
x30 <- 0xFFEAAAAAAAAAA800
mem[X,0x0000000080007E04] -> 0x0F13
mem[X,0x0000000080007E06] -> 0x2AAF
[8070] [M]: 0x0000000080007E04 (0x2AAF0F13) addi t5, t5, 682
x30 <- 0xFFEAAAAAAAAAAAAA
mem[X,0x0000000080007E08] -> 0x1F13
mem[X,0x0000000080007E0A] -> 0x00AF
[8071] [M]: 0x0000000080007E08 (0x00AF1F13) slli t5, t5, 10
x30 <- 0xAAAAAAAAAAAAA800
mem[X,0x0000000080007E0C] -> 0x0F13
mem[X,0x0000000080007E0E] -> 0x2ABF
[8072] [M]: 0x0000000080007E0C (0x2ABF0F13) addi t5, t5, 683
x30 <- 0xAAAAAAAAAAAAAAAB
mem[X,0x0000000080007E10] -> 0x0E93
mem[X,0x0000000080007E12] -> 0x0030
[8073] [M]: 0x0000000080007E10 (0x00300E93) addi t4, zero, 3
x29 <- 0x0000000000000003
mem[X,0x0000000080007E14] -> 0x4FB3
mem[X,0x0000000080007E16] -> 0x03DF
[8074] [M]: 0x0000000080007E14 (0x03DF4FB3) div t6, t5, t4
x31 <- 0xE38E38E38E38E38F
mem[X,0x0000000080007E18] -> 0xB823
mem[X,0x0000000080007E1A] -> 0x01F6
[8075] [M]: 0x0000000080007E18 (0x01F6B823) sd t6, 16(a3)
mem[0x000000008000E390] <- 0xE38E38E38E38E38F
mem[X,0x0000000080007E1C] -> 0xBF37
mem[X,0x0000000080007E1E] -> 0xAAAA
[8076] [M]: 0x0000000080007E1C (0xAAAABF37) lui t5, 699051
x30 <- 0xFFFFFFFFAAAAB000
mem[X,0x0000000080007E20] -> 0x0F13
mem[X,0x0000000080007E22] -> 0xAAAF
[8077] [M]: 0x0000000080007E20 (0xAAAF0F13) addi t5, t5, 2730
x30 <- 0xFFFFFFFFAAAAAAAA
mem[X,0x0000000080007E24] -> 0x1F13
mem[X,0x0000000080007E26] -> 0x00BF
[8078] [M]: 0x0000000080007E24 (0x00BF1F13) slli t5, t5, 11
x30 <- 0xFFFFFD5555555000
mem[X,0x0000000080007E28] -> 0x0F13
mem[X,0x0000000080007E2A] -> 0x555F
[8079] [M]: 0x0000000080007E28 (0x555F0F13) addi t5, t5, 1365
x30 <- 0xFFFFFD5555555555
mem[X,0x0000000080007E2C] -> 0x1F13
mem[X,0x0000000080007E2E] -> 0x00BF
[8080] [M]: 0x0000000080007E2C (0x00BF1F13) slli t5, t5, 11
x30 <- 0xFFEAAAAAAAAAA800
mem[X,0x0000000080007E30] -> 0x0F13
mem[X,0x0000000080007E32] -> 0x2AAF
[8081] [M]: 0x0000000080007E30 (0x2AAF0F13) addi t5, t5, 682
x30 <- 0xFFEAAAAAAAAAAAAA
mem[X,0x0000000080007E34] -> 0x1F13
mem[X,0x0000000080007E36] -> 0x00AF
[8082] [M]: 0x0000000080007E34 (0x00AF1F13) slli t5, t5, 10
x30 <- 0xAAAAAAAAAAAAA800
mem[X,0x0000000080007E38] -> 0x0F13
mem[X,0x0000000080007E3A] -> 0x2ABF
[8083] [M]: 0x0000000080007E38 (0x2ABF0F13) addi t5, t5, 683
x30 <- 0xAAAAAAAAAAAAAAAB
mem[X,0x0000000080007E3C] -> 0x5EB7
mem[X,0x0000000080007E3E] -> 0x5555
[8084] [M]: 0x0000000080007E3C (0x55555EB7) lui t4, 349525
x29 <- 0x0000000055555000
mem[X,0x0000000080007E40] -> 0x8E93
mem[X,0x0000000080007E42] -> 0x555E
[8085] [M]: 0x0000000080007E40 (0x555E8E93) addi t4, t4, 1365
x29 <- 0x0000000055555555
mem[X,0x0000000080007E44] -> 0x9E93
mem[X,0x0000000080007E46] -> 0x00BE
[8086] [M]: 0x0000000080007E44 (0x00BE9E93) slli t4, t4, 11
x29 <- 0x000002AAAAAAA800
mem[X,0x0000000080007E48] -> 0x8E93
mem[X,0x0000000080007E4A] -> 0x2AAE
[8087] [M]: 0x0000000080007E48 (0x2AAE8E93) addi t4, t4, 682
x29 <- 0x000002AAAAAAAAAA
mem[X,0x0000000080007E4C] -> 0x9E93
mem[X,0x0000000080007E4E] -> 0x00BE
[8088] [M]: 0x0000000080007E4C (0x00BE9E93) slli t4, t4, 11
x29 <- 0x0015555555555000
mem[X,0x0000000080007E50] -> 0x8E93
mem[X,0x0000000080007E52] -> 0x555E
[8089] [M]: 0x0000000080007E50 (0x555E8E93) addi t4, t4, 1365
x29 <- 0x0015555555555555
mem[X,0x0000000080007E54] -> 0x9E93
mem[X,0x0000000080007E56] -> 0x00AE
[8090] [M]: 0x0000000080007E54 (0x00AE9E93) slli t4, t4, 10
x29 <- 0x5555555555555400
mem[X,0x0000000080007E58] -> 0x8E93
mem[X,0x0000000080007E5A] -> 0x155E
[8091] [M]: 0x0000000080007E58 (0x155E8E93) addi t4, t4, 341
x29 <- 0x5555555555555555
mem[X,0x0000000080007E5C] -> 0x4FB3
mem[X,0x0000000080007E5E] -> 0x03DF
[8092] [M]: 0x0000000080007E5C (0x03DF4FB3) div t6, t5, t4
x31 <- 0xFFFFFFFFFFFFFFFF
mem[X,0x0000000080007E60] -> 0xBC23
mem[X,0x0000000080007E62] -> 0x01F6
[8093] [M]: 0x0000000080007E60 (0x01F6BC23) sd t6, 24(a3)
mem[0x000000008000E398] <- 0xFFFFFFFFFFFFFFFF
mem[X,0x0000000080007E64] -> 0xBF37
mem[X,0x0000000080007E66] -> 0xAAAA
[8094] [M]: 0x0000000080007E64 (0xAAAABF37) lui t5, 699051
x30 <- 0xFFFFFFFFAAAAB000
mem[X,0x0000000080007E68] -> 0x0F13
mem[X,0x0000000080007E6A] -> 0xAAAF
[8095] [M]: 0x0000000080007E68 (0xAAAF0F13) addi t5, t5, 2730
x30 <- 0xFFFFFFFFAAAAAAAA
mem[X,0x0000000080007E6C] -> 0x1F13
mem[X,0x0000000080007E6E] -> 0x00BF
[8096] [M]: 0x0000000080007E6C (0x00BF1F13) slli t5, t5, 11
x30 <- 0xFFFFFD5555555000
mem[X,0x0000000080007E70] -> 0x0F13
mem[X,0x0000000080007E72] -> 0x555F
[8097] [M]: 0x0000000080007E70 (0x555F0F13) addi t5, t5, 1365
x30 <- 0xFFFFFD5555555555
mem[X,0x0000000080007E74] -> 0x1F13
mem[X,0x0000000080007E76] -> 0x00BF
[8098] [M]: 0x0000000080007E74 (0x00BF1F13) slli t5, t5, 11
x30 <- 0xFFEAAAAAAAAAA800
mem[X,0x0000000080007E78] -> 0x0F13
mem[X,0x0000000080007E7A] -> 0x2AAF
[8099] [M]: 0x0000000080007E78 (0x2AAF0F13) addi t5, t5, 682
x30 <- 0xFFEAAAAAAAAAAAAA
clint::tick mtime <- 0x0000000000000051
 clint timer pending at mtime 0x0000000000000051
htif::tick 0x0000000000000000
mem[X,0x0000000080007E7C] -> 0x1F13
mem[X,0x0000000080007E7E] -> 0x00AF
[8100] [M]: 0x0000000080007E7C (0x00AF1F13) slli t5, t5, 10
x30 <- 0xAAAAAAAAAAAAA800
mem[X,0x0000000080007E80] -> 0x0F13
mem[X,0x0000000080007E82] -> 0x2ABF
[8101] [M]: 0x0000000080007E80 (0x2ABF0F13) addi t5, t5, 683
x30 <- 0xAAAAAAAAAAAAAAAB
mem[X,0x0000000080007E84] -> 0xBEB7
mem[X,0x0000000080007E86] -> 0xAAAA
[8102] [M]: 0x0000000080007E84 (0xAAAABEB7) lui t4, 699051
x29 <- 0xFFFFFFFFAAAAB000
mem[X,0x0000000080007E88] -> 0x8E93
mem[X,0x0000000080007E8A] -> 0xAAAE
[8103] [M]: 0x0000000080007E88 (0xAAAE8E93) addi t4, t4, 2730
x29 <- 0xFFFFFFFFAAAAAAAA
mem[X,0x0000000080007E8C] -> 0x9E93
mem[X,0x0000000080007E8E] -> 0x00BE
[8104] [M]: 0x0000000080007E8C (0x00BE9E93) slli t4, t4, 11
x29 <- 0xFFFFFD5555555000
mem[X,0x0000000080007E90] -> 0x8E93
mem[X,0x0000000080007E92] -> 0x555E
[8105] [M]: 0x0000000080007E90 (0x555E8E93) addi t4, t4, 1365
x29 <- 0xFFFFFD5555555555
mem[X,0x0000000080007E94] -> 0x9E93
mem[X,0x0000000080007E96] -> 0x00BE
[8106] [M]: 0x0000000080007E94 (0x00BE9E93) slli t4, t4, 11
x29 <- 0xFFEAAAAAAAAAA800
mem[X,0x0000000080007E98] -> 0x8E93
mem[X,0x0000000080007E9A] -> 0x2AAE
[8107] [M]: 0x0000000080007E98 (0x2AAE8E93) addi t4, t4, 682
x29 <- 0xFFEAAAAAAAAAAAAA
mem[X,0x0000000080007E9C] -> 0x9E93
mem[X,0x0000000080007E9E] -> 0x00AE
[8108] [M]: 0x0000000080007E9C (0x00AE9E93) slli t4, t4, 10
x29 <- 0xAAAAAAAAAAAAA800
mem[X,0x0000000080007EA0] -> 0x8E93
mem[X,0x0000000080007EA2] -> 0x2AAE
[8109] [M]: 0x0000000080007EA0 (0x2AAE8E93) addi t4, t4, 682
x29 <- 0xAAAAAAAAAAAAAAAA
mem[X,0x0000000080007EA4] -> 0x4FB3
mem[X,0x0000000080007EA6] -> 0x03DF
[8110] [M]: 0x0000000080007EA4 (0x03DF4FB3) div t6, t5, t4
x31 <- 0x0000000000000000
mem[X,0x0000000080007EA8] -> 0xB023
mem[X,0x0000000080007EAA] -> 0x03F6
[8111] [M]: 0x0000000080007EA8 (0x03F6B023) sd t6, 32(a3)
mem[0x000000008000E3A0] <- 0x0000000000000000
mem[X,0x0000000080007EAC] -> 0xBF37
mem[X,0x0000000080007EAE] -> 0xAAAA
[8112] [M]: 0x0000000080007EAC (0xAAAABF37) lui t5, 699051
x30 <- 0xFFFFFFFFAAAAB000
mem[X,0x0000000080007EB0] -> 0x0F13
mem[X,0x0000000080007EB2] -> 0xAAAF
[8113] [M]: 0x0000000080007EB0 (0xAAAF0F13) addi t5, t5, 2730
x30 <- 0xFFFFFFFFAAAAAAAA
mem[X,0x0000000080007EB4] -> 0x1F13
mem[X,0x0000000080007EB6] -> 0x00BF
[8114] [M]: 0x0000000080007EB4 (0x00BF1F13) slli t5, t5, 11
x30 <- 0xFFFFFD5555555000
mem[X,0x0000000080007EB8] -> 0x0F13
mem[X,0x0000000080007EBA] -> 0x555F
[8115] [M]: 0x0000000080007EB8 (0x555F0F13) addi t5, t5, 1365
x30 <- 0xFFFFFD5555555555
mem[X,0x0000000080007EBC] -> 0x1F13
mem[X,0x0000000080007EBE] -> 0x00BF
[8116] [M]: 0x0000000080007EBC (0x00BF1F13) slli t5, t5, 11
x30 <- 0xFFEAAAAAAAAAA800
mem[X,0x0000000080007EC0] -> 0x0F13
mem[X,0x0000000080007EC2] -> 0x2AAF
[8117] [M]: 0x0000000080007EC0 (0x2AAF0F13) addi t5, t5, 682
x30 <- 0xFFEAAAAAAAAAAAAA
mem[X,0x0000000080007EC4] -> 0x1F13
mem[X,0x0000000080007EC6] -> 0x00AF
[8118] [M]: 0x0000000080007EC4 (0x00AF1F13) slli t5, t5, 10
x30 <- 0xAAAAAAAAAAAAA800
mem[X,0x0000000080007EC8] -> 0x0F13
mem[X,0x0000000080007ECA] -> 0x2ABF
[8119] [M]: 0x0000000080007EC8 (0x2ABF0F13) addi t5, t5, 683
x30 <- 0xAAAAAAAAAAAAAAAB
mem[X,0x0000000080007ECC] -> 0x0E93
mem[X,0x0000000080007ECE] -> 0x0050
[8120] [M]: 0x0000000080007ECC (0x00500E93) addi t4, zero, 5
x29 <- 0x0000000000000005
mem[X,0x0000000080007ED0] -> 0x4FB3
mem[X,0x0000000080007ED2] -> 0x03DF
[8121] [M]: 0x0000000080007ED0 (0x03DF4FB3) div t6, t5, t4
x31 <- 0xEEEEEEEEEEEEEEEF
mem[X,0x0000000080007ED4] -> 0xB423
mem[X,0x0000000080007ED6] -> 0x03F6
[8122] [M]: 0x0000000080007ED4 (0x03F6B423) sd t6, 40(a3)
mem[0x000000008000E3A8] <- 0xEEEEEEEEEEEEEEEF
mem[X,0x0000000080007ED8] -> 0xBF37
mem[X,0x0000000080007EDA] -> 0xAAAA
[8123] [M]: 0x0000000080007ED8 (0xAAAABF37) lui t5, 699051
x30 <- 0xFFFFFFFFAAAAB000
mem[X,0x0000000080007EDC] -> 0x0F13
mem[X,0x0000000080007EDE] -> 0xAAAF
[8124] [M]: 0x0000000080007EDC (0xAAAF0F13) addi t5, t5, 2730
x30 <- 0xFFFFFFFFAAAAAAAA
mem[X,0x0000000080007EE0] -> 0x1F13
mem[X,0x0000000080007EE2] -> 0x00BF
[8125] [M]: 0x0000000080007EE0 (0x00BF1F13) slli t5, t5, 11
x30 <- 0xFFFFFD5555555000
mem[X,0x0000000080007EE4] -> 0x0F13
mem[X,0x0000000080007EE6] -> 0x555F
[8126] [M]: 0x0000000080007EE4 (0x555F0F13) addi t5, t5, 1365
x30 <- 0xFFFFFD5555555555
mem[X,0x0000000080007EE8] -> 0x1F13
mem[X,0x0000000080007EEA] -> 0x00BF
[8127] [M]: 0x0000000080007EE8 (0x00BF1F13) slli t5, t5, 11
x30 <- 0xFFEAAAAAAAAAA800
mem[X,0x0000000080007EEC] -> 0x0F13
mem[X,0x0000000080007EEE] -> 0x2AAF
[8128] [M]: 0x0000000080007EEC (0x2AAF0F13) addi t5, t5, 682
x30 <- 0xFFEAAAAAAAAAAAAA
mem[X,0x0000000080007EF0] -> 0x1F13
mem[X,0x0000000080007EF2] -> 0x00AF
[8129] [M]: 0x0000000080007EF0 (0x00AF1F13) slli t5, t5, 10
x30 <- 0xAAAAAAAAAAAAA800
mem[X,0x0000000080007EF4] -> 0x0F13
mem[X,0x0000000080007EF6] -> 0x2ABF
[8130] [M]: 0x0000000080007EF4 (0x2ABF0F13) addi t5, t5, 683
x30 <- 0xAAAAAAAAAAAAAAAB
mem[X,0x0000000080007EF8] -> 0x3EB7
mem[X,0x0000000080007EFA] -> 0x3333
[8131] [M]: 0x0000000080007EF8 (0x33333EB7) lui t4, 209715
x29 <- 0x0000000033333000
mem[X,0x0000000080007EFC] -> 0x8E93
mem[X,0x0000000080007EFE] -> 0x333E
[8132] [M]: 0x0000000080007EFC (0x333E8E93) addi t4, t4, 819
x29 <- 0x0000000033333333
mem[X,0x0000000080007F00] -> 0x9E93
mem[X,0x0000000080007F02] -> 0x00BE
[8133] [M]: 0x0000000080007F00 (0x00BE9E93) slli t4, t4, 11
x29 <- 0x0000019999999800
mem[X,0x0000000080007F04] -> 0x8E93
mem[X,0x0000000080007F06] -> 0x199E
[8134] [M]: 0x0000000080007F04 (0x199E8E93) addi t4, t4, 409
x29 <- 0x0000019999999999
mem[X,0x0000000080007F08] -> 0x9E93
mem[X,0x0000000080007F0A] -> 0x00BE
[8135] [M]: 0x0000000080007F08 (0x00BE9E93) slli t4, t4, 11
x29 <- 0x000CCCCCCCCCC800
mem[X,0x0000000080007F0C] -> 0x8E93
mem[X,0x0000000080007F0E] -> 0x4CCE
[8136] [M]: 0x0000000080007F0C (0x4CCE8E93) addi t4, t4, 1228
x29 <- 0x000CCCCCCCCCCCCC
mem[X,0x0000000080007F10] -> 0x9E93
mem[X,0x0000000080007F12] -> 0x00AE
[8137] [M]: 0x0000000080007F10 (0x00AE9E93) slli t4, t4, 10
x29 <- 0x3333333333333000
mem[X,0x0000000080007F14] -> 0x8E93
mem[X,0x0000000080007F16] -> 0x333E
[8138] [M]: 0x0000000080007F14 (0x333E8E93) addi t4, t4, 819
x29 <- 0x3333333333333333
mem[X,0x0000000080007F18] -> 0x4FB3
mem[X,0x0000000080007F1A] -> 0x03DF
[8139] [M]: 0x0000000080007F18 (0x03DF4FB3) div t6, t5, t4
x31 <- 0xFFFFFFFFFFFFFFFF
mem[X,0x0000000080007F1C] -> 0xB823
mem[X,0x0000000080007F1E] -> 0x03F6
[8140] [M]: 0x0000000080007F1C (0x03F6B823) sd t6, 48(a3)
mem[0x000000008000E3B0] <- 0xFFFFFFFFFFFFFFFF
mem[X,0x0000000080007F20] -> 0xBF37
mem[X,0x0000000080007F22] -> 0xAAAA
[8141] [M]: 0x0000000080007F20 (0xAAAABF37) lui t5, 699051
x30 <- 0xFFFFFFFFAAAAB000
mem[X,0x0000000080007F24] -> 0x0F13
mem[X,0x0000000080007F26] -> 0xAAAF
[8142] [M]: 0x0000000080007F24 (0xAAAF0F13) addi t5, t5, 2730
x30 <- 0xFFFFFFFFAAAAAAAA
mem[X,0x0000000080007F28] -> 0x1F13
mem[X,0x0000000080007F2A] -> 0x00BF
[8143] [M]: 0x0000000080007F28 (0x00BF1F13) slli t5, t5, 11
x30 <- 0xFFFFFD5555555000
mem[X,0x0000000080007F2C] -> 0x0F13
mem[X,0x0000000080007F2E] -> 0x555F
[8144] [M]: 0x0000000080007F2C (0x555F0F13) addi t5, t5, 1365
x30 <- 0xFFFFFD5555555555
mem[X,0x0000000080007F30] -> 0x1F13
mem[X,0x0000000080007F32] -> 0x00BF
[8145] [M]: 0x0000000080007F30 (0x00BF1F13) slli t5, t5, 11
x30 <- 0xFFEAAAAAAAAAA800
mem[X,0x0000000080007F34] -> 0x0F13
mem[X,0x0000000080007F36] -> 0x2AAF
[8146] [M]: 0x0000000080007F34 (0x2AAF0F13) addi t5, t5, 682
x30 <- 0xFFEAAAAAAAAAAAAA
mem[X,0x0000000080007F38] -> 0x1F13
mem[X,0x0000000080007F3A] -> 0x00AF
[8147] [M]: 0x0000000080007F38 (0x00AF1F13) slli t5, t5, 10
x30 <- 0xAAAAAAAAAAAAA800
mem[X,0x0000000080007F3C] -> 0x0F13
mem[X,0x0000000080007F3E] -> 0x2ABF
[8148] [M]: 0x0000000080007F3C (0x2ABF0F13) addi t5, t5, 683
x30 <- 0xAAAAAAAAAAAAAAAB
mem[X,0x0000000080007F40] -> 0x6EB7
mem[X,0x0000000080007F42] -> 0x6666
[8149] [M]: 0x0000000080007F40 (0x66666EB7) lui t4, 419430
x29 <- 0x0000000066666000
mem[X,0x0000000080007F44] -> 0x8E93
mem[X,0x0000000080007F46] -> 0x666E
[8150] [M]: 0x0000000080007F44 (0x666E8E93) addi t4, t4, 1638
x29 <- 0x0000000066666666
mem[X,0x0000000080007F48] -> 0x9E93
mem[X,0x0000000080007F4A] -> 0x00BE
[8151] [M]: 0x0000000080007F48 (0x00BE9E93) slli t4, t4, 11
x29 <- 0x0000033333333000
mem[X,0x0000000080007F4C] -> 0x8E93
mem[X,0x0000000080007F4E] -> 0x333E
[8152] [M]: 0x0000000080007F4C (0x333E8E93) addi t4, t4, 819
x29 <- 0x0000033333333333
mem[X,0x0000000080007F50] -> 0x9E93
mem[X,0x0000000080007F52] -> 0x00BE
[8153] [M]: 0x0000000080007F50 (0x00BE9E93) slli t4, t4, 11
x29 <- 0x0019999999999800
mem[X,0x0000000080007F54] -> 0x8E93
mem[X,0x0000000080007F56] -> 0x199E
[8154] [M]: 0x0000000080007F54 (0x199E8E93) addi t4, t4, 409
x29 <- 0x0019999999999999
mem[X,0x0000000080007F58] -> 0x9E93
mem[X,0x0000000080007F5A] -> 0x00AE
[8155] [M]: 0x0000000080007F58 (0x00AE9E93) slli t4, t4, 10
x29 <- 0x6666666666666400
mem[X,0x0000000080007F5C] -> 0x8E93
mem[X,0x0000000080007F5E] -> 0x266E
[8156] [M]: 0x0000000080007F5C (0x266E8E93) addi t4, t4, 614
x29 <- 0x6666666666666666
mem[X,0x0000000080007F60] -> 0x4FB3
mem[X,0x0000000080007F62] -> 0x03DF
[8157] [M]: 0x0000000080007F60 (0x03DF4FB3) div t6, t5, t4
x31 <- 0x0000000000000000
mem[X,0x0000000080007F64] -> 0xBC23
mem[X,0x0000000080007F66] -> 0x03F6
[8158] [M]: 0x0000000080007F64 (0x03F6BC23) sd t6, 56(a3)
mem[0x000000008000E3B8] <- 0x0000000000000000
mem[X,0x0000000080007F68] -> 0xBF37
mem[X,0x0000000080007F6A] -> 0xAAAA
[8159] [M]: 0x0000000080007F68 (0xAAAABF37) lui t5, 699051
x30 <- 0xFFFFFFFFAAAAB000
mem[X,0x0000000080007F6C] -> 0x0F13
mem[X,0x0000000080007F6E] -> 0xAAAF
[8160] [M]: 0x0000000080007F6C (0xAAAF0F13) addi t5, t5, 2730
x30 <- 0xFFFFFFFFAAAAAAAA
mem[X,0x0000000080007F70] -> 0x1F13
mem[X,0x0000000080007F72] -> 0x00BF
[8161] [M]: 0x0000000080007F70 (0x00BF1F13) slli t5, t5, 11
x30 <- 0xFFFFFD5555555000
mem[X,0x0000000080007F74] -> 0x0F13
mem[X,0x0000000080007F76] -> 0x555F
[8162] [M]: 0x0000000080007F74 (0x555F0F13) addi t5, t5, 1365
x30 <- 0xFFFFFD5555555555
mem[X,0x0000000080007F78] -> 0x1F13
mem[X,0x0000000080007F7A] -> 0x00BF
[8163] [M]: 0x0000000080007F78 (0x00BF1F13) slli t5, t5, 11
x30 <- 0xFFEAAAAAAAAAA800
mem[X,0x0000000080007F7C] -> 0x0F13
mem[X,0x0000000080007F7E] -> 0x2AAF
[8164] [M]: 0x0000000080007F7C (0x2AAF0F13) addi t5, t5, 682
x30 <- 0xFFEAAAAAAAAAAAAA
mem[X,0x0000000080007F80] -> 0x1F13
mem[X,0x0000000080007F82] -> 0x00AF
[8165] [M]: 0x0000000080007F80 (0x00AF1F13) slli t5, t5, 10
x30 <- 0xAAAAAAAAAAAAA800
mem[X,0x0000000080007F84] -> 0x0F13
mem[X,0x0000000080007F86] -> 0x2ABF
[8166] [M]: 0x0000000080007F84 (0x2ABF0F13) addi t5, t5, 683
x30 <- 0xAAAAAAAAAAAAAAAB
mem[X,0x0000000080007F88] -> 0x0EB7
mem[X,0x0000000080007F8A] -> 0x0000
[8167] [M]: 0x0000000080007F88 (0x00000EB7) lui t4, 0
x29 <- 0x0000000000000000
mem[X,0x0000000080007F8C] -> 0x8E93
mem[X,0x0000000080007F8E] -> 0xFFFE
[8168] [M]: 0x0000000080007F8C (0xFFFE8E93) addi t4, t4, 4095
x29 <- 0xFFFFFFFFFFFFFFFF
mem[X,0x0000000080007F90] -> 0x9E93
mem[X,0x0000000080007F92] -> 0x00BE
[8169] [M]: 0x0000000080007F90 (0x00BE9E93) slli t4, t4, 11
x29 <- 0xFFFFFFFFFFFFF800
mem[X,0x0000000080007F94] -> 0x8E93
mem[X,0x0000000080007F96] -> 0x257E
[8170] [M]: 0x0000000080007F94 (0x257E8E93) addi t4, t4, 599
x29 <- 0xFFFFFFFFFFFFFA57
mem[X,0x0000000080007F98] -> 0x9E93
mem[X,0x0000000080007F9A] -> 0x00BE
[8171] [M]: 0x0000000080007F98 (0x00BE9E93) slli t4, t4, 11
x29 <- 0xFFFFFFFFFFD2B800
mem[X,0x0000000080007F9C] -> 0x8E93
mem[X,0x0000000080007F9E] -> 0x6C3E
[8172] [M]: 0x0000000080007F9C (0x6C3E8E93) addi t4, t4, 1731
x29 <- 0xFFFFFFFFFFD2BEC3
mem[X,0x0000000080007FA0] -> 0x9E93
mem[X,0x0000000080007FA2] -> 0x00AE
[8173] [M]: 0x0000000080007FA0 (0x00AE9E93) slli t4, t4, 10
x29 <- 0xFFFFFFFF4AFB0C00
mem[X,0x0000000080007FA4] -> 0x8E93
mem[X,0x0000000080007FA6] -> 0x0CDE
[8174] [M]: 0x0000000080007FA4 (0x0CDE8E93) addi t4, t4, 205
x29 <- 0xFFFFFFFF4AFB0CCD
mem[X,0x0000000080007FA8] -> 0x4FB3
mem[X,0x0000000080007FAA] -> 0x03DF
[8175] [M]: 0x0000000080007FA8 (0x03DF4FB3) div t6, t5, t4
x31 <- 0x0000000078ADF778
mem[X,0x0000000080007FAC] -> 0xB023
mem[X,0x0000000080007FAE] -> 0x05F6
[8176] [M]: 0x0000000080007FAC (0x05F6B023) sd t6, 64(a3)
mem[0x000000008000E3C0] <- 0x0000000078ADF778
mem[X,0x0000000080007FB0] -> 0xBF37
mem[X,0x0000000080007FB2] -> 0xAAAA
[8177] [M]: 0x0000000080007FB0 (0xAAAABF37) lui t5, 699051
x30 <- 0xFFFFFFFFAAAAB000
mem[X,0x0000000080007FB4] -> 0x0F13
mem[X,0x0000000080007FB6] -> 0xAAAF
[8178] [M]: 0x0000000080007FB4 (0xAAAF0F13) addi t5, t5, 2730
x30 <- 0xFFFFFFFFAAAAAAAA
mem[X,0x0000000080007FB8] -> 0x1F13
mem[X,0x0000000080007FBA] -> 0x00BF
[8179] [M]: 0x0000000080007FB8 (0x00BF1F13) slli t5, t5, 11
x30 <- 0xFFFFFD5555555000
mem[X,0x0000000080007FBC] -> 0x0F13
mem[X,0x0000000080007FBE] -> 0x555F
[8180] [M]: 0x0000000080007FBC (0x555F0F13) addi t5, t5, 1365
x30 <- 0xFFFFFD5555555555
mem[X,0x0000000080007FC0] -> 0x1F13
mem[X,0x0000000080007FC2] -> 0x00BF
[8181] [M]: 0x0000000080007FC0 (0x00BF1F13) slli t5, t5, 11
x30 <- 0xFFEAAAAAAAAAA800
mem[X,0x0000000080007FC4] -> 0x0F13
mem[X,0x0000000080007FC6] -> 0x2AAF
[8182] [M]: 0x0000000080007FC4 (0x2AAF0F13) addi t5, t5, 682
x30 <- 0xFFEAAAAAAAAAAAAA
mem[X,0x0000000080007FC8] -> 0x1F13
mem[X,0x0000000080007FCA] -> 0x00AF
[8183] [M]: 0x0000000080007FC8 (0x00AF1F13) slli t5, t5, 10
x30 <- 0xAAAAAAAAAAAAA800
mem[X,0x0000000080007FCC] -> 0x0F13
mem[X,0x0000000080007FCE] -> 0x2ABF
[8184] [M]: 0x0000000080007FCC (0x2ABF0F13) addi t5, t5, 683
x30 <- 0xAAAAAAAAAAAAAAAB
mem[X,0x0000000080007FD0] -> 0x0EB7
mem[X,0x0000000080007FD2] -> 0x0000
[8185] [M]: 0x0000000080007FD0 (0x00000EB7) lui t4, 0
x29 <- 0x0000000000000000
mem[X,0x0000000080007FD4] -> 0x8E93
mem[X,0x0000000080007FD6] -> 0x000E
[8186] [M]: 0x0000000080007FD4 (0x000E8E93) addi t4, t4, 0
x29 <- 0x0000000000000000
mem[X,0x0000000080007FD8] -> 0x9E93
mem[X,0x0000000080007FDA] -> 0x00BE
[8187] [M]: 0x0000000080007FD8 (0x00BE9E93) slli t4, t4, 11
x29 <- 0x0000000000000000
mem[X,0x0000000080007FDC] -> 0x8E93
mem[X,0x0000000080007FDE] -> 0x5A8E
[8188] [M]: 0x0000000080007FDC (0x5A8E8E93) addi t4, t4, 1448
x29 <- 0x00000000000005A8
mem[X,0x0000000080007FE0] -> 0x9E93
mem[X,0x0000000080007FE2] -> 0x00BE
[8189] [M]: 0x0000000080007FE0 (0x00BE9E93) slli t4, t4, 11
x29 <- 0x00000000002D4000
mem[X,0x0000000080007FE4] -> 0x8E93
mem[X,0x0000000080007FE6] -> 0x13CE
[8190] [M]: 0x0000000080007FE4 (0x13CE8E93) addi t4, t4, 316
x29 <- 0x00000000002D413C
mem[X,0x0000000080007FE8] -> 0x9E93
mem[X,0x0000000080007FEA] -> 0x00AE
[8191] [M]: 0x0000000080007FE8 (0x00AE9E93) slli t4, t4, 10
x29 <- 0x00000000B504F000
mem[X,0x0000000080007FEC] -> 0x8E93
mem[X,0x0000000080007FEE] -> 0x333E
[8192] [M]: 0x0000000080007FEC (0x333E8E93) addi t4, t4, 819
x29 <- 0x00000000B504F333
mem[X,0x0000000080007FF0] -> 0x4FB3
mem[X,0x0000000080007FF2] -> 0x03DF
[8193] [M]: 0x0000000080007FF0 (0x03DF4FB3) div t6, t5, t4
x31 <- 0xFFFFFFFF87520888
mem[X,0x0000000080007FF4] -> 0xB423
mem[X,0x0000000080007FF6] -> 0x05F6
[8194] [M]: 0x0000000080007FF4 (0x05F6B423) sd t6, 72(a3)
mem[0x000000008000E3C8] <- 0xFFFFFFFF87520888
mem[X,0x0000000080007FF8] -> 0xBF37
mem[X,0x0000000080007FFA] -> 0xAAAA
[8195] [M]: 0x0000000080007FF8 (0xAAAABF37) lui t5, 699051
x30 <- 0xFFFFFFFFAAAAB000
mem[X,0x0000000080007FFC] -> 0x0F13
mem[X,0x0000000080007FFE] -> 0xAAAF
[8196] [M]: 0x0000000080007FFC (0xAAAF0F13) addi t5, t5, 2730
x30 <- 0xFFFFFFFFAAAAAAAA
mem[X,0x0000000080008000] -> 0x1F13
mem[X,0x0000000080008002] -> 0x00BF
[8197] [M]: 0x0000000080008000 (0x00BF1F13) slli t5, t5, 11
x30 <- 0xFFFFFD5555555000
mem[X,0x0000000080008004] -> 0x0F13
mem[X,0x0000000080008006] -> 0x555F
[8198] [M]: 0x0000000080008004 (0x555F0F13) addi t5, t5, 1365
x30 <- 0xFFFFFD5555555555
mem[X,0x0000000080008008] -> 0x1F13
mem[X,0x000000008000800A] -> 0x00BF
[8199] [M]: 0x0000000080008008 (0x00BF1F13) slli t5, t5, 11
x30 <- 0xFFEAAAAAAAAAA800
clint::tick mtime <- 0x0000000000000052
 clint timer pending at mtime 0x0000000000000052
htif::tick 0x0000000000000000
mem[X,0x000000008000800C] -> 0x0F13
mem[X,0x000000008000800E] -> 0x2AAF
[8200] [M]: 0x000000008000800C (0x2AAF0F13) addi t5, t5, 682
x30 <- 0xFFEAAAAAAAAAAAAA
mem[X,0x0000000080008010] -> 0x1F13
mem[X,0x0000000080008012] -> 0x00AF
[8201] [M]: 0x0000000080008010 (0x00AF1F13) slli t5, t5, 10
x30 <- 0xAAAAAAAAAAAAA800
mem[X,0x0000000080008014] -> 0x0F13
mem[X,0x0000000080008016] -> 0x2ABF
[8202] [M]: 0x0000000080008014 (0x2ABF0F13) addi t5, t5, 683
x30 <- 0xAAAAAAAAAAAAAAAB
mem[X,0x0000000080008018] -> 0x0E93
mem[X,0x000000008000801A] -> 0x0020
[8203] [M]: 0x0000000080008018 (0x00200E93) addi t4, zero, 2
x29 <- 0x0000000000000002
mem[X,0x000000008000801C] -> 0x4FB3
mem[X,0x000000008000801E] -> 0x03DF
[8204] [M]: 0x000000008000801C (0x03DF4FB3) div t6, t5, t4
x31 <- 0xD555555555555556
mem[X,0x0000000080008020] -> 0xB823
mem[X,0x0000000080008022] -> 0x05F6
[8205] [M]: 0x0000000080008020 (0x05F6B823) sd t6, 80(a3)
mem[0x000000008000E3D0] <- 0xD555555555555556
mem[X,0x0000000080008024] -> 0xBF37
mem[X,0x0000000080008026] -> 0xAAAA
[8206] [M]: 0x0000000080008024 (0xAAAABF37) lui t5, 699051
x30 <- 0xFFFFFFFFAAAAB000
mem[X,0x0000000080008028] -> 0x0F13
mem[X,0x000000008000802A] -> 0xAAAF
[8207] [M]: 0x0000000080008028 (0xAAAF0F13) addi t5, t5, 2730
x30 <- 0xFFFFFFFFAAAAAAAA
mem[X,0x000000008000802C] -> 0x1F13
mem[X,0x000000008000802E] -> 0x00BF
[8208] [M]: 0x000000008000802C (0x00BF1F13) slli t5, t5, 11
x30 <- 0xFFFFFD5555555000
mem[X,0x0000000080008030] -> 0x0F13
mem[X,0x0000000080008032] -> 0x555F
[8209] [M]: 0x0000000080008030 (0x555F0F13) addi t5, t5, 1365
x30 <- 0xFFFFFD5555555555
mem[X,0x0000000080008034] -> 0x1F13
mem[X,0x0000000080008036] -> 0x00BF
[8210] [M]: 0x0000000080008034 (0x00BF1F13) slli t5, t5, 11
x30 <- 0xFFEAAAAAAAAAA800
mem[X,0x0000000080008038] -> 0x0F13
mem[X,0x000000008000803A] -> 0x2AAF
[8211] [M]: 0x0000000080008038 (0x2AAF0F13) addi t5, t5, 682
x30 <- 0xFFEAAAAAAAAAAAAA
mem[X,0x000000008000803C] -> 0x1F13
mem[X,0x000000008000803E] -> 0x00AF
[8212] [M]: 0x000000008000803C (0x00AF1F13) slli t5, t5, 10
x30 <- 0xAAAAAAAAAAAAA800
mem[X,0x0000000080008040] -> 0x0F13
mem[X,0x0000000080008042] -> 0x2ABF
[8213] [M]: 0x0000000080008040 (0x2ABF0F13) addi t5, t5, 683
x30 <- 0xAAAAAAAAAAAAAAAB
mem[X,0x0000000080008044] -> 0x5EB7
mem[X,0x0000000080008046] -> 0x5555
[8214] [M]: 0x0000000080008044 (0x55555EB7) lui t4, 349525
x29 <- 0x0000000055555000
mem[X,0x0000000080008048] -> 0x8E93
mem[X,0x000000008000804A] -> 0x555E
[8215] [M]: 0x0000000080008048 (0x555E8E93) addi t4, t4, 1365
x29 <- 0x0000000055555555
mem[X,0x000000008000804C] -> 0x9E93
mem[X,0x000000008000804E] -> 0x00BE
[8216] [M]: 0x000000008000804C (0x00BE9E93) slli t4, t4, 11
x29 <- 0x000002AAAAAAA800
mem[X,0x0000000080008050] -> 0x8E93
mem[X,0x0000000080008052] -> 0x2AAE
[8217] [M]: 0x0000000080008050 (0x2AAE8E93) addi t4, t4, 682
x29 <- 0x000002AAAAAAAAAA
mem[X,0x0000000080008054] -> 0x9E93
mem[X,0x0000000080008056] -> 0x00BE
[8218] [M]: 0x0000000080008054 (0x00BE9E93) slli t4, t4, 11
x29 <- 0x0015555555555000
mem[X,0x0000000080008058] -> 0x8E93
mem[X,0x000000008000805A] -> 0x555E
[8219] [M]: 0x0000000080008058 (0x555E8E93) addi t4, t4, 1365
x29 <- 0x0015555555555555
mem[X,0x000000008000805C] -> 0x9E93
mem[X,0x000000008000805E] -> 0x00AE
[8220] [M]: 0x000000008000805C (0x00AE9E93) slli t4, t4, 10
x29 <- 0x5555555555555400
mem[X,0x0000000080008060] -> 0x8E93
mem[X,0x0000000080008062] -> 0x154E
[8221] [M]: 0x0000000080008060 (0x154E8E93) addi t4, t4, 340
x29 <- 0x5555555555555554
mem[X,0x0000000080008064] -> 0x4FB3
mem[X,0x0000000080008066] -> 0x03DF
[8222] [M]: 0x0000000080008064 (0x03DF4FB3) div t6, t5, t4
x31 <- 0xFFFFFFFFFFFFFFFF
mem[X,0x0000000080008068] -> 0xBC23
mem[X,0x000000008000806A] -> 0x05F6
[8223] [M]: 0x0000000080008068 (0x05F6BC23) sd t6, 88(a3)
mem[0x000000008000E3D8] <- 0xFFFFFFFFFFFFFFFF
mem[X,0x000000008000806C] -> 0xBF37
mem[X,0x000000008000806E] -> 0xAAAA
[8224] [M]: 0x000000008000806C (0xAAAABF37) lui t5, 699051
x30 <- 0xFFFFFFFFAAAAB000
mem[X,0x0000000080008070] -> 0x0F13
mem[X,0x0000000080008072] -> 0xAAAF
[8225] [M]: 0x0000000080008070 (0xAAAF0F13) addi t5, t5, 2730
x30 <- 0xFFFFFFFFAAAAAAAA
mem[X,0x0000000080008074] -> 0x1F13
mem[X,0x0000000080008076] -> 0x00BF
[8226] [M]: 0x0000000080008074 (0x00BF1F13) slli t5, t5, 11
x30 <- 0xFFFFFD5555555000
mem[X,0x0000000080008078] -> 0x0F13
mem[X,0x000000008000807A] -> 0x555F
[8227] [M]: 0x0000000080008078 (0x555F0F13) addi t5, t5, 1365
x30 <- 0xFFFFFD5555555555
mem[X,0x000000008000807C] -> 0x1F13
mem[X,0x000000008000807E] -> 0x00BF
[8228] [M]: 0x000000008000807C (0x00BF1F13) slli t5, t5, 11
x30 <- 0xFFEAAAAAAAAAA800
mem[X,0x0000000080008080] -> 0x0F13
mem[X,0x0000000080008082] -> 0x2AAF
[8229] [M]: 0x0000000080008080 (0x2AAF0F13) addi t5, t5, 682
x30 <- 0xFFEAAAAAAAAAAAAA
mem[X,0x0000000080008084] -> 0x1F13
mem[X,0x0000000080008086] -> 0x00AF
[8230] [M]: 0x0000000080008084 (0x00AF1F13) slli t5, t5, 10
x30 <- 0xAAAAAAAAAAAAA800
mem[X,0x0000000080008088] -> 0x0F13
mem[X,0x000000008000808A] -> 0x2ABF
[8231] [M]: 0x0000000080008088 (0x2ABF0F13) addi t5, t5, 683
x30 <- 0xAAAAAAAAAAAAAAAB
mem[X,0x000000008000808C] -> 0x3EB7
mem[X,0x000000008000808E] -> 0x3333
[8232] [M]: 0x000000008000808C (0x33333EB7) lui t4, 209715
x29 <- 0x0000000033333000
mem[X,0x0000000080008090] -> 0x8E93
mem[X,0x0000000080008092] -> 0x333E
[8233] [M]: 0x0000000080008090 (0x333E8E93) addi t4, t4, 819
x29 <- 0x0000000033333333
mem[X,0x0000000080008094] -> 0x9E93
mem[X,0x0000000080008096] -> 0x00BE
[8234] [M]: 0x0000000080008094 (0x00BE9E93) slli t4, t4, 11
x29 <- 0x0000019999999800
mem[X,0x0000000080008098] -> 0x8E93
mem[X,0x000000008000809A] -> 0x199E
[8235] [M]: 0x0000000080008098 (0x199E8E93) addi t4, t4, 409
x29 <- 0x0000019999999999
mem[X,0x000000008000809C] -> 0x9E93
mem[X,0x000000008000809E] -> 0x00BE
[8236] [M]: 0x000000008000809C (0x00BE9E93) slli t4, t4, 11
x29 <- 0x000CCCCCCCCCC800
mem[X,0x00000000800080A0] -> 0x8E93
mem[X,0x00000000800080A2] -> 0x4CCE
[8237] [M]: 0x00000000800080A0 (0x4CCE8E93) addi t4, t4, 1228
x29 <- 0x000CCCCCCCCCCCCC
mem[X,0x00000000800080A4] -> 0x9E93
mem[X,0x00000000800080A6] -> 0x00AE
[8238] [M]: 0x00000000800080A4 (0x00AE9E93) slli t4, t4, 10
x29 <- 0x3333333333333000
mem[X,0x00000000800080A8] -> 0x8E93
mem[X,0x00000000800080AA] -> 0x332E
[8239] [M]: 0x00000000800080A8 (0x332E8E93) addi t4, t4, 818
x29 <- 0x3333333333333332
mem[X,0x00000000800080AC] -> 0x4FB3
mem[X,0x00000000800080AE] -> 0x03DF
[8240] [M]: 0x00000000800080AC (0x03DF4FB3) div t6, t5, t4
x31 <- 0xFFFFFFFFFFFFFFFF
mem[X,0x00000000800080B0] -> 0xB023
mem[X,0x00000000800080B2] -> 0x07F6
[8241] [M]: 0x00000000800080B0 (0x07F6B023) sd t6, 96(a3)
mem[0x000000008000E3E0] <- 0xFFFFFFFFFFFFFFFF
mem[X,0x00000000800080B4] -> 0xBF37
mem[X,0x00000000800080B6] -> 0xAAAA
[8242] [M]: 0x00000000800080B4 (0xAAAABF37) lui t5, 699051
x30 <- 0xFFFFFFFFAAAAB000
mem[X,0x00000000800080B8] -> 0x0F13
mem[X,0x00000000800080BA] -> 0xAAAF
[8243] [M]: 0x00000000800080B8 (0xAAAF0F13) addi t5, t5, 2730
x30 <- 0xFFFFFFFFAAAAAAAA
mem[X,0x00000000800080BC] -> 0x1F13
mem[X,0x00000000800080BE] -> 0x00BF
[8244] [M]: 0x00000000800080BC (0x00BF1F13) slli t5, t5, 11
x30 <- 0xFFFFFD5555555000
mem[X,0x00000000800080C0] -> 0x0F13
mem[X,0x00000000800080C2] -> 0x555F
[8245] [M]: 0x00000000800080C0 (0x555F0F13) addi t5, t5, 1365
x30 <- 0xFFFFFD5555555555
mem[X,0x00000000800080C4] -> 0x1F13
mem[X,0x00000000800080C6] -> 0x00BF
[8246] [M]: 0x00000000800080C4 (0x00BF1F13) slli t5, t5, 11
x30 <- 0xFFEAAAAAAAAAA800
mem[X,0x00000000800080C8] -> 0x0F13
mem[X,0x00000000800080CA] -> 0x2AAF
[8247] [M]: 0x00000000800080C8 (0x2AAF0F13) addi t5, t5, 682
x30 <- 0xFFEAAAAAAAAAAAAA
mem[X,0x00000000800080CC] -> 0x1F13
mem[X,0x00000000800080CE] -> 0x00AF
[8248] [M]: 0x00000000800080CC (0x00AF1F13) slli t5, t5, 10
x30 <- 0xAAAAAAAAAAAAA800
mem[X,0x00000000800080D0] -> 0x0F13
mem[X,0x00000000800080D2] -> 0x2ABF
[8249] [M]: 0x00000000800080D0 (0x2ABF0F13) addi t5, t5, 683
x30 <- 0xAAAAAAAAAAAAAAAB
mem[X,0x00000000800080D4] -> 0x6EB7
mem[X,0x00000000800080D6] -> 0x6666
[8250] [M]: 0x00000000800080D4 (0x66666EB7) lui t4, 419430
x29 <- 0x0000000066666000
mem[X,0x00000000800080D8] -> 0x8E93
mem[X,0x00000000800080DA] -> 0x666E
[8251] [M]: 0x00000000800080D8 (0x666E8E93) addi t4, t4, 1638
x29 <- 0x0000000066666666
mem[X,0x00000000800080DC] -> 0x9E93
mem[X,0x00000000800080DE] -> 0x00BE
[8252] [M]: 0x00000000800080DC (0x00BE9E93) slli t4, t4, 11
x29 <- 0x0000033333333000
mem[X,0x00000000800080E0] -> 0x8E93
mem[X,0x00000000800080E2] -> 0x333E
[8253] [M]: 0x00000000800080E0 (0x333E8E93) addi t4, t4, 819
x29 <- 0x0000033333333333
mem[X,0x00000000800080E4] -> 0x9E93
mem[X,0x00000000800080E6] -> 0x00BE
[8254] [M]: 0x00000000800080E4 (0x00BE9E93) slli t4, t4, 11
x29 <- 0x0019999999999800
mem[X,0x00000000800080E8] -> 0x8E93
mem[X,0x00000000800080EA] -> 0x199E
[8255] [M]: 0x00000000800080E8 (0x199E8E93) addi t4, t4, 409
x29 <- 0x0019999999999999
mem[X,0x00000000800080EC] -> 0x9E93
mem[X,0x00000000800080EE] -> 0x00AE
[8256] [M]: 0x00000000800080EC (0x00AE9E93) slli t4, t4, 10
x29 <- 0x6666666666666400
mem[X,0x00000000800080F0] -> 0x8E93
mem[X,0x00000000800080F2] -> 0x265E
[8257] [M]: 0x00000000800080F0 (0x265E8E93) addi t4, t4, 613
x29 <- 0x6666666666666665
mem[X,0x00000000800080F4] -> 0x4FB3
mem[X,0x00000000800080F6] -> 0x03DF
[8258] [M]: 0x00000000800080F4 (0x03DF4FB3) div t6, t5, t4
x31 <- 0x0000000000000000
mem[X,0x00000000800080F8] -> 0xB423
mem[X,0x00000000800080FA] -> 0x07F6
[8259] [M]: 0x00000000800080F8 (0x07F6B423) sd t6, 104(a3)
mem[0x000000008000E3E8] <- 0x0000000000000000
mem[X,0x00000000800080FC] -> 0xBF37
mem[X,0x00000000800080FE] -> 0xAAAA
[8260] [M]: 0x00000000800080FC (0xAAAABF37) lui t5, 699051
x30 <- 0xFFFFFFFFAAAAB000
mem[X,0x0000000080008100] -> 0x0F13
mem[X,0x0000000080008102] -> 0xAAAF
[8261] [M]: 0x0000000080008100 (0xAAAF0F13) addi t5, t5, 2730
x30 <- 0xFFFFFFFFAAAAAAAA
mem[X,0x0000000080008104] -> 0x1F13
mem[X,0x0000000080008106] -> 0x00BF
[8262] [M]: 0x0000000080008104 (0x00BF1F13) slli t5, t5, 11
x30 <- 0xFFFFFD5555555000
mem[X,0x0000000080008108] -> 0x0F13
mem[X,0x000000008000810A] -> 0x555F
[8263] [M]: 0x0000000080008108 (0x555F0F13) addi t5, t5, 1365
x30 <- 0xFFFFFD5555555555
mem[X,0x000000008000810C] -> 0x1F13
mem[X,0x000000008000810E] -> 0x00BF
[8264] [M]: 0x000000008000810C (0x00BF1F13) slli t5, t5, 11
x30 <- 0xFFEAAAAAAAAAA800
mem[X,0x0000000080008110] -> 0x0F13
mem[X,0x0000000080008112] -> 0x2AAF
[8265] [M]: 0x0000000080008110 (0x2AAF0F13) addi t5, t5, 682
x30 <- 0xFFEAAAAAAAAAAAAA
mem[X,0x0000000080008114] -> 0x1F13
mem[X,0x0000000080008116] -> 0x00AF
[8266] [M]: 0x0000000080008114 (0x00AF1F13) slli t5, t5, 10
x30 <- 0xAAAAAAAAAAAAA800
mem[X,0x0000000080008118] -> 0x0F13
mem[X,0x000000008000811A] -> 0x2ABF
[8267] [M]: 0x0000000080008118 (0x2ABF0F13) addi t5, t5, 683
x30 <- 0xAAAAAAAAAAAAAAAB
mem[X,0x000000008000811C] -> 0x0E93
mem[X,0x000000008000811E] -> 0x0000
[8268] [M]: 0x000000008000811C (0x00000E93) addi t4, zero, 0
x29 <- 0x0000000000000000
mem[X,0x0000000080008120] -> 0x4FB3
mem[X,0x0000000080008122] -> 0x03DF
[8269] [M]: 0x0000000080008120 (0x03DF4FB3) div t6, t5, t4
x31 <- 0xFFFFFFFFFFFFFFFF
mem[X,0x0000000080008124] -> 0xB823
mem[X,0x0000000080008126] -> 0x07F6
[8270] [M]: 0x0000000080008124 (0x07F6B823) sd t6, 112(a3)
mem[0x000000008000E3F0] <- 0xFFFFFFFFFFFFFFFF
mem[X,0x0000000080008128] -> 0xBF37
mem[X,0x000000008000812A] -> 0xAAAA
[8271] [M]: 0x0000000080008128 (0xAAAABF37) lui t5, 699051
x30 <- 0xFFFFFFFFAAAAB000
mem[X,0x000000008000812C] -> 0x0F13
mem[X,0x000000008000812E] -> 0xAAAF
[8272] [M]: 0x000000008000812C (0xAAAF0F13) addi t5, t5, 2730
x30 <- 0xFFFFFFFFAAAAAAAA
mem[X,0x0000000080008130] -> 0x1F13
mem[X,0x0000000080008132] -> 0x00BF
[8273] [M]: 0x0000000080008130 (0x00BF1F13) slli t5, t5, 11
x30 <- 0xFFFFFD5555555000
mem[X,0x0000000080008134] -> 0x0F13
mem[X,0x0000000080008136] -> 0x555F
[8274] [M]: 0x0000000080008134 (0x555F0F13) addi t5, t5, 1365
x30 <- 0xFFFFFD5555555555
mem[X,0x0000000080008138] -> 0x1F13
mem[X,0x000000008000813A] -> 0x00BF
[8275] [M]: 0x0000000080008138 (0x00BF1F13) slli t5, t5, 11
x30 <- 0xFFEAAAAAAAAAA800
mem[X,0x000000008000813C] -> 0x0F13
mem[X,0x000000008000813E] -> 0x2AAF
[8276] [M]: 0x000000008000813C (0x2AAF0F13) addi t5, t5, 682
x30 <- 0xFFEAAAAAAAAAAAAA
mem[X,0x0000000080008140] -> 0x1F13
mem[X,0x0000000080008142] -> 0x00AF
[8277] [M]: 0x0000000080008140 (0x00AF1F13) slli t5, t5, 10
x30 <- 0xAAAAAAAAAAAAA800
mem[X,0x0000000080008144] -> 0x0F13
mem[X,0x0000000080008146] -> 0x2ABF
[8278] [M]: 0x0000000080008144 (0x2ABF0F13) addi t5, t5, 683
x30 <- 0xAAAAAAAAAAAAAAAB
mem[X,0x0000000080008148] -> 0x0EB7
mem[X,0x000000008000814A] -> 0x0000
[8279] [M]: 0x0000000080008148 (0x00000EB7) lui t4, 0
x29 <- 0x0000000000000000
mem[X,0x000000008000814C] -> 0x8E93
mem[X,0x000000008000814E] -> 0x000E
[8280] [M]: 0x000000008000814C (0x000E8E93) addi t4, t4, 0
x29 <- 0x0000000000000000
mem[X,0x0000000080008150] -> 0x9E93
mem[X,0x0000000080008152] -> 0x00BE
[8281] [M]: 0x0000000080008150 (0x00BE9E93) slli t4, t4, 11
x29 <- 0x0000000000000000
mem[X,0x0000000080008154] -> 0x8E93
mem[X,0x0000000080008156] -> 0x5A8E
[8282] [M]: 0x0000000080008154 (0x5A8E8E93) addi t4, t4, 1448
x29 <- 0x00000000000005A8
mem[X,0x0000000080008158] -> 0x9E93
mem[X,0x000000008000815A] -> 0x00BE
[8283] [M]: 0x0000000080008158 (0x00BE9E93) slli t4, t4, 11
x29 <- 0x00000000002D4000
mem[X,0x000000008000815C] -> 0x8E93
mem[X,0x000000008000815E] -> 0x13CE
[8284] [M]: 0x000000008000815C (0x13CE8E93) addi t4, t4, 316
x29 <- 0x00000000002D413C
mem[X,0x0000000080008160] -> 0x9E93
mem[X,0x0000000080008162] -> 0x00AE
[8285] [M]: 0x0000000080008160 (0x00AE9E93) slli t4, t4, 10
x29 <- 0x00000000B504F000
mem[X,0x0000000080008164] -> 0x8E93
mem[X,0x0000000080008166] -> 0x332E
[8286] [M]: 0x0000000080008164 (0x332E8E93) addi t4, t4, 818
x29 <- 0x00000000B504F332
mem[X,0x0000000080008168] -> 0x4FB3
mem[X,0x000000008000816A] -> 0x03DF
[8287] [M]: 0x0000000080008168 (0x03DF4FB3) div t6, t5, t4
x31 <- 0xFFFFFFFF87520887
mem[X,0x000000008000816C] -> 0xBC23
mem[X,0x000000008000816E] -> 0x07F6
[8288] [M]: 0x000000008000816C (0x07F6BC23) sd t6, 120(a3)
mem[0x000000008000E3F8] <- 0xFFFFFFFF87520887
mem[X,0x0000000080008170] -> 0xBF37
mem[X,0x0000000080008172] -> 0xAAAA
[8289] [M]: 0x0000000080008170 (0xAAAABF37) lui t5, 699051
x30 <- 0xFFFFFFFFAAAAB000
mem[X,0x0000000080008174] -> 0x0F13
mem[X,0x0000000080008176] -> 0xAAAF
[8290] [M]: 0x0000000080008174 (0xAAAF0F13) addi t5, t5, 2730
x30 <- 0xFFFFFFFFAAAAAAAA
mem[X,0x0000000080008178] -> 0x1F13
mem[X,0x000000008000817A] -> 0x00BF
[8291] [M]: 0x0000000080008178 (0x00BF1F13) slli t5, t5, 11
x30 <- 0xFFFFFD5555555000
mem[X,0x000000008000817C] -> 0x0F13
mem[X,0x000000008000817E] -> 0x555F
[8292] [M]: 0x000000008000817C (0x555F0F13) addi t5, t5, 1365
x30 <- 0xFFFFFD5555555555
mem[X,0x0000000080008180] -> 0x1F13
mem[X,0x0000000080008182] -> 0x00BF
[8293] [M]: 0x0000000080008180 (0x00BF1F13) slli t5, t5, 11
x30 <- 0xFFEAAAAAAAAAA800
mem[X,0x0000000080008184] -> 0x0F13
mem[X,0x0000000080008186] -> 0x2AAF
[8294] [M]: 0x0000000080008184 (0x2AAF0F13) addi t5, t5, 682
x30 <- 0xFFEAAAAAAAAAAAAA
mem[X,0x0000000080008188] -> 0x1F13
mem[X,0x000000008000818A] -> 0x00AF
[8295] [M]: 0x0000000080008188 (0x00AF1F13) slli t5, t5, 10
x30 <- 0xAAAAAAAAAAAAA800
mem[X,0x000000008000818C] -> 0x0F13
mem[X,0x000000008000818E] -> 0x2ABF
[8296] [M]: 0x000000008000818C (0x2ABF0F13) addi t5, t5, 683
x30 <- 0xAAAAAAAAAAAAAAAB
mem[X,0x0000000080008190] -> 0x0E93
mem[X,0x0000000080008192] -> 0x0040
[8297] [M]: 0x0000000080008190 (0x00400E93) addi t4, zero, 4
x29 <- 0x0000000000000004
mem[X,0x0000000080008194] -> 0x4FB3
mem[X,0x0000000080008196] -> 0x03DF
[8298] [M]: 0x0000000080008194 (0x03DF4FB3) div t6, t5, t4
x31 <- 0xEAAAAAAAAAAAAAAB
mem[X,0x0000000080008198] -> 0xB023
mem[X,0x000000008000819A] -> 0x09F6
[8299] [M]: 0x0000000080008198 (0x09F6B023) sd t6, 128(a3)
mem[0x000000008000E400] <- 0xEAAAAAAAAAAAAAAB
clint::tick mtime <- 0x0000000000000053
 clint timer pending at mtime 0x0000000000000053
htif::tick 0x0000000000000000
mem[X,0x000000008000819C] -> 0xBF37
mem[X,0x000000008000819E] -> 0xAAAA
[8300] [M]: 0x000000008000819C (0xAAAABF37) lui t5, 699051
x30 <- 0xFFFFFFFFAAAAB000
mem[X,0x00000000800081A0] -> 0x0F13
mem[X,0x00000000800081A2] -> 0xAAAF
[8301] [M]: 0x00000000800081A0 (0xAAAF0F13) addi t5, t5, 2730
x30 <- 0xFFFFFFFFAAAAAAAA
mem[X,0x00000000800081A4] -> 0x1F13
mem[X,0x00000000800081A6] -> 0x00BF
[8302] [M]: 0x00000000800081A4 (0x00BF1F13) slli t5, t5, 11
x30 <- 0xFFFFFD5555555000
mem[X,0x00000000800081A8] -> 0x0F13
mem[X,0x00000000800081AA] -> 0x555F
[8303] [M]: 0x00000000800081A8 (0x555F0F13) addi t5, t5, 1365
x30 <- 0xFFFFFD5555555555
mem[X,0x00000000800081AC] -> 0x1F13
mem[X,0x00000000800081AE] -> 0x00BF
[8304] [M]: 0x00000000800081AC (0x00BF1F13) slli t5, t5, 11
x30 <- 0xFFEAAAAAAAAAA800
mem[X,0x00000000800081B0] -> 0x0F13
mem[X,0x00000000800081B2] -> 0x2AAF
[8305] [M]: 0x00000000800081B0 (0x2AAF0F13) addi t5, t5, 682
x30 <- 0xFFEAAAAAAAAAAAAA
mem[X,0x00000000800081B4] -> 0x1F13
mem[X,0x00000000800081B6] -> 0x00AF
[8306] [M]: 0x00000000800081B4 (0x00AF1F13) slli t5, t5, 10
x30 <- 0xAAAAAAAAAAAAA800
mem[X,0x00000000800081B8] -> 0x0F13
mem[X,0x00000000800081BA] -> 0x2ABF
[8307] [M]: 0x00000000800081B8 (0x2ABF0F13) addi t5, t5, 683
x30 <- 0xAAAAAAAAAAAAAAAB
mem[X,0x00000000800081BC] -> 0x5EB7
mem[X,0x00000000800081BE] -> 0x5555
[8308] [M]: 0x00000000800081BC (0x55555EB7) lui t4, 349525
x29 <- 0x0000000055555000
mem[X,0x00000000800081C0] -> 0x8E93
mem[X,0x00000000800081C2] -> 0x555E
[8309] [M]: 0x00000000800081C0 (0x555E8E93) addi t4, t4, 1365
x29 <- 0x0000000055555555
mem[X,0x00000000800081C4] -> 0x9E93
mem[X,0x00000000800081C6] -> 0x00BE
[8310] [M]: 0x00000000800081C4 (0x00BE9E93) slli t4, t4, 11
x29 <- 0x000002AAAAAAA800
mem[X,0x00000000800081C8] -> 0x8E93
mem[X,0x00000000800081CA] -> 0x2AAE
[8311] [M]: 0x00000000800081C8 (0x2AAE8E93) addi t4, t4, 682
x29 <- 0x000002AAAAAAAAAA
mem[X,0x00000000800081CC] -> 0x9E93
mem[X,0x00000000800081CE] -> 0x00BE
[8312] [M]: 0x00000000800081CC (0x00BE9E93) slli t4, t4, 11
x29 <- 0x0015555555555000
mem[X,0x00000000800081D0] -> 0x8E93
mem[X,0x00000000800081D2] -> 0x555E
[8313] [M]: 0x00000000800081D0 (0x555E8E93) addi t4, t4, 1365
x29 <- 0x0015555555555555
mem[X,0x00000000800081D4] -> 0x9E93
mem[X,0x00000000800081D6] -> 0x00AE
[8314] [M]: 0x00000000800081D4 (0x00AE9E93) slli t4, t4, 10
x29 <- 0x5555555555555400
mem[X,0x00000000800081D8] -> 0x8E93
mem[X,0x00000000800081DA] -> 0x156E
[8315] [M]: 0x00000000800081D8 (0x156E8E93) addi t4, t4, 342
x29 <- 0x5555555555555556
mem[X,0x00000000800081DC] -> 0x4FB3
mem[X,0x00000000800081DE] -> 0x03DF
[8316] [M]: 0x00000000800081DC (0x03DF4FB3) div t6, t5, t4
x31 <- 0x0000000000000000
mem[X,0x00000000800081E0] -> 0xB423
mem[X,0x00000000800081E2] -> 0x09F6
[8317] [M]: 0x00000000800081E0 (0x09F6B423) sd t6, 136(a3)
mem[0x000000008000E408] <- 0x0000000000000000
mem[X,0x00000000800081E4] -> 0xBF37
mem[X,0x00000000800081E6] -> 0xAAAA
[8318] [M]: 0x00000000800081E4 (0xAAAABF37) lui t5, 699051
x30 <- 0xFFFFFFFFAAAAB000
mem[X,0x00000000800081E8] -> 0x0F13
mem[X,0x00000000800081EA] -> 0xAAAF
[8319] [M]: 0x00000000800081E8 (0xAAAF0F13) addi t5, t5, 2730
x30 <- 0xFFFFFFFFAAAAAAAA
mem[X,0x00000000800081EC] -> 0x1F13
mem[X,0x00000000800081EE] -> 0x00BF
[8320] [M]: 0x00000000800081EC (0x00BF1F13) slli t5, t5, 11
x30 <- 0xFFFFFD5555555000
mem[X,0x00000000800081F0] -> 0x0F13
mem[X,0x00000000800081F2] -> 0x555F
[8321] [M]: 0x00000000800081F0 (0x555F0F13) addi t5, t5, 1365
x30 <- 0xFFFFFD5555555555
mem[X,0x00000000800081F4] -> 0x1F13
mem[X,0x00000000800081F6] -> 0x00BF
[8322] [M]: 0x00000000800081F4 (0x00BF1F13) slli t5, t5, 11
x30 <- 0xFFEAAAAAAAAAA800
mem[X,0x00000000800081F8] -> 0x0F13
mem[X,0x00000000800081FA] -> 0x2AAF
[8323] [M]: 0x00000000800081F8 (0x2AAF0F13) addi t5, t5, 682
x30 <- 0xFFEAAAAAAAAAAAAA
mem[X,0x00000000800081FC] -> 0x1F13
mem[X,0x00000000800081FE] -> 0x00AF
[8324] [M]: 0x00000000800081FC (0x00AF1F13) slli t5, t5, 10
x30 <- 0xAAAAAAAAAAAAA800
mem[X,0x0000000080008200] -> 0x0F13
mem[X,0x0000000080008202] -> 0x2ABF
[8325] [M]: 0x0000000080008200 (0x2ABF0F13) addi t5, t5, 683
x30 <- 0xAAAAAAAAAAAAAAAB
mem[X,0x0000000080008204] -> 0xBEB7
mem[X,0x0000000080008206] -> 0xAAAA
[8326] [M]: 0x0000000080008204 (0xAAAABEB7) lui t4, 699051
x29 <- 0xFFFFFFFFAAAAB000
mem[X,0x0000000080008208] -> 0x8E93
mem[X,0x000000008000820A] -> 0xAAAE
[8327] [M]: 0x0000000080008208 (0xAAAE8E93) addi t4, t4, 2730
x29 <- 0xFFFFFFFFAAAAAAAA
mem[X,0x000000008000820C] -> 0x9E93
mem[X,0x000000008000820E] -> 0x00BE
[8328] [M]: 0x000000008000820C (0x00BE9E93) slli t4, t4, 11
x29 <- 0xFFFFFD5555555000
mem[X,0x0000000080008210] -> 0x8E93
mem[X,0x0000000080008212] -> 0x555E
[8329] [M]: 0x0000000080008210 (0x555E8E93) addi t4, t4, 1365
x29 <- 0xFFFFFD5555555555
mem[X,0x0000000080008214] -> 0x9E93
mem[X,0x0000000080008216] -> 0x00BE
[8330] [M]: 0x0000000080008214 (0x00BE9E93) slli t4, t4, 11
x29 <- 0xFFEAAAAAAAAAA800
mem[X,0x0000000080008218] -> 0x8E93
mem[X,0x000000008000821A] -> 0x2AAE
[8331] [M]: 0x0000000080008218 (0x2AAE8E93) addi t4, t4, 682
x29 <- 0xFFEAAAAAAAAAAAAA
mem[X,0x000000008000821C] -> 0x9E93
mem[X,0x000000008000821E] -> 0x00AE
[8332] [M]: 0x000000008000821C (0x00AE9E93) slli t4, t4, 10
x29 <- 0xAAAAAAAAAAAAA800
mem[X,0x0000000080008220] -> 0x8E93
mem[X,0x0000000080008222] -> 0x2ABE
[8333] [M]: 0x0000000080008220 (0x2ABE8E93) addi t4, t4, 683
x29 <- 0xAAAAAAAAAAAAAAAB
mem[X,0x0000000080008224] -> 0x4FB3
mem[X,0x0000000080008226] -> 0x03DF
[8334] [M]: 0x0000000080008224 (0x03DF4FB3) div t6, t5, t4
x31 <- 0x0000000000000001
mem[X,0x0000000080008228] -> 0xB823
mem[X,0x000000008000822A] -> 0x09F6
[8335] [M]: 0x0000000080008228 (0x09F6B823) sd t6, 144(a3)
mem[0x000000008000E410] <- 0x0000000000000001
mem[X,0x000000008000822C] -> 0xBF37
mem[X,0x000000008000822E] -> 0xAAAA
[8336] [M]: 0x000000008000822C (0xAAAABF37) lui t5, 699051
x30 <- 0xFFFFFFFFAAAAB000
mem[X,0x0000000080008230] -> 0x0F13
mem[X,0x0000000080008232] -> 0xAAAF
[8337] [M]: 0x0000000080008230 (0xAAAF0F13) addi t5, t5, 2730
x30 <- 0xFFFFFFFFAAAAAAAA
mem[X,0x0000000080008234] -> 0x1F13
mem[X,0x0000000080008236] -> 0x00BF
[8338] [M]: 0x0000000080008234 (0x00BF1F13) slli t5, t5, 11
x30 <- 0xFFFFFD5555555000
mem[X,0x0000000080008238] -> 0x0F13
mem[X,0x000000008000823A] -> 0x555F
[8339] [M]: 0x0000000080008238 (0x555F0F13) addi t5, t5, 1365
x30 <- 0xFFFFFD5555555555
mem[X,0x000000008000823C] -> 0x1F13
mem[X,0x000000008000823E] -> 0x00BF
[8340] [M]: 0x000000008000823C (0x00BF1F13) slli t5, t5, 11
x30 <- 0xFFEAAAAAAAAAA800
mem[X,0x0000000080008240] -> 0x0F13
mem[X,0x0000000080008242] -> 0x2AAF
[8341] [M]: 0x0000000080008240 (0x2AAF0F13) addi t5, t5, 682
x30 <- 0xFFEAAAAAAAAAAAAA
mem[X,0x0000000080008244] -> 0x1F13
mem[X,0x0000000080008246] -> 0x00AF
[8342] [M]: 0x0000000080008244 (0x00AF1F13) slli t5, t5, 10
x30 <- 0xAAAAAAAAAAAAA800
mem[X,0x0000000080008248] -> 0x0F13
mem[X,0x000000008000824A] -> 0x2ABF
[8343] [M]: 0x0000000080008248 (0x2ABF0F13) addi t5, t5, 683
x30 <- 0xAAAAAAAAAAAAAAAB
mem[X,0x000000008000824C] -> 0x0E93
mem[X,0x000000008000824E] -> 0x0060
[8344] [M]: 0x000000008000824C (0x00600E93) addi t4, zero, 6
x29 <- 0x0000000000000006
mem[X,0x0000000080008250] -> 0x4FB3
mem[X,0x0000000080008252] -> 0x03DF
[8345] [M]: 0x0000000080008250 (0x03DF4FB3) div t6, t5, t4
x31 <- 0xF1C71C71C71C71C8
mem[X,0x0000000080008254] -> 0xBC23
mem[X,0x0000000080008256] -> 0x09F6
[8346] [M]: 0x0000000080008254 (0x09F6BC23) sd t6, 152(a3)
mem[0x000000008000E418] <- 0xF1C71C71C71C71C8
mem[X,0x0000000080008258] -> 0x3F37
mem[X,0x000000008000825A] -> 0x3333
[8347] [M]: 0x0000000080008258 (0x33333F37) lui t5, 209715
x30 <- 0x0000000033333000
mem[X,0x000000008000825C] -> 0x0F13
mem[X,0x000000008000825E] -> 0x333F
[8348] [M]: 0x000000008000825C (0x333F0F13) addi t5, t5, 819
x30 <- 0x0000000033333333
mem[X,0x0000000080008260] -> 0x1F13
mem[X,0x0000000080008262] -> 0x00BF
[8349] [M]: 0x0000000080008260 (0x00BF1F13) slli t5, t5, 11
x30 <- 0x0000019999999800
mem[X,0x0000000080008264] -> 0x0F13
mem[X,0x0000000080008266] -> 0x199F
[8350] [M]: 0x0000000080008264 (0x199F0F13) addi t5, t5, 409
x30 <- 0x0000019999999999
mem[X,0x0000000080008268] -> 0x1F13
mem[X,0x000000008000826A] -> 0x00BF
[8351] [M]: 0x0000000080008268 (0x00BF1F13) slli t5, t5, 11
x30 <- 0x000CCCCCCCCCC800
mem[X,0x000000008000826C] -> 0x0F13
mem[X,0x000000008000826E] -> 0x4CCF
[8352] [M]: 0x000000008000826C (0x4CCF0F13) addi t5, t5, 1228
x30 <- 0x000CCCCCCCCCCCCC
mem[X,0x0000000080008270] -> 0x1F13
mem[X,0x0000000080008272] -> 0x00AF
[8353] [M]: 0x0000000080008270 (0x00AF1F13) slli t5, t5, 10
x30 <- 0x3333333333333000
mem[X,0x0000000080008274] -> 0x0F13
mem[X,0x0000000080008276] -> 0x332F
[8354] [M]: 0x0000000080008274 (0x332F0F13) addi t5, t5, 818
x30 <- 0x3333333333333332
mem[X,0x0000000080008278] -> 0x0EB7
mem[X,0x000000008000827A] -> 0x0000
[8355] [M]: 0x0000000080008278 (0x00000EB7) lui t4, 0
x29 <- 0x0000000000000000
mem[X,0x000000008000827C] -> 0x8E93
mem[X,0x000000008000827E] -> 0x000E
[8356] [M]: 0x000000008000827C (0x000E8E93) addi t4, t4, 0
x29 <- 0x0000000000000000
mem[X,0x0000000080008280] -> 0x9E93
mem[X,0x0000000080008282] -> 0x00BE
[8357] [M]: 0x0000000080008280 (0x00BE9E93) slli t4, t4, 11
x29 <- 0x0000000000000000
mem[X,0x0000000080008284] -> 0x8E93
mem[X,0x0000000080008286] -> 0x5A8E
[8358] [M]: 0x0000000080008284 (0x5A8E8E93) addi t4, t4, 1448
x29 <- 0x00000000000005A8
mem[X,0x0000000080008288] -> 0x9E93
mem[X,0x000000008000828A] -> 0x00BE
[8359] [M]: 0x0000000080008288 (0x00BE9E93) slli t4, t4, 11
x29 <- 0x00000000002D4000
mem[X,0x000000008000828C] -> 0x8E93
mem[X,0x000000008000828E] -> 0x13CE
[8360] [M]: 0x000000008000828C (0x13CE8E93) addi t4, t4, 316
x29 <- 0x00000000002D413C
mem[X,0x0000000080008290] -> 0x9E93
mem[X,0x0000000080008292] -> 0x00AE
[8361] [M]: 0x0000000080008290 (0x00AE9E93) slli t4, t4, 10
x29 <- 0x00000000B504F000
mem[X,0x0000000080008294] -> 0x8E93
mem[X,0x0000000080008296] -> 0x332E
[8362] [M]: 0x0000000080008294 (0x332E8E93) addi t4, t4, 818
x29 <- 0x00000000B504F332
mem[X,0x0000000080008298] -> 0x4FB3
mem[X,0x000000008000829A] -> 0x03DF
[8363] [M]: 0x0000000080008298 (0x03DF4FB3) div t6, t5, t4
x31 <- 0x0000000048686148
mem[X,0x000000008000829C] -> 0xB023
mem[X,0x000000008000829E] -> 0x0BF6
[8364] [M]: 0x000000008000829C (0x0BF6B023) sd t6, 160(a3)
mem[0x000000008000E420] <- 0x0000000048686148
mem[X,0x00000000800082A0] -> 0x3F37
mem[X,0x00000000800082A2] -> 0x3333
[8365] [M]: 0x00000000800082A0 (0x33333F37) lui t5, 209715
x30 <- 0x0000000033333000
mem[X,0x00000000800082A4] -> 0x0F13
mem[X,0x00000000800082A6] -> 0x333F
[8366] [M]: 0x00000000800082A4 (0x333F0F13) addi t5, t5, 819
x30 <- 0x0000000033333333
mem[X,0x00000000800082A8] -> 0x1F13
mem[X,0x00000000800082AA] -> 0x00BF
[8367] [M]: 0x00000000800082A8 (0x00BF1F13) slli t5, t5, 11
x30 <- 0x0000019999999800
mem[X,0x00000000800082AC] -> 0x0F13
mem[X,0x00000000800082AE] -> 0x199F
[8368] [M]: 0x00000000800082AC (0x199F0F13) addi t5, t5, 409
x30 <- 0x0000019999999999
mem[X,0x00000000800082B0] -> 0x1F13
mem[X,0x00000000800082B2] -> 0x00BF
[8369] [M]: 0x00000000800082B0 (0x00BF1F13) slli t5, t5, 11
x30 <- 0x000CCCCCCCCCC800
mem[X,0x00000000800082B4] -> 0x0F13
mem[X,0x00000000800082B6] -> 0x4CCF
[8370] [M]: 0x00000000800082B4 (0x4CCF0F13) addi t5, t5, 1228
x30 <- 0x000CCCCCCCCCCCCC
mem[X,0x00000000800082B8] -> 0x1F13
mem[X,0x00000000800082BA] -> 0x00AF
[8371] [M]: 0x00000000800082B8 (0x00AF1F13) slli t5, t5, 10
x30 <- 0x3333333333333000
mem[X,0x00000000800082BC] -> 0x0F13
mem[X,0x00000000800082BE] -> 0x332F
[8372] [M]: 0x00000000800082BC (0x332F0F13) addi t5, t5, 818
x30 <- 0x3333333333333332
mem[X,0x00000000800082C0] -> 0x0E93
mem[X,0x00000000800082C2] -> 0x0060
[8373] [M]: 0x00000000800082C0 (0x00600E93) addi t4, zero, 6
x29 <- 0x0000000000000006
mem[X,0x00000000800082C4] -> 0x4FB3
mem[X,0x00000000800082C6] -> 0x03DF
[8374] [M]: 0x00000000800082C4 (0x03DF4FB3) div t6, t5, t4
x31 <- 0x0888888888888888
mem[X,0x00000000800082C8] -> 0xB423
mem[X,0x00000000800082CA] -> 0x0BF6
[8375] [M]: 0x00000000800082C8 (0x0BF6B423) sd t6, 168(a3)
mem[0x000000008000E428] <- 0x0888888888888888
mem[X,0x00000000800082CC] -> 0x3F37
mem[X,0x00000000800082CE] -> 0x3333
[8376] [M]: 0x00000000800082CC (0x33333F37) lui t5, 209715
x30 <- 0x0000000033333000
mem[X,0x00000000800082D0] -> 0x0F13
mem[X,0x00000000800082D2] -> 0x333F
[8377] [M]: 0x00000000800082D0 (0x333F0F13) addi t5, t5, 819
x30 <- 0x0000000033333333
mem[X,0x00000000800082D4] -> 0x1F13
mem[X,0x00000000800082D6] -> 0x00BF
[8378] [M]: 0x00000000800082D4 (0x00BF1F13) slli t5, t5, 11
x30 <- 0x0000019999999800
mem[X,0x00000000800082D8] -> 0x0F13
mem[X,0x00000000800082DA] -> 0x199F
[8379] [M]: 0x00000000800082D8 (0x199F0F13) addi t5, t5, 409
x30 <- 0x0000019999999999
mem[X,0x00000000800082DC] -> 0x1F13
mem[X,0x00000000800082DE] -> 0x00BF
[8380] [M]: 0x00000000800082DC (0x00BF1F13) slli t5, t5, 11
x30 <- 0x000CCCCCCCCCC800
mem[X,0x00000000800082E0] -> 0x0F13
mem[X,0x00000000800082E2] -> 0x4CCF
[8381] [M]: 0x00000000800082E0 (0x4CCF0F13) addi t5, t5, 1228
x30 <- 0x000CCCCCCCCCCCCC
mem[X,0x00000000800082E4] -> 0x1F13
mem[X,0x00000000800082E6] -> 0x00AF
[8382] [M]: 0x00000000800082E4 (0x00AF1F13) slli t5, t5, 10
x30 <- 0x3333333333333000
mem[X,0x00000000800082E8] -> 0x0F13
mem[X,0x00000000800082EA] -> 0x332F
[8383] [M]: 0x00000000800082E8 (0x332F0F13) addi t5, t5, 818
x30 <- 0x3333333333333332
mem[X,0x00000000800082EC] -> 0x0EB7
mem[X,0x00000000800082EE] -> 0x0000
[8384] [M]: 0x00000000800082EC (0x00000EB7) lui t4, 0
x29 <- 0x0000000000000000
mem[X,0x00000000800082F0] -> 0x8E93
mem[X,0x00000000800082F2] -> 0x000E
[8385] [M]: 0x00000000800082F0 (0x000E8E93) addi t4, t4, 0
x29 <- 0x0000000000000000
mem[X,0x00000000800082F4] -> 0x9E93
mem[X,0x00000000800082F6] -> 0x00BE
[8386] [M]: 0x00000000800082F4 (0x00BE9E93) slli t4, t4, 11
x29 <- 0x0000000000000000
mem[X,0x00000000800082F8] -> 0x8E93
mem[X,0x00000000800082FA] -> 0x5A8E
[8387] [M]: 0x00000000800082F8 (0x5A8E8E93) addi t4, t4, 1448
x29 <- 0x00000000000005A8
mem[X,0x00000000800082FC] -> 0x9E93
mem[X,0x00000000800082FE] -> 0x00BE
[8388] [M]: 0x00000000800082FC (0x00BE9E93) slli t4, t4, 11
x29 <- 0x00000000002D4000
mem[X,0x0000000080008300] -> 0x8E93
mem[X,0x0000000080008302] -> 0x13CE
[8389] [M]: 0x0000000080008300 (0x13CE8E93) addi t4, t4, 316
x29 <- 0x00000000002D413C
mem[X,0x0000000080008304] -> 0x9E93
mem[X,0x0000000080008306] -> 0x00AE
[8390] [M]: 0x0000000080008304 (0x00AE9E93) slli t4, t4, 10
x29 <- 0x00000000B504F000
mem[X,0x0000000080008308] -> 0x8E93
mem[X,0x000000008000830A] -> 0x333E
[8391] [M]: 0x0000000080008308 (0x333E8E93) addi t4, t4, 819
x29 <- 0x00000000B504F333
mem[X,0x000000008000830C] -> 0x4FB3
mem[X,0x000000008000830E] -> 0x03DF
[8392] [M]: 0x000000008000830C (0x03DF4FB3) div t6, t5, t4
x31 <- 0x0000000048686148
mem[X,0x0000000080008310] -> 0xB823
mem[X,0x0000000080008312] -> 0x0BF6
[8393] [M]: 0x0000000080008310 (0x0BF6B823) sd t6, 176(a3)
mem[0x000000008000E430] <- 0x0000000048686148
mem[X,0x0000000080008314] -> 0xBF37
mem[X,0x0000000080008316] -> 0xAAAA
[8394] [M]: 0x0000000080008314 (0xAAAABF37) lui t5, 699051
x30 <- 0xFFFFFFFFAAAAB000
mem[X,0x0000000080008318] -> 0x0F13
mem[X,0x000000008000831A] -> 0xAAAF
[8395] [M]: 0x0000000080008318 (0xAAAF0F13) addi t5, t5, 2730
x30 <- 0xFFFFFFFFAAAAAAAA
mem[X,0x000000008000831C] -> 0x1F13
mem[X,0x000000008000831E] -> 0x00BF
[8396] [M]: 0x000000008000831C (0x00BF1F13) slli t5, t5, 11
x30 <- 0xFFFFFD5555555000
mem[X,0x0000000080008320] -> 0x0F13
mem[X,0x0000000080008322] -> 0x555F
[8397] [M]: 0x0000000080008320 (0x555F0F13) addi t5, t5, 1365
x30 <- 0xFFFFFD5555555555
mem[X,0x0000000080008324] -> 0x1F13
mem[X,0x0000000080008326] -> 0x00BF
[8398] [M]: 0x0000000080008324 (0x00BF1F13) slli t5, t5, 11
x30 <- 0xFFEAAAAAAAAAA800
mem[X,0x0000000080008328] -> 0x0F13
mem[X,0x000000008000832A] -> 0x2AAF
[8399] [M]: 0x0000000080008328 (0x2AAF0F13) addi t5, t5, 682
x30 <- 0xFFEAAAAAAAAAAAAA
clint::tick mtime <- 0x0000000000000054
 clint timer pending at mtime 0x0000000000000054
htif::tick 0x0000000000000000
mem[X,0x000000008000832C] -> 0x1F13
mem[X,0x000000008000832E] -> 0x00AF
[8400] [M]: 0x000000008000832C (0x00AF1F13) slli t5, t5, 10
x30 <- 0xAAAAAAAAAAAAA800
mem[X,0x0000000080008330] -> 0x0F13
mem[X,0x0000000080008332] -> 0x2ABF
[8401] [M]: 0x0000000080008330 (0x2ABF0F13) addi t5, t5, 683
x30 <- 0xAAAAAAAAAAAAAAAB
mem[X,0x0000000080008334] -> 0x3EB7
mem[X,0x0000000080008336] -> 0x3333
[8402] [M]: 0x0000000080008334 (0x33333EB7) lui t4, 209715
x29 <- 0x0000000033333000
mem[X,0x0000000080008338] -> 0x8E93
mem[X,0x000000008000833A] -> 0x333E
[8403] [M]: 0x0000000080008338 (0x333E8E93) addi t4, t4, 819
x29 <- 0x0000000033333333
mem[X,0x000000008000833C] -> 0x9E93
mem[X,0x000000008000833E] -> 0x00BE
[8404] [M]: 0x000000008000833C (0x00BE9E93) slli t4, t4, 11
x29 <- 0x0000019999999800
mem[X,0x0000000080008340] -> 0x8E93
mem[X,0x0000000080008342] -> 0x199E
[8405] [M]: 0x0000000080008340 (0x199E8E93) addi t4, t4, 409
x29 <- 0x0000019999999999
mem[X,0x0000000080008344] -> 0x9E93
mem[X,0x0000000080008346] -> 0x00BE
[8406] [M]: 0x0000000080008344 (0x00BE9E93) slli t4, t4, 11
x29 <- 0x000CCCCCCCCCC800
mem[X,0x0000000080008348] -> 0x8E93
mem[X,0x000000008000834A] -> 0x4CCE
[8407] [M]: 0x0000000080008348 (0x4CCE8E93) addi t4, t4, 1228
x29 <- 0x000CCCCCCCCCCCCC
mem[X,0x000000008000834C] -> 0x9E93
mem[X,0x000000008000834E] -> 0x00AE
[8408] [M]: 0x000000008000834C (0x00AE9E93) slli t4, t4, 10
x29 <- 0x3333333333333000
mem[X,0x0000000080008350] -> 0x8E93
mem[X,0x0000000080008352] -> 0x334E
[8409] [M]: 0x0000000080008350 (0x334E8E93) addi t4, t4, 820
x29 <- 0x3333333333333334
mem[X,0x0000000080008354] -> 0x4FB3
mem[X,0x0000000080008356] -> 0x03DF
[8410] [M]: 0x0000000080008354 (0x03DF4FB3) div t6, t5, t4
x31 <- 0xFFFFFFFFFFFFFFFF
mem[X,0x0000000080008358] -> 0xBC23
mem[X,0x000000008000835A] -> 0x0BF6
[8411] [M]: 0x0000000080008358 (0x0BF6BC23) sd t6, 184(a3)
mem[0x000000008000E438] <- 0xFFFFFFFFFFFFFFFF
mem[X,0x000000008000835C] -> 0x3F37
mem[X,0x000000008000835E] -> 0x3333
[8412] [M]: 0x000000008000835C (0x33333F37) lui t5, 209715
x30 <- 0x0000000033333000
mem[X,0x0000000080008360] -> 0x0F13
mem[X,0x0000000080008362] -> 0x333F
[8413] [M]: 0x0000000080008360 (0x333F0F13) addi t5, t5, 819
x30 <- 0x0000000033333333
mem[X,0x0000000080008364] -> 0x1F13
mem[X,0x0000000080008366] -> 0x00BF
[8414] [M]: 0x0000000080008364 (0x00BF1F13) slli t5, t5, 11
x30 <- 0x0000019999999800
mem[X,0x0000000080008368] -> 0x0F13
mem[X,0x000000008000836A] -> 0x199F
[8415] [M]: 0x0000000080008368 (0x199F0F13) addi t5, t5, 409
x30 <- 0x0000019999999999
mem[X,0x000000008000836C] -> 0x1F13
mem[X,0x000000008000836E] -> 0x00BF
[8416] [M]: 0x000000008000836C (0x00BF1F13) slli t5, t5, 11
x30 <- 0x000CCCCCCCCCC800
mem[X,0x0000000080008370] -> 0x0F13
mem[X,0x0000000080008372] -> 0x4CCF
[8417] [M]: 0x0000000080008370 (0x4CCF0F13) addi t5, t5, 1228
x30 <- 0x000CCCCCCCCCCCCC
mem[X,0x0000000080008374] -> 0x1F13
mem[X,0x0000000080008376] -> 0x00AF
[8418] [M]: 0x0000000080008374 (0x00AF1F13) slli t5, t5, 10
x30 <- 0x3333333333333000
mem[X,0x0000000080008378] -> 0x0F13
mem[X,0x000000008000837A] -> 0x332F
[8419] [M]: 0x0000000080008378 (0x332F0F13) addi t5, t5, 818
x30 <- 0x3333333333333332
mem[X,0x000000008000837C] -> 0x0E93
mem[X,0x000000008000837E] -> 0x0040
[8420] [M]: 0x000000008000837C (0x00400E93) addi t4, zero, 4
x29 <- 0x0000000000000004
mem[X,0x0000000080008380] -> 0x4FB3
mem[X,0x0000000080008382] -> 0x03DF
[8421] [M]: 0x0000000080008380 (0x03DF4FB3) div t6, t5, t4
x31 <- 0x0CCCCCCCCCCCCCCC
mem[X,0x0000000080008384] -> 0xB023
mem[X,0x0000000080008386] -> 0x0DF6
[8422] [M]: 0x0000000080008384 (0x0DF6B023) sd t6, 192(a3)
mem[0x000000008000E440] <- 0x0CCCCCCCCCCCCCCC
mem[X,0x0000000080008388] -> 0x3F37
mem[X,0x000000008000838A] -> 0x3333
[8423] [M]: 0x0000000080008388 (0x33333F37) lui t5, 209715
x30 <- 0x0000000033333000
mem[X,0x000000008000838C] -> 0x0F13
mem[X,0x000000008000838E] -> 0x333F
[8424] [M]: 0x000000008000838C (0x333F0F13) addi t5, t5, 819
x30 <- 0x0000000033333333
mem[X,0x0000000080008390] -> 0x1F13
mem[X,0x0000000080008392] -> 0x00BF
[8425] [M]: 0x0000000080008390 (0x00BF1F13) slli t5, t5, 11
x30 <- 0x0000019999999800
mem[X,0x0000000080008394] -> 0x0F13
mem[X,0x0000000080008396] -> 0x199F
[8426] [M]: 0x0000000080008394 (0x199F0F13) addi t5, t5, 409
x30 <- 0x0000019999999999
mem[X,0x0000000080008398] -> 0x1F13
mem[X,0x000000008000839A] -> 0x00BF
[8427] [M]: 0x0000000080008398 (0x00BF1F13) slli t5, t5, 11
x30 <- 0x000CCCCCCCCCC800
mem[X,0x000000008000839C] -> 0x0F13
mem[X,0x000000008000839E] -> 0x4CCF
[8428] [M]: 0x000000008000839C (0x4CCF0F13) addi t5, t5, 1228
x30 <- 0x000CCCCCCCCCCCCC
mem[X,0x00000000800083A0] -> 0x1F13
mem[X,0x00000000800083A2] -> 0x00AF
[8429] [M]: 0x00000000800083A0 (0x00AF1F13) slli t5, t5, 10
x30 <- 0x3333333333333000
mem[X,0x00000000800083A4] -> 0x0F13
mem[X,0x00000000800083A6] -> 0x332F
[8430] [M]: 0x00000000800083A4 (0x332F0F13) addi t5, t5, 818
x30 <- 0x3333333333333332
mem[X,0x00000000800083A8] -> 0xBEB7
mem[X,0x00000000800083AA] -> 0xAAAA
[8431] [M]: 0x00000000800083A8 (0xAAAABEB7) lui t4, 699051
x29 <- 0xFFFFFFFFAAAAB000
mem[X,0x00000000800083AC] -> 0x8E93
mem[X,0x00000000800083AE] -> 0xAAAE
[8432] [M]: 0x00000000800083AC (0xAAAE8E93) addi t4, t4, 2730
x29 <- 0xFFFFFFFFAAAAAAAA
mem[X,0x00000000800083B0] -> 0x9E93
mem[X,0x00000000800083B2] -> 0x00BE
[8433] [M]: 0x00000000800083B0 (0x00BE9E93) slli t4, t4, 11
x29 <- 0xFFFFFD5555555000
mem[X,0x00000000800083B4] -> 0x8E93
mem[X,0x00000000800083B6] -> 0x555E
[8434] [M]: 0x00000000800083B4 (0x555E8E93) addi t4, t4, 1365
x29 <- 0xFFFFFD5555555555
mem[X,0x00000000800083B8] -> 0x9E93
mem[X,0x00000000800083BA] -> 0x00BE
[8435] [M]: 0x00000000800083B8 (0x00BE9E93) slli t4, t4, 11
x29 <- 0xFFEAAAAAAAAAA800
mem[X,0x00000000800083BC] -> 0x8E93
mem[X,0x00000000800083BE] -> 0x2AAE
[8436] [M]: 0x00000000800083BC (0x2AAE8E93) addi t4, t4, 682
x29 <- 0xFFEAAAAAAAAAAAAA
mem[X,0x00000000800083C0] -> 0x9E93
mem[X,0x00000000800083C2] -> 0x00AE
[8437] [M]: 0x00000000800083C0 (0x00AE9E93) slli t4, t4, 10
x29 <- 0xAAAAAAAAAAAAA800
mem[X,0x00000000800083C4] -> 0x8E93
mem[X,0x00000000800083C6] -> 0x2ABE
[8438] [M]: 0x00000000800083C4 (0x2ABE8E93) addi t4, t4, 683
x29 <- 0xAAAAAAAAAAAAAAAB
mem[X,0x00000000800083C8] -> 0x4FB3
mem[X,0x00000000800083CA] -> 0x03DF
[8439] [M]: 0x00000000800083C8 (0x03DF4FB3) div t6, t5, t4
x31 <- 0x0000000000000000
mem[X,0x00000000800083CC] -> 0xB423
mem[X,0x00000000800083CE] -> 0x0DF6
[8440] [M]: 0x00000000800083CC (0x0DF6B423) sd t6, 200(a3)
mem[0x000000008000E448] <- 0x0000000000000000
mem[X,0x00000000800083D0] -> 0xBF37
mem[X,0x00000000800083D2] -> 0xAAAA
[8441] [M]: 0x00000000800083D0 (0xAAAABF37) lui t5, 699051
x30 <- 0xFFFFFFFFAAAAB000
mem[X,0x00000000800083D4] -> 0x0F13
mem[X,0x00000000800083D6] -> 0xAAAF
[8442] [M]: 0x00000000800083D4 (0xAAAF0F13) addi t5, t5, 2730
x30 <- 0xFFFFFFFFAAAAAAAA
mem[X,0x00000000800083D8] -> 0x1F13
mem[X,0x00000000800083DA] -> 0x00BF
[8443] [M]: 0x00000000800083D8 (0x00BF1F13) slli t5, t5, 11
x30 <- 0xFFFFFD5555555000
mem[X,0x00000000800083DC] -> 0x0F13
mem[X,0x00000000800083DE] -> 0x555F
[8444] [M]: 0x00000000800083DC (0x555F0F13) addi t5, t5, 1365
x30 <- 0xFFFFFD5555555555
mem[X,0x00000000800083E0] -> 0x1F13
mem[X,0x00000000800083E2] -> 0x00BF
[8445] [M]: 0x00000000800083E0 (0x00BF1F13) slli t5, t5, 11
x30 <- 0xFFEAAAAAAAAAA800
mem[X,0x00000000800083E4] -> 0x0F13
mem[X,0x00000000800083E6] -> 0x2AAF
[8446] [M]: 0x00000000800083E4 (0x2AAF0F13) addi t5, t5, 682
x30 <- 0xFFEAAAAAAAAAAAAA
mem[X,0x00000000800083E8] -> 0x1F13
mem[X,0x00000000800083EA] -> 0x00AF
[8447] [M]: 0x00000000800083E8 (0x00AF1F13) slli t5, t5, 10
x30 <- 0xAAAAAAAAAAAAA800
mem[X,0x00000000800083EC] -> 0x0F13
mem[X,0x00000000800083EE] -> 0x2ABF
[8448] [M]: 0x00000000800083EC (0x2ABF0F13) addi t5, t5, 683
x30 <- 0xAAAAAAAAAAAAAAAB
mem[X,0x00000000800083F0] -> 0x6EB7
mem[X,0x00000000800083F2] -> 0x6666
[8449] [M]: 0x00000000800083F0 (0x66666EB7) lui t4, 419430
x29 <- 0x0000000066666000
mem[X,0x00000000800083F4] -> 0x8E93
mem[X,0x00000000800083F6] -> 0x666E
[8450] [M]: 0x00000000800083F4 (0x666E8E93) addi t4, t4, 1638
x29 <- 0x0000000066666666
mem[X,0x00000000800083F8] -> 0x9E93
mem[X,0x00000000800083FA] -> 0x00BE
[8451] [M]: 0x00000000800083F8 (0x00BE9E93) slli t4, t4, 11
x29 <- 0x0000033333333000
mem[X,0x00000000800083FC] -> 0x8E93
mem[X,0x00000000800083FE] -> 0x333E
[8452] [M]: 0x00000000800083FC (0x333E8E93) addi t4, t4, 819
x29 <- 0x0000033333333333
mem[X,0x0000000080008400] -> 0x9E93
mem[X,0x0000000080008402] -> 0x00BE
[8453] [M]: 0x0000000080008400 (0x00BE9E93) slli t4, t4, 11
x29 <- 0x0019999999999800
mem[X,0x0000000080008404] -> 0x8E93
mem[X,0x0000000080008406] -> 0x199E
[8454] [M]: 0x0000000080008404 (0x199E8E93) addi t4, t4, 409
x29 <- 0x0019999999999999
mem[X,0x0000000080008408] -> 0x9E93
mem[X,0x000000008000840A] -> 0x00AE
[8455] [M]: 0x0000000080008408 (0x00AE9E93) slli t4, t4, 10
x29 <- 0x6666666666666400
mem[X,0x000000008000840C] -> 0x8E93
mem[X,0x000000008000840E] -> 0x267E
[8456] [M]: 0x000000008000840C (0x267E8E93) addi t4, t4, 615
x29 <- 0x6666666666666667
mem[X,0x0000000080008410] -> 0x4FB3
mem[X,0x0000000080008412] -> 0x03DF
[8457] [M]: 0x0000000080008410 (0x03DF4FB3) div t6, t5, t4
x31 <- 0x0000000000000000
mem[X,0x0000000080008414] -> 0xB823
mem[X,0x0000000080008416] -> 0x0DF6
[8458] [M]: 0x0000000080008414 (0x0DF6B823) sd t6, 208(a3)
mem[0x000000008000E450] <- 0x0000000000000000
mem[X,0x0000000080008418] -> 0xBF37
mem[X,0x000000008000841A] -> 0xAAAA
[8459] [M]: 0x0000000080008418 (0xAAAABF37) lui t5, 699051
x30 <- 0xFFFFFFFFAAAAB000
mem[X,0x000000008000841C] -> 0x0F13
mem[X,0x000000008000841E] -> 0xAAAF
[8460] [M]: 0x000000008000841C (0xAAAF0F13) addi t5, t5, 2730
x30 <- 0xFFFFFFFFAAAAAAAA
mem[X,0x0000000080008420] -> 0x1F13
mem[X,0x0000000080008422] -> 0x00BF
[8461] [M]: 0x0000000080008420 (0x00BF1F13) slli t5, t5, 11
x30 <- 0xFFFFFD5555555000
mem[X,0x0000000080008424] -> 0x0F13
mem[X,0x0000000080008426] -> 0x555F
[8462] [M]: 0x0000000080008424 (0x555F0F13) addi t5, t5, 1365
x30 <- 0xFFFFFD5555555555
mem[X,0x0000000080008428] -> 0x1F13
mem[X,0x000000008000842A] -> 0x00BF
[8463] [M]: 0x0000000080008428 (0x00BF1F13) slli t5, t5, 11
x30 <- 0xFFEAAAAAAAAAA800
mem[X,0x000000008000842C] -> 0x0F13
mem[X,0x000000008000842E] -> 0x2AAF
[8464] [M]: 0x000000008000842C (0x2AAF0F13) addi t5, t5, 682
x30 <- 0xFFEAAAAAAAAAAAAA
mem[X,0x0000000080008430] -> 0x1F13
mem[X,0x0000000080008432] -> 0x00AF
[8465] [M]: 0x0000000080008430 (0x00AF1F13) slli t5, t5, 10
x30 <- 0xAAAAAAAAAAAAA800
mem[X,0x0000000080008434] -> 0x0F13
mem[X,0x0000000080008436] -> 0x2ABF
[8466] [M]: 0x0000000080008434 (0x2ABF0F13) addi t5, t5, 683
x30 <- 0xAAAAAAAAAAAAAAAB
mem[X,0x0000000080008438] -> 0x0EB7
mem[X,0x000000008000843A] -> 0x0000
[8467] [M]: 0x0000000080008438 (0x00000EB7) lui t4, 0
x29 <- 0x0000000000000000
mem[X,0x000000008000843C] -> 0x8E93
mem[X,0x000000008000843E] -> 0xFFFE
[8468] [M]: 0x000000008000843C (0xFFFE8E93) addi t4, t4, 4095
x29 <- 0xFFFFFFFFFFFFFFFF
mem[X,0x0000000080008440] -> 0x9E93
mem[X,0x0000000080008442] -> 0x00BE
[8469] [M]: 0x0000000080008440 (0x00BE9E93) slli t4, t4, 11
x29 <- 0xFFFFFFFFFFFFF800
mem[X,0x0000000080008444] -> 0x8E93
mem[X,0x0000000080008446] -> 0x257E
[8470] [M]: 0x0000000080008444 (0x257E8E93) addi t4, t4, 599
x29 <- 0xFFFFFFFFFFFFFA57
mem[X,0x0000000080008448] -> 0x9E93
mem[X,0x000000008000844A] -> 0x00BE
[8471] [M]: 0x0000000080008448 (0x00BE9E93) slli t4, t4, 11
x29 <- 0xFFFFFFFFFFD2B800
mem[X,0x000000008000844C] -> 0x8E93
mem[X,0x000000008000844E] -> 0x6C3E
[8472] [M]: 0x000000008000844C (0x6C3E8E93) addi t4, t4, 1731
x29 <- 0xFFFFFFFFFFD2BEC3
mem[X,0x0000000080008450] -> 0x9E93
mem[X,0x0000000080008452] -> 0x00AE
[8473] [M]: 0x0000000080008450 (0x00AE9E93) slli t4, t4, 10
x29 <- 0xFFFFFFFF4AFB0C00
mem[X,0x0000000080008454] -> 0x8E93
mem[X,0x0000000080008456] -> 0x0CEE
[8474] [M]: 0x0000000080008454 (0x0CEE8E93) addi t4, t4, 206
x29 <- 0xFFFFFFFF4AFB0CCE
mem[X,0x0000000080008458] -> 0x4FB3
mem[X,0x000000008000845A] -> 0x03DF
[8475] [M]: 0x0000000080008458 (0x03DF4FB3) div t6, t5, t4
x31 <- 0x0000000078ADF779
mem[X,0x000000008000845C] -> 0xBC23
mem[X,0x000000008000845E] -> 0x0DF6
[8476] [M]: 0x000000008000845C (0x0DF6BC23) sd t6, 216(a3)
mem[0x000000008000E458] <- 0x0000000078ADF779
mem[X,0x0000000080008460] -> 0xBF37
mem[X,0x0000000080008462] -> 0xAAAA
[8477] [M]: 0x0000000080008460 (0xAAAABF37) lui t5, 699051
x30 <- 0xFFFFFFFFAAAAB000
mem[X,0x0000000080008464] -> 0x0F13
mem[X,0x0000000080008466] -> 0xAAAF
[8478] [M]: 0x0000000080008464 (0xAAAF0F13) addi t5, t5, 2730
x30 <- 0xFFFFFFFFAAAAAAAA
mem[X,0x0000000080008468] -> 0x1F13
mem[X,0x000000008000846A] -> 0x00BF
[8479] [M]: 0x0000000080008468 (0x00BF1F13) slli t5, t5, 11
x30 <- 0xFFFFFD5555555000
mem[X,0x000000008000846C] -> 0x0F13
mem[X,0x000000008000846E] -> 0x555F
[8480] [M]: 0x000000008000846C (0x555F0F13) addi t5, t5, 1365
x30 <- 0xFFFFFD5555555555
mem[X,0x0000000080008470] -> 0x1F13
mem[X,0x0000000080008472] -> 0x00BF
[8481] [M]: 0x0000000080008470 (0x00BF1F13) slli t5, t5, 11
x30 <- 0xFFEAAAAAAAAAA800
mem[X,0x0000000080008474] -> 0x0F13
mem[X,0x0000000080008476] -> 0x2AAF
[8482] [M]: 0x0000000080008474 (0x2AAF0F13) addi t5, t5, 682
x30 <- 0xFFEAAAAAAAAAAAAA
mem[X,0x0000000080008478] -> 0x1F13
mem[X,0x000000008000847A] -> 0x00AF
[8483] [M]: 0x0000000080008478 (0x00AF1F13) slli t5, t5, 10
x30 <- 0xAAAAAAAAAAAAA800
mem[X,0x000000008000847C] -> 0x0F13
mem[X,0x000000008000847E] -> 0x2ABF
[8484] [M]: 0x000000008000847C (0x2ABF0F13) addi t5, t5, 683
x30 <- 0xAAAAAAAAAAAAAAAB
mem[X,0x0000000080008480] -> 0x0EB7
mem[X,0x0000000080008482] -> 0x0000
[8485] [M]: 0x0000000080008480 (0x00000EB7) lui t4, 0
x29 <- 0x0000000000000000
mem[X,0x0000000080008484] -> 0x8E93
mem[X,0x0000000080008486] -> 0x000E
[8486] [M]: 0x0000000080008484 (0x000E8E93) addi t4, t4, 0
x29 <- 0x0000000000000000
mem[X,0x0000000080008488] -> 0x9E93
mem[X,0x000000008000848A] -> 0x00BE
[8487] [M]: 0x0000000080008488 (0x00BE9E93) slli t4, t4, 11
x29 <- 0x0000000000000000
mem[X,0x000000008000848C] -> 0x8E93
mem[X,0x000000008000848E] -> 0x5A8E
[8488] [M]: 0x000000008000848C (0x5A8E8E93) addi t4, t4, 1448
x29 <- 0x00000000000005A8
mem[X,0x0000000080008490] -> 0x9E93
mem[X,0x0000000080008492] -> 0x00BE
[8489] [M]: 0x0000000080008490 (0x00BE9E93) slli t4, t4, 11
x29 <- 0x00000000002D4000
mem[X,0x0000000080008494] -> 0x8E93
mem[X,0x0000000080008496] -> 0x13CE
[8490] [M]: 0x0000000080008494 (0x13CE8E93) addi t4, t4, 316
x29 <- 0x00000000002D413C
mem[X,0x0000000080008498] -> 0x9E93
mem[X,0x000000008000849A] -> 0x00AE
[8491] [M]: 0x0000000080008498 (0x00AE9E93) slli t4, t4, 10
x29 <- 0x00000000B504F000
mem[X,0x000000008000849C] -> 0x8E93
mem[X,0x000000008000849E] -> 0x334E
[8492] [M]: 0x000000008000849C (0x334E8E93) addi t4, t4, 820
x29 <- 0x00000000B504F334
mem[X,0x00000000800084A0] -> 0x4FB3
mem[X,0x00000000800084A2] -> 0x03DF
[8493] [M]: 0x00000000800084A0 (0x03DF4FB3) div t6, t5, t4
x31 <- 0xFFFFFFFF87520889
mem[X,0x00000000800084A4] -> 0xB023
mem[X,0x00000000800084A6] -> 0x0FF6
[8494] [M]: 0x00000000800084A4 (0x0FF6B023) sd t6, 224(a3)
mem[0x000000008000E460] <- 0xFFFFFFFF87520889
mem[X,0x00000000800084A8] -> 0x0F13
mem[X,0x00000000800084AA] -> 0x0060
[8495] [M]: 0x00000000800084A8 (0x00600F13) addi t5, zero, 6
x30 <- 0x0000000000000006
mem[X,0x00000000800084AC] -> 0x0E93
mem[X,0x00000000800084AE] -> 0x0030
[8496] [M]: 0x00000000800084AC (0x00300E93) addi t4, zero, 3
x29 <- 0x0000000000000003
mem[X,0x00000000800084B0] -> 0x4FB3
mem[X,0x00000000800084B2] -> 0x03DF
[8497] [M]: 0x00000000800084B0 (0x03DF4FB3) div t6, t5, t4
x31 <- 0x0000000000000002
mem[X,0x00000000800084B4] -> 0xB423
mem[X,0x00000000800084B6] -> 0x0FF6
[8498] [M]: 0x00000000800084B4 (0x0FF6B423) sd t6, 232(a3)
mem[0x000000008000E468] <- 0x0000000000000002
mem[X,0x00000000800084B8] -> 0x0F13
mem[X,0x00000000800084BA] -> 0x0060
[8499] [M]: 0x00000000800084B8 (0x00600F13) addi t5, zero, 6
x30 <- 0x0000000000000006
clint::tick mtime <- 0x0000000000000055
 clint timer pending at mtime 0x0000000000000055
htif::tick 0x0000000000000000
mem[X,0x00000000800084BC] -> 0x5EB7
mem[X,0x00000000800084BE] -> 0x5555
[8500] [M]: 0x00000000800084BC (0x55555EB7) lui t4, 349525
x29 <- 0x0000000055555000
mem[X,0x00000000800084C0] -> 0x8E93
mem[X,0x00000000800084C2] -> 0x555E
[8501] [M]: 0x00000000800084C0 (0x555E8E93) addi t4, t4, 1365
x29 <- 0x0000000055555555
mem[X,0x00000000800084C4] -> 0x9E93
mem[X,0x00000000800084C6] -> 0x00BE
[8502] [M]: 0x00000000800084C4 (0x00BE9E93) slli t4, t4, 11
x29 <- 0x000002AAAAAAA800
mem[X,0x00000000800084C8] -> 0x8E93
mem[X,0x00000000800084CA] -> 0x2AAE
[8503] [M]: 0x00000000800084C8 (0x2AAE8E93) addi t4, t4, 682
x29 <- 0x000002AAAAAAAAAA
mem[X,0x00000000800084CC] -> 0x9E93
mem[X,0x00000000800084CE] -> 0x00BE
[8504] [M]: 0x00000000800084CC (0x00BE9E93) slli t4, t4, 11
x29 <- 0x0015555555555000
mem[X,0x00000000800084D0] -> 0x8E93
mem[X,0x00000000800084D2] -> 0x555E
[8505] [M]: 0x00000000800084D0 (0x555E8E93) addi t4, t4, 1365
x29 <- 0x0015555555555555
mem[X,0x00000000800084D4] -> 0x9E93
mem[X,0x00000000800084D6] -> 0x00AE
[8506] [M]: 0x00000000800084D4 (0x00AE9E93) slli t4, t4, 10
x29 <- 0x5555555555555400
mem[X,0x00000000800084D8] -> 0x8E93
mem[X,0x00000000800084DA] -> 0x155E
[8507] [M]: 0x00000000800084D8 (0x155E8E93) addi t4, t4, 341
x29 <- 0x5555555555555555
mem[X,0x00000000800084DC] -> 0x4FB3
mem[X,0x00000000800084DE] -> 0x03DF
[8508] [M]: 0x00000000800084DC (0x03DF4FB3) div t6, t5, t4
x31 <- 0x0000000000000000
mem[X,0x00000000800084E0] -> 0xB823
mem[X,0x00000000800084E2] -> 0x0FF6
[8509] [M]: 0x00000000800084E0 (0x0FF6B823) sd t6, 240(a3)
mem[0x000000008000E470] <- 0x0000000000000000
mem[X,0x00000000800084E4] -> 0x0F13
mem[X,0x00000000800084E6] -> 0x0060
[8510] [M]: 0x00000000800084E4 (0x00600F13) addi t5, zero, 6
x30 <- 0x0000000000000006
mem[X,0x00000000800084E8] -> 0xBEB7
mem[X,0x00000000800084EA] -> 0xAAAA
[8511] [M]: 0x00000000800084E8 (0xAAAABEB7) lui t4, 699051
x29 <- 0xFFFFFFFFAAAAB000
mem[X,0x00000000800084EC] -> 0x8E93
mem[X,0x00000000800084EE] -> 0xAAAE
[8512] [M]: 0x00000000800084EC (0xAAAE8E93) addi t4, t4, 2730
x29 <- 0xFFFFFFFFAAAAAAAA
mem[X,0x00000000800084F0] -> 0x9E93
mem[X,0x00000000800084F2] -> 0x00BE
[8513] [M]: 0x00000000800084F0 (0x00BE9E93) slli t4, t4, 11
x29 <- 0xFFFFFD5555555000
mem[X,0x00000000800084F4] -> 0x8E93
mem[X,0x00000000800084F6] -> 0x555E
[8514] [M]: 0x00000000800084F4 (0x555E8E93) addi t4, t4, 1365
x29 <- 0xFFFFFD5555555555
mem[X,0x00000000800084F8] -> 0x9E93
mem[X,0x00000000800084FA] -> 0x00BE
[8515] [M]: 0x00000000800084F8 (0x00BE9E93) slli t4, t4, 11
x29 <- 0xFFEAAAAAAAAAA800
mem[X,0x00000000800084FC] -> 0x8E93
mem[X,0x00000000800084FE] -> 0x2AAE
[8516] [M]: 0x00000000800084FC (0x2AAE8E93) addi t4, t4, 682
x29 <- 0xFFEAAAAAAAAAAAAA
mem[X,0x0000000080008500] -> 0x9E93
mem[X,0x0000000080008502] -> 0x00AE
[8517] [M]: 0x0000000080008500 (0x00AE9E93) slli t4, t4, 10
x29 <- 0xAAAAAAAAAAAAA800
mem[X,0x0000000080008504] -> 0x8E93
mem[X,0x0000000080008506] -> 0x2AAE
[8518] [M]: 0x0000000080008504 (0x2AAE8E93) addi t4, t4, 682
x29 <- 0xAAAAAAAAAAAAAAAA
mem[X,0x0000000080008508] -> 0x4FB3
mem[X,0x000000008000850A] -> 0x03DF
[8519] [M]: 0x0000000080008508 (0x03DF4FB3) div t6, t5, t4
x31 <- 0x0000000000000000
mem[X,0x000000008000850C] -> 0xBC23
mem[X,0x000000008000850E] -> 0x0FF6
[8520] [M]: 0x000000008000850C (0x0FF6BC23) sd t6, 248(a3)
mem[0x000000008000E478] <- 0x0000000000000000
mem[X,0x0000000080008510] -> 0x0F13
mem[X,0x0000000080008512] -> 0x0060
[8521] [M]: 0x0000000080008510 (0x00600F13) addi t5, zero, 6
x30 <- 0x0000000000000006
mem[X,0x0000000080008514] -> 0x0E93
mem[X,0x0000000080008516] -> 0x0050
[8522] [M]: 0x0000000080008514 (0x00500E93) addi t4, zero, 5
x29 <- 0x0000000000000005
mem[X,0x0000000080008518] -> 0x4FB3
mem[X,0x000000008000851A] -> 0x03DF
[8523] [M]: 0x0000000080008518 (0x03DF4FB3) div t6, t5, t4
x31 <- 0x0000000000000001
mem[X,0x000000008000851C] -> 0xB023
mem[X,0x000000008000851E] -> 0x11F6
[8524] [M]: 0x000000008000851C (0x11F6B023) sd t6, 256(a3)
mem[0x000000008000E480] <- 0x0000000000000001
mem[X,0x0000000080008520] -> 0x0F13
mem[X,0x0000000080008522] -> 0x0060
[8525] [M]: 0x0000000080008520 (0x00600F13) addi t5, zero, 6
x30 <- 0x0000000000000006
mem[X,0x0000000080008524] -> 0x3EB7
mem[X,0x0000000080008526] -> 0x3333
[8526] [M]: 0x0000000080008524 (0x33333EB7) lui t4, 209715
x29 <- 0x0000000033333000
mem[X,0x0000000080008528] -> 0x8E93
mem[X,0x000000008000852A] -> 0x333E
[8527] [M]: 0x0000000080008528 (0x333E8E93) addi t4, t4, 819
x29 <- 0x0000000033333333
mem[X,0x000000008000852C] -> 0x9E93
mem[X,0x000000008000852E] -> 0x00BE
[8528] [M]: 0x000000008000852C (0x00BE9E93) slli t4, t4, 11
x29 <- 0x0000019999999800
mem[X,0x0000000080008530] -> 0x8E93
mem[X,0x0000000080008532] -> 0x199E
[8529] [M]: 0x0000000080008530 (0x199E8E93) addi t4, t4, 409
x29 <- 0x0000019999999999
mem[X,0x0000000080008534] -> 0x9E93
mem[X,0x0000000080008536] -> 0x00BE
[8530] [M]: 0x0000000080008534 (0x00BE9E93) slli t4, t4, 11
x29 <- 0x000CCCCCCCCCC800
mem[X,0x0000000080008538] -> 0x8E93
mem[X,0x000000008000853A] -> 0x4CCE
[8531] [M]: 0x0000000080008538 (0x4CCE8E93) addi t4, t4, 1228
x29 <- 0x000CCCCCCCCCCCCC
mem[X,0x000000008000853C] -> 0x9E93
mem[X,0x000000008000853E] -> 0x00AE
[8532] [M]: 0x000000008000853C (0x00AE9E93) slli t4, t4, 10
x29 <- 0x3333333333333000
mem[X,0x0000000080008540] -> 0x8E93
mem[X,0x0000000080008542] -> 0x333E
[8533] [M]: 0x0000000080008540 (0x333E8E93) addi t4, t4, 819
x29 <- 0x3333333333333333
mem[X,0x0000000080008544] -> 0x4FB3
mem[X,0x0000000080008546] -> 0x03DF
[8534] [M]: 0x0000000080008544 (0x03DF4FB3) div t6, t5, t4
x31 <- 0x0000000000000000
mem[X,0x0000000080008548] -> 0xB423
mem[X,0x000000008000854A] -> 0x11F6
[8535] [M]: 0x0000000080008548 (0x11F6B423) sd t6, 264(a3)
mem[0x000000008000E488] <- 0x0000000000000000
mem[X,0x000000008000854C] -> 0x0F13
mem[X,0x000000008000854E] -> 0x0060
[8536] [M]: 0x000000008000854C (0x00600F13) addi t5, zero, 6
x30 <- 0x0000000000000006
mem[X,0x0000000080008550] -> 0x6EB7
mem[X,0x0000000080008552] -> 0x6666
[8537] [M]: 0x0000000080008550 (0x66666EB7) lui t4, 419430
x29 <- 0x0000000066666000
mem[X,0x0000000080008554] -> 0x8E93
mem[X,0x0000000080008556] -> 0x666E
[8538] [M]: 0x0000000080008554 (0x666E8E93) addi t4, t4, 1638
x29 <- 0x0000000066666666
mem[X,0x0000000080008558] -> 0x9E93
mem[X,0x000000008000855A] -> 0x00BE
[8539] [M]: 0x0000000080008558 (0x00BE9E93) slli t4, t4, 11
x29 <- 0x0000033333333000
mem[X,0x000000008000855C] -> 0x8E93
mem[X,0x000000008000855E] -> 0x333E
[8540] [M]: 0x000000008000855C (0x333E8E93) addi t4, t4, 819
x29 <- 0x0000033333333333
mem[X,0x0000000080008560] -> 0x9E93
mem[X,0x0000000080008562] -> 0x00BE
[8541] [M]: 0x0000000080008560 (0x00BE9E93) slli t4, t4, 11
x29 <- 0x0019999999999800
mem[X,0x0000000080008564] -> 0x8E93
mem[X,0x0000000080008566] -> 0x199E
[8542] [M]: 0x0000000080008564 (0x199E8E93) addi t4, t4, 409
x29 <- 0x0019999999999999
mem[X,0x0000000080008568] -> 0x9E93
mem[X,0x000000008000856A] -> 0x00AE
[8543] [M]: 0x0000000080008568 (0x00AE9E93) slli t4, t4, 10
x29 <- 0x6666666666666400
mem[X,0x000000008000856C] -> 0x8E93
mem[X,0x000000008000856E] -> 0x266E
[8544] [M]: 0x000000008000856C (0x266E8E93) addi t4, t4, 614
x29 <- 0x6666666666666666
mem[X,0x0000000080008570] -> 0x4FB3
mem[X,0x0000000080008572] -> 0x03DF
[8545] [M]: 0x0000000080008570 (0x03DF4FB3) div t6, t5, t4
x31 <- 0x0000000000000000
mem[X,0x0000000080008574] -> 0xB823
mem[X,0x0000000080008576] -> 0x11F6
[8546] [M]: 0x0000000080008574 (0x11F6B823) sd t6, 272(a3)
mem[0x000000008000E490] <- 0x0000000000000000
mem[X,0x0000000080008578] -> 0x0F13
mem[X,0x000000008000857A] -> 0x0060
[8547] [M]: 0x0000000080008578 (0x00600F13) addi t5, zero, 6
x30 <- 0x0000000000000006
mem[X,0x000000008000857C] -> 0x0EB7
mem[X,0x000000008000857E] -> 0x0000
[8548] [M]: 0x000000008000857C (0x00000EB7) lui t4, 0
x29 <- 0x0000000000000000
mem[X,0x0000000080008580] -> 0x8E93
mem[X,0x0000000080008582] -> 0xFFFE
[8549] [M]: 0x0000000080008580 (0xFFFE8E93) addi t4, t4, 4095
x29 <- 0xFFFFFFFFFFFFFFFF
mem[X,0x0000000080008584] -> 0x9E93
mem[X,0x0000000080008586] -> 0x00BE
[8550] [M]: 0x0000000080008584 (0x00BE9E93) slli t4, t4, 11
x29 <- 0xFFFFFFFFFFFFF800
mem[X,0x0000000080008588] -> 0x8E93
mem[X,0x000000008000858A] -> 0x257E
[8551] [M]: 0x0000000080008588 (0x257E8E93) addi t4, t4, 599
x29 <- 0xFFFFFFFFFFFFFA57
mem[X,0x000000008000858C] -> 0x9E93
mem[X,0x000000008000858E] -> 0x00BE
[8552] [M]: 0x000000008000858C (0x00BE9E93) slli t4, t4, 11
x29 <- 0xFFFFFFFFFFD2B800
mem[X,0x0000000080008590] -> 0x8E93
mem[X,0x0000000080008592] -> 0x6C3E
[8553] [M]: 0x0000000080008590 (0x6C3E8E93) addi t4, t4, 1731
x29 <- 0xFFFFFFFFFFD2BEC3
mem[X,0x0000000080008594] -> 0x9E93
mem[X,0x0000000080008596] -> 0x00AE
[8554] [M]: 0x0000000080008594 (0x00AE9E93) slli t4, t4, 10
x29 <- 0xFFFFFFFF4AFB0C00
mem[X,0x0000000080008598] -> 0x8E93
mem[X,0x000000008000859A] -> 0x0CDE
[8555] [M]: 0x0000000080008598 (0x0CDE8E93) addi t4, t4, 205
x29 <- 0xFFFFFFFF4AFB0CCD
mem[X,0x000000008000859C] -> 0x4FB3
mem[X,0x000000008000859E] -> 0x03DF
[8556] [M]: 0x000000008000859C (0x03DF4FB3) div t6, t5, t4
x31 <- 0x0000000000000000
mem[X,0x00000000800085A0] -> 0xBC23
mem[X,0x00000000800085A2] -> 0x11F6
[8557] [M]: 0x00000000800085A0 (0x11F6BC23) sd t6, 280(a3)
mem[0x000000008000E498] <- 0x0000000000000000
mem[X,0x00000000800085A4] -> 0x0F13
mem[X,0x00000000800085A6] -> 0x0060
[8558] [M]: 0x00000000800085A4 (0x00600F13) addi t5, zero, 6
x30 <- 0x0000000000000006
mem[X,0x00000000800085A8] -> 0x0EB7
mem[X,0x00000000800085AA] -> 0x0000
[8559] [M]: 0x00000000800085A8 (0x00000EB7) lui t4, 0
x29 <- 0x0000000000000000
mem[X,0x00000000800085AC] -> 0x8E93
mem[X,0x00000000800085AE] -> 0x000E
[8560] [M]: 0x00000000800085AC (0x000E8E93) addi t4, t4, 0
x29 <- 0x0000000000000000
mem[X,0x00000000800085B0] -> 0x9E93
mem[X,0x00000000800085B2] -> 0x00BE
[8561] [M]: 0x00000000800085B0 (0x00BE9E93) slli t4, t4, 11
x29 <- 0x0000000000000000
mem[X,0x00000000800085B4] -> 0x8E93
mem[X,0x00000000800085B6] -> 0x5A8E
[8562] [M]: 0x00000000800085B4 (0x5A8E8E93) addi t4, t4, 1448
x29 <- 0x00000000000005A8
mem[X,0x00000000800085B8] -> 0x9E93
mem[X,0x00000000800085BA] -> 0x00BE
[8563] [M]: 0x00000000800085B8 (0x00BE9E93) slli t4, t4, 11
x29 <- 0x00000000002D4000
mem[X,0x00000000800085BC] -> 0x8E93
mem[X,0x00000000800085BE] -> 0x13CE
[8564] [M]: 0x00000000800085BC (0x13CE8E93) addi t4, t4, 316
x29 <- 0x00000000002D413C
mem[X,0x00000000800085C0] -> 0x9E93
mem[X,0x00000000800085C2] -> 0x00AE
[8565] [M]: 0x00000000800085C0 (0x00AE9E93) slli t4, t4, 10
x29 <- 0x00000000B504F000
mem[X,0x00000000800085C4] -> 0x8E93
mem[X,0x00000000800085C6] -> 0x333E
[8566] [M]: 0x00000000800085C4 (0x333E8E93) addi t4, t4, 819
x29 <- 0x00000000B504F333
mem[X,0x00000000800085C8] -> 0x4FB3
mem[X,0x00000000800085CA] -> 0x03DF
[8567] [M]: 0x00000000800085C8 (0x03DF4FB3) div t6, t5, t4
x31 <- 0x0000000000000000
mem[X,0x00000000800085CC] -> 0xB023
mem[X,0x00000000800085CE] -> 0x13F6
[8568] [M]: 0x00000000800085CC (0x13F6B023) sd t6, 288(a3)
mem[0x000000008000E4A0] <- 0x0000000000000000
mem[X,0x00000000800085D0] -> 0x0F13
mem[X,0x00000000800085D2] -> 0x0060
[8569] [M]: 0x00000000800085D0 (0x00600F13) addi t5, zero, 6
x30 <- 0x0000000000000006
mem[X,0x00000000800085D4] -> 0x0E93
mem[X,0x00000000800085D6] -> 0x0020
[8570] [M]: 0x00000000800085D4 (0x00200E93) addi t4, zero, 2
x29 <- 0x0000000000000002
mem[X,0x00000000800085D8] -> 0x4FB3
mem[X,0x00000000800085DA] -> 0x03DF
[8571] [M]: 0x00000000800085D8 (0x03DF4FB3) div t6, t5, t4
x31 <- 0x0000000000000003
mem[X,0x00000000800085DC] -> 0xB423
mem[X,0x00000000800085DE] -> 0x13F6
[8572] [M]: 0x00000000800085DC (0x13F6B423) sd t6, 296(a3)
mem[0x000000008000E4A8] <- 0x0000000000000003
mem[X,0x00000000800085E0] -> 0x0F13
mem[X,0x00000000800085E2] -> 0x0060
[8573] [M]: 0x00000000800085E0 (0x00600F13) addi t5, zero, 6
x30 <- 0x0000000000000006
mem[X,0x00000000800085E4] -> 0x5EB7
mem[X,0x00000000800085E6] -> 0x5555
[8574] [M]: 0x00000000800085E4 (0x55555EB7) lui t4, 349525
x29 <- 0x0000000055555000
mem[X,0x00000000800085E8] -> 0x8E93
mem[X,0x00000000800085EA] -> 0x555E
[8575] [M]: 0x00000000800085E8 (0x555E8E93) addi t4, t4, 1365
x29 <- 0x0000000055555555
mem[X,0x00000000800085EC] -> 0x9E93
mem[X,0x00000000800085EE] -> 0x00BE
[8576] [M]: 0x00000000800085EC (0x00BE9E93) slli t4, t4, 11
x29 <- 0x000002AAAAAAA800
mem[X,0x00000000800085F0] -> 0x8E93
mem[X,0x00000000800085F2] -> 0x2AAE
[8577] [M]: 0x00000000800085F0 (0x2AAE8E93) addi t4, t4, 682
x29 <- 0x000002AAAAAAAAAA
mem[X,0x00000000800085F4] -> 0x9E93
mem[X,0x00000000800085F6] -> 0x00BE
[8578] [M]: 0x00000000800085F4 (0x00BE9E93) slli t4, t4, 11
x29 <- 0x0015555555555000
mem[X,0x00000000800085F8] -> 0x8E93
mem[X,0x00000000800085FA] -> 0x555E
[8579] [M]: 0x00000000800085F8 (0x555E8E93) addi t4, t4, 1365
x29 <- 0x0015555555555555
mem[X,0x00000000800085FC] -> 0x9E93
mem[X,0x00000000800085FE] -> 0x00AE
[8580] [M]: 0x00000000800085FC (0x00AE9E93) slli t4, t4, 10
x29 <- 0x5555555555555400
mem[X,0x0000000080008600] -> 0x8E93
mem[X,0x0000000080008602] -> 0x154E
[8581] [M]: 0x0000000080008600 (0x154E8E93) addi t4, t4, 340
x29 <- 0x5555555555555554
mem[X,0x0000000080008604] -> 0x4FB3
mem[X,0x0000000080008606] -> 0x03DF
[8582] [M]: 0x0000000080008604 (0x03DF4FB3) div t6, t5, t4
x31 <- 0x0000000000000000
mem[X,0x0000000080008608] -> 0xB823
mem[X,0x000000008000860A] -> 0x13F6
[8583] [M]: 0x0000000080008608 (0x13F6B823) sd t6, 304(a3)
mem[0x000000008000E4B0] <- 0x0000000000000000
mem[X,0x000000008000860C] -> 0x0F13
mem[X,0x000000008000860E] -> 0x0060
[8584] [M]: 0x000000008000860C (0x00600F13) addi t5, zero, 6
x30 <- 0x0000000000000006
mem[X,0x0000000080008610] -> 0x3EB7
mem[X,0x0000000080008612] -> 0x3333
[8585] [M]: 0x0000000080008610 (0x33333EB7) lui t4, 209715
x29 <- 0x0000000033333000
mem[X,0x0000000080008614] -> 0x8E93
mem[X,0x0000000080008616] -> 0x333E
[8586] [M]: 0x0000000080008614 (0x333E8E93) addi t4, t4, 819
x29 <- 0x0000000033333333
mem[X,0x0000000080008618] -> 0x9E93
mem[X,0x000000008000861A] -> 0x00BE
[8587] [M]: 0x0000000080008618 (0x00BE9E93) slli t4, t4, 11
x29 <- 0x0000019999999800
mem[X,0x000000008000861C] -> 0x8E93
mem[X,0x000000008000861E] -> 0x199E
[8588] [M]: 0x000000008000861C (0x199E8E93) addi t4, t4, 409
x29 <- 0x0000019999999999
mem[X,0x0000000080008620] -> 0x9E93
mem[X,0x0000000080008622] -> 0x00BE
[8589] [M]: 0x0000000080008620 (0x00BE9E93) slli t4, t4, 11
x29 <- 0x000CCCCCCCCCC800
mem[X,0x0000000080008624] -> 0x8E93
mem[X,0x0000000080008626] -> 0x4CCE
[8590] [M]: 0x0000000080008624 (0x4CCE8E93) addi t4, t4, 1228
x29 <- 0x000CCCCCCCCCCCCC
mem[X,0x0000000080008628] -> 0x9E93
mem[X,0x000000008000862A] -> 0x00AE
[8591] [M]: 0x0000000080008628 (0x00AE9E93) slli t4, t4, 10
x29 <- 0x3333333333333000
mem[X,0x000000008000862C] -> 0x8E93
mem[X,0x000000008000862E] -> 0x332E
[8592] [M]: 0x000000008000862C (0x332E8E93) addi t4, t4, 818
x29 <- 0x3333333333333332
mem[X,0x0000000080008630] -> 0x4FB3
mem[X,0x0000000080008632] -> 0x03DF
[8593] [M]: 0x0000000080008630 (0x03DF4FB3) div t6, t5, t4
x31 <- 0x0000000000000000
mem[X,0x0000000080008634] -> 0xBC23
mem[X,0x0000000080008636] -> 0x13F6
[8594] [M]: 0x0000000080008634 (0x13F6BC23) sd t6, 312(a3)
mem[0x000000008000E4B8] <- 0x0000000000000000
mem[X,0x0000000080008638] -> 0x0F13
mem[X,0x000000008000863A] -> 0x0060
[8595] [M]: 0x0000000080008638 (0x00600F13) addi t5, zero, 6
x30 <- 0x0000000000000006
mem[X,0x000000008000863C] -> 0x6EB7
mem[X,0x000000008000863E] -> 0x6666
[8596] [M]: 0x000000008000863C (0x66666EB7) lui t4, 419430
x29 <- 0x0000000066666000
mem[X,0x0000000080008640] -> 0x8E93
mem[X,0x0000000080008642] -> 0x666E
[8597] [M]: 0x0000000080008640 (0x666E8E93) addi t4, t4, 1638
x29 <- 0x0000000066666666
mem[X,0x0000000080008644] -> 0x9E93
mem[X,0x0000000080008646] -> 0x00BE
[8598] [M]: 0x0000000080008644 (0x00BE9E93) slli t4, t4, 11
x29 <- 0x0000033333333000
mem[X,0x0000000080008648] -> 0x8E93
mem[X,0x000000008000864A] -> 0x333E
[8599] [M]: 0x0000000080008648 (0x333E8E93) addi t4, t4, 819
x29 <- 0x0000033333333333
clint::tick mtime <- 0x0000000000000056
 clint timer pending at mtime 0x0000000000000056
htif::tick 0x0000000000000000
mem[X,0x000000008000864C] -> 0x9E93
mem[X,0x000000008000864E] -> 0x00BE
[8600] [M]: 0x000000008000864C (0x00BE9E93) slli t4, t4, 11
x29 <- 0x0019999999999800
mem[X,0x0000000080008650] -> 0x8E93
mem[X,0x0000000080008652] -> 0x199E
[8601] [M]: 0x0000000080008650 (0x199E8E93) addi t4, t4, 409
x29 <- 0x0019999999999999
mem[X,0x0000000080008654] -> 0x9E93
mem[X,0x0000000080008656] -> 0x00AE
[8602] [M]: 0x0000000080008654 (0x00AE9E93) slli t4, t4, 10
x29 <- 0x6666666666666400
mem[X,0x0000000080008658] -> 0x8E93
mem[X,0x000000008000865A] -> 0x265E
[8603] [M]: 0x0000000080008658 (0x265E8E93) addi t4, t4, 613
x29 <- 0x6666666666666665
mem[X,0x000000008000865C] -> 0x4FB3
mem[X,0x000000008000865E] -> 0x03DF
[8604] [M]: 0x000000008000865C (0x03DF4FB3) div t6, t5, t4
x31 <- 0x0000000000000000
mem[X,0x0000000080008660] -> 0xB023
mem[X,0x0000000080008662] -> 0x15F6
[8605] [M]: 0x0000000080008660 (0x15F6B023) sd t6, 320(a3)
mem[0x000000008000E4C0] <- 0x0000000000000000
mem[X,0x0000000080008664] -> 0x0F13
mem[X,0x0000000080008666] -> 0x0060
[8606] [M]: 0x0000000080008664 (0x00600F13) addi t5, zero, 6
x30 <- 0x0000000000000006
mem[X,0x0000000080008668] -> 0x0E93
mem[X,0x000000008000866A] -> 0x0000
[8607] [M]: 0x0000000080008668 (0x00000E93) addi t4, zero, 0
x29 <- 0x0000000000000000
mem[X,0x000000008000866C] -> 0x4FB3
mem[X,0x000000008000866E] -> 0x03DF
[8608] [M]: 0x000000008000866C (0x03DF4FB3) div t6, t5, t4
x31 <- 0xFFFFFFFFFFFFFFFF
mem[X,0x0000000080008670] -> 0xB423
mem[X,0x0000000080008672] -> 0x15F6
[8609] [M]: 0x0000000080008670 (0x15F6B423) sd t6, 328(a3)
mem[0x000000008000E4C8] <- 0xFFFFFFFFFFFFFFFF
mem[X,0x0000000080008674] -> 0x0F13
mem[X,0x0000000080008676] -> 0x0060
[8610] [M]: 0x0000000080008674 (0x00600F13) addi t5, zero, 6
x30 <- 0x0000000000000006
mem[X,0x0000000080008678] -> 0x0EB7
mem[X,0x000000008000867A] -> 0x0000
[8611] [M]: 0x0000000080008678 (0x00000EB7) lui t4, 0
x29 <- 0x0000000000000000
mem[X,0x000000008000867C] -> 0x8E93
mem[X,0x000000008000867E] -> 0x000E
[8612] [M]: 0x000000008000867C (0x000E8E93) addi t4, t4, 0
x29 <- 0x0000000000000000
mem[X,0x0000000080008680] -> 0x9E93
mem[X,0x0000000080008682] -> 0x00BE
[8613] [M]: 0x0000000080008680 (0x00BE9E93) slli t4, t4, 11
x29 <- 0x0000000000000000
mem[X,0x0000000080008684] -> 0x8E93
mem[X,0x0000000080008686] -> 0x5A8E
[8614] [M]: 0x0000000080008684 (0x5A8E8E93) addi t4, t4, 1448
x29 <- 0x00000000000005A8
mem[X,0x0000000080008688] -> 0x9E93
mem[X,0x000000008000868A] -> 0x00BE
[8615] [M]: 0x0000000080008688 (0x00BE9E93) slli t4, t4, 11
x29 <- 0x00000000002D4000
mem[X,0x000000008000868C] -> 0x8E93
mem[X,0x000000008000868E] -> 0x13CE
[8616] [M]: 0x000000008000868C (0x13CE8E93) addi t4, t4, 316
x29 <- 0x00000000002D413C
mem[X,0x0000000080008690] -> 0x9E93
mem[X,0x0000000080008692] -> 0x00AE
[8617] [M]: 0x0000000080008690 (0x00AE9E93) slli t4, t4, 10
x29 <- 0x00000000B504F000
mem[X,0x0000000080008694] -> 0x8E93
mem[X,0x0000000080008696] -> 0x332E
[8618] [M]: 0x0000000080008694 (0x332E8E93) addi t4, t4, 818
x29 <- 0x00000000B504F332
mem[X,0x0000000080008698] -> 0x4FB3
mem[X,0x000000008000869A] -> 0x03DF
[8619] [M]: 0x0000000080008698 (0x03DF4FB3) div t6, t5, t4
x31 <- 0x0000000000000000
mem[X,0x000000008000869C] -> 0xB823
mem[X,0x000000008000869E] -> 0x15F6
[8620] [M]: 0x000000008000869C (0x15F6B823) sd t6, 336(a3)
mem[0x000000008000E4D0] <- 0x0000000000000000
mem[X,0x00000000800086A0] -> 0x0F13
mem[X,0x00000000800086A2] -> 0x0060
[8621] [M]: 0x00000000800086A0 (0x00600F13) addi t5, zero, 6
x30 <- 0x0000000000000006
mem[X,0x00000000800086A4] -> 0x0E93
mem[X,0x00000000800086A6] -> 0x0040
[8622] [M]: 0x00000000800086A4 (0x00400E93) addi t4, zero, 4
x29 <- 0x0000000000000004
mem[X,0x00000000800086A8] -> 0x4FB3
mem[X,0x00000000800086AA] -> 0x03DF
[8623] [M]: 0x00000000800086A8 (0x03DF4FB3) div t6, t5, t4
x31 <- 0x0000000000000001
mem[X,0x00000000800086AC] -> 0xBC23
mem[X,0x00000000800086AE] -> 0x15F6
[8624] [M]: 0x00000000800086AC (0x15F6BC23) sd t6, 344(a3)
mem[0x000000008000E4D8] <- 0x0000000000000001
mem[X,0x00000000800086B0] -> 0x0F13
mem[X,0x00000000800086B2] -> 0x0060
[8625] [M]: 0x00000000800086B0 (0x00600F13) addi t5, zero, 6
x30 <- 0x0000000000000006
mem[X,0x00000000800086B4] -> 0x5EB7
mem[X,0x00000000800086B6] -> 0x5555
[8626] [M]: 0x00000000800086B4 (0x55555EB7) lui t4, 349525
x29 <- 0x0000000055555000
mem[X,0x00000000800086B8] -> 0x8E93
mem[X,0x00000000800086BA] -> 0x555E
[8627] [M]: 0x00000000800086B8 (0x555E8E93) addi t4, t4, 1365
x29 <- 0x0000000055555555
mem[X,0x00000000800086BC] -> 0x9E93
mem[X,0x00000000800086BE] -> 0x00BE
[8628] [M]: 0x00000000800086BC (0x00BE9E93) slli t4, t4, 11
x29 <- 0x000002AAAAAAA800
mem[X,0x00000000800086C0] -> 0x8E93
mem[X,0x00000000800086C2] -> 0x2AAE
[8629] [M]: 0x00000000800086C0 (0x2AAE8E93) addi t4, t4, 682
x29 <- 0x000002AAAAAAAAAA
mem[X,0x00000000800086C4] -> 0x9E93
mem[X,0x00000000800086C6] -> 0x00BE
[8630] [M]: 0x00000000800086C4 (0x00BE9E93) slli t4, t4, 11
x29 <- 0x0015555555555000
mem[X,0x00000000800086C8] -> 0x8E93
mem[X,0x00000000800086CA] -> 0x555E
[8631] [M]: 0x00000000800086C8 (0x555E8E93) addi t4, t4, 1365
x29 <- 0x0015555555555555
mem[X,0x00000000800086CC] -> 0x9E93
mem[X,0x00000000800086CE] -> 0x00AE
[8632] [M]: 0x00000000800086CC (0x00AE9E93) slli t4, t4, 10
x29 <- 0x5555555555555400
mem[X,0x00000000800086D0] -> 0x8E93
mem[X,0x00000000800086D2] -> 0x156E
[8633] [M]: 0x00000000800086D0 (0x156E8E93) addi t4, t4, 342
x29 <- 0x5555555555555556
mem[X,0x00000000800086D4] -> 0x4FB3
mem[X,0x00000000800086D6] -> 0x03DF
[8634] [M]: 0x00000000800086D4 (0x03DF4FB3) div t6, t5, t4
x31 <- 0x0000000000000000
mem[X,0x00000000800086D8] -> 0xB023
mem[X,0x00000000800086DA] -> 0x17F6
[8635] [M]: 0x00000000800086D8 (0x17F6B023) sd t6, 352(a3)
mem[0x000000008000E4E0] <- 0x0000000000000000
mem[X,0x00000000800086DC] -> 0x0F13
mem[X,0x00000000800086DE] -> 0x0060
[8636] [M]: 0x00000000800086DC (0x00600F13) addi t5, zero, 6
x30 <- 0x0000000000000006
mem[X,0x00000000800086E0] -> 0xBEB7
mem[X,0x00000000800086E2] -> 0xAAAA
[8637] [M]: 0x00000000800086E0 (0xAAAABEB7) lui t4, 699051
x29 <- 0xFFFFFFFFAAAAB000
mem[X,0x00000000800086E4] -> 0x8E93
mem[X,0x00000000800086E6] -> 0xAAAE
[8638] [M]: 0x00000000800086E4 (0xAAAE8E93) addi t4, t4, 2730
x29 <- 0xFFFFFFFFAAAAAAAA
mem[X,0x00000000800086E8] -> 0x9E93
mem[X,0x00000000800086EA] -> 0x00BE
[8639] [M]: 0x00000000800086E8 (0x00BE9E93) slli t4, t4, 11
x29 <- 0xFFFFFD5555555000
mem[X,0x00000000800086EC] -> 0x8E93
mem[X,0x00000000800086EE] -> 0x555E
[8640] [M]: 0x00000000800086EC (0x555E8E93) addi t4, t4, 1365
x29 <- 0xFFFFFD5555555555
mem[X,0x00000000800086F0] -> 0x9E93
mem[X,0x00000000800086F2] -> 0x00BE
[8641] [M]: 0x00000000800086F0 (0x00BE9E93) slli t4, t4, 11
x29 <- 0xFFEAAAAAAAAAA800
mem[X,0x00000000800086F4] -> 0x8E93
mem[X,0x00000000800086F6] -> 0x2AAE
[8642] [M]: 0x00000000800086F4 (0x2AAE8E93) addi t4, t4, 682
x29 <- 0xFFEAAAAAAAAAAAAA
mem[X,0x00000000800086F8] -> 0x9E93
mem[X,0x00000000800086FA] -> 0x00AE
[8643] [M]: 0x00000000800086F8 (0x00AE9E93) slli t4, t4, 10
x29 <- 0xAAAAAAAAAAAAA800
mem[X,0x00000000800086FC] -> 0x8E93
mem[X,0x00000000800086FE] -> 0x2ABE
[8644] [M]: 0x00000000800086FC (0x2ABE8E93) addi t4, t4, 683
x29 <- 0xAAAAAAAAAAAAAAAB
mem[X,0x0000000080008700] -> 0x4FB3
mem[X,0x0000000080008702] -> 0x03DF
[8645] [M]: 0x0000000080008700 (0x03DF4FB3) div t6, t5, t4
x31 <- 0x0000000000000000
mem[X,0x0000000080008704] -> 0xB423
mem[X,0x0000000080008706] -> 0x17F6
[8646] [M]: 0x0000000080008704 (0x17F6B423) sd t6, 360(a3)
mem[0x000000008000E4E8] <- 0x0000000000000000
mem[X,0x0000000080008708] -> 0x0F13
mem[X,0x000000008000870A] -> 0x0060
[8647] [M]: 0x0000000080008708 (0x00600F13) addi t5, zero, 6
x30 <- 0x0000000000000006
mem[X,0x000000008000870C] -> 0x0E93
mem[X,0x000000008000870E] -> 0x0060
[8648] [M]: 0x000000008000870C (0x00600E93) addi t4, zero, 6
x29 <- 0x0000000000000006
mem[X,0x0000000080008710] -> 0x4FB3
mem[X,0x0000000080008712] -> 0x03DF
[8649] [M]: 0x0000000080008710 (0x03DF4FB3) div t6, t5, t4
x31 <- 0x0000000000000001
mem[X,0x0000000080008714] -> 0xB823
mem[X,0x0000000080008716] -> 0x17F6
[8650] [M]: 0x0000000080008714 (0x17F6B823) sd t6, 368(a3)
mem[0x000000008000E4F0] <- 0x0000000000000001
mem[X,0x0000000080008718] -> 0x0F13
mem[X,0x000000008000871A] -> 0x0060
[8651] [M]: 0x0000000080008718 (0x00600F13) addi t5, zero, 6
x30 <- 0x0000000000000006
mem[X,0x000000008000871C] -> 0x3EB7
mem[X,0x000000008000871E] -> 0x3333
[8652] [M]: 0x000000008000871C (0x33333EB7) lui t4, 209715
x29 <- 0x0000000033333000
mem[X,0x0000000080008720] -> 0x8E93
mem[X,0x0000000080008722] -> 0x333E
[8653] [M]: 0x0000000080008720 (0x333E8E93) addi t4, t4, 819
x29 <- 0x0000000033333333
mem[X,0x0000000080008724] -> 0x9E93
mem[X,0x0000000080008726] -> 0x00BE
[8654] [M]: 0x0000000080008724 (0x00BE9E93) slli t4, t4, 11
x29 <- 0x0000019999999800
mem[X,0x0000000080008728] -> 0x8E93
mem[X,0x000000008000872A] -> 0x199E
[8655] [M]: 0x0000000080008728 (0x199E8E93) addi t4, t4, 409
x29 <- 0x0000019999999999
mem[X,0x000000008000872C] -> 0x9E93
mem[X,0x000000008000872E] -> 0x00BE
[8656] [M]: 0x000000008000872C (0x00BE9E93) slli t4, t4, 11
x29 <- 0x000CCCCCCCCCC800
mem[X,0x0000000080008730] -> 0x8E93
mem[X,0x0000000080008732] -> 0x4CCE
[8657] [M]: 0x0000000080008730 (0x4CCE8E93) addi t4, t4, 1228
x29 <- 0x000CCCCCCCCCCCCC
mem[X,0x0000000080008734] -> 0x9E93
mem[X,0x0000000080008736] -> 0x00AE
[8658] [M]: 0x0000000080008734 (0x00AE9E93) slli t4, t4, 10
x29 <- 0x3333333333333000
mem[X,0x0000000080008738] -> 0x8E93
mem[X,0x000000008000873A] -> 0x334E
[8659] [M]: 0x0000000080008738 (0x334E8E93) addi t4, t4, 820
x29 <- 0x3333333333333334
mem[X,0x000000008000873C] -> 0x4FB3
mem[X,0x000000008000873E] -> 0x03DF
[8660] [M]: 0x000000008000873C (0x03DF4FB3) div t6, t5, t4
x31 <- 0x0000000000000000
mem[X,0x0000000080008740] -> 0xBC23
mem[X,0x0000000080008742] -> 0x17F6
[8661] [M]: 0x0000000080008740 (0x17F6BC23) sd t6, 376(a3)
mem[0x000000008000E4F8] <- 0x0000000000000000
mem[X,0x0000000080008744] -> 0x0F13
mem[X,0x0000000080008746] -> 0x0060
[8662] [M]: 0x0000000080008744 (0x00600F13) addi t5, zero, 6
x30 <- 0x0000000000000006
mem[X,0x0000000080008748] -> 0x6EB7
mem[X,0x000000008000874A] -> 0x6666
[8663] [M]: 0x0000000080008748 (0x66666EB7) lui t4, 419430
x29 <- 0x0000000066666000
mem[X,0x000000008000874C] -> 0x8E93
mem[X,0x000000008000874E] -> 0x666E
[8664] [M]: 0x000000008000874C (0x666E8E93) addi t4, t4, 1638
x29 <- 0x0000000066666666
mem[X,0x0000000080008750] -> 0x9E93
mem[X,0x0000000080008752] -> 0x00BE
[8665] [M]: 0x0000000080008750 (0x00BE9E93) slli t4, t4, 11
x29 <- 0x0000033333333000
mem[X,0x0000000080008754] -> 0x8E93
mem[X,0x0000000080008756] -> 0x333E
[8666] [M]: 0x0000000080008754 (0x333E8E93) addi t4, t4, 819
x29 <- 0x0000033333333333
mem[X,0x0000000080008758] -> 0x9E93
mem[X,0x000000008000875A] -> 0x00BE
[8667] [M]: 0x0000000080008758 (0x00BE9E93) slli t4, t4, 11
x29 <- 0x0019999999999800
mem[X,0x000000008000875C] -> 0x8E93
mem[X,0x000000008000875E] -> 0x199E
[8668] [M]: 0x000000008000875C (0x199E8E93) addi t4, t4, 409
x29 <- 0x0019999999999999
mem[X,0x0000000080008760] -> 0x9E93
mem[X,0x0000000080008762] -> 0x00AE
[8669] [M]: 0x0000000080008760 (0x00AE9E93) slli t4, t4, 10
x29 <- 0x6666666666666400
mem[X,0x0000000080008764] -> 0x8E93
mem[X,0x0000000080008766] -> 0x267E
[8670] [M]: 0x0000000080008764 (0x267E8E93) addi t4, t4, 615
x29 <- 0x6666666666666667
mem[X,0x0000000080008768] -> 0x4FB3
mem[X,0x000000008000876A] -> 0x03DF
[8671] [M]: 0x0000000080008768 (0x03DF4FB3) div t6, t5, t4
x31 <- 0x0000000000000000
mem[X,0x000000008000876C] -> 0xB023
mem[X,0x000000008000876E] -> 0x19F6
[8672] [M]: 0x000000008000876C (0x19F6B023) sd t6, 384(a3)
mem[0x000000008000E500] <- 0x0000000000000000
mem[X,0x0000000080008770] -> 0x0F13
mem[X,0x0000000080008772] -> 0x0060
[8673] [M]: 0x0000000080008770 (0x00600F13) addi t5, zero, 6
x30 <- 0x0000000000000006
mem[X,0x0000000080008774] -> 0x0EB7
mem[X,0x0000000080008776] -> 0x0000
[8674] [M]: 0x0000000080008774 (0x00000EB7) lui t4, 0
x29 <- 0x0000000000000000
mem[X,0x0000000080008778] -> 0x8E93
mem[X,0x000000008000877A] -> 0xFFFE
[8675] [M]: 0x0000000080008778 (0xFFFE8E93) addi t4, t4, 4095
x29 <- 0xFFFFFFFFFFFFFFFF
mem[X,0x000000008000877C] -> 0x9E93
mem[X,0x000000008000877E] -> 0x00BE
[8676] [M]: 0x000000008000877C (0x00BE9E93) slli t4, t4, 11
x29 <- 0xFFFFFFFFFFFFF800
mem[X,0x0000000080008780] -> 0x8E93
mem[X,0x0000000080008782] -> 0x257E
[8677] [M]: 0x0000000080008780 (0x257E8E93) addi t4, t4, 599
x29 <- 0xFFFFFFFFFFFFFA57
mem[X,0x0000000080008784] -> 0x9E93
mem[X,0x0000000080008786] -> 0x00BE
[8678] [M]: 0x0000000080008784 (0x00BE9E93) slli t4, t4, 11
x29 <- 0xFFFFFFFFFFD2B800
mem[X,0x0000000080008788] -> 0x8E93
mem[X,0x000000008000878A] -> 0x6C3E
[8679] [M]: 0x0000000080008788 (0x6C3E8E93) addi t4, t4, 1731
x29 <- 0xFFFFFFFFFFD2BEC3
mem[X,0x000000008000878C] -> 0x9E93
mem[X,0x000000008000878E] -> 0x00AE
[8680] [M]: 0x000000008000878C (0x00AE9E93) slli t4, t4, 10
x29 <- 0xFFFFFFFF4AFB0C00
mem[X,0x0000000080008790] -> 0x8E93
mem[X,0x0000000080008792] -> 0x0CEE
[8681] [M]: 0x0000000080008790 (0x0CEE8E93) addi t4, t4, 206
x29 <- 0xFFFFFFFF4AFB0CCE
mem[X,0x0000000080008794] -> 0x4FB3
mem[X,0x0000000080008796] -> 0x03DF
[8682] [M]: 0x0000000080008794 (0x03DF4FB3) div t6, t5, t4
x31 <- 0x0000000000000000
mem[X,0x0000000080008798] -> 0xB423
mem[X,0x000000008000879A] -> 0x19F6
[8683] [M]: 0x0000000080008798 (0x19F6B423) sd t6, 392(a3)
mem[0x000000008000E508] <- 0x0000000000000000
mem[X,0x000000008000879C] -> 0x0F13
mem[X,0x000000008000879E] -> 0x0060
[8684] [M]: 0x000000008000879C (0x00600F13) addi t5, zero, 6
x30 <- 0x0000000000000006
mem[X,0x00000000800087A0] -> 0x0EB7
mem[X,0x00000000800087A2] -> 0x0000
[8685] [M]: 0x00000000800087A0 (0x00000EB7) lui t4, 0
x29 <- 0x0000000000000000
mem[X,0x00000000800087A4] -> 0x8E93
mem[X,0x00000000800087A6] -> 0x000E
[8686] [M]: 0x00000000800087A4 (0x000E8E93) addi t4, t4, 0
x29 <- 0x0000000000000000
mem[X,0x00000000800087A8] -> 0x9E93
mem[X,0x00000000800087AA] -> 0x00BE
[8687] [M]: 0x00000000800087A8 (0x00BE9E93) slli t4, t4, 11
x29 <- 0x0000000000000000
mem[X,0x00000000800087AC] -> 0x8E93
mem[X,0x00000000800087AE] -> 0x5A8E
[8688] [M]: 0x00000000800087AC (0x5A8E8E93) addi t4, t4, 1448
x29 <- 0x00000000000005A8
mem[X,0x00000000800087B0] -> 0x9E93
mem[X,0x00000000800087B2] -> 0x00BE
[8689] [M]: 0x00000000800087B0 (0x00BE9E93) slli t4, t4, 11
x29 <- 0x00000000002D4000
mem[X,0x00000000800087B4] -> 0x8E93
mem[X,0x00000000800087B6] -> 0x13CE
[8690] [M]: 0x00000000800087B4 (0x13CE8E93) addi t4, t4, 316
x29 <- 0x00000000002D413C
mem[X,0x00000000800087B8] -> 0x9E93
mem[X,0x00000000800087BA] -> 0x00AE
[8691] [M]: 0x00000000800087B8 (0x00AE9E93) slli t4, t4, 10
x29 <- 0x00000000B504F000
mem[X,0x00000000800087BC] -> 0x8E93
mem[X,0x00000000800087BE] -> 0x334E
[8692] [M]: 0x00000000800087BC (0x334E8E93) addi t4, t4, 820
x29 <- 0x00000000B504F334
mem[X,0x00000000800087C0] -> 0x4FB3
mem[X,0x00000000800087C2] -> 0x03DF
[8693] [M]: 0x00000000800087C0 (0x03DF4FB3) div t6, t5, t4
x31 <- 0x0000000000000000
mem[X,0x00000000800087C4] -> 0xB823
mem[X,0x00000000800087C6] -> 0x19F6
[8694] [M]: 0x00000000800087C4 (0x19F6B823) sd t6, 400(a3)
mem[0x000000008000E510] <- 0x0000000000000000
mem[X,0x00000000800087C8] -> 0x3F37
mem[X,0x00000000800087CA] -> 0x3333
[8695] [M]: 0x00000000800087C8 (0x33333F37) lui t5, 209715
x30 <- 0x0000000033333000
mem[X,0x00000000800087CC] -> 0x0F13
mem[X,0x00000000800087CE] -> 0x333F
[8696] [M]: 0x00000000800087CC (0x333F0F13) addi t5, t5, 819
x30 <- 0x0000000033333333
mem[X,0x00000000800087D0] -> 0x1F13
mem[X,0x00000000800087D2] -> 0x00BF
[8697] [M]: 0x00000000800087D0 (0x00BF1F13) slli t5, t5, 11
x30 <- 0x0000019999999800
mem[X,0x00000000800087D4] -> 0x0F13
mem[X,0x00000000800087D6] -> 0x199F
[8698] [M]: 0x00000000800087D4 (0x199F0F13) addi t5, t5, 409
x30 <- 0x0000019999999999
mem[X,0x00000000800087D8] -> 0x1F13
mem[X,0x00000000800087DA] -> 0x00BF
[8699] [M]: 0x00000000800087D8 (0x00BF1F13) slli t5, t5, 11
x30 <- 0x000CCCCCCCCCC800
clint::tick mtime <- 0x0000000000000057
 clint timer pending at mtime 0x0000000000000057
htif::tick 0x0000000000000000
mem[X,0x00000000800087DC] -> 0x0F13
mem[X,0x00000000800087DE] -> 0x4CCF
[8700] [M]: 0x00000000800087DC (0x4CCF0F13) addi t5, t5, 1228
x30 <- 0x000CCCCCCCCCCCCC
mem[X,0x00000000800087E0] -> 0x1F13
mem[X,0x00000000800087E2] -> 0x00AF
[8701] [M]: 0x00000000800087E0 (0x00AF1F13) slli t5, t5, 10
x30 <- 0x3333333333333000
mem[X,0x00000000800087E4] -> 0x0F13
mem[X,0x00000000800087E6] -> 0x334F
[8702] [M]: 0x00000000800087E4 (0x334F0F13) addi t5, t5, 820
x30 <- 0x3333333333333334
mem[X,0x00000000800087E8] -> 0x0E93
mem[X,0x00000000800087EA] -> 0x0030
[8703] [M]: 0x00000000800087E8 (0x00300E93) addi t4, zero, 3
x29 <- 0x0000000000000003
mem[X,0x00000000800087EC] -> 0x4FB3
mem[X,0x00000000800087EE] -> 0x03DF
[8704] [M]: 0x00000000800087EC (0x03DF4FB3) div t6, t5, t4
x31 <- 0x1111111111111111
mem[X,0x00000000800087F0] -> 0xBC23
mem[X,0x00000000800087F2] -> 0x19F6
[8705] [M]: 0x00000000800087F0 (0x19F6BC23) sd t6, 408(a3)
mem[0x000000008000E518] <- 0x1111111111111111
mem[X,0x00000000800087F4] -> 0x3F37
mem[X,0x00000000800087F6] -> 0x3333
[8706] [M]: 0x00000000800087F4 (0x33333F37) lui t5, 209715
x30 <- 0x0000000033333000
mem[X,0x00000000800087F8] -> 0x0F13
mem[X,0x00000000800087FA] -> 0x333F
[8707] [M]: 0x00000000800087F8 (0x333F0F13) addi t5, t5, 819
x30 <- 0x0000000033333333
mem[X,0x00000000800087FC] -> 0x1F13
mem[X,0x00000000800087FE] -> 0x00BF
[8708] [M]: 0x00000000800087FC (0x00BF1F13) slli t5, t5, 11
x30 <- 0x0000019999999800
mem[X,0x0000000080008800] -> 0x0F13
mem[X,0x0000000080008802] -> 0x199F
[8709] [M]: 0x0000000080008800 (0x199F0F13) addi t5, t5, 409
x30 <- 0x0000019999999999
mem[X,0x0000000080008804] -> 0x1F13
mem[X,0x0000000080008806] -> 0x00BF
[8710] [M]: 0x0000000080008804 (0x00BF1F13) slli t5, t5, 11
x30 <- 0x000CCCCCCCCCC800
mem[X,0x0000000080008808] -> 0x0F13
mem[X,0x000000008000880A] -> 0x4CCF
[8711] [M]: 0x0000000080008808 (0x4CCF0F13) addi t5, t5, 1228
x30 <- 0x000CCCCCCCCCCCCC
mem[X,0x000000008000880C] -> 0x1F13
mem[X,0x000000008000880E] -> 0x00AF
[8712] [M]: 0x000000008000880C (0x00AF1F13) slli t5, t5, 10
x30 <- 0x3333333333333000
mem[X,0x0000000080008810] -> 0x0F13
mem[X,0x0000000080008812] -> 0x334F
[8713] [M]: 0x0000000080008810 (0x334F0F13) addi t5, t5, 820
x30 <- 0x3333333333333334
mem[X,0x0000000080008814] -> 0x5EB7
mem[X,0x0000000080008816] -> 0x5555
[8714] [M]: 0x0000000080008814 (0x55555EB7) lui t4, 349525
x29 <- 0x0000000055555000
mem[X,0x0000000080008818] -> 0x8E93
mem[X,0x000000008000881A] -> 0x555E
[8715] [M]: 0x0000000080008818 (0x555E8E93) addi t4, t4, 1365
x29 <- 0x0000000055555555
mem[X,0x000000008000881C] -> 0x9E93
mem[X,0x000000008000881E] -> 0x00BE
[8716] [M]: 0x000000008000881C (0x00BE9E93) slli t4, t4, 11
x29 <- 0x000002AAAAAAA800
mem[X,0x0000000080008820] -> 0x8E93
mem[X,0x0000000080008822] -> 0x2AAE
[8717] [M]: 0x0000000080008820 (0x2AAE8E93) addi t4, t4, 682
x29 <- 0x000002AAAAAAAAAA
mem[X,0x0000000080008824] -> 0x9E93
mem[X,0x0000000080008826] -> 0x00BE
[8718] [M]: 0x0000000080008824 (0x00BE9E93) slli t4, t4, 11
x29 <- 0x0015555555555000
mem[X,0x0000000080008828] -> 0x8E93
mem[X,0x000000008000882A] -> 0x555E
[8719] [M]: 0x0000000080008828 (0x555E8E93) addi t4, t4, 1365
x29 <- 0x0015555555555555
mem[X,0x000000008000882C] -> 0x9E93
mem[X,0x000000008000882E] -> 0x00AE
[8720] [M]: 0x000000008000882C (0x00AE9E93) slli t4, t4, 10
x29 <- 0x5555555555555400
mem[X,0x0000000080008830] -> 0x8E93
mem[X,0x0000000080008832] -> 0x155E
[8721] [M]: 0x0000000080008830 (0x155E8E93) addi t4, t4, 341
x29 <- 0x5555555555555555
mem[X,0x0000000080008834] -> 0x4FB3
mem[X,0x0000000080008836] -> 0x03DF
[8722] [M]: 0x0000000080008834 (0x03DF4FB3) div t6, t5, t4
x31 <- 0x0000000000000000
mem[X,0x0000000080008838] -> 0xB023
mem[X,0x000000008000883A] -> 0x1BF6
[8723] [M]: 0x0000000080008838 (0x1BF6B023) sd t6, 416(a3)
mem[0x000000008000E520] <- 0x0000000000000000
mem[X,0x000000008000883C] -> 0x3F37
mem[X,0x000000008000883E] -> 0x3333
[8724] [M]: 0x000000008000883C (0x33333F37) lui t5, 209715
x30 <- 0x0000000033333000
mem[X,0x0000000080008840] -> 0x0F13
mem[X,0x0000000080008842] -> 0x333F
[8725] [M]: 0x0000000080008840 (0x333F0F13) addi t5, t5, 819
x30 <- 0x0000000033333333
mem[X,0x0000000080008844] -> 0x1F13
mem[X,0x0000000080008846] -> 0x00BF
[8726] [M]: 0x0000000080008844 (0x00BF1F13) slli t5, t5, 11
x30 <- 0x0000019999999800
mem[X,0x0000000080008848] -> 0x0F13
mem[X,0x000000008000884A] -> 0x199F
[8727] [M]: 0x0000000080008848 (0x199F0F13) addi t5, t5, 409
x30 <- 0x0000019999999999
mem[X,0x000000008000884C] -> 0x1F13
mem[X,0x000000008000884E] -> 0x00BF
[8728] [M]: 0x000000008000884C (0x00BF1F13) slli t5, t5, 11
x30 <- 0x000CCCCCCCCCC800
mem[X,0x0000000080008850] -> 0x0F13
mem[X,0x0000000080008852] -> 0x4CCF
[8729] [M]: 0x0000000080008850 (0x4CCF0F13) addi t5, t5, 1228
x30 <- 0x000CCCCCCCCCCCCC
mem[X,0x0000000080008854] -> 0x1F13
mem[X,0x0000000080008856] -> 0x00AF
[8730] [M]: 0x0000000080008854 (0x00AF1F13) slli t5, t5, 10
x30 <- 0x3333333333333000
mem[X,0x0000000080008858] -> 0x0F13
mem[X,0x000000008000885A] -> 0x334F
[8731] [M]: 0x0000000080008858 (0x334F0F13) addi t5, t5, 820
x30 <- 0x3333333333333334
mem[X,0x000000008000885C] -> 0xBEB7
mem[X,0x000000008000885E] -> 0xAAAA
[8732] [M]: 0x000000008000885C (0xAAAABEB7) lui t4, 699051
x29 <- 0xFFFFFFFFAAAAB000
mem[X,0x0000000080008860] -> 0x8E93
mem[X,0x0000000080008862] -> 0xAAAE
[8733] [M]: 0x0000000080008860 (0xAAAE8E93) addi t4, t4, 2730
x29 <- 0xFFFFFFFFAAAAAAAA
mem[X,0x0000000080008864] -> 0x9E93
mem[X,0x0000000080008866] -> 0x00BE
[8734] [M]: 0x0000000080008864 (0x00BE9E93) slli t4, t4, 11
x29 <- 0xFFFFFD5555555000
mem[X,0x0000000080008868] -> 0x8E93
mem[X,0x000000008000886A] -> 0x555E
[8735] [M]: 0x0000000080008868 (0x555E8E93) addi t4, t4, 1365
x29 <- 0xFFFFFD5555555555
mem[X,0x000000008000886C] -> 0x9E93
mem[X,0x000000008000886E] -> 0x00BE
[8736] [M]: 0x000000008000886C (0x00BE9E93) slli t4, t4, 11
x29 <- 0xFFEAAAAAAAAAA800
mem[X,0x0000000080008870] -> 0x8E93
mem[X,0x0000000080008872] -> 0x2AAE
[8737] [M]: 0x0000000080008870 (0x2AAE8E93) addi t4, t4, 682
x29 <- 0xFFEAAAAAAAAAAAAA
mem[X,0x0000000080008874] -> 0x9E93
mem[X,0x0000000080008876] -> 0x00AE
[8738] [M]: 0x0000000080008874 (0x00AE9E93) slli t4, t4, 10
x29 <- 0xAAAAAAAAAAAAA800
mem[X,0x0000000080008878] -> 0x8E93
mem[X,0x000000008000887A] -> 0x2AAE
[8739] [M]: 0x0000000080008878 (0x2AAE8E93) addi t4, t4, 682
x29 <- 0xAAAAAAAAAAAAAAAA
mem[X,0x000000008000887C] -> 0x4FB3
mem[X,0x000000008000887E] -> 0x03DF
[8740] [M]: 0x000000008000887C (0x03DF4FB3) div t6, t5, t4
x31 <- 0x0000000000000000
mem[X,0x0000000080008880] -> 0xB423
mem[X,0x0000000080008882] -> 0x1BF6
[8741] [M]: 0x0000000080008880 (0x1BF6B423) sd t6, 424(a3)
mem[0x000000008000E528] <- 0x0000000000000000
mem[X,0x0000000080008884] -> 0x3F37
mem[X,0x0000000080008886] -> 0x3333
[8742] [M]: 0x0000000080008884 (0x33333F37) lui t5, 209715
x30 <- 0x0000000033333000
mem[X,0x0000000080008888] -> 0x0F13
mem[X,0x000000008000888A] -> 0x333F
[8743] [M]: 0x0000000080008888 (0x333F0F13) addi t5, t5, 819
x30 <- 0x0000000033333333
mem[X,0x000000008000888C] -> 0x1F13
mem[X,0x000000008000888E] -> 0x00BF
[8744] [M]: 0x000000008000888C (0x00BF1F13) slli t5, t5, 11
x30 <- 0x0000019999999800
mem[X,0x0000000080008890] -> 0x0F13
mem[X,0x0000000080008892] -> 0x199F
[8745] [M]: 0x0000000080008890 (0x199F0F13) addi t5, t5, 409
x30 <- 0x0000019999999999
mem[X,0x0000000080008894] -> 0x1F13
mem[X,0x0000000080008896] -> 0x00BF
[8746] [M]: 0x0000000080008894 (0x00BF1F13) slli t5, t5, 11
x30 <- 0x000CCCCCCCCCC800
mem[X,0x0000000080008898] -> 0x0F13
mem[X,0x000000008000889A] -> 0x4CCF
[8747] [M]: 0x0000000080008898 (0x4CCF0F13) addi t5, t5, 1228
x30 <- 0x000CCCCCCCCCCCCC
mem[X,0x000000008000889C] -> 0x1F13
mem[X,0x000000008000889E] -> 0x00AF
[8748] [M]: 0x000000008000889C (0x00AF1F13) slli t5, t5, 10
x30 <- 0x3333333333333000
mem[X,0x00000000800088A0] -> 0x0F13
mem[X,0x00000000800088A2] -> 0x334F
[8749] [M]: 0x00000000800088A0 (0x334F0F13) addi t5, t5, 820
x30 <- 0x3333333333333334
mem[X,0x00000000800088A4] -> 0x0E93
mem[X,0x00000000800088A6] -> 0x0050
[8750] [M]: 0x00000000800088A4 (0x00500E93) addi t4, zero, 5
x29 <- 0x0000000000000005
mem[X,0x00000000800088A8] -> 0x4FB3
mem[X,0x00000000800088AA] -> 0x03DF
[8751] [M]: 0x00000000800088A8 (0x03DF4FB3) div t6, t5, t4
x31 <- 0x0A3D70A3D70A3D70
mem[X,0x00000000800088AC] -> 0xB823
mem[X,0x00000000800088AE] -> 0x1BF6
[8752] [M]: 0x00000000800088AC (0x1BF6B823) sd t6, 432(a3)
mem[0x000000008000E530] <- 0x0A3D70A3D70A3D70
mem[X,0x00000000800088B0] -> 0x3F37
mem[X,0x00000000800088B2] -> 0x3333
[8753] [M]: 0x00000000800088B0 (0x33333F37) lui t5, 209715
x30 <- 0x0000000033333000
mem[X,0x00000000800088B4] -> 0x0F13
mem[X,0x00000000800088B6] -> 0x333F
[8754] [M]: 0x00000000800088B4 (0x333F0F13) addi t5, t5, 819
x30 <- 0x0000000033333333
mem[X,0x00000000800088B8] -> 0x1F13
mem[X,0x00000000800088BA] -> 0x00BF
[8755] [M]: 0x00000000800088B8 (0x00BF1F13) slli t5, t5, 11
x30 <- 0x0000019999999800
mem[X,0x00000000800088BC] -> 0x0F13
mem[X,0x00000000800088BE] -> 0x199F
[8756] [M]: 0x00000000800088BC (0x199F0F13) addi t5, t5, 409
x30 <- 0x0000019999999999
mem[X,0x00000000800088C0] -> 0x1F13
mem[X,0x00000000800088C2] -> 0x00BF
[8757] [M]: 0x00000000800088C0 (0x00BF1F13) slli t5, t5, 11
x30 <- 0x000CCCCCCCCCC800
mem[X,0x00000000800088C4] -> 0x0F13
mem[X,0x00000000800088C6] -> 0x4CCF
[8758] [M]: 0x00000000800088C4 (0x4CCF0F13) addi t5, t5, 1228
x30 <- 0x000CCCCCCCCCCCCC
mem[X,0x00000000800088C8] -> 0x1F13
mem[X,0x00000000800088CA] -> 0x00AF
[8759] [M]: 0x00000000800088C8 (0x00AF1F13) slli t5, t5, 10
x30 <- 0x3333333333333000
mem[X,0x00000000800088CC] -> 0x0F13
mem[X,0x00000000800088CE] -> 0x334F
[8760] [M]: 0x00000000800088CC (0x334F0F13) addi t5, t5, 820
x30 <- 0x3333333333333334
mem[X,0x00000000800088D0] -> 0x3EB7
mem[X,0x00000000800088D2] -> 0x3333
[8761] [M]: 0x00000000800088D0 (0x33333EB7) lui t4, 209715
x29 <- 0x0000000033333000
mem[X,0x00000000800088D4] -> 0x8E93
mem[X,0x00000000800088D6] -> 0x333E
[8762] [M]: 0x00000000800088D4 (0x333E8E93) addi t4, t4, 819
x29 <- 0x0000000033333333
mem[X,0x00000000800088D8] -> 0x9E93
mem[X,0x00000000800088DA] -> 0x00BE
[8763] [M]: 0x00000000800088D8 (0x00BE9E93) slli t4, t4, 11
x29 <- 0x0000019999999800
mem[X,0x00000000800088DC] -> 0x8E93
mem[X,0x00000000800088DE] -> 0x199E
[8764] [M]: 0x00000000800088DC (0x199E8E93) addi t4, t4, 409
x29 <- 0x0000019999999999
mem[X,0x00000000800088E0] -> 0x9E93
mem[X,0x00000000800088E2] -> 0x00BE
[8765] [M]: 0x00000000800088E0 (0x00BE9E93) slli t4, t4, 11
x29 <- 0x000CCCCCCCCCC800
mem[X,0x00000000800088E4] -> 0x8E93
mem[X,0x00000000800088E6] -> 0x4CCE
[8766] [M]: 0x00000000800088E4 (0x4CCE8E93) addi t4, t4, 1228
x29 <- 0x000CCCCCCCCCCCCC
mem[X,0x00000000800088E8] -> 0x9E93
mem[X,0x00000000800088EA] -> 0x00AE
[8767] [M]: 0x00000000800088E8 (0x00AE9E93) slli t4, t4, 10
x29 <- 0x3333333333333000
mem[X,0x00000000800088EC] -> 0x8E93
mem[X,0x00000000800088EE] -> 0x333E
[8768] [M]: 0x00000000800088EC (0x333E8E93) addi t4, t4, 819
x29 <- 0x3333333333333333
mem[X,0x00000000800088F0] -> 0x4FB3
mem[X,0x00000000800088F2] -> 0x03DF
[8769] [M]: 0x00000000800088F0 (0x03DF4FB3) div t6, t5, t4
x31 <- 0x0000000000000001
mem[X,0x00000000800088F4] -> 0xBC23
mem[X,0x00000000800088F6] -> 0x1BF6
[8770] [M]: 0x00000000800088F4 (0x1BF6BC23) sd t6, 440(a3)
mem[0x000000008000E538] <- 0x0000000000000001
mem[X,0x00000000800088F8] -> 0x3F37
mem[X,0x00000000800088FA] -> 0x3333
[8771] [M]: 0x00000000800088F8 (0x33333F37) lui t5, 209715
x30 <- 0x0000000033333000
mem[X,0x00000000800088FC] -> 0x0F13
mem[X,0x00000000800088FE] -> 0x333F
[8772] [M]: 0x00000000800088FC (0x333F0F13) addi t5, t5, 819
x30 <- 0x0000000033333333
mem[X,0x0000000080008900] -> 0x1F13
mem[X,0x0000000080008902] -> 0x00BF
[8773] [M]: 0x0000000080008900 (0x00BF1F13) slli t5, t5, 11
x30 <- 0x0000019999999800
mem[X,0x0000000080008904] -> 0x0F13
mem[X,0x0000000080008906] -> 0x199F
[8774] [M]: 0x0000000080008904 (0x199F0F13) addi t5, t5, 409
x30 <- 0x0000019999999999
mem[X,0x0000000080008908] -> 0x1F13
mem[X,0x000000008000890A] -> 0x00BF
[8775] [M]: 0x0000000080008908 (0x00BF1F13) slli t5, t5, 11
x30 <- 0x000CCCCCCCCCC800
mem[X,0x000000008000890C] -> 0x0F13
mem[X,0x000000008000890E] -> 0x4CCF
[8776] [M]: 0x000000008000890C (0x4CCF0F13) addi t5, t5, 1228
x30 <- 0x000CCCCCCCCCCCCC
mem[X,0x0000000080008910] -> 0x1F13
mem[X,0x0000000080008912] -> 0x00AF
[8777] [M]: 0x0000000080008910 (0x00AF1F13) slli t5, t5, 10
x30 <- 0x3333333333333000
mem[X,0x0000000080008914] -> 0x0F13
mem[X,0x0000000080008916] -> 0x334F
[8778] [M]: 0x0000000080008914 (0x334F0F13) addi t5, t5, 820
x30 <- 0x3333333333333334
mem[X,0x0000000080008918] -> 0x6EB7
mem[X,0x000000008000891A] -> 0x6666
[8779] [M]: 0x0000000080008918 (0x66666EB7) lui t4, 419430
x29 <- 0x0000000066666000
mem[X,0x000000008000891C] -> 0x8E93
mem[X,0x000000008000891E] -> 0x666E
[8780] [M]: 0x000000008000891C (0x666E8E93) addi t4, t4, 1638
x29 <- 0x0000000066666666
mem[X,0x0000000080008920] -> 0x9E93
mem[X,0x0000000080008922] -> 0x00BE
[8781] [M]: 0x0000000080008920 (0x00BE9E93) slli t4, t4, 11
x29 <- 0x0000033333333000
mem[X,0x0000000080008924] -> 0x8E93
mem[X,0x0000000080008926] -> 0x333E
[8782] [M]: 0x0000000080008924 (0x333E8E93) addi t4, t4, 819
x29 <- 0x0000033333333333
mem[X,0x0000000080008928] -> 0x9E93
mem[X,0x000000008000892A] -> 0x00BE
[8783] [M]: 0x0000000080008928 (0x00BE9E93) slli t4, t4, 11
x29 <- 0x0019999999999800
mem[X,0x000000008000892C] -> 0x8E93
mem[X,0x000000008000892E] -> 0x199E
[8784] [M]: 0x000000008000892C (0x199E8E93) addi t4, t4, 409
x29 <- 0x0019999999999999
mem[X,0x0000000080008930] -> 0x9E93
mem[X,0x0000000080008932] -> 0x00AE
[8785] [M]: 0x0000000080008930 (0x00AE9E93) slli t4, t4, 10
x29 <- 0x6666666666666400
mem[X,0x0000000080008934] -> 0x8E93
mem[X,0x0000000080008936] -> 0x266E
[8786] [M]: 0x0000000080008934 (0x266E8E93) addi t4, t4, 614
x29 <- 0x6666666666666666
mem[X,0x0000000080008938] -> 0x4FB3
mem[X,0x000000008000893A] -> 0x03DF
[8787] [M]: 0x0000000080008938 (0x03DF4FB3) div t6, t5, t4
x31 <- 0x0000000000000000
mem[X,0x000000008000893C] -> 0xB023
mem[X,0x000000008000893E] -> 0x1DF6
[8788] [M]: 0x000000008000893C (0x1DF6B023) sd t6, 448(a3)
mem[0x000000008000E540] <- 0x0000000000000000
mem[X,0x0000000080008940] -> 0x3F37
mem[X,0x0000000080008942] -> 0x3333
[8789] [M]: 0x0000000080008940 (0x33333F37) lui t5, 209715
x30 <- 0x0000000033333000
mem[X,0x0000000080008944] -> 0x0F13
mem[X,0x0000000080008946] -> 0x333F
[8790] [M]: 0x0000000080008944 (0x333F0F13) addi t5, t5, 819
x30 <- 0x0000000033333333
mem[X,0x0000000080008948] -> 0x1F13
mem[X,0x000000008000894A] -> 0x00BF
[8791] [M]: 0x0000000080008948 (0x00BF1F13) slli t5, t5, 11
x30 <- 0x0000019999999800
mem[X,0x000000008000894C] -> 0x0F13
mem[X,0x000000008000894E] -> 0x199F
[8792] [M]: 0x000000008000894C (0x199F0F13) addi t5, t5, 409
x30 <- 0x0000019999999999
mem[X,0x0000000080008950] -> 0x1F13
mem[X,0x0000000080008952] -> 0x00BF
[8793] [M]: 0x0000000080008950 (0x00BF1F13) slli t5, t5, 11
x30 <- 0x000CCCCCCCCCC800
mem[X,0x0000000080008954] -> 0x0F13
mem[X,0x0000000080008956] -> 0x4CCF
[8794] [M]: 0x0000000080008954 (0x4CCF0F13) addi t5, t5, 1228
x30 <- 0x000CCCCCCCCCCCCC
mem[X,0x0000000080008958] -> 0x1F13
mem[X,0x000000008000895A] -> 0x00AF
[8795] [M]: 0x0000000080008958 (0x00AF1F13) slli t5, t5, 10
x30 <- 0x3333333333333000
mem[X,0x000000008000895C] -> 0x0F13
mem[X,0x000000008000895E] -> 0x334F
[8796] [M]: 0x000000008000895C (0x334F0F13) addi t5, t5, 820
x30 <- 0x3333333333333334
mem[X,0x0000000080008960] -> 0x0EB7
mem[X,0x0000000080008962] -> 0x0000
[8797] [M]: 0x0000000080008960 (0x00000EB7) lui t4, 0
x29 <- 0x0000000000000000
mem[X,0x0000000080008964] -> 0x8E93
mem[X,0x0000000080008966] -> 0xFFFE
[8798] [M]: 0x0000000080008964 (0xFFFE8E93) addi t4, t4, 4095
x29 <- 0xFFFFFFFFFFFFFFFF
mem[X,0x0000000080008968] -> 0x9E93
mem[X,0x000000008000896A] -> 0x00BE
[8799] [M]: 0x0000000080008968 (0x00BE9E93) slli t4, t4, 11
x29 <- 0xFFFFFFFFFFFFF800
clint::tick mtime <- 0x0000000000000058
 clint timer pending at mtime 0x0000000000000058
htif::tick 0x0000000000000000
mem[X,0x000000008000896C] -> 0x8E93
mem[X,0x000000008000896E] -> 0x257E
[8800] [M]: 0x000000008000896C (0x257E8E93) addi t4, t4, 599
x29 <- 0xFFFFFFFFFFFFFA57
mem[X,0x0000000080008970] -> 0x9E93
mem[X,0x0000000080008972] -> 0x00BE
[8801] [M]: 0x0000000080008970 (0x00BE9E93) slli t4, t4, 11
x29 <- 0xFFFFFFFFFFD2B800
mem[X,0x0000000080008974] -> 0x8E93
mem[X,0x0000000080008976] -> 0x6C3E
[8802] [M]: 0x0000000080008974 (0x6C3E8E93) addi t4, t4, 1731
x29 <- 0xFFFFFFFFFFD2BEC3
mem[X,0x0000000080008978] -> 0x9E93
mem[X,0x000000008000897A] -> 0x00AE
[8803] [M]: 0x0000000080008978 (0x00AE9E93) slli t4, t4, 10
x29 <- 0xFFFFFFFF4AFB0C00
mem[X,0x000000008000897C] -> 0x8E93
mem[X,0x000000008000897E] -> 0x0CDE
[8804] [M]: 0x000000008000897C (0x0CDE8E93) addi t4, t4, 205
x29 <- 0xFFFFFFFF4AFB0CCD
mem[X,0x0000000080008980] -> 0x4FB3
mem[X,0x0000000080008982] -> 0x03DF
[8805] [M]: 0x0000000080008980 (0x03DF4FB3) div t6, t5, t4
x31 <- 0xFFFFFFFFB7979EB8
mem[X,0x0000000080008984] -> 0xB423
mem[X,0x0000000080008986] -> 0x1DF6
[8806] [M]: 0x0000000080008984 (0x1DF6B423) sd t6, 456(a3)
mem[0x000000008000E548] <- 0xFFFFFFFFB7979EB8
mem[X,0x0000000080008988] -> 0x3F37
mem[X,0x000000008000898A] -> 0x3333
[8807] [M]: 0x0000000080008988 (0x33333F37) lui t5, 209715
x30 <- 0x0000000033333000
mem[X,0x000000008000898C] -> 0x0F13
mem[X,0x000000008000898E] -> 0x333F
[8808] [M]: 0x000000008000898C (0x333F0F13) addi t5, t5, 819
x30 <- 0x0000000033333333
mem[X,0x0000000080008990] -> 0x1F13
mem[X,0x0000000080008992] -> 0x00BF
[8809] [M]: 0x0000000080008990 (0x00BF1F13) slli t5, t5, 11
x30 <- 0x0000019999999800
mem[X,0x0000000080008994] -> 0x0F13
mem[X,0x0000000080008996] -> 0x199F
[8810] [M]: 0x0000000080008994 (0x199F0F13) addi t5, t5, 409
x30 <- 0x0000019999999999
mem[X,0x0000000080008998] -> 0x1F13
mem[X,0x000000008000899A] -> 0x00BF
[8811] [M]: 0x0000000080008998 (0x00BF1F13) slli t5, t5, 11
x30 <- 0x000CCCCCCCCCC800
mem[X,0x000000008000899C] -> 0x0F13
mem[X,0x000000008000899E] -> 0x4CCF
[8812] [M]: 0x000000008000899C (0x4CCF0F13) addi t5, t5, 1228
x30 <- 0x000CCCCCCCCCCCCC
mem[X,0x00000000800089A0] -> 0x1F13
mem[X,0x00000000800089A2] -> 0x00AF
[8813] [M]: 0x00000000800089A0 (0x00AF1F13) slli t5, t5, 10
x30 <- 0x3333333333333000
mem[X,0x00000000800089A4] -> 0x0F13
mem[X,0x00000000800089A6] -> 0x334F
[8814] [M]: 0x00000000800089A4 (0x334F0F13) addi t5, t5, 820
x30 <- 0x3333333333333334
mem[X,0x00000000800089A8] -> 0x0EB7
mem[X,0x00000000800089AA] -> 0x0000
[8815] [M]: 0x00000000800089A8 (0x00000EB7) lui t4, 0
x29 <- 0x0000000000000000
mem[X,0x00000000800089AC] -> 0x8E93
mem[X,0x00000000800089AE] -> 0x000E
[8816] [M]: 0x00000000800089AC (0x000E8E93) addi t4, t4, 0
x29 <- 0x0000000000000000
mem[X,0x00000000800089B0] -> 0x9E93
mem[X,0x00000000800089B2] -> 0x00BE
[8817] [M]: 0x00000000800089B0 (0x00BE9E93) slli t4, t4, 11
x29 <- 0x0000000000000000
mem[X,0x00000000800089B4] -> 0x8E93
mem[X,0x00000000800089B6] -> 0x5A8E
[8818] [M]: 0x00000000800089B4 (0x5A8E8E93) addi t4, t4, 1448
x29 <- 0x00000000000005A8
mem[X,0x00000000800089B8] -> 0x9E93
mem[X,0x00000000800089BA] -> 0x00BE
[8819] [M]: 0x00000000800089B8 (0x00BE9E93) slli t4, t4, 11
x29 <- 0x00000000002D4000
mem[X,0x00000000800089BC] -> 0x8E93
mem[X,0x00000000800089BE] -> 0x13CE
[8820] [M]: 0x00000000800089BC (0x13CE8E93) addi t4, t4, 316
x29 <- 0x00000000002D413C
mem[X,0x00000000800089C0] -> 0x9E93
mem[X,0x00000000800089C2] -> 0x00AE
[8821] [M]: 0x00000000800089C0 (0x00AE9E93) slli t4, t4, 10
x29 <- 0x00000000B504F000
mem[X,0x00000000800089C4] -> 0x8E93
mem[X,0x00000000800089C6] -> 0x333E
[8822] [M]: 0x00000000800089C4 (0x333E8E93) addi t4, t4, 819
x29 <- 0x00000000B504F333
mem[X,0x00000000800089C8] -> 0x4FB3
mem[X,0x00000000800089CA] -> 0x03DF
[8823] [M]: 0x00000000800089C8 (0x03DF4FB3) div t6, t5, t4
x31 <- 0x0000000048686148
mem[X,0x00000000800089CC] -> 0xB823
mem[X,0x00000000800089CE] -> 0x1DF6
[8824] [M]: 0x00000000800089CC (0x1DF6B823) sd t6, 464(a3)
mem[0x000000008000E550] <- 0x0000000048686148
mem[X,0x00000000800089D0] -> 0x3F37
mem[X,0x00000000800089D2] -> 0x3333
[8825] [M]: 0x00000000800089D0 (0x33333F37) lui t5, 209715
x30 <- 0x0000000033333000
mem[X,0x00000000800089D4] -> 0x0F13
mem[X,0x00000000800089D6] -> 0x333F
[8826] [M]: 0x00000000800089D4 (0x333F0F13) addi t5, t5, 819
x30 <- 0x0000000033333333
mem[X,0x00000000800089D8] -> 0x1F13
mem[X,0x00000000800089DA] -> 0x00BF
[8827] [M]: 0x00000000800089D8 (0x00BF1F13) slli t5, t5, 11
x30 <- 0x0000019999999800
mem[X,0x00000000800089DC] -> 0x0F13
mem[X,0x00000000800089DE] -> 0x199F
[8828] [M]: 0x00000000800089DC (0x199F0F13) addi t5, t5, 409
x30 <- 0x0000019999999999
mem[X,0x00000000800089E0] -> 0x1F13
mem[X,0x00000000800089E2] -> 0x00BF
[8829] [M]: 0x00000000800089E0 (0x00BF1F13) slli t5, t5, 11
x30 <- 0x000CCCCCCCCCC800
mem[X,0x00000000800089E4] -> 0x0F13
mem[X,0x00000000800089E6] -> 0x4CCF
[8830] [M]: 0x00000000800089E4 (0x4CCF0F13) addi t5, t5, 1228
x30 <- 0x000CCCCCCCCCCCCC
mem[X,0x00000000800089E8] -> 0x1F13
mem[X,0x00000000800089EA] -> 0x00AF
[8831] [M]: 0x00000000800089E8 (0x00AF1F13) slli t5, t5, 10
x30 <- 0x3333333333333000
mem[X,0x00000000800089EC] -> 0x0F13
mem[X,0x00000000800089EE] -> 0x334F
[8832] [M]: 0x00000000800089EC (0x334F0F13) addi t5, t5, 820
x30 <- 0x3333333333333334
mem[X,0x00000000800089F0] -> 0x0E93
mem[X,0x00000000800089F2] -> 0x0020
[8833] [M]: 0x00000000800089F0 (0x00200E93) addi t4, zero, 2
x29 <- 0x0000000000000002
mem[X,0x00000000800089F4] -> 0x4FB3
mem[X,0x00000000800089F6] -> 0x03DF
[8834] [M]: 0x00000000800089F4 (0x03DF4FB3) div t6, t5, t4
x31 <- 0x199999999999999A
mem[X,0x00000000800089F8] -> 0xBC23
mem[X,0x00000000800089FA] -> 0x1DF6
[8835] [M]: 0x00000000800089F8 (0x1DF6BC23) sd t6, 472(a3)
mem[0x000000008000E558] <- 0x199999999999999A
mem[X,0x00000000800089FC] -> 0x3F37
mem[X,0x00000000800089FE] -> 0x3333
[8836] [M]: 0x00000000800089FC (0x33333F37) lui t5, 209715
x30 <- 0x0000000033333000
mem[X,0x0000000080008A00] -> 0x0F13
mem[X,0x0000000080008A02] -> 0x333F
[8837] [M]: 0x0000000080008A00 (0x333F0F13) addi t5, t5, 819
x30 <- 0x0000000033333333
mem[X,0x0000000080008A04] -> 0x1F13
mem[X,0x0000000080008A06] -> 0x00BF
[8838] [M]: 0x0000000080008A04 (0x00BF1F13) slli t5, t5, 11
x30 <- 0x0000019999999800
mem[X,0x0000000080008A08] -> 0x0F13
mem[X,0x0000000080008A0A] -> 0x199F
[8839] [M]: 0x0000000080008A08 (0x199F0F13) addi t5, t5, 409
x30 <- 0x0000019999999999
mem[X,0x0000000080008A0C] -> 0x1F13
mem[X,0x0000000080008A0E] -> 0x00BF
[8840] [M]: 0x0000000080008A0C (0x00BF1F13) slli t5, t5, 11
x30 <- 0x000CCCCCCCCCC800
mem[X,0x0000000080008A10] -> 0x0F13
mem[X,0x0000000080008A12] -> 0x4CCF
[8841] [M]: 0x0000000080008A10 (0x4CCF0F13) addi t5, t5, 1228
x30 <- 0x000CCCCCCCCCCCCC
mem[X,0x0000000080008A14] -> 0x1F13
mem[X,0x0000000080008A16] -> 0x00AF
[8842] [M]: 0x0000000080008A14 (0x00AF1F13) slli t5, t5, 10
x30 <- 0x3333333333333000
mem[X,0x0000000080008A18] -> 0x0F13
mem[X,0x0000000080008A1A] -> 0x334F
[8843] [M]: 0x0000000080008A18 (0x334F0F13) addi t5, t5, 820
x30 <- 0x3333333333333334
mem[X,0x0000000080008A1C] -> 0x5EB7
mem[X,0x0000000080008A1E] -> 0x5555
[8844] [M]: 0x0000000080008A1C (0x55555EB7) lui t4, 349525
x29 <- 0x0000000055555000
mem[X,0x0000000080008A20] -> 0x8E93
mem[X,0x0000000080008A22] -> 0x555E
[8845] [M]: 0x0000000080008A20 (0x555E8E93) addi t4, t4, 1365
x29 <- 0x0000000055555555
mem[X,0x0000000080008A24] -> 0x9E93
mem[X,0x0000000080008A26] -> 0x00BE
[8846] [M]: 0x0000000080008A24 (0x00BE9E93) slli t4, t4, 11
x29 <- 0x000002AAAAAAA800
mem[X,0x0000000080008A28] -> 0x8E93
mem[X,0x0000000080008A2A] -> 0x2AAE
[8847] [M]: 0x0000000080008A28 (0x2AAE8E93) addi t4, t4, 682
x29 <- 0x000002AAAAAAAAAA
mem[X,0x0000000080008A2C] -> 0x9E93
mem[X,0x0000000080008A2E] -> 0x00BE
[8848] [M]: 0x0000000080008A2C (0x00BE9E93) slli t4, t4, 11
x29 <- 0x0015555555555000
mem[X,0x0000000080008A30] -> 0x8E93
mem[X,0x0000000080008A32] -> 0x555E
[8849] [M]: 0x0000000080008A30 (0x555E8E93) addi t4, t4, 1365
x29 <- 0x0015555555555555
mem[X,0x0000000080008A34] -> 0x9E93
mem[X,0x0000000080008A36] -> 0x00AE
[8850] [M]: 0x0000000080008A34 (0x00AE9E93) slli t4, t4, 10
x29 <- 0x5555555555555400
mem[X,0x0000000080008A38] -> 0x8E93
mem[X,0x0000000080008A3A] -> 0x154E
[8851] [M]: 0x0000000080008A38 (0x154E8E93) addi t4, t4, 340
x29 <- 0x5555555555555554
mem[X,0x0000000080008A3C] -> 0x4FB3
mem[X,0x0000000080008A3E] -> 0x03DF
[8852] [M]: 0x0000000080008A3C (0x03DF4FB3) div t6, t5, t4
x31 <- 0x0000000000000000
mem[X,0x0000000080008A40] -> 0xB023
mem[X,0x0000000080008A42] -> 0x1FF6
[8853] [M]: 0x0000000080008A40 (0x1FF6B023) sd t6, 480(a3)
mem[0x000000008000E560] <- 0x0000000000000000
mem[X,0x0000000080008A44] -> 0x3F37
mem[X,0x0000000080008A46] -> 0x3333
[8854] [M]: 0x0000000080008A44 (0x33333F37) lui t5, 209715
x30 <- 0x0000000033333000
mem[X,0x0000000080008A48] -> 0x0F13
mem[X,0x0000000080008A4A] -> 0x333F
[8855] [M]: 0x0000000080008A48 (0x333F0F13) addi t5, t5, 819
x30 <- 0x0000000033333333
mem[X,0x0000000080008A4C] -> 0x1F13
mem[X,0x0000000080008A4E] -> 0x00BF
[8856] [M]: 0x0000000080008A4C (0x00BF1F13) slli t5, t5, 11
x30 <- 0x0000019999999800
mem[X,0x0000000080008A50] -> 0x0F13
mem[X,0x0000000080008A52] -> 0x199F
[8857] [M]: 0x0000000080008A50 (0x199F0F13) addi t5, t5, 409
x30 <- 0x0000019999999999
mem[X,0x0000000080008A54] -> 0x1F13
mem[X,0x0000000080008A56] -> 0x00BF
[8858] [M]: 0x0000000080008A54 (0x00BF1F13) slli t5, t5, 11
x30 <- 0x000CCCCCCCCCC800
mem[X,0x0000000080008A58] -> 0x0F13
mem[X,0x0000000080008A5A] -> 0x4CCF
[8859] [M]: 0x0000000080008A58 (0x4CCF0F13) addi t5, t5, 1228
x30 <- 0x000CCCCCCCCCCCCC
mem[X,0x0000000080008A5C] -> 0x1F13
mem[X,0x0000000080008A5E] -> 0x00AF
[8860] [M]: 0x0000000080008A5C (0x00AF1F13) slli t5, t5, 10
x30 <- 0x3333333333333000
mem[X,0x0000000080008A60] -> 0x0F13
mem[X,0x0000000080008A62] -> 0x334F
[8861] [M]: 0x0000000080008A60 (0x334F0F13) addi t5, t5, 820
x30 <- 0x3333333333333334
mem[X,0x0000000080008A64] -> 0x3EB7
mem[X,0x0000000080008A66] -> 0x3333
[8862] [M]: 0x0000000080008A64 (0x33333EB7) lui t4, 209715
x29 <- 0x0000000033333000
mem[X,0x0000000080008A68] -> 0x8E93
mem[X,0x0000000080008A6A] -> 0x333E
[8863] [M]: 0x0000000080008A68 (0x333E8E93) addi t4, t4, 819
x29 <- 0x0000000033333333
mem[X,0x0000000080008A6C] -> 0x9E93
mem[X,0x0000000080008A6E] -> 0x00BE
[8864] [M]: 0x0000000080008A6C (0x00BE9E93) slli t4, t4, 11
x29 <- 0x0000019999999800
mem[X,0x0000000080008A70] -> 0x8E93
mem[X,0x0000000080008A72] -> 0x199E
[8865] [M]: 0x0000000080008A70 (0x199E8E93) addi t4, t4, 409
x29 <- 0x0000019999999999
mem[X,0x0000000080008A74] -> 0x9E93
mem[X,0x0000000080008A76] -> 0x00BE
[8866] [M]: 0x0000000080008A74 (0x00BE9E93) slli t4, t4, 11
x29 <- 0x000CCCCCCCCCC800
mem[X,0x0000000080008A78] -> 0x8E93
mem[X,0x0000000080008A7A] -> 0x4CCE
[8867] [M]: 0x0000000080008A78 (0x4CCE8E93) addi t4, t4, 1228
x29 <- 0x000CCCCCCCCCCCCC
mem[X,0x0000000080008A7C] -> 0x9E93
mem[X,0x0000000080008A7E] -> 0x00AE
[8868] [M]: 0x0000000080008A7C (0x00AE9E93) slli t4, t4, 10
x29 <- 0x3333333333333000
mem[X,0x0000000080008A80] -> 0x8E93
mem[X,0x0000000080008A82] -> 0x332E
[8869] [M]: 0x0000000080008A80 (0x332E8E93) addi t4, t4, 818
x29 <- 0x3333333333333332
mem[X,0x0000000080008A84] -> 0x4FB3
mem[X,0x0000000080008A86] -> 0x03DF
[8870] [M]: 0x0000000080008A84 (0x03DF4FB3) div t6, t5, t4
x31 <- 0x0000000000000001
mem[X,0x0000000080008A88] -> 0xB423
mem[X,0x0000000080008A8A] -> 0x1FF6
[8871] [M]: 0x0000000080008A88 (0x1FF6B423) sd t6, 488(a3)
mem[0x000000008000E568] <- 0x0000000000000001
mem[X,0x0000000080008A8C] -> 0x3F37
mem[X,0x0000000080008A8E] -> 0x3333
[8872] [M]: 0x0000000080008A8C (0x33333F37) lui t5, 209715
x30 <- 0x0000000033333000
mem[X,0x0000000080008A90] -> 0x0F13
mem[X,0x0000000080008A92] -> 0x333F
[8873] [M]: 0x0000000080008A90 (0x333F0F13) addi t5, t5, 819
x30 <- 0x0000000033333333
mem[X,0x0000000080008A94] -> 0x1F13
mem[X,0x0000000080008A96] -> 0x00BF
[8874] [M]: 0x0000000080008A94 (0x00BF1F13) slli t5, t5, 11
x30 <- 0x0000019999999800
mem[X,0x0000000080008A98] -> 0x0F13
mem[X,0x0000000080008A9A] -> 0x199F
[8875] [M]: 0x0000000080008A98 (0x199F0F13) addi t5, t5, 409
x30 <- 0x0000019999999999
mem[X,0x0000000080008A9C] -> 0x1F13
mem[X,0x0000000080008A9E] -> 0x00BF
[8876] [M]: 0x0000000080008A9C (0x00BF1F13) slli t5, t5, 11
x30 <- 0x000CCCCCCCCCC800
mem[X,0x0000000080008AA0] -> 0x0F13
mem[X,0x0000000080008AA2] -> 0x4CCF
[8877] [M]: 0x0000000080008AA0 (0x4CCF0F13) addi t5, t5, 1228
x30 <- 0x000CCCCCCCCCCCCC
mem[X,0x0000000080008AA4] -> 0x1F13
mem[X,0x0000000080008AA6] -> 0x00AF
[8878] [M]: 0x0000000080008AA4 (0x00AF1F13) slli t5, t5, 10
x30 <- 0x3333333333333000
mem[X,0x0000000080008AA8] -> 0x0F13
mem[X,0x0000000080008AAA] -> 0x334F
[8879] [M]: 0x0000000080008AA8 (0x334F0F13) addi t5, t5, 820
x30 <- 0x3333333333333334
mem[X,0x0000000080008AAC] -> 0x6EB7
mem[X,0x0000000080008AAE] -> 0x6666
[8880] [M]: 0x0000000080008AAC (0x66666EB7) lui t4, 419430
x29 <- 0x0000000066666000
mem[X,0x0000000080008AB0] -> 0x8E93
mem[X,0x0000000080008AB2] -> 0x666E
[8881] [M]: 0x0000000080008AB0 (0x666E8E93) addi t4, t4, 1638
x29 <- 0x0000000066666666
mem[X,0x0000000080008AB4] -> 0x9E93
mem[X,0x0000000080008AB6] -> 0x00BE
[8882] [M]: 0x0000000080008AB4 (0x00BE9E93) slli t4, t4, 11
x29 <- 0x0000033333333000
mem[X,0x0000000080008AB8] -> 0x8E93
mem[X,0x0000000080008ABA] -> 0x333E
[8883] [M]: 0x0000000080008AB8 (0x333E8E93) addi t4, t4, 819
x29 <- 0x0000033333333333
mem[X,0x0000000080008ABC] -> 0x9E93
mem[X,0x0000000080008ABE] -> 0x00BE
[8884] [M]: 0x0000000080008ABC (0x00BE9E93) slli t4, t4, 11
x29 <- 0x0019999999999800
mem[X,0x0000000080008AC0] -> 0x8E93
mem[X,0x0000000080008AC2] -> 0x199E
[8885] [M]: 0x0000000080008AC0 (0x199E8E93) addi t4, t4, 409
x29 <- 0x0019999999999999
mem[X,0x0000000080008AC4] -> 0x9E93
mem[X,0x0000000080008AC6] -> 0x00AE
[8886] [M]: 0x0000000080008AC4 (0x00AE9E93) slli t4, t4, 10
x29 <- 0x6666666666666400
mem[X,0x0000000080008AC8] -> 0x8E93
mem[X,0x0000000080008ACA] -> 0x265E
[8887] [M]: 0x0000000080008AC8 (0x265E8E93) addi t4, t4, 613
x29 <- 0x6666666666666665
mem[X,0x0000000080008ACC] -> 0x4FB3
mem[X,0x0000000080008ACE] -> 0x03DF
[8888] [M]: 0x0000000080008ACC (0x03DF4FB3) div t6, t5, t4
x31 <- 0x0000000000000000
mem[X,0x0000000080008AD0] -> 0xB823
mem[X,0x0000000080008AD2] -> 0x1FF6
[8889] [M]: 0x0000000080008AD0 (0x1FF6B823) sd t6, 496(a3)
mem[0x000000008000E570] <- 0x0000000000000000
mem[X,0x0000000080008AD4] -> 0x3F37
mem[X,0x0000000080008AD6] -> 0x3333
[8890] [M]: 0x0000000080008AD4 (0x33333F37) lui t5, 209715
x30 <- 0x0000000033333000
mem[X,0x0000000080008AD8] -> 0x0F13
mem[X,0x0000000080008ADA] -> 0x333F
[8891] [M]: 0x0000000080008AD8 (0x333F0F13) addi t5, t5, 819
x30 <- 0x0000000033333333
mem[X,0x0000000080008ADC] -> 0x1F13
mem[X,0x0000000080008ADE] -> 0x00BF
[8892] [M]: 0x0000000080008ADC (0x00BF1F13) slli t5, t5, 11
x30 <- 0x0000019999999800
mem[X,0x0000000080008AE0] -> 0x0F13
mem[X,0x0000000080008AE2] -> 0x199F
[8893] [M]: 0x0000000080008AE0 (0x199F0F13) addi t5, t5, 409
x30 <- 0x0000019999999999
mem[X,0x0000000080008AE4] -> 0x1F13
mem[X,0x0000000080008AE6] -> 0x00BF
[8894] [M]: 0x0000000080008AE4 (0x00BF1F13) slli t5, t5, 11
x30 <- 0x000CCCCCCCCCC800
mem[X,0x0000000080008AE8] -> 0x0F13
mem[X,0x0000000080008AEA] -> 0x4CCF
[8895] [M]: 0x0000000080008AE8 (0x4CCF0F13) addi t5, t5, 1228
x30 <- 0x000CCCCCCCCCCCCC
mem[X,0x0000000080008AEC] -> 0x1F13
mem[X,0x0000000080008AEE] -> 0x00AF
[8896] [M]: 0x0000000080008AEC (0x00AF1F13) slli t5, t5, 10
x30 <- 0x3333333333333000
mem[X,0x0000000080008AF0] -> 0x0F13
mem[X,0x0000000080008AF2] -> 0x334F
[8897] [M]: 0x0000000080008AF0 (0x334F0F13) addi t5, t5, 820
x30 <- 0x3333333333333334
mem[X,0x0000000080008AF4] -> 0x0E93
mem[X,0x0000000080008AF6] -> 0x0000
[8898] [M]: 0x0000000080008AF4 (0x00000E93) addi t4, zero, 0
x29 <- 0x0000000000000000
mem[X,0x0000000080008AF8] -> 0x4FB3
mem[X,0x0000000080008AFA] -> 0x03DF
[8899] [M]: 0x0000000080008AF8 (0x03DF4FB3) div t6, t5, t4
x31 <- 0xFFFFFFFFFFFFFFFF
clint::tick mtime <- 0x0000000000000059
 clint timer pending at mtime 0x0000000000000059
htif::tick 0x0000000000000000
mem[X,0x0000000080008AFC] -> 0xBC23
mem[X,0x0000000080008AFE] -> 0x1FF6
[8900] [M]: 0x0000000080008AFC (0x1FF6BC23) sd t6, 504(a3)
mem[0x000000008000E578] <- 0xFFFFFFFFFFFFFFFF
mem[X,0x0000000080008B00] -> 0x3F37
mem[X,0x0000000080008B02] -> 0x3333
[8901] [M]: 0x0000000080008B00 (0x33333F37) lui t5, 209715
x30 <- 0x0000000033333000
mem[X,0x0000000080008B04] -> 0x0F13
mem[X,0x0000000080008B06] -> 0x333F
[8902] [M]: 0x0000000080008B04 (0x333F0F13) addi t5, t5, 819
x30 <- 0x0000000033333333
mem[X,0x0000000080008B08] -> 0x1F13
mem[X,0x0000000080008B0A] -> 0x00BF
[8903] [M]: 0x0000000080008B08 (0x00BF1F13) slli t5, t5, 11
x30 <- 0x0000019999999800
mem[X,0x0000000080008B0C] -> 0x0F13
mem[X,0x0000000080008B0E] -> 0x199F
[8904] [M]: 0x0000000080008B0C (0x199F0F13) addi t5, t5, 409
x30 <- 0x0000019999999999
mem[X,0x0000000080008B10] -> 0x1F13
mem[X,0x0000000080008B12] -> 0x00BF
[8905] [M]: 0x0000000080008B10 (0x00BF1F13) slli t5, t5, 11
x30 <- 0x000CCCCCCCCCC800
mem[X,0x0000000080008B14] -> 0x0F13
mem[X,0x0000000080008B16] -> 0x4CCF
[8906] [M]: 0x0000000080008B14 (0x4CCF0F13) addi t5, t5, 1228
x30 <- 0x000CCCCCCCCCCCCC
mem[X,0x0000000080008B18] -> 0x1F13
mem[X,0x0000000080008B1A] -> 0x00AF
[8907] [M]: 0x0000000080008B18 (0x00AF1F13) slli t5, t5, 10
x30 <- 0x3333333333333000
mem[X,0x0000000080008B1C] -> 0x0F13
mem[X,0x0000000080008B1E] -> 0x334F
[8908] [M]: 0x0000000080008B1C (0x334F0F13) addi t5, t5, 820
x30 <- 0x3333333333333334
mem[X,0x0000000080008B20] -> 0x0EB7
mem[X,0x0000000080008B22] -> 0x0000
[8909] [M]: 0x0000000080008B20 (0x00000EB7) lui t4, 0
x29 <- 0x0000000000000000
mem[X,0x0000000080008B24] -> 0x8E93
mem[X,0x0000000080008B26] -> 0x000E
[8910] [M]: 0x0000000080008B24 (0x000E8E93) addi t4, t4, 0
x29 <- 0x0000000000000000
mem[X,0x0000000080008B28] -> 0x9E93
mem[X,0x0000000080008B2A] -> 0x00BE
[8911] [M]: 0x0000000080008B28 (0x00BE9E93) slli t4, t4, 11
x29 <- 0x0000000000000000
mem[X,0x0000000080008B2C] -> 0x8E93
mem[X,0x0000000080008B2E] -> 0x5A8E
[8912] [M]: 0x0000000080008B2C (0x5A8E8E93) addi t4, t4, 1448
x29 <- 0x00000000000005A8
mem[X,0x0000000080008B30] -> 0x9E93
mem[X,0x0000000080008B32] -> 0x00BE
[8913] [M]: 0x0000000080008B30 (0x00BE9E93) slli t4, t4, 11
x29 <- 0x00000000002D4000
mem[X,0x0000000080008B34] -> 0x8E93
mem[X,0x0000000080008B36] -> 0x13CE
[8914] [M]: 0x0000000080008B34 (0x13CE8E93) addi t4, t4, 316
x29 <- 0x00000000002D413C
mem[X,0x0000000080008B38] -> 0x9E93
mem[X,0x0000000080008B3A] -> 0x00AE
[8915] [M]: 0x0000000080008B38 (0x00AE9E93) slli t4, t4, 10
x29 <- 0x00000000B504F000
mem[X,0x0000000080008B3C] -> 0x8E93
mem[X,0x0000000080008B3E] -> 0x332E
[8916] [M]: 0x0000000080008B3C (0x332E8E93) addi t4, t4, 818
x29 <- 0x00000000B504F332
mem[X,0x0000000080008B40] -> 0x4FB3
mem[X,0x0000000080008B42] -> 0x03DF
[8917] [M]: 0x0000000080008B40 (0x03DF4FB3) div t6, t5, t4
x31 <- 0x0000000048686148
mem[X,0x0000000080008B44] -> 0xB023
mem[X,0x0000000080008B46] -> 0x21F6
[8918] [M]: 0x0000000080008B44 (0x21F6B023) sd t6, 512(a3)
mem[0x000000008000E580] <- 0x0000000048686148
mem[X,0x0000000080008B48] -> 0x3F37
mem[X,0x0000000080008B4A] -> 0x3333
[8919] [M]: 0x0000000080008B48 (0x33333F37) lui t5, 209715
x30 <- 0x0000000033333000
mem[X,0x0000000080008B4C] -> 0x0F13
mem[X,0x0000000080008B4E] -> 0x333F
[8920] [M]: 0x0000000080008B4C (0x333F0F13) addi t5, t5, 819
x30 <- 0x0000000033333333
mem[X,0x0000000080008B50] -> 0x1F13
mem[X,0x0000000080008B52] -> 0x00BF
[8921] [M]: 0x0000000080008B50 (0x00BF1F13) slli t5, t5, 11
x30 <- 0x0000019999999800
mem[X,0x0000000080008B54] -> 0x0F13
mem[X,0x0000000080008B56] -> 0x199F
[8922] [M]: 0x0000000080008B54 (0x199F0F13) addi t5, t5, 409
x30 <- 0x0000019999999999
mem[X,0x0000000080008B58] -> 0x1F13
mem[X,0x0000000080008B5A] -> 0x00BF
[8923] [M]: 0x0000000080008B58 (0x00BF1F13) slli t5, t5, 11
x30 <- 0x000CCCCCCCCCC800
mem[X,0x0000000080008B5C] -> 0x0F13
mem[X,0x0000000080008B5E] -> 0x4CCF
[8924] [M]: 0x0000000080008B5C (0x4CCF0F13) addi t5, t5, 1228
x30 <- 0x000CCCCCCCCCCCCC
mem[X,0x0000000080008B60] -> 0x1F13
mem[X,0x0000000080008B62] -> 0x00AF
[8925] [M]: 0x0000000080008B60 (0x00AF1F13) slli t5, t5, 10
x30 <- 0x3333333333333000
mem[X,0x0000000080008B64] -> 0x0F13
mem[X,0x0000000080008B66] -> 0x334F
[8926] [M]: 0x0000000080008B64 (0x334F0F13) addi t5, t5, 820
x30 <- 0x3333333333333334
mem[X,0x0000000080008B68] -> 0x0E93
mem[X,0x0000000080008B6A] -> 0x0040
[8927] [M]: 0x0000000080008B68 (0x00400E93) addi t4, zero, 4
x29 <- 0x0000000000000004
mem[X,0x0000000080008B6C] -> 0x4FB3
mem[X,0x0000000080008B6E] -> 0x03DF
[8928] [M]: 0x0000000080008B6C (0x03DF4FB3) div t6, t5, t4
x31 <- 0x0CCCCCCCCCCCCCCD
mem[X,0x0000000080008B70] -> 0xB423
mem[X,0x0000000080008B72] -> 0x21F6
[8929] [M]: 0x0000000080008B70 (0x21F6B423) sd t6, 520(a3)
mem[0x000000008000E588] <- 0x0CCCCCCCCCCCCCCD
mem[X,0x0000000080008B74] -> 0x3F37
mem[X,0x0000000080008B76] -> 0x3333
[8930] [M]: 0x0000000080008B74 (0x33333F37) lui t5, 209715
x30 <- 0x0000000033333000
mem[X,0x0000000080008B78] -> 0x0F13
mem[X,0x0000000080008B7A] -> 0x333F
[8931] [M]: 0x0000000080008B78 (0x333F0F13) addi t5, t5, 819
x30 <- 0x0000000033333333
mem[X,0x0000000080008B7C] -> 0x1F13
mem[X,0x0000000080008B7E] -> 0x00BF
[8932] [M]: 0x0000000080008B7C (0x00BF1F13) slli t5, t5, 11
x30 <- 0x0000019999999800
mem[X,0x0000000080008B80] -> 0x0F13
mem[X,0x0000000080008B82] -> 0x199F
[8933] [M]: 0x0000000080008B80 (0x199F0F13) addi t5, t5, 409
x30 <- 0x0000019999999999
mem[X,0x0000000080008B84] -> 0x1F13
mem[X,0x0000000080008B86] -> 0x00BF
[8934] [M]: 0x0000000080008B84 (0x00BF1F13) slli t5, t5, 11
x30 <- 0x000CCCCCCCCCC800
mem[X,0x0000000080008B88] -> 0x0F13
mem[X,0x0000000080008B8A] -> 0x4CCF
[8935] [M]: 0x0000000080008B88 (0x4CCF0F13) addi t5, t5, 1228
x30 <- 0x000CCCCCCCCCCCCC
mem[X,0x0000000080008B8C] -> 0x1F13
mem[X,0x0000000080008B8E] -> 0x00AF
[8936] [M]: 0x0000000080008B8C (0x00AF1F13) slli t5, t5, 10
x30 <- 0x3333333333333000
mem[X,0x0000000080008B90] -> 0x0F13
mem[X,0x0000000080008B92] -> 0x334F
[8937] [M]: 0x0000000080008B90 (0x334F0F13) addi t5, t5, 820
x30 <- 0x3333333333333334
mem[X,0x0000000080008B94] -> 0x5EB7
mem[X,0x0000000080008B96] -> 0x5555
[8938] [M]: 0x0000000080008B94 (0x55555EB7) lui t4, 349525
x29 <- 0x0000000055555000
mem[X,0x0000000080008B98] -> 0x8E93
mem[X,0x0000000080008B9A] -> 0x555E
[8939] [M]: 0x0000000080008B98 (0x555E8E93) addi t4, t4, 1365
x29 <- 0x0000000055555555
mem[X,0x0000000080008B9C] -> 0x9E93
mem[X,0x0000000080008B9E] -> 0x00BE
[8940] [M]: 0x0000000080008B9C (0x00BE9E93) slli t4, t4, 11
x29 <- 0x000002AAAAAAA800
mem[X,0x0000000080008BA0] -> 0x8E93
mem[X,0x0000000080008BA2] -> 0x2AAE
[8941] [M]: 0x0000000080008BA0 (0x2AAE8E93) addi t4, t4, 682
x29 <- 0x000002AAAAAAAAAA
mem[X,0x0000000080008BA4] -> 0x9E93
mem[X,0x0000000080008BA6] -> 0x00BE
[8942] [M]: 0x0000000080008BA4 (0x00BE9E93) slli t4, t4, 11
x29 <- 0x0015555555555000
mem[X,0x0000000080008BA8] -> 0x8E93
mem[X,0x0000000080008BAA] -> 0x555E
[8943] [M]: 0x0000000080008BA8 (0x555E8E93) addi t4, t4, 1365
x29 <- 0x0015555555555555
mem[X,0x0000000080008BAC] -> 0x9E93
mem[X,0x0000000080008BAE] -> 0x00AE
[8944] [M]: 0x0000000080008BAC (0x00AE9E93) slli t4, t4, 10
x29 <- 0x5555555555555400
mem[X,0x0000000080008BB0] -> 0x8E93
mem[X,0x0000000080008BB2] -> 0x156E
[8945] [M]: 0x0000000080008BB0 (0x156E8E93) addi t4, t4, 342
x29 <- 0x5555555555555556
mem[X,0x0000000080008BB4] -> 0x4FB3
mem[X,0x0000000080008BB6] -> 0x03DF
[8946] [M]: 0x0000000080008BB4 (0x03DF4FB3) div t6, t5, t4
x31 <- 0x0000000000000000
mem[X,0x0000000080008BB8] -> 0xB823
mem[X,0x0000000080008BBA] -> 0x21F6
[8947] [M]: 0x0000000080008BB8 (0x21F6B823) sd t6, 528(a3)
mem[0x000000008000E590] <- 0x0000000000000000
mem[X,0x0000000080008BBC] -> 0x3F37
mem[X,0x0000000080008BBE] -> 0x3333
[8948] [M]: 0x0000000080008BBC (0x33333F37) lui t5, 209715
x30 <- 0x0000000033333000
mem[X,0x0000000080008BC0] -> 0x0F13
mem[X,0x0000000080008BC2] -> 0x333F
[8949] [M]: 0x0000000080008BC0 (0x333F0F13) addi t5, t5, 819
x30 <- 0x0000000033333333
mem[X,0x0000000080008BC4] -> 0x1F13
mem[X,0x0000000080008BC6] -> 0x00BF
[8950] [M]: 0x0000000080008BC4 (0x00BF1F13) slli t5, t5, 11
x30 <- 0x0000019999999800
mem[X,0x0000000080008BC8] -> 0x0F13
mem[X,0x0000000080008BCA] -> 0x199F
[8951] [M]: 0x0000000080008BC8 (0x199F0F13) addi t5, t5, 409
x30 <- 0x0000019999999999
mem[X,0x0000000080008BCC] -> 0x1F13
mem[X,0x0000000080008BCE] -> 0x00BF
[8952] [M]: 0x0000000080008BCC (0x00BF1F13) slli t5, t5, 11
x30 <- 0x000CCCCCCCCCC800
mem[X,0x0000000080008BD0] -> 0x0F13
mem[X,0x0000000080008BD2] -> 0x4CCF
[8953] [M]: 0x0000000080008BD0 (0x4CCF0F13) addi t5, t5, 1228
x30 <- 0x000CCCCCCCCCCCCC
mem[X,0x0000000080008BD4] -> 0x1F13
mem[X,0x0000000080008BD6] -> 0x00AF
[8954] [M]: 0x0000000080008BD4 (0x00AF1F13) slli t5, t5, 10
x30 <- 0x3333333333333000
mem[X,0x0000000080008BD8] -> 0x0F13
mem[X,0x0000000080008BDA] -> 0x334F
[8955] [M]: 0x0000000080008BD8 (0x334F0F13) addi t5, t5, 820
x30 <- 0x3333333333333334
mem[X,0x0000000080008BDC] -> 0xBEB7
mem[X,0x0000000080008BDE] -> 0xAAAA
[8956] [M]: 0x0000000080008BDC (0xAAAABEB7) lui t4, 699051
x29 <- 0xFFFFFFFFAAAAB000
mem[X,0x0000000080008BE0] -> 0x8E93
mem[X,0x0000000080008BE2] -> 0xAAAE
[8957] [M]: 0x0000000080008BE0 (0xAAAE8E93) addi t4, t4, 2730
x29 <- 0xFFFFFFFFAAAAAAAA
mem[X,0x0000000080008BE4] -> 0x9E93
mem[X,0x0000000080008BE6] -> 0x00BE
[8958] [M]: 0x0000000080008BE4 (0x00BE9E93) slli t4, t4, 11
x29 <- 0xFFFFFD5555555000
mem[X,0x0000000080008BE8] -> 0x8E93
mem[X,0x0000000080008BEA] -> 0x555E
[8959] [M]: 0x0000000080008BE8 (0x555E8E93) addi t4, t4, 1365
x29 <- 0xFFFFFD5555555555
mem[X,0x0000000080008BEC] -> 0x9E93
mem[X,0x0000000080008BEE] -> 0x00BE
[8960] [M]: 0x0000000080008BEC (0x00BE9E93) slli t4, t4, 11
x29 <- 0xFFEAAAAAAAAAA800
mem[X,0x0000000080008BF0] -> 0x8E93
mem[X,0x0000000080008BF2] -> 0x2AAE
[8961] [M]: 0x0000000080008BF0 (0x2AAE8E93) addi t4, t4, 682
x29 <- 0xFFEAAAAAAAAAAAAA
mem[X,0x0000000080008BF4] -> 0x9E93
mem[X,0x0000000080008BF6] -> 0x00AE
[8962] [M]: 0x0000000080008BF4 (0x00AE9E93) slli t4, t4, 10
x29 <- 0xAAAAAAAAAAAAA800
mem[X,0x0000000080008BF8] -> 0x8E93
mem[X,0x0000000080008BFA] -> 0x2ABE
[8963] [M]: 0x0000000080008BF8 (0x2ABE8E93) addi t4, t4, 683
x29 <- 0xAAAAAAAAAAAAAAAB
mem[X,0x0000000080008BFC] -> 0x4FB3
mem[X,0x0000000080008BFE] -> 0x03DF
[8964] [M]: 0x0000000080008BFC (0x03DF4FB3) div t6, t5, t4
x31 <- 0x0000000000000000
mem[X,0x0000000080008C00] -> 0xBC23
mem[X,0x0000000080008C02] -> 0x21F6
[8965] [M]: 0x0000000080008C00 (0x21F6BC23) sd t6, 536(a3)
mem[0x000000008000E598] <- 0x0000000000000000
mem[X,0x0000000080008C04] -> 0x3F37
mem[X,0x0000000080008C06] -> 0x3333
[8966] [M]: 0x0000000080008C04 (0x33333F37) lui t5, 209715
x30 <- 0x0000000033333000
mem[X,0x0000000080008C08] -> 0x0F13
mem[X,0x0000000080008C0A] -> 0x333F
[8967] [M]: 0x0000000080008C08 (0x333F0F13) addi t5, t5, 819
x30 <- 0x0000000033333333
mem[X,0x0000000080008C0C] -> 0x1F13
mem[X,0x0000000080008C0E] -> 0x00BF
[8968] [M]: 0x0000000080008C0C (0x00BF1F13) slli t5, t5, 11
x30 <- 0x0000019999999800
mem[X,0x0000000080008C10] -> 0x0F13
mem[X,0x0000000080008C12] -> 0x199F
[8969] [M]: 0x0000000080008C10 (0x199F0F13) addi t5, t5, 409
x30 <- 0x0000019999999999
mem[X,0x0000000080008C14] -> 0x1F13
mem[X,0x0000000080008C16] -> 0x00BF
[8970] [M]: 0x0000000080008C14 (0x00BF1F13) slli t5, t5, 11
x30 <- 0x000CCCCCCCCCC800
mem[X,0x0000000080008C18] -> 0x0F13
mem[X,0x0000000080008C1A] -> 0x4CCF
[8971] [M]: 0x0000000080008C18 (0x4CCF0F13) addi t5, t5, 1228
x30 <- 0x000CCCCCCCCCCCCC
mem[X,0x0000000080008C1C] -> 0x1F13
mem[X,0x0000000080008C1E] -> 0x00AF
[8972] [M]: 0x0000000080008C1C (0x00AF1F13) slli t5, t5, 10
x30 <- 0x3333333333333000
mem[X,0x0000000080008C20] -> 0x0F13
mem[X,0x0000000080008C22] -> 0x334F
[8973] [M]: 0x0000000080008C20 (0x334F0F13) addi t5, t5, 820
x30 <- 0x3333333333333334
mem[X,0x0000000080008C24] -> 0x0E93
mem[X,0x0000000080008C26] -> 0x0060
[8974] [M]: 0x0000000080008C24 (0x00600E93) addi t4, zero, 6
x29 <- 0x0000000000000006
mem[X,0x0000000080008C28] -> 0x4FB3
mem[X,0x0000000080008C2A] -> 0x03DF
[8975] [M]: 0x0000000080008C28 (0x03DF4FB3) div t6, t5, t4
x31 <- 0x0888888888888888
mem[X,0x0000000080008C2C] -> 0xB023
mem[X,0x0000000080008C2E] -> 0x23F6
[8976] [M]: 0x0000000080008C2C (0x23F6B023) sd t6, 544(a3)
mem[0x000000008000E5A0] <- 0x0888888888888888
mem[X,0x0000000080008C30] -> 0x3F37
mem[X,0x0000000080008C32] -> 0x3333
[8977] [M]: 0x0000000080008C30 (0x33333F37) lui t5, 209715
x30 <- 0x0000000033333000
mem[X,0x0000000080008C34] -> 0x0F13
mem[X,0x0000000080008C36] -> 0x333F
[8978] [M]: 0x0000000080008C34 (0x333F0F13) addi t5, t5, 819
x30 <- 0x0000000033333333
mem[X,0x0000000080008C38] -> 0x1F13
mem[X,0x0000000080008C3A] -> 0x00BF
[8979] [M]: 0x0000000080008C38 (0x00BF1F13) slli t5, t5, 11
x30 <- 0x0000019999999800
mem[X,0x0000000080008C3C] -> 0x0F13
mem[X,0x0000000080008C3E] -> 0x199F
[8980] [M]: 0x0000000080008C3C (0x199F0F13) addi t5, t5, 409
x30 <- 0x0000019999999999
mem[X,0x0000000080008C40] -> 0x1F13
mem[X,0x0000000080008C42] -> 0x00BF
[8981] [M]: 0x0000000080008C40 (0x00BF1F13) slli t5, t5, 11
x30 <- 0x000CCCCCCCCCC800
mem[X,0x0000000080008C44] -> 0x0F13
mem[X,0x0000000080008C46] -> 0x4CCF
[8982] [M]: 0x0000000080008C44 (0x4CCF0F13) addi t5, t5, 1228
x30 <- 0x000CCCCCCCCCCCCC
mem[X,0x0000000080008C48] -> 0x1F13
mem[X,0x0000000080008C4A] -> 0x00AF
[8983] [M]: 0x0000000080008C48 (0x00AF1F13) slli t5, t5, 10
x30 <- 0x3333333333333000
mem[X,0x0000000080008C4C] -> 0x0F13
mem[X,0x0000000080008C4E] -> 0x334F
[8984] [M]: 0x0000000080008C4C (0x334F0F13) addi t5, t5, 820
x30 <- 0x3333333333333334
mem[X,0x0000000080008C50] -> 0x3EB7
mem[X,0x0000000080008C52] -> 0x3333
[8985] [M]: 0x0000000080008C50 (0x33333EB7) lui t4, 209715
x29 <- 0x0000000033333000
mem[X,0x0000000080008C54] -> 0x8E93
mem[X,0x0000000080008C56] -> 0x333E
[8986] [M]: 0x0000000080008C54 (0x333E8E93) addi t4, t4, 819
x29 <- 0x0000000033333333
mem[X,0x0000000080008C58] -> 0x9E93
mem[X,0x0000000080008C5A] -> 0x00BE
[8987] [M]: 0x0000000080008C58 (0x00BE9E93) slli t4, t4, 11
x29 <- 0x0000019999999800
mem[X,0x0000000080008C5C] -> 0x8E93
mem[X,0x0000000080008C5E] -> 0x199E
[8988] [M]: 0x0000000080008C5C (0x199E8E93) addi t4, t4, 409
x29 <- 0x0000019999999999
mem[X,0x0000000080008C60] -> 0x9E93
mem[X,0x0000000080008C62] -> 0x00BE
[8989] [M]: 0x0000000080008C60 (0x00BE9E93) slli t4, t4, 11
x29 <- 0x000CCCCCCCCCC800
mem[X,0x0000000080008C64] -> 0x8E93
mem[X,0x0000000080008C66] -> 0x4CCE
[8990] [M]: 0x0000000080008C64 (0x4CCE8E93) addi t4, t4, 1228
x29 <- 0x000CCCCCCCCCCCCC
mem[X,0x0000000080008C68] -> 0x9E93
mem[X,0x0000000080008C6A] -> 0x00AE
[8991] [M]: 0x0000000080008C68 (0x00AE9E93) slli t4, t4, 10
x29 <- 0x3333333333333000
mem[X,0x0000000080008C6C] -> 0x8E93
mem[X,0x0000000080008C6E] -> 0x334E
[8992] [M]: 0x0000000080008C6C (0x334E8E93) addi t4, t4, 820
x29 <- 0x3333333333333334
mem[X,0x0000000080008C70] -> 0x4FB3
mem[X,0x0000000080008C72] -> 0x03DF
[8993] [M]: 0x0000000080008C70 (0x03DF4FB3) div t6, t5, t4
x31 <- 0x0000000000000001
mem[X,0x0000000080008C74] -> 0xB423
mem[X,0x0000000080008C76] -> 0x23F6
[8994] [M]: 0x0000000080008C74 (0x23F6B423) sd t6, 552(a3)
mem[0x000000008000E5A8] <- 0x0000000000000001
mem[X,0x0000000080008C78] -> 0x3F37
mem[X,0x0000000080008C7A] -> 0x3333
[8995] [M]: 0x0000000080008C78 (0x33333F37) lui t5, 209715
x30 <- 0x0000000033333000
mem[X,0x0000000080008C7C] -> 0x0F13
mem[X,0x0000000080008C7E] -> 0x333F
[8996] [M]: 0x0000000080008C7C (0x333F0F13) addi t5, t5, 819
x30 <- 0x0000000033333333
mem[X,0x0000000080008C80] -> 0x1F13
mem[X,0x0000000080008C82] -> 0x00BF
[8997] [M]: 0x0000000080008C80 (0x00BF1F13) slli t5, t5, 11
x30 <- 0x0000019999999800
mem[X,0x0000000080008C84] -> 0x0F13
mem[X,0x0000000080008C86] -> 0x199F
[8998] [M]: 0x0000000080008C84 (0x199F0F13) addi t5, t5, 409
x30 <- 0x0000019999999999
mem[X,0x0000000080008C88] -> 0x1F13
mem[X,0x0000000080008C8A] -> 0x00BF
[8999] [M]: 0x0000000080008C88 (0x00BF1F13) slli t5, t5, 11
x30 <- 0x000CCCCCCCCCC800
clint::tick mtime <- 0x000000000000005A
 clint timer pending at mtime 0x000000000000005A
htif::tick 0x0000000000000000
mem[X,0x0000000080008C8C] -> 0x0F13
mem[X,0x0000000080008C8E] -> 0x4CCF
[9000] [M]: 0x0000000080008C8C (0x4CCF0F13) addi t5, t5, 1228
x30 <- 0x000CCCCCCCCCCCCC
mem[X,0x0000000080008C90] -> 0x1F13
mem[X,0x0000000080008C92] -> 0x00AF
[9001] [M]: 0x0000000080008C90 (0x00AF1F13) slli t5, t5, 10
x30 <- 0x3333333333333000
mem[X,0x0000000080008C94] -> 0x0F13
mem[X,0x0000000080008C96] -> 0x334F
[9002] [M]: 0x0000000080008C94 (0x334F0F13) addi t5, t5, 820
x30 <- 0x3333333333333334
mem[X,0x0000000080008C98] -> 0x6EB7
mem[X,0x0000000080008C9A] -> 0x6666
[9003] [M]: 0x0000000080008C98 (0x66666EB7) lui t4, 419430
x29 <- 0x0000000066666000
mem[X,0x0000000080008C9C] -> 0x8E93
mem[X,0x0000000080008C9E] -> 0x666E
[9004] [M]: 0x0000000080008C9C (0x666E8E93) addi t4, t4, 1638
x29 <- 0x0000000066666666
mem[X,0x0000000080008CA0] -> 0x9E93
mem[X,0x0000000080008CA2] -> 0x00BE
[9005] [M]: 0x0000000080008CA0 (0x00BE9E93) slli t4, t4, 11
x29 <- 0x0000033333333000
mem[X,0x0000000080008CA4] -> 0x8E93
mem[X,0x0000000080008CA6] -> 0x333E
[9006] [M]: 0x0000000080008CA4 (0x333E8E93) addi t4, t4, 819
x29 <- 0x0000033333333333
mem[X,0x0000000080008CA8] -> 0x9E93
mem[X,0x0000000080008CAA] -> 0x00BE
[9007] [M]: 0x0000000080008CA8 (0x00BE9E93) slli t4, t4, 11
x29 <- 0x0019999999999800
mem[X,0x0000000080008CAC] -> 0x8E93
mem[X,0x0000000080008CAE] -> 0x199E
[9008] [M]: 0x0000000080008CAC (0x199E8E93) addi t4, t4, 409
x29 <- 0x0019999999999999
mem[X,0x0000000080008CB0] -> 0x9E93
mem[X,0x0000000080008CB2] -> 0x00AE
[9009] [M]: 0x0000000080008CB0 (0x00AE9E93) slli t4, t4, 10
x29 <- 0x6666666666666400
mem[X,0x0000000080008CB4] -> 0x8E93
mem[X,0x0000000080008CB6] -> 0x267E
[9010] [M]: 0x0000000080008CB4 (0x267E8E93) addi t4, t4, 615
x29 <- 0x6666666666666667
mem[X,0x0000000080008CB8] -> 0x4FB3
mem[X,0x0000000080008CBA] -> 0x03DF
[9011] [M]: 0x0000000080008CB8 (0x03DF4FB3) div t6, t5, t4
x31 <- 0x0000000000000000
mem[X,0x0000000080008CBC] -> 0xB823
mem[X,0x0000000080008CBE] -> 0x23F6
[9012] [M]: 0x0000000080008CBC (0x23F6B823) sd t6, 560(a3)
mem[0x000000008000E5B0] <- 0x0000000000000000
mem[X,0x0000000080008CC0] -> 0x3F37
mem[X,0x0000000080008CC2] -> 0x3333
[9013] [M]: 0x0000000080008CC0 (0x33333F37) lui t5, 209715
x30 <- 0x0000000033333000
mem[X,0x0000000080008CC4] -> 0x0F13
mem[X,0x0000000080008CC6] -> 0x333F
[9014] [M]: 0x0000000080008CC4 (0x333F0F13) addi t5, t5, 819
x30 <- 0x0000000033333333
mem[X,0x0000000080008CC8] -> 0x1F13
mem[X,0x0000000080008CCA] -> 0x00BF
[9015] [M]: 0x0000000080008CC8 (0x00BF1F13) slli t5, t5, 11
x30 <- 0x0000019999999800
mem[X,0x0000000080008CCC] -> 0x0F13
mem[X,0x0000000080008CCE] -> 0x199F
[9016] [M]: 0x0000000080008CCC (0x199F0F13) addi t5, t5, 409
x30 <- 0x0000019999999999
mem[X,0x0000000080008CD0] -> 0x1F13
mem[X,0x0000000080008CD2] -> 0x00BF
[9017] [M]: 0x0000000080008CD0 (0x00BF1F13) slli t5, t5, 11
x30 <- 0x000CCCCCCCCCC800
mem[X,0x0000000080008CD4] -> 0x0F13
mem[X,0x0000000080008CD6] -> 0x4CCF
[9018] [M]: 0x0000000080008CD4 (0x4CCF0F13) addi t5, t5, 1228
x30 <- 0x000CCCCCCCCCCCCC
mem[X,0x0000000080008CD8] -> 0x1F13
mem[X,0x0000000080008CDA] -> 0x00AF
[9019] [M]: 0x0000000080008CD8 (0x00AF1F13) slli t5, t5, 10
x30 <- 0x3333333333333000
mem[X,0x0000000080008CDC] -> 0x0F13
mem[X,0x0000000080008CDE] -> 0x334F
[9020] [M]: 0x0000000080008CDC (0x334F0F13) addi t5, t5, 820
x30 <- 0x3333333333333334
mem[X,0x0000000080008CE0] -> 0x0EB7
mem[X,0x0000000080008CE2] -> 0x0000
[9021] [M]: 0x0000000080008CE0 (0x00000EB7) lui t4, 0
x29 <- 0x0000000000000000
mem[X,0x0000000080008CE4] -> 0x8E93
mem[X,0x0000000080008CE6] -> 0xFFFE
[9022] [M]: 0x0000000080008CE4 (0xFFFE8E93) addi t4, t4, 4095
x29 <- 0xFFFFFFFFFFFFFFFF
mem[X,0x0000000080008CE8] -> 0x9E93
mem[X,0x0000000080008CEA] -> 0x00BE
[9023] [M]: 0x0000000080008CE8 (0x00BE9E93) slli t4, t4, 11
x29 <- 0xFFFFFFFFFFFFF800
mem[X,0x0000000080008CEC] -> 0x8E93
mem[X,0x0000000080008CEE] -> 0x257E
[9024] [M]: 0x0000000080008CEC (0x257E8E93) addi t4, t4, 599
x29 <- 0xFFFFFFFFFFFFFA57
mem[X,0x0000000080008CF0] -> 0x9E93
mem[X,0x0000000080008CF2] -> 0x00BE
[9025] [M]: 0x0000000080008CF0 (0x00BE9E93) slli t4, t4, 11
x29 <- 0xFFFFFFFFFFD2B800
mem[X,0x0000000080008CF4] -> 0x8E93
mem[X,0x0000000080008CF6] -> 0x6C3E
[9026] [M]: 0x0000000080008CF4 (0x6C3E8E93) addi t4, t4, 1731
x29 <- 0xFFFFFFFFFFD2BEC3
mem[X,0x0000000080008CF8] -> 0x9E93
mem[X,0x0000000080008CFA] -> 0x00AE
[9027] [M]: 0x0000000080008CF8 (0x00AE9E93) slli t4, t4, 10
x29 <- 0xFFFFFFFF4AFB0C00
mem[X,0x0000000080008CFC] -> 0x8E93
mem[X,0x0000000080008CFE] -> 0x0CEE
[9028] [M]: 0x0000000080008CFC (0x0CEE8E93) addi t4, t4, 206
x29 <- 0xFFFFFFFF4AFB0CCE
mem[X,0x0000000080008D00] -> 0x4FB3
mem[X,0x0000000080008D02] -> 0x03DF
[9029] [M]: 0x0000000080008D00 (0x03DF4FB3) div t6, t5, t4
x31 <- 0xFFFFFFFFB7979EB8
mem[X,0x0000000080008D04] -> 0xBC23
mem[X,0x0000000080008D06] -> 0x23F6
[9030] [M]: 0x0000000080008D04 (0x23F6BC23) sd t6, 568(a3)
mem[0x000000008000E5B8] <- 0xFFFFFFFFB7979EB8
mem[X,0x0000000080008D08] -> 0x3F37
mem[X,0x0000000080008D0A] -> 0x3333
[9031] [M]: 0x0000000080008D08 (0x33333F37) lui t5, 209715
x30 <- 0x0000000033333000
mem[X,0x0000000080008D0C] -> 0x0F13
mem[X,0x0000000080008D0E] -> 0x333F
[9032] [M]: 0x0000000080008D0C (0x333F0F13) addi t5, t5, 819
x30 <- 0x0000000033333333
mem[X,0x0000000080008D10] -> 0x1F13
mem[X,0x0000000080008D12] -> 0x00BF
[9033] [M]: 0x0000000080008D10 (0x00BF1F13) slli t5, t5, 11
x30 <- 0x0000019999999800
mem[X,0x0000000080008D14] -> 0x0F13
mem[X,0x0000000080008D16] -> 0x199F
[9034] [M]: 0x0000000080008D14 (0x199F0F13) addi t5, t5, 409
x30 <- 0x0000019999999999
mem[X,0x0000000080008D18] -> 0x1F13
mem[X,0x0000000080008D1A] -> 0x00BF
[9035] [M]: 0x0000000080008D18 (0x00BF1F13) slli t5, t5, 11
x30 <- 0x000CCCCCCCCCC800
mem[X,0x0000000080008D1C] -> 0x0F13
mem[X,0x0000000080008D1E] -> 0x4CCF
[9036] [M]: 0x0000000080008D1C (0x4CCF0F13) addi t5, t5, 1228
x30 <- 0x000CCCCCCCCCCCCC
mem[X,0x0000000080008D20] -> 0x1F13
mem[X,0x0000000080008D22] -> 0x00AF
[9037] [M]: 0x0000000080008D20 (0x00AF1F13) slli t5, t5, 10
x30 <- 0x3333333333333000
mem[X,0x0000000080008D24] -> 0x0F13
mem[X,0x0000000080008D26] -> 0x334F
[9038] [M]: 0x0000000080008D24 (0x334F0F13) addi t5, t5, 820
x30 <- 0x3333333333333334
mem[X,0x0000000080008D28] -> 0x0EB7
mem[X,0x0000000080008D2A] -> 0x0000
[9039] [M]: 0x0000000080008D28 (0x00000EB7) lui t4, 0
x29 <- 0x0000000000000000
mem[X,0x0000000080008D2C] -> 0x8E93
mem[X,0x0000000080008D2E] -> 0x000E
[9040] [M]: 0x0000000080008D2C (0x000E8E93) addi t4, t4, 0
x29 <- 0x0000000000000000
mem[X,0x0000000080008D30] -> 0x9E93
mem[X,0x0000000080008D32] -> 0x00BE
[9041] [M]: 0x0000000080008D30 (0x00BE9E93) slli t4, t4, 11
x29 <- 0x0000000000000000
mem[X,0x0000000080008D34] -> 0x8E93
mem[X,0x0000000080008D36] -> 0x5A8E
[9042] [M]: 0x0000000080008D34 (0x5A8E8E93) addi t4, t4, 1448
x29 <- 0x00000000000005A8
mem[X,0x0000000080008D38] -> 0x9E93
mem[X,0x0000000080008D3A] -> 0x00BE
[9043] [M]: 0x0000000080008D38 (0x00BE9E93) slli t4, t4, 11
x29 <- 0x00000000002D4000
mem[X,0x0000000080008D3C] -> 0x8E93
mem[X,0x0000000080008D3E] -> 0x13CE
[9044] [M]: 0x0000000080008D3C (0x13CE8E93) addi t4, t4, 316
x29 <- 0x00000000002D413C
mem[X,0x0000000080008D40] -> 0x9E93
mem[X,0x0000000080008D42] -> 0x00AE
[9045] [M]: 0x0000000080008D40 (0x00AE9E93) slli t4, t4, 10
x29 <- 0x00000000B504F000
mem[X,0x0000000080008D44] -> 0x8E93
mem[X,0x0000000080008D46] -> 0x334E
[9046] [M]: 0x0000000080008D44 (0x334E8E93) addi t4, t4, 820
x29 <- 0x00000000B504F334
mem[X,0x0000000080008D48] -> 0x4FB3
mem[X,0x0000000080008D4A] -> 0x03DF
[9047] [M]: 0x0000000080008D48 (0x03DF4FB3) div t6, t5, t4
x31 <- 0x0000000048686147
mem[X,0x0000000080008D4C] -> 0xB023
mem[X,0x0000000080008D4E] -> 0x25F6
[9048] [M]: 0x0000000080008D4C (0x25F6B023) sd t6, 576(a3)
mem[0x000000008000E5C0] <- 0x0000000048686147
mem[X,0x0000000080008D50] -> 0x6F37
mem[X,0x0000000080008D52] -> 0x6666
[9049] [M]: 0x0000000080008D50 (0x66666F37) lui t5, 419430
x30 <- 0x0000000066666000
mem[X,0x0000000080008D54] -> 0x0F13
mem[X,0x0000000080008D56] -> 0x666F
[9050] [M]: 0x0000000080008D54 (0x666F0F13) addi t5, t5, 1638
x30 <- 0x0000000066666666
mem[X,0x0000000080008D58] -> 0x1F13
mem[X,0x0000000080008D5A] -> 0x00BF
[9051] [M]: 0x0000000080008D58 (0x00BF1F13) slli t5, t5, 11
x30 <- 0x0000033333333000
mem[X,0x0000000080008D5C] -> 0x0F13
mem[X,0x0000000080008D5E] -> 0x333F
[9052] [M]: 0x0000000080008D5C (0x333F0F13) addi t5, t5, 819
x30 <- 0x0000033333333333
mem[X,0x0000000080008D60] -> 0x1F13
mem[X,0x0000000080008D62] -> 0x00BF
[9053] [M]: 0x0000000080008D60 (0x00BF1F13) slli t5, t5, 11
x30 <- 0x0019999999999800
mem[X,0x0000000080008D64] -> 0x0F13
mem[X,0x0000000080008D66] -> 0x199F
[9054] [M]: 0x0000000080008D64 (0x199F0F13) addi t5, t5, 409
x30 <- 0x0019999999999999
mem[X,0x0000000080008D68] -> 0x1F13
mem[X,0x0000000080008D6A] -> 0x00AF
[9055] [M]: 0x0000000080008D68 (0x00AF1F13) slli t5, t5, 10
x30 <- 0x6666666666666400
mem[X,0x0000000080008D6C] -> 0x0F13
mem[X,0x0000000080008D6E] -> 0x267F
[9056] [M]: 0x0000000080008D6C (0x267F0F13) addi t5, t5, 615
x30 <- 0x6666666666666667
mem[X,0x0000000080008D70] -> 0x0E93
mem[X,0x0000000080008D72] -> 0x0030
[9057] [M]: 0x0000000080008D70 (0x00300E93) addi t4, zero, 3
x29 <- 0x0000000000000003
mem[X,0x0000000080008D74] -> 0x4FB3
mem[X,0x0000000080008D76] -> 0x03DF
[9058] [M]: 0x0000000080008D74 (0x03DF4FB3) div t6, t5, t4
x31 <- 0x2222222222222222
mem[X,0x0000000080008D78] -> 0xB423
mem[X,0x0000000080008D7A] -> 0x25F6
[9059] [M]: 0x0000000080008D78 (0x25F6B423) sd t6, 584(a3)
mem[0x000000008000E5C8] <- 0x2222222222222222
mem[X,0x0000000080008D7C] -> 0x6F37
mem[X,0x0000000080008D7E] -> 0x6666
[9060] [M]: 0x0000000080008D7C (0x66666F37) lui t5, 419430
x30 <- 0x0000000066666000
mem[X,0x0000000080008D80] -> 0x0F13
mem[X,0x0000000080008D82] -> 0x666F
[9061] [M]: 0x0000000080008D80 (0x666F0F13) addi t5, t5, 1638
x30 <- 0x0000000066666666
mem[X,0x0000000080008D84] -> 0x1F13
mem[X,0x0000000080008D86] -> 0x00BF
[9062] [M]: 0x0000000080008D84 (0x00BF1F13) slli t5, t5, 11
x30 <- 0x0000033333333000
mem[X,0x0000000080008D88] -> 0x0F13
mem[X,0x0000000080008D8A] -> 0x333F
[9063] [M]: 0x0000000080008D88 (0x333F0F13) addi t5, t5, 819
x30 <- 0x0000033333333333
mem[X,0x0000000080008D8C] -> 0x1F13
mem[X,0x0000000080008D8E] -> 0x00BF
[9064] [M]: 0x0000000080008D8C (0x00BF1F13) slli t5, t5, 11
x30 <- 0x0019999999999800
mem[X,0x0000000080008D90] -> 0x0F13
mem[X,0x0000000080008D92] -> 0x199F
[9065] [M]: 0x0000000080008D90 (0x199F0F13) addi t5, t5, 409
x30 <- 0x0019999999999999
mem[X,0x0000000080008D94] -> 0x1F13
mem[X,0x0000000080008D96] -> 0x00AF
[9066] [M]: 0x0000000080008D94 (0x00AF1F13) slli t5, t5, 10
x30 <- 0x6666666666666400
mem[X,0x0000000080008D98] -> 0x0F13
mem[X,0x0000000080008D9A] -> 0x267F
[9067] [M]: 0x0000000080008D98 (0x267F0F13) addi t5, t5, 615
x30 <- 0x6666666666666667
mem[X,0x0000000080008D9C] -> 0x5EB7
mem[X,0x0000000080008D9E] -> 0x5555
[9068] [M]: 0x0000000080008D9C (0x55555EB7) lui t4, 349525
x29 <- 0x0000000055555000
mem[X,0x0000000080008DA0] -> 0x8E93
mem[X,0x0000000080008DA2] -> 0x555E
[9069] [M]: 0x0000000080008DA0 (0x555E8E93) addi t4, t4, 1365
x29 <- 0x0000000055555555
mem[X,0x0000000080008DA4] -> 0x9E93
mem[X,0x0000000080008DA6] -> 0x00BE
[9070] [M]: 0x0000000080008DA4 (0x00BE9E93) slli t4, t4, 11
x29 <- 0x000002AAAAAAA800
mem[X,0x0000000080008DA8] -> 0x8E93
mem[X,0x0000000080008DAA] -> 0x2AAE
[9071] [M]: 0x0000000080008DA8 (0x2AAE8E93) addi t4, t4, 682
x29 <- 0x000002AAAAAAAAAA
mem[X,0x0000000080008DAC] -> 0x9E93
mem[X,0x0000000080008DAE] -> 0x00BE
[9072] [M]: 0x0000000080008DAC (0x00BE9E93) slli t4, t4, 11
x29 <- 0x0015555555555000
mem[X,0x0000000080008DB0] -> 0x8E93
mem[X,0x0000000080008DB2] -> 0x555E
[9073] [M]: 0x0000000080008DB0 (0x555E8E93) addi t4, t4, 1365
x29 <- 0x0015555555555555
mem[X,0x0000000080008DB4] -> 0x9E93
mem[X,0x0000000080008DB6] -> 0x00AE
[9074] [M]: 0x0000000080008DB4 (0x00AE9E93) slli t4, t4, 10
x29 <- 0x5555555555555400
mem[X,0x0000000080008DB8] -> 0x8E93
mem[X,0x0000000080008DBA] -> 0x155E
[9075] [M]: 0x0000000080008DB8 (0x155E8E93) addi t4, t4, 341
x29 <- 0x5555555555555555
mem[X,0x0000000080008DBC] -> 0x4FB3
mem[X,0x0000000080008DBE] -> 0x03DF
[9076] [M]: 0x0000000080008DBC (0x03DF4FB3) div t6, t5, t4
x31 <- 0x0000000000000001
mem[X,0x0000000080008DC0] -> 0xB823
mem[X,0x0000000080008DC2] -> 0x25F6
[9077] [M]: 0x0000000080008DC0 (0x25F6B823) sd t6, 592(a3)
mem[0x000000008000E5D0] <- 0x0000000000000001
mem[X,0x0000000080008DC4] -> 0x6F37
mem[X,0x0000000080008DC6] -> 0x6666
[9078] [M]: 0x0000000080008DC4 (0x66666F37) lui t5, 419430
x30 <- 0x0000000066666000
mem[X,0x0000000080008DC8] -> 0x0F13
mem[X,0x0000000080008DCA] -> 0x666F
[9079] [M]: 0x0000000080008DC8 (0x666F0F13) addi t5, t5, 1638
x30 <- 0x0000000066666666
mem[X,0x0000000080008DCC] -> 0x1F13
mem[X,0x0000000080008DCE] -> 0x00BF
[9080] [M]: 0x0000000080008DCC (0x00BF1F13) slli t5, t5, 11
x30 <- 0x0000033333333000
mem[X,0x0000000080008DD0] -> 0x0F13
mem[X,0x0000000080008DD2] -> 0x333F
[9081] [M]: 0x0000000080008DD0 (0x333F0F13) addi t5, t5, 819
x30 <- 0x0000033333333333
mem[X,0x0000000080008DD4] -> 0x1F13
mem[X,0x0000000080008DD6] -> 0x00BF
[9082] [M]: 0x0000000080008DD4 (0x00BF1F13) slli t5, t5, 11
x30 <- 0x0019999999999800
mem[X,0x0000000080008DD8] -> 0x0F13
mem[X,0x0000000080008DDA] -> 0x199F
[9083] [M]: 0x0000000080008DD8 (0x199F0F13) addi t5, t5, 409
x30 <- 0x0019999999999999
mem[X,0x0000000080008DDC] -> 0x1F13
mem[X,0x0000000080008DDE] -> 0x00AF
[9084] [M]: 0x0000000080008DDC (0x00AF1F13) slli t5, t5, 10
x30 <- 0x6666666666666400
mem[X,0x0000000080008DE0] -> 0x0F13
mem[X,0x0000000080008DE2] -> 0x267F
[9085] [M]: 0x0000000080008DE0 (0x267F0F13) addi t5, t5, 615
x30 <- 0x6666666666666667
mem[X,0x0000000080008DE4] -> 0xBEB7
mem[X,0x0000000080008DE6] -> 0xAAAA
[9086] [M]: 0x0000000080008DE4 (0xAAAABEB7) lui t4, 699051
x29 <- 0xFFFFFFFFAAAAB000
mem[X,0x0000000080008DE8] -> 0x8E93
mem[X,0x0000000080008DEA] -> 0xAAAE
[9087] [M]: 0x0000000080008DE8 (0xAAAE8E93) addi t4, t4, 2730
x29 <- 0xFFFFFFFFAAAAAAAA
mem[X,0x0000000080008DEC] -> 0x9E93
mem[X,0x0000000080008DEE] -> 0x00BE
[9088] [M]: 0x0000000080008DEC (0x00BE9E93) slli t4, t4, 11
x29 <- 0xFFFFFD5555555000
mem[X,0x0000000080008DF0] -> 0x8E93
mem[X,0x0000000080008DF2] -> 0x555E
[9089] [M]: 0x0000000080008DF0 (0x555E8E93) addi t4, t4, 1365
x29 <- 0xFFFFFD5555555555
mem[X,0x0000000080008DF4] -> 0x9E93
mem[X,0x0000000080008DF6] -> 0x00BE
[9090] [M]: 0x0000000080008DF4 (0x00BE9E93) slli t4, t4, 11
x29 <- 0xFFEAAAAAAAAAA800
mem[X,0x0000000080008DF8] -> 0x8E93
mem[X,0x0000000080008DFA] -> 0x2AAE
[9091] [M]: 0x0000000080008DF8 (0x2AAE8E93) addi t4, t4, 682
x29 <- 0xFFEAAAAAAAAAAAAA
mem[X,0x0000000080008DFC] -> 0x9E93
mem[X,0x0000000080008DFE] -> 0x00AE
[9092] [M]: 0x0000000080008DFC (0x00AE9E93) slli t4, t4, 10
x29 <- 0xAAAAAAAAAAAAA800
mem[X,0x0000000080008E00] -> 0x8E93
mem[X,0x0000000080008E02] -> 0x2AAE
[9093] [M]: 0x0000000080008E00 (0x2AAE8E93) addi t4, t4, 682
x29 <- 0xAAAAAAAAAAAAAAAA
mem[X,0x0000000080008E04] -> 0x4FB3
mem[X,0x0000000080008E06] -> 0x03DF
[9094] [M]: 0x0000000080008E04 (0x03DF4FB3) div t6, t5, t4
x31 <- 0xFFFFFFFFFFFFFFFF
mem[X,0x0000000080008E08] -> 0xBC23
mem[X,0x0000000080008E0A] -> 0x25F6
[9095] [M]: 0x0000000080008E08 (0x25F6BC23) sd t6, 600(a3)
mem[0x000000008000E5D8] <- 0xFFFFFFFFFFFFFFFF
mem[X,0x0000000080008E0C] -> 0x6F37
mem[X,0x0000000080008E0E] -> 0x6666
[9096] [M]: 0x0000000080008E0C (0x66666F37) lui t5, 419430
x30 <- 0x0000000066666000
mem[X,0x0000000080008E10] -> 0x0F13
mem[X,0x0000000080008E12] -> 0x666F
[9097] [M]: 0x0000000080008E10 (0x666F0F13) addi t5, t5, 1638
x30 <- 0x0000000066666666
mem[X,0x0000000080008E14] -> 0x1F13
mem[X,0x0000000080008E16] -> 0x00BF
[9098] [M]: 0x0000000080008E14 (0x00BF1F13) slli t5, t5, 11
x30 <- 0x0000033333333000
mem[X,0x0000000080008E18] -> 0x0F13
mem[X,0x0000000080008E1A] -> 0x333F
[9099] [M]: 0x0000000080008E18 (0x333F0F13) addi t5, t5, 819
x30 <- 0x0000033333333333
clint::tick mtime <- 0x000000000000005B
 clint timer pending at mtime 0x000000000000005B
htif::tick 0x0000000000000000
mem[X,0x0000000080008E1C] -> 0x1F13
mem[X,0x0000000080008E1E] -> 0x00BF
[9100] [M]: 0x0000000080008E1C (0x00BF1F13) slli t5, t5, 11
x30 <- 0x0019999999999800
mem[X,0x0000000080008E20] -> 0x0F13
mem[X,0x0000000080008E22] -> 0x199F
[9101] [M]: 0x0000000080008E20 (0x199F0F13) addi t5, t5, 409
x30 <- 0x0019999999999999
mem[X,0x0000000080008E24] -> 0x1F13
mem[X,0x0000000080008E26] -> 0x00AF
[9102] [M]: 0x0000000080008E24 (0x00AF1F13) slli t5, t5, 10
x30 <- 0x6666666666666400
mem[X,0x0000000080008E28] -> 0x0F13
mem[X,0x0000000080008E2A] -> 0x267F
[9103] [M]: 0x0000000080008E28 (0x267F0F13) addi t5, t5, 615
x30 <- 0x6666666666666667
mem[X,0x0000000080008E2C] -> 0x0E93
mem[X,0x0000000080008E2E] -> 0x0050
[9104] [M]: 0x0000000080008E2C (0x00500E93) addi t4, zero, 5
x29 <- 0x0000000000000005
mem[X,0x0000000080008E30] -> 0x4FB3
mem[X,0x0000000080008E32] -> 0x03DF
[9105] [M]: 0x0000000080008E30 (0x03DF4FB3) div t6, t5, t4
x31 <- 0x147AE147AE147AE1
mem[X,0x0000000080008E34] -> 0xB023
mem[X,0x0000000080008E36] -> 0x27F6
[9106] [M]: 0x0000000080008E34 (0x27F6B023) sd t6, 608(a3)
mem[0x000000008000E5E0] <- 0x147AE147AE147AE1
mem[X,0x0000000080008E38] -> 0x6F37
mem[X,0x0000000080008E3A] -> 0x6666
[9107] [M]: 0x0000000080008E38 (0x66666F37) lui t5, 419430
x30 <- 0x0000000066666000
mem[X,0x0000000080008E3C] -> 0x0F13
mem[X,0x0000000080008E3E] -> 0x666F
[9108] [M]: 0x0000000080008E3C (0x666F0F13) addi t5, t5, 1638
x30 <- 0x0000000066666666
mem[X,0x0000000080008E40] -> 0x1F13
mem[X,0x0000000080008E42] -> 0x00BF
[9109] [M]: 0x0000000080008E40 (0x00BF1F13) slli t5, t5, 11
x30 <- 0x0000033333333000
mem[X,0x0000000080008E44] -> 0x0F13
mem[X,0x0000000080008E46] -> 0x333F
[9110] [M]: 0x0000000080008E44 (0x333F0F13) addi t5, t5, 819
x30 <- 0x0000033333333333
mem[X,0x0000000080008E48] -> 0x1F13
mem[X,0x0000000080008E4A] -> 0x00BF
[9111] [M]: 0x0000000080008E48 (0x00BF1F13) slli t5, t5, 11
x30 <- 0x0019999999999800
mem[X,0x0000000080008E4C] -> 0x0F13
mem[X,0x0000000080008E4E] -> 0x199F
[9112] [M]: 0x0000000080008E4C (0x199F0F13) addi t5, t5, 409
x30 <- 0x0019999999999999
mem[X,0x0000000080008E50] -> 0x1F13
mem[X,0x0000000080008E52] -> 0x00AF
[9113] [M]: 0x0000000080008E50 (0x00AF1F13) slli t5, t5, 10
x30 <- 0x6666666666666400
mem[X,0x0000000080008E54] -> 0x0F13
mem[X,0x0000000080008E56] -> 0x267F
[9114] [M]: 0x0000000080008E54 (0x267F0F13) addi t5, t5, 615
x30 <- 0x6666666666666667
mem[X,0x0000000080008E58] -> 0x3EB7
mem[X,0x0000000080008E5A] -> 0x3333
[9115] [M]: 0x0000000080008E58 (0x33333EB7) lui t4, 209715
x29 <- 0x0000000033333000
mem[X,0x0000000080008E5C] -> 0x8E93
mem[X,0x0000000080008E5E] -> 0x333E
[9116] [M]: 0x0000000080008E5C (0x333E8E93) addi t4, t4, 819
x29 <- 0x0000000033333333
mem[X,0x0000000080008E60] -> 0x9E93
mem[X,0x0000000080008E62] -> 0x00BE
[9117] [M]: 0x0000000080008E60 (0x00BE9E93) slli t4, t4, 11
x29 <- 0x0000019999999800
mem[X,0x0000000080008E64] -> 0x8E93
mem[X,0x0000000080008E66] -> 0x199E
[9118] [M]: 0x0000000080008E64 (0x199E8E93) addi t4, t4, 409
x29 <- 0x0000019999999999
mem[X,0x0000000080008E68] -> 0x9E93
mem[X,0x0000000080008E6A] -> 0x00BE
[9119] [M]: 0x0000000080008E68 (0x00BE9E93) slli t4, t4, 11
x29 <- 0x000CCCCCCCCCC800
mem[X,0x0000000080008E6C] -> 0x8E93
mem[X,0x0000000080008E6E] -> 0x4CCE
[9120] [M]: 0x0000000080008E6C (0x4CCE8E93) addi t4, t4, 1228
x29 <- 0x000CCCCCCCCCCCCC
mem[X,0x0000000080008E70] -> 0x9E93
mem[X,0x0000000080008E72] -> 0x00AE
[9121] [M]: 0x0000000080008E70 (0x00AE9E93) slli t4, t4, 10
x29 <- 0x3333333333333000
mem[X,0x0000000080008E74] -> 0x8E93
mem[X,0x0000000080008E76] -> 0x333E
[9122] [M]: 0x0000000080008E74 (0x333E8E93) addi t4, t4, 819
x29 <- 0x3333333333333333
mem[X,0x0000000080008E78] -> 0x4FB3
mem[X,0x0000000080008E7A] -> 0x03DF
[9123] [M]: 0x0000000080008E78 (0x03DF4FB3) div t6, t5, t4
x31 <- 0x0000000000000002
mem[X,0x0000000080008E7C] -> 0xB423
mem[X,0x0000000080008E7E] -> 0x27F6
[9124] [M]: 0x0000000080008E7C (0x27F6B423) sd t6, 616(a3)
mem[0x000000008000E5E8] <- 0x0000000000000002
mem[X,0x0000000080008E80] -> 0x6F37
mem[X,0x0000000080008E82] -> 0x6666
[9125] [M]: 0x0000000080008E80 (0x66666F37) lui t5, 419430
x30 <- 0x0000000066666000
mem[X,0x0000000080008E84] -> 0x0F13
mem[X,0x0000000080008E86] -> 0x666F
[9126] [M]: 0x0000000080008E84 (0x666F0F13) addi t5, t5, 1638
x30 <- 0x0000000066666666
mem[X,0x0000000080008E88] -> 0x1F13
mem[X,0x0000000080008E8A] -> 0x00BF
[9127] [M]: 0x0000000080008E88 (0x00BF1F13) slli t5, t5, 11
x30 <- 0x0000033333333000
mem[X,0x0000000080008E8C] -> 0x0F13
mem[X,0x0000000080008E8E] -> 0x333F
[9128] [M]: 0x0000000080008E8C (0x333F0F13) addi t5, t5, 819
x30 <- 0x0000033333333333
mem[X,0x0000000080008E90] -> 0x1F13
mem[X,0x0000000080008E92] -> 0x00BF
[9129] [M]: 0x0000000080008E90 (0x00BF1F13) slli t5, t5, 11
x30 <- 0x0019999999999800
mem[X,0x0000000080008E94] -> 0x0F13
mem[X,0x0000000080008E96] -> 0x199F
[9130] [M]: 0x0000000080008E94 (0x199F0F13) addi t5, t5, 409
x30 <- 0x0019999999999999
mem[X,0x0000000080008E98] -> 0x1F13
mem[X,0x0000000080008E9A] -> 0x00AF
[9131] [M]: 0x0000000080008E98 (0x00AF1F13) slli t5, t5, 10
x30 <- 0x6666666666666400
mem[X,0x0000000080008E9C] -> 0x0F13
mem[X,0x0000000080008E9E] -> 0x267F
[9132] [M]: 0x0000000080008E9C (0x267F0F13) addi t5, t5, 615
x30 <- 0x6666666666666667
mem[X,0x0000000080008EA0] -> 0x6EB7
mem[X,0x0000000080008EA2] -> 0x6666
[9133] [M]: 0x0000000080008EA0 (0x66666EB7) lui t4, 419430
x29 <- 0x0000000066666000
mem[X,0x0000000080008EA4] -> 0x8E93
mem[X,0x0000000080008EA6] -> 0x666E
[9134] [M]: 0x0000000080008EA4 (0x666E8E93) addi t4, t4, 1638
x29 <- 0x0000000066666666
mem[X,0x0000000080008EA8] -> 0x9E93
mem[X,0x0000000080008EAA] -> 0x00BE
[9135] [M]: 0x0000000080008EA8 (0x00BE9E93) slli t4, t4, 11
x29 <- 0x0000033333333000
mem[X,0x0000000080008EAC] -> 0x8E93
mem[X,0x0000000080008EAE] -> 0x333E
[9136] [M]: 0x0000000080008EAC (0x333E8E93) addi t4, t4, 819
x29 <- 0x0000033333333333
mem[X,0x0000000080008EB0] -> 0x9E93
mem[X,0x0000000080008EB2] -> 0x00BE
[9137] [M]: 0x0000000080008EB0 (0x00BE9E93) slli t4, t4, 11
x29 <- 0x0019999999999800
mem[X,0x0000000080008EB4] -> 0x8E93
mem[X,0x0000000080008EB6] -> 0x199E
[9138] [M]: 0x0000000080008EB4 (0x199E8E93) addi t4, t4, 409
x29 <- 0x0019999999999999
mem[X,0x0000000080008EB8] -> 0x9E93
mem[X,0x0000000080008EBA] -> 0x00AE
[9139] [M]: 0x0000000080008EB8 (0x00AE9E93) slli t4, t4, 10
x29 <- 0x6666666666666400
mem[X,0x0000000080008EBC] -> 0x8E93
mem[X,0x0000000080008EBE] -> 0x266E
[9140] [M]: 0x0000000080008EBC (0x266E8E93) addi t4, t4, 614
x29 <- 0x6666666666666666
mem[X,0x0000000080008EC0] -> 0x4FB3
mem[X,0x0000000080008EC2] -> 0x03DF
[9141] [M]: 0x0000000080008EC0 (0x03DF4FB3) div t6, t5, t4
x31 <- 0x0000000000000001
mem[X,0x0000000080008EC4] -> 0xB823
mem[X,0x0000000080008EC6] -> 0x27F6
[9142] [M]: 0x0000000080008EC4 (0x27F6B823) sd t6, 624(a3)
mem[0x000000008000E5F0] <- 0x0000000000000001
mem[X,0x0000000080008EC8] -> 0x6F37
mem[X,0x0000000080008ECA] -> 0x6666
[9143] [M]: 0x0000000080008EC8 (0x66666F37) lui t5, 419430
x30 <- 0x0000000066666000
mem[X,0x0000000080008ECC] -> 0x0F13
mem[X,0x0000000080008ECE] -> 0x666F
[9144] [M]: 0x0000000080008ECC (0x666F0F13) addi t5, t5, 1638
x30 <- 0x0000000066666666
mem[X,0x0000000080008ED0] -> 0x1F13
mem[X,0x0000000080008ED2] -> 0x00BF
[9145] [M]: 0x0000000080008ED0 (0x00BF1F13) slli t5, t5, 11
x30 <- 0x0000033333333000
mem[X,0x0000000080008ED4] -> 0x0F13
mem[X,0x0000000080008ED6] -> 0x333F
[9146] [M]: 0x0000000080008ED4 (0x333F0F13) addi t5, t5, 819
x30 <- 0x0000033333333333
mem[X,0x0000000080008ED8] -> 0x1F13
mem[X,0x0000000080008EDA] -> 0x00BF
[9147] [M]: 0x0000000080008ED8 (0x00BF1F13) slli t5, t5, 11
x30 <- 0x0019999999999800
mem[X,0x0000000080008EDC] -> 0x0F13
mem[X,0x0000000080008EDE] -> 0x199F
[9148] [M]: 0x0000000080008EDC (0x199F0F13) addi t5, t5, 409
x30 <- 0x0019999999999999
mem[X,0x0000000080008EE0] -> 0x1F13
mem[X,0x0000000080008EE2] -> 0x00AF
[9149] [M]: 0x0000000080008EE0 (0x00AF1F13) slli t5, t5, 10
x30 <- 0x6666666666666400
mem[X,0x0000000080008EE4] -> 0x0F13
mem[X,0x0000000080008EE6] -> 0x267F
[9150] [M]: 0x0000000080008EE4 (0x267F0F13) addi t5, t5, 615
x30 <- 0x6666666666666667
mem[X,0x0000000080008EE8] -> 0x0EB7
mem[X,0x0000000080008EEA] -> 0x0000
[9151] [M]: 0x0000000080008EE8 (0x00000EB7) lui t4, 0
x29 <- 0x0000000000000000
mem[X,0x0000000080008EEC] -> 0x8E93
mem[X,0x0000000080008EEE] -> 0xFFFE
[9152] [M]: 0x0000000080008EEC (0xFFFE8E93) addi t4, t4, 4095
x29 <- 0xFFFFFFFFFFFFFFFF
mem[X,0x0000000080008EF0] -> 0x9E93
mem[X,0x0000000080008EF2] -> 0x00BE
[9153] [M]: 0x0000000080008EF0 (0x00BE9E93) slli t4, t4, 11
x29 <- 0xFFFFFFFFFFFFF800
mem[X,0x0000000080008EF4] -> 0x8E93
mem[X,0x0000000080008EF6] -> 0x257E
[9154] [M]: 0x0000000080008EF4 (0x257E8E93) addi t4, t4, 599
x29 <- 0xFFFFFFFFFFFFFA57
mem[X,0x0000000080008EF8] -> 0x9E93
mem[X,0x0000000080008EFA] -> 0x00BE
[9155] [M]: 0x0000000080008EF8 (0x00BE9E93) slli t4, t4, 11
x29 <- 0xFFFFFFFFFFD2B800
mem[X,0x0000000080008EFC] -> 0x8E93
mem[X,0x0000000080008EFE] -> 0x6C3E
[9156] [M]: 0x0000000080008EFC (0x6C3E8E93) addi t4, t4, 1731
x29 <- 0xFFFFFFFFFFD2BEC3
mem[X,0x0000000080008F00] -> 0x9E93
mem[X,0x0000000080008F02] -> 0x00AE
[9157] [M]: 0x0000000080008F00 (0x00AE9E93) slli t4, t4, 10
x29 <- 0xFFFFFFFF4AFB0C00
mem[X,0x0000000080008F04] -> 0x8E93
mem[X,0x0000000080008F06] -> 0x0CDE
[9158] [M]: 0x0000000080008F04 (0x0CDE8E93) addi t4, t4, 205
x29 <- 0xFFFFFFFF4AFB0CCD
mem[X,0x0000000080008F08] -> 0x4FB3
mem[X,0x0000000080008F0A] -> 0x03DF
[9159] [M]: 0x0000000080008F08 (0x03DF4FB3) div t6, t5, t4
x31 <- 0xFFFFFFFF6F2F3D70
mem[X,0x0000000080008F0C] -> 0xBC23
mem[X,0x0000000080008F0E] -> 0x27F6
[9160] [M]: 0x0000000080008F0C (0x27F6BC23) sd t6, 632(a3)
mem[0x000000008000E5F8] <- 0xFFFFFFFF6F2F3D70
mem[X,0x0000000080008F10] -> 0x6F37
mem[X,0x0000000080008F12] -> 0x6666
[9161] [M]: 0x0000000080008F10 (0x66666F37) lui t5, 419430
x30 <- 0x0000000066666000
mem[X,0x0000000080008F14] -> 0x0F13
mem[X,0x0000000080008F16] -> 0x666F
[9162] [M]: 0x0000000080008F14 (0x666F0F13) addi t5, t5, 1638
x30 <- 0x0000000066666666
mem[X,0x0000000080008F18] -> 0x1F13
mem[X,0x0000000080008F1A] -> 0x00BF
[9163] [M]: 0x0000000080008F18 (0x00BF1F13) slli t5, t5, 11
x30 <- 0x0000033333333000
mem[X,0x0000000080008F1C] -> 0x0F13
mem[X,0x0000000080008F1E] -> 0x333F
[9164] [M]: 0x0000000080008F1C (0x333F0F13) addi t5, t5, 819
x30 <- 0x0000033333333333
mem[X,0x0000000080008F20] -> 0x1F13
mem[X,0x0000000080008F22] -> 0x00BF
[9165] [M]: 0x0000000080008F20 (0x00BF1F13) slli t5, t5, 11
x30 <- 0x0019999999999800
mem[X,0x0000000080008F24] -> 0x0F13
mem[X,0x0000000080008F26] -> 0x199F
[9166] [M]: 0x0000000080008F24 (0x199F0F13) addi t5, t5, 409
x30 <- 0x0019999999999999
mem[X,0x0000000080008F28] -> 0x1F13
mem[X,0x0000000080008F2A] -> 0x00AF
[9167] [M]: 0x0000000080008F28 (0x00AF1F13) slli t5, t5, 10
x30 <- 0x6666666666666400
mem[X,0x0000000080008F2C] -> 0x0F13
mem[X,0x0000000080008F2E] -> 0x267F
[9168] [M]: 0x0000000080008F2C (0x267F0F13) addi t5, t5, 615
x30 <- 0x6666666666666667
mem[X,0x0000000080008F30] -> 0x0EB7
mem[X,0x0000000080008F32] -> 0x0000
[9169] [M]: 0x0000000080008F30 (0x00000EB7) lui t4, 0
x29 <- 0x0000000000000000
mem[X,0x0000000080008F34] -> 0x8E93
mem[X,0x0000000080008F36] -> 0x000E
[9170] [M]: 0x0000000080008F34 (0x000E8E93) addi t4, t4, 0
x29 <- 0x0000000000000000
mem[X,0x0000000080008F38] -> 0x9E93
mem[X,0x0000000080008F3A] -> 0x00BE
[9171] [M]: 0x0000000080008F38 (0x00BE9E93) slli t4, t4, 11
x29 <- 0x0000000000000000
mem[X,0x0000000080008F3C] -> 0x8E93
mem[X,0x0000000080008F3E] -> 0x5A8E
[9172] [M]: 0x0000000080008F3C (0x5A8E8E93) addi t4, t4, 1448
x29 <- 0x00000000000005A8
mem[X,0x0000000080008F40] -> 0x9E93
mem[X,0x0000000080008F42] -> 0x00BE
[9173] [M]: 0x0000000080008F40 (0x00BE9E93) slli t4, t4, 11
x29 <- 0x00000000002D4000
mem[X,0x0000000080008F44] -> 0x8E93
mem[X,0x0000000080008F46] -> 0x13CE
[9174] [M]: 0x0000000080008F44 (0x13CE8E93) addi t4, t4, 316
x29 <- 0x00000000002D413C
mem[X,0x0000000080008F48] -> 0x9E93
mem[X,0x0000000080008F4A] -> 0x00AE
[9175] [M]: 0x0000000080008F48 (0x00AE9E93) slli t4, t4, 10
x29 <- 0x00000000B504F000
mem[X,0x0000000080008F4C] -> 0x8E93
mem[X,0x0000000080008F4E] -> 0x333E
[9176] [M]: 0x0000000080008F4C (0x333E8E93) addi t4, t4, 819
x29 <- 0x00000000B504F333
mem[X,0x0000000080008F50] -> 0x4FB3
mem[X,0x0000000080008F52] -> 0x03DF
[9177] [M]: 0x0000000080008F50 (0x03DF4FB3) div t6, t5, t4
x31 <- 0x0000000090D0C290
mem[X,0x0000000080008F54] -> 0xB023
mem[X,0x0000000080008F56] -> 0x29F6
[9178] [M]: 0x0000000080008F54 (0x29F6B023) sd t6, 640(a3)
mem[0x000000008000E600] <- 0x0000000090D0C290
mem[X,0x0000000080008F58] -> 0x6F37
mem[X,0x0000000080008F5A] -> 0x6666
[9179] [M]: 0x0000000080008F58 (0x66666F37) lui t5, 419430
x30 <- 0x0000000066666000
mem[X,0x0000000080008F5C] -> 0x0F13
mem[X,0x0000000080008F5E] -> 0x666F
[9180] [M]: 0x0000000080008F5C (0x666F0F13) addi t5, t5, 1638
x30 <- 0x0000000066666666
mem[X,0x0000000080008F60] -> 0x1F13
mem[X,0x0000000080008F62] -> 0x00BF
[9181] [M]: 0x0000000080008F60 (0x00BF1F13) slli t5, t5, 11
x30 <- 0x0000033333333000
mem[X,0x0000000080008F64] -> 0x0F13
mem[X,0x0000000080008F66] -> 0x333F
[9182] [M]: 0x0000000080008F64 (0x333F0F13) addi t5, t5, 819
x30 <- 0x0000033333333333
mem[X,0x0000000080008F68] -> 0x1F13
mem[X,0x0000000080008F6A] -> 0x00BF
[9183] [M]: 0x0000000080008F68 (0x00BF1F13) slli t5, t5, 11
x30 <- 0x0019999999999800
mem[X,0x0000000080008F6C] -> 0x0F13
mem[X,0x0000000080008F6E] -> 0x199F
[9184] [M]: 0x0000000080008F6C (0x199F0F13) addi t5, t5, 409
x30 <- 0x0019999999999999
mem[X,0x0000000080008F70] -> 0x1F13
mem[X,0x0000000080008F72] -> 0x00AF
[9185] [M]: 0x0000000080008F70 (0x00AF1F13) slli t5, t5, 10
x30 <- 0x6666666666666400
mem[X,0x0000000080008F74] -> 0x0F13
mem[X,0x0000000080008F76] -> 0x267F
[9186] [M]: 0x0000000080008F74 (0x267F0F13) addi t5, t5, 615
x30 <- 0x6666666666666667
mem[X,0x0000000080008F78] -> 0x0E93
mem[X,0x0000000080008F7A] -> 0x0020
[9187] [M]: 0x0000000080008F78 (0x00200E93) addi t4, zero, 2
x29 <- 0x0000000000000002
mem[X,0x0000000080008F7C] -> 0x4FB3
mem[X,0x0000000080008F7E] -> 0x03DF
[9188] [M]: 0x0000000080008F7C (0x03DF4FB3) div t6, t5, t4
x31 <- 0x3333333333333333
mem[X,0x0000000080008F80] -> 0xB423
mem[X,0x0000000080008F82] -> 0x29F6
[9189] [M]: 0x0000000080008F80 (0x29F6B423) sd t6, 648(a3)
mem[0x000000008000E608] <- 0x3333333333333333
mem[X,0x0000000080008F84] -> 0x6F37
mem[X,0x0000000080008F86] -> 0x6666
[9190] [M]: 0x0000000080008F84 (0x66666F37) lui t5, 419430
x30 <- 0x0000000066666000
mem[X,0x0000000080008F88] -> 0x0F13
mem[X,0x0000000080008F8A] -> 0x666F
[9191] [M]: 0x0000000080008F88 (0x666F0F13) addi t5, t5, 1638
x30 <- 0x0000000066666666
mem[X,0x0000000080008F8C] -> 0x1F13
mem[X,0x0000000080008F8E] -> 0x00BF
[9192] [M]: 0x0000000080008F8C (0x00BF1F13) slli t5, t5, 11
x30 <- 0x0000033333333000
mem[X,0x0000000080008F90] -> 0x0F13
mem[X,0x0000000080008F92] -> 0x333F
[9193] [M]: 0x0000000080008F90 (0x333F0F13) addi t5, t5, 819
x30 <- 0x0000033333333333
mem[X,0x0000000080008F94] -> 0x1F13
mem[X,0x0000000080008F96] -> 0x00BF
[9194] [M]: 0x0000000080008F94 (0x00BF1F13) slli t5, t5, 11
x30 <- 0x0019999999999800
mem[X,0x0000000080008F98] -> 0x0F13
mem[X,0x0000000080008F9A] -> 0x199F
[9195] [M]: 0x0000000080008F98 (0x199F0F13) addi t5, t5, 409
x30 <- 0x0019999999999999
mem[X,0x0000000080008F9C] -> 0x1F13
mem[X,0x0000000080008F9E] -> 0x00AF
[9196] [M]: 0x0000000080008F9C (0x00AF1F13) slli t5, t5, 10
x30 <- 0x6666666666666400
mem[X,0x0000000080008FA0] -> 0x0F13
mem[X,0x0000000080008FA2] -> 0x267F
[9197] [M]: 0x0000000080008FA0 (0x267F0F13) addi t5, t5, 615
x30 <- 0x6666666666666667
mem[X,0x0000000080008FA4] -> 0x5EB7
mem[X,0x0000000080008FA6] -> 0x5555
[9198] [M]: 0x0000000080008FA4 (0x55555EB7) lui t4, 349525
x29 <- 0x0000000055555000
mem[X,0x0000000080008FA8] -> 0x8E93
mem[X,0x0000000080008FAA] -> 0x555E
[9199] [M]: 0x0000000080008FA8 (0x555E8E93) addi t4, t4, 1365
x29 <- 0x0000000055555555
clint::tick mtime <- 0x000000000000005C
 clint timer pending at mtime 0x000000000000005C
htif::tick 0x0000000000000000
mem[X,0x0000000080008FAC] -> 0x9E93
mem[X,0x0000000080008FAE] -> 0x00BE
[9200] [M]: 0x0000000080008FAC (0x00BE9E93) slli t4, t4, 11
x29 <- 0x000002AAAAAAA800
mem[X,0x0000000080008FB0] -> 0x8E93
mem[X,0x0000000080008FB2] -> 0x2AAE
[9201] [M]: 0x0000000080008FB0 (0x2AAE8E93) addi t4, t4, 682
x29 <- 0x000002AAAAAAAAAA
mem[X,0x0000000080008FB4] -> 0x9E93
mem[X,0x0000000080008FB6] -> 0x00BE
[9202] [M]: 0x0000000080008FB4 (0x00BE9E93) slli t4, t4, 11
x29 <- 0x0015555555555000
mem[X,0x0000000080008FB8] -> 0x8E93
mem[X,0x0000000080008FBA] -> 0x555E
[9203] [M]: 0x0000000080008FB8 (0x555E8E93) addi t4, t4, 1365
x29 <- 0x0015555555555555
mem[X,0x0000000080008FBC] -> 0x9E93
mem[X,0x0000000080008FBE] -> 0x00AE
[9204] [M]: 0x0000000080008FBC (0x00AE9E93) slli t4, t4, 10
x29 <- 0x5555555555555400
mem[X,0x0000000080008FC0] -> 0x8E93
mem[X,0x0000000080008FC2] -> 0x154E
[9205] [M]: 0x0000000080008FC0 (0x154E8E93) addi t4, t4, 340
x29 <- 0x5555555555555554
mem[X,0x0000000080008FC4] -> 0x4FB3
mem[X,0x0000000080008FC6] -> 0x03DF
[9206] [M]: 0x0000000080008FC4 (0x03DF4FB3) div t6, t5, t4
x31 <- 0x0000000000000001
mem[X,0x0000000080008FC8] -> 0xB823
mem[X,0x0000000080008FCA] -> 0x29F6
[9207] [M]: 0x0000000080008FC8 (0x29F6B823) sd t6, 656(a3)
mem[0x000000008000E610] <- 0x0000000000000001
mem[X,0x0000000080008FCC] -> 0x6F37
mem[X,0x0000000080008FCE] -> 0x6666
[9208] [M]: 0x0000000080008FCC (0x66666F37) lui t5, 419430
x30 <- 0x0000000066666000
mem[X,0x0000000080008FD0] -> 0x0F13
mem[X,0x0000000080008FD2] -> 0x666F
[9209] [M]: 0x0000000080008FD0 (0x666F0F13) addi t5, t5, 1638
x30 <- 0x0000000066666666
mem[X,0x0000000080008FD4] -> 0x1F13
mem[X,0x0000000080008FD6] -> 0x00BF
[9210] [M]: 0x0000000080008FD4 (0x00BF1F13) slli t5, t5, 11
x30 <- 0x0000033333333000
mem[X,0x0000000080008FD8] -> 0x0F13
mem[X,0x0000000080008FDA] -> 0x333F
[9211] [M]: 0x0000000080008FD8 (0x333F0F13) addi t5, t5, 819
x30 <- 0x0000033333333333
mem[X,0x0000000080008FDC] -> 0x1F13
mem[X,0x0000000080008FDE] -> 0x00BF
[9212] [M]: 0x0000000080008FDC (0x00BF1F13) slli t5, t5, 11
x30 <- 0x0019999999999800
mem[X,0x0000000080008FE0] -> 0x0F13
mem[X,0x0000000080008FE2] -> 0x199F
[9213] [M]: 0x0000000080008FE0 (0x199F0F13) addi t5, t5, 409
x30 <- 0x0019999999999999
mem[X,0x0000000080008FE4] -> 0x1F13
mem[X,0x0000000080008FE6] -> 0x00AF
[9214] [M]: 0x0000000080008FE4 (0x00AF1F13) slli t5, t5, 10
x30 <- 0x6666666666666400
mem[X,0x0000000080008FE8] -> 0x0F13
mem[X,0x0000000080008FEA] -> 0x267F
[9215] [M]: 0x0000000080008FE8 (0x267F0F13) addi t5, t5, 615
x30 <- 0x6666666666666667
mem[X,0x0000000080008FEC] -> 0x3EB7
mem[X,0x0000000080008FEE] -> 0x3333
[9216] [M]: 0x0000000080008FEC (0x33333EB7) lui t4, 209715
x29 <- 0x0000000033333000
mem[X,0x0000000080008FF0] -> 0x8E93
mem[X,0x0000000080008FF2] -> 0x333E
[9217] [M]: 0x0000000080008FF0 (0x333E8E93) addi t4, t4, 819
x29 <- 0x0000000033333333
mem[X,0x0000000080008FF4] -> 0x9E93
mem[X,0x0000000080008FF6] -> 0x00BE
[9218] [M]: 0x0000000080008FF4 (0x00BE9E93) slli t4, t4, 11
x29 <- 0x0000019999999800
mem[X,0x0000000080008FF8] -> 0x8E93
mem[X,0x0000000080008FFA] -> 0x199E
[9219] [M]: 0x0000000080008FF8 (0x199E8E93) addi t4, t4, 409
x29 <- 0x0000019999999999
mem[X,0x0000000080008FFC] -> 0x9E93
mem[X,0x0000000080008FFE] -> 0x00BE
[9220] [M]: 0x0000000080008FFC (0x00BE9E93) slli t4, t4, 11
x29 <- 0x000CCCCCCCCCC800
mem[X,0x0000000080009000] -> 0x8E93
mem[X,0x0000000080009002] -> 0x4CCE
[9221] [M]: 0x0000000080009000 (0x4CCE8E93) addi t4, t4, 1228
x29 <- 0x000CCCCCCCCCCCCC
mem[X,0x0000000080009004] -> 0x9E93
mem[X,0x0000000080009006] -> 0x00AE
[9222] [M]: 0x0000000080009004 (0x00AE9E93) slli t4, t4, 10
x29 <- 0x3333333333333000
mem[X,0x0000000080009008] -> 0x8E93
mem[X,0x000000008000900A] -> 0x332E
[9223] [M]: 0x0000000080009008 (0x332E8E93) addi t4, t4, 818
x29 <- 0x3333333333333332
mem[X,0x000000008000900C] -> 0x4FB3
mem[X,0x000000008000900E] -> 0x03DF
[9224] [M]: 0x000000008000900C (0x03DF4FB3) div t6, t5, t4
x31 <- 0x0000000000000002
mem[X,0x0000000080009010] -> 0xBC23
mem[X,0x0000000080009012] -> 0x29F6
[9225] [M]: 0x0000000080009010 (0x29F6BC23) sd t6, 664(a3)
mem[0x000000008000E618] <- 0x0000000000000002
mem[X,0x0000000080009014] -> 0x6F37
mem[X,0x0000000080009016] -> 0x6666
[9226] [M]: 0x0000000080009014 (0x66666F37) lui t5, 419430
x30 <- 0x0000000066666000
mem[X,0x0000000080009018] -> 0x0F13
mem[X,0x000000008000901A] -> 0x666F
[9227] [M]: 0x0000000080009018 (0x666F0F13) addi t5, t5, 1638
x30 <- 0x0000000066666666
mem[X,0x000000008000901C] -> 0x1F13
mem[X,0x000000008000901E] -> 0x00BF
[9228] [M]: 0x000000008000901C (0x00BF1F13) slli t5, t5, 11
x30 <- 0x0000033333333000
mem[X,0x0000000080009020] -> 0x0F13
mem[X,0x0000000080009022] -> 0x333F
[9229] [M]: 0x0000000080009020 (0x333F0F13) addi t5, t5, 819
x30 <- 0x0000033333333333
mem[X,0x0000000080009024] -> 0x1F13
mem[X,0x0000000080009026] -> 0x00BF
[9230] [M]: 0x0000000080009024 (0x00BF1F13) slli t5, t5, 11
x30 <- 0x0019999999999800
mem[X,0x0000000080009028] -> 0x0F13
mem[X,0x000000008000902A] -> 0x199F
[9231] [M]: 0x0000000080009028 (0x199F0F13) addi t5, t5, 409
x30 <- 0x0019999999999999
mem[X,0x000000008000902C] -> 0x1F13
mem[X,0x000000008000902E] -> 0x00AF
[9232] [M]: 0x000000008000902C (0x00AF1F13) slli t5, t5, 10
x30 <- 0x6666666666666400
mem[X,0x0000000080009030] -> 0x0F13
mem[X,0x0000000080009032] -> 0x267F
[9233] [M]: 0x0000000080009030 (0x267F0F13) addi t5, t5, 615
x30 <- 0x6666666666666667
mem[X,0x0000000080009034] -> 0x6EB7
mem[X,0x0000000080009036] -> 0x6666
[9234] [M]: 0x0000000080009034 (0x66666EB7) lui t4, 419430
x29 <- 0x0000000066666000
mem[X,0x0000000080009038] -> 0x8E93
mem[X,0x000000008000903A] -> 0x666E
[9235] [M]: 0x0000000080009038 (0x666E8E93) addi t4, t4, 1638
x29 <- 0x0000000066666666
mem[X,0x000000008000903C] -> 0x9E93
mem[X,0x000000008000903E] -> 0x00BE
[9236] [M]: 0x000000008000903C (0x00BE9E93) slli t4, t4, 11
x29 <- 0x0000033333333000
mem[X,0x0000000080009040] -> 0x8E93
mem[X,0x0000000080009042] -> 0x333E
[9237] [M]: 0x0000000080009040 (0x333E8E93) addi t4, t4, 819
x29 <- 0x0000033333333333
mem[X,0x0000000080009044] -> 0x9E93
mem[X,0x0000000080009046] -> 0x00BE
[9238] [M]: 0x0000000080009044 (0x00BE9E93) slli t4, t4, 11
x29 <- 0x0019999999999800
mem[X,0x0000000080009048] -> 0x8E93
mem[X,0x000000008000904A] -> 0x199E
[9239] [M]: 0x0000000080009048 (0x199E8E93) addi t4, t4, 409
x29 <- 0x0019999999999999
mem[X,0x000000008000904C] -> 0x9E93
mem[X,0x000000008000904E] -> 0x00AE
[9240] [M]: 0x000000008000904C (0x00AE9E93) slli t4, t4, 10
x29 <- 0x6666666666666400
mem[X,0x0000000080009050] -> 0x8E93
mem[X,0x0000000080009052] -> 0x265E
[9241] [M]: 0x0000000080009050 (0x265E8E93) addi t4, t4, 613
x29 <- 0x6666666666666665
mem[X,0x0000000080009054] -> 0x4FB3
mem[X,0x0000000080009056] -> 0x03DF
[9242] [M]: 0x0000000080009054 (0x03DF4FB3) div t6, t5, t4
x31 <- 0x0000000000000001
mem[X,0x0000000080009058] -> 0xB023
mem[X,0x000000008000905A] -> 0x2BF6
[9243] [M]: 0x0000000080009058 (0x2BF6B023) sd t6, 672(a3)
mem[0x000000008000E620] <- 0x0000000000000001
mem[X,0x000000008000905C] -> 0x6F37
mem[X,0x000000008000905E] -> 0x6666
[9244] [M]: 0x000000008000905C (0x66666F37) lui t5, 419430
x30 <- 0x0000000066666000
mem[X,0x0000000080009060] -> 0x0F13
mem[X,0x0000000080009062] -> 0x666F
[9245] [M]: 0x0000000080009060 (0x666F0F13) addi t5, t5, 1638
x30 <- 0x0000000066666666
mem[X,0x0000000080009064] -> 0x1F13
mem[X,0x0000000080009066] -> 0x00BF
[9246] [M]: 0x0000000080009064 (0x00BF1F13) slli t5, t5, 11
x30 <- 0x0000033333333000
mem[X,0x0000000080009068] -> 0x0F13
mem[X,0x000000008000906A] -> 0x333F
[9247] [M]: 0x0000000080009068 (0x333F0F13) addi t5, t5, 819
x30 <- 0x0000033333333333
mem[X,0x000000008000906C] -> 0x1F13
mem[X,0x000000008000906E] -> 0x00BF
[9248] [M]: 0x000000008000906C (0x00BF1F13) slli t5, t5, 11
x30 <- 0x0019999999999800
mem[X,0x0000000080009070] -> 0x0F13
mem[X,0x0000000080009072] -> 0x199F
[9249] [M]: 0x0000000080009070 (0x199F0F13) addi t5, t5, 409
x30 <- 0x0019999999999999
mem[X,0x0000000080009074] -> 0x1F13
mem[X,0x0000000080009076] -> 0x00AF
[9250] [M]: 0x0000000080009074 (0x00AF1F13) slli t5, t5, 10
x30 <- 0x6666666666666400
mem[X,0x0000000080009078] -> 0x0F13
mem[X,0x000000008000907A] -> 0x267F
[9251] [M]: 0x0000000080009078 (0x267F0F13) addi t5, t5, 615
x30 <- 0x6666666666666667
mem[X,0x000000008000907C] -> 0x0E93
mem[X,0x000000008000907E] -> 0x0000
[9252] [M]: 0x000000008000907C (0x00000E93) addi t4, zero, 0
x29 <- 0x0000000000000000
mem[X,0x0000000080009080] -> 0x4FB3
mem[X,0x0000000080009082] -> 0x03DF
[9253] [M]: 0x0000000080009080 (0x03DF4FB3) div t6, t5, t4
x31 <- 0xFFFFFFFFFFFFFFFF
mem[X,0x0000000080009084] -> 0xB423
mem[X,0x0000000080009086] -> 0x2BF6
[9254] [M]: 0x0000000080009084 (0x2BF6B423) sd t6, 680(a3)
mem[0x000000008000E628] <- 0xFFFFFFFFFFFFFFFF
mem[X,0x0000000080009088] -> 0x6F37
mem[X,0x000000008000908A] -> 0x6666
[9255] [M]: 0x0000000080009088 (0x66666F37) lui t5, 419430
x30 <- 0x0000000066666000
mem[X,0x000000008000908C] -> 0x0F13
mem[X,0x000000008000908E] -> 0x666F
[9256] [M]: 0x000000008000908C (0x666F0F13) addi t5, t5, 1638
x30 <- 0x0000000066666666
mem[X,0x0000000080009090] -> 0x1F13
mem[X,0x0000000080009092] -> 0x00BF
[9257] [M]: 0x0000000080009090 (0x00BF1F13) slli t5, t5, 11
x30 <- 0x0000033333333000
mem[X,0x0000000080009094] -> 0x0F13
mem[X,0x0000000080009096] -> 0x333F
[9258] [M]: 0x0000000080009094 (0x333F0F13) addi t5, t5, 819
x30 <- 0x0000033333333333
mem[X,0x0000000080009098] -> 0x1F13
mem[X,0x000000008000909A] -> 0x00BF
[9259] [M]: 0x0000000080009098 (0x00BF1F13) slli t5, t5, 11
x30 <- 0x0019999999999800
mem[X,0x000000008000909C] -> 0x0F13
mem[X,0x000000008000909E] -> 0x199F
[9260] [M]: 0x000000008000909C (0x199F0F13) addi t5, t5, 409
x30 <- 0x0019999999999999
mem[X,0x00000000800090A0] -> 0x1F13
mem[X,0x00000000800090A2] -> 0x00AF
[9261] [M]: 0x00000000800090A0 (0x00AF1F13) slli t5, t5, 10
x30 <- 0x6666666666666400
mem[X,0x00000000800090A4] -> 0x0F13
mem[X,0x00000000800090A6] -> 0x267F
[9262] [M]: 0x00000000800090A4 (0x267F0F13) addi t5, t5, 615
x30 <- 0x6666666666666667
mem[X,0x00000000800090A8] -> 0x0EB7
mem[X,0x00000000800090AA] -> 0x0000
[9263] [M]: 0x00000000800090A8 (0x00000EB7) lui t4, 0
x29 <- 0x0000000000000000
mem[X,0x00000000800090AC] -> 0x8E93
mem[X,0x00000000800090AE] -> 0x000E
[9264] [M]: 0x00000000800090AC (0x000E8E93) addi t4, t4, 0
x29 <- 0x0000000000000000
mem[X,0x00000000800090B0] -> 0x9E93
mem[X,0x00000000800090B2] -> 0x00BE
[9265] [M]: 0x00000000800090B0 (0x00BE9E93) slli t4, t4, 11
x29 <- 0x0000000000000000
mem[X,0x00000000800090B4] -> 0x8E93
mem[X,0x00000000800090B6] -> 0x5A8E
[9266] [M]: 0x00000000800090B4 (0x5A8E8E93) addi t4, t4, 1448
x29 <- 0x00000000000005A8
mem[X,0x00000000800090B8] -> 0x9E93
mem[X,0x00000000800090BA] -> 0x00BE
[9267] [M]: 0x00000000800090B8 (0x00BE9E93) slli t4, t4, 11
x29 <- 0x00000000002D4000
mem[X,0x00000000800090BC] -> 0x8E93
mem[X,0x00000000800090BE] -> 0x13CE
[9268] [M]: 0x00000000800090BC (0x13CE8E93) addi t4, t4, 316
x29 <- 0x00000000002D413C
mem[X,0x00000000800090C0] -> 0x9E93
mem[X,0x00000000800090C2] -> 0x00AE
[9269] [M]: 0x00000000800090C0 (0x00AE9E93) slli t4, t4, 10
x29 <- 0x00000000B504F000
mem[X,0x00000000800090C4] -> 0x8E93
mem[X,0x00000000800090C6] -> 0x332E
[9270] [M]: 0x00000000800090C4 (0x332E8E93) addi t4, t4, 818
x29 <- 0x00000000B504F332
mem[X,0x00000000800090C8] -> 0x4FB3
mem[X,0x00000000800090CA] -> 0x03DF
[9271] [M]: 0x00000000800090C8 (0x03DF4FB3) div t6, t5, t4
x31 <- 0x0000000090D0C291
mem[X,0x00000000800090CC] -> 0xB823
mem[X,0x00000000800090CE] -> 0x2BF6
[9272] [M]: 0x00000000800090CC (0x2BF6B823) sd t6, 688(a3)
mem[0x000000008000E630] <- 0x0000000090D0C291
mem[X,0x00000000800090D0] -> 0x6F37
mem[X,0x00000000800090D2] -> 0x6666
[9273] [M]: 0x00000000800090D0 (0x66666F37) lui t5, 419430
x30 <- 0x0000000066666000
mem[X,0x00000000800090D4] -> 0x0F13
mem[X,0x00000000800090D6] -> 0x666F
[9274] [M]: 0x00000000800090D4 (0x666F0F13) addi t5, t5, 1638
x30 <- 0x0000000066666666
mem[X,0x00000000800090D8] -> 0x1F13
mem[X,0x00000000800090DA] -> 0x00BF
[9275] [M]: 0x00000000800090D8 (0x00BF1F13) slli t5, t5, 11
x30 <- 0x0000033333333000
mem[X,0x00000000800090DC] -> 0x0F13
mem[X,0x00000000800090DE] -> 0x333F
[9276] [M]: 0x00000000800090DC (0x333F0F13) addi t5, t5, 819
x30 <- 0x0000033333333333
mem[X,0x00000000800090E0] -> 0x1F13
mem[X,0x00000000800090E2] -> 0x00BF
[9277] [M]: 0x00000000800090E0 (0x00BF1F13) slli t5, t5, 11
x30 <- 0x0019999999999800
mem[X,0x00000000800090E4] -> 0x0F13
mem[X,0x00000000800090E6] -> 0x199F
[9278] [M]: 0x00000000800090E4 (0x199F0F13) addi t5, t5, 409
x30 <- 0x0019999999999999
mem[X,0x00000000800090E8] -> 0x1F13
mem[X,0x00000000800090EA] -> 0x00AF
[9279] [M]: 0x00000000800090E8 (0x00AF1F13) slli t5, t5, 10
x30 <- 0x6666666666666400
mem[X,0x00000000800090EC] -> 0x0F13
mem[X,0x00000000800090EE] -> 0x267F
[9280] [M]: 0x00000000800090EC (0x267F0F13) addi t5, t5, 615
x30 <- 0x6666666666666667
mem[X,0x00000000800090F0] -> 0x0E93
mem[X,0x00000000800090F2] -> 0x0040
[9281] [M]: 0x00000000800090F0 (0x00400E93) addi t4, zero, 4
x29 <- 0x0000000000000004
mem[X,0x00000000800090F4] -> 0x4FB3
mem[X,0x00000000800090F6] -> 0x03DF
[9282] [M]: 0x00000000800090F4 (0x03DF4FB3) div t6, t5, t4
x31 <- 0x1999999999999999
mem[X,0x00000000800090F8] -> 0xBC23
mem[X,0x00000000800090FA] -> 0x2BF6
[9283] [M]: 0x00000000800090F8 (0x2BF6BC23) sd t6, 696(a3)
mem[0x000000008000E638] <- 0x1999999999999999
mem[X,0x00000000800090FC] -> 0x6F37
mem[X,0x00000000800090FE] -> 0x6666
[9284] [M]: 0x00000000800090FC (0x66666F37) lui t5, 419430
x30 <- 0x0000000066666000
mem[X,0x0000000080009100] -> 0x0F13
mem[X,0x0000000080009102] -> 0x666F
[9285] [M]: 0x0000000080009100 (0x666F0F13) addi t5, t5, 1638
x30 <- 0x0000000066666666
mem[X,0x0000000080009104] -> 0x1F13
mem[X,0x0000000080009106] -> 0x00BF
[9286] [M]: 0x0000000080009104 (0x00BF1F13) slli t5, t5, 11
x30 <- 0x0000033333333000
mem[X,0x0000000080009108] -> 0x0F13
mem[X,0x000000008000910A] -> 0x333F
[9287] [M]: 0x0000000080009108 (0x333F0F13) addi t5, t5, 819
x30 <- 0x0000033333333333
mem[X,0x000000008000910C] -> 0x1F13
mem[X,0x000000008000910E] -> 0x00BF
[9288] [M]: 0x000000008000910C (0x00BF1F13) slli t5, t5, 11
x30 <- 0x0019999999999800
mem[X,0x0000000080009110] -> 0x0F13
mem[X,0x0000000080009112] -> 0x199F
[9289] [M]: 0x0000000080009110 (0x199F0F13) addi t5, t5, 409
x30 <- 0x0019999999999999
mem[X,0x0000000080009114] -> 0x1F13
mem[X,0x0000000080009116] -> 0x00AF
[9290] [M]: 0x0000000080009114 (0x00AF1F13) slli t5, t5, 10
x30 <- 0x6666666666666400
mem[X,0x0000000080009118] -> 0x0F13
mem[X,0x000000008000911A] -> 0x267F
[9291] [M]: 0x0000000080009118 (0x267F0F13) addi t5, t5, 615
x30 <- 0x6666666666666667
mem[X,0x000000008000911C] -> 0x5EB7
mem[X,0x000000008000911E] -> 0x5555
[9292] [M]: 0x000000008000911C (0x55555EB7) lui t4, 349525
x29 <- 0x0000000055555000
mem[X,0x0000000080009120] -> 0x8E93
mem[X,0x0000000080009122] -> 0x555E
[9293] [M]: 0x0000000080009120 (0x555E8E93) addi t4, t4, 1365
x29 <- 0x0000000055555555
mem[X,0x0000000080009124] -> 0x9E93
mem[X,0x0000000080009126] -> 0x00BE
[9294] [M]: 0x0000000080009124 (0x00BE9E93) slli t4, t4, 11
x29 <- 0x000002AAAAAAA800
mem[X,0x0000000080009128] -> 0x8E93
mem[X,0x000000008000912A] -> 0x2AAE
[9295] [M]: 0x0000000080009128 (0x2AAE8E93) addi t4, t4, 682
x29 <- 0x000002AAAAAAAAAA
mem[X,0x000000008000912C] -> 0x9E93
mem[X,0x000000008000912E] -> 0x00BE
[9296] [M]: 0x000000008000912C (0x00BE9E93) slli t4, t4, 11
x29 <- 0x0015555555555000
mem[X,0x0000000080009130] -> 0x8E93
mem[X,0x0000000080009132] -> 0x555E
[9297] [M]: 0x0000000080009130 (0x555E8E93) addi t4, t4, 1365
x29 <- 0x0015555555555555
mem[X,0x0000000080009134] -> 0x9E93
mem[X,0x0000000080009136] -> 0x00AE
[9298] [M]: 0x0000000080009134 (0x00AE9E93) slli t4, t4, 10
x29 <- 0x5555555555555400
mem[X,0x0000000080009138] -> 0x8E93
mem[X,0x000000008000913A] -> 0x156E
[9299] [M]: 0x0000000080009138 (0x156E8E93) addi t4, t4, 342
x29 <- 0x5555555555555556
clint::tick mtime <- 0x000000000000005D
 clint timer pending at mtime 0x000000000000005D
htif::tick 0x0000000000000000
mem[X,0x000000008000913C] -> 0x4FB3
mem[X,0x000000008000913E] -> 0x03DF
[9300] [M]: 0x000000008000913C (0x03DF4FB3) div t6, t5, t4
x31 <- 0x0000000000000001
mem[X,0x0000000080009140] -> 0xB023
mem[X,0x0000000080009142] -> 0x2DF6
[9301] [M]: 0x0000000080009140 (0x2DF6B023) sd t6, 704(a3)
mem[0x000000008000E640] <- 0x0000000000000001
mem[X,0x0000000080009144] -> 0x6F37
mem[X,0x0000000080009146] -> 0x6666
[9302] [M]: 0x0000000080009144 (0x66666F37) lui t5, 419430
x30 <- 0x0000000066666000
mem[X,0x0000000080009148] -> 0x0F13
mem[X,0x000000008000914A] -> 0x666F
[9303] [M]: 0x0000000080009148 (0x666F0F13) addi t5, t5, 1638
x30 <- 0x0000000066666666
mem[X,0x000000008000914C] -> 0x1F13
mem[X,0x000000008000914E] -> 0x00BF
[9304] [M]: 0x000000008000914C (0x00BF1F13) slli t5, t5, 11
x30 <- 0x0000033333333000
mem[X,0x0000000080009150] -> 0x0F13
mem[X,0x0000000080009152] -> 0x333F
[9305] [M]: 0x0000000080009150 (0x333F0F13) addi t5, t5, 819
x30 <- 0x0000033333333333
mem[X,0x0000000080009154] -> 0x1F13
mem[X,0x0000000080009156] -> 0x00BF
[9306] [M]: 0x0000000080009154 (0x00BF1F13) slli t5, t5, 11
x30 <- 0x0019999999999800
mem[X,0x0000000080009158] -> 0x0F13
mem[X,0x000000008000915A] -> 0x199F
[9307] [M]: 0x0000000080009158 (0x199F0F13) addi t5, t5, 409
x30 <- 0x0019999999999999
mem[X,0x000000008000915C] -> 0x1F13
mem[X,0x000000008000915E] -> 0x00AF
[9308] [M]: 0x000000008000915C (0x00AF1F13) slli t5, t5, 10
x30 <- 0x6666666666666400
mem[X,0x0000000080009160] -> 0x0F13
mem[X,0x0000000080009162] -> 0x267F
[9309] [M]: 0x0000000080009160 (0x267F0F13) addi t5, t5, 615
x30 <- 0x6666666666666667
mem[X,0x0000000080009164] -> 0xBEB7
mem[X,0x0000000080009166] -> 0xAAAA
[9310] [M]: 0x0000000080009164 (0xAAAABEB7) lui t4, 699051
x29 <- 0xFFFFFFFFAAAAB000
mem[X,0x0000000080009168] -> 0x8E93
mem[X,0x000000008000916A] -> 0xAAAE
[9311] [M]: 0x0000000080009168 (0xAAAE8E93) addi t4, t4, 2730
x29 <- 0xFFFFFFFFAAAAAAAA
mem[X,0x000000008000916C] -> 0x9E93
mem[X,0x000000008000916E] -> 0x00BE
[9312] [M]: 0x000000008000916C (0x00BE9E93) slli t4, t4, 11
x29 <- 0xFFFFFD5555555000
mem[X,0x0000000080009170] -> 0x8E93
mem[X,0x0000000080009172] -> 0x555E
[9313] [M]: 0x0000000080009170 (0x555E8E93) addi t4, t4, 1365
x29 <- 0xFFFFFD5555555555
mem[X,0x0000000080009174] -> 0x9E93
mem[X,0x0000000080009176] -> 0x00BE
[9314] [M]: 0x0000000080009174 (0x00BE9E93) slli t4, t4, 11
x29 <- 0xFFEAAAAAAAAAA800
mem[X,0x0000000080009178] -> 0x8E93
mem[X,0x000000008000917A] -> 0x2AAE
[9315] [M]: 0x0000000080009178 (0x2AAE8E93) addi t4, t4, 682
x29 <- 0xFFEAAAAAAAAAAAAA
mem[X,0x000000008000917C] -> 0x9E93
mem[X,0x000000008000917E] -> 0x00AE
[9316] [M]: 0x000000008000917C (0x00AE9E93) slli t4, t4, 10
x29 <- 0xAAAAAAAAAAAAA800
mem[X,0x0000000080009180] -> 0x8E93
mem[X,0x0000000080009182] -> 0x2ABE
[9317] [M]: 0x0000000080009180 (0x2ABE8E93) addi t4, t4, 683
x29 <- 0xAAAAAAAAAAAAAAAB
mem[X,0x0000000080009184] -> 0x4FB3
mem[X,0x0000000080009186] -> 0x03DF
[9318] [M]: 0x0000000080009184 (0x03DF4FB3) div t6, t5, t4
x31 <- 0xFFFFFFFFFFFFFFFF
mem[X,0x0000000080009188] -> 0xB423
mem[X,0x000000008000918A] -> 0x2DF6
[9319] [M]: 0x0000000080009188 (0x2DF6B423) sd t6, 712(a3)
mem[0x000000008000E648] <- 0xFFFFFFFFFFFFFFFF
mem[X,0x000000008000918C] -> 0x6F37
mem[X,0x000000008000918E] -> 0x6666
[9320] [M]: 0x000000008000918C (0x66666F37) lui t5, 419430
x30 <- 0x0000000066666000
mem[X,0x0000000080009190] -> 0x0F13
mem[X,0x0000000080009192] -> 0x666F
[9321] [M]: 0x0000000080009190 (0x666F0F13) addi t5, t5, 1638
x30 <- 0x0000000066666666
mem[X,0x0000000080009194] -> 0x1F13
mem[X,0x0000000080009196] -> 0x00BF
[9322] [M]: 0x0000000080009194 (0x00BF1F13) slli t5, t5, 11
x30 <- 0x0000033333333000
mem[X,0x0000000080009198] -> 0x0F13
mem[X,0x000000008000919A] -> 0x333F
[9323] [M]: 0x0000000080009198 (0x333F0F13) addi t5, t5, 819
x30 <- 0x0000033333333333
mem[X,0x000000008000919C] -> 0x1F13
mem[X,0x000000008000919E] -> 0x00BF
[9324] [M]: 0x000000008000919C (0x00BF1F13) slli t5, t5, 11
x30 <- 0x0019999999999800
mem[X,0x00000000800091A0] -> 0x0F13
mem[X,0x00000000800091A2] -> 0x199F
[9325] [M]: 0x00000000800091A0 (0x199F0F13) addi t5, t5, 409
x30 <- 0x0019999999999999
mem[X,0x00000000800091A4] -> 0x1F13
mem[X,0x00000000800091A6] -> 0x00AF
[9326] [M]: 0x00000000800091A4 (0x00AF1F13) slli t5, t5, 10
x30 <- 0x6666666666666400
mem[X,0x00000000800091A8] -> 0x0F13
mem[X,0x00000000800091AA] -> 0x267F
[9327] [M]: 0x00000000800091A8 (0x267F0F13) addi t5, t5, 615
x30 <- 0x6666666666666667
mem[X,0x00000000800091AC] -> 0x0E93
mem[X,0x00000000800091AE] -> 0x0060
[9328] [M]: 0x00000000800091AC (0x00600E93) addi t4, zero, 6
x29 <- 0x0000000000000006
mem[X,0x00000000800091B0] -> 0x4FB3
mem[X,0x00000000800091B2] -> 0x03DF
[9329] [M]: 0x00000000800091B0 (0x03DF4FB3) div t6, t5, t4
x31 <- 0x1111111111111111
mem[X,0x00000000800091B4] -> 0xB823
mem[X,0x00000000800091B6] -> 0x2DF6
[9330] [M]: 0x00000000800091B4 (0x2DF6B823) sd t6, 720(a3)
mem[0x000000008000E650] <- 0x1111111111111111
mem[X,0x00000000800091B8] -> 0x6F37
mem[X,0x00000000800091BA] -> 0x6666
[9331] [M]: 0x00000000800091B8 (0x66666F37) lui t5, 419430
x30 <- 0x0000000066666000
mem[X,0x00000000800091BC] -> 0x0F13
mem[X,0x00000000800091BE] -> 0x666F
[9332] [M]: 0x00000000800091BC (0x666F0F13) addi t5, t5, 1638
x30 <- 0x0000000066666666
mem[X,0x00000000800091C0] -> 0x1F13
mem[X,0x00000000800091C2] -> 0x00BF
[9333] [M]: 0x00000000800091C0 (0x00BF1F13) slli t5, t5, 11
x30 <- 0x0000033333333000
mem[X,0x00000000800091C4] -> 0x0F13
mem[X,0x00000000800091C6] -> 0x333F
[9334] [M]: 0x00000000800091C4 (0x333F0F13) addi t5, t5, 819
x30 <- 0x0000033333333333
mem[X,0x00000000800091C8] -> 0x1F13
mem[X,0x00000000800091CA] -> 0x00BF
[9335] [M]: 0x00000000800091C8 (0x00BF1F13) slli t5, t5, 11
x30 <- 0x0019999999999800
mem[X,0x00000000800091CC] -> 0x0F13
mem[X,0x00000000800091CE] -> 0x199F
[9336] [M]: 0x00000000800091CC (0x199F0F13) addi t5, t5, 409
x30 <- 0x0019999999999999
mem[X,0x00000000800091D0] -> 0x1F13
mem[X,0x00000000800091D2] -> 0x00AF
[9337] [M]: 0x00000000800091D0 (0x00AF1F13) slli t5, t5, 10
x30 <- 0x6666666666666400
mem[X,0x00000000800091D4] -> 0x0F13
mem[X,0x00000000800091D6] -> 0x267F
[9338] [M]: 0x00000000800091D4 (0x267F0F13) addi t5, t5, 615
x30 <- 0x6666666666666667
mem[X,0x00000000800091D8] -> 0x3EB7
mem[X,0x00000000800091DA] -> 0x3333
[9339] [M]: 0x00000000800091D8 (0x33333EB7) lui t4, 209715
x29 <- 0x0000000033333000
mem[X,0x00000000800091DC] -> 0x8E93
mem[X,0x00000000800091DE] -> 0x333E
[9340] [M]: 0x00000000800091DC (0x333E8E93) addi t4, t4, 819
x29 <- 0x0000000033333333
mem[X,0x00000000800091E0] -> 0x9E93
mem[X,0x00000000800091E2] -> 0x00BE
[9341] [M]: 0x00000000800091E0 (0x00BE9E93) slli t4, t4, 11
x29 <- 0x0000019999999800
mem[X,0x00000000800091E4] -> 0x8E93
mem[X,0x00000000800091E6] -> 0x199E
[9342] [M]: 0x00000000800091E4 (0x199E8E93) addi t4, t4, 409
x29 <- 0x0000019999999999
mem[X,0x00000000800091E8] -> 0x9E93
mem[X,0x00000000800091EA] -> 0x00BE
[9343] [M]: 0x00000000800091E8 (0x00BE9E93) slli t4, t4, 11
x29 <- 0x000CCCCCCCCCC800
mem[X,0x00000000800091EC] -> 0x8E93
mem[X,0x00000000800091EE] -> 0x4CCE
[9344] [M]: 0x00000000800091EC (0x4CCE8E93) addi t4, t4, 1228
x29 <- 0x000CCCCCCCCCCCCC
mem[X,0x00000000800091F0] -> 0x9E93
mem[X,0x00000000800091F2] -> 0x00AE
[9345] [M]: 0x00000000800091F0 (0x00AE9E93) slli t4, t4, 10
x29 <- 0x3333333333333000
mem[X,0x00000000800091F4] -> 0x8E93
mem[X,0x00000000800091F6] -> 0x334E
[9346] [M]: 0x00000000800091F4 (0x334E8E93) addi t4, t4, 820
x29 <- 0x3333333333333334
mem[X,0x00000000800091F8] -> 0x4FB3
mem[X,0x00000000800091FA] -> 0x03DF
[9347] [M]: 0x00000000800091F8 (0x03DF4FB3) div t6, t5, t4
x31 <- 0x0000000000000001
mem[X,0x00000000800091FC] -> 0xBC23
mem[X,0x00000000800091FE] -> 0x2DF6
[9348] [M]: 0x00000000800091FC (0x2DF6BC23) sd t6, 728(a3)
mem[0x000000008000E658] <- 0x0000000000000001
mem[X,0x0000000080009200] -> 0x6F37
mem[X,0x0000000080009202] -> 0x6666
[9349] [M]: 0x0000000080009200 (0x66666F37) lui t5, 419430
x30 <- 0x0000000066666000
mem[X,0x0000000080009204] -> 0x0F13
mem[X,0x0000000080009206] -> 0x666F
[9350] [M]: 0x0000000080009204 (0x666F0F13) addi t5, t5, 1638
x30 <- 0x0000000066666666
mem[X,0x0000000080009208] -> 0x1F13
mem[X,0x000000008000920A] -> 0x00BF
[9351] [M]: 0x0000000080009208 (0x00BF1F13) slli t5, t5, 11
x30 <- 0x0000033333333000
mem[X,0x000000008000920C] -> 0x0F13
mem[X,0x000000008000920E] -> 0x333F
[9352] [M]: 0x000000008000920C (0x333F0F13) addi t5, t5, 819
x30 <- 0x0000033333333333
mem[X,0x0000000080009210] -> 0x1F13
mem[X,0x0000000080009212] -> 0x00BF
[9353] [M]: 0x0000000080009210 (0x00BF1F13) slli t5, t5, 11
x30 <- 0x0019999999999800
mem[X,0x0000000080009214] -> 0x0F13
mem[X,0x0000000080009216] -> 0x199F
[9354] [M]: 0x0000000080009214 (0x199F0F13) addi t5, t5, 409
x30 <- 0x0019999999999999
mem[X,0x0000000080009218] -> 0x1F13
mem[X,0x000000008000921A] -> 0x00AF
[9355] [M]: 0x0000000080009218 (0x00AF1F13) slli t5, t5, 10
x30 <- 0x6666666666666400
mem[X,0x000000008000921C] -> 0x0F13
mem[X,0x000000008000921E] -> 0x267F
[9356] [M]: 0x000000008000921C (0x267F0F13) addi t5, t5, 615
x30 <- 0x6666666666666667
mem[X,0x0000000080009220] -> 0x6EB7
mem[X,0x0000000080009222] -> 0x6666
[9357] [M]: 0x0000000080009220 (0x66666EB7) lui t4, 419430
x29 <- 0x0000000066666000
mem[X,0x0000000080009224] -> 0x8E93
mem[X,0x0000000080009226] -> 0x666E
[9358] [M]: 0x0000000080009224 (0x666E8E93) addi t4, t4, 1638
x29 <- 0x0000000066666666
mem[X,0x0000000080009228] -> 0x9E93
mem[X,0x000000008000922A] -> 0x00BE
[9359] [M]: 0x0000000080009228 (0x00BE9E93) slli t4, t4, 11
x29 <- 0x0000033333333000
mem[X,0x000000008000922C] -> 0x8E93
mem[X,0x000000008000922E] -> 0x333E
[9360] [M]: 0x000000008000922C (0x333E8E93) addi t4, t4, 819
x29 <- 0x0000033333333333
mem[X,0x0000000080009230] -> 0x9E93
mem[X,0x0000000080009232] -> 0x00BE
[9361] [M]: 0x0000000080009230 (0x00BE9E93) slli t4, t4, 11
x29 <- 0x0019999999999800
mem[X,0x0000000080009234] -> 0x8E93
mem[X,0x0000000080009236] -> 0x199E
[9362] [M]: 0x0000000080009234 (0x199E8E93) addi t4, t4, 409
x29 <- 0x0019999999999999
mem[X,0x0000000080009238] -> 0x9E93
mem[X,0x000000008000923A] -> 0x00AE
[9363] [M]: 0x0000000080009238 (0x00AE9E93) slli t4, t4, 10
x29 <- 0x6666666666666400
mem[X,0x000000008000923C] -> 0x8E93
mem[X,0x000000008000923E] -> 0x267E
[9364] [M]: 0x000000008000923C (0x267E8E93) addi t4, t4, 615
x29 <- 0x6666666666666667
mem[X,0x0000000080009240] -> 0x4FB3
mem[X,0x0000000080009242] -> 0x03DF
[9365] [M]: 0x0000000080009240 (0x03DF4FB3) div t6, t5, t4
x31 <- 0x0000000000000001
mem[X,0x0000000080009244] -> 0xB023
mem[X,0x0000000080009246] -> 0x2FF6
[9366] [M]: 0x0000000080009244 (0x2FF6B023) sd t6, 736(a3)
mem[0x000000008000E660] <- 0x0000000000000001
mem[X,0x0000000080009248] -> 0x6F37
mem[X,0x000000008000924A] -> 0x6666
[9367] [M]: 0x0000000080009248 (0x66666F37) lui t5, 419430
x30 <- 0x0000000066666000
mem[X,0x000000008000924C] -> 0x0F13
mem[X,0x000000008000924E] -> 0x666F
[9368] [M]: 0x000000008000924C (0x666F0F13) addi t5, t5, 1638
x30 <- 0x0000000066666666
mem[X,0x0000000080009250] -> 0x1F13
mem[X,0x0000000080009252] -> 0x00BF
[9369] [M]: 0x0000000080009250 (0x00BF1F13) slli t5, t5, 11
x30 <- 0x0000033333333000
mem[X,0x0000000080009254] -> 0x0F13
mem[X,0x0000000080009256] -> 0x333F
[9370] [M]: 0x0000000080009254 (0x333F0F13) addi t5, t5, 819
x30 <- 0x0000033333333333
mem[X,0x0000000080009258] -> 0x1F13
mem[X,0x000000008000925A] -> 0x00BF
[9371] [M]: 0x0000000080009258 (0x00BF1F13) slli t5, t5, 11
x30 <- 0x0019999999999800
mem[X,0x000000008000925C] -> 0x0F13
mem[X,0x000000008000925E] -> 0x199F
[9372] [M]: 0x000000008000925C (0x199F0F13) addi t5, t5, 409
x30 <- 0x0019999999999999
mem[X,0x0000000080009260] -> 0x1F13
mem[X,0x0000000080009262] -> 0x00AF
[9373] [M]: 0x0000000080009260 (0x00AF1F13) slli t5, t5, 10
x30 <- 0x6666666666666400
mem[X,0x0000000080009264] -> 0x0F13
mem[X,0x0000000080009266] -> 0x267F
[9374] [M]: 0x0000000080009264 (0x267F0F13) addi t5, t5, 615
x30 <- 0x6666666666666667
mem[X,0x0000000080009268] -> 0x0EB7
mem[X,0x000000008000926A] -> 0x0000
[9375] [M]: 0x0000000080009268 (0x00000EB7) lui t4, 0
x29 <- 0x0000000000000000
mem[X,0x000000008000926C] -> 0x8E93
mem[X,0x000000008000926E] -> 0xFFFE
[9376] [M]: 0x000000008000926C (0xFFFE8E93) addi t4, t4, 4095
x29 <- 0xFFFFFFFFFFFFFFFF
mem[X,0x0000000080009270] -> 0x9E93
mem[X,0x0000000080009272] -> 0x00BE
[9377] [M]: 0x0000000080009270 (0x00BE9E93) slli t4, t4, 11
x29 <- 0xFFFFFFFFFFFFF800
mem[X,0x0000000080009274] -> 0x8E93
mem[X,0x0000000080009276] -> 0x257E
[9378] [M]: 0x0000000080009274 (0x257E8E93) addi t4, t4, 599
x29 <- 0xFFFFFFFFFFFFFA57
mem[X,0x0000000080009278] -> 0x9E93
mem[X,0x000000008000927A] -> 0x00BE
[9379] [M]: 0x0000000080009278 (0x00BE9E93) slli t4, t4, 11
x29 <- 0xFFFFFFFFFFD2B800
mem[X,0x000000008000927C] -> 0x8E93
mem[X,0x000000008000927E] -> 0x6C3E
[9380] [M]: 0x000000008000927C (0x6C3E8E93) addi t4, t4, 1731
x29 <- 0xFFFFFFFFFFD2BEC3
mem[X,0x0000000080009280] -> 0x9E93
mem[X,0x0000000080009282] -> 0x00AE
[9381] [M]: 0x0000000080009280 (0x00AE9E93) slli t4, t4, 10
x29 <- 0xFFFFFFFF4AFB0C00
mem[X,0x0000000080009284] -> 0x8E93
mem[X,0x0000000080009286] -> 0x0CEE
[9382] [M]: 0x0000000080009284 (0x0CEE8E93) addi t4, t4, 206
x29 <- 0xFFFFFFFF4AFB0CCE
mem[X,0x0000000080009288] -> 0x4FB3
mem[X,0x000000008000928A] -> 0x03DF
[9383] [M]: 0x0000000080009288 (0x03DF4FB3) div t6, t5, t4
x31 <- 0xFFFFFFFF6F2F3D6F
mem[X,0x000000008000928C] -> 0xB423
mem[X,0x000000008000928E] -> 0x2FF6
[9384] [M]: 0x000000008000928C (0x2FF6B423) sd t6, 744(a3)
mem[0x000000008000E668] <- 0xFFFFFFFF6F2F3D6F
mem[X,0x0000000080009290] -> 0x6F37
mem[X,0x0000000080009292] -> 0x6666
[9385] [M]: 0x0000000080009290 (0x66666F37) lui t5, 419430
x30 <- 0x0000000066666000
mem[X,0x0000000080009294] -> 0x0F13
mem[X,0x0000000080009296] -> 0x666F
[9386] [M]: 0x0000000080009294 (0x666F0F13) addi t5, t5, 1638
x30 <- 0x0000000066666666
mem[X,0x0000000080009298] -> 0x1F13
mem[X,0x000000008000929A] -> 0x00BF
[9387] [M]: 0x0000000080009298 (0x00BF1F13) slli t5, t5, 11
x30 <- 0x0000033333333000
mem[X,0x000000008000929C] -> 0x0F13
mem[X,0x000000008000929E] -> 0x333F
[9388] [M]: 0x000000008000929C (0x333F0F13) addi t5, t5, 819
x30 <- 0x0000033333333333
mem[X,0x00000000800092A0] -> 0x1F13
mem[X,0x00000000800092A2] -> 0x00BF
[9389] [M]: 0x00000000800092A0 (0x00BF1F13) slli t5, t5, 11
x30 <- 0x0019999999999800
mem[X,0x00000000800092A4] -> 0x0F13
mem[X,0x00000000800092A6] -> 0x199F
[9390] [M]: 0x00000000800092A4 (0x199F0F13) addi t5, t5, 409
x30 <- 0x0019999999999999
mem[X,0x00000000800092A8] -> 0x1F13
mem[X,0x00000000800092AA] -> 0x00AF
[9391] [M]: 0x00000000800092A8 (0x00AF1F13) slli t5, t5, 10
x30 <- 0x6666666666666400
mem[X,0x00000000800092AC] -> 0x0F13
mem[X,0x00000000800092AE] -> 0x267F
[9392] [M]: 0x00000000800092AC (0x267F0F13) addi t5, t5, 615
x30 <- 0x6666666666666667
mem[X,0x00000000800092B0] -> 0x0EB7
mem[X,0x00000000800092B2] -> 0x0000
[9393] [M]: 0x00000000800092B0 (0x00000EB7) lui t4, 0
x29 <- 0x0000000000000000
mem[X,0x00000000800092B4] -> 0x8E93
mem[X,0x00000000800092B6] -> 0x000E
[9394] [M]: 0x00000000800092B4 (0x000E8E93) addi t4, t4, 0
x29 <- 0x0000000000000000
mem[X,0x00000000800092B8] -> 0x9E93
mem[X,0x00000000800092BA] -> 0x00BE
[9395] [M]: 0x00000000800092B8 (0x00BE9E93) slli t4, t4, 11
x29 <- 0x0000000000000000
mem[X,0x00000000800092BC] -> 0x8E93
mem[X,0x00000000800092BE] -> 0x5A8E
[9396] [M]: 0x00000000800092BC (0x5A8E8E93) addi t4, t4, 1448
x29 <- 0x00000000000005A8
mem[X,0x00000000800092C0] -> 0x9E93
mem[X,0x00000000800092C2] -> 0x00BE
[9397] [M]: 0x00000000800092C0 (0x00BE9E93) slli t4, t4, 11
x29 <- 0x00000000002D4000
mem[X,0x00000000800092C4] -> 0x8E93
mem[X,0x00000000800092C6] -> 0x13CE
[9398] [M]: 0x00000000800092C4 (0x13CE8E93) addi t4, t4, 316
x29 <- 0x00000000002D413C
mem[X,0x00000000800092C8] -> 0x9E93
mem[X,0x00000000800092CA] -> 0x00AE
[9399] [M]: 0x00000000800092C8 (0x00AE9E93) slli t4, t4, 10
x29 <- 0x00000000B504F000
clint::tick mtime <- 0x000000000000005E
 clint timer pending at mtime 0x000000000000005E
htif::tick 0x0000000000000000
mem[X,0x00000000800092CC] -> 0x8E93
mem[X,0x00000000800092CE] -> 0x334E
[9400] [M]: 0x00000000800092CC (0x334E8E93) addi t4, t4, 820
x29 <- 0x00000000B504F334
mem[X,0x00000000800092D0] -> 0x4FB3
mem[X,0x00000000800092D2] -> 0x03DF
[9401] [M]: 0x00000000800092D0 (0x03DF4FB3) div t6, t5, t4
x31 <- 0x0000000090D0C28F
mem[X,0x00000000800092D4] -> 0xB823
mem[X,0x00000000800092D6] -> 0x2FF6
[9402] [M]: 0x00000000800092D4 (0x2FF6B823) sd t6, 752(a3)
mem[0x000000008000E670] <- 0x0000000090D0C28F
mem[X,0x00000000800092D8] -> 0x0F37
mem[X,0x00000000800092DA] -> 0x0000
[9403] [M]: 0x00000000800092D8 (0x00000F37) lui t5, 0
x30 <- 0x0000000000000000
mem[X,0x00000000800092DC] -> 0x0F13
mem[X,0x00000000800092DE] -> 0xFFFF
[9404] [M]: 0x00000000800092DC (0xFFFF0F13) addi t5, t5, 4095
x30 <- 0xFFFFFFFFFFFFFFFF
mem[X,0x00000000800092E0] -> 0x1F13
mem[X,0x00000000800092E2] -> 0x00BF
[9405] [M]: 0x00000000800092E0 (0x00BF1F13) slli t5, t5, 11
x30 <- 0xFFFFFFFFFFFFF800
mem[X,0x00000000800092E4] -> 0x0F13
mem[X,0x00000000800092E6] -> 0x257F
[9406] [M]: 0x00000000800092E4 (0x257F0F13) addi t5, t5, 599
x30 <- 0xFFFFFFFFFFFFFA57
mem[X,0x00000000800092E8] -> 0x1F13
mem[X,0x00000000800092EA] -> 0x00BF
[9407] [M]: 0x00000000800092E8 (0x00BF1F13) slli t5, t5, 11
x30 <- 0xFFFFFFFFFFD2B800
mem[X,0x00000000800092EC] -> 0x0F13
mem[X,0x00000000800092EE] -> 0x6C3F
[9408] [M]: 0x00000000800092EC (0x6C3F0F13) addi t5, t5, 1731
x30 <- 0xFFFFFFFFFFD2BEC3
mem[X,0x00000000800092F0] -> 0x1F13
mem[X,0x00000000800092F2] -> 0x00AF
[9409] [M]: 0x00000000800092F0 (0x00AF1F13) slli t5, t5, 10
x30 <- 0xFFFFFFFF4AFB0C00
mem[X,0x00000000800092F4] -> 0x0F13
mem[X,0x00000000800092F6] -> 0x0CEF
[9410] [M]: 0x00000000800092F4 (0x0CEF0F13) addi t5, t5, 206
x30 <- 0xFFFFFFFF4AFB0CCE
mem[X,0x00000000800092F8] -> 0x0E93
mem[X,0x00000000800092FA] -> 0x0030
[9411] [M]: 0x00000000800092F8 (0x00300E93) addi t4, zero, 3
x29 <- 0x0000000000000003
mem[X,0x00000000800092FC] -> 0x4FB3
mem[X,0x00000000800092FE] -> 0x03DF
[9412] [M]: 0x00000000800092FC (0x03DF4FB3) div t6, t5, t4
x31 <- 0xFFFFFFFFC3A90445
mem[X,0x0000000080009300] -> 0xBC23
mem[X,0x0000000080009302] -> 0x2FF6
[9413] [M]: 0x0000000080009300 (0x2FF6BC23) sd t6, 760(a3)
mem[0x000000008000E678] <- 0xFFFFFFFFC3A90445
mem[X,0x0000000080009304] -> 0x0F37
mem[X,0x0000000080009306] -> 0x0000
[9414] [M]: 0x0000000080009304 (0x00000F37) lui t5, 0
x30 <- 0x0000000000000000
mem[X,0x0000000080009308] -> 0x0F13
mem[X,0x000000008000930A] -> 0xFFFF
[9415] [M]: 0x0000000080009308 (0xFFFF0F13) addi t5, t5, 4095
x30 <- 0xFFFFFFFFFFFFFFFF
mem[X,0x000000008000930C] -> 0x1F13
mem[X,0x000000008000930E] -> 0x00BF
[9416] [M]: 0x000000008000930C (0x00BF1F13) slli t5, t5, 11
x30 <- 0xFFFFFFFFFFFFF800
mem[X,0x0000000080009310] -> 0x0F13
mem[X,0x0000000080009312] -> 0x257F
[9417] [M]: 0x0000000080009310 (0x257F0F13) addi t5, t5, 599
x30 <- 0xFFFFFFFFFFFFFA57
mem[X,0x0000000080009314] -> 0x1F13
mem[X,0x0000000080009316] -> 0x00BF
[9418] [M]: 0x0000000080009314 (0x00BF1F13) slli t5, t5, 11
x30 <- 0xFFFFFFFFFFD2B800
mem[X,0x0000000080009318] -> 0x0F13
mem[X,0x000000008000931A] -> 0x6C3F
[9419] [M]: 0x0000000080009318 (0x6C3F0F13) addi t5, t5, 1731
x30 <- 0xFFFFFFFFFFD2BEC3
mem[X,0x000000008000931C] -> 0x1F13
mem[X,0x000000008000931E] -> 0x00AF
[9420] [M]: 0x000000008000931C (0x00AF1F13) slli t5, t5, 10
x30 <- 0xFFFFFFFF4AFB0C00
mem[X,0x0000000080009320] -> 0x0F13
mem[X,0x0000000080009322] -> 0x0CEF
[9421] [M]: 0x0000000080009320 (0x0CEF0F13) addi t5, t5, 206
x30 <- 0xFFFFFFFF4AFB0CCE
mem[X,0x0000000080009324] -> 0x5EB7
mem[X,0x0000000080009326] -> 0x5555
[9422] [M]: 0x0000000080009324 (0x55555EB7) lui t4, 349525
x29 <- 0x0000000055555000
mem[X,0x0000000080009328] -> 0x8E93
mem[X,0x000000008000932A] -> 0x555E
[9423] [M]: 0x0000000080009328 (0x555E8E93) addi t4, t4, 1365
x29 <- 0x0000000055555555
mem[X,0x000000008000932C] -> 0x9E93
mem[X,0x000000008000932E] -> 0x00BE
[9424] [M]: 0x000000008000932C (0x00BE9E93) slli t4, t4, 11
x29 <- 0x000002AAAAAAA800
mem[X,0x0000000080009330] -> 0x8E93
mem[X,0x0000000080009332] -> 0x2AAE
[9425] [M]: 0x0000000080009330 (0x2AAE8E93) addi t4, t4, 682
x29 <- 0x000002AAAAAAAAAA
mem[X,0x0000000080009334] -> 0x9E93
mem[X,0x0000000080009336] -> 0x00BE
[9426] [M]: 0x0000000080009334 (0x00BE9E93) slli t4, t4, 11
x29 <- 0x0015555555555000
mem[X,0x0000000080009338] -> 0x8E93
mem[X,0x000000008000933A] -> 0x555E
[9427] [M]: 0x0000000080009338 (0x555E8E93) addi t4, t4, 1365
x29 <- 0x0015555555555555
mem[X,0x000000008000933C] -> 0x9E93
mem[X,0x000000008000933E] -> 0x00AE
[9428] [M]: 0x000000008000933C (0x00AE9E93) slli t4, t4, 10
x29 <- 0x5555555555555400
mem[X,0x0000000080009340] -> 0x8E93
mem[X,0x0000000080009342] -> 0x155E
[9429] [M]: 0x0000000080009340 (0x155E8E93) addi t4, t4, 341
x29 <- 0x5555555555555555
mem[X,0x0000000080009344] -> 0x4FB3
mem[X,0x0000000080009346] -> 0x03DF
[9430] [M]: 0x0000000080009344 (0x03DF4FB3) div t6, t5, t4
x31 <- 0x0000000000000000
mem[X,0x0000000080009348] -> 0xB023
mem[X,0x000000008000934A] -> 0x31F6
[9431] [M]: 0x0000000080009348 (0x31F6B023) sd t6, 768(a3)
mem[0x000000008000E680] <- 0x0000000000000000
mem[X,0x000000008000934C] -> 0x0F37
mem[X,0x000000008000934E] -> 0x0000
[9432] [M]: 0x000000008000934C (0x00000F37) lui t5, 0
x30 <- 0x0000000000000000
mem[X,0x0000000080009350] -> 0x0F13
mem[X,0x0000000080009352] -> 0xFFFF
[9433] [M]: 0x0000000080009350 (0xFFFF0F13) addi t5, t5, 4095
x30 <- 0xFFFFFFFFFFFFFFFF
mem[X,0x0000000080009354] -> 0x1F13
mem[X,0x0000000080009356] -> 0x00BF
[9434] [M]: 0x0000000080009354 (0x00BF1F13) slli t5, t5, 11
x30 <- 0xFFFFFFFFFFFFF800
mem[X,0x0000000080009358] -> 0x0F13
mem[X,0x000000008000935A] -> 0x257F
[9435] [M]: 0x0000000080009358 (0x257F0F13) addi t5, t5, 599
x30 <- 0xFFFFFFFFFFFFFA57
mem[X,0x000000008000935C] -> 0x1F13
mem[X,0x000000008000935E] -> 0x00BF
[9436] [M]: 0x000000008000935C (0x00BF1F13) slli t5, t5, 11
x30 <- 0xFFFFFFFFFFD2B800
mem[X,0x0000000080009360] -> 0x0F13
mem[X,0x0000000080009362] -> 0x6C3F
[9437] [M]: 0x0000000080009360 (0x6C3F0F13) addi t5, t5, 1731
x30 <- 0xFFFFFFFFFFD2BEC3
mem[X,0x0000000080009364] -> 0x1F13
mem[X,0x0000000080009366] -> 0x00AF
[9438] [M]: 0x0000000080009364 (0x00AF1F13) slli t5, t5, 10
x30 <- 0xFFFFFFFF4AFB0C00
mem[X,0x0000000080009368] -> 0x0F13
mem[X,0x000000008000936A] -> 0x0CEF
[9439] [M]: 0x0000000080009368 (0x0CEF0F13) addi t5, t5, 206
x30 <- 0xFFFFFFFF4AFB0CCE
mem[X,0x000000008000936C] -> 0xBEB7
mem[X,0x000000008000936E] -> 0xAAAA
[9440] [M]: 0x000000008000936C (0xAAAABEB7) lui t4, 699051
x29 <- 0xFFFFFFFFAAAAB000
mem[X,0x0000000080009370] -> 0x8E93
mem[X,0x0000000080009372] -> 0xAAAE
[9441] [M]: 0x0000000080009370 (0xAAAE8E93) addi t4, t4, 2730
x29 <- 0xFFFFFFFFAAAAAAAA
mem[X,0x0000000080009374] -> 0x9E93
mem[X,0x0000000080009376] -> 0x00BE
[9442] [M]: 0x0000000080009374 (0x00BE9E93) slli t4, t4, 11
x29 <- 0xFFFFFD5555555000
mem[X,0x0000000080009378] -> 0x8E93
mem[X,0x000000008000937A] -> 0x555E
[9443] [M]: 0x0000000080009378 (0x555E8E93) addi t4, t4, 1365
x29 <- 0xFFFFFD5555555555
mem[X,0x000000008000937C] -> 0x9E93
mem[X,0x000000008000937E] -> 0x00BE
[9444] [M]: 0x000000008000937C (0x00BE9E93) slli t4, t4, 11
x29 <- 0xFFEAAAAAAAAAA800
mem[X,0x0000000080009380] -> 0x8E93
mem[X,0x0000000080009382] -> 0x2AAE
[9445] [M]: 0x0000000080009380 (0x2AAE8E93) addi t4, t4, 682
x29 <- 0xFFEAAAAAAAAAAAAA
mem[X,0x0000000080009384] -> 0x9E93
mem[X,0x0000000080009386] -> 0x00AE
[9446] [M]: 0x0000000080009384 (0x00AE9E93) slli t4, t4, 10
x29 <- 0xAAAAAAAAAAAAA800
mem[X,0x0000000080009388] -> 0x8E93
mem[X,0x000000008000938A] -> 0x2AAE
[9447] [M]: 0x0000000080009388 (0x2AAE8E93) addi t4, t4, 682
x29 <- 0xAAAAAAAAAAAAAAAA
mem[X,0x000000008000938C] -> 0x4FB3
mem[X,0x000000008000938E] -> 0x03DF
[9448] [M]: 0x000000008000938C (0x03DF4FB3) div t6, t5, t4
x31 <- 0x0000000000000000
mem[X,0x0000000080009390] -> 0xB423
mem[X,0x0000000080009392] -> 0x31F6
[9449] [M]: 0x0000000080009390 (0x31F6B423) sd t6, 776(a3)
mem[0x000000008000E688] <- 0x0000000000000000
mem[X,0x0000000080009394] -> 0x3F37
mem[X,0x0000000080009396] -> 0x3333
[9450] [M]: 0x0000000080009394 (0x33333F37) lui t5, 209715
x30 <- 0x0000000033333000
mem[X,0x0000000080009398] -> 0x0F13
mem[X,0x000000008000939A] -> 0x333F
[9451] [M]: 0x0000000080009398 (0x333F0F13) addi t5, t5, 819
x30 <- 0x0000000033333333
mem[X,0x000000008000939C] -> 0x1F13
mem[X,0x000000008000939E] -> 0x00BF
[9452] [M]: 0x000000008000939C (0x00BF1F13) slli t5, t5, 11
x30 <- 0x0000019999999800
mem[X,0x00000000800093A0] -> 0x0F13
mem[X,0x00000000800093A2] -> 0x199F
[9453] [M]: 0x00000000800093A0 (0x199F0F13) addi t5, t5, 409
x30 <- 0x0000019999999999
mem[X,0x00000000800093A4] -> 0x1F13
mem[X,0x00000000800093A6] -> 0x00BF
[9454] [M]: 0x00000000800093A4 (0x00BF1F13) slli t5, t5, 11
x30 <- 0x000CCCCCCCCCC800
mem[X,0x00000000800093A8] -> 0x0F13
mem[X,0x00000000800093AA] -> 0x4CCF
[9455] [M]: 0x00000000800093A8 (0x4CCF0F13) addi t5, t5, 1228
x30 <- 0x000CCCCCCCCCCCCC
mem[X,0x00000000800093AC] -> 0x1F13
mem[X,0x00000000800093AE] -> 0x00AF
[9456] [M]: 0x00000000800093AC (0x00AF1F13) slli t5, t5, 10
x30 <- 0x3333333333333000
mem[X,0x00000000800093B0] -> 0x0F13
mem[X,0x00000000800093B2] -> 0x332F
[9457] [M]: 0x00000000800093B0 (0x332F0F13) addi t5, t5, 818
x30 <- 0x3333333333333332
mem[X,0x00000000800093B4] -> 0x0EB7
mem[X,0x00000000800093B6] -> 0x0000
[9458] [M]: 0x00000000800093B4 (0x00000EB7) lui t4, 0
x29 <- 0x0000000000000000
mem[X,0x00000000800093B8] -> 0x8E93
mem[X,0x00000000800093BA] -> 0xFFFE
[9459] [M]: 0x00000000800093B8 (0xFFFE8E93) addi t4, t4, 4095
x29 <- 0xFFFFFFFFFFFFFFFF
mem[X,0x00000000800093BC] -> 0x9E93
mem[X,0x00000000800093BE] -> 0x00BE
[9460] [M]: 0x00000000800093BC (0x00BE9E93) slli t4, t4, 11
x29 <- 0xFFFFFFFFFFFFF800
mem[X,0x00000000800093C0] -> 0x8E93
mem[X,0x00000000800093C2] -> 0x257E
[9461] [M]: 0x00000000800093C0 (0x257E8E93) addi t4, t4, 599
x29 <- 0xFFFFFFFFFFFFFA57
mem[X,0x00000000800093C4] -> 0x9E93
mem[X,0x00000000800093C6] -> 0x00BE
[9462] [M]: 0x00000000800093C4 (0x00BE9E93) slli t4, t4, 11
x29 <- 0xFFFFFFFFFFD2B800
mem[X,0x00000000800093C8] -> 0x8E93
mem[X,0x00000000800093CA] -> 0x6C3E
[9463] [M]: 0x00000000800093C8 (0x6C3E8E93) addi t4, t4, 1731
x29 <- 0xFFFFFFFFFFD2BEC3
mem[X,0x00000000800093CC] -> 0x9E93
mem[X,0x00000000800093CE] -> 0x00AE
[9464] [M]: 0x00000000800093CC (0x00AE9E93) slli t4, t4, 10
x29 <- 0xFFFFFFFF4AFB0C00
mem[X,0x00000000800093D0] -> 0x8E93
mem[X,0x00000000800093D2] -> 0x0CDE
[9465] [M]: 0x00000000800093D0 (0x0CDE8E93) addi t4, t4, 205
x29 <- 0xFFFFFFFF4AFB0CCD
mem[X,0x00000000800093D4] -> 0x4FB3
mem[X,0x00000000800093D6] -> 0x03DF
[9466] [M]: 0x00000000800093D4 (0x03DF4FB3) div t6, t5, t4
x31 <- 0xFFFFFFFFB7979EB8
mem[X,0x00000000800093D8] -> 0xB823
mem[X,0x00000000800093DA] -> 0x31F6
[9467] [M]: 0x00000000800093D8 (0x31F6B823) sd t6, 784(a3)
mem[0x000000008000E690] <- 0xFFFFFFFFB7979EB8
mem[X,0x00000000800093DC] -> 0x0F37
mem[X,0x00000000800093DE] -> 0x0000
[9468] [M]: 0x00000000800093DC (0x00000F37) lui t5, 0
x30 <- 0x0000000000000000
mem[X,0x00000000800093E0] -> 0x0F13
mem[X,0x00000000800093E2] -> 0xFFFF
[9469] [M]: 0x00000000800093E0 (0xFFFF0F13) addi t5, t5, 4095
x30 <- 0xFFFFFFFFFFFFFFFF
mem[X,0x00000000800093E4] -> 0x1F13
mem[X,0x00000000800093E6] -> 0x00BF
[9470] [M]: 0x00000000800093E4 (0x00BF1F13) slli t5, t5, 11
x30 <- 0xFFFFFFFFFFFFF800
mem[X,0x00000000800093E8] -> 0x0F13
mem[X,0x00000000800093EA] -> 0x257F
[9471] [M]: 0x00000000800093E8 (0x257F0F13) addi t5, t5, 599
x30 <- 0xFFFFFFFFFFFFFA57
mem[X,0x00000000800093EC] -> 0x1F13
mem[X,0x00000000800093EE] -> 0x00BF
[9472] [M]: 0x00000000800093EC (0x00BF1F13) slli t5, t5, 11
x30 <- 0xFFFFFFFFFFD2B800
mem[X,0x00000000800093F0] -> 0x0F13
mem[X,0x00000000800093F2] -> 0x6C3F
[9473] [M]: 0x00000000800093F0 (0x6C3F0F13) addi t5, t5, 1731
x30 <- 0xFFFFFFFFFFD2BEC3
mem[X,0x00000000800093F4] -> 0x1F13
mem[X,0x00000000800093F6] -> 0x00AF
[9474] [M]: 0x00000000800093F4 (0x00AF1F13) slli t5, t5, 10
x30 <- 0xFFFFFFFF4AFB0C00
mem[X,0x00000000800093F8] -> 0x0F13
mem[X,0x00000000800093FA] -> 0x0CEF
[9475] [M]: 0x00000000800093F8 (0x0CEF0F13) addi t5, t5, 206
x30 <- 0xFFFFFFFF4AFB0CCE
mem[X,0x00000000800093FC] -> 0x0E93
mem[X,0x00000000800093FE] -> 0x0050
[9476] [M]: 0x00000000800093FC (0x00500E93) addi t4, zero, 5
x29 <- 0x0000000000000005
mem[X,0x0000000080009400] -> 0x4FB3
mem[X,0x0000000080009402] -> 0x03DF
[9477] [M]: 0x0000000080009400 (0x03DF4FB3) div t6, t5, t4
x31 <- 0xFFFFFFFFDBCBCF5D
mem[X,0x0000000080009404] -> 0xBC23
mem[X,0x0000000080009406] -> 0x31F6
[9478] [M]: 0x0000000080009404 (0x31F6BC23) sd t6, 792(a3)
mem[0x000000008000E698] <- 0xFFFFFFFFDBCBCF5D
mem[X,0x0000000080009408] -> 0x0F37
mem[X,0x000000008000940A] -> 0x0000
[9479] [M]: 0x0000000080009408 (0x00000F37) lui t5, 0
x30 <- 0x0000000000000000
mem[X,0x000000008000940C] -> 0x0F13
mem[X,0x000000008000940E] -> 0xFFFF
[9480] [M]: 0x000000008000940C (0xFFFF0F13) addi t5, t5, 4095
x30 <- 0xFFFFFFFFFFFFFFFF
mem[X,0x0000000080009410] -> 0x1F13
mem[X,0x0000000080009412] -> 0x00BF
[9481] [M]: 0x0000000080009410 (0x00BF1F13) slli t5, t5, 11
x30 <- 0xFFFFFFFFFFFFF800
mem[X,0x0000000080009414] -> 0x0F13
mem[X,0x0000000080009416] -> 0x257F
[9482] [M]: 0x0000000080009414 (0x257F0F13) addi t5, t5, 599
x30 <- 0xFFFFFFFFFFFFFA57
mem[X,0x0000000080009418] -> 0x1F13
mem[X,0x000000008000941A] -> 0x00BF
[9483] [M]: 0x0000000080009418 (0x00BF1F13) slli t5, t5, 11
x30 <- 0xFFFFFFFFFFD2B800
mem[X,0x000000008000941C] -> 0x0F13
mem[X,0x000000008000941E] -> 0x6C3F
[9484] [M]: 0x000000008000941C (0x6C3F0F13) addi t5, t5, 1731
x30 <- 0xFFFFFFFFFFD2BEC3
mem[X,0x0000000080009420] -> 0x1F13
mem[X,0x0000000080009422] -> 0x00AF
[9485] [M]: 0x0000000080009420 (0x00AF1F13) slli t5, t5, 10
x30 <- 0xFFFFFFFF4AFB0C00
mem[X,0x0000000080009424] -> 0x0F13
mem[X,0x0000000080009426] -> 0x0CEF
[9486] [M]: 0x0000000080009424 (0x0CEF0F13) addi t5, t5, 206
x30 <- 0xFFFFFFFF4AFB0CCE
mem[X,0x0000000080009428] -> 0x3EB7
mem[X,0x000000008000942A] -> 0x3333
[9487] [M]: 0x0000000080009428 (0x33333EB7) lui t4, 209715
x29 <- 0x0000000033333000
mem[X,0x000000008000942C] -> 0x8E93
mem[X,0x000000008000942E] -> 0x333E
[9488] [M]: 0x000000008000942C (0x333E8E93) addi t4, t4, 819
x29 <- 0x0000000033333333
mem[X,0x0000000080009430] -> 0x9E93
mem[X,0x0000000080009432] -> 0x00BE
[9489] [M]: 0x0000000080009430 (0x00BE9E93) slli t4, t4, 11
x29 <- 0x0000019999999800
mem[X,0x0000000080009434] -> 0x8E93
mem[X,0x0000000080009436] -> 0x199E
[9490] [M]: 0x0000000080009434 (0x199E8E93) addi t4, t4, 409
x29 <- 0x0000019999999999
mem[X,0x0000000080009438] -> 0x9E93
mem[X,0x000000008000943A] -> 0x00BE
[9491] [M]: 0x0000000080009438 (0x00BE9E93) slli t4, t4, 11
x29 <- 0x000CCCCCCCCCC800
mem[X,0x000000008000943C] -> 0x8E93
mem[X,0x000000008000943E] -> 0x4CCE
[9492] [M]: 0x000000008000943C (0x4CCE8E93) addi t4, t4, 1228
x29 <- 0x000CCCCCCCCCCCCC
mem[X,0x0000000080009440] -> 0x9E93
mem[X,0x0000000080009442] -> 0x00AE
[9493] [M]: 0x0000000080009440 (0x00AE9E93) slli t4, t4, 10
x29 <- 0x3333333333333000
mem[X,0x0000000080009444] -> 0x8E93
mem[X,0x0000000080009446] -> 0x333E
[9494] [M]: 0x0000000080009444 (0x333E8E93) addi t4, t4, 819
x29 <- 0x3333333333333333
mem[X,0x0000000080009448] -> 0x4FB3
mem[X,0x000000008000944A] -> 0x03DF
[9495] [M]: 0x0000000080009448 (0x03DF4FB3) div t6, t5, t4
x31 <- 0x0000000000000000
mem[X,0x000000008000944C] -> 0xB023
mem[X,0x000000008000944E] -> 0x33F6
[9496] [M]: 0x000000008000944C (0x33F6B023) sd t6, 800(a3)
mem[0x000000008000E6A0] <- 0x0000000000000000
mem[X,0x0000000080009450] -> 0x0F37
mem[X,0x0000000080009452] -> 0x0000
[9497] [M]: 0x0000000080009450 (0x00000F37) lui t5, 0
x30 <- 0x0000000000000000
mem[X,0x0000000080009454] -> 0x0F13
mem[X,0x0000000080009456] -> 0xFFFF
[9498] [M]: 0x0000000080009454 (0xFFFF0F13) addi t5, t5, 4095
x30 <- 0xFFFFFFFFFFFFFFFF
mem[X,0x0000000080009458] -> 0x1F13
mem[X,0x000000008000945A] -> 0x00BF
[9499] [M]: 0x0000000080009458 (0x00BF1F13) slli t5, t5, 11
x30 <- 0xFFFFFFFFFFFFF800
clint::tick mtime <- 0x000000000000005F
 clint timer pending at mtime 0x000000000000005F
htif::tick 0x0000000000000000
mem[X,0x000000008000945C] -> 0x0F13
mem[X,0x000000008000945E] -> 0x257F
[9500] [M]: 0x000000008000945C (0x257F0F13) addi t5, t5, 599
x30 <- 0xFFFFFFFFFFFFFA57
mem[X,0x0000000080009460] -> 0x1F13
mem[X,0x0000000080009462] -> 0x00BF
[9501] [M]: 0x0000000080009460 (0x00BF1F13) slli t5, t5, 11
x30 <- 0xFFFFFFFFFFD2B800
mem[X,0x0000000080009464] -> 0x0F13
mem[X,0x0000000080009466] -> 0x6C3F
[9502] [M]: 0x0000000080009464 (0x6C3F0F13) addi t5, t5, 1731
x30 <- 0xFFFFFFFFFFD2BEC3
mem[X,0x0000000080009468] -> 0x1F13
mem[X,0x000000008000946A] -> 0x00AF
[9503] [M]: 0x0000000080009468 (0x00AF1F13) slli t5, t5, 10
x30 <- 0xFFFFFFFF4AFB0C00
mem[X,0x000000008000946C] -> 0x0F13
mem[X,0x000000008000946E] -> 0x0CEF
[9504] [M]: 0x000000008000946C (0x0CEF0F13) addi t5, t5, 206
x30 <- 0xFFFFFFFF4AFB0CCE
mem[X,0x0000000080009470] -> 0x6EB7
mem[X,0x0000000080009472] -> 0x6666
[9505] [M]: 0x0000000080009470 (0x66666EB7) lui t4, 419430
x29 <- 0x0000000066666000
mem[X,0x0000000080009474] -> 0x8E93
mem[X,0x0000000080009476] -> 0x666E
[9506] [M]: 0x0000000080009474 (0x666E8E93) addi t4, t4, 1638
x29 <- 0x0000000066666666
mem[X,0x0000000080009478] -> 0x9E93
mem[X,0x000000008000947A] -> 0x00BE
[9507] [M]: 0x0000000080009478 (0x00BE9E93) slli t4, t4, 11
x29 <- 0x0000033333333000
mem[X,0x000000008000947C] -> 0x8E93
mem[X,0x000000008000947E] -> 0x333E
[9508] [M]: 0x000000008000947C (0x333E8E93) addi t4, t4, 819
x29 <- 0x0000033333333333
mem[X,0x0000000080009480] -> 0x9E93
mem[X,0x0000000080009482] -> 0x00BE
[9509] [M]: 0x0000000080009480 (0x00BE9E93) slli t4, t4, 11
x29 <- 0x0019999999999800
mem[X,0x0000000080009484] -> 0x8E93
mem[X,0x0000000080009486] -> 0x199E
[9510] [M]: 0x0000000080009484 (0x199E8E93) addi t4, t4, 409
x29 <- 0x0019999999999999
mem[X,0x0000000080009488] -> 0x9E93
mem[X,0x000000008000948A] -> 0x00AE
[9511] [M]: 0x0000000080009488 (0x00AE9E93) slli t4, t4, 10
x29 <- 0x6666666666666400
mem[X,0x000000008000948C] -> 0x8E93
mem[X,0x000000008000948E] -> 0x266E
[9512] [M]: 0x000000008000948C (0x266E8E93) addi t4, t4, 614
x29 <- 0x6666666666666666
mem[X,0x0000000080009490] -> 0x4FB3
mem[X,0x0000000080009492] -> 0x03DF
[9513] [M]: 0x0000000080009490 (0x03DF4FB3) div t6, t5, t4
x31 <- 0x0000000000000000
mem[X,0x0000000080009494] -> 0xB423
mem[X,0x0000000080009496] -> 0x33F6
[9514] [M]: 0x0000000080009494 (0x33F6B423) sd t6, 808(a3)
mem[0x000000008000E6A8] <- 0x0000000000000000
mem[X,0x0000000080009498] -> 0x0F37
mem[X,0x000000008000949A] -> 0x0000
[9515] [M]: 0x0000000080009498 (0x00000F37) lui t5, 0
x30 <- 0x0000000000000000
mem[X,0x000000008000949C] -> 0x0F13
mem[X,0x000000008000949E] -> 0xFFFF
[9516] [M]: 0x000000008000949C (0xFFFF0F13) addi t5, t5, 4095
x30 <- 0xFFFFFFFFFFFFFFFF
mem[X,0x00000000800094A0] -> 0x1F13
mem[X,0x00000000800094A2] -> 0x00BF
[9517] [M]: 0x00000000800094A0 (0x00BF1F13) slli t5, t5, 11
x30 <- 0xFFFFFFFFFFFFF800
mem[X,0x00000000800094A4] -> 0x0F13
mem[X,0x00000000800094A6] -> 0x257F
[9518] [M]: 0x00000000800094A4 (0x257F0F13) addi t5, t5, 599
x30 <- 0xFFFFFFFFFFFFFA57
mem[X,0x00000000800094A8] -> 0x1F13
mem[X,0x00000000800094AA] -> 0x00BF
[9519] [M]: 0x00000000800094A8 (0x00BF1F13) slli t5, t5, 11
x30 <- 0xFFFFFFFFFFD2B800
mem[X,0x00000000800094AC] -> 0x0F13
mem[X,0x00000000800094AE] -> 0x6C3F
[9520] [M]: 0x00000000800094AC (0x6C3F0F13) addi t5, t5, 1731
x30 <- 0xFFFFFFFFFFD2BEC3
mem[X,0x00000000800094B0] -> 0x1F13
mem[X,0x00000000800094B2] -> 0x00AF
[9521] [M]: 0x00000000800094B0 (0x00AF1F13) slli t5, t5, 10
x30 <- 0xFFFFFFFF4AFB0C00
mem[X,0x00000000800094B4] -> 0x0F13
mem[X,0x00000000800094B6] -> 0x0CEF
[9522] [M]: 0x00000000800094B4 (0x0CEF0F13) addi t5, t5, 206
x30 <- 0xFFFFFFFF4AFB0CCE
mem[X,0x00000000800094B8] -> 0x0EB7
mem[X,0x00000000800094BA] -> 0x0000
[9523] [M]: 0x00000000800094B8 (0x00000EB7) lui t4, 0
x29 <- 0x0000000000000000
mem[X,0x00000000800094BC] -> 0x8E93
mem[X,0x00000000800094BE] -> 0xFFFE
[9524] [M]: 0x00000000800094BC (0xFFFE8E93) addi t4, t4, 4095
x29 <- 0xFFFFFFFFFFFFFFFF
mem[X,0x00000000800094C0] -> 0x9E93
mem[X,0x00000000800094C2] -> 0x00BE
[9525] [M]: 0x00000000800094C0 (0x00BE9E93) slli t4, t4, 11
x29 <- 0xFFFFFFFFFFFFF800
mem[X,0x00000000800094C4] -> 0x8E93
mem[X,0x00000000800094C6] -> 0x257E
[9526] [M]: 0x00000000800094C4 (0x257E8E93) addi t4, t4, 599
x29 <- 0xFFFFFFFFFFFFFA57
mem[X,0x00000000800094C8] -> 0x9E93
mem[X,0x00000000800094CA] -> 0x00BE
[9527] [M]: 0x00000000800094C8 (0x00BE9E93) slli t4, t4, 11
x29 <- 0xFFFFFFFFFFD2B800
mem[X,0x00000000800094CC] -> 0x8E93
mem[X,0x00000000800094CE] -> 0x6C3E
[9528] [M]: 0x00000000800094CC (0x6C3E8E93) addi t4, t4, 1731
x29 <- 0xFFFFFFFFFFD2BEC3
mem[X,0x00000000800094D0] -> 0x9E93
mem[X,0x00000000800094D2] -> 0x00AE
[9529] [M]: 0x00000000800094D0 (0x00AE9E93) slli t4, t4, 10
x29 <- 0xFFFFFFFF4AFB0C00
mem[X,0x00000000800094D4] -> 0x8E93
mem[X,0x00000000800094D6] -> 0x0CDE
[9530] [M]: 0x00000000800094D4 (0x0CDE8E93) addi t4, t4, 205
x29 <- 0xFFFFFFFF4AFB0CCD
mem[X,0x00000000800094D8] -> 0x4FB3
mem[X,0x00000000800094DA] -> 0x03DF
[9531] [M]: 0x00000000800094D8 (0x03DF4FB3) div t6, t5, t4
x31 <- 0x0000000000000000
mem[X,0x00000000800094DC] -> 0xB823
mem[X,0x00000000800094DE] -> 0x33F6
[9532] [M]: 0x00000000800094DC (0x33F6B823) sd t6, 816(a3)
mem[0x000000008000E6B0] <- 0x0000000000000000
mem[X,0x00000000800094E0] -> 0x0F37
mem[X,0x00000000800094E2] -> 0x0000
[9533] [M]: 0x00000000800094E0 (0x00000F37) lui t5, 0
x30 <- 0x0000000000000000
mem[X,0x00000000800094E4] -> 0x0F13
mem[X,0x00000000800094E6] -> 0xFFFF
[9534] [M]: 0x00000000800094E4 (0xFFFF0F13) addi t5, t5, 4095
x30 <- 0xFFFFFFFFFFFFFFFF
mem[X,0x00000000800094E8] -> 0x1F13
mem[X,0x00000000800094EA] -> 0x00BF
[9535] [M]: 0x00000000800094E8 (0x00BF1F13) slli t5, t5, 11
x30 <- 0xFFFFFFFFFFFFF800
mem[X,0x00000000800094EC] -> 0x0F13
mem[X,0x00000000800094EE] -> 0x257F
[9536] [M]: 0x00000000800094EC (0x257F0F13) addi t5, t5, 599
x30 <- 0xFFFFFFFFFFFFFA57
mem[X,0x00000000800094F0] -> 0x1F13
mem[X,0x00000000800094F2] -> 0x00BF
[9537] [M]: 0x00000000800094F0 (0x00BF1F13) slli t5, t5, 11
x30 <- 0xFFFFFFFFFFD2B800
mem[X,0x00000000800094F4] -> 0x0F13
mem[X,0x00000000800094F6] -> 0x6C3F
[9538] [M]: 0x00000000800094F4 (0x6C3F0F13) addi t5, t5, 1731
x30 <- 0xFFFFFFFFFFD2BEC3
mem[X,0x00000000800094F8] -> 0x1F13
mem[X,0x00000000800094FA] -> 0x00AF
[9539] [M]: 0x00000000800094F8 (0x00AF1F13) slli t5, t5, 10
x30 <- 0xFFFFFFFF4AFB0C00
mem[X,0x00000000800094FC] -> 0x0F13
mem[X,0x00000000800094FE] -> 0x0CEF
[9540] [M]: 0x00000000800094FC (0x0CEF0F13) addi t5, t5, 206
x30 <- 0xFFFFFFFF4AFB0CCE
mem[X,0x0000000080009500] -> 0x0EB7
mem[X,0x0000000080009502] -> 0x0000
[9541] [M]: 0x0000000080009500 (0x00000EB7) lui t4, 0
x29 <- 0x0000000000000000
mem[X,0x0000000080009504] -> 0x8E93
mem[X,0x0000000080009506] -> 0x000E
[9542] [M]: 0x0000000080009504 (0x000E8E93) addi t4, t4, 0
x29 <- 0x0000000000000000
mem[X,0x0000000080009508] -> 0x9E93
mem[X,0x000000008000950A] -> 0x00BE
[9543] [M]: 0x0000000080009508 (0x00BE9E93) slli t4, t4, 11
x29 <- 0x0000000000000000
mem[X,0x000000008000950C] -> 0x8E93
mem[X,0x000000008000950E] -> 0x5A8E
[9544] [M]: 0x000000008000950C (0x5A8E8E93) addi t4, t4, 1448
x29 <- 0x00000000000005A8
mem[X,0x0000000080009510] -> 0x9E93
mem[X,0x0000000080009512] -> 0x00BE
[9545] [M]: 0x0000000080009510 (0x00BE9E93) slli t4, t4, 11
x29 <- 0x00000000002D4000
mem[X,0x0000000080009514] -> 0x8E93
mem[X,0x0000000080009516] -> 0x13CE
[9546] [M]: 0x0000000080009514 (0x13CE8E93) addi t4, t4, 316
x29 <- 0x00000000002D413C
mem[X,0x0000000080009518] -> 0x9E93
mem[X,0x000000008000951A] -> 0x00AE
[9547] [M]: 0x0000000080009518 (0x00AE9E93) slli t4, t4, 10
x29 <- 0x00000000B504F000
mem[X,0x000000008000951C] -> 0x8E93
mem[X,0x000000008000951E] -> 0x333E
[9548] [M]: 0x000000008000951C (0x333E8E93) addi t4, t4, 819
x29 <- 0x00000000B504F333
mem[X,0x0000000080009520] -> 0x4FB3
mem[X,0x0000000080009522] -> 0x03DF
[9549] [M]: 0x0000000080009520 (0x03DF4FB3) div t6, t5, t4
x31 <- 0x0000000000000000
mem[X,0x0000000080009524] -> 0xBC23
mem[X,0x0000000080009526] -> 0x33F6
[9550] [M]: 0x0000000080009524 (0x33F6BC23) sd t6, 824(a3)
mem[0x000000008000E6B8] <- 0x0000000000000000
mem[X,0x0000000080009528] -> 0x0F37
mem[X,0x000000008000952A] -> 0x0000
[9551] [M]: 0x0000000080009528 (0x00000F37) lui t5, 0
x30 <- 0x0000000000000000
mem[X,0x000000008000952C] -> 0x0F13
mem[X,0x000000008000952E] -> 0xFFFF
[9552] [M]: 0x000000008000952C (0xFFFF0F13) addi t5, t5, 4095
x30 <- 0xFFFFFFFFFFFFFFFF
mem[X,0x0000000080009530] -> 0x1F13
mem[X,0x0000000080009532] -> 0x00BF
[9553] [M]: 0x0000000080009530 (0x00BF1F13) slli t5, t5, 11
x30 <- 0xFFFFFFFFFFFFF800
mem[X,0x0000000080009534] -> 0x0F13
mem[X,0x0000000080009536] -> 0x257F
[9554] [M]: 0x0000000080009534 (0x257F0F13) addi t5, t5, 599
x30 <- 0xFFFFFFFFFFFFFA57
mem[X,0x0000000080009538] -> 0x1F13
mem[X,0x000000008000953A] -> 0x00BF
[9555] [M]: 0x0000000080009538 (0x00BF1F13) slli t5, t5, 11
x30 <- 0xFFFFFFFFFFD2B800
mem[X,0x000000008000953C] -> 0x0F13
mem[X,0x000000008000953E] -> 0x6C3F
[9556] [M]: 0x000000008000953C (0x6C3F0F13) addi t5, t5, 1731
x30 <- 0xFFFFFFFFFFD2BEC3
mem[X,0x0000000080009540] -> 0x1F13
mem[X,0x0000000080009542] -> 0x00AF
[9557] [M]: 0x0000000080009540 (0x00AF1F13) slli t5, t5, 10
x30 <- 0xFFFFFFFF4AFB0C00
mem[X,0x0000000080009544] -> 0x0F13
mem[X,0x0000000080009546] -> 0x0CEF
[9558] [M]: 0x0000000080009544 (0x0CEF0F13) addi t5, t5, 206
x30 <- 0xFFFFFFFF4AFB0CCE
mem[X,0x0000000080009548] -> 0x0E93
mem[X,0x000000008000954A] -> 0x0020
[9559] [M]: 0x0000000080009548 (0x00200E93) addi t4, zero, 2
x29 <- 0x0000000000000002
mem[X,0x000000008000954C] -> 0x4FB3
mem[X,0x000000008000954E] -> 0x03DF
[9560] [M]: 0x000000008000954C (0x03DF4FB3) div t6, t5, t4
x31 <- 0xFFFFFFFFA57D8667
mem[X,0x0000000080009550] -> 0xB023
mem[X,0x0000000080009552] -> 0x35F6
[9561] [M]: 0x0000000080009550 (0x35F6B023) sd t6, 832(a3)
mem[0x000000008000E6C0] <- 0xFFFFFFFFA57D8667
mem[X,0x0000000080009554] -> 0x0F37
mem[X,0x0000000080009556] -> 0x0000
[9562] [M]: 0x0000000080009554 (0x00000F37) lui t5, 0
x30 <- 0x0000000000000000
mem[X,0x0000000080009558] -> 0x0F13
mem[X,0x000000008000955A] -> 0xFFFF
[9563] [M]: 0x0000000080009558 (0xFFFF0F13) addi t5, t5, 4095
x30 <- 0xFFFFFFFFFFFFFFFF
mem[X,0x000000008000955C] -> 0x1F13
mem[X,0x000000008000955E] -> 0x00BF
[9564] [M]: 0x000000008000955C (0x00BF1F13) slli t5, t5, 11
x30 <- 0xFFFFFFFFFFFFF800
mem[X,0x0000000080009560] -> 0x0F13
mem[X,0x0000000080009562] -> 0x257F
[9565] [M]: 0x0000000080009560 (0x257F0F13) addi t5, t5, 599
x30 <- 0xFFFFFFFFFFFFFA57
mem[X,0x0000000080009564] -> 0x1F13
mem[X,0x0000000080009566] -> 0x00BF
[9566] [M]: 0x0000000080009564 (0x00BF1F13) slli t5, t5, 11
x30 <- 0xFFFFFFFFFFD2B800
mem[X,0x0000000080009568] -> 0x0F13
mem[X,0x000000008000956A] -> 0x6C3F
[9567] [M]: 0x0000000080009568 (0x6C3F0F13) addi t5, t5, 1731
x30 <- 0xFFFFFFFFFFD2BEC3
mem[X,0x000000008000956C] -> 0x1F13
mem[X,0x000000008000956E] -> 0x00AF
[9568] [M]: 0x000000008000956C (0x00AF1F13) slli t5, t5, 10
x30 <- 0xFFFFFFFF4AFB0C00
mem[X,0x0000000080009570] -> 0x0F13
mem[X,0x0000000080009572] -> 0x0CEF
[9569] [M]: 0x0000000080009570 (0x0CEF0F13) addi t5, t5, 206
x30 <- 0xFFFFFFFF4AFB0CCE
mem[X,0x0000000080009574] -> 0x5EB7
mem[X,0x0000000080009576] -> 0x5555
[9570] [M]: 0x0000000080009574 (0x55555EB7) lui t4, 349525
x29 <- 0x0000000055555000
mem[X,0x0000000080009578] -> 0x8E93
mem[X,0x000000008000957A] -> 0x555E
[9571] [M]: 0x0000000080009578 (0x555E8E93) addi t4, t4, 1365
x29 <- 0x0000000055555555
mem[X,0x000000008000957C] -> 0x9E93
mem[X,0x000000008000957E] -> 0x00BE
[9572] [M]: 0x000000008000957C (0x00BE9E93) slli t4, t4, 11
x29 <- 0x000002AAAAAAA800
mem[X,0x0000000080009580] -> 0x8E93
mem[X,0x0000000080009582] -> 0x2AAE
[9573] [M]: 0x0000000080009580 (0x2AAE8E93) addi t4, t4, 682
x29 <- 0x000002AAAAAAAAAA
mem[X,0x0000000080009584] -> 0x9E93
mem[X,0x0000000080009586] -> 0x00BE
[9574] [M]: 0x0000000080009584 (0x00BE9E93) slli t4, t4, 11
x29 <- 0x0015555555555000
mem[X,0x0000000080009588] -> 0x8E93
mem[X,0x000000008000958A] -> 0x555E
[9575] [M]: 0x0000000080009588 (0x555E8E93) addi t4, t4, 1365
x29 <- 0x0015555555555555
mem[X,0x000000008000958C] -> 0x9E93
mem[X,0x000000008000958E] -> 0x00AE
[9576] [M]: 0x000000008000958C (0x00AE9E93) slli t4, t4, 10
x29 <- 0x5555555555555400
mem[X,0x0000000080009590] -> 0x8E93
mem[X,0x0000000080009592] -> 0x154E
[9577] [M]: 0x0000000080009590 (0x154E8E93) addi t4, t4, 340
x29 <- 0x5555555555555554
mem[X,0x0000000080009594] -> 0x4FB3
mem[X,0x0000000080009596] -> 0x03DF
[9578] [M]: 0x0000000080009594 (0x03DF4FB3) div t6, t5, t4
x31 <- 0x0000000000000000
mem[X,0x0000000080009598] -> 0xB423
mem[X,0x000000008000959A] -> 0x35F6
[9579] [M]: 0x0000000080009598 (0x35F6B423) sd t6, 840(a3)
mem[0x000000008000E6C8] <- 0x0000000000000000
mem[X,0x000000008000959C] -> 0x0F37
mem[X,0x000000008000959E] -> 0x0000
[9580] [M]: 0x000000008000959C (0x00000F37) lui t5, 0
x30 <- 0x0000000000000000
mem[X,0x00000000800095A0] -> 0x0F13
mem[X,0x00000000800095A2] -> 0xFFFF
[9581] [M]: 0x00000000800095A0 (0xFFFF0F13) addi t5, t5, 4095
x30 <- 0xFFFFFFFFFFFFFFFF
mem[X,0x00000000800095A4] -> 0x1F13
mem[X,0x00000000800095A6] -> 0x00BF
[9582] [M]: 0x00000000800095A4 (0x00BF1F13) slli t5, t5, 11
x30 <- 0xFFFFFFFFFFFFF800
mem[X,0x00000000800095A8] -> 0x0F13
mem[X,0x00000000800095AA] -> 0x257F
[9583] [M]: 0x00000000800095A8 (0x257F0F13) addi t5, t5, 599
x30 <- 0xFFFFFFFFFFFFFA57
mem[X,0x00000000800095AC] -> 0x1F13
mem[X,0x00000000800095AE] -> 0x00BF
[9584] [M]: 0x00000000800095AC (0x00BF1F13) slli t5, t5, 11
x30 <- 0xFFFFFFFFFFD2B800
mem[X,0x00000000800095B0] -> 0x0F13
mem[X,0x00000000800095B2] -> 0x6C3F
[9585] [M]: 0x00000000800095B0 (0x6C3F0F13) addi t5, t5, 1731
x30 <- 0xFFFFFFFFFFD2BEC3
mem[X,0x00000000800095B4] -> 0x1F13
mem[X,0x00000000800095B6] -> 0x00AF
[9586] [M]: 0x00000000800095B4 (0x00AF1F13) slli t5, t5, 10
x30 <- 0xFFFFFFFF4AFB0C00
mem[X,0x00000000800095B8] -> 0x0F13
mem[X,0x00000000800095BA] -> 0x0CEF
[9587] [M]: 0x00000000800095B8 (0x0CEF0F13) addi t5, t5, 206
x30 <- 0xFFFFFFFF4AFB0CCE
mem[X,0x00000000800095BC] -> 0x3EB7
mem[X,0x00000000800095BE] -> 0x3333
[9588] [M]: 0x00000000800095BC (0x33333EB7) lui t4, 209715
x29 <- 0x0000000033333000
mem[X,0x00000000800095C0] -> 0x8E93
mem[X,0x00000000800095C2] -> 0x333E
[9589] [M]: 0x00000000800095C0 (0x333E8E93) addi t4, t4, 819
x29 <- 0x0000000033333333
mem[X,0x00000000800095C4] -> 0x9E93
mem[X,0x00000000800095C6] -> 0x00BE
[9590] [M]: 0x00000000800095C4 (0x00BE9E93) slli t4, t4, 11
x29 <- 0x0000019999999800
mem[X,0x00000000800095C8] -> 0x8E93
mem[X,0x00000000800095CA] -> 0x199E
[9591] [M]: 0x00000000800095C8 (0x199E8E93) addi t4, t4, 409
x29 <- 0x0000019999999999
mem[X,0x00000000800095CC] -> 0x9E93
mem[X,0x00000000800095CE] -> 0x00BE
[9592] [M]: 0x00000000800095CC (0x00BE9E93) slli t4, t4, 11
x29 <- 0x000CCCCCCCCCC800
mem[X,0x00000000800095D0] -> 0x8E93
mem[X,0x00000000800095D2] -> 0x4CCE
[9593] [M]: 0x00000000800095D0 (0x4CCE8E93) addi t4, t4, 1228
x29 <- 0x000CCCCCCCCCCCCC
mem[X,0x00000000800095D4] -> 0x9E93
mem[X,0x00000000800095D6] -> 0x00AE
[9594] [M]: 0x00000000800095D4 (0x00AE9E93) slli t4, t4, 10
x29 <- 0x3333333333333000
mem[X,0x00000000800095D8] -> 0x8E93
mem[X,0x00000000800095DA] -> 0x332E
[9595] [M]: 0x00000000800095D8 (0x332E8E93) addi t4, t4, 818
x29 <- 0x3333333333333332
mem[X,0x00000000800095DC] -> 0x4FB3
mem[X,0x00000000800095DE] -> 0x03DF
[9596] [M]: 0x00000000800095DC (0x03DF4FB3) div t6, t5, t4
x31 <- 0x0000000000000000
mem[X,0x00000000800095E0] -> 0xB823
mem[X,0x00000000800095E2] -> 0x35F6
[9597] [M]: 0x00000000800095E0 (0x35F6B823) sd t6, 848(a3)
mem[0x000000008000E6D0] <- 0x0000000000000000
mem[X,0x00000000800095E4] -> 0x0F37
mem[X,0x00000000800095E6] -> 0x0000
[9598] [M]: 0x00000000800095E4 (0x00000F37) lui t5, 0
x30 <- 0x0000000000000000
mem[X,0x00000000800095E8] -> 0x0F13
mem[X,0x00000000800095EA] -> 0xFFFF
[9599] [M]: 0x00000000800095E8 (0xFFFF0F13) addi t5, t5, 4095
x30 <- 0xFFFFFFFFFFFFFFFF
clint::tick mtime <- 0x0000000000000060
 clint timer pending at mtime 0x0000000000000060
htif::tick 0x0000000000000000
mem[X,0x00000000800095EC] -> 0x1F13
mem[X,0x00000000800095EE] -> 0x00BF
[9600] [M]: 0x00000000800095EC (0x00BF1F13) slli t5, t5, 11
x30 <- 0xFFFFFFFFFFFFF800
mem[X,0x00000000800095F0] -> 0x0F13
mem[X,0x00000000800095F2] -> 0x257F
[9601] [M]: 0x00000000800095F0 (0x257F0F13) addi t5, t5, 599
x30 <- 0xFFFFFFFFFFFFFA57
mem[X,0x00000000800095F4] -> 0x1F13
mem[X,0x00000000800095F6] -> 0x00BF
[9602] [M]: 0x00000000800095F4 (0x00BF1F13) slli t5, t5, 11
x30 <- 0xFFFFFFFFFFD2B800
mem[X,0x00000000800095F8] -> 0x0F13
mem[X,0x00000000800095FA] -> 0x6C3F
[9603] [M]: 0x00000000800095F8 (0x6C3F0F13) addi t5, t5, 1731
x30 <- 0xFFFFFFFFFFD2BEC3
mem[X,0x00000000800095FC] -> 0x1F13
mem[X,0x00000000800095FE] -> 0x00AF
[9604] [M]: 0x00000000800095FC (0x00AF1F13) slli t5, t5, 10
x30 <- 0xFFFFFFFF4AFB0C00
mem[X,0x0000000080009600] -> 0x0F13
mem[X,0x0000000080009602] -> 0x0CEF
[9605] [M]: 0x0000000080009600 (0x0CEF0F13) addi t5, t5, 206
x30 <- 0xFFFFFFFF4AFB0CCE
mem[X,0x0000000080009604] -> 0x6EB7
mem[X,0x0000000080009606] -> 0x6666
[9606] [M]: 0x0000000080009604 (0x66666EB7) lui t4, 419430
x29 <- 0x0000000066666000
mem[X,0x0000000080009608] -> 0x8E93
mem[X,0x000000008000960A] -> 0x666E
[9607] [M]: 0x0000000080009608 (0x666E8E93) addi t4, t4, 1638
x29 <- 0x0000000066666666
mem[X,0x000000008000960C] -> 0x9E93
mem[X,0x000000008000960E] -> 0x00BE
[9608] [M]: 0x000000008000960C (0x00BE9E93) slli t4, t4, 11
x29 <- 0x0000033333333000
mem[X,0x0000000080009610] -> 0x8E93
mem[X,0x0000000080009612] -> 0x333E
[9609] [M]: 0x0000000080009610 (0x333E8E93) addi t4, t4, 819
x29 <- 0x0000033333333333
mem[X,0x0000000080009614] -> 0x9E93
mem[X,0x0000000080009616] -> 0x00BE
[9610] [M]: 0x0000000080009614 (0x00BE9E93) slli t4, t4, 11
x29 <- 0x0019999999999800
mem[X,0x0000000080009618] -> 0x8E93
mem[X,0x000000008000961A] -> 0x199E
[9611] [M]: 0x0000000080009618 (0x199E8E93) addi t4, t4, 409
x29 <- 0x0019999999999999
mem[X,0x000000008000961C] -> 0x9E93
mem[X,0x000000008000961E] -> 0x00AE
[9612] [M]: 0x000000008000961C (0x00AE9E93) slli t4, t4, 10
x29 <- 0x6666666666666400
mem[X,0x0000000080009620] -> 0x8E93
mem[X,0x0000000080009622] -> 0x265E
[9613] [M]: 0x0000000080009620 (0x265E8E93) addi t4, t4, 613
x29 <- 0x6666666666666665
mem[X,0x0000000080009624] -> 0x4FB3
mem[X,0x0000000080009626] -> 0x03DF
[9614] [M]: 0x0000000080009624 (0x03DF4FB3) div t6, t5, t4
x31 <- 0x0000000000000000
mem[X,0x0000000080009628] -> 0xBC23
mem[X,0x000000008000962A] -> 0x35F6
[9615] [M]: 0x0000000080009628 (0x35F6BC23) sd t6, 856(a3)
mem[0x000000008000E6D8] <- 0x0000000000000000
mem[X,0x000000008000962C] -> 0x0F37
mem[X,0x000000008000962E] -> 0x0000
[9616] [M]: 0x000000008000962C (0x00000F37) lui t5, 0
x30 <- 0x0000000000000000
mem[X,0x0000000080009630] -> 0x0F13
mem[X,0x0000000080009632] -> 0xFFFF
[9617] [M]: 0x0000000080009630 (0xFFFF0F13) addi t5, t5, 4095
x30 <- 0xFFFFFFFFFFFFFFFF
mem[X,0x0000000080009634] -> 0x1F13
mem[X,0x0000000080009636] -> 0x00BF
[9618] [M]: 0x0000000080009634 (0x00BF1F13) slli t5, t5, 11
x30 <- 0xFFFFFFFFFFFFF800
mem[X,0x0000000080009638] -> 0x0F13
mem[X,0x000000008000963A] -> 0x257F
[9619] [M]: 0x0000000080009638 (0x257F0F13) addi t5, t5, 599
x30 <- 0xFFFFFFFFFFFFFA57
mem[X,0x000000008000963C] -> 0x1F13
mem[X,0x000000008000963E] -> 0x00BF
[9620] [M]: 0x000000008000963C (0x00BF1F13) slli t5, t5, 11
x30 <- 0xFFFFFFFFFFD2B800
mem[X,0x0000000080009640] -> 0x0F13
mem[X,0x0000000080009642] -> 0x6C3F
[9621] [M]: 0x0000000080009640 (0x6C3F0F13) addi t5, t5, 1731
x30 <- 0xFFFFFFFFFFD2BEC3
mem[X,0x0000000080009644] -> 0x1F13
mem[X,0x0000000080009646] -> 0x00AF
[9622] [M]: 0x0000000080009644 (0x00AF1F13) slli t5, t5, 10
x30 <- 0xFFFFFFFF4AFB0C00
mem[X,0x0000000080009648] -> 0x0F13
mem[X,0x000000008000964A] -> 0x0CEF
[9623] [M]: 0x0000000080009648 (0x0CEF0F13) addi t5, t5, 206
x30 <- 0xFFFFFFFF4AFB0CCE
mem[X,0x000000008000964C] -> 0x0E93
mem[X,0x000000008000964E] -> 0x0000
[9624] [M]: 0x000000008000964C (0x00000E93) addi t4, zero, 0
x29 <- 0x0000000000000000
mem[X,0x0000000080009650] -> 0x4FB3
mem[X,0x0000000080009652] -> 0x03DF
[9625] [M]: 0x0000000080009650 (0x03DF4FB3) div t6, t5, t4
x31 <- 0xFFFFFFFFFFFFFFFF
mem[X,0x0000000080009654] -> 0xB023
mem[X,0x0000000080009656] -> 0x37F6
[9626] [M]: 0x0000000080009654 (0x37F6B023) sd t6, 864(a3)
mem[0x000000008000E6E0] <- 0xFFFFFFFFFFFFFFFF
mem[X,0x0000000080009658] -> 0x0F37
mem[X,0x000000008000965A] -> 0x0000
[9627] [M]: 0x0000000080009658 (0x00000F37) lui t5, 0
x30 <- 0x0000000000000000
mem[X,0x000000008000965C] -> 0x0F13
mem[X,0x000000008000965E] -> 0xFFFF
[9628] [M]: 0x000000008000965C (0xFFFF0F13) addi t5, t5, 4095
x30 <- 0xFFFFFFFFFFFFFFFF
mem[X,0x0000000080009660] -> 0x1F13
mem[X,0x0000000080009662] -> 0x00BF
[9629] [M]: 0x0000000080009660 (0x00BF1F13) slli t5, t5, 11
x30 <- 0xFFFFFFFFFFFFF800
mem[X,0x0000000080009664] -> 0x0F13
mem[X,0x0000000080009666] -> 0x257F
[9630] [M]: 0x0000000080009664 (0x257F0F13) addi t5, t5, 599
x30 <- 0xFFFFFFFFFFFFFA57
mem[X,0x0000000080009668] -> 0x1F13
mem[X,0x000000008000966A] -> 0x00BF
[9631] [M]: 0x0000000080009668 (0x00BF1F13) slli t5, t5, 11
x30 <- 0xFFFFFFFFFFD2B800
mem[X,0x000000008000966C] -> 0x0F13
mem[X,0x000000008000966E] -> 0x6C3F
[9632] [M]: 0x000000008000966C (0x6C3F0F13) addi t5, t5, 1731
x30 <- 0xFFFFFFFFFFD2BEC3
mem[X,0x0000000080009670] -> 0x1F13
mem[X,0x0000000080009672] -> 0x00AF
[9633] [M]: 0x0000000080009670 (0x00AF1F13) slli t5, t5, 10
x30 <- 0xFFFFFFFF4AFB0C00
mem[X,0x0000000080009674] -> 0x0F13
mem[X,0x0000000080009676] -> 0x0CEF
[9634] [M]: 0x0000000080009674 (0x0CEF0F13) addi t5, t5, 206
x30 <- 0xFFFFFFFF4AFB0CCE
mem[X,0x0000000080009678] -> 0x0EB7
mem[X,0x000000008000967A] -> 0x0000
[9635] [M]: 0x0000000080009678 (0x00000EB7) lui t4, 0
x29 <- 0x0000000000000000
mem[X,0x000000008000967C] -> 0x8E93
mem[X,0x000000008000967E] -> 0x000E
[9636] [M]: 0x000000008000967C (0x000E8E93) addi t4, t4, 0
x29 <- 0x0000000000000000
mem[X,0x0000000080009680] -> 0x9E93
mem[X,0x0000000080009682] -> 0x00BE
[9637] [M]: 0x0000000080009680 (0x00BE9E93) slli t4, t4, 11
x29 <- 0x0000000000000000
mem[X,0x0000000080009684] -> 0x8E93
mem[X,0x0000000080009686] -> 0x5A8E
[9638] [M]: 0x0000000080009684 (0x5A8E8E93) addi t4, t4, 1448
x29 <- 0x00000000000005A8
mem[X,0x0000000080009688] -> 0x9E93
mem[X,0x000000008000968A] -> 0x00BE
[9639] [M]: 0x0000000080009688 (0x00BE9E93) slli t4, t4, 11
x29 <- 0x00000000002D4000
mem[X,0x000000008000968C] -> 0x8E93
mem[X,0x000000008000968E] -> 0x13CE
[9640] [M]: 0x000000008000968C (0x13CE8E93) addi t4, t4, 316
x29 <- 0x00000000002D413C
mem[X,0x0000000080009690] -> 0x9E93
mem[X,0x0000000080009692] -> 0x00AE
[9641] [M]: 0x0000000080009690 (0x00AE9E93) slli t4, t4, 10
x29 <- 0x00000000B504F000
mem[X,0x0000000080009694] -> 0x8E93
mem[X,0x0000000080009696] -> 0x332E
[9642] [M]: 0x0000000080009694 (0x332E8E93) addi t4, t4, 818
x29 <- 0x00000000B504F332
mem[X,0x0000000080009698] -> 0x4FB3
mem[X,0x000000008000969A] -> 0x03DF
[9643] [M]: 0x0000000080009698 (0x03DF4FB3) div t6, t5, t4
x31 <- 0xFFFFFFFFFFFFFFFF
mem[X,0x000000008000969C] -> 0xB423
mem[X,0x000000008000969E] -> 0x37F6
[9644] [M]: 0x000000008000969C (0x37F6B423) sd t6, 872(a3)
mem[0x000000008000E6E8] <- 0xFFFFFFFFFFFFFFFF
mem[X,0x00000000800096A0] -> 0x0F37
mem[X,0x00000000800096A2] -> 0x0000
[9645] [M]: 0x00000000800096A0 (0x00000F37) lui t5, 0
x30 <- 0x0000000000000000
mem[X,0x00000000800096A4] -> 0x0F13
mem[X,0x00000000800096A6] -> 0xFFFF
[9646] [M]: 0x00000000800096A4 (0xFFFF0F13) addi t5, t5, 4095
x30 <- 0xFFFFFFFFFFFFFFFF
mem[X,0x00000000800096A8] -> 0x1F13
mem[X,0x00000000800096AA] -> 0x00BF
[9647] [M]: 0x00000000800096A8 (0x00BF1F13) slli t5, t5, 11
x30 <- 0xFFFFFFFFFFFFF800
mem[X,0x00000000800096AC] -> 0x0F13
mem[X,0x00000000800096AE] -> 0x257F
[9648] [M]: 0x00000000800096AC (0x257F0F13) addi t5, t5, 599
x30 <- 0xFFFFFFFFFFFFFA57
mem[X,0x00000000800096B0] -> 0x1F13
mem[X,0x00000000800096B2] -> 0x00BF
[9649] [M]: 0x00000000800096B0 (0x00BF1F13) slli t5, t5, 11
x30 <- 0xFFFFFFFFFFD2B800
mem[X,0x00000000800096B4] -> 0x0F13
mem[X,0x00000000800096B6] -> 0x6C3F
[9650] [M]: 0x00000000800096B4 (0x6C3F0F13) addi t5, t5, 1731
x30 <- 0xFFFFFFFFFFD2BEC3
mem[X,0x00000000800096B8] -> 0x1F13
mem[X,0x00000000800096BA] -> 0x00AF
[9651] [M]: 0x00000000800096B8 (0x00AF1F13) slli t5, t5, 10
x30 <- 0xFFFFFFFF4AFB0C00
mem[X,0x00000000800096BC] -> 0x0F13
mem[X,0x00000000800096BE] -> 0x0CEF
[9652] [M]: 0x00000000800096BC (0x0CEF0F13) addi t5, t5, 206
x30 <- 0xFFFFFFFF4AFB0CCE
mem[X,0x00000000800096C0] -> 0x0E93
mem[X,0x00000000800096C2] -> 0x0040
[9653] [M]: 0x00000000800096C0 (0x00400E93) addi t4, zero, 4
x29 <- 0x0000000000000004
mem[X,0x00000000800096C4] -> 0x4FB3
mem[X,0x00000000800096C6] -> 0x03DF
[9654] [M]: 0x00000000800096C4 (0x03DF4FB3) div t6, t5, t4
x31 <- 0xFFFFFFFFD2BEC334
mem[X,0x00000000800096C8] -> 0xB823
mem[X,0x00000000800096CA] -> 0x37F6
[9655] [M]: 0x00000000800096C8 (0x37F6B823) sd t6, 880(a3)
mem[0x000000008000E6F0] <- 0xFFFFFFFFD2BEC334
mem[X,0x00000000800096CC] -> 0x0F37
mem[X,0x00000000800096CE] -> 0x0000
[9656] [M]: 0x00000000800096CC (0x00000F37) lui t5, 0
x30 <- 0x0000000000000000
mem[X,0x00000000800096D0] -> 0x0F13
mem[X,0x00000000800096D2] -> 0xFFFF
[9657] [M]: 0x00000000800096D0 (0xFFFF0F13) addi t5, t5, 4095
x30 <- 0xFFFFFFFFFFFFFFFF
mem[X,0x00000000800096D4] -> 0x1F13
mem[X,0x00000000800096D6] -> 0x00BF
[9658] [M]: 0x00000000800096D4 (0x00BF1F13) slli t5, t5, 11
x30 <- 0xFFFFFFFFFFFFF800
mem[X,0x00000000800096D8] -> 0x0F13
mem[X,0x00000000800096DA] -> 0x257F
[9659] [M]: 0x00000000800096D8 (0x257F0F13) addi t5, t5, 599
x30 <- 0xFFFFFFFFFFFFFA57
mem[X,0x00000000800096DC] -> 0x1F13
mem[X,0x00000000800096DE] -> 0x00BF
[9660] [M]: 0x00000000800096DC (0x00BF1F13) slli t5, t5, 11
x30 <- 0xFFFFFFFFFFD2B800
mem[X,0x00000000800096E0] -> 0x0F13
mem[X,0x00000000800096E2] -> 0x6C3F
[9661] [M]: 0x00000000800096E0 (0x6C3F0F13) addi t5, t5, 1731
x30 <- 0xFFFFFFFFFFD2BEC3
mem[X,0x00000000800096E4] -> 0x1F13
mem[X,0x00000000800096E6] -> 0x00AF
[9662] [M]: 0x00000000800096E4 (0x00AF1F13) slli t5, t5, 10
x30 <- 0xFFFFFFFF4AFB0C00
mem[X,0x00000000800096E8] -> 0x0F13
mem[X,0x00000000800096EA] -> 0x0CEF
[9663] [M]: 0x00000000800096E8 (0x0CEF0F13) addi t5, t5, 206
x30 <- 0xFFFFFFFF4AFB0CCE
mem[X,0x00000000800096EC] -> 0x5EB7
mem[X,0x00000000800096EE] -> 0x5555
[9664] [M]: 0x00000000800096EC (0x55555EB7) lui t4, 349525
x29 <- 0x0000000055555000
mem[X,0x00000000800096F0] -> 0x8E93
mem[X,0x00000000800096F2] -> 0x555E
[9665] [M]: 0x00000000800096F0 (0x555E8E93) addi t4, t4, 1365
x29 <- 0x0000000055555555
mem[X,0x00000000800096F4] -> 0x9E93
mem[X,0x00000000800096F6] -> 0x00BE
[9666] [M]: 0x00000000800096F4 (0x00BE9E93) slli t4, t4, 11
x29 <- 0x000002AAAAAAA800
mem[X,0x00000000800096F8] -> 0x8E93
mem[X,0x00000000800096FA] -> 0x2AAE
[9667] [M]: 0x00000000800096F8 (0x2AAE8E93) addi t4, t4, 682
x29 <- 0x000002AAAAAAAAAA
mem[X,0x00000000800096FC] -> 0x9E93
mem[X,0x00000000800096FE] -> 0x00BE
[9668] [M]: 0x00000000800096FC (0x00BE9E93) slli t4, t4, 11
x29 <- 0x0015555555555000
mem[X,0x0000000080009700] -> 0x8E93
mem[X,0x0000000080009702] -> 0x555E
[9669] [M]: 0x0000000080009700 (0x555E8E93) addi t4, t4, 1365
x29 <- 0x0015555555555555
mem[X,0x0000000080009704] -> 0x9E93
mem[X,0x0000000080009706] -> 0x00AE
[9670] [M]: 0x0000000080009704 (0x00AE9E93) slli t4, t4, 10
x29 <- 0x5555555555555400
mem[X,0x0000000080009708] -> 0x8E93
mem[X,0x000000008000970A] -> 0x156E
[9671] [M]: 0x0000000080009708 (0x156E8E93) addi t4, t4, 342
x29 <- 0x5555555555555556
mem[X,0x000000008000970C] -> 0x4FB3
mem[X,0x000000008000970E] -> 0x03DF
[9672] [M]: 0x000000008000970C (0x03DF4FB3) div t6, t5, t4
x31 <- 0x0000000000000000
mem[X,0x0000000080009710] -> 0xBC23
mem[X,0x0000000080009712] -> 0x37F6
[9673] [M]: 0x0000000080009710 (0x37F6BC23) sd t6, 888(a3)
mem[0x000000008000E6F8] <- 0x0000000000000000
mem[X,0x0000000080009714] -> 0x0F37
mem[X,0x0000000080009716] -> 0x0000
[9674] [M]: 0x0000000080009714 (0x00000F37) lui t5, 0
x30 <- 0x0000000000000000
mem[X,0x0000000080009718] -> 0x0F13
mem[X,0x000000008000971A] -> 0xFFFF
[9675] [M]: 0x0000000080009718 (0xFFFF0F13) addi t5, t5, 4095
x30 <- 0xFFFFFFFFFFFFFFFF
mem[X,0x000000008000971C] -> 0x1F13
mem[X,0x000000008000971E] -> 0x00BF
[9676] [M]: 0x000000008000971C (0x00BF1F13) slli t5, t5, 11
x30 <- 0xFFFFFFFFFFFFF800
mem[X,0x0000000080009720] -> 0x0F13
mem[X,0x0000000080009722] -> 0x257F
[9677] [M]: 0x0000000080009720 (0x257F0F13) addi t5, t5, 599
x30 <- 0xFFFFFFFFFFFFFA57
mem[X,0x0000000080009724] -> 0x1F13
mem[X,0x0000000080009726] -> 0x00BF
[9678] [M]: 0x0000000080009724 (0x00BF1F13) slli t5, t5, 11
x30 <- 0xFFFFFFFFFFD2B800
mem[X,0x0000000080009728] -> 0x0F13
mem[X,0x000000008000972A] -> 0x6C3F
[9679] [M]: 0x0000000080009728 (0x6C3F0F13) addi t5, t5, 1731
x30 <- 0xFFFFFFFFFFD2BEC3
mem[X,0x000000008000972C] -> 0x1F13
mem[X,0x000000008000972E] -> 0x00AF
[9680] [M]: 0x000000008000972C (0x00AF1F13) slli t5, t5, 10
x30 <- 0xFFFFFFFF4AFB0C00
mem[X,0x0000000080009730] -> 0x0F13
mem[X,0x0000000080009732] -> 0x0CEF
[9681] [M]: 0x0000000080009730 (0x0CEF0F13) addi t5, t5, 206
x30 <- 0xFFFFFFFF4AFB0CCE
mem[X,0x0000000080009734] -> 0xBEB7
mem[X,0x0000000080009736] -> 0xAAAA
[9682] [M]: 0x0000000080009734 (0xAAAABEB7) lui t4, 699051
x29 <- 0xFFFFFFFFAAAAB000
mem[X,0x0000000080009738] -> 0x8E93
mem[X,0x000000008000973A] -> 0xAAAE
[9683] [M]: 0x0000000080009738 (0xAAAE8E93) addi t4, t4, 2730
x29 <- 0xFFFFFFFFAAAAAAAA
mem[X,0x000000008000973C] -> 0x9E93
mem[X,0x000000008000973E] -> 0x00BE
[9684] [M]: 0x000000008000973C (0x00BE9E93) slli t4, t4, 11
x29 <- 0xFFFFFD5555555000
mem[X,0x0000000080009740] -> 0x8E93
mem[X,0x0000000080009742] -> 0x555E
[9685] [M]: 0x0000000080009740 (0x555E8E93) addi t4, t4, 1365
x29 <- 0xFFFFFD5555555555
mem[X,0x0000000080009744] -> 0x9E93
mem[X,0x0000000080009746] -> 0x00BE
[9686] [M]: 0x0000000080009744 (0x00BE9E93) slli t4, t4, 11
x29 <- 0xFFEAAAAAAAAAA800
mem[X,0x0000000080009748] -> 0x8E93
mem[X,0x000000008000974A] -> 0x2AAE
[9687] [M]: 0x0000000080009748 (0x2AAE8E93) addi t4, t4, 682
x29 <- 0xFFEAAAAAAAAAAAAA
mem[X,0x000000008000974C] -> 0x9E93
mem[X,0x000000008000974E] -> 0x00AE
[9688] [M]: 0x000000008000974C (0x00AE9E93) slli t4, t4, 10
x29 <- 0xAAAAAAAAAAAAA800
mem[X,0x0000000080009750] -> 0x8E93
mem[X,0x0000000080009752] -> 0x2ABE
[9689] [M]: 0x0000000080009750 (0x2ABE8E93) addi t4, t4, 683
x29 <- 0xAAAAAAAAAAAAAAAB
mem[X,0x0000000080009754] -> 0x4FB3
mem[X,0x0000000080009756] -> 0x03DF
[9690] [M]: 0x0000000080009754 (0x03DF4FB3) div t6, t5, t4
x31 <- 0x0000000000000000
mem[X,0x0000000080009758] -> 0xB023
mem[X,0x000000008000975A] -> 0x39F6
[9691] [M]: 0x0000000080009758 (0x39F6B023) sd t6, 896(a3)
mem[0x000000008000E700] <- 0x0000000000000000
mem[X,0x000000008000975C] -> 0x0F37
mem[X,0x000000008000975E] -> 0x0000
[9692] [M]: 0x000000008000975C (0x00000F37) lui t5, 0
x30 <- 0x0000000000000000
mem[X,0x0000000080009760] -> 0x0F13
mem[X,0x0000000080009762] -> 0xFFFF
[9693] [M]: 0x0000000080009760 (0xFFFF0F13) addi t5, t5, 4095
x30 <- 0xFFFFFFFFFFFFFFFF
mem[X,0x0000000080009764] -> 0x1F13
mem[X,0x0000000080009766] -> 0x00BF
[9694] [M]: 0x0000000080009764 (0x00BF1F13) slli t5, t5, 11
x30 <- 0xFFFFFFFFFFFFF800
mem[X,0x0000000080009768] -> 0x0F13
mem[X,0x000000008000976A] -> 0x257F
[9695] [M]: 0x0000000080009768 (0x257F0F13) addi t5, t5, 599
x30 <- 0xFFFFFFFFFFFFFA57
mem[X,0x000000008000976C] -> 0x1F13
mem[X,0x000000008000976E] -> 0x00BF
[9696] [M]: 0x000000008000976C (0x00BF1F13) slli t5, t5, 11
x30 <- 0xFFFFFFFFFFD2B800
mem[X,0x0000000080009770] -> 0x0F13
mem[X,0x0000000080009772] -> 0x6C3F
[9697] [M]: 0x0000000080009770 (0x6C3F0F13) addi t5, t5, 1731
x30 <- 0xFFFFFFFFFFD2BEC3
mem[X,0x0000000080009774] -> 0x1F13
mem[X,0x0000000080009776] -> 0x00AF
[9698] [M]: 0x0000000080009774 (0x00AF1F13) slli t5, t5, 10
x30 <- 0xFFFFFFFF4AFB0C00
mem[X,0x0000000080009778] -> 0x0F13
mem[X,0x000000008000977A] -> 0x0CEF
[9699] [M]: 0x0000000080009778 (0x0CEF0F13) addi t5, t5, 206
x30 <- 0xFFFFFFFF4AFB0CCE
clint::tick mtime <- 0x0000000000000061
 clint timer pending at mtime 0x0000000000000061
htif::tick 0x0000000000000000
mem[X,0x000000008000977C] -> 0x0E93
mem[X,0x000000008000977E] -> 0x0060
[9700] [M]: 0x000000008000977C (0x00600E93) addi t4, zero, 6
x29 <- 0x0000000000000006
mem[X,0x0000000080009780] -> 0x4FB3
mem[X,0x0000000080009782] -> 0x03DF
[9701] [M]: 0x0000000080009780 (0x03DF4FB3) div t6, t5, t4
x31 <- 0xFFFFFFFFE1D48223
mem[X,0x0000000080009784] -> 0xB423
mem[X,0x0000000080009786] -> 0x39F6
[9702] [M]: 0x0000000080009784 (0x39F6B423) sd t6, 904(a3)
mem[0x000000008000E708] <- 0xFFFFFFFFE1D48223
mem[X,0x0000000080009788] -> 0x0F37
mem[X,0x000000008000978A] -> 0x0000
[9703] [M]: 0x0000000080009788 (0x00000F37) lui t5, 0
x30 <- 0x0000000000000000
mem[X,0x000000008000978C] -> 0x0F13
mem[X,0x000000008000978E] -> 0xFFFF
[9704] [M]: 0x000000008000978C (0xFFFF0F13) addi t5, t5, 4095
x30 <- 0xFFFFFFFFFFFFFFFF
mem[X,0x0000000080009790] -> 0x1F13
mem[X,0x0000000080009792] -> 0x00BF
[9705] [M]: 0x0000000080009790 (0x00BF1F13) slli t5, t5, 11
x30 <- 0xFFFFFFFFFFFFF800
mem[X,0x0000000080009794] -> 0x0F13
mem[X,0x0000000080009796] -> 0x257F
[9706] [M]: 0x0000000080009794 (0x257F0F13) addi t5, t5, 599
x30 <- 0xFFFFFFFFFFFFFA57
mem[X,0x0000000080009798] -> 0x1F13
mem[X,0x000000008000979A] -> 0x00BF
[9707] [M]: 0x0000000080009798 (0x00BF1F13) slli t5, t5, 11
x30 <- 0xFFFFFFFFFFD2B800
mem[X,0x000000008000979C] -> 0x0F13
mem[X,0x000000008000979E] -> 0x6C3F
[9708] [M]: 0x000000008000979C (0x6C3F0F13) addi t5, t5, 1731
x30 <- 0xFFFFFFFFFFD2BEC3
mem[X,0x00000000800097A0] -> 0x1F13
mem[X,0x00000000800097A2] -> 0x00AF
[9709] [M]: 0x00000000800097A0 (0x00AF1F13) slli t5, t5, 10
x30 <- 0xFFFFFFFF4AFB0C00
mem[X,0x00000000800097A4] -> 0x0F13
mem[X,0x00000000800097A6] -> 0x0CEF
[9710] [M]: 0x00000000800097A4 (0x0CEF0F13) addi t5, t5, 206
x30 <- 0xFFFFFFFF4AFB0CCE
mem[X,0x00000000800097A8] -> 0x3EB7
mem[X,0x00000000800097AA] -> 0x3333
[9711] [M]: 0x00000000800097A8 (0x33333EB7) lui t4, 209715
x29 <- 0x0000000033333000
mem[X,0x00000000800097AC] -> 0x8E93
mem[X,0x00000000800097AE] -> 0x333E
[9712] [M]: 0x00000000800097AC (0x333E8E93) addi t4, t4, 819
x29 <- 0x0000000033333333
mem[X,0x00000000800097B0] -> 0x9E93
mem[X,0x00000000800097B2] -> 0x00BE
[9713] [M]: 0x00000000800097B0 (0x00BE9E93) slli t4, t4, 11
x29 <- 0x0000019999999800
mem[X,0x00000000800097B4] -> 0x8E93
mem[X,0x00000000800097B6] -> 0x199E
[9714] [M]: 0x00000000800097B4 (0x199E8E93) addi t4, t4, 409
x29 <- 0x0000019999999999
mem[X,0x00000000800097B8] -> 0x9E93
mem[X,0x00000000800097BA] -> 0x00BE
[9715] [M]: 0x00000000800097B8 (0x00BE9E93) slli t4, t4, 11
x29 <- 0x000CCCCCCCCCC800
mem[X,0x00000000800097BC] -> 0x8E93
mem[X,0x00000000800097BE] -> 0x4CCE
[9716] [M]: 0x00000000800097BC (0x4CCE8E93) addi t4, t4, 1228
x29 <- 0x000CCCCCCCCCCCCC
mem[X,0x00000000800097C0] -> 0x9E93
mem[X,0x00000000800097C2] -> 0x00AE
[9717] [M]: 0x00000000800097C0 (0x00AE9E93) slli t4, t4, 10
x29 <- 0x3333333333333000
mem[X,0x00000000800097C4] -> 0x8E93
mem[X,0x00000000800097C6] -> 0x334E
[9718] [M]: 0x00000000800097C4 (0x334E8E93) addi t4, t4, 820
x29 <- 0x3333333333333334
mem[X,0x00000000800097C8] -> 0x4FB3
mem[X,0x00000000800097CA] -> 0x03DF
[9719] [M]: 0x00000000800097C8 (0x03DF4FB3) div t6, t5, t4
x31 <- 0x0000000000000000
mem[X,0x00000000800097CC] -> 0xB823
mem[X,0x00000000800097CE] -> 0x39F6
[9720] [M]: 0x00000000800097CC (0x39F6B823) sd t6, 912(a3)
mem[0x000000008000E710] <- 0x0000000000000000
mem[X,0x00000000800097D0] -> 0x0F37
mem[X,0x00000000800097D2] -> 0x0000
[9721] [M]: 0x00000000800097D0 (0x00000F37) lui t5, 0
x30 <- 0x0000000000000000
mem[X,0x00000000800097D4] -> 0x0F13
mem[X,0x00000000800097D6] -> 0xFFFF
[9722] [M]: 0x00000000800097D4 (0xFFFF0F13) addi t5, t5, 4095
x30 <- 0xFFFFFFFFFFFFFFFF
mem[X,0x00000000800097D8] -> 0x1F13
mem[X,0x00000000800097DA] -> 0x00BF
[9723] [M]: 0x00000000800097D8 (0x00BF1F13) slli t5, t5, 11
x30 <- 0xFFFFFFFFFFFFF800
mem[X,0x00000000800097DC] -> 0x0F13
mem[X,0x00000000800097DE] -> 0x257F
[9724] [M]: 0x00000000800097DC (0x257F0F13) addi t5, t5, 599
x30 <- 0xFFFFFFFFFFFFFA57
mem[X,0x00000000800097E0] -> 0x1F13
mem[X,0x00000000800097E2] -> 0x00BF
[9725] [M]: 0x00000000800097E0 (0x00BF1F13) slli t5, t5, 11
x30 <- 0xFFFFFFFFFFD2B800
mem[X,0x00000000800097E4] -> 0x0F13
mem[X,0x00000000800097E6] -> 0x6C3F
[9726] [M]: 0x00000000800097E4 (0x6C3F0F13) addi t5, t5, 1731
x30 <- 0xFFFFFFFFFFD2BEC3
mem[X,0x00000000800097E8] -> 0x1F13
mem[X,0x00000000800097EA] -> 0x00AF
[9727] [M]: 0x00000000800097E8 (0x00AF1F13) slli t5, t5, 10
x30 <- 0xFFFFFFFF4AFB0C00
mem[X,0x00000000800097EC] -> 0x0F13
mem[X,0x00000000800097EE] -> 0x0CEF
[9728] [M]: 0x00000000800097EC (0x0CEF0F13) addi t5, t5, 206
x30 <- 0xFFFFFFFF4AFB0CCE
mem[X,0x00000000800097F0] -> 0x6EB7
mem[X,0x00000000800097F2] -> 0x6666
[9729] [M]: 0x00000000800097F0 (0x66666EB7) lui t4, 419430
x29 <- 0x0000000066666000
mem[X,0x00000000800097F4] -> 0x8E93
mem[X,0x00000000800097F6] -> 0x666E
[9730] [M]: 0x00000000800097F4 (0x666E8E93) addi t4, t4, 1638
x29 <- 0x0000000066666666
mem[X,0x00000000800097F8] -> 0x9E93
mem[X,0x00000000800097FA] -> 0x00BE
[9731] [M]: 0x00000000800097F8 (0x00BE9E93) slli t4, t4, 11
x29 <- 0x0000033333333000
mem[X,0x00000000800097FC] -> 0x8E93
mem[X,0x00000000800097FE] -> 0x333E
[9732] [M]: 0x00000000800097FC (0x333E8E93) addi t4, t4, 819
x29 <- 0x0000033333333333
mem[X,0x0000000080009800] -> 0x9E93
mem[X,0x0000000080009802] -> 0x00BE
[9733] [M]: 0x0000000080009800 (0x00BE9E93) slli t4, t4, 11
x29 <- 0x0019999999999800
mem[X,0x0000000080009804] -> 0x8E93
mem[X,0x0000000080009806] -> 0x199E
[9734] [M]: 0x0000000080009804 (0x199E8E93) addi t4, t4, 409
x29 <- 0x0019999999999999
mem[X,0x0000000080009808] -> 0x9E93
mem[X,0x000000008000980A] -> 0x00AE
[9735] [M]: 0x0000000080009808 (0x00AE9E93) slli t4, t4, 10
x29 <- 0x6666666666666400
mem[X,0x000000008000980C] -> 0x8E93
mem[X,0x000000008000980E] -> 0x267E
[9736] [M]: 0x000000008000980C (0x267E8E93) addi t4, t4, 615
x29 <- 0x6666666666666667
mem[X,0x0000000080009810] -> 0x4FB3
mem[X,0x0000000080009812] -> 0x03DF
[9737] [M]: 0x0000000080009810 (0x03DF4FB3) div t6, t5, t4
x31 <- 0x0000000000000000
mem[X,0x0000000080009814] -> 0xBC23
mem[X,0x0000000080009816] -> 0x39F6
[9738] [M]: 0x0000000080009814 (0x39F6BC23) sd t6, 920(a3)
mem[0x000000008000E718] <- 0x0000000000000000
mem[X,0x0000000080009818] -> 0x0F37
mem[X,0x000000008000981A] -> 0x0000
[9739] [M]: 0x0000000080009818 (0x00000F37) lui t5, 0
x30 <- 0x0000000000000000
mem[X,0x000000008000981C] -> 0x0F13
mem[X,0x000000008000981E] -> 0x000F
[9740] [M]: 0x000000008000981C (0x000F0F13) addi t5, t5, 0
x30 <- 0x0000000000000000
mem[X,0x0000000080009820] -> 0x1F13
mem[X,0x0000000080009822] -> 0x00BF
[9741] [M]: 0x0000000080009820 (0x00BF1F13) slli t5, t5, 11
x30 <- 0x0000000000000000
mem[X,0x0000000080009824] -> 0x0F13
mem[X,0x0000000080009826] -> 0x5A8F
[9742] [M]: 0x0000000080009824 (0x5A8F0F13) addi t5, t5, 1448
x30 <- 0x00000000000005A8
mem[X,0x0000000080009828] -> 0x1F13
mem[X,0x000000008000982A] -> 0x00BF
[9743] [M]: 0x0000000080009828 (0x00BF1F13) slli t5, t5, 11
x30 <- 0x00000000002D4000
mem[X,0x000000008000982C] -> 0x0F13
mem[X,0x000000008000982E] -> 0x13CF
[9744] [M]: 0x000000008000982C (0x13CF0F13) addi t5, t5, 316
x30 <- 0x00000000002D413C
mem[X,0x0000000080009830] -> 0x1F13
mem[X,0x0000000080009832] -> 0x00AF
[9745] [M]: 0x0000000080009830 (0x00AF1F13) slli t5, t5, 10
x30 <- 0x00000000B504F000
mem[X,0x0000000080009834] -> 0x0F13
mem[X,0x0000000080009836] -> 0x334F
[9746] [M]: 0x0000000080009834 (0x334F0F13) addi t5, t5, 820
x30 <- 0x00000000B504F334
mem[X,0x0000000080009838] -> 0x0E93
mem[X,0x000000008000983A] -> 0x0030
[9747] [M]: 0x0000000080009838 (0x00300E93) addi t4, zero, 3
x29 <- 0x0000000000000003
mem[X,0x000000008000983C] -> 0x4FB3
mem[X,0x000000008000983E] -> 0x03DF
[9748] [M]: 0x000000008000983C (0x03DF4FB3) div t6, t5, t4
x31 <- 0x000000003C56FBBC
mem[X,0x0000000080009840] -> 0xB023
mem[X,0x0000000080009842] -> 0x3BF6
[9749] [M]: 0x0000000080009840 (0x3BF6B023) sd t6, 928(a3)
mem[0x000000008000E720] <- 0x000000003C56FBBC
mem[X,0x0000000080009844] -> 0x0F37
mem[X,0x0000000080009846] -> 0x0000
[9750] [M]: 0x0000000080009844 (0x00000F37) lui t5, 0
x30 <- 0x0000000000000000
mem[X,0x0000000080009848] -> 0x0F13
mem[X,0x000000008000984A] -> 0x000F
[9751] [M]: 0x0000000080009848 (0x000F0F13) addi t5, t5, 0
x30 <- 0x0000000000000000
mem[X,0x000000008000984C] -> 0x1F13
mem[X,0x000000008000984E] -> 0x00BF
[9752] [M]: 0x000000008000984C (0x00BF1F13) slli t5, t5, 11
x30 <- 0x0000000000000000
mem[X,0x0000000080009850] -> 0x0F13
mem[X,0x0000000080009852] -> 0x5A8F
[9753] [M]: 0x0000000080009850 (0x5A8F0F13) addi t5, t5, 1448
x30 <- 0x00000000000005A8
mem[X,0x0000000080009854] -> 0x1F13
mem[X,0x0000000080009856] -> 0x00BF
[9754] [M]: 0x0000000080009854 (0x00BF1F13) slli t5, t5, 11
x30 <- 0x00000000002D4000
mem[X,0x0000000080009858] -> 0x0F13
mem[X,0x000000008000985A] -> 0x13CF
[9755] [M]: 0x0000000080009858 (0x13CF0F13) addi t5, t5, 316
x30 <- 0x00000000002D413C
mem[X,0x000000008000985C] -> 0x1F13
mem[X,0x000000008000985E] -> 0x00AF
[9756] [M]: 0x000000008000985C (0x00AF1F13) slli t5, t5, 10
x30 <- 0x00000000B504F000
mem[X,0x0000000080009860] -> 0x0F13
mem[X,0x0000000080009862] -> 0x334F
[9757] [M]: 0x0000000080009860 (0x334F0F13) addi t5, t5, 820
x30 <- 0x00000000B504F334
mem[X,0x0000000080009864] -> 0x5EB7
mem[X,0x0000000080009866] -> 0x5555
[9758] [M]: 0x0000000080009864 (0x55555EB7) lui t4, 349525
x29 <- 0x0000000055555000
mem[X,0x0000000080009868] -> 0x8E93
mem[X,0x000000008000986A] -> 0x555E
[9759] [M]: 0x0000000080009868 (0x555E8E93) addi t4, t4, 1365
x29 <- 0x0000000055555555
mem[X,0x000000008000986C] -> 0x9E93
mem[X,0x000000008000986E] -> 0x00BE
[9760] [M]: 0x000000008000986C (0x00BE9E93) slli t4, t4, 11
x29 <- 0x000002AAAAAAA800
mem[X,0x0000000080009870] -> 0x8E93
mem[X,0x0000000080009872] -> 0x2AAE
[9761] [M]: 0x0000000080009870 (0x2AAE8E93) addi t4, t4, 682
x29 <- 0x000002AAAAAAAAAA
mem[X,0x0000000080009874] -> 0x9E93
mem[X,0x0000000080009876] -> 0x00BE
[9762] [M]: 0x0000000080009874 (0x00BE9E93) slli t4, t4, 11
x29 <- 0x0015555555555000
mem[X,0x0000000080009878] -> 0x8E93
mem[X,0x000000008000987A] -> 0x555E
[9763] [M]: 0x0000000080009878 (0x555E8E93) addi t4, t4, 1365
x29 <- 0x0015555555555555
mem[X,0x000000008000987C] -> 0x9E93
mem[X,0x000000008000987E] -> 0x00AE
[9764] [M]: 0x000000008000987C (0x00AE9E93) slli t4, t4, 10
x29 <- 0x5555555555555400
mem[X,0x0000000080009880] -> 0x8E93
mem[X,0x0000000080009882] -> 0x155E
[9765] [M]: 0x0000000080009880 (0x155E8E93) addi t4, t4, 341
x29 <- 0x5555555555555555
mem[X,0x0000000080009884] -> 0x4FB3
mem[X,0x0000000080009886] -> 0x03DF
[9766] [M]: 0x0000000080009884 (0x03DF4FB3) div t6, t5, t4
x31 <- 0x0000000000000000
mem[X,0x0000000080009888] -> 0xB423
mem[X,0x000000008000988A] -> 0x3BF6
[9767] [M]: 0x0000000080009888 (0x3BF6B423) sd t6, 936(a3)
mem[0x000000008000E728] <- 0x0000000000000000
mem[X,0x000000008000988C] -> 0x0F37
mem[X,0x000000008000988E] -> 0x0000
[9768] [M]: 0x000000008000988C (0x00000F37) lui t5, 0
x30 <- 0x0000000000000000
mem[X,0x0000000080009890] -> 0x0F13
mem[X,0x0000000080009892] -> 0x000F
[9769] [M]: 0x0000000080009890 (0x000F0F13) addi t5, t5, 0
x30 <- 0x0000000000000000
mem[X,0x0000000080009894] -> 0x1F13
mem[X,0x0000000080009896] -> 0x00BF
[9770] [M]: 0x0000000080009894 (0x00BF1F13) slli t5, t5, 11
x30 <- 0x0000000000000000
mem[X,0x0000000080009898] -> 0x0F13
mem[X,0x000000008000989A] -> 0x5A8F
[9771] [M]: 0x0000000080009898 (0x5A8F0F13) addi t5, t5, 1448
x30 <- 0x00000000000005A8
mem[X,0x000000008000989C] -> 0x1F13
mem[X,0x000000008000989E] -> 0x00BF
[9772] [M]: 0x000000008000989C (0x00BF1F13) slli t5, t5, 11
x30 <- 0x00000000002D4000
mem[X,0x00000000800098A0] -> 0x0F13
mem[X,0x00000000800098A2] -> 0x13CF
[9773] [M]: 0x00000000800098A0 (0x13CF0F13) addi t5, t5, 316
x30 <- 0x00000000002D413C
mem[X,0x00000000800098A4] -> 0x1F13
mem[X,0x00000000800098A6] -> 0x00AF
[9774] [M]: 0x00000000800098A4 (0x00AF1F13) slli t5, t5, 10
x30 <- 0x00000000B504F000
mem[X,0x00000000800098A8] -> 0x0F13
mem[X,0x00000000800098AA] -> 0x334F
[9775] [M]: 0x00000000800098A8 (0x334F0F13) addi t5, t5, 820
x30 <- 0x00000000B504F334
mem[X,0x00000000800098AC] -> 0xBEB7
mem[X,0x00000000800098AE] -> 0xAAAA
[9776] [M]: 0x00000000800098AC (0xAAAABEB7) lui t4, 699051
x29 <- 0xFFFFFFFFAAAAB000
mem[X,0x00000000800098B0] -> 0x8E93
mem[X,0x00000000800098B2] -> 0xAAAE
[9777] [M]: 0x00000000800098B0 (0xAAAE8E93) addi t4, t4, 2730
x29 <- 0xFFFFFFFFAAAAAAAA
mem[X,0x00000000800098B4] -> 0x9E93
mem[X,0x00000000800098B6] -> 0x00BE
[9778] [M]: 0x00000000800098B4 (0x00BE9E93) slli t4, t4, 11
x29 <- 0xFFFFFD5555555000
mem[X,0x00000000800098B8] -> 0x8E93
mem[X,0x00000000800098BA] -> 0x555E
[9779] [M]: 0x00000000800098B8 (0x555E8E93) addi t4, t4, 1365
x29 <- 0xFFFFFD5555555555
mem[X,0x00000000800098BC] -> 0x9E93
mem[X,0x00000000800098BE] -> 0x00BE
[9780] [M]: 0x00000000800098BC (0x00BE9E93) slli t4, t4, 11
x29 <- 0xFFEAAAAAAAAAA800
mem[X,0x00000000800098C0] -> 0x8E93
mem[X,0x00000000800098C2] -> 0x2AAE
[9781] [M]: 0x00000000800098C0 (0x2AAE8E93) addi t4, t4, 682
x29 <- 0xFFEAAAAAAAAAAAAA
mem[X,0x00000000800098C4] -> 0x9E93
mem[X,0x00000000800098C6] -> 0x00AE
[9782] [M]: 0x00000000800098C4 (0x00AE9E93) slli t4, t4, 10
x29 <- 0xAAAAAAAAAAAAA800
mem[X,0x00000000800098C8] -> 0x8E93
mem[X,0x00000000800098CA] -> 0x2AAE
[9783] [M]: 0x00000000800098C8 (0x2AAE8E93) addi t4, t4, 682
x29 <- 0xAAAAAAAAAAAAAAAA
mem[X,0x00000000800098CC] -> 0x4FB3
mem[X,0x00000000800098CE] -> 0x03DF
[9784] [M]: 0x00000000800098CC (0x03DF4FB3) div t6, t5, t4
x31 <- 0x0000000000000000
mem[X,0x00000000800098D0] -> 0xB823
mem[X,0x00000000800098D2] -> 0x3BF6
[9785] [M]: 0x00000000800098D0 (0x3BF6B823) sd t6, 944(a3)
mem[0x000000008000E730] <- 0x0000000000000000
mem[X,0x00000000800098D4] -> 0x0F37
mem[X,0x00000000800098D6] -> 0x0000
[9786] [M]: 0x00000000800098D4 (0x00000F37) lui t5, 0
x30 <- 0x0000000000000000
mem[X,0x00000000800098D8] -> 0x0F13
mem[X,0x00000000800098DA] -> 0x000F
[9787] [M]: 0x00000000800098D8 (0x000F0F13) addi t5, t5, 0
x30 <- 0x0000000000000000
mem[X,0x00000000800098DC] -> 0x1F13
mem[X,0x00000000800098DE] -> 0x00BF
[9788] [M]: 0x00000000800098DC (0x00BF1F13) slli t5, t5, 11
x30 <- 0x0000000000000000
mem[X,0x00000000800098E0] -> 0x0F13
mem[X,0x00000000800098E2] -> 0x5A8F
[9789] [M]: 0x00000000800098E0 (0x5A8F0F13) addi t5, t5, 1448
x30 <- 0x00000000000005A8
mem[X,0x00000000800098E4] -> 0x1F13
mem[X,0x00000000800098E6] -> 0x00BF
[9790] [M]: 0x00000000800098E4 (0x00BF1F13) slli t5, t5, 11
x30 <- 0x00000000002D4000
mem[X,0x00000000800098E8] -> 0x0F13
mem[X,0x00000000800098EA] -> 0x13CF
[9791] [M]: 0x00000000800098E8 (0x13CF0F13) addi t5, t5, 316
x30 <- 0x00000000002D413C
mem[X,0x00000000800098EC] -> 0x1F13
mem[X,0x00000000800098EE] -> 0x00AF
[9792] [M]: 0x00000000800098EC (0x00AF1F13) slli t5, t5, 10
x30 <- 0x00000000B504F000
mem[X,0x00000000800098F0] -> 0x0F13
mem[X,0x00000000800098F2] -> 0x334F
[9793] [M]: 0x00000000800098F0 (0x334F0F13) addi t5, t5, 820
x30 <- 0x00000000B504F334
mem[X,0x00000000800098F4] -> 0x0E93
mem[X,0x00000000800098F6] -> 0x0050
[9794] [M]: 0x00000000800098F4 (0x00500E93) addi t4, zero, 5
x29 <- 0x0000000000000005
mem[X,0x00000000800098F8] -> 0x4FB3
mem[X,0x00000000800098FA] -> 0x03DF
[9795] [M]: 0x00000000800098F8 (0x03DF4FB3) div t6, t5, t4
x31 <- 0x00000000243430A4
mem[X,0x00000000800098FC] -> 0xBC23
mem[X,0x00000000800098FE] -> 0x3BF6
[9796] [M]: 0x00000000800098FC (0x3BF6BC23) sd t6, 952(a3)
mem[0x000000008000E738] <- 0x00000000243430A4
mem[X,0x0000000080009900] -> 0x0F37
mem[X,0x0000000080009902] -> 0x0000
[9797] [M]: 0x0000000080009900 (0x00000F37) lui t5, 0
x30 <- 0x0000000000000000
mem[X,0x0000000080009904] -> 0x0F13
mem[X,0x0000000080009906] -> 0x000F
[9798] [M]: 0x0000000080009904 (0x000F0F13) addi t5, t5, 0
x30 <- 0x0000000000000000
mem[X,0x0000000080009908] -> 0x1F13
mem[X,0x000000008000990A] -> 0x00BF
[9799] [M]: 0x0000000080009908 (0x00BF1F13) slli t5, t5, 11
x30 <- 0x0000000000000000
clint::tick mtime <- 0x0000000000000062
 clint timer pending at mtime 0x0000000000000062
htif::tick 0x0000000000000000
mem[X,0x000000008000990C] -> 0x0F13
mem[X,0x000000008000990E] -> 0x5A8F
[9800] [M]: 0x000000008000990C (0x5A8F0F13) addi t5, t5, 1448
x30 <- 0x00000000000005A8
mem[X,0x0000000080009910] -> 0x1F13
mem[X,0x0000000080009912] -> 0x00BF
[9801] [M]: 0x0000000080009910 (0x00BF1F13) slli t5, t5, 11
x30 <- 0x00000000002D4000
mem[X,0x0000000080009914] -> 0x0F13
mem[X,0x0000000080009916] -> 0x13CF
[9802] [M]: 0x0000000080009914 (0x13CF0F13) addi t5, t5, 316
x30 <- 0x00000000002D413C
mem[X,0x0000000080009918] -> 0x1F13
mem[X,0x000000008000991A] -> 0x00AF
[9803] [M]: 0x0000000080009918 (0x00AF1F13) slli t5, t5, 10
x30 <- 0x00000000B504F000
mem[X,0x000000008000991C] -> 0x0F13
mem[X,0x000000008000991E] -> 0x334F
[9804] [M]: 0x000000008000991C (0x334F0F13) addi t5, t5, 820
x30 <- 0x00000000B504F334
mem[X,0x0000000080009920] -> 0x3EB7
mem[X,0x0000000080009922] -> 0x3333
[9805] [M]: 0x0000000080009920 (0x33333EB7) lui t4, 209715
x29 <- 0x0000000033333000
mem[X,0x0000000080009924] -> 0x8E93
mem[X,0x0000000080009926] -> 0x333E
[9806] [M]: 0x0000000080009924 (0x333E8E93) addi t4, t4, 819
x29 <- 0x0000000033333333
mem[X,0x0000000080009928] -> 0x9E93
mem[X,0x000000008000992A] -> 0x00BE
[9807] [M]: 0x0000000080009928 (0x00BE9E93) slli t4, t4, 11
x29 <- 0x0000019999999800
mem[X,0x000000008000992C] -> 0x8E93
mem[X,0x000000008000992E] -> 0x199E
[9808] [M]: 0x000000008000992C (0x199E8E93) addi t4, t4, 409
x29 <- 0x0000019999999999
mem[X,0x0000000080009930] -> 0x9E93
mem[X,0x0000000080009932] -> 0x00BE
[9809] [M]: 0x0000000080009930 (0x00BE9E93) slli t4, t4, 11
x29 <- 0x000CCCCCCCCCC800
mem[X,0x0000000080009934] -> 0x8E93
mem[X,0x0000000080009936] -> 0x4CCE
[9810] [M]: 0x0000000080009934 (0x4CCE8E93) addi t4, t4, 1228
x29 <- 0x000CCCCCCCCCCCCC
mem[X,0x0000000080009938] -> 0x9E93
mem[X,0x000000008000993A] -> 0x00AE
[9811] [M]: 0x0000000080009938 (0x00AE9E93) slli t4, t4, 10
x29 <- 0x3333333333333000
mem[X,0x000000008000993C] -> 0x8E93
mem[X,0x000000008000993E] -> 0x333E
[9812] [M]: 0x000000008000993C (0x333E8E93) addi t4, t4, 819
x29 <- 0x3333333333333333
mem[X,0x0000000080009940] -> 0x4FB3
mem[X,0x0000000080009942] -> 0x03DF
[9813] [M]: 0x0000000080009940 (0x03DF4FB3) div t6, t5, t4
x31 <- 0x0000000000000000
mem[X,0x0000000080009944] -> 0xB023
mem[X,0x0000000080009946] -> 0x3DF6
[9814] [M]: 0x0000000080009944 (0x3DF6B023) sd t6, 960(a3)
mem[0x000000008000E740] <- 0x0000000000000000
mem[X,0x0000000080009948] -> 0x0F37
mem[X,0x000000008000994A] -> 0x0000
[9815] [M]: 0x0000000080009948 (0x00000F37) lui t5, 0
x30 <- 0x0000000000000000
mem[X,0x000000008000994C] -> 0x0F13
mem[X,0x000000008000994E] -> 0x000F
[9816] [M]: 0x000000008000994C (0x000F0F13) addi t5, t5, 0
x30 <- 0x0000000000000000
mem[X,0x0000000080009950] -> 0x1F13
mem[X,0x0000000080009952] -> 0x00BF
[9817] [M]: 0x0000000080009950 (0x00BF1F13) slli t5, t5, 11
x30 <- 0x0000000000000000
mem[X,0x0000000080009954] -> 0x0F13
mem[X,0x0000000080009956] -> 0x5A8F
[9818] [M]: 0x0000000080009954 (0x5A8F0F13) addi t5, t5, 1448
x30 <- 0x00000000000005A8
mem[X,0x0000000080009958] -> 0x1F13
mem[X,0x000000008000995A] -> 0x00BF
[9819] [M]: 0x0000000080009958 (0x00BF1F13) slli t5, t5, 11
x30 <- 0x00000000002D4000
mem[X,0x000000008000995C] -> 0x0F13
mem[X,0x000000008000995E] -> 0x13CF
[9820] [M]: 0x000000008000995C (0x13CF0F13) addi t5, t5, 316
x30 <- 0x00000000002D413C
mem[X,0x0000000080009960] -> 0x1F13
mem[X,0x0000000080009962] -> 0x00AF
[9821] [M]: 0x0000000080009960 (0x00AF1F13) slli t5, t5, 10
x30 <- 0x00000000B504F000
mem[X,0x0000000080009964] -> 0x0F13
mem[X,0x0000000080009966] -> 0x334F
[9822] [M]: 0x0000000080009964 (0x334F0F13) addi t5, t5, 820
x30 <- 0x00000000B504F334
mem[X,0x0000000080009968] -> 0x6EB7
mem[X,0x000000008000996A] -> 0x6666
[9823] [M]: 0x0000000080009968 (0x66666EB7) lui t4, 419430
x29 <- 0x0000000066666000
mem[X,0x000000008000996C] -> 0x8E93
mem[X,0x000000008000996E] -> 0x666E
[9824] [M]: 0x000000008000996C (0x666E8E93) addi t4, t4, 1638
x29 <- 0x0000000066666666
mem[X,0x0000000080009970] -> 0x9E93
mem[X,0x0000000080009972] -> 0x00BE
[9825] [M]: 0x0000000080009970 (0x00BE9E93) slli t4, t4, 11
x29 <- 0x0000033333333000
mem[X,0x0000000080009974] -> 0x8E93
mem[X,0x0000000080009976] -> 0x333E
[9826] [M]: 0x0000000080009974 (0x333E8E93) addi t4, t4, 819
x29 <- 0x0000033333333333
mem[X,0x0000000080009978] -> 0x9E93
mem[X,0x000000008000997A] -> 0x00BE
[9827] [M]: 0x0000000080009978 (0x00BE9E93) slli t4, t4, 11
x29 <- 0x0019999999999800
mem[X,0x000000008000997C] -> 0x8E93
mem[X,0x000000008000997E] -> 0x199E
[9828] [M]: 0x000000008000997C (0x199E8E93) addi t4, t4, 409
x29 <- 0x0019999999999999
mem[X,0x0000000080009980] -> 0x9E93
mem[X,0x0000000080009982] -> 0x00AE
[9829] [M]: 0x0000000080009980 (0x00AE9E93) slli t4, t4, 10
x29 <- 0x6666666666666400
mem[X,0x0000000080009984] -> 0x8E93
mem[X,0x0000000080009986] -> 0x266E
[9830] [M]: 0x0000000080009984 (0x266E8E93) addi t4, t4, 614
x29 <- 0x6666666666666666
mem[X,0x0000000080009988] -> 0x4FB3
mem[X,0x000000008000998A] -> 0x03DF
[9831] [M]: 0x0000000080009988 (0x03DF4FB3) div t6, t5, t4
x31 <- 0x0000000000000000
mem[X,0x000000008000998C] -> 0xB423
mem[X,0x000000008000998E] -> 0x3DF6
[9832] [M]: 0x000000008000998C (0x3DF6B423) sd t6, 968(a3)
mem[0x000000008000E748] <- 0x0000000000000000
mem[X,0x0000000080009990] -> 0x0F37
mem[X,0x0000000080009992] -> 0x0000
[9833] [M]: 0x0000000080009990 (0x00000F37) lui t5, 0
x30 <- 0x0000000000000000
mem[X,0x0000000080009994] -> 0x0F13
mem[X,0x0000000080009996] -> 0x000F
[9834] [M]: 0x0000000080009994 (0x000F0F13) addi t5, t5, 0
x30 <- 0x0000000000000000
mem[X,0x0000000080009998] -> 0x1F13
mem[X,0x000000008000999A] -> 0x00BF
[9835] [M]: 0x0000000080009998 (0x00BF1F13) slli t5, t5, 11
x30 <- 0x0000000000000000
mem[X,0x000000008000999C] -> 0x0F13
mem[X,0x000000008000999E] -> 0x5A8F
[9836] [M]: 0x000000008000999C (0x5A8F0F13) addi t5, t5, 1448
x30 <- 0x00000000000005A8
mem[X,0x00000000800099A0] -> 0x1F13
mem[X,0x00000000800099A2] -> 0x00BF
[9837] [M]: 0x00000000800099A0 (0x00BF1F13) slli t5, t5, 11
x30 <- 0x00000000002D4000
mem[X,0x00000000800099A4] -> 0x0F13
mem[X,0x00000000800099A6] -> 0x13CF
[9838] [M]: 0x00000000800099A4 (0x13CF0F13) addi t5, t5, 316
x30 <- 0x00000000002D413C
mem[X,0x00000000800099A8] -> 0x1F13
mem[X,0x00000000800099AA] -> 0x00AF
[9839] [M]: 0x00000000800099A8 (0x00AF1F13) slli t5, t5, 10
x30 <- 0x00000000B504F000
mem[X,0x00000000800099AC] -> 0x0F13
mem[X,0x00000000800099AE] -> 0x334F
[9840] [M]: 0x00000000800099AC (0x334F0F13) addi t5, t5, 820
x30 <- 0x00000000B504F334
mem[X,0x00000000800099B0] -> 0x0EB7
mem[X,0x00000000800099B2] -> 0x0000
[9841] [M]: 0x00000000800099B0 (0x00000EB7) lui t4, 0
x29 <- 0x0000000000000000
mem[X,0x00000000800099B4] -> 0x8E93
mem[X,0x00000000800099B6] -> 0xFFFE
[9842] [M]: 0x00000000800099B4 (0xFFFE8E93) addi t4, t4, 4095
x29 <- 0xFFFFFFFFFFFFFFFF
mem[X,0x00000000800099B8] -> 0x9E93
mem[X,0x00000000800099BA] -> 0x00BE
[9843] [M]: 0x00000000800099B8 (0x00BE9E93) slli t4, t4, 11
x29 <- 0xFFFFFFFFFFFFF800
mem[X,0x00000000800099BC] -> 0x8E93
mem[X,0x00000000800099BE] -> 0x257E
[9844] [M]: 0x00000000800099BC (0x257E8E93) addi t4, t4, 599
x29 <- 0xFFFFFFFFFFFFFA57
mem[X,0x00000000800099C0] -> 0x9E93
mem[X,0x00000000800099C2] -> 0x00BE
[9845] [M]: 0x00000000800099C0 (0x00BE9E93) slli t4, t4, 11
x29 <- 0xFFFFFFFFFFD2B800
mem[X,0x00000000800099C4] -> 0x8E93
mem[X,0x00000000800099C6] -> 0x6C3E
[9846] [M]: 0x00000000800099C4 (0x6C3E8E93) addi t4, t4, 1731
x29 <- 0xFFFFFFFFFFD2BEC3
mem[X,0x00000000800099C8] -> 0x9E93
mem[X,0x00000000800099CA] -> 0x00AE
[9847] [M]: 0x00000000800099C8 (0x00AE9E93) slli t4, t4, 10
x29 <- 0xFFFFFFFF4AFB0C00
mem[X,0x00000000800099CC] -> 0x8E93
mem[X,0x00000000800099CE] -> 0x0CDE
[9848] [M]: 0x00000000800099CC (0x0CDE8E93) addi t4, t4, 205
x29 <- 0xFFFFFFFF4AFB0CCD
mem[X,0x00000000800099D0] -> 0x4FB3
mem[X,0x00000000800099D2] -> 0x03DF
[9849] [M]: 0x00000000800099D0 (0x03DF4FB3) div t6, t5, t4
x31 <- 0xFFFFFFFFFFFFFFFF
mem[X,0x00000000800099D4] -> 0xB823
mem[X,0x00000000800099D6] -> 0x3DF6
[9850] [M]: 0x00000000800099D4 (0x3DF6B823) sd t6, 976(a3)
mem[0x000000008000E750] <- 0xFFFFFFFFFFFFFFFF
mem[X,0x00000000800099D8] -> 0x0F37
mem[X,0x00000000800099DA] -> 0x0000
[9851] [M]: 0x00000000800099D8 (0x00000F37) lui t5, 0
x30 <- 0x0000000000000000
mem[X,0x00000000800099DC] -> 0x0F13
mem[X,0x00000000800099DE] -> 0x000F
[9852] [M]: 0x00000000800099DC (0x000F0F13) addi t5, t5, 0
x30 <- 0x0000000000000000
mem[X,0x00000000800099E0] -> 0x1F13
mem[X,0x00000000800099E2] -> 0x00BF
[9853] [M]: 0x00000000800099E0 (0x00BF1F13) slli t5, t5, 11
x30 <- 0x0000000000000000
mem[X,0x00000000800099E4] -> 0x0F13
mem[X,0x00000000800099E6] -> 0x5A8F
[9854] [M]: 0x00000000800099E4 (0x5A8F0F13) addi t5, t5, 1448
x30 <- 0x00000000000005A8
mem[X,0x00000000800099E8] -> 0x1F13
mem[X,0x00000000800099EA] -> 0x00BF
[9855] [M]: 0x00000000800099E8 (0x00BF1F13) slli t5, t5, 11
x30 <- 0x00000000002D4000
mem[X,0x00000000800099EC] -> 0x0F13
mem[X,0x00000000800099EE] -> 0x13CF
[9856] [M]: 0x00000000800099EC (0x13CF0F13) addi t5, t5, 316
x30 <- 0x00000000002D413C
mem[X,0x00000000800099F0] -> 0x1F13
mem[X,0x00000000800099F2] -> 0x00AF
[9857] [M]: 0x00000000800099F0 (0x00AF1F13) slli t5, t5, 10
x30 <- 0x00000000B504F000
mem[X,0x00000000800099F4] -> 0x0F13
mem[X,0x00000000800099F6] -> 0x334F
[9858] [M]: 0x00000000800099F4 (0x334F0F13) addi t5, t5, 820
x30 <- 0x00000000B504F334
mem[X,0x00000000800099F8] -> 0x0EB7
mem[X,0x00000000800099FA] -> 0x0000
[9859] [M]: 0x00000000800099F8 (0x00000EB7) lui t4, 0
x29 <- 0x0000000000000000
mem[X,0x00000000800099FC] -> 0x8E93
mem[X,0x00000000800099FE] -> 0x000E
[9860] [M]: 0x00000000800099FC (0x000E8E93) addi t4, t4, 0
x29 <- 0x0000000000000000
mem[X,0x0000000080009A00] -> 0x9E93
mem[X,0x0000000080009A02] -> 0x00BE
[9861] [M]: 0x0000000080009A00 (0x00BE9E93) slli t4, t4, 11
x29 <- 0x0000000000000000
mem[X,0x0000000080009A04] -> 0x8E93
mem[X,0x0000000080009A06] -> 0x5A8E
[9862] [M]: 0x0000000080009A04 (0x5A8E8E93) addi t4, t4, 1448
x29 <- 0x00000000000005A8
mem[X,0x0000000080009A08] -> 0x9E93
mem[X,0x0000000080009A0A] -> 0x00BE
[9863] [M]: 0x0000000080009A08 (0x00BE9E93) slli t4, t4, 11
x29 <- 0x00000000002D4000
mem[X,0x0000000080009A0C] -> 0x8E93
mem[X,0x0000000080009A0E] -> 0x13CE
[9864] [M]: 0x0000000080009A0C (0x13CE8E93) addi t4, t4, 316
x29 <- 0x00000000002D413C
mem[X,0x0000000080009A10] -> 0x9E93
mem[X,0x0000000080009A12] -> 0x00AE
[9865] [M]: 0x0000000080009A10 (0x00AE9E93) slli t4, t4, 10
x29 <- 0x00000000B504F000
mem[X,0x0000000080009A14] -> 0x8E93
mem[X,0x0000000080009A16] -> 0x333E
[9866] [M]: 0x0000000080009A14 (0x333E8E93) addi t4, t4, 819
x29 <- 0x00000000B504F333
mem[X,0x0000000080009A18] -> 0x4FB3
mem[X,0x0000000080009A1A] -> 0x03DF
[9867] [M]: 0x0000000080009A18 (0x03DF4FB3) div t6, t5, t4
x31 <- 0x0000000000000001
mem[X,0x0000000080009A1C] -> 0xBC23
mem[X,0x0000000080009A1E] -> 0x3DF6
[9868] [M]: 0x0000000080009A1C (0x3DF6BC23) sd t6, 984(a3)
mem[0x000000008000E758] <- 0x0000000000000001
mem[X,0x0000000080009A20] -> 0x0F37
mem[X,0x0000000080009A22] -> 0x0000
[9869] [M]: 0x0000000080009A20 (0x00000F37) lui t5, 0
x30 <- 0x0000000000000000
mem[X,0x0000000080009A24] -> 0x0F13
mem[X,0x0000000080009A26] -> 0x000F
[9870] [M]: 0x0000000080009A24 (0x000F0F13) addi t5, t5, 0
x30 <- 0x0000000000000000
mem[X,0x0000000080009A28] -> 0x1F13
mem[X,0x0000000080009A2A] -> 0x00BF
[9871] [M]: 0x0000000080009A28 (0x00BF1F13) slli t5, t5, 11
x30 <- 0x0000000000000000
mem[X,0x0000000080009A2C] -> 0x0F13
mem[X,0x0000000080009A2E] -> 0x5A8F
[9872] [M]: 0x0000000080009A2C (0x5A8F0F13) addi t5, t5, 1448
x30 <- 0x00000000000005A8
mem[X,0x0000000080009A30] -> 0x1F13
mem[X,0x0000000080009A32] -> 0x00BF
[9873] [M]: 0x0000000080009A30 (0x00BF1F13) slli t5, t5, 11
x30 <- 0x00000000002D4000
mem[X,0x0000000080009A34] -> 0x0F13
mem[X,0x0000000080009A36] -> 0x13CF
[9874] [M]: 0x0000000080009A34 (0x13CF0F13) addi t5, t5, 316
x30 <- 0x00000000002D413C
mem[X,0x0000000080009A38] -> 0x1F13
mem[X,0x0000000080009A3A] -> 0x00AF
[9875] [M]: 0x0000000080009A38 (0x00AF1F13) slli t5, t5, 10
x30 <- 0x00000000B504F000
mem[X,0x0000000080009A3C] -> 0x0F13
mem[X,0x0000000080009A3E] -> 0x334F
[9876] [M]: 0x0000000080009A3C (0x334F0F13) addi t5, t5, 820
x30 <- 0x00000000B504F334
mem[X,0x0000000080009A40] -> 0x5EB7
mem[X,0x0000000080009A42] -> 0x5555
[9877] [M]: 0x0000000080009A40 (0x55555EB7) lui t4, 349525
x29 <- 0x0000000055555000
mem[X,0x0000000080009A44] -> 0x8E93
mem[X,0x0000000080009A46] -> 0x555E
[9878] [M]: 0x0000000080009A44 (0x555E8E93) addi t4, t4, 1365
x29 <- 0x0000000055555555
mem[X,0x0000000080009A48] -> 0x9E93
mem[X,0x0000000080009A4A] -> 0x00BE
[9879] [M]: 0x0000000080009A48 (0x00BE9E93) slli t4, t4, 11
x29 <- 0x000002AAAAAAA800
mem[X,0x0000000080009A4C] -> 0x8E93
mem[X,0x0000000080009A4E] -> 0x2AAE
[9880] [M]: 0x0000000080009A4C (0x2AAE8E93) addi t4, t4, 682
x29 <- 0x000002AAAAAAAAAA
mem[X,0x0000000080009A50] -> 0x9E93
mem[X,0x0000000080009A52] -> 0x00BE
[9881] [M]: 0x0000000080009A50 (0x00BE9E93) slli t4, t4, 11
x29 <- 0x0015555555555000
mem[X,0x0000000080009A54] -> 0x8E93
mem[X,0x0000000080009A56] -> 0x555E
[9882] [M]: 0x0000000080009A54 (0x555E8E93) addi t4, t4, 1365
x29 <- 0x0015555555555555
mem[X,0x0000000080009A58] -> 0x9E93
mem[X,0x0000000080009A5A] -> 0x00AE
[9883] [M]: 0x0000000080009A58 (0x00AE9E93) slli t4, t4, 10
x29 <- 0x5555555555555400
mem[X,0x0000000080009A5C] -> 0x8E93
mem[X,0x0000000080009A5E] -> 0x154E
[9884] [M]: 0x0000000080009A5C (0x154E8E93) addi t4, t4, 340
x29 <- 0x5555555555555554
mem[X,0x0000000080009A60] -> 0x4FB3
mem[X,0x0000000080009A62] -> 0x03DF
[9885] [M]: 0x0000000080009A60 (0x03DF4FB3) div t6, t5, t4
x31 <- 0x0000000000000000
mem[X,0x0000000080009A64] -> 0xB023
mem[X,0x0000000080009A66] -> 0x3FF6
[9886] [M]: 0x0000000080009A64 (0x3FF6B023) sd t6, 992(a3)
mem[0x000000008000E760] <- 0x0000000000000000
mem[X,0x0000000080009A68] -> 0x0F37
mem[X,0x0000000080009A6A] -> 0x0000
[9887] [M]: 0x0000000080009A68 (0x00000F37) lui t5, 0
x30 <- 0x0000000000000000
mem[X,0x0000000080009A6C] -> 0x0F13
mem[X,0x0000000080009A6E] -> 0x000F
[9888] [M]: 0x0000000080009A6C (0x000F0F13) addi t5, t5, 0
x30 <- 0x0000000000000000
mem[X,0x0000000080009A70] -> 0x1F13
mem[X,0x0000000080009A72] -> 0x00BF
[9889] [M]: 0x0000000080009A70 (0x00BF1F13) slli t5, t5, 11
x30 <- 0x0000000000000000
mem[X,0x0000000080009A74] -> 0x0F13
mem[X,0x0000000080009A76] -> 0x5A8F
[9890] [M]: 0x0000000080009A74 (0x5A8F0F13) addi t5, t5, 1448
x30 <- 0x00000000000005A8
mem[X,0x0000000080009A78] -> 0x1F13
mem[X,0x0000000080009A7A] -> 0x00BF
[9891] [M]: 0x0000000080009A78 (0x00BF1F13) slli t5, t5, 11
x30 <- 0x00000000002D4000
mem[X,0x0000000080009A7C] -> 0x0F13
mem[X,0x0000000080009A7E] -> 0x13CF
[9892] [M]: 0x0000000080009A7C (0x13CF0F13) addi t5, t5, 316
x30 <- 0x00000000002D413C
mem[X,0x0000000080009A80] -> 0x1F13
mem[X,0x0000000080009A82] -> 0x00AF
[9893] [M]: 0x0000000080009A80 (0x00AF1F13) slli t5, t5, 10
x30 <- 0x00000000B504F000
mem[X,0x0000000080009A84] -> 0x0F13
mem[X,0x0000000080009A86] -> 0x334F
[9894] [M]: 0x0000000080009A84 (0x334F0F13) addi t5, t5, 820
x30 <- 0x00000000B504F334
mem[X,0x0000000080009A88] -> 0x3EB7
mem[X,0x0000000080009A8A] -> 0x3333
[9895] [M]: 0x0000000080009A88 (0x33333EB7) lui t4, 209715
x29 <- 0x0000000033333000
mem[X,0x0000000080009A8C] -> 0x8E93
mem[X,0x0000000080009A8E] -> 0x333E
[9896] [M]: 0x0000000080009A8C (0x333E8E93) addi t4, t4, 819
x29 <- 0x0000000033333333
mem[X,0x0000000080009A90] -> 0x9E93
mem[X,0x0000000080009A92] -> 0x00BE
[9897] [M]: 0x0000000080009A90 (0x00BE9E93) slli t4, t4, 11
x29 <- 0x0000019999999800
mem[X,0x0000000080009A94] -> 0x8E93
mem[X,0x0000000080009A96] -> 0x199E
[9898] [M]: 0x0000000080009A94 (0x199E8E93) addi t4, t4, 409
x29 <- 0x0000019999999999
mem[X,0x0000000080009A98] -> 0x9E93
mem[X,0x0000000080009A9A] -> 0x00BE
[9899] [M]: 0x0000000080009A98 (0x00BE9E93) slli t4, t4, 11
x29 <- 0x000CCCCCCCCCC800
clint::tick mtime <- 0x0000000000000063
 clint timer pending at mtime 0x0000000000000063
htif::tick 0x0000000000000000
mem[X,0x0000000080009A9C] -> 0x8E93
mem[X,0x0000000080009A9E] -> 0x4CCE
[9900] [M]: 0x0000000080009A9C (0x4CCE8E93) addi t4, t4, 1228
x29 <- 0x000CCCCCCCCCCCCC
mem[X,0x0000000080009AA0] -> 0x9E93
mem[X,0x0000000080009AA2] -> 0x00AE
[9901] [M]: 0x0000000080009AA0 (0x00AE9E93) slli t4, t4, 10
x29 <- 0x3333333333333000
mem[X,0x0000000080009AA4] -> 0x8E93
mem[X,0x0000000080009AA6] -> 0x332E
[9902] [M]: 0x0000000080009AA4 (0x332E8E93) addi t4, t4, 818
x29 <- 0x3333333333333332
mem[X,0x0000000080009AA8] -> 0x4FB3
mem[X,0x0000000080009AAA] -> 0x03DF
[9903] [M]: 0x0000000080009AA8 (0x03DF4FB3) div t6, t5, t4
x31 <- 0x0000000000000000
mem[X,0x0000000080009AAC] -> 0xB423
mem[X,0x0000000080009AAE] -> 0x3FF6
[9904] [M]: 0x0000000080009AAC (0x3FF6B423) sd t6, 1000(a3)
mem[0x000000008000E768] <- 0x0000000000000000
mem[X,0x0000000080009AB0] -> 0x0F37
mem[X,0x0000000080009AB2] -> 0x0000
[9905] [M]: 0x0000000080009AB0 (0x00000F37) lui t5, 0
x30 <- 0x0000000000000000
mem[X,0x0000000080009AB4] -> 0x0F13
mem[X,0x0000000080009AB6] -> 0x000F
[9906] [M]: 0x0000000080009AB4 (0x000F0F13) addi t5, t5, 0
x30 <- 0x0000000000000000
mem[X,0x0000000080009AB8] -> 0x1F13
mem[X,0x0000000080009ABA] -> 0x00BF
[9907] [M]: 0x0000000080009AB8 (0x00BF1F13) slli t5, t5, 11
x30 <- 0x0000000000000000
mem[X,0x0000000080009ABC] -> 0x0F13
mem[X,0x0000000080009ABE] -> 0x5A8F
[9908] [M]: 0x0000000080009ABC (0x5A8F0F13) addi t5, t5, 1448
x30 <- 0x00000000000005A8
mem[X,0x0000000080009AC0] -> 0x1F13
mem[X,0x0000000080009AC2] -> 0x00BF
[9909] [M]: 0x0000000080009AC0 (0x00BF1F13) slli t5, t5, 11
x30 <- 0x00000000002D4000
mem[X,0x0000000080009AC4] -> 0x0F13
mem[X,0x0000000080009AC6] -> 0x13CF
[9910] [M]: 0x0000000080009AC4 (0x13CF0F13) addi t5, t5, 316
x30 <- 0x00000000002D413C
mem[X,0x0000000080009AC8] -> 0x1F13
mem[X,0x0000000080009ACA] -> 0x00AF
[9911] [M]: 0x0000000080009AC8 (0x00AF1F13) slli t5, t5, 10
x30 <- 0x00000000B504F000
mem[X,0x0000000080009ACC] -> 0x0F13
mem[X,0x0000000080009ACE] -> 0x334F
[9912] [M]: 0x0000000080009ACC (0x334F0F13) addi t5, t5, 820
x30 <- 0x00000000B504F334
mem[X,0x0000000080009AD0] -> 0x6EB7
mem[X,0x0000000080009AD2] -> 0x6666
[9913] [M]: 0x0000000080009AD0 (0x66666EB7) lui t4, 419430
x29 <- 0x0000000066666000
mem[X,0x0000000080009AD4] -> 0x8E93
mem[X,0x0000000080009AD6] -> 0x666E
[9914] [M]: 0x0000000080009AD4 (0x666E8E93) addi t4, t4, 1638
x29 <- 0x0000000066666666
mem[X,0x0000000080009AD8] -> 0x9E93
mem[X,0x0000000080009ADA] -> 0x00BE
[9915] [M]: 0x0000000080009AD8 (0x00BE9E93) slli t4, t4, 11
x29 <- 0x0000033333333000
mem[X,0x0000000080009ADC] -> 0x8E93
mem[X,0x0000000080009ADE] -> 0x333E
[9916] [M]: 0x0000000080009ADC (0x333E8E93) addi t4, t4, 819
x29 <- 0x0000033333333333
mem[X,0x0000000080009AE0] -> 0x9E93
mem[X,0x0000000080009AE2] -> 0x00BE
[9917] [M]: 0x0000000080009AE0 (0x00BE9E93) slli t4, t4, 11
x29 <- 0x0019999999999800
mem[X,0x0000000080009AE4] -> 0x8E93
mem[X,0x0000000080009AE6] -> 0x199E
[9918] [M]: 0x0000000080009AE4 (0x199E8E93) addi t4, t4, 409
x29 <- 0x0019999999999999
mem[X,0x0000000080009AE8] -> 0x9E93
mem[X,0x0000000080009AEA] -> 0x00AE
[9919] [M]: 0x0000000080009AE8 (0x00AE9E93) slli t4, t4, 10
x29 <- 0x6666666666666400
mem[X,0x0000000080009AEC] -> 0x8E93
mem[X,0x0000000080009AEE] -> 0x265E
[9920] [M]: 0x0000000080009AEC (0x265E8E93) addi t4, t4, 613
x29 <- 0x6666666666666665
mem[X,0x0000000080009AF0] -> 0x4FB3
mem[X,0x0000000080009AF2] -> 0x03DF
[9921] [M]: 0x0000000080009AF0 (0x03DF4FB3) div t6, t5, t4
x31 <- 0x0000000000000000
mem[X,0x0000000080009AF4] -> 0xB823
mem[X,0x0000000080009AF6] -> 0x3FF6
[9922] [M]: 0x0000000080009AF4 (0x3FF6B823) sd t6, 1008(a3)
mem[0x000000008000E770] <- 0x0000000000000000
mem[X,0x0000000080009AF8] -> 0x0F37
mem[X,0x0000000080009AFA] -> 0x0000
[9923] [M]: 0x0000000080009AF8 (0x00000F37) lui t5, 0
x30 <- 0x0000000000000000
mem[X,0x0000000080009AFC] -> 0x0F13
mem[X,0x0000000080009AFE] -> 0x000F
[9924] [M]: 0x0000000080009AFC (0x000F0F13) addi t5, t5, 0
x30 <- 0x0000000000000000
mem[X,0x0000000080009B00] -> 0x1F13
mem[X,0x0000000080009B02] -> 0x00BF
[9925] [M]: 0x0000000080009B00 (0x00BF1F13) slli t5, t5, 11
x30 <- 0x0000000000000000
mem[X,0x0000000080009B04] -> 0x0F13
mem[X,0x0000000080009B06] -> 0x5A8F
[9926] [M]: 0x0000000080009B04 (0x5A8F0F13) addi t5, t5, 1448
x30 <- 0x00000000000005A8
mem[X,0x0000000080009B08] -> 0x1F13
mem[X,0x0000000080009B0A] -> 0x00BF
[9927] [M]: 0x0000000080009B08 (0x00BF1F13) slli t5, t5, 11
x30 <- 0x00000000002D4000
mem[X,0x0000000080009B0C] -> 0x0F13
mem[X,0x0000000080009B0E] -> 0x13CF
[9928] [M]: 0x0000000080009B0C (0x13CF0F13) addi t5, t5, 316
x30 <- 0x00000000002D413C
mem[X,0x0000000080009B10] -> 0x1F13
mem[X,0x0000000080009B12] -> 0x00AF
[9929] [M]: 0x0000000080009B10 (0x00AF1F13) slli t5, t5, 10
x30 <- 0x00000000B504F000
mem[X,0x0000000080009B14] -> 0x0F13
mem[X,0x0000000080009B16] -> 0x334F
[9930] [M]: 0x0000000080009B14 (0x334F0F13) addi t5, t5, 820
x30 <- 0x00000000B504F334
mem[X,0x0000000080009B18] -> 0x0E93
mem[X,0x0000000080009B1A] -> 0x0000
[9931] [M]: 0x0000000080009B18 (0x00000E93) addi t4, zero, 0
x29 <- 0x0000000000000000
mem[X,0x0000000080009B1C] -> 0x4FB3
mem[X,0x0000000080009B1E] -> 0x03DF
[9932] [M]: 0x0000000080009B1C (0x03DF4FB3) div t6, t5, t4
x31 <- 0xFFFFFFFFFFFFFFFF
mem[X,0x0000000080009B20] -> 0xBC23
mem[X,0x0000000080009B22] -> 0x3FF6
[9933] [M]: 0x0000000080009B20 (0x3FF6BC23) sd t6, 1016(a3)
mem[0x000000008000E778] <- 0xFFFFFFFFFFFFFFFF
mem[X,0x0000000080009B24] -> 0x0F37
mem[X,0x0000000080009B26] -> 0x0000
[9934] [M]: 0x0000000080009B24 (0x00000F37) lui t5, 0
x30 <- 0x0000000000000000
mem[X,0x0000000080009B28] -> 0x0F13
mem[X,0x0000000080009B2A] -> 0x000F
[9935] [M]: 0x0000000080009B28 (0x000F0F13) addi t5, t5, 0
x30 <- 0x0000000000000000
mem[X,0x0000000080009B2C] -> 0x1F13
mem[X,0x0000000080009B2E] -> 0x00BF
[9936] [M]: 0x0000000080009B2C (0x00BF1F13) slli t5, t5, 11
x30 <- 0x0000000000000000
mem[X,0x0000000080009B30] -> 0x0F13
mem[X,0x0000000080009B32] -> 0x5A8F
[9937] [M]: 0x0000000080009B30 (0x5A8F0F13) addi t5, t5, 1448
x30 <- 0x00000000000005A8
mem[X,0x0000000080009B34] -> 0x1F13
mem[X,0x0000000080009B36] -> 0x00BF
[9938] [M]: 0x0000000080009B34 (0x00BF1F13) slli t5, t5, 11
x30 <- 0x00000000002D4000
mem[X,0x0000000080009B38] -> 0x0F13
mem[X,0x0000000080009B3A] -> 0x13CF
[9939] [M]: 0x0000000080009B38 (0x13CF0F13) addi t5, t5, 316
x30 <- 0x00000000002D413C
mem[X,0x0000000080009B3C] -> 0x1F13
mem[X,0x0000000080009B3E] -> 0x00AF
[9940] [M]: 0x0000000080009B3C (0x00AF1F13) slli t5, t5, 10
x30 <- 0x00000000B504F000
mem[X,0x0000000080009B40] -> 0x0F13
mem[X,0x0000000080009B42] -> 0x334F
[9941] [M]: 0x0000000080009B40 (0x334F0F13) addi t5, t5, 820
x30 <- 0x00000000B504F334
mem[X,0x0000000080009B44] -> 0x0EB7
mem[X,0x0000000080009B46] -> 0x0000
[9942] [M]: 0x0000000080009B44 (0x00000EB7) lui t4, 0
x29 <- 0x0000000000000000
mem[X,0x0000000080009B48] -> 0x8E93
mem[X,0x0000000080009B4A] -> 0x000E
[9943] [M]: 0x0000000080009B48 (0x000E8E93) addi t4, t4, 0
x29 <- 0x0000000000000000
mem[X,0x0000000080009B4C] -> 0x9E93
mem[X,0x0000000080009B4E] -> 0x00BE
[9944] [M]: 0x0000000080009B4C (0x00BE9E93) slli t4, t4, 11
x29 <- 0x0000000000000000
mem[X,0x0000000080009B50] -> 0x8E93
mem[X,0x0000000080009B52] -> 0x5A8E
[9945] [M]: 0x0000000080009B50 (0x5A8E8E93) addi t4, t4, 1448
x29 <- 0x00000000000005A8
mem[X,0x0000000080009B54] -> 0x9E93
mem[X,0x0000000080009B56] -> 0x00BE
[9946] [M]: 0x0000000080009B54 (0x00BE9E93) slli t4, t4, 11
x29 <- 0x00000000002D4000
mem[X,0x0000000080009B58] -> 0x8E93
mem[X,0x0000000080009B5A] -> 0x13CE
[9947] [M]: 0x0000000080009B58 (0x13CE8E93) addi t4, t4, 316
x29 <- 0x00000000002D413C
mem[X,0x0000000080009B5C] -> 0x9E93
mem[X,0x0000000080009B5E] -> 0x00AE
[9948] [M]: 0x0000000080009B5C (0x00AE9E93) slli t4, t4, 10
x29 <- 0x00000000B504F000
mem[X,0x0000000080009B60] -> 0x8E93
mem[X,0x0000000080009B62] -> 0x332E
[9949] [M]: 0x0000000080009B60 (0x332E8E93) addi t4, t4, 818
x29 <- 0x00000000B504F332
mem[X,0x0000000080009B64] -> 0x4FB3
mem[X,0x0000000080009B66] -> 0x03DF
[9950] [M]: 0x0000000080009B64 (0x03DF4FB3) div t6, t5, t4
x31 <- 0x0000000000000001
mem[X,0x0000000080009B68] -> 0xB023
mem[X,0x0000000080009B6A] -> 0x41F6
[9951] [M]: 0x0000000080009B68 (0x41F6B023) sd t6, 1024(a3)
mem[0x000000008000E780] <- 0x0000000000000001
mem[X,0x0000000080009B6C] -> 0x0F37
mem[X,0x0000000080009B6E] -> 0x0000
[9952] [M]: 0x0000000080009B6C (0x00000F37) lui t5, 0
x30 <- 0x0000000000000000
mem[X,0x0000000080009B70] -> 0x0F13
mem[X,0x0000000080009B72] -> 0x000F
[9953] [M]: 0x0000000080009B70 (0x000F0F13) addi t5, t5, 0
x30 <- 0x0000000000000000
mem[X,0x0000000080009B74] -> 0x1F13
mem[X,0x0000000080009B76] -> 0x00BF
[9954] [M]: 0x0000000080009B74 (0x00BF1F13) slli t5, t5, 11
x30 <- 0x0000000000000000
mem[X,0x0000000080009B78] -> 0x0F13
mem[X,0x0000000080009B7A] -> 0x5A8F
[9955] [M]: 0x0000000080009B78 (0x5A8F0F13) addi t5, t5, 1448
x30 <- 0x00000000000005A8
mem[X,0x0000000080009B7C] -> 0x1F13
mem[X,0x0000000080009B7E] -> 0x00BF
[9956] [M]: 0x0000000080009B7C (0x00BF1F13) slli t5, t5, 11
x30 <- 0x00000000002D4000
mem[X,0x0000000080009B80] -> 0x0F13
mem[X,0x0000000080009B82] -> 0x13CF
[9957] [M]: 0x0000000080009B80 (0x13CF0F13) addi t5, t5, 316
x30 <- 0x00000000002D413C
mem[X,0x0000000080009B84] -> 0x1F13
mem[X,0x0000000080009B86] -> 0x00AF
[9958] [M]: 0x0000000080009B84 (0x00AF1F13) slli t5, t5, 10
x30 <- 0x00000000B504F000
mem[X,0x0000000080009B88] -> 0x0F13
mem[X,0x0000000080009B8A] -> 0x334F
[9959] [M]: 0x0000000080009B88 (0x334F0F13) addi t5, t5, 820
x30 <- 0x00000000B504F334
mem[X,0x0000000080009B8C] -> 0x5EB7
mem[X,0x0000000080009B8E] -> 0x5555
[9960] [M]: 0x0000000080009B8C (0x55555EB7) lui t4, 349525
x29 <- 0x0000000055555000
mem[X,0x0000000080009B90] -> 0x8E93
mem[X,0x0000000080009B92] -> 0x555E
[9961] [M]: 0x0000000080009B90 (0x555E8E93) addi t4, t4, 1365
x29 <- 0x0000000055555555
mem[X,0x0000000080009B94] -> 0x9E93
mem[X,0x0000000080009B96] -> 0x00BE
[9962] [M]: 0x0000000080009B94 (0x00BE9E93) slli t4, t4, 11
x29 <- 0x000002AAAAAAA800
mem[X,0x0000000080009B98] -> 0x8E93
mem[X,0x0000000080009B9A] -> 0x2AAE
[9963] [M]: 0x0000000080009B98 (0x2AAE8E93) addi t4, t4, 682
x29 <- 0x000002AAAAAAAAAA
mem[X,0x0000000080009B9C] -> 0x9E93
mem[X,0x0000000080009B9E] -> 0x00BE
[9964] [M]: 0x0000000080009B9C (0x00BE9E93) slli t4, t4, 11
x29 <- 0x0015555555555000
mem[X,0x0000000080009BA0] -> 0x8E93
mem[X,0x0000000080009BA2] -> 0x555E
[9965] [M]: 0x0000000080009BA0 (0x555E8E93) addi t4, t4, 1365
x29 <- 0x0015555555555555
mem[X,0x0000000080009BA4] -> 0x9E93
mem[X,0x0000000080009BA6] -> 0x00AE
[9966] [M]: 0x0000000080009BA4 (0x00AE9E93) slli t4, t4, 10
x29 <- 0x5555555555555400
mem[X,0x0000000080009BA8] -> 0x8E93
mem[X,0x0000000080009BAA] -> 0x156E
[9967] [M]: 0x0000000080009BA8 (0x156E8E93) addi t4, t4, 342
x29 <- 0x5555555555555556
mem[X,0x0000000080009BAC] -> 0x4FB3
mem[X,0x0000000080009BAE] -> 0x03DF
[9968] [M]: 0x0000000080009BAC (0x03DF4FB3) div t6, t5, t4
x31 <- 0x0000000000000000
mem[X,0x0000000080009BB0] -> 0xB423
mem[X,0x0000000080009BB2] -> 0x41F6
[9969] [M]: 0x0000000080009BB0 (0x41F6B423) sd t6, 1032(a3)
mem[0x000000008000E788] <- 0x0000000000000000
mem[X,0x0000000080009BB4] -> 0x0F37
mem[X,0x0000000080009BB6] -> 0x0000
[9970] [M]: 0x0000000080009BB4 (0x00000F37) lui t5, 0
x30 <- 0x0000000000000000
mem[X,0x0000000080009BB8] -> 0x0F13
mem[X,0x0000000080009BBA] -> 0x000F
[9971] [M]: 0x0000000080009BB8 (0x000F0F13) addi t5, t5, 0
x30 <- 0x0000000000000000
mem[X,0x0000000080009BBC] -> 0x1F13
mem[X,0x0000000080009BBE] -> 0x00BF
[9972] [M]: 0x0000000080009BBC (0x00BF1F13) slli t5, t5, 11
x30 <- 0x0000000000000000
mem[X,0x0000000080009BC0] -> 0x0F13
mem[X,0x0000000080009BC2] -> 0x5A8F
[9973] [M]: 0x0000000080009BC0 (0x5A8F0F13) addi t5, t5, 1448
x30 <- 0x00000000000005A8
mem[X,0x0000000080009BC4] -> 0x1F13
mem[X,0x0000000080009BC6] -> 0x00BF
[9974] [M]: 0x0000000080009BC4 (0x00BF1F13) slli t5, t5, 11
x30 <- 0x00000000002D4000
mem[X,0x0000000080009BC8] -> 0x0F13
mem[X,0x0000000080009BCA] -> 0x13CF
[9975] [M]: 0x0000000080009BC8 (0x13CF0F13) addi t5, t5, 316
x30 <- 0x00000000002D413C
mem[X,0x0000000080009BCC] -> 0x1F13
mem[X,0x0000000080009BCE] -> 0x00AF
[9976] [M]: 0x0000000080009BCC (0x00AF1F13) slli t5, t5, 10
x30 <- 0x00000000B504F000
mem[X,0x0000000080009BD0] -> 0x0F13
mem[X,0x0000000080009BD2] -> 0x334F
[9977] [M]: 0x0000000080009BD0 (0x334F0F13) addi t5, t5, 820
x30 <- 0x00000000B504F334
mem[X,0x0000000080009BD4] -> 0xBEB7
mem[X,0x0000000080009BD6] -> 0xAAAA
[9978] [M]: 0x0000000080009BD4 (0xAAAABEB7) lui t4, 699051
x29 <- 0xFFFFFFFFAAAAB000
mem[X,0x0000000080009BD8] -> 0x8E93
mem[X,0x0000000080009BDA] -> 0xAAAE
[9979] [M]: 0x0000000080009BD8 (0xAAAE8E93) addi t4, t4, 2730
x29 <- 0xFFFFFFFFAAAAAAAA
mem[X,0x0000000080009BDC] -> 0x9E93
mem[X,0x0000000080009BDE] -> 0x00BE
[9980] [M]: 0x0000000080009BDC (0x00BE9E93) slli t4, t4, 11
x29 <- 0xFFFFFD5555555000
mem[X,0x0000000080009BE0] -> 0x8E93
mem[X,0x0000000080009BE2] -> 0x555E
[9981] [M]: 0x0000000080009BE0 (0x555E8E93) addi t4, t4, 1365
x29 <- 0xFFFFFD5555555555
mem[X,0x0000000080009BE4] -> 0x9E93
mem[X,0x0000000080009BE6] -> 0x00BE
[9982] [M]: 0x0000000080009BE4 (0x00BE9E93) slli t4, t4, 11
x29 <- 0xFFEAAAAAAAAAA800
mem[X,0x0000000080009BE8] -> 0x8E93
mem[X,0x0000000080009BEA] -> 0x2AAE
[9983] [M]: 0x0000000080009BE8 (0x2AAE8E93) addi t4, t4, 682
x29 <- 0xFFEAAAAAAAAAAAAA
mem[X,0x0000000080009BEC] -> 0x9E93
mem[X,0x0000000080009BEE] -> 0x00AE
[9984] [M]: 0x0000000080009BEC (0x00AE9E93) slli t4, t4, 10
x29 <- 0xAAAAAAAAAAAAA800
mem[X,0x0000000080009BF0] -> 0x8E93
mem[X,0x0000000080009BF2] -> 0x2ABE
[9985] [M]: 0x0000000080009BF0 (0x2ABE8E93) addi t4, t4, 683
x29 <- 0xAAAAAAAAAAAAAAAB
mem[X,0x0000000080009BF4] -> 0x4FB3
mem[X,0x0000000080009BF6] -> 0x03DF
[9986] [M]: 0x0000000080009BF4 (0x03DF4FB3) div t6, t5, t4
x31 <- 0x0000000000000000
mem[X,0x0000000080009BF8] -> 0xB823
mem[X,0x0000000080009BFA] -> 0x41F6
[9987] [M]: 0x0000000080009BF8 (0x41F6B823) sd t6, 1040(a3)
mem[0x000000008000E790] <- 0x0000000000000000
mem[X,0x0000000080009BFC] -> 0x3F37
mem[X,0x0000000080009BFE] -> 0x3333
[9988] [M]: 0x0000000080009BFC (0x33333F37) lui t5, 209715
x30 <- 0x0000000033333000
mem[X,0x0000000080009C00] -> 0x0F13
mem[X,0x0000000080009C02] -> 0x333F
[9989] [M]: 0x0000000080009C00 (0x333F0F13) addi t5, t5, 819
x30 <- 0x0000000033333333
mem[X,0x0000000080009C04] -> 0x1F13
mem[X,0x0000000080009C06] -> 0x00BF
[9990] [M]: 0x0000000080009C04 (0x00BF1F13) slli t5, t5, 11
x30 <- 0x0000019999999800
mem[X,0x0000000080009C08] -> 0x0F13
mem[X,0x0000000080009C0A] -> 0x199F
[9991] [M]: 0x0000000080009C08 (0x199F0F13) addi t5, t5, 409
x30 <- 0x0000019999999999
mem[X,0x0000000080009C0C] -> 0x1F13
mem[X,0x0000000080009C0E] -> 0x00BF
[9992] [M]: 0x0000000080009C0C (0x00BF1F13) slli t5, t5, 11
x30 <- 0x000CCCCCCCCCC800
mem[X,0x0000000080009C10] -> 0x0F13
mem[X,0x0000000080009C12] -> 0x4CCF
[9993] [M]: 0x0000000080009C10 (0x4CCF0F13) addi t5, t5, 1228
x30 <- 0x000CCCCCCCCCCCCC
mem[X,0x0000000080009C14] -> 0x1F13
mem[X,0x0000000080009C16] -> 0x00AF
[9994] [M]: 0x0000000080009C14 (0x00AF1F13) slli t5, t5, 10
x30 <- 0x3333333333333000
mem[X,0x0000000080009C18] -> 0x0F13
mem[X,0x0000000080009C1A] -> 0x332F
[9995] [M]: 0x0000000080009C18 (0x332F0F13) addi t5, t5, 818
x30 <- 0x3333333333333332
mem[X,0x0000000080009C1C] -> 0xBEB7
mem[X,0x0000000080009C1E] -> 0xAAAA
[9996] [M]: 0x0000000080009C1C (0xAAAABEB7) lui t4, 699051
x29 <- 0xFFFFFFFFAAAAB000
mem[X,0x0000000080009C20] -> 0x8E93
mem[X,0x0000000080009C22] -> 0xAAAE
[9997] [M]: 0x0000000080009C20 (0xAAAE8E93) addi t4, t4, 2730
x29 <- 0xFFFFFFFFAAAAAAAA
mem[X,0x0000000080009C24] -> 0x9E93
mem[X,0x0000000080009C26] -> 0x00BE
[9998] [M]: 0x0000000080009C24 (0x00BE9E93) slli t4, t4, 11
x29 <- 0xFFFFFD5555555000
mem[X,0x0000000080009C28] -> 0x8E93
mem[X,0x0000000080009C2A] -> 0x555E
[9999] [M]: 0x0000000080009C28 (0x555E8E93) addi t4, t4, 1365
x29 <- 0xFFFFFD5555555555
clint::tick mtime <- 0x0000000000000064
 clint timer pending at mtime 0x0000000000000064
htif::tick 0x0000000000000000
mem[X,0x0000000080009C2C] -> 0x9E93
mem[X,0x0000000080009C2E] -> 0x00BE
[10000] [M]: 0x0000000080009C2C (0x00BE9E93) slli t4, t4, 11
x29 <- 0xFFEAAAAAAAAAA800
mem[X,0x0000000080009C30] -> 0x8E93
mem[X,0x0000000080009C32] -> 0x2AAE
[10001] [M]: 0x0000000080009C30 (0x2AAE8E93) addi t4, t4, 682
x29 <- 0xFFEAAAAAAAAAAAAA
mem[X,0x0000000080009C34] -> 0x9E93
mem[X,0x0000000080009C36] -> 0x00AE
[10002] [M]: 0x0000000080009C34 (0x00AE9E93) slli t4, t4, 10
x29 <- 0xAAAAAAAAAAAAA800
mem[X,0x0000000080009C38] -> 0x8E93
mem[X,0x0000000080009C3A] -> 0x2AAE
[10003] [M]: 0x0000000080009C38 (0x2AAE8E93) addi t4, t4, 682
x29 <- 0xAAAAAAAAAAAAAAAA
mem[X,0x0000000080009C3C] -> 0x4FB3
mem[X,0x0000000080009C3E] -> 0x03DF
[10004] [M]: 0x0000000080009C3C (0x03DF4FB3) div t6, t5, t4
x31 <- 0x0000000000000000
mem[X,0x0000000080009C40] -> 0xBC23
mem[X,0x0000000080009C42] -> 0x41F6
[10005] [M]: 0x0000000080009C40 (0x41F6BC23) sd t6, 1048(a3)
mem[0x000000008000E798] <- 0x0000000000000000
mem[X,0x0000000080009C44] -> 0x0F37
mem[X,0x0000000080009C46] -> 0x0000
[10006] [M]: 0x0000000080009C44 (0x00000F37) lui t5, 0
x30 <- 0x0000000000000000
mem[X,0x0000000080009C48] -> 0x0F13
mem[X,0x0000000080009C4A] -> 0x000F
[10007] [M]: 0x0000000080009C48 (0x000F0F13) addi t5, t5, 0
x30 <- 0x0000000000000000
mem[X,0x0000000080009C4C] -> 0x1F13
mem[X,0x0000000080009C4E] -> 0x00BF
[10008] [M]: 0x0000000080009C4C (0x00BF1F13) slli t5, t5, 11
x30 <- 0x0000000000000000
mem[X,0x0000000080009C50] -> 0x0F13
mem[X,0x0000000080009C52] -> 0x5A8F
[10009] [M]: 0x0000000080009C50 (0x5A8F0F13) addi t5, t5, 1448
x30 <- 0x00000000000005A8
mem[X,0x0000000080009C54] -> 0x1F13
mem[X,0x0000000080009C56] -> 0x00BF
[10010] [M]: 0x0000000080009C54 (0x00BF1F13) slli t5, t5, 11
x30 <- 0x00000000002D4000
mem[X,0x0000000080009C58] -> 0x0F13
mem[X,0x0000000080009C5A] -> 0x13CF
[10011] [M]: 0x0000000080009C58 (0x13CF0F13) addi t5, t5, 316
x30 <- 0x00000000002D413C
mem[X,0x0000000080009C5C] -> 0x1F13
mem[X,0x0000000080009C5E] -> 0x00AF
[10012] [M]: 0x0000000080009C5C (0x00AF1F13) slli t5, t5, 10
x30 <- 0x00000000B504F000
mem[X,0x0000000080009C60] -> 0x0F13
mem[X,0x0000000080009C62] -> 0x334F
[10013] [M]: 0x0000000080009C60 (0x334F0F13) addi t5, t5, 820
x30 <- 0x00000000B504F334
mem[X,0x0000000080009C64] -> 0x0E93
mem[X,0x0000000080009C66] -> 0x0060
[10014] [M]: 0x0000000080009C64 (0x00600E93) addi t4, zero, 6
x29 <- 0x0000000000000006
mem[X,0x0000000080009C68] -> 0x4FB3
mem[X,0x0000000080009C6A] -> 0x03DF
[10015] [M]: 0x0000000080009C68 (0x03DF4FB3) div t6, t5, t4
x31 <- 0x000000001E2B7DDE
mem[X,0x0000000080009C6C] -> 0xB023
mem[X,0x0000000080009C6E] -> 0x43F6
[10016] [M]: 0x0000000080009C6C (0x43F6B023) sd t6, 1056(a3)
mem[0x000000008000E7A0] <- 0x000000001E2B7DDE
mem[X,0x0000000080009C70] -> 0x3F37
mem[X,0x0000000080009C72] -> 0x3333
[10017] [M]: 0x0000000080009C70 (0x33333F37) lui t5, 209715
x30 <- 0x0000000033333000
mem[X,0x0000000080009C74] -> 0x0F13
mem[X,0x0000000080009C76] -> 0x333F
[10018] [M]: 0x0000000080009C74 (0x333F0F13) addi t5, t5, 819
x30 <- 0x0000000033333333
mem[X,0x0000000080009C78] -> 0x1F13
mem[X,0x0000000080009C7A] -> 0x00BF
[10019] [M]: 0x0000000080009C78 (0x00BF1F13) slli t5, t5, 11
x30 <- 0x0000019999999800
mem[X,0x0000000080009C7C] -> 0x0F13
mem[X,0x0000000080009C7E] -> 0x199F
[10020] [M]: 0x0000000080009C7C (0x199F0F13) addi t5, t5, 409
x30 <- 0x0000019999999999
mem[X,0x0000000080009C80] -> 0x1F13
mem[X,0x0000000080009C82] -> 0x00BF
[10021] [M]: 0x0000000080009C80 (0x00BF1F13) slli t5, t5, 11
x30 <- 0x000CCCCCCCCCC800
mem[X,0x0000000080009C84] -> 0x0F13
mem[X,0x0000000080009C86] -> 0x4CCF
[10022] [M]: 0x0000000080009C84 (0x4CCF0F13) addi t5, t5, 1228
x30 <- 0x000CCCCCCCCCCCCC
mem[X,0x0000000080009C88] -> 0x1F13
mem[X,0x0000000080009C8A] -> 0x00AF
[10023] [M]: 0x0000000080009C88 (0x00AF1F13) slli t5, t5, 10
x30 <- 0x3333333333333000
mem[X,0x0000000080009C8C] -> 0x0F13
mem[X,0x0000000080009C8E] -> 0x332F
[10024] [M]: 0x0000000080009C8C (0x332F0F13) addi t5, t5, 818
x30 <- 0x3333333333333332
mem[X,0x0000000080009C90] -> 0x0E93
mem[X,0x0000000080009C92] -> 0x0050
[10025] [M]: 0x0000000080009C90 (0x00500E93) addi t4, zero, 5
x29 <- 0x0000000000000005
mem[X,0x0000000080009C94] -> 0x4FB3
mem[X,0x0000000080009C96] -> 0x03DF
[10026] [M]: 0x0000000080009C94 (0x03DF4FB3) div t6, t5, t4
x31 <- 0x0A3D70A3D70A3D70
mem[X,0x0000000080009C98] -> 0xB423
mem[X,0x0000000080009C9A] -> 0x43F6
[10027] [M]: 0x0000000080009C98 (0x43F6B423) sd t6, 1064(a3)
mem[0x000000008000E7A8] <- 0x0A3D70A3D70A3D70
mem[X,0x0000000080009C9C] -> 0x0F37
mem[X,0x0000000080009C9E] -> 0x0000
[10028] [M]: 0x0000000080009C9C (0x00000F37) lui t5, 0
x30 <- 0x0000000000000000
mem[X,0x0000000080009CA0] -> 0x0F13
mem[X,0x0000000080009CA2] -> 0x000F
[10029] [M]: 0x0000000080009CA0 (0x000F0F13) addi t5, t5, 0
x30 <- 0x0000000000000000
mem[X,0x0000000080009CA4] -> 0x1F13
mem[X,0x0000000080009CA6] -> 0x00BF
[10030] [M]: 0x0000000080009CA4 (0x00BF1F13) slli t5, t5, 11
x30 <- 0x0000000000000000
mem[X,0x0000000080009CA8] -> 0x0F13
mem[X,0x0000000080009CAA] -> 0x5A8F
[10031] [M]: 0x0000000080009CA8 (0x5A8F0F13) addi t5, t5, 1448
x30 <- 0x00000000000005A8
mem[X,0x0000000080009CAC] -> 0x1F13
mem[X,0x0000000080009CAE] -> 0x00BF
[10032] [M]: 0x0000000080009CAC (0x00BF1F13) slli t5, t5, 11
x30 <- 0x00000000002D4000
mem[X,0x0000000080009CB0] -> 0x0F13
mem[X,0x0000000080009CB2] -> 0x13CF
[10033] [M]: 0x0000000080009CB0 (0x13CF0F13) addi t5, t5, 316
x30 <- 0x00000000002D413C
mem[X,0x0000000080009CB4] -> 0x1F13
mem[X,0x0000000080009CB6] -> 0x00AF
[10034] [M]: 0x0000000080009CB4 (0x00AF1F13) slli t5, t5, 10
x30 <- 0x00000000B504F000
mem[X,0x0000000080009CB8] -> 0x0F13
mem[X,0x0000000080009CBA] -> 0x334F
[10035] [M]: 0x0000000080009CB8 (0x334F0F13) addi t5, t5, 820
x30 <- 0x00000000B504F334
mem[X,0x0000000080009CBC] -> 0x3EB7
mem[X,0x0000000080009CBE] -> 0x3333
[10036] [M]: 0x0000000080009CBC (0x33333EB7) lui t4, 209715
x29 <- 0x0000000033333000
mem[X,0x0000000080009CC0] -> 0x8E93
mem[X,0x0000000080009CC2] -> 0x333E
[10037] [M]: 0x0000000080009CC0 (0x333E8E93) addi t4, t4, 819
x29 <- 0x0000000033333333
mem[X,0x0000000080009CC4] -> 0x9E93
mem[X,0x0000000080009CC6] -> 0x00BE
[10038] [M]: 0x0000000080009CC4 (0x00BE9E93) slli t4, t4, 11
x29 <- 0x0000019999999800
mem[X,0x0000000080009CC8] -> 0x8E93
mem[X,0x0000000080009CCA] -> 0x199E
[10039] [M]: 0x0000000080009CC8 (0x199E8E93) addi t4, t4, 409
x29 <- 0x0000019999999999
mem[X,0x0000000080009CCC] -> 0x9E93
mem[X,0x0000000080009CCE] -> 0x00BE
[10040] [M]: 0x0000000080009CCC (0x00BE9E93) slli t4, t4, 11
x29 <- 0x000CCCCCCCCCC800
mem[X,0x0000000080009CD0] -> 0x8E93
mem[X,0x0000000080009CD2] -> 0x4CCE
[10041] [M]: 0x0000000080009CD0 (0x4CCE8E93) addi t4, t4, 1228
x29 <- 0x000CCCCCCCCCCCCC
mem[X,0x0000000080009CD4] -> 0x9E93
mem[X,0x0000000080009CD6] -> 0x00AE
[10042] [M]: 0x0000000080009CD4 (0x00AE9E93) slli t4, t4, 10
x29 <- 0x3333333333333000
mem[X,0x0000000080009CD8] -> 0x8E93
mem[X,0x0000000080009CDA] -> 0x334E
[10043] [M]: 0x0000000080009CD8 (0x334E8E93) addi t4, t4, 820
x29 <- 0x3333333333333334
mem[X,0x0000000080009CDC] -> 0x4FB3
mem[X,0x0000000080009CDE] -> 0x03DF
[10044] [M]: 0x0000000080009CDC (0x03DF4FB3) div t6, t5, t4
x31 <- 0x0000000000000000
mem[X,0x0000000080009CE0] -> 0xB823
mem[X,0x0000000080009CE2] -> 0x43F6
[10045] [M]: 0x0000000080009CE0 (0x43F6B823) sd t6, 1072(a3)
mem[0x000000008000E7B0] <- 0x0000000000000000
mem[X,0x0000000080009CE4] -> 0x3F37
mem[X,0x0000000080009CE6] -> 0x3333
[10046] [M]: 0x0000000080009CE4 (0x33333F37) lui t5, 209715
x30 <- 0x0000000033333000
mem[X,0x0000000080009CE8] -> 0x0F13
mem[X,0x0000000080009CEA] -> 0x333F
[10047] [M]: 0x0000000080009CE8 (0x333F0F13) addi t5, t5, 819
x30 <- 0x0000000033333333
mem[X,0x0000000080009CEC] -> 0x1F13
mem[X,0x0000000080009CEE] -> 0x00BF
[10048] [M]: 0x0000000080009CEC (0x00BF1F13) slli t5, t5, 11
x30 <- 0x0000019999999800
mem[X,0x0000000080009CF0] -> 0x0F13
mem[X,0x0000000080009CF2] -> 0x199F
[10049] [M]: 0x0000000080009CF0 (0x199F0F13) addi t5, t5, 409
x30 <- 0x0000019999999999
mem[X,0x0000000080009CF4] -> 0x1F13
mem[X,0x0000000080009CF6] -> 0x00BF
[10050] [M]: 0x0000000080009CF4 (0x00BF1F13) slli t5, t5, 11
x30 <- 0x000CCCCCCCCCC800
mem[X,0x0000000080009CF8] -> 0x0F13
mem[X,0x0000000080009CFA] -> 0x4CCF
[10051] [M]: 0x0000000080009CF8 (0x4CCF0F13) addi t5, t5, 1228
x30 <- 0x000CCCCCCCCCCCCC
mem[X,0x0000000080009CFC] -> 0x1F13
mem[X,0x0000000080009CFE] -> 0x00AF
[10052] [M]: 0x0000000080009CFC (0x00AF1F13) slli t5, t5, 10
x30 <- 0x3333333333333000
mem[X,0x0000000080009D00] -> 0x0F13
mem[X,0x0000000080009D02] -> 0x332F
[10053] [M]: 0x0000000080009D00 (0x332F0F13) addi t5, t5, 818
x30 <- 0x3333333333333332
mem[X,0x0000000080009D04] -> 0x3EB7
mem[X,0x0000000080009D06] -> 0x3333
[10054] [M]: 0x0000000080009D04 (0x33333EB7) lui t4, 209715
x29 <- 0x0000000033333000
mem[X,0x0000000080009D08] -> 0x8E93
mem[X,0x0000000080009D0A] -> 0x333E
[10055] [M]: 0x0000000080009D08 (0x333E8E93) addi t4, t4, 819
x29 <- 0x0000000033333333
mem[X,0x0000000080009D0C] -> 0x9E93
mem[X,0x0000000080009D0E] -> 0x00BE
[10056] [M]: 0x0000000080009D0C (0x00BE9E93) slli t4, t4, 11
x29 <- 0x0000019999999800
mem[X,0x0000000080009D10] -> 0x8E93
mem[X,0x0000000080009D12] -> 0x199E
[10057] [M]: 0x0000000080009D10 (0x199E8E93) addi t4, t4, 409
x29 <- 0x0000019999999999
mem[X,0x0000000080009D14] -> 0x9E93
mem[X,0x0000000080009D16] -> 0x00BE
[10058] [M]: 0x0000000080009D14 (0x00BE9E93) slli t4, t4, 11
x29 <- 0x000CCCCCCCCCC800
mem[X,0x0000000080009D18] -> 0x8E93
mem[X,0x0000000080009D1A] -> 0x4CCE
[10059] [M]: 0x0000000080009D18 (0x4CCE8E93) addi t4, t4, 1228
x29 <- 0x000CCCCCCCCCCCCC
mem[X,0x0000000080009D1C] -> 0x9E93
mem[X,0x0000000080009D1E] -> 0x00AE
[10060] [M]: 0x0000000080009D1C (0x00AE9E93) slli t4, t4, 10
x29 <- 0x3333333333333000
mem[X,0x0000000080009D20] -> 0x8E93
mem[X,0x0000000080009D22] -> 0x333E
[10061] [M]: 0x0000000080009D20 (0x333E8E93) addi t4, t4, 819
x29 <- 0x3333333333333333
mem[X,0x0000000080009D24] -> 0x4FB3
mem[X,0x0000000080009D26] -> 0x03DF
[10062] [M]: 0x0000000080009D24 (0x03DF4FB3) div t6, t5, t4
x31 <- 0x0000000000000000
mem[X,0x0000000080009D28] -> 0xBC23
mem[X,0x0000000080009D2A] -> 0x43F6
[10063] [M]: 0x0000000080009D28 (0x43F6BC23) sd t6, 1080(a3)
mem[0x000000008000E7B8] <- 0x0000000000000000
mem[X,0x0000000080009D2C] -> 0x0F37
mem[X,0x0000000080009D2E] -> 0x0000
[10064] [M]: 0x0000000080009D2C (0x00000F37) lui t5, 0
x30 <- 0x0000000000000000
mem[X,0x0000000080009D30] -> 0x0F13
mem[X,0x0000000080009D32] -> 0x000F
[10065] [M]: 0x0000000080009D30 (0x000F0F13) addi t5, t5, 0
x30 <- 0x0000000000000000
mem[X,0x0000000080009D34] -> 0x1F13
mem[X,0x0000000080009D36] -> 0x00BF
[10066] [M]: 0x0000000080009D34 (0x00BF1F13) slli t5, t5, 11
x30 <- 0x0000000000000000
mem[X,0x0000000080009D38] -> 0x0F13
mem[X,0x0000000080009D3A] -> 0x5A8F
[10067] [M]: 0x0000000080009D38 (0x5A8F0F13) addi t5, t5, 1448
x30 <- 0x00000000000005A8
mem[X,0x0000000080009D3C] -> 0x1F13
mem[X,0x0000000080009D3E] -> 0x00BF
[10068] [M]: 0x0000000080009D3C (0x00BF1F13) slli t5, t5, 11
x30 <- 0x00000000002D4000
mem[X,0x0000000080009D40] -> 0x0F13
mem[X,0x0000000080009D42] -> 0x13CF
[10069] [M]: 0x0000000080009D40 (0x13CF0F13) addi t5, t5, 316
x30 <- 0x00000000002D413C
mem[X,0x0000000080009D44] -> 0x1F13
mem[X,0x0000000080009D46] -> 0x00AF
[10070] [M]: 0x0000000080009D44 (0x00AF1F13) slli t5, t5, 10
x30 <- 0x00000000B504F000
mem[X,0x0000000080009D48] -> 0x0F13
mem[X,0x0000000080009D4A] -> 0x334F
[10071] [M]: 0x0000000080009D48 (0x334F0F13) addi t5, t5, 820
x30 <- 0x00000000B504F334
mem[X,0x0000000080009D4C] -> 0x6EB7
mem[X,0x0000000080009D4E] -> 0x6666
[10072] [M]: 0x0000000080009D4C (0x66666EB7) lui t4, 419430
x29 <- 0x0000000066666000
mem[X,0x0000000080009D50] -> 0x8E93
mem[X,0x0000000080009D52] -> 0x666E
[10073] [M]: 0x0000000080009D50 (0x666E8E93) addi t4, t4, 1638
x29 <- 0x0000000066666666
mem[X,0x0000000080009D54] -> 0x9E93
mem[X,0x0000000080009D56] -> 0x00BE
[10074] [M]: 0x0000000080009D54 (0x00BE9E93) slli t4, t4, 11
x29 <- 0x0000033333333000
mem[X,0x0000000080009D58] -> 0x8E93
mem[X,0x0000000080009D5A] -> 0x333E
[10075] [M]: 0x0000000080009D58 (0x333E8E93) addi t4, t4, 819
x29 <- 0x0000033333333333
mem[X,0x0000000080009D5C] -> 0x9E93
mem[X,0x0000000080009D5E] -> 0x00BE
[10076] [M]: 0x0000000080009D5C (0x00BE9E93) slli t4, t4, 11
x29 <- 0x0019999999999800
mem[X,0x0000000080009D60] -> 0x8E93
mem[X,0x0000000080009D62] -> 0x199E
[10077] [M]: 0x0000000080009D60 (0x199E8E93) addi t4, t4, 409
x29 <- 0x0019999999999999
mem[X,0x0000000080009D64] -> 0x9E93
mem[X,0x0000000080009D66] -> 0x00AE
[10078] [M]: 0x0000000080009D64 (0x00AE9E93) slli t4, t4, 10
x29 <- 0x6666666666666400
mem[X,0x0000000080009D68] -> 0x8E93
mem[X,0x0000000080009D6A] -> 0x267E
[10079] [M]: 0x0000000080009D68 (0x267E8E93) addi t4, t4, 615
x29 <- 0x6666666666666667
mem[X,0x0000000080009D6C] -> 0x4FB3
mem[X,0x0000000080009D6E] -> 0x03DF
[10080] [M]: 0x0000000080009D6C (0x03DF4FB3) div t6, t5, t4
x31 <- 0x0000000000000000
mem[X,0x0000000080009D70] -> 0xB023
mem[X,0x0000000080009D72] -> 0x45F6
[10081] [M]: 0x0000000080009D70 (0x45F6B023) sd t6, 1088(a3)
mem[0x000000008000E7C0] <- 0x0000000000000000
mem[X,0x0000000080009D74] -> 0x3F37
mem[X,0x0000000080009D76] -> 0x3333
[10082] [M]: 0x0000000080009D74 (0x33333F37) lui t5, 209715
x30 <- 0x0000000033333000
mem[X,0x0000000080009D78] -> 0x0F13
mem[X,0x0000000080009D7A] -> 0x333F
[10083] [M]: 0x0000000080009D78 (0x333F0F13) addi t5, t5, 819
x30 <- 0x0000000033333333
mem[X,0x0000000080009D7C] -> 0x1F13
mem[X,0x0000000080009D7E] -> 0x00BF
[10084] [M]: 0x0000000080009D7C (0x00BF1F13) slli t5, t5, 11
x30 <- 0x0000019999999800
mem[X,0x0000000080009D80] -> 0x0F13
mem[X,0x0000000080009D82] -> 0x199F
[10085] [M]: 0x0000000080009D80 (0x199F0F13) addi t5, t5, 409
x30 <- 0x0000019999999999
mem[X,0x0000000080009D84] -> 0x1F13
mem[X,0x0000000080009D86] -> 0x00BF
[10086] [M]: 0x0000000080009D84 (0x00BF1F13) slli t5, t5, 11
x30 <- 0x000CCCCCCCCCC800
mem[X,0x0000000080009D88] -> 0x0F13
mem[X,0x0000000080009D8A] -> 0x4CCF
[10087] [M]: 0x0000000080009D88 (0x4CCF0F13) addi t5, t5, 1228
x30 <- 0x000CCCCCCCCCCCCC
mem[X,0x0000000080009D8C] -> 0x1F13
mem[X,0x0000000080009D8E] -> 0x00AF
[10088] [M]: 0x0000000080009D8C (0x00AF1F13) slli t5, t5, 10
x30 <- 0x3333333333333000
mem[X,0x0000000080009D90] -> 0x0F13
mem[X,0x0000000080009D92] -> 0x332F
[10089] [M]: 0x0000000080009D90 (0x332F0F13) addi t5, t5, 818
x30 <- 0x3333333333333332
mem[X,0x0000000080009D94] -> 0x6EB7
mem[X,0x0000000080009D96] -> 0x6666
[10090] [M]: 0x0000000080009D94 (0x66666EB7) lui t4, 419430
x29 <- 0x0000000066666000
mem[X,0x0000000080009D98] -> 0x8E93
mem[X,0x0000000080009D9A] -> 0x666E
[10091] [M]: 0x0000000080009D98 (0x666E8E93) addi t4, t4, 1638
x29 <- 0x0000000066666666
mem[X,0x0000000080009D9C] -> 0x9E93
mem[X,0x0000000080009D9E] -> 0x00BE
[10092] [M]: 0x0000000080009D9C (0x00BE9E93) slli t4, t4, 11
x29 <- 0x0000033333333000
mem[X,0x0000000080009DA0] -> 0x8E93
mem[X,0x0000000080009DA2] -> 0x333E
[10093] [M]: 0x0000000080009DA0 (0x333E8E93) addi t4, t4, 819
x29 <- 0x0000033333333333
mem[X,0x0000000080009DA4] -> 0x9E93
mem[X,0x0000000080009DA6] -> 0x00BE
[10094] [M]: 0x0000000080009DA4 (0x00BE9E93) slli t4, t4, 11
x29 <- 0x0019999999999800
mem[X,0x0000000080009DA8] -> 0x8E93
mem[X,0x0000000080009DAA] -> 0x199E
[10095] [M]: 0x0000000080009DA8 (0x199E8E93) addi t4, t4, 409
x29 <- 0x0019999999999999
mem[X,0x0000000080009DAC] -> 0x9E93
mem[X,0x0000000080009DAE] -> 0x00AE
[10096] [M]: 0x0000000080009DAC (0x00AE9E93) slli t4, t4, 10
x29 <- 0x6666666666666400
mem[X,0x0000000080009DB0] -> 0x8E93
mem[X,0x0000000080009DB2] -> 0x266E
[10097] [M]: 0x0000000080009DB0 (0x266E8E93) addi t4, t4, 614
x29 <- 0x6666666666666666
mem[X,0x0000000080009DB4] -> 0x4FB3
mem[X,0x0000000080009DB6] -> 0x03DF
[10098] [M]: 0x0000000080009DB4 (0x03DF4FB3) div t6, t5, t4
x31 <- 0x0000000000000000
mem[X,0x0000000080009DB8] -> 0xB423
mem[X,0x0000000080009DBA] -> 0x45F6
[10099] [M]: 0x0000000080009DB8 (0x45F6B423) sd t6, 1096(a3)
mem[0x000000008000E7C8] <- 0x0000000000000000
clint::tick mtime <- 0x0000000000000065
 clint timer pending at mtime 0x0000000000000065
htif::tick 0x0000000000000000
mem[X,0x0000000080009DBC] -> 0x0F37
mem[X,0x0000000080009DBE] -> 0x0000
[10100] [M]: 0x0000000080009DBC (0x00000F37) lui t5, 0
x30 <- 0x0000000000000000
mem[X,0x0000000080009DC0] -> 0x0F13
mem[X,0x0000000080009DC2] -> 0x000F
[10101] [M]: 0x0000000080009DC0 (0x000F0F13) addi t5, t5, 0
x30 <- 0x0000000000000000
mem[X,0x0000000080009DC4] -> 0x1F13
mem[X,0x0000000080009DC6] -> 0x00BF
[10102] [M]: 0x0000000080009DC4 (0x00BF1F13) slli t5, t5, 11
x30 <- 0x0000000000000000
mem[X,0x0000000080009DC8] -> 0x0F13
mem[X,0x0000000080009DCA] -> 0x5A8F
[10103] [M]: 0x0000000080009DC8 (0x5A8F0F13) addi t5, t5, 1448
x30 <- 0x00000000000005A8
mem[X,0x0000000080009DCC] -> 0x1F13
mem[X,0x0000000080009DCE] -> 0x00BF
[10104] [M]: 0x0000000080009DCC (0x00BF1F13) slli t5, t5, 11
x30 <- 0x00000000002D4000
mem[X,0x0000000080009DD0] -> 0x0F13
mem[X,0x0000000080009DD2] -> 0x13CF
[10105] [M]: 0x0000000080009DD0 (0x13CF0F13) addi t5, t5, 316
x30 <- 0x00000000002D413C
mem[X,0x0000000080009DD4] -> 0x1F13
mem[X,0x0000000080009DD6] -> 0x00AF
[10106] [M]: 0x0000000080009DD4 (0x00AF1F13) slli t5, t5, 10
x30 <- 0x00000000B504F000
mem[X,0x0000000080009DD8] -> 0x0F13
mem[X,0x0000000080009DDA] -> 0x334F
[10107] [M]: 0x0000000080009DD8 (0x334F0F13) addi t5, t5, 820
x30 <- 0x00000000B504F334
mem[X,0x0000000080009DDC] -> 0x0EB7
mem[X,0x0000000080009DDE] -> 0x0000
[10108] [M]: 0x0000000080009DDC (0x00000EB7) lui t4, 0
x29 <- 0x0000000000000000
mem[X,0x0000000080009DE0] -> 0x8E93
mem[X,0x0000000080009DE2] -> 0x000E
[10109] [M]: 0x0000000080009DE0 (0x000E8E93) addi t4, t4, 0
x29 <- 0x0000000000000000
mem[X,0x0000000080009DE4] -> 0x9E93
mem[X,0x0000000080009DE6] -> 0x00BE
[10110] [M]: 0x0000000080009DE4 (0x00BE9E93) slli t4, t4, 11
x29 <- 0x0000000000000000
mem[X,0x0000000080009DE8] -> 0x8E93
mem[X,0x0000000080009DEA] -> 0x5A8E
[10111] [M]: 0x0000000080009DE8 (0x5A8E8E93) addi t4, t4, 1448
x29 <- 0x00000000000005A8
mem[X,0x0000000080009DEC] -> 0x9E93
mem[X,0x0000000080009DEE] -> 0x00BE
[10112] [M]: 0x0000000080009DEC (0x00BE9E93) slli t4, t4, 11
x29 <- 0x00000000002D4000
mem[X,0x0000000080009DF0] -> 0x8E93
mem[X,0x0000000080009DF2] -> 0x13CE
[10113] [M]: 0x0000000080009DF0 (0x13CE8E93) addi t4, t4, 316
x29 <- 0x00000000002D413C
mem[X,0x0000000080009DF4] -> 0x9E93
mem[X,0x0000000080009DF6] -> 0x00AE
[10114] [M]: 0x0000000080009DF4 (0x00AE9E93) slli t4, t4, 10
x29 <- 0x00000000B504F000
mem[X,0x0000000080009DF8] -> 0x8E93
mem[X,0x0000000080009DFA] -> 0x334E
[10115] [M]: 0x0000000080009DF8 (0x334E8E93) addi t4, t4, 820
x29 <- 0x00000000B504F334
mem[X,0x0000000080009DFC] -> 0x4FB3
mem[X,0x0000000080009DFE] -> 0x03DF
[10116] [M]: 0x0000000080009DFC (0x03DF4FB3) div t6, t5, t4
x31 <- 0x0000000000000001
mem[X,0x0000000080009E00] -> 0xB823
mem[X,0x0000000080009E02] -> 0x45F6
[10117] [M]: 0x0000000080009E00 (0x45F6B823) sd t6, 1104(a3)
mem[0x000000008000E7D0] <- 0x0000000000000001
mem[X,0x0000000080009E04] -> 0x3F37
mem[X,0x0000000080009E06] -> 0x3333
[10118] [M]: 0x0000000080009E04 (0x33333F37) lui t5, 209715
x30 <- 0x0000000033333000
mem[X,0x0000000080009E08] -> 0x0F13
mem[X,0x0000000080009E0A] -> 0x333F
[10119] [M]: 0x0000000080009E08 (0x333F0F13) addi t5, t5, 819
x30 <- 0x0000000033333333
mem[X,0x0000000080009E0C] -> 0x1F13
mem[X,0x0000000080009E0E] -> 0x00BF
[10120] [M]: 0x0000000080009E0C (0x00BF1F13) slli t5, t5, 11
x30 <- 0x0000019999999800
mem[X,0x0000000080009E10] -> 0x0F13
mem[X,0x0000000080009E12] -> 0x199F
[10121] [M]: 0x0000000080009E10 (0x199F0F13) addi t5, t5, 409
x30 <- 0x0000019999999999
mem[X,0x0000000080009E14] -> 0x1F13
mem[X,0x0000000080009E16] -> 0x00BF
[10122] [M]: 0x0000000080009E14 (0x00BF1F13) slli t5, t5, 11
x30 <- 0x000CCCCCCCCCC800
mem[X,0x0000000080009E18] -> 0x0F13
mem[X,0x0000000080009E1A] -> 0x4CCF
[10123] [M]: 0x0000000080009E18 (0x4CCF0F13) addi t5, t5, 1228
x30 <- 0x000CCCCCCCCCCCCC
mem[X,0x0000000080009E1C] -> 0x1F13
mem[X,0x0000000080009E1E] -> 0x00AF
[10124] [M]: 0x0000000080009E1C (0x00AF1F13) slli t5, t5, 10
x30 <- 0x3333333333333000
mem[X,0x0000000080009E20] -> 0x0F13
mem[X,0x0000000080009E22] -> 0x332F
[10125] [M]: 0x0000000080009E20 (0x332F0F13) addi t5, t5, 818
x30 <- 0x3333333333333332
mem[X,0x0000000080009E24] -> 0x0E93
mem[X,0x0000000080009E26] -> 0x0020
[10126] [M]: 0x0000000080009E24 (0x00200E93) addi t4, zero, 2
x29 <- 0x0000000000000002
mem[X,0x0000000080009E28] -> 0x4FB3
mem[X,0x0000000080009E2A] -> 0x03DF
[10127] [M]: 0x0000000080009E28 (0x03DF4FB3) div t6, t5, t4
x31 <- 0x1999999999999999
mem[X,0x0000000080009E2C] -> 0xBC23
mem[X,0x0000000080009E2E] -> 0x45F6
[10128] [M]: 0x0000000080009E2C (0x45F6BC23) sd t6, 1112(a3)
mem[0x000000008000E7D8] <- 0x1999999999999999
mem[X,0x0000000080009E30] -> 0x3F37
mem[X,0x0000000080009E32] -> 0x3333
[10129] [M]: 0x0000000080009E30 (0x33333F37) lui t5, 209715
x30 <- 0x0000000033333000
mem[X,0x0000000080009E34] -> 0x0F13
mem[X,0x0000000080009E36] -> 0x333F
[10130] [M]: 0x0000000080009E34 (0x333F0F13) addi t5, t5, 819
x30 <- 0x0000000033333333
mem[X,0x0000000080009E38] -> 0x1F13
mem[X,0x0000000080009E3A] -> 0x00BF
[10131] [M]: 0x0000000080009E38 (0x00BF1F13) slli t5, t5, 11
x30 <- 0x0000019999999800
mem[X,0x0000000080009E3C] -> 0x0F13
mem[X,0x0000000080009E3E] -> 0x199F
[10132] [M]: 0x0000000080009E3C (0x199F0F13) addi t5, t5, 409
x30 <- 0x0000019999999999
mem[X,0x0000000080009E40] -> 0x1F13
mem[X,0x0000000080009E42] -> 0x00BF
[10133] [M]: 0x0000000080009E40 (0x00BF1F13) slli t5, t5, 11
x30 <- 0x000CCCCCCCCCC800
mem[X,0x0000000080009E44] -> 0x0F13
mem[X,0x0000000080009E46] -> 0x4CCF
[10134] [M]: 0x0000000080009E44 (0x4CCF0F13) addi t5, t5, 1228
x30 <- 0x000CCCCCCCCCCCCC
mem[X,0x0000000080009E48] -> 0x1F13
mem[X,0x0000000080009E4A] -> 0x00AF
[10135] [M]: 0x0000000080009E48 (0x00AF1F13) slli t5, t5, 10
x30 <- 0x3333333333333000
mem[X,0x0000000080009E4C] -> 0x0F13
mem[X,0x0000000080009E4E] -> 0x332F
[10136] [M]: 0x0000000080009E4C (0x332F0F13) addi t5, t5, 818
x30 <- 0x3333333333333332
mem[X,0x0000000080009E50] -> 0x5EB7
mem[X,0x0000000080009E52] -> 0x5555
[10137] [M]: 0x0000000080009E50 (0x55555EB7) lui t4, 349525
x29 <- 0x0000000055555000
mem[X,0x0000000080009E54] -> 0x8E93
mem[X,0x0000000080009E56] -> 0x555E
[10138] [M]: 0x0000000080009E54 (0x555E8E93) addi t4, t4, 1365
x29 <- 0x0000000055555555
mem[X,0x0000000080009E58] -> 0x9E93
mem[X,0x0000000080009E5A] -> 0x00BE
[10139] [M]: 0x0000000080009E58 (0x00BE9E93) slli t4, t4, 11
x29 <- 0x000002AAAAAAA800
mem[X,0x0000000080009E5C] -> 0x8E93
mem[X,0x0000000080009E5E] -> 0x2AAE
[10140] [M]: 0x0000000080009E5C (0x2AAE8E93) addi t4, t4, 682
x29 <- 0x000002AAAAAAAAAA
mem[X,0x0000000080009E60] -> 0x9E93
mem[X,0x0000000080009E62] -> 0x00BE
[10141] [M]: 0x0000000080009E60 (0x00BE9E93) slli t4, t4, 11
x29 <- 0x0015555555555000
mem[X,0x0000000080009E64] -> 0x8E93
mem[X,0x0000000080009E66] -> 0x555E
[10142] [M]: 0x0000000080009E64 (0x555E8E93) addi t4, t4, 1365
x29 <- 0x0015555555555555
mem[X,0x0000000080009E68] -> 0x9E93
mem[X,0x0000000080009E6A] -> 0x00AE
[10143] [M]: 0x0000000080009E68 (0x00AE9E93) slli t4, t4, 10
x29 <- 0x5555555555555400
mem[X,0x0000000080009E6C] -> 0x8E93
mem[X,0x0000000080009E6E] -> 0x154E
[10144] [M]: 0x0000000080009E6C (0x154E8E93) addi t4, t4, 340
x29 <- 0x5555555555555554
mem[X,0x0000000080009E70] -> 0x4FB3
mem[X,0x0000000080009E72] -> 0x03DF
[10145] [M]: 0x0000000080009E70 (0x03DF4FB3) div t6, t5, t4
x31 <- 0x0000000000000000
mem[X,0x0000000080009E74] -> 0xB023
mem[X,0x0000000080009E76] -> 0x47F6
[10146] [M]: 0x0000000080009E74 (0x47F6B023) sd t6, 1120(a3)
mem[0x000000008000E7E0] <- 0x0000000000000000
mem[X,0x0000000080009E78] -> 0x3F37
mem[X,0x0000000080009E7A] -> 0x3333
[10147] [M]: 0x0000000080009E78 (0x33333F37) lui t5, 209715
x30 <- 0x0000000033333000
mem[X,0x0000000080009E7C] -> 0x0F13
mem[X,0x0000000080009E7E] -> 0x333F
[10148] [M]: 0x0000000080009E7C (0x333F0F13) addi t5, t5, 819
x30 <- 0x0000000033333333
mem[X,0x0000000080009E80] -> 0x1F13
mem[X,0x0000000080009E82] -> 0x00BF
[10149] [M]: 0x0000000080009E80 (0x00BF1F13) slli t5, t5, 11
x30 <- 0x0000019999999800
mem[X,0x0000000080009E84] -> 0x0F13
mem[X,0x0000000080009E86] -> 0x199F
[10150] [M]: 0x0000000080009E84 (0x199F0F13) addi t5, t5, 409
x30 <- 0x0000019999999999
mem[X,0x0000000080009E88] -> 0x1F13
mem[X,0x0000000080009E8A] -> 0x00BF
[10151] [M]: 0x0000000080009E88 (0x00BF1F13) slli t5, t5, 11
x30 <- 0x000CCCCCCCCCC800
mem[X,0x0000000080009E8C] -> 0x0F13
mem[X,0x0000000080009E8E] -> 0x4CCF
[10152] [M]: 0x0000000080009E8C (0x4CCF0F13) addi t5, t5, 1228
x30 <- 0x000CCCCCCCCCCCCC
mem[X,0x0000000080009E90] -> 0x1F13
mem[X,0x0000000080009E92] -> 0x00AF
[10153] [M]: 0x0000000080009E90 (0x00AF1F13) slli t5, t5, 10
x30 <- 0x3333333333333000
mem[X,0x0000000080009E94] -> 0x0F13
mem[X,0x0000000080009E96] -> 0x332F
[10154] [M]: 0x0000000080009E94 (0x332F0F13) addi t5, t5, 818
x30 <- 0x3333333333333332
mem[X,0x0000000080009E98] -> 0x3EB7
mem[X,0x0000000080009E9A] -> 0x3333
[10155] [M]: 0x0000000080009E98 (0x33333EB7) lui t4, 209715
x29 <- 0x0000000033333000
mem[X,0x0000000080009E9C] -> 0x8E93
mem[X,0x0000000080009E9E] -> 0x333E
[10156] [M]: 0x0000000080009E9C (0x333E8E93) addi t4, t4, 819
x29 <- 0x0000000033333333
mem[X,0x0000000080009EA0] -> 0x9E93
mem[X,0x0000000080009EA2] -> 0x00BE
[10157] [M]: 0x0000000080009EA0 (0x00BE9E93) slli t4, t4, 11
x29 <- 0x0000019999999800
mem[X,0x0000000080009EA4] -> 0x8E93
mem[X,0x0000000080009EA6] -> 0x199E
[10158] [M]: 0x0000000080009EA4 (0x199E8E93) addi t4, t4, 409
x29 <- 0x0000019999999999
mem[X,0x0000000080009EA8] -> 0x9E93
mem[X,0x0000000080009EAA] -> 0x00BE
[10159] [M]: 0x0000000080009EA8 (0x00BE9E93) slli t4, t4, 11
x29 <- 0x000CCCCCCCCCC800
mem[X,0x0000000080009EAC] -> 0x8E93
mem[X,0x0000000080009EAE] -> 0x4CCE
[10160] [M]: 0x0000000080009EAC (0x4CCE8E93) addi t4, t4, 1228
x29 <- 0x000CCCCCCCCCCCCC
mem[X,0x0000000080009EB0] -> 0x9E93
mem[X,0x0000000080009EB2] -> 0x00AE
[10161] [M]: 0x0000000080009EB0 (0x00AE9E93) slli t4, t4, 10
x29 <- 0x3333333333333000
mem[X,0x0000000080009EB4] -> 0x8E93
mem[X,0x0000000080009EB6] -> 0x332E
[10162] [M]: 0x0000000080009EB4 (0x332E8E93) addi t4, t4, 818
x29 <- 0x3333333333333332
mem[X,0x0000000080009EB8] -> 0x4FB3
mem[X,0x0000000080009EBA] -> 0x03DF
[10163] [M]: 0x0000000080009EB8 (0x03DF4FB3) div t6, t5, t4
x31 <- 0x0000000000000001
mem[X,0x0000000080009EBC] -> 0xB423
mem[X,0x0000000080009EBE] -> 0x47F6
[10164] [M]: 0x0000000080009EBC (0x47F6B423) sd t6, 1128(a3)
mem[0x000000008000E7E8] <- 0x0000000000000001
mem[X,0x0000000080009EC0] -> 0x3F37
mem[X,0x0000000080009EC2] -> 0x3333
[10165] [M]: 0x0000000080009EC0 (0x33333F37) lui t5, 209715
x30 <- 0x0000000033333000
mem[X,0x0000000080009EC4] -> 0x0F13
mem[X,0x0000000080009EC6] -> 0x333F
[10166] [M]: 0x0000000080009EC4 (0x333F0F13) addi t5, t5, 819
x30 <- 0x0000000033333333
mem[X,0x0000000080009EC8] -> 0x1F13
mem[X,0x0000000080009ECA] -> 0x00BF
[10167] [M]: 0x0000000080009EC8 (0x00BF1F13) slli t5, t5, 11
x30 <- 0x0000019999999800
mem[X,0x0000000080009ECC] -> 0x0F13
mem[X,0x0000000080009ECE] -> 0x199F
[10168] [M]: 0x0000000080009ECC (0x199F0F13) addi t5, t5, 409
x30 <- 0x0000019999999999
mem[X,0x0000000080009ED0] -> 0x1F13
mem[X,0x0000000080009ED2] -> 0x00BF
[10169] [M]: 0x0000000080009ED0 (0x00BF1F13) slli t5, t5, 11
x30 <- 0x000CCCCCCCCCC800
mem[X,0x0000000080009ED4] -> 0x0F13
mem[X,0x0000000080009ED6] -> 0x4CCF
[10170] [M]: 0x0000000080009ED4 (0x4CCF0F13) addi t5, t5, 1228
x30 <- 0x000CCCCCCCCCCCCC
mem[X,0x0000000080009ED8] -> 0x1F13
mem[X,0x0000000080009EDA] -> 0x00AF
[10171] [M]: 0x0000000080009ED8 (0x00AF1F13) slli t5, t5, 10
x30 <- 0x3333333333333000
mem[X,0x0000000080009EDC] -> 0x0F13
mem[X,0x0000000080009EDE] -> 0x332F
[10172] [M]: 0x0000000080009EDC (0x332F0F13) addi t5, t5, 818
x30 <- 0x3333333333333332
mem[X,0x0000000080009EE0] -> 0x6EB7
mem[X,0x0000000080009EE2] -> 0x6666
[10173] [M]: 0x0000000080009EE0 (0x66666EB7) lui t4, 419430
x29 <- 0x0000000066666000
mem[X,0x0000000080009EE4] -> 0x8E93
mem[X,0x0000000080009EE6] -> 0x666E
[10174] [M]: 0x0000000080009EE4 (0x666E8E93) addi t4, t4, 1638
x29 <- 0x0000000066666666
mem[X,0x0000000080009EE8] -> 0x9E93
mem[X,0x0000000080009EEA] -> 0x00BE
[10175] [M]: 0x0000000080009EE8 (0x00BE9E93) slli t4, t4, 11
x29 <- 0x0000033333333000
mem[X,0x0000000080009EEC] -> 0x8E93
mem[X,0x0000000080009EEE] -> 0x333E
[10176] [M]: 0x0000000080009EEC (0x333E8E93) addi t4, t4, 819
x29 <- 0x0000033333333333
mem[X,0x0000000080009EF0] -> 0x9E93
mem[X,0x0000000080009EF2] -> 0x00BE
[10177] [M]: 0x0000000080009EF0 (0x00BE9E93) slli t4, t4, 11
x29 <- 0x0019999999999800
mem[X,0x0000000080009EF4] -> 0x8E93
mem[X,0x0000000080009EF6] -> 0x199E
[10178] [M]: 0x0000000080009EF4 (0x199E8E93) addi t4, t4, 409
x29 <- 0x0019999999999999
mem[X,0x0000000080009EF8] -> 0x9E93
mem[X,0x0000000080009EFA] -> 0x00AE
[10179] [M]: 0x0000000080009EF8 (0x00AE9E93) slli t4, t4, 10
x29 <- 0x6666666666666400
mem[X,0x0000000080009EFC] -> 0x8E93
mem[X,0x0000000080009EFE] -> 0x265E
[10180] [M]: 0x0000000080009EFC (0x265E8E93) addi t4, t4, 613
x29 <- 0x6666666666666665
mem[X,0x0000000080009F00] -> 0x4FB3
mem[X,0x0000000080009F02] -> 0x03DF
[10181] [M]: 0x0000000080009F00 (0x03DF4FB3) div t6, t5, t4
x31 <- 0x0000000000000000
mem[X,0x0000000080009F04] -> 0xB823
mem[X,0x0000000080009F06] -> 0x47F6
[10182] [M]: 0x0000000080009F04 (0x47F6B823) sd t6, 1136(a3)
mem[0x000000008000E7F0] <- 0x0000000000000000
mem[X,0x0000000080009F08] -> 0x3F37
mem[X,0x0000000080009F0A] -> 0x3333
[10183] [M]: 0x0000000080009F08 (0x33333F37) lui t5, 209715
x30 <- 0x0000000033333000
mem[X,0x0000000080009F0C] -> 0x0F13
mem[X,0x0000000080009F0E] -> 0x333F
[10184] [M]: 0x0000000080009F0C (0x333F0F13) addi t5, t5, 819
x30 <- 0x0000000033333333
mem[X,0x0000000080009F10] -> 0x1F13
mem[X,0x0000000080009F12] -> 0x00BF
[10185] [M]: 0x0000000080009F10 (0x00BF1F13) slli t5, t5, 11
x30 <- 0x0000019999999800
mem[X,0x0000000080009F14] -> 0x0F13
mem[X,0x0000000080009F16] -> 0x199F
[10186] [M]: 0x0000000080009F14 (0x199F0F13) addi t5, t5, 409
x30 <- 0x0000019999999999
mem[X,0x0000000080009F18] -> 0x1F13
mem[X,0x0000000080009F1A] -> 0x00BF
[10187] [M]: 0x0000000080009F18 (0x00BF1F13) slli t5, t5, 11
x30 <- 0x000CCCCCCCCCC800
mem[X,0x0000000080009F1C] -> 0x0F13
mem[X,0x0000000080009F1E] -> 0x4CCF
[10188] [M]: 0x0000000080009F1C (0x4CCF0F13) addi t5, t5, 1228
x30 <- 0x000CCCCCCCCCCCCC
mem[X,0x0000000080009F20] -> 0x1F13
mem[X,0x0000000080009F22] -> 0x00AF
[10189] [M]: 0x0000000080009F20 (0x00AF1F13) slli t5, t5, 10
x30 <- 0x3333333333333000
mem[X,0x0000000080009F24] -> 0x0F13
mem[X,0x0000000080009F26] -> 0x332F
[10190] [M]: 0x0000000080009F24 (0x332F0F13) addi t5, t5, 818
x30 <- 0x3333333333333332
mem[X,0x0000000080009F28] -> 0x0E93
mem[X,0x0000000080009F2A] -> 0x0000
[10191] [M]: 0x0000000080009F28 (0x00000E93) addi t4, zero, 0
x29 <- 0x0000000000000000
mem[X,0x0000000080009F2C] -> 0x4FB3
mem[X,0x0000000080009F2E] -> 0x03DF
[10192] [M]: 0x0000000080009F2C (0x03DF4FB3) div t6, t5, t4
x31 <- 0xFFFFFFFFFFFFFFFF
mem[X,0x0000000080009F30] -> 0xBC23
mem[X,0x0000000080009F32] -> 0x47F6
[10193] [M]: 0x0000000080009F30 (0x47F6BC23) sd t6, 1144(a3)
mem[0x000000008000E7F8] <- 0xFFFFFFFFFFFFFFFF
mem[X,0x0000000080009F34] -> 0x3F37
mem[X,0x0000000080009F36] -> 0x3333
[10194] [M]: 0x0000000080009F34 (0x33333F37) lui t5, 209715
x30 <- 0x0000000033333000
mem[X,0x0000000080009F38] -> 0x0F13
mem[X,0x0000000080009F3A] -> 0x333F
[10195] [M]: 0x0000000080009F38 (0x333F0F13) addi t5, t5, 819
x30 <- 0x0000000033333333
mem[X,0x0000000080009F3C] -> 0x1F13
mem[X,0x0000000080009F3E] -> 0x00BF
[10196] [M]: 0x0000000080009F3C (0x00BF1F13) slli t5, t5, 11
x30 <- 0x0000019999999800
mem[X,0x0000000080009F40] -> 0x0F13
mem[X,0x0000000080009F42] -> 0x199F
[10197] [M]: 0x0000000080009F40 (0x199F0F13) addi t5, t5, 409
x30 <- 0x0000019999999999
mem[X,0x0000000080009F44] -> 0x1F13
mem[X,0x0000000080009F46] -> 0x00BF
[10198] [M]: 0x0000000080009F44 (0x00BF1F13) slli t5, t5, 11
x30 <- 0x000CCCCCCCCCC800
mem[X,0x0000000080009F48] -> 0x0F13
mem[X,0x0000000080009F4A] -> 0x4CCF
[10199] [M]: 0x0000000080009F48 (0x4CCF0F13) addi t5, t5, 1228
x30 <- 0x000CCCCCCCCCCCCC
clint::tick mtime <- 0x0000000000000066
 clint timer pending at mtime 0x0000000000000066
htif::tick 0x0000000000000000
mem[X,0x0000000080009F4C] -> 0x1F13
mem[X,0x0000000080009F4E] -> 0x00AF
[10200] [M]: 0x0000000080009F4C (0x00AF1F13) slli t5, t5, 10
x30 <- 0x3333333333333000
mem[X,0x0000000080009F50] -> 0x0F13
mem[X,0x0000000080009F52] -> 0x332F
[10201] [M]: 0x0000000080009F50 (0x332F0F13) addi t5, t5, 818
x30 <- 0x3333333333333332
mem[X,0x0000000080009F54] -> 0x5EB7
mem[X,0x0000000080009F56] -> 0x5555
[10202] [M]: 0x0000000080009F54 (0x55555EB7) lui t4, 349525
x29 <- 0x0000000055555000
mem[X,0x0000000080009F58] -> 0x8E93
mem[X,0x0000000080009F5A] -> 0x555E
[10203] [M]: 0x0000000080009F58 (0x555E8E93) addi t4, t4, 1365
x29 <- 0x0000000055555555
mem[X,0x0000000080009F5C] -> 0x9E93
mem[X,0x0000000080009F5E] -> 0x00BE
[10204] [M]: 0x0000000080009F5C (0x00BE9E93) slli t4, t4, 11
x29 <- 0x000002AAAAAAA800
mem[X,0x0000000080009F60] -> 0x8E93
mem[X,0x0000000080009F62] -> 0x2AAE
[10205] [M]: 0x0000000080009F60 (0x2AAE8E93) addi t4, t4, 682
x29 <- 0x000002AAAAAAAAAA
mem[X,0x0000000080009F64] -> 0x9E93
mem[X,0x0000000080009F66] -> 0x00BE
[10206] [M]: 0x0000000080009F64 (0x00BE9E93) slli t4, t4, 11
x29 <- 0x0015555555555000
mem[X,0x0000000080009F68] -> 0x8E93
mem[X,0x0000000080009F6A] -> 0x555E
[10207] [M]: 0x0000000080009F68 (0x555E8E93) addi t4, t4, 1365
x29 <- 0x0015555555555555
mem[X,0x0000000080009F6C] -> 0x9E93
mem[X,0x0000000080009F6E] -> 0x00AE
[10208] [M]: 0x0000000080009F6C (0x00AE9E93) slli t4, t4, 10
x29 <- 0x5555555555555400
mem[X,0x0000000080009F70] -> 0x8E93
mem[X,0x0000000080009F72] -> 0x156E
[10209] [M]: 0x0000000080009F70 (0x156E8E93) addi t4, t4, 342
x29 <- 0x5555555555555556
mem[X,0x0000000080009F74] -> 0x4FB3
mem[X,0x0000000080009F76] -> 0x03DF
[10210] [M]: 0x0000000080009F74 (0x03DF4FB3) div t6, t5, t4
x31 <- 0x0000000000000000
mem[X,0x0000000080009F78] -> 0xB023
mem[X,0x0000000080009F7A] -> 0x49F6
[10211] [M]: 0x0000000080009F78 (0x49F6B023) sd t6, 1152(a3)
mem[0x000000008000E800] <- 0x0000000000000000
mem[X,0x0000000080009F7C] -> 0x3F37
mem[X,0x0000000080009F7E] -> 0x3333
[10212] [M]: 0x0000000080009F7C (0x33333F37) lui t5, 209715
x30 <- 0x0000000033333000
mem[X,0x0000000080009F80] -> 0x0F13
mem[X,0x0000000080009F82] -> 0x333F
[10213] [M]: 0x0000000080009F80 (0x333F0F13) addi t5, t5, 819
x30 <- 0x0000000033333333
mem[X,0x0000000080009F84] -> 0x1F13
mem[X,0x0000000080009F86] -> 0x00BF
[10214] [M]: 0x0000000080009F84 (0x00BF1F13) slli t5, t5, 11
x30 <- 0x0000019999999800
mem[X,0x0000000080009F88] -> 0x0F13
mem[X,0x0000000080009F8A] -> 0x199F
[10215] [M]: 0x0000000080009F88 (0x199F0F13) addi t5, t5, 409
x30 <- 0x0000019999999999
mem[X,0x0000000080009F8C] -> 0x1F13
mem[X,0x0000000080009F8E] -> 0x00BF
[10216] [M]: 0x0000000080009F8C (0x00BF1F13) slli t5, t5, 11
x30 <- 0x000CCCCCCCCCC800
mem[X,0x0000000080009F90] -> 0x0F13
mem[X,0x0000000080009F92] -> 0x4CCF
[10217] [M]: 0x0000000080009F90 (0x4CCF0F13) addi t5, t5, 1228
x30 <- 0x000CCCCCCCCCCCCC
mem[X,0x0000000080009F94] -> 0x1F13
mem[X,0x0000000080009F96] -> 0x00AF
[10218] [M]: 0x0000000080009F94 (0x00AF1F13) slli t5, t5, 10
x30 <- 0x3333333333333000
mem[X,0x0000000080009F98] -> 0x0F13
mem[X,0x0000000080009F9A] -> 0x332F
[10219] [M]: 0x0000000080009F98 (0x332F0F13) addi t5, t5, 818
x30 <- 0x3333333333333332
mem[X,0x0000000080009F9C] -> 0x3EB7
mem[X,0x0000000080009F9E] -> 0x3333
[10220] [M]: 0x0000000080009F9C (0x33333EB7) lui t4, 209715
x29 <- 0x0000000033333000
mem[X,0x0000000080009FA0] -> 0x8E93
mem[X,0x0000000080009FA2] -> 0x333E
[10221] [M]: 0x0000000080009FA0 (0x333E8E93) addi t4, t4, 819
x29 <- 0x0000000033333333
mem[X,0x0000000080009FA4] -> 0x9E93
mem[X,0x0000000080009FA6] -> 0x00BE
[10222] [M]: 0x0000000080009FA4 (0x00BE9E93) slli t4, t4, 11
x29 <- 0x0000019999999800
mem[X,0x0000000080009FA8] -> 0x8E93
mem[X,0x0000000080009FAA] -> 0x199E
[10223] [M]: 0x0000000080009FA8 (0x199E8E93) addi t4, t4, 409
x29 <- 0x0000019999999999
mem[X,0x0000000080009FAC] -> 0x9E93
mem[X,0x0000000080009FAE] -> 0x00BE
[10224] [M]: 0x0000000080009FAC (0x00BE9E93) slli t4, t4, 11
x29 <- 0x000CCCCCCCCCC800
mem[X,0x0000000080009FB0] -> 0x8E93
mem[X,0x0000000080009FB2] -> 0x4CCE
[10225] [M]: 0x0000000080009FB0 (0x4CCE8E93) addi t4, t4, 1228
x29 <- 0x000CCCCCCCCCCCCC
mem[X,0x0000000080009FB4] -> 0x9E93
mem[X,0x0000000080009FB6] -> 0x00AE
[10226] [M]: 0x0000000080009FB4 (0x00AE9E93) slli t4, t4, 10
x29 <- 0x3333333333333000
mem[X,0x0000000080009FB8] -> 0x8E93
mem[X,0x0000000080009FBA] -> 0x334E
[10227] [M]: 0x0000000080009FB8 (0x334E8E93) addi t4, t4, 820
x29 <- 0x3333333333333334
mem[X,0x0000000080009FBC] -> 0x4FB3
mem[X,0x0000000080009FBE] -> 0x03DF
[10228] [M]: 0x0000000080009FBC (0x03DF4FB3) div t6, t5, t4
x31 <- 0x0000000000000000
mem[X,0x0000000080009FC0] -> 0xB423
mem[X,0x0000000080009FC2] -> 0x49F6
[10229] [M]: 0x0000000080009FC0 (0x49F6B423) sd t6, 1160(a3)
mem[0x000000008000E808] <- 0x0000000000000000
mem[X,0x0000000080009FC4] -> 0x3F37
mem[X,0x0000000080009FC6] -> 0x3333
[10230] [M]: 0x0000000080009FC4 (0x33333F37) lui t5, 209715
x30 <- 0x0000000033333000
mem[X,0x0000000080009FC8] -> 0x0F13
mem[X,0x0000000080009FCA] -> 0x333F
[10231] [M]: 0x0000000080009FC8 (0x333F0F13) addi t5, t5, 819
x30 <- 0x0000000033333333
mem[X,0x0000000080009FCC] -> 0x1F13
mem[X,0x0000000080009FCE] -> 0x00BF
[10232] [M]: 0x0000000080009FCC (0x00BF1F13) slli t5, t5, 11
x30 <- 0x0000019999999800
mem[X,0x0000000080009FD0] -> 0x0F13
mem[X,0x0000000080009FD2] -> 0x199F
[10233] [M]: 0x0000000080009FD0 (0x199F0F13) addi t5, t5, 409
x30 <- 0x0000019999999999
mem[X,0x0000000080009FD4] -> 0x1F13
mem[X,0x0000000080009FD6] -> 0x00BF
[10234] [M]: 0x0000000080009FD4 (0x00BF1F13) slli t5, t5, 11
x30 <- 0x000CCCCCCCCCC800
mem[X,0x0000000080009FD8] -> 0x0F13
mem[X,0x0000000080009FDA] -> 0x4CCF
[10235] [M]: 0x0000000080009FD8 (0x4CCF0F13) addi t5, t5, 1228
x30 <- 0x000CCCCCCCCCCCCC
mem[X,0x0000000080009FDC] -> 0x1F13
mem[X,0x0000000080009FDE] -> 0x00AF
[10236] [M]: 0x0000000080009FDC (0x00AF1F13) slli t5, t5, 10
x30 <- 0x3333333333333000
mem[X,0x0000000080009FE0] -> 0x0F13
mem[X,0x0000000080009FE2] -> 0x332F
[10237] [M]: 0x0000000080009FE0 (0x332F0F13) addi t5, t5, 818
x30 <- 0x3333333333333332
mem[X,0x0000000080009FE4] -> 0x6EB7
mem[X,0x0000000080009FE6] -> 0x6666
[10238] [M]: 0x0000000080009FE4 (0x66666EB7) lui t4, 419430
x29 <- 0x0000000066666000
mem[X,0x0000000080009FE8] -> 0x8E93
mem[X,0x0000000080009FEA] -> 0x666E
[10239] [M]: 0x0000000080009FE8 (0x666E8E93) addi t4, t4, 1638
x29 <- 0x0000000066666666
mem[X,0x0000000080009FEC] -> 0x9E93
mem[X,0x0000000080009FEE] -> 0x00BE
[10240] [M]: 0x0000000080009FEC (0x00BE9E93) slli t4, t4, 11
x29 <- 0x0000033333333000
mem[X,0x0000000080009FF0] -> 0x8E93
mem[X,0x0000000080009FF2] -> 0x333E
[10241] [M]: 0x0000000080009FF0 (0x333E8E93) addi t4, t4, 819
x29 <- 0x0000033333333333
mem[X,0x0000000080009FF4] -> 0x9E93
mem[X,0x0000000080009FF6] -> 0x00BE
[10242] [M]: 0x0000000080009FF4 (0x00BE9E93) slli t4, t4, 11
x29 <- 0x0019999999999800
mem[X,0x0000000080009FF8] -> 0x8E93
mem[X,0x0000000080009FFA] -> 0x199E
[10243] [M]: 0x0000000080009FF8 (0x199E8E93) addi t4, t4, 409
x29 <- 0x0019999999999999
mem[X,0x0000000080009FFC] -> 0x9E93
mem[X,0x0000000080009FFE] -> 0x00AE
[10244] [M]: 0x0000000080009FFC (0x00AE9E93) slli t4, t4, 10
x29 <- 0x6666666666666400
mem[X,0x000000008000A000] -> 0x8E93
mem[X,0x000000008000A002] -> 0x267E
[10245] [M]: 0x000000008000A000 (0x267E8E93) addi t4, t4, 615
x29 <- 0x6666666666666667
mem[X,0x000000008000A004] -> 0x4FB3
mem[X,0x000000008000A006] -> 0x03DF
[10246] [M]: 0x000000008000A004 (0x03DF4FB3) div t6, t5, t4
x31 <- 0x0000000000000000
mem[X,0x000000008000A008] -> 0xB823
mem[X,0x000000008000A00A] -> 0x49F6
[10247] [M]: 0x000000008000A008 (0x49F6B823) sd t6, 1168(a3)
mem[0x000000008000E810] <- 0x0000000000000000
mem[X,0x000000008000A00C] -> 0x0F37
mem[X,0x000000008000A00E] -> 0x0000
[10248] [M]: 0x000000008000A00C (0x00000F37) lui t5, 0
x30 <- 0x0000000000000000
mem[X,0x000000008000A010] -> 0x0F13
mem[X,0x000000008000A012] -> 0x000F
[10249] [M]: 0x000000008000A010 (0x000F0F13) addi t5, t5, 0
x30 <- 0x0000000000000000
mem[X,0x000000008000A014] -> 0x1F13
mem[X,0x000000008000A016] -> 0x00BF
[10250] [M]: 0x000000008000A014 (0x00BF1F13) slli t5, t5, 11
x30 <- 0x0000000000000000
mem[X,0x000000008000A018] -> 0x0F13
mem[X,0x000000008000A01A] -> 0x5A8F
[10251] [M]: 0x000000008000A018 (0x5A8F0F13) addi t5, t5, 1448
x30 <- 0x00000000000005A8
mem[X,0x000000008000A01C] -> 0x1F13
mem[X,0x000000008000A01E] -> 0x00BF
[10252] [M]: 0x000000008000A01C (0x00BF1F13) slli t5, t5, 11
x30 <- 0x00000000002D4000
mem[X,0x000000008000A020] -> 0x0F13
mem[X,0x000000008000A022] -> 0x13CF
[10253] [M]: 0x000000008000A020 (0x13CF0F13) addi t5, t5, 316
x30 <- 0x00000000002D413C
mem[X,0x000000008000A024] -> 0x1F13
mem[X,0x000000008000A026] -> 0x00AF
[10254] [M]: 0x000000008000A024 (0x00AF1F13) slli t5, t5, 10
x30 <- 0x00000000B504F000
mem[X,0x000000008000A028] -> 0x0F13
mem[X,0x000000008000A02A] -> 0x334F
[10255] [M]: 0x000000008000A028 (0x334F0F13) addi t5, t5, 820
x30 <- 0x00000000B504F334
mem[X,0x000000008000A02C] -> 0x0EB7
mem[X,0x000000008000A02E] -> 0x0000
[10256] [M]: 0x000000008000A02C (0x00000EB7) lui t4, 0
x29 <- 0x0000000000000000
mem[X,0x000000008000A030] -> 0x8E93
mem[X,0x000000008000A032] -> 0xFFFE
[10257] [M]: 0x000000008000A030 (0xFFFE8E93) addi t4, t4, 4095
x29 <- 0xFFFFFFFFFFFFFFFF
mem[X,0x000000008000A034] -> 0x9E93
mem[X,0x000000008000A036] -> 0x00BE
[10258] [M]: 0x000000008000A034 (0x00BE9E93) slli t4, t4, 11
x29 <- 0xFFFFFFFFFFFFF800
mem[X,0x000000008000A038] -> 0x8E93
mem[X,0x000000008000A03A] -> 0x257E
[10259] [M]: 0x000000008000A038 (0x257E8E93) addi t4, t4, 599
x29 <- 0xFFFFFFFFFFFFFA57
mem[X,0x000000008000A03C] -> 0x9E93
mem[X,0x000000008000A03E] -> 0x00BE
[10260] [M]: 0x000000008000A03C (0x00BE9E93) slli t4, t4, 11
x29 <- 0xFFFFFFFFFFD2B800
mem[X,0x000000008000A040] -> 0x8E93
mem[X,0x000000008000A042] -> 0x6C3E
[10261] [M]: 0x000000008000A040 (0x6C3E8E93) addi t4, t4, 1731
x29 <- 0xFFFFFFFFFFD2BEC3
mem[X,0x000000008000A044] -> 0x9E93
mem[X,0x000000008000A046] -> 0x00AE
[10262] [M]: 0x000000008000A044 (0x00AE9E93) slli t4, t4, 10
x29 <- 0xFFFFFFFF4AFB0C00
mem[X,0x000000008000A048] -> 0x8E93
mem[X,0x000000008000A04A] -> 0x0CEE
[10263] [M]: 0x000000008000A048 (0x0CEE8E93) addi t4, t4, 206
x29 <- 0xFFFFFFFF4AFB0CCE
mem[X,0x000000008000A04C] -> 0x4FB3
mem[X,0x000000008000A04E] -> 0x03DF
[10264] [M]: 0x000000008000A04C (0x03DF4FB3) div t6, t5, t4
x31 <- 0xFFFFFFFFFFFFFFFF
mem[X,0x000000008000A050] -> 0xBC23
mem[X,0x000000008000A052] -> 0x49F6
[10265] [M]: 0x000000008000A050 (0x49F6BC23) sd t6, 1176(a3)
mem[0x000000008000E818] <- 0xFFFFFFFFFFFFFFFF
mem[X,0x000000008000A054] -> 0x0F37
mem[X,0x000000008000A056] -> 0x0000
[10266] [M]: 0x000000008000A054 (0x00000F37) lui t5, 0
x30 <- 0x0000000000000000
mem[X,0x000000008000A058] -> 0x0F13
mem[X,0x000000008000A05A] -> 0xFFFF
[10267] [M]: 0x000000008000A058 (0xFFFF0F13) addi t5, t5, 4095
x30 <- 0xFFFFFFFFFFFFFFFF
mem[X,0x000000008000A05C] -> 0x1F13
mem[X,0x000000008000A05E] -> 0x00BF
[10268] [M]: 0x000000008000A05C (0x00BF1F13) slli t5, t5, 11
x30 <- 0xFFFFFFFFFFFFF800
mem[X,0x000000008000A060] -> 0x0F13
mem[X,0x000000008000A062] -> 0x257F
[10269] [M]: 0x000000008000A060 (0x257F0F13) addi t5, t5, 599
x30 <- 0xFFFFFFFFFFFFFA57
mem[X,0x000000008000A064] -> 0x1F13
mem[X,0x000000008000A066] -> 0x00BF
[10270] [M]: 0x000000008000A064 (0x00BF1F13) slli t5, t5, 11
x30 <- 0xFFFFFFFFFFD2B800
mem[X,0x000000008000A068] -> 0x0F13
mem[X,0x000000008000A06A] -> 0x6C3F
[10271] [M]: 0x000000008000A068 (0x6C3F0F13) addi t5, t5, 1731
x30 <- 0xFFFFFFFFFFD2BEC3
mem[X,0x000000008000A06C] -> 0x1F13
mem[X,0x000000008000A06E] -> 0x00AF
[10272] [M]: 0x000000008000A06C (0x00AF1F13) slli t5, t5, 10
x30 <- 0xFFFFFFFF4AFB0C00
mem[X,0x000000008000A070] -> 0x0F13
mem[X,0x000000008000A072] -> 0x0CEF
[10273] [M]: 0x000000008000A070 (0x0CEF0F13) addi t5, t5, 206
x30 <- 0xFFFFFFFF4AFB0CCE
mem[X,0x000000008000A074] -> 0x0EB7
mem[X,0x000000008000A076] -> 0x0000
[10274] [M]: 0x000000008000A074 (0x00000EB7) lui t4, 0
x29 <- 0x0000000000000000
mem[X,0x000000008000A078] -> 0x8E93
mem[X,0x000000008000A07A] -> 0xFFFE
[10275] [M]: 0x000000008000A078 (0xFFFE8E93) addi t4, t4, 4095
x29 <- 0xFFFFFFFFFFFFFFFF
mem[X,0x000000008000A07C] -> 0x9E93
mem[X,0x000000008000A07E] -> 0x00BE
[10276] [M]: 0x000000008000A07C (0x00BE9E93) slli t4, t4, 11
x29 <- 0xFFFFFFFFFFFFF800
mem[X,0x000000008000A080] -> 0x8E93
mem[X,0x000000008000A082] -> 0x257E
[10277] [M]: 0x000000008000A080 (0x257E8E93) addi t4, t4, 599
x29 <- 0xFFFFFFFFFFFFFA57
mem[X,0x000000008000A084] -> 0x9E93
mem[X,0x000000008000A086] -> 0x00BE
[10278] [M]: 0x000000008000A084 (0x00BE9E93) slli t4, t4, 11
x29 <- 0xFFFFFFFFFFD2B800
mem[X,0x000000008000A088] -> 0x8E93
mem[X,0x000000008000A08A] -> 0x6C3E
[10279] [M]: 0x000000008000A088 (0x6C3E8E93) addi t4, t4, 1731
x29 <- 0xFFFFFFFFFFD2BEC3
mem[X,0x000000008000A08C] -> 0x9E93
mem[X,0x000000008000A08E] -> 0x00AE
[10280] [M]: 0x000000008000A08C (0x00AE9E93) slli t4, t4, 10
x29 <- 0xFFFFFFFF4AFB0C00
mem[X,0x000000008000A090] -> 0x8E93
mem[X,0x000000008000A092] -> 0x0CEE
[10281] [M]: 0x000000008000A090 (0x0CEE8E93) addi t4, t4, 206
x29 <- 0xFFFFFFFF4AFB0CCE
mem[X,0x000000008000A094] -> 0x4FB3
mem[X,0x000000008000A096] -> 0x03DF
[10282] [M]: 0x000000008000A094 (0x03DF4FB3) div t6, t5, t4
x31 <- 0x0000000000000001
mem[X,0x000000008000A098] -> 0xB023
mem[X,0x000000008000A09A] -> 0x4BF6
[10283] [M]: 0x000000008000A098 (0x4BF6B023) sd t6, 1184(a3)
mem[0x000000008000E820] <- 0x0000000000000001
mem[X,0x000000008000A09C] -> 0x0F37
mem[X,0x000000008000A09E] -> 0x0000
[10284] [M]: 0x000000008000A09C (0x00000F37) lui t5, 0
x30 <- 0x0000000000000000
mem[X,0x000000008000A0A0] -> 0x0F13
mem[X,0x000000008000A0A2] -> 0xFFFF
[10285] [M]: 0x000000008000A0A0 (0xFFFF0F13) addi t5, t5, 4095
x30 <- 0xFFFFFFFFFFFFFFFF
mem[X,0x000000008000A0A4] -> 0x1F13
mem[X,0x000000008000A0A6] -> 0x00BF
[10286] [M]: 0x000000008000A0A4 (0x00BF1F13) slli t5, t5, 11
x30 <- 0xFFFFFFFFFFFFF800
mem[X,0x000000008000A0A8] -> 0x0F13
mem[X,0x000000008000A0AA] -> 0x257F
[10287] [M]: 0x000000008000A0A8 (0x257F0F13) addi t5, t5, 599
x30 <- 0xFFFFFFFFFFFFFA57
mem[X,0x000000008000A0AC] -> 0x1F13
mem[X,0x000000008000A0AE] -> 0x00BF
[10288] [M]: 0x000000008000A0AC (0x00BF1F13) slli t5, t5, 11
x30 <- 0xFFFFFFFFFFD2B800
mem[X,0x000000008000A0B0] -> 0x0F13
mem[X,0x000000008000A0B2] -> 0x6C3F
[10289] [M]: 0x000000008000A0B0 (0x6C3F0F13) addi t5, t5, 1731
x30 <- 0xFFFFFFFFFFD2BEC3
mem[X,0x000000008000A0B4] -> 0x1F13
mem[X,0x000000008000A0B6] -> 0x00AF
[10290] [M]: 0x000000008000A0B4 (0x00AF1F13) slli t5, t5, 10
x30 <- 0xFFFFFFFF4AFB0C00
mem[X,0x000000008000A0B8] -> 0x0F13
mem[X,0x000000008000A0BA] -> 0x0CEF
[10291] [M]: 0x000000008000A0B8 (0x0CEF0F13) addi t5, t5, 206
x30 <- 0xFFFFFFFF4AFB0CCE
mem[X,0x000000008000A0BC] -> 0x0EB7
mem[X,0x000000008000A0BE] -> 0x0000
[10292] [M]: 0x000000008000A0BC (0x00000EB7) lui t4, 0
x29 <- 0x0000000000000000
mem[X,0x000000008000A0C0] -> 0x8E93
mem[X,0x000000008000A0C2] -> 0x000E
[10293] [M]: 0x000000008000A0C0 (0x000E8E93) addi t4, t4, 0
x29 <- 0x0000000000000000
mem[X,0x000000008000A0C4] -> 0x9E93
mem[X,0x000000008000A0C6] -> 0x00BE
[10294] [M]: 0x000000008000A0C4 (0x00BE9E93) slli t4, t4, 11
x29 <- 0x0000000000000000
mem[X,0x000000008000A0C8] -> 0x8E93
mem[X,0x000000008000A0CA] -> 0x5A8E
[10295] [M]: 0x000000008000A0C8 (0x5A8E8E93) addi t4, t4, 1448
x29 <- 0x00000000000005A8
mem[X,0x000000008000A0CC] -> 0x9E93
mem[X,0x000000008000A0CE] -> 0x00BE
[10296] [M]: 0x000000008000A0CC (0x00BE9E93) slli t4, t4, 11
x29 <- 0x00000000002D4000
mem[X,0x000000008000A0D0] -> 0x8E93
mem[X,0x000000008000A0D2] -> 0x13CE
[10297] [M]: 0x000000008000A0D0 (0x13CE8E93) addi t4, t4, 316
x29 <- 0x00000000002D413C
mem[X,0x000000008000A0D4] -> 0x9E93
mem[X,0x000000008000A0D6] -> 0x00AE
[10298] [M]: 0x000000008000A0D4 (0x00AE9E93) slli t4, t4, 10
x29 <- 0x00000000B504F000
mem[X,0x000000008000A0D8] -> 0x8E93
mem[X,0x000000008000A0DA] -> 0x334E
[10299] [M]: 0x000000008000A0D8 (0x334E8E93) addi t4, t4, 820
x29 <- 0x00000000B504F334
clint::tick mtime <- 0x0000000000000067
 clint timer pending at mtime 0x0000000000000067
htif::tick 0x0000000000000000
mem[X,0x000000008000A0DC] -> 0x4FB3
mem[X,0x000000008000A0DE] -> 0x03DF
[10300] [M]: 0x000000008000A0DC (0x03DF4FB3) div t6, t5, t4
x31 <- 0x0000000000000000
mem[X,0x000000008000A0E0] -> 0xB423
mem[X,0x000000008000A0E2] -> 0x4BF6
[10301] [M]: 0x000000008000A0E0 (0x4BF6B423) sd t6, 1192(a3)
mem[0x000000008000E828] <- 0x0000000000000000
mem[X,0x000000008000A0E4] -> 0x0F13
mem[X,0x000000008000A0E6] -> 0x0030
[10302] [M]: 0x000000008000A0E4 (0x00300F13) addi t5, zero, 3
x30 <- 0x0000000000000003
mem[X,0x000000008000A0E8] -> 0x0E93
mem[X,0x000000008000A0EA] -> 0x0030
[10303] [M]: 0x000000008000A0E8 (0x00300E93) addi t4, zero, 3
x29 <- 0x0000000000000003
mem[X,0x000000008000A0EC] -> 0x4FB3
mem[X,0x000000008000A0EE] -> 0x03DF
[10304] [M]: 0x000000008000A0EC (0x03DF4FB3) div t6, t5, t4
x31 <- 0x0000000000000001
mem[X,0x000000008000A0F0] -> 0xB823
mem[X,0x000000008000A0F2] -> 0x4BF6
[10305] [M]: 0x000000008000A0F0 (0x4BF6B823) sd t6, 1200(a3)
mem[0x000000008000E830] <- 0x0000000000000001
mem[X,0x000000008000A0F4] -> 0x0F37
mem[X,0x000000008000A0F6] -> 0x0000
[10306] [M]: 0x000000008000A0F4 (0x00000F37) lui t5, 0
x30 <- 0x0000000000000000
mem[X,0x000000008000A0F8] -> 0x0F13
mem[X,0x000000008000A0FA] -> 0x000F
[10307] [M]: 0x000000008000A0F8 (0x000F0F13) addi t5, t5, 0
x30 <- 0x0000000000000000
mem[X,0x000000008000A0FC] -> 0x1F13
mem[X,0x000000008000A0FE] -> 0x00BF
[10308] [M]: 0x000000008000A0FC (0x00BF1F13) slli t5, t5, 11
x30 <- 0x0000000000000000
mem[X,0x000000008000A100] -> 0x0F13
mem[X,0x000000008000A102] -> 0x5A8F
[10309] [M]: 0x000000008000A100 (0x5A8F0F13) addi t5, t5, 1448
x30 <- 0x00000000000005A8
mem[X,0x000000008000A104] -> 0x1F13
mem[X,0x000000008000A106] -> 0x00BF
[10310] [M]: 0x000000008000A104 (0x00BF1F13) slli t5, t5, 11
x30 <- 0x00000000002D4000
mem[X,0x000000008000A108] -> 0x0F13
mem[X,0x000000008000A10A] -> 0x13CF
[10311] [M]: 0x000000008000A108 (0x13CF0F13) addi t5, t5, 316
x30 <- 0x00000000002D413C
mem[X,0x000000008000A10C] -> 0x1F13
mem[X,0x000000008000A10E] -> 0x00AF
[10312] [M]: 0x000000008000A10C (0x00AF1F13) slli t5, t5, 10
x30 <- 0x00000000B504F000
mem[X,0x000000008000A110] -> 0x0F13
mem[X,0x000000008000A112] -> 0x334F
[10313] [M]: 0x000000008000A110 (0x334F0F13) addi t5, t5, 820
x30 <- 0x00000000B504F334
mem[X,0x000000008000A114] -> 0x0E93
mem[X,0x000000008000A116] -> 0xFFE0
[10314] [M]: 0x000000008000A114 (0xFFE00E93) addi t4, zero, 4094
x29 <- 0xFFFFFFFFFFFFFFFE
mem[X,0x000000008000A118] -> 0x4FB3
mem[X,0x000000008000A11A] -> 0x03DF
[10315] [M]: 0x000000008000A118 (0x03DF4FB3) div t6, t5, t4
x31 <- 0xFFFFFFFFA57D8666
mem[X,0x000000008000A11C] -> 0xBC23
mem[X,0x000000008000A11E] -> 0x4BF6
[10316] [M]: 0x000000008000A11C (0x4BF6BC23) sd t6, 1208(a3)
mem[0x000000008000E838] <- 0xFFFFFFFFA57D8666
mem[X,0x000000008000A120] -> 0x0F37
mem[X,0x000000008000A122] -> 0x0000
[10317] [M]: 0x000000008000A120 (0x00000F37) lui t5, 0
x30 <- 0x0000000000000000
mem[X,0x000000008000A124] -> 0x0F13
mem[X,0x000000008000A126] -> 0x000F
[10318] [M]: 0x000000008000A124 (0x000F0F13) addi t5, t5, 0
x30 <- 0x0000000000000000
mem[X,0x000000008000A128] -> 0x1F13
mem[X,0x000000008000A12A] -> 0x00BF
[10319] [M]: 0x000000008000A128 (0x00BF1F13) slli t5, t5, 11
x30 <- 0x0000000000000000
mem[X,0x000000008000A12C] -> 0x0F13
mem[X,0x000000008000A12E] -> 0x5A8F
[10320] [M]: 0x000000008000A12C (0x5A8F0F13) addi t5, t5, 1448
x30 <- 0x00000000000005A8
mem[X,0x000000008000A130] -> 0x1F13
mem[X,0x000000008000A132] -> 0x00BF
[10321] [M]: 0x000000008000A130 (0x00BF1F13) slli t5, t5, 11
x30 <- 0x00000000002D4000
mem[X,0x000000008000A134] -> 0x0F13
mem[X,0x000000008000A136] -> 0x13CF
[10322] [M]: 0x000000008000A134 (0x13CF0F13) addi t5, t5, 316
x30 <- 0x00000000002D413C
mem[X,0x000000008000A138] -> 0x1F13
mem[X,0x000000008000A13A] -> 0x00AF
[10323] [M]: 0x000000008000A138 (0x00AF1F13) slli t5, t5, 10
x30 <- 0x00000000B504F000
mem[X,0x000000008000A13C] -> 0x0F13
mem[X,0x000000008000A13E] -> 0x334F
[10324] [M]: 0x000000008000A13C (0x334F0F13) addi t5, t5, 820
x30 <- 0x00000000B504F334
mem[X,0x000000008000A140] -> 0x0E93
mem[X,0x000000008000A142] -> 0x0010
[10325] [M]: 0x000000008000A140 (0x00100E93) addi t4, zero, 1
x29 <- 0x0000000000000001
mem[X,0x000000008000A144] -> 0x9E93
mem[X,0x000000008000A146] -> 0x036E
[10326] [M]: 0x000000008000A144 (0x036E9E93) slli t4, t4, 54
x29 <- 0x0040000000000000
mem[X,0x000000008000A148] -> 0xCE93
mem[X,0x000000008000A14A] -> 0xFFFE
[10327] [M]: 0x000000008000A148 (0xFFFECE93) xori t4, t4, 4095
x29 <- 0xFFBFFFFFFFFFFFFF
mem[X,0x000000008000A14C] -> 0x4FB3
mem[X,0x000000008000A14E] -> 0x03DF
[10328] [M]: 0x000000008000A14C (0x03DF4FB3) div t6, t5, t4
x31 <- 0x0000000000000000
mem[X,0x000000008000A150] -> 0xB023
mem[X,0x000000008000A152] -> 0x4DF6
[10329] [M]: 0x000000008000A150 (0x4DF6B023) sd t6, 1216(a3)
mem[0x000000008000E840] <- 0x0000000000000000
mem[X,0x000000008000A154] -> 0x006F
mem[X,0x000000008000A156] -> 0x0380
[10330] [M]: 0x000000008000A154 (0x0380006F) jal zero, 56
mem[X,0x000000008000A18C] -> 0x0093
mem[X,0x000000008000A18E] -> 0x0010
[10331] [M]: 0x000000008000A18C (0x00100093) addi ra, zero, 1
x1 <- 0x0000000000000001
mem[X,0x000000008000A190] -> 0x1F17
mem[X,0x000000008000A192] -> 0x0000
[10332] [M]: 0x000000008000A190 (0x00001F17) auipc t5, 1
x30 <- 0x000000008000B190
mem[X,0x000000008000A194] -> 0x2823
mem[X,0x000000008000A196] -> 0xE61F
[10333] [M]: 0x000000008000A194 (0xE61F2823) sw ra, 3696(t5)
htif[0x000000008000B000] <- 0x00000001
mem[X,0x000000008000A198] -> 0xF06F
mem[X,0x000000008000A19A] -> 0xFF9F
[10334] [M]: 0x000000008000A198 (0xFF9FF06F) jal zero, 2097144
mem[X,0x000000008000A190] -> 0x1F17
mem[X,0x000000008000A192] -> 0x0000
[10335] [M]: 0x000000008000A190 (0x00001F17) auipc t5, 1
x30 <- 0x000000008000B190
mem[X,0x000000008000A194] -> 0x2823
mem[X,0x000000008000A196] -> 0xE61F
[10336] [M]: 0x000000008000A194 (0xE61F2823) sw ra, 3696(t5)
htif[0x000000008000B000] <- 0x00000001
mem[X,0x000000008000A198] -> 0xF06F
mem[X,0x000000008000A19A] -> 0xFF9F
[10337] [M]: 0x000000008000A198 (0xFF9FF06F) jal zero, 2097144
mem[X,0x000000008000A190] -> 0x1F17
mem[X,0x000000008000A192] -> 0x0000
[10338] [M]: 0x000000008000A190 (0x00001F17) auipc t5, 1
x30 <- 0x000000008000B190
mem[X,0x000000008000A194] -> 0x2823
mem[X,0x000000008000A196] -> 0xE61F
[10339] [M]: 0x000000008000A194 (0xE61F2823) sw ra, 3696(t5)
htif[0x000000008000B000] <- 0x00000001
htif-syscall-proxy cmd: 0x000000000001
SUCCESS
