+ source ../common/common_tpm-tools.sh
++ source /root/mugen/libs/locallibs/common_lib.sh
+++ python3 --version
+++ '[' 0 -eq 0 ']'
+++ source /root/mugen/libs/locallibs/common_lib_python.sh
+ main
++ type -t post_test
+ '[' -n function ']'
+ trap post_test EXIT INT HUP TERM
+ rpm -qa
+ grep expect
++ type -t config_params
+ '[' -n '' ']'
++ type -t pre_test
+ '[' -n function ']'
+ pre_test
+ LOG_INFO 'Start to prepare the test environment.'
+ message='Start to prepare the test environment.'
+ python3 /root/mugen/libs/locallibs/mugen_log.py --level info --message 'Start to prepare the test environment.'
Wed Nov 22 03:37:50 2023 - INFO  - Start to prepare the test environment.
+ deploy_env
+ DNF_INSTALL 'tpm-tools trousers cmake make gcc-c++ gmp-devel'
+ pkgs='tpm-tools trousers cmake make gcc-c++ gmp-devel'
+ node=1
+ '[' -z '' ']'
+ tmpfile=
++ python3 /root/mugen/libs/locallibs/rpm_manage.py install --pkgs 'tpm-tools trousers cmake make gcc-c++ gmp-devel' --node 1 --tempfile ''
Wed Nov 22 03:37:57 2023 - INFO  - pkgs:(tpm-tools trousers cmake make gcc-c++ gmp-devel) is already installed
+ tmpfile2=
+ '[' -z '' ']'
+ tmpfile=
+ wget https://github.com/PeterHuewe/tpm-emulator/archive/v0.7.5.zip
--2023-11-22 03:37:57--  https://github.com/PeterHuewe/tpm-emulator/archive/v0.7.5.zip
Resolving github.com (github.com)... 20.205.243.166
Connecting to github.com (github.com)|20.205.243.166|:443... connected.
HTTP request sent, awaiting response... 302 Found
Location: https://codeload.github.com/PeterHuewe/tpm-emulator/zip/refs/tags/v0.7.5 [following]
--2023-11-22 03:37:59--  https://codeload.github.com/PeterHuewe/tpm-emulator/zip/refs/tags/v0.7.5
Resolving codeload.github.com (codeload.github.com)... 20.205.243.165
Connecting to codeload.github.com (codeload.github.com)|20.205.243.165|:443... connected.
HTTP request sent, awaiting response... 200 OK
Length: unspecified [application/zip]
Saving to: ‘v0.7.5.zip’

     0K .......... .......... .......... .......... ..........  259K
    50K .......... .......... .......... .......... ..........  523K
   100K .......... .......... .......... .......... .......... 4.59M
   150K .......... .......... .......... .......... ..........  562K
   200K .......... .......... .......... .......... .......... 5.78M
   250K .......... .......... .......... .                     5.47M=0.4s

2023-11-22 03:38:00 (700 KB/s) - ‘v0.7.5.zip’ saved [288132]

+ unzip v0.7.5.zip
Archive:  v0.7.5.zip
ff993d1f3c1435f7306eb759e6ff176f72da2b21
   creating: tpm-emulator-0.7.5/
 extracting: tpm-emulator-0.7.5/.gitignore  
  inflating: tpm-emulator-0.7.5/.travis.yml  
  inflating: tpm-emulator-0.7.5/AUTHORS  
  inflating: tpm-emulator-0.7.5/CMakeLists.txt  
  inflating: tpm-emulator-0.7.5/ChangeLog  
  inflating: tpm-emulator-0.7.5/LICENSE  
  inflating: tpm-emulator-0.7.5/README  
  inflating: tpm-emulator-0.7.5/build.bat  
  inflating: tpm-emulator-0.7.5/build.sh  
  inflating: tpm-emulator-0.7.5/config.h.in  
   creating: tpm-emulator-0.7.5/crypto/
  inflating: tpm-emulator-0.7.5/crypto/CMakeLists.txt  
  inflating: tpm-emulator-0.7.5/crypto/bn.h  
  inflating: tpm-emulator-0.7.5/crypto/bn_gmp.c  
  inflating: tpm-emulator-0.7.5/crypto/bn_openssl.c  
  inflating: tpm-emulator-0.7.5/crypto/hmac.c  
  inflating: tpm-emulator-0.7.5/crypto/hmac.h  
  inflating: tpm-emulator-0.7.5/crypto/rc4.c  
  inflating: tpm-emulator-0.7.5/crypto/rc4.h  
  inflating: tpm-emulator-0.7.5/crypto/rsa.c  
  inflating: tpm-emulator-0.7.5/crypto/rsa.h  
  inflating: tpm-emulator-0.7.5/crypto/sha1.c  
  inflating: tpm-emulator-0.7.5/crypto/sha1.h  
   creating: tpm-emulator-0.7.5/mtm/
  inflating: tpm-emulator-0.7.5/mtm/CMakeLists.txt  
  inflating: tpm-emulator-0.7.5/mtm/mtm_capability.c  
  inflating: tpm-emulator-0.7.5/mtm/mtm_cmd_handler.c  
  inflating: tpm-emulator-0.7.5/mtm/mtm_commands.h  
  inflating: tpm-emulator-0.7.5/mtm/mtm_counter.c  
  inflating: tpm-emulator-0.7.5/mtm/mtm_data.c  
  inflating: tpm-emulator-0.7.5/mtm/mtm_data.h  
  inflating: tpm-emulator-0.7.5/mtm/mtm_eviction.c  
  inflating: tpm-emulator-0.7.5/mtm/mtm_handles.c  
  inflating: tpm-emulator-0.7.5/mtm/mtm_handles.h  
  inflating: tpm-emulator-0.7.5/mtm/mtm_integrity.c  
  inflating: tpm-emulator-0.7.5/mtm/mtm_marshalling.c  
  inflating: tpm-emulator-0.7.5/mtm/mtm_marshalling.h  
  inflating: tpm-emulator-0.7.5/mtm/mtm_structures.h  
  inflating: tpm-emulator-0.7.5/mtm/mtm_verification.c  
   creating: tpm-emulator-0.7.5/tddl/
  inflating: tpm-emulator-0.7.5/tddl/CMakeLists.txt  
  inflating: tpm-emulator-0.7.5/tddl/tddl-tpm-emulator.h  
  inflating: tpm-emulator-0.7.5/tddl/tddl.c  
  inflating: tpm-emulator-0.7.5/tddl/tddl_unix.h  
  inflating: tpm-emulator-0.7.5/tddl/tddl_windows.h  
  inflating: tpm-emulator-0.7.5/tddl/test_tddl.c  
   creating: tpm-emulator-0.7.5/tpm/
  inflating: tpm-emulator-0.7.5/tpm/CMakeLists.txt  
  inflating: tpm-emulator-0.7.5/tpm/tpm_audit.c  
  inflating: tpm-emulator-0.7.5/tpm/tpm_authorization.c  
  inflating: tpm-emulator-0.7.5/tpm/tpm_capability.c  
  inflating: tpm-emulator-0.7.5/tpm/tpm_cmd_handler.c  
  inflating: tpm-emulator-0.7.5/tpm/tpm_commands.h  
  inflating: tpm-emulator-0.7.5/tpm/tpm_context.c  
  inflating: tpm-emulator-0.7.5/tpm/tpm_counter.c  
  inflating: tpm-emulator-0.7.5/tpm/tpm_credentials.c  
  inflating: tpm-emulator-0.7.5/tpm/tpm_crypto.c  
  inflating: tpm-emulator-0.7.5/tpm/tpm_daa.c  
  inflating: tpm-emulator-0.7.5/tpm/tpm_data.c  
  inflating: tpm-emulator-0.7.5/tpm/tpm_data.h  
  inflating: tpm-emulator-0.7.5/tpm/tpm_delegation.c  
  inflating: tpm-emulator-0.7.5/tpm/tpm_deprecated.c  
  inflating: tpm-emulator-0.7.5/tpm/tpm_emulator.h  
  inflating: tpm-emulator-0.7.5/tpm/tpm_emulator_extern.c  
  inflating: tpm-emulator-0.7.5/tpm/tpm_emulator_extern.h  
  inflating: tpm-emulator-0.7.5/tpm/tpm_error.c  
  inflating: tpm-emulator-0.7.5/tpm/tpm_eviction.c  
  inflating: tpm-emulator-0.7.5/tpm/tpm_handles.c  
  inflating: tpm-emulator-0.7.5/tpm/tpm_handles.h  
  inflating: tpm-emulator-0.7.5/tpm/tpm_identity.c  
  inflating: tpm-emulator-0.7.5/tpm/tpm_integrity.c  
  inflating: tpm-emulator-0.7.5/tpm/tpm_maintenance.c  
  inflating: tpm-emulator-0.7.5/tpm/tpm_management.c  
  inflating: tpm-emulator-0.7.5/tpm/tpm_marshalling.c  
  inflating: tpm-emulator-0.7.5/tpm/tpm_marshalling.h  
  inflating: tpm-emulator-0.7.5/tpm/tpm_migration.c  
  inflating: tpm-emulator-0.7.5/tpm/tpm_nv_storage.c  
  inflating: tpm-emulator-0.7.5/tpm/tpm_owner.c  
  inflating: tpm-emulator-0.7.5/tpm/tpm_startup.c  
  inflating: tpm-emulator-0.7.5/tpm/tpm_storage.c  
  inflating: tpm-emulator-0.7.5/tpm/tpm_structures.h  
  inflating: tpm-emulator-0.7.5/tpm/tpm_testing.c  
  inflating: tpm-emulator-0.7.5/tpm/tpm_ticks.c  
  inflating: tpm-emulator-0.7.5/tpm/tpm_transport.c  
   creating: tpm-emulator-0.7.5/tpmd/
  inflating: tpm-emulator-0.7.5/tpmd/CMakeLists.txt  
   creating: tpm-emulator-0.7.5/tpmd/unix/
  inflating: tpm-emulator-0.7.5/tpmd/unix/CMakeLists.txt  
  inflating: tpm-emulator-0.7.5/tpmd/unix/tpmd.c  
   creating: tpm-emulator-0.7.5/tpmd/windows/
  inflating: tpm-emulator-0.7.5/tpmd/windows/CMakeLists.txt  
  inflating: tpm-emulator-0.7.5/tpmd/windows/control_tpmd.bat  
  inflating: tpm-emulator-0.7.5/tpmd/windows/tpmd.c  
   creating: tpm-emulator-0.7.5/tpmd_dev/
  inflating: tpm-emulator-0.7.5/tpmd_dev/CMakeLists.txt  
   creating: tpm-emulator-0.7.5/tpmd_dev/darwin/
   creating: tpm-emulator-0.7.5/tpmd_dev/darwin/English.lproj/
  inflating: tpm-emulator-0.7.5/tpmd_dev/darwin/English.lproj/InfoPlist.strings  
  inflating: tpm-emulator-0.7.5/tpmd_dev/darwin/Info.plist  
  inflating: tpm-emulator-0.7.5/tpmd_dev/darwin/Makefile  
  inflating: tpm-emulator-0.7.5/tpmd_dev/darwin/tpm_bridge.c  
   creating: tpm-emulator-0.7.5/tpmd_dev/darwin/tpm_bridge.xcodeproj/
  inflating: tpm-emulator-0.7.5/tpmd_dev/darwin/tpm_bridge.xcodeproj/TemplateIcon.tiff  
  inflating: tpm-emulator-0.7.5/tpmd_dev/darwin/tpm_bridge.xcodeproj/project.pbxproj  
   creating: tpm-emulator-0.7.5/tpmd_dev/darwin/tpm_bridge.xcodeproj/project.xcworkspace/
  inflating: tpm-emulator-0.7.5/tpmd_dev/darwin/tpm_bridge.xcodeproj/project.xcworkspace/contents.xcworkspacedata  
   creating: tpm-emulator-0.7.5/tpmd_dev/darwin/tpm_bridge.xcodeproj/project.xcworkspace/xcuserdata/
   creating: tpm-emulator-0.7.5/tpmd_dev/darwin/tpm_bridge.xcodeproj/project.xcworkspace/xcuserdata/admin.xcuserdatad/
  inflating: tpm-emulator-0.7.5/tpmd_dev/darwin/tpm_bridge.xcodeproj/project.xcworkspace/xcuserdata/admin.xcuserdatad/UserInterfaceState.xcuserstate  
  inflating: tpm-emulator-0.7.5/tpmd_dev/darwin/tpm_bridge.xcodeproj/project.xcworkspace/xcuserdata/admin.xcuserdatad/WorkspaceSettings.xcsettings  
   creating: tpm-emulator-0.7.5/tpmd_dev/darwin/tpm_bridge.xcodeproj/xcuserdata/
   creating: tpm-emulator-0.7.5/tpmd_dev/darwin/tpm_bridge.xcodeproj/xcuserdata/admin.xcuserdatad/
   creating: tpm-emulator-0.7.5/tpmd_dev/darwin/tpm_bridge.xcodeproj/xcuserdata/admin.xcuserdatad/xcschemes/
  inflating: tpm-emulator-0.7.5/tpmd_dev/darwin/tpm_bridge.xcodeproj/xcuserdata/admin.xcuserdatad/xcschemes/tpm_bridge.xcscheme  
  inflating: tpm-emulator-0.7.5/tpmd_dev/darwin/tpm_bridge.xcodeproj/xcuserdata/admin.xcuserdatad/xcschemes/xcschememanagement.plist  
   creating: tpm-emulator-0.7.5/tpmd_dev/linux/
  inflating: tpm-emulator-0.7.5/tpmd_dev/linux/Makefile  
  inflating: tpm-emulator-0.7.5/tpmd_dev/linux/tpmd_dev.c  
  inflating: tpm-emulator-0.7.5/tpmd_dev/linux/tpmd_dev.rules.in  
   creating: tpm-emulator-0.7.5/tpmd_dev/openbsd/
  inflating: tpm-emulator-0.7.5/tpmd_dev/openbsd/Makefile  
  inflating: tpm-emulator-0.7.5/tpmd_dev/openbsd/tpmd_dev.c  
  inflating: tpm-emulator-0.7.5/tpmd_dev/openbsd/tpmd_dev.h  
+ test -d tpm-emulator-0.7.5
+ cd tpm-emulator-0.7.5
+ '[' riscv64x == aarch64x ']'
+ sed -i 's/$(shell uname -m)/x86/g' tpmd_dev/linux/Makefile
+ sed -i 's/-Wall -Werror/-Wall -Wno-error/g' tpmd_dev/linux/Makefile
+ mkdir build
+ cd build
+ cmake ..
-- The C compiler identification is GNU 10.3.1
-- Detecting C compiler ABI info
-- Detecting C compiler ABI info - done
-- Check for working C compiler: /usr/bin/cc - skipped
-- Detecting C compile features
-- Detecting C compile features - done
CMake Deprecation Warning at CMakeLists.txt:8 (cmake_minimum_required):
  Compatibility with CMake < 2.8.12 will be removed from a future version of
  CMake.

  Update the VERSION argument <min> value or use a ...<max> suffix to tell
  CMake that the project does not need compatibility with older versions.


-- Configuring done
-- Generating done
-- Build files have been written to: /root/mugen/testcases/cli-test/tpm-tools/oe_test_tpm-tools_02/tpm-emulator-0.7.5/build
+ make
[  2%] Building C object tpm/CMakeFiles/tpm.dir/tpm_audit.o
[  4%] Building C object tpm/CMakeFiles/tpm.dir/tpm_authorization.o
[  6%] Building C object tpm/CMakeFiles/tpm.dir/tpm_capability.o
[  8%] Building C object tpm/CMakeFiles/tpm.dir/tpm_cmd_handler.o
[ 11%] Building C object tpm/CMakeFiles/tpm.dir/tpm_context.o
[ 13%] Building C object tpm/CMakeFiles/tpm.dir/tpm_counter.o
[ 15%] Building C object tpm/CMakeFiles/tpm.dir/tpm_credentials.o
[ 17%] Building C object tpm/CMakeFiles/tpm.dir/tpm_crypto.o
[ 20%] Building C object tpm/CMakeFiles/tpm.dir/tpm_daa.o
[ 22%] Building C object tpm/CMakeFiles/tpm.dir/tpm_data.o
[ 24%] Building C object tpm/CMakeFiles/tpm.dir/tpm_delegation.o
[ 26%] Building C object tpm/CMakeFiles/tpm.dir/tpm_deprecated.o
[ 28%] Building C object tpm/CMakeFiles/tpm.dir/tpm_emulator_extern.o
[ 31%] Building C object tpm/CMakeFiles/tpm.dir/tpm_error.o
[ 33%] Building C object tpm/CMakeFiles/tpm.dir/tpm_eviction.o
[ 35%] Building C object tpm/CMakeFiles/tpm.dir/tpm_handles.o
[ 37%] Building C object tpm/CMakeFiles/tpm.dir/tpm_identity.o
[ 40%] Building C object tpm/CMakeFiles/tpm.dir/tpm_integrity.o
[ 42%] Building C object tpm/CMakeFiles/tpm.dir/tpm_maintenance.o
[ 44%] Building C object tpm/CMakeFiles/tpm.dir/tpm_management.o
[ 46%] Building C object tpm/CMakeFiles/tpm.dir/tpm_marshalling.o
[ 48%] Building C object tpm/CMakeFiles/tpm.dir/tpm_migration.o
[ 51%] Building C object tpm/CMakeFiles/tpm.dir/tpm_nv_storage.o
[ 53%] Building C object tpm/CMakeFiles/tpm.dir/tpm_owner.o
[ 55%] Building C object tpm/CMakeFiles/tpm.dir/tpm_startup.o
[ 57%] Building C object tpm/CMakeFiles/tpm.dir/tpm_storage.o
[ 60%] Building C object tpm/CMakeFiles/tpm.dir/tpm_testing.o
[ 62%] Building C object tpm/CMakeFiles/tpm.dir/tpm_ticks.o
[ 64%] Building C object tpm/CMakeFiles/tpm.dir/tpm_transport.o
[ 66%] Linking C static library libtpm.a
[ 66%] Built target tpm
[ 68%] Building C object crypto/CMakeFiles/tpm_crypto.dir/hmac.o
[ 71%] Building C object crypto/CMakeFiles/tpm_crypto.dir/rc4.o
[ 73%] Building C object crypto/CMakeFiles/tpm_crypto.dir/rsa.o
[ 75%] Building C object crypto/CMakeFiles/tpm_crypto.dir/sha1.o
[ 77%] Building C object crypto/CMakeFiles/tpm_crypto.dir/bn_gmp.o
[ 80%] Linking C static library libtpm_crypto.a
[ 80%] Built target tpm_crypto
[ 82%] Building C object tddl/CMakeFiles/tddl-tpm-emulator.dir/tddl.o
[ 84%] Linking C shared library libtddl-tpm-emulator.so
[ 84%] Built target tddl-tpm-emulator
[ 86%] Building C object tddl/CMakeFiles/tddl-tpm-emulator_static.dir/tddl.o
[ 88%] Linking C static library libtddl-tpm-emulator.a
[ 88%] Built target tddl-tpm-emulator_static
[ 91%] Building C object tddl/CMakeFiles/test_tddl.dir/test_tddl.o
[ 93%] Linking C executable test_tddl
[ 93%] Built target test_tddl
[ 95%] Generating linux/tpmd_dev.ko
make[4]: *** /lib/modules/6.1.19-2.oe2303.riscv64/build: No such file or directory.  Stop.
make[3]: *** [Makefile:22: all] Error 2
make[2]: *** [tpmd_dev/CMakeFiles/tpmd_dev.dir/build.make:77: tpmd_dev/linux/tpmd_dev.ko] Error 2
make[1]: *** [CMakeFiles/Makefile2:319: tpmd_dev/CMakeFiles/tpmd_dev.dir/all] Error 2
make: *** [Makefile:156: all] Error 2
+ tpmd deactivated
../common/common_tpm-tools.sh: line 35: tpmd: command not found
+ tpmd clear
../common/common_tpm-tools.sh: line 36: tpmd: command not found
+ modprobe tpmd_dev
modprobe: FATAL: Module tpmd_dev not found in directory /lib/modules/6.1.19-2.oe2303.riscv64
+ SLEEP_WAIT 10
+ wait_time=10
+ cmd=
+ mode=1
+ python3 /root/mugen/libs/locallibs/sleep_wait.py --time 10 --cmd '' --mode 1
+ nohup tpmd -d -f clear
++ pgrep -f 'tpmd -d'
+ '[' -z '' ']'
+ rm -rf /var/run/tpm/tpmd_socket:0
+ SLEEP_WAIT 10
+ wait_time=10
+ cmd=
+ mode=1
+ python3 /root/mugen/libs/locallibs/sleep_wait.py --time 10 --cmd '' --mode 1
+ nohup tpmd -d -f clear
+ pgrep -f 'tpmd -d'
++ pgrep -f 'tcsd -e'
+ '[' -n '' ']'
+ SLEEP_WAIT 10
+ wait_time=10
+ cmd=
+ mode=1
+ python3 /root/mugen/libs/locallibs/sleep_wait.py --time 10 --cmd '' --mode 1
+ nohup tcsd -e -f
+ pgrep -f 'tcsd -e'
+ grep -i '[0-9a-z]'
+ tpm_version
Tspi_Context_Connect failed: 0x00003011 - layer=tsp, code=0011 (17), Communication failure
+ tpm_getpubek
+ grep -i '[0-9a-z\!():,_]'
Tspi_Context_Connect failed: 0x00003011 - layer=tsp, code=0011 (17), Communication failure
+ LOG_INFO 'Finish preparing the test environment.'
+ message='Finish preparing the test environment.'
+ python3 /root/mugen/libs/locallibs/mugen_log.py --level info --message 'Finish preparing the test environment.'
Wed Nov 22 03:39:18 2023 - INFO  - Finish preparing the test environment.
++ type -t run_test
+ '[' -n function ']'
+ run_test
+ LOG_INFO 'Start to run test.'
+ message='Start to run test.'
+ python3 /root/mugen/libs/locallibs/mugen_log.py --level info --message 'Start to run test.'
Wed Nov 22 03:39:19 2023 - INFO  - Start to run test.
+ expect
spawn tpm_takeownership
Enter owner password: 
Confirm password: 
Enter SRK password: 
Confirm password: 
Tspi_Context_Connect failed: 0x00003011 - layer=tsp, code=0011 (17), Communication failure
+ grep -E 'Usage: tpm_changeownerauth|-'
+ tpm_changeownerauth --help
Usage: tpm_changeownerauth [options]
	-h, --help
	-v, --version
	-l, --log [none|error|info|debug]
	-u, --unicode
	-o, --owner
	-s, --srk
	-g, --original_password_unicode
	-n, --new_password_unicode
	-z, --well-known
	-r, --set-well-known
+ CHECK_RESULT 0
+ actual_result=0
+ expect_result=0
+ mode=0
+ error_log=
+ exit_mode=0
+ '[' -z 0 ']'
+ '[' 0 -eq 0 ']'
+ test 0x '!=' 0x
+ return 0
+ tpm_changeownerauth --version
+ grep -E 'tpm_changeownerauth version:|[0-9]'
tpm_changeownerauth version: 1.3.9
+ CHECK_RESULT 0
+ actual_result=0
+ expect_result=0
+ mode=0
+ error_log=
+ exit_mode=0
+ '[' -z 0 ']'
+ '[' 0 -eq 0 ']'
+ test 0x '!=' 0x
+ return 0
+ expect
spawn tpm_changeownerauth -l debug -o
Tspi_Context_Create success
Tspi_Context_Connect failed: 0x00003011 - layer=tsp, code=0011 (17), Communication failure
Tspi_Context_FreeMemory success
Tspi_Context_Close success
expect: spawn id exp4 not open
    while executing
"expect "Enter new owner password:" {send "123@Why\r"}"
+ grep -iE 'success|Change of owner password successful' log_changeowner
Tspi_Context_Create success
Tspi_Context_FreeMemory success
Tspi_Context_Close success
+ CHECK_RESULT 0
+ actual_result=0
+ expect_result=0
+ mode=0
+ error_log=
+ exit_mode=0
+ '[' -z 0 ']'
+ '[' 0 -eq 0 ']'
+ test 0x '!=' 0x
+ return 0
+ expect
spawn tpm_changeownerauth -l debug -s
Tspi_Context_Create success
Tspi_Context_Connect failed: 0x00003011 - layer=tsp, code=0011 (17), Communication failure
Tspi_Context_FreeMemory success
Tspi_Context_Close success
expect: spawn id exp4 not open
    while executing
"expect "Enter new SRK password:" {send "123@What\r"}"
+ grep -iE 'success|Change of SRK password successful' log_changeSRK
Tspi_Context_Create success
Tspi_Context_FreeMemory success
Tspi_Context_Close success
+ CHECK_RESULT 0
+ actual_result=0
+ expect_result=0
+ mode=0
+ error_log=
+ exit_mode=0
+ '[' -z 0 ']'
+ '[' 0 -eq 0 ']'
+ test 0x '!=' 0x
+ return 0
+ tpm_nvinfo --help
+ grep -E 'Usage: tpm_nvinfo|-'
Usage: tpm_nvinfo [options]
	-h, --help
	-v, --version
	-l, --log [none|error|info|debug]
	-i, --index
	-n, --list-only
+ CHECK_RESULT 0
+ actual_result=0
+ expect_result=0
+ mode=0
+ error_log=
+ exit_mode=0
+ '[' -z 0 ']'
+ '[' 0 -eq 0 ']'
+ test 0x '!=' 0x
+ return 0
+ tpm_nvinfo --version
+ grep -E 'tpm_nvinfo version:|[0-9]'
tpm_nvinfo version: 1.3.9
+ CHECK_RESULT 0
+ actual_result=0
+ expect_result=0
+ mode=0
+ error_log=
+ exit_mode=0
+ '[' -z 0 ']'
+ '[' 0 -eq 0 ']'
+ test 0x '!=' 0x
+ return 0
+ tpm_nvinfo --log debug
+ grep -E 'success|PCR'
Tspi_Context_Connect failed: 0x00003011 - layer=tsp, code=0011 (17), Communication failure
Tspi_Context_Create success
Tspi_Context_FreeMemory success
Tspi_Context_Close success
+ CHECK_RESULT 0
+ actual_result=0
+ expect_result=0
+ mode=0
+ error_log=
+ exit_mode=0
+ '[' -z 0 ']'
+ '[' 0 -eq 0 ']'
+ test 0x '!=' 0x
+ return 0
+ tpm_nvinfo -i 0x100
Tspi_Context_Connect failed: 0x00003011 - layer=tsp, code=0011 (17), Communication failure
+ CHECK_RESULT 255
+ actual_result=255
+ expect_result=0
+ mode=0
+ error_log=
+ exit_mode=0
+ '[' -z 255 ']'
+ '[' 0 -eq 0 ']'
+ test 255x '!=' 0x
+ test -n ''
+ (( exec_result++ ))
+ LOG_ERROR 'oe_test_tpm-tools_02.sh line 70'
+ message='oe_test_tpm-tools_02.sh line 70'
+ python3 /root/mugen/libs/locallibs/mugen_log.py --level error --message 'oe_test_tpm-tools_02.sh line 70'
Wed Nov 22 03:39:20 2023 - ERROR - oe_test_tpm-tools_02.sh line 70
+ '[' 0 -eq 1 ']'
+ return 0
+ tpm_nvinfo --list-only
+ grep -E 'The following NVRAM areas have been defined:|0x100'
Tspi_Context_Connect failed: 0x00003011 - layer=tsp, code=0011 (17), Communication failure
+ CHECK_RESULT 1
+ actual_result=1
+ expect_result=0
+ mode=0
+ error_log=
+ exit_mode=0
+ '[' -z 1 ']'
+ '[' 0 -eq 0 ']'
+ test 1x '!=' 0x
+ test -n ''
+ (( exec_result++ ))
+ LOG_ERROR 'oe_test_tpm-tools_02.sh line 72'
+ message='oe_test_tpm-tools_02.sh line 72'
+ python3 /root/mugen/libs/locallibs/mugen_log.py --level error --message 'oe_test_tpm-tools_02.sh line 72'
Wed Nov 22 03:39:20 2023 - ERROR - oe_test_tpm-tools_02.sh line 72
+ '[' 0 -eq 1 ']'
+ return 0
+ tpm_resetdalock --help
+ grep -E 'Usage: tpm_resetdalock|-'
Usage: tpm_resetdalock [options]
	-h, --help
	-v, --version
	-l, --log [none|error|info|debug]
	-z, --well-known
+ CHECK_RESULT 0
+ actual_result=0
+ expect_result=0
+ mode=0
+ error_log=
+ exit_mode=0
+ '[' -z 0 ']'
+ '[' 0 -eq 0 ']'
+ test 0x '!=' 0x
+ return 0
+ tpm_resetdalock --version
+ grep -E 'tpm_resetdalock version:|[0-9]'
tpm_resetdalock version: 1.3.9
+ CHECK_RESULT 0
+ actual_result=0
+ expect_result=0
+ mode=0
+ error_log=
+ exit_mode=0
+ '[' -z 0 ']'
+ '[' 0 -eq 0 ']'
+ test 0x '!=' 0x
+ return 0
+ expect
spawn tpm_resetdalock --log debug
Tspi_Context_Create success
Enter owner password: 
Tspi_Context_Connect failed: 0x00003011 - layer=tsp, code=0011 (17), Communication failure
Tspi_Context_FreeMemory success
Tspi_Context_Close success
+ grep -iE 'success|tpm_resetdalock succeeded' log_resetdalock
Tspi_Context_Create success
Tspi_Context_FreeMemory success
Tspi_Context_Close success
+ CHECK_RESULT 0
+ actual_result=0
+ expect_result=0
+ mode=0
+ error_log=
+ exit_mode=0
+ '[' -z 0 ']'
+ '[' 0 -eq 0 ']'
+ test 0x '!=' 0x
+ return 0
+ tpm_restrictpubek --help
+ grep -E 'Usage: tpm_restrictpubek|-'
Usage: tpm_restrictpubek [options]
	-h, --help
	-v, --version
	-l, --log [none|error|info|debug]
	-u, --unicode
	-s, --status
	-r, --restrict
	-z, --well-known
+ CHECK_RESULT 0
+ actual_result=0
+ expect_result=0
+ mode=0
+ error_log=
+ exit_mode=0
+ '[' -z 0 ']'
+ '[' 0 -eq 0 ']'
+ test 0x '!=' 0x
+ return 0
+ tpm_restrictpubek --version
+ grep -E 'tpm_restrictpubek version:|[0-9]'
tpm_restrictpubek version: 1.3.9
+ CHECK_RESULT 0
+ actual_result=0
+ expect_result=0
+ mode=0
+ error_log=
+ exit_mode=0
+ '[' -z 0 ']'
+ '[' 0 -eq 0 ']'
+ test 0x '!=' 0x
+ return 0
+ expect
spawn tpm_restrictpubek --log debug
Tspi_Context_Create success
Tspi_Context_Connect failed: 0x00003011 - layer=tsp, code=0011 (17), Communication failure
Tspi_Context_FreeMemory success
Tspi_Context_Close success
expect: spawn id exp4 not open
    while executing
"expect eof"
+ grep -iE 'success|tpm_restrictpubek succeeded|Public Endorsement Key readable by: owner' log_restrictpubek1
Tspi_Context_Create success
Tspi_Context_FreeMemory success
Tspi_Context_Close success
+ CHECK_RESULT 0
+ actual_result=0
+ expect_result=0
+ mode=0
+ error_log=
+ exit_mode=0
+ '[' -z 0 ']'
+ '[' 0 -eq 0 ']'
+ test 0x '!=' 0x
+ return 0
+ expect
spawn tpm_restrictpubek -s
Tspi_Context_Connect failed: 0x00003011 - layer=tsp, code=0011 (17), Communication failure
expect: spawn id exp4 not open
    while executing
"expect eof"
+ grep 'Public Endorsement Key readable by: owner' log_restrictpubek2
+ CHECK_RESULT 1
+ actual_result=1
+ expect_result=0
+ mode=0
+ error_log=
+ exit_mode=0
+ '[' -z 1 ']'
+ '[' 0 -eq 0 ']'
+ test 1x '!=' 0x
+ test -n ''
+ (( exec_result++ ))
+ LOG_ERROR 'oe_test_tpm-tools_02.sh line 106'
+ message='oe_test_tpm-tools_02.sh line 106'
+ python3 /root/mugen/libs/locallibs/mugen_log.py --level error --message 'oe_test_tpm-tools_02.sh line 106'
Wed Nov 22 03:39:22 2023 - ERROR - oe_test_tpm-tools_02.sh line 106
+ '[' 0 -eq 1 ']'
+ return 0
+ expect
spawn tpm_restrictpubek -r
Tspi_Context_Connect failed: 0x00003011 - layer=tsp, code=0011 (17), Communication failure
expect: spawn id exp4 not open
    while executing
"expect eof"
+ grep 'Enter owner password:' log_restrictpubek3
+ CHECK_RESULT 1
+ actual_result=1
+ expect_result=0
+ mode=0
+ error_log=
+ exit_mode=0
+ '[' -z 1 ']'
+ '[' 0 -eq 0 ']'
+ test 1x '!=' 0x
+ test -n ''
+ (( exec_result++ ))
+ LOG_ERROR 'oe_test_tpm-tools_02.sh line 114'
+ message='oe_test_tpm-tools_02.sh line 114'
+ python3 /root/mugen/libs/locallibs/mugen_log.py --level error --message 'oe_test_tpm-tools_02.sh line 114'
Wed Nov 22 03:39:22 2023 - ERROR - oe_test_tpm-tools_02.sh line 114
+ '[' 0 -eq 1 ']'
+ return 0
+ tpm_clear --help
+ grep -E 'Usage: tpm_clear|-'
Usage: tpm_clear [options]
	-h, --help
	-v, --version
	-l, --log [none|error|info|debug]
	-u, --unicode
	-f, --force
	-z, --well-known
+ CHECK_RESULT 0
+ actual_result=0
+ expect_result=0
+ mode=0
+ error_log=
+ exit_mode=0
+ '[' -z 0 ']'
+ '[' 0 -eq 0 ']'
+ test 0x '!=' 0x
+ return 0
+ tpm_clear --version
+ grep -E 'tpm_clear version:|[0-9]'
tpm_clear version: 1.3.9
+ CHECK_RESULT 0
+ actual_result=0
+ expect_result=0
+ mode=0
+ error_log=
+ exit_mode=0
+ '[' -z 0 ']'
+ '[' 0 -eq 0 ']'
+ test 0x '!=' 0x
+ return 0
+ tpm_clear --log debug -f
Tspi_Context_Connect failed: 0x00003011 - layer=tsp, code=0011 (17), Communication failure
+ CHECK_RESULT 255
+ actual_result=255
+ expect_result=0
+ mode=0
+ error_log=
+ exit_mode=0
+ '[' -z 255 ']'
+ '[' 0 -eq 0 ']'
+ test 255x '!=' 0x
+ test -n ''
+ (( exec_result++ ))
+ LOG_ERROR 'oe_test_tpm-tools_02.sh line 121'
+ message='oe_test_tpm-tools_02.sh line 121'
+ python3 /root/mugen/libs/locallibs/mugen_log.py --level error --message 'oe_test_tpm-tools_02.sh line 121'
Wed Nov 22 03:39:23 2023 - ERROR - oe_test_tpm-tools_02.sh line 121
+ '[' 0 -eq 1 ']'
+ return 0
+ grep -iE 'success|tpm_clear succeeded' log_tpmclear
Tspi_Context_Create success
Tspi_Context_FreeMemory success
Tspi_Context_Close success
+ CHECK_RESULT 0
+ actual_result=0
+ expect_result=0
+ mode=0
+ error_log=
+ exit_mode=0
+ '[' -z 0 ']'
+ '[' 0 -eq 0 ']'
+ test 0x '!=' 0x
+ return 0
+ LOG_INFO 'End of the test.'
+ message='End of the test.'
+ python3 /root/mugen/libs/locallibs/mugen_log.py --level info --message 'End of the test.'
Wed Nov 22 03:39:23 2023 - INFO  - End of the test.
+ CASE_RESULT 0
+ case_re=0
+ test -z 5
+ test 5 -gt 0
+ LOG_ERROR 'failed to execute the case.'
+ message='failed to execute the case.'
+ python3 /root/mugen/libs/locallibs/mugen_log.py --level error --message 'failed to execute the case.'
Wed Nov 22 03:39:24 2023 - ERROR - failed to execute the case.
+ exit 5
+ post_test
+ LOG_INFO 'Start to restore the test environment.'
+ message='Start to restore the test environment.'
+ python3 /root/mugen/libs/locallibs/mugen_log.py --level info --message 'Start to restore the test environment.'
Wed Nov 22 03:39:24 2023 - INFO  - Start to restore the test environment.
+ clear_env
++ pgrep -f 'tpmd -d'
+ kill -9
kill: usage: kill [-s sigspec | -n signum | -sigspec] pid | jobspec ... or kill -l [sigspec]
++ pgrep -f 'tcsd -e'
+ kill -9
kill: usage: kill [-s sigspec | -n signum | -sigspec] pid | jobspec ... or kill -l [sigspec]
+++ dirname oe_test_tpm-tools_02.sh
++ cd .
++ pwd
+ currentDir=/root/mugen/testcases/cli-test/tpm-tools/oe_test_tpm-tools_02/tpm-emulator-0.7.5/build
++ echo /root/mugen/testcases/cli-test/tpm-tools/oe_test_tpm-tools_02/tpm-emulator-0.7.5/build
++ awk -F / '{print $NF}'
+ currentName=build
+ test buildx = buildx
+ cd ../../
++ ls
++ grep -v .sh
+ rm -rf tpm-emulator-0.7.5 v0.7.5.zip
+ DNF_REMOVE
+ node=1
+ pkg_list=
+ mode=0
+ [[ -z '' ]]
+ [[ -z '' ]]
+ LOG_WARN 'no thing to do.'
+ message='no thing to do.'
+ python3 /root/mugen/libs/locallibs/mugen_log.py --level warn --message 'no thing to do.'
Wed Nov 22 03:39:25 2023 - WARN  - no thing to do.
+ return 0
+ LOG_INFO 'Finish restoring the test environment.'
+ message='Finish restoring the test environment.'
+ python3 /root/mugen/libs/locallibs/mugen_log.py --level info --message 'Finish restoring the test environment.'
Wed Nov 22 03:39:26 2023 - INFO  - Finish restoring the test environment.
