using /home/minami/vscode/github/riscv-cof/test/riscof_work/rv64i_m/C/src/cbnez-01.S/ref/Reference-sail_c_simulator.signature for test-signature output.
tohost located at 0x80004000
Running file ref.elf.
ELF Entry @ 0x80000000
begin_signature: 0x80006110
end_signature: 0x800065d0
CSR mstatus <- 0x0000000A00000000 (input: 0x0000000000000000)
mem[X,0x0000000000001000] -> 0x0297
mem[X,0x0000000000001002] -> 0x0000
[0] [M]: 0x0000000000001000 (0x00000297) auipc t0, 0
x5 <- 0x0000000000001000
mem[X,0x0000000000001004] -> 0x8593
mem[X,0x0000000000001006] -> 0x0202
[1] [M]: 0x0000000000001004 (0x02028593) addi a1, t0, 32
x11 <- 0x0000000000001020
mem[X,0x0000000000001008] -> 0x2573
mem[X,0x000000000000100A] -> 0xF140
[2] [M]: 0x0000000000001008 (0xF1402573) csrrs a0, mhartid, zero
CSR mhartid -> 0x0000000000000000
x10 <- 0x0000000000000000
mem[X,0x000000000000100C] -> 0xB283
mem[X,0x000000000000100E] -> 0x0182
[3] [M]: 0x000000000000100C (0x0182B283) ld t0, 24(t0)
mem[R,0x0000000000001018] -> 0x0000000080000000
x5 <- 0x0000000080000000
mem[X,0x0000000000001010] -> 0x8067
mem[X,0x0000000000001012] -> 0x0002
[4] [M]: 0x0000000000001010 (0x00028067) jalr zero, t0, 0
mem[X,0x0000000080000000] -> 0xC0B7
mem[X,0x0000000080000002] -> 0xFEED
[5] [M]: 0x0000000080000000 (0xFEEDC0B7) lui ra, 1044188
x1 <- 0xFFFFFFFFFEEDC000
mem[X,0x0000000080000004] -> 0x8093
mem[X,0x0000000080000006] -> 0xEAD0
[6] [M]: 0x0000000080000004 (0xEAD08093) addi ra, ra, 3757
x1 <- 0xFFFFFFFFFEEDBEAD
mem[X,0x0000000080000008] -> 0x9093
mem[X,0x000000008000000A] -> 0x00B0
[7] [M]: 0x0000000080000008 (0x00B09093) slli ra, ra, 11
x1 <- 0xFFFFFFF76DF56800
mem[X,0x000000008000000C] -> 0x8093
mem[X,0x000000008000000E] -> 0x7F70
[8] [M]: 0x000000008000000C (0x7F708093) addi ra, ra, 2039
x1 <- 0xFFFFFFF76DF56FF7
mem[X,0x0000000080000010] -> 0x9093
mem[X,0x0000000080000012] -> 0x00B0
[9] [M]: 0x0000000080000010 (0x00B09093) slli ra, ra, 11
x1 <- 0xFFFFBB6FAB7FB800
mem[X,0x0000000080000014] -> 0x8093
mem[X,0x0000000080000016] -> 0x36F0
[10] [M]: 0x0000000080000014 (0x36F08093) addi ra, ra, 879
x1 <- 0xFFFFBB6FAB7FBB6F
mem[X,0x0000000080000018] -> 0x9093
mem[X,0x000000008000001A] -> 0x00A0
[11] [M]: 0x0000000080000018 (0x00A09093) slli ra, ra, 10
x1 <- 0xFEEDBEADFEEDBC00
mem[X,0x000000008000001C] -> 0x8093
mem[X,0x000000008000001E] -> 0x2AD0
[12] [M]: 0x000000008000001C (0x2AD08093) addi ra, ra, 685
x1 <- 0xFEEDBEADFEEDBEAD
mem[X,0x0000000080000020] -> 0xE137
mem[X,0x0000000080000022] -> 0xFF76
[13] [M]: 0x0000000080000020 (0xFF76E137) lui sp, 1046382
x2 <- 0xFFFFFFFFFF76E000
mem[X,0x0000000080000024] -> 0x0113
mem[X,0x0000000080000026] -> 0xF561
[14] [M]: 0x0000000080000024 (0xF5610113) addi sp, sp, 3926
x2 <- 0xFFFFFFFFFF76DF56
mem[X,0x0000000080000028] -> 0x1113
mem[X,0x000000008000002A] -> 0x00B1
[15] [M]: 0x0000000080000028 (0x00B11113) slli sp, sp, 11
x2 <- 0xFFFFFFFBB6FAB000
mem[X,0x000000008000002C] -> 0x0113
mem[X,0x000000008000002E] -> 0x7FB1
[16] [M]: 0x000000008000002C (0x7FB10113) addi sp, sp, 2043
x2 <- 0xFFFFFFFBB6FAB7FB
mem[X,0x0000000080000030] -> 0x1113
mem[X,0x0000000080000032] -> 0x00B1
[17] [M]: 0x0000000080000030 (0x00B11113) slli sp, sp, 11
x2 <- 0xFFFFDDB7D5BFD800
mem[X,0x0000000080000034] -> 0x0113
mem[X,0x0000000080000036] -> 0x5B71
[18] [M]: 0x0000000080000034 (0x5B710113) addi sp, sp, 1463
x2 <- 0xFFFFDDB7D5BFDDB7
mem[X,0x0000000080000038] -> 0x1113
mem[X,0x000000008000003A] -> 0x00A1
[19] [M]: 0x0000000080000038 (0x00A11113) slli sp, sp, 10
x2 <- 0xFF76DF56FF76DC00
mem[X,0x000000008000003C] -> 0x0113
mem[X,0x000000008000003E] -> 0x3561
[20] [M]: 0x000000008000003C (0x35610113) addi sp, sp, 854
x2 <- 0xFF76DF56FF76DF56
mem[X,0x0000000080000040] -> 0x71B7
mem[X,0x0000000080000042] -> 0x7FBB
[21] [M]: 0x0000000080000040 (0x7FBB71B7) lui gp, 523191
x3 <- 0x000000007FBB7000
mem[X,0x0000000080000044] -> 0x8193
mem[X,0x0000000080000046] -> 0xFAB1
[22] [M]: 0x0000000080000044 (0xFAB18193) addi gp, gp, 4011
x3 <- 0x000000007FBB6FAB
mem[X,0x0000000080000048] -> 0x9193
mem[X,0x000000008000004A] -> 0x00B1
[23] [M]: 0x0000000080000048 (0x00B19193) slli gp, gp, 11
x3 <- 0x000003FDDB7D5800
mem[X,0x000000008000004C] -> 0x8193
mem[X,0x000000008000004E] -> 0x3FD1
[24] [M]: 0x000000008000004C (0x3FD18193) addi gp, gp, 1021
x3 <- 0x000003FDDB7D5BFD
mem[X,0x0000000080000050] -> 0x9193
mem[X,0x0000000080000052] -> 0x00B1
[25] [M]: 0x0000000080000050 (0x00B19193) slli gp, gp, 11
x3 <- 0x001FEEDBEADFE800
mem[X,0x0000000080000054] -> 0x8193
mem[X,0x0000000080000056] -> 0x6DB1
[26] [M]: 0x0000000080000054 (0x6DB18193) addi gp, gp, 1755
x3 <- 0x001FEEDBEADFEEDB
mem[X,0x0000000080000058] -> 0x9193
mem[X,0x000000008000005A] -> 0x00A1
[27] [M]: 0x0000000080000058 (0x00A19193) slli gp, gp, 10
x3 <- 0x7FBB6FAB7FBB6C00
mem[X,0x000000008000005C] -> 0x8193
mem[X,0x000000008000005E] -> 0x3AB1
[28] [M]: 0x000000008000005C (0x3AB18193) addi gp, gp, 939
x3 <- 0x7FBB6FAB7FBB6FAB
mem[X,0x0000000080000060] -> 0xB237
mem[X,0x0000000080000062] -> 0xBFDD
[29] [M]: 0x0000000080000060 (0xBFDDB237) lui tp, 785883
x4 <- 0xFFFFFFFFBFDDB000
mem[X,0x0000000080000064] -> 0x0213
mem[X,0x0000000080000066] -> 0x7D52
[30] [M]: 0x0000000080000064 (0x7D520213) addi tp, tp, 2005
x4 <- 0xFFFFFFFFBFDDB7D5
mem[X,0x0000000080000068] -> 0x1213
mem[X,0x000000008000006A] -> 0x00B2
[31] [M]: 0x0000000080000068 (0x00B21213) slli tp, tp, 11
x4 <- 0xFFFFFDFEEDBEA800
mem[X,0x000000008000006C] -> 0x0213
mem[X,0x000000008000006E] -> 0x5FE2
[32] [M]: 0x000000008000006C (0x5FE20213) addi tp, tp, 1534
x4 <- 0xFFFFFDFEEDBEADFE
mem[X,0x0000000080000070] -> 0x1213
mem[X,0x0000000080000072] -> 0x00B2
[33] [M]: 0x0000000080000070 (0x00B21213) slli tp, tp, 11
x4 <- 0xFFEFF76DF56FF000
mem[X,0x0000000080000074] -> 0x0213
mem[X,0x0000000080000076] -> 0x76D2
[34] [M]: 0x0000000080000074 (0x76D20213) addi tp, tp, 1901
x4 <- 0xFFEFF76DF56FF76D
mem[X,0x0000000080000078] -> 0x1213
mem[X,0x000000008000007A] -> 0x00A2
[35] [M]: 0x0000000080000078 (0x00A21213) slli tp, tp, 10
x4 <- 0xBFDDB7D5BFDDB400
mem[X,0x000000008000007C] -> 0x0213
mem[X,0x000000008000007E] -> 0x3D52
[36] [M]: 0x000000008000007C (0x3D520213) addi tp, tp, 981
x4 <- 0xBFDDB7D5BFDDB7D5
mem[X,0x0000000080000080] -> 0xE2B7
mem[X,0x0000000080000082] -> 0xDFEE
[37] [M]: 0x0000000080000080 (0xDFEEE2B7) lui t0, 917230
x5 <- 0xFFFFFFFFDFEEE000
mem[X,0x0000000080000084] -> 0x8293
mem[X,0x0000000080000086] -> 0xBEA2
[38] [M]: 0x0000000080000084 (0xBEA28293) addi t0, t0, 3050
x5 <- 0xFFFFFFFFDFEEDBEA
mem[X,0x0000000080000088] -> 0x9293
mem[X,0x000000008000008A] -> 0x00B2
[39] [M]: 0x0000000080000088 (0x00B29293) slli t0, t0, 11
x5 <- 0xFFFFFEFF76DF5000
mem[X,0x000000008000008C] -> 0x8293
mem[X,0x000000008000008E] -> 0x6FF2
[40] [M]: 0x000000008000008C (0x6FF28293) addi t0, t0, 1791
x5 <- 0xFFFFFEFF76DF56FF
mem[X,0x0000000080000090] -> 0x9293
mem[X,0x0000000080000092] -> 0x00B2
[41] [M]: 0x0000000080000090 (0x00B29293) slli t0, t0, 11
x5 <- 0xFFF7FBB6FAB7F800
mem[X,0x0000000080000094] -> 0x8293
mem[X,0x0000000080000096] -> 0x3B62
[42] [M]: 0x0000000080000094 (0x3B628293) addi t0, t0, 950
x5 <- 0xFFF7FBB6FAB7FBB6
mem[X,0x0000000080000098] -> 0x9293
mem[X,0x000000008000009A] -> 0x00A2
[43] [M]: 0x0000000080000098 (0x00A29293) slli t0, t0, 10
x5 <- 0xDFEEDBEADFEED800
mem[X,0x000000008000009C] -> 0x8293
mem[X,0x000000008000009E] -> 0x3EA2
[44] [M]: 0x000000008000009C (0x3EA28293) addi t0, t0, 1002
x5 <- 0xDFEEDBEADFEEDBEA
mem[X,0x00000000800000A0] -> 0x7337
mem[X,0x00000000800000A2] -> 0x6FF7
[45] [M]: 0x00000000800000A0 (0x6FF77337) lui t1, 458615
x6 <- 0x000000006FF77000
mem[X,0x00000000800000A4] -> 0x0313
mem[X,0x00000000800000A6] -> 0xDF53
[46] [M]: 0x00000000800000A4 (0xDF530313) addi t1, t1, 3573
x6 <- 0x000000006FF76DF5
mem[X,0x00000000800000A8] -> 0x1313
mem[X,0x00000000800000AA] -> 0x00B3
[47] [M]: 0x00000000800000A8 (0x00B31313) slli t1, t1, 11
x6 <- 0x0000037FBB6FA800
mem[X,0x00000000800000AC] -> 0x0313
mem[X,0x00000000800000AE] -> 0x37F3
[48] [M]: 0x00000000800000AC (0x37F30313) addi t1, t1, 895
x6 <- 0x0000037FBB6FAB7F
mem[X,0x00000000800000B0] -> 0x1313
mem[X,0x00000000800000B2] -> 0x00B3
[49] [M]: 0x00000000800000B0 (0x00B31313) slli t1, t1, 11
x6 <- 0x001BFDDB7D5BF800
mem[X,0x00000000800000B4] -> 0x0313
mem[X,0x00000000800000B6] -> 0x5DB3
[50] [M]: 0x00000000800000B4 (0x5DB30313) addi t1, t1, 1499
x6 <- 0x001BFDDB7D5BFDDB
mem[X,0x00000000800000B8] -> 0x1313
mem[X,0x00000000800000BA] -> 0x00A3
[51] [M]: 0x00000000800000B8 (0x00A31313) slli t1, t1, 10
x6 <- 0x6FF76DF56FF76C00
mem[X,0x00000000800000BC] -> 0x0313
mem[X,0x00000000800000BE] -> 0x1F53
[52] [M]: 0x00000000800000BC (0x1F530313) addi t1, t1, 501
x6 <- 0x6FF76DF56FF76DF5
mem[X,0x00000000800000C0] -> 0xB3B7
mem[X,0x00000000800000C2] -> 0xB7FB
[53] [M]: 0x00000000800000C0 (0xB7FBB3B7) lui t2, 753595
x7 <- 0xFFFFFFFFB7FBB000
mem[X,0x00000000800000C4] -> 0x8393
mem[X,0x00000000800000C6] -> 0x6FA3
[54] [M]: 0x00000000800000C4 (0x6FA38393) addi t2, t2, 1786
x7 <- 0xFFFFFFFFB7FBB6FA
mem[X,0x00000000800000C8] -> 0x9393
mem[X,0x00000000800000CA] -> 0x00B3
[55] [M]: 0x00000000800000C8 (0x00B39393) slli t2, t2, 11
x7 <- 0xFFFFFDBFDDB7D000
mem[X,0x00000000800000CC] -> 0x8393
mem[X,0x00000000800000CE] -> 0x5BF3
[56] [M]: 0x00000000800000CC (0x5BF38393) addi t2, t2, 1471
x7 <- 0xFFFFFDBFDDB7D5BF
mem[X,0x00000000800000D0] -> 0x9393
mem[X,0x00000000800000D2] -> 0x00B3
[57] [M]: 0x00000000800000D0 (0x00B39393) slli t2, t2, 11
x7 <- 0xFFEDFEEDBEADF800
mem[X,0x00000000800000D4] -> 0x8393
mem[X,0x00000000800000D6] -> 0x6ED3
[58] [M]: 0x00000000800000D4 (0x6ED38393) addi t2, t2, 1773
x7 <- 0xFFEDFEEDBEADFEED
mem[X,0x00000000800000D8] -> 0x9393
mem[X,0x00000000800000DA] -> 0x00A3
[59] [M]: 0x00000000800000D8 (0x00A39393) slli t2, t2, 10
x7 <- 0xB7FBB6FAB7FBB400
mem[X,0x00000000800000DC] -> 0x8393
mem[X,0x00000000800000DE] -> 0x2FA3
[60] [M]: 0x00000000800000DC (0x2FA38393) addi t2, t2, 762
x7 <- 0xB7FBB6FAB7FBB6FA
mem[X,0x00000000800000E0] -> 0xE437
mem[X,0x00000000800000E2] -> 0x5BFD
[61] [M]: 0x00000000800000E0 (0x5BFDE437) lui fp, 376798
x8 <- 0x000000005BFDE000
mem[X,0x00000000800000E4] -> 0x0413
mem[X,0x00000000800000E6] -> 0xB7D4
[62] [M]: 0x00000000800000E4 (0xB7D40413) addi fp, fp, 2941
x8 <- 0x000000005BFDDB7D
mem[X,0x00000000800000E8] -> 0x1413
mem[X,0x00000000800000EA] -> 0x00B4
[63] [M]: 0x00000000800000E8 (0x00B41413) slli fp, fp, 11
x8 <- 0x000002DFEEDBE800
mem[X,0x00000000800000EC] -> 0x0413
mem[X,0x00000000800000EE] -> 0x2DF4
[64] [M]: 0x00000000800000EC (0x2DF40413) addi fp, fp, 735
x8 <- 0x000002DFEEDBEADF
mem[X,0x00000000800000F0] -> 0x1413
mem[X,0x00000000800000F2] -> 0x00B4
[65] [M]: 0x00000000800000F0 (0x00B41413) slli fp, fp, 11
x8 <- 0x0016FF76DF56F800
mem[X,0x00000000800000F4] -> 0x0413
mem[X,0x00000000800000F6] -> 0x7764
[66] [M]: 0x00000000800000F4 (0x77640413) addi fp, fp, 1910
x8 <- 0x0016FF76DF56FF76
mem[X,0x00000000800000F8] -> 0x1413
mem[X,0x00000000800000FA] -> 0x00A4
[67] [M]: 0x00000000800000F8 (0x00A41413) slli fp, fp, 10
x8 <- 0x5BFDDB7D5BFDD800
mem[X,0x00000000800000FC] -> 0x0413
mem[X,0x00000000800000FE] -> 0x37D4
[68] [M]: 0x00000000800000FC (0x37D40413) addi fp, fp, 893
x8 <- 0x5BFDDB7D5BFDDB7D
mem[X,0x0000000080000100] -> 0xF4B7
mem[X,0x0000000080000102] -> 0xADFE
[69] [M]: 0x0000000080000100 (0xADFEF4B7) lui s1, 712687
x9 <- 0xFFFFFFFFADFEF000
mem[X,0x0000000080000104] -> 0x8493
mem[X,0x0000000080000106] -> 0xDBE4
[70] [M]: 0x0000000080000104 (0xDBE48493) addi s1, s1, 3518
x9 <- 0xFFFFFFFFADFEEDBE
mem[X,0x0000000080000108] -> 0x9493
mem[X,0x000000008000010A] -> 0x00B4
[71] [M]: 0x0000000080000108 (0x00B49493) slli s1, s1, 11
x9 <- 0xFFFFFD6FF76DF000
mem[X,0x000000008000010C] -> 0x8493
mem[X,0x000000008000010E] -> 0x56F4
[72] [M]: 0x000000008000010C (0x56F48493) addi s1, s1, 1391
x9 <- 0xFFFFFD6FF76DF56F
mem[X,0x0000000080000110] -> 0x9493
mem[X,0x0000000080000112] -> 0x00B4
[73] [M]: 0x0000000080000110 (0x00B49493) slli s1, s1, 11
x9 <- 0xFFEB7FBB6FAB7800
mem[X,0x0000000080000114] -> 0x8493
mem[X,0x0000000080000116] -> 0x7BB4
[74] [M]: 0x0000000080000114 (0x7BB48493) addi s1, s1, 1979
x9 <- 0xFFEB7FBB6FAB7FBB
mem[X,0x0000000080000118] -> 0x9493
mem[X,0x000000008000011A] -> 0x00A4
[75] [M]: 0x0000000080000118 (0x00A49493) slli s1, s1, 10
x9 <- 0xADFEEDBEADFEEC00
mem[X,0x000000008000011C] -> 0x8493
mem[X,0x000000008000011E] -> 0x1BE4
[76] [M]: 0x000000008000011C (0x1BE48493) addi s1, s1, 446
x9 <- 0xADFEEDBEADFEEDBE
mem[X,0x0000000080000120] -> 0x7537
mem[X,0x0000000080000122] -> 0x56FF
[77] [M]: 0x0000000080000120 (0x56FF7537) lui a0, 356343
x10 <- 0x0000000056FF7000
mem[X,0x0000000080000124] -> 0x0513
mem[X,0x0000000080000126] -> 0x6DF5
[78] [M]: 0x0000000080000124 (0x6DF50513) addi a0, a0, 1759
x10 <- 0x0000000056FF76DF
mem[X,0x0000000080000128] -> 0x1513
mem[X,0x000000008000012A] -> 0x00B5
[79] [M]: 0x0000000080000128 (0x00B51513) slli a0, a0, 11
x10 <- 0x000002B7FBB6F800
mem[X,0x000000008000012C] -> 0x0513
mem[X,0x000000008000012E] -> 0x2B75
[80] [M]: 0x000000008000012C (0x2B750513) addi a0, a0, 695
x10 <- 0x000002B7FBB6FAB7
mem[X,0x0000000080000130] -> 0x1513
mem[X,0x0000000080000132] -> 0x00B5
[81] [M]: 0x0000000080000130 (0x00B51513) slli a0, a0, 11
x10 <- 0x0015BFDDB7D5B800
mem[X,0x0000000080000134] -> 0x0513
mem[X,0x0000000080000136] -> 0x7DD5
[82] [M]: 0x0000000080000134 (0x7DD50513) addi a0, a0, 2013
x10 <- 0x0015BFDDB7D5BFDD
mem[X,0x0000000080000138] -> 0x1513
mem[X,0x000000008000013A] -> 0x00A5
[83] [M]: 0x0000000080000138 (0x00A51513) slli a0, a0, 10
x10 <- 0x56FF76DF56FF7400
mem[X,0x000000008000013C] -> 0x0513
mem[X,0x000000008000013E] -> 0x2DF5
[84] [M]: 0x000000008000013C (0x2DF50513) addi a0, a0, 735
x10 <- 0x56FF76DF56FF76DF
mem[X,0x0000000080000140] -> 0xC5B7
mem[X,0x0000000080000142] -> 0xAB7F
[85] [M]: 0x0000000080000140 (0xAB7FC5B7) lui a1, 702460
x11 <- 0xFFFFFFFFAB7FC000
mem[X,0x0000000080000144] -> 0x8593
mem[X,0x0000000080000146] -> 0xB6F5
[86] [M]: 0x0000000080000144 (0xB6F58593) addi a1, a1, 2927
x11 <- 0xFFFFFFFFAB7FBB6F
mem[X,0x0000000080000148] -> 0x9593
mem[X,0x000000008000014A] -> 0x00B5
[87] [M]: 0x0000000080000148 (0x00B59593) slli a1, a1, 11
x11 <- 0xFFFFFD5BFDDB7800
mem[X,0x000000008000014C] -> 0x8593
mem[X,0x000000008000014E] -> 0x55B5
[88] [M]: 0x000000008000014C (0x55B58593) addi a1, a1, 1371
x11 <- 0xFFFFFD5BFDDB7D5B
mem[X,0x0000000080000150] -> 0x9593
mem[X,0x0000000080000152] -> 0x00B5
[89] [M]: 0x0000000080000150 (0x00B59593) slli a1, a1, 11
x11 <- 0xFFEADFEEDBEAD800
mem[X,0x0000000080000154] -> 0x8593
mem[X,0x0000000080000156] -> 0x7EE5
[90] [M]: 0x0000000080000154 (0x7EE58593) addi a1, a1, 2030
x11 <- 0xFFEADFEEDBEADFEE
mem[X,0x0000000080000158] -> 0x9593
mem[X,0x000000008000015A] -> 0x00A5
[91] [M]: 0x0000000080000158 (0x00A59593) slli a1, a1, 10
x11 <- 0xAB7FBB6FAB7FB800
mem[X,0x000000008000015C] -> 0x8593
mem[X,0x000000008000015E] -> 0x36F5
[92] [M]: 0x000000008000015C (0x36F58593) addi a1, a1, 879
x11 <- 0xAB7FBB6FAB7FBB6F
mem[X,0x0000000080000160] -> 0xE637
mem[X,0x0000000080000162] -> 0xD5BF
[93] [M]: 0x0000000080000160 (0xD5BFE637) lui a2, 875518
x12 <- 0xFFFFFFFFD5BFE000
mem[X,0x0000000080000164] -> 0x0613
mem[X,0x0000000080000166] -> 0xDB76
[94] [M]: 0x0000000080000164 (0xDB760613) addi a2, a2, 3511
x12 <- 0xFFFFFFFFD5BFDDB7
mem[X,0x0000000080000168] -> 0x1613
mem[X,0x000000008000016A] -> 0x00B6
[95] [M]: 0x0000000080000168 (0x00B61613) slli a2, a2, 11
x12 <- 0xFFFFFEADFEEDB800
mem[X,0x000000008000016C] -> 0x0613
mem[X,0x000000008000016E] -> 0x6AD6
[96] [M]: 0x000000008000016C (0x6AD60613) addi a2, a2, 1709
x12 <- 0xFFFFFEADFEEDBEAD
mem[X,0x0000000080000170] -> 0x1613
mem[X,0x0000000080000172] -> 0x00B6
[97] [M]: 0x0000000080000170 (0x00B61613) slli a2, a2, 11
x12 <- 0xFFF56FF76DF56800
mem[X,0x0000000080000174] -> 0x0613
mem[X,0x0000000080000176] -> 0x7F76
[98] [M]: 0x0000000080000174 (0x7F760613) addi a2, a2, 2039
x12 <- 0xFFF56FF76DF56FF7
mem[X,0x0000000080000178] -> 0x1613
mem[X,0x000000008000017A] -> 0x00A6
[99] [M]: 0x0000000080000178 (0x00A61613) slli a2, a2, 10
x12 <- 0xD5BFDDB7D5BFDC00
clint::tick mtime <- 0x0000000000000001
 clint timer pending at mtime 0x0000000000000001
htif::tick 0x0000000000000000
mem[X,0x000000008000017C] -> 0x0613
mem[X,0x000000008000017E] -> 0x1B76
[100] [M]: 0x000000008000017C (0x1B760613) addi a2, a2, 439
x12 <- 0xD5BFDDB7D5BFDDB7
mem[X,0x0000000080000180] -> 0xF6B7
mem[X,0x0000000080000182] -> 0xEADF
[101] [M]: 0x0000000080000180 (0xEADFF6B7) lui a3, 962047
x13 <- 0xFFFFFFFFEADFF000
mem[X,0x0000000080000184] -> 0x8693
mem[X,0x0000000080000186] -> 0xEDB6
[102] [M]: 0x0000000080000184 (0xEDB68693) addi a3, a3, 3803
x13 <- 0xFFFFFFFFEADFEEDB
mem[X,0x0000000080000188] -> 0x9693
mem[X,0x000000008000018A] -> 0x00B6
[103] [M]: 0x0000000080000188 (0x00B69693) slli a3, a3, 11
x13 <- 0xFFFFFF56FF76D800
mem[X,0x000000008000018C] -> 0x8693
mem[X,0x000000008000018E] -> 0x7566
[104] [M]: 0x000000008000018C (0x75668693) addi a3, a3, 1878
x13 <- 0xFFFFFF56FF76DF56
mem[X,0x0000000080000190] -> 0x9693
mem[X,0x0000000080000192] -> 0x00B6
[105] [M]: 0x0000000080000190 (0x00B69693) slli a3, a3, 11
x13 <- 0xFFFAB7FBB6FAB000
mem[X,0x0000000080000194] -> 0x8693
mem[X,0x0000000080000196] -> 0x7FB6
[106] [M]: 0x0000000080000194 (0x7FB68693) addi a3, a3, 2043
x13 <- 0xFFFAB7FBB6FAB7FB
mem[X,0x0000000080000198] -> 0x9693
mem[X,0x000000008000019A] -> 0x00A6
[107] [M]: 0x0000000080000198 (0x00A69693) slli a3, a3, 10
x13 <- 0xEADFEEDBEADFEC00
mem[X,0x000000008000019C] -> 0x8693
mem[X,0x000000008000019E] -> 0x2DB6
[108] [M]: 0x000000008000019C (0x2DB68693) addi a3, a3, 731
x13 <- 0xEADFEEDBEADFEEDB
mem[X,0x00000000800001A0] -> 0xF737
mem[X,0x00000000800001A2] -> 0xF56F
[109] [M]: 0x00000000800001A0 (0xF56FF737) lui a4, 1005311
x14 <- 0xFFFFFFFFF56FF000
mem[X,0x00000000800001A4] -> 0x0713
mem[X,0x00000000800001A6] -> 0x76D7
[110] [M]: 0x00000000800001A4 (0x76D70713) addi a4, a4, 1901
x14 <- 0xFFFFFFFFF56FF76D
mem[X,0x00000000800001A8] -> 0x1713
mem[X,0x00000000800001AA] -> 0x00B7
[111] [M]: 0x00000000800001A8 (0x00B71713) slli a4, a4, 11
x14 <- 0xFFFFFFAB7FBB6800
mem[X,0x00000000800001AC] -> 0x0713
mem[X,0x00000000800001AE] -> 0x7AB7
[112] [M]: 0x00000000800001AC (0x7AB70713) addi a4, a4, 1963
x14 <- 0xFFFFFFAB7FBB6FAB
mem[X,0x00000000800001B0] -> 0x1713
mem[X,0x00000000800001B2] -> 0x00B7
[113] [M]: 0x00000000800001B0 (0x00B71713) slli a4, a4, 11
x14 <- 0xFFFD5BFDDB7D5800
mem[X,0x00000000800001B4] -> 0x0713
mem[X,0x00000000800001B6] -> 0x3FD7
[114] [M]: 0x00000000800001B4 (0x3FD70713) addi a4, a4, 1021
x14 <- 0xFFFD5BFDDB7D5BFD
mem[X,0x00000000800001B8] -> 0x1713
mem[X,0x00000000800001BA] -> 0x00A7
[115] [M]: 0x00000000800001B8 (0x00A71713) slli a4, a4, 10
x14 <- 0xF56FF76DF56FF400
mem[X,0x00000000800001BC] -> 0x0713
mem[X,0x00000000800001BE] -> 0x36D7
[116] [M]: 0x00000000800001BC (0x36D70713) addi a4, a4, 877
x14 <- 0xF56FF76DF56FF76D
mem[X,0x00000000800001C0] -> 0x07B7
mem[X,0x00000000800001C2] -> 0xFAB8
[117] [M]: 0x00000000800001C0 (0xFAB807B7) lui a5, 1026944
x15 <- 0xFFFFFFFFFAB80000
mem[X,0x00000000800001C4] -> 0x8793
mem[X,0x00000000800001C6] -> 0xBB67
[118] [M]: 0x00000000800001C4 (0xBB678793) addi a5, a5, 2998
x15 <- 0xFFFFFFFFFAB7FBB6
mem[X,0x00000000800001C8] -> 0x9793
mem[X,0x00000000800001CA] -> 0x00B7
[119] [M]: 0x00000000800001C8 (0x00B79793) slli a5, a5, 11
x15 <- 0xFFFFFFD5BFDDB000
mem[X,0x00000000800001CC] -> 0x8793
mem[X,0x00000000800001CE] -> 0x7D57
[120] [M]: 0x00000000800001CC (0x7D578793) addi a5, a5, 2005
x15 <- 0xFFFFFFD5BFDDB7D5
mem[X,0x00000000800001D0] -> 0x9793
mem[X,0x00000000800001D2] -> 0x00B7
[121] [M]: 0x00000000800001D0 (0x00B79793) slli a5, a5, 11
x15 <- 0xFFFEADFEEDBEA800
mem[X,0x00000000800001D4] -> 0x8793
mem[X,0x00000000800001D6] -> 0x5FE7
[122] [M]: 0x00000000800001D4 (0x5FE78793) addi a5, a5, 1534
x15 <- 0xFFFEADFEEDBEADFE
mem[X,0x00000000800001D8] -> 0x9793
mem[X,0x00000000800001DA] -> 0x00A7
[123] [M]: 0x00000000800001D8 (0x00A79793) slli a5, a5, 10
x15 <- 0xFAB7FBB6FAB7F800
mem[X,0x00000000800001DC] -> 0x8793
mem[X,0x00000000800001DE] -> 0x3B67
[124] [M]: 0x00000000800001DC (0x3B678793) addi a5, a5, 950
x15 <- 0xFAB7FBB6FAB7FBB6
mem[X,0x00000000800001E0] -> 0x0837
mem[X,0x00000000800001E2] -> 0x7D5C
[125] [M]: 0x00000000800001E0 (0x7D5C0837) lui a6, 513472
x16 <- 0x000000007D5C0000
mem[X,0x00000000800001E4] -> 0x0813
mem[X,0x00000000800001E6] -> 0xDDB8
[126] [M]: 0x00000000800001E4 (0xDDB80813) addi a6, a6, 3547
x16 <- 0x000000007D5BFDDB
mem[X,0x00000000800001E8] -> 0x1813
mem[X,0x00000000800001EA] -> 0x00B8
[127] [M]: 0x00000000800001E8 (0x00B81813) slli a6, a6, 11
x16 <- 0x000003EADFEED800
mem[X,0x00000000800001EC] -> 0x0813
mem[X,0x00000000800001EE] -> 0x3EA8
[128] [M]: 0x00000000800001EC (0x3EA80813) addi a6, a6, 1002
x16 <- 0x000003EADFEEDBEA
mem[X,0x00000000800001F0] -> 0x1813
mem[X,0x00000000800001F2] -> 0x00B8
[129] [M]: 0x00000000800001F0 (0x00B81813) slli a6, a6, 11
x16 <- 0x001F56FF76DF5000
mem[X,0x00000000800001F4] -> 0x0813
mem[X,0x00000000800001F6] -> 0x6FF8
[130] [M]: 0x00000000800001F4 (0x6FF80813) addi a6, a6, 1791
x16 <- 0x001F56FF76DF56FF
mem[X,0x00000000800001F8] -> 0x1813
mem[X,0x00000000800001FA] -> 0x00A8
[131] [M]: 0x00000000800001F8 (0x00A81813) slli a6, a6, 10
x16 <- 0x7D5BFDDB7D5BFC00
mem[X,0x00000000800001FC] -> 0x0813
mem[X,0x00000000800001FE] -> 0x1DB8
[132] [M]: 0x00000000800001FC (0x1DB80813) addi a6, a6, 475
x16 <- 0x7D5BFDDB7D5BFDDB
mem[X,0x0000000080000200] -> 0x08B7
mem[X,0x0000000080000202] -> 0xBEAE
[133] [M]: 0x0000000080000200 (0xBEAE08B7) lui a7, 781024
x17 <- 0xFFFFFFFFBEAE0000
mem[X,0x0000000080000204] -> 0x8893
mem[X,0x0000000080000206] -> 0xEED8
[134] [M]: 0x0000000080000204 (0xEED88893) addi a7, a7, 3821
x17 <- 0xFFFFFFFFBEADFEED
mem[X,0x0000000080000208] -> 0x9893
mem[X,0x000000008000020A] -> 0x00B8
[135] [M]: 0x0000000080000208 (0x00B89893) slli a7, a7, 11
x17 <- 0xFFFFFDF56FF76800
mem[X,0x000000008000020C] -> 0x8893
mem[X,0x000000008000020E] -> 0x5F58
[136] [M]: 0x000000008000020C (0x5F588893) addi a7, a7, 1525
x17 <- 0xFFFFFDF56FF76DF5
mem[X,0x0000000080000210] -> 0x9893
mem[X,0x0000000080000212] -> 0x00B8
[137] [M]: 0x0000000080000210 (0x00B89893) slli a7, a7, 11
x17 <- 0xFFEFAB7FBB6FA800
mem[X,0x0000000080000214] -> 0x8893
mem[X,0x0000000080000216] -> 0x37F8
[138] [M]: 0x0000000080000214 (0x37F88893) addi a7, a7, 895
x17 <- 0xFFEFAB7FBB6FAB7F
mem[X,0x0000000080000218] -> 0x9893
mem[X,0x000000008000021A] -> 0x00A8
[139] [M]: 0x0000000080000218 (0x00A89893) slli a7, a7, 10
x17 <- 0xBEADFEEDBEADFC00
mem[X,0x000000008000021C] -> 0x8893
mem[X,0x000000008000021E] -> 0x2ED8
[140] [M]: 0x000000008000021C (0x2ED88893) addi a7, a7, 749
x17 <- 0xBEADFEEDBEADFEED
mem[X,0x0000000080000220] -> 0x0937
mem[X,0x0000000080000222] -> 0xDF57
[141] [M]: 0x0000000080000220 (0xDF570937) lui s2, 914800
x18 <- 0xFFFFFFFFDF570000
mem[X,0x0000000080000224] -> 0x0913
mem[X,0x0000000080000226] -> 0xF769
[142] [M]: 0x0000000080000224 (0xF7690913) addi s2, s2, 3958
x18 <- 0xFFFFFFFFDF56FF76
mem[X,0x0000000080000228] -> 0x1913
mem[X,0x000000008000022A] -> 0x00B9
[143] [M]: 0x0000000080000228 (0x00B91913) slli s2, s2, 11
x18 <- 0xFFFFFEFAB7FBB000
mem[X,0x000000008000022C] -> 0x0913
mem[X,0x000000008000022E] -> 0x6FA9
[144] [M]: 0x000000008000022C (0x6FA90913) addi s2, s2, 1786
x18 <- 0xFFFFFEFAB7FBB6FA
mem[X,0x0000000080000230] -> 0x1913
mem[X,0x0000000080000232] -> 0x00B9
[145] [M]: 0x0000000080000230 (0x00B91913) slli s2, s2, 11
x18 <- 0xFFF7D5BFDDB7D000
mem[X,0x0000000080000234] -> 0x0913
mem[X,0x0000000080000236] -> 0x5BF9
[146] [M]: 0x0000000080000234 (0x5BF90913) addi s2, s2, 1471
x18 <- 0xFFF7D5BFDDB7D5BF
mem[X,0x0000000080000238] -> 0x1913
mem[X,0x000000008000023A] -> 0x00A9
[147] [M]: 0x0000000080000238 (0x00A91913) slli s2, s2, 10
x18 <- 0xDF56FF76DF56FC00
mem[X,0x000000008000023C] -> 0x0913
mem[X,0x000000008000023E] -> 0x3769
[148] [M]: 0x000000008000023C (0x37690913) addi s2, s2, 886
x18 <- 0xDF56FF76DF56FF76
mem[X,0x0000000080000240] -> 0x89B7
mem[X,0x0000000080000242] -> 0x6FAB
[149] [M]: 0x0000000080000240 (0x6FAB89B7) lui s3, 457400
x19 <- 0x000000006FAB8000
mem[X,0x0000000080000244] -> 0x8993
mem[X,0x0000000080000246] -> 0xFBB9
[150] [M]: 0x0000000080000244 (0xFBB98993) addi s3, s3, 4027
x19 <- 0x000000006FAB7FBB
mem[X,0x0000000080000248] -> 0x9993
mem[X,0x000000008000024A] -> 0x00B9
[151] [M]: 0x0000000080000248 (0x00B99993) slli s3, s3, 11
x19 <- 0x0000037D5BFDD800
mem[X,0x000000008000024C] -> 0x8993
mem[X,0x000000008000024E] -> 0x37D9
[152] [M]: 0x000000008000024C (0x37D98993) addi s3, s3, 893
x19 <- 0x0000037D5BFDDB7D
mem[X,0x0000000080000250] -> 0x9993
mem[X,0x0000000080000252] -> 0x00B9
[153] [M]: 0x0000000080000250 (0x00B99993) slli s3, s3, 11
x19 <- 0x001BEADFEEDBE800
mem[X,0x0000000080000254] -> 0x8993
mem[X,0x0000000080000256] -> 0x2DF9
[154] [M]: 0x0000000080000254 (0x2DF98993) addi s3, s3, 735
x19 <- 0x001BEADFEEDBEADF
mem[X,0x0000000080000258] -> 0x9993
mem[X,0x000000008000025A] -> 0x00A9
[155] [M]: 0x0000000080000258 (0x00A99993) slli s3, s3, 10
x19 <- 0x6FAB7FBB6FAB7C00
mem[X,0x000000008000025C] -> 0x8993
mem[X,0x000000008000025E] -> 0x3BB9
[156] [M]: 0x000000008000025C (0x3BB98993) addi s3, s3, 955
x19 <- 0x6FAB7FBB6FAB7FBB
mem[X,0x0000000080000260] -> 0xCA37
mem[X,0x0000000080000262] -> 0xB7D5
[157] [M]: 0x0000000080000260 (0xB7D5CA37) lui s4, 752988
x20 <- 0xFFFFFFFFB7D5C000
mem[X,0x0000000080000264] -> 0x0A13
mem[X,0x0000000080000266] -> 0xFDDA
[158] [M]: 0x0000000080000264 (0xFDDA0A13) addi s4, s4, 4061
x20 <- 0xFFFFFFFFB7D5BFDD
mem[X,0x0000000080000268] -> 0x1A13
mem[X,0x000000008000026A] -> 0x00BA
[159] [M]: 0x0000000080000268 (0x00BA1A13) slli s4, s4, 11
x20 <- 0xFFFFFDBEADFEE800
mem[X,0x000000008000026C] -> 0x0A13
mem[X,0x000000008000026E] -> 0x5BEA
[160] [M]: 0x000000008000026C (0x5BEA0A13) addi s4, s4, 1470
x20 <- 0xFFFFFDBEADFEEDBE
mem[X,0x0000000080000270] -> 0x1A13
mem[X,0x0000000080000272] -> 0x00BA
[161] [M]: 0x0000000080000270 (0x00BA1A13) slli s4, s4, 11
x20 <- 0xFFEDF56FF76DF000
mem[X,0x0000000080000274] -> 0x0A13
mem[X,0x0000000080000276] -> 0x56FA
[162] [M]: 0x0000000080000274 (0x56FA0A13) addi s4, s4, 1391
x20 <- 0xFFEDF56FF76DF56F
mem[X,0x0000000080000278] -> 0x1A13
mem[X,0x000000008000027A] -> 0x00AA
[163] [M]: 0x0000000080000278 (0x00AA1A13) slli s4, s4, 10
x20 <- 0xB7D5BFDDB7D5BC00
mem[X,0x000000008000027C] -> 0x0A13
mem[X,0x000000008000027E] -> 0x3DDA
[164] [M]: 0x000000008000027C (0x3DDA0A13) addi s4, s4, 989
x20 <- 0xB7D5BFDDB7D5BFDD
mem[X,0x0000000080000280] -> 0xEAB7
mem[X,0x0000000080000282] -> 0xDBEA
[165] [M]: 0x0000000080000280 (0xDBEAEAB7) lui s5, 900782
x21 <- 0xFFFFFFFFDBEAE000
mem[X,0x0000000080000284] -> 0x8A93
mem[X,0x0000000080000286] -> 0xFEEA
[166] [M]: 0x0000000080000284 (0xFEEA8A93) addi s5, s5, 4078
x21 <- 0xFFFFFFFFDBEADFEE
mem[X,0x0000000080000288] -> 0x9A93
mem[X,0x000000008000028A] -> 0x00BA
[167] [M]: 0x0000000080000288 (0x00BA9A93) slli s5, s5, 11
x21 <- 0xFFFFFEDF56FF7000
mem[X,0x000000008000028C] -> 0x8A93
mem[X,0x000000008000028E] -> 0x6DFA
[168] [M]: 0x000000008000028C (0x6DFA8A93) addi s5, s5, 1759
x21 <- 0xFFFFFEDF56FF76DF
mem[X,0x0000000080000290] -> 0x9A93
mem[X,0x0000000080000292] -> 0x00BA
[169] [M]: 0x0000000080000290 (0x00BA9A93) slli s5, s5, 11
x21 <- 0xFFF6FAB7FBB6F800
mem[X,0x0000000080000294] -> 0x8A93
mem[X,0x0000000080000296] -> 0x2B7A
[170] [M]: 0x0000000080000294 (0x2B7A8A93) addi s5, s5, 695
x21 <- 0xFFF6FAB7FBB6FAB7
mem[X,0x0000000080000298] -> 0x9A93
mem[X,0x000000008000029A] -> 0x00AA
[171] [M]: 0x0000000080000298 (0x00AA9A93) slli s5, s5, 10
x21 <- 0xDBEADFEEDBEADC00
mem[X,0x000000008000029C] -> 0x8A93
mem[X,0x000000008000029E] -> 0x3EEA
[172] [M]: 0x000000008000029C (0x3EEA8A93) addi s5, s5, 1006
x21 <- 0xDBEADFEEDBEADFEE
mem[X,0x00000000800002A0] -> 0x7B37
mem[X,0x00000000800002A2] -> 0x6DF5
[173] [M]: 0x00000000800002A0 (0x6DF57B37) lui s6, 450391
x22 <- 0x000000006DF57000
mem[X,0x00000000800002A4] -> 0x0B13
mem[X,0x00000000800002A6] -> 0xFF7B
[174] [M]: 0x00000000800002A4 (0xFF7B0B13) addi s6, s6, 4087
x22 <- 0x000000006DF56FF7
mem[X,0x00000000800002A8] -> 0x1B13
mem[X,0x00000000800002AA] -> 0x00BB
[175] [M]: 0x00000000800002A8 (0x00BB1B13) slli s6, s6, 11
x22 <- 0x0000036FAB7FB800
mem[X,0x00000000800002AC] -> 0x0B13
mem[X,0x00000000800002AE] -> 0x36FB
[176] [M]: 0x00000000800002AC (0x36FB0B13) addi s6, s6, 879
x22 <- 0x0000036FAB7FBB6F
mem[X,0x00000000800002B0] -> 0x1B13
mem[X,0x00000000800002B2] -> 0x00BB
[177] [M]: 0x00000000800002B0 (0x00BB1B13) slli s6, s6, 11
x22 <- 0x001B7D5BFDDB7800
mem[X,0x00000000800002B4] -> 0x0B13
mem[X,0x00000000800002B6] -> 0x55BB
[178] [M]: 0x00000000800002B4 (0x55BB0B13) addi s6, s6, 1371
x22 <- 0x001B7D5BFDDB7D5B
mem[X,0x00000000800002B8] -> 0x1B13
mem[X,0x00000000800002BA] -> 0x00AB
[179] [M]: 0x00000000800002B8 (0x00AB1B13) slli s6, s6, 10
x22 <- 0x6DF56FF76DF56C00
mem[X,0x00000000800002BC] -> 0x0B13
mem[X,0x00000000800002BE] -> 0x3F7B
[180] [M]: 0x00000000800002BC (0x3F7B0B13) addi s6, s6, 1015
x22 <- 0x6DF56FF76DF56FF7
mem[X,0x00000000800002C0] -> 0xBBB7
mem[X,0x00000000800002C2] -> 0xB6FA
[181] [M]: 0x00000000800002C0 (0xB6FABBB7) lui s7, 749483
x23 <- 0xFFFFFFFFB6FAB000
mem[X,0x00000000800002C4] -> 0x8B93
mem[X,0x00000000800002C6] -> 0x7FBB
[182] [M]: 0x00000000800002C4 (0x7FBB8B93) addi s7, s7, 2043
x23 <- 0xFFFFFFFFB6FAB7FB
mem[X,0x00000000800002C8] -> 0x9B93
mem[X,0x00000000800002CA] -> 0x00BB
[183] [M]: 0x00000000800002C8 (0x00BB9B93) slli s7, s7, 11
x23 <- 0xFFFFFDB7D5BFD800
mem[X,0x00000000800002CC] -> 0x8B93
mem[X,0x00000000800002CE] -> 0x5B7B
[184] [M]: 0x00000000800002CC (0x5B7B8B93) addi s7, s7, 1463
x23 <- 0xFFFFFDB7D5BFDDB7
mem[X,0x00000000800002D0] -> 0x9B93
mem[X,0x00000000800002D2] -> 0x00BB
[185] [M]: 0x00000000800002D0 (0x00BB9B93) slli s7, s7, 11
x23 <- 0xFFEDBEADFEEDB800
mem[X,0x00000000800002D4] -> 0x8B93
mem[X,0x00000000800002D6] -> 0x6ADB
[186] [M]: 0x00000000800002D4 (0x6ADB8B93) addi s7, s7, 1709
x23 <- 0xFFEDBEADFEEDBEAD
mem[X,0x00000000800002D8] -> 0x9B93
mem[X,0x00000000800002DA] -> 0x00AB
[187] [M]: 0x00000000800002D8 (0x00AB9B93) slli s7, s7, 10
x23 <- 0xB6FAB7FBB6FAB400
mem[X,0x00000000800002DC] -> 0x8B93
mem[X,0x00000000800002DE] -> 0x3FBB
[188] [M]: 0x00000000800002DC (0x3FBB8B93) addi s7, s7, 1019
x23 <- 0xB6FAB7FBB6FAB7FB
mem[X,0x00000000800002E0] -> 0x6C37
mem[X,0x00000000800002E2] -> 0xDB7D
[189] [M]: 0x00000000800002E0 (0xDB7D6C37) lui s8, 899030
x24 <- 0xFFFFFFFFDB7D6000
mem[X,0x00000000800002E4] -> 0x0C13
mem[X,0x00000000800002E6] -> 0xBFDC
[190] [M]: 0x00000000800002E4 (0xBFDC0C13) addi s8, s8, 3069
x24 <- 0xFFFFFFFFDB7D5BFD
mem[X,0x00000000800002E8] -> 0x1C13
mem[X,0x00000000800002EA] -> 0x00BC
[191] [M]: 0x00000000800002E8 (0x00BC1C13) slli s8, s8, 11
x24 <- 0xFFFFFEDBEADFE800
mem[X,0x00000000800002EC] -> 0x0C13
mem[X,0x00000000800002EE] -> 0x6DBC
[192] [M]: 0x00000000800002EC (0x6DBC0C13) addi s8, s8, 1755
x24 <- 0xFFFFFEDBEADFEEDB
mem[X,0x00000000800002F0] -> 0x1C13
mem[X,0x00000000800002F2] -> 0x00BC
[193] [M]: 0x00000000800002F0 (0x00BC1C13) slli s8, s8, 11
x24 <- 0xFFF6DF56FF76D800
mem[X,0x00000000800002F4] -> 0x0C13
mem[X,0x00000000800002F6] -> 0x756C
[194] [M]: 0x00000000800002F4 (0x756C0C13) addi s8, s8, 1878
x24 <- 0xFFF6DF56FF76DF56
mem[X,0x00000000800002F8] -> 0x1C13
mem[X,0x00000000800002FA] -> 0x00AC
[195] [M]: 0x00000000800002F8 (0x00AC1C13) slli s8, s8, 10
x24 <- 0xDB7D5BFDDB7D5800
mem[X,0x00000000800002FC] -> 0x0C13
mem[X,0x00000000800002FE] -> 0x3FDC
[196] [M]: 0x00000000800002FC (0x3FDC0C13) addi s8, s8, 1021
x24 <- 0xDB7D5BFDDB7D5BFD
mem[X,0x0000000080000300] -> 0xBCB7
mem[X,0x0000000080000302] -> 0xEDBE
[197] [M]: 0x0000000080000300 (0xEDBEBCB7) lui s9, 973803
x25 <- 0xFFFFFFFFEDBEB000
mem[X,0x0000000080000304] -> 0x8C93
mem[X,0x0000000080000306] -> 0xDFEC
[198] [M]: 0x0000000080000304 (0xDFEC8C93) addi s9, s9, 3582
x25 <- 0xFFFFFFFFEDBEADFE
mem[X,0x0000000080000308] -> 0x9C93
mem[X,0x000000008000030A] -> 0x00BC
[199] [M]: 0x0000000080000308 (0x00BC9C93) slli s9, s9, 11
x25 <- 0xFFFFFF6DF56FF000
clint::tick mtime <- 0x0000000000000002
 clint timer pending at mtime 0x0000000000000002
htif::tick 0x0000000000000000
mem[X,0x000000008000030C] -> 0x8C93
mem[X,0x000000008000030E] -> 0x76DC
[200] [M]: 0x000000008000030C (0x76DC8C93) addi s9, s9, 1901
x25 <- 0xFFFFFF6DF56FF76D
mem[X,0x0000000080000310] -> 0x9C93
mem[X,0x0000000080000312] -> 0x00BC
[201] [M]: 0x0000000080000310 (0x00BC9C93) slli s9, s9, 11
x25 <- 0xFFFB6FAB7FBB6800
mem[X,0x0000000080000314] -> 0x8C93
mem[X,0x0000000080000316] -> 0x7ABC
[202] [M]: 0x0000000080000314 (0x7ABC8C93) addi s9, s9, 1963
x25 <- 0xFFFB6FAB7FBB6FAB
mem[X,0x0000000080000318] -> 0x9C93
mem[X,0x000000008000031A] -> 0x00AC
[203] [M]: 0x0000000080000318 (0x00AC9C93) slli s9, s9, 10
x25 <- 0xEDBEADFEEDBEAC00
mem[X,0x000000008000031C] -> 0x8C93
mem[X,0x000000008000031E] -> 0x1FEC
[204] [M]: 0x000000008000031C (0x1FEC8C93) addi s9, s9, 510
x25 <- 0xEDBEADFEEDBEADFE
mem[X,0x0000000080000320] -> 0x5D37
mem[X,0x0000000080000322] -> 0x76DF
[205] [M]: 0x0000000080000320 (0x76DF5D37) lui s10, 486901
x26 <- 0x0000000076DF5000
mem[X,0x0000000080000324] -> 0x0D13
mem[X,0x0000000080000326] -> 0x6FFD
[206] [M]: 0x0000000080000324 (0x6FFD0D13) addi s10, s10, 1791
x26 <- 0x0000000076DF56FF
mem[X,0x0000000080000328] -> 0x1D13
mem[X,0x000000008000032A] -> 0x00BD
[207] [M]: 0x0000000080000328 (0x00BD1D13) slli s10, s10, 11
x26 <- 0x000003B6FAB7F800
mem[X,0x000000008000032C] -> 0x0D13
mem[X,0x000000008000032E] -> 0x3B6D
[208] [M]: 0x000000008000032C (0x3B6D0D13) addi s10, s10, 950
x26 <- 0x000003B6FAB7FBB6
mem[X,0x0000000080000330] -> 0x1D13
mem[X,0x0000000080000332] -> 0x00BD
[209] [M]: 0x0000000080000330 (0x00BD1D13) slli s10, s10, 11
x26 <- 0x001DB7D5BFDDB000
mem[X,0x0000000080000334] -> 0x0D13
mem[X,0x0000000080000336] -> 0x7D5D
[210] [M]: 0x0000000080000334 (0x7D5D0D13) addi s10, s10, 2005
x26 <- 0x001DB7D5BFDDB7D5
mem[X,0x0000000080000338] -> 0x1D13
mem[X,0x000000008000033A] -> 0x00AD
[211] [M]: 0x0000000080000338 (0x00AD1D13) slli s10, s10, 10
x26 <- 0x76DF56FF76DF5400
mem[X,0x000000008000033C] -> 0x0D13
mem[X,0x000000008000033E] -> 0x2FFD
[212] [M]: 0x000000008000033C (0x2FFD0D13) addi s10, s10, 767
x26 <- 0x76DF56FF76DF56FF
mem[X,0x0000000080000340] -> 0xBDB7
mem[X,0x0000000080000342] -> 0xBB6F
[213] [M]: 0x0000000080000340 (0xBB6FBDB7) lui s11, 767739
x27 <- 0xFFFFFFFFBB6FB000
mem[X,0x0000000080000344] -> 0x8D93
mem[X,0x0000000080000346] -> 0xB7FD
[214] [M]: 0x0000000080000344 (0xB7FD8D93) addi s11, s11, 2943
x27 <- 0xFFFFFFFFBB6FAB7F
mem[X,0x0000000080000348] -> 0x9D93
mem[X,0x000000008000034A] -> 0x00BD
[215] [M]: 0x0000000080000348 (0x00BD9D93) slli s11, s11, 11
x27 <- 0xFFFFFDDB7D5BF800
mem[X,0x000000008000034C] -> 0x8D93
mem[X,0x000000008000034E] -> 0x5DBD
[216] [M]: 0x000000008000034C (0x5DBD8D93) addi s11, s11, 1499
x27 <- 0xFFFFFDDB7D5BFDDB
mem[X,0x0000000080000350] -> 0x9D93
mem[X,0x0000000080000352] -> 0x00BD
[217] [M]: 0x0000000080000350 (0x00BD9D93) slli s11, s11, 11
x27 <- 0xFFEEDBEADFEED800
mem[X,0x0000000080000354] -> 0x8D93
mem[X,0x0000000080000356] -> 0x3EAD
[218] [M]: 0x0000000080000354 (0x3EAD8D93) addi s11, s11, 1002
x27 <- 0xFFEEDBEADFEEDBEA
mem[X,0x0000000080000358] -> 0x9D93
mem[X,0x000000008000035A] -> 0x00AD
[219] [M]: 0x0000000080000358 (0x00AD9D93) slli s11, s11, 10
x27 <- 0xBB6FAB7FBB6FA800
mem[X,0x000000008000035C] -> 0x8D93
mem[X,0x000000008000035E] -> 0x37FD
[220] [M]: 0x000000008000035C (0x37FD8D93) addi s11, s11, 895
x27 <- 0xBB6FAB7FBB6FAB7F
mem[X,0x0000000080000360] -> 0xDE37
mem[X,0x0000000080000362] -> 0xDDB7
[221] [M]: 0x0000000080000360 (0xDDB7DE37) lui t3, 908157
x28 <- 0xFFFFFFFFDDB7D000
mem[X,0x0000000080000364] -> 0x0E13
mem[X,0x0000000080000366] -> 0x5BFE
[222] [M]: 0x0000000080000364 (0x5BFE0E13) addi t3, t3, 1471
x28 <- 0xFFFFFFFFDDB7D5BF
mem[X,0x0000000080000368] -> 0x1E13
mem[X,0x000000008000036A] -> 0x00BE
[223] [M]: 0x0000000080000368 (0x00BE1E13) slli t3, t3, 11
x28 <- 0xFFFFFEEDBEADF800
mem[X,0x000000008000036C] -> 0x0E13
mem[X,0x000000008000036E] -> 0x6EDE
[224] [M]: 0x000000008000036C (0x6EDE0E13) addi t3, t3, 1773
x28 <- 0xFFFFFEEDBEADFEED
mem[X,0x0000000080000370] -> 0x1E13
mem[X,0x0000000080000372] -> 0x00BE
[225] [M]: 0x0000000080000370 (0x00BE1E13) slli t3, t3, 11
x28 <- 0xFFF76DF56FF76800
mem[X,0x0000000080000374] -> 0x0E13
mem[X,0x0000000080000376] -> 0x5F5E
[226] [M]: 0x0000000080000374 (0x5F5E0E13) addi t3, t3, 1525
x28 <- 0xFFF76DF56FF76DF5
mem[X,0x0000000080000378] -> 0x1E13
mem[X,0x000000008000037A] -> 0x00AE
[227] [M]: 0x0000000080000378 (0x00AE1E13) slli t3, t3, 10
x28 <- 0xDDB7D5BFDDB7D400
mem[X,0x000000008000037C] -> 0x0E13
mem[X,0x000000008000037E] -> 0x1BFE
[228] [M]: 0x000000008000037C (0x1BFE0E13) addi t3, t3, 447
x28 <- 0xDDB7D5BFDDB7D5BF
mem[X,0x0000000080000380] -> 0xFEB7
mem[X,0x0000000080000382] -> 0xEEDB
[229] [M]: 0x0000000080000380 (0xEEDBFEB7) lui t4, 978367
x29 <- 0xFFFFFFFFEEDBF000
mem[X,0x0000000080000384] -> 0x8E93
mem[X,0x0000000080000386] -> 0xADFE
[230] [M]: 0x0000000080000384 (0xADFE8E93) addi t4, t4, 2783
x29 <- 0xFFFFFFFFEEDBEADF
mem[X,0x0000000080000388] -> 0x9E93
mem[X,0x000000008000038A] -> 0x00BE
[231] [M]: 0x0000000080000388 (0x00BE9E93) slli t4, t4, 11
x29 <- 0xFFFFFF76DF56F800
mem[X,0x000000008000038C] -> 0x8E93
mem[X,0x000000008000038E] -> 0x776E
[232] [M]: 0x000000008000038C (0x776E8E93) addi t4, t4, 1910
x29 <- 0xFFFFFF76DF56FF76
mem[X,0x0000000080000390] -> 0x9E93
mem[X,0x0000000080000392] -> 0x00BE
[233] [M]: 0x0000000080000390 (0x00BE9E93) slli t4, t4, 11
x29 <- 0xFFFBB6FAB7FBB000
mem[X,0x0000000080000394] -> 0x8E93
mem[X,0x0000000080000396] -> 0x6FAE
[234] [M]: 0x0000000080000394 (0x6FAE8E93) addi t4, t4, 1786
x29 <- 0xFFFBB6FAB7FBB6FA
mem[X,0x0000000080000398] -> 0x9E93
mem[X,0x000000008000039A] -> 0x00AE
[235] [M]: 0x0000000080000398 (0x00AE9E93) slli t4, t4, 10
x29 <- 0xEEDBEADFEEDBE800
mem[X,0x000000008000039C] -> 0x8E93
mem[X,0x000000008000039E] -> 0x2DFE
[236] [M]: 0x000000008000039C (0x2DFE8E93) addi t4, t4, 735
x29 <- 0xEEDBEADFEEDBEADF
mem[X,0x00000000800003A0] -> 0xFF37
mem[X,0x00000000800003A2] -> 0xF76D
[237] [M]: 0x00000000800003A0 (0xF76DFF37) lui t5, 1013471
x30 <- 0xFFFFFFFFF76DF000
mem[X,0x00000000800003A4] -> 0x0F13
mem[X,0x00000000800003A6] -> 0x56FF
[238] [M]: 0x00000000800003A4 (0x56FF0F13) addi t5, t5, 1391
x30 <- 0xFFFFFFFFF76DF56F
mem[X,0x00000000800003A8] -> 0x1F13
mem[X,0x00000000800003AA] -> 0x00BF
[239] [M]: 0x00000000800003A8 (0x00BF1F13) slli t5, t5, 11
x30 <- 0xFFFFFFBB6FAB7800
mem[X,0x00000000800003AC] -> 0x0F13
mem[X,0x00000000800003AE] -> 0x7BBF
[240] [M]: 0x00000000800003AC (0x7BBF0F13) addi t5, t5, 1979
x30 <- 0xFFFFFFBB6FAB7FBB
mem[X,0x00000000800003B0] -> 0x1F13
mem[X,0x00000000800003B2] -> 0x00BF
[241] [M]: 0x00000000800003B0 (0x00BF1F13) slli t5, t5, 11
x30 <- 0xFFFDDB7D5BFDD800
mem[X,0x00000000800003B4] -> 0x0F13
mem[X,0x00000000800003B6] -> 0x37DF
[242] [M]: 0x00000000800003B4 (0x37DF0F13) addi t5, t5, 893
x30 <- 0xFFFDDB7D5BFDDB7D
mem[X,0x00000000800003B8] -> 0x1F13
mem[X,0x00000000800003BA] -> 0x00AF
[243] [M]: 0x00000000800003B8 (0x00AF1F13) slli t5, t5, 10
x30 <- 0xF76DF56FF76DF400
mem[X,0x00000000800003BC] -> 0x0F13
mem[X,0x00000000800003BE] -> 0x16FF
[244] [M]: 0x00000000800003BC (0x16FF0F13) addi t5, t5, 367
x30 <- 0xF76DF56FF76DF56F
mem[X,0x00000000800003C0] -> 0x0FB7
mem[X,0x00000000800003C2] -> 0xFBB7
[245] [M]: 0x00000000800003C0 (0xFBB70FB7) lui t6, 1031024
x31 <- 0xFFFFFFFFFBB70000
mem[X,0x00000000800003C4] -> 0x8F93
mem[X,0x00000000800003C6] -> 0xAB7F
[246] [M]: 0x00000000800003C4 (0xAB7F8F93) addi t6, t6, 2743
x31 <- 0xFFFFFFFFFBB6FAB7
mem[X,0x00000000800003C8] -> 0x9F93
mem[X,0x00000000800003CA] -> 0x00BF
[247] [M]: 0x00000000800003C8 (0x00BF9F93) slli t6, t6, 11
x31 <- 0xFFFFFFDDB7D5B800
mem[X,0x00000000800003CC] -> 0x8F93
mem[X,0x00000000800003CE] -> 0x7DDF
[248] [M]: 0x00000000800003CC (0x7DDF8F93) addi t6, t6, 2013
x31 <- 0xFFFFFFDDB7D5BFDD
mem[X,0x00000000800003D0] -> 0x9F93
mem[X,0x00000000800003D2] -> 0x00BF
[249] [M]: 0x00000000800003D0 (0x00BF9F93) slli t6, t6, 11
x31 <- 0xFFFEEDBEADFEE800
mem[X,0x00000000800003D4] -> 0x8F93
mem[X,0x00000000800003D6] -> 0x5BEF
[250] [M]: 0x00000000800003D4 (0x5BEF8F93) addi t6, t6, 1470
x31 <- 0xFFFEEDBEADFEEDBE
mem[X,0x00000000800003D8] -> 0x9F93
mem[X,0x00000000800003DA] -> 0x00AF
[251] [M]: 0x00000000800003D8 (0x00AF9F93) slli t6, t6, 10
x31 <- 0xFBB6FAB7FBB6F800
mem[X,0x00000000800003DC] -> 0x8F93
mem[X,0x00000000800003DE] -> 0x2B7F
[252] [M]: 0x00000000800003DC (0x2B7F8F93) addi t6, t6, 695
x31 <- 0xFBB6FAB7FBB6FAB7
mem[X,0x00000000800003E0] -> 0x6097
mem[X,0x00000000800003E2] -> 0x0000
[253] [M]: 0x00000000800003E0 (0x00006097) auipc ra, 6
x1 <- 0x00000000800063E0
mem[X,0x00000000800003E4] -> 0x8093
mem[X,0x00000000800003E6] -> 0xD380
[254] [M]: 0x00000000800003E4 (0xD3808093) addi ra, ra, 3384
x1 <- 0x0000000080006118
mem[X,0x00000000800003E8] -> 0x0013
mem[X,0x00000000800003EA] -> 0x0000
[255] [M]: 0x00000000800003E8 (0x00000013) addi zero, zero, 0
mem[X,0x00000000800003EC] -> 0x0013
mem[X,0x00000000800003EE] -> 0x0000
[256] [M]: 0x00000000800003EC (0x00000013) addi zero, zero, 0
mem[X,0x00000000800003F0] -> 0x0013
mem[X,0x00000000800003F2] -> 0x0000
[257] [M]: 0x00000000800003F0 (0x00000013) addi zero, zero, 0
mem[X,0x00000000800003F4] -> 0x0013
mem[X,0x00000000800003F6] -> 0x0000
[258] [M]: 0x00000000800003F4 (0x00000013) addi zero, zero, 0
mem[X,0x00000000800003F8] -> 0x0013
mem[X,0x00000000800003FA] -> 0x0000
[259] [M]: 0x00000000800003F8 (0x00000013) addi zero, zero, 0
mem[X,0x00000000800003FC] -> 0x0013
mem[X,0x00000000800003FE] -> 0x0000
[260] [M]: 0x00000000800003FC (0x00000013) addi zero, zero, 0
mem[X,0x0000000080000400] -> 0x0613
mem[X,0x0000000080000402] -> 0xFFF0
[261] [M]: 0x0000000080000400 (0xFFF00613) addi a2, zero, 4095
x12 <- 0xFFFFFFFFFFFFFFFF
mem[X,0x0000000080000404] -> 0x1613
mem[X,0x0000000080000406] -> 0x03F6
[262] [M]: 0x0000000080000404 (0x03F61613) slli a2, a2, 63
x12 <- 0x8000000000000000
mem[X,0x0000000080000408] -> 0xA051
[263] [M]: 0x0000000080000408 (0xA051) c.j 66
mem[X,0x000000008000048C] -> 0xF241
[264] [M]: 0x000000008000048C (0xF241) c.bnez a2, 192
mem[X,0x000000008000040C] -> 0x0113
mem[X,0x000000008000040E] -> 0x0011
[265] [M]: 0x000000008000040C (0x00110113) addi sp, sp, 1
x2 <- 0xFF76DF56FF76DF57
mem[X,0x0000000080000410] -> 0x006F
mem[X,0x0000000080000412] -> 0x0880
[266] [M]: 0x0000000080000410 (0x0880006F) jal zero, 136
mem[X,0x0000000080000498] -> 0xB023
mem[X,0x000000008000049A] -> 0x0020
[267] [M]: 0x0000000080000498 (0x0020B023) sd sp, 0(ra)
mem[0x0000000080006118] <- 0xFF76DF56FF76DF57
mem[X,0x000000008000049C] -> 0x0713
mem[X,0x000000008000049E] -> 0x0000
[268] [M]: 0x000000008000049C (0x00000713) addi a4, zero, 0
x14 <- 0x0000000000000000
mem[X,0x00000000800004A0] -> 0xA031
[269] [M]: 0x00000000800004A0 (0xA031) c.j 6
mem[X,0x00000000800004AC] -> 0xEB09
[270] [M]: 0x00000000800004AC (0xEB09) c.bnez a4, 9
mem[X,0x00000000800004AE] -> 0x0113
mem[X,0x00000000800004B0] -> 0x0021
[271] [M]: 0x00000000800004AE (0x00210113) addi sp, sp, 2
x2 <- 0xFF76DF56FF76DF59
mem[X,0x00000000800004B2] -> 0x006F
mem[X,0x00000000800004B4] -> 0x00E0
[272] [M]: 0x00000000800004B2 (0x00E0006F) jal zero, 14
mem[X,0x00000000800004C0] -> 0xB423
mem[X,0x00000000800004C2] -> 0x0020
[273] [M]: 0x00000000800004C0 (0x0020B423) sd sp, 8(ra)
mem[0x0000000080006120] <- 0xFF76DF56FF76DF59
mem[X,0x00000000800004C4] -> 0x0693
mem[X,0x00000000800004C6] -> 0xFFF0
[274] [M]: 0x00000000800004C4 (0xFFF00693) addi a3, zero, 4095
x13 <- 0xFFFFFFFFFFFFFFFF
mem[X,0x00000000800004C8] -> 0xD693
mem[X,0x00000000800004CA] -> 0x0016
[275] [M]: 0x00000000800004C8 (0x0016D693) srli a3, a3, 1
x13 <- 0x7FFFFFFFFFFFFFFF
mem[X,0x00000000800004CC] -> 0xA031
[276] [M]: 0x00000000800004CC (0xA031) c.j 6
mem[X,0x00000000800004D8] -> 0xFEE5
[277] [M]: 0x00000000800004D8 (0xFEE5) c.bnez a3, 252
mem[X,0x00000000800004D0] -> 0x0113
mem[X,0x00000000800004D2] -> 0x0011
[278] [M]: 0x00000000800004D0 (0x00110113) addi sp, sp, 1
x2 <- 0xFF76DF56FF76DF5A
mem[X,0x00000000800004D4] -> 0x006F
mem[X,0x00000000800004D6] -> 0x0100
[279] [M]: 0x00000000800004D4 (0x0100006F) jal zero, 16
mem[X,0x00000000800004E4] -> 0xB823
mem[X,0x00000000800004E6] -> 0x0020
[280] [M]: 0x00000000800004E4 (0x0020B823) sd sp, 16(ra)
mem[0x0000000080006128] <- 0xFF76DF56FF76DF5A
mem[X,0x00000000800004E8] -> 0x0793
mem[X,0x00000000800004EA] -> 0x0010
[281] [M]: 0x00000000800004E8 (0x00100793) addi a5, zero, 1
x15 <- 0x0000000000000001
mem[X,0x00000000800004EC] -> 0xA039
[282] [M]: 0x00000000800004EC (0xA039) c.j 7
mem[X,0x00000000800004FA] -> 0xFBFD
[283] [M]: 0x00000000800004FA (0xFBFD) c.bnez a5, 251
mem[X,0x00000000800004F0] -> 0x0113
mem[X,0x00000000800004F2] -> 0x0011
[284] [M]: 0x00000000800004F0 (0x00110113) addi sp, sp, 1
x2 <- 0xFF76DF56FF76DF5B
mem[X,0x00000000800004F4] -> 0x006F
mem[X,0x00000000800004F6] -> 0x0120
[285] [M]: 0x00000000800004F4 (0x0120006F) jal zero, 18
mem[X,0x0000000080000506] -> 0xBC23
mem[X,0x0000000080000508] -> 0x0020
[286] [M]: 0x0000000080000506 (0x0020BC23) sd sp, 24(ra)
mem[0x0000000080006130] <- 0xFF76DF56FF76DF5B
mem[X,0x000000008000050A] -> 0x0513
mem[X,0x000000008000050C] -> 0x0010
[287] [M]: 0x000000008000050A (0x00100513) addi a0, zero, 1
x10 <- 0x0000000000000001
mem[X,0x000000008000050E] -> 0x1513
mem[X,0x0000000080000510] -> 0x03D5
[288] [M]: 0x000000008000050E (0x03D51513) slli a0, a0, 61
x10 <- 0x2000000000000000
mem[X,0x0000000080000512] -> 0xA031
[289] [M]: 0x0000000080000512 (0xA031) c.j 6
mem[X,0x000000008000051E] -> 0xE141
[290] [M]: 0x000000008000051E (0xE141) c.bnez a0, 64
mem[X,0x000000008000059E] -> 0x010D
[291] [M]: 0x000000008000059E (0x010D) c.addi sp, 3
x2 <- 0xFF76DF56FF76DF5E
mem[X,0x00000000800005A0] -> 0xB023
mem[X,0x00000000800005A2] -> 0x0220
[292] [M]: 0x00000000800005A0 (0x0220B023) sd sp, 32(ra)
mem[0x0000000080006138] <- 0xFF76DF56FF76DF5E
mem[X,0x00000000800005A4] -> 0x0413
mem[X,0x00000000800005A6] -> 0x0010
[293] [M]: 0x00000000800005A4 (0x00100413) addi fp, zero, 1
x8 <- 0x0000000000000001
mem[X,0x00000000800005A8] -> 0x1413
mem[X,0x00000000800005AA] -> 0x00D4
[294] [M]: 0x00000000800005A8 (0x00D41413) slli fp, fp, 13
x8 <- 0x0000000000002000
mem[X,0x00000000800005AC] -> 0x4413
mem[X,0x00000000800005AE] -> 0xFFF4
[295] [M]: 0x00000000800005AC (0xFFF44413) xori fp, fp, 4095
x8 <- 0xFFFFFFFFFFFFDFFF
mem[X,0x00000000800005B0] -> 0xA031
[296] [M]: 0x00000000800005B0 (0xA031) c.j 6
mem[X,0x00000000800005BC] -> 0xE005
[297] [M]: 0x00000000800005BC (0xE005) c.bnez s0, 16
mem[X,0x00000000800005DC] -> 0x010D
[298] [M]: 0x00000000800005DC (0x010D) c.addi sp, 3
x2 <- 0xFF76DF56FF76DF61
mem[X,0x00000000800005DE] -> 0xB423
mem[X,0x00000000800005E0] -> 0x0220
[299] [M]: 0x00000000800005DE (0x0220B423) sd sp, 40(ra)
mem[0x0000000080006140] <- 0xFF76DF56FF76DF61
clint::tick mtime <- 0x0000000000000003
 clint timer pending at mtime 0x0000000000000003
htif::tick 0x0000000000000000
mem[X,0x00000000800005E2] -> 0x0593
mem[X,0x00000000800005E4] -> 0x0000
[300] [M]: 0x00000000800005E2 (0x00000593) addi a1, zero, 0
x11 <- 0x0000000000000000
mem[X,0x00000000800005E6] -> 0xA01D
[301] [M]: 0x00000000800005E6 (0xA01D) c.j 19
mem[X,0x000000008000060C] -> 0xFDF9
[302] [M]: 0x000000008000060C (0xFDF9) c.bnez a1, 239
mem[X,0x000000008000060E] -> 0x0113
mem[X,0x0000000080000610] -> 0x0021
[303] [M]: 0x000000008000060E (0x00210113) addi sp, sp, 2
x2 <- 0xFF76DF56FF76DF63
mem[X,0x0000000080000612] -> 0x006F
mem[X,0x0000000080000614] -> 0x0060
[304] [M]: 0x0000000080000612 (0x0060006F) jal zero, 6
mem[X,0x0000000080000618] -> 0xB823
mem[X,0x000000008000061A] -> 0x0220
[305] [M]: 0x0000000080000618 (0x0220B823) sd sp, 48(ra)
mem[0x0000000080006148] <- 0xFF76DF56FF76DF63
mem[X,0x000000008000061C] -> 0x0493
mem[X,0x000000008000061E] -> 0x0020
[306] [M]: 0x000000008000061C (0x00200493) addi s1, zero, 2
x9 <- 0x0000000000000002
mem[X,0x0000000080000620] -> 0xA031
[307] [M]: 0x0000000080000620 (0xA031) c.j 6
mem[X,0x000000008000062C] -> 0xE085
[308] [M]: 0x000000008000062C (0xE085) c.bnez s1, 16
mem[X,0x000000008000064C] -> 0x010D
[309] [M]: 0x000000008000064C (0x010D) c.addi sp, 3
x2 <- 0xFF76DF56FF76DF66
mem[X,0x000000008000064E] -> 0xBC23
mem[X,0x0000000080000650] -> 0x0220
[310] [M]: 0x000000008000064E (0x0220BC23) sd sp, 56(ra)
mem[0x0000000080006150] <- 0xFF76DF56FF76DF66
mem[X,0x0000000080000652] -> 0x0513
mem[X,0x0000000080000654] -> 0x0040
[311] [M]: 0x0000000080000652 (0x00400513) addi a0, zero, 4
x10 <- 0x0000000000000004
mem[X,0x0000000080000656] -> 0xA059
[312] [M]: 0x0000000080000656 (0xA059) c.j 67
mem[X,0x00000000800006DC] -> 0xFD3D
[313] [M]: 0x00000000800006DC (0xFD3D) c.bnez a0, 191
mem[X,0x000000008000065A] -> 0x0113
mem[X,0x000000008000065C] -> 0x0011
[314] [M]: 0x000000008000065A (0x00110113) addi sp, sp, 1
x2 <- 0xFF76DF56FF76DF67
mem[X,0x000000008000065E] -> 0x006F
mem[X,0x0000000080000660] -> 0x08A0
[315] [M]: 0x000000008000065E (0x08A0006F) jal zero, 138
mem[X,0x00000000800006E8] -> 0xB023
mem[X,0x00000000800006EA] -> 0x0420
[316] [M]: 0x00000000800006E8 (0x0420B023) sd sp, 64(ra)
mem[0x0000000080006158] <- 0xFF76DF56FF76DF67
mem[X,0x00000000800006EC] -> 0x0513
mem[X,0x00000000800006EE] -> 0x0080
[317] [M]: 0x00000000800006EC (0x00800513) addi a0, zero, 8
x10 <- 0x0000000000000008
mem[X,0x00000000800006F0] -> 0xA821
[318] [M]: 0x00000000800006F0 (0xA821) c.j 12
mem[X,0x0000000080000708] -> 0xF575
[319] [M]: 0x0000000080000708 (0xF575) c.bnez a0, 246
mem[X,0x00000000800006F4] -> 0x0113
mem[X,0x00000000800006F6] -> 0x0011
[320] [M]: 0x00000000800006F4 (0x00110113) addi sp, sp, 1
x2 <- 0xFF76DF56FF76DF68
mem[X,0x00000000800006F8] -> 0x006F
mem[X,0x00000000800006FA] -> 0x01C0
[321] [M]: 0x00000000800006F8 (0x01C0006F) jal zero, 28
mem[X,0x0000000080000714] -> 0xB423
mem[X,0x0000000080000716] -> 0x0420
[322] [M]: 0x0000000080000714 (0x0420B423) sd sp, 72(ra)
mem[0x0000000080006160] <- 0xFF76DF56FF76DF68
mem[X,0x0000000080000718] -> 0x0513
mem[X,0x000000008000071A] -> 0x0100
[323] [M]: 0x0000000080000718 (0x01000513) addi a0, zero, 16
x10 <- 0x0000000000000010
mem[X,0x000000008000071C] -> 0xA809
[324] [M]: 0x000000008000071C (0xA809) c.j 9
mem[X,0x000000008000072E] -> 0xF96D
[325] [M]: 0x000000008000072E (0xF96D) c.bnez a0, 249
mem[X,0x0000000080000720] -> 0x0113
mem[X,0x0000000080000722] -> 0x0011
[326] [M]: 0x0000000080000720 (0x00110113) addi sp, sp, 1
x2 <- 0xFF76DF56FF76DF69
mem[X,0x0000000080000724] -> 0x006F
mem[X,0x0000000080000726] -> 0x0160
[327] [M]: 0x0000000080000724 (0x0160006F) jal zero, 22
mem[X,0x000000008000073A] -> 0xB823
mem[X,0x000000008000073C] -> 0x0420
[328] [M]: 0x000000008000073A (0x0420B823) sd sp, 80(ra)
mem[0x0000000080006168] <- 0xFF76DF56FF76DF69
mem[X,0x000000008000073E] -> 0x0513
mem[X,0x0000000080000740] -> 0x0200
[329] [M]: 0x000000008000073E (0x02000513) addi a0, zero, 32
x10 <- 0x0000000000000020
mem[X,0x0000000080000742] -> 0xA051
[330] [M]: 0x0000000080000742 (0xA051) c.j 66
mem[X,0x00000000800007C6] -> 0xF141
[331] [M]: 0x00000000800007C6 (0xF141) c.bnez a0, 192
mem[X,0x0000000080000746] -> 0x0113
mem[X,0x0000000080000748] -> 0x0011
[332] [M]: 0x0000000080000746 (0x00110113) addi sp, sp, 1
x2 <- 0xFF76DF56FF76DF6A
mem[X,0x000000008000074A] -> 0x006F
mem[X,0x000000008000074C] -> 0x0880
[333] [M]: 0x000000008000074A (0x0880006F) jal zero, 136
mem[X,0x00000000800007D2] -> 0xBC23
mem[X,0x00000000800007D4] -> 0x0420
[334] [M]: 0x00000000800007D2 (0x0420BC23) sd sp, 88(ra)
mem[0x0000000080006170] <- 0xFF76DF56FF76DF6A
mem[X,0x00000000800007D6] -> 0x0513
mem[X,0x00000000800007D8] -> 0x0400
[335] [M]: 0x00000000800007D6 (0x04000513) addi a0, zero, 64
x10 <- 0x0000000000000040
mem[X,0x00000000800007DA] -> 0xA031
[336] [M]: 0x00000000800007DA (0xA031) c.j 6
mem[X,0x00000000800007E6] -> 0xE509
[337] [M]: 0x00000000800007E6 (0xE509) c.bnez a0, 5
mem[X,0x00000000800007F0] -> 0x010D
[338] [M]: 0x00000000800007F0 (0x010D) c.addi sp, 3
x2 <- 0xFF76DF56FF76DF6D
mem[X,0x00000000800007F2] -> 0xB023
mem[X,0x00000000800007F4] -> 0x0620
[339] [M]: 0x00000000800007F2 (0x0620B023) sd sp, 96(ra)
mem[0x0000000080006178] <- 0xFF76DF56FF76DF6D
mem[X,0x00000000800007F6] -> 0x0513
mem[X,0x00000000800007F8] -> 0x0800
[340] [M]: 0x00000000800007F6 (0x08000513) addi a0, zero, 128
x10 <- 0x0000000000000080
mem[X,0x00000000800007FA] -> 0xA031
[341] [M]: 0x00000000800007FA (0xA031) c.j 6
mem[X,0x0000000080000806] -> 0xE141
[342] [M]: 0x0000000080000806 (0xE141) c.bnez a0, 64
mem[X,0x0000000080000886] -> 0x010D
[343] [M]: 0x0000000080000886 (0x010D) c.addi sp, 3
x2 <- 0xFF76DF56FF76DF70
mem[X,0x0000000080000888] -> 0xB423
mem[X,0x000000008000088A] -> 0x0620
[344] [M]: 0x0000000080000888 (0x0620B423) sd sp, 104(ra)
mem[0x0000000080006180] <- 0xFF76DF56FF76DF70
mem[X,0x000000008000088C] -> 0x0513
mem[X,0x000000008000088E] -> 0x1000
[345] [M]: 0x000000008000088C (0x10000513) addi a0, zero, 256
x10 <- 0x0000000000000100
mem[X,0x0000000080000890] -> 0xA031
[346] [M]: 0x0000000080000890 (0xA031) c.j 6
mem[X,0x000000008000089C] -> 0xE509
[347] [M]: 0x000000008000089C (0xE509) c.bnez a0, 5
mem[X,0x00000000800008A6] -> 0x010D
[348] [M]: 0x00000000800008A6 (0x010D) c.addi sp, 3
x2 <- 0xFF76DF56FF76DF73
mem[X,0x00000000800008A8] -> 0xB823
mem[X,0x00000000800008AA] -> 0x0620
[349] [M]: 0x00000000800008A8 (0x0620B823) sd sp, 112(ra)
mem[0x0000000080006188] <- 0xFF76DF56FF76DF73
mem[X,0x00000000800008AC] -> 0x0513
mem[X,0x00000000800008AE] -> 0x2000
[350] [M]: 0x00000000800008AC (0x20000513) addi a0, zero, 512
x10 <- 0x0000000000000200
mem[X,0x00000000800008B0] -> 0xA031
[351] [M]: 0x00000000800008B0 (0xA031) c.j 6
mem[X,0x00000000800008BC] -> 0xE105
[352] [M]: 0x00000000800008BC (0xE105) c.bnez a0, 16
mem[X,0x00000000800008DC] -> 0x010D
[353] [M]: 0x00000000800008DC (0x010D) c.addi sp, 3
x2 <- 0xFF76DF56FF76DF76
mem[X,0x00000000800008DE] -> 0xBC23
mem[X,0x00000000800008E0] -> 0x0620
[354] [M]: 0x00000000800008DE (0x0620BC23) sd sp, 120(ra)
mem[0x0000000080006190] <- 0xFF76DF56FF76DF76
mem[X,0x00000000800008E2] -> 0x0513
mem[X,0x00000000800008E4] -> 0x4000
[355] [M]: 0x00000000800008E2 (0x40000513) addi a0, zero, 1024
x10 <- 0x0000000000000400
mem[X,0x00000000800008E6] -> 0xA099
[356] [M]: 0x00000000800008E6 (0xA099) c.j 35
mem[X,0x000000008000092C] -> 0xFD5D
[357] [M]: 0x000000008000092C (0xFD5D) c.bnez a0, 223
mem[X,0x00000000800008EA] -> 0x0113
mem[X,0x00000000800008EC] -> 0x0011
[358] [M]: 0x00000000800008EA (0x00110113) addi sp, sp, 1
x2 <- 0xFF76DF56FF76DF77
mem[X,0x00000000800008EE] -> 0x006F
mem[X,0x00000000800008F0] -> 0x04A0
[359] [M]: 0x00000000800008EE (0x04A0006F) jal zero, 74
mem[X,0x0000000080000938] -> 0xB023
mem[X,0x000000008000093A] -> 0x0820
[360] [M]: 0x0000000080000938 (0x0820B023) sd sp, 128(ra)
mem[0x0000000080006198] <- 0xFF76DF56FF76DF77
mem[X,0x000000008000093C] -> 0x0513
mem[X,0x000000008000093E] -> 0x0010
[361] [M]: 0x000000008000093C (0x00100513) addi a0, zero, 1
x10 <- 0x0000000000000001
mem[X,0x0000000080000940] -> 0x1513
mem[X,0x0000000080000942] -> 0x00B5
[362] [M]: 0x0000000080000940 (0x00B51513) slli a0, a0, 11
x10 <- 0x0000000000000800
mem[X,0x0000000080000944] -> 0xA845
[363] [M]: 0x0000000080000944 (0xA845) c.j 88
mem[X,0x00000000800009F4] -> 0xF931
[364] [M]: 0x00000000800009F4 (0xF931) c.bnez a0, 170
mem[X,0x0000000080000948] -> 0x0113
mem[X,0x000000008000094A] -> 0x0011
[365] [M]: 0x0000000080000948 (0x00110113) addi sp, sp, 1
x2 <- 0xFF76DF56FF76DF78
mem[X,0x000000008000094C] -> 0x006F
mem[X,0x000000008000094E] -> 0x0B40
[366] [M]: 0x000000008000094C (0x0B40006F) jal zero, 180
mem[X,0x0000000080000A00] -> 0xB423
mem[X,0x0000000080000A02] -> 0x0820
[367] [M]: 0x0000000080000A00 (0x0820B423) sd sp, 136(ra)
mem[0x00000000800061A0] <- 0xFF76DF56FF76DF78
mem[X,0x0000000080000A04] -> 0x0513
mem[X,0x0000000080000A06] -> 0x0010
[368] [M]: 0x0000000080000A04 (0x00100513) addi a0, zero, 1
x10 <- 0x0000000000000001
mem[X,0x0000000080000A08] -> 0x1513
mem[X,0x0000000080000A0A] -> 0x00C5
[369] [M]: 0x0000000080000A08 (0x00C51513) slli a0, a0, 12
x10 <- 0x0000000000001000
mem[X,0x0000000080000A0C] -> 0xA059
[370] [M]: 0x0000000080000A0C (0xA059) c.j 67
mem[X,0x0000000080000A92] -> 0xFD3D
[371] [M]: 0x0000000080000A92 (0xFD3D) c.bnez a0, 191
mem[X,0x0000000080000A10] -> 0x0113
mem[X,0x0000000080000A12] -> 0x0011
[372] [M]: 0x0000000080000A10 (0x00110113) addi sp, sp, 1
x2 <- 0xFF76DF56FF76DF79
mem[X,0x0000000080000A14] -> 0x006F
mem[X,0x0000000080000A16] -> 0x08A0
[373] [M]: 0x0000000080000A14 (0x08A0006F) jal zero, 138
mem[X,0x0000000080000A9E] -> 0xB823
mem[X,0x0000000080000AA0] -> 0x0820
[374] [M]: 0x0000000080000A9E (0x0820B823) sd sp, 144(ra)
mem[0x00000000800061A8] <- 0xFF76DF56FF76DF79
mem[X,0x0000000080000AA2] -> 0x0513
mem[X,0x0000000080000AA4] -> 0x0010
[375] [M]: 0x0000000080000AA2 (0x00100513) addi a0, zero, 1
x10 <- 0x0000000000000001
mem[X,0x0000000080000AA6] -> 0x1513
mem[X,0x0000000080000AA8] -> 0x00D5
[376] [M]: 0x0000000080000AA6 (0x00D51513) slli a0, a0, 13
x10 <- 0x0000000000002000
mem[X,0x0000000080000AAA] -> 0xA031
[377] [M]: 0x0000000080000AAA (0xA031) c.j 6
mem[X,0x0000000080000AB6] -> 0xE901
[378] [M]: 0x0000000080000AB6 (0xE901) c.bnez a0, 8
mem[X,0x0000000080000AC6] -> 0x010D
[379] [M]: 0x0000000080000AC6 (0x010D) c.addi sp, 3
x2 <- 0xFF76DF56FF76DF7C
mem[X,0x0000000080000AC8] -> 0xBC23
mem[X,0x0000000080000ACA] -> 0x0820
[380] [M]: 0x0000000080000AC8 (0x0820BC23) sd sp, 152(ra)
mem[0x00000000800061B0] <- 0xFF76DF56FF76DF7C
mem[X,0x0000000080000ACC] -> 0x0513
mem[X,0x0000000080000ACE] -> 0x0010
[381] [M]: 0x0000000080000ACC (0x00100513) addi a0, zero, 1
x10 <- 0x0000000000000001
mem[X,0x0000000080000AD0] -> 0x1513
mem[X,0x0000000080000AD2] -> 0x00E5
[382] [M]: 0x0000000080000AD0 (0x00E51513) slli a0, a0, 14
x10 <- 0x0000000000004000
mem[X,0x0000000080000AD4] -> 0xA031
[383] [M]: 0x0000000080000AD4 (0xA031) c.j 6
mem[X,0x0000000080000AE0] -> 0xE54D
[384] [M]: 0x0000000080000AE0 (0xE54D) c.bnez a0, 85
mem[X,0x0000000080000B8A] -> 0x010D
[385] [M]: 0x0000000080000B8A (0x010D) c.addi sp, 3
x2 <- 0xFF76DF56FF76DF7F
mem[X,0x0000000080000B8C] -> 0xB023
mem[X,0x0000000080000B8E] -> 0x0A20
[386] [M]: 0x0000000080000B8C (0x0A20B023) sd sp, 160(ra)
mem[0x00000000800061B8] <- 0xFF76DF56FF76DF7F
mem[X,0x0000000080000B90] -> 0x0513
mem[X,0x0000000080000B92] -> 0x0010
[387] [M]: 0x0000000080000B90 (0x00100513) addi a0, zero, 1
x10 <- 0x0000000000000001
mem[X,0x0000000080000B94] -> 0x1513
mem[X,0x0000000080000B96] -> 0x00F5
[388] [M]: 0x0000000080000B94 (0x00F51513) slli a0, a0, 15
x10 <- 0x0000000000008000
mem[X,0x0000000080000B98] -> 0xA031
[389] [M]: 0x0000000080000B98 (0xA031) c.j 6
mem[X,0x0000000080000BA4] -> 0xE509
[390] [M]: 0x0000000080000BA4 (0xE509) c.bnez a0, 5
mem[X,0x0000000080000BAE] -> 0x010D
[391] [M]: 0x0000000080000BAE (0x010D) c.addi sp, 3
x2 <- 0xFF76DF56FF76DF82
mem[X,0x0000000080000BB0] -> 0xB423
mem[X,0x0000000080000BB2] -> 0x0A20
[392] [M]: 0x0000000080000BB0 (0x0A20B423) sd sp, 168(ra)
mem[0x00000000800061C0] <- 0xFF76DF56FF76DF82
mem[X,0x0000000080000BB4] -> 0x0513
mem[X,0x0000000080000BB6] -> 0x0010
[393] [M]: 0x0000000080000BB4 (0x00100513) addi a0, zero, 1
x10 <- 0x0000000000000001
mem[X,0x0000000080000BB8] -> 0x1513
mem[X,0x0000000080000BBA] -> 0x0105
[394] [M]: 0x0000000080000BB8 (0x01051513) slli a0, a0, 16
x10 <- 0x0000000000010000
mem[X,0x0000000080000BBC] -> 0xA051
[395] [M]: 0x0000000080000BBC (0xA051) c.j 66
mem[X,0x0000000080000C40] -> 0xF141
[396] [M]: 0x0000000080000C40 (0xF141) c.bnez a0, 192
mem[X,0x0000000080000BC0] -> 0x0113
mem[X,0x0000000080000BC2] -> 0x0011
[397] [M]: 0x0000000080000BC0 (0x00110113) addi sp, sp, 1
x2 <- 0xFF76DF56FF76DF83
mem[X,0x0000000080000BC4] -> 0x006F
mem[X,0x0000000080000BC6] -> 0x0880
[398] [M]: 0x0000000080000BC4 (0x0880006F) jal zero, 136
mem[X,0x0000000080000C4C] -> 0xB823
mem[X,0x0000000080000C4E] -> 0x0A20
[399] [M]: 0x0000000080000C4C (0x0A20B823) sd sp, 176(ra)
mem[0x00000000800061C8] <- 0xFF76DF56FF76DF83
clint::tick mtime <- 0x0000000000000004
 clint timer pending at mtime 0x0000000000000004
htif::tick 0x0000000000000000
mem[X,0x0000000080000C50] -> 0x0513
mem[X,0x0000000080000C52] -> 0x0010
[400] [M]: 0x0000000080000C50 (0x00100513) addi a0, zero, 1
x10 <- 0x0000000000000001
mem[X,0x0000000080000C54] -> 0x1513
mem[X,0x0000000080000C56] -> 0x0115
[401] [M]: 0x0000000080000C54 (0x01151513) slli a0, a0, 17
x10 <- 0x0000000000020000
mem[X,0x0000000080000C58] -> 0xA031
[402] [M]: 0x0000000080000C58 (0xA031) c.j 6
mem[X,0x0000000080000C64] -> 0xE901
[403] [M]: 0x0000000080000C64 (0xE901) c.bnez a0, 8
mem[X,0x0000000080000C74] -> 0x010D
[404] [M]: 0x0000000080000C74 (0x010D) c.addi sp, 3
x2 <- 0xFF76DF56FF76DF86
mem[X,0x0000000080000C76] -> 0xBC23
mem[X,0x0000000080000C78] -> 0x0A20
[405] [M]: 0x0000000080000C76 (0x0A20BC23) sd sp, 184(ra)
mem[0x00000000800061D0] <- 0xFF76DF56FF76DF86
mem[X,0x0000000080000C7A] -> 0x0513
mem[X,0x0000000080000C7C] -> 0x0010
[406] [M]: 0x0000000080000C7A (0x00100513) addi a0, zero, 1
x10 <- 0x0000000000000001
mem[X,0x0000000080000C7E] -> 0x1513
mem[X,0x0000000080000C80] -> 0x0125
[407] [M]: 0x0000000080000C7E (0x01251513) slli a0, a0, 18
x10 <- 0x0000000000040000
mem[X,0x0000000080000C82] -> 0xA01D
[408] [M]: 0x0000000080000C82 (0xA01D) c.j 19
mem[X,0x0000000080000CA8] -> 0xFD79
[409] [M]: 0x0000000080000CA8 (0xFD79) c.bnez a0, 239
mem[X,0x0000000080000C86] -> 0x0113
mem[X,0x0000000080000C88] -> 0x0011
[410] [M]: 0x0000000080000C86 (0x00110113) addi sp, sp, 1
x2 <- 0xFF76DF56FF76DF87
mem[X,0x0000000080000C8A] -> 0x006F
mem[X,0x0000000080000C8C] -> 0x02A0
[411] [M]: 0x0000000080000C8A (0x02A0006F) jal zero, 42
mem[X,0x0000000080000CB4] -> 0xB023
mem[X,0x0000000080000CB6] -> 0x0C20
[412] [M]: 0x0000000080000CB4 (0x0C20B023) sd sp, 192(ra)
mem[0x00000000800061D8] <- 0xFF76DF56FF76DF87
mem[X,0x0000000080000CB8] -> 0x0513
mem[X,0x0000000080000CBA] -> 0x0010
[413] [M]: 0x0000000080000CB8 (0x00100513) addi a0, zero, 1
x10 <- 0x0000000000000001
mem[X,0x0000000080000CBC] -> 0x1513
mem[X,0x0000000080000CBE] -> 0x0135
[414] [M]: 0x0000000080000CBC (0x01351513) slli a0, a0, 19
x10 <- 0x0000000000080000
mem[X,0x0000000080000CC0] -> 0xA811
[415] [M]: 0x0000000080000CC0 (0xA811) c.j 10
mem[X,0x0000000080000CD4] -> 0xF965
[416] [M]: 0x0000000080000CD4 (0xF965) c.bnez a0, 248
mem[X,0x0000000080000CC4] -> 0x0113
mem[X,0x0000000080000CC6] -> 0x0011
[417] [M]: 0x0000000080000CC4 (0x00110113) addi sp, sp, 1
x2 <- 0xFF76DF56FF76DF88
mem[X,0x0000000080000CC8] -> 0x006F
mem[X,0x0000000080000CCA] -> 0x0180
[418] [M]: 0x0000000080000CC8 (0x0180006F) jal zero, 24
mem[X,0x0000000080000CE0] -> 0xB423
mem[X,0x0000000080000CE2] -> 0x0C20
[419] [M]: 0x0000000080000CE0 (0x0C20B423) sd sp, 200(ra)
mem[0x00000000800061E0] <- 0xFF76DF56FF76DF88
mem[X,0x0000000080000CE4] -> 0x0513
mem[X,0x0000000080000CE6] -> 0x0010
[420] [M]: 0x0000000080000CE4 (0x00100513) addi a0, zero, 1
x10 <- 0x0000000000000001
mem[X,0x0000000080000CE8] -> 0x1513
mem[X,0x0000000080000CEA] -> 0x0145
[421] [M]: 0x0000000080000CE8 (0x01451513) slli a0, a0, 20
x10 <- 0x0000000000100000
mem[X,0x0000000080000CEC] -> 0xA031
[422] [M]: 0x0000000080000CEC (0xA031) c.j 6
mem[X,0x0000000080000CF8] -> 0xED3D
[423] [M]: 0x0000000080000CF8 (0xED3D) c.bnez a0, 63
mem[X,0x0000000080000D76] -> 0x010D
[424] [M]: 0x0000000080000D76 (0x010D) c.addi sp, 3
x2 <- 0xFF76DF56FF76DF8B
mem[X,0x0000000080000D78] -> 0xB823
mem[X,0x0000000080000D7A] -> 0x0C20
[425] [M]: 0x0000000080000D78 (0x0C20B823) sd sp, 208(ra)
mem[0x00000000800061E8] <- 0xFF76DF56FF76DF8B
mem[X,0x0000000080000D7C] -> 0x0513
mem[X,0x0000000080000D7E] -> 0x0010
[426] [M]: 0x0000000080000D7C (0x00100513) addi a0, zero, 1
x10 <- 0x0000000000000001
mem[X,0x0000000080000D80] -> 0x1513
mem[X,0x0000000080000D82] -> 0x0155
[427] [M]: 0x0000000080000D80 (0x01551513) slli a0, a0, 21
x10 <- 0x0000000000200000
mem[X,0x0000000080000D84] -> 0xA031
[428] [M]: 0x0000000080000D84 (0xA031) c.j 6
mem[X,0x0000000080000D90] -> 0xFD65
[429] [M]: 0x0000000080000D90 (0xFD65) c.bnez a0, 252
mem[X,0x0000000080000D88] -> 0x0113
mem[X,0x0000000080000D8A] -> 0x0011
[430] [M]: 0x0000000080000D88 (0x00110113) addi sp, sp, 1
x2 <- 0xFF76DF56FF76DF8C
mem[X,0x0000000080000D8C] -> 0x006F
mem[X,0x0000000080000D8E] -> 0x0100
[431] [M]: 0x0000000080000D8C (0x0100006F) jal zero, 16
mem[X,0x0000000080000D9C] -> 0xBC23
mem[X,0x0000000080000D9E] -> 0x0C20
[432] [M]: 0x0000000080000D9C (0x0C20BC23) sd sp, 216(ra)
mem[0x00000000800061F0] <- 0xFF76DF56FF76DF8C
mem[X,0x0000000080000DA0] -> 0x0513
mem[X,0x0000000080000DA2] -> 0x0010
[433] [M]: 0x0000000080000DA0 (0x00100513) addi a0, zero, 1
x10 <- 0x0000000000000001
mem[X,0x0000000080000DA4] -> 0x1513
mem[X,0x0000000080000DA6] -> 0x0165
[434] [M]: 0x0000000080000DA4 (0x01651513) slli a0, a0, 22
x10 <- 0x0000000000400000
mem[X,0x0000000080000DA8] -> 0xA031
[435] [M]: 0x0000000080000DA8 (0xA031) c.j 6
mem[X,0x0000000080000DB4] -> 0xE901
[436] [M]: 0x0000000080000DB4 (0xE901) c.bnez a0, 8
mem[X,0x0000000080000DC4] -> 0x010D
[437] [M]: 0x0000000080000DC4 (0x010D) c.addi sp, 3
x2 <- 0xFF76DF56FF76DF8F
mem[X,0x0000000080000DC6] -> 0xB023
mem[X,0x0000000080000DC8] -> 0x0E20
[438] [M]: 0x0000000080000DC6 (0x0E20B023) sd sp, 224(ra)
mem[0x00000000800061F8] <- 0xFF76DF56FF76DF8F
mem[X,0x0000000080000DCA] -> 0x0513
mem[X,0x0000000080000DCC] -> 0x0010
[439] [M]: 0x0000000080000DCA (0x00100513) addi a0, zero, 1
x10 <- 0x0000000000000001
mem[X,0x0000000080000DCE] -> 0x1513
mem[X,0x0000000080000DD0] -> 0x0175
[440] [M]: 0x0000000080000DCE (0x01751513) slli a0, a0, 23
x10 <- 0x0000000000800000
mem[X,0x0000000080000DD2] -> 0xA031
[441] [M]: 0x0000000080000DD2 (0xA031) c.j 6
mem[X,0x0000000080000DDE] -> 0xE509
[442] [M]: 0x0000000080000DDE (0xE509) c.bnez a0, 5
mem[X,0x0000000080000DE8] -> 0x010D
[443] [M]: 0x0000000080000DE8 (0x010D) c.addi sp, 3
x2 <- 0xFF76DF56FF76DF92
mem[X,0x0000000080000DEA] -> 0xB423
mem[X,0x0000000080000DEC] -> 0x0E20
[444] [M]: 0x0000000080000DEA (0x0E20B423) sd sp, 232(ra)
mem[0x0000000080006200] <- 0xFF76DF56FF76DF92
mem[X,0x0000000080000DEE] -> 0x0513
mem[X,0x0000000080000DF0] -> 0x0010
[445] [M]: 0x0000000080000DEE (0x00100513) addi a0, zero, 1
x10 <- 0x0000000000000001
mem[X,0x0000000080000DF2] -> 0x1513
mem[X,0x0000000080000DF4] -> 0x0185
[446] [M]: 0x0000000080000DF2 (0x01851513) slli a0, a0, 24
x10 <- 0x0000000001000000
mem[X,0x0000000080000DF6] -> 0xA031
[447] [M]: 0x0000000080000DF6 (0xA031) c.j 6
mem[X,0x0000000080000E02] -> 0xED3D
[448] [M]: 0x0000000080000E02 (0xED3D) c.bnez a0, 63
mem[X,0x0000000080000E80] -> 0x010D
[449] [M]: 0x0000000080000E80 (0x010D) c.addi sp, 3
x2 <- 0xFF76DF56FF76DF95
mem[X,0x0000000080000E82] -> 0xB823
mem[X,0x0000000080000E84] -> 0x0E20
[450] [M]: 0x0000000080000E82 (0x0E20B823) sd sp, 240(ra)
mem[0x0000000080006208] <- 0xFF76DF56FF76DF95
mem[X,0x0000000080000E86] -> 0x0513
mem[X,0x0000000080000E88] -> 0x0010
[451] [M]: 0x0000000080000E86 (0x00100513) addi a0, zero, 1
x10 <- 0x0000000000000001
mem[X,0x0000000080000E8A] -> 0x1513
mem[X,0x0000000080000E8C] -> 0x0195
[452] [M]: 0x0000000080000E8A (0x01951513) slli a0, a0, 25
x10 <- 0x0000000002000000
mem[X,0x0000000080000E8E] -> 0xA059
[453] [M]: 0x0000000080000E8E (0xA059) c.j 67
mem[X,0x0000000080000F14] -> 0xFD3D
[454] [M]: 0x0000000080000F14 (0xFD3D) c.bnez a0, 191
mem[X,0x0000000080000E92] -> 0x0113
mem[X,0x0000000080000E94] -> 0x0011
[455] [M]: 0x0000000080000E92 (0x00110113) addi sp, sp, 1
x2 <- 0xFF76DF56FF76DF96
mem[X,0x0000000080000E96] -> 0x006F
mem[X,0x0000000080000E98] -> 0x08A0
[456] [M]: 0x0000000080000E96 (0x08A0006F) jal zero, 138
mem[X,0x0000000080000F20] -> 0xBC23
mem[X,0x0000000080000F22] -> 0x0E20
[457] [M]: 0x0000000080000F20 (0x0E20BC23) sd sp, 248(ra)
mem[0x0000000080006210] <- 0xFF76DF56FF76DF96
mem[X,0x0000000080000F24] -> 0x0513
mem[X,0x0000000080000F26] -> 0x0010
[458] [M]: 0x0000000080000F24 (0x00100513) addi a0, zero, 1
x10 <- 0x0000000000000001
mem[X,0x0000000080000F28] -> 0x1513
mem[X,0x0000000080000F2A] -> 0x01A5
[459] [M]: 0x0000000080000F28 (0x01A51513) slli a0, a0, 26
x10 <- 0x0000000004000000
mem[X,0x0000000080000F2C] -> 0xA031
[460] [M]: 0x0000000080000F2C (0xA031) c.j 6
mem[X,0x0000000080000F38] -> 0xE509
[461] [M]: 0x0000000080000F38 (0xE509) c.bnez a0, 5
mem[X,0x0000000080000F42] -> 0x010D
[462] [M]: 0x0000000080000F42 (0x010D) c.addi sp, 3
x2 <- 0xFF76DF56FF76DF99
mem[X,0x0000000080000F44] -> 0xB023
mem[X,0x0000000080000F46] -> 0x1020
[463] [M]: 0x0000000080000F44 (0x1020B023) sd sp, 256(ra)
mem[0x0000000080006218] <- 0xFF76DF56FF76DF99
mem[X,0x0000000080000F48] -> 0x0513
mem[X,0x0000000080000F4A] -> 0x0010
[464] [M]: 0x0000000080000F48 (0x00100513) addi a0, zero, 1
x10 <- 0x0000000000000001
mem[X,0x0000000080000F4C] -> 0x1513
mem[X,0x0000000080000F4E] -> 0x01B5
[465] [M]: 0x0000000080000F4C (0x01B51513) slli a0, a0, 27
x10 <- 0x0000000008000000
mem[X,0x0000000080000F50] -> 0xA819
[466] [M]: 0x0000000080000F50 (0xA819) c.j 11
mem[X,0x0000000080000F66] -> 0xF57D
[467] [M]: 0x0000000080000F66 (0xF57D) c.bnez a0, 247
mem[X,0x0000000080000F54] -> 0x0113
mem[X,0x0000000080000F56] -> 0x0011
[468] [M]: 0x0000000080000F54 (0x00110113) addi sp, sp, 1
x2 <- 0xFF76DF56FF76DF9A
mem[X,0x0000000080000F58] -> 0x006F
mem[X,0x0000000080000F5A] -> 0x01A0
[469] [M]: 0x0000000080000F58 (0x01A0006F) jal zero, 26
mem[X,0x0000000080000F72] -> 0xB423
mem[X,0x0000000080000F74] -> 0x1020
[470] [M]: 0x0000000080000F72 (0x1020B423) sd sp, 264(ra)
mem[0x0000000080006220] <- 0xFF76DF56FF76DF9A
mem[X,0x0000000080000F76] -> 0x0513
mem[X,0x0000000080000F78] -> 0x0010
[471] [M]: 0x0000000080000F76 (0x00100513) addi a0, zero, 1
x10 <- 0x0000000000000001
mem[X,0x0000000080000F7A] -> 0x1513
mem[X,0x0000000080000F7C] -> 0x01C5
[472] [M]: 0x0000000080000F7A (0x01C51513) slli a0, a0, 28
x10 <- 0x0000000010000000
mem[X,0x0000000080000F7E] -> 0xA031
[473] [M]: 0x0000000080000F7E (0xA031) c.j 6
mem[X,0x0000000080000F8A] -> 0xFD65
[474] [M]: 0x0000000080000F8A (0xFD65) c.bnez a0, 252
mem[X,0x0000000080000F82] -> 0x0113
mem[X,0x0000000080000F84] -> 0x0011
[475] [M]: 0x0000000080000F82 (0x00110113) addi sp, sp, 1
x2 <- 0xFF76DF56FF76DF9B
mem[X,0x0000000080000F86] -> 0x006F
mem[X,0x0000000080000F88] -> 0x0100
[476] [M]: 0x0000000080000F86 (0x0100006F) jal zero, 16
mem[X,0x0000000080000F96] -> 0xB823
mem[X,0x0000000080000F98] -> 0x1020
[477] [M]: 0x0000000080000F96 (0x1020B823) sd sp, 272(ra)
mem[0x0000000080006228] <- 0xFF76DF56FF76DF9B
mem[X,0x0000000080000F9A] -> 0x0513
mem[X,0x0000000080000F9C] -> 0x0010
[478] [M]: 0x0000000080000F9A (0x00100513) addi a0, zero, 1
x10 <- 0x0000000000000001
mem[X,0x0000000080000F9E] -> 0x1513
mem[X,0x0000000080000FA0] -> 0x01D5
[479] [M]: 0x0000000080000F9E (0x01D51513) slli a0, a0, 29
x10 <- 0x0000000020000000
mem[X,0x0000000080000FA2] -> 0xA809
[480] [M]: 0x0000000080000FA2 (0xA809) c.j 9
mem[X,0x0000000080000FB4] -> 0xF96D
[481] [M]: 0x0000000080000FB4 (0xF96D) c.bnez a0, 249
mem[X,0x0000000080000FA6] -> 0x0113
mem[X,0x0000000080000FA8] -> 0x0011
[482] [M]: 0x0000000080000FA6 (0x00110113) addi sp, sp, 1
x2 <- 0xFF76DF56FF76DF9C
mem[X,0x0000000080000FAA] -> 0x006F
mem[X,0x0000000080000FAC] -> 0x0160
[483] [M]: 0x0000000080000FAA (0x0160006F) jal zero, 22
mem[X,0x0000000080000FC0] -> 0xBC23
mem[X,0x0000000080000FC2] -> 0x1020
[484] [M]: 0x0000000080000FC0 (0x1020BC23) sd sp, 280(ra)
mem[0x0000000080006230] <- 0xFF76DF56FF76DF9C
mem[X,0x0000000080000FC4] -> 0x0513
mem[X,0x0000000080000FC6] -> 0x0010
[485] [M]: 0x0000000080000FC4 (0x00100513) addi a0, zero, 1
x10 <- 0x0000000000000001
mem[X,0x0000000080000FC8] -> 0x1513
mem[X,0x0000000080000FCA] -> 0x01E5
[486] [M]: 0x0000000080000FC8 (0x01E51513) slli a0, a0, 30
x10 <- 0x0000000040000000
mem[X,0x0000000080000FCC] -> 0xA031
[487] [M]: 0x0000000080000FCC (0xA031) c.j 6
mem[X,0x0000000080000FD8] -> 0xFD65
[488] [M]: 0x0000000080000FD8 (0xFD65) c.bnez a0, 252
mem[X,0x0000000080000FD0] -> 0x0113
mem[X,0x0000000080000FD2] -> 0x0011
[489] [M]: 0x0000000080000FD0 (0x00110113) addi sp, sp, 1
x2 <- 0xFF76DF56FF76DF9D
mem[X,0x0000000080000FD4] -> 0x006F
mem[X,0x0000000080000FD6] -> 0x0100
[490] [M]: 0x0000000080000FD4 (0x0100006F) jal zero, 16
mem[X,0x0000000080000FE4] -> 0xB023
mem[X,0x0000000080000FE6] -> 0x1220
[491] [M]: 0x0000000080000FE4 (0x1220B023) sd sp, 288(ra)
mem[0x0000000080006238] <- 0xFF76DF56FF76DF9D
mem[X,0x0000000080000FE8] -> 0x0513
mem[X,0x0000000080000FEA] -> 0x0010
[492] [M]: 0x0000000080000FE8 (0x00100513) addi a0, zero, 1
x10 <- 0x0000000000000001
mem[X,0x0000000080000FEC] -> 0x1513
mem[X,0x0000000080000FEE] -> 0x01F5
[493] [M]: 0x0000000080000FEC (0x01F51513) slli a0, a0, 31
x10 <- 0x0000000080000000
mem[X,0x0000000080000FF0] -> 0xA031
[494] [M]: 0x0000000080000FF0 (0xA031) c.j 6
mem[X,0x0000000080000FFC] -> 0xFD65
[495] [M]: 0x0000000080000FFC (0xFD65) c.bnez a0, 252
mem[X,0x0000000080000FF4] -> 0x0113
mem[X,0x0000000080000FF6] -> 0x0011
[496] [M]: 0x0000000080000FF4 (0x00110113) addi sp, sp, 1
x2 <- 0xFF76DF56FF76DF9E
mem[X,0x0000000080000FF8] -> 0x006F
mem[X,0x0000000080000FFA] -> 0x0100
[497] [M]: 0x0000000080000FF8 (0x0100006F) jal zero, 16
mem[X,0x0000000080001008] -> 0xB423
mem[X,0x000000008000100A] -> 0x1220
[498] [M]: 0x0000000080001008 (0x1220B423) sd sp, 296(ra)
mem[0x0000000080006240] <- 0xFF76DF56FF76DF9E
mem[X,0x000000008000100C] -> 0x0513
mem[X,0x000000008000100E] -> 0x0010
[499] [M]: 0x000000008000100C (0x00100513) addi a0, zero, 1
x10 <- 0x0000000000000001
clint::tick mtime <- 0x0000000000000005
 clint timer pending at mtime 0x0000000000000005
htif::tick 0x0000000000000000
mem[X,0x0000000080001010] -> 0x1513
mem[X,0x0000000080001012] -> 0x0205
[500] [M]: 0x0000000080001010 (0x02051513) slli a0, a0, 32
x10 <- 0x0000000100000000
mem[X,0x0000000080001014] -> 0xA039
[501] [M]: 0x0000000080001014 (0xA039) c.j 7
mem[X,0x0000000080001022] -> 0xF97D
[502] [M]: 0x0000000080001022 (0xF97D) c.bnez a0, 251
mem[X,0x0000000080001018] -> 0x0113
mem[X,0x000000008000101A] -> 0x0011
[503] [M]: 0x0000000080001018 (0x00110113) addi sp, sp, 1
x2 <- 0xFF76DF56FF76DF9F
mem[X,0x000000008000101C] -> 0x006F
mem[X,0x000000008000101E] -> 0x0120
[504] [M]: 0x000000008000101C (0x0120006F) jal zero, 18
mem[X,0x000000008000102E] -> 0xB823
mem[X,0x0000000080001030] -> 0x1220
[505] [M]: 0x000000008000102E (0x1220B823) sd sp, 304(ra)
mem[0x0000000080006248] <- 0xFF76DF56FF76DF9F
mem[X,0x0000000080001032] -> 0x0513
mem[X,0x0000000080001034] -> 0x0010
[506] [M]: 0x0000000080001032 (0x00100513) addi a0, zero, 1
x10 <- 0x0000000000000001
mem[X,0x0000000080001036] -> 0x1513
mem[X,0x0000000080001038] -> 0x0215
[507] [M]: 0x0000000080001036 (0x02151513) slli a0, a0, 33
x10 <- 0x0000000200000000
mem[X,0x000000008000103A] -> 0xA801
[508] [M]: 0x000000008000103A (0xA801) c.j 8
mem[X,0x000000008000104A] -> 0xF975
[509] [M]: 0x000000008000104A (0xF975) c.bnez a0, 250
mem[X,0x000000008000103E] -> 0x0113
mem[X,0x0000000080001040] -> 0x0011
[510] [M]: 0x000000008000103E (0x00110113) addi sp, sp, 1
x2 <- 0xFF76DF56FF76DFA0
mem[X,0x0000000080001042] -> 0x006F
mem[X,0x0000000080001044] -> 0x0140
[511] [M]: 0x0000000080001042 (0x0140006F) jal zero, 20
mem[X,0x0000000080001056] -> 0xBC23
mem[X,0x0000000080001058] -> 0x1220
[512] [M]: 0x0000000080001056 (0x1220BC23) sd sp, 312(ra)
mem[0x0000000080006250] <- 0xFF76DF56FF76DFA0
mem[X,0x000000008000105A] -> 0x0513
mem[X,0x000000008000105C] -> 0x0010
[513] [M]: 0x000000008000105A (0x00100513) addi a0, zero, 1
x10 <- 0x0000000000000001
mem[X,0x000000008000105E] -> 0x1513
mem[X,0x0000000080001060] -> 0x0225
[514] [M]: 0x000000008000105E (0x02251513) slli a0, a0, 34
x10 <- 0x0000000400000000
mem[X,0x0000000080001062] -> 0xA811
[515] [M]: 0x0000000080001062 (0xA811) c.j 10
mem[X,0x0000000080001076] -> 0xF965
[516] [M]: 0x0000000080001076 (0xF965) c.bnez a0, 248
mem[X,0x0000000080001066] -> 0x0113
mem[X,0x0000000080001068] -> 0x0011
[517] [M]: 0x0000000080001066 (0x00110113) addi sp, sp, 1
x2 <- 0xFF76DF56FF76DFA1
mem[X,0x000000008000106A] -> 0x006F
mem[X,0x000000008000106C] -> 0x0180
[518] [M]: 0x000000008000106A (0x0180006F) jal zero, 24
mem[X,0x0000000080001082] -> 0xB023
mem[X,0x0000000080001084] -> 0x1420
[519] [M]: 0x0000000080001082 (0x1420B023) sd sp, 320(ra)
mem[0x0000000080006258] <- 0xFF76DF56FF76DFA1
mem[X,0x0000000080001086] -> 0x0513
mem[X,0x0000000080001088] -> 0x0010
[520] [M]: 0x0000000080001086 (0x00100513) addi a0, zero, 1
x10 <- 0x0000000000000001
mem[X,0x000000008000108A] -> 0x1513
mem[X,0x000000008000108C] -> 0x0235
[521] [M]: 0x000000008000108A (0x02351513) slli a0, a0, 35
x10 <- 0x0000000800000000
mem[X,0x000000008000108E] -> 0xA031
[522] [M]: 0x000000008000108E (0xA031) c.j 6
mem[X,0x000000008000109A] -> 0xE519
[523] [M]: 0x000000008000109A (0xE519) c.bnez a0, 7
mem[X,0x00000000800010A8] -> 0x010D
[524] [M]: 0x00000000800010A8 (0x010D) c.addi sp, 3
x2 <- 0xFF76DF56FF76DFA4
mem[X,0x00000000800010AA] -> 0xB423
mem[X,0x00000000800010AC] -> 0x1420
[525] [M]: 0x00000000800010AA (0x1420B423) sd sp, 328(ra)
mem[0x0000000080006260] <- 0xFF76DF56FF76DFA4
mem[X,0x00000000800010AE] -> 0x0513
mem[X,0x00000000800010B0] -> 0x0010
[526] [M]: 0x00000000800010AE (0x00100513) addi a0, zero, 1
x10 <- 0x0000000000000001
mem[X,0x00000000800010B2] -> 0x1513
mem[X,0x00000000800010B4] -> 0x0245
[527] [M]: 0x00000000800010B2 (0x02451513) slli a0, a0, 36
x10 <- 0x0000001000000000
mem[X,0x00000000800010B6] -> 0xA099
[528] [M]: 0x00000000800010B6 (0xA099) c.j 35
mem[X,0x00000000800010FC] -> 0xFD5D
[529] [M]: 0x00000000800010FC (0xFD5D) c.bnez a0, 223
mem[X,0x00000000800010BA] -> 0x0113
mem[X,0x00000000800010BC] -> 0x0011
[530] [M]: 0x00000000800010BA (0x00110113) addi sp, sp, 1
x2 <- 0xFF76DF56FF76DFA5
mem[X,0x00000000800010BE] -> 0x006F
mem[X,0x00000000800010C0] -> 0x04A0
[531] [M]: 0x00000000800010BE (0x04A0006F) jal zero, 74
mem[X,0x0000000080001108] -> 0xB823
mem[X,0x000000008000110A] -> 0x1420
[532] [M]: 0x0000000080001108 (0x1420B823) sd sp, 336(ra)
mem[0x0000000080006268] <- 0xFF76DF56FF76DFA5
mem[X,0x000000008000110C] -> 0x0513
mem[X,0x000000008000110E] -> 0x0010
[533] [M]: 0x000000008000110C (0x00100513) addi a0, zero, 1
x10 <- 0x0000000000000001
mem[X,0x0000000080001110] -> 0x1513
mem[X,0x0000000080001112] -> 0x0255
[534] [M]: 0x0000000080001110 (0x02551513) slli a0, a0, 37
x10 <- 0x0000002000000000
mem[X,0x0000000080001114] -> 0xA809
[535] [M]: 0x0000000080001114 (0xA809) c.j 9
mem[X,0x0000000080001126] -> 0xF96D
[536] [M]: 0x0000000080001126 (0xF96D) c.bnez a0, 249
mem[X,0x0000000080001118] -> 0x0113
mem[X,0x000000008000111A] -> 0x0011
[537] [M]: 0x0000000080001118 (0x00110113) addi sp, sp, 1
x2 <- 0xFF76DF56FF76DFA6
mem[X,0x000000008000111C] -> 0x006F
mem[X,0x000000008000111E] -> 0x0160
[538] [M]: 0x000000008000111C (0x0160006F) jal zero, 22
mem[X,0x0000000080001132] -> 0xBC23
mem[X,0x0000000080001134] -> 0x1420
[539] [M]: 0x0000000080001132 (0x1420BC23) sd sp, 344(ra)
mem[0x0000000080006270] <- 0xFF76DF56FF76DFA6
mem[X,0x0000000080001136] -> 0x0513
mem[X,0x0000000080001138] -> 0x0010
[540] [M]: 0x0000000080001136 (0x00100513) addi a0, zero, 1
x10 <- 0x0000000000000001
mem[X,0x000000008000113A] -> 0x1513
mem[X,0x000000008000113C] -> 0x0265
[541] [M]: 0x000000008000113A (0x02651513) slli a0, a0, 38
x10 <- 0x0000004000000000
mem[X,0x000000008000113E] -> 0xA031
[542] [M]: 0x000000008000113E (0xA031) c.j 6
mem[X,0x000000008000114A] -> 0xE509
[543] [M]: 0x000000008000114A (0xE509) c.bnez a0, 5
mem[X,0x0000000080001154] -> 0x010D
[544] [M]: 0x0000000080001154 (0x010D) c.addi sp, 3
x2 <- 0xFF76DF56FF76DFA9
mem[X,0x0000000080001156] -> 0xB023
mem[X,0x0000000080001158] -> 0x1620
[545] [M]: 0x0000000080001156 (0x1620B023) sd sp, 352(ra)
mem[0x0000000080006278] <- 0xFF76DF56FF76DFA9
mem[X,0x000000008000115A] -> 0x0513
mem[X,0x000000008000115C] -> 0x0010
[546] [M]: 0x000000008000115A (0x00100513) addi a0, zero, 1
x10 <- 0x0000000000000001
mem[X,0x000000008000115E] -> 0x1513
mem[X,0x0000000080001160] -> 0x0275
[547] [M]: 0x000000008000115E (0x02751513) slli a0, a0, 39
x10 <- 0x0000008000000000
mem[X,0x0000000080001162] -> 0xA809
[548] [M]: 0x0000000080001162 (0xA809) c.j 9
mem[X,0x0000000080001174] -> 0xF96D
[549] [M]: 0x0000000080001174 (0xF96D) c.bnez a0, 249
mem[X,0x0000000080001166] -> 0x0113
mem[X,0x0000000080001168] -> 0x0011
[550] [M]: 0x0000000080001166 (0x00110113) addi sp, sp, 1
x2 <- 0xFF76DF56FF76DFAA
mem[X,0x000000008000116A] -> 0x006F
mem[X,0x000000008000116C] -> 0x0160
[551] [M]: 0x000000008000116A (0x0160006F) jal zero, 22
mem[X,0x0000000080001180] -> 0xB423
mem[X,0x0000000080001182] -> 0x1620
[552] [M]: 0x0000000080001180 (0x1620B423) sd sp, 360(ra)
mem[0x0000000080006280] <- 0xFF76DF56FF76DFAA
mem[X,0x0000000080001184] -> 0x0513
mem[X,0x0000000080001186] -> 0x0010
[553] [M]: 0x0000000080001184 (0x00100513) addi a0, zero, 1
x10 <- 0x0000000000000001
mem[X,0x0000000080001188] -> 0x1513
mem[X,0x000000008000118A] -> 0x0285
[554] [M]: 0x0000000080001188 (0x02851513) slli a0, a0, 40
x10 <- 0x0000010000000000
mem[X,0x000000008000118C] -> 0xA809
[555] [M]: 0x000000008000118C (0xA809) c.j 9
mem[X,0x000000008000119E] -> 0xF96D
[556] [M]: 0x000000008000119E (0xF96D) c.bnez a0, 249
mem[X,0x0000000080001190] -> 0x0113
mem[X,0x0000000080001192] -> 0x0011
[557] [M]: 0x0000000080001190 (0x00110113) addi sp, sp, 1
x2 <- 0xFF76DF56FF76DFAB
mem[X,0x0000000080001194] -> 0x006F
mem[X,0x0000000080001196] -> 0x0160
[558] [M]: 0x0000000080001194 (0x0160006F) jal zero, 22
mem[X,0x00000000800011AA] -> 0xB823
mem[X,0x00000000800011AC] -> 0x1620
[559] [M]: 0x00000000800011AA (0x1620B823) sd sp, 368(ra)
mem[0x0000000080006288] <- 0xFF76DF56FF76DFAB
mem[X,0x00000000800011AE] -> 0x0513
mem[X,0x00000000800011B0] -> 0x0010
[560] [M]: 0x00000000800011AE (0x00100513) addi a0, zero, 1
x10 <- 0x0000000000000001
mem[X,0x00000000800011B2] -> 0x1513
mem[X,0x00000000800011B4] -> 0x0295
[561] [M]: 0x00000000800011B2 (0x02951513) slli a0, a0, 41
x10 <- 0x0000020000000000
mem[X,0x00000000800011B6] -> 0xA051
[562] [M]: 0x00000000800011B6 (0xA051) c.j 66
mem[X,0x000000008000123A] -> 0xF141
[563] [M]: 0x000000008000123A (0xF141) c.bnez a0, 192
mem[X,0x00000000800011BA] -> 0x0113
mem[X,0x00000000800011BC] -> 0x0011
[564] [M]: 0x00000000800011BA (0x00110113) addi sp, sp, 1
x2 <- 0xFF76DF56FF76DFAC
mem[X,0x00000000800011BE] -> 0x006F
mem[X,0x00000000800011C0] -> 0x0880
[565] [M]: 0x00000000800011BE (0x0880006F) jal zero, 136
mem[X,0x0000000080001246] -> 0xBC23
mem[X,0x0000000080001248] -> 0x1620
[566] [M]: 0x0000000080001246 (0x1620BC23) sd sp, 376(ra)
mem[0x0000000080006290] <- 0xFF76DF56FF76DFAC
mem[X,0x000000008000124A] -> 0x0513
mem[X,0x000000008000124C] -> 0x0010
[567] [M]: 0x000000008000124A (0x00100513) addi a0, zero, 1
x10 <- 0x0000000000000001
mem[X,0x000000008000124E] -> 0x1513
mem[X,0x0000000080001250] -> 0x02A5
[568] [M]: 0x000000008000124E (0x02A51513) slli a0, a0, 42
x10 <- 0x0000040000000000
mem[X,0x0000000080001252] -> 0xA031
[569] [M]: 0x0000000080001252 (0xA031) c.j 6
mem[X,0x000000008000125E] -> 0xE509
[570] [M]: 0x000000008000125E (0xE509) c.bnez a0, 5
mem[X,0x0000000080001268] -> 0x010D
[571] [M]: 0x0000000080001268 (0x010D) c.addi sp, 3
x2 <- 0xFF76DF56FF76DFAF
mem[X,0x000000008000126A] -> 0xB023
mem[X,0x000000008000126C] -> 0x1820
[572] [M]: 0x000000008000126A (0x1820B023) sd sp, 384(ra)
mem[0x0000000080006298] <- 0xFF76DF56FF76DFAF
mem[X,0x000000008000126E] -> 0x0513
mem[X,0x0000000080001270] -> 0x0010
[573] [M]: 0x000000008000126E (0x00100513) addi a0, zero, 1
x10 <- 0x0000000000000001
mem[X,0x0000000080001272] -> 0x1513
mem[X,0x0000000080001274] -> 0x02B5
[574] [M]: 0x0000000080001272 (0x02B51513) slli a0, a0, 43
x10 <- 0x0000080000000000
mem[X,0x0000000080001276] -> 0xA031
[575] [M]: 0x0000000080001276 (0xA031) c.j 6
mem[X,0x0000000080001282] -> 0xE909
[576] [M]: 0x0000000080001282 (0xE909) c.bnez a0, 9
mem[X,0x0000000080001294] -> 0x010D
[577] [M]: 0x0000000080001294 (0x010D) c.addi sp, 3
x2 <- 0xFF76DF56FF76DFB2
mem[X,0x0000000080001296] -> 0xB423
mem[X,0x0000000080001298] -> 0x1820
[578] [M]: 0x0000000080001296 (0x1820B423) sd sp, 392(ra)
mem[0x00000000800062A0] <- 0xFF76DF56FF76DFB2
mem[X,0x000000008000129A] -> 0x0513
mem[X,0x000000008000129C] -> 0x0010
[579] [M]: 0x000000008000129A (0x00100513) addi a0, zero, 1
x10 <- 0x0000000000000001
mem[X,0x000000008000129E] -> 0x1513
mem[X,0x00000000800012A0] -> 0x02C5
[580] [M]: 0x000000008000129E (0x02C51513) slli a0, a0, 44
x10 <- 0x0000100000000000
mem[X,0x00000000800012A2] -> 0xA031
[581] [M]: 0x00000000800012A2 (0xA031) c.j 6
mem[X,0x00000000800012AE] -> 0xE141
[582] [M]: 0x00000000800012AE (0xE141) c.bnez a0, 64
mem[X,0x000000008000132E] -> 0x010D
[583] [M]: 0x000000008000132E (0x010D) c.addi sp, 3
x2 <- 0xFF76DF56FF76DFB5
mem[X,0x0000000080001330] -> 0xB823
mem[X,0x0000000080001332] -> 0x1820
[584] [M]: 0x0000000080001330 (0x1820B823) sd sp, 400(ra)
mem[0x00000000800062A8] <- 0xFF76DF56FF76DFB5
mem[X,0x0000000080001334] -> 0x0513
mem[X,0x0000000080001336] -> 0x0010
[585] [M]: 0x0000000080001334 (0x00100513) addi a0, zero, 1
x10 <- 0x0000000000000001
mem[X,0x0000000080001338] -> 0x1513
mem[X,0x000000008000133A] -> 0x02D5
[586] [M]: 0x0000000080001338 (0x02D51513) slli a0, a0, 45
x10 <- 0x0000200000000000
mem[X,0x000000008000133C] -> 0xA801
[587] [M]: 0x000000008000133C (0xA801) c.j 8
mem[X,0x000000008000134C] -> 0xF975
[588] [M]: 0x000000008000134C (0xF975) c.bnez a0, 250
mem[X,0x0000000080001340] -> 0x0113
mem[X,0x0000000080001342] -> 0x0011
[589] [M]: 0x0000000080001340 (0x00110113) addi sp, sp, 1
x2 <- 0xFF76DF56FF76DFB6
mem[X,0x0000000080001344] -> 0x006F
mem[X,0x0000000080001346] -> 0x0140
[590] [M]: 0x0000000080001344 (0x0140006F) jal zero, 20
mem[X,0x0000000080001358] -> 0xBC23
mem[X,0x000000008000135A] -> 0x1820
[591] [M]: 0x0000000080001358 (0x1820BC23) sd sp, 408(ra)
mem[0x00000000800062B0] <- 0xFF76DF56FF76DFB6
mem[X,0x000000008000135C] -> 0x0513
mem[X,0x000000008000135E] -> 0x0010
[592] [M]: 0x000000008000135C (0x00100513) addi a0, zero, 1
x10 <- 0x0000000000000001
mem[X,0x0000000080001360] -> 0x1513
mem[X,0x0000000080001362] -> 0x02E5
[593] [M]: 0x0000000080001360 (0x02E51513) slli a0, a0, 46
x10 <- 0x0000400000000000
mem[X,0x0000000080001364] -> 0xA801
[594] [M]: 0x0000000080001364 (0xA801) c.j 8
mem[X,0x0000000080001374] -> 0xF975
[595] [M]: 0x0000000080001374 (0xF975) c.bnez a0, 250
mem[X,0x0000000080001368] -> 0x0113
mem[X,0x000000008000136A] -> 0x0011
[596] [M]: 0x0000000080001368 (0x00110113) addi sp, sp, 1
x2 <- 0xFF76DF56FF76DFB7
mem[X,0x000000008000136C] -> 0x006F
mem[X,0x000000008000136E] -> 0x0140
[597] [M]: 0x000000008000136C (0x0140006F) jal zero, 20
mem[X,0x0000000080001380] -> 0xB023
mem[X,0x0000000080001382] -> 0x1A20
[598] [M]: 0x0000000080001380 (0x1A20B023) sd sp, 416(ra)
mem[0x00000000800062B8] <- 0xFF76DF56FF76DFB7
mem[X,0x0000000080001384] -> 0x0513
mem[X,0x0000000080001386] -> 0x0010
[599] [M]: 0x0000000080001384 (0x00100513) addi a0, zero, 1
x10 <- 0x0000000000000001
clint::tick mtime <- 0x0000000000000006
 clint timer pending at mtime 0x0000000000000006
htif::tick 0x0000000000000000
mem[X,0x0000000080001388] -> 0x1513
mem[X,0x000000008000138A] -> 0x02F5
[600] [M]: 0x0000000080001388 (0x02F51513) slli a0, a0, 47
x10 <- 0x0000800000000000
mem[X,0x000000008000138C] -> 0xA819
[601] [M]: 0x000000008000138C (0xA819) c.j 11
mem[X,0x00000000800013A2] -> 0xF57D
[602] [M]: 0x00000000800013A2 (0xF57D) c.bnez a0, 247
mem[X,0x0000000080001390] -> 0x0113
mem[X,0x0000000080001392] -> 0x0011
[603] [M]: 0x0000000080001390 (0x00110113) addi sp, sp, 1
x2 <- 0xFF76DF56FF76DFB8
mem[X,0x0000000080001394] -> 0x006F
mem[X,0x0000000080001396] -> 0x01A0
[604] [M]: 0x0000000080001394 (0x01A0006F) jal zero, 26
mem[X,0x00000000800013AE] -> 0xB423
mem[X,0x00000000800013B0] -> 0x1A20
[605] [M]: 0x00000000800013AE (0x1A20B423) sd sp, 424(ra)
mem[0x00000000800062C0] <- 0xFF76DF56FF76DFB8
mem[X,0x00000000800013B2] -> 0x0513
mem[X,0x00000000800013B4] -> 0x0010
[606] [M]: 0x00000000800013B2 (0x00100513) addi a0, zero, 1
x10 <- 0x0000000000000001
mem[X,0x00000000800013B6] -> 0x1513
mem[X,0x00000000800013B8] -> 0x0305
[607] [M]: 0x00000000800013B6 (0x03051513) slli a0, a0, 48
x10 <- 0x0001000000000000
mem[X,0x00000000800013BA] -> 0xA031
[608] [M]: 0x00000000800013BA (0xA031) c.j 6
mem[X,0x00000000800013C6] -> 0xE141
[609] [M]: 0x00000000800013C6 (0xE141) c.bnez a0, 64
mem[X,0x0000000080001446] -> 0x010D
[610] [M]: 0x0000000080001446 (0x010D) c.addi sp, 3
x2 <- 0xFF76DF56FF76DFBB
mem[X,0x0000000080001448] -> 0xB823
mem[X,0x000000008000144A] -> 0x1A20
[611] [M]: 0x0000000080001448 (0x1A20B823) sd sp, 432(ra)
mem[0x00000000800062C8] <- 0xFF76DF56FF76DFBB
mem[X,0x000000008000144C] -> 0x0513
mem[X,0x000000008000144E] -> 0x0010
[612] [M]: 0x000000008000144C (0x00100513) addi a0, zero, 1
x10 <- 0x0000000000000001
mem[X,0x0000000080001450] -> 0x1513
mem[X,0x0000000080001452] -> 0x0315
[613] [M]: 0x0000000080001450 (0x03151513) slli a0, a0, 49
x10 <- 0x0002000000000000
mem[X,0x0000000080001454] -> 0xA051
[614] [M]: 0x0000000080001454 (0xA051) c.j 66
mem[X,0x00000000800014D8] -> 0xF141
[615] [M]: 0x00000000800014D8 (0xF141) c.bnez a0, 192
mem[X,0x0000000080001458] -> 0x0113
mem[X,0x000000008000145A] -> 0x0011
[616] [M]: 0x0000000080001458 (0x00110113) addi sp, sp, 1
x2 <- 0xFF76DF56FF76DFBC
mem[X,0x000000008000145C] -> 0x006F
mem[X,0x000000008000145E] -> 0x0880
[617] [M]: 0x000000008000145C (0x0880006F) jal zero, 136
mem[X,0x00000000800014E4] -> 0xBC23
mem[X,0x00000000800014E6] -> 0x1A20
[618] [M]: 0x00000000800014E4 (0x1A20BC23) sd sp, 440(ra)
mem[0x00000000800062D0] <- 0xFF76DF56FF76DFBC
mem[X,0x00000000800014E8] -> 0x0513
mem[X,0x00000000800014EA] -> 0x0010
[619] [M]: 0x00000000800014E8 (0x00100513) addi a0, zero, 1
x10 <- 0x0000000000000001
mem[X,0x00000000800014EC] -> 0x1513
mem[X,0x00000000800014EE] -> 0x0325
[620] [M]: 0x00000000800014EC (0x03251513) slli a0, a0, 50
x10 <- 0x0004000000000000
mem[X,0x00000000800014F0] -> 0xA821
[621] [M]: 0x00000000800014F0 (0xA821) c.j 12
mem[X,0x0000000080001508] -> 0xF575
[622] [M]: 0x0000000080001508 (0xF575) c.bnez a0, 246
mem[X,0x00000000800014F4] -> 0x0113
mem[X,0x00000000800014F6] -> 0x0011
[623] [M]: 0x00000000800014F4 (0x00110113) addi sp, sp, 1
x2 <- 0xFF76DF56FF76DFBD
mem[X,0x00000000800014F8] -> 0x006F
mem[X,0x00000000800014FA] -> 0x01C0
[624] [M]: 0x00000000800014F8 (0x01C0006F) jal zero, 28
mem[X,0x0000000080001514] -> 0xB023
mem[X,0x0000000080001516] -> 0x1C20
[625] [M]: 0x0000000080001514 (0x1C20B023) sd sp, 448(ra)
mem[0x00000000800062D8] <- 0xFF76DF56FF76DFBD
mem[X,0x0000000080001518] -> 0x0513
mem[X,0x000000008000151A] -> 0x0010
[626] [M]: 0x0000000080001518 (0x00100513) addi a0, zero, 1
x10 <- 0x0000000000000001
mem[X,0x000000008000151C] -> 0x1513
mem[X,0x000000008000151E] -> 0x0335
[627] [M]: 0x000000008000151C (0x03351513) slli a0, a0, 51
x10 <- 0x0008000000000000
mem[X,0x0000000080001520] -> 0xA031
[628] [M]: 0x0000000080001520 (0xA031) c.j 6
mem[X,0x000000008000152C] -> 0xE509
[629] [M]: 0x000000008000152C (0xE509) c.bnez a0, 5
mem[X,0x0000000080001536] -> 0x010D
[630] [M]: 0x0000000080001536 (0x010D) c.addi sp, 3
x2 <- 0xFF76DF56FF76DFC0
mem[X,0x0000000080001538] -> 0xB423
mem[X,0x000000008000153A] -> 0x1C20
[631] [M]: 0x0000000080001538 (0x1C20B423) sd sp, 456(ra)
mem[0x00000000800062E0] <- 0xFF76DF56FF76DFC0
mem[X,0x000000008000153C] -> 0x0513
mem[X,0x000000008000153E] -> 0x0010
[632] [M]: 0x000000008000153C (0x00100513) addi a0, zero, 1
x10 <- 0x0000000000000001
mem[X,0x0000000080001540] -> 0x1513
mem[X,0x0000000080001542] -> 0x0345
[633] [M]: 0x0000000080001540 (0x03451513) slli a0, a0, 52
x10 <- 0x0010000000000000
mem[X,0x0000000080001544] -> 0xA099
[634] [M]: 0x0000000080001544 (0xA099) c.j 35
mem[X,0x000000008000158A] -> 0xFD5D
[635] [M]: 0x000000008000158A (0xFD5D) c.bnez a0, 223
mem[X,0x0000000080001548] -> 0x0113
mem[X,0x000000008000154A] -> 0x0011
[636] [M]: 0x0000000080001548 (0x00110113) addi sp, sp, 1
x2 <- 0xFF76DF56FF76DFC1
mem[X,0x000000008000154C] -> 0x006F
mem[X,0x000000008000154E] -> 0x04A0
[637] [M]: 0x000000008000154C (0x04A0006F) jal zero, 74
mem[X,0x0000000080001596] -> 0xB823
mem[X,0x0000000080001598] -> 0x1C20
[638] [M]: 0x0000000080001596 (0x1C20B823) sd sp, 464(ra)
mem[0x00000000800062E8] <- 0xFF76DF56FF76DFC1
mem[X,0x000000008000159A] -> 0x0513
mem[X,0x000000008000159C] -> 0x0010
[639] [M]: 0x000000008000159A (0x00100513) addi a0, zero, 1
x10 <- 0x0000000000000001
mem[X,0x000000008000159E] -> 0x1513
mem[X,0x00000000800015A0] -> 0x0355
[640] [M]: 0x000000008000159E (0x03551513) slli a0, a0, 53
x10 <- 0x0020000000000000
mem[X,0x00000000800015A2] -> 0xA031
[641] [M]: 0x00000000800015A2 (0xA031) c.j 6
mem[X,0x00000000800015AE] -> 0xED3D
[642] [M]: 0x00000000800015AE (0xED3D) c.bnez a0, 63
mem[X,0x000000008000162C] -> 0x010D
[643] [M]: 0x000000008000162C (0x010D) c.addi sp, 3
x2 <- 0xFF76DF56FF76DFC4
mem[X,0x000000008000162E] -> 0xBC23
mem[X,0x0000000080001630] -> 0x1C20
[644] [M]: 0x000000008000162E (0x1C20BC23) sd sp, 472(ra)
mem[0x00000000800062F0] <- 0xFF76DF56FF76DFC4
mem[X,0x0000000080001632] -> 0x0513
mem[X,0x0000000080001634] -> 0x0010
[645] [M]: 0x0000000080001632 (0x00100513) addi a0, zero, 1
x10 <- 0x0000000000000001
mem[X,0x0000000080001636] -> 0x1513
mem[X,0x0000000080001638] -> 0x0365
[646] [M]: 0x0000000080001636 (0x03651513) slli a0, a0, 54
x10 <- 0x0040000000000000
mem[X,0x000000008000163A] -> 0xA031
[647] [M]: 0x000000008000163A (0xA031) c.j 6
mem[X,0x0000000080001646] -> 0xE519
[648] [M]: 0x0000000080001646 (0xE519) c.bnez a0, 7
mem[X,0x0000000080001654] -> 0x010D
[649] [M]: 0x0000000080001654 (0x010D) c.addi sp, 3
x2 <- 0xFF76DF56FF76DFC7
mem[X,0x0000000080001656] -> 0xB023
mem[X,0x0000000080001658] -> 0x1E20
[650] [M]: 0x0000000080001656 (0x1E20B023) sd sp, 480(ra)
mem[0x00000000800062F8] <- 0xFF76DF56FF76DFC7
mem[X,0x000000008000165A] -> 0x0513
mem[X,0x000000008000165C] -> 0x0010
[651] [M]: 0x000000008000165A (0x00100513) addi a0, zero, 1
x10 <- 0x0000000000000001
mem[X,0x000000008000165E] -> 0x1513
mem[X,0x0000000080001660] -> 0x0375
[652] [M]: 0x000000008000165E (0x03751513) slli a0, a0, 55
x10 <- 0x0080000000000000
mem[X,0x0000000080001662] -> 0xA031
[653] [M]: 0x0000000080001662 (0xA031) c.j 6
mem[X,0x000000008000166E] -> 0xE54D
[654] [M]: 0x000000008000166E (0xE54D) c.bnez a0, 85
mem[X,0x0000000080001718] -> 0x010D
[655] [M]: 0x0000000080001718 (0x010D) c.addi sp, 3
x2 <- 0xFF76DF56FF76DFCA
mem[X,0x000000008000171A] -> 0xB423
mem[X,0x000000008000171C] -> 0x1E20
[656] [M]: 0x000000008000171A (0x1E20B423) sd sp, 488(ra)
mem[0x0000000080006300] <- 0xFF76DF56FF76DFCA
mem[X,0x000000008000171E] -> 0x0513
mem[X,0x0000000080001720] -> 0x0010
[657] [M]: 0x000000008000171E (0x00100513) addi a0, zero, 1
x10 <- 0x0000000000000001
mem[X,0x0000000080001722] -> 0x1513
mem[X,0x0000000080001724] -> 0x0385
[658] [M]: 0x0000000080001722 (0x03851513) slli a0, a0, 56
x10 <- 0x0100000000000000
mem[X,0x0000000080001726] -> 0xA01D
[659] [M]: 0x0000000080001726 (0xA01D) c.j 19
mem[X,0x000000008000174C] -> 0xFD79
[660] [M]: 0x000000008000174C (0xFD79) c.bnez a0, 239
mem[X,0x000000008000172A] -> 0x0113
mem[X,0x000000008000172C] -> 0x0011
[661] [M]: 0x000000008000172A (0x00110113) addi sp, sp, 1
x2 <- 0xFF76DF56FF76DFCB
mem[X,0x000000008000172E] -> 0x006F
mem[X,0x0000000080001730] -> 0x02A0
[662] [M]: 0x000000008000172E (0x02A0006F) jal zero, 42
mem[X,0x0000000080001758] -> 0xB823
mem[X,0x000000008000175A] -> 0x1E20
[663] [M]: 0x0000000080001758 (0x1E20B823) sd sp, 496(ra)
mem[0x0000000080006308] <- 0xFF76DF56FF76DFCB
mem[X,0x000000008000175C] -> 0x0513
mem[X,0x000000008000175E] -> 0x0010
[664] [M]: 0x000000008000175C (0x00100513) addi a0, zero, 1
x10 <- 0x0000000000000001
mem[X,0x0000000080001760] -> 0x1513
mem[X,0x0000000080001762] -> 0x0395
[665] [M]: 0x0000000080001760 (0x03951513) slli a0, a0, 57
x10 <- 0x0200000000000000
mem[X,0x0000000080001764] -> 0xA031
[666] [M]: 0x0000000080001764 (0xA031) c.j 6
mem[X,0x0000000080001770] -> 0xE509
[667] [M]: 0x0000000080001770 (0xE509) c.bnez a0, 5
mem[X,0x000000008000177A] -> 0x010D
[668] [M]: 0x000000008000177A (0x010D) c.addi sp, 3
x2 <- 0xFF76DF56FF76DFCE
mem[X,0x000000008000177C] -> 0xBC23
mem[X,0x000000008000177E] -> 0x1E20
[669] [M]: 0x000000008000177C (0x1E20BC23) sd sp, 504(ra)
mem[0x0000000080006310] <- 0xFF76DF56FF76DFCE
mem[X,0x0000000080001780] -> 0x0513
mem[X,0x0000000080001782] -> 0x0010
[670] [M]: 0x0000000080001780 (0x00100513) addi a0, zero, 1
x10 <- 0x0000000000000001
mem[X,0x0000000080001784] -> 0x1513
mem[X,0x0000000080001786] -> 0x03A5
[671] [M]: 0x0000000080001784 (0x03A51513) slli a0, a0, 58
x10 <- 0x0400000000000000
mem[X,0x0000000080001788] -> 0xA031
[672] [M]: 0x0000000080001788 (0xA031) c.j 6
mem[X,0x0000000080001794] -> 0xED3D
[673] [M]: 0x0000000080001794 (0xED3D) c.bnez a0, 63
mem[X,0x0000000080001812] -> 0x010D
[674] [M]: 0x0000000080001812 (0x010D) c.addi sp, 3
x2 <- 0xFF76DF56FF76DFD1
mem[X,0x0000000080001814] -> 0xB023
mem[X,0x0000000080001816] -> 0x2020
[675] [M]: 0x0000000080001814 (0x2020B023) sd sp, 512(ra)
mem[0x0000000080006318] <- 0xFF76DF56FF76DFD1
mem[X,0x0000000080001818] -> 0x0513
mem[X,0x000000008000181A] -> 0x0010
[676] [M]: 0x0000000080001818 (0x00100513) addi a0, zero, 1
x10 <- 0x0000000000000001
mem[X,0x000000008000181C] -> 0x1513
mem[X,0x000000008000181E] -> 0x03B5
[677] [M]: 0x000000008000181C (0x03B51513) slli a0, a0, 59
x10 <- 0x0800000000000000
mem[X,0x0000000080001820] -> 0xA031
[678] [M]: 0x0000000080001820 (0xA031) c.j 6
mem[X,0x000000008000182C] -> 0xE105
[679] [M]: 0x000000008000182C (0xE105) c.bnez a0, 16
mem[X,0x000000008000184C] -> 0x010D
[680] [M]: 0x000000008000184C (0x010D) c.addi sp, 3
x2 <- 0xFF76DF56FF76DFD4
mem[X,0x000000008000184E] -> 0xB423
mem[X,0x0000000080001850] -> 0x2020
[681] [M]: 0x000000008000184E (0x2020B423) sd sp, 520(ra)
mem[0x0000000080006320] <- 0xFF76DF56FF76DFD4
mem[X,0x0000000080001852] -> 0x0513
mem[X,0x0000000080001854] -> 0x0010
[682] [M]: 0x0000000080001852 (0x00100513) addi a0, zero, 1
x10 <- 0x0000000000000001
mem[X,0x0000000080001856] -> 0x1513
mem[X,0x0000000080001858] -> 0x03C5
[683] [M]: 0x0000000080001856 (0x03C51513) slli a0, a0, 60
x10 <- 0x1000000000000000
mem[X,0x000000008000185A] -> 0xA031
[684] [M]: 0x000000008000185A (0xA031) c.j 6
mem[X,0x0000000080001866] -> 0xFD65
[685] [M]: 0x0000000080001866 (0xFD65) c.bnez a0, 252
mem[X,0x000000008000185E] -> 0x0113
mem[X,0x0000000080001860] -> 0x0011
[686] [M]: 0x000000008000185E (0x00110113) addi sp, sp, 1
x2 <- 0xFF76DF56FF76DFD5
mem[X,0x0000000080001862] -> 0x006F
mem[X,0x0000000080001864] -> 0x0100
[687] [M]: 0x0000000080001862 (0x0100006F) jal zero, 16
mem[X,0x0000000080001872] -> 0xB823
mem[X,0x0000000080001874] -> 0x2020
[688] [M]: 0x0000000080001872 (0x2020B823) sd sp, 528(ra)
mem[0x0000000080006328] <- 0xFF76DF56FF76DFD5
mem[X,0x0000000080001876] -> 0x0513
mem[X,0x0000000080001878] -> 0x0010
[689] [M]: 0x0000000080001876 (0x00100513) addi a0, zero, 1
x10 <- 0x0000000000000001
mem[X,0x000000008000187A] -> 0x1513
mem[X,0x000000008000187C] -> 0x03E5
[690] [M]: 0x000000008000187A (0x03E51513) slli a0, a0, 62
x10 <- 0x4000000000000000
mem[X,0x000000008000187E] -> 0xA031
[691] [M]: 0x000000008000187E (0xA031) c.j 6
mem[X,0x000000008000188A] -> 0xE105
[692] [M]: 0x000000008000188A (0xE105) c.bnez a0, 16
mem[X,0x00000000800018AA] -> 0x010D
[693] [M]: 0x00000000800018AA (0x010D) c.addi sp, 3
x2 <- 0xFF76DF56FF76DFD8
mem[X,0x00000000800018AC] -> 0xBC23
mem[X,0x00000000800018AE] -> 0x2020
[694] [M]: 0x00000000800018AC (0x2020BC23) sd sp, 536(ra)
mem[0x0000000080006330] <- 0xFF76DF56FF76DFD8
mem[X,0x00000000800018B0] -> 0x0513
mem[X,0x00000000800018B2] -> 0xFFE0
[695] [M]: 0x00000000800018B0 (0xFFE00513) addi a0, zero, 4094
x10 <- 0xFFFFFFFFFFFFFFFE
mem[X,0x00000000800018B4] -> 0xA01D
[696] [M]: 0x00000000800018B4 (0xA01D) c.j 19
mem[X,0x00000000800018DA] -> 0xFD79
[697] [M]: 0x00000000800018DA (0xFD79) c.bnez a0, 239
mem[X,0x00000000800018B8] -> 0x0113
mem[X,0x00000000800018BA] -> 0x0011
[698] [M]: 0x00000000800018B8 (0x00110113) addi sp, sp, 1
x2 <- 0xFF76DF56FF76DFD9
mem[X,0x00000000800018BC] -> 0x006F
mem[X,0x00000000800018BE] -> 0x02A0
[699] [M]: 0x00000000800018BC (0x02A0006F) jal zero, 42
clint::tick mtime <- 0x0000000000000007
 clint timer pending at mtime 0x0000000000000007
htif::tick 0x0000000000000000
mem[X,0x00000000800018E6] -> 0xB023
mem[X,0x00000000800018E8] -> 0x2220
[700] [M]: 0x00000000800018E6 (0x2220B023) sd sp, 544(ra)
mem[0x0000000080006338] <- 0xFF76DF56FF76DFD9
mem[X,0x00000000800018EA] -> 0x0513
mem[X,0x00000000800018EC] -> 0xFFD0
[701] [M]: 0x00000000800018EA (0xFFD00513) addi a0, zero, 4093
x10 <- 0xFFFFFFFFFFFFFFFD
mem[X,0x00000000800018EE] -> 0xA031
[702] [M]: 0x00000000800018EE (0xA031) c.j 6
mem[X,0x00000000800018FA] -> 0xE901
[703] [M]: 0x00000000800018FA (0xE901) c.bnez a0, 8
mem[X,0x000000008000190A] -> 0x010D
[704] [M]: 0x000000008000190A (0x010D) c.addi sp, 3
x2 <- 0xFF76DF56FF76DFDC
mem[X,0x000000008000190C] -> 0xB423
mem[X,0x000000008000190E] -> 0x2220
[705] [M]: 0x000000008000190C (0x2220B423) sd sp, 552(ra)
mem[0x0000000080006340] <- 0xFF76DF56FF76DFDC
mem[X,0x0000000080001910] -> 0x0513
mem[X,0x0000000080001912] -> 0xFFB0
[706] [M]: 0x0000000080001910 (0xFFB00513) addi a0, zero, 4091
x10 <- 0xFFFFFFFFFFFFFFFB
mem[X,0x0000000080001914] -> 0xA051
[707] [M]: 0x0000000080001914 (0xA051) c.j 66
mem[X,0x0000000080001998] -> 0xF141
[708] [M]: 0x0000000080001998 (0xF141) c.bnez a0, 192
mem[X,0x0000000080001918] -> 0x0113
mem[X,0x000000008000191A] -> 0x0011
[709] [M]: 0x0000000080001918 (0x00110113) addi sp, sp, 1
x2 <- 0xFF76DF56FF76DFDD
mem[X,0x000000008000191C] -> 0x006F
mem[X,0x000000008000191E] -> 0x0880
[710] [M]: 0x000000008000191C (0x0880006F) jal zero, 136
mem[X,0x00000000800019A4] -> 0xB823
mem[X,0x00000000800019A6] -> 0x2220
[711] [M]: 0x00000000800019A4 (0x2220B823) sd sp, 560(ra)
mem[0x0000000080006348] <- 0xFF76DF56FF76DFDD
mem[X,0x00000000800019A8] -> 0x0513
mem[X,0x00000000800019AA] -> 0xFF70
[712] [M]: 0x00000000800019A8 (0xFF700513) addi a0, zero, 4087
x10 <- 0xFFFFFFFFFFFFFFF7
mem[X,0x00000000800019AC] -> 0xA811
[713] [M]: 0x00000000800019AC (0xA811) c.j 10
mem[X,0x00000000800019C0] -> 0xF965
[714] [M]: 0x00000000800019C0 (0xF965) c.bnez a0, 248
mem[X,0x00000000800019B0] -> 0x0113
mem[X,0x00000000800019B2] -> 0x0011
[715] [M]: 0x00000000800019B0 (0x00110113) addi sp, sp, 1
x2 <- 0xFF76DF56FF76DFDE
mem[X,0x00000000800019B4] -> 0x006F
mem[X,0x00000000800019B6] -> 0x0180
[716] [M]: 0x00000000800019B4 (0x0180006F) jal zero, 24
mem[X,0x00000000800019CC] -> 0xBC23
mem[X,0x00000000800019CE] -> 0x2220
[717] [M]: 0x00000000800019CC (0x2220BC23) sd sp, 568(ra)
mem[0x0000000080006350] <- 0xFF76DF56FF76DFDE
mem[X,0x00000000800019D0] -> 0x0513
mem[X,0x00000000800019D2] -> 0xFEF0
[718] [M]: 0x00000000800019D0 (0xFEF00513) addi a0, zero, 4079
x10 <- 0xFFFFFFFFFFFFFFEF
mem[X,0x00000000800019D4] -> 0xA811
[719] [M]: 0x00000000800019D4 (0xA811) c.j 10
mem[X,0x00000000800019E8] -> 0xF965
[720] [M]: 0x00000000800019E8 (0xF965) c.bnez a0, 248
mem[X,0x00000000800019D8] -> 0x0113
mem[X,0x00000000800019DA] -> 0x0011
[721] [M]: 0x00000000800019D8 (0x00110113) addi sp, sp, 1
x2 <- 0xFF76DF56FF76DFDF
mem[X,0x00000000800019DC] -> 0x006F
mem[X,0x00000000800019DE] -> 0x0180
[722] [M]: 0x00000000800019DC (0x0180006F) jal zero, 24
mem[X,0x00000000800019F4] -> 0xB023
mem[X,0x00000000800019F6] -> 0x2420
[723] [M]: 0x00000000800019F4 (0x2420B023) sd sp, 576(ra)
mem[0x0000000080006358] <- 0xFF76DF56FF76DFDF
mem[X,0x00000000800019F8] -> 0x0513
mem[X,0x00000000800019FA] -> 0xFDF0
[724] [M]: 0x00000000800019F8 (0xFDF00513) addi a0, zero, 4063
x10 <- 0xFFFFFFFFFFFFFFDF
mem[X,0x00000000800019FC] -> 0xA099
[725] [M]: 0x00000000800019FC (0xA099) c.j 35
mem[X,0x0000000080001A42] -> 0xFD5D
[726] [M]: 0x0000000080001A42 (0xFD5D) c.bnez a0, 223
mem[X,0x0000000080001A00] -> 0x0113
mem[X,0x0000000080001A02] -> 0x0011
[727] [M]: 0x0000000080001A00 (0x00110113) addi sp, sp, 1
x2 <- 0xFF76DF56FF76DFE0
mem[X,0x0000000080001A04] -> 0x006F
mem[X,0x0000000080001A06] -> 0x04A0
[728] [M]: 0x0000000080001A04 (0x04A0006F) jal zero, 74
mem[X,0x0000000080001A4E] -> 0xB423
mem[X,0x0000000080001A50] -> 0x2420
[729] [M]: 0x0000000080001A4E (0x2420B423) sd sp, 584(ra)
mem[0x0000000080006360] <- 0xFF76DF56FF76DFE0
mem[X,0x0000000080001A52] -> 0x0513
mem[X,0x0000000080001A54] -> 0xFBF0
[730] [M]: 0x0000000080001A52 (0xFBF00513) addi a0, zero, 4031
x10 <- 0xFFFFFFFFFFFFFFBF
mem[X,0x0000000080001A56] -> 0xA031
[731] [M]: 0x0000000080001A56 (0xA031) c.j 6
mem[X,0x0000000080001A62] -> 0xE54D
[732] [M]: 0x0000000080001A62 (0xE54D) c.bnez a0, 85
mem[X,0x0000000080001B0C] -> 0x010D
[733] [M]: 0x0000000080001B0C (0x010D) c.addi sp, 3
x2 <- 0xFF76DF56FF76DFE3
mem[X,0x0000000080001B0E] -> 0xB823
mem[X,0x0000000080001B10] -> 0x2420
[734] [M]: 0x0000000080001B0E (0x2420B823) sd sp, 592(ra)
mem[0x0000000080006368] <- 0xFF76DF56FF76DFE3
mem[X,0x0000000080001B12] -> 0x0513
mem[X,0x0000000080001B14] -> 0xF7F0
[735] [M]: 0x0000000080001B12 (0xF7F00513) addi a0, zero, 3967
x10 <- 0xFFFFFFFFFFFFFF7F
mem[X,0x0000000080001B16] -> 0xA031
[736] [M]: 0x0000000080001B16 (0xA031) c.j 6
mem[X,0x0000000080001B22] -> 0xE509
[737] [M]: 0x0000000080001B22 (0xE509) c.bnez a0, 5
mem[X,0x0000000080001B2C] -> 0x010D
[738] [M]: 0x0000000080001B2C (0x010D) c.addi sp, 3
x2 <- 0xFF76DF56FF76DFE6
mem[X,0x0000000080001B2E] -> 0xBC23
mem[X,0x0000000080001B30] -> 0x2420
[739] [M]: 0x0000000080001B2E (0x2420BC23) sd sp, 600(ra)
mem[0x0000000080006370] <- 0xFF76DF56FF76DFE6
mem[X,0x0000000080001B32] -> 0x0513
mem[X,0x0000000080001B34] -> 0xEFF0
[740] [M]: 0x0000000080001B32 (0xEFF00513) addi a0, zero, 3839
x10 <- 0xFFFFFFFFFFFFFEFF
mem[X,0x0000000080001B36] -> 0xA051
[741] [M]: 0x0000000080001B36 (0xA051) c.j 66
mem[X,0x0000000080001BBA] -> 0xF141
[742] [M]: 0x0000000080001BBA (0xF141) c.bnez a0, 192
mem[X,0x0000000080001B3A] -> 0x0113
mem[X,0x0000000080001B3C] -> 0x0011
[743] [M]: 0x0000000080001B3A (0x00110113) addi sp, sp, 1
x2 <- 0xFF76DF56FF76DFE7
mem[X,0x0000000080001B3E] -> 0x006F
mem[X,0x0000000080001B40] -> 0x0880
[744] [M]: 0x0000000080001B3E (0x0880006F) jal zero, 136
mem[X,0x0000000080001BC6] -> 0xB023
mem[X,0x0000000080001BC8] -> 0x2620
[745] [M]: 0x0000000080001BC6 (0x2620B023) sd sp, 608(ra)
mem[0x0000000080006378] <- 0xFF76DF56FF76DFE7
mem[X,0x0000000080001BCA] -> 0x0513
mem[X,0x0000000080001BCC] -> 0xDFF0
[746] [M]: 0x0000000080001BCA (0xDFF00513) addi a0, zero, 3583
x10 <- 0xFFFFFFFFFFFFFDFF
mem[X,0x0000000080001BCE] -> 0xA031
[747] [M]: 0x0000000080001BCE (0xA031) c.j 6
mem[X,0x0000000080001BDA] -> 0xED3D
[748] [M]: 0x0000000080001BDA (0xED3D) c.bnez a0, 63
mem[X,0x0000000080001C58] -> 0x010D
[749] [M]: 0x0000000080001C58 (0x010D) c.addi sp, 3
x2 <- 0xFF76DF56FF76DFEA
mem[X,0x0000000080001C5A] -> 0xB423
mem[X,0x0000000080001C5C] -> 0x2620
[750] [M]: 0x0000000080001C5A (0x2620B423) sd sp, 616(ra)
mem[0x0000000080006380] <- 0xFF76DF56FF76DFEA
mem[X,0x0000000080001C5E] -> 0x0513
mem[X,0x0000000080001C60] -> 0xBFF0
[751] [M]: 0x0000000080001C5E (0xBFF00513) addi a0, zero, 3071
x10 <- 0xFFFFFFFFFFFFFBFF
mem[X,0x0000000080001C62] -> 0xA031
[752] [M]: 0x0000000080001C62 (0xA031) c.j 6
mem[X,0x0000000080001C6E] -> 0xE509
[753] [M]: 0x0000000080001C6E (0xE509) c.bnez a0, 5
mem[X,0x0000000080001C78] -> 0x010D
[754] [M]: 0x0000000080001C78 (0x010D) c.addi sp, 3
x2 <- 0xFF76DF56FF76DFED
mem[X,0x0000000080001C7A] -> 0xB823
mem[X,0x0000000080001C7C] -> 0x2620
[755] [M]: 0x0000000080001C7A (0x2620B823) sd sp, 624(ra)
mem[0x0000000080006388] <- 0xFF76DF56FF76DFED
mem[X,0x0000000080001C7E] -> 0x0513
mem[X,0x0000000080001C80] -> 0x0010
[756] [M]: 0x0000000080001C7E (0x00100513) addi a0, zero, 1
x10 <- 0x0000000000000001
mem[X,0x0000000080001C82] -> 0x1513
mem[X,0x0000000080001C84] -> 0x00B5
[757] [M]: 0x0000000080001C82 (0x00B51513) slli a0, a0, 11
x10 <- 0x0000000000000800
mem[X,0x0000000080001C86] -> 0x4513
mem[X,0x0000000080001C88] -> 0xFFF5
[758] [M]: 0x0000000080001C86 (0xFFF54513) xori a0, a0, 4095
x10 <- 0xFFFFFFFFFFFFF7FF
mem[X,0x0000000080001C8A] -> 0xA031
[759] [M]: 0x0000000080001C8A (0xA031) c.j 6
mem[X,0x0000000080001C96] -> 0xE54D
[760] [M]: 0x0000000080001C96 (0xE54D) c.bnez a0, 85
mem[X,0x0000000080001D40] -> 0x010D
[761] [M]: 0x0000000080001D40 (0x010D) c.addi sp, 3
x2 <- 0xFF76DF56FF76DFF0
mem[X,0x0000000080001D42] -> 0xBC23
mem[X,0x0000000080001D44] -> 0x2620
[762] [M]: 0x0000000080001D42 (0x2620BC23) sd sp, 632(ra)
mem[0x0000000080006390] <- 0xFF76DF56FF76DFF0
mem[X,0x0000000080001D46] -> 0x0513
mem[X,0x0000000080001D48] -> 0x0010
[763] [M]: 0x0000000080001D46 (0x00100513) addi a0, zero, 1
x10 <- 0x0000000000000001
mem[X,0x0000000080001D4A] -> 0x1513
mem[X,0x0000000080001D4C] -> 0x00C5
[764] [M]: 0x0000000080001D4A (0x00C51513) slli a0, a0, 12
x10 <- 0x0000000000001000
mem[X,0x0000000080001D4E] -> 0x4513
mem[X,0x0000000080001D50] -> 0xFFF5
[765] [M]: 0x0000000080001D4E (0xFFF54513) xori a0, a0, 4095
x10 <- 0xFFFFFFFFFFFFEFFF
mem[X,0x0000000080001D52] -> 0xA031
[766] [M]: 0x0000000080001D52 (0xA031) c.j 6
mem[X,0x0000000080001D5E] -> 0xE509
[767] [M]: 0x0000000080001D5E (0xE509) c.bnez a0, 5
mem[X,0x0000000080001D68] -> 0x010D
[768] [M]: 0x0000000080001D68 (0x010D) c.addi sp, 3
x2 <- 0xFF76DF56FF76DFF3
mem[X,0x0000000080001D6A] -> 0xB023
mem[X,0x0000000080001D6C] -> 0x2820
[769] [M]: 0x0000000080001D6A (0x2820B023) sd sp, 640(ra)
mem[0x0000000080006398] <- 0xFF76DF56FF76DFF3
mem[X,0x0000000080001D6E] -> 0x0513
mem[X,0x0000000080001D70] -> 0x0010
[770] [M]: 0x0000000080001D6E (0x00100513) addi a0, zero, 1
x10 <- 0x0000000000000001
mem[X,0x0000000080001D72] -> 0x1513
mem[X,0x0000000080001D74] -> 0x00E5
[771] [M]: 0x0000000080001D72 (0x00E51513) slli a0, a0, 14
x10 <- 0x0000000000004000
mem[X,0x0000000080001D76] -> 0x4513
mem[X,0x0000000080001D78] -> 0xFFF5
[772] [M]: 0x0000000080001D76 (0xFFF54513) xori a0, a0, 4095
x10 <- 0xFFFFFFFFFFFFBFFF
mem[X,0x0000000080001D7A] -> 0xA01D
[773] [M]: 0x0000000080001D7A (0xA01D) c.j 19
mem[X,0x0000000080001DA0] -> 0xFD79
[774] [M]: 0x0000000080001DA0 (0xFD79) c.bnez a0, 239
mem[X,0x0000000080001D7E] -> 0x0113
mem[X,0x0000000080001D80] -> 0x0011
[775] [M]: 0x0000000080001D7E (0x00110113) addi sp, sp, 1
x2 <- 0xFF76DF56FF76DFF4
mem[X,0x0000000080001D82] -> 0x006F
mem[X,0x0000000080001D84] -> 0x02A0
[776] [M]: 0x0000000080001D82 (0x02A0006F) jal zero, 42
mem[X,0x0000000080001DAC] -> 0xB423
mem[X,0x0000000080001DAE] -> 0x2820
[777] [M]: 0x0000000080001DAC (0x2820B423) sd sp, 648(ra)
mem[0x00000000800063A0] <- 0xFF76DF56FF76DFF4
mem[X,0x0000000080001DB0] -> 0x0513
mem[X,0x0000000080001DB2] -> 0x0010
[778] [M]: 0x0000000080001DB0 (0x00100513) addi a0, zero, 1
x10 <- 0x0000000000000001
mem[X,0x0000000080001DB4] -> 0x1513
mem[X,0x0000000080001DB6] -> 0x00F5
[779] [M]: 0x0000000080001DB4 (0x00F51513) slli a0, a0, 15
x10 <- 0x0000000000008000
mem[X,0x0000000080001DB8] -> 0x4513
mem[X,0x0000000080001DBA] -> 0xFFF5
[780] [M]: 0x0000000080001DB8 (0xFFF54513) xori a0, a0, 4095
x10 <- 0xFFFFFFFFFFFF7FFF
mem[X,0x0000000080001DBC] -> 0xA031
[781] [M]: 0x0000000080001DBC (0xA031) c.j 6
mem[X,0x0000000080001DC8] -> 0xE511
[782] [M]: 0x0000000080001DC8 (0xE511) c.bnez a0, 6
mem[X,0x0000000080001DD4] -> 0x010D
[783] [M]: 0x0000000080001DD4 (0x010D) c.addi sp, 3
x2 <- 0xFF76DF56FF76DFF7
mem[X,0x0000000080001DD6] -> 0xB823
mem[X,0x0000000080001DD8] -> 0x2820
[784] [M]: 0x0000000080001DD6 (0x2820B823) sd sp, 656(ra)
mem[0x00000000800063A8] <- 0xFF76DF56FF76DFF7
mem[X,0x0000000080001DDA] -> 0x0513
mem[X,0x0000000080001DDC] -> 0x0010
[785] [M]: 0x0000000080001DDA (0x00100513) addi a0, zero, 1
x10 <- 0x0000000000000001
mem[X,0x0000000080001DDE] -> 0x1513
mem[X,0x0000000080001DE0] -> 0x0105
[786] [M]: 0x0000000080001DDE (0x01051513) slli a0, a0, 16
x10 <- 0x0000000000010000
mem[X,0x0000000080001DE2] -> 0x4513
mem[X,0x0000000080001DE4] -> 0xFFF5
[787] [M]: 0x0000000080001DE2 (0xFFF54513) xori a0, a0, 4095
x10 <- 0xFFFFFFFFFFFEFFFF
mem[X,0x0000000080001DE6] -> 0xA039
[788] [M]: 0x0000000080001DE6 (0xA039) c.j 7
mem[X,0x0000000080001DF4] -> 0xF97D
[789] [M]: 0x0000000080001DF4 (0xF97D) c.bnez a0, 251
mem[X,0x0000000080001DEA] -> 0x0113
mem[X,0x0000000080001DEC] -> 0x0011
[790] [M]: 0x0000000080001DEA (0x00110113) addi sp, sp, 1
x2 <- 0xFF76DF56FF76DFF8
mem[X,0x0000000080001DEE] -> 0x006F
mem[X,0x0000000080001DF0] -> 0x0120
[791] [M]: 0x0000000080001DEE (0x0120006F) jal zero, 18
mem[X,0x0000000080001E00] -> 0xBC23
mem[X,0x0000000080001E02] -> 0x2820
[792] [M]: 0x0000000080001E00 (0x2820BC23) sd sp, 664(ra)
mem[0x00000000800063B0] <- 0xFF76DF56FF76DFF8
mem[X,0x0000000080001E04] -> 0x0513
mem[X,0x0000000080001E06] -> 0x0010
[793] [M]: 0x0000000080001E04 (0x00100513) addi a0, zero, 1
x10 <- 0x0000000000000001
mem[X,0x0000000080001E08] -> 0x1513
mem[X,0x0000000080001E0A] -> 0x0115
[794] [M]: 0x0000000080001E08 (0x01151513) slli a0, a0, 17
x10 <- 0x0000000000020000
mem[X,0x0000000080001E0C] -> 0x4513
mem[X,0x0000000080001E0E] -> 0xFFF5
[795] [M]: 0x0000000080001E0C (0xFFF54513) xori a0, a0, 4095
x10 <- 0xFFFFFFFFFFFDFFFF
mem[X,0x0000000080001E10] -> 0xA031
[796] [M]: 0x0000000080001E10 (0xA031) c.j 6
mem[X,0x0000000080001E1C] -> 0xE54D
[797] [M]: 0x0000000080001E1C (0xE54D) c.bnez a0, 85
mem[X,0x0000000080001EC6] -> 0x010D
[798] [M]: 0x0000000080001EC6 (0x010D) c.addi sp, 3
x2 <- 0xFF76DF56FF76DFFB
mem[X,0x0000000080001EC8] -> 0xB023
mem[X,0x0000000080001ECA] -> 0x2A20
[799] [M]: 0x0000000080001EC8 (0x2A20B023) sd sp, 672(ra)
mem[0x00000000800063B8] <- 0xFF76DF56FF76DFFB
clint::tick mtime <- 0x0000000000000008
 clint timer pending at mtime 0x0000000000000008
htif::tick 0x0000000000000000
mem[X,0x0000000080001ECC] -> 0x0513
mem[X,0x0000000080001ECE] -> 0x0010
[800] [M]: 0x0000000080001ECC (0x00100513) addi a0, zero, 1
x10 <- 0x0000000000000001
mem[X,0x0000000080001ED0] -> 0x1513
mem[X,0x0000000080001ED2] -> 0x0125
[801] [M]: 0x0000000080001ED0 (0x01251513) slli a0, a0, 18
x10 <- 0x0000000000040000
mem[X,0x0000000080001ED4] -> 0x4513
mem[X,0x0000000080001ED6] -> 0xFFF5
[802] [M]: 0x0000000080001ED4 (0xFFF54513) xori a0, a0, 4095
x10 <- 0xFFFFFFFFFFFBFFFF
mem[X,0x0000000080001ED8] -> 0xA819
[803] [M]: 0x0000000080001ED8 (0xA819) c.j 11
mem[X,0x0000000080001EEE] -> 0xF57D
[804] [M]: 0x0000000080001EEE (0xF57D) c.bnez a0, 247
mem[X,0x0000000080001EDC] -> 0x0113
mem[X,0x0000000080001EDE] -> 0x0011
[805] [M]: 0x0000000080001EDC (0x00110113) addi sp, sp, 1
x2 <- 0xFF76DF56FF76DFFC
mem[X,0x0000000080001EE0] -> 0x006F
mem[X,0x0000000080001EE2] -> 0x01A0
[806] [M]: 0x0000000080001EE0 (0x01A0006F) jal zero, 26
mem[X,0x0000000080001EFA] -> 0xB423
mem[X,0x0000000080001EFC] -> 0x2A20
[807] [M]: 0x0000000080001EFA (0x2A20B423) sd sp, 680(ra)
mem[0x00000000800063C0] <- 0xFF76DF56FF76DFFC
mem[X,0x0000000080001EFE] -> 0x0513
mem[X,0x0000000080001F00] -> 0x0010
[808] [M]: 0x0000000080001EFE (0x00100513) addi a0, zero, 1
x10 <- 0x0000000000000001
mem[X,0x0000000080001F02] -> 0x1513
mem[X,0x0000000080001F04] -> 0x0135
[809] [M]: 0x0000000080001F02 (0x01351513) slli a0, a0, 19
x10 <- 0x0000000000080000
mem[X,0x0000000080001F06] -> 0x4513
mem[X,0x0000000080001F08] -> 0xFFF5
[810] [M]: 0x0000000080001F06 (0xFFF54513) xori a0, a0, 4095
x10 <- 0xFFFFFFFFFFF7FFFF
mem[X,0x0000000080001F0A] -> 0xA031
[811] [M]: 0x0000000080001F0A (0xA031) c.j 6
mem[X,0x0000000080001F16] -> 0xE509
[812] [M]: 0x0000000080001F16 (0xE509) c.bnez a0, 5
mem[X,0x0000000080001F20] -> 0x010D
[813] [M]: 0x0000000080001F20 (0x010D) c.addi sp, 3
x2 <- 0xFF76DF56FF76DFFF
mem[X,0x0000000080001F22] -> 0xB823
mem[X,0x0000000080001F24] -> 0x2A20
[814] [M]: 0x0000000080001F22 (0x2A20B823) sd sp, 688(ra)
mem[0x00000000800063C8] <- 0xFF76DF56FF76DFFF
mem[X,0x0000000080001F26] -> 0x0513
mem[X,0x0000000080001F28] -> 0x0010
[815] [M]: 0x0000000080001F26 (0x00100513) addi a0, zero, 1
x10 <- 0x0000000000000001
mem[X,0x0000000080001F2A] -> 0x1513
mem[X,0x0000000080001F2C] -> 0x0145
[816] [M]: 0x0000000080001F2A (0x01451513) slli a0, a0, 20
x10 <- 0x0000000000100000
mem[X,0x0000000080001F2E] -> 0x4513
mem[X,0x0000000080001F30] -> 0xFFF5
[817] [M]: 0x0000000080001F2E (0xFFF54513) xori a0, a0, 4095
x10 <- 0xFFFFFFFFFFEFFFFF
mem[X,0x0000000080001F32] -> 0xA801
[818] [M]: 0x0000000080001F32 (0xA801) c.j 8
mem[X,0x0000000080001F42] -> 0xF975
[819] [M]: 0x0000000080001F42 (0xF975) c.bnez a0, 250
mem[X,0x0000000080001F36] -> 0x0113
mem[X,0x0000000080001F38] -> 0x0011
[820] [M]: 0x0000000080001F36 (0x00110113) addi sp, sp, 1
x2 <- 0xFF76DF56FF76E000
mem[X,0x0000000080001F3A] -> 0x006F
mem[X,0x0000000080001F3C] -> 0x0140
[821] [M]: 0x0000000080001F3A (0x0140006F) jal zero, 20
mem[X,0x0000000080001F4E] -> 0xBC23
mem[X,0x0000000080001F50] -> 0x2A20
[822] [M]: 0x0000000080001F4E (0x2A20BC23) sd sp, 696(ra)
mem[0x00000000800063D0] <- 0xFF76DF56FF76E000
mem[X,0x0000000080001F52] -> 0x0513
mem[X,0x0000000080001F54] -> 0x0010
[823] [M]: 0x0000000080001F52 (0x00100513) addi a0, zero, 1
x10 <- 0x0000000000000001
mem[X,0x0000000080001F56] -> 0x1513
mem[X,0x0000000080001F58] -> 0x0375
[824] [M]: 0x0000000080001F56 (0x03751513) slli a0, a0, 55
x10 <- 0x0080000000000000
mem[X,0x0000000080001F5A] -> 0x4513
mem[X,0x0000000080001F5C] -> 0xFFF5
[825] [M]: 0x0000000080001F5A (0xFFF54513) xori a0, a0, 4095
x10 <- 0xFF7FFFFFFFFFFFFF
mem[X,0x0000000080001F5E] -> 0xA051
[826] [M]: 0x0000000080001F5E (0xA051) c.j 66
mem[X,0x0000000080001FE2] -> 0xF141
[827] [M]: 0x0000000080001FE2 (0xF141) c.bnez a0, 192
mem[X,0x0000000080001F62] -> 0x0113
mem[X,0x0000000080001F64] -> 0x0011
[828] [M]: 0x0000000080001F62 (0x00110113) addi sp, sp, 1
x2 <- 0xFF76DF56FF76E001
mem[X,0x0000000080001F66] -> 0x006F
mem[X,0x0000000080001F68] -> 0x0880
[829] [M]: 0x0000000080001F66 (0x0880006F) jal zero, 136
mem[X,0x0000000080001FEE] -> 0xB023
mem[X,0x0000000080001FF0] -> 0x2C20
[830] [M]: 0x0000000080001FEE (0x2C20B023) sd sp, 704(ra)
mem[0x00000000800063D8] <- 0xFF76DF56FF76E001
mem[X,0x0000000080001FF2] -> 0x0513
mem[X,0x0000000080001FF4] -> 0x0010
[831] [M]: 0x0000000080001FF2 (0x00100513) addi a0, zero, 1
x10 <- 0x0000000000000001
mem[X,0x0000000080001FF6] -> 0x1513
mem[X,0x0000000080001FF8] -> 0x0385
[832] [M]: 0x0000000080001FF6 (0x03851513) slli a0, a0, 56
x10 <- 0x0100000000000000
mem[X,0x0000000080001FFA] -> 0x4513
mem[X,0x0000000080001FFC] -> 0xFFF5
[833] [M]: 0x0000000080001FFA (0xFFF54513) xori a0, a0, 4095
x10 <- 0xFEFFFFFFFFFFFFFF
mem[X,0x0000000080001FFE] -> 0xA031
[834] [M]: 0x0000000080001FFE (0xA031) c.j 6
mem[X,0x000000008000200A] -> 0xFD65
[835] [M]: 0x000000008000200A (0xFD65) c.bnez a0, 252
mem[X,0x0000000080002002] -> 0x0113
mem[X,0x0000000080002004] -> 0x0011
[836] [M]: 0x0000000080002002 (0x00110113) addi sp, sp, 1
x2 <- 0xFF76DF56FF76E002
mem[X,0x0000000080002006] -> 0x006F
mem[X,0x0000000080002008] -> 0x0100
[837] [M]: 0x0000000080002006 (0x0100006F) jal zero, 16
mem[X,0x0000000080002016] -> 0xB423
mem[X,0x0000000080002018] -> 0x2C20
[838] [M]: 0x0000000080002016 (0x2C20B423) sd sp, 712(ra)
mem[0x00000000800063E0] <- 0xFF76DF56FF76E002
mem[X,0x000000008000201A] -> 0x0513
mem[X,0x000000008000201C] -> 0x0010
[839] [M]: 0x000000008000201A (0x00100513) addi a0, zero, 1
x10 <- 0x0000000000000001
mem[X,0x000000008000201E] -> 0x1513
mem[X,0x0000000080002020] -> 0x0395
[840] [M]: 0x000000008000201E (0x03951513) slli a0, a0, 57
x10 <- 0x0200000000000000
mem[X,0x0000000080002022] -> 0x4513
mem[X,0x0000000080002024] -> 0xFFF5
[841] [M]: 0x0000000080002022 (0xFFF54513) xori a0, a0, 4095
x10 <- 0xFDFFFFFFFFFFFFFF
mem[X,0x0000000080002026] -> 0xA059
[842] [M]: 0x0000000080002026 (0xA059) c.j 67
mem[X,0x00000000800020AC] -> 0xFD3D
[843] [M]: 0x00000000800020AC (0xFD3D) c.bnez a0, 191
mem[X,0x000000008000202A] -> 0x0113
mem[X,0x000000008000202C] -> 0x0011
[844] [M]: 0x000000008000202A (0x00110113) addi sp, sp, 1
x2 <- 0xFF76DF56FF76E003
mem[X,0x000000008000202E] -> 0x006F
mem[X,0x0000000080002030] -> 0x08A0
[845] [M]: 0x000000008000202E (0x08A0006F) jal zero, 138
mem[X,0x00000000800020B8] -> 0xB823
mem[X,0x00000000800020BA] -> 0x2C20
[846] [M]: 0x00000000800020B8 (0x2C20B823) sd sp, 720(ra)
mem[0x00000000800063E8] <- 0xFF76DF56FF76E003
mem[X,0x00000000800020BC] -> 0x0513
mem[X,0x00000000800020BE] -> 0x0010
[847] [M]: 0x00000000800020BC (0x00100513) addi a0, zero, 1
x10 <- 0x0000000000000001
mem[X,0x00000000800020C0] -> 0x1513
mem[X,0x00000000800020C2] -> 0x03A5
[848] [M]: 0x00000000800020C0 (0x03A51513) slli a0, a0, 58
x10 <- 0x0400000000000000
mem[X,0x00000000800020C4] -> 0x4513
mem[X,0x00000000800020C6] -> 0xFFF5
[849] [M]: 0x00000000800020C4 (0xFFF54513) xori a0, a0, 4095
x10 <- 0xFBFFFFFFFFFFFFFF
mem[X,0x00000000800020C8] -> 0xA845
[850] [M]: 0x00000000800020C8 (0xA845) c.j 88
mem[X,0x0000000080002178] -> 0xF931
[851] [M]: 0x0000000080002178 (0xF931) c.bnez a0, 170
mem[X,0x00000000800020CC] -> 0x0113
mem[X,0x00000000800020CE] -> 0x0011
[852] [M]: 0x00000000800020CC (0x00110113) addi sp, sp, 1
x2 <- 0xFF76DF56FF76E004
mem[X,0x00000000800020D0] -> 0x006F
mem[X,0x00000000800020D2] -> 0x0B40
[853] [M]: 0x00000000800020D0 (0x0B40006F) jal zero, 180
mem[X,0x0000000080002184] -> 0xBC23
mem[X,0x0000000080002186] -> 0x2C20
[854] [M]: 0x0000000080002184 (0x2C20BC23) sd sp, 728(ra)
mem[0x00000000800063F0] <- 0xFF76DF56FF76E004
mem[X,0x0000000080002188] -> 0x0513
mem[X,0x000000008000218A] -> 0x0010
[855] [M]: 0x0000000080002188 (0x00100513) addi a0, zero, 1
x10 <- 0x0000000000000001
mem[X,0x000000008000218C] -> 0x1513
mem[X,0x000000008000218E] -> 0x03B5
[856] [M]: 0x000000008000218C (0x03B51513) slli a0, a0, 59
x10 <- 0x0800000000000000
mem[X,0x0000000080002190] -> 0x4513
mem[X,0x0000000080002192] -> 0xFFF5
[857] [M]: 0x0000000080002190 (0xFFF54513) xori a0, a0, 4095
x10 <- 0xF7FFFFFFFFFFFFFF
mem[X,0x0000000080002194] -> 0xA821
[858] [M]: 0x0000000080002194 (0xA821) c.j 12
mem[X,0x00000000800021AC] -> 0xF575
[859] [M]: 0x00000000800021AC (0xF575) c.bnez a0, 246
mem[X,0x0000000080002198] -> 0x0113
mem[X,0x000000008000219A] -> 0x0011
[860] [M]: 0x0000000080002198 (0x00110113) addi sp, sp, 1
x2 <- 0xFF76DF56FF76E005
mem[X,0x000000008000219C] -> 0x006F
mem[X,0x000000008000219E] -> 0x01C0
[861] [M]: 0x000000008000219C (0x01C0006F) jal zero, 28
mem[X,0x00000000800021B8] -> 0xB023
mem[X,0x00000000800021BA] -> 0x2E20
[862] [M]: 0x00000000800021B8 (0x2E20B023) sd sp, 736(ra)
mem[0x00000000800063F8] <- 0xFF76DF56FF76E005
mem[X,0x00000000800021BC] -> 0x0513
mem[X,0x00000000800021BE] -> 0x0010
[863] [M]: 0x00000000800021BC (0x00100513) addi a0, zero, 1
x10 <- 0x0000000000000001
mem[X,0x00000000800021C0] -> 0x1513
mem[X,0x00000000800021C2] -> 0x03C5
[864] [M]: 0x00000000800021C0 (0x03C51513) slli a0, a0, 60
x10 <- 0x1000000000000000
mem[X,0x00000000800021C4] -> 0x4513
mem[X,0x00000000800021C6] -> 0xFFF5
[865] [M]: 0x00000000800021C4 (0xFFF54513) xori a0, a0, 4095
x10 <- 0xEFFFFFFFFFFFFFFF
mem[X,0x00000000800021C8] -> 0xA01D
[866] [M]: 0x00000000800021C8 (0xA01D) c.j 19
mem[X,0x00000000800021EE] -> 0xFD79
[867] [M]: 0x00000000800021EE (0xFD79) c.bnez a0, 239
mem[X,0x00000000800021CC] -> 0x0113
mem[X,0x00000000800021CE] -> 0x0011
[868] [M]: 0x00000000800021CC (0x00110113) addi sp, sp, 1
x2 <- 0xFF76DF56FF76E006
mem[X,0x00000000800021D0] -> 0x006F
mem[X,0x00000000800021D2] -> 0x02A0
[869] [M]: 0x00000000800021D0 (0x02A0006F) jal zero, 42
mem[X,0x00000000800021FA] -> 0xB423
mem[X,0x00000000800021FC] -> 0x2E20
[870] [M]: 0x00000000800021FA (0x2E20B423) sd sp, 744(ra)
mem[0x0000000080006400] <- 0xFF76DF56FF76E006
mem[X,0x00000000800021FE] -> 0x0513
mem[X,0x0000000080002200] -> 0x0010
[871] [M]: 0x00000000800021FE (0x00100513) addi a0, zero, 1
x10 <- 0x0000000000000001
mem[X,0x0000000080002202] -> 0x1513
mem[X,0x0000000080002204] -> 0x03D5
[872] [M]: 0x0000000080002202 (0x03D51513) slli a0, a0, 61
x10 <- 0x2000000000000000
mem[X,0x0000000080002206] -> 0x4513
mem[X,0x0000000080002208] -> 0xFFF5
[873] [M]: 0x0000000080002206 (0xFFF54513) xori a0, a0, 4095
x10 <- 0xDFFFFFFFFFFFFFFF
mem[X,0x000000008000220A] -> 0xA031
[874] [M]: 0x000000008000220A (0xA031) c.j 6
mem[X,0x0000000080002216] -> 0xE509
[875] [M]: 0x0000000080002216 (0xE509) c.bnez a0, 5
mem[X,0x0000000080002220] -> 0x010D
[876] [M]: 0x0000000080002220 (0x010D) c.addi sp, 3
x2 <- 0xFF76DF56FF76E009
mem[X,0x0000000080002222] -> 0xB823
mem[X,0x0000000080002224] -> 0x2E20
[877] [M]: 0x0000000080002222 (0x2E20B823) sd sp, 752(ra)
mem[0x0000000080006408] <- 0xFF76DF56FF76E009
mem[X,0x0000000080002226] -> 0x0513
mem[X,0x0000000080002228] -> 0x0010
[878] [M]: 0x0000000080002226 (0x00100513) addi a0, zero, 1
x10 <- 0x0000000000000001
mem[X,0x000000008000222A] -> 0x1513
mem[X,0x000000008000222C] -> 0x03E5
[879] [M]: 0x000000008000222A (0x03E51513) slli a0, a0, 62
x10 <- 0x4000000000000000
mem[X,0x000000008000222E] -> 0x4513
mem[X,0x0000000080002230] -> 0xFFF5
[880] [M]: 0x000000008000222E (0xFFF54513) xori a0, a0, 4095
x10 <- 0xBFFFFFFFFFFFFFFF
mem[X,0x0000000080002232] -> 0xA039
[881] [M]: 0x0000000080002232 (0xA039) c.j 7
mem[X,0x0000000080002240] -> 0xF97D
[882] [M]: 0x0000000080002240 (0xF97D) c.bnez a0, 251
mem[X,0x0000000080002236] -> 0x0113
mem[X,0x0000000080002238] -> 0x0011
[883] [M]: 0x0000000080002236 (0x00110113) addi sp, sp, 1
x2 <- 0xFF76DF56FF76E00A
mem[X,0x000000008000223A] -> 0x006F
mem[X,0x000000008000223C] -> 0x0120
[884] [M]: 0x000000008000223A (0x0120006F) jal zero, 18
mem[X,0x000000008000224C] -> 0xBC23
mem[X,0x000000008000224E] -> 0x2E20
[885] [M]: 0x000000008000224C (0x2E20BC23) sd sp, 760(ra)
mem[0x0000000080006410] <- 0xFF76DF56FF76E00A
mem[X,0x0000000080002250] -> 0x5537
mem[X,0x0000000080002252] -> 0x5555
[886] [M]: 0x0000000080002250 (0x55555537) lui a0, 349525
x10 <- 0x0000000055555000
mem[X,0x0000000080002254] -> 0x0513
mem[X,0x0000000080002256] -> 0x5555
[887] [M]: 0x0000000080002254 (0x55550513) addi a0, a0, 1365
x10 <- 0x0000000055555555
mem[X,0x0000000080002258] -> 0x1513
mem[X,0x000000008000225A] -> 0x00B5
[888] [M]: 0x0000000080002258 (0x00B51513) slli a0, a0, 11
x10 <- 0x000002AAAAAAA800
mem[X,0x000000008000225C] -> 0x0513
mem[X,0x000000008000225E] -> 0x2AA5
[889] [M]: 0x000000008000225C (0x2AA50513) addi a0, a0, 682
x10 <- 0x000002AAAAAAAAAA
mem[X,0x0000000080002260] -> 0x1513
mem[X,0x0000000080002262] -> 0x00B5
[890] [M]: 0x0000000080002260 (0x00B51513) slli a0, a0, 11
x10 <- 0x0015555555555000
mem[X,0x0000000080002264] -> 0x0513
mem[X,0x0000000080002266] -> 0x5555
[891] [M]: 0x0000000080002264 (0x55550513) addi a0, a0, 1365
x10 <- 0x0015555555555555
mem[X,0x0000000080002268] -> 0x1513
mem[X,0x000000008000226A] -> 0x00A5
[892] [M]: 0x0000000080002268 (0x00A51513) slli a0, a0, 10
x10 <- 0x5555555555555400
mem[X,0x000000008000226C] -> 0x0513
mem[X,0x000000008000226E] -> 0x1555
[893] [M]: 0x000000008000226C (0x15550513) addi a0, a0, 341
x10 <- 0x5555555555555555
mem[X,0x0000000080002270] -> 0xA031
[894] [M]: 0x0000000080002270 (0xA031) c.j 6
mem[X,0x000000008000227C] -> 0xFD65
[895] [M]: 0x000000008000227C (0xFD65) c.bnez a0, 252
mem[X,0x0000000080002274] -> 0x0113
mem[X,0x0000000080002276] -> 0x0011
[896] [M]: 0x0000000080002274 (0x00110113) addi sp, sp, 1
x2 <- 0xFF76DF56FF76E00B
mem[X,0x0000000080002278] -> 0x006F
mem[X,0x000000008000227A] -> 0x0100
[897] [M]: 0x0000000080002278 (0x0100006F) jal zero, 16
mem[X,0x0000000080002288] -> 0xB023
mem[X,0x000000008000228A] -> 0x3020
[898] [M]: 0x0000000080002288 (0x3020B023) sd sp, 768(ra)
mem[0x0000000080006418] <- 0xFF76DF56FF76E00B
mem[X,0x000000008000228C] -> 0xB537
mem[X,0x000000008000228E] -> 0xAAAA
[899] [M]: 0x000000008000228C (0xAAAAB537) lui a0, 699051
x10 <- 0xFFFFFFFFAAAAB000
clint::tick mtime <- 0x0000000000000009
 clint timer pending at mtime 0x0000000000000009
htif::tick 0x0000000000000000
mem[X,0x0000000080002290] -> 0x0513
mem[X,0x0000000080002292] -> 0xAAA5
[900] [M]: 0x0000000080002290 (0xAAA50513) addi a0, a0, 2730
x10 <- 0xFFFFFFFFAAAAAAAA
mem[X,0x0000000080002294] -> 0x1513
mem[X,0x0000000080002296] -> 0x00B5
[901] [M]: 0x0000000080002294 (0x00B51513) slli a0, a0, 11
x10 <- 0xFFFFFD5555555000
mem[X,0x0000000080002298] -> 0x0513
mem[X,0x000000008000229A] -> 0x5555
[902] [M]: 0x0000000080002298 (0x55550513) addi a0, a0, 1365
x10 <- 0xFFFFFD5555555555
mem[X,0x000000008000229C] -> 0x1513
mem[X,0x000000008000229E] -> 0x00B5
[903] [M]: 0x000000008000229C (0x00B51513) slli a0, a0, 11
x10 <- 0xFFEAAAAAAAAAA800
mem[X,0x00000000800022A0] -> 0x0513
mem[X,0x00000000800022A2] -> 0x2AA5
[904] [M]: 0x00000000800022A0 (0x2AA50513) addi a0, a0, 682
x10 <- 0xFFEAAAAAAAAAAAAA
mem[X,0x00000000800022A4] -> 0x1513
mem[X,0x00000000800022A6] -> 0x00A5
[905] [M]: 0x00000000800022A4 (0x00A51513) slli a0, a0, 10
x10 <- 0xAAAAAAAAAAAAA800
mem[X,0x00000000800022A8] -> 0x0513
mem[X,0x00000000800022AA] -> 0x2AA5
[906] [M]: 0x00000000800022A8 (0x2AA50513) addi a0, a0, 682
x10 <- 0xAAAAAAAAAAAAAAAA
mem[X,0x00000000800022AC] -> 0xA031
[907] [M]: 0x00000000800022AC (0xA031) c.j 6
mem[X,0x00000000800022B8] -> 0xFD65
[908] [M]: 0x00000000800022B8 (0xFD65) c.bnez a0, 252
mem[X,0x00000000800022B0] -> 0x0113
mem[X,0x00000000800022B2] -> 0x0011
[909] [M]: 0x00000000800022B0 (0x00110113) addi sp, sp, 1
x2 <- 0xFF76DF56FF76E00C
mem[X,0x00000000800022B4] -> 0x006F
mem[X,0x00000000800022B6] -> 0x0100
[910] [M]: 0x00000000800022B4 (0x0100006F) jal zero, 16
mem[X,0x00000000800022C4] -> 0xB423
mem[X,0x00000000800022C6] -> 0x3020
[911] [M]: 0x00000000800022C4 (0x3020B423) sd sp, 776(ra)
mem[0x0000000080006420] <- 0xFF76DF56FF76E00C
mem[X,0x00000000800022C8] -> 0x0513
mem[X,0x00000000800022CA] -> 0x0030
[912] [M]: 0x00000000800022C8 (0x00300513) addi a0, zero, 3
x10 <- 0x0000000000000003
mem[X,0x00000000800022CC] -> 0xA039
[913] [M]: 0x00000000800022CC (0xA039) c.j 7
mem[X,0x00000000800022DA] -> 0xF97D
[914] [M]: 0x00000000800022DA (0xF97D) c.bnez a0, 251
mem[X,0x00000000800022D0] -> 0x0113
mem[X,0x00000000800022D2] -> 0x0011
[915] [M]: 0x00000000800022D0 (0x00110113) addi sp, sp, 1
x2 <- 0xFF76DF56FF76E00D
mem[X,0x00000000800022D4] -> 0x006F
mem[X,0x00000000800022D6] -> 0x0120
[916] [M]: 0x00000000800022D4 (0x0120006F) jal zero, 18
mem[X,0x00000000800022E6] -> 0xB823
mem[X,0x00000000800022E8] -> 0x3020
[917] [M]: 0x00000000800022E6 (0x3020B823) sd sp, 784(ra)
mem[0x0000000080006428] <- 0xFF76DF56FF76E00D
mem[X,0x00000000800022EA] -> 0x0513
mem[X,0x00000000800022EC] -> 0x0050
[918] [M]: 0x00000000800022EA (0x00500513) addi a0, zero, 5
x10 <- 0x0000000000000005
mem[X,0x00000000800022EE] -> 0xA039
[919] [M]: 0x00000000800022EE (0xA039) c.j 7
mem[X,0x00000000800022FC] -> 0xF97D
[920] [M]: 0x00000000800022FC (0xF97D) c.bnez a0, 251
mem[X,0x00000000800022F2] -> 0x0113
mem[X,0x00000000800022F4] -> 0x0011
[921] [M]: 0x00000000800022F2 (0x00110113) addi sp, sp, 1
x2 <- 0xFF76DF56FF76E00E
mem[X,0x00000000800022F6] -> 0x006F
mem[X,0x00000000800022F8] -> 0x0120
[922] [M]: 0x00000000800022F6 (0x0120006F) jal zero, 18
mem[X,0x0000000080002308] -> 0xBC23
mem[X,0x000000008000230A] -> 0x3020
[923] [M]: 0x0000000080002308 (0x3020BC23) sd sp, 792(ra)
mem[0x0000000080006430] <- 0xFF76DF56FF76E00E
mem[X,0x000000008000230C] -> 0x3537
mem[X,0x000000008000230E] -> 0x3333
[924] [M]: 0x000000008000230C (0x33333537) lui a0, 209715
x10 <- 0x0000000033333000
mem[X,0x0000000080002310] -> 0x0513
mem[X,0x0000000080002312] -> 0x3335
[925] [M]: 0x0000000080002310 (0x33350513) addi a0, a0, 819
x10 <- 0x0000000033333333
mem[X,0x0000000080002314] -> 0x1513
mem[X,0x0000000080002316] -> 0x00B5
[926] [M]: 0x0000000080002314 (0x00B51513) slli a0, a0, 11
x10 <- 0x0000019999999800
mem[X,0x0000000080002318] -> 0x0513
mem[X,0x000000008000231A] -> 0x1995
[927] [M]: 0x0000000080002318 (0x19950513) addi a0, a0, 409
x10 <- 0x0000019999999999
mem[X,0x000000008000231C] -> 0x1513
mem[X,0x000000008000231E] -> 0x00B5
[928] [M]: 0x000000008000231C (0x00B51513) slli a0, a0, 11
x10 <- 0x000CCCCCCCCCC800
mem[X,0x0000000080002320] -> 0x0513
mem[X,0x0000000080002322] -> 0x4CC5
[929] [M]: 0x0000000080002320 (0x4CC50513) addi a0, a0, 1228
x10 <- 0x000CCCCCCCCCCCCC
mem[X,0x0000000080002324] -> 0x1513
mem[X,0x0000000080002326] -> 0x00A5
[930] [M]: 0x0000000080002324 (0x00A51513) slli a0, a0, 10
x10 <- 0x3333333333333000
mem[X,0x0000000080002328] -> 0x0513
mem[X,0x000000008000232A] -> 0x3335
[931] [M]: 0x0000000080002328 (0x33350513) addi a0, a0, 819
x10 <- 0x3333333333333333
mem[X,0x000000008000232C] -> 0xA811
[932] [M]: 0x000000008000232C (0xA811) c.j 10
mem[X,0x0000000080002340] -> 0xF965
[933] [M]: 0x0000000080002340 (0xF965) c.bnez a0, 248
mem[X,0x0000000080002330] -> 0x0113
mem[X,0x0000000080002332] -> 0x0011
[934] [M]: 0x0000000080002330 (0x00110113) addi sp, sp, 1
x2 <- 0xFF76DF56FF76E00F
mem[X,0x0000000080002334] -> 0x006F
mem[X,0x0000000080002336] -> 0x0180
[935] [M]: 0x0000000080002334 (0x0180006F) jal zero, 24
mem[X,0x000000008000234C] -> 0xB023
mem[X,0x000000008000234E] -> 0x3220
[936] [M]: 0x000000008000234C (0x3220B023) sd sp, 800(ra)
mem[0x0000000080006438] <- 0xFF76DF56FF76E00F
mem[X,0x0000000080002350] -> 0x6537
mem[X,0x0000000080002352] -> 0x6666
[937] [M]: 0x0000000080002350 (0x66666537) lui a0, 419430
x10 <- 0x0000000066666000
mem[X,0x0000000080002354] -> 0x0513
mem[X,0x0000000080002356] -> 0x6665
[938] [M]: 0x0000000080002354 (0x66650513) addi a0, a0, 1638
x10 <- 0x0000000066666666
mem[X,0x0000000080002358] -> 0x1513
mem[X,0x000000008000235A] -> 0x00B5
[939] [M]: 0x0000000080002358 (0x00B51513) slli a0, a0, 11
x10 <- 0x0000033333333000
mem[X,0x000000008000235C] -> 0x0513
mem[X,0x000000008000235E] -> 0x3335
[940] [M]: 0x000000008000235C (0x33350513) addi a0, a0, 819
x10 <- 0x0000033333333333
mem[X,0x0000000080002360] -> 0x1513
mem[X,0x0000000080002362] -> 0x00B5
[941] [M]: 0x0000000080002360 (0x00B51513) slli a0, a0, 11
x10 <- 0x0019999999999800
mem[X,0x0000000080002364] -> 0x0513
mem[X,0x0000000080002366] -> 0x1995
[942] [M]: 0x0000000080002364 (0x19950513) addi a0, a0, 409
x10 <- 0x0019999999999999
mem[X,0x0000000080002368] -> 0x1513
mem[X,0x000000008000236A] -> 0x00A5
[943] [M]: 0x0000000080002368 (0x00A51513) slli a0, a0, 10
x10 <- 0x6666666666666400
mem[X,0x000000008000236C] -> 0x0513
mem[X,0x000000008000236E] -> 0x2665
[944] [M]: 0x000000008000236C (0x26650513) addi a0, a0, 614
x10 <- 0x6666666666666666
mem[X,0x0000000080002370] -> 0xA051
[945] [M]: 0x0000000080002370 (0xA051) c.j 66
mem[X,0x00000000800023F4] -> 0xF141
[946] [M]: 0x00000000800023F4 (0xF141) c.bnez a0, 192
mem[X,0x0000000080002374] -> 0x0113
mem[X,0x0000000080002376] -> 0x0011
[947] [M]: 0x0000000080002374 (0x00110113) addi sp, sp, 1
x2 <- 0xFF76DF56FF76E010
mem[X,0x0000000080002378] -> 0x006F
mem[X,0x000000008000237A] -> 0x0880
[948] [M]: 0x0000000080002378 (0x0880006F) jal zero, 136
mem[X,0x0000000080002400] -> 0xB423
mem[X,0x0000000080002402] -> 0x3220
[949] [M]: 0x0000000080002400 (0x3220B423) sd sp, 808(ra)
mem[0x0000000080006440] <- 0xFF76DF56FF76E010
mem[X,0x0000000080002404] -> 0x0537
mem[X,0x0000000080002406] -> 0x0000
[950] [M]: 0x0000000080002404 (0x00000537) lui a0, 0
x10 <- 0x0000000000000000
mem[X,0x0000000080002408] -> 0x0513
mem[X,0x000000008000240A] -> 0xFFF5
[951] [M]: 0x0000000080002408 (0xFFF50513) addi a0, a0, 4095
x10 <- 0xFFFFFFFFFFFFFFFF
mem[X,0x000000008000240C] -> 0x1513
mem[X,0x000000008000240E] -> 0x00B5
[952] [M]: 0x000000008000240C (0x00B51513) slli a0, a0, 11
x10 <- 0xFFFFFFFFFFFFF800
mem[X,0x0000000080002410] -> 0x0513
mem[X,0x0000000080002412] -> 0x2575
[953] [M]: 0x0000000080002410 (0x25750513) addi a0, a0, 599
x10 <- 0xFFFFFFFFFFFFFA57
mem[X,0x0000000080002414] -> 0x1513
mem[X,0x0000000080002416] -> 0x00B5
[954] [M]: 0x0000000080002414 (0x00B51513) slli a0, a0, 11
x10 <- 0xFFFFFFFFFFD2B800
mem[X,0x0000000080002418] -> 0x0513
mem[X,0x000000008000241A] -> 0x6C35
[955] [M]: 0x0000000080002418 (0x6C350513) addi a0, a0, 1731
x10 <- 0xFFFFFFFFFFD2BEC3
mem[X,0x000000008000241C] -> 0x1513
mem[X,0x000000008000241E] -> 0x00A5
[956] [M]: 0x000000008000241C (0x00A51513) slli a0, a0, 10
x10 <- 0xFFFFFFFF4AFB0C00
mem[X,0x0000000080002420] -> 0x0513
mem[X,0x0000000080002422] -> 0x0CD5
[957] [M]: 0x0000000080002420 (0x0CD50513) addi a0, a0, 205
x10 <- 0xFFFFFFFF4AFB0CCD
mem[X,0x0000000080002424] -> 0xA031
[958] [M]: 0x0000000080002424 (0xA031) c.j 6
mem[X,0x0000000080002430] -> 0xE141
[959] [M]: 0x0000000080002430 (0xE141) c.bnez a0, 64
mem[X,0x00000000800024B0] -> 0x010D
[960] [M]: 0x00000000800024B0 (0x010D) c.addi sp, 3
x2 <- 0xFF76DF56FF76E013
mem[X,0x00000000800024B2] -> 0xB823
mem[X,0x00000000800024B4] -> 0x3220
[961] [M]: 0x00000000800024B2 (0x3220B823) sd sp, 816(ra)
mem[0x0000000080006448] <- 0xFF76DF56FF76E013
mem[X,0x00000000800024B6] -> 0x0537
mem[X,0x00000000800024B8] -> 0x0000
[962] [M]: 0x00000000800024B6 (0x00000537) lui a0, 0
x10 <- 0x0000000000000000
mem[X,0x00000000800024BA] -> 0x0513
mem[X,0x00000000800024BC] -> 0x0005
[963] [M]: 0x00000000800024BA (0x00050513) addi a0, a0, 0
x10 <- 0x0000000000000000
mem[X,0x00000000800024BE] -> 0x1513
mem[X,0x00000000800024C0] -> 0x00B5
[964] [M]: 0x00000000800024BE (0x00B51513) slli a0, a0, 11
x10 <- 0x0000000000000000
mem[X,0x00000000800024C2] -> 0x0513
mem[X,0x00000000800024C4] -> 0x5A85
[965] [M]: 0x00000000800024C2 (0x5A850513) addi a0, a0, 1448
x10 <- 0x00000000000005A8
mem[X,0x00000000800024C6] -> 0x1513
mem[X,0x00000000800024C8] -> 0x00B5
[966] [M]: 0x00000000800024C6 (0x00B51513) slli a0, a0, 11
x10 <- 0x00000000002D4000
mem[X,0x00000000800024CA] -> 0x0513
mem[X,0x00000000800024CC] -> 0x13C5
[967] [M]: 0x00000000800024CA (0x13C50513) addi a0, a0, 316
x10 <- 0x00000000002D413C
mem[X,0x00000000800024CE] -> 0x1513
mem[X,0x00000000800024D0] -> 0x00A5
[968] [M]: 0x00000000800024CE (0x00A51513) slli a0, a0, 10
x10 <- 0x00000000B504F000
mem[X,0x00000000800024D2] -> 0x0513
mem[X,0x00000000800024D4] -> 0x3335
[969] [M]: 0x00000000800024D2 (0x33350513) addi a0, a0, 819
x10 <- 0x00000000B504F333
mem[X,0x00000000800024D6] -> 0xA821
[970] [M]: 0x00000000800024D6 (0xA821) c.j 12
mem[X,0x00000000800024EE] -> 0xF575
[971] [M]: 0x00000000800024EE (0xF575) c.bnez a0, 246
mem[X,0x00000000800024DA] -> 0x0113
mem[X,0x00000000800024DC] -> 0x0011
[972] [M]: 0x00000000800024DA (0x00110113) addi sp, sp, 1
x2 <- 0xFF76DF56FF76E014
mem[X,0x00000000800024DE] -> 0x006F
mem[X,0x00000000800024E0] -> 0x01C0
[973] [M]: 0x00000000800024DE (0x01C0006F) jal zero, 28
mem[X,0x00000000800024FA] -> 0xBC23
mem[X,0x00000000800024FC] -> 0x3220
[974] [M]: 0x00000000800024FA (0x3220BC23) sd sp, 824(ra)
mem[0x0000000080006450] <- 0xFF76DF56FF76E014
mem[X,0x00000000800024FE] -> 0x5537
mem[X,0x0000000080002500] -> 0x5555
[975] [M]: 0x00000000800024FE (0x55555537) lui a0, 349525
x10 <- 0x0000000055555000
mem[X,0x0000000080002502] -> 0x0513
mem[X,0x0000000080002504] -> 0x5555
[976] [M]: 0x0000000080002502 (0x55550513) addi a0, a0, 1365
x10 <- 0x0000000055555555
mem[X,0x0000000080002506] -> 0x1513
mem[X,0x0000000080002508] -> 0x00B5
[977] [M]: 0x0000000080002506 (0x00B51513) slli a0, a0, 11
x10 <- 0x000002AAAAAAA800
mem[X,0x000000008000250A] -> 0x0513
mem[X,0x000000008000250C] -> 0x2AA5
[978] [M]: 0x000000008000250A (0x2AA50513) addi a0, a0, 682
x10 <- 0x000002AAAAAAAAAA
mem[X,0x000000008000250E] -> 0x1513
mem[X,0x0000000080002510] -> 0x00B5
[979] [M]: 0x000000008000250E (0x00B51513) slli a0, a0, 11
x10 <- 0x0015555555555000
mem[X,0x0000000080002512] -> 0x0513
mem[X,0x0000000080002514] -> 0x5555
[980] [M]: 0x0000000080002512 (0x55550513) addi a0, a0, 1365
x10 <- 0x0015555555555555
mem[X,0x0000000080002516] -> 0x1513
mem[X,0x0000000080002518] -> 0x00A5
[981] [M]: 0x0000000080002516 (0x00A51513) slli a0, a0, 10
x10 <- 0x5555555555555400
mem[X,0x000000008000251A] -> 0x0513
mem[X,0x000000008000251C] -> 0x1545
[982] [M]: 0x000000008000251A (0x15450513) addi a0, a0, 340
x10 <- 0x5555555555555554
mem[X,0x000000008000251E] -> 0xA031
[983] [M]: 0x000000008000251E (0xA031) c.j 6
mem[X,0x000000008000252A] -> 0xE509
[984] [M]: 0x000000008000252A (0xE509) c.bnez a0, 5
mem[X,0x0000000080002534] -> 0x010D
[985] [M]: 0x0000000080002534 (0x010D) c.addi sp, 3
x2 <- 0xFF76DF56FF76E017
mem[X,0x0000000080002536] -> 0xB023
mem[X,0x0000000080002538] -> 0x3420
[986] [M]: 0x0000000080002536 (0x3420B023) sd sp, 832(ra)
mem[0x0000000080006458] <- 0xFF76DF56FF76E017
mem[X,0x000000008000253A] -> 0x3537
mem[X,0x000000008000253C] -> 0x3333
[987] [M]: 0x000000008000253A (0x33333537) lui a0, 209715
x10 <- 0x0000000033333000
mem[X,0x000000008000253E] -> 0x0513
mem[X,0x0000000080002540] -> 0x3335
[988] [M]: 0x000000008000253E (0x33350513) addi a0, a0, 819
x10 <- 0x0000000033333333
mem[X,0x0000000080002542] -> 0x1513
mem[X,0x0000000080002544] -> 0x00B5
[989] [M]: 0x0000000080002542 (0x00B51513) slli a0, a0, 11
x10 <- 0x0000019999999800
mem[X,0x0000000080002546] -> 0x0513
mem[X,0x0000000080002548] -> 0x1995
[990] [M]: 0x0000000080002546 (0x19950513) addi a0, a0, 409
x10 <- 0x0000019999999999
mem[X,0x000000008000254A] -> 0x1513
mem[X,0x000000008000254C] -> 0x00B5
[991] [M]: 0x000000008000254A (0x00B51513) slli a0, a0, 11
x10 <- 0x000CCCCCCCCCC800
mem[X,0x000000008000254E] -> 0x0513
mem[X,0x0000000080002550] -> 0x4CC5
[992] [M]: 0x000000008000254E (0x4CC50513) addi a0, a0, 1228
x10 <- 0x000CCCCCCCCCCCCC
mem[X,0x0000000080002552] -> 0x1513
mem[X,0x0000000080002554] -> 0x00A5
[993] [M]: 0x0000000080002552 (0x00A51513) slli a0, a0, 10
x10 <- 0x3333333333333000
mem[X,0x0000000080002556] -> 0x0513
mem[X,0x0000000080002558] -> 0x3325
[994] [M]: 0x0000000080002556 (0x33250513) addi a0, a0, 818
x10 <- 0x3333333333333332
mem[X,0x000000008000255A] -> 0xA051
[995] [M]: 0x000000008000255A (0xA051) c.j 66
mem[X,0x00000000800025DE] -> 0xF141
[996] [M]: 0x00000000800025DE (0xF141) c.bnez a0, 192
mem[X,0x000000008000255E] -> 0x0113
mem[X,0x0000000080002560] -> 0x0011
[997] [M]: 0x000000008000255E (0x00110113) addi sp, sp, 1
x2 <- 0xFF76DF56FF76E018
mem[X,0x0000000080002562] -> 0x006F
mem[X,0x0000000080002564] -> 0x0880
[998] [M]: 0x0000000080002562 (0x0880006F) jal zero, 136
mem[X,0x00000000800025EA] -> 0xB423
mem[X,0x00000000800025EC] -> 0x3420
[999] [M]: 0x00000000800025EA (0x3420B423) sd sp, 840(ra)
mem[0x0000000080006460] <- 0xFF76DF56FF76E018
clint::tick mtime <- 0x000000000000000A
 clint timer pending at mtime 0x000000000000000A
htif::tick 0x0000000000000000
mem[X,0x00000000800025EE] -> 0x6537
mem[X,0x00000000800025F0] -> 0x6666
[1000] [M]: 0x00000000800025EE (0x66666537) lui a0, 419430
x10 <- 0x0000000066666000
mem[X,0x00000000800025F2] -> 0x0513
mem[X,0x00000000800025F4] -> 0x6665
[1001] [M]: 0x00000000800025F2 (0x66650513) addi a0, a0, 1638
x10 <- 0x0000000066666666
mem[X,0x00000000800025F6] -> 0x1513
mem[X,0x00000000800025F8] -> 0x00B5
[1002] [M]: 0x00000000800025F6 (0x00B51513) slli a0, a0, 11
x10 <- 0x0000033333333000
mem[X,0x00000000800025FA] -> 0x0513
mem[X,0x00000000800025FC] -> 0x3335
[1003] [M]: 0x00000000800025FA (0x33350513) addi a0, a0, 819
x10 <- 0x0000033333333333
mem[X,0x00000000800025FE] -> 0x1513
mem[X,0x0000000080002600] -> 0x00B5
[1004] [M]: 0x00000000800025FE (0x00B51513) slli a0, a0, 11
x10 <- 0x0019999999999800
mem[X,0x0000000080002602] -> 0x0513
mem[X,0x0000000080002604] -> 0x1995
[1005] [M]: 0x0000000080002602 (0x19950513) addi a0, a0, 409
x10 <- 0x0019999999999999
mem[X,0x0000000080002606] -> 0x1513
mem[X,0x0000000080002608] -> 0x00A5
[1006] [M]: 0x0000000080002606 (0x00A51513) slli a0, a0, 10
x10 <- 0x6666666666666400
mem[X,0x000000008000260A] -> 0x0513
mem[X,0x000000008000260C] -> 0x2655
[1007] [M]: 0x000000008000260A (0x26550513) addi a0, a0, 613
x10 <- 0x6666666666666665
mem[X,0x000000008000260E] -> 0xA031
[1008] [M]: 0x000000008000260E (0xA031) c.j 6
mem[X,0x000000008000261A] -> 0xE509
[1009] [M]: 0x000000008000261A (0xE509) c.bnez a0, 5
mem[X,0x0000000080002624] -> 0x010D
[1010] [M]: 0x0000000080002624 (0x010D) c.addi sp, 3
x2 <- 0xFF76DF56FF76E01B
mem[X,0x0000000080002626] -> 0xB823
mem[X,0x0000000080002628] -> 0x3420
[1011] [M]: 0x0000000080002626 (0x3420B823) sd sp, 848(ra)
mem[0x0000000080006468] <- 0xFF76DF56FF76E01B
mem[X,0x000000008000262A] -> 0x0537
mem[X,0x000000008000262C] -> 0x0000
[1012] [M]: 0x000000008000262A (0x00000537) lui a0, 0
x10 <- 0x0000000000000000
mem[X,0x000000008000262E] -> 0x0513
mem[X,0x0000000080002630] -> 0x0005
[1013] [M]: 0x000000008000262E (0x00050513) addi a0, a0, 0
x10 <- 0x0000000000000000
mem[X,0x0000000080002632] -> 0x1513
mem[X,0x0000000080002634] -> 0x00B5
[1014] [M]: 0x0000000080002632 (0x00B51513) slli a0, a0, 11
x10 <- 0x0000000000000000
mem[X,0x0000000080002636] -> 0x0513
mem[X,0x0000000080002638] -> 0x5A85
[1015] [M]: 0x0000000080002636 (0x5A850513) addi a0, a0, 1448
x10 <- 0x00000000000005A8
mem[X,0x000000008000263A] -> 0x1513
mem[X,0x000000008000263C] -> 0x00B5
[1016] [M]: 0x000000008000263A (0x00B51513) slli a0, a0, 11
x10 <- 0x00000000002D4000
mem[X,0x000000008000263E] -> 0x0513
mem[X,0x0000000080002640] -> 0x13C5
[1017] [M]: 0x000000008000263E (0x13C50513) addi a0, a0, 316
x10 <- 0x00000000002D413C
mem[X,0x0000000080002642] -> 0x1513
mem[X,0x0000000080002644] -> 0x00A5
[1018] [M]: 0x0000000080002642 (0x00A51513) slli a0, a0, 10
x10 <- 0x00000000B504F000
mem[X,0x0000000080002646] -> 0x0513
mem[X,0x0000000080002648] -> 0x3325
[1019] [M]: 0x0000000080002646 (0x33250513) addi a0, a0, 818
x10 <- 0x00000000B504F332
mem[X,0x000000008000264A] -> 0xA031
[1020] [M]: 0x000000008000264A (0xA031) c.j 6
mem[X,0x0000000080002656] -> 0xFD65
[1021] [M]: 0x0000000080002656 (0xFD65) c.bnez a0, 252
mem[X,0x000000008000264E] -> 0x0113
mem[X,0x0000000080002650] -> 0x0011
[1022] [M]: 0x000000008000264E (0x00110113) addi sp, sp, 1
x2 <- 0xFF76DF56FF76E01C
mem[X,0x0000000080002652] -> 0x006F
mem[X,0x0000000080002654] -> 0x0100
[1023] [M]: 0x0000000080002652 (0x0100006F) jal zero, 16
mem[X,0x0000000080002662] -> 0xBC23
mem[X,0x0000000080002664] -> 0x3420
[1024] [M]: 0x0000000080002662 (0x3420BC23) sd sp, 856(ra)
mem[0x0000000080006470] <- 0xFF76DF56FF76E01C
mem[X,0x0000000080002666] -> 0x5537
mem[X,0x0000000080002668] -> 0x5555
[1025] [M]: 0x0000000080002666 (0x55555537) lui a0, 349525
x10 <- 0x0000000055555000
mem[X,0x000000008000266A] -> 0x0513
mem[X,0x000000008000266C] -> 0x5555
[1026] [M]: 0x000000008000266A (0x55550513) addi a0, a0, 1365
x10 <- 0x0000000055555555
mem[X,0x000000008000266E] -> 0x1513
mem[X,0x0000000080002670] -> 0x00B5
[1027] [M]: 0x000000008000266E (0x00B51513) slli a0, a0, 11
x10 <- 0x000002AAAAAAA800
mem[X,0x0000000080002672] -> 0x0513
mem[X,0x0000000080002674] -> 0x2AA5
[1028] [M]: 0x0000000080002672 (0x2AA50513) addi a0, a0, 682
x10 <- 0x000002AAAAAAAAAA
mem[X,0x0000000080002676] -> 0x1513
mem[X,0x0000000080002678] -> 0x00B5
[1029] [M]: 0x0000000080002676 (0x00B51513) slli a0, a0, 11
x10 <- 0x0015555555555000
mem[X,0x000000008000267A] -> 0x0513
mem[X,0x000000008000267C] -> 0x5555
[1030] [M]: 0x000000008000267A (0x55550513) addi a0, a0, 1365
x10 <- 0x0015555555555555
mem[X,0x000000008000267E] -> 0x1513
mem[X,0x0000000080002680] -> 0x00A5
[1031] [M]: 0x000000008000267E (0x00A51513) slli a0, a0, 10
x10 <- 0x5555555555555400
mem[X,0x0000000080002682] -> 0x0513
mem[X,0x0000000080002684] -> 0x1565
[1032] [M]: 0x0000000080002682 (0x15650513) addi a0, a0, 342
x10 <- 0x5555555555555556
mem[X,0x0000000080002686] -> 0xA031
[1033] [M]: 0x0000000080002686 (0xA031) c.j 6
mem[X,0x0000000080002692] -> 0xE519
[1034] [M]: 0x0000000080002692 (0xE519) c.bnez a0, 7
mem[X,0x00000000800026A0] -> 0x010D
[1035] [M]: 0x00000000800026A0 (0x010D) c.addi sp, 3
x2 <- 0xFF76DF56FF76E01F
mem[X,0x00000000800026A2] -> 0xB023
mem[X,0x00000000800026A4] -> 0x3620
[1036] [M]: 0x00000000800026A2 (0x3620B023) sd sp, 864(ra)
mem[0x0000000080006478] <- 0xFF76DF56FF76E01F
mem[X,0x00000000800026A6] -> 0xB537
mem[X,0x00000000800026A8] -> 0xAAAA
[1037] [M]: 0x00000000800026A6 (0xAAAAB537) lui a0, 699051
x10 <- 0xFFFFFFFFAAAAB000
mem[X,0x00000000800026AA] -> 0x0513
mem[X,0x00000000800026AC] -> 0xAAA5
[1038] [M]: 0x00000000800026AA (0xAAA50513) addi a0, a0, 2730
x10 <- 0xFFFFFFFFAAAAAAAA
mem[X,0x00000000800026AE] -> 0x1513
mem[X,0x00000000800026B0] -> 0x00B5
[1039] [M]: 0x00000000800026AE (0x00B51513) slli a0, a0, 11
x10 <- 0xFFFFFD5555555000
mem[X,0x00000000800026B2] -> 0x0513
mem[X,0x00000000800026B4] -> 0x5555
[1040] [M]: 0x00000000800026B2 (0x55550513) addi a0, a0, 1365
x10 <- 0xFFFFFD5555555555
mem[X,0x00000000800026B6] -> 0x1513
mem[X,0x00000000800026B8] -> 0x00B5
[1041] [M]: 0x00000000800026B6 (0x00B51513) slli a0, a0, 11
x10 <- 0xFFEAAAAAAAAAA800
mem[X,0x00000000800026BA] -> 0x0513
mem[X,0x00000000800026BC] -> 0x2AA5
[1042] [M]: 0x00000000800026BA (0x2AA50513) addi a0, a0, 682
x10 <- 0xFFEAAAAAAAAAAAAA
mem[X,0x00000000800026BE] -> 0x1513
mem[X,0x00000000800026C0] -> 0x00A5
[1043] [M]: 0x00000000800026BE (0x00A51513) slli a0, a0, 10
x10 <- 0xAAAAAAAAAAAAA800
mem[X,0x00000000800026C2] -> 0x0513
mem[X,0x00000000800026C4] -> 0x2AB5
[1044] [M]: 0x00000000800026C2 (0x2AB50513) addi a0, a0, 683
x10 <- 0xAAAAAAAAAAAAAAAB
mem[X,0x00000000800026C6] -> 0xA039
[1045] [M]: 0x00000000800026C6 (0xA039) c.j 7
mem[X,0x00000000800026D4] -> 0xF97D
[1046] [M]: 0x00000000800026D4 (0xF97D) c.bnez a0, 251
mem[X,0x00000000800026CA] -> 0x0113
mem[X,0x00000000800026CC] -> 0x0011
[1047] [M]: 0x00000000800026CA (0x00110113) addi sp, sp, 1
x2 <- 0xFF76DF56FF76E020
mem[X,0x00000000800026CE] -> 0x006F
mem[X,0x00000000800026D0] -> 0x0120
[1048] [M]: 0x00000000800026CE (0x0120006F) jal zero, 18
mem[X,0x00000000800026E0] -> 0xB423
mem[X,0x00000000800026E2] -> 0x3620
[1049] [M]: 0x00000000800026E0 (0x3620B423) sd sp, 872(ra)
mem[0x0000000080006480] <- 0xFF76DF56FF76E020
mem[X,0x00000000800026E4] -> 0x0513
mem[X,0x00000000800026E6] -> 0x0060
[1050] [M]: 0x00000000800026E4 (0x00600513) addi a0, zero, 6
x10 <- 0x0000000000000006
mem[X,0x00000000800026E8] -> 0xA031
[1051] [M]: 0x00000000800026E8 (0xA031) c.j 6
mem[X,0x00000000800026F4] -> 0xFD65
[1052] [M]: 0x00000000800026F4 (0xFD65) c.bnez a0, 252
mem[X,0x00000000800026EC] -> 0x0113
mem[X,0x00000000800026EE] -> 0x0011
[1053] [M]: 0x00000000800026EC (0x00110113) addi sp, sp, 1
x2 <- 0xFF76DF56FF76E021
mem[X,0x00000000800026F0] -> 0x006F
mem[X,0x00000000800026F2] -> 0x0100
[1054] [M]: 0x00000000800026F0 (0x0100006F) jal zero, 16
mem[X,0x0000000080002700] -> 0xB823
mem[X,0x0000000080002702] -> 0x3620
[1055] [M]: 0x0000000080002700 (0x3620B823) sd sp, 880(ra)
mem[0x0000000080006488] <- 0xFF76DF56FF76E021
mem[X,0x0000000080002704] -> 0x3537
mem[X,0x0000000080002706] -> 0x3333
[1056] [M]: 0x0000000080002704 (0x33333537) lui a0, 209715
x10 <- 0x0000000033333000
mem[X,0x0000000080002708] -> 0x0513
mem[X,0x000000008000270A] -> 0x3335
[1057] [M]: 0x0000000080002708 (0x33350513) addi a0, a0, 819
x10 <- 0x0000000033333333
mem[X,0x000000008000270C] -> 0x1513
mem[X,0x000000008000270E] -> 0x00B5
[1058] [M]: 0x000000008000270C (0x00B51513) slli a0, a0, 11
x10 <- 0x0000019999999800
mem[X,0x0000000080002710] -> 0x0513
mem[X,0x0000000080002712] -> 0x1995
[1059] [M]: 0x0000000080002710 (0x19950513) addi a0, a0, 409
x10 <- 0x0000019999999999
mem[X,0x0000000080002714] -> 0x1513
mem[X,0x0000000080002716] -> 0x00B5
[1060] [M]: 0x0000000080002714 (0x00B51513) slli a0, a0, 11
x10 <- 0x000CCCCCCCCCC800
mem[X,0x0000000080002718] -> 0x0513
mem[X,0x000000008000271A] -> 0x4CC5
[1061] [M]: 0x0000000080002718 (0x4CC50513) addi a0, a0, 1228
x10 <- 0x000CCCCCCCCCCCCC
mem[X,0x000000008000271C] -> 0x1513
mem[X,0x000000008000271E] -> 0x00A5
[1062] [M]: 0x000000008000271C (0x00A51513) slli a0, a0, 10
x10 <- 0x3333333333333000
mem[X,0x0000000080002720] -> 0x0513
mem[X,0x0000000080002722] -> 0x3345
[1063] [M]: 0x0000000080002720 (0x33450513) addi a0, a0, 820
x10 <- 0x3333333333333334
mem[X,0x0000000080002724] -> 0xA821
[1064] [M]: 0x0000000080002724 (0xA821) c.j 12
mem[X,0x000000008000273C] -> 0xF575
[1065] [M]: 0x000000008000273C (0xF575) c.bnez a0, 246
mem[X,0x0000000080002728] -> 0x0113
mem[X,0x000000008000272A] -> 0x0011
[1066] [M]: 0x0000000080002728 (0x00110113) addi sp, sp, 1
x2 <- 0xFF76DF56FF76E022
mem[X,0x000000008000272C] -> 0x006F
mem[X,0x000000008000272E] -> 0x01C0
[1067] [M]: 0x000000008000272C (0x01C0006F) jal zero, 28
mem[X,0x0000000080002748] -> 0xBC23
mem[X,0x000000008000274A] -> 0x3620
[1068] [M]: 0x0000000080002748 (0x3620BC23) sd sp, 888(ra)
mem[0x0000000080006490] <- 0xFF76DF56FF76E022
mem[X,0x000000008000274C] -> 0x6537
mem[X,0x000000008000274E] -> 0x6666
[1069] [M]: 0x000000008000274C (0x66666537) lui a0, 419430
x10 <- 0x0000000066666000
mem[X,0x0000000080002750] -> 0x0513
mem[X,0x0000000080002752] -> 0x6665
[1070] [M]: 0x0000000080002750 (0x66650513) addi a0, a0, 1638
x10 <- 0x0000000066666666
mem[X,0x0000000080002754] -> 0x1513
mem[X,0x0000000080002756] -> 0x00B5
[1071] [M]: 0x0000000080002754 (0x00B51513) slli a0, a0, 11
x10 <- 0x0000033333333000
mem[X,0x0000000080002758] -> 0x0513
mem[X,0x000000008000275A] -> 0x3335
[1072] [M]: 0x0000000080002758 (0x33350513) addi a0, a0, 819
x10 <- 0x0000033333333333
mem[X,0x000000008000275C] -> 0x1513
mem[X,0x000000008000275E] -> 0x00B5
[1073] [M]: 0x000000008000275C (0x00B51513) slli a0, a0, 11
x10 <- 0x0019999999999800
mem[X,0x0000000080002760] -> 0x0513
mem[X,0x0000000080002762] -> 0x1995
[1074] [M]: 0x0000000080002760 (0x19950513) addi a0, a0, 409
x10 <- 0x0019999999999999
mem[X,0x0000000080002764] -> 0x1513
mem[X,0x0000000080002766] -> 0x00A5
[1075] [M]: 0x0000000080002764 (0x00A51513) slli a0, a0, 10
x10 <- 0x6666666666666400
mem[X,0x0000000080002768] -> 0x0513
mem[X,0x000000008000276A] -> 0x2675
[1076] [M]: 0x0000000080002768 (0x26750513) addi a0, a0, 615
x10 <- 0x6666666666666667
mem[X,0x000000008000276C] -> 0xA801
[1077] [M]: 0x000000008000276C (0xA801) c.j 8
mem[X,0x000000008000277C] -> 0xF975
[1078] [M]: 0x000000008000277C (0xF975) c.bnez a0, 250
mem[X,0x0000000080002770] -> 0x0113
mem[X,0x0000000080002772] -> 0x0011
[1079] [M]: 0x0000000080002770 (0x00110113) addi sp, sp, 1
x2 <- 0xFF76DF56FF76E023
mem[X,0x0000000080002774] -> 0x006F
mem[X,0x0000000080002776] -> 0x0140
[1080] [M]: 0x0000000080002774 (0x0140006F) jal zero, 20
mem[X,0x0000000080002788] -> 0xB023
mem[X,0x000000008000278A] -> 0x3820
[1081] [M]: 0x0000000080002788 (0x3820B023) sd sp, 896(ra)
mem[0x0000000080006498] <- 0xFF76DF56FF76E023
mem[X,0x000000008000278C] -> 0x0537
mem[X,0x000000008000278E] -> 0x0000
[1082] [M]: 0x000000008000278C (0x00000537) lui a0, 0
x10 <- 0x0000000000000000
mem[X,0x0000000080002790] -> 0x0513
mem[X,0x0000000080002792] -> 0xFFF5
[1083] [M]: 0x0000000080002790 (0xFFF50513) addi a0, a0, 4095
x10 <- 0xFFFFFFFFFFFFFFFF
mem[X,0x0000000080002794] -> 0x1513
mem[X,0x0000000080002796] -> 0x00B5
[1084] [M]: 0x0000000080002794 (0x00B51513) slli a0, a0, 11
x10 <- 0xFFFFFFFFFFFFF800
mem[X,0x0000000080002798] -> 0x0513
mem[X,0x000000008000279A] -> 0x2575
[1085] [M]: 0x0000000080002798 (0x25750513) addi a0, a0, 599
x10 <- 0xFFFFFFFFFFFFFA57
mem[X,0x000000008000279C] -> 0x1513
mem[X,0x000000008000279E] -> 0x00B5
[1086] [M]: 0x000000008000279C (0x00B51513) slli a0, a0, 11
x10 <- 0xFFFFFFFFFFD2B800
mem[X,0x00000000800027A0] -> 0x0513
mem[X,0x00000000800027A2] -> 0x6C35
[1087] [M]: 0x00000000800027A0 (0x6C350513) addi a0, a0, 1731
x10 <- 0xFFFFFFFFFFD2BEC3
mem[X,0x00000000800027A4] -> 0x1513
mem[X,0x00000000800027A6] -> 0x00A5
[1088] [M]: 0x00000000800027A4 (0x00A51513) slli a0, a0, 10
x10 <- 0xFFFFFFFF4AFB0C00
mem[X,0x00000000800027A8] -> 0x0513
mem[X,0x00000000800027AA] -> 0x0CE5
[1089] [M]: 0x00000000800027A8 (0x0CE50513) addi a0, a0, 206
x10 <- 0xFFFFFFFF4AFB0CCE
mem[X,0x00000000800027AC] -> 0xA031
[1090] [M]: 0x00000000800027AC (0xA031) c.j 6
mem[X,0x00000000800027B8] -> 0xE509
[1091] [M]: 0x00000000800027B8 (0xE509) c.bnez a0, 5
mem[X,0x00000000800027C2] -> 0x010D
[1092] [M]: 0x00000000800027C2 (0x010D) c.addi sp, 3
x2 <- 0xFF76DF56FF76E026
mem[X,0x00000000800027C4] -> 0xB423
mem[X,0x00000000800027C6] -> 0x3820
[1093] [M]: 0x00000000800027C4 (0x3820B423) sd sp, 904(ra)
mem[0x00000000800064A0] <- 0xFF76DF56FF76E026
mem[X,0x00000000800027C8] -> 0x0537
mem[X,0x00000000800027CA] -> 0x0000
[1094] [M]: 0x00000000800027C8 (0x00000537) lui a0, 0
x10 <- 0x0000000000000000
mem[X,0x00000000800027CC] -> 0x0513
mem[X,0x00000000800027CE] -> 0x0005
[1095] [M]: 0x00000000800027CC (0x00050513) addi a0, a0, 0
x10 <- 0x0000000000000000
mem[X,0x00000000800027D0] -> 0x1513
mem[X,0x00000000800027D2] -> 0x00B5
[1096] [M]: 0x00000000800027D0 (0x00B51513) slli a0, a0, 11
x10 <- 0x0000000000000000
mem[X,0x00000000800027D4] -> 0x0513
mem[X,0x00000000800027D6] -> 0x5A85
[1097] [M]: 0x00000000800027D4 (0x5A850513) addi a0, a0, 1448
x10 <- 0x00000000000005A8
mem[X,0x00000000800027D8] -> 0x1513
mem[X,0x00000000800027DA] -> 0x00B5
[1098] [M]: 0x00000000800027D8 (0x00B51513) slli a0, a0, 11
x10 <- 0x00000000002D4000
mem[X,0x00000000800027DC] -> 0x0513
mem[X,0x00000000800027DE] -> 0x13C5
[1099] [M]: 0x00000000800027DC (0x13C50513) addi a0, a0, 316
x10 <- 0x00000000002D413C
clint::tick mtime <- 0x000000000000000B
 clint timer pending at mtime 0x000000000000000B
htif::tick 0x0000000000000000
mem[X,0x00000000800027E0] -> 0x1513
mem[X,0x00000000800027E2] -> 0x00A5
[1100] [M]: 0x00000000800027E0 (0x00A51513) slli a0, a0, 10
x10 <- 0x00000000B504F000
mem[X,0x00000000800027E4] -> 0x0513
mem[X,0x00000000800027E6] -> 0x3345
[1101] [M]: 0x00000000800027E4 (0x33450513) addi a0, a0, 820
x10 <- 0x00000000B504F334
mem[X,0x00000000800027E8] -> 0xA031
[1102] [M]: 0x00000000800027E8 (0xA031) c.j 6
mem[X,0x00000000800027F4] -> 0xED3D
[1103] [M]: 0x00000000800027F4 (0xED3D) c.bnez a0, 63
mem[X,0x0000000080002872] -> 0x010D
[1104] [M]: 0x0000000080002872 (0x010D) c.addi sp, 3
x2 <- 0xFF76DF56FF76E029
mem[X,0x0000000080002874] -> 0xB823
mem[X,0x0000000080002876] -> 0x3820
[1105] [M]: 0x0000000080002874 (0x3820B823) sd sp, 912(ra)
mem[0x00000000800064A8] <- 0xFF76DF56FF76E029
mem[X,0x0000000080002878] -> 0x0513
mem[X,0x000000008000287A] -> 0x0010
[1106] [M]: 0x0000000080002878 (0x00100513) addi a0, zero, 1
x10 <- 0x0000000000000001
mem[X,0x000000008000287C] -> 0x1513
mem[X,0x000000008000287E] -> 0x0155
[1107] [M]: 0x000000008000287C (0x01551513) slli a0, a0, 21
x10 <- 0x0000000000200000
mem[X,0x0000000080002880] -> 0x4513
mem[X,0x0000000080002882] -> 0xFFF5
[1108] [M]: 0x0000000080002880 (0xFFF54513) xori a0, a0, 4095
x10 <- 0xFFFFFFFFFFDFFFFF
mem[X,0x0000000080002884] -> 0xA809
[1109] [M]: 0x0000000080002884 (0xA809) c.j 9
mem[X,0x0000000080002896] -> 0xF96D
[1110] [M]: 0x0000000080002896 (0xF96D) c.bnez a0, 249
mem[X,0x0000000080002888] -> 0x0113
mem[X,0x000000008000288A] -> 0x0011
[1111] [M]: 0x0000000080002888 (0x00110113) addi sp, sp, 1
x2 <- 0xFF76DF56FF76E02A
mem[X,0x000000008000288C] -> 0x006F
mem[X,0x000000008000288E] -> 0x0160
[1112] [M]: 0x000000008000288C (0x0160006F) jal zero, 22
mem[X,0x00000000800028A2] -> 0xBC23
mem[X,0x00000000800028A4] -> 0x3820
[1113] [M]: 0x00000000800028A2 (0x3820BC23) sd sp, 920(ra)
mem[0x00000000800064B0] <- 0xFF76DF56FF76E02A
mem[X,0x00000000800028A6] -> 0x0513
mem[X,0x00000000800028A8] -> 0x0010
[1114] [M]: 0x00000000800028A6 (0x00100513) addi a0, zero, 1
x10 <- 0x0000000000000001
mem[X,0x00000000800028AA] -> 0x1513
mem[X,0x00000000800028AC] -> 0x0165
[1115] [M]: 0x00000000800028AA (0x01651513) slli a0, a0, 22
x10 <- 0x0000000000400000
mem[X,0x00000000800028AE] -> 0x4513
mem[X,0x00000000800028B0] -> 0xFFF5
[1116] [M]: 0x00000000800028AE (0xFFF54513) xori a0, a0, 4095
x10 <- 0xFFFFFFFFFFBFFFFF
mem[X,0x00000000800028B2] -> 0xA031
[1117] [M]: 0x00000000800028B2 (0xA031) c.j 6
mem[X,0x00000000800028BE] -> 0xE54D
[1118] [M]: 0x00000000800028BE (0xE54D) c.bnez a0, 85
mem[X,0x0000000080002968] -> 0x010D
[1119] [M]: 0x0000000080002968 (0x010D) c.addi sp, 3
x2 <- 0xFF76DF56FF76E02D
mem[X,0x000000008000296A] -> 0xB023
mem[X,0x000000008000296C] -> 0x3A20
[1120] [M]: 0x000000008000296A (0x3A20B023) sd sp, 928(ra)
mem[0x00000000800064B8] <- 0xFF76DF56FF76E02D
mem[X,0x000000008000296E] -> 0x0513
mem[X,0x0000000080002970] -> 0x0010
[1121] [M]: 0x000000008000296E (0x00100513) addi a0, zero, 1
x10 <- 0x0000000000000001
mem[X,0x0000000080002972] -> 0x1513
mem[X,0x0000000080002974] -> 0x0175
[1122] [M]: 0x0000000080002972 (0x01751513) slli a0, a0, 23
x10 <- 0x0000000000800000
mem[X,0x0000000080002976] -> 0x4513
mem[X,0x0000000080002978] -> 0xFFF5
[1123] [M]: 0x0000000080002976 (0xFFF54513) xori a0, a0, 4095
x10 <- 0xFFFFFFFFFF7FFFFF
mem[X,0x000000008000297A] -> 0xA811
[1124] [M]: 0x000000008000297A (0xA811) c.j 10
mem[X,0x000000008000298E] -> 0xF965
[1125] [M]: 0x000000008000298E (0xF965) c.bnez a0, 248
mem[X,0x000000008000297E] -> 0x0113
mem[X,0x0000000080002980] -> 0x0011
[1126] [M]: 0x000000008000297E (0x00110113) addi sp, sp, 1
x2 <- 0xFF76DF56FF76E02E
mem[X,0x0000000080002982] -> 0x006F
mem[X,0x0000000080002984] -> 0x0180
[1127] [M]: 0x0000000080002982 (0x0180006F) jal zero, 24
mem[X,0x000000008000299A] -> 0xB423
mem[X,0x000000008000299C] -> 0x3A20
[1128] [M]: 0x000000008000299A (0x3A20B423) sd sp, 936(ra)
mem[0x00000000800064C0] <- 0xFF76DF56FF76E02E
mem[X,0x000000008000299E] -> 0x0513
mem[X,0x00000000800029A0] -> 0x0010
[1129] [M]: 0x000000008000299E (0x00100513) addi a0, zero, 1
x10 <- 0x0000000000000001
mem[X,0x00000000800029A2] -> 0x1513
mem[X,0x00000000800029A4] -> 0x0185
[1130] [M]: 0x00000000800029A2 (0x01851513) slli a0, a0, 24
x10 <- 0x0000000001000000
mem[X,0x00000000800029A6] -> 0x4513
mem[X,0x00000000800029A8] -> 0xFFF5
[1131] [M]: 0x00000000800029A6 (0xFFF54513) xori a0, a0, 4095
x10 <- 0xFFFFFFFFFEFFFFFF
mem[X,0x00000000800029AA] -> 0xA801
[1132] [M]: 0x00000000800029AA (0xA801) c.j 8
mem[X,0x00000000800029BA] -> 0xF975
[1133] [M]: 0x00000000800029BA (0xF975) c.bnez a0, 250
mem[X,0x00000000800029AE] -> 0x0113
mem[X,0x00000000800029B0] -> 0x0011
[1134] [M]: 0x00000000800029AE (0x00110113) addi sp, sp, 1
x2 <- 0xFF76DF56FF76E02F
mem[X,0x00000000800029B2] -> 0x006F
mem[X,0x00000000800029B4] -> 0x0140
[1135] [M]: 0x00000000800029B2 (0x0140006F) jal zero, 20
mem[X,0x00000000800029C6] -> 0xB823
mem[X,0x00000000800029C8] -> 0x3A20
[1136] [M]: 0x00000000800029C6 (0x3A20B823) sd sp, 944(ra)
mem[0x00000000800064C8] <- 0xFF76DF56FF76E02F
mem[X,0x00000000800029CA] -> 0x0513
mem[X,0x00000000800029CC] -> 0x0010
[1137] [M]: 0x00000000800029CA (0x00100513) addi a0, zero, 1
x10 <- 0x0000000000000001
mem[X,0x00000000800029CE] -> 0x1513
mem[X,0x00000000800029D0] -> 0x0195
[1138] [M]: 0x00000000800029CE (0x01951513) slli a0, a0, 25
x10 <- 0x0000000002000000
mem[X,0x00000000800029D2] -> 0x4513
mem[X,0x00000000800029D4] -> 0xFFF5
[1139] [M]: 0x00000000800029D2 (0xFFF54513) xori a0, a0, 4095
x10 <- 0xFFFFFFFFFDFFFFFF
mem[X,0x00000000800029D6] -> 0xA031
[1140] [M]: 0x00000000800029D6 (0xA031) c.j 6
mem[X,0x00000000800029E2] -> 0xE509
[1141] [M]: 0x00000000800029E2 (0xE509) c.bnez a0, 5
mem[X,0x00000000800029EC] -> 0x010D
[1142] [M]: 0x00000000800029EC (0x010D) c.addi sp, 3
x2 <- 0xFF76DF56FF76E032
mem[X,0x00000000800029EE] -> 0xBC23
mem[X,0x00000000800029F0] -> 0x3A20
[1143] [M]: 0x00000000800029EE (0x3A20BC23) sd sp, 952(ra)
mem[0x00000000800064D0] <- 0xFF76DF56FF76E032
mem[X,0x00000000800029F2] -> 0x0513
mem[X,0x00000000800029F4] -> 0x0010
[1144] [M]: 0x00000000800029F2 (0x00100513) addi a0, zero, 1
x10 <- 0x0000000000000001
mem[X,0x00000000800029F6] -> 0x1513
mem[X,0x00000000800029F8] -> 0x01A5
[1145] [M]: 0x00000000800029F6 (0x01A51513) slli a0, a0, 26
x10 <- 0x0000000004000000
mem[X,0x00000000800029FA] -> 0x4513
mem[X,0x00000000800029FC] -> 0xFFF5
[1146] [M]: 0x00000000800029FA (0xFFF54513) xori a0, a0, 4095
x10 <- 0xFFFFFFFFFBFFFFFF
mem[X,0x00000000800029FE] -> 0xA031
[1147] [M]: 0x00000000800029FE (0xA031) c.j 6
mem[X,0x0000000080002A0A] -> 0xE509
[1148] [M]: 0x0000000080002A0A (0xE509) c.bnez a0, 5
mem[X,0x0000000080002A14] -> 0x010D
[1149] [M]: 0x0000000080002A14 (0x010D) c.addi sp, 3
x2 <- 0xFF76DF56FF76E035
mem[X,0x0000000080002A16] -> 0xB023
mem[X,0x0000000080002A18] -> 0x3C20
[1150] [M]: 0x0000000080002A16 (0x3C20B023) sd sp, 960(ra)
mem[0x00000000800064D8] <- 0xFF76DF56FF76E035
mem[X,0x0000000080002A1A] -> 0x0513
mem[X,0x0000000080002A1C] -> 0x0010
[1151] [M]: 0x0000000080002A1A (0x00100513) addi a0, zero, 1
x10 <- 0x0000000000000001
mem[X,0x0000000080002A1E] -> 0x1513
mem[X,0x0000000080002A20] -> 0x01B5
[1152] [M]: 0x0000000080002A1E (0x01B51513) slli a0, a0, 27
x10 <- 0x0000000008000000
mem[X,0x0000000080002A22] -> 0x4513
mem[X,0x0000000080002A24] -> 0xFFF5
[1153] [M]: 0x0000000080002A22 (0xFFF54513) xori a0, a0, 4095
x10 <- 0xFFFFFFFFF7FFFFFF
mem[X,0x0000000080002A26] -> 0xA01D
[1154] [M]: 0x0000000080002A26 (0xA01D) c.j 19
mem[X,0x0000000080002A4C] -> 0xFD79
[1155] [M]: 0x0000000080002A4C (0xFD79) c.bnez a0, 239
mem[X,0x0000000080002A2A] -> 0x0113
mem[X,0x0000000080002A2C] -> 0x0011
[1156] [M]: 0x0000000080002A2A (0x00110113) addi sp, sp, 1
x2 <- 0xFF76DF56FF76E036
mem[X,0x0000000080002A2E] -> 0x006F
mem[X,0x0000000080002A30] -> 0x02A0
[1157] [M]: 0x0000000080002A2E (0x02A0006F) jal zero, 42
mem[X,0x0000000080002A58] -> 0xB423
mem[X,0x0000000080002A5A] -> 0x3C20
[1158] [M]: 0x0000000080002A58 (0x3C20B423) sd sp, 968(ra)
mem[0x00000000800064E0] <- 0xFF76DF56FF76E036
mem[X,0x0000000080002A5C] -> 0x0513
mem[X,0x0000000080002A5E] -> 0x0010
[1159] [M]: 0x0000000080002A5C (0x00100513) addi a0, zero, 1
x10 <- 0x0000000000000001
mem[X,0x0000000080002A60] -> 0x1513
mem[X,0x0000000080002A62] -> 0x01C5
[1160] [M]: 0x0000000080002A60 (0x01C51513) slli a0, a0, 28
x10 <- 0x0000000010000000
mem[X,0x0000000080002A64] -> 0x4513
mem[X,0x0000000080002A66] -> 0xFFF5
[1161] [M]: 0x0000000080002A64 (0xFFF54513) xori a0, a0, 4095
x10 <- 0xFFFFFFFFEFFFFFFF
mem[X,0x0000000080002A68] -> 0xA031
[1162] [M]: 0x0000000080002A68 (0xA031) c.j 6
mem[X,0x0000000080002A74] -> 0xFD65
[1163] [M]: 0x0000000080002A74 (0xFD65) c.bnez a0, 252
mem[X,0x0000000080002A6C] -> 0x0113
mem[X,0x0000000080002A6E] -> 0x0011
[1164] [M]: 0x0000000080002A6C (0x00110113) addi sp, sp, 1
x2 <- 0xFF76DF56FF76E037
mem[X,0x0000000080002A70] -> 0x006F
mem[X,0x0000000080002A72] -> 0x0100
[1165] [M]: 0x0000000080002A70 (0x0100006F) jal zero, 16
mem[X,0x0000000080002A80] -> 0xB823
mem[X,0x0000000080002A82] -> 0x3C20
[1166] [M]: 0x0000000080002A80 (0x3C20B823) sd sp, 976(ra)
mem[0x00000000800064E8] <- 0xFF76DF56FF76E037
mem[X,0x0000000080002A84] -> 0x0513
mem[X,0x0000000080002A86] -> 0x0010
[1167] [M]: 0x0000000080002A84 (0x00100513) addi a0, zero, 1
x10 <- 0x0000000000000001
mem[X,0x0000000080002A88] -> 0x1513
mem[X,0x0000000080002A8A] -> 0x01D5
[1168] [M]: 0x0000000080002A88 (0x01D51513) slli a0, a0, 29
x10 <- 0x0000000020000000
mem[X,0x0000000080002A8C] -> 0x4513
mem[X,0x0000000080002A8E] -> 0xFFF5
[1169] [M]: 0x0000000080002A8C (0xFFF54513) xori a0, a0, 4095
x10 <- 0xFFFFFFFFDFFFFFFF
mem[X,0x0000000080002A90] -> 0xA811
[1170] [M]: 0x0000000080002A90 (0xA811) c.j 10
mem[X,0x0000000080002AA4] -> 0xF965
[1171] [M]: 0x0000000080002AA4 (0xF965) c.bnez a0, 248
mem[X,0x0000000080002A94] -> 0x0113
mem[X,0x0000000080002A96] -> 0x0011
[1172] [M]: 0x0000000080002A94 (0x00110113) addi sp, sp, 1
x2 <- 0xFF76DF56FF76E038
mem[X,0x0000000080002A98] -> 0x006F
mem[X,0x0000000080002A9A] -> 0x0180
[1173] [M]: 0x0000000080002A98 (0x0180006F) jal zero, 24
mem[X,0x0000000080002AB0] -> 0xBC23
mem[X,0x0000000080002AB2] -> 0x3C20
[1174] [M]: 0x0000000080002AB0 (0x3C20BC23) sd sp, 984(ra)
mem[0x00000000800064F0] <- 0xFF76DF56FF76E038
mem[X,0x0000000080002AB4] -> 0x0513
mem[X,0x0000000080002AB6] -> 0x0010
[1175] [M]: 0x0000000080002AB4 (0x00100513) addi a0, zero, 1
x10 <- 0x0000000000000001
mem[X,0x0000000080002AB8] -> 0x1513
mem[X,0x0000000080002ABA] -> 0x01E5
[1176] [M]: 0x0000000080002AB8 (0x01E51513) slli a0, a0, 30
x10 <- 0x0000000040000000
mem[X,0x0000000080002ABC] -> 0x4513
mem[X,0x0000000080002ABE] -> 0xFFF5
[1177] [M]: 0x0000000080002ABC (0xFFF54513) xori a0, a0, 4095
x10 <- 0xFFFFFFFFBFFFFFFF
mem[X,0x0000000080002AC0] -> 0xA031
[1178] [M]: 0x0000000080002AC0 (0xA031) c.j 6
mem[X,0x0000000080002ACC] -> 0xE121
[1179] [M]: 0x0000000080002ACC (0xE121) c.bnez a0, 32
mem[X,0x0000000080002B0C] -> 0x010D
[1180] [M]: 0x0000000080002B0C (0x010D) c.addi sp, 3
x2 <- 0xFF76DF56FF76E03B
mem[X,0x0000000080002B0E] -> 0xB023
mem[X,0x0000000080002B10] -> 0x3E20
[1181] [M]: 0x0000000080002B0E (0x3E20B023) sd sp, 992(ra)
mem[0x00000000800064F8] <- 0xFF76DF56FF76E03B
mem[X,0x0000000080002B12] -> 0x0513
mem[X,0x0000000080002B14] -> 0x0010
[1182] [M]: 0x0000000080002B12 (0x00100513) addi a0, zero, 1
x10 <- 0x0000000000000001
mem[X,0x0000000080002B16] -> 0x1513
mem[X,0x0000000080002B18] -> 0x01F5
[1183] [M]: 0x0000000080002B16 (0x01F51513) slli a0, a0, 31
x10 <- 0x0000000080000000
mem[X,0x0000000080002B1A] -> 0x4513
mem[X,0x0000000080002B1C] -> 0xFFF5
[1184] [M]: 0x0000000080002B1A (0xFFF54513) xori a0, a0, 4095
x10 <- 0xFFFFFFFF7FFFFFFF
mem[X,0x0000000080002B1E] -> 0xA099
[1185] [M]: 0x0000000080002B1E (0xA099) c.j 35
mem[X,0x0000000080002B64] -> 0xFD5D
[1186] [M]: 0x0000000080002B64 (0xFD5D) c.bnez a0, 223
mem[X,0x0000000080002B22] -> 0x0113
mem[X,0x0000000080002B24] -> 0x0011
[1187] [M]: 0x0000000080002B22 (0x00110113) addi sp, sp, 1
x2 <- 0xFF76DF56FF76E03C
mem[X,0x0000000080002B26] -> 0x006F
mem[X,0x0000000080002B28] -> 0x04A0
[1188] [M]: 0x0000000080002B26 (0x04A0006F) jal zero, 74
mem[X,0x0000000080002B70] -> 0xB423
mem[X,0x0000000080002B72] -> 0x3E20
[1189] [M]: 0x0000000080002B70 (0x3E20B423) sd sp, 1000(ra)
mem[0x0000000080006500] <- 0xFF76DF56FF76E03C
mem[X,0x0000000080002B74] -> 0x0513
mem[X,0x0000000080002B76] -> 0x0010
[1190] [M]: 0x0000000080002B74 (0x00100513) addi a0, zero, 1
x10 <- 0x0000000000000001
mem[X,0x0000000080002B78] -> 0x1513
mem[X,0x0000000080002B7A] -> 0x0205
[1191] [M]: 0x0000000080002B78 (0x02051513) slli a0, a0, 32
x10 <- 0x0000000100000000
mem[X,0x0000000080002B7C] -> 0x4513
mem[X,0x0000000080002B7E] -> 0xFFF5
[1192] [M]: 0x0000000080002B7C (0xFFF54513) xori a0, a0, 4095
x10 <- 0xFFFFFFFEFFFFFFFF
mem[X,0x0000000080002B80] -> 0xA031
[1193] [M]: 0x0000000080002B80 (0xA031) c.j 6
mem[X,0x0000000080002B8C] -> 0xE509
[1194] [M]: 0x0000000080002B8C (0xE509) c.bnez a0, 5
mem[X,0x0000000080002B96] -> 0x010D
[1195] [M]: 0x0000000080002B96 (0x010D) c.addi sp, 3
x2 <- 0xFF76DF56FF76E03F
mem[X,0x0000000080002B98] -> 0xB823
mem[X,0x0000000080002B9A] -> 0x3E20
[1196] [M]: 0x0000000080002B98 (0x3E20B823) sd sp, 1008(ra)
mem[0x0000000080006508] <- 0xFF76DF56FF76E03F
mem[X,0x0000000080002B9C] -> 0x0513
mem[X,0x0000000080002B9E] -> 0x0010
[1197] [M]: 0x0000000080002B9C (0x00100513) addi a0, zero, 1
x10 <- 0x0000000000000001
mem[X,0x0000000080002BA0] -> 0x1513
mem[X,0x0000000080002BA2] -> 0x0215
[1198] [M]: 0x0000000080002BA0 (0x02151513) slli a0, a0, 33
x10 <- 0x0000000200000000
mem[X,0x0000000080002BA4] -> 0x4513
mem[X,0x0000000080002BA6] -> 0xFFF5
[1199] [M]: 0x0000000080002BA4 (0xFFF54513) xori a0, a0, 4095
x10 <- 0xFFFFFFFDFFFFFFFF
clint::tick mtime <- 0x000000000000000C
 clint timer pending at mtime 0x000000000000000C
htif::tick 0x0000000000000000
mem[X,0x0000000080002BA8] -> 0xA031
[1200] [M]: 0x0000000080002BA8 (0xA031) c.j 6
mem[X,0x0000000080002BB4] -> 0xE909
[1201] [M]: 0x0000000080002BB4 (0xE909) c.bnez a0, 9
mem[X,0x0000000080002BC6] -> 0x010D
[1202] [M]: 0x0000000080002BC6 (0x010D) c.addi sp, 3
x2 <- 0xFF76DF56FF76E042
mem[X,0x0000000080002BC8] -> 0xBC23
mem[X,0x0000000080002BCA] -> 0x3E20
[1203] [M]: 0x0000000080002BC8 (0x3E20BC23) sd sp, 1016(ra)
mem[0x0000000080006510] <- 0xFF76DF56FF76E042
mem[X,0x0000000080002BCC] -> 0x0513
mem[X,0x0000000080002BCE] -> 0x0010
[1204] [M]: 0x0000000080002BCC (0x00100513) addi a0, zero, 1
x10 <- 0x0000000000000001
mem[X,0x0000000080002BD0] -> 0x1513
mem[X,0x0000000080002BD2] -> 0x0225
[1205] [M]: 0x0000000080002BD0 (0x02251513) slli a0, a0, 34
x10 <- 0x0000000400000000
mem[X,0x0000000080002BD4] -> 0x4513
mem[X,0x0000000080002BD6] -> 0xFFF5
[1206] [M]: 0x0000000080002BD4 (0xFFF54513) xori a0, a0, 4095
x10 <- 0xFFFFFFFBFFFFFFFF
mem[X,0x0000000080002BD8] -> 0xA031
[1207] [M]: 0x0000000080002BD8 (0xA031) c.j 6
mem[X,0x0000000080002BE4] -> 0xE509
[1208] [M]: 0x0000000080002BE4 (0xE509) c.bnez a0, 5
mem[X,0x0000000080002BEE] -> 0x010D
[1209] [M]: 0x0000000080002BEE (0x010D) c.addi sp, 3
x2 <- 0xFF76DF56FF76E045
mem[X,0x0000000080002BF0] -> 0xB023
mem[X,0x0000000080002BF2] -> 0x4020
[1210] [M]: 0x0000000080002BF0 (0x4020B023) sd sp, 1024(ra)
mem[0x0000000080006518] <- 0xFF76DF56FF76E045
mem[X,0x0000000080002BF4] -> 0x0513
mem[X,0x0000000080002BF6] -> 0x0010
[1211] [M]: 0x0000000080002BF4 (0x00100513) addi a0, zero, 1
x10 <- 0x0000000000000001
mem[X,0x0000000080002BF8] -> 0x1513
mem[X,0x0000000080002BFA] -> 0x0235
[1212] [M]: 0x0000000080002BF8 (0x02351513) slli a0, a0, 35
x10 <- 0x0000000800000000
mem[X,0x0000000080002BFC] -> 0x4513
mem[X,0x0000000080002BFE] -> 0xFFF5
[1213] [M]: 0x0000000080002BFC (0xFFF54513) xori a0, a0, 4095
x10 <- 0xFFFFFFF7FFFFFFFF
mem[X,0x0000000080002C00] -> 0xA821
[1214] [M]: 0x0000000080002C00 (0xA821) c.j 12
mem[X,0x0000000080002C18] -> 0xF575
[1215] [M]: 0x0000000080002C18 (0xF575) c.bnez a0, 246
mem[X,0x0000000080002C04] -> 0x0113
mem[X,0x0000000080002C06] -> 0x0011
[1216] [M]: 0x0000000080002C04 (0x00110113) addi sp, sp, 1
x2 <- 0xFF76DF56FF76E046
mem[X,0x0000000080002C08] -> 0x006F
mem[X,0x0000000080002C0A] -> 0x01C0
[1217] [M]: 0x0000000080002C08 (0x01C0006F) jal zero, 28
mem[X,0x0000000080002C24] -> 0xB423
mem[X,0x0000000080002C26] -> 0x4020
[1218] [M]: 0x0000000080002C24 (0x4020B423) sd sp, 1032(ra)
mem[0x0000000080006520] <- 0xFF76DF56FF76E046
mem[X,0x0000000080002C28] -> 0x0513
mem[X,0x0000000080002C2A] -> 0x0010
[1219] [M]: 0x0000000080002C28 (0x00100513) addi a0, zero, 1
x10 <- 0x0000000000000001
mem[X,0x0000000080002C2C] -> 0x1513
mem[X,0x0000000080002C2E] -> 0x0245
[1220] [M]: 0x0000000080002C2C (0x02451513) slli a0, a0, 36
x10 <- 0x0000001000000000
mem[X,0x0000000080002C30] -> 0x4513
mem[X,0x0000000080002C32] -> 0xFFF5
[1221] [M]: 0x0000000080002C30 (0xFFF54513) xori a0, a0, 4095
x10 <- 0xFFFFFFEFFFFFFFFF
mem[X,0x0000000080002C34] -> 0xA099
[1222] [M]: 0x0000000080002C34 (0xA099) c.j 35
mem[X,0x0000000080002C7A] -> 0xFD5D
[1223] [M]: 0x0000000080002C7A (0xFD5D) c.bnez a0, 223
mem[X,0x0000000080002C38] -> 0x0113
mem[X,0x0000000080002C3A] -> 0x0011
[1224] [M]: 0x0000000080002C38 (0x00110113) addi sp, sp, 1
x2 <- 0xFF76DF56FF76E047
mem[X,0x0000000080002C3C] -> 0x006F
mem[X,0x0000000080002C3E] -> 0x04A0
[1225] [M]: 0x0000000080002C3C (0x04A0006F) jal zero, 74
mem[X,0x0000000080002C86] -> 0xB823
mem[X,0x0000000080002C88] -> 0x4020
[1226] [M]: 0x0000000080002C86 (0x4020B823) sd sp, 1040(ra)
mem[0x0000000080006528] <- 0xFF76DF56FF76E047
mem[X,0x0000000080002C8A] -> 0x0513
mem[X,0x0000000080002C8C] -> 0x0010
[1227] [M]: 0x0000000080002C8A (0x00100513) addi a0, zero, 1
x10 <- 0x0000000000000001
mem[X,0x0000000080002C8E] -> 0x1513
mem[X,0x0000000080002C90] -> 0x0255
[1228] [M]: 0x0000000080002C8E (0x02551513) slli a0, a0, 37
x10 <- 0x0000002000000000
mem[X,0x0000000080002C92] -> 0x4513
mem[X,0x0000000080002C94] -> 0xFFF5
[1229] [M]: 0x0000000080002C92 (0xFFF54513) xori a0, a0, 4095
x10 <- 0xFFFFFFDFFFFFFFFF
mem[X,0x0000000080002C96] -> 0xA031
[1230] [M]: 0x0000000080002C96 (0xA031) c.j 6
mem[X,0x0000000080002CA2] -> 0xED3D
[1231] [M]: 0x0000000080002CA2 (0xED3D) c.bnez a0, 63
mem[X,0x0000000080002D20] -> 0x010D
[1232] [M]: 0x0000000080002D20 (0x010D) c.addi sp, 3
x2 <- 0xFF76DF56FF76E04A
mem[X,0x0000000080002D22] -> 0xBC23
mem[X,0x0000000080002D24] -> 0x4020
[1233] [M]: 0x0000000080002D22 (0x4020BC23) sd sp, 1048(ra)
mem[0x0000000080006530] <- 0xFF76DF56FF76E04A
mem[X,0x0000000080002D26] -> 0x0513
mem[X,0x0000000080002D28] -> 0x0010
[1234] [M]: 0x0000000080002D26 (0x00100513) addi a0, zero, 1
x10 <- 0x0000000000000001
mem[X,0x0000000080002D2A] -> 0x1513
mem[X,0x0000000080002D2C] -> 0x0265
[1235] [M]: 0x0000000080002D2A (0x02651513) slli a0, a0, 38
x10 <- 0x0000004000000000
mem[X,0x0000000080002D2E] -> 0x4513
mem[X,0x0000000080002D30] -> 0xFFF5
[1236] [M]: 0x0000000080002D2E (0xFFF54513) xori a0, a0, 4095
x10 <- 0xFFFFFFBFFFFFFFFF
mem[X,0x0000000080002D32] -> 0xA031
[1237] [M]: 0x0000000080002D32 (0xA031) c.j 6
mem[X,0x0000000080002D3E] -> 0xE509
[1238] [M]: 0x0000000080002D3E (0xE509) c.bnez a0, 5
mem[X,0x0000000080002D48] -> 0x010D
[1239] [M]: 0x0000000080002D48 (0x010D) c.addi sp, 3
x2 <- 0xFF76DF56FF76E04D
mem[X,0x0000000080002D4A] -> 0xB023
mem[X,0x0000000080002D4C] -> 0x4220
[1240] [M]: 0x0000000080002D4A (0x4220B023) sd sp, 1056(ra)
mem[0x0000000080006538] <- 0xFF76DF56FF76E04D
mem[X,0x0000000080002D4E] -> 0x0513
mem[X,0x0000000080002D50] -> 0x0010
[1241] [M]: 0x0000000080002D4E (0x00100513) addi a0, zero, 1
x10 <- 0x0000000000000001
mem[X,0x0000000080002D52] -> 0x1513
mem[X,0x0000000080002D54] -> 0x0275
[1242] [M]: 0x0000000080002D52 (0x02751513) slli a0, a0, 39
x10 <- 0x0000008000000000
mem[X,0x0000000080002D56] -> 0x4513
mem[X,0x0000000080002D58] -> 0xFFF5
[1243] [M]: 0x0000000080002D56 (0xFFF54513) xori a0, a0, 4095
x10 <- 0xFFFFFF7FFFFFFFFF
mem[X,0x0000000080002D5A] -> 0xA819
[1244] [M]: 0x0000000080002D5A (0xA819) c.j 11
mem[X,0x0000000080002D70] -> 0xF57D
[1245] [M]: 0x0000000080002D70 (0xF57D) c.bnez a0, 247
mem[X,0x0000000080002D5E] -> 0x0113
mem[X,0x0000000080002D60] -> 0x0011
[1246] [M]: 0x0000000080002D5E (0x00110113) addi sp, sp, 1
x2 <- 0xFF76DF56FF76E04E
mem[X,0x0000000080002D62] -> 0x006F
mem[X,0x0000000080002D64] -> 0x01A0
[1247] [M]: 0x0000000080002D62 (0x01A0006F) jal zero, 26
mem[X,0x0000000080002D7C] -> 0xB423
mem[X,0x0000000080002D7E] -> 0x4220
[1248] [M]: 0x0000000080002D7C (0x4220B423) sd sp, 1064(ra)
mem[0x0000000080006540] <- 0xFF76DF56FF76E04E
mem[X,0x0000000080002D80] -> 0x0513
mem[X,0x0000000080002D82] -> 0x0010
[1249] [M]: 0x0000000080002D80 (0x00100513) addi a0, zero, 1
x10 <- 0x0000000000000001
mem[X,0x0000000080002D84] -> 0x1513
mem[X,0x0000000080002D86] -> 0x0285
[1250] [M]: 0x0000000080002D84 (0x02851513) slli a0, a0, 40
x10 <- 0x0000010000000000
mem[X,0x0000000080002D88] -> 0x4513
mem[X,0x0000000080002D8A] -> 0xFFF5
[1251] [M]: 0x0000000080002D88 (0xFFF54513) xori a0, a0, 4095
x10 <- 0xFFFFFEFFFFFFFFFF
mem[X,0x0000000080002D8C] -> 0xA031
[1252] [M]: 0x0000000080002D8C (0xA031) c.j 6
mem[X,0x0000000080002D98] -> 0xED3D
[1253] [M]: 0x0000000080002D98 (0xED3D) c.bnez a0, 63
mem[X,0x0000000080002E16] -> 0x010D
[1254] [M]: 0x0000000080002E16 (0x010D) c.addi sp, 3
x2 <- 0xFF76DF56FF76E051
mem[X,0x0000000080002E18] -> 0xB823
mem[X,0x0000000080002E1A] -> 0x4220
[1255] [M]: 0x0000000080002E18 (0x4220B823) sd sp, 1072(ra)
mem[0x0000000080006548] <- 0xFF76DF56FF76E051
mem[X,0x0000000080002E1C] -> 0x0513
mem[X,0x0000000080002E1E] -> 0x0010
[1256] [M]: 0x0000000080002E1C (0x00100513) addi a0, zero, 1
x10 <- 0x0000000000000001
mem[X,0x0000000080002E20] -> 0x1513
mem[X,0x0000000080002E22] -> 0x0295
[1257] [M]: 0x0000000080002E20 (0x02951513) slli a0, a0, 41
x10 <- 0x0000020000000000
mem[X,0x0000000080002E24] -> 0x4513
mem[X,0x0000000080002E26] -> 0xFFF5
[1258] [M]: 0x0000000080002E24 (0xFFF54513) xori a0, a0, 4095
x10 <- 0xFFFFFDFFFFFFFFFF
mem[X,0x0000000080002E28] -> 0xA031
[1259] [M]: 0x0000000080002E28 (0xA031) c.j 6
mem[X,0x0000000080002E34] -> 0xE509
[1260] [M]: 0x0000000080002E34 (0xE509) c.bnez a0, 5
mem[X,0x0000000080002E3E] -> 0x010D
[1261] [M]: 0x0000000080002E3E (0x010D) c.addi sp, 3
x2 <- 0xFF76DF56FF76E054
mem[X,0x0000000080002E40] -> 0xBC23
mem[X,0x0000000080002E42] -> 0x4220
[1262] [M]: 0x0000000080002E40 (0x4220BC23) sd sp, 1080(ra)
mem[0x0000000080006550] <- 0xFF76DF56FF76E054
mem[X,0x0000000080002E44] -> 0x0513
mem[X,0x0000000080002E46] -> 0x0010
[1263] [M]: 0x0000000080002E44 (0x00100513) addi a0, zero, 1
x10 <- 0x0000000000000001
mem[X,0x0000000080002E48] -> 0x1513
mem[X,0x0000000080002E4A] -> 0x02A5
[1264] [M]: 0x0000000080002E48 (0x02A51513) slli a0, a0, 42
x10 <- 0x0000040000000000
mem[X,0x0000000080002E4C] -> 0x4513
mem[X,0x0000000080002E4E] -> 0xFFF5
[1265] [M]: 0x0000000080002E4C (0xFFF54513) xori a0, a0, 4095
x10 <- 0xFFFFFBFFFFFFFFFF
mem[X,0x0000000080002E50] -> 0xA031
[1266] [M]: 0x0000000080002E50 (0xA031) c.j 6
mem[X,0x0000000080002E5C] -> 0xE901
[1267] [M]: 0x0000000080002E5C (0xE901) c.bnez a0, 8
mem[X,0x0000000080002E6C] -> 0x010D
[1268] [M]: 0x0000000080002E6C (0x010D) c.addi sp, 3
x2 <- 0xFF76DF56FF76E057
mem[X,0x0000000080002E6E] -> 0xB023
mem[X,0x0000000080002E70] -> 0x4420
[1269] [M]: 0x0000000080002E6E (0x4420B023) sd sp, 1088(ra)
mem[0x0000000080006558] <- 0xFF76DF56FF76E057
mem[X,0x0000000080002E72] -> 0x0513
mem[X,0x0000000080002E74] -> 0x0010
[1270] [M]: 0x0000000080002E72 (0x00100513) addi a0, zero, 1
x10 <- 0x0000000000000001
mem[X,0x0000000080002E76] -> 0x1513
mem[X,0x0000000080002E78] -> 0x02B5
[1271] [M]: 0x0000000080002E76 (0x02B51513) slli a0, a0, 43
x10 <- 0x0000080000000000
mem[X,0x0000000080002E7A] -> 0x4513
mem[X,0x0000000080002E7C] -> 0xFFF5
[1272] [M]: 0x0000000080002E7A (0xFFF54513) xori a0, a0, 4095
x10 <- 0xFFFFF7FFFFFFFFFF
mem[X,0x0000000080002E7E] -> 0xA031
[1273] [M]: 0x0000000080002E7E (0xA031) c.j 6
mem[X,0x0000000080002E8A] -> 0xE121
[1274] [M]: 0x0000000080002E8A (0xE121) c.bnez a0, 32
mem[X,0x0000000080002ECA] -> 0x010D
[1275] [M]: 0x0000000080002ECA (0x010D) c.addi sp, 3
x2 <- 0xFF76DF56FF76E05A
mem[X,0x0000000080002ECC] -> 0xB423
mem[X,0x0000000080002ECE] -> 0x4420
[1276] [M]: 0x0000000080002ECC (0x4420B423) sd sp, 1096(ra)
mem[0x0000000080006560] <- 0xFF76DF56FF76E05A
mem[X,0x0000000080002ED0] -> 0x0513
mem[X,0x0000000080002ED2] -> 0x0010
[1277] [M]: 0x0000000080002ED0 (0x00100513) addi a0, zero, 1
x10 <- 0x0000000000000001
mem[X,0x0000000080002ED4] -> 0x1513
mem[X,0x0000000080002ED6] -> 0x02C5
[1278] [M]: 0x0000000080002ED4 (0x02C51513) slli a0, a0, 44
x10 <- 0x0000100000000000
mem[X,0x0000000080002ED8] -> 0x4513
mem[X,0x0000000080002EDA] -> 0xFFF5
[1279] [M]: 0x0000000080002ED8 (0xFFF54513) xori a0, a0, 4095
x10 <- 0xFFFFEFFFFFFFFFFF
mem[X,0x0000000080002EDC] -> 0xA811
[1280] [M]: 0x0000000080002EDC (0xA811) c.j 10
mem[X,0x0000000080002EF0] -> 0xF965
[1281] [M]: 0x0000000080002EF0 (0xF965) c.bnez a0, 248
mem[X,0x0000000080002EE0] -> 0x0113
mem[X,0x0000000080002EE2] -> 0x0011
[1282] [M]: 0x0000000080002EE0 (0x00110113) addi sp, sp, 1
x2 <- 0xFF76DF56FF76E05B
mem[X,0x0000000080002EE4] -> 0x006F
mem[X,0x0000000080002EE6] -> 0x0180
[1283] [M]: 0x0000000080002EE4 (0x0180006F) jal zero, 24
mem[X,0x0000000080002EFC] -> 0xB823
mem[X,0x0000000080002EFE] -> 0x4420
[1284] [M]: 0x0000000080002EFC (0x4420B823) sd sp, 1104(ra)
mem[0x0000000080006568] <- 0xFF76DF56FF76E05B
mem[X,0x0000000080002F00] -> 0x0513
mem[X,0x0000000080002F02] -> 0x0010
[1285] [M]: 0x0000000080002F00 (0x00100513) addi a0, zero, 1
x10 <- 0x0000000000000001
mem[X,0x0000000080002F04] -> 0x1513
mem[X,0x0000000080002F06] -> 0x02D5
[1286] [M]: 0x0000000080002F04 (0x02D51513) slli a0, a0, 45
x10 <- 0x0000200000000000
mem[X,0x0000000080002F08] -> 0x4513
mem[X,0x0000000080002F0A] -> 0xFFF5
[1287] [M]: 0x0000000080002F08 (0xFFF54513) xori a0, a0, 4095
x10 <- 0xFFFFDFFFFFFFFFFF
mem[X,0x0000000080002F0C] -> 0xA031
[1288] [M]: 0x0000000080002F0C (0xA031) c.j 6
mem[X,0x0000000080002F18] -> 0xE509
[1289] [M]: 0x0000000080002F18 (0xE509) c.bnez a0, 5
mem[X,0x0000000080002F22] -> 0x010D
[1290] [M]: 0x0000000080002F22 (0x010D) c.addi sp, 3
x2 <- 0xFF76DF56FF76E05E
mem[X,0x0000000080002F24] -> 0xBC23
mem[X,0x0000000080002F26] -> 0x4420
[1291] [M]: 0x0000000080002F24 (0x4420BC23) sd sp, 1112(ra)
mem[0x0000000080006570] <- 0xFF76DF56FF76E05E
mem[X,0x0000000080002F28] -> 0x0513
mem[X,0x0000000080002F2A] -> 0x0010
[1292] [M]: 0x0000000080002F28 (0x00100513) addi a0, zero, 1
x10 <- 0x0000000000000001
mem[X,0x0000000080002F2C] -> 0x1513
mem[X,0x0000000080002F2E] -> 0x02E5
[1293] [M]: 0x0000000080002F2C (0x02E51513) slli a0, a0, 46
x10 <- 0x0000400000000000
mem[X,0x0000000080002F30] -> 0x4513
mem[X,0x0000000080002F32] -> 0xFFF5
[1294] [M]: 0x0000000080002F30 (0xFFF54513) xori a0, a0, 4095
x10 <- 0xFFFFBFFFFFFFFFFF
mem[X,0x0000000080002F34] -> 0xA099
[1295] [M]: 0x0000000080002F34 (0xA099) c.j 35
mem[X,0x0000000080002F7A] -> 0xFD5D
[1296] [M]: 0x0000000080002F7A (0xFD5D) c.bnez a0, 223
mem[X,0x0000000080002F38] -> 0x0113
mem[X,0x0000000080002F3A] -> 0x0011
[1297] [M]: 0x0000000080002F38 (0x00110113) addi sp, sp, 1
x2 <- 0xFF76DF56FF76E05F
mem[X,0x0000000080002F3C] -> 0x006F
mem[X,0x0000000080002F3E] -> 0x04A0
[1298] [M]: 0x0000000080002F3C (0x04A0006F) jal zero, 74
mem[X,0x0000000080002F86] -> 0xB023
mem[X,0x0000000080002F88] -> 0x4620
[1299] [M]: 0x0000000080002F86 (0x4620B023) sd sp, 1120(ra)
mem[0x0000000080006578] <- 0xFF76DF56FF76E05F
clint::tick mtime <- 0x000000000000000D
 clint timer pending at mtime 0x000000000000000D
htif::tick 0x0000000000000000
mem[X,0x0000000080002F8A] -> 0x0513
mem[X,0x0000000080002F8C] -> 0x0010
[1300] [M]: 0x0000000080002F8A (0x00100513) addi a0, zero, 1
x10 <- 0x0000000000000001
mem[X,0x0000000080002F8E] -> 0x1513
mem[X,0x0000000080002F90] -> 0x02F5
[1301] [M]: 0x0000000080002F8E (0x02F51513) slli a0, a0, 47
x10 <- 0x0000800000000000
mem[X,0x0000000080002F92] -> 0x4513
mem[X,0x0000000080002F94] -> 0xFFF5
[1302] [M]: 0x0000000080002F92 (0xFFF54513) xori a0, a0, 4095
x10 <- 0xFFFF7FFFFFFFFFFF
mem[X,0x0000000080002F96] -> 0xA801
[1303] [M]: 0x0000000080002F96 (0xA801) c.j 8
mem[X,0x0000000080002FA6] -> 0xF975
[1304] [M]: 0x0000000080002FA6 (0xF975) c.bnez a0, 250
mem[X,0x0000000080002F9A] -> 0x0113
mem[X,0x0000000080002F9C] -> 0x0011
[1305] [M]: 0x0000000080002F9A (0x00110113) addi sp, sp, 1
x2 <- 0xFF76DF56FF76E060
mem[X,0x0000000080002F9E] -> 0x006F
mem[X,0x0000000080002FA0] -> 0x0140
[1306] [M]: 0x0000000080002F9E (0x0140006F) jal zero, 20
mem[X,0x0000000080002FB2] -> 0xB423
mem[X,0x0000000080002FB4] -> 0x4620
[1307] [M]: 0x0000000080002FB2 (0x4620B423) sd sp, 1128(ra)
mem[0x0000000080006580] <- 0xFF76DF56FF76E060
mem[X,0x0000000080002FB6] -> 0x0513
mem[X,0x0000000080002FB8] -> 0x0010
[1308] [M]: 0x0000000080002FB6 (0x00100513) addi a0, zero, 1
x10 <- 0x0000000000000001
mem[X,0x0000000080002FBA] -> 0x1513
mem[X,0x0000000080002FBC] -> 0x0305
[1309] [M]: 0x0000000080002FBA (0x03051513) slli a0, a0, 48
x10 <- 0x0001000000000000
mem[X,0x0000000080002FBE] -> 0x4513
mem[X,0x0000000080002FC0] -> 0xFFF5
[1310] [M]: 0x0000000080002FBE (0xFFF54513) xori a0, a0, 4095
x10 <- 0xFFFEFFFFFFFFFFFF
mem[X,0x0000000080002FC2] -> 0xA845
[1311] [M]: 0x0000000080002FC2 (0xA845) c.j 88
mem[X,0x0000000080003072] -> 0xF931
[1312] [M]: 0x0000000080003072 (0xF931) c.bnez a0, 170
mem[X,0x0000000080002FC6] -> 0x0113
mem[X,0x0000000080002FC8] -> 0x0011
[1313] [M]: 0x0000000080002FC6 (0x00110113) addi sp, sp, 1
x2 <- 0xFF76DF56FF76E061
mem[X,0x0000000080002FCA] -> 0x006F
mem[X,0x0000000080002FCC] -> 0x0B40
[1314] [M]: 0x0000000080002FCA (0x0B40006F) jal zero, 180
mem[X,0x000000008000307E] -> 0xB823
mem[X,0x0000000080003080] -> 0x4620
[1315] [M]: 0x000000008000307E (0x4620B823) sd sp, 1136(ra)
mem[0x0000000080006588] <- 0xFF76DF56FF76E061
mem[X,0x0000000080003082] -> 0x0513
mem[X,0x0000000080003084] -> 0x0010
[1316] [M]: 0x0000000080003082 (0x00100513) addi a0, zero, 1
x10 <- 0x0000000000000001
mem[X,0x0000000080003086] -> 0x1513
mem[X,0x0000000080003088] -> 0x0315
[1317] [M]: 0x0000000080003086 (0x03151513) slli a0, a0, 49
x10 <- 0x0002000000000000
mem[X,0x000000008000308A] -> 0x4513
mem[X,0x000000008000308C] -> 0xFFF5
[1318] [M]: 0x000000008000308A (0xFFF54513) xori a0, a0, 4095
x10 <- 0xFFFDFFFFFFFFFFFF
mem[X,0x000000008000308E] -> 0xA031
[1319] [M]: 0x000000008000308E (0xA031) c.j 6
mem[X,0x000000008000309A] -> 0xED3D
[1320] [M]: 0x000000008000309A (0xED3D) c.bnez a0, 63
mem[X,0x0000000080003118] -> 0x010D
[1321] [M]: 0x0000000080003118 (0x010D) c.addi sp, 3
x2 <- 0xFF76DF56FF76E064
mem[X,0x000000008000311A] -> 0xBC23
mem[X,0x000000008000311C] -> 0x4620
[1322] [M]: 0x000000008000311A (0x4620BC23) sd sp, 1144(ra)
mem[0x0000000080006590] <- 0xFF76DF56FF76E064
mem[X,0x000000008000311E] -> 0x0513
mem[X,0x0000000080003120] -> 0x0010
[1323] [M]: 0x000000008000311E (0x00100513) addi a0, zero, 1
x10 <- 0x0000000000000001
mem[X,0x0000000080003122] -> 0x1513
mem[X,0x0000000080003124] -> 0x0325
[1324] [M]: 0x0000000080003122 (0x03251513) slli a0, a0, 50
x10 <- 0x0004000000000000
mem[X,0x0000000080003126] -> 0x4513
mem[X,0x0000000080003128] -> 0xFFF5
[1325] [M]: 0x0000000080003126 (0xFFF54513) xori a0, a0, 4095
x10 <- 0xFFFBFFFFFFFFFFFF
mem[X,0x000000008000312A] -> 0xA059
[1326] [M]: 0x000000008000312A (0xA059) c.j 67
mem[X,0x00000000800031B0] -> 0xFD3D
[1327] [M]: 0x00000000800031B0 (0xFD3D) c.bnez a0, 191
mem[X,0x000000008000312E] -> 0x0113
mem[X,0x0000000080003130] -> 0x0011
[1328] [M]: 0x000000008000312E (0x00110113) addi sp, sp, 1
x2 <- 0xFF76DF56FF76E065
mem[X,0x0000000080003132] -> 0x006F
mem[X,0x0000000080003134] -> 0x08A0
[1329] [M]: 0x0000000080003132 (0x08A0006F) jal zero, 138
mem[X,0x00000000800031BC] -> 0xB023
mem[X,0x00000000800031BE] -> 0x4820
[1330] [M]: 0x00000000800031BC (0x4820B023) sd sp, 1152(ra)
mem[0x0000000080006598] <- 0xFF76DF56FF76E065
mem[X,0x00000000800031C0] -> 0x0513
mem[X,0x00000000800031C2] -> 0x0010
[1331] [M]: 0x00000000800031C0 (0x00100513) addi a0, zero, 1
x10 <- 0x0000000000000001
mem[X,0x00000000800031C4] -> 0x1513
mem[X,0x00000000800031C6] -> 0x0335
[1332] [M]: 0x00000000800031C4 (0x03351513) slli a0, a0, 51
x10 <- 0x0008000000000000
mem[X,0x00000000800031C8] -> 0x4513
mem[X,0x00000000800031CA] -> 0xFFF5
[1333] [M]: 0x00000000800031C8 (0xFFF54513) xori a0, a0, 4095
x10 <- 0xFFF7FFFFFFFFFFFF
mem[X,0x00000000800031CC] -> 0xA031
[1334] [M]: 0x00000000800031CC (0xA031) c.j 6
mem[X,0x00000000800031D8] -> 0xE509
[1335] [M]: 0x00000000800031D8 (0xE509) c.bnez a0, 5
mem[X,0x00000000800031E2] -> 0x010D
[1336] [M]: 0x00000000800031E2 (0x010D) c.addi sp, 3
x2 <- 0xFF76DF56FF76E068
mem[X,0x00000000800031E4] -> 0xB423
mem[X,0x00000000800031E6] -> 0x4820
[1337] [M]: 0x00000000800031E4 (0x4820B423) sd sp, 1160(ra)
mem[0x00000000800065A0] <- 0xFF76DF56FF76E068
mem[X,0x00000000800031E8] -> 0x0513
mem[X,0x00000000800031EA] -> 0x0010
[1338] [M]: 0x00000000800031E8 (0x00100513) addi a0, zero, 1
x10 <- 0x0000000000000001
mem[X,0x00000000800031EC] -> 0x1513
mem[X,0x00000000800031EE] -> 0x0345
[1339] [M]: 0x00000000800031EC (0x03451513) slli a0, a0, 52
x10 <- 0x0010000000000000
mem[X,0x00000000800031F0] -> 0x4513
mem[X,0x00000000800031F2] -> 0xFFF5
[1340] [M]: 0x00000000800031F0 (0xFFF54513) xori a0, a0, 4095
x10 <- 0xFFEFFFFFFFFFFFFF
mem[X,0x00000000800031F4] -> 0xA031
[1341] [M]: 0x00000000800031F4 (0xA031) c.j 6
mem[X,0x0000000080003200] -> 0xE909
[1342] [M]: 0x0000000080003200 (0xE909) c.bnez a0, 9
mem[X,0x0000000080003212] -> 0x010D
[1343] [M]: 0x0000000080003212 (0x010D) c.addi sp, 3
x2 <- 0xFF76DF56FF76E06B
mem[X,0x0000000080003214] -> 0xB823
mem[X,0x0000000080003216] -> 0x4820
[1344] [M]: 0x0000000080003214 (0x4820B823) sd sp, 1168(ra)
mem[0x00000000800065A8] <- 0xFF76DF56FF76E06B
mem[X,0x0000000080003218] -> 0x0513
mem[X,0x000000008000321A] -> 0x0010
[1345] [M]: 0x0000000080003218 (0x00100513) addi a0, zero, 1
x10 <- 0x0000000000000001
mem[X,0x000000008000321C] -> 0x1513
mem[X,0x000000008000321E] -> 0x0355
[1346] [M]: 0x000000008000321C (0x03551513) slli a0, a0, 53
x10 <- 0x0020000000000000
mem[X,0x0000000080003220] -> 0x4513
mem[X,0x0000000080003222] -> 0xFFF5
[1347] [M]: 0x0000000080003220 (0xFFF54513) xori a0, a0, 4095
x10 <- 0xFFDFFFFFFFFFFFFF
mem[X,0x0000000080003224] -> 0xA031
[1348] [M]: 0x0000000080003224 (0xA031) c.j 6
mem[X,0x0000000080003230] -> 0xE509
[1349] [M]: 0x0000000080003230 (0xE509) c.bnez a0, 5
mem[X,0x000000008000323A] -> 0x010D
[1350] [M]: 0x000000008000323A (0x010D) c.addi sp, 3
x2 <- 0xFF76DF56FF76E06E
mem[X,0x000000008000323C] -> 0xBC23
mem[X,0x000000008000323E] -> 0x4820
[1351] [M]: 0x000000008000323C (0x4820BC23) sd sp, 1176(ra)
mem[0x00000000800065B0] <- 0xFF76DF56FF76E06E
mem[X,0x0000000080003240] -> 0x0513
mem[X,0x0000000080003242] -> 0x0010
[1352] [M]: 0x0000000080003240 (0x00100513) addi a0, zero, 1
x10 <- 0x0000000000000001
mem[X,0x0000000080003244] -> 0x1513
mem[X,0x0000000080003246] -> 0x0365
[1353] [M]: 0x0000000080003244 (0x03651513) slli a0, a0, 54
x10 <- 0x0040000000000000
mem[X,0x0000000080003248] -> 0x4513
mem[X,0x000000008000324A] -> 0xFFF5
[1354] [M]: 0x0000000080003248 (0xFFF54513) xori a0, a0, 4095
x10 <- 0xFFBFFFFFFFFFFFFF
mem[X,0x000000008000324C] -> 0xA031
[1355] [M]: 0x000000008000324C (0xA031) c.j 6
mem[X,0x0000000080003258] -> 0xE509
[1356] [M]: 0x0000000080003258 (0xE509) c.bnez a0, 5
mem[X,0x0000000080003262] -> 0x010D
[1357] [M]: 0x0000000080003262 (0x010D) c.addi sp, 3
x2 <- 0xFF76DF56FF76E071
mem[X,0x0000000080003264] -> 0xB023
mem[X,0x0000000080003266] -> 0x4A20
[1358] [M]: 0x0000000080003264 (0x4A20B023) sd sp, 1184(ra)
mem[0x00000000800065B8] <- 0xFF76DF56FF76E071
mem[X,0x0000000080003268] -> 0x006F
mem[X,0x000000008000326A] -> 0x0380
[1359] [M]: 0x0000000080003268 (0x0380006F) jal zero, 56
mem[X,0x00000000800032A0] -> 0x4085
[1360] [M]: 0x00000000800032A0 (0x4085) c.li ra, 1
x1 <- 0x0000000000000001
mem[X,0x00000000800032A2] -> 0x1F17
mem[X,0x00000000800032A4] -> 0x0000
[1361] [M]: 0x00000000800032A2 (0x00001F17) auipc t5, 1
x30 <- 0x00000000800042A2
mem[X,0x00000000800032A6] -> 0x2F23
mem[X,0x00000000800032A8] -> 0xD41F
[1362] [M]: 0x00000000800032A6 (0xD41F2F23) sw ra, 3422(t5)
htif[0x0000000080004000] <- 0x00000001
mem[X,0x00000000800032AA] -> 0xBFE5
[1363] [M]: 0x00000000800032AA (0xBFE5) c.j 2044
mem[X,0x00000000800032A2] -> 0x1F17
mem[X,0x00000000800032A4] -> 0x0000
[1364] [M]: 0x00000000800032A2 (0x00001F17) auipc t5, 1
x30 <- 0x00000000800042A2
mem[X,0x00000000800032A6] -> 0x2F23
mem[X,0x00000000800032A8] -> 0xD41F
[1365] [M]: 0x00000000800032A6 (0xD41F2F23) sw ra, 3422(t5)
htif[0x0000000080004000] <- 0x00000001
mem[X,0x00000000800032AA] -> 0xBFE5
[1366] [M]: 0x00000000800032AA (0xBFE5) c.j 2044
mem[X,0x00000000800032A2] -> 0x1F17
mem[X,0x00000000800032A4] -> 0x0000
[1367] [M]: 0x00000000800032A2 (0x00001F17) auipc t5, 1
x30 <- 0x00000000800042A2
mem[X,0x00000000800032A6] -> 0x2F23
mem[X,0x00000000800032A8] -> 0xD41F
[1368] [M]: 0x00000000800032A6 (0xD41F2F23) sw ra, 3422(t5)
htif[0x0000000080004000] <- 0x00000001
htif-syscall-proxy cmd: 0x000000000001
SUCCESS
