using /home/minami/vscode/github/riscv-cof/test/riscof_work/rv64i_m/I/src/jal-01.S/ref/Reference-sail_c_simulator.signature for test-signature output.
tohost located at 0x80123000
Running file ref.elf.
ELF Entry @ 0x80000000
begin_signature: 0x80125110
end_signature: 0x80125220
CSR mstatus <- 0x0000000A00000000 (input: 0x0000000000000000)
mem[X,0x0000000000001000] -> 0x0297
mem[X,0x0000000000001002] -> 0x0000
[0] [M]: 0x0000000000001000 (0x00000297) auipc t0, 0
x5 <- 0x0000000000001000
mem[X,0x0000000000001004] -> 0x8593
mem[X,0x0000000000001006] -> 0x0202
[1] [M]: 0x0000000000001004 (0x02028593) addi a1, t0, 32
x11 <- 0x0000000000001020
mem[X,0x0000000000001008] -> 0x2573
mem[X,0x000000000000100A] -> 0xF140
[2] [M]: 0x0000000000001008 (0xF1402573) csrrs a0, mhartid, zero
CSR mhartid -> 0x0000000000000000
x10 <- 0x0000000000000000
mem[X,0x000000000000100C] -> 0xB283
mem[X,0x000000000000100E] -> 0x0182
[3] [M]: 0x000000000000100C (0x0182B283) ld t0, 24(t0)
mem[R,0x0000000000001018] -> 0x0000000080000000
x5 <- 0x0000000080000000
mem[X,0x0000000000001010] -> 0x8067
mem[X,0x0000000000001012] -> 0x0002
[4] [M]: 0x0000000000001010 (0x00028067) jalr zero, t0, 0
mem[X,0x0000000080000000] -> 0xC0B7
mem[X,0x0000000080000002] -> 0xFEED
[5] [M]: 0x0000000080000000 (0xFEEDC0B7) lui ra, 1044188
x1 <- 0xFFFFFFFFFEEDC000
mem[X,0x0000000080000004] -> 0x8093
mem[X,0x0000000080000006] -> 0xEAD0
[6] [M]: 0x0000000080000004 (0xEAD08093) addi ra, ra, 3757
x1 <- 0xFFFFFFFFFEEDBEAD
mem[X,0x0000000080000008] -> 0x9093
mem[X,0x000000008000000A] -> 0x00B0
[7] [M]: 0x0000000080000008 (0x00B09093) slli ra, ra, 11
x1 <- 0xFFFFFFF76DF56800
mem[X,0x000000008000000C] -> 0x8093
mem[X,0x000000008000000E] -> 0x7F70
[8] [M]: 0x000000008000000C (0x7F708093) addi ra, ra, 2039
x1 <- 0xFFFFFFF76DF56FF7
mem[X,0x0000000080000010] -> 0x9093
mem[X,0x0000000080000012] -> 0x00B0
[9] [M]: 0x0000000080000010 (0x00B09093) slli ra, ra, 11
x1 <- 0xFFFFBB6FAB7FB800
mem[X,0x0000000080000014] -> 0x8093
mem[X,0x0000000080000016] -> 0x36F0
[10] [M]: 0x0000000080000014 (0x36F08093) addi ra, ra, 879
x1 <- 0xFFFFBB6FAB7FBB6F
mem[X,0x0000000080000018] -> 0x9093
mem[X,0x000000008000001A] -> 0x00A0
[11] [M]: 0x0000000080000018 (0x00A09093) slli ra, ra, 10
x1 <- 0xFEEDBEADFEEDBC00
mem[X,0x000000008000001C] -> 0x8093
mem[X,0x000000008000001E] -> 0x2AD0
[12] [M]: 0x000000008000001C (0x2AD08093) addi ra, ra, 685
x1 <- 0xFEEDBEADFEEDBEAD
mem[X,0x0000000080000020] -> 0xE137
mem[X,0x0000000080000022] -> 0xFF76
[13] [M]: 0x0000000080000020 (0xFF76E137) lui sp, 1046382
x2 <- 0xFFFFFFFFFF76E000
mem[X,0x0000000080000024] -> 0x0113
mem[X,0x0000000080000026] -> 0xF561
[14] [M]: 0x0000000080000024 (0xF5610113) addi sp, sp, 3926
x2 <- 0xFFFFFFFFFF76DF56
mem[X,0x0000000080000028] -> 0x1113
mem[X,0x000000008000002A] -> 0x00B1
[15] [M]: 0x0000000080000028 (0x00B11113) slli sp, sp, 11
x2 <- 0xFFFFFFFBB6FAB000
mem[X,0x000000008000002C] -> 0x0113
mem[X,0x000000008000002E] -> 0x7FB1
[16] [M]: 0x000000008000002C (0x7FB10113) addi sp, sp, 2043
x2 <- 0xFFFFFFFBB6FAB7FB
mem[X,0x0000000080000030] -> 0x1113
mem[X,0x0000000080000032] -> 0x00B1
[17] [M]: 0x0000000080000030 (0x00B11113) slli sp, sp, 11
x2 <- 0xFFFFDDB7D5BFD800
mem[X,0x0000000080000034] -> 0x0113
mem[X,0x0000000080000036] -> 0x5B71
[18] [M]: 0x0000000080000034 (0x5B710113) addi sp, sp, 1463
x2 <- 0xFFFFDDB7D5BFDDB7
mem[X,0x0000000080000038] -> 0x1113
mem[X,0x000000008000003A] -> 0x00A1
[19] [M]: 0x0000000080000038 (0x00A11113) slli sp, sp, 10
x2 <- 0xFF76DF56FF76DC00
mem[X,0x000000008000003C] -> 0x0113
mem[X,0x000000008000003E] -> 0x3561
[20] [M]: 0x000000008000003C (0x35610113) addi sp, sp, 854
x2 <- 0xFF76DF56FF76DF56
mem[X,0x0000000080000040] -> 0x71B7
mem[X,0x0000000080000042] -> 0x7FBB
[21] [M]: 0x0000000080000040 (0x7FBB71B7) lui gp, 523191
x3 <- 0x000000007FBB7000
mem[X,0x0000000080000044] -> 0x8193
mem[X,0x0000000080000046] -> 0xFAB1
[22] [M]: 0x0000000080000044 (0xFAB18193) addi gp, gp, 4011
x3 <- 0x000000007FBB6FAB
mem[X,0x0000000080000048] -> 0x9193
mem[X,0x000000008000004A] -> 0x00B1
[23] [M]: 0x0000000080000048 (0x00B19193) slli gp, gp, 11
x3 <- 0x000003FDDB7D5800
mem[X,0x000000008000004C] -> 0x8193
mem[X,0x000000008000004E] -> 0x3FD1
[24] [M]: 0x000000008000004C (0x3FD18193) addi gp, gp, 1021
x3 <- 0x000003FDDB7D5BFD
mem[X,0x0000000080000050] -> 0x9193
mem[X,0x0000000080000052] -> 0x00B1
[25] [M]: 0x0000000080000050 (0x00B19193) slli gp, gp, 11
x3 <- 0x001FEEDBEADFE800
mem[X,0x0000000080000054] -> 0x8193
mem[X,0x0000000080000056] -> 0x6DB1
[26] [M]: 0x0000000080000054 (0x6DB18193) addi gp, gp, 1755
x3 <- 0x001FEEDBEADFEEDB
mem[X,0x0000000080000058] -> 0x9193
mem[X,0x000000008000005A] -> 0x00A1
[27] [M]: 0x0000000080000058 (0x00A19193) slli gp, gp, 10
x3 <- 0x7FBB6FAB7FBB6C00
mem[X,0x000000008000005C] -> 0x8193
mem[X,0x000000008000005E] -> 0x3AB1
[28] [M]: 0x000000008000005C (0x3AB18193) addi gp, gp, 939
x3 <- 0x7FBB6FAB7FBB6FAB
mem[X,0x0000000080000060] -> 0xB237
mem[X,0x0000000080000062] -> 0xBFDD
[29] [M]: 0x0000000080000060 (0xBFDDB237) lui tp, 785883
x4 <- 0xFFFFFFFFBFDDB000
mem[X,0x0000000080000064] -> 0x0213
mem[X,0x0000000080000066] -> 0x7D52
[30] [M]: 0x0000000080000064 (0x7D520213) addi tp, tp, 2005
x4 <- 0xFFFFFFFFBFDDB7D5
mem[X,0x0000000080000068] -> 0x1213
mem[X,0x000000008000006A] -> 0x00B2
[31] [M]: 0x0000000080000068 (0x00B21213) slli tp, tp, 11
x4 <- 0xFFFFFDFEEDBEA800
mem[X,0x000000008000006C] -> 0x0213
mem[X,0x000000008000006E] -> 0x5FE2
[32] [M]: 0x000000008000006C (0x5FE20213) addi tp, tp, 1534
x4 <- 0xFFFFFDFEEDBEADFE
mem[X,0x0000000080000070] -> 0x1213
mem[X,0x0000000080000072] -> 0x00B2
[33] [M]: 0x0000000080000070 (0x00B21213) slli tp, tp, 11
x4 <- 0xFFEFF76DF56FF000
mem[X,0x0000000080000074] -> 0x0213
mem[X,0x0000000080000076] -> 0x76D2
[34] [M]: 0x0000000080000074 (0x76D20213) addi tp, tp, 1901
x4 <- 0xFFEFF76DF56FF76D
mem[X,0x0000000080000078] -> 0x1213
mem[X,0x000000008000007A] -> 0x00A2
[35] [M]: 0x0000000080000078 (0x00A21213) slli tp, tp, 10
x4 <- 0xBFDDB7D5BFDDB400
mem[X,0x000000008000007C] -> 0x0213
mem[X,0x000000008000007E] -> 0x3D52
[36] [M]: 0x000000008000007C (0x3D520213) addi tp, tp, 981
x4 <- 0xBFDDB7D5BFDDB7D5
mem[X,0x0000000080000080] -> 0xE2B7
mem[X,0x0000000080000082] -> 0xDFEE
[37] [M]: 0x0000000080000080 (0xDFEEE2B7) lui t0, 917230
x5 <- 0xFFFFFFFFDFEEE000
mem[X,0x0000000080000084] -> 0x8293
mem[X,0x0000000080000086] -> 0xBEA2
[38] [M]: 0x0000000080000084 (0xBEA28293) addi t0, t0, 3050
x5 <- 0xFFFFFFFFDFEEDBEA
mem[X,0x0000000080000088] -> 0x9293
mem[X,0x000000008000008A] -> 0x00B2
[39] [M]: 0x0000000080000088 (0x00B29293) slli t0, t0, 11
x5 <- 0xFFFFFEFF76DF5000
mem[X,0x000000008000008C] -> 0x8293
mem[X,0x000000008000008E] -> 0x6FF2
[40] [M]: 0x000000008000008C (0x6FF28293) addi t0, t0, 1791
x5 <- 0xFFFFFEFF76DF56FF
mem[X,0x0000000080000090] -> 0x9293
mem[X,0x0000000080000092] -> 0x00B2
[41] [M]: 0x0000000080000090 (0x00B29293) slli t0, t0, 11
x5 <- 0xFFF7FBB6FAB7F800
mem[X,0x0000000080000094] -> 0x8293
mem[X,0x0000000080000096] -> 0x3B62
[42] [M]: 0x0000000080000094 (0x3B628293) addi t0, t0, 950
x5 <- 0xFFF7FBB6FAB7FBB6
mem[X,0x0000000080000098] -> 0x9293
mem[X,0x000000008000009A] -> 0x00A2
[43] [M]: 0x0000000080000098 (0x00A29293) slli t0, t0, 10
x5 <- 0xDFEEDBEADFEED800
mem[X,0x000000008000009C] -> 0x8293
mem[X,0x000000008000009E] -> 0x3EA2
[44] [M]: 0x000000008000009C (0x3EA28293) addi t0, t0, 1002
x5 <- 0xDFEEDBEADFEEDBEA
mem[X,0x00000000800000A0] -> 0x7337
mem[X,0x00000000800000A2] -> 0x6FF7
[45] [M]: 0x00000000800000A0 (0x6FF77337) lui t1, 458615
x6 <- 0x000000006FF77000
mem[X,0x00000000800000A4] -> 0x0313
mem[X,0x00000000800000A6] -> 0xDF53
[46] [M]: 0x00000000800000A4 (0xDF530313) addi t1, t1, 3573
x6 <- 0x000000006FF76DF5
mem[X,0x00000000800000A8] -> 0x1313
mem[X,0x00000000800000AA] -> 0x00B3
[47] [M]: 0x00000000800000A8 (0x00B31313) slli t1, t1, 11
x6 <- 0x0000037FBB6FA800
mem[X,0x00000000800000AC] -> 0x0313
mem[X,0x00000000800000AE] -> 0x37F3
[48] [M]: 0x00000000800000AC (0x37F30313) addi t1, t1, 895
x6 <- 0x0000037FBB6FAB7F
mem[X,0x00000000800000B0] -> 0x1313
mem[X,0x00000000800000B2] -> 0x00B3
[49] [M]: 0x00000000800000B0 (0x00B31313) slli t1, t1, 11
x6 <- 0x001BFDDB7D5BF800
mem[X,0x00000000800000B4] -> 0x0313
mem[X,0x00000000800000B6] -> 0x5DB3
[50] [M]: 0x00000000800000B4 (0x5DB30313) addi t1, t1, 1499
x6 <- 0x001BFDDB7D5BFDDB
mem[X,0x00000000800000B8] -> 0x1313
mem[X,0x00000000800000BA] -> 0x00A3
[51] [M]: 0x00000000800000B8 (0x00A31313) slli t1, t1, 10
x6 <- 0x6FF76DF56FF76C00
mem[X,0x00000000800000BC] -> 0x0313
mem[X,0x00000000800000BE] -> 0x1F53
[52] [M]: 0x00000000800000BC (0x1F530313) addi t1, t1, 501
x6 <- 0x6FF76DF56FF76DF5
mem[X,0x00000000800000C0] -> 0xB3B7
mem[X,0x00000000800000C2] -> 0xB7FB
[53] [M]: 0x00000000800000C0 (0xB7FBB3B7) lui t2, 753595
x7 <- 0xFFFFFFFFB7FBB000
mem[X,0x00000000800000C4] -> 0x8393
mem[X,0x00000000800000C6] -> 0x6FA3
[54] [M]: 0x00000000800000C4 (0x6FA38393) addi t2, t2, 1786
x7 <- 0xFFFFFFFFB7FBB6FA
mem[X,0x00000000800000C8] -> 0x9393
mem[X,0x00000000800000CA] -> 0x00B3
[55] [M]: 0x00000000800000C8 (0x00B39393) slli t2, t2, 11
x7 <- 0xFFFFFDBFDDB7D000
mem[X,0x00000000800000CC] -> 0x8393
mem[X,0x00000000800000CE] -> 0x5BF3
[56] [M]: 0x00000000800000CC (0x5BF38393) addi t2, t2, 1471
x7 <- 0xFFFFFDBFDDB7D5BF
mem[X,0x00000000800000D0] -> 0x9393
mem[X,0x00000000800000D2] -> 0x00B3
[57] [M]: 0x00000000800000D0 (0x00B39393) slli t2, t2, 11
x7 <- 0xFFEDFEEDBEADF800
mem[X,0x00000000800000D4] -> 0x8393
mem[X,0x00000000800000D6] -> 0x6ED3
[58] [M]: 0x00000000800000D4 (0x6ED38393) addi t2, t2, 1773
x7 <- 0xFFEDFEEDBEADFEED
mem[X,0x00000000800000D8] -> 0x9393
mem[X,0x00000000800000DA] -> 0x00A3
[59] [M]: 0x00000000800000D8 (0x00A39393) slli t2, t2, 10
x7 <- 0xB7FBB6FAB7FBB400
mem[X,0x00000000800000DC] -> 0x8393
mem[X,0x00000000800000DE] -> 0x2FA3
[60] [M]: 0x00000000800000DC (0x2FA38393) addi t2, t2, 762
x7 <- 0xB7FBB6FAB7FBB6FA
mem[X,0x00000000800000E0] -> 0xE437
mem[X,0x00000000800000E2] -> 0x5BFD
[61] [M]: 0x00000000800000E0 (0x5BFDE437) lui fp, 376798
x8 <- 0x000000005BFDE000
mem[X,0x00000000800000E4] -> 0x0413
mem[X,0x00000000800000E6] -> 0xB7D4
[62] [M]: 0x00000000800000E4 (0xB7D40413) addi fp, fp, 2941
x8 <- 0x000000005BFDDB7D
mem[X,0x00000000800000E8] -> 0x1413
mem[X,0x00000000800000EA] -> 0x00B4
[63] [M]: 0x00000000800000E8 (0x00B41413) slli fp, fp, 11
x8 <- 0x000002DFEEDBE800
mem[X,0x00000000800000EC] -> 0x0413
mem[X,0x00000000800000EE] -> 0x2DF4
[64] [M]: 0x00000000800000EC (0x2DF40413) addi fp, fp, 735
x8 <- 0x000002DFEEDBEADF
mem[X,0x00000000800000F0] -> 0x1413
mem[X,0x00000000800000F2] -> 0x00B4
[65] [M]: 0x00000000800000F0 (0x00B41413) slli fp, fp, 11
x8 <- 0x0016FF76DF56F800
mem[X,0x00000000800000F4] -> 0x0413
mem[X,0x00000000800000F6] -> 0x7764
[66] [M]: 0x00000000800000F4 (0x77640413) addi fp, fp, 1910
x8 <- 0x0016FF76DF56FF76
mem[X,0x00000000800000F8] -> 0x1413
mem[X,0x00000000800000FA] -> 0x00A4
[67] [M]: 0x00000000800000F8 (0x00A41413) slli fp, fp, 10
x8 <- 0x5BFDDB7D5BFDD800
mem[X,0x00000000800000FC] -> 0x0413
mem[X,0x00000000800000FE] -> 0x37D4
[68] [M]: 0x00000000800000FC (0x37D40413) addi fp, fp, 893
x8 <- 0x5BFDDB7D5BFDDB7D
mem[X,0x0000000080000100] -> 0xF4B7
mem[X,0x0000000080000102] -> 0xADFE
[69] [M]: 0x0000000080000100 (0xADFEF4B7) lui s1, 712687
x9 <- 0xFFFFFFFFADFEF000
mem[X,0x0000000080000104] -> 0x8493
mem[X,0x0000000080000106] -> 0xDBE4
[70] [M]: 0x0000000080000104 (0xDBE48493) addi s1, s1, 3518
x9 <- 0xFFFFFFFFADFEEDBE
mem[X,0x0000000080000108] -> 0x9493
mem[X,0x000000008000010A] -> 0x00B4
[71] [M]: 0x0000000080000108 (0x00B49493) slli s1, s1, 11
x9 <- 0xFFFFFD6FF76DF000
mem[X,0x000000008000010C] -> 0x8493
mem[X,0x000000008000010E] -> 0x56F4
[72] [M]: 0x000000008000010C (0x56F48493) addi s1, s1, 1391
x9 <- 0xFFFFFD6FF76DF56F
mem[X,0x0000000080000110] -> 0x9493
mem[X,0x0000000080000112] -> 0x00B4
[73] [M]: 0x0000000080000110 (0x00B49493) slli s1, s1, 11
x9 <- 0xFFEB7FBB6FAB7800
mem[X,0x0000000080000114] -> 0x8493
mem[X,0x0000000080000116] -> 0x7BB4
[74] [M]: 0x0000000080000114 (0x7BB48493) addi s1, s1, 1979
x9 <- 0xFFEB7FBB6FAB7FBB
mem[X,0x0000000080000118] -> 0x9493
mem[X,0x000000008000011A] -> 0x00A4
[75] [M]: 0x0000000080000118 (0x00A49493) slli s1, s1, 10
x9 <- 0xADFEEDBEADFEEC00
mem[X,0x000000008000011C] -> 0x8493
mem[X,0x000000008000011E] -> 0x1BE4
[76] [M]: 0x000000008000011C (0x1BE48493) addi s1, s1, 446
x9 <- 0xADFEEDBEADFEEDBE
mem[X,0x0000000080000120] -> 0x7537
mem[X,0x0000000080000122] -> 0x56FF
[77] [M]: 0x0000000080000120 (0x56FF7537) lui a0, 356343
x10 <- 0x0000000056FF7000
mem[X,0x0000000080000124] -> 0x0513
mem[X,0x0000000080000126] -> 0x6DF5
[78] [M]: 0x0000000080000124 (0x6DF50513) addi a0, a0, 1759
x10 <- 0x0000000056FF76DF
mem[X,0x0000000080000128] -> 0x1513
mem[X,0x000000008000012A] -> 0x00B5
[79] [M]: 0x0000000080000128 (0x00B51513) slli a0, a0, 11
x10 <- 0x000002B7FBB6F800
mem[X,0x000000008000012C] -> 0x0513
mem[X,0x000000008000012E] -> 0x2B75
[80] [M]: 0x000000008000012C (0x2B750513) addi a0, a0, 695
x10 <- 0x000002B7FBB6FAB7
mem[X,0x0000000080000130] -> 0x1513
mem[X,0x0000000080000132] -> 0x00B5
[81] [M]: 0x0000000080000130 (0x00B51513) slli a0, a0, 11
x10 <- 0x0015BFDDB7D5B800
mem[X,0x0000000080000134] -> 0x0513
mem[X,0x0000000080000136] -> 0x7DD5
[82] [M]: 0x0000000080000134 (0x7DD50513) addi a0, a0, 2013
x10 <- 0x0015BFDDB7D5BFDD
mem[X,0x0000000080000138] -> 0x1513
mem[X,0x000000008000013A] -> 0x00A5
[83] [M]: 0x0000000080000138 (0x00A51513) slli a0, a0, 10
x10 <- 0x56FF76DF56FF7400
mem[X,0x000000008000013C] -> 0x0513
mem[X,0x000000008000013E] -> 0x2DF5
[84] [M]: 0x000000008000013C (0x2DF50513) addi a0, a0, 735
x10 <- 0x56FF76DF56FF76DF
mem[X,0x0000000080000140] -> 0xC5B7
mem[X,0x0000000080000142] -> 0xAB7F
[85] [M]: 0x0000000080000140 (0xAB7FC5B7) lui a1, 702460
x11 <- 0xFFFFFFFFAB7FC000
mem[X,0x0000000080000144] -> 0x8593
mem[X,0x0000000080000146] -> 0xB6F5
[86] [M]: 0x0000000080000144 (0xB6F58593) addi a1, a1, 2927
x11 <- 0xFFFFFFFFAB7FBB6F
mem[X,0x0000000080000148] -> 0x9593
mem[X,0x000000008000014A] -> 0x00B5
[87] [M]: 0x0000000080000148 (0x00B59593) slli a1, a1, 11
x11 <- 0xFFFFFD5BFDDB7800
mem[X,0x000000008000014C] -> 0x8593
mem[X,0x000000008000014E] -> 0x55B5
[88] [M]: 0x000000008000014C (0x55B58593) addi a1, a1, 1371
x11 <- 0xFFFFFD5BFDDB7D5B
mem[X,0x0000000080000150] -> 0x9593
mem[X,0x0000000080000152] -> 0x00B5
[89] [M]: 0x0000000080000150 (0x00B59593) slli a1, a1, 11
x11 <- 0xFFEADFEEDBEAD800
mem[X,0x0000000080000154] -> 0x8593
mem[X,0x0000000080000156] -> 0x7EE5
[90] [M]: 0x0000000080000154 (0x7EE58593) addi a1, a1, 2030
x11 <- 0xFFEADFEEDBEADFEE
mem[X,0x0000000080000158] -> 0x9593
mem[X,0x000000008000015A] -> 0x00A5
[91] [M]: 0x0000000080000158 (0x00A59593) slli a1, a1, 10
x11 <- 0xAB7FBB6FAB7FB800
mem[X,0x000000008000015C] -> 0x8593
mem[X,0x000000008000015E] -> 0x36F5
[92] [M]: 0x000000008000015C (0x36F58593) addi a1, a1, 879
x11 <- 0xAB7FBB6FAB7FBB6F
mem[X,0x0000000080000160] -> 0xE637
mem[X,0x0000000080000162] -> 0xD5BF
[93] [M]: 0x0000000080000160 (0xD5BFE637) lui a2, 875518
x12 <- 0xFFFFFFFFD5BFE000
mem[X,0x0000000080000164] -> 0x0613
mem[X,0x0000000080000166] -> 0xDB76
[94] [M]: 0x0000000080000164 (0xDB760613) addi a2, a2, 3511
x12 <- 0xFFFFFFFFD5BFDDB7
mem[X,0x0000000080000168] -> 0x1613
mem[X,0x000000008000016A] -> 0x00B6
[95] [M]: 0x0000000080000168 (0x00B61613) slli a2, a2, 11
x12 <- 0xFFFFFEADFEEDB800
mem[X,0x000000008000016C] -> 0x0613
mem[X,0x000000008000016E] -> 0x6AD6
[96] [M]: 0x000000008000016C (0x6AD60613) addi a2, a2, 1709
x12 <- 0xFFFFFEADFEEDBEAD
mem[X,0x0000000080000170] -> 0x1613
mem[X,0x0000000080000172] -> 0x00B6
[97] [M]: 0x0000000080000170 (0x00B61613) slli a2, a2, 11
x12 <- 0xFFF56FF76DF56800
mem[X,0x0000000080000174] -> 0x0613
mem[X,0x0000000080000176] -> 0x7F76
[98] [M]: 0x0000000080000174 (0x7F760613) addi a2, a2, 2039
x12 <- 0xFFF56FF76DF56FF7
mem[X,0x0000000080000178] -> 0x1613
mem[X,0x000000008000017A] -> 0x00A6
[99] [M]: 0x0000000080000178 (0x00A61613) slli a2, a2, 10
x12 <- 0xD5BFDDB7D5BFDC00
clint::tick mtime <- 0x0000000000000001
 clint timer pending at mtime 0x0000000000000001
htif::tick 0x0000000000000000
mem[X,0x000000008000017C] -> 0x0613
mem[X,0x000000008000017E] -> 0x1B76
[100] [M]: 0x000000008000017C (0x1B760613) addi a2, a2, 439
x12 <- 0xD5BFDDB7D5BFDDB7
mem[X,0x0000000080000180] -> 0xF6B7
mem[X,0x0000000080000182] -> 0xEADF
[101] [M]: 0x0000000080000180 (0xEADFF6B7) lui a3, 962047
x13 <- 0xFFFFFFFFEADFF000
mem[X,0x0000000080000184] -> 0x8693
mem[X,0x0000000080000186] -> 0xEDB6
[102] [M]: 0x0000000080000184 (0xEDB68693) addi a3, a3, 3803
x13 <- 0xFFFFFFFFEADFEEDB
mem[X,0x0000000080000188] -> 0x9693
mem[X,0x000000008000018A] -> 0x00B6
[103] [M]: 0x0000000080000188 (0x00B69693) slli a3, a3, 11
x13 <- 0xFFFFFF56FF76D800
mem[X,0x000000008000018C] -> 0x8693
mem[X,0x000000008000018E] -> 0x7566
[104] [M]: 0x000000008000018C (0x75668693) addi a3, a3, 1878
x13 <- 0xFFFFFF56FF76DF56
mem[X,0x0000000080000190] -> 0x9693
mem[X,0x0000000080000192] -> 0x00B6
[105] [M]: 0x0000000080000190 (0x00B69693) slli a3, a3, 11
x13 <- 0xFFFAB7FBB6FAB000
mem[X,0x0000000080000194] -> 0x8693
mem[X,0x0000000080000196] -> 0x7FB6
[106] [M]: 0x0000000080000194 (0x7FB68693) addi a3, a3, 2043
x13 <- 0xFFFAB7FBB6FAB7FB
mem[X,0x0000000080000198] -> 0x9693
mem[X,0x000000008000019A] -> 0x00A6
[107] [M]: 0x0000000080000198 (0x00A69693) slli a3, a3, 10
x13 <- 0xEADFEEDBEADFEC00
mem[X,0x000000008000019C] -> 0x8693
mem[X,0x000000008000019E] -> 0x2DB6
[108] [M]: 0x000000008000019C (0x2DB68693) addi a3, a3, 731
x13 <- 0xEADFEEDBEADFEEDB
mem[X,0x00000000800001A0] -> 0xF737
mem[X,0x00000000800001A2] -> 0xF56F
[109] [M]: 0x00000000800001A0 (0xF56FF737) lui a4, 1005311
x14 <- 0xFFFFFFFFF56FF000
mem[X,0x00000000800001A4] -> 0x0713
mem[X,0x00000000800001A6] -> 0x76D7
[110] [M]: 0x00000000800001A4 (0x76D70713) addi a4, a4, 1901
x14 <- 0xFFFFFFFFF56FF76D
mem[X,0x00000000800001A8] -> 0x1713
mem[X,0x00000000800001AA] -> 0x00B7
[111] [M]: 0x00000000800001A8 (0x00B71713) slli a4, a4, 11
x14 <- 0xFFFFFFAB7FBB6800
mem[X,0x00000000800001AC] -> 0x0713
mem[X,0x00000000800001AE] -> 0x7AB7
[112] [M]: 0x00000000800001AC (0x7AB70713) addi a4, a4, 1963
x14 <- 0xFFFFFFAB7FBB6FAB
mem[X,0x00000000800001B0] -> 0x1713
mem[X,0x00000000800001B2] -> 0x00B7
[113] [M]: 0x00000000800001B0 (0x00B71713) slli a4, a4, 11
x14 <- 0xFFFD5BFDDB7D5800
mem[X,0x00000000800001B4] -> 0x0713
mem[X,0x00000000800001B6] -> 0x3FD7
[114] [M]: 0x00000000800001B4 (0x3FD70713) addi a4, a4, 1021
x14 <- 0xFFFD5BFDDB7D5BFD
mem[X,0x00000000800001B8] -> 0x1713
mem[X,0x00000000800001BA] -> 0x00A7
[115] [M]: 0x00000000800001B8 (0x00A71713) slli a4, a4, 10
x14 <- 0xF56FF76DF56FF400
mem[X,0x00000000800001BC] -> 0x0713
mem[X,0x00000000800001BE] -> 0x36D7
[116] [M]: 0x00000000800001BC (0x36D70713) addi a4, a4, 877
x14 <- 0xF56FF76DF56FF76D
mem[X,0x00000000800001C0] -> 0x07B7
mem[X,0x00000000800001C2] -> 0xFAB8
[117] [M]: 0x00000000800001C0 (0xFAB807B7) lui a5, 1026944
x15 <- 0xFFFFFFFFFAB80000
mem[X,0x00000000800001C4] -> 0x8793
mem[X,0x00000000800001C6] -> 0xBB67
[118] [M]: 0x00000000800001C4 (0xBB678793) addi a5, a5, 2998
x15 <- 0xFFFFFFFFFAB7FBB6
mem[X,0x00000000800001C8] -> 0x9793
mem[X,0x00000000800001CA] -> 0x00B7
[119] [M]: 0x00000000800001C8 (0x00B79793) slli a5, a5, 11
x15 <- 0xFFFFFFD5BFDDB000
mem[X,0x00000000800001CC] -> 0x8793
mem[X,0x00000000800001CE] -> 0x7D57
[120] [M]: 0x00000000800001CC (0x7D578793) addi a5, a5, 2005
x15 <- 0xFFFFFFD5BFDDB7D5
mem[X,0x00000000800001D0] -> 0x9793
mem[X,0x00000000800001D2] -> 0x00B7
[121] [M]: 0x00000000800001D0 (0x00B79793) slli a5, a5, 11
x15 <- 0xFFFEADFEEDBEA800
mem[X,0x00000000800001D4] -> 0x8793
mem[X,0x00000000800001D6] -> 0x5FE7
[122] [M]: 0x00000000800001D4 (0x5FE78793) addi a5, a5, 1534
x15 <- 0xFFFEADFEEDBEADFE
mem[X,0x00000000800001D8] -> 0x9793
mem[X,0x00000000800001DA] -> 0x00A7
[123] [M]: 0x00000000800001D8 (0x00A79793) slli a5, a5, 10
x15 <- 0xFAB7FBB6FAB7F800
mem[X,0x00000000800001DC] -> 0x8793
mem[X,0x00000000800001DE] -> 0x3B67
[124] [M]: 0x00000000800001DC (0x3B678793) addi a5, a5, 950
x15 <- 0xFAB7FBB6FAB7FBB6
mem[X,0x00000000800001E0] -> 0x0837
mem[X,0x00000000800001E2] -> 0x7D5C
[125] [M]: 0x00000000800001E0 (0x7D5C0837) lui a6, 513472
x16 <- 0x000000007D5C0000
mem[X,0x00000000800001E4] -> 0x0813
mem[X,0x00000000800001E6] -> 0xDDB8
[126] [M]: 0x00000000800001E4 (0xDDB80813) addi a6, a6, 3547
x16 <- 0x000000007D5BFDDB
mem[X,0x00000000800001E8] -> 0x1813
mem[X,0x00000000800001EA] -> 0x00B8
[127] [M]: 0x00000000800001E8 (0x00B81813) slli a6, a6, 11
x16 <- 0x000003EADFEED800
mem[X,0x00000000800001EC] -> 0x0813
mem[X,0x00000000800001EE] -> 0x3EA8
[128] [M]: 0x00000000800001EC (0x3EA80813) addi a6, a6, 1002
x16 <- 0x000003EADFEEDBEA
mem[X,0x00000000800001F0] -> 0x1813
mem[X,0x00000000800001F2] -> 0x00B8
[129] [M]: 0x00000000800001F0 (0x00B81813) slli a6, a6, 11
x16 <- 0x001F56FF76DF5000
mem[X,0x00000000800001F4] -> 0x0813
mem[X,0x00000000800001F6] -> 0x6FF8
[130] [M]: 0x00000000800001F4 (0x6FF80813) addi a6, a6, 1791
x16 <- 0x001F56FF76DF56FF
mem[X,0x00000000800001F8] -> 0x1813
mem[X,0x00000000800001FA] -> 0x00A8
[131] [M]: 0x00000000800001F8 (0x00A81813) slli a6, a6, 10
x16 <- 0x7D5BFDDB7D5BFC00
mem[X,0x00000000800001FC] -> 0x0813
mem[X,0x00000000800001FE] -> 0x1DB8
[132] [M]: 0x00000000800001FC (0x1DB80813) addi a6, a6, 475
x16 <- 0x7D5BFDDB7D5BFDDB
mem[X,0x0000000080000200] -> 0x08B7
mem[X,0x0000000080000202] -> 0xBEAE
[133] [M]: 0x0000000080000200 (0xBEAE08B7) lui a7, 781024
x17 <- 0xFFFFFFFFBEAE0000
mem[X,0x0000000080000204] -> 0x8893
mem[X,0x0000000080000206] -> 0xEED8
[134] [M]: 0x0000000080000204 (0xEED88893) addi a7, a7, 3821
x17 <- 0xFFFFFFFFBEADFEED
mem[X,0x0000000080000208] -> 0x9893
mem[X,0x000000008000020A] -> 0x00B8
[135] [M]: 0x0000000080000208 (0x00B89893) slli a7, a7, 11
x17 <- 0xFFFFFDF56FF76800
mem[X,0x000000008000020C] -> 0x8893
mem[X,0x000000008000020E] -> 0x5F58
[136] [M]: 0x000000008000020C (0x5F588893) addi a7, a7, 1525
x17 <- 0xFFFFFDF56FF76DF5
mem[X,0x0000000080000210] -> 0x9893
mem[X,0x0000000080000212] -> 0x00B8
[137] [M]: 0x0000000080000210 (0x00B89893) slli a7, a7, 11
x17 <- 0xFFEFAB7FBB6FA800
mem[X,0x0000000080000214] -> 0x8893
mem[X,0x0000000080000216] -> 0x37F8
[138] [M]: 0x0000000080000214 (0x37F88893) addi a7, a7, 895
x17 <- 0xFFEFAB7FBB6FAB7F
mem[X,0x0000000080000218] -> 0x9893
mem[X,0x000000008000021A] -> 0x00A8
[139] [M]: 0x0000000080000218 (0x00A89893) slli a7, a7, 10
x17 <- 0xBEADFEEDBEADFC00
mem[X,0x000000008000021C] -> 0x8893
mem[X,0x000000008000021E] -> 0x2ED8
[140] [M]: 0x000000008000021C (0x2ED88893) addi a7, a7, 749
x17 <- 0xBEADFEEDBEADFEED
mem[X,0x0000000080000220] -> 0x0937
mem[X,0x0000000080000222] -> 0xDF57
[141] [M]: 0x0000000080000220 (0xDF570937) lui s2, 914800
x18 <- 0xFFFFFFFFDF570000
mem[X,0x0000000080000224] -> 0x0913
mem[X,0x0000000080000226] -> 0xF769
[142] [M]: 0x0000000080000224 (0xF7690913) addi s2, s2, 3958
x18 <- 0xFFFFFFFFDF56FF76
mem[X,0x0000000080000228] -> 0x1913
mem[X,0x000000008000022A] -> 0x00B9
[143] [M]: 0x0000000080000228 (0x00B91913) slli s2, s2, 11
x18 <- 0xFFFFFEFAB7FBB000
mem[X,0x000000008000022C] -> 0x0913
mem[X,0x000000008000022E] -> 0x6FA9
[144] [M]: 0x000000008000022C (0x6FA90913) addi s2, s2, 1786
x18 <- 0xFFFFFEFAB7FBB6FA
mem[X,0x0000000080000230] -> 0x1913
mem[X,0x0000000080000232] -> 0x00B9
[145] [M]: 0x0000000080000230 (0x00B91913) slli s2, s2, 11
x18 <- 0xFFF7D5BFDDB7D000
mem[X,0x0000000080000234] -> 0x0913
mem[X,0x0000000080000236] -> 0x5BF9
[146] [M]: 0x0000000080000234 (0x5BF90913) addi s2, s2, 1471
x18 <- 0xFFF7D5BFDDB7D5BF
mem[X,0x0000000080000238] -> 0x1913
mem[X,0x000000008000023A] -> 0x00A9
[147] [M]: 0x0000000080000238 (0x00A91913) slli s2, s2, 10
x18 <- 0xDF56FF76DF56FC00
mem[X,0x000000008000023C] -> 0x0913
mem[X,0x000000008000023E] -> 0x3769
[148] [M]: 0x000000008000023C (0x37690913) addi s2, s2, 886
x18 <- 0xDF56FF76DF56FF76
mem[X,0x0000000080000240] -> 0x89B7
mem[X,0x0000000080000242] -> 0x6FAB
[149] [M]: 0x0000000080000240 (0x6FAB89B7) lui s3, 457400
x19 <- 0x000000006FAB8000
mem[X,0x0000000080000244] -> 0x8993
mem[X,0x0000000080000246] -> 0xFBB9
[150] [M]: 0x0000000080000244 (0xFBB98993) addi s3, s3, 4027
x19 <- 0x000000006FAB7FBB
mem[X,0x0000000080000248] -> 0x9993
mem[X,0x000000008000024A] -> 0x00B9
[151] [M]: 0x0000000080000248 (0x00B99993) slli s3, s3, 11
x19 <- 0x0000037D5BFDD800
mem[X,0x000000008000024C] -> 0x8993
mem[X,0x000000008000024E] -> 0x37D9
[152] [M]: 0x000000008000024C (0x37D98993) addi s3, s3, 893
x19 <- 0x0000037D5BFDDB7D
mem[X,0x0000000080000250] -> 0x9993
mem[X,0x0000000080000252] -> 0x00B9
[153] [M]: 0x0000000080000250 (0x00B99993) slli s3, s3, 11
x19 <- 0x001BEADFEEDBE800
mem[X,0x0000000080000254] -> 0x8993
mem[X,0x0000000080000256] -> 0x2DF9
[154] [M]: 0x0000000080000254 (0x2DF98993) addi s3, s3, 735
x19 <- 0x001BEADFEEDBEADF
mem[X,0x0000000080000258] -> 0x9993
mem[X,0x000000008000025A] -> 0x00A9
[155] [M]: 0x0000000080000258 (0x00A99993) slli s3, s3, 10
x19 <- 0x6FAB7FBB6FAB7C00
mem[X,0x000000008000025C] -> 0x8993
mem[X,0x000000008000025E] -> 0x3BB9
[156] [M]: 0x000000008000025C (0x3BB98993) addi s3, s3, 955
x19 <- 0x6FAB7FBB6FAB7FBB
mem[X,0x0000000080000260] -> 0xCA37
mem[X,0x0000000080000262] -> 0xB7D5
[157] [M]: 0x0000000080000260 (0xB7D5CA37) lui s4, 752988
x20 <- 0xFFFFFFFFB7D5C000
mem[X,0x0000000080000264] -> 0x0A13
mem[X,0x0000000080000266] -> 0xFDDA
[158] [M]: 0x0000000080000264 (0xFDDA0A13) addi s4, s4, 4061
x20 <- 0xFFFFFFFFB7D5BFDD
mem[X,0x0000000080000268] -> 0x1A13
mem[X,0x000000008000026A] -> 0x00BA
[159] [M]: 0x0000000080000268 (0x00BA1A13) slli s4, s4, 11
x20 <- 0xFFFFFDBEADFEE800
mem[X,0x000000008000026C] -> 0x0A13
mem[X,0x000000008000026E] -> 0x5BEA
[160] [M]: 0x000000008000026C (0x5BEA0A13) addi s4, s4, 1470
x20 <- 0xFFFFFDBEADFEEDBE
mem[X,0x0000000080000270] -> 0x1A13
mem[X,0x0000000080000272] -> 0x00BA
[161] [M]: 0x0000000080000270 (0x00BA1A13) slli s4, s4, 11
x20 <- 0xFFEDF56FF76DF000
mem[X,0x0000000080000274] -> 0x0A13
mem[X,0x0000000080000276] -> 0x56FA
[162] [M]: 0x0000000080000274 (0x56FA0A13) addi s4, s4, 1391
x20 <- 0xFFEDF56FF76DF56F
mem[X,0x0000000080000278] -> 0x1A13
mem[X,0x000000008000027A] -> 0x00AA
[163] [M]: 0x0000000080000278 (0x00AA1A13) slli s4, s4, 10
x20 <- 0xB7D5BFDDB7D5BC00
mem[X,0x000000008000027C] -> 0x0A13
mem[X,0x000000008000027E] -> 0x3DDA
[164] [M]: 0x000000008000027C (0x3DDA0A13) addi s4, s4, 989
x20 <- 0xB7D5BFDDB7D5BFDD
mem[X,0x0000000080000280] -> 0xEAB7
mem[X,0x0000000080000282] -> 0xDBEA
[165] [M]: 0x0000000080000280 (0xDBEAEAB7) lui s5, 900782
x21 <- 0xFFFFFFFFDBEAE000
mem[X,0x0000000080000284] -> 0x8A93
mem[X,0x0000000080000286] -> 0xFEEA
[166] [M]: 0x0000000080000284 (0xFEEA8A93) addi s5, s5, 4078
x21 <- 0xFFFFFFFFDBEADFEE
mem[X,0x0000000080000288] -> 0x9A93
mem[X,0x000000008000028A] -> 0x00BA
[167] [M]: 0x0000000080000288 (0x00BA9A93) slli s5, s5, 11
x21 <- 0xFFFFFEDF56FF7000
mem[X,0x000000008000028C] -> 0x8A93
mem[X,0x000000008000028E] -> 0x6DFA
[168] [M]: 0x000000008000028C (0x6DFA8A93) addi s5, s5, 1759
x21 <- 0xFFFFFEDF56FF76DF
mem[X,0x0000000080000290] -> 0x9A93
mem[X,0x0000000080000292] -> 0x00BA
[169] [M]: 0x0000000080000290 (0x00BA9A93) slli s5, s5, 11
x21 <- 0xFFF6FAB7FBB6F800
mem[X,0x0000000080000294] -> 0x8A93
mem[X,0x0000000080000296] -> 0x2B7A
[170] [M]: 0x0000000080000294 (0x2B7A8A93) addi s5, s5, 695
x21 <- 0xFFF6FAB7FBB6FAB7
mem[X,0x0000000080000298] -> 0x9A93
mem[X,0x000000008000029A] -> 0x00AA
[171] [M]: 0x0000000080000298 (0x00AA9A93) slli s5, s5, 10
x21 <- 0xDBEADFEEDBEADC00
mem[X,0x000000008000029C] -> 0x8A93
mem[X,0x000000008000029E] -> 0x3EEA
[172] [M]: 0x000000008000029C (0x3EEA8A93) addi s5, s5, 1006
x21 <- 0xDBEADFEEDBEADFEE
mem[X,0x00000000800002A0] -> 0x7B37
mem[X,0x00000000800002A2] -> 0x6DF5
[173] [M]: 0x00000000800002A0 (0x6DF57B37) lui s6, 450391
x22 <- 0x000000006DF57000
mem[X,0x00000000800002A4] -> 0x0B13
mem[X,0x00000000800002A6] -> 0xFF7B
[174] [M]: 0x00000000800002A4 (0xFF7B0B13) addi s6, s6, 4087
x22 <- 0x000000006DF56FF7
mem[X,0x00000000800002A8] -> 0x1B13
mem[X,0x00000000800002AA] -> 0x00BB
[175] [M]: 0x00000000800002A8 (0x00BB1B13) slli s6, s6, 11
x22 <- 0x0000036FAB7FB800
mem[X,0x00000000800002AC] -> 0x0B13
mem[X,0x00000000800002AE] -> 0x36FB
[176] [M]: 0x00000000800002AC (0x36FB0B13) addi s6, s6, 879
x22 <- 0x0000036FAB7FBB6F
mem[X,0x00000000800002B0] -> 0x1B13
mem[X,0x00000000800002B2] -> 0x00BB
[177] [M]: 0x00000000800002B0 (0x00BB1B13) slli s6, s6, 11
x22 <- 0x001B7D5BFDDB7800
mem[X,0x00000000800002B4] -> 0x0B13
mem[X,0x00000000800002B6] -> 0x55BB
[178] [M]: 0x00000000800002B4 (0x55BB0B13) addi s6, s6, 1371
x22 <- 0x001B7D5BFDDB7D5B
mem[X,0x00000000800002B8] -> 0x1B13
mem[X,0x00000000800002BA] -> 0x00AB
[179] [M]: 0x00000000800002B8 (0x00AB1B13) slli s6, s6, 10
x22 <- 0x6DF56FF76DF56C00
mem[X,0x00000000800002BC] -> 0x0B13
mem[X,0x00000000800002BE] -> 0x3F7B
[180] [M]: 0x00000000800002BC (0x3F7B0B13) addi s6, s6, 1015
x22 <- 0x6DF56FF76DF56FF7
mem[X,0x00000000800002C0] -> 0xBBB7
mem[X,0x00000000800002C2] -> 0xB6FA
[181] [M]: 0x00000000800002C0 (0xB6FABBB7) lui s7, 749483
x23 <- 0xFFFFFFFFB6FAB000
mem[X,0x00000000800002C4] -> 0x8B93
mem[X,0x00000000800002C6] -> 0x7FBB
[182] [M]: 0x00000000800002C4 (0x7FBB8B93) addi s7, s7, 2043
x23 <- 0xFFFFFFFFB6FAB7FB
mem[X,0x00000000800002C8] -> 0x9B93
mem[X,0x00000000800002CA] -> 0x00BB
[183] [M]: 0x00000000800002C8 (0x00BB9B93) slli s7, s7, 11
x23 <- 0xFFFFFDB7D5BFD800
mem[X,0x00000000800002CC] -> 0x8B93
mem[X,0x00000000800002CE] -> 0x5B7B
[184] [M]: 0x00000000800002CC (0x5B7B8B93) addi s7, s7, 1463
x23 <- 0xFFFFFDB7D5BFDDB7
mem[X,0x00000000800002D0] -> 0x9B93
mem[X,0x00000000800002D2] -> 0x00BB
[185] [M]: 0x00000000800002D0 (0x00BB9B93) slli s7, s7, 11
x23 <- 0xFFEDBEADFEEDB800
mem[X,0x00000000800002D4] -> 0x8B93
mem[X,0x00000000800002D6] -> 0x6ADB
[186] [M]: 0x00000000800002D4 (0x6ADB8B93) addi s7, s7, 1709
x23 <- 0xFFEDBEADFEEDBEAD
mem[X,0x00000000800002D8] -> 0x9B93
mem[X,0x00000000800002DA] -> 0x00AB
[187] [M]: 0x00000000800002D8 (0x00AB9B93) slli s7, s7, 10
x23 <- 0xB6FAB7FBB6FAB400
mem[X,0x00000000800002DC] -> 0x8B93
mem[X,0x00000000800002DE] -> 0x3FBB
[188] [M]: 0x00000000800002DC (0x3FBB8B93) addi s7, s7, 1019
x23 <- 0xB6FAB7FBB6FAB7FB
mem[X,0x00000000800002E0] -> 0x6C37
mem[X,0x00000000800002E2] -> 0xDB7D
[189] [M]: 0x00000000800002E0 (0xDB7D6C37) lui s8, 899030
x24 <- 0xFFFFFFFFDB7D6000
mem[X,0x00000000800002E4] -> 0x0C13
mem[X,0x00000000800002E6] -> 0xBFDC
[190] [M]: 0x00000000800002E4 (0xBFDC0C13) addi s8, s8, 3069
x24 <- 0xFFFFFFFFDB7D5BFD
mem[X,0x00000000800002E8] -> 0x1C13
mem[X,0x00000000800002EA] -> 0x00BC
[191] [M]: 0x00000000800002E8 (0x00BC1C13) slli s8, s8, 11
x24 <- 0xFFFFFEDBEADFE800
mem[X,0x00000000800002EC] -> 0x0C13
mem[X,0x00000000800002EE] -> 0x6DBC
[192] [M]: 0x00000000800002EC (0x6DBC0C13) addi s8, s8, 1755
x24 <- 0xFFFFFEDBEADFEEDB
mem[X,0x00000000800002F0] -> 0x1C13
mem[X,0x00000000800002F2] -> 0x00BC
[193] [M]: 0x00000000800002F0 (0x00BC1C13) slli s8, s8, 11
x24 <- 0xFFF6DF56FF76D800
mem[X,0x00000000800002F4] -> 0x0C13
mem[X,0x00000000800002F6] -> 0x756C
[194] [M]: 0x00000000800002F4 (0x756C0C13) addi s8, s8, 1878
x24 <- 0xFFF6DF56FF76DF56
mem[X,0x00000000800002F8] -> 0x1C13
mem[X,0x00000000800002FA] -> 0x00AC
[195] [M]: 0x00000000800002F8 (0x00AC1C13) slli s8, s8, 10
x24 <- 0xDB7D5BFDDB7D5800
mem[X,0x00000000800002FC] -> 0x0C13
mem[X,0x00000000800002FE] -> 0x3FDC
[196] [M]: 0x00000000800002FC (0x3FDC0C13) addi s8, s8, 1021
x24 <- 0xDB7D5BFDDB7D5BFD
mem[X,0x0000000080000300] -> 0xBCB7
mem[X,0x0000000080000302] -> 0xEDBE
[197] [M]: 0x0000000080000300 (0xEDBEBCB7) lui s9, 973803
x25 <- 0xFFFFFFFFEDBEB000
mem[X,0x0000000080000304] -> 0x8C93
mem[X,0x0000000080000306] -> 0xDFEC
[198] [M]: 0x0000000080000304 (0xDFEC8C93) addi s9, s9, 3582
x25 <- 0xFFFFFFFFEDBEADFE
mem[X,0x0000000080000308] -> 0x9C93
mem[X,0x000000008000030A] -> 0x00BC
[199] [M]: 0x0000000080000308 (0x00BC9C93) slli s9, s9, 11
x25 <- 0xFFFFFF6DF56FF000
clint::tick mtime <- 0x0000000000000002
 clint timer pending at mtime 0x0000000000000002
htif::tick 0x0000000000000000
mem[X,0x000000008000030C] -> 0x8C93
mem[X,0x000000008000030E] -> 0x76DC
[200] [M]: 0x000000008000030C (0x76DC8C93) addi s9, s9, 1901
x25 <- 0xFFFFFF6DF56FF76D
mem[X,0x0000000080000310] -> 0x9C93
mem[X,0x0000000080000312] -> 0x00BC
[201] [M]: 0x0000000080000310 (0x00BC9C93) slli s9, s9, 11
x25 <- 0xFFFB6FAB7FBB6800
mem[X,0x0000000080000314] -> 0x8C93
mem[X,0x0000000080000316] -> 0x7ABC
[202] [M]: 0x0000000080000314 (0x7ABC8C93) addi s9, s9, 1963
x25 <- 0xFFFB6FAB7FBB6FAB
mem[X,0x0000000080000318] -> 0x9C93
mem[X,0x000000008000031A] -> 0x00AC
[203] [M]: 0x0000000080000318 (0x00AC9C93) slli s9, s9, 10
x25 <- 0xEDBEADFEEDBEAC00
mem[X,0x000000008000031C] -> 0x8C93
mem[X,0x000000008000031E] -> 0x1FEC
[204] [M]: 0x000000008000031C (0x1FEC8C93) addi s9, s9, 510
x25 <- 0xEDBEADFEEDBEADFE
mem[X,0x0000000080000320] -> 0x5D37
mem[X,0x0000000080000322] -> 0x76DF
[205] [M]: 0x0000000080000320 (0x76DF5D37) lui s10, 486901
x26 <- 0x0000000076DF5000
mem[X,0x0000000080000324] -> 0x0D13
mem[X,0x0000000080000326] -> 0x6FFD
[206] [M]: 0x0000000080000324 (0x6FFD0D13) addi s10, s10, 1791
x26 <- 0x0000000076DF56FF
mem[X,0x0000000080000328] -> 0x1D13
mem[X,0x000000008000032A] -> 0x00BD
[207] [M]: 0x0000000080000328 (0x00BD1D13) slli s10, s10, 11
x26 <- 0x000003B6FAB7F800
mem[X,0x000000008000032C] -> 0x0D13
mem[X,0x000000008000032E] -> 0x3B6D
[208] [M]: 0x000000008000032C (0x3B6D0D13) addi s10, s10, 950
x26 <- 0x000003B6FAB7FBB6
mem[X,0x0000000080000330] -> 0x1D13
mem[X,0x0000000080000332] -> 0x00BD
[209] [M]: 0x0000000080000330 (0x00BD1D13) slli s10, s10, 11
x26 <- 0x001DB7D5BFDDB000
mem[X,0x0000000080000334] -> 0x0D13
mem[X,0x0000000080000336] -> 0x7D5D
[210] [M]: 0x0000000080000334 (0x7D5D0D13) addi s10, s10, 2005
x26 <- 0x001DB7D5BFDDB7D5
mem[X,0x0000000080000338] -> 0x1D13
mem[X,0x000000008000033A] -> 0x00AD
[211] [M]: 0x0000000080000338 (0x00AD1D13) slli s10, s10, 10
x26 <- 0x76DF56FF76DF5400
mem[X,0x000000008000033C] -> 0x0D13
mem[X,0x000000008000033E] -> 0x2FFD
[212] [M]: 0x000000008000033C (0x2FFD0D13) addi s10, s10, 767
x26 <- 0x76DF56FF76DF56FF
mem[X,0x0000000080000340] -> 0xBDB7
mem[X,0x0000000080000342] -> 0xBB6F
[213] [M]: 0x0000000080000340 (0xBB6FBDB7) lui s11, 767739
x27 <- 0xFFFFFFFFBB6FB000
mem[X,0x0000000080000344] -> 0x8D93
mem[X,0x0000000080000346] -> 0xB7FD
[214] [M]: 0x0000000080000344 (0xB7FD8D93) addi s11, s11, 2943
x27 <- 0xFFFFFFFFBB6FAB7F
mem[X,0x0000000080000348] -> 0x9D93
mem[X,0x000000008000034A] -> 0x00BD
[215] [M]: 0x0000000080000348 (0x00BD9D93) slli s11, s11, 11
x27 <- 0xFFFFFDDB7D5BF800
mem[X,0x000000008000034C] -> 0x8D93
mem[X,0x000000008000034E] -> 0x5DBD
[216] [M]: 0x000000008000034C (0x5DBD8D93) addi s11, s11, 1499
x27 <- 0xFFFFFDDB7D5BFDDB
mem[X,0x0000000080000350] -> 0x9D93
mem[X,0x0000000080000352] -> 0x00BD
[217] [M]: 0x0000000080000350 (0x00BD9D93) slli s11, s11, 11
x27 <- 0xFFEEDBEADFEED800
mem[X,0x0000000080000354] -> 0x8D93
mem[X,0x0000000080000356] -> 0x3EAD
[218] [M]: 0x0000000080000354 (0x3EAD8D93) addi s11, s11, 1002
x27 <- 0xFFEEDBEADFEEDBEA
mem[X,0x0000000080000358] -> 0x9D93
mem[X,0x000000008000035A] -> 0x00AD
[219] [M]: 0x0000000080000358 (0x00AD9D93) slli s11, s11, 10
x27 <- 0xBB6FAB7FBB6FA800
mem[X,0x000000008000035C] -> 0x8D93
mem[X,0x000000008000035E] -> 0x37FD
[220] [M]: 0x000000008000035C (0x37FD8D93) addi s11, s11, 895
x27 <- 0xBB6FAB7FBB6FAB7F
mem[X,0x0000000080000360] -> 0xDE37
mem[X,0x0000000080000362] -> 0xDDB7
[221] [M]: 0x0000000080000360 (0xDDB7DE37) lui t3, 908157
x28 <- 0xFFFFFFFFDDB7D000
mem[X,0x0000000080000364] -> 0x0E13
mem[X,0x0000000080000366] -> 0x5BFE
[222] [M]: 0x0000000080000364 (0x5BFE0E13) addi t3, t3, 1471
x28 <- 0xFFFFFFFFDDB7D5BF
mem[X,0x0000000080000368] -> 0x1E13
mem[X,0x000000008000036A] -> 0x00BE
[223] [M]: 0x0000000080000368 (0x00BE1E13) slli t3, t3, 11
x28 <- 0xFFFFFEEDBEADF800
mem[X,0x000000008000036C] -> 0x0E13
mem[X,0x000000008000036E] -> 0x6EDE
[224] [M]: 0x000000008000036C (0x6EDE0E13) addi t3, t3, 1773
x28 <- 0xFFFFFEEDBEADFEED
mem[X,0x0000000080000370] -> 0x1E13
mem[X,0x0000000080000372] -> 0x00BE
[225] [M]: 0x0000000080000370 (0x00BE1E13) slli t3, t3, 11
x28 <- 0xFFF76DF56FF76800
mem[X,0x0000000080000374] -> 0x0E13
mem[X,0x0000000080000376] -> 0x5F5E
[226] [M]: 0x0000000080000374 (0x5F5E0E13) addi t3, t3, 1525
x28 <- 0xFFF76DF56FF76DF5
mem[X,0x0000000080000378] -> 0x1E13
mem[X,0x000000008000037A] -> 0x00AE
[227] [M]: 0x0000000080000378 (0x00AE1E13) slli t3, t3, 10
x28 <- 0xDDB7D5BFDDB7D400
mem[X,0x000000008000037C] -> 0x0E13
mem[X,0x000000008000037E] -> 0x1BFE
[228] [M]: 0x000000008000037C (0x1BFE0E13) addi t3, t3, 447
x28 <- 0xDDB7D5BFDDB7D5BF
mem[X,0x0000000080000380] -> 0xFEB7
mem[X,0x0000000080000382] -> 0xEEDB
[229] [M]: 0x0000000080000380 (0xEEDBFEB7) lui t4, 978367
x29 <- 0xFFFFFFFFEEDBF000
mem[X,0x0000000080000384] -> 0x8E93
mem[X,0x0000000080000386] -> 0xADFE
[230] [M]: 0x0000000080000384 (0xADFE8E93) addi t4, t4, 2783
x29 <- 0xFFFFFFFFEEDBEADF
mem[X,0x0000000080000388] -> 0x9E93
mem[X,0x000000008000038A] -> 0x00BE
[231] [M]: 0x0000000080000388 (0x00BE9E93) slli t4, t4, 11
x29 <- 0xFFFFFF76DF56F800
mem[X,0x000000008000038C] -> 0x8E93
mem[X,0x000000008000038E] -> 0x776E
[232] [M]: 0x000000008000038C (0x776E8E93) addi t4, t4, 1910
x29 <- 0xFFFFFF76DF56FF76
mem[X,0x0000000080000390] -> 0x9E93
mem[X,0x0000000080000392] -> 0x00BE
[233] [M]: 0x0000000080000390 (0x00BE9E93) slli t4, t4, 11
x29 <- 0xFFFBB6FAB7FBB000
mem[X,0x0000000080000394] -> 0x8E93
mem[X,0x0000000080000396] -> 0x6FAE
[234] [M]: 0x0000000080000394 (0x6FAE8E93) addi t4, t4, 1786
x29 <- 0xFFFBB6FAB7FBB6FA
mem[X,0x0000000080000398] -> 0x9E93
mem[X,0x000000008000039A] -> 0x00AE
[235] [M]: 0x0000000080000398 (0x00AE9E93) slli t4, t4, 10
x29 <- 0xEEDBEADFEEDBE800
mem[X,0x000000008000039C] -> 0x8E93
mem[X,0x000000008000039E] -> 0x2DFE
[236] [M]: 0x000000008000039C (0x2DFE8E93) addi t4, t4, 735
x29 <- 0xEEDBEADFEEDBEADF
mem[X,0x00000000800003A0] -> 0xFF37
mem[X,0x00000000800003A2] -> 0xF76D
[237] [M]: 0x00000000800003A0 (0xF76DFF37) lui t5, 1013471
x30 <- 0xFFFFFFFFF76DF000
mem[X,0x00000000800003A4] -> 0x0F13
mem[X,0x00000000800003A6] -> 0x56FF
[238] [M]: 0x00000000800003A4 (0x56FF0F13) addi t5, t5, 1391
x30 <- 0xFFFFFFFFF76DF56F
mem[X,0x00000000800003A8] -> 0x1F13
mem[X,0x00000000800003AA] -> 0x00BF
[239] [M]: 0x00000000800003A8 (0x00BF1F13) slli t5, t5, 11
x30 <- 0xFFFFFFBB6FAB7800
mem[X,0x00000000800003AC] -> 0x0F13
mem[X,0x00000000800003AE] -> 0x7BBF
[240] [M]: 0x00000000800003AC (0x7BBF0F13) addi t5, t5, 1979
x30 <- 0xFFFFFFBB6FAB7FBB
mem[X,0x00000000800003B0] -> 0x1F13
mem[X,0x00000000800003B2] -> 0x00BF
[241] [M]: 0x00000000800003B0 (0x00BF1F13) slli t5, t5, 11
x30 <- 0xFFFDDB7D5BFDD800
mem[X,0x00000000800003B4] -> 0x0F13
mem[X,0x00000000800003B6] -> 0x37DF
[242] [M]: 0x00000000800003B4 (0x37DF0F13) addi t5, t5, 893
x30 <- 0xFFFDDB7D5BFDDB7D
mem[X,0x00000000800003B8] -> 0x1F13
mem[X,0x00000000800003BA] -> 0x00AF
[243] [M]: 0x00000000800003B8 (0x00AF1F13) slli t5, t5, 10
x30 <- 0xF76DF56FF76DF400
mem[X,0x00000000800003BC] -> 0x0F13
mem[X,0x00000000800003BE] -> 0x16FF
[244] [M]: 0x00000000800003BC (0x16FF0F13) addi t5, t5, 367
x30 <- 0xF76DF56FF76DF56F
mem[X,0x00000000800003C0] -> 0x0FB7
mem[X,0x00000000800003C2] -> 0xFBB7
[245] [M]: 0x00000000800003C0 (0xFBB70FB7) lui t6, 1031024
x31 <- 0xFFFFFFFFFBB70000
mem[X,0x00000000800003C4] -> 0x8F93
mem[X,0x00000000800003C6] -> 0xAB7F
[246] [M]: 0x00000000800003C4 (0xAB7F8F93) addi t6, t6, 2743
x31 <- 0xFFFFFFFFFBB6FAB7
mem[X,0x00000000800003C8] -> 0x9F93
mem[X,0x00000000800003CA] -> 0x00BF
[247] [M]: 0x00000000800003C8 (0x00BF9F93) slli t6, t6, 11
x31 <- 0xFFFFFFDDB7D5B800
mem[X,0x00000000800003CC] -> 0x8F93
mem[X,0x00000000800003CE] -> 0x7DDF
[248] [M]: 0x00000000800003CC (0x7DDF8F93) addi t6, t6, 2013
x31 <- 0xFFFFFFDDB7D5BFDD
mem[X,0x00000000800003D0] -> 0x9F93
mem[X,0x00000000800003D2] -> 0x00BF
[249] [M]: 0x00000000800003D0 (0x00BF9F93) slli t6, t6, 11
x31 <- 0xFFFEEDBEADFEE800
mem[X,0x00000000800003D4] -> 0x8F93
mem[X,0x00000000800003D6] -> 0x5BEF
[250] [M]: 0x00000000800003D4 (0x5BEF8F93) addi t6, t6, 1470
x31 <- 0xFFFEEDBEADFEEDBE
mem[X,0x00000000800003D8] -> 0x9F93
mem[X,0x00000000800003DA] -> 0x00AF
[251] [M]: 0x00000000800003D8 (0x00AF9F93) slli t6, t6, 10
x31 <- 0xFBB6FAB7FBB6F800
mem[X,0x00000000800003DC] -> 0x8F93
mem[X,0x00000000800003DE] -> 0x2B7F
[252] [M]: 0x00000000800003DC (0x2B7F8F93) addi t6, t6, 695
x31 <- 0xFBB6FAB7FBB6FAB7
mem[X,0x00000000800003E0] -> 0x5397
mem[X,0x00000000800003E2] -> 0x0012
[253] [M]: 0x00000000800003E0 (0x00125397) auipc t2, 293
x7 <- 0x00000000801253E0
mem[X,0x00000000800003E4] -> 0x8393
mem[X,0x00000000800003E6] -> 0xD383
[254] [M]: 0x00000000800003E4 (0xD3838393) addi t2, t2, 3384
x7 <- 0x0000000080125118
mem[X,0x00000000800003E8] -> 0x0013
mem[X,0x00000000800003EA] -> 0x0000
[255] [M]: 0x00000000800003E8 (0x00000013) addi zero, zero, 0
mem[X,0x00000000800003EC] -> 0x0013
mem[X,0x00000000800003EE] -> 0x0000
[256] [M]: 0x00000000800003EC (0x00000013) addi zero, zero, 0
mem[X,0x00000000800003F0] -> 0x0013
mem[X,0x00000000800003F2] -> 0x0000
[257] [M]: 0x00000000800003F0 (0x00000013) addi zero, zero, 0
mem[X,0x00000000800003F4] -> 0x0013
mem[X,0x00000000800003F6] -> 0x0000
[258] [M]: 0x00000000800003F4 (0x00000013) addi zero, zero, 0
mem[X,0x00000000800003F8] -> 0x0013
mem[X,0x00000000800003FA] -> 0x0000
[259] [M]: 0x00000000800003F8 (0x00000013) addi zero, zero, 0
mem[X,0x00000000800003FC] -> 0x0013
mem[X,0x00000000800003FE] -> 0x0000
[260] [M]: 0x00000000800003FC (0x00000013) addi zero, zero, 0
mem[X,0x0000000080000400] -> 0x0617
mem[X,0x0000000080000402] -> 0x0000
[261] [M]: 0x0000000080000400 (0x00000617) auipc a2, 0
x12 <- 0x0000000080000400
mem[X,0x0000000080000404] -> 0x0613
mem[X,0x0000000080000406] -> 0x06C6
[262] [M]: 0x0000000080000404 (0x06C60613) addi a2, a2, 108
x12 <- 0x000000008000046C
mem[X,0x0000000080000408] -> 0x0013
mem[X,0x000000008000040A] -> 0x0000
[263] [M]: 0x0000000080000408 (0x00000013) addi zero, zero, 0
mem[X,0x000000008000040C] -> 0x0013
mem[X,0x000000008000040E] -> 0x0000
[264] [M]: 0x000000008000040C (0x00000013) addi zero, zero, 0
mem[X,0x0000000080000410] -> 0x0013
mem[X,0x0000000080000412] -> 0x0000
[265] [M]: 0x0000000080000410 (0x00000013) addi zero, zero, 0
mem[X,0x0000000080000414] -> 0x0013
mem[X,0x0000000080000416] -> 0x0000
[266] [M]: 0x0000000080000414 (0x00000013) addi zero, zero, 0
mem[X,0x0000000080000418] -> 0x0013
mem[X,0x000000008000041A] -> 0x0000
[267] [M]: 0x0000000080000418 (0x00000013) addi zero, zero, 0
mem[X,0x000000008000041C] -> 0x0013
mem[X,0x000000008000041E] -> 0x0000
[268] [M]: 0x000000008000041C (0x00000013) addi zero, zero, 0
mem[X,0x0000000080000420] -> 0x0067
mem[X,0x0000000080000422] -> 0x0006
[269] [M]: 0x0000000080000420 (0x00060067) jalr zero, a2, 0
mem[X,0x000000008000046C] -> 0xF7EF
mem[X,0x000000008000046E] -> 0xFF9F
[270] [M]: 0x000000008000046C (0xFF9FF7EF) jal a5, 2097144
x15 <- 0x0000000080000470
mem[X,0x0000000080000464] -> 0xC793
mem[X,0x0000000080000466] -> 0x0017
[271] [M]: 0x0000000080000464 (0x0017C793) xori a5, a5, 1
x15 <- 0x0000000080000471
mem[X,0x0000000080000468] -> 0x0EE3
mem[X,0x000000008000046A] -> 0xFA00
[272] [M]: 0x0000000080000468 (0xFA000EE3) beq zero, zero, 8124
mem[X,0x0000000080000424] -> 0x0013
mem[X,0x0000000080000426] -> 0x0000
[273] [M]: 0x0000000080000424 (0x00000013) addi zero, zero, 0
mem[X,0x0000000080000428] -> 0x0013
mem[X,0x000000008000042A] -> 0x0000
[274] [M]: 0x0000000080000428 (0x00000013) addi zero, zero, 0
mem[X,0x000000008000042C] -> 0x0013
mem[X,0x000000008000042E] -> 0x0000
[275] [M]: 0x000000008000042C (0x00000013) addi zero, zero, 0
mem[X,0x0000000080000430] -> 0x0013
mem[X,0x0000000080000432] -> 0x0000
[276] [M]: 0x0000000080000430 (0x00000013) addi zero, zero, 0
mem[X,0x0000000080000434] -> 0x0013
mem[X,0x0000000080000436] -> 0x0000
[277] [M]: 0x0000000080000434 (0x00000013) addi zero, zero, 0
mem[X,0x0000000080000438] -> 0x0013
mem[X,0x000000008000043A] -> 0x0000
[278] [M]: 0x0000000080000438 (0x00000013) addi zero, zero, 0
mem[X,0x000000008000043C] -> 0x0013
mem[X,0x000000008000043E] -> 0x0000
[279] [M]: 0x000000008000043C (0x00000013) addi zero, zero, 0
mem[X,0x0000000080000440] -> 0x0617
mem[X,0x0000000080000442] -> 0x0000
[280] [M]: 0x0000000080000440 (0x00000617) auipc a2, 0
x12 <- 0x0000000080000440
mem[X,0x0000000080000444] -> 0x0613
mem[X,0x0000000080000446] -> 0x0646
[281] [M]: 0x0000000080000444 (0x06460613) addi a2, a2, 100
x12 <- 0x00000000800004A4
mem[X,0x0000000080000448] -> 0x0013
mem[X,0x000000008000044A] -> 0x0000
[282] [M]: 0x0000000080000448 (0x00000013) addi zero, zero, 0
mem[X,0x000000008000044C] -> 0x0013
mem[X,0x000000008000044E] -> 0x0000
[283] [M]: 0x000000008000044C (0x00000013) addi zero, zero, 0
mem[X,0x0000000080000450] -> 0x0013
mem[X,0x0000000080000452] -> 0x0000
[284] [M]: 0x0000000080000450 (0x00000013) addi zero, zero, 0
mem[X,0x0000000080000454] -> 0x0013
mem[X,0x0000000080000456] -> 0x0000
[285] [M]: 0x0000000080000454 (0x00000013) addi zero, zero, 0
mem[X,0x0000000080000458] -> 0x0013
mem[X,0x000000008000045A] -> 0x0000
[286] [M]: 0x0000000080000458 (0x00000013) addi zero, zero, 0
mem[X,0x000000008000045C] -> 0x0013
mem[X,0x000000008000045E] -> 0x0000
[287] [M]: 0x000000008000045C (0x00000013) addi zero, zero, 0
mem[X,0x0000000080000460] -> 0x0067
mem[X,0x0000000080000462] -> 0x0006
[288] [M]: 0x0000000080000460 (0x00060067) jalr zero, a2, 0
mem[X,0x00000000800004A4] -> 0x0013
mem[X,0x00000000800004A6] -> 0x0000
[289] [M]: 0x00000000800004A4 (0x00000013) addi zero, zero, 0
mem[X,0x00000000800004A8] -> 0x0013
mem[X,0x00000000800004AA] -> 0x0000
[290] [M]: 0x00000000800004A8 (0x00000013) addi zero, zero, 0
mem[X,0x00000000800004AC] -> 0x0013
mem[X,0x00000000800004AE] -> 0x0000
[291] [M]: 0x00000000800004AC (0x00000013) addi zero, zero, 0
mem[X,0x00000000800004B0] -> 0x0013
mem[X,0x00000000800004B2] -> 0x0000
[292] [M]: 0x00000000800004B0 (0x00000013) addi zero, zero, 0
mem[X,0x00000000800004B4] -> 0x0013
mem[X,0x00000000800004B6] -> 0x0000
[293] [M]: 0x00000000800004B4 (0x00000013) addi zero, zero, 0
mem[X,0x00000000800004B8] -> 0x0013
mem[X,0x00000000800004BA] -> 0x0000
[294] [M]: 0x00000000800004B8 (0x00000013) addi zero, zero, 0
mem[X,0x00000000800004BC] -> 0x0013
mem[X,0x00000000800004BE] -> 0x0000
[295] [M]: 0x00000000800004BC (0x00000013) addi zero, zero, 0
mem[X,0x00000000800004C0] -> 0x0617
mem[X,0x00000000800004C2] -> 0x0000
[296] [M]: 0x00000000800004C0 (0x00000617) auipc a2, 0
x12 <- 0x00000000800004C0
mem[X,0x00000000800004C4] -> 0x0613
mem[X,0x00000000800004C6] -> 0xF406
[297] [M]: 0x00000000800004C4 (0xF4060613) addi a2, a2, 3904
x12 <- 0x0000000080000400
mem[X,0x00000000800004C8] -> 0x0013
mem[X,0x00000000800004CA] -> 0x0000
[298] [M]: 0x00000000800004C8 (0x00000013) addi zero, zero, 0
mem[X,0x00000000800004CC] -> 0x0013
mem[X,0x00000000800004CE] -> 0x0000
[299] [M]: 0x00000000800004CC (0x00000013) addi zero, zero, 0
clint::tick mtime <- 0x0000000000000003
 clint timer pending at mtime 0x0000000000000003
htif::tick 0x0000000000000000
mem[X,0x00000000800004D0] -> 0x0013
mem[X,0x00000000800004D2] -> 0x0000
[300] [M]: 0x00000000800004D0 (0x00000013) addi zero, zero, 0
mem[X,0x00000000800004D4] -> 0x0013
mem[X,0x00000000800004D6] -> 0x0000
[301] [M]: 0x00000000800004D4 (0x00000013) addi zero, zero, 0
mem[X,0x00000000800004D8] -> 0x0013
mem[X,0x00000000800004DA] -> 0x0000
[302] [M]: 0x00000000800004D8 (0x00000013) addi zero, zero, 0
mem[X,0x00000000800004DC] -> 0x0013
mem[X,0x00000000800004DE] -> 0x0000
[303] [M]: 0x00000000800004DC (0x00000013) addi zero, zero, 0
mem[X,0x00000000800004E0] -> 0x7613
mem[X,0x00000000800004E2] -> 0xFFC6
[304] [M]: 0x00000000800004E0 (0xFFC67613) andi a2, a2, 4092
x12 <- 0x0000000080000400
mem[X,0x00000000800004E4] -> 0x87B3
mem[X,0x00000000800004E6] -> 0x40C7
[305] [M]: 0x00000000800004E4 (0x40C787B3) sub a5, a5, a2
x15 <- 0x0000000000000071
mem[X,0x00000000800004E8] -> 0xB023
mem[X,0x00000000800004EA] -> 0x00F3
[306] [M]: 0x00000000800004E8 (0x00F3B023) sd a5, 0(t2)
mem[0x0000000080125118] <- 0x0000000000000071
mem[X,0x00000000800004EC] -> 0x0013
mem[X,0x00000000800004EE] -> 0x0000
[307] [M]: 0x00000000800004EC (0x00000013) addi zero, zero, 0
mem[X,0x00000000800004F0] -> 0x0013
mem[X,0x00000000800004F2] -> 0x0000
[308] [M]: 0x00000000800004F0 (0x00000013) addi zero, zero, 0
mem[X,0x00000000800004F4] -> 0x0013
mem[X,0x00000000800004F6] -> 0x0000
[309] [M]: 0x00000000800004F4 (0x00000013) addi zero, zero, 0
mem[X,0x00000000800004F8] -> 0x0013
mem[X,0x00000000800004FA] -> 0x0000
[310] [M]: 0x00000000800004F8 (0x00000013) addi zero, zero, 0
mem[X,0x00000000800004FC] -> 0x0013
mem[X,0x00000000800004FE] -> 0x0000
[311] [M]: 0x00000000800004FC (0x00000013) addi zero, zero, 0
mem[X,0x0000000080000500] -> 0x0617
mem[X,0x0000000080000502] -> 0x0000
[312] [M]: 0x0000000080000500 (0x00000617) auipc a2, 0
x12 <- 0x0000000080000500
mem[X,0x0000000080000504] -> 0x0613
mem[X,0x0000000080000506] -> 0x06C6
[313] [M]: 0x0000000080000504 (0x06C60613) addi a2, a2, 108
x12 <- 0x000000008000056C
mem[X,0x0000000080000508] -> 0x0013
mem[X,0x000000008000050A] -> 0x0000
[314] [M]: 0x0000000080000508 (0x00000013) addi zero, zero, 0
mem[X,0x000000008000050C] -> 0x0013
mem[X,0x000000008000050E] -> 0x0000
[315] [M]: 0x000000008000050C (0x00000013) addi zero, zero, 0
mem[X,0x0000000080000510] -> 0x0013
mem[X,0x0000000080000512] -> 0x0000
[316] [M]: 0x0000000080000510 (0x00000013) addi zero, zero, 0
mem[X,0x0000000080000514] -> 0x0013
mem[X,0x0000000080000516] -> 0x0000
[317] [M]: 0x0000000080000514 (0x00000013) addi zero, zero, 0
mem[X,0x0000000080000518] -> 0x0013
mem[X,0x000000008000051A] -> 0x0000
[318] [M]: 0x0000000080000518 (0x00000013) addi zero, zero, 0
mem[X,0x000000008000051C] -> 0x0013
mem[X,0x000000008000051E] -> 0x0000
[319] [M]: 0x000000008000051C (0x00000013) addi zero, zero, 0
mem[X,0x0000000080000520] -> 0x0067
mem[X,0x0000000080000522] -> 0x0006
[320] [M]: 0x0000000080000520 (0x00060067) jalr zero, a2, 0
mem[X,0x000000008000056C] -> 0x006F
mem[X,0x000000008000056E] -> 0x0002
[321] [M]: 0x000000008000056C (0x0002006F) jal zero, 131072
mem[X,0x000000008002056C] -> 0x4013
mem[X,0x000000008002056E] -> 0x0030
[322] [M]: 0x000000008002056C (0x00304013) xori zero, zero, 3
mem[X,0x0000000080020570] -> 0x0013
mem[X,0x0000000080020572] -> 0x0000
[323] [M]: 0x0000000080020570 (0x00000013) addi zero, zero, 0
mem[X,0x0000000080020574] -> 0x0013
mem[X,0x0000000080020576] -> 0x0000
[324] [M]: 0x0000000080020574 (0x00000013) addi zero, zero, 0
mem[X,0x0000000080020578] -> 0x0013
mem[X,0x000000008002057A] -> 0x0000
[325] [M]: 0x0000000080020578 (0x00000013) addi zero, zero, 0
mem[X,0x000000008002057C] -> 0x0013
mem[X,0x000000008002057E] -> 0x0000
[326] [M]: 0x000000008002057C (0x00000013) addi zero, zero, 0
mem[X,0x0000000080020580] -> 0x0617
mem[X,0x0000000080020582] -> 0x0000
[327] [M]: 0x0000000080020580 (0x00000617) auipc a2, 0
x12 <- 0x0000000080020580
mem[X,0x0000000080020584] -> 0x0613
mem[X,0x0000000080020586] -> 0x0246
[328] [M]: 0x0000000080020584 (0x02460613) addi a2, a2, 36
x12 <- 0x00000000800205A4
mem[X,0x0000000080020588] -> 0x0013
mem[X,0x000000008002058A] -> 0x0000
[329] [M]: 0x0000000080020588 (0x00000013) addi zero, zero, 0
mem[X,0x000000008002058C] -> 0x0013
mem[X,0x000000008002058E] -> 0x0000
[330] [M]: 0x000000008002058C (0x00000013) addi zero, zero, 0
mem[X,0x0000000080020590] -> 0x0013
mem[X,0x0000000080020592] -> 0x0000
[331] [M]: 0x0000000080020590 (0x00000013) addi zero, zero, 0
mem[X,0x0000000080020594] -> 0x0013
mem[X,0x0000000080020596] -> 0x0000
[332] [M]: 0x0000000080020594 (0x00000013) addi zero, zero, 0
mem[X,0x0000000080020598] -> 0x0013
mem[X,0x000000008002059A] -> 0x0000
[333] [M]: 0x0000000080020598 (0x00000013) addi zero, zero, 0
mem[X,0x000000008002059C] -> 0x0013
mem[X,0x000000008002059E] -> 0x0000
[334] [M]: 0x000000008002059C (0x00000013) addi zero, zero, 0
mem[X,0x00000000800205A0] -> 0x0067
mem[X,0x00000000800205A2] -> 0x0006
[335] [M]: 0x00000000800205A0 (0x00060067) jalr zero, a2, 0
mem[X,0x00000000800205A4] -> 0x0013
mem[X,0x00000000800205A6] -> 0x0000
[336] [M]: 0x00000000800205A4 (0x00000013) addi zero, zero, 0
mem[X,0x00000000800205A8] -> 0x0013
mem[X,0x00000000800205AA] -> 0x0000
[337] [M]: 0x00000000800205A8 (0x00000013) addi zero, zero, 0
mem[X,0x00000000800205AC] -> 0x0013
mem[X,0x00000000800205AE] -> 0x0000
[338] [M]: 0x00000000800205AC (0x00000013) addi zero, zero, 0
mem[X,0x00000000800205B0] -> 0x0013
mem[X,0x00000000800205B2] -> 0x0000
[339] [M]: 0x00000000800205B0 (0x00000013) addi zero, zero, 0
mem[X,0x00000000800205B4] -> 0x0013
mem[X,0x00000000800205B6] -> 0x0000
[340] [M]: 0x00000000800205B4 (0x00000013) addi zero, zero, 0
mem[X,0x00000000800205B8] -> 0x0013
mem[X,0x00000000800205BA] -> 0x0000
[341] [M]: 0x00000000800205B8 (0x00000013) addi zero, zero, 0
mem[X,0x00000000800205BC] -> 0x0013
mem[X,0x00000000800205BE] -> 0x0000
[342] [M]: 0x00000000800205BC (0x00000013) addi zero, zero, 0
mem[X,0x00000000800205C0] -> 0x0617
mem[X,0x00000000800205C2] -> 0xFFFE
[343] [M]: 0x00000000800205C0 (0xFFFE0617) auipc a2, 1048544
x12 <- 0x00000000800005C0
mem[X,0x00000000800205C4] -> 0x0613
mem[X,0x00000000800205C6] -> 0xF2C6
[344] [M]: 0x00000000800205C4 (0xF2C60613) addi a2, a2, 3884
x12 <- 0x00000000800004EC
mem[X,0x00000000800205C8] -> 0x0013
mem[X,0x00000000800205CA] -> 0x0000
[345] [M]: 0x00000000800205C8 (0x00000013) addi zero, zero, 0
mem[X,0x00000000800205CC] -> 0x0013
mem[X,0x00000000800205CE] -> 0x0000
[346] [M]: 0x00000000800205CC (0x00000013) addi zero, zero, 0
mem[X,0x00000000800205D0] -> 0x0013
mem[X,0x00000000800205D2] -> 0x0000
[347] [M]: 0x00000000800205D0 (0x00000013) addi zero, zero, 0
mem[X,0x00000000800205D4] -> 0x0013
mem[X,0x00000000800205D6] -> 0x0000
[348] [M]: 0x00000000800205D4 (0x00000013) addi zero, zero, 0
mem[X,0x00000000800205D8] -> 0x0013
mem[X,0x00000000800205DA] -> 0x0000
[349] [M]: 0x00000000800205D8 (0x00000013) addi zero, zero, 0
mem[X,0x00000000800205DC] -> 0x0013
mem[X,0x00000000800205DE] -> 0x0000
[350] [M]: 0x00000000800205DC (0x00000013) addi zero, zero, 0
mem[X,0x00000000800205E0] -> 0x7613
mem[X,0x00000000800205E2] -> 0xFFC6
[351] [M]: 0x00000000800205E0 (0xFFC67613) andi a2, a2, 4092
x12 <- 0x00000000800004EC
mem[X,0x00000000800205E4] -> 0x0033
mem[X,0x00000000800205E6] -> 0x40C0
[352] [M]: 0x00000000800205E4 (0x40C00033) sub zero, zero, a2
mem[X,0x00000000800205E8] -> 0xB423
mem[X,0x00000000800205EA] -> 0x0003
[353] [M]: 0x00000000800205E8 (0x0003B423) sd zero, 8(t2)
mem[0x0000000080125120] <- 0x0000000000000000
mem[X,0x00000000800205EC] -> 0x0013
mem[X,0x00000000800205EE] -> 0x0000
[354] [M]: 0x00000000800205EC (0x00000013) addi zero, zero, 0
mem[X,0x00000000800205F0] -> 0x0013
mem[X,0x00000000800205F2] -> 0x0000
[355] [M]: 0x00000000800205F0 (0x00000013) addi zero, zero, 0
mem[X,0x00000000800205F4] -> 0x0013
mem[X,0x00000000800205F6] -> 0x0000
[356] [M]: 0x00000000800205F4 (0x00000013) addi zero, zero, 0
mem[X,0x00000000800205F8] -> 0x0013
mem[X,0x00000000800205FA] -> 0x0000
[357] [M]: 0x00000000800205F8 (0x00000013) addi zero, zero, 0
mem[X,0x00000000800205FC] -> 0x0013
mem[X,0x00000000800205FE] -> 0x0000
[358] [M]: 0x00000000800205FC (0x00000013) addi zero, zero, 0
mem[X,0x0000000080020600] -> 0x0617
mem[X,0x0000000080020602] -> 0x0008
[359] [M]: 0x0000000080020600 (0x00080617) auipc a2, 128
x12 <- 0x00000000800A0600
mem[X,0x0000000080020604] -> 0x0613
mem[X,0x0000000080020606] -> 0x0646
[360] [M]: 0x0000000080020604 (0x06460613) addi a2, a2, 100
x12 <- 0x00000000800A0664
mem[X,0x0000000080020608] -> 0x0013
mem[X,0x000000008002060A] -> 0x0000
[361] [M]: 0x0000000080020608 (0x00000013) addi zero, zero, 0
mem[X,0x000000008002060C] -> 0x0013
mem[X,0x000000008002060E] -> 0x0000
[362] [M]: 0x000000008002060C (0x00000013) addi zero, zero, 0
mem[X,0x0000000080020610] -> 0x0013
mem[X,0x0000000080020612] -> 0x0000
[363] [M]: 0x0000000080020610 (0x00000013) addi zero, zero, 0
mem[X,0x0000000080020614] -> 0x0013
mem[X,0x0000000080020616] -> 0x0000
[364] [M]: 0x0000000080020614 (0x00000013) addi zero, zero, 0
mem[X,0x0000000080020618] -> 0x0013
mem[X,0x000000008002061A] -> 0x0000
[365] [M]: 0x0000000080020618 (0x00000013) addi zero, zero, 0
mem[X,0x000000008002061C] -> 0x0013
mem[X,0x000000008002061E] -> 0x0000
[366] [M]: 0x000000008002061C (0x00000013) addi zero, zero, 0
mem[X,0x0000000080020620] -> 0x0067
mem[X,0x0000000080020622] -> 0x0006
[367] [M]: 0x0000000080020620 (0x00060067) jalr zero, a2, 0
mem[X,0x00000000800A0664] -> 0x056F
mem[X,0x00000000800A0666] -> 0x8008
[368] [M]: 0x00000000800A0664 (0x8008056F) jal a0, 1572864
x10 <- 0x00000000800A0668
mem[X,0x0000000080020664] -> 0x4513
mem[X,0x0000000080020666] -> 0x0015
[369] [M]: 0x0000000080020664 (0x00154513) xori a0, a0, 1
x10 <- 0x00000000800A0669
mem[X,0x0000000080020668] -> 0x0EE3
mem[X,0x000000008002066A] -> 0xFA00
[370] [M]: 0x0000000080020668 (0xFA000EE3) beq zero, zero, 8124
mem[X,0x0000000080020624] -> 0x0013
mem[X,0x0000000080020626] -> 0x0000
[371] [M]: 0x0000000080020624 (0x00000013) addi zero, zero, 0
mem[X,0x0000000080020628] -> 0x0013
mem[X,0x000000008002062A] -> 0x0000
[372] [M]: 0x0000000080020628 (0x00000013) addi zero, zero, 0
mem[X,0x000000008002062C] -> 0x0013
mem[X,0x000000008002062E] -> 0x0000
[373] [M]: 0x000000008002062C (0x00000013) addi zero, zero, 0
mem[X,0x0000000080020630] -> 0x0013
mem[X,0x0000000080020632] -> 0x0000
[374] [M]: 0x0000000080020630 (0x00000013) addi zero, zero, 0
mem[X,0x0000000080020634] -> 0x0013
mem[X,0x0000000080020636] -> 0x0000
[375] [M]: 0x0000000080020634 (0x00000013) addi zero, zero, 0
mem[X,0x0000000080020638] -> 0x0013
mem[X,0x000000008002063A] -> 0x0000
[376] [M]: 0x0000000080020638 (0x00000013) addi zero, zero, 0
mem[X,0x000000008002063C] -> 0x0013
mem[X,0x000000008002063E] -> 0x0000
[377] [M]: 0x000000008002063C (0x00000013) addi zero, zero, 0
mem[X,0x0000000080020640] -> 0x0617
mem[X,0x0000000080020642] -> 0x0008
[378] [M]: 0x0000000080020640 (0x00080617) auipc a2, 128
x12 <- 0x00000000800A0640
mem[X,0x0000000080020644] -> 0x0613
mem[X,0x0000000080020646] -> 0x0646
[379] [M]: 0x0000000080020644 (0x06460613) addi a2, a2, 100
x12 <- 0x00000000800A06A4
mem[X,0x0000000080020648] -> 0x0013
mem[X,0x000000008002064A] -> 0x0000
[380] [M]: 0x0000000080020648 (0x00000013) addi zero, zero, 0
mem[X,0x000000008002064C] -> 0x0013
mem[X,0x000000008002064E] -> 0x0000
[381] [M]: 0x000000008002064C (0x00000013) addi zero, zero, 0
mem[X,0x0000000080020650] -> 0x0013
mem[X,0x0000000080020652] -> 0x0000
[382] [M]: 0x0000000080020650 (0x00000013) addi zero, zero, 0
mem[X,0x0000000080020654] -> 0x0013
mem[X,0x0000000080020656] -> 0x0000
[383] [M]: 0x0000000080020654 (0x00000013) addi zero, zero, 0
mem[X,0x0000000080020658] -> 0x0013
mem[X,0x000000008002065A] -> 0x0000
[384] [M]: 0x0000000080020658 (0x00000013) addi zero, zero, 0
mem[X,0x000000008002065C] -> 0x0013
mem[X,0x000000008002065E] -> 0x0000
[385] [M]: 0x000000008002065C (0x00000013) addi zero, zero, 0
mem[X,0x0000000080020660] -> 0x0067
mem[X,0x0000000080020662] -> 0x0006
[386] [M]: 0x0000000080020660 (0x00060067) jalr zero, a2, 0
mem[X,0x00000000800A06A4] -> 0x0013
mem[X,0x00000000800A06A6] -> 0x0000
[387] [M]: 0x00000000800A06A4 (0x00000013) addi zero, zero, 0
mem[X,0x00000000800A06A8] -> 0x0013
mem[X,0x00000000800A06AA] -> 0x0000
[388] [M]: 0x00000000800A06A8 (0x00000013) addi zero, zero, 0
mem[X,0x00000000800A06AC] -> 0x0013
mem[X,0x00000000800A06AE] -> 0x0000
[389] [M]: 0x00000000800A06AC (0x00000013) addi zero, zero, 0
mem[X,0x00000000800A06B0] -> 0x0013
mem[X,0x00000000800A06B2] -> 0x0000
[390] [M]: 0x00000000800A06B0 (0x00000013) addi zero, zero, 0
mem[X,0x00000000800A06B4] -> 0x0013
mem[X,0x00000000800A06B6] -> 0x0000
[391] [M]: 0x00000000800A06B4 (0x00000013) addi zero, zero, 0
mem[X,0x00000000800A06B8] -> 0x0013
mem[X,0x00000000800A06BA] -> 0x0000
[392] [M]: 0x00000000800A06B8 (0x00000013) addi zero, zero, 0
mem[X,0x00000000800A06BC] -> 0x0013
mem[X,0x00000000800A06BE] -> 0x0000
[393] [M]: 0x00000000800A06BC (0x00000013) addi zero, zero, 0
mem[X,0x00000000800A06C0] -> 0x0617
mem[X,0x00000000800A06C2] -> 0xFFF8
[394] [M]: 0x00000000800A06C0 (0xFFF80617) auipc a2, 1048448
x12 <- 0x00000000800206C0
mem[X,0x00000000800A06C4] -> 0x0613
mem[X,0x00000000800A06C6] -> 0xF2C6
[395] [M]: 0x00000000800A06C4 (0xF2C60613) addi a2, a2, 3884
x12 <- 0x00000000800205EC
mem[X,0x00000000800A06C8] -> 0x0013
mem[X,0x00000000800A06CA] -> 0x0000
[396] [M]: 0x00000000800A06C8 (0x00000013) addi zero, zero, 0
mem[X,0x00000000800A06CC] -> 0x0013
mem[X,0x00000000800A06CE] -> 0x0000
[397] [M]: 0x00000000800A06CC (0x00000013) addi zero, zero, 0
mem[X,0x00000000800A06D0] -> 0x0013
mem[X,0x00000000800A06D2] -> 0x0000
[398] [M]: 0x00000000800A06D0 (0x00000013) addi zero, zero, 0
mem[X,0x00000000800A06D4] -> 0x0013
mem[X,0x00000000800A06D6] -> 0x0000
[399] [M]: 0x00000000800A06D4 (0x00000013) addi zero, zero, 0
clint::tick mtime <- 0x0000000000000004
 clint timer pending at mtime 0x0000000000000004
htif::tick 0x0000000000000000
mem[X,0x00000000800A06D8] -> 0x0013
mem[X,0x00000000800A06DA] -> 0x0000
[400] [M]: 0x00000000800A06D8 (0x00000013) addi zero, zero, 0
mem[X,0x00000000800A06DC] -> 0x0013
mem[X,0x00000000800A06DE] -> 0x0000
[401] [M]: 0x00000000800A06DC (0x00000013) addi zero, zero, 0
mem[X,0x00000000800A06E0] -> 0x7613
mem[X,0x00000000800A06E2] -> 0xFFC6
[402] [M]: 0x00000000800A06E0 (0xFFC67613) andi a2, a2, 4092
x12 <- 0x00000000800205EC
mem[X,0x00000000800A06E4] -> 0x0533
mem[X,0x00000000800A06E6] -> 0x40C5
[403] [M]: 0x00000000800A06E4 (0x40C50533) sub a0, a0, a2
x10 <- 0x000000000008007D
mem[X,0x00000000800A06E8] -> 0xB823
mem[X,0x00000000800A06EA] -> 0x00A3
[404] [M]: 0x00000000800A06E8 (0x00A3B823) sd a0, 16(t2)
mem[0x0000000080125128] <- 0x000000000008007D
mem[X,0x00000000800A06EC] -> 0x0013
mem[X,0x00000000800A06EE] -> 0x0000
[405] [M]: 0x00000000800A06EC (0x00000013) addi zero, zero, 0
mem[X,0x00000000800A06F0] -> 0x0013
mem[X,0x00000000800A06F2] -> 0x0000
[406] [M]: 0x00000000800A06F0 (0x00000013) addi zero, zero, 0
mem[X,0x00000000800A06F4] -> 0x0013
mem[X,0x00000000800A06F6] -> 0x0000
[407] [M]: 0x00000000800A06F4 (0x00000013) addi zero, zero, 0
mem[X,0x00000000800A06F8] -> 0x0013
mem[X,0x00000000800A06FA] -> 0x0000
[408] [M]: 0x00000000800A06F8 (0x00000013) addi zero, zero, 0
mem[X,0x00000000800A06FC] -> 0x0013
mem[X,0x00000000800A06FE] -> 0x0000
[409] [M]: 0x00000000800A06FC (0x00000013) addi zero, zero, 0
mem[X,0x00000000800A0700] -> 0x0617
mem[X,0x00000000800A0702] -> 0x0000
[410] [M]: 0x00000000800A0700 (0x00000617) auipc a2, 0
x12 <- 0x00000000800A0700
mem[X,0x00000000800A0704] -> 0x0613
mem[X,0x00000000800A0706] -> 0x06C6
[411] [M]: 0x00000000800A0704 (0x06C60613) addi a2, a2, 108
x12 <- 0x00000000800A076C
mem[X,0x00000000800A0708] -> 0x0013
mem[X,0x00000000800A070A] -> 0x0000
[412] [M]: 0x00000000800A0708 (0x00000013) addi zero, zero, 0
mem[X,0x00000000800A070C] -> 0x0013
mem[X,0x00000000800A070E] -> 0x0000
[413] [M]: 0x00000000800A070C (0x00000013) addi zero, zero, 0
mem[X,0x00000000800A0710] -> 0x0013
mem[X,0x00000000800A0712] -> 0x0000
[414] [M]: 0x00000000800A0710 (0x00000013) addi zero, zero, 0
mem[X,0x00000000800A0714] -> 0x0013
mem[X,0x00000000800A0716] -> 0x0000
[415] [M]: 0x00000000800A0714 (0x00000013) addi zero, zero, 0
mem[X,0x00000000800A0718] -> 0x0013
mem[X,0x00000000800A071A] -> 0x0000
[416] [M]: 0x00000000800A0718 (0x00000013) addi zero, zero, 0
mem[X,0x00000000800A071C] -> 0x0013
mem[X,0x00000000800A071E] -> 0x0000
[417] [M]: 0x00000000800A071C (0x00000013) addi zero, zero, 0
mem[X,0x00000000800A0720] -> 0x0067
mem[X,0x00000000800A0722] -> 0x0006
[418] [M]: 0x00000000800A0720 (0x00060067) jalr zero, a2, 0
mem[X,0x00000000800A076C] -> 0x0FEF
mem[X,0x00000000800A076E] -> 0x0008
[419] [M]: 0x00000000800A076C (0x00080FEF) jal t6, 524288
x31 <- 0x00000000800A0770
mem[X,0x000000008012076C] -> 0xCF93
mem[X,0x000000008012076E] -> 0x003F
[420] [M]: 0x000000008012076C (0x003FCF93) xori t6, t6, 3
x31 <- 0x00000000800A0773
mem[X,0x0000000080120770] -> 0x0013
mem[X,0x0000000080120772] -> 0x0000
[421] [M]: 0x0000000080120770 (0x00000013) addi zero, zero, 0
mem[X,0x0000000080120774] -> 0x0013
mem[X,0x0000000080120776] -> 0x0000
[422] [M]: 0x0000000080120774 (0x00000013) addi zero, zero, 0
mem[X,0x0000000080120778] -> 0x0013
mem[X,0x000000008012077A] -> 0x0000
[423] [M]: 0x0000000080120778 (0x00000013) addi zero, zero, 0
mem[X,0x000000008012077C] -> 0x0013
mem[X,0x000000008012077E] -> 0x0000
[424] [M]: 0x000000008012077C (0x00000013) addi zero, zero, 0
mem[X,0x0000000080120780] -> 0x0617
mem[X,0x0000000080120782] -> 0x0000
[425] [M]: 0x0000000080120780 (0x00000617) auipc a2, 0
x12 <- 0x0000000080120780
mem[X,0x0000000080120784] -> 0x0613
mem[X,0x0000000080120786] -> 0x0246
[426] [M]: 0x0000000080120784 (0x02460613) addi a2, a2, 36
x12 <- 0x00000000801207A4
mem[X,0x0000000080120788] -> 0x0013
mem[X,0x000000008012078A] -> 0x0000
[427] [M]: 0x0000000080120788 (0x00000013) addi zero, zero, 0
mem[X,0x000000008012078C] -> 0x0013
mem[X,0x000000008012078E] -> 0x0000
[428] [M]: 0x000000008012078C (0x00000013) addi zero, zero, 0
mem[X,0x0000000080120790] -> 0x0013
mem[X,0x0000000080120792] -> 0x0000
[429] [M]: 0x0000000080120790 (0x00000013) addi zero, zero, 0
mem[X,0x0000000080120794] -> 0x0013
mem[X,0x0000000080120796] -> 0x0000
[430] [M]: 0x0000000080120794 (0x00000013) addi zero, zero, 0
mem[X,0x0000000080120798] -> 0x0013
mem[X,0x000000008012079A] -> 0x0000
[431] [M]: 0x0000000080120798 (0x00000013) addi zero, zero, 0
mem[X,0x000000008012079C] -> 0x0013
mem[X,0x000000008012079E] -> 0x0000
[432] [M]: 0x000000008012079C (0x00000013) addi zero, zero, 0
mem[X,0x00000000801207A0] -> 0x0067
mem[X,0x00000000801207A2] -> 0x0006
[433] [M]: 0x00000000801207A0 (0x00060067) jalr zero, a2, 0
mem[X,0x00000000801207A4] -> 0x0013
mem[X,0x00000000801207A6] -> 0x0000
[434] [M]: 0x00000000801207A4 (0x00000013) addi zero, zero, 0
mem[X,0x00000000801207A8] -> 0x0013
mem[X,0x00000000801207AA] -> 0x0000
[435] [M]: 0x00000000801207A8 (0x00000013) addi zero, zero, 0
mem[X,0x00000000801207AC] -> 0x0013
mem[X,0x00000000801207AE] -> 0x0000
[436] [M]: 0x00000000801207AC (0x00000013) addi zero, zero, 0
mem[X,0x00000000801207B0] -> 0x0013
mem[X,0x00000000801207B2] -> 0x0000
[437] [M]: 0x00000000801207B0 (0x00000013) addi zero, zero, 0
mem[X,0x00000000801207B4] -> 0x0013
mem[X,0x00000000801207B6] -> 0x0000
[438] [M]: 0x00000000801207B4 (0x00000013) addi zero, zero, 0
mem[X,0x00000000801207B8] -> 0x0013
mem[X,0x00000000801207BA] -> 0x0000
[439] [M]: 0x00000000801207B8 (0x00000013) addi zero, zero, 0
mem[X,0x00000000801207BC] -> 0x0013
mem[X,0x00000000801207BE] -> 0x0000
[440] [M]: 0x00000000801207BC (0x00000013) addi zero, zero, 0
mem[X,0x00000000801207C0] -> 0x0617
mem[X,0x00000000801207C2] -> 0xFFF8
[441] [M]: 0x00000000801207C0 (0xFFF80617) auipc a2, 1048448
x12 <- 0x00000000800A07C0
mem[X,0x00000000801207C4] -> 0x0613
mem[X,0x00000000801207C6] -> 0xF2C6
[442] [M]: 0x00000000801207C4 (0xF2C60613) addi a2, a2, 3884
x12 <- 0x00000000800A06EC
mem[X,0x00000000801207C8] -> 0x0013
mem[X,0x00000000801207CA] -> 0x0000
[443] [M]: 0x00000000801207C8 (0x00000013) addi zero, zero, 0
mem[X,0x00000000801207CC] -> 0x0013
mem[X,0x00000000801207CE] -> 0x0000
[444] [M]: 0x00000000801207CC (0x00000013) addi zero, zero, 0
mem[X,0x00000000801207D0] -> 0x0013
mem[X,0x00000000801207D2] -> 0x0000
[445] [M]: 0x00000000801207D0 (0x00000013) addi zero, zero, 0
mem[X,0x00000000801207D4] -> 0x0013
mem[X,0x00000000801207D6] -> 0x0000
[446] [M]: 0x00000000801207D4 (0x00000013) addi zero, zero, 0
mem[X,0x00000000801207D8] -> 0x0013
mem[X,0x00000000801207DA] -> 0x0000
[447] [M]: 0x00000000801207D8 (0x00000013) addi zero, zero, 0
mem[X,0x00000000801207DC] -> 0x0013
mem[X,0x00000000801207DE] -> 0x0000
[448] [M]: 0x00000000801207DC (0x00000013) addi zero, zero, 0
mem[X,0x00000000801207E0] -> 0x7613
mem[X,0x00000000801207E2] -> 0xFFC6
[449] [M]: 0x00000000801207E0 (0xFFC67613) andi a2, a2, 4092
x12 <- 0x00000000800A06EC
mem[X,0x00000000801207E4] -> 0x8FB3
mem[X,0x00000000801207E6] -> 0x40CF
[450] [M]: 0x00000000801207E4 (0x40CF8FB3) sub t6, t6, a2
x31 <- 0x0000000000000087
mem[X,0x00000000801207E8] -> 0xBC23
mem[X,0x00000000801207EA] -> 0x01F3
[451] [M]: 0x00000000801207E8 (0x01F3BC23) sd t6, 24(t2)
mem[0x0000000080125130] <- 0x0000000000000087
mem[X,0x00000000801207EC] -> 0x0013
mem[X,0x00000000801207EE] -> 0x0000
[452] [M]: 0x00000000801207EC (0x00000013) addi zero, zero, 0
mem[X,0x00000000801207F0] -> 0x0013
mem[X,0x00000000801207F2] -> 0x0000
[453] [M]: 0x00000000801207F0 (0x00000013) addi zero, zero, 0
mem[X,0x00000000801207F4] -> 0x0013
mem[X,0x00000000801207F6] -> 0x0000
[454] [M]: 0x00000000801207F4 (0x00000013) addi zero, zero, 0
mem[X,0x00000000801207F8] -> 0x0013
mem[X,0x00000000801207FA] -> 0x0000
[455] [M]: 0x00000000801207F8 (0x00000013) addi zero, zero, 0
mem[X,0x00000000801207FC] -> 0x0013
mem[X,0x00000000801207FE] -> 0x0000
[456] [M]: 0x00000000801207FC (0x00000013) addi zero, zero, 0
mem[X,0x0000000080120800] -> 0x0617
mem[X,0x0000000080120802] -> 0x0000
[457] [M]: 0x0000000080120800 (0x00000617) auipc a2, 0
x12 <- 0x0000000080120800
mem[X,0x0000000080120804] -> 0x0613
mem[X,0x0000000080120806] -> 0x06C6
[458] [M]: 0x0000000080120804 (0x06C60613) addi a2, a2, 108
x12 <- 0x000000008012086C
mem[X,0x0000000080120808] -> 0x0013
mem[X,0x000000008012080A] -> 0x0000
[459] [M]: 0x0000000080120808 (0x00000013) addi zero, zero, 0
mem[X,0x000000008012080C] -> 0x0013
mem[X,0x000000008012080E] -> 0x0000
[460] [M]: 0x000000008012080C (0x00000013) addi zero, zero, 0
mem[X,0x0000000080120810] -> 0x0013
mem[X,0x0000000080120812] -> 0x0000
[461] [M]: 0x0000000080120810 (0x00000013) addi zero, zero, 0
mem[X,0x0000000080120814] -> 0x0013
mem[X,0x0000000080120816] -> 0x0000
[462] [M]: 0x0000000080120814 (0x00000013) addi zero, zero, 0
mem[X,0x0000000080120818] -> 0x0013
mem[X,0x000000008012081A] -> 0x0000
[463] [M]: 0x0000000080120818 (0x00000013) addi zero, zero, 0
mem[X,0x000000008012081C] -> 0x0013
mem[X,0x000000008012081E] -> 0x0000
[464] [M]: 0x000000008012081C (0x00000013) addi zero, zero, 0
mem[X,0x0000000080120820] -> 0x0067
mem[X,0x0000000080120822] -> 0x0006
[465] [M]: 0x0000000080120820 (0x00060067) jalr zero, a2, 0
mem[X,0x000000008012086C] -> 0x076F
mem[X,0x000000008012086E] -> 0x00C0
[466] [M]: 0x000000008012086C (0x00C0076F) jal a4, 12
x14 <- 0x0000000080120870
mem[X,0x0000000080120878] -> 0x4713
mem[X,0x000000008012087A] -> 0x0037
[467] [M]: 0x0000000080120878 (0x00374713) xori a4, a4, 3
x14 <- 0x0000000080120873
mem[X,0x000000008012087C] -> 0x0013
mem[X,0x000000008012087E] -> 0x0000
[468] [M]: 0x000000008012087C (0x00000013) addi zero, zero, 0
mem[X,0x0000000080120880] -> 0x0617
mem[X,0x0000000080120882] -> 0x0000
[469] [M]: 0x0000000080120880 (0x00000617) auipc a2, 0
x12 <- 0x0000000080120880
mem[X,0x0000000080120884] -> 0x0613
mem[X,0x0000000080120886] -> 0x0246
[470] [M]: 0x0000000080120884 (0x02460613) addi a2, a2, 36
x12 <- 0x00000000801208A4
mem[X,0x0000000080120888] -> 0x0013
mem[X,0x000000008012088A] -> 0x0000
[471] [M]: 0x0000000080120888 (0x00000013) addi zero, zero, 0
mem[X,0x000000008012088C] -> 0x0013
mem[X,0x000000008012088E] -> 0x0000
[472] [M]: 0x000000008012088C (0x00000013) addi zero, zero, 0
mem[X,0x0000000080120890] -> 0x0013
mem[X,0x0000000080120892] -> 0x0000
[473] [M]: 0x0000000080120890 (0x00000013) addi zero, zero, 0
mem[X,0x0000000080120894] -> 0x0013
mem[X,0x0000000080120896] -> 0x0000
[474] [M]: 0x0000000080120894 (0x00000013) addi zero, zero, 0
mem[X,0x0000000080120898] -> 0x0013
mem[X,0x000000008012089A] -> 0x0000
[475] [M]: 0x0000000080120898 (0x00000013) addi zero, zero, 0
mem[X,0x000000008012089C] -> 0x0013
mem[X,0x000000008012089E] -> 0x0000
[476] [M]: 0x000000008012089C (0x00000013) addi zero, zero, 0
mem[X,0x00000000801208A0] -> 0x0067
mem[X,0x00000000801208A2] -> 0x0006
[477] [M]: 0x00000000801208A0 (0x00060067) jalr zero, a2, 0
mem[X,0x00000000801208A4] -> 0x0013
mem[X,0x00000000801208A6] -> 0x0000
[478] [M]: 0x00000000801208A4 (0x00000013) addi zero, zero, 0
mem[X,0x00000000801208A8] -> 0x0013
mem[X,0x00000000801208AA] -> 0x0000
[479] [M]: 0x00000000801208A8 (0x00000013) addi zero, zero, 0
mem[X,0x00000000801208AC] -> 0x0013
mem[X,0x00000000801208AE] -> 0x0000
[480] [M]: 0x00000000801208AC (0x00000013) addi zero, zero, 0
mem[X,0x00000000801208B0] -> 0x0013
mem[X,0x00000000801208B2] -> 0x0000
[481] [M]: 0x00000000801208B0 (0x00000013) addi zero, zero, 0
mem[X,0x00000000801208B4] -> 0x0013
mem[X,0x00000000801208B6] -> 0x0000
[482] [M]: 0x00000000801208B4 (0x00000013) addi zero, zero, 0
mem[X,0x00000000801208B8] -> 0x0013
mem[X,0x00000000801208BA] -> 0x0000
[483] [M]: 0x00000000801208B8 (0x00000013) addi zero, zero, 0
mem[X,0x00000000801208BC] -> 0x0013
mem[X,0x00000000801208BE] -> 0x0000
[484] [M]: 0x00000000801208BC (0x00000013) addi zero, zero, 0
mem[X,0x00000000801208C0] -> 0x0617
mem[X,0x00000000801208C2] -> 0x0000
[485] [M]: 0x00000000801208C0 (0x00000617) auipc a2, 0
x12 <- 0x00000000801208C0
mem[X,0x00000000801208C4] -> 0x0613
mem[X,0x00000000801208C6] -> 0xF2C6
[486] [M]: 0x00000000801208C4 (0xF2C60613) addi a2, a2, 3884
x12 <- 0x00000000801207EC
mem[X,0x00000000801208C8] -> 0x0013
mem[X,0x00000000801208CA] -> 0x0000
[487] [M]: 0x00000000801208C8 (0x00000013) addi zero, zero, 0
mem[X,0x00000000801208CC] -> 0x0013
mem[X,0x00000000801208CE] -> 0x0000
[488] [M]: 0x00000000801208CC (0x00000013) addi zero, zero, 0
mem[X,0x00000000801208D0] -> 0x0013
mem[X,0x00000000801208D2] -> 0x0000
[489] [M]: 0x00000000801208D0 (0x00000013) addi zero, zero, 0
mem[X,0x00000000801208D4] -> 0x0013
mem[X,0x00000000801208D6] -> 0x0000
[490] [M]: 0x00000000801208D4 (0x00000013) addi zero, zero, 0
mem[X,0x00000000801208D8] -> 0x0013
mem[X,0x00000000801208DA] -> 0x0000
[491] [M]: 0x00000000801208D8 (0x00000013) addi zero, zero, 0
mem[X,0x00000000801208DC] -> 0x0013
mem[X,0x00000000801208DE] -> 0x0000
[492] [M]: 0x00000000801208DC (0x00000013) addi zero, zero, 0
mem[X,0x00000000801208E0] -> 0x7613
mem[X,0x00000000801208E2] -> 0xFFC6
[493] [M]: 0x00000000801208E0 (0xFFC67613) andi a2, a2, 4092
x12 <- 0x00000000801207EC
mem[X,0x00000000801208E4] -> 0x0733
mem[X,0x00000000801208E6] -> 0x40C7
[494] [M]: 0x00000000801208E4 (0x40C70733) sub a4, a4, a2
x14 <- 0x0000000000000087
mem[X,0x00000000801208E8] -> 0xB023
mem[X,0x00000000801208EA] -> 0x02E3
[495] [M]: 0x00000000801208E8 (0x02E3B023) sd a4, 32(t2)
mem[0x0000000080125138] <- 0x0000000000000087
mem[X,0x00000000801208EC] -> 0x0013
mem[X,0x00000000801208EE] -> 0x0000
[496] [M]: 0x00000000801208EC (0x00000013) addi zero, zero, 0
mem[X,0x00000000801208F0] -> 0x0013
mem[X,0x00000000801208F2] -> 0x0000
[497] [M]: 0x00000000801208F0 (0x00000013) addi zero, zero, 0
mem[X,0x00000000801208F4] -> 0x0013
mem[X,0x00000000801208F6] -> 0x0000
[498] [M]: 0x00000000801208F4 (0x00000013) addi zero, zero, 0
mem[X,0x00000000801208F8] -> 0x0013
mem[X,0x00000000801208FA] -> 0x0000
[499] [M]: 0x00000000801208F8 (0x00000013) addi zero, zero, 0
clint::tick mtime <- 0x0000000000000005
 clint timer pending at mtime 0x0000000000000005
htif::tick 0x0000000000000000
mem[X,0x00000000801208FC] -> 0x0013
mem[X,0x00000000801208FE] -> 0x0000
[500] [M]: 0x00000000801208FC (0x00000013) addi zero, zero, 0
mem[X,0x0000000080120900] -> 0x0617
mem[X,0x0000000080120902] -> 0x0000
[501] [M]: 0x0000000080120900 (0x00000617) auipc a2, 0
x12 <- 0x0000000080120900
mem[X,0x0000000080120904] -> 0x0613
mem[X,0x0000000080120906] -> 0x06C6
[502] [M]: 0x0000000080120904 (0x06C60613) addi a2, a2, 108
x12 <- 0x000000008012096C
mem[X,0x0000000080120908] -> 0x0013
mem[X,0x000000008012090A] -> 0x0000
[503] [M]: 0x0000000080120908 (0x00000013) addi zero, zero, 0
mem[X,0x000000008012090C] -> 0x0013
mem[X,0x000000008012090E] -> 0x0000
[504] [M]: 0x000000008012090C (0x00000013) addi zero, zero, 0
mem[X,0x0000000080120910] -> 0x0013
mem[X,0x0000000080120912] -> 0x0000
[505] [M]: 0x0000000080120910 (0x00000013) addi zero, zero, 0
mem[X,0x0000000080120914] -> 0x0013
mem[X,0x0000000080120916] -> 0x0000
[506] [M]: 0x0000000080120914 (0x00000013) addi zero, zero, 0
mem[X,0x0000000080120918] -> 0x0013
mem[X,0x000000008012091A] -> 0x0000
[507] [M]: 0x0000000080120918 (0x00000013) addi zero, zero, 0
mem[X,0x000000008012091C] -> 0x0013
mem[X,0x000000008012091E] -> 0x0000
[508] [M]: 0x000000008012091C (0x00000013) addi zero, zero, 0
mem[X,0x0000000080120920] -> 0x0067
mem[X,0x0000000080120922] -> 0x0006
[509] [M]: 0x0000000080120920 (0x00060067) jalr zero, a2, 0
mem[X,0x000000008012096C] -> 0x0C6F
mem[X,0x000000008012096E] -> 0x00C0
[510] [M]: 0x000000008012096C (0x00C00C6F) jal s8, 12
x24 <- 0x0000000080120970
mem[X,0x0000000080120978] -> 0x4C13
mem[X,0x000000008012097A] -> 0x003C
[511] [M]: 0x0000000080120978 (0x003C4C13) xori s8, s8, 3
x24 <- 0x0000000080120973
mem[X,0x000000008012097C] -> 0x0013
mem[X,0x000000008012097E] -> 0x0000
[512] [M]: 0x000000008012097C (0x00000013) addi zero, zero, 0
mem[X,0x0000000080120980] -> 0x0617
mem[X,0x0000000080120982] -> 0x0000
[513] [M]: 0x0000000080120980 (0x00000617) auipc a2, 0
x12 <- 0x0000000080120980
mem[X,0x0000000080120984] -> 0x0613
mem[X,0x0000000080120986] -> 0x0246
[514] [M]: 0x0000000080120984 (0x02460613) addi a2, a2, 36
x12 <- 0x00000000801209A4
mem[X,0x0000000080120988] -> 0x0013
mem[X,0x000000008012098A] -> 0x0000
[515] [M]: 0x0000000080120988 (0x00000013) addi zero, zero, 0
mem[X,0x000000008012098C] -> 0x0013
mem[X,0x000000008012098E] -> 0x0000
[516] [M]: 0x000000008012098C (0x00000013) addi zero, zero, 0
mem[X,0x0000000080120990] -> 0x0013
mem[X,0x0000000080120992] -> 0x0000
[517] [M]: 0x0000000080120990 (0x00000013) addi zero, zero, 0
mem[X,0x0000000080120994] -> 0x0013
mem[X,0x0000000080120996] -> 0x0000
[518] [M]: 0x0000000080120994 (0x00000013) addi zero, zero, 0
mem[X,0x0000000080120998] -> 0x0013
mem[X,0x000000008012099A] -> 0x0000
[519] [M]: 0x0000000080120998 (0x00000013) addi zero, zero, 0
mem[X,0x000000008012099C] -> 0x0013
mem[X,0x000000008012099E] -> 0x0000
[520] [M]: 0x000000008012099C (0x00000013) addi zero, zero, 0
mem[X,0x00000000801209A0] -> 0x0067
mem[X,0x00000000801209A2] -> 0x0006
[521] [M]: 0x00000000801209A0 (0x00060067) jalr zero, a2, 0
mem[X,0x00000000801209A4] -> 0x0013
mem[X,0x00000000801209A6] -> 0x0000
[522] [M]: 0x00000000801209A4 (0x00000013) addi zero, zero, 0
mem[X,0x00000000801209A8] -> 0x0013
mem[X,0x00000000801209AA] -> 0x0000
[523] [M]: 0x00000000801209A8 (0x00000013) addi zero, zero, 0
mem[X,0x00000000801209AC] -> 0x0013
mem[X,0x00000000801209AE] -> 0x0000
[524] [M]: 0x00000000801209AC (0x00000013) addi zero, zero, 0
mem[X,0x00000000801209B0] -> 0x0013
mem[X,0x00000000801209B2] -> 0x0000
[525] [M]: 0x00000000801209B0 (0x00000013) addi zero, zero, 0
mem[X,0x00000000801209B4] -> 0x0013
mem[X,0x00000000801209B6] -> 0x0000
[526] [M]: 0x00000000801209B4 (0x00000013) addi zero, zero, 0
mem[X,0x00000000801209B8] -> 0x0013
mem[X,0x00000000801209BA] -> 0x0000
[527] [M]: 0x00000000801209B8 (0x00000013) addi zero, zero, 0
mem[X,0x00000000801209BC] -> 0x0013
mem[X,0x00000000801209BE] -> 0x0000
[528] [M]: 0x00000000801209BC (0x00000013) addi zero, zero, 0
mem[X,0x00000000801209C0] -> 0x0617
mem[X,0x00000000801209C2] -> 0x0000
[529] [M]: 0x00000000801209C0 (0x00000617) auipc a2, 0
x12 <- 0x00000000801209C0
mem[X,0x00000000801209C4] -> 0x0613
mem[X,0x00000000801209C6] -> 0xF2C6
[530] [M]: 0x00000000801209C4 (0xF2C60613) addi a2, a2, 3884
x12 <- 0x00000000801208EC
mem[X,0x00000000801209C8] -> 0x0013
mem[X,0x00000000801209CA] -> 0x0000
[531] [M]: 0x00000000801209C8 (0x00000013) addi zero, zero, 0
mem[X,0x00000000801209CC] -> 0x0013
mem[X,0x00000000801209CE] -> 0x0000
[532] [M]: 0x00000000801209CC (0x00000013) addi zero, zero, 0
mem[X,0x00000000801209D0] -> 0x0013
mem[X,0x00000000801209D2] -> 0x0000
[533] [M]: 0x00000000801209D0 (0x00000013) addi zero, zero, 0
mem[X,0x00000000801209D4] -> 0x0013
mem[X,0x00000000801209D6] -> 0x0000
[534] [M]: 0x00000000801209D4 (0x00000013) addi zero, zero, 0
mem[X,0x00000000801209D8] -> 0x0013
mem[X,0x00000000801209DA] -> 0x0000
[535] [M]: 0x00000000801209D8 (0x00000013) addi zero, zero, 0
mem[X,0x00000000801209DC] -> 0x0013
mem[X,0x00000000801209DE] -> 0x0000
[536] [M]: 0x00000000801209DC (0x00000013) addi zero, zero, 0
mem[X,0x00000000801209E0] -> 0x7613
mem[X,0x00000000801209E2] -> 0xFFC6
[537] [M]: 0x00000000801209E0 (0xFFC67613) andi a2, a2, 4092
x12 <- 0x00000000801208EC
mem[X,0x00000000801209E4] -> 0x0C33
mem[X,0x00000000801209E6] -> 0x40CC
[538] [M]: 0x00000000801209E4 (0x40CC0C33) sub s8, s8, a2
x24 <- 0x0000000000000087
mem[X,0x00000000801209E8] -> 0xB423
mem[X,0x00000000801209EA] -> 0x0383
[539] [M]: 0x00000000801209E8 (0x0383B423) sd s8, 40(t2)
mem[0x0000000080125140] <- 0x0000000000000087
mem[X,0x00000000801209EC] -> 0x0013
mem[X,0x00000000801209EE] -> 0x0000
[540] [M]: 0x00000000801209EC (0x00000013) addi zero, zero, 0
mem[X,0x00000000801209F0] -> 0x0013
mem[X,0x00000000801209F2] -> 0x0000
[541] [M]: 0x00000000801209F0 (0x00000013) addi zero, zero, 0
mem[X,0x00000000801209F4] -> 0x0013
mem[X,0x00000000801209F6] -> 0x0000
[542] [M]: 0x00000000801209F4 (0x00000013) addi zero, zero, 0
mem[X,0x00000000801209F8] -> 0x0013
mem[X,0x00000000801209FA] -> 0x0000
[543] [M]: 0x00000000801209F8 (0x00000013) addi zero, zero, 0
mem[X,0x00000000801209FC] -> 0x0013
mem[X,0x00000000801209FE] -> 0x0000
[544] [M]: 0x00000000801209FC (0x00000013) addi zero, zero, 0
mem[X,0x0000000080120A00] -> 0x0617
mem[X,0x0000000080120A02] -> 0x0000
[545] [M]: 0x0000000080120A00 (0x00000617) auipc a2, 0
x12 <- 0x0000000080120A00
mem[X,0x0000000080120A04] -> 0x0613
mem[X,0x0000000080120A06] -> 0x06C6
[546] [M]: 0x0000000080120A04 (0x06C60613) addi a2, a2, 108
x12 <- 0x0000000080120A6C
mem[X,0x0000000080120A08] -> 0x0013
mem[X,0x0000000080120A0A] -> 0x0000
[547] [M]: 0x0000000080120A08 (0x00000013) addi zero, zero, 0
mem[X,0x0000000080120A0C] -> 0x0013
mem[X,0x0000000080120A0E] -> 0x0000
[548] [M]: 0x0000000080120A0C (0x00000013) addi zero, zero, 0
mem[X,0x0000000080120A10] -> 0x0013
mem[X,0x0000000080120A12] -> 0x0000
[549] [M]: 0x0000000080120A10 (0x00000013) addi zero, zero, 0
mem[X,0x0000000080120A14] -> 0x0013
mem[X,0x0000000080120A16] -> 0x0000
[550] [M]: 0x0000000080120A14 (0x00000013) addi zero, zero, 0
mem[X,0x0000000080120A18] -> 0x0013
mem[X,0x0000000080120A1A] -> 0x0000
[551] [M]: 0x0000000080120A18 (0x00000013) addi zero, zero, 0
mem[X,0x0000000080120A1C] -> 0x0013
mem[X,0x0000000080120A1E] -> 0x0000
[552] [M]: 0x0000000080120A1C (0x00000013) addi zero, zero, 0
mem[X,0x0000000080120A20] -> 0x0067
mem[X,0x0000000080120A22] -> 0x0006
[553] [M]: 0x0000000080120A20 (0x00060067) jalr zero, a2, 0
mem[X,0x0000000080120A6C] -> 0x096F
mem[X,0x0000000080120A6E] -> 0x00C0
[554] [M]: 0x0000000080120A6C (0x00C0096F) jal s2, 12
x18 <- 0x0000000080120A70
mem[X,0x0000000080120A78] -> 0x4913
mem[X,0x0000000080120A7A] -> 0x0039
[555] [M]: 0x0000000080120A78 (0x00394913) xori s2, s2, 3
x18 <- 0x0000000080120A73
mem[X,0x0000000080120A7C] -> 0x0013
mem[X,0x0000000080120A7E] -> 0x0000
[556] [M]: 0x0000000080120A7C (0x00000013) addi zero, zero, 0
mem[X,0x0000000080120A80] -> 0x0617
mem[X,0x0000000080120A82] -> 0x0000
[557] [M]: 0x0000000080120A80 (0x00000617) auipc a2, 0
x12 <- 0x0000000080120A80
mem[X,0x0000000080120A84] -> 0x0613
mem[X,0x0000000080120A86] -> 0x0246
[558] [M]: 0x0000000080120A84 (0x02460613) addi a2, a2, 36
x12 <- 0x0000000080120AA4
mem[X,0x0000000080120A88] -> 0x0013
mem[X,0x0000000080120A8A] -> 0x0000
[559] [M]: 0x0000000080120A88 (0x00000013) addi zero, zero, 0
mem[X,0x0000000080120A8C] -> 0x0013
mem[X,0x0000000080120A8E] -> 0x0000
[560] [M]: 0x0000000080120A8C (0x00000013) addi zero, zero, 0
mem[X,0x0000000080120A90] -> 0x0013
mem[X,0x0000000080120A92] -> 0x0000
[561] [M]: 0x0000000080120A90 (0x00000013) addi zero, zero, 0
mem[X,0x0000000080120A94] -> 0x0013
mem[X,0x0000000080120A96] -> 0x0000
[562] [M]: 0x0000000080120A94 (0x00000013) addi zero, zero, 0
mem[X,0x0000000080120A98] -> 0x0013
mem[X,0x0000000080120A9A] -> 0x0000
[563] [M]: 0x0000000080120A98 (0x00000013) addi zero, zero, 0
mem[X,0x0000000080120A9C] -> 0x0013
mem[X,0x0000000080120A9E] -> 0x0000
[564] [M]: 0x0000000080120A9C (0x00000013) addi zero, zero, 0
mem[X,0x0000000080120AA0] -> 0x0067
mem[X,0x0000000080120AA2] -> 0x0006
[565] [M]: 0x0000000080120AA0 (0x00060067) jalr zero, a2, 0
mem[X,0x0000000080120AA4] -> 0x0013
mem[X,0x0000000080120AA6] -> 0x0000
[566] [M]: 0x0000000080120AA4 (0x00000013) addi zero, zero, 0
mem[X,0x0000000080120AA8] -> 0x0013
mem[X,0x0000000080120AAA] -> 0x0000
[567] [M]: 0x0000000080120AA8 (0x00000013) addi zero, zero, 0
mem[X,0x0000000080120AAC] -> 0x0013
mem[X,0x0000000080120AAE] -> 0x0000
[568] [M]: 0x0000000080120AAC (0x00000013) addi zero, zero, 0
mem[X,0x0000000080120AB0] -> 0x0013
mem[X,0x0000000080120AB2] -> 0x0000
[569] [M]: 0x0000000080120AB0 (0x00000013) addi zero, zero, 0
mem[X,0x0000000080120AB4] -> 0x0013
mem[X,0x0000000080120AB6] -> 0x0000
[570] [M]: 0x0000000080120AB4 (0x00000013) addi zero, zero, 0
mem[X,0x0000000080120AB8] -> 0x0013
mem[X,0x0000000080120ABA] -> 0x0000
[571] [M]: 0x0000000080120AB8 (0x00000013) addi zero, zero, 0
mem[X,0x0000000080120ABC] -> 0x0013
mem[X,0x0000000080120ABE] -> 0x0000
[572] [M]: 0x0000000080120ABC (0x00000013) addi zero, zero, 0
mem[X,0x0000000080120AC0] -> 0x0617
mem[X,0x0000000080120AC2] -> 0x0000
[573] [M]: 0x0000000080120AC0 (0x00000617) auipc a2, 0
x12 <- 0x0000000080120AC0
mem[X,0x0000000080120AC4] -> 0x0613
mem[X,0x0000000080120AC6] -> 0xF2C6
[574] [M]: 0x0000000080120AC4 (0xF2C60613) addi a2, a2, 3884
x12 <- 0x00000000801209EC
mem[X,0x0000000080120AC8] -> 0x0013
mem[X,0x0000000080120ACA] -> 0x0000
[575] [M]: 0x0000000080120AC8 (0x00000013) addi zero, zero, 0
mem[X,0x0000000080120ACC] -> 0x0013
mem[X,0x0000000080120ACE] -> 0x0000
[576] [M]: 0x0000000080120ACC (0x00000013) addi zero, zero, 0
mem[X,0x0000000080120AD0] -> 0x0013
mem[X,0x0000000080120AD2] -> 0x0000
[577] [M]: 0x0000000080120AD0 (0x00000013) addi zero, zero, 0
mem[X,0x0000000080120AD4] -> 0x0013
mem[X,0x0000000080120AD6] -> 0x0000
[578] [M]: 0x0000000080120AD4 (0x00000013) addi zero, zero, 0
mem[X,0x0000000080120AD8] -> 0x0013
mem[X,0x0000000080120ADA] -> 0x0000
[579] [M]: 0x0000000080120AD8 (0x00000013) addi zero, zero, 0
mem[X,0x0000000080120ADC] -> 0x0013
mem[X,0x0000000080120ADE] -> 0x0000
[580] [M]: 0x0000000080120ADC (0x00000013) addi zero, zero, 0
mem[X,0x0000000080120AE0] -> 0x7613
mem[X,0x0000000080120AE2] -> 0xFFC6
[581] [M]: 0x0000000080120AE0 (0xFFC67613) andi a2, a2, 4092
x12 <- 0x00000000801209EC
mem[X,0x0000000080120AE4] -> 0x0933
mem[X,0x0000000080120AE6] -> 0x40C9
[582] [M]: 0x0000000080120AE4 (0x40C90933) sub s2, s2, a2
x18 <- 0x0000000000000087
mem[X,0x0000000080120AE8] -> 0xB823
mem[X,0x0000000080120AEA] -> 0x0323
[583] [M]: 0x0000000080120AE8 (0x0323B823) sd s2, 48(t2)
mem[0x0000000080125148] <- 0x0000000000000087
mem[X,0x0000000080120AEC] -> 0x0013
mem[X,0x0000000080120AEE] -> 0x0000
[584] [M]: 0x0000000080120AEC (0x00000013) addi zero, zero, 0
mem[X,0x0000000080120AF0] -> 0x0013
mem[X,0x0000000080120AF2] -> 0x0000
[585] [M]: 0x0000000080120AF0 (0x00000013) addi zero, zero, 0
mem[X,0x0000000080120AF4] -> 0x0013
mem[X,0x0000000080120AF6] -> 0x0000
[586] [M]: 0x0000000080120AF4 (0x00000013) addi zero, zero, 0
mem[X,0x0000000080120AF8] -> 0x0013
mem[X,0x0000000080120AFA] -> 0x0000
[587] [M]: 0x0000000080120AF8 (0x00000013) addi zero, zero, 0
mem[X,0x0000000080120AFC] -> 0x0013
mem[X,0x0000000080120AFE] -> 0x0000
[588] [M]: 0x0000000080120AFC (0x00000013) addi zero, zero, 0
mem[X,0x0000000080120B00] -> 0x0617
mem[X,0x0000000080120B02] -> 0x0000
[589] [M]: 0x0000000080120B00 (0x00000617) auipc a2, 0
x12 <- 0x0000000080120B00
mem[X,0x0000000080120B04] -> 0x0613
mem[X,0x0000000080120B06] -> 0x06C6
[590] [M]: 0x0000000080120B04 (0x06C60613) addi a2, a2, 108
x12 <- 0x0000000080120B6C
mem[X,0x0000000080120B08] -> 0x0013
mem[X,0x0000000080120B0A] -> 0x0000
[591] [M]: 0x0000000080120B08 (0x00000013) addi zero, zero, 0
mem[X,0x0000000080120B0C] -> 0x0013
mem[X,0x0000000080120B0E] -> 0x0000
[592] [M]: 0x0000000080120B0C (0x00000013) addi zero, zero, 0
mem[X,0x0000000080120B10] -> 0x0013
mem[X,0x0000000080120B12] -> 0x0000
[593] [M]: 0x0000000080120B10 (0x00000013) addi zero, zero, 0
mem[X,0x0000000080120B14] -> 0x0013
mem[X,0x0000000080120B16] -> 0x0000
[594] [M]: 0x0000000080120B14 (0x00000013) addi zero, zero, 0
mem[X,0x0000000080120B18] -> 0x0013
mem[X,0x0000000080120B1A] -> 0x0000
[595] [M]: 0x0000000080120B18 (0x00000013) addi zero, zero, 0
mem[X,0x0000000080120B1C] -> 0x0013
mem[X,0x0000000080120B1E] -> 0x0000
[596] [M]: 0x0000000080120B1C (0x00000013) addi zero, zero, 0
mem[X,0x0000000080120B20] -> 0x0067
mem[X,0x0000000080120B22] -> 0x0006
[597] [M]: 0x0000000080120B20 (0x00060067) jalr zero, a2, 0
mem[X,0x0000000080120B6C] -> 0x036F
mem[X,0x0000000080120B6E] -> 0x00C0
[598] [M]: 0x0000000080120B6C (0x00C0036F) jal t1, 12
x6 <- 0x0000000080120B70
mem[X,0x0000000080120B78] -> 0x4313
mem[X,0x0000000080120B7A] -> 0x0033
[599] [M]: 0x0000000080120B78 (0x00334313) xori t1, t1, 3
x6 <- 0x0000000080120B73
clint::tick mtime <- 0x0000000000000006
 clint timer pending at mtime 0x0000000000000006
htif::tick 0x0000000000000000
mem[X,0x0000000080120B7C] -> 0x0013
mem[X,0x0000000080120B7E] -> 0x0000
[600] [M]: 0x0000000080120B7C (0x00000013) addi zero, zero, 0
mem[X,0x0000000080120B80] -> 0x0617
mem[X,0x0000000080120B82] -> 0x0000
[601] [M]: 0x0000000080120B80 (0x00000617) auipc a2, 0
x12 <- 0x0000000080120B80
mem[X,0x0000000080120B84] -> 0x0613
mem[X,0x0000000080120B86] -> 0x0246
[602] [M]: 0x0000000080120B84 (0x02460613) addi a2, a2, 36
x12 <- 0x0000000080120BA4
mem[X,0x0000000080120B88] -> 0x0013
mem[X,0x0000000080120B8A] -> 0x0000
[603] [M]: 0x0000000080120B88 (0x00000013) addi zero, zero, 0
mem[X,0x0000000080120B8C] -> 0x0013
mem[X,0x0000000080120B8E] -> 0x0000
[604] [M]: 0x0000000080120B8C (0x00000013) addi zero, zero, 0
mem[X,0x0000000080120B90] -> 0x0013
mem[X,0x0000000080120B92] -> 0x0000
[605] [M]: 0x0000000080120B90 (0x00000013) addi zero, zero, 0
mem[X,0x0000000080120B94] -> 0x0013
mem[X,0x0000000080120B96] -> 0x0000
[606] [M]: 0x0000000080120B94 (0x00000013) addi zero, zero, 0
mem[X,0x0000000080120B98] -> 0x0013
mem[X,0x0000000080120B9A] -> 0x0000
[607] [M]: 0x0000000080120B98 (0x00000013) addi zero, zero, 0
mem[X,0x0000000080120B9C] -> 0x0013
mem[X,0x0000000080120B9E] -> 0x0000
[608] [M]: 0x0000000080120B9C (0x00000013) addi zero, zero, 0
mem[X,0x0000000080120BA0] -> 0x0067
mem[X,0x0000000080120BA2] -> 0x0006
[609] [M]: 0x0000000080120BA0 (0x00060067) jalr zero, a2, 0
mem[X,0x0000000080120BA4] -> 0x0013
mem[X,0x0000000080120BA6] -> 0x0000
[610] [M]: 0x0000000080120BA4 (0x00000013) addi zero, zero, 0
mem[X,0x0000000080120BA8] -> 0x0013
mem[X,0x0000000080120BAA] -> 0x0000
[611] [M]: 0x0000000080120BA8 (0x00000013) addi zero, zero, 0
mem[X,0x0000000080120BAC] -> 0x0013
mem[X,0x0000000080120BAE] -> 0x0000
[612] [M]: 0x0000000080120BAC (0x00000013) addi zero, zero, 0
mem[X,0x0000000080120BB0] -> 0x0013
mem[X,0x0000000080120BB2] -> 0x0000
[613] [M]: 0x0000000080120BB0 (0x00000013) addi zero, zero, 0
mem[X,0x0000000080120BB4] -> 0x0013
mem[X,0x0000000080120BB6] -> 0x0000
[614] [M]: 0x0000000080120BB4 (0x00000013) addi zero, zero, 0
mem[X,0x0000000080120BB8] -> 0x0013
mem[X,0x0000000080120BBA] -> 0x0000
[615] [M]: 0x0000000080120BB8 (0x00000013) addi zero, zero, 0
mem[X,0x0000000080120BBC] -> 0x0013
mem[X,0x0000000080120BBE] -> 0x0000
[616] [M]: 0x0000000080120BBC (0x00000013) addi zero, zero, 0
mem[X,0x0000000080120BC0] -> 0x0617
mem[X,0x0000000080120BC2] -> 0x0000
[617] [M]: 0x0000000080120BC0 (0x00000617) auipc a2, 0
x12 <- 0x0000000080120BC0
mem[X,0x0000000080120BC4] -> 0x0613
mem[X,0x0000000080120BC6] -> 0xF2C6
[618] [M]: 0x0000000080120BC4 (0xF2C60613) addi a2, a2, 3884
x12 <- 0x0000000080120AEC
mem[X,0x0000000080120BC8] -> 0x0013
mem[X,0x0000000080120BCA] -> 0x0000
[619] [M]: 0x0000000080120BC8 (0x00000013) addi zero, zero, 0
mem[X,0x0000000080120BCC] -> 0x0013
mem[X,0x0000000080120BCE] -> 0x0000
[620] [M]: 0x0000000080120BCC (0x00000013) addi zero, zero, 0
mem[X,0x0000000080120BD0] -> 0x0013
mem[X,0x0000000080120BD2] -> 0x0000
[621] [M]: 0x0000000080120BD0 (0x00000013) addi zero, zero, 0
mem[X,0x0000000080120BD4] -> 0x0013
mem[X,0x0000000080120BD6] -> 0x0000
[622] [M]: 0x0000000080120BD4 (0x00000013) addi zero, zero, 0
mem[X,0x0000000080120BD8] -> 0x0013
mem[X,0x0000000080120BDA] -> 0x0000
[623] [M]: 0x0000000080120BD8 (0x00000013) addi zero, zero, 0
mem[X,0x0000000080120BDC] -> 0x0013
mem[X,0x0000000080120BDE] -> 0x0000
[624] [M]: 0x0000000080120BDC (0x00000013) addi zero, zero, 0
mem[X,0x0000000080120BE0] -> 0x7613
mem[X,0x0000000080120BE2] -> 0xFFC6
[625] [M]: 0x0000000080120BE0 (0xFFC67613) andi a2, a2, 4092
x12 <- 0x0000000080120AEC
mem[X,0x0000000080120BE4] -> 0x0333
mem[X,0x0000000080120BE6] -> 0x40C3
[626] [M]: 0x0000000080120BE4 (0x40C30333) sub t1, t1, a2
x6 <- 0x0000000000000087
mem[X,0x0000000080120BE8] -> 0xBC23
mem[X,0x0000000080120BEA] -> 0x0263
[627] [M]: 0x0000000080120BE8 (0x0263BC23) sd t1, 56(t2)
mem[0x0000000080125150] <- 0x0000000000000087
mem[X,0x0000000080120BEC] -> 0x0013
mem[X,0x0000000080120BEE] -> 0x0000
[628] [M]: 0x0000000080120BEC (0x00000013) addi zero, zero, 0
mem[X,0x0000000080120BF0] -> 0x0013
mem[X,0x0000000080120BF2] -> 0x0000
[629] [M]: 0x0000000080120BF0 (0x00000013) addi zero, zero, 0
mem[X,0x0000000080120BF4] -> 0x0013
mem[X,0x0000000080120BF6] -> 0x0000
[630] [M]: 0x0000000080120BF4 (0x00000013) addi zero, zero, 0
mem[X,0x0000000080120BF8] -> 0x0013
mem[X,0x0000000080120BFA] -> 0x0000
[631] [M]: 0x0000000080120BF8 (0x00000013) addi zero, zero, 0
mem[X,0x0000000080120BFC] -> 0x0013
mem[X,0x0000000080120BFE] -> 0x0000
[632] [M]: 0x0000000080120BFC (0x00000013) addi zero, zero, 0
mem[X,0x0000000080120C00] -> 0x0617
mem[X,0x0000000080120C02] -> 0x0000
[633] [M]: 0x0000000080120C00 (0x00000617) auipc a2, 0
x12 <- 0x0000000080120C00
mem[X,0x0000000080120C04] -> 0x0613
mem[X,0x0000000080120C06] -> 0x06C6
[634] [M]: 0x0000000080120C04 (0x06C60613) addi a2, a2, 108
x12 <- 0x0000000080120C6C
mem[X,0x0000000080120C08] -> 0x0013
mem[X,0x0000000080120C0A] -> 0x0000
[635] [M]: 0x0000000080120C08 (0x00000013) addi zero, zero, 0
mem[X,0x0000000080120C0C] -> 0x0013
mem[X,0x0000000080120C0E] -> 0x0000
[636] [M]: 0x0000000080120C0C (0x00000013) addi zero, zero, 0
mem[X,0x0000000080120C10] -> 0x0013
mem[X,0x0000000080120C12] -> 0x0000
[637] [M]: 0x0000000080120C10 (0x00000013) addi zero, zero, 0
mem[X,0x0000000080120C14] -> 0x0013
mem[X,0x0000000080120C16] -> 0x0000
[638] [M]: 0x0000000080120C14 (0x00000013) addi zero, zero, 0
mem[X,0x0000000080120C18] -> 0x0013
mem[X,0x0000000080120C1A] -> 0x0000
[639] [M]: 0x0000000080120C18 (0x00000013) addi zero, zero, 0
mem[X,0x0000000080120C1C] -> 0x0013
mem[X,0x0000000080120C1E] -> 0x0000
[640] [M]: 0x0000000080120C1C (0x00000013) addi zero, zero, 0
mem[X,0x0000000080120C20] -> 0x0067
mem[X,0x0000000080120C22] -> 0x0006
[641] [M]: 0x0000000080120C20 (0x00060067) jalr zero, a2, 0
mem[X,0x0000000080120C6C] -> 0x0B6F
mem[X,0x0000000080120C6E] -> 0x00C0
[642] [M]: 0x0000000080120C6C (0x00C00B6F) jal s6, 12
x22 <- 0x0000000080120C70
mem[X,0x0000000080120C78] -> 0x4B13
mem[X,0x0000000080120C7A] -> 0x003B
[643] [M]: 0x0000000080120C78 (0x003B4B13) xori s6, s6, 3
x22 <- 0x0000000080120C73
mem[X,0x0000000080120C7C] -> 0x0013
mem[X,0x0000000080120C7E] -> 0x0000
[644] [M]: 0x0000000080120C7C (0x00000013) addi zero, zero, 0
mem[X,0x0000000080120C80] -> 0x0617
mem[X,0x0000000080120C82] -> 0x0000
[645] [M]: 0x0000000080120C80 (0x00000617) auipc a2, 0
x12 <- 0x0000000080120C80
mem[X,0x0000000080120C84] -> 0x0613
mem[X,0x0000000080120C86] -> 0x0246
[646] [M]: 0x0000000080120C84 (0x02460613) addi a2, a2, 36
x12 <- 0x0000000080120CA4
mem[X,0x0000000080120C88] -> 0x0013
mem[X,0x0000000080120C8A] -> 0x0000
[647] [M]: 0x0000000080120C88 (0x00000013) addi zero, zero, 0
mem[X,0x0000000080120C8C] -> 0x0013
mem[X,0x0000000080120C8E] -> 0x0000
[648] [M]: 0x0000000080120C8C (0x00000013) addi zero, zero, 0
mem[X,0x0000000080120C90] -> 0x0013
mem[X,0x0000000080120C92] -> 0x0000
[649] [M]: 0x0000000080120C90 (0x00000013) addi zero, zero, 0
mem[X,0x0000000080120C94] -> 0x0013
mem[X,0x0000000080120C96] -> 0x0000
[650] [M]: 0x0000000080120C94 (0x00000013) addi zero, zero, 0
mem[X,0x0000000080120C98] -> 0x0013
mem[X,0x0000000080120C9A] -> 0x0000
[651] [M]: 0x0000000080120C98 (0x00000013) addi zero, zero, 0
mem[X,0x0000000080120C9C] -> 0x0013
mem[X,0x0000000080120C9E] -> 0x0000
[652] [M]: 0x0000000080120C9C (0x00000013) addi zero, zero, 0
mem[X,0x0000000080120CA0] -> 0x0067
mem[X,0x0000000080120CA2] -> 0x0006
[653] [M]: 0x0000000080120CA0 (0x00060067) jalr zero, a2, 0
mem[X,0x0000000080120CA4] -> 0x0013
mem[X,0x0000000080120CA6] -> 0x0000
[654] [M]: 0x0000000080120CA4 (0x00000013) addi zero, zero, 0
mem[X,0x0000000080120CA8] -> 0x0013
mem[X,0x0000000080120CAA] -> 0x0000
[655] [M]: 0x0000000080120CA8 (0x00000013) addi zero, zero, 0
mem[X,0x0000000080120CAC] -> 0x0013
mem[X,0x0000000080120CAE] -> 0x0000
[656] [M]: 0x0000000080120CAC (0x00000013) addi zero, zero, 0
mem[X,0x0000000080120CB0] -> 0x0013
mem[X,0x0000000080120CB2] -> 0x0000
[657] [M]: 0x0000000080120CB0 (0x00000013) addi zero, zero, 0
mem[X,0x0000000080120CB4] -> 0x0013
mem[X,0x0000000080120CB6] -> 0x0000
[658] [M]: 0x0000000080120CB4 (0x00000013) addi zero, zero, 0
mem[X,0x0000000080120CB8] -> 0x0013
mem[X,0x0000000080120CBA] -> 0x0000
[659] [M]: 0x0000000080120CB8 (0x00000013) addi zero, zero, 0
mem[X,0x0000000080120CBC] -> 0x0013
mem[X,0x0000000080120CBE] -> 0x0000
[660] [M]: 0x0000000080120CBC (0x00000013) addi zero, zero, 0
mem[X,0x0000000080120CC0] -> 0x0617
mem[X,0x0000000080120CC2] -> 0x0000
[661] [M]: 0x0000000080120CC0 (0x00000617) auipc a2, 0
x12 <- 0x0000000080120CC0
mem[X,0x0000000080120CC4] -> 0x0613
mem[X,0x0000000080120CC6] -> 0xF2C6
[662] [M]: 0x0000000080120CC4 (0xF2C60613) addi a2, a2, 3884
x12 <- 0x0000000080120BEC
mem[X,0x0000000080120CC8] -> 0x0013
mem[X,0x0000000080120CCA] -> 0x0000
[663] [M]: 0x0000000080120CC8 (0x00000013) addi zero, zero, 0
mem[X,0x0000000080120CCC] -> 0x0013
mem[X,0x0000000080120CCE] -> 0x0000
[664] [M]: 0x0000000080120CCC (0x00000013) addi zero, zero, 0
mem[X,0x0000000080120CD0] -> 0x0013
mem[X,0x0000000080120CD2] -> 0x0000
[665] [M]: 0x0000000080120CD0 (0x00000013) addi zero, zero, 0
mem[X,0x0000000080120CD4] -> 0x0013
mem[X,0x0000000080120CD6] -> 0x0000
[666] [M]: 0x0000000080120CD4 (0x00000013) addi zero, zero, 0
mem[X,0x0000000080120CD8] -> 0x0013
mem[X,0x0000000080120CDA] -> 0x0000
[667] [M]: 0x0000000080120CD8 (0x00000013) addi zero, zero, 0
mem[X,0x0000000080120CDC] -> 0x0013
mem[X,0x0000000080120CDE] -> 0x0000
[668] [M]: 0x0000000080120CDC (0x00000013) addi zero, zero, 0
mem[X,0x0000000080120CE0] -> 0x7613
mem[X,0x0000000080120CE2] -> 0xFFC6
[669] [M]: 0x0000000080120CE0 (0xFFC67613) andi a2, a2, 4092
x12 <- 0x0000000080120BEC
mem[X,0x0000000080120CE4] -> 0x0B33
mem[X,0x0000000080120CE6] -> 0x40CB
[670] [M]: 0x0000000080120CE4 (0x40CB0B33) sub s6, s6, a2
x22 <- 0x0000000000000087
mem[X,0x0000000080120CE8] -> 0xB023
mem[X,0x0000000080120CEA] -> 0x0563
[671] [M]: 0x0000000080120CE8 (0x0563B023) sd s6, 64(t2)
mem[0x0000000080125158] <- 0x0000000000000087
mem[X,0x0000000080120CEC] -> 0x0013
mem[X,0x0000000080120CEE] -> 0x0000
[672] [M]: 0x0000000080120CEC (0x00000013) addi zero, zero, 0
mem[X,0x0000000080120CF0] -> 0x0013
mem[X,0x0000000080120CF2] -> 0x0000
[673] [M]: 0x0000000080120CF0 (0x00000013) addi zero, zero, 0
mem[X,0x0000000080120CF4] -> 0x0013
mem[X,0x0000000080120CF6] -> 0x0000
[674] [M]: 0x0000000080120CF4 (0x00000013) addi zero, zero, 0
mem[X,0x0000000080120CF8] -> 0x0013
mem[X,0x0000000080120CFA] -> 0x0000
[675] [M]: 0x0000000080120CF8 (0x00000013) addi zero, zero, 0
mem[X,0x0000000080120CFC] -> 0x0013
mem[X,0x0000000080120CFE] -> 0x0000
[676] [M]: 0x0000000080120CFC (0x00000013) addi zero, zero, 0
mem[X,0x0000000080120D00] -> 0x0617
mem[X,0x0000000080120D02] -> 0x0000
[677] [M]: 0x0000000080120D00 (0x00000617) auipc a2, 0
x12 <- 0x0000000080120D00
mem[X,0x0000000080120D04] -> 0x0613
mem[X,0x0000000080120D06] -> 0x06C6
[678] [M]: 0x0000000080120D04 (0x06C60613) addi a2, a2, 108
x12 <- 0x0000000080120D6C
mem[X,0x0000000080120D08] -> 0x0013
mem[X,0x0000000080120D0A] -> 0x0000
[679] [M]: 0x0000000080120D08 (0x00000013) addi zero, zero, 0
mem[X,0x0000000080120D0C] -> 0x0013
mem[X,0x0000000080120D0E] -> 0x0000
[680] [M]: 0x0000000080120D0C (0x00000013) addi zero, zero, 0
mem[X,0x0000000080120D10] -> 0x0013
mem[X,0x0000000080120D12] -> 0x0000
[681] [M]: 0x0000000080120D10 (0x00000013) addi zero, zero, 0
mem[X,0x0000000080120D14] -> 0x0013
mem[X,0x0000000080120D16] -> 0x0000
[682] [M]: 0x0000000080120D14 (0x00000013) addi zero, zero, 0
mem[X,0x0000000080120D18] -> 0x0013
mem[X,0x0000000080120D1A] -> 0x0000
[683] [M]: 0x0000000080120D18 (0x00000013) addi zero, zero, 0
mem[X,0x0000000080120D1C] -> 0x0013
mem[X,0x0000000080120D1E] -> 0x0000
[684] [M]: 0x0000000080120D1C (0x00000013) addi zero, zero, 0
mem[X,0x0000000080120D20] -> 0x0067
mem[X,0x0000000080120D22] -> 0x0006
[685] [M]: 0x0000000080120D20 (0x00060067) jalr zero, a2, 0
mem[X,0x0000000080120D6C] -> 0x0D6F
mem[X,0x0000000080120D6E] -> 0x00C0
[686] [M]: 0x0000000080120D6C (0x00C00D6F) jal s10, 12
x26 <- 0x0000000080120D70
mem[X,0x0000000080120D78] -> 0x4D13
mem[X,0x0000000080120D7A] -> 0x003D
[687] [M]: 0x0000000080120D78 (0x003D4D13) xori s10, s10, 3
x26 <- 0x0000000080120D73
mem[X,0x0000000080120D7C] -> 0x0013
mem[X,0x0000000080120D7E] -> 0x0000
[688] [M]: 0x0000000080120D7C (0x00000013) addi zero, zero, 0
mem[X,0x0000000080120D80] -> 0x0617
mem[X,0x0000000080120D82] -> 0x0000
[689] [M]: 0x0000000080120D80 (0x00000617) auipc a2, 0
x12 <- 0x0000000080120D80
mem[X,0x0000000080120D84] -> 0x0613
mem[X,0x0000000080120D86] -> 0x0246
[690] [M]: 0x0000000080120D84 (0x02460613) addi a2, a2, 36
x12 <- 0x0000000080120DA4
mem[X,0x0000000080120D88] -> 0x0013
mem[X,0x0000000080120D8A] -> 0x0000
[691] [M]: 0x0000000080120D88 (0x00000013) addi zero, zero, 0
mem[X,0x0000000080120D8C] -> 0x0013
mem[X,0x0000000080120D8E] -> 0x0000
[692] [M]: 0x0000000080120D8C (0x00000013) addi zero, zero, 0
mem[X,0x0000000080120D90] -> 0x0013
mem[X,0x0000000080120D92] -> 0x0000
[693] [M]: 0x0000000080120D90 (0x00000013) addi zero, zero, 0
mem[X,0x0000000080120D94] -> 0x0013
mem[X,0x0000000080120D96] -> 0x0000
[694] [M]: 0x0000000080120D94 (0x00000013) addi zero, zero, 0
mem[X,0x0000000080120D98] -> 0x0013
mem[X,0x0000000080120D9A] -> 0x0000
[695] [M]: 0x0000000080120D98 (0x00000013) addi zero, zero, 0
mem[X,0x0000000080120D9C] -> 0x0013
mem[X,0x0000000080120D9E] -> 0x0000
[696] [M]: 0x0000000080120D9C (0x00000013) addi zero, zero, 0
mem[X,0x0000000080120DA0] -> 0x0067
mem[X,0x0000000080120DA2] -> 0x0006
[697] [M]: 0x0000000080120DA0 (0x00060067) jalr zero, a2, 0
mem[X,0x0000000080120DA4] -> 0x0013
mem[X,0x0000000080120DA6] -> 0x0000
[698] [M]: 0x0000000080120DA4 (0x00000013) addi zero, zero, 0
mem[X,0x0000000080120DA8] -> 0x0013
mem[X,0x0000000080120DAA] -> 0x0000
[699] [M]: 0x0000000080120DA8 (0x00000013) addi zero, zero, 0
clint::tick mtime <- 0x0000000000000007
 clint timer pending at mtime 0x0000000000000007
htif::tick 0x0000000000000000
mem[X,0x0000000080120DAC] -> 0x0013
mem[X,0x0000000080120DAE] -> 0x0000
[700] [M]: 0x0000000080120DAC (0x00000013) addi zero, zero, 0
mem[X,0x0000000080120DB0] -> 0x0013
mem[X,0x0000000080120DB2] -> 0x0000
[701] [M]: 0x0000000080120DB0 (0x00000013) addi zero, zero, 0
mem[X,0x0000000080120DB4] -> 0x0013
mem[X,0x0000000080120DB6] -> 0x0000
[702] [M]: 0x0000000080120DB4 (0x00000013) addi zero, zero, 0
mem[X,0x0000000080120DB8] -> 0x0013
mem[X,0x0000000080120DBA] -> 0x0000
[703] [M]: 0x0000000080120DB8 (0x00000013) addi zero, zero, 0
mem[X,0x0000000080120DBC] -> 0x0013
mem[X,0x0000000080120DBE] -> 0x0000
[704] [M]: 0x0000000080120DBC (0x00000013) addi zero, zero, 0
mem[X,0x0000000080120DC0] -> 0x0617
mem[X,0x0000000080120DC2] -> 0x0000
[705] [M]: 0x0000000080120DC0 (0x00000617) auipc a2, 0
x12 <- 0x0000000080120DC0
mem[X,0x0000000080120DC4] -> 0x0613
mem[X,0x0000000080120DC6] -> 0xF2C6
[706] [M]: 0x0000000080120DC4 (0xF2C60613) addi a2, a2, 3884
x12 <- 0x0000000080120CEC
mem[X,0x0000000080120DC8] -> 0x0013
mem[X,0x0000000080120DCA] -> 0x0000
[707] [M]: 0x0000000080120DC8 (0x00000013) addi zero, zero, 0
mem[X,0x0000000080120DCC] -> 0x0013
mem[X,0x0000000080120DCE] -> 0x0000
[708] [M]: 0x0000000080120DCC (0x00000013) addi zero, zero, 0
mem[X,0x0000000080120DD0] -> 0x0013
mem[X,0x0000000080120DD2] -> 0x0000
[709] [M]: 0x0000000080120DD0 (0x00000013) addi zero, zero, 0
mem[X,0x0000000080120DD4] -> 0x0013
mem[X,0x0000000080120DD6] -> 0x0000
[710] [M]: 0x0000000080120DD4 (0x00000013) addi zero, zero, 0
mem[X,0x0000000080120DD8] -> 0x0013
mem[X,0x0000000080120DDA] -> 0x0000
[711] [M]: 0x0000000080120DD8 (0x00000013) addi zero, zero, 0
mem[X,0x0000000080120DDC] -> 0x0013
mem[X,0x0000000080120DDE] -> 0x0000
[712] [M]: 0x0000000080120DDC (0x00000013) addi zero, zero, 0
mem[X,0x0000000080120DE0] -> 0x7613
mem[X,0x0000000080120DE2] -> 0xFFC6
[713] [M]: 0x0000000080120DE0 (0xFFC67613) andi a2, a2, 4092
x12 <- 0x0000000080120CEC
mem[X,0x0000000080120DE4] -> 0x0D33
mem[X,0x0000000080120DE6] -> 0x40CD
[714] [M]: 0x0000000080120DE4 (0x40CD0D33) sub s10, s10, a2
x26 <- 0x0000000000000087
mem[X,0x0000000080120DE8] -> 0xB423
mem[X,0x0000000080120DEA] -> 0x05A3
[715] [M]: 0x0000000080120DE8 (0x05A3B423) sd s10, 72(t2)
mem[0x0000000080125160] <- 0x0000000000000087
mem[X,0x0000000080120DEC] -> 0x0013
mem[X,0x0000000080120DEE] -> 0x0000
[716] [M]: 0x0000000080120DEC (0x00000013) addi zero, zero, 0
mem[X,0x0000000080120DF0] -> 0x0013
mem[X,0x0000000080120DF2] -> 0x0000
[717] [M]: 0x0000000080120DF0 (0x00000013) addi zero, zero, 0
mem[X,0x0000000080120DF4] -> 0x0013
mem[X,0x0000000080120DF6] -> 0x0000
[718] [M]: 0x0000000080120DF4 (0x00000013) addi zero, zero, 0
mem[X,0x0000000080120DF8] -> 0x0013
mem[X,0x0000000080120DFA] -> 0x0000
[719] [M]: 0x0000000080120DF8 (0x00000013) addi zero, zero, 0
mem[X,0x0000000080120DFC] -> 0x0013
mem[X,0x0000000080120DFE] -> 0x0000
[720] [M]: 0x0000000080120DFC (0x00000013) addi zero, zero, 0
mem[X,0x0000000080120E00] -> 0x0617
mem[X,0x0000000080120E02] -> 0x0000
[721] [M]: 0x0000000080120E00 (0x00000617) auipc a2, 0
x12 <- 0x0000000080120E00
mem[X,0x0000000080120E04] -> 0x0613
mem[X,0x0000000080120E06] -> 0x06C6
[722] [M]: 0x0000000080120E04 (0x06C60613) addi a2, a2, 108
x12 <- 0x0000000080120E6C
mem[X,0x0000000080120E08] -> 0x0013
mem[X,0x0000000080120E0A] -> 0x0000
[723] [M]: 0x0000000080120E08 (0x00000013) addi zero, zero, 0
mem[X,0x0000000080120E0C] -> 0x0013
mem[X,0x0000000080120E0E] -> 0x0000
[724] [M]: 0x0000000080120E0C (0x00000013) addi zero, zero, 0
mem[X,0x0000000080120E10] -> 0x0013
mem[X,0x0000000080120E12] -> 0x0000
[725] [M]: 0x0000000080120E10 (0x00000013) addi zero, zero, 0
mem[X,0x0000000080120E14] -> 0x0013
mem[X,0x0000000080120E16] -> 0x0000
[726] [M]: 0x0000000080120E14 (0x00000013) addi zero, zero, 0
mem[X,0x0000000080120E18] -> 0x0013
mem[X,0x0000000080120E1A] -> 0x0000
[727] [M]: 0x0000000080120E18 (0x00000013) addi zero, zero, 0
mem[X,0x0000000080120E1C] -> 0x0013
mem[X,0x0000000080120E1E] -> 0x0000
[728] [M]: 0x0000000080120E1C (0x00000013) addi zero, zero, 0
mem[X,0x0000000080120E20] -> 0x0067
mem[X,0x0000000080120E22] -> 0x0006
[729] [M]: 0x0000000080120E20 (0x00060067) jalr zero, a2, 0
mem[X,0x0000000080120E6C] -> 0x0AEF
mem[X,0x0000000080120E6E] -> 0x00C0
[730] [M]: 0x0000000080120E6C (0x00C00AEF) jal s5, 12
x21 <- 0x0000000080120E70
mem[X,0x0000000080120E78] -> 0xCA93
mem[X,0x0000000080120E7A] -> 0x003A
[731] [M]: 0x0000000080120E78 (0x003ACA93) xori s5, s5, 3
x21 <- 0x0000000080120E73
mem[X,0x0000000080120E7C] -> 0x0013
mem[X,0x0000000080120E7E] -> 0x0000
[732] [M]: 0x0000000080120E7C (0x00000013) addi zero, zero, 0
mem[X,0x0000000080120E80] -> 0x0617
mem[X,0x0000000080120E82] -> 0x0000
[733] [M]: 0x0000000080120E80 (0x00000617) auipc a2, 0
x12 <- 0x0000000080120E80
mem[X,0x0000000080120E84] -> 0x0613
mem[X,0x0000000080120E86] -> 0x0246
[734] [M]: 0x0000000080120E84 (0x02460613) addi a2, a2, 36
x12 <- 0x0000000080120EA4
mem[X,0x0000000080120E88] -> 0x0013
mem[X,0x0000000080120E8A] -> 0x0000
[735] [M]: 0x0000000080120E88 (0x00000013) addi zero, zero, 0
mem[X,0x0000000080120E8C] -> 0x0013
mem[X,0x0000000080120E8E] -> 0x0000
[736] [M]: 0x0000000080120E8C (0x00000013) addi zero, zero, 0
mem[X,0x0000000080120E90] -> 0x0013
mem[X,0x0000000080120E92] -> 0x0000
[737] [M]: 0x0000000080120E90 (0x00000013) addi zero, zero, 0
mem[X,0x0000000080120E94] -> 0x0013
mem[X,0x0000000080120E96] -> 0x0000
[738] [M]: 0x0000000080120E94 (0x00000013) addi zero, zero, 0
mem[X,0x0000000080120E98] -> 0x0013
mem[X,0x0000000080120E9A] -> 0x0000
[739] [M]: 0x0000000080120E98 (0x00000013) addi zero, zero, 0
mem[X,0x0000000080120E9C] -> 0x0013
mem[X,0x0000000080120E9E] -> 0x0000
[740] [M]: 0x0000000080120E9C (0x00000013) addi zero, zero, 0
mem[X,0x0000000080120EA0] -> 0x0067
mem[X,0x0000000080120EA2] -> 0x0006
[741] [M]: 0x0000000080120EA0 (0x00060067) jalr zero, a2, 0
mem[X,0x0000000080120EA4] -> 0x0013
mem[X,0x0000000080120EA6] -> 0x0000
[742] [M]: 0x0000000080120EA4 (0x00000013) addi zero, zero, 0
mem[X,0x0000000080120EA8] -> 0x0013
mem[X,0x0000000080120EAA] -> 0x0000
[743] [M]: 0x0000000080120EA8 (0x00000013) addi zero, zero, 0
mem[X,0x0000000080120EAC] -> 0x0013
mem[X,0x0000000080120EAE] -> 0x0000
[744] [M]: 0x0000000080120EAC (0x00000013) addi zero, zero, 0
mem[X,0x0000000080120EB0] -> 0x0013
mem[X,0x0000000080120EB2] -> 0x0000
[745] [M]: 0x0000000080120EB0 (0x00000013) addi zero, zero, 0
mem[X,0x0000000080120EB4] -> 0x0013
mem[X,0x0000000080120EB6] -> 0x0000
[746] [M]: 0x0000000080120EB4 (0x00000013) addi zero, zero, 0
mem[X,0x0000000080120EB8] -> 0x0013
mem[X,0x0000000080120EBA] -> 0x0000
[747] [M]: 0x0000000080120EB8 (0x00000013) addi zero, zero, 0
mem[X,0x0000000080120EBC] -> 0x0013
mem[X,0x0000000080120EBE] -> 0x0000
[748] [M]: 0x0000000080120EBC (0x00000013) addi zero, zero, 0
mem[X,0x0000000080120EC0] -> 0x0617
mem[X,0x0000000080120EC2] -> 0x0000
[749] [M]: 0x0000000080120EC0 (0x00000617) auipc a2, 0
x12 <- 0x0000000080120EC0
mem[X,0x0000000080120EC4] -> 0x0613
mem[X,0x0000000080120EC6] -> 0xF2C6
[750] [M]: 0x0000000080120EC4 (0xF2C60613) addi a2, a2, 3884
x12 <- 0x0000000080120DEC
mem[X,0x0000000080120EC8] -> 0x0013
mem[X,0x0000000080120ECA] -> 0x0000
[751] [M]: 0x0000000080120EC8 (0x00000013) addi zero, zero, 0
mem[X,0x0000000080120ECC] -> 0x0013
mem[X,0x0000000080120ECE] -> 0x0000
[752] [M]: 0x0000000080120ECC (0x00000013) addi zero, zero, 0
mem[X,0x0000000080120ED0] -> 0x0013
mem[X,0x0000000080120ED2] -> 0x0000
[753] [M]: 0x0000000080120ED0 (0x00000013) addi zero, zero, 0
mem[X,0x0000000080120ED4] -> 0x0013
mem[X,0x0000000080120ED6] -> 0x0000
[754] [M]: 0x0000000080120ED4 (0x00000013) addi zero, zero, 0
mem[X,0x0000000080120ED8] -> 0x0013
mem[X,0x0000000080120EDA] -> 0x0000
[755] [M]: 0x0000000080120ED8 (0x00000013) addi zero, zero, 0
mem[X,0x0000000080120EDC] -> 0x0013
mem[X,0x0000000080120EDE] -> 0x0000
[756] [M]: 0x0000000080120EDC (0x00000013) addi zero, zero, 0
mem[X,0x0000000080120EE0] -> 0x7613
mem[X,0x0000000080120EE2] -> 0xFFC6
[757] [M]: 0x0000000080120EE0 (0xFFC67613) andi a2, a2, 4092
x12 <- 0x0000000080120DEC
mem[X,0x0000000080120EE4] -> 0x8AB3
mem[X,0x0000000080120EE6] -> 0x40CA
[758] [M]: 0x0000000080120EE4 (0x40CA8AB3) sub s5, s5, a2
x21 <- 0x0000000000000087
mem[X,0x0000000080120EE8] -> 0xB823
mem[X,0x0000000080120EEA] -> 0x0553
[759] [M]: 0x0000000080120EE8 (0x0553B823) sd s5, 80(t2)
mem[0x0000000080125168] <- 0x0000000000000087
mem[X,0x0000000080120EEC] -> 0x0013
mem[X,0x0000000080120EEE] -> 0x0000
[760] [M]: 0x0000000080120EEC (0x00000013) addi zero, zero, 0
mem[X,0x0000000080120EF0] -> 0x0013
mem[X,0x0000000080120EF2] -> 0x0000
[761] [M]: 0x0000000080120EF0 (0x00000013) addi zero, zero, 0
mem[X,0x0000000080120EF4] -> 0x0013
mem[X,0x0000000080120EF6] -> 0x0000
[762] [M]: 0x0000000080120EF4 (0x00000013) addi zero, zero, 0
mem[X,0x0000000080120EF8] -> 0x0013
mem[X,0x0000000080120EFA] -> 0x0000
[763] [M]: 0x0000000080120EF8 (0x00000013) addi zero, zero, 0
mem[X,0x0000000080120EFC] -> 0x0013
mem[X,0x0000000080120EFE] -> 0x0000
[764] [M]: 0x0000000080120EFC (0x00000013) addi zero, zero, 0
mem[X,0x0000000080120F00] -> 0x0617
mem[X,0x0000000080120F02] -> 0x0000
[765] [M]: 0x0000000080120F00 (0x00000617) auipc a2, 0
x12 <- 0x0000000080120F00
mem[X,0x0000000080120F04] -> 0x0613
mem[X,0x0000000080120F06] -> 0x06C6
[766] [M]: 0x0000000080120F04 (0x06C60613) addi a2, a2, 108
x12 <- 0x0000000080120F6C
mem[X,0x0000000080120F08] -> 0x0013
mem[X,0x0000000080120F0A] -> 0x0000
[767] [M]: 0x0000000080120F08 (0x00000013) addi zero, zero, 0
mem[X,0x0000000080120F0C] -> 0x0013
mem[X,0x0000000080120F0E] -> 0x0000
[768] [M]: 0x0000000080120F0C (0x00000013) addi zero, zero, 0
mem[X,0x0000000080120F10] -> 0x0013
mem[X,0x0000000080120F12] -> 0x0000
[769] [M]: 0x0000000080120F10 (0x00000013) addi zero, zero, 0
mem[X,0x0000000080120F14] -> 0x0013
mem[X,0x0000000080120F16] -> 0x0000
[770] [M]: 0x0000000080120F14 (0x00000013) addi zero, zero, 0
mem[X,0x0000000080120F18] -> 0x0013
mem[X,0x0000000080120F1A] -> 0x0000
[771] [M]: 0x0000000080120F18 (0x00000013) addi zero, zero, 0
mem[X,0x0000000080120F1C] -> 0x0013
mem[X,0x0000000080120F1E] -> 0x0000
[772] [M]: 0x0000000080120F1C (0x00000013) addi zero, zero, 0
mem[X,0x0000000080120F20] -> 0x0067
mem[X,0x0000000080120F22] -> 0x0006
[773] [M]: 0x0000000080120F20 (0x00060067) jalr zero, a2, 0
mem[X,0x0000000080120F6C] -> 0x0F6F
mem[X,0x0000000080120F6E] -> 0x00C0
[774] [M]: 0x0000000080120F6C (0x00C00F6F) jal t5, 12
x30 <- 0x0000000080120F70
mem[X,0x0000000080120F78] -> 0x4F13
mem[X,0x0000000080120F7A] -> 0x003F
[775] [M]: 0x0000000080120F78 (0x003F4F13) xori t5, t5, 3
x30 <- 0x0000000080120F73
mem[X,0x0000000080120F7C] -> 0x0013
mem[X,0x0000000080120F7E] -> 0x0000
[776] [M]: 0x0000000080120F7C (0x00000013) addi zero, zero, 0
mem[X,0x0000000080120F80] -> 0x0617
mem[X,0x0000000080120F82] -> 0x0000
[777] [M]: 0x0000000080120F80 (0x00000617) auipc a2, 0
x12 <- 0x0000000080120F80
mem[X,0x0000000080120F84] -> 0x0613
mem[X,0x0000000080120F86] -> 0x0246
[778] [M]: 0x0000000080120F84 (0x02460613) addi a2, a2, 36
x12 <- 0x0000000080120FA4
mem[X,0x0000000080120F88] -> 0x0013
mem[X,0x0000000080120F8A] -> 0x0000
[779] [M]: 0x0000000080120F88 (0x00000013) addi zero, zero, 0
mem[X,0x0000000080120F8C] -> 0x0013
mem[X,0x0000000080120F8E] -> 0x0000
[780] [M]: 0x0000000080120F8C (0x00000013) addi zero, zero, 0
mem[X,0x0000000080120F90] -> 0x0013
mem[X,0x0000000080120F92] -> 0x0000
[781] [M]: 0x0000000080120F90 (0x00000013) addi zero, zero, 0
mem[X,0x0000000080120F94] -> 0x0013
mem[X,0x0000000080120F96] -> 0x0000
[782] [M]: 0x0000000080120F94 (0x00000013) addi zero, zero, 0
mem[X,0x0000000080120F98] -> 0x0013
mem[X,0x0000000080120F9A] -> 0x0000
[783] [M]: 0x0000000080120F98 (0x00000013) addi zero, zero, 0
mem[X,0x0000000080120F9C] -> 0x0013
mem[X,0x0000000080120F9E] -> 0x0000
[784] [M]: 0x0000000080120F9C (0x00000013) addi zero, zero, 0
mem[X,0x0000000080120FA0] -> 0x0067
mem[X,0x0000000080120FA2] -> 0x0006
[785] [M]: 0x0000000080120FA0 (0x00060067) jalr zero, a2, 0
mem[X,0x0000000080120FA4] -> 0x0013
mem[X,0x0000000080120FA6] -> 0x0000
[786] [M]: 0x0000000080120FA4 (0x00000013) addi zero, zero, 0
mem[X,0x0000000080120FA8] -> 0x0013
mem[X,0x0000000080120FAA] -> 0x0000
[787] [M]: 0x0000000080120FA8 (0x00000013) addi zero, zero, 0
mem[X,0x0000000080120FAC] -> 0x0013
mem[X,0x0000000080120FAE] -> 0x0000
[788] [M]: 0x0000000080120FAC (0x00000013) addi zero, zero, 0
mem[X,0x0000000080120FB0] -> 0x0013
mem[X,0x0000000080120FB2] -> 0x0000
[789] [M]: 0x0000000080120FB0 (0x00000013) addi zero, zero, 0
mem[X,0x0000000080120FB4] -> 0x0013
mem[X,0x0000000080120FB6] -> 0x0000
[790] [M]: 0x0000000080120FB4 (0x00000013) addi zero, zero, 0
mem[X,0x0000000080120FB8] -> 0x0013
mem[X,0x0000000080120FBA] -> 0x0000
[791] [M]: 0x0000000080120FB8 (0x00000013) addi zero, zero, 0
mem[X,0x0000000080120FBC] -> 0x0013
mem[X,0x0000000080120FBE] -> 0x0000
[792] [M]: 0x0000000080120FBC (0x00000013) addi zero, zero, 0
mem[X,0x0000000080120FC0] -> 0x0617
mem[X,0x0000000080120FC2] -> 0x0000
[793] [M]: 0x0000000080120FC0 (0x00000617) auipc a2, 0
x12 <- 0x0000000080120FC0
mem[X,0x0000000080120FC4] -> 0x0613
mem[X,0x0000000080120FC6] -> 0xF2C6
[794] [M]: 0x0000000080120FC4 (0xF2C60613) addi a2, a2, 3884
x12 <- 0x0000000080120EEC
mem[X,0x0000000080120FC8] -> 0x0013
mem[X,0x0000000080120FCA] -> 0x0000
[795] [M]: 0x0000000080120FC8 (0x00000013) addi zero, zero, 0
mem[X,0x0000000080120FCC] -> 0x0013
mem[X,0x0000000080120FCE] -> 0x0000
[796] [M]: 0x0000000080120FCC (0x00000013) addi zero, zero, 0
mem[X,0x0000000080120FD0] -> 0x0013
mem[X,0x0000000080120FD2] -> 0x0000
[797] [M]: 0x0000000080120FD0 (0x00000013) addi zero, zero, 0
mem[X,0x0000000080120FD4] -> 0x0013
mem[X,0x0000000080120FD6] -> 0x0000
[798] [M]: 0x0000000080120FD4 (0x00000013) addi zero, zero, 0
mem[X,0x0000000080120FD8] -> 0x0013
mem[X,0x0000000080120FDA] -> 0x0000
[799] [M]: 0x0000000080120FD8 (0x00000013) addi zero, zero, 0
clint::tick mtime <- 0x0000000000000008
 clint timer pending at mtime 0x0000000000000008
htif::tick 0x0000000000000000
mem[X,0x0000000080120FDC] -> 0x0013
mem[X,0x0000000080120FDE] -> 0x0000
[800] [M]: 0x0000000080120FDC (0x00000013) addi zero, zero, 0
mem[X,0x0000000080120FE0] -> 0x7613
mem[X,0x0000000080120FE2] -> 0xFFC6
[801] [M]: 0x0000000080120FE0 (0xFFC67613) andi a2, a2, 4092
x12 <- 0x0000000080120EEC
mem[X,0x0000000080120FE4] -> 0x0F33
mem[X,0x0000000080120FE6] -> 0x40CF
[802] [M]: 0x0000000080120FE4 (0x40CF0F33) sub t5, t5, a2
x30 <- 0x0000000000000087
mem[X,0x0000000080120FE8] -> 0xBC23
mem[X,0x0000000080120FEA] -> 0x05E3
[803] [M]: 0x0000000080120FE8 (0x05E3BC23) sd t5, 88(t2)
mem[0x0000000080125170] <- 0x0000000000000087
mem[X,0x0000000080120FEC] -> 0x0013
mem[X,0x0000000080120FEE] -> 0x0000
[804] [M]: 0x0000000080120FEC (0x00000013) addi zero, zero, 0
mem[X,0x0000000080120FF0] -> 0x0013
mem[X,0x0000000080120FF2] -> 0x0000
[805] [M]: 0x0000000080120FF0 (0x00000013) addi zero, zero, 0
mem[X,0x0000000080120FF4] -> 0x0013
mem[X,0x0000000080120FF6] -> 0x0000
[806] [M]: 0x0000000080120FF4 (0x00000013) addi zero, zero, 0
mem[X,0x0000000080120FF8] -> 0x0013
mem[X,0x0000000080120FFA] -> 0x0000
[807] [M]: 0x0000000080120FF8 (0x00000013) addi zero, zero, 0
mem[X,0x0000000080120FFC] -> 0x0013
mem[X,0x0000000080120FFE] -> 0x0000
[808] [M]: 0x0000000080120FFC (0x00000013) addi zero, zero, 0
mem[X,0x0000000080121000] -> 0x0617
mem[X,0x0000000080121002] -> 0x0000
[809] [M]: 0x0000000080121000 (0x00000617) auipc a2, 0
x12 <- 0x0000000080121000
mem[X,0x0000000080121004] -> 0x0613
mem[X,0x0000000080121006] -> 0x06C6
[810] [M]: 0x0000000080121004 (0x06C60613) addi a2, a2, 108
x12 <- 0x000000008012106C
mem[X,0x0000000080121008] -> 0x0013
mem[X,0x000000008012100A] -> 0x0000
[811] [M]: 0x0000000080121008 (0x00000013) addi zero, zero, 0
mem[X,0x000000008012100C] -> 0x0013
mem[X,0x000000008012100E] -> 0x0000
[812] [M]: 0x000000008012100C (0x00000013) addi zero, zero, 0
mem[X,0x0000000080121010] -> 0x0013
mem[X,0x0000000080121012] -> 0x0000
[813] [M]: 0x0000000080121010 (0x00000013) addi zero, zero, 0
mem[X,0x0000000080121014] -> 0x0013
mem[X,0x0000000080121016] -> 0x0000
[814] [M]: 0x0000000080121014 (0x00000013) addi zero, zero, 0
mem[X,0x0000000080121018] -> 0x0013
mem[X,0x000000008012101A] -> 0x0000
[815] [M]: 0x0000000080121018 (0x00000013) addi zero, zero, 0
mem[X,0x000000008012101C] -> 0x0013
mem[X,0x000000008012101E] -> 0x0000
[816] [M]: 0x000000008012101C (0x00000013) addi zero, zero, 0
mem[X,0x0000000080121020] -> 0x0067
mem[X,0x0000000080121022] -> 0x0006
[817] [M]: 0x0000000080121020 (0x00060067) jalr zero, a2, 0
mem[X,0x000000008012106C] -> 0x0DEF
mem[X,0x000000008012106E] -> 0x00C0
[818] [M]: 0x000000008012106C (0x00C00DEF) jal s11, 12
x27 <- 0x0000000080121070
mem[X,0x0000000080121078] -> 0xCD93
mem[X,0x000000008012107A] -> 0x003D
[819] [M]: 0x0000000080121078 (0x003DCD93) xori s11, s11, 3
x27 <- 0x0000000080121073
mem[X,0x000000008012107C] -> 0x0013
mem[X,0x000000008012107E] -> 0x0000
[820] [M]: 0x000000008012107C (0x00000013) addi zero, zero, 0
mem[X,0x0000000080121080] -> 0x0617
mem[X,0x0000000080121082] -> 0x0000
[821] [M]: 0x0000000080121080 (0x00000617) auipc a2, 0
x12 <- 0x0000000080121080
mem[X,0x0000000080121084] -> 0x0613
mem[X,0x0000000080121086] -> 0x0246
[822] [M]: 0x0000000080121084 (0x02460613) addi a2, a2, 36
x12 <- 0x00000000801210A4
mem[X,0x0000000080121088] -> 0x0013
mem[X,0x000000008012108A] -> 0x0000
[823] [M]: 0x0000000080121088 (0x00000013) addi zero, zero, 0
mem[X,0x000000008012108C] -> 0x0013
mem[X,0x000000008012108E] -> 0x0000
[824] [M]: 0x000000008012108C (0x00000013) addi zero, zero, 0
mem[X,0x0000000080121090] -> 0x0013
mem[X,0x0000000080121092] -> 0x0000
[825] [M]: 0x0000000080121090 (0x00000013) addi zero, zero, 0
mem[X,0x0000000080121094] -> 0x0013
mem[X,0x0000000080121096] -> 0x0000
[826] [M]: 0x0000000080121094 (0x00000013) addi zero, zero, 0
mem[X,0x0000000080121098] -> 0x0013
mem[X,0x000000008012109A] -> 0x0000
[827] [M]: 0x0000000080121098 (0x00000013) addi zero, zero, 0
mem[X,0x000000008012109C] -> 0x0013
mem[X,0x000000008012109E] -> 0x0000
[828] [M]: 0x000000008012109C (0x00000013) addi zero, zero, 0
mem[X,0x00000000801210A0] -> 0x0067
mem[X,0x00000000801210A2] -> 0x0006
[829] [M]: 0x00000000801210A0 (0x00060067) jalr zero, a2, 0
mem[X,0x00000000801210A4] -> 0x0013
mem[X,0x00000000801210A6] -> 0x0000
[830] [M]: 0x00000000801210A4 (0x00000013) addi zero, zero, 0
mem[X,0x00000000801210A8] -> 0x0013
mem[X,0x00000000801210AA] -> 0x0000
[831] [M]: 0x00000000801210A8 (0x00000013) addi zero, zero, 0
mem[X,0x00000000801210AC] -> 0x0013
mem[X,0x00000000801210AE] -> 0x0000
[832] [M]: 0x00000000801210AC (0x00000013) addi zero, zero, 0
mem[X,0x00000000801210B0] -> 0x0013
mem[X,0x00000000801210B2] -> 0x0000
[833] [M]: 0x00000000801210B0 (0x00000013) addi zero, zero, 0
mem[X,0x00000000801210B4] -> 0x0013
mem[X,0x00000000801210B6] -> 0x0000
[834] [M]: 0x00000000801210B4 (0x00000013) addi zero, zero, 0
mem[X,0x00000000801210B8] -> 0x0013
mem[X,0x00000000801210BA] -> 0x0000
[835] [M]: 0x00000000801210B8 (0x00000013) addi zero, zero, 0
mem[X,0x00000000801210BC] -> 0x0013
mem[X,0x00000000801210BE] -> 0x0000
[836] [M]: 0x00000000801210BC (0x00000013) addi zero, zero, 0
mem[X,0x00000000801210C0] -> 0x0617
mem[X,0x00000000801210C2] -> 0x0000
[837] [M]: 0x00000000801210C0 (0x00000617) auipc a2, 0
x12 <- 0x00000000801210C0
mem[X,0x00000000801210C4] -> 0x0613
mem[X,0x00000000801210C6] -> 0xF2C6
[838] [M]: 0x00000000801210C4 (0xF2C60613) addi a2, a2, 3884
x12 <- 0x0000000080120FEC
mem[X,0x00000000801210C8] -> 0x0013
mem[X,0x00000000801210CA] -> 0x0000
[839] [M]: 0x00000000801210C8 (0x00000013) addi zero, zero, 0
mem[X,0x00000000801210CC] -> 0x0013
mem[X,0x00000000801210CE] -> 0x0000
[840] [M]: 0x00000000801210CC (0x00000013) addi zero, zero, 0
mem[X,0x00000000801210D0] -> 0x0013
mem[X,0x00000000801210D2] -> 0x0000
[841] [M]: 0x00000000801210D0 (0x00000013) addi zero, zero, 0
mem[X,0x00000000801210D4] -> 0x0013
mem[X,0x00000000801210D6] -> 0x0000
[842] [M]: 0x00000000801210D4 (0x00000013) addi zero, zero, 0
mem[X,0x00000000801210D8] -> 0x0013
mem[X,0x00000000801210DA] -> 0x0000
[843] [M]: 0x00000000801210D8 (0x00000013) addi zero, zero, 0
mem[X,0x00000000801210DC] -> 0x0013
mem[X,0x00000000801210DE] -> 0x0000
[844] [M]: 0x00000000801210DC (0x00000013) addi zero, zero, 0
mem[X,0x00000000801210E0] -> 0x7613
mem[X,0x00000000801210E2] -> 0xFFC6
[845] [M]: 0x00000000801210E0 (0xFFC67613) andi a2, a2, 4092
x12 <- 0x0000000080120FEC
mem[X,0x00000000801210E4] -> 0x8DB3
mem[X,0x00000000801210E6] -> 0x40CD
[846] [M]: 0x00000000801210E4 (0x40CD8DB3) sub s11, s11, a2
x27 <- 0x0000000000000087
mem[X,0x00000000801210E8] -> 0xB023
mem[X,0x00000000801210EA] -> 0x07B3
[847] [M]: 0x00000000801210E8 (0x07B3B023) sd s11, 96(t2)
mem[0x0000000080125178] <- 0x0000000000000087
mem[X,0x00000000801210EC] -> 0x0013
mem[X,0x00000000801210EE] -> 0x0000
[848] [M]: 0x00000000801210EC (0x00000013) addi zero, zero, 0
mem[X,0x00000000801210F0] -> 0x0013
mem[X,0x00000000801210F2] -> 0x0000
[849] [M]: 0x00000000801210F0 (0x00000013) addi zero, zero, 0
mem[X,0x00000000801210F4] -> 0x0013
mem[X,0x00000000801210F6] -> 0x0000
[850] [M]: 0x00000000801210F4 (0x00000013) addi zero, zero, 0
mem[X,0x00000000801210F8] -> 0x0013
mem[X,0x00000000801210FA] -> 0x0000
[851] [M]: 0x00000000801210F8 (0x00000013) addi zero, zero, 0
mem[X,0x00000000801210FC] -> 0x0013
mem[X,0x00000000801210FE] -> 0x0000
[852] [M]: 0x00000000801210FC (0x00000013) addi zero, zero, 0
mem[X,0x0000000080121100] -> 0x0617
mem[X,0x0000000080121102] -> 0x0000
[853] [M]: 0x0000000080121100 (0x00000617) auipc a2, 0
x12 <- 0x0000000080121100
mem[X,0x0000000080121104] -> 0x0613
mem[X,0x0000000080121106] -> 0x06C6
[854] [M]: 0x0000000080121104 (0x06C60613) addi a2, a2, 108
x12 <- 0x000000008012116C
mem[X,0x0000000080121108] -> 0x0013
mem[X,0x000000008012110A] -> 0x0000
[855] [M]: 0x0000000080121108 (0x00000013) addi zero, zero, 0
mem[X,0x000000008012110C] -> 0x0013
mem[X,0x000000008012110E] -> 0x0000
[856] [M]: 0x000000008012110C (0x00000013) addi zero, zero, 0
mem[X,0x0000000080121110] -> 0x0013
mem[X,0x0000000080121112] -> 0x0000
[857] [M]: 0x0000000080121110 (0x00000013) addi zero, zero, 0
mem[X,0x0000000080121114] -> 0x0013
mem[X,0x0000000080121116] -> 0x0000
[858] [M]: 0x0000000080121114 (0x00000013) addi zero, zero, 0
mem[X,0x0000000080121118] -> 0x0013
mem[X,0x000000008012111A] -> 0x0000
[859] [M]: 0x0000000080121118 (0x00000013) addi zero, zero, 0
mem[X,0x000000008012111C] -> 0x0013
mem[X,0x000000008012111E] -> 0x0000
[860] [M]: 0x000000008012111C (0x00000013) addi zero, zero, 0
mem[X,0x0000000080121120] -> 0x0067
mem[X,0x0000000080121122] -> 0x0006
[861] [M]: 0x0000000080121120 (0x00060067) jalr zero, a2, 0
mem[X,0x000000008012116C] -> 0x0BEF
mem[X,0x000000008012116E] -> 0x00C0
[862] [M]: 0x000000008012116C (0x00C00BEF) jal s7, 12
x23 <- 0x0000000080121170
mem[X,0x0000000080121178] -> 0xCB93
mem[X,0x000000008012117A] -> 0x003B
[863] [M]: 0x0000000080121178 (0x003BCB93) xori s7, s7, 3
x23 <- 0x0000000080121173
mem[X,0x000000008012117C] -> 0x0013
mem[X,0x000000008012117E] -> 0x0000
[864] [M]: 0x000000008012117C (0x00000013) addi zero, zero, 0
mem[X,0x0000000080121180] -> 0x0617
mem[X,0x0000000080121182] -> 0x0000
[865] [M]: 0x0000000080121180 (0x00000617) auipc a2, 0
x12 <- 0x0000000080121180
mem[X,0x0000000080121184] -> 0x0613
mem[X,0x0000000080121186] -> 0x0246
[866] [M]: 0x0000000080121184 (0x02460613) addi a2, a2, 36
x12 <- 0x00000000801211A4
mem[X,0x0000000080121188] -> 0x0013
mem[X,0x000000008012118A] -> 0x0000
[867] [M]: 0x0000000080121188 (0x00000013) addi zero, zero, 0
mem[X,0x000000008012118C] -> 0x0013
mem[X,0x000000008012118E] -> 0x0000
[868] [M]: 0x000000008012118C (0x00000013) addi zero, zero, 0
mem[X,0x0000000080121190] -> 0x0013
mem[X,0x0000000080121192] -> 0x0000
[869] [M]: 0x0000000080121190 (0x00000013) addi zero, zero, 0
mem[X,0x0000000080121194] -> 0x0013
mem[X,0x0000000080121196] -> 0x0000
[870] [M]: 0x0000000080121194 (0x00000013) addi zero, zero, 0
mem[X,0x0000000080121198] -> 0x0013
mem[X,0x000000008012119A] -> 0x0000
[871] [M]: 0x0000000080121198 (0x00000013) addi zero, zero, 0
mem[X,0x000000008012119C] -> 0x0013
mem[X,0x000000008012119E] -> 0x0000
[872] [M]: 0x000000008012119C (0x00000013) addi zero, zero, 0
mem[X,0x00000000801211A0] -> 0x0067
mem[X,0x00000000801211A2] -> 0x0006
[873] [M]: 0x00000000801211A0 (0x00060067) jalr zero, a2, 0
mem[X,0x00000000801211A4] -> 0x0013
mem[X,0x00000000801211A6] -> 0x0000
[874] [M]: 0x00000000801211A4 (0x00000013) addi zero, zero, 0
mem[X,0x00000000801211A8] -> 0x0013
mem[X,0x00000000801211AA] -> 0x0000
[875] [M]: 0x00000000801211A8 (0x00000013) addi zero, zero, 0
mem[X,0x00000000801211AC] -> 0x0013
mem[X,0x00000000801211AE] -> 0x0000
[876] [M]: 0x00000000801211AC (0x00000013) addi zero, zero, 0
mem[X,0x00000000801211B0] -> 0x0013
mem[X,0x00000000801211B2] -> 0x0000
[877] [M]: 0x00000000801211B0 (0x00000013) addi zero, zero, 0
mem[X,0x00000000801211B4] -> 0x0013
mem[X,0x00000000801211B6] -> 0x0000
[878] [M]: 0x00000000801211B4 (0x00000013) addi zero, zero, 0
mem[X,0x00000000801211B8] -> 0x0013
mem[X,0x00000000801211BA] -> 0x0000
[879] [M]: 0x00000000801211B8 (0x00000013) addi zero, zero, 0
mem[X,0x00000000801211BC] -> 0x0013
mem[X,0x00000000801211BE] -> 0x0000
[880] [M]: 0x00000000801211BC (0x00000013) addi zero, zero, 0
mem[X,0x00000000801211C0] -> 0x0617
mem[X,0x00000000801211C2] -> 0x0000
[881] [M]: 0x00000000801211C0 (0x00000617) auipc a2, 0
x12 <- 0x00000000801211C0
mem[X,0x00000000801211C4] -> 0x0613
mem[X,0x00000000801211C6] -> 0xF2C6
[882] [M]: 0x00000000801211C4 (0xF2C60613) addi a2, a2, 3884
x12 <- 0x00000000801210EC
mem[X,0x00000000801211C8] -> 0x0013
mem[X,0x00000000801211CA] -> 0x0000
[883] [M]: 0x00000000801211C8 (0x00000013) addi zero, zero, 0
mem[X,0x00000000801211CC] -> 0x0013
mem[X,0x00000000801211CE] -> 0x0000
[884] [M]: 0x00000000801211CC (0x00000013) addi zero, zero, 0
mem[X,0x00000000801211D0] -> 0x0013
mem[X,0x00000000801211D2] -> 0x0000
[885] [M]: 0x00000000801211D0 (0x00000013) addi zero, zero, 0
mem[X,0x00000000801211D4] -> 0x0013
mem[X,0x00000000801211D6] -> 0x0000
[886] [M]: 0x00000000801211D4 (0x00000013) addi zero, zero, 0
mem[X,0x00000000801211D8] -> 0x0013
mem[X,0x00000000801211DA] -> 0x0000
[887] [M]: 0x00000000801211D8 (0x00000013) addi zero, zero, 0
mem[X,0x00000000801211DC] -> 0x0013
mem[X,0x00000000801211DE] -> 0x0000
[888] [M]: 0x00000000801211DC (0x00000013) addi zero, zero, 0
mem[X,0x00000000801211E0] -> 0x7613
mem[X,0x00000000801211E2] -> 0xFFC6
[889] [M]: 0x00000000801211E0 (0xFFC67613) andi a2, a2, 4092
x12 <- 0x00000000801210EC
mem[X,0x00000000801211E4] -> 0x8BB3
mem[X,0x00000000801211E6] -> 0x40CB
[890] [M]: 0x00000000801211E4 (0x40CB8BB3) sub s7, s7, a2
x23 <- 0x0000000000000087
mem[X,0x00000000801211E8] -> 0xB423
mem[X,0x00000000801211EA] -> 0x0773
[891] [M]: 0x00000000801211E8 (0x0773B423) sd s7, 104(t2)
mem[0x0000000080125180] <- 0x0000000000000087
mem[X,0x00000000801211EC] -> 0x0013
mem[X,0x00000000801211EE] -> 0x0000
[892] [M]: 0x00000000801211EC (0x00000013) addi zero, zero, 0
mem[X,0x00000000801211F0] -> 0x0013
mem[X,0x00000000801211F2] -> 0x0000
[893] [M]: 0x00000000801211F0 (0x00000013) addi zero, zero, 0
mem[X,0x00000000801211F4] -> 0x0013
mem[X,0x00000000801211F6] -> 0x0000
[894] [M]: 0x00000000801211F4 (0x00000013) addi zero, zero, 0
mem[X,0x00000000801211F8] -> 0x0013
mem[X,0x00000000801211FA] -> 0x0000
[895] [M]: 0x00000000801211F8 (0x00000013) addi zero, zero, 0
mem[X,0x00000000801211FC] -> 0x0013
mem[X,0x00000000801211FE] -> 0x0000
[896] [M]: 0x00000000801211FC (0x00000013) addi zero, zero, 0
mem[X,0x0000000080121200] -> 0x0617
mem[X,0x0000000080121202] -> 0x0000
[897] [M]: 0x0000000080121200 (0x00000617) auipc a2, 0
x12 <- 0x0000000080121200
mem[X,0x0000000080121204] -> 0x0613
mem[X,0x0000000080121206] -> 0x06C6
[898] [M]: 0x0000000080121204 (0x06C60613) addi a2, a2, 108
x12 <- 0x000000008012126C
mem[X,0x0000000080121208] -> 0x0013
mem[X,0x000000008012120A] -> 0x0000
[899] [M]: 0x0000000080121208 (0x00000013) addi zero, zero, 0
clint::tick mtime <- 0x0000000000000009
 clint timer pending at mtime 0x0000000000000009
htif::tick 0x0000000000000000
mem[X,0x000000008012120C] -> 0x0013
mem[X,0x000000008012120E] -> 0x0000
[900] [M]: 0x000000008012120C (0x00000013) addi zero, zero, 0
mem[X,0x0000000080121210] -> 0x0013
mem[X,0x0000000080121212] -> 0x0000
[901] [M]: 0x0000000080121210 (0x00000013) addi zero, zero, 0
mem[X,0x0000000080121214] -> 0x0013
mem[X,0x0000000080121216] -> 0x0000
[902] [M]: 0x0000000080121214 (0x00000013) addi zero, zero, 0
mem[X,0x0000000080121218] -> 0x0013
mem[X,0x000000008012121A] -> 0x0000
[903] [M]: 0x0000000080121218 (0x00000013) addi zero, zero, 0
mem[X,0x000000008012121C] -> 0x0013
mem[X,0x000000008012121E] -> 0x0000
[904] [M]: 0x000000008012121C (0x00000013) addi zero, zero, 0
mem[X,0x0000000080121220] -> 0x0067
mem[X,0x0000000080121222] -> 0x0006
[905] [M]: 0x0000000080121220 (0x00060067) jalr zero, a2, 0
mem[X,0x000000008012126C] -> 0x02EF
mem[X,0x000000008012126E] -> 0x00C0
[906] [M]: 0x000000008012126C (0x00C002EF) jal t0, 12
x5 <- 0x0000000080121270
mem[X,0x0000000080121278] -> 0xC293
mem[X,0x000000008012127A] -> 0x0032
[907] [M]: 0x0000000080121278 (0x0032C293) xori t0, t0, 3
x5 <- 0x0000000080121273
mem[X,0x000000008012127C] -> 0x0013
mem[X,0x000000008012127E] -> 0x0000
[908] [M]: 0x000000008012127C (0x00000013) addi zero, zero, 0
mem[X,0x0000000080121280] -> 0x0617
mem[X,0x0000000080121282] -> 0x0000
[909] [M]: 0x0000000080121280 (0x00000617) auipc a2, 0
x12 <- 0x0000000080121280
mem[X,0x0000000080121284] -> 0x0613
mem[X,0x0000000080121286] -> 0x0246
[910] [M]: 0x0000000080121284 (0x02460613) addi a2, a2, 36
x12 <- 0x00000000801212A4
mem[X,0x0000000080121288] -> 0x0013
mem[X,0x000000008012128A] -> 0x0000
[911] [M]: 0x0000000080121288 (0x00000013) addi zero, zero, 0
mem[X,0x000000008012128C] -> 0x0013
mem[X,0x000000008012128E] -> 0x0000
[912] [M]: 0x000000008012128C (0x00000013) addi zero, zero, 0
mem[X,0x0000000080121290] -> 0x0013
mem[X,0x0000000080121292] -> 0x0000
[913] [M]: 0x0000000080121290 (0x00000013) addi zero, zero, 0
mem[X,0x0000000080121294] -> 0x0013
mem[X,0x0000000080121296] -> 0x0000
[914] [M]: 0x0000000080121294 (0x00000013) addi zero, zero, 0
mem[X,0x0000000080121298] -> 0x0013
mem[X,0x000000008012129A] -> 0x0000
[915] [M]: 0x0000000080121298 (0x00000013) addi zero, zero, 0
mem[X,0x000000008012129C] -> 0x0013
mem[X,0x000000008012129E] -> 0x0000
[916] [M]: 0x000000008012129C (0x00000013) addi zero, zero, 0
mem[X,0x00000000801212A0] -> 0x0067
mem[X,0x00000000801212A2] -> 0x0006
[917] [M]: 0x00000000801212A0 (0x00060067) jalr zero, a2, 0
mem[X,0x00000000801212A4] -> 0x0013
mem[X,0x00000000801212A6] -> 0x0000
[918] [M]: 0x00000000801212A4 (0x00000013) addi zero, zero, 0
mem[X,0x00000000801212A8] -> 0x0013
mem[X,0x00000000801212AA] -> 0x0000
[919] [M]: 0x00000000801212A8 (0x00000013) addi zero, zero, 0
mem[X,0x00000000801212AC] -> 0x0013
mem[X,0x00000000801212AE] -> 0x0000
[920] [M]: 0x00000000801212AC (0x00000013) addi zero, zero, 0
mem[X,0x00000000801212B0] -> 0x0013
mem[X,0x00000000801212B2] -> 0x0000
[921] [M]: 0x00000000801212B0 (0x00000013) addi zero, zero, 0
mem[X,0x00000000801212B4] -> 0x0013
mem[X,0x00000000801212B6] -> 0x0000
[922] [M]: 0x00000000801212B4 (0x00000013) addi zero, zero, 0
mem[X,0x00000000801212B8] -> 0x0013
mem[X,0x00000000801212BA] -> 0x0000
[923] [M]: 0x00000000801212B8 (0x00000013) addi zero, zero, 0
mem[X,0x00000000801212BC] -> 0x0013
mem[X,0x00000000801212BE] -> 0x0000
[924] [M]: 0x00000000801212BC (0x00000013) addi zero, zero, 0
mem[X,0x00000000801212C0] -> 0x0617
mem[X,0x00000000801212C2] -> 0x0000
[925] [M]: 0x00000000801212C0 (0x00000617) auipc a2, 0
x12 <- 0x00000000801212C0
mem[X,0x00000000801212C4] -> 0x0613
mem[X,0x00000000801212C6] -> 0xF2C6
[926] [M]: 0x00000000801212C4 (0xF2C60613) addi a2, a2, 3884
x12 <- 0x00000000801211EC
mem[X,0x00000000801212C8] -> 0x0013
mem[X,0x00000000801212CA] -> 0x0000
[927] [M]: 0x00000000801212C8 (0x00000013) addi zero, zero, 0
mem[X,0x00000000801212CC] -> 0x0013
mem[X,0x00000000801212CE] -> 0x0000
[928] [M]: 0x00000000801212CC (0x00000013) addi zero, zero, 0
mem[X,0x00000000801212D0] -> 0x0013
mem[X,0x00000000801212D2] -> 0x0000
[929] [M]: 0x00000000801212D0 (0x00000013) addi zero, zero, 0
mem[X,0x00000000801212D4] -> 0x0013
mem[X,0x00000000801212D6] -> 0x0000
[930] [M]: 0x00000000801212D4 (0x00000013) addi zero, zero, 0
mem[X,0x00000000801212D8] -> 0x0013
mem[X,0x00000000801212DA] -> 0x0000
[931] [M]: 0x00000000801212D8 (0x00000013) addi zero, zero, 0
mem[X,0x00000000801212DC] -> 0x0013
mem[X,0x00000000801212DE] -> 0x0000
[932] [M]: 0x00000000801212DC (0x00000013) addi zero, zero, 0
mem[X,0x00000000801212E0] -> 0x7613
mem[X,0x00000000801212E2] -> 0xFFC6
[933] [M]: 0x00000000801212E0 (0xFFC67613) andi a2, a2, 4092
x12 <- 0x00000000801211EC
mem[X,0x00000000801212E4] -> 0x82B3
mem[X,0x00000000801212E6] -> 0x40C2
[934] [M]: 0x00000000801212E4 (0x40C282B3) sub t0, t0, a2
x5 <- 0x0000000000000087
mem[X,0x00000000801212E8] -> 0xB823
mem[X,0x00000000801212EA] -> 0x0653
[935] [M]: 0x00000000801212E8 (0x0653B823) sd t0, 112(t2)
mem[0x0000000080125188] <- 0x0000000000000087
mem[X,0x00000000801212EC] -> 0x0013
mem[X,0x00000000801212EE] -> 0x0000
[936] [M]: 0x00000000801212EC (0x00000013) addi zero, zero, 0
mem[X,0x00000000801212F0] -> 0x0013
mem[X,0x00000000801212F2] -> 0x0000
[937] [M]: 0x00000000801212F0 (0x00000013) addi zero, zero, 0
mem[X,0x00000000801212F4] -> 0x0013
mem[X,0x00000000801212F6] -> 0x0000
[938] [M]: 0x00000000801212F4 (0x00000013) addi zero, zero, 0
mem[X,0x00000000801212F8] -> 0x0013
mem[X,0x00000000801212FA] -> 0x0000
[939] [M]: 0x00000000801212F8 (0x00000013) addi zero, zero, 0
mem[X,0x00000000801212FC] -> 0x0013
mem[X,0x00000000801212FE] -> 0x0000
[940] [M]: 0x00000000801212FC (0x00000013) addi zero, zero, 0
mem[X,0x0000000080121300] -> 0x0617
mem[X,0x0000000080121302] -> 0x0000
[941] [M]: 0x0000000080121300 (0x00000617) auipc a2, 0
x12 <- 0x0000000080121300
mem[X,0x0000000080121304] -> 0x0613
mem[X,0x0000000080121306] -> 0x06C6
[942] [M]: 0x0000000080121304 (0x06C60613) addi a2, a2, 108
x12 <- 0x000000008012136C
mem[X,0x0000000080121308] -> 0x0013
mem[X,0x000000008012130A] -> 0x0000
[943] [M]: 0x0000000080121308 (0x00000013) addi zero, zero, 0
mem[X,0x000000008012130C] -> 0x0013
mem[X,0x000000008012130E] -> 0x0000
[944] [M]: 0x000000008012130C (0x00000013) addi zero, zero, 0
mem[X,0x0000000080121310] -> 0x0013
mem[X,0x0000000080121312] -> 0x0000
[945] [M]: 0x0000000080121310 (0x00000013) addi zero, zero, 0
mem[X,0x0000000080121314] -> 0x0013
mem[X,0x0000000080121316] -> 0x0000
[946] [M]: 0x0000000080121314 (0x00000013) addi zero, zero, 0
mem[X,0x0000000080121318] -> 0x0013
mem[X,0x000000008012131A] -> 0x0000
[947] [M]: 0x0000000080121318 (0x00000013) addi zero, zero, 0
mem[X,0x000000008012131C] -> 0x0013
mem[X,0x000000008012131E] -> 0x0000
[948] [M]: 0x000000008012131C (0x00000013) addi zero, zero, 0
mem[X,0x0000000080121320] -> 0x0067
mem[X,0x0000000080121322] -> 0x0006
[949] [M]: 0x0000000080121320 (0x00060067) jalr zero, a2, 0
mem[X,0x000000008012136C] -> 0x04EF
mem[X,0x000000008012136E] -> 0x00C0
[950] [M]: 0x000000008012136C (0x00C004EF) jal s1, 12
x9 <- 0x0000000080121370
mem[X,0x0000000080121378] -> 0xC493
mem[X,0x000000008012137A] -> 0x0034
[951] [M]: 0x0000000080121378 (0x0034C493) xori s1, s1, 3
x9 <- 0x0000000080121373
mem[X,0x000000008012137C] -> 0x0013
mem[X,0x000000008012137E] -> 0x0000
[952] [M]: 0x000000008012137C (0x00000013) addi zero, zero, 0
mem[X,0x0000000080121380] -> 0x0617
mem[X,0x0000000080121382] -> 0x0000
[953] [M]: 0x0000000080121380 (0x00000617) auipc a2, 0
x12 <- 0x0000000080121380
mem[X,0x0000000080121384] -> 0x0613
mem[X,0x0000000080121386] -> 0x0246
[954] [M]: 0x0000000080121384 (0x02460613) addi a2, a2, 36
x12 <- 0x00000000801213A4
mem[X,0x0000000080121388] -> 0x0013
mem[X,0x000000008012138A] -> 0x0000
[955] [M]: 0x0000000080121388 (0x00000013) addi zero, zero, 0
mem[X,0x000000008012138C] -> 0x0013
mem[X,0x000000008012138E] -> 0x0000
[956] [M]: 0x000000008012138C (0x00000013) addi zero, zero, 0
mem[X,0x0000000080121390] -> 0x0013
mem[X,0x0000000080121392] -> 0x0000
[957] [M]: 0x0000000080121390 (0x00000013) addi zero, zero, 0
mem[X,0x0000000080121394] -> 0x0013
mem[X,0x0000000080121396] -> 0x0000
[958] [M]: 0x0000000080121394 (0x00000013) addi zero, zero, 0
mem[X,0x0000000080121398] -> 0x0013
mem[X,0x000000008012139A] -> 0x0000
[959] [M]: 0x0000000080121398 (0x00000013) addi zero, zero, 0
mem[X,0x000000008012139C] -> 0x0013
mem[X,0x000000008012139E] -> 0x0000
[960] [M]: 0x000000008012139C (0x00000013) addi zero, zero, 0
mem[X,0x00000000801213A0] -> 0x0067
mem[X,0x00000000801213A2] -> 0x0006
[961] [M]: 0x00000000801213A0 (0x00060067) jalr zero, a2, 0
mem[X,0x00000000801213A4] -> 0x0013
mem[X,0x00000000801213A6] -> 0x0000
[962] [M]: 0x00000000801213A4 (0x00000013) addi zero, zero, 0
mem[X,0x00000000801213A8] -> 0x0013
mem[X,0x00000000801213AA] -> 0x0000
[963] [M]: 0x00000000801213A8 (0x00000013) addi zero, zero, 0
mem[X,0x00000000801213AC] -> 0x0013
mem[X,0x00000000801213AE] -> 0x0000
[964] [M]: 0x00000000801213AC (0x00000013) addi zero, zero, 0
mem[X,0x00000000801213B0] -> 0x0013
mem[X,0x00000000801213B2] -> 0x0000
[965] [M]: 0x00000000801213B0 (0x00000013) addi zero, zero, 0
mem[X,0x00000000801213B4] -> 0x0013
mem[X,0x00000000801213B6] -> 0x0000
[966] [M]: 0x00000000801213B4 (0x00000013) addi zero, zero, 0
mem[X,0x00000000801213B8] -> 0x0013
mem[X,0x00000000801213BA] -> 0x0000
[967] [M]: 0x00000000801213B8 (0x00000013) addi zero, zero, 0
mem[X,0x00000000801213BC] -> 0x0013
mem[X,0x00000000801213BE] -> 0x0000
[968] [M]: 0x00000000801213BC (0x00000013) addi zero, zero, 0
mem[X,0x00000000801213C0] -> 0x0617
mem[X,0x00000000801213C2] -> 0x0000
[969] [M]: 0x00000000801213C0 (0x00000617) auipc a2, 0
x12 <- 0x00000000801213C0
mem[X,0x00000000801213C4] -> 0x0613
mem[X,0x00000000801213C6] -> 0xF2C6
[970] [M]: 0x00000000801213C4 (0xF2C60613) addi a2, a2, 3884
x12 <- 0x00000000801212EC
mem[X,0x00000000801213C8] -> 0x0013
mem[X,0x00000000801213CA] -> 0x0000
[971] [M]: 0x00000000801213C8 (0x00000013) addi zero, zero, 0
mem[X,0x00000000801213CC] -> 0x0013
mem[X,0x00000000801213CE] -> 0x0000
[972] [M]: 0x00000000801213CC (0x00000013) addi zero, zero, 0
mem[X,0x00000000801213D0] -> 0x0013
mem[X,0x00000000801213D2] -> 0x0000
[973] [M]: 0x00000000801213D0 (0x00000013) addi zero, zero, 0
mem[X,0x00000000801213D4] -> 0x0013
mem[X,0x00000000801213D6] -> 0x0000
[974] [M]: 0x00000000801213D4 (0x00000013) addi zero, zero, 0
mem[X,0x00000000801213D8] -> 0x0013
mem[X,0x00000000801213DA] -> 0x0000
[975] [M]: 0x00000000801213D8 (0x00000013) addi zero, zero, 0
mem[X,0x00000000801213DC] -> 0x0013
mem[X,0x00000000801213DE] -> 0x0000
[976] [M]: 0x00000000801213DC (0x00000013) addi zero, zero, 0
mem[X,0x00000000801213E0] -> 0x7613
mem[X,0x00000000801213E2] -> 0xFFC6
[977] [M]: 0x00000000801213E0 (0xFFC67613) andi a2, a2, 4092
x12 <- 0x00000000801212EC
mem[X,0x00000000801213E4] -> 0x84B3
mem[X,0x00000000801213E6] -> 0x40C4
[978] [M]: 0x00000000801213E4 (0x40C484B3) sub s1, s1, a2
x9 <- 0x0000000000000087
mem[X,0x00000000801213E8] -> 0xBC23
mem[X,0x00000000801213EA] -> 0x0693
[979] [M]: 0x00000000801213E8 (0x0693BC23) sd s1, 120(t2)
mem[0x0000000080125190] <- 0x0000000000000087
mem[X,0x00000000801213EC] -> 0x0013
mem[X,0x00000000801213EE] -> 0x0000
[980] [M]: 0x00000000801213EC (0x00000013) addi zero, zero, 0
mem[X,0x00000000801213F0] -> 0x0013
mem[X,0x00000000801213F2] -> 0x0000
[981] [M]: 0x00000000801213F0 (0x00000013) addi zero, zero, 0
mem[X,0x00000000801213F4] -> 0x0013
mem[X,0x00000000801213F6] -> 0x0000
[982] [M]: 0x00000000801213F4 (0x00000013) addi zero, zero, 0
mem[X,0x00000000801213F8] -> 0x0013
mem[X,0x00000000801213FA] -> 0x0000
[983] [M]: 0x00000000801213F8 (0x00000013) addi zero, zero, 0
mem[X,0x00000000801213FC] -> 0x0013
mem[X,0x00000000801213FE] -> 0x0000
[984] [M]: 0x00000000801213FC (0x00000013) addi zero, zero, 0
mem[X,0x0000000080121400] -> 0x0617
mem[X,0x0000000080121402] -> 0x0000
[985] [M]: 0x0000000080121400 (0x00000617) auipc a2, 0
x12 <- 0x0000000080121400
mem[X,0x0000000080121404] -> 0x0613
mem[X,0x0000000080121406] -> 0x06C6
[986] [M]: 0x0000000080121404 (0x06C60613) addi a2, a2, 108
x12 <- 0x000000008012146C
mem[X,0x0000000080121408] -> 0x0013
mem[X,0x000000008012140A] -> 0x0000
[987] [M]: 0x0000000080121408 (0x00000013) addi zero, zero, 0
mem[X,0x000000008012140C] -> 0x0013
mem[X,0x000000008012140E] -> 0x0000
[988] [M]: 0x000000008012140C (0x00000013) addi zero, zero, 0
mem[X,0x0000000080121410] -> 0x0013
mem[X,0x0000000080121412] -> 0x0000
[989] [M]: 0x0000000080121410 (0x00000013) addi zero, zero, 0
mem[X,0x0000000080121414] -> 0x0013
mem[X,0x0000000080121416] -> 0x0000
[990] [M]: 0x0000000080121414 (0x00000013) addi zero, zero, 0
mem[X,0x0000000080121418] -> 0x0013
mem[X,0x000000008012141A] -> 0x0000
[991] [M]: 0x0000000080121418 (0x00000013) addi zero, zero, 0
mem[X,0x000000008012141C] -> 0x0013
mem[X,0x000000008012141E] -> 0x0000
[992] [M]: 0x000000008012141C (0x00000013) addi zero, zero, 0
mem[X,0x0000000080121420] -> 0x0067
mem[X,0x0000000080121422] -> 0x0006
[993] [M]: 0x0000000080121420 (0x00060067) jalr zero, a2, 0
mem[X,0x000000008012146C] -> 0x01EF
mem[X,0x000000008012146E] -> 0x00C0
[994] [M]: 0x000000008012146C (0x00C001EF) jal gp, 12
x3 <- 0x0000000080121470
mem[X,0x0000000080121478] -> 0xC193
mem[X,0x000000008012147A] -> 0x0031
[995] [M]: 0x0000000080121478 (0x0031C193) xori gp, gp, 3
x3 <- 0x0000000080121473
mem[X,0x000000008012147C] -> 0x0013
mem[X,0x000000008012147E] -> 0x0000
[996] [M]: 0x000000008012147C (0x00000013) addi zero, zero, 0
mem[X,0x0000000080121480] -> 0x0617
mem[X,0x0000000080121482] -> 0x0000
[997] [M]: 0x0000000080121480 (0x00000617) auipc a2, 0
x12 <- 0x0000000080121480
mem[X,0x0000000080121484] -> 0x0613
mem[X,0x0000000080121486] -> 0x0246
[998] [M]: 0x0000000080121484 (0x02460613) addi a2, a2, 36
x12 <- 0x00000000801214A4
mem[X,0x0000000080121488] -> 0x0013
mem[X,0x000000008012148A] -> 0x0000
[999] [M]: 0x0000000080121488 (0x00000013) addi zero, zero, 0
clint::tick mtime <- 0x000000000000000A
 clint timer pending at mtime 0x000000000000000A
htif::tick 0x0000000000000000
mem[X,0x000000008012148C] -> 0x0013
mem[X,0x000000008012148E] -> 0x0000
[1000] [M]: 0x000000008012148C (0x00000013) addi zero, zero, 0
mem[X,0x0000000080121490] -> 0x0013
mem[X,0x0000000080121492] -> 0x0000
[1001] [M]: 0x0000000080121490 (0x00000013) addi zero, zero, 0
mem[X,0x0000000080121494] -> 0x0013
mem[X,0x0000000080121496] -> 0x0000
[1002] [M]: 0x0000000080121494 (0x00000013) addi zero, zero, 0
mem[X,0x0000000080121498] -> 0x0013
mem[X,0x000000008012149A] -> 0x0000
[1003] [M]: 0x0000000080121498 (0x00000013) addi zero, zero, 0
mem[X,0x000000008012149C] -> 0x0013
mem[X,0x000000008012149E] -> 0x0000
[1004] [M]: 0x000000008012149C (0x00000013) addi zero, zero, 0
mem[X,0x00000000801214A0] -> 0x0067
mem[X,0x00000000801214A2] -> 0x0006
[1005] [M]: 0x00000000801214A0 (0x00060067) jalr zero, a2, 0
mem[X,0x00000000801214A4] -> 0x0013
mem[X,0x00000000801214A6] -> 0x0000
[1006] [M]: 0x00000000801214A4 (0x00000013) addi zero, zero, 0
mem[X,0x00000000801214A8] -> 0x0013
mem[X,0x00000000801214AA] -> 0x0000
[1007] [M]: 0x00000000801214A8 (0x00000013) addi zero, zero, 0
mem[X,0x00000000801214AC] -> 0x0013
mem[X,0x00000000801214AE] -> 0x0000
[1008] [M]: 0x00000000801214AC (0x00000013) addi zero, zero, 0
mem[X,0x00000000801214B0] -> 0x0013
mem[X,0x00000000801214B2] -> 0x0000
[1009] [M]: 0x00000000801214B0 (0x00000013) addi zero, zero, 0
mem[X,0x00000000801214B4] -> 0x0013
mem[X,0x00000000801214B6] -> 0x0000
[1010] [M]: 0x00000000801214B4 (0x00000013) addi zero, zero, 0
mem[X,0x00000000801214B8] -> 0x0013
mem[X,0x00000000801214BA] -> 0x0000
[1011] [M]: 0x00000000801214B8 (0x00000013) addi zero, zero, 0
mem[X,0x00000000801214BC] -> 0x0013
mem[X,0x00000000801214BE] -> 0x0000
[1012] [M]: 0x00000000801214BC (0x00000013) addi zero, zero, 0
mem[X,0x00000000801214C0] -> 0x0617
mem[X,0x00000000801214C2] -> 0x0000
[1013] [M]: 0x00000000801214C0 (0x00000617) auipc a2, 0
x12 <- 0x00000000801214C0
mem[X,0x00000000801214C4] -> 0x0613
mem[X,0x00000000801214C6] -> 0xF2C6
[1014] [M]: 0x00000000801214C4 (0xF2C60613) addi a2, a2, 3884
x12 <- 0x00000000801213EC
mem[X,0x00000000801214C8] -> 0x0013
mem[X,0x00000000801214CA] -> 0x0000
[1015] [M]: 0x00000000801214C8 (0x00000013) addi zero, zero, 0
mem[X,0x00000000801214CC] -> 0x0013
mem[X,0x00000000801214CE] -> 0x0000
[1016] [M]: 0x00000000801214CC (0x00000013) addi zero, zero, 0
mem[X,0x00000000801214D0] -> 0x0013
mem[X,0x00000000801214D2] -> 0x0000
[1017] [M]: 0x00000000801214D0 (0x00000013) addi zero, zero, 0
mem[X,0x00000000801214D4] -> 0x0013
mem[X,0x00000000801214D6] -> 0x0000
[1018] [M]: 0x00000000801214D4 (0x00000013) addi zero, zero, 0
mem[X,0x00000000801214D8] -> 0x0013
mem[X,0x00000000801214DA] -> 0x0000
[1019] [M]: 0x00000000801214D8 (0x00000013) addi zero, zero, 0
mem[X,0x00000000801214DC] -> 0x0013
mem[X,0x00000000801214DE] -> 0x0000
[1020] [M]: 0x00000000801214DC (0x00000013) addi zero, zero, 0
mem[X,0x00000000801214E0] -> 0x7613
mem[X,0x00000000801214E2] -> 0xFFC6
[1021] [M]: 0x00000000801214E0 (0xFFC67613) andi a2, a2, 4092
x12 <- 0x00000000801213EC
mem[X,0x00000000801214E4] -> 0x81B3
mem[X,0x00000000801214E6] -> 0x40C1
[1022] [M]: 0x00000000801214E4 (0x40C181B3) sub gp, gp, a2
x3 <- 0x0000000000000087
mem[X,0x00000000801214E8] -> 0xB023
mem[X,0x00000000801214EA] -> 0x0833
[1023] [M]: 0x00000000801214E8 (0x0833B023) sd gp, 128(t2)
mem[0x0000000080125198] <- 0x0000000000000087
mem[X,0x00000000801214EC] -> 0x0013
mem[X,0x00000000801214EE] -> 0x0000
[1024] [M]: 0x00000000801214EC (0x00000013) addi zero, zero, 0
mem[X,0x00000000801214F0] -> 0x0013
mem[X,0x00000000801214F2] -> 0x0000
[1025] [M]: 0x00000000801214F0 (0x00000013) addi zero, zero, 0
mem[X,0x00000000801214F4] -> 0x0013
mem[X,0x00000000801214F6] -> 0x0000
[1026] [M]: 0x00000000801214F4 (0x00000013) addi zero, zero, 0
mem[X,0x00000000801214F8] -> 0x0013
mem[X,0x00000000801214FA] -> 0x0000
[1027] [M]: 0x00000000801214F8 (0x00000013) addi zero, zero, 0
mem[X,0x00000000801214FC] -> 0x0013
mem[X,0x00000000801214FE] -> 0x0000
[1028] [M]: 0x00000000801214FC (0x00000013) addi zero, zero, 0
mem[X,0x0000000080121500] -> 0x0617
mem[X,0x0000000080121502] -> 0x0000
[1029] [M]: 0x0000000080121500 (0x00000617) auipc a2, 0
x12 <- 0x0000000080121500
mem[X,0x0000000080121504] -> 0x0613
mem[X,0x0000000080121506] -> 0x06C6
[1030] [M]: 0x0000000080121504 (0x06C60613) addi a2, a2, 108
x12 <- 0x000000008012156C
mem[X,0x0000000080121508] -> 0x0013
mem[X,0x000000008012150A] -> 0x0000
[1031] [M]: 0x0000000080121508 (0x00000013) addi zero, zero, 0
mem[X,0x000000008012150C] -> 0x0013
mem[X,0x000000008012150E] -> 0x0000
[1032] [M]: 0x000000008012150C (0x00000013) addi zero, zero, 0
mem[X,0x0000000080121510] -> 0x0013
mem[X,0x0000000080121512] -> 0x0000
[1033] [M]: 0x0000000080121510 (0x00000013) addi zero, zero, 0
mem[X,0x0000000080121514] -> 0x0013
mem[X,0x0000000080121516] -> 0x0000
[1034] [M]: 0x0000000080121514 (0x00000013) addi zero, zero, 0
mem[X,0x0000000080121518] -> 0x0013
mem[X,0x000000008012151A] -> 0x0000
[1035] [M]: 0x0000000080121518 (0x00000013) addi zero, zero, 0
mem[X,0x000000008012151C] -> 0x0013
mem[X,0x000000008012151E] -> 0x0000
[1036] [M]: 0x000000008012151C (0x00000013) addi zero, zero, 0
mem[X,0x0000000080121520] -> 0x0067
mem[X,0x0000000080121522] -> 0x0006
[1037] [M]: 0x0000000080121520 (0x00060067) jalr zero, a2, 0
mem[X,0x000000008012156C] -> 0x026F
mem[X,0x000000008012156E] -> 0x00C0
[1038] [M]: 0x000000008012156C (0x00C0026F) jal tp, 12
x4 <- 0x0000000080121570
mem[X,0x0000000080121578] -> 0x4213
mem[X,0x000000008012157A] -> 0x0032
[1039] [M]: 0x0000000080121578 (0x00324213) xori tp, tp, 3
x4 <- 0x0000000080121573
mem[X,0x000000008012157C] -> 0x0013
mem[X,0x000000008012157E] -> 0x0000
[1040] [M]: 0x000000008012157C (0x00000013) addi zero, zero, 0
mem[X,0x0000000080121580] -> 0x0617
mem[X,0x0000000080121582] -> 0x0000
[1041] [M]: 0x0000000080121580 (0x00000617) auipc a2, 0
x12 <- 0x0000000080121580
mem[X,0x0000000080121584] -> 0x0613
mem[X,0x0000000080121586] -> 0x0246
[1042] [M]: 0x0000000080121584 (0x02460613) addi a2, a2, 36
x12 <- 0x00000000801215A4
mem[X,0x0000000080121588] -> 0x0013
mem[X,0x000000008012158A] -> 0x0000
[1043] [M]: 0x0000000080121588 (0x00000013) addi zero, zero, 0
mem[X,0x000000008012158C] -> 0x0013
mem[X,0x000000008012158E] -> 0x0000
[1044] [M]: 0x000000008012158C (0x00000013) addi zero, zero, 0
mem[X,0x0000000080121590] -> 0x0013
mem[X,0x0000000080121592] -> 0x0000
[1045] [M]: 0x0000000080121590 (0x00000013) addi zero, zero, 0
mem[X,0x0000000080121594] -> 0x0013
mem[X,0x0000000080121596] -> 0x0000
[1046] [M]: 0x0000000080121594 (0x00000013) addi zero, zero, 0
mem[X,0x0000000080121598] -> 0x0013
mem[X,0x000000008012159A] -> 0x0000
[1047] [M]: 0x0000000080121598 (0x00000013) addi zero, zero, 0
mem[X,0x000000008012159C] -> 0x0013
mem[X,0x000000008012159E] -> 0x0000
[1048] [M]: 0x000000008012159C (0x00000013) addi zero, zero, 0
mem[X,0x00000000801215A0] -> 0x0067
mem[X,0x00000000801215A2] -> 0x0006
[1049] [M]: 0x00000000801215A0 (0x00060067) jalr zero, a2, 0
mem[X,0x00000000801215A4] -> 0x0013
mem[X,0x00000000801215A6] -> 0x0000
[1050] [M]: 0x00000000801215A4 (0x00000013) addi zero, zero, 0
mem[X,0x00000000801215A8] -> 0x0013
mem[X,0x00000000801215AA] -> 0x0000
[1051] [M]: 0x00000000801215A8 (0x00000013) addi zero, zero, 0
mem[X,0x00000000801215AC] -> 0x0013
mem[X,0x00000000801215AE] -> 0x0000
[1052] [M]: 0x00000000801215AC (0x00000013) addi zero, zero, 0
mem[X,0x00000000801215B0] -> 0x0013
mem[X,0x00000000801215B2] -> 0x0000
[1053] [M]: 0x00000000801215B0 (0x00000013) addi zero, zero, 0
mem[X,0x00000000801215B4] -> 0x0013
mem[X,0x00000000801215B6] -> 0x0000
[1054] [M]: 0x00000000801215B4 (0x00000013) addi zero, zero, 0
mem[X,0x00000000801215B8] -> 0x0013
mem[X,0x00000000801215BA] -> 0x0000
[1055] [M]: 0x00000000801215B8 (0x00000013) addi zero, zero, 0
mem[X,0x00000000801215BC] -> 0x0013
mem[X,0x00000000801215BE] -> 0x0000
[1056] [M]: 0x00000000801215BC (0x00000013) addi zero, zero, 0
mem[X,0x00000000801215C0] -> 0x0617
mem[X,0x00000000801215C2] -> 0x0000
[1057] [M]: 0x00000000801215C0 (0x00000617) auipc a2, 0
x12 <- 0x00000000801215C0
mem[X,0x00000000801215C4] -> 0x0613
mem[X,0x00000000801215C6] -> 0xF2C6
[1058] [M]: 0x00000000801215C4 (0xF2C60613) addi a2, a2, 3884
x12 <- 0x00000000801214EC
mem[X,0x00000000801215C8] -> 0x0013
mem[X,0x00000000801215CA] -> 0x0000
[1059] [M]: 0x00000000801215C8 (0x00000013) addi zero, zero, 0
mem[X,0x00000000801215CC] -> 0x0013
mem[X,0x00000000801215CE] -> 0x0000
[1060] [M]: 0x00000000801215CC (0x00000013) addi zero, zero, 0
mem[X,0x00000000801215D0] -> 0x0013
mem[X,0x00000000801215D2] -> 0x0000
[1061] [M]: 0x00000000801215D0 (0x00000013) addi zero, zero, 0
mem[X,0x00000000801215D4] -> 0x0013
mem[X,0x00000000801215D6] -> 0x0000
[1062] [M]: 0x00000000801215D4 (0x00000013) addi zero, zero, 0
mem[X,0x00000000801215D8] -> 0x0013
mem[X,0x00000000801215DA] -> 0x0000
[1063] [M]: 0x00000000801215D8 (0x00000013) addi zero, zero, 0
mem[X,0x00000000801215DC] -> 0x0013
mem[X,0x00000000801215DE] -> 0x0000
[1064] [M]: 0x00000000801215DC (0x00000013) addi zero, zero, 0
mem[X,0x00000000801215E0] -> 0x7613
mem[X,0x00000000801215E2] -> 0xFFC6
[1065] [M]: 0x00000000801215E0 (0xFFC67613) andi a2, a2, 4092
x12 <- 0x00000000801214EC
mem[X,0x00000000801215E4] -> 0x0233
mem[X,0x00000000801215E6] -> 0x40C2
[1066] [M]: 0x00000000801215E4 (0x40C20233) sub tp, tp, a2
x4 <- 0x0000000000000087
mem[X,0x00000000801215E8] -> 0xB423
mem[X,0x00000000801215EA] -> 0x0843
[1067] [M]: 0x00000000801215E8 (0x0843B423) sd tp, 136(t2)
mem[0x00000000801251A0] <- 0x0000000000000087
mem[X,0x00000000801215EC] -> 0x0013
mem[X,0x00000000801215EE] -> 0x0000
[1068] [M]: 0x00000000801215EC (0x00000013) addi zero, zero, 0
mem[X,0x00000000801215F0] -> 0x0013
mem[X,0x00000000801215F2] -> 0x0000
[1069] [M]: 0x00000000801215F0 (0x00000013) addi zero, zero, 0
mem[X,0x00000000801215F4] -> 0x0013
mem[X,0x00000000801215F6] -> 0x0000
[1070] [M]: 0x00000000801215F4 (0x00000013) addi zero, zero, 0
mem[X,0x00000000801215F8] -> 0x0013
mem[X,0x00000000801215FA] -> 0x0000
[1071] [M]: 0x00000000801215F8 (0x00000013) addi zero, zero, 0
mem[X,0x00000000801215FC] -> 0x0013
mem[X,0x00000000801215FE] -> 0x0000
[1072] [M]: 0x00000000801215FC (0x00000013) addi zero, zero, 0
mem[X,0x0000000080121600] -> 0x0617
mem[X,0x0000000080121602] -> 0x0000
[1073] [M]: 0x0000000080121600 (0x00000617) auipc a2, 0
x12 <- 0x0000000080121600
mem[X,0x0000000080121604] -> 0x0613
mem[X,0x0000000080121606] -> 0x06C6
[1074] [M]: 0x0000000080121604 (0x06C60613) addi a2, a2, 108
x12 <- 0x000000008012166C
mem[X,0x0000000080121608] -> 0x0013
mem[X,0x000000008012160A] -> 0x0000
[1075] [M]: 0x0000000080121608 (0x00000013) addi zero, zero, 0
mem[X,0x000000008012160C] -> 0x0013
mem[X,0x000000008012160E] -> 0x0000
[1076] [M]: 0x000000008012160C (0x00000013) addi zero, zero, 0
mem[X,0x0000000080121610] -> 0x0013
mem[X,0x0000000080121612] -> 0x0000
[1077] [M]: 0x0000000080121610 (0x00000013) addi zero, zero, 0
mem[X,0x0000000080121614] -> 0x0013
mem[X,0x0000000080121616] -> 0x0000
[1078] [M]: 0x0000000080121614 (0x00000013) addi zero, zero, 0
mem[X,0x0000000080121618] -> 0x0013
mem[X,0x000000008012161A] -> 0x0000
[1079] [M]: 0x0000000080121618 (0x00000013) addi zero, zero, 0
mem[X,0x000000008012161C] -> 0x0013
mem[X,0x000000008012161E] -> 0x0000
[1080] [M]: 0x000000008012161C (0x00000013) addi zero, zero, 0
mem[X,0x0000000080121620] -> 0x0067
mem[X,0x0000000080121622] -> 0x0006
[1081] [M]: 0x0000000080121620 (0x00060067) jalr zero, a2, 0
mem[X,0x000000008012166C] -> 0x016F
mem[X,0x000000008012166E] -> 0x00C0
[1082] [M]: 0x000000008012166C (0x00C0016F) jal sp, 12
x2 <- 0x0000000080121670
mem[X,0x0000000080121678] -> 0x4113
mem[X,0x000000008012167A] -> 0x0031
[1083] [M]: 0x0000000080121678 (0x00314113) xori sp, sp, 3
x2 <- 0x0000000080121673
mem[X,0x000000008012167C] -> 0x0013
mem[X,0x000000008012167E] -> 0x0000
[1084] [M]: 0x000000008012167C (0x00000013) addi zero, zero, 0
mem[X,0x0000000080121680] -> 0x0617
mem[X,0x0000000080121682] -> 0x0000
[1085] [M]: 0x0000000080121680 (0x00000617) auipc a2, 0
x12 <- 0x0000000080121680
mem[X,0x0000000080121684] -> 0x0613
mem[X,0x0000000080121686] -> 0x0246
[1086] [M]: 0x0000000080121684 (0x02460613) addi a2, a2, 36
x12 <- 0x00000000801216A4
mem[X,0x0000000080121688] -> 0x0013
mem[X,0x000000008012168A] -> 0x0000
[1087] [M]: 0x0000000080121688 (0x00000013) addi zero, zero, 0
mem[X,0x000000008012168C] -> 0x0013
mem[X,0x000000008012168E] -> 0x0000
[1088] [M]: 0x000000008012168C (0x00000013) addi zero, zero, 0
mem[X,0x0000000080121690] -> 0x0013
mem[X,0x0000000080121692] -> 0x0000
[1089] [M]: 0x0000000080121690 (0x00000013) addi zero, zero, 0
mem[X,0x0000000080121694] -> 0x0013
mem[X,0x0000000080121696] -> 0x0000
[1090] [M]: 0x0000000080121694 (0x00000013) addi zero, zero, 0
mem[X,0x0000000080121698] -> 0x0013
mem[X,0x000000008012169A] -> 0x0000
[1091] [M]: 0x0000000080121698 (0x00000013) addi zero, zero, 0
mem[X,0x000000008012169C] -> 0x0013
mem[X,0x000000008012169E] -> 0x0000
[1092] [M]: 0x000000008012169C (0x00000013) addi zero, zero, 0
mem[X,0x00000000801216A0] -> 0x0067
mem[X,0x00000000801216A2] -> 0x0006
[1093] [M]: 0x00000000801216A0 (0x00060067) jalr zero, a2, 0
mem[X,0x00000000801216A4] -> 0x0013
mem[X,0x00000000801216A6] -> 0x0000
[1094] [M]: 0x00000000801216A4 (0x00000013) addi zero, zero, 0
mem[X,0x00000000801216A8] -> 0x0013
mem[X,0x00000000801216AA] -> 0x0000
[1095] [M]: 0x00000000801216A8 (0x00000013) addi zero, zero, 0
mem[X,0x00000000801216AC] -> 0x0013
mem[X,0x00000000801216AE] -> 0x0000
[1096] [M]: 0x00000000801216AC (0x00000013) addi zero, zero, 0
mem[X,0x00000000801216B0] -> 0x0013
mem[X,0x00000000801216B2] -> 0x0000
[1097] [M]: 0x00000000801216B0 (0x00000013) addi zero, zero, 0
mem[X,0x00000000801216B4] -> 0x0013
mem[X,0x00000000801216B6] -> 0x0000
[1098] [M]: 0x00000000801216B4 (0x00000013) addi zero, zero, 0
mem[X,0x00000000801216B8] -> 0x0013
mem[X,0x00000000801216BA] -> 0x0000
[1099] [M]: 0x00000000801216B8 (0x00000013) addi zero, zero, 0
clint::tick mtime <- 0x000000000000000B
 clint timer pending at mtime 0x000000000000000B
htif::tick 0x0000000000000000
mem[X,0x00000000801216BC] -> 0x0013
mem[X,0x00000000801216BE] -> 0x0000
[1100] [M]: 0x00000000801216BC (0x00000013) addi zero, zero, 0
mem[X,0x00000000801216C0] -> 0x0617
mem[X,0x00000000801216C2] -> 0x0000
[1101] [M]: 0x00000000801216C0 (0x00000617) auipc a2, 0
x12 <- 0x00000000801216C0
mem[X,0x00000000801216C4] -> 0x0613
mem[X,0x00000000801216C6] -> 0xF2C6
[1102] [M]: 0x00000000801216C4 (0xF2C60613) addi a2, a2, 3884
x12 <- 0x00000000801215EC
mem[X,0x00000000801216C8] -> 0x0013
mem[X,0x00000000801216CA] -> 0x0000
[1103] [M]: 0x00000000801216C8 (0x00000013) addi zero, zero, 0
mem[X,0x00000000801216CC] -> 0x0013
mem[X,0x00000000801216CE] -> 0x0000
[1104] [M]: 0x00000000801216CC (0x00000013) addi zero, zero, 0
mem[X,0x00000000801216D0] -> 0x0013
mem[X,0x00000000801216D2] -> 0x0000
[1105] [M]: 0x00000000801216D0 (0x00000013) addi zero, zero, 0
mem[X,0x00000000801216D4] -> 0x0013
mem[X,0x00000000801216D6] -> 0x0000
[1106] [M]: 0x00000000801216D4 (0x00000013) addi zero, zero, 0
mem[X,0x00000000801216D8] -> 0x0013
mem[X,0x00000000801216DA] -> 0x0000
[1107] [M]: 0x00000000801216D8 (0x00000013) addi zero, zero, 0
mem[X,0x00000000801216DC] -> 0x0013
mem[X,0x00000000801216DE] -> 0x0000
[1108] [M]: 0x00000000801216DC (0x00000013) addi zero, zero, 0
mem[X,0x00000000801216E0] -> 0x7613
mem[X,0x00000000801216E2] -> 0xFFC6
[1109] [M]: 0x00000000801216E0 (0xFFC67613) andi a2, a2, 4092
x12 <- 0x00000000801215EC
mem[X,0x00000000801216E4] -> 0x0133
mem[X,0x00000000801216E6] -> 0x40C1
[1110] [M]: 0x00000000801216E4 (0x40C10133) sub sp, sp, a2
x2 <- 0x0000000000000087
mem[X,0x00000000801216E8] -> 0xB823
mem[X,0x00000000801216EA] -> 0x0823
[1111] [M]: 0x00000000801216E8 (0x0823B823) sd sp, 144(t2)
mem[0x00000000801251A8] <- 0x0000000000000087
mem[X,0x00000000801216EC] -> 0x0013
mem[X,0x00000000801216EE] -> 0x0000
[1112] [M]: 0x00000000801216EC (0x00000013) addi zero, zero, 0
mem[X,0x00000000801216F0] -> 0x0013
mem[X,0x00000000801216F2] -> 0x0000
[1113] [M]: 0x00000000801216F0 (0x00000013) addi zero, zero, 0
mem[X,0x00000000801216F4] -> 0x0013
mem[X,0x00000000801216F6] -> 0x0000
[1114] [M]: 0x00000000801216F4 (0x00000013) addi zero, zero, 0
mem[X,0x00000000801216F8] -> 0x0013
mem[X,0x00000000801216FA] -> 0x0000
[1115] [M]: 0x00000000801216F8 (0x00000013) addi zero, zero, 0
mem[X,0x00000000801216FC] -> 0x0013
mem[X,0x00000000801216FE] -> 0x0000
[1116] [M]: 0x00000000801216FC (0x00000013) addi zero, zero, 0
mem[X,0x0000000080121700] -> 0x0617
mem[X,0x0000000080121702] -> 0x0000
[1117] [M]: 0x0000000080121700 (0x00000617) auipc a2, 0
x12 <- 0x0000000080121700
mem[X,0x0000000080121704] -> 0x0613
mem[X,0x0000000080121706] -> 0x06C6
[1118] [M]: 0x0000000080121704 (0x06C60613) addi a2, a2, 108
x12 <- 0x000000008012176C
mem[X,0x0000000080121708] -> 0x0013
mem[X,0x000000008012170A] -> 0x0000
[1119] [M]: 0x0000000080121708 (0x00000013) addi zero, zero, 0
mem[X,0x000000008012170C] -> 0x0013
mem[X,0x000000008012170E] -> 0x0000
[1120] [M]: 0x000000008012170C (0x00000013) addi zero, zero, 0
mem[X,0x0000000080121710] -> 0x0013
mem[X,0x0000000080121712] -> 0x0000
[1121] [M]: 0x0000000080121710 (0x00000013) addi zero, zero, 0
mem[X,0x0000000080121714] -> 0x0013
mem[X,0x0000000080121716] -> 0x0000
[1122] [M]: 0x0000000080121714 (0x00000013) addi zero, zero, 0
mem[X,0x0000000080121718] -> 0x0013
mem[X,0x000000008012171A] -> 0x0000
[1123] [M]: 0x0000000080121718 (0x00000013) addi zero, zero, 0
mem[X,0x000000008012171C] -> 0x0013
mem[X,0x000000008012171E] -> 0x0000
[1124] [M]: 0x000000008012171C (0x00000013) addi zero, zero, 0
mem[X,0x0000000080121720] -> 0x0067
mem[X,0x0000000080121722] -> 0x0006
[1125] [M]: 0x0000000080121720 (0x00060067) jalr zero, a2, 0
mem[X,0x000000008012176C] -> 0x06EF
mem[X,0x000000008012176E] -> 0x00C0
[1126] [M]: 0x000000008012176C (0x00C006EF) jal a3, 12
x13 <- 0x0000000080121770
mem[X,0x0000000080121778] -> 0xC693
mem[X,0x000000008012177A] -> 0x0036
[1127] [M]: 0x0000000080121778 (0x0036C693) xori a3, a3, 3
x13 <- 0x0000000080121773
mem[X,0x000000008012177C] -> 0x0013
mem[X,0x000000008012177E] -> 0x0000
[1128] [M]: 0x000000008012177C (0x00000013) addi zero, zero, 0
mem[X,0x0000000080121780] -> 0x0617
mem[X,0x0000000080121782] -> 0x0000
[1129] [M]: 0x0000000080121780 (0x00000617) auipc a2, 0
x12 <- 0x0000000080121780
mem[X,0x0000000080121784] -> 0x0613
mem[X,0x0000000080121786] -> 0x0246
[1130] [M]: 0x0000000080121784 (0x02460613) addi a2, a2, 36
x12 <- 0x00000000801217A4
mem[X,0x0000000080121788] -> 0x0013
mem[X,0x000000008012178A] -> 0x0000
[1131] [M]: 0x0000000080121788 (0x00000013) addi zero, zero, 0
mem[X,0x000000008012178C] -> 0x0013
mem[X,0x000000008012178E] -> 0x0000
[1132] [M]: 0x000000008012178C (0x00000013) addi zero, zero, 0
mem[X,0x0000000080121790] -> 0x0013
mem[X,0x0000000080121792] -> 0x0000
[1133] [M]: 0x0000000080121790 (0x00000013) addi zero, zero, 0
mem[X,0x0000000080121794] -> 0x0013
mem[X,0x0000000080121796] -> 0x0000
[1134] [M]: 0x0000000080121794 (0x00000013) addi zero, zero, 0
mem[X,0x0000000080121798] -> 0x0013
mem[X,0x000000008012179A] -> 0x0000
[1135] [M]: 0x0000000080121798 (0x00000013) addi zero, zero, 0
mem[X,0x000000008012179C] -> 0x0013
mem[X,0x000000008012179E] -> 0x0000
[1136] [M]: 0x000000008012179C (0x00000013) addi zero, zero, 0
mem[X,0x00000000801217A0] -> 0x0067
mem[X,0x00000000801217A2] -> 0x0006
[1137] [M]: 0x00000000801217A0 (0x00060067) jalr zero, a2, 0
mem[X,0x00000000801217A4] -> 0x0013
mem[X,0x00000000801217A6] -> 0x0000
[1138] [M]: 0x00000000801217A4 (0x00000013) addi zero, zero, 0
mem[X,0x00000000801217A8] -> 0x0013
mem[X,0x00000000801217AA] -> 0x0000
[1139] [M]: 0x00000000801217A8 (0x00000013) addi zero, zero, 0
mem[X,0x00000000801217AC] -> 0x0013
mem[X,0x00000000801217AE] -> 0x0000
[1140] [M]: 0x00000000801217AC (0x00000013) addi zero, zero, 0
mem[X,0x00000000801217B0] -> 0x0013
mem[X,0x00000000801217B2] -> 0x0000
[1141] [M]: 0x00000000801217B0 (0x00000013) addi zero, zero, 0
mem[X,0x00000000801217B4] -> 0x0013
mem[X,0x00000000801217B6] -> 0x0000
[1142] [M]: 0x00000000801217B4 (0x00000013) addi zero, zero, 0
mem[X,0x00000000801217B8] -> 0x0013
mem[X,0x00000000801217BA] -> 0x0000
[1143] [M]: 0x00000000801217B8 (0x00000013) addi zero, zero, 0
mem[X,0x00000000801217BC] -> 0x0013
mem[X,0x00000000801217BE] -> 0x0000
[1144] [M]: 0x00000000801217BC (0x00000013) addi zero, zero, 0
mem[X,0x00000000801217C0] -> 0x0617
mem[X,0x00000000801217C2] -> 0x0000
[1145] [M]: 0x00000000801217C0 (0x00000617) auipc a2, 0
x12 <- 0x00000000801217C0
mem[X,0x00000000801217C4] -> 0x0613
mem[X,0x00000000801217C6] -> 0xF2C6
[1146] [M]: 0x00000000801217C4 (0xF2C60613) addi a2, a2, 3884
x12 <- 0x00000000801216EC
mem[X,0x00000000801217C8] -> 0x0013
mem[X,0x00000000801217CA] -> 0x0000
[1147] [M]: 0x00000000801217C8 (0x00000013) addi zero, zero, 0
mem[X,0x00000000801217CC] -> 0x0013
mem[X,0x00000000801217CE] -> 0x0000
[1148] [M]: 0x00000000801217CC (0x00000013) addi zero, zero, 0
mem[X,0x00000000801217D0] -> 0x0013
mem[X,0x00000000801217D2] -> 0x0000
[1149] [M]: 0x00000000801217D0 (0x00000013) addi zero, zero, 0
mem[X,0x00000000801217D4] -> 0x0013
mem[X,0x00000000801217D6] -> 0x0000
[1150] [M]: 0x00000000801217D4 (0x00000013) addi zero, zero, 0
mem[X,0x00000000801217D8] -> 0x0013
mem[X,0x00000000801217DA] -> 0x0000
[1151] [M]: 0x00000000801217D8 (0x00000013) addi zero, zero, 0
mem[X,0x00000000801217DC] -> 0x0013
mem[X,0x00000000801217DE] -> 0x0000
[1152] [M]: 0x00000000801217DC (0x00000013) addi zero, zero, 0
mem[X,0x00000000801217E0] -> 0x7613
mem[X,0x00000000801217E2] -> 0xFFC6
[1153] [M]: 0x00000000801217E0 (0xFFC67613) andi a2, a2, 4092
x12 <- 0x00000000801216EC
mem[X,0x00000000801217E4] -> 0x86B3
mem[X,0x00000000801217E6] -> 0x40C6
[1154] [M]: 0x00000000801217E4 (0x40C686B3) sub a3, a3, a2
x13 <- 0x0000000000000087
mem[X,0x00000000801217E8] -> 0xBC23
mem[X,0x00000000801217EA] -> 0x08D3
[1155] [M]: 0x00000000801217E8 (0x08D3BC23) sd a3, 152(t2)
mem[0x00000000801251B0] <- 0x0000000000000087
mem[X,0x00000000801217EC] -> 0x0013
mem[X,0x00000000801217EE] -> 0x0000
[1156] [M]: 0x00000000801217EC (0x00000013) addi zero, zero, 0
mem[X,0x00000000801217F0] -> 0x0013
mem[X,0x00000000801217F2] -> 0x0000
[1157] [M]: 0x00000000801217F0 (0x00000013) addi zero, zero, 0
mem[X,0x00000000801217F4] -> 0x0013
mem[X,0x00000000801217F6] -> 0x0000
[1158] [M]: 0x00000000801217F4 (0x00000013) addi zero, zero, 0
mem[X,0x00000000801217F8] -> 0x0013
mem[X,0x00000000801217FA] -> 0x0000
[1159] [M]: 0x00000000801217F8 (0x00000013) addi zero, zero, 0
mem[X,0x00000000801217FC] -> 0x0013
mem[X,0x00000000801217FE] -> 0x0000
[1160] [M]: 0x00000000801217FC (0x00000013) addi zero, zero, 0
mem[X,0x0000000080121800] -> 0x0617
mem[X,0x0000000080121802] -> 0x0000
[1161] [M]: 0x0000000080121800 (0x00000617) auipc a2, 0
x12 <- 0x0000000080121800
mem[X,0x0000000080121804] -> 0x0613
mem[X,0x0000000080121806] -> 0x06C6
[1162] [M]: 0x0000000080121804 (0x06C60613) addi a2, a2, 108
x12 <- 0x000000008012186C
mem[X,0x0000000080121808] -> 0x0013
mem[X,0x000000008012180A] -> 0x0000
[1163] [M]: 0x0000000080121808 (0x00000013) addi zero, zero, 0
mem[X,0x000000008012180C] -> 0x0013
mem[X,0x000000008012180E] -> 0x0000
[1164] [M]: 0x000000008012180C (0x00000013) addi zero, zero, 0
mem[X,0x0000000080121810] -> 0x0013
mem[X,0x0000000080121812] -> 0x0000
[1165] [M]: 0x0000000080121810 (0x00000013) addi zero, zero, 0
mem[X,0x0000000080121814] -> 0x0013
mem[X,0x0000000080121816] -> 0x0000
[1166] [M]: 0x0000000080121814 (0x00000013) addi zero, zero, 0
mem[X,0x0000000080121818] -> 0x0013
mem[X,0x000000008012181A] -> 0x0000
[1167] [M]: 0x0000000080121818 (0x00000013) addi zero, zero, 0
mem[X,0x000000008012181C] -> 0x0013
mem[X,0x000000008012181E] -> 0x0000
[1168] [M]: 0x000000008012181C (0x00000013) addi zero, zero, 0
mem[X,0x0000000080121820] -> 0x0067
mem[X,0x0000000080121822] -> 0x0006
[1169] [M]: 0x0000000080121820 (0x00060067) jalr zero, a2, 0
mem[X,0x000000008012186C] -> 0x00EF
mem[X,0x000000008012186E] -> 0x00C0
[1170] [M]: 0x000000008012186C (0x00C000EF) jal ra, 12
x1 <- 0x0000000080121870
mem[X,0x0000000080121878] -> 0xC093
mem[X,0x000000008012187A] -> 0x0030
[1171] [M]: 0x0000000080121878 (0x0030C093) xori ra, ra, 3
x1 <- 0x0000000080121873
mem[X,0x000000008012187C] -> 0x0013
mem[X,0x000000008012187E] -> 0x0000
[1172] [M]: 0x000000008012187C (0x00000013) addi zero, zero, 0
mem[X,0x0000000080121880] -> 0x0617
mem[X,0x0000000080121882] -> 0x0000
[1173] [M]: 0x0000000080121880 (0x00000617) auipc a2, 0
x12 <- 0x0000000080121880
mem[X,0x0000000080121884] -> 0x0613
mem[X,0x0000000080121886] -> 0x0246
[1174] [M]: 0x0000000080121884 (0x02460613) addi a2, a2, 36
x12 <- 0x00000000801218A4
mem[X,0x0000000080121888] -> 0x0013
mem[X,0x000000008012188A] -> 0x0000
[1175] [M]: 0x0000000080121888 (0x00000013) addi zero, zero, 0
mem[X,0x000000008012188C] -> 0x0013
mem[X,0x000000008012188E] -> 0x0000
[1176] [M]: 0x000000008012188C (0x00000013) addi zero, zero, 0
mem[X,0x0000000080121890] -> 0x0013
mem[X,0x0000000080121892] -> 0x0000
[1177] [M]: 0x0000000080121890 (0x00000013) addi zero, zero, 0
mem[X,0x0000000080121894] -> 0x0013
mem[X,0x0000000080121896] -> 0x0000
[1178] [M]: 0x0000000080121894 (0x00000013) addi zero, zero, 0
mem[X,0x0000000080121898] -> 0x0013
mem[X,0x000000008012189A] -> 0x0000
[1179] [M]: 0x0000000080121898 (0x00000013) addi zero, zero, 0
mem[X,0x000000008012189C] -> 0x0013
mem[X,0x000000008012189E] -> 0x0000
[1180] [M]: 0x000000008012189C (0x00000013) addi zero, zero, 0
mem[X,0x00000000801218A0] -> 0x0067
mem[X,0x00000000801218A2] -> 0x0006
[1181] [M]: 0x00000000801218A0 (0x00060067) jalr zero, a2, 0
mem[X,0x00000000801218A4] -> 0x0013
mem[X,0x00000000801218A6] -> 0x0000
[1182] [M]: 0x00000000801218A4 (0x00000013) addi zero, zero, 0
mem[X,0x00000000801218A8] -> 0x0013
mem[X,0x00000000801218AA] -> 0x0000
[1183] [M]: 0x00000000801218A8 (0x00000013) addi zero, zero, 0
mem[X,0x00000000801218AC] -> 0x0013
mem[X,0x00000000801218AE] -> 0x0000
[1184] [M]: 0x00000000801218AC (0x00000013) addi zero, zero, 0
mem[X,0x00000000801218B0] -> 0x0013
mem[X,0x00000000801218B2] -> 0x0000
[1185] [M]: 0x00000000801218B0 (0x00000013) addi zero, zero, 0
mem[X,0x00000000801218B4] -> 0x0013
mem[X,0x00000000801218B6] -> 0x0000
[1186] [M]: 0x00000000801218B4 (0x00000013) addi zero, zero, 0
mem[X,0x00000000801218B8] -> 0x0013
mem[X,0x00000000801218BA] -> 0x0000
[1187] [M]: 0x00000000801218B8 (0x00000013) addi zero, zero, 0
mem[X,0x00000000801218BC] -> 0x0013
mem[X,0x00000000801218BE] -> 0x0000
[1188] [M]: 0x00000000801218BC (0x00000013) addi zero, zero, 0
mem[X,0x00000000801218C0] -> 0x0617
mem[X,0x00000000801218C2] -> 0x0000
[1189] [M]: 0x00000000801218C0 (0x00000617) auipc a2, 0
x12 <- 0x00000000801218C0
mem[X,0x00000000801218C4] -> 0x0613
mem[X,0x00000000801218C6] -> 0xF2C6
[1190] [M]: 0x00000000801218C4 (0xF2C60613) addi a2, a2, 3884
x12 <- 0x00000000801217EC
mem[X,0x00000000801218C8] -> 0x0013
mem[X,0x00000000801218CA] -> 0x0000
[1191] [M]: 0x00000000801218C8 (0x00000013) addi zero, zero, 0
mem[X,0x00000000801218CC] -> 0x0013
mem[X,0x00000000801218CE] -> 0x0000
[1192] [M]: 0x00000000801218CC (0x00000013) addi zero, zero, 0
mem[X,0x00000000801218D0] -> 0x0013
mem[X,0x00000000801218D2] -> 0x0000
[1193] [M]: 0x00000000801218D0 (0x00000013) addi zero, zero, 0
mem[X,0x00000000801218D4] -> 0x0013
mem[X,0x00000000801218D6] -> 0x0000
[1194] [M]: 0x00000000801218D4 (0x00000013) addi zero, zero, 0
mem[X,0x00000000801218D8] -> 0x0013
mem[X,0x00000000801218DA] -> 0x0000
[1195] [M]: 0x00000000801218D8 (0x00000013) addi zero, zero, 0
mem[X,0x00000000801218DC] -> 0x0013
mem[X,0x00000000801218DE] -> 0x0000
[1196] [M]: 0x00000000801218DC (0x00000013) addi zero, zero, 0
mem[X,0x00000000801218E0] -> 0x7613
mem[X,0x00000000801218E2] -> 0xFFC6
[1197] [M]: 0x00000000801218E0 (0xFFC67613) andi a2, a2, 4092
x12 <- 0x00000000801217EC
mem[X,0x00000000801218E4] -> 0x80B3
mem[X,0x00000000801218E6] -> 0x40C0
[1198] [M]: 0x00000000801218E4 (0x40C080B3) sub ra, ra, a2
x1 <- 0x0000000000000087
mem[X,0x00000000801218E8] -> 0xB023
mem[X,0x00000000801218EA] -> 0x0A13
[1199] [M]: 0x00000000801218E8 (0x0A13B023) sd ra, 160(t2)
mem[0x00000000801251B8] <- 0x0000000000000087
clint::tick mtime <- 0x000000000000000C
 clint timer pending at mtime 0x000000000000000C
htif::tick 0x0000000000000000
mem[X,0x00000000801218EC] -> 0x0013
mem[X,0x00000000801218EE] -> 0x0000
[1200] [M]: 0x00000000801218EC (0x00000013) addi zero, zero, 0
mem[X,0x00000000801218F0] -> 0x0013
mem[X,0x00000000801218F2] -> 0x0000
[1201] [M]: 0x00000000801218F0 (0x00000013) addi zero, zero, 0
mem[X,0x00000000801218F4] -> 0x0013
mem[X,0x00000000801218F6] -> 0x0000
[1202] [M]: 0x00000000801218F4 (0x00000013) addi zero, zero, 0
mem[X,0x00000000801218F8] -> 0x0013
mem[X,0x00000000801218FA] -> 0x0000
[1203] [M]: 0x00000000801218F8 (0x00000013) addi zero, zero, 0
mem[X,0x00000000801218FC] -> 0x0013
mem[X,0x00000000801218FE] -> 0x0000
[1204] [M]: 0x00000000801218FC (0x00000013) addi zero, zero, 0
mem[X,0x0000000080121900] -> 0x0617
mem[X,0x0000000080121902] -> 0x0000
[1205] [M]: 0x0000000080121900 (0x00000617) auipc a2, 0
x12 <- 0x0000000080121900
mem[X,0x0000000080121904] -> 0x0613
mem[X,0x0000000080121906] -> 0x06C6
[1206] [M]: 0x0000000080121904 (0x06C60613) addi a2, a2, 108
x12 <- 0x000000008012196C
mem[X,0x0000000080121908] -> 0x0013
mem[X,0x000000008012190A] -> 0x0000
[1207] [M]: 0x0000000080121908 (0x00000013) addi zero, zero, 0
mem[X,0x000000008012190C] -> 0x0013
mem[X,0x000000008012190E] -> 0x0000
[1208] [M]: 0x000000008012190C (0x00000013) addi zero, zero, 0
mem[X,0x0000000080121910] -> 0x0013
mem[X,0x0000000080121912] -> 0x0000
[1209] [M]: 0x0000000080121910 (0x00000013) addi zero, zero, 0
mem[X,0x0000000080121914] -> 0x0013
mem[X,0x0000000080121916] -> 0x0000
[1210] [M]: 0x0000000080121914 (0x00000013) addi zero, zero, 0
mem[X,0x0000000080121918] -> 0x0013
mem[X,0x000000008012191A] -> 0x0000
[1211] [M]: 0x0000000080121918 (0x00000013) addi zero, zero, 0
mem[X,0x000000008012191C] -> 0x0013
mem[X,0x000000008012191E] -> 0x0000
[1212] [M]: 0x000000008012191C (0x00000013) addi zero, zero, 0
mem[X,0x0000000080121920] -> 0x0067
mem[X,0x0000000080121922] -> 0x0006
[1213] [M]: 0x0000000080121920 (0x00060067) jalr zero, a2, 0
mem[X,0x000000008012196C] -> 0x05EF
mem[X,0x000000008012196E] -> 0x00C0
[1214] [M]: 0x000000008012196C (0x00C005EF) jal a1, 12
x11 <- 0x0000000080121970
mem[X,0x0000000080121978] -> 0xC593
mem[X,0x000000008012197A] -> 0x0035
[1215] [M]: 0x0000000080121978 (0x0035C593) xori a1, a1, 3
x11 <- 0x0000000080121973
mem[X,0x000000008012197C] -> 0x0013
mem[X,0x000000008012197E] -> 0x0000
[1216] [M]: 0x000000008012197C (0x00000013) addi zero, zero, 0
mem[X,0x0000000080121980] -> 0x0617
mem[X,0x0000000080121982] -> 0x0000
[1217] [M]: 0x0000000080121980 (0x00000617) auipc a2, 0
x12 <- 0x0000000080121980
mem[X,0x0000000080121984] -> 0x0613
mem[X,0x0000000080121986] -> 0x0246
[1218] [M]: 0x0000000080121984 (0x02460613) addi a2, a2, 36
x12 <- 0x00000000801219A4
mem[X,0x0000000080121988] -> 0x0013
mem[X,0x000000008012198A] -> 0x0000
[1219] [M]: 0x0000000080121988 (0x00000013) addi zero, zero, 0
mem[X,0x000000008012198C] -> 0x0013
mem[X,0x000000008012198E] -> 0x0000
[1220] [M]: 0x000000008012198C (0x00000013) addi zero, zero, 0
mem[X,0x0000000080121990] -> 0x0013
mem[X,0x0000000080121992] -> 0x0000
[1221] [M]: 0x0000000080121990 (0x00000013) addi zero, zero, 0
mem[X,0x0000000080121994] -> 0x0013
mem[X,0x0000000080121996] -> 0x0000
[1222] [M]: 0x0000000080121994 (0x00000013) addi zero, zero, 0
mem[X,0x0000000080121998] -> 0x0013
mem[X,0x000000008012199A] -> 0x0000
[1223] [M]: 0x0000000080121998 (0x00000013) addi zero, zero, 0
mem[X,0x000000008012199C] -> 0x0013
mem[X,0x000000008012199E] -> 0x0000
[1224] [M]: 0x000000008012199C (0x00000013) addi zero, zero, 0
mem[X,0x00000000801219A0] -> 0x0067
mem[X,0x00000000801219A2] -> 0x0006
[1225] [M]: 0x00000000801219A0 (0x00060067) jalr zero, a2, 0
mem[X,0x00000000801219A4] -> 0x0013
mem[X,0x00000000801219A6] -> 0x0000
[1226] [M]: 0x00000000801219A4 (0x00000013) addi zero, zero, 0
mem[X,0x00000000801219A8] -> 0x0013
mem[X,0x00000000801219AA] -> 0x0000
[1227] [M]: 0x00000000801219A8 (0x00000013) addi zero, zero, 0
mem[X,0x00000000801219AC] -> 0x0013
mem[X,0x00000000801219AE] -> 0x0000
[1228] [M]: 0x00000000801219AC (0x00000013) addi zero, zero, 0
mem[X,0x00000000801219B0] -> 0x0013
mem[X,0x00000000801219B2] -> 0x0000
[1229] [M]: 0x00000000801219B0 (0x00000013) addi zero, zero, 0
mem[X,0x00000000801219B4] -> 0x0013
mem[X,0x00000000801219B6] -> 0x0000
[1230] [M]: 0x00000000801219B4 (0x00000013) addi zero, zero, 0
mem[X,0x00000000801219B8] -> 0x0013
mem[X,0x00000000801219BA] -> 0x0000
[1231] [M]: 0x00000000801219B8 (0x00000013) addi zero, zero, 0
mem[X,0x00000000801219BC] -> 0x0013
mem[X,0x00000000801219BE] -> 0x0000
[1232] [M]: 0x00000000801219BC (0x00000013) addi zero, zero, 0
mem[X,0x00000000801219C0] -> 0x0617
mem[X,0x00000000801219C2] -> 0x0000
[1233] [M]: 0x00000000801219C0 (0x00000617) auipc a2, 0
x12 <- 0x00000000801219C0
mem[X,0x00000000801219C4] -> 0x0613
mem[X,0x00000000801219C6] -> 0xF2C6
[1234] [M]: 0x00000000801219C4 (0xF2C60613) addi a2, a2, 3884
x12 <- 0x00000000801218EC
mem[X,0x00000000801219C8] -> 0x0013
mem[X,0x00000000801219CA] -> 0x0000
[1235] [M]: 0x00000000801219C8 (0x00000013) addi zero, zero, 0
mem[X,0x00000000801219CC] -> 0x0013
mem[X,0x00000000801219CE] -> 0x0000
[1236] [M]: 0x00000000801219CC (0x00000013) addi zero, zero, 0
mem[X,0x00000000801219D0] -> 0x0013
mem[X,0x00000000801219D2] -> 0x0000
[1237] [M]: 0x00000000801219D0 (0x00000013) addi zero, zero, 0
mem[X,0x00000000801219D4] -> 0x0013
mem[X,0x00000000801219D6] -> 0x0000
[1238] [M]: 0x00000000801219D4 (0x00000013) addi zero, zero, 0
mem[X,0x00000000801219D8] -> 0x0013
mem[X,0x00000000801219DA] -> 0x0000
[1239] [M]: 0x00000000801219D8 (0x00000013) addi zero, zero, 0
mem[X,0x00000000801219DC] -> 0x0013
mem[X,0x00000000801219DE] -> 0x0000
[1240] [M]: 0x00000000801219DC (0x00000013) addi zero, zero, 0
mem[X,0x00000000801219E0] -> 0x7613
mem[X,0x00000000801219E2] -> 0xFFC6
[1241] [M]: 0x00000000801219E0 (0xFFC67613) andi a2, a2, 4092
x12 <- 0x00000000801218EC
mem[X,0x00000000801219E4] -> 0x85B3
mem[X,0x00000000801219E6] -> 0x40C5
[1242] [M]: 0x00000000801219E4 (0x40C585B3) sub a1, a1, a2
x11 <- 0x0000000000000087
mem[X,0x00000000801219E8] -> 0xB423
mem[X,0x00000000801219EA] -> 0x0AB3
[1243] [M]: 0x00000000801219E8 (0x0AB3B423) sd a1, 168(t2)
mem[0x00000000801251C0] <- 0x0000000000000087
mem[X,0x00000000801219EC] -> 0x0013
mem[X,0x00000000801219EE] -> 0x0000
[1244] [M]: 0x00000000801219EC (0x00000013) addi zero, zero, 0
mem[X,0x00000000801219F0] -> 0x0013
mem[X,0x00000000801219F2] -> 0x0000
[1245] [M]: 0x00000000801219F0 (0x00000013) addi zero, zero, 0
mem[X,0x00000000801219F4] -> 0x0013
mem[X,0x00000000801219F6] -> 0x0000
[1246] [M]: 0x00000000801219F4 (0x00000013) addi zero, zero, 0
mem[X,0x00000000801219F8] -> 0x0013
mem[X,0x00000000801219FA] -> 0x0000
[1247] [M]: 0x00000000801219F8 (0x00000013) addi zero, zero, 0
mem[X,0x00000000801219FC] -> 0x0013
mem[X,0x00000000801219FE] -> 0x0000
[1248] [M]: 0x00000000801219FC (0x00000013) addi zero, zero, 0
mem[X,0x0000000080121A00] -> 0x0617
mem[X,0x0000000080121A02] -> 0x0000
[1249] [M]: 0x0000000080121A00 (0x00000617) auipc a2, 0
x12 <- 0x0000000080121A00
mem[X,0x0000000080121A04] -> 0x0613
mem[X,0x0000000080121A06] -> 0x06C6
[1250] [M]: 0x0000000080121A04 (0x06C60613) addi a2, a2, 108
x12 <- 0x0000000080121A6C
mem[X,0x0000000080121A08] -> 0x0013
mem[X,0x0000000080121A0A] -> 0x0000
[1251] [M]: 0x0000000080121A08 (0x00000013) addi zero, zero, 0
mem[X,0x0000000080121A0C] -> 0x0013
mem[X,0x0000000080121A0E] -> 0x0000
[1252] [M]: 0x0000000080121A0C (0x00000013) addi zero, zero, 0
mem[X,0x0000000080121A10] -> 0x0013
mem[X,0x0000000080121A12] -> 0x0000
[1253] [M]: 0x0000000080121A10 (0x00000013) addi zero, zero, 0
mem[X,0x0000000080121A14] -> 0x0013
mem[X,0x0000000080121A16] -> 0x0000
[1254] [M]: 0x0000000080121A14 (0x00000013) addi zero, zero, 0
mem[X,0x0000000080121A18] -> 0x0013
mem[X,0x0000000080121A1A] -> 0x0000
[1255] [M]: 0x0000000080121A18 (0x00000013) addi zero, zero, 0
mem[X,0x0000000080121A1C] -> 0x0013
mem[X,0x0000000080121A1E] -> 0x0000
[1256] [M]: 0x0000000080121A1C (0x00000013) addi zero, zero, 0
mem[X,0x0000000080121A20] -> 0x0067
mem[X,0x0000000080121A22] -> 0x0006
[1257] [M]: 0x0000000080121A20 (0x00060067) jalr zero, a2, 0
mem[X,0x0000000080121A6C] -> 0x046F
mem[X,0x0000000080121A6E] -> 0x00C0
[1258] [M]: 0x0000000080121A6C (0x00C0046F) jal fp, 12
x8 <- 0x0000000080121A70
mem[X,0x0000000080121A78] -> 0x4413
mem[X,0x0000000080121A7A] -> 0x0034
[1259] [M]: 0x0000000080121A78 (0x00344413) xori fp, fp, 3
x8 <- 0x0000000080121A73
mem[X,0x0000000080121A7C] -> 0x0013
mem[X,0x0000000080121A7E] -> 0x0000
[1260] [M]: 0x0000000080121A7C (0x00000013) addi zero, zero, 0
mem[X,0x0000000080121A80] -> 0x0617
mem[X,0x0000000080121A82] -> 0x0000
[1261] [M]: 0x0000000080121A80 (0x00000617) auipc a2, 0
x12 <- 0x0000000080121A80
mem[X,0x0000000080121A84] -> 0x0613
mem[X,0x0000000080121A86] -> 0x0246
[1262] [M]: 0x0000000080121A84 (0x02460613) addi a2, a2, 36
x12 <- 0x0000000080121AA4
mem[X,0x0000000080121A88] -> 0x0013
mem[X,0x0000000080121A8A] -> 0x0000
[1263] [M]: 0x0000000080121A88 (0x00000013) addi zero, zero, 0
mem[X,0x0000000080121A8C] -> 0x0013
mem[X,0x0000000080121A8E] -> 0x0000
[1264] [M]: 0x0000000080121A8C (0x00000013) addi zero, zero, 0
mem[X,0x0000000080121A90] -> 0x0013
mem[X,0x0000000080121A92] -> 0x0000
[1265] [M]: 0x0000000080121A90 (0x00000013) addi zero, zero, 0
mem[X,0x0000000080121A94] -> 0x0013
mem[X,0x0000000080121A96] -> 0x0000
[1266] [M]: 0x0000000080121A94 (0x00000013) addi zero, zero, 0
mem[X,0x0000000080121A98] -> 0x0013
mem[X,0x0000000080121A9A] -> 0x0000
[1267] [M]: 0x0000000080121A98 (0x00000013) addi zero, zero, 0
mem[X,0x0000000080121A9C] -> 0x0013
mem[X,0x0000000080121A9E] -> 0x0000
[1268] [M]: 0x0000000080121A9C (0x00000013) addi zero, zero, 0
mem[X,0x0000000080121AA0] -> 0x0067
mem[X,0x0000000080121AA2] -> 0x0006
[1269] [M]: 0x0000000080121AA0 (0x00060067) jalr zero, a2, 0
mem[X,0x0000000080121AA4] -> 0x0013
mem[X,0x0000000080121AA6] -> 0x0000
[1270] [M]: 0x0000000080121AA4 (0x00000013) addi zero, zero, 0
mem[X,0x0000000080121AA8] -> 0x0013
mem[X,0x0000000080121AAA] -> 0x0000
[1271] [M]: 0x0000000080121AA8 (0x00000013) addi zero, zero, 0
mem[X,0x0000000080121AAC] -> 0x0013
mem[X,0x0000000080121AAE] -> 0x0000
[1272] [M]: 0x0000000080121AAC (0x00000013) addi zero, zero, 0
mem[X,0x0000000080121AB0] -> 0x0013
mem[X,0x0000000080121AB2] -> 0x0000
[1273] [M]: 0x0000000080121AB0 (0x00000013) addi zero, zero, 0
mem[X,0x0000000080121AB4] -> 0x0013
mem[X,0x0000000080121AB6] -> 0x0000
[1274] [M]: 0x0000000080121AB4 (0x00000013) addi zero, zero, 0
mem[X,0x0000000080121AB8] -> 0x0013
mem[X,0x0000000080121ABA] -> 0x0000
[1275] [M]: 0x0000000080121AB8 (0x00000013) addi zero, zero, 0
mem[X,0x0000000080121ABC] -> 0x0013
mem[X,0x0000000080121ABE] -> 0x0000
[1276] [M]: 0x0000000080121ABC (0x00000013) addi zero, zero, 0
mem[X,0x0000000080121AC0] -> 0x0617
mem[X,0x0000000080121AC2] -> 0x0000
[1277] [M]: 0x0000000080121AC0 (0x00000617) auipc a2, 0
x12 <- 0x0000000080121AC0
mem[X,0x0000000080121AC4] -> 0x0613
mem[X,0x0000000080121AC6] -> 0xF2C6
[1278] [M]: 0x0000000080121AC4 (0xF2C60613) addi a2, a2, 3884
x12 <- 0x00000000801219EC
mem[X,0x0000000080121AC8] -> 0x0013
mem[X,0x0000000080121ACA] -> 0x0000
[1279] [M]: 0x0000000080121AC8 (0x00000013) addi zero, zero, 0
mem[X,0x0000000080121ACC] -> 0x0013
mem[X,0x0000000080121ACE] -> 0x0000
[1280] [M]: 0x0000000080121ACC (0x00000013) addi zero, zero, 0
mem[X,0x0000000080121AD0] -> 0x0013
mem[X,0x0000000080121AD2] -> 0x0000
[1281] [M]: 0x0000000080121AD0 (0x00000013) addi zero, zero, 0
mem[X,0x0000000080121AD4] -> 0x0013
mem[X,0x0000000080121AD6] -> 0x0000
[1282] [M]: 0x0000000080121AD4 (0x00000013) addi zero, zero, 0
mem[X,0x0000000080121AD8] -> 0x0013
mem[X,0x0000000080121ADA] -> 0x0000
[1283] [M]: 0x0000000080121AD8 (0x00000013) addi zero, zero, 0
mem[X,0x0000000080121ADC] -> 0x0013
mem[X,0x0000000080121ADE] -> 0x0000
[1284] [M]: 0x0000000080121ADC (0x00000013) addi zero, zero, 0
mem[X,0x0000000080121AE0] -> 0x7613
mem[X,0x0000000080121AE2] -> 0xFFC6
[1285] [M]: 0x0000000080121AE0 (0xFFC67613) andi a2, a2, 4092
x12 <- 0x00000000801219EC
mem[X,0x0000000080121AE4] -> 0x0433
mem[X,0x0000000080121AE6] -> 0x40C4
[1286] [M]: 0x0000000080121AE4 (0x40C40433) sub fp, fp, a2
x8 <- 0x0000000000000087
mem[X,0x0000000080121AE8] -> 0xB823
mem[X,0x0000000080121AEA] -> 0x0A83
[1287] [M]: 0x0000000080121AE8 (0x0A83B823) sd fp, 176(t2)
mem[0x00000000801251C8] <- 0x0000000000000087
mem[X,0x0000000080121AEC] -> 0x0013
mem[X,0x0000000080121AEE] -> 0x0000
[1288] [M]: 0x0000000080121AEC (0x00000013) addi zero, zero, 0
mem[X,0x0000000080121AF0] -> 0x0013
mem[X,0x0000000080121AF2] -> 0x0000
[1289] [M]: 0x0000000080121AF0 (0x00000013) addi zero, zero, 0
mem[X,0x0000000080121AF4] -> 0x0013
mem[X,0x0000000080121AF6] -> 0x0000
[1290] [M]: 0x0000000080121AF4 (0x00000013) addi zero, zero, 0
mem[X,0x0000000080121AF8] -> 0x0013
mem[X,0x0000000080121AFA] -> 0x0000
[1291] [M]: 0x0000000080121AF8 (0x00000013) addi zero, zero, 0
mem[X,0x0000000080121AFC] -> 0x0013
mem[X,0x0000000080121AFE] -> 0x0000
[1292] [M]: 0x0000000080121AFC (0x00000013) addi zero, zero, 0
mem[X,0x0000000080121B00] -> 0x0617
mem[X,0x0000000080121B02] -> 0x0000
[1293] [M]: 0x0000000080121B00 (0x00000617) auipc a2, 0
x12 <- 0x0000000080121B00
mem[X,0x0000000080121B04] -> 0x0613
mem[X,0x0000000080121B06] -> 0x06C6
[1294] [M]: 0x0000000080121B04 (0x06C60613) addi a2, a2, 108
x12 <- 0x0000000080121B6C
mem[X,0x0000000080121B08] -> 0x0013
mem[X,0x0000000080121B0A] -> 0x0000
[1295] [M]: 0x0000000080121B08 (0x00000013) addi zero, zero, 0
mem[X,0x0000000080121B0C] -> 0x0013
mem[X,0x0000000080121B0E] -> 0x0000
[1296] [M]: 0x0000000080121B0C (0x00000013) addi zero, zero, 0
mem[X,0x0000000080121B10] -> 0x0013
mem[X,0x0000000080121B12] -> 0x0000
[1297] [M]: 0x0000000080121B10 (0x00000013) addi zero, zero, 0
mem[X,0x0000000080121B14] -> 0x0013
mem[X,0x0000000080121B16] -> 0x0000
[1298] [M]: 0x0000000080121B14 (0x00000013) addi zero, zero, 0
mem[X,0x0000000080121B18] -> 0x0013
mem[X,0x0000000080121B1A] -> 0x0000
[1299] [M]: 0x0000000080121B18 (0x00000013) addi zero, zero, 0
clint::tick mtime <- 0x000000000000000D
 clint timer pending at mtime 0x000000000000000D
htif::tick 0x0000000000000000
mem[X,0x0000000080121B1C] -> 0x0013
mem[X,0x0000000080121B1E] -> 0x0000
[1300] [M]: 0x0000000080121B1C (0x00000013) addi zero, zero, 0
mem[X,0x0000000080121B20] -> 0x0067
mem[X,0x0000000080121B22] -> 0x0006
[1301] [M]: 0x0000000080121B20 (0x00060067) jalr zero, a2, 0
mem[X,0x0000000080121B6C] -> 0x0EEF
mem[X,0x0000000080121B6E] -> 0x00C0
[1302] [M]: 0x0000000080121B6C (0x00C00EEF) jal t4, 12
x29 <- 0x0000000080121B70
mem[X,0x0000000080121B78] -> 0xCE93
mem[X,0x0000000080121B7A] -> 0x003E
[1303] [M]: 0x0000000080121B78 (0x003ECE93) xori t4, t4, 3
x29 <- 0x0000000080121B73
mem[X,0x0000000080121B7C] -> 0x0013
mem[X,0x0000000080121B7E] -> 0x0000
[1304] [M]: 0x0000000080121B7C (0x00000013) addi zero, zero, 0
mem[X,0x0000000080121B80] -> 0x0617
mem[X,0x0000000080121B82] -> 0x0000
[1305] [M]: 0x0000000080121B80 (0x00000617) auipc a2, 0
x12 <- 0x0000000080121B80
mem[X,0x0000000080121B84] -> 0x0613
mem[X,0x0000000080121B86] -> 0x0246
[1306] [M]: 0x0000000080121B84 (0x02460613) addi a2, a2, 36
x12 <- 0x0000000080121BA4
mem[X,0x0000000080121B88] -> 0x0013
mem[X,0x0000000080121B8A] -> 0x0000
[1307] [M]: 0x0000000080121B88 (0x00000013) addi zero, zero, 0
mem[X,0x0000000080121B8C] -> 0x0013
mem[X,0x0000000080121B8E] -> 0x0000
[1308] [M]: 0x0000000080121B8C (0x00000013) addi zero, zero, 0
mem[X,0x0000000080121B90] -> 0x0013
mem[X,0x0000000080121B92] -> 0x0000
[1309] [M]: 0x0000000080121B90 (0x00000013) addi zero, zero, 0
mem[X,0x0000000080121B94] -> 0x0013
mem[X,0x0000000080121B96] -> 0x0000
[1310] [M]: 0x0000000080121B94 (0x00000013) addi zero, zero, 0
mem[X,0x0000000080121B98] -> 0x0013
mem[X,0x0000000080121B9A] -> 0x0000
[1311] [M]: 0x0000000080121B98 (0x00000013) addi zero, zero, 0
mem[X,0x0000000080121B9C] -> 0x0013
mem[X,0x0000000080121B9E] -> 0x0000
[1312] [M]: 0x0000000080121B9C (0x00000013) addi zero, zero, 0
mem[X,0x0000000080121BA0] -> 0x0067
mem[X,0x0000000080121BA2] -> 0x0006
[1313] [M]: 0x0000000080121BA0 (0x00060067) jalr zero, a2, 0
mem[X,0x0000000080121BA4] -> 0x0013
mem[X,0x0000000080121BA6] -> 0x0000
[1314] [M]: 0x0000000080121BA4 (0x00000013) addi zero, zero, 0
mem[X,0x0000000080121BA8] -> 0x0013
mem[X,0x0000000080121BAA] -> 0x0000
[1315] [M]: 0x0000000080121BA8 (0x00000013) addi zero, zero, 0
mem[X,0x0000000080121BAC] -> 0x0013
mem[X,0x0000000080121BAE] -> 0x0000
[1316] [M]: 0x0000000080121BAC (0x00000013) addi zero, zero, 0
mem[X,0x0000000080121BB0] -> 0x0013
mem[X,0x0000000080121BB2] -> 0x0000
[1317] [M]: 0x0000000080121BB0 (0x00000013) addi zero, zero, 0
mem[X,0x0000000080121BB4] -> 0x0013
mem[X,0x0000000080121BB6] -> 0x0000
[1318] [M]: 0x0000000080121BB4 (0x00000013) addi zero, zero, 0
mem[X,0x0000000080121BB8] -> 0x0013
mem[X,0x0000000080121BBA] -> 0x0000
[1319] [M]: 0x0000000080121BB8 (0x00000013) addi zero, zero, 0
mem[X,0x0000000080121BBC] -> 0x0013
mem[X,0x0000000080121BBE] -> 0x0000
[1320] [M]: 0x0000000080121BBC (0x00000013) addi zero, zero, 0
mem[X,0x0000000080121BC0] -> 0x0617
mem[X,0x0000000080121BC2] -> 0x0000
[1321] [M]: 0x0000000080121BC0 (0x00000617) auipc a2, 0
x12 <- 0x0000000080121BC0
mem[X,0x0000000080121BC4] -> 0x0613
mem[X,0x0000000080121BC6] -> 0xF2C6
[1322] [M]: 0x0000000080121BC4 (0xF2C60613) addi a2, a2, 3884
x12 <- 0x0000000080121AEC
mem[X,0x0000000080121BC8] -> 0x0013
mem[X,0x0000000080121BCA] -> 0x0000
[1323] [M]: 0x0000000080121BC8 (0x00000013) addi zero, zero, 0
mem[X,0x0000000080121BCC] -> 0x0013
mem[X,0x0000000080121BCE] -> 0x0000
[1324] [M]: 0x0000000080121BCC (0x00000013) addi zero, zero, 0
mem[X,0x0000000080121BD0] -> 0x0013
mem[X,0x0000000080121BD2] -> 0x0000
[1325] [M]: 0x0000000080121BD0 (0x00000013) addi zero, zero, 0
mem[X,0x0000000080121BD4] -> 0x0013
mem[X,0x0000000080121BD6] -> 0x0000
[1326] [M]: 0x0000000080121BD4 (0x00000013) addi zero, zero, 0
mem[X,0x0000000080121BD8] -> 0x0013
mem[X,0x0000000080121BDA] -> 0x0000
[1327] [M]: 0x0000000080121BD8 (0x00000013) addi zero, zero, 0
mem[X,0x0000000080121BDC] -> 0x0013
mem[X,0x0000000080121BDE] -> 0x0000
[1328] [M]: 0x0000000080121BDC (0x00000013) addi zero, zero, 0
mem[X,0x0000000080121BE0] -> 0x7613
mem[X,0x0000000080121BE2] -> 0xFFC6
[1329] [M]: 0x0000000080121BE0 (0xFFC67613) andi a2, a2, 4092
x12 <- 0x0000000080121AEC
mem[X,0x0000000080121BE4] -> 0x8EB3
mem[X,0x0000000080121BE6] -> 0x40CE
[1330] [M]: 0x0000000080121BE4 (0x40CE8EB3) sub t4, t4, a2
x29 <- 0x0000000000000087
mem[X,0x0000000080121BE8] -> 0xBC23
mem[X,0x0000000080121BEA] -> 0x0BD3
[1331] [M]: 0x0000000080121BE8 (0x0BD3BC23) sd t4, 184(t2)
mem[0x00000000801251D0] <- 0x0000000000000087
mem[X,0x0000000080121BEC] -> 0x0013
mem[X,0x0000000080121BEE] -> 0x0000
[1332] [M]: 0x0000000080121BEC (0x00000013) addi zero, zero, 0
mem[X,0x0000000080121BF0] -> 0x0013
mem[X,0x0000000080121BF2] -> 0x0000
[1333] [M]: 0x0000000080121BF0 (0x00000013) addi zero, zero, 0
mem[X,0x0000000080121BF4] -> 0x0013
mem[X,0x0000000080121BF6] -> 0x0000
[1334] [M]: 0x0000000080121BF4 (0x00000013) addi zero, zero, 0
mem[X,0x0000000080121BF8] -> 0x0013
mem[X,0x0000000080121BFA] -> 0x0000
[1335] [M]: 0x0000000080121BF8 (0x00000013) addi zero, zero, 0
mem[X,0x0000000080121BFC] -> 0x0013
mem[X,0x0000000080121BFE] -> 0x0000
[1336] [M]: 0x0000000080121BFC (0x00000013) addi zero, zero, 0
mem[X,0x0000000080121C00] -> 0x0617
mem[X,0x0000000080121C02] -> 0x0000
[1337] [M]: 0x0000000080121C00 (0x00000617) auipc a2, 0
x12 <- 0x0000000080121C00
mem[X,0x0000000080121C04] -> 0x0613
mem[X,0x0000000080121C06] -> 0x06C6
[1338] [M]: 0x0000000080121C04 (0x06C60613) addi a2, a2, 108
x12 <- 0x0000000080121C6C
mem[X,0x0000000080121C08] -> 0x0013
mem[X,0x0000000080121C0A] -> 0x0000
[1339] [M]: 0x0000000080121C08 (0x00000013) addi zero, zero, 0
mem[X,0x0000000080121C0C] -> 0x0013
mem[X,0x0000000080121C0E] -> 0x0000
[1340] [M]: 0x0000000080121C0C (0x00000013) addi zero, zero, 0
mem[X,0x0000000080121C10] -> 0x0013
mem[X,0x0000000080121C12] -> 0x0000
[1341] [M]: 0x0000000080121C10 (0x00000013) addi zero, zero, 0
mem[X,0x0000000080121C14] -> 0x0013
mem[X,0x0000000080121C16] -> 0x0000
[1342] [M]: 0x0000000080121C14 (0x00000013) addi zero, zero, 0
mem[X,0x0000000080121C18] -> 0x0013
mem[X,0x0000000080121C1A] -> 0x0000
[1343] [M]: 0x0000000080121C18 (0x00000013) addi zero, zero, 0
mem[X,0x0000000080121C1C] -> 0x0013
mem[X,0x0000000080121C1E] -> 0x0000
[1344] [M]: 0x0000000080121C1C (0x00000013) addi zero, zero, 0
mem[X,0x0000000080121C20] -> 0x0067
mem[X,0x0000000080121C22] -> 0x0006
[1345] [M]: 0x0000000080121C20 (0x00060067) jalr zero, a2, 0
mem[X,0x0000000080121C6C] -> 0x086F
mem[X,0x0000000080121C6E] -> 0x00C0
[1346] [M]: 0x0000000080121C6C (0x00C0086F) jal a6, 12
x16 <- 0x0000000080121C70
mem[X,0x0000000080121C78] -> 0x4813
mem[X,0x0000000080121C7A] -> 0x0038
[1347] [M]: 0x0000000080121C78 (0x00384813) xori a6, a6, 3
x16 <- 0x0000000080121C73
mem[X,0x0000000080121C7C] -> 0x0013
mem[X,0x0000000080121C7E] -> 0x0000
[1348] [M]: 0x0000000080121C7C (0x00000013) addi zero, zero, 0
mem[X,0x0000000080121C80] -> 0x0617
mem[X,0x0000000080121C82] -> 0x0000
[1349] [M]: 0x0000000080121C80 (0x00000617) auipc a2, 0
x12 <- 0x0000000080121C80
mem[X,0x0000000080121C84] -> 0x0613
mem[X,0x0000000080121C86] -> 0x0246
[1350] [M]: 0x0000000080121C84 (0x02460613) addi a2, a2, 36
x12 <- 0x0000000080121CA4
mem[X,0x0000000080121C88] -> 0x0013
mem[X,0x0000000080121C8A] -> 0x0000
[1351] [M]: 0x0000000080121C88 (0x00000013) addi zero, zero, 0
mem[X,0x0000000080121C8C] -> 0x0013
mem[X,0x0000000080121C8E] -> 0x0000
[1352] [M]: 0x0000000080121C8C (0x00000013) addi zero, zero, 0
mem[X,0x0000000080121C90] -> 0x0013
mem[X,0x0000000080121C92] -> 0x0000
[1353] [M]: 0x0000000080121C90 (0x00000013) addi zero, zero, 0
mem[X,0x0000000080121C94] -> 0x0013
mem[X,0x0000000080121C96] -> 0x0000
[1354] [M]: 0x0000000080121C94 (0x00000013) addi zero, zero, 0
mem[X,0x0000000080121C98] -> 0x0013
mem[X,0x0000000080121C9A] -> 0x0000
[1355] [M]: 0x0000000080121C98 (0x00000013) addi zero, zero, 0
mem[X,0x0000000080121C9C] -> 0x0013
mem[X,0x0000000080121C9E] -> 0x0000
[1356] [M]: 0x0000000080121C9C (0x00000013) addi zero, zero, 0
mem[X,0x0000000080121CA0] -> 0x0067
mem[X,0x0000000080121CA2] -> 0x0006
[1357] [M]: 0x0000000080121CA0 (0x00060067) jalr zero, a2, 0
mem[X,0x0000000080121CA4] -> 0x0013
mem[X,0x0000000080121CA6] -> 0x0000
[1358] [M]: 0x0000000080121CA4 (0x00000013) addi zero, zero, 0
mem[X,0x0000000080121CA8] -> 0x0013
mem[X,0x0000000080121CAA] -> 0x0000
[1359] [M]: 0x0000000080121CA8 (0x00000013) addi zero, zero, 0
mem[X,0x0000000080121CAC] -> 0x0013
mem[X,0x0000000080121CAE] -> 0x0000
[1360] [M]: 0x0000000080121CAC (0x00000013) addi zero, zero, 0
mem[X,0x0000000080121CB0] -> 0x0013
mem[X,0x0000000080121CB2] -> 0x0000
[1361] [M]: 0x0000000080121CB0 (0x00000013) addi zero, zero, 0
mem[X,0x0000000080121CB4] -> 0x0013
mem[X,0x0000000080121CB6] -> 0x0000
[1362] [M]: 0x0000000080121CB4 (0x00000013) addi zero, zero, 0
mem[X,0x0000000080121CB8] -> 0x0013
mem[X,0x0000000080121CBA] -> 0x0000
[1363] [M]: 0x0000000080121CB8 (0x00000013) addi zero, zero, 0
mem[X,0x0000000080121CBC] -> 0x0013
mem[X,0x0000000080121CBE] -> 0x0000
[1364] [M]: 0x0000000080121CBC (0x00000013) addi zero, zero, 0
mem[X,0x0000000080121CC0] -> 0x0617
mem[X,0x0000000080121CC2] -> 0x0000
[1365] [M]: 0x0000000080121CC0 (0x00000617) auipc a2, 0
x12 <- 0x0000000080121CC0
mem[X,0x0000000080121CC4] -> 0x0613
mem[X,0x0000000080121CC6] -> 0xF2C6
[1366] [M]: 0x0000000080121CC4 (0xF2C60613) addi a2, a2, 3884
x12 <- 0x0000000080121BEC
mem[X,0x0000000080121CC8] -> 0x0013
mem[X,0x0000000080121CCA] -> 0x0000
[1367] [M]: 0x0000000080121CC8 (0x00000013) addi zero, zero, 0
mem[X,0x0000000080121CCC] -> 0x0013
mem[X,0x0000000080121CCE] -> 0x0000
[1368] [M]: 0x0000000080121CCC (0x00000013) addi zero, zero, 0
mem[X,0x0000000080121CD0] -> 0x0013
mem[X,0x0000000080121CD2] -> 0x0000
[1369] [M]: 0x0000000080121CD0 (0x00000013) addi zero, zero, 0
mem[X,0x0000000080121CD4] -> 0x0013
mem[X,0x0000000080121CD6] -> 0x0000
[1370] [M]: 0x0000000080121CD4 (0x00000013) addi zero, zero, 0
mem[X,0x0000000080121CD8] -> 0x0013
mem[X,0x0000000080121CDA] -> 0x0000
[1371] [M]: 0x0000000080121CD8 (0x00000013) addi zero, zero, 0
mem[X,0x0000000080121CDC] -> 0x0013
mem[X,0x0000000080121CDE] -> 0x0000
[1372] [M]: 0x0000000080121CDC (0x00000013) addi zero, zero, 0
mem[X,0x0000000080121CE0] -> 0x7613
mem[X,0x0000000080121CE2] -> 0xFFC6
[1373] [M]: 0x0000000080121CE0 (0xFFC67613) andi a2, a2, 4092
x12 <- 0x0000000080121BEC
mem[X,0x0000000080121CE4] -> 0x0833
mem[X,0x0000000080121CE6] -> 0x40C8
[1374] [M]: 0x0000000080121CE4 (0x40C80833) sub a6, a6, a2
x16 <- 0x0000000000000087
mem[X,0x0000000080121CE8] -> 0xB023
mem[X,0x0000000080121CEA] -> 0x0D03
[1375] [M]: 0x0000000080121CE8 (0x0D03B023) sd a6, 192(t2)
mem[0x00000000801251D8] <- 0x0000000000000087
mem[X,0x0000000080121CEC] -> 0x0013
mem[X,0x0000000080121CEE] -> 0x0000
[1376] [M]: 0x0000000080121CEC (0x00000013) addi zero, zero, 0
mem[X,0x0000000080121CF0] -> 0x0013
mem[X,0x0000000080121CF2] -> 0x0000
[1377] [M]: 0x0000000080121CF0 (0x00000013) addi zero, zero, 0
mem[X,0x0000000080121CF4] -> 0x0013
mem[X,0x0000000080121CF6] -> 0x0000
[1378] [M]: 0x0000000080121CF4 (0x00000013) addi zero, zero, 0
mem[X,0x0000000080121CF8] -> 0x0013
mem[X,0x0000000080121CFA] -> 0x0000
[1379] [M]: 0x0000000080121CF8 (0x00000013) addi zero, zero, 0
mem[X,0x0000000080121CFC] -> 0x0013
mem[X,0x0000000080121CFE] -> 0x0000
[1380] [M]: 0x0000000080121CFC (0x00000013) addi zero, zero, 0
mem[X,0x0000000080121D00] -> 0x0617
mem[X,0x0000000080121D02] -> 0x0000
[1381] [M]: 0x0000000080121D00 (0x00000617) auipc a2, 0
x12 <- 0x0000000080121D00
mem[X,0x0000000080121D04] -> 0x0613
mem[X,0x0000000080121D06] -> 0x06C6
[1382] [M]: 0x0000000080121D04 (0x06C60613) addi a2, a2, 108
x12 <- 0x0000000080121D6C
mem[X,0x0000000080121D08] -> 0x0013
mem[X,0x0000000080121D0A] -> 0x0000
[1383] [M]: 0x0000000080121D08 (0x00000013) addi zero, zero, 0
mem[X,0x0000000080121D0C] -> 0x0013
mem[X,0x0000000080121D0E] -> 0x0000
[1384] [M]: 0x0000000080121D0C (0x00000013) addi zero, zero, 0
mem[X,0x0000000080121D10] -> 0x0013
mem[X,0x0000000080121D12] -> 0x0000
[1385] [M]: 0x0000000080121D10 (0x00000013) addi zero, zero, 0
mem[X,0x0000000080121D14] -> 0x0013
mem[X,0x0000000080121D16] -> 0x0000
[1386] [M]: 0x0000000080121D14 (0x00000013) addi zero, zero, 0
mem[X,0x0000000080121D18] -> 0x0013
mem[X,0x0000000080121D1A] -> 0x0000
[1387] [M]: 0x0000000080121D18 (0x00000013) addi zero, zero, 0
mem[X,0x0000000080121D1C] -> 0x0013
mem[X,0x0000000080121D1E] -> 0x0000
[1388] [M]: 0x0000000080121D1C (0x00000013) addi zero, zero, 0
mem[X,0x0000000080121D20] -> 0x0067
mem[X,0x0000000080121D22] -> 0x0006
[1389] [M]: 0x0000000080121D20 (0x00060067) jalr zero, a2, 0
mem[X,0x0000000080121D6C] -> 0x08EF
mem[X,0x0000000080121D6E] -> 0x00C0
[1390] [M]: 0x0000000080121D6C (0x00C008EF) jal a7, 12
x17 <- 0x0000000080121D70
mem[X,0x0000000080121D78] -> 0xC893
mem[X,0x0000000080121D7A] -> 0x0038
[1391] [M]: 0x0000000080121D78 (0x0038C893) xori a7, a7, 3
x17 <- 0x0000000080121D73
mem[X,0x0000000080121D7C] -> 0x0013
mem[X,0x0000000080121D7E] -> 0x0000
[1392] [M]: 0x0000000080121D7C (0x00000013) addi zero, zero, 0
mem[X,0x0000000080121D80] -> 0x0617
mem[X,0x0000000080121D82] -> 0x0000
[1393] [M]: 0x0000000080121D80 (0x00000617) auipc a2, 0
x12 <- 0x0000000080121D80
mem[X,0x0000000080121D84] -> 0x0613
mem[X,0x0000000080121D86] -> 0x0246
[1394] [M]: 0x0000000080121D84 (0x02460613) addi a2, a2, 36
x12 <- 0x0000000080121DA4
mem[X,0x0000000080121D88] -> 0x0013
mem[X,0x0000000080121D8A] -> 0x0000
[1395] [M]: 0x0000000080121D88 (0x00000013) addi zero, zero, 0
mem[X,0x0000000080121D8C] -> 0x0013
mem[X,0x0000000080121D8E] -> 0x0000
[1396] [M]: 0x0000000080121D8C (0x00000013) addi zero, zero, 0
mem[X,0x0000000080121D90] -> 0x0013
mem[X,0x0000000080121D92] -> 0x0000
[1397] [M]: 0x0000000080121D90 (0x00000013) addi zero, zero, 0
mem[X,0x0000000080121D94] -> 0x0013
mem[X,0x0000000080121D96] -> 0x0000
[1398] [M]: 0x0000000080121D94 (0x00000013) addi zero, zero, 0
mem[X,0x0000000080121D98] -> 0x0013
mem[X,0x0000000080121D9A] -> 0x0000
[1399] [M]: 0x0000000080121D98 (0x00000013) addi zero, zero, 0
clint::tick mtime <- 0x000000000000000E
 clint timer pending at mtime 0x000000000000000E
htif::tick 0x0000000000000000
mem[X,0x0000000080121D9C] -> 0x0013
mem[X,0x0000000080121D9E] -> 0x0000
[1400] [M]: 0x0000000080121D9C (0x00000013) addi zero, zero, 0
mem[X,0x0000000080121DA0] -> 0x0067
mem[X,0x0000000080121DA2] -> 0x0006
[1401] [M]: 0x0000000080121DA0 (0x00060067) jalr zero, a2, 0
mem[X,0x0000000080121DA4] -> 0x0013
mem[X,0x0000000080121DA6] -> 0x0000
[1402] [M]: 0x0000000080121DA4 (0x00000013) addi zero, zero, 0
mem[X,0x0000000080121DA8] -> 0x0013
mem[X,0x0000000080121DAA] -> 0x0000
[1403] [M]: 0x0000000080121DA8 (0x00000013) addi zero, zero, 0
mem[X,0x0000000080121DAC] -> 0x0013
mem[X,0x0000000080121DAE] -> 0x0000
[1404] [M]: 0x0000000080121DAC (0x00000013) addi zero, zero, 0
mem[X,0x0000000080121DB0] -> 0x0013
mem[X,0x0000000080121DB2] -> 0x0000
[1405] [M]: 0x0000000080121DB0 (0x00000013) addi zero, zero, 0
mem[X,0x0000000080121DB4] -> 0x0013
mem[X,0x0000000080121DB6] -> 0x0000
[1406] [M]: 0x0000000080121DB4 (0x00000013) addi zero, zero, 0
mem[X,0x0000000080121DB8] -> 0x0013
mem[X,0x0000000080121DBA] -> 0x0000
[1407] [M]: 0x0000000080121DB8 (0x00000013) addi zero, zero, 0
mem[X,0x0000000080121DBC] -> 0x0013
mem[X,0x0000000080121DBE] -> 0x0000
[1408] [M]: 0x0000000080121DBC (0x00000013) addi zero, zero, 0
mem[X,0x0000000080121DC0] -> 0x0617
mem[X,0x0000000080121DC2] -> 0x0000
[1409] [M]: 0x0000000080121DC0 (0x00000617) auipc a2, 0
x12 <- 0x0000000080121DC0
mem[X,0x0000000080121DC4] -> 0x0613
mem[X,0x0000000080121DC6] -> 0xF2C6
[1410] [M]: 0x0000000080121DC4 (0xF2C60613) addi a2, a2, 3884
x12 <- 0x0000000080121CEC
mem[X,0x0000000080121DC8] -> 0x0013
mem[X,0x0000000080121DCA] -> 0x0000
[1411] [M]: 0x0000000080121DC8 (0x00000013) addi zero, zero, 0
mem[X,0x0000000080121DCC] -> 0x0013
mem[X,0x0000000080121DCE] -> 0x0000
[1412] [M]: 0x0000000080121DCC (0x00000013) addi zero, zero, 0
mem[X,0x0000000080121DD0] -> 0x0013
mem[X,0x0000000080121DD2] -> 0x0000
[1413] [M]: 0x0000000080121DD0 (0x00000013) addi zero, zero, 0
mem[X,0x0000000080121DD4] -> 0x0013
mem[X,0x0000000080121DD6] -> 0x0000
[1414] [M]: 0x0000000080121DD4 (0x00000013) addi zero, zero, 0
mem[X,0x0000000080121DD8] -> 0x0013
mem[X,0x0000000080121DDA] -> 0x0000
[1415] [M]: 0x0000000080121DD8 (0x00000013) addi zero, zero, 0
mem[X,0x0000000080121DDC] -> 0x0013
mem[X,0x0000000080121DDE] -> 0x0000
[1416] [M]: 0x0000000080121DDC (0x00000013) addi zero, zero, 0
mem[X,0x0000000080121DE0] -> 0x7613
mem[X,0x0000000080121DE2] -> 0xFFC6
[1417] [M]: 0x0000000080121DE0 (0xFFC67613) andi a2, a2, 4092
x12 <- 0x0000000080121CEC
mem[X,0x0000000080121DE4] -> 0x88B3
mem[X,0x0000000080121DE6] -> 0x40C8
[1418] [M]: 0x0000000080121DE4 (0x40C888B3) sub a7, a7, a2
x17 <- 0x0000000000000087
mem[X,0x0000000080121DE8] -> 0xB423
mem[X,0x0000000080121DEA] -> 0x0D13
[1419] [M]: 0x0000000080121DE8 (0x0D13B423) sd a7, 200(t2)
mem[0x00000000801251E0] <- 0x0000000000000087
mem[X,0x0000000080121DEC] -> 0x0013
mem[X,0x0000000080121DEE] -> 0x0000
[1420] [M]: 0x0000000080121DEC (0x00000013) addi zero, zero, 0
mem[X,0x0000000080121DF0] -> 0x0013
mem[X,0x0000000080121DF2] -> 0x0000
[1421] [M]: 0x0000000080121DF0 (0x00000013) addi zero, zero, 0
mem[X,0x0000000080121DF4] -> 0x0013
mem[X,0x0000000080121DF6] -> 0x0000
[1422] [M]: 0x0000000080121DF4 (0x00000013) addi zero, zero, 0
mem[X,0x0000000080121DF8] -> 0x0013
mem[X,0x0000000080121DFA] -> 0x0000
[1423] [M]: 0x0000000080121DF8 (0x00000013) addi zero, zero, 0
mem[X,0x0000000080121DFC] -> 0x0013
mem[X,0x0000000080121DFE] -> 0x0000
[1424] [M]: 0x0000000080121DFC (0x00000013) addi zero, zero, 0
mem[X,0x0000000080121E00] -> 0x0617
mem[X,0x0000000080121E02] -> 0x0000
[1425] [M]: 0x0000000080121E00 (0x00000617) auipc a2, 0
x12 <- 0x0000000080121E00
mem[X,0x0000000080121E04] -> 0x0613
mem[X,0x0000000080121E06] -> 0x06C6
[1426] [M]: 0x0000000080121E04 (0x06C60613) addi a2, a2, 108
x12 <- 0x0000000080121E6C
mem[X,0x0000000080121E08] -> 0x0013
mem[X,0x0000000080121E0A] -> 0x0000
[1427] [M]: 0x0000000080121E08 (0x00000013) addi zero, zero, 0
mem[X,0x0000000080121E0C] -> 0x0013
mem[X,0x0000000080121E0E] -> 0x0000
[1428] [M]: 0x0000000080121E0C (0x00000013) addi zero, zero, 0
mem[X,0x0000000080121E10] -> 0x0013
mem[X,0x0000000080121E12] -> 0x0000
[1429] [M]: 0x0000000080121E10 (0x00000013) addi zero, zero, 0
mem[X,0x0000000080121E14] -> 0x0013
mem[X,0x0000000080121E16] -> 0x0000
[1430] [M]: 0x0000000080121E14 (0x00000013) addi zero, zero, 0
mem[X,0x0000000080121E18] -> 0x0013
mem[X,0x0000000080121E1A] -> 0x0000
[1431] [M]: 0x0000000080121E18 (0x00000013) addi zero, zero, 0
mem[X,0x0000000080121E1C] -> 0x0013
mem[X,0x0000000080121E1E] -> 0x0000
[1432] [M]: 0x0000000080121E1C (0x00000013) addi zero, zero, 0
mem[X,0x0000000080121E20] -> 0x0067
mem[X,0x0000000080121E22] -> 0x0006
[1433] [M]: 0x0000000080121E20 (0x00060067) jalr zero, a2, 0
mem[X,0x0000000080121E6C] -> 0x0A6F
mem[X,0x0000000080121E6E] -> 0x00C0
[1434] [M]: 0x0000000080121E6C (0x00C00A6F) jal s4, 12
x20 <- 0x0000000080121E70
mem[X,0x0000000080121E78] -> 0x4A13
mem[X,0x0000000080121E7A] -> 0x003A
[1435] [M]: 0x0000000080121E78 (0x003A4A13) xori s4, s4, 3
x20 <- 0x0000000080121E73
mem[X,0x0000000080121E7C] -> 0x0013
mem[X,0x0000000080121E7E] -> 0x0000
[1436] [M]: 0x0000000080121E7C (0x00000013) addi zero, zero, 0
mem[X,0x0000000080121E80] -> 0x0617
mem[X,0x0000000080121E82] -> 0x0000
[1437] [M]: 0x0000000080121E80 (0x00000617) auipc a2, 0
x12 <- 0x0000000080121E80
mem[X,0x0000000080121E84] -> 0x0613
mem[X,0x0000000080121E86] -> 0x0246
[1438] [M]: 0x0000000080121E84 (0x02460613) addi a2, a2, 36
x12 <- 0x0000000080121EA4
mem[X,0x0000000080121E88] -> 0x0013
mem[X,0x0000000080121E8A] -> 0x0000
[1439] [M]: 0x0000000080121E88 (0x00000013) addi zero, zero, 0
mem[X,0x0000000080121E8C] -> 0x0013
mem[X,0x0000000080121E8E] -> 0x0000
[1440] [M]: 0x0000000080121E8C (0x00000013) addi zero, zero, 0
mem[X,0x0000000080121E90] -> 0x0013
mem[X,0x0000000080121E92] -> 0x0000
[1441] [M]: 0x0000000080121E90 (0x00000013) addi zero, zero, 0
mem[X,0x0000000080121E94] -> 0x0013
mem[X,0x0000000080121E96] -> 0x0000
[1442] [M]: 0x0000000080121E94 (0x00000013) addi zero, zero, 0
mem[X,0x0000000080121E98] -> 0x0013
mem[X,0x0000000080121E9A] -> 0x0000
[1443] [M]: 0x0000000080121E98 (0x00000013) addi zero, zero, 0
mem[X,0x0000000080121E9C] -> 0x0013
mem[X,0x0000000080121E9E] -> 0x0000
[1444] [M]: 0x0000000080121E9C (0x00000013) addi zero, zero, 0
mem[X,0x0000000080121EA0] -> 0x0067
mem[X,0x0000000080121EA2] -> 0x0006
[1445] [M]: 0x0000000080121EA0 (0x00060067) jalr zero, a2, 0
mem[X,0x0000000080121EA4] -> 0x0013
mem[X,0x0000000080121EA6] -> 0x0000
[1446] [M]: 0x0000000080121EA4 (0x00000013) addi zero, zero, 0
mem[X,0x0000000080121EA8] -> 0x0013
mem[X,0x0000000080121EAA] -> 0x0000
[1447] [M]: 0x0000000080121EA8 (0x00000013) addi zero, zero, 0
mem[X,0x0000000080121EAC] -> 0x0013
mem[X,0x0000000080121EAE] -> 0x0000
[1448] [M]: 0x0000000080121EAC (0x00000013) addi zero, zero, 0
mem[X,0x0000000080121EB0] -> 0x0013
mem[X,0x0000000080121EB2] -> 0x0000
[1449] [M]: 0x0000000080121EB0 (0x00000013) addi zero, zero, 0
mem[X,0x0000000080121EB4] -> 0x0013
mem[X,0x0000000080121EB6] -> 0x0000
[1450] [M]: 0x0000000080121EB4 (0x00000013) addi zero, zero, 0
mem[X,0x0000000080121EB8] -> 0x0013
mem[X,0x0000000080121EBA] -> 0x0000
[1451] [M]: 0x0000000080121EB8 (0x00000013) addi zero, zero, 0
mem[X,0x0000000080121EBC] -> 0x0013
mem[X,0x0000000080121EBE] -> 0x0000
[1452] [M]: 0x0000000080121EBC (0x00000013) addi zero, zero, 0
mem[X,0x0000000080121EC0] -> 0x0617
mem[X,0x0000000080121EC2] -> 0x0000
[1453] [M]: 0x0000000080121EC0 (0x00000617) auipc a2, 0
x12 <- 0x0000000080121EC0
mem[X,0x0000000080121EC4] -> 0x0613
mem[X,0x0000000080121EC6] -> 0xF2C6
[1454] [M]: 0x0000000080121EC4 (0xF2C60613) addi a2, a2, 3884
x12 <- 0x0000000080121DEC
mem[X,0x0000000080121EC8] -> 0x0013
mem[X,0x0000000080121ECA] -> 0x0000
[1455] [M]: 0x0000000080121EC8 (0x00000013) addi zero, zero, 0
mem[X,0x0000000080121ECC] -> 0x0013
mem[X,0x0000000080121ECE] -> 0x0000
[1456] [M]: 0x0000000080121ECC (0x00000013) addi zero, zero, 0
mem[X,0x0000000080121ED0] -> 0x0013
mem[X,0x0000000080121ED2] -> 0x0000
[1457] [M]: 0x0000000080121ED0 (0x00000013) addi zero, zero, 0
mem[X,0x0000000080121ED4] -> 0x0013
mem[X,0x0000000080121ED6] -> 0x0000
[1458] [M]: 0x0000000080121ED4 (0x00000013) addi zero, zero, 0
mem[X,0x0000000080121ED8] -> 0x0013
mem[X,0x0000000080121EDA] -> 0x0000
[1459] [M]: 0x0000000080121ED8 (0x00000013) addi zero, zero, 0
mem[X,0x0000000080121EDC] -> 0x0013
mem[X,0x0000000080121EDE] -> 0x0000
[1460] [M]: 0x0000000080121EDC (0x00000013) addi zero, zero, 0
mem[X,0x0000000080121EE0] -> 0x7613
mem[X,0x0000000080121EE2] -> 0xFFC6
[1461] [M]: 0x0000000080121EE0 (0xFFC67613) andi a2, a2, 4092
x12 <- 0x0000000080121DEC
mem[X,0x0000000080121EE4] -> 0x0A33
mem[X,0x0000000080121EE6] -> 0x40CA
[1462] [M]: 0x0000000080121EE4 (0x40CA0A33) sub s4, s4, a2
x20 <- 0x0000000000000087
mem[X,0x0000000080121EE8] -> 0xB823
mem[X,0x0000000080121EEA] -> 0x0D43
[1463] [M]: 0x0000000080121EE8 (0x0D43B823) sd s4, 208(t2)
mem[0x00000000801251E8] <- 0x0000000000000087
mem[X,0x0000000080121EEC] -> 0x0013
mem[X,0x0000000080121EEE] -> 0x0000
[1464] [M]: 0x0000000080121EEC (0x00000013) addi zero, zero, 0
mem[X,0x0000000080121EF0] -> 0x0013
mem[X,0x0000000080121EF2] -> 0x0000
[1465] [M]: 0x0000000080121EF0 (0x00000013) addi zero, zero, 0
mem[X,0x0000000080121EF4] -> 0x0013
mem[X,0x0000000080121EF6] -> 0x0000
[1466] [M]: 0x0000000080121EF4 (0x00000013) addi zero, zero, 0
mem[X,0x0000000080121EF8] -> 0x0013
mem[X,0x0000000080121EFA] -> 0x0000
[1467] [M]: 0x0000000080121EF8 (0x00000013) addi zero, zero, 0
mem[X,0x0000000080121EFC] -> 0x0013
mem[X,0x0000000080121EFE] -> 0x0000
[1468] [M]: 0x0000000080121EFC (0x00000013) addi zero, zero, 0
mem[X,0x0000000080121F00] -> 0x0617
mem[X,0x0000000080121F02] -> 0x0000
[1469] [M]: 0x0000000080121F00 (0x00000617) auipc a2, 0
x12 <- 0x0000000080121F00
mem[X,0x0000000080121F04] -> 0x0613
mem[X,0x0000000080121F06] -> 0x06C6
[1470] [M]: 0x0000000080121F04 (0x06C60613) addi a2, a2, 108
x12 <- 0x0000000080121F6C
mem[X,0x0000000080121F08] -> 0x0013
mem[X,0x0000000080121F0A] -> 0x0000
[1471] [M]: 0x0000000080121F08 (0x00000013) addi zero, zero, 0
mem[X,0x0000000080121F0C] -> 0x0013
mem[X,0x0000000080121F0E] -> 0x0000
[1472] [M]: 0x0000000080121F0C (0x00000013) addi zero, zero, 0
mem[X,0x0000000080121F10] -> 0x0013
mem[X,0x0000000080121F12] -> 0x0000
[1473] [M]: 0x0000000080121F10 (0x00000013) addi zero, zero, 0
mem[X,0x0000000080121F14] -> 0x0013
mem[X,0x0000000080121F16] -> 0x0000
[1474] [M]: 0x0000000080121F14 (0x00000013) addi zero, zero, 0
mem[X,0x0000000080121F18] -> 0x0013
mem[X,0x0000000080121F1A] -> 0x0000
[1475] [M]: 0x0000000080121F18 (0x00000013) addi zero, zero, 0
mem[X,0x0000000080121F1C] -> 0x0013
mem[X,0x0000000080121F1E] -> 0x0000
[1476] [M]: 0x0000000080121F1C (0x00000013) addi zero, zero, 0
mem[X,0x0000000080121F20] -> 0x0067
mem[X,0x0000000080121F22] -> 0x0006
[1477] [M]: 0x0000000080121F20 (0x00060067) jalr zero, a2, 0
mem[X,0x0000000080121F6C] -> 0x0CEF
mem[X,0x0000000080121F6E] -> 0x00C0
[1478] [M]: 0x0000000080121F6C (0x00C00CEF) jal s9, 12
x25 <- 0x0000000080121F70
mem[X,0x0000000080121F78] -> 0xCC93
mem[X,0x0000000080121F7A] -> 0x003C
[1479] [M]: 0x0000000080121F78 (0x003CCC93) xori s9, s9, 3
x25 <- 0x0000000080121F73
mem[X,0x0000000080121F7C] -> 0x0013
mem[X,0x0000000080121F7E] -> 0x0000
[1480] [M]: 0x0000000080121F7C (0x00000013) addi zero, zero, 0
mem[X,0x0000000080121F80] -> 0x0617
mem[X,0x0000000080121F82] -> 0x0000
[1481] [M]: 0x0000000080121F80 (0x00000617) auipc a2, 0
x12 <- 0x0000000080121F80
mem[X,0x0000000080121F84] -> 0x0613
mem[X,0x0000000080121F86] -> 0x0246
[1482] [M]: 0x0000000080121F84 (0x02460613) addi a2, a2, 36
x12 <- 0x0000000080121FA4
mem[X,0x0000000080121F88] -> 0x0013
mem[X,0x0000000080121F8A] -> 0x0000
[1483] [M]: 0x0000000080121F88 (0x00000013) addi zero, zero, 0
mem[X,0x0000000080121F8C] -> 0x0013
mem[X,0x0000000080121F8E] -> 0x0000
[1484] [M]: 0x0000000080121F8C (0x00000013) addi zero, zero, 0
mem[X,0x0000000080121F90] -> 0x0013
mem[X,0x0000000080121F92] -> 0x0000
[1485] [M]: 0x0000000080121F90 (0x00000013) addi zero, zero, 0
mem[X,0x0000000080121F94] -> 0x0013
mem[X,0x0000000080121F96] -> 0x0000
[1486] [M]: 0x0000000080121F94 (0x00000013) addi zero, zero, 0
mem[X,0x0000000080121F98] -> 0x0013
mem[X,0x0000000080121F9A] -> 0x0000
[1487] [M]: 0x0000000080121F98 (0x00000013) addi zero, zero, 0
mem[X,0x0000000080121F9C] -> 0x0013
mem[X,0x0000000080121F9E] -> 0x0000
[1488] [M]: 0x0000000080121F9C (0x00000013) addi zero, zero, 0
mem[X,0x0000000080121FA0] -> 0x0067
mem[X,0x0000000080121FA2] -> 0x0006
[1489] [M]: 0x0000000080121FA0 (0x00060067) jalr zero, a2, 0
mem[X,0x0000000080121FA4] -> 0x0013
mem[X,0x0000000080121FA6] -> 0x0000
[1490] [M]: 0x0000000080121FA4 (0x00000013) addi zero, zero, 0
mem[X,0x0000000080121FA8] -> 0x0013
mem[X,0x0000000080121FAA] -> 0x0000
[1491] [M]: 0x0000000080121FA8 (0x00000013) addi zero, zero, 0
mem[X,0x0000000080121FAC] -> 0x0013
mem[X,0x0000000080121FAE] -> 0x0000
[1492] [M]: 0x0000000080121FAC (0x00000013) addi zero, zero, 0
mem[X,0x0000000080121FB0] -> 0x0013
mem[X,0x0000000080121FB2] -> 0x0000
[1493] [M]: 0x0000000080121FB0 (0x00000013) addi zero, zero, 0
mem[X,0x0000000080121FB4] -> 0x0013
mem[X,0x0000000080121FB6] -> 0x0000
[1494] [M]: 0x0000000080121FB4 (0x00000013) addi zero, zero, 0
mem[X,0x0000000080121FB8] -> 0x0013
mem[X,0x0000000080121FBA] -> 0x0000
[1495] [M]: 0x0000000080121FB8 (0x00000013) addi zero, zero, 0
mem[X,0x0000000080121FBC] -> 0x0013
mem[X,0x0000000080121FBE] -> 0x0000
[1496] [M]: 0x0000000080121FBC (0x00000013) addi zero, zero, 0
mem[X,0x0000000080121FC0] -> 0x0617
mem[X,0x0000000080121FC2] -> 0x0000
[1497] [M]: 0x0000000080121FC0 (0x00000617) auipc a2, 0
x12 <- 0x0000000080121FC0
mem[X,0x0000000080121FC4] -> 0x0613
mem[X,0x0000000080121FC6] -> 0xF2C6
[1498] [M]: 0x0000000080121FC4 (0xF2C60613) addi a2, a2, 3884
x12 <- 0x0000000080121EEC
mem[X,0x0000000080121FC8] -> 0x0013
mem[X,0x0000000080121FCA] -> 0x0000
[1499] [M]: 0x0000000080121FC8 (0x00000013) addi zero, zero, 0
clint::tick mtime <- 0x000000000000000F
 clint timer pending at mtime 0x000000000000000F
htif::tick 0x0000000000000000
mem[X,0x0000000080121FCC] -> 0x0013
mem[X,0x0000000080121FCE] -> 0x0000
[1500] [M]: 0x0000000080121FCC (0x00000013) addi zero, zero, 0
mem[X,0x0000000080121FD0] -> 0x0013
mem[X,0x0000000080121FD2] -> 0x0000
[1501] [M]: 0x0000000080121FD0 (0x00000013) addi zero, zero, 0
mem[X,0x0000000080121FD4] -> 0x0013
mem[X,0x0000000080121FD6] -> 0x0000
[1502] [M]: 0x0000000080121FD4 (0x00000013) addi zero, zero, 0
mem[X,0x0000000080121FD8] -> 0x0013
mem[X,0x0000000080121FDA] -> 0x0000
[1503] [M]: 0x0000000080121FD8 (0x00000013) addi zero, zero, 0
mem[X,0x0000000080121FDC] -> 0x0013
mem[X,0x0000000080121FDE] -> 0x0000
[1504] [M]: 0x0000000080121FDC (0x00000013) addi zero, zero, 0
mem[X,0x0000000080121FE0] -> 0x7613
mem[X,0x0000000080121FE2] -> 0xFFC6
[1505] [M]: 0x0000000080121FE0 (0xFFC67613) andi a2, a2, 4092
x12 <- 0x0000000080121EEC
mem[X,0x0000000080121FE4] -> 0x8CB3
mem[X,0x0000000080121FE6] -> 0x40CC
[1506] [M]: 0x0000000080121FE4 (0x40CC8CB3) sub s9, s9, a2
x25 <- 0x0000000000000087
mem[X,0x0000000080121FE8] -> 0xBC23
mem[X,0x0000000080121FEA] -> 0x0D93
[1507] [M]: 0x0000000080121FE8 (0x0D93BC23) sd s9, 216(t2)
mem[0x00000000801251F0] <- 0x0000000000000087
mem[X,0x0000000080121FEC] -> 0x0013
mem[X,0x0000000080121FEE] -> 0x0000
[1508] [M]: 0x0000000080121FEC (0x00000013) addi zero, zero, 0
mem[X,0x0000000080121FF0] -> 0x0013
mem[X,0x0000000080121FF2] -> 0x0000
[1509] [M]: 0x0000000080121FF0 (0x00000013) addi zero, zero, 0
mem[X,0x0000000080121FF4] -> 0x0013
mem[X,0x0000000080121FF6] -> 0x0000
[1510] [M]: 0x0000000080121FF4 (0x00000013) addi zero, zero, 0
mem[X,0x0000000080121FF8] -> 0x0013
mem[X,0x0000000080121FFA] -> 0x0000
[1511] [M]: 0x0000000080121FF8 (0x00000013) addi zero, zero, 0
mem[X,0x0000000080121FFC] -> 0x0013
mem[X,0x0000000080121FFE] -> 0x0000
[1512] [M]: 0x0000000080121FFC (0x00000013) addi zero, zero, 0
mem[X,0x0000000080122000] -> 0x0117
mem[X,0x0000000080122002] -> 0x0000
[1513] [M]: 0x0000000080122000 (0x00000117) auipc sp, 0
x2 <- 0x0000000080122000
mem[X,0x0000000080122004] -> 0x0113
mem[X,0x0000000080122006] -> 0x06C1
[1514] [M]: 0x0000000080122004 (0x06C10113) addi sp, sp, 108
x2 <- 0x000000008012206C
mem[X,0x0000000080122008] -> 0x0013
mem[X,0x000000008012200A] -> 0x0000
[1515] [M]: 0x0000000080122008 (0x00000013) addi zero, zero, 0
mem[X,0x000000008012200C] -> 0x0013
mem[X,0x000000008012200E] -> 0x0000
[1516] [M]: 0x000000008012200C (0x00000013) addi zero, zero, 0
mem[X,0x0000000080122010] -> 0x0013
mem[X,0x0000000080122012] -> 0x0000
[1517] [M]: 0x0000000080122010 (0x00000013) addi zero, zero, 0
mem[X,0x0000000080122014] -> 0x0013
mem[X,0x0000000080122016] -> 0x0000
[1518] [M]: 0x0000000080122014 (0x00000013) addi zero, zero, 0
mem[X,0x0000000080122018] -> 0x0013
mem[X,0x000000008012201A] -> 0x0000
[1519] [M]: 0x0000000080122018 (0x00000013) addi zero, zero, 0
mem[X,0x000000008012201C] -> 0x0013
mem[X,0x000000008012201E] -> 0x0000
[1520] [M]: 0x000000008012201C (0x00000013) addi zero, zero, 0
mem[X,0x0000000080122020] -> 0x0067
mem[X,0x0000000080122022] -> 0x0001
[1521] [M]: 0x0000000080122020 (0x00010067) jalr zero, sp, 0
mem[X,0x000000008012206C] -> 0x066F
mem[X,0x000000008012206E] -> 0x00C0
[1522] [M]: 0x000000008012206C (0x00C0066F) jal a2, 12
x12 <- 0x0000000080122070
mem[X,0x0000000080122078] -> 0x4613
mem[X,0x000000008012207A] -> 0x0036
[1523] [M]: 0x0000000080122078 (0x00364613) xori a2, a2, 3
x12 <- 0x0000000080122073
mem[X,0x000000008012207C] -> 0x0013
mem[X,0x000000008012207E] -> 0x0000
[1524] [M]: 0x000000008012207C (0x00000013) addi zero, zero, 0
mem[X,0x0000000080122080] -> 0x0117
mem[X,0x0000000080122082] -> 0x0000
[1525] [M]: 0x0000000080122080 (0x00000117) auipc sp, 0
x2 <- 0x0000000080122080
mem[X,0x0000000080122084] -> 0x0113
mem[X,0x0000000080122086] -> 0x0241
[1526] [M]: 0x0000000080122084 (0x02410113) addi sp, sp, 36
x2 <- 0x00000000801220A4
mem[X,0x0000000080122088] -> 0x0013
mem[X,0x000000008012208A] -> 0x0000
[1527] [M]: 0x0000000080122088 (0x00000013) addi zero, zero, 0
mem[X,0x000000008012208C] -> 0x0013
mem[X,0x000000008012208E] -> 0x0000
[1528] [M]: 0x000000008012208C (0x00000013) addi zero, zero, 0
mem[X,0x0000000080122090] -> 0x0013
mem[X,0x0000000080122092] -> 0x0000
[1529] [M]: 0x0000000080122090 (0x00000013) addi zero, zero, 0
mem[X,0x0000000080122094] -> 0x0013
mem[X,0x0000000080122096] -> 0x0000
[1530] [M]: 0x0000000080122094 (0x00000013) addi zero, zero, 0
mem[X,0x0000000080122098] -> 0x0013
mem[X,0x000000008012209A] -> 0x0000
[1531] [M]: 0x0000000080122098 (0x00000013) addi zero, zero, 0
mem[X,0x000000008012209C] -> 0x0013
mem[X,0x000000008012209E] -> 0x0000
[1532] [M]: 0x000000008012209C (0x00000013) addi zero, zero, 0
mem[X,0x00000000801220A0] -> 0x0067
mem[X,0x00000000801220A2] -> 0x0001
[1533] [M]: 0x00000000801220A0 (0x00010067) jalr zero, sp, 0
mem[X,0x00000000801220A4] -> 0x0013
mem[X,0x00000000801220A6] -> 0x0000
[1534] [M]: 0x00000000801220A4 (0x00000013) addi zero, zero, 0
mem[X,0x00000000801220A8] -> 0x0013
mem[X,0x00000000801220AA] -> 0x0000
[1535] [M]: 0x00000000801220A8 (0x00000013) addi zero, zero, 0
mem[X,0x00000000801220AC] -> 0x0013
mem[X,0x00000000801220AE] -> 0x0000
[1536] [M]: 0x00000000801220AC (0x00000013) addi zero, zero, 0
mem[X,0x00000000801220B0] -> 0x0013
mem[X,0x00000000801220B2] -> 0x0000
[1537] [M]: 0x00000000801220B0 (0x00000013) addi zero, zero, 0
mem[X,0x00000000801220B4] -> 0x0013
mem[X,0x00000000801220B6] -> 0x0000
[1538] [M]: 0x00000000801220B4 (0x00000013) addi zero, zero, 0
mem[X,0x00000000801220B8] -> 0x0013
mem[X,0x00000000801220BA] -> 0x0000
[1539] [M]: 0x00000000801220B8 (0x00000013) addi zero, zero, 0
mem[X,0x00000000801220BC] -> 0x0013
mem[X,0x00000000801220BE] -> 0x0000
[1540] [M]: 0x00000000801220BC (0x00000013) addi zero, zero, 0
mem[X,0x00000000801220C0] -> 0x0117
mem[X,0x00000000801220C2] -> 0x0000
[1541] [M]: 0x00000000801220C0 (0x00000117) auipc sp, 0
x2 <- 0x00000000801220C0
mem[X,0x00000000801220C4] -> 0x0113
mem[X,0x00000000801220C6] -> 0xF2C1
[1542] [M]: 0x00000000801220C4 (0xF2C10113) addi sp, sp, 3884
x2 <- 0x0000000080121FEC
mem[X,0x00000000801220C8] -> 0x0013
mem[X,0x00000000801220CA] -> 0x0000
[1543] [M]: 0x00000000801220C8 (0x00000013) addi zero, zero, 0
mem[X,0x00000000801220CC] -> 0x0013
mem[X,0x00000000801220CE] -> 0x0000
[1544] [M]: 0x00000000801220CC (0x00000013) addi zero, zero, 0
mem[X,0x00000000801220D0] -> 0x0013
mem[X,0x00000000801220D2] -> 0x0000
[1545] [M]: 0x00000000801220D0 (0x00000013) addi zero, zero, 0
mem[X,0x00000000801220D4] -> 0x0013
mem[X,0x00000000801220D6] -> 0x0000
[1546] [M]: 0x00000000801220D4 (0x00000013) addi zero, zero, 0
mem[X,0x00000000801220D8] -> 0x0013
mem[X,0x00000000801220DA] -> 0x0000
[1547] [M]: 0x00000000801220D8 (0x00000013) addi zero, zero, 0
mem[X,0x00000000801220DC] -> 0x0013
mem[X,0x00000000801220DE] -> 0x0000
[1548] [M]: 0x00000000801220DC (0x00000013) addi zero, zero, 0
mem[X,0x00000000801220E0] -> 0x7113
mem[X,0x00000000801220E2] -> 0xFFC1
[1549] [M]: 0x00000000801220E0 (0xFFC17113) andi sp, sp, 4092
x2 <- 0x0000000080121FEC
mem[X,0x00000000801220E4] -> 0x0633
mem[X,0x00000000801220E6] -> 0x4026
[1550] [M]: 0x00000000801220E4 (0x40260633) sub a2, a2, sp
x12 <- 0x0000000000000087
mem[X,0x00000000801220E8] -> 0xB023
mem[X,0x00000000801220EA] -> 0x0EC3
[1551] [M]: 0x00000000801220E8 (0x0EC3B023) sd a2, 224(t2)
mem[0x00000000801251F8] <- 0x0000000000000087
mem[X,0x00000000801220EC] -> 0x0013
mem[X,0x00000000801220EE] -> 0x0000
[1552] [M]: 0x00000000801220EC (0x00000013) addi zero, zero, 0
mem[X,0x00000000801220F0] -> 0x0013
mem[X,0x00000000801220F2] -> 0x0000
[1553] [M]: 0x00000000801220F0 (0x00000013) addi zero, zero, 0
mem[X,0x00000000801220F4] -> 0x0013
mem[X,0x00000000801220F6] -> 0x0000
[1554] [M]: 0x00000000801220F4 (0x00000013) addi zero, zero, 0
mem[X,0x00000000801220F8] -> 0x0013
mem[X,0x00000000801220FA] -> 0x0000
[1555] [M]: 0x00000000801220F8 (0x00000013) addi zero, zero, 0
mem[X,0x00000000801220FC] -> 0x0013
mem[X,0x00000000801220FE] -> 0x0000
[1556] [M]: 0x00000000801220FC (0x00000013) addi zero, zero, 0
mem[X,0x0000000080122100] -> 0x3097
mem[X,0x0000000080122102] -> 0x0000
[1557] [M]: 0x0000000080122100 (0x00003097) auipc ra, 3
x1 <- 0x0000000080125100
mem[X,0x0000000080122104] -> 0x8093
mem[X,0x0000000080122106] -> 0x1000
[1558] [M]: 0x0000000080122104 (0x10008093) addi ra, ra, 256
x1 <- 0x0000000080125200
mem[X,0x0000000080122108] -> 0x0013
mem[X,0x000000008012210A] -> 0x0000
[1559] [M]: 0x0000000080122108 (0x00000013) addi zero, zero, 0
mem[X,0x000000008012210C] -> 0x0013
mem[X,0x000000008012210E] -> 0x0000
[1560] [M]: 0x000000008012210C (0x00000013) addi zero, zero, 0
mem[X,0x0000000080122110] -> 0x0013
mem[X,0x0000000080122112] -> 0x0000
[1561] [M]: 0x0000000080122110 (0x00000013) addi zero, zero, 0
mem[X,0x0000000080122114] -> 0x0013
mem[X,0x0000000080122116] -> 0x0000
[1562] [M]: 0x0000000080122114 (0x00000013) addi zero, zero, 0
mem[X,0x0000000080122118] -> 0x0013
mem[X,0x000000008012211A] -> 0x0000
[1563] [M]: 0x0000000080122118 (0x00000013) addi zero, zero, 0
mem[X,0x000000008012211C] -> 0x0013
mem[X,0x000000008012211E] -> 0x0000
[1564] [M]: 0x000000008012211C (0x00000013) addi zero, zero, 0
mem[X,0x0000000080122120] -> 0x0117
mem[X,0x0000000080122122] -> 0x0000
[1565] [M]: 0x0000000080122120 (0x00000117) auipc sp, 0
x2 <- 0x0000000080122120
mem[X,0x0000000080122124] -> 0x0113
mem[X,0x0000000080122126] -> 0x06C1
[1566] [M]: 0x0000000080122124 (0x06C10113) addi sp, sp, 108
x2 <- 0x000000008012218C
mem[X,0x0000000080122128] -> 0x0013
mem[X,0x000000008012212A] -> 0x0000
[1567] [M]: 0x0000000080122128 (0x00000013) addi zero, zero, 0
mem[X,0x000000008012212C] -> 0x0013
mem[X,0x000000008012212E] -> 0x0000
[1568] [M]: 0x000000008012212C (0x00000013) addi zero, zero, 0
mem[X,0x0000000080122130] -> 0x0013
mem[X,0x0000000080122132] -> 0x0000
[1569] [M]: 0x0000000080122130 (0x00000013) addi zero, zero, 0
mem[X,0x0000000080122134] -> 0x0013
mem[X,0x0000000080122136] -> 0x0000
[1570] [M]: 0x0000000080122134 (0x00000013) addi zero, zero, 0
mem[X,0x0000000080122138] -> 0x0013
mem[X,0x000000008012213A] -> 0x0000
[1571] [M]: 0x0000000080122138 (0x00000013) addi zero, zero, 0
mem[X,0x000000008012213C] -> 0x0013
mem[X,0x000000008012213E] -> 0x0000
[1572] [M]: 0x000000008012213C (0x00000013) addi zero, zero, 0
mem[X,0x0000000080122140] -> 0x0067
mem[X,0x0000000080122142] -> 0x0001
[1573] [M]: 0x0000000080122140 (0x00010067) jalr zero, sp, 0
mem[X,0x000000008012218C] -> 0x03EF
mem[X,0x000000008012218E] -> 0x00C0
[1574] [M]: 0x000000008012218C (0x00C003EF) jal t2, 12
x7 <- 0x0000000080122190
mem[X,0x0000000080122198] -> 0xC393
mem[X,0x000000008012219A] -> 0x0033
[1575] [M]: 0x0000000080122198 (0x0033C393) xori t2, t2, 3
x7 <- 0x0000000080122193
mem[X,0x000000008012219C] -> 0x0013
mem[X,0x000000008012219E] -> 0x0000
[1576] [M]: 0x000000008012219C (0x00000013) addi zero, zero, 0
mem[X,0x00000000801221A0] -> 0x0117
mem[X,0x00000000801221A2] -> 0x0000
[1577] [M]: 0x00000000801221A0 (0x00000117) auipc sp, 0
x2 <- 0x00000000801221A0
mem[X,0x00000000801221A4] -> 0x0113
mem[X,0x00000000801221A6] -> 0x0241
[1578] [M]: 0x00000000801221A4 (0x02410113) addi sp, sp, 36
x2 <- 0x00000000801221C4
mem[X,0x00000000801221A8] -> 0x0013
mem[X,0x00000000801221AA] -> 0x0000
[1579] [M]: 0x00000000801221A8 (0x00000013) addi zero, zero, 0
mem[X,0x00000000801221AC] -> 0x0013
mem[X,0x00000000801221AE] -> 0x0000
[1580] [M]: 0x00000000801221AC (0x00000013) addi zero, zero, 0
mem[X,0x00000000801221B0] -> 0x0013
mem[X,0x00000000801221B2] -> 0x0000
[1581] [M]: 0x00000000801221B0 (0x00000013) addi zero, zero, 0
mem[X,0x00000000801221B4] -> 0x0013
mem[X,0x00000000801221B6] -> 0x0000
[1582] [M]: 0x00000000801221B4 (0x00000013) addi zero, zero, 0
mem[X,0x00000000801221B8] -> 0x0013
mem[X,0x00000000801221BA] -> 0x0000
[1583] [M]: 0x00000000801221B8 (0x00000013) addi zero, zero, 0
mem[X,0x00000000801221BC] -> 0x0013
mem[X,0x00000000801221BE] -> 0x0000
[1584] [M]: 0x00000000801221BC (0x00000013) addi zero, zero, 0
mem[X,0x00000000801221C0] -> 0x0067
mem[X,0x00000000801221C2] -> 0x0001
[1585] [M]: 0x00000000801221C0 (0x00010067) jalr zero, sp, 0
mem[X,0x00000000801221C4] -> 0x0013
mem[X,0x00000000801221C6] -> 0x0000
[1586] [M]: 0x00000000801221C4 (0x00000013) addi zero, zero, 0
mem[X,0x00000000801221C8] -> 0x0013
mem[X,0x00000000801221CA] -> 0x0000
[1587] [M]: 0x00000000801221C8 (0x00000013) addi zero, zero, 0
mem[X,0x00000000801221CC] -> 0x0013
mem[X,0x00000000801221CE] -> 0x0000
[1588] [M]: 0x00000000801221CC (0x00000013) addi zero, zero, 0
mem[X,0x00000000801221D0] -> 0x0013
mem[X,0x00000000801221D2] -> 0x0000
[1589] [M]: 0x00000000801221D0 (0x00000013) addi zero, zero, 0
mem[X,0x00000000801221D4] -> 0x0013
mem[X,0x00000000801221D6] -> 0x0000
[1590] [M]: 0x00000000801221D4 (0x00000013) addi zero, zero, 0
mem[X,0x00000000801221D8] -> 0x0013
mem[X,0x00000000801221DA] -> 0x0000
[1591] [M]: 0x00000000801221D8 (0x00000013) addi zero, zero, 0
mem[X,0x00000000801221DC] -> 0x0013
mem[X,0x00000000801221DE] -> 0x0000
[1592] [M]: 0x00000000801221DC (0x00000013) addi zero, zero, 0
mem[X,0x00000000801221E0] -> 0x0117
mem[X,0x00000000801221E2] -> 0x0000
[1593] [M]: 0x00000000801221E0 (0x00000117) auipc sp, 0
x2 <- 0x00000000801221E0
mem[X,0x00000000801221E4] -> 0x0113
mem[X,0x00000000801221E6] -> 0xF401
[1594] [M]: 0x00000000801221E4 (0xF4010113) addi sp, sp, 3904
x2 <- 0x0000000080122120
mem[X,0x00000000801221E8] -> 0x0013
mem[X,0x00000000801221EA] -> 0x0000
[1595] [M]: 0x00000000801221E8 (0x00000013) addi zero, zero, 0
mem[X,0x00000000801221EC] -> 0x0013
mem[X,0x00000000801221EE] -> 0x0000
[1596] [M]: 0x00000000801221EC (0x00000013) addi zero, zero, 0
mem[X,0x00000000801221F0] -> 0x0013
mem[X,0x00000000801221F2] -> 0x0000
[1597] [M]: 0x00000000801221F0 (0x00000013) addi zero, zero, 0
mem[X,0x00000000801221F4] -> 0x0013
mem[X,0x00000000801221F6] -> 0x0000
[1598] [M]: 0x00000000801221F4 (0x00000013) addi zero, zero, 0
mem[X,0x00000000801221F8] -> 0x0013
mem[X,0x00000000801221FA] -> 0x0000
[1599] [M]: 0x00000000801221F8 (0x00000013) addi zero, zero, 0
clint::tick mtime <- 0x0000000000000010
 clint timer pending at mtime 0x0000000000000010
htif::tick 0x0000000000000000
mem[X,0x00000000801221FC] -> 0x0013
mem[X,0x00000000801221FE] -> 0x0000
[1600] [M]: 0x00000000801221FC (0x00000013) addi zero, zero, 0
mem[X,0x0000000080122200] -> 0x7113
mem[X,0x0000000080122202] -> 0xFFC1
[1601] [M]: 0x0000000080122200 (0xFFC17113) andi sp, sp, 4092
x2 <- 0x0000000080122120
mem[X,0x0000000080122204] -> 0x83B3
mem[X,0x0000000080122206] -> 0x4023
[1602] [M]: 0x0000000080122204 (0x402383B3) sub t2, t2, sp
x7 <- 0x0000000000000073
mem[X,0x0000000080122208] -> 0xB023
mem[X,0x000000008012220A] -> 0x0070
[1603] [M]: 0x0000000080122208 (0x0070B023) sd t2, 0(ra)
mem[0x0000000080125200] <- 0x0000000000000073
mem[X,0x000000008012220C] -> 0x0013
mem[X,0x000000008012220E] -> 0x0000
[1604] [M]: 0x000000008012220C (0x00000013) addi zero, zero, 0
mem[X,0x0000000080122210] -> 0x0013
mem[X,0x0000000080122212] -> 0x0000
[1605] [M]: 0x0000000080122210 (0x00000013) addi zero, zero, 0
mem[X,0x0000000080122214] -> 0x0013
mem[X,0x0000000080122216] -> 0x0000
[1606] [M]: 0x0000000080122214 (0x00000013) addi zero, zero, 0
mem[X,0x0000000080122218] -> 0x0013
mem[X,0x000000008012221A] -> 0x0000
[1607] [M]: 0x0000000080122218 (0x00000013) addi zero, zero, 0
mem[X,0x000000008012221C] -> 0x0013
mem[X,0x000000008012221E] -> 0x0000
[1608] [M]: 0x000000008012221C (0x00000013) addi zero, zero, 0
mem[X,0x0000000080122220] -> 0x0117
mem[X,0x0000000080122222] -> 0x0000
[1609] [M]: 0x0000000080122220 (0x00000117) auipc sp, 0
x2 <- 0x0000000080122220
mem[X,0x0000000080122224] -> 0x0113
mem[X,0x0000000080122226] -> 0x06C1
[1610] [M]: 0x0000000080122224 (0x06C10113) addi sp, sp, 108
x2 <- 0x000000008012228C
mem[X,0x0000000080122228] -> 0x0013
mem[X,0x000000008012222A] -> 0x0000
[1611] [M]: 0x0000000080122228 (0x00000013) addi zero, zero, 0
mem[X,0x000000008012222C] -> 0x0013
mem[X,0x000000008012222E] -> 0x0000
[1612] [M]: 0x000000008012222C (0x00000013) addi zero, zero, 0
mem[X,0x0000000080122230] -> 0x0013
mem[X,0x0000000080122232] -> 0x0000
[1613] [M]: 0x0000000080122230 (0x00000013) addi zero, zero, 0
mem[X,0x0000000080122234] -> 0x0013
mem[X,0x0000000080122236] -> 0x0000
[1614] [M]: 0x0000000080122234 (0x00000013) addi zero, zero, 0
mem[X,0x0000000080122238] -> 0x0013
mem[X,0x000000008012223A] -> 0x0000
[1615] [M]: 0x0000000080122238 (0x00000013) addi zero, zero, 0
mem[X,0x000000008012223C] -> 0x0013
mem[X,0x000000008012223E] -> 0x0000
[1616] [M]: 0x000000008012223C (0x00000013) addi zero, zero, 0
mem[X,0x0000000080122240] -> 0x0067
mem[X,0x0000000080122242] -> 0x0001
[1617] [M]: 0x0000000080122240 (0x00010067) jalr zero, sp, 0
mem[X,0x000000008012228C] -> 0x0E6F
mem[X,0x000000008012228E] -> 0x00C0
[1618] [M]: 0x000000008012228C (0x00C00E6F) jal t3, 12
x28 <- 0x0000000080122290
mem[X,0x0000000080122298] -> 0x4E13
mem[X,0x000000008012229A] -> 0x003E
[1619] [M]: 0x0000000080122298 (0x003E4E13) xori t3, t3, 3
x28 <- 0x0000000080122293
mem[X,0x000000008012229C] -> 0x0013
mem[X,0x000000008012229E] -> 0x0000
[1620] [M]: 0x000000008012229C (0x00000013) addi zero, zero, 0
mem[X,0x00000000801222A0] -> 0x0117
mem[X,0x00000000801222A2] -> 0x0000
[1621] [M]: 0x00000000801222A0 (0x00000117) auipc sp, 0
x2 <- 0x00000000801222A0
mem[X,0x00000000801222A4] -> 0x0113
mem[X,0x00000000801222A6] -> 0x0241
[1622] [M]: 0x00000000801222A4 (0x02410113) addi sp, sp, 36
x2 <- 0x00000000801222C4
mem[X,0x00000000801222A8] -> 0x0013
mem[X,0x00000000801222AA] -> 0x0000
[1623] [M]: 0x00000000801222A8 (0x00000013) addi zero, zero, 0
mem[X,0x00000000801222AC] -> 0x0013
mem[X,0x00000000801222AE] -> 0x0000
[1624] [M]: 0x00000000801222AC (0x00000013) addi zero, zero, 0
mem[X,0x00000000801222B0] -> 0x0013
mem[X,0x00000000801222B2] -> 0x0000
[1625] [M]: 0x00000000801222B0 (0x00000013) addi zero, zero, 0
mem[X,0x00000000801222B4] -> 0x0013
mem[X,0x00000000801222B6] -> 0x0000
[1626] [M]: 0x00000000801222B4 (0x00000013) addi zero, zero, 0
mem[X,0x00000000801222B8] -> 0x0013
mem[X,0x00000000801222BA] -> 0x0000
[1627] [M]: 0x00000000801222B8 (0x00000013) addi zero, zero, 0
mem[X,0x00000000801222BC] -> 0x0013
mem[X,0x00000000801222BE] -> 0x0000
[1628] [M]: 0x00000000801222BC (0x00000013) addi zero, zero, 0
mem[X,0x00000000801222C0] -> 0x0067
mem[X,0x00000000801222C2] -> 0x0001
[1629] [M]: 0x00000000801222C0 (0x00010067) jalr zero, sp, 0
mem[X,0x00000000801222C4] -> 0x0013
mem[X,0x00000000801222C6] -> 0x0000
[1630] [M]: 0x00000000801222C4 (0x00000013) addi zero, zero, 0
mem[X,0x00000000801222C8] -> 0x0013
mem[X,0x00000000801222CA] -> 0x0000
[1631] [M]: 0x00000000801222C8 (0x00000013) addi zero, zero, 0
mem[X,0x00000000801222CC] -> 0x0013
mem[X,0x00000000801222CE] -> 0x0000
[1632] [M]: 0x00000000801222CC (0x00000013) addi zero, zero, 0
mem[X,0x00000000801222D0] -> 0x0013
mem[X,0x00000000801222D2] -> 0x0000
[1633] [M]: 0x00000000801222D0 (0x00000013) addi zero, zero, 0
mem[X,0x00000000801222D4] -> 0x0013
mem[X,0x00000000801222D6] -> 0x0000
[1634] [M]: 0x00000000801222D4 (0x00000013) addi zero, zero, 0
mem[X,0x00000000801222D8] -> 0x0013
mem[X,0x00000000801222DA] -> 0x0000
[1635] [M]: 0x00000000801222D8 (0x00000013) addi zero, zero, 0
mem[X,0x00000000801222DC] -> 0x0013
mem[X,0x00000000801222DE] -> 0x0000
[1636] [M]: 0x00000000801222DC (0x00000013) addi zero, zero, 0
mem[X,0x00000000801222E0] -> 0x0117
mem[X,0x00000000801222E2] -> 0x0000
[1637] [M]: 0x00000000801222E0 (0x00000117) auipc sp, 0
x2 <- 0x00000000801222E0
mem[X,0x00000000801222E4] -> 0x0113
mem[X,0x00000000801222E6] -> 0xF2C1
[1638] [M]: 0x00000000801222E4 (0xF2C10113) addi sp, sp, 3884
x2 <- 0x000000008012220C
mem[X,0x00000000801222E8] -> 0x0013
mem[X,0x00000000801222EA] -> 0x0000
[1639] [M]: 0x00000000801222E8 (0x00000013) addi zero, zero, 0
mem[X,0x00000000801222EC] -> 0x0013
mem[X,0x00000000801222EE] -> 0x0000
[1640] [M]: 0x00000000801222EC (0x00000013) addi zero, zero, 0
mem[X,0x00000000801222F0] -> 0x0013
mem[X,0x00000000801222F2] -> 0x0000
[1641] [M]: 0x00000000801222F0 (0x00000013) addi zero, zero, 0
mem[X,0x00000000801222F4] -> 0x0013
mem[X,0x00000000801222F6] -> 0x0000
[1642] [M]: 0x00000000801222F4 (0x00000013) addi zero, zero, 0
mem[X,0x00000000801222F8] -> 0x0013
mem[X,0x00000000801222FA] -> 0x0000
[1643] [M]: 0x00000000801222F8 (0x00000013) addi zero, zero, 0
mem[X,0x00000000801222FC] -> 0x0013
mem[X,0x00000000801222FE] -> 0x0000
[1644] [M]: 0x00000000801222FC (0x00000013) addi zero, zero, 0
mem[X,0x0000000080122300] -> 0x7113
mem[X,0x0000000080122302] -> 0xFFC1
[1645] [M]: 0x0000000080122300 (0xFFC17113) andi sp, sp, 4092
x2 <- 0x000000008012220C
mem[X,0x0000000080122304] -> 0x0E33
mem[X,0x0000000080122306] -> 0x402E
[1646] [M]: 0x0000000080122304 (0x402E0E33) sub t3, t3, sp
x28 <- 0x0000000000000087
mem[X,0x0000000080122308] -> 0xB423
mem[X,0x000000008012230A] -> 0x01C0
[1647] [M]: 0x0000000080122308 (0x01C0B423) sd t3, 8(ra)
mem[0x0000000080125208] <- 0x0000000000000087
mem[X,0x000000008012230C] -> 0x0013
mem[X,0x000000008012230E] -> 0x0000
[1648] [M]: 0x000000008012230C (0x00000013) addi zero, zero, 0
mem[X,0x0000000080122310] -> 0x0013
mem[X,0x0000000080122312] -> 0x0000
[1649] [M]: 0x0000000080122310 (0x00000013) addi zero, zero, 0
mem[X,0x0000000080122314] -> 0x0013
mem[X,0x0000000080122316] -> 0x0000
[1650] [M]: 0x0000000080122314 (0x00000013) addi zero, zero, 0
mem[X,0x0000000080122318] -> 0x0013
mem[X,0x000000008012231A] -> 0x0000
[1651] [M]: 0x0000000080122318 (0x00000013) addi zero, zero, 0
mem[X,0x000000008012231C] -> 0x0013
mem[X,0x000000008012231E] -> 0x0000
[1652] [M]: 0x000000008012231C (0x00000013) addi zero, zero, 0
mem[X,0x0000000080122320] -> 0x0117
mem[X,0x0000000080122322] -> 0x0000
[1653] [M]: 0x0000000080122320 (0x00000117) auipc sp, 0
x2 <- 0x0000000080122320
mem[X,0x0000000080122324] -> 0x0113
mem[X,0x0000000080122326] -> 0x06C1
[1654] [M]: 0x0000000080122324 (0x06C10113) addi sp, sp, 108
x2 <- 0x000000008012238C
mem[X,0x0000000080122328] -> 0x0013
mem[X,0x000000008012232A] -> 0x0000
[1655] [M]: 0x0000000080122328 (0x00000013) addi zero, zero, 0
mem[X,0x000000008012232C] -> 0x0013
mem[X,0x000000008012232E] -> 0x0000
[1656] [M]: 0x000000008012232C (0x00000013) addi zero, zero, 0
mem[X,0x0000000080122330] -> 0x0013
mem[X,0x0000000080122332] -> 0x0000
[1657] [M]: 0x0000000080122330 (0x00000013) addi zero, zero, 0
mem[X,0x0000000080122334] -> 0x0013
mem[X,0x0000000080122336] -> 0x0000
[1658] [M]: 0x0000000080122334 (0x00000013) addi zero, zero, 0
mem[X,0x0000000080122338] -> 0x0013
mem[X,0x000000008012233A] -> 0x0000
[1659] [M]: 0x0000000080122338 (0x00000013) addi zero, zero, 0
mem[X,0x000000008012233C] -> 0x0013
mem[X,0x000000008012233E] -> 0x0000
[1660] [M]: 0x000000008012233C (0x00000013) addi zero, zero, 0
mem[X,0x0000000080122340] -> 0x0067
mem[X,0x0000000080122342] -> 0x0001
[1661] [M]: 0x0000000080122340 (0x00010067) jalr zero, sp, 0
mem[X,0x000000008012238C] -> 0x09EF
mem[X,0x000000008012238E] -> 0x00C0
[1662] [M]: 0x000000008012238C (0x00C009EF) jal s3, 12
x19 <- 0x0000000080122390
mem[X,0x0000000080122398] -> 0xC993
mem[X,0x000000008012239A] -> 0x0039
[1663] [M]: 0x0000000080122398 (0x0039C993) xori s3, s3, 3
x19 <- 0x0000000080122393
mem[X,0x000000008012239C] -> 0x0013
mem[X,0x000000008012239E] -> 0x0000
[1664] [M]: 0x000000008012239C (0x00000013) addi zero, zero, 0
mem[X,0x00000000801223A0] -> 0x0117
mem[X,0x00000000801223A2] -> 0x0000
[1665] [M]: 0x00000000801223A0 (0x00000117) auipc sp, 0
x2 <- 0x00000000801223A0
mem[X,0x00000000801223A4] -> 0x0113
mem[X,0x00000000801223A6] -> 0x0241
[1666] [M]: 0x00000000801223A4 (0x02410113) addi sp, sp, 36
x2 <- 0x00000000801223C4
mem[X,0x00000000801223A8] -> 0x0013
mem[X,0x00000000801223AA] -> 0x0000
[1667] [M]: 0x00000000801223A8 (0x00000013) addi zero, zero, 0
mem[X,0x00000000801223AC] -> 0x0013
mem[X,0x00000000801223AE] -> 0x0000
[1668] [M]: 0x00000000801223AC (0x00000013) addi zero, zero, 0
mem[X,0x00000000801223B0] -> 0x0013
mem[X,0x00000000801223B2] -> 0x0000
[1669] [M]: 0x00000000801223B0 (0x00000013) addi zero, zero, 0
mem[X,0x00000000801223B4] -> 0x0013
mem[X,0x00000000801223B6] -> 0x0000
[1670] [M]: 0x00000000801223B4 (0x00000013) addi zero, zero, 0
mem[X,0x00000000801223B8] -> 0x0013
mem[X,0x00000000801223BA] -> 0x0000
[1671] [M]: 0x00000000801223B8 (0x00000013) addi zero, zero, 0
mem[X,0x00000000801223BC] -> 0x0013
mem[X,0x00000000801223BE] -> 0x0000
[1672] [M]: 0x00000000801223BC (0x00000013) addi zero, zero, 0
mem[X,0x00000000801223C0] -> 0x0067
mem[X,0x00000000801223C2] -> 0x0001
[1673] [M]: 0x00000000801223C0 (0x00010067) jalr zero, sp, 0
mem[X,0x00000000801223C4] -> 0x0013
mem[X,0x00000000801223C6] -> 0x0000
[1674] [M]: 0x00000000801223C4 (0x00000013) addi zero, zero, 0
mem[X,0x00000000801223C8] -> 0x0013
mem[X,0x00000000801223CA] -> 0x0000
[1675] [M]: 0x00000000801223C8 (0x00000013) addi zero, zero, 0
mem[X,0x00000000801223CC] -> 0x0013
mem[X,0x00000000801223CE] -> 0x0000
[1676] [M]: 0x00000000801223CC (0x00000013) addi zero, zero, 0
mem[X,0x00000000801223D0] -> 0x0013
mem[X,0x00000000801223D2] -> 0x0000
[1677] [M]: 0x00000000801223D0 (0x00000013) addi zero, zero, 0
mem[X,0x00000000801223D4] -> 0x0013
mem[X,0x00000000801223D6] -> 0x0000
[1678] [M]: 0x00000000801223D4 (0x00000013) addi zero, zero, 0
mem[X,0x00000000801223D8] -> 0x0013
mem[X,0x00000000801223DA] -> 0x0000
[1679] [M]: 0x00000000801223D8 (0x00000013) addi zero, zero, 0
mem[X,0x00000000801223DC] -> 0x0013
mem[X,0x00000000801223DE] -> 0x0000
[1680] [M]: 0x00000000801223DC (0x00000013) addi zero, zero, 0
mem[X,0x00000000801223E0] -> 0x0117
mem[X,0x00000000801223E2] -> 0x0000
[1681] [M]: 0x00000000801223E0 (0x00000117) auipc sp, 0
x2 <- 0x00000000801223E0
mem[X,0x00000000801223E4] -> 0x0113
mem[X,0x00000000801223E6] -> 0xF2C1
[1682] [M]: 0x00000000801223E4 (0xF2C10113) addi sp, sp, 3884
x2 <- 0x000000008012230C
mem[X,0x00000000801223E8] -> 0x0013
mem[X,0x00000000801223EA] -> 0x0000
[1683] [M]: 0x00000000801223E8 (0x00000013) addi zero, zero, 0
mem[X,0x00000000801223EC] -> 0x0013
mem[X,0x00000000801223EE] -> 0x0000
[1684] [M]: 0x00000000801223EC (0x00000013) addi zero, zero, 0
mem[X,0x00000000801223F0] -> 0x0013
mem[X,0x00000000801223F2] -> 0x0000
[1685] [M]: 0x00000000801223F0 (0x00000013) addi zero, zero, 0
mem[X,0x00000000801223F4] -> 0x0013
mem[X,0x00000000801223F6] -> 0x0000
[1686] [M]: 0x00000000801223F4 (0x00000013) addi zero, zero, 0
mem[X,0x00000000801223F8] -> 0x0013
mem[X,0x00000000801223FA] -> 0x0000
[1687] [M]: 0x00000000801223F8 (0x00000013) addi zero, zero, 0
mem[X,0x00000000801223FC] -> 0x0013
mem[X,0x00000000801223FE] -> 0x0000
[1688] [M]: 0x00000000801223FC (0x00000013) addi zero, zero, 0
mem[X,0x0000000080122400] -> 0x7113
mem[X,0x0000000080122402] -> 0xFFC1
[1689] [M]: 0x0000000080122400 (0xFFC17113) andi sp, sp, 4092
x2 <- 0x000000008012230C
mem[X,0x0000000080122404] -> 0x89B3
mem[X,0x0000000080122406] -> 0x4029
[1690] [M]: 0x0000000080122404 (0x402989B3) sub s3, s3, sp
x19 <- 0x0000000000000087
mem[X,0x0000000080122408] -> 0xB823
mem[X,0x000000008012240A] -> 0x0130
[1691] [M]: 0x0000000080122408 (0x0130B823) sd s3, 16(ra)
mem[0x0000000080125210] <- 0x0000000000000087
mem[X,0x000000008012240C] -> 0x006F
mem[X,0x000000008012240E] -> 0x0380
[1692] [M]: 0x000000008012240C (0x0380006F) jal zero, 56
mem[X,0x0000000080122444] -> 0x0093
mem[X,0x0000000080122446] -> 0x0010
[1693] [M]: 0x0000000080122444 (0x00100093) addi ra, zero, 1
x1 <- 0x0000000000000001
mem[X,0x0000000080122448] -> 0x1F17
mem[X,0x000000008012244A] -> 0x0000
[1694] [M]: 0x0000000080122448 (0x00001F17) auipc t5, 1
x30 <- 0x0000000080123448
mem[X,0x000000008012244C] -> 0x2C23
mem[X,0x000000008012244E] -> 0xBA1F
[1695] [M]: 0x000000008012244C (0xBA1F2C23) sw ra, 3000(t5)
htif[0x0000000080123000] <- 0x00000001
mem[X,0x0000000080122450] -> 0xF06F
mem[X,0x0000000080122452] -> 0xFF9F
[1696] [M]: 0x0000000080122450 (0xFF9FF06F) jal zero, 2097144
mem[X,0x0000000080122448] -> 0x1F17
mem[X,0x000000008012244A] -> 0x0000
[1697] [M]: 0x0000000080122448 (0x00001F17) auipc t5, 1
x30 <- 0x0000000080123448
mem[X,0x000000008012244C] -> 0x2C23
mem[X,0x000000008012244E] -> 0xBA1F
[1698] [M]: 0x000000008012244C (0xBA1F2C23) sw ra, 3000(t5)
htif[0x0000000080123000] <- 0x00000001
mem[X,0x0000000080122450] -> 0xF06F
mem[X,0x0000000080122452] -> 0xFF9F
[1699] [M]: 0x0000000080122450 (0xFF9FF06F) jal zero, 2097144
clint::tick mtime <- 0x0000000000000011
 clint timer pending at mtime 0x0000000000000011
htif::tick 0x0000000000000001
mem[X,0x0000000080122448] -> 0x1F17
mem[X,0x000000008012244A] -> 0x0000
[1700] [M]: 0x0000000080122448 (0x00001F17) auipc t5, 1
x30 <- 0x0000000080123448
mem[X,0x000000008012244C] -> 0x2C23
mem[X,0x000000008012244E] -> 0xBA1F
[1701] [M]: 0x000000008012244C (0xBA1F2C23) sw ra, 3000(t5)
htif[0x0000000080123000] <- 0x00000001
htif-syscall-proxy cmd: 0x000000000001
SUCCESS
